core   0: 0x00001000 (0x00000297) auipc   t0, 0x0
core   0: 3 0x00001000 (0x00000297) x 5 0x00001000
core   0: 0x00001004 (0x02028593) addi    a1, t0, 32
core   0: 3 0x00001004 (0x02028593) x11 0x00001020
core   0: 0x00001008 (0xf1402573) csrr    a0, mhartid
core   0: 3 0x00001008 (0xf1402573) x10 0x00000000
core   0: 0x0000100c (0x0182a283) lw      t0, 24(t0)
core   0: 3 0x0000100c (0x0182a283) x 5 0x80000000 mem 0x00001018
core   0: 0x00001010 (0x00028067) jr      t0
core   0: 3 0x00001010 (0x00028067)
core   0: 0x80000000 (0xf14022f3) csrr    t0, mhartid
core   0: 3 0x80000000 (0xf14022f3) x 5 0x00000000
core   0: 0x80000004 (0x00000313) li      t1, 0
core   0: 3 0x80000004 (0x00000313) x 6 0x00000000
core   0: 0x80000008 (0x00628263) beq     t0, t1, pc + 4
core   0: 3 0x80000008 (0x00628263)
core   0: 0x8000000c (0x00000817) auipc   a6, 0x0
core   0: 3 0x8000000c (0x00000817) x16 0x8000000c
core   0: 0x80000010 (0x00c80813) addi    a6, a6, 12
core   0: 3 0x80000010 (0x00c80813) x16 0x80000018
core   0: 0x80000014 (0x00080067) jr      a6
core   0: 3 0x80000014 (0x00080067)
core   0: 0x80000018 (0x40000b37) lui     s6, 0x40000
core   0: 3 0x80000018 (0x40000b37) x22 0x40000000
core   0: 0x8000001c (0x100b0b13) addi    s6, s6, 256
core   0: 3 0x8000001c (0x100b0b13) x22 0x40000100
core   0: 0x80000020 (0x301b1073) csrw    misa, s6
core   0: 3 0x80000020 (0x301b1073) c769_misa 0x40140100
core   0: 0x80000024 (0x0002d897) auipc   a7, 0x2d
core   0: 3 0x80000024 (0x0002d897) x17 0x8002d024
core   0: 0x80000028 (0xcc088893) addi    a7, a7, -832
core   0: 3 0x80000028 (0xcc088893) x17 0x8002cce4
core   0: 0x8000002c (0x00012b17) auipc   s6, 0x12
core   0: 3 0x8000002c (0x00012b17) x22 0x8001202c
core   0: 0x80000030 (0xbb4b0b13) addi    s6, s6, -1100
core   0: 3 0x80000030 (0xbb4b0b13) x22 0x80011be0
core   0: 0x80000034 (0x001b6b13) ori     s6, s6, 1
core   0: 3 0x80000034 (0x001b6b13) x22 0x80011be1
core   0: 0x80000038 (0x305b1073) csrw    mtvec, s6
core   0: 3 0x80000038 (0x305b1073) c773_mtvec 0x80011be1
core   0: 0x8000003c (0x00000b17) auipc   s6, 0x0
core   0: 3 0x8000003c (0x00000b17) x22 0x8000003c
core   0: 0x80000040 (0x028b0b13) addi    s6, s6, 40
core   0: 3 0x80000040 (0x028b0b13) x22 0x80000064
core   0: 0x80000044 (0x341b1073) csrw    mepc, s6
core   0: 3 0x80000044 (0x341b1073) c833_mepc 0x80000064
core   0: 0x80000048 (0x00000013) nop
core   0: 3 0x80000048 (0x00000013)
core   0: 0x8000004c (0x00002b37) lui     s6, 0x2
core   0: 3 0x8000004c (0x00002b37) x22 0x00002000
core   0: 0x80000050 (0x800b0b13) addi    s6, s6, -2048
core   0: 3 0x80000050 (0x800b0b13) x22 0x00001800
core   0: 0x80000054 (0x300b1073) csrw    mstatus, s6
core   0: 3 0x80000054 (0x300b1073) c768_mstatus 0x00001800
core   0: 0x80000058 (0x00000b13) li      s6, 0
core   0: 3 0x80000058 (0x00000b13) x22 0x00000000
core   0: 0x8000005c (0x304b1073) csrw    mie, s6
core   0: 3 0x8000005c (0x304b1073) c772_mie 0x00000000
core   0: 0x80000060 (0x30200073) mret
core   0: 3 0x80000060 (0x30200073) c768_mstatus 0x00000080
core   0: >>>>  init
core   0: 0x80000064 (0xfd0cc037) lui     zero, 0xfd0cc
core   0: 3 0x80000064 (0xfd0cc037)
core   0: 0x80000068 (0xada00013) li      zero, -1318
core   0: 3 0x80000068 (0xada00013)
core   0: 0x8000006c (0xfabe90b7) lui     ra, 0xfabe9
core   0: 3 0x8000006c (0xfabe90b7) x 1 0xfabe9000
core   0: 0x80000070 (0x97508093) addi    ra, ra, -1675
core   0: 3 0x80000070 (0x97508093) x 1 0xfabe8975
core   0: 0x80000074 (0x80000137) lui     sp, 0x80000
core   0: 3 0x80000074 (0x80000137) x 2 0x80000000
core   0: 0x80000078 (0x00000193) li      gp, 0
core   0: 3 0x80000078 (0x00000193) x 3 0x00000000
core   0: 0x8000007c (0x80000237) lui     tp, 0x80000
core   0: 3 0x8000007c (0x80000237) x 4 0x80000000
core   0: 0x80000080 (0x00200293) li      t0, 2
core   0: 3 0x80000080 (0x00200293) x 5 0x00000002
core   0: 0x80000084 (0x80000337) lui     t1, 0x80000
core   0: 3 0x80000084 (0x80000337) x 6 0x80000000
core   0: 0x80000088 (0x00b00393) li      t2, 11
core   0: 3 0x80000088 (0x00b00393) x 7 0x0000000b
core   0: 0x8000008c (0x80000437) lui     s0, 0x80000
core   0: 3 0x8000008c (0x80000437) x 8 0x80000000
core   0: 0x80000090 (0x800004b7) lui     s1, 0x80000
core   0: 3 0x80000090 (0x800004b7) x 9 0x80000000
core   0: 0x80000094 (0x80000537) lui     a0, 0x80000
core   0: 3 0x80000094 (0x80000537) x10 0x80000000
core   0: 0x80000098 (0x4f2ef5b7) lui     a1, 0x4f2ef
core   0: 3 0x80000098 (0x4f2ef5b7) x11 0x4f2ef000
core   0: 0x8000009c (0x3ae58593) addi    a1, a1, 942
core   0: 3 0x8000009c (0x3ae58593) x11 0x4f2ef3ae
core   0: 0x800000a0 (0x80000637) lui     a2, 0x80000
core   0: 3 0x800000a0 (0x80000637) x12 0x80000000
core   0: 0x800000a4 (0x00200693) li      a3, 2
core   0: 3 0x800000a4 (0x00200693) x13 0x00000002
core   0: 0x800000a8 (0xf441f737) lui     a4, 0xf441f
core   0: 3 0x800000a8 (0xf441f737) x14 0xf441f000
core   0: 0x800000ac (0xc6870713) addi    a4, a4, -920
core   0: 3 0x800000ac (0xc6870713) x14 0xf441ec68
core   0: 0x800000b0 (0x80000837) lui     a6, 0x80000
core   0: 3 0x800000b0 (0x80000837) x16 0x80000000
core   0: 0x800000b4 (0x017db937) lui     s2, 0x17db
core   0: 3 0x800000b4 (0x017db937) x18 0x017db000
core   0: 0x800000b8 (0x11290913) addi    s2, s2, 274
core   0: 3 0x800000b8 (0x11290913) x18 0x017db112
core   0: 0x800000bc (0x800009b7) lui     s3, 0x80000
core   0: 3 0x800000bc (0x800009b7) x19 0x80000000
core   0: 0x800000c0 (0x80000a37) lui     s4, 0x80000
core   0: 3 0x800000c0 (0x80000a37) x20 0x80000000
core   0: 0x800000c4 (0xa5069ab7) lui     s5, 0xa5069
core   0: 3 0x800000c4 (0xa5069ab7) x21 0xa5069000
core   0: 0x800000c8 (0x25aa8a93) addi    s5, s5, 602
core   0: 3 0x800000c8 (0x25aa8a93) x21 0xa506925a
core   0: 0x800000cc (0x80000b37) lui     s6, 0x80000
core   0: 3 0x800000cc (0x80000b37) x22 0x80000000
core   0: 0x800000d0 (0xfc1c4bb7) lui     s7, 0xfc1c4
core   0: 3 0x800000d0 (0xfc1c4bb7) x23 0xfc1c4000
core   0: 0x800000d4 (0x258b8b93) addi    s7, s7, 600
core   0: 3 0x800000d4 (0x258b8b93) x23 0xfc1c4258
core   0: 0x800000d8 (0xf8cb0c37) lui     s8, 0xf8cb0
core   0: 3 0x800000d8 (0xf8cb0c37) x24 0xf8cb0000
core   0: 0x800000dc (0x1f1c0c13) addi    s8, s8, 497
core   0: 3 0x800000dc (0x1f1c0c13) x24 0xf8cb01f1
core   0: 0x800000e0 (0x01a81cb7) lui     s9, 0x1a81
core   0: 3 0x800000e0 (0x01a81cb7) x25 0x01a81000
core   0: 0x800000e4 (0xf13c8c93) addi    s9, s9, -237
core   0: 3 0x800000e4 (0xf13c8c93) x25 0x01a80f13
core   0: 0x800000e8 (0x80000d37) lui     s10, 0x80000
core   0: 3 0x800000e8 (0x80000d37) x26 0x80000000
core   0: 0x800000ec (0xbd768db7) lui     s11, 0xbd768
core   0: 3 0x800000ec (0xbd768db7) x27 0xbd768000
core   0: 0x800000f0 (0x28ad8d93) addi    s11, s11, 650
core   0: 3 0x800000f0 (0x28ad8d93) x27 0xbd76828a
core   0: 0x800000f4 (0xff1ede37) lui     t3, 0xff1ed
core   0: 3 0x800000f4 (0xff1ede37) x28 0xff1ed000
core   0: 0x800000f8 (0xc1ee0e13) addi    t3, t3, -994
core   0: 3 0x800000f8 (0xc1ee0e13) x28 0xff1ecc1e
core   0: 0x800000fc (0x00e00e93) li      t4, 14
core   0: 3 0x800000fc (0x00e00e93) x29 0x0000000e
core   0: 0x80000100 (0x96a24f37) lui     t5, 0x96a24
core   0: 3 0x80000100 (0x96a24f37) x30 0x96a24000
core   0: 0x80000104 (0x63df0f13) addi    t5, t5, 1597
core   0: 3 0x80000104 (0x63df0f13) x30 0x96a2463d
core   0: 0x80000108 (0x00000f93) li      t6, 0
core   0: 3 0x80000108 (0x00000f93) x31 0x00000000
core   0: 0x8000010c (0x00029797) auipc   a5, 0x29
core   0: 3 0x8000010c (0x00029797) x15 0x8002910c
core   0: 0x80000110 (0xd5878793) addi    a5, a5, -680
core   0: 3 0x80000110 (0xd5878793) x15 0x80028e64
core   0: 0x80000114 (0x00020f17) auipc   t5, 0x20
core   0: 3 0x80000114 (0x00020f17) x30 0x80020114
core   0: 0x80000118 (0x010f0f13) addi    t5, t5, 16
core   0: 3 0x80000118 (0x010f0f13) x30 0x80020124
core   0: 0x8000011c (0x00013e17) auipc   t3, 0x13
core   0: 3 0x8000011c (0x00013e17) x28 0x8001311c
core   0: 0x80000120 (0x768e0e13) addi    t3, t3, 1896
core   0: 3 0x80000120 (0x768e0e13) x28 0x80013884
core   0: 0x80000124 (0x000f1823) sh      zero, 16(t5)
core   0: 3 0x80000124 (0x000f1823) mem 0x80020134 0x0000
core   0: 0x80000128 (0x00be1823) sh      a1, 16(t3)
core   0: 3 0x80000128 (0x00be1823) mem 0x80013894 0xf3ae
core   0: 0x8000012c (0x02ff03a3) sb      a5, 39(t5)
core   0: 3 0x8000012c (0x02ff03a3) mem 0x8002014b 0x64
core   0: 0x80000130 (0x019f4b03) lbu     s6, 25(t5)
core   0: 3 0x80000130 (0x019f4b03) x22 0x00000053 mem 0x8002013d
core   0: 0x80000134 (0xff7e4003) lbu     zero, -9(t3)
core   0: 3 0x80000134 (0xff7e4003) mem 0x8001387b
core   0: 0x80000138 (0x00fe4603) lbu     a2, 15(t3)
core   0: 3 0x80000138 (0x00fe4603) x12 0x0000002e mem 0x80013893
core   0: 0x8000013c (0x006e0203) lb      tp, 6(t3)
core   0: 3 0x8000013c (0x006e0203) x 4 0x00000066 mem 0x8001388a
core   0: 0x80000140 (0x023f0a03) lb      s4, 35(t5)
core   0: 3 0x80000140 (0x023f0a03) x20 0x00000002 mem 0x80020147
core   0: 0x80000144 (0x000e1b03) lh      s6, 0(t3)
core   0: 3 0x80000144 (0x000e1b03) x22 0x000016f0 mem 0x80013884
core   0: 0x80000148 (0x014f1d23) sh      s4, 26(t5)
core   0: 3 0x80000148 (0x014f1d23) mem 0x8002013e 0x0002
core   0: 0x8000014c (0x00de4f83) lbu     t6, 13(t3)
core   0: 3 0x8000014c (0x00de4f83) x31 0x00000059 mem 0x80013891
core   0: 0x80000150 (0xff9e0aa3) sb      s9, -11(t3)
core   0: 3 0x80000150 (0xff9e0aa3) mem 0x80013879 0x13
core   0: 0x80000154 (0x023f4603) lbu     a2, 35(t5)
core   0: 3 0x80000154 (0x023f4603) x12 0x00000002 mem 0x80020147
core   0: 0x80000158 (0xff3e4a03) lbu     s4, -13(t3)
core   0: 3 0x80000158 (0xff3e4a03) x20 0x000000b8 mem 0x80013877
core   0: 0x8000015c (0x0001b117) auipc   sp, 0x1b
core   0: 3 0x8000015c (0x0001b117) x 2 0x8001b15c
core   0: 0x80000160 (0xcb110113) addi    sp, sp, -847
core   0: 3 0x80000160 (0xcb110113) x 2 0x8001ae0d
core   0: 0x80000164 (0x0026c4b3) xor     s1, a3, sp
core   0: 3 0x80000164 (0x0026c4b3) x 9 0x8001ae0f
core   0: 0x80000168 (0xf5810003) lb      zero, -168(sp)
core   0: 3 0x80000168 (0xf5810003) mem 0x8001ad65
core   0: 0x8000016c (0x0040b9b3) sltu    s3, ra, tp
core   0: 3 0x8000016c (0x0040b9b3) x19 0x00000000
core   0: 0x80000170 (0xfbc14703) lbu     a4, -68(sp)
core   0: 3 0x80000170 (0xfbc14703) x14 0x00000022 mem 0x8001adc9
core   0: 0x80000174 (0xfb910e23) sb      s9, -68(sp)
core   0: 3 0x80000174 (0xfb910e23) mem 0x8001adc9 0x13
core   0: 0x80000178 (0xfbc14a03) lbu     s4, -68(sp)
core   0: 3 0x80000178 (0xfbc14a03) x20 0x00000013 mem 0x8001adc9
core   0: 0x8000017c (0x04214e83) lbu     t4, 66(sp)
core   0: 3 0x8000017c (0x04214e83) x29 0x0000006e mem 0x8001ae4f
core   0: 0x80000180 (0x15aa3593) sltiu   a1, s4, 346
core   0: 3 0x80000180 (0x15aa3593) x11 0x00000001
core   0: 0x80000184 (0x000119a3) sh      zero, 19(sp)
core   0: 3 0x80000184 (0x000119a3) mem 0x8001ae20 0x0000
core   0: 0x80000188 (0x03514903) lbu     s2, 53(sp)
core   0: 3 0x80000188 (0x03514903) x18 0x0000004f mem 0x8001ae42
core   0: 0x8000018c (0x0f410403) lb      s0, 244(sp)
core   0: 3 0x8000018c (0x0f410403) x 8 0xfffffffc mem 0x8001af01
core   0: 0x80000190 (0x0026d333) srl     t1, a3, sp
core   0: 3 0x80000190 (0x0026d333) x 6 0x00000000
core   0: 0x80000194 (0x0d414f03) lbu     t5, 212(sp)
core   0: 3 0x80000194 (0x0d414f03) x30 0x00000086 mem 0x8001aee1
core   0: 0x80000198 (0x00a14003) lbu     zero, 10(sp)
core   0: 3 0x80000198 (0x00a14003) mem 0x8001ae17
core   0: 0x8000019c (0x5bb54d13) xori    s10, a0, 1467
core   0: 3 0x8000019c (0x5bb54d13) x26 0x800005bb
core   0: 0x800001a0 (0x03a10e83) lb      t4, 58(sp)
core   0: 3 0x800001a0 (0x03a10e83) x29 0x0000005d mem 0x8001ae47
core   0: 0x800001a4 (0x014009ef) jal     s3, pc + 0x14
core   0: 3 0x800001a4 (0x014009ef) x19 0x800001a8
core   0: 0x800001b8 (0x0380016f) jal     sp, pc + 0x38
core   0: 3 0x800001b8 (0x0380016f) x 2 0x800001bc
core   0: 0x800001f0 (0xfddff0ef) jal     pc - 0x24
core   0: 3 0x800001f0 (0xfddff0ef) x 1 0x800001f4
core   0: 0x800001cc (0xfe1ff36f) jal     t1, pc - 0x20
core   0: 3 0x800001cc (0xfe1ff36f) x 6 0x800001d0
core   0: 0x800001ac (0x0240036f) jal     t1, pc + 0x24
core   0: 3 0x800001ac (0x0240036f) x 6 0x800001b0
core   0: 0x800001d0 (0x018000ef) jal     pc + 0x18
core   0: 3 0x800001d0 (0x018000ef) x 1 0x800001d4
core   0: 0x800001e8 (0xffdff0ef) jal     pc - 0x4
core   0: 3 0x800001e8 (0xffdff0ef) x 1 0x800001ec
core   0: 0x800001e4 (0xffdff4ef) jal     s1, pc - 0x4
core   0: 3 0x800001e4 (0xffdff4ef) x 9 0x800001e8
core   0: 0x800001e0 (0x00c00b6f) jal     s6, pc + 0xc
core   0: 3 0x800001e0 (0x00c00b6f) x22 0x800001e4
core   0: 0x800001ec (0xfedff36f) jal     t1, pc - 0x14
core   0: 3 0x800001ec (0xfedff36f) x 6 0x800001f0
core   0: 0x800001d8 (0xfe9ff0ef) jal     pc - 0x18
core   0: 3 0x800001d8 (0xfe9ff0ef) x 1 0x800001dc
core   0: 0x800001c0 (0xffdff0ef) jal     pc - 0x4
core   0: 3 0x800001c0 (0xffdff0ef) x 1 0x800001c4
core   0: 0x800001bc (0x038000ef) jal     pc + 0x38
core   0: 3 0x800001bc (0x038000ef) x 1 0x800001c0
core   0: 0x800001f4 (0xfd5ff0ef) jal     pc - 0x2c
core   0: 3 0x800001f4 (0xfd5ff0ef) x 1 0x800001f8
core   0: 0x800001c8 (0x030001ef) jal     gp, pc + 0x30
core   0: 3 0x800001c8 (0x030001ef) x 3 0x800001cc
core   0: 0x800001f8 (0xfcdffeef) jal     t4, pc - 0x34
core   0: 3 0x800001f8 (0xfcdffeef) x29 0x800001fc
core   0: 0x800001c4 (0xfedff0ef) jal     pc - 0x14
core   0: 3 0x800001c4 (0xfedff0ef) x 1 0x800001c8
core   0: 0x800001b0 (0x02c000ef) jal     pc + 0x2c
core   0: 3 0x800001b0 (0x02c000ef) x 1 0x800001b4
core   0: 0x800001dc (0xfcdff2ef) jal     t0, pc - 0x34
core   0: 3 0x800001dc (0xfcdff2ef) x 5 0x800001e0
core   0: 0x800001a8 (0x02c000ef) jal     pc + 0x2c
core   0: 3 0x800001a8 (0x02c000ef) x 1 0x800001ac
core   0: 0x800001d4 (0x028000ef) jal     pc + 0x28
core   0: 3 0x800001d4 (0x028000ef) x 1 0x800001d8
core   0: 0x800001fc (0xfb9ff56f) jal     a0, pc - 0x48
core   0: 3 0x800001fc (0xfb9ff56f) x10 0x80000200
core   0: 0x800001b4 (0x04c000ef) jal     pc + 0x4c
core   0: 3 0x800001b4 (0x04c000ef) x 1 0x800001b8
core   0: 0x80000200 (0x0157ceb3) xor     t4, a5, s5
core   0: 3 0x80000200 (0x0157ceb3) x29 0x25041c3e
core   0: 0x80000204 (0x00300f93) li      t6, 3
core   0: 3 0x80000204 (0x00300f93) x31 0x00000003
core   0: 0x80000208 (0x41595133) sra     sp, s2, s5
core   0: 3 0x80000208 (0x41595133) x 2 0x00000000
core   0: 0x8000020c (0xffd00c93) li      s9, -3
core   0: 3 0x8000020c (0xffd00c93) x25 0xfffffffd
core   0: 0x80000210 (0x00669bb3) sll     s7, a3, t1
core   0: 3 0x80000210 (0x00669bb3) x23 0x00020000
core   0: 0x80000214 (0x0000100f) fence.i
core   0: 3 0x80000214 (0x0000100f)
core   0: 0x80000218 (0x01c51c13) slli    s8, a0, 28
core   0: 3 0x80000218 (0x01c51c13) x24 0x00000000
core   0: 0x8000021c (0x2ccb1537) lui     a0, 0x2ccb1
core   0: 3 0x8000021c (0x2ccb1537) x10 0x2ccb1000
core   0: 0x80000220 (0xb1877697) auipc   a3, 0xb1877
core   0: 3 0x80000220 (0xb1877697) x13 0x31877220
core   0: 0x80000224 (0x00b38733) add     a4, t2, a1
core   0: 3 0x80000224 (0x00b38733) x14 0x0000000c
core   0: 0x80000228 (0xffaf8f93) addi    t6, t6, -6
core   0: 3 0x80000228 (0xffaf8f93) x31 0xfffffffd
core   0: 0x8000022c (0x01958433) add     s0, a1, s9
core   0: 3 0x8000022c (0x01958433) x 8 0xfffffffe
core   0: 0x80000230 (0x848ecd13) xori    s10, t4, -1976
core   0: 3 0x80000230 (0x848ecd13) x26 0xdafbe476
core   0: 0x80000234 (0x0000100f) fence.i
core   0: 3 0x80000234 (0x0000100f)
core   0: 0x80000238 (0x0ff0000f) fence   iorw,iorw
core   0: 3 0x80000238 (0x0ff0000f)
core   0: 0x8000023c (0x00c79e33) sll     t3, a5, a2
core   0: 3 0x8000023c (0x00c79e33) x28 0x000a3990
core   0: 0x80000240 (0x41df85b3) sub     a1, t6, t4
core   0: 3 0x80000240 (0x41df85b3) x11 0xdafbe3bf
core   0: 0x80000244 (0x7cddde17) auipc   t3, 0x7cddd
core   0: 3 0x80000244 (0x7cddde17) x28 0xfcddd244
core   0: 0x80000248 (0x01689393) slli    t2, a7, 22
core   0: 3 0x80000248 (0x01689393) x 7 0x39000000
core   0: 0x8000024c (0x015b1ab3) sll     s5, s6, s5
core   0: 3 0x8000024c (0x015b1ab3) x21 0x90000000
core   0: 0x80000250 (0xe1d31bb7) lui     s7, 0xe1d31
core   0: 3 0x80000250 (0xe1d31bb7) x23 0xe1d31000
core   0: 0x80000254 (0x8979a913) slti    s2, s3, -1897
core   0: 3 0x80000254 (0x8979a913) x18 0x00000001
core   0: 0x80000258 (0x419fda33) sra     s4, t6, s9
core   0: 3 0x80000258 (0x419fda33) x20 0xffffffff
core   0: 0x8000025c (0x417d5513) srai    a0, s10, 23
core   0: 3 0x8000025c (0x417d5513) x10 0xffffffb5
core   0: 0x80000260 (0x41dd06b3) sub     a3, s10, t4
core   0: 3 0x80000260 (0x41dd06b3) x13 0xb5f7c838
core   0: 0x80000264 (0x00e61e93) slli    t4, a2, 14
core   0: 3 0x80000264 (0x00e61e93) x29 0x00008000
core   0: 0x80000268 (0x00853233) sltu    tp, a0, s0
core   0: 3 0x80000268 (0x00853233) x 4 0x00000001
core   0: 0x8000026c (0x0139ceb3) xor     t4, s3, s3
core   0: 3 0x8000026c (0x0139ceb3) x29 0x00000000
core   0: 0x80000270 (0xfb9f86e3) beq     t6, s9, pc - 84
core   0: 3 0x80000270 (0xfb9f86e3)
core   0: 0x8000021c (0x2ccb1537) lui     a0, 0x2ccb1
core   0: 3 0x8000021c (0x2ccb1537) x10 0x2ccb1000
core   0: 0x80000220 (0xb1877697) auipc   a3, 0xb1877
core   0: 3 0x80000220 (0xb1877697) x13 0x31877220
core   0: 0x80000224 (0x00b38733) add     a4, t2, a1
core   0: 3 0x80000224 (0x00b38733) x14 0x13fbe3bf
core   0: 0x80000228 (0xffaf8f93) addi    t6, t6, -6
core   0: 3 0x80000228 (0xffaf8f93) x31 0xfffffff7
core   0: 0x8000022c (0x01958433) add     s0, a1, s9
core   0: 3 0x8000022c (0x01958433) x 8 0xdafbe3bc
core   0: 0x80000230 (0x848ecd13) xori    s10, t4, -1976
core   0: 3 0x80000230 (0x848ecd13) x26 0xfffff848
core   0: 0x80000234 (0x0000100f) fence.i
core   0: 3 0x80000234 (0x0000100f)
core   0: 0x80000238 (0x0ff0000f) fence   iorw,iorw
core   0: 3 0x80000238 (0x0ff0000f)
core   0: 0x8000023c (0x00c79e33) sll     t3, a5, a2
core   0: 3 0x8000023c (0x00c79e33) x28 0x000a3990
core   0: 0x80000240 (0x41df85b3) sub     a1, t6, t4
core   0: 3 0x80000240 (0x41df85b3) x11 0xfffffff7
core   0: 0x80000244 (0x7cddde17) auipc   t3, 0x7cddd
core   0: 3 0x80000244 (0x7cddde17) x28 0xfcddd244
core   0: 0x80000248 (0x01689393) slli    t2, a7, 22
core   0: 3 0x80000248 (0x01689393) x 7 0x39000000
core   0: 0x8000024c (0x015b1ab3) sll     s5, s6, s5
core   0: 3 0x8000024c (0x015b1ab3) x21 0x800001e4
core   0: 0x80000250 (0xe1d31bb7) lui     s7, 0xe1d31
core   0: 3 0x80000250 (0xe1d31bb7) x23 0xe1d31000
core   0: 0x80000254 (0x8979a913) slti    s2, s3, -1897
core   0: 3 0x80000254 (0x8979a913) x18 0x00000001
core   0: 0x80000258 (0x419fda33) sra     s4, t6, s9
core   0: 3 0x80000258 (0x419fda33) x20 0xffffffff
core   0: 0x8000025c (0x417d5513) srai    a0, s10, 23
core   0: 3 0x8000025c (0x417d5513) x10 0xffffffff
core   0: 0x80000260 (0x41dd06b3) sub     a3, s10, t4
core   0: 3 0x80000260 (0x41dd06b3) x13 0xfffff848
core   0: 0x80000264 (0x00e61e93) slli    t4, a2, 14
core   0: 3 0x80000264 (0x00e61e93) x29 0x00008000
core   0: 0x80000268 (0x00853233) sltu    tp, a0, s0
core   0: 3 0x80000268 (0x00853233) x 4 0x00000000
core   0: 0x8000026c (0x0139ceb3) xor     t4, s3, s3
core   0: 3 0x8000026c (0x0139ceb3) x29 0x00000000
core   0: 0x80000270 (0xfb9f86e3) beq     t6, s9, pc - 84
core   0: 3 0x80000270 (0xfb9f86e3)
core   0: 0x80000274 (0x01ad53b3) srl     t2, s10, s10
core   0: 3 0x80000274 (0x01ad53b3) x 7 0x00fffff8
core   0: 0x80000278 (0xff700213) li      tp, -9
core   0: 3 0x80000278 (0xff700213) x 4 0xfffffff7
core   0: 0x8000027c (0x00e475b3) and     a1, s0, a4
core   0: 3 0x8000027c (0x00e475b3) x11 0x12fbe3bc
core   0: 0x80000280 (0x01400b13) li      s6, 20
core   0: 3 0x80000280 (0x01400b13) x22 0x00000014
core   0: 0x80000284 (0x22377993) andi    s3, a4, 547
core   0: 3 0x80000284 (0x22377993) x19 0x00000223
core   0: 0x80000288 (0xc31dce97) auipc   t4, 0xc31dc
core   0: 3 0x80000288 (0xc31dce97) x29 0x431dc288
core   0: 0x8000028c (0x00120213) addi    tp, tp, 1
core   0: 3 0x8000028c (0x00120213) x 4 0xfffffff8
core   0: 0x80000290 (0x008a5033) srl     zero, s4, s0
core   0: 3 0x80000290 (0x008a5033)
core   0: 0x80000294 (0x0188be33) sltu    t3, a7, s8
core   0: 3 0x80000294 (0x0188be33) x28 0x00000000
core   0: 0x80000298 (0xffc00693) li      a3, -4
core   0: 3 0x80000298 (0xffc00693) x13 0xfffffffc
core   0: 0x8000029c (0x40985cb3) sra     s9, a6, s1
core   0: 3 0x8000029c (0x40985cb3) x25 0xff800000
core   0: 0x800002a0 (0xe74c0613) addi    a2, s8, -396
core   0: 3 0x800002a0 (0xe74c0613) x12 0xfffffe74
core   0: 0x800002a4 (0x6a52fc13) andi    s8, t0, 1701
core   0: 3 0x800002a4 (0x6a52fc13) x24 0x000000a0
core   0: 0x800002a8 (0x00800d13) li      s10, 8
core   0: 3 0x800002a8 (0x00800d13) x26 0x00000008
core   0: 0x800002ac (0x50b88593) addi    a1, a7, 1291
core   0: 3 0x800002ac (0x50b88593) x11 0x8002d1ef
core   0: 0x800002b0 (0x41258e33) sub     t3, a1, s2
core   0: 3 0x800002b0 (0x41258e33) x28 0x8002d1ee
core   0: 0x800002b4 (0x00000013) nop
core   0: 3 0x800002b4 (0x00000013)
core   0: 0x800002b8 (0x0f37b513) sltiu   a0, a5, 243
core   0: 3 0x800002b8 (0x0f37b513) x10 0x00000000
core   0: 0x800002bc (0x00185fb3) srl     t6, a6, ra
core   0: 3 0x800002bc (0x00185fb3) x31 0x00000080
core   0: 0x800002c0 (0x00468693) addi    a3, a3, 4
core   0: 3 0x800002c0 (0x00468693) x13 0x00000000
core   0: 0x800002c4 (0x0049b133) sltu    sp, s3, tp
core   0: 3 0x800002c4 (0x0049b133) x 2 0x00000001
core   0: 0x800002c8 (0x01675eb3) srl     t4, a4, s6
core   0: 3 0x800002c8 (0x01675eb3) x29 0x0000013f
core   0: 0x800002cc (0x0047fbb3) and     s7, a5, tp
core   0: 3 0x800002cc (0x0047fbb3) x23 0x80028e60
core   0: 0x800002d0 (0xffa6e0e3) bltu    a3, s10, pc - 32
core   0: 3 0x800002d0 (0xffa6e0e3)
core   0: 0x800002b0 (0x41258e33) sub     t3, a1, s2
core   0: 3 0x800002b0 (0x41258e33) x28 0x8002d1ee
core   0: 0x800002b4 (0x00000013) nop
core   0: 3 0x800002b4 (0x00000013)
core   0: 0x800002b8 (0x0f37b513) sltiu   a0, a5, 243
core   0: 3 0x800002b8 (0x0f37b513) x10 0x00000000
core   0: 0x800002bc (0x00185fb3) srl     t6, a6, ra
core   0: 3 0x800002bc (0x00185fb3) x31 0x00000080
core   0: 0x800002c0 (0x00468693) addi    a3, a3, 4
core   0: 3 0x800002c0 (0x00468693) x13 0x00000004
core   0: 0x800002c4 (0x0049b133) sltu    sp, s3, tp
core   0: 3 0x800002c4 (0x0049b133) x 2 0x00000001
core   0: 0x800002c8 (0x01675eb3) srl     t4, a4, s6
core   0: 3 0x800002c8 (0x01675eb3) x29 0x0000013f
core   0: 0x800002cc (0x0047fbb3) and     s7, a5, tp
core   0: 3 0x800002cc (0x0047fbb3) x23 0x80028e60
core   0: 0x800002d0 (0xffa6e0e3) bltu    a3, s10, pc - 32
core   0: 3 0x800002d0 (0xffa6e0e3)
core   0: 0x800002b0 (0x41258e33) sub     t3, a1, s2
core   0: 3 0x800002b0 (0x41258e33) x28 0x8002d1ee
core   0: 0x800002b4 (0x00000013) nop
core   0: 3 0x800002b4 (0x00000013)
core   0: 0x800002b8 (0x0f37b513) sltiu   a0, a5, 243
core   0: 3 0x800002b8 (0x0f37b513) x10 0x00000000
core   0: 0x800002bc (0x00185fb3) srl     t6, a6, ra
core   0: 3 0x800002bc (0x00185fb3) x31 0x00000080
core   0: 0x800002c0 (0x00468693) addi    a3, a3, 4
core   0: 3 0x800002c0 (0x00468693) x13 0x00000008
core   0: 0x800002c4 (0x0049b133) sltu    sp, s3, tp
core   0: 3 0x800002c4 (0x0049b133) x 2 0x00000001
core   0: 0x800002c8 (0x01675eb3) srl     t4, a4, s6
core   0: 3 0x800002c8 (0x01675eb3) x29 0x0000013f
core   0: 0x800002cc (0x0047fbb3) and     s7, a5, tp
core   0: 3 0x800002cc (0x0047fbb3) x23 0x80028e60
core   0: 0x800002d0 (0xffa6e0e3) bltu    a3, s10, pc - 32
core   0: 3 0x800002d0 (0xffa6e0e3)
core   0: 0x800002d4 (0xd2b72993) slti    s3, a4, -725
core   0: 3 0x800002d4 (0xd2b72993) x19 0x00000000
core   0: 0x800002d8 (0x00d1b133) sltu    sp, gp, a3
core   0: 3 0x800002d8 (0x00d1b133) x 2 0x00000000
core   0: 0x800002dc (0x97568337) lui     t1, 0x97568
core   0: 3 0x800002dc (0x97568337) x 6 0x97568000
core   0: 0x800002e0 (0x01236ab3) or      s5, t1, s2
core   0: 3 0x800002e0 (0x01236ab3) x21 0x97568001
core   0: 0x800002e4 (0xfb6242e3) blt     tp, s6, pc - 92
core   0: 3 0x800002e4 (0xfb6242e3)
core   0: 0x80000288 (0xc31dce97) auipc   t4, 0xc31dc
core   0: 3 0x80000288 (0xc31dce97) x29 0x431dc288
core   0: 0x8000028c (0x00120213) addi    tp, tp, 1
core   0: 3 0x8000028c (0x00120213) x 4 0xfffffff9
core   0: 0x80000290 (0x008a5033) srl     zero, s4, s0
core   0: 3 0x80000290 (0x008a5033)
core   0: 0x80000294 (0x0188be33) sltu    t3, a7, s8
core   0: 3 0x80000294 (0x0188be33) x28 0x00000000
core   0: 0x80000298 (0xffc00693) li      a3, -4
core   0: 3 0x80000298 (0xffc00693) x13 0xfffffffc
core   0: 0x8000029c (0x40985cb3) sra     s9, a6, s1
core   0: 3 0x8000029c (0x40985cb3) x25 0xff800000
core   0: 0x800002a0 (0xe74c0613) addi    a2, s8, -396
core   0: 3 0x800002a0 (0xe74c0613) x12 0xffffff14
core   0: 0x800002a4 (0x6a52fc13) andi    s8, t0, 1701
core   0: 3 0x800002a4 (0x6a52fc13) x24 0x000000a0
core   0: 0x800002a8 (0x00800d13) li      s10, 8
core   0: 3 0x800002a8 (0x00800d13) x26 0x00000008
core   0: 0x800002ac (0x50b88593) addi    a1, a7, 1291
core   0: 3 0x800002ac (0x50b88593) x11 0x8002d1ef
core   0: 0x800002b0 (0x41258e33) sub     t3, a1, s2
core   0: 3 0x800002b0 (0x41258e33) x28 0x8002d1ee
core   0: 0x800002b4 (0x00000013) nop
core   0: 3 0x800002b4 (0x00000013)
core   0: 0x800002b8 (0x0f37b513) sltiu   a0, a5, 243
core   0: 3 0x800002b8 (0x0f37b513) x10 0x00000000
core   0: 0x800002bc (0x00185fb3) srl     t6, a6, ra
core   0: 3 0x800002bc (0x00185fb3) x31 0x00000080
core   0: 0x800002c0 (0x00468693) addi    a3, a3, 4
core   0: 3 0x800002c0 (0x00468693) x13 0x00000000
core   0: 0x800002c4 (0x0049b133) sltu    sp, s3, tp
core   0: 3 0x800002c4 (0x0049b133) x 2 0x00000001
core   0: 0x800002c8 (0x01675eb3) srl     t4, a4, s6
core   0: 3 0x800002c8 (0x01675eb3) x29 0x0000013f
core   0: 0x800002cc (0x0047fbb3) and     s7, a5, tp
core   0: 3 0x800002cc (0x0047fbb3) x23 0x80028e60
core   0: 0x800002d0 (0xffa6e0e3) bltu    a3, s10, pc - 32
core   0: 3 0x800002d0 (0xffa6e0e3)
core   0: 0x800002b0 (0x41258e33) sub     t3, a1, s2
core   0: 3 0x800002b0 (0x41258e33) x28 0x8002d1ee
core   0: 0x800002b4 (0x00000013) nop
core   0: 3 0x800002b4 (0x00000013)
core   0: 0x800002b8 (0x0f37b513) sltiu   a0, a5, 243
core   0: 3 0x800002b8 (0x0f37b513) x10 0x00000000
core   0: 0x800002bc (0x00185fb3) srl     t6, a6, ra
core   0: 3 0x800002bc (0x00185fb3) x31 0x00000080
core   0: 0x800002c0 (0x00468693) addi    a3, a3, 4
core   0: 3 0x800002c0 (0x00468693) x13 0x00000004
core   0: 0x800002c4 (0x0049b133) sltu    sp, s3, tp
core   0: 3 0x800002c4 (0x0049b133) x 2 0x00000001
core   0: 0x800002c8 (0x01675eb3) srl     t4, a4, s6
core   0: 3 0x800002c8 (0x01675eb3) x29 0x0000013f
core   0: 0x800002cc (0x0047fbb3) and     s7, a5, tp
core   0: 3 0x800002cc (0x0047fbb3) x23 0x80028e60
core   0: 0x800002d0 (0xffa6e0e3) bltu    a3, s10, pc - 32
core   0: 3 0x800002d0 (0xffa6e0e3)
core   0: 0x800002b0 (0x41258e33) sub     t3, a1, s2
core   0: 3 0x800002b0 (0x41258e33) x28 0x8002d1ee
core   0: 0x800002b4 (0x00000013) nop
core   0: 3 0x800002b4 (0x00000013)
core   0: 0x800002b8 (0x0f37b513) sltiu   a0, a5, 243
core   0: 3 0x800002b8 (0x0f37b513) x10 0x00000000
core   0: 0x800002bc (0x00185fb3) srl     t6, a6, ra
core   0: 3 0x800002bc (0x00185fb3) x31 0x00000080
core   0: 0x800002c0 (0x00468693) addi    a3, a3, 4
core   0: 3 0x800002c0 (0x00468693) x13 0x00000008
core   0: 0x800002c4 (0x0049b133) sltu    sp, s3, tp
core   0: 3 0x800002c4 (0x0049b133) x 2 0x00000001
core   0: 0x800002c8 (0x01675eb3) srl     t4, a4, s6
core   0: 3 0x800002c8 (0x01675eb3) x29 0x0000013f
core   0: 0x800002cc (0x0047fbb3) and     s7, a5, tp
core   0: 3 0x800002cc (0x0047fbb3) x23 0x80028e60
core   0: 0x800002d0 (0xffa6e0e3) bltu    a3, s10, pc - 32
core   0: 3 0x800002d0 (0xffa6e0e3)
core   0: 0x800002d4 (0xd2b72993) slti    s3, a4, -725
core   0: 3 0x800002d4 (0xd2b72993) x19 0x00000000
core   0: 0x800002d8 (0x00d1b133) sltu    sp, gp, a3
core   0: 3 0x800002d8 (0x00d1b133) x 2 0x00000000
core   0: 0x800002dc (0x97568337) lui     t1, 0x97568
core   0: 3 0x800002dc (0x97568337) x 6 0x97568000
core   0: 0x800002e0 (0x01236ab3) or      s5, t1, s2
core   0: 3 0x800002e0 (0x01236ab3) x21 0x97568001
core   0: 0x800002e4 (0xfb6242e3) blt     tp, s6, pc - 92
core   0: 3 0x800002e4 (0xfb6242e3)
core   0: 0x80000288 (0xc31dce97) auipc   t4, 0xc31dc
core   0: 3 0x80000288 (0xc31dce97) x29 0x431dc288
core   0: 0x8000028c (0x00120213) addi    tp, tp, 1
core   0: 3 0x8000028c (0x00120213) x 4 0xfffffffa
core   0: 0x80000290 (0x008a5033) srl     zero, s4, s0
core   0: 3 0x80000290 (0x008a5033)
core   0: 0x80000294 (0x0188be33) sltu    t3, a7, s8
core   0: 3 0x80000294 (0x0188be33) x28 0x00000000
core   0: 0x80000298 (0xffc00693) li      a3, -4
core   0: 3 0x80000298 (0xffc00693) x13 0xfffffffc
core   0: 0x8000029c (0x40985cb3) sra     s9, a6, s1
core   0: 3 0x8000029c (0x40985cb3) x25 0xff800000
core   0: 0x800002a0 (0xe74c0613) addi    a2, s8, -396
core   0: 3 0x800002a0 (0xe74c0613) x12 0xffffff14
core   0: 0x800002a4 (0x6a52fc13) andi    s8, t0, 1701
core   0: 3 0x800002a4 (0x6a52fc13) x24 0x000000a0
core   0: 0x800002a8 (0x00800d13) li      s10, 8
core   0: 3 0x800002a8 (0x00800d13) x26 0x00000008
core   0: 0x800002ac (0x50b88593) addi    a1, a7, 1291
core   0: 3 0x800002ac (0x50b88593) x11 0x8002d1ef
core   0: 0x800002b0 (0x41258e33) sub     t3, a1, s2
core   0: 3 0x800002b0 (0x41258e33) x28 0x8002d1ee
core   0: 0x800002b4 (0x00000013) nop
core   0: 3 0x800002b4 (0x00000013)
core   0: 0x800002b8 (0x0f37b513) sltiu   a0, a5, 243
core   0: 3 0x800002b8 (0x0f37b513) x10 0x00000000
core   0: 0x800002bc (0x00185fb3) srl     t6, a6, ra
core   0: 3 0x800002bc (0x00185fb3) x31 0x00000080
core   0: 0x800002c0 (0x00468693) addi    a3, a3, 4
core   0: 3 0x800002c0 (0x00468693) x13 0x00000000
core   0: 0x800002c4 (0x0049b133) sltu    sp, s3, tp
core   0: 3 0x800002c4 (0x0049b133) x 2 0x00000001
core   0: 0x800002c8 (0x01675eb3) srl     t4, a4, s6
core   0: 3 0x800002c8 (0x01675eb3) x29 0x0000013f
core   0: 0x800002cc (0x0047fbb3) and     s7, a5, tp
core   0: 3 0x800002cc (0x0047fbb3) x23 0x80028e60
core   0: 0x800002d0 (0xffa6e0e3) bltu    a3, s10, pc - 32
core   0: 3 0x800002d0 (0xffa6e0e3)
core   0: 0x800002b0 (0x41258e33) sub     t3, a1, s2
core   0: 3 0x800002b0 (0x41258e33) x28 0x8002d1ee
core   0: 0x800002b4 (0x00000013) nop
core   0: 3 0x800002b4 (0x00000013)
core   0: 0x800002b8 (0x0f37b513) sltiu   a0, a5, 243
core   0: 3 0x800002b8 (0x0f37b513) x10 0x00000000
core   0: 0x800002bc (0x00185fb3) srl     t6, a6, ra
core   0: 3 0x800002bc (0x00185fb3) x31 0x00000080
core   0: 0x800002c0 (0x00468693) addi    a3, a3, 4
core   0: 3 0x800002c0 (0x00468693) x13 0x00000004
core   0: 0x800002c4 (0x0049b133) sltu    sp, s3, tp
core   0: 3 0x800002c4 (0x0049b133) x 2 0x00000001
core   0: 0x800002c8 (0x01675eb3) srl     t4, a4, s6
core   0: 3 0x800002c8 (0x01675eb3) x29 0x0000013f
core   0: 0x800002cc (0x0047fbb3) and     s7, a5, tp
core   0: 3 0x800002cc (0x0047fbb3) x23 0x80028e60
core   0: 0x800002d0 (0xffa6e0e3) bltu    a3, s10, pc - 32
core   0: 3 0x800002d0 (0xffa6e0e3)
core   0: 0x800002b0 (0x41258e33) sub     t3, a1, s2
core   0: 3 0x800002b0 (0x41258e33) x28 0x8002d1ee
core   0: 0x800002b4 (0x00000013) nop
core   0: 3 0x800002b4 (0x00000013)
core   0: 0x800002b8 (0x0f37b513) sltiu   a0, a5, 243
core   0: 3 0x800002b8 (0x0f37b513) x10 0x00000000
core   0: 0x800002bc (0x00185fb3) srl     t6, a6, ra
core   0: 3 0x800002bc (0x00185fb3) x31 0x00000080
core   0: 0x800002c0 (0x00468693) addi    a3, a3, 4
core   0: 3 0x800002c0 (0x00468693) x13 0x00000008
core   0: 0x800002c4 (0x0049b133) sltu    sp, s3, tp
core   0: 3 0x800002c4 (0x0049b133) x 2 0x00000001
core   0: 0x800002c8 (0x01675eb3) srl     t4, a4, s6
core   0: 3 0x800002c8 (0x01675eb3) x29 0x0000013f
core   0: 0x800002cc (0x0047fbb3) and     s7, a5, tp
core   0: 3 0x800002cc (0x0047fbb3) x23 0x80028e60
core   0: 0x800002d0 (0xffa6e0e3) bltu    a3, s10, pc - 32
core   0: 3 0x800002d0 (0xffa6e0e3)
core   0: 0x800002d4 (0xd2b72993) slti    s3, a4, -725
core   0: 3 0x800002d4 (0xd2b72993) x19 0x00000000
core   0: 0x800002d8 (0x00d1b133) sltu    sp, gp, a3
core   0: 3 0x800002d8 (0x00d1b133) x 2 0x00000000
core   0: 0x800002dc (0x97568337) lui     t1, 0x97568
core   0: 3 0x800002dc (0x97568337) x 6 0x97568000
core   0: 0x800002e0 (0x01236ab3) or      s5, t1, s2
core   0: 3 0x800002e0 (0x01236ab3) x21 0x97568001
core   0: 0x800002e4 (0xfb6242e3) blt     tp, s6, pc - 92
core   0: 3 0x800002e4 (0xfb6242e3)
core   0: 0x80000288 (0xc31dce97) auipc   t4, 0xc31dc
core   0: 3 0x80000288 (0xc31dce97) x29 0x431dc288
core   0: 0x8000028c (0x00120213) addi    tp, tp, 1
core   0: 3 0x8000028c (0x00120213) x 4 0xfffffffb
core   0: 0x80000290 (0x008a5033) srl     zero, s4, s0
core   0: 3 0x80000290 (0x008a5033)
core   0: 0x80000294 (0x0188be33) sltu    t3, a7, s8
core   0: 3 0x80000294 (0x0188be33) x28 0x00000000
core   0: 0x80000298 (0xffc00693) li      a3, -4
core   0: 3 0x80000298 (0xffc00693) x13 0xfffffffc
core   0: 0x8000029c (0x40985cb3) sra     s9, a6, s1
core   0: 3 0x8000029c (0x40985cb3) x25 0xff800000
core   0: 0x800002a0 (0xe74c0613) addi    a2, s8, -396
core   0: 3 0x800002a0 (0xe74c0613) x12 0xffffff14
core   0: 0x800002a4 (0x6a52fc13) andi    s8, t0, 1701
core   0: 3 0x800002a4 (0x6a52fc13) x24 0x000000a0
core   0: 0x800002a8 (0x00800d13) li      s10, 8
core   0: 3 0x800002a8 (0x00800d13) x26 0x00000008
core   0: 0x800002ac (0x50b88593) addi    a1, a7, 1291
core   0: 3 0x800002ac (0x50b88593) x11 0x8002d1ef
core   0: 0x800002b0 (0x41258e33) sub     t3, a1, s2
core   0: 3 0x800002b0 (0x41258e33) x28 0x8002d1ee
core   0: 0x800002b4 (0x00000013) nop
core   0: 3 0x800002b4 (0x00000013)
core   0: 0x800002b8 (0x0f37b513) sltiu   a0, a5, 243
core   0: 3 0x800002b8 (0x0f37b513) x10 0x00000000
core   0: 0x800002bc (0x00185fb3) srl     t6, a6, ra
core   0: 3 0x800002bc (0x00185fb3) x31 0x00000080
core   0: 0x800002c0 (0x00468693) addi    a3, a3, 4
core   0: 3 0x800002c0 (0x00468693) x13 0x00000000
core   0: 0x800002c4 (0x0049b133) sltu    sp, s3, tp
core   0: 3 0x800002c4 (0x0049b133) x 2 0x00000001
core   0: 0x800002c8 (0x01675eb3) srl     t4, a4, s6
core   0: 3 0x800002c8 (0x01675eb3) x29 0x0000013f
core   0: 0x800002cc (0x0047fbb3) and     s7, a5, tp
core   0: 3 0x800002cc (0x0047fbb3) x23 0x80028e60
core   0: 0x800002d0 (0xffa6e0e3) bltu    a3, s10, pc - 32
core   0: 3 0x800002d0 (0xffa6e0e3)
core   0: 0x800002b0 (0x41258e33) sub     t3, a1, s2
core   0: 3 0x800002b0 (0x41258e33) x28 0x8002d1ee
core   0: 0x800002b4 (0x00000013) nop
core   0: 3 0x800002b4 (0x00000013)
core   0: 0x800002b8 (0x0f37b513) sltiu   a0, a5, 243
core   0: 3 0x800002b8 (0x0f37b513) x10 0x00000000
core   0: 0x800002bc (0x00185fb3) srl     t6, a6, ra
core   0: 3 0x800002bc (0x00185fb3) x31 0x00000080
core   0: 0x800002c0 (0x00468693) addi    a3, a3, 4
core   0: 3 0x800002c0 (0x00468693) x13 0x00000004
core   0: 0x800002c4 (0x0049b133) sltu    sp, s3, tp
core   0: 3 0x800002c4 (0x0049b133) x 2 0x00000001
core   0: 0x800002c8 (0x01675eb3) srl     t4, a4, s6
core   0: 3 0x800002c8 (0x01675eb3) x29 0x0000013f
core   0: 0x800002cc (0x0047fbb3) and     s7, a5, tp
core   0: 3 0x800002cc (0x0047fbb3) x23 0x80028e60
core   0: 0x800002d0 (0xffa6e0e3) bltu    a3, s10, pc - 32
core   0: 3 0x800002d0 (0xffa6e0e3)
core   0: 0x800002b0 (0x41258e33) sub     t3, a1, s2
core   0: 3 0x800002b0 (0x41258e33) x28 0x8002d1ee
core   0: 0x800002b4 (0x00000013) nop
core   0: 3 0x800002b4 (0x00000013)
core   0: 0x800002b8 (0x0f37b513) sltiu   a0, a5, 243
core   0: 3 0x800002b8 (0x0f37b513) x10 0x00000000
core   0: 0x800002bc (0x00185fb3) srl     t6, a6, ra
core   0: 3 0x800002bc (0x00185fb3) x31 0x00000080
core   0: 0x800002c0 (0x00468693) addi    a3, a3, 4
core   0: 3 0x800002c0 (0x00468693) x13 0x00000008
core   0: 0x800002c4 (0x0049b133) sltu    sp, s3, tp
core   0: 3 0x800002c4 (0x0049b133) x 2 0x00000001
core   0: 0x800002c8 (0x01675eb3) srl     t4, a4, s6
core   0: 3 0x800002c8 (0x01675eb3) x29 0x0000013f
core   0: 0x800002cc (0x0047fbb3) and     s7, a5, tp
core   0: 3 0x800002cc (0x0047fbb3) x23 0x80028e60
core   0: 0x800002d0 (0xffa6e0e3) bltu    a3, s10, pc - 32
core   0: 3 0x800002d0 (0xffa6e0e3)
core   0: 0x800002d4 (0xd2b72993) slti    s3, a4, -725
core   0: 3 0x800002d4 (0xd2b72993) x19 0x00000000
core   0: 0x800002d8 (0x00d1b133) sltu    sp, gp, a3
core   0: 3 0x800002d8 (0x00d1b133) x 2 0x00000000
core   0: 0x800002dc (0x97568337) lui     t1, 0x97568
core   0: 3 0x800002dc (0x97568337) x 6 0x97568000
core   0: 0x800002e0 (0x01236ab3) or      s5, t1, s2
core   0: 3 0x800002e0 (0x01236ab3) x21 0x97568001
core   0: 0x800002e4 (0xfb6242e3) blt     tp, s6, pc - 92
core   0: 3 0x800002e4 (0xfb6242e3)
core   0: 0x80000288 (0xc31dce97) auipc   t4, 0xc31dc
core   0: 3 0x80000288 (0xc31dce97) x29 0x431dc288
core   0: 0x8000028c (0x00120213) addi    tp, tp, 1
core   0: 3 0x8000028c (0x00120213) x 4 0xfffffffc
core   0: 0x80000290 (0x008a5033) srl     zero, s4, s0
core   0: 3 0x80000290 (0x008a5033)
core   0: 0x80000294 (0x0188be33) sltu    t3, a7, s8
core   0: 3 0x80000294 (0x0188be33) x28 0x00000000
core   0: 0x80000298 (0xffc00693) li      a3, -4
core   0: 3 0x80000298 (0xffc00693) x13 0xfffffffc
core   0: 0x8000029c (0x40985cb3) sra     s9, a6, s1
core   0: 3 0x8000029c (0x40985cb3) x25 0xff800000
core   0: 0x800002a0 (0xe74c0613) addi    a2, s8, -396
core   0: 3 0x800002a0 (0xe74c0613) x12 0xffffff14
core   0: 0x800002a4 (0x6a52fc13) andi    s8, t0, 1701
core   0: 3 0x800002a4 (0x6a52fc13) x24 0x000000a0
core   0: 0x800002a8 (0x00800d13) li      s10, 8
core   0: 3 0x800002a8 (0x00800d13) x26 0x00000008
core   0: 0x800002ac (0x50b88593) addi    a1, a7, 1291
core   0: 3 0x800002ac (0x50b88593) x11 0x8002d1ef
core   0: 0x800002b0 (0x41258e33) sub     t3, a1, s2
core   0: 3 0x800002b0 (0x41258e33) x28 0x8002d1ee
core   0: 0x800002b4 (0x00000013) nop
core   0: 3 0x800002b4 (0x00000013)
core   0: 0x800002b8 (0x0f37b513) sltiu   a0, a5, 243
core   0: 3 0x800002b8 (0x0f37b513) x10 0x00000000
core   0: 0x800002bc (0x00185fb3) srl     t6, a6, ra
core   0: 3 0x800002bc (0x00185fb3) x31 0x00000080
core   0: 0x800002c0 (0x00468693) addi    a3, a3, 4
core   0: 3 0x800002c0 (0x00468693) x13 0x00000000
core   0: 0x800002c4 (0x0049b133) sltu    sp, s3, tp
core   0: 3 0x800002c4 (0x0049b133) x 2 0x00000001
core   0: 0x800002c8 (0x01675eb3) srl     t4, a4, s6
core   0: 3 0x800002c8 (0x01675eb3) x29 0x0000013f
core   0: 0x800002cc (0x0047fbb3) and     s7, a5, tp
core   0: 3 0x800002cc (0x0047fbb3) x23 0x80028e64
core   0: 0x800002d0 (0xffa6e0e3) bltu    a3, s10, pc - 32
core   0: 3 0x800002d0 (0xffa6e0e3)
core   0: 0x800002b0 (0x41258e33) sub     t3, a1, s2
core   0: 3 0x800002b0 (0x41258e33) x28 0x8002d1ee
core   0: 0x800002b4 (0x00000013) nop
core   0: 3 0x800002b4 (0x00000013)
core   0: 0x800002b8 (0x0f37b513) sltiu   a0, a5, 243
core   0: 3 0x800002b8 (0x0f37b513) x10 0x00000000
core   0: 0x800002bc (0x00185fb3) srl     t6, a6, ra
core   0: 3 0x800002bc (0x00185fb3) x31 0x00000080
core   0: 0x800002c0 (0x00468693) addi    a3, a3, 4
core   0: 3 0x800002c0 (0x00468693) x13 0x00000004
core   0: 0x800002c4 (0x0049b133) sltu    sp, s3, tp
core   0: 3 0x800002c4 (0x0049b133) x 2 0x00000001
core   0: 0x800002c8 (0x01675eb3) srl     t4, a4, s6
core   0: 3 0x800002c8 (0x01675eb3) x29 0x0000013f
core   0: 0x800002cc (0x0047fbb3) and     s7, a5, tp
core   0: 3 0x800002cc (0x0047fbb3) x23 0x80028e64
core   0: 0x800002d0 (0xffa6e0e3) bltu    a3, s10, pc - 32
core   0: 3 0x800002d0 (0xffa6e0e3)
core   0: 0x800002b0 (0x41258e33) sub     t3, a1, s2
core   0: 3 0x800002b0 (0x41258e33) x28 0x8002d1ee
core   0: 0x800002b4 (0x00000013) nop
core   0: 3 0x800002b4 (0x00000013)
core   0: 0x800002b8 (0x0f37b513) sltiu   a0, a5, 243
core   0: 3 0x800002b8 (0x0f37b513) x10 0x00000000
core   0: 0x800002bc (0x00185fb3) srl     t6, a6, ra
core   0: 3 0x800002bc (0x00185fb3) x31 0x00000080
core   0: 0x800002c0 (0x00468693) addi    a3, a3, 4
core   0: 3 0x800002c0 (0x00468693) x13 0x00000008
core   0: 0x800002c4 (0x0049b133) sltu    sp, s3, tp
core   0: 3 0x800002c4 (0x0049b133) x 2 0x00000001
core   0: 0x800002c8 (0x01675eb3) srl     t4, a4, s6
core   0: 3 0x800002c8 (0x01675eb3) x29 0x0000013f
core   0: 0x800002cc (0x0047fbb3) and     s7, a5, tp
core   0: 3 0x800002cc (0x0047fbb3) x23 0x80028e64
core   0: 0x800002d0 (0xffa6e0e3) bltu    a3, s10, pc - 32
core   0: 3 0x800002d0 (0xffa6e0e3)
core   0: 0x800002d4 (0xd2b72993) slti    s3, a4, -725
core   0: 3 0x800002d4 (0xd2b72993) x19 0x00000000
core   0: 0x800002d8 (0x00d1b133) sltu    sp, gp, a3
core   0: 3 0x800002d8 (0x00d1b133) x 2 0x00000000
core   0: 0x800002dc (0x97568337) lui     t1, 0x97568
core   0: 3 0x800002dc (0x97568337) x 6 0x97568000
core   0: 0x800002e0 (0x01236ab3) or      s5, t1, s2
core   0: 3 0x800002e0 (0x01236ab3) x21 0x97568001
core   0: 0x800002e4 (0xfb6242e3) blt     tp, s6, pc - 92
core   0: 3 0x800002e4 (0xfb6242e3)
core   0: 0x80000288 (0xc31dce97) auipc   t4, 0xc31dc
core   0: 3 0x80000288 (0xc31dce97) x29 0x431dc288
core   0: 0x8000028c (0x00120213) addi    tp, tp, 1
core   0: 3 0x8000028c (0x00120213) x 4 0xfffffffd
core   0: 0x80000290 (0x008a5033) srl     zero, s4, s0
core   0: 3 0x80000290 (0x008a5033)
core   0: 0x80000294 (0x0188be33) sltu    t3, a7, s8
core   0: 3 0x80000294 (0x0188be33) x28 0x00000000
core   0: 0x80000298 (0xffc00693) li      a3, -4
core   0: 3 0x80000298 (0xffc00693) x13 0xfffffffc
core   0: 0x8000029c (0x40985cb3) sra     s9, a6, s1
core   0: 3 0x8000029c (0x40985cb3) x25 0xff800000
core   0: 0x800002a0 (0xe74c0613) addi    a2, s8, -396
core   0: 3 0x800002a0 (0xe74c0613) x12 0xffffff14
core   0: 0x800002a4 (0x6a52fc13) andi    s8, t0, 1701
core   0: 3 0x800002a4 (0x6a52fc13) x24 0x000000a0
core   0: 0x800002a8 (0x00800d13) li      s10, 8
core   0: 3 0x800002a8 (0x00800d13) x26 0x00000008
core   0: 0x800002ac (0x50b88593) addi    a1, a7, 1291
core   0: 3 0x800002ac (0x50b88593) x11 0x8002d1ef
core   0: 0x800002b0 (0x41258e33) sub     t3, a1, s2
core   0: 3 0x800002b0 (0x41258e33) x28 0x8002d1ee
core   0: 0x800002b4 (0x00000013) nop
core   0: 3 0x800002b4 (0x00000013)
core   0: 0x800002b8 (0x0f37b513) sltiu   a0, a5, 243
core   0: 3 0x800002b8 (0x0f37b513) x10 0x00000000
core   0: 0x800002bc (0x00185fb3) srl     t6, a6, ra
core   0: 3 0x800002bc (0x00185fb3) x31 0x00000080
core   0: 0x800002c0 (0x00468693) addi    a3, a3, 4
core   0: 3 0x800002c0 (0x00468693) x13 0x00000000
core   0: 0x800002c4 (0x0049b133) sltu    sp, s3, tp
core   0: 3 0x800002c4 (0x0049b133) x 2 0x00000001
core   0: 0x800002c8 (0x01675eb3) srl     t4, a4, s6
core   0: 3 0x800002c8 (0x01675eb3) x29 0x0000013f
core   0: 0x800002cc (0x0047fbb3) and     s7, a5, tp
core   0: 3 0x800002cc (0x0047fbb3) x23 0x80028e64
core   0: 0x800002d0 (0xffa6e0e3) bltu    a3, s10, pc - 32
core   0: 3 0x800002d0 (0xffa6e0e3)
core   0: 0x800002b0 (0x41258e33) sub     t3, a1, s2
core   0: 3 0x800002b0 (0x41258e33) x28 0x8002d1ee
core   0: 0x800002b4 (0x00000013) nop
core   0: 3 0x800002b4 (0x00000013)
core   0: 0x800002b8 (0x0f37b513) sltiu   a0, a5, 243
core   0: 3 0x800002b8 (0x0f37b513) x10 0x00000000
core   0: 0x800002bc (0x00185fb3) srl     t6, a6, ra
core   0: 3 0x800002bc (0x00185fb3) x31 0x00000080
core   0: 0x800002c0 (0x00468693) addi    a3, a3, 4
core   0: 3 0x800002c0 (0x00468693) x13 0x00000004
core   0: 0x800002c4 (0x0049b133) sltu    sp, s3, tp
core   0: 3 0x800002c4 (0x0049b133) x 2 0x00000001
core   0: 0x800002c8 (0x01675eb3) srl     t4, a4, s6
core   0: 3 0x800002c8 (0x01675eb3) x29 0x0000013f
core   0: 0x800002cc (0x0047fbb3) and     s7, a5, tp
core   0: 3 0x800002cc (0x0047fbb3) x23 0x80028e64
core   0: 0x800002d0 (0xffa6e0e3) bltu    a3, s10, pc - 32
core   0: 3 0x800002d0 (0xffa6e0e3)
core   0: 0x800002b0 (0x41258e33) sub     t3, a1, s2
core   0: 3 0x800002b0 (0x41258e33) x28 0x8002d1ee
core   0: 0x800002b4 (0x00000013) nop
core   0: 3 0x800002b4 (0x00000013)
core   0: 0x800002b8 (0x0f37b513) sltiu   a0, a5, 243
core   0: 3 0x800002b8 (0x0f37b513) x10 0x00000000
core   0: 0x800002bc (0x00185fb3) srl     t6, a6, ra
core   0: 3 0x800002bc (0x00185fb3) x31 0x00000080
core   0: 0x800002c0 (0x00468693) addi    a3, a3, 4
core   0: 3 0x800002c0 (0x00468693) x13 0x00000008
core   0: 0x800002c4 (0x0049b133) sltu    sp, s3, tp
core   0: 3 0x800002c4 (0x0049b133) x 2 0x00000001
core   0: 0x800002c8 (0x01675eb3) srl     t4, a4, s6
core   0: 3 0x800002c8 (0x01675eb3) x29 0x0000013f
core   0: 0x800002cc (0x0047fbb3) and     s7, a5, tp
core   0: 3 0x800002cc (0x0047fbb3) x23 0x80028e64
core   0: 0x800002d0 (0xffa6e0e3) bltu    a3, s10, pc - 32
core   0: 3 0x800002d0 (0xffa6e0e3)
core   0: 0x800002d4 (0xd2b72993) slti    s3, a4, -725
core   0: 3 0x800002d4 (0xd2b72993) x19 0x00000000
core   0: 0x800002d8 (0x00d1b133) sltu    sp, gp, a3
core   0: 3 0x800002d8 (0x00d1b133) x 2 0x00000000
core   0: 0x800002dc (0x97568337) lui     t1, 0x97568
core   0: 3 0x800002dc (0x97568337) x 6 0x97568000
core   0: 0x800002e0 (0x01236ab3) or      s5, t1, s2
core   0: 3 0x800002e0 (0x01236ab3) x21 0x97568001
core   0: 0x800002e4 (0xfb6242e3) blt     tp, s6, pc - 92
core   0: 3 0x800002e4 (0xfb6242e3)
core   0: 0x80000288 (0xc31dce97) auipc   t4, 0xc31dc
core   0: 3 0x80000288 (0xc31dce97) x29 0x431dc288
core   0: 0x8000028c (0x00120213) addi    tp, tp, 1
core   0: 3 0x8000028c (0x00120213) x 4 0xfffffffe
core   0: 0x80000290 (0x008a5033) srl     zero, s4, s0
core   0: 3 0x80000290 (0x008a5033)
core   0: 0x80000294 (0x0188be33) sltu    t3, a7, s8
core   0: 3 0x80000294 (0x0188be33) x28 0x00000000
core   0: 0x80000298 (0xffc00693) li      a3, -4
core   0: 3 0x80000298 (0xffc00693) x13 0xfffffffc
core   0: 0x8000029c (0x40985cb3) sra     s9, a6, s1
core   0: 3 0x8000029c (0x40985cb3) x25 0xff800000
core   0: 0x800002a0 (0xe74c0613) addi    a2, s8, -396
core   0: 3 0x800002a0 (0xe74c0613) x12 0xffffff14
core   0: 0x800002a4 (0x6a52fc13) andi    s8, t0, 1701
core   0: 3 0x800002a4 (0x6a52fc13) x24 0x000000a0
core   0: 0x800002a8 (0x00800d13) li      s10, 8
core   0: 3 0x800002a8 (0x00800d13) x26 0x00000008
core   0: 0x800002ac (0x50b88593) addi    a1, a7, 1291
core   0: 3 0x800002ac (0x50b88593) x11 0x8002d1ef
core   0: 0x800002b0 (0x41258e33) sub     t3, a1, s2
core   0: 3 0x800002b0 (0x41258e33) x28 0x8002d1ee
core   0: 0x800002b4 (0x00000013) nop
core   0: 3 0x800002b4 (0x00000013)
core   0: 0x800002b8 (0x0f37b513) sltiu   a0, a5, 243
core   0: 3 0x800002b8 (0x0f37b513) x10 0x00000000
core   0: 0x800002bc (0x00185fb3) srl     t6, a6, ra
core   0: 3 0x800002bc (0x00185fb3) x31 0x00000080
core   0: 0x800002c0 (0x00468693) addi    a3, a3, 4
core   0: 3 0x800002c0 (0x00468693) x13 0x00000000
core   0: 0x800002c4 (0x0049b133) sltu    sp, s3, tp
core   0: 3 0x800002c4 (0x0049b133) x 2 0x00000001
core   0: 0x800002c8 (0x01675eb3) srl     t4, a4, s6
core   0: 3 0x800002c8 (0x01675eb3) x29 0x0000013f
core   0: 0x800002cc (0x0047fbb3) and     s7, a5, tp
core   0: 3 0x800002cc (0x0047fbb3) x23 0x80028e64
core   0: 0x800002d0 (0xffa6e0e3) bltu    a3, s10, pc - 32
core   0: 3 0x800002d0 (0xffa6e0e3)
core   0: 0x800002b0 (0x41258e33) sub     t3, a1, s2
core   0: 3 0x800002b0 (0x41258e33) x28 0x8002d1ee
core   0: 0x800002b4 (0x00000013) nop
core   0: 3 0x800002b4 (0x00000013)
core   0: 0x800002b8 (0x0f37b513) sltiu   a0, a5, 243
core   0: 3 0x800002b8 (0x0f37b513) x10 0x00000000
core   0: 0x800002bc (0x00185fb3) srl     t6, a6, ra
core   0: 3 0x800002bc (0x00185fb3) x31 0x00000080
core   0: 0x800002c0 (0x00468693) addi    a3, a3, 4
core   0: 3 0x800002c0 (0x00468693) x13 0x00000004
core   0: 0x800002c4 (0x0049b133) sltu    sp, s3, tp
core   0: 3 0x800002c4 (0x0049b133) x 2 0x00000001
core   0: 0x800002c8 (0x01675eb3) srl     t4, a4, s6
core   0: 3 0x800002c8 (0x01675eb3) x29 0x0000013f
core   0: 0x800002cc (0x0047fbb3) and     s7, a5, tp
core   0: 3 0x800002cc (0x0047fbb3) x23 0x80028e64
core   0: 0x800002d0 (0xffa6e0e3) bltu    a3, s10, pc - 32
core   0: 3 0x800002d0 (0xffa6e0e3)
core   0: 0x800002b0 (0x41258e33) sub     t3, a1, s2
core   0: 3 0x800002b0 (0x41258e33) x28 0x8002d1ee
core   0: 0x800002b4 (0x00000013) nop
core   0: 3 0x800002b4 (0x00000013)
core   0: 0x800002b8 (0x0f37b513) sltiu   a0, a5, 243
core   0: 3 0x800002b8 (0x0f37b513) x10 0x00000000
core   0: 0x800002bc (0x00185fb3) srl     t6, a6, ra
core   0: 3 0x800002bc (0x00185fb3) x31 0x00000080
core   0: 0x800002c0 (0x00468693) addi    a3, a3, 4
core   0: 3 0x800002c0 (0x00468693) x13 0x00000008
core   0: 0x800002c4 (0x0049b133) sltu    sp, s3, tp
core   0: 3 0x800002c4 (0x0049b133) x 2 0x00000001
core   0: 0x800002c8 (0x01675eb3) srl     t4, a4, s6
core   0: 3 0x800002c8 (0x01675eb3) x29 0x0000013f
core   0: 0x800002cc (0x0047fbb3) and     s7, a5, tp
core   0: 3 0x800002cc (0x0047fbb3) x23 0x80028e64
core   0: 0x800002d0 (0xffa6e0e3) bltu    a3, s10, pc - 32
core   0: 3 0x800002d0 (0xffa6e0e3)
core   0: 0x800002d4 (0xd2b72993) slti    s3, a4, -725
core   0: 3 0x800002d4 (0xd2b72993) x19 0x00000000
core   0: 0x800002d8 (0x00d1b133) sltu    sp, gp, a3
core   0: 3 0x800002d8 (0x00d1b133) x 2 0x00000000
core   0: 0x800002dc (0x97568337) lui     t1, 0x97568
core   0: 3 0x800002dc (0x97568337) x 6 0x97568000
core   0: 0x800002e0 (0x01236ab3) or      s5, t1, s2
core   0: 3 0x800002e0 (0x01236ab3) x21 0x97568001
core   0: 0x800002e4 (0xfb6242e3) blt     tp, s6, pc - 92
core   0: 3 0x800002e4 (0xfb6242e3)
core   0: 0x80000288 (0xc31dce97) auipc   t4, 0xc31dc
core   0: 3 0x80000288 (0xc31dce97) x29 0x431dc288
core   0: 0x8000028c (0x00120213) addi    tp, tp, 1
core   0: 3 0x8000028c (0x00120213) x 4 0xffffffff
core   0: 0x80000290 (0x008a5033) srl     zero, s4, s0
core   0: 3 0x80000290 (0x008a5033)
core   0: 0x80000294 (0x0188be33) sltu    t3, a7, s8
core   0: 3 0x80000294 (0x0188be33) x28 0x00000000
core   0: 0x80000298 (0xffc00693) li      a3, -4
core   0: 3 0x80000298 (0xffc00693) x13 0xfffffffc
core   0: 0x8000029c (0x40985cb3) sra     s9, a6, s1
core   0: 3 0x8000029c (0x40985cb3) x25 0xff800000
core   0: 0x800002a0 (0xe74c0613) addi    a2, s8, -396
core   0: 3 0x800002a0 (0xe74c0613) x12 0xffffff14
core   0: 0x800002a4 (0x6a52fc13) andi    s8, t0, 1701
core   0: 3 0x800002a4 (0x6a52fc13) x24 0x000000a0
core   0: 0x800002a8 (0x00800d13) li      s10, 8
core   0: 3 0x800002a8 (0x00800d13) x26 0x00000008
core   0: 0x800002ac (0x50b88593) addi    a1, a7, 1291
core   0: 3 0x800002ac (0x50b88593) x11 0x8002d1ef
core   0: 0x800002b0 (0x41258e33) sub     t3, a1, s2
core   0: 3 0x800002b0 (0x41258e33) x28 0x8002d1ee
core   0: 0x800002b4 (0x00000013) nop
core   0: 3 0x800002b4 (0x00000013)
core   0: 0x800002b8 (0x0f37b513) sltiu   a0, a5, 243
core   0: 3 0x800002b8 (0x0f37b513) x10 0x00000000
core   0: 0x800002bc (0x00185fb3) srl     t6, a6, ra
core   0: 3 0x800002bc (0x00185fb3) x31 0x00000080
core   0: 0x800002c0 (0x00468693) addi    a3, a3, 4
core   0: 3 0x800002c0 (0x00468693) x13 0x00000000
core   0: 0x800002c4 (0x0049b133) sltu    sp, s3, tp
core   0: 3 0x800002c4 (0x0049b133) x 2 0x00000001
core   0: 0x800002c8 (0x01675eb3) srl     t4, a4, s6
core   0: 3 0x800002c8 (0x01675eb3) x29 0x0000013f
core   0: 0x800002cc (0x0047fbb3) and     s7, a5, tp
core   0: 3 0x800002cc (0x0047fbb3) x23 0x80028e64
core   0: 0x800002d0 (0xffa6e0e3) bltu    a3, s10, pc - 32
core   0: 3 0x800002d0 (0xffa6e0e3)
core   0: 0x800002b0 (0x41258e33) sub     t3, a1, s2
core   0: 3 0x800002b0 (0x41258e33) x28 0x8002d1ee
core   0: 0x800002b4 (0x00000013) nop
core   0: 3 0x800002b4 (0x00000013)
core   0: 0x800002b8 (0x0f37b513) sltiu   a0, a5, 243
core   0: 3 0x800002b8 (0x0f37b513) x10 0x00000000
core   0: 0x800002bc (0x00185fb3) srl     t6, a6, ra
core   0: 3 0x800002bc (0x00185fb3) x31 0x00000080
core   0: 0x800002c0 (0x00468693) addi    a3, a3, 4
core   0: 3 0x800002c0 (0x00468693) x13 0x00000004
core   0: 0x800002c4 (0x0049b133) sltu    sp, s3, tp
core   0: 3 0x800002c4 (0x0049b133) x 2 0x00000001
core   0: 0x800002c8 (0x01675eb3) srl     t4, a4, s6
core   0: 3 0x800002c8 (0x01675eb3) x29 0x0000013f
core   0: 0x800002cc (0x0047fbb3) and     s7, a5, tp
core   0: 3 0x800002cc (0x0047fbb3) x23 0x80028e64
core   0: 0x800002d0 (0xffa6e0e3) bltu    a3, s10, pc - 32
core   0: 3 0x800002d0 (0xffa6e0e3)
core   0: 0x800002b0 (0x41258e33) sub     t3, a1, s2
core   0: 3 0x800002b0 (0x41258e33) x28 0x8002d1ee
core   0: 0x800002b4 (0x00000013) nop
core   0: 3 0x800002b4 (0x00000013)
core   0: 0x800002b8 (0x0f37b513) sltiu   a0, a5, 243
core   0: 3 0x800002b8 (0x0f37b513) x10 0x00000000
core   0: 0x800002bc (0x00185fb3) srl     t6, a6, ra
core   0: 3 0x800002bc (0x00185fb3) x31 0x00000080
core   0: 0x800002c0 (0x00468693) addi    a3, a3, 4
core   0: 3 0x800002c0 (0x00468693) x13 0x00000008
core   0: 0x800002c4 (0x0049b133) sltu    sp, s3, tp
core   0: 3 0x800002c4 (0x0049b133) x 2 0x00000001
core   0: 0x800002c8 (0x01675eb3) srl     t4, a4, s6
core   0: 3 0x800002c8 (0x01675eb3) x29 0x0000013f
core   0: 0x800002cc (0x0047fbb3) and     s7, a5, tp
core   0: 3 0x800002cc (0x0047fbb3) x23 0x80028e64
core   0: 0x800002d0 (0xffa6e0e3) bltu    a3, s10, pc - 32
core   0: 3 0x800002d0 (0xffa6e0e3)
core   0: 0x800002d4 (0xd2b72993) slti    s3, a4, -725
core   0: 3 0x800002d4 (0xd2b72993) x19 0x00000000
core   0: 0x800002d8 (0x00d1b133) sltu    sp, gp, a3
core   0: 3 0x800002d8 (0x00d1b133) x 2 0x00000000
core   0: 0x800002dc (0x97568337) lui     t1, 0x97568
core   0: 3 0x800002dc (0x97568337) x 6 0x97568000
core   0: 0x800002e0 (0x01236ab3) or      s5, t1, s2
core   0: 3 0x800002e0 (0x01236ab3) x21 0x97568001
core   0: 0x800002e4 (0xfb6242e3) blt     tp, s6, pc - 92
core   0: 3 0x800002e4 (0xfb6242e3)
core   0: 0x80000288 (0xc31dce97) auipc   t4, 0xc31dc
core   0: 3 0x80000288 (0xc31dce97) x29 0x431dc288
core   0: 0x8000028c (0x00120213) addi    tp, tp, 1
core   0: 3 0x8000028c (0x00120213) x 4 0x00000000
core   0: 0x80000290 (0x008a5033) srl     zero, s4, s0
core   0: 3 0x80000290 (0x008a5033)
core   0: 0x80000294 (0x0188be33) sltu    t3, a7, s8
core   0: 3 0x80000294 (0x0188be33) x28 0x00000000
core   0: 0x80000298 (0xffc00693) li      a3, -4
core   0: 3 0x80000298 (0xffc00693) x13 0xfffffffc
core   0: 0x8000029c (0x40985cb3) sra     s9, a6, s1
core   0: 3 0x8000029c (0x40985cb3) x25 0xff800000
core   0: 0x800002a0 (0xe74c0613) addi    a2, s8, -396
core   0: 3 0x800002a0 (0xe74c0613) x12 0xffffff14
core   0: 0x800002a4 (0x6a52fc13) andi    s8, t0, 1701
core   0: 3 0x800002a4 (0x6a52fc13) x24 0x000000a0
core   0: 0x800002a8 (0x00800d13) li      s10, 8
core   0: 3 0x800002a8 (0x00800d13) x26 0x00000008
core   0: 0x800002ac (0x50b88593) addi    a1, a7, 1291
core   0: 3 0x800002ac (0x50b88593) x11 0x8002d1ef
core   0: 0x800002b0 (0x41258e33) sub     t3, a1, s2
core   0: 3 0x800002b0 (0x41258e33) x28 0x8002d1ee
core   0: 0x800002b4 (0x00000013) nop
core   0: 3 0x800002b4 (0x00000013)
core   0: 0x800002b8 (0x0f37b513) sltiu   a0, a5, 243
core   0: 3 0x800002b8 (0x0f37b513) x10 0x00000000
core   0: 0x800002bc (0x00185fb3) srl     t6, a6, ra
core   0: 3 0x800002bc (0x00185fb3) x31 0x00000080
core   0: 0x800002c0 (0x00468693) addi    a3, a3, 4
core   0: 3 0x800002c0 (0x00468693) x13 0x00000000
core   0: 0x800002c4 (0x0049b133) sltu    sp, s3, tp
core   0: 3 0x800002c4 (0x0049b133) x 2 0x00000000
core   0: 0x800002c8 (0x01675eb3) srl     t4, a4, s6
core   0: 3 0x800002c8 (0x01675eb3) x29 0x0000013f
core   0: 0x800002cc (0x0047fbb3) and     s7, a5, tp
core   0: 3 0x800002cc (0x0047fbb3) x23 0x00000000
core   0: 0x800002d0 (0xffa6e0e3) bltu    a3, s10, pc - 32
core   0: 3 0x800002d0 (0xffa6e0e3)
core   0: 0x800002b0 (0x41258e33) sub     t3, a1, s2
core   0: 3 0x800002b0 (0x41258e33) x28 0x8002d1ee
core   0: 0x800002b4 (0x00000013) nop
core   0: 3 0x800002b4 (0x00000013)
core   0: 0x800002b8 (0x0f37b513) sltiu   a0, a5, 243
core   0: 3 0x800002b8 (0x0f37b513) x10 0x00000000
core   0: 0x800002bc (0x00185fb3) srl     t6, a6, ra
core   0: 3 0x800002bc (0x00185fb3) x31 0x00000080
core   0: 0x800002c0 (0x00468693) addi    a3, a3, 4
core   0: 3 0x800002c0 (0x00468693) x13 0x00000004
core   0: 0x800002c4 (0x0049b133) sltu    sp, s3, tp
core   0: 3 0x800002c4 (0x0049b133) x 2 0x00000000
core   0: 0x800002c8 (0x01675eb3) srl     t4, a4, s6
core   0: 3 0x800002c8 (0x01675eb3) x29 0x0000013f
core   0: 0x800002cc (0x0047fbb3) and     s7, a5, tp
core   0: 3 0x800002cc (0x0047fbb3) x23 0x00000000
core   0: 0x800002d0 (0xffa6e0e3) bltu    a3, s10, pc - 32
core   0: 3 0x800002d0 (0xffa6e0e3)
core   0: 0x800002b0 (0x41258e33) sub     t3, a1, s2
core   0: 3 0x800002b0 (0x41258e33) x28 0x8002d1ee
core   0: 0x800002b4 (0x00000013) nop
core   0: 3 0x800002b4 (0x00000013)
core   0: 0x800002b8 (0x0f37b513) sltiu   a0, a5, 243
core   0: 3 0x800002b8 (0x0f37b513) x10 0x00000000
core   0: 0x800002bc (0x00185fb3) srl     t6, a6, ra
core   0: 3 0x800002bc (0x00185fb3) x31 0x00000080
core   0: 0x800002c0 (0x00468693) addi    a3, a3, 4
core   0: 3 0x800002c0 (0x00468693) x13 0x00000008
core   0: 0x800002c4 (0x0049b133) sltu    sp, s3, tp
core   0: 3 0x800002c4 (0x0049b133) x 2 0x00000000
core   0: 0x800002c8 (0x01675eb3) srl     t4, a4, s6
core   0: 3 0x800002c8 (0x01675eb3) x29 0x0000013f
core   0: 0x800002cc (0x0047fbb3) and     s7, a5, tp
core   0: 3 0x800002cc (0x0047fbb3) x23 0x00000000
core   0: 0x800002d0 (0xffa6e0e3) bltu    a3, s10, pc - 32
core   0: 3 0x800002d0 (0xffa6e0e3)
core   0: 0x800002d4 (0xd2b72993) slti    s3, a4, -725
core   0: 3 0x800002d4 (0xd2b72993) x19 0x00000000
core   0: 0x800002d8 (0x00d1b133) sltu    sp, gp, a3
core   0: 3 0x800002d8 (0x00d1b133) x 2 0x00000000
core   0: 0x800002dc (0x97568337) lui     t1, 0x97568
core   0: 3 0x800002dc (0x97568337) x 6 0x97568000
core   0: 0x800002e0 (0x01236ab3) or      s5, t1, s2
core   0: 3 0x800002e0 (0x01236ab3) x21 0x97568001
core   0: 0x800002e4 (0xfb6242e3) blt     tp, s6, pc - 92
core   0: 3 0x800002e4 (0xfb6242e3)
core   0: 0x80000288 (0xc31dce97) auipc   t4, 0xc31dc
core   0: 3 0x80000288 (0xc31dce97) x29 0x431dc288
core   0: 0x8000028c (0x00120213) addi    tp, tp, 1
core   0: 3 0x8000028c (0x00120213) x 4 0x00000001
core   0: 0x80000290 (0x008a5033) srl     zero, s4, s0
core   0: 3 0x80000290 (0x008a5033)
core   0: 0x80000294 (0x0188be33) sltu    t3, a7, s8
core   0: 3 0x80000294 (0x0188be33) x28 0x00000000
core   0: 0x80000298 (0xffc00693) li      a3, -4
core   0: 3 0x80000298 (0xffc00693) x13 0xfffffffc
core   0: 0x8000029c (0x40985cb3) sra     s9, a6, s1
core   0: 3 0x8000029c (0x40985cb3) x25 0xff800000
core   0: 0x800002a0 (0xe74c0613) addi    a2, s8, -396
core   0: 3 0x800002a0 (0xe74c0613) x12 0xffffff14
core   0: 0x800002a4 (0x6a52fc13) andi    s8, t0, 1701
core   0: 3 0x800002a4 (0x6a52fc13) x24 0x000000a0
core   0: 0x800002a8 (0x00800d13) li      s10, 8
core   0: 3 0x800002a8 (0x00800d13) x26 0x00000008
core   0: 0x800002ac (0x50b88593) addi    a1, a7, 1291
core   0: 3 0x800002ac (0x50b88593) x11 0x8002d1ef
core   0: 0x800002b0 (0x41258e33) sub     t3, a1, s2
core   0: 3 0x800002b0 (0x41258e33) x28 0x8002d1ee
core   0: 0x800002b4 (0x00000013) nop
core   0: 3 0x800002b4 (0x00000013)
core   0: 0x800002b8 (0x0f37b513) sltiu   a0, a5, 243
core   0: 3 0x800002b8 (0x0f37b513) x10 0x00000000
core   0: 0x800002bc (0x00185fb3) srl     t6, a6, ra
core   0: 3 0x800002bc (0x00185fb3) x31 0x00000080
core   0: 0x800002c0 (0x00468693) addi    a3, a3, 4
core   0: 3 0x800002c0 (0x00468693) x13 0x00000000
core   0: 0x800002c4 (0x0049b133) sltu    sp, s3, tp
core   0: 3 0x800002c4 (0x0049b133) x 2 0x00000001
core   0: 0x800002c8 (0x01675eb3) srl     t4, a4, s6
core   0: 3 0x800002c8 (0x01675eb3) x29 0x0000013f
core   0: 0x800002cc (0x0047fbb3) and     s7, a5, tp
core   0: 3 0x800002cc (0x0047fbb3) x23 0x00000000
core   0: 0x800002d0 (0xffa6e0e3) bltu    a3, s10, pc - 32
core   0: 3 0x800002d0 (0xffa6e0e3)
core   0: 0x800002b0 (0x41258e33) sub     t3, a1, s2
core   0: 3 0x800002b0 (0x41258e33) x28 0x8002d1ee
core   0: 0x800002b4 (0x00000013) nop
core   0: 3 0x800002b4 (0x00000013)
core   0: 0x800002b8 (0x0f37b513) sltiu   a0, a5, 243
core   0: 3 0x800002b8 (0x0f37b513) x10 0x00000000
core   0: 0x800002bc (0x00185fb3) srl     t6, a6, ra
core   0: 3 0x800002bc (0x00185fb3) x31 0x00000080
core   0: 0x800002c0 (0x00468693) addi    a3, a3, 4
core   0: 3 0x800002c0 (0x00468693) x13 0x00000004
core   0: 0x800002c4 (0x0049b133) sltu    sp, s3, tp
core   0: 3 0x800002c4 (0x0049b133) x 2 0x00000001
core   0: 0x800002c8 (0x01675eb3) srl     t4, a4, s6
core   0: 3 0x800002c8 (0x01675eb3) x29 0x0000013f
core   0: 0x800002cc (0x0047fbb3) and     s7, a5, tp
core   0: 3 0x800002cc (0x0047fbb3) x23 0x00000000
core   0: 0x800002d0 (0xffa6e0e3) bltu    a3, s10, pc - 32
core   0: 3 0x800002d0 (0xffa6e0e3)
core   0: 0x800002b0 (0x41258e33) sub     t3, a1, s2
core   0: 3 0x800002b0 (0x41258e33) x28 0x8002d1ee
core   0: 0x800002b4 (0x00000013) nop
core   0: 3 0x800002b4 (0x00000013)
core   0: 0x800002b8 (0x0f37b513) sltiu   a0, a5, 243
core   0: 3 0x800002b8 (0x0f37b513) x10 0x00000000
core   0: 0x800002bc (0x00185fb3) srl     t6, a6, ra
core   0: 3 0x800002bc (0x00185fb3) x31 0x00000080
core   0: 0x800002c0 (0x00468693) addi    a3, a3, 4
core   0: 3 0x800002c0 (0x00468693) x13 0x00000008
core   0: 0x800002c4 (0x0049b133) sltu    sp, s3, tp
core   0: 3 0x800002c4 (0x0049b133) x 2 0x00000001
core   0: 0x800002c8 (0x01675eb3) srl     t4, a4, s6
core   0: 3 0x800002c8 (0x01675eb3) x29 0x0000013f
core   0: 0x800002cc (0x0047fbb3) and     s7, a5, tp
core   0: 3 0x800002cc (0x0047fbb3) x23 0x00000000
core   0: 0x800002d0 (0xffa6e0e3) bltu    a3, s10, pc - 32
core   0: 3 0x800002d0 (0xffa6e0e3)
core   0: 0x800002d4 (0xd2b72993) slti    s3, a4, -725
core   0: 3 0x800002d4 (0xd2b72993) x19 0x00000000
core   0: 0x800002d8 (0x00d1b133) sltu    sp, gp, a3
core   0: 3 0x800002d8 (0x00d1b133) x 2 0x00000000
core   0: 0x800002dc (0x97568337) lui     t1, 0x97568
core   0: 3 0x800002dc (0x97568337) x 6 0x97568000
core   0: 0x800002e0 (0x01236ab3) or      s5, t1, s2
core   0: 3 0x800002e0 (0x01236ab3) x21 0x97568001
core   0: 0x800002e4 (0xfb6242e3) blt     tp, s6, pc - 92
core   0: 3 0x800002e4 (0xfb6242e3)
core   0: 0x80000288 (0xc31dce97) auipc   t4, 0xc31dc
core   0: 3 0x80000288 (0xc31dce97) x29 0x431dc288
core   0: 0x8000028c (0x00120213) addi    tp, tp, 1
core   0: 3 0x8000028c (0x00120213) x 4 0x00000002
core   0: 0x80000290 (0x008a5033) srl     zero, s4, s0
core   0: 3 0x80000290 (0x008a5033)
core   0: 0x80000294 (0x0188be33) sltu    t3, a7, s8
core   0: 3 0x80000294 (0x0188be33) x28 0x00000000
core   0: 0x80000298 (0xffc00693) li      a3, -4
core   0: 3 0x80000298 (0xffc00693) x13 0xfffffffc
core   0: 0x8000029c (0x40985cb3) sra     s9, a6, s1
core   0: 3 0x8000029c (0x40985cb3) x25 0xff800000
core   0: 0x800002a0 (0xe74c0613) addi    a2, s8, -396
core   0: 3 0x800002a0 (0xe74c0613) x12 0xffffff14
core   0: 0x800002a4 (0x6a52fc13) andi    s8, t0, 1701
core   0: 3 0x800002a4 (0x6a52fc13) x24 0x000000a0
core   0: 0x800002a8 (0x00800d13) li      s10, 8
core   0: 3 0x800002a8 (0x00800d13) x26 0x00000008
core   0: 0x800002ac (0x50b88593) addi    a1, a7, 1291
core   0: 3 0x800002ac (0x50b88593) x11 0x8002d1ef
core   0: 0x800002b0 (0x41258e33) sub     t3, a1, s2
core   0: 3 0x800002b0 (0x41258e33) x28 0x8002d1ee
core   0: 0x800002b4 (0x00000013) nop
core   0: 3 0x800002b4 (0x00000013)
core   0: 0x800002b8 (0x0f37b513) sltiu   a0, a5, 243
core   0: 3 0x800002b8 (0x0f37b513) x10 0x00000000
core   0: 0x800002bc (0x00185fb3) srl     t6, a6, ra
core   0: 3 0x800002bc (0x00185fb3) x31 0x00000080
core   0: 0x800002c0 (0x00468693) addi    a3, a3, 4
core   0: 3 0x800002c0 (0x00468693) x13 0x00000000
core   0: 0x800002c4 (0x0049b133) sltu    sp, s3, tp
core   0: 3 0x800002c4 (0x0049b133) x 2 0x00000001
core   0: 0x800002c8 (0x01675eb3) srl     t4, a4, s6
core   0: 3 0x800002c8 (0x01675eb3) x29 0x0000013f
core   0: 0x800002cc (0x0047fbb3) and     s7, a5, tp
core   0: 3 0x800002cc (0x0047fbb3) x23 0x00000000
core   0: 0x800002d0 (0xffa6e0e3) bltu    a3, s10, pc - 32
core   0: 3 0x800002d0 (0xffa6e0e3)
core   0: 0x800002b0 (0x41258e33) sub     t3, a1, s2
core   0: 3 0x800002b0 (0x41258e33) x28 0x8002d1ee
core   0: 0x800002b4 (0x00000013) nop
core   0: 3 0x800002b4 (0x00000013)
core   0: 0x800002b8 (0x0f37b513) sltiu   a0, a5, 243
core   0: 3 0x800002b8 (0x0f37b513) x10 0x00000000
core   0: 0x800002bc (0x00185fb3) srl     t6, a6, ra
core   0: 3 0x800002bc (0x00185fb3) x31 0x00000080
core   0: 0x800002c0 (0x00468693) addi    a3, a3, 4
core   0: 3 0x800002c0 (0x00468693) x13 0x00000004
core   0: 0x800002c4 (0x0049b133) sltu    sp, s3, tp
core   0: 3 0x800002c4 (0x0049b133) x 2 0x00000001
core   0: 0x800002c8 (0x01675eb3) srl     t4, a4, s6
core   0: 3 0x800002c8 (0x01675eb3) x29 0x0000013f
core   0: 0x800002cc (0x0047fbb3) and     s7, a5, tp
core   0: 3 0x800002cc (0x0047fbb3) x23 0x00000000
core   0: 0x800002d0 (0xffa6e0e3) bltu    a3, s10, pc - 32
core   0: 3 0x800002d0 (0xffa6e0e3)
core   0: 0x800002b0 (0x41258e33) sub     t3, a1, s2
core   0: 3 0x800002b0 (0x41258e33) x28 0x8002d1ee
core   0: 0x800002b4 (0x00000013) nop
core   0: 3 0x800002b4 (0x00000013)
core   0: 0x800002b8 (0x0f37b513) sltiu   a0, a5, 243
core   0: 3 0x800002b8 (0x0f37b513) x10 0x00000000
core   0: 0x800002bc (0x00185fb3) srl     t6, a6, ra
core   0: 3 0x800002bc (0x00185fb3) x31 0x00000080
core   0: 0x800002c0 (0x00468693) addi    a3, a3, 4
core   0: 3 0x800002c0 (0x00468693) x13 0x00000008
core   0: 0x800002c4 (0x0049b133) sltu    sp, s3, tp
core   0: 3 0x800002c4 (0x0049b133) x 2 0x00000001
core   0: 0x800002c8 (0x01675eb3) srl     t4, a4, s6
core   0: 3 0x800002c8 (0x01675eb3) x29 0x0000013f
core   0: 0x800002cc (0x0047fbb3) and     s7, a5, tp
core   0: 3 0x800002cc (0x0047fbb3) x23 0x00000000
core   0: 0x800002d0 (0xffa6e0e3) bltu    a3, s10, pc - 32
core   0: 3 0x800002d0 (0xffa6e0e3)
core   0: 0x800002d4 (0xd2b72993) slti    s3, a4, -725
core   0: 3 0x800002d4 (0xd2b72993) x19 0x00000000
core   0: 0x800002d8 (0x00d1b133) sltu    sp, gp, a3
core   0: 3 0x800002d8 (0x00d1b133) x 2 0x00000000
core   0: 0x800002dc (0x97568337) lui     t1, 0x97568
core   0: 3 0x800002dc (0x97568337) x 6 0x97568000
core   0: 0x800002e0 (0x01236ab3) or      s5, t1, s2
core   0: 3 0x800002e0 (0x01236ab3) x21 0x97568001
core   0: 0x800002e4 (0xfb6242e3) blt     tp, s6, pc - 92
core   0: 3 0x800002e4 (0xfb6242e3)
core   0: 0x80000288 (0xc31dce97) auipc   t4, 0xc31dc
core   0: 3 0x80000288 (0xc31dce97) x29 0x431dc288
core   0: 0x8000028c (0x00120213) addi    tp, tp, 1
core   0: 3 0x8000028c (0x00120213) x 4 0x00000003
core   0: 0x80000290 (0x008a5033) srl     zero, s4, s0
core   0: 3 0x80000290 (0x008a5033)
core   0: 0x80000294 (0x0188be33) sltu    t3, a7, s8
core   0: 3 0x80000294 (0x0188be33) x28 0x00000000
core   0: 0x80000298 (0xffc00693) li      a3, -4
core   0: 3 0x80000298 (0xffc00693) x13 0xfffffffc
core   0: 0x8000029c (0x40985cb3) sra     s9, a6, s1
core   0: 3 0x8000029c (0x40985cb3) x25 0xff800000
core   0: 0x800002a0 (0xe74c0613) addi    a2, s8, -396
core   0: 3 0x800002a0 (0xe74c0613) x12 0xffffff14
core   0: 0x800002a4 (0x6a52fc13) andi    s8, t0, 1701
core   0: 3 0x800002a4 (0x6a52fc13) x24 0x000000a0
core   0: 0x800002a8 (0x00800d13) li      s10, 8
core   0: 3 0x800002a8 (0x00800d13) x26 0x00000008
core   0: 0x800002ac (0x50b88593) addi    a1, a7, 1291
core   0: 3 0x800002ac (0x50b88593) x11 0x8002d1ef
core   0: 0x800002b0 (0x41258e33) sub     t3, a1, s2
core   0: 3 0x800002b0 (0x41258e33) x28 0x8002d1ee
core   0: 0x800002b4 (0x00000013) nop
core   0: 3 0x800002b4 (0x00000013)
core   0: 0x800002b8 (0x0f37b513) sltiu   a0, a5, 243
core   0: 3 0x800002b8 (0x0f37b513) x10 0x00000000
core   0: 0x800002bc (0x00185fb3) srl     t6, a6, ra
core   0: 3 0x800002bc (0x00185fb3) x31 0x00000080
core   0: 0x800002c0 (0x00468693) addi    a3, a3, 4
core   0: 3 0x800002c0 (0x00468693) x13 0x00000000
core   0: 0x800002c4 (0x0049b133) sltu    sp, s3, tp
core   0: 3 0x800002c4 (0x0049b133) x 2 0x00000001
core   0: 0x800002c8 (0x01675eb3) srl     t4, a4, s6
core   0: 3 0x800002c8 (0x01675eb3) x29 0x0000013f
core   0: 0x800002cc (0x0047fbb3) and     s7, a5, tp
core   0: 3 0x800002cc (0x0047fbb3) x23 0x00000000
core   0: 0x800002d0 (0xffa6e0e3) bltu    a3, s10, pc - 32
core   0: 3 0x800002d0 (0xffa6e0e3)
core   0: 0x800002b0 (0x41258e33) sub     t3, a1, s2
core   0: 3 0x800002b0 (0x41258e33) x28 0x8002d1ee
core   0: 0x800002b4 (0x00000013) nop
core   0: 3 0x800002b4 (0x00000013)
core   0: 0x800002b8 (0x0f37b513) sltiu   a0, a5, 243
core   0: 3 0x800002b8 (0x0f37b513) x10 0x00000000
core   0: 0x800002bc (0x00185fb3) srl     t6, a6, ra
core   0: 3 0x800002bc (0x00185fb3) x31 0x00000080
core   0: 0x800002c0 (0x00468693) addi    a3, a3, 4
core   0: 3 0x800002c0 (0x00468693) x13 0x00000004
core   0: 0x800002c4 (0x0049b133) sltu    sp, s3, tp
core   0: 3 0x800002c4 (0x0049b133) x 2 0x00000001
core   0: 0x800002c8 (0x01675eb3) srl     t4, a4, s6
core   0: 3 0x800002c8 (0x01675eb3) x29 0x0000013f
core   0: 0x800002cc (0x0047fbb3) and     s7, a5, tp
core   0: 3 0x800002cc (0x0047fbb3) x23 0x00000000
core   0: 0x800002d0 (0xffa6e0e3) bltu    a3, s10, pc - 32
core   0: 3 0x800002d0 (0xffa6e0e3)
core   0: 0x800002b0 (0x41258e33) sub     t3, a1, s2
core   0: 3 0x800002b0 (0x41258e33) x28 0x8002d1ee
core   0: 0x800002b4 (0x00000013) nop
core   0: 3 0x800002b4 (0x00000013)
core   0: 0x800002b8 (0x0f37b513) sltiu   a0, a5, 243
core   0: 3 0x800002b8 (0x0f37b513) x10 0x00000000
core   0: 0x800002bc (0x00185fb3) srl     t6, a6, ra
core   0: 3 0x800002bc (0x00185fb3) x31 0x00000080
core   0: 0x800002c0 (0x00468693) addi    a3, a3, 4
core   0: 3 0x800002c0 (0x00468693) x13 0x00000008
core   0: 0x800002c4 (0x0049b133) sltu    sp, s3, tp
core   0: 3 0x800002c4 (0x0049b133) x 2 0x00000001
core   0: 0x800002c8 (0x01675eb3) srl     t4, a4, s6
core   0: 3 0x800002c8 (0x01675eb3) x29 0x0000013f
core   0: 0x800002cc (0x0047fbb3) and     s7, a5, tp
core   0: 3 0x800002cc (0x0047fbb3) x23 0x00000000
core   0: 0x800002d0 (0xffa6e0e3) bltu    a3, s10, pc - 32
core   0: 3 0x800002d0 (0xffa6e0e3)
core   0: 0x800002d4 (0xd2b72993) slti    s3, a4, -725
core   0: 3 0x800002d4 (0xd2b72993) x19 0x00000000
core   0: 0x800002d8 (0x00d1b133) sltu    sp, gp, a3
core   0: 3 0x800002d8 (0x00d1b133) x 2 0x00000000
core   0: 0x800002dc (0x97568337) lui     t1, 0x97568
core   0: 3 0x800002dc (0x97568337) x 6 0x97568000
core   0: 0x800002e0 (0x01236ab3) or      s5, t1, s2
core   0: 3 0x800002e0 (0x01236ab3) x21 0x97568001
core   0: 0x800002e4 (0xfb6242e3) blt     tp, s6, pc - 92
core   0: 3 0x800002e4 (0xfb6242e3)
core   0: 0x80000288 (0xc31dce97) auipc   t4, 0xc31dc
core   0: 3 0x80000288 (0xc31dce97) x29 0x431dc288
core   0: 0x8000028c (0x00120213) addi    tp, tp, 1
core   0: 3 0x8000028c (0x00120213) x 4 0x00000004
core   0: 0x80000290 (0x008a5033) srl     zero, s4, s0
core   0: 3 0x80000290 (0x008a5033)
core   0: 0x80000294 (0x0188be33) sltu    t3, a7, s8
core   0: 3 0x80000294 (0x0188be33) x28 0x00000000
core   0: 0x80000298 (0xffc00693) li      a3, -4
core   0: 3 0x80000298 (0xffc00693) x13 0xfffffffc
core   0: 0x8000029c (0x40985cb3) sra     s9, a6, s1
core   0: 3 0x8000029c (0x40985cb3) x25 0xff800000
core   0: 0x800002a0 (0xe74c0613) addi    a2, s8, -396
core   0: 3 0x800002a0 (0xe74c0613) x12 0xffffff14
core   0: 0x800002a4 (0x6a52fc13) andi    s8, t0, 1701
core   0: 3 0x800002a4 (0x6a52fc13) x24 0x000000a0
core   0: 0x800002a8 (0x00800d13) li      s10, 8
core   0: 3 0x800002a8 (0x00800d13) x26 0x00000008
core   0: 0x800002ac (0x50b88593) addi    a1, a7, 1291
core   0: 3 0x800002ac (0x50b88593) x11 0x8002d1ef
core   0: 0x800002b0 (0x41258e33) sub     t3, a1, s2
core   0: 3 0x800002b0 (0x41258e33) x28 0x8002d1ee
core   0: 0x800002b4 (0x00000013) nop
core   0: 3 0x800002b4 (0x00000013)
core   0: 0x800002b8 (0x0f37b513) sltiu   a0, a5, 243
core   0: 3 0x800002b8 (0x0f37b513) x10 0x00000000
core   0: 0x800002bc (0x00185fb3) srl     t6, a6, ra
core   0: 3 0x800002bc (0x00185fb3) x31 0x00000080
core   0: 0x800002c0 (0x00468693) addi    a3, a3, 4
core   0: 3 0x800002c0 (0x00468693) x13 0x00000000
core   0: 0x800002c4 (0x0049b133) sltu    sp, s3, tp
core   0: 3 0x800002c4 (0x0049b133) x 2 0x00000001
core   0: 0x800002c8 (0x01675eb3) srl     t4, a4, s6
core   0: 3 0x800002c8 (0x01675eb3) x29 0x0000013f
core   0: 0x800002cc (0x0047fbb3) and     s7, a5, tp
core   0: 3 0x800002cc (0x0047fbb3) x23 0x00000004
core   0: 0x800002d0 (0xffa6e0e3) bltu    a3, s10, pc - 32
core   0: 3 0x800002d0 (0xffa6e0e3)
core   0: 0x800002b0 (0x41258e33) sub     t3, a1, s2
core   0: 3 0x800002b0 (0x41258e33) x28 0x8002d1ee
core   0: 0x800002b4 (0x00000013) nop
core   0: 3 0x800002b4 (0x00000013)
core   0: 0x800002b8 (0x0f37b513) sltiu   a0, a5, 243
core   0: 3 0x800002b8 (0x0f37b513) x10 0x00000000
core   0: 0x800002bc (0x00185fb3) srl     t6, a6, ra
core   0: 3 0x800002bc (0x00185fb3) x31 0x00000080
core   0: 0x800002c0 (0x00468693) addi    a3, a3, 4
core   0: 3 0x800002c0 (0x00468693) x13 0x00000004
core   0: 0x800002c4 (0x0049b133) sltu    sp, s3, tp
core   0: 3 0x800002c4 (0x0049b133) x 2 0x00000001
core   0: 0x800002c8 (0x01675eb3) srl     t4, a4, s6
core   0: 3 0x800002c8 (0x01675eb3) x29 0x0000013f
core   0: 0x800002cc (0x0047fbb3) and     s7, a5, tp
core   0: 3 0x800002cc (0x0047fbb3) x23 0x00000004
core   0: 0x800002d0 (0xffa6e0e3) bltu    a3, s10, pc - 32
core   0: 3 0x800002d0 (0xffa6e0e3)
core   0: 0x800002b0 (0x41258e33) sub     t3, a1, s2
core   0: 3 0x800002b0 (0x41258e33) x28 0x8002d1ee
core   0: 0x800002b4 (0x00000013) nop
core   0: 3 0x800002b4 (0x00000013)
core   0: 0x800002b8 (0x0f37b513) sltiu   a0, a5, 243
core   0: 3 0x800002b8 (0x0f37b513) x10 0x00000000
core   0: 0x800002bc (0x00185fb3) srl     t6, a6, ra
core   0: 3 0x800002bc (0x00185fb3) x31 0x00000080
core   0: 0x800002c0 (0x00468693) addi    a3, a3, 4
core   0: 3 0x800002c0 (0x00468693) x13 0x00000008
core   0: 0x800002c4 (0x0049b133) sltu    sp, s3, tp
core   0: 3 0x800002c4 (0x0049b133) x 2 0x00000001
core   0: 0x800002c8 (0x01675eb3) srl     t4, a4, s6
core   0: 3 0x800002c8 (0x01675eb3) x29 0x0000013f
core   0: 0x800002cc (0x0047fbb3) and     s7, a5, tp
core   0: 3 0x800002cc (0x0047fbb3) x23 0x00000004
core   0: 0x800002d0 (0xffa6e0e3) bltu    a3, s10, pc - 32
core   0: 3 0x800002d0 (0xffa6e0e3)
core   0: 0x800002d4 (0xd2b72993) slti    s3, a4, -725
core   0: 3 0x800002d4 (0xd2b72993) x19 0x00000000
core   0: 0x800002d8 (0x00d1b133) sltu    sp, gp, a3
core   0: 3 0x800002d8 (0x00d1b133) x 2 0x00000000
core   0: 0x800002dc (0x97568337) lui     t1, 0x97568
core   0: 3 0x800002dc (0x97568337) x 6 0x97568000
core   0: 0x800002e0 (0x01236ab3) or      s5, t1, s2
core   0: 3 0x800002e0 (0x01236ab3) x21 0x97568001
core   0: 0x800002e4 (0xfb6242e3) blt     tp, s6, pc - 92
core   0: 3 0x800002e4 (0xfb6242e3)
core   0: 0x80000288 (0xc31dce97) auipc   t4, 0xc31dc
core   0: 3 0x80000288 (0xc31dce97) x29 0x431dc288
core   0: 0x8000028c (0x00120213) addi    tp, tp, 1
core   0: 3 0x8000028c (0x00120213) x 4 0x00000005
core   0: 0x80000290 (0x008a5033) srl     zero, s4, s0
core   0: 3 0x80000290 (0x008a5033)
core   0: 0x80000294 (0x0188be33) sltu    t3, a7, s8
core   0: 3 0x80000294 (0x0188be33) x28 0x00000000
core   0: 0x80000298 (0xffc00693) li      a3, -4
core   0: 3 0x80000298 (0xffc00693) x13 0xfffffffc
core   0: 0x8000029c (0x40985cb3) sra     s9, a6, s1
core   0: 3 0x8000029c (0x40985cb3) x25 0xff800000
core   0: 0x800002a0 (0xe74c0613) addi    a2, s8, -396
core   0: 3 0x800002a0 (0xe74c0613) x12 0xffffff14
core   0: 0x800002a4 (0x6a52fc13) andi    s8, t0, 1701
core   0: 3 0x800002a4 (0x6a52fc13) x24 0x000000a0
core   0: 0x800002a8 (0x00800d13) li      s10, 8
core   0: 3 0x800002a8 (0x00800d13) x26 0x00000008
core   0: 0x800002ac (0x50b88593) addi    a1, a7, 1291
core   0: 3 0x800002ac (0x50b88593) x11 0x8002d1ef
core   0: 0x800002b0 (0x41258e33) sub     t3, a1, s2
core   0: 3 0x800002b0 (0x41258e33) x28 0x8002d1ee
core   0: 0x800002b4 (0x00000013) nop
core   0: 3 0x800002b4 (0x00000013)
core   0: 0x800002b8 (0x0f37b513) sltiu   a0, a5, 243
core   0: 3 0x800002b8 (0x0f37b513) x10 0x00000000
core   0: 0x800002bc (0x00185fb3) srl     t6, a6, ra
core   0: 3 0x800002bc (0x00185fb3) x31 0x00000080
core   0: 0x800002c0 (0x00468693) addi    a3, a3, 4
core   0: 3 0x800002c0 (0x00468693) x13 0x00000000
core   0: 0x800002c4 (0x0049b133) sltu    sp, s3, tp
core   0: 3 0x800002c4 (0x0049b133) x 2 0x00000001
core   0: 0x800002c8 (0x01675eb3) srl     t4, a4, s6
core   0: 3 0x800002c8 (0x01675eb3) x29 0x0000013f
core   0: 0x800002cc (0x0047fbb3) and     s7, a5, tp
core   0: 3 0x800002cc (0x0047fbb3) x23 0x00000004
core   0: 0x800002d0 (0xffa6e0e3) bltu    a3, s10, pc - 32
core   0: 3 0x800002d0 (0xffa6e0e3)
core   0: 0x800002b0 (0x41258e33) sub     t3, a1, s2
core   0: 3 0x800002b0 (0x41258e33) x28 0x8002d1ee
core   0: 0x800002b4 (0x00000013) nop
core   0: 3 0x800002b4 (0x00000013)
core   0: 0x800002b8 (0x0f37b513) sltiu   a0, a5, 243
core   0: 3 0x800002b8 (0x0f37b513) x10 0x00000000
core   0: 0x800002bc (0x00185fb3) srl     t6, a6, ra
core   0: 3 0x800002bc (0x00185fb3) x31 0x00000080
core   0: 0x800002c0 (0x00468693) addi    a3, a3, 4
core   0: 3 0x800002c0 (0x00468693) x13 0x00000004
core   0: 0x800002c4 (0x0049b133) sltu    sp, s3, tp
core   0: 3 0x800002c4 (0x0049b133) x 2 0x00000001
core   0: 0x800002c8 (0x01675eb3) srl     t4, a4, s6
core   0: 3 0x800002c8 (0x01675eb3) x29 0x0000013f
core   0: 0x800002cc (0x0047fbb3) and     s7, a5, tp
core   0: 3 0x800002cc (0x0047fbb3) x23 0x00000004
core   0: 0x800002d0 (0xffa6e0e3) bltu    a3, s10, pc - 32
core   0: 3 0x800002d0 (0xffa6e0e3)
core   0: 0x800002b0 (0x41258e33) sub     t3, a1, s2
core   0: 3 0x800002b0 (0x41258e33) x28 0x8002d1ee
core   0: 0x800002b4 (0x00000013) nop
core   0: 3 0x800002b4 (0x00000013)
core   0: 0x800002b8 (0x0f37b513) sltiu   a0, a5, 243
core   0: 3 0x800002b8 (0x0f37b513) x10 0x00000000
core   0: 0x800002bc (0x00185fb3) srl     t6, a6, ra
core   0: 3 0x800002bc (0x00185fb3) x31 0x00000080
core   0: 0x800002c0 (0x00468693) addi    a3, a3, 4
core   0: 3 0x800002c0 (0x00468693) x13 0x00000008
core   0: 0x800002c4 (0x0049b133) sltu    sp, s3, tp
core   0: 3 0x800002c4 (0x0049b133) x 2 0x00000001
core   0: 0x800002c8 (0x01675eb3) srl     t4, a4, s6
core   0: 3 0x800002c8 (0x01675eb3) x29 0x0000013f
core   0: 0x800002cc (0x0047fbb3) and     s7, a5, tp
core   0: 3 0x800002cc (0x0047fbb3) x23 0x00000004
core   0: 0x800002d0 (0xffa6e0e3) bltu    a3, s10, pc - 32
core   0: 3 0x800002d0 (0xffa6e0e3)
core   0: 0x800002d4 (0xd2b72993) slti    s3, a4, -725
core   0: 3 0x800002d4 (0xd2b72993) x19 0x00000000
core   0: 0x800002d8 (0x00d1b133) sltu    sp, gp, a3
core   0: 3 0x800002d8 (0x00d1b133) x 2 0x00000000
core   0: 0x800002dc (0x97568337) lui     t1, 0x97568
core   0: 3 0x800002dc (0x97568337) x 6 0x97568000
core   0: 0x800002e0 (0x01236ab3) or      s5, t1, s2
core   0: 3 0x800002e0 (0x01236ab3) x21 0x97568001
core   0: 0x800002e4 (0xfb6242e3) blt     tp, s6, pc - 92
core   0: 3 0x800002e4 (0xfb6242e3)
core   0: 0x80000288 (0xc31dce97) auipc   t4, 0xc31dc
core   0: 3 0x80000288 (0xc31dce97) x29 0x431dc288
core   0: 0x8000028c (0x00120213) addi    tp, tp, 1
core   0: 3 0x8000028c (0x00120213) x 4 0x00000006
core   0: 0x80000290 (0x008a5033) srl     zero, s4, s0
core   0: 3 0x80000290 (0x008a5033)
core   0: 0x80000294 (0x0188be33) sltu    t3, a7, s8
core   0: 3 0x80000294 (0x0188be33) x28 0x00000000
core   0: 0x80000298 (0xffc00693) li      a3, -4
core   0: 3 0x80000298 (0xffc00693) x13 0xfffffffc
core   0: 0x8000029c (0x40985cb3) sra     s9, a6, s1
core   0: 3 0x8000029c (0x40985cb3) x25 0xff800000
core   0: 0x800002a0 (0xe74c0613) addi    a2, s8, -396
core   0: 3 0x800002a0 (0xe74c0613) x12 0xffffff14
core   0: 0x800002a4 (0x6a52fc13) andi    s8, t0, 1701
core   0: 3 0x800002a4 (0x6a52fc13) x24 0x000000a0
core   0: 0x800002a8 (0x00800d13) li      s10, 8
core   0: 3 0x800002a8 (0x00800d13) x26 0x00000008
core   0: 0x800002ac (0x50b88593) addi    a1, a7, 1291
core   0: 3 0x800002ac (0x50b88593) x11 0x8002d1ef
core   0: 0x800002b0 (0x41258e33) sub     t3, a1, s2
core   0: 3 0x800002b0 (0x41258e33) x28 0x8002d1ee
core   0: 0x800002b4 (0x00000013) nop
core   0: 3 0x800002b4 (0x00000013)
core   0: 0x800002b8 (0x0f37b513) sltiu   a0, a5, 243
core   0: 3 0x800002b8 (0x0f37b513) x10 0x00000000
core   0: 0x800002bc (0x00185fb3) srl     t6, a6, ra
core   0: 3 0x800002bc (0x00185fb3) x31 0x00000080
core   0: 0x800002c0 (0x00468693) addi    a3, a3, 4
core   0: 3 0x800002c0 (0x00468693) x13 0x00000000
core   0: 0x800002c4 (0x0049b133) sltu    sp, s3, tp
core   0: 3 0x800002c4 (0x0049b133) x 2 0x00000001
core   0: 0x800002c8 (0x01675eb3) srl     t4, a4, s6
core   0: 3 0x800002c8 (0x01675eb3) x29 0x0000013f
core   0: 0x800002cc (0x0047fbb3) and     s7, a5, tp
core   0: 3 0x800002cc (0x0047fbb3) x23 0x00000004
core   0: 0x800002d0 (0xffa6e0e3) bltu    a3, s10, pc - 32
core   0: 3 0x800002d0 (0xffa6e0e3)
core   0: 0x800002b0 (0x41258e33) sub     t3, a1, s2
core   0: 3 0x800002b0 (0x41258e33) x28 0x8002d1ee
core   0: 0x800002b4 (0x00000013) nop
core   0: 3 0x800002b4 (0x00000013)
core   0: 0x800002b8 (0x0f37b513) sltiu   a0, a5, 243
core   0: 3 0x800002b8 (0x0f37b513) x10 0x00000000
core   0: 0x800002bc (0x00185fb3) srl     t6, a6, ra
core   0: 3 0x800002bc (0x00185fb3) x31 0x00000080
core   0: 0x800002c0 (0x00468693) addi    a3, a3, 4
core   0: 3 0x800002c0 (0x00468693) x13 0x00000004
core   0: 0x800002c4 (0x0049b133) sltu    sp, s3, tp
core   0: 3 0x800002c4 (0x0049b133) x 2 0x00000001
core   0: 0x800002c8 (0x01675eb3) srl     t4, a4, s6
core   0: 3 0x800002c8 (0x01675eb3) x29 0x0000013f
core   0: 0x800002cc (0x0047fbb3) and     s7, a5, tp
core   0: 3 0x800002cc (0x0047fbb3) x23 0x00000004
core   0: 0x800002d0 (0xffa6e0e3) bltu    a3, s10, pc - 32
core   0: 3 0x800002d0 (0xffa6e0e3)
core   0: 0x800002b0 (0x41258e33) sub     t3, a1, s2
core   0: 3 0x800002b0 (0x41258e33) x28 0x8002d1ee
core   0: 0x800002b4 (0x00000013) nop
core   0: 3 0x800002b4 (0x00000013)
core   0: 0x800002b8 (0x0f37b513) sltiu   a0, a5, 243
core   0: 3 0x800002b8 (0x0f37b513) x10 0x00000000
core   0: 0x800002bc (0x00185fb3) srl     t6, a6, ra
core   0: 3 0x800002bc (0x00185fb3) x31 0x00000080
core   0: 0x800002c0 (0x00468693) addi    a3, a3, 4
core   0: 3 0x800002c0 (0x00468693) x13 0x00000008
core   0: 0x800002c4 (0x0049b133) sltu    sp, s3, tp
core   0: 3 0x800002c4 (0x0049b133) x 2 0x00000001
core   0: 0x800002c8 (0x01675eb3) srl     t4, a4, s6
core   0: 3 0x800002c8 (0x01675eb3) x29 0x0000013f
core   0: 0x800002cc (0x0047fbb3) and     s7, a5, tp
core   0: 3 0x800002cc (0x0047fbb3) x23 0x00000004
core   0: 0x800002d0 (0xffa6e0e3) bltu    a3, s10, pc - 32
core   0: 3 0x800002d0 (0xffa6e0e3)
core   0: 0x800002d4 (0xd2b72993) slti    s3, a4, -725
core   0: 3 0x800002d4 (0xd2b72993) x19 0x00000000
core   0: 0x800002d8 (0x00d1b133) sltu    sp, gp, a3
core   0: 3 0x800002d8 (0x00d1b133) x 2 0x00000000
core   0: 0x800002dc (0x97568337) lui     t1, 0x97568
core   0: 3 0x800002dc (0x97568337) x 6 0x97568000
core   0: 0x800002e0 (0x01236ab3) or      s5, t1, s2
core   0: 3 0x800002e0 (0x01236ab3) x21 0x97568001
core   0: 0x800002e4 (0xfb6242e3) blt     tp, s6, pc - 92
core   0: 3 0x800002e4 (0xfb6242e3)
core   0: 0x80000288 (0xc31dce97) auipc   t4, 0xc31dc
core   0: 3 0x80000288 (0xc31dce97) x29 0x431dc288
core   0: 0x8000028c (0x00120213) addi    tp, tp, 1
core   0: 3 0x8000028c (0x00120213) x 4 0x00000007
core   0: 0x80000290 (0x008a5033) srl     zero, s4, s0
core   0: 3 0x80000290 (0x008a5033)
core   0: 0x80000294 (0x0188be33) sltu    t3, a7, s8
core   0: 3 0x80000294 (0x0188be33) x28 0x00000000
core   0: 0x80000298 (0xffc00693) li      a3, -4
core   0: 3 0x80000298 (0xffc00693) x13 0xfffffffc
core   0: 0x8000029c (0x40985cb3) sra     s9, a6, s1
core   0: 3 0x8000029c (0x40985cb3) x25 0xff800000
core   0: 0x800002a0 (0xe74c0613) addi    a2, s8, -396
core   0: 3 0x800002a0 (0xe74c0613) x12 0xffffff14
core   0: 0x800002a4 (0x6a52fc13) andi    s8, t0, 1701
core   0: 3 0x800002a4 (0x6a52fc13) x24 0x000000a0
core   0: 0x800002a8 (0x00800d13) li      s10, 8
core   0: 3 0x800002a8 (0x00800d13) x26 0x00000008
core   0: 0x800002ac (0x50b88593) addi    a1, a7, 1291
core   0: 3 0x800002ac (0x50b88593) x11 0x8002d1ef
core   0: 0x800002b0 (0x41258e33) sub     t3, a1, s2
core   0: 3 0x800002b0 (0x41258e33) x28 0x8002d1ee
core   0: 0x800002b4 (0x00000013) nop
core   0: 3 0x800002b4 (0x00000013)
core   0: 0x800002b8 (0x0f37b513) sltiu   a0, a5, 243
core   0: 3 0x800002b8 (0x0f37b513) x10 0x00000000
core   0: 0x800002bc (0x00185fb3) srl     t6, a6, ra
core   0: 3 0x800002bc (0x00185fb3) x31 0x00000080
core   0: 0x800002c0 (0x00468693) addi    a3, a3, 4
core   0: 3 0x800002c0 (0x00468693) x13 0x00000000
core   0: 0x800002c4 (0x0049b133) sltu    sp, s3, tp
core   0: 3 0x800002c4 (0x0049b133) x 2 0x00000001
core   0: 0x800002c8 (0x01675eb3) srl     t4, a4, s6
core   0: 3 0x800002c8 (0x01675eb3) x29 0x0000013f
core   0: 0x800002cc (0x0047fbb3) and     s7, a5, tp
core   0: 3 0x800002cc (0x0047fbb3) x23 0x00000004
core   0: 0x800002d0 (0xffa6e0e3) bltu    a3, s10, pc - 32
core   0: 3 0x800002d0 (0xffa6e0e3)
core   0: 0x800002b0 (0x41258e33) sub     t3, a1, s2
core   0: 3 0x800002b0 (0x41258e33) x28 0x8002d1ee
core   0: 0x800002b4 (0x00000013) nop
core   0: 3 0x800002b4 (0x00000013)
core   0: 0x800002b8 (0x0f37b513) sltiu   a0, a5, 243
core   0: 3 0x800002b8 (0x0f37b513) x10 0x00000000
core   0: 0x800002bc (0x00185fb3) srl     t6, a6, ra
core   0: 3 0x800002bc (0x00185fb3) x31 0x00000080
core   0: 0x800002c0 (0x00468693) addi    a3, a3, 4
core   0: 3 0x800002c0 (0x00468693) x13 0x00000004
core   0: 0x800002c4 (0x0049b133) sltu    sp, s3, tp
core   0: 3 0x800002c4 (0x0049b133) x 2 0x00000001
core   0: 0x800002c8 (0x01675eb3) srl     t4, a4, s6
core   0: 3 0x800002c8 (0x01675eb3) x29 0x0000013f
core   0: 0x800002cc (0x0047fbb3) and     s7, a5, tp
core   0: 3 0x800002cc (0x0047fbb3) x23 0x00000004
core   0: 0x800002d0 (0xffa6e0e3) bltu    a3, s10, pc - 32
core   0: 3 0x800002d0 (0xffa6e0e3)
core   0: 0x800002b0 (0x41258e33) sub     t3, a1, s2
core   0: 3 0x800002b0 (0x41258e33) x28 0x8002d1ee
core   0: 0x800002b4 (0x00000013) nop
core   0: 3 0x800002b4 (0x00000013)
core   0: 0x800002b8 (0x0f37b513) sltiu   a0, a5, 243
core   0: 3 0x800002b8 (0x0f37b513) x10 0x00000000
core   0: 0x800002bc (0x00185fb3) srl     t6, a6, ra
core   0: 3 0x800002bc (0x00185fb3) x31 0x00000080
core   0: 0x800002c0 (0x00468693) addi    a3, a3, 4
core   0: 3 0x800002c0 (0x00468693) x13 0x00000008
core   0: 0x800002c4 (0x0049b133) sltu    sp, s3, tp
core   0: 3 0x800002c4 (0x0049b133) x 2 0x00000001
core   0: 0x800002c8 (0x01675eb3) srl     t4, a4, s6
core   0: 3 0x800002c8 (0x01675eb3) x29 0x0000013f
core   0: 0x800002cc (0x0047fbb3) and     s7, a5, tp
core   0: 3 0x800002cc (0x0047fbb3) x23 0x00000004
core   0: 0x800002d0 (0xffa6e0e3) bltu    a3, s10, pc - 32
core   0: 3 0x800002d0 (0xffa6e0e3)
core   0: 0x800002d4 (0xd2b72993) slti    s3, a4, -725
core   0: 3 0x800002d4 (0xd2b72993) x19 0x00000000
core   0: 0x800002d8 (0x00d1b133) sltu    sp, gp, a3
core   0: 3 0x800002d8 (0x00d1b133) x 2 0x00000000
core   0: 0x800002dc (0x97568337) lui     t1, 0x97568
core   0: 3 0x800002dc (0x97568337) x 6 0x97568000
core   0: 0x800002e0 (0x01236ab3) or      s5, t1, s2
core   0: 3 0x800002e0 (0x01236ab3) x21 0x97568001
core   0: 0x800002e4 (0xfb6242e3) blt     tp, s6, pc - 92
core   0: 3 0x800002e4 (0xfb6242e3)
core   0: 0x80000288 (0xc31dce97) auipc   t4, 0xc31dc
core   0: 3 0x80000288 (0xc31dce97) x29 0x431dc288
core   0: 0x8000028c (0x00120213) addi    tp, tp, 1
core   0: 3 0x8000028c (0x00120213) x 4 0x00000008
core   0: 0x80000290 (0x008a5033) srl     zero, s4, s0
core   0: 3 0x80000290 (0x008a5033)
core   0: 0x80000294 (0x0188be33) sltu    t3, a7, s8
core   0: 3 0x80000294 (0x0188be33) x28 0x00000000
core   0: 0x80000298 (0xffc00693) li      a3, -4
core   0: 3 0x80000298 (0xffc00693) x13 0xfffffffc
core   0: 0x8000029c (0x40985cb3) sra     s9, a6, s1
core   0: 3 0x8000029c (0x40985cb3) x25 0xff800000
core   0: 0x800002a0 (0xe74c0613) addi    a2, s8, -396
core   0: 3 0x800002a0 (0xe74c0613) x12 0xffffff14
core   0: 0x800002a4 (0x6a52fc13) andi    s8, t0, 1701
core   0: 3 0x800002a4 (0x6a52fc13) x24 0x000000a0
core   0: 0x800002a8 (0x00800d13) li      s10, 8
core   0: 3 0x800002a8 (0x00800d13) x26 0x00000008
core   0: 0x800002ac (0x50b88593) addi    a1, a7, 1291
core   0: 3 0x800002ac (0x50b88593) x11 0x8002d1ef
core   0: 0x800002b0 (0x41258e33) sub     t3, a1, s2
core   0: 3 0x800002b0 (0x41258e33) x28 0x8002d1ee
core   0: 0x800002b4 (0x00000013) nop
core   0: 3 0x800002b4 (0x00000013)
core   0: 0x800002b8 (0x0f37b513) sltiu   a0, a5, 243
core   0: 3 0x800002b8 (0x0f37b513) x10 0x00000000
core   0: 0x800002bc (0x00185fb3) srl     t6, a6, ra
core   0: 3 0x800002bc (0x00185fb3) x31 0x00000080
core   0: 0x800002c0 (0x00468693) addi    a3, a3, 4
core   0: 3 0x800002c0 (0x00468693) x13 0x00000000
core   0: 0x800002c4 (0x0049b133) sltu    sp, s3, tp
core   0: 3 0x800002c4 (0x0049b133) x 2 0x00000001
core   0: 0x800002c8 (0x01675eb3) srl     t4, a4, s6
core   0: 3 0x800002c8 (0x01675eb3) x29 0x0000013f
core   0: 0x800002cc (0x0047fbb3) and     s7, a5, tp
core   0: 3 0x800002cc (0x0047fbb3) x23 0x00000000
core   0: 0x800002d0 (0xffa6e0e3) bltu    a3, s10, pc - 32
core   0: 3 0x800002d0 (0xffa6e0e3)
core   0: 0x800002b0 (0x41258e33) sub     t3, a1, s2
core   0: 3 0x800002b0 (0x41258e33) x28 0x8002d1ee
core   0: 0x800002b4 (0x00000013) nop
core   0: 3 0x800002b4 (0x00000013)
core   0: 0x800002b8 (0x0f37b513) sltiu   a0, a5, 243
core   0: 3 0x800002b8 (0x0f37b513) x10 0x00000000
core   0: 0x800002bc (0x00185fb3) srl     t6, a6, ra
core   0: 3 0x800002bc (0x00185fb3) x31 0x00000080
core   0: 0x800002c0 (0x00468693) addi    a3, a3, 4
core   0: 3 0x800002c0 (0x00468693) x13 0x00000004
core   0: 0x800002c4 (0x0049b133) sltu    sp, s3, tp
core   0: 3 0x800002c4 (0x0049b133) x 2 0x00000001
core   0: 0x800002c8 (0x01675eb3) srl     t4, a4, s6
core   0: 3 0x800002c8 (0x01675eb3) x29 0x0000013f
core   0: 0x800002cc (0x0047fbb3) and     s7, a5, tp
core   0: 3 0x800002cc (0x0047fbb3) x23 0x00000000
core   0: 0x800002d0 (0xffa6e0e3) bltu    a3, s10, pc - 32
core   0: 3 0x800002d0 (0xffa6e0e3)
core   0: 0x800002b0 (0x41258e33) sub     t3, a1, s2
core   0: 3 0x800002b0 (0x41258e33) x28 0x8002d1ee
core   0: 0x800002b4 (0x00000013) nop
core   0: 3 0x800002b4 (0x00000013)
core   0: 0x800002b8 (0x0f37b513) sltiu   a0, a5, 243
core   0: 3 0x800002b8 (0x0f37b513) x10 0x00000000
core   0: 0x800002bc (0x00185fb3) srl     t6, a6, ra
core   0: 3 0x800002bc (0x00185fb3) x31 0x00000080
core   0: 0x800002c0 (0x00468693) addi    a3, a3, 4
core   0: 3 0x800002c0 (0x00468693) x13 0x00000008
core   0: 0x800002c4 (0x0049b133) sltu    sp, s3, tp
core   0: 3 0x800002c4 (0x0049b133) x 2 0x00000001
core   0: 0x800002c8 (0x01675eb3) srl     t4, a4, s6
core   0: 3 0x800002c8 (0x01675eb3) x29 0x0000013f
core   0: 0x800002cc (0x0047fbb3) and     s7, a5, tp
core   0: 3 0x800002cc (0x0047fbb3) x23 0x00000000
core   0: 0x800002d0 (0xffa6e0e3) bltu    a3, s10, pc - 32
core   0: 3 0x800002d0 (0xffa6e0e3)
core   0: 0x800002d4 (0xd2b72993) slti    s3, a4, -725
core   0: 3 0x800002d4 (0xd2b72993) x19 0x00000000
core   0: 0x800002d8 (0x00d1b133) sltu    sp, gp, a3
core   0: 3 0x800002d8 (0x00d1b133) x 2 0x00000000
core   0: 0x800002dc (0x97568337) lui     t1, 0x97568
core   0: 3 0x800002dc (0x97568337) x 6 0x97568000
core   0: 0x800002e0 (0x01236ab3) or      s5, t1, s2
core   0: 3 0x800002e0 (0x01236ab3) x21 0x97568001
core   0: 0x800002e4 (0xfb6242e3) blt     tp, s6, pc - 92
core   0: 3 0x800002e4 (0xfb6242e3)
core   0: 0x80000288 (0xc31dce97) auipc   t4, 0xc31dc
core   0: 3 0x80000288 (0xc31dce97) x29 0x431dc288
core   0: 0x8000028c (0x00120213) addi    tp, tp, 1
core   0: 3 0x8000028c (0x00120213) x 4 0x00000009
core   0: 0x80000290 (0x008a5033) srl     zero, s4, s0
core   0: 3 0x80000290 (0x008a5033)
core   0: 0x80000294 (0x0188be33) sltu    t3, a7, s8
core   0: 3 0x80000294 (0x0188be33) x28 0x00000000
core   0: 0x80000298 (0xffc00693) li      a3, -4
core   0: 3 0x80000298 (0xffc00693) x13 0xfffffffc
core   0: 0x8000029c (0x40985cb3) sra     s9, a6, s1
core   0: 3 0x8000029c (0x40985cb3) x25 0xff800000
core   0: 0x800002a0 (0xe74c0613) addi    a2, s8, -396
core   0: 3 0x800002a0 (0xe74c0613) x12 0xffffff14
core   0: 0x800002a4 (0x6a52fc13) andi    s8, t0, 1701
core   0: 3 0x800002a4 (0x6a52fc13) x24 0x000000a0
core   0: 0x800002a8 (0x00800d13) li      s10, 8
core   0: 3 0x800002a8 (0x00800d13) x26 0x00000008
core   0: 0x800002ac (0x50b88593) addi    a1, a7, 1291
core   0: 3 0x800002ac (0x50b88593) x11 0x8002d1ef
core   0: 0x800002b0 (0x41258e33) sub     t3, a1, s2
core   0: 3 0x800002b0 (0x41258e33) x28 0x8002d1ee
core   0: 0x800002b4 (0x00000013) nop
core   0: 3 0x800002b4 (0x00000013)
core   0: 0x800002b8 (0x0f37b513) sltiu   a0, a5, 243
core   0: 3 0x800002b8 (0x0f37b513) x10 0x00000000
core   0: 0x800002bc (0x00185fb3) srl     t6, a6, ra
core   0: 3 0x800002bc (0x00185fb3) x31 0x00000080
core   0: 0x800002c0 (0x00468693) addi    a3, a3, 4
core   0: 3 0x800002c0 (0x00468693) x13 0x00000000
core   0: 0x800002c4 (0x0049b133) sltu    sp, s3, tp
core   0: 3 0x800002c4 (0x0049b133) x 2 0x00000001
core   0: 0x800002c8 (0x01675eb3) srl     t4, a4, s6
core   0: 3 0x800002c8 (0x01675eb3) x29 0x0000013f
core   0: 0x800002cc (0x0047fbb3) and     s7, a5, tp
core   0: 3 0x800002cc (0x0047fbb3) x23 0x00000000
core   0: 0x800002d0 (0xffa6e0e3) bltu    a3, s10, pc - 32
core   0: 3 0x800002d0 (0xffa6e0e3)
core   0: 0x800002b0 (0x41258e33) sub     t3, a1, s2
core   0: 3 0x800002b0 (0x41258e33) x28 0x8002d1ee
core   0: 0x800002b4 (0x00000013) nop
core   0: 3 0x800002b4 (0x00000013)
core   0: 0x800002b8 (0x0f37b513) sltiu   a0, a5, 243
core   0: 3 0x800002b8 (0x0f37b513) x10 0x00000000
core   0: 0x800002bc (0x00185fb3) srl     t6, a6, ra
core   0: 3 0x800002bc (0x00185fb3) x31 0x00000080
core   0: 0x800002c0 (0x00468693) addi    a3, a3, 4
core   0: 3 0x800002c0 (0x00468693) x13 0x00000004
core   0: 0x800002c4 (0x0049b133) sltu    sp, s3, tp
core   0: 3 0x800002c4 (0x0049b133) x 2 0x00000001
core   0: 0x800002c8 (0x01675eb3) srl     t4, a4, s6
core   0: 3 0x800002c8 (0x01675eb3) x29 0x0000013f
core   0: 0x800002cc (0x0047fbb3) and     s7, a5, tp
core   0: 3 0x800002cc (0x0047fbb3) x23 0x00000000
core   0: 0x800002d0 (0xffa6e0e3) bltu    a3, s10, pc - 32
core   0: 3 0x800002d0 (0xffa6e0e3)
core   0: 0x800002b0 (0x41258e33) sub     t3, a1, s2
core   0: 3 0x800002b0 (0x41258e33) x28 0x8002d1ee
core   0: 0x800002b4 (0x00000013) nop
core   0: 3 0x800002b4 (0x00000013)
core   0: 0x800002b8 (0x0f37b513) sltiu   a0, a5, 243
core   0: 3 0x800002b8 (0x0f37b513) x10 0x00000000
core   0: 0x800002bc (0x00185fb3) srl     t6, a6, ra
core   0: 3 0x800002bc (0x00185fb3) x31 0x00000080
core   0: 0x800002c0 (0x00468693) addi    a3, a3, 4
core   0: 3 0x800002c0 (0x00468693) x13 0x00000008
core   0: 0x800002c4 (0x0049b133) sltu    sp, s3, tp
core   0: 3 0x800002c4 (0x0049b133) x 2 0x00000001
core   0: 0x800002c8 (0x01675eb3) srl     t4, a4, s6
core   0: 3 0x800002c8 (0x01675eb3) x29 0x0000013f
core   0: 0x800002cc (0x0047fbb3) and     s7, a5, tp
core   0: 3 0x800002cc (0x0047fbb3) x23 0x00000000
core   0: 0x800002d0 (0xffa6e0e3) bltu    a3, s10, pc - 32
core   0: 3 0x800002d0 (0xffa6e0e3)
core   0: 0x800002d4 (0xd2b72993) slti    s3, a4, -725
core   0: 3 0x800002d4 (0xd2b72993) x19 0x00000000
core   0: 0x800002d8 (0x00d1b133) sltu    sp, gp, a3
core   0: 3 0x800002d8 (0x00d1b133) x 2 0x00000000
core   0: 0x800002dc (0x97568337) lui     t1, 0x97568
core   0: 3 0x800002dc (0x97568337) x 6 0x97568000
core   0: 0x800002e0 (0x01236ab3) or      s5, t1, s2
core   0: 3 0x800002e0 (0x01236ab3) x21 0x97568001
core   0: 0x800002e4 (0xfb6242e3) blt     tp, s6, pc - 92
core   0: 3 0x800002e4 (0xfb6242e3)
core   0: 0x80000288 (0xc31dce97) auipc   t4, 0xc31dc
core   0: 3 0x80000288 (0xc31dce97) x29 0x431dc288
core   0: 0x8000028c (0x00120213) addi    tp, tp, 1
core   0: 3 0x8000028c (0x00120213) x 4 0x0000000a
core   0: 0x80000290 (0x008a5033) srl     zero, s4, s0
core   0: 3 0x80000290 (0x008a5033)
core   0: 0x80000294 (0x0188be33) sltu    t3, a7, s8
core   0: 3 0x80000294 (0x0188be33) x28 0x00000000
core   0: 0x80000298 (0xffc00693) li      a3, -4
core   0: 3 0x80000298 (0xffc00693) x13 0xfffffffc
core   0: 0x8000029c (0x40985cb3) sra     s9, a6, s1
core   0: 3 0x8000029c (0x40985cb3) x25 0xff800000
core   0: 0x800002a0 (0xe74c0613) addi    a2, s8, -396
core   0: 3 0x800002a0 (0xe74c0613) x12 0xffffff14
core   0: 0x800002a4 (0x6a52fc13) andi    s8, t0, 1701
core   0: 3 0x800002a4 (0x6a52fc13) x24 0x000000a0
core   0: 0x800002a8 (0x00800d13) li      s10, 8
core   0: 3 0x800002a8 (0x00800d13) x26 0x00000008
core   0: 0x800002ac (0x50b88593) addi    a1, a7, 1291
core   0: 3 0x800002ac (0x50b88593) x11 0x8002d1ef
core   0: 0x800002b0 (0x41258e33) sub     t3, a1, s2
core   0: 3 0x800002b0 (0x41258e33) x28 0x8002d1ee
core   0: 0x800002b4 (0x00000013) nop
core   0: 3 0x800002b4 (0x00000013)
core   0: 0x800002b8 (0x0f37b513) sltiu   a0, a5, 243
core   0: 3 0x800002b8 (0x0f37b513) x10 0x00000000
core   0: 0x800002bc (0x00185fb3) srl     t6, a6, ra
core   0: 3 0x800002bc (0x00185fb3) x31 0x00000080
core   0: 0x800002c0 (0x00468693) addi    a3, a3, 4
core   0: 3 0x800002c0 (0x00468693) x13 0x00000000
core   0: 0x800002c4 (0x0049b133) sltu    sp, s3, tp
core   0: 3 0x800002c4 (0x0049b133) x 2 0x00000001
core   0: 0x800002c8 (0x01675eb3) srl     t4, a4, s6
core   0: 3 0x800002c8 (0x01675eb3) x29 0x0000013f
core   0: 0x800002cc (0x0047fbb3) and     s7, a5, tp
core   0: 3 0x800002cc (0x0047fbb3) x23 0x00000000
core   0: 0x800002d0 (0xffa6e0e3) bltu    a3, s10, pc - 32
core   0: 3 0x800002d0 (0xffa6e0e3)
core   0: 0x800002b0 (0x41258e33) sub     t3, a1, s2
core   0: 3 0x800002b0 (0x41258e33) x28 0x8002d1ee
core   0: 0x800002b4 (0x00000013) nop
core   0: 3 0x800002b4 (0x00000013)
core   0: 0x800002b8 (0x0f37b513) sltiu   a0, a5, 243
core   0: 3 0x800002b8 (0x0f37b513) x10 0x00000000
core   0: 0x800002bc (0x00185fb3) srl     t6, a6, ra
core   0: 3 0x800002bc (0x00185fb3) x31 0x00000080
core   0: 0x800002c0 (0x00468693) addi    a3, a3, 4
core   0: 3 0x800002c0 (0x00468693) x13 0x00000004
core   0: 0x800002c4 (0x0049b133) sltu    sp, s3, tp
core   0: 3 0x800002c4 (0x0049b133) x 2 0x00000001
core   0: 0x800002c8 (0x01675eb3) srl     t4, a4, s6
core   0: 3 0x800002c8 (0x01675eb3) x29 0x0000013f
core   0: 0x800002cc (0x0047fbb3) and     s7, a5, tp
core   0: 3 0x800002cc (0x0047fbb3) x23 0x00000000
core   0: 0x800002d0 (0xffa6e0e3) bltu    a3, s10, pc - 32
core   0: 3 0x800002d0 (0xffa6e0e3)
core   0: 0x800002b0 (0x41258e33) sub     t3, a1, s2
core   0: 3 0x800002b0 (0x41258e33) x28 0x8002d1ee
core   0: 0x800002b4 (0x00000013) nop
core   0: 3 0x800002b4 (0x00000013)
core   0: 0x800002b8 (0x0f37b513) sltiu   a0, a5, 243
core   0: 3 0x800002b8 (0x0f37b513) x10 0x00000000
core   0: 0x800002bc (0x00185fb3) srl     t6, a6, ra
core   0: 3 0x800002bc (0x00185fb3) x31 0x00000080
core   0: 0x800002c0 (0x00468693) addi    a3, a3, 4
core   0: 3 0x800002c0 (0x00468693) x13 0x00000008
core   0: 0x800002c4 (0x0049b133) sltu    sp, s3, tp
core   0: 3 0x800002c4 (0x0049b133) x 2 0x00000001
core   0: 0x800002c8 (0x01675eb3) srl     t4, a4, s6
core   0: 3 0x800002c8 (0x01675eb3) x29 0x0000013f
core   0: 0x800002cc (0x0047fbb3) and     s7, a5, tp
core   0: 3 0x800002cc (0x0047fbb3) x23 0x00000000
core   0: 0x800002d0 (0xffa6e0e3) bltu    a3, s10, pc - 32
core   0: 3 0x800002d0 (0xffa6e0e3)
core   0: 0x800002d4 (0xd2b72993) slti    s3, a4, -725
core   0: 3 0x800002d4 (0xd2b72993) x19 0x00000000
core   0: 0x800002d8 (0x00d1b133) sltu    sp, gp, a3
core   0: 3 0x800002d8 (0x00d1b133) x 2 0x00000000
core   0: 0x800002dc (0x97568337) lui     t1, 0x97568
core   0: 3 0x800002dc (0x97568337) x 6 0x97568000
core   0: 0x800002e0 (0x01236ab3) or      s5, t1, s2
core   0: 3 0x800002e0 (0x01236ab3) x21 0x97568001
core   0: 0x800002e4 (0xfb6242e3) blt     tp, s6, pc - 92
core   0: 3 0x800002e4 (0xfb6242e3)
core   0: 0x80000288 (0xc31dce97) auipc   t4, 0xc31dc
core   0: 3 0x80000288 (0xc31dce97) x29 0x431dc288
core   0: 0x8000028c (0x00120213) addi    tp, tp, 1
core   0: 3 0x8000028c (0x00120213) x 4 0x0000000b
core   0: 0x80000290 (0x008a5033) srl     zero, s4, s0
core   0: 3 0x80000290 (0x008a5033)
core   0: 0x80000294 (0x0188be33) sltu    t3, a7, s8
core   0: 3 0x80000294 (0x0188be33) x28 0x00000000
core   0: 0x80000298 (0xffc00693) li      a3, -4
core   0: 3 0x80000298 (0xffc00693) x13 0xfffffffc
core   0: 0x8000029c (0x40985cb3) sra     s9, a6, s1
core   0: 3 0x8000029c (0x40985cb3) x25 0xff800000
core   0: 0x800002a0 (0xe74c0613) addi    a2, s8, -396
core   0: 3 0x800002a0 (0xe74c0613) x12 0xffffff14
core   0: 0x800002a4 (0x6a52fc13) andi    s8, t0, 1701
core   0: 3 0x800002a4 (0x6a52fc13) x24 0x000000a0
core   0: 0x800002a8 (0x00800d13) li      s10, 8
core   0: 3 0x800002a8 (0x00800d13) x26 0x00000008
core   0: 0x800002ac (0x50b88593) addi    a1, a7, 1291
core   0: 3 0x800002ac (0x50b88593) x11 0x8002d1ef
core   0: 0x800002b0 (0x41258e33) sub     t3, a1, s2
core   0: 3 0x800002b0 (0x41258e33) x28 0x8002d1ee
core   0: 0x800002b4 (0x00000013) nop
core   0: 3 0x800002b4 (0x00000013)
core   0: 0x800002b8 (0x0f37b513) sltiu   a0, a5, 243
core   0: 3 0x800002b8 (0x0f37b513) x10 0x00000000
core   0: 0x800002bc (0x00185fb3) srl     t6, a6, ra
core   0: 3 0x800002bc (0x00185fb3) x31 0x00000080
core   0: 0x800002c0 (0x00468693) addi    a3, a3, 4
core   0: 3 0x800002c0 (0x00468693) x13 0x00000000
core   0: 0x800002c4 (0x0049b133) sltu    sp, s3, tp
core   0: 3 0x800002c4 (0x0049b133) x 2 0x00000001
core   0: 0x800002c8 (0x01675eb3) srl     t4, a4, s6
core   0: 3 0x800002c8 (0x01675eb3) x29 0x0000013f
core   0: 0x800002cc (0x0047fbb3) and     s7, a5, tp
core   0: 3 0x800002cc (0x0047fbb3) x23 0x00000000
core   0: 0x800002d0 (0xffa6e0e3) bltu    a3, s10, pc - 32
core   0: 3 0x800002d0 (0xffa6e0e3)
core   0: 0x800002b0 (0x41258e33) sub     t3, a1, s2
core   0: 3 0x800002b0 (0x41258e33) x28 0x8002d1ee
core   0: 0x800002b4 (0x00000013) nop
core   0: 3 0x800002b4 (0x00000013)
core   0: 0x800002b8 (0x0f37b513) sltiu   a0, a5, 243
core   0: 3 0x800002b8 (0x0f37b513) x10 0x00000000
core   0: 0x800002bc (0x00185fb3) srl     t6, a6, ra
core   0: 3 0x800002bc (0x00185fb3) x31 0x00000080
core   0: 0x800002c0 (0x00468693) addi    a3, a3, 4
core   0: 3 0x800002c0 (0x00468693) x13 0x00000004
core   0: 0x800002c4 (0x0049b133) sltu    sp, s3, tp
core   0: 3 0x800002c4 (0x0049b133) x 2 0x00000001
core   0: 0x800002c8 (0x01675eb3) srl     t4, a4, s6
core   0: 3 0x800002c8 (0x01675eb3) x29 0x0000013f
core   0: 0x800002cc (0x0047fbb3) and     s7, a5, tp
core   0: 3 0x800002cc (0x0047fbb3) x23 0x00000000
core   0: 0x800002d0 (0xffa6e0e3) bltu    a3, s10, pc - 32
core   0: 3 0x800002d0 (0xffa6e0e3)
core   0: 0x800002b0 (0x41258e33) sub     t3, a1, s2
core   0: 3 0x800002b0 (0x41258e33) x28 0x8002d1ee
core   0: 0x800002b4 (0x00000013) nop
core   0: 3 0x800002b4 (0x00000013)
core   0: 0x800002b8 (0x0f37b513) sltiu   a0, a5, 243
core   0: 3 0x800002b8 (0x0f37b513) x10 0x00000000
core   0: 0x800002bc (0x00185fb3) srl     t6, a6, ra
core   0: 3 0x800002bc (0x00185fb3) x31 0x00000080
core   0: 0x800002c0 (0x00468693) addi    a3, a3, 4
core   0: 3 0x800002c0 (0x00468693) x13 0x00000008
core   0: 0x800002c4 (0x0049b133) sltu    sp, s3, tp
core   0: 3 0x800002c4 (0x0049b133) x 2 0x00000001
core   0: 0x800002c8 (0x01675eb3) srl     t4, a4, s6
core   0: 3 0x800002c8 (0x01675eb3) x29 0x0000013f
core   0: 0x800002cc (0x0047fbb3) and     s7, a5, tp
core   0: 3 0x800002cc (0x0047fbb3) x23 0x00000000
core   0: 0x800002d0 (0xffa6e0e3) bltu    a3, s10, pc - 32
core   0: 3 0x800002d0 (0xffa6e0e3)
core   0: 0x800002d4 (0xd2b72993) slti    s3, a4, -725
core   0: 3 0x800002d4 (0xd2b72993) x19 0x00000000
core   0: 0x800002d8 (0x00d1b133) sltu    sp, gp, a3
core   0: 3 0x800002d8 (0x00d1b133) x 2 0x00000000
core   0: 0x800002dc (0x97568337) lui     t1, 0x97568
core   0: 3 0x800002dc (0x97568337) x 6 0x97568000
core   0: 0x800002e0 (0x01236ab3) or      s5, t1, s2
core   0: 3 0x800002e0 (0x01236ab3) x21 0x97568001
core   0: 0x800002e4 (0xfb6242e3) blt     tp, s6, pc - 92
core   0: 3 0x800002e4 (0xfb6242e3)
core   0: 0x80000288 (0xc31dce97) auipc   t4, 0xc31dc
core   0: 3 0x80000288 (0xc31dce97) x29 0x431dc288
core   0: 0x8000028c (0x00120213) addi    tp, tp, 1
core   0: 3 0x8000028c (0x00120213) x 4 0x0000000c
core   0: 0x80000290 (0x008a5033) srl     zero, s4, s0
core   0: 3 0x80000290 (0x008a5033)
core   0: 0x80000294 (0x0188be33) sltu    t3, a7, s8
core   0: 3 0x80000294 (0x0188be33) x28 0x00000000
core   0: 0x80000298 (0xffc00693) li      a3, -4
core   0: 3 0x80000298 (0xffc00693) x13 0xfffffffc
core   0: 0x8000029c (0x40985cb3) sra     s9, a6, s1
core   0: 3 0x8000029c (0x40985cb3) x25 0xff800000
core   0: 0x800002a0 (0xe74c0613) addi    a2, s8, -396
core   0: 3 0x800002a0 (0xe74c0613) x12 0xffffff14
core   0: 0x800002a4 (0x6a52fc13) andi    s8, t0, 1701
core   0: 3 0x800002a4 (0x6a52fc13) x24 0x000000a0
core   0: 0x800002a8 (0x00800d13) li      s10, 8
core   0: 3 0x800002a8 (0x00800d13) x26 0x00000008
core   0: 0x800002ac (0x50b88593) addi    a1, a7, 1291
core   0: 3 0x800002ac (0x50b88593) x11 0x8002d1ef
core   0: 0x800002b0 (0x41258e33) sub     t3, a1, s2
core   0: 3 0x800002b0 (0x41258e33) x28 0x8002d1ee
core   0: 0x800002b4 (0x00000013) nop
core   0: 3 0x800002b4 (0x00000013)
core   0: 0x800002b8 (0x0f37b513) sltiu   a0, a5, 243
core   0: 3 0x800002b8 (0x0f37b513) x10 0x00000000
core   0: 0x800002bc (0x00185fb3) srl     t6, a6, ra
core   0: 3 0x800002bc (0x00185fb3) x31 0x00000080
core   0: 0x800002c0 (0x00468693) addi    a3, a3, 4
core   0: 3 0x800002c0 (0x00468693) x13 0x00000000
core   0: 0x800002c4 (0x0049b133) sltu    sp, s3, tp
core   0: 3 0x800002c4 (0x0049b133) x 2 0x00000001
core   0: 0x800002c8 (0x01675eb3) srl     t4, a4, s6
core   0: 3 0x800002c8 (0x01675eb3) x29 0x0000013f
core   0: 0x800002cc (0x0047fbb3) and     s7, a5, tp
core   0: 3 0x800002cc (0x0047fbb3) x23 0x00000004
core   0: 0x800002d0 (0xffa6e0e3) bltu    a3, s10, pc - 32
core   0: 3 0x800002d0 (0xffa6e0e3)
core   0: 0x800002b0 (0x41258e33) sub     t3, a1, s2
core   0: 3 0x800002b0 (0x41258e33) x28 0x8002d1ee
core   0: 0x800002b4 (0x00000013) nop
core   0: 3 0x800002b4 (0x00000013)
core   0: 0x800002b8 (0x0f37b513) sltiu   a0, a5, 243
core   0: 3 0x800002b8 (0x0f37b513) x10 0x00000000
core   0: 0x800002bc (0x00185fb3) srl     t6, a6, ra
core   0: 3 0x800002bc (0x00185fb3) x31 0x00000080
core   0: 0x800002c0 (0x00468693) addi    a3, a3, 4
core   0: 3 0x800002c0 (0x00468693) x13 0x00000004
core   0: 0x800002c4 (0x0049b133) sltu    sp, s3, tp
core   0: 3 0x800002c4 (0x0049b133) x 2 0x00000001
core   0: 0x800002c8 (0x01675eb3) srl     t4, a4, s6
core   0: 3 0x800002c8 (0x01675eb3) x29 0x0000013f
core   0: 0x800002cc (0x0047fbb3) and     s7, a5, tp
core   0: 3 0x800002cc (0x0047fbb3) x23 0x00000004
core   0: 0x800002d0 (0xffa6e0e3) bltu    a3, s10, pc - 32
core   0: 3 0x800002d0 (0xffa6e0e3)
core   0: 0x800002b0 (0x41258e33) sub     t3, a1, s2
core   0: 3 0x800002b0 (0x41258e33) x28 0x8002d1ee
core   0: 0x800002b4 (0x00000013) nop
core   0: 3 0x800002b4 (0x00000013)
core   0: 0x800002b8 (0x0f37b513) sltiu   a0, a5, 243
core   0: 3 0x800002b8 (0x0f37b513) x10 0x00000000
core   0: 0x800002bc (0x00185fb3) srl     t6, a6, ra
core   0: 3 0x800002bc (0x00185fb3) x31 0x00000080
core   0: 0x800002c0 (0x00468693) addi    a3, a3, 4
core   0: 3 0x800002c0 (0x00468693) x13 0x00000008
core   0: 0x800002c4 (0x0049b133) sltu    sp, s3, tp
core   0: 3 0x800002c4 (0x0049b133) x 2 0x00000001
core   0: 0x800002c8 (0x01675eb3) srl     t4, a4, s6
core   0: 3 0x800002c8 (0x01675eb3) x29 0x0000013f
core   0: 0x800002cc (0x0047fbb3) and     s7, a5, tp
core   0: 3 0x800002cc (0x0047fbb3) x23 0x00000004
core   0: 0x800002d0 (0xffa6e0e3) bltu    a3, s10, pc - 32
core   0: 3 0x800002d0 (0xffa6e0e3)
core   0: 0x800002d4 (0xd2b72993) slti    s3, a4, -725
core   0: 3 0x800002d4 (0xd2b72993) x19 0x00000000
core   0: 0x800002d8 (0x00d1b133) sltu    sp, gp, a3
core   0: 3 0x800002d8 (0x00d1b133) x 2 0x00000000
core   0: 0x800002dc (0x97568337) lui     t1, 0x97568
core   0: 3 0x800002dc (0x97568337) x 6 0x97568000
core   0: 0x800002e0 (0x01236ab3) or      s5, t1, s2
core   0: 3 0x800002e0 (0x01236ab3) x21 0x97568001
core   0: 0x800002e4 (0xfb6242e3) blt     tp, s6, pc - 92
core   0: 3 0x800002e4 (0xfb6242e3)
core   0: 0x80000288 (0xc31dce97) auipc   t4, 0xc31dc
core   0: 3 0x80000288 (0xc31dce97) x29 0x431dc288
core   0: 0x8000028c (0x00120213) addi    tp, tp, 1
core   0: 3 0x8000028c (0x00120213) x 4 0x0000000d
core   0: 0x80000290 (0x008a5033) srl     zero, s4, s0
core   0: 3 0x80000290 (0x008a5033)
core   0: 0x80000294 (0x0188be33) sltu    t3, a7, s8
core   0: 3 0x80000294 (0x0188be33) x28 0x00000000
core   0: 0x80000298 (0xffc00693) li      a3, -4
core   0: 3 0x80000298 (0xffc00693) x13 0xfffffffc
core   0: 0x8000029c (0x40985cb3) sra     s9, a6, s1
core   0: 3 0x8000029c (0x40985cb3) x25 0xff800000
core   0: 0x800002a0 (0xe74c0613) addi    a2, s8, -396
core   0: 3 0x800002a0 (0xe74c0613) x12 0xffffff14
core   0: 0x800002a4 (0x6a52fc13) andi    s8, t0, 1701
core   0: 3 0x800002a4 (0x6a52fc13) x24 0x000000a0
core   0: 0x800002a8 (0x00800d13) li      s10, 8
core   0: 3 0x800002a8 (0x00800d13) x26 0x00000008
core   0: 0x800002ac (0x50b88593) addi    a1, a7, 1291
core   0: 3 0x800002ac (0x50b88593) x11 0x8002d1ef
core   0: 0x800002b0 (0x41258e33) sub     t3, a1, s2
core   0: 3 0x800002b0 (0x41258e33) x28 0x8002d1ee
core   0: 0x800002b4 (0x00000013) nop
core   0: 3 0x800002b4 (0x00000013)
core   0: 0x800002b8 (0x0f37b513) sltiu   a0, a5, 243
core   0: 3 0x800002b8 (0x0f37b513) x10 0x00000000
core   0: 0x800002bc (0x00185fb3) srl     t6, a6, ra
core   0: 3 0x800002bc (0x00185fb3) x31 0x00000080
core   0: 0x800002c0 (0x00468693) addi    a3, a3, 4
core   0: 3 0x800002c0 (0x00468693) x13 0x00000000
core   0: 0x800002c4 (0x0049b133) sltu    sp, s3, tp
core   0: 3 0x800002c4 (0x0049b133) x 2 0x00000001
core   0: 0x800002c8 (0x01675eb3) srl     t4, a4, s6
core   0: 3 0x800002c8 (0x01675eb3) x29 0x0000013f
core   0: 0x800002cc (0x0047fbb3) and     s7, a5, tp
core   0: 3 0x800002cc (0x0047fbb3) x23 0x00000004
core   0: 0x800002d0 (0xffa6e0e3) bltu    a3, s10, pc - 32
core   0: 3 0x800002d0 (0xffa6e0e3)
core   0: 0x800002b0 (0x41258e33) sub     t3, a1, s2
core   0: 3 0x800002b0 (0x41258e33) x28 0x8002d1ee
core   0: 0x800002b4 (0x00000013) nop
core   0: 3 0x800002b4 (0x00000013)
core   0: 0x800002b8 (0x0f37b513) sltiu   a0, a5, 243
core   0: 3 0x800002b8 (0x0f37b513) x10 0x00000000
core   0: 0x800002bc (0x00185fb3) srl     t6, a6, ra
core   0: 3 0x800002bc (0x00185fb3) x31 0x00000080
core   0: 0x800002c0 (0x00468693) addi    a3, a3, 4
core   0: 3 0x800002c0 (0x00468693) x13 0x00000004
core   0: 0x800002c4 (0x0049b133) sltu    sp, s3, tp
core   0: 3 0x800002c4 (0x0049b133) x 2 0x00000001
core   0: 0x800002c8 (0x01675eb3) srl     t4, a4, s6
core   0: 3 0x800002c8 (0x01675eb3) x29 0x0000013f
core   0: 0x800002cc (0x0047fbb3) and     s7, a5, tp
core   0: 3 0x800002cc (0x0047fbb3) x23 0x00000004
core   0: 0x800002d0 (0xffa6e0e3) bltu    a3, s10, pc - 32
core   0: 3 0x800002d0 (0xffa6e0e3)
core   0: 0x800002b0 (0x41258e33) sub     t3, a1, s2
core   0: 3 0x800002b0 (0x41258e33) x28 0x8002d1ee
core   0: 0x800002b4 (0x00000013) nop
core   0: 3 0x800002b4 (0x00000013)
core   0: 0x800002b8 (0x0f37b513) sltiu   a0, a5, 243
core   0: 3 0x800002b8 (0x0f37b513) x10 0x00000000
core   0: 0x800002bc (0x00185fb3) srl     t6, a6, ra
core   0: 3 0x800002bc (0x00185fb3) x31 0x00000080
core   0: 0x800002c0 (0x00468693) addi    a3, a3, 4
core   0: 3 0x800002c0 (0x00468693) x13 0x00000008
core   0: 0x800002c4 (0x0049b133) sltu    sp, s3, tp
core   0: 3 0x800002c4 (0x0049b133) x 2 0x00000001
core   0: 0x800002c8 (0x01675eb3) srl     t4, a4, s6
core   0: 3 0x800002c8 (0x01675eb3) x29 0x0000013f
core   0: 0x800002cc (0x0047fbb3) and     s7, a5, tp
core   0: 3 0x800002cc (0x0047fbb3) x23 0x00000004
core   0: 0x800002d0 (0xffa6e0e3) bltu    a3, s10, pc - 32
core   0: 3 0x800002d0 (0xffa6e0e3)
core   0: 0x800002d4 (0xd2b72993) slti    s3, a4, -725
core   0: 3 0x800002d4 (0xd2b72993) x19 0x00000000
core   0: 0x800002d8 (0x00d1b133) sltu    sp, gp, a3
core   0: 3 0x800002d8 (0x00d1b133) x 2 0x00000000
core   0: 0x800002dc (0x97568337) lui     t1, 0x97568
core   0: 3 0x800002dc (0x97568337) x 6 0x97568000
core   0: 0x800002e0 (0x01236ab3) or      s5, t1, s2
core   0: 3 0x800002e0 (0x01236ab3) x21 0x97568001
core   0: 0x800002e4 (0xfb6242e3) blt     tp, s6, pc - 92
core   0: 3 0x800002e4 (0xfb6242e3)
core   0: 0x80000288 (0xc31dce97) auipc   t4, 0xc31dc
core   0: 3 0x80000288 (0xc31dce97) x29 0x431dc288
core   0: 0x8000028c (0x00120213) addi    tp, tp, 1
core   0: 3 0x8000028c (0x00120213) x 4 0x0000000e
core   0: 0x80000290 (0x008a5033) srl     zero, s4, s0
core   0: 3 0x80000290 (0x008a5033)
core   0: 0x80000294 (0x0188be33) sltu    t3, a7, s8
core   0: 3 0x80000294 (0x0188be33) x28 0x00000000
core   0: 0x80000298 (0xffc00693) li      a3, -4
core   0: 3 0x80000298 (0xffc00693) x13 0xfffffffc
core   0: 0x8000029c (0x40985cb3) sra     s9, a6, s1
core   0: 3 0x8000029c (0x40985cb3) x25 0xff800000
core   0: 0x800002a0 (0xe74c0613) addi    a2, s8, -396
core   0: 3 0x800002a0 (0xe74c0613) x12 0xffffff14
core   0: 0x800002a4 (0x6a52fc13) andi    s8, t0, 1701
core   0: 3 0x800002a4 (0x6a52fc13) x24 0x000000a0
core   0: 0x800002a8 (0x00800d13) li      s10, 8
core   0: 3 0x800002a8 (0x00800d13) x26 0x00000008
core   0: 0x800002ac (0x50b88593) addi    a1, a7, 1291
core   0: 3 0x800002ac (0x50b88593) x11 0x8002d1ef
core   0: 0x800002b0 (0x41258e33) sub     t3, a1, s2
core   0: 3 0x800002b0 (0x41258e33) x28 0x8002d1ee
core   0: 0x800002b4 (0x00000013) nop
core   0: 3 0x800002b4 (0x00000013)
core   0: 0x800002b8 (0x0f37b513) sltiu   a0, a5, 243
core   0: 3 0x800002b8 (0x0f37b513) x10 0x00000000
core   0: 0x800002bc (0x00185fb3) srl     t6, a6, ra
core   0: 3 0x800002bc (0x00185fb3) x31 0x00000080
core   0: 0x800002c0 (0x00468693) addi    a3, a3, 4
core   0: 3 0x800002c0 (0x00468693) x13 0x00000000
core   0: 0x800002c4 (0x0049b133) sltu    sp, s3, tp
core   0: 3 0x800002c4 (0x0049b133) x 2 0x00000001
core   0: 0x800002c8 (0x01675eb3) srl     t4, a4, s6
core   0: 3 0x800002c8 (0x01675eb3) x29 0x0000013f
core   0: 0x800002cc (0x0047fbb3) and     s7, a5, tp
core   0: 3 0x800002cc (0x0047fbb3) x23 0x00000004
core   0: 0x800002d0 (0xffa6e0e3) bltu    a3, s10, pc - 32
core   0: 3 0x800002d0 (0xffa6e0e3)
core   0: 0x800002b0 (0x41258e33) sub     t3, a1, s2
core   0: 3 0x800002b0 (0x41258e33) x28 0x8002d1ee
core   0: 0x800002b4 (0x00000013) nop
core   0: 3 0x800002b4 (0x00000013)
core   0: 0x800002b8 (0x0f37b513) sltiu   a0, a5, 243
core   0: 3 0x800002b8 (0x0f37b513) x10 0x00000000
core   0: 0x800002bc (0x00185fb3) srl     t6, a6, ra
core   0: 3 0x800002bc (0x00185fb3) x31 0x00000080
core   0: 0x800002c0 (0x00468693) addi    a3, a3, 4
core   0: 3 0x800002c0 (0x00468693) x13 0x00000004
core   0: 0x800002c4 (0x0049b133) sltu    sp, s3, tp
core   0: 3 0x800002c4 (0x0049b133) x 2 0x00000001
core   0: 0x800002c8 (0x01675eb3) srl     t4, a4, s6
core   0: 3 0x800002c8 (0x01675eb3) x29 0x0000013f
core   0: 0x800002cc (0x0047fbb3) and     s7, a5, tp
core   0: 3 0x800002cc (0x0047fbb3) x23 0x00000004
core   0: 0x800002d0 (0xffa6e0e3) bltu    a3, s10, pc - 32
core   0: 3 0x800002d0 (0xffa6e0e3)
core   0: 0x800002b0 (0x41258e33) sub     t3, a1, s2
core   0: 3 0x800002b0 (0x41258e33) x28 0x8002d1ee
core   0: 0x800002b4 (0x00000013) nop
core   0: 3 0x800002b4 (0x00000013)
core   0: 0x800002b8 (0x0f37b513) sltiu   a0, a5, 243
core   0: 3 0x800002b8 (0x0f37b513) x10 0x00000000
core   0: 0x800002bc (0x00185fb3) srl     t6, a6, ra
core   0: 3 0x800002bc (0x00185fb3) x31 0x00000080
core   0: 0x800002c0 (0x00468693) addi    a3, a3, 4
core   0: 3 0x800002c0 (0x00468693) x13 0x00000008
core   0: 0x800002c4 (0x0049b133) sltu    sp, s3, tp
core   0: 3 0x800002c4 (0x0049b133) x 2 0x00000001
core   0: 0x800002c8 (0x01675eb3) srl     t4, a4, s6
core   0: 3 0x800002c8 (0x01675eb3) x29 0x0000013f
core   0: 0x800002cc (0x0047fbb3) and     s7, a5, tp
core   0: 3 0x800002cc (0x0047fbb3) x23 0x00000004
core   0: 0x800002d0 (0xffa6e0e3) bltu    a3, s10, pc - 32
core   0: 3 0x800002d0 (0xffa6e0e3)
core   0: 0x800002d4 (0xd2b72993) slti    s3, a4, -725
core   0: 3 0x800002d4 (0xd2b72993) x19 0x00000000
core   0: 0x800002d8 (0x00d1b133) sltu    sp, gp, a3
core   0: 3 0x800002d8 (0x00d1b133) x 2 0x00000000
core   0: 0x800002dc (0x97568337) lui     t1, 0x97568
core   0: 3 0x800002dc (0x97568337) x 6 0x97568000
core   0: 0x800002e0 (0x01236ab3) or      s5, t1, s2
core   0: 3 0x800002e0 (0x01236ab3) x21 0x97568001
core   0: 0x800002e4 (0xfb6242e3) blt     tp, s6, pc - 92
core   0: 3 0x800002e4 (0xfb6242e3)
core   0: 0x80000288 (0xc31dce97) auipc   t4, 0xc31dc
core   0: 3 0x80000288 (0xc31dce97) x29 0x431dc288
core   0: 0x8000028c (0x00120213) addi    tp, tp, 1
core   0: 3 0x8000028c (0x00120213) x 4 0x0000000f
core   0: 0x80000290 (0x008a5033) srl     zero, s4, s0
core   0: 3 0x80000290 (0x008a5033)
core   0: 0x80000294 (0x0188be33) sltu    t3, a7, s8
core   0: 3 0x80000294 (0x0188be33) x28 0x00000000
core   0: 0x80000298 (0xffc00693) li      a3, -4
core   0: 3 0x80000298 (0xffc00693) x13 0xfffffffc
core   0: 0x8000029c (0x40985cb3) sra     s9, a6, s1
core   0: 3 0x8000029c (0x40985cb3) x25 0xff800000
core   0: 0x800002a0 (0xe74c0613) addi    a2, s8, -396
core   0: 3 0x800002a0 (0xe74c0613) x12 0xffffff14
core   0: 0x800002a4 (0x6a52fc13) andi    s8, t0, 1701
core   0: 3 0x800002a4 (0x6a52fc13) x24 0x000000a0
core   0: 0x800002a8 (0x00800d13) li      s10, 8
core   0: 3 0x800002a8 (0x00800d13) x26 0x00000008
core   0: 0x800002ac (0x50b88593) addi    a1, a7, 1291
core   0: 3 0x800002ac (0x50b88593) x11 0x8002d1ef
core   0: 0x800002b0 (0x41258e33) sub     t3, a1, s2
core   0: 3 0x800002b0 (0x41258e33) x28 0x8002d1ee
core   0: 0x800002b4 (0x00000013) nop
core   0: 3 0x800002b4 (0x00000013)
core   0: 0x800002b8 (0x0f37b513) sltiu   a0, a5, 243
core   0: 3 0x800002b8 (0x0f37b513) x10 0x00000000
core   0: 0x800002bc (0x00185fb3) srl     t6, a6, ra
core   0: 3 0x800002bc (0x00185fb3) x31 0x00000080
core   0: 0x800002c0 (0x00468693) addi    a3, a3, 4
core   0: 3 0x800002c0 (0x00468693) x13 0x00000000
core   0: 0x800002c4 (0x0049b133) sltu    sp, s3, tp
core   0: 3 0x800002c4 (0x0049b133) x 2 0x00000001
core   0: 0x800002c8 (0x01675eb3) srl     t4, a4, s6
core   0: 3 0x800002c8 (0x01675eb3) x29 0x0000013f
core   0: 0x800002cc (0x0047fbb3) and     s7, a5, tp
core   0: 3 0x800002cc (0x0047fbb3) x23 0x00000004
core   0: 0x800002d0 (0xffa6e0e3) bltu    a3, s10, pc - 32
core   0: 3 0x800002d0 (0xffa6e0e3)
core   0: 0x800002b0 (0x41258e33) sub     t3, a1, s2
core   0: 3 0x800002b0 (0x41258e33) x28 0x8002d1ee
core   0: 0x800002b4 (0x00000013) nop
core   0: 3 0x800002b4 (0x00000013)
core   0: 0x800002b8 (0x0f37b513) sltiu   a0, a5, 243
core   0: 3 0x800002b8 (0x0f37b513) x10 0x00000000
core   0: 0x800002bc (0x00185fb3) srl     t6, a6, ra
core   0: 3 0x800002bc (0x00185fb3) x31 0x00000080
core   0: 0x800002c0 (0x00468693) addi    a3, a3, 4
core   0: 3 0x800002c0 (0x00468693) x13 0x00000004
core   0: 0x800002c4 (0x0049b133) sltu    sp, s3, tp
core   0: 3 0x800002c4 (0x0049b133) x 2 0x00000001
core   0: 0x800002c8 (0x01675eb3) srl     t4, a4, s6
core   0: 3 0x800002c8 (0x01675eb3) x29 0x0000013f
core   0: 0x800002cc (0x0047fbb3) and     s7, a5, tp
core   0: 3 0x800002cc (0x0047fbb3) x23 0x00000004
core   0: 0x800002d0 (0xffa6e0e3) bltu    a3, s10, pc - 32
core   0: 3 0x800002d0 (0xffa6e0e3)
core   0: 0x800002b0 (0x41258e33) sub     t3, a1, s2
core   0: 3 0x800002b0 (0x41258e33) x28 0x8002d1ee
core   0: 0x800002b4 (0x00000013) nop
core   0: 3 0x800002b4 (0x00000013)
core   0: 0x800002b8 (0x0f37b513) sltiu   a0, a5, 243
core   0: 3 0x800002b8 (0x0f37b513) x10 0x00000000
core   0: 0x800002bc (0x00185fb3) srl     t6, a6, ra
core   0: 3 0x800002bc (0x00185fb3) x31 0x00000080
core   0: 0x800002c0 (0x00468693) addi    a3, a3, 4
core   0: 3 0x800002c0 (0x00468693) x13 0x00000008
core   0: 0x800002c4 (0x0049b133) sltu    sp, s3, tp
core   0: 3 0x800002c4 (0x0049b133) x 2 0x00000001
core   0: 0x800002c8 (0x01675eb3) srl     t4, a4, s6
core   0: 3 0x800002c8 (0x01675eb3) x29 0x0000013f
core   0: 0x800002cc (0x0047fbb3) and     s7, a5, tp
core   0: 3 0x800002cc (0x0047fbb3) x23 0x00000004
core   0: 0x800002d0 (0xffa6e0e3) bltu    a3, s10, pc - 32
core   0: 3 0x800002d0 (0xffa6e0e3)
core   0: 0x800002d4 (0xd2b72993) slti    s3, a4, -725
core   0: 3 0x800002d4 (0xd2b72993) x19 0x00000000
core   0: 0x800002d8 (0x00d1b133) sltu    sp, gp, a3
core   0: 3 0x800002d8 (0x00d1b133) x 2 0x00000000
core   0: 0x800002dc (0x97568337) lui     t1, 0x97568
core   0: 3 0x800002dc (0x97568337) x 6 0x97568000
core   0: 0x800002e0 (0x01236ab3) or      s5, t1, s2
core   0: 3 0x800002e0 (0x01236ab3) x21 0x97568001
core   0: 0x800002e4 (0xfb6242e3) blt     tp, s6, pc - 92
core   0: 3 0x800002e4 (0xfb6242e3)
core   0: 0x80000288 (0xc31dce97) auipc   t4, 0xc31dc
core   0: 3 0x80000288 (0xc31dce97) x29 0x431dc288
core   0: 0x8000028c (0x00120213) addi    tp, tp, 1
core   0: 3 0x8000028c (0x00120213) x 4 0x00000010
core   0: 0x80000290 (0x008a5033) srl     zero, s4, s0
core   0: 3 0x80000290 (0x008a5033)
core   0: 0x80000294 (0x0188be33) sltu    t3, a7, s8
core   0: 3 0x80000294 (0x0188be33) x28 0x00000000
core   0: 0x80000298 (0xffc00693) li      a3, -4
core   0: 3 0x80000298 (0xffc00693) x13 0xfffffffc
core   0: 0x8000029c (0x40985cb3) sra     s9, a6, s1
core   0: 3 0x8000029c (0x40985cb3) x25 0xff800000
core   0: 0x800002a0 (0xe74c0613) addi    a2, s8, -396
core   0: 3 0x800002a0 (0xe74c0613) x12 0xffffff14
core   0: 0x800002a4 (0x6a52fc13) andi    s8, t0, 1701
core   0: 3 0x800002a4 (0x6a52fc13) x24 0x000000a0
core   0: 0x800002a8 (0x00800d13) li      s10, 8
core   0: 3 0x800002a8 (0x00800d13) x26 0x00000008
core   0: 0x800002ac (0x50b88593) addi    a1, a7, 1291
core   0: 3 0x800002ac (0x50b88593) x11 0x8002d1ef
core   0: 0x800002b0 (0x41258e33) sub     t3, a1, s2
core   0: 3 0x800002b0 (0x41258e33) x28 0x8002d1ee
core   0: 0x800002b4 (0x00000013) nop
core   0: 3 0x800002b4 (0x00000013)
core   0: 0x800002b8 (0x0f37b513) sltiu   a0, a5, 243
core   0: 3 0x800002b8 (0x0f37b513) x10 0x00000000
core   0: 0x800002bc (0x00185fb3) srl     t6, a6, ra
core   0: 3 0x800002bc (0x00185fb3) x31 0x00000080
core   0: 0x800002c0 (0x00468693) addi    a3, a3, 4
core   0: 3 0x800002c0 (0x00468693) x13 0x00000000
core   0: 0x800002c4 (0x0049b133) sltu    sp, s3, tp
core   0: 3 0x800002c4 (0x0049b133) x 2 0x00000001
core   0: 0x800002c8 (0x01675eb3) srl     t4, a4, s6
core   0: 3 0x800002c8 (0x01675eb3) x29 0x0000013f
core   0: 0x800002cc (0x0047fbb3) and     s7, a5, tp
core   0: 3 0x800002cc (0x0047fbb3) x23 0x00000000
core   0: 0x800002d0 (0xffa6e0e3) bltu    a3, s10, pc - 32
core   0: 3 0x800002d0 (0xffa6e0e3)
core   0: 0x800002b0 (0x41258e33) sub     t3, a1, s2
core   0: 3 0x800002b0 (0x41258e33) x28 0x8002d1ee
core   0: 0x800002b4 (0x00000013) nop
core   0: 3 0x800002b4 (0x00000013)
core   0: 0x800002b8 (0x0f37b513) sltiu   a0, a5, 243
core   0: 3 0x800002b8 (0x0f37b513) x10 0x00000000
core   0: 0x800002bc (0x00185fb3) srl     t6, a6, ra
core   0: 3 0x800002bc (0x00185fb3) x31 0x00000080
core   0: 0x800002c0 (0x00468693) addi    a3, a3, 4
core   0: 3 0x800002c0 (0x00468693) x13 0x00000004
core   0: 0x800002c4 (0x0049b133) sltu    sp, s3, tp
core   0: 3 0x800002c4 (0x0049b133) x 2 0x00000001
core   0: 0x800002c8 (0x01675eb3) srl     t4, a4, s6
core   0: 3 0x800002c8 (0x01675eb3) x29 0x0000013f
core   0: 0x800002cc (0x0047fbb3) and     s7, a5, tp
core   0: 3 0x800002cc (0x0047fbb3) x23 0x00000000
core   0: 0x800002d0 (0xffa6e0e3) bltu    a3, s10, pc - 32
core   0: 3 0x800002d0 (0xffa6e0e3)
core   0: 0x800002b0 (0x41258e33) sub     t3, a1, s2
core   0: 3 0x800002b0 (0x41258e33) x28 0x8002d1ee
core   0: 0x800002b4 (0x00000013) nop
core   0: 3 0x800002b4 (0x00000013)
core   0: 0x800002b8 (0x0f37b513) sltiu   a0, a5, 243
core   0: 3 0x800002b8 (0x0f37b513) x10 0x00000000
core   0: 0x800002bc (0x00185fb3) srl     t6, a6, ra
core   0: 3 0x800002bc (0x00185fb3) x31 0x00000080
core   0: 0x800002c0 (0x00468693) addi    a3, a3, 4
core   0: 3 0x800002c0 (0x00468693) x13 0x00000008
core   0: 0x800002c4 (0x0049b133) sltu    sp, s3, tp
core   0: 3 0x800002c4 (0x0049b133) x 2 0x00000001
core   0: 0x800002c8 (0x01675eb3) srl     t4, a4, s6
core   0: 3 0x800002c8 (0x01675eb3) x29 0x0000013f
core   0: 0x800002cc (0x0047fbb3) and     s7, a5, tp
core   0: 3 0x800002cc (0x0047fbb3) x23 0x00000000
core   0: 0x800002d0 (0xffa6e0e3) bltu    a3, s10, pc - 32
core   0: 3 0x800002d0 (0xffa6e0e3)
core   0: 0x800002d4 (0xd2b72993) slti    s3, a4, -725
core   0: 3 0x800002d4 (0xd2b72993) x19 0x00000000
core   0: 0x800002d8 (0x00d1b133) sltu    sp, gp, a3
core   0: 3 0x800002d8 (0x00d1b133) x 2 0x00000000
core   0: 0x800002dc (0x97568337) lui     t1, 0x97568
core   0: 3 0x800002dc (0x97568337) x 6 0x97568000
core   0: 0x800002e0 (0x01236ab3) or      s5, t1, s2
core   0: 3 0x800002e0 (0x01236ab3) x21 0x97568001
core   0: 0x800002e4 (0xfb6242e3) blt     tp, s6, pc - 92
core   0: 3 0x800002e4 (0xfb6242e3)
core   0: 0x80000288 (0xc31dce97) auipc   t4, 0xc31dc
core   0: 3 0x80000288 (0xc31dce97) x29 0x431dc288
core   0: 0x8000028c (0x00120213) addi    tp, tp, 1
core   0: 3 0x8000028c (0x00120213) x 4 0x00000011
core   0: 0x80000290 (0x008a5033) srl     zero, s4, s0
core   0: 3 0x80000290 (0x008a5033)
core   0: 0x80000294 (0x0188be33) sltu    t3, a7, s8
core   0: 3 0x80000294 (0x0188be33) x28 0x00000000
core   0: 0x80000298 (0xffc00693) li      a3, -4
core   0: 3 0x80000298 (0xffc00693) x13 0xfffffffc
core   0: 0x8000029c (0x40985cb3) sra     s9, a6, s1
core   0: 3 0x8000029c (0x40985cb3) x25 0xff800000
core   0: 0x800002a0 (0xe74c0613) addi    a2, s8, -396
core   0: 3 0x800002a0 (0xe74c0613) x12 0xffffff14
core   0: 0x800002a4 (0x6a52fc13) andi    s8, t0, 1701
core   0: 3 0x800002a4 (0x6a52fc13) x24 0x000000a0
core   0: 0x800002a8 (0x00800d13) li      s10, 8
core   0: 3 0x800002a8 (0x00800d13) x26 0x00000008
core   0: 0x800002ac (0x50b88593) addi    a1, a7, 1291
core   0: 3 0x800002ac (0x50b88593) x11 0x8002d1ef
core   0: 0x800002b0 (0x41258e33) sub     t3, a1, s2
core   0: 3 0x800002b0 (0x41258e33) x28 0x8002d1ee
core   0: 0x800002b4 (0x00000013) nop
core   0: 3 0x800002b4 (0x00000013)
core   0: 0x800002b8 (0x0f37b513) sltiu   a0, a5, 243
core   0: 3 0x800002b8 (0x0f37b513) x10 0x00000000
core   0: 0x800002bc (0x00185fb3) srl     t6, a6, ra
core   0: 3 0x800002bc (0x00185fb3) x31 0x00000080
core   0: 0x800002c0 (0x00468693) addi    a3, a3, 4
core   0: 3 0x800002c0 (0x00468693) x13 0x00000000
core   0: 0x800002c4 (0x0049b133) sltu    sp, s3, tp
core   0: 3 0x800002c4 (0x0049b133) x 2 0x00000001
core   0: 0x800002c8 (0x01675eb3) srl     t4, a4, s6
core   0: 3 0x800002c8 (0x01675eb3) x29 0x0000013f
core   0: 0x800002cc (0x0047fbb3) and     s7, a5, tp
core   0: 3 0x800002cc (0x0047fbb3) x23 0x00000000
core   0: 0x800002d0 (0xffa6e0e3) bltu    a3, s10, pc - 32
core   0: 3 0x800002d0 (0xffa6e0e3)
core   0: 0x800002b0 (0x41258e33) sub     t3, a1, s2
core   0: 3 0x800002b0 (0x41258e33) x28 0x8002d1ee
core   0: 0x800002b4 (0x00000013) nop
core   0: 3 0x800002b4 (0x00000013)
core   0: 0x800002b8 (0x0f37b513) sltiu   a0, a5, 243
core   0: 3 0x800002b8 (0x0f37b513) x10 0x00000000
core   0: 0x800002bc (0x00185fb3) srl     t6, a6, ra
core   0: 3 0x800002bc (0x00185fb3) x31 0x00000080
core   0: 0x800002c0 (0x00468693) addi    a3, a3, 4
core   0: 3 0x800002c0 (0x00468693) x13 0x00000004
core   0: 0x800002c4 (0x0049b133) sltu    sp, s3, tp
core   0: 3 0x800002c4 (0x0049b133) x 2 0x00000001
core   0: 0x800002c8 (0x01675eb3) srl     t4, a4, s6
core   0: 3 0x800002c8 (0x01675eb3) x29 0x0000013f
core   0: 0x800002cc (0x0047fbb3) and     s7, a5, tp
core   0: 3 0x800002cc (0x0047fbb3) x23 0x00000000
core   0: 0x800002d0 (0xffa6e0e3) bltu    a3, s10, pc - 32
core   0: 3 0x800002d0 (0xffa6e0e3)
core   0: 0x800002b0 (0x41258e33) sub     t3, a1, s2
core   0: 3 0x800002b0 (0x41258e33) x28 0x8002d1ee
core   0: 0x800002b4 (0x00000013) nop
core   0: 3 0x800002b4 (0x00000013)
core   0: 0x800002b8 (0x0f37b513) sltiu   a0, a5, 243
core   0: 3 0x800002b8 (0x0f37b513) x10 0x00000000
core   0: 0x800002bc (0x00185fb3) srl     t6, a6, ra
core   0: 3 0x800002bc (0x00185fb3) x31 0x00000080
core   0: 0x800002c0 (0x00468693) addi    a3, a3, 4
core   0: 3 0x800002c0 (0x00468693) x13 0x00000008
core   0: 0x800002c4 (0x0049b133) sltu    sp, s3, tp
core   0: 3 0x800002c4 (0x0049b133) x 2 0x00000001
core   0: 0x800002c8 (0x01675eb3) srl     t4, a4, s6
core   0: 3 0x800002c8 (0x01675eb3) x29 0x0000013f
core   0: 0x800002cc (0x0047fbb3) and     s7, a5, tp
core   0: 3 0x800002cc (0x0047fbb3) x23 0x00000000
core   0: 0x800002d0 (0xffa6e0e3) bltu    a3, s10, pc - 32
core   0: 3 0x800002d0 (0xffa6e0e3)
core   0: 0x800002d4 (0xd2b72993) slti    s3, a4, -725
core   0: 3 0x800002d4 (0xd2b72993) x19 0x00000000
core   0: 0x800002d8 (0x00d1b133) sltu    sp, gp, a3
core   0: 3 0x800002d8 (0x00d1b133) x 2 0x00000000
core   0: 0x800002dc (0x97568337) lui     t1, 0x97568
core   0: 3 0x800002dc (0x97568337) x 6 0x97568000
core   0: 0x800002e0 (0x01236ab3) or      s5, t1, s2
core   0: 3 0x800002e0 (0x01236ab3) x21 0x97568001
core   0: 0x800002e4 (0xfb6242e3) blt     tp, s6, pc - 92
core   0: 3 0x800002e4 (0xfb6242e3)
core   0: 0x80000288 (0xc31dce97) auipc   t4, 0xc31dc
core   0: 3 0x80000288 (0xc31dce97) x29 0x431dc288
core   0: 0x8000028c (0x00120213) addi    tp, tp, 1
core   0: 3 0x8000028c (0x00120213) x 4 0x00000012
core   0: 0x80000290 (0x008a5033) srl     zero, s4, s0
core   0: 3 0x80000290 (0x008a5033)
core   0: 0x80000294 (0x0188be33) sltu    t3, a7, s8
core   0: 3 0x80000294 (0x0188be33) x28 0x00000000
core   0: 0x80000298 (0xffc00693) li      a3, -4
core   0: 3 0x80000298 (0xffc00693) x13 0xfffffffc
core   0: 0x8000029c (0x40985cb3) sra     s9, a6, s1
core   0: 3 0x8000029c (0x40985cb3) x25 0xff800000
core   0: 0x800002a0 (0xe74c0613) addi    a2, s8, -396
core   0: 3 0x800002a0 (0xe74c0613) x12 0xffffff14
core   0: 0x800002a4 (0x6a52fc13) andi    s8, t0, 1701
core   0: 3 0x800002a4 (0x6a52fc13) x24 0x000000a0
core   0: 0x800002a8 (0x00800d13) li      s10, 8
core   0: 3 0x800002a8 (0x00800d13) x26 0x00000008
core   0: 0x800002ac (0x50b88593) addi    a1, a7, 1291
core   0: 3 0x800002ac (0x50b88593) x11 0x8002d1ef
core   0: 0x800002b0 (0x41258e33) sub     t3, a1, s2
core   0: 3 0x800002b0 (0x41258e33) x28 0x8002d1ee
core   0: 0x800002b4 (0x00000013) nop
core   0: 3 0x800002b4 (0x00000013)
core   0: 0x800002b8 (0x0f37b513) sltiu   a0, a5, 243
core   0: 3 0x800002b8 (0x0f37b513) x10 0x00000000
core   0: 0x800002bc (0x00185fb3) srl     t6, a6, ra
core   0: 3 0x800002bc (0x00185fb3) x31 0x00000080
core   0: 0x800002c0 (0x00468693) addi    a3, a3, 4
core   0: 3 0x800002c0 (0x00468693) x13 0x00000000
core   0: 0x800002c4 (0x0049b133) sltu    sp, s3, tp
core   0: 3 0x800002c4 (0x0049b133) x 2 0x00000001
core   0: 0x800002c8 (0x01675eb3) srl     t4, a4, s6
core   0: 3 0x800002c8 (0x01675eb3) x29 0x0000013f
core   0: 0x800002cc (0x0047fbb3) and     s7, a5, tp
core   0: 3 0x800002cc (0x0047fbb3) x23 0x00000000
core   0: 0x800002d0 (0xffa6e0e3) bltu    a3, s10, pc - 32
core   0: 3 0x800002d0 (0xffa6e0e3)
core   0: 0x800002b0 (0x41258e33) sub     t3, a1, s2
core   0: 3 0x800002b0 (0x41258e33) x28 0x8002d1ee
core   0: 0x800002b4 (0x00000013) nop
core   0: 3 0x800002b4 (0x00000013)
core   0: 0x800002b8 (0x0f37b513) sltiu   a0, a5, 243
core   0: 3 0x800002b8 (0x0f37b513) x10 0x00000000
core   0: 0x800002bc (0x00185fb3) srl     t6, a6, ra
core   0: 3 0x800002bc (0x00185fb3) x31 0x00000080
core   0: 0x800002c0 (0x00468693) addi    a3, a3, 4
core   0: 3 0x800002c0 (0x00468693) x13 0x00000004
core   0: 0x800002c4 (0x0049b133) sltu    sp, s3, tp
core   0: 3 0x800002c4 (0x0049b133) x 2 0x00000001
core   0: 0x800002c8 (0x01675eb3) srl     t4, a4, s6
core   0: 3 0x800002c8 (0x01675eb3) x29 0x0000013f
core   0: 0x800002cc (0x0047fbb3) and     s7, a5, tp
core   0: 3 0x800002cc (0x0047fbb3) x23 0x00000000
core   0: 0x800002d0 (0xffa6e0e3) bltu    a3, s10, pc - 32
core   0: 3 0x800002d0 (0xffa6e0e3)
core   0: 0x800002b0 (0x41258e33) sub     t3, a1, s2
core   0: 3 0x800002b0 (0x41258e33) x28 0x8002d1ee
core   0: 0x800002b4 (0x00000013) nop
core   0: 3 0x800002b4 (0x00000013)
core   0: 0x800002b8 (0x0f37b513) sltiu   a0, a5, 243
core   0: 3 0x800002b8 (0x0f37b513) x10 0x00000000
core   0: 0x800002bc (0x00185fb3) srl     t6, a6, ra
core   0: 3 0x800002bc (0x00185fb3) x31 0x00000080
core   0: 0x800002c0 (0x00468693) addi    a3, a3, 4
core   0: 3 0x800002c0 (0x00468693) x13 0x00000008
core   0: 0x800002c4 (0x0049b133) sltu    sp, s3, tp
core   0: 3 0x800002c4 (0x0049b133) x 2 0x00000001
core   0: 0x800002c8 (0x01675eb3) srl     t4, a4, s6
core   0: 3 0x800002c8 (0x01675eb3) x29 0x0000013f
core   0: 0x800002cc (0x0047fbb3) and     s7, a5, tp
core   0: 3 0x800002cc (0x0047fbb3) x23 0x00000000
core   0: 0x800002d0 (0xffa6e0e3) bltu    a3, s10, pc - 32
core   0: 3 0x800002d0 (0xffa6e0e3)
core   0: 0x800002d4 (0xd2b72993) slti    s3, a4, -725
core   0: 3 0x800002d4 (0xd2b72993) x19 0x00000000
core   0: 0x800002d8 (0x00d1b133) sltu    sp, gp, a3
core   0: 3 0x800002d8 (0x00d1b133) x 2 0x00000000
core   0: 0x800002dc (0x97568337) lui     t1, 0x97568
core   0: 3 0x800002dc (0x97568337) x 6 0x97568000
core   0: 0x800002e0 (0x01236ab3) or      s5, t1, s2
core   0: 3 0x800002e0 (0x01236ab3) x21 0x97568001
core   0: 0x800002e4 (0xfb6242e3) blt     tp, s6, pc - 92
core   0: 3 0x800002e4 (0xfb6242e3)
core   0: 0x80000288 (0xc31dce97) auipc   t4, 0xc31dc
core   0: 3 0x80000288 (0xc31dce97) x29 0x431dc288
core   0: 0x8000028c (0x00120213) addi    tp, tp, 1
core   0: 3 0x8000028c (0x00120213) x 4 0x00000013
core   0: 0x80000290 (0x008a5033) srl     zero, s4, s0
core   0: 3 0x80000290 (0x008a5033)
core   0: 0x80000294 (0x0188be33) sltu    t3, a7, s8
core   0: 3 0x80000294 (0x0188be33) x28 0x00000000
core   0: 0x80000298 (0xffc00693) li      a3, -4
core   0: 3 0x80000298 (0xffc00693) x13 0xfffffffc
core   0: 0x8000029c (0x40985cb3) sra     s9, a6, s1
core   0: 3 0x8000029c (0x40985cb3) x25 0xff800000
core   0: 0x800002a0 (0xe74c0613) addi    a2, s8, -396
core   0: 3 0x800002a0 (0xe74c0613) x12 0xffffff14
core   0: 0x800002a4 (0x6a52fc13) andi    s8, t0, 1701
core   0: 3 0x800002a4 (0x6a52fc13) x24 0x000000a0
core   0: 0x800002a8 (0x00800d13) li      s10, 8
core   0: 3 0x800002a8 (0x00800d13) x26 0x00000008
core   0: 0x800002ac (0x50b88593) addi    a1, a7, 1291
core   0: 3 0x800002ac (0x50b88593) x11 0x8002d1ef
core   0: 0x800002b0 (0x41258e33) sub     t3, a1, s2
core   0: 3 0x800002b0 (0x41258e33) x28 0x8002d1ee
core   0: 0x800002b4 (0x00000013) nop
core   0: 3 0x800002b4 (0x00000013)
core   0: 0x800002b8 (0x0f37b513) sltiu   a0, a5, 243
core   0: 3 0x800002b8 (0x0f37b513) x10 0x00000000
core   0: 0x800002bc (0x00185fb3) srl     t6, a6, ra
core   0: 3 0x800002bc (0x00185fb3) x31 0x00000080
core   0: 0x800002c0 (0x00468693) addi    a3, a3, 4
core   0: 3 0x800002c0 (0x00468693) x13 0x00000000
core   0: 0x800002c4 (0x0049b133) sltu    sp, s3, tp
core   0: 3 0x800002c4 (0x0049b133) x 2 0x00000001
core   0: 0x800002c8 (0x01675eb3) srl     t4, a4, s6
core   0: 3 0x800002c8 (0x01675eb3) x29 0x0000013f
core   0: 0x800002cc (0x0047fbb3) and     s7, a5, tp
core   0: 3 0x800002cc (0x0047fbb3) x23 0x00000000
core   0: 0x800002d0 (0xffa6e0e3) bltu    a3, s10, pc - 32
core   0: 3 0x800002d0 (0xffa6e0e3)
core   0: 0x800002b0 (0x41258e33) sub     t3, a1, s2
core   0: 3 0x800002b0 (0x41258e33) x28 0x8002d1ee
core   0: 0x800002b4 (0x00000013) nop
core   0: 3 0x800002b4 (0x00000013)
core   0: 0x800002b8 (0x0f37b513) sltiu   a0, a5, 243
core   0: 3 0x800002b8 (0x0f37b513) x10 0x00000000
core   0: 0x800002bc (0x00185fb3) srl     t6, a6, ra
core   0: 3 0x800002bc (0x00185fb3) x31 0x00000080
core   0: 0x800002c0 (0x00468693) addi    a3, a3, 4
core   0: 3 0x800002c0 (0x00468693) x13 0x00000004
core   0: 0x800002c4 (0x0049b133) sltu    sp, s3, tp
core   0: 3 0x800002c4 (0x0049b133) x 2 0x00000001
core   0: 0x800002c8 (0x01675eb3) srl     t4, a4, s6
core   0: 3 0x800002c8 (0x01675eb3) x29 0x0000013f
core   0: 0x800002cc (0x0047fbb3) and     s7, a5, tp
core   0: 3 0x800002cc (0x0047fbb3) x23 0x00000000
core   0: 0x800002d0 (0xffa6e0e3) bltu    a3, s10, pc - 32
core   0: 3 0x800002d0 (0xffa6e0e3)
core   0: 0x800002b0 (0x41258e33) sub     t3, a1, s2
core   0: 3 0x800002b0 (0x41258e33) x28 0x8002d1ee
core   0: 0x800002b4 (0x00000013) nop
core   0: 3 0x800002b4 (0x00000013)
core   0: 0x800002b8 (0x0f37b513) sltiu   a0, a5, 243
core   0: 3 0x800002b8 (0x0f37b513) x10 0x00000000
core   0: 0x800002bc (0x00185fb3) srl     t6, a6, ra
core   0: 3 0x800002bc (0x00185fb3) x31 0x00000080
core   0: 0x800002c0 (0x00468693) addi    a3, a3, 4
core   0: 3 0x800002c0 (0x00468693) x13 0x00000008
core   0: 0x800002c4 (0x0049b133) sltu    sp, s3, tp
core   0: 3 0x800002c4 (0x0049b133) x 2 0x00000001
core   0: 0x800002c8 (0x01675eb3) srl     t4, a4, s6
core   0: 3 0x800002c8 (0x01675eb3) x29 0x0000013f
core   0: 0x800002cc (0x0047fbb3) and     s7, a5, tp
core   0: 3 0x800002cc (0x0047fbb3) x23 0x00000000
core   0: 0x800002d0 (0xffa6e0e3) bltu    a3, s10, pc - 32
core   0: 3 0x800002d0 (0xffa6e0e3)
core   0: 0x800002d4 (0xd2b72993) slti    s3, a4, -725
core   0: 3 0x800002d4 (0xd2b72993) x19 0x00000000
core   0: 0x800002d8 (0x00d1b133) sltu    sp, gp, a3
core   0: 3 0x800002d8 (0x00d1b133) x 2 0x00000000
core   0: 0x800002dc (0x97568337) lui     t1, 0x97568
core   0: 3 0x800002dc (0x97568337) x 6 0x97568000
core   0: 0x800002e0 (0x01236ab3) or      s5, t1, s2
core   0: 3 0x800002e0 (0x01236ab3) x21 0x97568001
core   0: 0x800002e4 (0xfb6242e3) blt     tp, s6, pc - 92
core   0: 3 0x800002e4 (0xfb6242e3)
core   0: 0x80000288 (0xc31dce97) auipc   t4, 0xc31dc
core   0: 3 0x80000288 (0xc31dce97) x29 0x431dc288
core   0: 0x8000028c (0x00120213) addi    tp, tp, 1
core   0: 3 0x8000028c (0x00120213) x 4 0x00000014
core   0: 0x80000290 (0x008a5033) srl     zero, s4, s0
core   0: 3 0x80000290 (0x008a5033)
core   0: 0x80000294 (0x0188be33) sltu    t3, a7, s8
core   0: 3 0x80000294 (0x0188be33) x28 0x00000000
core   0: 0x80000298 (0xffc00693) li      a3, -4
core   0: 3 0x80000298 (0xffc00693) x13 0xfffffffc
core   0: 0x8000029c (0x40985cb3) sra     s9, a6, s1
core   0: 3 0x8000029c (0x40985cb3) x25 0xff800000
core   0: 0x800002a0 (0xe74c0613) addi    a2, s8, -396
core   0: 3 0x800002a0 (0xe74c0613) x12 0xffffff14
core   0: 0x800002a4 (0x6a52fc13) andi    s8, t0, 1701
core   0: 3 0x800002a4 (0x6a52fc13) x24 0x000000a0
core   0: 0x800002a8 (0x00800d13) li      s10, 8
core   0: 3 0x800002a8 (0x00800d13) x26 0x00000008
core   0: 0x800002ac (0x50b88593) addi    a1, a7, 1291
core   0: 3 0x800002ac (0x50b88593) x11 0x8002d1ef
core   0: 0x800002b0 (0x41258e33) sub     t3, a1, s2
core   0: 3 0x800002b0 (0x41258e33) x28 0x8002d1ee
core   0: 0x800002b4 (0x00000013) nop
core   0: 3 0x800002b4 (0x00000013)
core   0: 0x800002b8 (0x0f37b513) sltiu   a0, a5, 243
core   0: 3 0x800002b8 (0x0f37b513) x10 0x00000000
core   0: 0x800002bc (0x00185fb3) srl     t6, a6, ra
core   0: 3 0x800002bc (0x00185fb3) x31 0x00000080
core   0: 0x800002c0 (0x00468693) addi    a3, a3, 4
core   0: 3 0x800002c0 (0x00468693) x13 0x00000000
core   0: 0x800002c4 (0x0049b133) sltu    sp, s3, tp
core   0: 3 0x800002c4 (0x0049b133) x 2 0x00000001
core   0: 0x800002c8 (0x01675eb3) srl     t4, a4, s6
core   0: 3 0x800002c8 (0x01675eb3) x29 0x0000013f
core   0: 0x800002cc (0x0047fbb3) and     s7, a5, tp
core   0: 3 0x800002cc (0x0047fbb3) x23 0x00000004
core   0: 0x800002d0 (0xffa6e0e3) bltu    a3, s10, pc - 32
core   0: 3 0x800002d0 (0xffa6e0e3)
core   0: 0x800002b0 (0x41258e33) sub     t3, a1, s2
core   0: 3 0x800002b0 (0x41258e33) x28 0x8002d1ee
core   0: 0x800002b4 (0x00000013) nop
core   0: 3 0x800002b4 (0x00000013)
core   0: 0x800002b8 (0x0f37b513) sltiu   a0, a5, 243
core   0: 3 0x800002b8 (0x0f37b513) x10 0x00000000
core   0: 0x800002bc (0x00185fb3) srl     t6, a6, ra
core   0: 3 0x800002bc (0x00185fb3) x31 0x00000080
core   0: 0x800002c0 (0x00468693) addi    a3, a3, 4
core   0: 3 0x800002c0 (0x00468693) x13 0x00000004
core   0: 0x800002c4 (0x0049b133) sltu    sp, s3, tp
core   0: 3 0x800002c4 (0x0049b133) x 2 0x00000001
core   0: 0x800002c8 (0x01675eb3) srl     t4, a4, s6
core   0: 3 0x800002c8 (0x01675eb3) x29 0x0000013f
core   0: 0x800002cc (0x0047fbb3) and     s7, a5, tp
core   0: 3 0x800002cc (0x0047fbb3) x23 0x00000004
core   0: 0x800002d0 (0xffa6e0e3) bltu    a3, s10, pc - 32
core   0: 3 0x800002d0 (0xffa6e0e3)
core   0: 0x800002b0 (0x41258e33) sub     t3, a1, s2
core   0: 3 0x800002b0 (0x41258e33) x28 0x8002d1ee
core   0: 0x800002b4 (0x00000013) nop
core   0: 3 0x800002b4 (0x00000013)
core   0: 0x800002b8 (0x0f37b513) sltiu   a0, a5, 243
core   0: 3 0x800002b8 (0x0f37b513) x10 0x00000000
core   0: 0x800002bc (0x00185fb3) srl     t6, a6, ra
core   0: 3 0x800002bc (0x00185fb3) x31 0x00000080
core   0: 0x800002c0 (0x00468693) addi    a3, a3, 4
core   0: 3 0x800002c0 (0x00468693) x13 0x00000008
core   0: 0x800002c4 (0x0049b133) sltu    sp, s3, tp
core   0: 3 0x800002c4 (0x0049b133) x 2 0x00000001
core   0: 0x800002c8 (0x01675eb3) srl     t4, a4, s6
core   0: 3 0x800002c8 (0x01675eb3) x29 0x0000013f
core   0: 0x800002cc (0x0047fbb3) and     s7, a5, tp
core   0: 3 0x800002cc (0x0047fbb3) x23 0x00000004
core   0: 0x800002d0 (0xffa6e0e3) bltu    a3, s10, pc - 32
core   0: 3 0x800002d0 (0xffa6e0e3)
core   0: 0x800002d4 (0xd2b72993) slti    s3, a4, -725
core   0: 3 0x800002d4 (0xd2b72993) x19 0x00000000
core   0: 0x800002d8 (0x00d1b133) sltu    sp, gp, a3
core   0: 3 0x800002d8 (0x00d1b133) x 2 0x00000000
core   0: 0x800002dc (0x97568337) lui     t1, 0x97568
core   0: 3 0x800002dc (0x97568337) x 6 0x97568000
core   0: 0x800002e0 (0x01236ab3) or      s5, t1, s2
core   0: 3 0x800002e0 (0x01236ab3) x21 0x97568001
core   0: 0x800002e4 (0xfb6242e3) blt     tp, s6, pc - 92
core   0: 3 0x800002e4 (0xfb6242e3)
core   0: 0x800002e8 (0x2014b993) sltiu   s3, s1, 513
core   0: 3 0x800002e8 (0x2014b993) x19 0x00000000
core   0: 0x800002ec (0x00013497) auipc   s1, 0x13
core   0: 3 0x800002ec (0x00013497) x 9 0x800132ec
core   0: 0x800002f0 (0x5e248493) addi    s1, s1, 1506
core   0: 3 0x800002f0 (0x5e248493) x 9 0x800138ce
core   0: 0x800002f4 (0x9a648283) lb      t0, -1626(s1)
core   0: 3 0x800002f4 (0x9a648283) x 5 0xffffffc8 mem 0x80013274
core   0: 0x800002f8 (0x1ed4c983) lbu     s3, 493(s1)
core   0: 3 0x800002f8 (0x1ed4c983) x19 0x00000004 mem 0x80013abb
core   0: 0x800002fc (0xb13488a3) sb      s3, -1263(s1)
core   0: 3 0x800002fc (0xb13488a3) mem 0x800133df 0x4
core   0: 0x80000300 (0xa854c683) lbu     a3, -1403(s1)
core   0: 3 0x80000300 (0xa854c683) x13 0x000000f7 mem 0x80013353
core   0: 0x80000304 (0x94248683) lb      a3, -1726(s1)
core   0: 3 0x80000304 (0x94248683) x13 0xffffff95 mem 0x80013210
core   0: 0x80000308 (0x00c9e6b3) or      a3, s3, a2
core   0: 3 0x80000308 (0x00c9e6b3) x13 0xffffff14
core   0: 0x8000030c (0x72b4c683) lbu     a3, 1835(s1)
core   0: 3 0x8000030c (0x72b4c683) x13 0x000000dc mem 0x80013ff9
core   0: 0x80000310 (0x4099d993) srai    s3, s3, 9
core   0: 3 0x80000310 (0x4099d993) x19 0x00000000
core   0: 0x80000314 (0x013982b3) add     t0, s3, s3
core   0: 3 0x80000314 (0x013982b3) x 5 0x00000000
core   0: 0x80000318 (0x39f3f293) andi    t0, t2, 927
core   0: 3 0x80000318 (0x39f3f293) x 5 0x00000398
core   0: 0x8000031c (0x24248983) lb      s3, 578(s1)
core   0: 3 0x8000031c (0x24248983) x19 0xffffffd5 mem 0x80013b10
core   0: 0x80000320 (0x9539e293) ori     t0, s3, -1709
core   0: 3 0x80000320 (0x9539e293) x 5 0xffffffd7
core   0: 0x80000324 (0xdd49c997) auipc   s3, 0xdd49c
core   0: 3 0x80000324 (0xdd49c997) x19 0x5d49c324
core   0: 0x80000328 (0x5274c603) lbu     a2, 1319(s1)
core   0: 3 0x80000328 (0x5274c603) x12 0x000000c0 mem 0x80013df5
core   0: 0x8000032c (0x3d74c283) lbu     t0, 983(s1)
core   0: 3 0x8000032c (0x3d74c283) x 5 0x00000001 mem 0x80013ca5
core   0: 0x80000330 (0x67168693) addi    a3, a3, 1649
core   0: 3 0x80000330 (0x67168693) x13 0x0000074d
core   0: 0x80000334 (0x007656b3) srl     a3, a2, t2
core   0: 3 0x80000334 (0x007656b3) x13 0x00000000
core   0: 0x80000338 (0x4a442293) slti    t0, s0, 1188
core   0: 3 0x80000338 (0x4a442293) x 5 0x00000001
core   0: 0x8000033c (0xc1349723) sh      s3, -1010(s1)
core   0: 3 0x8000033c (0xc1349723) mem 0x800134dc 0xc324
core   0: 0x80000340 (0x0089f6b3) and     a3, s3, s0
core   0: 3 0x80000340 (0x0089f6b3) x13 0x5849c324
core   0: 0x80000344 (0xd2f48283) lb      t0, -721(s1)
core   0: 3 0x80000344 (0xd2f48283) x 5 0x00000067 mem 0x800135fd
core   0: 0x80000348 (0x413283b3) sub     t2, t0, s3
core   0: 3 0x80000348 (0x413283b3) x 7 0xa2b63d43
core   0: 0x8000034c (0xddb48983) lb      s3, -549(s1)
core   0: 3 0x8000034c (0xddb48983) x19 0x00000030 mem 0x800136a9
core   0: 0x80000350 (0x00000013) nop
core   0: 3 0x80000350 (0x00000013)
core   0: 0x80000354 (0x96d48023) sb      a3, -1696(s1)
core   0: 3 0x80000354 (0x96d48023) mem 0x8001322e 0x24
core   0: 0x80000358 (0x405403b3) sub     t2, s0, t0
core   0: 3 0x80000358 (0x405403b3) x 7 0xdafbe355
core   0: 0x8000035c (0x66f47293) andi    t0, s0, 1647
core   0: 3 0x8000035c (0x66f47293) x 5 0x0000022c
core   0: 0x80000360 (0xe8c48c23) sb      a2, -360(s1)
core   0: 3 0x80000360 (0xe8c48c23) mem 0x80013766 0xc0
core   0: 0x80000364 (0x00867633) and     a2, a2, s0
core   0: 3 0x80000364 (0x00867633) x12 0x00000080
core   0: 0x80000368 (0x3d544993) xori    s3, s0, 981
core   0: 3 0x80000368 (0x3d544993) x19 0xdafbe069
core   0: 0x8000036c (0x00d642b3) xor     t0, a2, a3
core   0: 3 0x8000036c (0x00d642b3) x 5 0x5849c3a4
core   0: 0x80000370 (0x0139f433) and     s0, s3, s3
core   0: 3 0x80000370 (0x0139f433) x 8 0xdafbe069
core   0: 0x80000374 (0x8ca9f413) andi    s0, s3, -1846
core   0: 3 0x80000374 (0x8ca9f413) x 8 0xdafbe048
core   0: 0x80000378 (0x40d3d6b3) sra     a3, t2, a3
core   0: 3 0x80000378 (0x40d3d6b3) x13 0xfdafbe35
core   0: 0x8000037c (0xa664c983) lbu     s3, -1434(s1)
core   0: 3 0x8000037c (0xa664c983) x19 0x000000d0 mem 0x80013334
core   0: 0x80000380 (0xa456a393) slti    t2, a3, -1467
core   0: 3 0x80000380 (0xa456a393) x 7 0x00000001
core   0: 0x80000384 (0x6de9c393) xori    t2, s3, 1758
core   0: 3 0x80000384 (0x6de9c393) x 7 0x0000060e
core   0: 0x80000388 (0x57a9b413) sltiu   s0, s3, 1402
core   0: 3 0x80000388 (0x57a9b413) x 8 0x00000001
core   0: 0x8000038c (0xc334c983) lbu     s3, -973(s1)
core   0: 3 0x8000038c (0xc334c983) x19 0x0000002a mem 0x80013501
core   0: 0x80000390 (0xb7148403) lb      s0, -1167(s1)
core   0: 3 0x80000390 (0xb7148403) x 8 0xffffffaa mem 0x8001343f
core   0: 0x80000394 (0x289fe6b7) lui     a3, 0x289fe
core   0: 3 0x80000394 (0x289fe6b7) x13 0x289fe000
core   0: 0x80000398 (0xba94c683) lbu     a3, -1111(s1)
core   0: 3 0x80000398 (0xba94c683) x13 0x000000da mem 0x80013477
core   0: 0x8000039c (0x4099d413) srai    s0, s3, 9
core   0: 3 0x8000039c (0x4099d413) x 8 0x00000000
core   0: 0x800003a0 (0x3274a523) sw      t2, 810(s1)
core   0: 3 0x800003a0 (0x3274a523) mem 0x80013bf8 0x0000060e
core   0: 0x800003a4 (0x0143d693) srli    a3, t2, 20
core   0: 3 0x800003a4 (0x0143d693) x13 0x00000000
core   0: 0x800003a8 (0xe9448683) lb      a3, -364(s1)
core   0: 3 0x800003a8 (0xe9448683) x13 0xffffff8b mem 0x80013762
core   0: 0x800003ac (0xbfb4c603) lbu     a2, -1029(s1)
core   0: 3 0x800003ac (0xbfb4c603) x12 0x00000019 mem 0x800134c9
core   0: 0x800003b0 (0x5d148983) lb      s3, 1489(s1)
core   0: 3 0x800003b0 (0x5d148983) x19 0xffffff91 mem 0x80013e9f
core   0: 0x800003b4 (0x00000013) nop
core   0: 3 0x800003b4 (0x00000013)
core   0: 0x800003b8 (0xe0549323) sh      t0, -506(s1)
core   0: 3 0x800003b8 (0xe0549323) mem 0x800136d4 0xc3a4
core   0: 0x800003bc (0x00016117) auipc   sp, 0x16
core   0: 3 0x800003bc (0x00016117) x 2 0x800163bc
core   0: 0x800003c0 (0x9e310113) addi    sp, sp, -1565
core   0: 3 0x800003c0 (0x9e310113) x 2 0x80015d9f
core   0: 0x800003c4 (0xffb15c03) lhu     s8, -5(sp)
core   0: 3 0x800003c4 (0xffb15c03) x24 0x0000fe50 mem 0x80015d9a
core   0: 0x800003c8 (0xffa10b23) sb      s10, -10(sp)
core   0: 3 0x800003c8 (0xffa10b23) mem 0x80015d95 0x8
core   0: 0x800003cc (0x00a844b3) xor     s1, a6, a0
core   0: 3 0x800003cc (0x00a844b3) x 9 0x80000000
core   0: 0x800003d0 (0xff210603) lb      a2, -14(sp)
core   0: 3 0x800003d0 (0xff210603) x12 0xffffffdd mem 0x80015d91
core   0: 0x800003d4 (0x411c0c33) sub     s8, s8, a7
core   0: 3 0x800003d4 (0x411c0c33) x24 0x7ffe316c
core   0: 0x800003d8 (0x0d516913) ori     s2, sp, 213
core   0: 3 0x800003d8 (0x0d516913) x18 0x80015ddf
core   0: 0x800003dc (0x01fed313) srli    t1, t4, 31
core   0: 3 0x800003dc (0x01fed313) x 6 0x00000000
core   0: 0x800003e0 (0x013112a3) sh      s3, 5(sp)
core   0: 3 0x800003e0 (0x013112a3) mem 0x80015da4 0xff91
core   0: 0x800003e4 (0x00961eb3) sll     t4, a2, s1
core   0: 3 0x800003e4 (0x00961eb3) x29 0xffffffdd
core   0: 0x800003e8 (0x00414d83) lbu     s11, 4(sp)
core   0: 3 0x800003e8 (0x00414d83) x27 0x000000da mem 0x80015da3
core   0: 0x800003ec (0xf8b99597) auipc   a1, 0xf8b99
core   0: 3 0x800003ec (0xf8b99597) x11 0x78b993ec
core   0: 0x800003f0 (0xfe610c23) sb      t1, -8(sp)
core   0: 3 0x800003f0 (0xfe610c23) mem 0x80015d97 0x0
core   0: 0x800003f4 (0x00945633) srl     a2, s0, s1
core   0: 3 0x800003f4 (0x00945633) x12 0x00000000
core   0: 0x800003f8 (0x00f124a3) sw      a5, 9(sp)
core   0: 3 0x800003f8 (0x00f124a3) mem 0x80015da8 0x80028e64
core   0: 0x800003fc (0xffc10703) lb      a4, -4(sp)
core   0: 3 0x800003fc (0xffc10703) x14 0xfffffffe mem 0x80015d9b
core   0: 0x80000400 (0x01f9ea33) or      s4, s3, t6
core   0: 3 0x80000400 (0x01f9ea33) x20 0xffffff91
core   0: 0x80000404 (0x0039f9b3) and     s3, s3, gp
core   0: 3 0x80000404 (0x0039f9b3) x19 0x80000180
core   0: 0x80000408 (0x06ee6493) ori     s1, t3, 110
core   0: 3 0x80000408 (0x06ee6493) x 9 0x8002d1ee
core   0: 0x8000040c (0x015e8f33) add     t5, t4, s5
core   0: 3 0x8000040c (0x015e8f33) x30 0x97567fde
core   0: 0x80000410 (0xffa14603) lbu     a2, -6(sp)
core   0: 3 0x80000410 (0xffa14603) x12 0x00000055 mem 0x80015d99
core   0: 0x80000414 (0x01c10623) sb      t3, 12(sp)
core   0: 3 0x80000414 (0x01c10623) mem 0x80015dab 0xee
core   0: 0x80000418 (0x0037cc33) xor     s8, a5, gp
core   0: 3 0x80000418 (0x0037cc33) x24 0x00028fa8
core   0: 0x8000041c (0xda70ce17) auipc   t3, 0xda70c
core   0: 3 0x8000041c (0xda70ce17) x28 0x5a70c41c
core   0: 0x80000420 (0x007616b3) sll     a3, a2, t2
core   0: 3 0x80000420 (0x007616b3) x13 0x00154000
core   0: 0x80000424 (0x00b46f33) or      t5, s0, a1
core   0: 3 0x80000424 (0x00b46f33) x30 0x78b993ec
core   0: 0x80000428 (0x4e934f37) lui     t5, 0x4e934
core   0: 3 0x80000428 (0x4e934f37) x30 0x4e934000
core   0: 0x8000042c (0x01b18db3) add     s11, gp, s11
core   0: 3 0x8000042c (0x01b18db3) x27 0x800002a6
core   0: 0x80000430 (0x0169df93) srli    t6, s3, 22
core   0: 3 0x80000430 (0x0169df93) x31 0x00000200
core   0: 0x80000434 (0x00a0dfb3) srl     t6, ra, a0
core   0: 3 0x80000434 (0x00a0dfb3) x31 0x800001b8
core   0: 0x80000438 (0x00c10123) sb      a2, 2(sp)
core   0: 3 0x80000438 (0x00c10123) mem 0x80015da1 0x55
core   0: 0x8000043c (0x01f10823) sb      t6, 16(sp)
core   0: 3 0x8000043c (0x01f10823) mem 0x80015daf 0xb8
core   0: 0x80000440 (0x00014097) auipc   ra, 0x14
core   0: 3 0x80000440 (0x00014097) x 1 0x80014440
core   0: 0x80000444 (0x3e008093) addi    ra, ra, 992
core   0: 3 0x80000444 (0x3e008093) x 1 0x80014820
core   0: 0x80000448 (0x00023697) auipc   a3, 0x23
core   0: 3 0x80000448 (0x00023697) x13 0x80023448
core   0: 0x8000044c (0x70468693) addi    a3, a3, 1796
core   0: 3 0x8000044c (0x70468693) x13 0x80023b4c
core   0: 0x80000450 (0x0001d317) auipc   t1, 0x1d
core   0: 3 0x80000450 (0x0001d317) x 6 0x8001d450
core   0: 0x80000454 (0x5f530313) addi    t1, t1, 1525
core   0: 3 0x80000454 (0x5f530313) x 6 0x8001da45
core   0: 0x80000458 (0x0026d603) lhu     a2, 2(a3)
core   0: 3 0x80000458 (0x0026d603) x12 0x00001626 mem 0x80023b4e
core   0: 0x8000045c (0x0001f517) auipc   a0, 0x1f
core   0: 3 0x8000045c (0x0001f517) x10 0x8001f45c
core   0: 0x80000460 (0x21550513) addi    a0, a0, 533
core   0: 3 0x80000460 (0x21550513) x10 0x8001f671
core   0: 0x80000464 (0x00908403) lb      s0, 9(ra)
core   0: 3 0x80000464 (0x00908403) x 8 0xffffffc3 mem 0x80014829
core   0: 0x80000468 (0x01630403) lb      s0, 22(t1)
core   0: 3 0x80000468 (0x01630403) x 8 0xffffffff mem 0x8001da5b
core   0: 0x8000046c (0x00017d17) auipc   s10, 0x17
core   0: 3 0x8000046c (0x00017d17) x26 0x8001746c
core   0: 0x80000470 (0x413d0d13) addi    s10, s10, 1043
core   0: 3 0x80000470 (0x413d0d13) x26 0x8001787f
core   0: 0x80000474 (0xff130623) sb      a7, -20(t1)
core   0: 3 0x80000474 (0xff130623) mem 0x8001da31 0xe4
core   0: 0x80000478 (0xff330283) lb      t0, -13(t1)
core   0: 3 0x80000478 (0xff330283) x 5 0x0000004f mem 0x8001da38
core   0: 0x8000047c (0xfd1d1583) lh      a1, -47(s10)
core   0: 3 0x8000047c (0xfd1d1583) x11 0xffffaa67 mem 0x80017850
core   0: 0x80000480 (0x00c50283) lb      t0, 12(a0)
core   0: 3 0x80000480 (0x00c50283) x 5 0x00000042 mem 0x8001f67d
core   0: 0x80000484 (0xfc0d0903) lb      s2, -64(s10)
core   0: 3 0x80000484 (0xfc0d0903) x18 0x0000001a mem 0x8001783f
core   0: 0x80000488 (0xff56c983) lbu     s3, -11(a3)
core   0: 3 0x80000488 (0xff56c983) x19 0x000000d3 mem 0x80023b41
core   0: 0x8000048c (0xff750483) lb      s1, -9(a0)
core   0: 3 0x8000048c (0xff750483) x 9 0xfffffff2 mem 0x8001f668
core   0: 0x80000490 (0x01930603) lb      a2, 25(t1)
core   0: 3 0x80000490 (0x01930603) x12 0xffffffb0 mem 0x8001da5e
core   0: 0x80000494 (0x009d0323) sb      s1, 6(s10)
core   0: 3 0x80000494 (0x009d0323) mem 0x80017885 0xf2
core   0: 0x80000498 (0x01a50423) sb      s10, 8(a0)
core   0: 3 0x80000498 (0x01a50423) mem 0x8001f679 0x7f
core   0: 0x8000049c (0xf2108f23) sb      ra, -194(ra)
core   0: 3 0x8000049c (0xf2108f23) mem 0x8001475e 0x20
core   0: 0x800004a0 (0xffb35b03) lhu     s6, -5(t1)
core   0: 3 0x800004a0 (0xffb35b03) x22 0x00006c1b mem 0x8001da40
core   0: 0x800004a4 (0xfeed0923) sb      a4, -14(s10)
core   0: 3 0x800004a4 (0xfeed0923) mem 0x80017871 0xfe
core   0: 0x800004a8 (0xfcb08123) sb      a1, -62(ra)
core   0: 3 0x800004a8 (0xfcb08123) mem 0x800147e2 0x67
core   0: 0x800004ac (0x0a90c103) lbu     sp, 169(ra)
core   0: 3 0x800004ac (0x0a90c103) x 2 0x000000e4 mem 0x800148c9
core   0: 0x800004b0 (0xfe234103) lbu     sp, -30(t1)
core   0: 3 0x800004b0 (0xfe234103) x 2 0x0000003d mem 0x8001da27
core   0: 0x800004b4 (0x00e34483) lbu     s1, 14(t1)
core   0: 3 0x800004b4 (0x00e34483) x 9 0x00000002 mem 0x8001da53
core   0: 0x800004b8 (0xfd3d0703) lb      a4, -45(s10)
core   0: 3 0x800004b8 (0xfd3d0703) x14 0x00000079 mem 0x80017852
core   0: 0x800004bc (0x025d2ca3) sw      t0, 57(s10)
core   0: 3 0x800004bc (0x025d2ca3) mem 0x800178b8 0x00000042
core   0: 0x800004c0 (0x00968723) sb      s1, 14(a3)
core   0: 3 0x800004c0 (0x00968723) mem 0x80023b5a 0x2
core   0: 0x800004c4 (0xfde34283) lbu     t0, -34(t1)
core   0: 3 0x800004c4 (0xfde34283) x 5 0x00000003 mem 0x8001da23
core   0: 0x800004c8 (0xfe5d1583) lh      a1, -27(s10)
core   0: 3 0x800004c8 (0xfe5d1583) x11 0xffffd487 mem 0x80017864
core   0: 0x800004cc (0x00368e03) lb      t3, 3(a3)
core   0: 3 0x800004cc (0x00368e03) x28 0x00000016 mem 0x80023b4f
core   0: 0x800004d0 (0x0ea0df83) lhu     t6, 234(ra)
core   0: 3 0x800004d0 (0x0ea0df83) x31 0x00008214 mem 0x8001490a
core   0: 0x800004d4 (0xff6d0383) lb      t2, -10(s10)
core   0: 3 0x800004d4 (0xff6d0383) x 7 0x0000007d mem 0x80017875
core   0: 0x800004d8 (0x00354b03) lbu     s6, 3(a0)
core   0: 3 0x800004d8 (0x00354b03) x22 0x000000c4 mem 0x8001f674
core   0: 0x800004dc (0x00c68983) lb      s3, 12(a3)
core   0: 3 0x800004dc (0x00c68983) x19 0xffffff90 mem 0x80023b58
core   0: 0x800004e0 (0xff1519a3) sh      a7, -13(a0)
core   0: 3 0x800004e0 (0xff1519a3) mem 0x8001f664 0xcce4
core   0: 0x800004e4 (0xff86d483) lhu     s1, -8(a3)
core   0: 3 0x800004e4 (0xff86d483) x 9 0x00001021 mem 0x80023b44
core   0: 0x800004e8 (0xfffd5003) lhu     zero, -1(s10)
core   0: 3 0x800004e8 (0xfffd5003) mem 0x8001787e
core   0: 0x800004ec (0x03a31ca3) sh      s10, 57(t1)
core   0: 3 0x800004ec (0x03a31ca3) mem 0x8001da7e 0x787f
core   0: 0x800004f0 (0x00350123) sb      gp, 2(a0)
core   0: 3 0x800004f0 (0x00350123) mem 0x8001f673 0xcc
core   0: 0x800004f4 (0xff2088a3) sb      s2, -15(ra)
core   0: 3 0x800004f4 (0xff2088a3) mem 0x80014811 0x1a
core   0: 0x800004f8 (0xff168e83) lb      t4, -15(a3)
core   0: 3 0x800004f8 (0xff168e83) x29 0xffffffdb mem 0x80023b3d
core   0: 0x800004fc (0x00019117) auipc   sp, 0x19
core   0: 3 0x800004fc (0x00019117) x 2 0x800194fc
core   0: 0x80000500 (0x9f710113) addi    sp, sp, -1545
core   0: 3 0x80000500 (0x9f710113) x 2 0x80018ef3
core   0: 0x80000504 (0x436c4d93) xori    s11, s8, 1078
core   0: 3 0x80000504 (0x436c4d93) x27 0x00028b9e
core   0: 0x80000508 (0x0f3124a3) sw      s3, 233(sp)
core   0: 3 0x80000508 (0x0f3124a3) mem 0x80018fdc 0xffffff90
core   0: 0x8000050c (0x0e915f83) lhu     t6, 233(sp)
core   0: 3 0x8000050c (0x0e915f83) x31 0x0000ff90 mem 0x80018fdc
core   0: 0x80000510 (0x0e911203) lh      tp, 233(sp)
core   0: 3 0x80000510 (0x0e911203) x 4 0xffffff90 mem 0x80018fdc
core   0: 0x80000514 (0xbe5ffc13) andi    s8, t6, -1051
core   0: 3 0x80000514 (0xbe5ffc13) x24 0x0000fb80
core   0: 0x80000518 (0x00000013) nop
core   0: 3 0x80000518 (0x00000013)
core   0: 0x8000051c (0xfca10f23) sb      a0, -34(sp)
core   0: 3 0x8000051c (0xfca10f23) mem 0x80018ed1 0x71
core   0: 0x80000520 (0xfd010f23) sb      a6, -34(sp)
core   0: 3 0x80000520 (0xfd010f23) mem 0x80018ed1 0x0
core   0: 0x80000524 (0xfde10003) lb      zero, -34(sp)
core   0: 3 0x80000524 (0xfde10003) mem 0x80018ed1
core   0: 0x80000528 (0xfde14003) lbu     zero, -34(sp)
core   0: 3 0x80000528 (0xfde14003) mem 0x80018ed1
core   0: 0x8000052c (0xfde14203) lbu     tp, -34(sp)
core   0: 3 0x8000052c (0xfde14203) x 4 0x00000000 mem 0x80018ed1
core   0: 0x80000530 (0x08b11b03) lh      s6, 139(sp)
core   0: 3 0x80000530 (0x08b11b03) x22 0x0000428e mem 0x80018f7e
core   0: 0x80000534 (0x08b10503) lb      a0, 139(sp)
core   0: 3 0x80000534 (0x08b10503) x10 0xffffff8e mem 0x80018f7e
core   0: 0x80000538 (0x08a115a3) sh      a0, 139(sp)
core   0: 3 0x80000538 (0x08a115a3) mem 0x80018f7e 0xff8e
core   0: 0x8000053c (0x0af10003) lb      zero, 175(sp)
core   0: 3 0x8000053c (0x0af10003) mem 0x80018fa2
core   0: 0x80000540 (0x0af11f03) lh      t5, 175(sp)
core   0: 3 0x80000540 (0x0af11f03) x30 0x00007359 mem 0x80018fa2
core   0: 0x80000544 (0xfed14b03) lbu     s6, -19(sp)
core   0: 3 0x80000544 (0xfed14b03) x22 0x00000099 mem 0x80018ee0
core   0: 0x80000548 (0x41010eb3) sub     t4, sp, a6
core   0: 3 0x80000548 (0x41010eb3) x29 0x00018ef3
core   0: 0x8000054c (0x30f0aa13) slti    s4, ra, 783
core   0: 3 0x8000054c (0x30f0aa13) x20 0x00000001
core   0: 0x80000550 (0xfed116a3) sh      a3, -19(sp)
core   0: 3 0x80000550 (0xfed116a3) mem 0x80018ee0 0x3b4c
core   0: 0x80000554 (0xfed11b03) lh      s6, -19(sp)
core   0: 3 0x80000554 (0xfed11b03) x22 0x00003b4c mem 0x80018ee0
core   0: 0x80000558 (0x00013417) auipc   s0, 0x13
core   0: 3 0x80000558 (0x00013417) x 8 0x80013558
core   0: 0x8000055c (0xedc40413) addi    s0, s0, -292
core   0: 3 0x8000055c (0xedc40413) x 8 0x80013434
core   0: 0x80000560 (0x01b407a3) sb      s11, 15(s0)
core   0: 3 0x80000560 (0x01b407a3) mem 0x80013443 0x9e
core   0: 0x80000564 (0xfe140603) lb      a2, -31(s0)
core   0: 3 0x80000564 (0xfe140603) x12 0x0000000e mem 0x80013415
core   0: 0x80000568 (0x416b01b3) sub     gp, s6, s6
core   0: 3 0x80000568 (0x416b01b3) x 3 0x00000000
core   0: 0x8000056c (0x01340603) lb      a2, 19(s0)
core   0: 3 0x8000056c (0x01340603) x12 0x0000000c mem 0x80013447
core   0: 0x80000570 (0xfe941e23) sh      s1, -4(s0)
core   0: 3 0x80000570 (0xfe941e23) mem 0x80013430 0x1021
core   0: 0x80000574 (0x403b5e33) sra     t3, s6, gp
core   0: 3 0x80000574 (0x403b5e33) x28 0x00003b4c
core   0: 0x80000578 (0xfec42c23) sw      a2, -8(s0)
core   0: 3 0x80000578 (0xfec42c23) mem 0x8001342c 0x0000000c
core   0: 0x8000057c (0x01c40f23) sb      t3, 30(s0)
core   0: 3 0x8000057c (0x01c40f23) mem 0x80013452 0x4c
core   0: 0x80000580 (0x855dbb13) sltiu   s6, s11, -1963
core   0: 3 0x80000580 (0x855dbb13) x22 0x00000001
core   0: 0x80000584 (0xc3bb2193) slti    gp, s6, -965
core   0: 3 0x80000584 (0xc3bb2193) x 3 0x00000000
core   0: 0x80000588 (0xc59541b7) lui     gp, 0xc5954
core   0: 3 0x80000588 (0xc59541b7) x 3 0xc5954000
core   0: 0x8000058c (0xed2dae13) slti    t3, s11, -302
core   0: 3 0x8000058c (0xed2dae13) x28 0x00000000
core   0: 0x80000590 (0x01940483) lb      s1, 25(s0)
core   0: 3 0x80000590 (0x01940483) x 9 0x0000000c mem 0x8001344d
core   0: 0x80000594 (0xfd640b23) sb      s6, -42(s0)
core   0: 3 0x80000594 (0xfd640b23) mem 0x8001340a 0x1
core   0: 0x80000598 (0xffc40f23) sb      t3, -2(s0)
core   0: 3 0x80000598 (0xffc40f23) mem 0x80013432 0x0
core   0: 0x8000059c (0x01b44603) lbu     a2, 27(s0)
core   0: 3 0x8000059c (0x01b44603) x12 0x00000063 mem 0x8001344f
core   0: 0x800005a0 (0xfd041183) lh      gp, -48(s0)
core   0: 3 0x800005a0 (0xfd041183) x 3 0x00007770 mem 0x80013404
core   0: 0x800005a4 (0x03d44483) lbu     s1, 61(s0)
core   0: 3 0x800005a4 (0x03d44483) x 9 0x0000004b mem 0x80013471
core   0: 0x800005a8 (0xffb408a3) sb      s11, -15(s0)
core   0: 3 0x800005a8 (0xffb408a3) mem 0x80013425 0x9e
core   0: 0x800005ac (0x01b19db3) sll     s11, gp, s11
core   0: 3 0x800005ac (0x01b19db3) x27 0x00000000
core   0: 0x800005b0 (0xfd642623) sw      s6, -52(s0)
core   0: 3 0x800005b0 (0xfd642623) mem 0x80013400 0x00000001
core   0: 0x800005b4 (0x01740603) lb      a2, 23(s0)
core   0: 3 0x800005b4 (0x01740603) x12 0x00000007 mem 0x8001344b
core   0: 0x800005b8 (0xa531b193) sltiu   gp, gp, -1453
core   0: 3 0x800005b8 (0xa531b193) x 3 0x00000001
core   0: 0x800005bc (0x00c42483) lw      s1, 12(s0)
core   0: 3 0x800005bc (0x00c42483) x 9 0x9e5eb93e mem 0x80013440
core   0: 0x800005c0 (0xce24a493) slti    s1, s1, -798
core   0: 3 0x800005c0 (0xce24a493) x 9 0x00000001
core   0: 0x800005c4 (0x2e863493) sltiu   s1, a2, 744
core   0: 3 0x800005c4 (0x2e863493) x 9 0x00000001
core   0: 0x800005c8 (0x403e5613) srai    a2, t3, 3
core   0: 3 0x800005c8 (0x403e5613) x12 0x00000000
core   0: 0x800005cc (0x2731eb13) ori     s6, gp, 627
core   0: 3 0x800005cc (0x2731eb13) x22 0x00000273
core   0: 0x800005d0 (0xff640b03) lb      s6, -10(s0)
core   0: 3 0x800005d0 (0xff640b03) x22 0xffffffb5 mem 0x8001342a
core   0: 0x800005d4 (0x0164f1b3) and     gp, s1, s6
core   0: 3 0x800005d4 (0x0164f1b3) x 3 0x00000001
core   0: 0x800005d8 (0xfe944d83) lbu     s11, -23(s0)
core   0: 3 0x800005d8 (0xfe944d83) x27 0x00000070 mem 0x8001341d
core   0: 0x800005dc (0x00c40223) sb      a2, 4(s0)
core   0: 3 0x800005dc (0x00c40223) mem 0x80013438 0x0
core   0: 0x800005e0 (0x00013117) auipc   sp, 0x13
core   0: 3 0x800005e0 (0x00013117) x 2 0x800135e0
core   0: 0x800005e4 (0xedd10113) addi    sp, sp, -291
core   0: 3 0x800005e4 (0xedd10113) x 2 0x800134bd
core   0: 0x800005e8 (0x01dcd6b3) srl     a3, s9, t4
core   0: 3 0x800005e8 (0x01dcd6b3) x13 0x00001ff0
core   0: 0x800005ec (0x00115e83) lhu     t4, 1(sp)
core   0: 3 0x800005ec (0x00115e83) x29 0x00003150 mem 0x800134be
core   0: 0x800005f0 (0xfea10e23) sb      a0, -4(sp)
core   0: 3 0x800005f0 (0xfea10e23) mem 0x800134b9 0x8e
core   0: 0x800005f4 (0x00b11c83) lh      s9, 11(sp)
core   0: 3 0x800005f4 (0x00b11c83) x25 0x000019b5 mem 0x800134c8
core   0: 0x800005f8 (0x01cfd533) srl     a0, t6, t3
core   0: 3 0x800005f8 (0x01cfd533) x10 0x0000ff90
core   0: 0x800005fc (0xfff11da3) sh      t6, -5(sp)
core   0: 3 0x800005fc (0xfff11da3) mem 0x800134b8 0xff90
core   0: 0x80000600 (0x31852f93) slti    t6, a0, 792
core   0: 3 0x80000600 (0x31852f93) x31 0x00000000
core   0: 0x80000604 (0x0ff0000f) fence   iorw,iorw
core   0: 3 0x80000604 (0x0ff0000f)
core   0: 0x80000608 (0xe07e7f93) andi    t6, t3, -505
core   0: 3 0x80000608 (0xe07e7f93) x31 0x00000000
core   0: 0x8000060c (0x01d106a3) sb      t4, 13(sp)
core   0: 3 0x8000060c (0x01d106a3) mem 0x800134ca 0x50
core   0: 0x80000610 (0x41de8e33) sub     t3, t4, t4
core   0: 3 0x80000610 (0x41de8e33) x28 0x00000000
core   0: 0x80000614 (0x01d10123) sb      t4, 2(sp)
core   0: 3 0x80000614 (0x01d10123) mem 0x800134bf 0x50
core   0: 0x80000618 (0x00214e03) lbu     t3, 2(sp)
core   0: 3 0x80000618 (0x00214e03) x28 0x00000050 mem 0x800134bf
core   0: 0x8000061c (0x019125a3) sw      s9, 11(sp)
core   0: 3 0x8000061c (0x019125a3) mem 0x800134c8 0x000019b5
core   0: 0x80000620 (0x00614503) lbu     a0, 6(sp)
core   0: 3 0x80000620 (0x00614503) x10 0x000000ae mem 0x800134c3
core   0: 0x80000624 (0x0196f533) and     a0, a3, s9
core   0: 3 0x80000624 (0x0196f533) x10 0x000019b0
core   0: 0x80000628 (0x405fde13) srai    t3, t6, 5
core   0: 3 0x80000628 (0x405fde13) x28 0x00000000
core   0: 0x8000062c (0x40a68fb3) sub     t6, a3, a0
core   0: 3 0x8000062c (0x40a68fb3) x31 0x00000640
core   0: 0x80000630 (0xffd11c83) lh      s9, -3(sp)
core   0: 3 0x80000630 (0xffd11c83) x25 0xfffffae5 mem 0x800134ba
core   0: 0x80000634 (0x320e7513) andi    a0, t3, 800
core   0: 3 0x80000634 (0x320e7513) x10 0x00000000
core   0: 0x80000638 (0x35efff93) andi    t6, t6, 862
core   0: 3 0x80000638 (0x35efff93) x31 0x00000240
core   0: 0x8000063c (0xff214e83) lbu     t4, -14(sp)
core   0: 3 0x8000063c (0xff214e83) x29 0x00000047 mem 0x800134af
core   0: 0x80000640 (0x41e55513) srai    a0, a0, 30
core   0: 3 0x80000640 (0x41e55513) x10 0x00000000
core   0: 0x80000644 (0x01010e03) lb      t3, 16(sp)
core   0: 3 0x80000644 (0x01010e03) x28 0xffffffd6 mem 0x800134cd
core   0: 0x80000648 (0x00a55cb3) srl     s9, a0, a0
core   0: 3 0x80000648 (0x00a55cb3) x25 0x00000000
core   0: 0x8000064c (0xff814e03) lbu     t3, -8(sp)
core   0: 3 0x8000064c (0xff814e03) x28 0x00000025 mem 0x800134b5
core   0: 0x80000650 (0xbbcad537) lui     a0, 0xbbcad
core   0: 3 0x80000650 (0xbbcad537) x10 0xbbcad000
core   0: 0x80000654 (0xbc79be17) auipc   t3, 0xbc79b
core   0: 3 0x80000654 (0xbc79be17) x28 0x3c79b654
core   0: 0x80000658 (0xffd15e83) lhu     t4, -3(sp)
core   0: 3 0x80000658 (0xffd15e83) x29 0x0000fae5 mem 0x800134ba
core   0: 0x8000065c (0x01cfe533) or      a0, t6, t3
core   0: 3 0x8000065c (0x01cfe533) x10 0x3c79b654
core   0: 0x80000660 (0x0000100f) fence.i
core   0: 3 0x80000660 (0x0000100f)
core   0: 0x80000664 (0xff010503) lb      a0, -16(sp)
core   0: 3 0x80000664 (0xff010503) x10 0x00000050 mem 0x800134ad
core   0: 0x80000668 (0x114ff517) auipc   a0, 0x114ff
core   0: 3 0x80000668 (0x114ff517) x10 0x914ff668
core   0: 0x8000066c (0xffe10c83) lb      s9, -2(sp)
core   0: 3 0x8000066c (0xffe10c83) x25 0xfffffffa mem 0x800134bb
core   0: 0x80000670 (0x00c009ef) jal     s3, pc + 0xc
core   0: 3 0x80000670 (0x00c009ef) x19 0x80000674
core   0: 0x8000067c (0x004000ef) jal     pc + 0x4
core   0: 3 0x8000067c (0x004000ef) x 1 0x80000680
core   0: 0x80000680 (0xff9ff36f) jal     t1, pc - 0x8
core   0: 3 0x80000680 (0xff9ff36f) x 6 0x80000684
core   0: 0x80000678 (0x014000ef) jal     pc + 0x14
core   0: 3 0x80000678 (0x014000ef) x 1 0x8000067c
core   0: 0x8000068c (0x0080036f) jal     t1, pc + 0x8
core   0: 3 0x8000068c (0x0080036f) x 6 0x80000690
core   0: 0x80000694 (0x008009ef) jal     s3, pc + 0x8
core   0: 3 0x80000694 (0x008009ef) x19 0x80000698
core   0: 0x8000069c (0x004000ef) jal     pc + 0x4
core   0: 3 0x8000069c (0x004000ef) x 1 0x800006a0
core   0: 0x800006a0 (0xff9ff36f) jal     t1, pc - 0x8
core   0: 3 0x800006a0 (0xff9ff36f) x 6 0x800006a4
core   0: 0x80000698 (0x00c00eef) jal     t4, pc + 0xc
core   0: 3 0x80000698 (0x00c00eef) x29 0x8000069c
core   0: 0x800006a4 (0xfedff0ef) jal     pc - 0x14
core   0: 3 0x800006a4 (0xfedff0ef) x 1 0x800006a8
core   0: 0x80000690 (0x018000ef) jal     pc + 0x18
core   0: 3 0x80000690 (0x018000ef) x 1 0x80000694
core   0: 0x800006a8 (0xfe1ff36f) jal     t1, pc - 0x20
core   0: 3 0x800006a8 (0xfe1ff36f) x 6 0x800006ac
core   0: 0x80000688 (0xfedff26f) jal     tp, pc - 0x14
core   0: 3 0x80000688 (0xfedff26f) x 4 0x8000068c
core   0: 0x80000674 (0x010000ef) jal     pc + 0x10
core   0: 3 0x80000674 (0x010000ef) x 1 0x80000678
core   0: 0x80000684 (0x028000ef) jal     pc + 0x28
core   0: 3 0x80000684 (0x028000ef) x 1 0x80000688
core   0: 0x800006ac (0xe3ed7313) andi    t1, s10, -450
core   0: 3 0x800006ac (0xe3ed7313) x 6 0x8001783e
core   0: 0x800006b0 (0x014009ef) jal     s3, pc + 0x14
core   0: 3 0x800006b0 (0x014009ef) x19 0x800006b4
core   0: 0x800006c4 (0x024000ef) jal     pc + 0x24
core   0: 3 0x800006c4 (0x024000ef) x 1 0x800006c8
core   0: 0x800006e8 (0x0340036f) jal     t1, pc + 0x34
core   0: 3 0x800006e8 (0x0340036f) x 6 0x800006ec
core   0: 0x8000071c (0xfd5ffe6f) jal     t3, pc - 0x2c
core   0: 3 0x8000071c (0xfd5ffe6f) x28 0x80000720
core   0: 0x800006f0 (0xfcdff0ef) jal     pc - 0x34
core   0: 3 0x800006f0 (0xfcdff0ef) x 1 0x800006f4
core   0: 0x800006bc (0x05c0036f) jal     t1, pc + 0x5c
core   0: 3 0x800006bc (0x05c0036f) x 6 0x800006c0
core   0: 0x80000718 (0xf9dff0ef) jal     pc - 0x64
core   0: 3 0x80000718 (0xf9dff0ef) x 1 0x8000071c
core   0: 0x800006b4 (0x024000ef) jal     pc + 0x24
core   0: 3 0x800006b4 (0x024000ef) x 1 0x800006b8
core   0: 0x800006d8 (0x030000ef) jal     pc + 0x30
core   0: 3 0x800006d8 (0x030000ef) x 1 0x800006dc
core   0: 0x80000708 (0xfc5ff0ef) jal     pc - 0x3c
core   0: 3 0x80000708 (0xfc5ff0ef) x 1 0x8000070c
core   0: 0x800006cc (0xff5ff0ef) jal     pc - 0xc
core   0: 3 0x800006cc (0xff5ff0ef) x 1 0x800006d0
core   0: 0x800006c0 (0x0380036f) jal     t1, pc + 0x38
core   0: 3 0x800006c0 (0x0380036f) x 6 0x800006c4
core   0: 0x800006f8 (0x01c000ef) jal     pc + 0x1c
core   0: 3 0x800006f8 (0x01c000ef) x 1 0x800006fc
core   0: 0x80000714 (0x00c0036f) jal     t1, pc + 0xc
core   0: 3 0x80000714 (0x00c0036f) x 6 0x80000718
core   0: 0x80000720 (0xf99ffeef) jal     t4, pc - 0x68
core   0: 3 0x80000720 (0xf99ffeef) x29 0x80000724
core   0: 0x800006b8 (0x028009ef) jal     s3, pc + 0x28
core   0: 3 0x800006b8 (0x028009ef) x19 0x800006bc
core   0: 0x800006e0 (0xff1ff1ef) jal     gp, pc - 0x10
core   0: 3 0x800006e0 (0xff1ff1ef) x 3 0x800006e4
core   0: 0x800006d0 (0x01400aef) jal     s5, pc + 0x14
core   0: 3 0x800006d0 (0x01400aef) x21 0x800006d4
core   0: 0x800006e4 (0x028004ef) jal     s1, pc + 0x28
core   0: 3 0x800006e4 (0x028004ef) x 9 0x800006e8
core   0: 0x8000070c (0x004000ef) jal     pc + 0x4
core   0: 3 0x8000070c (0x004000ef) x 1 0x80000710
core   0: 0x80000710 (0xfc5ff0ef) jal     pc - 0x3c
core   0: 3 0x80000710 (0xfc5ff0ef) x 1 0x80000714
core   0: 0x800006d4 (0x028000ef) jal     pc + 0x28
core   0: 3 0x800006d4 (0x028000ef) x 1 0x800006d8
core   0: 0x800006fc (0xfcdff0ef) jal     pc - 0x34
core   0: 3 0x800006fc (0xfcdff0ef) x 1 0x80000700
core   0: 0x800006c8 (0x02c0036f) jal     t1, pc + 0x2c
core   0: 3 0x800006c8 (0x02c0036f) x 6 0x800006cc
core   0: 0x800006f4 (0x010000ef) jal     pc + 0x10
core   0: 3 0x800006f4 (0x010000ef) x 1 0x800006f8
core   0: 0x80000704 (0x020003ef) jal     t2, pc + 0x20
core   0: 3 0x80000704 (0x020003ef) x 7 0x80000708
core   0: 0x80000724 (0xfc9fffef) jal     t6, pc - 0x38
core   0: 3 0x80000724 (0xfc9fffef) x31 0x80000728
core   0: 0x800006ec (0x014000ef) jal     pc + 0x14
core   0: 3 0x800006ec (0x014000ef) x 1 0x800006f0
core   0: 0x80000700 (0xfddffd6f) jal     s10, pc - 0x24
core   0: 3 0x80000700 (0xfddffd6f) x26 0x80000704
core   0: 0x800006dc (0x04c001ef) jal     gp, pc + 0x4c
core   0: 3 0x800006dc (0x04c001ef) x 3 0x800006e0
core   0: 0x80000728 (0x0000100f) fence.i
core   0: 3 0x80000728 (0x0000100f)
core   0: 0x8000072c (0x00013097) auipc   ra, 0x13
core   0: 3 0x8000072c (0x00013097) x 1 0x8001372c
core   0: 0x80000730 (0x95e08093) addi    ra, ra, -1698
core   0: 3 0x80000730 (0x95e08093) x 1 0x8001308a
core   0: 0x80000734 (0x00013f17) auipc   t5, 0x13
core   0: 3 0x80000734 (0x00013f17) x30 0x80013734
core   0: 0x80000738 (0x190f0f13) addi    t5, t5, 400
core   0: 3 0x80000738 (0x190f0f13) x30 0x800138c4
core   0: 0x8000073c (0x00013d17) auipc   s10, 0x13
core   0: 3 0x8000073c (0x00013d17) x26 0x8001373c
core   0: 0x80000740 (0x171d0d13) addi    s10, s10, 369
core   0: 3 0x80000740 (0x171d0d13) x26 0x800138ad
core   0: 0x80000744 (0x00013d97) auipc   s11, 0x13
core   0: 3 0x80000744 (0x00013d97) x27 0x80013744
core   0: 0x80000748 (0x3a9d8d93) addi    s11, s11, 937
core   0: 3 0x80000748 (0x3a9d8d93) x27 0x80013aed
core   0: 0x8000074c (0x867d0623) sb      t2, -1940(s10)
core   0: 3 0x8000074c (0x867d0623) mem 0x80013119 0x8
core   0: 0x80000750 (0x895d8923) sb      s5, -1902(s11)
core   0: 3 0x80000750 (0x895d8923) mem 0x8001337f 0xd4
core   0: 0x80000754 (0x0b1f0a03) lb      s4, 177(t5)
core   0: 3 0x80000754 (0x0b1f0a03) x20 0x0000003e mem 0x80013975
core   0: 0x80000758 (0x00f08383) lb      t2, 15(ra)
core   0: 3 0x80000758 (0x00f08383) x 7 0x00000018 mem 0x80013099
core   0: 0x8000075c (0xf49f0c03) lb      s8, -183(t5)
core   0: 3 0x8000075c (0xf49f0c03) x24 0xffffffb4 mem 0x8001380d
core   0: 0x80000760 (0xcc6d4403) lbu     s0, -826(s10)
core   0: 3 0x80000760 (0xcc6d4403) x 8 0x00000014 mem 0x80013573
core   0: 0x80000764 (0x061d9483) lh      s1, 97(s11)
core   0: 3 0x80000764 (0x061d9483) x 9 0xfffff516 mem 0x80013b4e
core   0: 0x80000768 (0x621d1c03) lh      s8, 1569(s10)
core   0: 3 0x80000768 (0x621d1c03) x24 0xffffeb80 mem 0x80013ece
core   0: 0x8000076c (0xa83d9b03) lh      s6, -1405(s11)
core   0: 3 0x8000076c (0xa83d9b03) x22 0xffffc2b1 mem 0x80013570
core   0: 0x80000770 (0x01c085a3) sb      t3, 11(ra)
core   0: 3 0x80000770 (0x01c085a3) mem 0x80013095 0x20
core   0: 0x80000774 (0xc1dd8e23) sb      t4, -996(s11)
core   0: 3 0x80000774 (0xc1dd8e23) mem 0x80013709 0x24
core   0: 0x80000778 (0x5c2d0a83) lb      s5, 1474(s10)
core   0: 3 0x80000778 (0x5c2d0a83) x21 0xffffffd5 mem 0x80013e6f
core   0: 0x8000077c (0x012f4703) lbu     a4, 18(t5)
core   0: 3 0x8000077c (0x012f4703) x14 0x000000eb mem 0x800138d6
core   0: 0x80000780 (0xffc09983) lh      s3, -4(ra)
core   0: 3 0x80000780 (0xffc09983) x19 0x0000398d mem 0x80013086
core   0: 0x80000784 (0xf70f0ca3) sb      a6, -135(t5)
core   0: 3 0x80000784 (0xf70f0ca3) mem 0x8001383d 0x0
core   0: 0x80000788 (0x640d0603) lb      a2, 1600(s10)
core   0: 3 0x80000788 (0x640d0603) x12 0xffffffba mem 0x80013eed
core   0: 0x8000078c (0x3fddd703) lhu     a4, 1021(s11)
core   0: 3 0x8000078c (0x3fddd703) x14 0x0000c13d mem 0x80013eea
core   0: 0x80000790 (0x754d00a3) sb      s4, 1857(s10)
core   0: 3 0x80000790 (0x754d00a3) mem 0x80013fee 0x3e
core   0: 0x80000794 (0xfff0c703) lbu     a4, -1(ra)
core   0: 3 0x80000794 (0xfff0c703) x14 0x00000037 mem 0x80013089
core   0: 0x80000798 (0xfbff04a3) sb      t6, -87(t5)
core   0: 3 0x80000798 (0xfbff04a3) mem 0x8001386d 0x28
core   0: 0x8000079c (0x55fd5a83) lhu     s5, 1375(s10)
core   0: 3 0x8000079c (0x55fd5a83) x21 0x0000f38e mem 0x80013e0c
core   0: 0x800007a0 (0xff808ca3) sb      s8, -7(ra)
core   0: 3 0x800007a0 (0xff808ca3) mem 0x80013083 0x80
core   0: 0x800007a4 (0x957d8c23) sb      s7, -1704(s11)
core   0: 3 0x800007a4 (0x957d8c23) mem 0x80013445 0x4
core   0: 0x800007a8 (0xe9bd0823) sb      s11, -368(s10)
core   0: 3 0x800007a8 (0xe9bd0823) mem 0x8001373d 0xed
core   0: 0x800007ac (0xda2d83a3) sb      sp, -601(s11)
core   0: 3 0x800007ac (0xda2d83a3) mem 0x80013894 0xbd
core   0: 0x800007b0 (0x00108203) lb      tp, 1(ra)
core   0: 3 0x800007b0 (0x00108203) x 4 0xffffff98 mem 0x8001308b
core   0: 0x800007b4 (0x0aad0103) lb      sp, 170(s10)
core   0: 3 0x800007b4 (0x0aad0103) x 2 0x0000003c mem 0x80013957
core   0: 0x800007b8 (0xf58f4183) lbu     gp, -168(t5)
core   0: 3 0x800007b8 (0xf58f4183) x 3 0x00000080 mem 0x8001381c
core   0: 0x800007bc (0x0eff0a03) lb      s4, 239(t5)
core   0: 3 0x800007bc (0x0eff0a03) x20 0xffffffd5 mem 0x800139b3
core   0: 0x800007c0 (0xc8ad8ba3) sb      a0, -873(s11)
core   0: 3 0x800007c0 (0xc8ad8ba3) mem 0x80013784 0x68
core   0: 0x800007c4 (0x2c0d8983) lb      s3, 704(s11)
core   0: 3 0x800007c4 (0x2c0d8983) x19 0x0000001a mem 0x80013dad
core   0: 0x800007c8 (0x059dcc03) lbu     s8, 89(s11)
core   0: 3 0x800007c8 (0x059dcc03) x24 0x0000005f mem 0x80013b46
core   0: 0x800007cc (0x131d1ea3) sh      a7, 317(s10)
core   0: 3 0x800007cc (0x131d1ea3) mem 0x800139ea 0xcce4
core   0: 0x800007d0 (0x01a084a3) sb      s10, 9(ra)
core   0: 3 0x800007d0 (0x01a084a3) mem 0x80013093 0xad
core   0: 0x800007d4 (0x00014117) auipc   sp, 0x14
core   0: 3 0x800007d4 (0x00014117) x 2 0x800147d4
core   0: 0x800007d8 (0x83310113) addi    sp, sp, -1997
core   0: 3 0x800007d8 (0x83310113) x 2 0x80014007
core   0: 0x800007dc (0x0001ec97) auipc   s9, 0x1e
core   0: 3 0x800007dc (0x0001ec97) x25 0x8001e7dc
core   0: 0x800007e0 (0x4edc8c93) addi    s9, s9, 1261
core   0: 3 0x800007e0 (0x4edc8c93) x25 0x8001ecc9
core   0: 0x800007e4 (0xfddc8423) sb      t4, -56(s9)
core   0: 3 0x800007e4 (0xfddc8423) mem 0x8001ec91 0x24
core   0: 0x800007e8 (0xfe4105a3) sb      tp, -21(sp)
core   0: 3 0x800007e8 (0xfe4105a3) mem 0x80013ff2 0x98
core   0: 0x800007ec (0x043cc503) lbu     a0, 67(s9)
core   0: 3 0x800007ec (0x043cc503) x10 0x00000046 mem 0x8001ed0c
core   0: 0x800007f0 (0xfa4112a3) sh      tp, -91(sp)
core   0: 3 0x800007f0 (0xfa4112a3) mem 0x80013fac 0xff98
core   0: 0x800007f4 (0x0efc9303) lh      t1, 239(s9)
core   0: 3 0x800007f4 (0x0efc9303) x 6 0xffffc3ad mem 0x8001edb8
core   0: 0x800007f8 (0xf01c8583) lb      a1, -255(s9)
core   0: 3 0x800007f8 (0xf01c8583) x11 0xffffffbd mem 0x8001ebca
core   0: 0x800007fc (0x02314f83) lbu     t6, 35(sp)
core   0: 3 0x800007fc (0x02314f83) x31 0x0000005a mem 0x8001402a
core   0: 0x80000800 (0xf86ccd03) lbu     s10, -122(s9)
core   0: 3 0x80000800 (0xf86ccd03) x26 0x00000033 mem 0x8001ec4f
core   0: 0x80000804 (0x018c8ea3) sb      s8, 29(s9)
core   0: 3 0x80000804 (0x018c8ea3) mem 0x8001ece6 0x5f
core   0: 0x80000808 (0x02912283) lw      t0, 41(sp)
core   0: 3 0x80000808 (0x02912283) x 5 0xac41e78e mem 0x80014030
core   0: 0x8000080c (0xfbecc003) lbu     zero, -66(s9)
core   0: 3 0x8000080c (0xfbecc003) mem 0x8001ec87
core   0: 0x80000810 (0xf5e10f03) lb      t5, -162(sp)
core   0: 3 0x80000810 (0xf5e10f03) x30 0x00000025 mem 0x80013f65
core   0: 0x80000814 (0xf90cc583) lbu     a1, -112(s9)
core   0: 3 0x80000814 (0xf90cc583) x11 0x000000ae mem 0x8001ec59
core   0: 0x80000818 (0xfc9c8223) sb      s1, -60(s9)
core   0: 3 0x80000818 (0xfc9c8223) mem 0x8001ec8d 0x16
core   0: 0x8000081c (0xfe614e83) lbu     t4, -26(sp)
core   0: 3 0x8000081c (0xfe614e83) x29 0x00000087 mem 0x80013fed
core   0: 0x80000820 (0x0eccc703) lbu     a4, 236(s9)
core   0: 3 0x80000820 (0x0eccc703) x14 0x0000009b mem 0x8001edb5
core   0: 0x80000824 (0xff600493) li      s1, -10
core   0: 3 0x80000824 (0xff600493) x 9 0xfffffff6
core   0: 0x80000828 (0x00d3e633) or      a2, t2, a3
core   0: 3 0x80000828 (0x00d3e633) x12 0x00001ff8
core   0: 0x8000082c (0x40a85993) srai    s3, a6, 10
core   0: 3 0x8000082c (0x40a85993) x19 0xffe00000
core   0: 0x80000830 (0x00500b13) li      s6, 5
core   0: 3 0x80000830 (0x00500b13) x22 0x00000005
core   0: 0x80000834 (0x4007d1b3) sra     gp, a5, zero
core   0: 3 0x80000834 (0x4007d1b3) x 3 0x80028e64
core   0: 0x80000838 (0x9c82bd93) sltiu   s11, t0, -1592
core   0: 3 0x80000838 (0x9c82bd93) x27 0x00000001
core   0: 0x8000083c (0x00000013) nop
core   0: 3 0x8000083c (0x00000013)
core   0: 0x80000840 (0x00148493) addi    s1, s1, 1
core   0: 3 0x80000840 (0x00148493) x 9 0xfffffff7
core   0: 0x80000844 (0x00494633) xor     a2, s2, tp
core   0: 3 0x80000844 (0x00494633) x12 0xffffff82
core   0: 0x80000848 (0x41dbdd33) sra     s10, s7, t4
core   0: 3 0x80000848 (0x41dbdd33) x26 0x00000000
core   0: 0x8000084c (0x015ddf93) srli    t6, s11, 21
core   0: 3 0x8000084c (0x015ddf93) x31 0x00000000
core   0: 0x80000850 (0x016fac33) slt     s8, t6, s6
core   0: 3 0x80000850 (0x016fac33) x24 0x00000001
core   0: 0x80000854 (0x1afcbe13) sltiu   t3, s9, 431
core   0: 3 0x80000854 (0x1afcbe13) x28 0x00000000
core   0: 0x80000858 (0xae8c2213) slti    tp, s8, -1304
core   0: 3 0x80000858 (0xae8c2213) x 4 0x00000000
core   0: 0x8000085c (0x5edf4917) auipc   s2, 0x5edf4
core   0: 3 0x8000085c (0x5edf4917) x18 0xdedf485c
core   0: 0x80000860 (0x006dc333) xor     t1, s11, t1
core   0: 3 0x80000860 (0x006dc333) x 6 0xffffc3ac
core   0: 0x80000864 (0x415e51b3) sra     gp, t3, s5
core   0: 3 0x80000864 (0x415e51b3) x 3 0x00000000
core   0: 0x80000868 (0x8edd0a13) addi    s4, s10, -1811
core   0: 3 0x80000868 (0x8edd0a13) x20 0xfffff8ed
core   0: 0x8000086c (0x00cf1093) slli    ra, t5, 12
core   0: 3 0x8000086c (0x00cf1093) x 1 0x00025000
core   0: 0x80000870 (0x000d0733) add     a4, s10, zero
core   0: 3 0x80000870 (0x000d0733) x14 0x00000000
core   0: 0x80000874 (0xfabf0013) addi    zero, t5, -85
core   0: 3 0x80000874 (0xfabf0013)
core   0: 0x80000878 (0xfd64e0e3) bltu    s1, s6, pc - 64
core   0: 3 0x80000878 (0xfd64e0e3)
core   0: 0x8000087c (0x0ff0000f) fence   iorw,iorw
core   0: 3 0x8000087c (0x0ff0000f)
core   0: 0x80000880 (0xff900513) li      a0, -7
core   0: 3 0x80000880 (0xff900513) x10 0xfffffff9
core   0: 0x80000884 (0x00420ab3) add     s5, tp, tp
core   0: 3 0x80000884 (0x00420ab3) x21 0x00000000
core   0: 0x80000888 (0x01357eb3) and     t4, a0, s3
core   0: 3 0x80000888 (0x01357eb3) x29 0xffe00000
core   0: 0x8000088c (0x41810cb3) sub     s9, sp, s8
core   0: 3 0x8000088c (0x41810cb3) x25 0x80014006
core   0: 0x80000890 (0x418256b3) sra     a3, tp, s8
core   0: 3 0x80000890 (0x418256b3) x13 0x00000000
core   0: 0x80000894 (0x415654b3) sra     s1, a2, s5
core   0: 3 0x80000894 (0x415654b3) x 9 0xffffff82
core   0: 0x80000898 (0x00100113) li      sp, 1
core   0: 3 0x80000898 (0x00100113) x 2 0x00000001
core   0: 0x8000089c (0x00ceaab3) slt     s5, t4, a2
core   0: 3 0x8000089c (0x00ceaab3) x21 0x00000001
core   0: 0x800008a0 (0x01168c33) add     s8, a3, a7
core   0: 3 0x800008a0 (0x01168c33) x24 0x8002cce4
core   0: 0x800008a4 (0x01975bb3) srl     s7, a4, s9
core   0: 3 0x800008a4 (0x01975bb3) x23 0x00000000
core   0: 0x800008a8 (0x00a50513) addi    a0, a0, 10
core   0: 3 0x800008a8 (0x00a50513) x10 0x00000003
core   0: 0x800008ac (0x00300613) li      a2, 3
core   0: 3 0x800008ac (0x00300613) x12 0x00000003
core   0: 0x800008b0 (0x013e5db3) srl     s11, t3, s3
core   0: 3 0x800008b0 (0x013e5db3) x27 0x00000000
core   0: 0x800008b4 (0x00c65d33) srl     s10, a2, a2
core   0: 3 0x800008b4 (0x00c65d33) x26 0x00000000
core   0: 0x800008b8 (0x01100293) li      t0, 17
core   0: 3 0x800008b8 (0x01100293) x 5 0x00000011
core   0: 0x800008bc (0x0000100f) fence.i
core   0: 3 0x800008bc (0x0000100f)
core   0: 0x800008c0 (0xa70bf997) auipc   s3, 0xa70bf
core   0: 3 0x800008c0 (0xa70bf997) x19 0x270bf8c0
core   0: 0x800008c4 (0xac354393) xori    t2, a0, -1341
core   0: 3 0x800008c4 (0xac354393) x 7 0xfffffac0
core   0: 0x800008c8 (0x00000013) nop
core   0: 3 0x800008c8 (0x00000013)
core   0: 0x800008cc (0x00160613) addi    a2, a2, 1
core   0: 3 0x800008cc (0x00160613) x12 0x00000004
core   0: 0x800008d0 (0x413dd593) srai    a1, s11, 19
core   0: 3 0x800008d0 (0x413dd593) x11 0x00000000
core   0: 0x800008d4 (0xfe5666e3) bltu    a2, t0, pc - 20
core   0: 3 0x800008d4 (0xfe5666e3)
core   0: 0x800008c0 (0xa70bf997) auipc   s3, 0xa70bf
core   0: 3 0x800008c0 (0xa70bf997) x19 0x270bf8c0
core   0: 0x800008c4 (0xac354393) xori    t2, a0, -1341
core   0: 3 0x800008c4 (0xac354393) x 7 0xfffffac0
core   0: 0x800008c8 (0x00000013) nop
core   0: 3 0x800008c8 (0x00000013)
core   0: 0x800008cc (0x00160613) addi    a2, a2, 1
core   0: 3 0x800008cc (0x00160613) x12 0x00000005
core   0: 0x800008d0 (0x413dd593) srai    a1, s11, 19
core   0: 3 0x800008d0 (0x413dd593) x11 0x00000000
core   0: 0x800008d4 (0xfe5666e3) bltu    a2, t0, pc - 20
core   0: 3 0x800008d4 (0xfe5666e3)
core   0: 0x800008c0 (0xa70bf997) auipc   s3, 0xa70bf
core   0: 3 0x800008c0 (0xa70bf997) x19 0x270bf8c0
core   0: 0x800008c4 (0xac354393) xori    t2, a0, -1341
core   0: 3 0x800008c4 (0xac354393) x 7 0xfffffac0
core   0: 0x800008c8 (0x00000013) nop
core   0: 3 0x800008c8 (0x00000013)
core   0: 0x800008cc (0x00160613) addi    a2, a2, 1
core   0: 3 0x800008cc (0x00160613) x12 0x00000006
core   0: 0x800008d0 (0x413dd593) srai    a1, s11, 19
core   0: 3 0x800008d0 (0x413dd593) x11 0x00000000
core   0: 0x800008d4 (0xfe5666e3) bltu    a2, t0, pc - 20
core   0: 3 0x800008d4 (0xfe5666e3)
core   0: 0x800008c0 (0xa70bf997) auipc   s3, 0xa70bf
core   0: 3 0x800008c0 (0xa70bf997) x19 0x270bf8c0
core   0: 0x800008c4 (0xac354393) xori    t2, a0, -1341
core   0: 3 0x800008c4 (0xac354393) x 7 0xfffffac0
core   0: 0x800008c8 (0x00000013) nop
core   0: 3 0x800008c8 (0x00000013)
core   0: 0x800008cc (0x00160613) addi    a2, a2, 1
core   0: 3 0x800008cc (0x00160613) x12 0x00000007
core   0: 0x800008d0 (0x413dd593) srai    a1, s11, 19
core   0: 3 0x800008d0 (0x413dd593) x11 0x00000000
core   0: 0x800008d4 (0xfe5666e3) bltu    a2, t0, pc - 20
core   0: 3 0x800008d4 (0xfe5666e3)
core   0: 0x800008c0 (0xa70bf997) auipc   s3, 0xa70bf
core   0: 3 0x800008c0 (0xa70bf997) x19 0x270bf8c0
core   0: 0x800008c4 (0xac354393) xori    t2, a0, -1341
core   0: 3 0x800008c4 (0xac354393) x 7 0xfffffac0
core   0: 0x800008c8 (0x00000013) nop
core   0: 3 0x800008c8 (0x00000013)
core   0: 0x800008cc (0x00160613) addi    a2, a2, 1
core   0: 3 0x800008cc (0x00160613) x12 0x00000008
core   0: 0x800008d0 (0x413dd593) srai    a1, s11, 19
core   0: 3 0x800008d0 (0x413dd593) x11 0x00000000
core   0: 0x800008d4 (0xfe5666e3) bltu    a2, t0, pc - 20
core   0: 3 0x800008d4 (0xfe5666e3)
core   0: 0x800008c0 (0xa70bf997) auipc   s3, 0xa70bf
core   0: 3 0x800008c0 (0xa70bf997) x19 0x270bf8c0
core   0: 0x800008c4 (0xac354393) xori    t2, a0, -1341
core   0: 3 0x800008c4 (0xac354393) x 7 0xfffffac0
core   0: 0x800008c8 (0x00000013) nop
core   0: 3 0x800008c8 (0x00000013)
core   0: 0x800008cc (0x00160613) addi    a2, a2, 1
core   0: 3 0x800008cc (0x00160613) x12 0x00000009
core   0: 0x800008d0 (0x413dd593) srai    a1, s11, 19
core   0: 3 0x800008d0 (0x413dd593) x11 0x00000000
core   0: 0x800008d4 (0xfe5666e3) bltu    a2, t0, pc - 20
core   0: 3 0x800008d4 (0xfe5666e3)
core   0: 0x800008c0 (0xa70bf997) auipc   s3, 0xa70bf
core   0: 3 0x800008c0 (0xa70bf997) x19 0x270bf8c0
core   0: 0x800008c4 (0xac354393) xori    t2, a0, -1341
core   0: 3 0x800008c4 (0xac354393) x 7 0xfffffac0
core   0: 0x800008c8 (0x00000013) nop
core   0: 3 0x800008c8 (0x00000013)
core   0: 0x800008cc (0x00160613) addi    a2, a2, 1
core   0: 3 0x800008cc (0x00160613) x12 0x0000000a
core   0: 0x800008d0 (0x413dd593) srai    a1, s11, 19
core   0: 3 0x800008d0 (0x413dd593) x11 0x00000000
core   0: 0x800008d4 (0xfe5666e3) bltu    a2, t0, pc - 20
core   0: 3 0x800008d4 (0xfe5666e3)
core   0: 0x800008c0 (0xa70bf997) auipc   s3, 0xa70bf
core   0: 3 0x800008c0 (0xa70bf997) x19 0x270bf8c0
core   0: 0x800008c4 (0xac354393) xori    t2, a0, -1341
core   0: 3 0x800008c4 (0xac354393) x 7 0xfffffac0
core   0: 0x800008c8 (0x00000013) nop
core   0: 3 0x800008c8 (0x00000013)
core   0: 0x800008cc (0x00160613) addi    a2, a2, 1
core   0: 3 0x800008cc (0x00160613) x12 0x0000000b
core   0: 0x800008d0 (0x413dd593) srai    a1, s11, 19
core   0: 3 0x800008d0 (0x413dd593) x11 0x00000000
core   0: 0x800008d4 (0xfe5666e3) bltu    a2, t0, pc - 20
core   0: 3 0x800008d4 (0xfe5666e3)
core   0: 0x800008c0 (0xa70bf997) auipc   s3, 0xa70bf
core   0: 3 0x800008c0 (0xa70bf997) x19 0x270bf8c0
core   0: 0x800008c4 (0xac354393) xori    t2, a0, -1341
core   0: 3 0x800008c4 (0xac354393) x 7 0xfffffac0
core   0: 0x800008c8 (0x00000013) nop
core   0: 3 0x800008c8 (0x00000013)
core   0: 0x800008cc (0x00160613) addi    a2, a2, 1
core   0: 3 0x800008cc (0x00160613) x12 0x0000000c
core   0: 0x800008d0 (0x413dd593) srai    a1, s11, 19
core   0: 3 0x800008d0 (0x413dd593) x11 0x00000000
core   0: 0x800008d4 (0xfe5666e3) bltu    a2, t0, pc - 20
core   0: 3 0x800008d4 (0xfe5666e3)
core   0: 0x800008c0 (0xa70bf997) auipc   s3, 0xa70bf
core   0: 3 0x800008c0 (0xa70bf997) x19 0x270bf8c0
core   0: 0x800008c4 (0xac354393) xori    t2, a0, -1341
core   0: 3 0x800008c4 (0xac354393) x 7 0xfffffac0
core   0: 0x800008c8 (0x00000013) nop
core   0: 3 0x800008c8 (0x00000013)
core   0: 0x800008cc (0x00160613) addi    a2, a2, 1
core   0: 3 0x800008cc (0x00160613) x12 0x0000000d
core   0: 0x800008d0 (0x413dd593) srai    a1, s11, 19
core   0: 3 0x800008d0 (0x413dd593) x11 0x00000000
core   0: 0x800008d4 (0xfe5666e3) bltu    a2, t0, pc - 20
core   0: 3 0x800008d4 (0xfe5666e3)
core   0: 0x800008c0 (0xa70bf997) auipc   s3, 0xa70bf
core   0: 3 0x800008c0 (0xa70bf997) x19 0x270bf8c0
core   0: 0x800008c4 (0xac354393) xori    t2, a0, -1341
core   0: 3 0x800008c4 (0xac354393) x 7 0xfffffac0
core   0: 0x800008c8 (0x00000013) nop
core   0: 3 0x800008c8 (0x00000013)
core   0: 0x800008cc (0x00160613) addi    a2, a2, 1
core   0: 3 0x800008cc (0x00160613) x12 0x0000000e
core   0: 0x800008d0 (0x413dd593) srai    a1, s11, 19
core   0: 3 0x800008d0 (0x413dd593) x11 0x00000000
core   0: 0x800008d4 (0xfe5666e3) bltu    a2, t0, pc - 20
core   0: 3 0x800008d4 (0xfe5666e3)
core   0: 0x800008c0 (0xa70bf997) auipc   s3, 0xa70bf
core   0: 3 0x800008c0 (0xa70bf997) x19 0x270bf8c0
core   0: 0x800008c4 (0xac354393) xori    t2, a0, -1341
core   0: 3 0x800008c4 (0xac354393) x 7 0xfffffac0
core   0: 0x800008c8 (0x00000013) nop
core   0: 3 0x800008c8 (0x00000013)
core   0: 0x800008cc (0x00160613) addi    a2, a2, 1
core   0: 3 0x800008cc (0x00160613) x12 0x0000000f
core   0: 0x800008d0 (0x413dd593) srai    a1, s11, 19
core   0: 3 0x800008d0 (0x413dd593) x11 0x00000000
core   0: 0x800008d4 (0xfe5666e3) bltu    a2, t0, pc - 20
core   0: 3 0x800008d4 (0xfe5666e3)
core   0: 0x800008c0 (0xa70bf997) auipc   s3, 0xa70bf
core   0: 3 0x800008c0 (0xa70bf997) x19 0x270bf8c0
core   0: 0x800008c4 (0xac354393) xori    t2, a0, -1341
core   0: 3 0x800008c4 (0xac354393) x 7 0xfffffac0
core   0: 0x800008c8 (0x00000013) nop
core   0: 3 0x800008c8 (0x00000013)
core   0: 0x800008cc (0x00160613) addi    a2, a2, 1
core   0: 3 0x800008cc (0x00160613) x12 0x00000010
core   0: 0x800008d0 (0x413dd593) srai    a1, s11, 19
core   0: 3 0x800008d0 (0x413dd593) x11 0x00000000
core   0: 0x800008d4 (0xfe5666e3) bltu    a2, t0, pc - 20
core   0: 3 0x800008d4 (0xfe5666e3)
core   0: 0x800008c0 (0xa70bf997) auipc   s3, 0xa70bf
core   0: 3 0x800008c0 (0xa70bf997) x19 0x270bf8c0
core   0: 0x800008c4 (0xac354393) xori    t2, a0, -1341
core   0: 3 0x800008c4 (0xac354393) x 7 0xfffffac0
core   0: 0x800008c8 (0x00000013) nop
core   0: 3 0x800008c8 (0x00000013)
core   0: 0x800008cc (0x00160613) addi    a2, a2, 1
core   0: 3 0x800008cc (0x00160613) x12 0x00000011
core   0: 0x800008d0 (0x413dd593) srai    a1, s11, 19
core   0: 3 0x800008d0 (0x413dd593) x11 0x00000000
core   0: 0x800008d4 (0xfe5666e3) bltu    a2, t0, pc - 20
core   0: 3 0x800008d4 (0xfe5666e3)
core   0: 0x800008d8 (0xfc2542e3) blt     a0, sp, pc - 60
core   0: 3 0x800008d8 (0xfc2542e3)
core   0: 0x800008dc (0x0ff0000f) fence   iorw,iorw
core   0: 3 0x800008dc (0x0ff0000f)
core   0: 0x800008e0 (0x00013597) auipc   a1, 0x13
core   0: 3 0x800008e0 (0x00013597) x11 0x800138e0
core   0: 0x800008e4 (0xd3758593) addi    a1, a1, -713
core   0: 3 0x800008e4 (0xd3758593) x11 0x80013617
core   0: 0x800008e8 (0x0001d417) auipc   s0, 0x1d
core   0: 3 0x800008e8 (0x0001d417) x 8 0x8001d8e8
core   0: 0x800008ec (0xdcf40413) addi    s0, s0, -561
core   0: 3 0x800008ec (0xdcf40413) x 8 0x8001d6b7
core   0: 0x800008f0 (0x5515c503) lbu     a0, 1361(a1)
core   0: 3 0x800008f0 (0x5515c503) x10 0x000000cb mem 0x80013b68
core   0: 0x800008f4 (0x5625cd83) lbu     s11, 1378(a1)
core   0: 3 0x800008f4 (0x5625cd83) x27 0x000000c6 mem 0x80013b79
core   0: 0x800008f8 (0xfcf40123) sb      a5, -62(s0)
core   0: 3 0x800008f8 (0xfcf40123) mem 0x8001d679 0x64
core   0: 0x800008fc (0xcde585a3) sb      t5, -821(a1)
core   0: 3 0x800008fc (0xcde585a3) mem 0x800132e2 0x25
core   0: 0x80000900 (0xfea40523) sb      a0, -22(s0)
core   0: 3 0x80000900 (0xfea40523) mem 0x8001d6a1 0xcb
core   0: 0x80000904 (0xaa95cd03) lbu     s10, -1367(a1)
core   0: 3 0x80000904 (0xaa95cd03) x26 0x000000c6 mem 0x800130c0
core   0: 0x80000908 (0xcb258c03) lb      s8, -846(a1)
core   0: 3 0x80000908 (0xcb258c03) x24 0x00000033 mem 0x800132c9
core   0: 0x8000090c (0xfde44203) lbu     tp, -34(s0)
core   0: 3 0x8000090c (0xfde44203) x 4 0x000000d4 mem 0x8001d695
core   0: 0x80000910 (0x01f41f03) lh      t5, 31(s0)
core   0: 3 0x80000910 (0x01f41f03) x30 0xffff8c2c mem 0x8001d6d6
core   0: 0x80000914 (0xfd240d23) sb      s2, -38(s0)
core   0: 3 0x80000914 (0xfd240d23) mem 0x8001d691 0x5c
core   0: 0x80000918 (0x03545f83) lhu     t6, 53(s0)
core   0: 3 0x80000918 (0x03545f83) x31 0x0000351c mem 0x8001d6ec
core   0: 0x8000091c (0x17b59f03) lh      t5, 379(a1)
core   0: 3 0x8000091c (0x17b59f03) x30 0xffff8441 mem 0x80013792
core   0: 0x80000920 (0xfe244e83) lbu     t4, -30(s0)
core   0: 3 0x80000920 (0xfe244e83) x29 0x000000fe mem 0x8001d699
core   0: 0x80000924 (0x783587a3) sb      gp, 1935(a1)
core   0: 3 0x80000924 (0x783587a3) mem 0x80013da6 0x0
core   0: 0x80000928 (0x2f15a8a3) sw      a7, 753(a1)
core   0: 3 0x80000928 (0x2f15a8a3) mem 0x80013908 0x8002cce4
core   0: 0x8000092c (0x00012e97) auipc   t4, 0x12
core   0: 3 0x8000092c (0x00012e97) x29 0x8001292c
core   0: 0x80000930 (0x788e8e93) addi    t4, t4, 1928
core   0: 3 0x80000930 (0x788e8e93) x29 0x800130b4
core   0: 0x80000934 (0x00013c97) auipc   s9, 0x13
core   0: 3 0x80000934 (0x00013c97) x25 0x80013934
core   0: 0x80000938 (0x539c8c93) addi    s9, s9, 1337
core   0: 3 0x80000938 (0x539c8c93) x25 0x80013e6d
core   0: 0x8000093c (0xf92cce03) lbu     t3, -110(s9)
core   0: 3 0x8000093c (0xf92cce03) x28 0x0000009d mem 0x80013dff
core   0: 0x80000940 (0x121e8ea3) sb      ra, 317(t4)
core   0: 3 0x80000940 (0x121e8ea3) mem 0x800131f1 0x0
core   0: 0x80000944 (0x7c4ea403) lw      s0, 1988(t4)
core   0: 3 0x80000944 (0x7c4ea403) x 8 0xacee1330 mem 0x80013878
core   0: 0x80000948 (0xf03c94a3) sh      gp, -247(s9)
core   0: 3 0x80000948 (0xf03c94a3) mem 0x80013d76 0x0000
core   0: 0x8000094c (0x209ea423) sw      s1, 520(t4)
core   0: 3 0x8000094c (0x209ea423) mem 0x800132bc 0xffffff82
core   0: 0x80000950 (0x406ed603) lhu     a2, 1030(t4)
core   0: 3 0x80000950 (0x406ed603) x12 0x0000fae5 mem 0x800134ba
core   0: 0x80000954 (0xf1fcd183) lhu     gp, -225(s9)
core   0: 3 0x80000954 (0xf1fcd183) x 3 0x0000eeb0 mem 0x80013d8c
core   0: 0x80000958 (0x370e8d83) lb      s11, 880(t4)
core   0: 3 0x80000958 (0x370e8d83) x27 0xffffffb2 mem 0x80013424
core   0: 0x8000095c (0xf23ca9a3) sw      gp, -205(s9)
core   0: 3 0x8000095c (0xf23ca9a3) mem 0x80013da0 0x0000eeb0
core   0: 0x80000960 (0x782ed683) lhu     a3, 1922(t4)
core   0: 3 0x80000960 (0x782ed683) x13 0x000039cc mem 0x80013836
core   0: 0x80000964 (0xf39cc503) lbu     a0, -199(s9)
core   0: 3 0x80000964 (0xf39cc503) x10 0x00000000 mem 0x80013da6
core   0: 0x80000968 (0xfc9cd583) lhu     a1, -55(s9)
core   0: 3 0x80000968 (0xfc9cd583) x11 0x00008bb9 mem 0x80013e36
core   0: 0x8000096c (0x0001f397) auipc   t2, 0x1f
core   0: 3 0x8000096c (0x0001f397) x 7 0x8001f96c
core   0: 0x80000970 (0xe1c38393) addi    t2, t2, -484
core   0: 3 0x80000970 (0xe1c38393) x 7 0x8001f788
core   0: 0x80000974 (0x98b52a93) slti    s5, a0, -1653
core   0: 3 0x80000974 (0x98b52a93) x21 0x00000000
core   0: 0x80000978 (0x00cad913) srli    s2, s5, 12
core   0: 3 0x80000978 (0x00cad913) x18 0x00000000
core   0: 0x8000097c (0x0ff0000f) fence   iorw,iorw
core   0: 3 0x8000097c (0x0ff0000f)
core   0: 0x80000980 (0xfe538f23) sb      t0, -2(t2)
core   0: 3 0x80000980 (0xfe538f23) mem 0x8001f786 0x11
core   0: 0x80000984 (0xff53ae23) sw      s5, -4(t2)
core   0: 3 0x80000984 (0xff53ae23) mem 0x8001f784 0x00000000
core   0: 0x80000988 (0x0083a603) lw      a2, 8(t2)
core   0: 3 0x80000988 (0x0083a603) x12 0xe70a3c1d mem 0x8001f790
core   0: 0x8000098c (0x4172d613) srai    a2, t0, 23
core   0: 3 0x8000098c (0x4172d613) x12 0x00000000
core   0: 0x80000990 (0x405585b3) sub     a1, a1, t0
core   0: 3 0x80000990 (0x405585b3) x11 0x00008ba8
core   0: 0x80000994 (0xff938503) lb      a0, -7(t2)
core   0: 3 0x80000994 (0xff938503) x10 0x0000003a mem 0x8001f781
core   0: 0x80000998 (0x0013c603) lbu     a2, 1(t2)
core   0: 3 0x80000998 (0x0013c603) x12 0x000000d2 mem 0x8001f789
core   0: 0x8000099c (0xff23d603) lhu     a2, -14(t2)
core   0: 3 0x8000099c (0xff23d603) x12 0x00001611 mem 0x8001f77a
core   0: 0x800009a0 (0xfec388a3) sb      a2, -15(t2)
core   0: 3 0x800009a0 (0xfec388a3) mem 0x8001f779 0x11
core   0: 0x800009a4 (0x01563633) sltu    a2, a2, s5
core   0: 3 0x800009a4 (0x01563633) x12 0x00000000
core   0: 0x800009a8 (0xc78aa913) slti    s2, s5, -904
core   0: 3 0x800009a8 (0xc78aa913) x18 0x00000000
core   0: 0x800009ac (0x00d3ca83) lbu     s5, 13(t2)
core   0: 3 0x800009ac (0x00d3ca83) x21 0x00000045 mem 0x8001f795
core   0: 0x800009b0 (0x00839603) lh      a2, 8(t2)
core   0: 3 0x800009b0 (0x00839603) x12 0x00003c1d mem 0x8001f790
core   0: 0x800009b4 (0x0000100f) fence.i
core   0: 3 0x800009b4 (0x0000100f)
core   0: 0x800009b8 (0xc5196593) ori     a1, s2, -943
core   0: 3 0x800009b8 (0xc5196593) x11 0xfffffc51
core   0: 0x800009bc (0xff838583) lb      a1, -8(t2)
core   0: 3 0x800009bc (0xff838583) x11 0xffffff8f mem 0x8001f780
core   0: 0x800009c0 (0xfea38da3) sb      a0, -5(t2)
core   0: 3 0x800009c0 (0xfea38da3) mem 0x8001f783 0x3a
core   0: 0x800009c4 (0x50860593) addi    a1, a2, 1288
core   0: 3 0x800009c4 (0x50860593) x11 0x00004125
core   0: 0x800009c8 (0xffd3c903) lbu     s2, -3(t2)
core   0: 3 0x800009c8 (0xffd3c903) x18 0x00000000 mem 0x8001f785
core   0: 0x800009cc (0x030009ef) jal     s3, pc + 0x30
core   0: 3 0x800009cc (0x030009ef) x19 0x800009d0
core   0: 0x800009fc (0x02c00cef) jal     s9, pc + 0x2c
core   0: 3 0x800009fc (0x02c00cef) x25 0x80000a00
core   0: 0x80000a28 (0xfc5ff0ef) jal     pc - 0x3c
core   0: 3 0x80000a28 (0xfc5ff0ef) x 1 0x80000a2c
core   0: 0x800009ec (0x034000ef) jal     pc + 0x34
core   0: 3 0x800009ec (0x034000ef) x 1 0x800009f0
core   0: 0x80000a20 (0xfc9ff46f) jal     s0, pc - 0x38
core   0: 3 0x80000a20 (0xfc9ff46f) x 8 0x80000a24
core   0: 0x800009e8 (0x0240036f) jal     t1, pc + 0x24
core   0: 3 0x800009e8 (0x0240036f) x 6 0x800009ec
core   0: 0x80000a0c (0xfedffe6f) jal     t3, pc - 0x14
core   0: 3 0x80000a0c (0xfedffe6f) x28 0x80000a10
core   0: 0x800009f8 (0xfe5ff0ef) jal     pc - 0x1c
core   0: 3 0x800009f8 (0xfe5ff0ef) x 1 0x800009fc
core   0: 0x800009dc (0x0380016f) jal     sp, pc + 0x38
core   0: 3 0x800009dc (0x0380016f) x 2 0x800009e0
core   0: 0x80000a14 (0x004000ef) jal     pc + 0x4
core   0: 3 0x80000a14 (0x004000ef) x 1 0x80000a18
core   0: 0x80000a18 (0xfc1ff36f) jal     t1, pc - 0x40
core   0: 3 0x80000a18 (0xfc1ff36f) x 6 0x80000a1c
core   0: 0x800009d8 (0xffdff36f) jal     t1, pc - 0x4
core   0: 3 0x800009d8 (0xffdff36f) x 6 0x800009dc
core   0: 0x800009d4 (0x030002ef) jal     t0, pc + 0x30
core   0: 3 0x800009d4 (0x030002ef) x 5 0x800009d8
core   0: 0x80000a04 (0x004000ef) jal     pc + 0x4
core   0: 3 0x80000a04 (0x004000ef) x 1 0x80000a08
core   0: 0x80000a08 (0xfe9ff0ef) jal     pc - 0x18
core   0: 3 0x80000a08 (0xfe9ff0ef) x 1 0x80000a0c
core   0: 0x800009f0 (0x02000aef) jal     s5, pc + 0x20
core   0: 3 0x800009f0 (0x02000aef) x21 0x800009f4
core   0: 0x80000a10 (0x00c000ef) jal     pc + 0xc
core   0: 3 0x80000a10 (0x00c000ef) x 1 0x80000a14
core   0: 0x80000a1c (0x010000ef) jal     pc + 0x10
core   0: 3 0x80000a1c (0x010000ef) x 1 0x80000a20
core   0: 0x80000a2c (0xfd5ff0ef) jal     pc - 0x2c
core   0: 3 0x80000a2c (0xfd5ff0ef) x 1 0x80000a30
core   0: 0x80000a00 (0xfe1ff0ef) jal     pc - 0x20
core   0: 3 0x80000a00 (0xfe1ff0ef) x 1 0x80000a04
core   0: 0x800009e0 (0x014000ef) jal     pc + 0x14
core   0: 3 0x800009e0 (0x014000ef) x 1 0x800009e4
core   0: 0x800009f4 (0xff1ff0ef) jal     pc - 0x10
core   0: 3 0x800009f4 (0xff1ff0ef) x 1 0x800009f8
core   0: 0x800009e4 (0xfedffd6f) jal     s10, pc - 0x14
core   0: 3 0x800009e4 (0xfedffd6f) x26 0x800009e8
core   0: 0x800009d0 (0x0600036f) jal     t1, pc + 0x60
core   0: 3 0x800009d0 (0x0600036f) x 6 0x800009d4
core   0: 0x80000a30 (0xff5ff96f) jal     s2, pc - 0xc
core   0: 3 0x80000a30 (0xff5ff96f) x18 0x80000a34
core   0: 0x80000a24 (0x010000ef) jal     pc + 0x10
core   0: 3 0x80000a24 (0x010000ef) x 1 0x80000a28
core   0: 0x80000a34 (0x3c64ac97) auipc   s9, 0x3c64a
core   0: 3 0x80000a34 (0x3c64ac97) x25 0xbc64aa34
core   0: 0x80000a38 (0x00018097) auipc   ra, 0x18
core   0: 3 0x80000a38 (0x00018097) x 1 0x80018a38
core   0: 0x80000a3c (0xc7708093) addi    ra, ra, -905
core   0: 3 0x80000a3c (0xc7708093) x 1 0x800186af
core   0: 0x80000a40 (0xf4508103) lb      sp, -187(ra)
core   0: 3 0x80000a40 (0xf4508103) x 2 0xffffffb0 mem 0x800185f4
core   0: 0x80000a44 (0xf5f0a2a3) sw      t6, -187(ra)
core   0: 3 0x80000a44 (0xf5f0a2a3) mem 0x800185f4 0x0000351c
core   0: 0x80000a48 (0x5af089a3) sb      a5, 1459(ra)
core   0: 3 0x80000a48 (0x5af089a3) mem 0x80018c62 0x64
core   0: 0x80000a4c (0x00000013) nop
core   0: 3 0x80000a4c (0x00000013)
core   0: 0x80000a50 (0xde92bc13) sltiu   s8, t0, -535
core   0: 3 0x80000a50 (0xde92bc13) x24 0x00000001
core   0: 0x80000a54 (0x5b30df83) lhu     t6, 1459(ra)
core   0: 3 0x80000a54 (0x5b30df83) x31 0x0000c364 mem 0x80018c62
core   0: 0x80000a58 (0x5a7089a3) sb      t2, 1459(ra)
core   0: 3 0x80000a58 (0x5a7089a3) mem 0x80018c62 0x88
core   0: 0x80000a5c (0x5bc099a3) sh      t3, 1459(ra)
core   0: 3 0x80000a5c (0x5bc099a3) mem 0x80018c62 0x0a10
core   0: 0x80000a60 (0x3bafb997) auipc   s3, 0x3bafb
core   0: 3 0x80000a60 (0x3bafb997) x19 0xbbafba60
core   0: 0x80000a64 (0x5b308003) lb      zero, 1459(ra)
core   0: 3 0x80000a64 (0x5b308003) mem 0x80018c62
core   0: 0x80000a68 (0x87221c17) auipc   s8, 0x87221
core   0: 3 0x80000a68 (0x87221c17) x24 0x07221a68
core   0: 0x80000a6c (0x009dd393) srli    t2, s11, 9
core   0: 3 0x80000a6c (0x009dd393) x 7 0x007fffff
core   0: 0x80000a70 (0x019fe133) or      sp, t6, s9
core   0: 3 0x80000a70 (0x019fe133) x 2 0xbc64eb74
core   0: 0x80000a74 (0x5b309b83) lh      s7, 1459(ra)
core   0: 3 0x80000a74 (0x5b309b83) x23 0x00000a10 mem 0x80018c62
core   0: 0x80000a78 (0x5af099a3) sh      a5, 1459(ra)
core   0: 3 0x80000a78 (0x5af099a3) mem 0x80018c62 0x8e64
core   0: 0x80000a7c (0x5b2089a3) sb      s2, 1459(ra)
core   0: 3 0x80000a7c (0x5b2089a3) mem 0x80018c62 0x34
core   0: 0x80000a80 (0x00400493) li      s1, 4
core   0: 3 0x80000a80 (0x00400493) x 9 0x00000004
core   0: 0x80000a84 (0x41e9d2b3) sra     t0, s3, t5
core   0: 3 0x80000a84 (0x41e9d2b3) x 5 0xddd7dd30
core   0: 0x80000a88 (0x405a83b3) sub     t2, s5, t0
core   0: 3 0x80000a88 (0x405a83b3) x 7 0xa2282cc4
core   0: 0x80000a8c (0x0000100f) fence.i
core   0: 3 0x80000a8c (0x0000100f)
core   0: 0x80000a90 (0x01b89eb3) sll     t4, a7, s11
core   0: 3 0x80000a90 (0x01b89eb3) x29 0x33900000
core   0: 0x80000a94 (0xffd00993) li      s3, -3
core   0: 3 0x80000a94 (0xffd00993) x19 0xfffffffd
core   0: 0x80000a98 (0x6a977913) andi    s2, a4, 1705
core   0: 3 0x80000a98 (0x6a977913) x18 0x00000000
core   0: 0x80000a9c (0xff948493) addi    s1, s1, -7
core   0: 3 0x80000a9c (0xff948493) x 9 0xfffffffd
core   0: 0x80000aa0 (0xff349ce3) bne     s1, s3, pc - 8
core   0: 3 0x80000aa0 (0xff349ce3)
core   0: 0x80000aa4 (0xc00cef93) ori     t6, s9, -1024
core   0: 3 0x80000aa4 (0xc00cef93) x31 0xfffffe34
core   0: 0x80000aa8 (0x0001bc97) auipc   s9, 0x1b
core   0: 3 0x80000aa8 (0x0001bc97) x25 0x8001baa8
core   0: 0x80000aac (0xaa0c8c93) addi    s9, s9, -1376
core   0: 3 0x80000aac (0xaa0c8c93) x25 0x8001b548
core   0: 0x80000ab0 (0xfcfc8683) lb      a3, -49(s9)
core   0: 3 0x80000ab0 (0xfcfc8683) x13 0xffffffa2 mem 0x8001b517
core   0: 0x80000ab4 (0xfcfcc903) lbu     s2, -49(s9)
core   0: 3 0x80000ab4 (0xfcfcc903) x18 0x000000a2 mem 0x8001b517
core   0: 0x80000ab8 (0xfcfc8903) lb      s2, -49(s9)
core   0: 3 0x80000ab8 (0xfcfc8903) x18 0xffffffa2 mem 0x8001b517
core   0: 0x80000abc (0x00693bb3) sltu    s7, s2, t1
core   0: 3 0x80000abc (0x00693bb3) x23 0x00000000
core   0: 0x80000ac0 (0xfcfc8603) lb      a2, -49(s9)
core   0: 3 0x80000ac0 (0xfcfc8603) x12 0xffffffa2 mem 0x8001b517
core   0: 0x80000ac4 (0xfcfccb83) lbu     s7, -49(s9)
core   0: 3 0x80000ac4 (0xfcfccb83) x23 0x000000a2 mem 0x8001b517
core   0: 0x80000ac8 (0xfcfc8983) lb      s3, -49(s9)
core   0: 3 0x80000ac8 (0xfcfc8983) x19 0xffffffa2 mem 0x8001b517
core   0: 0x80000acc (0xfcfcce83) lbu     t4, -49(s9)
core   0: 3 0x80000acc (0xfcfcce83) x29 0x000000a2 mem 0x8001b517
core   0: 0x80000ad0 (0xfcfcc903) lbu     s2, -49(s9)
core   0: 3 0x80000ad0 (0xfcfcc903) x18 0x000000a2 mem 0x8001b517
core   0: 0x80000ad4 (0xfcfcce83) lbu     t4, -49(s9)
core   0: 3 0x80000ad4 (0xfcfcce83) x29 0x000000a2 mem 0x8001b517
core   0: 0x80000ad8 (0x01d315b3) sll     a1, t1, t4
core   0: 3 0x80000ad8 (0x01d315b3) x11 0x00002750
core   0: 0x80000adc (0xe822c493) xori    s1, t0, -382
core   0: 3 0x80000adc (0xe822c493) x 9 0x222823b2
core   0: 0x80000ae0 (0xfcfc8683) lb      a3, -49(s9)
core   0: 3 0x80000ae0 (0xfcfc8683) x13 0xffffffa2 mem 0x8001b517
core   0: 0x80000ae4 (0x00000393) li      t2, 0
core   0: 3 0x80000ae4 (0x00000393) x 7 0x00000000
core   0: 0x80000ae8 (0x445cbc93) sltiu   s9, s9, 1093
core   0: 3 0x80000ae8 (0x445cbc93) x25 0x00000000
core   0: 0x80000aec (0xff800293) li      t0, -8
core   0: 3 0x80000aec (0xff800293) x 5 0xfffffff8
core   0: 0x80000af0 (0xcea7fcb7) lui     s9, 0xcea7f
core   0: 3 0x80000af0 (0xcea7fcb7) x25 0xcea7f000
core   0: 0x80000af4 (0xc9f821b7) lui     gp, 0xc9f82
core   0: 3 0x80000af4 (0xc9f821b7) x 3 0xc9f82000
core   0: 0x80000af8 (0x40e0d413) srai    s0, ra, 14
core   0: 3 0x80000af8 (0x40e0d413) x 8 0xfffe0006
core   0: 0x80000afc (0xa0e3e617) auipc   a2, 0xa0e3e
core   0: 3 0x80000afc (0xa0e3e617) x12 0x20e3eafc
core   0: 0x80000b00 (0x00000013) nop
core   0: 3 0x80000b00 (0x00000013)
core   0: 0x80000b04 (0x7bf17417) auipc   s0, 0x7bf17
core   0: 3 0x80000b04 (0x7bf17417) x 8 0xfbf17b04
core   0: 0x80000b08 (0xff838393) addi    t2, t2, -8
core   0: 3 0x80000b08 (0xff838393) x 7 0xfffffff8
core   0: 0x80000b0c (0x9f2c7193) andi    gp, s8, -1550
core   0: 3 0x80000b0c (0x9f2c7193) x 3 0x07221860
core   0: 0x80000b10 (0xff900113) li      sp, -7
core   0: 3 0x80000b10 (0xff900113) x 2 0xfffffff9
core   0: 0x80000b14 (0x5c0abc93) sltiu   s9, s5, 1472
core   0: 3 0x80000b14 (0x5c0abc93) x25 0x00000000
core   0: 0x80000b18 (0xffc00e93) li      t4, -4
core   0: 3 0x80000b18 (0xffc00e93) x29 0xfffffffc
core   0: 0x80000b1c (0x0000100f) fence.i
core   0: 3 0x80000b1c (0x0000100f)
core   0: 0x80000b20 (0xae984513) xori    a0, a6, -1303
core   0: 3 0x80000b20 (0xae984513) x10 0x7ffffae9
core   0: 0x80000b24 (0x00210113) addi    sp, sp, 2
core   0: 3 0x80000b24 (0x00210113) x 2 0xfffffffb
core   0: 0x80000b28 (0x0ff0000f) fence   iorw,iorw
core   0: 3 0x80000b28 (0x0ff0000f)
core   0: 0x80000b2c (0xffd14ae3) blt     sp, t4, pc - 12
core   0: 3 0x80000b2c (0xffd14ae3)
core   0: 0x80000b20 (0xae984513) xori    a0, a6, -1303
core   0: 3 0x80000b20 (0xae984513) x10 0x7ffffae9
core   0: 0x80000b24 (0x00210113) addi    sp, sp, 2
core   0: 3 0x80000b24 (0x00210113) x 2 0xfffffffd
core   0: 0x80000b28 (0x0ff0000f) fence   iorw,iorw
core   0: 3 0x80000b28 (0x0ff0000f)
core   0: 0x80000b2c (0xffd14ae3) blt     sp, t4, pc - 12
core   0: 3 0x80000b2c (0xffd14ae3)
core   0: 0x80000b30 (0x401d5c33) sra     s8, s10, ra
core   0: 3 0x80000b30 (0x401d5c33) x24 0xffff0000
core   0: 0x80000b34 (0xfc5390e3) bne     t2, t0, pc - 64
core   0: 3 0x80000b34 (0xfc5390e3)
core   0: 0x80000b38 (0xde166013) ori     zero, a2, -543
core   0: 3 0x80000b38 (0xde166013)
core   0: 0x80000b3c (0x00022297) auipc   t0, 0x22
core   0: 3 0x80000b3c (0x00022297) x 5 0x80022b3c
core   0: 0x80000b40 (0xcc728293) addi    t0, t0, -825
core   0: 3 0x80000b40 (0xcc728293) x 5 0x80022803
core   0: 0x80000b44 (0x00014597) auipc   a1, 0x14
core   0: 3 0x80000b44 (0x00014597) x11 0x80014b44
core   0: 0x80000b48 (0x44558593) addi    a1, a1, 1093
core   0: 3 0x80000b48 (0x44558593) x11 0x80014f89
core   0: 0x80000b4c (0xc262c703) lbu     a4, -986(t0)
core   0: 3 0x80000b4c (0xc262c703) x14 0x000000a0 mem 0x80022429
core   0: 0x80000b50 (0xd2329683) lh      a3, -733(t0)
core   0: 3 0x80000b50 (0xd2329683) x13 0x000032ab mem 0x80022526
core   0: 0x80000b54 (0xff158d03) lb      s10, -15(a1)
core   0: 3 0x80000b54 (0xff158d03) x26 0xffffffd0 mem 0x80014f7a
core   0: 0x80000b58 (0x9c628983) lb      s3, -1594(t0)
core   0: 3 0x80000b58 (0x9c628983) x19 0x00000016 mem 0x800221c9
core   0: 0x80000b5c (0x35528d23) sb      s5, 858(t0)
core   0: 3 0x80000b5c (0x35528d23) mem 0x80022b5d 0xf4
core   0: 0x80000b60 (0x00359383) lh      t2, 3(a1)
core   0: 3 0x80000b60 (0x00359383) x 7 0xffffcb18 mem 0x80014f8c
core   0: 0x80000b64 (0xfd82c183) lbu     gp, -40(t0)
core   0: 3 0x80000b64 (0xfd82c183) x 3 0x000000c7 mem 0x800227db
core   0: 0x80000b68 (0x00f5df83) lhu     t6, 15(a1)
core   0: 3 0x80000b68 (0x00f5df83) x31 0x0000d273 mem 0x80014f98
core   0: 0x80000b6c (0xff658f83) lb      t6, -10(a1)
core   0: 3 0x80000b6c (0xff658f83) x31 0x00000041 mem 0x80014f7f
core   0: 0x80000b70 (0xa062cd83) lbu     s11, -1530(t0)
core   0: 3 0x80000b70 (0xa062cd83) x27 0x00000012 mem 0x80022209
core   0: 0x80000b74 (0xc1729e83) lh      t4, -1001(t0)
core   0: 3 0x80000b74 (0xc1729e83) x29 0x0000132c mem 0x8002241a
core   0: 0x80000b78 (0xffa58b83) lb      s7, -6(a1)
core   0: 3 0x80000b78 (0xffa58b83) x23 0x0000002c mem 0x80014f83
core   0: 0x80000b7c (0xffd59383) lh      t2, -3(a1)
core   0: 3 0x80000b7c (0xffd59383) x 7 0xffffd35e mem 0x80014f86
core   0: 0x80000b80 (0xfef58a23) sb      a5, -12(a1)
core   0: 3 0x80000b80 (0xfef58a23) mem 0x80014f7d 0x64
core   0: 0x80000b84 (0x00012697) auipc   a3, 0x12
core   0: 3 0x80000b84 (0x00012697) x13 0x80012b84
core   0: 0x80000b88 (0x72668693) addi    a3, a3, 1830
core   0: 3 0x80000b88 (0x72668693) x13 0x800132aa
core   0: 0x80000b8c (0xfff68d83) lb      s11, -1(a3)
core   0: 3 0x80000b8c (0xfff68d83) x27 0xffffffe6 mem 0x800132a9
core   0: 0x80000b90 (0x00019c97) auipc   s9, 0x19
core   0: 3 0x80000b90 (0x00019c97) x25 0x80019b90
core   0: 0x80000b94 (0x817c8c93) addi    s9, s9, -2025
core   0: 3 0x80000b94 (0x817c8c93) x25 0x800193a7
core   0: 0x80000b98 (0x0046d283) lhu     t0, 4(a3)
core   0: 3 0x80000b98 (0x0046d283) x 5 0x00005e15 mem 0x800132ae
core   0: 0x80000b9c (0x010ccb83) lbu     s7, 16(s9)
core   0: 3 0x80000b9c (0x010ccb83) x23 0x00000005 mem 0x800193b7
core   0: 0x80000ba0 (0xfff6c483) lbu     s1, -1(a3)
core   0: 3 0x80000ba0 (0xfff6c483) x 9 0x000000e6 mem 0x800132a9
core   0: 0x80000ba4 (0x010c8123) sb      a6, 2(s9)
core   0: 3 0x80000ba4 (0x010c8123) mem 0x800193a9 0x0
core   0: 0x80000ba8 (0xffe6a703) lw      a4, -2(a3)
core   0: 3 0x80000ba8 (0xffe6a703) x14 0x37b7e633 mem 0x800132a8
core   0: 0x80000bac (0xff4c8d83) lb      s11, -12(s9)
core   0: 3 0x80000bac (0xff4c8d83) x27 0x0000005b mem 0x8001939b
core   0: 0x80000bb0 (0xfff68283) lb      t0, -1(a3)
core   0: 3 0x80000bb0 (0xfff68283) x 5 0xffffffe6 mem 0x800132a9
core   0: 0x80000bb4 (0xff76ca03) lbu     s4, -9(a3)
core   0: 3 0x80000bb4 (0xff76ca03) x20 0x00000037 mem 0x800132a1
core   0: 0x80000bb8 (0x00fc9983) lh      s3, 15(s9)
core   0: 3 0x80000bb8 (0x00fc9983) x19 0x00000521 mem 0x800193b6
core   0: 0x80000bbc (0xff469303) lh      t1, -12(a3)
core   0: 3 0x80000bbc (0xff469303) x 6 0xffffc27b mem 0x8001329e
core   0: 0x80000bc0 (0x00fc9f03) lh      t5, 15(s9)
core   0: 3 0x80000bc0 (0x00fc9f03) x30 0x00000521 mem 0x800193b6
core   0: 0x80000bc4 (0x00cc8f83) lb      t6, 12(s9)
core   0: 3 0x80000bc4 (0x00cc8f83) x31 0xffffffbf mem 0x800193b3
core   0: 0x80000bc8 (0xffdca503) lw      a0, -3(s9)
core   0: 3 0x80000bc8 (0xffdca503) x10 0xd49f7a74 mem 0x800193a4
core   0: 0x80000bcc (0x00022d17) auipc   s10, 0x22
core   0: 3 0x80000bcc (0x00022d17) x26 0x80022bcc
core   0: 0x80000bd0 (0x8d8d0d13) addi    s10, s10, -1832
core   0: 3 0x80000bd0 (0x8d8d0d13) x26 0x800224a4
core   0: 0x80000bd4 (0x00013597) auipc   a1, 0x13
core   0: 3 0x80000bd4 (0x00013597) x11 0x80013bd4
core   0: 0x80000bd8 (0x89358593) addi    a1, a1, -1901
core   0: 3 0x80000bd8 (0x89358593) x11 0x80013467
core   0: 0x80000bdc (0xff95de03) lhu     t3, -7(a1)
core   0: 3 0x80000bdc (0xff95de03) x28 0x0000d10a mem 0x80013460
core   0: 0x80000be0 (0x5b5d4a03) lbu     s4, 1461(s10)
core   0: 3 0x80000be0 (0x5b5d4a03) x20 0x000000df mem 0x80022a59
core   0: 0x80000be4 (0x451d0083) lb      ra, 1105(s10)
core   0: 3 0x80000be4 (0x451d0083) x 1 0x00000068 mem 0x800228f5
core   0: 0x80000be8 (0xffe59fa3) sh      t5, -1(a1)
core   0: 3 0x80000be8 (0xffe59fa3) mem 0x80013466 0x0521
core   0: 0x80000bec (0x001582a3) sb      ra, 5(a1)
core   0: 3 0x80000bec (0x001582a3) mem 0x8001346c 0x68
core   0: 0x80000bf0 (0x018595a3) sh      s8, 11(a1)
core   0: 3 0x80000bf0 (0x018595a3) mem 0x80013472 0x0000
core   0: 0x80000bf4 (0x8c7d0e83) lb      t4, -1849(s10)
core   0: 3 0x80000bf4 (0x8c7d0e83) x29 0xfffffff3 mem 0x80021d6b
core   0: 0x80000bf8 (0x0a3d4c03) lbu     s8, 163(s10)
core   0: 3 0x80000bf8 (0x0a3d4c03) x24 0x000000e9 mem 0x80022547
core   0: 0x80000bfc (0xff45c403) lbu     s0, -12(a1)
core   0: 3 0x80000bfc (0xff45c403) x 8 0x000000c2 mem 0x8001345b
core   0: 0x80000c00 (0x0dfd0e83) lb      t4, 223(s10)
core   0: 3 0x80000c00 (0x0dfd0e83) x29 0xffffffc6 mem 0x80022583
core   0: 0x80000c04 (0x859d4203) lbu     tp, -1959(s10)
core   0: 3 0x80000c04 (0x859d4203) x 4 0x00000037 mem 0x80021cfd
core   0: 0x80000c08 (0xff058503) lb      a0, -16(a1)
core   0: 3 0x80000c08 (0xff058503) x10 0x00000066 mem 0x80013457
core   0: 0x80000c0c (0x0005c283) lbu     t0, 0(a1)
core   0: 3 0x80000c0c (0x0005c283) x 5 0x00000005 mem 0x80013467
core   0: 0x80000c10 (0x64bd1723) sh      a1, 1614(s10)
core   0: 3 0x80000c10 (0x64bd1723) mem 0x80022af2 0x3467
core   0: 0x80000c14 (0x468d1723) sh      s0, 1134(s10)
core   0: 3 0x80000c14 (0x468d1723) mem 0x80022912 0x00c2
core   0: 0x80000c18 (0x00558183) lb      gp, 5(a1)
core   0: 3 0x80000c18 (0x00558183) x 3 0x00000068 mem 0x8001346c
core   0: 0x80000c1c (0xff55a203) lw      tp, -11(a1)
core   0: 3 0x80000c1c (0xff55a203) x 4 0x9fae2016 mem 0x8001345c
core   0: 0x80000c20 (0x00e590a3) sh      a4, 1(a1)
core   0: 3 0x80000c20 (0x00e590a3) mem 0x80013468 0xe633
core   0: 0x80000c24 (0x00015a97) auipc   s5, 0x15
core   0: 3 0x80000c24 (0x00015a97) x21 0x80015c24
core   0: 0x80000c28 (0xddfa8a93) addi    s5, s5, -545
core   0: 3 0x80000c28 (0xddfa8a93) x21 0x80015a03
core   0: 0x80000c2c (0x036a8583) lb      a1, 54(s5)
core   0: 3 0x80000c2c (0x036a8583) x11 0xffffff81 mem 0x80015a39
core   0: 0x80000c30 (0x00444a33) xor     s4, s0, tp
core   0: 3 0x80000c30 (0x00444a33) x20 0x9fae20d4
core   0: 0x80000c34 (0x821ad203) lhu     tp, -2015(s5)
core   0: 3 0x80000c34 (0x821ad203) x 4 0x0000aaff mem 0x80015224
core   0: 0x80000c38 (0x91eac983) lbu     s3, -1762(s5)
core   0: 3 0x80000c38 (0x91eac983) x19 0x00000099 mem 0x80015321
core   0: 0x80000c3c (0x8e5a9183) lh      gp, -1819(s5)
core   0: 3 0x80000c3c (0x8e5a9183) x 3 0x00003e17 mem 0x800152e8
core   0: 0x80000c40 (0x00000013) nop
core   0: 3 0x80000c40 (0x00000013)
core   0: 0x80000c44 (0x002d41b3) xor     gp, s10, sp
core   0: 3 0x80000c44 (0x002d41b3) x 3 0x7ffddb59
core   0: 0x80000c48 (0xc01a8223) sb      ra, -1020(s5)
core   0: 3 0x80000c48 (0xc01a8223) mem 0x80015607 0x68
core   0: 0x80000c4c (0x74fad383) lhu     t2, 1871(s5)
core   0: 3 0x80000c4c (0x74fad383) x 7 0x00006f72 mem 0x80016152
core   0: 0x80000c50 (0x7b2acb83) lbu     s7, 1970(s5)
core   0: 3 0x80000c50 (0x7b2acb83) x23 0x00000015 mem 0x800161b5
core   0: 0x80000c54 (0xad5aa403) lw      s0, -1323(s5)
core   0: 3 0x80000c54 (0xad5aa403) x 8 0xb99c3b8e mem 0x800154d8
core   0: 0x80000c58 (0x0deacf03) lbu     t5, 222(s5)
core   0: 3 0x80000c58 (0x0deacf03) x30 0x00000099 mem 0x80015ae1
core   0: 0x80000c5c (0x343a8523) sb      gp, 842(s5)
core   0: 3 0x80000c5c (0x343a8523) mem 0x80015d4d 0x59
core   0: 0x80000c60 (0x162acd03) lbu     s10, 354(s5)
core   0: 3 0x80000c60 (0x162acd03) x26 0x000000d5 mem 0x80015b65
core   0: 0x80000c64 (0xd0e14c93) xori    s9, sp, -754
core   0: 3 0x80000c64 (0xd0e14c93) x25 0x000002f3
core   0: 0x80000c68 (0x0000100f) fence.i
core   0: 3 0x80000c68 (0x0000100f)
core   0: 0x80000c6c (0x01882db3) slt     s11, a6, s8
core   0: 3 0x80000c6c (0x01882db3) x27 0x00000001
core   0: 0x80000c70 (0x00eaf633) and     a2, s5, a4
core   0: 3 0x80000c70 (0x00eaf633) x12 0x00014203
core   0: 0x80000c74 (0x9c0aca03) lbu     s4, -1600(s5)
core   0: 3 0x80000c74 (0x9c0aca03) x20 0x00000080 mem 0x800153c3
core   0: 0x80000c78 (0x4c8a8e83) lb      t4, 1224(s5)
core   0: 3 0x80000c78 (0x4c8a8e83) x29 0xffffffbc mem 0x80015ecb
core   0: 0x80000c7c (0x84ca8c83) lb      s9, -1972(s5)
core   0: 3 0x80000c7c (0x84ca8c83) x25 0xffffff80 mem 0x8001524f
core   0: 0x80000c80 (0x44eac103) lbu     sp, 1102(s5)
core   0: 3 0x80000c80 (0x44eac103) x 2 0x000000df mem 0x80015e51
core   0: 0x80000c84 (0xabda8123) sb      t4, -1374(s5)
core   0: 3 0x80000c84 (0xabda8123) mem 0x800154a5 0xbc
core   0: 0x80000c88 (0x316acc03) lbu     s8, 790(s5)
core   0: 3 0x80000c88 (0x316acc03) x24 0x00000006 mem 0x80015d19
core   0: 0x80000c8c (0x017d01b3) add     gp, s10, s7
core   0: 3 0x80000c8c (0x017d01b3) x 3 0x000000ea
core   0: 0x80000c90 (0x8e3fa693) slti    a3, t6, -1821
core   0: 3 0x80000c90 (0x8e3fa693) x13 0x00000000
core   0: 0x80000c94 (0x00dbcbb3) xor     s7, s7, a3
core   0: 3 0x80000c94 (0x00dbcbb3) x23 0x00000015
core   0: 0x80000c98 (0xd2aa8983) lb      s3, -726(s5)
core   0: 3 0x80000c98 (0xd2aa8983) x19 0x00000008 mem 0x8001572d
core   0: 0x80000c9c (0xb6ba8983) lb      s3, -1173(s5)
core   0: 3 0x80000c9c (0xb6ba8983) x19 0x00000078 mem 0x8001556e
core   0: 0x80000ca0 (0xa39b4a13) xori    s4, s6, -1479
core   0: 3 0x80000ca0 (0xa39b4a13) x20 0xfffffa3c
core   0: 0x80000ca4 (0x79ca8223) sb      t3, 1924(s5)
core   0: 3 0x80000ca4 (0x79ca8223) mem 0x80016187 0xa
core   0: 0x80000ca8 (0x002d30b3) sltu    ra, s10, sp
core   0: 3 0x80000ca8 (0x002d30b3) x 1 0x00000001
core   0: 0x80000cac (0x2b2a8d23) sb      s2, 698(s5)
core   0: 3 0x80000cac (0x2b2a8d23) mem 0x80015cbd 0xa2
core   0: 0x80000cb0 (0x01f28033) add     zero, t0, t6
core   0: 3 0x80000cb0 (0x01f28033)
core   0: 0x80000cb4 (0x50fa9f03) lh      t5, 1295(s5)
core   0: 3 0x80000cb4 (0x50fa9f03) x30 0xffffd7db mem 0x80015f12
core   0: 0x80000cb8 (0x00000013) nop
core   0: 3 0x80000cb8 (0x00000013)
core   0: 0x80000cbc (0x012ac233) xor     tp, s5, s2
core   0: 3 0x80000cbc (0x012ac233) x 4 0x80015aa1
core   0: 0x80000cc0 (0x0ff0000f) fence   iorw,iorw
core   0: 3 0x80000cc0 (0x0ff0000f)
core   0: 0x80000cc4 (0x33ba8283) lb      t0, 827(s5)
core   0: 3 0x80000cc4 (0x33ba8283) x 5 0xffffffc9 mem 0x80015d3e
core   0: 0x80000cc8 (0x01fb2e33) slt     t3, s6, t6
core   0: 3 0x80000cc8 (0x01fb2e33) x28 0x00000000
core   0: 0x80000ccc (0x00f05fb3) srl     t6, zero, a5
core   0: 3 0x80000ccc (0x00f05fb3) x31 0x00000000
core   0: 0x80000cd0 (0x6f53c113) xori    sp, t2, 1781
core   0: 3 0x80000cd0 (0x6f53c113) x 2 0x00006987
core   0: 0x80000cd4 (0xe8ca8ca3) sb      a2, -359(s5)
core   0: 3 0x80000cd4 (0xe8ca8ca3) mem 0x8001589c 0x3
core   0: 0x80000cd8 (0xf1fa8c83) lb      s9, -225(s5)
core   0: 3 0x80000cd8 (0xf1fa8c83) x25 0xffffffc7 mem 0x80015922
core   0: 0x80000cdc (0x00019117) auipc   sp, 0x19
core   0: 3 0x80000cdc (0x00019117) x 2 0x80019cdc
core   0: 0x80000ce0 (0x78710113) addi    sp, sp, 1927
core   0: 3 0x80000ce0 (0x78710113) x 2 0x8001a463
core   0: 0x80000ce4 (0x0001f997) auipc   s3, 0x1f
core   0: 3 0x80000ce4 (0x0001f997) x19 0x8001fce4
core   0: 0x80000ce8 (0x95398993) addi    s3, s3, -1709
core   0: 3 0x80000ce8 (0x95398993) x19 0x8001f637
core   0: 0x80000cec (0x0001ff17) auipc   t5, 0x1f
core   0: 3 0x80000cec (0x0001ff17) x30 0x8001fcec
core   0: 0x80000cf0 (0x748f0f13) addi    t5, t5, 1864
core   0: 3 0x80000cf0 (0x748f0f13) x30 0x80020434
core   0: 0x80000cf4 (0xff0992a3) sh      a6, -27(s3)
core   0: 3 0x80000cf4 (0xff0992a3) mem 0x8001f61c 0x0000
core   0: 0x80000cf8 (0x00018c97) auipc   s9, 0x18
core   0: 3 0x80000cf8 (0x00018c97) x25 0x80018cf8
core   0: 0x80000cfc (0x923c8c93) addi    s9, s9, -1757
core   0: 3 0x80000cfc (0x923c8c93) x25 0x8001861b
core   0: 0x80000d00 (0x034c8183) lb      gp, 52(s9)
core   0: 3 0x80000d00 (0x034c8183) x 3 0xffffffe6 mem 0x8001864f
core   0: 0x80000d04 (0xc9c14283) lbu     t0, -868(sp)
core   0: 3 0x80000d04 (0xc9c14283) x 5 0x000000fe mem 0x8001a0ff
core   0: 0x80000d08 (0x911f4e83) lbu     t4, -1775(t5)
core   0: 3 0x80000d08 (0x911f4e83) x29 0x0000008d mem 0x8001fd45
core   0: 0x80000d0c (0x019c9703) lh      a4, 25(s9)
core   0: 3 0x80000d0c (0x019c9703) x14 0xffffd803 mem 0x80018634
core   0: 0x80000d10 (0x5d711a83) lh      s5, 1495(sp)
core   0: 3 0x80000d10 (0x5d711a83) x21 0xffff805b mem 0x8001aa3a
core   0: 0x80000d14 (0x845f2223) sw      t0, -1980(t5)
core   0: 3 0x80000d14 (0x845f2223) mem 0x8001fc78 0x000000fe
core   0: 0x80000d18 (0x00bcd483) lhu     s1, 11(s9)
core   0: 3 0x80000d18 (0x00bcd483) x 9 0x00005457 mem 0x80018626
core   0: 0x80000d1c (0x058999a3) sh      s8, 83(s3)
core   0: 3 0x80000d1c (0x058999a3) mem 0x8001f68a 0x0006
core   0: 0x80000d20 (0xf989c583) lbu     a1, -104(s3)
core   0: 3 0x80000d20 (0xf989c583) x11 0x000000e6 mem 0x8001f5cf
core   0: 0x80000d24 (0xf199dc03) lhu     s8, -231(s3)
core   0: 3 0x80000d24 (0xf199dc03) x24 0x0000a196 mem 0x8001f550
core   0: 0x80000d28 (0xfe310683) lb      a3, -29(sp)
core   0: 3 0x80000d28 (0xfe310683) x13 0xffffffe1 mem 0x8001a446
core   0: 0x80000d2c (0xfd4c8403) lb      s0, -44(s9)
core   0: 3 0x80000d2c (0xfd4c8403) x 8 0x0000003b mem 0x800185ef
core   0: 0x80000d30 (0xf5498923) sb      s4, -174(s3)
core   0: 3 0x80000d30 (0xf5498923) mem 0x8001f589 0x3c
core   0: 0x80000d34 (0x0f298703) lb      a4, 242(s3)
core   0: 3 0x80000d34 (0x0f298703) x14 0xffffffb2 mem 0x8001f729
core   0: 0x80000d38 (0xfcbc8d23) sb      a1, -38(s9)
core   0: 3 0x80000d38 (0xfcbc8d23) mem 0x800185f5 0xe6
core   0: 0x80000d3c (0x5b614f83) lbu     t6, 1462(sp)
core   0: 3 0x80000d3c (0x5b614f83) x31 0x000000fe mem 0x8001aa19
core   0: 0x80000d40 (0x010991a3) sh      a6, 3(s3)
core   0: 3 0x80000d40 (0x010991a3) mem 0x8001f63a 0x0000
core   0: 0x80000d44 (0x023cca83) lbu     s5, 35(s9)
core   0: 3 0x80000d44 (0x023cca83) x21 0x000000f4 mem 0x8001863e
core   0: 0x80000d48 (0x498f09a3) sb      s8, 1171(t5)
core   0: 3 0x80000d48 (0x498f09a3) mem 0x800208c7 0x96
core   0: 0x80000d4c (0xffecc403) lbu     s0, -2(s9)
core   0: 3 0x80000d4c (0xffecc403) x 8 0x000000a5 mem 0x80018619
core   0: 0x80000d50 (0xfce98503) lb      a0, -50(s3)
core   0: 3 0x80000d50 (0xfce98503) x10 0xffffffc2 mem 0x8001f605
core   0: 0x80000d54 (0xc4512d83) lw      s11, -955(sp)
core   0: 3 0x80000d54 (0xc4512d83) x27 0x921de835 mem 0x8001a0a8
core   0: 0x80000d58 (0x87914303) lbu     t1, -1927(sp)
core   0: 3 0x80000d58 (0x87914303) x 6 0x000000e0 mem 0x80019cdc
core   0: 0x80000d5c (0xcc4f5d03) lhu     s10, -828(t5)
core   0: 3 0x80000d5c (0xcc4f5d03) x26 0x00009600 mem 0x800200f8
core   0: 0x80000d60 (0xfeecce83) lbu     t4, -18(s9)
core   0: 3 0x80000d60 (0xfeecce83) x29 0x000000d7 mem 0x80018609
core   0: 0x80000d64 (0xef8f2a83) lw      s5, -264(t5)
core   0: 3 0x80000d64 (0xef8f2a83) x21 0x793fd797 mem 0x8002032c
core   0: 0x80000d68 (0xfcdca6a3) sw      a3, -51(s9)
core   0: 3 0x80000d68 (0xfcdca6a3) mem 0x800185e8 0xffffffe1
core   0: 0x80000d6c (0x0849cb83) lbu     s7, 132(s3)
core   0: 3 0x80000d6c (0x0849cb83) x23 0x00000049 mem 0x8001f6bb
core   0: 0x80000d70 (0xfd5cc383) lbu     t2, -43(s9)
core   0: 3 0x80000d70 (0xfd5cc383) x 7 0x00000067 mem 0x800185f0
core   0: 0x80000d74 (0x0bb98183) lb      gp, 187(s3)
core   0: 3 0x80000d74 (0x0bb98183) x 3 0x0000002d mem 0x8001f6f2
core   0: 0x80000d78 (0x1f014183) lbu     gp, 496(sp)
core   0: 3 0x80000d78 (0x1f014183) x 3 0x000000b4 mem 0x8001a653
core   0: 0x80000d7c (0x00013617) auipc   a2, 0x13
core   0: 3 0x80000d7c (0x00013617) x12 0x80013d7c
core   0: 0x80000d80 (0xaec60613) addi    a2, a2, -1300
core   0: 3 0x80000d80 (0xaec60613) x12 0x80013868
core   0: 0x80000d84 (0x00d600a3) sb      a3, 1(a2)
core   0: 3 0x80000d84 (0x00d600a3) mem 0x80013869 0xe1
core   0: 0x80000d88 (0x00364e03) lbu     t3, 3(a2)
core   0: 3 0x80000d88 (0x00364e03) x28 0x00000041 mem 0x8001386b
core   0: 0x80000d8c (0x00d60823) sb      a3, 16(a2)
core   0: 3 0x80000d8c (0x00d60823) mem 0x80013878 0xe1
core   0: 0x80000d90 (0x00b60583) lb      a1, 11(a2)
core   0: 3 0x80000d90 (0x00b60583) x11 0x00000059 mem 0x80013873
core   0: 0x80000d94 (0x00f64f03) lbu     t5, 15(a2)
core   0: 3 0x80000d94 (0x00f64f03) x30 0x000000b8 mem 0x80013877
core   0: 0x80000d98 (0xffc60ca3) sb      t3, -7(a2)
core   0: 3 0x80000d98 (0xffc60ca3) mem 0x80013861 0x41
core   0: 0x80000d9c (0x40de0e33) sub     t3, t3, a3
core   0: 3 0x80000d9c (0x40de0e33) x28 0x00000060
core   0: 0x80000da0 (0xe34e6693) ori     a3, t3, -460
core   0: 3 0x80000da0 (0xe34e6693) x13 0xfffffe74
core   0: 0x80000da4 (0x7db25597) auipc   a1, 0x7db25
core   0: 3 0x80000da4 (0x7db25597) x11 0xfdb25da4
core   0: 0x80000da8 (0xff660aa3) sb      s6, -11(a2)
core   0: 3 0x80000da8 (0xff660aa3) mem 0x8001385d 0x5
core   0: 0x80000dac (0x00d64503) lbu     a0, 13(a2)
core   0: 3 0x80000dac (0x00d64503) x10 0x00000071 mem 0x80013875
core   0: 0x80000db0 (0x0000100f) fence.i
core   0: 3 0x80000db0 (0x0000100f)
core   0: 0x80000db4 (0x0ff0000f) fence   iorw,iorw
core   0: 3 0x80000db4 (0x0ff0000f)
core   0: 0x80000db8 (0x01c600a3) sb      t3, 1(a2)
core   0: 3 0x80000db8 (0x01c600a3) mem 0x80013869 0x60
core   0: 0x80000dbc (0xffe64f03) lbu     t5, -2(a2)
core   0: 3 0x80000dbc (0xffe64f03) x30 0x00000015 mem 0x80013866
core   0: 0x80000dc0 (0x00865f03) lhu     t5, 8(a2)
core   0: 3 0x80000dc0 (0x00865f03) x30 0x00002c8f mem 0x80013870
core   0: 0x80000dc4 (0x41c68f33) sub     t5, a3, t3
core   0: 3 0x80000dc4 (0x41c68f33) x30 0xfffffe14
core   0: 0x80000dc8 (0x0ff0000f) fence   iorw,iorw
core   0: 3 0x80000dc8 (0x0ff0000f)
core   0: 0x80000dcc (0x00e64e03) lbu     t3, 14(a2)
core   0: 3 0x80000dcc (0x00e64e03) x28 0x0000006f mem 0x80013876
core   0: 0x80000dd0 (0x0165b5b3) sltu    a1, a1, s6
core   0: 3 0x80000dd0 (0x0165b5b3) x11 0x00000000
core   0: 0x80000dd4 (0x0166fe33) and     t3, a3, s6
core   0: 3 0x80000dd4 (0x0166fe33) x28 0x00000004
core   0: 0x80000dd8 (0xfeb60e23) sb      a1, -4(a2)
core   0: 3 0x80000dd8 (0xfeb60e23) mem 0x80013864 0x0
core   0: 0x80000ddc (0xff960b03) lb      s6, -7(a2)
core   0: 3 0x80000ddc (0xff960b03) x22 0x00000041 mem 0x80013861
core   0: 0x80000de0 (0x00d6af33) slt     t5, a3, a3
core   0: 3 0x80000de0 (0x00d6af33) x30 0x00000000
core   0: 0x80000de4 (0xf2a5f693) andi    a3, a1, -214
core   0: 3 0x80000de4 (0xf2a5f693) x13 0x00000000
core   0: 0x80000de8 (0xe706e693) ori     a3, a3, -400
core   0: 3 0x80000de8 (0xe706e693) x13 0xfffffe70
core   0: 0x80000dec (0x00b602a3) sb      a1, 5(a2)
core   0: 3 0x80000dec (0x00b602a3) mem 0x8001386d 0x0
core   0: 0x80000df0 (0xf7250e13) addi    t3, a0, -142
core   0: 3 0x80000df0 (0xf7250e13) x28 0xffffffe3
core   0: 0x80000df4 (0x01c60223) sb      t3, 4(a2)
core   0: 3 0x80000df4 (0x01c60223) mem 0x8001386c 0xe3
core   0: 0x80000df8 (0x00013a17) auipc   s4, 0x13
core   0: 3 0x80000df8 (0x00013a17) x20 0x80013df8
core   0: 0x80000dfc (0x222a0a13) addi    s4, s4, 546
core   0: 3 0x80000dfc (0x222a0a13) x20 0x8001401a
core   0: 0x80000e00 (0x41db5f93) srai    t6, s6, 29
core   0: 3 0x80000e00 (0x41db5f93) x31 0x00000000
core   0: 0x80000e04 (0xff1a00a3) sb      a7, -31(s4)
core   0: 3 0x80000e04 (0xff1a00a3) mem 0x80013ffb 0xe4
core   0: 0x80000e08 (0xfdea0ca3) sb      t5, -39(s4)
core   0: 3 0x80000e08 (0xfdea0ca3) mem 0x80013ff3 0x0
core   0: 0x80000e0c (0x0087ec33) or      s8, a5, s0
core   0: 3 0x80000e0c (0x0087ec33) x24 0x80028ee5
core   0: 0x80000e10 (0x00c53633) sltu    a2, a0, a2
core   0: 3 0x80000e10 (0x00c53633) x12 0x00000001
core   0: 0x80000e14 (0xfcca0c23) sb      a2, -40(s4)
core   0: 3 0x80000e14 (0xfcca0c23) mem 0x80013ff2 0x1
core   0: 0x80000e18 (0xffaa0b23) sb      s10, -10(s4)
core   0: 3 0x80000e18 (0xffaa0b23) mem 0x80014010 0x0
core   0: 0x80000e1c (0x0ff0000f) fence   iorw,iorw
core   0: 3 0x80000e1c (0x0ff0000f)
core   0: 0x80000e20 (0x8fd92713) slti    a4, s2, -1795
core   0: 3 0x80000e20 (0x8fd92713) x14 0x00000000
core   0: 0x80000e24 (0x028a4183) lbu     gp, 40(s4)
core   0: 3 0x80000e24 (0x028a4183) x 3 0x0000006b mem 0x80014042
core   0: 0x80000e28 (0xfd3a0403) lb      s0, -45(s4)
core   0: 3 0x80000e28 (0xfd3a0403) x 8 0xffffff87 mem 0x80013fed
core   0: 0x80000e2c (0xfc6a4a83) lbu     s5, -58(s4)
core   0: 3 0x80000e2c (0xfc6a4a83) x21 0x00000036 mem 0x80013fe0
core   0: 0x80000e30 (0x01da4e03) lbu     t3, 29(s4)
core   0: 3 0x80000e30 (0x01da4e03) x28 0x00000096 mem 0x80014037
core   0: 0x80000e34 (0x2520e013) ori     zero, ra, 594
core   0: 3 0x80000e34 (0x2520e013)
core   0: 0x80000e38 (0xa956a193) slti    gp, a3, -1387
core   0: 3 0x80000e38 (0xa956a193) x 3 0x00000000
core   0: 0x80000e3c (0xde9afa93) andi    s5, s5, -535
core   0: 3 0x80000e3c (0xde9afa93) x21 0x00000020
core   0: 0x80000e40 (0x01b70933) add     s2, a4, s11
core   0: 3 0x80000e40 (0x01b70933) x18 0x921de835
core   0: 0x80000e44 (0x015a4d83) lbu     s11, 21(s4)
core   0: 3 0x80000e44 (0x015a4d83) x27 0x000000d0 mem 0x8001402f
core   0: 0x80000e48 (0x002a5203) lhu     tp, 2(s4)
core   0: 3 0x80000e48 (0x002a5203) x 4 0x00004630 mem 0x8001401c
core   0: 0x80000e4c (0x41a68733) sub     a4, a3, s10
core   0: 3 0x80000e4c (0x41a68733) x14 0xffff6870
core   0: 0x80000e50 (0x00000013) nop
core   0: 3 0x80000e50 (0x00000013)
core   0: 0x80000e54 (0x012f9ab3) sll     s5, t6, s2
core   0: 3 0x80000e54 (0x012f9ab3) x21 0x00000000
core   0: 0x80000e58 (0xfd6a5483) lhu     s1, -42(s4)
core   0: 3 0x80000e58 (0xfd6a5483) x 9 0x000013f4 mem 0x80013ff0
core   0: 0x80000e5c (0xff4a0383) lb      t2, -12(s4)
core   0: 3 0x80000e5c (0xff4a0383) x 7 0x00000066 mem 0x8001400e
core   0: 0x80000e60 (0x00015d17) auipc   s10, 0x15
core   0: 3 0x80000e60 (0x00015d17) x26 0x80015e60
core   0: 0x80000e64 (0x02ad0d13) addi    s10, s10, 42
core   0: 3 0x80000e64 (0x02ad0d13) x26 0x80015e8a
core   0: 0x80000e68 (0xffcd5083) lhu     ra, -4(s10)
core   0: 3 0x80000e68 (0xffcd5083) x 1 0x000024b1 mem 0x80015e86
core   0: 0x80000e6c (0x0117d433) srl     s0, a5, a7
core   0: 3 0x80000e6c (0x0117d433) x 8 0x080028e6
core   0: 0x80000e70 (0x02bd1823) sh      a1, 48(s10)
core   0: 3 0x80000e70 (0x02bd1823) mem 0x80015eba 0x0000
core   0: 0x80000e74 (0x037d0823) sb      s7, 48(s10)
core   0: 3 0x80000e74 (0x037d0823) mem 0x80015eba 0x49
core   0: 0x80000e78 (0x036d1823) sh      s6, 48(s10)
core   0: 3 0x80000e78 (0x036d1823) mem 0x80015eba 0x0041
core   0: 0x80000e7c (0x030d0a83) lb      s5, 48(s10)
core   0: 3 0x80000e7c (0x030d0a83) x21 0x00000041 mem 0x80015eba
core   0: 0x80000e80 (0x030d4c83) lbu     s9, 48(s10)
core   0: 3 0x80000e80 (0x030d4c83) x25 0x00000041 mem 0x80015eba
core   0: 0x80000e84 (0x030d4c03) lbu     s8, 48(s10)
core   0: 3 0x80000e84 (0x030d4c03) x24 0x00000041 mem 0x80015eba
core   0: 0x80000e88 (0x022d0823) sb      sp, 48(s10)
core   0: 3 0x80000e88 (0x022d0823) mem 0x80015eba 0x63
core   0: 0x80000e8c (0x030d5983) lhu     s3, 48(s10)
core   0: 3 0x80000e8c (0x030d5983) x19 0x00000063 mem 0x80015eba
core   0: 0x80000e90 (0x012d5203) lhu     tp, 18(s10)
core   0: 3 0x80000e90 (0x012d5203) x 4 0x000062d7 mem 0x80015e9c
core   0: 0x80000e94 (0x012d5083) lhu     ra, 18(s10)
core   0: 3 0x80000e94 (0x012d5083) x 1 0x000062d7 mem 0x80015e9c
core   0: 0x80000e98 (0x012d5483) lhu     s1, 18(s10)
core   0: 3 0x80000e98 (0x012d5483) x 9 0x000062d7 mem 0x80015e9c
core   0: 0x80000e9c (0x012d4b83) lbu     s7, 18(s10)
core   0: 3 0x80000e9c (0x012d4b83) x23 0x000000d7 mem 0x80015e9c
core   0: 0x80000ea0 (0x012d2b83) lw      s7, 18(s10)
core   0: 3 0x80000ea0 (0x012d2b83) x23 0xd87362d7 mem 0x80015e9c
core   0: 0x80000ea4 (0x4001dab3) sra     s5, gp, zero
core   0: 3 0x80000ea4 (0x4001dab3) x21 0x00000000
core   0: 0x80000ea8 (0x012d0a03) lb      s4, 18(s10)
core   0: 3 0x80000ea8 (0x012d0a03) x20 0xffffffd7 mem 0x80015e9c
core   0: 0x80000eac (0x007d0923) sb      t2, 18(s10)
core   0: 3 0x80000eac (0x007d0923) mem 0x80015e9c 0x66
core   0: 0x80000eb0 (0x012d1683) lh      a3, 18(s10)
core   0: 3 0x80000eb0 (0x012d1683) x13 0x00006266 mem 0x80015e9c
core   0: 0x80000eb4 (0x012d1b03) lh      s6, 18(s10)
core   0: 3 0x80000eb4 (0x012d1b03) x22 0x00006266 mem 0x80015e9c
core   0: 0x80000eb8 (0x012d2f83) lw      t6, 18(s10)
core   0: 3 0x80000eb8 (0x012d2f83) x31 0xd8736266 mem 0x80015e9c
core   0: 0x80000ebc (0x00000013) nop
core   0: 3 0x80000ebc (0x00000013)
core   0: 0x80000ec0 (0x00cd2923) sw      a2, 18(s10)
core   0: 3 0x80000ec0 (0x00cd2923) mem 0x80015e9c 0x00000001
core   0: 0x80000ec4 (0x00012597) auipc   a1, 0x12
core   0: 3 0x80000ec4 (0x00012597) x11 0x80012ec4
core   0: 0x80000ec8 (0x6e558593) addi    a1, a1, 1765
core   0: 3 0x80000ec8 (0x6e558593) x11 0x800135a9
core   0: 0x80000ecc (0x014bbd33) sltu    s10, s7, s4
core   0: 3 0x80000ecc (0x014bbd33) x26 0x00000001
core   0: 0x80000ed0 (0x01f834b3) sltu    s1, a6, t6
core   0: 3 0x80000ed0 (0x01f834b3) x 9 0x00000001
core   0: 0x80000ed4 (0x4cd58c23) sb      a3, 1240(a1)
core   0: 3 0x80000ed4 (0x4cd58c23) mem 0x80013a81 0x66
core   0: 0x80000ed8 (0xccc84037) lui     zero, 0xccc84
core   0: 3 0x80000ed8 (0xccc84037)
core   0: 0x80000edc (0x02e5c103) lbu     sp, 46(a1)
core   0: 3 0x80000edc (0x02e5c103) x 2 0x00000024 mem 0x800135d7
core   0: 0x80000ee0 (0x17858983) lb      s3, 376(a1)
core   0: 3 0x80000ee0 (0x17858983) x19 0x0000005c mem 0x80013721
core   0: 0x80000ee4 (0x019cb233) sltu    tp, s9, s9
core   0: 3 0x80000ee4 (0x019cb233) x 4 0x00000000
core   0: 0x80000ee8 (0x0152f733) and     a4, t0, s5
core   0: 3 0x80000ee8 (0x0152f733) x14 0x00000000
core   0: 0x80000eec (0x73a58d23) sb      s10, 1850(a1)
core   0: 3 0x80000eec (0x73a58d23) mem 0x80013ce3 0x1
core   0: 0x80000ef0 (0xab658703) lb      a4, -1354(a1)
core   0: 3 0x80000ef0 (0xab658703) x14 0xffffffe3 mem 0x8001305f
core   0: 0x80000ef4 (0x00937cb3) and     s9, t1, s1
core   0: 3 0x80000ef4 (0x00937cb3) x25 0x00000000
core   0: 0x80000ef8 (0x453d4c93) xori    s9, s10, 1107
core   0: 3 0x80000ef8 (0x453d4c93) x25 0x00000452
core   0: 0x80000efc (0x75a58423) sb      s10, 1864(a1)
core   0: 3 0x80000efc (0x75a58423) mem 0x80013cf1 0x1
core   0: 0x80000f00 (0x18b58b23) sb      a1, 406(a1)
core   0: 3 0x80000f00 (0x18b58b23) mem 0x8001373f 0xa9
core   0: 0x80000f04 (0x400106b3) sub     a3, sp, zero
core   0: 3 0x80000f04 (0x400106b3) x13 0x00000024
core   0: 0x80000f08 (0x408d5713) srai    a4, s10, 8
core   0: 3 0x80000f08 (0x408d5713) x14 0x00000000
core   0: 0x80000f0c (0x018f2533) slt     a0, t5, s8
core   0: 3 0x80000f0c (0x018f2533) x10 0x00000001
core   0: 0x80000f10 (0xe7242f97) auipc   t6, 0xe7242
core   0: 3 0x80000f10 (0xe7242f97) x31 0x67242f10
core   0: 0x80000f14 (0xbc65cf03) lbu     t5, -1082(a1)
core   0: 3 0x80000f14 (0xbc65cf03) x30 0x00000057 mem 0x8001316f
core   0: 0x80000f18 (0x8a7c3493) sltiu   s1, s8, -1881
core   0: 3 0x80000f18 (0x8a7c3493) x 9 0x00000001
core   0: 0x80000f1c (0x002ef1b3) and     gp, t4, sp
core   0: 3 0x80000f1c (0x002ef1b3) x 3 0x00000004
core   0: 0x80000f20 (0x3475ca03) lbu     s4, 839(a1)
core   0: 3 0x80000f20 (0x3475ca03) x20 0x000000ac mem 0x800138f0
core   0: 0x80000f24 (0x00fc8bb3) add     s7, s9, a5
core   0: 3 0x80000f24 (0x00fc8bb3) x23 0x800292b6
core   0: 0x80000f28 (0xba15d403) lhu     s0, -1119(a1)
core   0: 3 0x80000f28 (0xba15d403) x 8 0x0000c06d mem 0x8001314a
core   0: 0x80000f2c (0x25defa13) andi    s4, t4, 605
core   0: 3 0x80000f2c (0x25defa13) x20 0x00000055
core   0: 0x80000f30 (0x44658023) sb      t1, 1088(a1)
core   0: 3 0x80000f30 (0x44658023) mem 0x800139e9 0xe0
core   0: 0x80000f34 (0x0305c103) lbu     sp, 48(a1)
core   0: 3 0x80000f34 (0x0305c103) x 2 0x00000087 mem 0x800135d9
core   0: 0x80000f38 (0x00012117) auipc   sp, 0x12
core   0: 3 0x80000f38 (0x00012117) x 2 0x80012f38
core   0: 0x80000f3c (0x3f710113) addi    sp, sp, 1015
core   0: 3 0x80000f3c (0x3f710113) x 2 0x8001332f
core   0: 0x80000f40 (0xd4710123) sb      t2, -702(sp)
core   0: 3 0x80000f40 (0xd4710123) mem 0x80013071 0x66
core   0: 0x80000f44 (0xd4214983) lbu     s3, -702(sp)
core   0: 3 0x80000f44 (0xd4214983) x19 0x00000066 mem 0x80013071
core   0: 0x80000f48 (0xd5510123) sb      s5, -702(sp)
core   0: 3 0x80000f48 (0xd5510123) mem 0x80013071 0x0
core   0: 0x80000f4c (0xd4210903) lb      s2, -702(sp)
core   0: 3 0x80000f4c (0xd4210903) x18 0x00000000 mem 0x80013071
core   0: 0x80000f50 (0xd4214083) lbu     ra, -702(sp)
core   0: 3 0x80000f50 (0xd4214083) x 1 0x00000000 mem 0x80013071
core   0: 0x80000f54 (0xd4214a83) lbu     s5, -702(sp)
core   0: 3 0x80000f54 (0xd4214a83) x21 0x00000000 mem 0x80013071
core   0: 0x80000f58 (0xd4214703) lbu     a4, -702(sp)
core   0: 3 0x80000f58 (0xd4214703) x14 0x00000000 mem 0x80013071
core   0: 0x80000f5c (0xa60a0c93) addi    s9, s4, -1440
core   0: 3 0x80000f5c (0xa60a0c93) x25 0xfffffab5
core   0: 0x80000f60 (0xd4210183) lb      gp, -702(sp)
core   0: 3 0x80000f60 (0xd4210183) x 3 0x00000000 mem 0x80013071
core   0: 0x80000f64 (0xd4214203) lbu     tp, -702(sp)
core   0: 3 0x80000f64 (0xd4214203) x 4 0x00000000 mem 0x80013071
core   0: 0x80000f68 (0x41085a13) srai    s4, a6, 16
core   0: 3 0x80000f68 (0x41085a13) x20 0xffff8000
core   0: 0x80000f6c (0xd5210123) sb      s2, -702(sp)
core   0: 3 0x80000f6c (0xd5210123) mem 0x80013071 0x0
core   0: 0x80000f70 (0xd4214503) lbu     a0, -702(sp)
core   0: 3 0x80000f70 (0xd4214503) x10 0x00000000 mem 0x80013071
core   0: 0x80000f74 (0xd9014683) lbu     a3, -624(sp)
core   0: 3 0x80000f74 (0xd9014683) x13 0x0000003b mem 0x800130bf
core   0: 0x80000f78 (0xd9010903) lb      s2, -624(sp)
core   0: 3 0x80000f78 (0xd9010903) x18 0x0000003b mem 0x800130bf
core   0: 0x80000f7c (0xd9014603) lbu     a2, -624(sp)
core   0: 3 0x80000f7c (0xd9014603) x12 0x0000003b mem 0x800130bf
core   0: 0x80000f80 (0xd9810823) sb      s8, -624(sp)
core   0: 3 0x80000f80 (0xd9810823) mem 0x800130bf 0x41
core   0: 0x80000f84 (0xe7e10003) lb      zero, -386(sp)
core   0: 3 0x80000f84 (0xe7e10003) mem 0x800131ad
core   0: 0x80000f88 (0x0001c117) auipc   sp, 0x1c
core   0: 3 0x80000f88 (0x0001c117) x 2 0x8001cf88
core   0: 0x80000f8c (0xf5310113) addi    sp, sp, -173
core   0: 3 0x80000f8c (0xf5310113) x 2 0x8001cedb
core   0: 0x80000f90 (0x07814403) lbu     s0, 120(sp)
core   0: 3 0x80000f90 (0x07814403) x 8 0x000000c8 mem 0x8001cf53
core   0: 0x80000f94 (0x00a90a33) add     s4, s2, a0
core   0: 3 0x80000f94 (0x00a90a33) x20 0x0000003b
core   0: 0x80000f98 (0x00cda5b3) slt     a1, s11, a2
core   0: 3 0x80000f98 (0x00cda5b3) x11 0x00000000
core   0: 0x80000f9c (0x41c95533) sra     a0, s2, t3
core   0: 3 0x80000f9c (0x41c95533) x10 0x00000000
core   0: 0x80000fa0 (0x9326be13) sltiu   t3, a3, -1742
core   0: 3 0x80000fa0 (0x9326be13) x28 0x00000001
core   0: 0x80000fa4 (0x02b11183) lh      gp, 43(sp)
core   0: 3 0x80000fa4 (0x02b11183) x 3 0x0000715b mem 0x8001cf06
core   0: 0x80000fa8 (0x07f15d03) lhu     s10, 127(sp)
core   0: 3 0x80000fa8 (0x07f15d03) x26 0x0000e8b5 mem 0x8001cf5a
core   0: 0x80000fac (0x00000013) nop
core   0: 3 0x80000fac (0x00000013)
core   0: 0x80000fb0 (0x0f310a23) sb      s3, 244(sp)
core   0: 3 0x80000fb0 (0x0f310a23) mem 0x8001cfcf 0x66
core   0: 0x80000fb4 (0xfdf15583) lhu     a1, -33(sp)
core   0: 3 0x80000fb4 (0xfdf15583) x11 0x000074c4 mem 0x8001ceba
core   0: 0x80000fb8 (0x4106dc13) srai    s8, a3, 16
core   0: 3 0x80000fb8 (0x4106dc13) x24 0x00000000
core   0: 0x80000fbc (0x05a10f03) lb      t5, 90(sp)
core   0: 3 0x80000fbc (0x05a10f03) x30 0x0000006d mem 0x8001cf35
core   0: 0x80000fc0 (0xf8f15003) lhu     zero, -113(sp)
core   0: 3 0x80000fc0 (0xf8f15003) mem 0x8001ce6a
core   0: 0x80000fc4 (0xf3010303) lb      t1, -208(sp)
core   0: 3 0x80000fc4 (0xf3010303) x 6 0x0000002e mem 0x8001ce0b
core   0: 0x80000fc8 (0x0066beb3) sltu    t4, a3, t1
core   0: 3 0x80000fc8 (0x0066beb3) x29 0x00000000
core   0: 0x80000fcc (0x01fbdc13) srli    s8, s7, 31
core   0: 3 0x80000fcc (0x01fbdc13) x24 0x00000001
core   0: 0x80000fd0 (0x97772c97) auipc   s9, 0x97772
core   0: 3 0x80000fd0 (0x97772c97) x25 0x17772fd0
core   0: 0x80000fd4 (0x0c810c83) lb      s9, 200(sp)
core   0: 3 0x80000fd4 (0x0c810c83) x25 0x00000007 mem 0x8001cfa3
core   0: 0x80000fd8 (0x96cdc413) xori    s0, s11, -1684
core   0: 3 0x80000fd8 (0x96cdc413) x 8 0xfffff9bc
core   0: 0x80000fdc (0xd441f913) andi    s2, gp, -700
core   0: 3 0x80000fdc (0xd441f913) x18 0x00007140
core   0: 0x80000fe0 (0xfe0119a3) sh      zero, -13(sp)
core   0: 3 0x80000fe0 (0xfe0119a3) mem 0x8001cece 0x0000
core   0: 0x80000fe4 (0xf55108a3) sb      s5, -175(sp)
core   0: 3 0x80000fe4 (0xf55108a3) mem 0x8001ce2c 0x0
core   0: 0x80000fe8 (0x01efe4b3) or      s1, t6, t5
core   0: 3 0x80000fe8 (0x01efe4b3) x 9 0x67242f7d
core   0: 0x80000fec (0x00910123) sb      s1, 2(sp)
core   0: 3 0x80000fec (0x00910123) mem 0x8001cedd 0x7d
core   0: 0x80000ff0 (0x4173da13) srai    s4, t2, 23
core   0: 3 0x80000ff0 (0x4173da13) x20 0x00000000
core   0: 0x80000ff4 (0x013a71b3) and     gp, s4, s3
core   0: 3 0x80000ff4 (0x013a71b3) x 3 0x00000000
core   0: 0x80000ff8 (0x41215413) srai    s0, sp, 18
core   0: 3 0x80000ff8 (0x41215413) x 8 0xffffe000
core   0: 0x80000ffc (0x0d514603) lbu     a2, 213(sp)
core   0: 3 0x80000ffc (0x0d514603) x12 0x0000003f mem 0x8001cfb0
core   0: 0x80001000 (0x010ed733) srl     a4, t4, a6
core   0: 3 0x80001000 (0x010ed733) x14 0x00000000
core   0: 0x80001004 (0x00f7d313) srli    t1, a5, 15
core   0: 3 0x80001004 (0x00f7d313) x 6 0x00010005
core   0: 0x80001008 (0x0ff0000f) fence   iorw,iorw
core   0: 3 0x80001008 (0x0ff0000f)
core   0: 0x8000100c (0x09511e83) lh      t4, 149(sp)
core   0: 3 0x8000100c (0x09511e83) x29 0x00003c82 mem 0x8001cf70
core   0: 0x80001010 (0xf8810403) lb      s0, -120(sp)
core   0: 3 0x80001010 (0xf8810403) x 8 0xffffff90 mem 0x8001ce63
core   0: 0x80001014 (0x0eb10ba3) sb      a1, 247(sp)
core   0: 3 0x80001014 (0x0eb10ba3) mem 0x8001cfd2 0xc4
core   0: 0x80001018 (0xfca10823) sb      a0, -48(sp)
core   0: 3 0x80001018 (0xfca10823) mem 0x8001ceab 0x0
core   0: 0x8000101c (0x0ff0000f) fence   iorw,iorw
core   0: 3 0x8000101c (0x0ff0000f)
core   0: 0x80001020 (0x09a10a83) lb      s5, 154(sp)
core   0: 3 0x80001020 (0x09a10a83) x21 0xffffffef mem 0x8001cf75
core   0: 0x80001024 (0x6ef0e913) ori     s2, ra, 1775
core   0: 3 0x80001024 (0x6ef0e913) x18 0x000006ef
core   0: 0x80001028 (0x0105ff33) and     t5, a1, a6
core   0: 3 0x80001028 (0x0105ff33) x30 0x00000000
core   0: 0x8000102c (0x00930cb3) add     s9, t1, s1
core   0: 3 0x8000102c (0x00930cb3) x25 0x67252f82
core   0: 0x80001030 (0xf1014e83) lbu     t4, -240(sp)
core   0: 3 0x80001030 (0xf1014e83) x29 0x0000009d mem 0x8001cdeb
core   0: 0x80001034 (0x0c610f23) sb      t1, 222(sp)
core   0: 3 0x80001034 (0x0c610f23) mem 0x8001cfb9 0x5
core   0: 0x80001038 (0x0d044213) xori    tp, s0, 208
core   0: 3 0x80001038 (0x0d044213) x 4 0xffffff40
core   0: 0x8000103c (0x41c605b3) sub     a1, a2, t3
core   0: 3 0x8000103c (0x41c605b3) x11 0x0000003e
core   0: 0x80001040 (0xf4c14603) lbu     a2, -180(sp)
core   0: 3 0x80001040 (0xf4c14603) x12 0x00000005 mem 0x8001ce27
core   0: 0x80001044 (0xfc310823) sb      gp, -48(sp)
core   0: 3 0x80001044 (0xfc310823) mem 0x8001ceab 0x0
core   0: 0x80001048 (0xfeb15f83) lhu     t6, -21(sp)
core   0: 3 0x80001048 (0xfeb15f83) x31 0x0000e44c mem 0x8001cec6
core   0: 0x8000104c (0xfcf10583) lb      a1, -49(sp)
core   0: 3 0x8000104c (0xfcf10583) x11 0x0000000b mem 0x8001ceaa
core   0: 0x80001050 (0x34634913) xori    s2, t1, 838
core   0: 3 0x80001050 (0x34634913) x18 0x00010343
core   0: 0x80001054 (0xf4b11b03) lh      s6, -181(sp)
core   0: 3 0x80001054 (0xf4b11b03) x22 0x0000051c mem 0x8001ce26
core   0: 0x80001058 (0x04c009ef) jal     s3, pc + 0x4c
core   0: 3 0x80001058 (0x04c009ef) x19 0x8000105c
core   0: 0x800010a4 (0x010000ef) jal     pc + 0x10
core   0: 3 0x800010a4 (0x010000ef) x 1 0x800010a8
core   0: 0x800010b4 (0xfd5ff0ef) jal     pc - 0x2c
core   0: 3 0x800010b4 (0xfd5ff0ef) x 1 0x800010b8
core   0: 0x80001088 (0xff9ff2ef) jal     t0, pc - 0x8
core   0: 3 0x80001088 (0xff9ff2ef) x 5 0x8000108c
core   0: 0x80001080 (0xff5ffaef) jal     s5, pc - 0xc
core   0: 3 0x80001080 (0xff5ffaef) x21 0x80001084
core   0: 0x80001074 (0xff9ff36f) jal     t1, pc - 0x8
core   0: 3 0x80001074 (0xff9ff36f) x 6 0x80001078
core   0: 0x8000106c (0x040000ef) jal     pc + 0x40
core   0: 3 0x8000106c (0x040000ef) x 1 0x80001070
core   0: 0x800010ac (0x01c004ef) jal     s1, pc + 0x1c
core   0: 3 0x800010ac (0x01c004ef) x 9 0x800010b0
core   0: 0x800010c8 (0xf95ffcef) jal     s9, pc - 0x6c
core   0: 3 0x800010c8 (0xf95ffcef) x25 0x800010cc
core   0: 0x8000105c (0x03c000ef) jal     pc + 0x3c
core   0: 3 0x8000105c (0x03c000ef) x 1 0x80001060
core   0: 0x80001098 (0x008000ef) jal     pc + 0x8
core   0: 3 0x80001098 (0x008000ef) x 1 0x8000109c
core   0: 0x800010a0 (0xffdff0ef) jal     pc - 0x4
core   0: 3 0x800010a0 (0xffdff0ef) x 1 0x800010a4
core   0: 0x8000109c (0x028000ef) jal     pc + 0x28
core   0: 3 0x8000109c (0x028000ef) x 1 0x800010a0
core   0: 0x800010c4 (0xff9ff0ef) jal     pc - 0x8
core   0: 3 0x800010c4 (0xff9ff0ef) x 1 0x800010c8
core   0: 0x800010bc (0xffdff0ef) jal     pc - 0x4
core   0: 3 0x800010bc (0xffdff0ef) x 1 0x800010c0
core   0: 0x800010b8 (0xfb1ff0ef) jal     pc - 0x50
core   0: 3 0x800010b8 (0xfb1ff0ef) x 1 0x800010bc
core   0: 0x80001068 (0x008000ef) jal     pc + 0x8
core   0: 3 0x80001068 (0x008000ef) x 1 0x8000106c
core   0: 0x80001070 (0xff1ff0ef) jal     pc - 0x10
core   0: 3 0x80001070 (0xff1ff0ef) x 1 0x80001074
core   0: 0x80001060 (0x048000ef) jal     pc + 0x48
core   0: 3 0x80001060 (0x048000ef) x 1 0x80001064
core   0: 0x800010a8 (0xfe5ff0ef) jal     pc - 0x1c
core   0: 3 0x800010a8 (0xfe5ff0ef) x 1 0x800010ac
core   0: 0x8000108c (0xfedff0ef) jal     pc - 0x14
core   0: 3 0x8000108c (0xfedff0ef) x 1 0x80001090
core   0: 0x80001078 (0x00c0036f) jal     t1, pc + 0xc
core   0: 3 0x80001078 (0x00c0036f) x 6 0x8000107c
core   0: 0x80001084 (0xfe1ff16f) jal     sp, pc - 0x20
core   0: 3 0x80001084 (0xfe1ff16f) x 2 0x80001088
core   0: 0x80001064 (0x05c0036f) jal     t1, pc + 0x5c
core   0: 3 0x80001064 (0x05c0036f) x 6 0x80001068
core   0: 0x800010c0 (0xfd1ff36f) jal     t1, pc - 0x30
core   0: 3 0x800010c0 (0xfd1ff36f) x 6 0x800010c4
core   0: 0x80001090 (0xfedff36f) jal     t1, pc - 0x14
core   0: 3 0x80001090 (0xfedff36f) x 6 0x80001094
core   0: 0x8000107c (0x05400fef) jal     t6, pc + 0x54
core   0: 3 0x8000107c (0x05400fef) x31 0x80001080
core   0: 0x800010d0 (0xfc5ff0ef) jal     pc - 0x3c
core   0: 3 0x800010d0 (0xfc5ff0ef) x 1 0x800010d4
core   0: 0x80001094 (0x01c003ef) jal     t2, pc + 0x1c
core   0: 3 0x80001094 (0x01c003ef) x 7 0x80001098
core   0: 0x800010b0 (0x01c0016f) jal     sp, pc + 0x1c
core   0: 3 0x800010b0 (0x01c0016f) x 2 0x800010b4
core   0: 0x800010cc (0x0080036f) jal     t1, pc + 0x8
core   0: 3 0x800010cc (0x0080036f) x 6 0x800010d0
core   0: 0x800010d4 (0x00bf9fb3) sll     t6, t6, a1
core   0: 3 0x800010d4 (0x00bf9fb3) x31 0x00840000
core   0: 0x800010d8 (0x024009ef) jal     s3, pc + 0x24
core   0: 3 0x800010d8 (0x024009ef) x19 0x800010dc
core   0: 0x800010fc (0xfe9ff36f) jal     t1, pc - 0x18
core   0: 3 0x800010fc (0xfe9ff36f) x 6 0x80001100
core   0: 0x800010e4 (0xff9ff0ef) jal     pc - 0x8
core   0: 3 0x800010e4 (0xff9ff0ef) x 1 0x800010e8
core   0: 0x800010dc (0x00c000ef) jal     pc + 0xc
core   0: 3 0x800010dc (0x00c000ef) x 1 0x800010e0
core   0: 0x800010e8 (0x0100036f) jal     t1, pc + 0x10
core   0: 3 0x800010e8 (0x0100036f) x 6 0x800010ec
core   0: 0x800010f8 (0xff5ff36f) jal     t1, pc - 0xc
core   0: 3 0x800010f8 (0xff5ff36f) x 6 0x800010fc
core   0: 0x800010ec (0x02000cef) jal     s9, pc + 0x20
core   0: 3 0x800010ec (0x02000cef) x25 0x800010f0
core   0: 0x8000110c (0xfe9ff0ef) jal     pc - 0x18
core   0: 3 0x8000110c (0xfe9ff0ef) x 1 0x80001110
core   0: 0x800010f4 (0xffdfffef) jal     t6, pc - 0x4
core   0: 3 0x800010f4 (0xffdfffef) x31 0x800010f8
core   0: 0x800010f0 (0x0180036f) jal     t1, pc + 0x18
core   0: 3 0x800010f0 (0x0180036f) x 6 0x800010f4
core   0: 0x80001108 (0xffdff26f) jal     tp, pc - 0x4
core   0: 3 0x80001108 (0xffdff26f) x 4 0x8000110c
core   0: 0x80001104 (0xfddff36f) jal     t1, pc - 0x24
core   0: 3 0x80001104 (0xfddff36f) x 6 0x80001108
core   0: 0x800010e0 (0x020000ef) jal     pc + 0x20
core   0: 3 0x800010e0 (0x020000ef) x 1 0x800010e4
core   0: 0x80001100 (0x010001ef) jal     gp, pc + 0x10
core   0: 3 0x80001100 (0x010001ef) x 3 0x80001104
core   0: 0x80001110 (0x788dbf93) sltiu   t6, s11, 1928
core   0: 3 0x80001110 (0x788dbf93) x31 0x00000001
core   0: 0x80001114 (0x0001ed17) auipc   s10, 0x1e
core   0: 3 0x80001114 (0x0001ed17) x26 0x8001f114
core   0: 0x80001118 (0x04ad0d13) addi    s10, s10, 74
core   0: 3 0x80001118 (0x04ad0d13) x26 0x8001f15e
core   0: 0x8000111c (0xc99cc9b7) lui     s3, 0xc99cc
core   0: 3 0x8000111c (0xc99cc9b7) x19 0xc99cc000
core   0: 0x80001120 (0x85cd1703) lh      a4, -1956(s10)
core   0: 3 0x80001120 (0x85cd1703) x14 0xffffb068 mem 0x8001e9ba
core   0: 0x80001124 (0x2aed0da3) sb      a4, 699(s10)
core   0: 3 0x80001124 (0x2aed0da3) mem 0x8001f419 0x68
core   0: 0x80001128 (0x980d07a3) sb      zero, -1649(s10)
core   0: 3 0x80001128 (0x980d07a3) mem 0x8001eaed 0x0
core   0: 0x8000112c (0x01350033) add     zero, a0, s3
core   0: 3 0x8000112c (0x01350033)
core   0: 0x80001130 (0x733d4183) lbu     gp, 1843(s10)
core   0: 3 0x80001130 (0x733d4183) x 3 0x00000048 mem 0x8001f891
core   0: 0x80001134 (0x7cfd0003) lb      zero, 1999(s10)
core   0: 3 0x80001134 (0x7cfd0003) mem 0x8001f92d
core   0: 0x80001138 (0x0039a9b3) slt     s3, s3, gp
core   0: 3 0x80001138 (0x0039a9b3) x19 0x00000001
core   0: 0x8000113c (0xbefd0503) lb      a0, -1041(s10)
core   0: 3 0x8000113c (0xbefd0503) x10 0x0000000e mem 0x8001ed4d
core   0: 0x80001140 (0x6f244137) lui     sp, 0x6f244
core   0: 3 0x80001140 (0x6f244137) x 2 0x6f244000
core   0: 0x80001144 (0xbfad11b7) lui     gp, 0xbfad1
core   0: 3 0x80001144 (0xbfad11b7) x 3 0xbfad1000
core   0: 0x80001148 (0xccad0aa3) sb      a0, -811(s10)
core   0: 3 0x80001148 (0xccad0aa3) mem 0x8001ee33 0xe
core   0: 0x8000114c (0x01376133) or      sp, a4, s3
core   0: 3 0x8000114c (0x01376133) x 2 0xffffb069
core   0: 0x80001150 (0x003001b3) add     gp, zero, gp
core   0: 3 0x80001150 (0x003001b3) x 3 0xbfad1000
core   0: 0x80001154 (0x0039b733) sltu    a4, s3, gp
core   0: 3 0x80001154 (0x0039b733) x14 0x00000001
core   0: 0x80001158 (0x513d0103) lb      sp, 1299(s10)
core   0: 3 0x80001158 (0x513d0103) x 2 0xffffff89 mem 0x8001f671
core   0: 0x8000115c (0x0ff0000f) fence   iorw,iorw
core   0: 3 0x8000115c (0x0ff0000f)
core   0: 0x80001160 (0xdbfd0003) lb      zero, -577(s10)
core   0: 3 0x80001160 (0xdbfd0003) mem 0x8001ef1d
core   0: 0x80001164 (0xdc5d0983) lb      s3, -571(s10)
core   0: 3 0x80001164 (0xdc5d0983) x19 0xffffffa5 mem 0x8001ef23
core   0: 0x80001168 (0x757d4003) lbu     zero, 1879(s10)
core   0: 3 0x80001168 (0x757d4003) mem 0x8001f8b5
core   0: 0x8000116c (0x01098713) addi    a4, s3, 16
core   0: 3 0x8000116c (0x01098713) x14 0xffffffb5
core   0: 0x80001170 (0x0ff0000f) fence   iorw,iorw
core   0: 3 0x80001170 (0x0ff0000f)
core   0: 0x80001174 (0x003191b3) sll     gp, gp, gp
core   0: 3 0x80001174 (0x003191b3) x 3 0xbfad1000
core   0: 0x80001178 (0x00e00033) add     zero, zero, a4
core   0: 3 0x80001178 (0x00e00033)
core   0: 0x8000117c (0x333d05a3) sb      s3, 811(s10)
core   0: 3 0x8000117c (0x333d05a3) mem 0x8001f489 0xa5
core   0: 0x80001180 (0x5a8d0983) lb      s3, 1448(s10)
core   0: 3 0x80001180 (0x5a8d0983) x19 0xffffffa3 mem 0x8001f706
core   0: 0x80001184 (0xce6d0503) lb      a0, -794(s10)
core   0: 3 0x80001184 (0xce6d0503) x10 0x00000040 mem 0x8001ee44
core   0: 0x80001188 (0x9d117993) andi    s3, sp, -1583
core   0: 3 0x80001188 (0x9d117993) x19 0xfffff981
core   0: 0x8000118c (0x0ccd0503) lb      a0, 204(s10)
core   0: 3 0x8000118c (0x0ccd0503) x10 0xffffff9d mem 0x8001f22a
core   0: 0x80001190 (0xce0d05a3) sb      zero, -789(s10)
core   0: 3 0x80001190 (0xce0d05a3) mem 0x8001ee49 0x0
core   0: 0x80001194 (0x162d1623) sh      sp, 364(s10)
core   0: 3 0x80001194 (0x162d1623) mem 0x8001f2ca 0xff89
core   0: 0x80001198 (0x0000100f) fence.i
core   0: 3 0x80001198 (0x0000100f)
core   0: 0x8000119c (0x0000100f) fence.i
core   0: 3 0x8000119c (0x0000100f)
core   0: 0x800011a0 (0x0ff0000f) fence   iorw,iorw
core   0: 3 0x800011a0 (0x0ff0000f)
core   0: 0x800011a4 (0xd98d4103) lbu     sp, -616(s10)
core   0: 3 0x800011a4 (0xd98d4103) x 2 0x0000002a mem 0x8001eef6
core   0: 0x800011a8 (0x1529f113) andi    sp, s3, 338
core   0: 3 0x800011a8 (0x1529f113) x 2 0x00000100
core   0: 0x800011ac (0x00a1b1b3) sltu    gp, gp, a0
core   0: 3 0x800011ac (0x00a1b1b3) x 3 0x00000001
core   0: 0x800011b0 (0x8e3d0623) sb      gp, -1812(s10)
core   0: 3 0x800011b0 (0x8e3d0623) mem 0x8001ea4a 0x1
core   0: 0x800011b4 (0x0001ec97) auipc   s9, 0x1e
core   0: 3 0x800011b4 (0x0001ec97) x25 0x8001f1b4
core   0: 0x800011b8 (0x5aec8c93) addi    s9, s9, 1454
core   0: 3 0x800011b8 (0x5aec8c93) x25 0x8001f762
core   0: 0x800011bc (0x014c9a23) sh      s4, 20(s9)
core   0: 3 0x800011bc (0x014c9a23) mem 0x8001f776 0x0000
core   0: 0x800011c0 (0x02dccb83) lbu     s7, 45(s9)
core   0: 3 0x800011c0 (0x02dccb83) x23 0x00000014 mem 0x8001f78f
core   0: 0x800011c4 (0x018cc483) lbu     s1, 24(s9)
core   0: 3 0x800011c4 (0x018cc483) x 9 0x00000011 mem 0x8001f77a
core   0: 0x800011c8 (0x031cce03) lbu     t3, 49(s9)
core   0: 3 0x800011c8 (0x031cce03) x28 0x000000e7 mem 0x8001f793
core   0: 0x800011cc (0xfc4c9b83) lh      s7, -60(s9)
core   0: 3 0x800011cc (0xfc4c9b83) x23 0xffffffc4 mem 0x8001f726
core   0: 0x800011d0 (0x001fb033) sltu    zero, t6, ra
core   0: 3 0x800011d0 (0x001fb033)
core   0: 0x800011d4 (0x00bdcc33) xor     s8, s11, a1
core   0: 3 0x800011d4 (0x00bdcc33) x24 0x000000db
core   0: 0x800011d8 (0xfe7c8ea3) sb      t2, -3(s9)
core   0: 3 0x800011d8 (0xfe7c8ea3) mem 0x8001f75f 0x98
core   0: 0x800011dc (0xfdccd183) lhu     gp, -36(s9)
core   0: 3 0x800011dc (0xfdccd183) x 3 0x0000d15c mem 0x8001f73e
core   0: 0x800011e0 (0x416e5a13) srai    s4, t3, 22
core   0: 3 0x800011e0 (0x416e5a13) x20 0x00000000
core   0: 0x800011e4 (0xfccc9423) sh      a2, -56(s9)
core   0: 3 0x800011e4 (0xfccc9423) mem 0x8001f72a 0x0005
core   0: 0x800011e8 (0xfd3ccc03) lbu     s8, -45(s9)
core   0: 3 0x800011e8 (0xfd3ccc03) x24 0x00000063 mem 0x8001f735
core   0: 0x800011ec (0xea064b13) xori    s6, a2, -352
core   0: 3 0x800011ec (0xea064b13) x22 0xfffffea5
core   0: 0x800011f0 (0x014e02b3) add     t0, t3, s4
core   0: 3 0x800011f0 (0x014e02b3) x 5 0x000000e7
core   0: 0x800011f4 (0x037cc103) lbu     sp, 55(s9)
core   0: 3 0x800011f4 (0x037cc103) x 2 0x000000c6 mem 0x8001f799
core   0: 0x800011f8 (0x029cc183) lbu     gp, 41(s9)
core   0: 3 0x800011f8 (0x029cc183) x 3 0x00000078 mem 0x8001f78b
core   0: 0x800011fc (0x030cc683) lbu     a3, 48(s9)
core   0: 3 0x800011fc (0x030cc683) x13 0x0000000a mem 0x8001f792
core   0: 0x80001200 (0x038c8583) lb      a1, 56(s9)
core   0: 3 0x80001200 (0x038c8583) x11 0x00000008 mem 0x8001f79a
core   0: 0x80001204 (0x02cc9c23) sh      a2, 56(s9)
core   0: 3 0x80001204 (0x02cc9c23) mem 0x8001f79a 0x0005
core   0: 0x80001208 (0x41e8dc13) srai    s8, a7, 30
core   0: 3 0x80001208 (0x41e8dc13) x24 0xfffffffe
core   0: 0x8000120c (0x014c8e03) lb      t3, 20(s9)
core   0: 3 0x8000120c (0x014c8e03) x28 0x00000000 mem 0x8001f776
core   0: 0x80001210 (0x00acc983) lbu     s3, 10(s9)
core   0: 3 0x80001210 (0x00acc983) x19 0x00000074 mem 0x8001f76c
core   0: 0x80001214 (0x00fc8f03) lb      t5, 15(s9)
core   0: 3 0x80001214 (0x00fc8f03) x30 0xffffffe9 mem 0x8001f771
core   0: 0x80001218 (0x0000100f) fence.i
core   0: 3 0x80001218 (0x0000100f)
core   0: 0x8000121c (0x04082093) slti    ra, a6, 64
core   0: 3 0x8000121c (0x04082093) x 1 0x00000001
core   0: 0x80001220 (0x030c9703) lh      a4, 48(s9)
core   0: 3 0x80001220 (0x030c9703) x14 0xffffe70a mem 0x8001f792
core   0: 0x80001224 (0x000cd903) lhu     s2, 0(s9)
core   0: 3 0x80001224 (0x000cd903) x18 0x00002eb1 mem 0x8001f762
core   0: 0x80001228 (0x014c8e23) sb      s4, 28(s9)
core   0: 3 0x80001228 (0x014c8e23) mem 0x8001f77e 0x0
core   0: 0x8000122c (0xffacae03) lw      t3, -6(s9)
core   0: 3 0x8000122c (0xffacae03) x28 0x980cafbc mem 0x8001f75c
core   0: 0x80001230 (0x01bcc003) lbu     zero, 27(s9)
core   0: 3 0x80001230 (0x01bcc003) mem 0x8001f77d
core   0: 0x80001234 (0xfd9c8f03) lb      t5, -39(s9)
core   0: 3 0x80001234 (0xfd9c8f03) x30 0xfffffffa mem 0x8001f73b
core   0: 0x80001238 (0x0170c1b3) xor     gp, ra, s7
core   0: 3 0x80001238 (0x0170c1b3) x 3 0xffffffc5
core   0: 0x8000123c (0xfe0c9083) lh      ra, -32(s9)
core   0: 3 0x8000123c (0xfe0c9083) x 1 0xffff9aad mem 0x8001f742
core   0: 0x80001240 (0x417e8033) sub     zero, t4, s7
core   0: 3 0x80001240 (0x417e8033)
core   0: 0x80001244 (0xb4830213) addi    tp, t1, -1208
core   0: 3 0x80001244 (0xb4830213) x 4 0x80000c50
core   0: 0x80001248 (0x40550933) sub     s2, a0, t0
core   0: 3 0x80001248 (0x40550933) x18 0xfffffeb6
core   0: 0x8000124c (0x0063e4b3) or      s1, t2, t1
core   0: 3 0x8000124c (0x0063e4b3) x 9 0x80001198
core   0: 0x80001250 (0x00a4d633) srl     a2, s1, a0
core   0: 3 0x80001250 (0x00a4d633) x12 0x00000004
core   0: 0x80001254 (0xfd6ca903) lw      s2, -42(s9)
core   0: 3 0x80001254 (0xfd6ca903) x18 0xfaac4330 mem 0x8001f738
core   0: 0x80001258 (0x00fccf03) lbu     t5, 15(s9)
core   0: 3 0x80001258 (0x00fccf03) x30 0x000000e9 mem 0x8001f771
core   0: 0x8000125c (0x006c82a3) sb      t1, 5(s9)
core   0: 3 0x8000125c (0x006c82a3) mem 0x8001f767 0x8
core   0: 0x80001260 (0xb6b08413) addi    s0, ra, -1173
core   0: 3 0x80001260 (0xb6b08413) x 8 0xffff9618
core   0: 0x80001264 (0x047a5463) bge     s4, t2, pc + 72
core   0: 3 0x80001264 (0x047a5463)
core   0: 0x800012ac (0x00000013) nop
core   0: 3 0x800012ac (0x00000013)
core   0: 0x800012b0 (0x03400663) beq     zero, s4, pc + 44
core   0: 3 0x800012b0 (0x03400663)
core   0: 0x800012dc (0xc4e06113) ori     sp, zero, -946
core   0: 3 0x800012dc (0xc4e06113) x 2 0xfffffc4e
core   0: 0x800012e0 (0x013fb233) sltu    tp, t6, s3
core   0: 3 0x800012e0 (0x013fb233) x 4 0x00000001
core   0: 0x800012e4 (0x00514463) blt     sp, t0, pc + 8
core   0: 3 0x800012e4 (0x00514463)
core   0: 0x800012ec (0x0149de63) bge     s3, s4, pc + 28
core   0: 3 0x800012ec (0x0149de63)
core   0: 0x80001308 (0x40cd8db3) sub     s11, s11, a2
core   0: 3 0x80001308 (0x40cd8db3) x27 0x000000cc
core   0: 0x8000130c (0x00c19193) slli    gp, gp, 12
core   0: 3 0x8000130c (0x00c19193) x 3 0xfffc5000
core   0: 0x80001310 (0x00d99463) bne     s3, a3, pc + 8
core   0: 3 0x80001310 (0x00d99463)
core   0: 0x80001318 (0x703fbc13) sltiu   s8, t6, 1795
core   0: 3 0x80001318 (0x703fbc13) x24 0x00000001
core   0: 0x8000131c (0x41555233) sra     tp, a0, s5
core   0: 3 0x8000131c (0x41555233) x 4 0xfffffff9
core   0: 0x80001320 (0x00a013b3) sll     t2, zero, a0
core   0: 3 0x80001320 (0x00a013b3) x 7 0x00000000
core   0: 0x80001324 (0x008914b3) sll     s1, s2, s0
core   0: 3 0x80001324 (0x008914b3) x 9 0x30000000
core   0: 0x80001328 (0x00000013) nop
core   0: 3 0x80001328 (0x00000013)
core   0: 0x8000132c (0x0025aab3) slt     s5, a1, sp
core   0: 3 0x8000132c (0x0025aab3) x21 0x00000000
core   0: 0x80001330 (0x033d5863) bge     s10, s3, pc + 48
core   0: 3 0x80001330 (0x033d5863)
core   0: 0x80001334 (0xccc9f013) andi    zero, s3, -820
core   0: 3 0x80001334 (0xccc9f013)
core   0: 0x80001338 (0x019e7e33) and     t3, t3, s9
core   0: 3 0x80001338 (0x019e7e33) x28 0x8000a720
core   0: 0x8000133c (0x01fb3ab3) sltu    s5, s6, t6
core   0: 3 0x8000133c (0x01fb3ab3) x21 0x00000000
core   0: 0x80001340 (0x27317413) andi    s0, sp, 627
core   0: 3 0x80001340 (0x27317413) x 8 0x00000042
core   0: 0x80001344 (0x02bff463) bgeu    t6, a1, pc + 40
core   0: 3 0x80001344 (0x02bff463)
core   0: 0x80001348 (0x0000100f) fence.i
core   0: 3 0x80001348 (0x0000100f)
core   0: 0x8000134c (0x00378e33) add     t3, a5, gp
core   0: 3 0x8000134c (0x00378e33) x28 0x7ffede64
core   0: 0x80001350 (0x010976b3) and     a3, s2, a6
core   0: 3 0x80001350 (0x010976b3) x13 0x80000000
core   0: 0x80001354 (0x587b7c13) andi    s8, s6, 1415
core   0: 3 0x80001354 (0x587b7c13) x24 0x00000485
core   0: 0x80001358 (0x2f318993) addi    s3, gp, 755
core   0: 3 0x80001358 (0x2f318993) x19 0xfffc52f3
core   0: 0x8000135c (0x04b35c63) bge     t1, a1, pc + 88
core   0: 3 0x8000135c (0x04b35c63)
core   0: 0x80001360 (0x0ff0000f) fence   iorw,iorw
core   0: 3 0x80001360 (0x0ff0000f)
core   0: 0x80001364 (0x40bad913) srai    s2, s5, 11
core   0: 3 0x80001364 (0x40bad913) x18 0x00000000
core   0: 0x80001368 (0x3dcdcd37) lui     s10, 0x3dcdc
core   0: 3 0x80001368 (0x3dcdcd37) x26 0x3dcdc000
core   0: 0x8000136c (0x0000100f) fence.i
core   0: 3 0x8000136c (0x0000100f)
core   0: 0x80001370 (0x01c0f463) bgeu    ra, t3, pc + 8
core   0: 3 0x80001370 (0x01c0f463)
core   0: 0x80001378 (0x00448a33) add     s4, s1, tp
core   0: 3 0x80001378 (0x00448a33) x20 0x2ffffff9
core   0: 0x8000137c (0x01aa1293) slli    t0, s4, 26
core   0: 3 0x8000137c (0x01aa1293) x 5 0xe4000000
core   0: 0x80001380 (0x00002a97) auipc   s5, 0x2
core   0: 3 0x80001380 (0x00002a97) x21 0x80003380
core   0: 0x80001384 (0x898a8a93) addi    s5, s5, -1896
core   0: 3 0x80001384 (0x898a8a93) x21 0x80002c18
core   0: 0x80001388 (0x41b784b3) sub     s1, a5, s11
core   0: 3 0x80001388 (0x41b784b3) x 9 0x80028d98
core   0: 0x8000138c (0x1cd5a097) auipc   ra, 0x1cd5a
core   0: 3 0x8000138c (0x1cd5a097) x 1 0x9cd5b38c
core   0: 0x80001390 (0xc08a8a93) addi    s5, s5, -1016
core   0: 3 0x80001390 (0xc08a8a93) x21 0x80002820
core   0: 0x80001394 (0xaaad3693) sltiu   a3, s10, -1366
core   0: 3 0x80001394 (0xaaad3693) x13 0x00000001
core   0: 0x80001398 (0x009ad233) srl     tp, s5, s1
core   0: 3 0x80001398 (0x009ad233) x 4 0x00000080
core   0: 0x8000139c (0x01cee633) or      a2, t4, t3
core   0: 3 0x8000139c (0x01cee633) x12 0x7ffedefd
core   0: 0x800013a0 (0x3f8a89e7) jalr    s3, s5, 1016
core   0: 3 0x800013a0 (0x3f8a89e7) x19 0x800013a4
core   0: 0x80002c18 (0x46912393) slti    t2, sp, 1129
core   0: 3 0x80002c18 (0x46912393) x 7 0x00000001
core   0: 0x80002c1c (0xfe478793) addi    a5, a5, -28
core   0: 3 0x80002c1c (0xfe478793) x15 0x80028e48
core   0: 0x80002c20 (0x01664e33) xor     t3, a2, s6
core   0: 3 0x80002c20 (0x01664e33) x28 0x80012058
core   0: 0x80002c24 (0x0126fd33) and     s10, a3, s2
core   0: 3 0x80002c24 (0x0126fd33) x26 0x00000000
core   0: 0x80002c28 (0x0050d1b3) srl     gp, ra, t0
core   0: 3 0x80002c28 (0x0050d1b3) x 3 0x9cd5b38c
core   0: 0x80002c2c (0x6f458193) addi    gp, a1, 1780
core   0: 3 0x80002c2c (0x6f458193) x 3 0x000006fc
core   0: 0x80002c30 (0x0139e933) or      s2, s3, s3
core   0: 3 0x80002c30 (0x0139e933) x18 0x800013a4
core   0: 0x80002c34 (0x009fb333) sltu    t1, t6, s1
core   0: 3 0x80002c34 (0x009fb333) x 6 0x00000001
core   0: 0x80002c38 (0x0137a223) sw      s3, 4(a5)
core   0: 3 0x80002c38 (0x0137a223) mem 0x80028e4c 0x800013a4
core   0: 0x80002c3c (0x014fe033) or      zero, t6, s4
core   0: 3 0x80002c3c (0x014fe033)
core   0: 0x80002c40 (0x00c009ef) jal     s3, pc + 0xc
core   0: 3 0x80002c40 (0x00c009ef) x19 0x80002c44
core   0: 0x80002c4c (0x004000ef) jal     pc + 0x4
core   0: 3 0x80002c4c (0x004000ef) x 1 0x80002c50
core   0: 0x80002c50 (0x04c0026f) jal     tp, pc + 0x4c
core   0: 3 0x80002c50 (0x04c0026f) x 4 0x80002c54
core   0: 0x80002c9c (0x0080056f) jal     a0, pc + 0x8
core   0: 3 0x80002c9c (0x0080056f) x10 0x80002ca0
core   0: 0x80002ca4 (0xfc9ff36f) jal     t1, pc - 0x38
core   0: 3 0x80002ca4 (0xfc9ff36f) x 6 0x80002ca8
core   0: 0x80002c6c (0xfddff0ef) jal     pc - 0x24
core   0: 3 0x80002c6c (0xfddff0ef) x 1 0x80002c70
core   0: 0x80002c48 (0x028000ef) jal     pc + 0x28
core   0: 3 0x80002c48 (0x028000ef) x 1 0x80002c4c
core   0: 0x80002c70 (0xfedfff6f) jal     t5, pc - 0x14
core   0: 3 0x80002c70 (0xfedfff6f) x30 0x80002c74
core   0: 0x80002c5c (0xfe9ffb6f) jal     s6, pc - 0x18
core   0: 3 0x80002c5c (0xfe9ffb6f) x22 0x80002c60
core   0: 0x80002c44 (0x050000ef) jal     pc + 0x50
core   0: 3 0x80002c44 (0x050000ef) x 1 0x80002c48
core   0: 0x80002c94 (0xfc5ffe6f) jal     t3, pc - 0x3c
core   0: 3 0x80002c94 (0xfc5ffe6f) x28 0x80002c98
core   0: 0x80002c58 (0x0240036f) jal     t1, pc + 0x24
core   0: 3 0x80002c58 (0x0240036f) x 6 0x80002c5c
core   0: 0x80002c7c (0x004006ef) jal     a3, pc + 0x4
core   0: 3 0x80002c7c (0x004006ef) x13 0x80002c80
core   0: 0x80002c80 (0x020000ef) jal     pc + 0x20
core   0: 3 0x80002c80 (0x020000ef) x 1 0x80002c84
core   0: 0x80002ca0 (0xff1ff2ef) jal     t0, pc - 0x10
core   0: 3 0x80002ca0 (0xff1ff2ef) x 5 0x80002ca4
core   0: 0x80002c90 (0xfe9ff0ef) jal     pc - 0x18
core   0: 3 0x80002c90 (0xfe9ff0ef) x 1 0x80002c94
core   0: 0x80002c78 (0x01400e6f) jal     t3, pc + 0x14
core   0: 3 0x80002c78 (0x01400e6f) x28 0x80002c7c
core   0: 0x80002c8c (0x00c000ef) jal     pc + 0xc
core   0: 3 0x80002c8c (0x00c000ef) x 1 0x80002c90
core   0: 0x80002c98 (0xfddff36f) jal     t1, pc - 0x24
core   0: 3 0x80002c98 (0xfddff36f) x 6 0x80002c9c
core   0: 0x80002c74 (0x010000ef) jal     pc + 0x10
core   0: 3 0x80002c74 (0x010000ef) x 1 0x80002c78
core   0: 0x80002c84 (0xfe1ff36f) jal     t1, pc - 0x20
core   0: 3 0x80002c84 (0xfe1ff36f) x 6 0x80002c88
core   0: 0x80002c64 (0x004000ef) jal     pc + 0x4
core   0: 3 0x80002c64 (0x004000ef) x 1 0x80002c68
core   0: 0x80002c68 (0xff9ff2ef) jal     t0, pc - 0x8
core   0: 3 0x80002c68 (0xff9ff2ef) x 5 0x80002c6c
core   0: 0x80002c60 (0x028001ef) jal     gp, pc + 0x28
core   0: 3 0x80002c60 (0x028001ef) x 3 0x80002c64
core   0: 0x80002c88 (0xfcdff36f) jal     t1, pc - 0x34
core   0: 3 0x80002c88 (0xfcdff36f) x 6 0x80002c8c
core   0: 0x80002c54 (0x0540036f) jal     t1, pc + 0x54
core   0: 3 0x80002c54 (0x0540036f) x 6 0x80002c58
core   0: 0x80002ca8 (0x406dd013) srai    zero, s11, 6
core   0: 3 0x80002ca8 (0x406dd013)
core   0: 0x80002cac (0x00011117) auipc   sp, 0x11
core   0: 3 0x80002cac (0x00011117) x 2 0x80013cac
core   0: 0x80002cb0 (0x8ee10113) addi    sp, sp, -1810
core   0: 3 0x80002cb0 (0x8ee10113) x 2 0x8001359a
core   0: 0x80002cb4 (0x00010b97) auipc   s7, 0x10
core   0: 3 0x80002cb4 (0x00010b97) x23 0x80012cb4
core   0: 0x80002cb8 (0x706b8b93) addi    s7, s7, 1798
core   0: 3 0x80002cb8 (0x706b8b93) x23 0x800133ba
core   0: 0x80002cbc (0x00011197) auipc   gp, 0x11
core   0: 3 0x80002cbc (0x00011197) x 3 0x80013cbc
core   0: 0x80002cc0 (0xd9618193) addi    gp, gp, -618
core   0: 3 0x80002cc0 (0xd9618193) x 3 0x80013a52
core   0: 0x80002cc4 (0x00010497) auipc   s1, 0x10
core   0: 3 0x80002cc4 (0x00010497) x 9 0x80012cc4
core   0: 0x80002cc8 (0x3a848493) addi    s1, s1, 936
core   0: 3 0x80002cc8 (0x3a848493) x 9 0x8001306c
core   0: 0x80002ccc (0x02e1d303) lhu     t1, 46(gp)
core   0: 3 0x80002ccc (0x02e1d303) x 6 0x00006603 mem 0x80013a80
core   0: 0x80002cd0 (0x00011717) auipc   a4, 0x11
core   0: 3 0x80002cd0 (0x00011717) x14 0x80013cd0
core   0: 0x80002cd4 (0xb2770713) addi    a4, a4, -1241
core   0: 3 0x80002cd4 (0xb2770713) x14 0x800137f7
core   0: 0x80002cd8 (0x0e048d23) sb      zero, 250(s1)
core   0: 3 0x80002cd8 (0x0e048d23) mem 0x80013166 0x0
core   0: 0x80002cdc (0x0804a423) sw      zero, 136(s1)
core   0: 3 0x80002cdc (0x0804a423) mem 0x800130f4 0x00000000
core   0: 0x80002ce0 (0x03ab86a3) sb      s10, 45(s7)
core   0: 3 0x80002ce0 (0x03ab86a3) mem 0x800133e7 0x0
core   0: 0x80002ce4 (0x00970323) sb      s1, 6(a4)
core   0: 3 0x80002ce4 (0x00970323) mem 0x800137fd 0x6c
core   0: 0x80002ce8 (0x01010303) lb      t1, 16(sp)
core   0: 3 0x80002ce8 (0x01010303) x 6 0xffffff97 mem 0x800135aa
core   0: 0x80002cec (0x00a70903) lb      s2, 10(a4)
core   0: 3 0x80002cec (0x00a70903) x18 0xffffffc0 mem 0x80013801
core   0: 0x80002cf0 (0x01011723) sh      a6, 14(sp)
core   0: 3 0x80002cf0 (0x01011723) mem 0x800135a8 0x0000
core   0: 0x80002cf4 (0xfc6b8b03) lb      s6, -58(s7)
core   0: 3 0x80002cf4 (0xfc6b8b03) x22 0xffffffbd mem 0x80013380
core   0: 0x80002cf8 (0x0d318ba3) sb      s3, 215(gp)
core   0: 3 0x80002cf8 (0x0d318ba3) mem 0x80013b29 0x44
core   0: 0x80002cfc (0x030bc983) lbu     s3, 48(s7)
core   0: 3 0x80002cfc (0x030bc983) x19 0x000000e2 mem 0x800133ea
core   0: 0x80002d00 (0x01074003) lbu     zero, 16(a4)
core   0: 3 0x80002d00 (0x01074003) mem 0x80013807
core   0: 0x80002d04 (0x0651af23) sw      t0, 126(gp)
core   0: 3 0x80002d04 (0x0651af23) mem 0x80013ad0 0x80002c6c
core   0: 0x80002d08 (0x03db8423) sb      t4, 40(s7)
core   0: 3 0x80002d08 (0x03db8423) mem 0x800133e2 0x9d
core   0: 0x80002d0c (0xff910f03) lb      t5, -7(sp)
core   0: 3 0x80002d0c (0xff910f03) x30 0xffffff89 mem 0x80013593
core   0: 0x80002d10 (0xfe471aa3) sh      tp, -11(a4)
core   0: 3 0x80002d10 (0xfe471aa3) mem 0x800137ec 0x2c54
core   0: 0x80002d14 (0x05049623) sh      a6, 76(s1)
core   0: 3 0x80002d14 (0x05049623) mem 0x800130b8 0x0000
core   0: 0x80002d18 (0xfc7b88a3) sb      t2, -47(s7)
core   0: 3 0x80002d18 (0xfc7b88a3) mem 0x8001338b 0x1
core   0: 0x80002d1c (0xffd74c83) lbu     s9, -3(a4)
core   0: 3 0x80002d1c (0xffd74c83) x25 0x0000000b mem 0x800137f4
core   0: 0x80002d20 (0x01eb8b23) sb      t5, 22(s7)
core   0: 3 0x80002d20 (0x01eb8b23) mem 0x800133d0 0x89
core   0: 0x80002d24 (0x06819903) lh      s2, 104(gp)
core   0: 3 0x80002d24 (0x06819903) x18 0x000004a7 mem 0x80013aba
core   0: 0x80002d28 (0xf6718d03) lb      s10, -153(gp)
core   0: 3 0x80002d28 (0xf6718d03) x26 0xffffffdc mem 0x800139b9
core   0: 0x80002d2c (0x0c449203) lh      tp, 196(s1)
core   0: 3 0x80002d2c (0x0c449203) x 4 0x00005bb0 mem 0x80013130
core   0: 0x80002d30 (0xfa219303) lh      t1, -94(gp)
core   0: 3 0x80002d30 (0xfa219303) x 6 0xffff8c2c mem 0x800139f4
core   0: 0x80002d34 (0xff8b8383) lb      t2, -8(s7)
core   0: 3 0x80002d34 (0xff8b8383) x 7 0x00000003 mem 0x800133b2
core   0: 0x80002d38 (0x00210323) sb      sp, 6(sp)
core   0: 3 0x80002d38 (0x00210323) mem 0x800135a0 0x9a
core   0: 0x80002d3c (0xfdfb8683) lb      a3, -33(s7)
core   0: 3 0x80002d3c (0xfdfb8683) x13 0x00000061 mem 0x80013399
core   0: 0x80002d40 (0x01270823) sb      s2, 16(a4)
core   0: 3 0x80002d40 (0x01270823) mem 0x80013807 0xa7
core   0: 0x80002d44 (0x00f10983) lb      s3, 15(sp)
core   0: 3 0x80002d44 (0x00f10983) x19 0x00000000 mem 0x800135a9
core   0: 0x80002d48 (0xf2a18ca3) sb      a0, -199(gp)
core   0: 3 0x80002d48 (0xf2a18ca3) mem 0x8001398b 0xa0
core   0: 0x80002d4c (0x02c19403) lh      s0, 44(gp)
core   0: 3 0x80002d4c (0x02c19403) x 8 0x000043e3 mem 0x80013a7e
core   0: 0x80002d50 (0x0034c403) lbu     s0, 3(s1)
core   0: 3 0x80002d50 (0x0034c403) x 8 0x00000082 mem 0x8001306f
core   0: 0x80002d54 (0x0b549a23) sh      s5, 180(s1)
core   0: 3 0x80002d54 (0x0b549a23) mem 0x80013120 0x2820
core   0: 0x80002d58 (0xff670a03) lb      s4, -10(a4)
core   0: 3 0x80002d58 (0xff670a03) x20 0x0000002c mem 0x800137ed
core   0: 0x80002d5c (0xff570f03) lb      t5, -11(a4)
core   0: 3 0x80002d5c (0xff570f03) x30 0x00000054 mem 0x800137ec
core   0: 0x80002d60 (0x09a19003) lh      zero, 154(gp)
core   0: 3 0x80002d60 (0x09a19003) mem 0x80013aec
core   0: 0x80002d64 (0x01abae83) lw      t4, 26(s7)
core   0: 3 0x80002d64 (0x01abae83) x29 0x41862d78 mem 0x800133d4
core   0: 0x80002d68 (0xfec70f23) sb      a2, -2(a4)
core   0: 3 0x80002d68 (0xfec70f23) mem 0x800137f5 0xfd
core   0: 0x80002d6c (0x0f64c083) lbu     ra, 246(s1)
core   0: 3 0x80002d6c (0x0f64c083) x 1 0x000000a7 mem 0x80013162
core   0: 0x80002d70 (0xf8718ba3) sb      t2, -105(gp)
core   0: 3 0x80002d70 (0xf8718ba3) mem 0x800139e9 0x3
core   0: 0x80002d74 (0xffd00293) li      t0, -3
core   0: 3 0x80002d74 (0xffd00293) x 5 0xfffffffd
core   0: 0x80002d78 (0xd0c7f9b7) lui     s3, 0xd0c7f
core   0: 3 0x80002d78 (0xd0c7f9b7) x19 0xd0c7f000
core   0: 0x80002d7c (0x00000013) nop
core   0: 3 0x80002d7c (0x00000013)
core   0: 0x80002d80 (0x01100213) li      tp, 17
core   0: 3 0x80002d80 (0x01100213) x 4 0x00000011
core   0: 0x80002d84 (0x0ff0000f) fence   iorw,iorw
core   0: 3 0x80002d84 (0x0ff0000f)
core   0: 0x80002d88 (0x0f294313) xori    t1, s2, 242
core   0: 3 0x80002d88 (0x0f294313) x 6 0x00000455
core   0: 0x80002d8c (0x00373933) sltu    s2, a4, gp
core   0: 3 0x80002d8c (0x00373933) x18 0x00000001
core   0: 0x80002d90 (0x00528293) addi    t0, t0, 5
core   0: 3 0x80002d90 (0x00528293) x 5 0x00000002
core   0: 0x80002d94 (0xff600593) li      a1, -10
core   0: 3 0x80002d94 (0xff600593) x11 0xfffffff6
core   0: 0x80002d98 (0x00600e93) li      t4, 6
core   0: 3 0x80002d98 (0x00600e93) x29 0x00000006
core   0: 0x80002d9c (0x01776f33) or      t5, a4, s7
core   0: 3 0x80002d9c (0x01776f33) x30 0x800137ff
core   0: 0x80002da0 (0x410603b3) sub     t2, a2, a6
core   0: 3 0x80002da0 (0x410603b3) x 7 0xfffedefd
core   0: 0x80002da4 (0x013bf133) and     sp, s7, s3
core   0: 3 0x80002da4 (0x013bf133) x 2 0x80013000
core   0: 0x80002da8 (0x00658593) addi    a1, a1, 6
core   0: 3 0x80002da8 (0x00658593) x11 0xfffffffc
core   0: 0x80002dac (0x41e8df13) srai    t5, a7, 30
core   0: 3 0x80002dac (0x41e8df13) x30 0xfffffffe
core   0: 0x80002db0 (0x171e0493) addi    s1, t3, 369
core   0: 3 0x80002db0 (0x171e0493) x 9 0x80002ded
core   0: 0x80002db4 (0xffd5e8e3) bltu    a1, t4, pc - 16
core   0: 3 0x80002db4 (0xffd5e8e3)
core   0: 0x80002db8 (0x014acfb3) xor     t6, s5, s4
core   0: 3 0x80002db8 (0x014acfb3) x31 0x8000280c
core   0: 0x80002dbc (0xfc4286e3) beq     t0, tp, pc - 52
core   0: 3 0x80002dbc (0xfc4286e3)
core   0: 0x80002dc0 (0x3d00ae13) slti    t3, ra, 976
core   0: 3 0x80002dc0 (0x3d00ae13) x28 0x00000001
core   0: 0x80002dc4 (0x01be60b3) or      ra, t3, s11
core   0: 3 0x80002dc4 (0x01be60b3) x 1 0x000000cd
core   0: 0x80002dc8 (0x01296e63) bltu    s2, s2, pc + 28
core   0: 3 0x80002dc8 (0x01296e63)
core   0: 0x80002dcc (0x00ba1d13) slli    s10, s4, 11
core   0: 3 0x80002dcc (0x00ba1d13) x26 0x00016000
core   0: 0x80002dd0 (0x01d69a63) bne     a3, t4, pc + 20
core   0: 3 0x80002dd0 (0x01d69a63)
core   0: 0x80002de4 (0x006ad633) srl     a2, s5, t1
core   0: 3 0x80002de4 (0x006ad633) x12 0x00000400
core   0: 0x80002de8 (0x0915e863) bltu    a1, a7, pc + 144
core   0: 3 0x80002de8 (0x0915e863)
core   0: 0x80002dec (0x82bcf0b7) lui     ra, 0x82bcf
core   0: 3 0x80002dec (0x82bcf0b7) x 1 0x82bcf000
core   0: 0x80002df0 (0x41c906b3) sub     a3, s2, t3
core   0: 3 0x80002df0 (0x41c906b3) x13 0x00000000
core   0: 0x80002df4 (0xbe6cc493) xori    s1, s9, -1050
core   0: 3 0x80002df4 (0xbe6cc493) x 9 0xfffffbed
core   0: 0x80002df8 (0x00dcfd33) and     s10, s9, a3
core   0: 3 0x80002df8 (0x00dcfd33) x26 0x00000000
core   0: 0x80002dfc (0x665029b7) lui     s3, 0x66502
core   0: 3 0x80002dfc (0x665029b7) x19 0x66502000
core   0: 0x80002e00 (0x0013c133) xor     sp, t2, ra
core   0: 3 0x80002e00 (0x0013c133) x 2 0x7d422efd
core   0: 0x80002e04 (0x00f54133) xor     sp, a0, a5
core   0: 3 0x80002e04 (0x00f54133) x 2 0x0002a2e8
core   0: 0x80002e08 (0x16f0e313) ori     t1, ra, 367
core   0: 3 0x80002e08 (0x16f0e313) x 6 0x82bcf16f
core   0: 0x80002e0c (0x0000100f) fence.i
core   0: 3 0x80002e0c (0x0000100f)
core   0: 0x80002e10 (0xc73dae13) slti    t3, s11, -909
core   0: 3 0x80002e10 (0xc73dae13) x28 0x00000000
core   0: 0x80002e14 (0x3eb03c93) sltiu   s9, zero, 1003
core   0: 3 0x80002e14 (0x3eb03c93) x25 0x00000001
core   0: 0x80002e18 (0x00011b17) auipc   s6, 0x11
core   0: 3 0x80002e18 (0x00011b17) x22 0x80013e18
core   0: 0x80002e1c (0x833b0b13) addi    s6, s6, -1997
core   0: 3 0x80002e1c (0x833b0b13) x22 0x8001364b
core   0: 0x80002e20 (0xfbbb0a83) lb      s5, -69(s6)
core   0: 3 0x80002e20 (0xfbbb0a83) x21 0x0000005c mem 0x80013606
core   0: 0x80002e24 (0x0fab26a3) sw      s10, 237(s6)
core   0: 3 0x80002e24 (0x0fab26a3) mem 0x80013738 0x00000000
core   0: 0x80002e28 (0x0001cd17) auipc   s10, 0x1c
core   0: 3 0x80002e28 (0x0001cd17) x26 0x8001ee28
core   0: 0x80002e2c (0xe80d0d13) addi    s10, s10, -384
core   0: 3 0x80002e2c (0xe80d0d13) x26 0x8001eca8
core   0: 0x80002e30 (0xf5db1a03) lh      s4, -163(s6)
core   0: 3 0x80002e30 (0xf5db1a03) x20 0x00000000 mem 0x800135a8
core   0: 0x80002e34 (0x005d04a3) sb      t0, 9(s10)
core   0: 3 0x80002e34 (0x005d04a3) mem 0x8001ecb1 0x2
core   0: 0x80002e38 (0x041b0523) sb      ra, 74(s6)
core   0: 3 0x80002e38 (0x041b0523) mem 0x80013695 0x0
core   0: 0x80002e3c (0xffad4483) lbu     s1, -6(s10)
core   0: 3 0x80002e3c (0xffad4483) x 9 0x0000000c mem 0x8001eca2
core   0: 0x80002e40 (0x004d0b83) lb      s7, 4(s10)
core   0: 3 0x80002e40 (0x004d0b83) x23 0x00000068 mem 0x8001ecac
core   0: 0x80002e44 (0xf8eb07a3) sb      a4, -113(s6)
core   0: 3 0x80002e44 (0xf8eb07a3) mem 0x800135da 0xf7
core   0: 0x80002e48 (0x01dd0723) sb      t4, 14(s10)
core   0: 3 0x80002e48 (0x01dd0723) mem 0x8001ecb6 0x6
core   0: 0x80002e4c (0xfbcb0123) sb      t3, -94(s6)
core   0: 3 0x80002e4c (0xfbcb0123) mem 0x800135ed 0x0
core   0: 0x80002e50 (0x00dd4303) lbu     t1, 13(s10)
core   0: 3 0x80002e50 (0x00dd4303) x 6 0x0000002a mem 0x8001ecb5
core   0: 0x80002e54 (0xffdd4383) lbu     t2, -3(s10)
core   0: 3 0x80002e54 (0xffdd4383) x 7 0x0000000e mem 0x8001eca5
core   0: 0x80002e58 (0xf52b4403) lbu     s0, -174(s6)
core   0: 3 0x80002e58 (0xf52b4403) x 8 0x000000ba mem 0x8001359d
core   0: 0x80002e5c (0xff2d5c03) lhu     s8, -14(s10)
core   0: 3 0x80002e5c (0xff2d5c03) x24 0x0000e6a0 mem 0x8001ec9a
core   0: 0x80002e60 (0x005b0b83) lb      s7, 5(s6)
core   0: 3 0x80002e60 (0x005b0b83) x23 0xffffffb1 mem 0x80013650
core   0: 0x80002e64 (0x00ac6e63) bltu    s8, a0, pc + 28
core   0: 3 0x80002e64 (0x00ac6e63)
core   0: 0x80002e80 (0x00000013) nop
core   0: 3 0x80002e80 (0x00000013)
core   0: 0x80002e84 (0x046a0063) beq     s4, t1, pc + 64
core   0: 3 0x80002e84 (0x046a0063)
core   0: 0x80002e88 (0x00c0fc33) and     s8, ra, a2
core   0: 3 0x80002e88 (0x00c0fc33) x24 0x00000000
core   0: 0x80002e8c (0x00782b33) slt     s6, a6, t2
core   0: 3 0x80002e8c (0x00782b33) x22 0x00000001
core   0: 0x80002e90 (0x0033c933) xor     s2, t2, gp
core   0: 3 0x80002e90 (0x0033c933) x18 0x80013a5c
core   0: 0x80002e94 (0x407c8933) sub     s2, s9, t2
core   0: 3 0x80002e94 (0x407c8933) x18 0xfffffff3
core   0: 0x80002e98 (0x8a9c6237) lui     tp, 0x8a9c6
core   0: 3 0x80002e98 (0x8a9c6237) x 4 0x8a9c6000
core   0: 0x80002e9c (0xef880917) auipc   s2, 0xef880
core   0: 3 0x80002e9c (0xef880917) x18 0x6f882e9c
core   0: 0x80002ea0 (0x0ff0000f) fence   iorw,iorw
core   0: 3 0x80002ea0 (0x0ff0000f)
core   0: 0x80002ea4 (0x41f5d693) srai    a3, a1, 31
core   0: 3 0x80002ea4 (0x41f5d693) x13 0xffffffff
core   0: 0x80002ea8 (0x00d00463) beq     zero, a3, pc + 8
core   0: 3 0x80002ea8 (0x00d00463)
core   0: 0x80002eac (0x0000100f) fence.i
core   0: 3 0x80002eac (0x0000100f)
core   0: 0x80002eb0 (0x0ff0000f) fence   iorw,iorw
core   0: 3 0x80002eb0 (0x0ff0000f)
core   0: 0x80002eb4 (0x01c1f0b3) and     ra, gp, t3
core   0: 3 0x80002eb4 (0x01c1f0b3) x 1 0x00000000
core   0: 0x80002eb8 (0x0ff0000f) fence   iorw,iorw
core   0: 3 0x80002eb8 (0x0ff0000f)
core   0: 0x80002ebc (0x01673bb3) sltu    s7, a4, s6
core   0: 3 0x80002ebc (0x01673bb3) x23 0x00000000
core   0: 0x80002ec0 (0x00000013) nop
core   0: 3 0x80002ec0 (0x00000013)
core   0: 0x80002ec4 (0x01c9dd13) srli    s10, s3, 28
core   0: 3 0x80002ec4 (0x01c9dd13) x26 0x00000006
core   0: 0x80002ec8 (0x01026863) bltu    tp, a6, pc + 16
core   0: 3 0x80002ec8 (0x01026863)
core   0: 0x80002ecc (0x007deab3) or      s5, s11, t2
core   0: 3 0x80002ecc (0x007deab3) x21 0x000000ce
core   0: 0x80002ed0 (0x40c9da13) srai    s4, s3, 12
core   0: 3 0x80002ed0 (0x40c9da13) x20 0x00066502
core   0: 0x80002ed4 (0x00f4d433) srl     s0, s1, a5
core   0: 3 0x80002ed4 (0x00f4d433) x 8 0x00000000
core   0: 0x80002ed8 (0x00000013) nop
core   0: 3 0x80002ed8 (0x00000013)
core   0: 0x80002edc (0x0372c663) blt     t0, s7, pc + 44
core   0: 3 0x80002edc (0x0372c663)
core   0: 0x80002ee0 (0x04256663) bltu    a0, sp, pc + 76
core   0: 3 0x80002ee0 (0x04256663)
core   0: 0x80002ee4 (0x00bcdb93) srli    s7, s9, 11
core   0: 3 0x80002ee4 (0x00bcdb93) x23 0x00000000
core   0: 0x80002ee8 (0xbbbee993) ori     s3, t4, -1093
core   0: 3 0x80002ee8 (0xbbbee993) x19 0xfffffbbf
core   0: 0x80002eec (0x017780b3) add     ra, a5, s7
core   0: 3 0x80002eec (0x017780b3) x 1 0x80028e48
core   0: 0x80002ef0 (0x0178cc33) xor     s8, a7, s7
core   0: 3 0x80002ef0 (0x0178cc33) x24 0x8002cce4
core   0: 0x80002ef4 (0x0000100f) fence.i
core   0: 3 0x80002ef4 (0x0000100f)
core   0: 0x80002ef8 (0x0000100f) fence.i
core   0: 3 0x80002ef8 (0x0000100f)
core   0: 0x80002efc (0x26173093) sltiu   ra, a4, 609
core   0: 3 0x80002efc (0x26173093) x 1 0x00000000
core   0: 0x80002f00 (0x04e07463) bgeu    zero, a4, pc + 72
core   0: 3 0x80002f00 (0x04e07463)
core   0: 0x80002f04 (0x8ab50e93) addi    t4, a0, -1877
core   0: 3 0x80002f04 (0x8ab50e93) x29 0x8000254b
core   0: 0x80002f08 (0x0000100f) fence.i
core   0: 3 0x80002f08 (0x0000100f)
core   0: 0x80002f0c (0x01aaa133) slt     sp, s5, s10
core   0: 3 0x80002f0c (0x01aaa133) x 2 0x00000000
core   0: 0x80002f10 (0x01ad01b3) add     gp, s10, s10
core   0: 3 0x80002f10 (0x01ad01b3) x 3 0x0000000c
core   0: 0x80002f14 (0x0000100f) fence.i
core   0: 3 0x80002f14 (0x0000100f)
core   0: 0x80002f18 (0x124d3013) sltiu   zero, s10, 292
core   0: 3 0x80002f18 (0x124d3013)
core   0: 0x80002f1c (0x415ddf13) srai    t5, s11, 21
core   0: 3 0x80002f1c (0x415ddf13) x30 0x00000000
core   0: 0x80002f20 (0x0023b733) sltu    a4, t2, sp
core   0: 3 0x80002f20 (0x0023b733) x14 0x00000000
core   0: 0x80002f24 (0x414cddb3) sra     s11, s9, s4
core   0: 3 0x80002f24 (0x414cddb3) x27 0x00000000
core   0: 0x80002f28 (0x00000013) nop
core   0: 3 0x80002f28 (0x00000013)
core   0: 0x80002f2c (0x00740db3) add     s11, s0, t2
core   0: 3 0x80002f2c (0x00740db3) x27 0x0000000e
core   0: 0x80002f30 (0xc4703f37) lui     t5, 0xc4703
core   0: 3 0x80002f30 (0xc4703f37) x30 0xc4703000
core   0: 0x80002f34 (0x0000100f) fence.i
core   0: 3 0x80002f34 (0x0000100f)
core   0: 0x80002f38 (0x00cec5b3) xor     a1, t4, a2
core   0: 3 0x80002f38 (0x00cec5b3) x11 0x8000214b
core   0: 0x80002f3c (0x041a0863) beq     s4, ra, pc + 80
core   0: 3 0x80002f3c (0x041a0863)
core   0: 0x80002f40 (0x00e209b3) add     s3, tp, a4
core   0: 3 0x80002f40 (0x00e209b3) x19 0x8a9c6000
core   0: 0x80002f44 (0x41dedab3) sra     s5, t4, t4
core   0: 3 0x80002f44 (0x41dedab3) x21 0xfff00004
core   0: 0x80002f48 (0x7a444c93) xori    s9, s0, 1956
core   0: 3 0x80002f48 (0x7a444c93) x25 0x000007a4
core   0: 0x80002f4c (0x01946ab3) or      s5, s0, s9
core   0: 3 0x80002f4c (0x01946ab3) x21 0x000007a4
core   0: 0x80002f50 (0x415bdf93) srai    t6, s7, 21
core   0: 3 0x80002f50 (0x415bdf93) x31 0x00000000
core   0: 0x80002f54 (0x0023aa33) slt     s4, t2, sp
core   0: 3 0x80002f54 (0x0023aa33) x20 0x00000000
core   0: 0x80002f58 (0x01e895b3) sll     a1, a7, t5
core   0: 3 0x80002f58 (0x01e895b3) x11 0x8002cce4
core   0: 0x80002f5c (0x0ff0000f) fence   iorw,iorw
core   0: 3 0x80002f5c (0x0ff0000f)
core   0: 0x80002f60 (0x00abde33) srl     t3, s7, a0
core   0: 3 0x80002f60 (0x00abde33) x28 0x00000000
core   0: 0x80002f64 (0x4079d293) srai    t0, s3, 7
core   0: 3 0x80002f64 (0x4079d293) x 5 0xff1538c0
core   0: 0x80002f68 (0x530b0b93) addi    s7, s6, 1328
core   0: 3 0x80002f68 (0x530b0b93) x23 0x00000531
core   0: 0x80002f6c (0x0307d663) bge     a5, a6, pc + 44
core   0: 3 0x80002f6c (0x0307d663)
core   0: 0x80002f98 (0x00e60533) add     a0, a2, a4
core   0: 3 0x80002f98 (0x00e60533) x10 0x00000400
core   0: 0x80002f9c (0x030e0863) beq     t3, a6, pc + 48
core   0: 3 0x80002f9c (0x030e0863)
core   0: 0x80002fa0 (0x00a29d13) slli    s10, t0, 10
core   0: 3 0x80002fa0 (0x00a29d13) x26 0x54e30000
core   0: 0x80002fa4 (0x40c35093) srai    ra, t1, 12
core   0: 3 0x80002fa4 (0x40c35093) x 1 0x00000000
core   0: 0x80002fa8 (0x00805a13) srli    s4, zero, 8
core   0: 3 0x80002fa8 (0x00805a13) x20 0x00000000
core   0: 0x80002fac (0x00000013) nop
core   0: 3 0x80002fac (0x00000013)
core   0: 0x80002fb0 (0x0000100f) fence.i
core   0: 3 0x80002fb0 (0x0000100f)
core   0: 0x80002fb4 (0xb832ed93) ori     s11, t0, -1149
core   0: 3 0x80002fb4 (0xb832ed93) x27 0xfffffbc3
core   0: 0x80002fb8 (0xee65fe13) andi    t3, a1, -282
core   0: 3 0x80002fb8 (0xee65fe13) x28 0x8002cce4
core   0: 0x80002fbc (0x03e97063) bgeu    s2, t5, pc + 32
core   0: 3 0x80002fbc (0x03e97063)
core   0: 0x80002fc0 (0x40fc5b33) sra     s6, s8, a5
core   0: 3 0x80002fc0 (0x40fc5b33) x22 0xff8002cc
core   0: 0x80002fc4 (0x015e9033) sll     zero, t4, s5
core   0: 3 0x80002fc4 (0x015e9033)
core   0: 0x80002fc8 (0x0487e863) bltu    a5, s0, pc + 80
core   0: 3 0x80002fc8 (0x0487e863)
core   0: 0x80002fcc (0x4104db33) sra     s6, s1, a6
core   0: 3 0x80002fcc (0x4104db33) x22 0x0000000c
core   0: 0x80002fd0 (0x035c8263) beq     s9, s5, pc + 36
core   0: 3 0x80002fd0 (0x035c8263)
core   0: 0x80002ff4 (0x0380cc63) blt     ra, s8, pc + 56
core   0: 3 0x80002ff4 (0x0380cc63)
core   0: 0x80002ff8 (0x01427d33) and     s10, tp, s4
core   0: 3 0x80002ff8 (0x01427d33) x26 0x00000000
core   0: 0x80002ffc (0xc6634f93) xori    t6, t1, -922
core   0: 3 0x80002ffc (0xc6634f93) x31 0xfffffc4c
core   0: 0x80003000 (0x0015c633) xor     a2, a1, ra
core   0: 3 0x80003000 (0x0015c633) x12 0x8002cce4
core   0: 0x80003004 (0x00952033) slt     zero, a0, s1
core   0: 3 0x80003004 (0x00952033)
core   0: 0x80003008 (0x1b142193) slti    gp, s0, 433
core   0: 3 0x80003008 (0x1b142193) x 3 0x00000001
core   0: 0x8000300c (0x02e06463) bltu    zero, a4, pc + 40
core   0: 3 0x8000300c (0x02e06463)
core   0: 0x80003010 (0x002ab4b3) sltu    s1, s5, sp
core   0: 3 0x80003010 (0x002ab4b3) x 9 0x00000000
core   0: 0x80003014 (0x41e05c33) sra     s8, zero, t5
core   0: 3 0x80003014 (0x41e05c33) x24 0x00000000
core   0: 0x80003018 (0x00f67eb3) and     t4, a2, a5
core   0: 3 0x80003018 (0x00f67eb3) x29 0x80028c40
core   0: 0x8000301c (0x2e3f1e17) auipc   t3, 0x2e3f1
core   0: 3 0x8000301c (0x2e3f1e17) x28 0xae3f401c
core   0: 0x80003020 (0x02656c63) bltu    a0, t1, pc + 56
core   0: 3 0x80003020 (0x02656c63)
core   0: 0x80003024 (0x00c27133) and     sp, tp, a2
core   0: 3 0x80003024 (0x00c27133) x 2 0x80004000
core   0: 0x80003028 (0x0ff0000f) fence   iorw,iorw
core   0: 3 0x80003028 (0x0ff0000f)
core   0: 0x8000302c (0x02e76463) bltu    a4, a4, pc + 40
core   0: 3 0x8000302c (0x02e76463)
core   0: 0x80003030 (0x0ff0000f) fence   iorw,iorw
core   0: 3 0x80003030 (0x0ff0000f)
core   0: 0x80003034 (0x40c45cb3) sra     s9, s0, a2
core   0: 3 0x80003034 (0x40c45cb3) x25 0x00000000
core   0: 0x80003038 (0x00a886b3) add     a3, a7, a0
core   0: 3 0x80003038 (0x00a886b3) x13 0x8002d0e4
core   0: 0x8000303c (0x1899ca13) xori    s4, s3, 393
core   0: 3 0x8000303c (0x1899ca13) x20 0x8a9c6189
core   0: 0x80003040 (0x00000013) nop
core   0: 3 0x80003040 (0x00000013)
core   0: 0x80003044 (0x0ff0000f) fence   iorw,iorw
core   0: 3 0x80003044 (0x0ff0000f)
core   0: 0x80003048 (0x025a8063) beq     s5, t0, pc + 32
core   0: 3 0x80003048 (0x025a8063)
core   0: 0x8000304c (0x0093d0b3) srl     ra, t2, s1
core   0: 3 0x8000304c (0x0093d0b3) x 1 0x0000000e
core   0: 0x80003050 (0x9e3385b7) lui     a1, 0x9e338
core   0: 3 0x80003050 (0x9e3385b7) x11 0x9e338000
core   0: 0x80003054 (0x02c70663) beq     a4, a2, pc + 44
core   0: 3 0x80003054 (0x02c70663)
core   0: 0x80003058 (0x0ff0000f) fence   iorw,iorw
core   0: 3 0x80003058 (0x0ff0000f)
core   0: 0x8000305c (0x0d3610b7) lui     ra, 0xd361
core   0: 3 0x8000305c (0x0d3610b7) x 1 0x0d361000
core   0: 0x80003060 (0x0178feb3) and     t4, a7, s7
core   0: 3 0x80003060 (0x0178feb3) x29 0x00000420
core   0: 0x80003064 (0x0ff0000f) fence   iorw,iorw
core   0: 3 0x80003064 (0x0ff0000f)
core   0: 0x80003068 (0x061a2117) auipc   sp, 0x61a2
core   0: 3 0x80003068 (0x061a2117) x 2 0x861a5068
core   0: 0x8000306c (0x0000100f) fence.i
core   0: 3 0x8000306c (0x0000100f)
core   0: 0x80003070 (0x41235233) sra     tp, t1, s2
core   0: 3 0x80003070 (0x41235233) x 4 0x00000000
core   0: 0x80003074 (0x40445633) sra     a2, s0, tp
core   0: 3 0x80003074 (0x40445633) x12 0x00000000
core   0: 0x80003078 (0x049fd063) bge     t6, s1, pc + 64
core   0: 3 0x80003078 (0x049fd063)
core   0: 0x8000307c (0x41a35a33) sra     s4, t1, s10
core   0: 3 0x8000307c (0x41a35a33) x20 0x0000002a
core   0: 0x80003080 (0x0ff0000f) fence   iorw,iorw
core   0: 3 0x80003080 (0x0ff0000f)
core   0: 0x80003084 (0x01495593) srli    a1, s2, 20
core   0: 3 0x80003084 (0x01495593) x11 0x000006f8
core   0: 0x80003088 (0x00000013) nop
core   0: 3 0x80003088 (0x00000013)
core   0: 0x8000308c (0x00151f33) sll     t5, a0, ra
core   0: 3 0x8000308c (0x00151f33) x30 0x00000400
core   0: 0x80003090 (0x0ff0000f) fence   iorw,iorw
core   0: 3 0x80003090 (0x0ff0000f)
core   0: 0x80003094 (0x016fa033) slt     zero, t6, s6
core   0: 3 0x80003094 (0x016fa033)
core   0: 0x80003098 (0x4117dc93) srai    s9, a5, 17
core   0: 3 0x80003098 (0x4117dc93) x25 0xffffc001
core   0: 0x8000309c (0x00000013) nop
core   0: 3 0x8000309c (0x00000013)
core   0: 0x800030a0 (0x023f0e63) beq     t5, gp, pc + 60
core   0: 3 0x800030a0 (0x023f0e63)
core   0: 0x800030a4 (0x02cd9063) bne     s11, a2, pc + 32
core   0: 3 0x800030a4 (0x02cd9063)
core   0: 0x800030c4 (0x0496d463) bge     a3, s1, pc + 72
core   0: 3 0x800030c4 (0x0496d463)
core   0: 0x800030c8 (0x00000013) nop
core   0: 3 0x800030c8 (0x00000013)
core   0: 0x800030cc (0x40425593) srai    a1, tp, 4
core   0: 3 0x800030cc (0x40425593) x11 0x00000000
core   0: 0x800030d0 (0x03f15663) bge     sp, t6, pc + 44
core   0: 3 0x800030d0 (0x03f15663)
core   0: 0x800030d4 (0x00227cb3) and     s9, tp, sp
core   0: 3 0x800030d4 (0x00227cb3) x25 0x00000000
core   0: 0x800030d8 (0x74c66c93) ori     s9, a2, 1868
core   0: 3 0x800030d8 (0x74c66c93) x25 0x0000074c
core   0: 0x800030dc (0x418d8e93) addi    t4, s11, 1048
core   0: 3 0x800030dc (0x418d8e93) x29 0xffffffdb
core   0: 0x800030e0 (0x04a41263) bne     s0, a0, pc + 68
core   0: 3 0x800030e0 (0x04a41263)
core   0: 0x80003124 (0xc90f4b13) xori    s6, t5, -880
core   0: 3 0x80003124 (0xc90f4b13) x22 0xfffff890
core   0: 0x80003128 (0x412a0eb3) sub     t4, s4, s2
core   0: 3 0x80003128 (0x412a0eb3) x29 0x9077d18e
core   0: 0x8000312c (0x01a45393) srli    t2, s0, 26
core   0: 3 0x8000312c (0x01a45393) x 7 0x00000000
core   0: 0x80003130 (0xe889b097) auipc   ra, 0xe889b
core   0: 3 0x80003130 (0xe889b097) x 1 0x6889e130
core   0: 0x80003134 (0x02125463) bge     tp, ra, pc + 40
core   0: 3 0x80003134 (0x02125463)
core   0: 0x80003138 (0x1410fd13) andi    s10, ra, 321
core   0: 3 0x80003138 (0x1410fd13) x26 0x00000100
core   0: 0x8000313c (0x1f134f37) lui     t5, 0x1f134
core   0: 3 0x8000313c (0x1f134f37) x30 0x1f134000
core   0: 0x80003140 (0x400d8ab3) sub     s5, s11, zero
core   0: 3 0x80003140 (0x400d8ab3) x21 0xfffffbc3
core   0: 0x80003144 (0xcbec2397) auipc   t2, 0xcbec2
core   0: 3 0x80003144 (0xcbec2397) x 7 0x4bec5144
core   0: 0x80003148 (0x019519b3) sll     s3, a0, s9
core   0: 3 0x80003148 (0x019519b3) x19 0x00400000
core   0: 0x8000314c (0xe7793993) sltiu   s3, s2, -393
core   0: 3 0x8000314c (0xe7793993) x19 0x00000001
core   0: 0x80003150 (0x3470bf97) auipc   t6, 0x3470b
core   0: 3 0x80003150 (0x3470bf97) x31 0xb470e150
core   0: 0x80003154 (0xf6a84f13) xori    t5, a6, -150
core   0: 3 0x80003154 (0xf6a84f13) x30 0x7fffff6a
core   0: 0x80003158 (0x00f03533) snez    a0, a5
core   0: 3 0x80003158 (0x00f03533) x10 0x00000001
core   0: 0x8000315c (0x05767863) bgeu    a2, s7, pc + 80
core   0: 3 0x8000315c (0x05767863)
core   0: 0x80003160 (0x0053d213) srli    tp, t2, 5
core   0: 3 0x80003160 (0x0053d213) x 4 0x025f628a
core   0: 0x80003164 (0x01fa5eb3) srl     t4, s4, t6
core   0: 3 0x80003164 (0x01fa5eb3) x29 0x00000000
core   0: 0x80003168 (0x016d7f33) and     t5, s10, s6
core   0: 3 0x80003168 (0x016d7f33) x30 0x00000000
core   0: 0x8000316c (0x4b668f93) addi    t6, a3, 1206
core   0: 3 0x8000316c (0x4b668f93) x31 0x8002d59a
core   0: 0x80003170 (0xae0c5c17) auipc   s8, 0xae0c5
core   0: 3 0x80003170 (0xae0c5c17) x24 0x2e0c8170
core   0: 0x80003174 (0x000d8463) beqz    s11, pc + 8
core   0: 3 0x80003174 (0x000d8463)
core   0: 0x80003178 (0x0ff0000f) fence   iorw,iorw
core   0: 3 0x80003178 (0x0ff0000f)
core   0: 0x8000317c (0x05909863) bne     ra, s9, pc + 80
core   0: 3 0x8000317c (0x05909863)
core   0: 0x800031cc (0x7c3af193) andi    gp, s5, 1987
core   0: 3 0x800031cc (0x7c3af193) x 3 0x000003c3
core   0: 0x800031d0 (0x41e95f33) sra     t5, s2, t5
core   0: 3 0x800031d0 (0x41e95f33) x30 0x6f882e9c
core   0: 0x800031d4 (0x00e2dc33) srl     s8, t0, a4
core   0: 3 0x800031d4 (0x00e2dc33) x24 0xff1538c0
core   0: 0x800031d8 (0x7232bc13) sltiu   s8, t0, 1827
core   0: 3 0x800031d8 (0x7232bc13) x24 0x00000000
core   0: 0x800031dc (0x00381433) sll     s0, a6, gp
core   0: 3 0x800031dc (0x00381433) x 8 0x00000000
core   0: 0x800031e0 (0x0104edb3) or      s11, s1, a6
core   0: 3 0x800031e0 (0x0104edb3) x27 0x80000000
core   0: 0x800031e4 (0x6858ee93) ori     t4, a7, 1669
core   0: 3 0x800031e4 (0x6858ee93) x29 0x8002cee5
core   0: 0x800031e8 (0x84b37013) andi    zero, t1, -1973
core   0: 3 0x800031e8 (0x84b37013)
core   0: 0x800031ec (0xc6427093) andi    ra, tp, -924
core   0: 3 0x800031ec (0xc6427093) x 1 0x025f6000
core   0: 0x800031f0 (0x4042dd13) srai    s10, t0, 4
core   0: 3 0x800031f0 (0x4042dd13) x26 0xfff1538c
core   0: 0x800031f4 (0x73c9c913) xori    s2, s3, 1852
core   0: 3 0x800031f4 (0x73c9c913) x18 0x0000073d
core   0: 0x800031f8 (0x067aea63) bltu    s5, t2, pc + 116
core   0: 3 0x800031f8 (0x067aea63)
core   0: 0x800031fc (0x07fc6a63) bltu    s8, t6, pc + 116
core   0: 3 0x800031fc (0x07fc6a63)
core   0: 0x80003270 (0xf6110113) addi    sp, sp, -159
core   0: 3 0x80003270 (0xf6110113) x 2 0x861a4fc9
core   0: 0x80003274 (0x0064ec33) or      s8, s1, t1
core   0: 3 0x80003274 (0x0064ec33) x24 0x0000002a
core   0: 0x80003278 (0x4178d9b3) sra     s3, a7, s7
core   0: 3 0x80003278 (0x4178d9b3) x19 0xffffc001
core   0: 0x8000327c (0x00f010b3) sll     ra, zero, a5
core   0: 3 0x8000327c (0x00f010b3) x 1 0x00000000
core   0: 0x80003280 (0xd7086697) auipc   a3, 0xd7086
core   0: 3 0x80003280 (0xd7086697) x13 0x57089280
core   0: 0x80003284 (0x0f937063) bgeu    t1, s9, pc + 224
core   0: 3 0x80003284 (0x0f937063)
core   0: 0x80003288 (0x00fd74b3) and     s1, s10, a5
core   0: 3 0x80003288 (0x00fd74b3) x 9 0x80000208
core   0: 0x8000328c (0x01df7133) and     sp, t5, t4
core   0: 3 0x8000328c (0x01df7133) x 2 0x00000e84
core   0: 0x80003290 (0x0dc5ee63) bltu    a1, t3, pc + 220
core   0: 3 0x80003290 (0x0dc5ee63)
core   0: 0x8000336c (0x0ff0000f) fence   iorw,iorw
core   0: 3 0x8000336c (0x0ff0000f)
core   0: 0x80003370 (0x10dcbc93) sltiu   s9, s9, 269
core   0: 3 0x80003370 (0x10dcbc93) x25 0x00000000
core   0: 0x80003374 (0x0ff0000f) fence   iorw,iorw
core   0: 3 0x80003374 (0x0ff0000f)
core   0: 0x80003378 (0x01114c33) xor     s8, sp, a7
core   0: 3 0x80003378 (0x01114c33) x24 0x8002c260
core   0: 0x8000337c (0xf7af8b93) addi    s7, t6, -134
core   0: 3 0x8000337c (0xf7af8b93) x23 0x8002d514
core   0: 0x80003380 (0x65db6a93) ori     s5, s6, 1629
core   0: 3 0x80003380 (0x65db6a93) x21 0xfffffedd
core   0: 0x80003384 (0x00969013) slli    zero, a3, 9
core   0: 3 0x80003384 (0x00969013)
core   0: 0x80003388 (0x008ce533) or      a0, s9, s0
core   0: 3 0x80003388 (0x008ce533) x10 0x00000000
core   0: 0x8000338c (0x01629293) slli    t0, t0, 22
core   0: 3 0x8000338c (0x01629293) x 5 0x30000000
core   0: 0x80003390 (0x8356e493) ori     s1, a3, -1995
core   0: 3 0x80003390 (0x8356e493) x 9 0xfffffab5
core   0: 0x80003394 (0xd07f5a17) auipc   s4, 0xd07f5
core   0: 3 0x80003394 (0xd07f5a17) x20 0x507f8394
core   0: 0x80003398 (0xb4b1a913) slti    s2, gp, -1205
core   0: 3 0x80003398 (0xb4b1a913) x18 0x00000000
core   0: 0x8000339c (0x0152c033) xor     zero, t0, s5
core   0: 3 0x8000339c (0x0152c033)
core   0: 0x800033a0 (0x040ae063) bltu    s5, zero, pc + 64
core   0: 3 0x800033a0 (0x040ae063)
core   0: 0x800033a4 (0x40a052b3) sra     t0, zero, a0
core   0: 3 0x800033a4 (0x40a052b3) x 5 0x00000000
core   0: 0x800033a8 (0x4c66ee93) ori     t4, a3, 1222
core   0: 3 0x800033a8 (0x4c66ee93) x29 0x570896c6
core   0: 0x800033ac (0x01555233) srl     tp, a0, s5
core   0: 3 0x800033ac (0x01555233) x 4 0x00000000
core   0: 0x800033b0 (0x0ff0000f) fence   iorw,iorw
core   0: 3 0x800033b0 (0x0ff0000f)
core   0: 0x800033b4 (0x0000100f) fence.i
core   0: 3 0x800033b4 (0x0000100f)
core   0: 0x800033b8 (0x08068d17) auipc   s10, 0x8068
core   0: 3 0x800033b8 (0x08068d17) x26 0x8806b3b8
core   0: 0x800033bc (0xae54c0b7) lui     ra, 0xae54c
core   0: 3 0x800033bc (0xae54c0b7) x 1 0xae54c000
core   0: 0x800033c0 (0x40c75b13) srai    s6, a4, 12
core   0: 3 0x800033c0 (0x40c75b13) x22 0x00000000
core   0: 0x800033c4 (0x77c50a13) addi    s4, a0, 1916
core   0: 3 0x800033c4 (0x77c50a13) x20 0x0000077c
core   0: 0x800033c8 (0x00000013) nop
core   0: 3 0x800033c8 (0x00000013)
core   0: 0x800033cc (0x03876c63) bltu    a4, s8, pc + 56
core   0: 3 0x800033cc (0x03876c63)
core   0: 0x80003404 (0x011d8633) add     a2, s11, a7
core   0: 3 0x80003404 (0x011d8633) x12 0x0002cce4
core   0: 0x80003408 (0x4002dfb3) sra     t6, t0, zero
core   0: 3 0x80003408 (0x4002dfb3) x31 0x00000000
core   0: 0x8000340c (0x0000100f) fence.i
core   0: 3 0x8000340c (0x0000100f)
core   0: 0x80003410 (0x41855a13) srai    s4, a0, 24
core   0: 3 0x80003410 (0x41855a13) x20 0x00000000
core   0: 0x80003414 (0x01a69c33) sll     s8, a3, s10
core   0: 3 0x80003414 (0x01a69c33) x24 0x80000000
core   0: 0x80003418 (0x03cc5263) bge     s8, t3, pc + 36
core   0: 3 0x80003418 (0x03cc5263)
core   0: 0x8000341c (0x001b7333) and     t1, s6, ra
core   0: 3 0x8000341c (0x001b7333) x 6 0x00000000
core   0: 0x80003420 (0x743c4017) auipc   zero, 0x743c4
core   0: 3 0x80003420 (0x743c4017)
core   0: 0x80003424 (0x0211d663) bge     gp, ra, pc + 44
core   0: 3 0x80003424 (0x0211d663)
core   0: 0x80003450 (0x0024fe63) bgeu    s1, sp, pc + 28
core   0: 3 0x80003450 (0x0024fe63)
core   0: 0x8000346c (0x0000100f) fence.i
core   0: 3 0x8000346c (0x0000100f)
core   0: 0x80003470 (0x015b5b93) srli    s7, s6, 21
core   0: 3 0x80003470 (0x015b5b93) x23 0x00000000
core   0: 0x80003474 (0x01bad613) srli    a2, s5, 27
core   0: 3 0x80003474 (0x01bad613) x12 0x0000001f
core   0: 0x80003478 (0x01b84c33) xor     s8, a6, s11
core   0: 3 0x80003478 (0x01b84c33) x24 0x00000000
core   0: 0x8000347c (0x01b35a63) bge     t1, s11, pc + 20
core   0: 3 0x8000347c (0x01b35a63)
core   0: 0x80003490 (0x0012cab3) xor     s5, t0, ra
core   0: 3 0x80003490 (0x0012cab3) x21 0xae54c000
core   0: 0x80003494 (0x0000100f) fence.i
core   0: 3 0x80003494 (0x0000100f)
core   0: 0x80003498 (0x005391b3) sll     gp, t2, t0
core   0: 3 0x80003498 (0x005391b3) x 3 0x4bec5144
core   0: 0x8000349c (0x6349a393) slti    t2, s3, 1588
core   0: 3 0x8000349c (0x6349a393) x 7 0x00000001
core   0: 0x800034a0 (0x034b5063) bge     s6, s4, pc + 32
core   0: 3 0x800034a0 (0x034b5063)
core   0: 0x800034c0 (0x1292d863) bge     t0, s1, pc + 304
core   0: 3 0x800034c0 (0x1292d863)
core   0: 0x800035f0 (0x00ebd5b3) srl     a1, s7, a4
core   0: 3 0x800035f0 (0x00ebd5b3) x11 0x00000000
core   0: 0x800035f4 (0x00eed213) srli    tp, t4, 14
core   0: 3 0x800035f4 (0x00eed213) x 4 0x00015c22
core   0: 0x800035f8 (0x02fbf063) bgeu    s7, a5, pc + 32
core   0: 3 0x800035f8 (0x02fbf063)
core   0: 0x800035fc (0x0ff0000f) fence   iorw,iorw
core   0: 3 0x800035fc (0x0ff0000f)
core   0: 0x80003600 (0x034b9663) bne     s7, s4, pc + 44
core   0: 3 0x80003600 (0x034b9663)
core   0: 0x80003604 (0x00bfa9b3) slt     s3, t6, a1
core   0: 3 0x80003604 (0x00bfa9b3) x19 0x00000000
core   0: 0x80003608 (0x759f0d13) addi    s10, t5, 1881
core   0: 3 0x80003608 (0x759f0d13) x26 0x6f8835f5
core   0: 0x8000360c (0x00000013) nop
core   0: 3 0x8000360c (0x00000013)
core   0: 0x80003610 (0x00000013) nop
core   0: 3 0x80003610 (0x00000013)
core   0: 0x80003614 (0x7be284b7) lui     s1, 0x7be28
core   0: 3 0x80003614 (0x7be284b7) x 9 0x7be28000
core   0: 0x80003618 (0x00da5113) srli    sp, s4, 13
core   0: 3 0x80003618 (0x00da5113) x 2 0x00000000
core   0: 0x8000361c (0x0168f5b3) and     a1, a7, s6
core   0: 3 0x8000361c (0x0168f5b3) x11 0x00000000
core   0: 0x80003620 (0x019fb933) sltu    s2, t6, s9
core   0: 3 0x80003620 (0x019fb933) x18 0x00000000
core   0: 0x80003624 (0x01d58d33) add     s10, a1, t4
core   0: 3 0x80003624 (0x01d58d33) x26 0x570896c6
core   0: 0x80003628 (0x0000100f) fence.i
core   0: 3 0x80003628 (0x0000100f)
core   0: 0x8000362c (0x1694f013) andi    zero, s1, 361
core   0: 3 0x8000362c (0x1694f013)
core   0: 0x80003630 (0x01248863) beq     s1, s2, pc + 16
core   0: 3 0x80003630 (0x01248863)
core   0: 0x80003634 (0x0344ec63) bltu    s1, s4, pc + 56
core   0: 3 0x80003634 (0x0344ec63)
core   0: 0x80003638 (0x018e9393) slli    t2, t4, 24
core   0: 3 0x80003638 (0x018e9393) x 7 0xc6000000
core   0: 0x8000363c (0x4028d133) sra     sp, a7, sp
core   0: 3 0x8000363c (0x4028d133) x 2 0x8002cce4
core   0: 0x80003640 (0x0000100f) fence.i
core   0: 3 0x80003640 (0x0000100f)
core   0: 0x80003644 (0x57613913) sltiu   s2, sp, 1398
core   0: 3 0x80003644 (0x57613913) x18 0x00000000
core   0: 0x80003648 (0xf8b0f993) andi    s3, ra, -117
core   0: 3 0x80003648 (0xf8b0f993) x19 0xae54c000
core   0: 0x8000364c (0x00f28933) add     s2, t0, a5
core   0: 3 0x8000364c (0x00f28933) x18 0x80028e48
core   0: 0x80003650 (0x419ddd13) srai    s10, s11, 25
core   0: 3 0x80003650 (0x419ddd13) x26 0xffffffc0
core   0: 0x80003654 (0x41345193) srai    gp, s0, 19
core   0: 3 0x80003654 (0x41345193) x 3 0x00000000
core   0: 0x80003658 (0x009445b3) xor     a1, s0, s1
core   0: 3 0x80003658 (0x009445b3) x11 0x7be28000
core   0: 0x8000365c (0x00ae64b3) or      s1, t3, a0
core   0: 3 0x8000365c (0x00ae64b3) x 9 0xae3f401c
core   0: 0x80003660 (0x00a85f93) srli    t6, a6, 10
core   0: 3 0x80003660 (0x00a85f93) x31 0x00200000
core   0: 0x80003664 (0xd7bc1397) auipc   t2, 0xd7bc1
core   0: 3 0x80003664 (0xd7bc1397) x 7 0x57bc4664
core   0: 0x80003668 (0x41b3d0b3) sra     ra, t2, s11
core   0: 3 0x80003668 (0x41b3d0b3) x 1 0x57bc4664
core   0: 0x8000366c (0x0ff0000f) fence   iorw,iorw
core   0: 3 0x8000366c (0x0ff0000f)
core   0: 0x80003670 (0xb95d8713) addi    a4, s11, -1131
core   0: 3 0x80003670 (0xb95d8713) x14 0x7ffffb95
core   0: 0x80003674 (0xb3352013) slti    zero, a0, -1229
core   0: 3 0x80003674 (0xb3352013)
core   0: 0x80003678 (0x0ff0000f) fence   iorw,iorw
core   0: 3 0x80003678 (0x0ff0000f)
core   0: 0x8000367c (0x001c7c63) bgeu    s8, ra, pc + 24
core   0: 3 0x8000367c (0x001c7c63)
core   0: 0x80003680 (0x01899293) slli    t0, s3, 24
core   0: 3 0x80003680 (0x01899293) x 5 0x00000000
core   0: 0x80003684 (0x402681b3) sub     gp, a3, sp
core   0: 3 0x80003684 (0x402681b3) x 3 0xd705c59c
core   0: 0x80003688 (0x0000100f) fence.i
core   0: 3 0x80003688 (0x0000100f)
core   0: 0x8000368c (0x143dc193) xori    gp, s11, 323
core   0: 3 0x8000368c (0x143dc193) x 3 0x80000143
core   0: 0x80003690 (0x00000013) nop
core   0: 3 0x80003690 (0x00000013)
core   0: 0x80003694 (0x0000100f) fence.i
core   0: 3 0x80003694 (0x0000100f)
core   0: 0x80003698 (0x01e91b13) slli    s6, s2, 30
core   0: 3 0x80003698 (0x01e91b13) x22 0x00000000
core   0: 0x8000369c (0x41cedfb3) sra     t6, t4, t3
core   0: 3 0x8000369c (0x41cedfb3) x31 0x00000005
core   0: 0x800036a0 (0x4a0f0d97) auipc   s11, 0x4a0f0
core   0: 3 0x800036a0 (0x4a0f0d97) x27 0xca0f36a0
core   0: 0x800036a4 (0x01bd2bb3) slt     s7, s10, s11
core   0: 3 0x800036a4 (0x01bd2bb3) x23 0x00000000
core   0: 0x800036a8 (0x5941c613) xori    a2, gp, 1428
core   0: 3 0x800036a8 (0x5941c613) x12 0x800004d7
core   0: 0x800036ac (0x1baf3293) sltiu   t0, t5, 442
core   0: 3 0x800036ac (0x1baf3293) x 5 0x00000000
core   0: 0x800036b0 (0x0047a983) lw      s3, 4(a5)
core   0: 3 0x800036b0 (0x0047a983) x19 0x800013a4 mem 0x80028e4c
core   0: 0x800036b4 (0xbd4c2a97) auipc   s5, 0xbd4c2
core   0: 3 0x800036b4 (0xbd4c2a97) x21 0x3d4c56b4
core   0: 0x800036b8 (0x403e5a33) sra     s4, t3, gp
core   0: 3 0x800036b8 (0x403e5a33) x20 0xf5c7e803
core   0: 0x800036bc (0x01c78793) addi    a5, a5, 28
core   0: 3 0x800036bc (0x01c78793) x15 0x80028e64
core   0: 0x800036c0 (0x8befaa13) slti    s4, t6, -1858
core   0: 3 0x800036c0 (0x8befaa13) x20 0x00000000
core   0: 0x800036c4 (0x1b4a7013) andi    zero, s4, 436
core   0: 3 0x800036c4 (0x1b4a7013)
core   0: 0x800036c8 (0x00198093) addi    ra, s3, 1
core   0: 3 0x800036c8 (0x00198093) x 1 0x800013a5
core   0: 0x800036cc (0x000080e7) jalr    ra
core   0: 3 0x800036cc (0x000080e7) x 1 0x800036d0
core   0: 0x800013a4 (0x64f2b713) sltiu   a4, t0, 1615
core   0: 3 0x800013a4 (0x64f2b713) x14 0x00000001
core   0: 0x800013a8 (0x00331133) sll     sp, t1, gp
core   0: 3 0x800013a8 (0x00331133) x 2 0x00000000
core   0: 0x800013ac (0x589c6c93) ori     s9, s8, 1417
core   0: 3 0x800013ac (0x589c6c93) x25 0x00000589
core   0: 0x800013b0 (0x0360ca63) blt     ra, s6, pc + 52
core   0: 3 0x800013b0 (0x0360ca63)
core   0: 0x800013e4 (0x4001d3b3) sra     t2, gp, zero
core   0: 3 0x800013e4 (0x4001d3b3) x 7 0x80000143
core   0: 0x800013e8 (0x01ea5a33) srl     s4, s4, t5
core   0: 3 0x800013e8 (0x01ea5a33) x20 0x00000000
core   0: 0x800013ec (0x016e3033) sltu    zero, t3, s6
core   0: 3 0x800013ec (0x016e3033)
core   0: 0x800013f0 (0x01ca5613) srli    a2, s4, 28
core   0: 3 0x800013f0 (0x01ca5613) x12 0x00000000
core   0: 0x800013f4 (0x0ff0000f) fence   iorw,iorw
core   0: 3 0x800013f4 (0x0ff0000f)
core   0: 0x800013f8 (0x0c4fcd37) lui     s10, 0xc4fc
core   0: 3 0x800013f8 (0x0c4fcd37) x26 0x0c4fc000
core   0: 0x800013fc (0xf08fc413) xori    s0, t6, -248
core   0: 3 0x800013fc (0xf08fc413) x 8 0xffffff0d
core   0: 0x80001400 (0x00000013) nop
core   0: 3 0x80001400 (0x00000013)
core   0: 0x80001404 (0x01d39993) slli    s3, t2, 29
core   0: 3 0x80001404 (0x01d39993) x19 0x60000000
core   0: 0x80001408 (0x01345d93) srli    s11, s0, 19
core   0: 3 0x80001408 (0x01345d93) x27 0x00001fff
core   0: 0x8000140c (0xf62f4f93) xori    t6, t5, -158
core   0: 3 0x8000140c (0xf62f4f93) x31 0x9077d1fe
core   0: 0x80001410 (0x00aadb33) srl     s6, s5, a0
core   0: 3 0x80001410 (0x00aadb33) x22 0x3d4c56b4
core   0: 0x80001414 (0xda4de217) auipc   tp, 0xda4de
core   0: 3 0x80001414 (0xda4de217) x 4 0x5a4df414
core   0: 0x80001418 (0x0000100f) fence.i
core   0: 3 0x80001418 (0x0000100f)
core   0: 0x8000141c (0x41385fb3) sra     t6, a6, s3
core   0: 3 0x8000141c (0x41385fb3) x31 0x80000000
core   0: 0x80001420 (0x95b66e93) ori     t4, a2, -1701
core   0: 3 0x80001420 (0x95b66e93) x29 0xfffff95b
core   0: 0x80001424 (0x01fd1993) slli    s3, s10, 31
core   0: 3 0x80001424 (0x01fd1993) x19 0x00000000
core   0: 0x80001428 (0x00f05eb3) srl     t4, zero, a5
core   0: 3 0x80001428 (0x00f05eb3) x29 0x00000000
core   0: 0x8000142c (0x009372b3) and     t0, t1, s1
core   0: 3 0x8000142c (0x009372b3) x 5 0x00000000
core   0: 0x80001430 (0x03364a63) blt     a2, s3, pc + 52
core   0: 3 0x80001430 (0x03364a63)
core   0: 0x80001434 (0x009a54b3) srl     s1, s4, s1
core   0: 3 0x80001434 (0x009a54b3) x 9 0x00000000
core   0: 0x80001438 (0x002f3cb3) sltu    s9, t5, sp
core   0: 3 0x80001438 (0x002f3cb3) x25 0x00000000
core   0: 0x8000143c (0x00b61863) bne     a2, a1, pc + 16
core   0: 3 0x8000143c (0x00b61863)
core   0: 0x8000144c (0x017a5ab3) srl     s5, s4, s7
core   0: 3 0x8000144c (0x017a5ab3) x21 0x00000000
core   0: 0x80001450 (0x4c41b993) sltiu   s3, gp, 1220
core   0: 3 0x80001450 (0x4c41b993) x19 0x00000000
core   0: 0x80001454 (0x01760c63) beq     a2, s7, pc + 24
core   0: 3 0x80001454 (0x01760c63)
core   0: 0x8000146c (0x401552b3) sra     t0, a0, ra
core   0: 3 0x8000146c (0x401552b3) x 5 0x00000000
core   0: 0x80001470 (0x05014063) blt     sp, a6, pc + 64
core   0: 3 0x80001470 (0x05014063)
core   0: 0x80001474 (0x0161dd13) srli    s10, gp, 22
core   0: 3 0x80001474 (0x0161dd13) x26 0x00000200
core   0: 0x80001478 (0x01db5e63) bge     s6, t4, pc + 28
core   0: 3 0x80001478 (0x01db5e63)
core   0: 0x80001494 (0x02677863) bgeu    a4, t1, pc + 48
core   0: 3 0x80001494 (0x02677863)
core   0: 0x800014c4 (0x00000013) nop
core   0: 3 0x800014c4 (0x00000013)
core   0: 0x800014c8 (0x036afa63) bgeu    s5, s6, pc + 52
core   0: 3 0x800014c8 (0x036afa63)
core   0: 0x800014cc (0x2eb6d217) auipc   tp, 0x2eb6d
core   0: 3 0x800014cc (0x2eb6d217) x 4 0xaeb6e4cc
core   0: 0x800014d0 (0xe5e60b13) addi    s6, a2, -418
core   0: 3 0x800014d0 (0xe5e60b13) x22 0xfffffe5e
core   0: 0x800014d4 (0x007969b3) or      s3, s2, t2
core   0: 3 0x800014d4 (0x007969b3) x19 0x80028f4b
core   0: 0x800014d8 (0x3f3b2013) slti    zero, s6, 1011
core   0: 3 0x800014d8 (0x3f3b2013)
core   0: 0x800014dc (0x6f156d93) ori     s11, a0, 1777
core   0: 3 0x800014dc (0x6f156d93) x27 0x000006f1
core   0: 0x800014e0 (0x00937133) and     sp, t1, s1
core   0: 3 0x800014e0 (0x00937133) x 2 0x00000000
core   0: 0x800014e4 (0x008e1e63) bne     t3, s0, pc + 28
core   0: 3 0x800014e4 (0x008e1e63)
core   0: 0x80001500 (0xbde46493) ori     s1, s0, -1058
core   0: 3 0x80001500 (0xbde46493) x 9 0xffffffdf
core   0: 0x80001504 (0x30246593) ori     a1, s0, 770
core   0: 3 0x80001504 (0x30246593) x11 0xffffff0f
core   0: 0x80001508 (0x41c280b3) sub     ra, t0, t3
core   0: 3 0x80001508 (0x41c280b3) x 1 0x51c0bfe4
core   0: 0x8000150c (0x858d4993) xori    s3, s10, -1960
core   0: 3 0x8000150c (0x858d4993) x19 0xfffffa58
core   0: 0x80001510 (0x40edcf13) xori    t5, s11, 1038
core   0: 3 0x80001510 (0x40edcf13) x30 0x000002ff
core   0: 0x80001514 (0x0000100f) fence.i
core   0: 3 0x80001514 (0x0000100f)
core   0: 0x80001518 (0x00d59613) slli    a2, a1, 13
core   0: 3 0x80001518 (0x00d59613) x12 0xffe1e000
core   0: 0x8000151c (0x017640b3) xor     ra, a2, s7
core   0: 3 0x8000151c (0x017640b3) x 1 0xffe1e000
core   0: 0x80001520 (0x068ee863) bltu    t4, s0, pc + 112
core   0: 3 0x80001520 (0x068ee863)
core   0: 0x80001590 (0x0180f0b3) and     ra, ra, s8
core   0: 3 0x80001590 (0x0180f0b3) x 1 0x00000000
core   0: 0x80001594 (0x86552313) slti    t1, a0, -1947
core   0: 3 0x80001594 (0x86552313) x 6 0x00000000
core   0: 0x80001598 (0x41e80333) sub     t1, a6, t5
core   0: 3 0x80001598 (0x41e80333) x 6 0x7ffffd01
core   0: 0x8000159c (0x41b55a33) sra     s4, a0, s11
core   0: 3 0x8000159c (0x41b55a33) x20 0x00000000
core   0: 0x800015a0 (0xc1018fb7) lui     t6, 0xc1018
core   0: 3 0x800015a0 (0xc1018fb7) x31 0xc1018000
core   0: 0x800015a4 (0x666e0217) auipc   tp, 0x666e0
core   0: 3 0x800015a4 (0x666e0217) x 4 0xe66e15a4
core   0: 0x800015a8 (0x00321693) slli    a3, tp, 3
core   0: 3 0x800015a8 (0x00321693) x13 0x3370ad20
core   0: 0x800015ac (0x9bf00d13) li      s10, -1601
core   0: 3 0x800015ac (0x9bf00d13) x26 0xfffff9bf
core   0: 0x800015b0 (0xc588e193) ori     gp, a7, -936
core   0: 3 0x800015b0 (0xc588e193) x 3 0xfffffcfc
core   0: 0x800015b4 (0x01ef5c13) srli    s8, t5, 30
core   0: 3 0x800015b4 (0x01ef5c13) x24 0x00000000
core   0: 0x800015b8 (0xe0ba7293) andi    t0, s4, -501
core   0: 3 0x800015b8 (0xe0ba7293) x 5 0x00000000
core   0: 0x800015bc (0x40c65f33) sra     t5, a2, a2
core   0: 3 0x800015bc (0x40c65f33) x30 0xffe1e000
core   0: 0x800015c0 (0x037d6a63) bltu    s10, s7, pc + 52
core   0: 3 0x800015c0 (0x037d6a63)
core   0: 0x800015c4 (0x211d6a93) ori     s5, s10, 529
core   0: 3 0x800015c4 (0x211d6a93) x21 0xfffffbbf
core   0: 0x800015c8 (0x4027db13) srai    s6, a5, 2
core   0: 3 0x800015c8 (0x4027db13) x22 0xe000a399
core   0: 0x800015cc (0x00a9fd33) and     s10, s3, a0
core   0: 3 0x800015cc (0x00a9fd33) x26 0x00000000
core   0: 0x800015d0 (0x01ecdc63) bge     s9, t5, pc + 24
core   0: 3 0x800015d0 (0x01ecdc63)
core   0: 0x800015e8 (0x404e0eb3) sub     t4, t3, tp
core   0: 3 0x800015e8 (0x404e0eb3) x29 0xc7d12a78
core   0: 0x800015ec (0x0058d6b3) srl     a3, a7, t0
core   0: 3 0x800015ec (0x0058d6b3) x13 0x8002cce4
core   0: 0x800015f0 (0x0ff0000f) fence   iorw,iorw
core   0: 3 0x800015f0 (0x0ff0000f)
core   0: 0x800015f4 (0x00991463) bne     s2, s1, pc + 8
core   0: 3 0x800015f4 (0x00991463)
core   0: 0x800015fc (0x0e477a37) lui     s4, 0xe477
core   0: 3 0x800015fc (0x0e477a37) x20 0x0e477000
core   0: 0x80001600 (0x4fd5e317) auipc   t1, 0x4fd5e
core   0: 3 0x80001600 (0x4fd5e317) x 6 0xcfd5f600
core   0: 0x80001604 (0xb1214013) xori    zero, sp, -1262
core   0: 3 0x80001604 (0xb1214013)
core   0: 0x80001608 (0xf1062193) slti    gp, a2, -240
core   0: 3 0x80001608 (0xf1062193) x 3 0x00000001
core   0: 0x8000160c (0x5e49f013) andi    zero, s3, 1508
core   0: 3 0x8000160c (0x5e49f013)
core   0: 0x80001610 (0x8b11cbb7) lui     s7, 0x8b11c
core   0: 3 0x80001610 (0x8b11cbb7) x23 0x8b11c000
core   0: 0x80001614 (0x731ff213) andi    tp, t6, 1841
core   0: 3 0x80001614 (0x731ff213) x 4 0x00000000
core   0: 0x80001618 (0x40d65f13) srai    t5, a2, 13
core   0: 3 0x80001618 (0x40d65f13) x30 0xffffff0f
core   0: 0x8000161c (0xfd4a71b7) lui     gp, 0xfd4a7
core   0: 3 0x8000161c (0xfd4a71b7) x 3 0xfd4a7000
core   0: 0x80001620 (0x03c81063) bne     a6, t3, pc + 32
core   0: 3 0x80001620 (0x03c81063)
core   0: 0x80001640 (0x6cf9be93) sltiu   t4, s3, 1743
core   0: 3 0x80001640 (0x6cf9be93) x29 0x00000000
core   0: 0x80001644 (0x0000100f) fence.i
core   0: 3 0x80001644 (0x0000100f)
core   0: 0x80001648 (0x00d39a93) slli    s5, t2, 13
core   0: 3 0x80001648 (0x00d39a93) x21 0x00286000
core   0: 0x8000164c (0x00172333) slt     t1, a4, ra
core   0: 3 0x8000164c (0x00172333) x 6 0x00000000
core   0: 0x80001650 (0x011c5fb3) srl     t6, s8, a7
core   0: 3 0x80001650 (0x011c5fb3) x31 0x00000000
core   0: 0x80001654 (0x03370293) addi    t0, a4, 51
core   0: 3 0x80001654 (0x03370293) x 5 0x00000034
core   0: 0x80001658 (0x054cf063) bgeu    s9, s4, pc + 64
core   0: 3 0x80001658 (0x054cf063)
core   0: 0x8000165c (0x00f84f33) xor     t5, a6, a5
core   0: 3 0x8000165c (0x00f84f33) x30 0x00028e64
core   0: 0x80001660 (0x01149433) sll     s0, s1, a7
core   0: 3 0x80001660 (0x01149433) x 8 0xfffffdf0
core   0: 0x80001664 (0x03608063) beq     ra, s6, pc + 32
core   0: 3 0x80001664 (0x03608063)
core   0: 0x80001668 (0x00b5a333) slt     t1, a1, a1
core   0: 3 0x80001668 (0x00b5a333) x 6 0x00000000
core   0: 0x8000166c (0x0165bfb3) sltu    t6, a1, s6
core   0: 3 0x8000166c (0x0165bfb3) x31 0x00000000
core   0: 0x80001670 (0x9db30bb7) lui     s7, 0x9db30
core   0: 3 0x80001670 (0x9db30bb7) x23 0x9db30000
core   0: 0x80001674 (0x00bd7db3) and     s11, s10, a1
core   0: 3 0x80001674 (0x00bd7db3) x27 0x00000000
core   0: 0x80001678 (0x406e5a13) srai    s4, t3, 6
core   0: 3 0x80001678 (0x406e5a13) x20 0xfeb8fd00
core   0: 0x8000167c (0x00a1fd33) and     s10, gp, a0
core   0: 3 0x8000167c (0x00a1fd33) x26 0x00000000
core   0: 0x80001680 (0x00aa1193) slli    gp, s4, 10
core   0: 3 0x80001680 (0x00aa1193) x 3 0xe3f40000
core   0: 0x80001684 (0x05d20263) beq     tp, t4, pc + 68
core   0: 3 0x80001684 (0x05d20263)
core   0: 0x800016c8 (0x020e6263) bltu    t3, zero, pc + 36
core   0: 3 0x800016c8 (0x020e6263)
core   0: 0x800016cc (0x01ada033) slt     zero, s11, s10
core   0: 3 0x800016cc (0x01ada033)
core   0: 0x800016d0 (0x53a60037) lui     zero, 0x53a60
core   0: 3 0x800016d0 (0x53a60037)
core   0: 0x800016d4 (0x00fd5293) srli    t0, s10, 15
core   0: 3 0x800016d4 (0x00fd5293) x 5 0x00000000
core   0: 0x800016d8 (0x026c8c63) beq     s9, t1, pc + 56
core   0: 3 0x800016d8 (0x026c8c63)
core   0: 0x80001710 (0xad4e6d13) ori     s10, t3, -1324
core   0: 3 0x80001710 (0xad4e6d13) x26 0xfffffadc
core   0: 0x80001714 (0x00012a17) auipc   s4, 0x12
core   0: 3 0x80001714 (0x00012a17) x20 0x80013714
core   0: 0x80001718 (0x496a0a13) addi    s4, s4, 1174
core   0: 3 0x80001718 (0x496a0a13) x20 0x80013baa
core   0: 0x8000171c (0x00012397) auipc   t2, 0x12
core   0: 3 0x8000171c (0x00012397) x 7 0x8001371c
core   0: 0x80001720 (0xf1838393) addi    t2, t2, -232
core   0: 3 0x80001720 (0xf1838393) x 7 0x80013634
core   0: 0x80001724 (0x00012717) auipc   a4, 0x12
core   0: 3 0x80001724 (0x00012717) x14 0x80013724
core   0: 0x80001728 (0x6ac70713) addi    a4, a4, 1708
core   0: 3 0x80001728 (0x6ac70713) x14 0x80013dd0
core   0: 0x8000172c (0x03072423) sw      a6, 40(a4)
core   0: 3 0x8000172c (0x03072423) mem 0x80013df8 0x80000000
core   0: 0x80001730 (0x0de3cc83) lbu     s9, 222(t2)
core   0: 3 0x80001730 (0x0de3cc83) x25 0x0000005f mem 0x80013712
core   0: 0x80001734 (0x00012217) auipc   tp, 0x12
core   0: 3 0x80001734 (0x00012217) x 4 0x80013734
core   0: 0x80001738 (0x96320213) addi    tp, tp, -1693
core   0: 3 0x80001738 (0x96320213) x 4 0x80013097
core   0: 0x8000173c (0x97ca0fa3) sb      t3, -1665(s4)
core   0: 3 0x8000173c (0x97ca0fa3) mem 0x80013529 0x1c
core   0: 0x80001740 (0x23820c23) sb      s8, 568(tp)
core   0: 3 0x80001740 (0x23820c23) mem 0x800132cf 0x0
core   0: 0x80001744 (0x34120523) sb      ra, 842(tp)
core   0: 3 0x80001744 (0x34120523) mem 0x800133e1 0x0
core   0: 0x80001748 (0xd82a0ba3) sb      sp, -617(s4)
core   0: 3 0x80001748 (0xd82a0ba3) mem 0x80013941 0x0
core   0: 0x8000174c (0x65b38e03) lb      t3, 1627(t2)
core   0: 3 0x8000174c (0x65b38e03) x28 0x0000000c mem 0x80013c8f
core   0: 0x80001750 (0x54c38e23) sb      a2, 1372(t2)
core   0: 3 0x80001750 (0x54c38e23) mem 0x80013b90 0x0
core   0: 0x80001754 (0x00a71903) lh      s2, 10(a4)
core   0: 3 0x80001754 (0x00a71903) x18 0xffffa9eb mem 0x80013dda
core   0: 0x80001758 (0xfd174583) lbu     a1, -47(a4)
core   0: 3 0x80001758 (0xfd174583) x11 0x000000ee mem 0x80013da1
core   0: 0x8000175c (0x00013697) auipc   a3, 0x13
core   0: 3 0x8000175c (0x00013697) x13 0x8001475c
core   0: 0x80001760 (0x84368693) addi    a3, a3, -1981
core   0: 3 0x80001760 (0x84368693) x13 0x80013f9f
core   0: 0x80001764 (0xfd271103) lh      sp, -46(a4)
core   0: 3 0x80001764 (0xfd271103) x 2 0x00000000 mem 0x80013da2
core   0: 0x80001768 (0xa7ca5c03) lhu     s8, -1412(s4)
core   0: 3 0x80001768 (0xa7ca5c03) x24 0x00009634 mem 0x80013626
core   0: 0x8000176c (0xaff69c03) lh      s8, -1281(a3)
core   0: 3 0x8000176c (0xaff69c03) x24 0xffffd12a mem 0x80013a9e
core   0: 0x80001770 (0x28fa0983) lb      s3, 655(s4)
core   0: 3 0x80001770 (0x28fa0983) x19 0xfffffffb mem 0x80013e39
core   0: 0x80001774 (0xaa03d303) lhu     t1, -1376(t2)
core   0: 3 0x80001774 (0xaa03d303) x 6 0x00008bb3 mem 0x800130d4
core   0: 0x80001778 (0x22524603) lbu     a2, 549(tp)
core   0: 3 0x80001778 (0x22524603) x12 0x00000082 mem 0x800132bc
core   0: 0x8000177c (0x80468f03) lb      t5, -2044(a3)
core   0: 3 0x8000177c (0x80468f03) x30 0x00000052 mem 0x800137a3
core   0: 0x80001780 (0x00f70d83) lb      s11, 15(a4)
core   0: 3 0x80001780 (0x00f70d83) x27 0xffffffa0 mem 0x80013ddf
core   0: 0x80001784 (0x50b21583) lh      a1, 1291(tp)
core   0: 3 0x80001784 (0x50b21583) x11 0x00007fc2 mem 0x800135a2
core   0: 0x80001788 (0x1a124983) lbu     s3, 417(tp)
core   0: 3 0x80001788 (0x1a124983) x19 0x000000bf mem 0x80013238
core   0: 0x8000178c (0xf6d68fa3) sb      a3, -129(a3)
core   0: 3 0x8000178c (0xf6d68fa3) mem 0x80013f1e 0x9f
core   0: 0x80001790 (0x34c3df03) lhu     t5, 844(t2)
core   0: 3 0x80001790 (0x34c3df03) x30 0x0000b7e3 mem 0x80013980
core   0: 0x80001794 (0xff774a83) lbu     s5, -9(a4)
core   0: 3 0x80001794 (0xff774a83) x21 0x00000066 mem 0x80013dc7
core   0: 0x80001798 (0xfe63cf83) lbu     t6, -26(t2)
core   0: 3 0x80001798 (0xfe63cf83) x31 0x000000e0 mem 0x8001361a
core   0: 0x8000179c (0x439387a3) sb      s9, 1071(t2)
core   0: 3 0x8000179c (0x439387a3) mem 0x80013a63 0x5f
core   0: 0x800017a0 (0x021708a3) sb      ra, 49(a4)
core   0: 3 0x800017a0 (0x021708a3) mem 0x80013e01 0x0
core   0: 0x800017a4 (0x13ba0da3) sb      s11, 315(s4)
core   0: 3 0x800017a4 (0x13ba0da3) mem 0x80013ce5 0xa0
core   0: 0x800017a8 (0x6cb21d03) lh      s10, 1739(tp)
core   0: 3 0x800017a8 (0x6cb21d03) x26 0x00001a8b mem 0x80013762
core   0: 0x800017ac (0x344a0f23) sb      tp, 862(s4)
core   0: 3 0x800017ac (0x344a0f23) mem 0x80013f08 0x97
core   0: 0x800017b0 (0xb8f69303) lh      t1, -1137(a3)
core   0: 3 0x800017b0 (0xb8f69303) x 6 0xffffa37b mem 0x80013b2e
core   0: 0x800017b4 (0x26320323) sb      gp, 614(tp)
core   0: 3 0x800017b4 (0x26320323) mem 0x800132fd 0x0
core   0: 0x800017b8 (0xfd072483) lw      s1, -48(a4)
core   0: 3 0x800017b8 (0xfd072483) x 9 0x0000eeb0 mem 0x80013da0
core   0: 0x800017bc (0x17ea2b83) lw      s7, 382(s4)
core   0: 3 0x800017bc (0x17ea2b83) x23 0xf4a5cfe7 mem 0x80013d28
core   0: 0x800017c0 (0x217a4183) lbu     gp, 535(s4)
core   0: 3 0x800017c0 (0x217a4183) x 3 0x00000068 mem 0x80013dc1
core   0: 0x800017c4 (0xd2b38ca3) sb      a1, -711(t2)
core   0: 3 0x800017c4 (0xd2b38ca3) mem 0x8001336d 0xc2
core   0: 0x800017c8 (0xdaca5b83) lhu     s7, -596(s4)
core   0: 3 0x800017c8 (0xdaca5b83) x23 0x00003cb8 mem 0x80013956
core   0: 0x800017cc (0xf3b68923) sb      s11, -206(a3)
core   0: 3 0x800017cc (0xf3b68923) mem 0x80013ed1 0xa0
core   0: 0x800017d0 (0x03f70283) lb      t0, 63(a4)
core   0: 3 0x800017d0 (0x03f70283) x 5 0xfffffff6 mem 0x80013e0f
core   0: 0x800017d4 (0x0cfa0ca3) sb      a5, 217(s4)
core   0: 3 0x800017d4 (0x0cfa0ca3) mem 0x80013c83 0x64
core   0: 0x800017d8 (0x09e20423) sb      t5, 136(tp)
core   0: 3 0x800017d8 (0x09e20423) mem 0x8001311f 0xe3
core   0: 0x800017dc (0x04c3d063) bge     t2, a2, pc + 64
core   0: 3 0x800017dc (0x04c3d063)
core   0: 0x800017e0 (0x13970f97) auipc   t6, 0x13970
core   0: 3 0x800017e0 (0x13970f97) x31 0x939717e0
core   0: 0x800017e4 (0x0000100f) fence.i
core   0: 3 0x800017e4 (0x0000100f)
core   0: 0x800017e8 (0x00000013) nop
core   0: 3 0x800017e8 (0x00000013)
core   0: 0x800017ec (0x0000fd17) auipc   s10, 0xf
core   0: 3 0x800017ec (0x0000fd17) x26 0x800107ec
core   0: 0x800017f0 (0x018d0d13) addi    s10, s10, 24
core   0: 3 0x800017f0 (0x018d0d13) x26 0x80010804
core   0: 0x800017f4 (0x3fa23a13) sltiu   s4, tp, 1018
core   0: 3 0x800017f4 (0x3fa23a13) x20 0x00000000
core   0: 0x800017f8 (0x4145d113) srai    sp, a1, 20
core   0: 3 0x800017f8 (0x4145d113) x 2 0x00000000
core   0: 0x800017fc (0x25ad0d13) addi    s10, s10, 602
core   0: 3 0x800017fc (0x25ad0d13) x26 0x80010a5e
core   0: 0x80001800 (0x009a4c63) blt     s4, s1, pc + 24
core   0: 3 0x80001800 (0x009a4c63)
core   0: 0x80001818 (0xda7d09e7) jalr    s3, s10, -601
core   0: 3 0x80001818 (0xda7d09e7) x19 0x8000181c
core   0: 0x80010804 (0x00674463) blt     a4, t1, pc + 8
core   0: 3 0x80010804 (0x00674463)
core   0: 0x8001080c (0xff878793) addi    a5, a5, -8
core   0: 3 0x8001080c (0xff878793) x15 0x80028e5c
core   0: 0x80010810 (0x00c73133) sltu    sp, a4, a2
core   0: 3 0x80010810 (0x00c73133) x 2 0x00000000
core   0: 0x80010814 (0x0137a223) sw      s3, 4(a5)
core   0: 3 0x80010814 (0x0137a223) mem 0x80028e60 0x8000181c
core   0: 0x80010818 (0x40ce52b3) sra     t0, t3, a2
core   0: 3 0x80010818 (0x40ce52b3) x 5 0x00000003
core   0: 0x8001081c (0x01489d13) slli    s10, a7, 20
core   0: 3 0x8001081c (0x01489d13) x26 0xce400000
core   0: 0x80010820 (0x0000f117) auipc   sp, 0xf
core   0: 3 0x80010820 (0x0000f117) x 2 0x8001f820
core   0: 0x80010824 (0x27e10113) addi    sp, sp, 638
core   0: 3 0x80010824 (0x27e10113) x 2 0x8001fa9e
core   0: 0x80010828 (0xf8f10b03) lb      s6, -113(sp)
core   0: 3 0x80010828 (0xf8f10b03) x22 0x00000068 mem 0x8001fa2d
core   0: 0x8001082c (0x407389b3) sub     s3, t2, t2
core   0: 3 0x8001082c (0x407389b3) x19 0x00000000
core   0: 0x80010830 (0xf8f14d03) lbu     s10, -113(sp)
core   0: 3 0x80010830 (0xf8f14d03) x26 0x00000068 mem 0x8001fa2d
core   0: 0x80010834 (0x419883b3) sub     t2, a7, s9
core   0: 3 0x80010834 (0x419883b3) x 7 0x8002cc85
core   0: 0x80010838 (0xf87107a3) sb      t2, -113(sp)
core   0: 3 0x80010838 (0xf87107a3) mem 0x8001fa2d 0x85
core   0: 0x8001083c (0xf8f10c83) lb      s9, -113(sp)
core   0: 3 0x8001083c (0xf8f10c83) x25 0xffffff85 mem 0x8001fa2d
core   0: 0x80010840 (0xf8f10e03) lb      t3, -113(sp)
core   0: 3 0x80010840 (0xf8f10e03) x28 0xffffff85 mem 0x8001fa2d
core   0: 0x80010844 (0xf8f14303) lbu     t1, -113(sp)
core   0: 3 0x80010844 (0xf8f14303) x 6 0x00000085 mem 0x8001fa2d
core   0: 0x80010848 (0x2a354313) xori    t1, a0, 675
core   0: 3 0x80010848 (0x2a354313) x 6 0x000002a3
core   0: 0x8001084c (0xf8f10383) lb      t2, -113(sp)
core   0: 3 0x8001084c (0xf8f10383) x 7 0xffffff85 mem 0x8001fa2d
core   0: 0x80010850 (0xf8f14183) lbu     gp, -113(sp)
core   0: 3 0x80010850 (0xf8f14183) x 3 0x00000085 mem 0x8001fa2d
core   0: 0x80010854 (0xf8f10083) lb      ra, -113(sp)
core   0: 3 0x80010854 (0xf8f10083) x 1 0xffffff85 mem 0x8001fa2d
core   0: 0x80010858 (0x007cde13) srli    t3, s9, 7
core   0: 3 0x80010858 (0x007cde13) x28 0x01ffffff
core   0: 0x8001085c (0xf8f10083) lb      ra, -113(sp)
core   0: 3 0x8001085c (0xf8f10083) x 1 0xffffff85 mem 0x8001fa2d
core   0: 0x80010860 (0x00000013) nop
core   0: 3 0x80010860 (0x00000013)
core   0: 0x80010864 (0xf8f10583) lb      a1, -113(sp)
core   0: 3 0x80010864 (0xf8f10583) x11 0xffffff85 mem 0x8001fa2d
core   0: 0x80010868 (0xf8f14603) lbu     a2, -113(sp)
core   0: 3 0x80010868 (0xf8f14603) x12 0x00000085 mem 0x8001fa2d
core   0: 0x8001086c (0xf8c107a3) sb      a2, -113(sp)
core   0: 3 0x8001086c (0xf8c107a3) mem 0x8001fa2d 0x85
core   0: 0x80010870 (0xf8f14c03) lbu     s8, -113(sp)
core   0: 3 0x80010870 (0xf8f14c03) x24 0x00000085 mem 0x8001fa2d
core   0: 0x80010874 (0xf8f10f03) lb      t5, -113(sp)
core   0: 3 0x80010874 (0xf8f10f03) x30 0xffffff85 mem 0x8001fa2d
core   0: 0x80010878 (0xf8f14483) lbu     s1, -113(sp)
core   0: 3 0x80010878 (0xf8f14483) x 9 0x00000085 mem 0x8001fa2d
core   0: 0x8001087c (0xf8f10403) lb      s0, -113(sp)
core   0: 3 0x8001087c (0xf8f10403) x 8 0xffffff85 mem 0x8001fa2d
core   0: 0x80010880 (0xf8f10183) lb      gp, -113(sp)
core   0: 3 0x80010880 (0xf8f10183) x 3 0xffffff85 mem 0x8001fa2d
core   0: 0x80010884 (0xf8b107a3) sb      a1, -113(sp)
core   0: 3 0x80010884 (0xf8b107a3) mem 0x8001fa2d 0x85
core   0: 0x80010888 (0x00003b17) auipc   s6, 0x3
core   0: 3 0x80010888 (0x00003b17) x22 0x80013888
core   0: 0x8001088c (0x8d2b0b13) addi    s6, s6, -1838
core   0: 3 0x8001088c (0x8d2b0b13) x22 0x8001315a
core   0: 0x80010890 (0x00003417) auipc   s0, 0x3
core   0: 3 0x80010890 (0x00003417) x 8 0x80013890
core   0: 0x80010894 (0x84a40413) addi    s0, s0, -1974
core   0: 3 0x80010894 (0x84a40413) x 8 0x800130da
core   0: 0x80010898 (0xfc5b0103) lb      sp, -59(s6)
core   0: 3 0x80010898 (0xfc5b0103) x 2 0xffffffe3 mem 0x8001311f
core   0: 0x8001089c (0x00003a17) auipc   s4, 0x3
core   0: 3 0x8001089c (0x00003a17) x20 0x8001389c
core   0: 0x800108a0 (0x922a0a13) addi    s4, s4, -1758
core   0: 3 0x800108a0 (0x922a0a13) x20 0x800131be
core   0: 0x800108a4 (0xfcbb4903) lbu     s2, -53(s6)
core   0: 3 0x800108a4 (0xfcbb4903) x18 0x0000000d mem 0x80013125
core   0: 0x800108a8 (0x023a0c83) lb      s9, 35(s4)
core   0: 3 0x800108a8 (0x023a0c83) x25 0x00000039 mem 0x800131e1
core   0: 0x800108ac (0x00003217) auipc   tp, 0x3
core   0: 3 0x800108ac (0x00003217) x 4 0x800138ac
core   0: 0x800108b0 (0xf9720213) addi    tp, tp, -105
core   0: 3 0x800108b0 (0xf9720213) x 4 0x80013843
core   0: 0x800108b4 (0xfb140a83) lb      s5, -79(s0)
core   0: 3 0x800108b4 (0xfb140a83) x21 0xffffff98 mem 0x8001308b
core   0: 0x800108b8 (0xfe0b1283) lh      t0, -32(s6)
core   0: 3 0x800108b8 (0xfe0b1283) x 5 0x0000641a mem 0x8001313a
core   0: 0x800108bc (0x00b21383) lh      t2, 11(tp)
core   0: 3 0x800108bc (0x00b21383) x 7 0xffffc198 mem 0x8001384e
core   0: 0x800108c0 (0xf8444583) lbu     a1, -124(s0)
core   0: 3 0x800108c0 (0xf8444583) x11 0x0000000b mem 0x8001305e
core   0: 0x800108c4 (0x026b1083) lh      ra, 38(s6)
core   0: 3 0x800108c4 (0x026b1083) x 1 0x0000537b mem 0x80013180
core   0: 0x800108c8 (0xfefb0903) lb      s2, -17(s6)
core   0: 3 0x800108c8 (0xfefb0903) x18 0x00000042 mem 0x80013149
core   0: 0x800108cc (0xfe124b83) lbu     s7, -31(tp)
core   0: 3 0x800108cc (0xfe124b83) x23 0x000000e7 mem 0x80013824
core   0: 0x800108d0 (0xf03a2523) sw      gp, -246(s4)
core   0: 3 0x800108d0 (0xf03a2523) mem 0x800130c8 0xffffff85
core   0: 0x800108d4 (0xff5b4903) lbu     s2, -11(s6)
core   0: 3 0x800108d4 (0xff5b4903) x18 0x0000006b mem 0x8001314f
core   0: 0x800108d8 (0x02d24483) lbu     s1, 45(tp)
core   0: 3 0x800108d8 (0x02d24483) x 9 0x0000008f mem 0x80013870
core   0: 0x800108dc (0xfc5a4a83) lbu     s5, -59(s4)
core   0: 3 0x800108dc (0xfc5a4a83) x21 0x000000d6 mem 0x80013183
core   0: 0x800108e0 (0xff1b0903) lb      s2, -15(s6)
core   0: 3 0x800108e0 (0xff1b0903) x18 0xffffffc0 mem 0x8001314b
core   0: 0x800108e4 (0x03b20c83) lb      s9, 59(tp)
core   0: 3 0x800108e4 (0x03b20c83) x25 0x0000004f mem 0x8001387e
core   0: 0x800108e8 (0x01840703) lb      a4, 24(s0)
core   0: 3 0x800108e8 (0x01840703) x14 0x00000059 mem 0x800130f2
core   0: 0x800108ec (0x015b2123) sw      s5, 2(s6)
core   0: 3 0x800108ec (0x015b2123) mem 0x8001315c 0x000000d6
core   0: 0x800108f0 (0x0cf44a83) lbu     s5, 207(s0)
core   0: 3 0x800108f0 (0x0cf44a83) x21 0x000000e5 mem 0x800131a9
core   0: 0x800108f4 (0x023b2923) sw      gp, 50(s6)
core   0: 3 0x800108f4 (0x023b2923) mem 0x8001318c 0xffffff85
core   0: 0x800108f8 (0xf42a5283) lhu     t0, -190(s4)
core   0: 3 0x800108f8 (0xf42a5283) x 5 0x0000789a mem 0x80013100
core   0: 0x800108fc (0x004b1223) sh      tp, 4(s6)
core   0: 3 0x800108fc (0x004b1223) mem 0x8001315e 0x3843
core   0: 0x80010900 (0xffe45003) lhu     zero, -2(s0)
core   0: 3 0x80010900 (0xffe45003) mem 0x800130d8
core   0: 0x80010904 (0x04ca0083) lb      ra, 76(s4)
core   0: 3 0x80010904 (0x04ca0083) x 1 0xffffffe0 mem 0x8001320a
core   0: 0x80010908 (0x0fca2723) sw      t3, 238(s4)
core   0: 3 0x80010908 (0x0fca2723) mem 0x800132ac 0x01ffffff
core   0: 0x8001090c (0xfc320e23) sb      gp, -36(tp)
core   0: 3 0x8001090c (0xfc320e23) mem 0x8001381f 0x85
core   0: 0x80010910 (0x00003a17) auipc   s4, 0x3
core   0: 3 0x80010910 (0x00003a17) x20 0x80013910
core   0: 0x80010914 (0x1aea0a13) addi    s4, s4, 430
core   0: 3 0x80010914 (0x1aea0a13) x20 0x80013abe
core   0: 0x80010918 (0x001a0e03) lb      t3, 1(s4)
core   0: 3 0x80010918 (0x001a0e03) x28 0xfffffff1 mem 0x80013abf
core   0: 0x8001091c (0xffca0ba3) sb      t3, -9(s4)
core   0: 3 0x8001091c (0xffca0ba3) mem 0x80013ab5 0xf1
core   0: 0x80010920 (0x00008a97) auipc   s5, 0x8
core   0: 3 0x80010920 (0x00008a97) x21 0x80018920
core   0: 0x80010924 (0xd7ca8a93) addi    s5, s5, -644
core   0: 3 0x80010924 (0xd7ca8a93) x21 0x8001869c
core   0: 0x80010928 (0xff6a1303) lh      t1, -10(s4)
core   0: 3 0x80010928 (0xff6a1303) x 6 0xfffff129 mem 0x80013ab4
core   0: 0x8001092c (0xfc7acf83) lbu     t6, -57(s5)
core   0: 3 0x8001092c (0xfc7acf83) x31 0x0000005e mem 0x80018663
core   0: 0x80010930 (0xffca5283) lhu     t0, -4(s4)
core   0: 3 0x80010930 (0xffca5283) x 5 0x000004a7 mem 0x80013aba
core   0: 0x80010934 (0x03da8403) lb      s0, 61(s5)
core   0: 3 0x80010934 (0x03da8403) x 8 0x0000001c mem 0x800186d9
core   0: 0x80010938 (0xff0a4f83) lbu     t6, -16(s4)
core   0: 3 0x80010938 (0xff0a4f83) x31 0x00000050 mem 0x80013aae
core   0: 0x8001093c (0x02aadc03) lhu     s8, 42(s5)
core   0: 3 0x8001093c (0x02aadc03) x24 0x00005449 mem 0x800186c6
core   0: 0x80010940 (0x016a07a3) sb      s6, 15(s4)
core   0: 3 0x80010940 (0x016a07a3) mem 0x80013acd 0x5a
core   0: 0x80010944 (0x00da03a3) sb      a3, 7(s4)
core   0: 3 0x80010944 (0x00da03a3) mem 0x80013ac5 0x9f
core   0: 0x80010948 (0x00aa2403) lw      s0, 10(s4)
core   0: 3 0x80010948 (0x00aa2403) x 8 0x5217f8da mem 0x80013ac8
core   0: 0x8001094c (0x007a0c03) lb      s8, 7(s4)
core   0: 3 0x8001094c (0x007a0c03) x24 0xffffff9f mem 0x80013ac5
core   0: 0x80010950 (0xff4ad183) lhu     gp, -12(s5)
core   0: 3 0x80010950 (0xff4ad183) x 3 0x000008a8 mem 0x80018690
core   0: 0x80010954 (0x00ba4903) lbu     s2, 11(s4)
core   0: 3 0x80010954 (0x00ba4903) x18 0x000000f8 mem 0x80013ac9
core   0: 0x80010958 (0xff1ac503) lbu     a0, -15(s5)
core   0: 3 0x80010958 (0xff1ac503) x10 0x0000004e mem 0x8001868d
core   0: 0x8001095c (0x00011117) auipc   sp, 0x11
core   0: 3 0x8001095c (0x00011117) x 2 0x8002195c
core   0: 0x80010960 (0x6aa10113) addi    sp, sp, 1706
core   0: 3 0x80010960 (0x6aa10113) x 2 0x80022006
core   0: 0x80010964 (0xf8e10b03) lb      s6, -114(sp)
core   0: 3 0x80010964 (0xf8e10b03) x22 0xffffffbd mem 0x80021f94
core   0: 0x80010968 (0xff6102a3) sb      s6, -27(sp)
core   0: 3 0x80010968 (0xff6102a3) mem 0x80021feb 0xbd
core   0: 0x8001096c (0xfa811423) sh      s0, -88(sp)
core   0: 3 0x8001096c (0xfa811423) mem 0x80021fae 0xf8da
core   0: 0x80010970 (0x41f484b3) sub     s1, s1, t6
core   0: 3 0x80010970 (0x41f484b3) x 9 0x0000003f
core   0: 0x80010974 (0xfb611c23) sh      s6, -72(sp)
core   0: 3 0x80010974 (0xfb611c23) mem 0x80021fbe 0xffbd
core   0: 0x80010978 (0x07d14a03) lbu     s4, 125(sp)
core   0: 3 0x80010978 (0x07d14a03) x20 0x0000001f mem 0x80022083
core   0: 0x8001097c (0xf9d10483) lb      s1, -99(sp)
core   0: 3 0x8001097c (0xf9d10483) x 9 0xffffffbc mem 0x80021fa3
core   0: 0x80010980 (0xf4811d23) sh      s0, -166(sp)
core   0: 3 0x80010980 (0xf4811d23) mem 0x80021f60 0xf8da
core   0: 0x80010984 (0x009dd433) srl     s0, s11, s1
core   0: 3 0x80010984 (0x009dd433) x 8 0x0000000f
core   0: 0x80010988 (0x04214a03) lbu     s4, 66(sp)
core   0: 3 0x80010988 (0x04214a03) x20 0x000000ab mem 0x80022048
core   0: 0x8001098c (0x41f4db33) sra     s6, s1, t6
core   0: 3 0x8001098c (0x41f4db33) x22 0xffffffff
core   0: 0x80010990 (0xfa114b03) lbu     s6, -95(sp)
core   0: 3 0x80010990 (0xfa114b03) x22 0x000000cb mem 0x80021fa7
core   0: 0x80010994 (0xf8410f83) lb      t6, -124(sp)
core   0: 3 0x80010994 (0xf8410f83) x31 0x0000007a mem 0x80021f8a
core   0: 0x80010998 (0x02910ea3) sb      s1, 61(sp)
core   0: 3 0x80010998 (0x02910ea3) mem 0x80022043 0xbc
core   0: 0x8001099c (0x03412523) sw      s4, 42(sp)
core   0: 3 0x8001099c (0x03412523) mem 0x80022030 0x000000ab
core   0: 0x800109a0 (0x05f10a23) sb      t6, 84(sp)
core   0: 3 0x800109a0 (0x05f10a23) mem 0x8002205a 0x7a
core   0: 0x800109a4 (0x0af10a03) lb      s4, 175(sp)
core   0: 3 0x800109a4 (0x0af10a03) x20 0xffffff86 mem 0x800220b5
core   0: 0x800109a8 (0xf69103a3) sb      s1, -153(sp)
core   0: 3 0x800109a8 (0xf69103a3) mem 0x80021f6d 0xbc
core   0: 0x800109ac (0x0ff0000f) fence   iorw,iorw
core   0: 3 0x800109ac (0x0ff0000f)
core   0: 0x800109b0 (0x0e314403) lbu     s0, 227(sp)
core   0: 3 0x800109b0 (0x0e314403) x 8 0x00000037 mem 0x800220e9
core   0: 0x800109b4 (0x06d14d83) lbu     s11, 109(sp)
core   0: 3 0x800109b4 (0x06d14d83) x27 0x000000e4 mem 0x80022073
core   0: 0x800109b8 (0xfc612d83) lw      s11, -58(sp)
core   0: 3 0x800109b8 (0xfc612d83) x27 0x6530edf2 mem 0x80021fcc
core   0: 0x800109bc (0x0000100f) fence.i
core   0: 3 0x800109bc (0x0000100f)
core   0: 0x800109c0 (0xe32fb437) lui     s0, 0xe32fb
core   0: 3 0x800109c0 (0xe32fb437) x 8 0xe32fb000
core   0: 0x800109c4 (0x0d514f83) lbu     t6, 213(sp)
core   0: 3 0x800109c4 (0x0d514f83) x31 0x000000af mem 0x800220db
core   0: 0x800109c8 (0x05d10403) lb      s0, 93(sp)
core   0: 3 0x800109c8 (0x05d10403) x 8 0xffffffe2 mem 0x80022063
core   0: 0x800109cc (0x06114483) lbu     s1, 97(sp)
core   0: 3 0x800109cc (0x06114483) x 9 0x00000049 mem 0x80022067
core   0: 0x800109d0 (0xfd710b03) lb      s6, -41(sp)
core   0: 3 0x800109d0 (0xfd710b03) x22 0x00000007 mem 0x80021fdd
core   0: 0x800109d4 (0xb9d46a13) ori     s4, s0, -1123
core   0: 3 0x800109d4 (0xb9d46a13) x20 0xffffffff
core   0: 0x800109d8 (0x09710f83) lb      t6, 151(sp)
core   0: 3 0x800109d8 (0x09710f83) x31 0x00000037 mem 0x8002209d
core   0: 0x800109dc (0x00bddd93) srli    s11, s11, 11
core   0: 3 0x800109dc (0x00bddd93) x27 0x000ca61d
core   0: 0x800109e0 (0xf2ab6493) ori     s1, s6, -214
core   0: 3 0x800109e0 (0xf2ab6493) x 9 0xffffff2f
core   0: 0x800109e4 (0x40940db3) sub     s11, s0, s1
core   0: 3 0x800109e4 (0x40940db3) x27 0x000000b3
core   0: 0x800109e8 (0x008b64b3) or      s1, s6, s0
core   0: 3 0x800109e8 (0x008b64b3) x 9 0xffffffe7
core   0: 0x800109ec (0x06c10f83) lb      t6, 108(sp)
core   0: 3 0x800109ec (0x06c10f83) x31 0x0000001b mem 0x80022072
core   0: 0x800109f0 (0x0c114403) lbu     s0, 193(sp)
core   0: 3 0x800109f0 (0x0c114403) x 8 0x0000005c mem 0x800220c7
core   0: 0x800109f4 (0x01710483) lb      s1, 23(sp)
core   0: 3 0x800109f4 (0x01710483) x 9 0x0000003c mem 0x8002201d
core   0: 0x800109f8 (0xfc811923) sh      s0, -46(sp)
core   0: 3 0x800109f8 (0xfc811923) mem 0x80021fd8 0x005c
core   0: 0x800109fc (0x0fd14d83) lbu     s11, 253(sp)
core   0: 3 0x800109fc (0x0fd14d83) x27 0x000000a7 mem 0x80022103
core   0: 0x80010a00 (0x044009ef) jal     s3, pc + 0x44
core   0: 3 0x80010a00 (0x044009ef) x19 0x80010a04
core   0: 0x80010a44 (0xfddff36f) jal     t1, pc - 0x24
core   0: 3 0x80010a44 (0xfddff36f) x 6 0x80010a48
core   0: 0x80010a20 (0x0080036f) jal     t1, pc + 0x8
core   0: 3 0x80010a20 (0x0080036f) x 6 0x80010a24
core   0: 0x80010a28 (0xffdffa6f) jal     s4, pc - 0x4
core   0: 3 0x80010a28 (0xffdffa6f) x20 0x80010a2c
core   0: 0x80010a24 (0xff5ff0ef) jal     pc - 0xc
core   0: 3 0x80010a24 (0xff5ff0ef) x 1 0x80010a28
core   0: 0x80010a18 (0xffdffaef) jal     s5, pc - 0x4
core   0: 3 0x80010a18 (0xffdffaef) x21 0x80010a1c
core   0: 0x80010a14 (0x034000ef) jal     pc + 0x34
core   0: 3 0x80010a14 (0x034000ef) x 1 0x80010a18
core   0: 0x80010a48 (0xfe5ff0ef) jal     pc - 0x1c
core   0: 3 0x80010a48 (0xfe5ff0ef) x 1 0x80010a4c
core   0: 0x80010a2c (0x020002ef) jal     t0, pc + 0x20
core   0: 3 0x80010a2c (0x020002ef) x 5 0x80010a30
core   0: 0x80010a4c (0xfbdff0ef) jal     pc - 0x44
core   0: 3 0x80010a4c (0xfbdff0ef) x 1 0x80010a50
core   0: 0x80010a08 (0x0380096f) jal     s2, pc + 0x38
core   0: 3 0x80010a08 (0x0380096f) x18 0x80010a0c
core   0: 0x80010a40 (0x014000ef) jal     pc + 0x14
core   0: 3 0x80010a40 (0x014000ef) x 1 0x80010a44
core   0: 0x80010a54 (0xfbdff0ef) jal     pc - 0x44
core   0: 3 0x80010a54 (0xfbdff0ef) x 1 0x80010a58
core   0: 0x80010a10 (0xffdff76f) jal     a4, pc - 0x4
core   0: 3 0x80010a10 (0xffdff76f) x14 0x80010a14
core   0: 0x80010a0c (0x024000ef) jal     pc + 0x24
core   0: 3 0x80010a0c (0x024000ef) x 1 0x80010a10
core   0: 0x80010a30 (0x00c0036f) jal     t1, pc + 0xc
core   0: 3 0x80010a30 (0x00c0036f) x 6 0x80010a34
core   0: 0x80010a3c (0xfe1ff0ef) jal     pc - 0x20
core   0: 3 0x80010a3c (0xfe1ff0ef) x 1 0x80010a40
core   0: 0x80010a1c (0x034001ef) jal     gp, pc + 0x34
core   0: 3 0x80010a1c (0x034001ef) x 3 0x80010a20
core   0: 0x80010a50 (0xfb5ff16f) jal     sp, pc - 0x4c
core   0: 3 0x80010a50 (0xfb5ff16f) x 2 0x80010a54
core   0: 0x80010a04 (0x0340036f) jal     t1, pc + 0x34
core   0: 3 0x80010a04 (0x0340036f) x 6 0x80010a08
core   0: 0x80010a38 (0xffdff0ef) jal     pc - 0x4
core   0: 3 0x80010a38 (0xffdff0ef) x 1 0x80010a3c
core   0: 0x80010a34 (0x0240026f) jal     tp, pc + 0x24
core   0: 3 0x80010a34 (0x0240026f) x 4 0x80010a38
core   0: 0x80010a58 (0x41898b33) sub     s6, s3, s8
core   0: 3 0x80010a58 (0x41898b33) x22 0x80010a65
core   0: 0x80010a5c (0x0000d617) auipc   a2, 0xd
core   0: 3 0x80010a5c (0x0000d617) x12 0x8001da5c
core   0: 0x80010a60 (0xe4260613) addi    a2, a2, -446
core   0: 3 0x80010a60 (0xe4260613) x12 0x8001d89e
core   0: 0x80010a64 (0x00665a03) lhu     s4, 6(a2)
core   0: 3 0x80010a64 (0x00665a03) x20 0x00000af2 mem 0x8001d8a4
core   0: 0x80010a68 (0x0000100f) fence.i
core   0: 3 0x80010a68 (0x0000100f)
core   0: 0x80010a6c (0x00000013) nop
core   0: 3 0x80010a6c (0x00000013)
core   0: 0x80010a70 (0x008d5433) srl     s0, s10, s0
core   0: 3 0x80010a70 (0x008d5433) x 8 0x00000000
core   0: 0x80010a74 (0x03864e03) lbu     t3, 56(a2)
core   0: 3 0x80010a74 (0x03864e03) x28 0x0000003b mem 0x8001d8d6
core   0: 0x80010a78 (0xfe060c83) lb      s9, -32(a2)
core   0: 3 0x80010a78 (0xfe060c83) x25 0x00000038 mem 0x8001d87e
core   0: 0x80010a7c (0x03b64e83) lbu     t4, 59(a2)
core   0: 3 0x80010a7c (0x03b64e83) x29 0x000000fa mem 0x8001d8d9
core   0: 0x80010a80 (0xfef64303) lbu     t1, -17(a2)
core   0: 3 0x80010a80 (0xfef64303) x 6 0x00000009 mem 0x8001d88d
core   0: 0x80010a84 (0x029604a3) sb      s1, 41(a2)
core   0: 3 0x80010a84 (0x029604a3) mem 0x8001d8c7 0x3c
core   0: 0x80010a88 (0xfc761623) sh      t2, -52(a2)
core   0: 3 0x80010a88 (0xfc761623) mem 0x8001d86a 0xc198
core   0: 0x80010a8c (0x00000013) nop
core   0: 3 0x80010a8c (0x00000013)
core   0: 0x80010a90 (0x01c65583) lhu     a1, 28(a2)
core   0: 3 0x80010a90 (0x01c65583) x11 0x00003359 mem 0x8001d8ba
core   0: 0x80010a94 (0x01a62483) lw      s1, 26(a2)
core   0: 3 0x80010a94 (0x01a62483) x 9 0x3359bfdd mem 0x8001d8b8
core   0: 0x80010a98 (0x02564d03) lbu     s10, 37(a2)
core   0: 3 0x80010a98 (0x02564d03) x26 0x000000de mem 0x8001d8c3
core   0: 0x80010a9c (0x415b0933) sub     s2, s6, s5
core   0: 3 0x80010a9c (0x415b0933) x18 0x00000049
core   0: 0x80010aa0 (0x02260183) lb      gp, 34(a2)
core   0: 3 0x80010aa0 (0x02260183) x 3 0xffffffac mem 0x8001d8c0
core   0: 0x80010aa4 (0x03364a03) lbu     s4, 51(a2)
core   0: 3 0x80010aa4 (0x03364a03) x20 0x0000008e mem 0x8001d8d1
core   0: 0x80010aa8 (0xfd060d83) lb      s11, -48(a2)
core   0: 3 0x80010aa8 (0xfd060d83) x27 0xffffffc4 mem 0x8001d86e
core   0: 0x80010aac (0x40e98fb3) sub     t6, s3, a4
core   0: 3 0x80010aac (0x40e98fb3) x31 0xfffffff0
core   0: 0x80010ab0 (0x00a60383) lb      t2, 10(a2)
core   0: 3 0x80010ab0 (0x00a60383) x 7 0xffffffe1 mem 0x8001d8a8
core   0: 0x80010ab4 (0x01360da3) sb      s3, 27(a2)
core   0: 3 0x80010ab4 (0x01360da3) mem 0x8001d8b9 0x4
core   0: 0x80010ab8 (0x02260483) lb      s1, 34(a2)
core   0: 3 0x80010ab8 (0x02260483) x 9 0xffffffac mem 0x8001d8c0
core   0: 0x80010abc (0x00f623b3) slt     t2, a2, a5
core   0: 3 0x80010abc (0x00f623b3) x 7 0x00000001
core   0: 0x80010ac0 (0xffe60403) lb      s0, -2(a2)
core   0: 3 0x80010ac0 (0xffe60403) x 8 0x00000017 mem 0x8001d89c
core   0: 0x80010ac4 (0x01065983) lhu     s3, 16(a2)
core   0: 3 0x80010ac4 (0x01065983) x19 0x00003bbf mem 0x8001d8ae
core   0: 0x80010ac8 (0x01edde33) srl     t3, s11, t5
core   0: 3 0x80010ac8 (0x01edde33) x28 0x07fffffe
core   0: 0x80010acc (0xfe364e83) lbu     t4, -29(a2)
core   0: 3 0x80010acc (0xfe364e83) x29 0x0000003b mem 0x8001d881
core   0: 0x80010ad0 (0xff064383) lbu     t2, -16(a2)
core   0: 3 0x80010ad0 (0xff064383) x 7 0x000000bf mem 0x8001d88e
core   0: 0x80010ad4 (0x1cb2a713) slti    a4, t0, 459
core   0: 3 0x80010ad4 (0x1cb2a713) x14 0x00000001
core   0: 0x80010ad8 (0x00f60903) lb      s2, 15(a2)
core   0: 3 0x80010ad8 (0x00f60903) x18 0xffffffe9 mem 0x8001d8ad
core   0: 0x80010adc (0xfcb60303) lb      t1, -53(a2)
core   0: 3 0x80010adc (0xfcb60303) x 6 0x00000052 mem 0x8001d869
core   0: 0x80010ae0 (0xfce64183) lbu     gp, -50(a2)
core   0: 3 0x80010ae0 (0xfce64183) x 3 0x0000008a mem 0x8001d86c
core   0: 0x80010ae4 (0xfc465f03) lhu     t5, -60(a2)
core   0: 3 0x80010ae4 (0xfc465f03) x30 0x00008b7a mem 0x8001d862
core   0: 0x80010ae8 (0x01d609a3) sb      t4, 19(a2)
core   0: 3 0x80010ae8 (0x01d609a3) mem 0x8001d8b1 0x3b
core   0: 0x80010aec (0x01135a13) srli    s4, t1, 17
core   0: 3 0x80010aec (0x01135a13) x20 0x00000000
core   0: 0x80010af0 (0xfe160d83) lb      s11, -31(a2)
core   0: 3 0x80010af0 (0xfe160d83) x27 0xffffffb8 mem 0x8001d87f
core   0: 0x80010af4 (0x03061183) lh      gp, 48(a2)
core   0: 3 0x80010af4 (0x03061183) x 3 0x000063bd mem 0x8001d8ce
core   0: 0x80010af8 (0xff764903) lbu     s2, -9(a2)
core   0: 3 0x80010af8 (0xff764903) x18 0x000000c4 mem 0x8001d895
core   0: 0x80010afc (0x01465f83) lhu     t6, 20(a2)
core   0: 3 0x80010afc (0x01465f83) x31 0x0000b20c mem 0x8001d8b2
core   0: 0x80010b00 (0x8a29ba37) lui     s4, 0x8a29b
core   0: 3 0x80010b00 (0x8a29ba37) x20 0x8a29b000
core   0: 0x80010b04 (0x03a65063) bge     a2, s10, pc + 32
core   0: 3 0x80010b04 (0x03a65063)
core   0: 0x80010b08 (0x409dd5b3) sra     a1, s11, s1
core   0: 3 0x80010b08 (0x409dd5b3) x11 0xffffffff
core   0: 0x80010b0c (0x29506f13) ori     t5, zero, 661
core   0: 3 0x80010b0c (0x29506f13) x30 0x00000295
core   0: 0x80010b10 (0x4066dc93) srai    s9, a3, 6
core   0: 3 0x80010b10 (0x4066dc93) x25 0xfe0004fe
core   0: 0x80010b14 (0x0ff0000f) fence   iorw,iorw
core   0: 3 0x80010b14 (0x0ff0000f)
core   0: 0x80010b18 (0x007ae5b3) or      a1, s5, t2
core   0: 3 0x80010b18 (0x007ae5b3) x11 0x80010abf
core   0: 0x80010b1c (0x402edb93) srai    s7, t4, 2
core   0: 3 0x80010b1c (0x402edb93) x23 0x0000000e
core   0: 0x80010b20 (0x04f58463) beq     a1, a5, pc + 72
core   0: 3 0x80010b20 (0x04f58463)
core   0: 0x80010b24 (0x018bd663) bge     s7, s8, pc + 12
core   0: 3 0x80010b24 (0x018bd663)
core   0: 0x80010b30 (0xc930ce13) xori    t3, ra, -877
core   0: 3 0x80010b30 (0xc930ce13) x28 0x7ffef6af
core   0: 0x80010b34 (0x01466333) or      t1, a2, s4
core   0: 3 0x80010b34 (0x01466333) x 6 0x8a29f89e
core   0: 0x80010b38 (0x60454237) lui     tp, 0x60454
core   0: 3 0x80010b38 (0x60454237) x 4 0x60454000
core   0: 0x80010b3c (0x0148db33) srl     s6, a7, s4
core   0: 3 0x80010b3c (0x0148db33) x22 0x8002cce4
core   0: 0x80010b40 (0x012c8a33) add     s4, s9, s2
core   0: 3 0x80010b40 (0x012c8a33) x20 0xfe0005c2
core   0: 0x80010b44 (0x00ebdcb3) srl     s9, s7, a4
core   0: 3 0x80010b44 (0x00ebdcb3) x25 0x00000007
core   0: 0x80010b48 (0x0075acb3) slt     s9, a1, t2
core   0: 3 0x80010b48 (0x0075acb3) x25 0x00000001
core   0: 0x80010b4c (0x010c1c63) bne     s8, a6, pc + 24
core   0: 3 0x80010b4c (0x010c1c63)
core   0: 0x80010b64 (0x03f66a63) bltu    a2, t6, pc + 52
core   0: 3 0x80010b64 (0x03f66a63)
core   0: 0x80010b68 (0x017b4a63) blt     s6, s7, pc + 20
core   0: 3 0x80010b68 (0x017b4a63)
core   0: 0x80010b7c (0x00c7bcb3) sltu    s9, a5, a2
core   0: 3 0x80010b7c (0x00c7bcb3) x25 0x00000000
core   0: 0x80010b80 (0x01bc52b3) srl     t0, s8, s11
core   0: 3 0x80010b80 (0x01bc52b3) x 5 0x000000ff
core   0: 0x80010b84 (0x00000013) nop
core   0: 3 0x80010b84 (0x00000013)
core   0: 0x80010b88 (0x4076d6b3) sra     a3, a3, t2
core   0: 3 0x80010b88 (0x4076d6b3) x13 0xffffffff
core   0: 0x80010b8c (0x00d31b33) sll     s6, t1, a3
core   0: 3 0x80010b8c (0x00d31b33) x22 0x00000000
core   0: 0x80010b90 (0x40fc8733) sub     a4, s9, a5
core   0: 3 0x80010b90 (0x40fc8733) x14 0x7ffd71a4
core   0: 0x80010b94 (0x6567b713) sltiu   a4, a5, 1622
core   0: 3 0x80010b94 (0x6567b713) x14 0x00000000
core   0: 0x80010b98 (0x058e4463) blt     t3, s8, pc + 72
core   0: 3 0x80010b98 (0x058e4463)
core   0: 0x80010b9c (0x01bcee63) bltu    s9, s11, pc + 28
core   0: 3 0x80010b9c (0x01bcee63)
core   0: 0x80010bb8 (0xd2936b93) ori     s7, t1, -727
core   0: 3 0x80010bb8 (0xd2936b93) x23 0xfffffdbf
core   0: 0x80010bbc (0x0000100f) fence.i
core   0: 3 0x80010bbc (0x0000100f)
core   0: 0x80010bc0 (0x004ecab3) xor     s5, t4, tp
core   0: 3 0x80010bc0 (0x004ecab3) x21 0x6045403b
core   0: 0x80010bc4 (0x3615e017) auipc   zero, 0x3615e
core   0: 3 0x80010bc4 (0x3615e017)
core   0: 0x80010bc8 (0x03530263) beq     t1, s5, pc + 36
core   0: 3 0x80010bc8 (0x03530263)
core   0: 0x80010bcc (0x01705413) srli    s0, zero, 23
core   0: 3 0x80010bcc (0x01705413) x 8 0x00000000
core   0: 0x80010bd0 (0x941d8f13) addi    t5, s11, -1727
core   0: 3 0x80010bd0 (0x941d8f13) x30 0xfffff8f9
core   0: 0x80010bd4 (0x40108fb3) sub     t6, ra, ra
core   0: 3 0x80010bd4 (0x40108fb3) x31 0x00000000
core   0: 0x80010bd8 (0x40d85e33) sra     t3, a6, a3
core   0: 3 0x80010bd8 (0x40d85e33) x28 0xffffffff
core   0: 0x80010bdc (0x015e2b33) slt     s6, t3, s5
core   0: 3 0x80010bdc (0x015e2b33) x22 0x00000001
core   0: 0x80010be0 (0x04688863) beq     a7, t1, pc + 80
core   0: 3 0x80010be0 (0x04688863)
core   0: 0x80010be4 (0x01089f13) slli    t5, a7, 16
core   0: 3 0x80010be4 (0x01089f13) x30 0xcce40000
core   0: 0x80010be8 (0x73337c93) andi    s9, t1, 1843
core   0: 3 0x80010be8 (0x73337c93) x25 0x00000012
core   0: 0x80010bec (0xc966fa13) andi    s4, a3, -874
core   0: 3 0x80010bec (0xc966fa13) x20 0xfffffc96
core   0: 0x80010bf0 (0x0ff0000f) fence   iorw,iorw
core   0: 3 0x80010bf0 (0x0ff0000f)
core   0: 0x80010bf4 (0x00dcb6b3) sltu    a3, s9, a3
core   0: 3 0x80010bf4 (0x00dcb6b3) x13 0x00000001
core   0: 0x80010bf8 (0x00ec0ab3) add     s5, s8, a4
core   0: 3 0x80010bf8 (0x00ec0ab3) x21 0xffffff9f
core   0: 0x80010bfc (0x00ff73b3) and     t2, t5, a5
core   0: 3 0x80010bfc (0x00ff73b3) x 7 0x80000000
core   0: 0x80010c00 (0x02385663) bge     a6, gp, pc + 44
core   0: 3 0x80010c00 (0x02385663)
core   0: 0x80010c04 (0x2c8b2313) slti    t1, s6, 712
core   0: 3 0x80010c04 (0x2c8b2313) x 6 0x00000001
core   0: 0x80010c08 (0x78c90093) addi    ra, s2, 1932
core   0: 3 0x80010c08 (0x78c90093) x 1 0x00000850
core   0: 0x80010c0c (0x008090b3) sll     ra, ra, s0
core   0: 3 0x80010c0c (0x008090b3) x 1 0x00000850
core   0: 0x80010c10 (0x477f3993) sltiu   s3, t5, 1143
core   0: 3 0x80010c10 (0x477f3993) x19 0x00000000
core   0: 0x80010c14 (0xf89cfd37) lui     s10, 0xf89cf
core   0: 3 0x80010c14 (0xf89cfd37) x26 0xf89cf000
core   0: 0x80010c18 (0x0061c233) xor     tp, gp, t1
core   0: 3 0x80010c18 (0x0061c233) x 4 0x000063bc
core   0: 0x80010c1c (0xb490b517) auipc   a0, 0xb490b
core   0: 3 0x80010c1c (0xb490b517) x10 0x3491bc1c
core   0: 0x80010c20 (0xb8d1f413) andi    s0, gp, -1139
core   0: 3 0x80010c20 (0xb8d1f413) x 8 0x0000638d
core   0: 0x80010c24 (0x724ab013) sltiu   zero, s5, 1828
core   0: 3 0x80010c24 (0x724ab013)
core   0: 0x80010c28 (0x001acd33) xor     s10, s5, ra
core   0: 3 0x80010c28 (0x001acd33) x26 0xfffff7cf
core   0: 0x80010c2c (0x41095533) sra     a0, s2, a6
core   0: 3 0x80010c2c (0x41095533) x10 0x000000c4
core   0: 0x80010c30 (0x00629533) sll     a0, t0, t1
core   0: 3 0x80010c30 (0x00629533) x10 0x000001fe
core   0: 0x80010c34 (0x0000100f) fence.i
core   0: 3 0x80010c34 (0x0000100f)
core   0: 0x80010c38 (0x0059f1b3) and     gp, s3, t0
core   0: 3 0x80010c38 (0x0059f1b3) x 3 0x00000000
core   0: 0x80010c3c (0x0ba55a63) bge     a0, s10, pc + 180
core   0: 3 0x80010c3c (0x0ba55a63)
core   0: 0x80010cf0 (0x00ca3eb3) sltu    t4, s4, a2
core   0: 3 0x80010cf0 (0x00ca3eb3) x29 0x00000000
core   0: 0x80010cf4 (0x02914863) blt     sp, s1, pc + 48
core   0: 3 0x80010cf4 (0x02914863)
core   0: 0x80010d24 (0x03a65a63) bge     a2, s10, pc + 52
core   0: 3 0x80010d24 (0x03a65a63)
core   0: 0x80010d28 (0x01c53433) sltu    s0, a0, t3
core   0: 3 0x80010d28 (0x01c53433) x 8 0x00000001
core   0: 0x80010d2c (0x037fee63) bltu    t6, s7, pc + 60
core   0: 3 0x80010d2c (0x037fee63)
core   0: 0x80010d68 (0x834fee13) ori     t3, t6, -1996
core   0: 3 0x80010d68 (0x834fee13) x28 0xfffff834
core   0: 0x80010d6c (0x00fd1663) bne     s10, a5, pc + 12
core   0: 3 0x80010d6c (0x00fd1663)
core   0: 0x80010d78 (0xc5fc4213) xori    tp, s8, -929
core   0: 3 0x80010d78 (0xc5fc4213) x 4 0x000003c0
core   0: 0x80010d7c (0x30514c97) auipc   s9, 0x30514
core   0: 3 0x80010d7c (0x30514c97) x25 0xb0524d7c
core   0: 0x80010d80 (0x014bd213) srli    tp, s7, 20
core   0: 3 0x80010d80 (0x014bd213) x 4 0x00000fff
core   0: 0x80010d84 (0xd760bc93) sltiu   s9, ra, -650
core   0: 3 0x80010d84 (0xd760bc93) x25 0x00000001
core   0: 0x80010d88 (0x01f30863) beq     t1, t6, pc + 16
core   0: 3 0x80010d88 (0x01f30863)
core   0: 0x80010d8c (0x85b9ee13) ori     t3, s3, -1957
core   0: 3 0x80010d8c (0x85b9ee13) x28 0xfffff85b
core   0: 0x80010d90 (0x40868b33) sub     s6, a3, s0
core   0: 3 0x80010d90 (0x40868b33) x22 0x00000000
core   0: 0x80010d94 (0x015c6433) or      s0, s8, s5
core   0: 3 0x80010d94 (0x015c6433) x 8 0xffffff9f
core   0: 0x80010d98 (0x05c0f063) bgeu    ra, t3, pc + 64
core   0: 3 0x80010d98 (0x05c0f063)
core   0: 0x80010d9c (0x01ccb3b3) sltu    t2, s9, t3
core   0: 3 0x80010d9c (0x01ccb3b3) x 7 0x00000001
core   0: 0x80010da0 (0x05d45863) bge     s0, t4, pc + 80
core   0: 3 0x80010da0 (0x05d45863)
core   0: 0x80010da4 (0x416981b3) sub     gp, s3, s6
core   0: 3 0x80010da4 (0x416981b3) x 3 0x00000000
core   0: 0x80010da8 (0x00e89c63) bne     a7, a4, pc + 24
core   0: 3 0x80010da8 (0x00e89c63)
core   0: 0x80010dc0 (0x01fafa63) bgeu    s5, t6, pc + 20
core   0: 3 0x80010dc0 (0x01fafa63)
core   0: 0x80010dd4 (0x4198df13) srai    t5, a7, 25
core   0: 3 0x80010dd4 (0x4198df13) x30 0xffffffc0
core   0: 0x80010dd8 (0xbce2bb93) sltiu   s7, t0, -1074
core   0: 3 0x80010dd8 (0xbce2bb93) x23 0x00000001
core   0: 0x80010ddc (0x370c5337) lui     t1, 0x370c5
core   0: 3 0x80010ddc (0x370c5337) x 6 0x370c5000
core   0: 0x80010de0 (0x2e4b3693) sltiu   a3, s6, 740
core   0: 3 0x80010de0 (0x2e4b3693) x13 0x00000001
core   0: 0x80010de4 (0x41f15593) srai    a1, sp, 31
core   0: 3 0x80010de4 (0x41f15593) x11 0xffffffff
core   0: 0x80010de8 (0x49a28117) auipc   sp, 0x49a28
core   0: 3 0x80010de8 (0x49a28117) x 2 0xc9a38de8
core   0: 0x80010dec (0x09ef7f13) andi    t5, t5, 158
core   0: 3 0x80010dec (0x09ef7f13) x30 0x00000080
core   0: 0x80010df0 (0x00000013) nop
core   0: 3 0x80010df0 (0x00000013)
core   0: 0x80010df4 (0x0ff0000f) fence   iorw,iorw
core   0: 3 0x80010df4 (0x0ff0000f)
core   0: 0x80010df8 (0x00000013) nop
core   0: 3 0x80010df8 (0x00000013)
core   0: 0x80010dfc (0x017df433) and     s0, s11, s7
core   0: 3 0x80010dfc (0x017df433) x 8 0x00000000
core   0: 0x80010e00 (0x0000100f) fence.i
core   0: 3 0x80010e00 (0x0000100f)
core   0: 0x80010e04 (0x000c8233) add     tp, s9, zero
core   0: 3 0x80010e04 (0x000c8233) x 4 0x00000001
core   0: 0x80010e08 (0x746b2917) auipc   s2, 0x746b2
core   0: 3 0x80010e08 (0x746b2917) x18 0xf46c2e08
core   0: 0x80010e0c (0x00000013) nop
core   0: 3 0x80010e0c (0x00000013)
core   0: 0x80010e10 (0xb92bbd93) sltiu   s11, s7, -1134
core   0: 3 0x80010e10 (0xb92bbd93) x27 0x00000001
core   0: 0x80010e14 (0x0523c463) blt     t2, s2, pc + 72
core   0: 3 0x80010e14 (0x0523c463)
core   0: 0x80010e18 (0x0ff0000f) fence   iorw,iorw
core   0: 3 0x80010e18 (0x0ff0000f)
core   0: 0x80010e1c (0x56e4e513) ori     a0, s1, 1390
core   0: 3 0x80010e1c (0x56e4e513) x10 0xffffffee
core   0: 0x80010e20 (0x00a780b3) add     ra, a5, a0
core   0: 3 0x80010e20 (0x00a780b3) x 1 0x80028e4a
core   0: 0x80010e24 (0x1a917317) auipc   t1, 0x1a917
core   0: 3 0x80010e24 (0x1a917317) x 6 0x9a927e24
core   0: 0x80010e28 (0xd9277193) andi    gp, a4, -622
core   0: 3 0x80010e28 (0xd9277193) x 3 0x00000000
core   0: 0x80010e2c (0x01635733) srl     a4, t1, s6
core   0: 3 0x80010e2c (0x01635733) x14 0x9a927e24
core   0: 0x80010e30 (0x01dd1a33) sll     s4, s10, t4
core   0: 3 0x80010e30 (0x01dd1a33) x20 0xfffff7cf
core   0: 0x80010e34 (0x00d78ab3) add     s5, a5, a3
core   0: 3 0x80010e34 (0x00d78ab3) x21 0x80028e5d
core   0: 0x80010e38 (0x0234de63) bge     s1, gp, pc + 60
core   0: 3 0x80010e38 (0x0234de63)
core   0: 0x80010e3c (0x0b07c713) xori    a4, a5, 176
core   0: 3 0x80010e3c (0x0b07c713) x14 0x80028eec
core   0: 0x80010e40 (0x0ff0000f) fence   iorw,iorw
core   0: 3 0x80010e40 (0x0ff0000f)
core   0: 0x80010e44 (0x00728433) add     s0, t0, t2
core   0: 3 0x80010e44 (0x00728433) x 8 0x00000100
core   0: 0x80010e48 (0x01a09433) sll     s0, ra, s10
core   0: 3 0x80010e48 (0x01a09433) x 8 0x47250000
core   0: 0x80010e4c (0x8fc24e97) auipc   t4, 0x8fc24
core   0: 3 0x80010e4c (0x8fc24e97) x29 0x0fc34e4c
core   0: 0x80010e50 (0x01f98e33) add     t3, s3, t6
core   0: 3 0x80010e50 (0x01f98e33) x28 0x00000000
core   0: 0x80010e54 (0x40d80a33) sub     s4, a6, a3
core   0: 3 0x80010e54 (0x40d80a33) x20 0x7fffffff
core   0: 0x80010e58 (0x0ad66d13) ori     s10, a2, 173
core   0: 3 0x80010e58 (0x0ad66d13) x26 0x8001d8bf
core   0: 0x80010e5c (0x00731eb3) sll     t4, t1, t2
core   0: 3 0x80010e5c (0x00731eb3) x29 0x3524fc48
core   0: 0x80010e60 (0x0009aa33) slt     s4, s3, zero
core   0: 3 0x80010e60 (0x0009aa33) x20 0x00000000
core   0: 0x80010e64 (0x9b517c13) andi    s8, sp, -1611
core   0: 3 0x80010e64 (0x9b517c13) x24 0xc9a389a0
core   0: 0x80010e68 (0x0032b1b3) sltu    gp, t0, gp
core   0: 3 0x80010e68 (0x0032b1b3) x 3 0x00000000
core   0: 0x80010e6c (0x0ff0000f) fence   iorw,iorw
core   0: 3 0x80010e6c (0x0ff0000f)
core   0: 0x80010e70 (0x41518333) sub     t1, gp, s5
core   0: 3 0x80010e70 (0x41518333) x 6 0x7ffd71a3
core   0: 0x80010e74 (0x01846e63) bltu    s0, s8, pc + 28
core   0: 3 0x80010e74 (0x01846e63)
core   0: 0x80010e90 (0xa96ae993) ori     s3, s5, -1386
core   0: 3 0x80010e90 (0xa96ae993) x19 0xfffffedf
core   0: 0x80010e94 (0x0bd66e17) auipc   t3, 0xbd66
core   0: 3 0x80010e94 (0x0bd66e17) x28 0x8bd76e94
core   0: 0x80010e98 (0x01c4e863) bltu    s1, t3, pc + 16
core   0: 3 0x80010e98 (0x01c4e863)
core   0: 0x80010e9c (0x0088ea33) or      s4, a7, s0
core   0: 3 0x80010e9c (0x0088ea33) x20 0xc727cce4
core   0: 0x80010ea0 (0x403edc33) sra     s8, t4, gp
core   0: 3 0x80010ea0 (0x403edc33) x24 0x3524fc48
core   0: 0x80010ea4 (0x006770b3) and     ra, a4, t1
core   0: 3 0x80010ea4 (0x006770b3) x 1 0x000000a0
core   0: 0x80010ea8 (0x977ebf17) auipc   t5, 0x977eb
core   0: 3 0x80010ea8 (0x977ebf17) x30 0x177fbea8
core   0: 0x80010eac (0xb82ae613) ori     a2, s5, -1150
core   0: 3 0x80010eac (0xb82ae613) x12 0xffffffdf
core   0: 0x80010eb0 (0x99343093) sltiu   ra, s0, -1645
core   0: 3 0x80010eb0 (0x99343093) x 1 0x00000001
core   0: 0x80010eb4 (0x01801f33) sll     t5, zero, s8
core   0: 3 0x80010eb4 (0x01801f33) x30 0x00000000
core   0: 0x80010eb8 (0x13fbde97) auipc   t4, 0x13fbd
core   0: 3 0x80010eb8 (0x13fbde97) x29 0x93fcdeb8
core   0: 0x80010ebc (0x00308a63) beq     ra, gp, pc + 20
core   0: 3 0x80010ebc (0x00308a63)
core   0: 0x80010ec0 (0x0ff0000f) fence   iorw,iorw
core   0: 3 0x80010ec0 (0x0ff0000f)
core   0: 0x80010ec4 (0x01839993) slli    s3, t2, 24
core   0: 3 0x80010ec4 (0x01839993) x19 0x01000000
core   0: 0x80010ec8 (0x03d51c63) bne     a0, t4, pc + 56
core   0: 3 0x80010ec8 (0x03d51c63)
core   0: 0x80010f00 (0x81fd2713) slti    a4, s10, -2017
core   0: 3 0x80010f00 (0x81fd2713) x14 0x00000001
core   0: 0x80010f04 (0x29cf4913) xori    s2, t5, 668
core   0: 3 0x80010f04 (0x29cf4913) x18 0x0000029c
core   0: 0x80010f08 (0x0000100f) fence.i
core   0: 3 0x80010f08 (0x0000100f)
core   0: 0x80010f0c (0x97518b93) addi    s7, gp, -1675
core   0: 3 0x80010f0c (0x97518b93) x23 0xfffff975
core   0: 0x80010f10 (0x0027d1b3) srl     gp, a5, sp
core   0: 3 0x80010f10 (0x0027d1b3) x 3 0x0080028e
core   0: 0x80010f14 (0x00b84533) xor     a0, a6, a1
core   0: 3 0x80010f14 (0x00b84533) x10 0x7fffffff
core   0: 0x80010f18 (0x00000013) nop
core   0: 3 0x80010f18 (0x00000013)
core   0: 0x80010f1c (0x01169993) slli    s3, a3, 17
core   0: 3 0x80010f1c (0x01169993) x19 0x00020000
core   0: 0x80010f20 (0x305bf113) andi    sp, s7, 773
core   0: 3 0x80010f20 (0x305bf113) x 2 0x00000105
core   0: 0x80010f24 (0x03b34e63) blt     t1, s11, pc + 60
core   0: 3 0x80010f24 (0x03b34e63)
core   0: 0x80010f28 (0x1c1f1297) auipc   t0, 0x1c1f1
core   0: 3 0x80010f28 (0x1c1f1297) x 5 0x9c201f28
core   0: 0x80010f2c (0x02621663) bne     tp, t1, pc + 44
core   0: 3 0x80010f2c (0x02621663)
core   0: 0x80010f58 (0x3563fd13) andi    s10, t2, 854
core   0: 3 0x80010f58 (0x3563fd13) x26 0x00000000
core   0: 0x80010f5c (0x0021bd33) sltu    s10, gp, sp
core   0: 3 0x80010f5c (0x0021bd33) x26 0x00000000
core   0: 0x80010f60 (0x404251b3) sra     gp, tp, tp
core   0: 3 0x80010f60 (0x404251b3) x 3 0x00000000
core   0: 0x80010f64 (0x0007cd33) xor     s10, a5, zero
core   0: 3 0x80010f64 (0x0007cd33) x26 0x80028e5c
core   0: 0x80010f68 (0x9d33e113) ori     sp, t2, -1581
core   0: 3 0x80010f68 (0x9d33e113) x 2 0xfffff9d3
core   0: 0x80010f6c (0x01301c13) slli    s8, zero, 19
core   0: 3 0x80010f6c (0x01301c13) x24 0x00000000
core   0: 0x80010f70 (0x225daf93) slti    t6, s11, 549
core   0: 3 0x80010f70 (0x225daf93) x31 0x00000001
core   0: 0x80010f74 (0x415f8633) sub     a2, t6, s5
core   0: 3 0x80010f74 (0x415f8633) x12 0x7ffd71a4
core   0: 0x80010f78 (0x01516033) or      zero, sp, s5
core   0: 3 0x80010f78 (0x01516033)
core   0: 0x80010f7c (0x65204d93) xori    s11, zero, 1618
core   0: 3 0x80010f7c (0x65204d93) x27 0x00000652
core   0: 0x80010f80 (0x00000013) nop
core   0: 3 0x80010f80 (0x00000013)
core   0: 0x80010f84 (0x15c76697) auipc   a3, 0x15c76
core   0: 3 0x80010f84 (0x15c76697) x13 0x95c86f84
core   0: 0x80010f88 (0x041b7263) bgeu    s6, ra, pc + 68
core   0: 3 0x80010f88 (0x041b7263)
core   0: 0x80010f8c (0x010ad263) bge     s5, a6, pc + 4
core   0: 3 0x80010f8c (0x010ad263)
core   0: 0x80010f90 (0x00ce5633) srl     a2, t3, a2
core   0: 3 0x80010f90 (0x00ce5633) x12 0x08bd76e9
core   0: 0x80010f94 (0x05e77063) bgeu    a4, t5, pc + 64
core   0: 3 0x80010f94 (0x05e77063)
core   0: 0x80010fd4 (0x90e50217) auipc   tp, 0x90e50
core   0: 3 0x80010fd4 (0x90e50217) x 4 0x10e60fd4
core   0: 0x80010fd8 (0x00aa6393) ori     t2, s4, 10
core   0: 3 0x80010fd8 (0x00aa6393) x 7 0xc727ccee
core   0: 0x80010fdc (0x0178ae33) slt     t3, a7, s7
core   0: 3 0x80010fdc (0x0178ae33) x28 0x00000001
core   0: 0x80010fe0 (0x0ff0000f) fence   iorw,iorw
core   0: 3 0x80010fe0 (0x0ff0000f)
core   0: 0x80010fe4 (0x0000100f) fence.i
core   0: 3 0x80010fe4 (0x0000100f)
core   0: 0x80010fe8 (0x3e2ced13) ori     s10, s9, 994
core   0: 3 0x80010fe8 (0x3e2ced13) x26 0x000003e3
core   0: 0x80010fec (0x0000100f) fence.i
core   0: 3 0x80010fec (0x0000100f)
core   0: 0x80010ff0 (0x03426e63) bltu    tp, s4, pc + 60
core   0: 3 0x80010ff0 (0x03426e63)
core   0: 0x8001102c (0x00294a33) xor     s4, s2, sp
core   0: 3 0x8001102c (0x00294a33) x20 0xfffffb4f
core   0: 0x80011030 (0xb0e1a117) auipc   sp, 0xb0e1a
core   0: 3 0x80011030 (0xb0e1a117) x 2 0x30e2b030
core   0: 0x80011034 (0x0ff0000f) fence   iorw,iorw
core   0: 3 0x80011034 (0x0ff0000f)
core   0: 0x80011038 (0x41935413) srai    s0, t1, 25
core   0: 3 0x80011038 (0x41935413) x 8 0x0000003f
core   0: 0x8001103c (0x40e754b3) sra     s1, a4, a4
core   0: 3 0x8001103c (0x40e754b3) x 9 0x00000000
core   0: 0x80011040 (0x40d65533) sra     a0, a2, a3
core   0: 3 0x80011040 (0x40d65533) x10 0x008bd76e
core   0: 0x80011044 (0x94760713) addi    a4, a2, -1721
core   0: 3 0x80011044 (0x94760713) x14 0x08bd7030
core   0: 0x80011048 (0x01b0bb33) sltu    s6, ra, s11
core   0: 3 0x80011048 (0x01b0bb33) x22 0x00000001
core   0: 0x8001104c (0x40250cb3) sub     s9, a0, sp
core   0: 3 0x8001104c (0x40250cb3) x25 0xcfa9273e
core   0: 0x80011050 (0x0493c063) blt     t2, s1, pc + 64
core   0: 3 0x80011050 (0x0493c063)
core   0: 0x80011090 (0x6e32c313) xori    t1, t0, 1763
core   0: 3 0x80011090 (0x6e32c313) x 6 0x9c2019cb
core   0: 0x80011094 (0x031b6663) bltu    s6, a7, pc + 44
core   0: 3 0x80011094 (0x031b6663)
core   0: 0x800110c0 (0xe816f113) andi    sp, a3, -383
core   0: 3 0x800110c0 (0xe816f113) x 2 0x95c86e80
core   0: 0x800110c4 (0x05a35063) bge     t1, s10, pc + 64
core   0: 3 0x800110c4 (0x05a35063)
core   0: 0x800110c8 (0xb7256693) ori     a3, a0, -1166
core   0: 3 0x800110c8 (0xb7256693) x13 0xffffff7e
core   0: 0x800110cc (0x0118f333) and     t1, a7, a7
core   0: 3 0x800110cc (0x0118f333) x 6 0x8002cce4
core   0: 0x800110d0 (0x05b77463) bgeu    a4, s11, pc + 72
core   0: 3 0x800110d0 (0x05b77463)
core   0: 0x80011118 (0x01ddca63) blt     s11, t4, pc + 20
core   0: 3 0x80011118 (0x01ddca63)
core   0: 0x8001111c (0x0099c663) blt     s3, s1, pc + 12
core   0: 3 0x8001111c (0x0099c663)
core   0: 0x80011120 (0x02704663) blt     zero, t2, pc + 44
core   0: 3 0x80011120 (0x02704663)
core   0: 0x80011124 (0x0024c4b3) xor     s1, s1, sp
core   0: 3 0x80011124 (0x0024c4b3) x 9 0x95c86e80
core   0: 0x80011128 (0x0165f863) bgeu    a1, s6, pc + 16
core   0: 3 0x80011128 (0x0165f863)
core   0: 0x80011138 (0x25e7b693) sltiu   a3, a5, 606
core   0: 3 0x80011138 (0x25e7b693) x13 0x00000000
core   0: 0x8001113c (0x0ff0000f) fence   iorw,iorw
core   0: 3 0x8001113c (0x0ff0000f)
core   0: 0x80011140 (0x02797c63) bgeu    s2, t2, pc + 56
core   0: 3 0x80011140 (0x02797c63)
core   0: 0x80011144 (0x00e4c1b3) xor     gp, s1, a4
core   0: 3 0x80011144 (0x00e4c1b3) x 3 0x9d751eb0
core   0: 0x80011148 (0x03799863) bne     s3, s7, pc + 48
core   0: 3 0x80011148 (0x03799863)
core   0: 0x80011178 (0x00000013) nop
core   0: 3 0x80011178 (0x00000013)
core   0: 0x8001117c (0x50d0cf93) xori    t6, ra, 1293
core   0: 3 0x8001117c (0x50d0cf93) x31 0x0000050c
core   0: 0x80011180 (0x00184033) xor     zero, a6, ra
core   0: 3 0x80011180 (0x00184033)
core   0: 0x80011184 (0x41f75c93) srai    s9, a4, 31
core   0: 3 0x80011184 (0x41f75c93) x25 0x00000000
core   0: 0x80011188 (0x00437863) bgeu    t1, tp, pc + 16
core   0: 3 0x80011188 (0x00437863)
core   0: 0x80011198 (0x86b88c97) auipc   s9, 0x86b88
core   0: 3 0x80011198 (0x86b88c97) x25 0x06b99198
core   0: 0x8001119c (0x73076c93) ori     s9, a4, 1840
core   0: 3 0x8001119c (0x73076c93) x25 0x08bd7730
core   0: 0x800111a0 (0x0047a983) lw      s3, 4(a5)
core   0: 3 0x800111a0 (0x0047a983) x19 0x8000181c mem 0x80028e60
core   0: 0x800111a4 (0x12464293) xori    t0, a2, 292
core   0: 3 0x800111a4 (0x12464293) x 5 0x08bd77cd
core   0: 0x800111a8 (0xdff1a693) slti    a3, gp, -513
core   0: 3 0x800111a8 (0xdff1a693) x13 0x00000001
core   0: 0x800111ac (0x00878793) addi    a5, a5, 8
core   0: 3 0x800111ac (0x00878793) x15 0x80028e64
core   0: 0x800111b0 (0x018c1e33) sll     t3, s8, s8
core   0: 3 0x800111b0 (0x018c1e33) x28 0x00000000
core   0: 0x800111b4 (0x00198e13) addi    t3, s3, 1
core   0: 3 0x800111b4 (0x00198e13) x28 0x8000181d
core   0: 0x800111b8 (0x000e0e67) jalr    t3, t3, 0
core   0: 3 0x800111b8 (0x000e0e67) x28 0x800111bc
core   0: 0x8000181c (0xf2374a93) xori    s5, a4, -221
core   0: 3 0x8000181c (0xf2374a93) x21 0xf7428f13
core   0: 0x80001820 (0x5539ea97) auipc   s5, 0x5539e
core   0: 3 0x80001820 (0x5539ea97) x21 0xd539f820
core   0: 0x80001824 (0x0ff0000f) fence   iorw,iorw
core   0: 3 0x80001824 (0x0ff0000f)
core   0: 0x80001828 (0x0f3d0693) addi    a3, s10, 243
core   0: 3 0x80001828 (0x0f3d0693) x13 0x000004d6
core   0: 0x8000182c (0x070dee63) bltu    s11, a6, pc + 124
core   0: 3 0x8000182c (0x070dee63)
core   0: 0x800018a8 (0x08d30a13) addi    s4, t1, 141
core   0: 3 0x800018a8 (0x08d30a13) x20 0x8002cd71
core   0: 0x800018ac (0x00f81b93) slli    s7, a6, 15
core   0: 3 0x800018ac (0x00f81b93) x23 0x00000000
core   0: 0x800018b0 (0x00a706b3) add     a3, a4, a0
core   0: 3 0x800018b0 (0x00a706b3) x13 0x0949479e
core   0: 0x800018b4 (0x00342d33) slt     s10, s0, gp
core   0: 3 0x800018b4 (0x00342d33) x26 0x00000000
core   0: 0x800018b8 (0x00000013) nop
core   0: 3 0x800018b8 (0x00000013)
core   0: 0x800018bc (0x41b2d613) srai    a2, t0, 27
core   0: 3 0x800018bc (0x41b2d613) x12 0x00000001
core   0: 0x800018c0 (0x82348313) addi    t1, s1, -2013
core   0: 3 0x800018c0 (0x82348313) x 6 0x95c866a3
core   0: 0x800018c4 (0x01ae94b3) sll     s1, t4, s10
core   0: 3 0x800018c4 (0x01ae94b3) x 9 0x93fcdeb8
core   0: 0x800018c8 (0x019c0463) beq     s8, s9, pc + 8
core   0: 3 0x800018c8 (0x019c0463)
core   0: 0x800018cc (0xa9ab6537) lui     a0, 0xa9ab6
core   0: 3 0x800018cc (0xa9ab6537) x10 0xa9ab6000
core   0: 0x800018d0 (0x01f87cb3) and     s9, a6, t6
core   0: 3 0x800018d0 (0x01f87cb3) x25 0x00000000
core   0: 0x800018d4 (0x35d30a93) addi    s5, t1, 861
core   0: 3 0x800018d4 (0x35d30a93) x21 0x95c86a00
core   0: 0x800018d8 (0x02451863) bne     a0, tp, pc + 48
core   0: 3 0x800018d8 (0x02451863)
core   0: 0x80001908 (0x01541ab3) sll     s5, s0, s5
core   0: 3 0x80001908 (0x01541ab3) x21 0x0000003f
core   0: 0x8000190c (0x44d88513) addi    a0, a7, 1101
core   0: 3 0x8000190c (0x44d88513) x10 0x8002d131
core   0: 0x80001910 (0x0179e863) bltu    s3, s7, pc + 16
core   0: 3 0x80001910 (0x0179e863)
core   0: 0x80001914 (0xbdb9c693) xori    a3, s3, -1061
core   0: 3 0x80001914 (0xbdb9c693) x13 0x7fffe3c7
core   0: 0x80001918 (0x00810633) add     a2, sp, s0
core   0: 3 0x80001918 (0x00810633) x12 0x95c86ebf
core   0: 0x8000191c (0x01421c93) slli    s9, tp, 20
core   0: 3 0x8000191c (0x01421c93) x25 0xfd400000
core   0: 0x80001920 (0x00bf0733) add     a4, t5, a1
core   0: 3 0x80001920 (0x00bf0733) x14 0xffffffff
core   0: 0x80001924 (0x016bdcb3) srl     s9, s7, s6
core   0: 3 0x80001924 (0x016bdcb3) x25 0x00000000
core   0: 0x80001928 (0xa88f8293) addi    t0, t6, -1400
core   0: 3 0x80001928 (0xa88f8293) x 5 0xffffff94
core   0: 0x8000192c (0x00433bb3) sltu    s7, t1, tp
core   0: 3 0x8000192c (0x00433bb3) x23 0x00000000
core   0: 0x80001930 (0x0ff0000f) fence   iorw,iorw
core   0: 3 0x80001930 (0x0ff0000f)
core   0: 0x80001934 (0x01d12b33) slt     s6, sp, t4
core   0: 3 0x80001934 (0x01d12b33) x22 0x00000000
core   0: 0x80001938 (0x0ff0000f) fence   iorw,iorw
core   0: 3 0x80001938 (0x0ff0000f)
core   0: 0x8000193c (0x01d7a2b3) slt     t0, a5, t4
core   0: 3 0x8000193c (0x01d7a2b3) x 5 0x00000001
core   0: 0x80001940 (0x21460913) addi    s2, a2, 532
core   0: 3 0x80001940 (0x21460913) x18 0x95c870d3
core   0: 0x80001944 (0x01177a33) and     s4, a4, a7
core   0: 3 0x80001944 (0x01177a33) x20 0x8002cce4
core   0: 0x80001948 (0xf831ba93) sltiu   s5, gp, -125
core   0: 3 0x80001948 (0xf831ba93) x21 0x00000001
core   0: 0x8000194c (0x0000100f) fence.i
core   0: 3 0x8000194c (0x0000100f)
core   0: 0x80001950 (0x03c31263) bne     t1, t3, pc + 36
core   0: 3 0x80001950 (0x03c31263)
core   0: 0x80001974 (0x02846063) bltu    s0, s0, pc + 32
core   0: 3 0x80001974 (0x02846063)
core   0: 0x80001978 (0x00e0f933) and     s2, ra, a4
core   0: 3 0x80001978 (0x00e0f933) x18 0x00000001
core   0: 0x8000197c (0x41e8dcb3) sra     s9, a7, t5
core   0: 3 0x8000197c (0x41e8dcb3) x25 0x8002cce4
core   0: 0x80001980 (0x006aa9b3) slt     s3, s5, t1
core   0: 3 0x80001980 (0x006aa9b3) x19 0x00000000
core   0: 0x80001984 (0x70a40e13) addi    t3, s0, 1802
core   0: 3 0x80001984 (0x70a40e13) x28 0x00000749
core   0: 0x80001988 (0x00727663) bgeu    tp, t2, pc + 12
core   0: 3 0x80001988 (0x00727663)
core   0: 0x8000198c (0x03248a63) beq     s1, s2, pc + 52
core   0: 3 0x8000198c (0x03248a63)
core   0: 0x80001990 (0x00000013) nop
core   0: 3 0x80001990 (0x00000013)
core   0: 0x80001994 (0x00560863) beq     a2, t0, pc + 16
core   0: 3 0x80001994 (0x00560863)
core   0: 0x80001998 (0x00000013) nop
core   0: 3 0x80001998 (0x00000013)
core   0: 0x8000199c (0xb17a8713) addi    a4, s5, -1257
core   0: 3 0x8000199c (0xb17a8713) x14 0xfffffb18
core   0: 0x800019a0 (0x00000013) nop
core   0: 3 0x800019a0 (0x00000013)
core   0: 0x800019a4 (0x00799e63) bne     s3, t2, pc + 28
core   0: 3 0x800019a4 (0x00799e63)
core   0: 0x800019c0 (0x03eb5863) bge     s6, t5, pc + 48
core   0: 3 0x800019c0 (0x03eb5863)
core   0: 0x800019f0 (0x00ba4463) blt     s4, a1, pc + 8
core   0: 3 0x800019f0 (0x00ba4463)
core   0: 0x800019f8 (0x39a3fc13) andi    s8, t2, 922
core   0: 3 0x800019f8 (0x39a3fc13) x24 0x0000008a
core   0: 0x800019fc (0x00b86d33) or      s10, a6, a1
core   0: 3 0x800019fc (0x00b86d33) x26 0xffffffff
core   0: 0x80001a00 (0x00000013) nop
core   0: 3 0x80001a00 (0x00000013)
core   0: 0x80001a04 (0x000bda33) srl     s4, s7, zero
core   0: 3 0x80001a04 (0x000bda33) x20 0x00000000
core   0: 0x80001a08 (0x41295e93) srai    t4, s2, 18
core   0: 3 0x80001a08 (0x41295e93) x29 0x00000000
core   0: 0x80001a0c (0xaef90493) addi    s1, s2, -1297
core   0: 3 0x80001a0c (0xaef90493) x 9 0xfffffaf0
core   0: 0x80001a10 (0x775482b7) lui     t0, 0x77548
core   0: 3 0x80001a10 (0x775482b7) x 5 0x77548000
core   0: 0x80001a14 (0x01bed033) srl     zero, t4, s11
core   0: 3 0x80001a14 (0x01bed033)
core   0: 0x80001a18 (0x411fdc13) srai    s8, t6, 17
core   0: 3 0x80001a18 (0x411fdc13) x24 0x00000000
core   0: 0x80001a1c (0x703a6413) ori     s0, s4, 1795
core   0: 3 0x80001a1c (0x703a6413) x 8 0x00000703
core   0: 0x80001a20 (0x043f9463) bne     t6, gp, pc + 72
core   0: 3 0x80001a20 (0x043f9463)
core   0: 0x80001a68 (0x01e6e3b3) or      t2, a3, t5
core   0: 3 0x80001a68 (0x01e6e3b3) x 7 0x7fffe3c7
core   0: 0x80001a6c (0x0142db93) srli    s7, t0, 20
core   0: 3 0x80001a6c (0x0142db93) x23 0x00000775
core   0: 0x80001a70 (0x01229f93) slli    t6, t0, 18
core   0: 3 0x80001a70 (0x01229f93) x31 0x00000000
core   0: 0x80001a74 (0x0000100f) fence.i
core   0: 3 0x80001a74 (0x0000100f)
core   0: 0x80001a78 (0x00000013) nop
core   0: 3 0x80001a78 (0x00000013)
core   0: 0x80001a7c (0x0000100f) fence.i
core   0: 3 0x80001a7c (0x0000100f)
core   0: 0x80001a80 (0x01c85213) srli    tp, a6, 28
core   0: 3 0x80001a80 (0x01c85213) x 4 0x00000008
core   0: 0x80001a84 (0x004052b3) srl     t0, zero, tp
core   0: 3 0x80001a84 (0x004052b3) x 5 0x00000000
core   0: 0x80001a88 (0x00000013) nop
core   0: 3 0x80001a88 (0x00000013)
core   0: 0x80001a8c (0x0018fab3) and     s5, a7, ra
core   0: 3 0x80001a8c (0x0018fab3) x21 0x00000000
core   0: 0x80001a90 (0xa2789c17) auipc   s8, 0xa2789
core   0: 3 0x80001a90 (0xa2789c17) x24 0x2278aa90
core   0: 0x80001a94 (0x01b19e13) slli    t3, gp, 27
core   0: 3 0x80001a94 (0x01b19e13) x28 0x80000000
core   0: 0x80001a98 (0x0173bf93) sltiu   t6, t2, 23
core   0: 3 0x80001a98 (0x0173bf93) x31 0x00000000
core   0: 0x80001a9c (0x057f8263) beq     t6, s7, pc + 68
core   0: 3 0x80001a9c (0x057f8263)
core   0: 0x80001aa0 (0xfdbfee93) ori     t4, t6, -37
core   0: 3 0x80001aa0 (0xfdbfee93) x29 0xffffffdb
core   0: 0x80001aa4 (0x0ff0000f) fence   iorw,iorw
core   0: 3 0x80001aa4 (0x0ff0000f)
core   0: 0x80001aa8 (0x00000013) nop
core   0: 3 0x80001aa8 (0x00000013)
core   0: 0x80001aac (0x01f2f633) and     a2, t0, t6
core   0: 3 0x80001aac (0x01f2f633) x12 0x00000000
core   0: 0x80001ab0 (0x0075dab3) srl     s5, a1, t2
core   0: 3 0x80001ab0 (0x0075dab3) x21 0x01ffffff
core   0: 0x80001ab4 (0x008a5333) srl     t1, s4, s0
core   0: 3 0x80001ab4 (0x008a5333) x 6 0x00000000
core   0: 0x80001ab8 (0x2bbdfc13) andi    s8, s11, 699
core   0: 3 0x80001ab8 (0x2bbdfc13) x24 0x00000212
core   0: 0x80001abc (0x012f5f13) srli    t5, t5, 18
core   0: 3 0x80001abc (0x012f5f13) x30 0x00000000
core   0: 0x80001ac0 (0x00000013) nop
core   0: 3 0x80001ac0 (0x00000013)
core   0: 0x80001ac4 (0x35338c13) addi    s8, t2, 851
core   0: 3 0x80001ac4 (0x35338c13) x24 0x7fffe71a
core   0: 0x80001ac8 (0x00ec9e33) sll     t3, s9, a4
core   0: 3 0x80001ac8 (0x00ec9e33) x28 0xe4000000
core   0: 0x80001acc (0x00101d13) slli    s10, zero, 1
core   0: 3 0x80001acc (0x00101d13) x26 0x00000000
core   0: 0x80001ad0 (0x0228c063) blt     a7, sp, pc + 32
core   0: 3 0x80001ad0 (0x0228c063)
core   0: 0x80001af0 (0x0ff0000f) fence   iorw,iorw
core   0: 3 0x80001af0 (0x0ff0000f)
core   0: 0x80001af4 (0xfa47ba93) sltiu   s5, a5, -92
core   0: 3 0x80001af4 (0xfa47ba93) x21 0x00000001
core   0: 0x80001af8 (0x8c3f8193) addi    gp, t6, -1853
core   0: 3 0x80001af8 (0x8c3f8193) x 3 0xfffff8c3
core   0: 0x80001afc (0x0109aab3) slt     s5, s3, a6
core   0: 3 0x80001afc (0x0109aab3) x21 0x00000000
core   0: 0x80001b00 (0x8a5074b7) lui     s1, 0x8a507
core   0: 3 0x80001b00 (0x8a5074b7) x 9 0x8a507000
core   0: 0x80001b04 (0x010389b3) add     s3, t2, a6
core   0: 3 0x80001b04 (0x010389b3) x19 0xffffe3c7
core   0: 0x80001b08 (0x01988463) beq     a7, s9, pc + 8
core   0: 3 0x80001b08 (0x01988463)
core   0: 0x80001b10 (0x05c4c463) blt     s1, t3, pc + 72
core   0: 3 0x80001b10 (0x05c4c463)
core   0: 0x80001b58 (0x5358b493) sltiu   s1, a7, 1333
core   0: 3 0x80001b58 (0x5358b493) x 9 0x00000000
core   0: 0x80001b5c (0x0ff0000f) fence   iorw,iorw
core   0: 3 0x80001b5c (0x0ff0000f)
core   0: 0x80001b60 (0x0262f863) bgeu    t0, t1, pc + 48
core   0: 3 0x80001b60 (0x0262f863)
core   0: 0x80001b90 (0x0104d213) srli    tp, s1, 16
core   0: 3 0x80001b90 (0x0104d213) x 4 0x00000000
core   0: 0x80001b94 (0x003675b3) and     a1, a2, gp
core   0: 3 0x80001b94 (0x003675b3) x11 0x00000000
core   0: 0x80001b98 (0x0150c733) xor     a4, ra, s5
core   0: 3 0x80001b98 (0x0150c733) x14 0x00000001
core   0: 0x80001b9c (0x8de84213) xori    tp, a6, -1826
core   0: 3 0x80001b9c (0x8de84213) x 4 0x7ffff8de
core   0: 0x80001ba0 (0x00c58bb3) add     s7, a1, a2
core   0: 3 0x80001ba0 (0x00c58bb3) x23 0x00000000
core   0: 0x80001ba4 (0x01461913) slli    s2, a2, 20
core   0: 3 0x80001ba4 (0x01461913) x18 0x00000000
core   0: 0x80001ba8 (0x022d5c63) bge     s10, sp, pc + 56
core   0: 3 0x80001ba8 (0x022d5c63)
core   0: 0x80001be0 (0x0599d263) bge     s3, s9, pc + 68
core   0: 3 0x80001be0 (0x0599d263)
core   0: 0x80001c24 (0xdf68bf13) sltiu   t5, a7, -522
core   0: 3 0x80001c24 (0xdf68bf13) x30 0x00000001
core   0: 0x80001c28 (0x017bc6b3) xor     a3, s7, s7
core   0: 3 0x80001c28 (0x017bc6b3) x13 0x00000000
core   0: 0x80001c2c (0x414a5133) sra     sp, s4, s4
core   0: 3 0x80001c2c (0x414a5133) x 2 0x00000000
core   0: 0x80001c30 (0xa9f4f113) andi    sp, s1, -1377
core   0: 3 0x80001c30 (0xa9f4f113) x 2 0x00000000
core   0: 0x80001c34 (0x01014b33) xor     s6, sp, a6
core   0: 3 0x80001c34 (0x01014b33) x22 0x80000000
core   0: 0x80001c38 (0x40468e33) sub     t3, a3, tp
core   0: 3 0x80001c38 (0x40468e33) x28 0x80000722
core   0: 0x80001c3c (0x00758c63) beq     a1, t2, pc + 24
core   0: 3 0x80001c3c (0x00758c63)
core   0: 0x80001c40 (0x01534463) blt     t1, s5, pc + 8
core   0: 3 0x80001c40 (0x01534463)
core   0: 0x80001c44 (0xa9b8b913) sltiu   s2, a7, -1381
core   0: 3 0x80001c44 (0xa9b8b913) x18 0x00000001
core   0: 0x80001c48 (0x0301f063) bgeu    gp, a6, pc + 32
core   0: 3 0x80001c48 (0x0301f063)
core   0: 0x80001c68 (0xedb1f593) andi    a1, gp, -293
core   0: 3 0x80001c68 (0xedb1f593) x11 0xfffff8c3
core   0: 0x80001c6c (0x007e9c33) sll     s8, t4, t2
core   0: 3 0x80001c6c (0x007e9c33) x24 0xffffed80
core   0: 0x80001c70 (0x01f86ab3) or      s5, a6, t6
core   0: 3 0x80001c70 (0x01f86ab3) x21 0x80000000
core   0: 0x80001c74 (0x03a0f463) bgeu    ra, s10, pc + 40
core   0: 3 0x80001c74 (0x03a0f463)
core   0: 0x80001c9c (0x0117ce33) xor     t3, a5, a7
core   0: 3 0x80001c9c (0x0117ce33) x28 0x00004280
core   0: 0x80001ca0 (0x68350593) addi    a1, a0, 1667
core   0: 3 0x80001ca0 (0x68350593) x11 0x8002d7b4
core   0: 0x80001ca4 (0x03c40663) beq     s0, t3, pc + 44
core   0: 3 0x80001ca4 (0x03c40663)
core   0: 0x80001ca8 (0x41bfddb3) sra     s11, t6, s11
core   0: 3 0x80001ca8 (0x41bfddb3) x27 0x00000000
core   0: 0x80001cac (0xc7772d13) slti    s10, a4, -905
core   0: 3 0x80001cac (0xc7772d13) x26 0x00000000
core   0: 0x80001cb0 (0xc9ad2e13) slti    t3, s10, -870
core   0: 3 0x80001cb0 (0xc9ad2e13) x28 0x00000000
core   0: 0x80001cb4 (0x00016e63) bltu    sp, zero, pc + 28
core   0: 3 0x80001cb4 (0x00016e63)
core   0: 0x80001cb8 (0x41a45d13) srai    s10, s0, 26
core   0: 3 0x80001cb8 (0x41a45d13) x26 0x00000000
core   0: 0x80001cbc (0x0000100f) fence.i
core   0: 3 0x80001cbc (0x0000100f)
core   0: 0x80001cc0 (0x415ddc93) srai    s9, s11, 21
core   0: 3 0x80001cc0 (0x415ddc93) x25 0x00000000
core   0: 0x80001cc4 (0x01811463) bne     sp, s8, pc + 8
core   0: 3 0x80001cc4 (0x01811463)
core   0: 0x80001ccc (0x82b94f93) xori    t6, s2, -2005
core   0: 3 0x80001ccc (0x82b94f93) x31 0xfffff82a
core   0: 0x80001cd0 (0x01eddd13) srli    s10, s11, 30
core   0: 3 0x80001cd0 (0x01eddd13) x26 0x00000000
core   0: 0x80001cd4 (0x00715863) bge     sp, t2, pc + 16
core   0: 3 0x80001cd4 (0x00715863)
core   0: 0x80001cd8 (0x0ff0000f) fence   iorw,iorw
core   0: 3 0x80001cd8 (0x0ff0000f)
core   0: 0x80001cdc (0x00b051b3) srl     gp, zero, a1
core   0: 3 0x80001cdc (0x00b051b3) x 3 0x00000000
core   0: 0x80001ce0 (0x00f8d733) srl     a4, a7, a5
core   0: 3 0x80001ce0 (0x00f8d733) x14 0x08002cce
core   0: 0x80001ce4 (0xfe17e593) ori     a1, a5, -31
core   0: 3 0x80001ce4 (0xfe17e593) x11 0xffffffe5
core   0: 0x80001ce8 (0x01413cb3) sltu    s9, sp, s4
core   0: 3 0x80001ce8 (0x01413cb3) x25 0x00000000
core   0: 0x80001cec (0x0465e063) bltu    a1, t1, pc + 64
core   0: 3 0x80001cec (0x0465e063)
core   0: 0x80001cf0 (0x03df0063) beq     t5, t4, pc + 32
core   0: 3 0x80001cf0 (0x03df0063)
core   0: 0x80001cf4 (0x01e61313) slli    t1, a2, 30
core   0: 3 0x80001cf4 (0x01e61313) x 6 0x00000000
core   0: 0x80001cf8 (0x00dd93b3) sll     t2, s11, a3
core   0: 3 0x80001cf8 (0x00dd93b3) x 7 0x00000000
core   0: 0x80001cfc (0x0ff0000f) fence   iorw,iorw
core   0: 3 0x80001cfc (0x0ff0000f)
core   0: 0x80001d00 (0x0000100f) fence.i
core   0: 3 0x80001d00 (0x0000100f)
core   0: 0x80001d04 (0x01481d13) slli    s10, a6, 20
core   0: 3 0x80001d04 (0x01481d13) x26 0x00000000
core   0: 0x80001d08 (0xf7694493) xori    s1, s2, -138
core   0: 3 0x80001d08 (0xf7694493) x 9 0xffffff77
core   0: 0x80001d0c (0x0048d933) srl     s2, a7, tp
core   0: 3 0x80001d0c (0x0048d933) x18 0x00000002
core   0: 0x80001d10 (0x41ccdb33) sra     s6, s9, t3
core   0: 3 0x80001d10 (0x41ccdb33) x22 0x00000000
core   0: 0x80001d14 (0x41110fb3) sub     t6, sp, a7
core   0: 3 0x80001d14 (0x41110fb3) x31 0x7ffd331c
core   0: 0x80001d18 (0x03575a63) bge     a4, s5, pc + 52
core   0: 3 0x80001d18 (0x03575a63)
core   0: 0x80001d4c (0xeb5c3393) sltiu   t2, s8, -331
core   0: 3 0x80001d4c (0xeb5c3393) x 7 0x00000001
core   0: 0x80001d50 (0x04cb7863) bgeu    s6, a2, pc + 80
core   0: 3 0x80001d50 (0x04cb7863)
core   0: 0x80001da0 (0x7d8c4913) xori    s2, s8, 2008
core   0: 3 0x80001da0 (0x7d8c4913) x18 0xffffea58
core   0: 0x80001da4 (0x414adb93) srai    s7, s5, 20
core   0: 3 0x80001da4 (0x414adb93) x23 0xfffff800
core   0: 0x80001da8 (0x8d0fa113) slti    sp, t6, -1840
core   0: 3 0x80001da8 (0x8d0fa113) x 2 0x00000000
core   0: 0x80001dac (0x003d3b33) sltu    s6, s10, gp
core   0: 3 0x80001dac (0x003d3b33) x22 0x00000000
core   0: 0x80001db0 (0x00991693) slli    a3, s2, 9
core   0: 3 0x80001db0 (0x00991693) x13 0xffd4b000
core   0: 0x80001db4 (0x036af663) bgeu    s5, s6, pc + 44
core   0: 3 0x80001db4 (0x036af663)
core   0: 0x80001de0 (0xfc290317) auipc   t1, 0xfc290
core   0: 3 0x80001de0 (0xfc290317) x 6 0x7c291de0
core   0: 0x80001de4 (0x0150b6b3) sltu    a3, ra, s5
core   0: 3 0x80001de4 (0x0150b6b3) x13 0x00000001
core   0: 0x80001de8 (0x00002e97) auipc   t4, 0x2
core   0: 3 0x80001de8 (0x00002e97) x29 0x80003de8
core   0: 0x80001dec (0x8e8e8e93) addi    t4, t4, -1816
core   0: 3 0x80001dec (0x8e8e8e93) x29 0x800036d0
core   0: 0x80001df0 (0xf771c013) xori    zero, gp, -137
core   0: 3 0x80001df0 (0xf771c013)
core   0: 0x80001df4 (0xcead7513) andi    a0, s10, -790
core   0: 3 0x80001df4 (0xcead7513) x10 0x00000000
core   0: 0x80001df8 (0x0000100f) fence.i
core   0: 3 0x80001df8 (0x0000100f)
core   0: 0x80001dfc (0x25be8e93) addi    t4, t4, 603
core   0: 3 0x80001dfc (0x25be8e93) x29 0x8000392b
core   0: 0x80001e00 (0x0000100f) fence.i
core   0: 3 0x80001e00 (0x0000100f)
core   0: 0x80001e04 (0x01f41713) slli    a4, s0, 31
core   0: 3 0x80001e04 (0x01f41713) x14 0x80000000
core   0: 0x80001e08 (0x00d18c63) beq     gp, a3, pc + 24
core   0: 3 0x80001e08 (0x00d18c63)
core   0: 0x80001e0c (0x683db393) sltiu   t2, s11, 1667
core   0: 3 0x80001e0c (0x683db393) x 7 0x00000001
core   0: 0x80001e10 (0x90744293) xori    t0, s0, -1785
core   0: 3 0x80001e10 (0x90744293) x 5 0xfffffe04
core   0: 0x80001e14 (0x7a18ff93) andi    t6, a7, 1953
core   0: 3 0x80001e14 (0x7a18ff93) x31 0x000004a0
core   0: 0x80001e18 (0xe43aa193) slti    gp, s5, -445
core   0: 3 0x80001e18 (0xe43aa193) x 3 0x00000001
core   0: 0x80001e1c (0x40c1d933) sra     s2, gp, a2
core   0: 3 0x80001e1c (0x40c1d933) x18 0x00000001
core   0: 0x80001e20 (0xda5e89e7) jalr    s3, t4, -603
core   0: 3 0x80001e20 (0xda5e89e7) x19 0x80001e24
core   0: 0x800036d0 (0x01d27733) and     a4, tp, t4
core   0: 3 0x800036d0 (0x01d27733) x14 0x0000380a
core   0: 0x800036d4 (0xff078793) addi    a5, a5, -16
core   0: 3 0x800036d4 (0xff078793) x15 0x80028e54
core   0: 0x800036d8 (0x45940113) addi    sp, s0, 1113
core   0: 3 0x800036d8 (0x45940113) x 2 0x00000b5c
core   0: 0x800036dc (0x2adb7f93) andi    t6, s6, 685
core   0: 3 0x800036dc (0x2adb7f93) x31 0x00000000
core   0: 0x800036e0 (0xf067bc93) sltiu   s9, a5, -250
core   0: 3 0x800036e0 (0xf067bc93) x25 0x00000001
core   0: 0x800036e4 (0xd4043393) sltiu   t2, s0, -704
core   0: 3 0x800036e4 (0xd4043393) x 7 0x00000001
core   0: 0x800036e8 (0x0137a223) sw      s3, 4(a5)
core   0: 3 0x800036e8 (0x0137a223) mem 0x80028e58 0x80001e24
core   0: 0x800036ec (0x6f57ee93) ori     t4, a5, 1781
core   0: 3 0x800036ec (0x6f57ee93) x29 0x80028ef5
core   0: 0x800036f0 (0x4022d113) srai    sp, t0, 2
core   0: 3 0x800036f0 (0x4022d113) x 2 0xffffff81
core   0: 0x800036f4 (0x01467d33) and     s10, a2, s4
core   0: 3 0x800036f4 (0x01467d33) x26 0x00000000
core   0: 0x800036f8 (0x00010617) auipc   a2, 0x10
core   0: 3 0x800036f8 (0x00010617) x12 0x800136f8
core   0: 0x800036fc (0x12360613) addi    a2, a2, 291
core   0: 3 0x800036fc (0x12360613) x12 0x8001381b
core   0: 0x80003700 (0x009add33) srl     s10, s5, s1
core   0: 3 0x80003700 (0x009add33) x26 0x00000100
core   0: 0x80003704 (0xfc760383) lb      t2, -57(a2)
core   0: 3 0x80003704 (0xfc760383) x 7 0x00000054 mem 0x800137e2
core   0: 0x80003708 (0xb68fbd93) sltiu   s11, t6, -1176
core   0: 3 0x80003708 (0xb68fbd93) x27 0x00000001
core   0: 0x8000370c (0xfd562f03) lw      t5, -43(a2)
core   0: 3 0x8000370c (0xfd562f03) x30 0x0fbbf3d3 mem 0x800137f0
core   0: 0x80003710 (0x40cb89b3) sub     s3, s7, a2
core   0: 3 0x80003710 (0x40cb89b3) x19 0x7ffebfe5
core   0: 0x80003714 (0x03b60c23) sb      s11, 56(a2)
core   0: 3 0x80003714 (0x03b60c23) mem 0x80013853 0x1
core   0: 0x80003718 (0x01769cb3) sll     s9, a3, s7
core   0: 3 0x80003718 (0x01769cb3) x25 0x00000001
core   0: 0x8000371c (0x01376033) or      zero, a4, s3
core   0: 3 0x8000371c (0x01376033)
core   0: 0x80003720 (0xffe60403) lb      s0, -2(a2)
core   0: 3 0x80003720 (0xffe60403) x 8 0xffffff9f mem 0x80013819
core   0: 0x80003724 (0x0000100f) fence.i
core   0: 3 0x80003724 (0x0000100f)
core   0: 0x80003728 (0xb8944217) auipc   tp, 0xb8944
core   0: 3 0x80003728 (0xb8944217) x 4 0x38947728
core   0: 0x8000372c (0xfe660103) lb      sp, -26(a2)
core   0: 3 0x8000372c (0xfe660103) x 2 0xffffffc0 mem 0x80013801
core   0: 0x80003730 (0xfda64683) lbu     a3, -38(a2)
core   0: 3 0x80003730 (0xfda64683) x13 0x000000fd mem 0x800137f5
core   0: 0x80003734 (0x02c64903) lbu     s2, 44(a2)
core   0: 3 0x80003734 (0x02c64903) x18 0x000000a2 mem 0x80013847
core   0: 0x80003738 (0xfe760e23) sb      t2, -4(a2)
core   0: 3 0x80003738 (0xfe760e23) mem 0x80013817 0x54
core   0: 0x8000373c (0x004d1f13) slli    t5, s10, 4
core   0: 3 0x8000373c (0x004d1f13) x30 0x00001000
core   0: 0x80003740 (0x02661ca3) sh      t1, 57(a2)
core   0: 3 0x80003740 (0x02661ca3) mem 0x80013854 0x1de0
core   0: 0x80003744 (0x0107b6b3) sltu    a3, a5, a6
core   0: 3 0x80003744 (0x0107b6b3) x13 0x00000000
core   0: 0x80003748 (0xff560d83) lb      s11, -11(a2)
core   0: 3 0x80003748 (0xff560d83) x27 0xfffffff8 mem 0x80013810
core   0: 0x8000374c (0xfd860423) sb      s8, -56(a2)
core   0: 3 0x8000374c (0xfd860423) mem 0x800137e3 0x80
core   0: 0x80003750 (0x02260683) lb      a3, 34(a2)
core   0: 3 0x80003750 (0x02260683) x13 0x00000000 mem 0x8001383d
core   0: 0x80003754 (0x00424033) xor     zero, tp, tp
core   0: 3 0x80003754 (0x00424033)
core   0: 0x80003758 (0xfcd64583) lbu     a1, -51(a2)
core   0: 3 0x80003758 (0xfcd64583) x11 0x00000017 mem 0x800137e8
core   0: 0x8000375c (0x00260aa3) sb      sp, 21(a2)
core   0: 3 0x8000375c (0x00260aa3) mem 0x80013830 0xc0
core   0: 0x80003760 (0x02d64b83) lbu     s7, 45(a2)
core   0: 3 0x80003760 (0x02d64b83) x23 0x000000ba mem 0x80013848
core   0: 0x80003764 (0x02660e83) lb      t4, 38(a2)
core   0: 3 0x80003764 (0x02660e83) x29 0x0000000c mem 0x80013841
core   0: 0x80003768 (0xfdd61c83) lh      s9, -35(a2)
core   0: 3 0x80003768 (0xfdd61c83) x25 0x0000570a mem 0x800137f8
core   0: 0x8000376c (0xff564b83) lbu     s7, -11(a2)
core   0: 3 0x8000376c (0xff564b83) x23 0x000000f8 mem 0x80013810
core   0: 0x80003770 (0xff360023) sb      s3, -32(a2)
core   0: 3 0x80003770 (0xff360023) mem 0x800137fb 0xe5
core   0: 0x80003774 (0x009d6bb3) or      s7, s10, s1
core   0: 3 0x80003774 (0x009d6bb3) x23 0xffffff77
core   0: 0x80003778 (0x00e603a3) sb      a4, 7(a2)
core   0: 3 0x80003778 (0x00e603a3) mem 0x80013822 0xa
core   0: 0x8000377c (0x00390a33) add     s4, s2, gp
core   0: 3 0x8000377c (0x00390a33) x20 0x000000a3
core   0: 0x80003780 (0xfff60623) sb      t6, -20(a2)
core   0: 3 0x80003780 (0xfff60623) mem 0x80013807 0x0
core   0: 0x80003784 (0x00010a97) auipc   s5, 0x10
core   0: 3 0x80003784 (0x00010a97) x21 0x80013784
core   0: 0x80003788 (0xaf9a8a93) addi    s5, s5, -1287
core   0: 3 0x80003788 (0xaf9a8a93) x21 0x8001327d
core   0: 0x8000378c (0x00010717) auipc   a4, 0x10
core   0: 3 0x8000378c (0x00010717) x14 0x8001378c
core   0: 0x80003790 (0x11470713) addi    a4, a4, 276
core   0: 3 0x80003790 (0x11470713) x14 0x800138a0
core   0: 0x80003794 (0x00cacb03) lbu     s6, 12(s5)
core   0: 3 0x80003794 (0x00cacb03) x22 0x000000ba mem 0x80013289
core   0: 0x80003798 (0x05a75503) lhu     a0, 90(a4)
core   0: 3 0x80003798 (0x05a75503) x10 0x0000a153 mem 0x800138fa
core   0: 0x8000379c (0xffda9d03) lh      s10, -3(s5)
core   0: 3 0x8000379c (0xffda9d03) x26 0x00004a4b mem 0x8001327a
core   0: 0x800037a0 (0x0fb74103) lbu     sp, 251(a4)
core   0: 3 0x800037a0 (0x0fb74103) x 2 0x00000061 mem 0x8001399b
core   0: 0x800037a4 (0xff0a8403) lb      s0, -16(s5)
core   0: 3 0x800037a4 (0xff0a8403) x 8 0xffffffec mem 0x8001326d
core   0: 0x800037a8 (0x015a8623) sb      s5, 12(s5)
core   0: 3 0x800037a8 (0x015a8623) mem 0x80013289 0x7d
core   0: 0x800037ac (0xf9871683) lh      a3, -104(a4)
core   0: 3 0x800037ac (0xf9871683) x13 0x00001fff mem 0x80013838
core   0: 0x800037b0 (0xffc71183) lh      gp, -4(a4)
core   0: 3 0x800037b0 (0xffc71183) x 3 0xffffda69 mem 0x8001389c
core   0: 0x800037b4 (0x007a8223) sb      t2, 4(s5)
core   0: 3 0x800037b4 (0x007a8223) mem 0x80013281 0x54
core   0: 0x800037b8 (0x0a370a03) lb      s4, 163(a4)
core   0: 3 0x800037b8 (0x0a370a03) x20 0xffffffde mem 0x80013943
core   0: 0x800037bc (0xfeaa8b23) sb      a0, -10(s5)
core   0: 3 0x800037bc (0xfeaa8b23) mem 0x80013273 0x53
core   0: 0x800037c0 (0xf7b74983) lbu     s3, -133(a4)
core   0: 3 0x800037c0 (0xf7b74983) x19 0x00000080 mem 0x8001381b
core   0: 0x800037c4 (0x004ace83) lbu     t4, 4(s5)
core   0: 3 0x800037c4 (0x004ace83) x29 0x00000054 mem 0x80013281
core   0: 0x800037c8 (0xfe5a9ba3) sh      t0, -9(s5)
core   0: 3 0x800037c8 (0xfe5a9ba3) mem 0x80013274 0xfe04
core   0: 0x800037cc (0x00fa8423) sb      a5, 8(s5)
core   0: 3 0x800037cc (0x00fa8423) mem 0x80013285 0x54
core   0: 0x800037d0 (0xf2875503) lhu     a0, -216(a4)
core   0: 3 0x800037d0 (0xf2875503) x10 0x0000a0ba mem 0x800137c8
core   0: 0x800037d4 (0xff5a9583) lh      a1, -11(s5)
core   0: 3 0x800037d4 (0xff5a9583) x11 0x000053d4 mem 0x80013272
core   0: 0x800037d8 (0x00010117) auipc   sp, 0x10
core   0: 3 0x800037d8 (0x00010117) x 2 0x800137d8
core   0: 0x800037dc (0xff610113) addi    sp, sp, -10
core   0: 3 0x800037dc (0xff610113) x 2 0x800137ce
core   0: 0x800037e0 (0x00010397) auipc   t2, 0x10
core   0: 3 0x800037e0 (0x00010397) x 7 0x800137e0
core   0: 0x800037e4 (0xc1438393) addi    t2, t2, -1004
core   0: 3 0x800037e4 (0xc1438393) x 7 0x800133f4
core   0: 0x800037e8 (0x00010517) auipc   a0, 0x10
core   0: 3 0x800037e8 (0x00010517) x10 0x800137e8
core   0: 0x800037ec (0xbbf50513) addi    a0, a0, -1089
core   0: 3 0x800037ec (0xbbf50513) x10 0x800133a7
core   0: 0x800037f0 (0xd17109a3) sb      s7, -749(sp)
core   0: 3 0x800037f0 (0xd17109a3) mem 0x800134e1 0x77
core   0: 0x800037f4 (0xfe954483) lbu     s1, -23(a0)
core   0: 3 0x800037f4 (0xfe954483) x 9 0x00000085 mem 0x80013390
core   0: 0x800037f8 (0x00010097) auipc   ra, 0x10
core   0: 3 0x800037f8 (0x00010097) x 1 0x800137f8
core   0: 0x800037fc (0x1a108093) addi    ra, ra, 417
core   0: 3 0x800037fc (0x1a108093) x 1 0x80013999
core   0: 0x80003800 (0xff40c303) lbu     t1, -12(ra)
core   0: 3 0x80003800 (0xff40c303) x 6 0x00000000 mem 0x8001398d
core   0: 0x80003804 (0x0163cf83) lbu     t6, 22(t2)
core   0: 3 0x80003804 (0x0163cf83) x31 0x00000001 mem 0x8001340a
core   0: 0x80003808 (0x03d08423) sb      t4, 40(ra)
core   0: 3 0x80003808 (0x03d08423) mem 0x800139c1 0x54
core   0: 0x8000380c (0xf6555583) lhu     a1, -155(a0)
core   0: 3 0x8000380c (0xf6555583) x11 0x00006512 mem 0x8001330c
core   0: 0x80003810 (0xc1114303) lbu     t1, -1007(sp)
core   0: 3 0x80003810 (0xc1114303) x 6 0x00000004 mem 0x800133df
core   0: 0x80003814 (0x03b0c703) lbu     a4, 59(ra)
core   0: 3 0x80003814 (0x03b0c703) x14 0x000000ac mem 0x800139d4
core   0: 0x80003818 (0x11412923) sw      s4, 274(sp)
core   0: 3 0x80003818 (0x11412923) mem 0x800138e0 0xffffffde
core   0: 0x8000381c (0x61e10fa3) sb      t5, 1567(sp)
core   0: 3 0x8000381c (0x61e10fa3) mem 0x80013ded 0x0
core   0: 0x80003820 (0x0d9384a3) sb      s9, 201(t2)
core   0: 3 0x80003820 (0x0d9384a3) mem 0x800134bd 0xa
core   0: 0x80003824 (0x0dd50223) sb      t4, 196(a0)
core   0: 3 0x80003824 (0x0dd50223) mem 0x8001346b 0x54
core   0: 0x80003828 (0xf953c603) lbu     a2, -107(t2)
core   0: 3 0x80003828 (0xf953c603) x12 0x0000003a mem 0x80013389
core   0: 0x8000382c (0xfa73c583) lbu     a1, -89(t2)
core   0: 3 0x8000382c (0xfa73c583) x11 0x000000cc mem 0x8001339b
core   0: 0x80003830 (0x00608603) lb      a2, 6(ra)
core   0: 3 0x80003830 (0x00608603) x12 0xffffff9f mem 0x8001399f
core   0: 0x80003834 (0x04a54003) lbu     zero, 74(a0)
core   0: 3 0x80003834 (0x04a54003) mem 0x800133f1
core   0: 0x80003838 (0x51410603) lb      a2, 1300(sp)
core   0: 3 0x80003838 (0x51410603) x12 0xffffffd2 mem 0x80013ce2
core   0: 0x8000383c (0x00a08b03) lb      s6, 10(ra)
core   0: 3 0x8000383c (0x00a08b03) x22 0xfffffff4 mem 0x800139a3
core   0: 0x80003840 (0xfe10df03) lhu     t5, -31(ra)
core   0: 3 0x80003840 (0xfe10df03) x30 0x000081d0 mem 0x8001397a
core   0: 0x80003844 (0x04d52603) lw      a2, 77(a0)
core   0: 3 0x80003844 (0x04d52603) x12 0x95b23eac mem 0x800133f4
core   0: 0x80003848 (0xfdc54903) lbu     s2, -36(a0)
core   0: 3 0x80003848 (0xfdc54903) x18 0x00000023 mem 0x80013383
core   0: 0x8000384c (0x0f6383a3) sb      s6, 231(t2)
core   0: 3 0x8000384c (0x0f6383a3) mem 0x800134db 0xf4
core   0: 0x80003850 (0x01808a83) lb      s5, 24(ra)
core   0: 3 0x80003850 (0x01808a83) x21 0x0000005f mem 0x800139b1
core   0: 0x80003854 (0x0613cc83) lbu     s9, 97(t2)
core   0: 3 0x80003854 (0x0613cc83) x25 0x00000071 mem 0x80013455
core   0: 0x80003858 (0x0bb3c603) lbu     a2, 187(t2)
core   0: 3 0x80003858 (0x0bb3c603) x12 0x00000047 mem 0x800134af
core   0: 0x8000385c (0x78d106a3) sb      a3, 1933(sp)
core   0: 3 0x8000385c (0x78d106a3) mem 0x80013f5b 0xff
core   0: 0x80003860 (0x09a3c903) lbu     s2, 154(t2)
core   0: 3 0x80003860 (0x09a3c903) x18 0x0000007a mem 0x8001348e
core   0: 0x80003864 (0x01b3c983) lbu     s3, 27(t2)
core   0: 3 0x80003864 (0x01b3c983) x19 0x00000066 mem 0x8001340f
core   0: 0x80003868 (0x03e50ba3) sb      t5, 55(a0)
core   0: 3 0x80003868 (0x03e50ba3) mem 0x800133de 0xd0
core   0: 0x8000386c (0xe8110a03) lb      s4, -383(sp)
core   0: 3 0x8000386c (0xe8110a03) x20 0x00000049 mem 0x8001364f
core   0: 0x80003870 (0x02b0c303) lbu     t1, 43(ra)
core   0: 3 0x80003870 (0x02b0c303) x 6 0x000000ae mem 0x800139c4
core   0: 0x80003874 (0x00019697) auipc   a3, 0x19
core   0: 3 0x80003874 (0x00019697) x13 0x8001c874
core   0: 0x80003878 (0x21968693) addi    a3, a3, 537
core   0: 3 0x80003878 (0x21968693) x13 0x8001ca8d
core   0: 0x8000387c (0x00010597) auipc   a1, 0x10
core   0: 3 0x8000387c (0x00010597) x11 0x8001387c
core   0: 0x80003880 (0xa0d58593) addi    a1, a1, -1523
core   0: 3 0x80003880 (0xa0d58593) x11 0x80013289
core   0: 0x80003884 (0x28668603) lb      a2, 646(a3)
core   0: 3 0x80003884 (0x28668603) x12 0xffffffa3 mem 0x8001cd13
core   0: 0x80003888 (0x4f3698a3) sh      s3, 1265(a3)
core   0: 3 0x80003888 (0x4f3698a3) mem 0x8001cf7e 0x0066
core   0: 0x8000388c (0x2766cf03) lbu     t5, 630(a3)
core   0: 3 0x8000388c (0x2766cf03) x30 0x00000078 mem 0x8001cd03
core   0: 0x80003890 (0xff959a83) lh      s5, -7(a1)
core   0: 3 0x80003890 (0xff959a83) x21 0xffff8904 mem 0x80013282
core   0: 0x80003894 (0xffa58d83) lb      s11, -6(a1)
core   0: 3 0x80003894 (0xffa58d83) x27 0xffffff89 mem 0x80013283
core   0: 0x80003898 (0x00658f03) lb      t5, 6(a1)
core   0: 3 0x80003898 (0x00658f03) x30 0xffffff9d mem 0x8001328f
core   0: 0x8000389c (0x87568483) lb      s1, -1931(a3)
core   0: 3 0x8000389c (0x87568483) x 9 0x0000001d mem 0x8001c302
core   0: 0x800038a0 (0x01f580a3) sb      t6, 1(a1)
core   0: 3 0x800038a0 (0x01f580a3) mem 0x8001328a 0x1
core   0: 0x800038a4 (0x00f58b03) lb      s6, 15(a1)
core   0: 3 0x800038a4 (0x00f58b03) x22 0x00000053 mem 0x80013298
core   0: 0x800038a8 (0x00e5ce83) lbu     t4, 14(a1)
core   0: 3 0x800038a8 (0x00e5ce83) x29 0x000000ed mem 0x80013297
core   0: 0x800038ac (0x0005cf83) lbu     t6, 0(a1)
core   0: 3 0x800038ac (0x0005cf83) x31 0x0000007d mem 0x80013289
core   0: 0x800038b0 (0xdd168b23) sb      a7, -554(a3)
core   0: 3 0x800038b0 (0xdd168b23) mem 0x8001c863 0xe4
core   0: 0x800038b4 (0x0095d983) lhu     s3, 9(a1)
core   0: 3 0x800038b4 (0x0095d983) x19 0x00004fce mem 0x80013292
core   0: 0x800038b8 (0x81e6ca83) lbu     s5, -2018(a3)
core   0: 3 0x800038b8 (0x81e6ca83) x21 0x0000007b mem 0x8001c2ab
core   0: 0x800038bc (0x00d585a3) sb      a3, 11(a1)
core   0: 3 0x800038bc (0x00d585a3) mem 0x80013294 0x8d
core   0: 0x800038c0 (0xf496d603) lhu     a2, -183(a3)
core   0: 3 0x800038c0 (0xf496d603) x12 0x00002c97 mem 0x8001c9d6
core   0: 0x800038c4 (0xff158a83) lb      s5, -15(a1)
core   0: 3 0x800038c4 (0xff158a83) x21 0x0000004b mem 0x8001327a
core   0: 0x800038c8 (0xdc568923) sb      t0, -558(a3)
core   0: 3 0x800038c8 (0xdc568923) mem 0x8001c85f 0x4
core   0: 0x800038cc (0x72e698a3) sh      a4, 1841(a3)
core   0: 3 0x800038cc (0x72e698a3) mem 0x8001d1be 0x00ac
core   0: 0x800038d0 (0x00200693) li      a3, 2
core   0: 3 0x800038d0 (0x00200693) x13 0x00000002
core   0: 0x800038d4 (0x00420233) add     tp, tp, tp
core   0: 3 0x800038d4 (0x00420233) x 4 0x7128ee50
core   0: 0x800038d8 (0x45effc93) andi    s9, t6, 1118
core   0: 3 0x800038d8 (0x45effc93) x25 0x0000005c
core   0: 0x800038dc (0x00300613) li      a2, 3
core   0: 3 0x800038dc (0x00300613) x12 0x00000003
core   0: 0x800038e0 (0x0186b033) sltu    zero, a3, s8
core   0: 3 0x800038e0 (0x0186b033)
core   0: 0x800038e4 (0x002c54b3) srl     s1, s8, sp
core   0: 3 0x800038e4 (0x002c54b3) x 9 0x0003ffff
core   0: 0x800038e8 (0x7baf49b7) lui     s3, 0x7baf4
core   0: 3 0x800038e8 (0x7baf49b7) x19 0x7baf4000
core   0: 0x800038ec (0x00a68693) addi    a3, a3, 10
core   0: 3 0x800038ec (0x00a68693) x13 0x0000000c
core   0: 0x800038f0 (0x00700b93) li      s7, 7
core   0: 3 0x800038f0 (0x00700b93) x23 0x00000007
core   0: 0x800038f4 (0x40145fb3) sra     t6, s0, ra
core   0: 3 0x800038f4 (0x40145fb3) x31 0xffffffff
core   0: 0x800038f8 (0x00700c13) li      s8, 7
core   0: 3 0x800038f8 (0x00700c13) x24 0x00000007
core   0: 0x800038fc (0xcf22bd13) sltiu   s10, t0, -782
core   0: 3 0x800038fc (0xcf22bd13) x26 0x00000000
core   0: 0x80003900 (0x0000100f) fence.i
core   0: 3 0x80003900 (0x0000100f)
core   0: 0x80003904 (0x00000013) nop
core   0: 3 0x80003904 (0x00000013)
core   0: 0x80003908 (0x00edbab3) sltu    s5, s11, a4
core   0: 3 0x80003908 (0x00edbab3) x21 0x00000000
core   0: 0x8000390c (0x41ad02b3) sub     t0, s10, s10
core   0: 3 0x8000390c (0x41ad02b3) x 5 0x00000000
core   0: 0x80003910 (0xa9051e97) auipc   t4, 0xa9051
core   0: 3 0x80003910 (0xa9051e97) x29 0x29054910
core   0: 0x80003914 (0xfffb8b93) addi    s7, s7, -1
core   0: 3 0x80003914 (0xfffb8b93) x23 0x00000006
core   0: 0x80003918 (0x0173e4b3) or      s1, t2, s7
core   0: 3 0x80003918 (0x0173e4b3) x 9 0x800133f6
core   0: 0x8000391c (0x4012d193) srai    gp, t0, 1
core   0: 3 0x8000391c (0x4012d193) x 3 0x00000000
core   0: 0x80003920 (0xff8bf2e3) bgeu    s7, s8, pc - 28
core   0: 3 0x80003920 (0xff8bf2e3)
core   0: 0x80003924 (0x40ad0233) sub     tp, s10, a0
core   0: 3 0x80003924 (0x40ad0233) x 4 0x7ffecc59
core   0: 0x80003928 (0x0ff0000f) fence   iorw,iorw
core   0: 3 0x80003928 (0x0ff0000f)
core   0: 0x8000392c (0xfac6eae3) bltu    a3, a2, pc - 76
core   0: 3 0x8000392c (0xfac6eae3)
core   0: 0x80003930 (0x0ff0000f) fence   iorw,iorw
core   0: 3 0x80003930 (0x0ff0000f)
core   0: 0x80003934 (0xffb00313) li      t1, -5
core   0: 3 0x80003934 (0xffb00313) x 6 0xfffffffb
core   0: 0x80003938 (0xdbfe3593) sltiu   a1, t3, -577
core   0: 3 0x80003938 (0xdbfe3593) x11 0x00000001
core   0: 0x8000393c (0x00a1aab3) slt     s5, gp, a0
core   0: 3 0x8000393c (0x00a1aab3) x21 0x00000000
core   0: 0x80003940 (0x00900b13) li      s6, 9
core   0: 3 0x80003940 (0x00900b13) x22 0x00000009
core   0: 0x80003944 (0xe1257e17) auipc   t3, 0xe1257
core   0: 3 0x80003944 (0xe1257e17) x28 0x6125a944
core   0: 0x80003948 (0x48562493) slti    s1, a2, 1157
core   0: 3 0x80003948 (0x48562493) x 9 0x00000001
core   0: 0x8000394c (0x00e09613) slli    a2, ra, 14
core   0: 3 0x8000394c (0x00e09613) x12 0x4e664000
core   0: 0x80003950 (0x3afe8f13) addi    t5, t4, 943
core   0: 3 0x80003950 (0x3afe8f13) x30 0x29054cbf
core   0: 0x80003954 (0x01cdaab3) slt     s5, s11, t3
core   0: 3 0x80003954 (0x01cdaab3) x21 0x00000001
core   0: 0x80003958 (0x003b1c93) slli    s9, s6, 3
core   0: 3 0x80003958 (0x003b1c93) x25 0x00000048
core   0: 0x8000395c (0x00f2d093) srli    ra, t0, 15
core   0: 3 0x8000395c (0x00f2d093) x 1 0x00000000
core   0: 0x80003960 (0xe0ef2c13) slti    s8, t5, -498
core   0: 3 0x80003960 (0xe0ef2c13) x24 0x00000000
core   0: 0x80003964 (0x26ba86b7) lui     a3, 0x26ba8
core   0: 3 0x80003964 (0x26ba86b7) x13 0x26ba8000
core   0: 0x80003968 (0x00830313) addi    t1, t1, 8
core   0: 3 0x80003968 (0x00830313) x 6 0x00000003
core   0: 0x8000396c (0x0ff0000f) fence   iorw,iorw
core   0: 3 0x8000396c (0x0ff0000f)
core   0: 0x80003970 (0x0011a9b3) slt     s3, gp, ra
core   0: 3 0x80003970 (0x0011a9b3) x19 0x00000000
core   0: 0x80003974 (0xff6360e3) bltu    t1, s6, pc - 32
core   0: 3 0x80003974 (0xff6360e3)
core   0: 0x80003954 (0x01cdaab3) slt     s5, s11, t3
core   0: 3 0x80003954 (0x01cdaab3) x21 0x00000001
core   0: 0x80003958 (0x003b1c93) slli    s9, s6, 3
core   0: 3 0x80003958 (0x003b1c93) x25 0x00000048
core   0: 0x8000395c (0x00f2d093) srli    ra, t0, 15
core   0: 3 0x8000395c (0x00f2d093) x 1 0x00000000
core   0: 0x80003960 (0xe0ef2c13) slti    s8, t5, -498
core   0: 3 0x80003960 (0xe0ef2c13) x24 0x00000000
core   0: 0x80003964 (0x26ba86b7) lui     a3, 0x26ba8
core   0: 3 0x80003964 (0x26ba86b7) x13 0x26ba8000
core   0: 0x80003968 (0x00830313) addi    t1, t1, 8
core   0: 3 0x80003968 (0x00830313) x 6 0x0000000b
core   0: 0x8000396c (0x0ff0000f) fence   iorw,iorw
core   0: 3 0x8000396c (0x0ff0000f)
core   0: 0x80003970 (0x0011a9b3) slt     s3, gp, ra
core   0: 3 0x80003970 (0x0011a9b3) x19 0x00000000
core   0: 0x80003974 (0xff6360e3) bltu    t1, s6, pc - 32
core   0: 3 0x80003974 (0xff6360e3)
core   0: 0x80003978 (0x41a55633) sra     a2, a0, s10
core   0: 3 0x80003978 (0x41a55633) x12 0x800133a7
core   0: 0x8000397c (0x0001b117) auipc   sp, 0x1b
core   0: 3 0x8000397c (0x0001b117) x 2 0x8001e97c
core   0: 0x80003980 (0x24810113) addi    sp, sp, 584
core   0: 3 0x80003980 (0x24810113) x 2 0x8001ebc4
core   0: 0x80003984 (0x42ec0393) addi    t2, s8, 1070
core   0: 3 0x80003984 (0x42ec0393) x 7 0x0000042e
core   0: 0x80003988 (0x0ff0000f) fence   iorw,iorw
core   0: 3 0x80003988 (0x0ff0000f)
core   0: 0x8000398c (0x0093b733) sltu    a4, t2, s1
core   0: 3 0x8000398c (0x0093b733) x14 0x00000000
core   0: 0x80003990 (0x03614c03) lbu     s8, 54(sp)
core   0: 3 0x80003990 (0x03614c03) x24 0x000000d1 mem 0x8001ebfa
core   0: 0x80003994 (0xf6215c03) lhu     s8, -158(sp)
core   0: 3 0x80003994 (0xf6215c03) x24 0x00002348 mem 0x8001eb26
core   0: 0x80003998 (0x06e12223) sw      a4, 100(sp)
core   0: 3 0x80003998 (0x06e12223) mem 0x8001ec28 0x00000000
core   0: 0x8000399c (0xcc54cf13) xori    t5, s1, -827
core   0: 3 0x8000399c (0xcc54cf13) x30 0xfffffcc4
core   0: 0x800039a0 (0xf77100a3) sb      s7, -159(sp)
core   0: 3 0x800039a0 (0xf77100a3) mem 0x8001eb25 0x6
core   0: 0x800039a4 (0xc57bcb93) xori    s7, s7, -937
core   0: 3 0x800039a4 (0xc57bcb93) x23 0xfffffc51
core   0: 0x800039a8 (0x09215483) lhu     s1, 146(sp)
core   0: 3 0x800039a8 (0x09215483) x 9 0x0000d740 mem 0x8001ec56
core   0: 0x800039ac (0x0000100f) fence.i
core   0: 3 0x800039ac (0x0000100f)
core   0: 0x800039b0 (0x04614383) lbu     t2, 70(sp)
core   0: 3 0x800039b0 (0x04614383) x 7 0x0000005e mem 0x8001ec0a
core   0: 0x800039b4 (0x007733b3) sltu    t2, a4, t2
core   0: 3 0x800039b4 (0x007733b3) x 7 0x00000001
core   0: 0x800039b8 (0x0c710e23) sb      t2, 220(sp)
core   0: 3 0x800039b8 (0x0c710e23) mem 0x8001eca0 0x1
core   0: 0x800039bc (0xf2712423) sw      t2, -216(sp)
core   0: 3 0x800039bc (0xf2712423) mem 0x8001eaec 0x00000001
core   0: 0x800039c0 (0x017c54b3) srl     s1, s8, s7
core   0: 3 0x800039c0 (0x017c54b3) x 9 0x00000000
core   0: 0x800039c4 (0x01ebcf33) xor     t5, s7, t5
core   0: 3 0x800039c4 (0x01ebcf33) x30 0x00000095
core   0: 0x800039c8 (0x009394b3) sll     s1, t2, s1
core   0: 3 0x800039c8 (0x009394b3) x 9 0x00000001
core   0: 0x800039cc (0xf6f10483) lb      s1, -145(sp)
core   0: 3 0x800039cc (0xf6f10483) x 9 0x00000059 mem 0x8001eb33
core   0: 0x800039d0 (0x06310f03) lb      t5, 99(sp)
core   0: 3 0x800039d0 (0x06310f03) x30 0xffffffc4 mem 0x8001ec27
core   0: 0x800039d4 (0x09611483) lh      s1, 150(sp)
core   0: 3 0x800039d4 (0x09611483) x 9 0x000070e1 mem 0x8001ec5a
core   0: 0x800039d8 (0x00910aa3) sb      s1, 21(sp)
core   0: 3 0x800039d8 (0x00910aa3) mem 0x8001ebd9 0xe1
core   0: 0x800039dc (0xf1e15c03) lhu     s8, -226(sp)
core   0: 3 0x800039dc (0xf1e15c03) x24 0x00005064 mem 0x8001eae2
core   0: 0x800039e0 (0x01e49bb3) sll     s7, s1, t5
core   0: 3 0x800039e0 (0x01e49bb3) x23 0x00070e10
core   0: 0x800039e4 (0x0e412383) lw      t2, 228(sp)
core   0: 3 0x800039e4 (0x0e412383) x 7 0x8a2b2927 mem 0x8001eca8
core   0: 0x800039e8 (0xf4e10fa3) sb      a4, -161(sp)
core   0: 3 0x800039e8 (0xf4e10fa3) mem 0x8001eb23 0x0
core   0: 0x800039ec (0x09e12623) sw      t5, 140(sp)
core   0: 3 0x800039ec (0x09e12623) mem 0x8001ec50 0xffffffc4
core   0: 0x800039f0 (0x0063d713) srli    a4, t2, 6
core   0: 3 0x800039f0 (0x0063d713) x14 0x0228aca4
core   0: 0x800039f4 (0x2ec48713) addi    a4, s1, 748
core   0: 3 0x800039f4 (0x2ec48713) x14 0x000073cd
core   0: 0x800039f8 (0x0fe10623) sb      t5, 236(sp)
core   0: 3 0x800039f8 (0x0fe10623) mem 0x8001ecb0 0xc4
core   0: 0x800039fc (0x85d72b93) slti    s7, a4, -1955
core   0: 3 0x800039fc (0x85d72b93) x23 0x00000000
core   0: 0x80003a00 (0x4094d3b3) sra     t2, s1, s1
core   0: 3 0x80003a00 (0x4094d3b3) x 7 0x00003870
core   0: 0x80003a04 (0x06412703) lw      a4, 100(sp)
core   0: 3 0x80003a04 (0x06412703) x14 0x00000000 mem 0x8001ec28
core   0: 0x80003a08 (0x41770733) sub     a4, a4, s7
core   0: 3 0x80003a08 (0x41770733) x14 0x00000000
core   0: 0x80003a0c (0x4f1bfc13) andi    s8, s7, 1265
core   0: 3 0x80003a0c (0x4f1bfc13) x24 0x00000000
core   0: 0x80003a10 (0xfce11f03) lh      t5, -50(sp)
core   0: 3 0x80003a10 (0xfce11f03) x30 0xffffe90f mem 0x8001eb92
core   0: 0x80003a14 (0x6b2c6493) ori     s1, s8, 1714
core   0: 3 0x80003a14 (0x6b2c6493) x 9 0x000006b2
core   0: 0x80003a18 (0x3c038493) addi    s1, t2, 960
core   0: 3 0x80003a18 (0x3c038493) x 9 0x00003c30
core   0: 0x80003a1c (0x4c6224b7) lui     s1, 0x4c622
core   0: 3 0x80003a1c (0x4c6224b7) x 9 0x4c622000
core   0: 0x80003a20 (0x01ec53b3) srl     t2, s8, t5
core   0: 3 0x80003a20 (0x01ec53b3) x 7 0x00000000
core   0: 0x80003a24 (0x407384b3) sub     s1, t2, t2
core   0: 3 0x80003a24 (0x407384b3) x 9 0x00000000
core   0: 0x80003a28 (0x04714c03) lbu     s8, 71(sp)
core   0: 3 0x80003a28 (0x04714c03) x24 0x0000001f mem 0x8001ec0b
core   0: 0x80003a2c (0x00f10c03) lb      s8, 15(sp)
core   0: 3 0x80003a2c (0x00f10c03) x24 0x00000027 mem 0x8001ebd3
core   0: 0x80003a30 (0x034009ef) jal     s3, pc + 0x34
core   0: 3 0x80003a30 (0x034009ef) x19 0x80003a34
core   0: 0x80003a64 (0xfddff36f) jal     t1, pc - 0x24
core   0: 3 0x80003a64 (0xfddff36f) x 6 0x80003a68
core   0: 0x80003a40 (0x01c000ef) jal     pc + 0x1c
core   0: 3 0x80003a40 (0x01c000ef) x 1 0x80003a44
core   0: 0x80003a5c (0xff5ff76f) jal     a4, pc - 0xc
core   0: 3 0x80003a5c (0xff5ff76f) x14 0x80003a60
core   0: 0x80003a50 (0xff9ff16f) jal     sp, pc - 0x8
core   0: 3 0x80003a50 (0xff9ff16f) x 2 0x80003a54
core   0: 0x80003a48 (0x004000ef) jal     pc + 0x4
core   0: 3 0x80003a48 (0x004000ef) x 1 0x80003a4c
core   0: 0x80003a4c (0x008000ef) jal     pc + 0x8
core   0: 3 0x80003a4c (0x008000ef) x 1 0x80003a50
core   0: 0x80003a54 (0xfe9ff66f) jal     a2, pc - 0x18
core   0: 3 0x80003a54 (0xfe9ff66f) x12 0x80003a58
core   0: 0x80003a3c (0x008000ef) jal     pc + 0x8
core   0: 3 0x80003a3c (0x008000ef) x 1 0x80003a40
core   0: 0x80003a44 (0xff5ff0ef) jal     pc - 0xc
core   0: 3 0x80003a44 (0xff5ff0ef) x 1 0x80003a48
core   0: 0x80003a38 (0x020000ef) jal     pc + 0x20
core   0: 3 0x80003a38 (0x020000ef) x 1 0x80003a3c
core   0: 0x80003a58 (0x0080036f) jal     t1, pc + 0x8
core   0: 3 0x80003a58 (0x0080036f) x 6 0x80003a5c
core   0: 0x80003a60 (0xfd5ff26f) jal     tp, pc - 0x2c
core   0: 3 0x80003a60 (0xfd5ff26f) x 4 0x80003a64
core   0: 0x80003a34 (0x0340036f) jal     t1, pc + 0x34
core   0: 3 0x80003a34 (0x0340036f) x 6 0x80003a38
core   0: 0x80003a68 (0x015176b3) and     a3, sp, s5
core   0: 3 0x80003a68 (0x015176b3) x13 0x00000000
core   0: 0x80003a6c (0x0001a117) auipc   sp, 0x1a
core   0: 3 0x80003a6c (0x0001a117) x 2 0x8001da6c
core   0: 0x80003a70 (0x40510113) addi    sp, sp, 1029
core   0: 3 0x80003a70 (0x40510113) x 2 0x8001de71
core   0: 0x80003a74 (0x016f46b3) xor     a3, t5, s6
core   0: 3 0x80003a74 (0x016f46b3) x13 0xffffe906
core   0: 0x80003a78 (0x02310123) sb      gp, 34(sp)
core   0: 3 0x80003a78 (0x02310123) mem 0x8001de93 0x0
core   0: 0x80003a7c (0xff614383) lbu     t2, -10(sp)
core   0: 3 0x80003a7c (0xff614383) x 7 0x0000006d mem 0x8001de67
core   0: 0x80003a80 (0x40115013) srai    zero, sp, 1
core   0: 3 0x80003a80 (0x40115013)
core   0: 0x80003a84 (0xfe014c03) lbu     s8, -32(sp)
core   0: 3 0x80003a84 (0xfe014c03) x24 0x0000007e mem 0x8001de51
core   0: 0x80003a88 (0x00b11da3) sh      a1, 27(sp)
core   0: 3 0x80003a88 (0x00b11da3) mem 0x8001de8c 0x0001
core   0: 0x80003a8c (0xfd910c83) lb      s9, -39(sp)
core   0: 3 0x80003a8c (0xfd910c83) x25 0xffffffab mem 0x8001de4a
core   0: 0x80003a90 (0xff312a83) lw      s5, -13(sp)
core   0: 3 0x80003a90 (0xff312a83) x21 0x6d26f422 mem 0x8001de64
core   0: 0x80003a94 (0x03910423) sb      s9, 40(sp)
core   0: 3 0x80003a94 (0x03910423) mem 0x8001de99 0xab
core   0: 0x80003a98 (0xc2f1b493) sltiu   s1, gp, -977
core   0: 3 0x80003a98 (0xc2f1b493) x 9 0x00000001
core   0: 0x80003a9c (0x02014703) lbu     a4, 32(sp)
core   0: 3 0x80003a9c (0x02014703) x14 0x000000ea mem 0x8001de91
core   0: 0x80003aa0 (0x02910aa3) sb      s1, 53(sp)
core   0: 3 0x80003aa0 (0x02910aa3) mem 0x8001dea6 0x1
core   0: 0x80003aa4 (0x03c10503) lb      a0, 60(sp)
core   0: 3 0x80003aa4 (0x03c10503) x10 0xfffffff0 mem 0x8001dead
core   0: 0x80003aa8 (0xfdc10e83) lb      t4, -36(sp)
core   0: 3 0x80003aa8 (0xfdc10e83) x29 0xffffffcb mem 0x8001de4d
core   0: 0x80003aac (0x03410a23) sb      s4, 52(sp)
core   0: 3 0x80003aac (0x03410a23) mem 0x8001dea5 0x49
core   0: 0x80003ab0 (0xfe114503) lbu     a0, -31(sp)
core   0: 3 0x80003ab0 (0xfe114503) x10 0x000000e2 mem 0x8001de52
core   0: 0x80003ab4 (0xfe510a23) sb      t0, -12(sp)
core   0: 3 0x80003ab4 (0xfe510a23) mem 0x8001de65 0x0
core   0: 0x80003ab8 (0xfcf10423) sb      a5, -56(sp)
core   0: 3 0x80003ab8 (0xfcf10423) mem 0x8001de39 0x54
core   0: 0x80003abc (0x41485533) sra     a0, a6, s4
core   0: 3 0x80003abc (0x41485533) x10 0xffc00000
core   0: 0x80003ac0 (0xff510023) sb      s5, -32(sp)
core   0: 3 0x80003ac0 (0xff510023) mem 0x8001de51 0x22
core   0: 0x80003ac4 (0x01b10823) sb      s11, 16(sp)
core   0: 3 0x80003ac4 (0x01b10823) mem 0x8001de81 0x89
core   0: 0x80003ac8 (0x006d9433) sll     s0, s11, t1
core   0: 3 0x80003ac8 (0x006d9433) x 8 0x89000000
core   0: 0x80003acc (0x41dbd6b3) sra     a3, s7, t4
core   0: 3 0x80003acc (0x41dbd6b3) x13 0x00000000
core   0: 0x80003ad0 (0x00b2c533) xor     a0, t0, a1
core   0: 3 0x80003ad0 (0x00b2c533) x10 0x00000001
core   0: 0x80003ad4 (0x04014283) lbu     t0, 64(sp)
core   0: 3 0x80003ad4 (0x04014283) x 5 0x0000008f mem 0x8001deb1
core   0: 0x80003ad8 (0xff610503) lb      a0, -10(sp)
core   0: 3 0x80003ad8 (0xff610503) x10 0x0000006d mem 0x8001de67
core   0: 0x80003adc (0x29633c13) sltiu   s8, t1, 662
core   0: 3 0x80003adc (0x29633c13) x24 0x00000000
core   0: 0x80003ae0 (0x013d3333) sltu    t1, s10, s3
core   0: 3 0x80003ae0 (0x013d3333) x 6 0x00000001
core   0: 0x80003ae4 (0x01e11ca3) sh      t5, 25(sp)
core   0: 3 0x80003ae4 (0x01e11ca3) mem 0x8001de8a 0xe90f
core   0: 0x80003ae8 (0x47e3b917) auipc   s2, 0x47e3b
core   0: 3 0x80003ae8 (0x47e3b917) x18 0xc7e3eae8
core   0: 0x80003aec (0x02910583) lb      a1, 41(sp)
core   0: 3 0x80003aec (0x02910583) x11 0x00000012 mem 0x8001de9a
core   0: 0x80003af0 (0x03514e03) lbu     t3, 53(sp)
core   0: 3 0x80003af0 (0x03514e03) x28 0x00000001 mem 0x8001dea6
core   0: 0x80003af4 (0x00111f83) lh      t6, 1(sp)
core   0: 3 0x80003af4 (0x00111f83) x31 0x00001bbc mem 0x8001de72
core   0: 0x80003af8 (0x03915a03) lhu     s4, 57(sp)
core   0: 3 0x80003af8 (0x03915a03) x20 0x00009372 mem 0x8001deaa
core   0: 0x80003afc (0xff110ca3) sb      a7, -7(sp)
core   0: 3 0x80003afc (0xff110ca3) mem 0x8001de6a 0xe4
core   0: 0x80003b00 (0x03610383) lb      t2, 54(sp)
core   0: 3 0x80003b00 (0x03610383) x 7 0x00000072 mem 0x8001dea7
core   0: 0x80003b04 (0x00010117) auipc   sp, 0x10
core   0: 3 0x80003b04 (0x00010117) x 2 0x80013b04
core   0: 0x80003b08 (0xac610113) addi    sp, sp, -1338
core   0: 3 0x80003b08 (0xac610113) x 2 0x800135ca
core   0: 0x80003b0c (0x01014903) lbu     s2, 16(sp)
core   0: 3 0x80003b0c (0x01014903) x18 0x000000f7 mem 0x800135da
core   0: 0x80003b10 (0x00e107a3) sb      a4, 15(sp)
core   0: 3 0x80003b10 (0x00e107a3) mem 0x800135d9 0xea
core   0: 0x80003b14 (0x00611303) lh      t1, 6(sp)
core   0: 3 0x80003b14 (0x00611303) x 6 0x00001c9f mem 0x800135d0
core   0: 0x80003b18 (0x72f34993) xori    s3, t1, 1839
core   0: 3 0x80003b18 (0x72f34993) x19 0x00001bb0
core   0: 0x80003b1c (0x00af1c93) slli    s9, t5, 10
core   0: 3 0x80003b1c (0x00af1c93) x25 0xffa43c00
core   0: 0x80003b20 (0x017e0eb3) add     t4, t3, s7
core   0: 3 0x80003b20 (0x017e0eb3) x29 0x00000001
core   0: 0x80003b24 (0xb1202993) slti    s3, zero, -1262
core   0: 3 0x80003b24 (0xb1202993) x19 0x00000000
core   0: 0x80003b28 (0x00a15703) lhu     a4, 10(sp)
core   0: 3 0x80003b28 (0x00a15703) x14 0x0000bd58 mem 0x800135d4
core   0: 0x80003b2c (0x01ac3d33) sltu    s10, s8, s10
core   0: 3 0x80003b2c (0x01ac3d33) x26 0x00000000
core   0: 0x80003b30 (0x2ee50e93) addi    t4, a0, 750
core   0: 3 0x80003b30 (0x2ee50e93) x29 0x0000035b
core   0: 0x80003b34 (0x15a98e97) auipc   t4, 0x15a98
core   0: 3 0x80003b34 (0x15a98e97) x29 0x95a9bb34
core   0: 0x80003b38 (0xff114403) lbu     s0, -15(sp)
core   0: 3 0x80003b38 (0xff114403) x 8 0x00000022 mem 0x800135bb
core   0: 0x80003b3c (0x00d13c33) sltu    s8, sp, a3
core   0: 3 0x80003b3c (0x00d13c33) x24 0x00000000
core   0: 0x80003b40 (0xffc14f03) lbu     t5, -4(sp)
core   0: 3 0x80003b40 (0xffc14f03) x30 0x0000008c mem 0x800135c6
core   0: 0x80003b44 (0x5fb48013) addi    zero, s1, 1531
core   0: 3 0x80003b44 (0x5fb48013)
core   0: 0x80003b48 (0x01c0a5b3) slt     a1, ra, t3
core   0: 3 0x80003b48 (0x01c0a5b3) x11 0x00000001
core   0: 0x80003b4c (0x01554533) xor     a0, a0, s5
core   0: 3 0x80003b4c (0x01554533) x10 0x6d26f44f
core   0: 0x80003b50 (0xffc14003) lbu     zero, -4(sp)
core   0: 3 0x80003b50 (0xffc14003) mem 0x800135c6
core   0: 0x80003b54 (0x01a38633) add     a2, t2, s10
core   0: 3 0x80003b54 (0x01a38633) x12 0x00000072
core   0: 0x80003b58 (0x9bd94c93) xori    s9, s2, -1603
core   0: 3 0x80003b58 (0x9bd94c93) x25 0xfffff94a
core   0: 0x80003b5c (0xfe510aa3) sb      t0, -11(sp)
core   0: 3 0x80003b5c (0xfe510aa3) mem 0x800135bf 0x8f
core   0: 0x80003b60 (0x01ccb533) sltu    a0, s9, t3
core   0: 3 0x80003b60 (0x01ccb533) x10 0x00000000
core   0: 0x80003b64 (0x0ff0000f) fence   iorw,iorw
core   0: 3 0x80003b64 (0x0ff0000f)
core   0: 0x80003b68 (0xc085ae13) slti    t3, a1, -1016
core   0: 3 0x80003b68 (0xc085ae13) x28 0x00000000
core   0: 0x80003b6c (0x00014b03) lbu     s6, 0(sp)
core   0: 3 0x80003b6c (0x00014b03) x22 0x00000008 mem 0x800135ca
core   0: 0x80003b70 (0xff514183) lbu     gp, -11(sp)
core   0: 3 0x80003b70 (0xff514183) x 3 0x0000008f mem 0x800135bf
core   0: 0x80003b74 (0x40c6db33) sra     s6, a3, a2
core   0: 3 0x80003b74 (0x40c6db33) x22 0x00000000
core   0: 0x80003b78 (0xff410d03) lb      s10, -12(sp)
core   0: 3 0x80003b78 (0xff410d03) x26 0xffffffa8 mem 0x800135be
core   0: 0x80003b7c (0x00000013) nop
core   0: 3 0x80003b7c (0x00000013)
core   0: 0x80003b80 (0x006f91b3) sll     gp, t6, t1
core   0: 3 0x80003b80 (0x006f91b3) x 3 0x00000000
core   0: 0x80003b84 (0xff114003) lbu     zero, -15(sp)
core   0: 3 0x80003b84 (0xff114003) mem 0x800135bb
core   0: 0x80003b88 (0x00b10183) lb      gp, 11(sp)
core   0: 3 0x80003b88 (0x00b10183) x 3 0xffffffbd mem 0x800135d5
core   0: 0x80003b8c (0x00014117) auipc   sp, 0x14
core   0: 3 0x80003b8c (0x00014117) x 2 0x80017b8c
core   0: 0x80003b90 (0x1b310113) addi    sp, sp, 435
core   0: 3 0x80003b90 (0x1b310113) x 2 0x80017d3f
core   0: 0x80003b94 (0x1c810903) lb      s2, 456(sp)
core   0: 3 0x80003b94 (0x1c810903) x18 0x00000015 mem 0x80017f07
core   0: 0x80003b98 (0x283ba217) auipc   tp, 0x283ba
core   0: 3 0x80003b98 (0x283ba217) x 4 0xa83bdb98
core   0: 0x80003b9c (0xcd014f83) lbu     t6, -816(sp)
core   0: 3 0x80003b9c (0xcd014f83) x31 0x00000095 mem 0x80017a0f
core   0: 0x80003ba0 (0x23214d83) lbu     s11, 562(sp)
core   0: 3 0x80003ba0 (0x23214d83) x27 0x00000046 mem 0x80017f71
core   0: 0x80003ba4 (0x2d911583) lh      a1, 729(sp)
core   0: 3 0x80003ba4 (0x2d911583) x11 0xffff8c2d mem 0x80018018
core   0: 0x80003ba8 (0x46210523) sb      sp, 1130(sp)
core   0: 3 0x80003ba8 (0x46210523) mem 0x800181a9 0x3f
core   0: 0x80003bac (0x36a10483) lb      s1, 874(sp)
core   0: 3 0x80003bac (0x36a10483) x 9 0xffffffc1 mem 0x800180a9
core   0: 0x80003bb0 (0x60c14a83) lbu     s5, 1548(sp)
core   0: 3 0x80003bb0 (0x60c14a83) x21 0x0000008d mem 0x8001834b
core   0: 0x80003bb4 (0x016fd4b3) srl     s1, t6, s6
core   0: 3 0x80003bb4 (0x016fd4b3) x 9 0x00000095
core   0: 0x80003bb8 (0xbd214d83) lbu     s11, -1070(sp)
core   0: 3 0x80003bb8 (0xbd214d83) x27 0x00000069 mem 0x80017911
core   0: 0x80003bbc (0x9bf15e83) lhu     t4, -1601(sp)
core   0: 3 0x80003bbc (0x9bf15e83) x29 0x00006425 mem 0x800176fe
core   0: 0x80003bc0 (0x0a310523) sb      gp, 170(sp)
core   0: 3 0x80003bc0 (0x0a310523) mem 0x80017de9 0xbd
core   0: 0x80003bc4 (0x0180a233) slt     tp, ra, s8
core   0: 3 0x80003bc4 (0x0180a233) x 4 0x00000001
core   0: 0x80003bc8 (0x68814583) lbu     a1, 1672(sp)
core   0: 3 0x80003bc8 (0x68814583) x11 0x00000041 mem 0x800183c7
core   0: 0x80003bcc (0xc2f14903) lbu     s2, -977(sp)
core   0: 3 0x80003bcc (0xc2f14903) x18 0x00000057 mem 0x8001796e
core   0: 0x80003bd0 (0x31610ea3) sb      s6, 797(sp)
core   0: 3 0x80003bd0 (0x31610ea3) mem 0x8001805c 0x0
core   0: 0x80003bd4 (0x407a0333) sub     t1, s4, t2
core   0: 3 0x80003bd4 (0x407a0333) x 6 0x00009300
core   0: 0x80003bd8 (0x01f10db3) add     s11, sp, t6
core   0: 3 0x80003bd8 (0x01f10db3) x27 0x80017dd4
core   0: 0x80003bdc (0x41505413) srai    s0, zero, 21
core   0: 3 0x80003bdc (0x41505413) x 8 0x00000000
core   0: 0x80003be0 (0x137101a3) sb      s7, 291(sp)
core   0: 3 0x80003be0 (0x137101a3) mem 0x80017e62 0x0
core   0: 0x80003be4 (0xf8f126a3) sw      a5, -115(sp)
core   0: 3 0x80003be4 (0xf8f126a3) mem 0x80017ccc 0x80028e54
core   0: 0x80003be8 (0x430126a3) sw      a6, 1069(sp)
core   0: 3 0x80003be8 (0x430126a3) mem 0x8001816c 0x80000000
core   0: 0x80003bec (0xaac12ca3) sw      a2, -1351(sp)
core   0: 3 0x80003bec (0xaac12ca3) mem 0x800177f8 0x00000072
core   0: 0x80003bf0 (0x98a0f093) andi    ra, ra, -1654
core   0: 3 0x80003bf0 (0x98a0f093) x 1 0x80003808
core   0: 0x80003bf4 (0x00d1cab3) xor     s5, gp, a3
core   0: 3 0x80003bf4 (0x00d1cab3) x21 0xffffffbd
core   0: 0x80003bf8 (0x00ff1933) sll     s2, t5, a5
core   0: 3 0x80003bf8 (0x00ff1933) x18 0x08c00000
core   0: 0x80003bfc (0x007b46b3) xor     a3, s6, t2
core   0: 3 0x80003bfc (0x007b46b3) x13 0x00000072
core   0: 0x80003c00 (0x00000013) nop
core   0: 3 0x80003c00 (0x00000013)
core   0: 0x80003c04 (0xb0810023) sb      s0, -1280(sp)
core   0: 3 0x80003c04 (0xb0810023) mem 0x8001783f 0x0
core   0: 0x80003c08 (0x40020933) sub     s2, tp, zero
core   0: 3 0x80003c08 (0x40020933) x18 0x00000001
core   0: 0x80003c0c (0x01814983) lbu     s3, 24(sp)
core   0: 3 0x80003c0c (0x01814983) x19 0x0000000a mem 0x80017d57
core   0: 0x80003c10 (0xd1914303) lbu     t1, -743(sp)
core   0: 3 0x80003c10 (0xd1914303) x 6 0x000000f1 mem 0x80017a58
core   0: 0x80003c14 (0x00e118a3) sh      a4, 17(sp)
core   0: 3 0x80003c14 (0x00e118a3) mem 0x80017d50 0xbd58
core   0: 0x80003c18 (0x017651b3) srl     gp, a2, s7
core   0: 3 0x80003c18 (0x017651b3) x 3 0x00000072
core   0: 0x80003c1c (0xcbb11f03) lh      t5, -837(sp)
core   0: 3 0x80003c1c (0xcbb11f03) x30 0xffff81ad mem 0x800179fa
core   0: 0x80003c20 (0x0001ad97) auipc   s11, 0x1a
core   0: 3 0x80003c20 (0x0001ad97) x27 0x8001dc20
core   0: 0x80003c24 (0x34bd8d93) addi    s11, s11, 843
core   0: 3 0x80003c24 (0x34bd8d93) x27 0x8001df6b
core   0: 0x80003c28 (0x0000fd17) auipc   s10, 0xf
core   0: 3 0x80003c28 (0x0000fd17) x26 0x80012c28
core   0: 0x80003c2c (0x52dd0d13) addi    s10, s10, 1325
core   0: 3 0x80003c2c (0x52dd0d13) x26 0x80013155
core   0: 0x80003c30 (0xf14d8383) lb      t2, -236(s11)
core   0: 3 0x80003c30 (0xf14d8383) x 7 0xffffffcf mem 0x8001de7f
core   0: 0x80003c34 (0x0a5d5403) lhu     s0, 165(s10)
core   0: 3 0x80003c34 (0x0a5d5403) x 8 0x0000638e mem 0x800131fa
core   0: 0x80003c38 (0xf5adcf83) lbu     t6, -166(s11)
core   0: 3 0x80003c38 (0xf5adcf83) x31 0x00000075 mem 0x8001dec5
core   0: 0x80003c3c (0x042d4703) lbu     a4, 66(s10)
core   0: 3 0x80003c3c (0x042d4703) x14 0x000000e6 mem 0x80013197
core   0: 0x80003c40 (0xfead4203) lbu     tp, -22(s10)
core   0: 3 0x80003c40 (0xfead4203) x 4 0x000000e5 mem 0x8001313f
core   0: 0x80003c44 (0x01ed8f23) sb      t5, 30(s11)
core   0: 3 0x80003c44 (0x01ed8f23) mem 0x8001df89 0xad
core   0: 0x80003c48 (0x045d5283) lhu     t0, 69(s10)
core   0: 3 0x80003c48 (0x045d5283) x 5 0x00008b7e mem 0x8001319a
core   0: 0x80003c4c (0xf12d8a03) lb      s4, -238(s11)
core   0: 3 0x80003c4c (0xf12d8a03) x20 0xffffff97 mem 0x8001de7d
core   0: 0x80003c50 (0x086d0a03) lb      s4, 134(s10)
core   0: 3 0x80003c50 (0x086d0a03) x20 0xffffffb6 mem 0x800131db
core   0: 0x80003c54 (0xfcad8283) lb      t0, -54(s11)
core   0: 3 0x80003c54 (0xfcad8283) x 5 0xffffffca mem 0x8001df35
core   0: 0x80003c58 (0xf60d15a3) sh      zero, -149(s10)
core   0: 3 0x80003c58 (0xf60d15a3) mem 0x800130c0 0x0000
core   0: 0x80003c5c (0xf00d0083) lb      ra, -256(s10)
core   0: 3 0x80003c5c (0xf00d0083) x 1 0xffffffd4 mem 0x80013055
core   0: 0x80003c60 (0xf35d8f03) lb      t5, -203(s11)
core   0: 3 0x80003c60 (0xf35d8f03) x30 0x0000002e mem 0x8001dea0
core   0: 0x80003c64 (0xfc7d5a03) lhu     s4, -57(s10)
core   0: 3 0x80003c64 (0xfc7d5a03) x20 0x0000940a mem 0x8001311c
core   0: 0x80003c68 (0x00200493) li      s1, 2
core   0: 3 0x80003c68 (0x00200493) x 9 0x00000002
core   0: 0x80003c6c (0x00000013) nop
core   0: 3 0x80003c6c (0x00000013)
core   0: 0x80003c70 (0x5fd13f13) sltiu   t5, sp, 1533
core   0: 3 0x80003c70 (0x5fd13f13) x30 0x00000000
core   0: 0x80003c74 (0x6253ea13) ori     s4, t2, 1573
core   0: 3 0x80003c74 (0x6253ea13) x20 0xffffffef
core   0: 0x80003c78 (0xfec00213) li      tp, -20
core   0: 3 0x80003c78 (0xfec00213) x 4 0xffffffec
core   0: 0x80003c7c (0xc2fe5c17) auipc   s8, 0xc2fe5
core   0: 3 0x80003c7c (0xc2fe5c17) x24 0x42fe8c7c
core   0: 0x80003c80 (0x0ff0000f) fence   iorw,iorw
core   0: 3 0x80003c80 (0x0ff0000f)
core   0: 0x80003c84 (0x0145e333) or      t1, a1, s4
core   0: 3 0x80003c84 (0x0145e333) x 6 0xffffffef
core   0: 0x80003c88 (0x674e3013) sltiu   zero, t3, 1652
core   0: 3 0x80003c88 (0x674e3013)
core   0: 0x80003c8c (0xffe48493) addi    s1, s1, -2
core   0: 3 0x80003c8c (0xffe48493) x 9 0x00000000
core   0: 0x80003c90 (0x00000013) nop
core   0: 3 0x80003c90 (0x00000013)
core   0: 0x80003c94 (0xfe4488e3) beq     s1, tp, pc - 16
core   0: 3 0x80003c94 (0xfe4488e3)
core   0: 0x80003c98 (0x74cfb513) sltiu   a0, t6, 1868
core   0: 3 0x80003c98 (0x74cfb513) x10 0x00000001
core   0: 0x80003c9c (0x0000fe17) auipc   t3, 0xf
core   0: 3 0x80003c9c (0x0000fe17) x28 0x80012c9c
core   0: 0x80003ca0 (0x720e0e13) addi    t3, t3, 1824
core   0: 3 0x80003ca0 (0x720e0e13) x28 0x800133bc
core   0: 0x80003ca4 (0x00010a17) auipc   s4, 0x10
core   0: 3 0x80003ca4 (0x00010a17) x20 0x80013ca4
core   0: 0x80003ca8 (0x9c8a0a13) addi    s4, s4, -1592
core   0: 3 0x80003ca8 (0x9c8a0a13) x20 0x8001366c
core   0: 0x80003cac (0x726e4d03) lbu     s10, 1830(t3)
core   0: 3 0x80003cac (0x726e4d03) x26 0x000000dd mem 0x80013ae2
core   0: 0x80003cb0 (0x716e07a3) sb      s6, 1807(t3)
core   0: 3 0x80003cb0 (0x716e07a3) mem 0x80013acb 0x0
core   0: 0x80003cb4 (0x05ce2823) sw      t3, 80(t3)
core   0: 3 0x80003cb4 (0x05ce2823) mem 0x8001340c 0x800133bc
core   0: 0x80003cb8 (0x00010417) auipc   s0, 0x10
core   0: 3 0x80003cb8 (0x00010417) x 8 0x80013cb8
core   0: 0x80003cbc (0xa8b40413) addi    s0, s0, -1397
core   0: 3 0x80003cbc (0xa8b40413) x 8 0x80013743
core   0: 0x80003cc0 (0xfd0a4a83) lbu     s5, -48(s4)
core   0: 3 0x80003cc0 (0xfd0a4a83) x21 0x0000006e mem 0x8001363c
core   0: 0x80003cc4 (0x08141d83) lh      s11, 129(s0)
core   0: 3 0x80003cc4 (0x08141d83) x27 0xffffc78c mem 0x800137c4
core   0: 0x80003cc8 (0x5d5e0a83) lb      s5, 1493(t3)
core   0: 3 0x80003cc8 (0x5d5e0a83) x21 0xffffff8a mem 0x80013991
core   0: 0x80003ccc (0x004a2d83) lw      s11, 4(s4)
core   0: 3 0x80003ccc (0x004a2d83) x27 0x4498a445 mem 0x80013670
core   0: 0x80003cd0 (0x09f414a3) sh      t6, 137(s0)
core   0: 3 0x80003cd0 (0x09f414a3) mem 0x800137cc 0x0075
core   0: 0x80003cd4 (0xf5040fa3) sb      a6, -161(s0)
core   0: 3 0x80003cd4 (0xf5040fa3) mem 0x800136a2 0x0
core   0: 0x80003cd8 (0x01941503) lh      a0, 25(s0)
core   0: 3 0x80003cd8 (0x01941503) x10 0x00007d2b mem 0x8001375c
core   0: 0x80003cdc (0x46ee5383) lhu     t2, 1134(t3)
core   0: 3 0x80003cdc (0x46ee5383) x 7 0x0000663d mem 0x8001382a
core   0: 0x80003ce0 (0xfcf40a83) lb      s5, -49(s0)
core   0: 3 0x80003ce0 (0xfcf40a83) x21 0x0000005f mem 0x80013712
core   0: 0x80003ce4 (0x02aa4983) lbu     s3, 42(s4)
core   0: 3 0x80003ce4 (0x02aa4983) x19 0x00000075 mem 0x80013696
core   0: 0x80003ce8 (0xfe840a83) lb      s5, -24(s0)
core   0: 3 0x80003ce8 (0xfe840a83) x21 0xffffffca mem 0x8001372b
core   0: 0x80003cec (0xff3a4703) lbu     a4, -13(s4)
core   0: 3 0x80003cec (0xff3a4703) x14 0x000000db mem 0x8001365f
core   0: 0x80003cf0 (0xf90e1303) lh      t1, -112(t3)
core   0: 3 0x80003cf0 (0xf90e1303) x 6 0xffff93bd mem 0x8001334c
core   0: 0x80003cf4 (0xfeca1c03) lh      s8, -20(s4)
core   0: 3 0x80003cf4 (0xfeca1c03) x24 0xffff9430 mem 0x80013658
core   0: 0x80003cf8 (0x07945183) lhu     gp, 121(s0)
core   0: 3 0x80003cf8 (0x07945183) x 3 0x0000cbde mem 0x800137bc
core   0: 0x80003cfc (0x0e745f03) lhu     t5, 231(s0)
core   0: 3 0x80003cfc (0x0e745f03) x30 0x0000663d mem 0x8001382a
core   0: 0x80003d00 (0x010a1923) sh      a6, 18(s4)
core   0: 3 0x80003d00 (0x010a1923) mem 0x8001367e 0x0000
core   0: 0x80003d04 (0xfc8a4503) lbu     a0, -56(s4)
core   0: 3 0x80003d04 (0xfc8a4503) x10 0x0000008a mem 0x80013634
core   0: 0x80003d08 (0xe17e0f83) lb      t6, -489(t3)
core   0: 3 0x80003d08 (0xe17e0f83) x31 0x0000004c mem 0x800131d3
core   0: 0x80003d0c (0xf3745e83) lhu     t4, -201(s0)
core   0: 3 0x80003d0c (0xf3745e83) x29 0x0000989f mem 0x8001367a
core   0: 0x80003d10 (0xfd4a0d23) sb      s4, -38(s4)
core   0: 3 0x80003d10 (0xfd4a0d23) mem 0x80013646 0x6c
core   0: 0x80003d14 (0x7d4e08a3) sb      s4, 2001(t3)
core   0: 3 0x80003d14 (0x7d4e08a3) mem 0x80013b8d 0x6c
core   0: 0x80003d18 (0xfb744183) lbu     gp, -73(s0)
core   0: 3 0x80003d18 (0xfb744183) x 3 0x0000007a mem 0x800136fa
core   0: 0x80003d1c (0x0001ea97) auipc   s5, 0x1e
core   0: 3 0x80003d1c (0x0001ea97) x21 0x80021d1c
core   0: 0x80003d20 (0x3fba8a93) addi    s5, s5, 1019
core   0: 3 0x80003d20 (0x3fba8a93) x21 0x80022117
core   0: 0x80003d24 (0x0192e2b3) or      t0, t0, s9
core   0: 3 0x80003d24 (0x0192e2b3) x 5 0xffffffca
core   0: 0x80003d28 (0x0125b5b3) sltu    a1, a1, s2
core   0: 3 0x80003d28 (0x0125b5b3) x11 0x00000000
core   0: 0x80003d2c (0xd50cb513) sltiu   a0, s9, -688
core   0: 3 0x80003d2c (0xd50cb513) x10 0x00000001
core   0: 0x80003d30 (0xa872f213) andi    tp, t0, -1401
core   0: 3 0x80003d30 (0xa872f213) x 4 0xfffffa82
core   0: 0x80003d34 (0x00559c93) slli    s9, a1, 5
core   0: 3 0x80003d34 (0x00559c93) x25 0x00000000
core   0: 0x80003d38 (0x0ff0000f) fence   iorw,iorw
core   0: 3 0x80003d38 (0x0ff0000f)
core   0: 0x80003d3c (0x539ac903) lbu     s2, 1337(s5)
core   0: 3 0x80003d3c (0x539ac903) x18 0x000000e1 mem 0x80022650
core   0: 0x80003d40 (0x0122a2b3) slt     t0, t0, s2
core   0: 3 0x80003d40 (0x0122a2b3) x 5 0x00000001
core   0: 0x80003d44 (0x412252b3) sra     t0, tp, s2
core   0: 3 0x80003d44 (0x412252b3) x 5 0xfffffd41
core   0: 0x80003d48 (0x812a8b23) sb      s2, -2026(s5)
core   0: 3 0x80003d48 (0x812a8b23) mem 0x8002192d 0xe1
core   0: 0x80003d4c (0x10ba8723) sb      a1, 270(s5)
core   0: 3 0x80003d4c (0x10ba8723) mem 0x80022225 0x0
core   0: 0x80003d50 (0x0000100f) fence.i
core   0: 3 0x80003d50 (0x0000100f)
core   0: 0x80003d54 (0x404205b3) sub     a1, tp, tp
core   0: 3 0x80003d54 (0x404205b3) x11 0x00000000
core   0: 0x80003d58 (0x40c95593) srai    a1, s2, 12
core   0: 3 0x80003d58 (0x40c95593) x11 0x00000000
core   0: 0x80003d5c (0x0000100f) fence.i
core   0: 3 0x80003d5c (0x0000100f)
core   0: 0x80003d60 (0xdd9a9903) lh      s2, -551(s5)
core   0: 3 0x80003d60 (0xdd9a9903) x18 0xffffd42e mem 0x80021ef0
core   0: 0x80003d64 (0x00000013) nop
core   0: 3 0x80003d64 (0x00000013)
core   0: 0x80003d68 (0x15e5ac93) slti    s9, a1, 350
core   0: 3 0x80003d68 (0x15e5ac93) x25 0x00000001
core   0: 0x80003d6c (0xf03a8c83) lb      s9, -253(s5)
core   0: 3 0x80003d6c (0xf03a8c83) x25 0xffffff91 mem 0x8002201a
core   0: 0x80003d70 (0x00552cb3) slt     s9, a0, t0
core   0: 3 0x80003d70 (0x00552cb3) x25 0x00000000
core   0: 0x80003d74 (0x00b912b3) sll     t0, s2, a1
core   0: 3 0x80003d74 (0x00b912b3) x 5 0xffffd42e
core   0: 0x80003d78 (0xbb6acc83) lbu     s9, -1098(s5)
core   0: 3 0x80003d78 (0xbb6acc83) x25 0x00000037 mem 0x80021ccd
core   0: 0x80003d7c (0x000a8283) lb      t0, 0(s5)
core   0: 3 0x80003d7c (0x000a8283) x 5 0x00000019 mem 0x80022117
core   0: 0x80003d80 (0xeb3035b7) lui     a1, 0xeb303
core   0: 3 0x80003d80 (0xeb3035b7) x11 0xeb303000
core   0: 0x80003d84 (0x0195b2b3) sltu    t0, a1, s9
core   0: 3 0x80003d84 (0x0195b2b3) x 5 0x00000000
core   0: 0x80003d88 (0x75cac583) lbu     a1, 1884(s5)
core   0: 3 0x80003d88 (0x75cac583) x11 0x00000060 mem 0x80022873
core   0: 0x80003d8c (0x7fb96913) ori     s2, s2, 2043
core   0: 3 0x80003d8c (0x7fb96913) x18 0xffffd7ff
core   0: 0x80003d90 (0x015a9c83) lh      s9, 21(s5)
core   0: 3 0x80003d90 (0x015a9c83) x25 0xffffed65 mem 0x8002212c
core   0: 0x80003d94 (0x00524933) xor     s2, tp, t0
core   0: 3 0x80003d94 (0x00524933) x18 0xfffffa82
core   0: 0x80003d98 (0x0a0ac203) lbu     tp, 160(s5)
core   0: 3 0x80003d98 (0x0a0ac203) x 4 0x00000028 mem 0x800221b7
core   0: 0x80003d9c (0x6e5a83a3) sb      t0, 1767(s5)
core   0: 3 0x80003d9c (0x6e5a83a3) mem 0x800227fe 0x0
core   0: 0x80003da0 (0x89fcac93) slti    s9, s9, -1889
core   0: 3 0x80003da0 (0x89fcac93) x25 0x00000001
core   0: 0x80003da4 (0x0ff0000f) fence   iorw,iorw
core   0: 3 0x80003da4 (0x0ff0000f)
core   0: 0x80003da8 (0x09aac203) lbu     tp, 154(s5)
core   0: 3 0x80003da8 (0x09aac203) x 4 0x000000b4 mem 0x800221b1
core   0: 0x80003dac (0xd372ac93) slti    s9, t0, -713
core   0: 3 0x80003dac (0xd372ac93) x25 0x00000000
core   0: 0x80003db0 (0x4125d5b3) sra     a1, a1, s2
core   0: 3 0x80003db0 (0x4125d5b3) x11 0x00000018
core   0: 0x80003db4 (0x0122b5b3) sltu    a1, t0, s2
core   0: 3 0x80003db4 (0x0122b5b3) x11 0x00000001
core   0: 0x80003db8 (0x00a5b933) sltu    s2, a1, a0
core   0: 3 0x80003db8 (0x00a5b933) x18 0x00000000
core   0: 0x80003dbc (0xeaaa8c23) sb      a0, -328(s5)
core   0: 3 0x80003dbc (0xeaaa8c23) mem 0x80021fcf 0x1
core   0: 0x80003dc0 (0x00b562b3) or      t0, a0, a1
core   0: 3 0x80003dc0 (0x00b562b3) x 5 0x00000001
core   0: 0x80003dc4 (0x41d55c93) srai    s9, a0, 29
core   0: 3 0x80003dc4 (0x41d55c93) x25 0x00000000
core   0: 0x80003dc8 (0x003a8503) lb      a0, 3(s5)
core   0: 3 0x80003dc8 (0x003a8503) x10 0xffffffcc mem 0x8002211a
core   0: 0x80003dcc (0xffa00493) li      s1, -6
core   0: 3 0x80003dcc (0xffa00493) x 9 0xfffffffa
core   0: 0x80003dd0 (0x40ce0ab3) sub     s5, t3, a2
core   0: 3 0x80003dd0 (0x40ce0ab3) x21 0x8001334a
core   0: 0x80003dd4 (0xd4496693) ori     a3, s2, -700
core   0: 3 0x80003dd4 (0xd4496693) x13 0xfffffd44
core   0: 0x80003dd8 (0x00b38333) add     t1, t2, a1
core   0: 3 0x80003dd8 (0x00b38333) x 6 0x0000663e
core   0: 0x80003ddc (0x01bbbeb3) sltu    t4, s7, s11
core   0: 3 0x80003ddc (0x01bbbeb3) x29 0x00000001
core   0: 0x80003de0 (0xff700093) li      ra, -9
core   0: 3 0x80003de0 (0xff700093) x 1 0xfffffff7
core   0: 0x80003de4 (0x0000100f) fence.i
core   0: 3 0x80003de4 (0x0000100f)
core   0: 0x80003de8 (0xbc4f8913) addi    s2, t6, -1084
core   0: 3 0x80003de8 (0xbc4f8913) x18 0xfffffc10
core   0: 0x80003dec (0xff848493) addi    s1, s1, -8
core   0: 3 0x80003dec (0xff848493) x 9 0xfffffff2
core   0: 0x80003df0 (0x00800d13) li      s10, 8
core   0: 3 0x80003df0 (0x00800d13) x26 0x00000008
core   0: 0x80003df4 (0x00163eb3) sltu    t4, a2, ra
core   0: 3 0x80003df4 (0x00163eb3) x29 0x00000001
core   0: 0x80003df8 (0x00400613) li      a2, 4
core   0: 3 0x80003df8 (0x00400613) x12 0x00000004
core   0: 0x80003dfc (0x474bfa13) andi    s4, s7, 1140
core   0: 3 0x80003dfc (0x474bfa13) x20 0x00000000
core   0: 0x80003e00 (0x00918db3) add     s11, gp, s1
core   0: 3 0x80003e00 (0x00918db3) x27 0x0000006c
core   0: 0x80003e04 (0xa31c7c93) andi    s9, s8, -1487
core   0: 3 0x80003e04 (0xa31c7c93) x25 0xffff9030
core   0: 0x80003e08 (0x01789a13) slli    s4, a7, 23
core   0: 3 0x80003e08 (0x01789a13) x20 0x72000000
core   0: 0x80003e0c (0x00420a33) add     s4, tp, tp
core   0: 3 0x80003e0c (0x00420a33) x20 0x00000168
core   0: 0x80003e10 (0x63626017) auipc   zero, 0x63626
core   0: 3 0x80003e10 (0x63626017)
core   0: 0x80003e14 (0x01ed01b3) add     gp, s10, t5
core   0: 3 0x80003e14 (0x01ed01b3) x 3 0x00006645
core   0: 0x80003e18 (0xffdd0d13) addi    s10, s10, -3
core   0: 3 0x80003e18 (0xffdd0d13) x26 0x00000005
core   0: 0x80003e1c (0x007ff733) and     a4, t6, t2
core   0: 3 0x80003e1c (0x007ff733) x14 0x0000000c
core   0: 0x80003e20 (0x6870c693) xori    a3, ra, 1671
core   0: 3 0x80003e20 (0x6870c693) x13 0xfffff970
core   0: 0x80003e24 (0x0ff0000f) fence   iorw,iorw
core   0: 3 0x80003e24 (0x0ff0000f)
core   0: 0x80003e28 (0x34c62e13) slti    t3, a2, 844
core   0: 3 0x80003e28 (0x34c62e13) x28 0x00000001
core   0: 0x80003e2c (0x00000013) nop
core   0: 3 0x80003e2c (0x00000013)
core   0: 0x80003e30 (0xfccd76e3) bgeu    s10, a2, pc - 52
core   0: 3 0x80003e30 (0xfccd76e3)
core   0: 0x80003dfc (0x474bfa13) andi    s4, s7, 1140
core   0: 3 0x80003dfc (0x474bfa13) x20 0x00000000
core   0: 0x80003e00 (0x00918db3) add     s11, gp, s1
core   0: 3 0x80003e00 (0x00918db3) x27 0x00006637
core   0: 0x80003e04 (0xa31c7c93) andi    s9, s8, -1487
core   0: 3 0x80003e04 (0xa31c7c93) x25 0xffff9030
core   0: 0x80003e08 (0x01789a13) slli    s4, a7, 23
core   0: 3 0x80003e08 (0x01789a13) x20 0x72000000
core   0: 0x80003e0c (0x00420a33) add     s4, tp, tp
core   0: 3 0x80003e0c (0x00420a33) x20 0x00000168
core   0: 0x80003e10 (0x63626017) auipc   zero, 0x63626
core   0: 3 0x80003e10 (0x63626017)
core   0: 0x80003e14 (0x01ed01b3) add     gp, s10, t5
core   0: 3 0x80003e14 (0x01ed01b3) x 3 0x00006642
core   0: 0x80003e18 (0xffdd0d13) addi    s10, s10, -3
core   0: 3 0x80003e18 (0xffdd0d13) x26 0x00000002
core   0: 0x80003e1c (0x007ff733) and     a4, t6, t2
core   0: 3 0x80003e1c (0x007ff733) x14 0x0000000c
core   0: 0x80003e20 (0x6870c693) xori    a3, ra, 1671
core   0: 3 0x80003e20 (0x6870c693) x13 0xfffff970
core   0: 0x80003e24 (0x0ff0000f) fence   iorw,iorw
core   0: 3 0x80003e24 (0x0ff0000f)
core   0: 0x80003e28 (0x34c62e13) slti    t3, a2, 844
core   0: 3 0x80003e28 (0x34c62e13) x28 0x00000001
core   0: 0x80003e2c (0x00000013) nop
core   0: 3 0x80003e2c (0x00000013)
core   0: 0x80003e30 (0xfccd76e3) bgeu    s10, a2, pc - 52
core   0: 3 0x80003e30 (0xfccd76e3)
core   0: 0x80003e34 (0x013506b3) add     a3, a0, s3
core   0: 3 0x80003e34 (0x013506b3) x13 0x00000041
core   0: 0x80003e38 (0x2b5e6037) lui     zero, 0x2b5e6
core   0: 3 0x80003e38 (0x2b5e6037)
core   0: 0x80003e3c (0x000cd5b3) srl     a1, s9, zero
core   0: 3 0x80003e3c (0x000cd5b3) x11 0xffff9030
core   0: 0x80003e40 (0x00f39033) sll     zero, t2, a5
core   0: 3 0x80003e40 (0x00f39033)
core   0: 0x80003e44 (0xb9b97593) andi    a1, s2, -1125
core   0: 3 0x80003e44 (0xb9b97593) x11 0xfffff810
core   0: 0x80003e48 (0x0000100f) fence.i
core   0: 3 0x80003e48 (0x0000100f)
core   0: 0x80003e4c (0xf814dee3) bge     s1, ra, pc - 100
core   0: 3 0x80003e4c (0xf814dee3)
core   0: 0x80003e50 (0x00880933) add     s2, a6, s0
core   0: 3 0x80003e50 (0x00880933) x18 0x00013743
core   0: 0x80003e54 (0x00010597) auipc   a1, 0x10
core   0: 3 0x80003e54 (0x00010597) x11 0x80013e54
core   0: 0x80003e58 (0xb0358593) addi    a1, a1, -1277
core   0: 3 0x80003e58 (0xb0358593) x11 0x80013957
core   0: 0x80003e5c (0x00010c97) auipc   s9, 0x10
core   0: 3 0x80003e5c (0x00010c97) x25 0x80013e5c
core   0: 0x80003e60 (0x97dc8c93) addi    s9, s9, -1667
core   0: 3 0x80003e60 (0x97dc8c93) x25 0x800137d9
core   0: 0x80003e64 (0xfe65ce03) lbu     t3, -26(a1)
core   0: 3 0x80003e64 (0xfe65ce03) x28 0x0000006e mem 0x8001393d
core   0: 0x80003e68 (0x0000f397) auipc   t2, 0xf
core   0: 3 0x80003e68 (0x0000f397) x 7 0x80012e68
core   0: 0x80003e6c (0x58a38393) addi    t2, t2, 1418
core   0: 3 0x80003e6c (0x58a38393) x 7 0x800133f2
core   0: 0x80003e70 (0x00010997) auipc   s3, 0x10
core   0: 3 0x80003e70 (0x00010997) x19 0x80013e70
core   0: 0x80003e74 (0xc4998993) addi    s3, s3, -951
core   0: 3 0x80003e74 (0xc4998993) x19 0x80013ab9
core   0: 0x80003e78 (0xffd3c303) lbu     t1, -3(t2)
core   0: 3 0x80003e78 (0xffd3c303) x 6 0x00000020 mem 0x800133ef
core   0: 0x80003e7c (0xff138aa3) sb      a7, -11(t2)
core   0: 3 0x80003e7c (0xff138aa3) mem 0x800133e7 0xe4
core   0: 0x80003e80 (0x0103ca83) lbu     s5, 16(t2)
core   0: 3 0x80003e80 (0x0103ca83) x21 0x00000000 mem 0x80013402
core   0: 0x80003e84 (0xff49cc03) lbu     s8, -12(s3)
core   0: 3 0x80003e84 (0xff49cc03) x24 0x000000eb mem 0x80013aad
core   0: 0x80003e88 (0x0025c483) lbu     s1, 2(a1)
core   0: 3 0x80003e88 (0x0025c483) x 9 0x000000f6 mem 0x80013959
core   0: 0x80003e8c (0x0029c303) lbu     t1, 2(s3)
core   0: 3 0x80003e8c (0x0029c303) x 6 0x00000004 mem 0x80013abb
core   0: 0x80003e90 (0x57dc8923) sb      t4, 1394(s9)
core   0: 3 0x80003e90 (0x57dc8923) mem 0x80013d4b 0x1
core   0: 0x80003e94 (0xff73c603) lbu     a2, -9(t2)
core   0: 3 0x80003e94 (0xff73c603) x12 0x000000ed mem 0x800133e9
core   0: 0x80003e98 (0x0225c083) lbu     ra, 34(a1)
core   0: 3 0x80003e98 (0x0225c083) x 1 0x000000c8 mem 0x80013979
core   0: 0x80003e9c (0xff999e83) lh      t4, -7(s3)
core   0: 3 0x80003e9c (0xff999e83) x29 0xfffff754 mem 0x80013ab2
core   0: 0x80003ea0 (0xd74ccd83) lbu     s11, -652(s9)
core   0: 3 0x80003ea0 (0xd74ccd83) x27 0x00000066 mem 0x8001354d
core   0: 0x80003ea4 (0xffa3de03) lhu     t3, -6(t2)
core   0: 3 0x80003ea4 (0xffa3de03) x28 0x0000a97b mem 0x800133ec
core   0: 0x80003ea8 (0xff939923) sh      s9, -14(t2)
core   0: 3 0x80003ea8 (0xff939923) mem 0x800133e4 0x37d9
core   0: 0x80003eac (0xff79c603) lbu     a2, -9(s3)
core   0: 3 0x80003eac (0xff79c603) x12 0x0000002f mem 0x80013ab0
core   0: 0x80003eb0 (0x1f6c8083) lb      ra, 502(s9)
core   0: 3 0x80003eb0 (0x1f6c8083) x 1 0x00000020 mem 0x800139cf
core   0: 0x80003eb4 (0xffa9c403) lbu     s0, -6(s3)
core   0: 3 0x80003eb4 (0xffa9c403) x 8 0x000000f7 mem 0x80013ab3
core   0: 0x80003eb8 (0x55ac9aa3) sh      s10, 1365(s9)
core   0: 3 0x80003eb8 (0x55ac9aa3) mem 0x80013d2e 0x0002
core   0: 0x80003ebc (0xfef5cc03) lbu     s8, -17(a1)
core   0: 3 0x80003ebc (0xfef5cc03) x24 0x000000da mem 0x80013946
core   0: 0x80003ec0 (0x017987a3) sb      s7, 15(s3)
core   0: 3 0x80003ec0 (0x017987a3) mem 0x80013ac8 0x0
core   0: 0x80003ec4 (0xfec587a3) sb      a2, -17(a1)
core   0: 3 0x80003ec4 (0xfec587a3) mem 0x80013946 0x2f
core   0: 0x80003ec8 (0x00158403) lb      s0, 1(a1)
core   0: 3 0x80003ec8 (0x00158403) x 8 0x0000007f mem 0x80013958
core   0: 0x80003ecc (0xff438ba3) sb      s4, -9(t2)
core   0: 3 0x80003ecc (0xff438ba3) mem 0x800133e9 0x68
core   0: 0x80003ed0 (0x0335c503) lbu     a0, 51(a1)
core   0: 3 0x80003ed0 (0x0335c503) x10 0x0000002a mem 0x8001398a
core   0: 0x80003ed4 (0x00098303) lb      t1, 0(s3)
core   0: 3 0x80003ed4 (0x00098303) x 6 0xffffffce mem 0x80013ab9
core   0: 0x80003ed8 (0x0053c903) lbu     s2, 5(t2)
core   0: 3 0x80003ed8 (0x0053c903) x18 0x00000095 mem 0x800133f7
core   0: 0x80003edc (0xfe45cc03) lbu     s8, -28(a1)
core   0: 3 0x80003edc (0xfe45cc03) x24 0x00000085 mem 0x8001393b
core   0: 0x80003ee0 (0xfe05ce83) lbu     t4, -32(a1)
core   0: 3 0x80003ee0 (0xfe05ce83) x29 0x00000011 mem 0x80013937
core   0: 0x80003ee4 (0x01a98123) sb      s10, 2(s3)
core   0: 3 0x80003ee4 (0x01a98123) mem 0x80013abb 0x2
core   0: 0x80003ee8 (0x0083ce03) lbu     t3, 8(t2)
core   0: 3 0x80003ee8 (0x0083ce03) x28 0x0000003d mem 0x800133fa
core   0: 0x80003eec (0xffc98f83) lb      t6, -4(s3)
core   0: 3 0x80003eec (0xffc98f83) x31 0xfffffff1 mem 0x80013ab5
core   0: 0x80003ef0 (0x4c7c8523) sb      t2, 1226(s9)
core   0: 3 0x80003ef0 (0x4c7c8523) mem 0x80013ca3 0xf2
core   0: 0x80003ef4 (0x0103c183) lbu     gp, 16(t2)
core   0: 3 0x80003ef4 (0x0103c183) x 3 0x00000000 mem 0x80013402
core   0: 0x80003ef8 (0xfff98d83) lb      s11, -1(s3)
core   0: 3 0x80003ef8 (0xfff98d83) x27 0xffffff8c mem 0x80013ab8
core   0: 0x80003efc (0x01558223) sb      s5, 4(a1)
core   0: 3 0x80003efc (0x01558223) mem 0x8001395b 0x0
core   0: 0x80003f00 (0x0001b117) auipc   sp, 0x1b
core   0: 3 0x80003f00 (0x0001b117) x 2 0x8001ef00
core   0: 0x80003f04 (0x9f910113) addi    sp, sp, -1543
core   0: 3 0x80003f04 (0x9f910113) x 2 0x8001e8f9
core   0: 0x80003f08 (0x2f813493) sltiu   s1, sp, 760
core   0: 3 0x80003f08 (0x2f813493) x 9 0x00000000
core   0: 0x80003f0c (0xf7c10a23) sb      t3, -140(sp)
core   0: 3 0x80003f0c (0xf7c10a23) mem 0x8001e86d 0x3d
core   0: 0x80003f10 (0xf7410483) lb      s1, -140(sp)
core   0: 3 0x80003f10 (0xf7410483) x 9 0x0000003d mem 0x8001e86d
core   0: 0x80003f14 (0xf6010a23) sb      zero, -140(sp)
core   0: 3 0x80003f14 (0xf6010a23) mem 0x8001e86d 0x0
core   0: 0x80003f18 (0xf7414c03) lbu     s8, -140(sp)
core   0: 3 0x80003f18 (0xf7414c03) x24 0x00000000 mem 0x8001e86d
core   0: 0x80003f1c (0x01eacc33) xor     s8, s5, t5
core   0: 3 0x80003f1c (0x01eacc33) x24 0x0000663d
core   0: 0x80003f20 (0xf7810a23) sb      s8, -140(sp)
core   0: 3 0x80003f20 (0xf7810a23) mem 0x8001e86d 0x3d
core   0: 0x80003f24 (0xf7410383) lb      t2, -140(sp)
core   0: 3 0x80003f24 (0xf7410383) x 7 0x0000003d mem 0x8001e86d
core   0: 0x80003f28 (0xf7410f83) lb      t6, -140(sp)
core   0: 3 0x80003f28 (0xf7410f83) x31 0x0000003d mem 0x8001e86d
core   0: 0x80003f2c (0xf6b10a23) sb      a1, -140(sp)
core   0: 3 0x80003f2c (0xf6b10a23) mem 0x8001e86d 0x57
core   0: 0x80003f30 (0xf7414a03) lbu     s4, -140(sp)
core   0: 3 0x80003f30 (0xf7414a03) x20 0x00000057 mem 0x8001e86d
core   0: 0x80003f34 (0xf7414083) lbu     ra, -140(sp)
core   0: 3 0x80003f34 (0xf7414083) x 1 0x00000057 mem 0x8001e86d
core   0: 0x80003f38 (0x00000013) nop
core   0: 3 0x80003f38 (0x00000013)
core   0: 0x80003f3c (0xf6510a23) sb      t0, -140(sp)
core   0: 3 0x80003f3c (0xf6510a23) mem 0x8001e86d 0x1
core   0: 0x80003f40 (0xf7414f83) lbu     t6, -140(sp)
core   0: 3 0x80003f40 (0xf7414f83) x31 0x00000001 mem 0x8001e86d
core   0: 0x80003f44 (0xf7410003) lb      zero, -140(sp)
core   0: 3 0x80003f44 (0xf7410003) mem 0x8001e86d
core   0: 0x80003f48 (0x0000f117) auipc   sp, 0xf
core   0: 3 0x80003f48 (0x0000f117) x 2 0x80012f48
core   0: 0x80003f4c (0x71d10113) addi    sp, sp, 1821
core   0: 3 0x80003f4c (0x71d10113) x 2 0x80013665
core   0: 0x80003f50 (0x00f10a03) lb      s4, 15(sp)
core   0: 3 0x80003f50 (0x00f10a03) x20 0x00000026 mem 0x80013674
core   0: 0x80003f54 (0x00153a33) sltu    s4, a0, ra
core   0: 3 0x80003f54 (0x00153a33) x20 0x00000001
core   0: 0x80003f58 (0x000629b3) slt     s3, a2, zero
core   0: 3 0x80003f58 (0x000629b3) x19 0x00000000
core   0: 0x80003f5c (0xff410b23) sb      s4, -10(sp)
core   0: 3 0x80003f5c (0xff410b23) mem 0x8001365b 0x1
core   0: 0x80003f60 (0x83e63097) auipc   ra, 0x83e63
core   0: 3 0x80003f60 (0x83e63097) x 1 0x03e66f60
core   0: 0x80003f64 (0x0010ba33) sltu    s4, ra, ra
core   0: 3 0x80003f64 (0x0010ba33) x20 0x00000000
core   0: 0x80003f68 (0x00110523) sb      ra, 10(sp)
core   0: 3 0x80003f68 (0x00110523) mem 0x8001366f 0x60
core   0: 0x80003f6c (0x01155a13) srli    s4, a0, 17
core   0: 3 0x80003f6c (0x01155a13) x20 0x00000000
core   0: 0x80003f70 (0x0180d613) srli    a2, ra, 24
core   0: 3 0x80003f70 (0x0180d613) x12 0x00000003
core   0: 0x80003f74 (0x41e9da13) srai    s4, s3, 30
core   0: 3 0x80003f74 (0x41e9da13) x20 0x00000000
core   0: 0x80003f78 (0xfec10d23) sb      a2, -6(sp)
core   0: 3 0x80003f78 (0xfec10d23) mem 0x8001365f 0x3
core   0: 0x80003f7c (0x00e14003) lbu     zero, 14(sp)
core   0: 3 0x80003f7c (0x00e14003) mem 0x80013673
core   0: 0x80003f80 (0x01355033) srl     zero, a0, s3
core   0: 3 0x80003f80 (0x01355033)
core   0: 0x80003f84 (0x00000013) nop
core   0: 3 0x80003f84 (0x00000013)
core   0: 0x80003f88 (0xff610503) lb      a0, -10(sp)
core   0: 3 0x80003f88 (0xff610503) x10 0x00000001 mem 0x8001365b
core   0: 0x80003f8c (0x0000100f) fence.i
core   0: 3 0x80003f8c (0x0000100f)
core   0: 0x80003f90 (0x00410503) lb      a0, 4(sp)
core   0: 3 0x80003f90 (0x00410503) x10 0x00000001 mem 0x80013669
core   0: 0x80003f94 (0x41350a33) sub     s4, a0, s3
core   0: 3 0x80003f94 (0x41350a33) x20 0x00000001
core   0: 0x80003f98 (0x00000013) nop
core   0: 3 0x80003f98 (0x00000013)
core   0: 0x80003f9c (0x00053533) sltu    a0, a0, zero
core   0: 3 0x80003f9c (0x00053533) x10 0x00000000
core   0: 0x80003fa0 (0x00e14a03) lbu     s4, 14(sp)
core   0: 3 0x80003fa0 (0x00e14a03) x20 0x00000044 mem 0x80013673
core   0: 0x80003fa4 (0x00814a03) lbu     s4, 8(sp)
core   0: 3 0x80003fa4 (0x00814a03) x20 0x00000065 mem 0x8001366d
core   0: 0x80003fa8 (0x00a14503) lbu     a0, 10(sp)
core   0: 3 0x80003fa8 (0x00a14503) x10 0x00000060 mem 0x8001366f
core   0: 0x80003fac (0x00f14983) lbu     s3, 15(sp)
core   0: 3 0x80003fac (0x00f14983) x19 0x00000026 mem 0x80013674
core   0: 0x80003fb0 (0xde528a17) auipc   s4, 0xde528
core   0: 3 0x80003fb0 (0xde528a17) x20 0x5e52bfb0
core   0: 0x80003fb4 (0x00312603) lw      a2, 3(sp)
core   0: 3 0x80003fb4 (0x00312603) x12 0xd91c01fa mem 0x80013668
core   0: 0x80003fb8 (0xfff14983) lbu     s3, -1(sp)
core   0: 3 0x80003fb8 (0xfff14983) x19 0x00000015 mem 0x80013664
core   0: 0x80003fbc (0xff410f23) sb      s4, -2(sp)
core   0: 3 0x80003fbc (0xff410f23) mem 0x80013663 0xb0
core   0: 0x80003fc0 (0xfe1119a3) sh      ra, -13(sp)
core   0: 3 0x80003fc0 (0xfe1119a3) mem 0x80013658 0x6f60
core   0: 0x80003fc4 (0xfe110f23) sb      ra, -2(sp)
core   0: 3 0x80003fc4 (0xfe110f23) mem 0x80013663 0x60
core   0: 0x80003fc8 (0x001a7533) and     a0, s4, ra
core   0: 3 0x80003fc8 (0x001a7533) x10 0x02422f20
core   0: 0x80003fcc (0x41cb1637) lui     a2, 0x41cb1
core   0: 3 0x80003fcc (0x41cb1637) x12 0x41cb1000
core   0: 0x80003fd0 (0x8a266997) auipc   s3, 0x8a266
core   0: 3 0x80003fd0 (0x8a266997) x19 0x0a269fd0
core   0: 0x80003fd4 (0x00c52a33) slt     s4, a0, a2
core   0: 3 0x80003fd4 (0x00c52a33) x20 0x00000001
core   0: 0x80003fd8 (0x00514603) lbu     a2, 5(sp)
core   0: 3 0x80003fd8 (0x00514603) x12 0x0000001c mem 0x8001366a
core   0: 0x80003fdc (0x00011217) auipc   tp, 0x11
core   0: 3 0x80003fdc (0x00011217) x 4 0x80014fdc
core   0: 0x80003fe0 (0xd3420213) addi    tp, tp, -716
core   0: 3 0x80003fe0 (0xd3420213) x 4 0x80014d10
core   0: 0x80003fe4 (0x0000fe97) auipc   t4, 0xf
core   0: 3 0x80003fe4 (0x0000fe97) x29 0x80012fe4
core   0: 0x80003fe8 (0x38ae8e93) addi    t4, t4, 906
core   0: 3 0x80003fe8 (0x38ae8e93) x29 0x8001336e
core   0: 0x80003fec (0x0ad20303) lb      t1, 173(tp)
core   0: 3 0x80003fec (0x0ad20303) x 6 0x00000023 mem 0x80014dbd
core   0: 0x80003ff0 (0xf9c22c03) lw      s8, -100(tp)
core   0: 3 0x80003ff0 (0xf9c22c03) x24 0x653fdf48 mem 0x80014cac
core   0: 0x80003ff4 (0x037e8603) lb      a2, 55(t4)
core   0: 3 0x80003ff4 (0x037e8603) x12 0xffffffef mem 0x800133a5
core   0: 0x80003ff8 (0xf0924103) lbu     sp, -247(tp)
core   0: 3 0x80003ff8 (0xf0924103) x 2 0x0000004e mem 0x80014c19
core   0: 0x80003ffc (0x00ae80a3) sb      a0, 1(t4)
core   0: 3 0x80003ffc (0x00ae80a3) mem 0x8001336f 0x20
core   0: 0x80004000 (0x029203a3) sb      s1, 39(tp)
core   0: 3 0x80004000 (0x029203a3) mem 0x80014d37 0x3d
core   0: 0x80004004 (0x03cec583) lbu     a1, 60(t4)
core   0: 3 0x80004004 (0x03cec583) x11 0x000000ec mem 0x800133aa
core   0: 0x80004008 (0x007e89a3) sb      t2, 19(t4)
core   0: 3 0x80004008 (0x007e89a3) mem 0x80013381 0x3d
core   0: 0x8000400c (0x0ac20303) lb      t1, 172(tp)
core   0: 3 0x8000400c (0x0ac20303) x 6 0x00000004 mem 0x80014dbc
core   0: 0x80004010 (0xfd7e8d23) sb      s7, -38(t4)
core   0: 3 0x80004010 (0xfd7e8d23) mem 0x80013348 0x0
core   0: 0x80004014 (0x0ae25383) lhu     t2, 174(tp)
core   0: 3 0x80004014 (0x0ae25383) x 7 0x00004da5 mem 0x80014dbe
core   0: 0x80004018 (0x024edb03) lhu     s6, 36(t4)
core   0: 3 0x80004018 (0x024edb03) x22 0x000085f6 mem 0x80013392
core   0: 0x8000401c (0x00014117) auipc   sp, 0x14
core   0: 3 0x8000401c (0x00014117) x 2 0x8001801c
core   0: 0x80004020 (0x94f10113) addi    sp, sp, -1713
core   0: 3 0x80004020 (0x94f10113) x 2 0x8001796b
core   0: 0x80004024 (0x012107a3) sb      s2, 15(sp)
core   0: 3 0x80004024 (0x012107a3) mem 0x8001797a 0x95
core   0: 0x80004028 (0x01a10523) sb      s10, 10(sp)
core   0: 3 0x80004028 (0x01a10523) mem 0x80017975 0x2
core   0: 0x8000402c (0x01b10223) sb      s11, 4(sp)
core   0: 3 0x8000402c (0x01b10223) mem 0x8001796f 0x8c
core   0: 0x80004030 (0xffb15d03) lhu     s10, -5(sp)
core   0: 3 0x80004030 (0xffb15d03) x26 0x0000d6c4 mem 0x80017966
core   0: 0x80004034 (0xffb11fa3) sh      s11, -1(sp)
core   0: 3 0x80004034 (0xffb11fa3) mem 0x8001796a 0xff8c
core   0: 0x80004038 (0x00d14d83) lbu     s11, 13(sp)
core   0: 3 0x80004038 (0x00d14d83) x27 0x0000005b mem 0x80017978
core   0: 0x8000403c (0x00d10403) lb      s0, 13(sp)
core   0: 3 0x8000403c (0x00d10403) x 8 0x0000005b mem 0x80017978
core   0: 0x80004040 (0x00c14903) lbu     s2, 12(sp)
core   0: 3 0x80004040 (0x00c14903) x18 0x000000e6 mem 0x80017977
core   0: 0x80004044 (0xffa10a23) sb      s10, -12(sp)
core   0: 3 0x80004044 (0xffa10a23) mem 0x8001795f 0xc4
core   0: 0x80004048 (0x00c63633) sltu    a2, a2, a2
core   0: 3 0x80004048 (0x00c63633) x12 0x00000000
core   0: 0x8000404c (0x48ac4413) xori    s0, s8, 1162
core   0: 3 0x8000404c (0x48ac4413) x 8 0x653fdbc2
core   0: 0x80004050 (0x00914403) lbu     s0, 9(sp)
core   0: 3 0x80004050 (0x00914403) x 8 0x00000039 mem 0x80017974
core   0: 0x80004054 (0x00c14d83) lbu     s11, 12(sp)
core   0: 3 0x80004054 (0x00c14d83) x27 0x000000e6 mem 0x80017977
core   0: 0x80004058 (0x00715d83) lhu     s11, 7(sp)
core   0: 3 0x80004058 (0x00715d83) x27 0x00004d29 mem 0x80017972
core   0: 0x8000405c (0x0000100f) fence.i
core   0: 3 0x8000405c (0x0000100f)
core   0: 0x80004060 (0x7b0d7413) andi    s0, s10, 1968
core   0: 3 0x80004060 (0x7b0d7413) x 8 0x00000680
core   0: 0x80004064 (0x798db413) sltiu   s0, s11, 1944
core   0: 3 0x80004064 (0x798db413) x 8 0x00000000
core   0: 0x80004068 (0x40965d13) srai    s10, a2, 9
core   0: 3 0x80004068 (0x40965d13) x26 0x00000000
core   0: 0x8000406c (0x01810423) sb      s8, 8(sp)
core   0: 3 0x8000406c (0x01810423) mem 0x80017973 0x48
core   0: 0x80004070 (0x008103a3) sb      s0, 7(sp)
core   0: 3 0x80004070 (0x008103a3) mem 0x80017972 0x0
core   0: 0x80004074 (0x00010603) lb      a2, 0(sp)
core   0: 3 0x80004074 (0x00010603) x12 0xffffffff mem 0x8001796b
core   0: 0x80004078 (0x00414903) lbu     s2, 4(sp)
core   0: 3 0x80004078 (0x00414903) x18 0x0000008c mem 0x8001796f
core   0: 0x8000407c (0x00000013) nop
core   0: 3 0x8000407c (0x00000013)
core   0: 0x80004080 (0x01a120a3) sw      s10, 1(sp)
core   0: 3 0x80004080 (0x01a120a3) mem 0x8001796c 0x00000000
core   0: 0x80004084 (0xffe10c03) lb      s8, -2(sp)
core   0: 3 0x80004084 (0xffe10c03) x24 0x00000066 mem 0x80017969
core   0: 0x80004088 (0x41045613) srai    a2, s0, 16
core   0: 3 0x80004088 (0x41045613) x12 0x00000000
core   0: 0x8000408c (0xffb10823) sb      s11, -16(sp)
core   0: 3 0x8000408c (0xffb10823) mem 0x8001795b 0x29
core   0: 0x80004090 (0x00115603) lhu     a2, 1(sp)
core   0: 3 0x80004090 (0x00115603) x12 0x00000000 mem 0x8001796c
core   0: 0x80004094 (0xff010d83) lb      s11, -16(sp)
core   0: 3 0x80004094 (0xff010d83) x27 0x00000029 mem 0x8001795b
core   0: 0x80004098 (0xfe810ba3) sb      s0, -9(sp)
core   0: 3 0x80004098 (0xfe810ba3) mem 0x80017962 0x0
core   0: 0x8000409c (0x8dfd3913) sltiu   s2, s10, -1825
core   0: 3 0x8000409c (0x8dfd3913) x18 0x00000001
core   0: 0x800040a0 (0xff810d03) lb      s10, -8(sp)
core   0: 3 0x800040a0 (0xff810d03) x26 0x0000001b mem 0x80017963
core   0: 0x800040a4 (0x00014903) lbu     s2, 0(sp)
core   0: 3 0x800040a4 (0x00014903) x18 0x000000ff mem 0x8001796b
core   0: 0x800040a8 (0x40b95613) srai    a2, s2, 11
core   0: 3 0x800040a8 (0x40b95613) x12 0x00000000
core   0: 0x800040ac (0x01b106a3) sb      s11, 13(sp)
core   0: 3 0x800040ac (0x01b106a3) mem 0x80017978 0x29
core   0: 0x800040b0 (0xff912603) lw      a2, -7(sp)
core   0: 3 0x800040b0 (0xff912603) x12 0xd6c4a507 mem 0x80017964
core   0: 0x800040b4 (0xff510d83) lb      s11, -11(sp)
core   0: 3 0x800040b4 (0xff510d83) x27 0x00000079 mem 0x80017960
core   0: 0x800040b8 (0xffc00f13) li      t5, -4
core   0: 3 0x800040b8 (0xffc00f13) x30 0xfffffffc
core   0: 0x800040bc (0x40e255b3) sra     a1, tp, a4
core   0: 3 0x800040bc (0x40e255b3) x11 0xfff80014
core   0: 0x800040c0 (0x01f911b3) sll     gp, s2, t6
core   0: 3 0x800040c0 (0x01f911b3) x 3 0x000001fe
core   0: 0x800040c4 (0x01ad1593) slli    a1, s10, 26
core   0: 3 0x800040c4 (0x01ad1593) x11 0x6c000000
core   0: 0x800040c8 (0x0ff0000f) fence   iorw,iorw
core   0: 3 0x800040c8 (0x0ff0000f)
core   0: 0x800040cc (0x00da5313) srli    t1, s4, 13
core   0: 3 0x800040cc (0x00da5313) x 6 0x00000000
core   0: 0x800040d0 (0x00000013) nop
core   0: 3 0x800040d0 (0x00000013)
core   0: 0x800040d4 (0x00000013) nop
core   0: 3 0x800040d4 (0x00000013)
core   0: 0x800040d8 (0xff200a93) li      s5, -14
core   0: 3 0x800040d8 (0xff200a93) x21 0xfffffff2
core   0: 0x800040dc (0xfbe92213) slti    tp, s2, -66
core   0: 3 0x800040dc (0xfbe92213) x 4 0x00000000
core   0: 0x800040e0 (0x001115b7) lui     a1, 0x111
core   0: 3 0x800040e0 (0x001115b7) x11 0x00111000
core   0: 0x800040e4 (0x41980433) sub     s0, a6, s9
core   0: 3 0x800040e4 (0x41980433) x 8 0xfffec827
core   0: 0x800040e8 (0xe224b313) sltiu   t1, s1, -478
core   0: 3 0x800040e8 (0xe224b313) x 6 0x00000001
core   0: 0x800040ec (0x3bd38993) addi    s3, t2, 957
core   0: 3 0x800040ec (0x3bd38993) x19 0x00005162
core   0: 0x800040f0 (0xff6f0f13) addi    t5, t5, -10
core   0: 3 0x800040f0 (0xff6f0f13) x30 0xfffffff2
core   0: 0x800040f4 (0x0000100f) fence.i
core   0: 3 0x800040f4 (0x0000100f)
core   0: 0x800040f8 (0x00700613) li      a2, 7
core   0: 3 0x800040f8 (0x00700613) x12 0x00000007
core   0: 0x800040fc (0x2b125437) lui     s0, 0x2b125
core   0: 3 0x800040fc (0x2b125437) x 8 0x2b125000
core   0: 0x80004100 (0x003b1bb3) sll     s7, s6, gp
core   0: 3 0x80004100 (0x003b1bb3) x23 0x80000000
core   0: 0x80004104 (0x40e15c33) sra     s8, sp, a4
core   0: 3 0x80004104 (0x40e15c33) x24 0xfff80017
core   0: 0x80004108 (0x006bbe33) sltu    t3, s7, t1
core   0: 3 0x80004108 (0x006bbe33) x28 0x00000000
core   0: 0x8000410c (0x01ac2eb3) slt     t4, s8, s10
core   0: 3 0x8000410c (0x01ac2eb3) x29 0x00000001
core   0: 0x80004110 (0xff800513) li      a0, -8
core   0: 3 0x80004110 (0xff800513) x10 0xfffffff8
core   0: 0x80004114 (0x011f4db3) xor     s11, t5, a7
core   0: 3 0x80004114 (0x011f4db3) x27 0x7ffd3316
core   0: 0x80004118 (0x79f6aa13) slti    s4, a3, 1951
core   0: 3 0x80004118 (0x79f6aa13) x20 0x00000001
core   0: 0x8000411c (0x01247d33) and     s10, s0, s2
core   0: 3 0x8000411c (0x01247d33) x26 0x00000000
core   0: 0x80004120 (0xfff60613) addi    a2, a2, -1
core   0: 3 0x80004120 (0xfff60613) x12 0x00000006
core   0: 0x80004124 (0xeb6cb993) sltiu   s3, s9, -330
core   0: 3 0x80004124 (0xeb6cb993) x19 0x00000001
core   0: 0x80004128 (0xfea606e3) beq     a2, a0, pc - 20
core   0: 3 0x80004128 (0xfea606e3)
core   0: 0x8000412c (0x41ba54b3) sra     s1, s4, s11
core   0: 3 0x8000412c (0x41ba54b3) x 9 0x00000000
core   0: 0x80004130 (0x0000100f) fence.i
core   0: 3 0x80004130 (0x0000100f)
core   0: 0x80004134 (0xfb5f0ae3) beq     t5, s5, pc - 76
core   0: 3 0x80004134 (0xfb5f0ae3)
core   0: 0x800040e8 (0xe224b313) sltiu   t1, s1, -478
core   0: 3 0x800040e8 (0xe224b313) x 6 0x00000001
core   0: 0x800040ec (0x3bd38993) addi    s3, t2, 957
core   0: 3 0x800040ec (0x3bd38993) x19 0x00005162
core   0: 0x800040f0 (0xff6f0f13) addi    t5, t5, -10
core   0: 3 0x800040f0 (0xff6f0f13) x30 0xffffffe8
core   0: 0x800040f4 (0x0000100f) fence.i
core   0: 3 0x800040f4 (0x0000100f)
core   0: 0x800040f8 (0x00700613) li      a2, 7
core   0: 3 0x800040f8 (0x00700613) x12 0x00000007
core   0: 0x800040fc (0x2b125437) lui     s0, 0x2b125
core   0: 3 0x800040fc (0x2b125437) x 8 0x2b125000
core   0: 0x80004100 (0x003b1bb3) sll     s7, s6, gp
core   0: 3 0x80004100 (0x003b1bb3) x23 0x80000000
core   0: 0x80004104 (0x40e15c33) sra     s8, sp, a4
core   0: 3 0x80004104 (0x40e15c33) x24 0xfff80017
core   0: 0x80004108 (0x006bbe33) sltu    t3, s7, t1
core   0: 3 0x80004108 (0x006bbe33) x28 0x00000000
core   0: 0x8000410c (0x01ac2eb3) slt     t4, s8, s10
core   0: 3 0x8000410c (0x01ac2eb3) x29 0x00000001
core   0: 0x80004110 (0xff800513) li      a0, -8
core   0: 3 0x80004110 (0xff800513) x10 0xfffffff8
core   0: 0x80004114 (0x011f4db3) xor     s11, t5, a7
core   0: 3 0x80004114 (0x011f4db3) x27 0x7ffd330c
core   0: 0x80004118 (0x79f6aa13) slti    s4, a3, 1951
core   0: 3 0x80004118 (0x79f6aa13) x20 0x00000001
core   0: 0x8000411c (0x01247d33) and     s10, s0, s2
core   0: 3 0x8000411c (0x01247d33) x26 0x00000000
core   0: 0x80004120 (0xfff60613) addi    a2, a2, -1
core   0: 3 0x80004120 (0xfff60613) x12 0x00000006
core   0: 0x80004124 (0xeb6cb993) sltiu   s3, s9, -330
core   0: 3 0x80004124 (0xeb6cb993) x19 0x00000001
core   0: 0x80004128 (0xfea606e3) beq     a2, a0, pc - 20
core   0: 3 0x80004128 (0xfea606e3)
core   0: 0x8000412c (0x41ba54b3) sra     s1, s4, s11
core   0: 3 0x8000412c (0x41ba54b3) x 9 0x00000000
core   0: 0x80004130 (0x0000100f) fence.i
core   0: 3 0x80004130 (0x0000100f)
core   0: 0x80004134 (0xfb5f0ae3) beq     t5, s5, pc - 76
core   0: 3 0x80004134 (0xfb5f0ae3)
core   0: 0x80004138 (0x01b744b3) xor     s1, a4, s11
core   0: 3 0x80004138 (0x01b744b3) x 9 0x7ffd3300
core   0: 0x8000413c (0xff900513) li      a0, -7
core   0: 3 0x8000413c (0xff900513) x10 0xfffffff9
core   0: 0x80004140 (0x00be84b3) add     s1, t4, a1
core   0: 3 0x80004140 (0x00be84b3) x 9 0x00111001
core   0: 0x80004144 (0x000b19b3) sll     s3, s6, zero
core   0: 3 0x80004144 (0x000b19b3) x19 0x000085f6
core   0: 0x80004148 (0xfff00d13) li      s10, -1
core   0: 3 0x80004148 (0xfff00d13) x26 0xffffffff
core   0: 0x8000414c (0x87567013) andi    zero, a2, -1931
core   0: 3 0x8000414c (0x87567013)
core   0: 0x80004150 (0x001759b3) srl     s3, a4, ra
core   0: 3 0x80004150 (0x001759b3) x19 0x0000000c
core   0: 0x80004154 (0x00650513) addi    a0, a0, 6
core   0: 3 0x80004154 (0x00650513) x10 0xffffffff
core   0: 0x80004158 (0x34ef3713) sltiu   a4, t5, 846
core   0: 3 0x80004158 (0x34ef3713) x14 0x00000000
core   0: 0x8000415c (0xffc00c93) li      s9, -4
core   0: 3 0x8000415c (0xffc00c93) x25 0xfffffffc
core   0: 0x80004160 (0x00b00593) li      a1, 11
core   0: 3 0x80004160 (0x00b00593) x11 0x0000000b
core   0: 0x80004164 (0xd6c06213) ori     tp, zero, -660
core   0: 3 0x80004164 (0xd6c06213) x 4 0xfffffd6c
core   0: 0x80004168 (0x00f381b3) add     gp, t2, a5
core   0: 3 0x80004168 (0x00f381b3) x 3 0x8002dbf9
core   0: 0x8000416c (0x001c8c93) addi    s9, s9, 1
core   0: 3 0x8000416c (0x001c8c93) x25 0xfffffffd
core   0: 0x80004170 (0x01a15c13) srli    s8, sp, 26
core   0: 3 0x80004170 (0x01a15c13) x24 0x00000020
core   0: 0x80004174 (0xfebceae3) bltu    s9, a1, pc - 12
core   0: 3 0x80004174 (0xfebceae3)
core   0: 0x80004178 (0xfda50ae3) beq     a0, s10, pc - 44
core   0: 3 0x80004178 (0xfda50ae3)
core   0: 0x8000414c (0x87567013) andi    zero, a2, -1931
core   0: 3 0x8000414c (0x87567013)
core   0: 0x80004150 (0x001759b3) srl     s3, a4, ra
core   0: 3 0x80004150 (0x001759b3) x19 0x00000000
core   0: 0x80004154 (0x00650513) addi    a0, a0, 6
core   0: 3 0x80004154 (0x00650513) x10 0x00000005
core   0: 0x80004158 (0x34ef3713) sltiu   a4, t5, 846
core   0: 3 0x80004158 (0x34ef3713) x14 0x00000000
core   0: 0x8000415c (0xffc00c93) li      s9, -4
core   0: 3 0x8000415c (0xffc00c93) x25 0xfffffffc
core   0: 0x80004160 (0x00b00593) li      a1, 11
core   0: 3 0x80004160 (0x00b00593) x11 0x0000000b
core   0: 0x80004164 (0xd6c06213) ori     tp, zero, -660
core   0: 3 0x80004164 (0xd6c06213) x 4 0xfffffd6c
core   0: 0x80004168 (0x00f381b3) add     gp, t2, a5
core   0: 3 0x80004168 (0x00f381b3) x 3 0x8002dbf9
core   0: 0x8000416c (0x001c8c93) addi    s9, s9, 1
core   0: 3 0x8000416c (0x001c8c93) x25 0xfffffffd
core   0: 0x80004170 (0x01a15c13) srli    s8, sp, 26
core   0: 3 0x80004170 (0x01a15c13) x24 0x00000020
core   0: 0x80004174 (0xfebceae3) bltu    s9, a1, pc - 12
core   0: 3 0x80004174 (0xfebceae3)
core   0: 0x80004178 (0xfda50ae3) beq     a0, s10, pc - 44
core   0: 3 0x80004178 (0xfda50ae3)
core   0: 0x8000417c (0x00a1db33) srl     s6, gp, a0
core   0: 3 0x8000417c (0x00a1db33) x22 0x040016df
core   0: 0x80004180 (0x00010917) auipc   s2, 0x10
core   0: 3 0x80004180 (0x00010917) x18 0x80014180
core   0: 0x80004184 (0x90490913) addi    s2, s2, -1788
core   0: 3 0x80004184 (0x90490913) x18 0x80013a84
core   0: 0x80004188 (0x00010e97) auipc   t4, 0x10
core   0: 3 0x80004188 (0x00010e97) x29 0x80014188
core   0: 0x8000418c (0xe96e8e93) addi    t4, t4, -362
core   0: 3 0x8000418c (0xe96e8e93) x29 0x8001401e
core   0: 0x80004190 (0x03790203) lb      tp, 55(s2)
core   0: 3 0x80004190 (0x03790203) x 4 0x00000002 mem 0x80013abb
core   0: 0x80004194 (0xfc7e8183) lb      gp, -57(t4)
core   0: 3 0x80004194 (0xfc7e8183) x 3 0xffffffd0 mem 0x80013fe5
core   0: 0x80004198 (0x00390603) lb      a2, 3(s2)
core   0: 3 0x80004198 (0x00390603) x12 0x00000037 mem 0x80013a87
core   0: 0x8000419c (0xfc8909a3) sb      s0, -45(s2)
core   0: 3 0x8000419c (0xfc8909a3) mem 0x80013a57 0x0
core   0: 0x800041a0 (0xffcecf83) lbu     t6, -4(t4)
core   0: 3 0x800041a0 (0xffcecf83) x31 0x0000003e mem 0x8001401a
core   0: 0x800041a4 (0xfea90d03) lb      s10, -22(s2)
core   0: 3 0x800041a4 (0xfea90d03) x26 0x00000002 mem 0x80013a6e
core   0: 0x800041a8 (0x00eed983) lhu     s3, 14(t4)
core   0: 3 0x800041a8 (0x00eed983) x19 0x0000ed89 mem 0x8001402c
core   0: 0x800041ac (0x01990703) lb      a4, 25(s2)
core   0: 3 0x800041ac (0x01990703) x14 0xffffffd1 mem 0x80013a9d
core   0: 0x800041b0 (0xffde89a3) sb      t4, -13(t4)
core   0: 3 0x800041b0 (0xffde89a3) mem 0x80014011 0x1e
core   0: 0x800041b4 (0x01091f23) sh      a6, 30(s2)
core   0: 3 0x800041b4 (0x01091f23) mem 0x80013aa2 0x0000
core   0: 0x800041b8 (0x01491a03) lh      s4, 20(s2)
core   0: 3 0x800041b8 (0x01491a03) x20 0x00007bbe mem 0x80013a98
core   0: 0x800041bc (0xfc892623) sw      s0, -52(s2)
core   0: 3 0x800041bc (0xfc892623) mem 0x80013a50 0x2b125000
core   0: 0x800041c0 (0x009e8b03) lb      s6, 9(t4)
core   0: 3 0x800041c0 (0x009e8b03) x22 0x0000004f mem 0x80014027
core   0: 0x800041c4 (0x0000fc97) auipc   s9, 0xf
core   0: 3 0x800041c4 (0x0000fc97) x25 0x800131c4
core   0: 0x800041c8 (0x12ec8c93) addi    s9, s9, 302
core   0: 3 0x800041c8 (0x12ec8c93) x25 0x800132f2
core   0: 0x800041cc (0x01fc86a3) sb      t6, 13(s9)
core   0: 3 0x800041cc (0x01fc86a3) mem 0x800132ff 0x3e
core   0: 0x800041d0 (0x013c8a83) lb      s5, 19(s9)
core   0: 3 0x800041d0 (0x013c8a83) x21 0x00000009 mem 0x80013305
core   0: 0x800041d4 (0x0001c217) auipc   tp, 0x1c
core   0: 3 0x800041d4 (0x0001c217) x 4 0x800201d4
core   0: 0x800041d8 (0x9d220213) addi    tp, tp, -1582
core   0: 3 0x800041d8 (0x9d220213) x 4 0x8001fba6
core   0: 0x800041dc (0xfe9c8603) lb      a2, -23(s9)
core   0: 3 0x800041dc (0xfe9c8603) x12 0x0000003b mem 0x800132db
core   0: 0x800041e0 (0x02a21d23) sh      a0, 58(tp)
core   0: 3 0x800041e0 (0x02a21d23) mem 0x8001fbe0 0x0005
core   0: 0x800041e4 (0xff2c9e83) lh      t4, -14(s9)
core   0: 3 0x800041e4 (0xff2c9e83) x29 0xffffaf0f mem 0x800132e4
core   0: 0x800041e8 (0xfc220fa3) sb      sp, -33(tp)
core   0: 3 0x800041e8 (0xfc220fa3) mem 0x8001fb85 0x6b
core   0: 0x800041ec (0x003200a3) sb      gp, 1(tp)
core   0: 3 0x800041ec (0x003200a3) mem 0x8001fba7 0xd0
core   0: 0x800041f0 (0xfd3c8583) lb      a1, -45(s9)
core   0: 3 0x800041f0 (0xfd3c8583) x11 0xffffffac mem 0x800132c5
core   0: 0x800041f4 (0xfe222b83) lw      s7, -30(tp)
core   0: 3 0x800041f4 (0xfe222b83) x23 0x95f7f322 mem 0x8001fb88
core   0: 0x800041f8 (0xffdc8aa3) sb      t4, -11(s9)
core   0: 3 0x800041f8 (0xffdc8aa3) mem 0x800132e7 0xf
core   0: 0x800041fc (0xfe620ba3) sb      t1, -9(tp)
core   0: 3 0x800041fc (0xfe620ba3) mem 0x8001fb9d 0x1
core   0: 0x80004200 (0x013c85a3) sb      s3, 11(s9)
core   0: 3 0x80004200 (0x013c85a3) mem 0x800132fd 0x89
core   0: 0x80004204 (0xfc821603) lh      a2, -56(tp)
core   0: 3 0x80004204 (0xfc821603) x12 0xfffffb20 mem 0x8001fb6e
core   0: 0x80004208 (0x00013397) auipc   t2, 0x13
core   0: 3 0x80004208 (0x00013397) x 7 0x80017208
core   0: 0x8000420c (0x91038393) addi    t2, t2, -1776
core   0: 3 0x8000420c (0x91038393) x 7 0x80016b18
core   0: 0x80004210 (0x41e0deb3) sra     t4, ra, t5
core   0: 3 0x80004210 (0x41e0deb3) x29 0x0003e66f
core   0: 0x80004214 (0x03c39f03) lh      t5, 60(t2)
core   0: 3 0x80004214 (0x03c39f03) x30 0x000050b6 mem 0x80016b54
core   0: 0x80004218 (0xfa238523) sb      sp, -86(t2)
core   0: 3 0x80004218 (0xfa238523) mem 0x80016ac2 0x6b
core   0: 0x8000421c (0x0513cf03) lbu     t5, 81(t2)
core   0: 3 0x8000421c (0x0513cf03) x30 0x000000d6 mem 0x80016b69
core   0: 0x80004220 (0x00cf00b3) add     ra, t5, a2
core   0: 3 0x80004220 (0x00cf00b3) x 1 0xfffffbf6
core   0: 0x80004224 (0xf7d3c103) lbu     sp, -131(t2)
core   0: 3 0x80004224 (0xf7d3c103) x 2 0x00000006 mem 0x80016a95
core   0: 0x80004228 (0x00c18133) add     sp, gp, a2
core   0: 3 0x80004228 (0x00c18133) x 2 0xfffffaf0
core   0: 0x8000422c (0x8a863193) sltiu   gp, a2, -1880
core   0: 3 0x8000422c (0x8a863193) x 3 0x00000000
core   0: 0x80004230 (0x01e1f133) and     sp, gp, t5
core   0: 3 0x80004230 (0x01e1f133) x 2 0x00000000
core   0: 0x80004234 (0x0de388a3) sb      t5, 209(t2)
core   0: 3 0x80004234 (0x0de388a3) mem 0x80016be9 0xd6
core   0: 0x80004238 (0x01238183) lb      gp, 18(t2)
core   0: 3 0x80004238 (0x01238183) x 3 0xffffffff mem 0x80016b2a
core   0: 0x8000423c (0xfb63d083) lhu     ra, -74(t2)
core   0: 3 0x8000423c (0xfb63d083) x 1 0x000007a9 mem 0x80016ace
core   0: 0x80004240 (0xf8338603) lb      a2, -125(t2)
core   0: 3 0x80004240 (0xf8338603) x12 0xffffff8a mem 0x80016a9b
core   0: 0x80004244 (0xf783a083) lw      ra, -136(t2)
core   0: 3 0x80004244 (0xf783a083) x 1 0xfb4e047d mem 0x80016a90
core   0: 0x80004248 (0xfe338ba3) sb      gp, -9(t2)
core   0: 3 0x80004248 (0xfe338ba3) mem 0x80016b0f 0xff
core   0: 0x8000424c (0x0ff0000f) fence   iorw,iorw
core   0: 3 0x8000424c (0x0ff0000f)
core   0: 0x80004250 (0x06938083) lb      ra, 105(t2)
core   0: 3 0x80004250 (0x06938083) x 1 0x0000004f mem 0x80016b81
core   0: 0x80004254 (0x679ee113) ori     sp, t4, 1657
core   0: 3 0x80004254 (0x679ee113) x 2 0x0003e67f
core   0: 0x80004258 (0x01e600b3) add     ra, a2, t5
core   0: 3 0x80004258 (0x01e600b3) x 1 0x00000060
core   0: 0x8000425c (0x41ded1b3) sra     gp, t4, t4
core   0: 3 0x8000425c (0x41ded1b3) x 3 0x00000007
core   0: 0x80004260 (0xf4c3a623) sw      a2, -180(t2)
core   0: 3 0x80004260 (0xf4c3a623) mem 0x80016a64 0xffffff8a
core   0: 0x80004264 (0x40118633) sub     a2, gp, ra
core   0: 3 0x80004264 (0x40118633) x12 0xffffffa7
core   0: 0x80004268 (0x9a61b613) sltiu   a2, gp, -1626
core   0: 3 0x80004268 (0x9a61b613) x12 0x00000001
core   0: 0x8000426c (0x5ab0ee93) ori     t4, ra, 1451
core   0: 3 0x8000426c (0x5ab0ee93) x29 0x000005eb
core   0: 0x80004270 (0x06038183) lb      gp, 96(t2)
core   0: 3 0x80004270 (0x06038183) x 3 0x00000041 mem 0x80016b78
core   0: 0x80004274 (0xf7538603) lb      a2, -139(t2)
core   0: 3 0x80004274 (0xf7538603) x12 0x00000074 mem 0x80016a8d
core   0: 0x80004278 (0x0d039f03) lh      t5, 208(t2)
core   0: 3 0x80004278 (0x0d039f03) x30 0xffffd625 mem 0x80016be8
core   0: 0x8000427c (0xf6c380a3) sb      a2, -159(t2)
core   0: 3 0x8000427c (0xf6c380a3) mem 0x80016a79 0x74
core   0: 0x80004280 (0xfe138083) lb      ra, -31(t2)
core   0: 3 0x80004280 (0xfe138083) x 1 0xffffff80 mem 0x80016af9
core   0: 0x80004284 (0xe361af13) slti    t5, gp, -458
core   0: 3 0x80004284 (0xe361af13) x30 0x00000000
core   0: 0x80004288 (0x0173cf03) lbu     t5, 23(t2)
core   0: 3 0x80004288 (0x0173cf03) x30 0x0000000f mem 0x80016b2f
core   0: 0x8000428c (0x02338ba3) sb      gp, 55(t2)
core   0: 3 0x8000428c (0x02338ba3) mem 0x80016b4f 0x41
core   0: 0x80004290 (0x41e10eb3) sub     t4, sp, t5
core   0: 3 0x80004290 (0x41e10eb3) x29 0x0003e670
core   0: 0x80004294 (0xf2638e83) lb      t4, -218(t2)
core   0: 3 0x80004294 (0xf2638e83) x29 0x00000043 mem 0x80016a3e
core   0: 0x80004298 (0x0ec39f03) lh      t5, 236(t2)
core   0: 3 0x80004298 (0x0ec39f03) x30 0x00000013 mem 0x80016c04
core   0: 0x8000429c (0xf623ae23) sw      sp, -132(t2)
core   0: 3 0x8000429c (0xf623ae23) mem 0x80016a94 0x0003e67f
core   0: 0x800042a0 (0xfff00993) li      s3, -1
core   0: 3 0x800042a0 (0xfff00993) x19 0xffffffff
core   0: 0x800042a4 (0x00000013) nop
core   0: 3 0x800042a4 (0x00000013)
core   0: 0x800042a8 (0x782f7b13) andi    s6, t5, 1922
core   0: 3 0x800042a8 (0x782f7b13) x22 0x00000002
core   0: 0x800042ac (0xc9010c13) addi    s8, sp, -880
core   0: 3 0x800042ac (0xc9010c13) x24 0x0003e30f
core   0: 0x800042b0 (0xffc00593) li      a1, -4
core   0: 3 0x800042b0 (0xffc00593) x11 0xfffffffc
core   0: 0x800042b4 (0xd2de6c13) ori     s8, t3, -723
core   0: 3 0x800042b4 (0xd2de6c13) x24 0xfffffd2d
core   0: 0x800042b8 (0x011cfe33) and     t3, s9, a7
core   0: 3 0x800042b8 (0x011cfe33) x28 0x800000e0
core   0: 0x800042bc (0x0000100f) fence.i
core   0: 3 0x800042bc (0x0000100f)
core   0: 0x800042c0 (0x00f9feb3) and     t4, s3, a5
core   0: 3 0x800042c0 (0x00f9feb3) x29 0x80028e54
core   0: 0x800042c4 (0x40cc5f13) srai    t5, s8, 12
core   0: 3 0x800042c4 (0x40cc5f13) x30 0xffffffff
core   0: 0x800042c8 (0x0000100f) fence.i
core   0: 3 0x800042c8 (0x0000100f)
core   0: 0x800042cc (0x4129d033) sra     zero, s3, s2
core   0: 3 0x800042cc (0x4129d033)
core   0: 0x800042d0 (0x7b9e8f13) addi    t5, t4, 1977
core   0: 3 0x800042d0 (0x7b9e8f13) x30 0x8002960d
core   0: 0x800042d4 (0x01e7e433) or      s0, a5, t5
core   0: 3 0x800042d4 (0x01e7e433) x 8 0x80029e5d
core   0: 0x800042d8 (0xffd98993) addi    s3, s3, -3
core   0: 3 0x800042d8 (0xffd98993) x19 0xfffffffc
core   0: 0x800042dc (0x1b2b4713) xori    a4, s6, 434
core   0: 3 0x800042dc (0x1b2b4713) x14 0x000001b0
core   0: 0x800042e0 (0x012261b3) or      gp, tp, s2
core   0: 3 0x800042e0 (0x012261b3) x 3 0x8001fba6
core   0: 0x800042e4 (0xff900393) li      t2, -7
core   0: 3 0x800042e4 (0xff900393) x 7 0xfffffff9
core   0: 0x800042e8 (0x01687ab3) and     s5, a6, s6
core   0: 3 0x800042e8 (0x01687ab3) x21 0x00000000
core   0: 0x800042ec (0x009292b3) sll     t0, t0, s1
core   0: 3 0x800042ec (0x009292b3) x 5 0x00000002
core   0: 0x800042f0 (0x00500613) li      a2, 5
core   0: 3 0x800042f0 (0x00500613) x12 0x00000005
core   0: 0x800042f4 (0x01e40533) add     a0, s0, t5
core   0: 3 0x800042f4 (0x01e40533) x10 0x0005346a
core   0: 0x800042f8 (0x006c76b3) and     a3, s8, t1
core   0: 3 0x800042f8 (0x006c76b3) x13 0x00000001
core   0: 0x800042fc (0x00cb1013) slli    zero, s6, 12
core   0: 3 0x800042fc (0x00cb1013)
core   0: 0x80004300 (0x00000013) nop
core   0: 3 0x80004300 (0x00000013)
core   0: 0x80004304 (0x00638393) addi    t2, t2, 6
core   0: 3 0x80004304 (0x00638393) x 7 0xffffffff
core   0: 0x80004308 (0x20f4e017) auipc   zero, 0x20f4e
core   0: 3 0x80004308 (0x20f4e017)
core   0: 0x8000430c (0xfec3cae3) blt     t2, a2, pc - 12
core   0: 3 0x8000430c (0xfec3cae3)
core   0: 0x80004300 (0x00000013) nop
core   0: 3 0x80004300 (0x00000013)
core   0: 0x80004304 (0x00638393) addi    t2, t2, 6
core   0: 3 0x80004304 (0x00638393) x 7 0x00000005
core   0: 0x80004308 (0x20f4e017) auipc   zero, 0x20f4e
core   0: 3 0x80004308 (0x20f4e017)
core   0: 0x8000430c (0xfec3cae3) blt     t2, a2, pc - 12
core   0: 3 0x8000430c (0xfec3cae3)
core   0: 0x80004310 (0x8f03bd93) sltiu   s11, t2, -1808
core   0: 3 0x80004310 (0x8f03bd93) x27 0x00000001
core   0: 0x80004314 (0x727d0913) addi    s2, s10, 1831
core   0: 3 0x80004314 (0x727d0913) x18 0x00000729
core   0: 0x80004318 (0xfab98ce3) beq     s3, a1, pc - 72
core   0: 3 0x80004318 (0xfab98ce3)
core   0: 0x800042d0 (0x7b9e8f13) addi    t5, t4, 1977
core   0: 3 0x800042d0 (0x7b9e8f13) x30 0x8002960d
core   0: 0x800042d4 (0x01e7e433) or      s0, a5, t5
core   0: 3 0x800042d4 (0x01e7e433) x 8 0x80029e5d
core   0: 0x800042d8 (0xffd98993) addi    s3, s3, -3
core   0: 3 0x800042d8 (0xffd98993) x19 0xfffffff9
core   0: 0x800042dc (0x1b2b4713) xori    a4, s6, 434
core   0: 3 0x800042dc (0x1b2b4713) x14 0x000001b0
core   0: 0x800042e0 (0x012261b3) or      gp, tp, s2
core   0: 3 0x800042e0 (0x012261b3) x 3 0x8001ffaf
core   0: 0x800042e4 (0xff900393) li      t2, -7
core   0: 3 0x800042e4 (0xff900393) x 7 0xfffffff9
core   0: 0x800042e8 (0x01687ab3) and     s5, a6, s6
core   0: 3 0x800042e8 (0x01687ab3) x21 0x00000000
core   0: 0x800042ec (0x009292b3) sll     t0, t0, s1
core   0: 3 0x800042ec (0x009292b3) x 5 0x00000004
core   0: 0x800042f0 (0x00500613) li      a2, 5
core   0: 3 0x800042f0 (0x00500613) x12 0x00000005
core   0: 0x800042f4 (0x01e40533) add     a0, s0, t5
core   0: 3 0x800042f4 (0x01e40533) x10 0x0005346a
core   0: 0x800042f8 (0x006c76b3) and     a3, s8, t1
core   0: 3 0x800042f8 (0x006c76b3) x13 0x00000001
core   0: 0x800042fc (0x00cb1013) slli    zero, s6, 12
core   0: 3 0x800042fc (0x00cb1013)
core   0: 0x80004300 (0x00000013) nop
core   0: 3 0x80004300 (0x00000013)
core   0: 0x80004304 (0x00638393) addi    t2, t2, 6
core   0: 3 0x80004304 (0x00638393) x 7 0xffffffff
core   0: 0x80004308 (0x20f4e017) auipc   zero, 0x20f4e
core   0: 3 0x80004308 (0x20f4e017)
core   0: 0x8000430c (0xfec3cae3) blt     t2, a2, pc - 12
core   0: 3 0x8000430c (0xfec3cae3)
core   0: 0x80004300 (0x00000013) nop
core   0: 3 0x80004300 (0x00000013)
core   0: 0x80004304 (0x00638393) addi    t2, t2, 6
core   0: 3 0x80004304 (0x00638393) x 7 0x00000005
core   0: 0x80004308 (0x20f4e017) auipc   zero, 0x20f4e
core   0: 3 0x80004308 (0x20f4e017)
core   0: 0x8000430c (0xfec3cae3) blt     t2, a2, pc - 12
core   0: 3 0x8000430c (0xfec3cae3)
core   0: 0x80004310 (0x8f03bd93) sltiu   s11, t2, -1808
core   0: 3 0x80004310 (0x8f03bd93) x27 0x00000001
core   0: 0x80004314 (0x727d0913) addi    s2, s10, 1831
core   0: 3 0x80004314 (0x727d0913) x18 0x00000729
core   0: 0x80004318 (0xfab98ce3) beq     s3, a1, pc - 72
core   0: 3 0x80004318 (0xfab98ce3)
core   0: 0x8000431c (0x401e5d13) srai    s10, t3, 1
core   0: 3 0x8000431c (0x401e5d13) x26 0xc0000070
core   0: 0x80004320 (0x00014297) auipc   t0, 0x14
core   0: 3 0x80004320 (0x00014297) x 5 0x80018320
core   0: 0x80004324 (0xafb28293) addi    t0, t0, -1285
core   0: 3 0x80004324 (0xafb28293) x 5 0x80017e1b
core   0: 0x80004328 (0x4f1df613) andi    a2, s11, 1265
core   0: 3 0x80004328 (0x4f1df613) x12 0x00000001
core   0: 0x8000432c (0xff728a03) lb      s4, -9(t0)
core   0: 3 0x8000432c (0xff728a03) x20 0xffffff98 mem 0x80017e12
core   0: 0x80004330 (0x40e6d693) srai    a3, a3, 14
core   0: 3 0x80004330 (0x40e6d693) x13 0x00000000
core   0: 0x80004334 (0x01428023) sb      s4, 0(t0)
core   0: 3 0x80004334 (0x01428023) mem 0x80017e1b 0x98
core   0: 0x80004338 (0xff929ca3) sh      s9, -7(t0)
core   0: 3 0x80004338 (0xff929ca3) mem 0x80017e14 0x32f2
core   0: 0x8000433c (0xff02c303) lbu     t1, -16(t0)
core   0: 3 0x8000433c (0xff02c303) x 6 0x000000e3 mem 0x80017e0b
core   0: 0x80004340 (0x01edd693) srli    a3, s11, 30
core   0: 3 0x80004340 (0x01edd693) x13 0x00000000
core   0: 0x80004344 (0x414d8a33) sub     s4, s11, s4
core   0: 3 0x80004344 (0x414d8a33) x20 0x00000069
core   0: 0x80004348 (0x00000013) nop
core   0: 3 0x80004348 (0x00000013)
core   0: 0x8000434c (0xffb29683) lh      a3, -5(t0)
core   0: 3 0x8000434c (0xffb29683) x13 0x00006ce2 mem 0x80017e16
core   0: 0x80004350 (0x014a76b3) and     a3, s4, s4
core   0: 3 0x80004350 (0x014a76b3) x13 0x00000069
core   0: 0x80004354 (0x01428423) sb      s4, 8(t0)
core   0: 3 0x80004354 (0x01428423) mem 0x80017e23 0x69
core   0: 0x80004358 (0x0146a333) slt     t1, a3, s4
core   0: 3 0x80004358 (0x0146a333) x 6 0x00000000
core   0: 0x8000435c (0xb68ecd97) auipc   s11, 0xb68ec
core   0: 3 0x8000435c (0xb68ecd97) x27 0x368f035c
core   0: 0x80004360 (0x00acdd93) srli    s11, s9, 10
core   0: 3 0x80004360 (0x00acdd93) x27 0x0020004c
core   0: 0x80004364 (0xe8c33693) sltiu   a3, t1, -372
core   0: 3 0x80004364 (0xe8c33693) x13 0x00000001
core   0: 0x80004368 (0xf4634313) xori    t1, t1, -186
core   0: 3 0x80004368 (0xf4634313) x 6 0xffffff46
core   0: 0x8000436c (0x01b28023) sb      s11, 0(t0)
core   0: 3 0x8000436c (0x01b28023) mem 0x80017e1b 0x4c
core   0: 0x80004370 (0x006282a3) sb      t1, 5(t0)
core   0: 3 0x80004370 (0x006282a3) mem 0x80017e20 0x46
core   0: 0x80004374 (0xa33cb313) sltiu   t1, s9, -1485
core   0: 3 0x80004374 (0xa33cb313) x 6 0x00000001
core   0: 0x80004378 (0x0092d303) lhu     t1, 9(t0)
core   0: 3 0x80004378 (0x0092d303) x 6 0x0000f4d5 mem 0x80017e24
core   0: 0x8000437c (0x00000013) nop
core   0: 3 0x8000437c (0x00000013)
core   0: 0x80004380 (0x014a16b3) sll     a3, s4, s4
core   0: 3 0x80004380 (0x014a16b3) x13 0x0000d200
core   0: 0x80004384 (0xff72ca03) lbu     s4, -9(t0)
core   0: 3 0x80004384 (0xff72ca03) x20 0x00000098 mem 0x80017e12
core   0: 0x80004388 (0x01bda6b3) slt     a3, s11, s11
core   0: 3 0x80004388 (0x01bda6b3) x13 0x00000000
core   0: 0x8000438c (0x40c65613) srai    a2, a2, 12
core   0: 3 0x8000438c (0x40c65613) x12 0x00000000
core   0: 0x80004390 (0x00728683) lb      a3, 7(t0)
core   0: 3 0x80004390 (0x00728683) x13 0x0000001e mem 0x80017e22
core   0: 0x80004394 (0x006dd333) srl     t1, s11, t1
core   0: 3 0x80004394 (0x006dd333) x 6 0x00000001
core   0: 0x80004398 (0x00000013) nop
core   0: 3 0x80004398 (0x00000013)
core   0: 0x8000439c (0x01b35333) srl     t1, t1, s11
core   0: 3 0x8000439c (0x01b35333) x 6 0x00000000
core   0: 0x800043a0 (0x014cecb3) or      s9, s9, s4
core   0: 3 0x800043a0 (0x014cecb3) x25 0x800132fa
core   0: 0x800043a4 (0x00728a03) lb      s4, 7(t0)
core   0: 3 0x800043a4 (0x00728a03) x20 0x0000001e mem 0x80017e22
core   0: 0x800043a8 (0x01b28623) sb      s11, 12(t0)
core   0: 3 0x800043a8 (0x01b28623) mem 0x80017e27 0x4c
core   0: 0x800043ac (0x419cdcb3) sra     s9, s9, s9
core   0: 3 0x800043ac (0x419cdcb3) x25 0xffffffe0
core   0: 0x800043b0 (0xfff28303) lb      t1, -1(t0)
core   0: 3 0x800043b0 (0xfff28303) x 6 0x0000004c mem 0x80017e1a
core   0: 0x800043b4 (0xff428a03) lb      s4, -12(t0)
core   0: 3 0x800043b4 (0xff428a03) x20 0xffffffbb mem 0x80017e0f
core   0: 0x800043b8 (0x00228c83) lb      s9, 2(t0)
core   0: 3 0x800043b8 (0x00228c83) x25 0xfffffffa mem 0x80017e1d
core   0: 0x800043bc (0x00c295a3) sh      a2, 11(t0)
core   0: 3 0x800043bc (0x00c295a3) mem 0x80017e26 0x0000
core   0: 0x800043c0 (0x40c68333) sub     t1, a3, a2
core   0: 3 0x800043c0 (0x40c68333) x 6 0x0000001e
core   0: 0x800043c4 (0x00dd8cb3) add     s9, s11, a3
core   0: 3 0x800043c4 (0x00dd8cb3) x25 0x0020006a
core   0: 0x800043c8 (0xff628603) lb      a2, -10(t0)
core   0: 3 0x800043c8 (0xff628603) x12 0xffffffb9 mem 0x80017e11
core   0: 0x800043cc (0x00010217) auipc   tp, 0x10
core   0: 3 0x800043cc (0x00010217) x 4 0x800143cc
core   0: 0x800043d0 (0xde420213) addi    tp, tp, -540
core   0: 3 0x800043d0 (0xde420213) x 4 0x800141b0
core   0: 0x800043d4 (0xd709a593) slti    a1, s3, -656
core   0: 3 0x800043d4 (0xd709a593) x11 0x00000000
core   0: 0x800043d8 (0xff620923) sb      s6, -14(tp)
core   0: 3 0x800043d8 (0xff620923) mem 0x800141a2 0x2
core   0: 0x800043dc (0xffe24283) lbu     t0, -2(tp)
core   0: 3 0x800043dc (0xffe24283) x 5 0x000000c7 mem 0x800141ae
core   0: 0x800043e0 (0xffe21a83) lh      s5, -2(tp)
core   0: 3 0x800043e0 (0xffe21a83) x21 0x000063c7 mem 0x800141ae
core   0: 0x800043e4 (0x0000100f) fence.i
core   0: 3 0x800043e4 (0x0000100f)
core   0: 0x800043e8 (0xff620f23) sb      s6, -2(tp)
core   0: 3 0x800043e8 (0xff620f23) mem 0x800141ae 0x2
core   0: 0x800043ec (0xeaf6f597) auipc   a1, 0xeaf6f
core   0: 3 0x800043ec (0xeaf6f597) x11 0x6af733ec
core   0: 0x800043f0 (0x00045333) srl     t1, s0, zero
core   0: 3 0x800043f0 (0x00045333) x 6 0x80029e5d
core   0: 0x800043f4 (0x009e9033) sll     zero, t4, s1
core   0: 3 0x800043f4 (0x009e9033)
core   0: 0x800043f8 (0xffe25983) lhu     s3, -2(tp)
core   0: 3 0x800043f8 (0xffe25983) x19 0x00006302 mem 0x800141ae
core   0: 0x800043fc (0xffe24703) lbu     a4, -2(tp)
core   0: 3 0x800043fc (0xffe24703) x14 0x00000002 mem 0x800141ae
core   0: 0x80004400 (0xff920f23) sb      s9, -2(tp)
core   0: 3 0x80004400 (0xff920f23) mem 0x800141ae 0x6a
core   0: 0x80004404 (0xffe24003) lbu     zero, -2(tp)
core   0: 3 0x80004404 (0xffe24003) mem 0x800141ae
core   0: 0x80004408 (0xfe420f23) sb      tp, -2(tp)
core   0: 3 0x80004408 (0xfe420f23) mem 0x800141ae 0xb0
core   0: 0x8000440c (0xfe321f23) sh      gp, -2(tp)
core   0: 3 0x8000440c (0xfe321f23) mem 0x800141ae 0xffaf
core   0: 0x80004410 (0x028009ef) jal     s3, pc + 0x28
core   0: 3 0x80004410 (0x028009ef) x19 0x80004414
core   0: 0x80004438 (0xfedff0ef) jal     pc - 0x14
core   0: 3 0x80004438 (0xfedff0ef) x 1 0x8000443c
core   0: 0x80004424 (0xff9ff0ef) jal     pc - 0x8
core   0: 3 0x80004424 (0xff9ff0ef) x 1 0x80004428
core   0: 0x8000441c (0x0180036f) jal     t1, pc + 0x18
core   0: 3 0x8000441c (0x0180036f) x 6 0x80004420
core   0: 0x80004434 (0x008000ef) jal     pc + 0x8
core   0: 3 0x80004434 (0x008000ef) x 1 0x80004438
core   0: 0x8000443c (0xfedff0ef) jal     pc - 0x14
core   0: 3 0x8000443c (0xfedff0ef) x 1 0x80004440
core   0: 0x80004428 (0xfedff36f) jal     t1, pc - 0x14
core   0: 3 0x80004428 (0xfedff36f) x 6 0x8000442c
core   0: 0x80004414 (0x01c00c6f) jal     s8, pc + 0x1c
core   0: 3 0x80004414 (0x01c00c6f) x24 0x80004418
core   0: 0x80004430 (0x014000ef) jal     pc + 0x14
core   0: 3 0x80004430 (0x014000ef) x 1 0x80004434
core   0: 0x80004444 (0xfd5ff0ef) jal     pc - 0x2c
core   0: 3 0x80004444 (0xfd5ff0ef) x 1 0x80004448
core   0: 0x80004418 (0x0280036f) jal     t1, pc + 0x28
core   0: 3 0x80004418 (0x0280036f) x 6 0x8000441c
core   0: 0x80004440 (0xfedff0ef) jal     pc - 0x14
core   0: 3 0x80004440 (0xfedff0ef) x 1 0x80004444
core   0: 0x8000442c (0x01c00a6f) jal     s4, pc + 0x1c
core   0: 3 0x8000442c (0x01c00a6f) x20 0x80004430
core   0: 0x80004448 (0xfd9ff0ef) jal     pc - 0x28
core   0: 3 0x80004448 (0xfd9ff0ef) x 1 0x8000444c
core   0: 0x80004420 (0x02c0026f) jal     tp, pc + 0x2c
core   0: 3 0x80004420 (0x02c0026f) x 4 0x80004424
core   0: 0x8000444c (0x01ac9233) sll     tp, s9, s10
core   0: 3 0x8000444c (0x01ac9233) x 4 0x006a0000
core   0: 0x80004450 (0x04c009ef) jal     s3, pc + 0x4c
core   0: 3 0x80004450 (0x04c009ef) x19 0x80004454
core   0: 0x8000449c (0xfc1ff1ef) jal     gp, pc - 0x40
core   0: 3 0x8000449c (0xfc1ff1ef) x 3 0x800044a0
core   0: 0x8000445c (0x00400b6f) jal     s6, pc + 0x4
core   0: 3 0x8000445c (0x00400b6f) x22 0x80004460
core   0: 0x80004460 (0x01c00fef) jal     t6, pc + 0x1c
core   0: 3 0x80004460 (0x01c00fef) x31 0x80004464
core   0: 0x8000447c (0xff5ff0ef) jal     pc - 0xc
core   0: 3 0x8000447c (0xff5ff0ef) x 1 0x80004480
core   0: 0x80004470 (0xffdff0ef) jal     pc - 0x4
core   0: 3 0x80004470 (0xffdff0ef) x 1 0x80004474
core   0: 0x8000446c (0x0340036f) jal     t1, pc + 0x34
core   0: 3 0x8000446c (0x0340036f) x 6 0x80004470
core   0: 0x800044a0 (0x01000fef) jal     t6, pc + 0x10
core   0: 3 0x800044a0 (0x01000fef) x31 0x800044a4
core   0: 0x800044b0 (0xff9ff36f) jal     t1, pc - 0x8
core   0: 3 0x800044b0 (0xff9ff36f) x 6 0x800044b4
core   0: 0x800044a8 (0xfcdff36f) jal     t1, pc - 0x34
core   0: 3 0x800044a8 (0xfcdff36f) x 6 0x800044ac
core   0: 0x80004474 (0x00c000ef) jal     pc + 0xc
core   0: 3 0x80004474 (0x00c000ef) x 1 0x80004478
core   0: 0x80004480 (0xff9ff0ef) jal     pc - 0x8
core   0: 3 0x80004480 (0xff9ff0ef) x 1 0x80004484
core   0: 0x80004478 (0x03c000ef) jal     pc + 0x3c
core   0: 3 0x80004478 (0x03c000ef) x 1 0x8000447c
core   0: 0x800044b4 (0xfb1ff36f) jal     t1, pc - 0x50
core   0: 3 0x800044b4 (0xfb1ff36f) x 6 0x800044b8
core   0: 0x80004464 (0x030000ef) jal     pc + 0x30
core   0: 3 0x80004464 (0x030000ef) x 1 0x80004468
core   0: 0x80004494 (0x010000ef) jal     pc + 0x10
core   0: 3 0x80004494 (0x010000ef) x 1 0x80004498
core   0: 0x800044a4 (0xfedff0ef) jal     pc - 0x14
core   0: 3 0x800044a4 (0xfedff0ef) x 1 0x800044a8
core   0: 0x80004490 (0x0080036f) jal     t1, pc + 0x8
core   0: 3 0x80004490 (0x0080036f) x 6 0x80004494
core   0: 0x80004498 (0xfc1ff0ef) jal     pc - 0x40
core   0: 3 0x80004498 (0xfc1ff0ef) x 1 0x8000449c
core   0: 0x80004458 (0xffdff0ef) jal     pc - 0x4
core   0: 3 0x80004458 (0xffdff0ef) x 1 0x8000445c
core   0: 0x80004454 (0x058000ef) jal     pc + 0x58
core   0: 3 0x80004454 (0x058000ef) x 1 0x80004458
core   0: 0x800044ac (0xfbdff0ef) jal     pc - 0x44
core   0: 3 0x800044ac (0xfbdff0ef) x 1 0x800044b0
core   0: 0x80004468 (0x01c00def) jal     s11, pc + 0x1c
core   0: 3 0x80004468 (0x01c00def) x27 0x8000446c
core   0: 0x80004484 (0x004004ef) jal     s1, pc + 0x4
core   0: 3 0x80004484 (0x004004ef) x 9 0x80004488
core   0: 0x80004488 (0x00400bef) jal     s7, pc + 0x4
core   0: 3 0x80004488 (0x00400bef) x23 0x8000448c
core   0: 0x8000448c (0x02c000ef) jal     pc + 0x2c
core   0: 3 0x8000448c (0x02c000ef) x 1 0x80004490
core   0: 0x800044b8 (0x50eec513) xori    a0, t4, 1294
core   0: 3 0x800044b8 (0x50eec513) x10 0x80028b5a
core   0: 0x800044bc (0x0001f117) auipc   sp, 0x1f
core   0: 3 0x800044bc (0x0001f117) x 2 0x800234bc
core   0: 0x800044c0 (0x73d10113) addi    sp, sp, 1853
core   0: 3 0x800044c0 (0x73d10113) x 2 0x80023bf9
core   0: 0x800044c4 (0xf7810ea3) sb      s8, -131(sp)
core   0: 3 0x800044c4 (0xf7810ea3) mem 0x80023b76 0x18
core   0: 0x800044c8 (0x014129b3) slt     s3, sp, s4
core   0: 3 0x800044c8 (0x014129b3) x19 0x00000000
core   0: 0x800044cc (0x06f10e03) lb      t3, 111(sp)
core   0: 3 0x800044cc (0x06f10e03) x28 0xffffffb2 mem 0x80023c68
core   0: 0x800044d0 (0xf3910d23) sb      s9, -198(sp)
core   0: 3 0x800044d0 (0xf3910d23) mem 0x80023b33 0x6a
core   0: 0x800044d4 (0x01eb53b3) srl     t2, s6, t5
core   0: 3 0x800044d4 (0x01eb53b3) x 7 0x00040002
core   0: 0x800044d8 (0x02b10c23) sb      a1, 56(sp)
core   0: 3 0x800044d8 (0x02b10c23) mem 0x80023c31 0xec
core   0: 0x800044dc (0x09410d23) sb      s4, 154(sp)
core   0: 3 0x800044dc (0x09410d23) mem 0x80023c93 0x30
core   0: 0x800044e0 (0x41dc8233) sub     tp, s9, t4
core   0: 3 0x800044e0 (0x41dc8233) x 4 0x801d7216
core   0: 0x800044e4 (0xf425bc93) sltiu   s9, a1, -190
core   0: 3 0x800044e4 (0xf425bc93) x25 0x00000001
core   0: 0x800044e8 (0x00000013) nop
core   0: 3 0x800044e8 (0x00000013)
core   0: 0x800044ec (0xfed119a3) sh      a3, -13(sp)
core   0: 3 0x800044ec (0xfed119a3) mem 0x80023bec 0x001e
core   0: 0x800044f0 (0xf9b10c23) sb      s11, -104(sp)
core   0: 3 0x800044f0 (0xf9b10c23) mem 0x80023b91 0x6c
core   0: 0x800044f4 (0x01c586b3) add     a3, a1, t3
core   0: 3 0x800044f4 (0x01c586b3) x13 0x6af7339e
core   0: 0x800044f8 (0x407e0433) sub     s0, t3, t2
core   0: 3 0x800044f8 (0x407e0433) x 8 0xfffbffb0
core   0: 0x800044fc (0x0f410423) sb      s4, 232(sp)
core   0: 3 0x800044fc (0x0f410423) mem 0x80023ce1 0x30
core   0: 0x80004500 (0x0ff0000f) fence   iorw,iorw
core   0: 3 0x80004500 (0x0ff0000f)
core   0: 0x80004504 (0x0000100f) fence.i
core   0: 3 0x80004504 (0x0000100f)
core   0: 0x80004508 (0x00510423) sb      t0, 8(sp)
core   0: 3 0x80004508 (0x00510423) mem 0x80023c01 0xc7
core   0: 0x8000450c (0x0d210023) sb      s2, 192(sp)
core   0: 3 0x8000450c (0x0d210023) mem 0x80023cb9 0x29
core   0: 0x80004510 (0x007d7e33) and     t3, s10, t2
core   0: 3 0x80004510 (0x007d7e33) x28 0x00000000
core   0: 0x80004514 (0xe6c6ba93) sltiu   s5, a3, -404
core   0: 3 0x80004514 (0xe6c6ba93) x21 0x00000001
core   0: 0x80004518 (0xf9d11703) lh      a4, -99(sp)
core   0: 3 0x80004518 (0xf9d11703) x14 0xffffc8e2 mem 0x80023b96
core   0: 0x8000451c (0x00000013) nop
core   0: 3 0x8000451c (0x00000013)
core   0: 0x80004520 (0x00711c03) lh      s8, 7(sp)
core   0: 3 0x80004520 (0x00711c03) x24 0xffffc7f0 mem 0x80023c00
core   0: 0x80004524 (0x09c2bdb7) lui     s11, 0x9c2b
core   0: 3 0x80004524 (0x09c2bdb7) x27 0x09c2b000
core   0: 0x80004528 (0x41465513) srai    a0, a2, 20
core   0: 3 0x80004528 (0x41465513) x10 0xffffffff
core   0: 0x8000452c (0xf0a10e23) sb      a0, -228(sp)
core   0: 3 0x8000452c (0xf0a10e23) mem 0x80023b15 0xff
core   0: 0x80004530 (0x06812da3) sw      s0, 123(sp)
core   0: 3 0x80004530 (0x06812da3) mem 0x80023c74 0xfffbffb0
core   0: 0x80004534 (0x024119a3) sh      tp, 51(sp)
core   0: 3 0x80004534 (0x024119a3) mem 0x80023c2c 0x7216
core   0: 0x80004538 (0x0ff0000f) fence   iorw,iorw
core   0: 3 0x80004538 (0x0ff0000f)
core   0: 0x8000453c (0x174a0f13) addi    t5, s4, 372
core   0: 3 0x8000453c (0x174a0f13) x30 0x800045a4
core   0: 0x80004540 (0xd223a617) auipc   a2, 0xd223a
core   0: 3 0x80004540 (0xd223a617) x12 0x5223e540
core   0: 0x80004544 (0x01333d33) sltu    s10, t1, s3
core   0: 3 0x80004544 (0x01333d33) x26 0x00000000
core   0: 0x80004548 (0x01d49b33) sll     s6, s1, t4
core   0: 3 0x80004548 (0x01d49b33) x22 0x48800000
core   0: 0x8000454c (0x059119a3) sh      s9, 83(sp)
core   0: 3 0x8000454c (0x059119a3) mem 0x80023c4c 0x0001
core   0: 0x80004550 (0xf5a14483) lbu     s1, -166(sp)
core   0: 3 0x80004550 (0xf5a14483) x 9 0x0000009d mem 0x80023b53
core   0: 0x80004554 (0x0fc1c013) xori    zero, gp, 252
core   0: 3 0x80004554 (0x0fc1c013)
core   0: 0x80004558 (0xf4f15e83) lhu     t4, -177(sp)
core   0: 3 0x80004558 (0xf4f15e83) x29 0x0000562b mem 0x80023b48
core   0: 0x8000455c (0x00600993) li      s3, 6
core   0: 3 0x8000455c (0x00600993) x19 0x00000006
core   0: 0x80004560 (0x01fce0b3) or      ra, s9, t6
core   0: 3 0x80004560 (0x01fce0b3) x 1 0x800044a5
core   0: 0x80004564 (0x00033bb3) sltu    s7, t1, zero
core   0: 3 0x80004564 (0x00033bb3) x23 0x00000000
core   0: 0x80004568 (0x00400193) li      gp, 4
core   0: 3 0x80004568 (0x00400193) x 3 0x00000004
core   0: 0x8000456c (0x0089d613) srli    a2, s3, 8
core   0: 3 0x8000456c (0x0089d613) x12 0x00000000
core   0: 0x80004570 (0xb3ede393) ori     t2, s11, -1218
core   0: 3 0x80004570 (0xb3ede393) x 7 0xfffffb3e
core   0: 0x80004574 (0x00000013) nop
core   0: 3 0x80004574 (0x00000013)
core   0: 0x80004578 (0x402c55b3) sra     a1, s8, sp
core   0: 3 0x80004578 (0x402c55b3) x11 0xffffffff
core   0: 0x8000457c (0xb2fc8b13) addi    s6, s9, -1233
core   0: 3 0x8000457c (0xb2fc8b13) x22 0xfffffb30
core   0: 0x80004580 (0x5b69fc93) andi    s9, s3, 1462
core   0: 3 0x80004580 (0x5b69fc93) x25 0x00000006
core   0: 0x80004584 (0x00a71b33) sll     s6, a4, a0
core   0: 3 0x80004584 (0x00a71b33) x22 0x00000000
core   0: 0x80004588 (0x0000100f) fence.i
core   0: 3 0x80004588 (0x0000100f)
core   0: 0x8000458c (0xffd98993) addi    s3, s3, -3
core   0: 3 0x8000458c (0xffd98993) x19 0x00000003
core   0: 0x80004590 (0x013e9713) slli    a4, t4, 19
core   0: 3 0x80004590 (0x013e9713) x14 0xb1580000
core   0: 0x80004594 (0x91ae2093) slti    ra, t3, -1766
core   0: 3 0x80004594 (0x91ae2093) x 1 0x00000000
core   0: 0x80004598 (0x00000013) nop
core   0: 3 0x80004598 (0x00000013)
core   0: 0x8000459c (0x00e11bb3) sll     s7, sp, a4
core   0: 3 0x8000459c (0x00e11bb3) x23 0x80023bf9
core   0: 0x800045a0 (0x7ee4ac93) slti    s9, s1, 2030
core   0: 3 0x800045a0 (0x7ee4ac93) x25 0x00000001
core   0: 0x800045a4 (0x74fa6f13) ori     t5, s4, 1871
core   0: 3 0x800045a4 (0x74fa6f13) x30 0x8000477f
core   0: 0x800045a8 (0xa9e58e13) addi    t3, a1, -1378
core   0: 3 0x800045a8 (0xa9e58e13) x28 0xfffffa9d
core   0: 0x800045ac (0xff900913) li      s2, -7
core   0: 3 0x800045ac (0xff900913) x18 0xfffffff9
core   0: 0x800045b0 (0x01292c33) slt     s8, s2, s2
core   0: 3 0x800045b0 (0x01292c33) x24 0x00000000
core   0: 0x800045b4 (0x00207133) and     sp, zero, sp
core   0: 3 0x800045b4 (0x00207133) x 2 0x00000000
core   0: 0x800045b8 (0x01505013) srli    zero, zero, 21
core   0: 3 0x800045b8 (0x01505013)
core   0: 0x800045bc (0x0ff0000f) fence   iorw,iorw
core   0: 3 0x800045bc (0x0ff0000f)
core   0: 0x800045c0 (0x00900513) li      a0, 9
core   0: 3 0x800045c0 (0x00900513) x10 0x00000009
core   0: 0x800045c4 (0x006d0b33) add     s6, s10, t1
core   0: 3 0x800045c4 (0x006d0b33) x22 0x80004494
core   0: 0x800045c8 (0x00490913) addi    s2, s2, 4
core   0: 3 0x800045c8 (0x00490913) x18 0xfffffffd
core   0: 0x800045cc (0xfea91ce3) bne     s2, a0, pc - 8
core   0: 3 0x800045cc (0xfea91ce3)
core   0: 0x800045c4 (0x006d0b33) add     s6, s10, t1
core   0: 3 0x800045c4 (0x006d0b33) x22 0x80004494
core   0: 0x800045c8 (0x00490913) addi    s2, s2, 4
core   0: 3 0x800045c8 (0x00490913) x18 0x00000001
core   0: 0x800045cc (0xfea91ce3) bne     s2, a0, pc - 8
core   0: 3 0x800045cc (0xfea91ce3)
core   0: 0x800045c4 (0x006d0b33) add     s6, s10, t1
core   0: 3 0x800045c4 (0x006d0b33) x22 0x80004494
core   0: 0x800045c8 (0x00490913) addi    s2, s2, 4
core   0: 3 0x800045c8 (0x00490913) x18 0x00000005
core   0: 0x800045cc (0xfea91ce3) bne     s2, a0, pc - 8
core   0: 3 0x800045cc (0xfea91ce3)
core   0: 0x800045c4 (0x006d0b33) add     s6, s10, t1
core   0: 3 0x800045c4 (0x006d0b33) x22 0x80004494
core   0: 0x800045c8 (0x00490913) addi    s2, s2, 4
core   0: 3 0x800045c8 (0x00490913) x18 0x00000009
core   0: 0x800045cc (0xfea91ce3) bne     s2, a0, pc - 8
core   0: 3 0x800045cc (0xfea91ce3)
core   0: 0x800045d0 (0x01dd90b3) sll     ra, s11, t4
core   0: 3 0x800045d0 (0x01dd90b3) x 1 0x15800000
core   0: 0x800045d4 (0x019eaab3) slt     s5, t4, s9
core   0: 3 0x800045d4 (0x019eaab3) x21 0x00000000
core   0: 0x800045d8 (0x410b5233) sra     tp, s6, a6
core   0: 3 0x800045d8 (0x410b5233) x 4 0x80004494
core   0: 0x800045dc (0x827ce593) ori     a1, s9, -2009
core   0: 3 0x800045dc (0x827ce593) x11 0xfffff827
core   0: 0x800045e0 (0xf839f8e3) bgeu    s3, gp, pc - 112
core   0: 3 0x800045e0 (0xf839f8e3)
core   0: 0x800045e4 (0x64923013) sltiu   zero, tp, 1609
core   0: 3 0x800045e4 (0x64923013)
core   0: 0x800045e8 (0x00017b97) auipc   s7, 0x17
core   0: 3 0x800045e8 (0x00017b97) x23 0x8001b5e8
core   0: 0x800045ec (0x33fb8b93) addi    s7, s7, 831
core   0: 3 0x800045ec (0x33fb8b93) x23 0x8001b927
core   0: 0x800045f0 (0x00bb9703) lh      a4, 11(s7)
core   0: 3 0x800045f0 (0x00bb9703) x14 0x00004242 mem 0x8001b932
core   0: 0x800045f4 (0x040bcb03) lbu     s6, 64(s7)
core   0: 3 0x800045f4 (0x040bcb03) x22 0x0000006f mem 0x8001b967
core   0: 0x800045f8 (0x0001a217) auipc   tp, 0x1a
core   0: 3 0x800045f8 (0x0001a217) x 4 0x8001e5f8
core   0: 0x800045fc (0x39820213) addi    tp, tp, 920
core   0: 3 0x800045fc (0x39820213) x 4 0x8001e990
core   0: 0x80004600 (0xd4422e03) lw      t3, -700(tp)
core   0: 3 0x80004600 (0xd4422e03) x28 0xae4ca61a mem 0x8001e6d4
core   0: 0x80004604 (0xfcbbdb03) lhu     s6, -53(s7)
core   0: 3 0x80004604 (0xfcbbdb03) x22 0x0000d61d mem 0x8001b8f2
core   0: 0x80004608 (0xfcdb88a3) sb      a3, -47(s7)
core   0: 3 0x80004608 (0xfcdb88a3) mem 0x8001b8f8 0x9e
core   0: 0x8000460c (0x029ba6a3) sw      s1, 45(s7)
core   0: 3 0x8000460c (0x029ba6a3) mem 0x8001b954 0x0000009d
core   0: 0x80004610 (0xecf20b03) lb      s6, -305(tp)
core   0: 3 0x80004610 (0xecf20b03) x22 0xffffffc6 mem 0x8001e85f
core   0: 0x80004614 (0x00db8023) sb      a3, 0(s7)
core   0: 3 0x80004614 (0x00db8023) mem 0x8001b927 0x9e
core   0: 0x80004618 (0x93720103) lb      sp, -1737(tp)
core   0: 3 0x80004618 (0x93720103) x 2 0xffffffa0 mem 0x8001e2c7
core   0: 0x8000461c (0xb0221c83) lh      s9, -1278(tp)
core   0: 3 0x8000461c (0xb0221c83) x25 0x00006186 mem 0x8001e492
core   0: 0x80004620 (0xfe4b8423) sb      tp, -24(s7)
core   0: 3 0x80004620 (0xfe4b8423) mem 0x8001b90f 0x90
core   0: 0x80004624 (0x9d422003) lw      zero, -1580(tp)
core   0: 3 0x80004624 (0x9d422003) mem 0x8001e364
core   0: 0x80004628 (0xffbb9703) lh      a4, -5(s7)
core   0: 3 0x80004628 (0xffbb9703) x14 0xffffe8c5 mem 0x8001b922
core   0: 0x8000462c (0x9e625d83) lhu     s11, -1562(tp)
core   0: 3 0x8000462c (0x9e625d83) x27 0x00001a3c mem 0x8001e376
core   0: 0x80004630 (0xff9bc403) lbu     s0, -7(s7)
core   0: 3 0x80004630 (0xff9bc403) x 8 0x0000005d mem 0x8001b920
core   0: 0x80004634 (0x0000f117) auipc   sp, 0xf
core   0: 3 0x80004634 (0x0000f117) x 2 0x80013634
core   0: 0x80004638 (0x54010113) addi    sp, sp, 1344
core   0: 3 0x80004638 (0x54010113) x 2 0x80013b74
core   0: 0x8000463c (0x0ff0000f) fence   iorw,iorw
core   0: 3 0x8000463c (0x0ff0000f)
core   0: 0x80004640 (0xd168e393) ori     t2, a7, -746
core   0: 3 0x80004640 (0xd168e393) x 7 0xfffffdf6
core   0: 0x80004644 (0xc0cf6013) ori     zero, t5, -1012
core   0: 3 0x80004644 (0xc0cf6013)
core   0: 0x80004648 (0x01acf3b3) and     t2, s9, s10
core   0: 3 0x80004648 (0x01acf3b3) x 7 0x00000000
core   0: 0x8000464c (0x00314f03) lbu     t5, 3(sp)
core   0: 3 0x8000464c (0x00314f03) x30 0x000000b5 mem 0x80013b77
core   0: 0x80004650 (0x401e59b3) sra     s3, t3, ra
core   0: 3 0x80004650 (0x401e59b3) x19 0xae4ca61a
core   0: 0x80004654 (0x34d2e913) ori     s2, t0, 845
core   0: 3 0x80004654 (0x34d2e913) x18 0x000003cf
core   0: 0x80004658 (0x696f0ab7) lui     s5, 0x696f0
core   0: 3 0x80004658 (0x696f0ab7) x21 0x696f0000
core   0: 0x8000465c (0x00000013) nop
core   0: 3 0x8000465c (0x00000013)
core   0: 0x80004660 (0x0cde3513) sltiu   a0, t3, 205
core   0: 3 0x80004660 (0x0cde3513) x10 0x00000000
core   0: 0x80004664 (0xffc12583) lw      a1, -4(sp)
core   0: 3 0x80004664 (0xffc12583) x11 0x5ed87ef4 mem 0x80013b70
core   0: 0x80004668 (0xff011903) lh      s2, -16(sp)
core   0: 3 0x80004668 (0xff011903) x18 0xffffd231 mem 0x80013b64
core   0: 0x8000466c (0x00514303) lbu     t1, 5(sp)
core   0: 3 0x8000466c (0x00514303) x 6 0x000000c6 mem 0x80013b79
core   0: 0x80004670 (0x01dd4333) xor     t1, s10, t4
core   0: 3 0x80004670 (0x01dd4333) x 6 0x0000562b
core   0: 0x80004674 (0x01feb233) sltu    tp, t4, t6
core   0: 3 0x80004674 (0x01feb233) x 4 0x00000001
core   0: 0x80004678 (0x01310223) sb      s3, 4(sp)
core   0: 3 0x80004678 (0x01310223) mem 0x80013b78 0x1a
core   0: 0x8000467c (0x01014703) lbu     a4, 16(sp)
core   0: 3 0x8000467c (0x01014703) x14 0x0000006c mem 0x80013b84
core   0: 0x80004680 (0xf1803013) sltiu   zero, zero, -232
core   0: 3 0x80004680 (0xf1803013)
core   0: 0x80004684 (0x1e35b597) auipc   a1, 0x1e35b
core   0: 3 0x80004684 (0x1e35b597) x11 0x9e35f684
core   0: 0x80004688 (0x00314a03) lbu     s4, 3(sp)
core   0: 3 0x80004688 (0x00314a03) x20 0x000000b5 mem 0x80013b77
core   0: 0x8000468c (0x1ef64013) xori    zero, a2, 495
core   0: 3 0x8000468c (0x1ef64013)
core   0: 0x80004690 (0x0116dc13) srli    s8, a3, 17
core   0: 3 0x80004690 (0x0116dc13) x24 0x0000357b
core   0: 0x80004694 (0xff211b03) lh      s6, -14(sp)
core   0: 3 0x80004694 (0xff211b03) x22 0x000002d7 mem 0x80013b66
core   0: 0x80004698 (0x014c5933) srl     s2, s8, s4
core   0: 3 0x80004698 (0x014c5933) x18 0x00000000
core   0: 0x8000469c (0x009e5333) srl     t1, t3, s1
core   0: 3 0x8000469c (0x009e5333) x 6 0x00000005
core   0: 0x800046a0 (0x563bba93) sltiu   s5, s7, 1379
core   0: 3 0x800046a0 (0x563bba93) x21 0x00000000
core   0: 0x800046a4 (0x017cbdb3) sltu    s11, s9, s7
core   0: 3 0x800046a4 (0x017cbdb3) x27 0x00000001
core   0: 0x800046a8 (0x34fc8293) addi    t0, s9, 847
core   0: 3 0x800046a8 (0x34fc8293) x 5 0x000064d5
core   0: 0x800046ac (0x679d3c13) sltiu   s8, s10, 1657
core   0: 3 0x800046ac (0x679d3c13) x24 0x00000001
core   0: 0x800046b0 (0xff010c23) sb      a6, -8(sp)
core   0: 3 0x800046b0 (0xff010c23) mem 0x80013b6c 0x0
core   0: 0x800046b4 (0xce63cc93) xori    s9, t2, -794
core   0: 3 0x800046b4 (0xce63cc93) x25 0xfffffce6
core   0: 0x800046b8 (0x41670633) sub     a2, a4, s6
core   0: 3 0x800046b8 (0x41670633) x12 0xfffffd95
core   0: 0x800046bc (0x00411a03) lh      s4, 4(sp)
core   0: 3 0x800046bc (0x00411a03) x20 0xffffc61a mem 0x80013b78
core   0: 0x800046c0 (0x0001f917) auipc   s2, 0x1f
core   0: 3 0x800046c0 (0x0001f917) x18 0x800236c0
core   0: 0x800046c4 (0xc0d90913) addi    s2, s2, -1011
core   0: 3 0x800046c4 (0xc0d90913) x18 0x800232cd
core   0: 0x800046c8 (0x06790ba3) sb      t2, 119(s2)
core   0: 3 0x800046c8 (0x06790ba3) mem 0x80023344 0x0
core   0: 0x800046cc (0x07790983) lb      s3, 119(s2)
core   0: 3 0x800046cc (0x07790983) x19 0x00000000 mem 0x80023344
core   0: 0x800046d0 (0x58b2f013) andi    zero, t0, 1419
core   0: 3 0x800046d0 (0x58b2f013)
core   0: 0x800046d4 (0x0003d213) srli    tp, t2, 0
core   0: 3 0x800046d4 (0x0003d213) x 4 0x00000000
core   0: 0x800046d8 (0x00ec4db3) xor     s11, s8, a4
core   0: 3 0x800046d8 (0x00ec4db3) x27 0x0000006d
core   0: 0x800046dc (0x0a394503) lbu     a0, 163(s2)
core   0: 3 0x800046dc (0x0a394503) x10 0x0000006d mem 0x80023370
core   0: 0x800046e0 (0x0bf911a3) sh      t6, 163(s2)
core   0: 3 0x800046e0 (0x0bf911a3) mem 0x80023370 0x44a4
core   0: 0x800046e4 (0x06f94403) lbu     s0, 111(s2)
core   0: 3 0x800046e4 (0x06f94403) x 8 0x000000e9 mem 0x8002333c
core   0: 0x800046e8 (0xf9b903a3) sb      s11, -121(s2)
core   0: 3 0x800046e8 (0xf9b903a3) mem 0x80023254 0x6d
core   0: 0x800046ec (0x0af90103) lb      sp, 175(s2)
core   0: 3 0x800046ec (0x0af90103) x 2 0x00000074 mem 0x8002337c
core   0: 0x800046f0 (0x0dd95083) lhu     ra, 221(s2)
core   0: 3 0x800046f0 (0x0dd95083) x 1 0x0000a06e mem 0x800233aa
core   0: 0x800046f4 (0x0dd90183) lb      gp, 221(s2)
core   0: 3 0x800046f4 (0x0dd90183) x 3 0x0000006e mem 0x800233aa
core   0: 0x800046f8 (0xf5490ea3) sb      s4, -163(s2)
core   0: 3 0x800046f8 (0xf5490ea3) mem 0x8002322a 0x1a
core   0: 0x800046fc (0xf2991383) lh      t2, -215(s2)
core   0: 3 0x800046fc (0xf2991383) x 7 0x000035c2 mem 0x800231f6
core   0: 0x80004700 (0x009edb13) srli    s6, t4, 9
core   0: 3 0x80004700 (0x009edb13) x22 0x0000002b
core   0: 0x80004704 (0x05b90e23) sb      s11, 92(s2)
core   0: 3 0x80004704 (0x05b90e23) mem 0x80023329 0x6d
core   0: 0x80004708 (0xf2d94003) lbu     zero, -211(s2)
core   0: 3 0x80004708 (0xf2d94003) mem 0x800231fa
core   0: 0x8000470c (0x0123c433) xor     s0, t2, s2
core   0: 3 0x8000470c (0x0123c433) x 8 0x8002070f
core   0: 0x80004710 (0xf3d916a3) sh      t4, -211(s2)
core   0: 3 0x80004710 (0xf3d916a3) mem 0x800231fa 0x562b
core   0: 0x80004714 (0x030009ef) jal     s3, pc + 0x30
core   0: 3 0x80004714 (0x030009ef) x19 0x80004718
core   0: 0x80004744 (0xfd9ff0ef) jal     pc - 0x28
core   0: 3 0x80004744 (0xfd9ff0ef) x 1 0x80004748
core   0: 0x8000471c (0x0040036f) jal     t1, pc + 0x4
core   0: 3 0x8000471c (0x0040036f) x 6 0x80004720
core   0: 0x80004720 (0x014000ef) jal     pc + 0x14
core   0: 3 0x80004720 (0x014000ef) x 1 0x80004724
core   0: 0x80004734 (0xff5ff36f) jal     t1, pc - 0xc
core   0: 3 0x80004734 (0xff5ff36f) x 6 0x80004738
core   0: 0x80004728 (0x0200036f) jal     t1, pc + 0x20
core   0: 3 0x80004728 (0x0200036f) x 6 0x8000472c
core   0: 0x80004748 (0xff1ffbef) jal     s7, pc - 0x10
core   0: 3 0x80004748 (0xff1ffbef) x23 0x8000474c
core   0: 0x80004738 (0xff5ff0ef) jal     pc - 0xc
core   0: 3 0x80004738 (0xff5ff0ef) x 1 0x8000473c
core   0: 0x8000472c (0xfedff0ef) jal     pc - 0x14
core   0: 3 0x8000472c (0xfedff0ef) x 1 0x80004730
core   0: 0x80004718 (0x0240076f) jal     a4, pc + 0x24
core   0: 3 0x80004718 (0x0240076f) x14 0x8000471c
core   0: 0x8000473c (0xfe9ff36f) jal     t1, pc - 0x18
core   0: 3 0x8000473c (0xfe9ff36f) x 6 0x80004740
core   0: 0x80004724 (0x028000ef) jal     pc + 0x28
core   0: 3 0x80004724 (0x028000ef) x 1 0x80004728
core   0: 0x8000474c (0xff5ff0ef) jal     pc - 0xc
core   0: 3 0x8000474c (0xff5ff0ef) x 1 0x80004750
core   0: 0x80004740 (0xff1ff0ef) jal     pc - 0x10
core   0: 3 0x80004740 (0xff1ff0ef) x 1 0x80004744
core   0: 0x80004730 (0x020000ef) jal     pc + 0x20
core   0: 3 0x80004730 (0x020000ef) x 1 0x80004734
core   0: 0x80004750 (0x0067fdb3) and     s11, a5, t1
core   0: 3 0x80004750 (0x0067fdb3) x27 0x80000640
core   0: 0x80004754 (0x0000fb97) auipc   s7, 0xf
core   0: 3 0x80004754 (0x0000fb97) x23 0x80013754
core   0: 0x80004758 (0xa38b8b93) addi    s7, s7, -1480
core   0: 3 0x80004758 (0xa38b8b93) x23 0x8001318c
core   0: 0x8000475c (0x00010f97) auipc   t6, 0x10
core   0: 3 0x8000475c (0x00010f97) x31 0x8001475c
core   0: 0x80004760 (0x730f8f93) addi    t6, t6, 1840
core   0: 3 0x80004760 (0x730f8f93) x31 0x80014e8c
core   0: 0x80004764 (0xfbefc683) lbu     a3, -66(t6)
core   0: 3 0x80004764 (0xfbefc683) x13 0x000000c4 mem 0x80014e4a
core   0: 0x80004768 (0xfc4b8aa3) sb      tp, -43(s7)
core   0: 3 0x80004768 (0xfc4b8aa3) mem 0x80013161 0x0
core   0: 0x8000476c (0xf75f9023) sh      s5, -160(t6)
core   0: 3 0x8000476c (0xf75f9023) mem 0x80014dec 0x0000
core   0: 0x80004770 (0x018b8da3) sb      s8, 27(s7)
core   0: 3 0x80004770 (0x018b8da3) mem 0x800131a7 0x1
core   0: 0x80004774 (0x02dbca83) lbu     s5, 45(s7)
core   0: 3 0x80004774 (0x02dbca83) x21 0x000000b9 mem 0x800131b9
core   0: 0x80004778 (0x07ffc003) lbu     zero, 127(t6)
core   0: 3 0x80004778 (0x07ffc003) mem 0x80014f0b
core   0: 0x8000477c (0xff8b9103) lh      sp, -8(s7)
core   0: 3 0x8000477c (0xff8b9103) x 2 0xffff8546 mem 0x80013184
core   0: 0x80004780 (0x081fc083) lbu     ra, 129(t6)
core   0: 3 0x80004780 (0x081fc083) x 1 0x0000006a mem 0x80014f0d
core   0: 0x80004784 (0x0e7f8fa3) sb      t2, 255(t6)
core   0: 3 0x80004784 (0x0e7f8fa3) mem 0x80014f8b 0xc2
core   0: 0x80004788 (0x010b88a3) sb      a6, 17(s7)
core   0: 3 0x80004788 (0x010b88a3) mem 0x8001319d 0x0
core   0: 0x8000478c (0x05ff8a03) lb      s4, 95(t6)
core   0: 3 0x8000478c (0x05ff8a03) x20 0x00000061 mem 0x80014eeb
core   0: 0x80004790 (0xfd6b8403) lb      s0, -42(s7)
core   0: 3 0x80004790 (0xfd6b8403) x 8 0xffffffa7 mem 0x80013162
core   0: 0x80004794 (0xff4fa983) lw      s3, -12(t6)
core   0: 3 0x80004794 (0xff4fa983) x19 0xf7c25b07 mem 0x80014e80
core   0: 0x80004798 (0x028009ef) jal     s3, pc + 0x28
core   0: 3 0x80004798 (0x028009ef) x19 0x8000479c
core   0: 0x800047c0 (0xfe1ff36f) jal     t1, pc - 0x20
core   0: 3 0x800047c0 (0xfe1ff36f) x 6 0x800047c4
core   0: 0x800047a0 (0x010000ef) jal     pc + 0x10
core   0: 3 0x800047a0 (0x010000ef) x 1 0x800047a4
core   0: 0x800047b0 (0xfedff0ef) jal     pc - 0x14
core   0: 3 0x800047b0 (0xfedff0ef) x 1 0x800047b4
core   0: 0x8000479c (0x01c000ef) jal     pc + 0x1c
core   0: 3 0x8000479c (0x01c000ef) x 1 0x800047a0
core   0: 0x800047b8 (0xffdff0ef) jal     pc - 0x4
core   0: 3 0x800047b8 (0xffdff0ef) x 1 0x800047bc
core   0: 0x800047b4 (0x018000ef) jal     pc + 0x18
core   0: 3 0x800047b4 (0x018000ef) x 1 0x800047b8
core   0: 0x800047cc (0x0040046f) jal     s0, pc + 0x4
core   0: 3 0x800047cc (0x0040046f) x 8 0x800047d0
core   0: 0x800047d0 (0x008000ef) jal     pc + 0x8
core   0: 3 0x800047d0 (0x008000ef) x 1 0x800047d4
core   0: 0x800047d8 (0xfd5ff0ef) jal     pc - 0x2c
core   0: 3 0x800047d8 (0xfd5ff0ef) x 1 0x800047dc
core   0: 0x800047ac (0x028000ef) jal     pc + 0x28
core   0: 3 0x800047ac (0x028000ef) x 1 0x800047b0
core   0: 0x800047d4 (0x008000ef) jal     pc + 0x8
core   0: 3 0x800047d4 (0x008000ef) x 1 0x800047d8
core   0: 0x800047dc (0xfe1ff36f) jal     t1, pc - 0x20
core   0: 3 0x800047dc (0xfe1ff36f) x 6 0x800047e0
core   0: 0x800047bc (0x0080036f) jal     t1, pc + 0x8
core   0: 3 0x800047bc (0x0080036f) x 6 0x800047c0
core   0: 0x800047c4 (0xfe5ff0ef) jal     pc - 0x1c
core   0: 3 0x800047c4 (0xfe5ff0ef) x 1 0x800047c8
core   0: 0x800047a8 (0x020000ef) jal     pc + 0x20
core   0: 3 0x800047a8 (0x020000ef) x 1 0x800047ac
core   0: 0x800047c8 (0xfddff96f) jal     s2, pc - 0x24
core   0: 3 0x800047c8 (0xfddff96f) x18 0x800047cc
core   0: 0x800047a4 (0x03c0036f) jal     t1, pc + 0x3c
core   0: 3 0x800047a4 (0x03c0036f) x 6 0x800047a8
core   0: 0x800047e0 (0x4e1cee13) ori     t3, s9, 1249
core   0: 3 0x800047e0 (0x4e1cee13) x28 0xfffffce7
core   0: 0x800047e4 (0x0000f917) auipc   s2, 0xf
core   0: 3 0x800047e4 (0x0000f917) x18 0x800137e4
core   0: 0x800047e8 (0x6e390913) addi    s2, s2, 1763
core   0: 3 0x800047e8 (0x6e390913) x18 0x80013ec7
core   0: 0x800047ec (0x0000f097) auipc   ra, 0xf
core   0: 3 0x800047ec (0x0000f097) x 1 0x800137ec
core   0: 0x800047f0 (0xb9508093) addi    ra, ra, -1131
core   0: 3 0x800047f0 (0xb9508093) x 1 0x80013381
core   0: 0x800047f4 (0xff694003) lbu     zero, -10(s2)
core   0: 3 0x800047f4 (0xff694003) mem 0x80013ebd
core   0: 0x800047f8 (0x00010197) auipc   gp, 0x10
core   0: 3 0x800047f8 (0x00010197) x 3 0x800147f8
core   0: 0x800047fc (0x80e18193) addi    gp, gp, -2034
core   0: 3 0x800047fc (0x80e18193) x 3 0x80014006
core   0: 0x80004800 (0x01090e83) lb      t4, 16(s2)
core   0: 3 0x80004800 (0x01090e83) x29 0x0000000b mem 0x80013ed7
core   0: 0x80004804 (0x00490523) sb      tp, 10(s2)
core   0: 3 0x80004804 (0x00490523) mem 0x80013ed1 0x0
core   0: 0x80004808 (0xf2508d03) lb      s10, -219(ra)
core   0: 3 0x80004808 (0xf2508d03) x26 0xffffffda mem 0x800132a6
core   0: 0x8000480c (0xbc31c403) lbu     s0, -1085(gp)
core   0: 3 0x8000480c (0xbc31c403) x 8 0x00000059 mem 0x80013bc9
core   0: 0x80004810 (0xc031c283) lbu     t0, -1021(gp)
core   0: 3 0x80004810 (0xc031c283) x 5 0x000000af mem 0x80013c09
core   0: 0x80004814 (0x0000fc17) auipc   s8, 0xf
core   0: 3 0x80004814 (0x0000fc17) x24 0x80013814
core   0: 0x80004818 (0x968c0c13) addi    s8, s8, -1688
core   0: 3 0x80004818 (0x968c0c13) x24 0x8001317c
core   0: 0x8000481c (0x01f08c23) sb      t6, 24(ra)
core   0: 3 0x8000481c (0x01f08c23) mem 0x80013399 0x8c
core   0: 0x80004820 (0x00a94003) lbu     zero, 10(s2)
core   0: 3 0x80004820 (0x00a94003) mem 0x80013ed1
core   0: 0x80004824 (0x0000fc97) auipc   s9, 0xf
core   0: 3 0x80004824 (0x0000fc97) x25 0x80013824
core   0: 0x80004828 (0x218c8c93) addi    s9, s9, 536
core   0: 3 0x80004828 (0x218c8c93) x25 0x80013a3c
core   0: 0x8000482c (0xf5c1d103) lhu     sp, -164(gp)
core   0: 3 0x8000482c (0xf5c1d103) x 2 0x0000eeee mem 0x80013f62
core   0: 0x80004830 (0x004c0e83) lb      t4, 4(s8)
core   0: 3 0x80004830 (0x004c0e83) x29 0x0000007b mem 0x80013180
core   0: 0x80004834 (0x01e08f23) sb      t5, 30(ra)
core   0: 3 0x80004834 (0x01e08f23) mem 0x8001339f 0xb5
core   0: 0x80004838 (0xe9a18403) lb      s0, -358(gp)
core   0: 3 0x80004838 (0xe9a18403) x 8 0x0000000d mem 0x80013ea0
core   0: 0x8000483c (0xff6c9d03) lh      s10, -10(s9)
core   0: 3 0x8000483c (0xff6c9d03) x26 0x0000631b mem 0x80013a32
core   0: 0x80004840 (0x0180c103) lbu     sp, 24(ra)
core   0: 3 0x80004840 (0x0180c103) x 2 0x0000008c mem 0x80013399
core   0: 0x80004844 (0xfefc0283) lb      t0, -17(s8)
core   0: 3 0x80004844 (0xfefc0283) x 5 0x0000003d mem 0x8001316b
core   0: 0x80004848 (0xebf18003) lb      zero, -321(gp)
core   0: 3 0x80004848 (0xebf18003) mem 0x80013ec5
core   0: 0x8000484c (0x01bc4e03) lbu     t3, 27(s8)
core   0: 3 0x8000484c (0x01bc4e03) x28 0x000000e6 mem 0x80013197
core   0: 0x80004850 (0x039c4403) lbu     s0, 57(s8)
core   0: 3 0x80004850 (0x039c4403) x 8 0x00000002 mem 0x800131b5
core   0: 0x80004854 (0xffac9b03) lh      s6, -6(s9)
core   0: 3 0x80004854 (0xffac9b03) x22 0x00005c45 mem 0x80013a36
core   0: 0x80004858 (0xfdfc4d03) lbu     s10, -33(s8)
core   0: 3 0x80004858 (0xfdfc4d03) x26 0x000000d6 mem 0x8001315b
core   0: 0x8000485c (0xfcdc0a23) sb      a3, -44(s8)
core   0: 3 0x8000485c (0xfcdc0a23) mem 0x80013150 0xc4
core   0: 0x80004860 (0x043085a3) sb      gp, 75(ra)
core   0: 3 0x80004860 (0x043085a3) mem 0x800133cc 0x6
core   0: 0x80004864 (0x00ec8003) lb      zero, 14(s9)
core   0: 3 0x80004864 (0x00ec8003) mem 0x80013a4a
core   0: 0x80004868 (0x836185a3) sb      s6, -2005(gp)
core   0: 3 0x80004868 (0x836185a3) mem 0x80013831 0x45
core   0: 0x8000486c (0xfeac4f83) lbu     t6, -22(s8)
core   0: 3 0x8000486c (0xfeac4f83) x31 0x00000000 mem 0x80013166
core   0: 0x80004870 (0x00e94a03) lbu     s4, 14(s2)
core   0: 3 0x80004870 (0x00e94a03) x20 0x000000b1 mem 0x80013ed5
core   0: 0x80004874 (0xff094003) lbu     zero, -16(s2)
core   0: 3 0x80004874 (0xff094003) mem 0x80013eb7
core   0: 0x80004878 (0xfecc1c23) sh      a2, -8(s8)
core   0: 3 0x80004878 (0xfecc1c23) mem 0x80013174 0xfd95
core   0: 0x8000487c (0x0520c583) lbu     a1, 82(ra)
core   0: 3 0x8000487c (0x0520c583) x11 0x0000003e mem 0x800133d3
core   0: 0x80004880 (0xd5419d23) sh      s4, -678(gp)
core   0: 3 0x80004880 (0xd5419d23) mem 0x80013d60 0x00b1
core   0: 0x80004884 (0xff694f03) lbu     t5, -10(s2)
core   0: 3 0x80004884 (0xff694f03) x30 0x00000029 mem 0x80013ebd
core   0: 0x80004888 (0xff9cc983) lbu     s3, -7(s9)
core   0: 3 0x80004888 (0xff9cc983) x19 0x000000a1 mem 0x80013a35
core   0: 0x8000488c (0xce918003) lb      zero, -791(gp)
core   0: 3 0x8000488c (0xce918003) mem 0x80013cef
core   0: 0x80004890 (0x01094103) lbu     sp, 16(s2)
core   0: 3 0x80004890 (0x01094103) x 2 0x0000000b mem 0x80013ed7
core   0: 0x80004894 (0xff4cc983) lbu     s3, -12(s9)
core   0: 3 0x80004894 (0xff4cc983) x19 0x0000009d mem 0x80013a30
core   0: 0x80004898 (0xfcac0223) sb      a0, -60(s8)
core   0: 3 0x80004898 (0xfcac0223) mem 0x80013140 0x6d
core   0: 0x8000489c (0xb3518323) sb      s5, -1242(gp)
core   0: 3 0x8000489c (0xb3518323) mem 0x80013b2c 0xb9
core   0: 0x800048a0 (0x0001b397) auipc   t2, 0x1b
core   0: 3 0x800048a0 (0x0001b397) x 7 0x8001f8a0
core   0: 0x800048a4 (0xc4138393) addi    t2, t2, -959
core   0: 3 0x800048a4 (0xc4138393) x 7 0x8001f4e1
core   0: 0x800048a8 (0xe4e17293) andi    t0, sp, -434
core   0: 3 0x800048a8 (0xe4e17293) x 5 0x0000000a
core   0: 0x800048ac (0x00e72733) slt     a4, a4, a4
core   0: 3 0x800048ac (0x00e72733) x14 0x00000000
core   0: 0x800048b0 (0x618dc737) lui     a4, 0x618dc
core   0: 3 0x800048b0 (0x618dc737) x14 0x618dc000
core   0: 0x800048b4 (0x10b3cb83) lbu     s7, 267(t2)
core   0: 3 0x800048b4 (0x10b3cb83) x23 0x000000f9 mem 0x8001f5ec
core   0: 0x800048b8 (0xf5874b93) xori    s7, a4, -168
core   0: 3 0x800048b8 (0xf5874b93) x23 0x9e723f58
core   0: 0x800048bc (0xf4d2bb93) sltiu   s7, t0, -179
core   0: 3 0x800048bc (0xf4d2bb93) x23 0x00000001
core   0: 0x800048c0 (0x4fc3c103) lbu     sp, 1276(t2)
core   0: 3 0x800048c0 (0x4fc3c103) x 2 0x0000003e mem 0x8001f9dd
core   0: 0x800048c4 (0x00000013) nop
core   0: 3 0x800048c4 (0x00000013)
core   0: 0x800048c8 (0x7e63c583) lbu     a1, 2022(t2)
core   0: 3 0x800048c8 (0x7e63c583) x11 0x0000002e mem 0x8001fcc7
core   0: 0x800048cc (0x00000013) nop
core   0: 3 0x800048cc (0x00000013)
core   0: 0x800048d0 (0x40e15733) sra     a4, sp, a4
core   0: 3 0x800048d0 (0x40e15733) x14 0x0000003e
core   0: 0x800048d4 (0x9b138b83) lb      s7, -1615(t2)
core   0: 3 0x800048d4 (0x9b138b83) x23 0x00000019 mem 0x8001ee92
core   0: 0x800048d8 (0x002132b3) sltu    t0, sp, sp
core   0: 3 0x800048d8 (0x002132b3) x 5 0x00000000
core   0: 0x800048dc (0x00270bb3) add     s7, a4, sp
core   0: 3 0x800048dc (0x00270bb3) x23 0x0000007c
core   0: 0x800048e0 (0xab985717) auipc   a4, 0xab985
core   0: 3 0x800048e0 (0xab985717) x14 0x2b9898e0
core   0: 0x800048e4 (0x00d29113) slli    sp, t0, 13
core   0: 3 0x800048e4 (0x00d29113) x 2 0x00000000
core   0: 0x800048e8 (0x7a238ea3) sb      sp, 1981(t2)
core   0: 3 0x800048e8 (0x7a238ea3) mem 0x8001fc9e 0x0
core   0: 0x800048ec (0x11ebab93) slti    s7, s7, 286
core   0: 3 0x800048ec (0x11ebab93) x23 0x00000001
core   0: 0x800048f0 (0x3e33c283) lbu     t0, 995(t2)
core   0: 3 0x800048f0 (0x3e33c283) x 5 0x00000022 mem 0x8001f8c4
core   0: 0x800048f4 (0xc593db83) lhu     s7, -935(t2)
core   0: 3 0x800048f4 (0xc593db83) x23 0x0000b262 mem 0x8001f13a
core   0: 0x800048f8 (0x844bf293) andi    t0, s7, -1980
core   0: 3 0x800048f8 (0x844bf293) x 5 0x0000b040
core   0: 0x800048fc (0xfd7386a3) sb      s7, -51(t2)
core   0: 3 0x800048fc (0xfd7386a3) mem 0x8001f4ae 0x62
core   0: 0x80004900 (0x53c645b7) lui     a1, 0x53c64
core   0: 3 0x80004900 (0x53c645b7) x11 0x53c64000
core   0: 0x80004904 (0x68638483) lb      s1, 1670(t2)
core   0: 3 0x80004904 (0x68638483) x 9 0xffffffd2 mem 0x8001fb67
core   0: 0x80004908 (0x402b85b3) sub     a1, s7, sp
core   0: 3 0x80004908 (0x402b85b3) x11 0x0000b262
core   0: 0x8000490c (0x317386a3) sb      s7, 781(t2)
core   0: 3 0x8000490c (0x317386a3) mem 0x8001f7ee 0x62
core   0: 0x80004910 (0x40b484b3) sub     s1, s1, a1
core   0: 3 0x80004910 (0x40b484b3) x 9 0xffff4d70
core   0: 0x80004914 (0x00ebbbb3) sltu    s7, s7, a4
core   0: 3 0x80004914 (0x00ebbbb3) x23 0x00000001
core   0: 0x80004918 (0xa2e392a3) sh      a4, -1499(t2)
core   0: 3 0x80004918 (0xa2e392a3) mem 0x8001ef06 0x98e0
core   0: 0x8000491c (0x0000fd17) auipc   s10, 0xf
core   0: 3 0x8000491c (0x0000fd17) x26 0x8001391c
core   0: 0x80004920 (0x483d0d13) addi    s10, s10, 1155
core   0: 3 0x80004920 (0x483d0d13) x26 0x80013d9f
core   0: 0x80004924 (0x003d5003) lhu     zero, 3(s10)
core   0: 3 0x80004924 (0x003d5003) mem 0x80013da2
core   0: 0x80004928 (0x013d16a3) sh      s3, 13(s10)
core   0: 3 0x80004928 (0x013d16a3) mem 0x80013dac 0x009d
core   0: 0x8000492c (0x00ad0703) lb      a4, 10(s10)
core   0: 3 0x8000492c (0x00ad0703) x14 0x00000019 mem 0x80013da9
core   0: 0x80004930 (0xff4d4983) lbu     s3, -12(s10)
core   0: 3 0x80004930 (0xff4d4983) x19 0x00000042 mem 0x80013d93
core   0: 0x80004934 (0x79577713) andi    a4, a4, 1941
core   0: 3 0x80004934 (0x79577713) x14 0x00000011
core   0: 0x80004938 (0x01ed01a3) sb      t5, 3(s10)
core   0: 3 0x80004938 (0x01ed01a3) mem 0x80013da2 0x29
core   0: 0x8000493c (0x40e709b3) sub     s3, a4, a4
core   0: 3 0x8000493c (0x40e709b3) x19 0x00000000
core   0: 0x80004940 (0x06872f37) lui     t5, 0x6872
core   0: 3 0x80004940 (0x06872f37) x30 0x06872000
core   0: 0x80004944 (0xff3d4e03) lbu     t3, -13(s10)
core   0: 3 0x80004944 (0xff3d4e03) x28 0x00000074 mem 0x80013d92
core   0: 0x80004948 (0x41a75e13) srai    t3, a4, 26
core   0: 3 0x80004948 (0x41a75e13) x28 0x00000000
core   0: 0x8000494c (0x01cd01a3) sb      t3, 3(s10)
core   0: 3 0x8000494c (0x01cd01a3) mem 0x80013da2 0x0
core   0: 0x80004950 (0xff3d0823) sb      s3, -16(s10)
core   0: 3 0x80004950 (0xff3d0823) mem 0x80013d8f 0x0
core   0: 0x80004954 (0x5aabb737) lui     a4, 0x5aabb
core   0: 3 0x80004954 (0x5aabb737) x14 0x5aabb000
core   0: 0x80004958 (0x00000013) nop
core   0: 3 0x80004958 (0x00000013)
core   0: 0x8000495c (0xff5d2003) lw      zero, -11(s10)
core   0: 3 0x8000495c (0xff5d2003) mem 0x80013d94
core   0: 0x80004960 (0x93de0713) addi    a4, t3, -1731
core   0: 3 0x80004960 (0x93de0713) x14 0xfffff93d
core   0: 0x80004964 (0xffad4f03) lbu     t5, -6(s10)
core   0: 3 0x80004964 (0xffad4f03) x30 0x00000082 mem 0x80013d99
core   0: 0x80004968 (0xfffd0003) lb      zero, -1(s10)
core   0: 3 0x80004968 (0xfffd0003) mem 0x80013d9e
core   0: 0x8000496c (0x01f71013) slli    zero, a4, 31
core   0: 3 0x8000496c (0x01f71013)
core   0: 0x80004970 (0x00000013) nop
core   0: 3 0x80004970 (0x00000013)
core   0: 0x80004974 (0xff7d0e03) lb      t3, -9(s10)
core   0: 3 0x80004974 (0xff7d0e03) x28 0xffffff9a mem 0x80013d96
core   0: 0x80004978 (0xfffd0703) lb      a4, -1(s10)
core   0: 3 0x80004978 (0xfffd0703) x14 0x00000057 mem 0x80013d9e
core   0: 0x8000497c (0x01e71033) sll     zero, a4, t5
core   0: 3 0x8000497c (0x01e71033)
core   0: 0x80004980 (0xfe0d2ea3) sw      zero, -3(s10)
core   0: 3 0x80004980 (0xfe0d2ea3) mem 0x80013d9c 0x00000000
core   0: 0x80004984 (0x8f418713) addi    a4, gp, -1804
core   0: 3 0x80004984 (0x8f418713) x14 0x800138fa
core   0: 0x80004988 (0x003d4003) lbu     zero, 3(s10)
core   0: 3 0x80004988 (0x003d4003) mem 0x80013da2
core   0: 0x8000498c (0xffed0c23) sb      t5, -8(s10)
core   0: 3 0x8000498c (0xffed0c23) mem 0x80013d97 0x82
core   0: 0x80004990 (0xffcd19a3) sh      t3, -13(s10)
core   0: 3 0x80004990 (0xffcd19a3) mem 0x80013d92 0xff9a
core   0: 0x80004994 (0x01c1d193) srli    gp, gp, 28
core   0: 3 0x80004994 (0x01c1d193) x 3 0x00000008
core   0: 0x80004998 (0xffed0ba3) sb      t5, -9(s10)
core   0: 3 0x80004998 (0xffed0ba3) mem 0x80013d96 0x82
core   0: 0x8000499c (0xff3d0983) lb      s3, -13(s10)
core   0: 3 0x8000499c (0xff3d0983) x19 0xffffff9a mem 0x80013d92
core   0: 0x800049a0 (0x0000f717) auipc   a4, 0xf
core   0: 3 0x800049a0 (0x0000f717) x14 0x800139a0
core   0: 0x800049a4 (0x4b370713) addi    a4, a4, 1203
core   0: 3 0x800049a4 (0x4b370713) x14 0x80013e53
core   0: 0x800049a8 (0xdea74903) lbu     s2, -534(a4)
core   0: 3 0x800049a8 (0xdea74903) x18 0x000000ce mem 0x80013c3d
core   0: 0x800049ac (0xdea74b83) lbu     s7, -534(a4)
core   0: 3 0x800049ac (0xdea74b83) x23 0x000000ce mem 0x80013c3d
core   0: 0x800049b0 (0xdea74e03) lbu     t3, -534(a4)
core   0: 3 0x800049b0 (0xdea74e03) x28 0x000000ce mem 0x80013c3d
core   0: 0x800049b4 (0x411400b3) sub     ra, s0, a7
core   0: 3 0x800049b4 (0x411400b3) x 1 0x7ffd331e
core   0: 0x800049b8 (0xdea70103) lb      sp, -534(a4)
core   0: 3 0x800049b8 (0xdea70103) x 2 0xffffffce mem 0x80013c3d
core   0: 0x800049bc (0xdeb70523) sb      a1, -534(a4)
core   0: 3 0x800049bc (0xdeb70523) mem 0x80013c3d 0x62
core   0: 0x800049c0 (0xdec70523) sb      a2, -534(a4)
core   0: 3 0x800049c0 (0xdec70523) mem 0x80013c3d 0x95
core   0: 0x800049c4 (0x0fa74603) lbu     a2, 250(a4)
core   0: 3 0x800049c4 (0x0fa74603) x12 0x00000001 mem 0x80013f4d
core   0: 0x800049c8 (0x00e96f33) or      t5, s2, a4
core   0: 3 0x800049c8 (0x00e96f33) x30 0x80013edf
core   0: 0x800049cc (0x00d905b3) add     a1, s2, a3
core   0: 3 0x800049cc (0x00d905b3) x11 0x00000192
core   0: 0x800049d0 (0x0e770d23) sb      t2, 250(a4)
core   0: 3 0x800049d0 (0x0e770d23) mem 0x80013f4d 0xe1
core   0: 0x800049d4 (0x404d5393) srai    t2, s10, 4
core   0: 3 0x800049d4 (0x404d5393) x 7 0xf80013d9
core   0: 0x800049d8 (0xca91c5b7) lui     a1, 0xca91c
core   0: 3 0x800049d8 (0xca91c5b7) x11 0xca91c000
core   0: 0x800049dc (0x010a1cb3) sll     s9, s4, a6
core   0: 3 0x800049dc (0x010a1cb3) x25 0x000000b1
core   0: 0x800049e0 (0x0fa74f83) lbu     t6, 250(a4)
core   0: 3 0x800049e0 (0x0fa74f83) x31 0x000000e1 mem 0x80013f4d
core   0: 0x800049e4 (0xdda74283) lbu     t0, -550(a4)
core   0: 3 0x800049e4 (0xdda74283) x 5 0x000000e2 mem 0x80013c2d
core   0: 0x800049e8 (0x0000ff97) auipc   t6, 0xf
core   0: 3 0x800049e8 (0x0000ff97) x31 0x800139e8
core   0: 0x800049ec (0xb60f8f93) addi    t6, t6, -1184
core   0: 3 0x800049ec (0xb60f8f93) x31 0x80013548
core   0: 0x800049f0 (0x009fcd83) lbu     s11, 9(t6)
core   0: 3 0x800049f0 (0x009fcd83) x27 0x000000f4 mem 0x80013551
core   0: 0x800049f4 (0x016b3bb3) sltu    s7, s6, s6
core   0: 3 0x800049f4 (0x016b3bb3) x23 0x00000000
core   0: 0x800049f8 (0x009fcd83) lbu     s11, 9(t6)
core   0: 3 0x800049f8 (0x009fcd83) x27 0x000000f4 mem 0x80013551
core   0: 0x800049fc (0x0000100f) fence.i
core   0: 3 0x800049fc (0x0000100f)
core   0: 0x80004a00 (0x00abd533) srl     a0, s7, a0
core   0: 3 0x80004a00 (0x00abd533) x10 0x00000000
core   0: 0x80004a04 (0x417b0533) sub     a0, s6, s7
core   0: 3 0x80004a04 (0x417b0533) x10 0x00005c45
core   0: 0x80004a08 (0x9d7d6d97) auipc   s11, 0x9d7d6
core   0: 3 0x80004a08 (0x9d7d6d97) x27 0x1d7daa08
core   0: 0x80004a0c (0x00000013) nop
core   0: 3 0x80004a0c (0x00000013)
core   0: 0x80004a10 (0x0165a533) slt     a0, a1, s6
core   0: 3 0x80004a10 (0x0165a533) x10 0x00000001
core   0: 0x80004a14 (0x40c4db13) srai    s6, s1, 12
core   0: 3 0x80004a14 (0x40c4db13) x22 0xfffffff4
core   0: 0x80004a18 (0x5a3b4513) xori    a0, s6, 1443
core   0: 3 0x80004a18 (0x5a3b4513) x10 0xfffffa57
core   0: 0x80004a1c (0x00a56bb3) or      s7, a0, a0
core   0: 3 0x80004a1c (0x00a56bb3) x23 0xfffffa57
core   0: 0x80004a20 (0x0000100f) fence.i
core   0: 3 0x80004a20 (0x0000100f)
core   0: 0x80004a24 (0x00bfcb03) lbu     s6, 11(t6)
core   0: 3 0x80004a24 (0x00bfcb03) x22 0x00000022 mem 0x80013553
core   0: 0x80004a28 (0xb555a493) slti    s1, a1, -1195
core   0: 3 0x80004a28 (0xb555a493) x 9 0x00000001
core   0: 0x80004a2c (0x016f80a3) sb      s6, 1(t6)
core   0: 3 0x80004a2c (0x016f80a3) mem 0x80013549 0x22
core   0: 0x80004a30 (0x017f9823) sh      s7, 16(t6)
core   0: 3 0x80004a30 (0x017f9823) mem 0x80013558 0xfa57
core   0: 0x80004a34 (0x386deb13) ori     s6, s11, 902
core   0: 3 0x80004a34 (0x386deb13) x22 0x1d7dab8e
core   0: 0x80004a38 (0x417b0bb3) sub     s7, s6, s7
core   0: 3 0x80004a38 (0x417b0bb3) x23 0x1d7db137
core   0: 0x80004a3c (0x016f9023) sh      s6, 0(t6)
core   0: 3 0x80004a3c (0x016f9023) mem 0x80013548 0xab8e
core   0: 0x80004a40 (0x00cfc483) lbu     s1, 12(t6)
core   0: 3 0x80004a40 (0x00cfc483) x 9 0x00000021 mem 0x80013554
core   0: 0x80004a44 (0xfe9f9f23) sh      s1, -2(t6)
core   0: 3 0x80004a44 (0xfe9f9f23) mem 0x80013546 0x0021
core   0: 0x80004a48 (0x016f80a3) sb      s6, 1(t6)
core   0: 3 0x80004a48 (0x016f80a3) mem 0x80013549 0x8e
core   0: 0x80004a4c (0x045b4b93) xori    s7, s6, 69
core   0: 3 0x80004a4c (0x045b4b93) x23 0x1d7dabcb
core   0: 0x80004a50 (0x005fcb83) lbu     s7, 5(t6)
core   0: 3 0x80004a50 (0x005fcb83) x23 0x00000066 mem 0x8001354d
core   0: 0x80004a54 (0x00afdd83) lhu     s11, 10(t6)
core   0: 3 0x80004a54 (0x00afdd83) x27 0x0000227b mem 0x80013552
core   0: 0x80004a58 (0x00af9d83) lh      s11, 10(t6)
core   0: 3 0x80004a58 (0x00af9d83) x27 0x0000227b mem 0x80013552
core   0: 0x80004a5c (0x0ff0000f) fence   iorw,iorw
core   0: 3 0x80004a5c (0x0ff0000f)
core   0: 0x80004a60 (0x01bbfb33) and     s6, s7, s11
core   0: 3 0x80004a60 (0x01bbfb33) x22 0x00000062
core   0: 0x80004a64 (0x40cb5b93) srai    s7, s6, 12
core   0: 3 0x80004a64 (0x40cb5b93) x23 0x00000000
core   0: 0x80004a68 (0x0ff0000f) fence   iorw,iorw
core   0: 3 0x80004a68 (0x0ff0000f)
core   0: 0x80004a6c (0x010fc483) lbu     s1, 16(t6)
core   0: 3 0x80004a6c (0x010fc483) x 9 0x00000057 mem 0x80013558
core   0: 0x80004a70 (0x00012c17) auipc   s8, 0x12
core   0: 3 0x80004a70 (0x00012c17) x24 0x80016a70
core   0: 0x80004a74 (0x0acc0c13) addi    s8, s8, 172
core   0: 3 0x80004a74 (0x0acc0c13) x24 0x80016b1c
core   0: 0x80004a78 (0x6efc0fa3) sb      a5, 1791(s8)
core   0: 3 0x80004a78 (0x6efc0fa3) mem 0x8001721b 0x54
core   0: 0x80004a7c (0x738c1003) lh      zero, 1848(s8)
core   0: 3 0x80004a7c (0x738c1003) mem 0x80017254
core   0: 0x80004a80 (0x738c1d83) lh      s11, 1848(s8)
core   0: 3 0x80004a80 (0x738c1d83) x27 0xffffc8a4 mem 0x80017254
core   0: 0x80004a84 (0x738c5503) lhu     a0, 1848(s8)
core   0: 3 0x80004a84 (0x738c5503) x10 0x0000c8a4 mem 0x80017254
core   0: 0x80004a88 (0x738c1f03) lh      t5, 1848(s8)
core   0: 3 0x80004a88 (0x738c1f03) x30 0xffffc8a4 mem 0x80017254
core   0: 0x80004a8c (0x738c5683) lhu     a3, 1848(s8)
core   0: 3 0x80004a8c (0x738c5683) x13 0x0000c8a4 mem 0x80017254
core   0: 0x80004a90 (0x413a8fb3) sub     t6, s5, s3
core   0: 3 0x80004a90 (0x413a8fb3) x31 0x0000011f
core   0: 0x80004a94 (0x738c4703) lbu     a4, 1848(s8)
core   0: 3 0x80004a94 (0x738c4703) x14 0x000000a4 mem 0x80017254
core   0: 0x80004a98 (0x738c5083) lhu     ra, 1848(s8)
core   0: 3 0x80004a98 (0x738c5083) x 1 0x0000c8a4 mem 0x80017254
core   0: 0x80004a9c (0x738c5d03) lhu     s10, 1848(s8)
core   0: 3 0x80004a9c (0x738c5d03) x26 0x0000c8a4 mem 0x80017254
core   0: 0x80004aa0 (0x738c5383) lhu     t2, 1848(s8)
core   0: 3 0x80004aa0 (0x738c5383) x 7 0x0000c8a4 mem 0x80017254
core   0: 0x80004aa4 (0x738c2a83) lw      s5, 1848(s8)
core   0: 3 0x80004aa4 (0x738c2a83) x21 0x4f92c8a4 mem 0x80017254
core   0: 0x80004aa8 (0x729c1c23) sh      s1, 1848(s8)
core   0: 3 0x80004aa8 (0x729c1c23) mem 0x80017254 0x0057
core   0: 0x80004aac (0xbdd456b7) lui     a3, 0xbdd45
core   0: 3 0x80004aac (0xbdd456b7) x13 0xbdd45000
core   0: 0x80004ab0 (0x738c1383) lh      t2, 1848(s8)
core   0: 3 0x80004ab0 (0x738c1383) x 7 0x00000057 mem 0x80017254
core   0: 0x80004ab4 (0x00cb93b3) sll     t2, s7, a2
core   0: 3 0x80004ab4 (0x00cb93b3) x 7 0x00000000
core   0: 0x80004ab8 (0x0ab5eb93) ori     s7, a1, 171
core   0: 3 0x80004ab8 (0x0ab5eb93) x23 0xca91c0ab
core   0: 0x80004abc (0x738c5983) lhu     s3, 1848(s8)
core   0: 3 0x80004abc (0x738c5983) x19 0x00000057 mem 0x80017254
core   0: 0x80004ac0 (0x73ec0c23) sb      t5, 1848(s8)
core   0: 3 0x80004ac0 (0x73ec0c23) mem 0x80017254 0xa4
core   0: 0x80004ac4 (0x0000e297) auipc   t0, 0xe
core   0: 3 0x80004ac4 (0x0000e297) x 5 0x80012ac4
core   0: 0x80004ac8 (0x74c28293) addi    t0, t0, 1868
core   0: 3 0x80004ac8 (0x74c28293) x 5 0x80013210
core   0: 0x80004acc (0x00017397) auipc   t2, 0x17
core   0: 3 0x80004acc (0x00017397) x 7 0x8001bacc
core   0: 0x80004ad0 (0x3e338393) addi    t2, t2, 995
core   0: 3 0x80004ad0 (0x3e338393) x 7 0x8001beaf
core   0: 0x80004ad4 (0x00628483) lb      s1, 6(t0)
core   0: 3 0x80004ad4 (0x00628483) x 9 0xffffffd6 mem 0x80013216
core   0: 0x80004ad8 (0x0012cf83) lbu     t6, 1(t0)
core   0: 3 0x80004ad8 (0x0012cf83) x31 0x0000001d mem 0x80013211
core   0: 0x80004adc (0xfe928aa3) sb      s1, -11(t0)
core   0: 3 0x80004adc (0xfe928aa3) mem 0x80013205 0xd6
core   0: 0x80004ae0 (0xfc938623) sb      s1, -52(t2)
core   0: 3 0x80004ae0 (0xfc938623) mem 0x8001be7b 0xd6
core   0: 0x80004ae4 (0xfe23c003) lbu     zero, -30(t2)
core   0: 3 0x80004ae4 (0xfe23c003) mem 0x8001be91
core   0: 0x80004ae8 (0x0103cd83) lbu     s11, 16(t2)
core   0: 3 0x80004ae8 (0x0103cd83) x27 0x00000085 mem 0x8001bebf
core   0: 0x80004aec (0x0082d503) lhu     a0, 8(t0)
core   0: 3 0x80004aec (0x0082d503) x10 0x0000649a mem 0x80013218
core   0: 0x80004af0 (0xff028183) lb      gp, -16(t0)
core   0: 3 0x80004af0 (0xff028183) x 3 0xffffffe0 mem 0x80013200
core   0: 0x80004af4 (0xfc83c583) lbu     a1, -56(t2)
core   0: 3 0x80004af4 (0xfc83c583) x11 0x000000aa mem 0x8001be77
core   0: 0x80004af8 (0x00b28183) lb      gp, 11(t0)
core   0: 3 0x80004af8 (0x00b28183) x 3 0xffffff92 mem 0x8001321b
core   0: 0x80004afc (0x02539203) lh      tp, 37(t2)
core   0: 3 0x80004afc (0x02539203) x 4 0x0000266b mem 0x8001bed4
core   0: 0x80004b00 (0x01138f23) sb      a7, 30(t2)
core   0: 3 0x80004b00 (0x01138f23) mem 0x8001becd 0xe4
core   0: 0x80004b04 (0x0000f497) auipc   s1, 0xf
core   0: 3 0x80004b04 (0x0000f497) x 9 0x80013b04
core   0: 0x80004b08 (0x4f348493) addi    s1, s1, 1267
core   0: 3 0x80004b08 (0x4f348493) x 9 0x80013ff7
core   0: 0x80004b0c (0xb634d303) lhu     t1, -1181(s1)
core   0: 3 0x80004b0c (0xb634d303) x 6 0x0000e108 mem 0x80013b5a
core   0: 0x80004b10 (0xb70491a3) sh      a6, -1181(s1)
core   0: 3 0x80004b10 (0xb70491a3) mem 0x80013b5a 0x0000
core   0: 0x80004b14 (0xfec72b93) slti    s7, a4, -20
core   0: 3 0x80004b14 (0xfec72b93) x23 0x00000000
core   0: 0x80004b18 (0xa2c48b23) sb      a2, -1482(s1)
core   0: 3 0x80004b18 (0xa2c48b23) mem 0x80013a2d 0x1
core   0: 0x80004b1c (0xa364cb03) lbu     s6, -1482(s1)
core   0: 3 0x80004b1c (0xa364cb03) x22 0x00000001 mem 0x80013a2d
core   0: 0x80004b20 (0xa364c383) lbu     t2, -1482(s1)
core   0: 3 0x80004b20 (0xa364c383) x 7 0x00000001 mem 0x80013a2d
core   0: 0x80004b24 (0x00000013) nop
core   0: 3 0x80004b24 (0x00000013)
core   0: 0x80004b28 (0xa3a48b23) sb      s10, -1482(s1)
core   0: 3 0x80004b28 (0xa3a48b23) mem 0x80013a2d 0xa4
core   0: 0x80004b2c (0xa3648f03) lb      t5, -1482(s1)
core   0: 3 0x80004b2c (0xa3648f03) x30 0xffffffa4 mem 0x80013a2d
core   0: 0x80004b30 (0x48224d93) xori    s11, tp, 1154
core   0: 3 0x80004b30 (0x48224d93) x27 0x000022e9
core   0: 0x80004b34 (0xe1b48323) sb      s11, -506(s1)
core   0: 3 0x80004b34 (0xe1b48323) mem 0x80013dfd 0xe9
core   0: 0x80004b38 (0xe0648f03) lb      t5, -506(s1)
core   0: 3 0x80004b38 (0xe0648f03) x30 0xffffffe9 mem 0x80013dfd
core   0: 0x80004b3c (0x00c2df33) srl     t5, t0, a2
core   0: 3 0x80004b3c (0x00c2df33) x30 0x40009908
core   0: 0x80004b40 (0xe0648383) lb      t2, -506(s1)
core   0: 3 0x80004b40 (0xe0648383) x 7 0xffffffe9 mem 0x80013dfd
core   0: 0x80004b44 (0xbfacb517) auipc   a0, 0xbfacb
core   0: 3 0x80004b44 (0xbfacb517) x10 0x3facfb44
core   0: 0x80004b48 (0xe1a48323) sb      s10, -506(s1)
core   0: 3 0x80004b48 (0xe1a48323) mem 0x80013dfd 0xa4
core   0: 0x80004b4c (0xe064c203) lbu     tp, -506(s1)
core   0: 3 0x80004b4c (0xe064c203) x 4 0x000000a4 mem 0x80013dfd
core   0: 0x80004b50 (0xe1548323) sb      s5, -506(s1)
core   0: 3 0x80004b50 (0xe1548323) mem 0x80013dfd 0xa4
core   0: 0x80004b54 (0xf9b49503) lh      a0, -101(s1)
core   0: 3 0x80004b54 (0xf9b49503) x10 0x00001b75 mem 0x80013f92
core   0: 0x80004b58 (0xc2148d23) sb      ra, -966(s1)
core   0: 3 0x80004b58 (0xc2148d23) mem 0x80013c31 0xa4
core   0: 0x80004b5c (0xc3a48d03) lb      s10, -966(s1)
core   0: 3 0x80004b5c (0xc3a48d03) x26 0xffffffa4 mem 0x80013c31
core   0: 0x80004b60 (0xc3848d23) sb      s8, -966(s1)
core   0: 3 0x80004b60 (0xc3848d23) mem 0x80013c31 0x1c
core   0: 0x80004b64 (0xe164ce83) lbu     t4, -490(s1)
core   0: 3 0x80004b64 (0xe164ce83) x29 0x000000f3 mem 0x80013e0d
core   0: 0x80004b68 (0xe164ca83) lbu     s5, -490(s1)
core   0: 3 0x80004b68 (0xe164ca83) x21 0x000000f3 mem 0x80013e0d
core   0: 0x80004b6c (0x00000213) li      tp, 0
core   0: 3 0x80004b6c (0x00000213) x 4 0x00000000
core   0: 0x80004b70 (0x01bb94b3) sll     s1, s7, s11
core   0: 3 0x80004b70 (0x01bb94b3) x 9 0x00000000
core   0: 0x80004b74 (0x00500513) li      a0, 5
core   0: 3 0x80004b74 (0x00500513) x10 0x00000005
core   0: 0x80004b78 (0x40038333) sub     t1, t2, zero
core   0: 3 0x80004b78 (0x40038333) x 6 0xffffffe9
core   0: 0x80004b7c (0x00000013) nop
core   0: 3 0x80004b7c (0x00000013)
core   0: 0x80004b80 (0x019d0933) add     s2, s10, s9
core   0: 3 0x80004b80 (0x019d0933) x18 0x00000055
core   0: 0x80004b84 (0x9a18df97) auipc   t6, 0x9a18d
core   0: 3 0x80004b84 (0x9a18df97) x31 0x1a191b84
core   0: 0x80004b88 (0x00a1d293) srli    t0, gp, 10
core   0: 3 0x80004b88 (0x00a1d293) x 5 0x003fffff
core   0: 0x80004b8c (0x000df9b3) and     s3, s11, zero
core   0: 3 0x80004b8c (0x000df9b3) x19 0x00000000
core   0: 0x80004b90 (0x004179b3) and     s3, sp, tp
core   0: 3 0x80004b90 (0x004179b3) x19 0x00000000
core   0: 0x80004b94 (0x006822b3) slt     t0, a6, t1
core   0: 3 0x80004b94 (0x006822b3) x 5 0x00000001
core   0: 0x80004b98 (0x00820213) addi    tp, tp, 8
core   0: 3 0x80004b98 (0x00820213) x 4 0x00000008
core   0: 0x80004b9c (0xb5098637) lui     a2, 0xb5098
core   0: 3 0x80004b9c (0xb5098637) x12 0xb5098000
core   0: 0x80004ba0 (0x00000013) nop
core   0: 3 0x80004ba0 (0x00000013)
core   0: 0x80004ba4 (0x01fa3b33) sltu    s6, s4, t6
core   0: 3 0x80004ba4 (0x01fa3b33) x22 0x00000001
core   0: 0x80004ba8 (0x003ce733) or      a4, s9, gp
core   0: 3 0x80004ba8 (0x003ce733) x14 0xffffffb3
core   0: 0x80004bac (0x0ff0000f) fence   iorw,iorw
core   0: 3 0x80004bac (0x0ff0000f)
core   0: 0x80004bb0 (0x00b1c4b3) xor     s1, gp, a1
core   0: 3 0x80004bb0 (0x00b1c4b3) x 9 0xffffff38
core   0: 0x80004bb4 (0x00cd5033) srl     zero, s10, a2
core   0: 3 0x80004bb4 (0x00cd5033)
core   0: 0x80004bb8 (0x002e9093) slli    ra, t4, 2
core   0: 3 0x80004bb8 (0x002e9093) x 1 0x000003cc
core   0: 0x80004bbc (0xfca240e3) blt     tp, a0, pc - 64
core   0: 3 0x80004bbc (0xfca240e3)
core   0: 0x80004bc0 (0xdab73393) sltiu   t2, a4, -597
core   0: 3 0x80004bc0 (0xdab73393) x 7 0x00000000
core   0: 0x80004bc4 (0x01c009ef) jal     s3, pc + 0x1c
core   0: 3 0x80004bc4 (0x01c009ef) x19 0x80004bc8
core   0: 0x80004be0 (0x0380096f) jal     s2, pc + 0x38
core   0: 3 0x80004be0 (0x0380096f) x18 0x80004be4
core   0: 0x80004c18 (0xfc5ff1ef) jal     gp, pc - 0x3c
core   0: 3 0x80004c18 (0xfc5ff1ef) x 3 0x80004c1c
core   0: 0x80004bdc (0x01000aef) jal     s5, pc + 0x10
core   0: 3 0x80004bdc (0x01000aef) x21 0x80004be0
core   0: 0x80004bec (0x0240036f) jal     t1, pc + 0x24
core   0: 3 0x80004bec (0x0240036f) x 6 0x80004bf0
core   0: 0x80004c10 (0xff1ff36f) jal     t1, pc - 0x10
core   0: 3 0x80004c10 (0xff1ff36f) x 6 0x80004c14
core   0: 0x80004c00 (0x00c00a6f) jal     s4, pc + 0xc
core   0: 3 0x80004c00 (0x00c00a6f) x20 0x80004c04
core   0: 0x80004c0c (0xff9ff0ef) jal     pc - 0x8
core   0: 3 0x80004c0c (0xff9ff0ef) x 1 0x80004c10
core   0: 0x80004c04 (0x004000ef) jal     pc + 0x4
core   0: 3 0x80004c04 (0x004000ef) x 1 0x80004c08
core   0: 0x80004c08 (0xfcdff0ef) jal     pc - 0x34
core   0: 3 0x80004c08 (0xfcdff0ef) x 1 0x80004c0c
core   0: 0x80004bd4 (0x01000e6f) jal     t3, pc + 0x10
core   0: 3 0x80004bd4 (0x01000e6f) x28 0x80004bd8
core   0: 0x80004be4 (0x038000ef) jal     pc + 0x38
core   0: 3 0x80004be4 (0x038000ef) x 1 0x80004be8
core   0: 0x80004c1c (0xff9ff0ef) jal     pc - 0x8
core   0: 3 0x80004c1c (0xff9ff0ef) x 1 0x80004c20
core   0: 0x80004c14 (0xfd5ff36f) jal     t1, pc - 0x2c
core   0: 3 0x80004c14 (0xfd5ff36f) x 6 0x80004c18
core   0: 0x80004be8 (0x00c0096f) jal     s2, pc + 0xc
core   0: 3 0x80004be8 (0x00c0096f) x18 0x80004bec
core   0: 0x80004bf4 (0xffdff0ef) jal     pc - 0x4
core   0: 3 0x80004bf4 (0xffdff0ef) x 1 0x80004bf8
core   0: 0x80004bf0 (0xfd9ff0ef) jal     pc - 0x28
core   0: 3 0x80004bf0 (0xfd9ff0ef) x 1 0x80004bf4
core   0: 0x80004bc8 (0x010000ef) jal     pc + 0x10
core   0: 3 0x80004bc8 (0x010000ef) x 1 0x80004bcc
core   0: 0x80004bd8 (0x04c0026f) jal     tp, pc + 0x4c
core   0: 3 0x80004bd8 (0x04c0026f) x 4 0x80004bdc
core   0: 0x80004c24 (0xfa9ff0ef) jal     pc - 0x58
core   0: 3 0x80004c24 (0xfa9ff0ef) x 1 0x80004c28
core   0: 0x80004bcc (0x030000ef) jal     pc + 0x30
core   0: 3 0x80004bcc (0x030000ef) x 1 0x80004bd0
core   0: 0x80004bfc (0x0240036f) jal     t1, pc + 0x24
core   0: 3 0x80004bfc (0x0240036f) x 6 0x80004c00
core   0: 0x80004c20 (0xfd9ff0ef) jal     pc - 0x28
core   0: 3 0x80004c20 (0xfd9ff0ef) x 1 0x80004c24
core   0: 0x80004bf8 (0xfd9ff0ef) jal     pc - 0x28
core   0: 3 0x80004bf8 (0xfd9ff0ef) x 1 0x80004bfc
core   0: 0x80004bd0 (0x05800d6f) jal     s10, pc + 0x58
core   0: 3 0x80004bd0 (0x05800d6f) x26 0x80004bd4
core   0: 0x80004c28 (0x41085f33) sra     t5, a6, a6
core   0: 3 0x80004c28 (0x41085f33) x30 0x80000000
core   0: 0x80004c2c (0x0000f697) auipc   a3, 0xf
core   0: 3 0x80004c2c (0x0000f697) x13 0x80013c2c
core   0: 0x80004c30 (0xfe068693) addi    a3, a3, -32
core   0: 3 0x80004c30 (0xfe068693) x13 0x80013c0c
core   0: 0x80004c34 (0x000681a3) sb      zero, 3(a3)
core   0: 3 0x80004c34 (0x000681a3) mem 0x80013c0f 0x0
core   0: 0x80004c38 (0x0001a417) auipc   s0, 0x1a
core   0: 3 0x80004c38 (0x0001a417) x 8 0x8001ec38
core   0: 0x80004c3c (0x05f40413) addi    s0, s0, 95
core   0: 3 0x80004c3c (0x05f40413) x 8 0x8001ec97
core   0: 0x80004c40 (0xfce689a3) sb      a4, -45(a3)
core   0: 3 0x80004c40 (0xfce689a3) mem 0x80013bdf 0xb3
core   0: 0x80004c44 (0xf0740a23) sb      t2, -236(s0)
core   0: 3 0x80004c44 (0xf0740a23) mem 0x8001ebab 0x0
core   0: 0x80004c48 (0x076413a3) sh      s6, 103(s0)
core   0: 3 0x80004c48 (0x076413a3) mem 0x8001ecfe 0x0001
core   0: 0x80004c4c (0x03f44583) lbu     a1, 63(s0)
core   0: 3 0x80004c4c (0x03f44583) x11 0x00000099 mem 0x8001ecd6
core   0: 0x80004c50 (0x0e168e83) lb      t4, 225(a3)
core   0: 3 0x80004c50 (0x0e168e83) x29 0xffffffd9 mem 0x80013ced
core   0: 0x80004c54 (0x08c6ca83) lbu     s5, 140(a3)
core   0: 3 0x80004c54 (0x08c6ca83) x21 0x0000003e mem 0x80013c98
core   0: 0x80004c58 (0xfbd6cb03) lbu     s6, -67(a3)
core   0: 3 0x80004c58 (0xfbd6cb03) x22 0x00000059 mem 0x80013bc9
core   0: 0x80004c5c (0x0e440723) sb      tp, 238(s0)
core   0: 3 0x80004c5c (0x0e440723) mem 0x8001ed85 0xdc
core   0: 0x80004c60 (0x07268023) sb      s2, 96(a3)
core   0: 3 0x80004c60 (0x07268023) mem 0x80013c6c 0xec
core   0: 0x80004c64 (0xffd405a3) sb      t4, -21(s0)
core   0: 3 0x80004c64 (0xffd405a3) mem 0x8001ec82 0xd9
core   0: 0x80004c68 (0xfbc69d83) lh      s11, -68(a3)
core   0: 3 0x80004c68 (0xfbc69d83) x27 0x000059ab mem 0x80013bc8
core   0: 0x80004c6c (0xff5428a3) sw      s5, -15(s0)
core   0: 3 0x80004c6c (0xff5428a3) mem 0x8001ec88 0x0000003e
core   0: 0x80004c70 (0x05868623) sb      s8, 76(a3)
core   0: 3 0x80004c70 (0x05868623) mem 0x80013c58 0x1c
core   0: 0x80004c74 (0xff644583) lbu     a1, -10(s0)
core   0: 3 0x80004c74 (0xff644583) x11 0x00000016 mem 0x8001ec8d
core   0: 0x80004c78 (0x0001a117) auipc   sp, 0x1a
core   0: 3 0x80004c78 (0x0001a117) x 2 0x8001ec78
core   0: 0x80004c7c (0x74610113) addi    sp, sp, 1862
core   0: 3 0x80004c7c (0x74610113) x 2 0x8001f3be
core   0: 0x80004c80 (0x00b14503) lbu     a0, 11(sp)
core   0: 3 0x80004c80 (0x00b14503) x10 0x0000008d mem 0x8001f3c9
core   0: 0x80004c84 (0x00a105a3) sb      a0, 11(sp)
core   0: 3 0x80004c84 (0x00a105a3) mem 0x8001f3c9 0x8d
core   0: 0x80004c88 (0x00b10203) lb      tp, 11(sp)
core   0: 3 0x80004c88 (0x00b10203) x 4 0xffffff8d mem 0x8001f3c9
core   0: 0x80004c8c (0x01e105a3) sb      t5, 11(sp)
core   0: 3 0x80004c8c (0x01e105a3) mem 0x8001f3c9 0x0
core   0: 0x80004c90 (0x0ff0000f) fence   iorw,iorw
core   0: 3 0x80004c90 (0x0ff0000f)
core   0: 0x80004c94 (0x00b10e03) lb      t3, 11(sp)
core   0: 3 0x80004c94 (0x00b10e03) x28 0x00000000 mem 0x8001f3c9
core   0: 0x80004c98 (0x0c814083) lbu     ra, 200(sp)
core   0: 3 0x80004c98 (0x0c814083) x 1 0x00000071 mem 0x8001f486
core   0: 0x80004c9c (0x0df10423) sb      t6, 200(sp)
core   0: 3 0x80004c9c (0x0df10423) mem 0x8001f486 0x84
core   0: 0x80004ca0 (0x0df11423) sh      t6, 200(sp)
core   0: 3 0x80004ca0 (0x0df11423) mem 0x8001f486 0x1b84
core   0: 0x80004ca4 (0x005a1733) sll     a4, s4, t0
core   0: 3 0x80004ca4 (0x005a1733) x14 0x00009808
core   0: 0x80004ca8 (0xe6815db7) lui     s11, 0xe6815
core   0: 3 0x80004ca8 (0xe6815db7) x27 0xe6815000
core   0: 0x80004cac (0x0c610423) sb      t1, 200(sp)
core   0: 3 0x80004cac (0x0c610423) mem 0x8001f486 0x0
core   0: 0x80004cb0 (0x0c811703) lh      a4, 200(sp)
core   0: 3 0x80004cb0 (0x0c811703) x14 0x00001b00 mem 0x8001f486
core   0: 0x80004cb4 (0x0da11423) sh      s10, 200(sp)
core   0: 3 0x80004cb4 (0x0da11423) mem 0x8001f486 0x4bd4
core   0: 0x80004cb8 (0x67a00f13) li      t5, 1658
core   0: 3 0x80004cb8 (0x67a00f13) x30 0x0000067a
core   0: 0x80004cbc (0x0c811c03) lh      s8, 200(sp)
core   0: 3 0x80004cbc (0x0c811c03) x24 0x00004bd4 mem 0x8001f486
core   0: 0x80004cc0 (0x0d910423) sb      s9, 200(sp)
core   0: 3 0x80004cc0 (0x0d910423) mem 0x8001f486 0xb1
core   0: 0x80004cc4 (0x0c810c03) lb      s8, 200(sp)
core   0: 3 0x80004cc4 (0x0c810c03) x24 0xffffffb1 mem 0x8001f486
core   0: 0x80004cc8 (0x0c814a83) lbu     s5, 200(sp)
core   0: 3 0x80004cc8 (0x0c814a83) x21 0x000000b1 mem 0x8001f486
core   0: 0x80004ccc (0x0047d433) srl     s0, a5, tp
core   0: 3 0x80004ccc (0x0047d433) x 8 0x00040014
core   0: 0x80004cd0 (0x01b38333) add     t1, t2, s11
core   0: 3 0x80004cd0 (0x01b38333) x 6 0xe6815000
core   0: 0x80004cd4 (0x0c811503) lh      a0, 200(sp)
core   0: 3 0x80004cd4 (0x0c811503) x10 0x00004bb1 mem 0x8001f486
core   0: 0x80004cd8 (0x0c811f83) lh      t6, 200(sp)
core   0: 3 0x80004cd8 (0x0c811f83) x31 0x00004bb1 mem 0x8001f486
core   0: 0x80004cdc (0x0cd10423) sb      a3, 200(sp)
core   0: 3 0x80004cdc (0x0cd10423) mem 0x8001f486 0xc
core   0: 0x80004ce0 (0x0c710423) sb      t2, 200(sp)
core   0: 3 0x80004ce0 (0x0c710423) mem 0x8001f486 0x0
core   0: 0x80004ce4 (0x0ff0000f) fence   iorw,iorw
core   0: 3 0x80004ce4 (0x0ff0000f)
core   0: 0x80004ce8 (0x0c810a03) lb      s4, 200(sp)
core   0: 3 0x80004ce8 (0x0c810a03) x20 0x00000000 mem 0x8001f486
core   0: 0x80004cec (0x0000e517) auipc   a0, 0xe
core   0: 3 0x80004cec (0x0000e517) x10 0x80012cec
core   0: 0x80004cf0 (0x4ab50513) addi    a0, a0, 1195
core   0: 3 0x80004cf0 (0x4ab50513) x10 0x80013197
core   0: 0x80004cf4 (0x00013c97) auipc   s9, 0x13
core   0: 3 0x80004cf4 (0x00013c97) x25 0x80017cf4
core   0: 0x80004cf8 (0x49ec8c93) addi    s9, s9, 1182
core   0: 3 0x80004cf8 (0x49ec8c93) x25 0x80018192
core   0: 0x80004cfc (0x01250d83) lb      s11, 18(a0)
core   0: 3 0x80004cfc (0x01250d83) x27 0xffffffe5 mem 0x800131a9
core   0: 0x80004d00 (0xf52c85a3) sb      s2, -181(s9)
core   0: 3 0x80004d00 (0xf52c85a3) mem 0x800180dd 0xec
core   0: 0x80004d04 (0xffe50103) lb      sp, -2(a0)
core   0: 3 0x80004d04 (0xffe50103) x 2 0xffffff9d mem 0x80013195
core   0: 0x80004d08 (0xf89ccb83) lbu     s7, -119(s9)
core   0: 3 0x80004d08 (0xf89ccb83) x23 0x0000000a mem 0x8001811b
core   0: 0x80004d0c (0x00850d23) sb      s0, 26(a0)
core   0: 3 0x80004d0c (0x00850d23) mem 0x800131b1 0x14
core   0: 0x80004d10 (0x044c9703) lh      a4, 68(s9)
core   0: 3 0x80004d10 (0x044c9703) x14 0xffff8d91 mem 0x800181d6
core   0: 0x80004d14 (0xf94c8ba3) sb      s4, -105(s9)
core   0: 3 0x80004d14 (0xf94c8ba3) mem 0x80018129 0x0
core   0: 0x80004d18 (0x0e8c9723) sh      s0, 238(s9)
core   0: 3 0x80004d18 (0x0e8c9723) mem 0x80018280 0x0014
core   0: 0x80004d1c (0x00d50823) sb      a3, 16(a0)
core   0: 3 0x80004d1c (0x00d50823) mem 0x800131a7 0xc
core   0: 0x80004d20 (0x03f51f83) lh      t6, 63(a0)
core   0: 3 0x80004d20 (0x03f51f83) x31 0xffff9bfc mem 0x800131d6
core   0: 0x80004d24 (0x011cc403) lbu     s0, 17(s9)
core   0: 3 0x80004d24 (0x011cc403) x 8 0x00000035 mem 0x800181a3
core   0: 0x80004d28 (0x038c8aa3) sb      s8, 53(s9)
core   0: 3 0x80004d28 (0x038c8aa3) mem 0x800181c7 0xb1
core   0: 0x80004d2c (0x00600c13) li      s8, 6
core   0: 3 0x80004d2c (0x00600c13) x24 0x00000006
core   0: 0x80004d30 (0x0000100f) fence.i
core   0: 3 0x80004d30 (0x0000100f)
core   0: 0x80004d34 (0x40595d13) srai    s10, s2, 5
core   0: 3 0x80004d34 (0x40595d13) x26 0xfc00025f
core   0: 0x80004d38 (0x00e00e93) li      t4, 14
core   0: 3 0x80004d38 (0x00e00e93) x29 0x0000000e
core   0: 0x80004d3c (0x0002e5b3) or      a1, t0, zero
core   0: 3 0x80004d3c (0x0002e5b3) x11 0x00000001
core   0: 0x80004d40 (0x01019bb3) sll     s7, gp, a6
core   0: 3 0x80004d40 (0x01019bb3) x23 0x80004c1c
core   0: 0x80004d44 (0x00f8c2b3) xor     t0, a7, a5
core   0: 3 0x80004d44 (0x00f8c2b3) x 5 0x000042b0
core   0: 0x80004d48 (0x914bfc93) andi    s9, s7, -1772
core   0: 3 0x80004d48 (0x914bfc93) x25 0x80004814
core   0: 0x80004d4c (0x0019b733) sltu    a4, s3, ra
core   0: 3 0x80004d4c (0x0019b733) x14 0x00000000
core   0: 0x80004d50 (0x9e242913) slti    s2, s0, -1566
core   0: 3 0x80004d50 (0x9e242913) x18 0x00000000
core   0: 0x80004d54 (0x0ff0000f) fence   iorw,iorw
core   0: 3 0x80004d54 (0x0ff0000f)
core   0: 0x80004d58 (0x0000100f) fence.i
core   0: 3 0x80004d58 (0x0000100f)
core   0: 0x80004d5c (0x2cc0ad17) auipc   s10, 0x2cc0a
core   0: 3 0x80004d5c (0x2cc0ad17) x26 0xacc0ed5c
core   0: 0x80004d60 (0x007c0c13) addi    s8, s8, 7
core   0: 3 0x80004d60 (0x007c0c13) x24 0x0000000d
core   0: 0x80004d64 (0x016ad333) srl     t1, s5, s6
core   0: 3 0x80004d64 (0x016ad333) x 6 0x00000000
core   0: 0x80004d68 (0xffdc44e3) blt     s8, t4, pc - 24
core   0: 3 0x80004d68 (0xffdc44e3)
core   0: 0x80004d50 (0x9e242913) slti    s2, s0, -1566
core   0: 3 0x80004d50 (0x9e242913) x18 0x00000000
core   0: 0x80004d54 (0x0ff0000f) fence   iorw,iorw
core   0: 3 0x80004d54 (0x0ff0000f)
core   0: 0x80004d58 (0x0000100f) fence.i
core   0: 3 0x80004d58 (0x0000100f)
core   0: 0x80004d5c (0x2cc0ad17) auipc   s10, 0x2cc0a
core   0: 3 0x80004d5c (0x2cc0ad17) x26 0xacc0ed5c
core   0: 0x80004d60 (0x007c0c13) addi    s8, s8, 7
core   0: 3 0x80004d60 (0x007c0c13) x24 0x00000014
core   0: 0x80004d64 (0x016ad333) srl     t1, s5, s6
core   0: 3 0x80004d64 (0x016ad333) x 6 0x00000000
core   0: 0x80004d68 (0xffdc44e3) blt     s8, t4, pc - 24
core   0: 3 0x80004d68 (0xffdc44e3)
core   0: 0x80004d6c (0x007873b3) and     t2, a6, t2
core   0: 3 0x80004d6c (0x007873b3) x 7 0x00000000
core   0: 0x80004d70 (0xff700113) li      sp, -9
core   0: 3 0x80004d70 (0xff700113) x 2 0xfffffff7
core   0: 0x80004d74 (0x00195e33) srl     t3, s2, ra
core   0: 3 0x80004d74 (0x00195e33) x28 0x00000000
core   0: 0x80004d78 (0x40a4de33) sra     t3, s1, a0
core   0: 3 0x80004d78 (0x40a4de33) x28 0xffffffff
core   0: 0x80004d7c (0xff000a93) li      s5, -16
core   0: 3 0x80004d7c (0xff000a93) x21 0xfffffff0
core   0: 0x80004d80 (0x00ad2db3) slt     s11, s10, a0
core   0: 3 0x80004d80 (0x00ad2db3) x27 0x00000000
core   0: 0x80004d84 (0xdf073913) sltiu   s2, a4, -528
core   0: 3 0x80004d84 (0xdf073913) x18 0x00000001
core   0: 0x80004d88 (0xdb738013) addi    zero, t2, -585
core   0: 3 0x80004d88 (0xdb738013)
core   0: 0x80004d8c (0x01ed26b3) slt     a3, s10, t5
core   0: 3 0x80004d8c (0x01ed26b3) x13 0x00000001
core   0: 0x80004d90 (0xe91d4e13) xori    t3, s10, -367
core   0: 3 0x80004d90 (0xe91d4e13) x28 0x533f13cd
core   0: 0x80004d94 (0xff910113) addi    sp, sp, -7
core   0: 3 0x80004d94 (0xff910113) x 2 0xfffffff0
core   0: 0x80004d98 (0x00000013) nop
core   0: 3 0x80004d98 (0x00000013)
core   0: 0x80004d9c (0x7f0e4937) lui     s2, 0x7f0e4
core   0: 3 0x80004d9c (0x7f0e4937) x18 0x7f0e4000
core   0: 0x80004da0 (0xf9bf0237) lui     tp, 0xf9bf0
core   0: 3 0x80004da0 (0xf9bf0237) x 4 0xf9bf0000
core   0: 0x80004da4 (0x004ef6b3) and     a3, t4, tp
core   0: 3 0x80004da4 (0x004ef6b3) x13 0x00000000
core   0: 0x80004da8 (0x008a6db3) or      s11, s4, s0
core   0: 3 0x80004da8 (0x008a6db3) x27 0x00000035
core   0: 0x80004dac (0xdab24b93) xori    s7, tp, -597
core   0: 3 0x80004dac (0xdab24b93) x23 0x0640fdab
core   0: 0x80004db0 (0xffe00a13) li      s4, -2
core   0: 3 0x80004db0 (0xffe00a13) x20 0xfffffffe
core   0: 0x80004db4 (0x00400393) li      t2, 4
core   0: 3 0x80004db4 (0x00400393) x 7 0x00000004
core   0: 0x80004db8 (0xa5df0093) addi    ra, t5, -1443
core   0: 3 0x80004db8 (0xa5df0093) x 1 0x000000d7
core   0: 0x80004dbc (0x01f7d6b3) srl     a3, a5, t6
core   0: 3 0x80004dbc (0x01f7d6b3) x13 0x00000008
core   0: 0x80004dc0 (0x007046b3) xor     a3, zero, t2
core   0: 3 0x80004dc0 (0x007046b3) x13 0x00000004
core   0: 0x80004dc4 (0x0ff0000f) fence   iorw,iorw
core   0: 3 0x80004dc4 (0x0ff0000f)
core   0: 0x80004dc8 (0x12586693) ori     a3, a6, 293
core   0: 3 0x80004dc8 (0x12586693) x13 0x80000125
core   0: 0x80004dcc (0x3056b913) sltiu   s2, a3, 773
core   0: 3 0x80004dcc (0x3056b913) x18 0x00000000
core   0: 0x80004dd0 (0xe8812f93) slti    t6, sp, -376
core   0: 3 0x80004dd0 (0xe8812f93) x31 0x00000000
core   0: 0x80004dd4 (0xe467a413) slti    s0, a5, -442
core   0: 3 0x80004dd4 (0xe467a413) x 8 0x00000001
core   0: 0x80004dd8 (0x006a0a13) addi    s4, s4, 6
core   0: 3 0x80004dd8 (0x006a0a13) x20 0x00000004
core   0: 0x80004ddc (0x40885e33) sra     t3, a6, s0
core   0: 3 0x80004ddc (0x40885e33) x28 0xc0000000
core   0: 0x80004de0 (0xfe7a0ae3) beq     s4, t2, pc - 12
core   0: 3 0x80004de0 (0xfe7a0ae3)
core   0: 0x80004dd4 (0xe467a413) slti    s0, a5, -442
core   0: 3 0x80004dd4 (0xe467a413) x 8 0x00000001
core   0: 0x80004dd8 (0x006a0a13) addi    s4, s4, 6
core   0: 3 0x80004dd8 (0x006a0a13) x20 0x0000000a
core   0: 0x80004ddc (0x40885e33) sra     t3, a6, s0
core   0: 3 0x80004ddc (0x40885e33) x28 0xc0000000
core   0: 0x80004de0 (0xfe7a0ae3) beq     s4, t2, pc - 12
core   0: 3 0x80004de0 (0xfe7a0ae3)
core   0: 0x80004de4 (0x0000100f) fence.i
core   0: 3 0x80004de4 (0x0000100f)
core   0: 0x80004de8 (0xc57d7293) andi    t0, s10, -937
core   0: 3 0x80004de8 (0xc57d7293) x 5 0xacc0ec54
core   0: 0x80004dec (0x412b0db3) sub     s11, s6, s2
core   0: 3 0x80004dec (0x412b0db3) x27 0x00000059
core   0: 0x80004df0 (0xf9511ee3) bne     sp, s5, pc - 100
core   0: 3 0x80004df0 (0xf9511ee3)
core   0: 0x80004df4 (0x15143013) sltiu   zero, s0, 337
core   0: 3 0x80004df4 (0x15143013)
core   0: 0x80004df8 (0x00700d93) li      s11, 7
core   0: 3 0x80004df8 (0x00700d93) x27 0x00000007
core   0: 0x80004dfc (0x00879d13) slli    s10, a5, 8
core   0: 3 0x80004dfc (0x00879d13) x26 0x028e5400
core   0: 0x80004e00 (0x01bf3ab3) sltu    s5, t5, s11
core   0: 3 0x80004e00 (0x01bf3ab3) x21 0x00000000
core   0: 0x80004e04 (0x00bfa133) slt     sp, t6, a1
core   0: 3 0x80004e04 (0x00bfa133) x 2 0x00000001
core   0: 0x80004e08 (0x0ff0000f) fence   iorw,iorw
core   0: 3 0x80004e08 (0x0ff0000f)
core   0: 0x80004e0c (0x00f75993) srli    s3, a4, 15
core   0: 3 0x80004e0c (0x00f75993) x19 0x00000000
core   0: 0x80004e10 (0x00c00193) li      gp, 12
core   0: 3 0x80004e10 (0x00c00193) x 3 0x0000000c
core   0: 0x80004e14 (0x00050a33) add     s4, a0, zero
core   0: 3 0x80004e14 (0x00050a33) x20 0x80013197
core   0: 0x80004e18 (0x003d8d93) addi    s11, s11, 3
core   0: 3 0x80004e18 (0x003d8d93) x27 0x0000000a
core   0: 0x80004e1c (0x00e79a13) slli    s4, a5, 14
core   0: 3 0x80004e1c (0x00e79a13) x20 0xa3950000
core   0: 0x80004e20 (0x41285113) srai    sp, a6, 18
core   0: 3 0x80004e20 (0x41285113) x 2 0xffffe000
core   0: 0x80004e24 (0xffd00413) li      s0, -3
core   0: 3 0x80004e24 (0xffd00413) x 8 0xfffffffd
core   0: 0x80004e28 (0xe27eae93) slti    t4, t4, -473
core   0: 3 0x80004e28 (0xe27eae93) x29 0x00000000
core   0: 0x80004e2c (0x01556a33) or      s4, a0, s5
core   0: 3 0x80004e2c (0x01556a33) x20 0x80013197
core   0: 0x80004e30 (0x8e6db393) sltiu   t2, s11, -1818
core   0: 3 0x80004e30 (0x8e6db393) x 7 0x00000001
core   0: 0x80004e34 (0x0ff0000f) fence   iorw,iorw
core   0: 3 0x80004e34 (0x0ff0000f)
core   0: 0x80004e38 (0x4061d6b3) sra     a3, gp, t1
core   0: 3 0x80004e38 (0x4061d6b3) x13 0x0000000c
core   0: 0x80004e3c (0x90e3ee97) auipc   t4, 0x90e3e
core   0: 3 0x80004e3c (0x90e3ee97) x29 0x10e42e3c
core   0: 0x80004e40 (0xffc00e13) li      t3, -4
core   0: 3 0x80004e40 (0xffc00e13) x28 0xfffffffc
core   0: 0x80004e44 (0x00000013) nop
core   0: 3 0x80004e44 (0x00000013)
core   0: 0x80004e48 (0x01424c33) xor     s8, tp, s4
core   0: 3 0x80004e48 (0x01424c33) x24 0x79be3197
core   0: 0x80004e4c (0x5dc66c93) ori     s9, a2, 1500
core   0: 3 0x80004e4c (0x5dc66c93) x25 0xb50985dc
core   0: 0x80004e50 (0xb839ec93) ori     s9, s3, -1149
core   0: 3 0x80004e50 (0xb839ec93) x25 0xfffffb83
core   0: 0x80004e54 (0xc2bf0b13) addi    s6, t5, -981
core   0: 3 0x80004e54 (0xc2bf0b13) x22 0x000002a5
core   0: 0x80004e58 (0xffc40413) addi    s0, s0, -4
core   0: 3 0x80004e58 (0xffc40413) x 8 0xfffffff9
core   0: 0x80004e5c (0x014e92b3) sll     t0, t4, s4
core   0: 3 0x80004e5c (0x014e92b3) x 5 0x1e000000
core   0: 0x80004e60 (0xffc456e3) bge     s0, t3, pc - 20
core   0: 3 0x80004e60 (0xffc456e3)
core   0: 0x80004e64 (0x42acf613) andi    a2, s9, 1066
core   0: 3 0x80004e64 (0x42acf613) x12 0x00000002
core   0: 0x80004e68 (0x2caa6a13) ori     s4, s4, 714
core   0: 3 0x80004e68 (0x2caa6a13) x20 0x800133df
core   0: 0x80004e6c (0x1b8d4393) xori    t2, s10, 440
core   0: 3 0x80004e6c (0x1b8d4393) x 7 0x028e55b8
core   0: 0x80004e70 (0xfa3dc2e3) blt     s11, gp, pc - 92
core   0: 3 0x80004e70 (0xfa3dc2e3)
core   0: 0x80004e14 (0x00050a33) add     s4, a0, zero
core   0: 3 0x80004e14 (0x00050a33) x20 0x80013197
core   0: 0x80004e18 (0x003d8d93) addi    s11, s11, 3
core   0: 3 0x80004e18 (0x003d8d93) x27 0x0000000d
core   0: 0x80004e1c (0x00e79a13) slli    s4, a5, 14
core   0: 3 0x80004e1c (0x00e79a13) x20 0xa3950000
core   0: 0x80004e20 (0x41285113) srai    sp, a6, 18
core   0: 3 0x80004e20 (0x41285113) x 2 0xffffe000
core   0: 0x80004e24 (0xffd00413) li      s0, -3
core   0: 3 0x80004e24 (0xffd00413) x 8 0xfffffffd
core   0: 0x80004e28 (0xe27eae93) slti    t4, t4, -473
core   0: 3 0x80004e28 (0xe27eae93) x29 0x00000000
core   0: 0x80004e2c (0x01556a33) or      s4, a0, s5
core   0: 3 0x80004e2c (0x01556a33) x20 0x80013197
core   0: 0x80004e30 (0x8e6db393) sltiu   t2, s11, -1818
core   0: 3 0x80004e30 (0x8e6db393) x 7 0x00000001
core   0: 0x80004e34 (0x0ff0000f) fence   iorw,iorw
core   0: 3 0x80004e34 (0x0ff0000f)
core   0: 0x80004e38 (0x4061d6b3) sra     a3, gp, t1
core   0: 3 0x80004e38 (0x4061d6b3) x13 0x0000000c
core   0: 0x80004e3c (0x90e3ee97) auipc   t4, 0x90e3e
core   0: 3 0x80004e3c (0x90e3ee97) x29 0x10e42e3c
core   0: 0x80004e40 (0xffc00e13) li      t3, -4
core   0: 3 0x80004e40 (0xffc00e13) x28 0xfffffffc
core   0: 0x80004e44 (0x00000013) nop
core   0: 3 0x80004e44 (0x00000013)
core   0: 0x80004e48 (0x01424c33) xor     s8, tp, s4
core   0: 3 0x80004e48 (0x01424c33) x24 0x79be3197
core   0: 0x80004e4c (0x5dc66c93) ori     s9, a2, 1500
core   0: 3 0x80004e4c (0x5dc66c93) x25 0x000005de
core   0: 0x80004e50 (0xb839ec93) ori     s9, s3, -1149
core   0: 3 0x80004e50 (0xb839ec93) x25 0xfffffb83
core   0: 0x80004e54 (0xc2bf0b13) addi    s6, t5, -981
core   0: 3 0x80004e54 (0xc2bf0b13) x22 0x000002a5
core   0: 0x80004e58 (0xffc40413) addi    s0, s0, -4
core   0: 3 0x80004e58 (0xffc40413) x 8 0xfffffff9
core   0: 0x80004e5c (0x014e92b3) sll     t0, t4, s4
core   0: 3 0x80004e5c (0x014e92b3) x 5 0x1e000000
core   0: 0x80004e60 (0xffc456e3) bge     s0, t3, pc - 20
core   0: 3 0x80004e60 (0xffc456e3)
core   0: 0x80004e64 (0x42acf613) andi    a2, s9, 1066
core   0: 3 0x80004e64 (0x42acf613) x12 0x00000002
core   0: 0x80004e68 (0x2caa6a13) ori     s4, s4, 714
core   0: 3 0x80004e68 (0x2caa6a13) x20 0x800133df
core   0: 0x80004e6c (0x1b8d4393) xori    t2, s10, 440
core   0: 3 0x80004e6c (0x1b8d4393) x 7 0x028e55b8
core   0: 0x80004e70 (0xfa3dc2e3) blt     s11, gp, pc - 92
core   0: 3 0x80004e70 (0xfa3dc2e3)
core   0: 0x80004e74 (0x01e19cb3) sll     s9, gp, t5
core   0: 3 0x80004e74 (0x01e19cb3) x25 0x30000000
core   0: 0x80004e78 (0x0000ff97) auipc   t6, 0xf
core   0: 3 0x80004e78 (0x0000ff97) x31 0x80013e78
core   0: 0x80004e7c (0xab4f8f93) addi    t6, t6, -1356
core   0: 3 0x80004e7c (0xab4f8f93) x31 0x8001392c
core   0: 0x80004e80 (0xfecfc083) lbu     ra, -20(t6)
core   0: 3 0x80004e80 (0xfecfc083) x 1 0x0000007a mem 0x80013918
core   0: 0x80004e84 (0xfd3f8283) lb      t0, -45(t6)
core   0: 3 0x80004e84 (0xfd3f8283) x 5 0x0000002e mem 0x800138ff
core   0: 0x80004e88 (0xfd2f89a3) sb      s2, -45(t6)
core   0: 3 0x80004e88 (0xfd2f89a3) mem 0x800138ff 0x0
core   0: 0x80004e8c (0xaf321cb7) lui     s9, 0xaf321
core   0: 3 0x80004e8c (0xaf321cb7) x25 0xaf321000
core   0: 0x80004e90 (0x02df8283) lb      t0, 45(t6)
core   0: 3 0x80004e90 (0x02df8283) x 5 0xfffffff6 mem 0x80013959
core   0: 0x80004e94 (0x009f9f23) sh      s1, 30(t6)
core   0: 3 0x80004e94 (0x009f9f23) mem 0x8001394a 0xff38
core   0: 0x80004e98 (0x41c05033) sra     zero, zero, t3
core   0: 3 0x80004e98 (0x41c05033)
core   0: 0x80004e9c (0x0ff0000f) fence   iorw,iorw
core   0: 3 0x80004e9c (0x0ff0000f)
core   0: 0x80004ea0 (0x00c229b3) slt     s3, tp, a2
core   0: 3 0x80004ea0 (0x00c229b3) x19 0x00000001
core   0: 0x80004ea4 (0x00259433) sll     s0, a1, sp
core   0: 3 0x80004ea4 (0x00259433) x 8 0x00000001
core   0: 0x80004ea8 (0xfcff8903) lb      s2, -49(t6)
core   0: 3 0x80004ea8 (0xfcff8903) x18 0xffffffa1 mem 0x800138fb
core   0: 0x80004eac (0x00fd5193) srli    gp, s10, 15
core   0: 3 0x80004eac (0x00fd5193) x 3 0x0000051c
core   0: 0x80004eb0 (0x006fd483) lhu     s1, 6(t6)
core   0: 3 0x80004eb0 (0x006fd483) x 9 0x0000e1ad mem 0x80013932
core   0: 0x80004eb4 (0xfe0f9603) lh      a2, -32(t6)
core   0: 3 0x80004eb4 (0xfe0f9603) x12 0x000055db mem 0x8001390c
core   0: 0x80004eb8 (0x016036b3) snez    a3, s6
core   0: 3 0x80004eb8 (0x016036b3) x13 0x00000001
core   0: 0x80004ebc (0x017f83a3) sb      s7, 7(t6)
core   0: 3 0x80004ebc (0x017f83a3) mem 0x80013933 0xab
core   0: 0x80004ec0 (0xfc1fca83) lbu     s5, -63(t6)
core   0: 3 0x80004ec0 (0xfc1fca83) x21 0x00000082 mem 0x800138ed
core   0: 0x80004ec4 (0x97e44213) xori    tp, s0, -1666
core   0: 3 0x80004ec4 (0x97e44213) x 4 0xfffff97f
core   0: 0x80004ec8 (0x005682b3) add     t0, a3, t0
core   0: 3 0x80004ec8 (0x005682b3) x 5 0xfffffff7
core   0: 0x80004ecc (0xfd4f8323) sb      s4, -58(t6)
core   0: 3 0x80004ecc (0xfd4f8323) mem 0x800138f2 0xdf
core   0: 0x80004ed0 (0xffffc283) lbu     t0, -1(t6)
core   0: 3 0x80004ed0 (0xffffc283) x 5 0x000000f2 mem 0x8001392b
core   0: 0x80004ed4 (0xff2f8083) lb      ra, -14(t6)
core   0: 3 0x80004ed4 (0xff2f8083) x 1 0x0000006e mem 0x8001391e
core   0: 0x80004ed8 (0x0031b433) sltu    s0, gp, gp
core   0: 3 0x80004ed8 (0x0031b433) x 8 0x00000000
core   0: 0x80004edc (0xfd7f8f23) sb      s7, -34(t6)
core   0: 3 0x80004edc (0xfd7f8f23) mem 0x8001390a 0xab
core   0: 0x80004ee0 (0x009f8983) lb      s3, 9(t6)
core   0: 3 0x80004ee0 (0x009f8983) x19 0x00000003 mem 0x80013935
core   0: 0x80004ee4 (0xfcffc203) lbu     tp, -49(t6)
core   0: 3 0x80004ee4 (0xfcffc203) x 4 0x000000a1 mem 0x800138fb
core   0: 0x80004ee8 (0xfdff8103) lb      sp, -33(t6)
core   0: 3 0x80004ee8 (0xfdff8103) x 2 0xffffff80 mem 0x8001390b
core   0: 0x80004eec (0x018fdb83) lhu     s7, 24(t6)
core   0: 3 0x80004eec (0x018fdb83) x23 0x000041dc mem 0x80013944
core   0: 0x80004ef0 (0xfe2fc983) lbu     s3, -30(t6)
core   0: 3 0x80004ef0 (0xfe2fc983) x19 0x00000022 mem 0x8001390e
core   0: 0x80004ef4 (0xfc4f8fa3) sb      tp, -33(t6)
core   0: 3 0x80004ef4 (0xfc4f8fa3) mem 0x8001390b 0xa1
core   0: 0x80004ef8 (0x03cfa583) lw      a1, 60(t6)
core   0: 3 0x80004ef8 (0x03cfa583) x11 0xef118c4a mem 0x80013968
core   0: 0x80004efc (0xfd2f9983) lh      s3, -46(t6)
core   0: 3 0x80004efc (0xfd2f9983) x19 0x00000095 mem 0x800138fe
core   0: 0x80004f00 (0x015bb333) sltu    t1, s7, s5
core   0: 3 0x80004f00 (0x015bb333) x 6 0x00000000
core   0: 0x80004f04 (0x012ec0b3) xor     ra, t4, s2
core   0: 3 0x80004f04 (0x012ec0b3) x 1 0xef1bd19d
core   0: 0x80004f08 (0x016ad093) srli    ra, s5, 22
core   0: 3 0x80004f08 (0x016ad093) x 1 0x00000000
core   0: 0x80004f0c (0x018f8f23) sb      s8, 30(t6)
core   0: 3 0x80004f0c (0x018f8f23) mem 0x8001394a 0x97
core   0: 0x80004f10 (0x016fd003) lhu     zero, 22(t6)
core   0: 3 0x80004f10 (0x016fd003) mem 0x80013942
core   0: 0x80004f14 (0x024fa583) lw      a1, 36(t6)
core   0: 3 0x80004f14 (0x024fa583) x11 0x3eb401e4 mem 0x80013950
core   0: 0x80004f18 (0x00cf9f23) sh      a2, 30(t6)
core   0: 3 0x80004f18 (0x00cf9f23) mem 0x8001394a 0x55db
core   0: 0x80004f1c (0xfd4f9703) lh      a4, -44(t6)
core   0: 3 0x80004f1c (0xfd4f9703) x14 0xfffff6a7 mem 0x80013900
core   0: 0x80004f20 (0x001a7ab3) and     s5, s4, ra
core   0: 3 0x80004f20 (0x001a7ab3) x21 0x00000000
core   0: 0x80004f24 (0xdbcd0993) addi    s3, s10, -580
core   0: 3 0x80004f24 (0xdbcd0993) x19 0x028e51bc
core   0: 0x80004f28 (0x00b05eb3) srl     t4, zero, a1
core   0: 3 0x80004f28 (0x00b05eb3) x29 0x00000000
core   0: 0x80004f2c (0xfedf8583) lb      a1, -19(t6)
core   0: 3 0x80004f2c (0xfedf8583) x11 0x00000023 mem 0x80013919
core   0: 0x80004f30 (0x0000f517) auipc   a0, 0xf
core   0: 3 0x80004f30 (0x0000f517) x10 0x80013f30
core   0: 0x80004f34 (0xd6550513) addi    a0, a0, -667
core   0: 3 0x80004f34 (0xd6550513) x10 0x80013c95
core   0: 0x80004f38 (0x0ff0000f) fence   iorw,iorw
core   0: 3 0x80004f38 (0x0ff0000f)
core   0: 0x80004f3c (0x04751683) lh      a3, 71(a0)
core   0: 3 0x80004f3c (0x04751683) x13 0x00007e64 mem 0x80013cdc
core   0: 0x80004f40 (0x04751e83) lh      t4, 71(a0)
core   0: 3 0x80004f40 (0x04751e83) x29 0x00007e64 mem 0x80013cdc
core   0: 0x80004f44 (0xf7f50b23) sb      t6, -138(a0)
core   0: 3 0x80004f44 (0xf7f50b23) mem 0x80013c0b 0x2c
core   0: 0x80004f48 (0x10054f03) lbu     t5, 256(a0)
core   0: 3 0x80004f48 (0x10054f03) x30 0x00000049 mem 0x80013d95
core   0: 0x80004f4c (0x11b50023) sb      s11, 256(a0)
core   0: 3 0x80004f4c (0x11b50023) mem 0x80013d95 0xd
core   0: 0x80004f50 (0x10054003) lbu     zero, 256(a0)
core   0: 3 0x80004f50 (0x10054003) mem 0x80013d95
core   0: 0x80004f54 (0x10050c83) lb      s9, 256(a0)
core   0: 3 0x80004f54 (0x10050c83) x25 0x0000000d mem 0x80013d95
core   0: 0x80004f58 (0x10054c83) lbu     s9, 256(a0)
core   0: 3 0x80004f58 (0x10054c83) x25 0x0000000d mem 0x80013d95
core   0: 0x80004f5c (0x003b1713) slli    a4, s6, 3
core   0: 3 0x80004f5c (0x003b1713) x14 0x00001528
core   0: 0x80004f60 (0x10050a03) lb      s4, 256(a0)
core   0: 3 0x80004f60 (0x10050a03) x20 0x0000000d mem 0x80013d95
core   0: 0x80004f64 (0x10650023) sb      t1, 256(a0)
core   0: 3 0x80004f64 (0x10650023) mem 0x80013d95 0x0
core   0: 0x80004f68 (0x10054383) lbu     t2, 256(a0)
core   0: 3 0x80004f68 (0x10054383) x 7 0x00000000 mem 0x80013d95
core   0: 0x80004f6c (0x00000013) nop
core   0: 3 0x80004f6c (0x00000013)
core   0: 0x80004f70 (0x10054283) lbu     t0, 256(a0)
core   0: 3 0x80004f70 (0x10054283) x 5 0x00000000 mem 0x80013d95
core   0: 0x80004f74 (0x10050e83) lb      t4, 256(a0)
core   0: 3 0x80004f74 (0x10050e83) x29 0x00000000 mem 0x80013d95
core   0: 0x80004f78 (0x0001c117) auipc   sp, 0x1c
core   0: 3 0x80004f78 (0x0001c117) x 2 0x80020f78
core   0: 0x80004f7c (0x84510113) addi    sp, sp, -1979
core   0: 3 0x80004f7c (0x84510113) x 2 0x800207bd
core   0: 0x80004f80 (0x11e10023) sb      t5, 256(sp)
core   0: 3 0x80004f80 (0x11e10023) mem 0x800208bd 0x49
core   0: 0x80004f84 (0xf7dff413) andi    s0, t6, -131
core   0: 3 0x80004f84 (0xf7dff413) x 8 0x8001392c
core   0: 0x80004f88 (0xc6dbae13) slti    t3, s7, -915
core   0: 3 0x80004f88 (0xc6dbae13) x28 0x00000000
core   0: 0x80004f8c (0xec3aea93) ori     s5, s5, -317
core   0: 3 0x80004f8c (0xec3aea93) x21 0xfffffec3
core   0: 0x80004f90 (0x005a4bb3) xor     s7, s4, t0
core   0: 3 0x80004f90 (0x005a4bb3) x23 0x0000000d
core   0: 0x80004f94 (0xb53d2eb7) lui     t4, 0xb53d2
core   0: 3 0x80004f94 (0xb53d2eb7) x29 0xb53d2000
core   0: 0x80004f98 (0x01245f13) srli    t5, s0, 18
core   0: 3 0x80004f98 (0x01245f13) x30 0x00002000
core   0: 0x80004f9c (0x01427e33) and     t3, tp, s4
core   0: 3 0x80004f9c (0x01427e33) x28 0x00000001
core   0: 0x80004fa0 (0x3038dd37) lui     s10, 0x3038d
core   0: 3 0x80004fa0 (0x3038dd37) x26 0x3038d000
core   0: 0x80004fa4 (0x0d111a03) lh      s4, 209(sp)
core   0: 3 0x80004fa4 (0x0d111a03) x20 0x00004b48 mem 0x8002088e
core   0: 0x80004fa8 (0xf9910603) lb      a2, -103(sp)
core   0: 3 0x80004fa8 (0xf9910603) x12 0x00000061 mem 0x80020756
core   0: 0x80004fac (0x96682193) slti    gp, a6, -1690
core   0: 3 0x80004fac (0x96682193) x 3 0x00000001
core   0: 0x80004fb0 (0x0dc14c03) lbu     s8, 220(sp)
core   0: 3 0x80004fb0 (0x0dc14c03) x24 0x00000009 mem 0x80020899
core   0: 0x80004fb4 (0x0000100f) fence.i
core   0: 3 0x80004fb4 (0x0000100f)
core   0: 0x80004fb8 (0x00b48eb3) add     t4, s1, a1
core   0: 3 0x80004fb8 (0x00b48eb3) x29 0x0000e1d0
core   0: 0x80004fbc (0x01e10283) lb      t0, 30(sp)
core   0: 3 0x80004fbc (0x01e10283) x 5 0xfffffff5 mem 0x800207db
core   0: 0x80004fc0 (0xfa814d03) lbu     s10, -88(sp)
core   0: 3 0x80004fc0 (0xfa814d03) x26 0x0000006b mem 0x80020765
core   0: 0x80004fc4 (0x04014f03) lbu     t5, 64(sp)
core   0: 3 0x80004fc4 (0x04014f03) x30 0x0000009f mem 0x800207fd
core   0: 0x80004fc8 (0x400addb3) sra     s11, s5, zero
core   0: 3 0x80004fc8 (0x400addb3) x27 0xfffffec3
core   0: 0x80004fcc (0x006c0a33) add     s4, s8, t1
core   0: 3 0x80004fcc (0x006c0a33) x20 0x00000009
core   0: 0x80004fd0 (0x06511c83) lh      s9, 101(sp)
core   0: 3 0x80004fd0 (0x06511c83) x25 0x00005351 mem 0x80020822
core   0: 0x80004fd4 (0x012110a3) sh      s2, 1(sp)
core   0: 3 0x80004fd4 (0x012110a3) mem 0x800207be 0xffa1
core   0: 0x80004fd8 (0x01414503) lbu     a0, 20(sp)
core   0: 3 0x80004fd8 (0x01414503) x10 0x000000bf mem 0x800207d1
core   0: 0x80004fdc (0x01f8e0b3) or      ra, a7, t6
core   0: 3 0x80004fdc (0x01f8e0b3) x 1 0x8003fdec
core   0: 0x80004fe0 (0x01ef22b3) slt     t0, t5, t5
core   0: 3 0x80004fe0 (0x01ef22b3) x 5 0x00000000
core   0: 0x80004fe4 (0x01c10703) lb      a4, 28(sp)
core   0: 3 0x80004fe4 (0x01c10703) x14 0xffffffaf mem 0x800207d9
core   0: 0x80004fe8 (0x012bf1b3) and     gp, s7, s2
core   0: 3 0x80004fe8 (0x012bf1b3) x 3 0x00000001
core   0: 0x80004fec (0x477ae513) ori     a0, s5, 1143
core   0: 3 0x80004fec (0x477ae513) x10 0xfffffef7
core   0: 0x80004ff0 (0x03a10e23) sb      s10, 60(sp)
core   0: 3 0x80004ff0 (0x03a10e23) mem 0x800207f9 0x6b
core   0: 0x80004ff4 (0xf8111ea3) sh      ra, -99(sp)
core   0: 3 0x80004ff4 (0xf8111ea3) mem 0x8002075a 0xfdec
core   0: 0x80004ff8 (0x0e514a03) lbu     s4, 229(sp)
core   0: 3 0x80004ff8 (0x0e514a03) x20 0x00000071 mem 0x800208a2
core   0: 0x80004ffc (0x00431c93) slli    s9, t1, 4
core   0: 3 0x80004ffc (0x00431c93) x25 0x00000000
core   0: 0x80005000 (0xfd115603) lhu     a2, -47(sp)
core   0: 3 0x80005000 (0xfd115603) x12 0x0000dd94 mem 0x8002078e
core   0: 0x80005004 (0x4193dd33) sra     s10, t2, s9
core   0: 3 0x80005004 (0x4193dd33) x26 0x00000000
core   0: 0x80005008 (0x00310c23) sb      gp, 24(sp)
core   0: 3 0x80005008 (0x00310c23) mem 0x800207d5 0x1
core   0: 0x8000500c (0x00c985b3) add     a1, s3, a2
core   0: 3 0x8000500c (0x00c985b3) x11 0x028f2f50
core   0: 0x80005010 (0x01f38733) add     a4, t2, t6
core   0: 3 0x80005010 (0x01f38733) x14 0x8001392c
core   0: 0x80005014 (0x012156b3) srl     a3, sp, s2
core   0: 3 0x80005014 (0x012156b3) x13 0x400103de
core   0: 0x80005018 (0x0012a033) slt     zero, t0, ra
core   0: 3 0x80005018 (0x0012a033)
core   0: 0x8000501c (0xd3e5c713) xori    a4, a1, -706
core   0: 3 0x8000501c (0xd3e5c713) x14 0xfd70d26e
core   0: 0x80005020 (0xf9014183) lbu     gp, -112(sp)
core   0: 3 0x80005020 (0xf9014183) x 3 0x000000db mem 0x8002074d
core   0: 0x80005024 (0xe5d06717) auipc   a4, 0xe5d06
core   0: 3 0x80005024 (0xe5d06717) x14 0x65d0b024
core   0: 0x80005028 (0x01e10623) sb      t5, 12(sp)
core   0: 3 0x80005028 (0x01e10623) mem 0x800207c9 0x9f
core   0: 0x8000502c (0x0000e697) auipc   a3, 0xe
core   0: 3 0x8000502c (0x0000e697) x13 0x8001302c
core   0: 0x80005030 (0x74768693) addi    a3, a3, 1863
core   0: 3 0x80005030 (0x74768693) x13 0x80013773
core   0: 0x80005034 (0x0e96dc03) lhu     s8, 233(a3)
core   0: 3 0x80005034 (0x0e96dc03) x24 0x00000518 mem 0x8001385c
core   0: 0x80005038 (0x0ad3ae93) slti    t4, t2, 173
core   0: 3 0x80005038 (0x0ad3ae93) x29 0x00000001
core   0: 0x8000503c (0xcc220713) addi    a4, tp, -830
core   0: 3 0x8000503c (0xcc220713) x14 0xfffffd63
core   0: 0x80005040 (0x04d69283) lh      t0, 77(a3)
core   0: 3 0x80005040 (0x04d69283) x 5 0xffff9185 mem 0x800137c0
core   0: 0x80005044 (0xf4569903) lh      s2, -187(a3)
core   0: 3 0x80005044 (0xf4569903) x18 0xffffad00 mem 0x800136b8
core   0: 0x80005048 (0xfe76da83) lhu     s5, -25(a3)
core   0: 3 0x80005048 (0xfe76da83) x21 0x0000c54b mem 0x8001375a
core   0: 0x8000504c (0x0996c983) lbu     s3, 153(a3)
core   0: 3 0x8000504c (0x0996c983) x19 0x00000018 mem 0x8001380c
core   0: 0x80005050 (0xfbc6c203) lbu     tp, -68(a3)
core   0: 3 0x80005050 (0xfbc6c203) x 4 0x000000a8 mem 0x8001372f
core   0: 0x80005054 (0x00316133) or      sp, sp, gp
core   0: 3 0x80005054 (0x00316133) x 2 0x800207ff
core   0: 0x80005058 (0xf5e68c83) lb      s9, -162(a3)
core   0: 3 0x80005058 (0xf5e68c83) x25 0x00000034 mem 0x800136d1
core   0: 0x8000505c (0x0aa6aca3) sw      a0, 185(a3)
core   0: 3 0x8000505c (0x0aa6aca3) mem 0x8001382c 0xfffffef7
core   0: 0x80005060 (0x05a6cc83) lbu     s9, 90(a3)
core   0: 3 0x80005060 (0x05a6cc83) x25 0x00000000 mem 0x800137cd
core   0: 0x80005064 (0xfe668103) lb      sp, -26(a3)
core   0: 3 0x80005064 (0xfe668103) x 2 0x0000005d mem 0x80013759
core   0: 0x80005068 (0xf946ca03) lbu     s4, -108(a3)
core   0: 3 0x80005068 (0xf946ca03) x20 0x00000061 mem 0x80013707
core   0: 0x8000506c (0xf296aa83) lw      s5, -215(a3)
core   0: 3 0x8000506c (0xf296aa83) x21 0x378ee45a mem 0x8001369c
core   0: 0x80005070 (0xfdb68d83) lb      s11, -37(a3)
core   0: 3 0x80005070 (0xfdb68d83) x27 0xffffffbe mem 0x8001374e
core   0: 0x80005074 (0xf7f68923) sb      t6, -142(a3)
core   0: 3 0x80005074 (0xf7f68923) mem 0x800136e5 0x2c
core   0: 0x80005078 (0x01359a93) slli    s5, a1, 19
core   0: 3 0x80005078 (0x01359a93) x21 0x7a800000
core   0: 0x8000507c (0xdc204613) xori    a2, zero, -574
core   0: 3 0x8000507c (0xdc204613) x12 0xfffffdc2
core   0: 0x80005080 (0x00000013) nop
core   0: 3 0x80005080 (0x00000013)
core   0: 0x80005084 (0x0ba68003) lb      zero, 186(a3)
core   0: 3 0x80005084 (0x0ba68003) mem 0x8001382d
core   0: 0x80005088 (0xf4368123) sb      gp, -190(a3)
core   0: 3 0x80005088 (0xf4368123) mem 0x800136b5 0xdb
core   0: 0x8000508c (0xfab6db83) lhu     s7, -85(a3)
core   0: 3 0x8000508c (0xfab6db83) x23 0x00009431 mem 0x8001371e
core   0: 0x80005090 (0xfa56ca83) lbu     s5, -91(a3)
core   0: 3 0x80005090 (0xfa56ca83) x21 0x0000007c mem 0x80013718
core   0: 0x80005094 (0xf806c903) lbu     s2, -128(a3)
core   0: 3 0x80005094 (0xf806c903) x18 0x00000071 mem 0x800136f3
core   0: 0x80005098 (0xfff68223) sb      t6, -28(a3)
core   0: 3 0x80005098 (0xfff68223) mem 0x80013757 0x2c
core   0: 0x8000509c (0xff46cf83) lbu     t6, -12(a3)
core   0: 3 0x8000509c (0xff46cf83) x31 0x0000004c mem 0x80013767
core   0: 0x800050a0 (0x0a16da83) lhu     s5, 161(a3)
core   0: 3 0x800050a0 (0x0a16da83) x21 0x000013b0 mem 0x80013814
core   0: 0x800050a4 (0x06f6c403) lbu     s0, 111(a3)
core   0: 3 0x800050a4 (0x06f6c403) x 8 0x00000054 mem 0x800137e2
core   0: 0x800050a8 (0x0c369183) lh      gp, 195(a3)
core   0: 3 0x800050a8 (0x0c369183) x 3 0x000039cc mem 0x80013836
core   0: 0x800050ac (0xf0068423) sb      zero, -248(a3)
core   0: 3 0x800050ac (0xf0068423) mem 0x8001367b 0x0
core   0: 0x800050b0 (0x4180df33) sra     t5, ra, s8
core   0: 3 0x800050b0 (0x4180df33) x30 0xffffff80
core   0: 0x800050b4 (0x003b0033) add     zero, s6, gp
core   0: 3 0x800050b4 (0x003b0033)
core   0: 0x800050b8 (0xf61691a3) sh      ra, -157(a3)
core   0: 3 0x800050b8 (0xf61691a3) mem 0x800136d6 0xfdec
core   0: 0x800050bc (0x00b15033) srl     zero, sp, a1
core   0: 3 0x800050bc (0x00b15033)
core   0: 0x800050c0 (0xf58695a3) sh      s8, -181(a3)
core   0: 3 0x800050c0 (0xf58695a3) mem 0x800136be 0x0518
core   0: 0x800050c4 (0x011c5cb3) srl     s9, s8, a7
core   0: 3 0x800050c4 (0x011c5cb3) x25 0x00000051
core   0: 0x800050c8 (0xf536d303) lhu     t1, -173(a3)
core   0: 3 0x800050c8 (0xf536d303) x 6 0x00009fc4 mem 0x800136c6
core   0: 0x800050cc (0x0bc68b83) lb      s7, 188(a3)
core   0: 3 0x800050cc (0x0bc68b83) x23 0xffffffff mem 0x8001382f
core   0: 0x800050d0 (0xf7868723) sb      s8, -146(a3)
core   0: 3 0x800050d0 (0xf7868723) mem 0x800136e1 0x18
core   0: 0x800050d4 (0x00011297) auipc   t0, 0x11
core   0: 3 0x800050d4 (0x00011297) x 5 0x800160d4
core   0: 0x800050d8 (0x99b28293) addi    t0, t0, -1637
core   0: 3 0x800050d8 (0x99b28293) x 5 0x80015a6f
core   0: 0x800050dc (0x0b92c303) lbu     t1, 185(t0)
core   0: 3 0x800050dc (0x0b92c303) x 6 0x00000018 mem 0x80015b28
core   0: 0x800050e0 (0xf11a4c37) lui     s8, 0xf11a4
core   0: 3 0x800050e0 (0xf11a4c37) x24 0xf11a4000
core   0: 0x800050e4 (0x07628b83) lb      s7, 118(t0)
core   0: 3 0x800050e4 (0x07628b83) x23 0x00000006 mem 0x80015ae5
core   0: 0x800050e8 (0x001ca3b3) slt     t2, s9, ra
core   0: 3 0x800050e8 (0x001ca3b3) x 7 0x00000000
core   0: 0x800050ec (0x04c28503) lb      a0, 76(t0)
core   0: 3 0x800050ec (0x04c28503) x10 0x0000000c mem 0x80015abb
core   0: 0x800050f0 (0xccf27b13) andi    s6, tp, -817
core   0: 3 0x800050f0 (0xccf27b13) x22 0x00000088
core   0: 0x800050f4 (0xfe22cc83) lbu     s9, -30(t0)
core   0: 3 0x800050f4 (0xfe22cc83) x25 0x000000ce mem 0x80015a51
core   0: 0x800050f8 (0x07e2ca03) lbu     s4, 126(t0)
core   0: 3 0x800050f8 (0x07e2ca03) x20 0x00000060 mem 0x80015aed
core   0: 0x800050fc (0xf8528923) sb      t0, -110(t0)
core   0: 3 0x800050fc (0xf8528923) mem 0x80015a01 0x6f
core   0: 0x80005100 (0x01bee233) or      tp, t4, s11
core   0: 3 0x80005100 (0x01bee233) x 4 0xffffffbf
core   0: 0x80005104 (0xf452ce03) lbu     t3, -187(t0)
core   0: 3 0x80005104 (0xf452ce03) x28 0x0000002d mem 0x800159b4
core   0: 0x80005108 (0x0852df03) lhu     t5, 133(t0)
core   0: 3 0x80005108 (0x0852df03) x30 0x0000dd12 mem 0x80015af4
core   0: 0x8000510c (0xf3329583) lh      a1, -205(t0)
core   0: 3 0x8000510c (0xf3329583) x11 0x00003cb3 mem 0x800159a2
core   0: 0x80005110 (0x0b82c083) lbu     ra, 184(t0)
core   0: 3 0x80005110 (0x0b82c083) x 1 0x0000004b mem 0x80015b27
core   0: 0x80005114 (0x002cd913) srli    s2, s9, 2
core   0: 3 0x80005114 (0x002cd913) x18 0x00000033
core   0: 0x80005118 (0x014e6733) or      a4, t3, s4
core   0: 3 0x80005118 (0x014e6733) x14 0x0000006d
core   0: 0x8000511c (0x4010d513) srai    a0, ra, 1
core   0: 3 0x8000511c (0x4010d513) x10 0x00000025
core   0: 0x80005120 (0x0099b333) sltu    t1, s3, s1
core   0: 3 0x80005120 (0x0099b333) x 6 0x00000001
core   0: 0x80005124 (0x01028583) lb      a1, 16(t0)
core   0: 3 0x80005124 (0x01028583) x11 0x0000006c mem 0x80015a7f
core   0: 0x80005128 (0x019a4133) xor     sp, s4, s9
core   0: 3 0x80005128 (0x019a4133) x 2 0x000000ae
core   0: 0x8000512c (0x01c7c4b3) xor     s1, a5, t3
core   0: 3 0x8000512c (0x01c7c4b3) x 9 0x80028e79
core   0: 0x80005130 (0x00c9d113) srli    sp, s3, 12
core   0: 3 0x80005130 (0x00c9d113) x 2 0x00000000
core   0: 0x80005134 (0x0c02c683) lbu     a3, 192(t0)
core   0: 3 0x80005134 (0x0c02c683) x13 0x0000003e mem 0x80015b2f
core   0: 0x80005138 (0x08328023) sb      gp, 128(t0)
core   0: 3 0x80005138 (0x08328023) mem 0x80015aef 0xcc
core   0: 0x8000513c (0x01ae6533) or      a0, t3, s10
core   0: 3 0x8000513c (0x01ae6533) x10 0x0000002d
core   0: 0x80005140 (0x504f7c93) andi    s9, t5, 1284
core   0: 3 0x80005140 (0x504f7c93) x25 0x00000500
core   0: 0x80005144 (0x0702c003) lbu     zero, 112(t0)
core   0: 3 0x80005144 (0x0702c003) mem 0x80015adf
core   0: 0x80005148 (0x845bdc37) lui     s8, 0x845bd
core   0: 3 0x80005148 (0x845bdc37) x24 0x845bd000
core   0: 0x8000514c (0xdc6fa513) slti    a0, t6, -570
core   0: 3 0x8000514c (0xdc6fa513) x10 0x00000000
core   0: 0x80005150 (0x0158d5b3) srl     a1, a7, s5
core   0: 3 0x80005150 (0x0158d5b3) x11 0x00008002
core   0: 0x80005154 (0x41590333) sub     t1, s2, s5
core   0: 3 0x80005154 (0x41590333) x 6 0xffffec83
core   0: 0x80005158 (0xfeb2c003) lbu     zero, -21(t0)
core   0: 3 0x80005158 (0xfeb2c003) mem 0x80015a5a
core   0: 0x8000515c (0x0000f697) auipc   a3, 0xf
core   0: 3 0x8000515c (0x0000f697) x13 0x8001415c
core   0: 0x80005160 (0xa7568693) addi    a3, a3, -1419
core   0: 3 0x80005160 (0xa7568693) x13 0x80013bd1
core   0: 0x80005164 (0x0000e097) auipc   ra, 0xe
core   0: 3 0x80005164 (0x0000e097) x 1 0x80013164
core   0: 0x80005168 (0xf4008093) addi    ra, ra, -192
core   0: 3 0x80005168 (0xf4008093) x 1 0x800130a4
core   0: 0x8000516c (0x0000e717) auipc   a4, 0xe
core   0: 3 0x8000516c (0x0000e717) x14 0x8001316c
core   0: 0x80005170 (0x05970713) addi    a4, a4, 89
core   0: 3 0x80005170 (0x05970713) x14 0x800131c5
core   0: 0x80005174 (0x0000ea17) auipc   s4, 0xe
core   0: 3 0x80005174 (0x0000ea17) x20 0x80013174
core   0: 0x80005178 (0x506a0a13) addi    s4, s4, 1286
core   0: 3 0x80005178 (0x506a0a13) x20 0x8001367a
core   0: 0x8000517c (0x07308983) lb      s3, 115(ra)
core   0: 3 0x8000517c (0x07308983) x19 0x00000076 mem 0x80013117
core   0: 0x80005180 (0x08a70583) lb      a1, 138(a4)
core   0: 3 0x80005180 (0x08a70583) x11 0x0000000f mem 0x8001324f
core   0: 0x80005184 (0x0000f117) auipc   sp, 0xf
core   0: 3 0x80005184 (0x0000f117) x 2 0x80014184
core   0: 0x80005188 (0xc8210113) addi    sp, sp, -894
core   0: 3 0x80005188 (0xc8210113) x 2 0x80013e06
core   0: 0x8000518c (0x0f370623) sb      s3, 236(a4)
core   0: 3 0x8000518c (0x0f370623) mem 0x800132b1 0x76
core   0: 0x80005190 (0x00814903) lbu     s2, 8(sp)
core   0: 3 0x80005190 (0x00814903) x18 0x00000037 mem 0x80013e0e
core   0: 0x80005194 (0xfd274e83) lbu     t4, -46(a4)
core   0: 3 0x80005194 (0xfd274e83) x29 0x000000e6 mem 0x80013197
core   0: 0x80005198 (0xff914283) lbu     t0, -7(sp)
core   0: 3 0x80005198 (0xff914283) x 5 0x0000009d mem 0x80013dff
core   0: 0x8000519c (0x5f508523) sb      s5, 1514(ra)
core   0: 3 0x8000519c (0x5f508523) mem 0x8001368e 0xb0
core   0: 0x800051a0 (0xfdd69303) lh      t1, -35(a3)
core   0: 3 0x800051a0 (0xfdd69303) x 6 0xffffe084 mem 0x80013bae
core   0: 0x800051a4 (0xfd36d983) lhu     s3, -45(a3)
core   0: 3 0x800051a4 (0xfd36d983) x19 0x0000cf4a mem 0x80013ba4
core   0: 0x800051a8 (0xff668e03) lb      t3, -10(a3)
core   0: 3 0x800051a8 (0xff668e03) x28 0xffffffca mem 0x80013bc7
core   0: 0x800051ac (0x0f970d83) lb      s11, 249(a4)
core   0: 3 0x800051ac (0x0f970d83) x27 0xffffffff mem 0x800132be
core   0: 0x800051b0 (0x7b90c503) lbu     a0, 1977(ra)
core   0: 3 0x800051b0 (0x7b90c503) x10 0x00000005 mem 0x8001385d
core   0: 0x800051b4 (0x00aa09a3) sb      a0, 19(s4)
core   0: 3 0x800051b4 (0x00aa09a3) mem 0x8001368d 0x5
core   0: 0x800051b8 (0x454086a3) sb      s4, 1101(ra)
core   0: 3 0x800051b8 (0x454086a3) mem 0x800134f1 0x7a
core   0: 0x800051bc (0x04f08c03) lb      s8, 79(ra)
core   0: 3 0x800051bc (0x04f08c03) x24 0x00000060 mem 0x800130f3
core   0: 0x800051c0 (0xfc470123) sb      tp, -62(a4)
core   0: 3 0x800051c0 (0xfc470123) mem 0x80013187 0xbf
core   0: 0x800051c4 (0xfafa2523) sw      a5, -86(s4)
core   0: 3 0x800051c4 (0xfafa2523) mem 0x80013624 0x80028e54
core   0: 0x800051c8 (0x001a4483) lbu     s1, 1(s4)
core   0: 3 0x800051c8 (0x001a4483) x 9 0x00000000 mem 0x8001367b
core   0: 0x800051cc (0x00610503) lb      a0, 6(sp)
core   0: 3 0x800051cc (0x00610503) x10 0xffffff8e mem 0x80013e0c
core   0: 0x800051d0 (0xfdea2403) lw      s0, -34(s4)
core   0: 3 0x800051d0 (0xfdea2403) x 8 0x01806f60 mem 0x80013658
core   0: 0x800051d4 (0xf7371203) lh      tp, -141(a4)
core   0: 3 0x800051d4 (0xf7371203) x 4 0xffff8356 mem 0x80013138
core   0: 0x800051d8 (0x0f5682a3) sb      s5, 229(a3)
core   0: 3 0x800051d8 (0x0f5682a3) mem 0x80013cb6 0xb0
core   0: 0x800051dc (0x72f08aa3) sb      a5, 1845(ra)
core   0: 3 0x800051dc (0x72f08aa3) mem 0x800137d9 0x54
core   0: 0x800051e0 (0x02c68f83) lb      t6, 44(a3)
core   0: 3 0x800051e0 (0x02c68f83) x31 0xffffff82 mem 0x80013bfd
core   0: 0x800051e4 (0x02368583) lb      a1, 35(a3)
core   0: 3 0x800051e4 (0x02368583) x11 0xffffffed mem 0x80013bf4
core   0: 0x800051e8 (0xf6770f23) sb      t2, -130(a4)
core   0: 3 0x800051e8 (0xf6770f23) mem 0x80013143 0x0
core   0: 0x800051ec (0x2d609483) lh      s1, 726(ra)
core   0: 3 0x800051ec (0x2d609483) x 9 0xffffd2a7 mem 0x8001337a
core   0: 0x800051f0 (0x0466c283) lbu     t0, 70(a3)
core   0: 3 0x800051f0 (0x0466c283) x 5 0x000000dd mem 0x80013c17
core   0: 0x800051f4 (0xfeb68983) lb      s3, -21(a3)
core   0: 3 0x800051f4 (0xfeb68983) x19 0xffffffb2 mem 0x80013bbc
core   0: 0x800051f8 (0x63508c03) lb      s8, 1589(ra)
core   0: 3 0x800051f8 (0x63508c03) x24 0x00000042 mem 0x800136d9
core   0: 0x800051fc (0xfff14283) lbu     t0, -1(sp)
core   0: 3 0x800051fc (0xfff14283) x 5 0x000000d9 mem 0x80013e05
core   0: 0x80005200 (0x3b108183) lb      gp, 945(ra)
core   0: 3 0x80005200 (0x3b108183) x 3 0x00000071 mem 0x80013455
core   0: 0x80005204 (0xffd14583) lbu     a1, -3(sp)
core   0: 3 0x80005204 (0xffd14583) x11 0x00000028 mem 0x80013e03
core   0: 0x80005208 (0xf81a0483) lb      s1, -127(s4)
core   0: 3 0x80005208 (0xf81a0483) x 9 0x00000067 mem 0x800135fb
core   0: 0x8000520c (0x00914383) lbu     t2, 9(sp)
core   0: 3 0x8000520c (0x00914383) x 7 0x000000f6 mem 0x80013e0f
core   0: 0x80005210 (0xfa771203) lh      tp, -89(a4)
core   0: 3 0x80005210 (0xfa771203) x 4 0xfffff141 mem 0x8001316c
core   0: 0x80005214 (0x0a6a2c83) lw      s9, 166(s4)
core   0: 3 0x80005214 (0x0a6a2c83) x25 0x983b5c42 mem 0x80013720
core   0: 0x80005218 (0xf2274203) lbu     tp, -222(a4)
core   0: 3 0x80005218 (0xf2274203) x 4 0x000000e8 mem 0x800130e7
core   0: 0x8000521c (0x5480aa23) sw      s0, 1364(ra)
core   0: 3 0x8000521c (0x5480aa23) mem 0x800135f8 0x01806f60
core   0: 0x80005220 (0x00019f17) auipc   t5, 0x19
core   0: 3 0x80005220 (0x00019f17) x30 0x8001e220
core   0: 0x80005224 (0x440f0f13) addi    t5, t5, 1088
core   0: 3 0x80005224 (0x440f0f13) x30 0x8001e660
core   0: 0x80005228 (0x016f1d03) lh      s10, 22(t5)
core   0: 3 0x80005228 (0x016f1d03) x26 0xffffd251 mem 0x8001e676
core   0: 0x8000522c (0x016f0203) lb      tp, 22(t5)
core   0: 3 0x8000522c (0x016f0203) x 4 0x00000051 mem 0x8001e676
core   0: 0x80005230 (0xfc0f2003) lw      zero, -64(t5)
core   0: 3 0x80005230 (0xfc0f2003) mem 0x8001e620
core   0: 0x80005234 (0xfc0f4203) lbu     tp, -64(t5)
core   0: 3 0x80005234 (0xfc0f4203) x 4 0x000000e3 mem 0x8001e620
core   0: 0x80005238 (0x0000100f) fence.i
core   0: 3 0x80005238 (0x0000100f)
core   0: 0x8000523c (0xfe6f2e23) sw      t1, -4(t5)
core   0: 3 0x8000523c (0xfe6f2e23) mem 0x8001e65c 0xffffe084
core   0: 0x80005240 (0x0ff0000f) fence   iorw,iorw
core   0: 3 0x80005240 (0x0ff0000f)
core   0: 0x80005244 (0xfdaf02a3) sb      s10, -59(t5)
core   0: 3 0x80005244 (0xfdaf02a3) mem 0x8001e625 0x51
core   0: 0x80005248 (0xfeff4c83) lbu     s9, -17(t5)
core   0: 3 0x80005248 (0xfeff4c83) x25 0x0000002e mem 0x8001e64f
core   0: 0x8000524c (0x38cc6937) lui     s2, 0x38cc6
core   0: 3 0x8000524c (0x38cc6937) x18 0x38cc6000
core   0: 0x80005250 (0xfd8f1a03) lh      s4, -40(t5)
core   0: 3 0x80005250 (0xfd8f1a03) x20 0x0000024e mem 0x8001e638
core   0: 0x80005254 (0x035f0aa3) sb      s5, 53(t5)
core   0: 3 0x80005254 (0x035f0aa3) mem 0x8001e695 0xb0
core   0: 0x80005258 (0xffff0ba3) sb      t6, -9(t5)
core   0: 3 0x80005258 (0xffff0ba3) mem 0x8001e657 0x82
core   0: 0x8000525c (0xfd8f2023) sw      s8, -64(t5)
core   0: 3 0x8000525c (0xfd8f2023) mem 0x8001e620 0x00000042
core   0: 0x80005260 (0xfc0f5003) lhu     zero, -64(t5)
core   0: 3 0x80005260 (0xfc0f5003) mem 0x8001e620
core   0: 0x80005264 (0xfc0f1903) lh      s2, -64(t5)
core   0: 3 0x80005264 (0xfc0f1903) x18 0x00000042 mem 0x8001e620
core   0: 0x80005268 (0xff5f0683) lb      a3, -11(t5)
core   0: 3 0x80005268 (0xff5f0683) x13 0xffffffa8 mem 0x8001e655
core   0: 0x8000526c (0x41d4da13) srai    s4, s1, 29
core   0: 3 0x8000526c (0x41d4da13) x20 0x00000000
core   0: 0x80005270 (0x00ff0683) lb      a3, 15(t5)
core   0: 3 0x80005270 (0x00ff0683) x13 0xffffffbc mem 0x8001e66f
core   0: 0x80005274 (0x41685993) srai    s3, a6, 22
core   0: 3 0x80005274 (0x41685993) x19 0xfffffe00
core   0: 0x80005278 (0x001f07a3) sb      ra, 15(t5)
core   0: 3 0x80005278 (0x001f07a3) mem 0x8001e66f 0xa4
core   0: 0x8000527c (0x02af1823) sh      a0, 48(t5)
core   0: 3 0x8000527c (0x02af1823) mem 0x8001e690 0xff8e
core   0: 0x80005280 (0x032f1823) sh      s2, 48(t5)
core   0: 3 0x80005280 (0x032f1823) mem 0x8001e690 0x0042
core   0: 0x80005284 (0x02df2823) sw      a3, 48(t5)
core   0: 3 0x80005284 (0x02df2823) mem 0x8001e690 0xffffffbc
core   0: 0x80005288 (0x00013e97) auipc   t4, 0x13
core   0: 3 0x80005288 (0x00013e97) x29 0x80018288
core   0: 0x8000528c (0x20ee8e93) addi    t4, t4, 526
core   0: 3 0x8000528c (0x20ee8e93) x29 0x80018496
core   0: 0x80005290 (0x8f2e8703) lb      a4, -1806(t4)
core   0: 3 0x80005290 (0x8f2e8703) x14 0x00000018 mem 0x80017d88
core   0: 0x80005294 (0x8f2ea083) lw      ra, -1806(t4)
core   0: 3 0x80005294 (0x8f2ea083) x 1 0x4cf13118 mem 0x80017d88
core   0: 0x80005298 (0x00f21613) slli    a2, tp, 15
core   0: 3 0x80005298 (0x00f21613) x12 0x00718000
core   0: 0x8000529c (0x9fa2a697) auipc   a3, 0x9fa2a
core   0: 3 0x8000529c (0x9fa2a697) x13 0x1fa2f29c
core   0: 0x800052a0 (0x8f2e8003) lb      zero, -1806(t4)
core   0: 3 0x800052a0 (0x8f2e8003) mem 0x80017d88
core   0: 0x800052a4 (0x41aad333) sra     t1, s5, s10
core   0: 3 0x800052a4 (0x41aad333) x 6 0x00000000
core   0: 0x800052a8 (0x8f1e9923) sh      a7, -1806(t4)
core   0: 3 0x800052a8 (0x8f1e9923) mem 0x80017d88 0xcce4
core   0: 0x800052ac (0x038ed103) lhu     sp, 56(t4)
core   0: 3 0x800052ac (0x038ed103) x 2 0x0000c5fc mem 0x800184ce
core   0: 0x800052b0 (0x036e8c23) sb      s6, 56(t4)
core   0: 3 0x800052b0 (0x036e8c23) mem 0x800184ce 0x88
core   0: 0x800052b4 (0xae7ee513) ori     a0, t4, -1305
core   0: 3 0x800052b4 (0xae7ee513) x10 0xfffffef7
core   0: 0x800052b8 (0xea680a13) addi    s4, a6, -346
core   0: 3 0x800052b8 (0xea680a13) x20 0x7ffffea6
core   0: 0x800052bc (0xebae9d23) sh      s10, -326(t4)
core   0: 3 0x800052bc (0xebae9d23) mem 0x80018350 0xd251
core   0: 0x800052c0 (0xebae8c03) lb      s8, -326(t4)
core   0: 3 0x800052c0 (0xebae8c03) x24 0x00000051 mem 0x80018350
core   0: 0x800052c4 (0xea3e8d23) sb      gp, -326(t4)
core   0: 3 0x800052c4 (0xea3e8d23) mem 0x80018350 0x71
core   0: 0x800052c8 (0x016b1933) sll     s2, s6, s6
core   0: 3 0x800052c8 (0x016b1933) x18 0x00008800
core   0: 0x800052cc (0x636ec903) lbu     s2, 1590(t4)
core   0: 3 0x800052cc (0x636ec903) x18 0x0000000e mem 0x80018acc
core   0: 0x800052d0 (0x636e9203) lh      tp, 1590(t4)
core   0: 3 0x800052d0 (0x636e9203) x 4 0xffffb90e mem 0x80018acc
core   0: 0x800052d4 (0x638e8b23) sb      s8, 1590(t4)
core   0: 3 0x800052d4 (0x638e8b23) mem 0x80018acc 0x51
core   0: 0x800052d8 (0x0000fb97) auipc   s7, 0xf
core   0: 3 0x800052d8 (0x0000fb97) x23 0x800142d8
core   0: 0x800052dc (0xab2b8b93) addi    s7, s7, -1358
core   0: 3 0x800052dc (0xab2b8b93) x23 0x80013d8a
core   0: 0x800052e0 (0x01ab81a3) sb      s10, 3(s7)
core   0: 3 0x800052e0 (0x01ab81a3) mem 0x80013d8d 0x51
core   0: 0x800052e4 (0x0000ea97) auipc   s5, 0xe
core   0: 3 0x800052e4 (0x0000ea97) x21 0x800132e4
core   0: 0x800052e8 (0x003a8a93) addi    s5, s5, 3
core   0: 3 0x800052e8 (0x003a8a93) x21 0x800132e7
core   0: 0x800052ec (0x0000f617) auipc   a2, 0xf
core   0: 3 0x800052ec (0x0000f617) x12 0x800142ec
core   0: 0x800052f0 (0xa7f60613) addi    a2, a2, -1409
core   0: 3 0x800052f0 (0xa7f60613) x12 0x80013d6b
core   0: 0x800052f4 (0x1c8ace83) lbu     t4, 456(s5)
core   0: 3 0x800052f4 (0x1c8ace83) x29 0x00000047 mem 0x800134af
core   0: 0x800052f8 (0x0000ec97) auipc   s9, 0xe
core   0: 3 0x800052f8 (0x0000ec97) x25 0x800132f8
core   0: 0x800052fc (0x3c9c8c93) addi    s9, s9, 969
core   0: 3 0x800052fc (0x3c9c8c93) x25 0x800136c1
core   0: 0x80005300 (0x3fcac983) lbu     s3, 1020(s5)
core   0: 3 0x80005300 (0x3fcac983) x19 0x000000de mem 0x800136e3
core   0: 0x80005304 (0xffeb8da3) sb      t5, -5(s7)
core   0: 3 0x80005304 (0xffeb8da3) mem 0x80013d85 0x60
core   0: 0x80005308 (0xbbdc9583) lh      a1, -1091(s9)
core   0: 3 0x80005308 (0xbbdc9583) x11 0x00002fbe mem 0x8001327e
core   0: 0x8000530c (0xec4ccf83) lbu     t6, -316(s9)
core   0: 3 0x8000530c (0xec4ccf83) x31 0x0000002d mem 0x80013585
core   0: 0x80005310 (0xf9ca8d23) sb      t3, -102(s5)
core   0: 3 0x80005310 (0xf9ca8d23) mem 0x80013281 0xca
core   0: 0x80005314 (0x5b4ac483) lbu     s1, 1460(s5)
core   0: 3 0x80005314 (0x5b4ac483) x 9 0x00000097 mem 0x8001389b
core   0: 0x80005318 (0x12d65703) lhu     a4, 301(a2)
core   0: 3 0x80005318 (0x12d65703) x14 0x000025cd mem 0x80013e98
core   0: 0x8000531c (0x00fb82a3) sb      a5, 5(s7)
core   0: 3 0x8000531c (0x00fb82a3) mem 0x80013d8f 0x54
core   0: 0x80005320 (0x643a8223) sb      gp, 1604(s5)
core   0: 3 0x80005320 (0x643a8223) mem 0x8001392b 0x71
core   0: 0x80005324 (0xa3ac8623) sb      s10, -1492(s9)
core   0: 3 0x80005324 (0xa3ac8623) mem 0x800130ed 0x51
core   0: 0x80005328 (0x1ea64303) lbu     t1, 490(a2)
core   0: 3 0x80005328 (0x1ea64303) x 6 0x000000ed mem 0x80013f55
core   0: 0x8000532c (0x4c6a8003) lb      zero, 1222(s5)
core   0: 3 0x8000532c (0x4c6a8003) mem 0x800137ad
core   0: 0x80005330 (0xd0764b03) lbu     s6, -761(a2)
core   0: 3 0x80005330 (0xd0764b03) x22 0x0000007a mem 0x80013a72
core   0: 0x80005334 (0xffcbc483) lbu     s1, -4(s7)
core   0: 3 0x80005334 (0xffcbc483) x 9 0x00000063 mem 0x80013d86
core   0: 0x80005338 (0xff7bc283) lbu     t0, -9(s7)
core   0: 3 0x80005338 (0xff7bc283) x 5 0x0000008f mem 0x80013d81
core   0: 0x8000533c (0x427a8c23) sb      t2, 1080(s5)
core   0: 3 0x8000533c (0x427a8c23) mem 0x8001371f 0xf6
core   0: 0x80005340 (0xff3bc383) lbu     t2, -13(s7)
core   0: 3 0x80005340 (0xff3bc383) x 7 0x0000007e mem 0x80013d7d
core   0: 0x80005344 (0x469a9203) lh      tp, 1129(s5)
core   0: 3 0x80005344 (0x469a9203) x 4 0xffffbb5e mem 0x80013750
core   0: 0x80005348 (0xffbb9823) sh      s11, -16(s7)
core   0: 3 0x80005348 (0xffbb9823) mem 0x80013d7a 0xffff
core   0: 0x8000534c (0xb4b65e83) lhu     t4, -1205(a2)
core   0: 3 0x8000534c (0xb4b65e83) x29 0x00002d58 mem 0x800138b6
core   0: 0x80005350 (0x5a2c8c03) lb      s8, 1442(s9)
core   0: 3 0x80005350 (0x5a2c8c03) x24 0xffffffbd mem 0x80013c63
core   0: 0x80005354 (0x004b8683) lb      a3, 4(s7)
core   0: 3 0x80005354 (0x004b8683) x13 0xffffffda mem 0x80013d8e
core   0: 0x80005358 (0xb45600a3) sb      t0, -1215(a2)
core   0: 3 0x80005358 (0xb45600a3) mem 0x800138ac 0x8f
core   0: 0x8000535c (0x7e9c9003) lh      zero, 2025(s9)
core   0: 3 0x8000535c (0x7e9c9003) mem 0x80013eaa
core   0: 0x80005360 (0x21d61003) lh      zero, 541(a2)
core   0: 3 0x80005360 (0x21d61003) mem 0x80013f88
core   0: 0x80005364 (0xe68ac003) lbu     zero, -408(s5)
core   0: 3 0x80005364 (0xe68ac003) mem 0x8001314f
core   0: 0x80005368 (0x00c009ef) jal     s3, pc + 0xc
core   0: 3 0x80005368 (0x00c009ef) x19 0x8000536c
core   0: 0x80005374 (0x050000ef) jal     pc + 0x50
core   0: 3 0x80005374 (0x050000ef) x 1 0x80005378
core   0: 0x800053c4 (0xfe5ff0ef) jal     pc - 0x1c
core   0: 3 0x800053c4 (0xfe5ff0ef) x 1 0x800053c8
core   0: 0x800053a8 (0xfd1ff0ef) jal     pc - 0x30
core   0: 3 0x800053a8 (0xfd1ff0ef) x 1 0x800053ac
core   0: 0x80005378 (0x0200036f) jal     t1, pc + 0x20
core   0: 3 0x80005378 (0x0200036f) x 6 0x8000537c
core   0: 0x80005398 (0x0200036f) jal     t1, pc + 0x20
core   0: 3 0x80005398 (0x0200036f) x 6 0x8000539c
core   0: 0x800053b8 (0xfc5ff0ef) jal     pc - 0x3c
core   0: 3 0x800053b8 (0xfc5ff0ef) x 1 0x800053bc
core   0: 0x8000537c (0x014004ef) jal     s1, pc + 0x14
core   0: 3 0x8000537c (0x014004ef) x 9 0x80005380
core   0: 0x80005390 (0x014000ef) jal     pc + 0x14
core   0: 3 0x80005390 (0x014000ef) x 1 0x80005394
core   0: 0x800053a4 (0x0080036f) jal     t1, pc + 0x8
core   0: 3 0x800053a4 (0x0080036f) x 6 0x800053a8
core   0: 0x800053ac (0xff5ff36f) jal     t1, pc - 0xc
core   0: 3 0x800053ac (0xff5ff36f) x 6 0x800053b0
core   0: 0x800053a0 (0xfcdff0ef) jal     pc - 0x34
core   0: 3 0x800053a0 (0xfcdff0ef) x 1 0x800053a4
core   0: 0x8000536c (0x0500036f) jal     t1, pc + 0x50
core   0: 3 0x8000536c (0x0500036f) x 6 0x80005370
core   0: 0x800053bc (0xfb5ff5ef) jal     a1, pc - 0x4c
core   0: 3 0x800053bc (0xfb5ff5ef) x11 0x800053c0
core   0: 0x80005370 (0x01000def) jal     s11, pc + 0x10
core   0: 3 0x80005370 (0x01000def) x27 0x80005374
core   0: 0x80005380 (0x0340036f) jal     t1, pc + 0x34
core   0: 3 0x80005380 (0x0340036f) x 6 0x80005384
core   0: 0x800053b4 (0xfd1ff5ef) jal     a1, pc - 0x30
core   0: 3 0x800053b4 (0xfd1ff5ef) x11 0x800053b8
core   0: 0x80005384 (0x0100066f) jal     a2, pc + 0x10
core   0: 3 0x80005384 (0x0100066f) x12 0x80005388
core   0: 0x80005394 (0x01c00c6f) jal     s8, pc + 0x1c
core   0: 3 0x80005394 (0x01c00c6f) x24 0x80005398
core   0: 0x800053b0 (0xfddff96f) jal     s2, pc - 0x24
core   0: 3 0x800053b0 (0xfddff96f) x18 0x800053b4
core   0: 0x8000538c (0x010002ef) jal     t0, pc + 0x10
core   0: 3 0x8000538c (0x010002ef) x 5 0x80005390
core   0: 0x8000539c (0xfedff0ef) jal     pc - 0x14
core   0: 3 0x8000539c (0xfedff0ef) x 1 0x800053a0
core   0: 0x80005388 (0x040000ef) jal     pc + 0x40
core   0: 3 0x80005388 (0x040000ef) x 1 0x8000538c
core   0: 0x800053c8 (0xff9ff0ef) jal     pc - 0x8
core   0: 3 0x800053c8 (0xff9ff0ef) x 1 0x800053cc
core   0: 0x800053c0 (0x00c00e6f) jal     t3, pc + 0xc
core   0: 3 0x800053c0 (0x00c00e6f) x28 0x800053c4
core   0: 0x800053cc (0x1054a197) auipc   gp, 0x1054a
core   0: 3 0x800053cc (0x1054a197) x 3 0x9054f3cc
core   0: 0x800053d0 (0x0000f117) auipc   sp, 0xf
core   0: 3 0x800053d0 (0x0000f117) x 2 0x800143d0
core   0: 0x800053d4 (0x97510113) addi    sp, sp, -1675
core   0: 3 0x800053d4 (0x97510113) x 2 0x80013d45
core   0: 0x800053d8 (0x0000ee97) auipc   t4, 0xe
core   0: 3 0x800053d8 (0x0000ee97) x29 0x800133d8
core   0: 0x800053dc (0x0b7e8e93) addi    t4, t4, 183
core   0: 3 0x800053dc (0x0b7e8e93) x29 0x8001348f
core   0: 0x800053e0 (0x016e8723) sb      s6, 14(t4)
core   0: 3 0x800053e0 (0x016e8723) mem 0x8001349d 0x7a
core   0: 0x800053e4 (0x06f14d83) lbu     s11, 111(sp)
core   0: 3 0x800053e4 (0x06f14d83) x27 0x000000e3 mem 0x80013db4
core   0: 0x800053e8 (0xff5ec303) lbu     t1, -11(t4)
core   0: 3 0x800053e8 (0xff5ec303) x 6 0x00000021 mem 0x80013484
core   0: 0x800053ec (0xf7b111a3) sh      s11, -157(sp)
core   0: 3 0x800053ec (0xf7b111a3) mem 0x80013ca8 0x00e3
core   0: 0x800053f0 (0x0000f697) auipc   a3, 0xf
core   0: 3 0x800053f0 (0x0000f697) x13 0x800143f0
core   0: 0x800053f4 (0xbf168693) addi    a3, a3, -1039
core   0: 3 0x800053f4 (0xbf168693) x13 0x80013fe1
core   0: 0x800053f8 (0xfea69ca3) sh      a0, -7(a3)
core   0: 3 0x800053f8 (0xfea69ca3) mem 0x80013fda 0xfef7
core   0: 0x800053fc (0x04614c83) lbu     s9, 70(sp)
core   0: 3 0x800053fc (0x04614c83) x25 0x00000067 mem 0x80013d8b
core   0: 0x80005400 (0x012ea2a3) sw      s2, 5(t4)
core   0: 3 0x80005400 (0x012ea2a3) mem 0x80013494 0x800053b4
core   0: 0x80005404 (0x002ec703) lbu     a4, 2(t4)
core   0: 3 0x80005404 (0x002ec703) x14 0x00000040 mem 0x80013491
core   0: 0x80005408 (0xff36dd83) lhu     s11, -13(a3)
core   0: 3 0x80005408 (0xff36dd83) x27 0x0000be97 mem 0x80013fd4
core   0: 0x8000540c (0xffde9ba3) sh      t4, -9(t4)
core   0: 3 0x8000540c (0xffde9ba3) mem 0x80013486 0x348f
core   0: 0x80005410 (0xf2b14603) lbu     a2, -213(sp)
core   0: 3 0x80005410 (0xf2b14603) x12 0x0000002c mem 0x80013c70
core   0: 0x80005414 (0xfeee8d23) sb      a4, -6(t4)
core   0: 3 0x80005414 (0xfeee8d23) mem 0x80013489 0x40
core   0: 0x80005418 (0x02f6dd03) lhu     s10, 47(a3)
core   0: 3 0x80005418 (0x02f6dd03) x26 0x00001e00 mem 0x80014010
core   0: 0x8000541c (0xff3e8603) lb      a2, -13(t4)
core   0: 3 0x8000541c (0xff3e8603) x12 0xffffffae mem 0x80013482
core   0: 0x80005420 (0xff4ec003) lbu     zero, -12(t4)
core   0: 3 0x80005420 (0xff4ec003) mem 0x80013483
core   0: 0x80005424 (0x00ae91a3) sh      a0, 3(t4)
core   0: 3 0x80005424 (0x00ae91a3) mem 0x80013492 0xfef7
core   0: 0x80005428 (0xf1d11fa3) sh      t4, -225(sp)
core   0: 3 0x80005428 (0xf1d11fa3) mem 0x80013c64 0x348f
core   0: 0x8000542c (0x0316ca03) lbu     s4, 49(a3)
core   0: 3 0x8000542c (0x0316ca03) x20 0x0000000e mem 0x80014012
core   0: 0x80005430 (0xfe3e8823) sb      gp, -16(t4)
core   0: 3 0x80005430 (0xfe3e8823) mem 0x8001347f 0xcc
core   0: 0x80005434 (0xfc268ea3) sb      sp, -35(a3)
core   0: 3 0x80005434 (0xfc268ea3) mem 0x80013fbe 0x45
core   0: 0x80005438 (0x00d6d403) lhu     s0, 13(a3)
core   0: 3 0x80005438 (0x00d6d403) x 8 0x0000cf3e mem 0x80013fee
core   0: 0x8000543c (0xfee69aa3) sh      a4, -11(a3)
core   0: 3 0x8000543c (0xfee69aa3) mem 0x80013fd6 0x0040
core   0: 0x80005440 (0x0000f117) auipc   sp, 0xf
core   0: 3 0x80005440 (0x0000f117) x 2 0x80014440
core   0: 0x80005444 (0xbab10113) addi    sp, sp, -1109
core   0: 3 0x80005444 (0xbab10113) x 2 0x80013feb
core   0: 0x80005448 (0x69616513) ori     a0, sp, 1686
core   0: 3 0x80005448 (0x69616513) x10 0x80013fff
core   0: 0x8000544c (0x02410483) lb      s1, 36(sp)
core   0: 3 0x8000544c (0x02410483) x 9 0xffffffa7 mem 0x8001400f
core   0: 0x80005450 (0x00712d33) slt     s10, sp, t2
core   0: 3 0x80005450 (0x00712d33) x26 0x00000001
core   0: 0x80005454 (0x001c1d33) sll     s10, s8, ra
core   0: 3 0x80005454 (0x001c1d33) x26 0x05398000
core   0: 0x80005458 (0x00245333) srl     t1, s0, sp
core   0: 3 0x80005458 (0x00245333) x 6 0x00000019
core   0: 0x8000545c (0x0000100f) fence.i
core   0: 3 0x8000545c (0x0000100f)
core   0: 0x80005460 (0xfb711c03) lh      s8, -73(sp)
core   0: 3 0x80005460 (0xfb711c03) x24 0xffffb5e7 mem 0x80013fa2
core   0: 0x80005464 (0x3f387b13) andi    s6, a6, 1011
core   0: 3 0x80005464 (0x3f387b13) x22 0x00000000
core   0: 0x80005468 (0x0000100f) fence.i
core   0: 3 0x80005468 (0x0000100f)
core   0: 0x8000546c (0xf0210f83) lb      t6, -254(sp)
core   0: 3 0x8000546c (0xf0210f83) x31 0xffffffba mem 0x80013eed
core   0: 0x80005470 (0x01e10ea3) sb      t5, 29(sp)
core   0: 3 0x80005470 (0x01e10ea3) mem 0x80014008 0x60
core   0: 0x80005474 (0x01686cb3) or      s9, a6, s6
core   0: 3 0x80005474 (0x01686cb3) x25 0x80000000
core   0: 0x80005478 (0xf4b10423) sb      a1, -184(sp)
core   0: 3 0x80005478 (0xf4b10423) mem 0x80013f33 0xb8
core   0: 0x8000547c (0xf0414283) lbu     t0, -252(sp)
core   0: 3 0x8000547c (0xf0414283) x 5 0x000000a9 mem 0x80013eef
core   0: 0x80005480 (0x40805533) sra     a0, zero, s0
core   0: 3 0x80005480 (0x40805533) x10 0x00000000
core   0: 0x80005484 (0xfc410d03) lb      s10, -60(sp)
core   0: 3 0x80005484 (0xfc410d03) x26 0xffffffc0 mem 0x80013faf
core   0: 0x80005488 (0xf0d101a3) sb      a3, -253(sp)
core   0: 3 0x80005488 (0xf0d101a3) mem 0x80013eee 0xe1
core   0: 0x8000548c (0x01cadcb3) srl     s9, s5, t3
core   0: 3 0x8000548c (0x01cadcb3) x25 0x0800132e
core   0: 0x80005490 (0xe130e213) ori     tp, ra, -493
core   0: 3 0x80005490 (0xe130e213) x 4 0xffffffdf
core   0: 0x80005494 (0x0ff0000f) fence   iorw,iorw
core   0: 3 0x80005494 (0x0ff0000f)
core   0: 0x80005498 (0x40ef03b3) sub     t2, t5, a4
core   0: 3 0x80005498 (0x40ef03b3) x 7 0x8001e620
core   0: 0x8000549c (0x00010c03) lb      s8, 0(sp)
core   0: 3 0x8000549c (0x00010c03) x24 0xffffffc0 mem 0x80013feb
core   0: 0x800054a0 (0x00775c13) srli    s8, a4, 7
core   0: 3 0x800054a0 (0x00775c13) x24 0x00000000
core   0: 0x800054a4 (0xf6512383) lw      t2, -155(sp)
core   0: 3 0x800054a4 (0xf6512383) x 7 0xd83dc7ea mem 0x80013f50
core   0: 0x800054a8 (0x00210523) sb      sp, 10(sp)
core   0: 3 0x800054a8 (0x00210523) mem 0x80013ff5 0xeb
core   0: 0x800054ac (0x01e70d33) add     s10, a4, t5
core   0: 3 0x800054ac (0x01e70d33) x26 0x8001e6a0
core   0: 0x800054b0 (0x01414c03) lbu     s8, 20(sp)
core   0: 3 0x800054b0 (0x01414c03) x24 0x000000e6 mem 0x80013fff
core   0: 0x800054b4 (0x780b2393) slti    t2, s6, 1920
core   0: 3 0x800054b4 (0x780b2393) x 7 0x00000001
core   0: 0x800054b8 (0xf5310623) sb      s3, -180(sp)
core   0: 3 0x800054b8 (0xf5310623) mem 0x80013f37 0x6c
core   0: 0x800054bc (0x00000013) nop
core   0: 3 0x800054bc (0x00000013)
core   0: 0x800054c0 (0x00fe3bb3) sltu    s7, t3, a5
core   0: 3 0x800054c0 (0x00fe3bb3) x23 0x00000001
core   0: 0x800054c4 (0xff110703) lb      a4, -15(sp)
core   0: 3 0x800054c4 (0xff110703) x14 0xffffffaf mem 0x80013fdc
core   0: 0x800054c8 (0xa198b617) auipc   a2, 0xa198b
core   0: 3 0x800054c8 (0xa198b617) x12 0x219904c8
core   0: 0x800054cc (0xf5e14003) lbu     zero, -162(sp)
core   0: 3 0x800054cc (0xf5e14003) mem 0x80013f49
core   0: 0x800054d0 (0x01310823) sb      s3, 16(sp)
core   0: 3 0x800054d0 (0x01310823) mem 0x80013ffb 0x6c
core   0: 0x800054d4 (0x00010117) auipc   sp, 0x10
core   0: 3 0x800054d4 (0x00010117) x 2 0x800154d4
core   0: 0x800054d8 (0xaa810113) addi    sp, sp, -1368
core   0: 3 0x800054d8 (0xaa810113) x 2 0x80014f7c
core   0: 0x800054dc (0x005eb033) sltu    zero, t4, t0
core   0: 3 0x800054dc (0x005eb033)
core   0: 0x800054e0 (0x01f100a3) sb      t6, 1(sp)
core   0: 3 0x800054e0 (0x01f100a3) mem 0x80014f7d 0xba
core   0: 0x800054e4 (0x01f52fb3) slt     t6, a0, t6
core   0: 3 0x800054e4 (0x01f52fb3) x31 0x00000000
core   0: 0x800054e8 (0x01f02bb3) slt     s7, zero, t6
core   0: 3 0x800054e8 (0x01f02bb3) x23 0x00000000
core   0: 0x800054ec (0xfe510e23) sb      t0, -4(sp)
core   0: 3 0x800054ec (0xfe510e23) mem 0x80014f78 0xa9
core   0: 0x800054f0 (0x00000013) nop
core   0: 3 0x800054f0 (0x00000013)
core   0: 0x800054f4 (0x41f55013) srai    zero, a0, 31
core   0: 3 0x800054f4 (0x41f55013)
core   0: 0x800054f8 (0x79053513) sltiu   a0, a0, 1936
core   0: 3 0x800054f8 (0x79053513) x10 0x00000001
core   0: 0x800054fc (0x00a11023) sh      a0, 0(sp)
core   0: 3 0x800054fc (0x00a11023) mem 0x80014f7c 0x0001
core   0: 0x80005500 (0xa5c2e013) ori     zero, t0, -1444
core   0: 3 0x80005500 (0xa5c2e013)
core   0: 0x80005504 (0x928be513) ori     a0, s7, -1752
core   0: 3 0x80005504 (0x928be513) x10 0xfffff928
core   0: 0x80005508 (0xff412003) lw      zero, -12(sp)
core   0: 3 0x80005508 (0xff412003) mem 0x80014f70
core   0: 0x8000550c (0x00abf533) and     a0, s7, a0
core   0: 3 0x8000550c (0x00abf533) x10 0x00000000
core   0: 0x80005510 (0x00015e83) lhu     t4, 0(sp)
core   0: 3 0x80005510 (0x00015e83) x29 0x00000001 mem 0x80014f7c
core   0: 0x80005514 (0x77328e93) addi    t4, t0, 1907
core   0: 3 0x80005514 (0x77328e93) x29 0x0000081c
core   0: 0x80005518 (0x015bd013) srli    zero, s7, 21
core   0: 3 0x80005518 (0x015bd013)
core   0: 0x8000551c (0xf79be013) ori     zero, s7, -135
core   0: 3 0x8000551c (0xf79be013)
core   0: 0x80005520 (0x01011e83) lh      t4, 16(sp)
core   0: 3 0x80005520 (0x01011e83) x29 0xffffcb18 mem 0x80014f8c
core   0: 0x80005524 (0xfe010aa3) sb      zero, -11(sp)
core   0: 3 0x80005524 (0xfe010aa3) mem 0x80014f71 0x0
core   0: 0x80005528 (0xfea11e23) sh      a0, -4(sp)
core   0: 3 0x80005528 (0xfea11e23) mem 0x80014f78 0x0000
core   0: 0x8000552c (0x0002b2b3) sltu    t0, t0, zero
core   0: 3 0x8000552c (0x0002b2b3) x 5 0x00000000
core   0: 0x80005530 (0x82852b93) slti    s7, a0, -2008
core   0: 3 0x80005530 (0x82852b93) x23 0x00000000
core   0: 0x80005534 (0x017104a3) sb      s7, 9(sp)
core   0: 3 0x80005534 (0x017104a3) mem 0x80014f85 0x0
core   0: 0x80005538 (0xff810e83) lb      t4, -8(sp)
core   0: 3 0x80005538 (0xff810e83) x29 0x0000000a mem 0x80014f74
core   0: 0x8000553c (0x400f8533) sub     a0, t6, zero
core   0: 3 0x8000553c (0x400f8533) x10 0x00000000
core   0: 0x80005540 (0x01db8033) add     zero, s7, t4
core   0: 3 0x80005540 (0x01db8033)
core   0: 0x80005544 (0x005032b3) snez    t0, t0
core   0: 3 0x80005544 (0x005032b3) x 5 0x00000000
core   0: 0x80005548 (0xfe510ca3) sb      t0, -7(sp)
core   0: 3 0x80005548 (0xfe510ca3) mem 0x80014f75 0x0
core   0: 0x8000554c (0x00057bb3) and     s7, a0, zero
core   0: 3 0x8000554c (0x00057bb3) x23 0x00000000
core   0: 0x80005550 (0x0ff0000f) fence   iorw,iorw
core   0: 3 0x80005550 (0x0ff0000f)
core   0: 0x80005554 (0x00055533) srl     a0, a0, zero
core   0: 3 0x80005554 (0x00055533) x10 0x00000000
core   0: 0x80005558 (0x00001033) sll     zero, zero, zero
core   0: 3 0x80005558 (0x00001033)
core   0: 0x8000555c (0x00a04533) xor     a0, zero, a0
core   0: 3 0x8000555c (0x00a04533) x10 0x00000000
core   0: 0x80005560 (0x40a28bb3) sub     s7, t0, a0
core   0: 3 0x80005560 (0x40a28bb3) x23 0x00000000
core   0: 0x80005564 (0xfe0108a3) sb      zero, -15(sp)
core   0: 3 0x80005564 (0xfe0108a3) mem 0x80014f6d 0x0
core   0: 0x80005568 (0x00011e97) auipc   t4, 0x11
core   0: 3 0x80005568 (0x00011e97) x29 0x80016568
core   0: 0x8000556c (0x066e8e93) addi    t4, t4, 102
core   0: 3 0x8000556c (0x066e8e93) x29 0x800165ce
core   0: 0x80005570 (0x0000ef97) auipc   t6, 0xe
core   0: 3 0x80005570 (0x0000ef97) x31 0x80013570
core   0: 0x80005574 (0xcadf8f93) addi    t6, t6, -851
core   0: 3 0x80005574 (0xcadf8f93) x31 0x8001321d
core   0: 0x80005578 (0x0b0f8703) lb      a4, 176(t6)
core   0: 3 0x80005578 (0x0b0f8703) x14 0xffffffce mem 0x800132cd
core   0: 0x8000557c (0x0b4ec603) lbu     a2, 180(t4)
core   0: 3 0x8000557c (0x0b4ec603) x12 0x0000009a mem 0x80016682
core   0: 0x80005580 (0xe1fec083) lbu     ra, -481(t4)
core   0: 3 0x80005580 (0xe1fec083) x 1 0x000000b3 mem 0x800163ed
core   0: 0x80005584 (0xf8dfc683) lbu     a3, -115(t6)
core   0: 3 0x80005584 (0xf8dfc683) x13 0x0000006d mem 0x800131aa
core   0: 0x80005588 (0x1e7ec003) lbu     zero, 487(t4)
core   0: 3 0x80005588 (0x1e7ec003) mem 0x800167b5
core   0: 0x8000558c (0x00ce8ea3) sb      a2, 29(t4)
core   0: 3 0x8000558c (0x00ce8ea3) mem 0x800165eb 0x9a
core   0: 0x80005590 (0xf1bf8e03) lb      t3, -229(t6)
core   0: 3 0x80005590 (0xf1bf8e03) x28 0x00000056 mem 0x80013138
core   0: 0x80005594 (0xa86e9123) sh      t1, -1406(t4)
core   0: 3 0x80005594 (0xa86e9123) mem 0x80016050 0x0019
core   0: 0x80005598 (0xf58fc683) lbu     a3, -168(t6)
core   0: 3 0x80005598 (0xf58fc683) x13 0x000000fd mem 0x80013175
core   0: 0x8000559c (0xe1cec403) lbu     s0, -484(t4)
core   0: 3 0x8000559c (0xe1cec403) x 8 0x0000008a mem 0x800163ea
core   0: 0x800055a0 (0xfd5f8703) lb      a4, -43(t6)
core   0: 3 0x800055a0 (0xfd5f8703) x14 0xffffffa8 mem 0x800131f2
core   0: 0x800055a4 (0x0001b297) auipc   t0, 0x1b
core   0: 3 0x800055a4 (0x0001b297) x 5 0x800205a4
core   0: 0x800055a8 (0x9fa28293) addi    t0, t0, -1542
core   0: 3 0x800055a8 (0x9fa28293) x 5 0x8001ff9e
core   0: 0x800055ac (0x0073d393) srli    t2, t2, 7
core   0: 3 0x800055ac (0x0073d393) x 7 0x00000000
core   0: 0x800055b0 (0x0136ef33) or      t5, a3, s3
core   0: 3 0x800055b0 (0x0136ef33) x30 0x800053fd
core   0: 0x800055b4 (0xffe2a983) lw      s3, -2(t0)
core   0: 3 0x800055b4 (0xffe2a983) x19 0xa907b04c mem 0x8001ff9c
core   0: 0x800055b8 (0x0000100f) fence.i
core   0: 3 0x800055b8 (0x0000100f)
core   0: 0x800055bc (0x045639b7) lui     s3, 0x4563
core   0: 3 0x800055bc (0x045639b7) x19 0x04563000
core   0: 0x800055c0 (0x46cf7f13) andi    t5, t5, 1132
core   0: 3 0x800055c0 (0x46cf7f13) x30 0x0000006c
core   0: 0x800055c4 (0xfff2c383) lbu     t2, -1(t0)
core   0: 3 0x800055c4 (0xfff2c383) x 7 0x000000b0 mem 0x8001ff9d
core   0: 0x800055c8 (0x71543f13) sltiu   t5, s0, 1813
core   0: 3 0x800055c8 (0x71543f13) x30 0x00000001
core   0: 0x800055cc (0xade47f93) andi    t6, s0, -1314
core   0: 3 0x800055cc (0xade47f93) x31 0x0000008a
core   0: 0x800055d0 (0x88646f93) ori     t6, s0, -1914
core   0: 3 0x800055d0 (0x88646f93) x31 0xfffff88e
core   0: 0x800055d4 (0x00df86b3) add     a3, t6, a3
core   0: 3 0x800055d4 (0x00df86b3) x13 0xfffff98b
core   0: 0x800055d8 (0xfff289a3) sb      t6, -13(t0)
core   0: 3 0x800055d8 (0xfff289a3) mem 0x8001ff91 0x8e
core   0: 0x800055dc (0x0ff0000f) fence   iorw,iorw
core   0: 3 0x800055dc (0x0ff0000f)
core   0: 0x800055e0 (0x00d3c433) xor     s0, t2, a3
core   0: 3 0x800055e0 (0x00d3c433) x 8 0xfffff93b
core   0: 0x800055e4 (0xff76af13) slti    t5, a3, -9
core   0: 3 0x800055e4 (0xff76af13) x30 0x00000001
core   0: 0x800055e8 (0xfff28403) lb      s0, -1(t0)
core   0: 3 0x800055e8 (0xfff28403) x 8 0xffffffb0 mem 0x8001ff9d
core   0: 0x800055ec (0x00828ca3) sb      s0, 25(t0)
core   0: 3 0x800055ec (0x00828ca3) mem 0x8001ffb7 0xb0
core   0: 0x800055f0 (0x00d41fb3) sll     t6, s0, a3
core   0: 3 0x800055f0 (0x00d41fb3) x31 0xfffd8000
core   0: 0x800055f4 (0x0042df03) lhu     t5, 4(t0)
core   0: 3 0x800055f4 (0x0042df03) x30 0x000052db mem 0x8001ffa2
core   0: 0x800055f8 (0x271eaf37) lui     t5, 0x271ea
core   0: 3 0x800055f8 (0x271eaf37) x30 0x271ea000
core   0: 0x800055fc (0x02f28383) lb      t2, 47(t0)
core   0: 3 0x800055fc (0x02f28383) x 7 0xffffffd0 mem 0x8001ffcd
core   0: 0x80005600 (0xfdf2c383) lbu     t2, -33(t0)
core   0: 3 0x80005600 (0xfdf2c383) x 7 0x0000002a mem 0x8001ff7d
core   0: 0x80005604 (0x02f28383) lb      t2, 47(t0)
core   0: 3 0x80005604 (0x02f28383) x 7 0xffffffd0 mem 0x8001ffcd
core   0: 0x80005608 (0xff3287a3) sb      s3, -17(t0)
core   0: 3 0x80005608 (0xff3287a3) mem 0x8001ff8d 0x0
core   0: 0x8000560c (0xfd328d23) sb      s3, -38(t0)
core   0: 3 0x8000560c (0xfd328d23) mem 0x8001ff78 0x0
core   0: 0x80005610 (0x5f46af93) slti    t6, a3, 1524
core   0: 3 0x80005610 (0x5f46af93) x31 0x00000001
core   0: 0x80005614 (0xfe8284a3) sb      s0, -23(t0)
core   0: 3 0x80005614 (0xfe8284a3) mem 0x8001ff87 0xb0
core   0: 0x80005618 (0x03e28fa3) sb      t5, 63(t0)
core   0: 3 0x80005618 (0x03e28fa3) mem 0x8001ffdd 0x0
core   0: 0x8000561c (0x00011117) auipc   sp, 0x11
core   0: 3 0x8000561c (0x00011117) x 2 0x8001661c
core   0: 0x80005620 (0xeb110113) addi    sp, sp, -335
core   0: 3 0x80005620 (0xeb110113) x 2 0x800164cd
core   0: 0x80005624 (0x7b30dfb7) lui     t6, 0x7b30d
core   0: 3 0x80005624 (0x7b30dfb7) x31 0x7b30d000
core   0: 0x80005628 (0xabdb7d93) andi    s11, s6, -1347
core   0: 3 0x80005628 (0xabdb7d93) x27 0x00000000
core   0: 0x8000562c (0x18e91917) auipc   s2, 0x18e91
core   0: 3 0x8000562c (0x18e91917) x18 0x98e9662c
core   0: 0x80005630 (0xb41d2013) slti    zero, s10, -1215
core   0: 3 0x80005630 (0xb41d2013)
core   0: 0x80005634 (0x09414483) lbu     s1, 148(sp)
core   0: 3 0x80005634 (0x09414483) x 9 0x000000d5 mem 0x80016561
core   0: 0x80005638 (0xfd410ca3) sb      s4, -39(sp)
core   0: 3 0x80005638 (0xfd410ca3) mem 0x800164a6 0xe
core   0: 0x8000563c (0x01ec8a33) add     s4, s9, t5
core   0: 3 0x8000563c (0x01ec8a33) x20 0x2f1eb32e
core   0: 0x80005640 (0xfd910983) lb      s3, -39(sp)
core   0: 3 0x80005640 (0xfd910983) x19 0x0000000e mem 0x800164a6
core   0: 0x80005644 (0xfde11ca3) sh      t5, -39(sp)
core   0: 3 0x80005644 (0xfde11ca3) mem 0x800164a6 0xa000
core   0: 0x80005648 (0xfc611ca3) sh      t1, -39(sp)
core   0: 3 0x80005648 (0xfc611ca3) mem 0x800164a6 0x0019
core   0: 0x8000564c (0xfd915703) lhu     a4, -39(sp)
core   0: 3 0x8000564c (0xfd915703) x14 0x00000019 mem 0x800164a6
core   0: 0x80005650 (0xf6114d03) lbu     s10, -159(sp)
core   0: 3 0x80005650 (0xf6114d03) x26 0x00000075 mem 0x8001642e
core   0: 0x80005654 (0xf6115c83) lhu     s9, -159(sp)
core   0: 3 0x80005654 (0xf6115c83) x25 0x0000f575 mem 0x8001642e
core   0: 0x80005658 (0x0ff0000f) fence   iorw,iorw
core   0: 3 0x80005658 (0x0ff0000f)
core   0: 0x8000565c (0xf6110c83) lb      s9, -159(sp)
core   0: 3 0x8000565c (0xf6110c83) x25 0x00000075 mem 0x8001642e
core   0: 0x80005660 (0x5e62ac93) slti    s9, t0, 1510
core   0: 3 0x80005660 (0x5e62ac93) x25 0x00000001
core   0: 0x80005664 (0xf65110a3) sh      t0, -159(sp)
core   0: 3 0x80005664 (0xf65110a3) mem 0x8001642e 0xff9e
core   0: 0x80005668 (0xf64100a3) sb      tp, -159(sp)
core   0: 3 0x80005668 (0xf64100a3) mem 0x8001642e 0xdf
core   0: 0x8000566c (0x00010b97) auipc   s7, 0x10
core   0: 3 0x8000566c (0x00010b97) x23 0x8001566c
core   0: 0x80005670 (0xdbcb8b93) addi    s7, s7, -580
core   0: 3 0x80005670 (0xdbcb8b93) x23 0x80015428
core   0: 0x80005674 (0x005b8023) sb      t0, 0(s7)
core   0: 3 0x80005674 (0x005b8023) mem 0x80015428 0x9e
core   0: 0x80005678 (0x00a7cb33) xor     s6, a5, a0
core   0: 3 0x80005678 (0x00a7cb33) x22 0x80028e54
core   0: 0x8000567c (0x01eba023) sw      t5, 0(s7)
core   0: 3 0x8000567c (0x01eba023) mem 0x80015428 0x271ea000
core   0: 0x80005680 (0x000ba203) lw      tp, 0(s7)
core   0: 3 0x80005680 (0x000ba203) x 4 0x271ea000 mem 0x80015428
core   0: 0x80005684 (0x000ba983) lw      s3, 0(s7)
core   0: 3 0x80005684 (0x000ba983) x19 0x271ea000 mem 0x80015428
core   0: 0x80005688 (0x01bb9023) sh      s11, 0(s7)
core   0: 3 0x80005688 (0x01bb9023) mem 0x80015428 0x0000
core   0: 0x8000568c (0x000bc183) lbu     gp, 0(s7)
core   0: 3 0x8000568c (0x000bc183) x 3 0x00000000 mem 0x80015428
core   0: 0x80005690 (0x012b9023) sh      s2, 0(s7)
core   0: 3 0x80005690 (0x012b9023) mem 0x80015428 0x662c
core   0: 0x80005694 (0x01ab9023) sh      s10, 0(s7)
core   0: 3 0x80005694 (0x01ab9023) mem 0x80015428 0x0075
core   0: 0x80005698 (0x000b9683) lh      a3, 0(s7)
core   0: 3 0x80005698 (0x000b9683) x13 0x00000075 mem 0x80015428
core   0: 0x8000569c (0x000b8023) sb      zero, 0(s7)
core   0: 3 0x8000569c (0x000b8023) mem 0x80015428 0x0
core   0: 0x800056a0 (0x017b81a3) sb      s7, 3(s7)
core   0: 3 0x800056a0 (0x017b81a3) mem 0x8001542b 0x28
core   0: 0x800056a4 (0x00d8a9b3) slt     s3, a7, a3
core   0: 3 0x800056a4 (0x00d8a9b3) x19 0x00000001
core   0: 0x800056a8 (0x5843e713) ori     a4, t2, 1412
core   0: 3 0x800056a8 (0x5843e713) x14 0xffffffd4
core   0: 0x800056ac (0x41a20333) sub     t1, tp, s10
core   0: 3 0x800056ac (0x41a20333) x 6 0x271e9f8b
core   0: 0x800056b0 (0x003b8683) lb      a3, 3(s7)
core   0: 3 0x800056b0 (0x003b8683) x13 0x00000028 mem 0x8001542b
core   0: 0x800056b4 (0xfffb8e83) lb      t4, -1(s7)
core   0: 3 0x800056b4 (0xfffb8e83) x29 0xffffffa5 mem 0x80015427
core   0: 0x800056b8 (0xfffbce83) lbu     t4, -1(s7)
core   0: 3 0x800056b8 (0xfffbce83) x29 0x000000a5 mem 0x80015427
core   0: 0x800056bc (0x0ff0000f) fence   iorw,iorw
core   0: 3 0x800056bc (0x0ff0000f)
core   0: 0x800056c0 (0xffdb8fa3) sb      t4, -1(s7)
core   0: 3 0x800056c0 (0xffdb8fa3) mem 0x80015427 0xa5
core   0: 0x800056c4 (0xff3b8fa3) sb      s3, -1(s7)
core   0: 3 0x800056c4 (0xff3b8fa3) mem 0x80015427 0x1
core   0: 0x800056c8 (0xfffb8503) lb      a0, -1(s7)
core   0: 3 0x800056c8 (0xfffb8503) x10 0x00000001 mem 0x80015427
core   0: 0x800056cc (0x01c009ef) jal     s3, pc + 0x1c
core   0: 3 0x800056cc (0x01c009ef) x19 0x800056d0
core   0: 0x800056e8 (0xffdff36f) jal     t1, pc - 0x4
core   0: 3 0x800056e8 (0xffdff36f) x 6 0x800056ec
core   0: 0x800056e4 (0xff9ff5ef) jal     a1, pc - 0x8
core   0: 3 0x800056e4 (0xff9ff5ef) x11 0x800056e8
core   0: 0x800056dc (0x010001ef) jal     gp, pc + 0x10
core   0: 3 0x800056dc (0x010001ef) x 3 0x800056e0
core   0: 0x800056ec (0xfedff36f) jal     t1, pc - 0x14
core   0: 3 0x800056ec (0xfedff36f) x 6 0x800056f0
core   0: 0x800056d8 (0xff9ff0ef) jal     pc - 0x8
core   0: 3 0x800056d8 (0xff9ff0ef) x 1 0x800056dc
core   0: 0x800056d0 (0x024000ef) jal     pc + 0x24
core   0: 3 0x800056d0 (0x024000ef) x 1 0x800056d4
core   0: 0x800056f4 (0xffdff0ef) jal     pc - 0x4
core   0: 3 0x800056f4 (0xffdff0ef) x 1 0x800056f8
core   0: 0x800056f0 (0x01c0066f) jal     a2, pc + 0x1c
core   0: 3 0x800056f0 (0x01c0066f) x12 0x800056f4
core   0: 0x8000570c (0xff5ff0ef) jal     pc - 0xc
core   0: 3 0x8000570c (0xff5ff0ef) x 1 0x80005710
core   0: 0x80005700 (0xfd5ff0ef) jal     pc - 0x2c
core   0: 3 0x80005700 (0xfd5ff0ef) x 1 0x80005704
core   0: 0x800056d4 (0x0300046f) jal     s0, pc + 0x30
core   0: 3 0x800056d4 (0x0300046f) x 8 0x800056d8
core   0: 0x80005704 (0x004000ef) jal     pc + 0x4
core   0: 3 0x80005704 (0x004000ef) x 1 0x80005708
core   0: 0x80005708 (0xfd9ff0ef) jal     pc - 0x28
core   0: 3 0x80005708 (0xfd9ff0ef) x 1 0x8000570c
core   0: 0x800056e0 (0x0180016f) jal     sp, pc + 0x18
core   0: 3 0x800056e0 (0x0180016f) x 2 0x800056e4
core   0: 0x800056f8 (0x0040036f) jal     t1, pc + 0x4
core   0: 3 0x800056f8 (0x0040036f) x 6 0x800056fc
core   0: 0x800056fc (0x014000ef) jal     pc + 0x14
core   0: 3 0x800056fc (0x014000ef) x 1 0x80005700
core   0: 0x80005710 (0x5f7ba313) slti    t1, s7, 1527
core   0: 3 0x80005710 (0x5f7ba313) x 6 0x00000001
core   0: 0x80005714 (0x030009ef) jal     s3, pc + 0x30
core   0: 3 0x80005714 (0x030009ef) x19 0x80005718
core   0: 0x80005744 (0x01c000ef) jal     pc + 0x1c
core   0: 3 0x80005744 (0x01c000ef) x 1 0x80005748
core   0: 0x80005760 (0xfd1ff0ef) jal     pc - 0x30
core   0: 3 0x80005760 (0xfd1ff0ef) x 1 0x80005764
core   0: 0x80005730 (0x010000ef) jal     pc + 0x10
core   0: 3 0x80005730 (0x010000ef) x 1 0x80005734
core   0: 0x80005740 (0xfedff36f) jal     t1, pc - 0x14
core   0: 3 0x80005740 (0xfedff36f) x 6 0x80005744
core   0: 0x8000572c (0x0280036f) jal     t1, pc + 0x28
core   0: 3 0x8000572c (0x0280036f) x 6 0x80005730
core   0: 0x80005754 (0x004001ef) jal     gp, pc + 0x4
core   0: 3 0x80005754 (0x004001ef) x 3 0x80005758
core   0: 0x80005758 (0xfcdff46f) jal     s0, pc - 0x34
core   0: 3 0x80005758 (0xfcdff46f) x 8 0x8000575c
core   0: 0x80005724 (0x018000ef) jal     pc + 0x18
core   0: 3 0x80005724 (0x018000ef) x 1 0x80005728
core   0: 0x8000573c (0xfedff36f) jal     t1, pc - 0x14
core   0: 3 0x8000573c (0xfedff36f) x 6 0x80005740
core   0: 0x80005728 (0xff1ff36f) jal     t1, pc - 0x10
core   0: 3 0x80005728 (0xff1ff36f) x 6 0x8000572c
core   0: 0x80005718 (0x0440096f) jal     s2, pc + 0x44
core   0: 3 0x80005718 (0x0440096f) x18 0x8000571c
core   0: 0x8000575c (0xfd9ff36f) jal     t1, pc - 0x28
core   0: 3 0x8000575c (0xfd9ff36f) x 6 0x80005760
core   0: 0x80005734 (0x01c000ef) jal     pc + 0x1c
core   0: 3 0x80005734 (0x01c000ef) x 1 0x80005738
core   0: 0x80005750 (0xfe9ff2ef) jal     t0, pc - 0x18
core   0: 3 0x80005750 (0xfe9ff2ef) x 5 0x80005754
core   0: 0x80005738 (0xfe5ff16f) jal     sp, pc - 0x1c
core   0: 3 0x80005738 (0xfe5ff16f) x 2 0x8000573c
core   0: 0x8000571c (0x03000cef) jal     s9, pc + 0x30
core   0: 3 0x8000571c (0x03000cef) x25 0x80005720
core   0: 0x8000574c (0xffdff0ef) jal     pc - 0x4
core   0: 3 0x8000574c (0xffdff0ef) x 1 0x80005750
core   0: 0x80005748 (0xfd9ff0ef) jal     pc - 0x28
core   0: 3 0x80005748 (0xfd9ff0ef) x 1 0x8000574c
core   0: 0x80005720 (0x04400fef) jal     t6, pc + 0x44
core   0: 3 0x80005720 (0x04400fef) x31 0x80005724
core   0: 0x80005764 (0x6eb96293) ori     t0, s2, 1771
core   0: 3 0x80005764 (0x6eb96293) x 5 0x800057ff
core   0: 0x80005768 (0x0000e717) auipc   a4, 0xe
core   0: 3 0x80005768 (0x0000e717) x14 0x80013768
core   0: 0x8000576c (0x32570713) addi    a4, a4, 805
core   0: 3 0x8000576c (0x32570713) x14 0x80013a8d
core   0: 0x80005770 (0x0000e997) auipc   s3, 0xe
core   0: 3 0x80005770 (0x0000e997) x19 0x80013770
core   0: 0x80005774 (0x8fa98993) addi    s3, s3, -1798
core   0: 3 0x80005774 (0x8fa98993) x19 0x8001306a
core   0: 0x80005778 (0x0000e097) auipc   ra, 0xe
core   0: 3 0x80005778 (0x0000e097) x 1 0x80013778
core   0: 0x8000577c (0xb3f08093) addi    ra, ra, -1217
core   0: 3 0x8000577c (0xb3f08093) x 1 0x800132b7
core   0: 0x80005780 (0x09598123) sb      s5, 130(s3)
core   0: 3 0x80005780 (0x09598123) mem 0x800130ec 0xe7
core   0: 0x80005784 (0x06798da3) sb      t2, 123(s3)
core   0: 3 0x80005784 (0x06798da3) mem 0x800130e5 0xd0
core   0: 0x80005788 (0x0259c503) lbu     a0, 37(s3)
core   0: 3 0x80005788 (0x0259c503) x10 0x000000c2 mem 0x8001308f
core   0: 0x8000578c (0x00e9af23) sw      a4, 30(s3)
core   0: 3 0x8000578c (0x00e9af23) mem 0x80013088 0x80013a8d
core   0: 0x80005790 (0x06699d23) sh      t1, 122(s3)
core   0: 3 0x80005790 (0x06699d23) mem 0x800130e4 0x5760
core   0: 0x80005794 (0x006703a3) sb      t1, 7(a4)
core   0: 3 0x80005794 (0x006703a3) mem 0x80013a94 0x60
core   0: 0x80005798 (0xff474c03) lbu     s8, -12(a4)
core   0: 3 0x80005798 (0xff474c03) x24 0x00000066 mem 0x80013a81
core   0: 0x8000579c (0x00709c83) lh      s9, 7(ra)
core   0: 3 0x8000579c (0x00709c83) x25 0xffffffff mem 0x800132be
core   0: 0x800057a0 (0xff70db03) lhu     s6, -9(ra)
core   0: 3 0x800057a0 (0xff70db03) x22 0x000001ff mem 0x800132ae
core   0: 0x800057a4 (0x0000e297) auipc   t0, 0xe
core   0: 3 0x800057a4 (0x0000e297) x 5 0x800137a4
core   0: 0x800057a8 (0xc0728293) addi    t0, t0, -1017
core   0: 3 0x800057a8 (0xc0728293) x 5 0x800133ab
core   0: 0x800057ac (0x01370523) sb      s3, 10(a4)
core   0: 3 0x800057ac (0x01370523) mem 0x80013a97 0x6a
core   0: 0x800057b0 (0xff674e83) lbu     t4, -10(a4)
core   0: 3 0x800057b0 (0xff674e83) x29 0x00000035 mem 0x80013a83
core   0: 0x800057b4 (0xffe0c483) lbu     s1, -2(ra)
core   0: 3 0x800057b4 (0xffe0c483) x 9 0x000000ff mem 0x800132b5
core   0: 0x800057b8 (0x0ea28423) sb      a0, 232(t0)
core   0: 3 0x800057b8 (0x0ea28423) mem 0x80013493 0xc2
core   0: 0x800057bc (0xff10cc03) lbu     s8, -15(ra)
core   0: 3 0x800057bc (0xff10cc03) x24 0x00000033 mem 0x800132a8
core   0: 0x800057c0 (0x00f74683) lbu     a3, 15(a4)
core   0: 3 0x800057c0 (0x00f74683) x13 0x000000a5 mem 0x80013a9c
core   0: 0x800057c4 (0x0a098483) lb      s1, 160(s3)
core   0: 3 0x800057c4 (0x0a098483) x 9 0x00000009 mem 0x8001310a
core   0: 0x800057c8 (0x0bd28623) sb      t4, 172(t0)
core   0: 3 0x800057c8 (0x0bd28623) mem 0x80013457 0x35
core   0: 0x800057cc (0xf9e28323) sb      t5, -122(t0)
core   0: 3 0x800057cc (0xf9e28323) mem 0x80013331 0x0
core   0: 0x800057d0 (0x0c798e23) sb      t2, 220(s3)
core   0: 3 0x800057d0 (0x0c798e23) mem 0x80013146 0xd0
core   0: 0x800057d4 (0xff00c903) lbu     s2, -16(ra)
core   0: 3 0x800057d4 (0xff00c903) x18 0x000000d5 mem 0x800132a7
core   0: 0x800057d8 (0xfce28023) sb      a4, -64(t0)
core   0: 3 0x800057d8 (0xfce28023) mem 0x8001336b 0x8d
core   0: 0x800057dc (0xff408383) lb      t2, -12(ra)
core   0: 3 0x800057dc (0xff408383) x 7 0x00000037 mem 0x800132ab
core   0: 0x800057e0 (0xfff709a3) sb      t6, -13(a4)
core   0: 3 0x800057e0 (0xfff709a3) mem 0x80013a80 0x24
core   0: 0x800057e4 (0xf062cc83) lbu     s9, -250(t0)
core   0: 3 0x800057e4 (0xf062cc83) x25 0x00000076 mem 0x800132b1
core   0: 0x800057e8 (0xffb09503) lh      a0, -5(ra)
core   0: 3 0x800057e8 (0xffb09503) x10 0x00007672 mem 0x800132b2
core   0: 0x800057ec (0x044009ef) jal     s3, pc + 0x44
core   0: 3 0x800057ec (0x044009ef) x19 0x800057f0
core   0: 0x80005830 (0xfd1ff36f) jal     t1, pc - 0x30
core   0: 3 0x80005830 (0xfd1ff36f) x 6 0x80005834
core   0: 0x80005800 (0x02000def) jal     s11, pc + 0x20
core   0: 3 0x80005800 (0x02000def) x27 0x80005804
core   0: 0x80005820 (0xfe5ff2ef) jal     t0, pc - 0x1c
core   0: 3 0x80005820 (0xfe5ff2ef) x 5 0x80005824
core   0: 0x80005804 (0x0240036f) jal     t1, pc + 0x24
core   0: 3 0x80005804 (0x0240036f) x 6 0x80005808
core   0: 0x80005828 (0xfcdff0ef) jal     pc - 0x34
core   0: 3 0x80005828 (0xfcdff0ef) x 1 0x8000582c
core   0: 0x800057f4 (0x024000ef) jal     pc + 0x24
core   0: 3 0x800057f4 (0x024000ef) x 1 0x800057f8
core   0: 0x80005818 (0x0240046f) jal     s0, pc + 0x24
core   0: 3 0x80005818 (0x0240046f) x 8 0x8000581c
core   0: 0x8000583c (0xfe9ff0ef) jal     pc - 0x18
core   0: 3 0x8000583c (0xfe9ff0ef) x 1 0x80005840
core   0: 0x80005824 (0xff1ff36f) jal     t1, pc - 0x10
core   0: 3 0x80005824 (0xff1ff36f) x 6 0x80005828
core   0: 0x80005814 (0x02c000ef) jal     pc + 0x2c
core   0: 3 0x80005814 (0x02c000ef) x 1 0x80005818
core   0: 0x80005840 (0xfd1ff0ef) jal     pc - 0x30
core   0: 3 0x80005840 (0xfd1ff0ef) x 1 0x80005844
core   0: 0x80005810 (0xfe1fffef) jal     t6, pc - 0x20
core   0: 3 0x80005810 (0xfe1fffef) x31 0x80005814
core   0: 0x800057f0 (0x044000ef) jal     pc + 0x44
core   0: 3 0x800057f0 (0x044000ef) x 1 0x800057f4
core   0: 0x80005834 (0xfc5ff36f) jal     t1, pc - 0x3c
core   0: 3 0x80005834 (0xfc5ff36f) x 6 0x80005838
core   0: 0x800057f8 (0x0100036f) jal     t1, pc + 0x10
core   0: 3 0x800057f8 (0x0100036f) x 6 0x800057fc
core   0: 0x80005808 (0x030001ef) jal     gp, pc + 0x30
core   0: 3 0x80005808 (0x030001ef) x 3 0x8000580c
core   0: 0x80005838 (0xff5ff0ef) jal     pc - 0xc
core   0: 3 0x80005838 (0xff5ff0ef) x 1 0x8000583c
core   0: 0x8000582c (0xff1ff0ef) jal     pc - 0x10
core   0: 3 0x8000582c (0xff1ff0ef) x 1 0x80005830
core   0: 0x8000581c (0xff1ff56f) jal     a0, pc - 0x10
core   0: 3 0x8000581c (0xff1ff56f) x10 0x80005820
core   0: 0x8000580c (0xff1ff1ef) jal     gp, pc - 0x10
core   0: 3 0x8000580c (0xff1ff1ef) x 3 0x80005810
core   0: 0x800057fc (0x04800b6f) jal     s6, pc + 0x48
core   0: 3 0x800057fc (0x04800b6f) x22 0x80005800
core   0: 0x80005844 (0x01e87933) and     s2, a6, t5
core   0: 3 0x80005844 (0x01e87933) x18 0x00000000
core   0: 0x80005848 (0x0000e697) auipc   a3, 0xe
core   0: 3 0x80005848 (0x0000e697) x13 0x80013848
core   0: 0x8000584c (0x38768693) addi    a3, a3, 903
core   0: 3 0x8000584c (0x38768693) x13 0x80013bcf
core   0: 0x80005850 (0x00e01033) sll     zero, zero, a4
core   0: 3 0x80005850 (0x00e01033)
core   0: 0x80005854 (0x02e68003) lb      zero, 46(a3)
core   0: 3 0x80005854 (0x02e68003) mem 0x80013bfd
core   0: 0x80005858 (0x75c70713) addi    a4, a4, 1884
core   0: 3 0x80005858 (0x75c70713) x14 0x800141e9
core   0: 0x8000585c (0x04068583) lb      a1, 64(a3)
core   0: 3 0x8000585c (0x04068583) x11 0x00000000 mem 0x80013c0f
core   0: 0x80005860 (0xf2faea93) ori     s5, s5, -209
core   0: 3 0x80005860 (0xf2faea93) x21 0xffffffef
core   0: 0x80005864 (0x0336ca83) lbu     s5, 51(a3)
core   0: 3 0x80005864 (0x0336ca83) x21 0x0000003b mem 0x80013c02
core   0: 0x80005868 (0x5845aa13) slti    s4, a1, 1412
core   0: 3 0x80005868 (0x5845aa13) x20 0x00000001
core   0: 0x8000586c (0xfed6d003) lhu     zero, -19(a3)
core   0: 3 0x8000586c (0xfed6d003) mem 0x80013bbc
core   0: 0x80005870 (0xfdc68c23) sb      t3, -40(a3)
core   0: 3 0x80005870 (0xfdc68c23) mem 0x80013ba7 0x56
core   0: 0x80005874 (0x015a75b3) and     a1, s4, s5
core   0: 3 0x80005874 (0x015a75b3) x11 0x00000001
core   0: 0x80005878 (0xfc56d583) lhu     a1, -59(a3)
core   0: 3 0x80005878 (0xfc56d583) x11 0x00001404 mem 0x80013b94
core   0: 0x8000587c (0xfc168e03) lb      t3, -63(a3)
core   0: 3 0x8000587c (0xfc168e03) x28 0x00000000 mem 0x80013b90
core   0: 0x80005880 (0x02e68a83) lb      s5, 46(a3)
core   0: 3 0x80005880 (0x02e68a83) x21 0xffffff82 mem 0x80013bfd
core   0: 0x80005884 (0x015e2ab3) slt     s5, t3, s5
core   0: 3 0x80005884 (0x015e2ab3) x21 0x00000000
core   0: 0x80005888 (0x96a00013) li      zero, -1686
core   0: 3 0x80005888 (0x96a00013)
core   0: 0x8000588c (0x9dc42ab7) lui     s5, 0x9dc42
core   0: 3 0x8000588c (0x9dc42ab7) x21 0x9dc42000
core   0: 0x80005890 (0x00006ab3) or      s5, zero, zero
core   0: 3 0x80005890 (0x00006ab3) x21 0x00000000
core   0: 0x80005894 (0x3f7e4e13) xori    t3, t3, 1015
core   0: 3 0x80005894 (0x3f7e4e13) x28 0x000003f7
core   0: 0x80005898 (0xff569a03) lh      s4, -11(a3)
core   0: 3 0x80005898 (0xff569a03) x20 0x00000cc8 mem 0x80013bc4
core   0: 0x8000589c (0x02e68f23) sb      a4, 62(a3)
core   0: 3 0x8000589c (0x02e68f23) mem 0x80013c0d 0xe9
core   0: 0x800058a0 (0x02b68323) sb      a1, 38(a3)
core   0: 3 0x800058a0 (0x02b68323) mem 0x80013bf5 0x4
core   0: 0x800058a4 (0x02f6d703) lhu     a4, 47(a3)
core   0: 3 0x800058a4 (0x02f6d703) x14 0x00002e54 mem 0x80013bfe
core   0: 0x800058a8 (0x00ba0ab3) add     s5, s4, a1
core   0: 3 0x800058a8 (0x00ba0ab3) x21 0x000020cc
core   0: 0x800058ac (0x03468aa3) sb      s4, 53(a3)
core   0: 3 0x800058ac (0x03468aa3) mem 0x80013c04 0xc8
core   0: 0x800058b0 (0x17303593) sltiu   a1, zero, 371
core   0: 3 0x800058b0 (0x17303593) x11 0x00000001
core   0: 0x800058b4 (0xe96a3713) sltiu   a4, s4, -362
core   0: 3 0x800058b4 (0xe96a3713) x14 0x00000001
core   0: 0x800058b8 (0x00074e33) xor     t3, a4, zero
core   0: 3 0x800058b8 (0x00074e33) x28 0x00000001
core   0: 0x800058bc (0xfc868e03) lb      t3, -56(a3)
core   0: 3 0x800058bc (0xfc868e03) x28 0xffffff82 mem 0x80013b97
core   0: 0x800058c0 (0xfec6c003) lbu     zero, -20(a3)
core   0: 3 0x800058c0 (0xfec6c003) mem 0x80013bbb
core   0: 0x800058c4 (0x7cfa8013) addi    zero, s5, 1999
core   0: 3 0x800058c4 (0x7cfa8013)
core   0: 0x800058c8 (0xfd568823) sb      s5, -48(a3)
core   0: 3 0x800058c8 (0xfd568823) mem 0x80013b9f 0xcc
core   0: 0x800058cc (0xfc76ca83) lbu     s5, -57(a3)
core   0: 3 0x800058cc (0xfc76ca83) x21 0x000000a4 mem 0x80013b96
core   0: 0x800058d0 (0xfd568123) sb      s5, -62(a3)
core   0: 3 0x800058d0 (0xfd568123) mem 0x80013b91 0xa4
core   0: 0x800058d4 (0x0ff0000f) fence   iorw,iorw
core   0: 3 0x800058d4 (0x0ff0000f)
core   0: 0x800058d8 (0x40000733) sub     a4, zero, zero
core   0: 3 0x800058d8 (0x40000733) x14 0x00000000
core   0: 0x800058dc (0x014005b3) add     a1, zero, s4
core   0: 3 0x800058dc (0x014005b3) x11 0x00000cc8
core   0: 0x800058e0 (0x0105da93) srli    s5, a1, 16
core   0: 3 0x800058e0 (0x0105da93) x21 0x00000000
core   0: 0x800058e4 (0xfeb6de03) lhu     t3, -21(a3)
core   0: 3 0x800058e4 (0xfeb6de03) x28 0x00000992 mem 0x80013bba
core   0: 0x800058e8 (0x03568923) sb      s5, 50(a3)
core   0: 3 0x800058e8 (0x03568923) mem 0x80013c01 0x0
core   0: 0x800058ec (0x40e75033) sra     zero, a4, a4
core   0: 3 0x800058ec (0x40e75033)
core   0: 0x800058f0 (0xffa6ca03) lbu     s4, -6(a3)
core   0: 3 0x800058f0 (0xffa6ca03) x20 0x00000059 mem 0x80013bc9
core   0: 0x800058f4 (0x00012117) auipc   sp, 0x12
core   0: 3 0x800058f4 (0x00012117) x 2 0x800178f4
core   0: 0x800058f8 (0x47b10113) addi    sp, sp, 1147
core   0: 3 0x800058f8 (0x47b10113) x 2 0x80017d6f
core   0: 0x800058fc (0x01677333) and     t1, a4, s6
core   0: 3 0x800058fc (0x01677333) x 6 0x00000000
core   0: 0x80005900 (0x017f0033) add     zero, t5, s7
core   0: 3 0x80005900 (0x017f0033)
core   0: 0x80005904 (0x356dc517) auipc   a0, 0x356dc
core   0: 3 0x80005904 (0x356dc517) x10 0xb56e1904
core   0: 0x80005908 (0x007e4bb3) xor     s7, t3, t2
core   0: 3 0x80005908 (0x007e4bb3) x23 0x000009a5
core   0: 0x8000590c (0x00000013) nop
core   0: 3 0x8000590c (0x00000013)
core   0: 0x80005910 (0xff010e23) sb      a6, -4(sp)
core   0: 3 0x80005910 (0xff010e23) mem 0x80017d6b 0x0
core   0: 0x80005914 (0x017f72b3) and     t0, t5, s7
core   0: 3 0x80005914 (0x017f72b3) x 5 0x00000000
core   0: 0x80005918 (0x0182d593) srli    a1, t0, 24
core   0: 3 0x80005918 (0x0182d593) x11 0x00000000
core   0: 0x8000591c (0x66920513) addi    a0, tp, 1641
core   0: 3 0x8000591c (0x66920513) x10 0x271ea669
core   0: 0x80005920 (0x4088d6b3) sra     a3, a7, s0
core   0: 3 0x80005920 (0x4088d6b3) x13 0xfffffff8
core   0: 0x80005924 (0xfef10c23) sb      a5, -8(sp)
core   0: 3 0x80005924 (0xfef10c23) mem 0x80017d67 0x54
core   0: 0x80005928 (0x00310223) sb      gp, 4(sp)
core   0: 3 0x80005928 (0x00310223) mem 0x80017d73 0x10
core   0: 0x8000592c (0x00d10823) sb      a3, 16(sp)
core   0: 3 0x8000592c (0x00d10823) mem 0x80017d7f 0xf8
core   0: 0x80005930 (0x00b10123) sb      a1, 2(sp)
core   0: 3 0x80005930 (0x00b10123) mem 0x80017d71 0x0
core   0: 0x80005934 (0xadbaa413) slti    s0, s5, -1317
core   0: 3 0x80005934 (0xadbaa413) x 8 0x00000000
core   0: 0x80005938 (0x00614603) lbu     a2, 6(sp)
core   0: 3 0x80005938 (0x00614603) x12 0x000000eb mem 0x80017d75
core   0: 0x8000593c (0xffc10c03) lb      s8, -4(sp)
core   0: 3 0x8000593c (0xffc10c03) x24 0x00000000 mem 0x80017d6b
core   0: 0x80005940 (0x0091fcb3) and     s9, gp, s1
core   0: 3 0x80005940 (0x0091fcb3) x25 0x00000000
core   0: 0x80005944 (0xff314f83) lbu     t6, -13(sp)
core   0: 3 0x80005944 (0xff314f83) x31 0x000000d4 mem 0x80017d62
core   0: 0x80005948 (0x01459e33) sll     t3, a1, s4
core   0: 3 0x80005948 (0x01459e33) x28 0x00000000
core   0: 0x8000594c (0xd227e313) ori     t1, a5, -734
core   0: 3 0x8000594c (0xd227e313) x 6 0xffffff76
core   0: 0x80005950 (0x00512903) lw      s2, 5(sp)
core   0: 3 0x80005950 (0x00512903) x18 0x3ea8eb35 mem 0x80017d74
core   0: 0x80005954 (0x00fa5193) srli    gp, s4, 15
core   0: 3 0x80005954 (0x00fa5193) x 3 0x00000000
core   0: 0x80005958 (0x753b8713) addi    a4, s7, 1875
core   0: 3 0x80005958 (0x753b8713) x14 0x000010f8
core   0: 0x8000595c (0xff512383) lw      t2, -11(sp)
core   0: 3 0x8000595c (0xff512383) x 7 0x541c386f mem 0x80017d64
core   0: 0x80005960 (0x00435d33) srl     s10, t1, tp
core   0: 3 0x80005960 (0x00435d33) x26 0xffffff76
core   0: 0x80005964 (0x41d3d913) srai    s2, t2, 29
core   0: 3 0x80005964 (0x41d3d913) x18 0x00000002
core   0: 0x80005968 (0xff011da3) sh      a6, -5(sp)
core   0: 3 0x80005968 (0xff011da3) mem 0x80017d6a 0x0000
core   0: 0x8000596c (0xffa14703) lbu     a4, -6(sp)
core   0: 3 0x8000596c (0xffa14703) x14 0x000000c4 mem 0x80017d69
core   0: 0x80005970 (0x0000ec97) auipc   s9, 0xe
core   0: 3 0x80005970 (0x0000ec97) x25 0x80013970
core   0: 0x80005974 (0xa55c8c93) addi    s9, s9, -1451
core   0: 3 0x80005974 (0xa55c8c93) x25 0x800133c5
core   0: 0x80005978 (0xfc0c8a83) lb      s5, -64(s9)
core   0: 3 0x80005978 (0xfc0c8a83) x21 0xffffff8b mem 0x80013385
core   0: 0x8000597c (0x0c8c8023) sb      s0, 192(s9)
core   0: 3 0x8000597c (0x0c8c8023) mem 0x80013485 0x0
core   0: 0x80005980 (0x0000e497) auipc   s1, 0xe
core   0: 3 0x80005980 (0x0000e497) x 9 0x80013980
core   0: 0x80005984 (0xc9048493) addi    s1, s1, -880
core   0: 3 0x80005984 (0xc9048493) x 9 0x80013610
core   0: 0x80005988 (0xae148003) lb      zero, -1311(s1)
core   0: 3 0x80005988 (0xae148003) mem 0x800130f1
core   0: 0x8000598c (0x0c8c8da3) sb      s0, 219(s9)
core   0: 3 0x8000598c (0x0c8c8da3) mem 0x800134a0 0x0
core   0: 0x80005990 (0xe4548903) lb      s2, -443(s1)
core   0: 3 0x80005990 (0xe4548903) x18 0x00000071 mem 0x80013455
core   0: 0x80005994 (0x067cc583) lbu     a1, 103(s9)
core   0: 3 0x80005994 (0x067cc583) x11 0x0000000c mem 0x8001342c
core   0: 0x80005998 (0xbd64cd83) lbu     s11, -1066(s1)
core   0: 3 0x80005998 (0xbd64cd83) x27 0x00000004 mem 0x800131e6
core   0: 0x8000599c (0x0c0ccb03) lbu     s6, 192(s9)
core   0: 3 0x8000599c (0x0c0ccb03) x22 0x00000000 mem 0x80013485
core   0: 0x800059a0 (0x4f648923) sb      s6, 1266(s1)
core   0: 3 0x800059a0 (0x4f648923) mem 0x80013b02 0x0
core   0: 0x800059a4 (0xfe5c8c03) lb      s8, -27(s9)
core   0: 3 0x800059a4 (0xfe5c8c03) x24 0xffffffec mem 0x800133aa
core   0: 0x800059a8 (0x3f648a83) lb      s5, 1014(s1)
core   0: 3 0x800059a8 (0x3f648a83) x21 0xfffffff1 mem 0x80013a06
core   0: 0x800059ac (0xf1dc93a3) sh      t4, -249(s9)
core   0: 3 0x800059ac (0xf1dc93a3) mem 0x800132cc 0x0035
core   0: 0x800059b0 (0x13349823) sh      s3, 304(s1)
core   0: 3 0x800059b0 (0x13349823) mem 0x80013740 0x57f0
core   0: 0x800059b4 (0xff0cc403) lbu     s0, -16(s9)
core   0: 3 0x800059b4 (0xff0cc403) x 8 0x00000095 mem 0x800133b5
core   0: 0x800059b8 (0xf5bc9303) lh      t1, -165(s9)
core   0: 3 0x800059b8 (0xf5bc9303) x 6 0xffffbaf5 mem 0x80013320
core   0: 0x800059bc (0x0000e417) auipc   s0, 0xe
core   0: 3 0x800059bc (0x0000e417) x 8 0x800139bc
core   0: 0x800059c0 (0x2eb40413) addi    s0, s0, 747
core   0: 3 0x800059c0 (0x2eb40413) x 8 0x80013ca7
core   0: 0x800059c4 (0x0001cf97) auipc   t6, 0x1c
core   0: 3 0x800059c4 (0x0001cf97) x31 0x800219c4
core   0: 0x800059c8 (0xa31f8f93) addi    t6, t6, -1487
core   0: 3 0x800059c8 (0xa31f8f93) x31 0x800213f5
core   0: 0x800059cc (0xf2cf8223) sb      a2, -220(t6)
core   0: 3 0x800059cc (0xf2cf8223) mem 0x80021319 0xeb
core   0: 0x800059d0 (0x00b44903) lbu     s2, 11(s0)
core   0: 3 0x800059d0 (0x00b44903) x18 0x00000090 mem 0x80013cb2
core   0: 0x800059d4 (0x02afa7a3) sw      a0, 47(t6)
core   0: 3 0x800059d4 (0x02afa7a3) mem 0x80021424 0x271ea669
core   0: 0x800059d8 (0x00e40623) sb      a4, 12(s0)
core   0: 3 0x800059d8 (0x00e40623) mem 0x80013cb3 0xc4
core   0: 0x800059dc (0xf96f8e83) lb      t4, -106(t6)
core   0: 3 0x800059dc (0xf96f8e83) x29 0xfffffffd mem 0x8002138b
core   0: 0x800059e0 (0xff942983) lw      s3, -7(s0)
core   0: 3 0x800059e0 (0xff942983) x19 0xf230d968 mem 0x80013ca0
core   0: 0x800059e4 (0xfb9f8083) lb      ra, -71(t6)
core   0: 3 0x800059e4 (0xfb9f8083) x 1 0x00000003 mem 0x800213ae
core   0: 0x800059e8 (0x05ef8103) lb      sp, 94(t6)
core   0: 3 0x800059e8 (0x05ef8103) x 2 0x0000006f mem 0x80021453
core   0: 0x800059ec (0xffe44283) lbu     t0, -2(s0)
core   0: 3 0x800059ec (0xffe44283) x 5 0x00000001 mem 0x80013ca5
core   0: 0x800059f0 (0xf33f9da3) sh      s3, -197(t6)
core   0: 3 0x800059f0 (0xf33f9da3) mem 0x80021330 0xd968
core   0: 0x800059f4 (0xff945303) lhu     t1, -7(s0)
core   0: 3 0x800059f4 (0xff945303) x 6 0x0000d968 mem 0x80013ca0
core   0: 0x800059f8 (0x00a00d93) li      s11, 10
core   0: 3 0x800059f8 (0x00a00d93) x27 0x0000000a
core   0: 0x800059fc (0x41c70cb3) sub     s9, a4, t3
core   0: 3 0x800059fc (0x41c70cb3) x25 0x000000c4
core   0: 0x80005a00 (0x00411bb3) sll     s7, sp, tp
core   0: 3 0x80005a00 (0x00411bb3) x23 0x0000006f
core   0: 0x80005a04 (0x1551ac13) slti    s8, gp, 341
core   0: 3 0x80005a04 (0x1551ac13) x24 0x00000001
core   0: 0x80005a08 (0x41560433) sub     s0, a2, s5
core   0: 3 0x80005a08 (0x41560433) x 8 0x000000fa
core   0: 0x80005a0c (0x01d1a533) slt     a0, gp, t4
core   0: 3 0x80005a0c (0x01d1a533) x10 0x00000000
core   0: 0x80005a10 (0x01300093) li      ra, 19
core   0: 3 0x80005a10 (0x01300093) x 1 0x00000013
core   0: 0x80005a14 (0x00930633) add     a2, t1, s1
core   0: 3 0x80005a14 (0x00930633) x12 0x80020f78
core   0: 0x80005a18 (0x01869033) sll     zero, a3, s8
core   0: 3 0x80005a18 (0x01869033)
core   0: 0x80005a1c (0xf921cc93) xori    s9, gp, -110
core   0: 3 0x80005a1c (0xf921cc93) x25 0xffffff92
core   0: 0x80005a20 (0x0046b2b3) sltu    t0, a3, tp
core   0: 3 0x80005a20 (0x0046b2b3) x 5 0x00000000
core   0: 0x80005a24 (0x010e9a93) slli    s5, t4, 16
core   0: 3 0x80005a24 (0x010e9a93) x21 0xfffd0000
core   0: 0x80005a28 (0x00000013) nop
core   0: 3 0x80005a28 (0x00000013)
core   0: 0x80005a2c (0x00000013) nop
core   0: 3 0x80005a2c (0x00000013)
core   0: 0x80005a30 (0x0174db13) srli    s6, s1, 23
core   0: 3 0x80005a30 (0x0174db13) x22 0x00000100
core   0: 0x80005a34 (0xbc44fb13) andi    s6, s1, -1084
core   0: 3 0x80005a34 (0xbc44fb13) x22 0x80013200
core   0: 0x80005a38 (0x0000100f) fence.i
core   0: 3 0x80005a38 (0x0000100f)
core   0: 0x80005a3c (0x003d8d93) addi    s11, s11, 3
core   0: 3 0x80005a3c (0x003d8d93) x27 0x0000000d
core   0: 0x80005a40 (0x40c70133) sub     sp, a4, a2
core   0: 3 0x80005a40 (0x40c70133) x 2 0x7ffdf14c
core   0: 0x80005a44 (0x00000013) nop
core   0: 3 0x80005a44 (0x00000013)
core   0: 0x80005a48 (0x41e359b3) sra     s3, t1, t5
core   0: 3 0x80005a48 (0x41e359b3) x19 0x0000d968
core   0: 0x80005a4c (0xfe1d84e3) beq     s11, ra, pc - 24
core   0: 3 0x80005a4c (0xfe1d84e3)
core   0: 0x80005a50 (0x0000100f) fence.i
core   0: 3 0x80005a50 (0x0000100f)
core   0: 0x80005a54 (0x0001ba17) auipc   s4, 0x1b
core   0: 3 0x80005a54 (0x0001ba17) x20 0x80020a54
core   0: 0x80005a58 (0x109a0a13) addi    s4, s4, 265
core   0: 3 0x80005a58 (0x109a0a13) x20 0x80020b5d
core   0: 0x80005a5c (0x00347db3) and     s11, s0, gp
core   0: 3 0x80005a5c (0x00347db3) x27 0x00000000
core   0: 0x80005a60 (0xddd4d597) auipc   a1, 0xddd4d
core   0: 3 0x80005a60 (0xddd4d597) x11 0x5dd52a60
core   0: 0x80005a64 (0x74272697) auipc   a3, 0x74272
core   0: 3 0x80005a64 (0x74272697) x13 0xf4277a64
core   0: 0x80005a68 (0x07d42693) slti    a3, s0, 125
core   0: 3 0x80005a68 (0x07d42693) x13 0x00000000
core   0: 0x80005a6c (0x068a0b23) sb      s0, 118(s4)
core   0: 3 0x80005a6c (0x068a0b23) mem 0x80020bd3 0xfa
core   0: 0x80005a70 (0x071a1683) lh      a3, 113(s4)
core   0: 3 0x80005a70 (0x071a1683) x13 0x000009de mem 0x80020bce
core   0: 0x80005a74 (0xee244693) xori    a3, s0, -286
core   0: 3 0x80005a74 (0xee244693) x13 0xfffffe18
core   0: 0x80005a78 (0xf43ded93) ori     s11, s11, -189
core   0: 3 0x80005a78 (0xf43ded93) x27 0xffffff43
core   0: 0x80005a7c (0xf1fa0b03) lb      s6, -225(s4)
core   0: 3 0x80005a7c (0xf1fa0b03) x22 0x0000003b mem 0x80020a7c
core   0: 0x80005a80 (0xf74a4b03) lbu     s6, -140(s4)
core   0: 3 0x80005a80 (0xf74a4b03) x22 0x000000f4 mem 0x80020ad1
core   0: 0x80005a84 (0xf63a0523) sb      gp, -150(s4)
core   0: 3 0x80005a84 (0xf63a0523) mem 0x80020ac7 0x0
core   0: 0x80005a88 (0x97568d93) addi    s11, a3, -1675
core   0: 3 0x80005a88 (0x97568d93) x27 0xfffff78d
core   0: 0x80005a8c (0x40bd86b3) sub     a3, s11, a1
core   0: 3 0x80005a8c (0x40bd86b3) x13 0xa22acd2d
core   0: 0x80005a90 (0xf20a4683) lbu     a3, -224(s4)
core   0: 3 0x80005a90 (0xf20a4683) x13 0x00000085 mem 0x80020a7d
core   0: 0x80005a94 (0x008421b3) slt     gp, s0, s0
core   0: 3 0x80005a94 (0x008421b3) x 3 0x00000000
core   0: 0x80005a98 (0xfeba1403) lh      s0, -21(s4)
core   0: 3 0x80005a98 (0xfeba1403) x 8 0x00000503 mem 0x80020b48
core   0: 0x80005a9c (0x0081bdb3) sltu    s11, gp, s0
core   0: 3 0x80005a9c (0x0081bdb3) x27 0x00000001
core   0: 0x80005aa0 (0x036a0923) sb      s6, 50(s4)
core   0: 3 0x80005aa0 (0x036a0923) mem 0x80020b8f 0xf4
core   0: 0x80005aa4 (0x30d6a413) slti    s0, a3, 781
core   0: 3 0x80005aa4 (0x30d6a413) x 8 0x00000001
core   0: 0x80005aa8 (0xdce4ab17) auipc   s6, 0xdce4a
core   0: 3 0x80005aa8 (0xdce4ab17) x22 0x5ce4faa8
core   0: 0x80005aac (0xf40a0583) lb      a1, -192(s4)
core   0: 3 0x80005aac (0xf40a0583) x11 0xffffffdc mem 0x80020a9d
core   0: 0x80005ab0 (0x0000100f) fence.i
core   0: 3 0x80005ab0 (0x0000100f)
core   0: 0x80005ab4 (0x001a5403) lhu     s0, 1(s4)
core   0: 3 0x80005ab4 (0x001a5403) x 8 0x00007cd3 mem 0x80020b5e
core   0: 0x80005ab8 (0x0fca4183) lbu     gp, 252(s4)
core   0: 3 0x80005ab8 (0x0fca4183) x 3 0x000000c9 mem 0x80020c59
core   0: 0x80005abc (0x0000100f) fence.i
core   0: 3 0x80005abc (0x0000100f)
core   0: 0x80005ac0 (0xff2b0413) addi    s0, s6, -14
core   0: 3 0x80005ac0 (0xff2b0413) x 8 0x5ce4fa9a
core   0: 0x80005ac4 (0x052a0583) lb      a1, 82(s4)
core   0: 3 0x80005ac4 (0x052a0583) x11 0x00000005 mem 0x80020baf
core   0: 0x80005ac8 (0xf8ba0ca3) sb      a1, -103(s4)
core   0: 3 0x80005ac8 (0xf8ba0ca3) mem 0x80020af6 0x5
core   0: 0x80005acc (0x07fa5683) lhu     a3, 127(s4)
core   0: 3 0x80005acc (0x07fa5683) x13 0x0000708a mem 0x80020bdc
core   0: 0x80005ad0 (0xfaaa0d83) lb      s11, -86(s4)
core   0: 3 0x80005ad0 (0xfaaa0d83) x27 0x00000002 mem 0x80020b07
core   0: 0x80005ad4 (0x00d465b3) or      a1, s0, a3
core   0: 3 0x80005ad4 (0x00d465b3) x11 0x5ce4fa9a
core   0: 0x80005ad8 (0x6d2b2413) slti    s0, s6, 1746
core   0: 3 0x80005ad8 (0x6d2b2413) x 8 0x00000000
core   0: 0x80005adc (0xf92a0403) lb      s0, -110(s4)
core   0: 3 0x80005adc (0xf92a0403) x 8 0x00000056 mem 0x80020aef
core   0: 0x80005ae0 (0x0cea4683) lbu     a3, 206(s4)
core   0: 3 0x80005ae0 (0x0cea4683) x13 0x000000be mem 0x80020c2b
core   0: 0x80005ae4 (0xfa8a17a3) sh      s0, -81(s4)
core   0: 3 0x80005ae4 (0xfa8a17a3) mem 0x80020b0c 0x0056
core   0: 0x80005ae8 (0x41e44193) xori    gp, s0, 1054
core   0: 3 0x80005ae8 (0x41e44193) x 3 0x00000448
core   0: 0x80005aec (0x0ff0000f) fence   iorw,iorw
core   0: 3 0x80005aec (0x0ff0000f)
core   0: 0x80005af0 (0xfaba1403) lh      s0, -85(s4)
core   0: 3 0x80005af0 (0xfaba1403) x 8 0xffffc161 mem 0x80020b08
core   0: 0x80005af4 (0x008b46b3) xor     a3, s6, s0
core   0: 3 0x80005af4 (0x008b46b3) x13 0xa31b3bc9
core   0: 0x80005af8 (0xf28a0b23) sb      s0, -202(s4)
core   0: 3 0x80005af8 (0xf28a0b23) mem 0x80020a93 0x61
core   0: 0x80005afc (0x417b5693) srai    a3, s6, 23
core   0: 3 0x80005afc (0x417b5693) x13 0x000000b9
core   0: 0x80005b00 (0x008db1b3) sltu    gp, s11, s0
core   0: 3 0x80005b00 (0x008db1b3) x 3 0x00000001
core   0: 0x80005b04 (0xf76a21a3) sw      s6, -157(s4)
core   0: 3 0x80005b04 (0xf76a21a3) mem 0x80020ac0 0x5ce4faa8
core   0: 0x80005b08 (0x003dc1b3) xor     gp, s11, gp
core   0: 3 0x80005b08 (0x003dc1b3) x 3 0x00000003
core   0: 0x80005b0c (0x01b6e433) or      s0, a3, s11
core   0: 3 0x80005b0c (0x01b6e433) x 8 0x000000bb
core   0: 0x80005b10 (0xfada0623) sb      a3, -84(s4)
core   0: 3 0x80005b10 (0xfada0623) mem 0x80020b09 0xb9
core   0: 0x80005b14 (0x022a0b03) lb      s6, 34(s4)
core   0: 3 0x80005b14 (0x022a0b03) x22 0xffffffa9 mem 0x80020b7f
core   0: 0x80005b18 (0x05aa0d83) lb      s11, 90(s4)
core   0: 3 0x80005b18 (0x05aa0d83) x27 0xffffff87 mem 0x80020bb7
core   0: 0x80005b1c (0x00018097) auipc   ra, 0x18
core   0: 3 0x80005b1c (0x00018097) x 1 0x8001db1c
core   0: 0x80005b20 (0x6a008093) addi    ra, ra, 1696
core   0: 3 0x80005b20 (0x6a008093) x 1 0x8001e1bc
core   0: 0x80005b24 (0xfcf089a3) sb      a5, -45(ra)
core   0: 3 0x80005b24 (0xfcf089a3) mem 0x8001e18f 0x54
core   0: 0x80005b28 (0x0001cc17) auipc   s8, 0x1c
core   0: 3 0x80005b28 (0x0001cc17) x24 0x80021b28
core   0: 0x80005b2c (0x89ac0c13) addi    s8, s8, -1894
core   0: 3 0x80005b2c (0x89ac0c13) x24 0x800213c2
core   0: 0x80005b30 (0x09e09003) lh      zero, 158(ra)
core   0: 3 0x80005b30 (0x09e09003) mem 0x8001e25a
core   0: 0x80005b34 (0x04708603) lb      a2, 71(ra)
core   0: 3 0x80005b34 (0x04708603) x12 0x00000017 mem 0x8001e203
core   0: 0x80005b38 (0x069c4403) lbu     s0, 105(s8)
core   0: 3 0x80005b38 (0x069c4403) x 8 0x00000010 mem 0x8002142b
core   0: 0x80005b3c (0x07308c83) lb      s9, 115(ra)
core   0: 3 0x80005b3c (0x07308c83) x25 0x0000003a mem 0x8001e22f
core   0: 0x80005b40 (0xf7fc1723) sh      t6, -146(s8)
core   0: 3 0x80005b40 (0xf7fc1723) mem 0x80021330 0x13f5
core   0: 0x80005b44 (0x03108d03) lb      s10, 49(ra)
core   0: 3 0x80005b44 (0x03108d03) x26 0xffffffcc mem 0x8001e1ed
core   0: 0x80005b48 (0x0e5c0123) sb      t0, 226(s8)
core   0: 3 0x80005b48 (0x0e5c0123) mem 0x800214a4 0x0
core   0: 0x80005b4c (0xf47c09a3) sb      t2, -173(s8)
core   0: 3 0x80005b4c (0xf47c09a3) mem 0x80021315 0x6f
core   0: 0x80005b50 (0x0d00a903) lw      s2, 208(ra)
core   0: 3 0x80005b50 (0x0d00a903) x18 0x5fc19c21 mem 0x8001e28c
core   0: 0x80005b54 (0xfdcc09a3) sb      t3, -45(s8)
core   0: 3 0x80005b54 (0xfdcc09a3) mem 0x80021395 0x0
core   0: 0x80005b58 (0x05708303) lb      t1, 87(ra)
core   0: 3 0x80005b58 (0x05708303) x 6 0x0000004c mem 0x8001e213
core   0: 0x80005b5c (0x0efc4283) lbu     t0, 239(s8)
core   0: 3 0x80005b5c (0x0efc4283) x 5 0x000000ba mem 0x800214b1
core   0: 0x80005b60 (0xfcdc0223) sb      a3, -60(s8)
core   0: 3 0x80005b60 (0xfcdc0223) mem 0x80021386 0xb9
core   0: 0x80005b64 (0x0f708183) lb      gp, 247(ra)
core   0: 3 0x80005b64 (0x0f708183) x 3 0x0000000b mem 0x8001e2b3
core   0: 0x80005b68 (0x097c0ea3) sb      s7, 157(s8)
core   0: 3 0x80005b68 (0x097c0ea3) mem 0x8002145f 0x6f
core   0: 0x80005b6c (0x03f0c683) lbu     a3, 63(ra)
core   0: 3 0x80005b6c (0x03f0c683) x13 0x00000080 mem 0x8001e1fb
core   0: 0x80005b70 (0xf1d08fa3) sb      t4, -225(ra)
core   0: 3 0x80005b70 (0xf1d08fa3) mem 0x8001e0db 0xfd
core   0: 0x80005b74 (0x0000d417) auipc   s0, 0xd
core   0: 3 0x80005b74 (0x0000d417) x 8 0x80012b74
core   0: 0x80005b78 (0x6ab40413) addi    s0, s0, 1707
core   0: 3 0x80005b78 (0x6ab40413) x 8 0x8001321f
core   0: 0x80005b7c (0x0000f597) auipc   a1, 0xf
core   0: 3 0x80005b7c (0x0000f597) x11 0x80014b7c
core   0: 0x80005b80 (0xb6b58593) addi    a1, a1, -1173
core   0: 3 0x80005b80 (0xb6b58593) x11 0x800146e7
core   0: 0x80005b84 (0xff540923) sb      s5, -14(s0)
core   0: 3 0x80005b84 (0xff540923) mem 0x80013211 0x0
core   0: 0x80005b88 (0xff544703) lbu     a4, -11(s0)
core   0: 3 0x80005b88 (0xff544703) x14 0x000000e3 mem 0x80013214
core   0: 0x80005b8c (0x00f400a3) sb      a5, 1(s0)
core   0: 3 0x80005b8c (0x00f400a3) mem 0x80013220 0x54
core   0: 0x80005b90 (0x01058003) lb      zero, 16(a1)
core   0: 3 0x80005b90 (0x01058003) mem 0x800146f7
core   0: 0x80005b94 (0x00941183) lh      gp, 9(s0)
core   0: 3 0x80005b94 (0x00941183) x 3 0x00005373 mem 0x80013228
core   0: 0x80005b98 (0x01458523) sb      s4, 10(a1)
core   0: 3 0x80005b98 (0x01458523) mem 0x800146f1 0x5d
core   0: 0x80005b9c (0xffe44083) lbu     ra, -2(s0)
core   0: 3 0x80005b9c (0xffe44083) x 1 0x00000003 mem 0x8001321d
core   0: 0x80005ba0 (0xfe341da3) sh      gp, -5(s0)
core   0: 3 0x80005ba0 (0xfe341da3) mem 0x8001321a 0x5373
core   0: 0x80005ba4 (0x00f5d983) lhu     s3, 15(a1)
core   0: 3 0x80005ba4 (0x00f5d983) x19 0x000092ee mem 0x800146f6
core   0: 0x80005ba8 (0x014413a3) sh      s4, 7(s0)
core   0: 3 0x80005ba8 (0x014413a3) mem 0x80013226 0x0b5d
core   0: 0x80005bac (0xfe259ca3) sh      sp, -7(a1)
core   0: 3 0x80005bac (0xfe259ca3) mem 0x800146e0 0xf14c
core   0: 0x80005bb0 (0xffd40483) lb      s1, -3(s0)
core   0: 3 0x80005bb0 (0xffd40483) x 9 0xffffffb2 mem 0x8001321c
core   0: 0x80005bb4 (0xffa5cf83) lbu     t6, -6(a1)
core   0: 3 0x80005bb4 (0xffa5cf83) x31 0x000000f1 mem 0x800146e1
core   0: 0x80005bb8 (0xff440083) lb      ra, -12(s0)
core   0: 3 0x80005bb8 (0xff440083) x 1 0x0000006e mem 0x80013213
core   0: 0x80005bbc (0x0000dc17) auipc   s8, 0xd
core   0: 3 0x80005bbc (0x0000dc17) x24 0x80012bbc
core   0: 0x80005bc0 (0x68cc0c13) addi    s8, s8, 1676
core   0: 3 0x80005bc0 (0x68cc0c13) x24 0x80013248
core   0: 0x80005bc4 (0x00016f17) auipc   t5, 0x16
core   0: 3 0x80005bc4 (0x00016f17) x30 0x8001bbc4
core   0: 0x80005bc8 (0x4dff0f13) addi    t5, t5, 1247
core   0: 3 0x80005bc8 (0x4dff0f13) x30 0x8001c0a3
core   0: 0x80005bcc (0x09cc0ea3) sb      t3, 157(s8)
core   0: 3 0x80005bcc (0x09cc0ea3) mem 0x800132e5 0x0
core   0: 0x80005bd0 (0xf2ec1723) sh      a4, -210(s8)
core   0: 3 0x80005bd0 (0xf2ec1723) mem 0x80013176 0x00e3
core   0: 0x80005bd4 (0xc12f4203) lbu     tp, -1006(t5)
core   0: 3 0x80005bd4 (0xc12f4203) x 4 0x00000015 mem 0x8001bcb5
core   0: 0x80005bd8 (0xf61c2623) sw      ra, -148(s8)
core   0: 3 0x80005bd8 (0xf61c2623) mem 0x800131b4 0x0000006e
core   0: 0x80005bdc (0xd7ef4f83) lbu     t6, -642(t5)
core   0: 3 0x80005bdc (0xd7ef4f83) x31 0x00000045 mem 0x8001be21
core   0: 0x80005be0 (0xf7ac0683) lb      a3, -134(s8)
core   0: 3 0x80005be0 (0xf7ac0683) x13 0x0000002b mem 0x800131c2
core   0: 0x80005be4 (0xe01f4583) lbu     a1, -511(t5)
core   0: 3 0x80005be4 (0xe01f4583) x11 0x00000083 mem 0x8001bea4
core   0: 0x80005be8 (0x0e2c2e23) sw      sp, 252(s8)
core   0: 3 0x80005be8 (0x0e2c2e23) mem 0x80013344 0x7ffdf14c
core   0: 0x80005bec (0x0ffc0283) lb      t0, 255(s8)
core   0: 3 0x80005bec (0x0ffc0283) x 5 0x0000007f mem 0x80013347
core   0: 0x80005bf0 (0x637f5683) lhu     a3, 1591(t5)
core   0: 3 0x80005bf0 (0x637f5683) x13 0x00002d4f mem 0x8001c6da
core   0: 0x80005bf4 (0xf7ac5e83) lhu     t4, -134(s8)
core   0: 3 0x80005bf4 (0xf7ac5e83) x29 0x0000fd2b mem 0x800131c2
core   0: 0x80005bf8 (0xda3f08a3) sb      gp, -591(t5)
core   0: 3 0x80005bf8 (0xda3f08a3) mem 0x8001be54 0x73
core   0: 0x80005bfc (0x1baf0583) lb      a1, 442(t5)
core   0: 3 0x80005bfc (0x1baf0583) x11 0x00000012 mem 0x8001c25d
core   0: 0x80005c00 (0x459f4a03) lbu     s4, 1113(t5)
core   0: 3 0x80005c00 (0x459f4a03) x20 0x00000051 mem 0x8001c4fc
core   0: 0x80005c04 (0x034009ef) jal     s3, pc + 0x34
core   0: 3 0x80005c04 (0x034009ef) x19 0x80005c08
core   0: 0x80005c38 (0xfd1ff0ef) jal     pc - 0x30
core   0: 3 0x80005c38 (0xfd1ff0ef) x 1 0x80005c3c
core   0: 0x80005c08 (0x034000ef) jal     pc + 0x34
core   0: 3 0x80005c08 (0x034000ef) x 1 0x80005c0c
core   0: 0x80005c3c (0x01c002ef) jal     t0, pc + 0x1c
core   0: 3 0x80005c3c (0x01c002ef) x 5 0x80005c40
core   0: 0x80005c58 (0x004000ef) jal     pc + 0x4
core   0: 3 0x80005c58 (0x004000ef) x 1 0x80005c5c
core   0: 0x80005c5c (0xfe5ff36f) jal     t1, pc - 0x1c
core   0: 3 0x80005c5c (0xfe5ff36f) x 6 0x80005c60
core   0: 0x80005c40 (0x004000ef) jal     pc + 0x4
core   0: 3 0x80005c40 (0x004000ef) x 1 0x80005c44
core   0: 0x80005c44 (0xfe9ff0ef) jal     pc - 0x18
core   0: 3 0x80005c44 (0xfe9ff0ef) x 1 0x80005c48
core   0: 0x80005c2c (0xfedff26f) jal     tp, pc - 0x14
core   0: 3 0x80005c2c (0xfedff26f) x 4 0x80005c30
core   0: 0x80005c18 (0x0380036f) jal     t1, pc + 0x38
core   0: 3 0x80005c18 (0x0380036f) x 6 0x80005c1c
core   0: 0x80005c50 (0xff9ff6ef) jal     a3, pc - 0x8
core   0: 3 0x80005c50 (0xff9ff6ef) x13 0x80005c54
core   0: 0x80005c48 (0xfd5ff0ef) jal     pc - 0x2c
core   0: 3 0x80005c48 (0xfd5ff0ef) x 1 0x80005c4c
core   0: 0x80005c1c (0x004003ef) jal     t2, pc + 0x4
core   0: 3 0x80005c1c (0x004003ef) x 7 0x80005c20
core   0: 0x80005c20 (0x008000ef) jal     pc + 0x8
core   0: 3 0x80005c20 (0x008000ef) x 1 0x80005c24
core   0: 0x80005c28 (0x02c0026f) jal     tp, pc + 0x2c
core   0: 3 0x80005c28 (0x02c0026f) x 4 0x80005c2c
core   0: 0x80005c54 (0xfbdff0ef) jal     pc - 0x44
core   0: 3 0x80005c54 (0xfbdff0ef) x 1 0x80005c58
core   0: 0x80005c10 (0xffdffdef) jal     s11, pc - 0x4
core   0: 3 0x80005c10 (0xffdffdef) x27 0x80005c14
core   0: 0x80005c0c (0x0180026f) jal     tp, pc + 0x18
core   0: 3 0x80005c0c (0x0180026f) x 4 0x80005c10
core   0: 0x80005c24 (0x00c002ef) jal     t0, pc + 0xc
core   0: 3 0x80005c24 (0x00c002ef) x 5 0x80005c28
core   0: 0x80005c30 (0xfe5ff26f) jal     tp, pc - 0x1c
core   0: 3 0x80005c30 (0xfe5ff26f) x 4 0x80005c34
core   0: 0x80005c14 (0x038000ef) jal     pc + 0x38
core   0: 3 0x80005c14 (0x038000ef) x 1 0x80005c18
core   0: 0x80005c4c (0xfe9ff3ef) jal     t2, pc - 0x18
core   0: 3 0x80005c4c (0xfe9ff3ef) x 7 0x80005c50
core   0: 0x80005c34 (0x02c000ef) jal     pc + 0x2c
core   0: 3 0x80005c34 (0x02c000ef) x 1 0x80005c38
core   0: 0x80005c60 (0x9c47b693) sltiu   a3, a5, -1596
core   0: 3 0x80005c60 (0x9c47b693) x13 0x00000001
core   0: 0x80005c64 (0x00018f17) auipc   t5, 0x18
core   0: 3 0x80005c64 (0x00018f17) x30 0x8001dc64
core   0: 0x80005c68 (0xe84f0f13) addi    t5, t5, -380
core   0: 3 0x80005c68 (0xe84f0f13) x30 0x8001dae8
core   0: 0x80005c6c (0x0000e097) auipc   ra, 0xe
core   0: 3 0x80005c6c (0x0000e097) x 1 0x80013c6c
core   0: 0x80005c70 (0x15308093) addi    ra, ra, 339
core   0: 3 0x80005c70 (0x15308093) x 1 0x80013dbf
core   0: 0x80005c74 (0x07bf0303) lb      t1, 123(t5)
core   0: 3 0x80005c74 (0x07bf0303) x 6 0x00000062 mem 0x8001db63
core   0: 0x80005c78 (0xfa8f0b03) lb      s6, -88(t5)
core   0: 3 0x80005c78 (0xfa8f0b03) x22 0xffffffe1 mem 0x8001da90
core   0: 0x80005c7c (0xfa8f5103) lhu     sp, -88(t5)
core   0: 3 0x80005c7c (0xfa8f5103) x 2 0x00009ee1 mem 0x8001da90
core   0: 0x80005c80 (0x0650d683) lhu     a3, 101(ra)
core   0: 3 0x80005c80 (0x0650d683) x13 0x00002d58 mem 0x80013e24
core   0: 0x80005c84 (0xfe109c83) lh      s9, -31(ra)
core   0: 3 0x80005c84 (0xfe109c83) x25 0xffffeeb0 mem 0x80013da0
core   0: 0x80005c88 (0xf97099a3) sh      s7, -109(ra)
core   0: 3 0x80005c88 (0xf97099a3) mem 0x80013d52 0x006f
core   0: 0x80005c8c (0x067f0283) lb      t0, 103(t5)
core   0: 3 0x80005c8c (0x067f0283) x 5 0x0000005a mem 0x8001db4f
core   0: 0x80005c90 (0xf290a003) lw      zero, -215(ra)
core   0: 3 0x80005c90 (0xf290a003) mem 0x80013ce8
core   0: 0x80005c94 (0xf90f4603) lbu     a2, -112(t5)
core   0: 3 0x80005c94 (0xf90f4603) x12 0x0000004a mem 0x8001da78
core   0: 0x80005c98 (0x09108923) sb      a7, 146(ra)
core   0: 3 0x80005c98 (0x09108923) mem 0x80013e51 0xe4
core   0: 0x80005c9c (0xfbe0c283) lbu     t0, -66(ra)
core   0: 3 0x80005c9c (0xfbe0c283) x 5 0x0000007e mem 0x80013d7d
core   0: 0x80005ca0 (0xf3908703) lb      a4, -199(ra)
core   0: 3 0x80005ca0 (0xf3908703) x14 0x00000035 mem 0x80013cf8
core   0: 0x80005ca4 (0x0e8f1383) lh      t2, 232(t5)
core   0: 3 0x80005ca4 (0x0e8f1383) x 7 0x00006c29 mem 0x8001dbd0
core   0: 0x80005ca8 (0xf5cf4603) lbu     a2, -164(t5)
core   0: 3 0x80005ca8 (0xf5cf4603) x12 0x0000001f mem 0x8001da44
core   0: 0x80005cac (0x038009ef) jal     s3, pc + 0x38
core   0: 3 0x80005cac (0x038009ef) x19 0x80005cb0
core   0: 0x80005ce4 (0xfcdff0ef) jal     pc - 0x34
core   0: 3 0x80005ce4 (0xfcdff0ef) x 1 0x80005ce8
core   0: 0x80005cb0 (0x00c000ef) jal     pc + 0xc
core   0: 3 0x80005cb0 (0x00c000ef) x 1 0x80005cb4
core   0: 0x80005cbc (0x004000ef) jal     pc + 0x4
core   0: 3 0x80005cbc (0x004000ef) x 1 0x80005cc0
core   0: 0x80005cc0 (0x0140036f) jal     t1, pc + 0x14
core   0: 3 0x80005cc0 (0x0140036f) x 6 0x80005cc4
core   0: 0x80005cd4 (0xffdff6ef) jal     a3, pc - 0x4
core   0: 3 0x80005cd4 (0xffdff6ef) x13 0x80005cd8
core   0: 0x80005cd0 (0x024000ef) jal     pc + 0x24
core   0: 3 0x80005cd0 (0x024000ef) x 1 0x80005cd4
core   0: 0x80005cf4 (0x004000ef) jal     pc + 0x4
core   0: 3 0x80005cf4 (0x004000ef) x 1 0x80005cf8
core   0: 0x80005cf8 (0xfc1ff0ef) jal     pc - 0x40
core   0: 3 0x80005cf8 (0xfc1ff0ef) x 1 0x80005cfc
core   0: 0x80005cb8 (0x0200016f) jal     sp, pc + 0x20
core   0: 3 0x80005cb8 (0x0200016f) x 2 0x80005cbc
core   0: 0x80005cd8 (0x008000ef) jal     pc + 0x8
core   0: 3 0x80005cd8 (0x008000ef) x 1 0x80005cdc
core   0: 0x80005ce0 (0xfd5ff0ef) jal     pc - 0x2c
core   0: 3 0x80005ce0 (0xfd5ff0ef) x 1 0x80005ce4
core   0: 0x80005cb4 (0x014000ef) jal     pc + 0x14
core   0: 3 0x80005cb4 (0x014000ef) x 1 0x80005cb8
core   0: 0x80005cc8 (0x0240036f) jal     t1, pc + 0x24
core   0: 3 0x80005cc8 (0x0240036f) x 6 0x80005ccc
core   0: 0x80005cec (0x0040036f) jal     t1, pc + 0x4
core   0: 3 0x80005cec (0x0040036f) x 6 0x80005cf0
core   0: 0x80005cf0 (0xfddff36f) jal     t1, pc - 0x24
core   0: 3 0x80005cf0 (0xfddff36f) x 6 0x80005cf4
core   0: 0x80005ccc (0x0100036f) jal     t1, pc + 0x10
core   0: 3 0x80005ccc (0x0100036f) x 6 0x80005cd0
core   0: 0x80005cdc (0x024000ef) jal     pc + 0x24
core   0: 3 0x80005cdc (0x024000ef) x 1 0x80005ce0
core   0: 0x80005d00 (0xffdff0ef) jal     pc - 0x4
core   0: 3 0x80005d00 (0xffdff0ef) x 1 0x80005d04
core   0: 0x80005cfc (0xfedff0ef) jal     pc - 0x14
core   0: 3 0x80005cfc (0xfedff0ef) x 1 0x80005d00
core   0: 0x80005ce8 (0xfddff36f) jal     t1, pc - 0x24
core   0: 3 0x80005ce8 (0xfddff36f) x 6 0x80005cec
core   0: 0x80005cc4 (0x0400036f) jal     t1, pc + 0x40
core   0: 3 0x80005cc4 (0x0400036f) x 6 0x80005cc8
core   0: 0x80005d04 (0x4063d693) srai    a3, t2, 6
core   0: 3 0x80005d04 (0x4063d693) x13 0x000001b0
core   0: 0x80005d08 (0x00019097) auipc   ra, 0x19
core   0: 3 0x80005d08 (0x00019097) x 1 0x8001ed08
core   0: 0x80005d0c (0x33908093) addi    ra, ra, 825
core   0: 3 0x80005d0c (0x33908093) x 1 0x8001f041
core   0: 0x80005d10 (0xf1a08283) lb      t0, -230(ra)
core   0: 3 0x80005d10 (0xf1a08283) x 5 0x00000045 mem 0x8001ef5b
core   0: 0x80005d14 (0xf0508d23) sb      t0, -230(ra)
core   0: 3 0x80005d14 (0xf0508d23) mem 0x8001ef5b 0x45
core   0: 0x80005d18 (0x40305293) srai    t0, zero, 3
core   0: 3 0x80005d18 (0x40305293) x 5 0x00000000
core   0: 0x80005d1c (0xf1a0cc03) lbu     s8, -230(ra)
core   0: 3 0x80005d1c (0xf1a0cc03) x24 0x00000045 mem 0x8001ef5b
core   0: 0x80005d20 (0xf1a08983) lb      s3, -230(ra)
core   0: 3 0x80005d20 (0xf1a08983) x19 0x00000045 mem 0x8001ef5b
core   0: 0x80005d24 (0xf0708d23) sb      t2, -230(ra)
core   0: 3 0x80005d24 (0xf0708d23) mem 0x8001ef5b 0x29
core   0: 0x80005d28 (0xf1a0c483) lbu     s1, -230(ra)
core   0: 3 0x80005d28 (0xf1a0c483) x 9 0x00000029 mem 0x8001ef5b
core   0: 0x80005d2c (0x01109e03) lh      t3, 17(ra)
core   0: 3 0x80005d2c (0x01109e03) x28 0x00005f5f mem 0x8001f052
core   0: 0x80005d30 (0x01108203) lb      tp, 17(ra)
core   0: 3 0x80005d30 (0x01108203) x 4 0x0000005f mem 0x8001f052
core   0: 0x80005d34 (0x01108f83) lb      t6, 17(ra)
core   0: 3 0x80005d34 (0x01108f83) x31 0x0000005f mem 0x8001f052
core   0: 0x80005d38 (0x0110c503) lbu     a0, 17(ra)
core   0: 3 0x80005d38 (0x0110c503) x10 0x0000005f mem 0x8001f052
core   0: 0x80005d3c (0x01108b03) lb      s6, 17(ra)
core   0: 3 0x80005d3c (0x01108b03) x22 0x0000005f mem 0x8001f052
core   0: 0x80005d40 (0x5eb0b213) sltiu   tp, ra, 1515
core   0: 3 0x80005d40 (0x5eb0b213) x 4 0x00000000
core   0: 0x80005d44 (0x008de5b3) or      a1, s11, s0
core   0: 3 0x80005d44 (0x008de5b3) x11 0x80017e1f
core   0: 0x80005d48 (0x0110d483) lhu     s1, 17(ra)
core   0: 3 0x80005d48 (0x0110d483) x 9 0x00005f5f mem 0x8001f052
core   0: 0x80005d4c (0x0110de03) lhu     t3, 17(ra)
core   0: 3 0x80005d4c (0x0110de03) x28 0x00005f5f mem 0x8001f052
core   0: 0x80005d50 (0x005088a3) sb      t0, 17(ra)
core   0: 3 0x80005d50 (0x005088a3) mem 0x8001f052 0x0
core   0: 0x80005d54 (0x0d20c303) lbu     t1, 210(ra)
core   0: 3 0x80005d54 (0x0d20c303) x 6 0x000000e7 mem 0x8001f113
core   0: 0x80005d58 (0x0d208103) lb      sp, 210(ra)
core   0: 3 0x80005d58 (0x0d208103) x 2 0xffffffe7 mem 0x8001f113
core   0: 0x80005d5c (0x7f41e393) ori     t2, gp, 2036
core   0: 3 0x80005d5c (0x7f41e393) x 7 0x000057f7
core   0: 0x80005d60 (0x4290fc37) lui     s8, 0x4290f
core   0: 3 0x80005d60 (0x4290fc37) x24 0x4290f000
core   0: 0x80005d64 (0x0d20ca83) lbu     s5, 210(ra)
core   0: 3 0x80005d64 (0x0d20ca83) x21 0x000000e7 mem 0x8001f113
core   0: 0x80005d68 (0x0000db17) auipc   s6, 0xd
core   0: 3 0x80005d68 (0x0000db17) x22 0x80012d68
core   0: 0x80005d6c (0x464b0b13) addi    s6, s6, 1124
core   0: 3 0x80005d6c (0x464b0b13) x22 0x800131cc
core   0: 0x80005d70 (0x00010e97) auipc   t4, 0x10
core   0: 3 0x80005d70 (0x00010e97) x29 0x80015d70
core   0: 0x80005d74 (0x38ce8e93) addi    t4, t4, 908
core   0: 3 0x80005d74 (0x38ce8e93) x29 0x800160fc
core   0: 0x80005d78 (0xfe8b4a03) lbu     s4, -24(s6)
core   0: 3 0x80005d78 (0xfe8b4a03) x20 0x0000006e mem 0x800131b4
core   0: 0x80005d7c (0x015e8523) sb      s5, 10(t4)
core   0: 3 0x80005d7c (0x015e8523) mem 0x80016106 0xe7
core   0: 0x80005d80 (0xff3ec583) lbu     a1, -13(t4)
core   0: 3 0x80005d80 (0xff3ec583) x11 0x0000008f mem 0x800160ef
core   0: 0x80005d84 (0x013b4603) lbu     a2, 19(s6)
core   0: 3 0x80005d84 (0x013b4603) x12 0x00000052 mem 0x800131df
core   0: 0x80005d88 (0x019e80a3) sb      s9, 1(t4)
core   0: 3 0x80005d88 (0x019e80a3) mem 0x800160fd 0xb0
core   0: 0x80005d8c (0xfe1b09a3) sb      ra, -13(s6)
core   0: 3 0x80005d8c (0xfe1b09a3) mem 0x800131bf 0x41
core   0: 0x80005d90 (0xff3e8003) lb      zero, -13(t4)
core   0: 3 0x80005d90 (0xff3e8003) mem 0x800160ef
core   0: 0x80005d94 (0x008ea683) lw      a3, 8(t4)
core   0: 3 0x80005d94 (0x008ea683) x13 0x1be7ea2a mem 0x80016104
core   0: 0x80005d98 (0x03fb0c83) lb      s9, 63(s6)
core   0: 3 0x80005d98 (0x03fb0c83) x25 0xffffffa9 mem 0x8001320b
core   0: 0x80005d9c (0xff0b5c03) lhu     s8, -16(s6)
core   0: 3 0x80005d9c (0xff0b5c03) x24 0x0000b677 mem 0x800131bc
core   0: 0x80005da0 (0xfc6b0703) lb      a4, -58(s6)
core   0: 3 0x80005da0 (0xfc6b0703) x14 0xffffffc4 mem 0x80013192
core   0: 0x80005da4 (0x00de8703) lb      a4, 13(t4)
core   0: 3 0x80005da4 (0x00de8703) x14 0xffffffcb mem 0x80016109
core   0: 0x80005da8 (0x03eb5683) lhu     a3, 62(s6)
core   0: 3 0x80005da8 (0x03eb5683) x13 0x0000a9e0 mem 0x8001320a
core   0: 0x80005dac (0x00decf83) lbu     t6, 13(t4)
core   0: 3 0x80005dac (0x00decf83) x31 0x000000cb mem 0x80016109
core   0: 0x80005db0 (0x00eecd83) lbu     s11, 14(t4)
core   0: 3 0x80005db0 (0x00eecd83) x27 0x000000cc mem 0x8001610a
core   0: 0x80005db4 (0x02bb4d03) lbu     s10, 43(s6)
core   0: 3 0x80005db4 (0x02bb4d03) x26 0x000000de mem 0x800131f7
core   0: 0x80005db8 (0xffd00593) li      a1, -3
core   0: 3 0x80005db8 (0xffd00593) x11 0xfffffffd
core   0: 0x80005dbc (0x0092d193) srli    gp, t0, 9
core   0: 3 0x80005dbc (0x0092d193) x 3 0x00000000
core   0: 0x80005dc0 (0x011c0533) add     a0, s8, a7
core   0: 3 0x80005dc0 (0x011c0533) x10 0x8003835b
core   0: 0x80005dc4 (0xf3bd5b97) auipc   s7, 0xf3bd5
core   0: 3 0x80005dc4 (0xf3bd5b97) x23 0x73bdadc4
core   0: 0x80005dc8 (0x51580d13) addi    s10, a6, 1301
core   0: 3 0x80005dc8 (0x51580d13) x26 0x80000515
core   0: 0x80005dcc (0xff500393) li      t2, -11
core   0: 3 0x80005dcc (0xff500393) x 7 0xfffffff5
core   0: 0x80005dd0 (0x8017bf93) sltiu   t6, a5, -2047
core   0: 3 0x80005dd0 (0x8017bf93) x31 0x00000001
core   0: 0x80005dd4 (0x0061c4b3) xor     s1, gp, t1
core   0: 3 0x80005dd4 (0x0061c4b3) x 9 0x000000e7
core   0: 0x80005dd8 (0x0db28493) addi    s1, t0, 219
core   0: 3 0x80005dd8 (0x0db28493) x 9 0x000000db
core   0: 0x80005ddc (0x3334ab93) slti    s7, s1, 819
core   0: 3 0x80005ddc (0x3334ab93) x23 0x00000001
core   0: 0x80005de0 (0xfff58593) addi    a1, a1, -1
core   0: 3 0x80005de0 (0xfff58593) x11 0xfffffffc
core   0: 0x80005de4 (0x0086c9b3) xor     s3, a3, s0
core   0: 3 0x80005de4 (0x0086c9b3) x19 0x80019bff
core   0: 0x80005de8 (0xfe7596e3) bne     a1, t2, pc - 20
core   0: 3 0x80005de8 (0xfe7596e3)
core   0: 0x80005dd4 (0x0061c4b3) xor     s1, gp, t1
core   0: 3 0x80005dd4 (0x0061c4b3) x 9 0x000000e7
core   0: 0x80005dd8 (0x0db28493) addi    s1, t0, 219
core   0: 3 0x80005dd8 (0x0db28493) x 9 0x000000db
core   0: 0x80005ddc (0x3334ab93) slti    s7, s1, 819
core   0: 3 0x80005ddc (0x3334ab93) x23 0x00000001
core   0: 0x80005de0 (0xfff58593) addi    a1, a1, -1
core   0: 3 0x80005de0 (0xfff58593) x11 0xfffffffb
core   0: 0x80005de4 (0x0086c9b3) xor     s3, a3, s0
core   0: 3 0x80005de4 (0x0086c9b3) x19 0x80019bff
core   0: 0x80005de8 (0xfe7596e3) bne     a1, t2, pc - 20
core   0: 3 0x80005de8 (0xfe7596e3)
core   0: 0x80005dd4 (0x0061c4b3) xor     s1, gp, t1
core   0: 3 0x80005dd4 (0x0061c4b3) x 9 0x000000e7
core   0: 0x80005dd8 (0x0db28493) addi    s1, t0, 219
core   0: 3 0x80005dd8 (0x0db28493) x 9 0x000000db
core   0: 0x80005ddc (0x3334ab93) slti    s7, s1, 819
core   0: 3 0x80005ddc (0x3334ab93) x23 0x00000001
core   0: 0x80005de0 (0xfff58593) addi    a1, a1, -1
core   0: 3 0x80005de0 (0xfff58593) x11 0xfffffffa
core   0: 0x80005de4 (0x0086c9b3) xor     s3, a3, s0
core   0: 3 0x80005de4 (0x0086c9b3) x19 0x80019bff
core   0: 0x80005de8 (0xfe7596e3) bne     a1, t2, pc - 20
core   0: 3 0x80005de8 (0xfe7596e3)
core   0: 0x80005dd4 (0x0061c4b3) xor     s1, gp, t1
core   0: 3 0x80005dd4 (0x0061c4b3) x 9 0x000000e7
core   0: 0x80005dd8 (0x0db28493) addi    s1, t0, 219
core   0: 3 0x80005dd8 (0x0db28493) x 9 0x000000db
core   0: 0x80005ddc (0x3334ab93) slti    s7, s1, 819
core   0: 3 0x80005ddc (0x3334ab93) x23 0x00000001
core   0: 0x80005de0 (0xfff58593) addi    a1, a1, -1
core   0: 3 0x80005de0 (0xfff58593) x11 0xfffffff9
core   0: 0x80005de4 (0x0086c9b3) xor     s3, a3, s0
core   0: 3 0x80005de4 (0x0086c9b3) x19 0x80019bff
core   0: 0x80005de8 (0xfe7596e3) bne     a1, t2, pc - 20
core   0: 3 0x80005de8 (0xfe7596e3)
core   0: 0x80005dd4 (0x0061c4b3) xor     s1, gp, t1
core   0: 3 0x80005dd4 (0x0061c4b3) x 9 0x000000e7
core   0: 0x80005dd8 (0x0db28493) addi    s1, t0, 219
core   0: 3 0x80005dd8 (0x0db28493) x 9 0x000000db
core   0: 0x80005ddc (0x3334ab93) slti    s7, s1, 819
core   0: 3 0x80005ddc (0x3334ab93) x23 0x00000001
core   0: 0x80005de0 (0xfff58593) addi    a1, a1, -1
core   0: 3 0x80005de0 (0xfff58593) x11 0xfffffff8
core   0: 0x80005de4 (0x0086c9b3) xor     s3, a3, s0
core   0: 3 0x80005de4 (0x0086c9b3) x19 0x80019bff
core   0: 0x80005de8 (0xfe7596e3) bne     a1, t2, pc - 20
core   0: 3 0x80005de8 (0xfe7596e3)
core   0: 0x80005dd4 (0x0061c4b3) xor     s1, gp, t1
core   0: 3 0x80005dd4 (0x0061c4b3) x 9 0x000000e7
core   0: 0x80005dd8 (0x0db28493) addi    s1, t0, 219
core   0: 3 0x80005dd8 (0x0db28493) x 9 0x000000db
core   0: 0x80005ddc (0x3334ab93) slti    s7, s1, 819
core   0: 3 0x80005ddc (0x3334ab93) x23 0x00000001
core   0: 0x80005de0 (0xfff58593) addi    a1, a1, -1
core   0: 3 0x80005de0 (0xfff58593) x11 0xfffffff7
core   0: 0x80005de4 (0x0086c9b3) xor     s3, a3, s0
core   0: 3 0x80005de4 (0x0086c9b3) x19 0x80019bff
core   0: 0x80005de8 (0xfe7596e3) bne     a1, t2, pc - 20
core   0: 3 0x80005de8 (0xfe7596e3)
core   0: 0x80005dd4 (0x0061c4b3) xor     s1, gp, t1
core   0: 3 0x80005dd4 (0x0061c4b3) x 9 0x000000e7
core   0: 0x80005dd8 (0x0db28493) addi    s1, t0, 219
core   0: 3 0x80005dd8 (0x0db28493) x 9 0x000000db
core   0: 0x80005ddc (0x3334ab93) slti    s7, s1, 819
core   0: 3 0x80005ddc (0x3334ab93) x23 0x00000001
core   0: 0x80005de0 (0xfff58593) addi    a1, a1, -1
core   0: 3 0x80005de0 (0xfff58593) x11 0xfffffff6
core   0: 0x80005de4 (0x0086c9b3) xor     s3, a3, s0
core   0: 3 0x80005de4 (0x0086c9b3) x19 0x80019bff
core   0: 0x80005de8 (0xfe7596e3) bne     a1, t2, pc - 20
core   0: 3 0x80005de8 (0xfe7596e3)
core   0: 0x80005dd4 (0x0061c4b3) xor     s1, gp, t1
core   0: 3 0x80005dd4 (0x0061c4b3) x 9 0x000000e7
core   0: 0x80005dd8 (0x0db28493) addi    s1, t0, 219
core   0: 3 0x80005dd8 (0x0db28493) x 9 0x000000db
core   0: 0x80005ddc (0x3334ab93) slti    s7, s1, 819
core   0: 3 0x80005ddc (0x3334ab93) x23 0x00000001
core   0: 0x80005de0 (0xfff58593) addi    a1, a1, -1
core   0: 3 0x80005de0 (0xfff58593) x11 0xfffffff5
core   0: 0x80005de4 (0x0086c9b3) xor     s3, a3, s0
core   0: 3 0x80005de4 (0x0086c9b3) x19 0x80019bff
core   0: 0x80005de8 (0xfe7596e3) bne     a1, t2, pc - 20
core   0: 3 0x80005de8 (0xfe7596e3)
core   0: 0x80005dec (0x4197d093) srai    ra, a5, 25
core   0: 3 0x80005dec (0x4197d093) x 1 0xffffffc0
core   0: 0x80005df0 (0x00012917) auipc   s2, 0x12
core   0: 3 0x80005df0 (0x00012917) x18 0x80017df0
core   0: 0x80005df4 (0x81290913) addi    s2, s2, -2030
core   0: 3 0x80005df4 (0x81290913) x18 0x80017602
core   0: 0x80005df8 (0x00a91d23) sh      a0, 26(s2)
core   0: 3 0x80005df8 (0x00a91d23) mem 0x8001761c 0x835b
core   0: 0x80005dfc (0x0001ec97) auipc   s9, 0x1e
core   0: 3 0x80005dfc (0x0001ec97) x25 0x80023dfc
core   0: 0x80005e00 (0xc33c8c93) addi    s9, s9, -973
core   0: 3 0x80005e00 (0xc33c8c93) x25 0x80023a2f
core   0: 0x80005e04 (0xfe091a03) lh      s4, -32(s2)
core   0: 3 0x80005e04 (0xfe091a03) x20 0xffffd06c mem 0x800175e2
core   0: 0x80005e08 (0x030cc003) lbu     zero, 48(s9)
core   0: 3 0x80005e08 (0x030cc003) mem 0x80023a5f
core   0: 0x80005e0c (0xfe0c8623) sb      zero, -20(s9)
core   0: 3 0x80005e0c (0xfe0c8623) mem 0x80023a1b 0x0
core   0: 0x80005e10 (0x00c908a3) sb      a2, 17(s2)
core   0: 3 0x80005e10 (0x00c908a3) mem 0x80017613 0x52
core   0: 0x80005e14 (0x038cc583) lbu     a1, 56(s9)
core   0: 3 0x80005e14 (0x038cc583) x11 0x000000f2 mem 0x80023a67
core   0: 0x80005e18 (0x018c8323) sb      s8, 6(s9)
core   0: 3 0x80005e18 (0x018c8323) mem 0x80023a35 0x77
core   0: 0x80005e1c (0x02494483) lbu     s1, 36(s2)
core   0: 3 0x80005e1c (0x02494483) x 9 0x00000060 mem 0x80017626
core   0: 0x80005e20 (0x040cc103) lbu     sp, 64(s9)
core   0: 3 0x80005e20 (0x040cc103) x 2 0x00000066 mem 0x80023a6f
core   0: 0x80005e24 (0x02bc95a3) sh      a1, 43(s9)
core   0: 3 0x80005e24 (0x02bc95a3) mem 0x80023a5a 0x00f2
core   0: 0x80005e28 (0x00294983) lbu     s3, 2(s2)
core   0: 3 0x80005e28 (0x00294983) x19 0x00000067 mem 0x80017604
core   0: 0x80005e2c (0x017c8103) lb      sp, 23(s9)
core   0: 3 0x80005e2c (0x017c8103) x 2 0x00000013 mem 0x80023a46
core   0: 0x80005e30 (0xff490003) lb      zero, -12(s2)
core   0: 3 0x80005e30 (0xff490003) mem 0x800175f6
core   0: 0x80005e34 (0xfc9ca503) lw      a0, -55(s9)
core   0: 3 0x80005e34 (0xfc9ca503) x10 0x5890ae5d mem 0x800239f8
core   0: 0x80005e38 (0xfc292f23) sw      sp, -34(s2)
core   0: 3 0x80005e38 (0xfc292f23) mem 0x800175e0 0x00000013
core   0: 0x80005e3c (0xfffc9ea3) sh      t6, -3(s9)
core   0: 3 0x80005e3c (0xfffc9ea3) mem 0x80023a2c 0x0001
core   0: 0x80005e40 (0x0000eb97) auipc   s7, 0xe
core   0: 3 0x80005e40 (0x0000eb97) x23 0x80013e40
core   0: 0x80005e44 (0xbc3b8b93) addi    s7, s7, -1085
core   0: 3 0x80005e44 (0xbc3b8b93) x23 0x80013a03
core   0: 0x80005e48 (0xff4b8e03) lb      t3, -12(s7)
core   0: 3 0x80005e48 (0xff4b8e03) x28 0x0000004b mem 0x800139f7
core   0: 0x80005e4c (0x01a252b3) srl     t0, tp, s10
core   0: 3 0x80005e4c (0x01a252b3) x 5 0x00000000
core   0: 0x80005e50 (0x01fd5e13) srli    t3, s10, 31
core   0: 3 0x80005e50 (0x01fd5e13) x28 0x00000001
core   0: 0x80005e54 (0x0042a233) slt     tp, t0, tp
core   0: 3 0x80005e54 (0x0042a233) x 4 0x00000000
core   0: 0x80005e58 (0xfa7e3e13) sltiu   t3, t3, -89
core   0: 3 0x80005e58 (0xfa7e3e13) x28 0x00000001
core   0: 0x80005e5c (0xfcfbde03) lhu     t3, -49(s7)
core   0: 3 0x80005e5c (0xfcfbde03) x28 0x00001f54 mem 0x800139d2
core   0: 0x80005e60 (0x63b2a993) slti    s3, t0, 1595
core   0: 3 0x80005e60 (0x63b2a993) x19 0x00000001
core   0: 0x80005e64 (0x01ae7e33) and     t3, t3, s10
core   0: 3 0x80005e64 (0x01ae7e33) x28 0x00000514
core   0: 0x80005e68 (0x00e20233) add     tp, tp, a4
core   0: 3 0x80005e68 (0x00e20233) x 4 0xffffffcb
core   0: 0x80005e6c (0x00329e13) slli    t3, t0, 3
core   0: 3 0x80005e6c (0x00329e13) x28 0x00000000
core   0: 0x80005e70 (0x9b5af9b7) lui     s3, 0x9b5af
core   0: 3 0x80005e70 (0x9b5af9b7) x19 0x9b5af000
core   0: 0x80005e74 (0x3e49f213) andi    tp, s3, 996
core   0: 3 0x80005e74 (0x3e49f213) x 4 0x00000000
core   0: 0x80005e78 (0x0ff0000f) fence   iorw,iorw
core   0: 3 0x80005e78 (0x0ff0000f)
core   0: 0x80005e7c (0x5a79bd13) sltiu   s10, s3, 1447
core   0: 3 0x80005e7c (0x5a79bd13) x26 0x00000000
core   0: 0x80005e80 (0x03ab8fa3) sb      s10, 63(s7)
core   0: 3 0x80005e80 (0x03ab8fa3) mem 0x80013a42 0x0
core   0: 0x80005e84 (0x010bc283) lbu     t0, 16(s7)
core   0: 3 0x80005e84 (0x010bc283) x 5 0x000000c4 mem 0x80013a13
core   0: 0x80005e88 (0x024b8aa3) sb      tp, 53(s7)
core   0: 3 0x80005e88 (0x024b8aa3) mem 0x80013a38 0x0
core   0: 0x80005e8c (0xffcb99a3) sh      t3, -13(s7)
core   0: 3 0x80005e8c (0xffcb99a3) mem 0x800139f6 0x0000
core   0: 0x80005e90 (0x030bc283) lbu     t0, 48(s7)
core   0: 3 0x80005e90 (0x030bc283) x 5 0x00000063 mem 0x80013a33
core   0: 0x80005e94 (0x0ff0000f) fence   iorw,iorw
core   0: 3 0x80005e94 (0x0ff0000f)
core   0: 0x80005e98 (0x0059a9b3) slt     s3, s3, t0
core   0: 3 0x80005e98 (0x0059a9b3) x19 0x00000001
core   0: 0x80005e9c (0x41b9d993) srai    s3, s3, 27
core   0: 3 0x80005e9c (0x41b9d993) x19 0x00000000
core   0: 0x80005ea0 (0xd8aa5e37) lui     t3, 0xd8aa5
core   0: 3 0x80005ea0 (0xd8aa5e37) x28 0xd8aa5000
core   0: 0x80005ea4 (0x01a9c233) xor     tp, s3, s10
core   0: 3 0x80005ea4 (0x01a9c233) x 4 0x00000000
core   0: 0x80005ea8 (0x40e28233) sub     tp, t0, a4
core   0: 3 0x80005ea8 (0x40e28233) x 4 0x00000098
core   0: 0x80005eac (0x2be9bd13) sltiu   s10, s3, 702
core   0: 3 0x80005eac (0x2be9bd13) x26 0x00000001
core   0: 0x80005eb0 (0x037bc203) lbu     tp, 55(s7)
core   0: 3 0x80005eb0 (0x037bc203) x 4 0x000000bf mem 0x80013a3a
core   0: 0x80005eb4 (0x01c98d33) add     s10, s3, t3
core   0: 3 0x80005eb4 (0x01c98d33) x26 0xd8aa5000
core   0: 0x80005eb8 (0xa9226993) ori     s3, tp, -1390
core   0: 3 0x80005eb8 (0xa9226993) x19 0xfffffabf
core   0: 0x80005ebc (0x5bde3993) sltiu   s3, t3, 1469
core   0: 3 0x80005ebc (0x5bde3993) x19 0x00000000
core   0: 0x80005ec0 (0x0000100f) fence.i
core   0: 3 0x80005ec0 (0x0000100f)
core   0: 0x80005ec4 (0x01a2dd33) srl     s10, t0, s10
core   0: 3 0x80005ec4 (0x01a2dd33) x26 0x00000063
core   0: 0x80005ec8 (0x2662f293) andi    t0, t0, 614
core   0: 3 0x80005ec8 (0x2662f293) x 5 0x00000062
core   0: 0x80005ecc (0xff3bc983) lbu     s3, -13(s7)
core   0: 3 0x80005ecc (0xff3bc983) x19 0x00000000 mem 0x800139f6
core   0: 0x80005ed0 (0x01a25e33) srl     t3, tp, s10
core   0: 3 0x80005ed0 (0x01a25e33) x28 0x00000017
core   0: 0x80005ed4 (0x0000100f) fence.i
core   0: 3 0x80005ed4 (0x0000100f)
core   0: 0x80005ed8 (0x01fbdd03) lhu     s10, 31(s7)
core   0: 3 0x80005ed8 (0x01fbdd03) x26 0x000026b0 mem 0x80013a22
core   0: 0x80005edc (0x0000e117) auipc   sp, 0xe
core   0: 3 0x80005edc (0x0000e117) x 2 0x80013edc
core   0: 0x80005ee0 (0xef910113) addi    sp, sp, -263
core   0: 3 0x80005ee0 (0xef910113) x 2 0x80013dd5
core   0: 0x80005ee4 (0x0001b097) auipc   ra, 0x1b
core   0: 3 0x80005ee4 (0x0001b097) x 1 0x80020ee4
core   0: 0x80005ee8 (0xe4d08093) addi    ra, ra, -435
core   0: 3 0x80005ee8 (0xe4d08093) x 1 0x80020d31
core   0: 0x80005eec (0xfff09303) lh      t1, -1(ra)
core   0: 3 0x80005eec (0xfff09303) x 6 0x000004b7 mem 0x80020d30
core   0: 0x80005ef0 (0x00510683) lb      a3, 5(sp)
core   0: 3 0x80005ef0 (0x00510683) x13 0xffffffeb mem 0x80013dda
core   0: 0x80005ef4 (0x00512ba3) sw      t0, 23(sp)
core   0: 3 0x80005ef4 (0x00512ba3) mem 0x80013dec 0x00000062
core   0: 0x80005ef8 (0x00708623) sb      t2, 12(ra)
core   0: 3 0x80005ef8 (0x00708623) mem 0x80020d3d 0xf5
core   0: 0x80005efc (0x00014b83) lbu     s7, 0(sp)
core   0: 3 0x80005efc (0x00014b83) x23 0x000000c8 mem 0x80013dd5
core   0: 0x80005f00 (0xfc410ba3) sb      tp, -41(sp)
core   0: 3 0x80005f00 (0xfc410ba3) mem 0x80013dac 0xbf
core   0: 0x80005f04 (0x00508d83) lb      s11, 5(ra)
core   0: 3 0x80005f04 (0x00508d83) x27 0x00000006 mem 0x80020d36
core   0: 0x80005f08 (0x00708e83) lb      t4, 7(ra)
core   0: 3 0x80005f08 (0x00708e83) x29 0xfffffffc mem 0x80020d38
core   0: 0x80005f0c (0xfc111503) lh      a0, -63(sp)
core   0: 3 0x80005f0c (0xfc111503) x10 0xffff8282 mem 0x80013d96
core   0: 0x80005f10 (0x00d09c83) lh      s9, 13(ra)
core   0: 3 0x80005f10 (0x00d09c83) x25 0x00003ccf mem 0x80020d3e
core   0: 0x80005f14 (0xfe809fa3) sh      s0, -1(ra)
core   0: 3 0x80005f14 (0xfe809fa3) mem 0x80020d30 0x321f
core   0: 0x80005f18 (0x0000cd83) lbu     s11, 0(ra)
core   0: 3 0x80005f18 (0x0000cd83) x27 0x00000032 mem 0x80020d31
core   0: 0x80005f1c (0x00b0cc03) lbu     s8, 11(ra)
core   0: 3 0x80005f1c (0x00b0cc03) x24 0x00000081 mem 0x80020d3c
core   0: 0x80005f20 (0x03214d03) lbu     s10, 50(sp)
core   0: 3 0x80005f20 (0x03214d03) x26 0x0000007e mem 0x80013e07
core   0: 0x80005f24 (0xff808b23) sb      s8, -10(ra)
core   0: 3 0x80005f24 (0xff808b23) mem 0x80020d27 0x81
core   0: 0x80005f28 (0x00015997) auipc   s3, 0x15
core   0: 3 0x80005f28 (0x00015997) x19 0x8001af28
core   0: 0x80005f2c (0x75198993) addi    s3, s3, 1873
core   0: 3 0x80005f2c (0x75198993) x19 0x8001b679
core   0: 0x80005f30 (0xffb9a9a3) sw      s11, -13(s3)
core   0: 3 0x80005f30 (0xffb9a9a3) mem 0x8001b66c 0x00000032
core   0: 0x80005f34 (0x00016497) auipc   s1, 0x16
core   0: 3 0x80005f34 (0x00016497) x 9 0x8001bf34
core   0: 0x80005f38 (0x44848493) addi    s1, s1, 1096
core   0: 3 0x80005f38 (0x44848493) x 9 0x8001c37c
core   0: 0x80005f3c (0xff148903) lb      s2, -15(s1)
core   0: 3 0x80005f3c (0xff148903) x18 0xffffff84 mem 0x8001c36d
core   0: 0x80005f40 (0x00f98823) sb      a5, 16(s3)
core   0: 3 0x80005f40 (0x00f98823) mem 0x8001b689 0x54
core   0: 0x80005f44 (0x00c486a3) sb      a2, 13(s1)
core   0: 3 0x80005f44 (0x00c486a3) mem 0x8001c389 0x52
core   0: 0x80005f48 (0xfe198b23) sb      ra, -10(s3)
core   0: 3 0x80005f48 (0xfe198b23) mem 0x8001b66f 0x31
core   0: 0x80005f4c (0x003983a3) sb      gp, 7(s3)
core   0: 3 0x80005f4c (0x003983a3) mem 0x8001b680 0x0
core   0: 0x80005f50 (0xff94c083) lbu     ra, -7(s1)
core   0: 3 0x80005f50 (0xff94c083) x 1 0x000000e1 mem 0x8001c375
core   0: 0x80005f54 (0xff84c583) lbu     a1, -8(s1)
core   0: 3 0x80005f54 (0xff84c583) x11 0x00000030 mem 0x8001c374
core   0: 0x80005f58 (0xff398b83) lb      s7, -13(s3)
core   0: 3 0x80005f58 (0xff398b83) x23 0x00000032 mem 0x8001b66c
core   0: 0x80005f5c (0x01198823) sb      a7, 16(s3)
core   0: 3 0x80005f5c (0x01198823) mem 0x8001b689 0xe4
core   0: 0x80005f60 (0x01498323) sb      s4, 6(s3)
core   0: 3 0x80005f60 (0x01498323) mem 0x8001b67f 0x6c
core   0: 0x80005f64 (0x01449823) sh      s4, 16(s1)
core   0: 3 0x80005f64 (0x01449823) mem 0x8001c38c 0xd06c
core   0: 0x80005f68 (0x0029cf03) lbu     t5, 2(s3)
core   0: 3 0x80005f68 (0x0029cf03) x30 0x0000002e mem 0x8001b67b
core   0: 0x80005f6c (0xff098683) lb      a3, -16(s3)
core   0: 3 0x80005f6c (0xff098683) x13 0x00000051 mem 0x8001b669
core   0: 0x80005f70 (0x00298703) lb      a4, 2(s3)
core   0: 3 0x80005f70 (0x00298703) x14 0x0000002e mem 0x8001b67b
core   0: 0x80005f74 (0x00b480a3) sb      a1, 1(s1)
core   0: 3 0x80005f74 (0x00b480a3) mem 0x8001c37d 0x30
core   0: 0x80005f78 (0x0000e717) auipc   a4, 0xe
core   0: 3 0x80005f78 (0x0000e717) x14 0x80013f78
core   0: 0x80005f7c (0xb1070713) addi    a4, a4, -1264
core   0: 3 0x80005f7c (0xb1070713) x14 0x80013a88
core   0: 0x80005f80 (0xfdf74303) lbu     t1, -33(a4)
core   0: 3 0x80005f80 (0xfdf74303) x 6 0x00000035 mem 0x80013a67
core   0: 0x80005f84 (0xf7f74383) lbu     t2, -129(a4)
core   0: 3 0x80005f84 (0xf7f74383) x 7 0x000000c6 mem 0x80013a07
core   0: 0x80005f88 (0x03f70103) lb      sp, 63(a4)
core   0: 3 0x80005f88 (0x03f70103) x 2 0x00000002 mem 0x80013ac7
core   0: 0x80005f8c (0xea047393) andi    t2, s0, -352
core   0: 3 0x80005f8c (0xea047393) x 7 0x80013200
core   0: 0x80005f90 (0x0000100f) fence.i
core   0: 3 0x80005f90 (0x0000100f)
core   0: 0x80005f94 (0xebf9fe93) andi    t4, s3, -321
core   0: 3 0x80005f94 (0xebf9fe93) x29 0x8001b639
core   0: 0x80005f98 (0x006720b3) slt     ra, a4, t1
core   0: 3 0x80005f98 (0x006720b3) x 1 0x00000001
core   0: 0x80005f9c (0x5fefe913) ori     s2, t6, 1534
core   0: 3 0x80005f9c (0x5fefe913) x18 0x000005ff
core   0: 0x80005fa0 (0x0162dab3) srl     s5, t0, s6
core   0: 3 0x80005fa0 (0x0162dab3) x21 0x00000000
core   0: 0x80005fa4 (0x0de708a3) sb      t5, 209(a4)
core   0: 3 0x80005fa4 (0x0de708a3) mem 0x80013b59 0x2e
core   0: 0x80005fa8 (0xa32e0613) addi    a2, t3, -1486
core   0: 3 0x80005fa8 (0xa32e0613) x12 0xfffffa49
core   0: 0x80005fac (0xf1570f03) lb      t5, -235(a4)
core   0: 3 0x80005fac (0xf1570f03) x30 0x00000065 mem 0x8001399d
core   0: 0x80005fb0 (0x7be121b7) lui     gp, 0x7be12
core   0: 3 0x80005fb0 (0x7be121b7) x 3 0x7be12000
core   0: 0x80005fb4 (0x00151933) sll     s2, a0, ra
core   0: 3 0x80005fb4 (0x00151933) x18 0xffff0504
core   0: 0x80005fb8 (0x1767e393) ori     t2, a5, 374
core   0: 3 0x80005fb8 (0x1767e393) x 7 0x80028f76
core   0: 0x80005fbc (0x019c9133) sll     sp, s9, s9
core   0: 3 0x80005fbc (0x019c9133) x 2 0x1e678000
core   0: 0x80005fc0 (0xd129ffb7) lui     t6, 0xd129f
core   0: 3 0x80005fc0 (0xd129ffb7) x31 0xd129f000
core   0: 0x80005fc4 (0xfe271903) lh      s2, -30(a4)
core   0: 3 0x80005fc4 (0xfe271903) x18 0xffffc4b3 mem 0x80013a6a
core   0: 0x80005fc8 (0x01970903) lb      s2, 25(a4)
core   0: 3 0x80005fc8 (0x01970903) x18 0xffffffff mem 0x80013aa1
core   0: 0x80005fcc (0x0000100f) fence.i
core   0: 3 0x80005fcc (0x0000100f)
core   0: 0x80005fd0 (0x00b78933) add     s2, a5, a1
core   0: 3 0x80005fd0 (0x00b78933) x18 0x80028e84
core   0: 0x80005fd4 (0xf8d74083) lbu     ra, -115(a4)
core   0: 3 0x80005fd4 (0xf8d74083) x 1 0x000000c5 mem 0x80013a15
core   0: 0x80005fd8 (0xfe070503) lb      a0, -32(a4)
core   0: 3 0x80005fd8 (0xfe070503) x10 0xffffffee mem 0x80013a68
core   0: 0x80005fdc (0xf7a70ea3) sb      s10, -131(a4)
core   0: 3 0x80005fdc (0xf7a70ea3) mem 0x80013a05 0x7e
core   0: 0x80005fe0 (0xf0970ea3) sb      s1, -227(a4)
core   0: 3 0x80005fe0 (0xf0970ea3) mem 0x800139a5 0x7c
core   0: 0x80005fe4 (0x004cf2b3) and     t0, s9, tp
core   0: 3 0x80005fe4 (0x004cf2b3) x 5 0x0000008f
core   0: 0x80005fe8 (0x0bb70aa3) sb      s11, 181(a4)
core   0: 3 0x80005fe8 (0x0bb70aa3) mem 0x80013b3d 0x32
core   0: 0x80005fec (0x09174c83) lbu     s9, 145(a4)
core   0: 3 0x80005fec (0x09174c83) x25 0x000000ab mem 0x80013b19
core   0: 0x80005ff0 (0x00000013) nop
core   0: 3 0x80005ff0 (0x00000013)
core   0: 0x80005ff4 (0x01d69293) slli    t0, a3, 29
core   0: 3 0x80005ff4 (0x01d69293) x 5 0x20000000
core   0: 0x80005ff8 (0x4037d933) sra     s2, a5, gp
core   0: 3 0x80005ff8 (0x4037d933) x18 0x80028e54
core   0: 0x80005ffc (0x3c40a493) slti    s1, ra, 964
core   0: 3 0x80005ffc (0x3c40a493) x 9 0x00000001
core   0: 0x80006000 (0x00475903) lhu     s2, 4(a4)
core   0: 3 0x80006000 (0x00475903) x18 0x0000c492 mem 0x80013a8c
core   0: 0x80006004 (0x00700493) li      s1, 7
core   0: 3 0x80006004 (0x00700493) x 9 0x00000007
core   0: 0x80006008 (0x00f00313) li      t1, 15
core   0: 3 0x80006008 (0x00f00313) x 6 0x0000000f
core   0: 0x8000600c (0x00ca31b3) sltu    gp, s4, a2
core   0: 3 0x8000600c (0x00ca31b3) x 3 0x00000001
core   0: 0x80006010 (0x00248493) addi    s1, s1, 2
core   0: 3 0x80006010 (0x00248493) x 9 0x00000009
core   0: 0x80006014 (0x38e36513) ori     a0, t1, 910
core   0: 3 0x80006014 (0x38e36513) x10 0x0000038f
core   0: 0x80006018 (0x00a00413) li      s0, 10
core   0: 3 0x80006018 (0x00a00413) x 8 0x0000000a
core   0: 0x8000601c (0x00900393) li      t2, 9
core   0: 3 0x8000601c (0x00900393) x 7 0x00000009
core   0: 0x80006020 (0x483cf737) lui     a4, 0x483cf
core   0: 3 0x80006020 (0x483cf737) x14 0x483cf000
core   0: 0x80006024 (0xffa40413) addi    s0, s0, -6
core   0: 3 0x80006024 (0xffa40413) x 8 0x00000004
core   0: 0x80006028 (0xb9614093) xori    ra, sp, -1130
core   0: 3 0x80006028 (0xb9614093) x 1 0xe1987b96
core   0: 0x8000602c (0xfe747ae3) bgeu    s0, t2, pc - 12
core   0: 3 0x8000602c (0xfe747ae3)
core   0: 0x80006030 (0x01d9cd33) xor     s10, s3, t4
core   0: 3 0x80006030 (0x01d9cd33) x26 0x00000040
core   0: 0x80006034 (0xfc64ece3) bltu    s1, t1, pc - 40
core   0: 3 0x80006034 (0xfc64ece3)
core   0: 0x8000600c (0x00ca31b3) sltu    gp, s4, a2
core   0: 3 0x8000600c (0x00ca31b3) x 3 0x00000001
core   0: 0x80006010 (0x00248493) addi    s1, s1, 2
core   0: 3 0x80006010 (0x00248493) x 9 0x0000000b
core   0: 0x80006014 (0x38e36513) ori     a0, t1, 910
core   0: 3 0x80006014 (0x38e36513) x10 0x0000038f
core   0: 0x80006018 (0x00a00413) li      s0, 10
core   0: 3 0x80006018 (0x00a00413) x 8 0x0000000a
core   0: 0x8000601c (0x00900393) li      t2, 9
core   0: 3 0x8000601c (0x00900393) x 7 0x00000009
core   0: 0x80006020 (0x483cf737) lui     a4, 0x483cf
core   0: 3 0x80006020 (0x483cf737) x14 0x483cf000
core   0: 0x80006024 (0xffa40413) addi    s0, s0, -6
core   0: 3 0x80006024 (0xffa40413) x 8 0x00000004
core   0: 0x80006028 (0xb9614093) xori    ra, sp, -1130
core   0: 3 0x80006028 (0xb9614093) x 1 0xe1987b96
core   0: 0x8000602c (0xfe747ae3) bgeu    s0, t2, pc - 12
core   0: 3 0x8000602c (0xfe747ae3)
core   0: 0x80006030 (0x01d9cd33) xor     s10, s3, t4
core   0: 3 0x80006030 (0x01d9cd33) x26 0x00000040
core   0: 0x80006034 (0xfc64ece3) bltu    s1, t1, pc - 40
core   0: 3 0x80006034 (0xfc64ece3)
core   0: 0x8000600c (0x00ca31b3) sltu    gp, s4, a2
core   0: 3 0x8000600c (0x00ca31b3) x 3 0x00000001
core   0: 0x80006010 (0x00248493) addi    s1, s1, 2
core   0: 3 0x80006010 (0x00248493) x 9 0x0000000d
core   0: 0x80006014 (0x38e36513) ori     a0, t1, 910
core   0: 3 0x80006014 (0x38e36513) x10 0x0000038f
core   0: 0x80006018 (0x00a00413) li      s0, 10
core   0: 3 0x80006018 (0x00a00413) x 8 0x0000000a
core   0: 0x8000601c (0x00900393) li      t2, 9
core   0: 3 0x8000601c (0x00900393) x 7 0x00000009
core   0: 0x80006020 (0x483cf737) lui     a4, 0x483cf
core   0: 3 0x80006020 (0x483cf737) x14 0x483cf000
core   0: 0x80006024 (0xffa40413) addi    s0, s0, -6
core   0: 3 0x80006024 (0xffa40413) x 8 0x00000004
core   0: 0x80006028 (0xb9614093) xori    ra, sp, -1130
core   0: 3 0x80006028 (0xb9614093) x 1 0xe1987b96
core   0: 0x8000602c (0xfe747ae3) bgeu    s0, t2, pc - 12
core   0: 3 0x8000602c (0xfe747ae3)
core   0: 0x80006030 (0x01d9cd33) xor     s10, s3, t4
core   0: 3 0x80006030 (0x01d9cd33) x26 0x00000040
core   0: 0x80006034 (0xfc64ece3) bltu    s1, t1, pc - 40
core   0: 3 0x80006034 (0xfc64ece3)
core   0: 0x8000600c (0x00ca31b3) sltu    gp, s4, a2
core   0: 3 0x8000600c (0x00ca31b3) x 3 0x00000001
core   0: 0x80006010 (0x00248493) addi    s1, s1, 2
core   0: 3 0x80006010 (0x00248493) x 9 0x0000000f
core   0: 0x80006014 (0x38e36513) ori     a0, t1, 910
core   0: 3 0x80006014 (0x38e36513) x10 0x0000038f
core   0: 0x80006018 (0x00a00413) li      s0, 10
core   0: 3 0x80006018 (0x00a00413) x 8 0x0000000a
core   0: 0x8000601c (0x00900393) li      t2, 9
core   0: 3 0x8000601c (0x00900393) x 7 0x00000009
core   0: 0x80006020 (0x483cf737) lui     a4, 0x483cf
core   0: 3 0x80006020 (0x483cf737) x14 0x483cf000
core   0: 0x80006024 (0xffa40413) addi    s0, s0, -6
core   0: 3 0x80006024 (0xffa40413) x 8 0x00000004
core   0: 0x80006028 (0xb9614093) xori    ra, sp, -1130
core   0: 3 0x80006028 (0xb9614093) x 1 0xe1987b96
core   0: 0x8000602c (0xfe747ae3) bgeu    s0, t2, pc - 12
core   0: 3 0x8000602c (0xfe747ae3)
core   0: 0x80006030 (0x01d9cd33) xor     s10, s3, t4
core   0: 3 0x80006030 (0x01d9cd33) x26 0x00000040
core   0: 0x80006034 (0xfc64ece3) bltu    s1, t1, pc - 40
core   0: 3 0x80006034 (0xfc64ece3)
core   0: 0x80006038 (0xff01c213) xori    tp, gp, -16
core   0: 3 0x80006038 (0xff01c213) x 4 0xfffffff1
core   0: 0x8000603c (0x40e853b3) sra     t2, a6, a4
core   0: 3 0x8000603c (0x40e853b3) x 7 0x80000000
core   0: 0x80006040 (0x018d9333) sll     t1, s11, s8
core   0: 3 0x80006040 (0x018d9333) x 6 0x00000064
core   0: 0x80006044 (0x409a5d33) sra     s10, s4, s1
core   0: 3 0x80006044 (0x409a5d33) x26 0xffffffff
core   0: 0x80006048 (0x00000013) nop
core   0: 3 0x80006048 (0x00000013)
core   0: 0x8000604c (0x4f2d2193) slti    gp, s10, 1266
core   0: 3 0x8000604c (0x4f2d2193) x 3 0x00000001
core   0: 0x80006050 (0x00d9d493) srli    s1, s3, 13
core   0: 3 0x80006050 (0x00d9d493) x 9 0x0004000d
core   0: 0x80006054 (0x416d5c13) srai    s8, s10, 22
core   0: 3 0x80006054 (0x416d5c13) x24 0xffffffff
core   0: 0x80006058 (0xc750cf93) xori    t6, ra, -907
core   0: 3 0x80006058 (0xc750cf93) x31 0x1e6787e3
core   0: 0x8000605c (0x00000013) nop
core   0: 3 0x8000605c (0x00000013)
core   0: 0x80006060 (0x020dfe63) bgeu    s11, zero, pc + 60
core   0: 3 0x80006060 (0x020dfe63)
core   0: 0x8000609c (0x00d75463) bge     a4, a3, pc + 8
core   0: 3 0x8000609c (0x00d75463)
core   0: 0x800060a4 (0x00c14633) xor     a2, sp, a2
core   0: 3 0x800060a4 (0x00c14633) x12 0xe1987a49
core   0: 0x800060a8 (0x88cea613) slti    a2, t4, -1908
core   0: 3 0x800060a8 (0x88cea613) x12 0x00000001
core   0: 0x800060ac (0x02814063) blt     sp, s0, pc + 32
core   0: 3 0x800060ac (0x02814063)
core   0: 0x800060b0 (0xf49deab7) lui     s5, 0xf49de
core   0: 3 0x800060b0 (0xf49deab7) x21 0xf49de000
core   0: 0x800060b4 (0x0121f6b3) and     a3, gp, s2
core   0: 3 0x800060b4 (0x0121f6b3) x13 0x00000000
core   0: 0x800060b8 (0x00000013) nop
core   0: 3 0x800060b8 (0x00000013)
core   0: 0x800060bc (0x01302633) slt     a2, zero, s3
core   0: 3 0x800060bc (0x01302633) x12 0x00000000
core   0: 0x800060c0 (0x4045d593) srai    a1, a1, 4
core   0: 3 0x800060c0 (0x4045d593) x11 0x00000003
core   0: 0x800060c4 (0x008ef133) and     sp, t4, s0
core   0: 3 0x800060c4 (0x008ef133) x 2 0x00000000
core   0: 0x800060c8 (0x00000013) nop
core   0: 3 0x800060c8 (0x00000013)
core   0: 0x800060cc (0x41ec05b3) sub     a1, s8, t5
core   0: 3 0x800060cc (0x41ec05b3) x11 0xffffff9a
core   0: 0x800060d0 (0x008b1463) bne     s6, s0, pc + 8
core   0: 3 0x800060d0 (0x008b1463)
core   0: 0x800060d8 (0x0000100f) fence.i
core   0: 3 0x800060d8 (0x0000100f)
core   0: 0x800060dc (0x0ff0000f) fence   iorw,iorw
core   0: 3 0x800060dc (0x0ff0000f)
core   0: 0x800060e0 (0x008c1613) slli    a2, s8, 8
core   0: 3 0x800060e0 (0x008c1613) x12 0xffffff00
core   0: 0x800060e4 (0xfe08c193) xori    gp, a7, -32
core   0: 3 0x800060e4 (0xfe08c193) x 3 0x7ffd3304
core   0: 0x800060e8 (0xda882e93) slti    t4, a6, -600
core   0: 3 0x800060e8 (0xda882e93) x29 0x00000001
core   0: 0x800060ec (0x016d01b3) add     gp, s10, s6
core   0: 3 0x800060ec (0x016d01b3) x 3 0x800131cb
core   0: 0x800060f0 (0x3d1d2293) slti    t0, s10, 977
core   0: 3 0x800060f0 (0x3d1d2293) x 5 0x00000001
core   0: 0x800060f4 (0x01c8b4b3) sltu    s1, a7, t3
core   0: 3 0x800060f4 (0x01c8b4b3) x 9 0x00000000
core   0: 0x800060f8 (0x00b0be33) sltu    t3, ra, a1
core   0: 3 0x800060f8 (0x00b0be33) x28 0x00000001
core   0: 0x800060fc (0x85760513) addi    a0, a2, -1961
core   0: 3 0x800060fc (0x85760513) x10 0xfffff757
core   0: 0x80006100 (0x019fd663) bge     t6, s9, pc + 12
core   0: 3 0x80006100 (0x019fd663)
core   0: 0x8000610c (0x0ff0000f) fence   iorw,iorw
core   0: 3 0x8000610c (0x0ff0000f)
core   0: 0x80006110 (0x01421513) slli    a0, tp, 20
core   0: 3 0x80006110 (0x01421513) x10 0xff100000
core   0: 0x80006114 (0x626be693) ori     a3, s7, 1574
core   0: 3 0x80006114 (0x626be693) x13 0x00000636
core   0: 0x80006118 (0x0063bab3) sltu    s5, t2, t1
core   0: 3 0x80006118 (0x0063bab3) x21 0x00000000
core   0: 0x8000611c (0xe56da193) slti    gp, s11, -426
core   0: 3 0x8000611c (0xe56da193) x 3 0x00000000
core   0: 0x80006120 (0x43346417) auipc   s0, 0x43346
core   0: 3 0x80006120 (0x43346417) x 8 0xc334c120
core   0: 0x80006124 (0x13519663) bne     gp, s5, pc + 300
core   0: 3 0x80006124 (0x13519663)
core   0: 0x80006128 (0x002f8533) add     a0, t6, sp
core   0: 3 0x80006128 (0x002f8533) x10 0x1e6787e3
core   0: 0x8000612c (0x01304333) xor     t1, zero, s3
core   0: 3 0x8000612c (0x01304333) x 6 0x8001b679
core   0: 0x80006130 (0x024b0313) addi    t1, s6, 36
core   0: 3 0x80006130 (0x024b0313) x 6 0x800131f0
core   0: 0x80006134 (0x0000100f) fence.i
core   0: 3 0x80006134 (0x0000100f)
core   0: 0x80006138 (0x00569013) slli    zero, a3, 5
core   0: 3 0x80006138 (0x00569013)
core   0: 0x8000613c (0xed652613) slti    a2, a0, -298
core   0: 3 0x8000613c (0xed652613) x12 0x00000000
core   0: 0x80006140 (0xa0c40913) addi    s2, s0, -1524
core   0: 3 0x80006140 (0xa0c40913) x18 0xc334bb2c
core   0: 0x80006144 (0x0041abb3) slt     s7, gp, tp
core   0: 3 0x80006144 (0x0041abb3) x23 0x00000000
core   0: 0x80006148 (0x0000d117) auipc   sp, 0xd
core   0: 3 0x80006148 (0x0000d117) x 2 0x80013148
core   0: 0x8000614c (0xf2310113) addi    sp, sp, -221
core   0: 3 0x8000614c (0xf2310113) x 2 0x8001306b
core   0: 0x80006150 (0xe4324193) xori    gp, tp, -445
core   0: 3 0x80006150 (0xe4324193) x 3 0x000001b2
core   0: 0x80006154 (0x02c10e03) lb      t3, 44(sp)
core   0: 3 0x80006154 (0x02c10e03) x28 0xffffffd7 mem 0x80013097
core   0: 0x80006158 (0x0ff0000f) fence   iorw,iorw
core   0: 3 0x80006158 (0x0ff0000f)
core   0: 0x8000615c (0xffc10a03) lb      s4, -4(sp)
core   0: 3 0x8000615c (0xffc10a03) x20 0xffffffa4 mem 0x80013067
core   0: 0x80006160 (0x0000100f) fence.i
core   0: 3 0x80006160 (0x0000100f)
core   0: 0x80006164 (0xb5af3a13) sltiu   s4, t5, -1190
core   0: 3 0x80006164 (0xb5af3a13) x20 0x00000001
core   0: 0x80006168 (0x0000100f) fence.i
core   0: 3 0x80006168 (0x0000100f)
core   0: 0x8000616c (0xffa14583) lbu     a1, -6(sp)
core   0: 3 0x8000616c (0xffa14583) x11 0x00000039 mem 0x80013065
core   0: 0x80006170 (0x23bfa713) slti    a4, t6, 571
core   0: 3 0x80006170 (0x23bfa713) x14 0x00000000
core   0: 0x80006174 (0xff214d83) lbu     s11, -14(sp)
core   0: 3 0x80006174 (0xff214d83) x27 0x000000ea mem 0x8001305d
core   0: 0x80006178 (0x40ddd293) srai    t0, s11, 13
core   0: 3 0x80006178 (0x40ddd293) x 5 0x00000000
core   0: 0x8000617c (0x20e7beb7) lui     t4, 0x20e7b
core   0: 3 0x8000617c (0x20e7beb7) x29 0x20e7b000
core   0: 0x80006180 (0x83645317) auipc   t1, 0x83645
core   0: 3 0x80006180 (0x83645317) x 6 0x0364b180
core   0: 0x80006184 (0x013103a3) sb      s3, 7(sp)
core   0: 3 0x80006184 (0x013103a3) mem 0x80013072 0x79
core   0: 0x80006188 (0x03510203) lb      tp, 53(sp)
core   0: 3 0x80006188 (0x03510203) x 4 0x00000010 mem 0x800130a0
core   0: 0x8000618c (0x02e10083) lb      ra, 46(sp)
core   0: 3 0x8000618c (0x02e10083) x 1 0x00000018 mem 0x80013099
core   0: 0x80006190 (0x01bdc333) xor     t1, s11, s11
core   0: 3 0x80006190 (0x01bdc333) x 6 0x00000000
core   0: 0x80006194 (0x01409433) sll     s0, ra, s4
core   0: 3 0x80006194 (0x01409433) x 8 0x00000030
core   0: 0x80006198 (0x40e90bb3) sub     s7, s2, a4
core   0: 3 0x80006198 (0x40e90bb3) x23 0xc334bb2c
core   0: 0x8000619c (0x5a1a4693) xori    a3, s4, 1441
core   0: 3 0x8000619c (0x5a1a4693) x13 0x000005a0
core   0: 0x800061a0 (0x1f104593) xori    a1, zero, 497
core   0: 3 0x800061a0 (0x1f104593) x11 0x000001f1
core   0: 0x800061a4 (0xfd711ea3) sh      s7, -35(sp)
core   0: 3 0x800061a4 (0xfd711ea3) mem 0x80013048 0xbb2c
core   0: 0x800061a8 (0x03014c83) lbu     s9, 48(sp)
core   0: 3 0x800061a8 (0x03014c83) x25 0x00000088 mem 0x8001309b
core   0: 0x800061ac (0x01329713) slli    a4, t0, 19
core   0: 3 0x800061ac (0x01329713) x14 0x00000000
core   0: 0x800061b0 (0x01ad6c33) or      s8, s10, s10
core   0: 3 0x800061b0 (0x01ad6c33) x24 0xffffffff
core   0: 0x800061b4 (0x02311703) lh      a4, 35(sp)
core   0: 3 0x800061b4 (0x02311703) x14 0xffffc2d8 mem 0x8001308e
core   0: 0x800061b8 (0x01b2b6b3) sltu    a3, t0, s11
core   0: 3 0x800061b8 (0x01b2b6b3) x13 0x00000001
core   0: 0x800061bc (0xfeb116a3) sh      a1, -19(sp)
core   0: 3 0x800061bc (0xfeb116a3) mem 0x80013058 0x01f1
core   0: 0x800061c0 (0xc6f9ee13) ori     t3, s3, -913
core   0: 3 0x800061c0 (0xc6f9ee13) x28 0xfffffe7f
core   0: 0x800061c4 (0x00e68333) add     t1, a3, a4
core   0: 3 0x800061c4 (0x00e68333) x 6 0xffffc2d9
core   0: 0x800061c8 (0xffe14683) lbu     a3, -2(sp)
core   0: 3 0x800061c8 (0xffe14683) x13 0x00000094 mem 0x80013069
core   0: 0x800061cc (0x00531333) sll     t1, t1, t0
core   0: 3 0x800061cc (0x00531333) x 6 0xffffc2d9
core   0: 0x800061d0 (0x01310a23) sb      s3, 20(sp)
core   0: 3 0x800061d0 (0x01310a23) mem 0x8001307f 0x79
core   0: 0x800061d4 (0x03b14e03) lbu     t3, 59(sp)
core   0: 3 0x800061d4 (0x03b14e03) x28 0x00000069 mem 0x800130a6
core   0: 0x800061d8 (0xb03e2437) lui     s0, 0xb03e2
core   0: 3 0x800061d8 (0xb03e2437) x 8 0xb03e2000
core   0: 0x800061dc (0xfdd11503) lh      a0, -35(sp)
core   0: 3 0x800061dc (0xfdd11503) x10 0xffffbb2c mem 0x80013048
core   0: 0x800061e0 (0x02912ea3) sw      s1, 61(sp)
core   0: 3 0x800061e0 (0x02912ea3) mem 0x800130a8 0x00000000
core   0: 0x800061e4 (0x00000013) nop
core   0: 3 0x800061e4 (0x00000013)
core   0: 0x800061e8 (0x6f0b3b97) auipc   s7, 0x6f0b3
core   0: 3 0x800061e8 (0x6f0b3b97) x23 0xef0b91e8
core   0: 0x800061ec (0xfe410b03) lb      s6, -28(sp)
core   0: 3 0x800061ec (0xfe410b03) x22 0x0000004b mem 0x8001304f
core   0: 0x800061f0 (0xffa10583) lb      a1, -6(sp)
core   0: 3 0x800061f0 (0xffa10583) x11 0x00000039 mem 0x80013065
core   0: 0x800061f4 (0x03811ea3) sh      s8, 61(sp)
core   0: 3 0x800061f4 (0x03811ea3) mem 0x800130a8 0xffff
core   0: 0x800061f8 (0xfe614f83) lbu     t6, -26(sp)
core   0: 3 0x800061f8 (0xfe614f83) x31 0x0000009c mem 0x80013051
core   0: 0x800061fc (0x02610323) sb      t1, 38(sp)
core   0: 3 0x800061fc (0x02610323) mem 0x80013091 0xd9
core   0: 0x80006200 (0x00000013) nop
core   0: 3 0x80006200 (0x00000013)
core   0: 0x80006204 (0x0ff0000f) fence   iorw,iorw
core   0: 3 0x80006204 (0x0ff0000f)
core   0: 0x80006208 (0x02310483) lb      s1, 35(sp)
core   0: 3 0x80006208 (0x02310483) x 9 0xffffffd8 mem 0x8001308e
core   0: 0x8000620c (0x0000100f) fence.i
core   0: 3 0x8000620c (0x0000100f)
core   0: 0x80006210 (0x01512b83) lw      s7, 21(sp)
core   0: 3 0x80006210 (0x01512b83) x23 0x80da6560 mem 0x80013080
core   0: 0x80006214 (0xff510003) lb      zero, -11(sp)
core   0: 3 0x80006214 (0xff510003) mem 0x80013060
core   0: 0x80006218 (0x01410e23) sb      s4, 28(sp)
core   0: 3 0x80006218 (0x01410e23) mem 0x80013087 0x1
core   0: 0x8000621c (0x67578393) addi    t2, a5, 1653
core   0: 3 0x8000621c (0x67578393) x 7 0x800294c9
core   0: 0x80006220 (0x002113a3) sh      sp, 7(sp)
core   0: 3 0x80006220 (0x002113a3) mem 0x80013072 0x306b
core   0: 0x80006224 (0x00819a93) slli    s5, gp, 8
core   0: 3 0x80006224 (0x00819a93) x21 0x0001b200
core   0: 0x80006228 (0x012cb9b3) sltu    s3, s9, s2
core   0: 3 0x80006228 (0x012cb9b3) x19 0x00000001
core   0: 0x8000622c (0x92d6ab13) slti    s6, a3, -1747
core   0: 3 0x8000622c (0x92d6ab13) x22 0x00000000
core   0: 0x80006230 (0x04a48093) addi    ra, s1, 74
core   0: 3 0x80006230 (0x04a48093) x 1 0x00000022
core   0: 0x80006234 (0x05251463) bne     a0, s2, pc + 72
core   0: 3 0x80006234 (0x05251463)
core   0: 0x8000627c (0x012b1b13) slli    s6, s6, 18
core   0: 3 0x8000627c (0x012b1b13) x22 0x00000000
core   0: 0x80006280 (0x515ab737) lui     a4, 0x515ab
core   0: 3 0x80006280 (0x515ab737) x14 0x515ab000
core   0: 0x80006284 (0x044a4263) blt     s4, tp, pc + 68
core   0: 3 0x80006284 (0x044a4263)
core   0: 0x800062c8 (0x0062d913) srli    s2, t0, 6
core   0: 3 0x800062c8 (0x0062d913) x18 0x00000000
core   0: 0x800062cc (0xd2b28493) addi    s1, t0, -725
core   0: 3 0x800062cc (0xd2b28493) x 9 0xfffffd2b
core   0: 0x800062d0 (0x01ffd513) srli    a0, t6, 31
core   0: 3 0x800062d0 (0x01ffd513) x10 0x00000000
core   0: 0x800062d4 (0x40bdac13) slti    s8, s11, 1035
core   0: 3 0x800062d4 (0x40bdac13) x24 0x00000001
core   0: 0x800062d8 (0x01389713) slli    a4, a7, 19
core   0: 3 0x800062d8 (0x01389713) x14 0x67200000
core   0: 0x800062dc (0xe8a1a293) slti    t0, gp, -374
core   0: 3 0x800062dc (0xe8a1a293) x 5 0x00000000
core   0: 0x800062e0 (0x04ac7663) bgeu    s8, a0, pc + 76
core   0: 3 0x800062e0 (0x04ac7663)
core   0: 0x8000632c (0x0109f663) bgeu    s3, a6, pc + 12
core   0: 3 0x8000632c (0x0109f663)
core   0: 0x80006330 (0x80bfc993) xori    s3, t6, -2037
core   0: 3 0x80006330 (0x80bfc993) x19 0xfffff897
core   0: 0x80006334 (0x00af7c63) bgeu    t5, a0, pc + 24
core   0: 3 0x80006334 (0x00af7c63)
core   0: 0x8000634c (0x02befe63) bgeu    t4, a1, pc + 60
core   0: 3 0x8000634c (0x02befe63)
core   0: 0x80006388 (0x028e5e63) bge     t3, s0, pc + 60
core   0: 3 0x80006388 (0x028e5e63)
core   0: 0x800063c4 (0x6ed83393) sltiu   t2, a6, 1773
core   0: 3 0x800063c4 (0x6ed83393) x 7 0x00000000
core   0: 0x800063c8 (0x0000100f) fence.i
core   0: 3 0x800063c8 (0x0000100f)
core   0: 0x800063cc (0x41b7d513) srai    a0, a5, 27
core   0: 3 0x800063cc (0x41b7d513) x10 0xfffffff0
core   0: 0x800063d0 (0x002a34b3) sltu    s1, s4, sp
core   0: 3 0x800063d0 (0x002a34b3) x 9 0x00000001
core   0: 0x800063d4 (0xe5d40f93) addi    t6, s0, -419
core   0: 3 0x800063d4 (0xe5d40f93) x31 0xb03e1e5d
core   0: 0x800063d8 (0x03db9063) bne     s7, t4, pc + 32
core   0: 3 0x800063d8 (0x03db9063)
core   0: 0x800063f8 (0x002b9393) slli    t2, s7, 2
core   0: 3 0x800063f8 (0x002b9393) x 7 0x03699580
core   0: 0x800063fc (0x00681593) slli    a1, a6, 6
core   0: 3 0x800063fc (0x00681593) x11 0x00000000
core   0: 0x80006400 (0x0000100f) fence.i
core   0: 3 0x80006400 (0x0000100f)
core   0: 0x80006404 (0x00ac0933) add     s2, s8, a0
core   0: 3 0x80006404 (0x00ac0933) x18 0xfffffff1
core   0: 0x80006408 (0x00000013) nop
core   0: 3 0x80006408 (0x00000013)
core   0: 0x8000640c (0x00000013) nop
core   0: 3 0x8000640c (0x00000013)
core   0: 0x80006410 (0x40b95333) sra     t1, s2, a1
core   0: 3 0x80006410 (0x40b95333) x 6 0xfffffff1
core   0: 0x80006414 (0x005490b3) sll     ra, s1, t0
core   0: 3 0x80006414 (0x005490b3) x 1 0x00000001
core   0: 0x80006418 (0x0006dc93) srli    s9, a3, 0
core   0: 3 0x80006418 (0x0006dc93) x25 0x00000094
core   0: 0x8000641c (0x75a6bdb7) lui     s11, 0x75a6b
core   0: 3 0x8000641c (0x75a6bdb7) x27 0x75a6b000
core   0: 0x80006420 (0x01bff033) and     zero, t6, s11
core   0: 3 0x80006420 (0x01bff033)
core   0: 0x80006424 (0x41e15bb3) sra     s7, sp, t5
core   0: 3 0x80006424 (0x41e15bb3) x23 0xfc000983
core   0: 0x80006428 (0x000c0533) add     a0, s8, zero
core   0: 3 0x80006428 (0x000c0533) x10 0x00000001
core   0: 0x8000642c (0x00000013) nop
core   0: 3 0x8000642c (0x00000013)
core   0: 0x80006430 (0x00c32d33) slt     s10, t1, a2
core   0: 3 0x80006430 (0x00c32d33) x26 0x00000001
core   0: 0x80006434 (0x01c19c63) bne     gp, t3, pc + 24
core   0: 3 0x80006434 (0x01c19c63)
core   0: 0x8000644c (0x0ff0000f) fence   iorw,iorw
core   0: 3 0x8000644c (0x0ff0000f)
core   0: 0x80006450 (0x002d9193) slli    gp, s11, 2
core   0: 3 0x80006450 (0x002d9193) x 3 0xd69ac000
core   0: 0x80006454 (0x04f41263) bne     s0, a5, pc + 68
core   0: 3 0x80006454 (0x04f41263)
core   0: 0x80006498 (0x88f9fa37) lui     s4, 0x88f9f
core   0: 3 0x80006498 (0x88f9fa37) x20 0x88f9f000
core   0: 0x8000649c (0xc1607013) andi    zero, zero, -1002
core   0: 3 0x8000649c (0xc1607013)
core   0: 0x800064a0 (0x4056e113) ori     sp, a3, 1029
core   0: 3 0x800064a0 (0x4056e113) x 2 0x00000495
core   0: 0x800064a4 (0x4221ab13) slti    s6, gp, 1058
core   0: 3 0x800064a4 (0x4221ab13) x22 0x00000001
core   0: 0x800064a8 (0x00458133) add     sp, a1, tp
core   0: 3 0x800064a8 (0x00458133) x 2 0x00000010
core   0: 0x800064ac (0x011d1393) slli    t2, s10, 17
core   0: 3 0x800064ac (0x011d1393) x 7 0x00020000
core   0: 0x800064b0 (0x000012b3) sll     t0, zero, zero
core   0: 3 0x800064b0 (0x000012b3) x 5 0x00000000
core   0: 0x800064b4 (0x00d4cc33) xor     s8, s1, a3
core   0: 3 0x800064b4 (0x00d4cc33) x24 0x00000095
core   0: 0x800064b8 (0x19100193) li      gp, 401
core   0: 3 0x800064b8 (0x19100193) x 3 0x00000191
core   0: 0x800064bc (0x01596133) or      sp, s2, s5
core   0: 3 0x800064bc (0x01596133) x 2 0xfffffff1
core   0: 0x800064c0 (0x41d3da93) srai    s5, t2, 29
core   0: 3 0x800064c0 (0x41d3da93) x21 0x00000000
core   0: 0x800064c4 (0x01204c63) blt     zero, s2, pc + 24
core   0: 3 0x800064c4 (0x01204c63)
core   0: 0x800064c8 (0x2837dd97) auipc   s11, 0x2837d
core   0: 3 0x800064c8 (0x2837dd97) x27 0xa83834c8
core   0: 0x800064cc (0x4735da17) auipc   s4, 0x4735d
core   0: 3 0x800064cc (0x4735da17) x20 0xc73634cc
core   0: 0x800064d0 (0x01698733) add     a4, s3, s6
core   0: 3 0x800064d0 (0x01698733) x14 0xfffff898
core   0: 0x800064d4 (0x00c7c663) blt     a5, a2, pc + 12
core   0: 3 0x800064d4 (0x00c7c663)
core   0: 0x800064e0 (0x03d66663) bltu    a2, t4, pc + 44
core   0: 3 0x800064e0 (0x03d66663)
core   0: 0x8000650c (0x01d7f5b3) and     a1, a5, t4
core   0: 3 0x8000650c (0x01d7f5b3) x11 0x00028000
core   0: 0x80006510 (0x03935063) bge     t1, s9, pc + 32
core   0: 3 0x80006510 (0x03935063)
core   0: 0x80006514 (0x66d24293) xori    t0, tp, 1645
core   0: 3 0x80006514 (0x66d24293) x 5 0x0000067d
core   0: 0x80006518 (0xc4673d93) sltiu   s11, a4, -954
core   0: 3 0x80006518 (0xc4673d93) x27 0x00000001
core   0: 0x8000651c (0x00000013) nop
core   0: 3 0x8000651c (0x00000013)
core   0: 0x80006520 (0xaae76693) ori     a3, a4, -1362
core   0: 3 0x80006520 (0xaae76693) x13 0xfffffabe
core   0: 0x80006524 (0xf3e06013) ori     zero, zero, -194
core   0: 3 0x80006524 (0xf3e06013)
core   0: 0x80006528 (0x00df1a63) bne     t5, a3, pc + 20
core   0: 3 0x80006528 (0x00df1a63)
core   0: 0x8000653c (0x005bb4b3) sltu    s1, s7, t0
core   0: 3 0x8000653c (0x005bb4b3) x 9 0x00000000
core   0: 0x80006540 (0x004c7663) bgeu    s8, tp, pc + 12
core   0: 3 0x80006540 (0x004c7663)
core   0: 0x8000654c (0x0000100f) fence.i
core   0: 3 0x8000654c (0x0000100f)
core   0: 0x80006550 (0x0162ac33) slt     s8, t0, s6
core   0: 3 0x80006550 (0x0162ac33) x24 0x00000000
core   0: 0x80006554 (0xa4b48f13) addi    t5, s1, -1461
core   0: 3 0x80006554 (0xa4b48f13) x30 0xfffffa4b
core   0: 0x80006558 (0x00f0ed33) or      s10, ra, a5
core   0: 3 0x80006558 (0x00f0ed33) x26 0x80028e55
core   0: 0x8000655c (0x0000100f) fence.i
core   0: 3 0x8000655c (0x0000100f)
core   0: 0x80006560 (0x02086463) bltu    a6, zero, pc + 40
core   0: 3 0x80006560 (0x02086463)
core   0: 0x80006564 (0x03581663) bne     a6, s5, pc + 44
core   0: 3 0x80006564 (0x03581663)
core   0: 0x80006590 (0x60e4ba93) sltiu   s5, s1, 1550
core   0: 3 0x80006590 (0x60e4ba93) x21 0x00000001
core   0: 0x80006594 (0x00916333) or      t1, sp, s1
core   0: 3 0x80006594 (0x00916333) x 6 0xfffffff1
core   0: 0x80006598 (0x01655eb3) srl     t4, a0, s6
core   0: 3 0x80006598 (0x01655eb3) x29 0x00000000
core   0: 0x8000659c (0x00000013) nop
core   0: 3 0x8000659c (0x00000013)
core   0: 0x800065a0 (0x5c9d5937) lui     s2, 0x5c9d5
core   0: 3 0x800065a0 (0x5c9d5937) x18 0x5c9d5000
core   0: 0x800065a4 (0x003e2f33) slt     t5, t3, gp
core   0: 3 0x800065a4 (0x003e2f33) x30 0x00000001
core   0: 0x800065a8 (0xd019ff13) andi    t5, s3, -767
core   0: 3 0x800065a8 (0xd019ff13) x30 0xfffff801
core   0: 0x800065ac (0xc01b7313) andi    t1, s6, -1023
core   0: 3 0x800065ac (0xc01b7313) x 6 0x00000001
core   0: 0x800065b0 (0x10eb2193) slti    gp, s6, 270
core   0: 3 0x800065b0 (0x10eb2193) x 3 0x00000001
core   0: 0x800065b4 (0x0ff0000f) fence   iorw,iorw
core   0: 3 0x800065b4 (0x0ff0000f)
core   0: 0x800065b8 (0x415edc93) srai    s9, t4, 21
core   0: 3 0x800065b8 (0x415edc93) x25 0x00000000
core   0: 0x800065bc (0x04278863) beq     a5, sp, pc + 80
core   0: 3 0x800065bc (0x04278863)
core   0: 0x800065c0 (0x01595b33) srl     s6, s2, s5
core   0: 3 0x800065c0 (0x01595b33) x22 0x2e4ea800
core   0: 0x800065c4 (0x41d90033) sub     zero, s2, t4
core   0: 3 0x800065c4 (0x41d90033)
core   0: 0x800065c8 (0x02e15e63) bge     sp, a4, pc + 60
core   0: 3 0x800065c8 (0x02e15e63)
core   0: 0x80006604 (0x055ad663) bge     s5, s5, pc + 76
core   0: 3 0x80006604 (0x055ad663)
core   0: 0x80006650 (0x4273a713) slti    a4, t2, 1063
core   0: 3 0x80006650 (0x4273a713) x14 0x00000000
core   0: 0x80006654 (0x00298c63) beq     s3, sp, pc + 24
core   0: 3 0x80006654 (0x00298c63)
core   0: 0x80006658 (0x004c5b13) srli    s6, s8, 4
core   0: 3 0x80006658 (0x004c5b13) x22 0x00000000
core   0: 0x8000665c (0x416cdbb3) sra     s7, s9, s6
core   0: 3 0x8000665c (0x416cdbb3) x23 0x00000000
core   0: 0x80006660 (0x014a3433) sltu    s0, s4, s4
core   0: 3 0x80006660 (0x014a3433) x 8 0x00000000
core   0: 0x80006664 (0x11a17113) andi    sp, sp, 282
core   0: 3 0x80006664 (0x11a17113) x 2 0x00000110
core   0: 0x80006668 (0x91bff193) andi    gp, t6, -1765
core   0: 3 0x80006668 (0x91bff193) x 3 0xb03e1819
core   0: 0x8000666c (0x60622013) slti    zero, tp, 1542
core   0: 3 0x8000666c (0x60622013)
core   0: 0x80006670 (0x03b7ce63) blt     a5, s11, pc + 60
core   0: 3 0x80006670 (0x03b7ce63)
core   0: 0x800066ac (0x39b4c313) xori    t1, s1, 923
core   0: 3 0x800066ac (0x39b4c313) x 6 0x0000039b
core   0: 0x800066b0 (0x41a45eb3) sra     t4, s0, s10
core   0: 3 0x800066b0 (0x41a45eb3) x29 0x00000000
core   0: 0x800066b4 (0x00000013) nop
core   0: 3 0x800066b4 (0x00000013)
core   0: 0x800066b8 (0x4032d2b3) sra     t0, t0, gp
core   0: 3 0x800066b8 (0x4032d2b3) x 5 0x00000000
core   0: 0x800066bc (0xa3ff29b7) lui     s3, 0xa3ff2
core   0: 3 0x800066bc (0xa3ff29b7) x19 0xa3ff2000
core   0: 0x800066c0 (0x01418e33) add     t3, gp, s4
core   0: 3 0x800066c0 (0x01418e33) x28 0x77744ce5
core   0: 0x800066c4 (0x67691cb7) lui     s9, 0x67691
core   0: 3 0x800066c4 (0x67691cb7) x25 0x67691000
core   0: 0x800066c8 (0x01a31a93) slli    s5, t1, 26
core   0: 3 0x800066c8 (0x01a31a93) x21 0x6c000000
core   0: 0x800066cc (0x41cc5533) sra     a0, s8, t3
core   0: 3 0x800066cc (0x41cc5533) x10 0x00000000
core   0: 0x800066d0 (0x4025d233) sra     tp, a1, sp
core   0: 3 0x800066d0 (0x4025d233) x 4 0x00000002
core   0: 0x800066d4 (0x00207663) bgeu    zero, sp, pc + 12
core   0: 3 0x800066d4 (0x00207663)
core   0: 0x800066d8 (0xc3cc2293) slti    t0, s8, -964
core   0: 3 0x800066d8 (0xc3cc2293) x 5 0x00000000
core   0: 0x800066dc (0x013c5f93) srli    t6, s8, 19
core   0: 3 0x800066dc (0x013c5f93) x31 0x00000000
core   0: 0x800066e0 (0x00000013) nop
core   0: 3 0x800066e0 (0x00000013)
core   0: 0x800066e4 (0x03444063) blt     s0, s4, pc + 32
core   0: 3 0x800066e4 (0x03444063)
core   0: 0x800066e8 (0x0ff0000f) fence   iorw,iorw
core   0: 3 0x800066e8 (0x0ff0000f)
core   0: 0x800066ec (0x41970e33) sub     t3, a4, s9
core   0: 3 0x800066ec (0x41970e33) x28 0x9896f000
core   0: 0x800066f0 (0x03936463) bltu    t1, s9, pc + 40
core   0: 3 0x800066f0 (0x03936463)
core   0: 0x80006718 (0x3487e093) ori     ra, a5, 840
core   0: 3 0x80006718 (0x3487e093) x 1 0x80028f5c
core   0: 0x8000671c (0x05120263) beq     tp, a7, pc + 68
core   0: 3 0x8000671c (0x05120263)
core   0: 0x80006720 (0xa814ed97) auipc   s11, 0xa814e
core   0: 3 0x80006720 (0xa814ed97) x27 0x28154720
core   0: 0x80006724 (0x02376a63) bltu    a4, gp, pc + 52
core   0: 3 0x80006724 (0x02376a63)
core   0: 0x80006758 (0x0425f263) bgeu    a1, sp, pc + 68
core   0: 3 0x80006758 (0x0425f263)
core   0: 0x8000679c (0x01c0c733) xor     a4, ra, t3
core   0: 3 0x8000679c (0x01c0c733) x14 0x18947f5c
core   0: 0x800067a0 (0xc4465137) lui     sp, 0xc4465
core   0: 3 0x800067a0 (0xc4465137) x 2 0xc4465000
core   0: 0x800067a4 (0x00f843b3) xor     t2, a6, a5
core   0: 3 0x800067a4 (0x00f843b3) x 7 0x00028e54
core   0: 0x800067a8 (0x03394063) blt     s2, s3, pc + 32
core   0: 3 0x800067a8 (0x03394063)
core   0: 0x800067ac (0x00b4aeb3) slt     t4, s1, a1
core   0: 3 0x800067ac (0x00b4aeb3) x29 0x00000001
core   0: 0x800067b0 (0x004950b3) srl     ra, s2, tp
core   0: 3 0x800067b0 (0x004950b3) x 1 0x17275400
core   0: 0x800067b4 (0x0011dab3) srl     s5, gp, ra
core   0: 3 0x800067b4 (0x0011dab3) x21 0xb03e1819
core   0: 0x800067b8 (0x40b30633) sub     a2, t1, a1
core   0: 3 0x800067b8 (0x40b30633) x12 0xfffd839b
core   0: 0x800067bc (0x8899d697) auipc   a3, 0x8899d
core   0: 3 0x800067bc (0x8899d697) x13 0x089a37bc
core   0: 0x800067c0 (0x0027d493) srli    s1, a5, 2
core   0: 3 0x800067c0 (0x0027d493) x 9 0x2000a395
core   0: 0x800067c4 (0x0007c033) xor     zero, a5, zero
core   0: 3 0x800067c4 (0x0007c033)
core   0: 0x800067c8 (0xb6456113) ori     sp, a0, -1180
core   0: 3 0x800067c8 (0xb6456113) x 2 0xfffffb64
core   0: 0x800067cc (0x010e5bb3) srl     s7, t3, a6
core   0: 3 0x800067cc (0x010e5bb3) x23 0x9896f000
core   0: 0x800067d0 (0xd6ac8f13) addi    t5, s9, -662
core   0: 3 0x800067d0 (0xd6ac8f13) x30 0x67690d6a
core   0: 0x800067d4 (0x01dd3db3) sltu    s11, s10, t4
core   0: 3 0x800067d4 (0x01dd3db3) x27 0x00000000
core   0: 0x800067d8 (0x70428713) addi    a4, t0, 1796
core   0: 3 0x800067d8 (0x70428713) x14 0x00000704
core   0: 0x800067dc (0x94573093) sltiu   ra, a4, -1723
core   0: 3 0x800067dc (0x94573093) x 1 0x00000001
core   0: 0x800067e0 (0x489bb493) sltiu   s1, s7, 1161
core   0: 3 0x800067e0 (0x489bb493) x 9 0x00000000
core   0: 0x800067e4 (0x00000013) nop
core   0: 3 0x800067e4 (0x00000013)
core   0: 0x800067e8 (0x02d56e63) bltu    a0, a3, pc + 60
core   0: 3 0x800067e8 (0x02d56e63)
core   0: 0x80006824 (0xf00de713) ori     a4, s11, -256
core   0: 3 0x80006824 (0xf00de713) x14 0xffffff00
core   0: 0x80006828 (0x40afd113) srai    sp, t6, 10
core   0: 3 0x80006828 (0x40afd113) x 2 0x00000000
core   0: 0x8000682c (0x00e98263) beq     s3, a4, pc + 4
core   0: 3 0x8000682c (0x00e98263)
core   0: 0x80006830 (0x0ff0000f) fence   iorw,iorw
core   0: 3 0x80006830 (0x0ff0000f)
core   0: 0x80006834 (0x00f11eb3) sll     t4, sp, a5
core   0: 3 0x80006834 (0x00f11eb3) x29 0x00000000
core   0: 0x80006838 (0xe2d90493) addi    s1, s2, -467
core   0: 3 0x80006838 (0xe2d90493) x 9 0x5c9d4e2d
core   0: 0x8000683c (0x00e6d3b3) srl     t2, a3, a4
core   0: 3 0x8000683c (0x00e6d3b3) x 7 0x089a37bc
core   0: 0x80006840 (0x00000013) nop
core   0: 3 0x80006840 (0x00000013)
core   0: 0x80006844 (0xe633ae93) slti    t4, t2, -413
core   0: 3 0x80006844 (0xe633ae93) x29 0x00000000
core   0: 0x80006848 (0x041bc863) blt     s7, ra, pc + 80
core   0: 3 0x80006848 (0x041bc863)
core   0: 0x80006898 (0x02d58e63) beq     a1, a3, pc + 60
core   0: 3 0x80006898 (0x02d58e63)
core   0: 0x8000689c (0x00000013) nop
core   0: 3 0x8000689c (0x00000013)
core   0: 0x800068a0 (0x01845ab3) srl     s5, s0, s8
core   0: 3 0x800068a0 (0x01845ab3) x21 0x00000000
core   0: 0x800068a4 (0x6a558c93) addi    s9, a1, 1701
core   0: 3 0x800068a4 (0x6a558c93) x25 0x000286a5
core   0: 0x800068a8 (0x40e78ab3) sub     s5, a5, a4
core   0: 3 0x800068a8 (0x40e78ab3) x21 0x80028f54
core   0: 0x800068ac (0x04ade463) bltu    s11, a0, pc + 72
core   0: 3 0x800068ac (0x04ade463)
core   0: 0x800068b0 (0x013d2313) slti    t1, s10, 19
core   0: 3 0x800068b0 (0x013d2313) x 6 0x00000001
core   0: 0x800068b4 (0x8e5e4b93) xori    s7, t3, -1819
core   0: 3 0x800068b4 (0x8e5e4b93) x23 0x676908e5
core   0: 0x800068b8 (0x0141d593) srli    a1, gp, 20
core   0: 3 0x800068b8 (0x0141d593) x11 0x00000b03
core   0: 0x800068bc (0xcd0f0137) lui     sp, 0xcd0f0
core   0: 3 0x800068bc (0xcd0f0137) x 2 0xcd0f0000
core   0: 0x800068c0 (0x01e0c933) xor     s2, ra, t5
core   0: 3 0x800068c0 (0x01e0c933) x18 0x67690d6b
core   0: 0x800068c4 (0x00466663) bltu    a2, tp, pc + 12
core   0: 3 0x800068c4 (0x00466663)
core   0: 0x800068c8 (0x01c41c93) slli    s9, s0, 28
core   0: 3 0x800068c8 (0x01c41c93) x25 0x00000000
core   0: 0x800068cc (0x05271263) bne     a4, s2, pc + 68
core   0: 3 0x800068cc (0x05271263)
core   0: 0x80006910 (0x00219463) bne     gp, sp, pc + 8
core   0: 3 0x80006910 (0x00219463)
core   0: 0x80006918 (0x4007d213) srai    tp, a5, 0
core   0: 3 0x80006918 (0x4007d213) x 4 0x80028e54
core   0: 0x8000691c (0xd35e8c13) addi    s8, t4, -715
core   0: 3 0x8000691c (0xd35e8c13) x24 0xfffffd35
core   0: 0x80006920 (0x0046f333) and     t1, a3, tp
core   0: 3 0x80006920 (0x0046f333) x 6 0x00020614
core   0: 0x80006924 (0x00e640b3) xor     ra, a2, a4
core   0: 3 0x80006924 (0x00e640b3) x 1 0x00027c9b
core   0: 0x80006928 (0x0000100f) fence.i
core   0: 3 0x80006928 (0x0000100f)
core   0: 0x8000692c (0x01574e33) xor     t3, a4, s5
core   0: 3 0x8000692c (0x01574e33) x28 0x7ffd7054
core   0: 0x80006930 (0x411ad133) sra     sp, s5, a7
core   0: 3 0x80006930 (0x411ad133) x 2 0xf80028f5
core   0: 0x80006934 (0x022e8e63) beq     t4, sp, pc + 60
core   0: 3 0x80006934 (0x022e8e63)
core   0: 0x80006938 (0x41090b33) sub     s6, s2, a6
core   0: 3 0x80006938 (0x41090b33) x22 0xe7690d6b
core   0: 0x8000693c (0x41685913) srai    s2, a6, 22
core   0: 3 0x8000693c (0x41685913) x18 0xfffffe00
core   0: 0x80006940 (0x02d1ca63) blt     gp, a3, pc + 52
core   0: 3 0x80006940 (0x02d1ca63)
core   0: 0x80006974 (0xd981a913) slti    s2, gp, -616
core   0: 3 0x80006974 (0xd981a913) x18 0x00000001
core   0: 0x80006978 (0x02495e63) bge     s2, tp, pc + 60
core   0: 3 0x80006978 (0x02495e63)
core   0: 0x800069b4 (0x00000013) nop
core   0: 3 0x800069b4 (0x00000013)
core   0: 0x800069b8 (0x0126c033) xor     zero, a3, s2
core   0: 3 0x800069b8 (0x0126c033)
core   0: 0x800069bc (0x402c55b3) sra     a1, s8, sp
core   0: 3 0x800069bc (0x402c55b3) x11 0xffffffff
core   0: 0x800069c0 (0x0034aab3) slt     s5, s1, gp
core   0: 3 0x800069c0 (0x0034aab3) x21 0x00000000
core   0: 0x800069c4 (0x00ea9013) slli    zero, s5, 14
core   0: 3 0x800069c4 (0x00ea9013)
core   0: 0x800069c8 (0x00b1d433) srl     s0, gp, a1
core   0: 3 0x800069c8 (0x00b1d433) x 8 0x00000001
core   0: 0x800069cc (0xd241a397) auipc   t2, 0xd241a
core   0: 3 0x800069cc (0xd241a397) x 7 0x524209cc
core   0: 0x800069d0 (0x006621b3) slt     gp, a2, t1
core   0: 3 0x800069d0 (0x006621b3) x 3 0x00000001
core   0: 0x800069d4 (0x040b7263) bgeu    s6, zero, pc + 68
core   0: 3 0x800069d4 (0x040b7263)
core   0: 0x80006a18 (0x00809f13) slli    t5, ra, 8
core   0: 3 0x80006a18 (0x00809f13) x30 0x027c9b00
core   0: 0x80006a1c (0x40635513) srai    a0, t1, 6
core   0: 3 0x80006a1c (0x40635513) x10 0x00000818
core   0: 0x80006a20 (0xa3bd4c13) xori    s8, s10, -1477
core   0: 3 0x80006a20 (0xa3bd4c13) x24 0x7ffd746e
core   0: 0x80006a24 (0x00eb26b3) slt     a3, s6, a4
core   0: 3 0x80006a24 (0x00eb26b3) x13 0x00000001
core   0: 0x80006a28 (0x40dcdab3) sra     s5, s9, a3
core   0: 3 0x80006a28 (0x40dcdab3) x21 0x00000000
core   0: 0x80006a2c (0x017dc033) xor     zero, s11, s7
core   0: 3 0x80006a2c (0x017dc033)
core   0: 0x80006a30 (0x0ff0000f) fence   iorw,iorw
core   0: 3 0x80006a30 (0x0ff0000f)
core   0: 0x80006a34 (0x01070533) add     a0, a4, a6
core   0: 3 0x80006a34 (0x01070533) x10 0x7fffff00
core   0: 0x80006a38 (0x09a36993) ori     s3, t1, 154
core   0: 3 0x80006a38 (0x09a36993) x19 0x0002069e
core   0: 0x80006a3c (0x0000100f) fence.i
core   0: 3 0x80006a3c (0x0000100f)
core   0: 0x80006a40 (0x03a15463) bge     sp, s10, pc + 40
core   0: 3 0x80006a40 (0x03a15463)
core   0: 0x80006a68 (0x00749663) bne     s1, t2, pc + 12
core   0: 3 0x80006a68 (0x00749663)
core   0: 0x80006a74 (0x01875413) srli    s0, a4, 24
core   0: 3 0x80006a74 (0x01875413) x 8 0x000000ff
core   0: 0x80006a78 (0x0000100f) fence.i
core   0: 3 0x80006a78 (0x0000100f)
core   0: 0x80006a7c (0xee900d37) lui     s10, 0xee900
core   0: 3 0x80006a7c (0xee900d37) x26 0xee900000
core   0: 0x80006a80 (0x00112733) slt     a4, sp, ra
core   0: 3 0x80006a80 (0x00112733) x14 0x00000001
core   0: 0x80006a84 (0x01d4d933) srl     s2, s1, t4
core   0: 3 0x80006a84 (0x01d4d933) x18 0x5c9d4e2d
core   0: 0x80006a88 (0x00000013) nop
core   0: 3 0x80006a88 (0x00000013)
core   0: 0x80006a8c (0x00e51a13) slli    s4, a0, 14
core   0: 3 0x80006a8c (0x00e51a13) x20 0xffc00000
core   0: 0x80006a90 (0x00000013) nop
core   0: 3 0x80006a90 (0x00000013)
core   0: 0x80006a94 (0x00fc6533) or      a0, s8, a5
core   0: 3 0x80006a94 (0x00fc6533) x10 0xfffffe7e
core   0: 0x80006a98 (0x010f44b3) xor     s1, t5, a6
core   0: 3 0x80006a98 (0x010f44b3) x 9 0x827c9b00
core   0: 0x80006a9c (0x00e643b3) xor     t2, a2, a4
core   0: 3 0x80006a9c (0x00e643b3) x 7 0xfffd839a
core   0: 0x80006aa0 (0x00e6a933) slt     s2, a3, a4
core   0: 3 0x80006aa0 (0x00e6a933) x18 0x00000000
core   0: 0x80006aa4 (0x40fc5233) sra     tp, s8, a5
core   0: 3 0x80006aa4 (0x40fc5233) x 4 0x000007ff
core   0: 0x80006aa8 (0x00dddfb3) srl     t6, s11, a3
core   0: 3 0x80006aa8 (0x00dddfb3) x31 0x00000000
core   0: 0x80006aac (0x01d8ef33) or      t5, a7, t4
core   0: 3 0x80006aac (0x01d8ef33) x30 0x8002cce4
core   0: 0x80006ab0 (0x004296b3) sll     a3, t0, tp
core   0: 3 0x80006ab0 (0x004296b3) x13 0x00000000
core   0: 0x80006ab4 (0x00499993) slli    s3, s3, 4
core   0: 3 0x80006ab4 (0x00499993) x19 0x002069e0
core   0: 0x80006ab8 (0x0012b3b3) sltu    t2, t0, ra
core   0: 3 0x80006ab8 (0x0012b3b3) x 7 0x00000001
core   0: 0x80006abc (0x000bdc63) bgez    s7, pc + 24
core   0: 3 0x80006abc (0x000bdc63)
core   0: 0x80006ad4 (0x01450133) add     sp, a0, s4
core   0: 3 0x80006ad4 (0x01450133) x 2 0xffbffe7e
core   0: 0x80006ad8 (0xefca4593) xori    a1, s4, -260
core   0: 3 0x80006ad8 (0xefca4593) x11 0x003ffefc
core   0: 0x80006adc (0x40d6d2b3) sra     t0, a3, a3
core   0: 3 0x80006adc (0x40d6d2b3) x 5 0x00000000
core   0: 0x80006ae0 (0x045b0063) beq     s6, t0, pc + 64
core   0: 3 0x80006ae0 (0x045b0063)
core   0: 0x80006ae4 (0x006cd993) srli    s3, s9, 6
core   0: 3 0x80006ae4 (0x006cd993) x19 0x00000000
core   0: 0x80006ae8 (0x0000100f) fence.i
core   0: 3 0x80006ae8 (0x0000100f)
core   0: 0x80006aec (0x0111fc33) and     s8, gp, a7
core   0: 3 0x80006aec (0x0111fc33) x24 0x00000000
core   0: 0x80006af0 (0x058a5663) bge     s4, s8, pc + 76
core   0: 3 0x80006af0 (0x058a5663)
core   0: 0x80006af4 (0x021af063) bgeu    s5, ra, pc + 32
core   0: 3 0x80006af4 (0x021af063)
core   0: 0x80006af8 (0x01263db3) sltu    s11, a2, s2
core   0: 3 0x80006af8 (0x01263db3) x27 0x00000000
core   0: 0x80006afc (0x03857863) bgeu    a0, s8, pc + 48
core   0: 3 0x80006afc (0x03857863)
core   0: 0x80006b2c (0x00a70d33) add     s10, a4, a0
core   0: 3 0x80006b2c (0x00a70d33) x26 0xfffffe7f
core   0: 0x80006b30 (0x020f6e63) bltu    t5, zero, pc + 60
core   0: 3 0x80006b30 (0x020f6e63)
core   0: 0x80006b34 (0x02c8fe63) bgeu    a7, a2, pc + 60
core   0: 3 0x80006b34 (0x02c8fe63)
core   0: 0x80006b38 (0x8880c493) xori    s1, ra, -1912
core   0: 3 0x80006b38 (0x8880c493) x 9 0xfffd8413
core   0: 0x80006b3c (0x8f776c13) ori     s8, a4, -1801
core   0: 3 0x80006b3c (0x8f776c13) x24 0xfffff8f7
core   0: 0x80006b40 (0x00f11ab3) sll     s5, sp, a5
core   0: 3 0x80006b40 (0x00f11ab3) x21 0xe7e00000
core   0: 0x80006b44 (0x01acd3b3) srl     t2, s9, s10
core   0: 3 0x80006b44 (0x01acd3b3) x 7 0x00000000
core   0: 0x80006b48 (0x0070fa33) and     s4, ra, t2
core   0: 3 0x80006b48 (0x0070fa33) x20 0x00000000
core   0: 0x80006b4c (0x8a537e93) andi    t4, t1, -1883
core   0: 3 0x80006b4c (0x8a537e93) x29 0x00020004
core   0: 0x80006b50 (0x02637063) bgeu    t1, t1, pc + 32
core   0: 3 0x80006b50 (0x02637063)
core   0: 0x80006b70 (0x40fbd3b3) sra     t2, s7, a5
core   0: 3 0x80006b70 (0x40fbd3b3) x 7 0x00000676
core   0: 0x80006b74 (0x00b0d5b3) srl     a1, ra, a1
core   0: 3 0x80006b74 (0x00b0d5b3) x11 0x00000000
core   0: 0x80006b78 (0x00021713) slli    a4, tp, 0
core   0: 3 0x80006b78 (0x00021713) x14 0x000007ff
core   0: 0x80006b7c (0x02e74663) blt     a4, a4, pc + 44
core   0: 3 0x80006b7c (0x02e74663)
core   0: 0x80006b80 (0x55898093) addi    ra, s3, 1368
core   0: 3 0x80006b80 (0x55898093) x 1 0x00000558
core   0: 0x80006b84 (0x00bf26b3) slt     a3, t5, a1
core   0: 3 0x80006b84 (0x00bf26b3) x13 0x00000001
core   0: 0x80006b88 (0xab214f13) xori    t5, sp, -1358
core   0: 3 0x80006b88 (0xab214f13) x30 0x004004cc
core   0: 0x80006b8c (0xbc5b8313) addi    t1, s7, -1083
core   0: 3 0x80006b8c (0xbc5b8313) x 6 0x676904aa
core   0: 0x80006b90 (0x22da8993) addi    s3, s5, 557
core   0: 3 0x80006b90 (0x22da8993) x19 0xe7e0022d
core   0: 0x80006b94 (0xd2370f93) addi    t6, a4, -733
core   0: 3 0x80006b94 (0xd2370f93) x31 0x00000522
core   0: 0x80006b98 (0x0057b6b3) sltu    a3, a5, t0
core   0: 3 0x80006b98 (0x0057b6b3) x13 0x00000000
core   0: 0x80006b9c (0x02cfd663) bge     t6, a2, pc + 44
core   0: 3 0x80006b9c (0x02cfd663)
core   0: 0x80006bc8 (0xa16e3c13) sltiu   s8, t3, -1514
core   0: 3 0x80006bc8 (0xa16e3c13) x24 0x00000001
core   0: 0x80006bcc (0x012433b3) sltu    t2, s0, s2
core   0: 3 0x80006bcc (0x012433b3) x 7 0x00000000
core   0: 0x80006bd0 (0x009b2033) slt     zero, s6, s1
core   0: 3 0x80006bd0 (0x009b2033)
core   0: 0x80006bd4 (0x01b5ef33) or      t5, a1, s11
core   0: 3 0x80006bd4 (0x01b5ef33) x30 0x00000000
core   0: 0x80006bd8 (0x01b3d133) srl     sp, t2, s11
core   0: 3 0x80006bd8 (0x01b3d133) x 2 0x00000000
core   0: 0x80006bdc (0x054dd663) bge     s11, s4, pc + 76
core   0: 3 0x80006bdc (0x054dd663)
core   0: 0x80006c28 (0x00000013) nop
core   0: 3 0x80006c28 (0x00000013)
core   0: 0x80006c2c (0x41a2d0b3) sra     ra, t0, s10
core   0: 3 0x80006c2c (0x41a2d0b3) x 1 0x00000000
core   0: 0x80006c30 (0x002e6263) bltu    t3, sp, pc + 4
core   0: 3 0x80006c30 (0x002e6263)
core   0: 0x80006c34 (0x00a40c63) beq     s0, a0, pc + 24
core   0: 3 0x80006c34 (0x00a40c63)
core   0: 0x80006c38 (0x009ed663) bge     t4, s1, pc + 12
core   0: 3 0x80006c38 (0x009ed663)
core   0: 0x80006c44 (0x00b59a33) sll     s4, a1, a1
core   0: 3 0x80006c44 (0x00b59a33) x20 0x00000000
core   0: 0x80006c48 (0x00000013) nop
core   0: 3 0x80006c48 (0x00000013)
core   0: 0x80006c4c (0x0ff0000f) fence   iorw,iorw
core   0: 3 0x80006c4c (0x0ff0000f)
core   0: 0x80006c50 (0xb0f0c037) lui     zero, 0xb0f0c
core   0: 3 0x80006c50 (0xb0f0c037)
core   0: 0x80006c54 (0x01477663) bgeu    a4, s4, pc + 12
core   0: 3 0x80006c54 (0x01477663)
core   0: 0x80006c60 (0x00c9ca33) xor     s4, s3, a2
core   0: 3 0x80006c60 (0x00c9ca33) x20 0x181d81b6
core   0: 0x80006c64 (0x0e1b2413) slti    s0, s6, 225
core   0: 3 0x80006c64 (0x0e1b2413) x 8 0x00000001
core   0: 0x80006c68 (0x0149dcb3) srl     s9, s3, s4
core   0: 3 0x80006c68 (0x0149dcb3) x25 0x0000039f
core   0: 0x80006c6c (0x1c822d13) slti    s10, tp, 456
core   0: 3 0x80006c6c (0x1c822d13) x26 0x00000000
core   0: 0x80006c70 (0x01edb3b3) sltu    t2, s11, t5
core   0: 3 0x80006c70 (0x01edb3b3) x 7 0x00000000
core   0: 0x80006c74 (0x00c1a293) slti    t0, gp, 12
core   0: 3 0x80006c74 (0x00c1a293) x 5 0x00000001
core   0: 0x80006c78 (0x00962433) slt     s0, a2, s1
core   0: 3 0x80006c78 (0x00962433) x 8 0x00000001
core   0: 0x80006c7c (0x05846463) bltu    s0, s8, pc + 72
core   0: 3 0x80006c7c (0x05846463)
core   0: 0x80006c80 (0x5050f017) auipc   zero, 0x5050f
core   0: 3 0x80006c80 (0x5050f017)
core   0: 0x80006c84 (0x32bde013) ori     zero, s11, 811
core   0: 3 0x80006c84 (0x32bde013)
core   0: 0x80006c88 (0x71b97137) lui     sp, 0x71b97
core   0: 3 0x80006c88 (0x71b97137) x 2 0x71b97000
core   0: 0x80006c8c (0xc9240993) addi    s3, s0, -878
core   0: 3 0x80006c8c (0xc9240993) x19 0xfffffc93
core   0: 0x80006c90 (0x7c664713) xori    a4, a2, 1990
core   0: 3 0x80006c90 (0x7c664713) x14 0xfffd845d
core   0: 0x80006c94 (0x042d9863) bne     s11, sp, pc + 80
core   0: 3 0x80006c94 (0x042d9863)
core   0: 0x80006ce4 (0x05d29063) bne     t0, t4, pc + 64
core   0: 3 0x80006ce4 (0x05d29063)
core   0: 0x80006d24 (0x00f6d2b3) srl     t0, a3, a5
core   0: 3 0x80006d24 (0x00f6d2b3) x 5 0x00000000
core   0: 0x80006d28 (0x411553b3) sra     t2, a0, a7
core   0: 3 0x80006d28 (0x411553b3) x 7 0xffffffe7
core   0: 0x80006d2c (0x01ba1c33) sll     s8, s4, s11
core   0: 3 0x80006d2c (0x01ba1c33) x24 0x181d81b6
core   0: 0x80006d30 (0x00ca3bb3) sltu    s7, s4, a2
core   0: 3 0x80006d30 (0x00ca3bb3) x23 0x00000001
core   0: 0x80006d34 (0xf289bf93) sltiu   t6, s3, -216
core   0: 3 0x80006d34 (0xf289bf93) x31 0x00000001
core   0: 0x80006d38 (0xdeba6017) auipc   zero, 0xdeba6
core   0: 3 0x80006d38 (0xdeba6017)
core   0: 0x80006d3c (0x00d659b3) srl     s3, a2, a3
core   0: 3 0x80006d3c (0x00d659b3) x19 0xfffd839b
core   0: 0x80006d40 (0x01835463) bge     t1, s8, pc + 8
core   0: 3 0x80006d40 (0x01835463)
core   0: 0x80006d48 (0x93253d13) sltiu   s10, a0, -1742
core   0: 3 0x80006d48 (0x93253d13) x26 0x00000000
core   0: 0x80006d4c (0x006d1493) slli    s1, s10, 6
core   0: 3 0x80006d4c (0x006d1493) x 9 0x00000000
core   0: 0x80006d50 (0x0315e663) bltu    a1, a7, pc + 44
core   0: 3 0x80006d50 (0x0315e663)
core   0: 0x80006d7c (0xb1681ab7) lui     s5, 0xb1681
core   0: 3 0x80006d7c (0xb1681ab7) x21 0xb1681000
core   0: 0x80006d80 (0x01ccf3b3) and     t2, s9, t3
core   0: 3 0x80006d80 (0x01ccf3b3) x 7 0x00000014
core   0: 0x80006d84 (0xb8688693) addi    a3, a7, -1146
core   0: 3 0x80006d84 (0xb8688693) x13 0x8002c86a
core   0: 0x80006d88 (0x0ff0000f) fence   iorw,iorw
core   0: 3 0x80006d88 (0x0ff0000f)
core   0: 0x80006d8c (0x037d0e63) beq     s10, s7, pc + 60
core   0: 3 0x80006d8c (0x037d0e63)
core   0: 0x80006d90 (0x00e49eb3) sll     t4, s1, a4
core   0: 3 0x80006d90 (0x00e49eb3) x29 0x00000000
core   0: 0x80006d94 (0x0e022513) slti    a0, tp, 224
core   0: 3 0x80006d94 (0x0e022513) x10 0x00000000
core   0: 0x80006d98 (0x7fc03a93) sltiu   s5, zero, 2044
core   0: 3 0x80006d98 (0x7fc03a93) x21 0x00000001
core   0: 0x80006d9c (0xa5aacc93) xori    s9, s5, -1446
core   0: 3 0x80006d9c (0xa5aacc93) x25 0xfffffa5b
core   0: 0x80006da0 (0x00000013) nop
core   0: 3 0x80006da0 (0x00000013)
core   0: 0x80006da4 (0x00c1c933) xor     s2, gp, a2
core   0: 3 0x80006da4 (0x00c1c933) x18 0xfffd839a
core   0: 0x80006da8 (0x00a7df93) srli    t6, a5, 10
core   0: 3 0x80006da8 (0x00a7df93) x31 0x002000a3
core   0: 0x80006dac (0x04537663) bgeu    t1, t0, pc + 76
core   0: 3 0x80006dac (0x04537663)
core   0: 0x80006df8 (0x01ecdab3) srl     s5, s9, t5
core   0: 3 0x80006df8 (0x01ecdab3) x21 0xfffffa5b
core   0: 0x80006dfc (0x04fc4463) blt     s8, a5, pc + 72
core   0: 3 0x80006dfc (0x04fc4463)
core   0: 0x80006e00 (0x21ab8093) addi    ra, s7, 538
core   0: 3 0x80006e00 (0x21ab8093) x 1 0x0000021b
core   0: 0x80006e04 (0x04888263) beq     a7, s0, pc + 68
core   0: 3 0x80006e04 (0x04888263)
core   0: 0x80006e08 (0x02d57863) bgeu    a0, a3, pc + 48
core   0: 3 0x80006e08 (0x02d57863)
core   0: 0x80006e0c (0x01824463) blt     tp, s8, pc + 8
core   0: 3 0x80006e0c (0x01824463)
core   0: 0x80006e14 (0x003cda93) srli    s5, s9, 3
core   0: 3 0x80006e14 (0x003cda93) x21 0x1fffff4b
core   0: 0x80006e18 (0x41210eb3) sub     t4, sp, s2
core   0: 3 0x80006e18 (0x41210eb3) x29 0x71bbec66
core   0: 0x80006e1c (0x02f75e63) bge     a4, a5, pc + 60
core   0: 3 0x80006e1c (0x02f75e63)
core   0: 0x80006e58 (0x03face63) blt     s5, t6, pc + 60
core   0: 3 0x80006e58 (0x03face63)
core   0: 0x80006e5c (0x00184533) xor     a0, a6, ra
core   0: 3 0x80006e5c (0x00184533) x10 0x8000021b
core   0: 0x80006e60 (0x81350193) addi    gp, a0, -2029
core   0: 3 0x80006e60 (0x81350193) x 3 0x7ffffa2e
core   0: 0x80006e64 (0x40c88133) sub     sp, a7, a2
core   0: 3 0x80006e64 (0x40c88133) x 2 0x80054949
core   0: 0x80006e68 (0x79f0f693) andi    a3, ra, 1951
core   0: 3 0x80006e68 (0x79f0f693) x13 0x0000021b
core   0: 0x80006e6c (0x02ce1463) bne     t3, a2, pc + 40
core   0: 3 0x80006e6c (0x02ce1463)
core   0: 0x80006e94 (0x019eadb3) slt     s11, t4, s9
core   0: 3 0x80006e94 (0x019eadb3) x27 0x00000000
core   0: 0x80006e98 (0x41ab5fb3) sra     t6, s6, s10
core   0: 3 0x80006e98 (0x41ab5fb3) x31 0xe7690d6b
core   0: 0x80006e9c (0x408b5533) sra     a0, s6, s0
core   0: 3 0x80006e9c (0x408b5533) x10 0xf3b486b5
core   0: 0x80006ea0 (0x00e69db3) sll     s11, a3, a4
core   0: 3 0x80006ea0 (0x00e69db3) x27 0x60000000
core   0: 0x80006ea4 (0x013de633) or      a2, s11, s3
core   0: 3 0x80006ea4 (0x013de633) x12 0xfffd839b
core   0: 0x80006ea8 (0x00659c33) sll     s8, a1, t1
core   0: 3 0x80006ea8 (0x00659c33) x24 0x00000000
core   0: 0x80006eac (0x0112dd33) srl     s10, t0, a7
core   0: 3 0x80006eac (0x0112dd33) x26 0x00000000
core   0: 0x80006eb0 (0x05af7863) bgeu    t5, s10, pc + 80
core   0: 3 0x80006eb0 (0x05af7863)
core   0: 0x80006f00 (0x011bc733) xor     a4, s7, a7
core   0: 3 0x80006f00 (0x011bc733) x14 0x8002cce5
core   0: 0x80006f04 (0x011f6a33) or      s4, t5, a7
core   0: 3 0x80006f04 (0x011f6a33) x20 0x8002cce4
core   0: 0x80006f08 (0x00626f33) or      t5, tp, t1
core   0: 3 0x80006f08 (0x00626f33) x30 0x676907ff
core   0: 0x80006f0c (0x011ad033) srl     zero, s5, a7
core   0: 3 0x80006f0c (0x011ad033)
core   0: 0x80006f10 (0x00016317) auipc   t1, 0x16
core   0: 3 0x80006f10 (0x00016317) x 6 0x8001cf10
core   0: 0x80006f14 (0x9f430313) addi    t1, t1, -1548
core   0: 3 0x80006f14 (0x9f430313) x 6 0x8001c904
core   0: 0x80006f18 (0x00604bb3) xor     s7, zero, t1
core   0: 3 0x80006f18 (0x00604bb3) x23 0x8001c904
core   0: 0x80006f1c (0x5c512393) slti    t2, sp, 1477
core   0: 3 0x80006f1c (0x5c512393) x 7 0x00000001
core   0: 0x80006f20 (0xb6930c23) sb      s1, -1160(t1)
core   0: 3 0x80006f20 (0xb6930c23) mem 0x8001c47c 0x0
core   0: 0x80006f24 (0x51435a83) lhu     s5, 1300(t1)
core   0: 3 0x80006f24 (0x51435a83) x21 0x0000f961 mem 0x8001ce18
core   0: 0x80006f28 (0x407a0533) sub     a0, s4, t2
core   0: 3 0x80006f28 (0x407a0533) x10 0x8002cce3
core   0: 0x80006f2c (0x51430903) lb      s2, 1300(t1)
core   0: 3 0x80006f2c (0x51430903) x18 0x00000061 mem 0x8001ce18
core   0: 0x80006f30 (0x51435403) lhu     s0, 1300(t1)
core   0: 3 0x80006f30 (0x51435403) x 8 0x0000f961 mem 0x8001ce18
core   0: 0x80006f34 (0x00595e13) srli    t3, s2, 5
core   0: 3 0x80006f34 (0x00595e13) x28 0x00000003
core   0: 0x80006f38 (0x012da033) slt     zero, s11, s2
core   0: 3 0x80006f38 (0x012da033)
core   0: 0x80006f3c (0x00c786b3) add     a3, a5, a2
core   0: 3 0x80006f3c (0x00c786b3) x13 0x800011ef
core   0: 0x80006f40 (0x50b30a23) sb      a1, 1300(t1)
core   0: 3 0x80006f40 (0x50b30a23) mem 0x8001ce18 0x0
core   0: 0x80006f44 (0x01e9ae33) slt     t3, s3, t5
core   0: 3 0x80006f44 (0x01e9ae33) x28 0x00000001
core   0: 0x80006f48 (0xda132c23) sw      ra, -584(t1)
core   0: 3 0x80006f48 (0xda132c23) mem 0x8001c6bc 0x0000021b
core   0: 0x80006f4c (0xdb830003) lb      zero, -584(t1)
core   0: 3 0x80006f4c (0xdb830003) mem 0x8001c6bc
core   0: 0x80006f50 (0xdbd31c23) sh      t4, -584(t1)
core   0: 3 0x80006f50 (0xdbd31c23) mem 0x8001c6bc 0xec66
core   0: 0x80006f54 (0xdb834f83) lbu     t6, -584(t1)
core   0: 3 0x80006f54 (0xdb834f83) x31 0x00000066 mem 0x8001c6bc
core   0: 0x80006f58 (0xdb830d03) lb      s10, -584(t1)
core   0: 3 0x80006f58 (0xdb830d03) x26 0x00000066 mem 0x8001c6bc
core   0: 0x80006f5c (0x0ff0000f) fence   iorw,iorw
core   0: 3 0x80006f5c (0x0ff0000f)
core   0: 0x80006f60 (0x01a055b3) srl     a1, zero, s10
core   0: 3 0x80006f60 (0x01a055b3) x11 0x00000000
core   0: 0x80006f64 (0x00a91eb3) sll     t4, s2, a0
core   0: 3 0x80006f64 (0x00a91eb3) x29 0x00000308
core   0: 0x80006f68 (0x014f8333) add     t1, t6, s4
core   0: 3 0x80006f68 (0x014f8333) x 6 0x8002cd4a
core   0: 0x80006f6c (0x0133ecb3) or      s9, t2, s3
core   0: 3 0x80006f6c (0x0133ecb3) x25 0xfffd839b
core   0: 0x80006f70 (0x41520cb3) sub     s9, tp, s5
core   0: 3 0x80006f70 (0x41520cb3) x25 0xffff0e9e
core   0: 0x80006f74 (0x0000100f) fence.i
core   0: 3 0x80006f74 (0x0000100f)
core   0: 0x80006f78 (0x00255663) bge     a0, sp, pc + 12
core   0: 3 0x80006f78 (0x00255663)
core   0: 0x80006f7c (0x408153b3) sra     t2, sp, s0
core   0: 3 0x80006f7c (0x408153b3) x 7 0xc002a4a4
core   0: 0x80006f80 (0x9c370213) addi    tp, a4, -1597
core   0: 3 0x80006f80 (0x9c370213) x 4 0x8002c6a8
core   0: 0x80006f84 (0x4000b013) sltiu   zero, ra, 1024
core   0: 3 0x80006f84 (0x4000b013)
core   0: 0x80006f88 (0x007de9b3) or      s3, s11, t2
core   0: 3 0x80006f88 (0x007de9b3) x19 0xe002a4a4
core   0: 0x80006f8c (0x027b0063) beq     s6, t2, pc + 32
core   0: 3 0x80006f8c (0x027b0063)
core   0: 0x80006f90 (0x022e1663) bne     t3, sp, pc + 44
core   0: 3 0x80006f90 (0x022e1663)
core   0: 0x80006fbc (0x04b2e063) bltu    t0, a1, pc + 64
core   0: 3 0x80006fbc (0x04b2e063)
core   0: 0x80006fc0 (0x027a7863) bgeu    s4, t2, pc + 48
core   0: 3 0x80006fc0 (0x027a7863)
core   0: 0x80006fc4 (0x00f91663) bne     s2, a5, pc + 12
core   0: 3 0x80006fc4 (0x00f91663)
core   0: 0x80006fd0 (0x05bc1663) bne     s8, s11, pc + 76
core   0: 3 0x80006fd0 (0x05bc1663)
core   0: 0x8000701c (0x40cd5933) sra     s2, s10, a2
core   0: 3 0x8000701c (0x40cd5933) x18 0x00000000
core   0: 0x80007020 (0x41cb84b3) sub     s1, s7, t3
core   0: 3 0x80007020 (0x41cb84b3) x 9 0x8001c903
core   0: 0x80007024 (0xadd8e517) auipc   a0, 0xadd8e
core   0: 3 0x80007024 (0xadd8e517) x10 0x2dd95024
core   0: 0x80007028 (0x3dc64597) auipc   a1, 0x3dc64
core   0: 3 0x80007028 (0x3dc64597) x11 0xbdc6b028
core   0: 0x8000702c (0x018e2db3) slt     s11, t3, s8
core   0: 3 0x8000702c (0x018e2db3) x27 0x00000000
core   0: 0x80007030 (0x017f49b3) xor     s3, t5, s7
core   0: 3 0x80007030 (0x017f49b3) x19 0xe768cefb
core   0: 0x80007034 (0x4b900237) lui     tp, 0x4b900
core   0: 3 0x80007034 (0x4b900237) x 4 0x4b900000
core   0: 0x80007038 (0xc4ffee13) ori     t3, t6, -945
core   0: 3 0x80007038 (0xc4ffee13) x28 0xfffffc6f
core   0: 0x8000703c (0x6cb5a113) slti    sp, a1, 1739
core   0: 3 0x8000703c (0x6cb5a113) x 2 0x00000001
core   0: 0x80007040 (0x03526e63) bltu    tp, s5, pc + 60
core   0: 3 0x80007040 (0x03526e63)
core   0: 0x80007044 (0x0d500a93) li      s5, 213
core   0: 3 0x80007044 (0x0d500a93) x21 0x000000d5
core   0: 0x80007048 (0x00791393) slli    t2, s2, 7
core   0: 3 0x80007048 (0x00791393) x 7 0x00000000
core   0: 0x8000704c (0x01435a93) srli    s5, t1, 20
core   0: 3 0x8000704c (0x01435a93) x21 0x00000800
core   0: 0x80007050 (0x832a0c93) addi    s9, s4, -1998
core   0: 3 0x80007050 (0x832a0c93) x25 0x8002c516
core   0: 0x80007054 (0x01eed733) srl     a4, t4, t5
core   0: 3 0x80007054 (0x01eed733) x14 0x00000000
core   0: 0x80007058 (0x264a3413) sltiu   s0, s4, 612
core   0: 3 0x80007058 (0x264a3413) x 8 0x00000000
core   0: 0x8000705c (0x009d0c63) beq     s10, s1, pc + 24
core   0: 3 0x8000705c (0x009d0c63)
core   0: 0x80007060 (0x025e0e63) beq     t3, t0, pc + 60
core   0: 3 0x80007060 (0x025e0e63)
core   0: 0x80007064 (0x00f2cb33) xor     s6, t0, a5
core   0: 3 0x80007064 (0x00f2cb33) x22 0x80028e54
core   0: 0x80007068 (0x03edd063) bge     s11, t5, pc + 32
core   0: 3 0x80007068 (0x03edd063)
core   0: 0x8000706c (0x0182c633) xor     a2, t0, s8
core   0: 3 0x8000706c (0x0182c633) x12 0x00000000
core   0: 0x80007070 (0x0000100f) fence.i
core   0: 3 0x80007070 (0x0000100f)
core   0: 0x80007074 (0x00dfdb93) srli    s7, t6, 13
core   0: 3 0x80007074 (0x00dfdb93) x23 0x00000000
core   0: 0x80007078 (0x0158cbb3) xor     s7, a7, s5
core   0: 3 0x80007078 (0x0158cbb3) x23 0x8002c4e4
core   0: 0x8000707c (0x01f5cab3) xor     s5, a1, t6
core   0: 3 0x8000707c (0x01f5cab3) x21 0xbdc6b04e
core   0: 0x80007080 (0xe14a4993) xori    s3, s4, -492
core   0: 3 0x80007080 (0xe14a4993) x19 0x7ffd32f0
core   0: 0x80007084 (0x41c7d933) sra     s2, a5, t3
core   0: 3 0x80007084 (0x41c7d933) x18 0xffff0005
core   0: 0x80007088 (0x0233ce63) blt     t2, gp, pc + 60
core   0: 3 0x80007088 (0x0233ce63)
core   0: 0x800070c4 (0x1f983b93) sltiu   s7, a6, 505
core   0: 3 0x800070c4 (0x1f983b93) x23 0x00000000
core   0: 0x800070c8 (0x05f57b97) auipc   s7, 0x5f57
core   0: 3 0x800070c8 (0x05f57b97) x23 0x85f5e0c8
core   0: 0x800070cc (0x014550b3) srl     ra, a0, s4
core   0: 3 0x800070cc (0x014550b3) x 1 0x02dd9502
core   0: 0x800070d0 (0x03296663) bltu    s2, s2, pc + 44
core   0: 3 0x800070d0 (0x03296663)
core   0: 0x800070d4 (0x0167fd33) and     s10, a5, s6
core   0: 3 0x800070d4 (0x0167fd33) x26 0x80028e54
core   0: 0x800070d8 (0x42f96693) ori     a3, s2, 1071
core   0: 3 0x800070d8 (0x42f96693) x13 0xffff042f
core   0: 0x800070dc (0x006c7d13) andi    s10, s8, 6
core   0: 3 0x800070dc (0x006c7d13) x26 0x00000000
core   0: 0x800070e0 (0x001d32b3) sltu    t0, s10, ra
core   0: 3 0x800070e0 (0x001d32b3) x 5 0x00000001
core   0: 0x800070e4 (0x00000013) nop
core   0: 3 0x800070e4 (0x00000013)
core   0: 0x800070e8 (0x0141de13) srli    t3, gp, 20
core   0: 3 0x800070e8 (0x0141de13) x28 0x000007ff
core   0: 0x800070ec (0xe1d82593) slti    a1, a6, -483
core   0: 3 0x800070ec (0xe1d82593) x11 0x00000001
core   0: 0x800070f0 (0x00931733) sll     a4, t1, s1
core   0: 3 0x800070f0 (0x00931733) x14 0x00166a50
core   0: 0x800070f4 (0x5f1b8d13) addi    s10, s7, 1521
core   0: 3 0x800070f4 (0x5f1b8d13) x26 0x85f5e6b9
core   0: 0x800070f8 (0x006cd2b3) srl     t0, s9, t1
core   0: 3 0x800070f8 (0x006cd2b3) x 5 0x002000b1
core   0: 0x800070fc (0x0141acb3) slt     s9, gp, s4
core   0: 3 0x800070fc (0x0141acb3) x25 0x00000000
core   0: 0x80007100 (0x0ff0000f) fence   iorw,iorw
core   0: 3 0x80007100 (0x0ff0000f)
core   0: 0x80007104 (0x0375fe63) bgeu    a1, s7, pc + 60
core   0: 3 0x80007104 (0x0375fe63)
core   0: 0x80007108 (0x01c79533) sll     a0, a5, t3
core   0: 3 0x80007108 (0x01c79533) x10 0x00000000
core   0: 0x8000710c (0x03fef063) bgeu    t4, t6, pc + 32
core   0: 3 0x8000710c (0x03fef063)
core   0: 0x8000712c (0x0045b533) sltu    a0, a1, tp
core   0: 3 0x8000712c (0x0045b533) x10 0x00000001
core   0: 0x80007130 (0x017a33b3) sltu    t2, s4, s7
core   0: 3 0x80007130 (0x017a33b3) x 7 0x00000001
core   0: 0x80007134 (0x0016b633) sltu    a2, a3, ra
core   0: 3 0x80007134 (0x0016b633) x12 0x00000000
core   0: 0x80007138 (0x465aeab7) lui     s5, 0x465ae
core   0: 3 0x80007138 (0x465aeab7) x21 0x465ae000
core   0: 0x8000713c (0x41fed613) srai    a2, t4, 31
core   0: 3 0x8000713c (0x41fed613) x12 0x00000000
core   0: 0x80007140 (0x000eb1b3) sltu    gp, t4, zero
core   0: 3 0x80007140 (0x000eb1b3) x 3 0x00000000
core   0: 0x80007144 (0x00028463) beqz    t0, pc + 8
core   0: 3 0x80007144 (0x00028463)
core   0: 0x80007148 (0x0050e2b3) or      t0, ra, t0
core   0: 3 0x80007148 (0x0050e2b3) x 5 0x02fd95b3
core   0: 0x8000714c (0x01229d93) slli    s11, t0, 18
core   0: 3 0x8000714c (0x01229d93) x27 0x56cc0000
core   0: 0x80007150 (0x8084e693) ori     a3, s1, -2040
core   0: 3 0x80007150 (0x8084e693) x13 0xfffff90b
core   0: 0x80007154 (0x03684a63) blt     a6, s6, pc + 52
core   0: 3 0x80007154 (0x03684a63)
core   0: 0x80007188 (0x00149c13) slli    s8, s1, 1
core   0: 3 0x80007188 (0x00149c13) x24 0x00039206
core   0: 0x8000718c (0x00000013) nop
core   0: 3 0x8000718c (0x00000013)
core   0: 0x80007190 (0x011f5663) bge     t5, a7, pc + 12
core   0: 3 0x80007190 (0x011f5663)
core   0: 0x8000719c (0x0ff0000f) fence   iorw,iorw
core   0: 3 0x8000719c (0x0ff0000f)
core   0: 0x800071a0 (0x567b8e13) addi    t3, s7, 1383
core   0: 3 0x800071a0 (0x567b8e13) x28 0x85f5e62f
core   0: 0x800071a4 (0x0012b5b3) sltu    a1, t0, ra
core   0: 3 0x800071a4 (0x0012b5b3) x11 0x00000000
core   0: 0x800071a8 (0x490fc513) xori    a0, t6, 1168
core   0: 3 0x800071a8 (0x490fc513) x10 0x000004f6
core   0: 0x800071ac (0x010c1033) sll     zero, s8, a6
core   0: 3 0x800071ac (0x010c1033)
core   0: 0x800071b0 (0x05e45463) bge     s0, t5, pc + 72
core   0: 3 0x800071b0 (0x05e45463)
core   0: 0x800071b4 (0x00b14db3) xor     s11, sp, a1
core   0: 3 0x800071b4 (0x00b14db3) x27 0x00000001
core   0: 0x800071b8 (0x54912413) slti    s0, sp, 1353
core   0: 3 0x800071b8 (0x54912413) x 8 0x00000001
core   0: 0x800071bc (0x00851c63) bne     a0, s0, pc + 24
core   0: 3 0x800071bc (0x00851c63)
core   0: 0x800071d4 (0x32607993) andi    s3, zero, 806
core   0: 3 0x800071d4 (0x32607993) x19 0x00000000
core   0: 0x800071d8 (0x0000100f) fence.i
core   0: 3 0x800071d8 (0x0000100f)
core   0: 0x800071dc (0x01779c33) sll     s8, a5, s7
core   0: 3 0x800071dc (0x01779c33) x24 0x028e5400
core   0: 0x800071e0 (0x39313d93) sltiu   s11, sp, 915
core   0: 3 0x800071e0 (0x39313d93) x27 0x00000001
core   0: 0x800071e4 (0x40a880b3) sub     ra, a7, a0
core   0: 3 0x800071e4 (0x40a880b3) x 1 0x8002c7ee
core   0: 0x800071e8 (0x7bb78f93) addi    t6, a5, 1979
core   0: 3 0x800071e8 (0x7bb78f93) x31 0x8002960f
core   0: 0x800071ec (0x01fec2b3) xor     t0, t4, t6
core   0: 3 0x800071ec (0x01fec2b3) x 5 0x80029507
core   0: 0x800071f0 (0x76509337) lui     t1, 0x76509
core   0: 3 0x800071f0 (0x76509337) x 6 0x76509000
core   0: 0x800071f4 (0x010f96b3) sll     a3, t6, a6
core   0: 3 0x800071f4 (0x010f96b3) x13 0x8002960f
core   0: 0x800071f8 (0x04b2f863) bgeu    t0, a1, pc + 80
core   0: 3 0x800071f8 (0x04b2f863)
core   0: 0x80007248 (0x34807d93) andi    s11, zero, 840
core   0: 3 0x80007248 (0x34807d93) x27 0x00000000
core   0: 0x8000724c (0x44908a13) addi    s4, ra, 1097
core   0: 3 0x8000724c (0x44908a13) x20 0x8002cc37
core   0: 0x80007250 (0xa2345197) auipc   gp, 0xa2345
core   0: 3 0x80007250 (0xa2345197) x 3 0x2234c250
core   0: 0x80007254 (0x01882533) slt     a0, a6, s8
core   0: 3 0x80007254 (0x01882533) x10 0x00000001
core   0: 0x80007258 (0x01d73fb3) sltu    t6, a4, t4
core   0: 3 0x80007258 (0x01d73fb3) x31 0x00000000
core   0: 0x8000725c (0x05e11663) bne     sp, t5, pc + 76
core   0: 3 0x8000725c (0x05e11663)
core   0: 0x800072a8 (0x04097063) bgeu    s2, zero, pc + 64
core   0: 3 0x800072a8 (0x04097063)
core   0: 0x800072e8 (0x406c5e93) srai    t4, s8, 6
core   0: 3 0x800072e8 (0x406c5e93) x29 0x000a3950
core   0: 0x800072ec (0x02226863) bltu    tp, sp, pc + 48
core   0: 3 0x800072ec (0x02226863)
core   0: 0x800072f0 (0x0ff0000f) fence   iorw,iorw
core   0: 3 0x800072f0 (0x0ff0000f)
core   0: 0x800072f4 (0x013a9663) bne     s5, s3, pc + 12
core   0: 3 0x800072f4 (0x013a9663)
core   0: 0x80007300 (0x016b94b3) sll     s1, s7, s6
core   0: 3 0x80007300 (0x016b94b3) x 9 0x0c800000
core   0: 0x80007304 (0x417a09b3) sub     s3, s4, s7
core   0: 3 0x80007304 (0x417a09b3) x19 0xfa0ceb6f
core   0: 0x80007308 (0x01d14a33) xor     s4, sp, t4
core   0: 3 0x80007308 (0x01d14a33) x20 0x000a3951
core   0: 0x8000730c (0x41445a33) sra     s4, s0, s4
core   0: 3 0x8000730c (0x41445a33) x20 0x00000000
core   0: 0x80007310 (0x416a56b3) sra     a3, s4, s6
core   0: 3 0x80007310 (0x416a56b3) x13 0x00000000
core   0: 0x80007314 (0x01956b33) or      s6, a0, s9
core   0: 3 0x80007314 (0x01956b33) x22 0x00000001
core   0: 0x80007318 (0x0066d113) srli    sp, a3, 6
core   0: 3 0x80007318 (0x0066d113) x 2 0x00000000
core   0: 0x8000731c (0x0ff0000f) fence   iorw,iorw
core   0: 3 0x8000731c (0x0ff0000f)
core   0: 0x80007320 (0xc0c58e17) auipc   t3, 0xc0c58
core   0: 3 0x80007320 (0xc0c58e17) x28 0x40c5f320
core   0: 0x80007324 (0x01d3e463) bltu    t2, t4, pc + 8
core   0: 3 0x80007324 (0x01d3e463)
core   0: 0x8000732c (0x0105db93) srli    s7, a1, 16
core   0: 3 0x8000732c (0x0105db93) x23 0x00000000
core   0: 0x80007330 (0x02ab6063) bltu    s6, a0, pc + 32
core   0: 3 0x80007330 (0x02ab6063)
core   0: 0x80007334 (0x016efa33) and     s4, t4, s6
core   0: 3 0x80007334 (0x016efa33) x20 0x00000000
core   0: 0x80007338 (0x01633433) sltu    s0, t1, s6
core   0: 3 0x80007338 (0x01633433) x 8 0x00000000
core   0: 0x8000733c (0x001b5f93) srli    t6, s6, 1
core   0: 3 0x8000733c (0x001b5f93) x31 0x00000000
core   0: 0x80007340 (0x3ff34eb7) lui     t4, 0x3ff34
core   0: 3 0x80007340 (0x3ff34eb7) x29 0x3ff34000
core   0: 0x80007344 (0x01a21e33) sll     t3, tp, s10
core   0: 3 0x80007344 (0x01a21e33) x28 0x00000000
core   0: 0x80007348 (0x0ff0000f) fence   iorw,iorw
core   0: 3 0x80007348 (0x0ff0000f)
core   0: 0x8000734c (0xfa466b93) ori     s7, a2, -92
core   0: 3 0x8000734c (0xfa466b93) x23 0xffffffa4
core   0: 0x80007350 (0x00a07733) and     a4, zero, a0
core   0: 3 0x80007350 (0x00a07733) x14 0x00000000
core   0: 0x80007354 (0x40265933) sra     s2, a2, sp
core   0: 3 0x80007354 (0x40265933) x18 0x00000000
core   0: 0x80007358 (0x00000013) nop
core   0: 3 0x80007358 (0x00000013)
core   0: 0x8000735c (0x00881c13) slli    s8, a6, 8
core   0: 3 0x8000735c (0x00881c13) x24 0x00000000
core   0: 0x80007360 (0x0136e033) or      zero, a3, s3
core   0: 3 0x80007360 (0x0136e033)
core   0: 0x80007364 (0x01117333) and     t1, sp, a7
core   0: 3 0x80007364 (0x01117333) x 6 0x00000000
core   0: 0x80007368 (0x00144933) xor     s2, s0, ra
core   0: 3 0x80007368 (0x00144933) x18 0x8002c7ee
core   0: 0x8000736c (0x017be3b3) or      t2, s7, s7
core   0: 3 0x8000736c (0x017be3b3) x 7 0xffffffa4
core   0: 0x80007370 (0x006f1263) bne     t5, t1, pc + 4
core   0: 3 0x80007370 (0x006f1263)
core   0: 0x80007374 (0x0107fd33) and     s10, a5, a6
core   0: 3 0x80007374 (0x0107fd33) x26 0x80000000
core   0: 0x80007378 (0x00096133) or      sp, s2, zero
core   0: 3 0x80007378 (0x00096133) x 2 0x8002c7ee
core   0: 0x8000737c (0x02330463) beq     t1, gp, pc + 40
core   0: 3 0x8000737c (0x02330463)
core   0: 0x80007380 (0x40885433) sra     s0, a6, s0
core   0: 3 0x80007380 (0x40885433) x 8 0x80000000
core   0: 0x80007384 (0xc74c3193) sltiu   gp, s8, -908
core   0: 3 0x80007384 (0xc74c3193) x 3 0x00000001
core   0: 0x80007388 (0x0438e263) bltu    a7, gp, pc + 68
core   0: 3 0x80007388 (0x0438e263)
core   0: 0x8000738c (0x00b699b3) sll     s3, a3, a1
core   0: 3 0x8000738c (0x00b699b3) x19 0x00000000
core   0: 0x80007390 (0x006a7b33) and     s6, s4, t1
core   0: 3 0x80007390 (0x006a7b33) x22 0x00000000
core   0: 0x80007394 (0x0ff0000f) fence   iorw,iorw
core   0: 3 0x80007394 (0x0ff0000f)
core   0: 0x80007398 (0x84d835b7) lui     a1, 0x84d83
core   0: 3 0x80007398 (0x84d835b7) x11 0x84d83000
core   0: 0x8000739c (0x00000013) nop
core   0: 3 0x8000739c (0x00000013)
core   0: 0x800073a0 (0x22eff513) andi    a0, t6, 558
core   0: 3 0x800073a0 (0x22eff513) x10 0x00000000
core   0: 0x800073a4 (0x0115deb3) srl     t4, a1, a7
core   0: 3 0x800073a4 (0x0115deb3) x29 0x084d8300
core   0: 0x800073a8 (0x01b74cb3) xor     s9, a4, s11
core   0: 3 0x800073a8 (0x01b74cb3) x25 0x00000000
core   0: 0x800073ac (0x017ae033) or      zero, s5, s7
core   0: 3 0x800073ac (0x017ae033)
core   0: 0x800073b0 (0x8b0a6293) ori     t0, s4, -1872
core   0: 3 0x800073b0 (0x8b0a6293) x 5 0xfffff8b0
core   0: 0x800073b4 (0x03f87663) bgeu    a6, t6, pc + 44
core   0: 3 0x800073b4 (0x03f87663)
core   0: 0x800073e0 (0x0012bbb3) sltu    s7, t0, ra
core   0: 3 0x800073e0 (0x0012bbb3) x23 0x00000000
core   0: 0x800073e4 (0x3171aa97) auipc   s5, 0x3171a
core   0: 3 0x800073e4 (0x3171aa97) x21 0xb17213e4
core   0: 0x800073e8 (0x03f5ce63) blt     a1, t6, pc + 60
core   0: 3 0x800073e8 (0x03f5ce63)
core   0: 0x80007424 (0x00000013) nop
core   0: 3 0x80007424 (0x00000013)
core   0: 0x80007428 (0x00303e33) snez    t3, gp
core   0: 3 0x80007428 (0x00303e33) x28 0x00000001
core   0: 0x8000742c (0xa8074313) xori    t1, a4, -1408
core   0: 3 0x8000742c (0xa8074313) x 6 0xfffffa80
core   0: 0x80007430 (0x10251a63) bne     a0, sp, pc + 276
core   0: 3 0x80007430 (0x10251a63)
core   0: 0x80007544 (0x05f26463) bltu    tp, t6, pc + 72
core   0: 3 0x80007544 (0x05f26463)
core   0: 0x80007548 (0x00007663) bgeu    zero, zero, pc + 12
core   0: 3 0x80007548 (0x00007663)
core   0: 0x80007554 (0x00fc9c63) bne     s9, a5, pc + 24
core   0: 3 0x80007554 (0x00fc9c63)
core   0: 0x8000756c (0x04024663) bltz    tp, pc + 76
core   0: 3 0x8000756c (0x04024663)
core   0: 0x80007570 (0x404adc93) srai    s9, s5, 4
core   0: 3 0x80007570 (0x404adc93) x25 0xfb17213e
core   0: 0x80007574 (0x7c2aa513) slti    a0, s5, 1986
core   0: 3 0x80007574 (0x7c2aa513) x10 0x00000001
core   0: 0x80007578 (0x0ff0000f) fence   iorw,iorw
core   0: 3 0x80007578 (0x0ff0000f)
core   0: 0x8000757c (0xbf547293) andi    t0, s0, -1035
core   0: 3 0x8000757c (0xbf547293) x 5 0x80000000
core   0: 0x80007580 (0x0193db93) srli    s7, t2, 25
core   0: 3 0x80007580 (0x0193db93) x23 0x0000007f
core   0: 0x80007584 (0x0154ec63) bltu    s1, s5, pc + 24
core   0: 3 0x80007584 (0x0154ec63)
core   0: 0x8000759c (0x04bcc263) blt     s9, a1, pc + 68
core   0: 3 0x8000759c (0x04bcc263)
core   0: 0x800075a0 (0x4185da33) sra     s4, a1, s8
core   0: 3 0x800075a0 (0x4185da33) x20 0x84d83000
core   0: 0x800075a4 (0x402000b3) sub     ra, zero, sp
core   0: 3 0x800075a4 (0x402000b3) x 1 0x7ffd3812
core   0: 0x800075a8 (0x923bc993) xori    s3, s7, -1757
core   0: 3 0x800075a8 (0x923bc993) x19 0xfffff95c
core   0: 0x800075ac (0x0026d413) srli    s0, a3, 2
core   0: 3 0x800075ac (0x0026d413) x 8 0x00000000
core   0: 0x800075b0 (0x0ff0000f) fence   iorw,iorw
core   0: 3 0x800075b0 (0x0ff0000f)
core   0: 0x800075b4 (0x00611b93) slli    s7, sp, 6
core   0: 3 0x800075b4 (0x00611b93) x23 0x00b1fb80
core   0: 0x800075b8 (0x53b28d93) addi    s11, t0, 1339
core   0: 3 0x800075b8 (0x53b28d93) x27 0x8000053b
core   0: 0x800075bc (0x002a1e93) slli    t4, s4, 2
core   0: 3 0x800075bc (0x002a1e93) x29 0x1360c000
core   0: 0x800075c0 (0x00925263) bge     tp, s1, pc + 4
core   0: 3 0x800075c0 (0x00925263)
core   0: 0x800075c4 (0x0239f663) bgeu    s3, gp, pc + 44
core   0: 3 0x800075c4 (0x0239f663)
core   0: 0x800075f0 (0x000fdfb3) srl     t6, t6, zero
core   0: 3 0x800075f0 (0x000fdfb3) x31 0x00000000
core   0: 0x800075f4 (0x08438993) addi    s3, t2, 132
core   0: 3 0x800075f4 (0x08438993) x19 0x00000028
core   0: 0x800075f8 (0x5559e713) ori     a4, s3, 1365
core   0: 3 0x800075f8 (0x5559e713) x14 0x0000057d
core   0: 0x800075fc (0x40418933) sub     s2, gp, tp
core   0: 3 0x800075fc (0x40418933) x18 0xb4700001
core   0: 0x80007600 (0x46437cb7) lui     s9, 0x46437
core   0: 3 0x80007600 (0x46437cb7) x25 0x46437000
core   0: 0x80007604 (0x00a61663) bne     a2, a0, pc + 12
core   0: 3 0x80007604 (0x00a61663)
core   0: 0x80007610 (0x01f033b3) snez    t2, t6
core   0: 3 0x80007610 (0x01f033b3) x 7 0x00000000
core   0: 0x80007614 (0x00b3fb33) and     s6, t2, a1
core   0: 3 0x80007614 (0x00b3fb33) x22 0x00000000
core   0: 0x80007618 (0x03a25663) bge     tp, s10, pc + 44
core   0: 3 0x80007618 (0x03a25663)
core   0: 0x80007644 (0x0025e633) or      a2, a1, sp
core   0: 3 0x80007644 (0x0025e633) x12 0x84daf7ee
core   0: 0x80007648 (0x000b0d33) add     s10, s6, zero
core   0: 3 0x80007648 (0x000b0d33) x26 0x00000000
core   0: 0x8000764c (0x0ff0000f) fence   iorw,iorw
core   0: 3 0x8000764c (0x0ff0000f)
core   0: 0x80007650 (0x00000013) nop
core   0: 3 0x80007650 (0x00000013)
core   0: 0x80007654 (0x00478033) add     zero, a5, tp
core   0: 3 0x80007654 (0x00478033)
core   0: 0x80007658 (0x417a0033) sub     zero, s4, s7
core   0: 3 0x80007658 (0x417a0033)
core   0: 0x8000765c (0x05e1e063) bltu    gp, t5, pc + 64
core   0: 3 0x8000765c (0x05e1e063)
core   0: 0x8000769c (0x41a0dc93) srai    s9, ra, 26
core   0: 3 0x8000769c (0x41a0dc93) x25 0x0000001f
core   0: 0x800076a0 (0x6ab00137) lui     sp, 0x6ab00
core   0: 3 0x800076a0 (0x6ab00137) x 2 0x6ab00000
core   0: 0x800076a4 (0x0313c863) blt     t2, a7, pc + 48
core   0: 3 0x800076a4 (0x0313c863)
core   0: 0x800076a8 (0x05a71863) bne     a4, s10, pc + 80
core   0: 3 0x800076a8 (0x05a71863)
core   0: 0x800076f8 (0x4b1d2313) slti    t1, s10, 1201
core   0: 3 0x800076f8 (0x4b1d2313) x 6 0x00000001
core   0: 0x800076fc (0x0ff0000f) fence   iorw,iorw
core   0: 3 0x800076fc (0x0ff0000f)
core   0: 0x80007700 (0x00237db3) and     s11, t1, sp
core   0: 3 0x80007700 (0x00237db3) x27 0x00000000
core   0: 0x80007704 (0x01700fb3) add     t6, zero, s7
core   0: 3 0x80007704 (0x01700fb3) x31 0x00b1fb80
core   0: 0x80007708 (0x00f47133) and     sp, s0, a5
core   0: 3 0x80007708 (0x00f47133) x 2 0x00000000
core   0: 0x8000770c (0x00c9d4b3) srl     s1, s3, a2
core   0: 3 0x8000770c (0x00c9d4b3) x 9 0x00000000
core   0: 0x80007710 (0x05b4c263) blt     s1, s11, pc + 68
core   0: 3 0x80007710 (0x05b4c263)
core   0: 0x80007714 (0x014ef2b3) and     t0, t4, s4
core   0: 3 0x80007714 (0x014ef2b3) x 5 0x00400000
core   0: 0x80007718 (0x006f9a93) slli    s5, t6, 6
core   0: 3 0x80007718 (0x006f9a93) x21 0x2c7ee000
core   0: 0x8000771c (0xbed8bc37) lui     s8, 0xbed8b
core   0: 3 0x8000771c (0xbed8bc37) x24 0xbed8b000
core   0: 0x80007720 (0x03f31863) bne     t1, t6, pc + 48
core   0: 3 0x80007720 (0x03f31863)
core   0: 0x80007750 (0xd7c9ba13) sltiu   s4, s3, -644
core   0: 3 0x80007750 (0xd7c9ba13) x20 0x00000001
core   0: 0x80007754 (0x02cd5063) bge     s10, a2, pc + 32
core   0: 3 0x80007754 (0x02cd5063)
core   0: 0x80007774 (0x0057fc63) bgeu    a5, t0, pc + 24
core   0: 3 0x80007774 (0x0057fc63)
core   0: 0x8000778c (0x00601c93) slli    s9, zero, 6
core   0: 3 0x8000778c (0x00601c93) x25 0x00000000
core   0: 0x80007790 (0x0fbdba13) sltiu   s4, s11, 251
core   0: 3 0x80007790 (0x0fbdba13) x20 0x00000001
core   0: 0x80007794 (0x40690fb3) sub     t6, s2, t1
core   0: 3 0x80007794 (0x40690fb3) x31 0xb4700000
core   0: 0x80007798 (0x002ddf33) srl     t5, s11, sp
core   0: 3 0x80007798 (0x002ddf33) x30 0x00000000
core   0: 0x8000779c (0x00000013) nop
core   0: 3 0x8000779c (0x00000013)
core   0: 0x800077a0 (0x00327663) bgeu    tp, gp, pc + 12
core   0: 3 0x800077a0 (0x00327663)
core   0: 0x800077ac (0x38f78393) addi    t2, a5, 911
core   0: 3 0x800077ac (0x38f78393) x 7 0x800291e3
core   0: 0x800077b0 (0xfc70fb93) andi    s7, ra, -57
core   0: 3 0x800077b0 (0xfc70fb93) x23 0x7ffd3802
core   0: 0x800077b4 (0x400d04b3) sub     s1, s10, zero
core   0: 3 0x800077b4 (0x400d04b3) x 9 0x00000000
core   0: 0x800077b8 (0x40bcd633) sra     a2, s9, a1
core   0: 3 0x800077b8 (0x40bcd633) x12 0x00000000
core   0: 0x800077bc (0x6d69a713) slti    a4, s3, 1750
core   0: 3 0x800077bc (0x6d69a713) x14 0x00000001
core   0: 0x800077c0 (0x41eade33) sra     t3, s5, t5
core   0: 3 0x800077c0 (0x41eade33) x28 0x2c7ee000
core   0: 0x800077c4 (0xde247e13) andi    t3, s0, -542
core   0: 3 0x800077c4 (0xde247e13) x28 0x00000000
core   0: 0x800077c8 (0x00d582b3) add     t0, a1, a3
core   0: 3 0x800077c8 (0x00d582b3) x 5 0x84d83000
core   0: 0x800077cc (0x018f1433) sll     s0, t5, s8
core   0: 3 0x800077cc (0x018f1433) x 8 0x00000000
core   0: 0x800077d0 (0x0146f463) bgeu    a3, s4, pc + 8
core   0: 3 0x800077d0 (0x0146f463)
core   0: 0x800077d4 (0x0ff0000f) fence   iorw,iorw
core   0: 3 0x800077d4 (0x0ff0000f)
core   0: 0x800077d8 (0x0ff0000f) fence   iorw,iorw
core   0: 3 0x800077d8 (0x0ff0000f)
core   0: 0x800077dc (0x41455b13) srai    s6, a0, 20
core   0: 3 0x800077dc (0x41455b13) x22 0x00000000
core   0: 0x800077e0 (0x94c5f493) andi    s1, a1, -1716
core   0: 3 0x800077e0 (0x94c5f493) x 9 0x84d83000
core   0: 0x800077e4 (0x0c4b8a63) beq     s7, tp, pc + 212
core   0: 3 0x800077e4 (0x0c4b8a63)
core   0: 0x800077e8 (0x0215d663) bge     a1, ra, pc + 44
core   0: 3 0x800077e8 (0x0215d663)
core   0: 0x800077ec (0x00b42633) slt     a2, s0, a1
core   0: 3 0x800077ec (0x00b42633) x12 0x00000000
core   0: 0x800077f0 (0x00be0cb3) add     s9, t3, a1
core   0: 3 0x800077f0 (0x00be0cb3) x25 0x84d83000
core   0: 0x800077f4 (0x01923933) sltu    s2, tp, s9
core   0: 3 0x800077f4 (0x01923933) x18 0x00000001
core   0: 0x800077f8 (0x017ff463) bgeu    t6, s7, pc + 8
core   0: 3 0x800077f8 (0x017ff463)
core   0: 0x80007800 (0x0000100f) fence.i
core   0: 3 0x80007800 (0x0000100f)
core   0: 0x80007804 (0x1388ee13) ori     t3, a7, 312
core   0: 3 0x80007804 (0x1388ee13) x28 0x8002cdfc
core   0: 0x80007808 (0x0a320063) beq     tp, gp, pc + 160
core   0: 3 0x80007808 (0x0a320063)
core   0: 0x8000780c (0x007fe663) bltu    t6, t2, pc + 12
core   0: 3 0x8000780c (0x007fe663)
core   0: 0x80007810 (0x0112aab3) slt     s5, t0, a7
core   0: 3 0x80007810 (0x0112aab3) x21 0x00000000
core   0: 0x80007814 (0x0ab19063) bne     gp, a1, pc + 160
core   0: 3 0x80007814 (0x0ab19063)
core   0: 0x800078b4 (0x0064c9b3) xor     s3, s1, t1
core   0: 3 0x800078b4 (0x0064c9b3) x19 0x84d83001
core   0: 0x800078b8 (0x018375b3) and     a1, t1, s8
core   0: 3 0x800078b8 (0x018375b3) x11 0x00000000
core   0: 0x800078bc (0x0ff0000f) fence   iorw,iorw
core   0: 3 0x800078bc (0x0ff0000f)
core   0: 0x800078c0 (0x4b982f93) slti    t6, a6, 1209
core   0: 3 0x800078c0 (0x4b982f93) x31 0x00000001
core   0: 0x800078c4 (0x0323c663) blt     t2, s2, pc + 44
core   0: 3 0x800078c4 (0x0323c663)
core   0: 0x800078f0 (0x00441463) bne     s0, tp, pc + 8
core   0: 3 0x800078f0 (0x00441463)
core   0: 0x800078f8 (0x16611c97) auipc   s9, 0x16611
core   0: 3 0x800078f8 (0x16611c97) x25 0x966188f8
core   0: 0x800078fc (0x5d1ba737) lui     a4, 0x5d1ba
core   0: 3 0x800078fc (0x5d1ba737) x14 0x5d1ba000
core   0: 0x80007900 (0x00dad533) srl     a0, s5, a3
core   0: 3 0x80007900 (0x00dad533) x10 0x00000000
core   0: 0x80007904 (0x05807863) bgeu    zero, s8, pc + 80
core   0: 3 0x80007904 (0x05807863)
core   0: 0x80007908 (0x038c8e63) beq     s9, s8, pc + 60
core   0: 3 0x80007908 (0x038c8e63)
core   0: 0x8000790c (0x002cfab3) and     s5, s9, sp
core   0: 3 0x8000790c (0x002cfab3) x21 0x00000000
core   0: 0x80007910 (0x1a8b5a17) auipc   s4, 0x1a8b5
core   0: 3 0x80007910 (0x1a8b5a17) x20 0x9a8bc910
core   0: 0x80007914 (0x00df4433) xor     s0, t5, a3
core   0: 3 0x80007914 (0x00df4433) x 8 0x00000000
core   0: 0x80007918 (0x3dd78917) auipc   s2, 0x3dd78
core   0: 3 0x80007918 (0x3dd78917) x18 0xbdd7f918
core   0: 0x8000791c (0xcb252113) slti    sp, a0, -846
core   0: 3 0x8000791c (0xcb252113) x 2 0x00000000
core   0: 0x80007920 (0x7492cb13) xori    s6, t0, 1865
core   0: 3 0x80007920 (0x7492cb13) x22 0x84d83749
core   0: 0x80007924 (0x40e35e13) srai    t3, t1, 14
core   0: 3 0x80007924 (0x40e35e13) x28 0x00000000
core   0: 0x80007928 (0x03498863) beq     s3, s4, pc + 48
core   0: 3 0x80007928 (0x03498863)
core   0: 0x8000792c (0x029ad463) bge     s5, s1, pc + 40
core   0: 3 0x8000792c (0x029ad463)
core   0: 0x80007954 (0x02d12d93) slti    s11, sp, 45
core   0: 3 0x80007954 (0x02d12d93) x27 0x00000001
core   0: 0x80007958 (0x0000100f) fence.i
core   0: 3 0x80007958 (0x0000100f)
core   0: 0x8000795c (0x50d02f93) slti    t6, zero, 1293
core   0: 3 0x8000795c (0x50d02f93) x31 0x00000001
core   0: 0x80007960 (0xedcfa993) slti    s3, t6, -292
core   0: 3 0x80007960 (0xedcfa993) x19 0x00000000
core   0: 0x80007964 (0x01a84533) xor     a0, a6, s10
core   0: 3 0x80007964 (0x01a84533) x10 0x80000000
core   0: 0x80007968 (0x407c0ab3) sub     s5, s8, t2
core   0: 3 0x80007968 (0x407c0ab3) x21 0x3ed61e1d
core   0: 0x8000796c (0xdf1f2193) slti    gp, t5, -527
core   0: 3 0x8000796c (0xdf1f2193) x 3 0x00000000
core   0: 0x80007970 (0x0021ba33) sltu    s4, gp, sp
core   0: 3 0x80007970 (0x0021ba33) x20 0x00000000
core   0: 0x80007974 (0x0110e033) or      zero, ra, a7
core   0: 3 0x80007974 (0x0110e033)
core   0: 0x80007978 (0x41bc5c33) sra     s8, s8, s11
core   0: 3 0x80007978 (0x41bc5c33) x24 0xdf6c5800
core   0: 0x8000797c (0x04324463) blt     tp, gp, pc + 72
core   0: 3 0x8000797c (0x04324463)
core   0: 0x80007980 (0x0140da13) srli    s4, ra, 20
core   0: 3 0x80007980 (0x0140da13) x20 0x000007ff
core   0: 0x80007984 (0xf7e54a13) xori    s4, a0, -130
core   0: 3 0x80007984 (0xf7e54a13) x20 0x7fffff7e
core   0: 0x80007988 (0x00000013) nop
core   0: 3 0x80007988 (0x00000013)
core   0: 0x8000798c (0x00dea5b3) slt     a1, t4, a3
core   0: 3 0x8000798c (0x00dea5b3) x11 0x00000000
core   0: 0x80007990 (0x002cde33) srl     t3, s9, sp
core   0: 3 0x80007990 (0x002cde33) x28 0x966188f8
core   0: 0x80007994 (0x00273fb3) sltu    t6, a4, sp
core   0: 3 0x80007994 (0x00273fb3) x31 0x00000000
core   0: 0x80007998 (0x405c53b3) sra     t2, s8, t0
core   0: 3 0x80007998 (0x405c53b3) x 7 0xdf6c5800
core   0: 0x8000799c (0xbd523713) sltiu   a4, tp, -1067
core   0: 3 0x8000799c (0xbd523713) x14 0x00000001
core   0: 0x800079a0 (0x018c2ab3) slt     s5, s8, s8
core   0: 3 0x800079a0 (0x018c2ab3) x21 0x00000000
core   0: 0x800079a4 (0x02b34063) blt     t1, a1, pc + 32
core   0: 3 0x800079a4 (0x02b34063)
core   0: 0x800079a8 (0x0180e033) or      zero, ra, s8
core   0: 3 0x800079a8 (0x0180e033)
core   0: 0x800079ac (0x02aafa63) bgeu    s5, a0, pc + 52
core   0: 3 0x800079ac (0x02aafa63)
core   0: 0x800079b0 (0x00b273b3) and     t2, tp, a1
core   0: 3 0x800079b0 (0x00b273b3) x 7 0x00000000
core   0: 0x800079b4 (0x01927233) and     tp, tp, s9
core   0: 3 0x800079b4 (0x01927233) x 4 0x02000000
core   0: 0x800079b8 (0x01db2733) slt     a4, s6, t4
core   0: 3 0x800079b8 (0x01db2733) x14 0x00000001
core   0: 0x800079bc (0x01f763b3) or      t2, a4, t6
core   0: 3 0x800079bc (0x01f763b3) x 7 0x00000001
core   0: 0x800079c0 (0xf7ffe513) ori     a0, t6, -129
core   0: 3 0x800079c0 (0xf7ffe513) x10 0xffffff7f
core   0: 0x800079c4 (0x31d99c17) auipc   s8, 0x31d99
core   0: 3 0x800079c4 (0x31d99c17) x24 0xb1da09c4
core   0: 0x800079c8 (0x01025333) srl     t1, tp, a6
core   0: 3 0x800079c8 (0x01025333) x 6 0x02000000
core   0: 0x800079cc (0x04d05263) bge     zero, a3, pc + 68
core   0: 3 0x800079cc (0x04d05263)
core   0: 0x80007a10 (0x40b38a33) sub     s4, t2, a1
core   0: 3 0x80007a10 (0x40b38a33) x20 0x00000001
core   0: 0x80007a14 (0x0000100f) fence.i
core   0: 3 0x80007a14 (0x0000100f)
core   0: 0x80007a18 (0x03949e63) bne     s1, s9, pc + 60
core   0: 3 0x80007a18 (0x03949e63)
core   0: 0x80007a54 (0x0000100f) fence.i
core   0: 3 0x80007a54 (0x0000100f)
core   0: 0x80007a58 (0x0002fbb3) and     s7, t0, zero
core   0: 3 0x80007a58 (0x0002fbb3) x23 0x00000000
core   0: 0x80007a5c (0x01688c33) add     s8, a7, s6
core   0: 3 0x80007a5c (0x01688c33) x24 0x04db042d
core   0: 0x80007a60 (0x0321c863) blt     gp, s2, pc + 48
core   0: 3 0x80007a60 (0x0321c863)
core   0: 0x80007a64 (0x40c55db3) sra     s11, a0, a2
core   0: 3 0x80007a64 (0x40c55db3) x27 0xffffff7f
core   0: 0x80007a68 (0x0200c463) bltz    ra, pc + 40
core   0: 3 0x80007a68 (0x0200c463)
core   0: 0x80007a6c (0x80808593) addi    a1, ra, -2040
core   0: 3 0x80007a6c (0x80808593) x11 0x7ffd301a
core   0: 0x80007a70 (0x012e0cb3) add     s9, t3, s2
core   0: 3 0x80007a70 (0x012e0cb3) x25 0x54398210
core   0: 0x80007a74 (0x05787263) bgeu    a6, s7, pc + 68
core   0: 3 0x80007a74 (0x05787263)
core   0: 0x80007ab8 (0x001026b3) slt     a3, zero, ra
core   0: 3 0x80007ab8 (0x001026b3) x13 0x00000001
core   0: 0x80007abc (0x00859333) sll     t1, a1, s0
core   0: 3 0x80007abc (0x00859333) x 6 0x7ffd301a
core   0: 0x80007ac0 (0x015bcab3) xor     s5, s7, s5
core   0: 3 0x80007ac0 (0x015bcab3) x21 0x00000000
core   0: 0x80007ac4 (0x0264e063) bltu    s1, t1, pc + 32
core   0: 3 0x80007ac4 (0x0264e063)
core   0: 0x80007ac8 (0x019ca633) slt     a2, s9, s9
core   0: 3 0x80007ac8 (0x019ca633) x12 0x00000000
core   0: 0x80007acc (0xed7b4b93) xori    s7, s6, -297
core   0: 3 0x80007acc (0xed7b4b93) x23 0x7b27c99e
core   0: 0x80007ad0 (0x03787e63) bgeu    a6, s7, pc + 60
core   0: 3 0x80007ad0 (0x03787e63)
core   0: 0x80007b0c (0x00d8b733) sltu    a4, a7, a3
core   0: 3 0x80007b0c (0x00d8b733) x14 0x00000000
core   0: 0x80007b10 (0x8d3cbf93) sltiu   t6, s9, -1837
core   0: 3 0x80007b10 (0x8d3cbf93) x31 0x00000001
core   0: 0x80007b14 (0x0140fa33) and     s4, ra, s4
core   0: 3 0x80007b14 (0x0140fa33) x20 0x00000000
core   0: 0x80007b18 (0xa6f3b713) sltiu   a4, t2, -1425
core   0: 3 0x80007b18 (0xa6f3b713) x14 0x00000001
core   0: 0x80007b1c (0x0000100f) fence.i
core   0: 3 0x80007b1c (0x0000100f)
core   0: 0x80007b20 (0x01218263) beq     gp, s2, pc + 4
core   0: 3 0x80007b20 (0x01218263)
core   0: 0x80007b24 (0xf6adab13) slti    s6, s11, -150
core   0: 3 0x80007b24 (0xf6adab13) x22 0x00000000
core   0: 0x80007b28 (0x00195463) bge     s2, ra, pc + 8
core   0: 3 0x80007b28 (0x00195463)
core   0: 0x80007b2c (0xb6434093) xori    ra, t1, -1180
core   0: 3 0x80007b2c (0xb6434093) x 1 0x8002cb7e
core   0: 0x80007b30 (0x0156d713) srli    a4, a3, 21
core   0: 3 0x80007b30 (0x0156d713) x14 0x00000000
core   0: 0x80007b34 (0x99287913) andi    s2, a6, -1646
core   0: 3 0x80007b34 (0x99287913) x18 0x80000000
core   0: 0x80007b38 (0x01541263) bne     s0, s5, pc + 4
core   0: 3 0x80007b38 (0x01541263)
core   0: 0x80007b3c (0xbfdd6cb7) lui     s9, 0xbfdd6
core   0: 3 0x80007b3c (0xbfdd6cb7) x25 0xbfdd6000
core   0: 0x80007b40 (0x35def593) andi    a1, t4, 861
core   0: 3 0x80007b40 (0x35def593) x11 0x00000000
core   0: 0x80007b44 (0x00937733) and     a4, t1, s1
core   0: 3 0x80007b44 (0x00937733) x14 0x04d83000
core   0: 0x80007b48 (0x00e6ec63) bltu    a3, a4, pc + 24
core   0: 3 0x80007b48 (0x00e6ec63)
core   0: 0x80007b60 (0x0000100f) fence.i
core   0: 3 0x80007b60 (0x0000100f)
core   0: 0x80007b64 (0x56cd0393) addi    t2, s10, 1388
core   0: 3 0x80007b64 (0x56cd0393) x 7 0x0000056c
core   0: 0x80007b68 (0x405cda33) sra     s4, s9, t0
core   0: 3 0x80007b68 (0x405cda33) x20 0xbfdd6000
core   0: 0x80007b6c (0x01f73b33) sltu    s6, a4, t6
core   0: 3 0x80007b6c (0x01f73b33) x22 0x00000000
core   0: 0x80007b70 (0x00595033) srl     zero, s2, t0
core   0: 3 0x80007b70 (0x00595033)
core   0: 0x80007b74 (0x1f146113) ori     sp, s0, 497
core   0: 3 0x80007b74 (0x1f146113) x 2 0x000001f1
core   0: 0x80007b78 (0x01aa7033) and     zero, s4, s10
core   0: 3 0x80007b78 (0x01aa7033)
core   0: 0x80007b7c (0x00d68a63) beq     a3, a3, pc + 20
core   0: 3 0x80007b7c (0x00d68a63)
core   0: 0x80007b90 (0x4146d613) srai    a2, a3, 20
core   0: 3 0x80007b90 (0x4146d613) x12 0x00000000
core   0: 0x80007b94 (0x0190af33) slt     t5, ra, s9
core   0: 3 0x80007b94 (0x0190af33) x30 0x00000001
core   0: 0x80007b98 (0xe5ea9617) auipc   a2, 0xe5ea9
core   0: 3 0x80007b98 (0xe5ea9617) x12 0x65eb0b98
core   0: 0x80007b9c (0x00fe2db3) slt     s11, t3, a5
core   0: 3 0x80007b9c (0x00fe2db3) x27 0x00000000
core   0: 0x80007ba0 (0x036a5e63) bge     s4, s6, pc + 60
core   0: 3 0x80007ba0 (0x036a5e63)
core   0: 0x80007ba4 (0x00d00c63) beq     zero, a3, pc + 24
core   0: 3 0x80007ba4 (0x00d00c63)
core   0: 0x80007ba8 (0x40bcdd93) srai    s11, s9, 11
core   0: 3 0x80007ba8 (0x40bcdd93) x27 0xfff7fbac
core   0: 0x80007bac (0x41bb0fb3) sub     t6, s6, s11
core   0: 3 0x80007bac (0x41bb0fb3) x31 0x00080454
core   0: 0x80007bb0 (0x0210ce63) blt     ra, ra, pc + 60
core   0: 3 0x80007bb0 (0x0210ce63)
core   0: 0x80007bb4 (0x0000100f) fence.i
core   0: 3 0x80007bb4 (0x0000100f)
core   0: 0x80007bb8 (0x0ff0000f) fence   iorw,iorw
core   0: 3 0x80007bb8 (0x0ff0000f)
core   0: 0x80007bbc (0x0008b1b3) sltu    gp, a7, zero
core   0: 3 0x80007bbc (0x0008b1b3) x 3 0x00000000
core   0: 0x80007bc0 (0x009c4733) xor     a4, s8, s1
core   0: 3 0x80007bc0 (0x009c4733) x14 0x8003342d
core   0: 0x80007bc4 (0x4ee7ed13) ori     s10, a5, 1262
core   0: 3 0x80007bc4 (0x4ee7ed13) x26 0x80028efe
core   0: 0x80007bc8 (0x03986063) bltu    a6, s9, pc + 32
core   0: 3 0x80007bc8 (0x03986063)
core   0: 0x80007be8 (0xcee81a17) auipc   s4, 0xcee81
core   0: 3 0x80007be8 (0xcee81a17) x20 0x4ee88be8
core   0: 0x80007bec (0x46fd3e37) lui     t3, 0x46fd3
core   0: 3 0x80007bec (0x46fd3e37) x28 0x46fd3000
core   0: 0x80007bf0 (0x039f5463) bge     t5, s9, pc + 40
core   0: 3 0x80007bf0 (0x039f5463)
core   0: 0x80007c18 (0x01957633) and     a2, a0, s9
core   0: 3 0x80007c18 (0x01957633) x12 0xbfdd6000
core   0: 0x80007c1c (0x40c75c33) sra     s8, a4, a2
core   0: 3 0x80007c1c (0x40c75c33) x24 0x8003342d
core   0: 0x80007c20 (0x000e26b3) slt     a3, t3, zero
core   0: 3 0x80007c20 (0x000e26b3) x13 0x00000000
core   0: 0x80007c24 (0x0000100f) fence.i
core   0: 3 0x80007c24 (0x0000100f)
core   0: 0x80007c28 (0xf6a22d93) slti    s11, tp, -150
core   0: 3 0x80007c28 (0xf6a22d93) x27 0x00000000
core   0: 0x80007c2c (0x402e8a33) sub     s4, t4, sp
core   0: 3 0x80007c2c (0x402e8a33) x20 0x1360be0f
core   0: 0x80007c30 (0x01eb83b3) add     t2, s7, t5
core   0: 3 0x80007c30 (0x01eb83b3) x 7 0x7b27c99f
core   0: 0x80007c34 (0x02009863) bnez    ra, pc + 48
core   0: 3 0x80007c34 (0x02009863)
core   0: 0x80007c64 (0x04704263) blt     zero, t2, pc + 68
core   0: 3 0x80007c64 (0x04704263)
core   0: 0x80007ca8 (0x004fbc33) sltu    s8, t6, tp
core   0: 3 0x80007ca8 (0x004fbc33) x24 0x00000001
core   0: 0x80007cac (0x01a8ac33) slt     s8, a7, s10
core   0: 3 0x80007cac (0x01a8ac33) x24 0x00000000
core   0: 0x80007cb0 (0x018e0d33) add     s10, t3, s8
core   0: 3 0x80007cb0 (0x018e0d33) x26 0x46fd3000
core   0: 0x80007cb4 (0x6d81ee93) ori     t4, gp, 1752
core   0: 3 0x80007cb4 (0x6d81ee93) x29 0x000006d8
core   0: 0x80007cb8 (0x0000100f) fence.i
core   0: 3 0x80007cb8 (0x0000100f)
core   0: 0x80007cbc (0x419c0b33) sub     s6, s8, s9
core   0: 3 0x80007cbc (0x419c0b33) x22 0x4022a000
core   0: 0x80007cc0 (0x02e95063) bge     s2, a4, pc + 32
core   0: 3 0x80007cc0 (0x02e95063)
core   0: 0x80007cc4 (0x03290063) beq     s2, s2, pc + 32
core   0: 3 0x80007cc4 (0x03290063)
core   0: 0x80007ce4 (0x41045eb3) sra     t4, s0, a6
core   0: 3 0x80007ce4 (0x41045eb3) x29 0x00000000
core   0: 0x80007ce8 (0x03e35e63) bge     t1, t5, pc + 60
core   0: 3 0x80007ce8 (0x03e35e63)
core   0: 0x80007d24 (0x008c5413) srli    s0, s8, 8
core   0: 3 0x80007d24 (0x008c5413) x 8 0x00000000
core   0: 0x80007d28 (0x00000013) nop
core   0: 3 0x80007d28 (0x00000013)
core   0: 0x80007d2c (0x4d1ee493) ori     s1, t4, 1233
core   0: 3 0x80007d2c (0x4d1ee493) x 9 0x000004d1
core   0: 0x80007d30 (0x00000013) nop
core   0: 3 0x80007d30 (0x00000013)
core   0: 0x80007d34 (0x0131d2b3) srl     t0, gp, s3
core   0: 3 0x80007d34 (0x0131d2b3) x 5 0x00000000
core   0: 0x80007d38 (0x419cdf93) srai    t6, s9, 25
core   0: 3 0x80007d38 (0x419cdf93) x31 0xffffffdf
core   0: 0x80007d3c (0x54feb113) sltiu   sp, t4, 1359
core   0: 3 0x80007d3c (0x54feb113) x 2 0x00000001
core   0: 0x80007d40 (0x01937733) and     a4, t1, s9
core   0: 3 0x80007d40 (0x01937733) x14 0x3fdd2000
core   0: 0x80007d44 (0x00106d33) or      s10, zero, ra
core   0: 3 0x80007d44 (0x00106d33) x26 0x8002cb7e
core   0: 0x80007d48 (0x044d1863) bne     s10, tp, pc + 80
core   0: 3 0x80007d48 (0x044d1863)
core   0: 0x80007d98 (0x0180f1b3) and     gp, ra, s8
core   0: 3 0x80007d98 (0x0180f1b3) x 3 0x00000000
core   0: 0x80007d9c (0x03621a63) bne     tp, s6, pc + 52
core   0: 3 0x80007d9c (0x03621a63)
core   0: 0x80007dd0 (0x893e0f93) addi    t6, t3, -1901
core   0: 3 0x80007dd0 (0x893e0f93) x31 0x46fd2893
core   0: 0x80007dd4 (0x2af00c13) li      s8, 687
core   0: 3 0x80007dd4 (0x2af00c13) x24 0x000002af
core   0: 0x80007dd8 (0x01d09eb3) sll     t4, ra, t4
core   0: 3 0x80007dd8 (0x01d09eb3) x29 0x8002cb7e
core   0: 0x80007ddc (0x00ec4663) blt     s8, a4, pc + 12
core   0: 3 0x80007ddc (0x00ec4663)
core   0: 0x80007de8 (0x7ea56e97) auipc   t4, 0x7ea56
core   0: 3 0x80007de8 (0x7ea56e97) x29 0xfea5dde8
core   0: 0x80007dec (0x04c81463) bne     a6, a2, pc + 72
core   0: 3 0x80007dec (0x04c81463)
core   0: 0x80007e34 (0xe4db3913) sltiu   s2, s6, -435
core   0: 3 0x80007e34 (0xe4db3913) x18 0x00000001
core   0: 0x80007e38 (0x00ac5413) srli    s0, s8, 10
core   0: 3 0x80007e38 (0x00ac5413) x 8 0x00000000
core   0: 0x80007e3c (0x2b40a613) slti    a2, ra, 692
core   0: 3 0x80007e3c (0x2b40a613) x12 0x00000001
core   0: 0x80007e40 (0x00c13eb3) sltu    t4, sp, a2
core   0: 3 0x80007e40 (0x00c13eb3) x29 0x00000000
core   0: 0x80007e44 (0x03306863) bltu    zero, s3, pc + 48
core   0: 3 0x80007e44 (0x03306863)
core   0: 0x80007e48 (0x03def863) bgeu    t4, t4, pc + 48
core   0: 3 0x80007e48 (0x03def863)
core   0: 0x80007e78 (0x01f7a9b3) slt     s3, a5, t6
core   0: 3 0x80007e78 (0x01f7a9b3) x19 0x00000001
core   0: 0x80007e7c (0x0125ee33) or      t3, a1, s2
core   0: 3 0x80007e7c (0x0125ee33) x28 0x00000001
core   0: 0x80007e80 (0x0000100f) fence.i
core   0: 3 0x80007e80 (0x0000100f)
core   0: 0x80007e84 (0x4011d633) sra     a2, gp, ra
core   0: 3 0x80007e84 (0x4011d633) x12 0x00000000
core   0: 0x80007e88 (0x0392f663) bgeu    t0, s9, pc + 44
core   0: 3 0x80007e88 (0x0392f663)
core   0: 0x80007e8c (0x01701663) bne     zero, s7, pc + 12
core   0: 3 0x80007e8c (0x01701663)
core   0: 0x80007e98 (0x0ff0000f) fence   iorw,iorw
core   0: 3 0x80007e98 (0x0ff0000f)
core   0: 0x80007e9c (0xe185b393) sltiu   t2, a1, -488
core   0: 3 0x80007e9c (0xe185b393) x 7 0x00000001
core   0: 0x80007ea0 (0x0000100f) fence.i
core   0: 3 0x80007ea0 (0x0000100f)
core   0: 0x80007ea4 (0x052e1663) bne     t3, s2, pc + 76
core   0: 3 0x80007ea4 (0x052e1663)
core   0: 0x80007ea8 (0xe5c7ee93) ori     t4, a5, -420
core   0: 3 0x80007ea8 (0xe5c7ee93) x29 0xfffffe5c
core   0: 0x80007eac (0x004ee733) or      a4, t4, tp
core   0: 3 0x80007eac (0x004ee733) x14 0xfffffe5c
core   0: 0x80007eb0 (0x40bd50b3) sra     ra, s10, a1
core   0: 3 0x80007eb0 (0x40bd50b3) x 1 0x8002cb7e
core   0: 0x80007eb4 (0x02a25663) bge     tp, a0, pc + 44
core   0: 3 0x80007eb4 (0x02a25663)
core   0: 0x80007ee0 (0x02466463) bltu    a2, tp, pc + 40
core   0: 3 0x80007ee0 (0x02466463)
core   0: 0x80007f08 (0x416f8cb3) sub     s9, t6, s6
core   0: 3 0x80007f08 (0x416f8cb3) x25 0x06da8893
core   0: 0x80007f0c (0x00bd3333) sltu    t1, s10, a1
core   0: 3 0x80007f0c (0x00bd3333) x 6 0x00000000
core   0: 0x80007f10 (0x01540cb3) add     s9, s0, s5
core   0: 3 0x80007f10 (0x01540cb3) x25 0x00000000
core   0: 0x80007f14 (0x02ad2413) slti    s0, s10, 42
core   0: 3 0x80007f14 (0x02ad2413) x 8 0x00000001
core   0: 0x80007f18 (0x0ff0000f) fence   iorw,iorw
core   0: 3 0x80007f18 (0x0ff0000f)
core   0: 0x80007f1c (0x02924e63) blt     tp, s1, pc + 60
core   0: 3 0x80007f1c (0x02924e63)
core   0: 0x80007f20 (0x51d73997) auipc   s3, 0x51d73
core   0: 3 0x80007f20 (0x51d73997) x19 0xd1d7af20
core   0: 0x80007f24 (0x0ff0000f) fence   iorw,iorw
core   0: 3 0x80007f24 (0x0ff0000f)
core   0: 0x80007f28 (0x019e1733) sll     a4, t3, s9
core   0: 3 0x80007f28 (0x019e1733) x14 0x00000001
core   0: 0x80007f2c (0x015d1313) slli    t1, s10, 21
core   0: 3 0x80007f2c (0x015d1313) x 6 0x6fc00000
core   0: 0x80007f30 (0x0555f263) bgeu    a1, s5, pc + 68
core   0: 3 0x80007f30 (0x0555f263)
core   0: 0x80007f74 (0x0202ee63) bltu    t0, zero, pc + 60
core   0: 3 0x80007f74 (0x0202ee63)
core   0: 0x80007f78 (0xc93a7c93) andi    s9, s4, -877
core   0: 3 0x80007f78 (0xc93a7c93) x25 0x1360bc03
core   0: 0x80007f7c (0x0192c463) blt     t0, s9, pc + 8
core   0: 3 0x80007f7c (0x0192c463)
core   0: 0x80007f84 (0x841a8393) addi    t2, s5, -1983
core   0: 3 0x80007f84 (0x841a8393) x 7 0xfffff841
core   0: 0x80007f88 (0x01503533) snez    a0, s5
core   0: 3 0x80007f88 (0x01503533) x10 0x00000000
core   0: 0x80007f8c (0x41045333) sra     t1, s0, a6
core   0: 3 0x80007f8c (0x41045333) x 6 0x00000001
core   0: 0x80007f90 (0x00740033) add     zero, s0, t2
core   0: 3 0x80007f90 (0x00740033)
core   0: 0x80007f94 (0x052c8063) beq     s9, s2, pc + 64
core   0: 3 0x80007f94 (0x052c8063)
core   0: 0x80007f98 (0x015db933) sltu    s2, s11, s5
core   0: 3 0x80007f98 (0x015db933) x18 0x00000000
core   0: 0x80007f9c (0x006803b3) add     t2, a6, t1
core   0: 3 0x80007f9c (0x006803b3) x 7 0x80000001
core   0: 0x80007fa0 (0x02f85463) bge     a6, a5, pc + 40
core   0: 3 0x80007fa0 (0x02f85463)
core   0: 0x80007fa4 (0x02a61063) bne     a2, a0, pc + 32
core   0: 3 0x80007fa4 (0x02a61063)
core   0: 0x80007fa8 (0xc8a04a37) lui     s4, 0xc8a04
core   0: 3 0x80007fa8 (0xc8a04a37) x20 0xc8a04000
core   0: 0x80007fac (0x41d35513) srai    a0, t1, 29
core   0: 3 0x80007fac (0x41d35513) x10 0x00000000
core   0: 0x80007fb0 (0x4189dcb3) sra     s9, s3, s8
core   0: 3 0x80007fb0 (0x4189dcb3) x25 0xffffa3af
core   0: 0x80007fb4 (0x00998663) beq     s3, s1, pc + 12
core   0: 3 0x80007fb4 (0x00998663)
core   0: 0x80007fb8 (0x0102dd13) srli    s10, t0, 16
core   0: 3 0x80007fb8 (0x0102dd13) x26 0x00000000
core   0: 0x80007fbc (0x7f797413) andi    s0, s2, 2039
core   0: 3 0x80007fbc (0x7f797413) x 8 0x00000000
core   0: 0x80007fc0 (0x00000013) nop
core   0: 3 0x80007fc0 (0x00000013)
core   0: 0x80007fc4 (0x023d5e63) bge     s10, gp, pc + 60
core   0: 3 0x80007fc4 (0x023d5e63)
core   0: 0x80008000 (0x385a4313) xori    t1, s4, 901
core   0: 3 0x80008000 (0x385a4313) x 6 0xc8a04385
core   0: 0x80008004 (0x0442f263) bgeu    t0, tp, pc + 68
core   0: 3 0x80008004 (0x0442f263)
core   0: 0x80008008 (0xc9b97c13) andi    s8, s2, -869
core   0: 3 0x80008008 (0xc9b97c13) x24 0x00000000
core   0: 0x8000800c (0x405f8533) sub     a0, t6, t0
core   0: 3 0x8000800c (0x405f8533) x10 0x46fd2893
core   0: 0x80008010 (0x000f2d33) slt     s10, t5, zero
core   0: 3 0x80008010 (0x000f2d33) x26 0x00000000
core   0: 0x80008014 (0x56337c93) andi    s9, t1, 1379
core   0: 3 0x80008014 (0x56337c93) x25 0x00000101
core   0: 0x80008018 (0x0170fcb3) and     s9, ra, s7
core   0: 3 0x80008018 (0x0170fcb3) x25 0x0002c91e
core   0: 0x8000801c (0xc400a217) auipc   tp, 0xc400a
core   0: 3 0x8000801c (0xc400a217) x 4 0x4401201c
core   0: 0x80008020 (0x01d9b2b3) sltu    t0, s3, t4
core   0: 3 0x80008020 (0x01d9b2b3) x 5 0x00000001
core   0: 0x80008024 (0x015fc633) xor     a2, t6, s5
core   0: 3 0x80008024 (0x015fc633) x12 0x46fd2893
core   0: 0x80008028 (0x0051feb3) and     t4, gp, t0
core   0: 3 0x80008028 (0x0051feb3) x29 0x00000000
core   0: 0x8000802c (0x688d3f37) lui     t5, 0x688d3
core   0: 3 0x8000802c (0x688d3f37) x30 0x688d3000
core   0: 0x80008030 (0x0000100f) fence.i
core   0: 3 0x80008030 (0x0000100f)
core   0: 0x80008034 (0x00a4d993) srli    s3, s1, 10
core   0: 3 0x80008034 (0x00a4d993) x19 0x00000001
core   0: 0x80008038 (0x012064b3) or      s1, zero, s2
core   0: 3 0x80008038 (0x012064b3) x 9 0x00000000
core   0: 0x8000803c (0x054f9263) bne     t6, s4, pc + 68
core   0: 3 0x8000803c (0x054f9263)
core   0: 0x80008080 (0x0000100f) fence.i
core   0: 3 0x80008080 (0x0000100f)
core   0: 0x80008084 (0x40d5d2b3) sra     t0, a1, a3
core   0: 3 0x80008084 (0x40d5d2b3) x 5 0x00000000
core   0: 0x80008088 (0x40080033) sub     zero, a6, zero
core   0: 3 0x80008088 (0x40080033)
core   0: 0x8000808c (0xa0def993) andi    s3, t4, -1523
core   0: 3 0x8000808c (0xa0def993) x19 0x00000000
core   0: 0x80008090 (0x83c4e417) auipc   s0, 0x83c4e
core   0: 3 0x80008090 (0x83c4e417) x 8 0x03c56090
core   0: 0x80008094 (0xd61c2293) slti    t0, s8, -671
core   0: 3 0x80008094 (0xd61c2293) x 5 0x00000000
core   0: 0x80008098 (0x030e0663) beq     t3, a6, pc + 44
core   0: 3 0x80008098 (0x030e0663)
core   0: 0x8000809c (0xb1826d13) ori     s10, tp, -1256
core   0: 3 0x8000809c (0xb1826d13) x26 0xfffffb1c
core   0: 0x800080a0 (0x010a3033) sltu    zero, s4, a6
core   0: 3 0x800080a0 (0x010a3033)
core   0: 0x800080a4 (0x01d7b2b3) sltu    t0, a5, t4
core   0: 3 0x800080a4 (0x01d7b2b3) x 5 0x00000000
core   0: 0x800080a8 (0x009930b3) sltu    ra, s2, s1
core   0: 3 0x800080a8 (0x009930b3) x 1 0x00000000
core   0: 0x800080ac (0x5cad2e93) slti    t4, s10, 1482
core   0: 3 0x800080ac (0x5cad2e93) x29 0x00000001
core   0: 0x800080b0 (0x40ad5433) sra     s0, s10, a0
core   0: 3 0x800080b0 (0x40ad5433) x 8 0xffffffff
core   0: 0x800080b4 (0x0ff0000f) fence   iorw,iorw
core   0: 3 0x800080b4 (0x0ff0000f)
core   0: 0x800080b8 (0x01eb9493) slli    s1, s7, 30
core   0: 3 0x800080b8 (0x01eb9493) x 9 0x80000000
core   0: 0x800080bc (0x41d55013) srai    zero, a0, 29
core   0: 3 0x800080bc (0x41d55013)
core   0: 0x800080c0 (0x00e2fc63) bgeu    t0, a4, pc + 24
core   0: 3 0x800080c0 (0x00e2fc63)
core   0: 0x800080c4 (0x50415ab7) lui     s5, 0x50415
core   0: 3 0x800080c4 (0x50415ab7) x21 0x50415000
core   0: 0x800080c8 (0x002fed33) or      s10, t6, sp
core   0: 3 0x800080c8 (0x002fed33) x26 0x46fd2893
core   0: 0x800080cc (0x00848663) beq     s1, s0, pc + 12
core   0: 3 0x800080cc (0x00848663)
core   0: 0x800080d0 (0x1c9ec113) xori    sp, t4, 457
core   0: 3 0x800080d0 (0x1c9ec113) x 2 0x000001c8
core   0: 0x800080d4 (0x00000013) nop
core   0: 3 0x800080d4 (0x00000013)
core   0: 0x800080d8 (0x38640713) addi    a4, s0, 902
core   0: 3 0x800080d8 (0x38640713) x14 0x00000385
core   0: 0x800080dc (0x44556e37) lui     t3, 0x44556
core   0: 3 0x800080dc (0x44556e37) x28 0x44556000
core   0: 0x800080e0 (0xd5590493) addi    s1, s2, -683
core   0: 3 0x800080e0 (0xd5590493) x 9 0xfffffd55
core   0: 0x800080e4 (0x001a0533) add     a0, s4, ra
core   0: 3 0x800080e4 (0x001a0533) x10 0xc8a04000
core   0: 0x800080e8 (0xbd392093) slti    ra, s2, -1069
core   0: 3 0x800080e8 (0xbd392093) x 1 0x00000000
core   0: 0x800080ec (0x0ff0000f) fence   iorw,iorw
core   0: 3 0x800080ec (0x0ff0000f)
core   0: 0x800080f0 (0x6d8dcd13) xori    s10, s11, 1752
core   0: 3 0x800080f0 (0x6d8dcd13) x26 0x000006d8
core   0: 0x800080f4 (0x018fffb3) and     t6, t6, s8
core   0: 3 0x800080f4 (0x018fffb3) x31 0x00000000
core   0: 0x800080f8 (0x007b1463) bne     s6, t2, pc + 8
core   0: 3 0x800080f8 (0x007b1463)
core   0: 0x80008100 (0x000d6c63) bltu    s10, zero, pc + 24
core   0: 3 0x80008100 (0x000d6c63)
core   0: 0x80008104 (0x00345033) srl     zero, s0, gp
core   0: 3 0x80008104 (0x00345033)
core   0: 0x80008108 (0x5e2c0113) addi    sp, s8, 1506
core   0: 3 0x80008108 (0x5e2c0113) x 2 0x000005e2
core   0: 0x8000810c (0x0110d433) srl     s0, ra, a7
core   0: 3 0x8000810c (0x0110d433) x 8 0x00000000
core   0: 0x80008110 (0x00bd39b3) sltu    s3, s10, a1
core   0: 3 0x80008110 (0x00bd39b3) x19 0x00000000
core   0: 0x80008114 (0x00d6eb33) or      s6, a3, a3
core   0: 3 0x80008114 (0x00d6eb33) x22 0x00000000
core   0: 0x80008118 (0xcddf6393) ori     t2, t5, -803
core   0: 3 0x80008118 (0xcddf6393) x 7 0xfffffcdd
core   0: 0x8000811c (0x41145c33) sra     s8, s0, a7
core   0: 3 0x8000811c (0x41145c33) x24 0x00000000
core   0: 0x80008120 (0x41555d33) sra     s10, a0, s5
core   0: 3 0x80008120 (0x41555d33) x26 0xc8a04000
core   0: 0x80008124 (0x00295b93) srli    s7, s2, 2
core   0: 3 0x80008124 (0x00295b93) x23 0x00000000
core   0: 0x80008128 (0x025f7a63) bgeu    t5, t0, pc + 52
core   0: 3 0x80008128 (0x025f7a63)
core   0: 0x8000815c (0x01e2bcb3) sltu    s9, t0, t5
core   0: 3 0x8000815c (0x01e2bcb3) x25 0x00000001
core   0: 0x80008160 (0xc5275917) auipc   s2, 0xc5275
core   0: 3 0x80008160 (0xc5275917) x18 0x4527d160
core   0: 0x80008164 (0x3ddc0013) addi    zero, s8, 989
core   0: 3 0x80008164 (0x3ddc0013)
core   0: 0x80008168 (0x01be5313) srli    t1, t3, 27
core   0: 3 0x80008168 (0x01be5313) x 6 0x00000008
core   0: 0x8000816c (0x0ff0000f) fence   iorw,iorw
core   0: 3 0x8000816c (0x0ff0000f)
core   0: 0x80008170 (0x03188863) beq     a7, a7, pc + 48
core   0: 3 0x80008170 (0x03188863)
core   0: 0x800081a0 (0x000ce5b3) or      a1, s9, zero
core   0: 3 0x800081a0 (0x000ce5b3) x11 0x00000001
core   0: 0x800081a4 (0xb2683d93) sltiu   s11, a6, -1242
core   0: 3 0x800081a4 (0xb2683d93) x27 0x00000001
core   0: 0x800081a8 (0x62fca493) slti    s1, s9, 1583
core   0: 3 0x800081a8 (0x62fca493) x 9 0x00000001
core   0: 0x800081ac (0x9d09f713) andi    a4, s3, -1584
core   0: 3 0x800081ac (0x9d09f713) x14 0x00000000
core   0: 0x800081b0 (0x05611263) bne     sp, s6, pc + 68
core   0: 3 0x800081b0 (0x05611263)
core   0: 0x800081f4 (0x018a7cb3) and     s9, s4, s8
core   0: 3 0x800081f4 (0x018a7cb3) x25 0x00000000
core   0: 0x800081f8 (0x9e72c393) xori    t2, t0, -1561
core   0: 3 0x800081f8 (0x9e72c393) x 7 0xfffff9e7
core   0: 0x800081fc (0x016d42b3) xor     t0, s10, s6
core   0: 3 0x800081fc (0x016d42b3) x 5 0xc8a04000
core   0: 0x80008200 (0x01f5d033) srl     zero, a1, t6
core   0: 3 0x80008200 (0x01f5d033)
core   0: 0x80008204 (0x099f5863) bge     t5, s9, pc + 144
core   0: 3 0x80008204 (0x099f5863)
core   0: 0x80008294 (0x40d704b3) sub     s1, a4, a3
core   0: 3 0x80008294 (0x40d704b3) x 9 0x00000000
core   0: 0x80008298 (0xd47bfe93) andi    t4, s7, -697
core   0: 3 0x80008298 (0xd47bfe93) x29 0x00000000
core   0: 0x8000829c (0x01aad013) srli    zero, s5, 26
core   0: 3 0x8000829c (0x01aad013)
core   0: 0x800082a0 (0x04b77263) bgeu    a4, a1, pc + 68
core   0: 3 0x800082a0 (0x04b77263)
core   0: 0x800082a4 (0x41a303b3) sub     t2, t1, s10
core   0: 3 0x800082a4 (0x41a303b3) x 7 0x375fc008
core   0: 0x800082a8 (0x416d5733) sra     a4, s10, s6
core   0: 3 0x800082a8 (0x416d5733) x14 0xc8a04000
core   0: 0x800082ac (0x40330133) sub     sp, t1, gp
core   0: 3 0x800082ac (0x40330133) x 2 0x00000008
core   0: 0x800082b0 (0x0107b9b3) sltu    s3, a5, a6
core   0: 3 0x800082b0 (0x0107b9b3) x19 0x00000000
core   0: 0x800082b4 (0x01a9e463) bltu    s3, s10, pc + 8
core   0: 3 0x800082b4 (0x01a9e463)
core   0: 0x800082bc (0x01ff7f33) and     t5, t5, t6
core   0: 3 0x800082bc (0x01ff7f33) x30 0x00000000
core   0: 0x800082c0 (0x00c7a2b3) slt     t0, a5, a2
core   0: 3 0x800082c0 (0x00c7a2b3) x 5 0x00000001
core   0: 0x800082c4 (0x405e03b3) sub     t2, t3, t0
core   0: 3 0x800082c4 (0x405e03b3) x 7 0x44555fff
core   0: 0x800082c8 (0x0000100f) fence.i
core   0: 3 0x800082c8 (0x0000100f)
core   0: 0x800082cc (0x007a1113) slli    sp, s4, 7
core   0: 3 0x800082cc (0x007a1113) x 2 0x50200000
core   0: 0x800082d0 (0x00000013) nop
core   0: 3 0x800082d0 (0x00000013)
core   0: 0x800082d4 (0x0085d6b3) srl     a3, a1, s0
core   0: 3 0x800082d4 (0x0085d6b3) x13 0x00000001
core   0: 0x800082d8 (0x001c7c63) bgeu    s8, ra, pc + 24
core   0: 3 0x800082d8 (0x001c7c63)
core   0: 0x800082f0 (0x4157da13) srai    s4, a5, 21
core   0: 3 0x800082f0 (0x4157da13) x20 0xfffffc00
core   0: 0x800082f4 (0x01b33bb3) sltu    s7, t1, s11
core   0: 3 0x800082f4 (0x01b33bb3) x23 0x00000000
core   0: 0x800082f8 (0x00b9bd33) sltu    s10, s3, a1
core   0: 3 0x800082f8 (0x00b9bd33) x26 0x00000001
core   0: 0x800082fc (0x408b8e33) sub     t3, s7, s0
core   0: 3 0x800082fc (0x408b8e33) x28 0x00000000
core   0: 0x80008300 (0x010e1033) sll     zero, t3, a6
core   0: 3 0x80008300 (0x010e1033)
core   0: 0x80008304 (0x0007f1b3) and     gp, a5, zero
core   0: 3 0x80008304 (0x0007f1b3) x 3 0x00000000
core   0: 0x80008308 (0x1e98c493) xori    s1, a7, 489
core   0: 3 0x80008308 (0x1e98c493) x 9 0x8002cd0d
core   0: 0x8000830c (0x0000100f) fence.i
core   0: 3 0x8000830c (0x0000100f)
core   0: 0x80008310 (0x00a36f33) or      t5, t1, a0
core   0: 3 0x80008310 (0x00a36f33) x30 0xc8a04008
core   0: 0x80008314 (0x014762b3) or      t0, a4, s4
core   0: 3 0x80008314 (0x014762b3) x 5 0xfffffc00
core   0: 0x80008318 (0x848cc493) xori    s1, s9, -1976
core   0: 3 0x80008318 (0x848cc493) x 9 0xfffff848
core   0: 0x8000831c (0x02fac063) blt     s5, a5, pc + 32
core   0: 3 0x8000831c (0x02fac063)
core   0: 0x80008320 (0x00b6f4b3) and     s1, a3, a1
core   0: 3 0x80008320 (0x00b6f4b3) x 9 0x00000001
core   0: 0x80008324 (0x40c1de13) srai    t3, gp, 12
core   0: 3 0x80008324 (0x40c1de13) x28 0x00000000
core   0: 0x80008328 (0x00b83c33) sltu    s8, a6, a1
core   0: 3 0x80008328 (0x00b83c33) x24 0x00000000
core   0: 0x8000832c (0x00000013) nop
core   0: 3 0x8000832c (0x00000013)
core   0: 0x80008330 (0x40115713) srai    a4, sp, 1
core   0: 3 0x80008330 (0x40115713) x14 0x28100000
core   0: 0x80008334 (0x024bf063) bgeu    s7, tp, pc + 32
core   0: 3 0x80008334 (0x024bf063)
core   0: 0x80008338 (0x02c6d063) bge     a3, a2, pc + 32
core   0: 3 0x80008338 (0x02c6d063)
core   0: 0x8000833c (0x00971c63) bne     a4, s1, pc + 24
core   0: 3 0x8000833c (0x00971c63)
core   0: 0x80008354 (0x411f82b3) sub     t0, t6, a7
core   0: 3 0x80008354 (0x411f82b3) x 5 0x7ffd331c
core   0: 0x80008358 (0x4636f113) andi    sp, a3, 1123
core   0: 3 0x80008358 (0x4636f113) x 2 0x00000001
core   0: 0x8000835c (0x0335de63) bge     a1, s3, pc + 60
core   0: 3 0x8000835c (0x0335de63)
core   0: 0x80008398 (0x04615263) bge     sp, t1, pc + 68
core   0: 3 0x80008398 (0x04615263)
core   0: 0x8000839c (0x020bd663) bgez    s7, pc + 44
core   0: 3 0x8000839c (0x020bd663)
core   0: 0x800083c8 (0xe2c88c13) addi    s8, a7, -468
core   0: 3 0x800083c8 (0xe2c88c13) x24 0x8002cb10
core   0: 0x800083cc (0x013ef0b3) and     ra, t4, s3
core   0: 3 0x800083cc (0x013ef0b3) x 1 0x00000000
core   0: 0x800083d0 (0x00bfe333) or      t1, t6, a1
core   0: 3 0x800083d0 (0x00bfe333) x 6 0x00000001
core   0: 0x800083d4 (0x010e0933) add     s2, t3, a6
core   0: 3 0x800083d4 (0x010e0933) x18 0x80000000
core   0: 0x800083d8 (0x01525c93) srli    s9, tp, 21
core   0: 3 0x800083d8 (0x01525c93) x25 0x00000220
core   0: 0x800083dc (0x2726f913) andi    s2, a3, 626
core   0: 3 0x800083dc (0x2726f913) x18 0x00000000
core   0: 0x800083e0 (0x00875a63) bge     a4, s0, pc + 20
core   0: 3 0x800083e0 (0x00875a63)
core   0: 0x800083f4 (0x003f44b3) xor     s1, t5, gp
core   0: 3 0x800083f4 (0x003f44b3) x 9 0xc8a04008
core   0: 0x800083f8 (0x000b1293) slli    t0, s6, 0
core   0: 3 0x800083f8 (0x000b1293) x 5 0x00000000
core   0: 0x800083fc (0x0379ee63) bltu    s3, s7, pc + 60
core   0: 3 0x800083fc (0x0379ee63)
core   0: 0x80008400 (0x051d6463) bltu    s10, a7, pc + 72
core   0: 3 0x80008400 (0x051d6463)
core   0: 0x80008448 (0x0180d6b3) srl     a3, ra, s8
core   0: 3 0x80008448 (0x0180d6b3) x13 0x00000000
core   0: 0x8000844c (0x003b0e33) add     t3, s6, gp
core   0: 3 0x8000844c (0x003b0e33) x28 0x00000000
core   0: 0x80008450 (0x01be3ab3) sltu    s5, t3, s11
core   0: 3 0x80008450 (0x01be3ab3) x21 0x00000001
core   0: 0x80008454 (0x26116637) lui     a2, 0x26116
core   0: 3 0x80008454 (0x26116637) x12 0x26116000
core   0: 0x80008458 (0x01f412b3) sll     t0, s0, t6
core   0: 3 0x80008458 (0x01f412b3) x 5 0x00000000
core   0: 0x8000845c (0x044f1063) bne     t5, tp, pc + 64
core   0: 3 0x8000845c (0x044f1063)
core   0: 0x8000849c (0x0072cb33) xor     s6, t0, t2
core   0: 3 0x8000849c (0x0072cb33) x22 0x44555fff
core   0: 0x800084a0 (0x40e8dd33) sra     s10, a7, a4
core   0: 3 0x800084a0 (0x40e8dd33) x26 0x8002cce4
core   0: 0x800084a4 (0x0ff0000f) fence   iorw,iorw
core   0: 3 0x800084a4 (0x0ff0000f)
core   0: 0x800084a8 (0x01c41eb3) sll     t4, s0, t3
core   0: 3 0x800084a8 (0x01c41eb3) x29 0x00000000
core   0: 0x800084ac (0x0989f463) bgeu    s3, s8, pc + 136
core   0: 3 0x800084ac (0x0989f463)
core   0: 0x800084b0 (0x013f9033) sll     zero, t6, s3
core   0: 3 0x800084b0 (0x013f9033)
core   0: 0x800084b4 (0x00dd59b3) srl     s3, s10, a3
core   0: 3 0x800084b4 (0x00dd59b3) x19 0x8002cce4
core   0: 0x800084b8 (0x0118ee33) or      t3, a7, a7
core   0: 3 0x800084b8 (0x0118ee33) x28 0x8002cce4
core   0: 0x800084bc (0x3113e113) ori     sp, t2, 785
core   0: 3 0x800084bc (0x3113e113) x 2 0x44555fff
core   0: 0x800084c0 (0x01531193) slli    gp, t1, 21
core   0: 3 0x800084c0 (0x01531193) x 3 0x00200000
core   0: 0x800084c4 (0x0001ac17) auipc   s8, 0x1a
core   0: 3 0x800084c4 (0x0001ac17) x24 0x800224c4
core   0: 0x800084c8 (0x1e8c0c13) addi    s8, s8, 488
core   0: 3 0x800084c8 (0x1e8c0c13) x24 0x800226ac
core   0: 0x800084cc (0x0b4c0623) sb      s4, 172(s8)
core   0: 3 0x800084cc (0x0b4c0623) mem 0x80022758 0x0
core   0: 0x800084d0 (0xf8bc4903) lbu     s2, -117(s8)
core   0: 3 0x800084d0 (0xf8bc4903) x18 0x000000a4 mem 0x80022637
core   0: 0x800084d4 (0x343fe913) ori     s2, t6, 835
core   0: 3 0x800084d4 (0x343fe913) x18 0x00000343
core   0: 0x800084d8 (0xf8bc4903) lbu     s2, -117(s8)
core   0: 3 0x800084d8 (0xf8bc4903) x18 0x000000a4 mem 0x80022637
core   0: 0x800084dc (0x025c0403) lb      s0, 37(s8)
core   0: 3 0x800084dc (0x025c0403) x 8 0xffffffd5 mem 0x800226d1
core   0: 0x800084e0 (0xfa7c09a3) sb      t2, -77(s8)
core   0: 3 0x800084e0 (0xfa7c09a3) mem 0x8002265f 0xff
core   0: 0x800084e4 (0xfb3c0f83) lb      t6, -77(s8)
core   0: 3 0x800084e4 (0xfb3c0f83) x31 0xffffffff mem 0x8002265f
core   0: 0x800084e8 (0x081c0403) lb      s0, 129(s8)
core   0: 3 0x800084e8 (0x081c0403) x 8 0xfffffff7 mem 0x8002272d
core   0: 0x800084ec (0x05ec5e03) lhu     t3, 94(s8)
core   0: 3 0x800084ec (0x05ec5e03) x28 0x00002fb2 mem 0x8002270a
core   0: 0x800084f0 (0xba53fc93) andi    s9, t2, -1115
core   0: 3 0x800084f0 (0xba53fc93) x25 0x44555ba5
core   0: 0x800084f4 (0x41835eb3) sra     t4, t1, s8
core   0: 3 0x800084f4 (0x41835eb3) x29 0x00000000
core   0: 0x800084f8 (0xd9ad0017) auipc   zero, 0xd9ad0
core   0: 3 0x800084f8 (0xd9ad0017)
core   0: 0x800084fc (0xf6dc0603) lb      a2, -147(s8)
core   0: 3 0x800084fc (0xf6dc0603) x12 0x00000009 mem 0x80022619
core   0: 0x80008500 (0xf68c1123) sh      s0, -158(s8)
core   0: 3 0x80008500 (0xf68c1123) mem 0x8002260e 0xfff7
core   0: 0x80008504 (0x40ecd213) srai    tp, s9, 14
core   0: 3 0x80008504 (0x40ecd213) x 4 0x00011155
core   0: 0x80008508 (0xfccc03a3) sb      a2, -57(s8)
core   0: 3 0x80008508 (0xfccc03a3) mem 0x80022673 0x9
core   0: 0x8000850c (0x40998bb3) sub     s7, s3, s1
core   0: 3 0x8000850c (0x40998bb3) x23 0xb7628cdc
core   0: 0x80008510 (0x01d38233) add     tp, t2, t4
core   0: 3 0x80008510 (0x01d38233) x 4 0x44555fff
core   0: 0x80008514 (0x4167d693) srai    a3, a5, 22
core   0: 3 0x80008514 (0x4167d693) x13 0xfffffe00
core   0: 0x80008518 (0x009e3033) sltu    zero, t3, s1
core   0: 3 0x80008518 (0x009e3033)
core   0: 0x8000851c (0x03358e63) beq     a1, s3, pc + 60
core   0: 3 0x8000851c (0x03358e63)
core   0: 0x80008520 (0x01295213) srli    tp, s2, 18
core   0: 3 0x80008520 (0x01295213) x 4 0x00000000
core   0: 0x80008524 (0x01451593) slli    a1, a0, 20
core   0: 3 0x80008524 (0x01451593) x11 0x00000000
core   0: 0x80008528 (0x374a8113) addi    sp, s5, 884
core   0: 3 0x80008528 (0x374a8113) x 2 0x00000375
core   0: 0x8000852c (0x1b131597) auipc   a1, 0x1b131
core   0: 3 0x8000852c (0x1b131597) x11 0x9b13952c
core   0: 0x80008530 (0x00310c63) beq     sp, gp, pc + 24
core   0: 3 0x80008530 (0x00310c63)
core   0: 0x80008534 (0x40d28933) sub     s2, t0, a3
core   0: 3 0x80008534 (0x40d28933) x18 0x00000200
core   0: 0x80008538 (0x0270e063) bltu    ra, t2, pc + 32
core   0: 3 0x80008538 (0x0270e063)
core   0: 0x80008558 (0x4038d9b3) sra     s3, a7, gp
core   0: 3 0x80008558 (0x4038d9b3) x19 0x8002cce4
core   0: 0x8000855c (0x0ff0000f) fence   iorw,iorw
core   0: 3 0x8000855c (0x0ff0000f)
core   0: 0x80008560 (0xc47e6713) ori     a4, t3, -953
core   0: 3 0x80008560 (0xc47e6713) x14 0xfffffff7
core   0: 0x80008564 (0x27a57d93) andi    s11, a0, 634
core   0: 3 0x80008564 (0x27a57d93) x27 0x00000000
core   0: 0x80008568 (0x0ff0000f) fence   iorw,iorw
core   0: 3 0x80008568 (0x0ff0000f)
core   0: 0x8000856c (0x01a77137) lui     sp, 0x1a77
core   0: 3 0x8000856c (0x01a77137) x 2 0x01a77000
core   0: 0x80008570 (0x1bf44313) xori    t1, s0, 447
core   0: 3 0x80008570 (0x1bf44313) x 6 0xfffffe48
core   0: 0x80008574 (0x297fb017) auipc   zero, 0x297fb
core   0: 3 0x80008574 (0x297fb017)
core   0: 0x80008578 (0xc75fe313) ori     t1, t6, -907
core   0: 3 0x80008578 (0xc75fe313) x 6 0xffffffff
core   0: 0x8000857c (0x00bb4463) blt     s6, a1, pc + 8
core   0: 3 0x8000857c (0x00bb4463)
core   0: 0x80008580 (0x00527733) and     a4, tp, t0
core   0: 3 0x80008580 (0x00527733) x14 0x00000000
core   0: 0x80008584 (0x440fb413) sltiu   s0, t6, 1088
core   0: 3 0x80008584 (0x440fb413) x 8 0x00000000
core   0: 0x80008588 (0x403fd5b3) sra     a1, t6, gp
core   0: 3 0x80008588 (0x403fd5b3) x11 0xffffffff
core   0: 0x8000858c (0x0185d6b3) srl     a3, a1, s8
core   0: 3 0x8000858c (0x0185d6b3) x13 0x000fffff
core   0: 0x80008590 (0x016fa033) slt     zero, t6, s6
core   0: 3 0x80008590 (0x016fa033)
core   0: 0x80008594 (0x0048e533) or      a0, a7, tp
core   0: 3 0x80008594 (0x0048e533) x10 0x8002cce4
core   0: 0x80008598 (0x00a605b3) add     a1, a2, a0
core   0: 3 0x80008598 (0x00a605b3) x11 0x8002cced
core   0: 0x8000859c (0x017c49b3) xor     s3, s8, s7
core   0: 3 0x8000859c (0x017c49b3) x19 0x3760aa70
core   0: 0x800085a0 (0x041b4663) blt     s6, ra, pc + 76
core   0: 3 0x800085a0 (0x041b4663)
core   0: 0x800085a4 (0x00b673b3) and     t2, a2, a1
core   0: 3 0x800085a4 (0x00b673b3) x 7 0x00000009
core   0: 0x800085a8 (0x02930863) beq     t1, s1, pc + 48
core   0: 3 0x800085a8 (0x02930863)
core   0: 0x800085ac (0xd463ea93) ori     s5, t2, -698
core   0: 3 0x800085ac (0xd463ea93) x21 0xfffffd4f
core   0: 0x800085b0 (0x01647fb3) and     t6, s0, s6
core   0: 3 0x800085b0 (0x01647fb3) x31 0x00000000
core   0: 0x800085b4 (0x01154c63) blt     a0, a7, pc + 24
core   0: 3 0x800085b4 (0x01154c63)
core   0: 0x800085b8 (0x01e2dfb3) srl     t6, t0, t5
core   0: 3 0x800085b8 (0x01e2dfb3) x31 0x00000000
core   0: 0x800085bc (0x01bb9fb3) sll     t6, s7, s11
core   0: 3 0x800085bc (0x01bb9fb3) x31 0xb7628cdc
core   0: 0x800085c0 (0x4de42593) slti    a1, s0, 1246
core   0: 3 0x800085c0 (0x4de42593) x11 0x00000001
core   0: 0x800085c4 (0x40ae8933) sub     s2, t4, a0
core   0: 3 0x800085c4 (0x40ae8933) x18 0x7ffd331c
core   0: 0x800085c8 (0x0077c133) xor     sp, a5, t2
core   0: 3 0x800085c8 (0x0077c133) x 2 0x80028e5d
core   0: 0x800085cc (0x0087ab13) slti    s6, a5, 8
core   0: 3 0x800085cc (0x0087ab13) x22 0x00000001
core   0: 0x800085d0 (0x0000100f) fence.i
core   0: 3 0x800085d0 (0x0000100f)
core   0: 0x800085d4 (0x005c9933) sll     s2, s9, t0
core   0: 3 0x800085d4 (0x005c9933) x18 0x44555ba5
core   0: 0x800085d8 (0xd4b13b97) auipc   s7, 0xd4b13
core   0: 3 0x800085d8 (0xd4b13b97) x23 0x54b1b5d8
core   0: 0x800085dc (0x03c50663) beq     a0, t3, pc + 44
core   0: 3 0x800085dc (0x03c50663)
core   0: 0x800085e0 (0x0ff0000f) fence   iorw,iorw
core   0: 3 0x800085e0 (0x0ff0000f)
core   0: 0x800085e4 (0x406c0433) sub     s0, s8, t1
core   0: 3 0x800085e4 (0x406c0433) x 8 0x800226ad
core   0: 0x800085e8 (0x00000013) nop
core   0: 3 0x800085e8 (0x00000013)
core   0: 0x800085ec (0x00000013) nop
core   0: 3 0x800085ec (0x00000013)
core   0: 0x800085f0 (0x03b6b193) sltiu   gp, a3, 59
core   0: 3 0x800085f0 (0x03b6b193) x 3 0x00000000
core   0: 0x800085f4 (0x00000013) nop
core   0: 3 0x800085f4 (0x00000013)
core   0: 0x800085f8 (0x5249ce93) xori    t4, s3, 1316
core   0: 3 0x800085f8 (0x5249ce93) x29 0x3760af54
core   0: 0x800085fc (0x406fd493) srai    s1, t6, 6
core   0: 3 0x800085fc (0x406fd493) x 9 0xfedd8a33
core   0: 0x80008600 (0x41570933) sub     s2, a4, s5
core   0: 3 0x80008600 (0x41570933) x18 0x000002b1
core   0: 0x80008604 (0x02c8f463) bgeu    a7, a2, pc + 40
core   0: 3 0x80008604 (0x02c8f463)
core   0: 0x8000862c (0x02f9ea13) ori     s4, s3, 47
core   0: 3 0x8000862c (0x02f9ea13) x20 0x3760aa7f
core   0: 0x80008630 (0x4664f593) andi    a1, s1, 1126
core   0: 3 0x80008630 (0x4664f593) x11 0x00000022
core   0: 0x80008634 (0x00083633) sltu    a2, a6, zero
core   0: 3 0x80008634 (0x00083633) x12 0x00000000
core   0: 0x80008638 (0x00000013) nop
core   0: 3 0x80008638 (0x00000013)
core   0: 0x8000863c (0x001a3533) sltu    a0, s4, ra
core   0: 3 0x8000863c (0x001a3533) x10 0x00000000
core   0: 0x80008640 (0x412c56b3) sra     a3, s8, s2
core   0: 3 0x80008640 (0x412c56b3) x13 0xffffc001
core   0: 0x80008644 (0x01aae663) bltu    s5, s10, pc + 12
core   0: 3 0x80008644 (0x01aae663)
core   0: 0x80008648 (0x015a0733) add     a4, s4, s5
core   0: 3 0x80008648 (0x015a0733) x14 0x3760a7ce
core   0: 0x8000864c (0x00286033) or      zero, a6, sp
core   0: 3 0x8000864c (0x00286033)
core   0: 0x80008650 (0x0000100f) fence.i
core   0: 3 0x80008650 (0x0000100f)
core   0: 0x80008654 (0x41f8db33) sra     s6, a7, t6
core   0: 3 0x80008654 (0x41f8db33) x22 0xfffffff8
core   0: 0x80008658 (0x03641e63) bne     s0, s6, pc + 60
core   0: 3 0x80008658 (0x03641e63)
core   0: 0x80008694 (0x00227c33) and     s8, tp, sp
core   0: 3 0x80008694 (0x00227c33) x24 0x00000000
core   0: 0x80008698 (0x8529e613) ori     a2, s3, -1966
core   0: 3 0x80008698 (0x8529e613) x12 0xfffffa72
core   0: 0x8000869c (0x05f89263) bne     a7, t6, pc + 68
core   0: 3 0x8000869c (0x05f89263)
core   0: 0x800086e0 (0xe568a093) slti    ra, a7, -426
core   0: 3 0x800086e0 (0xe568a093) x 1 0x00000001
core   0: 0x800086e4 (0x4f1f3213) sltiu   tp, t5, 1265
core   0: 3 0x800086e4 (0x4f1f3213) x 4 0x00000000
core   0: 0x800086e8 (0x0000100f) fence.i
core   0: 3 0x800086e8 (0x0000100f)
core   0: 0x800086ec (0x614fc513) xori    a0, t6, 1556
core   0: 3 0x800086ec (0x614fc513) x10 0xb7628ac8
core   0: 0x800086f0 (0x01d0aab3) slt     s5, ra, t4
core   0: 3 0x800086f0 (0x01d0aab3) x21 0x00000001
core   0: 0x800086f4 (0x01c009ef) jal     s3, pc + 0x1c
core   0: 3 0x800086f4 (0x01c009ef) x19 0x800086f8
core   0: 0x80008710 (0x00c000ef) jal     pc + 0xc
core   0: 3 0x80008710 (0x00c000ef) x 1 0x80008714
core   0: 0x8000871c (0xfedff0ef) jal     pc - 0x14
core   0: 3 0x8000871c (0xfedff0ef) x 1 0x80008720
core   0: 0x80008708 (0xff5ff0ef) jal     pc - 0xc
core   0: 3 0x80008708 (0xff5ff0ef) x 1 0x8000870c
core   0: 0x800086fc (0xffdff1ef) jal     gp, pc - 0x4
core   0: 3 0x800086fc (0xffdff1ef) x 3 0x80008700
core   0: 0x800086f8 (0x020000ef) jal     pc + 0x20
core   0: 3 0x800086f8 (0x020000ef) x 1 0x800086fc
core   0: 0x80008718 (0xfedffaef) jal     s5, pc - 0x14
core   0: 3 0x80008718 (0xfedffaef) x21 0x8000871c
core   0: 0x80008704 (0xffdff36f) jal     t1, pc - 0x4
core   0: 3 0x80008704 (0xffdff36f) x 6 0x80008708
core   0: 0x80008700 (0x01400fef) jal     t6, pc + 0x14
core   0: 3 0x80008700 (0x01400fef) x31 0x80008704
core   0: 0x80008714 (0xff9ff0ef) jal     pc - 0x8
core   0: 3 0x80008714 (0xff9ff0ef) x 1 0x80008718
core   0: 0x8000870c (0x0140026f) jal     tp, pc + 0x14
core   0: 3 0x8000870c (0x0140026f) x 4 0x80008710
core   0: 0x80008720 (0x3a887b13) andi    s6, a6, 936
core   0: 3 0x80008720 (0x3a887b13) x22 0x00000000
core   0: 0x80008724 (0x0ff0000f) fence   iorw,iorw
core   0: 3 0x80008724 (0x0ff0000f)
core   0: 0x80008728 (0x01b729b3) slt     s3, a4, s11
core   0: 3 0x80008728 (0x01b729b3) x19 0x00000000
core   0: 0x8000872c (0x03c5f063) bgeu    a1, t3, pc + 32
core   0: 3 0x8000872c (0x03c5f063)
core   0: 0x80008730 (0x64ee3a93) sltiu   s5, t3, 1614
core   0: 3 0x80008730 (0x64ee3a93) x21 0x00000000
core   0: 0x80008734 (0x00b58433) add     s0, a1, a1
core   0: 3 0x80008734 (0x00b58433) x 8 0x00000044
core   0: 0x80008738 (0x01765313) srli    t1, a2, 23
core   0: 3 0x80008738 (0x01765313) x 6 0x000001ff
core   0: 0x8000873c (0x004860b3) or      ra, a6, tp
core   0: 3 0x8000873c (0x004860b3) x 1 0x80008710
core   0: 0x80008740 (0x014fd293) srli    t0, t6, 20
core   0: 3 0x80008740 (0x014fd293) x 5 0x00000800
core   0: 0x80008744 (0x05474263) blt     a4, s4, pc + 68
core   0: 3 0x80008744 (0x05474263)
core   0: 0x80008788 (0x90892693) slti    a3, s2, -1784
core   0: 3 0x80008788 (0x90892693) x13 0x00000000
core   0: 0x8000878c (0x6de13a93) sltiu   s5, sp, 1758
core   0: 3 0x8000878c (0x6de13a93) x21 0x00000000
core   0: 0x80008790 (0x8ba73593) sltiu   a1, a4, -1862
core   0: 3 0x80008790 (0x8ba73593) x11 0x00000001
core   0: 0x80008794 (0x41148933) sub     s2, s1, a7
core   0: 3 0x80008794 (0x41148933) x18 0x7edabd4f
core   0: 0x80008798 (0x0102fc63) bgeu    t0, a6, pc + 24
core   0: 3 0x80008798 (0x0102fc63)
core   0: 0x8000879c (0x41308eb3) sub     t4, ra, s3
core   0: 3 0x8000879c (0x41308eb3) x29 0x80008710
core   0: 0x800087a0 (0xd5ba4613) xori    a2, s4, -677
core   0: 3 0x800087a0 (0xd5ba4613) x12 0xc89f5724
core   0: 0x800087a4 (0x000dce33) xor     t3, s11, zero
core   0: 3 0x800087a4 (0x000dce33) x28 0x00000000
core   0: 0x800087a8 (0x0000100f) fence.i
core   0: 3 0x800087a8 (0x0000100f)
core   0: 0x800087ac (0x40ccdb93) srai    s7, s9, 12
core   0: 3 0x800087ac (0x40ccdb93) x23 0x00044555
core   0: 0x800087b0 (0x01b55433) srl     s0, a0, s11
core   0: 3 0x800087b0 (0x01b55433) x 8 0xb7628ac8
core   0: 0x800087b4 (0x01bf5f13) srli    t5, t5, 27
core   0: 3 0x800087b4 (0x01bf5f13) x30 0x00000019
core   0: 0x800087b8 (0x41f05f93) srai    t6, zero, 31
core   0: 3 0x800087b8 (0x41f05f93) x31 0x00000000
core   0: 0x800087bc (0x009f6ab3) or      s5, t5, s1
core   0: 3 0x800087bc (0x009f6ab3) x21 0xfedd8a3b
core   0: 0x800087c0 (0x03f7fe63) bgeu    a5, t6, pc + 60
core   0: 3 0x800087c0 (0x03f7fe63)
core   0: 0x800087fc (0x0ff0000f) fence   iorw,iorw
core   0: 3 0x800087fc (0x0ff0000f)
core   0: 0x80008800 (0x00000013) nop
core   0: 3 0x80008800 (0x00000013)
core   0: 0x80008804 (0x0030dd93) srli    s11, ra, 3
core   0: 3 0x80008804 (0x0030dd93) x27 0x100010e2
core   0: 0x80008808 (0x2ae78c13) addi    s8, a5, 686
core   0: 3 0x80008808 (0x2ae78c13) x24 0x80029102
core   0: 0x8000880c (0x016f5593) srli    a1, t5, 22
core   0: 3 0x8000880c (0x016f5593) x11 0x00000000
core   0: 0x80008810 (0x00000013) nop
core   0: 3 0x80008810 (0x00000013)
core   0: 0x80008814 (0x9b3ef913) andi    s2, t4, -1613
core   0: 3 0x80008814 (0x9b3ef913) x18 0x80008110
core   0: 0x80008818 (0x01d05db3) srl     s11, zero, t4
core   0: 3 0x80008818 (0x01d05db3) x27 0x00000000
core   0: 0x8000881c (0x033b6863) bltu    s6, s3, pc + 48
core   0: 3 0x8000881c (0x033b6863)
core   0: 0x80008820 (0x012b1993) slli    s3, s6, 18
core   0: 3 0x80008820 (0x012b1993) x19 0x00000000
core   0: 0x80008824 (0xd81fc993) xori    s3, t6, -639
core   0: 3 0x80008824 (0xd81fc993) x19 0xfffffd81
core   0: 0x80008828 (0xb03ba737) lui     a4, 0xb03ba
core   0: 3 0x80008828 (0xb03ba737) x14 0xb03ba000
core   0: 0x8000882c (0x00000013) nop
core   0: 3 0x8000882c (0x00000013)
core   0: 0x80008830 (0x41388933) sub     s2, a7, s3
core   0: 3 0x80008830 (0x41388933) x18 0x8002cf63
core   0: 0x80008834 (0x00000013) nop
core   0: 3 0x80008834 (0x00000013)
core   0: 0x80008838 (0xc6e52193) slti    gp, a0, -914
core   0: 3 0x80008838 (0xc6e52193) x 3 0x00000001
core   0: 0x8000883c (0x018dfab3) and     s5, s11, s8
core   0: 3 0x8000883c (0x018dfab3) x21 0x00000000
core   0: 0x80008840 (0x0000100f) fence.i
core   0: 3 0x80008840 (0x0000100f)
core   0: 0x80008844 (0x000b9c33) sll     s8, s7, zero
core   0: 3 0x80008844 (0x000b9c33) x24 0x00044555
core   0: 0x80008848 (0x013564b3) or      s1, a0, s3
core   0: 3 0x80008848 (0x013564b3) x 9 0xffffffc9
core   0: 0x8000884c (0x40f6d713) srai    a4, a3, 15
core   0: 3 0x8000884c (0x40f6d713) x14 0x00000000
core   0: 0x80008850 (0x0240ce63) blt     ra, tp, pc + 60
core   0: 3 0x80008850 (0x0240ce63)
core   0: 0x80008854 (0x0000100f) fence.i
core   0: 3 0x80008854 (0x0000100f)
core   0: 0x80008858 (0x0000100f) fence.i
core   0: 3 0x80008858 (0x0000100f)
core   0: 0x8000885c (0x864fd017) auipc   zero, 0x864fd
core   0: 3 0x8000885c (0x864fd017)
core   0: 0x80008860 (0x01d0ec63) bltu    ra, t4, pc + 24
core   0: 3 0x80008860 (0x01d0ec63)
core   0: 0x80008864 (0xa424e013) ori     zero, s1, -1470
core   0: 3 0x80008864 (0xa424e013)
core   0: 0x80008868 (0x0005e133) or      sp, a1, zero
core   0: 3 0x80008868 (0x0005e133) x 2 0x00000000
core   0: 0x8000886c (0x8352c993) xori    s3, t0, -1995
core   0: 3 0x8000886c (0x8352c993) x19 0xfffff035
core   0: 0x80008870 (0xf0977737) lui     a4, 0xf0977
core   0: 3 0x80008870 (0xf0977737) x14 0xf0977000
core   0: 0x80008874 (0x00000013) nop
core   0: 3 0x80008874 (0x00000013)
core   0: 0x80008878 (0xe151fe93) andi    t4, gp, -491
core   0: 3 0x80008878 (0xe151fe93) x29 0x00000001
core   0: 0x8000887c (0x00875593) srli    a1, a4, 8
core   0: 3 0x8000887c (0x00875593) x11 0x00f09770
core   0: 0x80008880 (0x41d95113) srai    sp, s2, 29
core   0: 3 0x80008880 (0x41d95113) x 2 0xfffffffc
core   0: 0x80008884 (0x001bc433) xor     s0, s7, ra
core   0: 3 0x80008884 (0x001bc433) x 8 0x8004c245
core   0: 0x80008888 (0x00000013) nop
core   0: 3 0x80008888 (0x00000013)
core   0: 0x8000888c (0xb6ad7b93) andi    s7, s10, -1174
core   0: 3 0x8000888c (0xb6ad7b93) x23 0x8002c860
core   0: 0x80008890 (0x01104633) xor     a2, zero, a7
core   0: 3 0x80008890 (0x01104633) x12 0x8002cce4
core   0: 0x80008894 (0x378fe493) ori     s1, t6, 888
core   0: 3 0x80008894 (0x378fe493) x 9 0x00000378
core   0: 0x80008898 (0x2441a013) slti    zero, gp, 580
core   0: 3 0x80008898 (0x2441a013)
core   0: 0x8000889c (0x01d84663) blt     a6, t4, pc + 12
core   0: 3 0x8000889c (0x01d84663)
core   0: 0x800088a8 (0x01106ab3) or      s5, zero, a7
core   0: 3 0x800088a8 (0x01106ab3) x21 0x8002cce4
core   0: 0x800088ac (0x00af1c63) bne     t5, a0, pc + 24
core   0: 3 0x800088ac (0x00af1c63)
core   0: 0x800088c4 (0x04053993) sltiu   s3, a0, 64
core   0: 3 0x800088c4 (0x04053993) x19 0x00000000
core   0: 0x800088c8 (0x789eeb17) auipc   s6, 0x789ee
core   0: 3 0x800088c8 (0x789eeb17) x22 0xf89f68c8
core   0: 0x800088cc (0x029eca63) blt     t4, s1, pc + 52
core   0: 3 0x800088cc (0x029eca63)
core   0: 0x80008900 (0x41c9dc93) srai    s9, s3, 28
core   0: 3 0x80008900 (0x41c9dc93) x25 0x00000000
core   0: 0x80008904 (0xa11bcf97) auipc   t6, 0xa11bc
core   0: 3 0x80008904 (0xa11bcf97) x31 0x211c4904
core   0: 0x80008908 (0x0091ffb3) and     t6, gp, s1
core   0: 3 0x80008908 (0x0091ffb3) x31 0x00000000
core   0: 0x8000890c (0x403b5313) srai    t1, s6, 3
core   0: 3 0x8000890c (0x403b5313) x 6 0xff13ed19
core   0: 0x80008910 (0x60f6a993) slti    s3, a3, 1551
core   0: 3 0x80008910 (0x60f6a993) x19 0x00000001
core   0: 0x80008914 (0x0120c033) xor     zero, ra, s2
core   0: 3 0x80008914 (0x0120c033)
core   0: 0x80008918 (0x01085693) srli    a3, a6, 16
core   0: 3 0x80008918 (0x01085693) x13 0x00008000
core   0: 0x8000891c (0x01ea2233) slt     tp, s4, t5
core   0: 3 0x8000891c (0x01ea2233) x 4 0x00000000
core   0: 0x80008920 (0x004e9033) sll     zero, t4, tp
core   0: 3 0x80008920 (0x004e9033)
core   0: 0x80008924 (0x609af593) andi    a1, s5, 1545
core   0: 3 0x80008924 (0x609af593) x11 0x00000400
core   0: 0x80008928 (0x00e21533) sll     a0, tp, a4
core   0: 3 0x80008928 (0x00e21533) x10 0x00000000
core   0: 0x8000892c (0x00abebb3) or      s7, s7, a0
core   0: 3 0x8000892c (0x00abebb3) x23 0x8002c860
core   0: 0x80008930 (0xed69bb37) lui     s6, 0xed69b
core   0: 3 0x80008930 (0xed69bb37) x22 0xed69b000
core   0: 0x80008934 (0x0280e663) bltu    ra, s0, pc + 44
core   0: 3 0x80008934 (0x0280e663)
core   0: 0x80008960 (0xd90e4a93) xori    s5, t3, -624
core   0: 3 0x80008960 (0xd90e4a93) x21 0xfffffd90
core   0: 0x80008964 (0x41ae5933) sra     s2, t3, s10
core   0: 3 0x80008964 (0x41ae5933) x18 0x00000000
core   0: 0x80008968 (0x4182d113) srai    sp, t0, 24
core   0: 3 0x80008968 (0x4182d113) x 2 0x00000000
core   0: 0x8000896c (0x79f5ef93) ori     t6, a1, 1951
core   0: 3 0x8000896c (0x79f5ef93) x31 0x0000079f
core   0: 0x80008970 (0x00000013) nop
core   0: 3 0x80008970 (0x00000013)
core   0: 0x80008974 (0x01ef5033) srl     zero, t5, t5
core   0: 3 0x80008974 (0x01ef5033)
core   0: 0x80008978 (0x6f28a113) slti    sp, a7, 1778
core   0: 3 0x80008978 (0x6f28a113) x 2 0x00000001
core   0: 0x8000897c (0x003dbdb3) sltu    s11, s11, gp
core   0: 3 0x8000897c (0x003dbdb3) x27 0x00000001
core   0: 0x80008980 (0x005866b3) or      a3, a6, t0
core   0: 3 0x80008980 (0x005866b3) x13 0x80000800
core   0: 0x80008984 (0x0000100f) fence.i
core   0: 3 0x80008984 (0x0000100f)
core   0: 0x80008988 (0x0ff0000f) fence   iorw,iorw
core   0: 3 0x80008988 (0x0ff0000f)
core   0: 0x8000898c (0x0002f533) and     a0, t0, zero
core   0: 3 0x8000898c (0x0002f533) x10 0x00000000
core   0: 0x80008990 (0x0213e063) bltu    t2, ra, pc + 32
core   0: 3 0x80008990 (0x0213e063)
core   0: 0x800089b0 (0xf9b29d17) auipc   s10, 0xf9b29
core   0: 3 0x800089b0 (0xf9b29d17) x26 0x79b319b0
core   0: 0x800089b4 (0x0000100f) fence.i
core   0: 3 0x800089b4 (0x0000100f)
core   0: 0x800089b8 (0x003914b3) sll     s1, s2, gp
core   0: 3 0x800089b8 (0x003914b3) x 9 0x00000000
core   0: 0x800089bc (0x25959a37) lui     s4, 0x25959
core   0: 3 0x800089bc (0x25959a37) x20 0x25959000
core   0: 0x800089c0 (0xba5d4393) xori    t2, s10, -1115
core   0: 3 0x800089c0 (0xba5d4393) x 7 0x864ce215
core   0: 0x800089c4 (0x011c1663) bne     s8, a7, pc + 12
core   0: 3 0x800089c4 (0x011c1663)
core   0: 0x800089d0 (0x0ff0000f) fence   iorw,iorw
core   0: 3 0x800089d0 (0x0ff0000f)
core   0: 0x800089d4 (0x0158e933) or      s2, a7, s5
core   0: 3 0x800089d4 (0x0158e933) x18 0xfffffdf4
core   0: 0x800089d8 (0x01c3d093) srli    ra, t2, 28
core   0: 3 0x800089d8 (0x01c3d093) x 1 0x00000008
core   0: 0x800089dc (0x01418eb3) add     t4, gp, s4
core   0: 3 0x800089dc (0x01418eb3) x29 0x25959001
core   0: 0x800089e0 (0x01f67263) bgeu    a2, t6, pc + 4
core   0: 3 0x800089e0 (0x01f67263)
core   0: 0x800089e4 (0x40f156b3) sra     a3, sp, a5
core   0: 3 0x800089e4 (0x40f156b3) x13 0x00000000
core   0: 0x800089e8 (0x01f09913) slli    s2, ra, 31
core   0: 3 0x800089e8 (0x01f09913) x18 0x00000000
core   0: 0x800089ec (0x010e1e33) sll     t3, t3, a6
core   0: 3 0x800089ec (0x010e1e33) x28 0x00000000
core   0: 0x800089f0 (0x0ff0000f) fence   iorw,iorw
core   0: 3 0x800089f0 (0x0ff0000f)
core   0: 0x800089f4 (0x0185e233) or      tp, a1, s8
core   0: 3 0x800089f4 (0x0185e233) x 4 0x00044555
core   0: 0x800089f8 (0x314eeb93) ori     s7, t4, 788
core   0: 3 0x800089f8 (0x314eeb93) x23 0x25959315
core   0: 0x800089fc (0x02511063) bne     sp, t0, pc + 32
core   0: 3 0x800089fc (0x02511063)
core   0: 0x80008a1c (0x412bd4b3) sra     s1, s7, s2
core   0: 3 0x80008a1c (0x412bd4b3) x 9 0x25959315
core   0: 0x80008a20 (0x419a0eb3) sub     t4, s4, s9
core   0: 3 0x80008a20 (0x419a0eb3) x29 0x25959000
core   0: 0x80008a24 (0x0092c463) blt     t0, s1, pc + 8
core   0: 3 0x80008a24 (0x0092c463)
core   0: 0x80008a2c (0xdcc7ed93) ori     s11, a5, -564
core   0: 3 0x80008a2c (0xdcc7ed93) x27 0xffffffdc
core   0: 0x80008a30 (0x01ac2133) slt     sp, s8, s10
core   0: 3 0x80008a30 (0x01ac2133) x 2 0x00000001
core   0: 0x80008a34 (0x9cbbe713) ori     a4, s7, -1589
core   0: 3 0x80008a34 (0x9cbbe713) x14 0xfffffbdf
core   0: 0x80008a38 (0x5947cb17) auipc   s6, 0x5947c
core   0: 3 0x80008a38 (0x5947cb17) x22 0xd9484a38
core   0: 0x80008a3c (0x2c944493) xori    s1, s0, 713
core   0: 3 0x80008a3c (0x2c944493) x 9 0x8004c08c
core   0: 0x80008a40 (0x01957ab3) and     s5, a0, s9
core   0: 3 0x80008a40 (0x01957ab3) x21 0x00000000
core   0: 0x80008a44 (0x41d55e13) srai    t3, a0, 29
core   0: 3 0x80008a44 (0x41d55e13) x28 0x00000000
core   0: 0x80008a48 (0x00605b33) srl     s6, zero, t1
core   0: 3 0x80008a48 (0x00605b33) x22 0x00000000
core   0: 0x80008a4c (0x01124f33) xor     t5, tp, a7
core   0: 3 0x80008a4c (0x01124f33) x30 0x800689b1
core   0: 0x80008a50 (0x00e342b3) xor     t0, t1, a4
core   0: 3 0x80008a50 (0x00e342b3) x 5 0x00ec16c6
core   0: 0x80008a54 (0x6dbdc313) xori    t1, s11, 1755
core   0: 3 0x80008a54 (0x6dbdc313) x 6 0xfffff907
core   0: 0x80008a58 (0x570fd717) auipc   a4, 0x570fd
core   0: 3 0x80008a58 (0x570fd717) x14 0xd7105a58
core   0: 0x80008a5c (0x41cc5c93) srai    s9, s8, 28
core   0: 3 0x80008a5c (0x41cc5c93) x25 0x00000000
core   0: 0x80008a60 (0x127f4193) xori    gp, t5, 295
core   0: 3 0x80008a60 (0x127f4193) x 3 0x80068896
core   0: 0x80008a64 (0x1603ad13) slti    s10, t2, 352
core   0: 3 0x80008a64 (0x1603ad13) x26 0x00000001
core   0: 0x80008a68 (0x00d13f33) sltu    t5, sp, a3
core   0: 3 0x80008a68 (0x00d13f33) x30 0x00000000
core   0: 0x80008a6c (0xb0bc0c93) addi    s9, s8, -1269
core   0: 3 0x80008a6c (0xb0bc0c93) x25 0x00044060
core   0: 0x80008a70 (0x04955e17) auipc   t3, 0x4955
core   0: 3 0x80008a70 (0x04955e17) x28 0x8495da70
core   0: 0x80008a74 (0x004369b3) or      s3, t1, tp
core   0: 3 0x80008a74 (0x004369b3) x19 0xfffffd57
core   0: 0x80008a78 (0x0362f863) bgeu    t0, s6, pc + 48
core   0: 3 0x80008a78 (0x0362f863)
core   0: 0x80008aa8 (0x013ba0b3) slt     ra, s7, s3
core   0: 3 0x80008aa8 (0x013ba0b3) x 1 0x00000000
core   0: 0x80008aac (0x00000013) nop
core   0: 3 0x80008aac (0x00000013)
core   0: 0x80008ab0 (0x01ba4133) xor     sp, s4, s11
core   0: 3 0x80008ab0 (0x01ba4133) x 2 0xda6a6fdc
core   0: 0x80008ab4 (0x05509463) bne     ra, s5, pc + 72
core   0: 3 0x80008ab4 (0x05509463)
core   0: 0x80008ab8 (0x04ee0263) beq     t3, a4, pc + 68
core   0: 3 0x80008ab8 (0x04ee0263)
core   0: 0x80008abc (0x0324e463) bltu    s1, s2, pc + 40
core   0: 3 0x80008abc (0x0324e463)
core   0: 0x80008ac0 (0x0531c263) blt     gp, s3, pc + 68
core   0: 3 0x80008ac0 (0x0531c263)
core   0: 0x80008b04 (0x01e15f93) srli    t6, sp, 30
core   0: 3 0x80008b04 (0x01e15f93) x31 0x00000003
core   0: 0x80008b08 (0x00938c63) beq     t2, s1, pc + 24
core   0: 3 0x80008b08 (0x00938c63)
core   0: 0x80008b0c (0x00f57133) and     sp, a0, a5
core   0: 3 0x80008b0c (0x00f57133) x 2 0x00000000
core   0: 0x80008b10 (0x0083bc33) sltu    s8, t2, s0
core   0: 3 0x80008b10 (0x0083bc33) x24 0x00000000
core   0: 0x80008b14 (0x00435033) srl     zero, t1, tp
core   0: 3 0x80008b14 (0x00435033)
core   0: 0x80008b18 (0x41578eb3) sub     t4, a5, s5
core   0: 3 0x80008b18 (0x41578eb3) x29 0x80028e54
core   0: 0x80008b1c (0x0087abb3) slt     s7, a5, s0
core   0: 3 0x80008b1c (0x0087abb3) x23 0x00000001
core   0: 0x80008b20 (0x0113a3b3) slt     t2, t2, a7
core   0: 3 0x80008b20 (0x0113a3b3) x 7 0x00000000
core   0: 0x80008b24 (0x008d5633) srl     a2, s10, s0
core   0: 3 0x80008b24 (0x008d5633) x12 0x00000000
core   0: 0x80008b28 (0x00881633) sll     a2, a6, s0
core   0: 3 0x80008b28 (0x00881633) x12 0x00000000
core   0: 0x80008b2c (0x01c0d663) bge     ra, t3, pc + 12
core   0: 3 0x80008b2c (0x01c0d663)
core   0: 0x80008b38 (0x41738033) sub     zero, t2, s7
core   0: 3 0x80008b38 (0x41738033)
core   0: 0x80008b3c (0xff2df293) andi    t0, s11, -14
core   0: 3 0x80008b3c (0xff2df293) x 5 0xffffffd0
core   0: 0x80008b40 (0x41b9d5b3) sra     a1, s3, s11
core   0: 3 0x80008b40 (0x41b9d5b3) x11 0xffffffff
core   0: 0x80008b44 (0xcda6f517) auipc   a0, 0xcda6f
core   0: 3 0x80008b44 (0xcda6f517) x10 0x4da77b44
core   0: 0x80008b48 (0x011ba333) slt     t1, s7, a7
core   0: 3 0x80008b48 (0x011ba333) x 6 0x00000000
core   0: 0x80008b4c (0x8067c393) xori    t2, a5, -2042
core   0: 3 0x80008b4c (0x8067c393) x 7 0x7ffd7652
core   0: 0x80008b50 (0x007acc63) blt     s5, t2, pc + 24
core   0: 3 0x80008b50 (0x007acc63)
core   0: 0x80008b68 (0x0ff0000f) fence   iorw,iorw
core   0: 3 0x80008b68 (0x0ff0000f)
core   0: 0x80008b6c (0x416d5b93) srai    s7, s10, 22
core   0: 3 0x80008b6c (0x416d5b93) x23 0x00000000
core   0: 0x80008b70 (0x62d4cbb7) lui     s7, 0x62d4c
core   0: 3 0x80008b70 (0x62d4cbb7) x23 0x62d4c000
core   0: 0x80008b74 (0x0000100f) fence.i
core   0: 3 0x80008b74 (0x0000100f)
core   0: 0x80008b78 (0x00ed2033) slt     zero, s10, a4
core   0: 3 0x80008b78 (0x00ed2033)
core   0: 0x80008b7c (0x0000100f) fence.i
core   0: 3 0x80008b7c (0x0000100f)
core   0: 0x80008b80 (0x00000013) nop
core   0: 3 0x80008b80 (0x00000013)
core   0: 0x80008b84 (0x0578f263) bgeu    a7, s7, pc + 68
core   0: 3 0x80008b84 (0x0578f263)
core   0: 0x80008bc8 (0x37c5c613) xori    a2, a1, 892
core   0: 3 0x80008bc8 (0x37c5c613) x12 0xfffffc83
core   0: 0x80008bcc (0x406edc13) srai    s8, t4, 6
core   0: 3 0x80008bcc (0x406edc13) x24 0xfe000a39
core   0: 0x80008bd0 (0x015a9b93) slli    s7, s5, 21
core   0: 3 0x80008bd0 (0x015a9b93) x23 0x00000000
core   0: 0x80008bd4 (0x0364e463) bltu    s1, s6, pc + 40
core   0: 3 0x80008bd4 (0x0364e463)
core   0: 0x80008bd8 (0x01c9dc33) srl     s8, s3, t3
core   0: 3 0x80008bd8 (0x01c9dc33) x24 0x0000ffff
core   0: 0x80008bdc (0x011a6db3) or      s11, s4, a7
core   0: 3 0x80008bdc (0x011a6db3) x27 0xa597dce4
core   0: 0x80008be0 (0x005cbdb3) sltu    s11, s9, t0
core   0: 3 0x80008be0 (0x005cbdb3) x27 0x00000001
core   0: 0x80008be4 (0x7f824a93) xori    s5, tp, 2040
core   0: 3 0x80008be4 (0x7f824a93) x21 0x000442ad
core   0: 0x80008be8 (0x0000100f) fence.i
core   0: 3 0x80008be8 (0x0000100f)
core   0: 0x80008bec (0xa371fa13) andi    s4, gp, -1481
core   0: 3 0x80008bec (0xa371fa13) x20 0x80068816
core   0: 0x80008bf0 (0xd92f64b7) lui     s1, 0xd92f6
core   0: 3 0x80008bf0 (0xd92f64b7) x 9 0xd92f6000
core   0: 0x80008bf4 (0x70b28b17) auipc   s6, 0x70b28
core   0: 3 0x80008bf4 (0x70b28b17) x22 0xf0b30bf4
core   0: 0x80008bf8 (0x68da7197) auipc   gp, 0x68da7
core   0: 3 0x80008bf8 (0x68da7197) x 3 0xe8dafbf8
core   0: 0x80008bfc (0xeaa36913) ori     s2, t1, -342
core   0: 3 0x80008bfc (0xeaa36913) x18 0xfffffeaa
core   0: 0x80008c00 (0x4194d913) srai    s2, s1, 25
core   0: 3 0x80008c00 (0x4194d913) x18 0xffffffec
core   0: 0x80008c04 (0x01a23ab3) sltu    s5, tp, s10
core   0: 3 0x80008c04 (0x01a23ab3) x21 0x00000000
core   0: 0x80008c08 (0x016df263) bgeu    s11, s6, pc + 4
core   0: 3 0x80008c08 (0x016df263)
core   0: 0x80008c0c (0x04c89263) bne     a7, a2, pc + 68
core   0: 3 0x80008c0c (0x04c89263)
core   0: 0x80008c50 (0x0000100f) fence.i
core   0: 3 0x80008c50 (0x0000100f)
core   0: 0x80008c54 (0x9326cd93) xori    s11, a3, -1742
core   0: 3 0x80008c54 (0x9326cd93) x27 0xfffff932
core   0: 0x80008c58 (0x00ca9533) sll     a0, s5, a2
core   0: 3 0x80008c58 (0x00ca9533) x10 0x00000000
core   0: 0x80008c5c (0x00a4a033) slt     zero, s1, a0
core   0: 3 0x80008c5c (0x00a4a033)
core   0: 0x80008c60 (0x8796b293) sltiu   t0, a3, -1927
core   0: 3 0x80008c60 (0x8796b293) x 5 0x00000001
core   0: 0x80008c64 (0x01f17633) and     a2, sp, t6
core   0: 3 0x80008c64 (0x01f17633) x12 0x00000000
core   0: 0x80008c68 (0x0050ddb3) srl     s11, ra, t0
core   0: 3 0x80008c68 (0x0050ddb3) x27 0x00000000
core   0: 0x80008c6c (0x02231063) bne     t1, sp, pc + 32
core   0: 3 0x80008c6c (0x02231063)
core   0: 0x80008c70 (0x4a2a4113) xori    sp, s4, 1186
core   0: 3 0x80008c70 (0x4a2a4113) x 2 0x80068cb4
core   0: 0x80008c74 (0x0000100f) fence.i
core   0: 3 0x80008c74 (0x0000100f)
core   0: 0x80008c78 (0x3caafe93) andi    t4, s5, 970
core   0: 3 0x80008c78 (0x3caafe93) x29 0x00000000
core   0: 0x80008c7c (0x05cf0863) beq     t5, t3, pc + 80
core   0: 3 0x80008c7c (0x05cf0863)
core   0: 0x80008c80 (0x009a5db3) srl     s11, s4, s1
core   0: 3 0x80008c80 (0x009a5db3) x27 0x80068816
core   0: 0x80008c84 (0x015d26b3) slt     a3, s10, s5
core   0: 3 0x80008c84 (0x015d26b3) x13 0x00000000
core   0: 0x80008c88 (0x03046663) bltu    s0, a6, pc + 44
core   0: 3 0x80008c88 (0x03046663)
core   0: 0x80008c8c (0x0ff0000f) fence   iorw,iorw
core   0: 3 0x80008c8c (0x0ff0000f)
core   0: 0x80008c90 (0x0000100f) fence.i
core   0: 3 0x80008c90 (0x0000100f)
core   0: 0x80008c94 (0x0ff0000f) fence   iorw,iorw
core   0: 3 0x80008c94 (0x0ff0000f)
core   0: 0x80008c98 (0x02914e63) blt     sp, s1, pc + 60
core   0: 3 0x80008c98 (0x02914e63)
core   0: 0x80008cd4 (0x02f20463) beq     tp, a5, pc + 40
core   0: 3 0x80008cd4 (0x02f20463)
core   0: 0x80008cd8 (0xcf6a6297) auipc   t0, 0xcf6a6
core   0: 3 0x80008cd8 (0xcf6a6297) x 5 0x4f6aecd8
core   0: 0x80008cdc (0x0000100f) fence.i
core   0: 3 0x80008cdc (0x0000100f)
core   0: 0x80008ce0 (0x32253693) sltiu   a3, a0, 802
core   0: 3 0x80008ce0 (0x32253693) x13 0x00000001
core   0: 0x80008ce4 (0x4b703513) sltiu   a0, zero, 1207
core   0: 3 0x80008ce4 (0x4b703513) x10 0x00000001
core   0: 0x80008ce8 (0x00000013) nop
core   0: 3 0x80008ce8 (0x00000013)
core   0: 0x80008cec (0x00e11a63) bne     sp, a4, pc + 20
core   0: 3 0x80008cec (0x00e11a63)
core   0: 0x80008d00 (0x00153133) sltu    sp, a0, ra
core   0: 3 0x80008d00 (0x00153133) x 2 0x00000000
core   0: 0x80008d04 (0x012b8463) beq     s7, s2, pc + 8
core   0: 3 0x80008d04 (0x012b8463)
core   0: 0x80008d08 (0x00be6cb3) or      s9, t3, a1
core   0: 3 0x80008d08 (0x00be6cb3) x25 0xffffffff
core   0: 0x80008d0c (0x00e5ffb3) and     t6, a1, a4
core   0: 3 0x80008d0c (0x00e5ffb3) x31 0xd7105a58
core   0: 0x80008d10 (0x01bf0663) beq     t5, s11, pc + 12
core   0: 3 0x80008d10 (0x01bf0663)
core   0: 0x80008d14 (0x00d7f9b3) and     s3, a5, a3
core   0: 3 0x80008d14 (0x00d7f9b3) x19 0x00000000
core   0: 0x80008d18 (0x02756063) bltu    a0, t2, pc + 32
core   0: 3 0x80008d18 (0x02756063)
core   0: 0x80008d38 (0x0000100f) fence.i
core   0: 3 0x80008d38 (0x0000100f)
core   0: 0x80008d3c (0x003b5cb3) srl     s9, s6, gp
core   0: 3 0x80008d3c (0x003b5cb3) x25 0x000000f0
core   0: 0x80008d40 (0x6915a193) slti    gp, a1, 1681
core   0: 3 0x80008d40 (0x6915a193) x 3 0x00000001
core   0: 0x80008d44 (0x01bd1ab3) sll     s5, s10, s11
core   0: 3 0x80008d44 (0x01bd1ab3) x21 0x00400000
core   0: 0x80008d48 (0x40d0d6b3) sra     a3, ra, a3
core   0: 3 0x80008d48 (0x40d0d6b3) x13 0x00000000
core   0: 0x80008d4c (0xb03b3593) sltiu   a1, s6, -1277
core   0: 3 0x80008d4c (0xb03b3593) x11 0x00000001
core   0: 0x80008d50 (0x01e59f93) slli    t6, a1, 30
core   0: 3 0x80008d50 (0x01e59f93) x31 0x40000000
core   0: 0x80008d54 (0x02ddc663) blt     s11, a3, pc + 44
core   0: 3 0x80008d54 (0x02ddc663)
core   0: 0x80008d80 (0x01800eb3) add     t4, zero, s8
core   0: 3 0x80008d80 (0x01800eb3) x29 0x0000ffff
core   0: 0x80008d84 (0x014acf33) xor     t5, s5, s4
core   0: 3 0x80008d84 (0x014acf33) x30 0x80468816
core   0: 0x80008d88 (0x05a3e263) bltu    t2, s10, pc + 68
core   0: 3 0x80008d88 (0x05a3e263)
core   0: 0x80008d8c (0x03877063) bgeu    a4, s8, pc + 32
core   0: 3 0x80008d8c (0x03877063)
core   0: 0x80008dac (0x67c58913) addi    s2, a1, 1660
core   0: 3 0x80008dac (0x67c58913) x18 0x0000067d
core   0: 0x80008db0 (0x00067133) and     sp, a2, zero
core   0: 3 0x80008db0 (0x00067133) x 2 0x00000000
core   0: 0x80008db4 (0xbdbac413) xori    s0, s5, -1061
core   0: 3 0x80008db4 (0xbdbac413) x 8 0xffbffbdb
core   0: 0x80008db8 (0x03c21463) bne     tp, t3, pc + 40
core   0: 3 0x80008db8 (0x03c21463)
core   0: 0x80008de0 (0x00bedbb3) srl     s7, t4, a1
core   0: 3 0x80008de0 (0x00bedbb3) x23 0x00007fff
core   0: 0x80008de4 (0x04155863) bge     a0, ra, pc + 80
core   0: 3 0x80008de4 (0x04155863)
core   0: 0x80008e34 (0x0ff0000f) fence   iorw,iorw
core   0: 3 0x80008e34 (0x0ff0000f)
core   0: 0x80008e38 (0xa7592713) slti    a4, s2, -1419
core   0: 3 0x80008e38 (0xa7592713) x14 0x00000000
core   0: 0x80008e3c (0x85577993) andi    s3, a4, -1963
core   0: 3 0x80008e3c (0x85577993) x19 0x00000000
core   0: 0x80008e40 (0xaa27e693) ori     a3, a5, -1374
core   0: 3 0x80008e40 (0xaa27e693) x13 0xfffffef6
core   0: 0x80008e44 (0x0ff0000f) fence   iorw,iorw
core   0: 3 0x80008e44 (0x0ff0000f)
core   0: 0x80008e48 (0x00cb3bb3) sltu    s7, s6, a2
core   0: 3 0x80008e48 (0x00cb3bb3) x23 0x00000000
core   0: 0x80008e4c (0x0017bcb3) sltu    s9, a5, ra
core   0: 3 0x80008e4c (0x0017bcb3) x25 0x00000000
core   0: 0x80008e50 (0x406bd593) srai    a1, s7, 6
core   0: 3 0x80008e50 (0x406bd593) x11 0x00000000
core   0: 0x80008e54 (0x40a10233) sub     tp, sp, a0
core   0: 3 0x80008e54 (0x40a10233) x 4 0xffffffff
core   0: 0x80008e58 (0xc270fab7) lui     s5, 0xc270f
core   0: 3 0x80008e58 (0xc270fab7) x21 0xc270f000
core   0: 0x80008e5c (0x0ff0000f) fence   iorw,iorw
core   0: 3 0x80008e5c (0x0ff0000f)
core   0: 0x80008e60 (0x40478cb3) sub     s9, a5, tp
core   0: 3 0x80008e60 (0x40478cb3) x25 0x80028e55
core   0: 0x80008e64 (0x00eb0463) beq     s6, a4, pc + 8
core   0: 3 0x80008e64 (0x00eb0463)
core   0: 0x80008e68 (0x02a67e63) bgeu    a2, a0, pc + 60
core   0: 3 0x80008e68 (0x02a67e63)
core   0: 0x80008e6c (0x0ff0000f) fence   iorw,iorw
core   0: 3 0x80008e6c (0x0ff0000f)
core   0: 0x80008e70 (0x03100a63) beq     zero, a7, pc + 52
core   0: 3 0x80008e70 (0x03100a63)
core   0: 0x80008e74 (0xce4a8a13) addi    s4, s5, -796
core   0: 3 0x80008e74 (0xce4a8a13) x20 0xc270ece4
core   0: 0x80008e78 (0xb3c4ec13) ori     s8, s1, -1220
core   0: 3 0x80008e78 (0xb3c4ec13) x24 0xfffffb3c
core   0: 0x80008e7c (0x01999f13) slli    t5, s3, 25
core   0: 3 0x80008e7c (0x01999f13) x30 0x00000000
core   0: 0x80008e80 (0x03136463) bltu    t1, a7, pc + 40
core   0: 3 0x80008e80 (0x03136463)
core   0: 0x80008ea8 (0xb1464397) auipc   t2, 0xb1464
core   0: 3 0x80008ea8 (0xb1464397) x 7 0x3146cea8
core   0: 0x80008eac (0xc6c62b93) slti    s7, a2, -916
core   0: 3 0x80008eac (0xc6c62b93) x23 0x00000000
core   0: 0x80008eb0 (0x004a74b3) and     s1, s4, tp
core   0: 3 0x80008eb0 (0x004a74b3) x 9 0xc270ece4
core   0: 0x80008eb4 (0x00000013) nop
core   0: 3 0x80008eb4 (0x00000013)
core   0: 0x80008eb8 (0x40375913) srai    s2, a4, 3
core   0: 3 0x80008eb8 (0x40375913) x18 0x00000000
core   0: 0x80008ebc (0x02348663) beq     s1, gp, pc + 44
core   0: 3 0x80008ebc (0x02348663)
core   0: 0x80008ec0 (0x0174d663) bge     s1, s7, pc + 12
core   0: 3 0x80008ec0 (0x0174d663)
core   0: 0x80008ec4 (0x79484393) xori    t2, a6, 1940
core   0: 3 0x80008ec4 (0x79484393) x 7 0x80000794
core   0: 0x80008ec8 (0x018e71b3) and     gp, t3, s8
core   0: 3 0x80008ec8 (0x018e71b3) x 3 0x8495da30
core   0: 0x80008ecc (0x0ff0000f) fence   iorw,iorw
core   0: 3 0x80008ecc (0x0ff0000f)
core   0: 0x80008ed0 (0x0b31bd93) sltiu   s11, gp, 179
core   0: 3 0x80008ed0 (0x0b31bd93) x27 0x00000000
core   0: 0x80008ed4 (0x0000100f) fence.i
core   0: 3 0x80008ed4 (0x0000100f)
core   0: 0x80008ed8 (0x3a11b213) sltiu   tp, gp, 929
core   0: 3 0x80008ed8 (0x3a11b213) x 4 0x00000000
core   0: 0x80008edc (0x04d1e663) bltu    gp, a3, pc + 76
core   0: 3 0x80008edc (0x04d1e663)
core   0: 0x80008f28 (0x24b5a613) slti    a2, a1, 587
core   0: 3 0x80008f28 (0x24b5a613) x12 0x00000001
core   0: 0x80008f2c (0x00756433) or      s0, a0, t2
core   0: 3 0x80008f2c (0x00756433) x 8 0x80000795
core   0: 0x80008f30 (0x00000013) nop
core   0: 3 0x80008f30 (0x00000013)
core   0: 0x80008f34 (0x00000013) nop
core   0: 3 0x80008f34 (0x00000013)
core   0: 0x80008f38 (0x0125d9b3) srl     s3, a1, s2
core   0: 3 0x80008f38 (0x0125d9b3) x19 0x00000000
core   0: 0x80008f3c (0x0175da63) bge     a1, s7, pc + 20
core   0: 3 0x80008f3c (0x0175da63)
core   0: 0x80008f50 (0x01908b33) add     s6, ra, s9
core   0: 3 0x80008f50 (0x01908b33) x22 0x80028e55
core   0: 0x80008f54 (0x01a8f463) bgeu    a7, s10, pc + 8
core   0: 3 0x80008f54 (0x01a8f463)
core   0: 0x80008f5c (0x5a997c93) andi    s9, s2, 1449
core   0: 3 0x80008f5c (0x5a997c93) x25 0x00000000
core   0: 0x80008f60 (0x012e81b3) add     gp, t4, s2
core   0: 3 0x80008f60 (0x012e81b3) x 3 0x0000ffff
core   0: 0x80008f64 (0x018c90b3) sll     ra, s9, s8
core   0: 3 0x80008f64 (0x018c90b3) x 1 0x00000000
core   0: 0x80008f68 (0x7130aeb7) lui     t4, 0x7130a
core   0: 3 0x80008f68 (0x7130aeb7) x29 0x7130a000
core   0: 0x80008f6c (0x016375b3) and     a1, t1, s6
core   0: 3 0x80008f6c (0x016375b3) x11 0x00000000
core   0: 0x80008f70 (0x40ce5513) srai    a0, t3, 12
core   0: 3 0x80008f70 (0x40ce5513) x10 0xfff8495d
core   0: 0x80008f74 (0xf8044e93) xori    t4, s0, -128
core   0: 3 0x80008f74 (0xf8044e93) x29 0x7ffff815
core   0: 0x80008f78 (0x01c71113) slli    sp, a4, 28
core   0: 3 0x80008f78 (0x01c71113) x 2 0x00000000
core   0: 0x80008f7c (0x00238fb3) add     t6, t2, sp
core   0: 3 0x80008f7c (0x00238fb3) x31 0x80000794
core   0: 0x80008f80 (0x02618863) beq     gp, t1, pc + 48
core   0: 3 0x80008f80 (0x02618863)
core   0: 0x80008f84 (0xd7012613) slti    a2, sp, -656
core   0: 3 0x80008f84 (0xd7012613) x12 0x00000000
core   0: 0x80008f88 (0x047b5263) bge     s6, t2, pc + 68
core   0: 3 0x80008f88 (0x047b5263)
core   0: 0x80008fcc (0x001876b3) and     a3, a6, ra
core   0: 3 0x80008fcc (0x001876b3) x13 0x00000000
core   0: 0x80008fd0 (0x41bbd513) srai    a0, s7, 27
core   0: 3 0x80008fd0 (0x41bbd513) x10 0x00000000
core   0: 0x80008fd4 (0x1ee3fd97) auipc   s11, 0x1ee3f
core   0: 3 0x80008fd4 (0x1ee3fd97) x27 0x9ee47fd4
core   0: 0x80008fd8 (0x85224513) xori    a0, tp, -1966
core   0: 3 0x80008fd8 (0x85224513) x10 0xfffff852
core   0: 0x80008fdc (0x2b400b13) li      s6, 692
core   0: 3 0x80008fdc (0x2b400b13) x22 0x000002b4
core   0: 0x80008fe0 (0x01145113) srli    sp, s0, 17
core   0: 3 0x80008fe0 (0x01145113) x 2 0x00004000
core   0: 0x80008fe4 (0x004d19b3) sll     s3, s10, tp
core   0: 3 0x80008fe4 (0x004d19b3) x19 0x00000001
core   0: 0x80008fe8 (0x00e19293) slli    t0, gp, 14
core   0: 3 0x80008fe8 (0x00e19293) x 5 0x3fffc000
core   0: 0x80008fec (0x04d8f863) bgeu    a7, a3, pc + 80
core   0: 3 0x80008fec (0x04d8f863)
core   0: 0x8000903c (0x00192fb3) slt     t6, s2, ra
core   0: 3 0x8000903c (0x00192fb3) x31 0x00000000
core   0: 0x80009040 (0xddf7fd13) andi    s10, a5, -545
core   0: 3 0x80009040 (0xddf7fd13) x26 0x80028c54
core   0: 0x80009044 (0x0000100f) fence.i
core   0: 3 0x80009044 (0x0000100f)
core   0: 0x80009048 (0x58832b93) slti    s7, t1, 1416
core   0: 3 0x80009048 (0x58832b93) x23 0x00000001
core   0: 0x8000904c (0x41aed433) sra     s0, t4, s10
core   0: 3 0x8000904c (0x41aed433) x 8 0x000007ff
core   0: 0x80009050 (0x0000100f) fence.i
core   0: 3 0x80009050 (0x0000100f)
core   0: 0x80009054 (0x003bbf33) sltu    t5, s7, gp
core   0: 3 0x80009054 (0x003bbf33) x30 0x00000001
core   0: 0x80009058 (0xff064a13) xori    s4, a2, -16
core   0: 3 0x80009058 (0xff064a13) x20 0xfffffff0
core   0: 0x8000905c (0x012c5e13) srli    t3, s8, 18
core   0: 3 0x8000905c (0x012c5e13) x28 0x00003fff
core   0: 0x80009060 (0x40dd84b3) sub     s1, s11, a3
core   0: 3 0x80009060 (0x40dd84b3) x 9 0x9ee47fd4
core   0: 0x80009064 (0x00a8a133) slt     sp, a7, a0
core   0: 3 0x80009064 (0x00a8a133) x 2 0x00000001
core   0: 0x80009068 (0x2ae2cd13) xori    s10, t0, 686
core   0: 3 0x80009068 (0x2ae2cd13) x26 0x3fffc2ae
core   0: 0x8000906c (0x27502913) slti    s2, zero, 629
core   0: 3 0x8000906c (0x27502913) x18 0x00000001
core   0: 0x80009070 (0x14a83613) sltiu   a2, a6, 330
core   0: 3 0x80009070 (0x14a83613) x12 0x00000000
core   0: 0x80009074 (0x0680c613) xori    a2, ra, 104
core   0: 3 0x80009074 (0x0680c613) x12 0x00000068
core   0: 0x80009078 (0x016ec633) xor     a2, t4, s6
core   0: 3 0x80009078 (0x016ec633) x12 0x7ffffaa1
core   0: 0x8000907c (0x00000013) nop
core   0: 3 0x8000907c (0x00000013)
core   0: 0x80009080 (0x01f5edb3) or      s11, a1, t6
core   0: 3 0x80009080 (0x01f5edb3) x27 0x00000000
core   0: 0x80009084 (0x7bf62613) slti    a2, a2, 1983
core   0: 3 0x80009084 (0x7bf62613) x12 0x00000000
core   0: 0x80009088 (0x03b81063) bne     a6, s11, pc + 32
core   0: 3 0x80009088 (0x03b81063)
core   0: 0x800090a8 (0x41095d93) srai    s11, s2, 16
core   0: 3 0x800090a8 (0x41095d93) x27 0x00000000
core   0: 0x800090ac (0x0059e3b3) or      t2, s3, t0
core   0: 3 0x800090ac (0x0059e3b3) x 7 0x3fffc001
core   0: 0x800090b0 (0xf7a3cf93) xori    t6, t2, -134
core   0: 3 0x800090b0 (0xf7a3cf93) x31 0xc0003f7b
core   0: 0x800090b4 (0x00695c63) bge     s2, t1, pc + 24
core   0: 3 0x800090b4 (0x00695c63)
core   0: 0x800090cc (0x045e0063) beq     t3, t0, pc + 64
core   0: 3 0x800090cc (0x045e0063)
core   0: 0x800090d0 (0x011c9993) slli    s3, s9, 17
core   0: 3 0x800090d0 (0x011c9993) x19 0x00000000
core   0: 0x800090d4 (0xa25810b7) lui     ra, 0xa2581
core   0: 3 0x800090d4 (0xa25810b7) x 1 0xa2581000
core   0: 0x800090d8 (0x01cd3a33) sltu    s4, s10, t3
core   0: 3 0x800090d8 (0x01cd3a33) x20 0x00000000
core   0: 0x800090dc (0x40030a33) sub     s4, t1, zero
core   0: 3 0x800090dc (0x40030a33) x20 0x00000000
core   0: 0x800090e0 (0x41428b33) sub     s6, t0, s4
core   0: 3 0x800090e0 (0x41428b33) x22 0x3fffc000
core   0: 0x800090e4 (0xf05da413) slti    s0, s11, -251
core   0: 3 0x800090e4 (0xf05da413) x 8 0x00000000
core   0: 0x800090e8 (0x40018ab3) sub     s5, gp, zero
core   0: 3 0x800090e8 (0x40018ab3) x21 0x0000ffff
core   0: 0x800090ec (0x02cde663) bltu    s11, a2, pc + 44
core   0: 3 0x800090ec (0x02cde663)
core   0: 0x800090f0 (0x41105ab3) sra     s5, zero, a7
core   0: 3 0x800090f0 (0x41105ab3) x21 0x00000000
core   0: 0x800090f4 (0x00000013) nop
core   0: 3 0x800090f4 (0x00000013)
core   0: 0x800090f8 (0x0ff0000f) fence   iorw,iorw
core   0: 3 0x800090f8 (0x0ff0000f)
core   0: 0x800090fc (0x8f9ae493) ori     s1, s5, -1799
core   0: 3 0x800090fc (0x8f9ae493) x 9 0xfffff8f9
core   0: 0x80009100 (0x002ca333) slt     t1, s9, sp
core   0: 3 0x80009100 (0x002ca333) x 6 0x00000001
core   0: 0x80009104 (0x00e89463) bne     a7, a4, pc + 8
core   0: 3 0x80009104 (0x00e89463)
core   0: 0x8000910c (0x4db0b193) sltiu   gp, ra, 1243
core   0: 3 0x8000910c (0x4db0b193) x 3 0x00000000
core   0: 0x80009110 (0x0135f033) and     zero, a1, s3
core   0: 3 0x80009110 (0x0135f033)
core   0: 0x80009114 (0x00789293) slli    t0, a7, 7
core   0: 3 0x80009114 (0x00789293) x 5 0x01667200
core   0: 0x80009118 (0x87876993) ori     s3, a4, -1928
core   0: 3 0x80009118 (0x87876993) x19 0xfffff878
core   0: 0x8000911c (0x6485b993) sltiu   s3, a1, 1608
core   0: 3 0x8000911c (0x6485b993) x19 0x00000001
core   0: 0x80009120 (0x00df2eb3) slt     t4, t5, a3
core   0: 3 0x80009120 (0x00df2eb3) x29 0x00000000
core   0: 0x80009124 (0x0000100f) fence.i
core   0: 3 0x80009124 (0x0000100f)
core   0: 0x80009128 (0x0049c0b3) xor     ra, s3, tp
core   0: 3 0x80009128 (0x0049c0b3) x 1 0x00000001
core   0: 0x8000912c (0x00b81c13) slli    s8, a6, 11
core   0: 3 0x8000912c (0x00b81c13) x24 0x00000000
core   0: 0x80009130 (0x01e88333) add     t1, a7, t5
core   0: 3 0x80009130 (0x01e88333) x 6 0x8002cce5
core   0: 0x80009134 (0x010d1293) slli    t0, s10, 16
core   0: 3 0x80009134 (0x010d1293) x 5 0xc2ae0000
core   0: 0x80009138 (0x0178c033) xor     zero, a7, s7
core   0: 3 0x80009138 (0x0178c033)
core   0: 0x8000913c (0x0000100f) fence.i
core   0: 3 0x8000913c (0x0000100f)
core   0: 0x80009140 (0x404cd933) sra     s2, s9, tp
core   0: 3 0x80009140 (0x404cd933) x18 0x00000000
core   0: 0x80009144 (0x6470a013) slti    zero, ra, 1607
core   0: 3 0x80009144 (0x6470a013)
core   0: 0x80009148 (0x0023db13) srli    s6, t2, 2
core   0: 3 0x80009148 (0x0023db13) x22 0x0ffff000
core   0: 0x8000914c (0x02cc0a63) beq     s8, a2, pc + 52
core   0: 3 0x8000914c (0x02cc0a63)
core   0: 0x80009180 (0x86384393) xori    t2, a6, -1949
core   0: 3 0x80009180 (0x86384393) x 7 0x7ffff863
core   0: 0x80009184 (0x00000013) nop
core   0: 3 0x80009184 (0x00000013)
core   0: 0x80009188 (0x402c8b33) sub     s6, s9, sp
core   0: 3 0x80009188 (0x402c8b33) x22 0xffffffff
core   0: 0x8000918c (0x0000100f) fence.i
core   0: 3 0x8000918c (0x0000100f)
core   0: 0x80009190 (0x000da9b3) slt     s3, s11, zero
core   0: 3 0x80009190 (0x000da9b3) x19 0x00000000
core   0: 0x80009194 (0x03e85663) bge     a6, t5, pc + 44
core   0: 3 0x80009194 (0x03e85663)
core   0: 0x80009198 (0x60a46093) ori     ra, s0, 1546
core   0: 3 0x80009198 (0x60a46093) x 1 0x0000060a
core   0: 0x8000919c (0x03c1de63) bge     gp, t3, pc + 60
core   0: 3 0x8000919c (0x03c1de63)
core   0: 0x800091a0 (0x003b6263) bltu    s6, gp, pc + 4
core   0: 3 0x800091a0 (0x003b6263)
core   0: 0x800091a4 (0x00abf233) and     tp, s7, a0
core   0: 3 0x800091a4 (0x00abf233) x 4 0x00000000
core   0: 0x800091a8 (0xffd8f013) andi    zero, a7, -3
core   0: 3 0x800091a8 (0xffd8f013)
core   0: 0x800091ac (0x851abc93) sltiu   s9, s5, -1967
core   0: 3 0x800091ac (0x851abc93) x25 0x00000001
core   0: 0x800091b0 (0x018da733) slt     a4, s11, s8
core   0: 3 0x800091b0 (0x018da733) x14 0x00000000
core   0: 0x800091b4 (0x01d4e663) bltu    s1, t4, pc + 12
core   0: 3 0x800091b4 (0x01d4e663)
core   0: 0x800091b8 (0x0349ee63) bltu    s3, s4, pc + 60
core   0: 3 0x800091b8 (0x0349ee63)
core   0: 0x800091bc (0x00000013) nop
core   0: 3 0x800091bc (0x00000013)
core   0: 0x800091c0 (0xc896e6b7) lui     a3, 0xc896e
core   0: 3 0x800091c0 (0xc896e6b7) x13 0xc896e000
core   0: 0x800091c4 (0x00bbfe33) and     t3, s7, a1
core   0: 3 0x800091c4 (0x00bbfe33) x28 0x00000000
core   0: 0x800091c8 (0x49590717) auipc   a4, 0x49590
core   0: 3 0x800091c8 (0x49590717) x14 0xc95991c8
core   0: 0x800091cc (0x58c6d417) auipc   s0, 0x58c6d
core   0: 3 0x800091cc (0x58c6d417) x 8 0xd8c761cc
core   0: 0x800091d0 (0x3df73c13) sltiu   s8, a4, 991
core   0: 3 0x800091d0 (0x3df73c13) x24 0x00000000
core   0: 0x800091d4 (0x0194b217) auipc   tp, 0x194b
core   0: 3 0x800091d4 (0x0194b217) x 4 0x819541d4
core   0: 0x800091d8 (0x3445ac37) lui     s8, 0x3445a
core   0: 3 0x800091d8 (0x3445ac37) x24 0x3445a000
core   0: 0x800091dc (0xe81cfa17) auipc   s4, 0xe81cf
core   0: 3 0x800091dc (0xe81cfa17) x20 0x681d81dc
core   0: 0x800091e0 (0x00925933) srl     s2, tp, s1
core   0: 3 0x800091e0 (0x00925933) x18 0x00000040
core   0: 0x800091e4 (0x00000013) nop
core   0: 3 0x800091e4 (0x00000013)
core   0: 0x800091e8 (0x02164e63) blt     a2, ra, pc + 60
core   0: 3 0x800091e8 (0x02164e63)
core   0: 0x80009224 (0xfa92a993) slti    s3, t0, -87
core   0: 3 0x80009224 (0xfa92a993) x19 0x00000001
core   0: 0x80009228 (0x00000013) nop
core   0: 3 0x80009228 (0x00000013)
core   0: 0x8000922c (0x015c45b3) xor     a1, s8, s5
core   0: 3 0x8000922c (0x015c45b3) x11 0x3445a000
core   0: 0x80009230 (0x01af5c63) bge     t5, s10, pc + 24
core   0: 3 0x80009230 (0x01af5c63)
core   0: 0x80009234 (0xcd2bf937) lui     s2, 0xcd2bf
core   0: 3 0x80009234 (0xcd2bf937) x18 0xcd2bf000
core   0: 0x80009238 (0x05065263) bge     a2, a6, pc + 68
core   0: 3 0x80009238 (0x05065263)
core   0: 0x8000927c (0xfcddea93) ori     s5, s11, -51
core   0: 3 0x8000927c (0xfcddea93) x21 0xffffffcd
core   0: 0x80009280 (0x01c6ca33) xor     s4, a3, t3
core   0: 3 0x80009280 (0x01c6ca33) x20 0xc896e000
core   0: 0x80009284 (0x401b50b3) sra     ra, s6, ra
core   0: 3 0x80009284 (0x401b50b3) x 1 0xffffffff
core   0: 0x80009288 (0x0000100f) fence.i
core   0: 3 0x80009288 (0x0000100f)
core   0: 0x8000928c (0x00c22d33) slt     s10, tp, a2
core   0: 3 0x8000928c (0x00c22d33) x26 0x00000001
core   0: 0x80009290 (0x41bf8033) sub     zero, t6, s11
core   0: 3 0x80009290 (0x41bf8033)
core   0: 0x80009294 (0x200ec413) xori    s0, t4, 512
core   0: 3 0x80009294 (0x200ec413) x 8 0x00000200
core   0: 0x80009298 (0x30320093) addi    ra, tp, 771
core   0: 3 0x80009298 (0x30320093) x 1 0x819544d7
core   0: 0x8000929c (0x01a384b3) add     s1, t2, s10
core   0: 3 0x8000929c (0x01a384b3) x 9 0x7ffff864
core   0: 0x800092a0 (0xc95f84b7) lui     s1, 0xc95f8
core   0: 3 0x800092a0 (0xc95f84b7) x 9 0xc95f8000
core   0: 0x800092a4 (0x409f8733) sub     a4, t6, s1
core   0: 3 0x800092a4 (0x409f8733) x14 0xf6a0bf7b
core   0: 0x800092a8 (0x410d2f17) auipc   t5, 0x410d2
core   0: 3 0x800092a8 (0x410d2f17) x30 0xc10db2a8
core   0: 0x800092ac (0x0000100f) fence.i
core   0: 3 0x800092ac (0x0000100f)
core   0: 0x800092b0 (0xd7b93693) sltiu   a3, s2, -645
core   0: 3 0x800092b0 (0xd7b93693) x13 0x00000001
core   0: 0x800092b4 (0x00000013) nop
core   0: 3 0x800092b4 (0x00000013)
core   0: 0x800092b8 (0x01200463) beq     zero, s2, pc + 8
core   0: 3 0x800092b8 (0x01200463)
core   0: 0x800092bc (0x00966633) or      a2, a2, s1
core   0: 3 0x800092bc (0x00966633) x12 0xc95f8000
core   0: 0x800092c0 (0x8e34cd13) xori    s10, s1, -1821
core   0: 3 0x800092c0 (0x8e34cd13) x26 0x36a078e3
core   0: 0x800092c4 (0x016e60b3) or      ra, t3, s6
core   0: 3 0x800092c4 (0x016e60b3) x 1 0xffffffff
core   0: 0x800092c8 (0x014b9093) slli    ra, s7, 20
core   0: 3 0x800092c8 (0x014b9093) x 1 0x00100000
core   0: 0x800092cc (0x0020c0b3) xor     ra, ra, sp
core   0: 3 0x800092cc (0x0020c0b3) x 1 0x00100001
core   0: 0x800092d0 (0x04134663) blt     t1, ra, pc + 76
core   0: 3 0x800092d0 (0x04134663)
core   0: 0x8000931c (0x01b99013) slli    zero, s3, 27
core   0: 3 0x8000931c (0x01b99013)
core   0: 0x80009320 (0x01bb8d33) add     s10, s7, s11
core   0: 3 0x80009320 (0x01bb8d33) x26 0x00000001
core   0: 0x80009324 (0x51c90417) auipc   s0, 0x51c90
core   0: 3 0x80009324 (0x51c90417) x 8 0xd1c99324
core   0: 0x80009328 (0x0ff0000f) fence   iorw,iorw
core   0: 3 0x80009328 (0x0ff0000f)
core   0: 0x8000932c (0x0152af33) slt     t5, t0, s5
core   0: 3 0x8000932c (0x0152af33) x30 0x00000001
core   0: 0x80009330 (0x020dd063) bgez    s11, pc + 32
core   0: 3 0x80009330 (0x020dd063)
core   0: 0x80009350 (0x004cd2b3) srl     t0, s9, tp
core   0: 3 0x80009350 (0x004cd2b3) x 5 0x00000000
core   0: 0x80009354 (0x00000013) nop
core   0: 3 0x80009354 (0x00000013)
core   0: 0x80009358 (0x005f1c13) slli    s8, t5, 5
core   0: 3 0x80009358 (0x005f1c13) x24 0x00000020
core   0: 0x8000935c (0x107cab13) slti    s6, s9, 263
core   0: 3 0x8000935c (0x107cab13) x22 0x00000001
core   0: 0x80009360 (0x0165d213) srli    tp, a1, 22
core   0: 3 0x80009360 (0x0165d213) x 4 0x000000d1
core   0: 0x80009364 (0x41768db3) sub     s11, a3, s7
core   0: 3 0x80009364 (0x41768db3) x27 0x00000000
core   0: 0x80009368 (0x00fb4a33) xor     s4, s6, a5
core   0: 3 0x80009368 (0x00fb4a33) x20 0x80028e55
core   0: 0x8000936c (0x044ff863) bgeu    t6, tp, pc + 80
core   0: 3 0x8000936c (0x044ff863)
core   0: 0x800093bc (0x41f4d4b3) sra     s1, s1, t6
core   0: 3 0x800093bc (0x41f4d4b3) x 9 0xfffffff9
core   0: 0x800093c0 (0x6807bdb7) lui     s11, 0x6807b
core   0: 3 0x800093c0 (0x6807bdb7) x27 0x6807b000
core   0: 0x800093c4 (0x01948533) add     a0, s1, s9
core   0: 3 0x800093c4 (0x01948533) x10 0xfffffffa
core   0: 0x800093c8 (0x01ff0233) add     tp, t5, t6
core   0: 3 0x800093c8 (0x01ff0233) x 4 0xc0003f7c
core   0: 0x800093cc (0x0491e463) bltu    gp, s1, pc + 72
core   0: 3 0x800093cc (0x0491e463)
core   0: 0x80009414 (0x00f65b33) srl     s6, a2, a5
core   0: 3 0x80009414 (0x00f65b33) x22 0x00000c95
core   0: 0x80009418 (0x0000100f) fence.i
core   0: 3 0x80009418 (0x0000100f)
core   0: 0x8000941c (0x00bf9433) sll     s0, t6, a1
core   0: 3 0x8000941c (0x00bf9433) x 8 0xc0003f7b
core   0: 0x80009420 (0x0350f463) bgeu    ra, s5, pc + 40
core   0: 3 0x80009420 (0x0350f463)
core   0: 0x80009424 (0x417d5b93) srai    s7, s10, 23
core   0: 3 0x80009424 (0x417d5b93) x23 0x00000000
core   0: 0x80009428 (0x02b9ee63) bltu    s3, a1, pc + 60
core   0: 3 0x80009428 (0x02b9ee63)
core   0: 0x80009464 (0x401a5193) srai    gp, s4, 1
core   0: 3 0x80009464 (0x401a5193) x 3 0xc001472a
core   0: 0x80009468 (0x03c9e063) bltu    s3, t3, pc + 32
core   0: 3 0x80009468 (0x03c9e063)
core   0: 0x8000946c (0x00d54b33) xor     s6, a0, a3
core   0: 3 0x8000946c (0x00d54b33) x22 0xfffffffb
core   0: 0x80009470 (0x0256f663) bgeu    a3, t0, pc + 44
core   0: 3 0x80009470 (0x0256f663)
core   0: 0x8000949c (0x62aaa9b7) lui     s3, 0x62aaa
core   0: 3 0x8000949c (0x62aaa9b7) x19 0x62aaa000
core   0: 0x800094a0 (0x0aaeec63) bltu    t4, a0, pc + 184
core   0: 3 0x800094a0 (0x0aaeec63)
core   0: 0x80009558 (0x0000100f) fence.i
core   0: 3 0x80009558 (0x0000100f)
core   0: 0x8000955c (0x34f58013) addi    zero, a1, 847
core   0: 3 0x8000955c (0x34f58013)
core   0: 0x80009560 (0x97278e97) auipc   t4, 0x97278
core   0: 3 0x80009560 (0x97278e97) x29 0x17281560
core   0: 0x80009564 (0x0000100f) fence.i
core   0: 3 0x80009564 (0x0000100f)
core   0: 0x80009568 (0x005d1c13) slli    s8, s10, 5
core   0: 3 0x80009568 (0x005d1c13) x24 0x00000020
core   0: 0x8000956c (0x0000100f) fence.i
core   0: 3 0x8000956c (0x0000100f)
core   0: 0x80009570 (0xe37b7013) andi    zero, s6, -457
core   0: 3 0x80009570 (0xe37b7013)
core   0: 0x80009574 (0x01185093) srli    ra, a6, 17
core   0: 3 0x80009574 (0x01185093) x 1 0x00004000
core   0: 0x80009578 (0xd421b493) sltiu   s1, gp, -702
core   0: 3 0x80009578 (0xd421b493) x 9 0x00000001
core   0: 0x8000957c (0x01688933) add     s2, a7, s6
core   0: 3 0x8000957c (0x01688933) x18 0x8002ccdf
core   0: 0x80009580 (0x00935b13) srli    s6, t1, 9
core   0: 3 0x80009580 (0x00935b13) x22 0x00400166
core   0: 0x80009584 (0x04baf463) bgeu    s5, a1, pc + 72
core   0: 3 0x80009584 (0x04baf463)
core   0: 0x800095cc (0xceb0f213) andi    tp, ra, -789
core   0: 3 0x800095cc (0xceb0f213) x 4 0x00004000
core   0: 0x800095d0 (0x01e812b3) sll     t0, a6, t5
core   0: 3 0x800095d0 (0x01e812b3) x 5 0x00000000
core   0: 0x800095d4 (0x012e4133) xor     sp, t3, s2
core   0: 3 0x800095d4 (0x012e4133) x 2 0x8002ccdf
core   0: 0x800095d8 (0x02e58e63) beq     a1, a4, pc + 60
core   0: 3 0x800095d8 (0x02e58e63)
core   0: 0x800095dc (0x0ff0000f) fence   iorw,iorw
core   0: 3 0x800095dc (0x0ff0000f)
core   0: 0x800095e0 (0x30660713) addi    a4, a2, 774
core   0: 3 0x800095e0 (0x30660713) x14 0xc95f8306
core   0: 0x800095e4 (0xe673cf93) xori    t6, t2, -409
core   0: 3 0x800095e4 (0xe673cf93) x31 0x80000604
core   0: 0x800095e8 (0x03856e63) bltu    a0, s8, pc + 60
core   0: 3 0x800095e8 (0x03856e63)
core   0: 0x800095ec (0x0014b333) sltu    t1, s1, ra
core   0: 3 0x800095ec (0x0014b333) x 6 0x00000001
core   0: 0x800095f0 (0x5a94d537) lui     a0, 0x5a94d
core   0: 3 0x800095f0 (0x5a94d537) x10 0x5a94d000
core   0: 0x800095f4 (0x0293e463) bltu    t2, s1, pc + 40
core   0: 3 0x800095f4 (0x0293e463)
core   0: 0x800095f8 (0x00a93f33) sltu    t5, s2, a0
core   0: 3 0x800095f8 (0x00a93f33) x30 0x00000000
core   0: 0x800095fc (0x01916fb3) or      t6, sp, s9
core   0: 3 0x800095fc (0x01916fb3) x31 0x8002ccdf
core   0: 0x80009600 (0x02148a63) beq     s1, ra, pc + 52
core   0: 3 0x80009600 (0x02148a63)
core   0: 0x80009604 (0x01b01213) slli    tp, zero, 27
core   0: 3 0x80009604 (0x01b01213) x 4 0x00000000
core   0: 0x80009608 (0x00b3b533) sltu    a0, t2, a1
core   0: 3 0x80009608 (0x00b3b533) x10 0x00000000
core   0: 0x8000960c (0x005c6f33) or      t5, s8, t0
core   0: 3 0x8000960c (0x005c6f33) x30 0x00000020
core   0: 0x80009610 (0x7b09c617) auipc   a2, 0x7b09c
core   0: 3 0x80009610 (0x7b09c617) x12 0xfb0a5610
core   0: 0x80009614 (0xf7d27b13) andi    s6, tp, -131
core   0: 3 0x80009614 (0xf7d27b13) x22 0x00000000
core   0: 0x80009618 (0x43143f13) sltiu   t5, s0, 1073
core   0: 3 0x80009618 (0x43143f13) x30 0x00000000
core   0: 0x8000961c (0x04f37263) bgeu    t1, a5, pc + 68
core   0: 3 0x8000961c (0x04f37263)
core   0: 0x80009620 (0x00d7c233) xor     tp, a5, a3
core   0: 3 0x80009620 (0x00d7c233) x 4 0x80028e55
core   0: 0x80009624 (0x0109f2b3) and     t0, s3, a6
core   0: 3 0x80009624 (0x0109f2b3) x 5 0x00000000
core   0: 0x80009628 (0x01822d33) slt     s10, tp, s8
core   0: 3 0x80009628 (0x01822d33) x26 0x00000001
core   0: 0x8000962c (0x044e5263) bge     t3, tp, pc + 68
core   0: 3 0x8000962c (0x044e5263)
core   0: 0x80009670 (0xe4b87293) andi    t0, a6, -437
core   0: 3 0x80009670 (0xe4b87293) x 5 0x80000000
core   0: 0x80009674 (0x034be063) bltu    s7, s4, pc + 32
core   0: 3 0x80009674 (0x034be063)
core   0: 0x80009694 (0x00eb3533) sltu    a0, s6, a4
core   0: 3 0x80009694 (0x00eb3533) x10 0x00000001
core   0: 0x80009698 (0x61887e93) andi    t4, a6, 1560
core   0: 3 0x80009698 (0x61887e93) x29 0x00000000
core   0: 0x8000969c (0x019d5663) bge     s10, s9, pc + 12
core   0: 3 0x8000969c (0x019d5663)
core   0: 0x800096a8 (0x00c512b3) sll     t0, a0, a2
core   0: 3 0x800096a8 (0x00c512b3) x 5 0x00010000
core   0: 0x800096ac (0x22c83193) sltiu   gp, a6, 556
core   0: 3 0x800096ac (0x22c83193) x 3 0x00000000
core   0: 0x800096b0 (0x00607d33) and     s10, zero, t1
core   0: 3 0x800096b0 (0x00607d33) x26 0x00000000
core   0: 0x800096b4 (0x008d1f33) sll     t5, s10, s0
core   0: 3 0x800096b4 (0x008d1f33) x30 0x00000000
core   0: 0x800096b8 (0x1ccc3093) sltiu   ra, s8, 460
core   0: 3 0x800096b8 (0x1ccc3093) x 1 0x00000001
core   0: 0x800096bc (0x01be6c63) bltu    t3, s11, pc + 24
core   0: 3 0x800096bc (0x01be6c63)
core   0: 0x800096d4 (0x0038ee33) or      t3, a7, gp
core   0: 3 0x800096d4 (0x0038ee33) x28 0x8002cce4
core   0: 0x800096d8 (0xa2824913) xori    s2, tp, -1496
core   0: 3 0x800096d8 (0xa2824913) x18 0x7ffd747d
core   0: 0x800096dc (0x0b88ca93) xori    s5, a7, 184
core   0: 3 0x800096dc (0x0b88ca93) x21 0x8002cc5c
core   0: 0x800096e0 (0x0000100f) fence.i
core   0: 3 0x800096e0 (0x0000100f)
core   0: 0x800096e4 (0x0ff0000f) fence   iorw,iorw
core   0: 3 0x800096e4 (0x0ff0000f)
core   0: 0x800096e8 (0x41a90533) sub     a0, s2, s10
core   0: 3 0x800096e8 (0x41a90533) x10 0x7ffd747d
core   0: 0x800096ec (0x00879c63) bne     a5, s0, pc + 24
core   0: 3 0x800096ec (0x00879c63)
core   0: 0x80009704 (0x0000100f) fence.i
core   0: 3 0x80009704 (0x0000100f)
core   0: 0x80009708 (0x01f90263) beq     s2, t6, pc + 4
core   0: 3 0x80009708 (0x01f90263)
core   0: 0x8000970c (0xd9835517) auipc   a0, 0xd9835
core   0: 3 0x8000970c (0xd9835517) x10 0x5983e70c
core   0: 0x80009710 (0x00448db3) add     s11, s1, tp
core   0: 3 0x80009710 (0x00448db3) x27 0x80028e56
core   0: 0x80009714 (0xc71e4513) xori    a0, t3, -911
core   0: 3 0x80009714 (0xc71e4513) x10 0x7ffd3095
core   0: 0x80009718 (0x01359713) slli    a4, a1, 19
core   0: 3 0x80009718 (0x01359713) x14 0x00000000
core   0: 0x8000971c (0x91826a97) auipc   s5, 0x91826
core   0: 3 0x8000971c (0x91826a97) x21 0x1182f71c
core   0: 0x80009720 (0x01392ab3) slt     s5, s2, s3
core   0: 3 0x80009720 (0x01392ab3) x21 0x00000000
core   0: 0x80009724 (0x059f8663) beq     t6, s9, pc + 76
core   0: 3 0x80009724 (0x059f8663)
core   0: 0x80009728 (0x01ea1433) sll     s0, s4, t5
core   0: 3 0x80009728 (0x01ea1433) x 8 0x80028e55
core   0: 0x8000972c (0x116ca913) slti    s2, s9, 278
core   0: 3 0x8000972c (0x116ca913) x18 0x00000001
core   0: 0x80009730 (0x032eee63) bltu    t4, s2, pc + 60
core   0: 3 0x80009730 (0x032eee63)
core   0: 0x8000976c (0x005192b3) sll     t0, gp, t0
core   0: 3 0x8000976c (0x005192b3) x 5 0x00000000
core   0: 0x80009770 (0xbcc0ce93) xori    t4, ra, -1076
core   0: 3 0x80009770 (0xbcc0ce93) x29 0xfffffbcd
core   0: 0x80009774 (0x08dbb913) sltiu   s2, s7, 141
core   0: 3 0x80009774 (0x08dbb913) x18 0x00000001
core   0: 0x80009778 (0x5eed2f93) slti    t6, s10, 1518
core   0: 3 0x80009778 (0x5eed2f93) x31 0x00000001
core   0: 0x8000977c (0x004d3db3) sltu    s11, s10, tp
core   0: 3 0x8000977c (0x004d3db3) x27 0x00000001
core   0: 0x80009780 (0x013d1493) slli    s1, s10, 19
core   0: 3 0x80009780 (0x013d1493) x 9 0x00000000
core   0: 0x80009784 (0x413009b3) sub     s3, zero, s3
core   0: 3 0x80009784 (0x413009b3) x19 0x9d556000
core   0: 0x80009788 (0x4193db13) srai    s6, t2, 25
core   0: 3 0x80009788 (0x4193db13) x22 0x0000003f
core   0: 0x8000978c (0x403d5db3) sra     s11, s10, gp
core   0: 3 0x8000978c (0x403d5db3) x27 0x00000000
core   0: 0x80009790 (0x004bacb3) slt     s9, s7, tp
core   0: 3 0x80009790 (0x004bacb3) x25 0x00000000
core   0: 0x80009794 (0x41f3d493) srai    s1, t2, 31
core   0: 3 0x80009794 (0x41f3d493) x 9 0x00000000
core   0: 0x80009798 (0x010e6033) or      zero, t3, a6
core   0: 3 0x80009798 (0x010e6033)
core   0: 0x8000979c (0x41f6dc93) srai    s9, a3, 31
core   0: 3 0x8000979c (0x41f6dc93) x25 0x00000000
core   0: 0x800097a0 (0x0122df33) srl     t5, t0, s2
core   0: 3 0x800097a0 (0x0122df33) x30 0x00000000
core   0: 0x800097a4 (0x01c9a1b3) slt     gp, s3, t3
core   0: 3 0x800097a4 (0x01c9a1b3) x 3 0x00000000
core   0: 0x800097a8 (0x00000013) nop
core   0: 3 0x800097a8 (0x00000013)
core   0: 0x800097ac (0x9306eb93) ori     s7, a3, -1744
core   0: 3 0x800097ac (0x9306eb93) x23 0xfffff931
core   0: 0x800097b0 (0x8cde2913) slti    s2, t3, -1843
core   0: 3 0x800097b0 (0x8cde2913) x18 0x00000001
core   0: 0x800097b4 (0x18b37193) andi    gp, t1, 395
core   0: 3 0x800097b4 (0x18b37193) x 3 0x00000001
core   0: 0x800097b8 (0x01731133) sll     sp, t1, s7
core   0: 3 0x800097b8 (0x01731133) x 2 0x00020000
core   0: 0x800097bc (0x0000100f) fence.i
core   0: 3 0x800097bc (0x0000100f)
core   0: 0x800097c0 (0x01ee1d93) slli    s11, t3, 30
core   0: 3 0x800097c0 (0x01ee1d93) x27 0x00000000
core   0: 0x800097c4 (0x1d4dec93) ori     s9, s11, 468
core   0: 3 0x800097c4 (0x1d4dec93) x25 0x000001d4
core   0: 0x800097c8 (0x04037263) bgeu    t1, zero, pc + 68
core   0: 3 0x800097c8 (0x04037263)
core   0: 0x8000980c (0x036ac063) blt     s5, s6, pc + 32
core   0: 3 0x8000980c (0x036ac063)
core   0: 0x8000982c (0x0000100f) fence.i
core   0: 3 0x8000982c (0x0000100f)
core   0: 0x80009830 (0xc8437317) auipc   t1, 0xc8437
core   0: 3 0x80009830 (0xc8437317) x 6 0x48440830
core   0: 0x80009834 (0x00e3af33) slt     t5, t2, a4
core   0: 3 0x80009834 (0x00e3af33) x30 0x00000000
core   0: 0x80009838 (0x013d8ab3) add     s5, s11, s3
core   0: 3 0x80009838 (0x013d8ab3) x21 0x9d556000
core   0: 0x8000983c (0x053c9263) bne     s9, s3, pc + 68
core   0: 3 0x8000983c (0x053c9263)
core   0: 0x80009880 (0x018c6fb3) or      t6, s8, s8
core   0: 3 0x80009880 (0x018c6fb3) x31 0x00000020
core   0: 0x80009884 (0x012bda93) srli    s5, s7, 18
core   0: 3 0x80009884 (0x012bda93) x21 0x00003fff
core   0: 0x80009888 (0x88f56c13) ori     s8, a0, -1905
core   0: 3 0x80009888 (0x88f56c13) x24 0xfffff89f
core   0: 0x8000988c (0x0ff0000f) fence   iorw,iorw
core   0: 3 0x8000988c (0x0ff0000f)
core   0: 0x80009890 (0xb86a85b7) lui     a1, 0xb86a8
core   0: 3 0x80009890 (0xb86a85b7) x11 0xb86a8000
core   0: 0x80009894 (0xd40c74b7) lui     s1, 0xd40c7
core   0: 3 0x80009894 (0xd40c74b7) x 9 0xd40c7000
core   0: 0x80009898 (0x0ff0000f) fence   iorw,iorw
core   0: 3 0x80009898 (0x0ff0000f)
core   0: 0x8000989c (0x02386063) bltu    a6, gp, pc + 32
core   0: 3 0x8000989c (0x02386063)
core   0: 0x800098a0 (0x40e25033) sra     zero, tp, a4
core   0: 3 0x800098a0 (0x40e25033)
core   0: 0x800098a4 (0x40a854b3) sra     s1, a6, a0
core   0: 3 0x800098a4 (0x40a854b3) x 9 0xfffffc00
core   0: 0x800098a8 (0x0249f863) bgeu    s3, tp, pc + 48
core   0: 3 0x800098a8 (0x0249f863)
core   0: 0x800098d8 (0x403ad713) srai    a4, s5, 3
core   0: 3 0x800098d8 (0x403ad713) x14 0x000007ff
core   0: 0x800098dc (0x08930c13) addi    s8, t1, 137
core   0: 3 0x800098dc (0x08930c13) x24 0x484408b9
core   0: 0x800098e0 (0x00000013) nop
core   0: 3 0x800098e0 (0x00000013)
core   0: 0x800098e4 (0x46f56d13) ori     s10, a0, 1135
core   0: 3 0x800098e4 (0x46f56d13) x26 0x7ffd34ff
core   0: 0x800098e8 (0x0000100f) fence.i
core   0: 3 0x800098e8 (0x0000100f)
core   0: 0x800098ec (0x02b8e463) bltu    a7, a1, pc + 40
core   0: 3 0x800098ec (0x02b8e463)
core   0: 0x80009914 (0x01cc9463) bne     s9, t3, pc + 8
core   0: 3 0x80009914 (0x01cc9463)
core   0: 0x8000991c (0x6bf97713) andi    a4, s2, 1727
core   0: 3 0x8000991c (0x6bf97713) x14 0x00000001
core   0: 0x80009920 (0x01c24d33) xor     s10, tp, t3
core   0: 3 0x80009920 (0x01c24d33) x26 0x000042b1
core   0: 0x80009924 (0x03927863) bgeu    tp, s9, pc + 48
core   0: 3 0x80009924 (0x03927863)
core   0: 0x80009954 (0x00bd6463) bltu    s10, a1, pc + 8
core   0: 3 0x80009954 (0x00bd6463)
core   0: 0x8000995c (0x001d29b3) slt     s3, s10, ra
core   0: 3 0x8000995c (0x001d29b3) x19 0x00000000
core   0: 0x80009960 (0x4179ba93) sltiu   s5, s3, 1047
core   0: 3 0x80009960 (0x4179ba93) x21 0x00000001
core   0: 0x80009964 (0x413851b3) sra     gp, a6, s3
core   0: 3 0x80009964 (0x413851b3) x 3 0x80000000
core   0: 0x80009968 (0x00000013) nop
core   0: 3 0x80009968 (0x00000013)
core   0: 0x8000996c (0x012ed513) srli    a0, t4, 18
core   0: 3 0x8000996c (0x012ed513) x10 0x00003fff
core   0: 0x80009970 (0x05db6663) bltu    s6, t4, pc + 76
core   0: 3 0x80009970 (0x05db6663)
core   0: 0x800099bc (0x00b84663) blt     a6, a1, pc + 12
core   0: 3 0x800099bc (0x00b84663)
core   0: 0x800099c8 (0x005479b3) and     s3, s0, t0
core   0: 3 0x800099c8 (0x005479b3) x19 0x00000000
core   0: 0x800099cc (0xaf5ef593) andi    a1, t4, -1291
core   0: 3 0x800099cc (0xaf5ef593) x11 0xfffffac5
core   0: 0x800099d0 (0x000676b3) and     a3, a2, zero
core   0: 3 0x800099d0 (0x000676b3) x13 0x00000000
core   0: 0x800099d4 (0x0018cf33) xor     t5, a7, ra
core   0: 3 0x800099d4 (0x0018cf33) x30 0x8002cce5
core   0: 0x800099d8 (0x64867993) andi    s3, a2, 1608
core   0: 3 0x800099d8 (0x64867993) x19 0x00000600
core   0: 0x800099dc (0x4778cf17) auipc   t5, 0x4778c
core   0: 3 0x800099dc (0x4778cf17) x30 0xc77959dc
core   0: 0x800099e0 (0x00945d33) srl     s10, s0, s1
core   0: 3 0x800099e0 (0x00945d33) x26 0x80028e55
core   0: 0x800099e4 (0x007b9263) bne     s7, t2, pc + 4
core   0: 3 0x800099e4 (0x007b9263)
core   0: 0x800099e8 (0x9ab4c493) xori    s1, s1, -1621
core   0: 3 0x800099e8 (0x9ab4c493) x 9 0x000005ab
core   0: 0x800099ec (0x8fa68d97) auipc   s11, 0x8fa68
core   0: 3 0x800099ec (0x8fa68d97) x27 0x0fa719ec
core   0: 0x800099f0 (0x01191eb3) sll     t4, s2, a7
core   0: 3 0x800099f0 (0x01191eb3) x29 0x00000010
core   0: 0x800099f4 (0x00b05663) bge     zero, a1, pc + 12
core   0: 3 0x800099f4 (0x00b05663)
core   0: 0x80009a00 (0x03e94e63) blt     s2, t5, pc + 60
core   0: 3 0x80009a00 (0x03e94e63)
core   0: 0x80009a04 (0x8e164413) xori    s0, a2, -1823
core   0: 3 0x80009a04 (0x8e164413) x 8 0x04f5aef1
core   0: 0x80009a08 (0x007b5293) srli    t0, s6, 7
core   0: 3 0x80009a08 (0x007b5293) x 5 0x00000000
core   0: 0x80009a0c (0x40bed133) sra     sp, t4, a1
core   0: 3 0x80009a0c (0x40bed133) x 2 0x00000000
core   0: 0x80009a10 (0x048c4263) blt     s8, s0, pc + 68
core   0: 3 0x80009a10 (0x048c4263)
core   0: 0x80009a14 (0x9f3c6413) ori     s0, s8, -1549
core   0: 3 0x80009a14 (0x9f3c6413) x 8 0xfffff9fb
core   0: 0x80009a18 (0x0ff0000f) fence   iorw,iorw
core   0: 3 0x80009a18 (0x0ff0000f)
core   0: 0x80009a1c (0x5204af93) slti    t6, s1, 1312
core   0: 3 0x80009a1c (0x5204af93) x31 0x00000000
core   0: 0x80009a20 (0x0ff0000f) fence   iorw,iorw
core   0: 3 0x80009a20 (0x0ff0000f)
core   0: 0x80009a24 (0x40d681b3) sub     gp, a3, a3
core   0: 3 0x80009a24 (0x40d681b3) x 3 0x00000000
core   0: 0x80009a28 (0x04aec863) blt     t4, a0, pc + 80
core   0: 3 0x80009a28 (0x04aec863)
core   0: 0x80009a78 (0x64d34b13) xori    s6, t1, 1613
core   0: 3 0x80009a78 (0x64d34b13) x22 0x48440e7d
core   0: 0x80009a7c (0x0000100f) fence.i
core   0: 3 0x80009a7c (0x0000100f)
core   0: 0x80009a80 (0xa8017f93) andi    t6, sp, -1408
core   0: 3 0x80009a80 (0xa8017f93) x31 0x00000000
core   0: 0x80009a84 (0x004efa33) and     s4, t4, tp
core   0: 3 0x80009a84 (0x004efa33) x20 0x00000010
core   0: 0x80009a88 (0x844f3f13) sltiu   t5, t5, -1980
core   0: 3 0x80009a88 (0x844f3f13) x30 0x00000001
core   0: 0x80009a8c (0x015a2db3) slt     s11, s4, s5
core   0: 3 0x80009a8c (0x015a2db3) x27 0x00000000
core   0: 0x80009a90 (0x035d1a63) bne     s10, s5, pc + 52
core   0: 3 0x80009a90 (0x035d1a63)
core   0: 0x80009ac4 (0x0000100f) fence.i
core   0: 3 0x80009ac4 (0x0000100f)
core   0: 0x80009ac8 (0x41ff80b3) sub     ra, t6, t6
core   0: 3 0x80009ac8 (0x41ff80b3) x 1 0x00000000
core   0: 0x80009acc (0x40615b13) srai    s6, sp, 6
core   0: 3 0x80009acc (0x40615b13) x22 0x00000000
core   0: 0x80009ad0 (0x0195dc93) srli    s9, a1, 25
core   0: 3 0x80009ad0 (0x0195dc93) x25 0x0000007f
core   0: 0x80009ad4 (0x03874663) blt     a4, s8, pc + 44
core   0: 3 0x80009ad4 (0x03874663)
core   0: 0x80009b00 (0x01d3ec63) bltu    t2, t4, pc + 24
core   0: 3 0x80009b00 (0x01d3ec63)
core   0: 0x80009b04 (0x010a1993) slli    s3, s4, 16
core   0: 3 0x80009b04 (0x010a1993) x19 0x00100000
core   0: 0x80009b08 (0x01308c63) beq     ra, s3, pc + 24
core   0: 3 0x80009b08 (0x01308c63)
core   0: 0x80009b0c (0x3cfd6393) ori     t2, s10, 975
core   0: 3 0x80009b0c (0x3cfd6393) x 7 0x80028fdf
core   0: 0x80009b10 (0x01ce1993) slli    s3, t3, 28
core   0: 3 0x80009b10 (0x01ce1993) x19 0x40000000
core   0: 0x80009b14 (0x0093e3b3) or      t2, t2, s1
core   0: 3 0x80009b14 (0x0093e3b3) x 7 0x80028fff
core   0: 0x80009b18 (0x003dc0b3) xor     ra, s11, gp
core   0: 3 0x80009b18 (0x003dc0b3) x 1 0x00000000
core   0: 0x80009b1c (0x0000100f) fence.i
core   0: 3 0x80009b1c (0x0000100f)
core   0: 0x80009b20 (0x404edc13) srai    s8, t4, 4
core   0: 3 0x80009b20 (0x404edc13) x24 0x00000001
core   0: 0x80009b24 (0x417ed013) srai    zero, t4, 23
core   0: 3 0x80009b24 (0x417ed013)
core   0: 0x80009b28 (0x05c35063) bge     t1, t3, pc + 64
core   0: 3 0x80009b28 (0x05c35063)
core   0: 0x80009b68 (0x00000013) nop
core   0: 3 0x80009b68 (0x00000013)
core   0: 0x80009b6c (0x40aa52b3) sra     t0, s4, a0
core   0: 3 0x80009b6c (0x40aa52b3) x 5 0x00000000
core   0: 0x80009b70 (0x00d1c733) xor     a4, gp, a3
core   0: 3 0x80009b70 (0x00d1c733) x14 0x00000000
core   0: 0x80009b74 (0x13b5b4b7) lui     s1, 0x13b5b
core   0: 3 0x80009b74 (0x13b5b4b7) x 9 0x13b5b000
core   0: 0x80009b78 (0x01d7e2b3) or      t0, a5, t4
core   0: 3 0x80009b78 (0x01d7e2b3) x 5 0x80028e54
core   0: 0x80009b7c (0x02e55063) bge     a0, a4, pc + 32
core   0: 3 0x80009b7c (0x02e55063)
core   0: 0x80009b9c (0x015a52b3) srl     t0, s4, s5
core   0: 3 0x80009b9c (0x015a52b3) x 5 0x00000008
core   0: 0x80009ba0 (0x0ff0000f) fence   iorw,iorw
core   0: 3 0x80009ba0 (0x0ff0000f)
core   0: 0x80009ba4 (0x00b434b3) sltu    s1, s0, a1
core   0: 3 0x80009ba4 (0x00b434b3) x 9 0x00000001
core   0: 0x80009ba8 (0x0000100f) fence.i
core   0: 3 0x80009ba8 (0x0000100f)
core   0: 0x80009bac (0x40a45e93) srai    t4, s0, 10
core   0: 3 0x80009bac (0x40a45e93) x29 0xfffffffe
core   0: 0x80009bb0 (0x2d4e7a13) andi    s4, t3, 724
core   0: 3 0x80009bb0 (0x2d4e7a13) x20 0x000000c4
core   0: 0x80009bb4 (0x0ff0000f) fence   iorw,iorw
core   0: 3 0x80009bb4 (0x0ff0000f)
core   0: 0x80009bb8 (0x00000013) nop
core   0: 3 0x80009bb8 (0x00000013)
core   0: 0x80009bbc (0x0000100f) fence.i
core   0: 3 0x80009bbc (0x0000100f)
core   0: 0x80009bc0 (0x0ff0000f) fence   iorw,iorw
core   0: 3 0x80009bc0 (0x0ff0000f)
core   0: 0x80009bc4 (0xd8ef9497) auipc   s1, 0xd8ef9
core   0: 3 0x80009bc4 (0xd8ef9497) x 9 0x58f02bc4
core   0: 0x80009bc8 (0x00d11ab3) sll     s5, sp, a3
core   0: 3 0x80009bc8 (0x00d11ab3) x21 0x00000000
core   0: 0x80009bcc (0x0019bd33) sltu    s10, s3, ra
core   0: 3 0x80009bcc (0x0019bd33) x26 0x00000000
core   0: 0x80009bd0 (0x00479493) slli    s1, a5, 4
core   0: 3 0x80009bd0 (0x00479493) x 9 0x0028e540
core   0: 0x80009bd4 (0x01386233) or      tp, a6, s3
core   0: 3 0x80009bd4 (0x01386233) x 4 0xc0000000
core   0: 0x80009bd8 (0x011845b3) xor     a1, a6, a7
core   0: 3 0x80009bd8 (0x011845b3) x11 0x0002cce4
core   0: 0x80009bdc (0x03ce6063) bltu    t3, t3, pc + 32
core   0: 3 0x80009bdc (0x03ce6063)
core   0: 0x80009be0 (0x05e8c263) blt     a7, t5, pc + 68
core   0: 3 0x80009be0 (0x05e8c263)
core   0: 0x80009c24 (0x0000100f) fence.i
core   0: 3 0x80009c24 (0x0000100f)
core   0: 0x80009c28 (0x80f64a17) auipc   s4, 0x80f64
core   0: 3 0x80009c28 (0x80f64a17) x20 0x00f6dc28
core   0: 0x80009c2c (0xa938b113) sltiu   sp, a7, -1389
core   0: 3 0x80009c2c (0xa938b113) x 2 0x00000001
core   0: 0x80009c30 (0x00d53fb3) sltu    t6, a0, a3
core   0: 3 0x80009c30 (0x00d53fb3) x31 0x00000000
core   0: 0x80009c34 (0x0000100f) fence.i
core   0: 3 0x80009c34 (0x0000100f)
core   0: 0x80009c38 (0x0146d6b3) srl     a3, a3, s4
core   0: 3 0x80009c38 (0x0146d6b3) x13 0x00000000
core   0: 0x80009c3c (0x02390a63) beq     s2, gp, pc + 52
core   0: 3 0x80009c3c (0x02390a63)
core   0: 0x80009c40 (0x007dca33) xor     s4, s11, t2
core   0: 3 0x80009c40 (0x007dca33) x20 0x80028fff
core   0: 0x80009c44 (0x415dd3b3) sra     t2, s11, s5
core   0: 3 0x80009c44 (0x415dd3b3) x 7 0x00000000
core   0: 0x80009c48 (0x4082db93) srai    s7, t0, 8
core   0: 3 0x80009c48 (0x4082db93) x23 0x00000000
core   0: 0x80009c4c (0x016f0463) beq     t5, s6, pc + 8
core   0: 3 0x80009c4c (0x016f0463)
core   0: 0x80009c50 (0x026d4e63) blt     s10, t1, pc + 60
core   0: 3 0x80009c50 (0x026d4e63)
core   0: 0x80009c8c (0x40688db3) sub     s11, a7, t1
core   0: 3 0x80009c8c (0x40688db3) x27 0x37bec4b4
core   0: 0x80009c90 (0x6f575d37) lui     s10, 0x6f575
core   0: 3 0x80009c90 (0x6f575d37) x26 0x6f575000
core   0: 0x80009c94 (0x0011ad33) slt     s10, gp, ra
core   0: 3 0x80009c94 (0x0011ad33) x26 0x00000000
core   0: 0x80009c98 (0x01cc4e33) xor     t3, s8, t3
core   0: 3 0x80009c98 (0x01cc4e33) x28 0x8002cce5
core   0: 0x80009c9c (0x4079d113) srai    sp, s3, 7
core   0: 3 0x80009c9c (0x4079d113) x 2 0x00800000
core   0: 0x80009ca0 (0x00f62733) slt     a4, a2, a5
core   0: 3 0x80009ca0 (0x00f62733) x14 0x00000000
core   0: 0x80009ca4 (0x007a7033) and     zero, s4, t2
core   0: 3 0x80009ca4 (0x007a7033)
core   0: 0x80009ca8 (0x6550e993) ori     s3, ra, 1621
core   0: 3 0x80009ca8 (0x6550e993) x19 0x00000655
core   0: 0x80009cac (0xaef8bf13) sltiu   t5, a7, -1297
core   0: 3 0x80009cac (0xaef8bf13) x30 0x00000001
core   0: 0x80009cb0 (0x01ff4033) xor     zero, t5, t6
core   0: 3 0x80009cb0 (0x01ff4033)
core   0: 0x80009cb4 (0x0000100f) fence.i
core   0: 3 0x80009cb4 (0x0000100f)
core   0: 0x80009cb8 (0x18ac2c13) slti    s8, s8, 394
core   0: 3 0x80009cb8 (0x18ac2c13) x24 0x00000001
core   0: 0x80009cbc (0xc92099b7) lui     s3, 0xc9209
core   0: 3 0x80009cbc (0xc92099b7) x19 0xc9209000
core   0: 0x80009cc0 (0x001dec63) bltu    s11, ra, pc + 24
core   0: 3 0x80009cc0 (0x001dec63)
core   0: 0x80009cc4 (0x04a27263) bgeu    tp, a0, pc + 68
core   0: 3 0x80009cc4 (0x04a27263)
core   0: 0x80009d08 (0x016c5b33) srl     s6, s8, s6
core   0: 3 0x80009d08 (0x016c5b33) x22 0x00000001
core   0: 0x80009d0c (0x2a0b8d93) addi    s11, s7, 672
core   0: 3 0x80009d0c (0x2a0b8d93) x27 0x000002a0
core   0: 0x80009d10 (0x404edb93) srai    s7, t4, 4
core   0: 3 0x80009d10 (0x404edb93) x23 0xffffffff
core   0: 0x80009d14 (0x0ff0000f) fence   iorw,iorw
core   0: 3 0x80009d14 (0x0ff0000f)
core   0: 0x80009d18 (0x9453a693) slti    a3, t2, -1723
core   0: 3 0x80009d18 (0x9453a693) x13 0x00000000
core   0: 0x80009d1c (0x02eec063) blt     t4, a4, pc + 32
core   0: 3 0x80009d1c (0x02eec063)
core   0: 0x80009d3c (0xc912a413) slti    s0, t0, -879
core   0: 3 0x80009d3c (0xc912a413) x 8 0x00000000
core   0: 0x80009d40 (0x020ee193) ori     gp, t4, 32
core   0: 3 0x80009d40 (0x020ee193) x 3 0xfffffffe
core   0: 0x80009d44 (0x00e90533) add     a0, s2, a4
core   0: 3 0x80009d44 (0x00e90533) x10 0x00000001
core   0: 0x80009d48 (0x0ff0000f) fence   iorw,iorw
core   0: 3 0x80009d48 (0x0ff0000f)
core   0: 0x80009d4c (0x0023e133) or      sp, t2, sp
core   0: 3 0x80009d4c (0x0023e133) x 2 0x00800000
core   0: 0x80009d50 (0x401c52b3) sra     t0, s8, ra
core   0: 3 0x80009d50 (0x401c52b3) x 5 0x00000001
core   0: 0x80009d54 (0x031c6663) bltu    s8, a7, pc + 44
core   0: 3 0x80009d54 (0x031c6663)
core   0: 0x80009d80 (0x4040d0b3) sra     ra, ra, tp
core   0: 3 0x80009d80 (0x4040d0b3) x 1 0x00000000
core   0: 0x80009d84 (0x07588063) beq     a7, s5, pc + 96
core   0: 3 0x80009d84 (0x07588063)
core   0: 0x80009d88 (0x930f6d93) ori     s11, t5, -1744
core   0: 3 0x80009d88 (0x930f6d93) x27 0xfffff931
core   0: 0x80009d8c (0x00ae5933) srl     s2, t3, a0
core   0: 3 0x80009d8c (0x00ae5933) x18 0x40016672
core   0: 0x80009d90 (0x00386663) bltu    a6, gp, pc + 12
core   0: 3 0x80009d90 (0x00386663)
core   0: 0x80009d9c (0x01f1fcb3) and     s9, gp, t6
core   0: 3 0x80009d9c (0x01f1fcb3) x25 0x00000000
core   0: 0x80009da0 (0x00e99433) sll     s0, s3, a4
core   0: 3 0x80009da0 (0x00e99433) x 8 0xc9209000
core   0: 0x80009da4 (0x00df5b33) srl     s6, t5, a3
core   0: 3 0x80009da4 (0x00df5b33) x22 0x00000001
core   0: 0x80009da8 (0x01387e33) and     t3, a6, s3
core   0: 3 0x80009da8 (0x01387e33) x28 0x80000000
core   0: 0x80009dac (0x01861713) slli    a4, a2, 24
core   0: 3 0x80009dac (0x01861713) x14 0x10000000
core   0: 0x80009db0 (0x01d48bb3) add     s7, s1, t4
core   0: 3 0x80009db0 (0x01d48bb3) x23 0x0028e53e
core   0: 0x80009db4 (0x01410f33) add     t5, sp, s4
core   0: 3 0x80009db4 (0x01410f33) x30 0x80828fff
core   0: 0x80009db8 (0x01e90bb7) lui     s7, 0x1e90
core   0: 3 0x80009db8 (0x01e90bb7) x23 0x01e90000
core   0: 0x80009dbc (0x2359c393) xori    t2, s3, 565
core   0: 3 0x80009dbc (0x2359c393) x 7 0xc9209235
core   0: 0x80009dc0 (0x00259c63) bne     a1, sp, pc + 24
core   0: 3 0x80009dc0 (0x00259c63)
core   0: 0x80009dd8 (0x2c8009ef) jal     s3, pc + 0x2c8
core   0: 3 0x80009dd8 (0x2c8009ef) x19 0x80009ddc
core   0: 0x8000a0a0 (0x00c7d4b3) srl     s1, a5, a2
core   0: 3 0x8000a0a0 (0x00c7d4b3) x 9 0x00008002
core   0: 0x8000a0a4 (0xfc478793) addi    a5, a5, -60
core   0: 3 0x8000a0a4 (0xfc478793) x15 0x80028e18
core   0: 0x8000a0a8 (0xcb638193) addi    gp, t2, -842
core   0: 3 0x8000a0a8 (0xcb638193) x 3 0xc9208eeb
core   0: 0x8000a0ac (0x1db9fa37) lui     s4, 0x1db9f
core   0: 3 0x8000a0ac (0x1db9fa37) x20 0x1db9f000
core   0: 0x8000a0b0 (0x00000013) nop
core   0: 3 0x8000a0b0 (0x00000013)
core   0: 0x8000a0b4 (0x00773bb3) sltu    s7, a4, t2
core   0: 3 0x8000a0b4 (0x00773bb3) x23 0x00000001
core   0: 0x8000a0b8 (0x0137a223) sw      s3, 4(a5)
core   0: 3 0x8000a0b8 (0x0137a223) mem 0x80028e1c 0x80009ddc
core   0: 0x8000a0bc (0x1f80af97) auipc   t6, 0x1f80a
core   0: 3 0x8000a0bc (0x1f80af97) x31 0x9f8140bc
core   0: 0x8000a0c0 (0xe179e513) ori     a0, s3, -489
core   0: 3 0x8000a0c0 (0xe179e513) x10 0xffffffdf
core   0: 0x8000a0c4 (0x0000100f) fence.i
core   0: 3 0x8000a0c4 (0x0000100f)
core   0: 0x8000a0c8 (0xa696b513) sltiu   a0, a3, -1431
core   0: 3 0x8000a0c8 (0xa696b513) x10 0x00000001
core   0: 0x8000a0cc (0x0000ce17) auipc   t3, 0xc
core   0: 3 0x8000a0cc (0x0000ce17) x28 0x800160cc
core   0: 0x8000a0d0 (0xc25e0e13) addi    t3, t3, -987
core   0: 3 0x8000a0d0 (0xc25e0e13) x28 0x80015cf1
core   0: 0x8000a0d4 (0x51de0aa3) sb      t4, 1301(t3)
core   0: 3 0x8000a0d4 (0x51de0aa3) mem 0x80016206 0xfe
core   0: 0x8000a0d8 (0x00009c17) auipc   s8, 0x9
core   0: 3 0x8000a0d8 (0x00009c17) x24 0x800130d8
core   0: 0x8000a0dc (0x472c0c13) addi    s8, s8, 1138
core   0: 3 0x8000a0dc (0x472c0c13) x24 0x8001354a
core   0: 0x8000a0e0 (0x5e0c1923) sh      zero, 1522(s8)
core   0: 3 0x8000a0e0 (0x5e0c1923) mem 0x80013b3c 0x0000
core   0: 0x8000a0e4 (0xc1fe1a83) lh      s5, -993(t3)
core   0: 3 0x8000a0e4 (0xc1fe1a83) x21 0x00002dad mem 0x80015910
core   0: 0x8000a0e8 (0x5abe0103) lb      sp, 1451(t3)
core   0: 3 0x8000a0e8 (0x5abe0103) x 2 0x00000025 mem 0x8001629c
core   0: 0x8000a0ec (0x5dac4183) lbu     gp, 1498(s8)
core   0: 3 0x8000a0ec (0x5dac4183) x 3 0x000000be mem 0x80013b24
core   0: 0x8000a0f0 (0xfa4e0703) lb      a4, -92(t3)
core   0: 3 0x8000a0f0 (0xfa4e0703) x14 0xffffff86 mem 0x80015c95
core   0: 0x8000a0f4 (0xcffe1403) lh      s0, -769(t3)
core   0: 3 0x8000a0f4 (0xcffe1403) x 8 0x00001e40 mem 0x800159f0
core   0: 0x8000a0f8 (0xffcc4603) lbu     a2, -4(s8)
core   0: 3 0x8000a0f8 (0xffcc4603) x12 0x00000021 mem 0x80013546
core   0: 0x8000a0fc (0x87be4083) lbu     ra, -1925(t3)
core   0: 3 0x8000a0fc (0x87be4083) x 1 0x0000003a mem 0x8001556c
core   0: 0x8000a100 (0x3fac4f83) lbu     t6, 1018(s8)
core   0: 3 0x8000a100 (0x3fac4f83) x31 0x000000dc mem 0x80013944
core   0: 0x8000a104 (0x3c7e08a3) sb      t2, 977(t3)
core   0: 3 0x8000a104 (0x3c7e08a3) mem 0x800160c2 0x35
core   0: 0x8000a108 (0x311c4383) lbu     t2, 785(s8)
core   0: 3 0x8000a108 (0x311c4383) x 7 0x00000053 mem 0x8001385b
core   0: 0x8000a10c (0xb6cc0483) lb      s1, -1172(s8)
core   0: 3 0x8000a10c (0xb6cc0483) x 9 0x00000019 mem 0x800130b6
core   0: 0x8000a110 (0x0000a117) auipc   sp, 0xa
core   0: 3 0x8000a110 (0x0000a117) x 2 0x80014110
core   0: 0x8000a114 (0xbc210113) addi    sp, sp, -1086
core   0: 3 0x8000a114 (0xbc210113) x 2 0x80013cd2
core   0: 0x8000a118 (0x0f615683) lhu     a3, 246(sp)
core   0: 3 0x8000a118 (0x0f615683) x13 0x000041b5 mem 0x80013dc8
core   0: 0x8000a11c (0x0f610b03) lb      s6, 246(sp)
core   0: 3 0x8000a11c (0x0f610b03) x22 0xffffffb5 mem 0x80013dc8
core   0: 0x8000a120 (0xf0a10003) lb      zero, -246(sp)
core   0: 3 0x8000a120 (0xf0a10003) mem 0x80013bdc
core   0: 0x8000a124 (0x60060013) addi    zero, a2, 1536
core   0: 3 0x8000a124 (0x60060013)
core   0: 0x8000a128 (0x0c914d83) lbu     s11, 201(sp)
core   0: 3 0x8000a128 (0x0c914d83) x27 0x00000020 mem 0x80013d9b
core   0: 0x8000a12c (0x0da104a3) sb      s10, 201(sp)
core   0: 3 0x8000a12c (0x0da104a3) mem 0x80013d9b 0x0
core   0: 0x8000a130 (0x06f14683) lbu     a3, 111(sp)
core   0: 3 0x8000a130 (0x06f14683) x13 0x000000a3 mem 0x80013d41
core   0: 0x8000a134 (0x01454cb3) xor     s9, a0, s4
core   0: 3 0x8000a134 (0x01454cb3) x25 0x1db9f001
core   0: 0x8000a138 (0x00000013) nop
core   0: 3 0x8000a138 (0x00000013)
core   0: 0x8000a13c (0x07f107a3) sb      t6, 111(sp)
core   0: 3 0x8000a13c (0x07f107a3) mem 0x80013d41 0xdc
core   0: 0x8000a140 (0xf4a15603) lhu     a2, -182(sp)
core   0: 3 0x8000a140 (0xf4a15603) x12 0x0000a87e mem 0x80013c1c
core   0: 0x8000a144 (0xf4a10283) lb      t0, -182(sp)
core   0: 3 0x8000a144 (0xf4a10283) x 5 0x0000007e mem 0x80013c1c
core   0: 0x8000a148 (0x07310083) lb      ra, 115(sp)
core   0: 3 0x8000a148 (0x07310083) x 1 0x00000030 mem 0x80013d45
core   0: 0x8000a14c (0x02711523) sh      t2, 42(sp)
core   0: 3 0x8000a14c (0x02711523) mem 0x80013cfc 0x0053
core   0: 0x8000a150 (0x02a12c03) lw      s8, 42(sp)
core   0: 3 0x8000a150 (0x02a12c03) x24 0x1ab80053 mem 0x80013cfc
core   0: 0x8000a154 (0xf87104a3) sb      t2, -119(sp)
core   0: 3 0x8000a154 (0xf87104a3) mem 0x80013c5b 0x53
core   0: 0x8000a158 (0x00800a93) li      s5, 8
core   0: 3 0x8000a158 (0x00800a93) x21 0x00000008
core   0: 0x8000a15c (0x009c3033) sltu    zero, s8, s1
core   0: 3 0x8000a15c (0x009c3033)
core   0: 0x8000a160 (0x839e8613) addi    a2, t4, -1991
core   0: 3 0x8000a160 (0x839e8613) x12 0xfffff837
core   0: 0x8000a164 (0x12317113) andi    sp, sp, 291
core   0: 3 0x8000a164 (0x12317113) x 2 0x00000002
core   0: 0x8000a168 (0x8a66bf93) sltiu   t6, a3, -1882
core   0: 3 0x8000a168 (0x8a66bf93) x31 0x00000001
core   0: 0x8000a16c (0x22d80613) addi    a2, a6, 557
core   0: 3 0x8000a16c (0x22d80613) x12 0x8000022d
core   0: 0x8000a170 (0x411f8533) sub     a0, t6, a7
core   0: 3 0x8000a170 (0x411f8533) x10 0x7ffd331d
core   0: 0x8000a174 (0xf187bd93) sltiu   s11, a5, -232
core   0: 3 0x8000a174 (0xf187bd93) x27 0x00000001
core   0: 0x8000a178 (0x00f00a13) li      s4, 15
core   0: 3 0x8000a178 (0x00f00a13) x20 0x0000000f
core   0: 0x8000a17c (0x0000100f) fence.i
core   0: 3 0x8000a17c (0x0000100f)
core   0: 0x8000a180 (0x00000013) nop
core   0: 3 0x8000a180 (0x00000013)
core   0: 0x8000a184 (0x41520c33) sub     s8, tp, s5
core   0: 3 0x8000a184 (0x41520c33) x24 0xbffffff8
core   0: 0x8000a188 (0x51bac417) auipc   s0, 0x51bac
core   0: 3 0x8000a188 (0x51bac417) x 8 0xd1bb6188
core   0: 0x8000a18c (0x41fb5113) srai    sp, s6, 31
core   0: 3 0x8000a18c (0x41fb5113) x 2 0xffffffff
core   0: 0x8000a190 (0x007a8a93) addi    s5, s5, 7
core   0: 3 0x8000a190 (0x007a8a93) x21 0x0000000f
core   0: 0x8000a194 (0x91920513) addi    a0, tp, -1767
core   0: 3 0x8000a194 (0x91920513) x10 0xbffff919
core   0: 0x8000a198 (0x00a6f533) and     a0, a3, a0
core   0: 3 0x8000a198 (0x00a6f533) x10 0x00000001
core   0: 0x8000a19c (0xff4ac2e3) blt     s5, s4, pc - 28
core   0: 3 0x8000a19c (0xff4ac2e3)
core   0: 0x8000a1a0 (0x01c1f433) and     s0, gp, t3
core   0: 3 0x8000a1a0 (0x01c1f433) x 8 0x000000b0
core   0: 0x8000a1a4 (0x00009117) auipc   sp, 0x9
core   0: 3 0x8000a1a4 (0x00009117) x 2 0x800131a4
core   0: 0x8000a1a8 (0x5f710113) addi    sp, sp, 1527
core   0: 3 0x8000a1a8 (0x5f710113) x 2 0x8001379b
core   0: 0x8000a1ac (0x77a10c83) lb      s9, 1914(sp)
core   0: 3 0x8000a1ac (0x77a10c83) x25 0x0000006d mem 0x80013f15
core   0: 0x8000a1b0 (0x8cb10b83) lb      s7, -1845(sp)
core   0: 3 0x8000a1b0 (0x8cb10b83) x23 0x00000038 mem 0x80013066
core   0: 0x8000a1b4 (0x17c14e03) lbu     t3, 380(sp)
core   0: 3 0x8000a1b4 (0x17c14e03) x28 0x000000ba mem 0x80013917
core   0: 0x8000a1b8 (0x00012197) auipc   gp, 0x12
core   0: 3 0x8000a1b8 (0x00012197) x 3 0x8001c1b8
core   0: 0x8000a1bc (0xdfe18193) addi    gp, gp, -514
core   0: 3 0x8000a1bc (0xdfe18193) x 3 0x8001bfb6
core   0: 0x8000a1c0 (0x1bc11da3) sh      t3, 443(sp)
core   0: 3 0x8000a1c0 (0x1bc11da3) mem 0x80013956 0x00ba
core   0: 0x8000a1c4 (0x0f61df83) lhu     t6, 246(gp)
core   0: 3 0x8000a1c4 (0x0f61df83) x31 0x00005f52 mem 0x8001c0ac
core   0: 0x8000a1c8 (0x63c14003) lbu     zero, 1596(sp)
core   0: 3 0x8000a1c8 (0x63c14003) mem 0x80013dd7
core   0: 0x8000a1cc (0xfee19703) lh      a4, -18(gp)
core   0: 3 0x8000a1cc (0xfee19703) x14 0xffffe8b4 mem 0x8001bfa4
core   0: 0x8000a1d0 (0x33a126a3) sw      s10, 813(sp)
core   0: 3 0x8000a1d0 (0x33a126a3) mem 0x80013ac8 0x00000000
core   0: 0x8000a1d4 (0x43210383) lb      t2, 1074(sp)
core   0: 3 0x8000a1d4 (0x43210383) x 7 0x0000005e mem 0x80013bcd
core   0: 0x8000a1d8 (0xf3118283) lb      t0, -207(gp)
core   0: 3 0x8000a1d8 (0xf3118283) x 5 0xffffffb0 mem 0x8001bee7
core   0: 0x8000a1dc (0xf7518a03) lb      s4, -139(gp)
core   0: 3 0x8000a1dc (0xf7518a03) x20 0xffffffc6 mem 0x8001bf2b
core   0: 0x8000a1e0 (0xca014e03) lbu     t3, -864(sp)
core   0: 3 0x8000a1e0 (0xca014e03) x28 0x0000003c mem 0x8001343b
core   0: 0x8000a1e4 (0xd3610d03) lb      s10, -714(sp)
core   0: 3 0x8000a1e4 (0xd3610d03) x26 0x00000054 mem 0x800134d1
core   0: 0x8000a1e8 (0xf7e18a23) sb      t5, -140(gp)
core   0: 3 0x8000a1e8 (0xf7e18a23) mem 0x8001bf2a 0xff
core   0: 0x8000a1ec (0x00e106a3) sb      a4, 13(sp)
core   0: 3 0x8000a1ec (0x00e106a3) mem 0x800137a8 0xb4
core   0: 0x8000a1f0 (0x00010117) auipc   sp, 0x10
core   0: 3 0x8000a1f0 (0x00010117) x 2 0x8001a1f0
core   0: 0x8000a1f4 (0x10410113) addi    sp, sp, 260
core   0: 3 0x8000a1f4 (0x10410113) x 2 0x8001a2f4
core   0: 0x8000a1f8 (0x00000013) nop
core   0: 3 0x8000a1f8 (0x00000013)
core   0: 0x8000a1fc (0x61066413) ori     s0, a2, 1552
core   0: 3 0x8000a1fc (0x61066413) x 8 0x8000063d
core   0: 0x8000a200 (0xeb8ea013) slti    zero, t4, -328
core   0: 3 0x8000a200 (0xeb8ea013)
core   0: 0x8000a204 (0x00ce9a33) sll     s4, t4, a2
core   0: 3 0x8000a204 (0x00ce9a33) x20 0xffffc000
core   0: 0x8000a208 (0x00962433) slt     s0, a2, s1
core   0: 3 0x8000a208 (0x00962433) x 8 0x00000001
core   0: 0x8000a20c (0x0004e033) or      zero, s1, zero
core   0: 3 0x8000a20c (0x0004e033)
core   0: 0x8000a210 (0xffd108a3) sb      t4, -15(sp)
core   0: 3 0x8000a210 (0xffd108a3) mem 0x8001a2e5 0xfe
core   0: 0x8000a214 (0x321ec413) xori    s0, t4, 801
core   0: 3 0x8000a214 (0x321ec413) x 8 0xfffffcdf
core   0: 0x8000a218 (0xceee8e93) addi    t4, t4, -786
core   0: 3 0x8000a218 (0xceee8e93) x29 0xfffffcec
core   0: 0x8000a21c (0x000a4633) xor     a2, s4, zero
core   0: 3 0x8000a21c (0x000a4633) x12 0xffffc000
core   0: 0x8000a220 (0x0000100f) fence.i
core   0: 3 0x8000a220 (0x0000100f)
core   0: 0x8000a224 (0x00614003) lbu     zero, 6(sp)
core   0: 3 0x8000a224 (0x00614003) mem 0x8001a2fa
core   0: 0x8000a228 (0xb91efe93) andi    t4, t4, -1135
core   0: 3 0x8000a228 (0xb91efe93) x29 0xfffff880
core   0: 0x8000a22c (0x00864633) xor     a2, a2, s0
core   0: 3 0x8000a22c (0x00864633) x12 0x00003cdf
core   0: 0x8000a230 (0x00f10003) lb      zero, 15(sp)
core   0: 3 0x8000a230 (0x00f10003) mem 0x8001a303
core   0: 0x8000a234 (0x00a10483) lb      s1, 10(sp)
core   0: 3 0x8000a234 (0x00a10483) x 9 0xffffffe0 mem 0x8001a2fe
core   0: 0x8000a238 (0x00800633) add     a2, zero, s0
core   0: 3 0x8000a238 (0x00800633) x12 0xfffffcdf
core   0: 0x8000a23c (0xffc14483) lbu     s1, -4(sp)
core   0: 3 0x8000a23c (0xffc14483) x 9 0x000000af mem 0x8001a2f0
core   0: 0x8000a240 (0x00ca24b3) slt     s1, s4, a2
core   0: 3 0x8000a240 (0x00ca24b3) x 9 0x00000001
core   0: 0x8000a244 (0x00000013) nop
core   0: 3 0x8000a244 (0x00000013)
core   0: 0x8000a248 (0xff811003) lh      zero, -8(sp)
core   0: 3 0x8000a248 (0xff811003) mem 0x8001a2ec
core   0: 0x8000a24c (0x00812823) sw      s0, 16(sp)
core   0: 3 0x8000a24c (0x00812823) mem 0x8001a304 0xfffffcdf
core   0: 0x8000a250 (0x000064b3) or      s1, zero, zero
core   0: 3 0x8000a250 (0x000064b3) x 9 0x00000000
core   0: 0x8000a254 (0xffc12e83) lw      t4, -4(sp)
core   0: 3 0x8000a254 (0xffc12e83) x29 0x6f3551af mem 0x8001a2f0
core   0: 0x8000a258 (0x62aeee93) ori     t4, t4, 1578
core   0: 3 0x8000a258 (0x62aeee93) x29 0x6f3557af
core   0: 0x8000a25c (0x009e9a33) sll     s4, t4, s1
core   0: 3 0x8000a25c (0x009e9a33) x20 0x6f3557af
core   0: 0x8000a260 (0xfe810b23) sb      s0, -10(sp)
core   0: 3 0x8000a260 (0xfe810b23) mem 0x8001a2ea 0xdf
core   0: 0x8000a264 (0x008a4eb3) xor     t4, s4, s0
core   0: 3 0x8000a264 (0x008a4eb3) x29 0x90caab70
core   0: 0x8000a268 (0x01da1eb3) sll     t4, s4, t4
core   0: 3 0x8000a268 (0x01da1eb3) x29 0x57af0000
core   0: 0x8000a26c (0x0084c4b3) xor     s1, s1, s0
core   0: 3 0x8000a26c (0x0084c4b3) x 9 0xfffffcdf
core   0: 0x8000a270 (0x01d10723) sb      t4, 14(sp)
core   0: 3 0x8000a270 (0x01d10723) mem 0x8001a302 0x0
core   0: 0x8000a274 (0x414054b3) sra     s1, zero, s4
core   0: 3 0x8000a274 (0x414054b3) x 9 0x00000000
core   0: 0x8000a278 (0x01d12623) sw      t4, 12(sp)
core   0: 3 0x8000a278 (0x01d12623) mem 0x8001a300 0x57af0000
core   0: 0x8000a27c (0x00900413) li      s0, 9
core   0: 3 0x8000a27c (0x00900413) x 8 0x00000009
core   0: 0x8000a280 (0x00c11193) slli    gp, sp, 12
core   0: 3 0x8000a280 (0x00c11193) x 3 0x1a2f4000
core   0: 0x8000a284 (0x00900d93) li      s11, 9
core   0: 3 0x8000a284 (0x00900d93) x27 0x00000009
core   0: 0x8000a288 (0x01a5d533) srl     a0, a1, s10
core   0: 3 0x8000a288 (0x01a5d533) x10 0x00000000
core   0: 0x8000a28c (0x018610b3) sll     ra, a2, s8
core   0: 3 0x8000a28c (0x018610b3) x 1 0xdf000000
core   0: 0x8000a290 (0xe18413b7) lui     t2, 0xe1841
core   0: 3 0x8000a290 (0xe18413b7) x 7 0xe1841000
core   0: 0x8000a294 (0x00000013) nop
core   0: 3 0x8000a294 (0x00000013)
core   0: 0x8000a298 (0x00084b33) xor     s6, a6, zero
core   0: 3 0x8000a298 (0x00084b33) x22 0x80000000
core   0: 0x8000a29c (0xd1217a93) andi    s5, sp, -750
core   0: 3 0x8000a29c (0xd1217a93) x21 0x8001a010
core   0: 0x8000a2a0 (0x407d0033) sub     zero, s10, t2
core   0: 3 0x8000a2a0 (0x407d0033)
core   0: 0x8000a2a4 (0xfff40413) addi    s0, s0, -1
core   0: 3 0x8000a2a4 (0xfff40413) x 8 0x00000008
core   0: 0x8000a2a8 (0x00000013) nop
core   0: 3 0x8000a2a8 (0x00000013)
core   0: 0x8000a2ac (0x00000013) nop
core   0: 3 0x8000a2ac (0x00000013)
core   0: 0x8000a2b0 (0xca886913) ori     s2, a6, -856
core   0: 3 0x8000a2b0 (0xca886913) x18 0xfffffca8
core   0: 0x8000a2b4 (0x0ff0000f) fence   iorw,iorw
core   0: 3 0x8000a2b4 (0x0ff0000f)
core   0: 0x8000a2b8 (0x01f10c33) add     s8, sp, t6
core   0: 3 0x8000a2b8 (0x01f10c33) x24 0x80020246
core   0: 0x8000a2bc (0xffb470e3) bgeu    s0, s11, pc - 32
core   0: 3 0x8000a2bc (0xffb470e3)
core   0: 0x8000a2c0 (0x5cdc7993) andi    s3, s8, 1485
core   0: 3 0x8000a2c0 (0x5cdc7993) x19 0x00000044
core   0: 0x8000a2c4 (0x0000ab97) auipc   s7, 0xa
core   0: 3 0x8000a2c4 (0x0000ab97) x23 0x800142c4
core   0: 0x8000a2c8 (0x97eb8b93) addi    s7, s7, -1666
core   0: 3 0x8000a2c8 (0x97eb8b93) x23 0x80013c42
core   0: 0x8000a2cc (0x001b8603) lb      a2, 1(s7)
core   0: 3 0x8000a2cc (0x001b8603) x12 0xffffffa8 mem 0x80013c43
core   0: 0x8000a2d0 (0x00000013) nop
core   0: 3 0x8000a2d0 (0x00000013)
core   0: 0x8000a2d4 (0x00185133) srl     sp, a6, ra
core   0: 3 0x8000a2d4 (0x00185133) x 2 0x80000000
core   0: 0x8000a2d8 (0x589cc193) xori    gp, s9, 1417
core   0: 3 0x8000a2d8 (0x589cc193) x 3 0x000005e4
core   0: 0x8000a2dc (0xffcb9e83) lh      t4, -4(s7)
core   0: 3 0x8000a2dc (0xffcb9e83) x29 0xffffaed3 mem 0x80013c3e
core   0: 0x8000a2e0 (0x000b8103) lb      sp, 0(s7)
core   0: 3 0x8000a2e0 (0x000b8103) x 2 0x0000003c mem 0x80013c42
core   0: 0x8000a2e4 (0xff9bcc03) lbu     s8, -7(s7)
core   0: 3 0x8000a2e4 (0xff9bcc03) x24 0x00000051 mem 0x80013c3b
core   0: 0x8000a2e8 (0xfedbad23) sw      a3, -6(s7)
core   0: 3 0x8000a2e8 (0xfedbad23) mem 0x80013c3c 0x000000a3
core   0: 0x8000a2ec (0x002b1713) slli    a4, s6, 2
core   0: 3 0x8000a2ec (0x002b1713) x14 0x00000000
core   0: 0x8000a2f0 (0x00000013) nop
core   0: 3 0x8000a2f0 (0x00000013)
core   0: 0x8000a2f4 (0x91f3cc13) xori    s8, t2, -1761
core   0: 3 0x8000a2f4 (0x91f3cc13) x24 0x1e7be91f
core   0: 0x8000a2f8 (0x118c6293) ori     t0, s8, 280
core   0: 3 0x8000a2f8 (0x118c6293) x 5 0x1e7be91f
core   0: 0x8000a2fc (0x00abd583) lhu     a1, 10(s7)
core   0: 3 0x8000a2fc (0x00abd583) x11 0x0000191e mem 0x80013c4c
core   0: 0x8000a300 (0x0000100f) fence.i
core   0: 3 0x8000a300 (0x0000100f)
core   0: 0x8000a304 (0xb55e0293) addi    t0, t3, -1195
core   0: 3 0x8000a304 (0xb55e0293) x 5 0xfffffb91
core   0: 0x8000a308 (0x004b9703) lh      a4, 4(s7)
core   0: 3 0x8000a308 (0x004b9703) x14 0xffffce5e mem 0x80013c46
core   0: 0x8000a30c (0x4b128913) addi    s2, t0, 1201
core   0: 3 0x8000a30c (0x4b128913) x18 0x00000042
core   0: 0x8000a310 (0x007b8703) lb      a4, 7(s7)
core   0: 3 0x8000a310 (0x007b8703) x14 0xffffff9d mem 0x80013c49
core   0: 0x8000a314 (0xfffb8a03) lb      s4, -1(s7)
core   0: 3 0x8000a314 (0xfffb8a03) x20 0xfffffff8 mem 0x80013c41
core   0: 0x8000a318 (0x2d012613) slti    a2, sp, 720
core   0: 3 0x8000a318 (0x2d012613) x12 0x00000001
core   0: 0x8000a31c (0x6efc0fb7) lui     t6, 0x6efc0
core   0: 3 0x8000a31c (0x6efc0fb7) x31 0x6efc0000
core   0: 0x8000a320 (0xff9b8c23) sb      s9, -8(s7)
core   0: 3 0x8000a320 (0xff9b8c23) mem 0x80013c3a 0x6d
core   0: 0x8000a324 (0xff6bd983) lhu     s3, -10(s7)
core   0: 3 0x8000a324 (0xff6bd983) x19 0x0000d83a mem 0x80013c38
core   0: 0x8000a328 (0x00000013) nop
core   0: 3 0x8000a328 (0x00000013)
core   0: 0x8000a32c (0xff8b8d83) lb      s11, -8(s7)
core   0: 3 0x8000a32c (0xff8b8d83) x27 0x0000006d mem 0x80013c3a
core   0: 0x8000a330 (0x00000013) nop
core   0: 3 0x8000a330 (0x00000013)
core   0: 0x8000a334 (0x011e1113) slli    sp, t3, 17
core   0: 3 0x8000a334 (0x011e1113) x 2 0x00780000
core   0: 0x8000a338 (0xff9bcc03) lbu     s8, -7(s7)
core   0: 3 0x8000a338 (0xff9bcc03) x24 0x00000051 mem 0x80013c3b
core   0: 0x8000a33c (0x017b42b3) xor     t0, s6, s7
core   0: 3 0x8000a33c (0x017b42b3) x 5 0x00013c42
core   0: 0x8000a340 (0x40050b33) sub     s6, a0, zero
core   0: 3 0x8000a340 (0x40050b33) x22 0x00000000
core   0: 0x8000a344 (0xff2b9003) lh      zero, -14(s7)
core   0: 3 0x8000a344 (0xff2b9003) mem 0x80013c34
core   0: 0x8000a348 (0x00fb8e03) lb      t3, 15(s7)
core   0: 3 0x8000a348 (0x00fb8e03) x28 0xffffff86 mem 0x80013c51
core   0: 0x8000a34c (0x010009ef) jal     s3, pc + 0x10
core   0: 3 0x8000a34c (0x010009ef) x19 0x8000a350
core   0: 0x8000a35c (0x00c000ef) jal     pc + 0xc
core   0: 3 0x8000a35c (0x00c000ef) x 1 0x8000a360
core   0: 0x8000a368 (0xffdff0ef) jal     pc - 0x4
core   0: 3 0x8000a368 (0xffdff0ef) x 1 0x8000a36c
core   0: 0x8000a364 (0x0080026f) jal     tp, pc + 0x8
core   0: 3 0x8000a364 (0x0080026f) x 4 0x8000a368
core   0: 0x8000a36c (0x004000ef) jal     pc + 0x4
core   0: 3 0x8000a36c (0x004000ef) x 1 0x8000a370
core   0: 0x8000a370 (0xfe5ff3ef) jal     t2, pc - 0x1c
core   0: 3 0x8000a370 (0xfe5ff3ef) x 7 0x8000a374
core   0: 0x8000a354 (0xffdff0ef) jal     pc - 0x4
core   0: 3 0x8000a354 (0xffdff0ef) x 1 0x8000a358
core   0: 0x8000a350 (0x008000ef) jal     pc + 0x8
core   0: 3 0x8000a350 (0x008000ef) x 1 0x8000a354
core   0: 0x8000a358 (0x01c000ef) jal     pc + 0x1c
core   0: 3 0x8000a358 (0x01c000ef) x 1 0x8000a35c
core   0: 0x8000a374 (0xfedff0ef) jal     pc - 0x14
core   0: 3 0x8000a374 (0xfedff0ef) x 1 0x8000a378
core   0: 0x8000a360 (0x018000ef) jal     pc + 0x18
core   0: 3 0x8000a360 (0x018000ef) x 1 0x8000a364
core   0: 0x8000a378 (0x0ff0000f) fence   iorw,iorw
core   0: 3 0x8000a378 (0x0ff0000f)
core   0: 0x8000a37c (0x00009f97) auipc   t6, 0x9
core   0: 3 0x8000a37c (0x00009f97) x31 0x8001337c
core   0: 0x8000a380 (0x039f8f93) addi    t6, t6, 57
core   0: 3 0x8000a380 (0x039f8f93) x31 0x800133b5
core   0: 0x8000a384 (0x0000b697) auipc   a3, 0xb
core   0: 3 0x8000a384 (0x0000b697) x13 0x80015384
core   0: 0x8000a388 (0x5d168693) addi    a3, a3, 1489
core   0: 3 0x8000a388 (0x5d168693) x13 0x80015955
core   0: 0x8000a38c (0xbd2692a3) sh      s2, -1083(a3)
core   0: 3 0x8000a38c (0xbd2692a3) mem 0x8001551a 0x0042
core   0: 0x8000a390 (0xff4f8b23) sb      s4, -10(t6)
core   0: 3 0x8000a390 (0xff4f8b23) mem 0x800133ab 0xf8
core   0: 0x8000a394 (0xff4fc983) lbu     s3, -12(t6)
core   0: 3 0x8000a394 (0xff4fc983) x19 0x000000a8 mem 0x800133a9
core   0: 0x8000a398 (0xf8468a23) sb      tp, -108(a3)
core   0: 3 0x8000a398 (0xf8468a23) mem 0x800158e9 0x68
core   0: 0x8000a39c (0x005fd403) lhu     s0, 5(t6)
core   0: 3 0x8000a39c (0x005fd403) x 8 0x000027ba mem 0x800133ba
core   0: 0x8000a3a0 (0x0f768a03) lb      s4, 247(a3)
core   0: 3 0x8000a3a0 (0x0f768a03) x20 0x00000057 mem 0x80015a4c
core   0: 0x8000a3a4 (0x7e66c603) lbu     a2, 2022(a3)
core   0: 3 0x8000a3a4 (0x7e66c603) x12 0x00000054 mem 0x8001613b
core   0: 0x8000a3a8 (0xfe7f8903) lb      s2, -25(t6)
core   0: 3 0x8000a3a8 (0xfe7f8903) x18 0xffffffe8 mem 0x8001339c
core   0: 0x8000a3ac (0x6416ada3) sw      ra, 1627(a3)
core   0: 3 0x8000a3ac (0x6416ada3) mem 0x80015fb0 0x8000a364
core   0: 0x8000a3b0 (0x02efc103) lbu     sp, 46(t6)
core   0: 3 0x8000a3b0 (0x02efc103) x 2 0x000000f8 mem 0x800133e3
core   0: 0x8000a3b4 (0xfe2f99a3) sh      sp, -13(t6)
core   0: 3 0x8000a3b4 (0xfe2f99a3) mem 0x800133a8 0x00f8
core   0: 0x8000a3b8 (0xa396cb83) lbu     s7, -1479(a3)
core   0: 3 0x8000a3b8 (0xa396cb83) x23 0x000000ff mem 0x8001538e
core   0: 0x8000a3bc (0x02bf8303) lb      t1, 43(t6)
core   0: 3 0x8000a3bc (0x02bf8303) x 6 0xffffffc8 mem 0x800133e0
core   0: 0x8000a3c0 (0xfd7fa7a3) sw      s7, -49(t6)
core   0: 3 0x8000a3c0 (0xfd7fa7a3) mem 0x80013384 0x000000ff
core   0: 0x8000a3c4 (0x56568583) lb      a1, 1381(a3)
core   0: 3 0x8000a3c4 (0x56568583) x11 0x00000063 mem 0x80015eba
core   0: 0x8000a3c8 (0x023fd003) lhu     zero, 35(t6)
core   0: 3 0x8000a3c8 (0x023fd003) mem 0x800133d8
core   0: 0x8000a3cc (0x4b96d083) lhu     ra, 1209(a3)
core   0: 3 0x8000a3cc (0x4b96d083) x 1 0x000028c3 mem 0x80015e0e
core   0: 0x8000a3d0 (0x00011117) auipc   sp, 0x11
core   0: 3 0x8000a3d0 (0x00011117) x 2 0x8001b3d0
core   0: 0x8000a3d4 (0xdd110113) addi    sp, sp, -559
core   0: 3 0x8000a3d4 (0xdd110113) x 2 0x8001b1a1
core   0: 0x8000a3d8 (0x31d92a13) slti    s4, s2, 797
core   0: 3 0x8000a3d8 (0x31d92a13) x20 0x00000001
core   0: 0x8000a3dc (0x0c311a03) lh      s4, 195(sp)
core   0: 3 0x8000a3dc (0x0c311a03) x20 0xffffd8b4 mem 0x8001b264
core   0: 0x8000a3e0 (0x0fc10703) lb      a4, 252(sp)
core   0: 3 0x8000a3e0 (0x0fc10703) x14 0x00000037 mem 0x8001b29d
core   0: 0x8000a3e4 (0x39c4a717) auipc   a4, 0x39c4a
core   0: 3 0x8000a3e4 (0x39c4a717) x14 0xb9c543e4
core   0: 0x8000a3e8 (0xfd211ba3) sh      s2, -41(sp)
core   0: 3 0x8000a3e8 (0xfd211ba3) mem 0x8001b178 0xffe8
core   0: 0x8000a3ec (0xc6127997) auipc   s3, 0xc6127
core   0: 3 0x8000a3ec (0xc6127997) x19 0x461313ec
core   0: 0x8000a3f0 (0x8dc9c713) xori    a4, s3, -1828
core   0: 3 0x8000a3f0 (0x8dc9c713) x14 0xb9eceb30
core   0: 0x8000a3f4 (0x01472733) slt     a4, a4, s4
core   0: 3 0x8000a3f4 (0x01472733) x14 0x00000001
core   0: 0x8000a3f8 (0x0d410423) sb      s4, 200(sp)
core   0: 3 0x8000a3f8 (0x0d410423) mem 0x8001b269 0xb4
core   0: 0x8000a3fc (0x01491a33) sll     s4, s2, s4
core   0: 3 0x8000a3fc (0x01491a33) x20 0xfe800000
core   0: 0x8000a400 (0x40e75933) sra     s2, a4, a4
core   0: 3 0x8000a400 (0x40e75933) x18 0x00000000
core   0: 0x8000a404 (0x00214a03) lbu     s4, 2(sp)
core   0: 3 0x8000a404 (0x00214a03) x20 0x00000049 mem 0x8001b1a3
core   0: 0x8000a408 (0x00e11ca3) sh      a4, 25(sp)
core   0: 3 0x8000a408 (0x00e11ca3) mem 0x8001b1ba 0x0001
core   0: 0x8000a40c (0xf7910c03) lb      s8, -135(sp)
core   0: 3 0x8000a40c (0xf7910c03) x24 0x0000003b mem 0x8001b11a
core   0: 0x8000a410 (0x01372733) slt     a4, a4, s3
core   0: 3 0x8000a410 (0x01372733) x14 0x00000001
core   0: 0x8000a414 (0x01410623) sb      s4, 12(sp)
core   0: 3 0x8000a414 (0x01410623) mem 0x8001b1ad 0x49
core   0: 0x8000a418 (0xf8010a03) lb      s4, -128(sp)
core   0: 3 0x8000a418 (0xf8010a03) x20 0xffffff9f mem 0x8001b121
core   0: 0x8000a41c (0x00ec3a33) sltu    s4, s8, a4
core   0: 3 0x8000a41c (0x00ec3a33) x20 0x00000000
core   0: 0x8000a420 (0x00000013) nop
core   0: 3 0x8000a420 (0x00000013)
core   0: 0x8000a424 (0x3fac7713) andi    a4, s8, 1018
core   0: 3 0x8000a424 (0x3fac7713) x14 0x0000003a
core   0: 0x8000a428 (0x01475a33) srl     s4, a4, s4
core   0: 3 0x8000a428 (0x01475a33) x20 0x0000003a
core   0: 0x8000a42c (0x07e10903) lb      s2, 126(sp)
core   0: 3 0x8000a42c (0x07e10903) x18 0x00000022 mem 0x8001b21f
core   0: 0x8000a430 (0x00000013) nop
core   0: 3 0x8000a430 (0x00000013)
core   0: 0x8000a434 (0x01443733) sltu    a4, s0, s4
core   0: 3 0x8000a434 (0x01443733) x14 0x00000000
core   0: 0x8000a438 (0xfb810c03) lb      s8, -72(sp)
core   0: 3 0x8000a438 (0xfb810c03) x24 0xfffffff8 mem 0x8001b159
core   0: 0x8000a43c (0x3ab5dc17) auipc   s8, 0x3ab5d
core   0: 3 0x8000a43c (0x3ab5dc17) x24 0xbab6743c
core   0: 0x8000a440 (0x413c09b3) sub     s3, s8, s3
core   0: 3 0x8000a440 (0x413c09b3) x19 0x74a36050
core   0: 0x8000a444 (0x00e71c33) sll     s8, a4, a4
core   0: 3 0x8000a444 (0x00e71c33) x24 0x00000000
core   0: 0x8000a448 (0x008a29b3) slt     s3, s4, s0
core   0: 3 0x8000a448 (0x008a29b3) x19 0x00000001
core   0: 0x8000a44c (0x8cc57937) lui     s2, 0x8cc57
core   0: 3 0x8000a44c (0x8cc57937) x18 0x8cc57000
core   0: 0x8000a450 (0x0000100f) fence.i
core   0: 3 0x8000a450 (0x0000100f)
core   0: 0x8000a454 (0x95b9c993) xori    s3, s3, -1701
core   0: 3 0x8000a454 (0x95b9c993) x19 0xfffff95a
core   0: 0x8000a458 (0x00e989b3) add     s3, s3, a4
core   0: 3 0x8000a458 (0x00e989b3) x19 0xfffff95a
core   0: 0x8000a45c (0xf9010983) lb      s3, -112(sp)
core   0: 3 0x8000a45c (0xf9010983) x19 0xffffff85 mem 0x8001b131
core   0: 0x8000a460 (0x7ae9b713) sltiu   a4, s3, 1966
core   0: 3 0x8000a460 (0x7ae9b713) x14 0x00000000
core   0: 0x8000a464 (0x00c71c13) slli    s8, a4, 12
core   0: 3 0x8000a464 (0x00c71c13) x24 0x00000000
core   0: 0x8000a468 (0x00000013) nop
core   0: 3 0x8000a468 (0x00000013)
core   0: 0x8000a46c (0x01440a33) add     s4, s0, s4
core   0: 3 0x8000a46c (0x01440a33) x20 0x000027f4
core   0: 0x8000a470 (0xf5310ca3) sb      s3, -167(sp)
core   0: 3 0x8000a470 (0xf5310ca3) mem 0x8001b0fa 0x85
core   0: 0x8000a474 (0x00010517) auipc   a0, 0x10
core   0: 3 0x8000a474 (0x00010517) x10 0x8001a474
core   0: 0x8000a478 (0x2da50513) addi    a0, a0, 730
core   0: 3 0x8000a478 (0x2da50513) x10 0x8001a74e
core   0: 0x8000a47c (0x4f01c193) xori    gp, gp, 1264
core   0: 3 0x8000a47c (0x4f01c193) x 3 0x00000114
core   0: 0x8000a480 (0x2200f197) auipc   gp, 0x2200f
core   0: 3 0x8000a480 (0x2200f197) x 3 0xa2019480
core   0: 0x8000a484 (0x9d813693) sltiu   a3, sp, -1576
core   0: 3 0x8000a484 (0x9d813693) x13 0x00000001
core   0: 0x8000a488 (0x00a69613) slli    a2, a3, 10
core   0: 3 0x8000a488 (0x00a69613) x12 0x00000400
core   0: 0x8000a48c (0x0000100f) fence.i
core   0: 3 0x8000a48c (0x0000100f)
core   0: 0x8000a490 (0x00000013) nop
core   0: 3 0x8000a490 (0x00000013)
core   0: 0x8000a494 (0x00950603) lb      a2, 9(a0)
core   0: 3 0x8000a494 (0x00950603) x12 0x00000028 mem 0x8001a757
core   0: 0x8000a498 (0x00c601b3) add     gp, a2, a2
core   0: 3 0x8000a498 (0x00c601b3) x 3 0x00000050
core   0: 0x8000a49c (0x00365633) srl     a2, a2, gp
core   0: 3 0x8000a49c (0x00365633) x12 0x00000000
core   0: 0x8000a4a0 (0x74f1c097) auipc   ra, 0x74f1c
core   0: 3 0x8000a4a0 (0x74f1c097) x 1 0xf4f264a0
core   0: 0x8000a4a4 (0x00000013) nop
core   0: 3 0x8000a4a4 (0x00000013)
core   0: 0x8000a4a8 (0xffe50483) lb      s1, -2(a0)
core   0: 3 0x8000a4a8 (0xffe50483) x 9 0xffffffe3 mem 0x8001a74c
core   0: 0x8000a4ac (0x003500a3) sb      gp, 1(a0)
core   0: 3 0x8000a4ac (0x003500a3) mem 0x8001a74f 0x50
core   0: 0x8000a4b0 (0xfa167093) andi    ra, a2, -95
core   0: 3 0x8000a4b0 (0xfa167093) x 1 0x00000000
core   0: 0x8000a4b4 (0x0090f633) and     a2, ra, s1
core   0: 3 0x8000a4b4 (0x0090f633) x12 0x00000000
core   0: 0x8000a4b8 (0x00054603) lbu     a2, 0(a0)
core   0: 3 0x8000a4b8 (0x00054603) x12 0x000000bf mem 0x8001a74e
core   0: 0x8000a4bc (0x91e1f613) andi    a2, gp, -1762
core   0: 3 0x8000a4bc (0x91e1f613) x12 0x00000010
core   0: 0x8000a4c0 (0x00000013) nop
core   0: 3 0x8000a4c0 (0x00000013)
core   0: 0x8000a4c4 (0x00d0c6b3) xor     a3, ra, a3
core   0: 3 0x8000a4c4 (0x00d0c6b3) x13 0x00000001
core   0: 0x8000a4c8 (0x0094b1b3) sltu    gp, s1, s1
core   0: 3 0x8000a4c8 (0x0094b1b3) x 3 0x00000000
core   0: 0x8000a4cc (0x0000100f) fence.i
core   0: 3 0x8000a4cc (0x0000100f)
core   0: 0x8000a4d0 (0x00d65633) srl     a2, a2, a3
core   0: 3 0x8000a4d0 (0x00d65633) x12 0x00000008
core   0: 0x8000a4d4 (0x40b4d613) srai    a2, s1, 11
core   0: 3 0x8000a4d4 (0x40b4d613) x12 0xffffffff
core   0: 0x8000a4d8 (0x00c1b4b3) sltu    s1, gp, a2
core   0: 3 0x8000a4d8 (0x00c1b4b3) x 9 0x00000001
core   0: 0x8000a4dc (0x00754183) lbu     gp, 7(a0)
core   0: 3 0x8000a4dc (0x00754183) x 3 0x00000060 mem 0x8001a755
core   0: 0x8000a4e0 (0x009111b3) sll     gp, sp, s1
core   0: 3 0x8000a4e0 (0x009111b3) x 3 0x00036342
core   0: 0x8000a4e4 (0x00051183) lh      gp, 0(a0)
core   0: 3 0x8000a4e4 (0x00051183) x 3 0x000050bf mem 0x8001a74e
core   0: 0x8000a4e8 (0xfed50da3) sb      a3, -5(a0)
core   0: 3 0x8000a4e8 (0xfed50da3) mem 0x8001a749 0x1
core   0: 0x8000a4ec (0x00d0f1b3) and     gp, ra, a3
core   0: 3 0x8000a4ec (0x00d0f1b3) x 3 0x00000000
core   0: 0x8000a4f0 (0x0000100f) fence.i
core   0: 3 0x8000a4f0 (0x0000100f)
core   0: 0x8000a4f4 (0x003154b3) srl     s1, sp, gp
core   0: 3 0x8000a4f4 (0x003154b3) x 9 0x8001b1a1
core   0: 0x8000a4f8 (0x00b54683) lbu     a3, 11(a0)
core   0: 3 0x8000a4f8 (0x00b54683) x13 0x0000003a mem 0x8001a759
core   0: 0x8000a4fc (0x01319493) slli    s1, gp, 19
core   0: 3 0x8000a4fc (0x01319493) x 9 0x00000000
core   0: 0x8000a500 (0x00350083) lb      ra, 3(a0)
core   0: 3 0x8000a500 (0x00350083) x 1 0x00000021 mem 0x8001a751
core   0: 0x8000a504 (0x00f54183) lbu     gp, 15(a0)
core   0: 3 0x8000a504 (0x00f54183) x 3 0x00000061 mem 0x8001a75d
core   0: 0x8000a508 (0x00d54683) lbu     a3, 13(a0)
core   0: 3 0x8000a508 (0x00d54683) x13 0x000000b3 mem 0x8001a75b
core   0: 0x8000a50c (0x0096e633) or      a2, a3, s1
core   0: 3 0x8000a50c (0x0096e633) x12 0x000000b3
core   0: 0x8000a510 (0x40d6d633) sra     a2, a3, a3
core   0: 3 0x8000a510 (0x40d6d633) x12 0x00000000
core   0: 0x8000a514 (0xff054083) lbu     ra, -16(a0)
core   0: 3 0x8000a514 (0xff054083) x 1 0x0000000b mem 0x8001a73e
core   0: 0x8000a518 (0x0000100f) fence.i
core   0: 3 0x8000a518 (0x0000100f)
core   0: 0x8000a51c (0x24ff0617) auipc   a2, 0x24ff0
core   0: 3 0x8000a51c (0x24ff0617) x12 0xa4ffa51c
core   0: 0x8000a520 (0xfe352d23) sw      gp, -6(a0)
core   0: 3 0x8000a520 (0xfe352d23) mem 0x8001a748 0x00000061
core   0: 0x8000a524 (0x0000a117) auipc   sp, 0xa
core   0: 3 0x8000a524 (0x0000a117) x 2 0x80014524
core   0: 0x8000a528 (0x9c910113) addi    sp, sp, -1591
core   0: 3 0x8000a528 (0x9c910113) x 2 0x80013eed
core   0: 0x8000a52c (0x03510e23) sb      s5, 60(sp)
core   0: 3 0x8000a52c (0x03510e23) mem 0x80013f29 0x10
core   0: 0x8000a530 (0x03c14a83) lbu     s5, 60(sp)
core   0: 3 0x8000a530 (0x03c14a83) x21 0x00000010 mem 0x80013f29
core   0: 0x8000a534 (0xf2612da3) sw      t1, -197(sp)
core   0: 3 0x8000a534 (0xf2612da3) mem 0x80013e28 0xffffffc8
core   0: 0x8000a538 (0xf3910da3) sb      s9, -197(sp)
core   0: 3 0x8000a538 (0xf3910da3) mem 0x80013e28 0x6d
core   0: 0x8000a53c (0x01100cb3) add     s9, zero, a7
core   0: 3 0x8000a53c (0x01100cb3) x25 0x8002cce4
core   0: 0x8000a540 (0x06c10023) sb      a2, 96(sp)
core   0: 3 0x8000a540 (0x06c10023) mem 0x80013f4d 0x1c
core   0: 0x8000a544 (0x01f10483) lb      s1, 31(sp)
core   0: 3 0x8000a544 (0x01f10483) x 9 0x00000000 mem 0x80013f0c
core   0: 0x8000a548 (0x01f15503) lhu     a0, 31(sp)
core   0: 3 0x8000a548 (0x01f15503) x10 0x00003000 mem 0x80013f0c
core   0: 0x8000a54c (0x01f744b3) xor     s1, a4, t6
core   0: 3 0x8000a54c (0x01f744b3) x 9 0x800133b5
core   0: 0x8000a550 (0x9760b913) sltiu   s2, ra, -1674
core   0: 3 0x8000a550 (0x9760b913) x18 0x00000001
core   0: 0x8000a554 (0xf8115603) lhu     a2, -127(sp)
core   0: 3 0x8000a554 (0xf8115603) x12 0x0000d531 mem 0x80013e6e
core   0: 0x8000a558 (0xf5014183) lbu     gp, -176(sp)
core   0: 3 0x8000a558 (0xf5014183) x 3 0x0000003b mem 0x80013e3d
core   0: 0x8000a55c (0xf5014c83) lbu     s9, -176(sp)
core   0: 3 0x8000a55c (0xf5014c83) x25 0x0000003b mem 0x80013e3d
core   0: 0x8000a560 (0xf5014b83) lbu     s7, -176(sp)
core   0: 3 0x8000a560 (0xf5014b83) x23 0x0000003b mem 0x80013e3d
core   0: 0x8000a564 (0xf5276713) ori     a4, a4, -174
core   0: 3 0x8000a564 (0xf5276713) x14 0xffffff52
core   0: 0x8000a568 (0xf5010503) lb      a0, -176(sp)
core   0: 3 0x8000a568 (0xf5010503) x10 0x0000003b mem 0x80013e3d
core   0: 0x8000a56c (0xf5014303) lbu     t1, -176(sp)
core   0: 3 0x8000a56c (0xf5014303) x 6 0x0000003b mem 0x80013e3d
core   0: 0x8000a570 (0xf5014e03) lbu     t3, -176(sp)
core   0: 3 0x8000a570 (0xf5014e03) x28 0x0000003b mem 0x80013e3d
core   0: 0x8000a574 (0xf5014283) lbu     t0, -176(sp)
core   0: 3 0x8000a574 (0xf5014283) x 5 0x0000003b mem 0x80013e3d
core   0: 0x8000a578 (0x08c112a3) sh      a2, 133(sp)
core   0: 3 0x8000a578 (0x08c112a3) mem 0x80013f72 0xd531
core   0: 0x8000a57c (0xf6b10a83) lb      s5, -149(sp)
core   0: 3 0x8000a57c (0xf6b10a83) x21 0xffffffc3 mem 0x80013e58
core   0: 0x8000a580 (0xfd710e23) sb      s7, -36(sp)
core   0: 3 0x8000a580 (0xfd710e23) mem 0x80013ec9 0x3b
core   0: 0x8000a584 (0x0c7117a3) sh      t2, 207(sp)
core   0: 3 0x8000a584 (0x0c7117a3) mem 0x80013fbc 0xa374
core   0: 0x8000a588 (0xfbe129a3) sw      t5, -77(sp)
core   0: 3 0x8000a588 (0xfbe129a3) mem 0x80013ea0 0x80828fff
core   0: 0x8000a58c (0x0000d417) auipc   s0, 0xd
core   0: 3 0x8000a58c (0x0000d417) x 8 0x8001758c
core   0: 0x8000a590 (0xa5540413) addi    s0, s0, -1451
core   0: 3 0x8000a590 (0xa5540413) x 8 0x80016fe1
core   0: 0x8000a594 (0x0015d033) srl     zero, a1, ra
core   0: 3 0x8000a594 (0x0015d033)
core   0: 0x8000a598 (0xfc844a83) lbu     s5, -56(s0)
core   0: 3 0x8000a598 (0xfc844a83) x21 0x0000004c mem 0x80016fa9
core   0: 0x8000a59c (0x4128dc93) srai    s9, a7, 18
core   0: 3 0x8000a59c (0x4128dc93) x25 0xffffe000
core   0: 0x8000a5a0 (0x31e67293) andi    t0, a2, 798
core   0: 3 0x8000a5a0 (0x31e67293) x 5 0x00000110
core   0: 0x8000a5a4 (0x01205013) srli    zero, zero, 18
core   0: 3 0x8000a5a4 (0x01205013)
core   0: 0x8000a5a8 (0xfd844c03) lbu     s8, -40(s0)
core   0: 3 0x8000a5a8 (0xfd844c03) x24 0x000000e8 mem 0x80016fb9
core   0: 0x8000a5ac (0x03541ca3) sh      s5, 57(s0)
core   0: 3 0x8000a5ac (0x03541ca3) mem 0x8001701a 0x004c
core   0: 0x8000a5b0 (0x00895e13) srli    t3, s2, 8
core   0: 3 0x8000a5b0 (0x00895e13) x28 0x00000000
core   0: 0x8000a5b4 (0x14060e13) addi    t3, a2, 320
core   0: 3 0x8000a5b4 (0x14060e13) x28 0x0000d671
core   0: 0x8000a5b8 (0x01b44983) lbu     s3, 27(s0)
core   0: 3 0x8000a5b8 (0x01b44983) x19 0x000000a7 mem 0x80016ffc
core   0: 0x8000a5bc (0x03740083) lb      ra, 55(s0)
core   0: 3 0x8000a5bc (0x03740083) x 1 0x0000005e mem 0x80017018
core   0: 0x8000a5c0 (0xfec44e83) lbu     t4, -20(s0)
core   0: 3 0x8000a5c0 (0xfec44e83) x29 0x000000f2 mem 0x80016fcd
core   0: 0x8000a5c4 (0x0169f6b3) and     a3, s3, s6
core   0: 3 0x8000a5c4 (0x0169f6b3) x13 0x00000000
core   0: 0x8000a5c8 (0x0000100f) fence.i
core   0: 3 0x8000a5c8 (0x0000100f)
core   0: 0x8000a5cc (0x01b40083) lb      ra, 27(s0)
core   0: 3 0x8000a5cc (0x01b40083) x 1 0xffffffa7 mem 0x80016ffc
core   0: 0x8000a5d0 (0x01d45903) lhu     s2, 29(s0)
core   0: 3 0x8000a5d0 (0x01d45903) x18 0x000072fc mem 0x80016ffe
core   0: 0x8000a5d4 (0xff145483) lhu     s1, -15(s0)
core   0: 3 0x8000a5d4 (0xff145483) x 9 0x000041c0 mem 0x80016fd2
core   0: 0x8000a5d8 (0xfd981637) lui     a2, 0xfd981
core   0: 3 0x8000a5d8 (0xfd981637) x12 0xfd981000
core   0: 0x8000a5dc (0x40bc01b3) sub     gp, s8, a1
core   0: 3 0x8000a5dc (0x40bc01b3) x 3 0x00000085
core   0: 0x8000a5e0 (0x016ebb33) sltu    s6, t4, s6
core   0: 3 0x8000a5e0 (0x016ebb33) x22 0x00000000
core   0: 0x8000a5e4 (0x00f375b3) and     a1, t1, a5
core   0: 3 0x8000a5e4 (0x00f375b3) x11 0x00000018
core   0: 0x8000a5e8 (0x41bb5a33) sra     s4, s6, s11
core   0: 3 0x8000a5e8 (0x41bb5a33) x20 0x00000000
core   0: 0x8000a5ec (0x29deaa17) auipc   s4, 0x29dea
core   0: 3 0x8000a5ec (0x29deaa17) x20 0xa9df45ec
core   0: 0x8000a5f0 (0xfe940e03) lb      t3, -23(s0)
core   0: 3 0x8000a5f0 (0xfe940e03) x28 0x0000006c mem 0x80016fca
core   0: 0x8000a5f4 (0x4095da33) sra     s4, a1, s1
core   0: 3 0x8000a5f4 (0x4095da33) x20 0x00000018
core   0: 0x8000a5f8 (0x016421a3) sw      s6, 3(s0)
core   0: 3 0x8000a5f8 (0x016421a3) mem 0x80016fe4 0x00000000
core   0: 0x8000a5fc (0xe228f313) andi    t1, a7, -478
core   0: 3 0x8000a5fc (0xe228f313) x 6 0x8002cc20
core   0: 0x8000a600 (0x412e8eb3) sub     t4, t4, s2
core   0: 3 0x8000a600 (0x412e8eb3) x29 0xffff8df6
core   0: 0x8000a604 (0x416e85b3) sub     a1, t4, s6
core   0: 3 0x8000a604 (0x416e85b3) x11 0xffff8df6
core   0: 0x8000a608 (0x41cdd633) sra     a2, s11, t3
core   0: 3 0x8000a608 (0x41cdd633) x12 0x00000000
core   0: 0x8000a60c (0x00000013) nop
core   0: 3 0x8000a60c (0x00000013)
core   0: 0x8000a610 (0xbbe50693) addi    a3, a0, -1090
core   0: 3 0x8000a610 (0xbbe50693) x13 0xfffffbf9
core   0: 0x8000a614 (0x001a7133) and     sp, s4, ra
core   0: 3 0x8000a614 (0x001a7133) x 2 0x00000000
core   0: 0x8000a618 (0x01cb8d33) add     s10, s7, t3
core   0: 3 0x8000a618 (0x01cb8d33) x26 0x000000a7
core   0: 0x8000a61c (0x00000013) nop
core   0: 3 0x8000a61c (0x00000013)
core   0: 0x8000a620 (0x4048da13) srai    s4, a7, 4
core   0: 3 0x8000a620 (0x4048da13) x20 0xf8002cce
core   0: 0x8000a624 (0x00645593) srli    a1, s0, 6
core   0: 3 0x8000a624 (0x00645593) x11 0x020005bf
core   0: 0x8000a628 (0x016421a3) sw      s6, 3(s0)
core   0: 3 0x8000a628 (0x016421a3) mem 0x80016fe4 0x00000000
core   0: 0x8000a62c (0x008009ef) jal     s3, pc + 0x8
core   0: 3 0x8000a62c (0x008009ef) x19 0x8000a630
core   0: 0x8000a634 (0x0280036f) jal     t1, pc + 0x28
core   0: 3 0x8000a634 (0x0280036f) x 6 0x8000a638
core   0: 0x8000a65c (0x00c000ef) jal     pc + 0xc
core   0: 3 0x8000a65c (0x00c000ef) x 1 0x8000a660
core   0: 0x8000a668 (0x0100036f) jal     t1, pc + 0x10
core   0: 3 0x8000a668 (0x0100036f) x 6 0x8000a66c
core   0: 0x8000a678 (0xfd5ff36f) jal     t1, pc - 0x2c
core   0: 3 0x8000a678 (0xfd5ff36f) x 6 0x8000a67c
core   0: 0x8000a64c (0xffdff36f) jal     t1, pc - 0x4
core   0: 3 0x8000a64c (0xffdff36f) x 6 0x8000a650
core   0: 0x8000a648 (0xff1ff36f) jal     t1, pc - 0x10
core   0: 3 0x8000a648 (0xff1ff36f) x 6 0x8000a64c
core   0: 0x8000a638 (0x018000ef) jal     pc + 0x18
core   0: 3 0x8000a638 (0x018000ef) x 1 0x8000a63c
core   0: 0x8000a650 (0x004000ef) jal     pc + 0x4
core   0: 3 0x8000a650 (0x004000ef) x 1 0x8000a654
core   0: 0x8000a654 (0x01c000ef) jal     pc + 0x1c
core   0: 3 0x8000a654 (0x01c000ef) x 1 0x8000a658
core   0: 0x8000a670 (0xfe9ff36f) jal     t1, pc - 0x18
core   0: 3 0x8000a670 (0xfe9ff36f) x 6 0x8000a674
core   0: 0x8000a658 (0xfd9ff0ef) jal     pc - 0x28
core   0: 3 0x8000a658 (0xfd9ff0ef) x 1 0x8000a65c
core   0: 0x8000a630 (0x03c00f6f) jal     t5, pc + 0x3c
core   0: 3 0x8000a630 (0x03c00f6f) x30 0x8000a634
core   0: 0x8000a66c (0xfd5ffeef) jal     t4, pc - 0x2c
core   0: 3 0x8000a66c (0xfd5ffeef) x29 0x8000a670
core   0: 0x8000a640 (0x034000ef) jal     pc + 0x34
core   0: 3 0x8000a640 (0x034000ef) x 1 0x8000a644
core   0: 0x8000a674 (0xfd1ff1ef) jal     gp, pc - 0x30
core   0: 3 0x8000a674 (0xfd1ff1ef) x 3 0x8000a678
core   0: 0x8000a644 (0x038000ef) jal     pc + 0x38
core   0: 3 0x8000a644 (0x038000ef) x 1 0x8000a648
core   0: 0x8000a67c (0xfe9ff0ef) jal     pc - 0x18
core   0: 3 0x8000a67c (0xfe9ff0ef) x 1 0x8000a680
core   0: 0x8000a664 (0xffdffd6f) jal     s10, pc - 0x4
core   0: 3 0x8000a664 (0xffdffd6f) x26 0x8000a668
core   0: 0x8000a660 (0xfddff36f) jal     t1, pc - 0x24
core   0: 3 0x8000a660 (0xfddff36f) x 6 0x8000a664
core   0: 0x8000a63c (0x0440036f) jal     t1, pc + 0x44
core   0: 3 0x8000a63c (0x0440036f) x 6 0x8000a640
core   0: 0x8000a680 (0x40d8de13) srai    t3, a7, 13
core   0: 3 0x8000a680 (0x40d8de13) x28 0xfffc0016
core   0: 0x8000a684 (0x060009ef) jal     s3, pc + 0x60
core   0: 3 0x8000a684 (0x060009ef) x19 0x8000a688
core   0: 0x8000a6e4 (0xfb9ff0ef) jal     pc - 0x48
core   0: 3 0x8000a6e4 (0xfb9ff0ef) x 1 0x8000a6e8
core   0: 0x8000a69c (0x02c000ef) jal     pc + 0x2c
core   0: 3 0x8000a69c (0x02c000ef) x 1 0x8000a6a0
core   0: 0x8000a6c8 (0x004003ef) jal     t2, pc + 0x4
core   0: 3 0x8000a6c8 (0x004003ef) x 7 0x8000a6cc
core   0: 0x8000a6cc (0xfd5ff0ef) jal     pc - 0x2c
core   0: 3 0x8000a6cc (0xfd5ff0ef) x 1 0x8000a6d0
core   0: 0x8000a6a0 (0x0140036f) jal     t1, pc + 0x14
core   0: 3 0x8000a6a0 (0x0140036f) x 6 0x8000a6a4
core   0: 0x8000a6b4 (0x004006ef) jal     a3, pc + 0x4
core   0: 3 0x8000a6b4 (0x004006ef) x13 0x8000a6b8
core   0: 0x8000a6b8 (0xfddff0ef) jal     pc - 0x24
core   0: 3 0x8000a6b8 (0xfddff0ef) x 1 0x8000a6bc
core   0: 0x8000a694 (0x028000ef) jal     pc + 0x28
core   0: 3 0x8000a694 (0x028000ef) x 1 0x8000a698
core   0: 0x8000a6bc (0x020000ef) jal     pc + 0x20
core   0: 3 0x8000a6bc (0x020000ef) x 1 0x8000a6c0
core   0: 0x8000a6dc (0xfadff0ef) jal     pc - 0x54
core   0: 3 0x8000a6dc (0xfadff0ef) x 1 0x8000a6e0
core   0: 0x8000a688 (0x0080036f) jal     t1, pc + 0x8
core   0: 3 0x8000a688 (0x0080036f) x 6 0x8000a68c
core   0: 0x8000a690 (0x048000ef) jal     pc + 0x48
core   0: 3 0x8000a690 (0x048000ef) x 1 0x8000a694
core   0: 0x8000a6d8 (0xff9ff0ef) jal     pc - 0x8
core   0: 3 0x8000a6d8 (0xff9ff0ef) x 1 0x8000a6dc
core   0: 0x8000a6d0 (0x0180066f) jal     a2, pc + 0x18
core   0: 3 0x8000a6d0 (0x0180066f) x12 0x8000a6d4
core   0: 0x8000a6e8 (0xfc1ffe6f) jal     t3, pc - 0x40
core   0: 3 0x8000a6e8 (0xfc1ffe6f) x28 0x8000a6ec
core   0: 0x8000a6a8 (0x01c00b6f) jal     s6, pc + 0x1c
core   0: 3 0x8000a6a8 (0x01c00b6f) x22 0x8000a6ac
core   0: 0x8000a6c4 (0x028000ef) jal     pc + 0x28
core   0: 3 0x8000a6c4 (0x028000ef) x 1 0x8000a6c8
core   0: 0x8000a6ec (0xfadff0ef) jal     pc - 0x54
core   0: 3 0x8000a6ec (0xfadff0ef) x 1 0x8000a6f0
core   0: 0x8000a698 (0x00c0026f) jal     tp, pc + 0xc
core   0: 3 0x8000a698 (0x00c0026f) x 4 0x8000a69c
core   0: 0x8000a6a4 (0x03c0036f) jal     t1, pc + 0x3c
core   0: 3 0x8000a6a4 (0x03c0036f) x 6 0x8000a6a8
core   0: 0x8000a6e0 (0xfcdff0ef) jal     pc - 0x34
core   0: 3 0x8000a6e0 (0xfcdff0ef) x 1 0x8000a6e4
core   0: 0x8000a6ac (0x004000ef) jal     pc + 0x4
core   0: 3 0x8000a6ac (0x004000ef) x 1 0x8000a6b0
core   0: 0x8000a6b0 (0xfddff0ef) jal     pc - 0x24
core   0: 3 0x8000a6b0 (0xfddff0ef) x 1 0x8000a6b4
core   0: 0x8000a68c (0x048000ef) jal     pc + 0x48
core   0: 3 0x8000a68c (0x048000ef) x 1 0x8000a690
core   0: 0x8000a6d4 (0xfedff36f) jal     t1, pc - 0x14
core   0: 3 0x8000a6d4 (0xfedff36f) x 6 0x8000a6d8
core   0: 0x8000a6c0 (0x030000ef) jal     pc + 0x30
core   0: 3 0x8000a6c0 (0x030000ef) x 1 0x8000a6c4
core   0: 0x8000a6f0 (0x01a40b33) add     s6, s0, s10
core   0: 3 0x8000a6f0 (0x01a40b33) x22 0x00021649
core   0: 0x8000a6f4 (0x00009097) auipc   ra, 0x9
core   0: 3 0x8000a6f4 (0x00009097) x 1 0x800136f4
core   0: 0x8000a6f8 (0x5d708093) addi    ra, ra, 1495
core   0: 3 0x8000a6f8 (0x5d708093) x 1 0x80013ccb
core   0: 0x8000a6fc (0xf220c383) lbu     t2, -222(ra)
core   0: 3 0x8000a6fc (0xf220c383) x 7 0x00000006 mem 0x80013bed
core   0: 0x8000a700 (0x01a07333) and     t1, zero, s10
core   0: 3 0x8000a700 (0x01a07333) x 6 0x00000000
core   0: 0x8000a704 (0x41e05fb3) sra     t6, zero, t5
core   0: 3 0x8000a704 (0x41e05fb3) x31 0x00000000
core   0: 0x8000a708 (0x67fa3513) sltiu   a0, s4, 1663
core   0: 3 0x8000a708 (0x67fa3513) x10 0x00000000
core   0: 0x8000a70c (0xfdfef993) andi    s3, t4, -33
core   0: 3 0x8000a70c (0xfdfef993) x19 0x8000a650
core   0: 0x8000a710 (0x0ff0000f) fence   iorw,iorw
core   0: 3 0x8000a710 (0x0ff0000f)
core   0: 0x8000a714 (0xae509403) lh      s0, -1307(ra)
core   0: 3 0x8000a714 (0xae509403) x 8 0xffffb4d4 mem 0x800137b0
core   0: 0x8000a718 (0xe4508d23) sb      t0, -422(ra)
core   0: 3 0x8000a718 (0xe4508d23) mem 0x80013b25 0x10
core   0: 0x8000a71c (0x417552b3) sra     t0, a0, s7
core   0: 3 0x8000a71c (0x417552b3) x 5 0x00000000
core   0: 0x8000a720 (0x26008183) lb      gp, 608(ra)
core   0: 3 0x8000a720 (0x26008183) x 3 0xffffffce mem 0x80013f2b
core   0: 0x8000a724 (0x23608f23) sb      s6, 574(ra)
core   0: 3 0x8000a724 (0x23608f23) mem 0x80013f09 0x49
core   0: 0x8000a728 (0x92c0c503) lbu     a0, -1748(ra)
core   0: 3 0x8000a728 (0x92c0c503) x10 0x0000003a mem 0x800135f7
core   0: 0x8000a72c (0x1ed0de83) lhu     t4, 493(ra)
core   0: 3 0x8000a72c (0x1ed0de83) x29 0x00005814 mem 0x80013eb8
core   0: 0x8000a730 (0x30009da3) sh      zero, 795(ra)
core   0: 3 0x8000a730 (0x30009da3) mem 0x80013fe6 0x0000
core   0: 0x8000a734 (0x89d08aa3) sb      t4, -1899(ra)
core   0: 3 0x8000a734 (0x89d08aa3) mem 0x80013560 0x14
core   0: 0x8000a738 (0x00e2e5b3) or      a1, t0, a4
core   0: 3 0x8000a738 (0x00e2e5b3) x11 0xffffff52
core   0: 0x8000a73c (0xec008203) lb      tp, -320(ra)
core   0: 3 0x8000a73c (0xec008203) x 4 0xffffffac mem 0x80013b8b
core   0: 0x8000a740 (0x2c208d23) sb      sp, 730(ra)
core   0: 3 0x8000a740 (0x2c208d23) mem 0x80013fa5 0x0
core   0: 0x8000a744 (0xedc18913) addi    s2, gp, -292
core   0: 3 0x8000a744 (0xedc18913) x18 0xfffffeaa
core   0: 0x8000a748 (0x94b08fa3) sb      a1, -1697(ra)
core   0: 3 0x8000a748 (0x94b08fa3) mem 0x8001362a 0x52
core   0: 0x8000a74c (0x01780a33) add     s4, a6, s7
core   0: 3 0x8000a74c (0x01780a33) x20 0x8000003b
core   0: 0x8000a750 (0x00265ab3) srl     s5, a2, sp
core   0: 3 0x8000a750 (0x00265ab3) x21 0x8000a6d4
core   0: 0x8000a754 (0xf4c085a3) sb      a2, -181(ra)
core   0: 3 0x8000a754 (0xf4c085a3) mem 0x80013c16 0xd4
core   0: 0x8000a758 (0xe8c0c383) lbu     t2, -372(ra)
core   0: 3 0x8000a758 (0xe8c0c383) x 7 0x00000080 mem 0x80013b57
core   0: 0x8000a75c (0x00000013) nop
core   0: 3 0x8000a75c (0x00000013)
core   0: 0x8000a760 (0x403a0333) sub     t1, s4, gp
core   0: 3 0x8000a760 (0x403a0333) x 6 0x8000006d
core   0: 0x8000a764 (0x1e508da3) sb      t0, 507(ra)
core   0: 3 0x8000a764 (0x1e508da3) mem 0x80013ec6 0x0
core   0: 0x8000a768 (0xce17fa13) andi    s4, a5, -799
core   0: 3 0x8000a768 (0xce17fa13) x20 0x80028c00
core   0: 0x8000a76c (0x0150c683) lbu     a3, 21(ra)
core   0: 3 0x8000a76c (0x0150c683) x13 0x00000036 mem 0x80013ce0
core   0: 0x8000a770 (0x0000100f) fence.i
core   0: 3 0x8000a770 (0x0000100f)
core   0: 0x8000a774 (0xf870dc03) lhu     s8, -121(ra)
core   0: 3 0x8000a774 (0xf870dc03) x24 0x0000d1ed mem 0x80013c52
core   0: 0x8000a778 (0xd9608d23) sb      s6, -614(ra)
core   0: 3 0x8000a778 (0xd9608d23) mem 0x80013a65 0x49
core   0: 0x8000a77c (0x411b5b13) srai    s6, s6, 17
core   0: 3 0x8000a77c (0x411b5b13) x22 0x00000001
core   0: 0x8000a780 (0x0000c283) lbu     t0, 0(ra)
core   0: 3 0x8000a780 (0x0000c283) x 5 0x00000068 mem 0x80013ccb
core   0: 0x8000a784 (0x0ff0000f) fence   iorw,iorw
core   0: 3 0x8000a784 (0x0ff0000f)
core   0: 0x8000a788 (0xb3a0c183) lbu     gp, -1222(ra)
core   0: 3 0x8000a788 (0xb3a0c183) x 3 0x00000056 mem 0x80013805
core   0: 0x8000a78c (0x00bc4433) xor     s0, s8, a1
core   0: 3 0x8000a78c (0x00bc4433) x 8 0xffff2ebf
core   0: 0x8000a790 (0xd430d383) lhu     t2, -701(ra)
core   0: 3 0x8000a790 (0xd430d383) x 7 0x00002818 mem 0x80013a0e
core   0: 0x8000a794 (0x0c808f83) lb      t6, 200(ra)
core   0: 3 0x8000a794 (0x0c808f83) x31 0xffffffff mem 0x80013d93
core   0: 0x8000a798 (0xafb0d403) lhu     s0, -1285(ra)
core   0: 3 0x8000a798 (0xafb0d403) x 8 0x00004100 mem 0x800137c6
core   0: 0x8000a79c (0x24517b93) andi    s7, sp, 581
core   0: 3 0x8000a79c (0x24517b93) x23 0x00000000
core   0: 0x8000a7a0 (0xf0d08e23) sb      a3, -228(ra)
core   0: 3 0x8000a7a0 (0xf0d08e23) mem 0x80013be7 0x36
core   0: 0x8000a7a4 (0xb460ca03) lbu     s4, -1210(ra)
core   0: 3 0x8000a7a4 (0xb460ca03) x20 0x00000057 mem 0x80013811
core   0: 0x8000a7a8 (0x001a2bb3) slt     s7, s4, ra
core   0: 3 0x8000a7a8 (0x001a2bb3) x23 0x00000000
core   0: 0x8000a7ac (0xc35e7bb7) lui     s7, 0xc35e7
core   0: 3 0x8000a7ac (0xc35e7bb7) x23 0xc35e7000
core   0: 0x8000a7b0 (0x875096a3) sh      s5, -1939(ra)
core   0: 3 0x8000a7b0 (0x875096a3) mem 0x80013538 0xa6d4
core   0: 0x8000a7b4 (0xdb40c503) lbu     a0, -588(ra)
core   0: 3 0x8000a7b4 (0xdb40c503) x10 0x00000043 mem 0x80013a7f
core   0: 0x8000a7b8 (0x008009ef) jal     s3, pc + 0x8
core   0: 3 0x8000a7b8 (0x008009ef) x19 0x8000a7bc
core   0: 0x8000a7c0 (0x0180036f) jal     t1, pc + 0x18
core   0: 3 0x8000a7c0 (0x0180036f) x 6 0x8000a7c4
core   0: 0x8000a7d8 (0x018000ef) jal     pc + 0x18
core   0: 3 0x8000a7d8 (0x018000ef) x 1 0x8000a7dc
core   0: 0x8000a7f0 (0xff9ff0ef) jal     pc - 0x8
core   0: 3 0x8000a7f0 (0xff9ff0ef) x 1 0x8000a7f4
core   0: 0x8000a7e8 (0xff5ffa6f) jal     s4, pc - 0xc
core   0: 3 0x8000a7e8 (0xff5ffa6f) x20 0x8000a7ec
core   0: 0x8000a7dc (0x0080036f) jal     t1, pc + 0x8
core   0: 3 0x8000a7dc (0x0080036f) x 6 0x8000a7e0
core   0: 0x8000a7e4 (0xfedff0ef) jal     pc - 0x14
core   0: 3 0x8000a7e4 (0xfedff0ef) x 1 0x8000a7e8
core   0: 0x8000a7d0 (0x010000ef) jal     pc + 0x10
core   0: 3 0x8000a7d0 (0x010000ef) x 1 0x8000a7d4
core   0: 0x8000a7e0 (0x00c0096f) jal     s2, pc + 0xc
core   0: 3 0x8000a7e0 (0x00c0096f) x18 0x8000a7e4
core   0: 0x8000a7ec (0xfd9ff0ef) jal     pc - 0x28
core   0: 3 0x8000a7ec (0xfd9ff0ef) x 1 0x8000a7f0
core   0: 0x8000a7c4 (0x004000ef) jal     pc + 0x4
core   0: 3 0x8000a7c4 (0x004000ef) x 1 0x8000a7c8
core   0: 0x8000a7c8 (0x00c0036f) jal     t1, pc + 0xc
core   0: 3 0x8000a7c8 (0x00c0036f) x 6 0x8000a7cc
core   0: 0x8000a7d4 (0xff9ff1ef) jal     gp, pc - 0x8
core   0: 3 0x8000a7d4 (0xff9ff1ef) x 3 0x8000a7d8
core   0: 0x8000a7cc (0xff1ff16f) jal     sp, pc - 0x10
core   0: 3 0x8000a7cc (0xff1ff16f) x 2 0x8000a7d0
core   0: 0x8000a7bc (0x0380036f) jal     t1, pc + 0x38
core   0: 3 0x8000a7bc (0x0380036f) x 6 0x8000a7c0
core   0: 0x8000a7f4 (0x40f48fb3) sub     t6, s1, a5
core   0: 3 0x8000a7f4 (0x40f48fb3) x31 0x7ffdb3a8
core   0: 0x8000a7f8 (0x038009ef) jal     s3, pc + 0x38
core   0: 3 0x8000a7f8 (0x038009ef) x19 0x8000a7fc
core   0: 0x8000a830 (0xfd5ff0ef) jal     pc - 0x2c
core   0: 3 0x8000a830 (0xfd5ff0ef) x 1 0x8000a834
core   0: 0x8000a804 (0x050000ef) jal     pc + 0x50
core   0: 3 0x8000a804 (0x050000ef) x 1 0x8000a808
core   0: 0x8000a854 (0xfa9ff0ef) jal     pc - 0x58
core   0: 3 0x8000a854 (0xfa9ff0ef) x 1 0x8000a858
core   0: 0x8000a7fc (0x010000ef) jal     pc + 0x10
core   0: 3 0x8000a7fc (0x010000ef) x 1 0x8000a800
core   0: 0x8000a80c (0xffdff0ef) jal     pc - 0x4
core   0: 3 0x8000a80c (0xffdff0ef) x 1 0x8000a810
core   0: 0x8000a808 (0x014000ef) jal     pc + 0x14
core   0: 3 0x8000a808 (0x014000ef) x 1 0x8000a80c
core   0: 0x8000a81c (0xffdfffef) jal     t6, pc - 0x4
core   0: 3 0x8000a81c (0xffdfffef) x31 0x8000a820
core   0: 0x8000a818 (0x01c0036f) jal     t1, pc + 0x1c
core   0: 3 0x8000a818 (0x01c0036f) x 6 0x8000a81c
core   0: 0x8000a834 (0xff1ff0ef) jal     pc - 0x10
core   0: 3 0x8000a834 (0xff1ff0ef) x 1 0x8000a838
core   0: 0x8000a824 (0x0200036f) jal     t1, pc + 0x20
core   0: 3 0x8000a824 (0x0200036f) x 6 0x8000a828
core   0: 0x8000a844 (0xffdff36f) jal     t1, pc - 0x4
core   0: 3 0x8000a844 (0xffdff36f) x 6 0x8000a848
core   0: 0x8000a840 (0x00c000ef) jal     pc + 0xc
core   0: 3 0x8000a840 (0x00c000ef) x 1 0x8000a844
core   0: 0x8000a84c (0xfc5ff36f) jal     t1, pc - 0x3c
core   0: 3 0x8000a84c (0xfc5ff36f) x 6 0x8000a850
core   0: 0x8000a810 (0xff1fffef) jal     t6, pc - 0x10
core   0: 3 0x8000a810 (0xff1fffef) x31 0x8000a814
core   0: 0x8000a800 (0x038000ef) jal     pc + 0x38
core   0: 3 0x8000a800 (0x038000ef) x 1 0x8000a804
core   0: 0x8000a838 (0x004000ef) jal     pc + 0x4
core   0: 3 0x8000a838 (0x004000ef) x 1 0x8000a83c
core   0: 0x8000a83c (0x00c004ef) jal     s1, pc + 0xc
core   0: 3 0x8000a83c (0x00c004ef) x 9 0x8000a840
core   0: 0x8000a848 (0xfe1ff16f) jal     sp, pc - 0x20
core   0: 3 0x8000a848 (0xfe1ff16f) x 2 0x8000a84c
core   0: 0x8000a828 (0xff9ff0ef) jal     pc - 0x8
core   0: 3 0x8000a828 (0xff9ff0ef) x 1 0x8000a82c
core   0: 0x8000a820 (0x00c000ef) jal     pc + 0xc
core   0: 3 0x8000a820 (0x00c000ef) x 1 0x8000a824
core   0: 0x8000a82c (0xfe9ff0ef) jal     pc - 0x18
core   0: 3 0x8000a82c (0xfe9ff0ef) x 1 0x8000a830
core   0: 0x8000a814 (0x03c0036f) jal     t1, pc + 0x3c
core   0: 3 0x8000a814 (0x03c0036f) x 6 0x8000a818
core   0: 0x8000a850 (0x0080026f) jal     tp, pc + 0x8
core   0: 3 0x8000a850 (0x0080026f) x 4 0x8000a854
core   0: 0x8000a858 (0x007c29b3) slt     s3, s8, t2
core   0: 3 0x8000a858 (0x007c29b3) x19 0x00000000
core   0: 0x8000a85c (0x00015397) auipc   t2, 0x15
core   0: 3 0x8000a85c (0x00015397) x 7 0x8001f85c
core   0: 0x8000a860 (0xe5738393) addi    t2, t2, -425
core   0: 3 0x8000a860 (0xe5738393) x 7 0x8001f6b3
core   0: 0x8000a864 (0xf2238ca3) sb      sp, -199(t2)
core   0: 3 0x8000a864 (0xf2238ca3) mem 0x8001f5ec 0x4c
core   0: 0x8000a868 (0xff338223) sb      s3, -28(t2)
core   0: 3 0x8000a868 (0xff338223) mem 0x8001f697 0x0
core   0: 0x8000a86c (0x0024c133) xor     sp, s1, sp
core   0: 3 0x8000a86c (0x0024c133) x 2 0x0000000c
core   0: 0x8000a870 (0x0ff0000f) fence   iorw,iorw
core   0: 3 0x8000a870 (0x0ff0000f)
core   0: 0x8000a874 (0xb662f413) andi    s0, t0, -1178
core   0: 3 0x8000a874 (0xb662f413) x 8 0x00000060
core   0: 0x8000a878 (0x404052b3) sra     t0, zero, tp
core   0: 3 0x8000a878 (0x404052b3) x 5 0x00000000
core   0: 0x8000a87c (0x00000013) nop
core   0: 3 0x8000a87c (0x00000013)
core   0: 0x8000a880 (0x00000013) nop
core   0: 3 0x8000a880 (0x00000013)
core   0: 0x8000a884 (0x9b4fe993) ori     s3, t6, -1612
core   0: 3 0x8000a884 (0x9b4fe993) x19 0xfffff9b4
core   0: 0x8000a888 (0xf6eeff93) andi    t6, t4, -146
core   0: 3 0x8000a888 (0xf6eeff93) x31 0x00005804
core   0: 0x8000a88c (0xda2ffa13) andi    s4, t6, -606
core   0: 3 0x8000a88c (0xda2ffa13) x20 0x00005800
core   0: 0x8000a890 (0x02339203) lh      tp, 35(t2)
core   0: 3 0x8000a890 (0x02339203) x 4 0x000028e4 mem 0x8001f6d6
core   0: 0x8000a894 (0x406c0933) sub     s2, s8, t1
core   0: 3 0x8000a894 (0x406c0933) x18 0x800029d5
core   0: 0x8000a898 (0x4141d593) srai    a1, gp, 20
core   0: 3 0x8000a898 (0x4141d593) x11 0xfffff800
core   0: 0x8000a89c (0x42eb7a13) andi    s4, s6, 1070
core   0: 3 0x8000a89c (0x42eb7a13) x20 0x00000000
core   0: 0x8000a8a0 (0xd9afaa93) slti    s5, t6, -614
core   0: 3 0x8000a8a0 (0xd9afaa93) x21 0x00000000
core   0: 0x8000a8a4 (0x00b0d213) srli    tp, ra, 11
core   0: 3 0x8000a8a4 (0x00b0d213) x 4 0x00100015
core   0: 0x8000a8a8 (0x034388a3) sb      s4, 49(t2)
core   0: 3 0x8000a8a8 (0x034388a3) mem 0x8001f6e4 0x0
core   0: 0x8000a8ac (0xf4c3c903) lbu     s2, -180(t2)
core   0: 3 0x8000a8ac (0xf4c3c903) x18 0x00000026 mem 0x8001f5ff
core   0: 0x8000a8b0 (0x015f65b3) or      a1, t5, s5
core   0: 3 0x8000a8b0 (0x015f65b3) x11 0x8000a634
core   0: 0x8000a8b4 (0x0093aaa3) sw      s1, 21(t2)
core   0: 3 0x8000a8b4 (0x0093aaa3) mem 0x8001f6c8 0x8000a840
core   0: 0x8000a8b8 (0x01a884b3) add     s1, a7, s10
core   0: 3 0x8000a8b8 (0x01a884b3) x 9 0x0003734c
core   0: 0x8000a8bc (0x3e2e7c93) andi    s9, t3, 994
core   0: 3 0x8000a8bc (0x3e2e7c93) x25 0x000002e0
core   0: 0x8000a8c0 (0x8aad8193) addi    gp, s11, -1878
core   0: 3 0x8000a8c0 (0x8aad8193) x 3 0xfffff917
core   0: 0x8000a8c4 (0x00000013) nop
core   0: 3 0x8000a8c4 (0x00000013)
core   0: 0x8000a8c8 (0x002c1433) sll     s0, s8, sp
core   0: 3 0x8000a8c8 (0x002c1433) x 8 0x0d1ed000
core   0: 0x8000a8cc (0xdcec7c13) andi    s8, s8, -562
core   0: 3 0x8000a8cc (0xdcec7c13) x24 0x0000d1cc
core   0: 0x8000a8d0 (0xf163cb83) lbu     s7, -234(t2)
core   0: 3 0x8000a8d0 (0xf163cb83) x23 0x0000008f mem 0x8001f5c9
core   0: 0x8000a8d4 (0xf3638223) sb      s6, -220(t2)
core   0: 3 0x8000a8d4 (0xf3638223) mem 0x8001f5d7 0x1
core   0: 0x8000a8d8 (0x00da76b3) and     a3, s4, a3
core   0: 3 0x8000a8d8 (0x00da76b3) x13 0x00000000
core   0: 0x8000a8dc (0xfb038c03) lb      s8, -80(t2)
core   0: 3 0x8000a8dc (0xfb038c03) x24 0xffffffbf mem 0x8001f663
core   0: 0x8000a8e0 (0xd6212c17) auipc   s8, 0xd6212
core   0: 3 0x8000a8e0 (0xd6212c17) x24 0x5621c8e0
core   0: 0x8000a8e4 (0xc5966cb7) lui     s9, 0xc5966
core   0: 3 0x8000a8e4 (0xc5966cb7) x25 0xc5966000
core   0: 0x8000a8e8 (0xf1013513) sltiu   a0, sp, -240
core   0: 3 0x8000a8e8 (0xf1013513) x10 0x00000001
core   0: 0x8000a8ec (0x0673c703) lbu     a4, 103(t2)
core   0: 3 0x8000a8ec (0x0673c703) x14 0x0000005e mem 0x8001f71a
core   0: 0x8000a8f0 (0x00000013) nop
core   0: 3 0x8000a8f0 (0x00000013)
core   0: 0x8000a8f4 (0x00cd29b3) slt     s3, s10, a2
core   0: 3 0x8000a8f4 (0x00cd29b3) x19 0x00000001
core   0: 0x8000a8f8 (0x010c8533) add     a0, s9, a6
core   0: 3 0x8000a8f8 (0x010c8533) x10 0x45966000
core   0: 0x8000a8fc (0xf58ead93) slti    s11, t4, -168
core   0: 3 0x8000a8fc (0xf58ead93) x27 0x00000000
core   0: 0x8000a900 (0x006415b3) sll     a1, s0, t1
core   0: 3 0x8000a900 (0x006415b3) x11 0x00000000
core   0: 0x8000a904 (0xffb3d583) lhu     a1, -5(t2)
core   0: 3 0x8000a904 (0xffb3d583) x11 0x0000ea4a mem 0x8001f6ae
core   0: 0x8000a908 (0x0000cc97) auipc   s9, 0xc
core   0: 3 0x8000a908 (0x0000cc97) x25 0x80016908
core   0: 0x8000a90c (0xdddc8c93) addi    s9, s9, -547
core   0: 3 0x8000a90c (0xdddc8c93) x25 0x800166e5
core   0: 0x8000a910 (0x00008a97) auipc   s5, 0x8
core   0: 3 0x8000a910 (0x00008a97) x21 0x80012910
core   0: 0x8000a914 (0x794a8a93) addi    s5, s5, 1940
core   0: 3 0x8000a914 (0x794a8a93) x21 0x800130a4
core   0: 0x8000a918 (0x0e2c8223) sb      sp, 228(s9)
core   0: 3 0x8000a918 (0x0e2c8223) mem 0x800167c9 0xc
core   0: 0x8000a91c (0x020a9f03) lh      t5, 32(s5)
core   0: 3 0x8000a91c (0x020a9f03) x30 0xffffdb8f mem 0x800130c4
core   0: 0x8000a920 (0x007a8f83) lb      t6, 7(s5)
core   0: 3 0x8000a920 (0x007a8f83) x31 0x00000000 mem 0x800130ab
core   0: 0x8000a924 (0x0e9a9423) sh      s1, 232(s5)
core   0: 3 0x8000a924 (0x0e9a9423) mem 0x8001318c 0x734c
core   0: 0x8000a928 (0x87ac8383) lb      t2, -1926(s9)
core   0: 3 0x8000a928 (0x87ac8383) x 7 0xffffff80 mem 0x80015f5f
core   0: 0x8000a92c (0x02ca8723) sb      a2, 46(s5)
core   0: 3 0x8000a92c (0x02ca8723) mem 0x800130d2 0xd4
core   0: 0x8000a930 (0x008a8683) lb      a3, 8(s5)
core   0: 3 0x8000a930 (0x008a8683) x13 0x0000007e mem 0x800130ac
core   0: 0x8000a934 (0x701c8ca3) sb      ra, 1817(s9)
core   0: 3 0x8000a934 (0x701c8ca3) mem 0x80016dfe 0x30
core   0: 0x8000a938 (0x032ac203) lbu     tp, 50(s5)
core   0: 3 0x8000a938 (0x032ac203) x 4 0x00000028 mem 0x800130d6
core   0: 0x8000a93c (0xac2c9da3) sh      sp, -1317(s9)
core   0: 3 0x8000a93c (0xac2c9da3) mem 0x800161c0 0x000c
core   0: 0x8000a940 (0x008a9003) lh      zero, 8(s5)
core   0: 3 0x8000a940 (0x008a9003) mem 0x800130ac
core   0: 0x8000a944 (0x06fa8a03) lb      s4, 111(s5)
core   0: 3 0x8000a944 (0x06fa8a03) x20 0x00000001 mem 0x80013113
core   0: 0x8000a948 (0x7e5cdc03) lhu     s8, 2021(s9)
core   0: 3 0x8000a948 (0x7e5cdc03) x24 0x00008a8a mem 0x80016eca
core   0: 0x8000a94c (0x02aad303) lhu     t1, 42(s5)
core   0: 3 0x8000a94c (0x02aad303) x 6 0x0000e046 mem 0x800130ce
core   0: 0x8000a950 (0x0eaa9e83) lh      t4, 234(s5)
core   0: 3 0x8000a950 (0x0eaa9e83) x29 0xffffffff mem 0x8001318e
core   0: 0x8000a954 (0x00fcc983) lbu     s3, 15(s9)
core   0: 3 0x8000a954 (0x00fcc983) x19 0x00000080 mem 0x800166f4
core   0: 0x8000a958 (0x01c009ef) jal     s3, pc + 0x1c
core   0: 3 0x8000a958 (0x01c009ef) x19 0x8000a95c
core   0: 0x8000a974 (0x0180036f) jal     t1, pc + 0x18
core   0: 3 0x8000a974 (0x0180036f) x 6 0x8000a978
core   0: 0x8000a98c (0xfd9ff0ef) jal     pc - 0x28
core   0: 3 0x8000a98c (0xfd9ff0ef) x 1 0x8000a990
core   0: 0x8000a964 (0x004000ef) jal     pc + 0x4
core   0: 3 0x8000a964 (0x004000ef) x 1 0x8000a968
core   0: 0x8000a968 (0x014000ef) jal     pc + 0x14
core   0: 3 0x8000a968 (0x014000ef) x 1 0x8000a96c
core   0: 0x8000a97c (0x0240076f) jal     a4, pc + 0x24
core   0: 3 0x8000a97c (0x0240076f) x14 0x8000a980
core   0: 0x8000a9a0 (0xfe1ff96f) jal     s2, pc - 0x20
core   0: 3 0x8000a9a0 (0xfe1ff96f) x18 0x8000a9a4
core   0: 0x8000a980 (0xfddff1ef) jal     gp, pc - 0x24
core   0: 3 0x8000a980 (0xfddff1ef) x 3 0x8000a984
core   0: 0x8000a95c (0x028000ef) jal     pc + 0x28
core   0: 3 0x8000a95c (0x028000ef) x 1 0x8000a960
core   0: 0x8000a984 (0xff5ff0ef) jal     pc - 0xc
core   0: 3 0x8000a984 (0xff5ff0ef) x 1 0x8000a988
core   0: 0x8000a978 (0x018000ef) jal     pc + 0x18
core   0: 3 0x8000a978 (0x018000ef) x 1 0x8000a97c
core   0: 0x8000a990 (0x0040036f) jal     t1, pc + 0x4
core   0: 3 0x8000a990 (0x0040036f) x 6 0x8000a994
core   0: 0x8000a994 (0xfddff36f) jal     t1, pc - 0x24
core   0: 3 0x8000a994 (0xfddff36f) x 6 0x8000a998
core   0: 0x8000a970 (0x028000ef) jal     pc + 0x28
core   0: 3 0x8000a970 (0x028000ef) x 1 0x8000a974
core   0: 0x8000a998 (0xfc9ff0ef) jal     pc - 0x38
core   0: 3 0x8000a998 (0xfc9ff0ef) x 1 0x8000a99c
core   0: 0x8000a960 (0x00c000ef) jal     pc + 0xc
core   0: 3 0x8000a960 (0x00c000ef) x 1 0x8000a964
core   0: 0x8000a96c (0x01c001ef) jal     gp, pc + 0x1c
core   0: 3 0x8000a96c (0x01c001ef) x 3 0x8000a970
core   0: 0x8000a988 (0x01c000ef) jal     pc + 0x1c
core   0: 3 0x8000a988 (0x01c000ef) x 1 0x8000a98c
core   0: 0x8000a9a4 (0xff9ff1ef) jal     gp, pc - 0x8
core   0: 3 0x8000a9a4 (0xff9ff1ef) x 3 0x8000a9a8
core   0: 0x8000a99c (0x00c00fef) jal     t6, pc + 0xc
core   0: 3 0x8000a99c (0x00c00fef) x31 0x8000a9a0
core   0: 0x8000a9a8 (0xefc0fb17) auipc   s6, 0xefc0f
core   0: 3 0x8000a9a8 (0xefc0fb17) x22 0x6fc199a8
core   0: 0x8000a9ac (0x00009f97) auipc   t6, 0x9
core   0: 3 0x8000a9ac (0x00009f97) x31 0x800139ac
core   0: 0x8000a9b0 (0xd40f8f93) addi    t6, t6, -704
core   0: 3 0x8000a9b0 (0xd40f8f93) x31 0x800136ec
core   0: 0x8000a9b4 (0x00013c17) auipc   s8, 0x13
core   0: 3 0x8000a9b4 (0x00013c17) x24 0x8001d9b4
core   0: 0x8000a9b8 (0x6cac0c13) addi    s8, s8, 1738
core   0: 3 0x8000a9b8 (0x6cac0c13) x24 0x8001e07e
core   0: 0x8000a9bc (0x3f8c1d03) lh      s10, 1016(s8)
core   0: 3 0x8000a9bc (0x3f8c1d03) x26 0xffffa1b6 mem 0x8001e476
core   0: 0x8000a9c0 (0xf27fcb83) lbu     s7, -217(t6)
core   0: 3 0x8000a9c0 (0xf27fcb83) x23 0x000000aa mem 0x80013613
core   0: 0x8000a9c4 (0x7dcc4303) lbu     t1, 2012(s8)
core   0: 3 0x8000a9c4 (0x7dcc4303) x 6 0x00000066 mem 0x8001e85a
core   0: 0x8000a9c8 (0x097fa623) sw      s7, 140(t6)
core   0: 3 0x8000a9c8 (0x097fa623) mem 0x80013778 0x000000aa
core   0: 0x8000a9cc (0x0c5f8323) sb      t0, 198(t6)
core   0: 3 0x8000a9cc (0x0c5f8323) mem 0x800137b2 0x0
core   0: 0x8000a9d0 (0xd53c0d23) sb      s3, -678(s8)
core   0: 3 0x8000a9d0 (0xd53c0d23) mem 0x8001ddd8 0x5c
core   0: 0x8000a9d4 (0xf34fd103) lhu     sp, -204(t6)
core   0: 3 0x8000a9d4 (0xf34fd103) x 2 0x0000dfc7 mem 0x80013620
core   0: 0x8000a9d8 (0x042f9d83) lh      s11, 66(t6)
core   0: 3 0x8000a9d8 (0x042f9d83) x27 0xffffa8ad mem 0x8001372e
core   0: 0x8000a9dc (0x3b1c4b83) lbu     s7, 945(s8)
core   0: 3 0x8000a9dc (0x3b1c4b83) x23 0x000000ac mem 0x8001e42f
core   0: 0x8000a9e0 (0x5c2c0ea3) sb      sp, 1501(s8)
core   0: 3 0x8000a9e0 (0x5c2c0ea3) mem 0x8001e65b 0xc7
core   0: 0x8000a9e4 (0x044f87a3) sb      tp, 79(t6)
core   0: 3 0x8000a9e4 (0x044f87a3) mem 0x8001373b 0x28
core   0: 0x8000a9e8 (0xf78f9323) sh      s8, -154(t6)
core   0: 3 0x8000a9e8 (0xf78f9323) mem 0x80013652 0xe07e
core   0: 0x8000a9ec (0xedac1a83) lh      s5, -294(s8)
core   0: 3 0x8000a9ec (0xedac1a83) x21 0xffffd29d mem 0x8001df58
core   0: 0x8000a9f0 (0x047f8383) lb      t2, 71(t6)
core   0: 3 0x8000a9f0 (0x047f8383) x 7 0xffffffab mem 0x80013733
core   0: 0x8000a9f4 (0xa36c4e03) lbu     t3, -1482(s8)
core   0: 3 0x8000a9f4 (0xa36c4e03) x28 0x000000b2 mem 0x8001dab4
core   0: 0x8000a9f8 (0xf1df8123) sb      t4, -254(t6)
core   0: 3 0x8000a9f8 (0xf1df8123) mem 0x800135ee 0xff
core   0: 0x8000a9fc (0xccec01a3) sb      a4, -829(s8)
core   0: 3 0x8000a9fc (0xccec01a3) mem 0x8001dd41 0x80
core   0: 0x8000aa00 (0x3a8c0423) sb      s0, 936(s8)
core   0: 3 0x8000aa00 (0x3a8c0423) mem 0x8001e426 0x0
core   0: 0x8000aa04 (0x98cc5083) lhu     ra, -1652(s8)
core   0: 3 0x8000aa04 (0x98cc5083) x 1 0x0000f540 mem 0x8001da0a
core   0: 0x8000aa08 (0x00a00613) li      a2, 10
core   0: 3 0x8000aa08 (0x00a00613) x12 0x0000000a
core   0: 0x8000aa0c (0x00a1f733) and     a4, gp, a0
core   0: 3 0x8000aa0c (0x00a1f733) x14 0x00002000
core   0: 0x8000aa10 (0x00000013) nop
core   0: 3 0x8000aa10 (0x00000013)
core   0: 0x8000aa14 (0x014ce9b3) or      s3, s9, s4
core   0: 3 0x8000aa14 (0x014ce9b3) x19 0x800166e5
core   0: 0x8000aa18 (0x00500e13) li      t3, 5
core   0: 3 0x8000aa18 (0x00500e13) x28 0x00000005
core   0: 0x8000aa1c (0x0000100f) fence.i
core   0: 3 0x8000aa1c (0x0000100f)
core   0: 0x8000aa20 (0x0038cab3) xor     s5, a7, gp
core   0: 3 0x8000aa20 (0x0038cab3) x21 0x0002654c
core   0: 0x8000aa24 (0x0ff0000f) fence   iorw,iorw
core   0: 3 0x8000aa24 (0x0ff0000f)
core   0: 0x8000aa28 (0x011206b3) add     a3, tp, a7
core   0: 3 0x8000aa28 (0x011206b3) x13 0x8002cd0c
core   0: 0x8000aa2c (0xffd60613) addi    a2, a2, -3
core   0: 3 0x8000aa2c (0xffd60613) x12 0x00000007
core   0: 0x8000aa30 (0x0059db33) srl     s6, s3, t0
core   0: 3 0x8000aa30 (0x0059db33) x22 0x800166e5
core   0: 0x8000aa34 (0x40bc04b3) sub     s1, s8, a1
core   0: 3 0x8000aa34 (0x40bc04b3) x 9 0x8000f634
core   0: 0x8000aa38 (0xd7d16a13) ori     s4, sp, -643
core   0: 3 0x8000aa38 (0xd7d16a13) x20 0xffffffff
core   0: 0x8000aa3c (0x0039ad33) slt     s10, s3, gp
core   0: 3 0x8000aa3c (0x0039ad33) x26 0x00000000
core   0: 0x8000aa40 (0x01cb1713) slli    a4, s6, 28
core   0: 3 0x8000aa40 (0x01cb1713) x14 0x50000000
core   0: 0x8000aa44 (0xf63dcc97) auipc   s9, 0xf63dc
core   0: 3 0x8000aa44 (0xf63dcc97) x25 0x763e6a44
core   0: 0x8000aa48 (0x019f3a33) sltu    s4, t5, s9
core   0: 3 0x8000aa48 (0x019f3a33) x20 0x00000000
core   0: 0x8000aa4c (0x24547e93) andi    t4, s0, 581
core   0: 3 0x8000aa4c (0x24547e93) x29 0x00000000
core   0: 0x8000aa50 (0x3f252713) slti    a4, a0, 1010
core   0: 3 0x8000aa50 (0x3f252713) x14 0x00000000
core   0: 0x8000aa54 (0xfdc676e3) bgeu    a2, t3, pc - 52
core   0: 3 0x8000aa54 (0xfdc676e3)
core   0: 0x8000aa20 (0x0038cab3) xor     s5, a7, gp
core   0: 3 0x8000aa20 (0x0038cab3) x21 0x0002654c
core   0: 0x8000aa24 (0x0ff0000f) fence   iorw,iorw
core   0: 3 0x8000aa24 (0x0ff0000f)
core   0: 0x8000aa28 (0x011206b3) add     a3, tp, a7
core   0: 3 0x8000aa28 (0x011206b3) x13 0x8002cd0c
core   0: 0x8000aa2c (0xffd60613) addi    a2, a2, -3
core   0: 3 0x8000aa2c (0xffd60613) x12 0x00000004
core   0: 0x8000aa30 (0x0059db33) srl     s6, s3, t0
core   0: 3 0x8000aa30 (0x0059db33) x22 0x800166e5
core   0: 0x8000aa34 (0x40bc04b3) sub     s1, s8, a1
core   0: 3 0x8000aa34 (0x40bc04b3) x 9 0x8000f634
core   0: 0x8000aa38 (0xd7d16a13) ori     s4, sp, -643
core   0: 3 0x8000aa38 (0xd7d16a13) x20 0xffffffff
core   0: 0x8000aa3c (0x0039ad33) slt     s10, s3, gp
core   0: 3 0x8000aa3c (0x0039ad33) x26 0x00000000
core   0: 0x8000aa40 (0x01cb1713) slli    a4, s6, 28
core   0: 3 0x8000aa40 (0x01cb1713) x14 0x50000000
core   0: 0x8000aa44 (0xf63dcc97) auipc   s9, 0xf63dc
core   0: 3 0x8000aa44 (0xf63dcc97) x25 0x763e6a44
core   0: 0x8000aa48 (0x019f3a33) sltu    s4, t5, s9
core   0: 3 0x8000aa48 (0x019f3a33) x20 0x00000000
core   0: 0x8000aa4c (0x24547e93) andi    t4, s0, 581
core   0: 3 0x8000aa4c (0x24547e93) x29 0x00000000
core   0: 0x8000aa50 (0x3f252713) slti    a4, a0, 1010
core   0: 3 0x8000aa50 (0x3f252713) x14 0x00000000
core   0: 0x8000aa54 (0xfdc676e3) bgeu    a2, t3, pc - 52
core   0: 3 0x8000aa54 (0xfdc676e3)
core   0: 0x8000aa58 (0xbd848297) auipc   t0, 0xbd848
core   0: 3 0x8000aa58 (0xbd848297) x 5 0x3d852a58
core   0: 0x8000aa5c (0x00009597) auipc   a1, 0x9
core   0: 3 0x8000aa5c (0x00009597) x11 0x80013a5c
core   0: 0x8000aa60 (0x09b58593) addi    a1, a1, 155
core   0: 3 0x8000aa60 (0x09b58593) x11 0x80013af7
core   0: 0x8000aa64 (0xffb5c083) lbu     ra, -5(a1)
core   0: 3 0x8000aa64 (0xffb5c083) x 1 0x000000b7 mem 0x80013af2
core   0: 0x8000aa68 (0x00009a17) auipc   s4, 0x9
core   0: 3 0x8000aa68 (0x00009a17) x20 0x80013a68
core   0: 0x8000aa6c (0x23ca0a13) addi    s4, s4, 572
core   0: 3 0x8000aa6c (0x23ca0a13) x20 0x80013ca4
core   0: 0x8000aa70 (0x00009b97) auipc   s7, 0x9
core   0: 3 0x8000aa70 (0x00009b97) x23 0x80013a70
core   0: 0x8000aa74 (0xd10b8b93) addi    s7, s7, -752
core   0: 3 0x8000aa74 (0xd10b8b93) x23 0x80013780
core   0: 0x8000aa78 (0x0f7a0d03) lb      s10, 247(s4)
core   0: 3 0x8000aa78 (0x0f7a0d03) x26 0x00000000 mem 0x80013d9b
core   0: 0x8000aa7c (0x00009397) auipc   t2, 0x9
core   0: 3 0x8000aa7c (0x00009397) x 7 0x80013a7c
core   0: 0x8000aa80 (0x97938393) addi    t2, t2, -1671
core   0: 3 0x8000aa80 (0x97938393) x 7 0x800133f5
core   0: 0x8000aa84 (0x010b8103) lb      sp, 16(s7)
core   0: 3 0x8000aa84 (0x010b8103) x 2 0x0000003b mem 0x80013790
core   0: 0x8000aa88 (0xffb589a3) sb      s11, -13(a1)
core   0: 3 0x8000aa88 (0xffb589a3) mem 0x80013aea 0xad
core   0: 0x8000aa8c (0x00f3da83) lhu     s5, 15(t2)
core   0: 3 0x8000aa8c (0x00f3da83) x21 0x00007770 mem 0x80013404
core   0: 0x8000aa90 (0x077a4e83) lbu     t4, 119(s4)
core   0: 3 0x8000aa90 (0x077a4e83) x29 0x00000046 mem 0x80013d1b
core   0: 0x8000aa94 (0x0d0a5c03) lhu     s8, 208(s4)
core   0: 3 0x8000aa94 (0x0d0a5c03) x24 0x0000801e mem 0x80013d74
core   0: 0x8000aa98 (0x013596a3) sh      s3, 13(a1)
core   0: 3 0x8000aa98 (0x013596a3) mem 0x80013b04 0x66e5
core   0: 0x8000aa9c (0xf86a5083) lhu     ra, -122(s4)
core   0: 3 0x8000aa9c (0xf86a5083) x 1 0x0000ed74 mem 0x80013c2a
core   0: 0x8000aaa0 (0x003b9423) sh      gp, 8(s7)
core   0: 3 0x8000aaa0 (0x003b9423) mem 0x80013788 0xa9a8
core   0: 0x8000aaa4 (0xff85c303) lbu     t1, -8(a1)
core   0: 3 0x8000aaa4 (0xff85c303) x 6 0x000000d6 mem 0x80013aef
core   0: 0x8000aaa8 (0x023a4703) lbu     a4, 35(s4)
core   0: 3 0x8000aaa8 (0x023a4703) x14 0x000000cb mem 0x80013cc7
core   0: 0x8000aaac (0x009bcd03) lbu     s10, 9(s7)
core   0: 3 0x8000aaac (0x009bcd03) x26 0x000000a9 mem 0x80013789
core   0: 0x8000aab0 (0x015394a3) sh      s5, 9(t2)
core   0: 3 0x8000aab0 (0x015394a3) mem 0x800133fe 0x7770
core   0: 0x8000aab4 (0xffebc303) lbu     t1, -2(s7)
core   0: 3 0x8000aab4 (0xffebc303) x 6 0x00000097 mem 0x8001377e
core   0: 0x8000aab8 (0xf29a4c03) lbu     s8, -215(s4)
core   0: 3 0x8000aab8 (0xf29a4c03) x24 0x0000005e mem 0x80013bcd
core   0: 0x8000aabc (0x008b9703) lh      a4, 8(s7)
core   0: 3 0x8000aabc (0x008b9703) x14 0xffffa9a8 mem 0x80013788
core   0: 0x8000aac0 (0xffa58303) lb      t1, -6(a1)
core   0: 3 0x8000aac0 (0xffa58303) x 6 0xffffff80 mem 0x80013af1
core   0: 0x8000aac4 (0xffe58683) lb      a3, -2(a1)
core   0: 3 0x8000aac4 (0xffe58683) x13 0x0000002f mem 0x80013af5
core   0: 0x8000aac8 (0xff438ca3) sb      s4, -7(t2)
core   0: 3 0x8000aac8 (0xff438ca3) mem 0x800133ee 0xa4
core   0: 0x8000aacc (0x00758723) sb      t2, 14(a1)
core   0: 3 0x8000aacc (0x00758723) mem 0x80013b05 0xf5
core   0: 0x8000aad0 (0xf42a05a3) sb      sp, -181(s4)
core   0: 3 0x8000aad0 (0xf42a05a3) mem 0x80013bef 0x3b
core   0: 0x8000aad4 (0xff0b9403) lh      s0, -16(s7)
core   0: 3 0x8000aad4 (0xff0b9403) x 8 0x0000529a mem 0x80013770
core   0: 0x8000aad8 (0xff238c03) lb      s8, -14(t2)
core   0: 3 0x8000aad8 (0xff238c03) x24 0xffffffe4 mem 0x800133e7
core   0: 0x8000aadc (0x009bc303) lbu     t1, 9(s7)
core   0: 3 0x8000aadc (0x009bc303) x 6 0x000000a9 mem 0x80013789
core   0: 0x8000aae0 (0x09ea4203) lbu     tp, 158(s4)
core   0: 3 0x8000aae0 (0x09ea4203) x 4 0x000000fc mem 0x80013d42
core   0: 0x8000aae4 (0x00a58c83) lb      s9, 10(a1)
core   0: 3 0x8000aae4 (0x00a58c83) x25 0x00000025 mem 0x80013b01
core   0: 0x8000aae8 (0x01f38823) sb      t6, 16(t2)
core   0: 3 0x8000aae8 (0x01f38823) mem 0x80013405 0xec
core   0: 0x8000aaec (0x00013117) auipc   sp, 0x13
core   0: 3 0x8000aaec (0x00013117) x 2 0x8001daec
core   0: 0x8000aaf0 (0x89910113) addi    sp, sp, -1895
core   0: 3 0x8000aaf0 (0x89910113) x 2 0x8001d385
core   0: 0x8000aaf4 (0xb1210823) sb      s2, -1264(sp)
core   0: 3 0x8000aaf4 (0xb1210823) mem 0x8001ce95 0xa4
core   0: 0x8000aaf8 (0x55a10023) sb      s10, 1344(sp)
core   0: 3 0x8000aaf8 (0x55a10023) mem 0x8001d8c5 0xa9
core   0: 0x8000aafc (0xdbd11d83) lh      s11, -579(sp)
core   0: 3 0x8000aafc (0xdbd11d83) x27 0xffffeb3a mem 0x8001d142
core   0: 0x8000ab00 (0x35028b13) addi    s6, t0, 848
core   0: 3 0x8000ab00 (0x35028b13) x22 0x3d852da8
core   0: 0x8000ab04 (0x01666db3) or      s11, a2, s6
core   0: 3 0x8000ab04 (0x01666db3) x27 0x3d852dac
core   0: 0x8000ab08 (0x5d810983) lb      s3, 1496(sp)
core   0: 3 0x8000ab08 (0x5d810983) x19 0x0000001b mem 0x8001d95d
core   0: 0x8000ab0c (0x5d814f03) lbu     t5, 1496(sp)
core   0: 3 0x8000ab0c (0x5d814f03) x30 0x0000001b mem 0x8001d95d
core   0: 0x8000ab10 (0x5cd10c23) sb      a3, 1496(sp)
core   0: 3 0x8000ab10 (0x5cd10c23) mem 0x8001d95d 0x2f
core   0: 0x8000ab14 (0xbb610c83) lb      s9, -1098(sp)
core   0: 3 0x8000ab14 (0xbb610c83) x25 0xffffffa5 mem 0x8001cf3b
core   0: 0x8000ab18 (0x8c514503) lbu     a0, -1851(sp)
core   0: 3 0x8000ab18 (0x8c514503) x10 0x000000d0 mem 0x8001cc4a
core   0: 0x8000ab1c (0x70f12b03) lw      s6, 1807(sp)
core   0: 3 0x8000ab1c (0x70f12b03) x22 0x2ed3e9c1 mem 0x8001da94
core   0: 0x8000ab20 (0x1f014183) lbu     gp, 496(sp)
core   0: 3 0x8000ab20 (0x1f014183) x 3 0x000000f0 mem 0x8001d575
core   0: 0x8000ab24 (0x1f010823) sb      a6, 496(sp)
core   0: 3 0x8000ab24 (0x1f010823) mem 0x8001d575 0x0
core   0: 0x8000ab28 (0x1f010e83) lb      t4, 496(sp)
core   0: 3 0x8000ab28 (0x1f010e83) x29 0x00000000 mem 0x8001d575
core   0: 0x8000ab2c (0x020009ef) jal     s3, pc + 0x20
core   0: 3 0x8000ab2c (0x020009ef) x19 0x8000ab30
core   0: 0x8000ab4c (0x00c000ef) jal     pc + 0xc
core   0: 3 0x8000ab4c (0x00c000ef) x 1 0x8000ab50
core   0: 0x8000ab58 (0x01c000ef) jal     pc + 0x1c
core   0: 3 0x8000ab58 (0x01c000ef) x 1 0x8000ab5c
core   0: 0x8000ab74 (0x01000d6f) jal     s10, pc + 0x10
core   0: 3 0x8000ab74 (0x01000d6f) x26 0x8000ab78
core   0: 0x8000ab84 (0xfe9ff0ef) jal     pc - 0x18
core   0: 3 0x8000ab84 (0xfe9ff0ef) x 1 0x8000ab88
core   0: 0x8000ab6c (0xfc5ff0ef) jal     pc - 0x3c
core   0: 3 0x8000ab6c (0xfc5ff0ef) x 1 0x8000ab70
core   0: 0x8000ab30 (0x00c009ef) jal     s3, pc + 0xc
core   0: 3 0x8000ab30 (0x00c009ef) x19 0x8000ab34
core   0: 0x8000ab3c (0x0400016f) jal     sp, pc + 0x40
core   0: 3 0x8000ab3c (0x0400016f) x 2 0x8000ab40
core   0: 0x8000ab7c (0x0040026f) jal     tp, pc + 0x4
core   0: 3 0x8000ab7c (0x0040026f) x 4 0x8000ab80
core   0: 0x8000ab80 (0xfc5ff0ef) jal     pc - 0x3c
core   0: 3 0x8000ab80 (0xfc5ff0ef) x 1 0x8000ab84
core   0: 0x8000ab44 (0x044000ef) jal     pc + 0x44
core   0: 3 0x8000ab44 (0x044000ef) x 1 0x8000ab48
core   0: 0x8000ab88 (0xfd9ff36f) jal     t1, pc - 0x28
core   0: 3 0x8000ab88 (0xfd9ff36f) x 6 0x8000ab8c
core   0: 0x8000ab60 (0x008003ef) jal     t2, pc + 0x8
core   0: 3 0x8000ab60 (0x008003ef) x 7 0x8000ab64
core   0: 0x8000ab68 (0xfe9ff36f) jal     t1, pc - 0x18
core   0: 3 0x8000ab68 (0xfe9ff36f) x 6 0x8000ab6c
core   0: 0x8000ab50 (0x028000ef) jal     pc + 0x28
core   0: 3 0x8000ab50 (0x028000ef) x 1 0x8000ab54
core   0: 0x8000ab78 (0xfc1ff36f) jal     t1, pc - 0x40
core   0: 3 0x8000ab78 (0xfc1ff36f) x 6 0x8000ab7c
core   0: 0x8000ab38 (0xffdff0ef) jal     pc - 0x4
core   0: 3 0x8000ab38 (0xffdff0ef) x 1 0x8000ab3c
core   0: 0x8000ab34 (0x014001ef) jal     gp, pc + 0x14
core   0: 3 0x8000ab34 (0x014001ef) x 3 0x8000ab38
core   0: 0x8000ab48 (0xff9ff0ef) jal     pc - 0x8
core   0: 3 0x8000ab48 (0xff9ff0ef) x 1 0x8000ab4c
core   0: 0x8000ab40 (0x030000ef) jal     pc + 0x30
core   0: 3 0x8000ab40 (0x030000ef) x 1 0x8000ab44
core   0: 0x8000ab70 (0xfe5ff26f) jal     tp, pc - 0x1c
core   0: 3 0x8000ab70 (0xfe5ff26f) x 4 0x8000ab74
core   0: 0x8000ab54 (0x008000ef) jal     pc + 0x8
core   0: 3 0x8000ab54 (0x008000ef) x 1 0x8000ab58
core   0: 0x8000ab5c (0x008000ef) jal     pc + 0x8
core   0: 3 0x8000ab5c (0x008000ef) x 1 0x8000ab60
core   0: 0x8000ab64 (0x028000ef) jal     pc + 0x28
core   0: 3 0x8000ab64 (0x028000ef) x 1 0x8000ab68
core   0: 0x8000ab8c (0x018fde33) srl     t3, t6, s8
core   0: 3 0x8000ab8c (0x018fde33) x28 0x0800136e
core   0: 0x8000ab90 (0x00015097) auipc   ra, 0x15
core   0: 3 0x8000ab90 (0x00015097) x 1 0x8001fb90
core   0: 0x8000ab94 (0x1f408093) addi    ra, ra, 500
core   0: 3 0x8000ab94 (0x1f408093) x 1 0x8001fd84
core   0: 0x8000ab98 (0x00010717) auipc   a4, 0x10
core   0: 3 0x8000ab98 (0x00010717) x14 0x8001ab98
core   0: 0x8000ab9c (0xae270713) addi    a4, a4, -1310
core   0: 3 0x8000ab9c (0xae270713) x14 0x8001a67a
core   0: 0x8000aba0 (0x00014517) auipc   a0, 0x14
core   0: 3 0x8000aba0 (0x00014517) x10 0x8001eba0
core   0: 0x8000aba4 (0xd2d50513) addi    a0, a0, -723
core   0: 3 0x8000aba4 (0xd2d50513) x10 0x8001e8cd
core   0: 0x8000aba8 (0x09071603) lh      a2, 144(a4)
core   0: 3 0x8000aba8 (0x09071603) x12 0xffffe5cf mem 0x8001a70a
core   0: 0x8000abac (0x0000bc17) auipc   s8, 0xb
core   0: 3 0x8000abac (0x0000bc17) x24 0x80015bac
core   0: 0x8000abb0 (0x55cc0c13) addi    s8, s8, 1372
core   0: 3 0x8000abb0 (0x55cc0c13) x24 0x80016108
core   0: 0x8000abb4 (0xf7170383) lb      t2, -143(a4)
core   0: 3 0x8000abb4 (0xf7170383) x 7 0x00000014 mem 0x8001a5eb
core   0: 0x8000abb8 (0x0bb70aa3) sb      s11, 181(a4)
core   0: 3 0x8000abb8 (0x0bb70aa3) mem 0x8001a72f 0xac
core   0: 0x8000abbc (0xc47c0ba3) sb      t2, -937(s8)
core   0: 3 0x8000abbc (0xc47c0ba3) mem 0x80015d5f 0x14
core   0: 0x8000abc0 (0x0360c683) lbu     a3, 54(ra)
core   0: 3 0x8000abc0 (0x0360c683) x13 0x000000bf mem 0x8001fdba
core   0: 0x8000abc4 (0xf2151d03) lh      s10, -223(a0)
core   0: 3 0x8000abc4 (0xf2151d03) x26 0xffffad8a mem 0x8001e7ee
core   0: 0x8000abc8 (0x09371b23) sh      s3, 150(a4)
core   0: 3 0x8000abc8 (0x09371b23) mem 0x8001a710 0xab34
core   0: 0x8000abcc (0xf1e75983) lhu     s3, -226(a4)
core   0: 3 0x8000abcc (0xf1e75983) x19 0x0000de05 mem 0x8001a598
core   0: 0x8000abd0 (0x0370cd03) lbu     s10, 55(ra)
core   0: 3 0x8000abd0 (0x0370cd03) x26 0x00000009 mem 0x8001fdbb
core   0: 0x8000abd4 (0xeabc0a83) lb      s5, -341(s8)
core   0: 3 0x8000abd4 (0xeabc0a83) x21 0xffffff80 mem 0x80015fb3
core   0: 0x8000abd8 (0x05f70a03) lb      s4, 95(a4)
core   0: 3 0x8000abd8 (0x05f70a03) x20 0xffffffce mem 0x8001a6d9
core   0: 0x8000abdc (0x016080a3) sb      s6, 1(ra)
core   0: 3 0x8000abdc (0x016080a3) mem 0x8001fd85 0xc1
core   0: 0x8000abe0 (0xf4e70a23) sb      a4, -172(a4)
core   0: 3 0x8000abe0 (0xf4e70a23) mem 0x8001a5ce 0x7a
core   0: 0x8000abe4 (0x02d0ae23) sw      a3, 60(ra)
core   0: 3 0x8000abe4 (0x02d0ae23) mem 0x8001fdc0 0x000000bf
core   0: 0x8000abe8 (0x50fc0ea3) sb      a5, 1309(s8)
core   0: 3 0x8000abe8 (0x50fc0ea3) mem 0x80016625 0x18
core   0: 0x8000abec (0x08471423) sh      tp, 136(a4)
core   0: 3 0x8000abec (0x08471423) mem 0x8001a702 0xab74
core   0: 0x8000abf0 (0xfee54d03) lbu     s10, -18(a0)
core   0: 3 0x8000abf0 (0xfee54d03) x26 0x00000020 mem 0x8001e8bb
core   0: 0x8000abf4 (0x00770e03) lb      t3, 7(a4)
core   0: 3 0x8000abf4 (0x00770e03) x28 0x00000075 mem 0x8001a681
core   0: 0x8000abf8 (0x0330ce03) lbu     t3, 51(ra)
core   0: 3 0x8000abf8 (0x0330ce03) x28 0x00000003 mem 0x8001fdb7
core   0: 0x8000abfc (0x04009b83) lh      s7, 64(ra)
core   0: 3 0x8000abfc (0x04009b83) x23 0x00002f81 mem 0x8001fdc4
core   0: 0x8000ac00 (0x085c0d23) sb      t0, 154(s8)
core   0: 3 0x8000ac00 (0x085c0d23) mem 0x800161a2 0x58
core   0: 0x8000ac04 (0x03850f83) lb      t6, 56(a0)
core   0: 3 0x8000ac04 (0x03850f83) x31 0xffffffd3 mem 0x8001e905
core   0: 0x8000ac08 (0xfed51403) lh      s0, -19(a0)
core   0: 3 0x8000ac08 (0xfed51403) x 8 0x000020c5 mem 0x8001e8ba
core   0: 0x8000ac0c (0x30cc0f23) sb      a2, 798(s8)
core   0: 3 0x8000ac0c (0x30cc0f23) mem 0x80016426 0xcf
core   0: 0x8000ac10 (0xf3e50183) lb      gp, -194(a0)
core   0: 3 0x8000ac10 (0xf3e50183) x 3 0xffffffe2 mem 0x8001e80b
core   0: 0x8000ac14 (0x0000db17) auipc   s6, 0xd
core   0: 3 0x8000ac14 (0x0000db17) x22 0x80017c14
core   0: 0x8000ac18 (0x853b0b13) addi    s6, s6, -1965
core   0: 3 0x8000ac18 (0x853b0b13) x22 0x80017467
core   0: 0x8000ac1c (0xffbb0a23) sb      s11, -12(s6)
core   0: 3 0x8000ac1c (0xffbb0a23) mem 0x8001745b 0xac
core   0: 0x8000ac20 (0x01482f33) slt     t5, a6, s4
core   0: 3 0x8000ac20 (0x01482f33) x30 0x00000001
core   0: 0x8000ac24 (0xfcfb12a3) sh      a5, -59(s6)
core   0: 3 0x8000ac24 (0xfcfb12a3) mem 0x8001742c 0x8e18
core   0: 0x8000ac28 (0x00b1d1b3) srl     gp, gp, a1
core   0: 3 0x8000ac28 (0x00b1d1b3) x 3 0x000001ff
core   0: 0x8000ac2c (0x00000013) nop
core   0: 3 0x8000ac2c (0x00000013)
core   0: 0x8000ac30 (0x00f4dfb3) srl     t6, s1, a5
core   0: 3 0x8000ac30 (0x00f4dfb3) x31 0x00000080
core   0: 0x8000ac34 (0x01459133) sll     sp, a1, s4
core   0: 3 0x8000ac34 (0x01459133) x 2 0x4ebdc000
core   0: 0x8000ac38 (0xfd8b0423) sb      s8, -56(s6)
core   0: 3 0x8000ac38 (0xfd8b0423) mem 0x8001742f 0x8
core   0: 0x8000ac3c (0x004b4283) lbu     t0, 4(s6)
core   0: 3 0x8000ac3c (0x004b4283) x 5 0x00000024 mem 0x8001746b
core   0: 0x8000ac40 (0x36927993) andi    s3, tp, 873
core   0: 3 0x8000ac40 (0x36927993) x19 0x00000360
core   0: 0x8000ac44 (0x67f01d97) auipc   s11, 0x67f01
core   0: 3 0x8000ac44 (0x67f01d97) x27 0xe7f0bc44
core   0: 0x8000ac48 (0xfe3b09a3) sb      gp, -13(s6)
core   0: 3 0x8000ac48 (0xfe3b09a3) mem 0x8001745a 0xff
core   0: 0x8000ac4c (0x408c5733) sra     a4, s8, s0
core   0: 3 0x8000ac4c (0x408c5733) x14 0xfc000b08
core   0: 0x8000ac50 (0xedfcae93) slti    t4, s9, -289
core   0: 3 0x8000ac50 (0xedfcae93) x29 0x00000000
core   0: 0x8000ac54 (0xff1b1703) lh      a4, -15(s6)
core   0: 3 0x8000ac54 (0xff1b1703) x14 0x00007102 mem 0x80017458
core   0: 0x8000ac58 (0x022b05a3) sb      sp, 43(s6)
core   0: 3 0x8000ac58 (0x022b05a3) mem 0x80017492 0x0
core   0: 0x8000ac5c (0x41af5913) srai    s2, t5, 26
core   0: 3 0x8000ac5c (0x41af5913) x18 0x00000000
core   0: 0x8000ac60 (0x0151e033) or      zero, gp, s5
core   0: 3 0x8000ac60 (0x0151e033)
core   0: 0x8000ac64 (0x41d28533) sub     a0, t0, t4
core   0: 3 0x8000ac64 (0x41d28533) x10 0x00000024
core   0: 0x8000ac68 (0x004894b3) sll     s1, a7, tp
core   0: 3 0x8000ac68 (0x004894b3) x 9 0xce400000
core   0: 0x8000ac6c (0xfd8b0903) lb      s2, -40(s6)
core   0: 3 0x8000ac6c (0xfd8b0903) x18 0x00000033 mem 0x8001743f
core   0: 0x8000ac70 (0x01d9d213) srli    tp, s3, 29
core   0: 3 0x8000ac70 (0x01d9d213) x 4 0x00000000
core   0: 0x8000ac74 (0x414485b3) sub     a1, s1, s4
core   0: 3 0x8000ac74 (0x414485b3) x11 0xce400032
core   0: 0x8000ac78 (0xff2b4683) lbu     a3, -14(s6)
core   0: 3 0x8000ac78 (0xff2b4683) x13 0x00000071 mem 0x80017459
core   0: 0x8000ac7c (0xfebb0323) sb      a1, -26(s6)
core   0: 3 0x8000ac7c (0xfebb0323) mem 0x8001744d 0x32
core   0: 0x8000ac80 (0x0000100f) fence.i
core   0: 3 0x8000ac80 (0x0000100f)
core   0: 0x8000ac84 (0x00a0f133) and     sp, ra, a0
core   0: 3 0x8000ac84 (0x00a0f133) x 2 0x00000004
core   0: 0x8000ac88 (0x00a316b3) sll     a3, t1, a0
core   0: 3 0x8000ac88 (0x00a316b3) x13 0x000ab7c0
core   0: 0x8000ac8c (0x018c1713) slli    a4, s8, 24
core   0: 3 0x8000ac8c (0x018c1713) x14 0x08000000
core   0: 0x8000ac90 (0x009b1ba3) sh      s1, 23(s6)
core   0: 3 0x8000ac90 (0x009b1ba3) mem 0x8001747e 0x0000
core   0: 0x8000ac94 (0x0005d0b3) srl     ra, a1, zero
core   0: 3 0x8000ac94 (0x0005d0b3) x 1 0xce400032
core   0: 0x8000ac98 (0xfd4b02a3) sb      s4, -59(s6)
core   0: 3 0x8000ac98 (0xfd4b02a3) mem 0x8001742c 0xce
core   0: 0x8000ac9c (0x00fa1f33) sll     t5, s4, a5
core   0: 3 0x8000ac9c (0x00fa1f33) x30 0xce000000
core   0: 0x8000aca0 (0x98803e93) sltiu   t4, zero, -1656
core   0: 3 0x8000aca0 (0x98803e93) x29 0x00000001
core   0: 0x8000aca4 (0xdb2de493) ori     s1, s11, -590
core   0: 3 0x8000aca4 (0xdb2de493) x 9 0xfffffdf6
core   0: 0x8000aca8 (0xfcbb4703) lbu     a4, -53(s6)
core   0: 3 0x8000aca8 (0xfcbb4703) x14 0x00000070 mem 0x80017432
core   0: 0x8000acac (0x009b1303) lh      t1, 9(s6)
core   0: 3 0x8000acac (0x009b1303) x 6 0x00004b75 mem 0x80017470
core   0: 0x8000acb0 (0x00013117) auipc   sp, 0x13
core   0: 3 0x8000acb0 (0x00013117) x 2 0x8001dcb0
core   0: 0x8000acb4 (0xed910113) addi    sp, sp, -295
core   0: 3 0x8000acb4 (0xed910113) x 2 0x8001db89
core   0: 0x8000acb8 (0x01b5ae33) slt     t3, a1, s11
core   0: 3 0x8000acb8 (0x01b5ae33) x28 0x00000001
core   0: 0x8000acbc (0x01711403) lh      s0, 23(sp)
core   0: 3 0x8000acbc (0x01711403) x 8 0x0000115e mem 0x8001dba0
core   0: 0x8000acc0 (0xf2210003) lb      zero, -222(sp)
core   0: 3 0x8000acc0 (0xf2210003) mem 0x8001daab
core   0: 0x8000acc4 (0x0a010283) lb      t0, 160(sp)
core   0: 3 0x8000acc4 (0x0a010283) x 5 0x0000000a mem 0x8001dc29
core   0: 0x8000acc8 (0xfb210e23) sb      s2, -68(sp)
core   0: 3 0x8000acc8 (0xfb210e23) mem 0x8001db45 0x33
core   0: 0x8000accc (0x911350b7) lui     ra, 0x91135
core   0: 3 0x8000accc (0x911350b7) x 1 0x91135000
core   0: 0x8000acd0 (0xfbc10683) lb      a3, -68(sp)
core   0: 3 0x8000acd0 (0xfbc10683) x13 0x00000033 mem 0x8001db45
core   0: 0x8000acd4 (0xfc214c83) lbu     s9, -62(sp)
core   0: 3 0x8000acd4 (0xfc214c83) x25 0x000000d8 mem 0x8001db4b
core   0: 0x8000acd8 (0xfcf10123) sb      a5, -62(sp)
core   0: 3 0x8000acd8 (0xfcf10123) mem 0x8001db4b 0x18
core   0: 0x8000acdc (0xfc214e03) lbu     t3, -62(sp)
core   0: 3 0x8000acdc (0xfc214e03) x28 0x00000018 mem 0x8001db4b
core   0: 0x8000ace0 (0x006b1fb3) sll     t6, s6, t1
core   0: 3 0x8000ace0 (0x006b1fb3) x31 0x8ce00000
core   0: 0x8000ace4 (0xfc214983) lbu     s3, -62(sp)
core   0: 3 0x8000ace4 (0xfc214983) x19 0x00000018 mem 0x8001db4b
core   0: 0x8000ace8 (0x053121a3) sw      s3, 67(sp)
core   0: 3 0x8000ace8 (0x053121a3) mem 0x8001dbcc 0x00000018
core   0: 0x8000acec (0x043121a3) sw      gp, 67(sp)
core   0: 3 0x8000acec (0x043121a3) mem 0x8001dbcc 0x000001ff
core   0: 0x8000acf0 (0x418a0fb3) sub     t6, s4, s8
core   0: 3 0x8000acf0 (0x418a0fb3) x31 0x7ffe9ec6
core   0: 0x8000acf4 (0xf1a10b03) lb      s6, -230(sp)
core   0: 3 0x8000acf4 (0xf1a10b03) x22 0x00000012 mem 0x8001daa3
core   0: 0x8000acf8 (0xbf2a0c93) addi    s9, s4, -1038
core   0: 3 0x8000acf8 (0xbf2a0c93) x25 0xfffffbc0
core   0: 0x8000acfc (0xf0d10d23) sb      a3, -230(sp)
core   0: 3 0x8000acfc (0xf0d10d23) mem 0x8001daa3 0x33
core   0: 0x8000ad00 (0xf0210d23) sb      sp, -230(sp)
core   0: 3 0x8000ad00 (0xf0210d23) mem 0x8001daa3 0x89
core   0: 0x8000ad04 (0x00015117) auipc   sp, 0x15
core   0: 3 0x8000ad04 (0x00015117) x 2 0x8001fd04
core   0: 0x8000ad08 (0x4cd10113) addi    sp, sp, 1229
core   0: 3 0x8000ad08 (0x4cd10113) x 2 0x800201d1
core   0: 0x8000ad0c (0xfcc105a3) sb      a2, -53(sp)
core   0: 3 0x8000ad0c (0xfcc105a3) mem 0x8002019c 0xcf
core   0: 0x8000ad10 (0x016b4b33) xor     s6, s6, s6
core   0: 3 0x8000ad10 (0x016b4b33) x22 0x00000000
core   0: 0x8000ad14 (0xfe115303) lhu     t1, -31(sp)
core   0: 3 0x8000ad14 (0xfe115303) x 6 0x00001049 mem 0x800201b2
core   0: 0x8000ad18 (0xfc610ca3) sb      t1, -39(sp)
core   0: 3 0x8000ad18 (0xfc610ca3) mem 0x800201aa 0x49
core   0: 0x8000ad1c (0x01a48d33) add     s10, s1, s10
core   0: 3 0x8000ad1c (0x01a48d33) x26 0xfffffe16
core   0: 0x8000ad20 (0xfec113a3) sh      a2, -25(sp)
core   0: 3 0x8000ad20 (0xfec113a3) mem 0x800201b8 0xe5cf
core   0: 0x8000ad24 (0x0094f5b3) and     a1, s1, s1
core   0: 3 0x8000ad24 (0x0094f5b3) x11 0xfffffdf6
core   0: 0x8000ad28 (0x01ad4d33) xor     s10, s10, s10
core   0: 3 0x8000ad28 (0x01ad4d33) x26 0x00000000
core   0: 0x8000ad2c (0xfd510583) lb      a1, -43(sp)
core   0: 3 0x8000ad2c (0xfd510583) x11 0x0000001b mem 0x800201a6
core   0: 0x8000ad30 (0x00610a23) sb      t1, 20(sp)
core   0: 3 0x8000ad30 (0x00610a23) mem 0x800201e5 0x49
core   0: 0x8000ad34 (0x6a14ed13) ori     s10, s1, 1697
core   0: 3 0x8000ad34 (0x6a14ed13) x26 0xfffffff7
core   0: 0x8000ad38 (0x2905e593) ori     a1, a1, 656
core   0: 3 0x8000ad38 (0x2905e593) x11 0x0000029b
core   0: 0x8000ad3c (0x03814303) lbu     t1, 56(sp)
core   0: 3 0x8000ad3c (0x03814303) x 6 0x00000079 mem 0x80020209
core   0: 0x8000ad40 (0x00000013) nop
core   0: 3 0x8000ad40 (0x00000013)
core   0: 0x8000ad44 (0x009d7333) and     t1, s10, s1
core   0: 3 0x8000ad44 (0x009d7333) x 6 0xfffffdf6
core   0: 0x8000ad48 (0x0000100f) fence.i
core   0: 3 0x8000ad48 (0x0000100f)
core   0: 0x8000ad4c (0xc05324b7) lui     s1, 0xc0532
core   0: 3 0x8000ad4c (0xc05324b7) x 9 0xc0532000
core   0: 0x8000ad50 (0x00b5a5b3) slt     a1, a1, a1
core   0: 3 0x8000ad50 (0x00b5a5b3) x11 0x00000000
core   0: 0x8000ad54 (0x70fb4313) xori    t1, s6, 1807
core   0: 3 0x8000ad54 (0x70fb4313) x 6 0x0000070f
core   0: 0x8000ad58 (0x02910623) sb      s1, 44(sp)
core   0: 3 0x8000ad58 (0x02910623) mem 0x800201fd 0x0
core   0: 0x8000ad5c (0xfe014b03) lbu     s6, -32(sp)
core   0: 3 0x8000ad5c (0xfe014b03) x22 0x00000090 mem 0x800201b1
core   0: 0x8000ad60 (0xfd712b03) lw      s6, -41(sp)
core   0: 3 0x8000ad60 (0xfd712b03) x22 0x5549b80f mem 0x800201a8
core   0: 0x8000ad64 (0x40035593) srai    a1, t1, 0
core   0: 3 0x8000ad64 (0x40035593) x11 0x0000070f
core   0: 0x8000ad68 (0xa37d6b13) ori     s6, s10, -1481
core   0: 3 0x8000ad68 (0xa37d6b13) x22 0xfffffff7
core   0: 0x8000ad6c (0x03a11ea3) sh      s10, 61(sp)
core   0: 3 0x8000ad6c (0x03a11ea3) mem 0x8002020e 0xfff7
core   0: 0x8000ad70 (0x16e5eb13) ori     s6, a1, 366
core   0: 3 0x8000ad70 (0x16e5eb13) x22 0x0000076f
core   0: 0x8000ad74 (0x00ed5313) srli    t1, s10, 14
core   0: 3 0x8000ad74 (0x00ed5313) x 6 0x0003ffff
core   0: 0x8000ad78 (0x00000013) nop
core   0: 3 0x8000ad78 (0x00000013)
core   0: 0x8000ad7c (0xfd610723) sb      s6, -50(sp)
core   0: 3 0x8000ad7c (0xfd610723) mem 0x8002019f 0x6f
core   0: 0x8000ad80 (0xfe314d03) lbu     s10, -29(sp)
core   0: 3 0x8000ad80 (0xfe314d03) x26 0x000000f6 mem 0x800201b4
core   0: 0x8000ad84 (0xfc6101a3) sb      t1, -61(sp)
core   0: 3 0x8000ad84 (0xfc6101a3) mem 0x80020194 0xff
core   0: 0x8000ad88 (0x0000100f) fence.i
core   0: 3 0x8000ad88 (0x0000100f)
core   0: 0x8000ad8c (0xfcc10583) lb      a1, -52(sp)
core   0: 3 0x8000ad8c (0xfcc10583) x11 0x0000006b mem 0x8002019d
core   0: 0x8000ad90 (0x02c114a3) sh      a2, 41(sp)
core   0: 3 0x8000ad90 (0x02c114a3) mem 0x800201fa 0xe5cf
core   0: 0x8000ad94 (0x00016d17) auipc   s10, 0x16
core   0: 3 0x8000ad94 (0x00016d17) x26 0x80020d94
core   0: 0x8000ad98 (0xfb3d0d13) addi    s10, s10, -77
core   0: 3 0x8000ad98 (0xfb3d0d13) x26 0x80020d47
core   0: 0x8000ad9c (0x0000ab17) auipc   s6, 0xa
core   0: 3 0x8000ad9c (0x0000ab17) x22 0x80014d9c
core   0: 0x8000ada0 (0x5e4b0b13) addi    s6, s6, 1508
core   0: 3 0x8000ada0 (0x5e4b0b13) x22 0x80015380
core   0: 0x8000ada4 (0x029d02a3) sb      s1, 37(s10)
core   0: 3 0x8000ada4 (0x029d02a3) mem 0x80020d6c 0x0
core   0: 0x8000ada8 (0x021d0b23) sb      ra, 54(s10)
core   0: 3 0x8000ada8 (0x021d0b23) mem 0x80020d7d 0x0
core   0: 0x8000adac (0x00012917) auipc   s2, 0x12
core   0: 3 0x8000adac (0x00012917) x18 0x8001cdac
core   0: 0x8000adb0 (0xb2c90913) addi    s2, s2, -1236
core   0: 3 0x8000adb0 (0xb2c90913) x18 0x8001c8d8
core   0: 0x8000adb4 (0x00017c97) auipc   s9, 0x17
core   0: 3 0x8000adb4 (0x00017c97) x25 0x80021db4
core   0: 0x8000adb8 (0x698c8c93) addi    s9, s9, 1688
core   0: 3 0x8000adb8 (0x698c8c93) x25 0x8002244c
core   0: 0x8000adbc (0xfe8b5603) lhu     a2, -24(s6)
core   0: 3 0x8000adbc (0xfe8b5603) x12 0x00002f30 mem 0x80015368
core   0: 0x8000adc0 (0xffdccf03) lbu     t5, -3(s9)
core   0: 3 0x8000adc0 (0xffdccf03) x30 0x00000078 mem 0x80022449
core   0: 0x8000adc4 (0xff3b4183) lbu     gp, -13(s6)
core   0: 3 0x8000adc4 (0xff3b4183) x 3 0x0000009f mem 0x80015373
core   0: 0x8000adc8 (0xff9c8f83) lb      t6, -7(s9)
core   0: 3 0x8000adc8 (0xff9c8f83) x31 0xffffffee mem 0x80022445
core   0: 0x8000adcc (0xff8c8283) lb      t0, -8(s9)
core   0: 3 0x8000adcc (0xff8c8283) x 5 0x0000003b mem 0x80022444
core   0: 0x8000add0 (0x0000c497) auipc   s1, 0xc
core   0: 3 0x8000add0 (0x0000c497) x 9 0x80016dd0
core   0: 0x8000add4 (0xdf848493) addi    s1, s1, -520
core   0: 3 0x8000add4 (0xdf848493) x 9 0x80016bc8
core   0: 0x8000add8 (0x03d90c23) sb      t4, 56(s2)
core   0: 3 0x8000add8 (0x03d90c23) mem 0x8001c910 0x1
core   0: 0x8000addc (0x03db0da3) sb      t4, 59(s6)
core   0: 3 0x8000addc (0x03db0da3) mem 0x800153bb 0x1
core   0: 0x8000ade0 (0x001c8c03) lb      s8, 1(s9)
core   0: 3 0x8000ade0 (0x001c8c03) x24 0x00000055 mem 0x8002244d
core   0: 0x8000ade4 (0x8234c383) lbu     t2, -2013(s1)
core   0: 3 0x8000ade4 (0x8234c383) x 7 0x000000bd mem 0x800163eb
core   0: 0x8000ade8 (0x00ecc683) lbu     a3, 14(s9)
core   0: 3 0x8000ade8 (0x00ecc683) x13 0x0000003a mem 0x8002245a
core   0: 0x8000adec (0xfffb0283) lb      t0, -1(s6)
core   0: 3 0x8000adec (0xfffb0283) x 5 0xffffffb8 mem 0x8001537f
core   0: 0x8000adf0 (0x01f907a3) sb      t6, 15(s2)
core   0: 3 0x8000adf0 (0x01f907a3) mem 0x8001c8e7 0xee
core   0: 0x8000adf4 (0xfe0d0923) sb      zero, -14(s10)
core   0: 3 0x8000adf4 (0xfe0d0923) mem 0x80020d39 0x0
core   0: 0x8000adf8 (0xff2c9c03) lh      s8, -14(s9)
core   0: 3 0x8000adf8 (0xff2c9c03) x24 0x0000079b mem 0x8002243e
core   0: 0x8000adfc (0xfdeb1703) lh      a4, -34(s6)
core   0: 3 0x8000adfc (0xfdeb1703) x14 0x0000634a mem 0x8001535e
core   0: 0x8000ae00 (0x2da49423) sh      s10, 712(s1)
core   0: 3 0x8000ae00 (0x2da49423) mem 0x80016e90 0x0d47
core   0: 0x8000ae04 (0x3194c683) lbu     a3, 793(s1)
core   0: 3 0x8000ae04 (0x3194c683) x13 0x00000099 mem 0x80016ee1
core   0: 0x8000ae08 (0xfd2d0fa3) sb      s2, -33(s10)
core   0: 3 0x8000ae08 (0xfd2d0fa3) mem 0x80020d26 0xd8
core   0: 0x8000ae0c (0xfdc92c03) lw      s8, -36(s2)
core   0: 3 0x8000ae0c (0xfdc92c03) x24 0xcc932eb8 mem 0x8001c8b4
core   0: 0x8000ae10 (0x000c9f03) lh      t5, 0(s9)
core   0: 3 0x8000ae10 (0x000c9f03) x30 0x000055c9 mem 0x8002244c
core   0: 0x8000ae14 (0x00bd4c03) lbu     s8, 11(s10)
core   0: 3 0x8000ae14 (0x00bd4c03) x24 0x00000050 mem 0x80020d52
core   0: 0x8000ae18 (0x02090fa3) sb      zero, 63(s2)
core   0: 3 0x8000ae18 (0x02090fa3) mem 0x8001c917 0x0
core   0: 0x8000ae1c (0xfc5d2203) lw      tp, -59(s10)
core   0: 3 0x8000ae1c (0xfc5d2203) x 4 0xb4231146 mem 0x80020d0c
core   0: 0x8000ae20 (0x010ca503) lw      a0, 16(s9)
core   0: 3 0x8000ae20 (0x010ca503) x10 0xbeac76aa mem 0x8002245c
core   0: 0x8000ae24 (0x015ca423) sw      s5, 8(s9)
core   0: 3 0x8000ae24 (0x015ca423) mem 0x80022454 0xffffff80
core   0: 0x8000ae28 (0x02390aa3) sb      gp, 53(s2)
core   0: 3 0x8000ae28 (0x02390aa3) mem 0x8001c90d 0x9f
core   0: 0x8000ae2c (0x00fc8983) lb      s3, 15(s9)
core   0: 3 0x8000ae2c (0x00fc8983) x19 0x00000024 mem 0x8002245b
core   0: 0x8000ae30 (0x45c4a103) lw      sp, 1116(s1)
core   0: 3 0x8000ae30 (0x45c4a103) x 2 0xf1903659 mem 0x80017024
core   0: 0x8000ae34 (0x018b1703) lh      a4, 24(s6)
core   0: 3 0x8000ae34 (0x018b1703) x14 0xfffff67a mem 0x80015398
core   0: 0x8000ae38 (0xd104d583) lhu     a1, -752(s1)
core   0: 3 0x8000ae38 (0xd104d583) x11 0x0000b197 mem 0x800168d8
core   0: 0x8000ae3c (0x00015c17) auipc   s8, 0x15
core   0: 3 0x8000ae3c (0x00015c17) x24 0x8001fe3c
core   0: 0x8000ae40 (0x295c0c13) addi    s8, s8, 661
core   0: 3 0x8000ae40 (0x295c0c13) x24 0x800200d1
core   0: 0x8000ae44 (0x0ff0000f) fence   iorw,iorw
core   0: 3 0x8000ae44 (0x0ff0000f)
core   0: 0x8000ae48 (0x741c0083) lb      ra, 1857(s8)
core   0: 3 0x8000ae48 (0x741c0083) x 1 0x0000003f mem 0x80020812
core   0: 0x8000ae4c (0x0000100f) fence.i
core   0: 3 0x8000ae4c (0x0000100f)
core   0: 0x8000ae50 (0x00e0edb3) or      s11, ra, a4
core   0: 3 0x8000ae50 (0x00e0edb3) x27 0xfffff67f
core   0: 0x8000ae54 (0x4085dd93) srai    s11, a1, 8
core   0: 3 0x8000ae54 (0x4085dd93) x27 0x000000b1
core   0: 0x8000ae58 (0x00c0f0b3) and     ra, ra, a2
core   0: 3 0x8000ae58 (0x00c0f0b3) x 1 0x00000030
core   0: 0x8000ae5c (0x4ea0a093) slti    ra, ra, 1258
core   0: 3 0x8000ae5c (0x4ea0a093) x 1 0x00000001
core   0: 0x8000ae60 (0x534c0083) lb      ra, 1332(s8)
core   0: 3 0x8000ae60 (0x534c0083) x 1 0xffffffea mem 0x80020605
core   0: 0x8000ae64 (0x000dd093) srli    ra, s11, 0
core   0: 3 0x8000ae64 (0x000dd093) x 1 0x000000b1
core   0: 0x8000ae68 (0xa0ec0b23) sb      a4, -1514(s8)
core   0: 3 0x8000ae68 (0xa0ec0b23) mem 0x8001fae7 0x7a
core   0: 0x8000ae6c (0x00bde4b3) or      s1, s11, a1
core   0: 3 0x8000ae6c (0x00bde4b3) x 9 0x0000b1b7
core   0: 0x8000ae70 (0x12bc27a3) sw      a1, 303(s8)
core   0: 3 0x8000ae70 (0x12bc27a3) mem 0x80020200 0x0000b197
core   0: 0x8000ae74 (0x4164dd93) srai    s11, s1, 22
core   0: 3 0x8000ae74 (0x4164dd93) x27 0x00000000
core   0: 0x8000ae78 (0x60bc4703) lbu     a4, 1547(s8)
core   0: 3 0x8000ae78 (0x60bc4703) x14 0x00000000 mem 0x800206dc
core   0: 0x8000ae7c (0x929c0923) sb      s1, -1742(s8)
core   0: 3 0x8000ae7c (0x929c0923) mem 0x8001fa03 0xb7
core   0: 0x8000ae80 (0x01b5c0b3) xor     ra, a1, s11
core   0: 3 0x8000ae80 (0x01b5c0b3) x 1 0x0000b197
core   0: 0x8000ae84 (0xb20c4703) lbu     a4, -1248(s8)
core   0: 3 0x8000ae84 (0xb20c4703) x14 0x000000de mem 0x8001fbf1
core   0: 0x8000ae88 (0xfefdf613) andi    a2, s11, -17
core   0: 3 0x8000ae88 (0xfefdf613) x12 0x00000000
core   0: 0x8000ae8c (0xc3884737) lui     a4, 0xc3884
core   0: 3 0x8000ae8c (0xc3884737) x14 0xc3884000
core   0: 0x8000ae90 (0x41b48633) sub     a2, s1, s11
core   0: 3 0x8000ae90 (0x41b48633) x12 0x0000b1b7
core   0: 0x8000ae94 (0x9bcc0483) lb      s1, -1604(s8)
core   0: 3 0x8000ae94 (0x9bcc0483) x 9 0xffffff93 mem 0x8001fa8d
core   0: 0x8000ae98 (0xec0c0483) lb      s1, -320(s8)
core   0: 3 0x8000ae98 (0xec0c0483) x 9 0xffffff8e mem 0x8001ff91
core   0: 0x8000ae9c (0x8fac4583) lbu     a1, -1798(s8)
core   0: 3 0x8000ae9c (0x8fac4583) x11 0x00000055 mem 0x8001f9cb
core   0: 0x8000aea0 (0x30dc4603) lbu     a2, 781(s8)
core   0: 3 0x8000aea0 (0x30dc4603) x12 0x00000016 mem 0x800203de
core   0: 0x8000aea4 (0x406c0d83) lb      s11, 1030(s8)
core   0: 3 0x8000aea4 (0x406c0d83) x27 0xffffffe9 mem 0x800204d7
core   0: 0x8000aea8 (0x5ccc0d83) lb      s11, 1484(s8)
core   0: 3 0x8000aea8 (0x5ccc0d83) x27 0xffffffa2 mem 0x8002069d
core   0: 0x8000aeac (0x00009417) auipc   s0, 0x9
core   0: 3 0x8000aeac (0x00009417) x 8 0x80013eac
core   0: 0x8000aeb0 (0xe3b40413) addi    s0, s0, -453
core   0: 3 0x8000aeb0 (0xe3b40413) x 8 0x80013ce7
core   0: 0x8000aeb4 (0x00009097) auipc   ra, 0x9
core   0: 3 0x8000aeb4 (0x00009097) x 1 0x80013eb4
core   0: 0x8000aeb8 (0xed008093) addi    ra, ra, -304
core   0: 3 0x8000aeb8 (0xed008093) x 1 0x80013d84
core   0: 0x8000aebc (0x00009b17) auipc   s6, 0x9
core   0: 3 0x8000aebc (0x00009b17) x22 0x80013ebc
core   0: 0x8000aec0 (0xc55b0b13) addi    s6, s6, -939
core   0: 3 0x8000aec0 (0xc55b0b13) x22 0x80013b11
core   0: 0x8000aec4 (0x01a40703) lb      a4, 26(s0)
core   0: 3 0x8000aec4 (0x01a40703) x14 0xffffffdb mem 0x80013d01
core   0: 0x8000aec8 (0xff840c83) lb      s9, -8(s0)
core   0: 3 0x8000aec8 (0xff840c83) x25 0x0000005c mem 0x80013cdf
core   0: 0x8000aecc (0x0c6b0aa3) sb      t1, 213(s6)
core   0: 3 0x8000aecc (0x0c6b0aa3) mem 0x80013be6 0xff
core   0: 0x8000aed0 (0x03940f03) lb      t5, 57(s0)
core   0: 3 0x8000aed0 (0x03940f03) x30 0x00000017 mem 0x80013d20
core   0: 0x8000aed4 (0x00009c17) auipc   s8, 0x9
core   0: 3 0x8000aed4 (0x00009c17) x24 0x80013ed4
core   0: 0x8000aed8 (0xad7c0c13) addi    s8, s8, -1321
core   0: 3 0x8000aed8 (0xad7c0c13) x24 0x800139ab
core   0: 0x8000aedc (0x25708ca3) sb      s7, 601(ra)
core   0: 3 0x8000aedc (0x25708ca3) mem 0x80013fdd 0x81
core   0: 0x8000aee0 (0x0a3b0ba3) sb      gp, 183(s6)
core   0: 3 0x8000aee0 (0x0a3b0ba3) mem 0x80013bc8 0x9f
core   0: 0x8000aee4 (0xe0b0c603) lbu     a2, -501(ra)
core   0: 3 0x8000aee4 (0xe0b0c603) x12 0x00000074 mem 0x80013b8f
core   0: 0x8000aee8 (0x00d42103) lw      sp, 13(s0)
core   0: 3 0x8000aee8 (0x00d42103) x 2 0x9855e93a mem 0x80013cf4
core   0: 0x8000aeec (0x051b0903) lb      s2, 81(s6)
core   0: 3 0x8000aeec (0x051b0903) x18 0x0000001d mem 0x80013b62
core   0: 0x8000aef0 (0x075087a3) sb      s5, 111(ra)
core   0: 3 0x8000aef0 (0x075087a3) mem 0x80013df3 0x80
core   0: 0x8000aef4 (0xfeb40d23) sb      a1, -6(s0)
core   0: 3 0x8000aef4 (0xfeb40d23) mem 0x80013ce1 0x55
core   0: 0x8000aef8 (0x046b0923) sb      t1, 82(s6)
core   0: 3 0x8000aef8 (0x046b0923) mem 0x80013b63 0xff
core   0: 0x8000aefc (0xc76c4483) lbu     s1, -906(s8)
core   0: 3 0x8000aefc (0xc76c4483) x 9 0x000000df mem 0x80013621
core   0: 0x8000af00 (0x10c0a683) lw      a3, 268(ra)
core   0: 3 0x8000af00 (0x10c0a683) x13 0x40a643ea mem 0x80013e90
core   0: 0x8000af04 (0xd5208fa3) sb      s2, -673(ra)
core   0: 3 0x8000af04 (0xd5208fa3) mem 0x80013ae3 0x1d
core   0: 0x8000af08 (0xf81b5183) lhu     gp, -127(s6)
core   0: 3 0x8000af08 (0xf81b5183) x 3 0x0000bdd4 mem 0x80013a92
core   0: 0x8000af0c (0xa98c0303) lb      t1, -1384(s8)
core   0: 3 0x8000af0c (0xa98c0303) x 6 0xffffff9e mem 0x80013443
core   0: 0x8000af10 (0x17808d23) sb      s8, 378(ra)
core   0: 3 0x8000af10 (0x17808d23) mem 0x80013efe 0xab
core   0: 0x8000af14 (0x270c0983) lb      s3, 624(s8)
core   0: 3 0x8000af14 (0x270c0983) x19 0x0000003a mem 0x80013c1b
core   0: 0x8000af18 (0x02341103) lh      sp, 35(s0)
core   0: 3 0x8000af18 (0x02341103) x 2 0xffffd059 mem 0x80013d0a
core   0: 0x8000af1c (0x685c5203) lhu     tp, 1669(s8)
core   0: 3 0x8000af1c (0x685c5203) x 4 0x0000e78e mem 0x80014030
core   0: 0x8000af20 (0xfd740023) sb      s7, -64(s0)
core   0: 3 0x8000af20 (0xfd740023) mem 0x80013ca7 0x81
core   0: 0x8000af24 (0xd3f08e83) lb      t4, -705(ra)
core   0: 3 0x8000af24 (0xd3f08e83) x29 0xffffffab mem 0x80013ac3
core   0: 0x8000af28 (0x63fc0f83) lb      t6, 1599(s8)
core   0: 3 0x8000af28 (0x63fc0f83) x31 0xffffff8b mem 0x80013fea
core   0: 0x8000af2c (0x00012117) auipc   sp, 0x12
core   0: 3 0x8000af2c (0x00012117) x 2 0x8001cf2c
core   0: 0x8000af30 (0x7c910113) addi    sp, sp, 1993
core   0: 3 0x8000af30 (0x7c910113) x 2 0x8001d6f5
core   0: 0x8000af34 (0x01e10683) lb      a3, 30(sp)
core   0: 3 0x8000af34 (0x01e10683) x13 0xffffffcb mem 0x8001d713
core   0: 0x8000af38 (0xc729a993) slti    s3, s3, -910
core   0: 3 0x8000af38 (0xc729a993) x19 0x00000000
core   0: 0x8000af3c (0x00801f13) slli    t5, zero, 8
core   0: 3 0x8000af3c (0x00801f13) x30 0x00000000
core   0: 0x8000af40 (0x01710b23) sb      s7, 22(sp)
core   0: 3 0x8000af40 (0x01710b23) mem 0x8001d70b 0x81
core   0: 0x8000af44 (0xfc312ba3) sw      gp, -41(sp)
core   0: 3 0x8000af44 (0xfc312ba3) mem 0x8001d6cc 0x0000bdd4
core   0: 0x8000af48 (0xfd414a83) lbu     s5, -44(sp)
core   0: 3 0x8000af48 (0xfd414a83) x21 0x00000041 mem 0x8001d6c9
core   0: 0x8000af4c (0x00501393) slli    t2, zero, 5
core   0: 3 0x8000af4c (0x00501393) x 7 0x00000000
core   0: 0x8000af50 (0x02410123) sb      tp, 34(sp)
core   0: 3 0x8000af50 (0x02410123) mem 0x8001d717 0x8e
core   0: 0x8000af54 (0xa61bae13) slti    t3, s7, -1439
core   0: 3 0x8000af54 (0xa61bae13) x28 0x00000000
core   0: 0x8000af58 (0x1d978393) addi    t2, a5, 473
core   0: 3 0x8000af58 (0x1d978393) x 7 0x80028ff1
core   0: 0x8000af5c (0x4024d213) srai    tp, s1, 2
core   0: 3 0x8000af5c (0x4024d213) x 4 0x00000037
core   0: 0x8000af60 (0xad4d0b93) addi    s7, s10, -1324
core   0: 3 0x8000af60 (0xad4d0b93) x23 0x8002081b
core   0: 0x8000af64 (0x03f10423) sb      t6, 40(sp)
core   0: 3 0x8000af64 (0x03f10423) mem 0x8001d71d 0x8b
core   0: 0x8000af68 (0x0000100f) fence.i
core   0: 3 0x8000af68 (0x0000100f)
core   0: 0x8000af6c (0x008111a3) sh      s0, 3(sp)
core   0: 3 0x8000af6c (0x008111a3) mem 0x8001d6f8 0x3ce7
core   0: 0x8000af70 (0x01b4d213) srli    tp, s1, 27
core   0: 3 0x8000af70 (0x01b4d213) x 4 0x00000000
core   0: 0x8000af74 (0x0d49cb93) xori    s7, s3, 212
core   0: 3 0x8000af74 (0x0d49cb93) x23 0x000000d4
core   0: 0x8000af78 (0x005906b3) add     a3, s2, t0
core   0: 3 0x8000af78 (0x005906b3) x13 0xffffffd5
core   0: 0x8000af7c (0x009df933) and     s2, s11, s1
core   0: 3 0x8000af7c (0x009df933) x18 0x00000082
core   0: 0x8000af80 (0x006e9393) slli    t2, t4, 6
core   0: 3 0x8000af80 (0x006e9393) x 7 0xffffeac0
core   0: 0x8000af84 (0xff614a03) lbu     s4, -10(sp)
core   0: 3 0x8000af84 (0xff614a03) x20 0x000000ff mem 0x8001d6eb
core   0: 0x8000af88 (0xfd115683) lhu     a3, -47(sp)
core   0: 3 0x8000af88 (0xfd115683) x13 0x0000a285 mem 0x8001d6c6
core   0: 0x8000af8c (0x4a074293) xori    t0, a4, 1184
core   0: 3 0x8000af8c (0x4a074293) x 5 0xfffffb7b
core   0: 0x8000af90 (0xc5e5bc93) sltiu   s9, a1, -930
core   0: 3 0x8000af90 (0xc5e5bc93) x25 0x00000001
core   0: 0x8000af94 (0x00000013) nop
core   0: 3 0x8000af94 (0x00000013)
core   0: 0x8000af98 (0x0002f3b3) and     t2, t0, zero
core   0: 3 0x8000af98 (0x0002f3b3) x 7 0x00000000
core   0: 0x8000af9c (0x02312603) lw      a2, 35(sp)
core   0: 3 0x8000af9c (0x02312603) x12 0xf7291973 mem 0x8001d718
core   0: 0x8000afa0 (0x000da933) slt     s2, s11, zero
core   0: 3 0x8000afa0 (0x000da933) x18 0x00000001
core   0: 0x8000afa4 (0x00a10923) sb      a0, 18(sp)
core   0: 3 0x8000afa4 (0x00a10923) mem 0x8001d707 0xaa
core   0: 0x8000afa8 (0xde750413) addi    s0, a0, -537
core   0: 3 0x8000afa8 (0xde750413) x 8 0xbeac7491
core   0: 0x8000afac (0xfd9104a3) sb      s9, -55(sp)
core   0: 3 0x8000afac (0xfd9104a3) mem 0x8001d6be 0x1
core   0: 0x8000afb0 (0x93d223b7) lui     t2, 0x93d22
core   0: 3 0x8000afb0 (0x93d223b7) x 7 0x93d22000
core   0: 0x8000afb4 (0x00610503) lb      a0, 6(sp)
core   0: 3 0x8000afb4 (0x00610503) x10 0x00000007 mem 0x8001d6fb
core   0: 0x8000afb8 (0x00fc9a33) sll     s4, s9, a5
core   0: 3 0x8000afb8 (0x00fc9a33) x20 0x01000000
core   0: 0x8000afbc (0x01ba5c93) srli    s9, s4, 27
core   0: 3 0x8000afbc (0x01ba5c93) x25 0x00000000
core   0: 0x8000afc0 (0x013e4333) xor     t1, t3, s3
core   0: 3 0x8000afc0 (0x013e4333) x 6 0x00000000
core   0: 0x8000afc4 (0x02a14703) lbu     a4, 42(sp)
core   0: 3 0x8000afc4 (0x02a14703) x14 0x00000039 mem 0x8001d71f
core   0: 0x8000afc8 (0xff114b83) lbu     s7, -15(sp)
core   0: 3 0x8000afc8 (0xff114b83) x23 0x000000b1 mem 0x8001d6e6
core   0: 0x8000afcc (0x00009097) auipc   ra, 0x9
core   0: 3 0x8000afcc (0x00009097) x 1 0x80013fcc
core   0: 0x8000afd0 (0x9a908093) addi    ra, ra, -1623
core   0: 3 0x8000afd0 (0x9a908093) x 1 0x80013975
core   0: 0x8000afd4 (0x00008d97) auipc   s11, 0x8
core   0: 3 0x8000afd4 (0x00008d97) x27 0x80012fd4
core   0: 0x8000afd8 (0x0d9d8d93) addi    s11, s11, 217
core   0: 3 0x8000afd8 (0x0d9d8d93) x27 0x800130ad
core   0: 0x8000afdc (0x00009297) auipc   t0, 0x9
core   0: 3 0x8000afdc (0x00009297) x 5 0x80013fdc
core   0: 0x8000afe0 (0x91f28293) addi    t0, t0, -1761
core   0: 3 0x8000afe0 (0x91f28293) x 5 0x800138fb
core   0: 0x8000afe4 (0x0b809ea3) sh      s8, 189(ra)
core   0: 3 0x8000afe4 (0x0b809ea3) mem 0x80013a32 0x39ab
core   0: 0x8000afe8 (0x00009197) auipc   gp, 0x9
core   0: 3 0x8000afe8 (0x00009197) x 3 0x80013fe8
core   0: 0x8000afec (0x97e18193) addi    gp, gp, -1666
core   0: 3 0x8000afec (0x97e18193) x 3 0x80013966
core   0: 0x8000aff0 (0x01c2a0a3) sw      t3, 1(t0)
core   0: 3 0x8000aff0 (0x01c2a0a3) mem 0x800138fc 0x00000000
core   0: 0x8000aff4 (0x004182a3) sb      tp, 5(gp)
core   0: 3 0x8000aff4 (0x004182a3) mem 0x8001396b 0x0
core   0: 0x8000aff8 (0x00009397) auipc   t2, 0x9
core   0: 3 0x8000aff8 (0x00009397) x 7 0x80013ff8
core   0: 0x8000affc (0xf9338393) addi    t2, t2, -109
core   0: 3 0x8000affc (0xf9338393) x 7 0x80013f8b
core   0: 0x8000b000 (0xffb29003) lh      zero, -5(t0)
core   0: 3 0x8000b000 (0xffb29003) mem 0x800138f6
core   0: 0x8000b004 (0xffd2d403) lhu     s0, -3(t0)
core   0: 3 0x8000b004 (0xffd2d403) x 8 0x0000ac70 mem 0x800138f8
core   0: 0x8000b008 (0xff11cc03) lbu     s8, -15(gp)
core   0: 3 0x8000b008 (0xff11cc03) x24 0x00000000 mem 0x80013957
core   0: 0x8000b00c (0x81f39aa3) sh      t6, -2027(t2)
core   0: 3 0x8000b00c (0x81f39aa3) mem 0x800137a0 0xff8b
core   0: 0x8000b010 (0x00f2db83) lhu     s7, 15(t0)
core   0: 3 0x8000b010 (0x00f2db83) x23 0x0000a1ab mem 0x8001390a
core   0: 0x8000b014 (0xfeb08e23) sb      a1, -4(ra)
core   0: 3 0x8000b014 (0xfeb08e23) mem 0x80013971 0x55
core   0: 0x8000b018 (0x002297a3) sh      sp, 15(t0)
core   0: 3 0x8000b018 (0x002297a3) mem 0x8001390a 0xd6f5
core   0: 0x8000b01c (0x00918403) lb      s0, 9(gp)
core   0: 3 0x8000b01c (0x00918403) x 8 0x0000004a mem 0x8001396f
core   0: 0x8000b020 (0xffe28103) lb      sp, -2(t0)
core   0: 3 0x8000b020 (0xffe28103) x 2 0xffffffac mem 0x800138f9
core   0: 0x8000b024 (0x003d9c03) lh      s8, 3(s11)
core   0: 3 0x8000b024 (0x003d9c03) x24 0xffffc1f4 mem 0x800130b0
core   0: 0x8000b028 (0xda33cc03) lbu     s8, -605(t2)
core   0: 3 0x8000b028 (0xda33cc03) x24 0x00000002 mem 0x80013d2e
core   0: 0x8000b02c (0x00e2c503) lbu     a0, 14(t0)
core   0: 3 0x8000b02c (0x00e2c503) x10 0x000000cc mem 0x80013909
core   0: 0x8000b030 (0xfef18ca3) sb      a5, -7(gp)
core   0: 3 0x8000b030 (0xfef18ca3) mem 0x8001395f 0x18
core   0: 0x8000b034 (0xfebd8e23) sb      a1, -4(s11)
core   0: 3 0x8000b034 (0xfebd8e23) mem 0x800130a9 0x55
core   0: 0x8000b038 (0x00cd8523) sb      a2, 10(s11)
core   0: 3 0x8000b038 (0x00cd8523) mem 0x800130b7 0x73
core   0: 0x8000b03c (0x0091cc83) lbu     s9, 9(gp)
core   0: 3 0x8000b03c (0x0091cc83) x25 0x0000004a mem 0x8001396f
core   0: 0x8000b040 (0xff1d9203) lh      tp, -15(s11)
core   0: 3 0x8000b040 (0xff1d9203) x 4 0xfffff5e3 mem 0x8001309e
core   0: 0x8000b044 (0x0aa08a83) lb      s5, 170(ra)
core   0: 3 0x8000b044 (0x0aa08a83) x21 0xffffff94 mem 0x80013a1f
core   0: 0x8000b048 (0xf6508e03) lb      t3, -155(ra)
core   0: 3 0x8000b048 (0xf6508e03) x28 0xffffffe8 mem 0x800138da
core   0: 0x8000b04c (0x00f29583) lh      a1, 15(t0)
core   0: 3 0x8000b04c (0x00f29583) x11 0xffffd6f5 mem 0x8001390a
core   0: 0x8000b050 (0x09838523) sb      s8, 138(t2)
core   0: 3 0x8000b050 (0x09838523) mem 0x80014015 0x2
core   0: 0x8000b054 (0x00edc403) lbu     s0, 14(s11)
core   0: 3 0x8000b054 (0x00edc403) x 8 0x000000ea mem 0x800130bb
core   0: 0x8000b058 (0x0ea08423) sb      a0, 232(ra)
core   0: 3 0x8000b058 (0x0ea08423) mem 0x80013a5d 0xcc
core   0: 0x8000b05c (0xff1d9103) lh      sp, -15(s11)
core   0: 3 0x8000b05c (0xff1d9103) x 2 0xfffff5e3 mem 0x8001309e
core   0: 0x8000b060 (0xff61aa03) lw      s4, -10(gp)
core   0: 3 0x8000b060 (0xff61aa03) x20 0x188e9998 mem 0x8001395c
core   0: 0x8000b064 (0xff02c683) lbu     a3, -16(t0)
core   0: 3 0x8000b064 (0xff02c683) x13 0x000000a9 mem 0x800138eb
core   0: 0x8000b068 (0xff2d8103) lb      sp, -14(s11)
core   0: 3 0x8000b068 (0xff2d8103) x 2 0xfffffff5 mem 0x8001309f
core   0: 0x8000b06c (0xe803c303) lbu     t1, -384(t2)
core   0: 3 0x8000b06c (0xe803c303) x 6 0x000000a4 mem 0x80013e0b
core   0: 0x8000b070 (0xfe818ea3) sb      s0, -3(gp)
core   0: 3 0x8000b070 (0xfe818ea3) mem 0x80013963 0xea
core   0: 0x8000b074 (0xd883a4a3) sw      s0, -631(t2)
core   0: 3 0x8000b074 (0xd883a4a3) mem 0x80013d14 0x000000ea
core   0: 0x8000b078 (0xff1d8823) sb      a7, -16(s11)
core   0: 3 0x8000b078 (0xff1d8823) mem 0x8001309d 0xe4
core   0: 0x8000b07c (0xffd18ba3) sb      t4, -9(gp)
core   0: 3 0x8000b07c (0xffd18ba3) mem 0x8001395d 0xab
core   0: 0x8000b080 (0xff9d8b03) lb      s6, -7(s11)
core   0: 3 0x8000b080 (0xff9d8b03) x22 0x00000069 mem 0x800130a6
core   0: 0x8000b084 (0x00b28f03) lb      t5, 11(t0)
core   0: 3 0x8000b084 (0x00b28f03) x30 0xffffffd3 mem 0x80013906
core   0: 0x8000b088 (0x00008297) auipc   t0, 0x8
core   0: 3 0x8000b088 (0x00008297) x 5 0x80013088
core   0: 0x8000b08c (0x4b228293) addi    t0, t0, 1202
core   0: 3 0x8000b08c (0x4b228293) x 5 0x8001353a
core   0: 0x8000b090 (0xf0b28c03) lb      s8, -245(t0)
core   0: 3 0x8000b090 (0xf0b28c03) x24 0x00000004 mem 0x80013445
core   0: 0x8000b094 (0x0ea282a3) sb      a0, 229(t0)
core   0: 3 0x8000b094 (0x0ea282a3) mem 0x8001361f 0xcc
core   0: 0x8000b098 (0x0b32cc03) lbu     s8, 179(t0)
core   0: 3 0x8000b098 (0x0b32cc03) x24 0x00000000 mem 0x800135ed
core   0: 0x8000b09c (0x00011417) auipc   s0, 0x11
core   0: 3 0x8000b09c (0x00011417) x 8 0x8001c09c
core   0: 0x8000b0a0 (0x96940413) addi    s0, s0, -1687
core   0: 3 0x8000b0a0 (0x96940413) x 8 0x8001ba05
core   0: 0x8000b0a4 (0x0572cb83) lbu     s7, 87(t0)
core   0: 3 0x8000b0a4 (0x0572cb83) x23 0x00000053 mem 0x80013591
core   0: 0x8000b0a8 (0x01940223) sb      s9, 4(s0)
core   0: 3 0x8000b0a8 (0x01940223) mem 0x8001ba09 0x4a
core   0: 0x8000b0ac (0xffe44703) lbu     a4, -2(s0)
core   0: 3 0x8000b0ac (0xffe44703) x14 0x000000ae mem 0x8001ba03
core   0: 0x8000b0b0 (0xf092c083) lbu     ra, -247(t0)
core   0: 3 0x8000b0b0 (0xf092c083) x 1 0x0000009e mem 0x80013443
core   0: 0x8000b0b4 (0x01f423a3) sw      t6, 7(s0)
core   0: 3 0x8000b0b4 (0x01f423a3) mem 0x8001ba0c 0xffffff8b
core   0: 0x8000b0b8 (0xf89280a3) sb      s1, -127(t0)
core   0: 3 0x8000b0b8 (0xf89280a3) mem 0x800134bb 0xdf
core   0: 0x8000b0bc (0xff444b83) lbu     s7, -12(s0)
core   0: 3 0x8000b0bc (0xff444b83) x23 0x000000f7 mem 0x8001b9f9
core   0: 0x8000b0c0 (0xfb128623) sb      a7, -84(t0)
core   0: 3 0x8000b0c0 (0xfb128623) mem 0x800134e6 0xe4
core   0: 0x8000b0c4 (0xf85282a3) sb      t0, -123(t0)
core   0: 3 0x8000b0c4 (0xf85282a3) mem 0x800134bf 0x3a
core   0: 0x8000b0c8 (0xff540303) lb      t1, -11(s0)
core   0: 3 0x8000b0c8 (0xff540303) x 6 0x00000078 mem 0x8001b9fa
core   0: 0x8000b0cc (0x03029203) lh      tp, 48(t0)
core   0: 3 0x8000b0cc (0x03029203) x 4 0x00006086 mem 0x8001356a
core   0: 0x8000b0d0 (0x00009c17) auipc   s8, 0x9
core   0: 3 0x8000b0d0 (0x00009c17) x24 0x800140d0
core   0: 0x8000b0d4 (0x9e3c0c13) addi    s8, s8, -1565
core   0: 3 0x8000b0d4 (0x9e3c0c13) x24 0x80013ab3
core   0: 0x8000b0d8 (0x00009717) auipc   a4, 0x9
core   0: 3 0x8000b0d8 (0x00009717) x14 0x800140d8
core   0: 0x8000b0dc (0xd7a70713) addi    a4, a4, -646
core   0: 3 0x8000b0dc (0xd7a70713) x14 0x80013e52
core   0: 0x8000b0e0 (0x00ac0d83) lb      s11, 10(s8)
core   0: 3 0x8000b0e0 (0x00ac0d83) x27 0xffffffd9 mem 0x80013abd
core   0: 0x8000b0e4 (0x00008417) auipc   s0, 0x8
core   0: 3 0x8000b0e4 (0x00008417) x 8 0x800130e4
core   0: 0x8000b0e8 (0x44f40413) addi    s0, s0, 1103
core   0: 3 0x8000b0e8 (0x44f40413) x 8 0x80013533
core   0: 0x8000b0ec (0xff844d03) lbu     s10, -8(s0)
core   0: 3 0x8000b0ec (0xff844d03) x26 0x000000dd mem 0x8001352b
core   0: 0x8000b0f0 (0x01340823) sb      s3, 16(s0)
core   0: 3 0x8000b0f0 (0x01340823) mem 0x80013543 0x0
core   0: 0x8000b0f4 (0x00bc1e03) lh      t3, 11(s8)
core   0: 3 0x8000b0f4 (0x00bc1e03) x28 0xfffff1e3 mem 0x80013abe
core   0: 0x8000b0f8 (0x01b707a3) sb      s11, 15(a4)
core   0: 3 0x8000b0f8 (0x01b707a3) mem 0x80013e61 0xd9
core   0: 0x8000b0fc (0x001405a3) sb      ra, 11(s0)
core   0: 3 0x8000b0fc (0x001405a3) mem 0x8001353e 0x9e
core   0: 0x8000b100 (0x006c14a3) sh      t1, 9(s8)
core   0: 3 0x8000b100 (0x006c14a3) mem 0x80013abc 0x0078
core   0: 0x8000b104 (0x016c00a3) sb      s6, 1(s8)
core   0: 3 0x8000b104 (0x016c00a3) mem 0x80013ab4 0x69
core   0: 0x8000b108 (0xff140983) lb      s3, -15(s0)
core   0: 3 0x8000b108 (0xff140983) x19 0x00000034 mem 0x80013524
core   0: 0x8000b10c (0xff7c4103) lbu     sp, -9(s8)
core   0: 3 0x8000b10c (0xff7c4103) x 2 0x00000092 mem 0x80013aaa
core   0: 0x8000b110 (0xff870283) lb      t0, -8(a4)
core   0: 3 0x8000b110 (0xff870283) x 5 0xffffffbb mem 0x80013e4a
core   0: 0x8000b114 (0xff871f83) lh      t6, -8(a4)
core   0: 3 0x8000b114 (0xff871f83) x31 0x00003abb mem 0x80013e4a
core   0: 0x8000b118 (0xff1c28a3) sw      a7, -15(s8)
core   0: 3 0x8000b118 (0xff1c28a3) mem 0x80013aa4 0x8002cce4
core   0: 0x8000b11c (0x00874603) lbu     a2, 8(a4)
core   0: 3 0x8000b11c (0x00874603) x12 0x00000022 mem 0x80013e5a
core   0: 0x8000b120 (0x00744903) lbu     s2, 7(s0)
core   0: 3 0x8000b120 (0x00744903) x18 0x00000054 mem 0x8001353a
core   0: 0x8000b124 (0x00874f83) lbu     t6, 8(a4)
core   0: 3 0x8000b124 (0x00874f83) x31 0x00000022 mem 0x80013e5a
core   0: 0x8000b128 (0xff9c2303) lw      t1, -7(s8)
core   0: 3 0x8000b128 (0xff9c2303) x 6 0xcc50eb69 mem 0x80013aac
core   0: 0x8000b12c (0x00b70123) sb      a1, 2(a4)
core   0: 3 0x8000b12c (0x00b70123) mem 0x80013e54 0xf5
core   0: 0x8000b130 (0xfe3418a3) sh      gp, -15(s0)
core   0: 3 0x8000b130 (0xfe3418a3) mem 0x80013524 0x3966
core   0: 0x8000b134 (0x00300d13) li      s10, 3
core   0: 3 0x8000b134 (0x00300d13) x26 0x00000003
core   0: 0x8000b138 (0x00700c13) li      s8, 7
core   0: 3 0x8000b138 (0x00700c13) x24 0x00000007
core   0: 0x8000b13c (0x019b1933) sll     s2, s6, s9
core   0: 3 0x8000b13c (0x019b1933) x18 0x0001a400
core   0: 0x8000b140 (0x00000013) nop
core   0: 3 0x8000b140 (0x00000013)
core   0: 0x8000b144 (0x001d0d13) addi    s10, s10, 1
core   0: 3 0x8000b144 (0x001d0d13) x26 0x00000004
core   0: 0x8000b148 (0xff900393) li      t2, -7
core   0: 3 0x8000b148 (0xff900393) x 7 0xfffffff9
core   0: 0x8000b14c (0x0043c233) xor     tp, t2, tp
core   0: 3 0x8000b14c (0x0043c233) x 4 0xffff9f7f
core   0: 0x8000b150 (0x01400193) li      gp, 20
core   0: 3 0x8000b150 (0x01400193) x 3 0x00000014
core   0: 0x8000b154 (0x0641a693) slti    a3, gp, 100
core   0: 3 0x8000b154 (0x0641a693) x13 0x00000001
core   0: 0x8000b158 (0x00838393) addi    t2, t2, 8
core   0: 3 0x8000b158 (0x00838393) x 7 0x00000001
core   0: 0x8000b15c (0xfe33cce3) blt     t2, gp, pc - 8
core   0: 3 0x8000b15c (0xfe33cce3)
core   0: 0x8000b154 (0x0641a693) slti    a3, gp, 100
core   0: 3 0x8000b154 (0x0641a693) x13 0x00000001
core   0: 0x8000b158 (0x00838393) addi    t2, t2, 8
core   0: 3 0x8000b158 (0x00838393) x 7 0x00000009
core   0: 0x8000b15c (0xfe33cce3) blt     t2, gp, pc - 8
core   0: 3 0x8000b15c (0xfe33cce3)
core   0: 0x8000b154 (0x0641a693) slti    a3, gp, 100
core   0: 3 0x8000b154 (0x0641a693) x13 0x00000001
core   0: 0x8000b158 (0x00838393) addi    t2, t2, 8
core   0: 3 0x8000b158 (0x00838393) x 7 0x00000011
core   0: 0x8000b15c (0xfe33cce3) blt     t2, gp, pc - 8
core   0: 3 0x8000b15c (0xfe33cce3)
core   0: 0x8000b154 (0x0641a693) slti    a3, gp, 100
core   0: 3 0x8000b154 (0x0641a693) x13 0x00000001
core   0: 0x8000b158 (0x00838393) addi    t2, t2, 8
core   0: 3 0x8000b158 (0x00838393) x 7 0x00000019
core   0: 0x8000b15c (0xfe33cce3) blt     t2, gp, pc - 8
core   0: 3 0x8000b15c (0xfe33cce3)
core   0: 0x8000b160 (0x0000100f) fence.i
core   0: 3 0x8000b160 (0x0000100f)
core   0: 0x8000b164 (0xfd8d6ee3) bltu    s10, s8, pc - 36
core   0: 3 0x8000b164 (0xfd8d6ee3)
core   0: 0x8000b140 (0x00000013) nop
core   0: 3 0x8000b140 (0x00000013)
core   0: 0x8000b144 (0x001d0d13) addi    s10, s10, 1
core   0: 3 0x8000b144 (0x001d0d13) x26 0x00000005
core   0: 0x8000b148 (0xff900393) li      t2, -7
core   0: 3 0x8000b148 (0xff900393) x 7 0xfffffff9
core   0: 0x8000b14c (0x0043c233) xor     tp, t2, tp
core   0: 3 0x8000b14c (0x0043c233) x 4 0x00006086
core   0: 0x8000b150 (0x01400193) li      gp, 20
core   0: 3 0x8000b150 (0x01400193) x 3 0x00000014
core   0: 0x8000b154 (0x0641a693) slti    a3, gp, 100
core   0: 3 0x8000b154 (0x0641a693) x13 0x00000001
core   0: 0x8000b158 (0x00838393) addi    t2, t2, 8
core   0: 3 0x8000b158 (0x00838393) x 7 0x00000001
core   0: 0x8000b15c (0xfe33cce3) blt     t2, gp, pc - 8
core   0: 3 0x8000b15c (0xfe33cce3)
core   0: 0x8000b154 (0x0641a693) slti    a3, gp, 100
core   0: 3 0x8000b154 (0x0641a693) x13 0x00000001
core   0: 0x8000b158 (0x00838393) addi    t2, t2, 8
core   0: 3 0x8000b158 (0x00838393) x 7 0x00000009
core   0: 0x8000b15c (0xfe33cce3) blt     t2, gp, pc - 8
core   0: 3 0x8000b15c (0xfe33cce3)
core   0: 0x8000b154 (0x0641a693) slti    a3, gp, 100
core   0: 3 0x8000b154 (0x0641a693) x13 0x00000001
core   0: 0x8000b158 (0x00838393) addi    t2, t2, 8
core   0: 3 0x8000b158 (0x00838393) x 7 0x00000011
core   0: 0x8000b15c (0xfe33cce3) blt     t2, gp, pc - 8
core   0: 3 0x8000b15c (0xfe33cce3)
core   0: 0x8000b154 (0x0641a693) slti    a3, gp, 100
core   0: 3 0x8000b154 (0x0641a693) x13 0x00000001
core   0: 0x8000b158 (0x00838393) addi    t2, t2, 8
core   0: 3 0x8000b158 (0x00838393) x 7 0x00000019
core   0: 0x8000b15c (0xfe33cce3) blt     t2, gp, pc - 8
core   0: 3 0x8000b15c (0xfe33cce3)
core   0: 0x8000b160 (0x0000100f) fence.i
core   0: 3 0x8000b160 (0x0000100f)
core   0: 0x8000b164 (0xfd8d6ee3) bltu    s10, s8, pc - 36
core   0: 3 0x8000b164 (0xfd8d6ee3)
core   0: 0x8000b140 (0x00000013) nop
core   0: 3 0x8000b140 (0x00000013)
core   0: 0x8000b144 (0x001d0d13) addi    s10, s10, 1
core   0: 3 0x8000b144 (0x001d0d13) x26 0x00000006
core   0: 0x8000b148 (0xff900393) li      t2, -7
core   0: 3 0x8000b148 (0xff900393) x 7 0xfffffff9
core   0: 0x8000b14c (0x0043c233) xor     tp, t2, tp
core   0: 3 0x8000b14c (0x0043c233) x 4 0xffff9f7f
core   0: 0x8000b150 (0x01400193) li      gp, 20
core   0: 3 0x8000b150 (0x01400193) x 3 0x00000014
core   0: 0x8000b154 (0x0641a693) slti    a3, gp, 100
core   0: 3 0x8000b154 (0x0641a693) x13 0x00000001
core   0: 0x8000b158 (0x00838393) addi    t2, t2, 8
core   0: 3 0x8000b158 (0x00838393) x 7 0x00000001
core   0: 0x8000b15c (0xfe33cce3) blt     t2, gp, pc - 8
core   0: 3 0x8000b15c (0xfe33cce3)
core   0: 0x8000b154 (0x0641a693) slti    a3, gp, 100
core   0: 3 0x8000b154 (0x0641a693) x13 0x00000001
core   0: 0x8000b158 (0x00838393) addi    t2, t2, 8
core   0: 3 0x8000b158 (0x00838393) x 7 0x00000009
core   0: 0x8000b15c (0xfe33cce3) blt     t2, gp, pc - 8
core   0: 3 0x8000b15c (0xfe33cce3)
core   0: 0x8000b154 (0x0641a693) slti    a3, gp, 100
core   0: 3 0x8000b154 (0x0641a693) x13 0x00000001
core   0: 0x8000b158 (0x00838393) addi    t2, t2, 8
core   0: 3 0x8000b158 (0x00838393) x 7 0x00000011
core   0: 0x8000b15c (0xfe33cce3) blt     t2, gp, pc - 8
core   0: 3 0x8000b15c (0xfe33cce3)
core   0: 0x8000b154 (0x0641a693) slti    a3, gp, 100
core   0: 3 0x8000b154 (0x0641a693) x13 0x00000001
core   0: 0x8000b158 (0x00838393) addi    t2, t2, 8
core   0: 3 0x8000b158 (0x00838393) x 7 0x00000019
core   0: 0x8000b15c (0xfe33cce3) blt     t2, gp, pc - 8
core   0: 3 0x8000b15c (0xfe33cce3)
core   0: 0x8000b160 (0x0000100f) fence.i
core   0: 3 0x8000b160 (0x0000100f)
core   0: 0x8000b164 (0xfd8d6ee3) bltu    s10, s8, pc - 36
core   0: 3 0x8000b164 (0xfd8d6ee3)
core   0: 0x8000b140 (0x00000013) nop
core   0: 3 0x8000b140 (0x00000013)
core   0: 0x8000b144 (0x001d0d13) addi    s10, s10, 1
core   0: 3 0x8000b144 (0x001d0d13) x26 0x00000007
core   0: 0x8000b148 (0xff900393) li      t2, -7
core   0: 3 0x8000b148 (0xff900393) x 7 0xfffffff9
core   0: 0x8000b14c (0x0043c233) xor     tp, t2, tp
core   0: 3 0x8000b14c (0x0043c233) x 4 0x00006086
core   0: 0x8000b150 (0x01400193) li      gp, 20
core   0: 3 0x8000b150 (0x01400193) x 3 0x00000014
core   0: 0x8000b154 (0x0641a693) slti    a3, gp, 100
core   0: 3 0x8000b154 (0x0641a693) x13 0x00000001
core   0: 0x8000b158 (0x00838393) addi    t2, t2, 8
core   0: 3 0x8000b158 (0x00838393) x 7 0x00000001
core   0: 0x8000b15c (0xfe33cce3) blt     t2, gp, pc - 8
core   0: 3 0x8000b15c (0xfe33cce3)
core   0: 0x8000b154 (0x0641a693) slti    a3, gp, 100
core   0: 3 0x8000b154 (0x0641a693) x13 0x00000001
core   0: 0x8000b158 (0x00838393) addi    t2, t2, 8
core   0: 3 0x8000b158 (0x00838393) x 7 0x00000009
core   0: 0x8000b15c (0xfe33cce3) blt     t2, gp, pc - 8
core   0: 3 0x8000b15c (0xfe33cce3)
core   0: 0x8000b154 (0x0641a693) slti    a3, gp, 100
core   0: 3 0x8000b154 (0x0641a693) x13 0x00000001
core   0: 0x8000b158 (0x00838393) addi    t2, t2, 8
core   0: 3 0x8000b158 (0x00838393) x 7 0x00000011
core   0: 0x8000b15c (0xfe33cce3) blt     t2, gp, pc - 8
core   0: 3 0x8000b15c (0xfe33cce3)
core   0: 0x8000b154 (0x0641a693) slti    a3, gp, 100
core   0: 3 0x8000b154 (0x0641a693) x13 0x00000001
core   0: 0x8000b158 (0x00838393) addi    t2, t2, 8
core   0: 3 0x8000b158 (0x00838393) x 7 0x00000019
core   0: 0x8000b15c (0xfe33cce3) blt     t2, gp, pc - 8
core   0: 3 0x8000b15c (0xfe33cce3)
core   0: 0x8000b160 (0x0000100f) fence.i
core   0: 3 0x8000b160 (0x0000100f)
core   0: 0x8000b164 (0xfd8d6ee3) bltu    s10, s8, pc - 36
core   0: 3 0x8000b164 (0xfd8d6ee3)
core   0: 0x8000b168 (0x01849e93) slli    t4, s1, 24
core   0: 3 0x8000b168 (0x01849e93) x29 0xdf000000
core   0: 0x8000b16c (0x00016b17) auipc   s6, 0x16
core   0: 3 0x8000b16c (0x00016b17) x22 0x8002116c
core   0: 0x8000b170 (0x279b0b13) addi    s6, s6, 633
core   0: 3 0x8000b170 (0x279b0b13) x22 0x800213e5
core   0: 0x8000b174 (0x160db913) sltiu   s2, s11, 352
core   0: 3 0x8000b174 (0x160db913) x18 0x00000000
core   0: 0x8000b178 (0x027b4e03) lbu     t3, 39(s6)
core   0: 3 0x8000b178 (0x027b4e03) x28 0x0000006a mem 0x8002140c
core   0: 0x8000b17c (0x0a4b0623) sb      tp, 172(s6)
core   0: 3 0x8000b17c (0x0a4b0623) mem 0x80021491 0x86
core   0: 0x8000b180 (0x00eb1fa3) sh      a4, 31(s6)
core   0: 3 0x8000b180 (0x00eb1fa3) mem 0x80021404 0x3e52
core   0: 0x8000b184 (0x0ff0000f) fence   iorw,iorw
core   0: 3 0x8000b184 (0x0ff0000f)
core   0: 0x8000b188 (0xb2050d93) addi    s11, a0, -1248
core   0: 3 0x8000b188 (0xb2050d93) x27 0xfffffbec
core   0: 0x8000b18c (0x015b3133) sltu    sp, s6, s5
core   0: 3 0x8000b18c (0x015b3133) x 2 0x00000001
core   0: 0x8000b190 (0xb6ceaf13) slti    t5, t4, -1172
core   0: 3 0x8000b190 (0xb6ceaf13) x30 0x00000001
core   0: 0x8000b194 (0x40d30933) sub     s2, t1, a3
core   0: 3 0x8000b194 (0x40d30933) x18 0xcc50eb68
core   0: 0x8000b198 (0x00000013) nop
core   0: 3 0x8000b198 (0x00000013)
core   0: 0x8000b19c (0x01540c33) add     s8, s0, s5
core   0: 3 0x8000b19c (0x01540c33) x24 0x800134c7
core   0: 0x8000b1a0 (0x01855613) srli    a2, a0, 24
core   0: 3 0x8000b1a0 (0x01855613) x12 0x00000000
core   0: 0x8000b1a4 (0x00408933) add     s2, ra, tp
core   0: 3 0x8000b1a4 (0x00408933) x18 0x00006124
core   0: 0x8000b1a8 (0x052b0123) sb      s2, 66(s6)
core   0: 3 0x8000b1a8 (0x052b0123) mem 0x80021427 0x24
core   0: 0x8000b1ac (0x00d71193) slli    gp, a4, 13
core   0: 3 0x8000b1ac (0x00d71193) x 3 0x27ca4000
core   0: 0x8000b1b0 (0xf2db0823) sb      a3, -208(s6)
core   0: 3 0x8000b1b0 (0xf2db0823) mem 0x80021315 0x1
core   0: 0x8000b1b4 (0xfc3b4f83) lbu     t6, -61(s6)
core   0: 3 0x8000b1b4 (0xfc3b4f83) x31 0x000000dd mem 0x800213a8
core   0: 0x8000b1b8 (0xf34b4283) lbu     t0, -204(s6)
core   0: 3 0x8000b1b8 (0xf34b4283) x 5 0x000000eb mem 0x80021319
core   0: 0x8000b1bc (0x4f2cec13) ori     s8, s9, 1266
core   0: 3 0x8000b1bc (0x4f2cec13) x24 0x000004fa
core   0: 0x8000b1c0 (0x2763e693) ori     a3, t2, 630
core   0: 3 0x8000b1c0 (0x2763e693) x13 0x0000027f
core   0: 0x8000b1c4 (0xf9bb0983) lb      s3, -101(s6)
core   0: 3 0x8000b1c4 (0xf9bb0983) x19 0xffffffd6 mem 0x80021380
core   0: 0x8000b1c8 (0x00165c93) srli    s9, a2, 1
core   0: 3 0x8000b1c8 (0x00165c93) x25 0x00000000
core   0: 0x8000b1cc (0x0d0b0323) sb      a6, 198(s6)
core   0: 3 0x8000b1cc (0x0d0b0323) mem 0x800214ab 0x0
core   0: 0x8000b1d0 (0x0f7b1303) lh      t1, 247(s6)
core   0: 3 0x8000b1d0 (0x0f7b1303) x 6 0xffffb82e mem 0x800214dc
core   0: 0x8000b1d4 (0x0000100f) fence.i
core   0: 3 0x8000b1d4 (0x0000100f)
core   0: 0x8000b1d8 (0x0aa26a13) ori     s4, tp, 170
core   0: 3 0x8000b1d8 (0x0aa26a13) x20 0x000060ae
core   0: 0x8000b1dc (0x01deb933) sltu    s2, t4, t4
core   0: 3 0x8000b1dc (0x01deb933) x18 0x00000000
core   0: 0x8000b1e0 (0x789e7917) auipc   s2, 0x789e7
core   0: 3 0x8000b1e0 (0x789e7917) x18 0xf89f21e0
core   0: 0x8000b1e4 (0x006d4533) xor     a0, s10, t1
core   0: 3 0x8000b1e4 (0x006d4533) x10 0xffffb829
core   0: 0x8000b1e8 (0x0ff0000f) fence   iorw,iorw
core   0: 3 0x8000b1e8 (0x0ff0000f)
core   0: 0x8000b1ec (0x4d64fd93) andi    s11, s1, 1238
core   0: 3 0x8000b1ec (0x4d64fd93) x27 0x000000d6
core   0: 0x8000b1f0 (0x0ebb19a3) sh      a1, 243(s6)
core   0: 3 0x8000b1f0 (0x0ebb19a3) mem 0x800214d8 0xd6f5
core   0: 0x8000b1f4 (0x01be5d93) srli    s11, t3, 27
core   0: 3 0x8000b1f4 (0x01be5d93) x27 0x00000000
core   0: 0x8000b1f8 (0xfdd50737) lui     a4, 0xfdd50
core   0: 3 0x8000b1f8 (0xfdd50737) x14 0xfdd50000
core   0: 0x8000b1fc (0xf79b0923) sb      s9, -142(s6)
core   0: 3 0x8000b1fc (0xf79b0923) mem 0x80021357 0x0
core   0: 0x8000b200 (0x00008117) auipc   sp, 0x8
core   0: 3 0x8000b200 (0x00008117) x 2 0x80013200
core   0: 0x8000b204 (0x01010113) addi    sp, sp, 16
core   0: 3 0x8000b204 (0x01010113) x 2 0x80013210
core   0: 0x8000b208 (0x0fd14e03) lbu     t3, 253(sp)
core   0: 3 0x8000b208 (0x0fd14e03) x28 0x00000065 mem 0x8001330d
core   0: 0x8000b20c (0x00ed9e33) sll     t3, s11, a4
core   0: 3 0x8000b20c (0x00ed9e33) x28 0x00000000
core   0: 0x8000b210 (0x0b514a03) lbu     s4, 181(sp)
core   0: 3 0x8000b210 (0x0b514a03) x20 0x000000ac mem 0x800132c5
core   0: 0x8000b214 (0x02e15c03) lhu     s8, 46(sp)
core   0: 3 0x8000b214 (0x02e15c03) x24 0x000038f1 mem 0x8001323e
core   0: 0x8000b218 (0x0c710923) sb      t2, 210(sp)
core   0: 3 0x8000b218 (0x0c710923) mem 0x800132e2 0x19
core   0: 0x8000b21c (0x64802e13) slti    t3, zero, 1608
core   0: 3 0x8000b21c (0x64802e13) x28 0x00000001
core   0: 0x8000b220 (0x00b2d4b3) srl     s1, t0, a1
core   0: 3 0x8000b220 (0x00b2d4b3) x 9 0x00000000
core   0: 0x8000b224 (0x413b89b3) sub     s3, s7, s3
core   0: 3 0x8000b224 (0x413b89b3) x19 0x00000121
core   0: 0x8000b228 (0x0fe5e9b7) lui     s3, 0xfe5e
core   0: 3 0x8000b228 (0x0fe5e9b7) x19 0x0fe5e000
core   0: 0x8000b22c (0x6f938513) addi    a0, t2, 1785
core   0: 3 0x8000b22c (0x6f938513) x10 0x00000712
core   0: 0x8000b230 (0xf0111f23) sh      ra, -226(sp)
core   0: 3 0x8000b230 (0xf0111f23) mem 0x8001312e 0x009e
core   0: 0x8000b234 (0x024104a3) sb      tp, 41(sp)
core   0: 3 0x8000b234 (0x024104a3) mem 0x80013239 0x86
core   0: 0x8000b238 (0xf2a14283) lbu     t0, -214(sp)
core   0: 3 0x8000b238 (0xf2a14283) x 5 0x0000001a mem 0x8001313a
core   0: 0x8000b23c (0x0a3101a3) sb      gp, 163(sp)
core   0: 3 0x8000b23c (0x0a3101a3) mem 0x800132b3 0x0
core   0: 0x8000b240 (0x0ae15583) lhu     a1, 174(sp)
core   0: 3 0x8000b240 (0x0ae15583) x11 0x0000ffff mem 0x800132be
core   0: 0x8000b244 (0xb423a037) lui     zero, 0xb423a
core   0: 3 0x8000b244 (0xb423a037)
core   0: 0x8000b248 (0x00000013) nop
core   0: 3 0x8000b248 (0x00000013)
core   0: 0x8000b24c (0x43171ab7) lui     s5, 0x43171
core   0: 3 0x8000b24c (0x43171ab7) x21 0x43171000
core   0: 0x8000b250 (0xfb611003) lh      zero, -74(sp)
core   0: 3 0x8000b250 (0xfb611003) mem 0x800131c6
core   0: 0x8000b254 (0xf4e10aa3) sb      a4, -171(sp)
core   0: 3 0x8000b254 (0xf4e10aa3) mem 0x80013165 0x0
core   0: 0x8000b258 (0x006735b3) sltu    a1, a4, t1
core   0: 3 0x8000b258 (0x006735b3) x11 0x00000001
core   0: 0x8000b25c (0x00000013) nop
core   0: 3 0x8000b25c (0x00000013)
core   0: 0x8000b260 (0xbb82c013) xori    zero, t0, -1096
core   0: 3 0x8000b260 (0xbb82c013)
core   0: 0x8000b264 (0x01e19193) slli    gp, gp, 30
core   0: 3 0x8000b264 (0x01e19193) x 3 0x00000000
core   0: 0x8000b268 (0x00b69c33) sll     s8, a3, a1
core   0: 3 0x8000b268 (0x00b69c33) x24 0x000004fe
core   0: 0x8000b26c (0x6610fb13) andi    s6, ra, 1633
core   0: 3 0x8000b26c (0x6610fb13) x22 0x00000000
core   0: 0x8000b270 (0x06710283) lb      t0, 103(sp)
core   0: 3 0x8000b270 (0x06710283) x 5 0xffffffef mem 0x80013277
core   0: 0x8000b274 (0x0a611923) sh      t1, 178(sp)
core   0: 3 0x8000b274 (0x0a611923) mem 0x800132c2 0xb82e
core   0: 0x8000b278 (0x09911e23) sh      s9, 156(sp)
core   0: 3 0x8000b278 (0x09911e23) mem 0x800132ac 0x0000
core   0: 0x8000b27c (0x08f10603) lb      a2, 143(sp)
core   0: 3 0x8000b27c (0x08f10603) x12 0xffffffc2 mem 0x8001329f
core   0: 0x8000b280 (0x403309b3) sub     s3, t1, gp
core   0: 3 0x8000b280 (0x403309b3) x19 0xffffb82e
core   0: 0x8000b284 (0xa490beb7) lui     t4, 0xa490b
core   0: 3 0x8000b284 (0xa490beb7) x29 0xa490b000
core   0: 0x8000b288 (0x009fe5b3) or      a1, t6, s1
core   0: 3 0x8000b288 (0x009fe5b3) x11 0x000000dd
core   0: 0x8000b28c (0xf4d105a3) sb      a3, -181(sp)
core   0: 3 0x8000b28c (0xf4d105a3) mem 0x8001315b 0x7f
core   0: 0x8000b290 (0x83bf6a13) ori     s4, t5, -1989
core   0: 3 0x8000b290 (0x83bf6a13) x20 0xfffff83b
core   0: 0x8000b294 (0xf8815203) lhu     tp, -120(sp)
core   0: 3 0x8000b294 (0xf8815203) x 4 0x00008066 mem 0x80013198
core   0: 0x8000b298 (0x002b69b3) or      s3, s6, sp
core   0: 3 0x8000b298 (0x002b69b3) x19 0x80013210
core   0: 0x8000b29c (0x06510383) lb      t2, 101(sp)
core   0: 3 0x8000b29c (0x06510383) x 7 0xfffffffe mem 0x80013275
core   0: 0x8000b2a0 (0x141d4537) lui     a0, 0x141d4
core   0: 3 0x8000b2a0 (0x141d4537) x10 0x141d4000
core   0: 0x8000b2a4 (0x000622b3) slt     t0, a2, zero
core   0: 3 0x8000b2a4 (0x000622b3) x 5 0x00000001
core   0: 0x8000b2a8 (0x01716933) or      s2, sp, s7
core   0: 3 0x8000b2a8 (0x01716933) x18 0x800132f7
core   0: 0x8000b2ac (0x01535913) srli    s2, t1, 21
core   0: 3 0x8000b2ac (0x01535913) x18 0x000007ff
core   0: 0x8000b2b0 (0x01a49e33) sll     t3, s1, s10
core   0: 3 0x8000b2b0 (0x01a49e33) x28 0x00000000
core   0: 0x8000b2b4 (0xfcd14903) lbu     s2, -51(sp)
core   0: 3 0x8000b2b4 (0xfcd14903) x18 0x000000b1 mem 0x800131dd
core   0: 0x8000b2b8 (0x7eb3ce93) xori    t4, t2, 2027
core   0: 3 0x8000b2b8 (0x7eb3ce93) x29 0xfffff815
core   0: 0x8000b2bc (0x21b74013) xori    zero, a4, 539
core   0: 3 0x8000b2bc (0x21b74013)
core   0: 0x8000b2c0 (0x00f50533) add     a0, a0, a5
core   0: 3 0x8000b2c0 (0x00f50533) x10 0x941fce18
core   0: 0x8000b2c4 (0x0b214683) lbu     a3, 178(sp)
core   0: 3 0x8000b2c4 (0x0b214683) x13 0x0000002e mem 0x800132c2
core   0: 0x8000b2c8 (0x0eb10483) lb      s1, 235(sp)
core   0: 3 0x8000b2c8 (0x0eb10483) x 9 0x00000021 mem 0x800132fb
core   0: 0x8000b2cc (0x004009ef) jal     s3, pc + 0x4
core   0: 3 0x8000b2cc (0x004009ef) x19 0x8000b2d0
core   0: 0x8000b2d0 (0x014000ef) jal     pc + 0x14
core   0: 3 0x8000b2d0 (0x014000ef) x 1 0x8000b2d4
core   0: 0x8000b2e4 (0xff5ff0ef) jal     pc - 0xc
core   0: 3 0x8000b2e4 (0xff5ff0ef) x 1 0x8000b2e8
core   0: 0x8000b2d8 (0x014000ef) jal     pc + 0x14
core   0: 3 0x8000b2d8 (0x014000ef) x 1 0x8000b2dc
core   0: 0x8000b2ec (0x014005ef) jal     a1, pc + 0x14
core   0: 3 0x8000b2ec (0x014005ef) x11 0x8000b2f0
core   0: 0x8000b300 (0xff5ff26f) jal     tp, pc - 0xc
core   0: 3 0x8000b300 (0xff5ff26f) x 4 0x8000b304
core   0: 0x8000b2f4 (0xff5ff0ef) jal     pc - 0xc
core   0: 3 0x8000b2f4 (0xff5ff0ef) x 1 0x8000b2f8
core   0: 0x8000b2e8 (0xff5ff0ef) jal     pc - 0xc
core   0: 3 0x8000b2e8 (0xff5ff0ef) x 1 0x8000b2ec
core   0: 0x8000b2dc (0x014003ef) jal     t2, pc + 0x14
core   0: 3 0x8000b2dc (0x014003ef) x 7 0x8000b2e0
core   0: 0x8000b2f0 (0x020000ef) jal     pc + 0x20
core   0: 3 0x8000b2f0 (0x020000ef) x 1 0x8000b2f4
core   0: 0x8000b310 (0xffdff0ef) jal     pc - 0x4
core   0: 3 0x8000b310 (0xffdff0ef) x 1 0x8000b314
core   0: 0x8000b30c (0xff9ff0ef) jal     pc - 0x8
core   0: 3 0x8000b30c (0xff9ff0ef) x 1 0x8000b310
core   0: 0x8000b304 (0x004000ef) jal     pc + 0x4
core   0: 3 0x8000b304 (0x004000ef) x 1 0x8000b308
core   0: 0x8000b308 (0xff5ff0ef) jal     pc - 0xc
core   0: 3 0x8000b308 (0xff5ff0ef) x 1 0x8000b30c
core   0: 0x8000b2fc (0xffdff0ef) jal     pc - 0x4
core   0: 3 0x8000b2fc (0xffdff0ef) x 1 0x8000b300
core   0: 0x8000b2f8 (0xfddff36f) jal     t1, pc - 0x24
core   0: 3 0x8000b2f8 (0xfddff36f) x 6 0x8000b2fc
core   0: 0x8000b2d4 (0x00c000ef) jal     pc + 0xc
core   0: 3 0x8000b2d4 (0x00c000ef) x 1 0x8000b2d8
core   0: 0x8000b2e0 (0x03400def) jal     s11, pc + 0x34
core   0: 3 0x8000b2e0 (0x03400def) x27 0x8000b2e4
core   0: 0x8000b314 (0x004bc6b3) xor     a3, s7, tp
core   0: 3 0x8000b314 (0x004bc6b3) x13 0x8000b3f3
core   0: 0x8000b318 (0x0000b117) auipc   sp, 0xb
core   0: 3 0x8000b318 (0x0000b117) x 2 0x80016318
core   0: 0x8000b31c (0xd8710113) addi    sp, sp, -633
core   0: 3 0x8000b31c (0xd8710113) x 2 0x8001609f
core   0: 0x8000b320 (0x00167cb3) and     s9, a2, ra
core   0: 3 0x8000b320 (0x00167cb3) x25 0x8000b2c0
core   0: 0x8000b324 (0xe6618193) addi    gp, gp, -410
core   0: 3 0x8000b324 (0xe6618193) x 3 0xfffffe66
core   0: 0x8000b328 (0xff115083) lhu     ra, -15(sp)
core   0: 3 0x8000b328 (0xff115083) x 1 0x0000733e mem 0x80016090
core   0: 0x8000b32c (0xfce118a3) sh      a4, -47(sp)
core   0: 3 0x8000b32c (0xfce118a3) mem 0x80016070 0x0000
core   0: 0x8000b330 (0x0ff0000f) fence   iorw,iorw
core   0: 3 0x8000b330 (0x0ff0000f)
core   0: 0x8000b334 (0x02010423) sb      zero, 40(sp)
core   0: 3 0x8000b334 (0x02010423) mem 0x800160c7 0x0
core   0: 0x8000b338 (0xfec111a3) sh      a2, -29(sp)
core   0: 3 0x8000b338 (0xfec111a3) mem 0x80016082 0xffc2
core   0: 0x8000b33c (0x019600b3) add     ra, a2, s9
core   0: 3 0x8000b33c (0x019600b3) x 1 0x8000b282
core   0: 0x8000b340 (0x418cd713) srai    a4, s9, 24
core   0: 3 0x8000b340 (0x418cd713) x14 0xffffff80
core   0: 0x8000b344 (0x0000100f) fence.i
core   0: 3 0x8000b344 (0x0000100f)
core   0: 0x8000b348 (0xe7e9d197) auipc   gp, 0xe7e9d
core   0: 3 0x8000b348 (0xe7e9d197) x 3 0x67ea8348
core   0: 0x8000b34c (0x02d14183) lbu     gp, 45(sp)
core   0: 3 0x8000b34c (0x02d14183) x 3 0x00000089 mem 0x800160cc
core   0: 0x8000b350 (0x01010083) lb      ra, 16(sp)
core   0: 3 0x8000b350 (0x01010083) x 1 0xffffffd5 mem 0x800160af
core   0: 0x8000b354 (0x0030b733) sltu    a4, ra, gp
core   0: 3 0x8000b354 (0x0030b733) x14 0x00000000
core   0: 0x8000b358 (0x00000013) nop
core   0: 3 0x8000b358 (0x00000013)
core   0: 0x8000b35c (0x40c08cb3) sub     s9, ra, a2
core   0: 3 0x8000b35c (0x40c08cb3) x25 0x00000013
core   0: 0x8000b360 (0x00110c23) sb      ra, 24(sp)
core   0: 3 0x8000b360 (0x00110c23) mem 0x800160b7 0xd5
core   0: 0x8000b364 (0xfed10083) lb      ra, -19(sp)
core   0: 3 0x8000b364 (0xfed10083) x 1 0xffffff8e mem 0x8001608c
core   0: 0x8000b368 (0x000061b3) or      gp, zero, zero
core   0: 3 0x8000b368 (0x000061b3) x 3 0x00000000
core   0: 0x8000b36c (0x00c63733) sltu    a4, a2, a2
core   0: 3 0x8000b36c (0x00c63733) x14 0x00000000
core   0: 0x8000b370 (0xfce14003) lbu     zero, -50(sp)
core   0: 3 0x8000b370 (0xfce14003) mem 0x8001606d
core   0: 0x8000b374 (0x00110183) lb      gp, 1(sp)
core   0: 3 0x8000b374 (0x00110183) x 3 0xffffff9e mem 0x800160a0
core   0: 0x8000b378 (0x5e91c713) xori    a4, gp, 1513
core   0: 3 0x8000b378 (0x5e91c713) x14 0xfffffa77
core   0: 0x8000b37c (0x00e66633) or      a2, a2, a4
core   0: 3 0x8000b37c (0x00e66633) x12 0xfffffff7
core   0: 0x8000b380 (0xff014c83) lbu     s9, -16(sp)
core   0: 3 0x8000b380 (0xff014c83) x25 0x00000093 mem 0x8001608f
core   0: 0x8000b384 (0x0000d117) auipc   sp, 0xd
core   0: 3 0x8000b384 (0x0000d117) x 2 0x80018384
core   0: 0x8000b388 (0x16210113) addi    sp, sp, 354
core   0: 3 0x8000b388 (0x16210113) x 2 0x800184e6
core   0: 0x8000b38c (0xff010583) lb      a1, -16(sp)
core   0: 3 0x8000b38c (0xff010583) x11 0xfffffff4 mem 0x800184d6
core   0: 0x8000b390 (0xffe12c83) lw      s9, -2(sp)
core   0: 3 0x8000b390 (0xffe12c83) x25 0x9abd8133 mem 0x800184e4
core   0: 0x8000b394 (0x00b10503) lb      a0, 11(sp)
core   0: 3 0x8000b394 (0x00b10503) x10 0x0000006b mem 0x800184f1
core   0: 0x8000b398 (0x00214c03) lbu     s8, 2(sp)
core   0: 3 0x8000b398 (0x00214c03) x24 0x0000006e mem 0x800184e8
core   0: 0x8000b39c (0x00011d17) auipc   s10, 0x11
core   0: 3 0x8000b39c (0x00011d17) x26 0x8001c39c
core   0: 0x8000b3a0 (0x2cdd0d13) addi    s10, s10, 717
core   0: 3 0x8000b3a0 (0x2cdd0d13) x26 0x8001c669
core   0: 0x8000b3a4 (0x00614003) lbu     zero, 6(sp)
core   0: 3 0x8000b3a4 (0x00614003) mem 0x800184ec
core   0: 0x8000b3a8 (0x001d1303) lh      t1, 1(s10)
core   0: 3 0x8000b3a8 (0x001d1303) x 6 0x00005d29 mem 0x8001c66a
core   0: 0x8000b3ac (0x00410003) lb      zero, 4(sp)
core   0: 3 0x8000b3ac (0x00410003) mem 0x800184ea
core   0: 0x8000b3b0 (0x00910283) lb      t0, 9(sp)
core   0: 3 0x8000b3b0 (0x00910283) x 5 0xffffff9d mem 0x800184ef
core   0: 0x8000b3b4 (0x00dd03a3) sb      a3, 7(s10)
core   0: 3 0x8000b3b4 (0x00dd03a3) mem 0x8001c670 0xf3
core   0: 0x8000b3b8 (0xfefd0c23) sb      a5, -8(s10)
core   0: 3 0x8000b3b8 (0xfefd0c23) mem 0x8001c661 0x18
core   0: 0x8000b3bc (0xff510f23) sb      s5, -2(sp)
core   0: 3 0x8000b3bc (0xff510f23) mem 0x800184e4 0x0
core   0: 0x8000b3c0 (0xff2d0e83) lb      t4, -14(s10)
core   0: 3 0x8000b3c0 (0xff2d0e83) x29 0xffffff82 mem 0x8001c65b
core   0: 0x8000b3c4 (0x00110483) lb      s1, 1(sp)
core   0: 3 0x8000b3c4 (0x00110483) x 9 0xffffff9a mem 0x800184e7
core   0: 0x8000b3c8 (0x008d0f03) lb      t5, 8(s10)
core   0: 3 0x8000b3c8 (0x008d0f03) x30 0xffffffcc mem 0x8001c671
core   0: 0x8000b3cc (0x001d0983) lb      s3, 1(s10)
core   0: 3 0x8000b3cc (0x001d0983) x19 0x00000029 mem 0x8001c66a
core   0: 0x8000b3d0 (0x01015683) lhu     a3, 16(sp)
core   0: 3 0x8000b3d0 (0x01015683) x13 0x0000a394 mem 0x800184f6
core   0: 0x8000b3d4 (0x00009597) auipc   a1, 0x9
core   0: 3 0x8000b3d4 (0x00009597) x11 0x800143d4
core   0: 0x8000b3d8 (0x83358593) addi    a1, a1, -1997
core   0: 3 0x8000b3d8 (0x83358593) x11 0x80013c07
core   0: 0x8000b3dc (0x01359d83) lh      s11, 19(a1)
core   0: 3 0x8000b3dc (0x01359d83) x27 0x00003ad7 mem 0x80013c1a
core   0: 0x8000b3e0 (0x00010397) auipc   t2, 0x10
core   0: 3 0x8000b3e0 (0x00010397) x 7 0x8001b3e0
core   0: 0x8000b3e4 (0x2a838393) addi    t2, t2, 680
core   0: 3 0x8000b3e4 (0x2a838393) x 7 0x8001b688
core   0: 0x8000b3e8 (0x03039c83) lh      s9, 48(t2)
core   0: 3 0x8000b3e8 (0x03039c83) x25 0x00002dcd mem 0x8001b6b8
core   0: 0x8000b3ec (0x02f5d983) lhu     s3, 47(a1)
core   0: 3 0x8000b3ec (0x02f5d983) x19 0x0000cd94 mem 0x80013c36
core   0: 0x8000b3f0 (0xfe73cd83) lbu     s11, -25(t2)
core   0: 3 0x8000b3f0 (0xfe73cd83) x27 0x00000031 mem 0x8001b66f
core   0: 0x8000b3f4 (0xfe35d283) lhu     t0, -29(a1)
core   0: 3 0x8000b3f4 (0xfe35d283) x 5 0x00008f23 mem 0x80013bea
core   0: 0x8000b3f8 (0xfde38c03) lb      s8, -34(t2)
core   0: 3 0x8000b3f8 (0xfde38c03) x24 0x00000049 mem 0x8001b666
core   0: 0x8000b3fc (0x02738e03) lb      t3, 39(t2)
core   0: 3 0x8000b3fc (0x02738e03) x28 0xffffffb8 mem 0x8001b6af
core   0: 0x8000b400 (0x0383d903) lhu     s2, 56(t2)
core   0: 3 0x8000b400 (0x0383d903) x18 0x00006ffd mem 0x8001b6c0
core   0: 0x8000b404 (0x03058a83) lb      s5, 48(a1)
core   0: 3 0x8000b404 (0x03058a83) x21 0xffffffcd mem 0x80013c37
core   0: 0x8000b408 (0x02f5dc03) lhu     s8, 47(a1)
core   0: 3 0x8000b408 (0x02f5dc03) x24 0x0000cd94 mem 0x80013c36
core   0: 0x8000b40c (0x0125c603) lbu     a2, 18(a1)
core   0: 3 0x8000b40c (0x0125c603) x12 0x0000006f mem 0x80013c19
core   0: 0x8000b410 (0x00938283) lb      t0, 9(t2)
core   0: 3 0x8000b410 (0x00938283) x 5 0x0000004f mem 0x8001b691
core   0: 0x8000b414 (0xfd45a0a3) sw      s4, -63(a1)
core   0: 3 0x8000b414 (0xfd45a0a3) mem 0x80013bc8 0xfffff83b
core   0: 0x8000b418 (0xffa39283) lh      t0, -6(t2)
core   0: 3 0x8000b418 (0xffa39283) x 5 0xffffdf3f mem 0x8001b682
core   0: 0x8000b41c (0x00012117) auipc   sp, 0x12
core   0: 3 0x8000b41c (0x00012117) x 2 0x8001d41c
core   0: 0x8000b420 (0x58c10113) addi    sp, sp, 1420
core   0: 3 0x8000b420 (0x58c10113) x 2 0x8001d9a8
core   0: 0x8000b424 (0x00018497) auipc   s1, 0x18
core   0: 3 0x8000b424 (0x00018497) x 9 0x80023424
core   0: 0x8000b428 (0x70648493) addi    s1, s1, 1798
core   0: 3 0x8000b428 (0x70648493) x 9 0x80023b2a
core   0: 0x8000b42c (0xff14c603) lbu     a2, -15(s1)
core   0: 3 0x8000b42c (0xff14c603) x12 0x00000038 mem 0x80023b1b
core   0: 0x8000b430 (0x9e214603) lbu     a2, -1566(sp)
core   0: 3 0x8000b430 (0x9e214603) x12 0x000000d5 mem 0x8001d38a
core   0: 0x8000b434 (0xa4e10683) lb      a3, -1458(sp)
core   0: 3 0x8000b434 (0xa4e10683) x13 0xffffffe1 mem 0x8001d3f6
core   0: 0x8000b438 (0x015487a3) sb      s5, 15(s1)
core   0: 3 0x8000b438 (0x015487a3) mem 0x80023b39 0xcd
core   0: 0x8000b43c (0x00948d03) lb      s10, 9(s1)
core   0: 3 0x8000b43c (0x00948d03) x26 0x0000006a mem 0x80023b33
core   0: 0x8000b440 (0x9a411283) lh      t0, -1628(sp)
core   0: 3 0x8000b440 (0x9a411283) x 5 0xffffc840 mem 0x8001d34c
core   0: 0x8000b444 (0x10c11623) sh      a2, 268(sp)
core   0: 3 0x8000b444 (0x10c11623) mem 0x8001dab4 0x00d5
core   0: 0x8000b448 (0x001487a3) sb      ra, 15(s1)
core   0: 3 0x8000b448 (0x001487a3) mem 0x80023b39 0x8e
core   0: 0x8000b44c (0x1c412423) sw      tp, 456(sp)
core   0: 3 0x8000b44c (0x1c412423) mem 0x8001db70 0x8000b304
core   0: 0x8000b450 (0x0064a903) lw      s2, 6(s1)
core   0: 3 0x8000b450 (0x0064a903) x18 0x6a4db233 mem 0x80023b30
core   0: 0x8000b454 (0x6d314c83) lbu     s9, 1747(sp)
core   0: 3 0x8000b454 (0x6d314c83) x25 0x0000002f mem 0x8001e07b
core   0: 0x8000b458 (0xff948e23) sb      s9, -4(s1)
core   0: 3 0x8000b458 (0xff948e23) mem 0x80023b26 0x2f
core   0: 0x8000b45c (0x15411203) lh      tp, 340(sp)
core   0: 3 0x8000b45c (0x15411203) x 4 0x00002092 mem 0x8001dafc
core   0: 0x8000b460 (0x8bd14583) lbu     a1, -1859(sp)
core   0: 3 0x8000b460 (0x8bd14583) x11 0x000000e1 mem 0x8001d265
core   0: 0x8000b464 (0x41310603) lb      a2, 1043(sp)
core   0: 3 0x8000b464 (0x41310603) x12 0x00000050 mem 0x8001ddbb
core   0: 0x8000b468 (0xff24c083) lbu     ra, -14(s1)
core   0: 3 0x8000b468 (0xff24c083) x 1 0x0000003a mem 0x80023b1c
core   0: 0x8000b46c (0x23a10703) lb      a4, 570(sp)
core   0: 3 0x8000b46c (0x23a10703) x14 0x0000004c mem 0x8001dbe2
core   0: 0x8000b470 (0x00008117) auipc   sp, 0x8
core   0: 3 0x8000b470 (0x00008117) x 2 0x80013470
core   0: 0x8000b474 (0x3b110113) addi    sp, sp, 945
core   0: 3 0x8000b474 (0x3b110113) x 2 0x80013821
core   0: 0x8000b478 (0x9fb3d737) lui     a4, 0x9fb3d
core   0: 3 0x8000b478 (0x9fb3d737) x14 0x9fb3d000
core   0: 0x8000b47c (0xfe34fe93) andi    t4, s1, -29
core   0: 3 0x8000b47c (0xfe34fe93) x29 0x80023b22
core   0: 0x8000b480 (0xfe010b83) lb      s7, -32(sp)
core   0: 3 0x8000b480 (0xfe010b83) x23 0xffffffc0 mem 0x80013801
core   0: 0x8000b484 (0x02610703) lb      a4, 38(sp)
core   0: 3 0x8000b484 (0x02610703) x14 0xffffffa2 mem 0x80013847
core   0: 0x8000b488 (0x037119a3) sh      s7, 51(sp)
core   0: 3 0x8000b488 (0x037119a3) mem 0x80013854 0xffc0
core   0: 0x8000b48c (0xfea10483) lb      s1, -22(sp)
core   0: 3 0x8000b48c (0xfea10483) x 9 0x00000073 mem 0x8001380b
core   0: 0x8000b490 (0x0ff0000f) fence   iorw,iorw
core   0: 3 0x8000b490 (0x0ff0000f)
core   0: 0x8000b494 (0x49448d13) addi    s10, s1, 1172
core   0: 3 0x8000b494 (0x49448d13) x26 0x00000507
core   0: 0x8000b498 (0x4164de93) srai    t4, s1, 22
core   0: 3 0x8000b498 (0x4164de93) x29 0x00000000
core   0: 0x8000b49c (0xc9bea493) slti    s1, t4, -869
core   0: 3 0x8000b49c (0xc9bea493) x 9 0x00000000
core   0: 0x8000b4a0 (0x01375e93) srli    t4, a4, 19
core   0: 3 0x8000b4a0 (0x01375e93) x29 0x00001fff
core   0: 0x8000b4a4 (0xfdc10003) lb      zero, -36(sp)
core   0: 3 0x8000b4a4 (0xfdc10003) mem 0x800137fd
core   0: 0x8000b4a8 (0x00077733) and     a4, a4, zero
core   0: 3 0x8000b4a8 (0x00077733) x14 0x00000000
core   0: 0x8000b4ac (0x2cabb013) sltiu   zero, s7, 714
core   0: 3 0x8000b4ac (0x2cabb013)
core   0: 0x8000b4b0 (0x02e10e83) lb      t4, 46(sp)
core   0: 3 0x8000b4b0 (0x02e10e83) x29 0xffffffc1 mem 0x8001384f
core   0: 0x8000b4b4 (0x00405713) srli    a4, zero, 4
core   0: 3 0x8000b4b4 (0x00405713) x14 0x00000000
core   0: 0x8000b4b8 (0x40005d13) srai    s10, zero, 0
core   0: 3 0x8000b4b8 (0x40005d13) x26 0x00000000
core   0: 0x8000b4bc (0x018bd493) srli    s1, s7, 24
core   0: 3 0x8000b4bc (0x018bd493) x 9 0x000000ff
core   0: 0x8000b4c0 (0xf6100493) li      s1, -159
core   0: 3 0x8000b4c0 (0xf6100493) x 9 0xffffff61
core   0: 0x8000b4c4 (0x0000100f) fence.i
core   0: 3 0x8000b4c4 (0x0000100f)
core   0: 0x8000b4c8 (0x01614483) lbu     s1, 22(sp)
core   0: 3 0x8000b4c8 (0x01614483) x 9 0x00000039 mem 0x80013837
core   0: 0x8000b4cc (0x4f5d3713) sltiu   a4, s10, 1269
core   0: 3 0x8000b4cc (0x4f5d3713) x14 0x00000001
core   0: 0x8000b4d0 (0x000bfd33) and     s10, s7, zero
core   0: 3 0x8000b4d0 (0x000bfd33) x26 0x00000000
core   0: 0x8000b4d4 (0x00000013) nop
core   0: 3 0x8000b4d4 (0x00000013)
core   0: 0x8000b4d8 (0x440d3d13) sltiu   s10, s10, 1088
core   0: 3 0x8000b4d8 (0x440d3d13) x26 0x00000001
core   0: 0x8000b4dc (0xfc910e23) sb      s1, -36(sp)
core   0: 3 0x8000b4dc (0xfc910e23) mem 0x800137fd 0x39
core   0: 0x8000b4e0 (0x00000013) nop
core   0: 3 0x8000b4e0 (0x00000013)
core   0: 0x8000b4e4 (0xfdd10823) sb      t4, -48(sp)
core   0: 3 0x8000b4e4 (0xfdd10823) mem 0x800137f1 0xc1
core   0: 0x8000b4e8 (0xcc524717) auipc   a4, 0xcc524
core   0: 3 0x8000b4e8 (0xcc524717) x14 0x4c52f4e8
core   0: 0x8000b4ec (0x0ff0000f) fence   iorw,iorw
core   0: 3 0x8000b4ec (0x0ff0000f)
core   0: 0x8000b4f0 (0x01305013) srli    zero, zero, 19
core   0: 3 0x8000b4f0 (0x01305013)
core   0: 0x8000b4f4 (0xd89bed13) ori     s10, s7, -631
core   0: 3 0x8000b4f4 (0xd89bed13) x26 0xffffffc9
core   0: 0x8000b4f8 (0xc17ead13) slti    s10, t4, -1001
core   0: 3 0x8000b4f8 (0xc17ead13) x26 0x00000000
core   0: 0x8000b4fc (0x01a10823) sb      s10, 16(sp)
core   0: 3 0x8000b4fc (0x01a10823) mem 0x80013831 0x0
core   0: 0x8000b500 (0xff410703) lb      a4, -12(sp)
core   0: 3 0x8000b500 (0xff410703) x14 0x00000013 mem 0x80013815
core   0: 0x8000b504 (0x00e02033) slt     zero, zero, a4
core   0: 3 0x8000b504 (0x00e02033)
core   0: 0x8000b508 (0x01a10c23) sb      s10, 24(sp)
core   0: 3 0x8000b508 (0x01a10c23) mem 0x80013839 0x0
core   0: 0x8000b50c (0xffe00693) li      a3, -2
core   0: 3 0x8000b50c (0xffe00693) x13 0xfffffffe
core   0: 0x8000b510 (0x01728033) add     zero, t0, s7
core   0: 3 0x8000b510 (0x01728033)
core   0: 0x8000b514 (0x40db0fb3) sub     t6, s6, a3
core   0: 3 0x8000b514 (0x40db0fb3) x31 0x00000002
core   0: 0x8000b518 (0x40f15733) sra     a4, sp, a5
core   0: 3 0x8000b518 (0x40f15733) x14 0xffffff80
core   0: 0x8000b51c (0xb9423713) sltiu   a4, tp, -1132
core   0: 3 0x8000b51c (0xb9423713) x14 0x00000001
core   0: 0x8000b520 (0x01a3f1b3) and     gp, t2, s10
core   0: 3 0x8000b520 (0x01a3f1b3) x 3 0x00000000
core   0: 0x8000b524 (0xfff00e93) li      t4, -1
core   0: 3 0x8000b524 (0xfff00e93) x29 0xffffffff
core   0: 0x8000b528 (0x001af2b3) and     t0, s5, ra
core   0: 3 0x8000b528 (0x001af2b3) x 5 0x00000008
core   0: 0x8000b52c (0x002e85b3) add     a1, t4, sp
core   0: 3 0x8000b52c (0x002e85b3) x11 0x80013820
core   0: 0x8000b530 (0x00168693) addi    a3, a3, 1
core   0: 3 0x8000b530 (0x00168693) x13 0xffffffff
core   0: 0x8000b534 (0x4017d313) srai    t1, a5, 1
core   0: 3 0x8000b534 (0x4017d313) x 6 0xc001470c
core   0: 0x8000b538 (0xafc8f613) andi    a2, a7, -1284
core   0: 3 0x8000b538 (0xafc8f613) x12 0x8002c8e4
core   0: 0x8000b53c (0x00700513) li      a0, 7
core   0: 3 0x8000b53c (0x00700513) x10 0x00000007
core   0: 0x8000b540 (0xe255b613) sltiu   a2, a1, -475
core   0: 3 0x8000b540 (0xe255b613) x12 0x00000001
core   0: 0x8000b544 (0x4034d293) srai    t0, s1, 3
core   0: 3 0x8000b544 (0x4034d293) x 5 0x00000007
core   0: 0x8000b548 (0x00f00b13) li      s6, 15
core   0: 3 0x8000b548 (0x00f00b13) x22 0x0000000f
core   0: 0x8000b54c (0x004d0433) add     s0, s10, tp
core   0: 3 0x8000b54c (0x004d0433) x 8 0x00002092
core   0: 0x8000b550 (0x55ef0293) addi    t0, t5, 1374
core   0: 3 0x8000b550 (0x55ef0293) x 5 0x0000052a
core   0: 0x8000b554 (0xd91ca613) slti    a2, s9, -623
core   0: 3 0x8000b554 (0xd91ca613) x12 0x00000000
core   0: 0x8000b558 (0x658cd237) lui     tp, 0x658cd
core   0: 3 0x8000b558 (0x658cd237) x 4 0x658cd000
core   0: 0x8000b55c (0x01fbfc33) and     s8, s7, t6
core   0: 3 0x8000b55c (0x01fbfc33) x24 0x00000000
core   0: 0x8000b560 (0x014adcb3) srl     s9, s5, s4
core   0: 3 0x8000b560 (0x014adcb3) x25 0x0000001f
core   0: 0x8000b564 (0x41c25193) srai    gp, tp, 28
core   0: 3 0x8000b564 (0x41c25193) x 3 0x00000006
core   0: 0x8000b568 (0x00450513) addi    a0, a0, 4
core   0: 3 0x8000b568 (0x00450513) x10 0x0000000b
core   0: 0x8000b56c (0x40dad9b3) sra     s3, s5, a3
core   0: 3 0x8000b56c (0x40dad9b3) x19 0xffffffff
core   0: 0x8000b570 (0x0000100f) fence.i
core   0: 3 0x8000b570 (0x0000100f)
core   0: 0x8000b574 (0x00955213) srli    tp, a0, 9
core   0: 3 0x8000b574 (0x00955213) x 4 0x00000000
core   0: 0x8000b578 (0xfd656ee3) bltu    a0, s6, pc - 36
core   0: 3 0x8000b578 (0xfd656ee3)
core   0: 0x8000b554 (0xd91ca613) slti    a2, s9, -623
core   0: 3 0x8000b554 (0xd91ca613) x12 0x00000000
core   0: 0x8000b558 (0x658cd237) lui     tp, 0x658cd
core   0: 3 0x8000b558 (0x658cd237) x 4 0x658cd000
core   0: 0x8000b55c (0x01fbfc33) and     s8, s7, t6
core   0: 3 0x8000b55c (0x01fbfc33) x24 0x00000000
core   0: 0x8000b560 (0x014adcb3) srl     s9, s5, s4
core   0: 3 0x8000b560 (0x014adcb3) x25 0x0000001f
core   0: 0x8000b564 (0x41c25193) srai    gp, tp, 28
core   0: 3 0x8000b564 (0x41c25193) x 3 0x00000006
core   0: 0x8000b568 (0x00450513) addi    a0, a0, 4
core   0: 3 0x8000b568 (0x00450513) x10 0x0000000f
core   0: 0x8000b56c (0x40dad9b3) sra     s3, s5, a3
core   0: 3 0x8000b56c (0x40dad9b3) x19 0xffffffff
core   0: 0x8000b570 (0x0000100f) fence.i
core   0: 3 0x8000b570 (0x0000100f)
core   0: 0x8000b574 (0x00955213) srli    tp, a0, 9
core   0: 3 0x8000b574 (0x00955213) x 4 0x00000000
core   0: 0x8000b578 (0xfd656ee3) bltu    a0, s6, pc - 36
core   0: 3 0x8000b578 (0xfd656ee3)
core   0: 0x8000b57c (0xfbd6c6e3) blt     a3, t4, pc - 84
core   0: 3 0x8000b57c (0xfbd6c6e3)
core   0: 0x8000b580 (0x0124fc33) and     s8, s1, s2
core   0: 3 0x8000b580 (0x0124fc33) x24 0x00000031
core   0: 0x8000b584 (0x00008c17) auipc   s8, 0x8
core   0: 3 0x8000b584 (0x00008c17) x24 0x80013584
core   0: 0x8000b588 (0xc87c0c13) addi    s8, s8, -889
core   0: 3 0x8000b588 (0xc87c0c13) x24 0x8001320b
core   0: 0x8000b58c (0x00013a17) auipc   s4, 0x13
core   0: 3 0x8000b58c (0x00013a17) x20 0x8001e58c
core   0: 0x8000b590 (0x63ba0a13) addi    s4, s4, 1595
core   0: 3 0x8000b590 (0x63ba0a13) x20 0x8001ebc7
core   0: 0x8000b594 (0x98da0623) sb      a3, -1652(s4)
core   0: 3 0x8000b594 (0x98da0623) mem 0x8001e553 0xff
core   0: 0x8000b598 (0xf52c0e03) lb      t3, -174(s8)
core   0: 3 0x8000b598 (0xf52c0e03) x28 0x00000000 mem 0x8001315d
core   0: 0x8000b59c (0xf74c0403) lb      s0, -140(s8)
core   0: 3 0x8000b59c (0xf74c0403) x 8 0x0000006a mem 0x8001317f
core   0: 0x8000b5a0 (0x11ea4903) lbu     s2, 286(s4)
core   0: 3 0x8000b5a0 (0x11ea4903) x18 0x0000002a mem 0x8001ece5
core   0: 0x8000b5a4 (0xf6fc4f83) lbu     t6, -145(s8)
core   0: 3 0x8000b5a4 (0xf6fc4f83) x31 0x00000021 mem 0x8001317a
core   0: 0x8000b5a8 (0xf9fc0123) sb      t6, -126(s8)
core   0: 3 0x8000b5a8 (0xf9fc0123) mem 0x8001318d 0x21
core   0: 0x8000b5ac (0xfe2a1fa3) sh      sp, -1(s4)
core   0: 3 0x8000b5ac (0xfe2a1fa3) mem 0x8001ebc6 0x3821
core   0: 0x8000b5b0 (0xa2aa4703) lbu     a4, -1494(s4)
core   0: 3 0x8000b5b0 (0xa2aa4703) x14 0x00000051 mem 0x8001e5f1
core   0: 0x8000b5b4 (0xfe1c0123) sb      ra, -30(s8)
core   0: 3 0x8000b5b4 (0xfe1c0123) mem 0x800131ed 0x3a
core   0: 0x8000b5b8 (0x09ac4083) lbu     ra, 154(s8)
core   0: 3 0x8000b5b8 (0x09ac4083) x 1 0x00000089 mem 0x800132a5
core   0: 0x8000b5bc (0xf6dc5483) lhu     s1, -147(s8)
core   0: 3 0x8000b5bc (0xf6dc5483) x 9 0x00001ace mem 0x80013178
core   0: 0x8000b5c0 (0x877a5d83) lhu     s11, -1929(s4)
core   0: 3 0x8000b5c0 (0x877a5d83) x27 0x00005e57 mem 0x8001e43e
core   0: 0x8000b5c4 (0xf59c1083) lh      ra, -167(s8)
core   0: 3 0x8000b5c4 (0xf59c1083) x 1 0x000000f9 mem 0x80013164
core   0: 0x8000b5c8 (0x456a4003) lbu     zero, 1110(s4)
core   0: 3 0x8000b5c8 (0x456a4003) mem 0x8001f01d
core   0: 0x8000b5cc (0x00008117) auipc   sp, 0x8
core   0: 3 0x8000b5cc (0x00008117) x 2 0x800135cc
core   0: 0x8000b5d0 (0x5fc10113) addi    sp, sp, 1532
core   0: 3 0x8000b5d0 (0x5fc10113) x 2 0x80013bc8
core   0: 0x8000b5d4 (0x0e110483) lb      s1, 225(sp)
core   0: 3 0x8000b5d4 (0x0e110483) x 9 0x00000000 mem 0x80013ca9
core   0: 0x8000b5d8 (0xfad12823) sw      a3, -80(sp)
core   0: 3 0x8000b5d8 (0xfad12823) mem 0x80013b78 0xffffffff
core   0: 0x8000b5dc (0xfcd106a3) sb      a3, -51(sp)
core   0: 3 0x8000b5dc (0xfcd106a3) mem 0x80013b95 0xff
core   0: 0x8000b5e0 (0xf0d12623) sw      a3, -244(sp)
core   0: 3 0x8000b5e0 (0xf0d12623) mem 0x80013ad4 0xffffffff
core   0: 0x8000b5e4 (0xf3310483) lb      s1, -205(sp)
core   0: 3 0x8000b5e4 (0xf3310483) x 9 0xffffffdd mem 0x80013afb
core   0: 0x8000b5e8 (0x00000013) nop
core   0: 3 0x8000b5e8 (0x00000013)
core   0: 0x8000b5ec (0xd22b7513) andi    a0, s6, -734
core   0: 3 0x8000b5ec (0xd22b7513) x10 0x00000002
core   0: 0x8000b5f0 (0x05314983) lbu     s3, 83(sp)
core   0: 3 0x8000b5f0 (0x05314983) x19 0x0000003a mem 0x80013c1b
core   0: 0x8000b5f4 (0xfa610b03) lb      s6, -90(sp)
core   0: 3 0x8000b5f4 (0xfa610b03) x22 0xffffff88 mem 0x80013b6e
core   0: 0x8000b5f8 (0xfb012e03) lw      t3, -80(sp)
core   0: 3 0x8000b5f8 (0xfb012e03) x28 0xffffffff mem 0x80013b78
core   0: 0x8000b5fc (0x01ce2b33) slt     s6, t3, t3
core   0: 3 0x8000b5fc (0x01ce2b33) x22 0x00000000
core   0: 0x8000b600 (0x01c579b3) and     s3, a0, t3
core   0: 3 0x8000b600 (0x01c579b3) x19 0x00000002
core   0: 0x8000b604 (0x04d10023) sb      a3, 64(sp)
core   0: 3 0x8000b604 (0x04d10023) mem 0x80013c08 0xff
core   0: 0x8000b608 (0xf8710503) lb      a0, -121(sp)
core   0: 3 0x8000b608 (0xf8710503) x10 0xfffffff5 mem 0x80013b4f
core   0: 0x8000b60c (0x0cd14503) lbu     a0, 205(sp)
core   0: 3 0x8000b60c (0x0cd14503) x10 0x00000008 mem 0x80013c95
core   0: 0x8000b610 (0xf0e14683) lbu     a3, -242(sp)
core   0: 3 0x8000b610 (0xf0e14683) x13 0x000000ff mem 0x80013ad6
core   0: 0x8000b614 (0x0000100f) fence.i
core   0: 3 0x8000b614 (0x0000100f)
core   0: 0x8000b618 (0x00de29b3) slt     s3, t3, a3
core   0: 3 0x8000b618 (0x00de29b3) x19 0x00000001
core   0: 0x8000b61c (0xf4314983) lbu     s3, -189(sp)
core   0: 3 0x8000b61c (0xf4314983) x19 0x0000006f mem 0x80013b0b
core   0: 0x8000b620 (0x0000100f) fence.i
core   0: 3 0x8000b620 (0x0000100f)
core   0: 0x8000b624 (0xfc215683) lhu     a3, -62(sp)
core   0: 3 0x8000b624 (0xfc215683) x13 0x0000acbd mem 0x80013b8a
core   0: 0x8000b628 (0xf9c102a3) sb      t3, -123(sp)
core   0: 3 0x8000b628 (0xf9c102a3) mem 0x80013b4d 0xff
core   0: 0x8000b62c (0xd6ee6e13) ori     t3, t3, -658
core   0: 3 0x8000b62c (0xd6ee6e13) x28 0xffffffff
core   0: 0x8000b630 (0xfaa10f23) sb      a0, -66(sp)
core   0: 3 0x8000b630 (0xfaa10f23) mem 0x80013b86 0x8
core   0: 0x8000b634 (0x013e6533) or      a0, t3, s3
core   0: 3 0x8000b634 (0x013e6533) x10 0xffffffff
core   0: 0x8000b638 (0x00a6b533) sltu    a0, a3, a0
core   0: 3 0x8000b638 (0x00a6b533) x10 0x00000001
core   0: 0x8000b63c (0x0de14683) lbu     a3, 222(sp)
core   0: 3 0x8000b63c (0x0de14683) x13 0x000000cb mem 0x80013ca6
core   0: 0x8000b640 (0x4ab44e17) auipc   t3, 0x4ab44
core   0: 3 0x8000b640 (0x4ab44e17) x28 0xcab4f640
core   0: 0x8000b644 (0x40a484b3) sub     s1, s1, a0
core   0: 3 0x8000b644 (0x40a484b3) x 9 0xffffffdc
core   0: 0x8000b648 (0x00e69493) slli    s1, a3, 14
core   0: 3 0x8000b648 (0x00e69493) x 9 0x0032c000
core   0: 0x8000b64c (0xfd810483) lb      s1, -40(sp)
core   0: 3 0x8000b64c (0xfd810483) x 9 0x00000056 mem 0x80013ba0
core   0: 0x8000b650 (0xf430f4b7) lui     s1, 0xf430f
core   0: 3 0x8000b650 (0xf430f4b7) x 9 0xf430f000
core   0: 0x8000b654 (0x0a010983) lb      s3, 160(sp)
core   0: 3 0x8000b654 (0x0a010983) x19 0xffffffc3 mem 0x80013c68
core   0: 0x8000b658 (0x00008e17) auipc   t3, 0x8
core   0: 3 0x8000b658 (0x00008e17) x28 0x80013658
core   0: 0x8000b65c (0xa7fe0e13) addi    t3, t3, -1409
core   0: 3 0x8000b65c (0xa7fe0e13) x28 0x800130d7
core   0: 0x8000b660 (0x052e4483) lbu     s1, 82(t3)
core   0: 3 0x8000b660 (0x052e4483) x 9 0x000000ce mem 0x80013129
core   0: 0x8000b664 (0x052e0683) lb      a3, 82(t3)
core   0: 3 0x8000b664 (0x052e0683) x13 0xffffffce mem 0x80013129
core   0: 0x8000b668 (0x052e4c83) lbu     s9, 82(t3)
core   0: 3 0x8000b668 (0x052e4c83) x25 0x000000ce mem 0x80013129
core   0: 0x8000b66c (0x052e4683) lbu     a3, 82(t3)
core   0: 3 0x8000b66c (0x052e4683) x13 0x000000ce mem 0x80013129
core   0: 0x8000b670 (0x052e0503) lb      a0, 82(t3)
core   0: 3 0x8000b670 (0x052e0503) x10 0xffffffce mem 0x80013129
core   0: 0x8000b674 (0x052e0903) lb      s2, 82(t3)
core   0: 3 0x8000b674 (0x052e0903) x18 0xffffffce mem 0x80013129
core   0: 0x8000b678 (0x052e4483) lbu     s1, 82(t3)
core   0: 3 0x8000b678 (0x052e4483) x 9 0x000000ce mem 0x80013129
core   0: 0x8000b67c (0x00b83233) sltu    tp, a6, a1
core   0: 3 0x8000b67c (0x00b83233) x 4 0x00000001
core   0: 0x8000b680 (0x049e0923) sb      s1, 82(t3)
core   0: 3 0x8000b680 (0x049e0923) mem 0x80013129 0xce
core   0: 0x8000b684 (0x052e4d83) lbu     s11, 82(t3)
core   0: 3 0x8000b684 (0x052e4d83) x27 0x000000ce mem 0x80013129
core   0: 0x8000b688 (0x055e0923) sb      s5, 82(t3)
core   0: 3 0x8000b688 (0x055e0923) mem 0x80013129 0xcd
core   0: 0x8000b68c (0x00a50c33) add     s8, a0, a0
core   0: 3 0x8000b68c (0x00a50c33) x24 0xffffff9c
core   0: 0x8000b690 (0x052e0203) lb      tp, 82(t3)
core   0: 3 0x8000b690 (0x052e0203) x 4 0xffffffcd mem 0x80013129
core   0: 0x8000b694 (0x052e4283) lbu     t0, 82(t3)
core   0: 3 0x8000b694 (0x052e4283) x 5 0x000000cd mem 0x80013129
core   0: 0x8000b698 (0x04ae0923) sb      a0, 82(t3)
core   0: 3 0x8000b698 (0x04ae0923) mem 0x80013129 0xce
core   0: 0x8000b69c (0x053e0923) sb      s3, 82(t3)
core   0: 3 0x8000b69c (0x053e0923) mem 0x80013129 0xc3
core   0: 0x8000b6a0 (0x052e0703) lb      a4, 82(t3)
core   0: 3 0x8000b6a0 (0x052e0703) x14 0xffffffc3 mem 0x80013129
core   0: 0x8000b6a4 (0x05ce0923) sb      t3, 82(t3)
core   0: 3 0x8000b6a4 (0x05ce0923) mem 0x80013129 0xd7
core   0: 0x8000b6a8 (0x052e0603) lb      a2, 82(t3)
core   0: 3 0x8000b6a8 (0x052e0603) x12 0xffffffd7 mem 0x80013129
core   0: 0x8000b6ac (0x041e0923) sb      ra, 82(t3)
core   0: 3 0x8000b6ac (0x041e0923) mem 0x80013129 0xf9
core   0: 0x8000b6b0 (0x052e0583) lb      a1, 82(t3)
core   0: 3 0x8000b6b0 (0x052e0583) x11 0xfffffff9 mem 0x80013129
core   0: 0x8000b6b4 (0x00700593) li      a1, 7
core   0: 3 0x8000b6b4 (0x00700593) x11 0x00000007
core   0: 0x8000b6b8 (0x8f28a693) slti    a3, a7, -1806
core   0: 3 0x8000b6b8 (0x8f28a693) x13 0x00000001
core   0: 0x8000b6bc (0x0ff0000f) fence   iorw,iorw
core   0: 3 0x8000b6bc (0x0ff0000f)
core   0: 0x8000b6c0 (0x005d9233) sll     tp, s11, t0
core   0: 3 0x8000b6c0 (0x005d9233) x 4 0x0019c000
core   0: 0x8000b6c4 (0x0000100f) fence.i
core   0: 3 0x8000b6c4 (0x0000100f)
core   0: 0x8000b6c8 (0x00971cb3) sll     s9, a4, s1
core   0: 3 0x8000b6c8 (0x00971cb3) x25 0xfff0c000
core   0: 0x8000b6cc (0x525d1f37) lui     t5, 0x525d1
core   0: 3 0x8000b6cc (0x525d1f37) x30 0x525d1000
core   0: 0x8000b6d0 (0xff700393) li      t2, -9
core   0: 3 0x8000b6d0 (0xff700393) x 7 0xfffffff7
core   0: 0x8000b6d4 (0x00a56eb3) or      t4, a0, a0
core   0: 3 0x8000b6d4 (0x00a56eb3) x29 0xffffffce
core   0: 0x8000b6d8 (0xd254c493) xori    s1, s1, -731
core   0: 3 0x8000b6d8 (0xd254c493) x 9 0xfffffdeb
core   0: 0x8000b6dc (0x0000100f) fence.i
core   0: 3 0x8000b6dc (0x0000100f)
core   0: 0x8000b6e0 (0x41ed8bb3) sub     s7, s11, t5
core   0: 3 0x8000b6e0 (0x41ed8bb3) x23 0xada2f0ce
core   0: 0x8000b6e4 (0x01b45913) srli    s2, s0, 27
core   0: 3 0x8000b6e4 (0x01b45913) x18 0x00000000
core   0: 0x8000b6e8 (0x010440b3) xor     ra, s0, a6
core   0: 3 0x8000b6e8 (0x010440b3) x 1 0x8000006a
core   0: 0x8000b6ec (0x558c0493) addi    s1, s8, 1368
core   0: 3 0x8000b6ec (0x558c0493) x 9 0x000004f4
core   0: 0x8000b6f0 (0xffe58593) addi    a1, a1, -2
core   0: 3 0x8000b6f0 (0xffe58593) x11 0x00000005
core   0: 0x8000b6f4 (0x001e81b3) add     gp, t4, ra
core   0: 3 0x8000b6f4 (0x001e81b3) x 3 0x80000038
core   0: 0x8000b6f8 (0x412c02b3) sub     t0, s8, s2
core   0: 3 0x8000b6f8 (0x412c02b3) x 5 0xffffff9c
core   0: 0x8000b6fc (0x00ddfcb3) and     s9, s11, a3
core   0: 3 0x8000b6fc (0x00ddfcb3) x25 0x00000000
core   0: 0x8000b700 (0x409ad6b3) sra     a3, s5, s1
core   0: 3 0x8000b700 (0x409ad6b3) x13 0xffffffff
core   0: 0x8000b704 (0x27446993) ori     s3, s0, 628
core   0: 3 0x8000b704 (0x27446993) x19 0x0000027e
core   0: 0x8000b708 (0xfe7582e3) beq     a1, t2, pc - 28
core   0: 3 0x8000b708 (0xfe7582e3)
core   0: 0x8000b70c (0x000dc033) xor     zero, s11, zero
core   0: 3 0x8000b70c (0x000dc033)
core   0: 0x8000b710 (0x044009ef) jal     s3, pc + 0x44
core   0: 3 0x8000b710 (0x044009ef) x19 0x8000b714
core   0: 0x8000b754 (0xfc9ffd6f) jal     s10, pc - 0x38
core   0: 3 0x8000b754 (0xfc9ffd6f) x26 0x8000b758
core   0: 0x8000b71c (0x02c0036f) jal     t1, pc + 0x2c
core   0: 3 0x8000b71c (0x02c0036f) x 6 0x8000b720
core   0: 0x8000b748 (0x038000ef) jal     pc + 0x38
core   0: 3 0x8000b748 (0x038000ef) x 1 0x8000b74c
core   0: 0x8000b780 (0xfbdff0ef) jal     pc - 0x44
core   0: 3 0x8000b780 (0xfbdff0ef) x 1 0x8000b784
core   0: 0x8000b73c (0x030000ef) jal     pc + 0x30
core   0: 3 0x8000b73c (0x030000ef) x 1 0x8000b740
core   0: 0x8000b76c (0xff5ff0ef) jal     pc - 0xc
core   0: 3 0x8000b76c (0xff5ff0ef) x 1 0x8000b770
core   0: 0x8000b760 (0xfd5ff66f) jal     a2, pc - 0x2c
core   0: 3 0x8000b760 (0xfd5ff66f) x12 0x8000b764
core   0: 0x8000b734 (0xff1fff6f) jal     t5, pc - 0x10
core   0: 3 0x8000b734 (0xff1fff6f) x30 0x8000b738
core   0: 0x8000b724 (0x0580076f) jal     a4, pc + 0x58
core   0: 3 0x8000b724 (0x0580076f) x14 0x8000b728
core   0: 0x8000b77c (0xfbdff1ef) jal     gp, pc - 0x44
core   0: 3 0x8000b77c (0xfbdff1ef) x 3 0x8000b780
core   0: 0x8000b738 (0x030000ef) jal     pc + 0x30
core   0: 3 0x8000b738 (0x030000ef) x 1 0x8000b73c
core   0: 0x8000b768 (0xff5ff26f) jal     tp, pc - 0xc
core   0: 3 0x8000b768 (0xff5ff26f) x 4 0x8000b76c
core   0: 0x8000b75c (0xfc5ff0ef) jal     pc - 0x3c
core   0: 3 0x8000b75c (0xfc5ff0ef) x 1 0x8000b760
core   0: 0x8000b720 (0x020000ef) jal     pc + 0x20
core   0: 3 0x8000b720 (0x020000ef) x 1 0x8000b724
core   0: 0x8000b740 (0xfd5ff16f) jal     sp, pc - 0x2c
core   0: 3 0x8000b740 (0xfd5ff16f) x 2 0x8000b744
core   0: 0x8000b714 (0x030009ef) jal     s3, pc + 0x30
core   0: 3 0x8000b714 (0x030009ef) x19 0x8000b718
core   0: 0x8000b744 (0x00c001ef) jal     gp, pc + 0xc
core   0: 3 0x8000b744 (0x00c001ef) x 3 0x8000b748
core   0: 0x8000b750 (0x0140036f) jal     t1, pc + 0x14
core   0: 3 0x8000b750 (0x0140036f) x 6 0x8000b754
core   0: 0x8000b764 (0x010000ef) jal     pc + 0x10
core   0: 3 0x8000b764 (0x010000ef) x 1 0x8000b768
core   0: 0x8000b774 (0xfd9ff36f) jal     t1, pc - 0x28
core   0: 3 0x8000b774 (0xfd9ff36f) x 6 0x8000b778
core   0: 0x8000b74c (0x038000ef) jal     pc + 0x38
core   0: 3 0x8000b74c (0x038000ef) x 1 0x8000b750
core   0: 0x8000b784 (0xf95ff0ef) jal     pc - 0x6c
core   0: 3 0x8000b784 (0xf95ff0ef) x 1 0x8000b788
core   0: 0x8000b718 (0x060000ef) jal     pc + 0x60
core   0: 3 0x8000b718 (0x060000ef) x 1 0x8000b71c
core   0: 0x8000b778 (0xfb1ffc6f) jal     s8, pc - 0x50
core   0: 3 0x8000b778 (0xfb1ffc6f) x24 0x8000b77c
core   0: 0x8000b728 (0x030002ef) jal     t0, pc + 0x30
core   0: 3 0x8000b728 (0x030002ef) x 5 0x8000b72c
core   0: 0x8000b758 (0xfd9ff0ef) jal     pc - 0x28
core   0: 3 0x8000b758 (0xfd9ff0ef) x 1 0x8000b75c
core   0: 0x8000b730 (0x040000ef) jal     pc + 0x40
core   0: 3 0x8000b730 (0x040000ef) x 1 0x8000b734
core   0: 0x8000b770 (0xfbdff0ef) jal     pc - 0x44
core   0: 3 0x8000b770 (0xfbdff0ef) x 1 0x8000b774
core   0: 0x8000b72c (0x05c0036f) jal     t1, pc + 0x5c
core   0: 3 0x8000b72c (0x05c0036f) x 6 0x8000b730
core   0: 0x8000b788 (0x0110e533) or      a0, ra, a7
core   0: 3 0x8000b788 (0x0110e533) x10 0x8002fff4
core   0: 0x8000b78c (0xff600593) li      a1, -10
core   0: 3 0x8000b78c (0xff600593) x11 0xfffffff6
core   0: 0x8000b790 (0xff800713) li      a4, -8
core   0: 3 0x8000b790 (0xff800713) x14 0xfffffff8
core   0: 0x8000b794 (0x00922433) slt     s0, tp, s1
core   0: 3 0x8000b794 (0x00922433) x 8 0x00000001
core   0: 0x8000b798 (0x0ff0000f) fence   iorw,iorw
core   0: 3 0x8000b798 (0x0ff0000f)
core   0: 0x8000b79c (0x00858593) addi    a1, a1, 8
core   0: 3 0x8000b79c (0x00858593) x11 0xfffffffe
core   0: 0x8000b7a0 (0x00780f33) add     t5, a6, t2
core   0: 3 0x8000b7a0 (0x00780f33) x30 0x7ffffff7
core   0: 0x8000b7a4 (0x415e5633) sra     a2, t3, s5
core   0: 3 0x8000b7a4 (0x415e5633) x12 0xfffc0009
core   0: 0x8000b7a8 (0x00a00c93) li      s9, 10
core   0: 3 0x8000b7a8 (0x00a00c93) x25 0x0000000a
core   0: 0x8000b7ac (0x000303b3) add     t2, t1, zero
core   0: 3 0x8000b7ac (0x000303b3) x 7 0x8000b730
core   0: 0x8000b7b0 (0x01000b93) li      s7, 16
core   0: 3 0x8000b7b0 (0x01000b93) x23 0x00000010
core   0: 0x8000b7b4 (0xe3886513) ori     a0, a6, -456
core   0: 3 0x8000b7b4 (0xe3886513) x10 0xfffffe38
core   0: 0x8000b7b8 (0x01cfc533) xor     a0, t6, t3
core   0: 3 0x8000b7b8 (0x01cfc533) x10 0x800130f6
core   0: 0x8000b7bc (0x003c8c93) addi    s9, s9, 3
core   0: 3 0x8000b7bc (0x003c8c93) x25 0x0000000d
core   0: 0x8000b7c0 (0xff7c8ae3) beq     s9, s7, pc - 12
core   0: 3 0x8000b7c0 (0xff7c8ae3)
core   0: 0x8000b7c4 (0x00000013) nop
core   0: 3 0x8000b7c4 (0x00000013)
core   0: 0x8000b7c8 (0xfce5c6e3) blt     a1, a4, pc - 52
core   0: 3 0x8000b7c8 (0xfce5c6e3)
core   0: 0x8000b7cc (0x51dcee13) ori     t3, s9, 1309
core   0: 3 0x8000b7cc (0x51dcee13) x28 0x0000051d
core   0: 0x8000b7d0 (0x0000e717) auipc   a4, 0xe
core   0: 3 0x8000b7d0 (0x0000e717) x14 0x800197d0
core   0: 0x8000b7d4 (0xbea70713) addi    a4, a4, -1046
core   0: 3 0x8000b7d4 (0xbea70713) x14 0x800193ba
core   0: 0x8000b7d8 (0x00170903) lb      s2, 1(a4)
core   0: 3 0x8000b7d8 (0x00170903) x18 0xffffffa9 mem 0x800193bb
core   0: 0x8000b7dc (0x00f70d83) lb      s11, 15(a4)
core   0: 3 0x8000b7dc (0x00f70d83) x27 0x0000006e mem 0x800193c9
core   0: 0x8000b7e0 (0x00f74903) lbu     s2, 15(a4)
core   0: 3 0x8000b7e0 (0x00f74903) x18 0x0000006e mem 0x800193c9
core   0: 0x8000b7e4 (0x00f74f83) lbu     t6, 15(a4)
core   0: 3 0x8000b7e4 (0x00f74f83) x31 0x0000006e mem 0x800193c9
core   0: 0x8000b7e8 (0xff674f03) lbu     t5, -10(a4)
core   0: 3 0x8000b7e8 (0xff674f03) x30 0x00000036 mem 0x800193b0
core   0: 0x8000b7ec (0xff674183) lbu     gp, -10(a4)
core   0: 3 0x8000b7ec (0xff674183) x 3 0x00000036 mem 0x800193b0
core   0: 0x8000b7f0 (0x30d36293) ori     t0, t1, 781
core   0: 3 0x8000b7f0 (0x30d36293) x 5 0x8000b73d
core   0: 0x8000b7f4 (0x92dab613) sltiu   a2, s5, -1747
core   0: 3 0x8000b7f4 (0x92dab613) x12 0x00000000
core   0: 0x8000b7f8 (0xff671583) lh      a1, -10(a4)
core   0: 3 0x8000b7f8 (0xff671583) x11 0x00007836 mem 0x800193b0
core   0: 0x8000b7fc (0xff672303) lw      t1, -10(a4)
core   0: 3 0x8000b7fc (0xff672303) x 6 0xbfd37836 mem 0x800193b0
core   0: 0x8000b800 (0xff671303) lh      t1, -10(a4)
core   0: 3 0x8000b800 (0xff671303) x 6 0x00007836 mem 0x800193b0
core   0: 0x8000b804 (0xff470b23) sb      s4, -10(a4)
core   0: 3 0x8000b804 (0xff470b23) mem 0x800193b0 0xc7
core   0: 0x8000b808 (0xfe372b23) sw      gp, -10(a4)
core   0: 3 0x8000b808 (0xfe372b23) mem 0x800193b0 0x00000036
core   0: 0x8000b80c (0x0044ceb3) xor     t4, s1, tp
core   0: 3 0x8000b80c (0x0044ceb3) x29 0x8000b398
core   0: 0x8000b810 (0x00770623) sb      t2, 12(a4)
core   0: 3 0x8000b810 (0x00770623) mem 0x800193c6 0x30
core   0: 0x8000b814 (0x00fdf933) and     s2, s11, a5
core   0: 3 0x8000b814 (0x00fdf933) x18 0x00000008
core   0: 0x8000b818 (0xff574603) lbu     a2, -11(a4)
core   0: 3 0x8000b818 (0xff574603) x12 0x000000a7 mem 0x800193af
core   0: 0x8000b81c (0xff574f03) lbu     t5, -11(a4)
core   0: 3 0x8000b81c (0xff574f03) x30 0x000000a7 mem 0x800193af
core   0: 0x8000b820 (0xfe770aa3) sb      t2, -11(a4)
core   0: 3 0x8000b820 (0xfe770aa3) mem 0x800193af 0x30
core   0: 0x8000b824 (0xff570b83) lb      s7, -11(a4)
core   0: 3 0x8000b824 (0xff570b83) x23 0x00000030 mem 0x800193af
core   0: 0x8000b828 (0x00014517) auipc   a0, 0x14
core   0: 3 0x8000b828 (0x00014517) x10 0x8001f828
core   0: 0x8000b82c (0x58d50513) addi    a0, a0, 1421
core   0: 3 0x8000b82c (0x58d50513) x10 0x8001fdb5
core   0: 0x8000b830 (0x00a505a3) sb      a0, 11(a0)
core   0: 3 0x8000b830 (0x00a505a3) mem 0x8001fdc0 0xb5
core   0: 0x8000b834 (0xfe750823) sb      t2, -16(a0)
core   0: 3 0x8000b834 (0xfe750823) mem 0x8001fda5 0x30
core   0: 0x8000b838 (0xff050a83) lb      s5, -16(a0)
core   0: 3 0x8000b838 (0xff050a83) x21 0x00000030 mem 0x8001fda5
core   0: 0x8000b83c (0xff050823) sb      a6, -16(a0)
core   0: 3 0x8000b83c (0xff050823) mem 0x8001fda5 0x0
core   0: 0x8000b840 (0x4cb5c037) lui     zero, 0x4cb5c
core   0: 3 0x8000b840 (0x4cb5c037)
core   0: 0x8000b844 (0xff050c03) lb      s8, -16(a0)
core   0: 3 0x8000b844 (0xff050c03) x24 0x00000000 mem 0x8001fda5
core   0: 0x8000b848 (0x00815c13) srli    s8, sp, 8
core   0: 3 0x8000b848 (0x00815c13) x24 0x008000b7
core   0: 0x8000b84c (0xff250b03) lb      s6, -14(a0)
core   0: 3 0x8000b84c (0xff250b03) x22 0x0000002c mem 0x8001fda7
core   0: 0x8000b850 (0xff250403) lb      s0, -14(a0)
core   0: 3 0x8000b850 (0xff250403) x 8 0x0000002c mem 0x8001fda7
core   0: 0x8000b854 (0x01e525a3) sw      t5, 11(a0)
core   0: 3 0x8000b854 (0x01e525a3) mem 0x8001fdc0 0x000000a7
core   0: 0x8000b858 (0xff950a03) lb      s4, -7(a0)
core   0: 3 0x8000b858 (0xff950a03) x20 0x00000042 mem 0x8001fdae
core   0: 0x8000b85c (0x00b6bdb3) sltu    s11, a3, a1
core   0: 3 0x8000b85c (0x00b6bdb3) x27 0x00000000
core   0: 0x8000b860 (0xff954f03) lbu     t5, -7(a0)
core   0: 3 0x8000b860 (0xff954f03) x30 0x00000042 mem 0x8001fdae
core   0: 0x8000b864 (0xff350b03) lb      s6, -13(a0)
core   0: 3 0x8000b864 (0xff350b03) x22 0xffffffed mem 0x8001fda8
core   0: 0x8000b868 (0x00050a03) lb      s4, 0(a0)
core   0: 3 0x8000b868 (0x00050a03) x20 0x0000000f mem 0x8001fdb5
core   0: 0x8000b86c (0xff854d03) lbu     s10, -8(a0)
core   0: 3 0x8000b86c (0xff854d03) x26 0x000000a1 mem 0x8001fdad
core   0: 0x8000b870 (0x4c4c0713) addi    a4, s8, 1220
core   0: 3 0x8000b870 (0x4c4c0713) x14 0x0080057b
core   0: 0x8000b874 (0x00c0a633) slt     a2, ra, a2
core   0: 3 0x8000b874 (0x00c0a633) x12 0x00000001
core   0: 0x8000b878 (0x001512a3) sh      ra, 5(a0)
core   0: 3 0x8000b878 (0x001512a3) mem 0x8001fdba 0xb774
core   0: 0x8000b87c (0x00054e03) lbu     t3, 0(a0)
core   0: 3 0x8000b87c (0x00054e03) x28 0x0000000f mem 0x8001fdb5
core   0: 0x8000b880 (0x01c512a3) sh      t3, 5(a0)
core   0: 3 0x8000b880 (0x01c512a3) mem 0x8001fdba 0x000f
core   0: 0x8000b884 (0x01c183b3) add     t2, gp, t3
core   0: 3 0x8000b884 (0x01c183b3) x 7 0x00000045
core   0: 0x8000b888 (0x00754003) lbu     zero, 7(a0)
core   0: 3 0x8000b888 (0x00754003) mem 0x8001fdbc
core   0: 0x8000b88c (0x00754383) lbu     t2, 7(a0)
core   0: 3 0x8000b88c (0x00754383) x 7 0x0000008d mem 0x8001fdbc
core   0: 0x8000b890 (0x00a50323) sb      a0, 6(a0)
core   0: 3 0x8000b890 (0x00a50323) mem 0x8001fdbb 0xb5
core   0: 0x8000b894 (0x00010117) auipc   sp, 0x10
core   0: 3 0x8000b894 (0x00010117) x 2 0x8001b894
core   0: 0x8000b898 (0x9da10113) addi    sp, sp, -1574
core   0: 3 0x8000b898 (0x9da10113) x 2 0x8001b26e
core   0: 0x8000b89c (0x01c921b3) slt     gp, s2, t3
core   0: 3 0x8000b89c (0x01c921b3) x 3 0x00000001
core   0: 0x8000b8a0 (0xfeb109a3) sb      a1, -13(sp)
core   0: 3 0x8000b8a0 (0xfeb109a3) mem 0x8001b261 0x36
core   0: 0x8000b8a4 (0x8e246e13) ori     t3, s0, -1822
core   0: 3 0x8000b8a4 (0x8e246e13) x28 0xfffff8ee
core   0: 0x8000b8a8 (0x02c10183) lb      gp, 44(sp)
core   0: 3 0x8000b8a8 (0x02c10183) x 3 0x00000075 mem 0x8001b29a
core   0: 0x8000b8ac (0xfdc15903) lhu     s2, -36(sp)
core   0: 3 0x8000b8ac (0xfdc15903) x18 0x00003c9e mem 0x8001b24a
core   0: 0x8000b8b0 (0x01c1a9b3) slt     s3, gp, t3
core   0: 3 0x8000b8b0 (0x01c1a9b3) x19 0x00000000
core   0: 0x8000b8b4 (0x00000013) nop
core   0: 3 0x8000b8b4 (0x00000013)
core   0: 0x8000b8b8 (0x01119593) slli    a1, gp, 17
core   0: 3 0x8000b8b8 (0x01119593) x11 0x00ea0000
core   0: 0x8000b8bc (0xfc114903) lbu     s2, -63(sp)
core   0: 3 0x8000b8bc (0xfc114903) x18 0x000000a2 mem 0x8001b22f
core   0: 0x8000b8c0 (0x8b4e7193) andi    gp, t3, -1868
core   0: 3 0x8000b8c0 (0x8b4e7193) x 3 0xfffff8a4
core   0: 0x8000b8c4 (0x028104a3) sb      s0, 41(sp)
core   0: 3 0x8000b8c4 (0x028104a3) mem 0x8001b297 0x2c
core   0: 0x8000b8c8 (0x00345e33) srl     t3, s0, gp
core   0: 3 0x8000b8c8 (0x00345e33) x28 0x00000002
core   0: 0x8000b8cc (0x64a58437) lui     s0, 0x64a58
core   0: 3 0x8000b8cc (0x64a58437) x 8 0x64a58000
core   0: 0x8000b8d0 (0x93a92413) slti    s0, s2, -1734
core   0: 3 0x8000b8d0 (0x93a92413) x 8 0x00000000
core   0: 0x8000b8d4 (0xff714903) lbu     s2, -9(sp)
core   0: 3 0x8000b8d4 (0xff714903) x18 0x000000d8 mem 0x8001b265
core   0: 0x8000b8d8 (0xfc114983) lbu     s3, -63(sp)
core   0: 3 0x8000b8d8 (0xfc114983) x19 0x000000a2 mem 0x8001b22f
core   0: 0x8000b8dc (0x01d14e03) lbu     t3, 29(sp)
core   0: 3 0x8000b8dc (0x01d14e03) x28 0x000000fa mem 0x8001b28b
core   0: 0x8000b8e0 (0x0ebe3e13) sltiu   t3, t3, 235
core   0: 3 0x8000b8e0 (0x0ebe3e13) x28 0x00000000
core   0: 0x8000b8e4 (0x0035f933) and     s2, a1, gp
core   0: 3 0x8000b8e4 (0x0035f933) x18 0x00ea0000
core   0: 0x8000b8e8 (0x03110e03) lb      t3, 49(sp)
core   0: 3 0x8000b8e8 (0x03110e03) x28 0x0000000c mem 0x8001b29f
core   0: 0x8000b8ec (0xffa10403) lb      s0, -6(sp)
core   0: 3 0x8000b8ec (0xffa10403) x 8 0x00000001 mem 0x8001b268
core   0: 0x8000b8f0 (0x1b8b79b7) lui     s3, 0x1b8b7
core   0: 3 0x8000b8f0 (0x1b8b79b7) x19 0x1b8b7000
core   0: 0x8000b8f4 (0x4181d993) srai    s3, gp, 24
core   0: 3 0x8000b8f4 (0x4181d993) x19 0xffffffff
core   0: 0x8000b8f8 (0x00000013) nop
core   0: 3 0x8000b8f8 (0x00000013)
core   0: 0x8000b8fc (0xff014903) lbu     s2, -16(sp)
core   0: 3 0x8000b8fc (0xff014903) x18 0x00000073 mem 0x8001b25e
core   0: 0x8000b900 (0x00000013) nop
core   0: 3 0x8000b900 (0x00000013)
core   0: 0x8000b904 (0xfd611e03) lh      t3, -42(sp)
core   0: 3 0x8000b904 (0xfd611e03) x28 0x00002182 mem 0x8001b244
core   0: 0x8000b908 (0x01ce11b3) sll     gp, t3, t3
core   0: 3 0x8000b908 (0x01ce11b3) x 3 0x00008608
core   0: 0x8000b90c (0x01347e33) and     t3, s0, s3
core   0: 3 0x8000b90c (0x01347e33) x28 0x00000001
core   0: 0x8000b910 (0xfca14183) lbu     gp, -54(sp)
core   0: 3 0x8000b910 (0xfca14183) x 3 0x0000002e mem 0x8001b238
core   0: 0x8000b914 (0x03212123) sw      s2, 34(sp)
core   0: 3 0x8000b914 (0x03212123) mem 0x8001b290 0x00000073
core   0: 0x8000b918 (0x31458e13) addi    t3, a1, 788
core   0: 3 0x8000b918 (0x31458e13) x28 0x00ea0314
core   0: 0x8000b91c (0x01114183) lbu     gp, 17(sp)
core   0: 3 0x8000b91c (0x01114183) x 3 0x000000b4 mem 0x8001b27f
core   0: 0x8000b920 (0x00013c97) auipc   s9, 0x13
core   0: 3 0x8000b920 (0x00013c97) x25 0x8001e920
core   0: 0x8000b924 (0xd27c8c93) addi    s9, s9, -729
core   0: 3 0x8000b924 (0xd27c8c93) x25 0x8001e647
core   0: 0x8000b928 (0x005c8703) lb      a4, 5(s9)
core   0: 3 0x8000b928 (0x005c8703) x14 0x0000004e mem 0x8001e64c
core   0: 0x8000b92c (0x002c8983) lb      s3, 2(s9)
core   0: 3 0x8000b92c (0x002c8983) x19 0xffffffa5 mem 0x8001e649
core   0: 0x8000b930 (0x012ca0a3) sw      s2, 1(s9)
core   0: 3 0x8000b930 (0x012ca0a3) mem 0x8001e648 0x00000073
core   0: 0x8000b934 (0xff9cc683) lbu     a3, -7(s9)
core   0: 3 0x8000b934 (0xff9cc683) x13 0x000000fb mem 0x8001e640
core   0: 0x8000b938 (0xfeec8823) sb      a4, -16(s9)
core   0: 3 0x8000b938 (0xfeec8823) mem 0x8001e637 0x4e
core   0: 0x8000b93c (0x003c1693) slli    a3, s8, 3
core   0: 3 0x8000b93c (0x003c1693) x13 0x040005b8
core   0: 0x8000b940 (0xffacc983) lbu     s3, -6(s9)
core   0: 3 0x8000b940 (0xffacc983) x19 0x00000057 mem 0x8001e641
core   0: 0x8000b944 (0x00dc8623) sb      a3, 12(s9)
core   0: 3 0x8000b944 (0x00dc8623) mem 0x8001e653 0xb8
core   0: 0x8000b948 (0xfffc9983) lh      s3, -1(s9)
core   0: 3 0x8000b948 (0xfffc9983) x19 0x00000f83 mem 0x8001e646
core   0: 0x8000b94c (0xff8c8903) lb      s2, -8(s9)
core   0: 3 0x8000b94c (0xff8c8903) x18 0xffffffc2 mem 0x8001e63f
core   0: 0x8000b950 (0x00ac8983) lb      s3, 10(s9)
core   0: 3 0x8000b950 (0x00ac8983) x19 0xffffffeb mem 0x8001e651
core   0: 0x8000b954 (0x0000100f) fence.i
core   0: 3 0x8000b954 (0x0000100f)
core   0: 0x8000b958 (0x4d464993) xori    s3, a2, 1236
core   0: 3 0x8000b958 (0x4d464993) x19 0x000004d5
core   0: 0x8000b95c (0x001c9c03) lh      s8, 1(s9)
core   0: 3 0x8000b95c (0x001c9c03) x24 0x00000073 mem 0x8001e648
core   0: 0x8000b960 (0x0ff0000f) fence   iorw,iorw
core   0: 3 0x8000b960 (0x0ff0000f)
core   0: 0x8000b964 (0xfecc8b23) sb      a2, -10(s9)
core   0: 3 0x8000b964 (0xfecc8b23) mem 0x8001e63d 0x1
core   0: 0x8000b968 (0x913c4993) xori    s3, s8, -1773
core   0: 3 0x8000b968 (0x913c4993) x19 0xfffff960
core   0: 0x8000b96c (0xff3c9ba3) sh      s3, -9(s9)
core   0: 3 0x8000b96c (0xff3c9ba3) mem 0x8001e63e 0xf960
core   0: 0x8000b970 (0x4089a613) slti    a2, s3, 1032
core   0: 3 0x8000b970 (0x4089a613) x12 0x00000001
core   0: 0x8000b974 (0xff1ca983) lw      s3, -15(s9)
core   0: 3 0x8000b974 (0xff1ca983) x19 0x99ff024e mem 0x8001e638
core   0: 0x8000b978 (0x01368933) add     s2, a3, s3
core   0: 3 0x8000b978 (0x01368933) x18 0x9dff0806
core   0: 0x8000b97c (0xfecc9ba3) sh      a2, -9(s9)
core   0: 3 0x8000b97c (0xfecc9ba3) mem 0x8001e63e 0x0001
core   0: 0x8000b980 (0xffac8603) lb      a2, -6(s9)
core   0: 3 0x8000b980 (0xffac8603) x12 0x00000057 mem 0x8001e641
core   0: 0x8000b984 (0xfedc8b23) sb      a3, -10(s9)
core   0: 3 0x8000b984 (0xfedc8b23) mem 0x8001e63d 0xb8
core   0: 0x8000b988 (0x00ec2c33) slt     s8, s8, a4
core   0: 3 0x8000b988 (0x00ec2c33) x24 0x00000000
core   0: 0x8000b98c (0x005c8703) lb      a4, 5(s9)
core   0: 3 0x8000b98c (0x005c8703) x14 0x0000004e mem 0x8001e64c
core   0: 0x8000b990 (0xff7cd683) lhu     a3, -9(s9)
core   0: 3 0x8000b990 (0xff7cd683) x13 0x00000001 mem 0x8001e63e
core   0: 0x8000b994 (0x00cc8983) lb      s3, 12(s9)
core   0: 3 0x8000b994 (0x00cc8983) x19 0xffffffb8 mem 0x8001e653
core   0: 0x8000b998 (0xff8cc983) lbu     s3, -8(s9)
core   0: 3 0x8000b998 (0xff8cc983) x19 0x00000000 mem 0x8001e63f
core   0: 0x8000b99c (0x0000100f) fence.i
core   0: 3 0x8000b99c (0x0000100f)
core   0: 0x8000b9a0 (0x67673693) sltiu   a3, a4, 1654
core   0: 3 0x8000b9a0 (0x67673693) x13 0x00000001
core   0: 0x8000b9a4 (0x00c9ec33) or      s8, s3, a2
core   0: 3 0x8000b9a4 (0x00c9ec33) x24 0x00000057
core   0: 0x8000b9a8 (0x00e779b3) and     s3, a4, a4
core   0: 3 0x8000b9a8 (0x00e779b3) x19 0x0000004e
core   0: 0x8000b9ac (0x018c8623) sb      s8, 12(s9)
core   0: 3 0x8000b9ac (0x018c8623) mem 0x8001e653 0x57
core   0: 0x8000b9b0 (0x00fc8c03) lb      s8, 15(s9)
core   0: 3 0x8000b9b0 (0x00fc8c03) x24 0xffffff8f mem 0x8001e656
core   0: 0x8000b9b4 (0x00d70c33) add     s8, a4, a3
core   0: 3 0x8000b9b4 (0x00d70c33) x24 0x0000004f
core   0: 0x8000b9b8 (0x01871c33) sll     s8, a4, s8
core   0: 3 0x8000b9b8 (0x01871c33) x24 0x00270000
core   0: 0x8000b9bc (0x0119d693) srli    a3, s3, 17
core   0: 3 0x8000b9bc (0x0119d693) x13 0x00000000
core   0: 0x8000b9c0 (0x00c99733) sll     a4, s3, a2
core   0: 3 0x8000b9c0 (0x00c99733) x14 0x27000000
core   0: 0x8000b9c4 (0xfeec9da3) sh      a4, -5(s9)
core   0: 3 0x8000b9c4 (0xfeec9da3) mem 0x8001e642 0x0000
core   0: 0x8000b9c8 (0xff7cc683) lbu     a3, -9(s9)
core   0: 3 0x8000b9c8 (0xff7cc683) x13 0x00000001 mem 0x8001e63e
core   0: 0x8000b9cc (0x001cc703) lbu     a4, 1(s9)
core   0: 3 0x8000b9cc (0x001cc703) x14 0x00000073 mem 0x8001e648
core   0: 0x8000b9d0 (0x01cc5913) srli    s2, s8, 28
core   0: 3 0x8000b9d0 (0x01cc5913) x18 0x00000000
core   0: 0x8000b9d4 (0x00ec8723) sb      a4, 14(s9)
core   0: 3 0x8000b9d4 (0x00ec8723) mem 0x8001e655 0x73
core   0: 0x8000b9d8 (0xffdcd983) lhu     s3, -3(s9)
core   0: 3 0x8000b9d8 (0xffdcd983) x19 0x00009ebc mem 0x8001e644
core   0: 0x8000b9dc (0xff3c8a23) sb      s3, -12(s9)
core   0: 3 0x8000b9dc (0xff3c8a23) mem 0x8001e63b 0xbc
core   0: 0x8000b9e0 (0x00008117) auipc   sp, 0x8
core   0: 3 0x8000b9e0 (0x00008117) x 2 0x800139e0
core   0: 0x8000b9e4 (0x3bc10113) addi    sp, sp, 956
core   0: 3 0x8000b9e4 (0x3bc10113) x 2 0x80013d9c
core   0: 0x8000b9e8 (0xf0810923) sb      s0, -238(sp)
core   0: 3 0x8000b9e8 (0xf0810923) mem 0x80013cae 0x1
core   0: 0x8000b9ec (0x08914983) lbu     s3, 137(sp)
core   0: 3 0x8000b9ec (0x08914983) x19 0x0000002d mem 0x80013e25
core   0: 0x8000b9f0 (0x0fa15403) lhu     s0, 250(sp)
core   0: 3 0x8000b9f0 (0x0fa15403) x 8 0x00001833 mem 0x80013e96
core   0: 0x8000b9f4 (0xf9114303) lbu     t1, -111(sp)
core   0: 3 0x8000b9f4 (0xf9114303) x 6 0x00000033 mem 0x80013d2d
core   0: 0x8000b9f8 (0xf8215303) lhu     t1, -126(sp)
core   0: 3 0x8000b9f8 (0xf8215303) x 6 0x0000c90e mem 0x80013d1e
core   0: 0x8000b9fc (0xfe910403) lb      s0, -23(sp)
core   0: 3 0x8000b9fc (0xfe910403) x 8 0x00000060 mem 0x80013d85
core   0: 0x8000ba00 (0x0e214303) lbu     t1, 226(sp)
core   0: 3 0x8000ba00 (0x0e214303) x 6 0x00000020 mem 0x80013e7e
core   0: 0x8000ba04 (0x168fc313) xori    t1, t6, 360
core   0: 3 0x8000ba04 (0x168fc313) x 6 0x00000106
core   0: 0x8000ba08 (0xa3a9f193) andi    gp, s3, -1478
core   0: 3 0x8000ba08 (0xa3a9f193) x 3 0x00000028
core   0: 0x8000ba0c (0xff310983) lb      s3, -13(sp)
core   0: 3 0x8000ba0c (0xff310983) x19 0x00000054 mem 0x80013d8f
core   0: 0x8000ba10 (0xfdd14403) lbu     s0, -35(sp)
core   0: 3 0x8000ba10 (0xfdd14403) x 8 0x0000007e mem 0x80013d79
core   0: 0x8000ba14 (0xc9d46f93) ori     t6, s0, -867
core   0: 3 0x8000ba14 (0xc9d46f93) x31 0xfffffcff
core   0: 0x8000ba18 (0x2a547f93) andi    t6, s0, 677
core   0: 3 0x8000ba18 (0x2a547f93) x31 0x00000024
core   0: 0x8000ba1c (0x01fd61b3) or      gp, s10, t6
core   0: 3 0x8000ba1c (0x01fd61b3) x 3 0x000000a5
core   0: 0x8000ba20 (0xfe812223) sw      s0, -28(sp)
core   0: 3 0x8000ba20 (0xfe812223) mem 0x80013d80 0x0000007e
core   0: 0x8000ba24 (0x01f98433) add     s0, s3, t6
core   0: 3 0x8000ba24 (0x01f98433) x 8 0x00000078
core   0: 0x8000ba28 (0x00735f93) srli    t6, t1, 7
core   0: 3 0x8000ba28 (0x00735f93) x31 0x00000002
core   0: 0x8000ba2c (0x053106a3) sb      s3, 77(sp)
core   0: 3 0x8000ba2c (0x053106a3) mem 0x80013de9 0x54
core   0: 0x8000ba30 (0x11311023) sh      s3, 256(sp)
core   0: 3 0x8000ba30 (0x11311023) mem 0x80013e9c 0x0054
core   0: 0x8000ba34 (0x01714303) lbu     t1, 23(sp)
core   0: 3 0x8000ba34 (0x01714303) x 6 0x0000009a mem 0x80013db3
core   0: 0x8000ba38 (0x00836fb3) or      t6, t1, s0
core   0: 3 0x8000ba38 (0x00836fb3) x31 0x000000fa
core   0: 0x8000ba3c (0x08910303) lb      t1, 137(sp)
core   0: 3 0x8000ba3c (0x08910303) x 6 0x0000002d mem 0x80013e25
core   0: 0x8000ba40 (0x00000013) nop
core   0: 3 0x8000ba40 (0x00000013)
core   0: 0x8000ba44 (0x01af89b3) add     s3, t6, s10
core   0: 3 0x8000ba44 (0x01af89b3) x19 0x0000019b
core   0: 0x8000ba48 (0x408f8fb3) sub     t6, t6, s0
core   0: 3 0x8000ba48 (0x408f8fb3) x31 0x00000082
core   0: 0x8000ba4c (0x07e15303) lhu     t1, 126(sp)
core   0: 3 0x8000ba4c (0x07e15303) x 6 0x00006c11 mem 0x80013e1a
core   0: 0x8000ba50 (0x01f991b3) sll     gp, s3, t6
core   0: 3 0x8000ba50 (0x01f991b3) x 3 0x0000066c
core   0: 0x8000ba54 (0xc611c313) xori    t1, gp, -927
core   0: 3 0x8000ba54 (0xc611c313) x 6 0xfffffa0d
core   0: 0x8000ba58 (0x00632433) slt     s0, t1, t1
core   0: 3 0x8000ba58 (0x00632433) x 8 0x00000000
core   0: 0x8000ba5c (0x00310ba3) sb      gp, 23(sp)
core   0: 3 0x8000ba5c (0x00310ba3) mem 0x80013db3 0x6c
core   0: 0x8000ba60 (0xf88100a3) sb      s0, -127(sp)
core   0: 3 0x8000ba60 (0xf88100a3) mem 0x80013d1d 0x0
core   0: 0x8000ba64 (0x09311723) sh      s3, 142(sp)
core   0: 3 0x8000ba64 (0x09311723) mem 0x80013e2a 0x019b
core   0: 0x8000ba68 (0xf0c11183) lh      gp, -244(sp)
core   0: 3 0x8000ba68 (0xf0c11183) x 3 0x000000e3 mem 0x80013ca8
core   0: 0x8000ba6c (0x05411183) lh      gp, 84(sp)
core   0: 3 0x8000ba6c (0x05411183) x 3 0x00006588 mem 0x80013df0
core   0: 0x8000ba70 (0x07a11323) sh      s10, 102(sp)
core   0: 3 0x8000ba70 (0x07a11323) mem 0x80013e02 0x00a1
core   0: 0x8000ba74 (0x09f14983) lbu     s3, 159(sp)
core   0: 3 0x8000ba74 (0x09f14983) x19 0x000000c7 mem 0x80013e3b
core   0: 0x8000ba78 (0x0a910f83) lb      t6, 169(sp)
core   0: 3 0x8000ba78 (0x0a910f83) x31 0x00000002 mem 0x80013e45
core   0: 0x8000ba7c (0xf9f10fa3) sb      t6, -97(sp)
core   0: 3 0x8000ba7c (0xf9f10fa3) mem 0x80013d3b 0x2
core   0: 0x8000ba80 (0xf4114183) lbu     gp, -191(sp)
core   0: 3 0x8000ba80 (0xf4114183) x 3 0x0000007e mem 0x80013cdd
core   0: 0x8000ba84 (0x00008117) auipc   sp, 0x8
core   0: 3 0x8000ba84 (0x00008117) x 2 0x80013a84
core   0: 0x8000ba88 (0x33a10113) addi    sp, sp, 826
core   0: 3 0x8000ba88 (0x33a10113) x 2 0x80013dbe
core   0: 0x8000ba8c (0xba415b83) lhu     s7, -1116(sp)
core   0: 3 0x8000ba8c (0xba415b83) x23 0x0000ea4c mem 0x80013962
core   0: 0x8000ba90 (0xbbc10223) sb      t3, -1116(sp)
core   0: 3 0x8000ba90 (0xbbc10223) mem 0x80013962 0x14
core   0: 0x8000ba94 (0xba410503) lb      a0, -1116(sp)
core   0: 3 0x8000ba94 (0xba410503) x10 0x00000014 mem 0x80013962
core   0: 0x8000ba98 (0xe6b11223) sh      a1, -412(sp)
core   0: 3 0x8000ba98 (0xe6b11223) mem 0x80013c22 0x0000
core   0: 0x8000ba9c (0x00000013) nop
core   0: 3 0x8000ba9c (0x00000013)
core   0: 0x8000baa0 (0xe6410683) lb      a3, -412(sp)
core   0: 3 0x8000baa0 (0xe6410683) x13 0x00000000 mem 0x80013c22
core   0: 0x8000baa4 (0xa5060d93) addi    s11, a2, -1456
core   0: 3 0x8000baa4 (0xa5060d93) x27 0xfffffaa7
core   0: 0x8000baa8 (0xe6410d83) lb      s11, -412(sp)
core   0: 3 0x8000baa8 (0xe6410d83) x27 0x00000000 mem 0x80013c22
core   0: 0x8000baac (0x17c11e83) lh      t4, 380(sp)
core   0: 3 0x8000baac (0x17c11e83) x29 0xffffe9bb mem 0x80013f3a
core   0: 0x8000bab0 (0x001f1bb3) sll     s7, t5, ra
core   0: 3 0x8000bab0 (0x001f1bb3) x23 0x04200000
core   0: 0x8000bab4 (0x468d74b7) lui     s1, 0x468d7
core   0: 3 0x8000bab4 (0x468d74b7) x 9 0x468d7000
core   0: 0x8000bab8 (0xac615c83) lhu     s9, -1338(sp)
core   0: 3 0x8000bab8 (0xac615c83) x25 0x000016f0 mem 0x80013884
core   0: 0x8000babc (0xa7f14203) lbu     tp, -1409(sp)
core   0: 3 0x8000babc (0xa7f14203) x 4 0x00000000 mem 0x8001383d
core   0: 0x8000bac0 (0xa7f10283) lb      t0, -1409(sp)
core   0: 3 0x8000bac0 (0xa7f10283) x 5 0x00000000 mem 0x8001383d
core   0: 0x8000bac4 (0xa7f10d83) lb      s11, -1409(sp)
core   0: 3 0x8000bac4 (0xa7f10d83) x27 0x00000000 mem 0x8001383d
core   0: 0x8000bac8 (0x01471f33) sll     t5, a4, s4
core   0: 3 0x8000bac8 (0x01471f33) x30 0x00398000
core   0: 0x8000bacc (0xa7410fa3) sb      s4, -1409(sp)
core   0: 3 0x8000bacc (0xa7410fa3) mem 0x8001383d 0xf
core   0: 0x8000bad0 (0xa7d10fa3) sb      t4, -1409(sp)
core   0: 3 0x8000bad0 (0xa7d10fa3) mem 0x8001383d 0xbb
core   0: 0x8000bad4 (0xf1111623) sh      a7, -244(sp)
core   0: 3 0x8000bad4 (0xf1111623) mem 0x80013cca 0xcce4
core   0: 0x8000bad8 (0xf0c15383) lhu     t2, -244(sp)
core   0: 3 0x8000bad8 (0xf0c15383) x 7 0x0000cce4 mem 0x80013cca
core   0: 0x8000badc (0x00014097) auipc   ra, 0x14
core   0: 3 0x8000badc (0x00014097) x 1 0x8001fadc
core   0: 0x8000bae0 (0x3e208093) addi    ra, ra, 994
core   0: 3 0x8000bae0 (0x3e208093) x 1 0x8001febe
core   0: 0x8000bae4 (0x0000a697) auipc   a3, 0xa
core   0: 3 0x8000bae4 (0x0000a697) x13 0x80015ae4
core   0: 0x8000bae8 (0xf9868693) addi    a3, a3, -104
core   0: 3 0x8000bae8 (0xf9868693) x13 0x80015a7c
core   0: 0x8000baec (0xd850c003) lbu     zero, -635(ra)
core   0: 3 0x8000baec (0xd850c003) mem 0x8001fc43
core   0: 0x8000baf0 (0x0000d197) auipc   gp, 0xd
core   0: 3 0x8000baf0 (0x0000d197) x 3 0x80018af0
core   0: 0x8000baf4 (0xf0a18193) addi    gp, gp, -246
core   0: 3 0x8000baf4 (0xf0a18193) x 3 0x800189fa
core   0: 0x8000baf8 (0x95208983) lb      s3, -1710(ra)
core   0: 3 0x8000baf8 (0x95208983) x19 0xffffff9f mem 0x8001f810
core   0: 0x8000bafc (0x00a69c83) lh      s9, 10(a3)
core   0: 3 0x8000bafc (0x00a69c83) x25 0xffffed01 mem 0x80015a86
core   0: 0x8000bb00 (0x00118a03) lb      s4, 1(gp)
core   0: 3 0x8000bb00 (0x00118a03) x20 0x0000002f mem 0x800189fb
core   0: 0x8000bb04 (0x00018c17) auipc   s8, 0x18
core   0: 3 0x8000bb04 (0x00018c17) x24 0x80023b04
core   0: 0x8000bb08 (0xc9fc0c13) addi    s8, s8, -865
core   0: 3 0x8000bb08 (0xc9fc0c13) x24 0x800237a3
core   0: 0x8000bb0c (0x00c19a83) lh      s5, 12(gp)
core   0: 3 0x8000bb0c (0x00c19a83) x21 0x0000282c mem 0x80018a06
core   0: 0x8000bb10 (0x7ad087a3) sb      a3, 1967(ra)
core   0: 3 0x8000bb10 (0x7ad087a3) mem 0x8002066d 0x7c
core   0: 0x8000bb14 (0x005c4e83) lbu     t4, 5(s8)
core   0: 3 0x8000bb14 (0x005c4e83) x29 0x000000bf mem 0x800237a8
core   0: 0x8000bb18 (0x0091c903) lbu     s2, 9(gp)
core   0: 3 0x8000bb18 (0x0091c903) x18 0x0000004d mem 0x80018a03
core   0: 0x8000bb1c (0x40d08a03) lb      s4, 1037(ra)
core   0: 3 0x8000bb1c (0x40d08a03) x20 0x0000004b mem 0x800202cb
core   0: 0x8000bb20 (0x00bc5b03) lhu     s6, 11(s8)
core   0: 3 0x8000bb20 (0x00bc5b03) x22 0x0000a736 mem 0x800237ae
core   0: 0x8000bb24 (0x00968903) lb      s2, 9(a3)
core   0: 3 0x8000bb24 (0x00968903) x18 0x00000003 mem 0x80015a85
core   0: 0x8000bb28 (0xe950af23) sw      s5, -354(ra)
core   0: 3 0x8000bb28 (0xe950af23) mem 0x8001fd5c 0x0000282c
core   0: 0x8000bb2c (0x010c24a3) sw      a6, 9(s8)
core   0: 3 0x8000bb2c (0x010c24a3) mem 0x800237ac 0x80000000
core   0: 0x8000bb30 (0xfff6c403) lbu     s0, -1(a3)
core   0: 3 0x8000bb30 (0xfff6c403) x 8 0x00000075 mem 0x80015a7b
core   0: 0x8000bb34 (0xd2708223) sb      t2, -732(ra)
core   0: 3 0x8000bb34 (0xd2708223) mem 0x8001fbe2 0xe4
core   0: 0x8000bb38 (0xff168903) lb      s2, -15(a3)
core   0: 3 0x8000bb38 (0xff168903) x18 0x0000004d mem 0x80015a6d
core   0: 0x8000bb3c (0x00a19283) lh      t0, 10(gp)
core   0: 3 0x8000bb3c (0x00a19283) x 5 0xffffc398 mem 0x80018a04
core   0: 0x8000bb40 (0x04b08d03) lb      s10, 75(ra)
core   0: 3 0x8000bb40 (0x04b08d03) x26 0xffffffb4 mem 0x8001ff09
core   0: 0x8000bb44 (0x00d6ca83) lbu     s5, 13(a3)
core   0: 3 0x8000bb44 (0x00d6ca83) x21 0x00000088 mem 0x80015a89
core   0: 0x8000bb48 (0xfe919e23) sh      s1, -4(gp)
core   0: 3 0x8000bb48 (0xfe919e23) mem 0x800189f6 0x7000
core   0: 0x8000bb4c (0x0056c603) lbu     a2, 5(a3)
core   0: 3 0x8000bb4c (0x0056c603) x12 0x000000c2 mem 0x80015a81
core   0: 0x8000bb50 (0x01d185a3) sb      t4, 11(gp)
core   0: 3 0x8000bb50 (0x01d185a3) mem 0x80018a05 0xbf
core   0: 0x8000bb54 (0x008c0523) sb      s0, 10(s8)
core   0: 3 0x8000bb54 (0x008c0523) mem 0x800237ad 0x75
core   0: 0x8000bb58 (0x0026cd03) lbu     s10, 2(a3)
core   0: 3 0x8000bb58 (0x0026cd03) x26 0x000000a2 mem 0x80015a7e
core   0: 0x8000bb5c (0xff268a03) lb      s4, -14(a3)
core   0: 3 0x8000bb5c (0xff268a03) x20 0xffffffc7 mem 0x80015a6e
core   0: 0x8000bb60 (0xff9c1003) lh      zero, -7(s8)
core   0: 3 0x8000bb60 (0xff9c1003) mem 0x8002379c
core   0: 0x8000bb64 (0xcf108f23) sb      a7, -770(ra)
core   0: 3 0x8000bb64 (0xcf108f23) mem 0x8001fbbc 0xe4
core   0: 0x8000bb68 (0xffcc0aa3) sb      t3, -11(s8)
core   0: 3 0x8000bb68 (0xffcc0aa3) mem 0x80023798 0x14
core   0: 0x8000bb6c (0xff31cd03) lbu     s10, -13(gp)
core   0: 3 0x8000bb6c (0xff31cd03) x26 0x0000005b mem 0x800189ed
core   0: 0x8000bb70 (0xff4c1da3) sh      s4, -5(s8)
core   0: 3 0x8000bb70 (0xff4c1da3) mem 0x8002379e 0xffc7
core   0: 0x8000bb74 (0x39e08ba3) sb      t5, 919(ra)
core   0: 3 0x8000bb74 (0x39e08ba3) mem 0x80020255 0x0
core   0: 0x8000bb78 (0x01068a83) lb      s5, 16(a3)
core   0: 3 0x8000bb78 (0x01068a83) x21 0x00000020 mem 0x80015a8c
core   0: 0x8000bb7c (0x005181a3) sb      t0, 3(gp)
core   0: 3 0x8000bb7c (0x005181a3) mem 0x800189fd 0x98
core   0: 0x8000bb80 (0xff9c0303) lb      t1, -7(s8)
core   0: 3 0x8000bb80 (0xff9c0303) x 6 0xfffffffc mem 0x8002379c
core   0: 0x8000bb84 (0x0051c003) lbu     zero, 5(gp)
core   0: 3 0x8000bb84 (0x0051c003) mem 0x800189ff
core   0: 0x8000bb88 (0x00010697) auipc   a3, 0x10
core   0: 3 0x8000bb88 (0x00010697) x13 0x8001bb88
core   0: 0x8000bb8c (0x08a68693) addi    a3, a3, 138
core   0: 3 0x8000bb8c (0x08a68693) x13 0x8001bc12
core   0: 0x8000bb90 (0xfff68b03) lb      s6, -1(a3)
core   0: 3 0x8000bb90 (0xfff68b03) x22 0xffffffff mem 0x8001bc11
core   0: 0x8000bb94 (0xfc469383) lh      t2, -60(a3)
core   0: 3 0x8000bb94 (0xfc469383) x 7 0xffffcd3a mem 0x8001bbd6
core   0: 0x8000bb98 (0x016f3033) sltu    zero, t5, s6
core   0: 3 0x8000bb98 (0x016f3033)
core   0: 0x8000bb9c (0x01a68f83) lb      t6, 26(a3)
core   0: 3 0x8000bb9c (0x01a68f83) x31 0xffffffc6 mem 0x8001bc2c
core   0: 0x8000bba0 (0x01968203) lb      tp, 25(a3)
core   0: 3 0x8000bba0 (0x01968203) x 4 0xffffffa1 mem 0x8001bc2b
core   0: 0x8000bba4 (0x00668ca3) sb      t1, 25(a3)
core   0: 3 0x8000bba4 (0x00668ca3) mem 0x8001bc2b 0xfc
core   0: 0x8000bba8 (0x01968e03) lb      t3, 25(a3)
core   0: 3 0x8000bba8 (0x01968e03) x28 0xfffffffc mem 0x8001bc2b
core   0: 0x8000bbac (0x01668ca3) sb      s6, 25(a3)
core   0: 3 0x8000bbac (0x01668ca3) mem 0x8001bc2b 0xff
core   0: 0x8000bbb0 (0xfc96cc03) lbu     s8, -55(a3)
core   0: 3 0x8000bbb0 (0xfc96cc03) x24 0x00000007 mem 0x8001bbdb
core   0: 0x8000bbb4 (0xfcb6ce83) lbu     t4, -53(a3)
core   0: 3 0x8000bbb4 (0xfcb6ce83) x29 0x00000088 mem 0x8001bbdd
core   0: 0x8000bbb8 (0xfc869c83) lh      s9, -56(a3)
core   0: 3 0x8000bbb8 (0xfc869c83) x25 0x00000702 mem 0x8001bbda
core   0: 0x8000bbbc (0xff56cc03) lbu     s8, -11(a3)
core   0: 3 0x8000bbbc (0xff56cc03) x24 0x00000095 mem 0x8001bc07
core   0: 0x8000bbc0 (0x00968183) lb      gp, 9(a3)
core   0: 3 0x8000bbc0 (0x00968183) x 3 0x0000004f mem 0x8001bc1b
core   0: 0x8000bbc4 (0x02368183) lb      gp, 35(a3)
core   0: 3 0x8000bbc4 (0x02368183) x 3 0xffffff9e mem 0x8001bc35
core   0: 0x8000bbc8 (0xfcb681a3) sb      a1, -61(a3)
core   0: 3 0x8000bbc8 (0xfcb681a3) mem 0x8001bbd5 0x0
core   0: 0x8000bbcc (0x02a68223) sb      a0, 36(a3)
core   0: 3 0x8000bbcc (0x02a68223) mem 0x8001bc36 0x14
core   0: 0x8000bbd0 (0x03069a83) lh      s5, 48(a3)
core   0: 3 0x8000bbd0 (0x03069a83) x21 0x0000740d mem 0x8001bc42
core   0: 0x8000bbd4 (0x21b6d037) lui     zero, 0x21b6d
core   0: 3 0x8000bbd4 (0x21b6d037)
core   0: 0x8000bbd8 (0x0ff0000f) fence   iorw,iorw
core   0: 3 0x8000bbd8 (0x0ff0000f)
core   0: 0x8000bbdc (0xfeb68383) lb      t2, -21(a3)
core   0: 3 0x8000bbdc (0xfeb68383) x 7 0xffffff90 mem 0x8001bbfd
core   0: 0x8000bbe0 (0xff3685a3) sb      s3, -21(a3)
core   0: 3 0x8000bbe0 (0xff3685a3) mem 0x8001bbfd 0x9f
core   0: 0x8000bbe4 (0xfeb68503) lb      a0, -21(a3)
core   0: 3 0x8000bbe4 (0xfeb68503) x10 0xffffff9f mem 0x8001bbfd
core   0: 0x8000bbe8 (0x00900493) li      s1, 9
core   0: 3 0x8000bbe8 (0x00900493) x 9 0x00000009
core   0: 0x8000bbec (0x00900693) li      a3, 9
core   0: 3 0x8000bbec (0x00900693) x13 0x00000009
core   0: 0x8000bbf0 (0x00ef33b3) sltu    t2, t5, a4
core   0: 3 0x8000bbf0 (0x00ef33b3) x 7 0x00000000
core   0: 0x8000bbf4 (0xffc48493) addi    s1, s1, -4
core   0: 3 0x8000bbf4 (0xffc48493) x 9 0x00000005
core   0: 0x8000bbf8 (0x01f269b3) or      s3, tp, t6
core   0: 3 0x8000bbf8 (0x01f269b3) x19 0xffffffe7
core   0: 0x8000bbfc (0xffb00593) li      a1, -5
core   0: 3 0x8000bbfc (0xffb00593) x11 0xfffffffb
core   0: 0x8000bc00 (0x01100513) li      a0, 17
core   0: 3 0x8000bc00 (0x01100513) x10 0x00000011
core   0: 0x8000bc04 (0xe9c1a713) slti    a4, gp, -356
core   0: 3 0x8000bc04 (0xe9c1a713) x14 0x00000000
core   0: 0x8000bc08 (0x00efabb3) slt     s7, t6, a4
core   0: 3 0x8000bc08 (0x00efabb3) x23 0x00000001
core   0: 0x8000bc0c (0x00a58593) addi    a1, a1, 10
core   0: 3 0x8000bc0c (0x00a58593) x11 0x00000005
core   0: 0x8000bc10 (0x011d51b3) srl     gp, s10, a7
core   0: 3 0x8000bc10 (0x011d51b3) x 3 0x00000005
core   0: 0x8000bc14 (0xfea5eae3) bltu    a1, a0, pc - 12
core   0: 3 0x8000bc14 (0xfea5eae3)
core   0: 0x8000bc08 (0x00efabb3) slt     s7, t6, a4
core   0: 3 0x8000bc08 (0x00efabb3) x23 0x00000001
core   0: 0x8000bc0c (0x00a58593) addi    a1, a1, 10
core   0: 3 0x8000bc0c (0x00a58593) x11 0x0000000f
core   0: 0x8000bc10 (0x011d51b3) srl     gp, s10, a7
core   0: 3 0x8000bc10 (0x011d51b3) x 3 0x00000005
core   0: 0x8000bc14 (0xfea5eae3) bltu    a1, a0, pc - 12
core   0: 3 0x8000bc14 (0xfea5eae3)
core   0: 0x8000bc08 (0x00efabb3) slt     s7, t6, a4
core   0: 3 0x8000bc08 (0x00efabb3) x23 0x00000001
core   0: 0x8000bc0c (0x00a58593) addi    a1, a1, 10
core   0: 3 0x8000bc0c (0x00a58593) x11 0x00000019
core   0: 0x8000bc10 (0x011d51b3) srl     gp, s10, a7
core   0: 3 0x8000bc10 (0x011d51b3) x 3 0x00000005
core   0: 0x8000bc14 (0xfea5eae3) bltu    a1, a0, pc - 12
core   0: 3 0x8000bc14 (0xfea5eae3)
core   0: 0x8000bc18 (0xfcd4fce3) bgeu    s1, a3, pc - 40
core   0: 3 0x8000bc18 (0xfcd4fce3)
core   0: 0x8000bc1c (0x01c7e033) or      zero, a5, t3
core   0: 3 0x8000bc1c (0x01c7e033)
core   0: 0x8000bc20 (0xffb00913) li      s2, -5
core   0: 3 0x8000bc20 (0xffb00913) x18 0xfffffffb
core   0: 0x8000bc24 (0x31a86993) ori     s3, a6, 794
core   0: 3 0x8000bc24 (0x31a86993) x19 0x8000031a
core   0: 0x8000bc28 (0x004e5d93) srli    s11, t3, 4
core   0: 3 0x8000bc28 (0x004e5d93) x27 0x0fffffff
core   0: 0x8000bc2c (0x41675f13) srai    t5, a4, 22
core   0: 3 0x8000bc2c (0x41675f13) x30 0x00000000
core   0: 0x8000bc30 (0x000c5993) srli    s3, s8, 0
core   0: 3 0x8000bc30 (0x000c5993) x19 0x00000095
core   0: 0x8000bc34 (0x121eec13) ori     s8, t4, 289
core   0: 3 0x8000bc34 (0x121eec13) x24 0x000001a9
core   0: 0x8000bc38 (0x00819f13) slli    t5, gp, 8
core   0: 3 0x8000bc38 (0x00819f13) x30 0x00000500
core   0: 0x8000bc3c (0x00400693) li      a3, 4
core   0: 3 0x8000bc3c (0x00400693) x13 0x00000004
core   0: 0x8000bc40 (0x5a8c6217) auipc   tp, 0x5a8c6
core   0: 3 0x8000bc40 (0x5a8c6217) x 4 0xda8d1c40
core   0: 0x8000bc44 (0x0000100f) fence.i
core   0: 3 0x8000bc44 (0x0000100f)
core   0: 0x8000bc48 (0x06b88e13) addi    t3, a7, 107
core   0: 3 0x8000bc48 (0x06b88e13) x28 0x8002cd4f
core   0: 0x8000bc4c (0x79b1ee93) ori     t4, gp, 1947
core   0: 3 0x8000bc4c (0x79b1ee93) x29 0x0000079f
core   0: 0x8000bc50 (0x41f980b3) sub     ra, s3, t6
core   0: 3 0x8000bc50 (0x41f980b3) x 1 0x000000cf
core   0: 0x8000bc54 (0x00190913) addi    s2, s2, 1
core   0: 3 0x8000bc54 (0x00190913) x18 0xfffffffc
core   0: 0x8000bc58 (0x00544bb3) xor     s7, s0, t0
core   0: 3 0x8000bc58 (0x00544bb3) x23 0xffffc3ed
core   0: 0x8000bc5c (0x016bd433) srl     s0, s7, s6
core   0: 3 0x8000bc5c (0x016bd433) x 8 0x00000001
core   0: 0x8000bc60 (0x00931033) sll     zero, t1, s1
core   0: 3 0x8000bc60 (0x00931033)
core   0: 0x8000bc64 (0x9ebd2a13) slti    s4, s10, -1557
core   0: 3 0x8000bc64 (0x9ebd2a13) x20 0x00000000
core   0: 0x8000bc68 (0xfed960e3) bltu    s2, a3, pc - 32
core   0: 3 0x8000bc68 (0xfed960e3)
core   0: 0x8000bc6c (0x01f6e1b3) or      gp, a3, t6
core   0: 3 0x8000bc6c (0x01f6e1b3) x 3 0xffffffc6
core   0: 0x8000bc70 (0x00008617) auipc   a2, 0x8
core   0: 3 0x8000bc70 (0x00008617) x12 0x80013c70
core   0: 0x8000bc74 (0x8ca60613) addi    a2, a2, -1846
core   0: 3 0x8000bc74 (0x8ca60613) x12 0x8001353a
core   0: 0x8000bc78 (0x53560403) lb      s0, 1333(a2)
core   0: 3 0x8000bc78 (0x53560403) x 8 0x00000051 mem 0x80013a6f
core   0: 0x8000bc7c (0x408a06b3) sub     a3, s4, s0
core   0: 3 0x8000bc7c (0x408a06b3) x13 0xffffffaf
core   0: 0x8000bc80 (0x0000100f) fence.i
core   0: 3 0x8000bc80 (0x0000100f)
core   0: 0x8000bc84 (0x1c461323) sh      tp, 454(a2)
core   0: 3 0x8000bc84 (0x1c461323) mem 0x80013700 0x1c40
core   0: 0x8000bc88 (0x01b6e933) or      s2, a3, s11
core   0: 3 0x8000bc88 (0x01b6e933) x18 0xffffffff
core   0: 0x8000bc8c (0x00211193) slli    gp, sp, 2
core   0: 3 0x8000bc8c (0x00211193) x 3 0x0004f6f8
core   0: 0x8000bc90 (0x012e0733) add     a4, t3, s2
core   0: 3 0x8000bc90 (0x012e0733) x14 0x8002cd4e
core   0: 0x8000bc94 (0x70364c83) lbu     s9, 1795(a2)
core   0: 3 0x8000bc94 (0x70364c83) x25 0x00000000 mem 0x80013c3d
core   0: 0x8000bc98 (0x41f959b3) sra     s3, s2, t6
core   0: 3 0x8000bc98 (0x41f959b3) x19 0xffffffff
core   0: 0x8000bc9c (0x41850133) sub     sp, a0, s8
core   0: 3 0x8000bc9c (0x41850133) x 2 0xfffffe68
core   0: 0x8000bca0 (0x27814a93) xori    s5, sp, 632
core   0: 3 0x8000bca0 (0x27814a93) x21 0xfffffc10
core   0: 0x8000bca4 (0x51564003) lbu     zero, 1301(a2)
core   0: 3 0x8000bca4 (0x51564003) mem 0x80013a4f
core   0: 0x8000bca8 (0x69c60823) sb      t3, 1680(a2)
core   0: 3 0x8000bca8 (0x69c60823) mem 0x80013bca 0x4f
core   0: 0x8000bcac (0x01619b93) slli    s7, gp, 22
core   0: 3 0x8000bcac (0x01619b93) x23 0xbe000000
core   0: 0x8000bcb0 (0x00891233) sll     tp, s2, s0
core   0: 3 0x8000bcb0 (0x00891233) x 4 0xfffe0000
core   0: 0x8000bcb4 (0x01ce2233) slt     tp, t3, t3
core   0: 3 0x8000bcb4 (0x01ce2233) x 4 0x00000000
core   0: 0x8000bcb8 (0xffbc7693) andi    a3, s8, -5
core   0: 3 0x8000bcb8 (0xffbc7693) x13 0x000001a9
core   0: 0x8000bcbc (0x00b01993) slli    s3, zero, 11
core   0: 3 0x8000bcbc (0x00b01993) x19 0x00000000
core   0: 0x8000bcc0 (0x40fa04b3) sub     s1, s4, a5
core   0: 3 0x8000bcc0 (0x40fa04b3) x 9 0x7ffd71e8
core   0: 0x8000bcc4 (0x66160da3) sb      ra, 1659(a2)
core   0: 3 0x8000bcc4 (0x66160da3) mem 0x80013bb5 0xcf
core   0: 0x8000bcc8 (0x35060f03) lb      t5, 848(a2)
core   0: 3 0x8000bcc8 (0x35060f03) x30 0x00000066 mem 0x8001388a
core   0: 0x8000bccc (0x50c602a3) sb      a2, 1285(a2)
core   0: 3 0x8000bccc (0x50c602a3) mem 0x80013a3f 0x3a
core   0: 0x8000bcd0 (0x29360d83) lb      s11, 659(a2)
core   0: 3 0x8000bcd0 (0x29360d83) x27 0x00000000 mem 0x800137cd
core   0: 0x8000bcd4 (0x51b64703) lbu     a4, 1307(a2)
core   0: 3 0x8000bcd4 (0x51b64703) x14 0x00000015 mem 0x80013a55
core   0: 0x8000bcd8 (0xc8860e23) sb      s0, -868(a2)
core   0: 3 0x8000bcd8 (0xc8860e23) mem 0x800131d6 0x51
core   0: 0x8000bcdc (0xf3f64f83) lbu     t6, -193(a2)
core   0: 3 0x8000bcdc (0xf3f64f83) x31 0x0000004e mem 0x80013479
core   0: 0x8000bce0 (0x52b64503) lbu     a0, 1323(a2)
core   0: 3 0x8000bce0 (0x52b64503) x10 0x00000049 mem 0x80013a65
core   0: 0x8000bce4 (0x00855733) srl     a4, a0, s0
core   0: 3 0x8000bce4 (0x00855733) x14 0x00000000
core   0: 0x8000bce8 (0x67262523) sw      s2, 1642(a2)
core   0: 3 0x8000bce8 (0x67262523) mem 0x80013ba4 0xffffffff
core   0: 0x8000bcec (0x0000100f) fence.i
core   0: 3 0x8000bcec (0x0000100f)
core   0: 0x8000bcf0 (0x0000100f) fence.i
core   0: 3 0x8000bcf0 (0x0000100f)
core   0: 0x8000bcf4 (0x51472ab7) lui     s5, 0x51472
core   0: 3 0x8000bcf4 (0x51472ab7) x21 0x51472000
core   0: 0x8000bcf8 (0x03865003) lhu     zero, 56(a2)
core   0: 3 0x8000bcf8 (0x03865003) mem 0x80013572
core   0: 0x8000bcfc (0xc1a60b23) sb      s10, -1002(a2)
core   0: 3 0x8000bcfc (0xc1a60b23) mem 0x80013150 0x5b
core   0: 0x8000bd00 (0xc9960a83) lb      s5, -871(a2)
core   0: 3 0x8000bd00 (0xc9960a83) x21 0x0000004c mem 0x800131d3
core   0: 0x8000bd04 (0x5e760183) lb      gp, 1511(a2)
core   0: 3 0x8000bd04 (0x5e760183) x 3 0xffffffd8 mem 0x80013b21
core   0: 0x8000bd08 (0x41215e93) srai    t4, sp, 18
core   0: 3 0x8000bd08 (0x41215e93) x29 0xffffffff
core   0: 0x8000bd0c (0x1d8608a3) sb      s8, 465(a2)
core   0: 3 0x8000bd0c (0x1d8608a3) mem 0x8001370b 0xa9
core   0: 0x8000bd10 (0x40d60233) sub     tp, a2, a3
core   0: 3 0x8000bd10 (0x40d60233) x 4 0x80013391
core   0: 0x8000bd14 (0x17cb92b7) lui     t0, 0x17cb9
core   0: 3 0x8000bd14 (0x17cb92b7) x 5 0x17cb9000
core   0: 0x8000bd18 (0x00966cb3) or      s9, a2, s1
core   0: 3 0x8000bd18 (0x00966cb3) x25 0xfffd75fa
core   0: 0x8000bd1c (0x40310e33) sub     t3, sp, gp
core   0: 3 0x8000bd1c (0x40310e33) x28 0xfffffe90
core   0: 0x8000bd20 (0xe1adca13) xori    s4, s11, -486
core   0: 3 0x8000bd20 (0xe1adca13) x20 0xfffffe1a
core   0: 0x8000bd24 (0x01759f93) slli    t6, a1, 23
core   0: 3 0x8000bd24 (0x01759f93) x31 0x0c800000
core   0: 0x8000bd28 (0x01333933) sltu    s2, t1, s3
core   0: 3 0x8000bd28 (0x01333933) x18 0x00000000
core   0: 0x8000bd2c (0x053e6c13) ori     s8, t3, 83
core   0: 3 0x8000bd2c (0x053e6c13) x24 0xfffffed3
core   0: 0x8000bd30 (0x3e660fa3) sb      t1, 1023(a2)
core   0: 3 0x8000bd30 (0x3e660fa3) mem 0x80013939 0xfc
core   0: 0x8000bd34 (0x00008d17) auipc   s10, 0x8
core   0: 3 0x8000bd34 (0x00008d17) x26 0x80013d34
core   0: 0x8000bd38 (0x034d0d13) addi    s10, s10, 52
core   0: 3 0x8000bd38 (0x034d0d13) x26 0x80013d68
core   0: 0x8000bd3c (0xfc9d2a23) sw      s1, -44(s10)
core   0: 3 0x8000bd3c (0xfc9d2a23) mem 0x80013d3c 0x7ffd71e8
core   0: 0x8000bd40 (0x00015497) auipc   s1, 0x15
core   0: 3 0x8000bd40 (0x00015497) x 9 0x80020d40
core   0: 0x8000bd44 (0xd4148493) addi    s1, s1, -703
core   0: 3 0x8000bd44 (0xd4148493) x 9 0x80020a81
core   0: 0x8000bd48 (0x01448723) sb      s4, 14(s1)
core   0: 3 0x8000bd48 (0x01448723) mem 0x80020a8f 0x1a
core   0: 0x8000bd4c (0x036d1683) lh      a3, 54(s10)
core   0: 3 0x8000bd4c (0x036d1683) x13 0x00000000 mem 0x80013d9e
core   0: 0x8000bd50 (0x00048123) sb      zero, 2(s1)
core   0: 3 0x8000bd50 (0x00048123) mem 0x80020a83 0x0
core   0: 0x8000bd54 (0x00149903) lh      s2, 1(s1)
core   0: 3 0x8000bd54 (0x00149903) x18 0x000000d5 mem 0x80020a82
core   0: 0x8000bd58 (0xfd6d4d83) lbu     s11, -42(s10)
core   0: 3 0x8000bd58 (0xfd6d4d83) x27 0x000000fd mem 0x80013d3e
core   0: 0x8000bd5c (0x025d0a03) lb      s4, 37(s10)
core   0: 3 0x8000bd5c (0x025d0a03) x20 0x00000051 mem 0x80013d8d
core   0: 0x8000bd60 (0xff04c503) lbu     a0, -16(s1)
core   0: 3 0x8000bd60 (0xff04c503) x10 0x000000e3 mem 0x80020a71
core   0: 0x8000bd64 (0xffc48003) lb      zero, -4(s1)
core   0: 3 0x8000bd64 (0xffc48003) mem 0x80020a7d
core   0: 0x8000bd68 (0x0074d203) lhu     tp, 7(s1)
core   0: 3 0x8000bd68 (0x0074d203) x 4 0x0000f5f3 mem 0x80020a88
core   0: 0x8000bd6c (0x03ed5d83) lhu     s11, 62(s10)
core   0: 3 0x8000bd6c (0x03ed5d83) x27 0x00001800 mem 0x80013da6
core   0: 0x8000bd70 (0xfff4a383) lw      t2, -1(s1)
core   0: 3 0x8000bd70 (0xfff4a383) x 7 0x00d55225 mem 0x80020a80
core   0: 0x8000bd74 (0x001d4083) lbu     ra, 1(s10)
core   0: 3 0x8000bd74 (0x001d4083) x 1 0x00000052 mem 0x80013d69
core   0: 0x8000bd78 (0xfe8d0ca3) sb      s0, -7(s10)
core   0: 3 0x8000bd78 (0xfe8d0ca3) mem 0x80013d61 0x51
core   0: 0x8000bd7c (0x00848583) lb      a1, 8(s1)
core   0: 3 0x8000bd7c (0x00848583) x11 0xfffffff5 mem 0x80020a89
core   0: 0x8000bd80 (0x00cd0203) lb      tp, 12(s10)
core   0: 3 0x8000bd80 (0x00cd0203) x 4 0x0000001e mem 0x80013d74
core   0: 0x8000bd84 (0x00848a03) lb      s4, 8(s1)
core   0: 3 0x8000bd84 (0x00848a03) x20 0xfffffff5 mem 0x80020a89
core   0: 0x8000bd88 (0x00100493) li      s1, 1
core   0: 3 0x8000bd88 (0x00100493) x 9 0x00000001
core   0: 0x8000bd8c (0x01300393) li      t2, 19
core   0: 3 0x8000bd8c (0x01300393) x 7 0x00000013
core   0: 0x8000bd90 (0x00cf2433) slt     s0, t5, a2
core   0: 3 0x8000bd90 (0x00cf2433) x 8 0x00000000
core   0: 0x8000bd94 (0x00c92db3) slt     s11, s2, a2
core   0: 3 0x8000bd94 (0x00c92db3) x27 0x00000000
core   0: 0x8000bd98 (0x00948493) addi    s1, s1, 9
core   0: 3 0x8000bd98 (0x00948493) x 9 0x0000000a
core   0: 0x8000bd9c (0x00700593) li      a1, 7
core   0: 3 0x8000bd9c (0x00700593) x11 0x00000007
core   0: 0x8000bda0 (0xfef00513) li      a0, -17
core   0: 3 0x8000bda0 (0xfef00513) x10 0xffffffef
core   0: 0x8000bda4 (0x0188cd33) xor     s10, a7, s8
core   0: 3 0x8000bda4 (0x0188cd33) x26 0x7ffd3237
core   0: 0x8000bda8 (0x40370f33) sub     t5, a4, gp
core   0: 3 0x8000bda8 (0x40370f33) x30 0x00000028
core   0: 0x8000bdac (0xffe58593) addi    a1, a1, -2
core   0: 3 0x8000bdac (0xffe58593) x11 0x00000005
core   0: 0x8000bdb0 (0xfea59ae3) bne     a1, a0, pc - 12
core   0: 3 0x8000bdb0 (0xfea59ae3)
core   0: 0x8000bda4 (0x0188cd33) xor     s10, a7, s8
core   0: 3 0x8000bda4 (0x0188cd33) x26 0x7ffd3237
core   0: 0x8000bda8 (0x40370f33) sub     t5, a4, gp
core   0: 3 0x8000bda8 (0x40370f33) x30 0x00000028
core   0: 0x8000bdac (0xffe58593) addi    a1, a1, -2
core   0: 3 0x8000bdac (0xffe58593) x11 0x00000003
core   0: 0x8000bdb0 (0xfea59ae3) bne     a1, a0, pc - 12
core   0: 3 0x8000bdb0 (0xfea59ae3)
core   0: 0x8000bda4 (0x0188cd33) xor     s10, a7, s8
core   0: 3 0x8000bda4 (0x0188cd33) x26 0x7ffd3237
core   0: 0x8000bda8 (0x40370f33) sub     t5, a4, gp
core   0: 3 0x8000bda8 (0x40370f33) x30 0x00000028
core   0: 0x8000bdac (0xffe58593) addi    a1, a1, -2
core   0: 3 0x8000bdac (0xffe58593) x11 0x00000001
core   0: 0x8000bdb0 (0xfea59ae3) bne     a1, a0, pc - 12
core   0: 3 0x8000bdb0 (0xfea59ae3)
core   0: 0x8000bda4 (0x0188cd33) xor     s10, a7, s8
core   0: 3 0x8000bda4 (0x0188cd33) x26 0x7ffd3237
core   0: 0x8000bda8 (0x40370f33) sub     t5, a4, gp
core   0: 3 0x8000bda8 (0x40370f33) x30 0x00000028
core   0: 0x8000bdac (0xffe58593) addi    a1, a1, -2
core   0: 3 0x8000bdac (0xffe58593) x11 0xffffffff
core   0: 0x8000bdb0 (0xfea59ae3) bne     a1, a0, pc - 12
core   0: 3 0x8000bdb0 (0xfea59ae3)
core   0: 0x8000bda4 (0x0188cd33) xor     s10, a7, s8
core   0: 3 0x8000bda4 (0x0188cd33) x26 0x7ffd3237
core   0: 0x8000bda8 (0x40370f33) sub     t5, a4, gp
core   0: 3 0x8000bda8 (0x40370f33) x30 0x00000028
core   0: 0x8000bdac (0xffe58593) addi    a1, a1, -2
core   0: 3 0x8000bdac (0xffe58593) x11 0xfffffffd
core   0: 0x8000bdb0 (0xfea59ae3) bne     a1, a0, pc - 12
core   0: 3 0x8000bdb0 (0xfea59ae3)
core   0: 0x8000bda4 (0x0188cd33) xor     s10, a7, s8
core   0: 3 0x8000bda4 (0x0188cd33) x26 0x7ffd3237
core   0: 0x8000bda8 (0x40370f33) sub     t5, a4, gp
core   0: 3 0x8000bda8 (0x40370f33) x30 0x00000028
core   0: 0x8000bdac (0xffe58593) addi    a1, a1, -2
core   0: 3 0x8000bdac (0xffe58593) x11 0xfffffffb
core   0: 0x8000bdb0 (0xfea59ae3) bne     a1, a0, pc - 12
core   0: 3 0x8000bdb0 (0xfea59ae3)
core   0: 0x8000bda4 (0x0188cd33) xor     s10, a7, s8
core   0: 3 0x8000bda4 (0x0188cd33) x26 0x7ffd3237
core   0: 0x8000bda8 (0x40370f33) sub     t5, a4, gp
core   0: 3 0x8000bda8 (0x40370f33) x30 0x00000028
core   0: 0x8000bdac (0xffe58593) addi    a1, a1, -2
core   0: 3 0x8000bdac (0xffe58593) x11 0xfffffff9
core   0: 0x8000bdb0 (0xfea59ae3) bne     a1, a0, pc - 12
core   0: 3 0x8000bdb0 (0xfea59ae3)
core   0: 0x8000bda4 (0x0188cd33) xor     s10, a7, s8
core   0: 3 0x8000bda4 (0x0188cd33) x26 0x7ffd3237
core   0: 0x8000bda8 (0x40370f33) sub     t5, a4, gp
core   0: 3 0x8000bda8 (0x40370f33) x30 0x00000028
core   0: 0x8000bdac (0xffe58593) addi    a1, a1, -2
core   0: 3 0x8000bdac (0xffe58593) x11 0xfffffff7
core   0: 0x8000bdb0 (0xfea59ae3) bne     a1, a0, pc - 12
core   0: 3 0x8000bdb0 (0xfea59ae3)
core   0: 0x8000bda4 (0x0188cd33) xor     s10, a7, s8
core   0: 3 0x8000bda4 (0x0188cd33) x26 0x7ffd3237
core   0: 0x8000bda8 (0x40370f33) sub     t5, a4, gp
core   0: 3 0x8000bda8 (0x40370f33) x30 0x00000028
core   0: 0x8000bdac (0xffe58593) addi    a1, a1, -2
core   0: 3 0x8000bdac (0xffe58593) x11 0xfffffff5
core   0: 0x8000bdb0 (0xfea59ae3) bne     a1, a0, pc - 12
core   0: 3 0x8000bdb0 (0xfea59ae3)
core   0: 0x8000bda4 (0x0188cd33) xor     s10, a7, s8
core   0: 3 0x8000bda4 (0x0188cd33) x26 0x7ffd3237
core   0: 0x8000bda8 (0x40370f33) sub     t5, a4, gp
core   0: 3 0x8000bda8 (0x40370f33) x30 0x00000028
core   0: 0x8000bdac (0xffe58593) addi    a1, a1, -2
core   0: 3 0x8000bdac (0xffe58593) x11 0xfffffff3
core   0: 0x8000bdb0 (0xfea59ae3) bne     a1, a0, pc - 12
core   0: 3 0x8000bdb0 (0xfea59ae3)
core   0: 0x8000bda4 (0x0188cd33) xor     s10, a7, s8
core   0: 3 0x8000bda4 (0x0188cd33) x26 0x7ffd3237
core   0: 0x8000bda8 (0x40370f33) sub     t5, a4, gp
core   0: 3 0x8000bda8 (0x40370f33) x30 0x00000028
core   0: 0x8000bdac (0xffe58593) addi    a1, a1, -2
core   0: 3 0x8000bdac (0xffe58593) x11 0xfffffff1
core   0: 0x8000bdb0 (0xfea59ae3) bne     a1, a0, pc - 12
core   0: 3 0x8000bdb0 (0xfea59ae3)
core   0: 0x8000bda4 (0x0188cd33) xor     s10, a7, s8
core   0: 3 0x8000bda4 (0x0188cd33) x26 0x7ffd3237
core   0: 0x8000bda8 (0x40370f33) sub     t5, a4, gp
core   0: 3 0x8000bda8 (0x40370f33) x30 0x00000028
core   0: 0x8000bdac (0xffe58593) addi    a1, a1, -2
core   0: 3 0x8000bdac (0xffe58593) x11 0xffffffef
core   0: 0x8000bdb0 (0xfea59ae3) bne     a1, a0, pc - 12
core   0: 3 0x8000bdb0 (0xfea59ae3)
core   0: 0x8000bdb4 (0x00d232b3) sltu    t0, tp, a3
core   0: 3 0x8000bdb4 (0x00d232b3) x 5 0x00000000
core   0: 0x8000bdb8 (0x00ead133) srl     sp, s5, a4
core   0: 3 0x8000bdb8 (0x00ead133) x 2 0x0000004c
core   0: 0x8000bdbc (0xfc74eae3) bltu    s1, t2, pc - 44
core   0: 3 0x8000bdbc (0xfc74eae3)
core   0: 0x8000bd90 (0x00cf2433) slt     s0, t5, a2
core   0: 3 0x8000bd90 (0x00cf2433) x 8 0x00000000
core   0: 0x8000bd94 (0x00c92db3) slt     s11, s2, a2
core   0: 3 0x8000bd94 (0x00c92db3) x27 0x00000000
core   0: 0x8000bd98 (0x00948493) addi    s1, s1, 9
core   0: 3 0x8000bd98 (0x00948493) x 9 0x00000013
core   0: 0x8000bd9c (0x00700593) li      a1, 7
core   0: 3 0x8000bd9c (0x00700593) x11 0x00000007
core   0: 0x8000bda0 (0xfef00513) li      a0, -17
core   0: 3 0x8000bda0 (0xfef00513) x10 0xffffffef
core   0: 0x8000bda4 (0x0188cd33) xor     s10, a7, s8
core   0: 3 0x8000bda4 (0x0188cd33) x26 0x7ffd3237
core   0: 0x8000bda8 (0x40370f33) sub     t5, a4, gp
core   0: 3 0x8000bda8 (0x40370f33) x30 0x00000028
core   0: 0x8000bdac (0xffe58593) addi    a1, a1, -2
core   0: 3 0x8000bdac (0xffe58593) x11 0x00000005
core   0: 0x8000bdb0 (0xfea59ae3) bne     a1, a0, pc - 12
core   0: 3 0x8000bdb0 (0xfea59ae3)
core   0: 0x8000bda4 (0x0188cd33) xor     s10, a7, s8
core   0: 3 0x8000bda4 (0x0188cd33) x26 0x7ffd3237
core   0: 0x8000bda8 (0x40370f33) sub     t5, a4, gp
core   0: 3 0x8000bda8 (0x40370f33) x30 0x00000028
core   0: 0x8000bdac (0xffe58593) addi    a1, a1, -2
core   0: 3 0x8000bdac (0xffe58593) x11 0x00000003
core   0: 0x8000bdb0 (0xfea59ae3) bne     a1, a0, pc - 12
core   0: 3 0x8000bdb0 (0xfea59ae3)
core   0: 0x8000bda4 (0x0188cd33) xor     s10, a7, s8
core   0: 3 0x8000bda4 (0x0188cd33) x26 0x7ffd3237
core   0: 0x8000bda8 (0x40370f33) sub     t5, a4, gp
core   0: 3 0x8000bda8 (0x40370f33) x30 0x00000028
core   0: 0x8000bdac (0xffe58593) addi    a1, a1, -2
core   0: 3 0x8000bdac (0xffe58593) x11 0x00000001
core   0: 0x8000bdb0 (0xfea59ae3) bne     a1, a0, pc - 12
core   0: 3 0x8000bdb0 (0xfea59ae3)
core   0: 0x8000bda4 (0x0188cd33) xor     s10, a7, s8
core   0: 3 0x8000bda4 (0x0188cd33) x26 0x7ffd3237
core   0: 0x8000bda8 (0x40370f33) sub     t5, a4, gp
core   0: 3 0x8000bda8 (0x40370f33) x30 0x00000028
core   0: 0x8000bdac (0xffe58593) addi    a1, a1, -2
core   0: 3 0x8000bdac (0xffe58593) x11 0xffffffff
core   0: 0x8000bdb0 (0xfea59ae3) bne     a1, a0, pc - 12
core   0: 3 0x8000bdb0 (0xfea59ae3)
core   0: 0x8000bda4 (0x0188cd33) xor     s10, a7, s8
core   0: 3 0x8000bda4 (0x0188cd33) x26 0x7ffd3237
core   0: 0x8000bda8 (0x40370f33) sub     t5, a4, gp
core   0: 3 0x8000bda8 (0x40370f33) x30 0x00000028
core   0: 0x8000bdac (0xffe58593) addi    a1, a1, -2
core   0: 3 0x8000bdac (0xffe58593) x11 0xfffffffd
core   0: 0x8000bdb0 (0xfea59ae3) bne     a1, a0, pc - 12
core   0: 3 0x8000bdb0 (0xfea59ae3)
core   0: 0x8000bda4 (0x0188cd33) xor     s10, a7, s8
core   0: 3 0x8000bda4 (0x0188cd33) x26 0x7ffd3237
core   0: 0x8000bda8 (0x40370f33) sub     t5, a4, gp
core   0: 3 0x8000bda8 (0x40370f33) x30 0x00000028
core   0: 0x8000bdac (0xffe58593) addi    a1, a1, -2
core   0: 3 0x8000bdac (0xffe58593) x11 0xfffffffb
core   0: 0x8000bdb0 (0xfea59ae3) bne     a1, a0, pc - 12
core   0: 3 0x8000bdb0 (0xfea59ae3)
core   0: 0x8000bda4 (0x0188cd33) xor     s10, a7, s8
core   0: 3 0x8000bda4 (0x0188cd33) x26 0x7ffd3237
core   0: 0x8000bda8 (0x40370f33) sub     t5, a4, gp
core   0: 3 0x8000bda8 (0x40370f33) x30 0x00000028
core   0: 0x8000bdac (0xffe58593) addi    a1, a1, -2
core   0: 3 0x8000bdac (0xffe58593) x11 0xfffffff9
core   0: 0x8000bdb0 (0xfea59ae3) bne     a1, a0, pc - 12
core   0: 3 0x8000bdb0 (0xfea59ae3)
core   0: 0x8000bda4 (0x0188cd33) xor     s10, a7, s8
core   0: 3 0x8000bda4 (0x0188cd33) x26 0x7ffd3237
core   0: 0x8000bda8 (0x40370f33) sub     t5, a4, gp
core   0: 3 0x8000bda8 (0x40370f33) x30 0x00000028
core   0: 0x8000bdac (0xffe58593) addi    a1, a1, -2
core   0: 3 0x8000bdac (0xffe58593) x11 0xfffffff7
core   0: 0x8000bdb0 (0xfea59ae3) bne     a1, a0, pc - 12
core   0: 3 0x8000bdb0 (0xfea59ae3)
core   0: 0x8000bda4 (0x0188cd33) xor     s10, a7, s8
core   0: 3 0x8000bda4 (0x0188cd33) x26 0x7ffd3237
core   0: 0x8000bda8 (0x40370f33) sub     t5, a4, gp
core   0: 3 0x8000bda8 (0x40370f33) x30 0x00000028
core   0: 0x8000bdac (0xffe58593) addi    a1, a1, -2
core   0: 3 0x8000bdac (0xffe58593) x11 0xfffffff5
core   0: 0x8000bdb0 (0xfea59ae3) bne     a1, a0, pc - 12
core   0: 3 0x8000bdb0 (0xfea59ae3)
core   0: 0x8000bda4 (0x0188cd33) xor     s10, a7, s8
core   0: 3 0x8000bda4 (0x0188cd33) x26 0x7ffd3237
core   0: 0x8000bda8 (0x40370f33) sub     t5, a4, gp
core   0: 3 0x8000bda8 (0x40370f33) x30 0x00000028
core   0: 0x8000bdac (0xffe58593) addi    a1, a1, -2
core   0: 3 0x8000bdac (0xffe58593) x11 0xfffffff3
core   0: 0x8000bdb0 (0xfea59ae3) bne     a1, a0, pc - 12
core   0: 3 0x8000bdb0 (0xfea59ae3)
core   0: 0x8000bda4 (0x0188cd33) xor     s10, a7, s8
core   0: 3 0x8000bda4 (0x0188cd33) x26 0x7ffd3237
core   0: 0x8000bda8 (0x40370f33) sub     t5, a4, gp
core   0: 3 0x8000bda8 (0x40370f33) x30 0x00000028
core   0: 0x8000bdac (0xffe58593) addi    a1, a1, -2
core   0: 3 0x8000bdac (0xffe58593) x11 0xfffffff1
core   0: 0x8000bdb0 (0xfea59ae3) bne     a1, a0, pc - 12
core   0: 3 0x8000bdb0 (0xfea59ae3)
core   0: 0x8000bda4 (0x0188cd33) xor     s10, a7, s8
core   0: 3 0x8000bda4 (0x0188cd33) x26 0x7ffd3237
core   0: 0x8000bda8 (0x40370f33) sub     t5, a4, gp
core   0: 3 0x8000bda8 (0x40370f33) x30 0x00000028
core   0: 0x8000bdac (0xffe58593) addi    a1, a1, -2
core   0: 3 0x8000bdac (0xffe58593) x11 0xffffffef
core   0: 0x8000bdb0 (0xfea59ae3) bne     a1, a0, pc - 12
core   0: 3 0x8000bdb0 (0xfea59ae3)
core   0: 0x8000bdb4 (0x00d232b3) sltu    t0, tp, a3
core   0: 3 0x8000bdb4 (0x00d232b3) x 5 0x00000000
core   0: 0x8000bdb8 (0x00ead133) srl     sp, s5, a4
core   0: 3 0x8000bdb8 (0x00ead133) x 2 0x0000004c
core   0: 0x8000bdbc (0xfc74eae3) bltu    s1, t2, pc - 44
core   0: 3 0x8000bdbc (0xfc74eae3)
core   0: 0x8000bdc0 (0x006cb733) sltu    a4, s9, t1
core   0: 3 0x8000bdc0 (0x006cb733) x14 0x00000001
core   0: 0x8000bdc4 (0x00011317) auipc   t1, 0x11
core   0: 3 0x8000bdc4 (0x00011317) x 6 0x8001cdc4
core   0: 0x8000bdc8 (0xd9f30313) addi    t1, t1, -609
core   0: 3 0x8000bdc8 (0xd9f30313) x 6 0x8001cb63
core   0: 0x8000bdcc (0x0149dd33) srl     s10, s3, s4
core   0: 3 0x8000bdcc (0x0149dd33) x26 0x00000000
core   0: 0x8000bdd0 (0xf3c34e03) lbu     t3, -196(t1)
core   0: 3 0x8000bdd0 (0xf3c34e03) x28 0x0000001d mem 0x8001ca9f
core   0: 0x8000bdd4 (0x0bb34183) lbu     gp, 187(t1)
core   0: 3 0x8000bdd4 (0x0bb34183) x 3 0x00000076 mem 0x8001cc1e
core   0: 0x8000bdd8 (0xf4f30023) sb      a5, -192(t1)
core   0: 3 0x8000bdd8 (0xf4f30023) mem 0x8001caa3 0x18
core   0: 0x8000bddc (0x01831d33) sll     s10, t1, s8
core   0: 3 0x8000bddc (0x01831d33) x26 0x5b180000
core   0: 0x8000bde0 (0xf7b34583) lbu     a1, -133(t1)
core   0: 3 0x8000bde0 (0xf7b34583) x11 0x000000c1 mem 0x8001cade
core   0: 0x8000bde4 (0x0000100f) fence.i
core   0: 3 0x8000bde4 (0x0000100f)
core   0: 0x8000bde8 (0xf6c31da3) sh      a2, -133(t1)
core   0: 3 0x8000bde8 (0xf6c31da3) mem 0x8001cade 0x353a
core   0: 0x8000bdec (0x01f30323) sb      t6, 6(t1)
core   0: 3 0x8000bdec (0x01f30323) mem 0x8001cb69 0x0
core   0: 0x8000bdf0 (0x00634603) lbu     a2, 6(t1)
core   0: 3 0x8000bdf0 (0x00634603) x12 0x00000000 mem 0x8001cb69
core   0: 0x8000bdf4 (0x00634403) lbu     s0, 6(t1)
core   0: 3 0x8000bdf4 (0x00634403) x 8 0x00000000 mem 0x8001cb69
core   0: 0x8000bdf8 (0xcee13f13) sltiu   t5, sp, -786
core   0: 3 0x8000bdf8 (0xcee13f13) x30 0x00000001
core   0: 0x8000bdfc (0x04a30b83) lb      s7, 74(t1)
core   0: 3 0x8000bdfc (0x04a30b83) x23 0x00000065 mem 0x8001cbad
core   0: 0x8000be00 (0x04a34c83) lbu     s9, 74(t1)
core   0: 3 0x8000be00 (0x04a34c83) x25 0x00000065 mem 0x8001cbad
core   0: 0x8000be04 (0xf6530ea3) sb      t0, -131(t1)
core   0: 3 0x8000be04 (0xf6530ea3) mem 0x8001cae0 0x0
core   0: 0x8000be08 (0xf7a30ea3) sb      s10, -131(t1)
core   0: 3 0x8000be08 (0xf7a30ea3) mem 0x8001cae0 0x0
core   0: 0x8000be0c (0xf98312a3) sh      s8, -123(t1)
core   0: 3 0x8000be0c (0xf98312a3) mem 0x8001cae8 0xfed3
core   0: 0x8000be10 (0x03134583) lbu     a1, 49(t1)
core   0: 3 0x8000be10 (0x03134583) x11 0x00000055 mem 0x8001cb94
core   0: 0x8000be14 (0x03134383) lbu     t2, 49(t1)
core   0: 3 0x8000be14 (0x03134383) x 7 0x00000055 mem 0x8001cb94
core   0: 0x8000be18 (0x08f35703) lhu     a4, 143(t1)
core   0: 3 0x8000be18 (0x08f35703) x14 0x0000df99 mem 0x8001cbf2
core   0: 0x8000be1c (0x05532383) lw      t2, 85(t1)
core   0: 3 0x8000be1c (0x05532383) x 7 0xfb2dee06 mem 0x8001cbb8
core   0: 0x8000be20 (0x016c2533) slt     a0, s8, s6
core   0: 3 0x8000be20 (0x016c2533) x10 0x00000001
core   0: 0x8000be24 (0x00f4ac33) slt     s8, s1, a5
core   0: 3 0x8000be24 (0x00f4ac33) x24 0x00000000
core   0: 0x8000be28 (0x05c31aa3) sh      t3, 85(t1)
core   0: 3 0x8000be28 (0x05c31aa3) mem 0x8001cbb8 0x001d
core   0: 0x8000be2c (0x00008117) auipc   sp, 0x8
core   0: 3 0x8000be2c (0x00008117) x 2 0x80013e2c
core   0: 0x8000be30 (0x95410113) addi    sp, sp, -1708
core   0: 3 0x8000be30 (0x95410113) x 2 0x80013780
core   0: 0x8000be34 (0xfff10203) lb      tp, -1(sp)
core   0: 3 0x8000be34 (0xfff10203) x 4 0xffffffcc mem 0x8001377f
core   0: 0x8000be38 (0x0155dfb3) srl     t6, a1, s5
core   0: 3 0x8000be38 (0x0155dfb3) x31 0x00000000
core   0: 0x8000be3c (0x01611223) sh      s6, 4(sp)
core   0: 3 0x8000be3c (0x01611223) mem 0x80013784 0xffff
core   0: 0x8000be40 (0x40855c33) sra     s8, a0, s0
core   0: 3 0x8000be40 (0x40855c33) x24 0x00000001
core   0: 0x8000be44 (0x01810423) sb      s8, 8(sp)
core   0: 3 0x8000be44 (0x01810423) mem 0x80013788 0x1
core   0: 0x8000be48 (0x0ff0000f) fence   iorw,iorw
core   0: 3 0x8000be48 (0x0ff0000f)
core   0: 0x8000be4c (0xffd14683) lbu     a3, -3(sp)
core   0: 3 0x8000be4c (0xffd14683) x13 0x00000096 mem 0x8001377d
core   0: 0x8000be50 (0x00e10703) lb      a4, 14(sp)
core   0: 3 0x8000be50 (0x00e10703) x14 0xffffff91 mem 0x8001378e
core   0: 0x8000be54 (0xced89037) lui     zero, 0xced89
core   0: 3 0x8000be54 (0xced89037)
core   0: 0x8000be58 (0x0116e533) or      a0, a3, a7
core   0: 3 0x8000be58 (0x0116e533) x10 0x8002ccf6
core   0: 0x8000be5c (0x00b10e83) lb      t4, 11(sp)
core   0: 3 0x8000be5c (0x00b10e83) x29 0x00000017 mem 0x8001378b
core   0: 0x8000be60 (0x00e15483) lhu     s1, 14(sp)
core   0: 3 0x8000be60 (0x00e15483) x 9 0x00007291 mem 0x8001378e
core   0: 0x8000be64 (0x41dc0933) sub     s2, s8, t4
core   0: 3 0x8000be64 (0x41dc0933) x18 0xffffffea
core   0: 0x8000be68 (0x01f101a3) sb      t6, 3(sp)
core   0: 3 0x8000be68 (0x01f101a3) mem 0x80013783 0x0
core   0: 0x8000be6c (0x00510c83) lb      s9, 5(sp)
core   0: 3 0x8000be6c (0x00510c83) x25 0xffffffff mem 0x80013785
core   0: 0x8000be70 (0xff914383) lbu     t2, -7(sp)
core   0: 3 0x8000be70 (0xff914383) x 7 0x00000000 mem 0x80013779
core   0: 0x8000be74 (0x810aad13) slti    s10, s5, -2032
core   0: 3 0x8000be74 (0x810aad13) x26 0x00000000
core   0: 0x8000be78 (0x40968533) sub     a0, a3, s1
core   0: 3 0x8000be78 (0x40968533) x10 0xffff8e05
core   0: 0x8000be7c (0xf58e4a13) xori    s4, t3, -168
core   0: 3 0x8000be7c (0xf58e4a13) x20 0xffffff45
core   0: 0x8000be80 (0x00314583) lbu     a1, 3(sp)
core   0: 3 0x8000be80 (0x00314583) x11 0x00000000 mem 0x80013783
core   0: 0x8000be84 (0x00411c83) lh      s9, 4(sp)
core   0: 3 0x8000be84 (0x00411c83) x25 0xffffffff mem 0x80013784
core   0: 0x8000be88 (0xfe2ce997) auipc   s3, 0xfe2ce
core   0: 3 0x8000be88 (0xfe2ce997) x19 0x7e2d9e88
core   0: 0x8000be8c (0x01c8cab3) xor     s5, a7, t3
core   0: 3 0x8000be8c (0x01c8cab3) x21 0x8002ccf9
core   0: 0x8000be90 (0x41415593) srai    a1, sp, 20
core   0: 3 0x8000be90 (0x41415593) x11 0xfffff800
core   0: 0x8000be94 (0xffb10303) lb      t1, -5(sp)
core   0: 3 0x8000be94 (0xffb10303) x 6 0x00000000 mem 0x8001377b
core   0: 0x8000be98 (0xff514403) lbu     s0, -11(sp)
core   0: 3 0x8000be98 (0xff514403) x 8 0x00000064 mem 0x80013775
core   0: 0x8000be9c (0x003109b3) add     s3, sp, gp
core   0: 3 0x8000be9c (0x003109b3) x19 0x800137f6
core   0: 0x8000bea0 (0xff110d23) sb      a7, -6(sp)
core   0: 3 0x8000bea0 (0xff110d23) mem 0x8001377a 0xe4
core   0: 0x8000bea4 (0x0ff0000f) fence   iorw,iorw
core   0: 3 0x8000bea4 (0x0ff0000f)
core   0: 0x8000bea8 (0x00610903) lb      s2, 6(sp)
core   0: 3 0x8000bea8 (0x00610903) x18 0xffffff9e mem 0x80013786
core   0: 0x8000beac (0x00000013) nop
core   0: 3 0x8000beac (0x00000013)
core   0: 0x8000beb0 (0x0000100f) fence.i
core   0: 3 0x8000beb0 (0x0000100f)
core   0: 0x8000beb4 (0xce266393) ori     t2, a2, -798
core   0: 3 0x8000beb4 (0xce266393) x 7 0xfffffce2
core   0: 0x8000beb8 (0x83deed93) ori     s11, t4, -1987
core   0: 3 0x8000beb8 (0x83deed93) x27 0xfffff83f
core   0: 0x8000bebc (0x013c2e33) slt     t3, s8, s3
core   0: 3 0x8000bebc (0x013c2e33) x28 0x00000000
core   0: 0x8000bec0 (0x01bb6433) or      s0, s6, s11
core   0: 3 0x8000bec0 (0x01bb6433) x 8 0xffffffff
core   0: 0x8000bec4 (0xff614383) lbu     t2, -10(sp)
core   0: 3 0x8000bec4 (0xff614383) x 7 0x00000042 mem 0x80013776
core   0: 0x8000bec8 (0x01d500b3) add     ra, a0, t4
core   0: 3 0x8000bec8 (0x01d500b3) x 1 0xffff8e1c
core   0: 0x8000becc (0xfff10e23) sb      t6, -4(sp)
core   0: 3 0x8000becc (0xfff10e23) mem 0x8001377c 0x0
core   0: 0x8000bed0 (0x00d993b3) sll     t2, s3, a3
core   0: 3 0x8000bed0 (0x00d993b3) x 7 0xfd800000
core   0: 0x8000bed4 (0xfcf84993) xori    s3, a6, -49
core   0: 3 0x8000bed4 (0xfcf84993) x19 0x7fffffcf
core   0: 0x8000bed8 (0x00a15f03) lhu     t5, 10(sp)
core   0: 3 0x8000bed8 (0x00a15f03) x30 0x000017d2 mem 0x8001378a
core   0: 0x8000bedc (0xff714f83) lbu     t6, -9(sp)
core   0: 3 0x8000bedc (0xff714f83) x31 0x0000000f mem 0x80013777
core   0: 0x8000bee0 (0xff812283) lw      t0, -8(sp)
core   0: 3 0x8000bee0 (0xff812283) x 5 0x00e400aa mem 0x80013778
core   0: 0x8000bee4 (0x00008997) auipc   s3, 0x8
core   0: 3 0x8000bee4 (0x00008997) x19 0x80013ee4
core   0: 0x8000bee8 (0xc4798993) addi    s3, s3, -953
core   0: 3 0x8000bee8 (0xc4798993) x19 0x80013b2b
core   0: 0x8000beec (0x011a31b3) sltu    gp, s4, a7
core   0: 3 0x8000beec (0x011a31b3) x 3 0x00000000
core   0: 0x8000bef0 (0x01625ab3) srl     s5, tp, s6
core   0: 3 0x8000bef0 (0x01625ab3) x21 0x00000001
core   0: 0x8000bef4 (0xffc98fa3) sb      t3, -1(s3)
core   0: 3 0x8000bef4 (0xffc98fa3) mem 0x80013b2a 0x0
core   0: 0x8000bef8 (0xfff98403) lb      s0, -1(s3)
core   0: 3 0x8000bef8 (0xfff98403) x 8 0x00000000 mem 0x80013b2a
core   0: 0x8000befc (0xfff9c903) lbu     s2, -1(s3)
core   0: 3 0x8000befc (0xfff9c903) x18 0x00000000 mem 0x80013b2a
core   0: 0x8000bf00 (0xffc9ce83) lbu     t4, -4(s3)
core   0: 3 0x8000bf00 (0xffc9ce83) x29 0x000000e3 mem 0x80013b27
core   0: 0x8000bf04 (0xff39d103) lhu     sp, -13(s3)
core   0: 3 0x8000bf04 (0xff39d103) x 2 0x0000030d mem 0x80013b1e
core   0: 0x8000bf08 (0xffe989a3) sb      t5, -13(s3)
core   0: 3 0x8000bf08 (0xffe989a3) mem 0x80013b1e 0xd2
core   0: 0x8000bf0c (0xfe6989a3) sb      t1, -13(s3)
core   0: 3 0x8000bf0c (0xfe6989a3) mem 0x80013b1e 0x0
core   0: 0x8000bf10 (0xff398503) lb      a0, -13(s3)
core   0: 3 0x8000bf10 (0xff398503) x10 0x00000000 mem 0x80013b1e
core   0: 0x8000bf14 (0x7d737513) andi    a0, t1, 2007
core   0: 3 0x8000bf14 (0x7d737513) x10 0x00000000
core   0: 0x8000bf18 (0xffb98d03) lb      s10, -5(s3)
core   0: 3 0x8000bf18 (0xffb98d03) x26 0xffffffd6 mem 0x80013b26
core   0: 0x8000bf1c (0xffb9c903) lbu     s2, -5(s3)
core   0: 3 0x8000bf1c (0xffb9c903) x18 0x000000d6 mem 0x80013b26
core   0: 0x8000bf20 (0x78ea7193) andi    gp, s4, 1934
core   0: 3 0x8000bf20 (0x78ea7193) x 3 0x00000704
core   0: 0x8000bf24 (0x00f99183) lh      gp, 15(s3)
core   0: 3 0x8000bf24 (0x00f99183) x 3 0x00003e99 mem 0x80013b3a
core   0: 0x8000bf28 (0xff898e83) lb      t4, -8(s3)
core   0: 3 0x8000bf28 (0xff898e83) x29 0x00000073 mem 0x80013b23
core   0: 0x8000bf2c (0x01dabe33) sltu    t3, s5, t4
core   0: 3 0x8000bf2c (0x01dabe33) x28 0x00000001
core   0: 0x8000bf30 (0xe156ed13) ori     s10, a3, -491
core   0: 3 0x8000bf30 (0xe156ed13) x26 0xfffffe97
core   0: 0x8000bf34 (0x40765913) srai    s2, a2, 7
core   0: 3 0x8000bf34 (0x40765913) x18 0x00000000
core   0: 0x8000bf38 (0xff799003) lh      zero, -9(s3)
core   0: 3 0x8000bf38 (0xff799003) mem 0x80013b22
core   0: 0x8000bf3c (0xff79c203) lbu     tp, -9(s3)
core   0: 3 0x8000bf3c (0xff79c203) x 4 0x00000005 mem 0x80013b22
core   0: 0x8000bf40 (0xff599ba3) sh      s5, -9(s3)
core   0: 3 0x8000bf40 (0xff599ba3) mem 0x80013b22 0x0001
core   0: 0x8000bf44 (0x00008117) auipc   sp, 0x8
core   0: 3 0x8000bf44 (0x00008117) x 2 0x80013f44
core   0: 0x8000bf48 (0xf9710113) addi    sp, sp, -105
core   0: 3 0x8000bf48 (0xf9710113) x 2 0x80013edb
core   0: 0x8000bf4c (0xfd410703) lb      a4, -44(sp)
core   0: 3 0x8000bf4c (0xfd410703) x14 0x0000004c mem 0x80013eaf
core   0: 0x8000bf50 (0x01647433) and     s0, s0, s6
core   0: 3 0x8000bf50 (0x01647433) x 8 0x00000000
core   0: 0x8000bf54 (0x02b10a23) sb      a1, 52(sp)
core   0: 3 0x8000bf54 (0x02b10a23) mem 0x80013f0f 0x0
core   0: 0x8000bf58 (0x03014583) lbu     a1, 48(sp)
core   0: 3 0x8000bf58 (0x03014583) x11 0x000000bb mem 0x80013f0b
core   0: 0x8000bf5c (0xff614b83) lbu     s7, -10(sp)
core   0: 3 0x8000bf5c (0xff614b83) x23 0x00000000 mem 0x80013ed1
core   0: 0x8000bf60 (0x119b2293) slti    t0, s6, 281
core   0: 3 0x8000bf60 (0x119b2293) x 5 0x00000001
core   0: 0x8000bf64 (0x00d2bab3) sltu    s5, t0, a3
core   0: 3 0x8000bf64 (0x00d2bab3) x21 0x00000001
core   0: 0x8000bf68 (0xfcd120a3) sw      a3, -63(sp)
core   0: 3 0x8000bf68 (0xfcd120a3) mem 0x80013e9c 0x00000096
core   0: 0x8000bf6c (0xfc1110a3) sh      ra, -63(sp)
core   0: 3 0x8000bf6c (0xfc1110a3) mem 0x80013e9c 0x8e1c
core   0: 0x8000bf70 (0xfdf11f03) lh      t5, -33(sp)
core   0: 3 0x8000bf70 (0xfdf11f03) x30 0x00005507 mem 0x80013eba
core   0: 0x8000bf74 (0x02414a83) lbu     s5, 36(sp)
core   0: 3 0x8000bf74 (0x02414a83) x21 0x00000016 mem 0x80013eff
core   0: 0x8000bf78 (0x02e10303) lb      t1, 46(sp)
core   0: 3 0x8000bf78 (0x02e10303) x 6 0x00000049 mem 0x80013f09
core   0: 0x8000bf7c (0x005104a3) sb      t0, 9(sp)
core   0: 3 0x8000bf7c (0x005104a3) mem 0x80013ee4 0x1
core   0: 0x8000bf80 (0x02b11e83) lh      t4, 43(sp)
core   0: 3 0x8000bf80 (0x02b11e83) x29 0xffffc8a7 mem 0x80013f06
core   0: 0x8000bf84 (0x02b11083) lh      ra, 43(sp)
core   0: 3 0x8000bf84 (0x02b11083) x 1 0xffffc8a7 mem 0x80013f06
core   0: 0x8000bf88 (0x00a119a3) sh      a0, 19(sp)
core   0: 3 0x8000bf88 (0x00a119a3) mem 0x80013eee 0x0000
core   0: 0x8000bf8c (0xfca10283) lb      t0, -54(sp)
core   0: 3 0x8000bf8c (0xfca10283) x 5 0xfffffffe mem 0x80013ea5
core   0: 0x8000bf90 (0xfec14f03) lbu     t5, -20(sp)
core   0: 3 0x8000bf90 (0xfec14f03) x30 0x000000fa mem 0x80013ec7
core   0: 0x8000bf94 (0x03810d83) lb      s11, 56(sp)
core   0: 3 0x8000bf94 (0x03810d83) x27 0x0000003c mem 0x80013f13
core   0: 0x8000bf98 (0x03410003) lb      zero, 52(sp)
core   0: 3 0x8000bf98 (0x03410003) mem 0x80013f0f
core   0: 0x8000bf9c (0xff115503) lhu     a0, -15(sp)
core   0: 3 0x8000bf9c (0xff115503) x10 0x00003fb4 mem 0x80013ecc
core   0: 0x8000bfa0 (0x00007c97) auipc   s9, 0x7
core   0: 3 0x8000bfa0 (0x00007c97) x25 0x80012fa0
core   0: 0x8000bfa4 (0x30bc8c93) addi    s9, s9, 779
core   0: 3 0x8000bfa4 (0x30bc8c93) x25 0x800132ab
core   0: 0x8000bfa8 (0xfcfc8c03) lb      s8, -49(s9)
core   0: 3 0x8000bfa8 (0xfcfc8c03) x24 0x0000004b mem 0x8001327a
core   0: 0x8000bfac (0x00008d97) auipc   s11, 0x8
core   0: 3 0x8000bfac (0x00008d97) x27 0x80013fac
core   0: 0x8000bfb0 (0xc88d8d93) addi    s11, s11, -888
core   0: 3 0x8000bfb0 (0xc88d8d93) x27 0x80013c34
core   0: 0x8000bfb4 (0xf91d8423) sb      a7, -120(s11)
core   0: 3 0x8000bfb4 (0xf91d8423) mem 0x80013bbc 0xe4
core   0: 0x8000bfb8 (0xfcdc8c23) sb      a3, -40(s9)
core   0: 3 0x8000bfb8 (0xfcdc8c23) mem 0x80013283 0x96
core   0: 0x8000bfbc (0x00008f17) auipc   t5, 0x8
core   0: 3 0x8000bfbc (0x00008f17) x30 0x80013fbc
core   0: 0x8000bfc0 (0xba1f0f13) addi    t5, t5, -1119
core   0: 3 0x8000bfc0 (0xba1f0f13) x30 0x80013b5d
core   0: 0x8000bfc4 (0xf4bdc983) lbu     s3, -181(s11)
core   0: 3 0x8000bfc4 (0xf4bdc983) x19 0x000000e2 mem 0x80013b7f
core   0: 0x8000bfc8 (0xf27d8b03) lb      s6, -217(s11)
core   0: 3 0x8000bfc8 (0xf27d8b03) x22 0x00000000 mem 0x80013b5b
core   0: 0x8000bfcc (0xfd3d86a3) sb      s3, -51(s11)
core   0: 3 0x8000bfcc (0xfd3d86a3) mem 0x80013c01 0xe2
core   0: 0x8000bfd0 (0x03df5503) lhu     a0, 61(t5)
core   0: 3 0x8000bfd0 (0x03df5503) x10 0x00002f1c mem 0x80013b9a
core   0: 0x8000bfd4 (0x01fdc483) lbu     s1, 31(s11)
core   0: 3 0x8000bfd4 (0x01fdc483) x 9 0x000000d1 mem 0x80013c53
core   0: 0x8000bfd8 (0x02ac8703) lb      a4, 42(s9)
core   0: 3 0x8000bfd8 (0x02ac8703) x14 0x0000001c mem 0x800132d5
core   0: 0x8000bfdc (0xfd2f0623) sb      s2, -52(t5)
core   0: 3 0x8000bfdc (0xfd2f0623) mem 0x80013b29 0x0
core   0: 0x8000bfe0 (0x06ad9a83) lh      s5, 106(s11)
core   0: 3 0x8000bfe0 (0x06ad9a83) x21 0x00000dea mem 0x80013c9e
core   0: 0x8000bfe4 (0x028ca0a3) sw      s0, 33(s9)
core   0: 3 0x8000bfe4 (0x028ca0a3) mem 0x800132cc 0x00000000
core   0: 0x8000bfe8 (0x017f0503) lb      a0, 23(t5)
core   0: 3 0x8000bfe8 (0x017f0503) x10 0x0000004c mem 0x80013b74
core   0: 0x8000bfec (0x032cc083) lbu     ra, 50(s9)
core   0: 3 0x8000bfec (0x032cc083) x 1 0x00000083 mem 0x800132dd
core   0: 0x8000bff0 (0xf72dc583) lbu     a1, -142(s11)
core   0: 3 0x8000bff0 (0xf72dc583) x11 0x000000ff mem 0x80013ba6
core   0: 0x8000bff4 (0xffac8483) lb      s1, -6(s9)
core   0: 3 0x8000bff4 (0xffac8483) x 9 0xffffff89 mem 0x800132a5
core   0: 0x8000bff8 (0x086d83a3) sb      t1, 135(s11)
core   0: 3 0x8000bff8 (0x086d83a3) mem 0x80013cbb 0x49
core   0: 0x8000bffc (0xfc5f4703) lbu     a4, -59(t5)
core   0: 3 0x8000bffc (0xfc5f4703) x14 0x00000001 mem 0x80013b22
core   0: 0x8000c000 (0x01ed8fa3) sb      t5, 31(s11)
core   0: 3 0x8000c000 (0x01ed8fa3) mem 0x80013c53 0x5d
core   0: 0x8000c004 (0x02cc8b23) sb      a2, 54(s9)
core   0: 3 0x8000c004 (0x02cc8b23) mem 0x800132e1 0x0
core   0: 0x8000c008 (0x00df0723) sb      a3, 14(t5)
core   0: 3 0x8000c008 (0x00df0723) mem 0x80013b6b 0x96
core   0: 0x8000c00c (0xfeaf13a3) sh      a0, -25(t5)
core   0: 3 0x8000c00c (0xfeaf13a3) mem 0x80013b44 0x004c
core   0: 0x8000c010 (0x021d8703) lb      a4, 33(s11)
core   0: 3 0x8000c010 (0x021d8703) x14 0xffffff9f mem 0x80013c55
core   0: 0x8000c014 (0x00700613) li      a2, 7
core   0: 3 0x8000c014 (0x00700613) x12 0x00000007
core   0: 0x8000c018 (0x009a5293) srli    t0, s4, 9
core   0: 3 0x8000c018 (0x009a5293) x 5 0x007fffff
core   0: 0x8000c01c (0x00600513) li      a0, 6
core   0: 3 0x8000c01c (0x00600513) x10 0x00000006
core   0: 0x8000c020 (0x00b71713) slli    a4, a4, 11
core   0: 3 0x8000c020 (0x00b71713) x14 0xfffcf800
core   0: 0x8000c024 (0x008f0cb3) add     s9, t5, s0
core   0: 3 0x8000c024 (0x008f0cb3) x25 0x80013b5d
core   0: 0x8000c028 (0x01ece1b3) or      gp, s9, t5
core   0: 3 0x8000c028 (0x01ece1b3) x 3 0x80013b5d
core   0: 0x8000c02c (0xffd60613) addi    a2, a2, -3
core   0: 3 0x8000c02c (0xffd60613) x12 0x00000004
core   0: 0x8000c030 (0x00c02d33) slt     s10, zero, a2
core   0: 3 0x8000c030 (0x00c02d33) x26 0x00000001
core   0: 0x8000c034 (0xfea67ae3) bgeu    a2, a0, pc - 12
core   0: 3 0x8000c034 (0xfea67ae3)
core   0: 0x8000c038 (0x41ce5213) srai    tp, t3, 28
core   0: 3 0x8000c038 (0x41ce5213) x 4 0x00000000
core   0: 0x8000c03c (0x00013d97) auipc   s11, 0x13
core   0: 3 0x8000c03c (0x00013d97) x27 0x8001f03c
core   0: 0x8000c040 (0xfdbd8d93) addi    s11, s11, -37
core   0: 3 0x8000c040 (0xfdbd8d93) x27 0x8001f017
core   0: 0x8000c044 (0x0000fe97) auipc   t4, 0xf
core   0: 3 0x8000c044 (0x0000fe97) x29 0x8001b044
core   0: 0x8000c048 (0xaafe8e93) addi    t4, t4, -1361
core   0: 3 0x8000c048 (0xaafe8e93) x29 0x8001aaf3
core   0: 0x8000c04c (0x00010297) auipc   t0, 0x10
core   0: 3 0x8000c04c (0x00010297) x 5 0x8001c04c
core   0: 0x8000c050 (0x5b428293) addi    t0, t0, 1460
core   0: 3 0x8000c050 (0x5b428293) x 5 0x8001c600
core   0: 0x8000c054 (0x00018397) auipc   t2, 0x18
core   0: 3 0x8000c054 (0x00018397) x 7 0x80024054
core   0: 0x8000c058 (0xcef38393) addi    t2, t2, -785
core   0: 3 0x8000c058 (0xcef38393) x 7 0x80023d43
core   0: 0x8000c05c (0x05be9fa3) sh      s11, 95(t4)
core   0: 3 0x8000c05c (0x05be9fa3) mem 0x8001ab52 0xf017
core   0: 0x8000c060 (0xff82aa83) lw      s5, -8(t0)
core   0: 3 0x8000c060 (0xff82aa83) x21 0x9ff80bf5 mem 0x8001c5f8
core   0: 0x8000c064 (0xfcc38ba3) sb      a2, -41(t2)
core   0: 3 0x8000c064 (0xfcc38ba3) mem 0x80023d1a 0x4
core   0: 0x8000c068 (0x00011697) auipc   a3, 0x11
core   0: 3 0x8000c068 (0x00011697) x13 0x8001d068
core   0: 0x8000c06c (0x5f168693) addi    a3, a3, 1521
core   0: 3 0x8000c06c (0x5f168693) x13 0x8001d659
core   0: 0x8000c070 (0xff828ea3) sb      s8, -3(t0)
core   0: 3 0x8000c070 (0xff828ea3) mem 0x8001c5fd 0x4b
core   0: 0x8000c074 (0xf91e8723) sb      a7, -114(t4)
core   0: 3 0x8000c074 (0xf91e8723) mem 0x8001aa81 0xe4
core   0: 0x8000c078 (0x5b16c083) lbu     ra, 1457(a3)
core   0: 3 0x8000c078 (0x5b16c083) x 1 0x00000070 mem 0x8001dc0a
core   0: 0x8000c07c (0xec2dc003) lbu     zero, -318(s11)
core   0: 3 0x8000c07c (0xec2dc003) mem 0x8001eed9
core   0: 0x8000c080 (0x3036aa03) lw      s4, 771(a3)
core   0: 3 0x8000c080 (0x3036aa03) x20 0xcba02fe8 mem 0x8001d95c
core   0: 0x8000c084 (0xffa2db83) lhu     s7, -6(t0)
core   0: 3 0x8000c084 (0xffa2db83) x23 0x00009ff8 mem 0x8001c5fa
core   0: 0x8000c088 (0xf5638203) lb      tp, -170(t2)
core   0: 3 0x8000c088 (0xf5638203) x 4 0x00000018 mem 0x80023c99
core   0: 0x8000c08c (0xf38e8da3) sb      s8, -197(t4)
core   0: 3 0x8000c08c (0xf38e8da3) mem 0x8001aa2e 0x4b
core   0: 0x8000c090 (0x00f2c583) lbu     a1, 15(t0)
core   0: 3 0x8000c090 (0x00f2c583) x11 0x0000004b mem 0x8001c60f
core   0: 0x8000c094 (0xf073dd03) lhu     s10, -249(t2)
core   0: 3 0x8000c094 (0xf073dd03) x26 0x00008f54 mem 0x80023c4a
core   0: 0x8000c098 (0x54d69703) lh      a4, 1357(a3)
core   0: 3 0x8000c098 (0x54d69703) x14 0xffffcf5f mem 0x8001dba6
core   0: 0x8000c09c (0x6f2dce03) lbu     t3, 1778(s11)
core   0: 3 0x8000c09c (0x6f2dce03) x28 0x0000001b mem 0x8001f709
core   0: 0x8000c0a0 (0x015280a3) sb      s5, 1(t0)
core   0: 3 0x8000c0a0 (0x015280a3) mem 0x8001c601 0xf5
core   0: 0x8000c0a4 (0x4ae68e23) sb      a4, 1212(a3)
core   0: 3 0x8000c0a4 (0x4ae68e23) mem 0x8001db15 0x5f
core   0: 0x8000c0a8 (0x04838823) sb      s0, 80(t2)
core   0: 3 0x8000c0a8 (0x04838823) mem 0x80023d93 0x0
core   0: 0x8000c0ac (0x266d8b23) sb      t1, 630(s11)
core   0: 3 0x8000c0ac (0x266d8b23) mem 0x8001f28d 0x49
core   0: 0x8000c0b0 (0x0a4392a3) sh      tp, 165(t2)
core   0: 3 0x8000c0b0 (0x0a4392a3) mem 0x80023de8 0x0018
core   0: 0x8000c0b4 (0xff328b03) lb      s6, -13(t0)
core   0: 3 0x8000c0b4 (0xff328b03) x22 0x0000003f mem 0x8001c5f3
core   0: 0x8000c0b8 (0x2306ca83) lbu     s5, 560(a3)
core   0: 3 0x8000c0b8 (0x2306ca83) x21 0x000000e7 mem 0x8001d889
core   0: 0x8000c0bc (0xffc3c983) lbu     s3, -4(t2)
core   0: 3 0x8000c0bc (0xffc3c983) x19 0x000000bb mem 0x80023d3f
core   0: 0x8000c0c0 (0x024dc103) lbu     sp, 36(s11)
core   0: 3 0x8000c0c0 (0x024dc103) x 2 0x00000052 mem 0x8001f03b
core   0: 0x8000c0c4 (0x05638403) lb      s0, 86(t2)
core   0: 3 0x8000c0c4 (0x05638403) x 8 0xffffff97 mem 0x80023d99
core   0: 0x8000c0c8 (0x0bcd8003) lb      zero, 188(s11)
core   0: 3 0x8000c0c8 (0x0bcd8003) mem 0x8001f0d3
core   0: 0x8000c0cc (0xf3fec703) lbu     a4, -193(t4)
core   0: 3 0x8000c0cc (0xf3fec703) x14 0x000000b6 mem 0x8001aa32
core   0: 0x8000c0d0 (0x80068103) lb      sp, -2048(a3)
core   0: 3 0x8000c0d0 (0x80068103) x 2 0x00000071 mem 0x8001ce59
core   0: 0x8000c0d4 (0x92bdcc03) lbu     s8, -1749(s11)
core   0: 3 0x8000c0d4 (0x92bdcc03) x24 0x00000099 mem 0x8001e942
core   0: 0x8000c0d8 (0x86ed8603) lb      a2, -1938(s11)
core   0: 3 0x8000c0d8 (0x86ed8603) x12 0xffffff82 mem 0x8001e885
core   0: 0x8000c0dc (0x0032cb03) lbu     s6, 3(t0)
core   0: 3 0x8000c0dc (0x0032cb03) x22 0x0000000e mem 0x8001c603
core   0: 0x8000c0e0 (0xfd1eae03) lw      t3, -47(t4)
core   0: 3 0x8000c0e0 (0xfd1eae03) x28 0xf502c72f mem 0x8001aac4
core   0: 0x8000c0e4 (0x0663aea3) sw      t1, 125(t2)
core   0: 3 0x8000c0e4 (0x0663aea3) mem 0x80023dc0 0x00000049
core   0: 0x8000c0e8 (0xccedc903) lbu     s2, -818(s11)
core   0: 3 0x8000c0e8 (0xccedc903) x18 0x0000002a mem 0x8001ece5
core   0: 0x8000c0ec (0xe906cb83) lbu     s7, -368(a3)
core   0: 3 0x8000c0ec (0xe906cb83) x23 0x0000005d mem 0x8001d4e9
core   0: 0x8000c0f0 (0xff528983) lb      s3, -11(t0)
core   0: 3 0x8000c0f0 (0xff528983) x19 0x00000058 mem 0x8001c5f5
core   0: 0x8000c0f4 (0xb2b6af83) lw      t6, -1237(a3)
core   0: 3 0x8000c0f4 (0xb2b6af83) x31 0xf7b69524 mem 0x8001d184
core   0: 0x8000c0f8 (0xf9538c83) lb      s9, -107(t2)
core   0: 3 0x8000c0f8 (0xf9538c83) x25 0xffffffe8 mem 0x80023cd8
core   0: 0x8000c0fc (0xf90ecf83) lbu     t6, -112(t4)
core   0: 3 0x8000c0fc (0xf90ecf83) x31 0x00000082 mem 0x8001aa83
core   0: 0x8000c100 (0xffa2cb83) lbu     s7, -6(t0)
core   0: 3 0x8000c100 (0xffa2cb83) x23 0x000000f8 mem 0x8001c5fa
core   0: 0x8000c104 (0x0012ca83) lbu     s5, 1(t0)
core   0: 3 0x8000c104 (0x0012ca83) x21 0x000000f5 mem 0x8001c601
core   0: 0x8000c108 (0xfb438b83) lb      s7, -76(t2)
core   0: 3 0x8000c108 (0xfb438b83) x23 0xffffffb7 mem 0x80023cf7
core   0: 0x8000c10c (0x456d8c83) lb      s9, 1110(s11)
core   0: 3 0x8000c10c (0x456d8c83) x25 0xffffffcd mem 0x8001f46d
core   0: 0x8000c110 (0xf76e8a23) sb      s6, -140(t4)
core   0: 3 0x8000c110 (0xf76e8a23) mem 0x8001aa67 0xe
core   0: 0x8000c114 (0x00008917) auipc   s2, 0x8
core   0: 3 0x8000c114 (0x00008917) x18 0x80014114
core   0: 0x8000c118 (0xba390913) addi    s2, s2, -1117
core   0: 3 0x8000c118 (0xba390913) x18 0x80013cb7
core   0: 0x8000c11c (0x00007d17) auipc   s10, 0x7
core   0: 3 0x8000c11c (0x00007d17) x26 0x8001311c
core   0: 0x8000c120 (0x503d0d13) addi    s10, s10, 1283
core   0: 3 0x8000c120 (0x503d0d13) x26 0x8001361f
core   0: 0x8000c124 (0xf3e94b83) lbu     s7, -194(s2)
core   0: 3 0x8000c124 (0xf3e94b83) x23 0x00000004 mem 0x80013bf5
core   0: 0x8000c128 (0xf5690e03) lb      t3, -170(s2)
core   0: 3 0x8000c128 (0xf5690e03) x28 0xffffffe9 mem 0x80013c0d
core   0: 0x8000c12c (0x38fd4503) lbu     a0, 911(s10)
core   0: 3 0x8000c12c (0x38fd4503) x10 0x000000a2 mem 0x800139ae
core   0: 0x8000c130 (0x316d2ea3) sw      s6, 797(s10)
core   0: 3 0x8000c130 (0x316d2ea3) mem 0x8001393c 0x0000000e
core   0: 0x8000c134 (0x00007e97) auipc   t4, 0x7
core   0: 3 0x8000c134 (0x00007e97) x29 0x80013134
core   0: 0x8000c138 (0x1f1e8e93) addi    t4, t4, 497
core   0: 3 0x8000c138 (0x1f1e8e93) x29 0x80013325
core   0: 0x8000c13c (0x7d2d0083) lb      ra, 2002(s10)
core   0: 3 0x8000c13c (0x7d2d0083) x 1 0x00000065 mem 0x80013df1
core   0: 0x8000c140 (0x0d290523) sb      s2, 202(s2)
core   0: 3 0x8000c140 (0x0d290523) mem 0x80013d81 0xb7
core   0: 0x8000c144 (0x2c2d0483) lb      s1, 706(s10)
core   0: 3 0x8000c144 (0x2c2d0483) x 9 0xffffffff mem 0x800138e1
core   0: 0x8000c148 (0xcf9d0c23) sb      s9, -776(s10)
core   0: 3 0x8000c148 (0xcf9d0c23) mem 0x80013317 0xcd
core   0: 0x8000c14c (0xfadec683) lbu     a3, -83(t4)
core   0: 3 0x8000c14c (0xfadec683) x13 0x000000fe mem 0x800132d2
core   0: 0x8000c150 (0x0a690b03) lb      s6, 166(s2)
core   0: 3 0x8000c150 (0x0a690b03) x22 0x00000033 mem 0x80013d5d
core   0: 0x8000c154 (0xd63d1583) lh      a1, -669(s10)
core   0: 3 0x8000c154 (0xd63d1583) x11 0x00002319 mem 0x80013382
core   0: 0x8000c158 (0xfc5ec983) lbu     s3, -59(t4)
core   0: 3 0x8000c158 (0xfc5ec983) x19 0x00000078 mem 0x800132ea
core   0: 0x8000c15c (0xb72d4483) lbu     s1, -1166(s10)
core   0: 3 0x8000c15c (0xb72d4483) x 9 0x00000094 mem 0x80013191
core   0: 0x8000c160 (0xfee94203) lbu     tp, -18(s2)
core   0: 3 0x8000c160 (0xfee94203) x 4 0x00000001 mem 0x80013ca5
core   0: 0x8000c164 (0x092ec283) lbu     t0, 146(t4)
core   0: 3 0x8000c164 (0x092ec283) x 5 0x000000a3 mem 0x800133b7
core   0: 0x8000c168 (0xf6e90983) lb      s3, -146(s2)
core   0: 3 0x8000c168 (0xf6e90983) x19 0xffffff8b mem 0x80013c25
core   0: 0x8000c16c (0x6b4d0983) lb      s3, 1716(s10)
core   0: 3 0x8000c16c (0x6b4d0983) x19 0xffffffc6 mem 0x80013cd3
core   0: 0x8000c170 (0x0c5d22a3) sw      t0, 197(s10)
core   0: 3 0x8000c170 (0x0c5d22a3) mem 0x800136e4 0x000000a3
core   0: 0x8000c174 (0x743d5c03) lhu     s8, 1859(s10)
core   0: 3 0x8000c174 (0x743d5c03) x24 0x000012fe mem 0x80013d62
core   0: 0x8000c178 (0xf10e8423) sb      a6, -248(t4)
core   0: 3 0x8000c178 (0xf10e8423) mem 0x8001322d 0x0
core   0: 0x8000c17c (0xf19eca03) lbu     s4, -231(t4)
core   0: 3 0x8000c17c (0xf19eca03) x20 0x000000f1 mem 0x8001323e
core   0: 0x8000c180 (0xfd8e88a3) sb      s8, -47(t4)
core   0: 3 0x8000c180 (0xfd8e88a3) mem 0x800132f6 0xfe
core   0: 0x8000c184 (0xf3e90983) lb      s3, -194(s2)
core   0: 3 0x8000c184 (0xf3e90983) x19 0x00000004 mem 0x80013bf5
core   0: 0x8000c188 (0xf2fea7a3) sw      a5, -209(t4)
core   0: 3 0x8000c188 (0xf2fea7a3) mem 0x80013254 0x80028e18
core   0: 0x8000c18c (0x05aec403) lbu     s0, 90(t4)
core   0: 3 0x8000c18c (0x05aec403) x 8 0x000000d4 mem 0x8001337f
core   0: 0x8000c190 (0xf1a90183) lb      gp, -230(s2)
core   0: 3 0x8000c190 (0xf1a90183) x 3 0x00000073 mem 0x80013bd1
core   0: 0x8000c194 (0x01d64db3) xor     s11, a2, t4
core   0: 3 0x8000c194 (0x01d64db3) x27 0x7ffecca7
core   0: 0x8000c198 (0x00a51393) slli    t2, a0, 10
core   0: 3 0x8000c198 (0x00a51393) x 7 0x00028800
core   0: 0x8000c19c (0x415a5c33) sra     s8, s4, s5
core   0: 3 0x8000c19c (0x415a5c33) x24 0x00000000
core   0: 0x8000c1a0 (0x0000100f) fence.i
core   0: 3 0x8000c1a0 (0x0000100f)
core   0: 0x8000c1a4 (0x00ef1c13) slli    s8, t5, 14
core   0: 3 0x8000c1a4 (0x00ef1c13) x24 0x4ed74000
core   0: 0x8000c1a8 (0x030f9863) bne     t6, a6, pc + 48
core   0: 3 0x8000c1a8 (0x030f9863)
core   0: 0x8000c1d8 (0x035b0c63) beq     s6, s5, pc + 56
core   0: 3 0x8000c1d8 (0x035b0c63)
core   0: 0x8000c1dc (0x000ee533) or      a0, t4, zero
core   0: 3 0x8000c1dc (0x000ee533) x10 0x80013325
core   0: 0x8000c1e0 (0x00d824b3) slt     s1, a6, a3
core   0: 3 0x8000c1e0 (0x00d824b3) x 9 0x00000001
core   0: 0x8000c1e4 (0x00d5e1b3) or      gp, a1, a3
core   0: 3 0x8000c1e4 (0x00d5e1b3) x 3 0x000023ff
core   0: 0x8000c1e8 (0x02040063) beqz    s0, pc + 32
core   0: 3 0x8000c1e8 (0x02040063)
core   0: 0x8000c1ec (0x774e3c93) sltiu   s9, t3, 1908
core   0: 3 0x8000c1ec (0x774e3c93) x25 0x00000000
core   0: 0x8000c1f0 (0x00000013) nop
core   0: 3 0x8000c1f0 (0x00000013)
core   0: 0x8000c1f4 (0x4166d6b3) sra     a3, a3, s6
core   0: 3 0x8000c1f4 (0x4166d6b3) x13 0x00000000
core   0: 0x8000c1f8 (0x014cee63) bltu    s9, s4, pc + 28
core   0: 3 0x8000c1f8 (0x014cee63)
core   0: 0x8000c214 (0x01cf1f13) slli    t5, t5, 28
core   0: 3 0x8000c214 (0x01cf1f13) x30 0xd0000000
core   0: 0x8000c218 (0x030de463) bltu    s11, a6, pc + 40
core   0: 3 0x8000c218 (0x030de463)
core   0: 0x8000c240 (0x6d1e3593) sltiu   a1, t3, 1745
core   0: 3 0x8000c240 (0x6d1e3593) x11 0x00000000
core   0: 0x8000c244 (0x0190beb3) sltu    t4, ra, s9
core   0: 3 0x8000c244 (0x0190beb3) x29 0x00000000
core   0: 0x8000c248 (0x157c2e13) slti    t3, s8, 343
core   0: 3 0x8000c248 (0x157c2e13) x28 0x00000000
core   0: 0x8000c24c (0x007cb1b3) sltu    gp, s9, t2
core   0: 3 0x8000c24c (0x007cb1b3) x 3 0x00000001
core   0: 0x8000c250 (0x4845f117) auipc   sp, 0x4845f
core   0: 3 0x8000c250 (0x4845f117) x 2 0xc846b250
core   0: 0x8000c254 (0x410b5033) sra     zero, s6, a6
core   0: 3 0x8000c254 (0x410b5033)
core   0: 0x8000c258 (0x0000100f) fence.i
core   0: 3 0x8000c258 (0x0000100f)
core   0: 0x8000c25c (0xf56f7693) andi    a3, t5, -170
core   0: 3 0x8000c25c (0xf56f7693) x13 0xd0000000
core   0: 0x8000c260 (0x01afac33) slt     s8, t6, s10
core   0: 3 0x8000c260 (0x01afac33) x24 0x00000000
core   0: 0x8000c264 (0x04c25263) bge     tp, a2, pc + 68
core   0: 3 0x8000c264 (0x04c25263)
core   0: 0x8000c2a8 (0x019f2cb3) slt     s9, t5, s9
core   0: 3 0x8000c2a8 (0x019f2cb3) x25 0x00000001
core   0: 0x8000c2ac (0x0ff0000f) fence   iorw,iorw
core   0: 3 0x8000c2ac (0x0ff0000f)
core   0: 0x8000c2b0 (0x02eff663) bgeu    t6, a4, pc + 44
core   0: 3 0x8000c2b0 (0x02eff663)
core   0: 0x8000c2b4 (0x02977263) bgeu    a4, s1, pc + 36
core   0: 3 0x8000c2b4 (0x02977263)
core   0: 0x8000c2d8 (0x008570b3) and     ra, a0, s0
core   0: 3 0x8000c2d8 (0x008570b3) x 1 0x00000004
core   0: 0x8000c2dc (0xa12201b7) lui     gp, 0xa1220
core   0: 3 0x8000c2dc (0xa12201b7) x 3 0xa1220000
core   0: 0x8000c2e0 (0x0002cc63) bltz    t0, pc + 24
core   0: 3 0x8000c2e0 (0x0002cc63)
core   0: 0x8000c2e4 (0xbbf82a97) auipc   s5, 0xbbf82
core   0: 3 0x8000c2e4 (0xbbf82a97) x21 0x3bf8e2e4
core   0: 0x8000c2e8 (0x378d2713) slti    a4, s10, 888
core   0: 3 0x8000c2e8 (0x378d2713) x14 0x00000001
core   0: 0x8000c2ec (0x03e20263) beq     tp, t5, pc + 36
core   0: 3 0x8000c2ec (0x03e20263)
core   0: 0x8000c2f0 (0x00329db3) sll     s11, t0, gp
core   0: 3 0x8000c2f0 (0x00329db3) x27 0x000000a3
core   0: 0x8000c2f4 (0x031c9863) bne     s9, a7, pc + 48
core   0: 3 0x8000c2f4 (0x031c9863)
core   0: 0x8000c324 (0x01ba50b3) srl     ra, s4, s11
core   0: 3 0x8000c324 (0x01ba50b3) x 1 0x0000001e
core   0: 0x8000c328 (0x006f5c33) srl     s8, t5, t1
core   0: 3 0x8000c328 (0x006f5c33) x24 0x00680000
core   0: 0x8000c32c (0x00370433) add     s0, a4, gp
core   0: 3 0x8000c32c (0x00370433) x 8 0xa1220001
core   0: 0x8000c330 (0x37d66513) ori     a0, a2, 893
core   0: 3 0x8000c330 (0x37d66513) x10 0xffffffff
core   0: 0x8000c334 (0x409a5433) sra     s0, s4, s1
core   0: 3 0x8000c334 (0x409a5433) x 8 0x00000078
core   0: 0x8000c338 (0x0ff0000f) fence   iorw,iorw
core   0: 3 0x8000c338 (0x0ff0000f)
core   0: 0x8000c33c (0x0172e533) or      a0, t0, s7
core   0: 3 0x8000c33c (0x0172e533) x10 0x000000a7
core   0: 0x8000c340 (0x0090d133) srl     sp, ra, s1
core   0: 3 0x8000c340 (0x0090d133) x 2 0x0000000f
core   0: 0x8000c344 (0x0189feb3) and     t4, s3, s8
core   0: 3 0x8000c344 (0x0189feb3) x29 0x00000000
core   0: 0x8000c348 (0x002f9f33) sll     t5, t6, sp
core   0: 3 0x8000c348 (0x002f9f33) x30 0x00410000
core   0: 0x8000c34c (0x016f8c33) add     s8, t6, s6
core   0: 3 0x8000c34c (0x016f8c33) x24 0x000000b5
core   0: 0x8000c350 (0x00ed7eb3) and     t4, s10, a4
core   0: 3 0x8000c350 (0x00ed7eb3) x29 0x00000001
core   0: 0x8000c354 (0x01679a33) sll     s4, a5, s6
core   0: 3 0x8000c354 (0x01679a33) x20 0x70c00000
core   0: 0x8000c358 (0x40925c13) srai    s8, tp, 9
core   0: 3 0x8000c358 (0x40925c13) x24 0x00000000
core   0: 0x8000c35c (0x40905d33) sra     s10, zero, s1
core   0: 3 0x8000c35c (0x40905d33) x26 0x00000000
core   0: 0x8000c360 (0x40405f93) srai    t6, zero, 4
core   0: 3 0x8000c360 (0x40405f93) x31 0x00000000
core   0: 0x8000c364 (0x03650663) beq     a0, s6, pc + 44
core   0: 3 0x8000c364 (0x03650663)
core   0: 0x8000c368 (0x00000013) nop
core   0: 3 0x8000c368 (0x00000013)
core   0: 0x8000c36c (0x51028d17) auipc   s10, 0x51028
core   0: 3 0x8000c36c (0x51028d17) x26 0xd103436c
core   0: 0x8000c370 (0xab45fa13) andi    s4, a1, -1356
core   0: 3 0x8000c370 (0xab45fa13) x20 0x00000000
core   0: 0x8000c374 (0x01c871b3) and     gp, a6, t3
core   0: 3 0x8000c374 (0x01c871b3) x 3 0x00000000
core   0: 0x8000c378 (0x40abd9b3) sra     s3, s7, a0
core   0: 3 0x8000c378 (0x40abd9b3) x19 0x00000000
core   0: 0x8000c37c (0x011eda93) srli    s5, t4, 17
core   0: 3 0x8000c37c (0x011eda93) x21 0x00000000
core   0: 0x8000c380 (0x66107617) auipc   a2, 0x66107
core   0: 3 0x8000c380 (0x66107617) x12 0xe6113380
core   0: 0x8000c384 (0x00f0fe33) and     t3, ra, a5
core   0: 3 0x8000c384 (0x00f0fe33) x28 0x00000018
core   0: 0x8000c388 (0x00c54863) blt     a0, a2, pc + 16
core   0: 3 0x8000c388 (0x00c54863)
core   0: 0x8000c38c (0x418e5e33) sra     t3, t3, s8
core   0: 3 0x8000c38c (0x418e5e33) x28 0x00000018
core   0: 0x8000c390 (0x01a302b3) add     t0, t1, s10
core   0: 3 0x8000c390 (0x01a302b3) x 5 0xd10343b5
core   0: 0x8000c394 (0x8ae80093) addi    ra, a6, -1874
core   0: 3 0x8000c394 (0x8ae80093) x 1 0x7ffff8ae
core   0: 0x8000c398 (0x0069e3b3) or      t2, s3, t1
core   0: 3 0x8000c398 (0x0069e3b3) x 7 0x00000049
core   0: 0x8000c39c (0x019df533) and     a0, s11, s9
core   0: 3 0x8000c39c (0x019df533) x10 0x00000001
core   0: 0x8000c3a0 (0x03130063) beq     t1, a7, pc + 32
core   0: 3 0x8000c3a0 (0x03130063)
core   0: 0x8000c3a4 (0x0282f863) bgeu    t0, s0, pc + 48
core   0: 3 0x8000c3a4 (0x0282f863)
core   0: 0x8000c3d4 (0x41ff8a33) sub     s4, t6, t6
core   0: 3 0x8000c3d4 (0x41ff8a33) x20 0x00000000
core   0: 0x8000c3d8 (0x0187e1b3) or      gp, a5, s8
core   0: 3 0x8000c3d8 (0x0187e1b3) x 3 0x80028e18
core   0: 0x8000c3dc (0x03476a63) bltu    a4, s4, pc + 52
core   0: 3 0x8000c3dc (0x03476a63)
core   0: 0x8000c3e0 (0x05330463) beq     t1, s3, pc + 72
core   0: 3 0x8000c3e0 (0x05330463)
core   0: 0x8000c3e4 (0x00522333) slt     t1, tp, t0
core   0: 3 0x8000c3e4 (0x00522333) x 6 0x00000000
core   0: 0x8000c3e8 (0x00000013) nop
core   0: 3 0x8000c3e8 (0x00000013)
core   0: 0x8000c3ec (0x2bddbb13) sltiu   s6, s11, 701
core   0: 3 0x8000c3ec (0x2bddbb13) x22 0x00000001
core   0: 0x8000c3f0 (0x00639013) slli    zero, t2, 6
core   0: 3 0x8000c3f0 (0x00639013)
core   0: 0x8000c3f4 (0x02f2ce63) blt     t0, a5, pc + 60
core   0: 3 0x8000c3f4 (0x02f2ce63)
core   0: 0x8000c3f8 (0x687ead13) slti    s10, t4, 1671
core   0: 3 0x8000c3f8 (0x687ead13) x26 0x00000001
core   0: 0x8000c3fc (0x003ca233) slt     tp, s9, gp
core   0: 3 0x8000c3fc (0x003ca233) x 4 0x00000000
core   0: 0x8000c400 (0x41ee8ab3) sub     s5, t4, t5
core   0: 3 0x8000c400 (0x41ee8ab3) x21 0xffbf0001
core   0: 0x8000c404 (0x40098433) sub     s0, s3, zero
core   0: 3 0x8000c404 (0x40098433) x 8 0x00000000
core   0: 0x8000c408 (0xa25dbc93) sltiu   s9, s11, -1499
core   0: 3 0x8000c408 (0xa25dbc93) x25 0x00000001
core   0: 0x8000c40c (0x413c0133) sub     sp, s8, s3
core   0: 3 0x8000c40c (0x413c0133) x 2 0x00000000
core   0: 0x8000c410 (0x41280b33) sub     s6, a6, s2
core   0: 3 0x8000c410 (0x41280b33) x22 0xfffec349
core   0: 0x8000c414 (0x0087cdb3) xor     s11, a5, s0
core   0: 3 0x8000c414 (0x0087cdb3) x27 0x80028e18
core   0: 0x8000c418 (0x41da8633) sub     a2, s5, t4
core   0: 3 0x8000c418 (0x41da8633) x12 0xffbf0000
core   0: 0x8000c41c (0x161a3c13) sltiu   s8, s4, 353
core   0: 3 0x8000c41c (0x161a3c13) x24 0x00000001
core   0: 0x8000c420 (0x00d7fa33) and     s4, a5, a3
core   0: 3 0x8000c420 (0x00d7fa33) x20 0x80000000
core   0: 0x8000c424 (0x40a9de93) srai    t4, s3, 10
core   0: 3 0x8000c424 (0x40a9de93) x29 0x00000000
core   0: 0x8000c428 (0x000e1533) sll     a0, t3, zero
core   0: 3 0x8000c428 (0x000e1533) x10 0x00000018
core   0: 0x8000c42c (0x00000013) nop
core   0: 3 0x8000c42c (0x00000013)
core   0: 0x8000c430 (0x5eeaaf13) slti    t5, s5, 1518
core   0: 3 0x8000c430 (0x5eeaaf13) x30 0x00000001
core   0: 0x8000c434 (0x01b3bcb3) sltu    s9, t2, s11
core   0: 3 0x8000c434 (0x01b3bcb3) x25 0x00000001
core   0: 0x8000c438 (0x002ae533) or      a0, s5, sp
core   0: 3 0x8000c438 (0x002ae533) x10 0xffbf0001
core   0: 0x8000c43c (0x40e1d9b3) sra     s3, gp, a4
core   0: 3 0x8000c43c (0x40e1d9b3) x19 0xc001470c
core   0: 0x8000c440 (0x4965c697) auipc   a3, 0x4965c
core   0: 3 0x8000c440 (0x4965c697) x13 0xc9668440
core   0: 0x8000c444 (0x2d11bc13) sltiu   s8, gp, 721
core   0: 3 0x8000c444 (0x2d11bc13) x24 0x00000000
core   0: 0x8000c448 (0x01ee82b3) add     t0, t4, t5
core   0: 3 0x8000c448 (0x01ee82b3) x 5 0x00000001
core   0: 0x8000c44c (0x0068b933) sltu    s2, a7, t1
core   0: 3 0x8000c44c (0x0068b933) x18 0x00000000
core   0: 0x8000c450 (0x8bb8bc93) sltiu   s9, a7, -1861
core   0: 3 0x8000c450 (0x8bb8bc93) x25 0x00000001
core   0: 0x8000c454 (0x02996c63) bltu    s2, s1, pc + 56
core   0: 3 0x8000c454 (0x02996c63)
core   0: 0x8000c48c (0x008b8333) add     t1, s7, s0
core   0: 3 0x8000c48c (0x008b8333) x 6 0x00000004
core   0: 0x8000c490 (0x1e0b6ab7) lui     s5, 0x1e0b6
core   0: 3 0x8000c490 (0x1e0b6ab7) x21 0x1e0b6000
core   0: 0x8000c494 (0x00007e97) auipc   t4, 0x7
core   0: 3 0x8000c494 (0x00007e97) x29 0x80013494
core   0: 0x8000c498 (0x2cbe8e93) addi    t4, t4, 715
core   0: 3 0x8000c498 (0x2cbe8e93) x29 0x8001375f
core   0: 0x8000c49c (0x01ebd693) srli    a3, s7, 30
core   0: 3 0x8000c49c (0x01ebd693) x13 0x00000000
core   0: 0x8000c4a0 (0x00d612b3) sll     t0, a2, a3
core   0: 3 0x8000c4a0 (0x00d612b3) x 5 0xffbf0000
core   0: 0x8000c4a4 (0x00cdd913) srli    s2, s11, 12
core   0: 3 0x8000c4a4 (0x00cdd913) x18 0x00080028
core   0: 0x8000c4a8 (0x28ade497) auipc   s1, 0x28ade
core   0: 3 0x8000c4a8 (0x28ade497) x 9 0xa8aea4a8
core   0: 0x8000c4ac (0xfc2e8903) lb      s2, -62(t4)
core   0: 3 0x8000c4ac (0xfc2e8903) x18 0x0000005c mem 0x80013721
core   0: 0x8000c4b0 (0x006e8303) lb      t1, 6(t4)
core   0: 3 0x8000c4b0 (0x006e8303) x 6 0x00000030 mem 0x80013765
core   0: 0x8000c4b4 (0x027e9583) lh      a1, 39(t4)
core   0: 3 0x8000c4b4 (0x027e9583) x11 0x00002d9e mem 0x80013786
core   0: 0x8000c4b8 (0xfe8ec503) lbu     a0, -24(t4)
core   0: 3 0x8000c4b8 (0xfe8ec503) x10 0x0000004f mem 0x80013747
core   0: 0x8000c4bc (0x0000100f) fence.i
core   0: 3 0x8000c4bc (0x0000100f)
core   0: 0x8000c4c0 (0xeba8e993) ori     s3, a7, -326
core   0: 3 0x8000c4c0 (0xeba8e993) x19 0xfffffefe
core   0: 0x8000c4c4 (0xccde7b17) auipc   s6, 0xccde7
core   0: 3 0x8000c4c4 (0xccde7b17) x22 0x4cdf34c4
core   0: 0x8000c4c8 (0x000e98a3) sh      zero, 17(t4)
core   0: 3 0x8000c4c8 (0x000e98a3) mem 0x80013770 0x0000
core   0: 0x8000c4cc (0x00d323b3) slt     t2, t1, a3
core   0: 3 0x8000c4cc (0x00d323b3) x 7 0x00000000
core   0: 0x8000c4d0 (0x008a2ab3) slt     s5, s4, s0
core   0: 3 0x8000c4d0 (0x008a2ab3) x21 0x00000001
core   0: 0x8000c4d4 (0xfcfec683) lbu     a3, -49(t4)
core   0: 3 0x8000c4d4 (0xfcfec683) x13 0x000000ad mem 0x8001372e
core   0: 0x8000c4d8 (0xffeec103) lbu     sp, -2(t4)
core   0: 3 0x8000c4d8 (0xffeec103) x 2 0x0000007d mem 0x8001375d
core   0: 0x8000c4dc (0x4151db93) srai    s7, gp, 21
core   0: 3 0x8000c4dc (0x4151db93) x23 0xfffffc00
core   0: 0x8000c4e0 (0x009e9083) lh      ra, 9(t4)
core   0: 3 0x8000c4e0 (0x009e9083) x 1 0x00005c30 mem 0x80013768
core   0: 0x8000c4e4 (0x00a95a13) srli    s4, s2, 10
core   0: 3 0x8000c4e4 (0x00a95a13) x20 0x00000000
core   0: 0x8000c4e8 (0x0050d0b3) srl     ra, ra, t0
core   0: 3 0x8000c4e8 (0x0050d0b3) x 1 0x00005c30
core   0: 0x8000c4ec (0xfc8e82a3) sb      s0, -59(t4)
core   0: 3 0x8000c4ec (0xfc8e82a3) mem 0x80013724 0x0
core   0: 0x8000c4f0 (0x016e1333) sll     t1, t3, s6
core   0: 3 0x8000c4f0 (0x016e1333) x 6 0x00000180
core   0: 0x8000c4f4 (0x00ee8903) lb      s2, 14(t4)
core   0: 3 0x8000c4f4 (0x00ee8903) x18 0xffffff87 mem 0x8001376d
core   0: 0x8000c4f8 (0x01932cb3) slt     s9, t1, s9
core   0: 3 0x8000c4f8 (0x01932cb3) x25 0x00000000
core   0: 0x8000c4fc (0x40d05e33) sra     t3, zero, a3
core   0: 3 0x8000c4fc (0x40d05e33) x28 0x00000000
core   0: 0x8000c500 (0xffbe8723) sb      s11, -18(t4)
core   0: 3 0x8000c500 (0xffbe8723) mem 0x8001374d 0x18
core   0: 0x8000c504 (0xf7f5b693) sltiu   a3, a1, -129
core   0: 3 0x8000c504 (0xf7f5b693) x13 0x00000001
core   0: 0x8000c508 (0x032e8903) lb      s2, 50(t4)
core   0: 3 0x8000c508 (0x032e8903) x18 0xffffffff mem 0x80013791
core   0: 0x8000c50c (0x84b3c593) xori    a1, t2, -1973
core   0: 3 0x8000c50c (0x84b3c593) x11 0xfffff84b
core   0: 0x8000c510 (0xfdae8f03) lb      t5, -38(t4)
core   0: 3 0x8000c510 (0xfdae8f03) x30 0x00000000 mem 0x80013739
core   0: 0x8000c514 (0xff8e8a83) lb      s5, -8(t4)
core   0: 3 0x8000c514 (0xff8e8a83) x21 0x0000002c mem 0x80013757
core   0: 0x8000c518 (0x2844b593) sltiu   a1, s1, 644
core   0: 3 0x8000c518 (0x2844b593) x11 0x00000000
core   0: 0x8000c51c (0x1e6ea613) slti    a2, t4, 486
core   0: 3 0x8000c51c (0x1e6ea613) x12 0x00000001
core   0: 0x8000c520 (0x01c0d713) srli    a4, ra, 28
core   0: 3 0x8000c520 (0x01c0d713) x14 0x00000000
core   0: 0x8000c524 (0x7d7f3993) sltiu   s3, t5, 2007
core   0: 3 0x8000c524 (0x7d7f3993) x19 0x00000001
core   0: 0x8000c528 (0x025e8d83) lb      s11, 37(t4)
core   0: 3 0x8000c528 (0x025e8d83) x27 0xffffffff mem 0x80013784
core   0: 0x8000c52c (0xa37a4a13) xori    s4, s4, -1481
core   0: 3 0x8000c52c (0xa37a4a13) x20 0xfffffa37
core   0: 0x8000c530 (0x0537f513) andi    a0, a5, 83
core   0: 3 0x8000c530 (0x0537f513) x10 0x00000010
core   0: 0x8000c534 (0x00000013) nop
core   0: 3 0x8000c534 (0x00000013)
core   0: 0x8000c538 (0xff6e8c83) lb      s9, -10(t4)
core   0: 3 0x8000c538 (0xff6e8c83) x25 0x00000044 mem 0x80013755
core   0: 0x8000c53c (0xfd4e8403) lb      s0, -44(t4)
core   0: 3 0x8000c53c (0xfd4e8403) x 8 0xffffffab mem 0x80013733
core   0: 0x8000c540 (0x88c96e93) ori     t4, s2, -1908
core   0: 3 0x8000c540 (0x88c96e93) x29 0xffffffff
core   0: 0x8000c544 (0x02f69c63) bne     a3, a5, pc + 56
core   0: 3 0x8000c544 (0x02f69c63)
core   0: 0x8000c57c (0x015a1693) slli    a3, s4, 21
core   0: 3 0x8000c57c (0x015a1693) x13 0x46e00000
core   0: 0x8000c580 (0x02d0f663) bgeu    ra, a3, pc + 44
core   0: 3 0x8000c580 (0x02d0f663)
core   0: 0x8000c584 (0x0368e863) bltu    a7, s6, pc + 48
core   0: 3 0x8000c584 (0x0368e863)
core   0: 0x8000c588 (0x01ad5933) srl     s2, s10, s10
core   0: 3 0x8000c588 (0x01ad5933) x18 0x00000000
core   0: 0x8000c58c (0x002badb3) slt     s11, s7, sp
core   0: 3 0x8000c58c (0x002badb3) x27 0x00000001
core   0: 0x8000c590 (0x99b82993) slti    s3, a6, -1637
core   0: 3 0x8000c590 (0x99b82993) x19 0x00000001
core   0: 0x8000c594 (0x7809f193) andi    gp, s3, 1920
core   0: 3 0x8000c594 (0x7809f193) x 3 0x00000000
core   0: 0x8000c598 (0x03c38c63) beq     t2, t3, pc + 56
core   0: 3 0x8000c598 (0x03c38c63)
core   0: 0x8000c5d0 (0x03c94063) blt     s2, t3, pc + 32
core   0: 3 0x8000c5d0 (0x03c94063)
core   0: 0x8000c5d4 (0x40980cb3) sub     s9, a6, s1
core   0: 3 0x8000c5d4 (0x40980cb3) x25 0xd7515b58
core   0: 0x8000c5d8 (0x01a89313) slli    t1, a7, 26
core   0: 3 0x8000c5d8 (0x01a89313) x 6 0x90000000
core   0: 0x8000c5dc (0x00b113b3) sll     t2, sp, a1
core   0: 3 0x8000c5dc (0x00b113b3) x 7 0x0000007d
core   0: 0x8000c5e0 (0x00510633) add     a2, sp, t0
core   0: 3 0x8000c5e0 (0x00510633) x12 0xffbf007d
core   0: 0x8000c5e4 (0x01feb033) sltu    zero, t4, t6
core   0: 3 0x8000c5e4 (0x01feb033)
core   0: 0x8000c5e8 (0x1322eb93) ori     s7, t0, 306
core   0: 3 0x8000c5e8 (0x1322eb93) x23 0xffbf0132
core   0: 0x8000c5ec (0xcb0e8e13) addi    t3, t4, -848
core   0: 3 0x8000c5ec (0xcb0e8e13) x28 0xfffffcaf
core   0: 0x8000c5f0 (0x01c05863) bge     zero, t3, pc + 16
core   0: 3 0x8000c5f0 (0x01c05863)
core   0: 0x8000c600 (0x40955193) srai    gp, a0, 9
core   0: 3 0x8000c600 (0x40955193) x 3 0x00000000
core   0: 0x8000c604 (0x00dbca63) blt     s7, a3, pc + 20
core   0: 3 0x8000c604 (0x00dbca63)
core   0: 0x8000c618 (0xe5b77d93) andi    s11, a4, -421
core   0: 3 0x8000c618 (0xe5b77d93) x27 0x00000000
core   0: 0x8000c61c (0x03a35463) bge     t1, s10, pc + 40
core   0: 3 0x8000c61c (0x03a35463)
core   0: 0x8000c620 (0x02d6ce63) blt     a3, a3, pc + 60
core   0: 3 0x8000c620 (0x02d6ce63)
core   0: 0x8000c624 (0x01280233) add     tp, a6, s2
core   0: 3 0x8000c624 (0x01280233) x 4 0x80000000
core   0: 0x8000c628 (0x00460333) add     t1, a2, tp
core   0: 3 0x8000c628 (0x00460333) x 6 0x7fbf007d
core   0: 0x8000c62c (0x011edd93) srli    s11, t4, 17
core   0: 3 0x8000c62c (0x011edd93) x27 0x00007fff
core   0: 0x8000c630 (0x002326b3) slt     a3, t1, sp
core   0: 3 0x8000c630 (0x002326b3) x13 0x00000000
core   0: 0x8000c634 (0x03088063) beq     a7, a6, pc + 32
core   0: 3 0x8000c634 (0x03088063)
core   0: 0x8000c638 (0x521ad737) lui     a4, 0x521ad
core   0: 3 0x8000c638 (0x521ad737) x14 0x521ad000
core   0: 0x8000c63c (0x409a8c33) sub     s8, s5, s1
core   0: 3 0x8000c63c (0x409a8c33) x24 0x57515b84
core   0: 0x8000c640 (0x75cbce93) xori    t4, s7, 1884
core   0: 3 0x8000c640 (0x75cbce93) x29 0xffbf066e
core   0: 0x8000c644 (0x00000013) nop
core   0: 3 0x8000c644 (0x00000013)
core   0: 0x8000c648 (0x4006d733) sra     a4, a3, zero
core   0: 3 0x8000c648 (0x4006d733) x14 0x00000000
core   0: 0x8000c64c (0x48e27613) andi    a2, tp, 1166
core   0: 3 0x8000c64c (0x48e27613) x12 0x00000000
core   0: 0x8000c650 (0x00085113) srli    sp, a6, 0
core   0: 3 0x8000c650 (0x00085113) x 2 0x80000000
core   0: 0x8000c654 (0x01ce6e63) bltu    t3, t3, pc + 28
core   0: 3 0x8000c654 (0x01ce6e63)
core   0: 0x8000c658 (0x00aa9a33) sll     s4, s5, a0
core   0: 3 0x8000c658 (0x00aa9a33) x20 0x002c0000
core   0: 0x8000c65c (0xe3fbc593) xori    a1, s7, -449
core   0: 3 0x8000c65c (0xe3fbc593) x11 0x0040ff0d
core   0: 0x8000c660 (0x0102ecb3) or      s9, t0, a6
core   0: 3 0x8000c660 (0x0102ecb3) x25 0xffbf0000
core   0: 0x8000c664 (0x0006fc63) bgeu    a3, zero, pc + 24
core   0: 3 0x8000c664 (0x0006fc63)
core   0: 0x8000c67c (0x01d75233) srl     tp, a4, t4
core   0: 3 0x8000c67c (0x01d75233) x 4 0x00000000
core   0: 0x8000c680 (0x02904713) xori    a4, zero, 41
core   0: 3 0x8000c680 (0x02904713) x14 0x00000029
core   0: 0x8000c684 (0x0000100f) fence.i
core   0: 3 0x8000c684 (0x0000100f)
core   0: 0x8000c688 (0x0165d463) bge     a1, s6, pc + 8
core   0: 3 0x8000c688 (0x0165d463)
core   0: 0x8000c68c (0x40e90b33) sub     s6, s2, a4
core   0: 3 0x8000c68c (0x40e90b33) x22 0xffffffd7
core   0: 0x8000c690 (0x8fdafc13) andi    s8, s5, -1795
core   0: 3 0x8000c690 (0x8fdafc13) x24 0x0000002c
core   0: 0x8000c694 (0x4130d913) srai    s2, ra, 19
core   0: 3 0x8000c694 (0x4130d913) x18 0x00000000
core   0: 0x8000c698 (0x0ff0000f) fence   iorw,iorw
core   0: 3 0x8000c698 (0x0ff0000f)
core   0: 0x8000c69c (0x756c3193) sltiu   gp, s8, 1878
core   0: 3 0x8000c69c (0x756c3193) x 3 0x00000001
core   0: 0x8000c6a0 (0x0077cfb3) xor     t6, a5, t2
core   0: 3 0x8000c6a0 (0x0077cfb3) x31 0x80028e65
core   0: 0x8000c6a4 (0x02460863) beq     a2, tp, pc + 48
core   0: 3 0x8000c6a4 (0x02460863)
core   0: 0x8000c6d4 (0x026be663) bltu    s7, t1, pc + 44
core   0: 3 0x8000c6d4 (0x026be663)
core   0: 0x8000c6d8 (0x6c340c93) addi    s9, s0, 1731
core   0: 3 0x8000c6d8 (0x6c340c93) x25 0x0000066e
core   0: 0x8000c6dc (0x06e87213) andi    tp, a6, 110
core   0: 3 0x8000c6dc (0x06e87213) x 4 0x00000000
core   0: 0x8000c6e0 (0xa1ada013) slti    zero, s11, -1510
core   0: 3 0x8000c6e0 (0xa1ada013)
core   0: 0x8000c6e4 (0xcfa7a093) slti    ra, a5, -774
core   0: 3 0x8000c6e4 (0xcfa7a093) x 1 0x00000001
core   0: 0x8000c6e8 (0x02bfe863) bltu    t6, a1, pc + 48
core   0: 3 0x8000c6e8 (0x02bfe863)
core   0: 0x8000c6ec (0x00a88933) add     s2, a7, a0
core   0: 3 0x8000c6ec (0x00a88933) x18 0x8002ccf4
core   0: 0x8000c6f0 (0x413b5fb3) sra     t6, s6, s3
core   0: 3 0x8000c6f0 (0x413b5fb3) x31 0xffffffeb
core   0: 0x8000c6f4 (0x010920b3) slt     ra, s2, a6
core   0: 3 0x8000c6f4 (0x010920b3) x 1 0x00000000
core   0: 0x8000c6f8 (0x019ecdb3) xor     s11, t4, s9
core   0: 3 0x8000c6f8 (0x019ecdb3) x27 0xffbf0000
core   0: 0x8000c6fc (0x41685513) srai    a0, a6, 22
core   0: 3 0x8000c6fc (0x41685513) x10 0xfffffe00
core   0: 0x8000c700 (0x01c93eb3) sltu    t4, s2, t3
core   0: 3 0x8000c700 (0x01c93eb3) x29 0x00000001
core   0: 0x8000c704 (0x00000013) nop
core   0: 3 0x8000c704 (0x00000013)
core   0: 0x8000c708 (0x00ab6633) or      a2, s6, a0
core   0: 3 0x8000c708 (0x00ab6633) x12 0xffffffd7
core   0: 0x8000c70c (0x03b45c63) bge     s0, s11, pc + 56
core   0: 3 0x8000c70c (0x03b45c63)
core   0: 0x8000c744 (0x05cfe463) bltu    t6, t3, pc + 72
core   0: 3 0x8000c744 (0x05cfe463)
core   0: 0x8000c748 (0x01a05113) srli    sp, zero, 26
core   0: 3 0x8000c748 (0x01a05113) x 2 0x00000000
core   0: 0x8000c74c (0x026ce263) bltu    s9, t1, pc + 36
core   0: 3 0x8000c74c (0x026ce263)
core   0: 0x8000c770 (0x0150e933) or      s2, ra, s5
core   0: 3 0x8000c770 (0x0150e933) x18 0x0000002c
core   0: 0x8000c774 (0x40cf0333) sub     t1, t5, a2
core   0: 3 0x8000c774 (0x40cf0333) x 6 0x00000029
core   0: 0x8000c778 (0x00000013) nop
core   0: 3 0x8000c778 (0x00000013)
core   0: 0x8000c77c (0x021bec63) bltu    s7, ra, pc + 56
core   0: 3 0x8000c77c (0x021bec63)
core   0: 0x8000c780 (0xcf249197) auipc   gp, 0xcf249
core   0: 3 0x8000c780 (0xcf249197) x 3 0x4f255780
core   0: 0x8000c784 (0x05acc263) blt     s9, s10, pc + 68
core   0: 3 0x8000c784 (0x05acc263)
core   0: 0x8000c788 (0x00de16b3) sll     a3, t3, a3
core   0: 3 0x8000c788 (0x00de16b3) x13 0xfffffcaf
core   0: 0x8000c78c (0x0137f933) and     s2, a5, s3
core   0: 3 0x8000c78c (0x0137f933) x18 0x00000000
core   0: 0x8000c790 (0x002dc733) xor     a4, s11, sp
core   0: 3 0x8000c790 (0x002dc733) x14 0xffbf0000
core   0: 0x8000c794 (0x01ad5f93) srli    t6, s10, 26
core   0: 3 0x8000c794 (0x01ad5f93) x31 0x00000000
core   0: 0x8000c798 (0xeda8a093) slti    ra, a7, -294
core   0: 3 0x8000c798 (0xeda8a093) x 1 0x00000001
core   0: 0x8000c79c (0xd4a1c713) xori    a4, gp, -694
core   0: 3 0x8000c79c (0xd4a1c713) x14 0xb0daaaca
core   0: 0x8000c7a0 (0x0000ad33) slt     s10, ra, zero
core   0: 3 0x8000c7a0 (0x0000ad33) x26 0x00000000
core   0: 0x8000c7a4 (0x0175d713) srli    a4, a1, 23
core   0: 3 0x8000c7a4 (0x0175d713) x14 0x00000000
core   0: 0x8000c7a8 (0xe436fd97) auipc   s11, 0xe436f
core   0: 3 0x8000c7a8 (0xe436fd97) x27 0x6437b7a8
core   0: 0x8000c7ac (0x051b8463) beq     s7, a7, pc + 72
core   0: 3 0x8000c7ac (0x051b8463)
core   0: 0x8000c7b0 (0xe345a093) slti    ra, a1, -460
core   0: 3 0x8000c7b0 (0xe345a093) x 1 0x00000000
core   0: 0x8000c7b4 (0x0ff0000f) fence   iorw,iorw
core   0: 3 0x8000c7b4 (0x0ff0000f)
core   0: 0x8000c7b8 (0x142f0e13) addi    t3, t5, 322
core   0: 3 0x8000c7b8 (0x142f0e13) x28 0x00000142
core   0: 0x8000c7bc (0x01591993) slli    s3, s2, 21
core   0: 3 0x8000c7bc (0x01591993) x19 0x00000000
core   0: 0x8000c7c0 (0x91a7f493) andi    s1, a5, -1766
core   0: 3 0x8000c7c0 (0x91a7f493) x 9 0x80028818
core   0: 0x8000c7c4 (0x410b0cb3) sub     s9, s6, a6
core   0: 3 0x8000c7c4 (0x410b0cb3) x25 0x7fffffd7
core   0: 0x8000c7c8 (0x69ea2713) slti    a4, s4, 1694
core   0: 3 0x8000c7c8 (0x69ea2713) x14 0x00000000
core   0: 0x8000c7cc (0x015a7bb3) and     s7, s4, s5
core   0: 3 0x8000c7cc (0x015a7bb3) x23 0x00000000
core   0: 0x8000c7d0 (0x0111afb3) slt     t6, gp, a7
core   0: 3 0x8000c7d0 (0x0111afb3) x31 0x00000000
core   0: 0x8000c7d4 (0x00a83bb3) sltu    s7, a6, a0
core   0: 3 0x8000c7d4 (0x00a83bb3) x23 0x00000001
core   0: 0x8000c7d8 (0x009a19b3) sll     s3, s4, s1
core   0: 3 0x8000c7d8 (0x009a19b3) x19 0x00000000
core   0: 0x8000c7dc (0x01351a33) sll     s4, a0, s3
core   0: 3 0x8000c7dc (0x01351a33) x20 0xfffffe00
core   0: 0x8000c7e0 (0x0103de63) bge     t2, a6, pc + 28
core   0: 3 0x8000c7e0 (0x0103de63)
core   0: 0x8000c7fc (0x0000100f) fence.i
core   0: 3 0x8000c7fc (0x0000100f)
core   0: 0x8000c800 (0x0000100f) fence.i
core   0: 3 0x8000c800 (0x0000100f)
core   0: 0x8000c804 (0x000bdc63) bgez    s7, pc + 24
core   0: 3 0x8000c804 (0x000bdc63)
core   0: 0x8000c81c (0x01634a63) blt     t1, s6, pc + 20
core   0: 3 0x8000c81c (0x01634a63)
core   0: 0x8000c820 (0x003ba233) slt     tp, s7, gp
core   0: 3 0x8000c820 (0x003ba233) x 4 0x00000001
core   0: 0x8000c824 (0x01487ab3) and     s5, a6, s4
core   0: 3 0x8000c824 (0x01487ab3) x21 0x80000000
core   0: 0x8000c828 (0x0000100f) fence.i
core   0: 3 0x8000c828 (0x0000100f)
core   0: 0x8000c82c (0x02a48063) beq     s1, a0, pc + 32
core   0: 3 0x8000c82c (0x02a48063)
core   0: 0x8000c830 (0x405a5133) sra     sp, s4, t0
core   0: 3 0x8000c830 (0x405a5133) x 2 0xfffffe00
core   0: 0x8000c834 (0x01a79c63) bne     a5, s10, pc + 24
core   0: 3 0x8000c834 (0x01a79c63)
core   0: 0x8000c84c (0x8fea2993) slti    s3, s4, -1794
core   0: 3 0x8000c84c (0x8fea2993) x19 0x00000000
core   0: 0x8000c850 (0x3049a913) slti    s2, s3, 772
core   0: 3 0x8000c850 (0x3049a913) x18 0x00000001
core   0: 0x8000c854 (0x1da0ad93) slti    s11, ra, 474
core   0: 3 0x8000c854 (0x1da0ad93) x27 0x00000001
core   0: 0x8000c858 (0x036ac663) blt     s5, s6, pc + 44
core   0: 3 0x8000c858 (0x036ac663)
core   0: 0x8000c884 (0x018ea633) slt     a2, t4, s8
core   0: 3 0x8000c884 (0x018ea633) x12 0x00000001
core   0: 0x8000c888 (0x00000013) nop
core   0: 3 0x8000c888 (0x00000013)
core   0: 0x8000c88c (0x01e9ae33) slt     t3, s3, t5
core   0: 3 0x8000c88c (0x01e9ae33) x28 0x00000000
core   0: 0x8000c890 (0x0ff0000f) fence   iorw,iorw
core   0: 3 0x8000c890 (0x0ff0000f)
core   0: 0x8000c894 (0x00b15713) srli    a4, sp, 11
core   0: 3 0x8000c894 (0x00b15713) x14 0x001fffff
core   0: 0x8000c898 (0x00958bb3) add     s7, a1, s1
core   0: 3 0x8000c898 (0x00958bb3) x23 0x80438725
core   0: 0x8000c89c (0x034d6993) ori     s3, s10, 52
core   0: 3 0x8000c89c (0x034d6993) x19 0x00000034
core   0: 0x8000c8a0 (0x00000013) nop
core   0: 3 0x8000c8a0 (0x00000013)
core   0: 0x8000c8a4 (0xc7e4f993) andi    s3, s1, -898
core   0: 3 0x8000c8a4 (0xc7e4f993) x19 0x80028818
core   0: 0x8000c8a8 (0x6e7ae993) ori     s3, s5, 1767
core   0: 3 0x8000c8a8 (0x6e7ae993) x19 0x800006e7
core   0: 0x8000c8ac (0xb7074293) xori    t0, a4, -1168
core   0: 3 0x8000c8ac (0xb7074293) x 5 0xffe0048f
core   0: 0x8000c8b0 (0x08a0c063) blt     ra, a0, pc + 128
core   0: 3 0x8000c8b0 (0x08a0c063)
core   0: 0x8000c8b4 (0x01c75463) bge     a4, t3, pc + 8
core   0: 3 0x8000c8b4 (0x01c75463)
core   0: 0x8000c8bc (0x80a5c497) auipc   s1, 0x80a5c
core   0: 3 0x8000c8bc (0x80a5c497) x 9 0x00a688bc
core   0: 0x8000c8c0 (0x00800eb3) add     t4, zero, s0
core   0: 3 0x8000c8c0 (0x00800eb3) x29 0xffffffab
core   0: 0x8000c8c4 (0x0c8e3a93) sltiu   s5, t3, 200
core   0: 3 0x8000c8c4 (0x0c8e3a93) x21 0x00000001
core   0: 0x8000c8c8 (0x0161feb3) and     t4, gp, s6
core   0: 3 0x8000c8c8 (0x0161feb3) x29 0x4f255780
core   0: 0x8000c8cc (0x06c06663) bltu    zero, a2, pc + 108
core   0: 3 0x8000c8cc (0x06c06663)
core   0: 0x8000c938 (0x007b5e13) srli    t3, s6, 7
core   0: 3 0x8000c938 (0x007b5e13) x28 0x01ffffff
core   0: 0x8000c93c (0x415b8ab3) sub     s5, s7, s5
core   0: 3 0x8000c93c (0x415b8ab3) x21 0x80438724
core   0: 0x8000c940 (0x2b450737) lui     a4, 0x2b450
core   0: 3 0x8000c940 (0x2b450737) x14 0x2b450000
core   0: 0x8000c944 (0x01fc9633) sll     a2, s9, t6
core   0: 3 0x8000c944 (0x01fc9633) x12 0x7fffffd7
core   0: 0x8000c948 (0xf7e8ea13) ori     s4, a7, -130
core   0: 3 0x8000c948 (0xf7e8ea13) x20 0xfffffffe
core   0: 0x8000c94c (0x01fec0b3) xor     ra, t4, t6
core   0: 3 0x8000c94c (0x01fec0b3) x 1 0x4f255780
core   0: 0x8000c950 (0x00f8d463) bge     a7, a5, pc + 8
core   0: 3 0x8000c950 (0x00f8d463)
core   0: 0x8000c958 (0x013f7863) bgeu    t5, s3, pc + 16
core   0: 3 0x8000c958 (0x013f7863)
core   0: 0x8000c95c (0x03ca7663) bgeu    s4, t3, pc + 44
core   0: 3 0x8000c95c (0x03ca7663)
core   0: 0x8000c988 (0x006eedb3) or      s11, t4, t1
core   0: 3 0x8000c988 (0x006eedb3) x27 0x4f2557a9
core   0: 0x8000c98c (0x8156e193) ori     gp, a3, -2027
core   0: 3 0x8000c98c (0x8156e193) x 3 0xfffffcbf
core   0: 0x8000c990 (0xfdb87db7) lui     s11, 0xfdb87
core   0: 3 0x8000c990 (0xfdb87db7) x27 0xfdb87000
core   0: 0x8000c994 (0xd09feb93) ori     s7, t6, -759
core   0: 3 0x8000c994 (0xd09feb93) x23 0xfffffd09
core   0: 0x8000c998 (0x01438333) add     t1, t2, s4
core   0: 3 0x8000c998 (0x01438333) x 6 0x0000007b
core   0: 0x8000c99c (0x00904933) xor     s2, zero, s1
core   0: 3 0x8000c99c (0x00904933) x18 0x00a688bc
core   0: 0x8000c9a0 (0x00000013) nop
core   0: 3 0x8000c9a0 (0x00000013)
core   0: 0x8000c9a4 (0x01eeb533) sltu    a0, t4, t5
core   0: 3 0x8000c9a4 (0x01eeb533) x10 0x00000000
core   0: 0x8000c9a8 (0x00c495b3) sll     a1, s1, a2
core   0: 3 0x8000c9a8 (0x00c495b3) x11 0x5e000000
core   0: 0x8000c9ac (0x0228d263) bge     a7, sp, pc + 36
core   0: 3 0x8000c9ac (0x0228d263)
core   0: 0x8000c9b0 (0x00000013) nop
core   0: 3 0x8000c9b0 (0x00000013)
core   0: 0x8000c9b4 (0x00bd3ab3) sltu    s5, s10, a1
core   0: 3 0x8000c9b4 (0x00bd3ab3) x21 0x00000001
core   0: 0x8000c9b8 (0x00ca9013) slli    zero, s5, 12
core   0: 3 0x8000c9b8 (0x00ca9013)
core   0: 0x8000c9bc (0x03c2fe63) bgeu    t0, t3, pc + 60
core   0: 3 0x8000c9bc (0x03c2fe63)
core   0: 0x8000c9f8 (0x4021deb3) sra     t4, gp, sp
core   0: 3 0x8000c9f8 (0x4021deb3) x29 0xfffffcbf
core   0: 0x8000c9fc (0x8eac8a13) addi    s4, s9, -1814
core   0: 3 0x8000c9fc (0x8eac8a13) x20 0x7ffff8c1
core   0: 0x8000ca00 (0x01de8463) beq     t4, t4, pc + 8
core   0: 3 0x8000ca00 (0x01de8463)
core   0: 0x8000ca08 (0x4ed16217) auipc   tp, 0x4ed16
core   0: 3 0x8000ca08 (0x4ed16217) x 4 0xced22a08
core   0: 0x8000ca0c (0xff700513) li      a0, -9
core   0: 3 0x8000ca0c (0xff700513) x10 0xfffffff7
core   0: 0x8000ca10 (0xff900313) li      t1, -7
core   0: 3 0x8000ca10 (0xff900313) x 6 0xfffffff9
core   0: 0x8000ca14 (0x01ea02b3) add     t0, s4, t5
core   0: 3 0x8000ca14 (0x01ea02b3) x 5 0x7ffff8c1
core   0: 0x8000ca18 (0x0011df13) srli    t5, gp, 1
core   0: 3 0x8000ca18 (0x0011df13) x30 0x7ffffe5f
core   0: 0x8000ca1c (0x00250513) addi    a0, a0, 2
core   0: 3 0x8000ca1c (0x00250513) x10 0xfffffff9
core   0: 0x8000ca20 (0x00800213) li      tp, 8
core   0: 3 0x8000ca20 (0x00800213) x 4 0x00000008
core   0: 0x8000ca24 (0x00c00493) li      s1, 12
core   0: 3 0x8000ca24 (0x00c00493) x 9 0x0000000c
core   0: 0x8000ca28 (0x009abf33) sltu    t5, s5, s1
core   0: 3 0x8000ca28 (0x009abf33) x30 0x00000001
core   0: 0x8000ca2c (0x00720213) addi    tp, tp, 7
core   0: 3 0x8000ca2c (0x00720213) x 4 0x0000000f
core   0: 0x8000ca30 (0xfe924ce3) blt     tp, s1, pc - 8
core   0: 3 0x8000ca30 (0xfe924ce3)
core   0: 0x8000ca34 (0xfe6540e3) blt     a0, t1, pc - 32
core   0: 3 0x8000ca34 (0xfe6540e3)
core   0: 0x8000ca38 (0xe6106097) auipc   ra, 0xe6106
core   0: 3 0x8000ca38 (0xe6106097) x 1 0x66112a38
core   0: 0x8000ca3c (0x01616c63) bltu    sp, s6, pc + 24
core   0: 3 0x8000ca3c (0x01616c63)
core   0: 0x8000ca54 (0x107ffc93) andi    s9, t6, 263
core   0: 3 0x8000ca54 (0x107ffc93) x25 0x00000000
core   0: 0x8000ca58 (0xc26f8f17) auipc   t5, 0xc26f8
core   0: 3 0x8000ca58 (0xc26f8f17) x30 0x42704a58
core   0: 0x8000ca5c (0x02be1663) bne     t3, a1, pc + 44
core   0: 3 0x8000ca5c (0x02be1663)
core   0: 0x8000ca88 (0x0ff0000f) fence   iorw,iorw
core   0: 3 0x8000ca88 (0x0ff0000f)
core   0: 0x8000ca8c (0x00ea3cb3) sltu    s9, s4, a4
core   0: 3 0x8000ca8c (0x00ea3cb3) x25 0x00000000
core   0: 0x8000ca90 (0x01638db3) add     s11, t2, s6
core   0: 3 0x8000ca90 (0x01638db3) x27 0x00000054
core   0: 0x8000ca94 (0x00c37933) and     s2, t1, a2
core   0: 3 0x8000ca94 (0x00c37933) x18 0x7fffffd1
core   0: 0x8000ca98 (0x587cff37) lui     t5, 0x587cf
core   0: 3 0x8000ca98 (0x587cff37) x30 0x587cf000
core   0: 0x8000ca9c (0x00f3c133) xor     sp, t2, a5
core   0: 3 0x8000ca9c (0x00f3c133) x 2 0x80028e65
core   0: 0x8000caa0 (0x01616463) bltu    sp, s6, pc + 8
core   0: 3 0x8000caa0 (0x01616463)
core   0: 0x8000caa8 (0x26fc2b13) slti    s6, s8, 623
core   0: 3 0x8000caa8 (0x26fc2b13) x22 0x00000001
core   0: 0x8000caac (0x01d50933) add     s2, a0, t4
core   0: 3 0x8000caac (0x01d50933) x18 0xfffffcb8
core   0: 0x8000cab0 (0x09479663) bne     a5, s4, pc + 140
core   0: 3 0x8000cab0 (0x09479663)
core   0: 0x8000cb3c (0x01bf85b3) add     a1, t6, s11
core   0: 3 0x8000cb3c (0x01bf85b3) x11 0x00000054
core   0: 0x8000cb40 (0xe1254613) xori    a2, a0, -494
core   0: 3 0x8000cb40 (0xe1254613) x12 0x000001eb
core   0: 0x8000cb44 (0x9e272c13) slti    s8, a4, -1566
core   0: 3 0x8000cb44 (0x9e272c13) x24 0x00000000
core   0: 0x8000cb48 (0xa6e52f13) slti    t5, a0, -1426
core   0: 3 0x8000cb48 (0xa6e52f13) x30 0x00000000
core   0: 0x8000cb4c (0x02955063) bge     a0, s1, pc + 32
core   0: 3 0x8000cb4c (0x02955063)
core   0: 0x8000cb50 (0x03a29263) bne     t0, s10, pc + 36
core   0: 3 0x8000cb50 (0x03a29263)
core   0: 0x8000cb74 (0x1b3ba5b7) lui     a1, 0x1b3ba
core   0: 3 0x8000cb74 (0x1b3ba5b7) x11 0x1b3ba000
core   0: 0x8000cb78 (0xcf422413) slti    s0, tp, -780
core   0: 3 0x8000cb78 (0xcf422413) x 8 0x00000000
core   0: 0x8000cb7c (0x0111b333) sltu    t1, gp, a7
core   0: 3 0x8000cb7c (0x0111b333) x 6 0x00000000
core   0: 0x8000cb80 (0x0ff0000f) fence   iorw,iorw
core   0: 3 0x8000cb80 (0x0ff0000f)
core   0: 0x8000cb84 (0x00294bb3) xor     s7, s2, sp
core   0: 3 0x8000cb84 (0x00294bb3) x23 0x7ffd72dd
core   0: 0x8000cb88 (0xb4ca6513) ori     a0, s4, -1204
core   0: 3 0x8000cb88 (0xb4ca6513) x10 0xfffffbcd
core   0: 0x8000cb8c (0x01456863) bltu    a0, s4, pc + 16
core   0: 3 0x8000cb8c (0x01456863)
core   0: 0x8000cb90 (0x661ce113) ori     sp, s9, 1633
core   0: 3 0x8000cb90 (0x661ce113) x 2 0x00000661
core   0: 0x8000cb94 (0x00e15e63) bge     sp, a4, pc + 28
core   0: 3 0x8000cb94 (0x00e15e63)
core   0: 0x8000cb98 (0x00000013) nop
core   0: 3 0x8000cb98 (0x00000013)
core   0: 0x8000cb9c (0x419f8433) sub     s0, t6, s9
core   0: 3 0x8000cb9c (0x419f8433) x 8 0x00000000
core   0: 0x8000cba0 (0xd13dba13) sltiu   s4, s11, -749
core   0: 3 0x8000cba0 (0xd13dba13) x20 0x00000001
core   0: 0x8000cba4 (0x03189863) bne     a7, a7, pc + 48
core   0: 3 0x8000cba4 (0x03189863)
core   0: 0x8000cba8 (0x01269d33) sll     s10, a3, s2
core   0: 3 0x8000cba8 (0x01269d33) x26 0xaf000000
core   0: 0x8000cbac (0x03ce8c63) beq     t4, t3, pc + 56
core   0: 3 0x8000cbac (0x03ce8c63)
core   0: 0x8000cbb0 (0x79c60f97) auipc   t6, 0x79c60
core   0: 3 0x8000cbb0 (0x79c60f97) x31 0xf9c6cbb0
core   0: 0x8000cbb4 (0x2b2ee993) ori     s3, t4, 690
core   0: 3 0x8000cbb4 (0x2b2ee993) x19 0xfffffebf
core   0: 0x8000cbb8 (0xecba4393) xori    t2, s4, -309
core   0: 3 0x8000cbb8 (0xecba4393) x 7 0xfffffeca
core   0: 0x8000cbbc (0x01db5293) srli    t0, s6, 29
core   0: 3 0x8000cbbc (0x01db5293) x 5 0x00000000
core   0: 0x8000cbc0 (0x01313cb3) sltu    s9, sp, s3
core   0: 3 0x8000cbc0 (0x01313cb3) x25 0x00000001
core   0: 0x8000cbc4 (0x0000100f) fence.i
core   0: 3 0x8000cbc4 (0x0000100f)
core   0: 0x8000cbc8 (0x03864863) blt     a2, s8, pc + 48
core   0: 3 0x8000cbc8 (0x03864863)
core   0: 0x8000cbcc (0x016f0133) add     sp, t5, s6
core   0: 3 0x8000cbcc (0x016f0133) x 2 0x00000001
core   0: 0x8000cbd0 (0x0002be33) sltu    t3, t0, zero
core   0: 3 0x8000cbd0 (0x0002be33) x28 0x00000000
core   0: 0x8000cbd4 (0x41d701b3) sub     gp, a4, t4
core   0: 3 0x8000cbd4 (0x41d701b3) x 3 0x2b450341
core   0: 0x8000cbd8 (0x05a0d463) bge     ra, s10, pc + 72
core   0: 3 0x8000cbd8 (0x05a0d463)
core   0: 0x8000cc20 (0x6576c913) xori    s2, a3, 1623
core   0: 3 0x8000cc20 (0x6576c913) x18 0xfffffaf8
core   0: 0x8000cc24 (0x0ff0000f) fence   iorw,iorw
core   0: 3 0x8000cc24 (0x0ff0000f)
core   0: 0x8000cc28 (0x419250b3) sra     ra, tp, s9
core   0: 3 0x8000cc28 (0x419250b3) x 1 0x00000007
core   0: 0x8000cc2c (0x004a4ab3) xor     s5, s4, tp
core   0: 3 0x8000cc2c (0x004a4ab3) x21 0x0000000e
core   0: 0x8000cc30 (0x01b1d313) srli    t1, gp, 27
core   0: 3 0x8000cc30 (0x01b1d313) x 6 0x00000005
core   0: 0x8000cc34 (0x00bcb333) sltu    t1, s9, a1
core   0: 3 0x8000cc34 (0x00bcb333) x 6 0x00000001
core   0: 0x8000cc38 (0x033fc863) blt     t6, s3, pc + 48
core   0: 3 0x8000cc38 (0x033fc863)
core   0: 0x8000cc68 (0x034c7863) bgeu    s8, s4, pc + 48
core   0: 3 0x8000cc68 (0x034c7863)
core   0: 0x8000cc6c (0x41b0d513) srai    a0, ra, 27
core   0: 3 0x8000cc6c (0x41b0d513) x10 0x00000000
core   0: 0x8000cc70 (0x00087133) and     sp, a6, zero
core   0: 3 0x8000cc70 (0x00087133) x 2 0x00000000
core   0: 0x8000cc74 (0x75a46093) ori     ra, s0, 1882
core   0: 3 0x8000cc74 (0x75a46093) x 1 0x0000075a
core   0: 0x8000cc78 (0x02460863) beq     a2, tp, pc + 48
core   0: 3 0x8000cc78 (0x02460863)
core   0: 0x8000cc7c (0x03a6f463) bgeu    a3, s10, pc + 40
core   0: 3 0x8000cc7c (0x03a6f463)
core   0: 0x8000cca4 (0xb418c013) xori    zero, a7, -1215
core   0: 3 0x8000cca4 (0xb418c013)
core   0: 0x8000cca8 (0x40975a93) srai    s5, a4, 9
core   0: 3 0x8000cca8 (0x40975a93) x21 0x0015a280
core   0: 0x8000ccac (0x0ff0000f) fence   iorw,iorw
core   0: 3 0x8000ccac (0x0ff0000f)
core   0: 0x8000ccb0 (0x03608063) beq     ra, s6, pc + 32
core   0: 3 0x8000ccb0 (0x03608063)
core   0: 0x8000ccb4 (0x40b3db13) srai    s6, t2, 11
core   0: 3 0x8000ccb4 (0x40b3db13) x22 0xffffffff
core   0: 0x8000ccb8 (0x02f41663) bne     s0, a5, pc + 44
core   0: 3 0x8000ccb8 (0x02f41663)
core   0: 0x8000cce4 (0x005c8fb3) add     t6, s9, t0
core   0: 3 0x8000cce4 (0x005c8fb3) x31 0x00000001
core   0: 0x8000cce8 (0x00ccd093) srli    ra, s9, 12
core   0: 3 0x8000cce8 (0x00ccd093) x 1 0x00000000
core   0: 0x8000ccec (0x010e24b3) slt     s1, t3, a6
core   0: 3 0x8000ccec (0x010e24b3) x 9 0x00000000
core   0: 0x8000ccf0 (0x4123d493) srai    s1, t2, 18
core   0: 3 0x8000ccf0 (0x4123d493) x 9 0xffffffff
core   0: 0x8000ccf4 (0x40195293) srai    t0, s2, 1
core   0: 3 0x8000ccf4 (0x40195293) x 5 0xfffffd7c
core   0: 0x8000ccf8 (0x0000100f) fence.i
core   0: 3 0x8000ccf8 (0x0000100f)
core   0: 0x8000ccfc (0x002189b3) add     s3, gp, sp
core   0: 3 0x8000ccfc (0x002189b3) x19 0x2b450341
core   0: 0x8000cd00 (0x039b7063) bgeu    s6, s9, pc + 32
core   0: 3 0x8000cd00 (0x039b7063)
core   0: 0x8000cd20 (0x340afe37) lui     t3, 0x340af
core   0: 3 0x8000cd20 (0x340afe37) x28 0x340af000
core   0: 0x8000cd24 (0x409100b3) sub     ra, sp, s1
core   0: 3 0x8000cd24 (0x409100b3) x 1 0x00000001
core   0: 0x8000cd28 (0x419382b3) sub     t0, t2, s9
core   0: 3 0x8000cd28 (0x419382b3) x 5 0xfffffec9
core   0: 0x8000cd2c (0x0000ba17) auipc   s4, 0xb
core   0: 3 0x8000cd2c (0x0000ba17) x20 0x80017d2c
core   0: 0x8000cd30 (0x730a0a13) addi    s4, s4, 1840
core   0: 3 0x8000cd30 (0x730a0a13) x20 0x8001845c
core   0: 0x8000cd34 (0xff5a1d23) sh      s5, -6(s4)
core   0: 3 0x8000cd34 (0xff5a1d23) mem 0x80018456 0xa280
core   0: 0x8000cd38 (0x00007917) auipc   s2, 0x7
core   0: 3 0x8000cd38 (0x00007917) x18 0x80013d38
core   0: 0x8000cd3c (0x07690913) addi    s2, s2, 118
core   0: 3 0x8000cd3c (0x07690913) x18 0x80013dae
core   0: 0x8000cd40 (0xf6295f03) lhu     t5, -158(s2)
core   0: 3 0x8000cd40 (0xf6295f03) x30 0x0000435d mem 0x80013d10
core   0: 0x8000cd44 (0xf56904a3) sb      s6, -183(s2)
core   0: 3 0x8000cd44 (0xf56904a3) mem 0x80013cf7 0xff
core   0: 0x8000cd48 (0xfe2a0e03) lb      t3, -30(s4)
core   0: 3 0x8000cd48 (0xfe2a0e03) x28 0x00000000 mem 0x8001843e
core   0: 0x8000cd4c (0xfe190b03) lb      s6, -31(s2)
core   0: 3 0x8000cd4c (0xfe190b03) x22 0x00000054 mem 0x80013d8f
core   0: 0x8000cd50 (0x027a0083) lb      ra, 39(s4)
core   0: 3 0x8000cd50 (0x027a0083) x 1 0xffffffe1 mem 0x80018483
core   0: 0x8000cd54 (0xfe994d03) lbu     s10, -23(s2)
core   0: 3 0x8000cd54 (0xfe994d03) x26 0x00000082 mem 0x80013d97
core   0: 0x8000cd58 (0x02292b83) lw      s7, 34(s2)
core   0: 3 0x8000cd58 (0x02292b83) x23 0x14e80dd3 mem 0x80013dd0
core   0: 0x8000cd5c (0x0e590f83) lb      t6, 229(s2)
core   0: 3 0x8000cd5c (0x0e590f83) x31 0x00000040 mem 0x80013e93
core   0: 0x8000cd60 (0xf1095383) lhu     t2, -240(s2)
core   0: 3 0x8000cd60 (0xf1095383) x 7 0x0000cf8d mem 0x80013cbe
core   0: 0x8000cd64 (0xfd4a2b83) lw      s7, -44(s4)
core   0: 3 0x8000cd64 (0xfd4a2b83) x23 0xe4c15be8 mem 0x80018430
core   0: 0x8000cd68 (0xf0394e83) lbu     t4, -253(s2)
core   0: 3 0x8000cd68 (0xf0394e83) x29 0x000000aa mem 0x80013cb1
core   0: 0x8000cd6c (0x01fa0c03) lb      s8, 31(s4)
core   0: 3 0x8000cd6c (0x01fa0c03) x24 0x0000001a mem 0x8001847b
core   0: 0x8000cd70 (0x0e790f03) lb      t5, 231(s2)
core   0: 3 0x8000cd70 (0x0e790f03) x30 0x00000037 mem 0x80013e95
core   0: 0x8000cd74 (0xfeaa1923) sh      a0, -14(s4)
core   0: 3 0x8000cd74 (0xfeaa1923) mem 0x8001844e 0x0000
core   0: 0x8000cd78 (0xb135aa13) slti    s4, a1, -1261
core   0: 3 0x8000cd78 (0xb135aa13) x20 0x00000000
core   0: 0x8000cd7c (0x008db6b3) sltu    a3, s11, s0
core   0: 3 0x8000cd7c (0x008db6b3) x13 0x00000000
core   0: 0x8000cd80 (0x0386d663) bge     a3, s8, pc + 44
core   0: 3 0x8000cd80 (0x0386d663)
core   0: 0x8000cd84 (0x018d6e63) bltu    s10, s8, pc + 28
core   0: 3 0x8000cd84 (0x018d6e63)
core   0: 0x8000cd88 (0x019a0463) beq     s4, s9, pc + 8
core   0: 3 0x8000cd88 (0x019a0463)
core   0: 0x8000cd8c (0x035e5c63) bge     t3, s5, pc + 56
core   0: 3 0x8000cd8c (0x035e5c63)
core   0: 0x8000cd90 (0x2c5e7593) andi    a1, t3, 709
core   0: 3 0x8000cd90 (0x2c5e7593) x11 0x00000000
core   0: 0x8000cd94 (0xd1dd8013) addi    zero, s11, -739
core   0: 3 0x8000cd94 (0xd1dd8013)
core   0: 0x8000cd98 (0xb384f693) andi    a3, s1, -1224
core   0: 3 0x8000cd98 (0xb384f693) x13 0xfffffb38
core   0: 0x8000cd9c (0xac818513) addi    a0, gp, -1336
core   0: 3 0x8000cd9c (0xac818513) x10 0x2b44fe09
core   0: 0x8000cda0 (0x0000100f) fence.i
core   0: 3 0x8000cda0 (0x0000100f)
core   0: 0x8000cda4 (0x41ffd5b3) sra     a1, t6, t6
core   0: 3 0x8000cda4 (0x41ffd5b3) x11 0x00000040
core   0: 0x8000cda8 (0x0000100f) fence.i
core   0: 3 0x8000cda8 (0x0000100f)
core   0: 0x8000cdac (0x40fbd293) srai    t0, s7, 15
core   0: 3 0x8000cdac (0x40fbd293) x 5 0xffffc982
core   0: 0x8000cdb0 (0x00095c13) srli    s8, s2, 0
core   0: 3 0x8000cdb0 (0x00095c13) x24 0x80013dae
core   0: 0x8000cdb4 (0x09583093) sltiu   ra, a6, 149
core   0: 3 0x8000cdb4 (0x09583093) x 1 0x00000000
core   0: 0x8000cdb8 (0x01e81c33) sll     s8, a6, t5
core   0: 3 0x8000cdb8 (0x01e81c33) x24 0x00000000
core   0: 0x8000cdbc (0x00000013) nop
core   0: 3 0x8000cdbc (0x00000013)
core   0: 0x8000cdc0 (0x015f35b3) sltu    a1, t5, s5
core   0: 3 0x8000cdc0 (0x015f35b3) x11 0x00000001
core   0: 0x8000cdc4 (0x011e9213) slli    tp, t4, 17
core   0: 3 0x8000cdc4 (0x011e9213) x 4 0x01540000
core   0: 0x8000cdc8 (0xa5beb693) sltiu   a3, t4, -1445
core   0: 3 0x8000cdc8 (0xa5beb693) x13 0x00000001
core   0: 0x8000cdcc (0x00bb1c63) bne     s6, a1, pc + 24
core   0: 3 0x8000cdcc (0x00bb1c63)
core   0: 0x8000cde4 (0x038a5263) bge     s4, s8, pc + 36
core   0: 3 0x8000cde4 (0x038a5263)
core   0: 0x8000ce08 (0x38c98217) auipc   tp, 0x38c98
core   0: 3 0x8000ce08 (0x38c98217) x 4 0xb8ca4e08
core   0: 0x8000ce0c (0xe050e493) ori     s1, ra, -507
core   0: 3 0x8000ce0c (0xe050e493) x 9 0xfffffe05
core   0: 0x8000ce10 (0x003c3a33) sltu    s4, s8, gp
core   0: 3 0x8000ce10 (0x003c3a33) x20 0x00000001
core   0: 0x8000ce14 (0xc5786e93) ori     t4, a6, -937
core   0: 3 0x8000ce14 (0xc5786e93) x29 0xfffffc57
core   0: 0x8000ce18 (0xfb08e113) ori     sp, a7, -80
core   0: 3 0x8000ce18 (0xfb08e113) x 2 0xfffffff4
core   0: 0x8000ce1c (0x00725a63) bge     tp, t2, pc + 20
core   0: 3 0x8000ce1c (0x00725a63)
core   0: 0x8000ce20 (0x08ae8197) auipc   gp, 0x8ae8
core   0: 3 0x8000ce20 (0x08ae8197) x 3 0x88af4e20
core   0: 0x8000ce24 (0xbf9a3d13) sltiu   s10, s4, -1031
core   0: 3 0x8000ce24 (0xbf9a3d13) x26 0x00000001
core   0: 0x8000ce28 (0x9dfb20b7) lui     ra, 0x9dfb2
core   0: 3 0x8000ce28 (0x9dfb20b7) x 1 0x9dfb2000
core   0: 0x8000ce2c (0x032ffc63) bgeu    t6, s2, pc + 56
core   0: 3 0x8000ce2c (0x032ffc63)
core   0: 0x8000ce30 (0x00b31863) bne     t1, a1, pc + 16
core   0: 3 0x8000ce30 (0x00b31863)
core   0: 0x8000ce34 (0x00350033) add     zero, a0, gp
core   0: 3 0x8000ce34 (0x00350033)
core   0: 0x8000ce38 (0x411a56b3) sra     a3, s4, a7
core   0: 3 0x8000ce38 (0x411a56b3) x13 0x00000000
core   0: 0x8000ce3c (0x007b5d93) srli    s11, s6, 7
core   0: 3 0x8000ce3c (0x007b5d93) x27 0x00000000
core   0: 0x8000ce40 (0x01b2cb33) xor     s6, t0, s11
core   0: 3 0x8000ce40 (0x01b2cb33) x22 0xffffc982
core   0: 0x8000ce44 (0x00b46bb3) or      s7, s0, a1
core   0: 3 0x8000ce44 (0x00b46bb3) x23 0x00000001
core   0: 0x8000ce48 (0x01983933) sltu    s2, a6, s9
core   0: 3 0x8000ce48 (0x01983933) x18 0x00000000
core   0: 0x8000ce4c (0x70955f97) auipc   t6, 0x70955
core   0: 3 0x8000ce4c (0x70955f97) x31 0xf0961e4c
core   0: 0x8000ce50 (0x00754d33) xor     s10, a0, t2
core   0: 3 0x8000ce50 (0x00754d33) x26 0x2b443184
core   0: 0x8000ce54 (0x004eafb3) slt     t6, t4, tp
core   0: 3 0x8000ce54 (0x004eafb3) x31 0x00000000
core   0: 0x8000ce58 (0x01ab0863) beq     s6, s10, pc + 16
core   0: 3 0x8000ce58 (0x01ab0863)
core   0: 0x8000ce5c (0x00849433) sll     s0, s1, s0
core   0: 3 0x8000ce5c (0x00849433) x 8 0xfffffe05
core   0: 0x8000ce60 (0x0000100f) fence.i
core   0: 3 0x8000ce60 (0x0000100f)
core   0: 0x8000ce64 (0x00d5deb3) srl     t4, a1, a3
core   0: 3 0x8000ce64 (0x00d5deb3) x29 0x00000001
core   0: 0x8000ce68 (0x02d9ec63) bltu    s3, a3, pc + 56
core   0: 3 0x8000ce68 (0x02d9ec63)
core   0: 0x8000ce6c (0x40fcd433) sra     s0, s9, a5
core   0: 3 0x8000ce6c (0x40fcd433) x 8 0x00000000
core   0: 0x8000ce70 (0x0000100f) fence.i
core   0: 3 0x8000ce70 (0x0000100f)
core   0: 0x8000ce74 (0x02321663) bne     tp, gp, pc + 44
core   0: 3 0x8000ce74 (0x02321663)
core   0: 0x8000cea0 (0x0148bc33) sltu    s8, a7, s4
core   0: 3 0x8000cea0 (0x0148bc33) x24 0x00000000
core   0: 0x8000cea4 (0x02d44863) blt     s0, a3, pc + 48
core   0: 3 0x8000cea4 (0x02d44863)
core   0: 0x8000cea8 (0x005c9433) sll     s0, s9, t0
core   0: 3 0x8000cea8 (0x005c9433) x 8 0x00000004
core   0: 0x8000ceac (0x03f66263) bltu    a2, t6, pc + 36
core   0: 3 0x8000ceac (0x03f66263)
core   0: 0x8000ceb0 (0x98893093) sltiu   ra, s2, -1656
core   0: 3 0x8000ceb0 (0x98893093) x 1 0x00000001
core   0: 0x8000ceb4 (0x0ff0000f) fence   iorw,iorw
core   0: 3 0x8000ceb4 (0x0ff0000f)
core   0: 0x8000ceb8 (0x00000013) nop
core   0: 3 0x8000ceb8 (0x00000013)
core   0: 0x8000cebc (0x00d44033) xor     zero, s0, a3
core   0: 3 0x8000cebc (0x00d44033)
core   0: 0x8000cec0 (0x41790333) sub     t1, s2, s7
core   0: 3 0x8000cec0 (0x41790333) x 6 0xffffffff
core   0: 0x8000cec4 (0x022f4a63) blt     t5, sp, pc + 52
core   0: 3 0x8000cec4 (0x022f4a63)
core   0: 0x8000cec8 (0x417f5093) srai    ra, t5, 23
core   0: 3 0x8000cec8 (0x417f5093) x 1 0x00000000
core   0: 0x8000cecc (0x01c01313) slli    t1, zero, 28
core   0: 3 0x8000cecc (0x01c01313) x 6 0x00000000
core   0: 0x8000ced0 (0x510c3e37) lui     t3, 0x510c3
core   0: 3 0x8000ced0 (0x510c3e37) x28 0x510c3000
core   0: 0x8000ced4 (0xeab18b93) addi    s7, gp, -341
core   0: 3 0x8000ced4 (0xeab18b93) x23 0x88af4ccb
core   0: 0x8000ced8 (0x0285f863) bgeu    a1, s0, pc + 48
core   0: 3 0x8000ced8 (0x0285f863)
core   0: 0x8000cedc (0xc9557113) andi    sp, a0, -875
core   0: 3 0x8000cedc (0xc9557113) x 2 0x2b44fc01
core   0: 0x8000cee0 (0x0000100f) fence.i
core   0: 3 0x8000cee0 (0x0000100f)
core   0: 0x8000cee4 (0x4116d393) srai    t2, a3, 17
core   0: 3 0x8000cee4 (0x4116d393) x 7 0x00000000
core   0: 0x8000cee8 (0x0e98c213) xori    tp, a7, 233
core   0: 3 0x8000cee8 (0x0e98c213) x 4 0x8002cc0d
core   0: 0x8000ceec (0x02c47c63) bgeu    s0, a2, pc + 56
core   0: 3 0x8000ceec (0x02c47c63)
core   0: 0x8000cef0 (0x0ff0000f) fence   iorw,iorw
core   0: 3 0x8000cef0 (0x0ff0000f)
core   0: 0x8000cef4 (0x00c1d463) bge     gp, a2, pc + 8
core   0: 3 0x8000cef4 (0x00c1d463)
core   0: 0x8000cef8 (0x02314063) blt     sp, gp, pc + 32
core   0: 3 0x8000cef8 (0x02314063)
core   0: 0x8000cefc (0x04806463) bltu    zero, s0, pc + 72
core   0: 3 0x8000cefc (0x04806463)
core   0: 0x8000cf44 (0x02fd9263) bne     s11, a5, pc + 36
core   0: 3 0x8000cf44 (0x02fd9263)
core   0: 0x8000cf68 (0x001e8863) beq     t4, ra, pc + 16
core   0: 3 0x8000cf68 (0x001e8863)
core   0: 0x8000cf6c (0x0378e863) bltu    a7, s7, pc + 48
core   0: 3 0x8000cf6c (0x0378e863)
core   0: 0x8000cf9c (0xbe7c7d93) andi    s11, s8, -1049
core   0: 3 0x8000cf9c (0xbe7c7d93) x27 0x00000000
core   0: 0x8000cfa0 (0x03126463) bltu    tp, a7, pc + 40
core   0: 3 0x8000cfa0 (0x03126463)
core   0: 0x8000cfc8 (0xca3c6c93) ori     s9, s8, -861
core   0: 3 0x8000cfc8 (0xca3c6c93) x25 0xfffffca3
core   0: 0x8000cfcc (0x052be463) bltu    s7, s2, pc + 72
core   0: 3 0x8000cfcc (0x052be463)
core   0: 0x8000cfd0 (0x00000013) nop
core   0: 3 0x8000cfd0 (0x00000013)
core   0: 0x8000cfd4 (0x9fc88913) addi    s2, a7, -1540
core   0: 3 0x8000cfd4 (0x9fc88913) x18 0x8002c6e0
core   0: 0x8000cfd8 (0x018b7eb3) and     t4, s6, s8
core   0: 3 0x8000cfd8 (0x018b7eb3) x29 0x00000000
core   0: 0x8000cfdc (0x4138e093) ori     ra, a7, 1043
core   0: 3 0x8000cfdc (0x4138e093) x 1 0x8002ccf7
core   0: 0x8000cfe0 (0x013ded33) or      s10, s11, s3
core   0: 3 0x8000cfe0 (0x013ded33) x26 0x2b450341
core   0: 0x8000cfe4 (0x01358d33) add     s10, a1, s3
core   0: 3 0x8000cfe4 (0x01358d33) x26 0x2b450342
core   0: 0x8000cfe8 (0x0ff0000f) fence   iorw,iorw
core   0: 3 0x8000cfe8 (0x0ff0000f)
core   0: 0x8000cfec (0x005111b3) sll     gp, sp, t0
core   0: 3 0x8000cfec (0x005111b3) x 3 0xad13f004
core   0: 0x8000cff0 (0x00f22f33) slt     t5, tp, a5
core   0: 3 0x8000cff0 (0x00f22f33) x30 0x00000000
core   0: 0x8000cff4 (0x6b453213) sltiu   tp, a0, 1716
core   0: 3 0x8000cff4 (0x6b453213) x 4 0x00000000
core   0: 0x8000cff8 (0x407e5a93) srai    s5, t3, 7
core   0: 3 0x8000cff8 (0x407e5a93) x21 0x00a21860
core   0: 0x8000cffc (0x4197dc93) srai    s9, a5, 25
core   0: 3 0x8000cffc (0x4197dc93) x25 0xffffffc0
core   0: 0x8000d000 (0x01585a13) srli    s4, a6, 21
core   0: 3 0x8000d000 (0x01585a13) x20 0x00000400
core   0: 0x8000d004 (0xaca5c993) xori    s3, a1, -1334
core   0: 3 0x8000d004 (0xaca5c993) x19 0xfffffacb
core   0: 0x8000d008 (0x5d808c93) addi    s9, ra, 1496
core   0: 3 0x8000d008 (0x5d808c93) x25 0x8002d2cf
core   0: 0x8000d00c (0x000a0d33) add     s10, s4, zero
core   0: 3 0x8000d00c (0x000a0d33) x26 0x00000400
core   0: 0x8000d010 (0x21836413) ori     s0, t1, 536
core   0: 3 0x8000d010 (0x21836413) x 8 0x00000218
core   0: 0x8000d014 (0x034df863) bgeu    s11, s4, pc + 48
core   0: 3 0x8000d014 (0x034df863)
core   0: 0x8000d018 (0xc6b1fb93) andi    s7, gp, -917
core   0: 3 0x8000d018 (0xc6b1fb93) x23 0xad13f000
core   0: 0x8000d01c (0x010a0d33) add     s10, s4, a6
core   0: 3 0x8000d01c (0x010a0d33) x26 0x80000400
core   0: 0x8000d020 (0x00b5dc63) bge     a1, a1, pc + 24
core   0: 3 0x8000d020 (0x00b5dc63)
core   0: 0x8000d038 (0x41addf13) srai    t5, s11, 26
core   0: 3 0x8000d038 (0x41addf13) x30 0x00000000
core   0: 0x8000d03c (0x0000100f) fence.i
core   0: 3 0x8000d03c (0x0000100f)
core   0: 0x8000d040 (0x01288eb3) add     t4, a7, s2
core   0: 3 0x8000d040 (0x01288eb3) x29 0x000593c4
core   0: 0x8000d044 (0x531c7193) andi    gp, s8, 1329
core   0: 3 0x8000d044 (0x531c7193) x 3 0x00000000
core   0: 0x8000d048 (0x0242ec63) bltu    t0, tp, pc + 56
core   0: 3 0x8000d048 (0x0242ec63)
core   0: 0x8000d04c (0x004dce63) blt     s11, tp, pc + 28
core   0: 3 0x8000d04c (0x004dce63)
core   0: 0x8000d050 (0xe4162237) lui     tp, 0xe4162
core   0: 3 0x8000d050 (0xe4162237) x 4 0xe4162000
core   0: 0x8000d054 (0x01c6ff33) and     t5, a3, t3
core   0: 3 0x8000d054 (0x01c6ff33) x30 0x00000000
core   0: 0x8000d058 (0x41918d33) sub     s10, gp, s9
core   0: 3 0x8000d058 (0x41918d33) x26 0x7ffd2d31
core   0: 0x8000d05c (0x40eb89b3) sub     s3, s7, a4
core   0: 3 0x8000d05c (0x40eb89b3) x19 0x81cef000
core   0: 0x8000d060 (0x2cb10693) addi    a3, sp, 715
core   0: 3 0x8000d060 (0x2cb10693) x13 0x2b44fecc
core   0: 0x8000d064 (0x4fb97513) andi    a0, s2, 1275
core   0: 3 0x8000d064 (0x4fb97513) x10 0x000004e0
core   0: 0x8000d068 (0x012895b3) sll     a1, a7, s2
core   0: 3 0x8000d068 (0x012895b3) x11 0x8002cce4
core   0: 0x8000d06c (0x00aa5c63) bge     s4, a0, pc + 24
core   0: 3 0x8000d06c (0x00aa5c63)
core   0: 0x8000d070 (0x41b5d713) srai    a4, a1, 27
core   0: 3 0x8000d070 (0x41b5d713) x14 0xfffffff0
core   0: 0x8000d074 (0x41cfd033) sra     zero, t6, t3
core   0: 3 0x8000d074 (0x41cfd033)
core   0: 0x8000d078 (0xc55b4e93) xori    t4, s6, -939
core   0: 3 0x8000d078 (0xc55b4e93) x29 0x000035d7
core   0: 0x8000d07c (0x01ca1b13) slli    s6, s4, 28
core   0: 3 0x8000d07c (0x01ca1b13) x22 0x00000000
core   0: 0x8000d080 (0x561ca437) lui     s0, 0x561ca
core   0: 3 0x8000d080 (0x561ca437) x 8 0x561ca000
core   0: 0x8000d084 (0x00a7e863) bltu    a5, a0, pc + 16
core   0: 3 0x8000d084 (0x00a7e863)
core   0: 0x8000d088 (0x01aeb3b3) sltu    t2, t4, s10
core   0: 3 0x8000d088 (0x01aeb3b3) x 7 0x00000001
core   0: 0x8000d08c (0x032e0863) beq     t3, s2, pc + 48
core   0: 3 0x8000d08c (0x032e0863)
core   0: 0x8000d090 (0x01fa9433) sll     s0, s5, t6
core   0: 3 0x8000d090 (0x01fa9433) x 8 0x00a21860
core   0: 0x8000d094 (0x010e1c13) slli    s8, t3, 16
core   0: 3 0x8000d094 (0x010e1c13) x24 0x30000000
core   0: 0x8000d098 (0x02231a63) bne     t1, sp, pc + 52
core   0: 3 0x8000d098 (0x02231a63)
core   0: 0x8000d0cc (0x01e034b3) snez    s1, t5
core   0: 3 0x8000d0cc (0x01e034b3) x 9 0x00000000
core   0: 0x8000d0d0 (0x0006a6b3) slt     a3, a3, zero
core   0: 3 0x8000d0d0 (0x0006a6b3) x13 0x00000000
core   0: 0x8000d0d4 (0x001fc5b3) xor     a1, t6, ra
core   0: 3 0x8000d0d4 (0x001fc5b3) x11 0x8002ccf7
core   0: 0x8000d0d8 (0x8e707613) andi    a2, zero, -1817
core   0: 3 0x8000d0d8 (0x8e707613) x12 0x00000000
core   0: 0x8000d0dc (0x01b86a63) bltu    a6, s11, pc + 20
core   0: 3 0x8000d0dc (0x01b86a63)
core   0: 0x8000d0e0 (0x01aa8233) add     tp, s5, s10
core   0: 3 0x8000d0e0 (0x01aa8233) x 4 0x809f4591
core   0: 0x8000d0e4 (0x005e1d33) sll     s10, t3, t0
core   0: 3 0x8000d0e4 (0x005e1d33) x26 0x4430c000
core   0: 0x8000d0e8 (0x37230b93) addi    s7, t1, 882
core   0: 3 0x8000d0e8 (0x37230b93) x23 0x00000372
core   0: 0x8000d0ec (0x00000013) nop
core   0: 3 0x8000d0ec (0x00000013)
core   0: 0x8000d0f0 (0x411c5d33) sra     s10, s8, a7
core   0: 3 0x8000d0f0 (0x411c5d33) x26 0x03000000
core   0: 0x8000d0f4 (0x41974313) xori    t1, a4, 1049
core   0: 3 0x8000d0f4 (0x41974313) x 6 0xfffffbe9
core   0: 0x8000d0f8 (0x009af433) and     s0, s5, s1
core   0: 3 0x8000d0f8 (0x009af433) x 8 0x00000000
core   0: 0x8000d0fc (0xe9e02193) slti    gp, zero, -354
core   0: 3 0x8000d0fc (0xe9e02193) x 3 0x00000000
core   0: 0x8000d100 (0x1db02193) slti    gp, zero, 475
core   0: 3 0x8000d100 (0x1db02193) x 3 0x00000001
core   0: 0x8000d104 (0x4177d213) srai    tp, a5, 23
core   0: 3 0x8000d104 (0x4177d213) x 4 0xffffff00
core   0: 0x8000d108 (0x417fd693) srai    a3, t6, 23
core   0: 3 0x8000d108 (0x417fd693) x13 0x00000000
core   0: 0x8000d10c (0x80b61e97) auipc   t4, 0x80b61
core   0: 3 0x8000d10c (0x80b61e97) x29 0x00b6e10c
core   0: 0x8000d110 (0xb9840993) addi    s3, s0, -1128
core   0: 3 0x8000d110 (0xb9840993) x19 0xfffffb98
core   0: 0x8000d114 (0x02209463) bne     ra, sp, pc + 40
core   0: 3 0x8000d114 (0x02209463)
core   0: 0x8000d13c (0x0034de13) srli    t3, s1, 3
core   0: 3 0x8000d13c (0x0034de13) x28 0x00000000
core   0: 0x8000d140 (0x8eaa7393) andi    t2, s4, -1814
core   0: 3 0x8000d140 (0x8eaa7393) x 7 0x00000000
core   0: 0x8000d144 (0x03eee263) bltu    t4, t5, pc + 36
core   0: 3 0x8000d144 (0x03eee263)
core   0: 0x8000d148 (0x0199fab3) and     s5, s3, s9
core   0: 3 0x8000d148 (0x0199fab3) x21 0x8002d288
core   0: 0x8000d14c (0x00af4733) xor     a4, t5, a0
core   0: 3 0x8000d14c (0x00af4733) x14 0x000004e0
core   0: 0x8000d150 (0x11496a63) bltu    s2, s4, pc + 276
core   0: 3 0x8000d150 (0x11496a63)
core   0: 0x8000d154 (0xe9ea7eb7) lui     t4, 0xe9ea7
core   0: 3 0x8000d154 (0xe9ea7eb7) x29 0xe9ea7000
core   0: 0x8000d158 (0x2468ff93) andi    t6, a7, 582
core   0: 3 0x8000d158 (0x2468ff93) x31 0x00000044
core   0: 0x8000d15c (0x00db1033) sll     zero, s6, a3
core   0: 3 0x8000d15c (0x00db1033)
core   0: 0x8000d160 (0xa2959937) lui     s2, 0xa2959
core   0: 3 0x8000d160 (0xa2959937) x18 0xa2959000
core   0: 0x8000d164 (0x10e96e63) bltu    s2, a4, pc + 284
core   0: 3 0x8000d164 (0x10e96e63)
core   0: 0x8000d168 (0x0ead5663) bge     s10, a0, pc + 236
core   0: 3 0x8000d168 (0x0ead5663)
core   0: 0x8000d254 (0x00000013) nop
core   0: 3 0x8000d254 (0x00000013)
core   0: 0x8000d258 (0x00a5de33) srl     t3, a1, a0
core   0: 3 0x8000d258 (0x00a5de33) x28 0x8002ccf7
core   0: 0x8000d25c (0x3d77bb93) sltiu   s7, a5, 983
core   0: 3 0x8000d25c (0x3d77bb93) x23 0x00000000
core   0: 0x8000d260 (0x00000013) nop
core   0: 3 0x8000d260 (0x00000013)
core   0: 0x8000d264 (0x00000013) nop
core   0: 3 0x8000d264 (0x00000013)
core   0: 0x8000d268 (0x03288063) beq     a7, s2, pc + 32
core   0: 3 0x8000d268 (0x03288063)
core   0: 0x8000d26c (0x018f65b3) or      a1, t5, s8
core   0: 3 0x8000d26c (0x018f65b3) x11 0x30000000
core   0: 0x8000d270 (0x00eec863) blt     t4, a4, pc + 16
core   0: 3 0x8000d270 (0x00eec863)
core   0: 0x8000d280 (0x007bf3b3) and     t2, s7, t2
core   0: 3 0x8000d280 (0x007bf3b3) x 7 0x00000000
core   0: 0x8000d284 (0x01c1ae33) slt     t3, gp, t3
core   0: 3 0x8000d284 (0x01c1ae33) x28 0x00000000
core   0: 0x8000d288 (0x039cc263) blt     s9, s9, pc + 36
core   0: 3 0x8000d288 (0x039cc263)
core   0: 0x8000d28c (0x9704c713) xori    a4, s1, -1680
core   0: 3 0x8000d28c (0x9704c713) x14 0xfffff970
core   0: 0x8000d290 (0x1734e513) ori     a0, s1, 371
core   0: 3 0x8000d290 (0x1734e513) x10 0x00000173
core   0: 0x8000d294 (0x01b21d93) slli    s11, tp, 27
core   0: 3 0x8000d294 (0x01b21d93) x27 0x00000000
core   0: 0x8000d298 (0x013a8333) add     t1, s5, s3
core   0: 3 0x8000d298 (0x013a8333) x 6 0x8002ce20
core   0: 0x8000d29c (0x02c01863) bne     zero, a2, pc + 48
core   0: 3 0x8000d29c (0x02c01863)
core   0: 0x8000d2a0 (0x3c5e2413) slti    s0, t3, 965
core   0: 3 0x8000d2a0 (0x3c5e2413) x 8 0x00000001
core   0: 0x8000d2a4 (0x018f3c33) sltu    s8, t5, s8
core   0: 3 0x8000d2a4 (0x018f3c33) x24 0x00000001
core   0: 0x8000d2a8 (0x402c85b3) sub     a1, s9, sp
core   0: 3 0x8000d2a8 (0x402c85b3) x11 0x54bdd6ce
core   0: 0x8000d2ac (0x00000013) nop
core   0: 3 0x8000d2ac (0x00000013)
core   0: 0x8000d2b0 (0xd1028093) addi    ra, t0, -752
core   0: 3 0x8000d2b0 (0xd1028093) x 1 0xffffc692
core   0: 0x8000d2b4 (0x017d5393) srli    t2, s10, 23
core   0: 3 0x8000d2b4 (0x017d5393) x 7 0x00000006
core   0: 0x8000d2b8 (0xfef97693) andi    a3, s2, -17
core   0: 3 0x8000d2b8 (0xfef97693) x13 0xa2959000
core   0: 0x8000d2bc (0x03b01c63) bne     zero, s11, pc + 56
core   0: 3 0x8000d2bc (0x03b01c63)
core   0: 0x8000d2c0 (0x41065213) srai    tp, a2, 16
core   0: 3 0x8000d2c0 (0x41065213) x 4 0x00000000
core   0: 0x8000d2c4 (0x0ff0000f) fence   iorw,iorw
core   0: 3 0x8000d2c4 (0x0ff0000f)
core   0: 0x8000d2c8 (0x00cc22b3) slt     t0, s8, a2
core   0: 3 0x8000d2c8 (0x00cc22b3) x 5 0x00000000
core   0: 0x8000d2cc (0x02f9f663) bgeu    s3, a5, pc + 44
core   0: 3 0x8000d2cc (0x02f9f663)
core   0: 0x8000d2f8 (0x00063333) sltu    t1, a2, zero
core   0: 3 0x8000d2f8 (0x00063333) x 6 0x00000000
core   0: 0x8000d2fc (0x0242f063) bgeu    t0, tp, pc + 32
core   0: 3 0x8000d2fc (0x0242f063)
core   0: 0x8000d31c (0x002b99b3) sll     s3, s7, sp
core   0: 3 0x8000d31c (0x002b99b3) x19 0x00000000
core   0: 0x8000d320 (0x00add733) srl     a4, s11, a0
core   0: 3 0x8000d320 (0x00add733) x14 0x00000000
core   0: 0x8000d324 (0x027bcc63) blt     s7, t2, pc + 56
core   0: 3 0x8000d324 (0x027bcc63)
core   0: 0x8000d35c (0x0e472013) slti    zero, a4, 228
core   0: 3 0x8000d35c (0x0e472013)
core   0: 0x8000d360 (0x5e5fb293) sltiu   t0, t6, 1509
core   0: 3 0x8000d360 (0x5e5fb293) x 5 0x00000001
core   0: 0x8000d364 (0x31777e93) andi    t4, a4, 791
core   0: 3 0x8000d364 (0x31777e93) x29 0x00000000
core   0: 0x8000d368 (0x66cff293) andi    t0, t6, 1644
core   0: 3 0x8000d368 (0x66cff293) x 5 0x00000044
core   0: 0x8000d36c (0x01ef5233) srl     tp, t5, t5
core   0: 3 0x8000d36c (0x01ef5233) x 4 0x00000000
core   0: 0x8000d370 (0x01c055b3) srl     a1, zero, t3
core   0: 3 0x8000d370 (0x01c055b3) x11 0x00000000
core   0: 0x8000d374 (0x006e1393) slli    t2, t3, 6
core   0: 3 0x8000d374 (0x006e1393) x 7 0x00000000
core   0: 0x8000d378 (0x905920b7) lui     ra, 0x90592
core   0: 3 0x8000d378 (0x905920b7) x 1 0x90592000
core   0: 0x8000d37c (0x6c4863b7) lui     t2, 0x6c486
core   0: 3 0x8000d37c (0x6c4863b7) x 7 0x6c486000
core   0: 0x8000d380 (0x0000100f) fence.i
core   0: 3 0x8000d380 (0x0000100f)
core   0: 0x8000d384 (0x00eb03b3) add     t2, s6, a4
core   0: 3 0x8000d384 (0x00eb03b3) x 7 0x00000000
core   0: 0x8000d388 (0x8854c313) xori    t1, s1, -1915
core   0: 3 0x8000d388 (0x8854c313) x 6 0xfffff885
core   0: 0x8000d38c (0x0ff0000f) fence   iorw,iorw
core   0: 3 0x8000d38c (0x0ff0000f)
core   0: 0x8000d390 (0x02126c63) bltu    tp, ra, pc + 56
core   0: 3 0x8000d390 (0x02126c63)
core   0: 0x8000d3c8 (0x01969033) sll     zero, a3, s9
core   0: 3 0x8000d3c8 (0x01969033)
core   0: 0x8000d3cc (0x418284b3) sub     s1, t0, s8
core   0: 3 0x8000d3cc (0x418284b3) x 9 0x00000043
core   0: 0x8000d3d0 (0x418f5413) srai    s0, t5, 24
core   0: 3 0x8000d3d0 (0x418f5413) x 8 0x00000000
core   0: 0x8000d3d4 (0x41be8bb3) sub     s7, t4, s11
core   0: 3 0x8000d3d4 (0x41be8bb3) x23 0x00000000
core   0: 0x8000d3d8 (0x02f3f063) bgeu    t2, a5, pc + 32
core   0: 3 0x8000d3d8 (0x02f3f063)
core   0: 0x8000d3dc (0x27223a13) sltiu   s4, tp, 626
core   0: 3 0x8000d3dc (0x27223a13) x20 0x00000001
core   0: 0x8000d3e0 (0xefd5c5b7) lui     a1, 0xefd5c
core   0: 3 0x8000d3e0 (0xefd5c5b7) x11 0xefd5c000
core   0: 0x8000d3e4 (0x03474463) blt     a4, s4, pc + 40
core   0: 3 0x8000d3e4 (0x03474463)
core   0: 0x8000d40c (0xd466f293) andi    t0, a3, -698
core   0: 3 0x8000d40c (0xd466f293) x 5 0xa2959000
core   0: 0x8000d410 (0x00891d93) slli    s11, s2, 8
core   0: 3 0x8000d410 (0x00891d93) x27 0x95900000
core   0: 0x8000d414 (0x4b071a97) auipc   s5, 0x4b071
core   0: 3 0x8000d414 (0x4b071a97) x21 0xcb07e414
core   0: 0x8000d418 (0xac842093) slti    ra, s0, -1336
core   0: 3 0x8000d418 (0xac842093) x 1 0x00000000
core   0: 0x8000d41c (0x0000dd33) srl     s10, ra, zero
core   0: 3 0x8000d41c (0x0000dd33) x26 0x00000000
core   0: 0x8000d420 (0x5a47ca37) lui     s4, 0x5a47c
core   0: 3 0x8000d420 (0x5a47ca37) x20 0x5a47c000
core   0: 0x8000d424 (0x02d20c63) beq     tp, a3, pc + 56
core   0: 3 0x8000d424 (0x02d20c63)
core   0: 0x8000d428 (0x00000013) nop
core   0: 3 0x8000d428 (0x00000013)
core   0: 0x8000d42c (0x2d0d2b13) slti    s6, s10, 720
core   0: 3 0x8000d42c (0x2d0d2b13) x22 0x00000001
core   0: 0x8000d430 (0x004b4863) blt     s6, tp, pc + 16
core   0: 3 0x8000d430 (0x004b4863)
core   0: 0x8000d434 (0x945be613) ori     a2, s7, -1723
core   0: 3 0x8000d434 (0x945be613) x12 0xfffff945
core   0: 0x8000d438 (0x008ee463) bltu    t4, s0, pc + 8
core   0: 3 0x8000d438 (0x008ee463)
core   0: 0x8000d43c (0x01bcef33) or      t5, s9, s11
core   0: 3 0x8000d43c (0x01bcef33) x30 0x9592d2cf
core   0: 0x8000d440 (0xcffc8697) auipc   a3, 0xcffc8
core   0: 3 0x8000d440 (0xcffc8697) x13 0x4ffd5440
core   0: 0x8000d444 (0x0000100f) fence.i
core   0: 3 0x8000d444 (0x0000100f)
core   0: 0x8000d448 (0x01ddbfb3) sltu    t6, s11, t4
core   0: 3 0x8000d448 (0x01ddbfb3) x31 0x00000000
core   0: 0x8000d44c (0x01c36233) or      tp, t1, t3
core   0: 3 0x8000d44c (0x01c36233) x 4 0xfffff885
core   0: 0x8000d450 (0x00a1b733) sltu    a4, gp, a0
core   0: 3 0x8000d450 (0x00a1b733) x14 0x00000001
core   0: 0x8000d454 (0x00ca1093) slli    ra, s4, 12
core   0: 3 0x8000d454 (0x00ca1093) x 1 0x7c000000
core   0: 0x8000d458 (0x40705a13) srai    s4, zero, 7
core   0: 3 0x8000d458 (0x40705a13) x20 0x00000000
core   0: 0x8000d45c (0x029c0263) beq     s8, s1, pc + 36
core   0: 3 0x8000d45c (0x029c0263)
core   0: 0x8000d460 (0x01fbd233) srl     tp, s7, t6
core   0: 3 0x8000d460 (0x01fbd233) x 4 0x00000000
core   0: 0x8000d464 (0x0000100f) fence.i
core   0: 3 0x8000d464 (0x0000100f)
core   0: 0x8000d468 (0xfcd3a093) slti    ra, t2, -51
core   0: 3 0x8000d468 (0xfcd3a093) x 1 0x00000000
core   0: 0x8000d46c (0xffaab037) lui     zero, 0xffaab
core   0: 3 0x8000d46c (0xffaab037)
core   0: 0x8000d470 (0x02bb9263) bne     s7, a1, pc + 36
core   0: 3 0x8000d470 (0x02bb9263)
core   0: 0x8000d494 (0x6686a393) slti    t2, a3, 1640
core   0: 3 0x8000d494 (0x6686a393) x 7 0x00000000
core   0: 0x8000d498 (0x0033e2b3) or      t0, t2, gp
core   0: 3 0x8000d498 (0x0033e2b3) x 5 0x00000001
core   0: 0x8000d49c (0x41a98033) sub     zero, s3, s10
core   0: 3 0x8000d49c (0x41a98033)
core   0: 0x8000d4a0 (0x9e733c13) sltiu   s8, t1, -1561
core   0: 3 0x8000d4a0 (0x9e733c13) x24 0x00000001
core   0: 0x8000d4a4 (0x016a8333) add     t1, s5, s6
core   0: 3 0x8000d4a4 (0x016a8333) x 6 0xcb07e415
core   0: 0x8000d4a8 (0x0370cc63) blt     ra, s7, pc + 56
core   0: 3 0x8000d4a8 (0x0370cc63)
core   0: 0x8000d4ac (0x0107adb3) slt     s11, a5, a6
core   0: 3 0x8000d4ac (0x0107adb3) x27 0x00000000
core   0: 0x8000d4b0 (0x40d952b3) sra     t0, s2, a3
core   0: 3 0x8000d4b0 (0x40d952b3) x 5 0xa2959000
core   0: 0x8000d4b4 (0x0ff0000f) fence   iorw,iorw
core   0: 3 0x8000d4b4 (0x0ff0000f)
core   0: 0x8000d4b8 (0x012a1c33) sll     s8, s4, s2
core   0: 3 0x8000d4b8 (0x012a1c33) x24 0x00000000
core   0: 0x8000d4bc (0x0294da17) auipc   s4, 0x294d
core   0: 3 0x8000d4bc (0x0294da17) x20 0x8295a4bc
core   0: 0x8000d4c0 (0x00000013) nop
core   0: 3 0x8000d4c0 (0x00000013)
core   0: 0x8000d4c4 (0xda2f2413) slti    s0, t5, -606
core   0: 3 0x8000d4c4 (0xda2f2413) x 8 0x00000001
core   0: 0x8000d4c8 (0x412cd413) srai    s0, s9, 18
core   0: 3 0x8000d4c8 (0x412cd413) x 8 0xffffe000
core   0: 0x8000d4cc (0x034d9863) bne     s11, s4, pc + 48
core   0: 3 0x8000d4cc (0x034d9863)
core   0: 0x8000d4fc (0xbc292413) slti    s0, s2, -1086
core   0: 3 0x8000d4fc (0xbc292413) x 8 0x00000001
core   0: 0x8000d500 (0x41d85713) srai    a4, a6, 29
core   0: 3 0x8000d500 (0x41d85713) x14 0xfffffffc
core   0: 0x8000d504 (0x0ff0000f) fence   iorw,iorw
core   0: 3 0x8000d504 (0x0ff0000f)
core   0: 0x8000d508 (0x01923033) sltu    zero, tp, s9
core   0: 3 0x8000d508 (0x01923033)
core   0: 0x8000d50c (0x01ad21b3) slt     gp, s10, s10
core   0: 3 0x8000d50c (0x01ad21b3) x 3 0x00000000
core   0: 0x8000d510 (0x00d50bb3) add     s7, a0, a3
core   0: 3 0x8000d510 (0x00d50bb3) x23 0x4ffd55b3
core   0: 0x8000d514 (0x0052d113) srli    sp, t0, 5
core   0: 3 0x8000d514 (0x0052d113) x 2 0x0514ac80
core   0: 0x8000d518 (0x01f61993) slli    s3, a2, 31
core   0: 3 0x8000d518 (0x01f61993) x19 0x80000000
core   0: 0x8000d51c (0xfa10b093) sltiu   ra, ra, -95
core   0: 3 0x8000d51c (0xfa10b093) x 1 0x00000001
core   0: 0x8000d520 (0x00485393) srli    t2, a6, 4
core   0: 3 0x8000d520 (0x00485393) x 7 0x08000000
core   0: 0x8000d524 (0x48310017) auipc   zero, 0x48310
core   0: 3 0x8000d524 (0x48310017)
core   0: 0x8000d528 (0x000056b3) srl     a3, zero, zero
core   0: 3 0x8000d528 (0x000056b3) x13 0x00000000
core   0: 0x8000d52c (0xec480b93) addi    s7, a6, -316
core   0: 3 0x8000d52c (0xec480b93) x23 0x7ffffec4
core   0: 0x8000d530 (0x842be493) ori     s1, s7, -1982
core   0: 3 0x8000d530 (0x842be493) x 9 0xfffffec6
core   0: 0x8000d534 (0xfe977437) lui     s0, 0xfe977
core   0: 3 0x8000d534 (0xfe977437) x 8 0xfe977000
core   0: 0x8000d538 (0x01039713) slli    a4, t2, 16
core   0: 3 0x8000d538 (0x01039713) x14 0x00000000
core   0: 0x8000d53c (0x0ff0000f) fence   iorw,iorw
core   0: 3 0x8000d53c (0x0ff0000f)
core   0: 0x8000d540 (0x0000100f) fence.i
core   0: 3 0x8000d540 (0x0000100f)
core   0: 0x8000d544 (0xbbd5b313) sltiu   t1, a1, -1091
core   0: 3 0x8000d544 (0xbbd5b313) x 6 0x00000001
core   0: 0x8000d548 (0x0116c0b3) xor     ra, a3, a7
core   0: 3 0x8000d548 (0x0116c0b3) x 1 0x8002cce4
core   0: 0x8000d54c (0x0020d0b3) srl     ra, ra, sp
core   0: 3 0x8000d54c (0x0020d0b3) x 1 0x8002cce4
core   0: 0x8000d550 (0x40725f13) srai    t5, tp, 7
core   0: 3 0x8000d550 (0x40725f13) x30 0x00000000
core   0: 0x8000d554 (0x1ff5b317) auipc   t1, 0x1ff5b
core   0: 3 0x8000d554 (0x1ff5b317) x 6 0x9ff68554
core   0: 0x8000d558 (0x019423b3) slt     t2, s0, s9
core   0: 3 0x8000d558 (0x019423b3) x 7 0x00000000
core   0: 0x8000d55c (0x4105e293) ori     t0, a1, 1040
core   0: 3 0x8000d55c (0x4105e293) x 5 0xefd5c410
core   0: 0x8000d560 (0x01e44e63) blt     s0, t5, pc + 28
core   0: 3 0x8000d560 (0x01e44e63)
core   0: 0x8000d57c (0x0075ec63) bltu    a1, t2, pc + 24
core   0: 3 0x8000d57c (0x0075ec63)
core   0: 0x8000d580 (0x9cd2cb13) xori    s6, t0, -1587
core   0: 3 0x8000d580 (0x9cd2cb13) x22 0x102a3ddd
core   0: 0x8000d584 (0x0000100f) fence.i
core   0: 3 0x8000d584 (0x0000100f)
core   0: 0x8000d588 (0x0131d293) srli    t0, gp, 19
core   0: 3 0x8000d588 (0x0131d293) x 5 0x00000000
core   0: 0x8000d58c (0xe1838213) addi    tp, t2, -488
core   0: 3 0x8000d58c (0xe1838213) x 4 0xfffffe18
core   0: 0x8000d590 (0x0ff0000f) fence   iorw,iorw
core   0: 3 0x8000d590 (0x0ff0000f)
core   0: 0x8000d594 (0x9ec27213) andi    tp, tp, -1556
core   0: 3 0x8000d594 (0x9ec27213) x 4 0xfffff808
core   0: 0x8000d598 (0x0ff0000f) fence   iorw,iorw
core   0: 3 0x8000d598 (0x0ff0000f)
core   0: 0x8000d59c (0x035b0e63) beq     s6, s5, pc + 60
core   0: 3 0x8000d59c (0x035b0e63)
core   0: 0x8000d5a0 (0x41dd0533) sub     a0, s10, t4
core   0: 3 0x8000d5a0 (0x41dd0533) x10 0x00000000
core   0: 0x8000d5a4 (0x01aa8b33) add     s6, s5, s10
core   0: 3 0x8000d5a4 (0x01aa8b33) x22 0xcb07e414
core   0: 0x8000d5a8 (0x0078ae33) slt     t3, a7, t2
core   0: 3 0x8000d5a8 (0x0078ae33) x28 0x00000001
core   0: 0x8000d5ac (0xd9c58a13) addi    s4, a1, -612
core   0: 3 0x8000d5ac (0xd9c58a13) x20 0xefd5bd9c
core   0: 0x8000d5b0 (0x00cadd13) srli    s10, s5, 12
core   0: 3 0x8000d5b0 (0x00cadd13) x26 0x000cb07e
core   0: 0x8000d5b4 (0x01198863) beq     s3, a7, pc + 16
core   0: 3 0x8000d5b4 (0x01198863)
core   0: 0x8000d5b8 (0x3113f593) andi    a1, t2, 785
core   0: 3 0x8000d5b8 (0x3113f593) x11 0x00000000
core   0: 0x8000d5bc (0x74c38193) addi    gp, t2, 1868
core   0: 3 0x8000d5bc (0x74c38193) x 3 0x0000074c
core   0: 0x8000d5c0 (0x7f29c913) xori    s2, s3, 2034
core   0: 3 0x8000d5c0 (0x7f29c913) x18 0x800007f2
core   0: 0x8000d5c4 (0x00f89e13) slli    t3, a7, 15
core   0: 3 0x8000d5c4 (0x00f89e13) x28 0x66720000
core   0: 0x8000d5c8 (0x0190d0b3) srl     ra, ra, s9
core   0: 3 0x8000d5c8 (0x0190d0b3) x 1 0x00010005
core   0: 0x8000d5cc (0x005f7a33) and     s4, t5, t0
core   0: 3 0x8000d5cc (0x005f7a33) x20 0x00000000
core   0: 0x8000d5d0 (0x00ee1533) sll     a0, t3, a4
core   0: 3 0x8000d5d0 (0x00ee1533) x10 0x66720000
core   0: 0x8000d5d4 (0x007ce863) bltu    s9, t2, pc + 16
core   0: 3 0x8000d5d4 (0x007ce863)
core   0: 0x8000d5d8 (0x012f59b3) srl     s3, t5, s2
core   0: 3 0x8000d5d8 (0x012f59b3) x19 0x00000000
core   0: 0x8000d5dc (0x00c35863) bge     t1, a2, pc + 16
core   0: 3 0x8000d5dc (0x00c35863)
core   0: 0x8000d5e0 (0x000853b3) srl     t2, a6, zero
core   0: 3 0x8000d5e0 (0x000853b3) x 7 0x80000000
core   0: 0x8000d5e4 (0x0056f733) and     a4, a3, t0
core   0: 3 0x8000d5e4 (0x0056f733) x14 0x00000000
core   0: 0x8000d5e8 (0x41f60333) sub     t1, a2, t6
core   0: 3 0x8000d5e8 (0x41f60333) x 6 0xfffff945
core   0: 0x8000d5ec (0x01605313) srli    t1, zero, 22
core   0: 3 0x8000d5ec (0x01605313) x 6 0x00000000
core   0: 0x8000d5f0 (0x0304e863) bltu    s1, a6, pc + 48
core   0: 3 0x8000d5f0 (0x0304e863)
core   0: 0x8000d5f4 (0x03337e63) bgeu    t1, s3, pc + 60
core   0: 3 0x8000d5f4 (0x03337e63)
core   0: 0x8000d630 (0x404b8933) sub     s2, s7, tp
core   0: 3 0x8000d630 (0x404b8933) x18 0x800006bc
core   0: 0x8000d634 (0x0022e3b3) or      t2, t0, sp
core   0: 3 0x8000d634 (0x0022e3b3) x 7 0x0514ac80
core   0: 0x8000d638 (0x003b5493) srli    s1, s6, 3
core   0: 3 0x8000d638 (0x003b5493) x 9 0x1960fc82
core   0: 0x8000d63c (0x406752b3) sra     t0, a4, t1
core   0: 3 0x8000d63c (0x406752b3) x 5 0x00000000
core   0: 0x8000d640 (0xd53e2393) slti    t2, t3, -685
core   0: 3 0x8000d640 (0xd53e2393) x 7 0x00000000
core   0: 0x8000d644 (0x4e597b97) auipc   s7, 0x4e597
core   0: 3 0x8000d644 (0x4e597b97) x23 0xce5a4644
core   0: 0x8000d648 (0x418f52b3) sra     t0, t5, s8
core   0: 3 0x8000d648 (0x418f52b3) x 5 0x00000000
core   0: 0x8000d64c (0x003aac33) slt     s8, s5, gp
core   0: 3 0x8000d64c (0x003aac33) x24 0x00000001
core   0: 0x8000d650 (0x0ff0000f) fence   iorw,iorw
core   0: 3 0x8000d650 (0x0ff0000f)
core   0: 0x8000d654 (0x008f7db3) and     s11, t5, s0
core   0: 3 0x8000d654 (0x008f7db3) x27 0x00000000
core   0: 0x8000d658 (0x01330233) add     tp, t1, s3
core   0: 3 0x8000d658 (0x01330233) x 4 0x00000000
core   0: 0x8000d65c (0x005bc133) xor     sp, s7, t0
core   0: 3 0x8000d65c (0x005bc133) x 2 0xce5a4644
core   0: 0x8000d660 (0x01882ab3) slt     s5, a6, s8
core   0: 3 0x8000d660 (0x01882ab3) x21 0x00000001
core   0: 0x8000d664 (0x40908733) sub     a4, ra, s1
core   0: 3 0x8000d664 (0x40908733) x14 0xe6a00383
core   0: 0x8000d668 (0x401c5013) srai    zero, s8, 1
core   0: 3 0x8000d668 (0x401c5013)
core   0: 0x8000d66c (0x00000013) nop
core   0: 3 0x8000d66c (0x00000013)
core   0: 0x8000d670 (0x00d4d233) srl     tp, s1, a3
core   0: 3 0x8000d670 (0x00d4d233) x 4 0x1960fc82
core   0: 0x8000d674 (0x006d7a33) and     s4, s10, t1
core   0: 3 0x8000d674 (0x006d7a33) x20 0x00000000
core   0: 0x8000d678 (0x005f1e33) sll     t3, t5, t0
core   0: 3 0x8000d678 (0x005f1e33) x28 0x00000000
core   0: 0x8000d67c (0x8ab16f93) ori     t6, sp, -1877
core   0: 3 0x8000d67c (0x8ab16f93) x31 0xfffffeef
core   0: 0x8000d680 (0x02dc5c63) bge     s8, a3, pc + 56
core   0: 3 0x8000d680 (0x02dc5c63)
core   0: 0x8000d6b8 (0x00834463) blt     t1, s0, pc + 8
core   0: 3 0x8000d6b8 (0x00834463)
core   0: 0x8000d6bc (0x011a9863) bne     s5, a7, pc + 16
core   0: 3 0x8000d6bc (0x011a9863)
core   0: 0x8000d6cc (0x00000013) nop
core   0: 3 0x8000d6cc (0x00000013)
core   0: 0x8000d6d0 (0x0199fa33) and     s4, s3, s9
core   0: 3 0x8000d6d0 (0x0199fa33) x20 0x00000000
core   0: 0x8000d6d4 (0x01581c13) slli    s8, a6, 21
core   0: 3 0x8000d6d4 (0x01581c13) x24 0x00000000
core   0: 0x8000d6d8 (0xf1a1b013) sltiu   zero, gp, -230
core   0: 3 0x8000d6d8 (0xf1a1b013)
core   0: 0x8000d6dc (0x0000100f) fence.i
core   0: 3 0x8000d6dc (0x0000100f)
core   0: 0x8000d6e0 (0x00db5733) srl     a4, s6, a3
core   0: 3 0x8000d6e0 (0x00db5733) x14 0xcb07e414
core   0: 0x8000d6e4 (0x95092c37) lui     s8, 0x95092
core   0: 3 0x8000d6e4 (0x95092c37) x24 0x95092000
core   0: 0x8000d6e8 (0x0ff0000f) fence   iorw,iorw
core   0: 3 0x8000d6e8 (0x0ff0000f)
core   0: 0x8000d6ec (0x00275293) srli    t0, a4, 2
core   0: 3 0x8000d6ec (0x00275293) x 5 0x32c1f905
core   0: 0x8000d6f0 (0x6d4b22b7) lui     t0, 0x6d4b2
core   0: 3 0x8000d6f0 (0x6d4b22b7) x 5 0x6d4b2000
core   0: 0x8000d6f4 (0x0041c3b3) xor     t2, gp, tp
core   0: 3 0x8000d6f4 (0x0041c3b3) x 7 0x1960fbce
core   0: 0x8000d6f8 (0x00e742b3) xor     t0, a4, a4
core   0: 3 0x8000d6f8 (0x00e742b3) x 5 0x00000000
core   0: 0x8000d6fc (0x0371d863) bge     gp, s7, pc + 48
core   0: 3 0x8000d6fc (0x0371d863)
core   0: 0x8000d72c (0x05f10463) beq     sp, t6, pc + 72
core   0: 3 0x8000d72c (0x05f10463)
core   0: 0x8000d730 (0x0362d263) bge     t0, s6, pc + 36
core   0: 3 0x8000d730 (0x0362d263)
core   0: 0x8000d754 (0xf55e4593) xori    a1, t3, -171
core   0: 3 0x8000d754 (0xf55e4593) x11 0xffffff55
core   0: 0x8000d758 (0x019a30b3) sltu    ra, s4, s9
core   0: 3 0x8000d758 (0x019a30b3) x 1 0x00000001
core   0: 0x8000d75c (0x0000100f) fence.i
core   0: 3 0x8000d75c (0x0000100f)
core   0: 0x8000d760 (0x40d85093) srai    ra, a6, 13
core   0: 3 0x8000d760 (0x40d85093) x 1 0xfffc0000
core   0: 0x8000d764 (0x0ff0000f) fence   iorw,iorw
core   0: 3 0x8000d764 (0x0ff0000f)
core   0: 0x8000d768 (0x006c7b33) and     s6, s8, t1
core   0: 3 0x8000d768 (0x006c7b33) x22 0x00000000
core   0: 0x8000d76c (0x00da2bb3) slt     s7, s4, a3
core   0: 3 0x8000d76c (0x00da2bb3) x23 0x00000000
core   0: 0x8000d770 (0x030e5263) bge     t3, a6, pc + 36
core   0: 3 0x8000d770 (0x030e5263)
core   0: 0x8000d794 (0x038f6663) bltu    t5, s8, pc + 44
core   0: 3 0x8000d794 (0x038f6663)
core   0: 0x8000d7c0 (0x00313db3) sltu    s11, sp, gp
core   0: 3 0x8000d7c0 (0x00313db3) x27 0x00000000
core   0: 0x8000d7c4 (0x0ff0000f) fence   iorw,iorw
core   0: 3 0x8000d7c4 (0x0ff0000f)
core   0: 0x8000d7c8 (0x40e80b33) sub     s6, a6, a4
core   0: 3 0x8000d7c8 (0x40e80b33) x22 0xb4f81bec
core   0: 0x8000d7cc (0x007bd863) bge     s7, t2, pc + 16
core   0: 3 0x8000d7cc (0x007bd863)
core   0: 0x8000d7d0 (0x0173e693) ori     a3, t2, 23
core   0: 3 0x8000d7d0 (0x0173e693) x13 0x1960fbdf
core   0: 0x8000d7d4 (0xfbbfab13) slti    s6, t6, -69
core   0: 3 0x8000d7d4 (0xfbbfab13) x22 0x00000001
core   0: 0x8000d7d8 (0x58ff8493) addi    s1, t6, 1423
core   0: 3 0x8000d7d8 (0x58ff8493) x 9 0x0000047e
core   0: 0x8000d7dc (0xb5880213) addi    tp, a6, -1192
core   0: 3 0x8000d7dc (0xb5880213) x 4 0x7ffffb58
core   0: 0x8000d7e0 (0x0000100f) fence.i
core   0: 3 0x8000d7e0 (0x0000100f)
core   0: 0x8000d7e4 (0xe08eafb7) lui     t6, 0xe08ea
core   0: 3 0x8000d7e4 (0xe08eafb7) x31 0xe08ea000
core   0: 0x8000d7e8 (0x008b00b3) add     ra, s6, s0
core   0: 3 0x8000d7e8 (0x008b00b3) x 1 0xfe977001
core   0: 0x8000d7ec (0x02090c63) beqz    s2, pc + 56
core   0: 3 0x8000d7ec (0x02090c63)
core   0: 0x8000d7f0 (0x404ed613) srai    a2, t4, 4
core   0: 3 0x8000d7f0 (0x404ed613) x12 0x00000000
core   0: 0x8000d7f4 (0xcc90a3b7) lui     t2, 0xcc90a
core   0: 3 0x8000d7f4 (0xcc90a3b7) x 7 0xcc90a000
core   0: 0x8000d7f8 (0x0335da63) bge     a1, s3, pc + 52
core   0: 3 0x8000d7f8 (0x0335da63)
core   0: 0x8000d7fc (0x008f9a33) sll     s4, t6, s0
core   0: 3 0x8000d7fc (0x008f9a33) x20 0xe08ea000
core   0: 0x8000d800 (0x0ff0000f) fence   iorw,iorw
core   0: 3 0x8000d800 (0x0ff0000f)
core   0: 0x8000d804 (0x01351993) slli    s3, a0, 19
core   0: 3 0x8000d804 (0x01351993) x19 0x00000000
core   0: 0x8000d808 (0xb4296a97) auipc   s5, 0xb4296
core   0: 3 0x8000d808 (0xb4296a97) x21 0x342a3808
core   0: 0x8000d80c (0x543a3313) sltiu   t1, s4, 1347
core   0: 3 0x8000d80c (0x543a3313) x 6 0x00000000
core   0: 0x8000d810 (0x00970a63) beq     a4, s1, pc + 20
core   0: 3 0x8000d810 (0x00970a63)
core   0: 0x8000d814 (0x00000013) nop
core   0: 3 0x8000d814 (0x00000013)
core   0: 0x8000d818 (0x02de0c63) beq     t3, a3, pc + 56
core   0: 3 0x8000d818 (0x02de0c63)
core   0: 0x8000d81c (0x307a7e97) auipc   t4, 0x307a7
core   0: 3 0x8000d81c (0x307a7e97) x29 0xb07b481c
core   0: 0x8000d820 (0x9728fe17) auipc   t3, 0x9728f
core   0: 3 0x8000d820 (0x9728fe17) x28 0x1729c820
core   0: 0x8000d824 (0x030e6863) bltu    t3, a6, pc + 48
core   0: 3 0x8000d824 (0x030e6863)
core   0: 0x8000d854 (0x01a00c63) beq     zero, s10, pc + 24
core   0: 3 0x8000d854 (0x01a00c63)
core   0: 0x8000d858 (0x553a0293) addi    t0, s4, 1363
core   0: 3 0x8000d858 (0x553a0293) x 5 0xe08ea553
core   0: 0x8000d85c (0x0018ab33) slt     s6, a7, ra
core   0: 3 0x8000d85c (0x0018ab33) x22 0x00000001
core   0: 0x8000d860 (0x00000013) nop
core   0: 3 0x8000d860 (0x00000013)
core   0: 0x8000d864 (0x599fa913) slti    s2, t6, 1433
core   0: 3 0x8000d864 (0x599fa913) x18 0x00000001
core   0: 0x8000d868 (0x008f9593) slli    a1, t6, 8
core   0: 3 0x8000d868 (0x008f9593) x11 0x8ea00000
core   0: 0x8000d86c (0x00648863) beq     s1, t1, pc + 16
core   0: 3 0x8000d86c (0x00648863)
core   0: 0x8000d870 (0x016ece33) xor     t3, t4, s6
core   0: 3 0x8000d870 (0x016ece33) x28 0xb07b481d
core   0: 0x8000d874 (0x418706b3) sub     a3, a4, s8
core   0: 3 0x8000d874 (0x418706b3) x13 0x35fec414
core   0: 0x8000d878 (0x01939463) bne     t2, s9, pc + 8
core   0: 3 0x8000d878 (0x01939463)
core   0: 0x8000d880 (0x5ea96993) ori     s3, s2, 1514
core   0: 3 0x8000d880 (0x5ea96993) x19 0x000005eb
core   0: 0x8000d884 (0x00dbc633) xor     a2, s7, a3
core   0: 3 0x8000d884 (0x00dbc633) x12 0x35fec414
core   0: 0x8000d888 (0x01d14933) xor     s2, sp, t4
core   0: 3 0x8000d888 (0x01d14933) x18 0x7e210e58
core   0: 0x8000d88c (0x40225ab3) sra     s5, tp, sp
core   0: 3 0x8000d88c (0x40225ab3) x21 0x07ffffb5
core   0: 0x8000d890 (0x4087dc93) srai    s9, a5, 8
core   0: 3 0x8000d890 (0x4087dc93) x25 0xff80028e
core   0: 0x8000d894 (0x046f9263) bne     t6, t1, pc + 68
core   0: 3 0x8000d894 (0x046f9263)
core   0: 0x8000d8d8 (0x03ed0e63) beq     s10, t5, pc + 60
core   0: 3 0x8000d8d8 (0x03ed0e63)
core   0: 0x8000d8dc (0x0086c863) blt     a3, s0, pc + 16
core   0: 3 0x8000d8dc (0x0086c863)
core   0: 0x8000d8e0 (0x0ff0000f) fence   iorw,iorw
core   0: 3 0x8000d8e0 (0x0ff0000f)
core   0: 0x8000d8e4 (0xddd33093) sltiu   ra, t1, -547
core   0: 3 0x8000d8e4 (0xddd33093) x 1 0x00000001
core   0: 0x8000d8e8 (0xa7298ab7) lui     s5, 0xa7298
core   0: 3 0x8000d8e8 (0xa7298ab7) x21 0xa7298000
core   0: 0x8000d8ec (0x03b8d863) bge     a7, s11, pc + 48
core   0: 3 0x8000d8ec (0x03b8d863)
core   0: 0x8000d8f0 (0x000e5d33) srl     s10, t3, zero
core   0: 3 0x8000d8f0 (0x000e5d33) x26 0xb07b481d
core   0: 0x8000d8f4 (0x011961b3) or      gp, s2, a7
core   0: 3 0x8000d8f4 (0x011961b3) x 3 0xfe23cefc
core   0: 0x8000d8f8 (0x01c76463) bltu    a4, t3, pc + 8
core   0: 3 0x8000d8f8 (0x01c76463)
core   0: 0x8000d8fc (0x01bd64b3) or      s1, s10, s11
core   0: 3 0x8000d8fc (0x01bd64b3) x 9 0xb07b481d
core   0: 0x8000d900 (0x0026da93) srli    s5, a3, 2
core   0: 3 0x8000d900 (0x0026da93) x21 0x0d7fb105
core   0: 0x8000d904 (0x01cd1d33) sll     s10, s10, t3
core   0: 3 0x8000d904 (0x01cd1d33) x26 0xa0000000
core   0: 0x8000d908 (0x199b0513) addi    a0, s6, 409
core   0: 3 0x8000d908 (0x199b0513) x10 0x0000019a
core   0: 0x8000d90c (0x00988f33) add     t5, a7, s1
core   0: 3 0x8000d90c (0x00988f33) x30 0x307e1501
core   0: 0x8000d910 (0x00759313) slli    t1, a1, 7
core   0: 3 0x8000d910 (0x00759313) x 6 0x50000000
core   0: 0x8000d914 (0x00cdf3b3) and     t2, s11, a2
core   0: 3 0x8000d914 (0x00cdf3b3) x 7 0x00000000
core   0: 0x8000d918 (0xd539e693) ori     a3, s3, -685
core   0: 3 0x8000d918 (0xd539e693) x13 0xfffffdfb
core   0: 0x8000d91c (0xfc5fbb13) sltiu   s6, t6, -59
core   0: 3 0x8000d91c (0xfc5fbb13) x22 0x00000001
core   0: 0x8000d920 (0x02c65663) bge     a2, a2, pc + 44
core   0: 3 0x8000d920 (0x02c65663)
core   0: 0x8000d94c (0x40eb5233) sra     tp, s6, a4
core   0: 3 0x8000d94c (0x40eb5233) x 4 0x00000000
core   0: 0x8000d950 (0x01a4df13) srli    t5, s1, 26
core   0: 3 0x8000d950 (0x01a4df13) x30 0x0000002c
core   0: 0x8000d954 (0x00676933) or      s2, a4, t1
core   0: 3 0x8000d954 (0x00676933) x18 0xdb07e414
core   0: 0x8000d958 (0x416dd4b3) sra     s1, s11, s6
core   0: 3 0x8000d958 (0x416dd4b3) x 9 0x00000000
core   0: 0x8000d95c (0x1f5ce993) ori     s3, s9, 501
core   0: 3 0x8000d95c (0x1f5ce993) x19 0xff8003ff
core   0: 0x8000d960 (0x7a112593) slti    a1, sp, 1953
core   0: 3 0x8000d960 (0x7a112593) x11 0x00000001
core   0: 0x8000d964 (0x03b60863) beq     a2, s11, pc + 48
core   0: 3 0x8000d964 (0x03b60863)
core   0: 0x8000d968 (0x08469c63) bne     a3, tp, pc + 152
core   0: 3 0x8000d968 (0x08469c63)
core   0: 0x8000da00 (0x00c46863) bltu    s0, a2, pc + 16
core   0: 3 0x8000da00 (0x00c46863)
core   0: 0x8000da04 (0x0055e9b3) or      s3, a1, t0
core   0: 3 0x8000da04 (0x0055e9b3) x19 0xe08ea553
core   0: 0x8000da08 (0x00000013) nop
core   0: 3 0x8000da08 (0x00000013)
core   0: 0x8000da0c (0x40245733) sra     a4, s0, sp
core   0: 3 0x8000da0c (0x40245733) x14 0xffe97700
core   0: 0x8000da10 (0x41b0d4b3) sra     s1, ra, s11
core   0: 3 0x8000da10 (0x41b0d4b3) x 9 0x00000001
core   0: 0x8000da14 (0x41975c13) srai    s8, a4, 25
core   0: 3 0x8000da14 (0x41975c13) x24 0xffffffff
core   0: 0x8000da18 (0x01e9b4b3) sltu    s1, s3, t5
core   0: 3 0x8000da18 (0x01e9b4b3) x 9 0x00000000
core   0: 0x8000da1c (0x00000013) nop
core   0: 3 0x8000da1c (0x00000013)
core   0: 0x8000da20 (0x416ddc13) srai    s8, s11, 22
core   0: 3 0x8000da20 (0x416ddc13) x24 0x00000000
core   0: 0x8000da24 (0x00c61e13) slli    t3, a2, 12
core   0: 3 0x8000da24 (0x00c61e13) x28 0xec414000
core   0: 0x8000da28 (0x029e1c63) bne     t3, s1, pc + 56
core   0: 3 0x8000da28 (0x029e1c63)
core   0: 0x8000da60 (0x00abadb3) slt     s11, s7, a0
core   0: 3 0x8000da60 (0x00abadb3) x27 0x00000001
core   0: 0x8000da64 (0x418d5433) sra     s0, s10, s8
core   0: 3 0x8000da64 (0x418d5433) x 8 0xa0000000
core   0: 0x8000da68 (0x03804c63) blt     zero, s8, pc + 56
core   0: 3 0x8000da68 (0x03804c63)
core   0: 0x8000da6c (0x004e3433) sltu    s0, t3, tp
core   0: 3 0x8000da6c (0x004e3433) x 8 0x00000000
core   0: 0x8000da70 (0x0278d063) bge     a7, t2, pc + 32
core   0: 3 0x8000da70 (0x0278d063)
core   0: 0x8000da74 (0x00159e63) bne     a1, ra, pc + 28
core   0: 3 0x8000da74 (0x00159e63)
core   0: 0x8000da78 (0x02089263) bnez    a7, pc + 36
core   0: 3 0x8000da78 (0x02089263)
core   0: 0x8000da9c (0xf95d7a93) andi    s5, s10, -107
core   0: 3 0x8000da9c (0xf95d7a93) x21 0xa0000000
core   0: 0x8000daa0 (0x40b3d633) sra     a2, t2, a1
core   0: 3 0x8000daa0 (0x40b3d633) x12 0x00000000
core   0: 0x8000daa4 (0x2fab8913) addi    s2, s7, 762
core   0: 3 0x8000daa4 (0x2fab8913) x18 0x000002fa
core   0: 0x8000daa8 (0x6679c593) xori    a1, s3, 1639
core   0: 3 0x8000daa8 (0x6679c593) x11 0xe08ea334
core   0: 0x8000daac (0x408f5f13) srai    t5, t5, 8
core   0: 3 0x8000daac (0x408f5f13) x30 0x00000000
core   0: 0x8000dab0 (0x20fc3513) sltiu   a0, s8, 527
core   0: 3 0x8000dab0 (0x20fc3513) x10 0x00000001
core   0: 0x8000dab4 (0x000615b3) sll     a1, a2, zero
core   0: 3 0x8000dab4 (0x000615b3) x11 0x00000000
core   0: 0x8000dab8 (0x6a7d8d93) addi    s11, s11, 1703
core   0: 3 0x8000dab8 (0x6a7d8d93) x27 0x000006a8
core   0: 0x8000dabc (0x41d05eb3) sra     t4, zero, t4
core   0: 3 0x8000dabc (0x41d05eb3) x29 0x00000000
core   0: 0x8000dac0 (0x0000100f) fence.i
core   0: 3 0x8000dac0 (0x0000100f)
core   0: 0x8000dac4 (0x0ff0000f) fence   iorw,iorw
core   0: 3 0x8000dac4 (0x0ff0000f)
core   0: 0x8000dac8 (0x00d78933) add     s2, a5, a3
core   0: 3 0x8000dac8 (0x00d78933) x18 0x80028c13
core   0: 0x8000dacc (0x9a07bd93) sltiu   s11, a5, -1632
core   0: 3 0x8000dacc (0x9a07bd93) x27 0x00000001
core   0: 0x8000dad0 (0x00000013) nop
core   0: 3 0x8000dad0 (0x00000013)
core   0: 0x8000dad4 (0x8160a113) slti    sp, ra, -2026
core   0: 3 0x8000dad4 (0x8160a113) x 2 0x00000000
core   0: 0x8000dad8 (0x01122fb3) slt     t6, tp, a7
core   0: 3 0x8000dad8 (0x01122fb3) x31 0x00000000
core   0: 0x8000dadc (0x01e59fb3) sll     t6, a1, t5
core   0: 3 0x8000dadc (0x01e59fb3) x31 0x00000000
core   0: 0x8000dae0 (0x01cbc233) xor     tp, s7, t3
core   0: 3 0x8000dae0 (0x01cbc233) x 4 0xec414000
core   0: 0x8000dae4 (0x03da9063) bne     s5, t4, pc + 32
core   0: 3 0x8000dae4 (0x03da9063)
core   0: 0x8000db04 (0x4035dc33) sra     s8, a1, gp
core   0: 3 0x8000db04 (0x4035dc33) x24 0x00000000
core   0: 0x8000db08 (0x0046a933) slt     s2, a3, tp
core   0: 3 0x8000db08 (0x0046a933) x18 0x00000000
core   0: 0x8000db0c (0x01cc1733) sll     a4, s8, t3
core   0: 3 0x8000db0c (0x01cc1733) x14 0x00000000
core   0: 0x8000db10 (0x007986b3) add     a3, s3, t2
core   0: 3 0x8000db10 (0x007986b3) x13 0xe08ea553
core   0: 0x8000db14 (0x40875b93) srai    s7, a4, 8
core   0: 3 0x8000db14 (0x40875b93) x23 0x00000000
core   0: 0x8000db18 (0x000e90b3) sll     ra, t4, zero
core   0: 3 0x8000db18 (0x000e90b3) x 1 0x00000000
core   0: 0x8000db1c (0xf0e30993) addi    s3, t1, -242
core   0: 3 0x8000db1c (0xf0e30993) x19 0x4fffff0e
core   0: 0x8000db20 (0x0195ddb3) srl     s11, a1, s9
core   0: 3 0x8000db20 (0x0195ddb3) x27 0x00000000
core   0: 0x8000db24 (0x000b9013) slli    zero, s7, 0
core   0: 3 0x8000db24 (0x000b9013)
core   0: 0x8000db28 (0x7049b513) sltiu   a0, s3, 1796
core   0: 3 0x8000db28 (0x7049b513) x10 0x00000000
core   0: 0x8000db2c (0x00030f33) add     t5, t1, zero
core   0: 3 0x8000db2c (0x00030f33) x30 0x50000000
core   0: 0x8000db30 (0x01025c33) srl     s8, tp, a6
core   0: 3 0x8000db30 (0x01025c33) x24 0xec414000
core   0: 0x8000db34 (0x03b00c63) beq     zero, s11, pc + 56
core   0: 3 0x8000db34 (0x03b00c63)
core   0: 0x8000db6c (0x0000100f) fence.i
core   0: 3 0x8000db6c (0x0000100f)
core   0: 0x8000db70 (0xe7883e93) sltiu   t4, a6, -392
core   0: 3 0x8000db70 (0xe7883e93) x29 0x00000001
core   0: 0x8000db74 (0xdc707413) andi    s0, zero, -569
core   0: 3 0x8000db74 (0xdc707413) x 8 0x00000000
core   0: 0x8000db78 (0x4091de13) srai    t3, gp, 9
core   0: 3 0x8000db78 (0x4091de13) x28 0xffff11e7
core   0: 0x8000db7c (0x027b9663) bne     s7, t2, pc + 44
core   0: 3 0x8000db7c (0x027b9663)
core   0: 0x8000db80 (0x004ee233) or      tp, t4, tp
core   0: 3 0x8000db80 (0x004ee233) x 4 0xec414001
core   0: 0x8000db84 (0x00000013) nop
core   0: 3 0x8000db84 (0x00000013)
core   0: 0x8000db88 (0x0020e4b3) or      s1, ra, sp
core   0: 3 0x8000db88 (0x0020e4b3) x 9 0x00000000
core   0: 0x8000db8c (0x1090f917) auipc   s2, 0x1090f
core   0: 3 0x8000db8c (0x1090f917) x18 0x9091cb8c
core   0: 0x8000db90 (0x0000100f) fence.i
core   0: 3 0x8000db90 (0x0000100f)
core   0: 0x8000db94 (0x00000013) nop
core   0: 3 0x8000db94 (0x00000013)
core   0: 0x8000db98 (0x00d6fa63) bgeu    a3, a3, pc + 20
core   0: 3 0x8000db98 (0x00d6fa63)
core   0: 0x8000dbac (0x000083b3) add     t2, ra, zero
core   0: 3 0x8000dbac (0x000083b3) x 7 0x00000000
core   0: 0x8000dbb0 (0x03986863) bltu    a6, s9, pc + 48
core   0: 3 0x8000dbb0 (0x03986863)
core   0: 0x8000dbe0 (0x00000013) nop
core   0: 3 0x8000dbe0 (0x00000013)
core   0: 0x8000dbe4 (0x0096be33) sltu    t3, a3, s1
core   0: 3 0x8000dbe4 (0x0096be33) x28 0x00000000
core   0: 0x8000dbe8 (0x00ee20b3) slt     ra, t3, a4
core   0: 3 0x8000dbe8 (0x00ee20b3) x 1 0x00000000
core   0: 0x8000dbec (0x00a90333) add     t1, s2, a0
core   0: 3 0x8000dbec (0x00a90333) x 6 0x9091cb8c
core   0: 0x8000dbf0 (0x031a4063) blt     s4, a7, pc + 32
core   0: 3 0x8000dbf0 (0x031a4063)
core   0: 0x8000dbf4 (0x02c67463) bgeu    a2, a2, pc + 40
core   0: 3 0x8000dbf4 (0x02c67463)
core   0: 0x8000dc1c (0x02015263) bgez    sp, pc + 36
core   0: 3 0x8000dc1c (0x02015263)
core   0: 0x8000dc40 (0x0ff0000f) fence   iorw,iorw
core   0: 3 0x8000dc40 (0x0ff0000f)
core   0: 0x8000dc44 (0x95f62993) slti    s3, a2, -1697
core   0: 3 0x8000dc44 (0x95f62993) x19 0x00000000
core   0: 0x8000dc48 (0x0000100f) fence.i
core   0: 3 0x8000dc48 (0x0000100f)
core   0: 0x8000dc4c (0x000fd213) srli    tp, t6, 0
core   0: 3 0x8000dc4c (0x000fd213) x 4 0x00000000
core   0: 0x8000dc50 (0x40c90a33) sub     s4, s2, a2
core   0: 3 0x8000dc50 (0x40c90a33) x20 0x9091cb8c
core   0: 0x8000dc54 (0x01b269b3) or      s3, tp, s11
core   0: 3 0x8000dc54 (0x01b269b3) x19 0x00000000
core   0: 0x8000dc58 (0x0ff0000f) fence   iorw,iorw
core   0: 3 0x8000dc58 (0x0ff0000f)
core   0: 0x8000dc5c (0x4012de13) srai    t3, t0, 1
core   0: 3 0x8000dc5c (0x4012de13) x28 0xf04752a9
core   0: 0x8000dc60 (0x02538863) beq     t2, t0, pc + 48
core   0: 3 0x8000dc60 (0x02538863)
core   0: 0x8000dc64 (0x00e020b3) slt     ra, zero, a4
core   0: 3 0x8000dc64 (0x00e020b3) x 1 0x00000000
core   0: 0x8000dc68 (0x000a1c63) bnez    s4, pc + 24
core   0: 3 0x8000dc68 (0x000a1c63)
core   0: 0x8000dc80 (0x01728c63) beq     t0, s7, pc + 24
core   0: 3 0x8000dc80 (0x01728c63)
core   0: 0x8000dc84 (0x01fe6cb3) or      s9, t3, t6
core   0: 3 0x8000dc84 (0x01fe6cb3) x25 0xf04752a9
core   0: 0x8000dc88 (0x01f18433) add     s0, gp, t6
core   0: 3 0x8000dc88 (0x01f18433) x 8 0xfe23cefc
core   0: 0x8000dc8c (0x01ad44b3) xor     s1, s10, s10
core   0: 3 0x8000dc8c (0x01ad44b3) x 9 0x00000000
core   0: 0x8000dc90 (0x40478bb3) sub     s7, a5, tp
core   0: 3 0x8000dc90 (0x40478bb3) x23 0x80028e18
core   0: 0x8000dc94 (0x009f2633) slt     a2, t5, s1
core   0: 3 0x8000dc94 (0x009f2633) x12 0x00000000
core   0: 0x8000dc98 (0x41616293) ori     t0, sp, 1046
core   0: 3 0x8000dc98 (0x41616293) x 5 0x00000416
core   0: 0x8000dc9c (0x01495f93) srli    t6, s2, 20
core   0: 3 0x8000dc9c (0x01495f93) x31 0x00000909
core   0: 0x8000dca0 (0x002fe1b3) or      gp, t6, sp
core   0: 3 0x8000dca0 (0x002fe1b3) x 3 0x00000909
core   0: 0x8000dca4 (0x01dcb9b3) sltu    s3, s9, t4
core   0: 3 0x8000dca4 (0x01dcb9b3) x19 0x00000000
core   0: 0x8000dca8 (0x0048d4b3) srl     s1, a7, tp
core   0: 3 0x8000dca8 (0x0048d4b3) x 9 0x8002cce4
core   0: 0x8000dcac (0x175aa613) slti    a2, s5, 373
core   0: 3 0x8000dcac (0x175aa613) x12 0x00000001
core   0: 0x8000dcb0 (0x03c00663) beq     zero, t3, pc + 44
core   0: 3 0x8000dcb0 (0x03c00663)
core   0: 0x8000dcb4 (0x00000013) nop
core   0: 3 0x8000dcb4 (0x00000013)
core   0: 0x8000dcb8 (0xac68ba13) sltiu   s4, a7, -1338
core   0: 3 0x8000dcb8 (0xac68ba13) x20 0x00000001
core   0: 0x8000dcbc (0xa0728a13) addi    s4, t0, -1529
core   0: 3 0x8000dcbc (0xa0728a13) x20 0xfffffe1d
core   0: 0x8000dcc0 (0x7d522613) slti    a2, tp, 2005
core   0: 3 0x8000dcc0 (0x7d522613) x12 0x00000001
core   0: 0x8000dcc4 (0xf2e66ab7) lui     s5, 0xf2e66
core   0: 3 0x8000dcc4 (0xf2e66ab7) x21 0xf2e66000
core   0: 0x8000dcc8 (0x02860e63) beq     a2, s0, pc + 60
core   0: 3 0x8000dcc8 (0x02860e63)
core   0: 0x8000dccc (0x2ecb6013) ori     zero, s6, 748
core   0: 3 0x8000dccc (0x2ecb6013)
core   0: 0x8000dcd0 (0x00829463) bne     t0, s0, pc + 8
core   0: 3 0x8000dcd0 (0x00829463)
core   0: 0x8000dcd8 (0x2b82a093) slti    ra, t0, 696
core   0: 3 0x8000dcd8 (0x2b82a093) x 1 0x00000000
core   0: 0x8000dcdc (0x03150a63) beq     a0, a7, pc + 52
core   0: 3 0x8000dcdc (0x03150a63)
core   0: 0x8000dce0 (0x0000100f) fence.i
core   0: 3 0x8000dce0 (0x0000100f)
core   0: 0x8000dce4 (0x04816263) bltu    sp, s0, pc + 68
core   0: 3 0x8000dce4 (0x04816263)
core   0: 0x8000dd28 (0xb486a093) slti    ra, a3, -1208
core   0: 3 0x8000dd28 (0xb486a093) x 1 0x00000001
core   0: 0x8000dd2c (0x007a7463) bgeu    s4, t2, pc + 8
core   0: 3 0x8000dd2c (0x007a7463)
core   0: 0x8000dd34 (0x01cb8cb3) add     s9, s7, t3
core   0: 3 0x8000dd34 (0x01cb8cb3) x25 0x7049e0c1
core   0: 0x8000dd38 (0x0112dbb3) srl     s7, t0, a7
core   0: 3 0x8000dd38 (0x0112dbb3) x23 0x00000041
core   0: 0x8000dd3c (0x03566463) bltu    a2, s5, pc + 40
core   0: 3 0x8000dd3c (0x03566463)
core   0: 0x8000dd64 (0x1a7fbf13) sltiu   t5, t6, 423
core   0: 3 0x8000dd64 (0x1a7fbf13) x30 0x00000000
core   0: 0x8000dd68 (0x8c2fab93) slti    s7, t6, -1854
core   0: 3 0x8000dd68 (0x8c2fab93) x23 0x00000000
core   0: 0x8000dd6c (0x00501a63) bne     zero, t0, pc + 20
core   0: 3 0x8000dd6c (0x00501a63)
core   0: 0x8000dd80 (0x7685bfb7) lui     t6, 0x7685b
core   0: 3 0x8000dd80 (0x7685bfb7) x31 0x7685b000
core   0: 0x8000dd84 (0x01a496b3) sll     a3, s1, s10
core   0: 3 0x8000dd84 (0x01a496b3) x13 0x8002cce4
core   0: 0x8000dd88 (0x01432733) slt     a4, t1, s4
core   0: 3 0x8000dd88 (0x01432733) x14 0x00000001
core   0: 0x8000dd8c (0x02318263) beq     gp, gp, pc + 36
core   0: 3 0x8000dd8c (0x02318263)
core   0: 0x8000ddb0 (0x40948db3) sub     s11, s1, s1
core   0: 3 0x8000ddb0 (0x40948db3) x27 0x00000000
core   0: 0x8000ddb4 (0x01d14bb3) xor     s7, sp, t4
core   0: 3 0x8000ddb4 (0x01d14bb3) x23 0x00000001
core   0: 0x8000ddb8 (0x03fa8663) beq     s5, t6, pc + 44
core   0: 3 0x8000ddb8 (0x03fa8663)
core   0: 0x8000ddbc (0x01837a33) and     s4, t1, s8
core   0: 3 0x8000ddbc (0x01837a33) x20 0x80014000
core   0: 0x8000ddc0 (0x0000100f) fence.i
core   0: 3 0x8000ddc0 (0x0000100f)
core   0: 0x8000ddc4 (0x0036a533) slt     a0, a3, gp
core   0: 3 0x8000ddc4 (0x0036a533) x10 0x00000001
core   0: 0x8000ddc8 (0x01c1b5b3) sltu    a1, gp, t3
core   0: 3 0x8000ddc8 (0x01c1b5b3) x11 0x00000001
core   0: 0x8000ddcc (0x1db03413) sltiu   s0, zero, 475
core   0: 3 0x8000ddcc (0x1db03413) x 8 0x00000001
core   0: 0x8000ddd0 (0x00c3cd33) xor     s10, t2, a2
core   0: 3 0x8000ddd0 (0x00c3cd33) x26 0x00000001
core   0: 0x8000ddd4 (0x05011263) bne     sp, a6, pc + 68
core   0: 3 0x8000ddd4 (0x05011263)
core   0: 0x8000de18 (0x00000013) nop
core   0: 3 0x8000de18 (0x00000013)
core   0: 0x8000de1c (0xb909f993) andi    s3, s3, -1136
core   0: 3 0x8000de1c (0xb909f993) x19 0x00000000
core   0: 0x8000de20 (0x93c94a13) xori    s4, s2, -1732
core   0: 3 0x8000de20 (0x93c94a13) x20 0x6f6e32b0
core   0: 0x8000de24 (0x0ff0000f) fence   iorw,iorw
core   0: 3 0x8000de24 (0x0ff0000f)
core   0: 0x8000de28 (0x01a095b3) sll     a1, ra, s10
core   0: 3 0x8000de28 (0x01a095b3) x11 0x00000002
core   0: 0x8000de2c (0x00000013) nop
core   0: 3 0x8000de2c (0x00000013)
core   0: 0x8000de30 (0x017ca433) slt     s0, s9, s7
core   0: 3 0x8000de30 (0x017ca433) x 8 0x00000000
core   0: 0x8000de34 (0x0019d6b3) srl     a3, s3, ra
core   0: 3 0x8000de34 (0x0019d6b3) x13 0x00000000
core   0: 0x8000de38 (0x41920233) sub     tp, tp, s9
core   0: 3 0x8000de38 (0x41920233) x 4 0x8fb61f3f
core   0: 0x8000de3c (0x005a6c63) bltu    s4, t0, pc + 24
core   0: 3 0x8000de3c (0x005a6c63)
core   0: 0x8000de40 (0x0ff0000f) fence   iorw,iorw
core   0: 3 0x8000de40 (0x0ff0000f)
core   0: 0x8000de44 (0x00d16fb3) or      t6, sp, a3
core   0: 3 0x8000de44 (0x00d16fb3) x31 0x00000000
core   0: 0x8000de48 (0x64feaa97) auipc   s5, 0x64fea
core   0: 3 0x8000de48 (0x64feaa97) x21 0xe4ff7e48
core   0: 0x8000de4c (0x0284e863) bltu    s1, s0, pc + 48
core   0: 3 0x8000de4c (0x0284e863)
core   0: 0x8000de50 (0x9cfd2293) slti    t0, s10, -1585
core   0: 3 0x8000de50 (0x9cfd2293) x 5 0x00000000
core   0: 0x8000de54 (0x008dd433) srl     s0, s11, s0
core   0: 3 0x8000de54 (0x008dd433) x 8 0x00000000
core   0: 0x8000de58 (0x40afd6b3) sra     a3, t6, a0
core   0: 3 0x8000de58 (0x40afd6b3) x13 0x00000000
core   0: 0x8000de5c (0x00d81633) sll     a2, a6, a3
core   0: 3 0x8000de5c (0x00d81633) x12 0x80000000
core   0: 0x8000de60 (0x0ff0000f) fence   iorw,iorw
core   0: 3 0x8000de60 (0x0ff0000f)
core   0: 0x8000de64 (0x01325e13) srli    t3, tp, 19
core   0: 3 0x8000de64 (0x01325e13) x28 0x000011f6
core   0: 0x8000de68 (0x006cac33) slt     s8, s9, t1
core   0: 3 0x8000de68 (0x006cac33) x24 0x00000000
core   0: 0x8000de6c (0x01cad2b3) srl     t0, s5, t3
core   0: 3 0x8000de6c (0x01cad2b3) x 5 0x00000393
core   0: 0x8000de70 (0x010df863) bgeu    s11, a6, pc + 16
core   0: 3 0x8000de70 (0x010df863)
core   0: 0x8000de74 (0xa7fafb93) andi    s7, s5, -1409
core   0: 3 0x8000de74 (0xa7fafb93) x23 0xe4ff7a48
core   0: 0x8000de78 (0x0ff0000f) fence   iorw,iorw
core   0: 3 0x8000de78 (0x0ff0000f)
core   0: 0x8000de7c (0x000143b3) xor     t2, sp, zero
core   0: 3 0x8000de7c (0x000143b3) x 7 0x00000000
core   0: 0x8000de80 (0x24bc5cb7) lui     s9, 0x24bc5
core   0: 3 0x8000de80 (0x24bc5cb7) x25 0x24bc5000
core   0: 0x8000de84 (0x40a05c33) sra     s8, zero, a0
core   0: 3 0x8000de84 (0x40a05c33) x24 0x00000000
core   0: 0x8000de88 (0x0ff0000f) fence   iorw,iorw
core   0: 3 0x8000de88 (0x0ff0000f)
core   0: 0x8000de8c (0xa24cc693) xori    a3, s9, -1500
core   0: 3 0x8000de8c (0xa24cc693) x13 0xdb43aa24
core   0: 0x8000de90 (0x00a85863) bge     a6, a0, pc + 16
core   0: 3 0x8000de90 (0x00a85863)
core   0: 0x8000de94 (0x016a4a33) xor     s4, s4, s6
core   0: 3 0x8000de94 (0x016a4a33) x20 0x6f6e32b1
core   0: 0x8000de98 (0xf3634a93) xori    s5, t1, -202
core   0: 3 0x8000de98 (0xf3634a93) x21 0x6f6e34ba
core   0: 0x8000de9c (0x01d8d993) srli    s3, a7, 29
core   0: 3 0x8000de9c (0x01d8d993) x19 0x00000004
core   0: 0x8000dea0 (0x0aa64313) xori    t1, a2, 170
core   0: 3 0x8000dea0 (0x0aa64313) x 6 0x800000aa
core   0: 0x8000dea4 (0x0000100f) fence.i
core   0: 3 0x8000dea4 (0x0000100f)
core   0: 0x8000dea8 (0x028a7663) bgeu    s4, s0, pc + 44
core   0: 3 0x8000dea8 (0x028a7663)
core   0: 0x8000ded4 (0x6a87a097) auipc   ra, 0x6a87a
core   0: 3 0x8000ded4 (0x6a87a097) x 1 0xea887ed4
core   0: 0x8000ded8 (0x0082ce63) blt     t0, s0, pc + 28
core   0: 3 0x8000ded8 (0x0082ce63)
core   0: 0x8000dedc (0x0000100f) fence.i
core   0: 3 0x8000dedc (0x0000100f)
core   0: 0x8000dee0 (0x00000013) nop
core   0: 3 0x8000dee0 (0x00000013)
core   0: 0x8000dee4 (0x41060033) sub     zero, a2, a6
core   0: 3 0x8000dee4 (0x41060033)
core   0: 0x8000dee8 (0x010800b3) add     ra, a6, a6
core   0: 3 0x8000dee8 (0x010800b3) x 1 0x00000000
core   0: 0x8000deec (0x1e3a0e17) auipc   t3, 0x1e3a0
core   0: 3 0x8000deec (0x1e3a0e17) x28 0x9e3adeec
core   0: 0x8000def0 (0x4c3fb193) sltiu   gp, t6, 1219
core   0: 3 0x8000def0 (0x4c3fb193) x 3 0x00000001
core   0: 0x8000def4 (0x03330863) beq     t1, s3, pc + 48
core   0: 3 0x8000def4 (0x03330863)
core   0: 0x8000def8 (0x47c8f193) andi    gp, a7, 1148
core   0: 3 0x8000def8 (0x47c8f193) x 3 0x00000464
core   0: 0x8000defc (0x01af5c33) srl     s8, t5, s10
core   0: 3 0x8000defc (0x01af5c33) x24 0x00000000
core   0: 0x8000df00 (0x01ea01b3) add     gp, s4, t5
core   0: 3 0x8000df00 (0x01ea01b3) x 3 0x6f6e32b1
core   0: 0x8000df04 (0x0ff0000f) fence   iorw,iorw
core   0: 3 0x8000df04 (0x0ff0000f)
core   0: 0x8000df08 (0x40498333) sub     t1, s3, tp
core   0: 3 0x8000df08 (0x40498333) x 6 0x7049e0c5
core   0: 0x8000df0c (0x8f497a13) andi    s4, s2, -1804
core   0: 3 0x8000df0c (0x8f497a13) x20 0x9091c884
core   0: 0x8000df10 (0x00e70133) add     sp, a4, a4
core   0: 3 0x8000df10 (0x00e70133) x 2 0x00000002
core   0: 0x8000df14 (0x322bed93) ori     s11, s7, 802
core   0: 3 0x8000df14 (0x322bed93) x27 0xe4ff7b6a
core   0: 0x8000df18 (0x03c41863) bne     s0, t3, pc + 48
core   0: 3 0x8000df18 (0x03c41863)
core   0: 0x8000df48 (0x025ac063) blt     s5, t0, pc + 32
core   0: 3 0x8000df48 (0x025ac063)
core   0: 0x8000df4c (0xf8c55db7) lui     s11, 0xf8c55
core   0: 3 0x8000df4c (0xf8c55db7) x27 0xf8c55000
core   0: 0x8000df50 (0xb7637093) andi    ra, t1, -1162
core   0: 3 0x8000df50 (0xb7637093) x 1 0x7049e044
core   0: 0x8000df54 (0x01004bb3) xor     s7, zero, a6
core   0: 3 0x8000df54 (0x01004bb3) x23 0x80000000
core   0: 0x8000df58 (0x33793937) lui     s2, 0x33793
core   0: 3 0x8000df58 (0x33793937) x18 0x33793000
core   0: 0x8000df5c (0x28786b97) auipc   s7, 0x28786
core   0: 3 0x8000df5c (0x28786b97) x23 0xa8793f5c
core   0: 0x8000df60 (0x025cfc63) bgeu    s9, t0, pc + 56
core   0: 3 0x8000df60 (0x025cfc63)
core   0: 0x8000df98 (0x85004e93) xori    t4, zero, -1968
core   0: 3 0x8000df98 (0x85004e93) x29 0xfffff850
core   0: 0x8000df9c (0x000ca733) slt     a4, s9, zero
core   0: 3 0x8000df9c (0x000ca733) x14 0x00000000
core   0: 0x8000dfa0 (0x4140d1b3) sra     gp, ra, s4
core   0: 3 0x8000dfa0 (0x4140d1b3) x 3 0x07049e04
core   0: 0x8000dfa4 (0x01d400b3) add     ra, s0, t4
core   0: 3 0x8000dfa4 (0x01d400b3) x 1 0xfffff850
core   0: 0x8000dfa8 (0x021e9c63) bne     t4, ra, pc + 56
core   0: 3 0x8000dfa8 (0x021e9c63)
core   0: 0x8000dfac (0x00549713) slli    a4, s1, 5
core   0: 3 0x8000dfac (0x00549713) x14 0x00599c80
core   0: 0x8000dfb0 (0x018f8fb3) add     t6, t6, s8
core   0: 3 0x8000dfb0 (0x018f8fb3) x31 0x00000000
core   0: 0x8000dfb4 (0x83d63497) auipc   s1, 0x83d63
core   0: 3 0x8000dfb4 (0x83d63497) x 9 0x03d70fb4
core   0: 0x8000dfb8 (0x000259b3) srl     s3, tp, zero
core   0: 3 0x8000dfb8 (0x000259b3) x19 0x8fb61f3f
core   0: 0x8000dfbc (0x0000100f) fence.i
core   0: 3 0x8000dfbc (0x0000100f)
core   0: 0x8000dfc0 (0x7001e697) auipc   a3, 0x7001e
core   0: 3 0x8000dfc0 (0x7001e697) x13 0xf002bfc0
core   0: 0x8000dfc4 (0x00000013) nop
core   0: 3 0x8000dfc4 (0x00000013)
core   0: 0x8000dfc8 (0x5b98b493) sltiu   s1, a7, 1465
core   0: 3 0x8000dfc8 (0x5b98b493) x 9 0x00000000
core   0: 0x8000dfcc (0x918c8213) addi    tp, s9, -1768
core   0: 3 0x8000dfcc (0x918c8213) x 4 0x24bc4918
core   0: 0x8000dfd0 (0x0034d693) srli    a3, s1, 3
core   0: 3 0x8000dfd0 (0x0034d693) x13 0x00000000
core   0: 0x8000dfd4 (0x00000013) nop
core   0: 3 0x8000dfd4 (0x00000013)
core   0: 0x8000dfd8 (0x7ee23293) sltiu   t0, tp, 2030
core   0: 3 0x8000dfd8 (0x7ee23293) x 5 0x00000000
core   0: 0x8000dfdc (0x021e5c63) bge     t3, ra, pc + 56
core   0: 3 0x8000dfdc (0x021e5c63)
core   0: 0x8000dfe0 (0x040e5263) bgez    t3, pc + 68
core   0: 3 0x8000dfe0 (0x040e5263)
core   0: 0x8000dfe4 (0x015a80b3) add     ra, s5, s5
core   0: 3 0x8000dfe4 (0x015a80b3) x 1 0xdedc6974
core   0: 0x8000dfe8 (0x043f4463) blt     t5, gp, pc + 72
core   0: 3 0x8000dfe8 (0x043f4463)
core   0: 0x8000e030 (0x02626c63) bltu    tp, t1, pc + 56
core   0: 3 0x8000e030 (0x02626c63)
core   0: 0x8000e068 (0x013a06b3) add     a3, s4, s3
core   0: 3 0x8000e068 (0x013a06b3) x13 0x2047e7c3
core   0: 0x8000e06c (0x01979863) bne     a5, s9, pc + 16
core   0: 3 0x8000e06c (0x01979863)
core   0: 0x8000e07c (0x3ebb8b93) addi    s7, s7, 1003
core   0: 3 0x8000e07c (0x3ebb8b93) x23 0xa8794347
core   0: 0x8000e080 (0x00efee63) bltu    t6, a4, pc + 28
core   0: 3 0x8000e080 (0x00efee63)
core   0: 0x8000e09c (0xed696513) ori     a0, s2, -298
core   0: 3 0x8000e09c (0xed696513) x10 0xfffffed6
core   0: 0x8000e0a0 (0x0ff0000f) fence   iorw,iorw
core   0: 3 0x8000e0a0 (0x0ff0000f)
core   0: 0x8000e0a4 (0x404dda93) srai    s5, s11, 4
core   0: 3 0x8000e0a4 (0x404dda93) x21 0xff8c5500
core   0: 0x8000e0a8 (0x01498333) add     t1, s3, s4
core   0: 3 0x8000e0a8 (0x01498333) x 6 0x2047e7c3
core   0: 0x8000e0ac (0xd7c34e13) xori    t3, t1, -644
core   0: 3 0x8000e0ac (0xd7c34e13) x28 0xdfb81abf
core   0: 0x8000e0b0 (0x0079ee33) or      t3, s3, t2
core   0: 3 0x8000e0b0 (0x0079ee33) x28 0x8fb61f3f
core   0: 0x8000e0b4 (0x436cef93) ori     t6, s9, 1078
core   0: 3 0x8000e0b4 (0x436cef93) x31 0x24bc5436
core   0: 0x8000e0b8 (0x41d7d013) srai    zero, a5, 29
core   0: 3 0x8000e0b8 (0x41d7d013)
core   0: 0x8000e0bc (0x00000013) nop
core   0: 3 0x8000e0bc (0x00000013)
core   0: 0x8000e0c0 (0x40be51b3) sra     gp, t3, a1
core   0: 3 0x8000e0c0 (0x40be51b3) x 3 0xe3ed87cf
core   0: 0x8000e0c4 (0x03b9d863) bge     s3, s11, pc + 48
core   0: 3 0x8000e0c4 (0x03b9d863)
core   0: 0x8000e0c8 (0x014e49b3) xor     s3, t3, s4
core   0: 3 0x8000e0c8 (0x014e49b3) x19 0x1f27d7bb
core   0: 0x8000e0cc (0x003083b3) add     t2, ra, gp
core   0: 3 0x8000e0cc (0x003083b3) x 7 0xc2c9f143
core   0: 0x8000e0d0 (0x036a7e63) bgeu    s4, s6, pc + 60
core   0: 3 0x8000e0d0 (0x036a7e63)
core   0: 0x8000e10c (0x0083a033) slt     zero, t2, s0
core   0: 3 0x8000e10c (0x0083a033)
core   0: 0x8000e110 (0x9743a193) slti    gp, t2, -1676
core   0: 3 0x8000e110 (0x9743a193) x 3 0x00000001
core   0: 0x8000e114 (0x03318c63) beq     gp, s3, pc + 56
core   0: 3 0x8000e114 (0x03318c63)
core   0: 0x8000e118 (0x407f5d13) srai    s10, t5, 7
core   0: 3 0x8000e118 (0x407f5d13) x26 0x00000000
core   0: 0x8000e11c (0x00ccf4b3) and     s1, s9, a2
core   0: 3 0x8000e11c (0x00ccf4b3) x 9 0x00000000
core   0: 0x8000e120 (0x01ca9493) slli    s1, s5, 28
core   0: 3 0x8000e120 (0x01ca9493) x 9 0x00000000
core   0: 0x8000e124 (0x0042d4b3) srl     s1, t0, tp
core   0: 3 0x8000e124 (0x0042d4b3) x 9 0x00000000
core   0: 0x8000e128 (0x4cddcc13) xori    s8, s11, 1229
core   0: 3 0x8000e128 (0x4cddcc13) x24 0xf8c554cd
core   0: 0x8000e12c (0xd7e7cc37) lui     s8, 0xd7e7c
core   0: 3 0x8000e12c (0xd7e7cc37) x24 0xd7e7c000
core   0: 0x8000e130 (0xf2c00617) auipc   a2, 0xf2c00
core   0: 3 0x8000e130 (0xf2c00617) x12 0x72c0e130
core   0: 0x8000e134 (0x017d0333) add     t1, s10, s7
core   0: 3 0x8000e134 (0x017d0333) x 6 0xa8794347
core   0: 0x8000e138 (0x01e47c33) and     s8, s0, t5
core   0: 3 0x8000e138 (0x01e47c33) x24 0x00000000
core   0: 0x8000e13c (0x6b0019ef) jal     s3, pc + 0x16b0
core   0: 3 0x8000e13c (0x6b0019ef) x19 0x8000e140
core   0: 0x8000f7ec (0x406682b3) sub     t0, a3, t1
core   0: 3 0x8000f7ec (0x406682b3) x 5 0x77cea47c
core   0: 0x8000f7f0 (0x011b1663) bne     s6, a7, pc + 12
core   0: 3 0x8000f7f0 (0x011b1663)
core   0: 0x8000f7fc (0xff878793) addi    a5, a5, -8
core   0: 3 0x8000f7fc (0xff878793) x15 0x80028e10
core   0: 0x8000f800 (0x1d3fe737) lui     a4, 0x1d3fe
core   0: 3 0x8000f800 (0x1d3fe737) x14 0x1d3fe000
core   0: 0x8000f804 (0x0137a223) sw      s3, 4(a5)
core   0: 3 0x8000f804 (0x0137a223) mem 0x80028e14 0x8000e140
core   0: 0x8000f808 (0x469faf37) lui     t5, 0x469fa
core   0: 3 0x8000f808 (0x469faf37) x30 0x469fa000
core   0: 0x8000f80c (0xef158e13) addi    t3, a1, -271
core   0: 3 0x8000f80c (0xef158e13) x28 0xfffffef3
core   0: 0x8000f810 (0xeab11b17) auipc   s6, 0xeab11
core   0: 3 0x8000f810 (0xeab11b17) x22 0x6ab20810
core   0: 0x8000f814 (0x00000b93) li      s7, 0
core   0: 3 0x8000f814 (0x00000b93) x23 0x00000000
core   0: 0x8000f818 (0xdd922213) slti    tp, tp, -551
core   0: 3 0x8000f818 (0xdd922213) x 4 0x00000000
core   0: 0x8000f81c (0x01fde033) or      zero, s11, t6
core   0: 3 0x8000f81c (0x01fde033)
core   0: 0x8000f820 (0x000d9913) slli    s2, s11, 0
core   0: 3 0x8000f820 (0x000d9913) x18 0xf8c55000
core   0: 0x8000f824 (0x6ac92093) slti    ra, s2, 1708
core   0: 3 0x8000f824 (0x6ac92093) x 1 0x00000001
core   0: 0x8000f828 (0x013679b3) and     s3, a2, s3
core   0: 3 0x8000f828 (0x013679b3) x19 0x0000e100
core   0: 0x8000f82c (0x01ab9633) sll     a2, s7, s10
core   0: 3 0x8000f82c (0x01ab9633) x12 0x00000000
core   0: 0x8000f830 (0x00e98b33) add     s6, s3, a4
core   0: 3 0x8000f830 (0x00e98b33) x22 0x1d40c100
core   0: 0x8000f834 (0xe873bf93) sltiu   t6, t2, -377
core   0: 3 0x8000f834 (0xe873bf93) x31 0x00000001
core   0: 0x8000f838 (0x00f00693) li      a3, 15
core   0: 3 0x8000f838 (0x00f00693) x13 0x0000000f
core   0: 0x8000f83c (0xdaab6d13) ori     s10, s6, -598
core   0: 3 0x8000f83c (0xdaab6d13) x26 0xfffffdaa
core   0: 0x8000f840 (0x01f06c33) or      s8, zero, t6
core   0: 3 0x8000f840 (0x01f06c33) x24 0x00000001
core   0: 0x8000f844 (0x015d5933) srl     s2, s10, s5
core   0: 3 0x8000f844 (0x015d5933) x18 0xfffffdaa
core   0: 0x8000f848 (0x6fbf3d13) sltiu   s10, t5, 1787
core   0: 3 0x8000f848 (0x6fbf3d13) x26 0x00000000
core   0: 0x8000f84c (0x00155093) srli    ra, a0, 1
core   0: 3 0x8000f84c (0x00155093) x 1 0x7fffff6b
core   0: 0x8000f850 (0x011803b3) add     t2, a6, a7
core   0: 3 0x8000f850 (0x011803b3) x 7 0x0002cce4
core   0: 0x8000f854 (0x0000100f) fence.i
core   0: 3 0x8000f854 (0x0000100f)
core   0: 0x8000f858 (0x005b8b93) addi    s7, s7, 5
core   0: 3 0x8000f858 (0x005b8b93) x23 0x00000005
core   0: 0x8000f85c (0x0ff0000f) fence   iorw,iorw
core   0: 3 0x8000f85c (0x0ff0000f)
core   0: 0x8000f860 (0x00b17633) and     a2, sp, a1
core   0: 3 0x8000f860 (0x00b17633) x12 0x00000002
core   0: 0x8000f864 (0x00701313) slli    t1, zero, 7
core   0: 3 0x8000f864 (0x00701313) x 6 0x00000000
core   0: 0x8000f868 (0x00e06eb3) or      t4, zero, a4
core   0: 3 0x8000f868 (0x00e06eb3) x29 0x1d3fe000
core   0: 0x8000f86c (0xa71c3e93) sltiu   t4, s8, -1423
core   0: 3 0x8000f86c (0xa71c3e93) x29 0x00000001
core   0: 0x8000f870 (0xfcdbcce3) blt     s7, a3, pc - 40
core   0: 3 0x8000f870 (0xfcdbcce3)
core   0: 0x8000f848 (0x6fbf3d13) sltiu   s10, t5, 1787
core   0: 3 0x8000f848 (0x6fbf3d13) x26 0x00000000
core   0: 0x8000f84c (0x00155093) srli    ra, a0, 1
core   0: 3 0x8000f84c (0x00155093) x 1 0x7fffff6b
core   0: 0x8000f850 (0x011803b3) add     t2, a6, a7
core   0: 3 0x8000f850 (0x011803b3) x 7 0x0002cce4
core   0: 0x8000f854 (0x0000100f) fence.i
core   0: 3 0x8000f854 (0x0000100f)
core   0: 0x8000f858 (0x005b8b93) addi    s7, s7, 5
core   0: 3 0x8000f858 (0x005b8b93) x23 0x0000000a
core   0: 0x8000f85c (0x0ff0000f) fence   iorw,iorw
core   0: 3 0x8000f85c (0x0ff0000f)
core   0: 0x8000f860 (0x00b17633) and     a2, sp, a1
core   0: 3 0x8000f860 (0x00b17633) x12 0x00000002
core   0: 0x8000f864 (0x00701313) slli    t1, zero, 7
core   0: 3 0x8000f864 (0x00701313) x 6 0x00000000
core   0: 0x8000f868 (0x00e06eb3) or      t4, zero, a4
core   0: 3 0x8000f868 (0x00e06eb3) x29 0x1d3fe000
core   0: 0x8000f86c (0xa71c3e93) sltiu   t4, s8, -1423
core   0: 3 0x8000f86c (0xa71c3e93) x29 0x00000001
core   0: 0x8000f870 (0xfcdbcce3) blt     s7, a3, pc - 40
core   0: 3 0x8000f870 (0xfcdbcce3)
core   0: 0x8000f848 (0x6fbf3d13) sltiu   s10, t5, 1787
core   0: 3 0x8000f848 (0x6fbf3d13) x26 0x00000000
core   0: 0x8000f84c (0x00155093) srli    ra, a0, 1
core   0: 3 0x8000f84c (0x00155093) x 1 0x7fffff6b
core   0: 0x8000f850 (0x011803b3) add     t2, a6, a7
core   0: 3 0x8000f850 (0x011803b3) x 7 0x0002cce4
core   0: 0x8000f854 (0x0000100f) fence.i
core   0: 3 0x8000f854 (0x0000100f)
core   0: 0x8000f858 (0x005b8b93) addi    s7, s7, 5
core   0: 3 0x8000f858 (0x005b8b93) x23 0x0000000f
core   0: 0x8000f85c (0x0ff0000f) fence   iorw,iorw
core   0: 3 0x8000f85c (0x0ff0000f)
core   0: 0x8000f860 (0x00b17633) and     a2, sp, a1
core   0: 3 0x8000f860 (0x00b17633) x12 0x00000002
core   0: 0x8000f864 (0x00701313) slli    t1, zero, 7
core   0: 3 0x8000f864 (0x00701313) x 6 0x00000000
core   0: 0x8000f868 (0x00e06eb3) or      t4, zero, a4
core   0: 3 0x8000f868 (0x00e06eb3) x29 0x1d3fe000
core   0: 0x8000f86c (0xa71c3e93) sltiu   t4, s8, -1423
core   0: 3 0x8000f86c (0xa71c3e93) x29 0x00000001
core   0: 0x8000f870 (0xfcdbcce3) blt     s7, a3, pc - 40
core   0: 3 0x8000f870 (0xfcdbcce3)
core   0: 0x8000f874 (0x00245d93) srli    s11, s0, 2
core   0: 3 0x8000f874 (0x00245d93) x27 0x00000000
core   0: 0x8000f878 (0x00004117) auipc   sp, 0x4
core   0: 3 0x8000f878 (0x00004117) x 2 0x80013878
core   0: 0x8000f87c (0x25b10113) addi    sp, sp, 603
core   0: 3 0x8000f87c (0x25b10113) x 2 0x80013ad3
core   0: 0x8000f880 (0x00014517) auipc   a0, 0x14
core   0: 3 0x8000f880 (0x00014517) x10 0x80023880
core   0: 0x8000f884 (0xd6e50513) addi    a0, a0, -658
core   0: 3 0x8000f884 (0xd6e50513) x10 0x800235ee
core   0: 0x8000f888 (0xfc750d03) lb      s10, -57(a0)
core   0: 3 0x8000f888 (0xfc750d03) x26 0x0000003e mem 0x800235b5
core   0: 0x8000f88c (0x44d14583) lbu     a1, 1101(sp)
core   0: 3 0x8000f88c (0x44d14583) x11 0x000000df mem 0x80013f20
core   0: 0x8000f890 (0xff954283) lbu     t0, -7(a0)
core   0: 3 0x8000f890 (0xff954283) x 5 0x00000090 mem 0x800235e7
core   0: 0x8000f894 (0xb9910d83) lb      s11, -1127(sp)
core   0: 3 0x8000f894 (0xb9910d83) x27 0x00000019 mem 0x8001366c
core   0: 0x8000f898 (0xfcf50a83) lb      s5, -49(a0)
core   0: 3 0x8000f898 (0xfcf50a83) x21 0xffffff99 mem 0x800235bd
core   0: 0x8000f89c (0xfdc51e83) lh      t4, -36(a0)
core   0: 3 0x8000f89c (0xfdc51e83) x29 0x00003299 mem 0x800235ca
core   0: 0x8000f8a0 (0x48210a83) lb      s5, 1154(sp)
core   0: 3 0x8000f8a0 (0x48210a83) x21 0xffffffed mem 0x80013f55
core   0: 0x8000f8a4 (0x03b50303) lb      t1, 59(a0)
core   0: 3 0x8000f8a4 (0x03b50303) x 6 0x00000047 mem 0x80023629
core   0: 0x8000f8a8 (0x4d711203) lh      tp, 1239(sp)
core   0: 3 0x8000f8a8 (0x4d711203) x 4 0xfffff080 mem 0x80013faa
core   0: 0x8000f8ac (0x18714203) lbu     tp, 391(sp)
core   0: 3 0x8000f8ac (0x18714203) x 4 0x0000007c mem 0x80013c5a
core   0: 0x8000f8b0 (0x45c11fa3) sh      t3, 1119(sp)
core   0: 3 0x8000f8b0 (0x45c11fa3) mem 0x80013f32 0xfef3
core   0: 0x8000f8b4 (0x003505a3) sb      gp, 11(a0)
core   0: 3 0x8000f8b4 (0x003505a3) mem 0x800235f9 0x1
core   0: 0x8000f8b8 (0xbce10323) sb      a4, -1082(sp)
core   0: 3 0x8000f8b8 (0xbce10323) mem 0x80013699 0x0
core   0: 0x8000f8bc (0xfdc54b83) lbu     s7, -36(a0)
core   0: 3 0x8000f8bc (0xfdc54b83) x23 0x00000099 mem 0x800235ca
core   0: 0x8000f8c0 (0x030009ef) jal     s3, pc + 0x30
core   0: 3 0x8000f8c0 (0x030009ef) x19 0x8000f8c4
core   0: 0x8000f8f0 (0x028002ef) jal     t0, pc + 0x28
core   0: 3 0x8000f8f0 (0x028002ef) x 5 0x8000f8f4
core   0: 0x8000f918 (0xfc5ff0ef) jal     pc - 0x3c
core   0: 3 0x8000f918 (0xfc5ff0ef) x 1 0x8000f91c
core   0: 0x8000f8dc (0x038000ef) jal     pc + 0x38
core   0: 3 0x8000f8dc (0x038000ef) x 1 0x8000f8e0
core   0: 0x8000f914 (0xfc5ff36f) jal     t1, pc - 0x3c
core   0: 3 0x8000f914 (0xfc5ff36f) x 6 0x8000f918
core   0: 0x8000f8d8 (0x01c0036f) jal     t1, pc + 0x1c
core   0: 3 0x8000f8d8 (0x01c0036f) x 6 0x8000f8dc
core   0: 0x8000f8f4 (0x02800a6f) jal     s4, pc + 0x28
core   0: 3 0x8000f8f4 (0x02800a6f) x20 0x8000f8f8
core   0: 0x8000f91c (0xfa9ff16f) jal     sp, pc - 0x58
core   0: 3 0x8000f91c (0xfa9ff16f) x 2 0x8000f920
core   0: 0x8000f8c4 (0x040000ef) jal     pc + 0x40
core   0: 3 0x8000f8c4 (0x040000ef) x 1 0x8000f8c8
core   0: 0x8000f904 (0x00c000ef) jal     pc + 0xc
core   0: 3 0x8000f904 (0x00c000ef) x 1 0x8000f908
core   0: 0x8000f910 (0xffdff36f) jal     t1, pc - 0x4
core   0: 3 0x8000f910 (0xffdff36f) x 6 0x8000f914
core   0: 0x8000f90c (0xfbdffc6f) jal     s8, pc - 0x44
core   0: 3 0x8000f90c (0xfbdffc6f) x24 0x8000f910
core   0: 0x8000f8c8 (0x0600036f) jal     t1, pc + 0x60
core   0: 3 0x8000f8c8 (0x0600036f) x 6 0x8000f8cc
core   0: 0x8000f928 (0xfd5ff0ef) jal     pc - 0x2c
core   0: 3 0x8000f928 (0xfd5ff0ef) x 1 0x8000f92c
core   0: 0x8000f8fc (0x024003ef) jal     t2, pc + 0x24
core   0: 3 0x8000f8fc (0x024003ef) x 7 0x8000f900
core   0: 0x8000f920 (0xfb1ff0ef) jal     pc - 0x50
core   0: 3 0x8000f920 (0xfb1ff0ef) x 1 0x8000f924
core   0: 0x8000f8d0 (0x054000ef) jal     pc + 0x54
core   0: 3 0x8000f8d0 (0x054000ef) x 1 0x8000f8d4
core   0: 0x8000f924 (0xfddfffef) jal     t6, pc - 0x24
core   0: 3 0x8000f924 (0xfddfffef) x31 0x8000f928
core   0: 0x8000f900 (0xfe1ff0ef) jal     pc - 0x20
core   0: 3 0x8000f900 (0xfe1ff0ef) x 1 0x8000f904
core   0: 0x8000f8e0 (0xff5ff0ef) jal     pc - 0xc
core   0: 3 0x8000f8e0 (0xff5ff0ef) x 1 0x8000f8e4
core   0: 0x8000f8d4 (0xff9ff36f) jal     t1, pc - 0x8
core   0: 3 0x8000f8d4 (0xff9ff36f) x 6 0x8000f8d8
core   0: 0x8000f8cc (0x03c0036f) jal     t1, pc + 0x3c
core   0: 3 0x8000f8cc (0x03c0036f) x 6 0x8000f8d0
core   0: 0x8000f908 (0xfe5ff0ef) jal     pc - 0x1c
core   0: 3 0x8000f908 (0xfe5ff0ef) x 1 0x8000f90c
core   0: 0x8000f8ec (0xff9ff36f) jal     t1, pc - 0x8
core   0: 3 0x8000f8ec (0xff9ff36f) x 6 0x8000f8f0
core   0: 0x8000f8e4 (0x0140016f) jal     sp, pc + 0x14
core   0: 3 0x8000f8e4 (0x0140016f) x 2 0x8000f8e8
core   0: 0x8000f8f8 (0xff1ff36f) jal     t1, pc - 0x10
core   0: 3 0x8000f8f8 (0xff1ff36f) x 6 0x8000f8fc
core   0: 0x8000f8e8 (0x044001ef) jal     gp, pc + 0x44
core   0: 3 0x8000f8e8 (0x044001ef) x 3 0x8000f8ec
core   0: 0x8000f92c (0x006172b3) and     t0, sp, t1
core   0: 3 0x8000f92c (0x006172b3) x 5 0x8000f8e8
core   0: 0x8000f930 (0x00014517) auipc   a0, 0x14
core   0: 3 0x8000f930 (0x00014517) x10 0x80023930
core   0: 0x8000f934 (0xef550513) addi    a0, a0, -267
core   0: 3 0x8000f934 (0xef550513) x10 0x80023825
core   0: 0x8000f938 (0x0b154e83) lbu     t4, 177(a0)
core   0: 3 0x8000f938 (0x0b154e83) x29 0x0000001f mem 0x800238d6
core   0: 0x8000f93c (0x2d2f4613) xori    a2, t5, 722
core   0: 3 0x8000f93c (0x2d2f4613) x12 0x469fa2d2
core   0: 0x8000f940 (0x0b151b83) lh      s7, 177(a0)
core   0: 3 0x8000f940 (0x0b151b83) x23 0x0000111f mem 0x800238d6
core   0: 0x8000f944 (0xf5351a83) lh      s5, -173(a0)
core   0: 3 0x8000f944 (0xf5351a83) x21 0x00007705 mem 0x80023778
core   0: 0x8000f948 (0xf5350e83) lb      t4, -173(a0)
core   0: 3 0x8000f948 (0xf5350e83) x29 0x00000005 mem 0x80023778
core   0: 0x8000f94c (0xf5350683) lb      a3, -173(a0)
core   0: 3 0x8000f94c (0xf5350683) x13 0x00000005 mem 0x80023778
core   0: 0x8000f950 (0xf5354983) lbu     s3, -173(a0)
core   0: 3 0x8000f950 (0xf5354983) x19 0x00000005 mem 0x80023778
core   0: 0x8000f954 (0xf5351f83) lh      t6, -173(a0)
core   0: 3 0x8000f954 (0xf5351f83) x31 0x00007705 mem 0x80023778
core   0: 0x8000f958 (0xb13b4193) xori    gp, s6, -1261
core   0: 3 0x8000f958 (0xb13b4193) x 3 0xe2bf3a13
core   0: 0x8000f95c (0xf5355f03) lhu     t5, -173(a0)
core   0: 3 0x8000f95c (0xf5355f03) x30 0x00007705 mem 0x80023778
core   0: 0x8000f960 (0x09550d23) sb      s5, 154(a0)
core   0: 3 0x8000f960 (0x09550d23) mem 0x800238bf 0x5
core   0: 0x8000f964 (0x09d50d23) sb      t4, 154(a0)
core   0: 3 0x8000f964 (0x09d50d23) mem 0x800238bf 0x5
core   0: 0x8000f968 (0x0ff0000f) fence   iorw,iorw
core   0: 3 0x8000f968 (0x0ff0000f)
core   0: 0x8000f96c (0x9a583213) sltiu   tp, a6, -1627
core   0: 3 0x8000f96c (0x9a583213) x 4 0x00000001
core   0: 0x8000f970 (0x09a50c83) lb      s9, 154(a0)
core   0: 3 0x8000f970 (0x09a50c83) x25 0x00000005 mem 0x800238bf
core   0: 0x8000f974 (0x09a54b03) lbu     s6, 154(a0)
core   0: 3 0x8000f974 (0x09a54b03) x22 0x00000005 mem 0x800238bf
core   0: 0x8000f978 (0x09a54203) lbu     tp, 154(a0)
core   0: 3 0x8000f978 (0x09a54203) x 4 0x00000005 mem 0x800238bf
core   0: 0x8000f97c (0x09a50a03) lb      s4, 154(a0)
core   0: 3 0x8000f97c (0x09a50a03) x20 0x00000005 mem 0x800238bf
core   0: 0x8000f980 (0x01fe7133) and     sp, t3, t6
core   0: 3 0x8000f980 (0x01fe7133) x 2 0x00007601
core   0: 0x8000f984 (0x09a54683) lbu     a3, 154(a0)
core   0: 3 0x8000f984 (0x09a54683) x13 0x00000005 mem 0x800238bf
core   0: 0x8000f988 (0x09a54d83) lbu     s11, 154(a0)
core   0: 3 0x8000f988 (0x09a54d83) x27 0x00000005 mem 0x800238bf
core   0: 0x8000f98c (0x09a54403) lbu     s0, 154(a0)
core   0: 3 0x8000f98c (0x09a54403) x 8 0x00000005 mem 0x800238bf
core   0: 0x8000f990 (0xffb00593) li      a1, -5
core   0: 3 0x8000f990 (0xffb00593) x11 0xfffffffb
core   0: 0x8000f994 (0x50c34e93) xori    t4, t1, 1292
core   0: 3 0x8000f994 (0x50c34e93) x29 0x8000fdf0
core   0: 0x8000f998 (0x0102a633) slt     a2, t0, a6
core   0: 3 0x8000f998 (0x0102a633) x12 0x00000000
core   0: 0x8000f99c (0x01d4c4b3) xor     s1, s1, t4
core   0: 3 0x8000f99c (0x01d4c4b3) x 9 0x8000fdf0
core   0: 0x8000f9a0 (0x01b65693) srli    a3, a2, 27
core   0: 3 0x8000f9a0 (0x01b65693) x13 0x00000000
core   0: 0x8000f9a4 (0x00799613) slli    a2, s3, 7
core   0: 3 0x8000f9a4 (0x00799613) x12 0x00000280
core   0: 0x8000f9a8 (0xe874d4b7) lui     s1, 0xe874d
core   0: 3 0x8000f9a8 (0xe874d4b7) x 9 0xe874d000
core   0: 0x8000f9ac (0x00000393) li      t2, 0
core   0: 3 0x8000f9ac (0x00000393) x 7 0x00000000
core   0: 0x8000f9b0 (0x411e8ab3) sub     s5, t4, a7
core   0: 3 0x8000f9b0 (0x411e8ab3) x21 0xfffe310c
core   0: 0x8000f9b4 (0x014cd293) srli    t0, s9, 20
core   0: 3 0x8000f9b4 (0x014cd293) x 5 0x00000000
core   0: 0x8000f9b8 (0x0000100f) fence.i
core   0: 3 0x8000f9b8 (0x0000100f)
core   0: 0x8000f9bc (0x01839f13) slli    t5, t2, 24
core   0: 3 0x8000f9bc (0x01839f13) x30 0x00000000
core   0: 0x8000f9c0 (0x01aa0eb3) add     t4, s4, s10
core   0: 3 0x8000f9c0 (0x01aa0eb3) x29 0x00000043
core   0: 0x8000f9c4 (0x01026333) or      t1, tp, a6
core   0: 3 0x8000f9c4 (0x01026333) x 6 0x80000005
core   0: 0x8000f9c8 (0x55902093) slti    ra, zero, 1369
core   0: 3 0x8000f9c8 (0x55902093) x 1 0x00000001
core   0: 0x8000f9cc (0x04b18713) addi    a4, gp, 75
core   0: 3 0x8000f9cc (0x04b18713) x14 0xe2bf3a5e
core   0: 0x8000f9d0 (0x01d71fb3) sll     t6, a4, t4
core   0: 3 0x8000f9d0 (0x01d71fb3) x31 0x15f9d2f0
core   0: 0x8000f9d4 (0x000a9f93) slli    t6, s5, 0
core   0: 3 0x8000f9d4 (0x000a9f93) x31 0xfffe310c
core   0: 0x8000f9d8 (0x0000100f) fence.i
core   0: 3 0x8000f9d8 (0x0000100f)
core   0: 0x8000f9dc (0x0000100f) fence.i
core   0: 3 0x8000f9dc (0x0000100f)
core   0: 0x8000f9e0 (0x00758593) addi    a1, a1, 7
core   0: 3 0x8000f9e0 (0x00758593) x11 0x00000002
core   0: 0x8000f9e4 (0xfc75cee3) blt     a1, t2, pc - 36
core   0: 3 0x8000f9e4 (0xfc75cee3)
core   0: 0x8000f9e8 (0xa117f197) auipc   gp, 0xa117f
core   0: 3 0x8000f9e8 (0xa117f197) x 3 0x2118e9e8
core   0: 0x8000f9ec (0x00010f17) auipc   t5, 0x10
core   0: 3 0x8000f9ec (0x00010f17) x30 0x8001f9ec
core   0: 0x8000f9f0 (0xea8f0f13) addi    t5, t5, -344
core   0: 3 0x8000f9f0 (0xea8f0f13) x30 0x8001f894
core   0: 0x8000f9f4 (0x1abf1923) sh      a1, 434(t5)
core   0: 3 0x8000f9f4 (0x1abf1923) mem 0x8001fa46 0x0002
core   0: 0x8000f9f8 (0xa4cf1c83) lh      s9, -1460(t5)
core   0: 3 0x8000f9f8 (0xa4cf1c83) x25 0x000062cf mem 0x8001f2e0
core   0: 0x8000f9fc (0x65df0103) lb      sp, 1629(t5)
core   0: 3 0x8000f9fc (0x65df0103) x 2 0xffffff8c mem 0x8001fef1
core   0: 0x8000fa00 (0x2b0f0ea3) sb      a6, 701(t5)
core   0: 3 0x8000fa00 (0x2b0f0ea3) mem 0x8001fb51 0x0
core   0: 0x8000fa04 (0x00ea0a33) add     s4, s4, a4
core   0: 3 0x8000fa04 (0x00ea0a33) x20 0xe2bf3a63
core   0: 0x8000fa08 (0x04bf0c03) lb      s8, 75(t5)
core   0: 3 0x8000fa08 (0x04bf0c03) x24 0x0000001c mem 0x8001f8df
core   0: 0x8000fa0c (0x00ec0d33) add     s10, s8, a4
core   0: 3 0x8000fa0c (0x00ec0d33) x26 0xe2bf3a7a
core   0: 0x8000fa10 (0x0000100f) fence.i
core   0: 3 0x8000fa10 (0x0000100f)
core   0: 0x8000fa14 (0x0000100f) fence.i
core   0: 3 0x8000fa14 (0x0000100f)
core   0: 0x8000fa18 (0xaeff4603) lbu     a2, -1297(t5)
core   0: 3 0x8000fa18 (0xaeff4603) x12 0x0000005b mem 0x8001f383
core   0: 0x8000fa1c (0xf5994593) xori    a1, s2, -167
core   0: 3 0x8000fa1c (0xf5994593) x11 0x000002f3
core   0: 0x8000fa20 (0x7c373a13) sltiu   s4, a4, 1987
core   0: 3 0x8000fa20 (0x7c373a13) x20 0x00000000
core   0: 0x8000fa24 (0x232bff93) andi    t6, s7, 562
core   0: 3 0x8000fa24 (0x232bff93) x31 0x00000012
core   0: 0x8000fa28 (0xf98f0a03) lb      s4, -104(t5)
core   0: 3 0x8000fa28 (0xf98f0a03) x20 0xffffffa3 mem 0x8001f82c
core   0: 0x8000fa2c (0x01dee533) or      a0, t4, t4
core   0: 3 0x8000fa2c (0x01dee533) x10 0x00000043
core   0: 0x8000fa30 (0x9d9eb713) sltiu   a4, t4, -1575
core   0: 3 0x8000fa30 (0x9d9eb713) x14 0x00000001
core   0: 0x8000fa34 (0xf2bf0203) lb      tp, -213(t5)
core   0: 3 0x8000fa34 (0xf2bf0203) x 4 0xffffffaa mem 0x8001f7bf
core   0: 0x8000fa38 (0x506f06a3) sb      t1, 1293(t5)
core   0: 3 0x8000fa38 (0x506f06a3) mem 0x8001fda1 0x5
core   0: 0x8000fa3c (0x00ff91b3) sll     gp, t6, a5
core   0: 3 0x8000fa3c (0x00ff91b3) x 3 0x00120000
core   0: 0x8000fa40 (0xf08f5b03) lhu     s6, -248(t5)
core   0: 3 0x8000fa40 (0xf08f5b03) x22 0x0000c5d8 mem 0x8001f79c
core   0: 0x8000fa44 (0x096f01a3) sb      s6, 131(t5)
core   0: 3 0x8000fa44 (0x096f01a3) mem 0x8001f917 0xd8
core   0: 0x8000fa48 (0x00a0db93) srli    s7, ra, 10
core   0: 3 0x8000fa48 (0x00a0db93) x23 0x00000000
core   0: 0x8000fa4c (0x41d45a93) srai    s5, s0, 29
core   0: 3 0x8000fa4c (0x41d45a93) x21 0x00000000
core   0: 0x8000fa50 (0x41195213) srai    tp, s2, 17
core   0: 3 0x8000fa50 (0x41195213) x 4 0xffffffff
core   0: 0x8000fa54 (0x003bb733) sltu    a4, s7, gp
core   0: 3 0x8000fa54 (0x003bb733) x14 0x00000001
core   0: 0x8000fa58 (0x95cf1223) sh      t3, -1724(t5)
core   0: 3 0x8000fa58 (0x95cf1223) mem 0x8001f1d8 0xfef3
core   0: 0x8000fa5c (0x00b09c13) slli    s8, ra, 11
core   0: 3 0x8000fa5c (0x00b09c13) x24 0x00000800
core   0: 0x8000fa60 (0x62af5703) lhu     a4, 1578(t5)
core   0: 3 0x8000fa60 (0x62af5703) x14 0x0000b566 mem 0x8001febe
core   0: 0x8000fa64 (0x10df1b23) sh      a3, 278(t5)
core   0: 3 0x8000fa64 (0x10df1b23) mem 0x8001f9aa 0x0000
core   0: 0x8000fa68 (0x22884993) xori    s3, a6, 552
core   0: 3 0x8000fa68 (0x22884993) x19 0x80000228
core   0: 0x8000fa6c (0x47057693) andi    a3, a0, 1136
core   0: 3 0x8000fa6c (0x47057693) x13 0x00000040
core   0: 0x8000fa70 (0x496f0e03) lb      t3, 1174(t5)
core   0: 3 0x8000fa70 (0x496f0e03) x28 0x0000006d mem 0x8001fd2a
core   0: 0x8000fa74 (0x40c35433) sra     s0, t1, a2
core   0: 3 0x8000fa74 (0x40c35433) x 8 0xfffffff0
core   0: 0x8000fa78 (0x392f5683) lhu     a3, 914(t5)
core   0: 3 0x8000fa78 (0x392f5683) x13 0x00006abd mem 0x8001fc26
core   0: 0x8000fa7c (0x00014b17) auipc   s6, 0x14
core   0: 3 0x8000fa7c (0x00014b17) x22 0x80023a7c
core   0: 0x8000fa80 (0x119b0b13) addi    s6, s6, 281
core   0: 3 0x8000fa80 (0x119b0b13) x22 0x80023b95
core   0: 0x8000fa84 (0x00004d17) auipc   s10, 0x4
core   0: 3 0x8000fa84 (0x00004d17) x26 0x80013a84
core   0: 0x8000fa88 (0x089d0d13) addi    s10, s10, 137
core   0: 3 0x8000fa88 (0x089d0d13) x26 0x80013b0d
core   0: 0x8000fa8c (0xf72b4f03) lbu     t5, -142(s6)
core   0: 3 0x8000fa8c (0xf72b4f03) x30 0x000000de mem 0x80023b07
core   0: 0x8000fa90 (0xfc7b5e83) lhu     t4, -57(s6)
core   0: 3 0x8000fa90 (0xfc7b5e83) x29 0x00002275 mem 0x80023b5c
core   0: 0x8000fa94 (0xfc1b0f23) sb      ra, -34(s6)
core   0: 3 0x8000fa94 (0xfc1b0f23) mem 0x80023b73 0x1
core   0: 0x8000fa98 (0xf6ab0223) sb      a0, -156(s6)
core   0: 3 0x8000fa98 (0xf6ab0223) mem 0x80023af9 0x43
core   0: 0x8000fa9c (0xfe0d4983) lbu     s3, -32(s10)
core   0: 3 0x8000fa9c (0xfe0d4983) x19 0x00000071 mem 0x80013aed
core   0: 0x8000faa0 (0x0dcb4603) lbu     a2, 220(s6)
core   0: 3 0x8000faa0 (0x0dcb4603) x12 0x00000087 mem 0x80023c71
core   0: 0x8000faa4 (0xf36b18a3) sh      s6, -207(s6)
core   0: 3 0x8000faa4 (0xf36b18a3) mem 0x80023ac6 0x3b95
core   0: 0x8000faa8 (0x0c3d0c23) sb      gp, 216(s10)
core   0: 3 0x8000faa8 (0x0c3d0c23) mem 0x80013be5 0x0
core   0: 0x8000faac (0xf9fb10a3) sh      t6, -127(s6)
core   0: 3 0x8000faac (0xf9fb10a3) mem 0x80023b16 0x0012
core   0: 0x8000fab0 (0xfc8d0183) lb      gp, -56(s10)
core   0: 3 0x8000fab0 (0xfc8d0183) x 3 0xffffffff mem 0x80013ad5
core   0: 0x8000fab4 (0x0efb14a3) sh      a5, 233(s6)
core   0: 3 0x8000fab4 (0x0efb14a3) mem 0x80023c7e 0x8e10
core   0: 0x8000fab8 (0xfd5d0f23) sb      s5, -34(s10)
core   0: 3 0x8000fab8 (0xfd5d0f23) mem 0x80013aeb 0x0
core   0: 0x8000fabc (0x071b1583) lh      a1, 113(s6)
core   0: 3 0x8000fabc (0x071b1583) x11 0xffffacb3 mem 0x80023c06
core   0: 0x8000fac0 (0xfded0683) lb      a3, -34(s10)
core   0: 3 0x8000fac0 (0xfded0683) x13 0x00000000 mem 0x80013aeb
core   0: 0x8000fac4 (0x00004497) auipc   s1, 0x4
core   0: 3 0x8000fac4 (0x00004497) x 9 0x80013ac4
core   0: 0x8000fac8 (0x43e48493) addi    s1, s1, 1086
core   0: 3 0x8000fac8 (0x43e48493) x 9 0x80013f02
core   0: 0x8000facc (0x00004317) auipc   t1, 0x4
core   0: 3 0x8000facc (0x00004317) x 6 0x80013acc
core   0: 0x8000fad0 (0xb3430313) addi    t1, t1, -1228
core   0: 3 0x8000fad0 (0xb3430313) x 6 0x80013600
core   0: 0x8000fad4 (0x00c30523) sb      a2, 10(t1)
core   0: 3 0x8000fad4 (0x00c30523) mem 0x8001360a 0x87
core   0: 0x8000fad8 (0x00004697) auipc   a3, 0x4
core   0: 3 0x8000fad8 (0x00004697) x13 0x80013ad8
core   0: 0x8000fadc (0xb0868693) addi    a3, a3, -1272
core   0: 3 0x8000fadc (0xb0868693) x13 0x800135e0
core   0: 0x8000fae0 (0xb1c69b83) lh      s7, -1252(a3)
core   0: 3 0x8000fae0 (0xb1c69b83) x23 0x0000075b mem 0x800130fc
core   0: 0x8000fae4 (0xff334903) lbu     s2, -13(t1)
core   0: 3 0x8000fae4 (0xff334903) x18 0x000000f4 mem 0x800135f3
core   0: 0x8000fae8 (0xd05686a3) sb      t0, -755(a3)
core   0: 3 0x8000fae8 (0xd05686a3) mem 0x800132ed 0x0
core   0: 0x8000faec (0xff430b23) sb      s4, -10(t1)
core   0: 3 0x8000faec (0xff430b23) mem 0x800135f6 0xa3
core   0: 0x8000faf0 (0x3196c383) lbu     t2, 793(a3)
core   0: 3 0x8000faf0 (0x3196c383) x 7 0x000000ac mem 0x800138f9
core   0: 0x8000faf4 (0x01a49723) sh      s10, 14(s1)
core   0: 3 0x8000faf4 (0x01a49723) mem 0x80013f10 0x3b0d
core   0: 0x8000faf8 (0x3e669f83) lh      t6, 998(a3)
core   0: 3 0x8000faf8 (0x3e669f83) x31 0x00001302 mem 0x800139c6
core   0: 0x8000fafc (0xfc449083) lh      ra, -60(s1)
core   0: 3 0x8000fafc (0xfc449083) x 1 0xfffffa00 mem 0x80013ec6
core   0: 0x8000fb00 (0xffe35d83) lhu     s11, -2(t1)
core   0: 3 0x8000fb00 (0xffe35d83) x27 0x0000f816 mem 0x800135fe
core   0: 0x8000fb04 (0x3a6687a3) sb      t1, 943(a3)
core   0: 3 0x8000fb04 (0x3a6687a3) mem 0x8001398f 0x0
core   0: 0x8000fb08 (0xff530e03) lb      t3, -11(t1)
core   0: 3 0x8000fb08 (0xff530e03) x28 0x00000069 mem 0x800135f5
core   0: 0x8000fb0c (0x3096c603) lbu     a2, 777(a3)
core   0: 3 0x8000fb0c (0x3096c603) x12 0x00000072 mem 0x800138e9
core   0: 0x8000fb10 (0xffe34b83) lbu     s7, -2(t1)
core   0: 3 0x8000fb10 (0xffe34b83) x23 0x00000016 mem 0x800135fe
core   0: 0x8000fb14 (0xbb46a103) lw      sp, -1100(a3)
core   0: 3 0x8000fb14 (0xbb46a103) x 2 0xe6119df6 mem 0x80013194
core   0: 0x8000fb18 (0xfce48123) sb      a4, -62(s1)
core   0: 3 0x8000fb18 (0xfce48123) mem 0x80013ec4 0x66
core   0: 0x8000fb1c (0xfc148ea3) sb      ra, -35(s1)
core   0: 3 0x8000fb1c (0xfc148ea3) mem 0x80013edf 0x0
core   0: 0x8000fb20 (0x003305a3) sb      gp, 11(t1)
core   0: 3 0x8000fb20 (0x003305a3) mem 0x8001360b 0xff
core   0: 0x8000fb24 (0xfd449f83) lh      t6, -44(s1)
core   0: 3 0x8000fb24 (0xfd449f83) x31 0x00000bbb mem 0x80013ed6
core   0: 0x8000fb28 (0x4ae68623) sb      a4, 1196(a3)
core   0: 3 0x8000fb28 (0x4ae68623) mem 0x80013a8c 0x66
core   0: 0x8000fb2c (0xffc31183) lh      gp, -4(t1)
core   0: 3 0x8000fb2c (0xffc31183) x 3 0x0000672a mem 0x800135fc
core   0: 0x8000fb30 (0x0000b917) auipc   s2, 0xb
core   0: 3 0x8000fb30 (0x0000b917) x18 0x8001ab30
core   0: 0x8000fb34 (0xc3b90913) addi    s2, s2, -965
core   0: 3 0x8000fb34 (0xc3b90913) x18 0x8001a76b
core   0: 0x8000fb38 (0x0000a997) auipc   s3, 0xa
core   0: 3 0x8000fb38 (0x0000a997) x19 0x80019b38
core   0: 0x8000fb3c (0xec698993) addi    s3, s3, -314
core   0: 3 0x8000fb3c (0xec698993) x19 0x800199fe
core   0: 0x8000fb40 (0x01098aa3) sb      a6, 21(s3)
core   0: 3 0x8000fb40 (0x01098aa3) mem 0x80019a13 0x0
core   0: 0x8000fb44 (0x00011197) auipc   gp, 0x11
core   0: 3 0x8000fb44 (0x00011197) x 3 0x80020b44
core   0: 0x8000fb48 (0xa0d18193) addi    gp, gp, -1523
core   0: 3 0x8000fb48 (0xa0d18193) x 3 0x80020551
core   0: 0x8000fb4c (0xff990b23) sb      s9, -10(s2)
core   0: 3 0x8000fb4c (0xff990b23) mem 0x8001a761 0xcf
core   0: 0x8000fb50 (0xfd999a23) sh      s9, -44(s3)
core   0: 3 0x8000fb50 (0xfd999a23) mem 0x800199d2 0x62cf
core   0: 0x8000fb54 (0x00011e97) auipc   t4, 0x11
core   0: 3 0x8000fb54 (0x00011e97) x29 0x80020b54
core   0: 0x8000fb58 (0x552e8e93) addi    t4, t4, 1362
core   0: 3 0x8000fb58 (0x552e8e93) x29 0x800210a6
core   0: 0x8000fb5c (0x02c90b23) sb      a2, 54(s2)
core   0: 3 0x8000fb5c (0x02c90b23) mem 0x8001a7a1 0x72
core   0: 0x8000fb60 (0xffe99723) sh      t5, -18(s3)
core   0: 3 0x8000fb60 (0xffe99723) mem 0x800199ec 0x00de
core   0: 0x8000fb64 (0x0a0ec583) lbu     a1, 160(t4)
core   0: 3 0x8000fb64 (0x0a0ec583) x11 0x0000006a mem 0x80021146
core   0: 0x8000fb68 (0x03c90523) sb      t3, 42(s2)
core   0: 3 0x8000fb68 (0x03c90523) mem 0x8001a795 0x69
core   0: 0x8000fb6c (0x01190523) sb      a7, 10(s2)
core   0: 3 0x8000fb6c (0x01190523) mem 0x8001a775 0xe4
core   0: 0x8000fb70 (0xfcd94103) lbu     sp, -51(s2)
core   0: 3 0x8000fb70 (0xfcd94103) x 2 0x000000b7 mem 0x8001a738
core   0: 0x8000fb74 (0x01818223) sb      s8, 4(gp)
core   0: 3 0x8000fb74 (0x01818223) mem 0x80020555 0x0
core   0: 0x8000fb78 (0xfe795103) lhu     sp, -25(s2)
core   0: 3 0x8000fb78 (0xfe795103) x 2 0x00002781 mem 0x8001a752
core   0: 0x8000fb7c (0xffcecb83) lbu     s7, -4(t4)
core   0: 3 0x8000fb7c (0xffcecb83) x23 0x000000ff mem 0x800210a2
core   0: 0x8000fb80 (0xfe618003) lb      zero, -26(gp)
core   0: 3 0x8000fb80 (0xfe618003) mem 0x80020537
core   0: 0x8000fb84 (0x01090503) lb      a0, 16(s2)
core   0: 3 0x8000fb84 (0x01090503) x10 0xffffffe1 mem 0x8001a77b
core   0: 0x8000fb88 (0x0b9ec683) lbu     a3, 185(t4)
core   0: 3 0x8000fb88 (0x0b9ec683) x13 0x0000004c mem 0x8002115f
core   0: 0x8000fb8c (0x02519f83) lh      t6, 37(gp)
core   0: 3 0x8000fb8c (0x02519f83) x31 0xffffd5bc mem 0x80020576
core   0: 0x8000fb90 (0xfc0190a3) sh      zero, -63(gp)
core   0: 3 0x8000fb90 (0xfc0190a3) mem 0x80020512 0x0000
core   0: 0x8000fb94 (0x00719083) lh      ra, 7(gp)
core   0: 3 0x8000fb94 (0x00719083) x 1 0x00004807 mem 0x80020558
core   0: 0x8000fb98 (0x084ec483) lbu     s1, 132(t4)
core   0: 3 0x8000fb98 (0x084ec483) x 9 0x000000ad mem 0x8002112a
core   0: 0x8000fb9c (0x02e98683) lb      a3, 46(s3)
core   0: 3 0x8000fb9c (0x02e98683) x13 0xffffffd0 mem 0x80019a2c
core   0: 0x8000fba0 (0x0189c383) lbu     t2, 24(s3)
core   0: 3 0x8000fba0 (0x0189c383) x 7 0x000000b3 mem 0x80019a16
core   0: 0x8000fba4 (0xfc4edf83) lhu     t6, -60(t4)
core   0: 3 0x8000fba4 (0xfc4edf83) x31 0x000074c4 mem 0x8002106a
core   0: 0x8000fba8 (0x03319aa3) sh      s3, 53(gp)
core   0: 3 0x8000fba8 (0x03319aa3) mem 0x80020586 0x99fe
core   0: 0x8000fbac (0x02a18203) lb      tp, 42(gp)
core   0: 3 0x8000fbac (0x02a18203) x 4 0x00000029 mem 0x8002057b
core   0: 0x8000fbb0 (0x076e8e23) sb      s6, 124(t4)
core   0: 3 0x8000fbb0 (0x076e8e23) mem 0x80021122 0x95
core   0: 0x8000fbb4 (0xfb3e8623) sb      s3, -84(t4)
core   0: 3 0x8000fbb4 (0xfb3e8623) mem 0x80021052 0xfe
core   0: 0x8000fbb8 (0x00014117) auipc   sp, 0x14
core   0: 3 0x8000fbb8 (0x00014117) x 2 0x80023bb8
core   0: 0x8000fbbc (0xe7210113) addi    sp, sp, -398
core   0: 3 0x8000fbbc (0xe7210113) x 2 0x80023a2a
core   0: 0x8000fbc0 (0xff015303) lhu     t1, -16(sp)
core   0: 3 0x8000fbc0 (0xff015303) x 6 0x0000009f mem 0x80023a1a
core   0: 0x8000fbc4 (0x3944ad93) slti    s11, s1, 916
core   0: 3 0x8000fbc4 (0x3944ad93) x27 0x00000001
core   0: 0x8000fbc8 (0x01a35333) srl     t1, t1, s10
core   0: 3 0x8000fbc8 (0x01a35333) x 6 0x00000000
core   0: 0x8000fbcc (0x7e91cd13) xori    s10, gp, 2025
core   0: 3 0x8000fbcc (0x7e91cd13) x26 0x800202b8
core   0: 0x8000fbd0 (0x00335333) srl     t1, t1, gp
core   0: 3 0x8000fbd0 (0x00335333) x 6 0x00000000
core   0: 0x8000fbd4 (0x01249193) slli    gp, s1, 18
core   0: 3 0x8000fbd4 (0x01249193) x 3 0x02b40000
core   0: 0x8000fbd8 (0x00811303) lh      t1, 8(sp)
core   0: 3 0x8000fbd8 (0x00811303) x 6 0xfffffe3d mem 0x80023a32
core   0: 0x8000fbdc (0x01b31333) sll     t1, t1, s11
core   0: 3 0x8000fbdc (0x01b31333) x 6 0xfffffc7a
core   0: 0x8000fbe0 (0x40435313) srai    t1, t1, 4
core   0: 3 0x8000fbe0 (0x40435313) x 6 0xffffffc7
core   0: 0x8000fbe4 (0x00d30d33) add     s10, t1, a3
core   0: 3 0x8000fbe4 (0x00d30d33) x26 0xffffff97
core   0: 0x8000fbe8 (0x003d24b3) slt     s1, s10, gp
core   0: 3 0x8000fbe8 (0x003d24b3) x 9 0x00000001
core   0: 0x8000fbec (0x00114483) lbu     s1, 1(sp)
core   0: 3 0x8000fbec (0x00114483) x 9 0x00000084 mem 0x80023a2b
core   0: 0x8000fbf0 (0x00510183) lb      gp, 5(sp)
core   0: 3 0x8000fbf0 (0x00510183) x 3 0xffffffae mem 0x80023a2f
core   0: 0x8000fbf4 (0x06136693) ori     a3, t1, 97
core   0: 3 0x8000fbf4 (0x06136693) x13 0xffffffe7
core   0: 0x8000fbf8 (0x6d2cb337) lui     t1, 0x6d2cb
core   0: 3 0x8000fbf8 (0x6d2cb337) x 6 0x6d2cb000
core   0: 0x8000fbfc (0xfe910d23) sb      s1, -6(sp)
core   0: 3 0x8000fbfc (0xfe910d23) mem 0x80023a24 0x84
core   0: 0x8000fc00 (0x00000013) nop
core   0: 3 0x8000fc00 (0x00000013)
core   0: 0x8000fc04 (0x0bd6dd17) auipc   s10, 0xbd6d
core   0: 3 0x8000fc04 (0x0bd6dd17) x26 0x8bd7cc04
core   0: 0x8000fc08 (0xfe610ba3) sb      t1, -9(sp)
core   0: 3 0x8000fc08 (0xfe610ba3) mem 0x80023a21 0x0
core   0: 0x8000fc0c (0xc4fdcd37) lui     s10, 0xc4fdc
core   0: 3 0x8000fc0c (0xc4fdcd37) x26 0xc4fdc000
core   0: 0x8000fc10 (0x00a14683) lbu     a3, 10(sp)
core   0: 3 0x8000fc10 (0x00a14683) x13 0x000000d4 mem 0x80023a34
core   0: 0x8000fc14 (0xb256b193) sltiu   gp, a3, -1243
core   0: 3 0x8000fc14 (0xb256b193) x 3 0x00000001
core   0: 0x8000fc18 (0x40d48d33) sub     s10, s1, a3
core   0: 3 0x8000fc18 (0x40d48d33) x26 0xffffffb0
core   0: 0x8000fc1c (0x00d684b3) add     s1, a3, a3
core   0: 3 0x8000fc1c (0x00d684b3) x 9 0x000001a8
core   0: 0x8000fc20 (0xff212183) lw      gp, -14(sp)
core   0: 3 0x8000fc20 (0xff212183) x 3 0xbd5267e4 mem 0x80023a1c
core   0: 0x8000fc24 (0x009d81b3) add     gp, s11, s1
core   0: 3 0x8000fc24 (0x009d81b3) x 3 0x000001a9
core   0: 0x8000fc28 (0x009da6b3) slt     a3, s11, s1
core   0: 3 0x8000fc28 (0x009da6b3) x13 0x00000001
core   0: 0x8000fc2c (0xff815303) lhu     t1, -8(sp)
core   0: 3 0x8000fc2c (0xff815303) x 6 0x0000d422 mem 0x80023a22
core   0: 0x8000fc30 (0x0ff0000f) fence   iorw,iorw
core   0: 3 0x8000fc30 (0x0ff0000f)
core   0: 0x8000fc34 (0x01b354b3) srl     s1, t1, s11
core   0: 3 0x8000fc34 (0x01b354b3) x 9 0x00006a11
core   0: 0x8000fc38 (0x00a11d03) lh      s10, 10(sp)
core   0: 3 0x8000fc38 (0x00a11d03) x26 0x000077d4 mem 0x80023a34
core   0: 0x8000fc3c (0x00d14683) lbu     a3, 13(sp)
core   0: 3 0x8000fc3c (0x00d14683) x13 0x00000049 mem 0x80023a37
core   0: 0x8000fc40 (0x00331693) slli    a3, t1, 3
core   0: 3 0x8000fc40 (0x00331693) x13 0x0006a110
core   0: 0x8000fc44 (0x00414d83) lbu     s11, 4(sp)
core   0: 3 0x8000fc44 (0x00414d83) x27 0x0000004f mem 0x80023a2e
core   0: 0x8000fc48 (0x00414d83) lbu     s11, 4(sp)
core   0: 3 0x8000fc48 (0x00414d83) x27 0x0000004f mem 0x80023a2e
core   0: 0x8000fc4c (0x00e10183) lb      gp, 14(sp)
core   0: 3 0x8000fc4c (0x00e10183) x 3 0xffffffda mem 0x80023a38
core   0: 0x8000fc50 (0x00931d33) sll     s10, t1, s1
core   0: 3 0x8000fc50 (0x00931d33) x26 0xa8440000
core   0: 0x8000fc54 (0x00449313) slli    t1, s1, 4
core   0: 3 0x8000fc54 (0x00449313) x 6 0x0006a110
core   0: 0x8000fc58 (0xbde4e193) ori     gp, s1, -1058
core   0: 3 0x8000fc58 (0xbde4e193) x 3 0xfffffbdf
core   0: 0x8000fc5c (0x01b11823) sh      s11, 16(sp)
core   0: 3 0x8000fc5c (0x01b11823) mem 0x80023a3a 0x004f
core   0: 0x8000fc60 (0xd816bd13) sltiu   s10, a3, -639
core   0: 3 0x8000fc60 (0xd816bd13) x26 0x00000001
core   0: 0x8000fc64 (0xff514683) lbu     a3, -11(sp)
core   0: 3 0x8000fc64 (0xff514683) x13 0x000000bd mem 0x80023a1f
core   0: 0x8000fc68 (0xffb14183) lbu     gp, -5(sp)
core   0: 3 0x8000fc68 (0xffb14183) x 3 0x00000031 mem 0x80023a25
core   0: 0x8000fc6c (0x01b34333) xor     t1, t1, s11
core   0: 3 0x8000fc6c (0x01b34333) x 6 0x0006a15f
core   0: 0x8000fc70 (0x2751a193) slti    gp, gp, 629
core   0: 3 0x8000fc70 (0x2751a193) x 3 0x00000001
core   0: 0x8000fc74 (0x36c36313) ori     t1, t1, 876
core   0: 3 0x8000fc74 (0x36c36313) x 6 0x0006a37f
core   0: 0x8000fc78 (0x40dd0333) sub     t1, s10, a3
core   0: 3 0x8000fc78 (0x40dd0333) x 6 0xffffff44
core   0: 0x8000fc7c (0xffb14d03) lbu     s10, -5(sp)
core   0: 3 0x8000fc7c (0xffb14d03) x26 0x00000031 mem 0x80023a25
core   0: 0x8000fc80 (0xff514483) lbu     s1, -11(sp)
core   0: 3 0x8000fc80 (0xff514483) x 9 0x000000bd mem 0x80023a1f
core   0: 0x8000fc84 (0xff714303) lbu     t1, -9(sp)
core   0: 3 0x8000fc84 (0xff714303) x 6 0x00000000 mem 0x80023a21
core   0: 0x8000fc88 (0x048009ef) jal     s3, pc + 0x48
core   0: 3 0x8000fc88 (0x048009ef) x19 0x8000fc8c
core   0: 0x8000fcd0 (0xfc1ff5ef) jal     a1, pc - 0x40
core   0: 3 0x8000fcd0 (0xfc1ff5ef) x11 0x8000fcd4
core   0: 0x8000fc90 (0x020004ef) jal     s1, pc + 0x20
core   0: 3 0x8000fc90 (0x020004ef) x 9 0x8000fc94
core   0: 0x8000fcb0 (0xff5ff0ef) jal     pc - 0xc
core   0: 3 0x8000fcb0 (0xff5ff0ef) x 1 0x8000fcb4
core   0: 0x8000fca4 (0xfe9ff2ef) jal     t0, pc - 0x18
core   0: 3 0x8000fca4 (0xfe9ff2ef) x 5 0x8000fca8
core   0: 0x8000fc8c (0x02c000ef) jal     pc + 0x2c
core   0: 3 0x8000fc8c (0x02c000ef) x 1 0x8000fc90
core   0: 0x8000fcb8 (0xfddff0ef) jal     pc - 0x24
core   0: 3 0x8000fcb8 (0xfddff0ef) x 1 0x8000fcbc
core   0: 0x8000fc94 (0x030000ef) jal     pc + 0x30
core   0: 3 0x8000fc94 (0x030000ef) x 1 0x8000fc98
core   0: 0x8000fcc4 (0xfd5ff16f) jal     sp, pc - 0x2c
core   0: 3 0x8000fcc4 (0xfd5ff16f) x 2 0x8000fcc8
core   0: 0x8000fc98 (0x0240036f) jal     t1, pc + 0x24
core   0: 3 0x8000fc98 (0x0240036f) x 6 0x8000fc9c
core   0: 0x8000fcbc (0x00c000ef) jal     pc + 0xc
core   0: 3 0x8000fcbc (0x00c000ef) x 1 0x8000fcc0
core   0: 0x8000fcc8 (0x010000ef) jal     pc + 0x10
core   0: 3 0x8000fcc8 (0x010000ef) x 1 0x8000fccc
core   0: 0x8000fcd8 (0xfddff4ef) jal     s1, pc - 0x24
core   0: 3 0x8000fcd8 (0xfddff4ef) x 9 0x8000fcdc
core   0: 0x8000fcb4 (0x01800eef) jal     t4, pc + 0x18
core   0: 3 0x8000fcb4 (0x01800eef) x29 0x8000fcb8
core   0: 0x8000fccc (0xfe1ff0ef) jal     pc - 0x20
core   0: 3 0x8000fccc (0xfe1ff0ef) x 1 0x8000fcd0
core   0: 0x8000fcac (0xff1fff6f) jal     t5, pc - 0x10
core   0: 3 0x8000fcac (0xff1fff6f) x30 0x8000fcb0
core   0: 0x8000fc9c (0x038000ef) jal     pc + 0x38
core   0: 3 0x8000fc9c (0x038000ef) x 1 0x8000fca0
core   0: 0x8000fcd4 (0xfd5ffb6f) jal     s6, pc - 0x2c
core   0: 3 0x8000fcd4 (0xfd5ffb6f) x22 0x8000fcd8
core   0: 0x8000fca8 (0x018000ef) jal     pc + 0x18
core   0: 3 0x8000fca8 (0x018000ef) x 1 0x8000fcac
core   0: 0x8000fcc0 (0x020000ef) jal     pc + 0x20
core   0: 3 0x8000fcc0 (0x020000ef) x 1 0x8000fcc4
core   0: 0x8000fce0 (0xffdff0ef) jal     pc - 0x4
core   0: 3 0x8000fce0 (0xffdff0ef) x 1 0x8000fce4
core   0: 0x8000fcdc (0xfc5ff36f) jal     t1, pc - 0x3c
core   0: 3 0x8000fcdc (0xfc5ff36f) x 6 0x8000fce0
core   0: 0x8000fca0 (0x0440036f) jal     t1, pc + 0x44
core   0: 3 0x8000fca0 (0x0440036f) x 6 0x8000fca4
core   0: 0x8000fce4 (0x005ae2b3) or      t0, s5, t0
core   0: 3 0x8000fce4 (0x005ae2b3) x 5 0x8000fca8
core   0: 0x8000fce8 (0x00010e17) auipc   t3, 0x10
core   0: 3 0x8000fce8 (0x00010e17) x28 0x8001fce8
core   0: 0x8000fcec (0xea9e0e13) addi    t3, t3, -343
core   0: 3 0x8000fcec (0xea9e0e13) x28 0x8001fb91
core   0: 0x8000fcf0 (0x02ce4303) lbu     t1, 44(t3)
core   0: 3 0x8000fcf0 (0x02ce4303) x 6 0x0000001b mem 0x8001fbbd
core   0: 0x8000fcf4 (0x408b8433) sub     s0, s7, s0
core   0: 3 0x8000fcf4 (0x408b8433) x 8 0x0000010f
core   0: 0x8000fcf8 (0x01e4a4b3) slt     s1, s1, t5
core   0: 3 0x8000fcf8 (0x01e4a4b3) x 9 0x00000000
core   0: 0x8000fcfc (0x4a343313) sltiu   t1, s0, 1187
core   0: 3 0x8000fcfc (0x4a343313) x 6 0x00000001
core   0: 0x8000fd00 (0xffde4683) lbu     a3, -3(t3)
core   0: 3 0x8000fd00 (0xffde4683) x13 0x000000da mem 0x8001fb8e
core   0: 0x8000fd04 (0xfd7e0623) sb      s7, -52(t3)
core   0: 3 0x8000fd04 (0xfd7e0623) mem 0x8001fb5d 0xff
core   0: 0x8000fd08 (0x008374b3) and     s1, t1, s0
core   0: 3 0x8000fd08 (0x008374b3) x 9 0x00000001
core   0: 0x8000fd0c (0x009e0a23) sb      s1, 20(t3)
core   0: 3 0x8000fd0c (0x009e0a23) mem 0x8001fba5 0x1
core   0: 0x8000fd10 (0x004e0683) lb      a3, 4(t3)
core   0: 3 0x8000fd10 (0x004e0683) x13 0xffffffda mem 0x8001fb95
core   0: 0x8000fd14 (0xfe8e16a3) sh      s0, -19(t3)
core   0: 3 0x8000fd14 (0xfe8e16a3) mem 0x8001fb7e 0x010f
core   0: 0x8000fd18 (0xfede0123) sb      a3, -30(t3)
core   0: 3 0x8000fd18 (0xfede0123) mem 0x8001fb73 0xda
core   0: 0x8000fd1c (0x03ce0303) lb      t1, 60(t3)
core   0: 3 0x8000fd1c (0x03ce0303) x 6 0xffffffe3 mem 0x8001fbcd
core   0: 0x8000fd20 (0x89348697) auipc   a3, 0x89348
core   0: 3 0x8000fd20 (0x89348697) x13 0x09357d20
core   0: 0x8000fd24 (0xe7342413) slti    s0, s0, -397
core   0: 3 0x8000fd24 (0xe7342413) x 8 0x00000000
core   0: 0x8000fd28 (0xbdf1d437) lui     s0, 0xbdf1d
core   0: 3 0x8000fd28 (0xbdf1d437) x 8 0xbdf1d000
core   0: 0x8000fd2c (0x0000100f) fence.i
core   0: 3 0x8000fd2c (0x0000100f)
core   0: 0x8000fd30 (0x028e0623) sb      s0, 44(t3)
core   0: 3 0x8000fd30 (0x028e0623) mem 0x8001fbbd 0x0
core   0: 0x8000fd34 (0xfdce0683) lb      a3, -36(t3)
core   0: 3 0x8000fd34 (0xfdce0683) x13 0xffffffd8 mem 0x8001fb6d
core   0: 0x8000fd38 (0x00935f33) srl     t5, t1, s1
core   0: 3 0x8000fd38 (0x00935f33) x30 0x7ffffff1
core   0: 0x8000fd3c (0x00df0bb3) add     s7, t5, a3
core   0: 3 0x8000fd3c (0x00df0bb3) x23 0x7fffffc9
core   0: 0x8000fd40 (0x407f5313) srai    t1, t5, 7
core   0: 3 0x8000fd40 (0x407f5313) x 6 0x00ffffff
core   0: 0x8000fd44 (0xfd7e0a23) sb      s7, -44(t3)
core   0: 3 0x8000fd44 (0xfd7e0a23) mem 0x8001fb65 0xc9
core   0: 0x8000fd48 (0xfffe2683) lw      a3, -1(t3)
core   0: 3 0x8000fd48 (0xfffe2683) x13 0x4b1cf9c6 mem 0x8001fb90
core   0: 0x8000fd4c (0xbc544413) xori    s0, s0, -1083
core   0: 3 0x8000fd4c (0xbc544413) x 8 0x420e2bc5
core   0: 0x8000fd50 (0xa4b6f413) andi    s0, a3, -1461
core   0: 3 0x8000fd50 (0xa4b6f413) x 8 0x4b1cf842
core   0: 0x8000fd54 (0x8ed47b93) andi    s7, s0, -1811
core   0: 3 0x8000fd54 (0x8ed47b93) x23 0x4b1cf840
core   0: 0x8000fd58 (0x017e1403) lh      s0, 23(t3)
core   0: 3 0x8000fd58 (0x017e1403) x 8 0xffff99c6 mem 0x8001fba8
core   0: 0x8000fd5c (0x00de2ba3) sw      a3, 23(t3)
core   0: 3 0x8000fd5c (0x00de2ba3) mem 0x8001fba8 0x4b1cf9c6
core   0: 0x8000fd60 (0x02de15a3) sh      a3, 43(t3)
core   0: 3 0x8000fd60 (0x02de15a3) mem 0x8001fbbc 0xf9c6
core   0: 0x8000fd64 (0x015e0483) lb      s1, 21(t3)
core   0: 3 0x8000fd64 (0x015e0483) x 9 0x00000008 mem 0x8001fba6
core   0: 0x8000fd68 (0xfcfe4b83) lbu     s7, -49(t3)
core   0: 3 0x8000fd68 (0xfcfe4b83) x23 0x00000005 mem 0x8001fb60
core   0: 0x8000fd6c (0x00869333) sll     t1, a3, s0
core   0: 3 0x8000fd6c (0x00869333) x 6 0xc73e7180
core   0: 0x8000fd70 (0x012e4683) lbu     a3, 18(t3)
core   0: 3 0x8000fd70 (0x012e4683) x13 0x0000007a mem 0x8001fba3
core   0: 0x8000fd74 (0x00f09eb3) sll     t4, ra, a5
core   0: 3 0x8000fd74 (0x00f09eb3) x29 0xfce40000
core   0: 0x8000fd78 (0x01e0c1b3) xor     gp, ra, t5
core   0: 3 0x8000fd78 (0x01e0c1b3) x 3 0xffff0315
core   0: 0x8000fd7c (0x5f8af413) andi    s0, s5, 1528
core   0: 3 0x8000fd7c (0x5f8af413) x 8 0x00000000
core   0: 0x8000fd80 (0x004493b3) sll     t2, s1, tp
core   0: 3 0x8000fd80 (0x004493b3) x 7 0x00001000
core   0: 0x8000fd84 (0x48a9ec13) ori     s8, s3, 1162
core   0: 3 0x8000fd84 (0x48a9ec13) x24 0x8000fc8e
core   0: 0x8000fd88 (0x015e0a63) beq     t3, s5, pc + 20
core   0: 3 0x8000fd88 (0x015e0a63)
core   0: 0x8000fd8c (0x00b2de93) srli    t4, t0, 11
core   0: 3 0x8000fd8c (0x00b2de93) x29 0x0010001f
core   0: 0x8000fd90 (0x01d62eb3) slt     t4, a2, t4
core   0: 3 0x8000fd90 (0x01d62eb3) x29 0x00000001
core   0: 0x8000fd94 (0x00000013) nop
core   0: 3 0x8000fd94 (0x00000013)
core   0: 0x8000fd98 (0x05ea0663) beq     s4, t5, pc + 76
core   0: 3 0x8000fd98 (0x05ea0663)
core   0: 0x8000fd9c (0x00a61b93) slli    s7, a2, 10
core   0: 3 0x8000fd9c (0x00a61b93) x23 0x0001c800
core   0: 0x8000fda0 (0xf03cbe93) sltiu   t4, s9, -253
core   0: 3 0x8000fda0 (0xf03cbe93) x29 0x00000001
core   0: 0x8000fda4 (0x0185e633) or      a2, a1, s8
core   0: 3 0x8000fda4 (0x0185e633) x12 0x8000fcde
core   0: 0x8000fda8 (0x00000013) nop
core   0: 3 0x8000fda8 (0x00000013)
core   0: 0x8000fdac (0x009bfab3) and     s5, s7, s1
core   0: 3 0x8000fdac (0x009bfab3) x21 0x00000000
core   0: 0x8000fdb0 (0x853b8993) addi    s3, s7, -1965
core   0: 3 0x8000fdb0 (0x853b8993) x19 0x0001c053
core   0: 0x8000fdb4 (0xc5994d13) xori    s10, s2, -935
core   0: 3 0x8000fdb4 (0xc5994d13) x26 0x7ffe5b32
core   0: 0x8000fdb8 (0x010e1133) sll     sp, t3, a6
core   0: 3 0x8000fdb8 (0x010e1133) x 2 0x8001fb91
core   0: 0x8000fdbc (0x029a8a63) beq     s5, s1, pc + 52
core   0: 3 0x8000fdbc (0x029a8a63)
core   0: 0x8000fdc0 (0x01a97c33) and     s8, s2, s10
core   0: 3 0x8000fdc0 (0x01a97c33) x24 0x00000322
core   0: 0x8000fdc4 (0x04e31463) bne     t1, a4, pc + 72
core   0: 3 0x8000fdc4 (0x04e31463)
core   0: 0x8000fe0c (0x00be6b33) or      s6, t3, a1
core   0: 3 0x8000fe0c (0x00be6b33) x22 0x8001ffd5
core   0: 0x8000fe10 (0x41a9dcb3) sra     s9, s3, s10
core   0: 3 0x8000fe10 (0x41a9dcb3) x25 0x00000000
core   0: 0x8000fe14 (0x0145d593) srli    a1, a1, 20
core   0: 3 0x8000fe14 (0x0145d593) x11 0x00000800
core   0: 0x8000fe18 (0x0028a133) slt     sp, a7, sp
core   0: 3 0x8000fe18 (0x0028a133) x 2 0x00000000
core   0: 0x8000fe1c (0x00dfa433) slt     s0, t6, a3
core   0: 3 0x8000fe1c (0x00dfa433) x 8 0x00000000
core   0: 0x8000fe20 (0xdf41e697) auipc   a3, 0xdf41e
core   0: 3 0x8000fe20 (0xdf41e697) x13 0x5f42de20
core   0: 0x8000fe24 (0xa9beed93) ori     s11, t4, -1381
core   0: 3 0x8000fe24 (0xa9beed93) x27 0xfffffa9b
core   0: 0x8000fe28 (0xed104713) xori    a4, zero, -303
core   0: 3 0x8000fe28 (0xed104713) x14 0xfffffed1
core   0: 0x8000fe2c (0x01a75713) srli    a4, a4, 26
core   0: 3 0x8000fe2c (0x01a75713) x14 0x0000003f
core   0: 0x8000fe30 (0x01cc8e63) beq     s9, t3, pc + 28
core   0: 3 0x8000fe30 (0x01cc8e63)
core   0: 0x8000fe34 (0x01f85133) srl     sp, a6, t6
core   0: 3 0x8000fe34 (0x01f85133) x 2 0x08000000
core   0: 0x8000fe38 (0x00d79013) slli    zero, a5, 13
core   0: 3 0x8000fe38 (0x00d79013)
core   0: 0x8000fe3c (0x00a659b3) srl     s3, a2, a0
core   0: 3 0x8000fe3c (0x00a659b3) x19 0x40007e6f
core   0: 0x8000fe40 (0x3171ad37) lui     s10, 0x3171a
core   0: 3 0x8000fe40 (0x3171ad37) x26 0x3171a000
core   0: 0x8000fe44 (0x00724533) xor     a0, tp, t2
core   0: 3 0x8000fe44 (0x00724533) x10 0x00001029
core   0: 0x8000fe48 (0x01f8d663) bge     a7, t6, pc + 12
core   0: 3 0x8000fe48 (0x01f8d663)
core   0: 0x8000fe4c (0x02a24a63) blt     tp, a0, pc + 52
core   0: 3 0x8000fe4c (0x02a24a63)
core   0: 0x8000fe80 (0x00d7a1b3) slt     gp, a5, a3
core   0: 3 0x8000fe80 (0x00d7a1b3) x 3 0x00000001
core   0: 0x8000fe84 (0x01461c93) slli    s9, a2, 20
core   0: 3 0x8000fe84 (0x01461c93) x25 0xcde00000
core   0: 0x8000fe88 (0x0ff0000f) fence   iorw,iorw
core   0: 3 0x8000fe88 (0x0ff0000f)
core   0: 0x8000fe8c (0x272be513) ori     a0, s7, 626
core   0: 3 0x8000fe8c (0x272be513) x10 0x0001ca72
core   0: 0x8000fe90 (0x338a8037) lui     zero, 0x338a8
core   0: 3 0x8000fe90 (0x338a8037)
core   0: 0x8000fe94 (0xa63c2693) slti    a3, s8, -1437
core   0: 3 0x8000fe94 (0xa63c2693) x13 0x00000000
core   0: 0x8000fe98 (0x00d84e63) blt     a6, a3, pc + 28
core   0: 3 0x8000fe98 (0x00d84e63)
core   0: 0x8000feb4 (0x0030d263) bge     ra, gp, pc + 4
core   0: 3 0x8000feb4 (0x0030d263)
core   0: 0x8000feb8 (0x024ed863) bge     t4, tp, pc + 48
core   0: 3 0x8000feb8 (0x024ed863)
core   0: 0x8000febc (0x41ea0f33) sub     t5, s4, t5
core   0: 3 0x8000febc (0x41ea0f33) x30 0x7fffffb2
core   0: 0x8000fec0 (0xaf378f93) addi    t6, a5, -1293
core   0: 3 0x8000fec0 (0xaf378f93) x31 0x80028903
core   0: 0x8000fec4 (0xcfe18593) addi    a1, gp, -770
core   0: 3 0x8000fec4 (0xcfe18593) x11 0xfffffcff
core   0: 0x8000fec8 (0xcc85c717) auipc   a4, 0xcc85c
core   0: 3 0x8000fec8 (0xcc85c717) x14 0x4c86bec8
core   0: 0x8000fecc (0x0000100f) fence.i
core   0: 3 0x8000fecc (0x0000100f)
core   0: 0x8000fed0 (0x00f69d13) slli    s10, a3, 15
core   0: 3 0x8000fed0 (0x00f69d13) x26 0x00000000
core   0: 0x8000fed4 (0x417e54b3) sra     s1, t3, s7
core   0: 3 0x8000fed4 (0x417e54b3) x 9 0x8001fb91
core   0: 0x8000fed8 (0x010d9913) slli    s2, s11, 16
core   0: 3 0x8000fed8 (0x010d9913) x18 0xfa9b0000
core   0: 0x8000fedc (0x0008dd33) srl     s10, a7, zero
core   0: 3 0x8000fedc (0x0008dd33) x26 0x8002cce4
core   0: 0x8000fee0 (0x002a3a33) sltu    s4, s4, sp
core   0: 3 0x8000fee0 (0x002a3a33) x20 0x00000000
core   0: 0x8000fee4 (0x00555633) srl     a2, a0, t0
core   0: 3 0x8000fee4 (0x00555633) x12 0x000001ca
core   0: 0x8000fee8 (0x037a1263) bne     s4, s7, pc + 36
core   0: 3 0x8000fee8 (0x037a1263)
core   0: 0x8000ff0c (0x016d5463) bge     s10, s6, pc + 8
core   0: 3 0x8000ff0c (0x016d5463)
core   0: 0x8000ff14 (0x006b4db3) xor     s11, s6, t1
core   0: 3 0x8000ff14 (0x006b4db3) x27 0x473f8e55
core   0: 0x8000ff18 (0x01cc9533) sll     a0, s9, t3
core   0: 3 0x8000ff18 (0x01cc9533) x10 0x00000000
core   0: 0x8000ff1c (0x05505863) bge     zero, s5, pc + 80
core   0: 3 0x8000ff1c (0x05505863)
core   0: 0x8000ff6c (0x00000013) nop
core   0: 3 0x8000ff6c (0x00000013)
core   0: 0x8000ff70 (0x03627863) bgeu    tp, s6, pc + 48
core   0: 3 0x8000ff70 (0x03627863)
core   0: 0x8000ff74 (0xe6842f93) slti    t6, s0, -408
core   0: 3 0x8000ff74 (0xe6842f93) x31 0x00000000
core   0: 0x8000ff78 (0x1e7d6f13) ori     t5, s10, 487
core   0: 3 0x8000ff78 (0x1e7d6f13) x30 0x8002cde7
core   0: 0x8000ff7c (0x01d61213) slli    tp, a2, 29
core   0: 3 0x8000ff7c (0x01d61213) x 4 0x40000000
core   0: 0x8000ff80 (0xcfff3213) sltiu   tp, t5, -769
core   0: 3 0x8000ff80 (0xcfff3213) x 4 0x00000001
core   0: 0x8000ff84 (0x0000100f) fence.i
core   0: 3 0x8000ff84 (0x0000100f)
core   0: 0x8000ff88 (0x00a89663) bne     a7, a0, pc + 12
core   0: 3 0x8000ff88 (0x00a89663)
core   0: 0x8000ff94 (0x057cc463) blt     s9, s7, pc + 72
core   0: 3 0x8000ff94 (0x057cc463)
core   0: 0x8000ffdc (0x10439063) bne     t2, tp, pc + 256
core   0: 3 0x8000ffdc (0x10439063)
core   0: 0x800100dc (0x3ddf2d13) slti    s10, t5, 989
core   0: 3 0x800100dc (0x3ddf2d13) x26 0x00000001
core   0: 0x800100e0 (0x41d4a913) slti    s2, s1, 1053
core   0: 3 0x800100e0 (0x41d4a913) x18 0x00000001
core   0: 0x800100e4 (0x00d36e33) or      t3, t1, a3
core   0: 3 0x800100e4 (0x00d36e33) x28 0xc73e7180
core   0: 0x800100e8 (0x00f2c6b3) xor     a3, t0, a5
core   0: 3 0x800100e8 (0x00f2c6b3) x13 0x000272b8
core   0: 0x800100ec (0x01fedc93) srli    s9, t4, 31
core   0: 3 0x800100ec (0x01fedc93) x25 0x00000000
core   0: 0x800100f0 (0x01610e63) beq     sp, s6, pc + 28
core   0: 3 0x800100f0 (0x01610e63)
core   0: 0x800100f4 (0x00fb1f93) slli    t6, s6, 15
core   0: 3 0x800100f4 (0x00fb1f93) x31 0xffea8000
core   0: 0x800100f8 (0x017ad033) srl     zero, s5, s7
core   0: 3 0x800100f8 (0x017ad033)
core   0: 0x800100fc (0x0116f4b3) and     s1, a3, a7
core   0: 3 0x800100fc (0x0116f4b3) x 9 0x000240a0
core   0: 0x80010100 (0x002aaeb3) slt     t4, s5, sp
core   0: 3 0x80010100 (0x002aaeb3) x29 0x00000001
core   0: 0x80010104 (0x41415493) srai    s1, sp, 20
core   0: 3 0x80010104 (0x41415493) x 9 0x00000080
core   0: 0x80010108 (0x41318bb3) sub     s7, gp, s3
core   0: 3 0x80010108 (0x41318bb3) x23 0xbfff8192
core   0: 0x8001010c (0x9cf8c613) xori    a2, a7, -1585
core   0: 3 0x8001010c (0x9cf8c613) x12 0x7ffd352b
core   0: 0x80010110 (0x00000013) nop
core   0: 3 0x80010110 (0x00000013)
core   0: 0x80010114 (0x05084663) blt     a6, a6, pc + 76
core   0: 3 0x80010114 (0x05084663)
core   0: 0x80010118 (0x48fecd13) xori    s10, t4, 1167
core   0: 3 0x80010118 (0x48fecd13) x26 0x0000048e
core   0: 0x8001011c (0x00ca9433) sll     s0, s5, a2
core   0: 3 0x8001011c (0x00ca9433) x 8 0x00000000
core   0: 0x80010120 (0x004853b3) srl     t2, a6, tp
core   0: 3 0x80010120 (0x004853b3) x 7 0x40000000
core   0: 0x80010124 (0x00479a33) sll     s4, a5, tp
core   0: 3 0x80010124 (0x00479a33) x20 0x00051c20
core   0: 0x80010128 (0x1c600a93) li      s5, 454
core   0: 3 0x80010128 (0x1c600a93) x21 0x000001c6
core   0: 0x8001012c (0x0ff0000f) fence   iorw,iorw
core   0: 3 0x8001012c (0x0ff0000f)
core   0: 0x80010130 (0x008b53b3) srl     t2, s6, s0
core   0: 3 0x80010130 (0x008b53b3) x 7 0x8001ffd5
core   0: 0x80010134 (0x00c652b3) srl     t0, a2, a2
core   0: 3 0x80010134 (0x00c652b3) x 5 0x000fffa6
core   0: 0x80010138 (0x4079d913) srai    s2, s3, 7
core   0: 3 0x80010138 (0x4079d913) x18 0x008000fc
core   0: 0x8001013c (0x1f038593) addi    a1, t2, 496
core   0: 3 0x8001013c (0x1f038593) x11 0x800201c5
core   0: 0x80010140 (0x1c96eb93) ori     s7, a3, 457
core   0: 3 0x80010140 (0x1c96eb93) x23 0x000273f9
core   0: 0x80010144 (0x01aa4463) blt     s4, s10, pc + 8
core   0: 3 0x80010144 (0x01aa4463)
core   0: 0x80010148 (0x002d5613) srli    a2, s10, 2
core   0: 3 0x80010148 (0x002d5613) x12 0x00000123
core   0: 0x8001014c (0xe895ea17) auipc   s4, 0xe895e
core   0: 3 0x8001014c (0xe895ea17) x20 0x6896e14c
core   0: 0x80010150 (0x41ba0533) sub     a0, s4, s11
core   0: 3 0x80010150 (0x41ba0533) x10 0x215752f7
core   0: 0x80010154 (0x03c65463) bge     a2, t3, pc + 40
core   0: 3 0x80010154 (0x03c65463)
core   0: 0x8001017c (0x40505993) srai    s3, zero, 5
core   0: 3 0x8001017c (0x40505993) x19 0x00000000
core   0: 0x80010180 (0xd7984613) xori    a2, a6, -647
core   0: 3 0x80010180 (0xd7984613) x12 0x7ffffd79
core   0: 0x80010184 (0x003e4263) blt     t3, gp, pc + 4
core   0: 3 0x80010184 (0x003e4263)
core   0: 0x80010188 (0x414e8eb3) sub     t4, t4, s4
core   0: 3 0x80010188 (0x414e8eb3) x29 0x97691eb5
core   0: 0x8001018c (0x040f9863) bnez    t6, pc + 80
core   0: 3 0x8001018c (0x040f9863)
core   0: 0x800101dc (0x8f822013) slti    zero, tp, -1800
core   0: 3 0x800101dc (0x8f822013)
core   0: 0x800101e0 (0x02a81263) bne     a6, a0, pc + 36
core   0: 3 0x800101e0 (0x02a81263)
core   0: 0x80010204 (0x00cb5d33) srl     s10, s6, a2
core   0: 3 0x80010204 (0x00cb5d33) x26 0x00000040
core   0: 0x80010208 (0x0ff0000f) fence   iorw,iorw
core   0: 3 0x80010208 (0x0ff0000f)
core   0: 0x8001020c (0xd1d94537) lui     a0, 0xd1d94
core   0: 3 0x8001020c (0xd1d94537) x10 0xd1d94000
core   0: 0x80010210 (0x00134463) blt     t1, ra, pc + 8
core   0: 3 0x80010210 (0x00134463)
core   0: 0x80010214 (0x0188d613) srli    a2, a7, 24
core   0: 3 0x80010214 (0x0188d613) x12 0x00000080
core   0: 0x80010218 (0x008f72b3) and     t0, t5, s0
core   0: 3 0x80010218 (0x008f72b3) x 5 0x00000000
core   0: 0x8001021c (0xe987f513) andi    a0, a5, -360
core   0: 3 0x8001021c (0xe987f513) x10 0x80028e10
core   0: 0x80010220 (0x24749937) lui     s2, 0x24749
core   0: 3 0x80010220 (0x24749937) x18 0x24749000
core   0: 0x80010224 (0x002c5663) bge     s8, sp, pc + 12
core   0: 3 0x80010224 (0x002c5663)
core   0: 0x80010228 (0x1d678093) addi    ra, a5, 470
core   0: 3 0x80010228 (0x1d678093) x 1 0x80028fe6
core   0: 0x8001022c (0x0000100f) fence.i
core   0: 3 0x8001022c (0x0000100f)
core   0: 0x80010230 (0x0ba46c63) bltu    s0, s10, pc + 184
core   0: 3 0x80010230 (0x0ba46c63)
core   0: 0x800102e8 (0x00455e93) srli    t4, a0, 4
core   0: 3 0x800102e8 (0x00455e93) x29 0x080028e1
core   0: 0x800102ec (0x00000013) nop
core   0: 3 0x800102ec (0x00000013)
core   0: 0x800102f0 (0x02ac1a63) bne     s8, a0, pc + 52
core   0: 3 0x800102f0 (0x02ac1a63)
core   0: 0x80010324 (0x36f70f93) addi    t6, a4, 879
core   0: 3 0x80010324 (0x36f70f93) x31 0x4c86c237
core   0: 0x80010328 (0x00cd5d93) srli    s11, s10, 12
core   0: 3 0x80010328 (0x00cd5d93) x27 0x00000000
core   0: 0x8001032c (0x001d1863) bne     s10, ra, pc + 16
core   0: 3 0x8001032c (0x001d1863)
core   0: 0x8001033c (0x7a02f593) andi    a1, t0, 1952
core   0: 3 0x8001033c (0x7a02f593) x11 0x00000000
core   0: 0x80010340 (0x39270613) addi    a2, a4, 914
core   0: 3 0x80010340 (0x39270613) x12 0x4c86c25a
core   0: 0x80010344 (0xf694b993) sltiu   s3, s1, -151
core   0: 3 0x80010344 (0xf694b993) x19 0x00000001
core   0: 0x80010348 (0x402edf33) sra     t5, t4, sp
core   0: 3 0x80010348 (0x402edf33) x30 0x080028e1
core   0: 0x8001034c (0x40fe5713) srai    a4, t3, 15
core   0: 3 0x8001034c (0x40fe5713) x14 0xffff8e7c
core   0: 0x80010350 (0x00bd2fb3) slt     t6, s10, a1
core   0: 3 0x80010350 (0x00bd2fb3) x31 0x00000000
core   0: 0x80010354 (0x9161f113) andi    sp, gp, -1770
core   0: 3 0x80010354 (0x9161f113) x 2 0x00000000
core   0: 0x80010358 (0x04a6d463) bge     a3, a0, pc + 72
core   0: 3 0x80010358 (0x04a6d463)
core   0: 0x800103a0 (0x0000100f) fence.i
core   0: 3 0x800103a0 (0x0000100f)
core   0: 0x800103a4 (0xfc29f593) andi    a1, s3, -62
core   0: 3 0x800103a4 (0xfc29f593) x11 0x00000000
core   0: 0x800103a8 (0x40a78533) sub     a0, a5, a0
core   0: 3 0x800103a8 (0x40a78533) x10 0x00000000
core   0: 0x800103ac (0x017b8fb3) add     t6, s7, s7
core   0: 3 0x800103ac (0x017b8fb3) x31 0x0004e7f2
core   0: 0x800103b0 (0x0131fe63) bgeu    gp, s3, pc + 28
core   0: 3 0x800103b0 (0x0131fe63)
core   0: 0x800103cc (0x00526a63) bltu    tp, t0, pc + 20
core   0: 3 0x800103cc (0x00526a63)
core   0: 0x800103d0 (0x05d47463) bgeu    s0, t4, pc + 72
core   0: 3 0x800103d0 (0x05d47463)
core   0: 0x800103d4 (0x32857693) andi    a3, a0, 808
core   0: 3 0x800103d4 (0x32857693) x13 0x00000000
core   0: 0x800103d8 (0x77c25537) lui     a0, 0x77c25
core   0: 3 0x800103d8 (0x77c25537) x10 0x77c25000
core   0: 0x800103dc (0x4057df33) sra     t5, a5, t0
core   0: 3 0x800103dc (0x4057df33) x30 0x80028e10
core   0: 0x800103e0 (0x8a910eb7) lui     t4, 0x8a910
core   0: 3 0x800103e0 (0x8a910eb7) x29 0x8a910000
core   0: 0x800103e4 (0x04a6d663) bge     a3, a0, pc + 76
core   0: 3 0x800103e4 (0x04a6d663)
core   0: 0x800103e8 (0x01f37463) bgeu    t1, t6, pc + 8
core   0: 3 0x800103e8 (0x01f37463)
core   0: 0x800103f0 (0x0139d113) srli    sp, s3, 19
core   0: 3 0x800103f0 (0x0139d113) x 2 0x00000000
core   0: 0x800103f4 (0x40fbdfb3) sra     t6, s7, a5
core   0: 3 0x800103f4 (0x40fbdfb3) x31 0x00000002
core   0: 0x800103f8 (0x72b77b13) andi    s6, a4, 1835
core   0: 3 0x800103f8 (0x72b77b13) x22 0x00000628
core   0: 0x800103fc (0x02388863) beq     a7, gp, pc + 48
core   0: 3 0x800103fc (0x02388863)
core   0: 0x80010400 (0x0ff0000f) fence   iorw,iorw
core   0: 3 0x80010400 (0x0ff0000f)
core   0: 0x80010404 (0x01321293) slli    t0, tp, 19
core   0: 3 0x80010404 (0x01321293) x 5 0x00080000
core   0: 0x80010408 (0x00190cb3) add     s9, s2, ra
core   0: 3 0x80010408 (0x00190cb3) x25 0xa4771fe6
core   0: 0x8001040c (0x04437663) bgeu    t1, tp, pc + 76
core   0: 3 0x8001040c (0x04437663)
core   0: 0x80010458 (0x04d18463) beq     gp, a3, pc + 72
core   0: 3 0x80010458 (0x04d18463)
core   0: 0x8001045c (0x40d95693) srai    a3, s2, 13
core   0: 3 0x8001045c (0x40d95693) x13 0x000123a4
core   0: 0x80010460 (0x407551b3) sra     gp, a0, t2
core   0: 3 0x80010460 (0x407551b3) x 3 0x000003be
core   0: 0x80010464 (0x05167863) bgeu    a2, a7, pc + 80
core   0: 3 0x80010464 (0x05167863)
core   0: 0x80010468 (0x01610863) beq     sp, s6, pc + 16
core   0: 3 0x80010468 (0x01610863)
core   0: 0x8001046c (0x01ce5463) bge     t3, t3, pc + 8
core   0: 3 0x8001046c (0x01ce5463)
core   0: 0x80010474 (0x02bb7863) bgeu    s6, a1, pc + 48
core   0: 3 0x80010474 (0x02bb7863)
core   0: 0x800104a4 (0x410a8533) sub     a0, s5, a6
core   0: 3 0x800104a4 (0x410a8533) x10 0x800001c6
core   0: 0x800104a8 (0x0384ca63) blt     s1, s8, pc + 52
core   0: 3 0x800104a8 (0x0384ca63)
core   0: 0x800104dc (0x0ff0000f) fence   iorw,iorw
core   0: 3 0x800104dc (0x0ff0000f)
core   0: 0x800104e0 (0x00958533) add     a0, a1, s1
core   0: 3 0x800104e0 (0x00958533) x10 0x00000080
core   0: 0x800104e4 (0x00000013) nop
core   0: 3 0x800104e4 (0x00000013)
core   0: 0x800104e8 (0xa7219fb7) lui     t6, 0xa7219
core   0: 3 0x800104e8 (0xa7219fb7) x31 0xa7219000
core   0: 0x800104ec (0x03010063) beq     sp, a6, pc + 32
core   0: 3 0x800104ec (0x03010063)
core   0: 0x800104f0 (0x415e59b3) sra     s3, t3, s5
core   0: 3 0x800104f0 (0x415e59b3) x19 0xff1cf9c6
core   0: 0x800104f4 (0x01484e33) xor     t3, a6, s4
core   0: 3 0x800104f4 (0x01484e33) x28 0xe896e14c
core   0: 0x800104f8 (0x02135263) bge     t1, ra, pc + 36
core   0: 3 0x800104f8 (0x02135263)
core   0: 0x8001051c (0x01fbd233) srl     tp, s7, t6
core   0: 3 0x8001051c (0x01fbd233) x 4 0x000273f9
core   0: 0x80010520 (0x00000013) nop
core   0: 3 0x80010520 (0x00000013)
core   0: 0x80010524 (0x01e8ee33) or      t3, a7, t5
core   0: 3 0x80010524 (0x01e8ee33) x28 0x8002cef4
core   0: 0x80010528 (0x4065dcb3) sra     s9, a1, t1
core   0: 3 0x80010528 (0x4065dcb3) x25 0x00000000
core   0: 0x8001052c (0x05155663) bge     a0, a7, pc + 76
core   0: 3 0x8001052c (0x05155663)
core   0: 0x80010578 (0x34022313) slti    t1, tp, 832
core   0: 3 0x80010578 (0x34022313) x 6 0x00000000
core   0: 0x8001057c (0x00fb9393) slli    t2, s7, 15
core   0: 3 0x8001057c (0x00fb9393) x 7 0x39fc8000
core   0: 0x80010580 (0xf61a0097) auipc   ra, 0xf61a0
core   0: 3 0x80010580 (0xf61a0097) x 1 0x761b0580
core   0: 0x80010584 (0x04ff4863) blt     t5, a5, pc + 80
core   0: 3 0x80010584 (0x04ff4863)
core   0: 0x80010588 (0x40b683b3) sub     t2, a3, a1
core   0: 3 0x80010588 (0x40b683b3) x 7 0x000123a4
core   0: 0x8001058c (0xfbc38337) lui     t1, 0xfbc38
core   0: 3 0x8001058c (0xfbc38337) x 6 0xfbc38000
core   0: 0x80010590 (0x01a31333) sll     t1, t1, s10
core   0: 3 0x80010590 (0x01a31333) x 6 0xfbc38000
core   0: 0x80010594 (0xb9aa8293) addi    t0, s5, -1126
core   0: 3 0x80010594 (0xb9aa8293) x 5 0xfffffd60
core   0: 0x80010598 (0x001de463) bltu    s11, ra, pc + 8
core   0: 3 0x80010598 (0x001de463)
core   0: 0x800105a0 (0x41b3dab3) sra     s5, t2, s11
core   0: 3 0x800105a0 (0x41b3dab3) x21 0x000123a4
core   0: 0x800105a4 (0x00173433) sltu    s0, a4, ra
core   0: 3 0x800105a4 (0x00173433) x 8 0x00000000
core   0: 0x800105a8 (0x01362333) slt     t1, a2, s3
core   0: 3 0x800105a8 (0x01362333) x 6 0x00000000
core   0: 0x800105ac (0x0443e663) bltu    t2, tp, pc + 76
core   0: 3 0x800105ac (0x0443e663)
core   0: 0x800105f8 (0xa694a913) slti    s2, s1, -1431
core   0: 3 0x800105f8 (0xa694a913) x18 0x00000000
core   0: 0x800105fc (0x05e7d863) bge     a5, t5, pc + 80
core   0: 3 0x800105fc (0x05e7d863)
core   0: 0x8001064c (0x5992e113) ori     sp, t0, 1433
core   0: 3 0x8001064c (0x5992e113) x 2 0xfffffdf9
core   0: 0x80010650 (0x0100edb3) or      s11, ra, a6
core   0: 3 0x80010650 (0x0100edb3) x27 0xf61b0580
core   0: 0x80010654 (0x406e5413) srai    s0, t3, 6
core   0: 3 0x80010654 (0x406e5413) x 8 0xfe000b3b
core   0: 0x80010658 (0x2b60a037) lui     zero, 0x2b60a
core   0: 3 0x80010658 (0x2b60a037)
core   0: 0x8001065c (0x41535b33) sra     s6, t1, s5
core   0: 3 0x8001065c (0x41535b33) x22 0x00000000
core   0: 0x80010660 (0x02d85263) bge     a6, a3, pc + 36
core   0: 3 0x80010660 (0x02d85263)
core   0: 0x80010664 (0x40b985b3) sub     a1, s3, a1
core   0: 3 0x80010664 (0x40b985b3) x11 0xff1cf9c6
core   0: 0x80010668 (0x005ae933) or      s2, s5, t0
core   0: 3 0x80010668 (0x005ae933) x18 0xffffffe4
core   0: 0x8001066c (0x00ee7333) and     t1, t3, a4
core   0: 3 0x8001066c (0x00ee7333) x 6 0x80028e74
core   0: 0x80010670 (0x00ed8533) add     a0, s11, a4
core   0: 3 0x80010670 (0x00ed8533) x10 0xf61a93fc
core   0: 0x80010674 (0x000b7a63) bgeu    s6, zero, pc + 20
core   0: 3 0x80010674 (0x000b7a63)
core   0: 0x80010688 (0x643d4f93) xori    t6, s10, 1603
core   0: 3 0x80010688 (0x643d4f93) x31 0x00000603
core   0: 0x8001068c (0x01ab06b3) add     a3, s6, s10
core   0: 3 0x8001068c (0x01ab06b3) x13 0x00000040
core   0: 0x80010690 (0x40d45293) srai    t0, s0, 13
core   0: 3 0x80010690 (0x40d45293) x 5 0xfffff000
core   0: 0x80010694 (0x009050b3) srl     ra, zero, s1
core   0: 3 0x80010694 (0x009050b3) x 1 0x00000000
core   0: 0x80010698 (0x002cb633) sltu    a2, s9, sp
core   0: 3 0x80010698 (0x002cb633) x12 0x00000001
core   0: 0x8001069c (0x01a1b5b3) sltu    a1, gp, s10
core   0: 3 0x8001069c (0x01a1b5b3) x11 0x00000000
core   0: 0x800106a0 (0xaaf06513) ori     a0, zero, -1361
core   0: 3 0x800106a0 (0xaaf06513) x10 0xfffffaaf
core   0: 0x800106a4 (0x996b4093) xori    ra, s6, -1642
core   0: 3 0x800106a4 (0x996b4093) x 1 0xfffff996
core   0: 0x800106a8 (0x01c9e5b3) or      a1, s3, t3
core   0: 3 0x800106a8 (0x01c9e5b3) x11 0xff1efff6
core   0: 0x800106ac (0x01b2e4b3) or      s1, t0, s11
core   0: 3 0x800106ac (0x01b2e4b3) x 9 0xfffff580
core   0: 0x800106b0 (0x04824463) blt     tp, s0, pc + 72
core   0: 3 0x800106b0 (0x04824463)
core   0: 0x800106b4 (0x05b09663) bne     ra, s11, pc + 76
core   0: 3 0x800106b4 (0x05b09663)
core   0: 0x80010700 (0x0179fdb3) and     s11, s3, s7
core   0: 3 0x80010700 (0x0179fdb3) x27 0x000071c0
core   0: 0x80010704 (0xf98febb7) lui     s7, 0xf98fe
core   0: 3 0x80010704 (0xf98febb7) x23 0xf98fe000
core   0: 0x80010708 (0x01a264b3) or      s1, tp, s10
core   0: 3 0x80010708 (0x01a264b3) x 9 0x000273f9
core   0: 0x8001070c (0x05ce7663) bgeu    t3, t3, pc + 76
core   0: 3 0x8001070c (0x05ce7663)
core   0: 0x80010758 (0x00dbd4b3) srl     s1, s7, a3
core   0: 3 0x80010758 (0x00dbd4b3) x 9 0xf98fe000
core   0: 0x8001075c (0x001a1a13) slli    s4, s4, 1
core   0: 3 0x8001075c (0x001a1a13) x20 0xd12dc298
core   0: 0x80010760 (0x00e6edb3) or      s11, a3, a4
core   0: 3 0x80010760 (0x00e6edb3) x27 0xffff8e7c
core   0: 0x80010764 (0x419ad313) srai    t1, s5, 25
core   0: 3 0x80010764 (0x419ad313) x 6 0x00000000
core   0: 0x80010768 (0x01ec69b3) or      s3, s8, t5
core   0: 3 0x80010768 (0x01ec69b3) x19 0x80028f32
core   0: 0x8001076c (0x00a75a13) srli    s4, a4, 10
core   0: 3 0x8001076c (0x00a75a13) x20 0x003fffe3
core   0: 0x80010770 (0x00e42cb3) slt     s9, s0, a4
core   0: 3 0x80010770 (0x00e42cb3) x25 0x00000001
core   0: 0x80010774 (0x40af0e33) sub     t3, t5, a0
core   0: 3 0x80010774 (0x40af0e33) x28 0x80029361
core   0: 0x80010778 (0x454bb093) sltiu   ra, s7, 1108
core   0: 3 0x80010778 (0x454bb093) x 1 0x00000000
core   0: 0x8001077c (0x7cea8013) addi    zero, s5, 1998
core   0: 3 0x8001077c (0x7cea8013)
core   0: 0x80010780 (0xf3c64f37) lui     t5, 0xf3c64
core   0: 3 0x80010780 (0xf3c64f37) x30 0xf3c64000
core   0: 0x80010784 (0x03e71263) bne     a4, t5, pc + 36
core   0: 3 0x80010784 (0x03e71263)
core   0: 0x800107a8 (0x00b05293) srli    t0, zero, 11
core   0: 3 0x800107a8 (0x00b05293) x 5 0x00000000
core   0: 0x800107ac (0x00320d33) add     s10, tp, gp
core   0: 3 0x800107ac (0x00320d33) x26 0x000277b7
core   0: 0x800107b0 (0x011b8033) add     zero, s7, a7
core   0: 3 0x800107b0 (0x011b8033)
core   0: 0x800107b4 (0xa2f8e313) ori     t1, a7, -1489
core   0: 3 0x800107b4 (0xa2f8e313) x 6 0xfffffeef
core   0: 0x800107b8 (0xa4e5f013) andi    zero, a1, -1458
core   0: 3 0x800107b8 (0xa4e5f013)
core   0: 0x800107bc (0x0127d033) srl     zero, a5, s2
core   0: 3 0x800107bc (0x0127d033)
core   0: 0x800107c0 (0x01c4d663) bge     s1, t3, pc + 12
core   0: 3 0x800107c0 (0x01c4d663)
core   0: 0x800107cc (0xe8a12413) slti    s0, sp, -374
core   0: 3 0x800107cc (0xe8a12413) x 8 0x00000001
core   0: 0x800107d0 (0x01155c13) srli    s8, a0, 17
core   0: 3 0x800107d0 (0x01155c13) x24 0x00007fff
core   0: 0x800107d4 (0x0047a983) lw      s3, 4(a5)
core   0: 3 0x800107d4 (0x0047a983) x19 0x8000e140 mem 0x80028e14
core   0: 0x800107d8 (0xea101cb7) lui     s9, 0xea101
core   0: 3 0x800107d8 (0xea101cb7) x25 0xea101000
core   0: 0x800107dc (0x00878793) addi    a5, a5, 8
core   0: 3 0x800107dc (0x00878793) x15 0x80028e18
core   0: 0x800107e0 (0x40210433) sub     s0, sp, sp
core   0: 3 0x800107e0 (0x40210433) x 8 0x00000000
core   0: 0x800107e4 (0x7caffab7) lui     s5, 0x7caff
core   0: 3 0x800107e4 (0x7caffab7) x21 0x7caff000
core   0: 0x800107e8 (0x0e74f093) andi    ra, s1, 231
core   0: 3 0x800107e8 (0x0e74f093) x 1 0x00000000
core   0: 0x800107ec (0x009a8933) add     s2, s5, s1
core   0: 3 0x800107ec (0x009a8933) x18 0x763fd000
core   0: 0x800107f0 (0xaa7dbe97) auipc   t4, 0xaa7db
core   0: 3 0x800107f0 (0xaa7dbe97) x29 0x2a7eb7f0
core   0: 0x800107f4 (0x01035333) srl     t1, t1, a6
core   0: 3 0x800107f4 (0x01035333) x 6 0xfffffeef
core   0: 0x800107f8 (0x59fcc513) xori    a0, s9, 1439
core   0: 3 0x800107f8 (0x59fcc513) x10 0xea10159f
core   0: 0x800107fc (0x00098e13) mv      t3, s3
core   0: 3 0x800107fc (0x00098e13) x28 0x8000e140
core   0: 0x80010800 (0x000e0e67) jalr    t3, t3, 0
core   0: 3 0x80010800 (0x000e0e67) x28 0x80010804
core   0: 0x8000e140 (0x01b09a63) bne     ra, s11, pc + 20
core   0: 3 0x8000e140 (0x01b09a63)
core   0: 0x8000e154 (0x01ce0e33) add     t3, t3, t3
core   0: 3 0x8000e154 (0x01ce0e33) x28 0x00021008
core   0: 0x8000e158 (0x0000100f) fence.i
core   0: 3 0x8000e158 (0x0000100f)
core   0: 0x8000e15c (0x08180293) addi    t0, a6, 129
core   0: 3 0x8000e15c (0x08180293) x 5 0x80000081
core   0: 0x8000e160 (0x4160d1b3) sra     gp, ra, s6
core   0: 3 0x8000e160 (0x4160d1b3) x 3 0x00000000
core   0: 0x8000e164 (0x0256c663) blt     a3, t0, pc + 44
core   0: 3 0x8000e164 (0x0256c663)
core   0: 0x8000e168 (0xa4463393) sltiu   t2, a2, -1468
core   0: 3 0x8000e168 (0xa4463393) x 7 0x00000001
core   0: 0x8000e16c (0x00000013) nop
core   0: 3 0x8000e16c (0x00000013)
core   0: 0x8000e170 (0x417d03b3) sub     t2, s10, s7
core   0: 3 0x8000e170 (0x417d03b3) x 7 0x067297b7
core   0: 0x8000e174 (0x000a9f93) slli    t6, s5, 0
core   0: 3 0x8000e174 (0x000a9f93) x31 0x7caff000
core   0: 0x8000e178 (0x035ed663) bge     t4, s5, pc + 44
core   0: 3 0x8000e178 (0x035ed663)
core   0: 0x8000e17c (0x0ff0000f) fence   iorw,iorw
core   0: 3 0x8000e17c (0x0ff0000f)
core   0: 0x8000e180 (0x26dc6b93) ori     s7, s8, 621
core   0: 3 0x8000e180 (0x26dc6b93) x23 0x00007fff
core   0: 0x8000e184 (0x011b5493) srli    s1, s6, 17
core   0: 3 0x8000e184 (0x011b5493) x 9 0x00000000
core   0: 0x8000e188 (0x41175a13) srai    s4, a4, 17
core   0: 3 0x8000e188 (0x41175a13) x20 0xffffffff
core   0: 0x8000e18c (0x01434033) xor     zero, t1, s4
core   0: 3 0x8000e18c (0x01434033)
core   0: 0x8000e190 (0x01e69ab3) sll     s5, a3, t5
core   0: 3 0x8000e190 (0x01e69ab3) x21 0x00000040
core   0: 0x8000e194 (0x40d6d613) srai    a2, a3, 13
core   0: 3 0x8000e194 (0x40d6d613) x12 0x00000000
core   0: 0x8000e198 (0x01f0a433) slt     s0, ra, t6
core   0: 3 0x8000e198 (0x01f0a433) x 8 0x00000001
core   0: 0x8000e19c (0x00980d33) add     s10, a6, s1
core   0: 3 0x8000e19c (0x00980d33) x26 0x80000000
core   0: 0x8000e1a0 (0x00541c93) slli    s9, s0, 5
core   0: 3 0x8000e1a0 (0x00541c93) x25 0x00000020
core   0: 0x8000e1a4 (0x00467d33) and     s10, a2, tp
core   0: 3 0x8000e1a4 (0x00467d33) x26 0x00000000
core   0: 0x8000e1a8 (0x00b44633) xor     a2, s0, a1
core   0: 3 0x8000e1a8 (0x00b44633) x12 0xff1efff7
core   0: 0x8000e1ac (0x017cac33) slt     s8, s9, s7
core   0: 3 0x8000e1ac (0x017cac33) x24 0x00000001
core   0: 0x8000e1b0 (0x41c55493) srai    s1, a0, 28
core   0: 3 0x8000e1b0 (0x41c55493) x 9 0xfffffffe
core   0: 0x8000e1b4 (0x0134db93) srli    s7, s1, 19
core   0: 3 0x8000e1b4 (0x0134db93) x23 0x00001fff
core   0: 0x8000e1b8 (0x37c34e97) auipc   t4, 0x37c34
core   0: 3 0x8000e1b8 (0x37c34e97) x29 0xb7c421b8
core   0: 0x8000e1bc (0x012e0f33) add     t5, t3, s2
core   0: 3 0x8000e1bc (0x012e0f33) x30 0x7641e008
core   0: 0x8000e1c0 (0x7353ff13) andi    t5, t2, 1845
core   0: 3 0x8000e1c0 (0x7353ff13) x30 0x00000735
core   0: 0x8000e1c4 (0xe6473c13) sltiu   s8, a4, -412
core   0: 3 0x8000e1c4 (0xe6473c13) x24 0x00000001
core   0: 0x8000e1c8 (0x000f4d33) xor     s10, t5, zero
core   0: 3 0x8000e1c8 (0x000f4d33) x26 0x00000735
core   0: 0x8000e1cc (0x00efd463) bge     t6, a4, pc + 8
core   0: 3 0x8000e1cc (0x00efd463)
core   0: 0x8000e1d4 (0x0115fbb3) and     s7, a1, a7
core   0: 3 0x8000e1d4 (0x0115fbb3) x23 0x8002cce4
core   0: 0x8000e1d8 (0x01141eb3) sll     t4, s0, a7
core   0: 3 0x8000e1d8 (0x01141eb3) x29 0x00000010
core   0: 0x8000e1dc (0x00c97533) and     a0, s2, a2
core   0: 3 0x8000e1dc (0x00c97533) x10 0x761ed000
core   0: 0x8000e1e0 (0x416fd533) sra     a0, t6, s6
core   0: 3 0x8000e1e0 (0x416fd533) x10 0x7caff000
core   0: 0x8000e1e4 (0x007d1513) slli    a0, s10, 7
core   0: 3 0x8000e1e4 (0x007d1513) x10 0x00039a80
core   0: 0x8000e1e8 (0x00a721b3) slt     gp, a4, a0
core   0: 3 0x8000e1e8 (0x00a721b3) x 3 0x00000001
core   0: 0x8000e1ec (0x00441433) sll     s0, s0, tp
core   0: 3 0x8000e1ec (0x00441433) x 8 0x02000000
core   0: 0x8000e1f0 (0x4108dc13) srai    s8, a7, 16
core   0: 3 0x8000e1f0 (0x4108dc13) x24 0xffff8002
core   0: 0x8000e1f4 (0x02a74463) blt     a4, a0, pc + 40
core   0: 3 0x8000e1f4 (0x02a74463)
core   0: 0x8000e21c (0xf2bfc993) xori    s3, t6, -213
core   0: 3 0x8000e21c (0xf2bfc993) x19 0x83500f2b
core   0: 0x8000e220 (0x01796ab3) or      s5, s2, s7
core   0: 3 0x8000e220 (0x01796ab3) x21 0xf63fdce4
core   0: 0x8000e224 (0x0000100f) fence.i
core   0: 3 0x8000e224 (0x0000100f)
core   0: 0x8000e228 (0x02615a63) bge     sp, t1, pc + 52
core   0: 3 0x8000e228 (0x02615a63)
core   0: 0x8000e22c (0x0124deb3) srl     t4, s1, s2
core   0: 3 0x8000e22c (0x0124deb3) x29 0xfffffffe
core   0: 0x8000e230 (0x41e10533) sub     a0, sp, t5
core   0: 3 0x8000e230 (0x41e10533) x10 0xfffff6c4
core   0: 0x8000e234 (0x00000013) nop
core   0: 3 0x8000e234 (0x00000013)
core   0: 0x8000e238 (0x028b9c63) bne     s7, s0, pc + 56
core   0: 3 0x8000e238 (0x028b9c63)
core   0: 0x8000e270 (0x53048493) addi    s1, s1, 1328
core   0: 3 0x8000e270 (0x53048493) x 9 0x0000052e
core   0: 0x8000e274 (0xa0b87413) andi    s0, a6, -1525
core   0: 3 0x8000e274 (0xa0b87413) x 8 0x80000000
core   0: 0x8000e278 (0x00983b33) sltu    s6, a6, s1
core   0: 3 0x8000e278 (0x00983b33) x22 0x00000000
core   0: 0x8000e27c (0x87116313) ori     t1, sp, -1935
core   0: 3 0x8000e27c (0x87116313) x 6 0xfffffdf9
core   0: 0x8000e280 (0x2a680513) addi    a0, a6, 678
core   0: 3 0x8000e280 (0x2a680513) x10 0x800002a6
core   0: 0x8000e284 (0x003e9bb3) sll     s7, t4, gp
core   0: 3 0x8000e284 (0x003e9bb3) x23 0xfffffffc
core   0: 0x8000e288 (0x01141233) sll     tp, s0, a7
core   0: 3 0x8000e288 (0x01141233) x 4 0x00000000
core   0: 0x8000e28c (0x406d5d93) srai    s11, s10, 6
core   0: 3 0x8000e28c (0x406d5d93) x27 0x0000001c
core   0: 0x8000e290 (0x017b2033) slt     zero, s6, s7
core   0: 3 0x8000e290 (0x017b2033)
core   0: 0x8000e294 (0x40ce0eb3) sub     t4, t3, a2
core   0: 3 0x8000e294 (0x40ce0eb3) x29 0x00e31011
core   0: 0x8000e298 (0x01f74233) xor     tp, a4, t6
core   0: 3 0x8000e298 (0x01f74233) x 4 0x83507e7c
core   0: 0x8000e29c (0x01df5c33) srl     s8, t5, t4
core   0: 3 0x8000e29c (0x01df5c33) x24 0x00000000
core   0: 0x8000e2a0 (0x4cb9b693) sltiu   a3, s3, 1227
core   0: 3 0x8000e2a0 (0x4cb9b693) x13 0x00000000
core   0: 0x8000e2a4 (0x4bd1b197) auipc   gp, 0x4bd1b
core   0: 3 0x8000e2a4 (0x4bd1b197) x 3 0xcbd292a4
core   0: 0x8000e2a8 (0x403502b3) sub     t0, a0, gp
core   0: 3 0x8000e2a8 (0x403502b3) x 5 0xb42d7002
core   0: 0x8000e2ac (0x02bb1c63) bne     s6, a1, pc + 56
core   0: 3 0x8000e2ac (0x02bb1c63)
core   0: 0x8000e2e4 (0x00a3c463) blt     t2, a0, pc + 8
core   0: 3 0x8000e2e4 (0x00a3c463)
core   0: 0x8000e2e8 (0xb2a7c613) xori    a2, a5, -1238
core   0: 3 0x8000e2e8 (0xb2a7c613) x12 0x7ffd7532
core   0: 0x8000e2ec (0x009d9913) slli    s2, s11, 9
core   0: 3 0x8000e2ec (0x009d9913) x18 0x00003800
core   0: 0x8000e2f0 (0x002559b3) srl     s3, a0, sp
core   0: 3 0x8000e2f0 (0x002559b3) x19 0x00000040
core   0: 0x8000e2f4 (0xff0b3c13) sltiu   s8, s6, -16
core   0: 3 0x8000e2f4 (0xff0b3c13) x24 0x00000001
core   0: 0x8000e2f8 (0x017a5863) bge     s4, s7, pc + 16
core   0: 3 0x8000e2f8 (0x017a5863)
core   0: 0x8000e308 (0x3fb97a13) andi    s4, s2, 1019
core   0: 3 0x8000e308 (0x3fb97a13) x20 0x00000000
core   0: 0x8000e30c (0x004e25b3) slt     a1, t3, tp
core   0: 3 0x8000e30c (0x004e25b3) x11 0x00000000
core   0: 0x8000e310 (0x41b05333) sra     t1, zero, s11
core   0: 3 0x8000e310 (0x41b05333) x 6 0x00000000
core   0: 0x8000e314 (0xf766e193) ori     gp, a3, -138
core   0: 3 0x8000e314 (0xf766e193) x 3 0xffffff76
core   0: 0x8000e318 (0x009c7e63) bgeu    s8, s1, pc + 28
core   0: 3 0x8000e318 (0x009c7e63)
core   0: 0x8000e31c (0x08ad1f97) auipc   t6, 0x8ad1
core   0: 3 0x8000e31c (0x08ad1f97) x31 0x88adf31c
core   0: 0x8000e320 (0x00859463) bne     a1, s0, pc + 8
core   0: 3 0x8000e320 (0x00859463)
core   0: 0x8000e328 (0x1fba4013) xori    zero, s4, 507
core   0: 3 0x8000e328 (0x1fba4013)
core   0: 0x8000e32c (0x00000013) nop
core   0: 3 0x8000e32c (0x00000013)
core   0: 0x8000e330 (0x0004c2b3) xor     t0, s1, zero
core   0: 3 0x8000e330 (0x0004c2b3) x 5 0x0000052e
core   0: 0x8000e334 (0x0041bcb3) sltu    s9, gp, tp
core   0: 3 0x8000e334 (0x0041bcb3) x25 0x00000000
core   0: 0x8000e338 (0x00691a93) slli    s5, s2, 6
core   0: 3 0x8000e338 (0x00691a93) x21 0x000e0000
core   0: 0x8000e33c (0x40310cb3) sub     s9, sp, gp
core   0: 3 0x8000e33c (0x40310cb3) x25 0xfffffe83
core   0: 0x8000e340 (0x00000013) nop
core   0: 3 0x8000e340 (0x00000013)
core   0: 0x8000e344 (0x007dbc33) sltu    s8, s11, t2
core   0: 3 0x8000e344 (0x007dbc33) x24 0x00000001
core   0: 0x8000e348 (0x00000013) nop
core   0: 3 0x8000e348 (0x00000013)
core   0: 0x8000e34c (0x41abdab3) sra     s5, s7, s10
core   0: 3 0x8000e34c (0x41abdab3) x21 0xffffffff
core   0: 0x8000e350 (0x00076e33) or      t3, a4, zero
core   0: 3 0x8000e350 (0x00076e33) x28 0xffff8e7c
core   0: 0x8000e354 (0x011a3133) sltu    sp, s4, a7
core   0: 3 0x8000e354 (0x011a3133) x 2 0x00000001
core   0: 0x8000e358 (0x006e13b3) sll     t2, t3, t1
core   0: 3 0x8000e358 (0x006e13b3) x 7 0xffff8e7c
core   0: 0x8000e35c (0x02e51c63) bne     a0, a4, pc + 56
core   0: 3 0x8000e35c (0x02e51c63)
core   0: 0x8000e394 (0x03456263) bltu    a0, s4, pc + 36
core   0: 3 0x8000e394 (0x03456263)
core   0: 0x8000e398 (0x036cd463) bge     s9, s6, pc + 40
core   0: 3 0x8000e398 (0x036cd463)
core   0: 0x8000e39c (0x01c00333) add     t1, zero, t3
core   0: 3 0x8000e39c (0x01c00333) x 6 0xffff8e7c
core   0: 0x8000e3a0 (0x00745193) srli    gp, s0, 7
core   0: 3 0x8000e3a0 (0x00745193) x 3 0x01000000
core   0: 0x8000e3a4 (0x019c4863) blt     s8, s9, pc + 16
core   0: 3 0x8000e3a4 (0x019c4863)
core   0: 0x8000e3a8 (0x00042033) slt     zero, s0, zero
core   0: 3 0x8000e3a8 (0x00042033)
core   0: 0x8000e3ac (0x01058c33) add     s8, a1, a6
core   0: 3 0x8000e3ac (0x01058c33) x24 0x80000000
core   0: 0x8000e3b0 (0x00afb6b3) sltu    a3, t6, a0
core   0: 3 0x8000e3b0 (0x00afb6b3) x13 0x00000000
core   0: 0x8000e3b4 (0x03e57e63) bgeu    a0, t5, pc + 60
core   0: 3 0x8000e3b4 (0x03e57e63)
core   0: 0x8000e3f0 (0x40755333) sra     t1, a0, t2
core   0: 3 0x8000e3f0 (0x40755333) x 6 0xfffffff8
core   0: 0x8000e3f4 (0x00265413) srli    s0, a2, 2
core   0: 3 0x8000e3f4 (0x00265413) x 8 0x1fff5d4c
core   0: 0x8000e3f8 (0x1a444e93) xori    t4, s0, 420
core   0: 3 0x8000e3f8 (0x1a444e93) x29 0x1fff5ce8
core   0: 0x8000e3fc (0x00ee69b3) or      s3, t3, a4
core   0: 3 0x8000e3fc (0x00ee69b3) x19 0xffff8e7c
core   0: 0x8000e400 (0x03030863) beq     t1, a6, pc + 48
core   0: 3 0x8000e400 (0x03030863)
core   0: 0x8000e404 (0x3b694d13) xori    s10, s2, 950
core   0: 3 0x8000e404 (0x3b694d13) x26 0x00003bb6
core   0: 0x8000e408 (0x0ff0000f) fence   iorw,iorw
core   0: 3 0x8000e408 (0x0ff0000f)
core   0: 0x8000e40c (0x018fde93) srli    t4, t6, 24
core   0: 3 0x8000e40c (0x018fde93) x29 0x00000088
core   0: 0x8000e410 (0x000cf3b3) and     t2, s9, zero
core   0: 3 0x8000e410 (0x000cf3b3) x 7 0x00000000
core   0: 0x8000e414 (0xd5a63693) sltiu   a3, a2, -678
core   0: 3 0x8000e414 (0xd5a63693) x13 0x00000001
core   0: 0x8000e418 (0x01ec70b3) and     ra, s8, t5
core   0: 3 0x8000e418 (0x01ec70b3) x 1 0x00000000
core   0: 0x8000e41c (0x0008fab3) and     s5, a7, zero
core   0: 3 0x8000e41c (0x0008fab3) x21 0x00000000
core   0: 0x8000e420 (0x21e0a713) slti    a4, ra, 542
core   0: 3 0x8000e420 (0x21e0a713) x14 0x00000001
core   0: 0x8000e424 (0x00ef1b33) sll     s6, t5, a4
core   0: 3 0x8000e424 (0x00ef1b33) x22 0x00000e6a
core   0: 0x8000e428 (0x000f9863) bnez    t6, pc + 16
core   0: 3 0x8000e428 (0x000f9863)
core   0: 0x8000e438 (0x00144c63) blt     s0, ra, pc + 24
core   0: 3 0x8000e438 (0x00144c63)
core   0: 0x8000e43c (0x0000100f) fence.i
core   0: 3 0x8000e43c (0x0000100f)
core   0: 0x8000e440 (0x412d5313) srai    t1, s10, 18
core   0: 3 0x8000e440 (0x412d5313) x 6 0x00000000
core   0: 0x8000e444 (0x40680eb3) sub     t4, a6, t1
core   0: 3 0x8000e444 (0x40680eb3) x29 0x80000000
core   0: 0x8000e448 (0x011ced33) or      s10, s9, a7
core   0: 3 0x8000e448 (0x011ced33) x26 0xfffffee7
core   0: 0x8000e44c (0x011acb33) xor     s6, s5, a7
core   0: 3 0x8000e44c (0x011acb33) x22 0x8002cce4
core   0: 0x8000e450 (0x031ed863) bge     t4, a7, pc + 48
core   0: 3 0x8000e450 (0x031ed863)
core   0: 0x8000e454 (0x02f80463) beq     a6, a5, pc + 40
core   0: 3 0x8000e454 (0x02f80463)
core   0: 0x8000e458 (0x8f233013) sltiu   zero, t1, -1806
core   0: 3 0x8000e458 (0x8f233013)
core   0: 0x8000e45c (0x0036fa63) bgeu    a3, gp, pc + 20
core   0: 3 0x8000e45c (0x0036fa63)
core   0: 0x8000e460 (0x00410f33) add     t5, sp, tp
core   0: 3 0x8000e460 (0x00410f33) x30 0x83507e7d
core   0: 0x8000e464 (0x01a99d33) sll     s10, s3, s10
core   0: 3 0x8000e464 (0x01a99d33) x26 0xffc73e00
core   0: 0x8000e468 (0x0183b033) sltu    zero, t2, s8
core   0: 3 0x8000e468 (0x0183b033)
core   0: 0x8000e46c (0x52aec193) xori    gp, t4, 1322
core   0: 3 0x8000e46c (0x52aec193) x 3 0x8000052a
core   0: 0x8000e470 (0x4172df33) sra     t5, t0, s7
core   0: 3 0x8000e470 (0x4172df33) x30 0x00000000
core   0: 0x8000e474 (0x00000013) nop
core   0: 3 0x8000e474 (0x00000013)
core   0: 0x8000e478 (0x05ce0263) beq     t3, t3, pc + 68
core   0: 3 0x8000e478 (0x05ce0263)
core   0: 0x8000e4bc (0x002fd713) srli    a4, t6, 2
core   0: 3 0x8000e4bc (0x002fd713) x14 0x222b7cc7
core   0: 0x8000e4c0 (0x01f04463) blt     zero, t6, pc + 8
core   0: 3 0x8000e4c0 (0x01f04463)
core   0: 0x8000e4c4 (0x00000013) nop
core   0: 3 0x8000e4c4 (0x00000013)
core   0: 0x8000e4c8 (0x010a4463) blt     s4, a6, pc + 8
core   0: 3 0x8000e4c8 (0x010a4463)
core   0: 0x8000e4cc (0x3ecac4b7) lui     s1, 0x3ecac
core   0: 3 0x8000e4cc (0x3ecac4b7) x 9 0x3ecac000
core   0: 0x8000e4d0 (0x007b0633) add     a2, s6, t2
core   0: 3 0x8000e4d0 (0x007b0633) x12 0x8002cce4
core   0: 0x8000e4d4 (0x03316c63) bltu    sp, s3, pc + 56
core   0: 3 0x8000e4d4 (0x03316c63)
core   0: 0x8000e50c (0x0593e463) bltu    t2, s9, pc + 72
core   0: 3 0x8000e50c (0x0593e463)
core   0: 0x8000e554 (0x012431b3) sltu    gp, s0, s2
core   0: 3 0x8000e554 (0x012431b3) x 3 0x00000000
core   0: 0x8000e558 (0x003191b3) sll     gp, gp, gp
core   0: 3 0x8000e558 (0x003191b3) x 3 0x00000000
core   0: 0x8000e55c (0x02024063) bltz    tp, pc + 32
core   0: 3 0x8000e55c (0x02024063)
core   0: 0x8000e57c (0x56c52013) slti    zero, a0, 1388
core   0: 3 0x8000e57c (0x56c52013)
core   0: 0x8000e580 (0x2840dcb7) lui     s9, 0x2840d
core   0: 3 0x8000e580 (0x2840dcb7) x25 0x2840d000
core   0: 0x8000e584 (0x03410863) beq     sp, s4, pc + 48
core   0: 3 0x8000e584 (0x03410863)
core   0: 0x8000e588 (0x00c0ff33) and     t5, ra, a2
core   0: 3 0x8000e588 (0x00c0ff33) x30 0x00000000
core   0: 0x8000e58c (0x01214333) xor     t1, sp, s2
core   0: 3 0x8000e58c (0x01214333) x 6 0x00003801
core   0: 0x8000e590 (0x007044b3) xor     s1, zero, t2
core   0: 3 0x8000e590 (0x007044b3) x 9 0x00000000
core   0: 0x8000e594 (0x014fd2b3) srl     t0, t6, s4
core   0: 3 0x8000e594 (0x014fd2b3) x 5 0x88adf31c
core   0: 0x8000e598 (0x01b5b533) sltu    a0, a1, s11
core   0: 3 0x8000e598 (0x01b5b533) x10 0x00000001
core   0: 0x8000e59c (0xa4c36613) ori     a2, t1, -1460
core   0: 3 0x8000e59c (0xa4c36613) x12 0xfffffa4d
core   0: 0x8000e5a0 (0x0007d4b3) srl     s1, a5, zero
core   0: 3 0x8000e5a0 (0x0007d4b3) x 9 0x80028e18
core   0: 0x8000e5a4 (0x01cd0863) beq     s10, t3, pc + 16
core   0: 3 0x8000e5a4 (0x01cd0863)
core   0: 0x8000e5a8 (0x02664663) blt     a2, t1, pc + 44
core   0: 3 0x8000e5a8 (0x02664663)
core   0: 0x8000e5d4 (0x01b38033) add     zero, t2, s11
core   0: 3 0x8000e5d4 (0x01b38033)
core   0: 0x8000e5d8 (0x01adf863) bgeu    s11, s10, pc + 16
core   0: 3 0x8000e5d8 (0x01adf863)
core   0: 0x8000e5dc (0x00c18933) add     s2, gp, a2
core   0: 3 0x8000e5dc (0x00c18933) x18 0xfffffa4d
core   0: 0x8000e5e0 (0x01646cb3) or      s9, s0, s6
core   0: 3 0x8000e5e0 (0x01646cb3) x25 0x9fffddec
core   0: 0x8000e5e4 (0x4a584593) xori    a1, a6, 1189
core   0: 3 0x8000e5e4 (0x4a584593) x11 0x800004a5
core   0: 0x8000e5e8 (0x00c1fbb3) and     s7, gp, a2
core   0: 3 0x8000e5e8 (0x00c1fbb3) x23 0x00000000
core   0: 0x8000e5ec (0x0038ee33) or      t3, a7, gp
core   0: 3 0x8000e5ec (0x0038ee33) x28 0x8002cce4
core   0: 0x8000e5f0 (0x010e50b3) srl     ra, t3, a6
core   0: 3 0x8000e5f0 (0x010e50b3) x 1 0x8002cce4
core   0: 0x8000e5f4 (0x0443cd13) xori    s10, t2, 68
core   0: 3 0x8000e5f4 (0x0443cd13) x26 0x00000044
core   0: 0x8000e5f8 (0x9635f293) andi    t0, a1, -1693
core   0: 3 0x8000e5f8 (0x9635f293) x 5 0x80000021
core   0: 0x8000e5fc (0x0000100f) fence.i
core   0: 3 0x8000e5fc (0x0000100f)
core   0: 0x8000e600 (0x00389ab3) sll     s5, a7, gp
core   0: 3 0x8000e600 (0x00389ab3) x21 0x8002cce4
core   0: 0x8000e604 (0x41abd393) srai    t2, s7, 26
core   0: 3 0x8000e604 (0x41abd393) x 7 0x00000000
core   0: 0x8000e608 (0x00789b13) slli    s6, a7, 7
core   0: 3 0x8000e608 (0x00789b13) x22 0x01667200
core   0: 0x8000e60c (0x00259933) sll     s2, a1, sp
core   0: 3 0x8000e60c (0x00259933) x18 0x0000094a
core   0: 0x8000e610 (0x00000013) nop
core   0: 3 0x8000e610 (0x00000013)
core   0: 0x8000e614 (0x02c35263) bge     t1, a2, pc + 36
core   0: 3 0x8000e614 (0x02c35263)
core   0: 0x8000e638 (0x03404c63) blt     zero, s4, pc + 56
core   0: 3 0x8000e638 (0x03404c63)
core   0: 0x8000e63c (0x67a2e193) ori     gp, t0, 1658
core   0: 3 0x8000e63c (0x67a2e193) x 3 0x8000067b
core   0: 0x8000e640 (0x01f51c33) sll     s8, a0, t6
core   0: 3 0x8000e640 (0x01f51c33) x24 0x10000000
core   0: 0x8000e644 (0x00c5ec63) bltu    a1, a2, pc + 24
core   0: 3 0x8000e644 (0x00c5ec63)
core   0: 0x8000e65c (0x00568b33) add     s6, a3, t0
core   0: 3 0x8000e65c (0x00568b33) x22 0x80000022
core   0: 0x8000e660 (0x41d985b3) sub     a1, s3, t4
core   0: 3 0x8000e660 (0x41d985b3) x11 0x7fff8e7c
core   0: 0x8000e664 (0x000812b7) lui     t0, 0x81
core   0: 3 0x8000e664 (0x000812b7) x 5 0x00081000
core   0: 0x8000e668 (0x01f16cb3) or      s9, sp, t6
core   0: 3 0x8000e668 (0x01f16cb3) x25 0x88adf31d
core   0: 0x8000e66c (0x24d06193) ori     gp, zero, 589
core   0: 3 0x8000e66c (0x24d06193) x 3 0x0000024d
core   0: 0x8000e670 (0xf47bbf93) sltiu   t6, s7, -185
core   0: 3 0x8000e670 (0xf47bbf93) x31 0x00000001
core   0: 0x8000e674 (0xefde7693) andi    a3, t3, -259
core   0: 3 0x8000e674 (0xefde7693) x13 0x8002cce4
core   0: 0x8000e678 (0xebe7fc93) andi    s9, a5, -322
core   0: 3 0x8000e678 (0xebe7fc93) x25 0x80028e18
core   0: 0x8000e67c (0x00390863) beq     s2, gp, pc + 16
core   0: 3 0x8000e67c (0x00390863)
core   0: 0x8000e680 (0xb682fc93) andi    s9, t0, -1176
core   0: 3 0x8000e680 (0xb682fc93) x25 0x00081000
core   0: 0x8000e684 (0x03116863) bltu    sp, a7, pc + 48
core   0: 3 0x8000e684 (0x03116863)
core   0: 0x8000e6b4 (0x05ab0263) beq     s6, s10, pc + 68
core   0: 3 0x8000e6b4 (0x05ab0263)
core   0: 0x8000e6b8 (0x45706393) ori     t2, zero, 1111
core   0: 3 0x8000e6b8 (0x45706393) x 7 0x00000457
core   0: 0x8000e6bc (0x03a79063) bne     a5, s10, pc + 32
core   0: 3 0x8000e6bc (0x03a79063)
core   0: 0x8000e6dc (0x00000013) nop
core   0: 3 0x8000e6dc (0x00000013)
core   0: 0x8000e6e0 (0x005059b3) srl     s3, zero, t0
core   0: 3 0x8000e6e0 (0x005059b3) x19 0x00000000
core   0: 0x8000e6e4 (0xdada4213) xori    tp, s4, -595
core   0: 3 0x8000e6e4 (0xdada4213) x 4 0xfffffdad
core   0: 0x8000e6e8 (0x0122e1b3) or      gp, t0, s2
core   0: 3 0x8000e6e8 (0x0122e1b3) x 3 0x0008194a
core   0: 0x8000e6ec (0x013323b3) slt     t2, t1, s3
core   0: 3 0x8000e6ec (0x013323b3) x 7 0x00000000
core   0: 0x8000e6f0 (0x01411a63) bne     sp, s4, pc + 20
core   0: 3 0x8000e6f0 (0x01411a63)
core   0: 0x8000e704 (0x03d7c263) blt     a5, t4, pc + 36
core   0: 3 0x8000e704 (0x03d7c263)
core   0: 0x8000e708 (0x02c06063) bltu    zero, a2, pc + 32
core   0: 3 0x8000e708 (0x02c06063)
core   0: 0x8000e728 (0x02130863) beq     t1, ra, pc + 48
core   0: 3 0x8000e728 (0x02130863)
core   0: 0x8000e72c (0x00000013) nop
core   0: 3 0x8000e72c (0x00000013)
core   0: 0x8000e730 (0x017c3a33) sltu    s4, s8, s7
core   0: 3 0x8000e730 (0x017c3a33) x20 0x00000000
core   0: 0x8000e734 (0x011fa633) slt     a2, t6, a7
core   0: 3 0x8000e734 (0x011fa633) x12 0x00000000
core   0: 0x8000e738 (0x6c77e913) ori     s2, a5, 1735
core   0: 3 0x8000e738 (0x6c77e913) x18 0x80028edf
core   0: 0x8000e73c (0x0035dd33) srl     s10, a1, gp
core   0: 3 0x8000e73c (0x0035dd33) x26 0x001fffe3
core   0: 0x8000e740 (0x456fb597) auipc   a1, 0x456fb
core   0: 3 0x8000e740 (0x456fb597) x11 0xc5709740
core   0: 0x8000e744 (0x03061663) bne     a2, a6, pc + 44
core   0: 3 0x8000e744 (0x03061663)
core   0: 0x8000e770 (0x00bfdc13) srli    s8, t6, 11
core   0: 3 0x8000e770 (0x00bfdc13) x24 0x00000000
core   0: 0x8000e774 (0x0ff0000f) fence   iorw,iorw
core   0: 3 0x8000e774 (0x0ff0000f)
core   0: 0x8000e778 (0x0000100f) fence.i
core   0: 3 0x8000e778 (0x0000100f)
core   0: 0x8000e77c (0x00ff8463) beq     t6, a5, pc + 8
core   0: 3 0x8000e77c (0x00ff8463)
core   0: 0x8000e780 (0x03f84c63) blt     a6, t6, pc + 56
core   0: 3 0x8000e780 (0x03f84c63)
core   0: 0x8000e7b8 (0x82972217) auipc   tp, 0x82972
core   0: 3 0x8000e7b8 (0x82972217) x 4 0x029807b8
core   0: 0x8000e7bc (0x0ff0000f) fence   iorw,iorw
core   0: 3 0x8000e7bc (0x0ff0000f)
core   0: 0x8000e7c0 (0x03875c63) bge     a4, s8, pc + 56
core   0: 3 0x8000e7c0 (0x03875c63)
core   0: 0x8000e7f8 (0x410e0933) sub     s2, t3, a6
core   0: 3 0x8000e7f8 (0x410e0933) x18 0x0002cce4
core   0: 0x8000e7fc (0x0006d933) srl     s2, a3, zero
core   0: 3 0x8000e7fc (0x0006d933) x18 0x8002cce4
core   0: 0x8000e800 (0x017e8ab3) add     s5, t4, s7
core   0: 3 0x8000e800 (0x017e8ab3) x21 0x80000000
core   0: 0x8000e804 (0x5b27ba13) sltiu   s4, a5, 1458
core   0: 3 0x8000e804 (0x5b27ba13) x20 0x00000000
core   0: 0x8000e808 (0x03465263) bge     a2, s4, pc + 36
core   0: 3 0x8000e808 (0x03465263)
core   0: 0x8000e82c (0x32938717) auipc   a4, 0x32938
core   0: 3 0x8000e82c (0x32938717) x14 0xb294682c
core   0: 0x8000e830 (0x01b37933) and     s2, t1, s11
core   0: 3 0x8000e830 (0x01b37933) x18 0x00000000
core   0: 0x8000e834 (0x2bcaa593) slti    a1, s5, 700
core   0: 3 0x8000e834 (0x2bcaa593) x11 0x00000001
core   0: 0x8000e838 (0x0052ec33) or      s8, t0, t0
core   0: 3 0x8000e838 (0x0052ec33) x24 0x00081000
core   0: 0x8000e83c (0x93ad8d93) addi    s11, s11, -1734
core   0: 3 0x8000e83c (0x93ad8d93) x27 0xfffff956
core   0: 0x8000e840 (0x03031463) bne     t1, a6, pc + 40
core   0: 3 0x8000e840 (0x03031463)
core   0: 0x8000e868 (0x25d77637) lui     a2, 0x25d77
core   0: 3 0x8000e868 (0x25d77637) x12 0x25d77000
core   0: 0x8000e86c (0x0000c633) xor     a2, ra, zero
core   0: 3 0x8000e86c (0x0000c633) x12 0x8002cce4
core   0: 0x8000e870 (0x03469863) bne     a3, s4, pc + 48
core   0: 3 0x8000e870 (0x03469863)
core   0: 0x8000e8a0 (0x00caedb3) or      s11, s5, a2
core   0: 3 0x8000e8a0 (0x00caedb3) x27 0x8002cce4
core   0: 0x8000e8a4 (0x03b17063) bgeu    sp, s11, pc + 32
core   0: 3 0x8000e8a4 (0x03b17063)
core   0: 0x8000e8a8 (0x034c9863) bne     s9, s4, pc + 48
core   0: 3 0x8000e8a8 (0x034c9863)
core   0: 0x8000e8d8 (0x005a5113) srli    sp, s4, 5
core   0: 3 0x8000e8d8 (0x005a5113) x 2 0x00000000
core   0: 0x8000e8dc (0x00052033) slt     zero, a0, zero
core   0: 3 0x8000e8dc (0x00052033)
core   0: 0x8000e8e0 (0x00d244b3) xor     s1, tp, a3
core   0: 3 0x8000e8e0 (0x00d244b3) x 9 0x829acb5c
core   0: 0x8000e8e4 (0x028d4863) blt     s10, s0, pc + 48
core   0: 3 0x8000e8e4 (0x028d4863)
core   0: 0x8000e914 (0x00610733) add     a4, sp, t1
core   0: 3 0x8000e914 (0x00610733) x14 0x00003801
core   0: 0x8000e918 (0x40965213) srai    tp, a2, 9
core   0: 3 0x8000e918 (0x40965213) x 4 0xffc00166
core   0: 0x8000e91c (0x9dea6c93) ori     s9, s4, -1570
core   0: 3 0x8000e91c (0x9dea6c93) x25 0xfffff9de
core   0: 0x8000e920 (0x405b54b3) sra     s1, s6, t0
core   0: 3 0x8000e920 (0x405b54b3) x 9 0x80000022
core   0: 0x8000e924 (0x41fbd133) sra     sp, s7, t6
core   0: 3 0x8000e924 (0x41fbd133) x 2 0x00000000
core   0: 0x8000e928 (0x01751213) slli    tp, a0, 23
core   0: 3 0x8000e928 (0x01751213) x 4 0x00800000
core   0: 0x8000e92c (0x01b9aab3) slt     s5, s3, s11
core   0: 3 0x8000e92c (0x01b9aab3) x21 0x00000000
core   0: 0x8000e930 (0x40a45e13) srai    t3, s0, 10
core   0: 3 0x8000e930 (0x40a45e13) x28 0x0007ffd7
core   0: 0x8000e934 (0x0000100f) fence.i
core   0: 3 0x8000e934 (0x0000100f)
core   0: 0x8000e938 (0x0000100f) fence.i
core   0: 3 0x8000e938 (0x0000100f)
core   0: 0x8000e93c (0x02b16263) bltu    sp, a1, pc + 36
core   0: 3 0x8000e93c (0x02b16263)
core   0: 0x8000e960 (0x03b30663) beq     t1, s11, pc + 44
core   0: 3 0x8000e960 (0x03b30663)
core   0: 0x8000e964 (0x01faae33) slt     t3, s5, t6
core   0: 3 0x8000e964 (0x01faae33) x28 0x00000001
core   0: 0x8000e968 (0x89588413) addi    s0, a7, -1899
core   0: 3 0x8000e968 (0x89588413) x 8 0x8002c579
core   0: 0x8000e96c (0x81187a13) andi    s4, a6, -2031
core   0: 3 0x8000e96c (0x81187a13) x20 0x80000000
core   0: 0x8000e970 (0x00a22e33) slt     t3, tp, a0
core   0: 3 0x8000e970 (0x00a22e33) x28 0x00000000
core   0: 0x8000e974 (0xdef44393) xori    t2, s0, -529
core   0: 3 0x8000e974 (0xdef44393) x 7 0x7ffd3896
core   0: 0x8000e978 (0x00000013) nop
core   0: 3 0x8000e978 (0x00000013)
core   0: 0x8000e97c (0xc8600993) li      s3, -890
core   0: 3 0x8000e97c (0xc8600993) x19 0xfffffc86
core   0: 0x8000e980 (0x59c9f713) andi    a4, s3, 1436
core   0: 3 0x8000e980 (0x59c9f713) x14 0x00000484
core   0: 0x8000e984 (0x2d39df17) auipc   t5, 0x2d39d
core   0: 3 0x8000e984 (0x2d39df17) x30 0xad3ab984
core   0: 0x8000e988 (0xa7b66713) ori     a4, a2, -1413
core   0: 3 0x8000e988 (0xa7b66713) x14 0xfffffeff
core   0: 0x8000e98c (0x0206fa63) bgeu    a3, zero, pc + 52
core   0: 3 0x8000e98c (0x0206fa63)
core   0: 0x8000e9c0 (0x005a9193) slli    gp, s5, 5
core   0: 3 0x8000e9c0 (0x005a9193) x 3 0x00000000
core   0: 0x8000e9c4 (0x01e37463) bgeu    t1, t5, pc + 8
core   0: 3 0x8000e9c4 (0x01e37463)
core   0: 0x8000e9c8 (0x0ff0000f) fence   iorw,iorw
core   0: 3 0x8000e9c8 (0x0ff0000f)
core   0: 0x8000e9cc (0x4985ab13) slti    s6, a1, 1176
core   0: 3 0x8000e9cc (0x4985ab13) x22 0x00000001
core   0: 0x8000e9d0 (0x00d5c863) blt     a1, a3, pc + 16
core   0: 3 0x8000e9d0 (0x00d5c863)
core   0: 0x8000e9d4 (0xc54e0c13) addi    s8, t3, -940
core   0: 3 0x8000e9d4 (0xc54e0c13) x24 0xfffffc54
core   0: 0x8000e9d8 (0x00f89093) slli    ra, a7, 15
core   0: 3 0x8000e9d8 (0x00f89093) x 1 0x66720000
core   0: 0x8000e9dc (0x00191313) slli    t1, s2, 1
core   0: 3 0x8000e9dc (0x00191313) x 6 0x00000000
core   0: 0x8000e9e0 (0x018a7713) andi    a4, s4, 24
core   0: 3 0x8000e9e0 (0x018a7713) x14 0x00000000
core   0: 0x8000e9e4 (0x00d34db3) xor     s11, t1, a3
core   0: 3 0x8000e9e4 (0x00d34db3) x27 0x8002cce4
core   0: 0x8000e9e8 (0x2b412d93) slti    s11, sp, 692
core   0: 3 0x8000e9e8 (0x2b412d93) x27 0x00000001
core   0: 0x8000e9ec (0xddc81517) auipc   a0, 0xddc81
core   0: 3 0x8000e9ec (0xddc81517) x10 0x5dc8f9ec
core   0: 0x8000e9f0 (0x4c0ee713) ori     a4, t4, 1216
core   0: 3 0x8000e9f0 (0x4c0ee713) x14 0x800004c0
core   0: 0x8000e9f4 (0x012a1db3) sll     s11, s4, s2
core   0: 3 0x8000e9f4 (0x012a1db3) x27 0x80000000
core   0: 0x8000e9f8 (0x416cda13) srai    s4, s9, 22
core   0: 3 0x8000e9f8 (0x416cda13) x20 0xffffffff
core   0: 0x8000e9fc (0x03f3f863) bgeu    t2, t6, pc + 48
core   0: 3 0x8000e9fc (0x03f3f863)
core   0: 0x8000ea2c (0x00f07463) bgeu    zero, a5, pc + 8
core   0: 3 0x8000ea2c (0x00f07463)
core   0: 0x8000ea30 (0x020a5c63) bgez    s4, pc + 56
core   0: 3 0x8000ea30 (0x020a5c63)
core   0: 0x8000ea34 (0x00d7f433) and     s0, a5, a3
core   0: 3 0x8000ea34 (0x00d7f433) x 8 0x80028c00
core   0: 0x8000ea38 (0x35716d13) ori     s10, sp, 855
core   0: 3 0x8000ea38 (0x35716d13) x26 0x00000357
core   0: 0x8000ea3c (0x00d2dd13) srli    s10, t0, 13
core   0: 3 0x8000ea3c (0x00d2dd13) x26 0x00000040
core   0: 0x8000ea40 (0x418e0033) sub     zero, t3, s8
core   0: 3 0x8000ea40 (0x418e0033)
core   0: 0x8000ea44 (0x03bd4c63) blt     s10, s11, pc + 56
core   0: 3 0x8000ea44 (0x03bd4c63)
core   0: 0x8000ea48 (0x00969093) slli    ra, a3, 9
core   0: 3 0x8000ea48 (0x00969093) x 1 0x0599c800
core   0: 0x8000ea4c (0x00838463) beq     t2, s0, pc + 8
core   0: 3 0x8000ea4c (0x00838463)
core   0: 0x8000ea50 (0x0ff0000f) fence   iorw,iorw
core   0: 3 0x8000ea50 (0x0ff0000f)
core   0: 0x8000ea54 (0x01dc7cb3) and     s9, s8, t4
core   0: 3 0x8000ea54 (0x01dc7cb3) x25 0x80000000
core   0: 0x8000ea58 (0x015e1c93) slli    s9, t3, 21
core   0: 3 0x8000ea58 (0x015e1c93) x25 0x00000000
core   0: 0x8000ea5c (0xd59b0317) auipc   t1, 0xd59b0
core   0: 3 0x8000ea5c (0xd59b0317) x 6 0x559bea5c
core   0: 0x8000ea60 (0x41380b33) sub     s6, a6, s3
core   0: 3 0x8000ea60 (0x41380b33) x22 0x8000037a
core   0: 0x8000ea64 (0x0336d463) bge     a3, s3, pc + 40
core   0: 3 0x8000ea64 (0x0336d463)
core   0: 0x8000ea68 (0x3534e413) ori     s0, s1, 851
core   0: 3 0x8000ea68 (0x3534e413) x 8 0x80000373
core   0: 0x8000ea6c (0x01f4df93) srli    t6, s1, 31
core   0: 3 0x8000ea6c (0x01f4df93) x31 0x00000001
core   0: 0x8000ea70 (0x0158e863) bltu    a7, s5, pc + 16
core   0: 3 0x8000ea70 (0x0158e863)
core   0: 0x8000ea74 (0x0188b733) sltu    a4, a7, s8
core   0: 3 0x8000ea74 (0x0188b733) x14 0x00000001
core   0: 0x8000ea78 (0x028b7863) bgeu    s6, s0, pc + 48
core   0: 3 0x8000ea78 (0x028b7863)
core   0: 0x8000eaa8 (0x40310bb3) sub     s7, sp, gp
core   0: 3 0x8000eaa8 (0x40310bb3) x23 0x00000000
core   0: 0x8000eaac (0x00000013) nop
core   0: 3 0x8000eaac (0x00000013)
core   0: 0x8000eab0 (0x06850263) beq     a0, s0, pc + 100
core   0: 3 0x8000eab0 (0x06850263)
core   0: 0x8000eab4 (0x00d09013) slli    zero, ra, 13
core   0: 3 0x8000eab4 (0x00d09013)
core   0: 0x8000eab8 (0x00b32733) slt     a4, t1, a1
core   0: 3 0x8000eab8 (0x00b32733) x14 0x00000000
core   0: 0x8000eabc (0xe338b1b7) lui     gp, 0xe338b
core   0: 3 0x8000eabc (0xe338b1b7) x 3 0xe338b000
core   0: 0x8000eac0 (0x00bda433) slt     s0, s11, a1
core   0: 3 0x8000eac0 (0x00bda433) x 8 0x00000001
core   0: 0x8000eac4 (0x01e334b3) sltu    s1, t1, t5
core   0: 3 0x8000eac4 (0x01e334b3) x 9 0x00000001
core   0: 0x8000eac8 (0x04470a63) beq     a4, tp, pc + 84
core   0: 3 0x8000eac8 (0x04470a63)
core   0: 0x8000eacc (0x005813b3) sll     t2, a6, t0
core   0: 3 0x8000eacc (0x005813b3) x 7 0x80000000
core   0: 0x8000ead0 (0x94d07a17) auipc   s4, 0x94d07
core   0: 3 0x8000ead0 (0x94d07a17) x20 0x14d15ad0
core   0: 0x8000ead4 (0x034009ef) jal     s3, pc + 0x34
core   0: 3 0x8000ead4 (0x034009ef) x19 0x8000ead8
core   0: 0x8000eb08 (0xfe9ff0ef) jal     pc - 0x18
core   0: 3 0x8000eb08 (0xfe9ff0ef) x 1 0x8000eb0c
core   0: 0x8000eaf0 (0xffdff36f) jal     t1, pc - 0x4
core   0: 3 0x8000eaf0 (0xffdff36f) x 6 0x8000eaf4
core   0: 0x8000eaec (0xff9ffdef) jal     s11, pc - 0x8
core   0: 3 0x8000eaec (0xff9ffdef) x27 0x8000eaf0
core   0: 0x8000eae4 (0x004000ef) jal     pc + 0x4
core   0: 3 0x8000eae4 (0x004000ef) x 1 0x8000eae8
core   0: 0x8000eae8 (0x01c000ef) jal     pc + 0x1c
core   0: 3 0x8000eae8 (0x01c000ef) x 1 0x8000eaec
core   0: 0x8000eb04 (0xffdff4ef) jal     s1, pc - 0x4
core   0: 3 0x8000eb04 (0xffdff4ef) x 9 0x8000eb08
core   0: 0x8000eb00 (0xfd9ff26f) jal     tp, pc - 0x28
core   0: 3 0x8000eb00 (0xfd9ff26f) x 4 0x8000eb04
core   0: 0x8000ead8 (0x0080056f) jal     a0, pc + 0x8
core   0: 3 0x8000ead8 (0x0080056f) x10 0x8000eadc
core   0: 0x8000eae0 (0x018000ef) jal     pc + 0x18
core   0: 3 0x8000eae0 (0x018000ef) x 1 0x8000eae4
core   0: 0x8000eaf8 (0x004000ef) jal     pc + 0x4
core   0: 3 0x8000eaf8 (0x004000ef) x 1 0x8000eafc
core   0: 0x8000eafc (0xff9ff0ef) jal     pc - 0x8
core   0: 3 0x8000eafc (0xff9ff0ef) x 1 0x8000eb00
core   0: 0x8000eaf4 (0xfe9ff0ef) jal     pc - 0x18
core   0: 3 0x8000eaf4 (0xfe9ff0ef) x 1 0x8000eaf8
core   0: 0x8000eadc (0x0300016f) jal     sp, pc + 0x30
core   0: 3 0x8000eadc (0x0300016f) x 2 0x8000eae0
core   0: 0x8000eb0c (0x0000100f) fence.i
core   0: 3 0x8000eb0c (0x0000100f)
core   0: 0x8000eb10 (0x419bdc33) sra     s8, s7, s9
core   0: 3 0x8000eb10 (0x419bdc33) x24 0x00000000
core   0: 0x8000eb14 (0x01e04fb3) xor     t6, zero, t5
core   0: 3 0x8000eb14 (0x01e04fb3) x31 0xad3ab984
core   0: 0x8000eb18 (0x01e1c333) xor     t1, gp, t5
core   0: 3 0x8000eb18 (0x01e1c333) x 6 0x4e020984
core   0: 0x8000eb1c (0x017234b3) sltu    s1, tp, s7
core   0: 3 0x8000eb1c (0x017234b3) x 9 0x00000000
core   0: 0x8000eb20 (0x01bc5cb3) srl     s9, s8, s11
core   0: 3 0x8000eb20 (0x01bc5cb3) x25 0x00000000
core   0: 0x8000eb24 (0x00a282b3) add     t0, t0, a0
core   0: 3 0x8000eb24 (0x00a282b3) x 5 0x8008fadc
core   0: 0x8000eb28 (0xa942f593) andi    a1, t0, -1388
core   0: 3 0x8000eb28 (0xa942f593) x11 0x8008fa94
core   0: 0x8000eb2c (0x5801e337) lui     t1, 0x5801e
core   0: 3 0x8000eb2c (0x5801e337) x 6 0x5801e000
core   0: 0x8000eb30 (0x0ff0000f) fence   iorw,iorw
core   0: 3 0x8000eb30 (0x0ff0000f)
core   0: 0x8000eb34 (0xb0c03e13) sltiu   t3, zero, -1268
core   0: 3 0x8000eb34 (0xb0c03e13) x28 0x00000001
core   0: 0x8000eb38 (0x6547b013) sltiu   zero, a5, 1620
core   0: 3 0x8000eb38 (0x6547b013)
core   0: 0x8000eb3c (0x00000013) nop
core   0: 3 0x8000eb3c (0x00000013)
core   0: 0x8000eb40 (0x021bd263) bge     s7, ra, pc + 36
core   0: 3 0x8000eb40 (0x021bd263)
core   0: 0x8000eb64 (0x008f7133) and     sp, t5, s0
core   0: 3 0x8000eb64 (0x008f7133) x 2 0x00000000
core   0: 0x8000eb68 (0x41985113) srai    sp, a6, 25
core   0: 3 0x8000eb68 (0x41985113) x 2 0xffffffc0
core   0: 0x8000eb6c (0x01ea6133) or      sp, s4, t5
core   0: 3 0x8000eb6c (0x01ea6133) x 2 0xbdfbfbd4
core   0: 0x8000eb70 (0x007d54b3) srl     s1, s10, t2
core   0: 3 0x8000eb70 (0x007d54b3) x 9 0x00000040
core   0: 0x8000eb74 (0x01002933) slt     s2, zero, a6
core   0: 3 0x8000eb74 (0x01002933) x18 0x00000000
core   0: 0x8000eb78 (0x00189c33) sll     s8, a7, ra
core   0: 3 0x8000eb78 (0x00189c33) x24 0xe4000000
core   0: 0x8000eb7c (0x02f87e63) bgeu    a6, a5, pc + 60
core   0: 3 0x8000eb7c (0x02f87e63)
core   0: 0x8000eb80 (0x00323933) sltu    s2, tp, gp
core   0: 3 0x8000eb80 (0x00323933) x18 0x00000001
core   0: 0x8000eb84 (0x01136633) or      a2, t1, a7
core   0: 3 0x8000eb84 (0x01136633) x12 0xd803ece4
core   0: 0x8000eb88 (0x00afb033) sltu    zero, t6, a0
core   0: 3 0x8000eb88 (0x00afb033)
core   0: 0x8000eb8c (0x01192233) slt     tp, s2, a7
core   0: 3 0x8000eb8c (0x01192233) x 4 0x00000000
core   0: 0x8000eb90 (0x010c5463) bge     s8, a6, pc + 8
core   0: 3 0x8000eb90 (0x010c5463)
core   0: 0x8000eb98 (0x010a1a13) slli    s4, s4, 16
core   0: 3 0x8000eb98 (0x010a1a13) x20 0x5ad00000
core   0: 0x8000eb9c (0x00728db3) add     s11, t0, t2
core   0: 3 0x8000eb9c (0x00728db3) x27 0x0008fadc
core   0: 0x8000eba0 (0x00000013) nop
core   0: 3 0x8000eba0 (0x00000013)
core   0: 0x8000eba4 (0x0ff0000f) fence   iorw,iorw
core   0: 3 0x8000eba4 (0x0ff0000f)
core   0: 0x8000eba8 (0x000eda33) srl     s4, t4, zero
core   0: 3 0x8000eba8 (0x000eda33) x20 0x80000000
core   0: 0x8000ebac (0x02919263) bne     gp, s1, pc + 36
core   0: 3 0x8000ebac (0x02919263)
core   0: 0x8000ebd0 (0x0178d0b3) srl     ra, a7, s7
core   0: 3 0x8000ebd0 (0x0178d0b3) x 1 0x8002cce4
core   0: 0x8000ebd4 (0x524fcc13) xori    s8, t6, 1316
core   0: 3 0x8000ebd4 (0x524fcc13) x24 0xad3abca0
core   0: 0x8000ebd8 (0x016c4863) blt     s8, s6, pc + 16
core   0: 3 0x8000ebd8 (0x016c4863)
core   0: 0x8000ebdc (0x0259ec63) bltu    s3, t0, pc + 56
core   0: 3 0x8000ebdc (0x0259ec63)
core   0: 0x8000ec14 (0x00e65513) srli    a0, a2, 14
core   0: 3 0x8000ec14 (0x00e65513) x10 0x0003600f
core   0: 0x8000ec18 (0x14032b93) slti    s7, t1, 320
core   0: 3 0x8000ec18 (0x14032b93) x23 0x00000000
core   0: 0x8000ec1c (0xb785b2b7) lui     t0, 0xb785b
core   0: 3 0x8000ec1c (0xb785b2b7) x 5 0xb785b000
core   0: 0x8000ec20 (0x003022b3) slt     t0, zero, gp
core   0: 3 0x8000ec20 (0x003022b3) x 5 0x00000000
core   0: 0x8000ec24 (0xa234e393) ori     t2, s1, -1501
core   0: 3 0x8000ec24 (0xa234e393) x 7 0xfffffa63
core   0: 0x8000ec28 (0xe9a6ac13) slti    s8, a3, -358
core   0: 3 0x8000ec28 (0xe9a6ac13) x24 0x00000001
core   0: 0x8000ec2c (0x40d9d633) sra     a2, s3, a3
core   0: 3 0x8000ec2c (0x40d9d633) x12 0xf8000ead
core   0: 0x8000ec30 (0xf977a913) slti    s2, a5, -105
core   0: 3 0x8000ec30 (0xf977a913) x18 0x00000001
core   0: 0x8000ec34 (0x02124863) blt     tp, ra, pc + 48
core   0: 3 0x8000ec34 (0x02124863)
core   0: 0x8000ec38 (0x00244733) xor     a4, s0, sp
core   0: 3 0x8000ec38 (0x00244733) x14 0xbdfbfbd5
core   0: 0x8000ec3c (0x00582a33) slt     s4, a6, t0
core   0: 3 0x8000ec3c (0x00582a33) x20 0x00000001
core   0: 0x8000ec40 (0x859f4d13) xori    s10, t5, -1959
core   0: 3 0x8000ec40 (0x859f4d13) x26 0x52c541dd
core   0: 0x8000ec44 (0x01c5cb33) xor     s6, a1, t3
core   0: 3 0x8000ec44 (0x01c5cb33) x22 0x8008fa95
core   0: 0x8000ec48 (0x40a35f33) sra     t5, t1, a0
core   0: 3 0x8000ec48 (0x40a35f33) x30 0x0000b003
core   0: 0x8000ec4c (0x06be5c63) bge     t3, a1, pc + 120
core   0: 3 0x8000ec4c (0x06be5c63)
core   0: 0x8000ecc4 (0x02c76663) bltu    a4, a2, pc + 44
core   0: 3 0x8000ecc4 (0x02c76663)
core   0: 0x8000ecf0 (0x01b05613) srli    a2, zero, 27
core   0: 3 0x8000ecf0 (0x01b05613) x12 0x00000000
core   0: 0x8000ecf4 (0x008f1fb3) sll     t6, t5, s0
core   0: 3 0x8000ecf4 (0x008f1fb3) x31 0x00016006
core   0: 0x8000ecf8 (0x0ff0000f) fence   iorw,iorw
core   0: 3 0x8000ecf8 (0x0ff0000f)
core   0: 0x8000ecfc (0x03457863) bgeu    a0, s4, pc + 48
core   0: 3 0x8000ecfc (0x03457863)
core   0: 0x8000ed2c (0x0054f9b3) and     s3, s1, t0
core   0: 3 0x8000ed2c (0x0054f9b3) x19 0x00000000
core   0: 0x8000ed30 (0x00a1fdb3) and     s11, gp, a0
core   0: 3 0x8000ed30 (0x00a1fdb3) x27 0x00002000
core   0: 0x8000ed34 (0xdf138b93) addi    s7, t2, -527
core   0: 3 0x8000ed34 (0xdf138b93) x23 0xfffff854
core   0: 0x8000ed38 (0x002c0c33) add     s8, s8, sp
core   0: 3 0x8000ed38 (0x002c0c33) x24 0xbdfbfbd5
core   0: 0x8000ed3c (0x4a36f513) andi    a0, a3, 1187
core   0: 3 0x8000ed3c (0x4a36f513) x10 0x000004a0
core   0: 0x8000ed40 (0x011a5713) srli    a4, s4, 17
core   0: 3 0x8000ed40 (0x011a5713) x14 0x00000000
core   0: 0x8000ed44 (0x412a5a33) sra     s4, s4, s2
core   0: 3 0x8000ed44 (0x412a5a33) x20 0x00000000
core   0: 0x8000ed48 (0x01f9d993) srli    s3, s3, 31
core   0: 3 0x8000ed48 (0x01f9d993) x19 0x00000000
core   0: 0x8000ed4c (0x012b9f13) slli    t5, s7, 18
core   0: 3 0x8000ed4c (0x012b9f13) x30 0xe1500000
core   0: 0x8000ed50 (0x01cf0b33) add     s6, t5, t3
core   0: 3 0x8000ed50 (0x01cf0b33) x22 0xe1500001
core   0: 0x8000ed54 (0x006a6863) bltu    s4, t1, pc + 16
core   0: 3 0x8000ed54 (0x006a6863)
core   0: 0x8000ed64 (0x00c18533) add     a0, gp, a2
core   0: 3 0x8000ed64 (0x00c18533) x10 0xe338b000
core   0: 0x8000ed68 (0x41d9d1b3) sra     gp, s3, t4
core   0: 3 0x8000ed68 (0x41d9d1b3) x 3 0x00000000
core   0: 0x8000ed6c (0x3e76ab13) slti    s6, a3, 999
core   0: 3 0x8000ed6c (0x3e76ab13) x22 0x00000001
core   0: 0x8000ed70 (0x03767863) bgeu    a2, s7, pc + 48
core   0: 3 0x8000ed70 (0x03767863)
core   0: 0x8000ed74 (0x6e4bab97) auipc   s7, 0x6e4ba
core   0: 3 0x8000ed74 (0x6e4bab97) x23 0xee4c8d74
core   0: 0x8000ed78 (0x5fd8b913) sltiu   s2, a7, 1533
core   0: 3 0x8000ed78 (0x5fd8b913) x18 0x00000000
core   0: 0x8000ed7c (0x035e6c63) bltu    t3, s5, pc + 56
core   0: 3 0x8000ed7c (0x035e6c63)
core   0: 0x8000ed80 (0x415cd213) srai    tp, s9, 21
core   0: 3 0x8000ed80 (0x415cd213) x 4 0x00000000
core   0: 0x8000ed84 (0x03358663) beq     a1, s3, pc + 44
core   0: 3 0x8000ed84 (0x03358663)
core   0: 0x8000ed88 (0x01eedf13) srli    t5, t4, 30
core   0: 3 0x8000ed88 (0x01eedf13) x30 0x00000002
core   0: 0x8000ed8c (0x02a1fc63) bgeu    gp, a0, pc + 56
core   0: 3 0x8000ed8c (0x02a1fc63)
core   0: 0x8000ed90 (0x01120ab3) add     s5, tp, a7
core   0: 3 0x8000ed90 (0x01120ab3) x21 0x8002cce4
core   0: 0x8000ed94 (0x2b497e13) andi    t3, s2, 692
core   0: 3 0x8000ed94 (0x2b497e13) x28 0x00000000
core   0: 0x8000ed98 (0x016329b3) slt     s3, t1, s6
core   0: 3 0x8000ed98 (0x016329b3) x19 0x00000000
core   0: 0x8000ed9c (0x405b0f33) sub     t5, s6, t0
core   0: 3 0x8000ed9c (0x405b0f33) x30 0x00000001
core   0: 0x8000eda0 (0x15b68993) addi    s3, a3, 347
core   0: 3 0x8000eda0 (0x15b68993) x19 0x8002ce3f
core   0: 0x8000eda4 (0x0000100f) fence.i
core   0: 3 0x8000eda4 (0x0000100f)
core   0: 0x8000eda8 (0x97d1f293) andi    t0, gp, -1667
core   0: 3 0x8000eda8 (0x97d1f293) x 5 0x00000000
core   0: 0x8000edac (0x0000100f) fence.i
core   0: 3 0x8000edac (0x0000100f)
core   0: 0x8000edb0 (0x02a38e63) beq     t2, a0, pc + 60
core   0: 3 0x8000edb0 (0x02a38e63)
core   0: 0x8000edb4 (0x00138863) beq     t2, ra, pc + 16
core   0: 3 0x8000edb4 (0x00138863)
core   0: 0x8000edb8 (0x00000013) nop
core   0: 3 0x8000edb8 (0x00000013)
core   0: 0x8000edbc (0x016fd3b3) srl     t2, t6, s6
core   0: 3 0x8000edbc (0x016fd3b3) x 7 0x0000b003
core   0: 0x8000edc0 (0x0ff0000f) fence   iorw,iorw
core   0: 3 0x8000edc0 (0x0ff0000f)
core   0: 0x8000edc4 (0x00818eb3) add     t4, gp, s0
core   0: 3 0x8000edc4 (0x00818eb3) x29 0x00000001
core   0: 0x8000edc8 (0x003ed293) srli    t0, t4, 3
core   0: 3 0x8000edc8 (0x003ed293) x 5 0x00000000
core   0: 0x8000edcc (0x01efc233) xor     tp, t6, t5
core   0: 3 0x8000edcc (0x01efc233) x 4 0x00016007
core   0: 0x8000edd0 (0x032ec263) blt     t4, s2, pc + 36
core   0: 3 0x8000edd0 (0x032ec263)
core   0: 0x8000edd4 (0x2a61a093) slti    ra, gp, 678
core   0: 3 0x8000edd4 (0x2a61a093) x 1 0x00000001
core   0: 0x8000edd8 (0x04538cb7) lui     s9, 0x4538
core   0: 3 0x8000edd8 (0x04538cb7) x25 0x04538000
core   0: 0x8000eddc (0x01baef33) or      t5, s5, s11
core   0: 3 0x8000eddc (0x01baef33) x30 0x8002ece4
core   0: 0x8000ede0 (0x00665e33) srl     t3, a2, t1
core   0: 3 0x8000ede0 (0x00665e33) x28 0x00000000
core   0: 0x8000ede4 (0x00f1e463) bltu    gp, a5, pc + 8
core   0: 3 0x8000ede4 (0x00f1e463)
core   0: 0x8000edec (0x00833733) sltu    a4, t1, s0
core   0: 3 0x8000edec (0x00833733) x14 0x00000000
core   0: 0x8000edf0 (0x0bcb7c13) andi    s8, s6, 188
core   0: 3 0x8000edf0 (0x0bcb7c13) x24 0x00000000
core   0: 0x8000edf4 (0x110ec193) xori    gp, t4, 272
core   0: 3 0x8000edf4 (0x110ec193) x 3 0x00000111
core   0: 0x8000edf8 (0x013c5493) srli    s1, s8, 19
core   0: 3 0x8000edf8 (0x013c5493) x 9 0x00000000
core   0: 0x8000edfc (0x0234c263) blt     s1, gp, pc + 36
core   0: 3 0x8000edfc (0x0234c263)
core   0: 0x8000ee20 (0x03084863) blt     a6, a6, pc + 48
core   0: 3 0x8000ee20 (0x03084863)
core   0: 0x8000ee24 (0x01e77a63) bgeu    a4, t5, pc + 20
core   0: 3 0x8000ee24 (0x01e77a63)
core   0: 0x8000ee28 (0xda6fec93) ori     s9, t6, -602
core   0: 3 0x8000ee28 (0xda6fec93) x25 0xfffffda6
core   0: 0x8000ee2c (0x7a779697) auipc   a3, 0x7a779
core   0: 3 0x8000ee2c (0x7a779697) x13 0xfa787e2c
core   0: 0x8000ee30 (0x3b47fd93) andi    s11, a5, 948
core   0: 3 0x8000ee30 (0x3b47fd93) x27 0x00000210
core   0: 0x8000ee34 (0x03d89a63) bne     a7, t4, pc + 52
core   0: 3 0x8000ee34 (0x03d89a63)
core   0: 0x8000ee68 (0x017eefb3) or      t6, t4, s7
core   0: 3 0x8000ee68 (0x017eefb3) x31 0xee4c8d75
core   0: 0x8000ee6c (0x00996fb3) or      t6, s2, s1
core   0: 3 0x8000ee6c (0x00996fb3) x31 0x00000000
core   0: 0x8000ee70 (0x0ff0000f) fence   iorw,iorw
core   0: 3 0x8000ee70 (0x0ff0000f)
core   0: 0x8000ee74 (0x0387cc63) blt     a5, s8, pc + 56
core   0: 3 0x8000ee74 (0x0387cc63)
core   0: 0x8000eeac (0x41255f93) srai    t6, a0, 18
core   0: 3 0x8000eeac (0x41255f93) x31 0xfffff8ce
core   0: 0x8000eeb0 (0x011ffc63) bgeu    t6, a7, pc + 24
core   0: 3 0x8000eeb0 (0x011ffc63)
core   0: 0x8000eec8 (0x41d0ddb3) sra     s11, ra, t4
core   0: 3 0x8000eec8 (0x41d0ddb3) x27 0x00000000
core   0: 0x8000eecc (0x039f8063) beq     t6, s9, pc + 32
core   0: 3 0x8000eecc (0x039f8063)
core   0: 0x8000eed0 (0x03a27063) bgeu    tp, s10, pc + 32
core   0: 3 0x8000eed0 (0x03a27063)
core   0: 0x8000eed4 (0x3dbd0313) addi    t1, s10, 987
core   0: 3 0x8000eed4 (0x3dbd0313) x 6 0x52c545b8
core   0: 0x8000eed8 (0x00036e33) or      t3, t1, zero
core   0: 3 0x8000eed8 (0x00036e33) x28 0x52c545b8
core   0: 0x8000eedc (0x01f10c63) beq     sp, t6, pc + 24
core   0: 3 0x8000eedc (0x01f10c63)
core   0: 0x8000eee0 (0x00000013) nop
core   0: 3 0x8000eee0 (0x00000013)
core   0: 0x8000eee4 (0x0000100f) fence.i
core   0: 3 0x8000eee4 (0x0000100f)
core   0: 0x8000eee8 (0x01abda33) srl     s4, s7, s10
core   0: 3 0x8000eee8 (0x01abda33) x20 0x00000007
core   0: 0x8000eeec (0x0000100f) fence.i
core   0: 3 0x8000eeec (0x0000100f)
core   0: 0x8000eef0 (0x03bcf863) bgeu    s9, s11, pc + 48
core   0: 3 0x8000eef0 (0x03bcf863)
core   0: 0x8000ef20 (0x009395b3) sll     a1, t2, s1
core   0: 3 0x8000ef20 (0x009395b3) x11 0x0000b003
core   0: 0x8000ef24 (0x406c0033) sub     zero, s8, t1
core   0: 3 0x8000ef24 (0x406c0033)
core   0: 0x8000ef28 (0x0591c263) blt     gp, s9, pc + 68
core   0: 3 0x8000ef28 (0x0591c263)
core   0: 0x8000ef2c (0x003d9413) slli    s0, s11, 3
core   0: 3 0x8000ef2c (0x003d9413) x 8 0x00000000
core   0: 0x8000ef30 (0x01dfd463) bge     t6, t4, pc + 8
core   0: 3 0x8000ef30 (0x01dfd463)
core   0: 0x8000ef34 (0xfca43713) sltiu   a4, s0, -54
core   0: 3 0x8000ef34 (0xfca43713) x14 0x00000001
core   0: 0x8000ef38 (0x0000100f) fence.i
core   0: 3 0x8000ef38 (0x0000100f)
core   0: 0x8000ef3c (0x00a60863) beq     a2, a0, pc + 16
core   0: 3 0x8000ef3c (0x00a60863)
core   0: 0x8000ef40 (0xe054a113) slti    sp, s1, -507
core   0: 3 0x8000ef40 (0xe054a113) x 2 0x00000000
core   0: 0x8000ef44 (0x00285f93) srli    t6, a6, 2
core   0: 3 0x8000ef44 (0x00285f93) x31 0x20000000
core   0: 0x8000ef48 (0x02285e63) bge     a6, sp, pc + 60
core   0: 3 0x8000ef48 (0x02285e63)
core   0: 0x8000ef4c (0x3db2c913) xori    s2, t0, 987
core   0: 3 0x8000ef4c (0x3db2c913) x18 0x000003db
core   0: 0x8000ef50 (0xafbe6e37) lui     t3, 0xafbe6
core   0: 3 0x8000ef50 (0xafbe6e37) x28 0xafbe6000
core   0: 0x8000ef54 (0x0000100f) fence.i
core   0: 3 0x8000ef54 (0x0000100f)
core   0: 0x8000ef58 (0x01631c93) slli    s9, t1, 22
core   0: 3 0x8000ef58 (0x01631c93) x25 0x6e000000
core   0: 0x8000ef5c (0x40af5e93) srai    t4, t5, 10
core   0: 3 0x8000ef5c (0x40af5e93) x29 0xffe000bb
core   0: 0x8000ef60 (0x01984c63) blt     a6, s9, pc + 24
core   0: 3 0x8000ef60 (0x01984c63)
core   0: 0x8000ef78 (0x00e903b3) add     t2, s2, a4
core   0: 3 0x8000ef78 (0x00e903b3) x 7 0x000003dc
core   0: 0x8000ef7c (0xbf254b13) xori    s6, a0, -1038
core   0: 3 0x8000ef7c (0xbf254b13) x22 0x1cc74bf2
core   0: 0x8000ef80 (0x41e48c33) sub     s8, s1, t5
core   0: 3 0x8000ef80 (0x41e48c33) x24 0x7ffd131c
core   0: 0x8000ef84 (0x40b65d33) sra     s10, a2, a1
core   0: 3 0x8000ef84 (0x40b65d33) x26 0x00000000
core   0: 0x8000ef88 (0x0084a2b3) slt     t0, s1, s0
core   0: 3 0x8000ef88 (0x0084a2b3) x 5 0x00000000
core   0: 0x8000ef8c (0x409381b3) sub     gp, t2, s1
core   0: 3 0x8000ef8c (0x409381b3) x 3 0x000003dc
core   0: 0x8000ef90 (0x0000100f) fence.i
core   0: 3 0x8000ef90 (0x0000100f)
core   0: 0x8000ef94 (0x022e9063) bne     t4, sp, pc + 32
core   0: 3 0x8000ef94 (0x022e9063)
core   0: 0x8000efb4 (0x0000100f) fence.i
core   0: 3 0x8000efb4 (0x0000100f)
core   0: 0x8000efb8 (0x0109fb33) and     s6, s3, a6
core   0: 3 0x8000efb8 (0x0109fb33) x22 0x80000000
core   0: 0x8000efbc (0xa1e16e37) lui     t3, 0xa1e16
core   0: 3 0x8000efbc (0xa1e16e37) x28 0xa1e16000
core   0: 0x8000efc0 (0x01171db3) sll     s11, a4, a7
core   0: 3 0x8000efc0 (0x01171db3) x27 0x00000010
core   0: 0x8000efc4 (0xece07c93) andi    s9, zero, -306
core   0: 3 0x8000efc4 (0xece07c93) x25 0x00000000
core   0: 0x8000efc8 (0x18d9af13) slti    t5, s3, 397
core   0: 3 0x8000efc8 (0x18d9af13) x30 0x00000001
core   0: 0x8000efcc (0x8ee37d13) andi    s10, t1, -1810
core   0: 3 0x8000efcc (0x8ee37d13) x26 0x52c540a8
core   0: 0x8000efd0 (0x0ff0000f) fence   iorw,iorw
core   0: 3 0x8000efd0 (0x0ff0000f)
core   0: 0x8000efd4 (0x02328c63) beq     t0, gp, pc + 56
core   0: 3 0x8000efd4 (0x02328c63)
core   0: 0x8000efd8 (0x015d6733) or      a4, s10, s5
core   0: 3 0x8000efd8 (0x015d6733) x14 0xd2c7ccec
core   0: 0x8000efdc (0x00000013) nop
core   0: 3 0x8000efdc (0x00000013)
core   0: 0x8000efe0 (0x00f73133) sltu    sp, a4, a5
core   0: 3 0x8000efe0 (0x00f73133) x 2 0x00000000
core   0: 0x8000efe4 (0x1b4bb993) sltiu   s3, s7, 436
core   0: 3 0x8000efe4 (0x1b4bb993) x19 0x00000000
core   0: 0x8000efe8 (0x1dd2bd13) sltiu   s10, t0, 477
core   0: 3 0x8000efe8 (0x1dd2bd13) x26 0x00000001
core   0: 0x8000efec (0x00164e33) xor     t3, a2, ra
core   0: 3 0x8000efec (0x00164e33) x28 0x00000001
core   0: 0x8000eff0 (0x01c91ab3) sll     s5, s2, t3
core   0: 3 0x8000eff0 (0x01c91ab3) x21 0x000007b6
core   0: 0x8000eff4 (0x0083d993) srli    s3, t2, 8
core   0: 3 0x8000eff4 (0x0083d993) x19 0x00000003
core   0: 0x8000eff8 (0x026e6863) bltu    t3, t1, pc + 48
core   0: 3 0x8000eff8 (0x026e6863)
core   0: 0x8000f028 (0x00f94a33) xor     s4, s2, a5
core   0: 3 0x8000f028 (0x00f94a33) x20 0x80028dc3
core   0: 0x8000f02c (0x01472733) slt     a4, a4, s4
core   0: 3 0x8000f02c (0x01472733) x14 0x00000000
core   0: 0x8000f030 (0x01c04863) blt     zero, t3, pc + 16
core   0: 3 0x8000f030 (0x01c04863)
core   0: 0x8000f040 (0x0682e493) ori     s1, t0, 104
core   0: 3 0x8000f040 (0x0682e493) x 9 0x00000068
core   0: 0x8000f044 (0x03c79063) bne     a5, t3, pc + 32
core   0: 3 0x8000f044 (0x03c79063)
core   0: 0x8000f064 (0x00ecc133) xor     sp, s9, a4
core   0: 3 0x8000f064 (0x00ecc133) x 2 0x00000000
core   0: 0x8000f068 (0x89fb6213) ori     tp, s6, -1889
core   0: 3 0x8000f068 (0x89fb6213) x 4 0xfffff89f
core   0: 0x8000f06c (0x0ff0000f) fence   iorw,iorw
core   0: 3 0x8000f06c (0x0ff0000f)
core   0: 0x8000f070 (0x0032d093) srli    ra, t0, 3
core   0: 3 0x8000f070 (0x0032d093) x 1 0x00000000
core   0: 0x8000f074 (0x0107d433) srl     s0, a5, a6
core   0: 3 0x8000f074 (0x0107d433) x 8 0x80028e18
core   0: 0x8000f078 (0x0200cc63) bltz    ra, pc + 56
core   0: 3 0x8000f078 (0x0200cc63)
core   0: 0x8000f07c (0x01d7ce33) xor     t3, a5, t4
core   0: 3 0x8000f07c (0x01d7ce33) x28 0x7fe28ea3
core   0: 0x8000f080 (0x0153f533) and     a0, t2, s5
core   0: 3 0x8000f080 (0x0153f533) x10 0x00000394
core   0: 0x8000f084 (0xf325ad93) slti    s11, a1, -206
core   0: 3 0x8000f084 (0xf325ad93) x27 0x00000000
core   0: 0x8000f088 (0xdaf1c097) auipc   ra, 0xdaf1c
core   0: 3 0x8000f088 (0xdaf1c097) x 1 0x5af2b088
core   0: 0x8000f08c (0xfbf5a913) slti    s2, a1, -65
core   0: 3 0x8000f08c (0xfbf5a913) x18 0x00000000
core   0: 0x8000f090 (0x02566863) bltu    a2, t0, pc + 48
core   0: 3 0x8000f090 (0x02566863)
core   0: 0x8000f094 (0xfe51f193) andi    gp, gp, -27
core   0: 3 0x8000f094 (0xfe51f193) x 3 0x000003c4
core   0: 0x8000f098 (0x00505a13) srli    s4, zero, 5
core   0: 3 0x8000f098 (0x00505a13) x20 0x00000000
core   0: 0x8000f09c (0x031e8263) beq     t4, a7, pc + 36
core   0: 3 0x8000f09c (0x031e8263)
core   0: 0x8000f0a0 (0x00bed733) srl     a4, t4, a1
core   0: 3 0x8000f0a0 (0x00bed733) x14 0x1ffc0017
core   0: 0x8000f0a4 (0x00b2d413) srli    s0, t0, 11
core   0: 3 0x8000f0a4 (0x00b2d413) x 8 0x00000000
core   0: 0x8000f0a8 (0x01d550b3) srl     ra, a0, t4
core   0: 3 0x8000f0a8 (0x01d550b3) x 1 0x00000000
core   0: 0x8000f0ac (0x01c400b3) add     ra, s0, t3
core   0: 3 0x8000f0ac (0x01c400b3) x 1 0x7fe28ea3
core   0: 0x8000f0b0 (0x11962593) slti    a1, a2, 281
core   0: 3 0x8000f0b0 (0x11962593) x11 0x00000001
core   0: 0x8000f0b4 (0x0035d9b3) srl     s3, a1, gp
core   0: 3 0x8000f0b4 (0x0035d9b3) x19 0x00000000
core   0: 0x8000f0b8 (0x03751663) bne     a0, s7, pc + 44
core   0: 3 0x8000f0b8 (0x03751663)
core   0: 0x8000f0e4 (0x00000013) nop
core   0: 3 0x8000f0e4 (0x00000013)
core   0: 0x8000f0e8 (0x01766c33) or      s8, a2, s7
core   0: 3 0x8000f0e8 (0x01766c33) x24 0xee4c8d74
core   0: 0x8000f0ec (0x02c89463) bne     a7, a2, pc + 40
core   0: 3 0x8000f0ec (0x02c89463)
core   0: 0x8000f114 (0x0056cfb3) xor     t6, a3, t0
core   0: 3 0x8000f114 (0x0056cfb3) x31 0xfa787e2c
core   0: 0x8000f118 (0x0000100f) fence.i
core   0: 3 0x8000f118 (0x0000100f)
core   0: 0x8000f11c (0x04b2e463) bltu    t0, a1, pc + 72
core   0: 3 0x8000f11c (0x04b2e463)
core   0: 0x8000f164 (0x00000013) nop
core   0: 3 0x8000f164 (0x00000013)
core   0: 0x8000f168 (0x00000013) nop
core   0: 3 0x8000f168 (0x00000013)
core   0: 0x8000f16c (0x00a81c63) bne     a6, a0, pc + 24
core   0: 3 0x8000f16c (0x00a81c63)
core   0: 0x8000f184 (0x0e8dc193) xori    gp, s11, 232
core   0: 3 0x8000f184 (0x0e8dc193) x 3 0x000000e8
core   0: 0x8000f188 (0x40765593) srai    a1, a2, 7
core   0: 3 0x8000f188 (0x40765593) x11 0x00000000
core   0: 0x8000f18c (0x40c953b3) sra     t2, s2, a2
core   0: 3 0x8000f18c (0x40c953b3) x 7 0x00000000
core   0: 0x8000f190 (0x0ff0000f) fence   iorw,iorw
core   0: 3 0x8000f190 (0x0ff0000f)
core   0: 0x8000f194 (0x6ff07713) andi    a4, zero, 1791
core   0: 3 0x8000f194 (0x6ff07713) x14 0x00000000
core   0: 0x8000f198 (0x70fcac13) slti    s8, s9, 1807
core   0: 3 0x8000f198 (0x70fcac13) x24 0x00000001
core   0: 0x8000f19c (0x41d703b3) sub     t2, a4, t4
core   0: 3 0x8000f19c (0x41d703b3) x 7 0x001fff45
core   0: 0x8000f1a0 (0x00f5c133) xor     sp, a1, a5
core   0: 3 0x8000f1a0 (0x00f5c133) x 2 0x80028e18
core   0: 0x8000f1a4 (0x0208f663) bgeu    a7, zero, pc + 44
core   0: 3 0x8000f1a4 (0x0208f663)
core   0: 0x8000f1d0 (0x0b968593) addi    a1, a3, 185
core   0: 3 0x8000f1d0 (0x0b968593) x11 0xfa787ee5
core   0: 0x8000f1d4 (0x03c1e063) bltu    gp, t3, pc + 32
core   0: 3 0x8000f1d4 (0x03c1e063)
core   0: 0x8000f1f4 (0x006a1a13) slli    s4, s4, 6
core   0: 3 0x8000f1f4 (0x006a1a13) x20 0x00000000
core   0: 0x8000f1f8 (0x7a2a8e97) auipc   t4, 0x7a2a8
core   0: 3 0x8000f1f8 (0x7a2a8e97) x29 0xfa2b71f8
core   0: 0x8000f1fc (0x053bd463) bge     s7, s3, pc + 72
core   0: 3 0x8000f1fc (0x053bd463)
core   0: 0x8000f200 (0x00000013) nop
core   0: 3 0x8000f200 (0x00000013)
core   0: 0x8000f204 (0x01c77433) and     s0, a4, t3
core   0: 3 0x8000f204 (0x01c77433) x 8 0x00000000
core   0: 0x8000f208 (0xfe5cf093) andi    ra, s9, -27
core   0: 3 0x8000f208 (0xfe5cf093) x 1 0x00000000
core   0: 0x8000f20c (0x0355f613) andi    a2, a1, 53
core   0: 3 0x8000f20c (0x0355f613) x12 0x00000025
core   0: 0x8000f210 (0xb79fad93) slti    s11, t6, -1159
core   0: 3 0x8000f210 (0xb79fad93) x27 0x00000001
core   0: 0x8000f214 (0x01b99ab3) sll     s5, s3, s11
core   0: 3 0x8000f214 (0x01b99ab3) x21 0x00000000
core   0: 0x8000f218 (0xe4a7bf13) sltiu   t5, a5, -438
core   0: 3 0x8000f218 (0xe4a7bf13) x30 0x00000001
core   0: 0x8000f21c (0x03298863) beq     s3, s2, pc + 48
core   0: 3 0x8000f21c (0x03298863)
core   0: 0x8000f24c (0x0044e433) or      s0, s1, tp
core   0: 3 0x8000f24c (0x0044e433) x 8 0xfffff8ff
core   0: 0x8000f250 (0x40775693) srai    a3, a4, 7
core   0: 3 0x8000f250 (0x40775693) x13 0x00000000
core   0: 0x8000f254 (0x032e8c63) beq     t4, s2, pc + 56
core   0: 3 0x8000f254 (0x032e8c63)
core   0: 0x8000f258 (0xf7e53f93) sltiu   t6, a0, -130
core   0: 3 0x8000f258 (0xf7e53f93) x31 0x00000001
core   0: 0x8000f25c (0xb5d69417) auipc   s0, 0xb5d69
core   0: 3 0x8000f25c (0xb5d69417) x 8 0x35d7825c
core   0: 0x8000f260 (0x45998b93) addi    s7, s3, 1113
core   0: 3 0x8000f260 (0x45998b93) x23 0x00000459
core   0: 0x8000f264 (0x80360a93) addi    s5, a2, -2045
core   0: 3 0x8000f264 (0x80360a93) x21 0xfffff828
core   0: 0x8000f268 (0x0ff0000f) fence   iorw,iorw
core   0: 3 0x8000f268 (0x0ff0000f)
core   0: 0x8000f26c (0x01cb1413) slli    s0, s6, 28
core   0: 3 0x8000f26c (0x01cb1413) x 8 0x00000000
core   0: 0x8000f270 (0x0067de33) srl     t3, a5, t1
core   0: 3 0x8000f270 (0x0067de33) x28 0x00000080
core   0: 0x8000f274 (0x006fcc63) blt     t6, t1, pc + 24
core   0: 3 0x8000f274 (0x006fcc63)
core   0: 0x8000f28c (0x01f45463) bge     s0, t6, pc + 8
core   0: 3 0x8000f28c (0x01f45463)
core   0: 0x8000f290 (0x0000100f) fence.i
core   0: 3 0x8000f290 (0x0000100f)
core   0: 0x8000f294 (0x40725a13) srai    s4, tp, 7
core   0: 3 0x8000f294 (0x40725a13) x20 0xfffffff1
core   0: 0x8000f298 (0x0ff0000f) fence   iorw,iorw
core   0: 3 0x8000f298 (0x0ff0000f)
core   0: 0x8000f29c (0xb1b7e613) ori     a2, a5, -1253
core   0: 3 0x8000f29c (0xb1b7e613) x12 0xffffff1b
core   0: 0x8000f2a0 (0x401da393) slti    t2, s11, 1025
core   0: 3 0x8000f2a0 (0x401da393) x 7 0x00000001
core   0: 0x8000f2a4 (0x022f4863) blt     t5, sp, pc + 48
core   0: 3 0x8000f2a4 (0x022f4863)
core   0: 0x8000f2a8 (0x01c26db3) or      s11, tp, t3
core   0: 3 0x8000f2a8 (0x01c26db3) x27 0xfffff89f
core   0: 0x8000f2ac (0x004d7633) and     a2, s10, tp
core   0: 3 0x8000f2ac (0x004d7633) x12 0x00000001
core   0: 0x8000f2b0 (0x016c0e33) add     t3, s8, s6
core   0: 3 0x8000f2b0 (0x016c0e33) x28 0x80000001
core   0: 0x8000f2b4 (0x6c28f013) andi    zero, a7, 1730
core   0: 3 0x8000f2b4 (0x6c28f013)
core   0: 0x8000f2b8 (0xa8e80113) addi    sp, a6, -1394
core   0: 3 0x8000f2b8 (0xa8e80113) x 2 0x7ffffa8e
core   0: 0x8000f2bc (0x41570933) sub     s2, a4, s5
core   0: 3 0x8000f2bc (0x41570933) x18 0x000007d8
core   0: 0x8000f2c0 (0x010a0a33) add     s4, s4, a6
core   0: 3 0x8000f2c0 (0x010a0a33) x20 0x7ffffff1
core   0: 0x8000f2c4 (0x15ed2017) auipc   zero, 0x15ed2
core   0: 3 0x8000f2c4 (0x15ed2017)
core   0: 0x8000f2c8 (0x0ff0000f) fence   iorw,iorw
core   0: 3 0x8000f2c8 (0x0ff0000f)
core   0: 0x8000f2cc (0x4a026337) lui     t1, 0x4a026
core   0: 3 0x8000f2cc (0x4a026337) x 6 0x4a026000
core   0: 0x8000f2d0 (0x00e07033) and     zero, zero, a4
core   0: 3 0x8000f2d0 (0x00e07033)
core   0: 0x8000f2d4 (0x00c423b3) slt     t2, s0, a2
core   0: 3 0x8000f2d4 (0x00c423b3) x 7 0x00000001
core   0: 0x8000f2d8 (0x2e15ec93) ori     s9, a1, 737
core   0: 3 0x8000f2d8 (0x2e15ec93) x25 0xfa787ee5
core   0: 0x8000f2dc (0x5e0c8d17) auipc   s10, 0x5e0c8
core   0: 3 0x8000f2dc (0x5e0c8d17) x26 0xde0d72dc
core   0: 0x8000f2e0 (0x171bf713) andi    a4, s7, 369
core   0: 3 0x8000f2e0 (0x171bf713) x14 0x00000051
core   0: 0x8000f2e4 (0x20b62313) slti    t1, a2, 523
core   0: 3 0x8000f2e4 (0x20b62313) x 6 0x00000001
core   0: 0x8000f2e8 (0x40105c93) srai    s9, zero, 1
core   0: 3 0x8000f2e8 (0x40105c93) x25 0x00000000
core   0: 0x8000f2ec (0x27763f13) sltiu   t5, a2, 631
core   0: 3 0x8000f2ec (0x27763f13) x30 0x00000001
core   0: 0x8000f2f0 (0x00cad6b3) srl     a3, s5, a2
core   0: 3 0x8000f2f0 (0x00cad6b3) x13 0x7ffffc14
core   0: 0x8000f2f4 (0x5403f713) andi    a4, t2, 1344
core   0: 3 0x8000f2f4 (0x5403f713) x14 0x00000000
core   0: 0x8000f2f8 (0x412a8fb3) sub     t6, s5, s2
core   0: 3 0x8000f2f8 (0x412a8fb3) x31 0xfffff050
core   0: 0x8000f2fc (0x00000013) nop
core   0: 3 0x8000f2fc (0x00000013)
core   0: 0x8000f300 (0x00000013) nop
core   0: 3 0x8000f300 (0x00000013)
core   0: 0x8000f304 (0x00bf7d33) and     s10, t5, a1
core   0: 3 0x8000f304 (0x00bf7d33) x26 0x00000001
core   0: 0x8000f308 (0x0020e463) bltu    ra, sp, pc + 8
core   0: 3 0x8000f308 (0x0020e463)
core   0: 0x8000f310 (0x003cbab3) sltu    s5, s9, gp
core   0: 3 0x8000f310 (0x003cbab3) x21 0x00000001
core   0: 0x8000f314 (0x0156bfb3) sltu    t6, a3, s5
core   0: 3 0x8000f314 (0x0156bfb3) x31 0x00000000
core   0: 0x8000f318 (0x19c9e093) ori     ra, s3, 412
core   0: 3 0x8000f318 (0x19c9e093) x 1 0x0000019c
core   0: 0x8000f31c (0x038c9e63) bne     s9, s8, pc + 60
core   0: 3 0x8000f31c (0x038c9e63)
core   0: 0x8000f358 (0xb0493d37) lui     s10, 0xb0493
core   0: 3 0x8000f358 (0xb0493d37) x26 0xb0493000
core   0: 0x8000f35c (0x0ff0000f) fence   iorw,iorw
core   0: 3 0x8000f35c (0x0ff0000f)
core   0: 0x8000f360 (0xadc0e693) ori     a3, ra, -1316
core   0: 3 0x8000f360 (0xadc0e693) x13 0xfffffbdc
core   0: 0x8000f364 (0x0205e063) bltu    a1, zero, pc + 32
core   0: 3 0x8000f364 (0x0205e063)
core   0: 0x8000f368 (0x850a3f13) sltiu   t5, s4, -1968
core   0: 3 0x8000f368 (0x850a3f13) x30 0x00000001
core   0: 0x8000f36c (0x00295193) srli    gp, s2, 2
core   0: 3 0x8000f36c (0x00295193) x 3 0x000001f6
core   0: 0x8000f370 (0x5f1de013) ori     zero, s11, 1521
core   0: 3 0x8000f370 (0x5f1de013)
core   0: 0x8000f374 (0x4036de13) srai    t3, a3, 3
core   0: 3 0x8000f374 (0x4036de13) x28 0xffffff7b
core   0: 0x8000f378 (0x0000100f) fence.i
core   0: 3 0x8000f378 (0x0000100f)
core   0: 0x8000f37c (0x01e50c33) add     s8, a0, t5
core   0: 3 0x8000f37c (0x01e50c33) x24 0x00000395
core   0: 0x8000f380 (0x0132d993) srli    s3, t0, 19
core   0: 3 0x8000f380 (0x0132d993) x19 0x00000000
core   0: 0x8000f384 (0x0075d093) srli    ra, a1, 7
core   0: 3 0x8000f384 (0x0075d093) x 1 0x01f4f0fd
core   0: 0x8000f388 (0x00000013) nop
core   0: 3 0x8000f388 (0x00000013)
core   0: 0x8000f38c (0x3e356913) ori     s2, a0, 995
core   0: 3 0x8000f38c (0x3e356913) x18 0x000003f7
core   0: 0x8000f390 (0x9351f913) andi    s2, gp, -1739
core   0: 3 0x8000f390 (0x9351f913) x18 0x00000134
core   0: 0x8000f394 (0x0bd98e93) addi    t4, s3, 189
core   0: 3 0x8000f394 (0x0bd98e93) x29 0x000000bd
core   0: 0x8000f398 (0x00305913) srli    s2, zero, 3
core   0: 3 0x8000f398 (0x00305913) x18 0x00000000
core   0: 0x8000f39c (0x0264f863) bgeu    s1, t1, pc + 48
core   0: 3 0x8000f39c (0x0264f863)
core   0: 0x8000f3cc (0x0172e2b3) or      t0, t0, s7
core   0: 3 0x8000f3cc (0x0172e2b3) x 5 0x00000459
core   0: 0x8000f3d0 (0x241a6f93) ori     t6, s4, 577
core   0: 3 0x8000f3d0 (0x241a6f93) x31 0x7ffffff1
core   0: 0x8000f3d4 (0x7f9cf093) andi    ra, s9, 2041
core   0: 3 0x8000f3d4 (0x7f9cf093) x 1 0x00000000
core   0: 0x8000f3d8 (0x0000100f) fence.i
core   0: 3 0x8000f3d8 (0x0000100f)
core   0: 0x8000f3dc (0x018f1eb3) sll     t4, t5, s8
core   0: 3 0x8000f3dc (0x018f1eb3) x29 0x00200000
core   0: 0x8000f3e0 (0x01d995b3) sll     a1, s3, t4
core   0: 3 0x8000f3e0 (0x01d995b3) x11 0x00000000
core   0: 0x8000f3e4 (0x00776f33) or      t5, a4, t2
core   0: 3 0x8000f3e4 (0x00776f33) x30 0x00000001
core   0: 0x8000f3e8 (0x023b8c63) beq     s7, gp, pc + 56
core   0: 3 0x8000f3e8 (0x023b8c63)
core   0: 0x8000f3ec (0x3e87b093) sltiu   ra, a5, 1000
core   0: 3 0x8000f3ec (0x3e87b093) x 1 0x00000000
core   0: 0x8000f3f0 (0x74d2fb13) andi    s6, t0, 1869
core   0: 3 0x8000f3f0 (0x74d2fb13) x22 0x00000449
core   0: 0x8000f3f4 (0x41f10fb3) sub     t6, sp, t6
core   0: 3 0x8000f3f4 (0x41f10fb3) x31 0xfffffa9d
core   0: 0x8000f3f8 (0xe1ee4197) auipc   gp, 0xe1ee4
core   0: 3 0x8000f3f8 (0xe1ee4197) x 3 0x61ef33f8
core   0: 0x8000f3fc (0x03529c63) bne     t0, s5, pc + 56
core   0: 3 0x8000f3fc (0x03529c63)
core   0: 0x8000f434 (0x40055d33) sra     s10, a0, zero
core   0: 3 0x8000f434 (0x40055d33) x26 0x00000394
core   0: 0x8000f438 (0x402006b3) sub     a3, zero, sp
core   0: 3 0x8000f438 (0x402006b3) x13 0x80000572
core   0: 0x8000f43c (0x0068d513) srli    a0, a7, 6
core   0: 3 0x8000f43c (0x0068d513) x10 0x02000b33
core   0: 0x8000f440 (0x01655eb3) srl     t4, a0, s6
core   0: 3 0x8000f440 (0x01655eb3) x29 0x00010005
core   0: 0x8000f444 (0x0000100f) fence.i
core   0: 3 0x8000f444 (0x0000100f)
core   0: 0x8000f448 (0x41c953b3) sra     t2, s2, t3
core   0: 3 0x8000f448 (0x41c953b3) x 7 0x00000000
core   0: 0x8000f44c (0xc8d1f293) andi    t0, gp, -883
core   0: 3 0x8000f44c (0xc8d1f293) x 5 0x61ef3088
core   0: 0x8000f450 (0x0192a1b3) slt     gp, t0, s9
core   0: 3 0x8000f450 (0x0192a1b3) x 3 0x00000000
core   0: 0x8000f454 (0x01d55e63) bge     a0, t4, pc + 28
core   0: 3 0x8000f454 (0x01d55e63)
core   0: 0x8000f470 (0x28083613) sltiu   a2, a6, 640
core   0: 3 0x8000f470 (0x28083613) x12 0x00000000
core   0: 0x8000f474 (0x418cd233) sra     tp, s9, s8
core   0: 3 0x8000f474 (0x418cd233) x 4 0x00000000
core   0: 0x8000f478 (0x1053b313) sltiu   t1, t2, 261
core   0: 3 0x8000f478 (0x1053b313) x 6 0x00000001
core   0: 0x8000f47c (0x01468533) add     a0, a3, s4
core   0: 3 0x8000f47c (0x01468533) x10 0x00000563
core   0: 0x8000f480 (0x0372d663) bge     t0, s7, pc + 44
core   0: 3 0x8000f480 (0x0372d663)
core   0: 0x8000f4ac (0x001460b3) or      ra, s0, ra
core   0: 3 0x8000f4ac (0x001460b3) x 1 0x00000000
core   0: 0x8000f4b0 (0x0dd1eab7) lui     s5, 0xdd1e
core   0: 3 0x8000f4b0 (0x0dd1eab7) x21 0x0dd1e000
core   0: 0x8000f4b4 (0xdbe94d37) lui     s10, 0xdbe94
core   0: 3 0x8000f4b4 (0xdbe94d37) x26 0xdbe94000
core   0: 0x8000f4b8 (0x01a471b3) and     gp, s0, s10
core   0: 3 0x8000f4b8 (0x01a471b3) x 3 0x00000000
core   0: 0x8000f4bc (0x00e82bb3) slt     s7, a6, a4
core   0: 3 0x8000f4bc (0x00e82bb3) x23 0x00000001
core   0: 0x8000f4c0 (0x033c7c63) bgeu    s8, s3, pc + 56
core   0: 3 0x8000f4c0 (0x033c7c63)
core   0: 0x8000f4f8 (0x00a5de33) srl     t3, a1, a0
core   0: 3 0x8000f4f8 (0x00a5de33) x28 0x00000000
core   0: 0x8000f4fc (0x01ef6863) bltu    t5, t5, pc + 16
core   0: 3 0x8000f4fc (0x01ef6863)
core   0: 0x8000f500 (0x008016b3) sll     a3, zero, s0
core   0: 3 0x8000f500 (0x008016b3) x13 0x00000000
core   0: 0x8000f504 (0x025ee263) bltu    t4, t0, pc + 36
core   0: 3 0x8000f504 (0x025ee263)
core   0: 0x8000f528 (0x01009d93) slli    s11, ra, 16
core   0: 3 0x8000f528 (0x01009d93) x27 0x00000000
core   0: 0x8000f52c (0xf5616093) ori     ra, sp, -170
core   0: 3 0x8000f52c (0xf5616093) x 1 0xffffffde
core   0: 0x8000f530 (0x004a2bb3) slt     s7, s4, tp
core   0: 3 0x8000f530 (0x004a2bb3) x23 0x00000000
core   0: 0x8000f534 (0x41f65f13) srai    t5, a2, 31
core   0: 3 0x8000f534 (0x41f65f13) x30 0x00000000
core   0: 0x8000f538 (0x01875c93) srli    s9, a4, 24
core   0: 3 0x8000f538 (0x01875c93) x25 0x00000000
core   0: 0x8000f53c (0x00098463) beqz    s3, pc + 8
core   0: 3 0x8000f53c (0x00098463)
core   0: 0x8000f544 (0x02d8f863) bgeu    a7, a3, pc + 48
core   0: 3 0x8000f544 (0x02d8f863)
core   0: 0x8000f574 (0xa49bfa13) andi    s4, s7, -1463
core   0: 3 0x8000f574 (0xa49bfa13) x20 0x00000000
core   0: 0x8000f578 (0x01e5d033) srl     zero, a1, t5
core   0: 3 0x8000f578 (0x01e5d033)
core   0: 0x8000f57c (0x03384c63) blt     a6, s3, pc + 56
core   0: 3 0x8000f57c (0x03384c63)
core   0: 0x8000f5b4 (0x41d2dfb3) sra     t6, t0, t4
core   0: 3 0x8000f5b4 (0x41d2dfb3) x31 0x030f7984
core   0: 0x8000f5b8 (0x015ec033) xor     zero, t4, s5
core   0: 3 0x8000f5b8 (0x015ec033)
core   0: 0x8000f5bc (0x0000100f) fence.i
core   0: 3 0x8000f5bc (0x0000100f)
core   0: 0x8000f5c0 (0x0154de33) srl     t3, s1, s5
core   0: 3 0x8000f5c0 (0x0154de33) x28 0x00000068
core   0: 0x8000f5c4 (0x002ac9b3) xor     s3, s5, sp
core   0: 3 0x8000f5c4 (0x002ac9b3) x19 0x722e1a8e
core   0: 0x8000f5c8 (0x19ceb097) auipc   ra, 0x19ceb
core   0: 3 0x8000f5c8 (0x19ceb097) x 1 0x99cfa5c8
core   0: 0x8000f5cc (0x00ee4933) xor     s2, t3, a4
core   0: 3 0x8000f5cc (0x00ee4933) x18 0x00000068
core   0: 0x8000f5d0 (0x015f1913) slli    s2, t5, 21
core   0: 3 0x8000f5d0 (0x015f1913) x18 0x00000000
core   0: 0x8000f5d4 (0x0000100f) fence.i
core   0: 3 0x8000f5d4 (0x0000100f)
core   0: 0x8000f5d8 (0x0000100f) fence.i
core   0: 3 0x8000f5d8 (0x0000100f)
core   0: 0x8000f5dc (0xd9c33113) sltiu   sp, t1, -612
core   0: 3 0x8000f5dc (0xd9c33113) x 2 0x00000001
core   0: 0x8000f5e0 (0x00000013) nop
core   0: 3 0x8000f5e0 (0x00000013)
core   0: 0x8000f5e4 (0x35738313) addi    t1, t2, 855
core   0: 3 0x8000f5e4 (0x35738313) x 6 0x00000357
core   0: 0x8000f5e8 (0x01c1e3b3) or      t2, gp, t3
core   0: 3 0x8000f5e8 (0x01c1e3b3) x 7 0x00000068
core   0: 0x8000f5ec (0x409b8133) sub     sp, s7, s1
core   0: 3 0x8000f5ec (0x409b8133) x 2 0xffffff98
core   0: 0x8000f5f0 (0xe550ee93) ori     t4, ra, -427
core   0: 3 0x8000f5f0 (0xe550ee93) x29 0xffffffdd
core   0: 0x8000f5f4 (0x1ce17317) auipc   t1, 0x1ce17
core   0: 3 0x8000f5f4 (0x1ce17317) x 6 0x9ce265f4
core   0: 0x8000f5f8 (0x4043d033) sra     zero, t2, tp
core   0: 3 0x8000f5f8 (0x4043d033)
core   0: 0x8000f5fc (0x01bbdc33) srl     s8, s7, s11
core   0: 3 0x8000f5fc (0x01bbdc33) x24 0x00000000
core   0: 0x8000f600 (0x0023a333) slt     t1, t2, sp
core   0: 3 0x8000f600 (0x0023a333) x 6 0x00000000
core   0: 0x8000f604 (0x038b7863) bgeu    s6, s8, pc + 48
core   0: 3 0x8000f604 (0x038b7863)
core   0: 0x8000f634 (0x008351b3) srl     gp, t1, s0
core   0: 3 0x8000f634 (0x008351b3) x 3 0x00000000
core   0: 0x8000f638 (0x03706c63) bltu    zero, s7, pc + 56
core   0: 3 0x8000f638 (0x03706c63)
core   0: 0x8000f63c (0x04fe9463) bne     t4, a5, pc + 72
core   0: 3 0x8000f63c (0x04fe9463)
core   0: 0x8000f684 (0x01c4fbb3) and     s7, s1, t3
core   0: 3 0x8000f684 (0x01c4fbb3) x23 0x00000068
core   0: 0x8000f688 (0x00e5ffb3) and     t6, a1, a4
core   0: 3 0x8000f688 (0x00e5ffb3) x31 0x00000000
core   0: 0x8000f68c (0x01045233) srl     tp, s0, a6
core   0: 3 0x8000f68c (0x01045233) x 4 0x00000000
core   0: 0x8000f690 (0xb5b5eeb7) lui     t4, 0xb5b5e
core   0: 3 0x8000f690 (0xb5b5eeb7) x29 0xb5b5e000
core   0: 0x8000f694 (0x25687513) andi    a0, a6, 598
core   0: 3 0x8000f694 (0x25687513) x10 0x00000000
core   0: 0x8000f698 (0x00bb29b3) slt     s3, s6, a1
core   0: 3 0x8000f698 (0x00bb29b3) x19 0x00000000
core   0: 0x8000f69c (0x01b9f2b3) and     t0, s3, s11
core   0: 3 0x8000f69c (0x01b9f2b3) x 5 0x00000000
core   0: 0x8000f6a0 (0x02b91e63) bne     s2, a1, pc + 60
core   0: 3 0x8000f6a0 (0x02b91e63)
core   0: 0x8000f6a4 (0x02120a63) beq     tp, ra, pc + 52
core   0: 3 0x8000f6a4 (0x02120a63)
core   0: 0x8000f6a8 (0x00000013) nop
core   0: 3 0x8000f6a8 (0x00000013)
core   0: 0x8000f6ac (0x0345fc63) bgeu    a1, s4, pc + 56
core   0: 3 0x8000f6ac (0x0345fc63)
core   0: 0x8000f6e4 (0x00d69113) slli    sp, a3, 13
core   0: 3 0x8000f6e4 (0x00d69113) x 2 0x00000000
core   0: 0x8000f6e8 (0x40655c33) sra     s8, a0, t1
core   0: 3 0x8000f6e8 (0x40655c33) x24 0x00000000
core   0: 0x8000f6ec (0x011d9db3) sll     s11, s11, a7
core   0: 3 0x8000f6ec (0x011d9db3) x27 0x00000000
core   0: 0x8000f6f0 (0x00004417) auipc   s0, 0x4
core   0: 3 0x8000f6f0 (0x00004417) x 8 0x800136f0
core   0: 0x8000f6f4 (0x53340413) addi    s0, s0, 1331
core   0: 3 0x8000f6f4 (0x53340413) x 8 0x80013c23
core   0: 0x8000f6f8 (0x0000d597) auipc   a1, 0xd
core   0: 3 0x8000f6f8 (0x0000d597) x11 0x8001c6f8
core   0: 0x8000f6fc (0x33558593) addi    a1, a1, 821
core   0: 3 0x8000f6fc (0x33558593) x11 0x8001ca2d
core   0: 0x8000f700 (0xffd5c903) lbu     s2, -3(a1)
core   0: 3 0x8000f700 (0xffd5c903) x18 0x00000062 mem 0x8001ca2a
core   0: 0x8000f704 (0x00b58c83) lb      s9, 11(a1)
core   0: 3 0x8000f704 (0x00b58c83) x25 0x00000011 mem 0x8001ca38
core   0: 0x8000f708 (0xf2e40223) sb      a4, -220(s0)
core   0: 3 0x8000f708 (0xf2e40223) mem 0x80013b47 0x0
core   0: 0x8000f70c (0xff25c603) lbu     a2, -14(a1)
core   0: 3 0x8000f70c (0xff25c603) x12 0x00000077 mem 0x8001ca1f
core   0: 0x8000f710 (0x08c40b03) lb      s6, 140(s0)
core   0: 3 0x8000f710 (0x08c40b03) x22 0x0000003b mem 0x80013caf
core   0: 0x8000f714 (0x01c40103) lb      sp, 28(s0)
core   0: 3 0x8000f714 (0x01c40103) x 2 0x00000000 mem 0x80013c3f
core   0: 0x8000f718 (0x009583a3) sb      s1, 7(a1)
core   0: 3 0x8000f718 (0x009583a3) mem 0x8001ca34 0x68
core   0: 0x8000f71c (0x00a44703) lbu     a4, 10(s0)
core   0: 3 0x8000f71c (0x00a44703) x14 0x000000e2 mem 0x80013c2d
core   0: 0x8000f720 (0x05244283) lbu     t0, 82(s0)
core   0: 3 0x8000f720 (0x05244283) x 5 0x000000ee mem 0x80013c75
core   0: 0x8000f724 (0x069402a3) sb      s1, 101(s0)
core   0: 3 0x8000f724 (0x069402a3) mem 0x80013c88 0x68
core   0: 0x8000f728 (0x0005cb83) lbu     s7, 0(a1)
core   0: 3 0x8000f728 (0x0005cb83) x23 0x00000083 mem 0x8001ca2d
core   0: 0x8000f72c (0x032c7663) bgeu    s8, s2, pc + 44
core   0: 3 0x8000f72c (0x032c7663)
core   0: 0x8000f730 (0x019f6633) or      a2, t5, s9
core   0: 3 0x8000f730 (0x019f6633) x12 0x00000011
core   0: 0x8000f734 (0x41be5a93) srai    s5, t3, 27
core   0: 3 0x8000f734 (0x41be5a93) x21 0x00000000
core   0: 0x8000f738 (0x005720b3) slt     ra, a4, t0
core   0: 3 0x8000f738 (0x005720b3) x 1 0x00000001
core   0: 0x8000f73c (0x00fef9b3) and     s3, t4, a5
core   0: 3 0x8000f73c (0x00fef9b3) x19 0x80008000
core   0: 0x8000f740 (0x0ff48d17) auipc   s10, 0xff48
core   0: 3 0x8000f740 (0x0ff48d17) x26 0x8ff57740
core   0: 0x8000f744 (0x36244e13) xori    t3, s0, 866
core   0: 3 0x8000f744 (0x36244e13) x28 0x80013f41
core   0: 0x8000f748 (0xa51b6313) ori     t1, s6, -1455
core   0: 3 0x8000f748 (0xa51b6313) x 6 0xfffffa7b
core   0: 0x8000f74c (0x0ff0000f) fence   iorw,iorw
core   0: 3 0x8000f74c (0x0ff0000f)
core   0: 0x8000f750 (0x6f1e2393) slti    t2, t3, 1777
core   0: 3 0x8000f750 (0x6f1e2393) x 7 0x00000001
core   0: 0x8000f754 (0x01137463) bgeu    t1, a7, pc + 8
core   0: 3 0x8000f754 (0x01137463)
core   0: 0x8000f75c (0x01eea6b3) slt     a3, t4, t5
core   0: 3 0x8000f75c (0x01eea6b3) x13 0x00000001
core   0: 0x8000f760 (0xd159a693) slti    a3, s3, -747
core   0: 3 0x8000f760 (0xd159a693) x13 0x00000001
core   0: 0x8000f764 (0x000a6a63) bltu    s4, zero, pc + 20
core   0: 3 0x8000f764 (0x000a6a63)
core   0: 0x8000f768 (0x24e6aa93) slti    s5, a3, 590
core   0: 3 0x8000f768 (0x24e6aa93) x21 0x00000001
core   0: 0x8000f76c (0x40c15333) sra     t1, sp, a2
core   0: 3 0x8000f76c (0x40c15333) x 6 0x00000000
core   0: 0x8000f770 (0x401d5093) srai    ra, s10, 1
core   0: 3 0x8000f770 (0x401d5093) x 1 0xc7fabba0
core   0: 0x8000f774 (0x0ff0000f) fence   iorw,iorw
core   0: 3 0x8000f774 (0x0ff0000f)
core   0: 0x8000f778 (0x00e61093) slli    ra, a2, 14
core   0: 3 0x8000f778 (0x00e61093) x 1 0x00044000
core   0: 0x8000f77c (0x00ea8463) beq     s5, a4, pc + 8
core   0: 3 0x8000f77c (0x00ea8463)
core   0: 0x8000f780 (0x00da5193) srli    gp, s4, 13
core   0: 3 0x8000f780 (0x00da5193) x 3 0x00000000
core   0: 0x8000f784 (0x02fa4863) blt     s4, a5, pc + 48
core   0: 3 0x8000f784 (0x02fa4863)
core   0: 0x8000f788 (0x41fdd9b3) sra     s3, s11, t6
core   0: 3 0x8000f788 (0x41fdd9b3) x19 0x00000000
core   0: 0x8000f78c (0x0ff0000f) fence   iorw,iorw
core   0: 3 0x8000f78c (0x0ff0000f)
core   0: 0x8000f790 (0x0022f3b3) and     t2, t0, sp
core   0: 3 0x8000f790 (0x0022f3b3) x 7 0x00000000
core   0: 0x8000f794 (0x00000013) nop
core   0: 3 0x8000f794 (0x00000013)
core   0: 0x8000f798 (0x8b860d13) addi    s10, a2, -1864
core   0: 3 0x8000f798 (0x8b860d13) x26 0xfffff8c9
core   0: 0x8000f79c (0x7382a093) slti    ra, t0, 1848
core   0: 3 0x8000f79c (0x7382a093) x 1 0x00000001
core   0: 0x8000f7a0 (0x015dea63) bltu    s11, s5, pc + 20
core   0: 3 0x8000f7a0 (0x015dea63)
core   0: 0x8000f7b4 (0x00f002b3) add     t0, zero, a5
core   0: 3 0x8000f7b4 (0x00f002b3) x 5 0x80028e18
core   0: 0x8000f7b8 (0x31dfbc93) sltiu   s9, t6, 797
core   0: 3 0x8000f7b8 (0x31dfbc93) x25 0x00000001
core   0: 0x8000f7bc (0x00421a33) sll     s4, tp, tp
core   0: 3 0x8000f7bc (0x00421a33) x20 0x00000000
core   0: 0x8000f7c0 (0x0047a983) lw      s3, 4(a5)
core   0: 3 0x8000f7c0 (0x0047a983) x19 0x80009ddc mem 0x80028e1c
core   0: 0x8000f7c4 (0xeb240193) addi    gp, s0, -334
core   0: 3 0x8000f7c4 (0xeb240193) x 3 0x80013ad5
core   0: 0x8000f7c8 (0x2f5e2213) slti    tp, t3, 757
core   0: 3 0x8000f7c8 (0x2f5e2213) x 4 0x00000001
core   0: 0x8000f7cc (0x00656b33) or      s6, a0, t1
core   0: 3 0x8000f7cc (0x00656b33) x22 0x00000000
core   0: 0x8000f7d0 (0x0198dc33) srl     s8, a7, s9
core   0: 3 0x8000f7d0 (0x0198dc33) x24 0x40016672
core   0: 0x8000f7d4 (0x03c78793) addi    a5, a5, 60
core   0: 3 0x8000f7d4 (0x03c78793) x15 0x80028e54
core   0: 0x8000f7d8 (0x00e7d733) srl     a4, a5, a4
core   0: 3 0x8000f7d8 (0x00e7d733) x14 0x2000a395
core   0: 0x8000f7dc (0x0024fdb3) and     s11, s1, sp
core   0: 3 0x8000f7dc (0x0024fdb3) x27 0x00000000
core   0: 0x8000f7e0 (0x00000013) nop
core   0: 3 0x8000f7e0 (0x00000013)
core   0: 0x8000f7e4 (0x00098413) mv      s0, s3
core   0: 3 0x8000f7e4 (0x00098413) x 8 0x80009ddc
core   0: 0x8000f7e8 (0x00040467) jalr    s0, s0, 0
core   0: 3 0x8000f7e8 (0x00040467) x 8 0x8000f7ec
core   0: 0x80009ddc (0x0140b333) sltu    t1, ra, s4
core   0: 3 0x80009ddc (0x0140b333) x 6 0x00000000
core   0: 0x80009de0 (0x00dee263) bltu    t4, a3, pc + 4
core   0: 3 0x80009de0 (0x00dee263)
core   0: 0x80009de4 (0x007f1b93) slli    s7, t5, 7
core   0: 3 0x80009de4 (0x007f1b93) x23 0x00000000
core   0: 0x80009de8 (0x0000100f) fence.i
core   0: 3 0x80009de8 (0x0000100f)
core   0: 0x80009dec (0x015e91b3) sll     gp, t4, s5
core   0: 3 0x80009dec (0x015e91b3) x 3 0x6b6bc000
core   0: 0x80009df0 (0x00068c63) beqz    a3, pc + 24
core   0: 3 0x80009df0 (0x00068c63)
core   0: 0x80009df4 (0x02d3c463) blt     t2, a3, pc + 40
core   0: 3 0x80009df4 (0x02d3c463)
core   0: 0x80009e1c (0x0312c863) blt     t0, a7, pc + 48
core   0: 3 0x80009e1c (0x0312c863)
core   0: 0x80009e4c (0x05d64663) blt     a2, t4, pc + 76
core   0: 3 0x80009e4c (0x05d64663)
core   0: 0x80009e50 (0x0000100f) fence.i
core   0: 3 0x80009e50 (0x0000100f)
core   0: 0x80009e54 (0x009bdc93) srli    s9, s7, 9
core   0: 3 0x80009e54 (0x009bdc93) x25 0x00000000
core   0: 0x80009e58 (0x012175b3) and     a1, sp, s2
core   0: 3 0x80009e58 (0x012175b3) x11 0x00000000
core   0: 0x80009e5c (0x00d1b6b3) sltu    a3, gp, a3
core   0: 3 0x80009e5c (0x00d1b6b3) x13 0x00000000
core   0: 0x80009e60 (0xae655e17) auipc   t3, 0xae655
core   0: 3 0x80009e60 (0xae655e17) x28 0x2e65ee60
core   0: 0x80009e64 (0x415b0cb3) sub     s9, s6, s5
core   0: 3 0x80009e64 (0x415b0cb3) x25 0xffffffff
core   0: 0x80009e68 (0x005f3cb3) sltu    s9, t5, t0
core   0: 3 0x80009e68 (0x005f3cb3) x25 0x00000001
core   0: 0x80009e6c (0x0000100f) fence.i
core   0: 3 0x80009e6c (0x0000100f)
core   0: 0x80009e70 (0x4135d4b3) sra     s1, a1, s3
core   0: 3 0x80009e70 (0x4135d4b3) x 9 0x00000000
core   0: 0x80009e74 (0x02fdce63) blt     s11, a5, pc + 60
core   0: 3 0x80009e74 (0x02fdce63)
core   0: 0x80009e78 (0xd8e6b613) sltiu   a2, a3, -626
core   0: 3 0x80009e78 (0xd8e6b613) x12 0x00000001
core   0: 0x80009e7c (0x016cdbb3) srl     s7, s9, s6
core   0: 3 0x80009e7c (0x016cdbb3) x23 0x00000001
core   0: 0x80009e80 (0x01d24ab3) xor     s5, tp, t4
core   0: 3 0x80009e80 (0x01d24ab3) x21 0xb5b5e001
core   0: 0x80009e84 (0x00b5fa33) and     s4, a1, a1
core   0: 3 0x80009e84 (0x00b5fa33) x20 0x00000000
core   0: 0x80009e88 (0x03d99063) bne     s3, t4, pc + 32
core   0: 3 0x80009e88 (0x03d99063)
core   0: 0x80009ea8 (0x90b5c613) xori    a2, a1, -1781
core   0: 3 0x80009ea8 (0x90b5c613) x12 0xfffff90b
core   0: 0x80009eac (0x41b282b3) sub     t0, t0, s11
core   0: 3 0x80009eac (0x41b282b3) x 5 0x80028e18
core   0: 0x80009eb0 (0x0018d913) srli    s2, a7, 1
core   0: 3 0x80009eb0 (0x0018d913) x18 0x40016672
core   0: 0x80009eb4 (0x36ccf693) andi    a3, s9, 876
core   0: 3 0x80009eb4 (0x36ccf693) x13 0x00000000
core   0: 0x80009eb8 (0x00235033) srl     zero, t1, sp
core   0: 3 0x80009eb8 (0x00235033)
core   0: 0x80009ebc (0x04179263) bne     a5, ra, pc + 68
core   0: 3 0x80009ebc (0x04179263)
core   0: 0x80009f00 (0x41db5ab3) sra     s5, s6, t4
core   0: 3 0x80009f00 (0x41db5ab3) x21 0x00000000
core   0: 0x80009f04 (0x86035437) lui     s0, 0x86035
core   0: 3 0x80009f04 (0x86035437) x 8 0x86035000
core   0: 0x80009f08 (0x10386b93) ori     s7, a6, 259
core   0: 3 0x80009f08 (0x10386b93) x23 0x80000103
core   0: 0x80009f0c (0x003c7033) and     zero, s8, gp
core   0: 3 0x80009f0c (0x003c7033)
core   0: 0x80009f10 (0x004b5213) srli    tp, s6, 4
core   0: 3 0x80009f10 (0x004b5213) x 4 0x00000000
core   0: 0x80009f14 (0x006a0eb3) add     t4, s4, t1
core   0: 3 0x80009f14 (0x006a0eb3) x29 0x00000000
core   0: 0x80009f18 (0x00595a13) srli    s4, s2, 5
core   0: 3 0x80009f18 (0x00595a13) x20 0x02000b33
core   0: 0x80009f1c (0x010490b3) sll     ra, s1, a6
core   0: 3 0x80009f1c (0x010490b3) x 1 0x00000000
core   0: 0x80009f20 (0x01b235b3) sltu    a1, tp, s11
core   0: 3 0x80009f20 (0x01b235b3) x11 0x00000000
core   0: 0x80009f24 (0x013efc63) bgeu    t4, s3, pc + 24
core   0: 3 0x80009f24 (0x013efc63)
core   0: 0x80009f28 (0x004b5933) srl     s2, s6, tp
core   0: 3 0x80009f28 (0x004b5933) x18 0x00000000
core   0: 0x80009f2c (0x016f32b3) sltu    t0, t5, s6
core   0: 3 0x80009f2c (0x016f32b3) x 5 0x00000000
core   0: 0x80009f30 (0x41a704b3) sub     s1, a4, s10
core   0: 3 0x80009f30 (0x41a704b3) x 9 0x2000aacc
core   0: 0x80009f34 (0x6dc85b17) auipc   s6, 0x6dc85
core   0: 3 0x80009f34 (0x6dc85b17) x22 0xedc8ef34
core   0: 0x80009f38 (0x00e4b3b3) sltu    t2, s1, a4
core   0: 3 0x80009f38 (0x00e4b3b3) x 7 0x00000000
core   0: 0x80009f3c (0x419fd333) sra     t1, t6, s9
core   0: 3 0x80009f3c (0x419fd333) x 6 0x00000000
core   0: 0x80009f40 (0x916ae913) ori     s2, s5, -1770
core   0: 3 0x80009f40 (0x916ae913) x18 0xfffff916
core   0: 0x80009f44 (0x03cb1463) bne     s6, t3, pc + 40
core   0: 3 0x80009f44 (0x03cb1463)
core   0: 0x80009f6c (0x004b43b3) xor     t2, s6, tp
core   0: 3 0x80009f6c (0x004b43b3) x 7 0xedc8ef34
core   0: 0x80009f70 (0x014c9233) sll     tp, s9, s4
core   0: 3 0x80009f70 (0x014c9233) x 4 0x00080000
core   0: 0x80009f74 (0x038a0063) beq     s4, s8, pc + 32
core   0: 3 0x80009f74 (0x038a0063)
core   0: 0x80009f78 (0x67708693) addi    a3, ra, 1655
core   0: 3 0x80009f78 (0x67708693) x13 0x00000677
core   0: 0x80009f7c (0x0122dc63) bge     t0, s2, pc + 24
core   0: 3 0x80009f7c (0x0122dc63)
core   0: 0x80009f94 (0x0000100f) fence.i
core   0: 3 0x80009f94 (0x0000100f)
core   0: 0x80009f98 (0x00000013) nop
core   0: 3 0x80009f98 (0x00000013)
core   0: 0x80009f9c (0x00746633) or      a2, s0, t2
core   0: 3 0x80009f9c (0x00746633) x12 0xefcbff34
core   0: 0x80009fa0 (0x00000013) nop
core   0: 3 0x80009fa0 (0x00000013)
core   0: 0x80009fa4 (0x02041063) bnez    s0, pc + 32
core   0: 3 0x80009fa4 (0x02041063)
core   0: 0x80009fc4 (0x00318633) add     a2, gp, gp
core   0: 3 0x80009fc4 (0x00318633) x12 0xd6d78000
core   0: 0x80009fc8 (0x4014de93) srai    t4, s1, 1
core   0: 3 0x80009fc8 (0x4014de93) x29 0x10005566
core   0: 0x80009fcc (0x01dc1263) bne     s8, t4, pc + 4
core   0: 3 0x80009fcc (0x01dc1263)
core   0: 0x80009fd0 (0xe341e693) ori     a3, gp, -460
core   0: 3 0x80009fd0 (0xe341e693) x13 0xfffffe34
core   0: 0x80009fd4 (0x00629bb3) sll     s7, t0, t1
core   0: 3 0x80009fd4 (0x00629bb3) x23 0x00000000
core   0: 0x80009fd8 (0x418852b3) sra     t0, a6, s8
core   0: 3 0x80009fd8 (0x418852b3) x 5 0xffffe000
core   0: 0x80009fdc (0x00672033) slt     zero, a4, t1
core   0: 3 0x80009fdc (0x00672033)
core   0: 0x80009fe0 (0x03101e63) bne     zero, a7, pc + 60
core   0: 3 0x80009fe0 (0x03101e63)
core   0: 0x8000a01c (0x00755ab3) srl     s5, a0, t2
core   0: 3 0x8000a01c (0x00755ab3) x21 0x00000000
core   0: 0x8000a020 (0x00704463) blt     zero, t2, pc + 8
core   0: 3 0x8000a020 (0x00704463)
core   0: 0x8000a024 (0x00000013) nop
core   0: 3 0x8000a024 (0x00000013)
core   0: 0x8000a028 (0xf5014913) xori    s2, sp, -176
core   0: 3 0x8000a028 (0xf5014913) x18 0xffffff50
core   0: 0x8000a02c (0x0062da63) bge     t0, t1, pc + 20
core   0: 3 0x8000a02c (0x0062da63)
core   0: 0x8000a030 (0x01b81713) slli    a4, a6, 27
core   0: 3 0x8000a030 (0x01b81713) x14 0x00000000
core   0: 0x8000a034 (0x41a68c33) sub     s8, a3, s10
core   0: 3 0x8000a034 (0x41a68c33) x24 0x0000056b
core   0: 0x8000a038 (0x1e212593) slti    a1, sp, 482
core   0: 3 0x8000a038 (0x1e212593) x11 0x00000001
core   0: 0x8000a03c (0x01625c93) srli    s9, tp, 22
core   0: 3 0x8000a03c (0x01625c93) x25 0x00000000
core   0: 0x8000a040 (0x00a98033) add     zero, s3, a0
core   0: 3 0x8000a040 (0x00a98033)
core   0: 0x8000a044 (0xa662e493) ori     s1, t0, -1434
core   0: 3 0x8000a044 (0xa662e493) x 9 0xfffffa66
core   0: 0x8000a048 (0x03a61463) bne     a2, s10, pc + 40
core   0: 3 0x8000a048 (0x03a61463)
core   0: 0x8000a070 (0x00000013) nop
core   0: 3 0x8000a070 (0x00000013)
core   0: 0x8000a074 (0x00ba7eb3) and     t4, s4, a1
core   0: 3 0x8000a074 (0x00ba7eb3) x29 0x00000001
core   0: 0x8000a078 (0x01fe2433) slt     s0, t3, t6
core   0: 3 0x8000a078 (0x01fe2433) x 8 0x00000000
core   0: 0x8000a07c (0x6fd9ab93) slti    s7, s3, 1789
core   0: 3 0x8000a07c (0x6fd9ab93) x23 0x00000001
core   0: 0x8000a080 (0x0000100f) fence.i
core   0: 3 0x8000a080 (0x0000100f)
core   0: 0x8000a084 (0x0172c4b3) xor     s1, t0, s7
core   0: 3 0x8000a084 (0x0172c4b3) x 9 0xffffe001
core   0: 0x8000a088 (0x0047a983) lw      s3, 4(a5)
core   0: 3 0x8000a088 (0x0047a983) x19 0x80001e24 mem 0x80028e58
core   0: 0x8000a08c (0x01078793) addi    a5, a5, 16
core   0: 3 0x8000a08c (0x01078793) x15 0x80028e64
core   0: 0x8000a090 (0x00e9d913) srli    s2, s3, 14
core   0: 3 0x8000a090 (0x00e9d913) x18 0x00020000
core   0: 0x8000a094 (0x00e3d093) srli    ra, t2, 14
core   0: 3 0x8000a094 (0x00e3d093) x 1 0x0003b723
core   0: 0x8000a098 (0x00098113) mv      sp, s3
core   0: 3 0x8000a098 (0x00098113) x 2 0x80001e24
core   0: 0x8000a09c (0x00010167) jalr    sp, sp, 0
core   0: 3 0x8000a09c (0x00010167) x 2 0x8000a0a0
core   0: 0x80001e24 (0x16dc6a13) ori     s4, s8, 365
core   0: 3 0x80001e24 (0x16dc6a13) x20 0x0000056f
core   0: 0x80001e28 (0x99f5ba37) lui     s4, 0x99f5b
core   0: 3 0x80001e28 (0x99f5ba37) x20 0x99f5b000
core   0: 0x80001e2c (0x01db6ab3) or      s5, s6, t4
core   0: 3 0x80001e2c (0x01db6ab3) x21 0xedc8ef35
core   0: 0x80001e30 (0x015bd0b3) srl     ra, s7, s5
core   0: 3 0x80001e30 (0x015bd0b3) x 1 0x00000000
core   0: 0x80001e34 (0x01599863) bne     s3, s5, pc + 16
core   0: 3 0x80001e34 (0x01599863)
core   0: 0x80001e44 (0x0154cf33) xor     t5, s1, s5
core   0: 3 0x80001e44 (0x0154cf33) x30 0x12370f34
core   0: 0x80001e48 (0x01839e13) slli    t3, t2, 24
core   0: 3 0x80001e48 (0x01839e13) x28 0x34000000
core   0: 0x80001e4c (0x00697c33) and     s8, s2, t1
core   0: 3 0x80001e4c (0x00697c33) x24 0x00000000
core   0: 0x80001e50 (0x00e50033) add     zero, a0, a4
core   0: 3 0x80001e50 (0x00e50033)
core   0: 0x80001e54 (0x00203533) snez    a0, sp
core   0: 3 0x80001e54 (0x00203533) x10 0x00000001
core   0: 0x80001e58 (0x34d87913) andi    s2, a6, 845
core   0: 3 0x80001e58 (0x34d87913) x18 0x00000000
core   0: 0x80001e5c (0x00000013) nop
core   0: 3 0x80001e5c (0x00000013)
core   0: 0x80001e60 (0x005df033) and     zero, s11, t0
core   0: 3 0x80001e60 (0x005df033)
core   0: 0x80001e64 (0x9861e593) ori     a1, gp, -1658
core   0: 3 0x80001e64 (0x9861e593) x11 0xfffff986
core   0: 0x80001e68 (0x41b1dd33) sra     s10, gp, s11
core   0: 3 0x80001e68 (0x41b1dd33) x26 0x6b6bc000
core   0: 0x80001e6c (0x0291e463) bltu    gp, s1, pc + 40
core   0: 3 0x80001e6c (0x0291e463)
core   0: 0x80001e94 (0x008f7633) and     a2, t5, s0
core   0: 3 0x80001e94 (0x008f7633) x12 0x00000000
core   0: 0x80001e98 (0x05a8e063) bltu    a7, s10, pc + 64
core   0: 3 0x80001e98 (0x05a8e063)
core   0: 0x80001e9c (0x01d571b3) and     gp, a0, t4
core   0: 3 0x80001e9c (0x01d571b3) x 3 0x00000001
core   0: 0x80001ea0 (0x417c5713) srai    a4, s8, 23
core   0: 3 0x80001ea0 (0x417c5713) x14 0x00000000
core   0: 0x80001ea4 (0x02a15263) bge     sp, a0, pc + 36
core   0: 3 0x80001ea4 (0x02a15263)
core   0: 0x80001ea8 (0x0ff0000f) fence   iorw,iorw
core   0: 3 0x80001ea8 (0x0ff0000f)
core   0: 0x80001eac (0x4ee50997) auipc   s3, 0x4ee50
core   0: 3 0x80001eac (0x4ee50997) x19 0xcee51eac
core   0: 0x80001eb0 (0x001fb433) sltu    s0, t6, ra
core   0: 3 0x80001eb0 (0x001fb433) x 8 0x00000000
core   0: 0x80001eb4 (0x80fd8a13) addi    s4, s11, -2033
core   0: 3 0x80001eb4 (0x80fd8a13) x20 0xfffff80f
core   0: 0x80001eb8 (0x02dc7a63) bgeu    s8, a3, pc + 52
core   0: 3 0x80001eb8 (0x02dc7a63)
core   0: 0x80001ebc (0x6464e913) ori     s2, s1, 1606
core   0: 3 0x80001ebc (0x6464e913) x18 0xffffe647
core   0: 0x80001ec0 (0x01ed5393) srli    t2, s10, 30
core   0: 3 0x80001ec0 (0x01ed5393) x 7 0x00000001
core   0: 0x80001ec4 (0x01ead463) bge     s5, t5, pc + 8
core   0: 3 0x80001ec4 (0x01ead463)
core   0: 0x80001ec8 (0x4175dd33) sra     s10, a1, s7
core   0: 3 0x80001ec8 (0x4175dd33) x26 0xfffffcc3
core   0: 0x80001ecc (0x41d6dd13) srai    s10, a3, 29
core   0: 3 0x80001ecc (0x41d6dd13) x26 0xffffffff
core   0: 0x80001ed0 (0x01aa96b3) sll     a3, s5, s10
core   0: 3 0x80001ed0 (0x01aa96b3) x13 0x80000000
core   0: 0x80001ed4 (0x05fd1863) bne     s10, t6, pc + 80
core   0: 3 0x80001ed4 (0x05fd1863)
core   0: 0x80001f24 (0x419053b3) sra     t2, zero, s9
core   0: 3 0x80001f24 (0x419053b3) x 7 0x00000000
core   0: 0x80001f28 (0x8ba0fc13) andi    s8, ra, -1862
core   0: 3 0x80001f28 (0x8ba0fc13) x24 0x00000000
core   0: 0x80001f2c (0x0013b5b3) sltu    a1, t2, ra
core   0: 3 0x80001f2c (0x0013b5b3) x11 0x00000000
core   0: 0x80001f30 (0xd3d40093) addi    ra, s0, -707
core   0: 3 0x80001f30 (0xd3d40093) x 1 0xfffffd3d
core   0: 0x80001f34 (0x81b36e13) ori     t3, t1, -2021
core   0: 3 0x80001f34 (0x81b36e13) x28 0xfffff81b
core   0: 0x80001f38 (0x74019997) auipc   s3, 0x74019
core   0: 3 0x80001f38 (0x74019997) x19 0xf401af38
core   0: 0x80001f3c (0x8e23d1b7) lui     gp, 0x8e23d
core   0: 3 0x80001f3c (0x8e23d1b7) x 3 0x8e23d000
core   0: 0x80001f40 (0x23753e93) sltiu   t4, a0, 567
core   0: 3 0x80001f40 (0x23753e93) x29 0x00000001
core   0: 0x80001f44 (0x05ba5263) bge     s4, s11, pc + 68
core   0: 3 0x80001f44 (0x05ba5263)
core   0: 0x80001f48 (0xcc642a13) slti    s4, s0, -826
core   0: 3 0x80001f48 (0xcc642a13) x20 0x00000000
core   0: 0x80001f4c (0x031ed863) bge     t4, a7, pc + 48
core   0: 3 0x80001f4c (0x031ed863)
core   0: 0x80001f7c (0xe6e6ee93) ori     t4, a3, -402
core   0: 3 0x80001f7c (0xe6e6ee93) x29 0xfffffe6e
core   0: 0x80001f80 (0x4112d633) sra     a2, t0, a7
core   0: 3 0x80001f80 (0x4112d633) x12 0xfffffe00
core   0: 0x80001f84 (0x00000013) nop
core   0: 3 0x80001f84 (0x00000013)
core   0: 0x80001f88 (0x0269e063) bltu    s3, t1, pc + 32
core   0: 3 0x80001f88 (0x0269e063)
core   0: 0x80001f8c (0x0000100f) fence.i
core   0: 3 0x80001f8c (0x0000100f)
core   0: 0x80001f90 (0x63857b93) andi    s7, a0, 1592
core   0: 3 0x80001f90 (0x63857b93) x23 0x00000000
core   0: 0x80001f94 (0xd0beab93) slti    s7, t4, -757
core   0: 3 0x80001f94 (0xd0beab93) x23 0x00000000
core   0: 0x80001f98 (0x01c0d9b3) srl     s3, ra, t3
core   0: 3 0x80001f98 (0x01c0d9b3) x19 0x0000001f
core   0: 0x80001f9c (0x04f9c463) blt     s3, a5, pc + 72
core   0: 3 0x80001f9c (0x04f9c463)
core   0: 0x80001fa0 (0x00000013) nop
core   0: 3 0x80001fa0 (0x00000013)
core   0: 0x80001fa4 (0x18840693) addi    a3, s0, 392
core   0: 3 0x80001fa4 (0x18840693) x13 0x00000188
core   0: 0x80001fa8 (0x01461333) sll     t1, a2, s4
core   0: 3 0x80001fa8 (0x01461333) x 6 0xfffffe00
core   0: 0x80001fac (0x017cb233) sltu    tp, s9, s7
core   0: 3 0x80001fac (0x017cb233) x 4 0x00000000
core   0: 0x80001fb0 (0x01fc5d93) srli    s11, s8, 31
core   0: 3 0x80001fb0 (0x01fc5d93) x27 0x00000000
core   0: 0x80001fb4 (0xc1ae7e13) andi    t3, t3, -998
core   0: 3 0x80001fb4 (0xc1ae7e13) x28 0xfffff81a
core   0: 0x80001fb8 (0x00000013) nop
core   0: 3 0x80001fb8 (0x00000013)
core   0: 0x80001fbc (0x03e4d663) bge     s1, t5, pc + 44
core   0: 3 0x80001fbc (0x03e4d663)
core   0: 0x80001fc0 (0x2ced4c93) xori    s9, s10, 718
core   0: 3 0x80001fc0 (0x2ced4c93) x25 0xfffffd31
core   0: 0x80001fc4 (0x0000100f) fence.i
core   0: 3 0x80001fc4 (0x0000100f)
core   0: 0x80001fc8 (0x00490463) beq     s2, tp, pc + 8
core   0: 3 0x80001fc8 (0x00490463)
core   0: 0x80001fcc (0xa4dbc913) xori    s2, s7, -1459
core   0: 3 0x80001fcc (0xa4dbc913) x18 0xfffffa4d
core   0: 0x80001fd0 (0x01f643b3) xor     t2, a2, t6
core   0: 3 0x80001fd0 (0x01f643b3) x 7 0xfffffe00
core   0: 0x80001fd4 (0x0107f663) bgeu    a5, a6, pc + 12
core   0: 3 0x80001fd4 (0x0107f663)
core   0: 0x80001fe0 (0x0105c5b3) xor     a1, a1, a6
core   0: 3 0x80001fe0 (0x0105c5b3) x11 0x80000000
core   0: 0x80001fe4 (0x01d03f33) snez    t5, t4
core   0: 3 0x80001fe4 (0x01d03f33) x30 0x00000001
core   0: 0x80001fe8 (0x00ca1333) sll     t1, s4, a2
core   0: 3 0x80001fe8 (0x00ca1333) x 6 0x00000000
core   0: 0x80001fec (0x00f92fb3) slt     t6, s2, a5
core   0: 3 0x80001fec (0x00f92fb3) x31 0x00000000
core   0: 0x80001ff0 (0xe9857d13) andi    s10, a0, -360
core   0: 3 0x80001ff0 (0xe9857d13) x26 0x00000000
core   0: 0x80001ff4 (0x40a55333) sra     t1, a0, a0
core   0: 3 0x80001ff4 (0x40a55333) x 6 0x00000000
core   0: 0x80001ff8 (0x0ff0000f) fence   iorw,iorw
core   0: 3 0x80001ff8 (0x0ff0000f)
core   0: 0x80001ffc (0x0056b533) sltu    a0, a3, t0
core   0: 3 0x80001ffc (0x0056b533) x10 0x00000001
core   0: 0x80002000 (0x001d5513) srli    a0, s10, 1
core   0: 3 0x80002000 (0x001d5513) x10 0x00000000
core   0: 0x80002004 (0x00b01213) slli    tp, zero, 11
core   0: 3 0x80002004 (0x00b01213) x 4 0x00000000
core   0: 0x80002008 (0x030fca63) blt     t6, a6, pc + 52
core   0: 3 0x80002008 (0x030fca63)
core   0: 0x8000200c (0xa2003d37) lui     s10, 0xa2003
core   0: 3 0x8000200c (0xa2003d37) x26 0xa2003000
core   0: 0x80002010 (0x00244133) xor     sp, s0, sp
core   0: 3 0x80002010 (0x00244133) x 2 0x8000a0a0
core   0: 0x80002014 (0x6e8d2213) slti    tp, s10, 1768
core   0: 3 0x80002014 (0x6e8d2213) x 4 0x00000001
core   0: 0x80002018 (0x4c902c13) slti    s8, zero, 1225
core   0: 3 0x80002018 (0x4c902c13) x24 0x00000001
core   0: 0x8000201c (0x0317d063) bge     a5, a7, pc + 32
core   0: 3 0x8000201c (0x0317d063)
core   0: 0x80002020 (0x1e2c4993) xori    s3, s8, 482
core   0: 3 0x80002020 (0x1e2c4993) x19 0x000001e3
core   0: 0x80002024 (0x0ef93c93) sltiu   s9, s2, 239
core   0: 3 0x80002024 (0x0ef93c93) x25 0x00000000
core   0: 0x80002028 (0x0bc1b5b7) lui     a1, 0xbc1b
core   0: 3 0x80002028 (0x0bc1b5b7) x11 0x0bc1b000
core   0: 0x8000202c (0x006f7463) bgeu    t5, t1, pc + 8
core   0: 3 0x8000202c (0x006f7463)
core   0: 0x80002034 (0x41bbd2b3) sra     t0, s7, s11
core   0: 3 0x80002034 (0x41bbd2b3) x 5 0x00000000
core   0: 0x80002038 (0xe6801c17) auipc   s8, 0xe6801
core   0: 3 0x80002038 (0xe6801c17) x24 0x66803038
core   0: 0x8000203c (0x01425e63) bge     tp, s4, pc + 28
core   0: 3 0x8000203c (0x01425e63)
core   0: 0x80002058 (0x00f71e13) slli    t3, a4, 15
core   0: 3 0x80002058 (0x00f71e13) x28 0x00000000
core   0: 0x8000205c (0x033a4a63) blt     s4, s3, pc + 52
core   0: 3 0x8000205c (0x033a4a63)
core   0: 0x80002090 (0x01363333) sltu    t1, a2, s3
core   0: 3 0x80002090 (0x01363333) x 6 0x00000000
core   0: 0x80002094 (0x01ae84b3) add     s1, t4, s10
core   0: 3 0x80002094 (0x01ae84b3) x 9 0xa2002e6e
core   0: 0x80002098 (0x93e77113) andi    sp, a4, -1730
core   0: 3 0x80002098 (0x93e77113) x 2 0x00000000
core   0: 0x8000209c (0xe4607693) andi    a3, zero, -442
core   0: 3 0x8000209c (0xe4607693) x13 0x00000000
core   0: 0x800020a0 (0x40992093) slti    ra, s2, 1033
core   0: 3 0x800020a0 (0x40992093) x 1 0x00000001
core   0: 0x800020a4 (0x40ded133) sra     sp, t4, a3
core   0: 3 0x800020a4 (0x40ded133) x 2 0xfffffe6e
core   0: 0x800020a8 (0xe2087c17) auipc   s8, 0xe2087
core   0: 3 0x800020a8 (0xe2087c17) x24 0x620890a8
core   0: 0x800020ac (0x00000013) nop
core   0: 3 0x800020ac (0x00000013)
core   0: 0x800020b0 (0x00cbe863) bltu    s7, a2, pc + 16
core   0: 3 0x800020b0 (0x00cbe863)
core   0: 0x800020c0 (0x01580233) add     tp, a6, s5
core   0: 3 0x800020c0 (0x01580233) x 4 0x6dc8ef35
core   0: 0x800020c4 (0x01a669b3) or      s3, a2, s10
core   0: 3 0x800020c4 (0x01a669b3) x19 0xfffffe00
core   0: 0x800020c8 (0x00768133) add     sp, a3, t2
core   0: 3 0x800020c8 (0x00768133) x 2 0xfffffe00
core   0: 0x800020cc (0x27668d13) addi    s10, a3, 630
core   0: 3 0x800020cc (0x27668d13) x26 0x00000276
core   0: 0x800020d0 (0x41bbd433) sra     s0, s7, s11
core   0: 3 0x800020d0 (0x41bbd433) x 8 0x00000000
core   0: 0x800020d4 (0x41b38cb3) sub     s9, t2, s11
core   0: 3 0x800020d4 (0x41b38cb3) x25 0xfffffe00
core   0: 0x800020d8 (0x01e75c33) srl     s8, a4, t5
core   0: 3 0x800020d8 (0x01e75c33) x24 0x00000000
core   0: 0x800020dc (0x00d74733) xor     a4, a4, a3
core   0: 3 0x800020dc (0x00d74733) x14 0x00000000
core   0: 0x800020e0 (0x415a82b3) sub     t0, s5, s5
core   0: 3 0x800020e0 (0x415a82b3) x 5 0x00000000
core   0: 0x800020e4 (0x00621f33) sll     t5, tp, t1
core   0: 3 0x800020e4 (0x00621f33) x30 0x6dc8ef35
core   0: 0x800020e8 (0x01cc1b33) sll     s6, s8, t3
core   0: 3 0x800020e8 (0x01cc1b33) x22 0x00000000
core   0: 0x800020ec (0x15b5b513) sltiu   a0, a1, 347
core   0: 3 0x800020ec (0x15b5b513) x10 0x00000000
core   0: 0x800020f0 (0x00970933) add     s2, a4, s1
core   0: 3 0x800020f0 (0x00970933) x18 0xa2002e6e
core   0: 0x800020f4 (0x0ff0000f) fence   iorw,iorw
core   0: 3 0x800020f4 (0x0ff0000f)
core   0: 0x800020f8 (0x41b05e13) srai    t3, zero, 27
core   0: 3 0x800020f8 (0x41b05e13) x28 0x00000000
core   0: 0x800020fc (0x02381063) bne     a6, gp, pc + 32
core   0: 3 0x800020fc (0x02381063)
core   0: 0x8000211c (0x9b6a3a13) sltiu   s4, s4, -1610
core   0: 3 0x8000211c (0x9b6a3a13) x20 0x00000001
core   0: 0x80002120 (0x40af0733) sub     a4, t5, a0
core   0: 3 0x80002120 (0x40af0733) x14 0x6dc8ef35
core   0: 0x80002124 (0x59cd7737) lui     a4, 0x59cd7
core   0: 3 0x80002124 (0x59cd7737) x14 0x59cd7000
core   0: 0x80002128 (0x019ec933) xor     s2, t4, s9
core   0: 3 0x80002128 (0x019ec933) x18 0x0000006e
core   0: 0x8000212c (0x0ff0000f) fence   iorw,iorw
core   0: 3 0x8000212c (0x0ff0000f)
core   0: 0x80002130 (0x136ecc93) xori    s9, t4, 310
core   0: 3 0x80002130 (0x136ecc93) x25 0xffffff58
core   0: 0x80002134 (0x057e6263) bltu    t3, s7, pc + 68
core   0: 3 0x80002134 (0x057e6263)
core   0: 0x80002138 (0x001d0e33) add     t3, s10, ra
core   0: 3 0x80002138 (0x001d0e33) x28 0x00000277
core   0: 0x8000213c (0x01105333) srl     t1, zero, a7
core   0: 3 0x8000213c (0x01105333) x 6 0x00000000
core   0: 0x80002140 (0x004c6e63) bltu    s8, tp, pc + 28
core   0: 3 0x80002140 (0x004c6e63)
core   0: 0x8000215c (0x00fe5fb3) srl     t6, t3, a5
core   0: 3 0x8000215c (0x00fe5fb3) x31 0x00000027
core   0: 0x80002160 (0x0000100f) fence.i
core   0: 3 0x80002160 (0x0000100f)
core   0: 0x80002164 (0x7d30a013) slti    zero, ra, 2003
core   0: 3 0x80002164 (0x7d30a013)
core   0: 0x80002168 (0x001f9e13) slli    t3, t6, 1
core   0: 3 0x80002168 (0x001f9e13) x28 0x0000004e
core   0: 0x8000216c (0x01007263) bgeu    zero, a6, pc + 4
core   0: 3 0x8000216c (0x01007263)
core   0: 0x80002170 (0x02fb9c63) bne     s7, a5, pc + 56
core   0: 3 0x80002170 (0x02fb9c63)
core   0: 0x800021a8 (0x17b995b7) lui     a1, 0x17b99
core   0: 3 0x800021a8 (0x17b995b7) x11 0x17b99000
core   0: 0x800021ac (0x00671f13) slli    t5, a4, 6
core   0: 3 0x800021ac (0x00671f13) x30 0x735c0000
core   0: 0x800021b0 (0x0ff0000f) fence   iorw,iorw
core   0: 3 0x800021b0 (0x0ff0000f)
core   0: 0x800021b4 (0x00eb9a13) slli    s4, s7, 14
core   0: 3 0x800021b4 (0x00eb9a13) x20 0x00000000
core   0: 0x800021b8 (0x00b51c63) bne     a0, a1, pc + 24
core   0: 3 0x800021b8 (0x00b51c63)
core   0: 0x800021d0 (0x01ad1193) slli    gp, s10, 26
core   0: 3 0x800021d0 (0x01ad1193) x 3 0xd8000000
core   0: 0x800021d4 (0x41cf5633) sra     a2, t5, t3
core   0: 3 0x800021d4 (0x41cf5633) x12 0x0001cd70
core   0: 0x800021d8 (0x40a58db3) sub     s11, a1, a0
core   0: 3 0x800021d8 (0x40a58db3) x27 0x17b99000
core   0: 0x800021dc (0x0ff0000f) fence   iorw,iorw
core   0: 3 0x800021dc (0x0ff0000f)
core   0: 0x800021e0 (0x02785863) bge     a6, t2, pc + 48
core   0: 3 0x800021e0 (0x02785863)
core   0: 0x800021e4 (0x41ba5f13) srai    t5, s4, 27
core   0: 3 0x800021e4 (0x41ba5f13) x30 0x00000000
core   0: 0x800021e8 (0x41560f33) sub     t5, a2, s5
core   0: 3 0x800021e8 (0x41560f33) x30 0x1238de3b
core   0: 0x800021ec (0x0ebf4613) xori    a2, t5, 235
core   0: 3 0x800021ec (0x0ebf4613) x12 0x1238ded0
core   0: 0x800021f0 (0x40610f33) sub     t5, sp, t1
core   0: 3 0x800021f0 (0x40610f33) x30 0xfffffe00
core   0: 0x800021f4 (0x008556b3) srl     a3, a0, s0
core   0: 3 0x800021f4 (0x008556b3) x13 0x00000000
core   0: 0x800021f8 (0x03b11063) bne     sp, s11, pc + 32
core   0: 3 0x800021f8 (0x03b11063)
core   0: 0x80002218 (0x41aa0a33) sub     s4, s4, s10
core   0: 3 0x80002218 (0x41aa0a33) x20 0xfffffd8a
core   0: 0x8000221c (0x0000100f) fence.i
core   0: 3 0x8000221c (0x0000100f)
core   0: 0x80002220 (0x01087733) and     a4, a6, a6
core   0: 3 0x80002220 (0x01087733) x14 0x80000000
core   0: 0x80002224 (0x010e5393) srli    t2, t3, 16
core   0: 3 0x80002224 (0x010e5393) x 7 0x00000000
core   0: 0x80002228 (0x412b8633) sub     a2, s7, s2
core   0: 3 0x80002228 (0x412b8633) x12 0xffffff92
core   0: 0x8000222c (0x40475d33) sra     s10, a4, tp
core   0: 3 0x8000222c (0x40475d33) x26 0xfffffc00
core   0: 0x80002230 (0x41ca5f13) srai    t5, s4, 28
core   0: 3 0x80002230 (0x41ca5f13) x30 0xffffffff
core   0: 0x80002234 (0x01f16cb3) or      s9, sp, t6
core   0: 3 0x80002234 (0x01f16cb3) x25 0xfffffe27
core   0: 0x80002238 (0x00141463) bne     s0, ra, pc + 8
core   0: 3 0x80002238 (0x00141463)
core   0: 0x80002240 (0x013d1533) sll     a0, s10, s3
core   0: 3 0x80002240 (0x013d1533) x10 0xfffffc00
core   0: 0x80002244 (0x03ae0263) beq     t3, s10, pc + 36
core   0: 3 0x80002244 (0x03ae0263)
core   0: 0x80002248 (0x016010b3) sll     ra, zero, s6
core   0: 3 0x80002248 (0x016010b3) x 1 0x00000000
core   0: 0x8000224c (0xd4cd2693) slti    a3, s10, -692
core   0: 3 0x8000224c (0xd4cd2693) x13 0x00000001
core   0: 0x80002250 (0x01e8a433) slt     s0, a7, t5
core   0: 3 0x80002250 (0x01e8a433) x 8 0x00000001
core   0: 0x80002254 (0x01c929b3) slt     s3, s2, t3
core   0: 3 0x80002254 (0x01c929b3) x19 0x00000000
core   0: 0x80002258 (0x0065bf33) sltu    t5, a1, t1
core   0: 3 0x80002258 (0x0065bf33) x30 0x00000000
core   0: 0x8000225c (0x410ed213) srai    tp, t4, 16
core   0: 3 0x8000225c (0x410ed213) x 4 0xffffffff
core   0: 0x80002260 (0xbad20a17) auipc   s4, 0xbad20
core   0: 3 0x80002260 (0xbad20a17) x20 0x3ad22260
core   0: 0x80002264 (0x01ebd333) srl     t1, s7, t5
core   0: 3 0x80002264 (0x01ebd333) x 6 0x00000000
core   0: 0x80002268 (0x01190033) add     zero, s2, a7
core   0: 3 0x80002268 (0x01190033)
core   0: 0x8000226c (0xb902b497) auipc   s1, 0xb902b
core   0: 3 0x8000226c (0xb902b497) x 9 0x3902d26c
core   0: 0x80002270 (0x41f0d033) sra     zero, ra, t6
core   0: 3 0x80002270 (0x41f0d033)
core   0: 0x80002274 (0x4150d6b3) sra     a3, ra, s5
core   0: 3 0x80002274 (0x4150d6b3) x13 0x00000000
core   0: 0x80002278 (0x409e5f33) sra     t5, t3, s1
core   0: 3 0x80002278 (0x409e5f33) x30 0x00000000
core   0: 0x8000227c (0x5d67b937) lui     s2, 0x5d67b
core   0: 3 0x8000227c (0x5d67b937) x18 0x5d67b000
core   0: 0x80002280 (0x01032433) slt     s0, t1, a6
core   0: 3 0x80002280 (0x01032433) x 8 0x00000000
core   0: 0x80002284 (0x404b0a33) sub     s4, s6, tp
core   0: 3 0x80002284 (0x404b0a33) x20 0x00000001
core   0: 0x80002288 (0x05c5d863) bge     a1, t3, pc + 80
core   0: 3 0x80002288 (0x05c5d863)
core   0: 0x800022d8 (0x0ff0000f) fence   iorw,iorw
core   0: 3 0x800022d8 (0x0ff0000f)
core   0: 0x800022dc (0x38993093) sltiu   ra, s2, 905
core   0: 3 0x800022dc (0x38993093) x 1 0x00000000
core   0: 0x800022e0 (0x03715063) bge     sp, s7, pc + 32
core   0: 3 0x800022e0 (0x03715063)
core   0: 0x800022e4 (0x040f4463) bltz    t5, pc + 72
core   0: 3 0x800022e4 (0x040f4463)
core   0: 0x800022e8 (0x00cc9293) slli    t0, s9, 12
core   0: 3 0x800022e8 (0x00cc9293) x 5 0xffe27000
core   0: 0x800022ec (0x009830b3) sltu    ra, a6, s1
core   0: 3 0x800022ec (0x009830b3) x 1 0x00000000
core   0: 0x800022f0 (0x00baa633) slt     a2, s5, a1
core   0: 3 0x800022f0 (0x00baa633) x12 0x00000001
core   0: 0x800022f4 (0x40e6d4b3) sra     s1, a3, a4
core   0: 3 0x800022f4 (0x40e6d4b3) x 9 0x00000000
core   0: 0x800022f8 (0x03d10a63) beq     sp, t4, pc + 52
core   0: 3 0x800022f8 (0x03d10a63)
core   0: 0x800022fc (0x01bcdcb3) srl     s9, s9, s11
core   0: 3 0x800022fc (0x01bcdcb3) x25 0xfffffe27
core   0: 0x80002300 (0x405a3293) sltiu   t0, s4, 1029
core   0: 3 0x80002300 (0x405a3293) x 5 0x00000001
core   0: 0x80002304 (0x01490ab3) add     s5, s2, s4
core   0: 3 0x80002304 (0x01490ab3) x21 0x5d67b001
core   0: 0x80002308 (0x01e1d193) srli    gp, gp, 30
core   0: 3 0x80002308 (0x01e1d193) x 3 0x00000003
core   0: 0x8000230c (0x0000100f) fence.i
core   0: 3 0x8000230c (0x0000100f)
core   0: 0x80002310 (0x00b89463) bne     a7, a1, pc + 8
core   0: 3 0x80002310 (0x00b89463)
core   0: 0x80002318 (0x01112eb3) slt     t4, sp, a7
core   0: 3 0x80002318 (0x01112eb3) x29 0x00000000
core   0: 0x8000231c (0x78154037) lui     zero, 0x78154
core   0: 3 0x8000231c (0x78154037)
core   0: 0x80002320 (0x0000100f) fence.i
core   0: 3 0x80002320 (0x0000100f)
core   0: 0x80002324 (0x4195d393) srai    t2, a1, 25
core   0: 3 0x80002324 (0x4195d393) x 7 0x0000000b
core   0: 0x80002328 (0x00c78c33) add     s8, a5, a2
core   0: 3 0x80002328 (0x00c78c33) x24 0x80028e65
core   0: 0x8000232c (0x0154d0b3) srl     ra, s1, s5
core   0: 3 0x8000232c (0x0154d0b3) x 1 0x00000000
core   0: 0x80002330 (0xeb2cde17) auipc   t3, 0xeb2cd
core   0: 3 0x80002330 (0xeb2cde17) x28 0x6b2cf330
core   0: 0x80002334 (0x41090cb3) sub     s9, s2, a6
core   0: 3 0x80002334 (0x41090cb3) x25 0xdd67b000
core   0: 0x80002338 (0x00f37863) bgeu    t1, a5, pc + 16
core   0: 3 0x80002338 (0x00f37863)
core   0: 0x8000233c (0x400a50b3) sra     ra, s4, zero
core   0: 3 0x8000233c (0x400a50b3) x 1 0x00000001
core   0: 0x80002340 (0x0000100f) fence.i
core   0: 3 0x80002340 (0x0000100f)
core   0: 0x80002344 (0x010f5113) srli    sp, t5, 16
core   0: 3 0x80002344 (0x010f5113) x 2 0x00000000
core   0: 0x80002348 (0x01baf2b3) and     t0, s5, s11
core   0: 3 0x80002348 (0x01baf2b3) x 5 0x15219000
core   0: 0x8000234c (0xab842613) slti    a2, s0, -1352
core   0: 3 0x8000234c (0xab842613) x12 0x00000000
core   0: 0x80002350 (0x01e4fdb3) and     s11, s1, t5
core   0: 3 0x80002350 (0x01e4fdb3) x27 0x00000000
core   0: 0x80002354 (0xa2aa8993) addi    s3, s5, -1494
core   0: 3 0x80002354 (0xa2aa8993) x19 0x5d67aa2b
core   0: 0x80002358 (0x00ea1ab3) sll     s5, s4, a4
core   0: 3 0x80002358 (0x00ea1ab3) x21 0x00000001
core   0: 0x8000235c (0x017e8263) beq     t4, s7, pc + 4
core   0: 3 0x8000235c (0x017e8263)
core   0: 0x80002360 (0x00dbce63) blt     s7, a3, pc + 28
core   0: 3 0x80002360 (0x00dbce63)
core   0: 0x80002364 (0x006e31b3) sltu    gp, t3, t1
core   0: 3 0x80002364 (0x006e31b3) x 3 0x00000000
core   0: 0x80002368 (0x403a0db3) sub     s11, s4, gp
core   0: 3 0x80002368 (0x403a0db3) x27 0x00000001
core   0: 0x8000236c (0x40965ab3) sra     s5, a2, s1
core   0: 3 0x8000236c (0x40965ab3) x21 0x00000000
core   0: 0x80002370 (0x4090dd33) sra     s10, ra, s1
core   0: 3 0x80002370 (0x4090dd33) x26 0x00000001
core   0: 0x80002374 (0x00e160b3) or      ra, sp, a4
core   0: 3 0x80002374 (0x00e160b3) x 1 0x80000000
core   0: 0x80002378 (0x01495b93) srli    s7, s2, 20
core   0: 3 0x80002378 (0x01495b93) x23 0x000005d6
core   0: 0x8000237c (0xe2914713) xori    a4, sp, -471
core   0: 3 0x8000237c (0xe2914713) x14 0xfffffe29
core   0: 0x80002380 (0x4152d413) srai    s0, t0, 21
core   0: 3 0x80002380 (0x4152d413) x 8 0x000000a9
core   0: 0x80002384 (0x40ccda93) srai    s5, s9, 12
core   0: 3 0x80002384 (0x40ccda93) x21 0xfffdd67b
core   0: 0x80002388 (0x01232533) slt     a0, t1, s2
core   0: 3 0x80002388 (0x01232533) x10 0x00000001
core   0: 0x8000238c (0x6e423fb7) lui     t6, 0x6e423
core   0: 3 0x8000238c (0x6e423fb7) x31 0x6e423000
core   0: 0x80002390 (0x409080b3) sub     ra, ra, s1
core   0: 3 0x80002390 (0x409080b3) x 1 0x80000000
core   0: 0x80002394 (0x05e1d263) bge     gp, t5, pc + 68
core   0: 3 0x80002394 (0x05e1d263)
core   0: 0x800023d8 (0x0163d493) srli    s1, t2, 22
core   0: 3 0x800023d8 (0x0163d493) x 9 0x00000000
core   0: 0x800023dc (0x0084bc33) sltu    s8, s1, s0
core   0: 3 0x800023dc (0x0084bc33) x24 0x00000001
core   0: 0x800023e0 (0x0000100f) fence.i
core   0: 3 0x800023e0 (0x0000100f)
core   0: 0x800023e4 (0xfd5ff693) andi    a3, t6, -43
core   0: 3 0x800023e4 (0xfd5ff693) x13 0x6e423000
core   0: 0x800023e8 (0x018011b3) sll     gp, zero, s8
core   0: 3 0x800023e8 (0x018011b3) x 3 0x00000000
core   0: 0x800023ec (0x0488f863) bgeu    a7, s0, pc + 80
core   0: 3 0x800023ec (0x0488f863)
core   0: 0x8000243c (0x00b0d463) bge     ra, a1, pc + 8
core   0: 3 0x8000243c (0x00b0d463)
core   0: 0x80002440 (0x414a8533) sub     a0, s5, s4
core   0: 3 0x80002440 (0x414a8533) x10 0xfffdd67a
core   0: 0x80002444 (0x00941f33) sll     t5, s0, s1
core   0: 3 0x80002444 (0x00941f33) x30 0x000000a9
core   0: 0x80002448 (0x00000013) nop
core   0: 3 0x80002448 (0x00000013)
core   0: 0x8000244c (0x91fd0393) addi    t2, s10, -1761
core   0: 3 0x8000244c (0x91fd0393) x 7 0xfffff920
core   0: 0x80002450 (0x41085393) srai    t2, a6, 16
core   0: 3 0x80002450 (0x41085393) x 7 0xffff8000
core   0: 0x80002454 (0x0000100f) fence.i
core   0: 3 0x80002454 (0x0000100f)
core   0: 0x80002458 (0x868dc593) xori    a1, s11, -1944
core   0: 3 0x80002458 (0x868dc593) x11 0xfffff869
core   0: 0x8000245c (0x01148fb3) add     t6, s1, a7
core   0: 3 0x8000245c (0x01148fb3) x31 0x8002cce4
core   0: 0x80002460 (0x00ab5f93) srli    t6, s6, 10
core   0: 3 0x80002460 (0x00ab5f93) x31 0x00000000
core   0: 0x80002464 (0x00a6efb3) or      t6, a3, a0
core   0: 3 0x80002464 (0x00a6efb3) x31 0xfffff67a
core   0: 0x80002468 (0x03116a63) bltu    sp, a7, pc + 52
core   0: 3 0x80002468 (0x03116a63)
core   0: 0x8000249c (0x0067d5b3) srl     a1, a5, t1
core   0: 3 0x8000249c (0x0067d5b3) x11 0x80028e64
core   0: 0x800024a0 (0x023a0c63) beq     s4, gp, pc + 56
core   0: 3 0x800024a0 (0x023a0c63)
core   0: 0x800024a4 (0x75de6a93) ori     s5, t3, 1885
core   0: 3 0x800024a4 (0x75de6a93) x21 0x6b2cf77d
core   0: 0x800024a8 (0xe67abb13) sltiu   s6, s5, -409
core   0: 3 0x800024a8 (0xe67abb13) x22 0x00000001
core   0: 0x800024ac (0x04157463) bgeu    a0, ra, pc + 72
core   0: 3 0x800024ac (0x04157463)
core   0: 0x800024f4 (0x03d36663) bltu    t1, t4, pc + 44
core   0: 3 0x800024f4 (0x03d36663)
core   0: 0x800024f8 (0x016534b3) sltu    s1, a0, s6
core   0: 3 0x800024f8 (0x016534b3) x 9 0x00000000
core   0: 0x800024fc (0x0035a493) slti    s1, a1, 3
core   0: 3 0x800024fc (0x0035a493) x 9 0x00000001
core   0: 0x80002500 (0x01c8eab3) or      s5, a7, t3
core   0: 3 0x80002500 (0x01c8eab3) x21 0xeb2efff4
core   0: 0x80002504 (0x0596e063) bltu    a3, s9, pc + 64
core   0: 3 0x80002504 (0x0596e063)
core   0: 0x80002544 (0x0000100f) fence.i
core   0: 3 0x80002544 (0x0000100f)
core   0: 0x80002548 (0x0153f463) bgeu    t2, s5, pc + 8
core   0: 3 0x80002548 (0x0153f463)
core   0: 0x80002550 (0x41eed933) sra     s2, t4, t5
core   0: 3 0x80002550 (0x41eed933) x18 0x00000000
core   0: 0x80002554 (0x00ff5093) srli    ra, t5, 15
core   0: 3 0x80002554 (0x00ff5093) x 1 0x00000000
core   0: 0x80002558 (0x0428f863) bgeu    a7, sp, pc + 80
core   0: 3 0x80002558 (0x0428f863)
core   0: 0x800025a8 (0x2646bcb7) lui     s9, 0x2646b
core   0: 3 0x800025a8 (0x2646bcb7) x25 0x2646b000
core   0: 0x800025ac (0xaabcca93) xori    s5, s9, -1365
core   0: 3 0x800025ac (0xaabcca93) x21 0xd9b94aab
core   0: 0x800025b0 (0x00fcfeb3) and     t4, s9, a5
core   0: 3 0x800025b0 (0x00fcfeb3) x29 0x00028000
core   0: 0x800025b4 (0x0492f463) bgeu    t0, s1, pc + 72
core   0: 3 0x800025b4 (0x0492f463)
core   0: 0x800025fc (0xe49be113) ori     sp, s7, -439
core   0: 3 0x800025fc (0xe49be113) x 2 0xffffffdf
core   0: 0x80002600 (0x185fe613) ori     a2, t6, 389
core   0: 3 0x80002600 (0x185fe613) x12 0xfffff7ff
core   0: 0x80002604 (0x01969c13) slli    s8, a3, 25
core   0: 3 0x80002604 (0x01969c13) x24 0x00000000
core   0: 0x80002608 (0x003425b3) slt     a1, s0, gp
core   0: 3 0x80002608 (0x003425b3) x11 0x00000000
core   0: 0x8000260c (0x4098d3b3) sra     t2, a7, s1
core   0: 3 0x8000260c (0x4098d3b3) x 7 0xc0016672
core   0: 0x80002610 (0x0328d663) bge     a7, s2, pc + 44
core   0: 3 0x80002610 (0x0328d663)
core   0: 0x80002614 (0x02b01863) bne     zero, a1, pc + 48
core   0: 3 0x80002614 (0x02b01863)
core   0: 0x80002618 (0x01e822b3) slt     t0, a6, t5
core   0: 3 0x80002618 (0x01e822b3) x 5 0x00000001
core   0: 0x8000261c (0x001c3ab3) sltu    s5, s8, ra
core   0: 3 0x8000261c (0x001c3ab3) x21 0x00000000
core   0: 0x80002620 (0x015eca33) xor     s4, t4, s5
core   0: 3 0x80002620 (0x015eca33) x20 0x00028000
core   0: 0x80002624 (0x01e022b3) slt     t0, zero, t5
core   0: 3 0x80002624 (0x01e022b3) x 5 0x00000001
core   0: 0x80002628 (0x002e5c63) bge     t3, sp, pc + 24
core   0: 3 0x80002628 (0x002e5c63)
core   0: 0x80002640 (0xc1499c17) auipc   s8, 0xc1499
core   0: 3 0x80002640 (0xc1499c17) x24 0x4149b640
core   0: 0x80002644 (0x0016f533) and     a0, a3, ra
core   0: 3 0x80002644 (0x0016f533) x10 0x00000000
core   0: 0x80002648 (0x260a6a13) ori     s4, s4, 608
core   0: 3 0x80002648 (0x260a6a13) x20 0x00028260
core   0: 0x8000264c (0x419e80b3) sub     ra, t4, s9
core   0: 3 0x8000264c (0x419e80b3) x 1 0xd9bbd000
core   0: 0x80002650 (0x0083eb33) or      s6, t2, s0
core   0: 3 0x80002650 (0x0083eb33) x22 0xc00166fb
core   0: 0x80002654 (0x00baf033) and     zero, s5, a1
core   0: 3 0x80002654 (0x00baf033)
core   0: 0x80002658 (0x0083e663) bltu    t2, s0, pc + 12
core   0: 3 0x80002658 (0x0083e663)
core   0: 0x8000265c (0x01991113) slli    sp, s2, 25
core   0: 3 0x8000265c (0x01991113) x 2 0x00000000
core   0: 0x80002660 (0x00f61e63) bne     a2, a5, pc + 28
core   0: 3 0x80002660 (0x00f61e63)
core   0: 0x8000267c (0x00597463) bgeu    s2, t0, pc + 8
core   0: 3 0x8000267c (0x00597463)
core   0: 0x80002680 (0x002a9513) slli    a0, s5, 2
core   0: 3 0x80002680 (0x002a9513) x10 0x00000000
core   0: 0x80002684 (0xae8c1997) auipc   s3, 0xae8c1
core   0: 3 0x80002684 (0xae8c1997) x19 0x2e8c3684
core   0: 0x80002688 (0x41a0dc93) srai    s9, ra, 26
core   0: 3 0x80002688 (0x41a0dc93) x25 0xfffffff6
core   0: 0x8000268c (0x12e2cc17) auipc   s8, 0x12e2c
core   0: 3 0x8000268c (0x12e2cc17) x24 0x92e2e68c
core   0: 0x80002690 (0xceff3d13) sltiu   s10, t5, -785
core   0: 3 0x80002690 (0xceff3d13) x26 0x00000001
core   0: 0x80002694 (0x00869933) sll     s2, a3, s0
core   0: 3 0x80002694 (0x00869933) x18 0x84600000
core   0: 0x80002698 (0x41f65013) srai    zero, a2, 31
core   0: 3 0x80002698 (0x41f65013)
core   0: 0x8000269c (0x6ec6bb93) sltiu   s7, a3, 1772
core   0: 3 0x8000269c (0x6ec6bb93) x23 0x00000000
core   0: 0x800026a0 (0x01fd66b3) or      a3, s10, t6
core   0: 3 0x800026a0 (0x01fd66b3) x13 0xfffff67b
core   0: 0x800026a4 (0x4105d393) srai    t2, a1, 16
core   0: 3 0x800026a4 (0x4105d393) x 7 0x00000000
core   0: 0x800026a8 (0x01d17663) bgeu    sp, t4, pc + 12
core   0: 3 0x800026a8 (0x01d17663)
core   0: 0x800026ac (0x01fef463) bgeu    t4, t6, pc + 8
core   0: 3 0x800026ac (0x01fef463)
core   0: 0x800026b0 (0xea0abd13) sltiu   s10, s5, -352
core   0: 3 0x800026b0 (0xea0abd13) x26 0x00000001
core   0: 0x800026b4 (0x0cac8997) auipc   s3, 0xcac8
core   0: 3 0x800026b4 (0x0cac8997) x19 0x8caca6b4
core   0: 0x800026b8 (0x0000100f) fence.i
core   0: 3 0x800026b8 (0x0000100f)
core   0: 0x800026bc (0x01232433) slt     s0, t1, s2
core   0: 3 0x800026bc (0x01232433) x 8 0x00000000
core   0: 0x800026c0 (0x0000100f) fence.i
core   0: 3 0x800026c0 (0x0000100f)
core   0: 0x800026c4 (0x03701463) bne     zero, s7, pc + 40
core   0: 3 0x800026c4 (0x03701463)
core   0: 0x800026c8 (0x050c8263) beq     s9, a6, pc + 68
core   0: 3 0x800026c8 (0x050c8263)
core   0: 0x800026cc (0x15aad597) auipc   a1, 0x15aad
core   0: 3 0x800026cc (0x15aad597) x11 0x95aaf6cc
core   0: 0x800026d0 (0x003a2db3) slt     s11, s4, gp
core   0: 3 0x800026d0 (0x003a2db3) x27 0x00000000
core   0: 0x800026d4 (0x0ff0000f) fence   iorw,iorw
core   0: 3 0x800026d4 (0x0ff0000f)
core   0: 0x800026d8 (0x024a1c63) bne     s4, tp, pc + 56
core   0: 3 0x800026d8 (0x024a1c63)
core   0: 0x80002710 (0x048a7463) bgeu    s4, s0, pc + 72
core   0: 3 0x80002710 (0x048a7463)
core   0: 0x80002758 (0x010fd4b3) srl     s1, t6, a6
core   0: 3 0x80002758 (0x010fd4b3) x 9 0xfffff67a
core   0: 0x8000275c (0x0000100f) fence.i
core   0: 3 0x8000275c (0x0000100f)
core   0: 0x80002760 (0x03425263) bge     tp, s4, pc + 36
core   0: 3 0x80002760 (0x03425263)
core   0: 0x80002764 (0x02f4ca63) blt     s1, a5, pc + 52
core   0: 3 0x80002764 (0x02f4ca63)
core   0: 0x80002768 (0x0184a6b3) slt     a3, s1, s8
core   0: 3 0x80002768 (0x0184a6b3) x13 0x00000000
core   0: 0x8000276c (0x33342393) slti    t2, s0, 819
core   0: 3 0x8000276c (0x33342393) x 7 0x00000001
core   0: 0x80002770 (0x00951a93) slli    s5, a0, 9
core   0: 3 0x80002770 (0x00951a93) x21 0x00000000
core   0: 0x80002774 (0x680e3293) sltiu   t0, t3, 1664
core   0: 3 0x80002774 (0x680e3293) x 5 0x00000000
core   0: 0x80002778 (0x03fb0063) beq     s6, t6, pc + 32
core   0: 3 0x80002778 (0x03fb0063)
core   0: 0x8000277c (0x01166133) or      sp, a2, a7
core   0: 3 0x8000277c (0x01166133) x 2 0xffffffff
core   0: 0x80002780 (0x05619863) bne     gp, s6, pc + 80
core   0: 3 0x80002780 (0x05619863)
core   0: 0x800027d0 (0x0ff0000f) fence   iorw,iorw
core   0: 3 0x800027d0 (0x0ff0000f)
core   0: 0x800027d4 (0x01a21993) slli    s3, tp, 26
core   0: 3 0x800027d4 (0x01a21993) x19 0xfc000000
core   0: 0x800027d8 (0x00531613) slli    a2, t1, 5
core   0: 3 0x800027d8 (0x00531613) x12 0x00000000
core   0: 0x800027dc (0xc8ea3b37) lui     s6, 0xc8ea3
core   0: 3 0x800027dc (0xc8ea3b37) x22 0xc8ea3000
core   0: 0x800027e0 (0x01c5d633) srl     a2, a1, t3
core   0: 3 0x800027e0 (0x01c5d633) x12 0x000095aa
core   0: 0x800027e4 (0x0000100f) fence.i
core   0: 3 0x800027e4 (0x0000100f)
core   0: 0x800027e8 (0x0bd43737) lui     a4, 0xbd43
core   0: 3 0x800027e8 (0x0bd43737) x14 0x0bd43000
core   0: 0x800027ec (0x1caa2b93) slti    s7, s4, 458
core   0: 3 0x800027ec (0x1caa2b93) x23 0x00000000
core   0: 0x800027f0 (0x0143e5b3) or      a1, t2, s4
core   0: 3 0x800027f0 (0x0143e5b3) x11 0x00028261
core   0: 0x800027f4 (0xa8ab6a17) auipc   s4, 0xa8ab6
core   0: 3 0x800027f4 (0xa8ab6a17) x20 0x28ab87f4
core   0: 0x800027f8 (0x047c6863) bltu    s8, t2, pc + 80
core   0: 3 0x800027f8 (0x047c6863)
core   0: 0x800027fc (0x0330cc63) blt     ra, s3, pc + 56
core   0: 3 0x800027fc (0x0330cc63)
core   0: 0x80002834 (0x0ff0000f) fence   iorw,iorw
core   0: 3 0x80002834 (0x0ff0000f)
core   0: 0x80002838 (0x416cdab3) sra     s5, s9, s6
core   0: 3 0x80002838 (0x416cdab3) x21 0xfffffff6
core   0: 0x8000283c (0x00a95633) srl     a2, s2, a0
core   0: 3 0x8000283c (0x00a95633) x12 0x84600000
core   0: 0x80002840 (0x26202993) slti    s3, zero, 610
core   0: 3 0x80002840 (0x26202993) x19 0x00000001
core   0: 0x80002844 (0x00cb0333) add     t1, s6, a2
core   0: 3 0x80002844 (0x00cb0333) x 6 0x4d4a3000
core   0: 0x80002848 (0x264e8a97) auipc   s5, 0x264e8
core   0: 3 0x80002848 (0x264e8a97) x21 0xa64ea848
core   0: 0x8000284c (0x0317c863) blt     a5, a7, pc + 48
core   0: 3 0x8000284c (0x0317c863)
core   0: 0x8000287c (0x05c84463) blt     a6, t3, pc + 72
core   0: 3 0x8000287c (0x05c84463)
core   0: 0x800028c4 (0xe273b413) sltiu   s0, t2, -473
core   0: 3 0x800028c4 (0xe273b413) x 8 0x00000001
core   0: 0x800028c8 (0x01bce6b3) or      a3, s9, s11
core   0: 3 0x800028c8 (0x01bce6b3) x13 0xfffffff6
core   0: 0x800028cc (0x01c539b3) sltu    s3, a0, t3
core   0: 3 0x800028cc (0x01c539b3) x19 0x00000001
core   0: 0x800028d0 (0x0ff0000f) fence   iorw,iorw
core   0: 3 0x800028d0 (0x0ff0000f)
core   0: 0x800028d4 (0x00909213) slli    tp, ra, 9
core   0: 3 0x800028d4 (0x00909213) x 4 0x77a00000
core   0: 0x800028d8 (0x007f9193) slli    gp, t6, 7
core   0: 3 0x800028d8 (0x007f9193) x 3 0xfffb3d00
core   0: 0x800028dc (0x0ff0000f) fence   iorw,iorw
core   0: 3 0x800028dc (0x0ff0000f)
core   0: 0x800028e0 (0x8a7d0713) addi    a4, s10, -1881
core   0: 3 0x800028e0 (0x8a7d0713) x14 0xfffff8a8
core   0: 0x800028e4 (0x005380b3) add     ra, t2, t0
core   0: 3 0x800028e4 (0x005380b3) x 1 0x00000001
core   0: 0x800028e8 (0x018b9db3) sll     s11, s7, s8
core   0: 3 0x800028e8 (0x018b9db3) x27 0x00000000
core   0: 0x800028ec (0x01ef9533) sll     a0, t6, t5
core   0: 3 0x800028ec (0x01ef9533) x10 0xffecf400
core   0: 0x800028f0 (0x0055cc33) xor     s8, a1, t0
core   0: 3 0x800028f0 (0x0055cc33) x24 0x00028261
core   0: 0x800028f4 (0x252ea397) auipc   t2, 0x252ea
core   0: 3 0x800028f4 (0x252ea397) x 7 0xa52ec8f4
core   0: 0x800028f8 (0x014b7533) and     a0, s6, s4
core   0: 3 0x800028f8 (0x014b7533) x10 0x08aa0000
core   0: 0x800028fc (0xe2357393) andi    t2, a0, -477
core   0: 3 0x800028fc (0xe2357393) x 7 0x08aa0000
core   0: 0x80002900 (0x011c5cb3) srl     s9, s8, a7
core   0: 3 0x80002900 (0x011c5cb3) x25 0x00002826
core   0: 0x80002904 (0x013a06b3) add     a3, s4, s3
core   0: 3 0x80002904 (0x013a06b3) x13 0x28ab87f5
core   0: 0x80002908 (0xbaf14f97) auipc   t6, 0xbaf14
core   0: 3 0x80002908 (0xbaf14f97) x31 0x3af16908
core   0: 0x8000290c (0x3de0b993) sltiu   s3, ra, 990
core   0: 3 0x8000290c (0x3de0b993) x19 0x00000001
core   0: 0x80002910 (0x93792d93) slti    s11, s2, -1737
core   0: 3 0x80002910 (0x93792d93) x27 0x00000001
core   0: 0x80002914 (0x00000013) nop
core   0: 3 0x80002914 (0x00000013)
core   0: 0x80002918 (0x01c32bb3) slt     s7, t1, t3
core   0: 3 0x80002918 (0x01c32bb3) x23 0x00000001
core   0: 0x8000291c (0x0ff0000f) fence   iorw,iorw
core   0: 3 0x8000291c (0x0ff0000f)
core   0: 0x80002920 (0x41e24c93) xori    s9, tp, 1054
core   0: 3 0x80002920 (0x41e24c93) x25 0x77a0041e
core   0: 0x80002924 (0x0444e863) bltu    s1, tp, pc + 80
core   0: 3 0x80002924 (0x0444e863)
core   0: 0x80002928 (0x00000013) nop
core   0: 3 0x80002928 (0x00000013)
core   0: 0x8000292c (0x07718313) addi    t1, gp, 119
core   0: 3 0x8000292c (0x07718313) x 6 0xfffb3d77
core   0: 0x80002930 (0x59b86293) ori     t0, a6, 1435
core   0: 3 0x80002930 (0x59b86293) x 5 0x8000059b
core   0: 0x80002934 (0x019330b3) sltu    ra, t1, s9
core   0: 3 0x80002934 (0x019330b3) x 1 0x00000000
core   0: 0x80002938 (0x032d4a63) blt     s10, s2, pc + 52
core   0: 3 0x80002938 (0x032d4a63)
core   0: 0x8000293c (0x00dc8eb3) add     t4, s9, a3
core   0: 3 0x8000293c (0x00dc8eb3) x29 0xa04b8c13
core   0: 0x80002940 (0x004e5993) srli    s3, t3, 4
core   0: 3 0x80002940 (0x004e5993) x19 0x06b2cf33
core   0: 0x80002944 (0x00ec9093) slli    ra, s9, 14
core   0: 3 0x80002944 (0x00ec9093) x 1 0x01078000
core   0: 0x80002948 (0x00697633) and     a2, s2, t1
core   0: 3 0x80002948 (0x00697633) x12 0x84600000
core   0: 0x8000294c (0x00485863) bge     a6, tp, pc + 16
core   0: 3 0x8000294c (0x00485863)
core   0: 0x80002950 (0x858eb493) sltiu   s1, t4, -1960
core   0: 3 0x80002950 (0x858eb493) x 9 0x00000001
core   0: 0x80002954 (0x019cb5b3) sltu    a1, s9, s9
core   0: 3 0x80002954 (0x019cb5b3) x11 0x00000000
core   0: 0x80002958 (0x3ceaee93) ori     t4, s5, 974
core   0: 3 0x80002958 (0x3ceaee93) x29 0xa64eabce
core   0: 0x8000295c (0x002e1463) bne     t3, sp, pc + 8
core   0: 3 0x8000295c (0x002e1463)
core   0: 0x80002964 (0x019af3b3) and     t2, s5, s9
core   0: 3 0x80002964 (0x019af3b3) x 7 0x26000008
core   0: 0x80002968 (0x017d1fb3) sll     t6, s10, s7
core   0: 3 0x80002968 (0x017d1fb3) x31 0x00000002
core   0: 0x8000296c (0x00000013) nop
core   0: 3 0x8000296c (0x00000013)
core   0: 0x80002970 (0x00dd0c33) add     s8, s10, a3
core   0: 3 0x80002970 (0x00dd0c33) x24 0x28ab87f6
core   0: 0x80002974 (0x02bbdc63) bge     s7, a1, pc + 56
core   0: 3 0x80002974 (0x02bbdc63)
core   0: 0x800029ac (0x00df11b3) sll     gp, t5, a3
core   0: 3 0x800029ac (0x00df11b3) x 3 0x15200000
core   0: 0x800029b0 (0x01d396b3) sll     a3, t2, t4
core   0: 3 0x800029b0 (0x01d396b3) x13 0x00020000
core   0: 0x800029b4 (0x90b0a417) auipc   s0, 0x90b0a
core   0: 3 0x800029b4 (0x90b0a417) x 8 0x10b0c9b4
core   0: 0x800029b8 (0x00275233) srl     tp, a4, sp
core   0: 3 0x800029b8 (0x00275233) x 4 0x00000001
core   0: 0x800029bc (0x0113d713) srli    a4, t2, 17
core   0: 3 0x800029bc (0x0113d713) x14 0x00001300
core   0: 0x800029c0 (0x54638213) addi    tp, t2, 1350
core   0: 3 0x800029c0 (0x54638213) x 4 0x2600054e
core   0: 0x800029c4 (0x0131da93) srli    s5, gp, 19
core   0: 3 0x800029c4 (0x0131da93) x21 0x000002a4
core   0: 0x800029c8 (0x03066a63) bltu    a2, a6, pc + 52
core   0: 3 0x800029c8 (0x03066a63)
core   0: 0x800029cc (0x01432b33) slt     s6, t1, s4
core   0: 3 0x800029cc (0x01432b33) x22 0x00000001
core   0: 0x800029d0 (0x015df433) and     s0, s11, s5
core   0: 3 0x800029d0 (0x015df433) x 8 0x00000000
core   0: 0x800029d4 (0x00b1c863) blt     gp, a1, pc + 16
core   0: 3 0x800029d4 (0x00b1c863)
core   0: 0x800029d8 (0x0144d093) srli    ra, s1, 20
core   0: 3 0x800029d8 (0x0144d093) x 1 0x00000000
core   0: 0x800029dc (0x00254fb3) xor     t6, a0, sp
core   0: 3 0x800029dc (0x00254fb3) x31 0xf755ffff
core   0: 0x800029e0 (0x000b26b3) slt     a3, s6, zero
core   0: 3 0x800029e0 (0x000b26b3) x13 0x00000000
core   0: 0x800029e4 (0xa5338693) addi    a3, t2, -1453
core   0: 3 0x800029e4 (0xa5338693) x13 0x25fffa5b
core   0: 0x800029e8 (0x0134fc63) bgeu    s1, s3, pc + 24
core   0: 3 0x800029e8 (0x0134fc63)
core   0: 0x800029ec (0x41fcddb3) sra     s11, s9, t6
core   0: 3 0x800029ec (0x41fcddb3) x27 0x00000000
core   0: 0x800029f0 (0x00ff5533) srl     a0, t5, a5
core   0: 3 0x800029f0 (0x00ff5533) x10 0x0000000a
core   0: 0x800029f4 (0x017385b3) add     a1, t2, s7
core   0: 3 0x800029f4 (0x017385b3) x11 0x26000009
core   0: 0x800029f8 (0x52561a17) auipc   s4, 0x52561
core   0: 3 0x800029f8 (0x52561a17) x20 0xd25639f8
core   0: 0x800029fc (0x6f958f97) auipc   t6, 0x6f958
core   0: 3 0x800029fc (0x6f958f97) x31 0xef95a9fc
core   0: 0x80002a00 (0x685f8c37) lui     s8, 0x685f8
core   0: 3 0x80002a00 (0x685f8c37) x24 0x685f8000
core   0: 0x80002a04 (0x00a59f93) slli    t6, a1, 10
core   0: 3 0x80002a04 (0x00a59f93) x31 0x00002400
core   0: 0x80002a08 (0x00000013) nop
core   0: 3 0x80002a08 (0x00000013)
core   0: 0x80002a0c (0x8116a713) slti    a4, a3, -2031
core   0: 3 0x80002a0c (0x8116a713) x14 0x00000000
core   0: 0x80002a10 (0x0559f063) bgeu    s3, s5, pc + 64
core   0: 3 0x80002a10 (0x0559f063)
core   0: 0x80002a50 (0x4b6a41b7) lui     gp, 0x4b6a4
core   0: 3 0x80002a50 (0x4b6a41b7) x 3 0x4b6a4000
core   0: 0x80002a54 (0x03df6c63) bltu    t5, t4, pc + 56
core   0: 3 0x80002a54 (0x03df6c63)
core   0: 0x80002a8c (0x8b7b4413) xori    s0, s6, -1865
core   0: 3 0x80002a8c (0x8b7b4413) x 8 0xfffff8b6
core   0: 0x80002a90 (0x00b5ab33) slt     s6, a1, a1
core   0: 3 0x80002a90 (0x00b5ab33) x22 0x00000000
core   0: 0x80002a94 (0x6cd67f93) andi    t6, a2, 1741
core   0: 3 0x80002a94 (0x6cd67f93) x31 0x00000000
core   0: 0x80002a98 (0x0077deb3) srl     t4, a5, t2
core   0: 3 0x80002a98 (0x0077deb3) x29 0x0080028e
core   0: 0x80002a9c (0x96836713) ori     a4, t1, -1688
core   0: 3 0x80002a9c (0x96836713) x14 0xfffffd7f
core   0: 0x80002aa0 (0x3840f913) andi    s2, ra, 900
core   0: 3 0x80002aa0 (0x3840f913) x18 0x00000000
core   0: 0x80002aa4 (0x00501c13) slli    s8, zero, 5
core   0: 3 0x80002aa4 (0x00501c13) x24 0x00000000
core   0: 0x80002aa8 (0x015a11b3) sll     gp, s4, s5
core   0: 3 0x80002aa8 (0x015a11b3) x 3 0x25639f80
core   0: 0x80002aac (0x68fbaa93) slti    s5, s7, 1679
core   0: 3 0x80002aac (0x68fbaa93) x21 0x00000001
core   0: 0x80002ab0 (0x20bf1197) auipc   gp, 0x20bf1
core   0: 3 0x80002ab0 (0x20bf1197) x 3 0xa0bf3ab0
core   0: 0x80002ab4 (0x6ea06d13) ori     s10, zero, 1770
core   0: 3 0x80002ab4 (0x6ea06d13) x26 0x000006ea
core   0: 0x80002ab8 (0x01719713) slli    a4, gp, 23
core   0: 3 0x80002ab8 (0x01719713) x14 0x58000000
core   0: 0x80002abc (0x01cf2c33) slt     s8, t5, t3
core   0: 3 0x80002abc (0x01cf2c33) x24 0x00000001
core   0: 0x80002ac0 (0x41ddd5b3) sra     a1, s11, t4
core   0: 3 0x80002ac0 (0x41ddd5b3) x11 0x00000000
core   0: 0x80002ac4 (0xbcd6cb93) xori    s7, a3, -1075
core   0: 3 0x80002ac4 (0xbcd6cb93) x23 0xda000196
core   0: 0x80002ac8 (0x4aab4613) xori    a2, s6, 1194
core   0: 3 0x80002ac8 (0x4aab4613) x12 0x000004aa
core   0: 0x80002acc (0x0ff0000f) fence   iorw,iorw
core   0: 3 0x80002acc (0x0ff0000f)
core   0: 0x80002ad0 (0x0000100f) fence.i
core   0: 3 0x80002ad0 (0x0000100f)
core   0: 0x80002ad4 (0x00b8eab3) or      s5, a7, a1
core   0: 3 0x80002ad4 (0x00b8eab3) x21 0x8002cce4
core   0: 0x80002ad8 (0x40ddde93) srai    t4, s11, 13
core   0: 3 0x80002ad8 (0x40ddde93) x29 0x00000000
core   0: 0x80002adc (0x01d58a33) add     s4, a1, t4
core   0: 3 0x80002adc (0x01d58a33) x20 0x00000000
core   0: 0x80002ae0 (0x01a5dc13) srli    s8, a1, 26
core   0: 3 0x80002ae0 (0x01a5dc13) x24 0x00000000
core   0: 0x80002ae4 (0x05f45263) bge     s0, t6, pc + 68
core   0: 3 0x80002ae4 (0x05f45263)
core   0: 0x80002ae8 (0x00999b13) slli    s6, s3, 9
core   0: 3 0x80002ae8 (0x00999b13) x22 0x659e6600
core   0: 0x80002aec (0x00c5e633) or      a2, a1, a2
core   0: 3 0x80002aec (0x00c5e633) x12 0x000004aa
core   0: 0x80002af0 (0x34506213) ori     tp, zero, 837
core   0: 3 0x80002af0 (0x34506213) x 4 0x00000345
core   0: 0x80002af4 (0x41a9d9b3) sra     s3, s3, s10
core   0: 3 0x80002af4 (0x41a9d9b3) x19 0x0001acb3
core   0: 0x80002af8 (0x00fe3033) sltu    zero, t3, a5
core   0: 3 0x80002af8 (0x00fe3033)
core   0: 0x80002afc (0x01aa5fb3) srl     t6, s4, s10
core   0: 3 0x80002afc (0x01aa5fb3) x31 0x00000000
core   0: 0x80002b00 (0x00000013) nop
core   0: 3 0x80002b00 (0x00000013)
core   0: 0x80002b04 (0x41275133) sra     sp, a4, s2
core   0: 3 0x80002b04 (0x41275133) x 2 0x58000000
core   0: 0x80002b08 (0xdf1c7f97) auipc   t6, 0xdf1c7
core   0: 3 0x80002b08 (0xdf1c7f97) x31 0x5f1c9b08
core   0: 0x80002b0c (0x41e2de93) srai    t4, t0, 30
core   0: 3 0x80002b0c (0x41e2de93) x29 0xfffffffe
core   0: 0x80002b10 (0x029b0063) beq     s6, s1, pc + 32
core   0: 3 0x80002b10 (0x029b0063)
core   0: 0x80002b14 (0x40305eb3) sra     t4, zero, gp
core   0: 3 0x80002b14 (0x40305eb3) x29 0x00000000
core   0: 0x80002b18 (0x73ca3313) sltiu   t1, s4, 1852
core   0: 3 0x80002b18 (0x73ca3313) x 6 0x00000001
core   0: 0x80002b1c (0x0000100f) fence.i
core   0: 3 0x80002b1c (0x0000100f)
core   0: 0x80002b20 (0x6f624d97) auipc   s11, 0x6f624
core   0: 3 0x80002b20 (0x6f624d97) x27 0xef626b20
core   0: 0x80002b24 (0x00000013) nop
core   0: 3 0x80002b24 (0x00000013)
core   0: 0x80002b28 (0x4c9fcb93) xori    s7, t6, 1225
core   0: 3 0x80002b28 (0x4c9fcb93) x23 0x5f1c9fc1
core   0: 0x80002b2c (0x01e38463) beq     t2, t5, pc + 8
core   0: 3 0x80002b2c (0x01e38463)
core   0: 0x80002b30 (0x02c36a93) ori     s5, t1, 44
core   0: 3 0x80002b30 (0x02c36a93) x21 0x0000002d
core   0: 0x80002b34 (0x00f7f933) and     s2, a5, a5
core   0: 3 0x80002b34 (0x00f7f933) x18 0x80028e64
core   0: 0x80002b38 (0x009193b3) sll     t2, gp, s1
core   0: 3 0x80002b38 (0x009193b3) x 7 0x417e7560
core   0: 0x80002b3c (0x00d7d933) srl     s2, a5, a3
core   0: 3 0x80002b3c (0x00d7d933) x18 0x00000010
core   0: 0x80002b40 (0x00a2b333) sltu    t1, t0, a0
core   0: 3 0x80002b40 (0x00a2b333) x 6 0x00000000
core   0: 0x80002b44 (0xa662a613) slti    a2, t0, -1434
core   0: 3 0x80002b44 (0xa662a613) x12 0x00000001
core   0: 0x80002b48 (0x004b3d33) sltu    s10, s6, tp
core   0: 3 0x80002b48 (0x004b3d33) x26 0x00000000
core   0: 0x80002b4c (0x03f0c017) auipc   zero, 0x3f0c
core   0: 3 0x80002b4c (0x03f0c017)
core   0: 0x80002b50 (0x042b9863) bne     s7, sp, pc + 80
core   0: 3 0x80002b50 (0x042b9863)
core   0: 0x80002ba0 (0x0003c863) bltz    t2, pc + 16
core   0: 3 0x80002ba0 (0x0003c863)
core   0: 0x80002ba4 (0x410155b3) sra     a1, sp, a6
core   0: 3 0x80002ba4 (0x410155b3) x11 0x58000000
core   0: 0x80002ba8 (0x021de463) bltu    s11, ra, pc + 40
core   0: 3 0x80002ba8 (0x021de463)
core   0: 0x80002bac (0x0007d2b3) srl     t0, a5, zero
core   0: 3 0x80002bac (0x0007d2b3) x 5 0x80028e64
core   0: 0x80002bb0 (0x412d56b3) sra     a3, s10, s2
core   0: 3 0x80002bb0 (0x412d56b3) x13 0x00000000
core   0: 0x80002bb4 (0x02788a63) beq     a7, t2, pc + 52
core   0: 3 0x80002bb4 (0x02788a63)
core   0: 0x80002bb8 (0x00b38663) beq     t2, a1, pc + 12
core   0: 3 0x80002bb8 (0x00b38663)
core   0: 0x80002bbc (0x255c3993) sltiu   s3, s8, 597
core   0: 3 0x80002bbc (0x255c3993) x19 0x00000001
core   0: 0x80002bc0 (0xa8f9af13) slti    t5, s3, -1393
core   0: 3 0x80002bc0 (0xa8f9af13) x30 0x00000000
core   0: 0x80002bc4 (0x402580b3) sub     ra, a1, sp
core   0: 3 0x80002bc4 (0x402580b3) x 1 0x00000000
core   0: 0x80002bc8 (0x0084b933) sltu    s2, s1, s0
core   0: 3 0x80002bc8 (0x0084b933) x18 0x00000001
core   0: 0x80002bcc (0x0ff0000f) fence   iorw,iorw
core   0: 3 0x80002bcc (0x0ff0000f)
core   0: 0x80002bd0 (0xbed9b593) sltiu   a1, s3, -1043
core   0: 3 0x80002bd0 (0xbed9b593) x11 0x00000001
core   0: 0x80002bd4 (0x0ff0000f) fence   iorw,iorw
core   0: 3 0x80002bd4 (0x0ff0000f)
core   0: 0x80002bd8 (0x03b1c463) blt     gp, s11, pc + 40
core   0: 3 0x80002bd8 (0x03b1c463)
core   0: 0x80002c00 (0x01a39013) slli    zero, t2, 26
core   0: 3 0x80002c00 (0x01a39013)
core   0: 0x80002c04 (0x00000817) auipc   a6, 0x0
core   0: 3 0x80002c04 (0x00000817) x16 0x80002c04
core   0: 0x80002c08 (0x00c80813) addi    a6, a6, 12
core   0: 3 0x80002c08 (0x00c80813) x16 0x80002c10
core   0: 0x80002c0c (0x00080067) jr      a6
core   0: 3 0x80002c0c (0x00080067)
core   0: 0x80002c10 (0x00100193) li      gp, 1
core   0: 3 0x80002c10 (0x00100193) x 3 0x00000001
core   0: 0x80002c14 (0x00000073) ecall
core   0: exception trap_machine_ecall, epc 0x80002c14
core   0: >>>>  mtvec_handler
core   0: 0x80011be0 (0x0400006f) j       pc + 0x40
core   0: 3 0x80011be0 (0x0400006f)
core   0: 0x80011c20 (0xffc88893) addi    a7, a7, -4
core   0: 3 0x80011c20 (0xffc88893) x17 0x8002cce0
core   0: 0x80011c24 (0x00f8a023) sw      a5, 0(a7)
core   0: 3 0x80011c24 (0x00f8a023) mem 0x8002cce0 0x80028e64
core   0: 0x80011c28 (0x000887b3) add     a5, a7, zero
core   0: 3 0x80011c28 (0x000887b3) x15 0x8002cce0
core   0: 0x80011c2c (0xf8078793) addi    a5, a5, -128
core   0: 3 0x80011c2c (0xf8078793) x15 0x8002cc60
core   0: 0x80011c30 (0x0017a223) sw      ra, 4(a5)
core   0: 3 0x80011c30 (0x0017a223) mem 0x8002cc64 0x00000000
core   0: 0x80011c34 (0x0027a423) sw      sp, 8(a5)
core   0: 3 0x80011c34 (0x0027a423) mem 0x8002cc68 0x58000000
core   0: 0x80011c38 (0x0037a623) sw      gp, 12(a5)
core   0: 3 0x80011c38 (0x0037a623) mem 0x8002cc6c 0x00000001
core   0: 0x80011c3c (0x0047a823) sw      tp, 16(a5)
core   0: 3 0x80011c3c (0x0047a823) mem 0x8002cc70 0x00000345
core   0: 0x80011c40 (0x0057aa23) sw      t0, 20(a5)
core   0: 3 0x80011c40 (0x0057aa23) mem 0x8002cc74 0x80028e64
core   0: 0x80011c44 (0x0067ac23) sw      t1, 24(a5)
core   0: 3 0x80011c44 (0x0067ac23) mem 0x8002cc78 0x00000000
core   0: 0x80011c48 (0x0077ae23) sw      t2, 28(a5)
core   0: 3 0x80011c48 (0x0077ae23) mem 0x8002cc7c 0x417e7560
core   0: 0x80011c4c (0x0287a023) sw      s0, 32(a5)
core   0: 3 0x80011c4c (0x0287a023) mem 0x8002cc80 0xfffff8b6
core   0: 0x80011c50 (0x0297a223) sw      s1, 36(a5)
core   0: 3 0x80011c50 (0x0297a223) mem 0x8002cc84 0x00000001
core   0: 0x80011c54 (0x02a7a423) sw      a0, 40(a5)
core   0: 3 0x80011c54 (0x02a7a423) mem 0x8002cc88 0x0000000a
core   0: 0x80011c58 (0x02b7a623) sw      a1, 44(a5)
core   0: 3 0x80011c58 (0x02b7a623) mem 0x8002cc8c 0x00000001
core   0: 0x80011c5c (0x02c7a823) sw      a2, 48(a5)
core   0: 3 0x80011c5c (0x02c7a823) mem 0x8002cc90 0x00000001
core   0: 0x80011c60 (0x02d7aa23) sw      a3, 52(a5)
core   0: 3 0x80011c60 (0x02d7aa23) mem 0x8002cc94 0x00000000
core   0: 0x80011c64 (0x02e7ac23) sw      a4, 56(a5)
core   0: 3 0x80011c64 (0x02e7ac23) mem 0x8002cc98 0x58000000
core   0: 0x80011c68 (0x02f7ae23) sw      a5, 60(a5)
core   0: 3 0x80011c68 (0x02f7ae23) mem 0x8002cc9c 0x8002cc60
core   0: 0x80011c6c (0x0507a023) sw      a6, 64(a5)
core   0: 3 0x80011c6c (0x0507a023) mem 0x8002cca0 0x80002c10
core   0: 0x80011c70 (0x0517a223) sw      a7, 68(a5)
core   0: 3 0x80011c70 (0x0517a223) mem 0x8002cca4 0x8002cce0
core   0: 0x80011c74 (0x0527a423) sw      s2, 72(a5)
core   0: 3 0x80011c74 (0x0527a423) mem 0x8002cca8 0x00000001
core   0: 0x80011c78 (0x0537a623) sw      s3, 76(a5)
core   0: 3 0x80011c78 (0x0537a623) mem 0x8002ccac 0x00000001
core   0: 0x80011c7c (0x0547a823) sw      s4, 80(a5)
core   0: 3 0x80011c7c (0x0547a823) mem 0x8002ccb0 0x00000000
core   0: 0x80011c80 (0x0557aa23) sw      s5, 84(a5)
core   0: 3 0x80011c80 (0x0557aa23) mem 0x8002ccb4 0x0000002d
core   0: 0x80011c84 (0x0567ac23) sw      s6, 88(a5)
core   0: 3 0x80011c84 (0x0567ac23) mem 0x8002ccb8 0x659e6600
core   0: 0x80011c88 (0x0577ae23) sw      s7, 92(a5)
core   0: 3 0x80011c88 (0x0577ae23) mem 0x8002ccbc 0x5f1c9fc1
core   0: 0x80011c8c (0x0787a023) sw      s8, 96(a5)
core   0: 3 0x80011c8c (0x0787a023) mem 0x8002ccc0 0x00000000
core   0: 0x80011c90 (0x0797a223) sw      s9, 100(a5)
core   0: 3 0x80011c90 (0x0797a223) mem 0x8002ccc4 0x77a0041e
core   0: 0x80011c94 (0x07a7a423) sw      s10, 104(a5)
core   0: 3 0x80011c94 (0x07a7a423) mem 0x8002ccc8 0x00000000
core   0: 0x80011c98 (0x07b7a623) sw      s11, 108(a5)
core   0: 3 0x80011c98 (0x07b7a623) mem 0x8002cccc 0xef626b20
core   0: 0x80011c9c (0x07c7a823) sw      t3, 112(a5)
core   0: 3 0x80011c9c (0x07c7a823) mem 0x8002ccd0 0x6b2cf330
core   0: 0x80011ca0 (0x07d7aa23) sw      t4, 116(a5)
core   0: 3 0x80011ca0 (0x07d7aa23) mem 0x8002ccd4 0x00000000
core   0: 0x80011ca4 (0x07e7ac23) sw      t5, 120(a5)
core   0: 3 0x80011ca4 (0x07e7ac23) mem 0x8002ccd8 0x00000000
core   0: 0x80011ca8 (0x07f7ae23) sw      t6, 124(a5)
core   0: 3 0x80011ca8 (0x07f7ae23) mem 0x8002ccdc 0x5f1c9b08
core   0: 0x80011cac (0x000788b3) add     a7, a5, zero
core   0: 3 0x80011cac (0x000788b3) x17 0x8002cc60
core   0: 0x80011cb0 (0x34102b73) csrr    s6, mepc
core   0: 3 0x80011cb0 (0x34102b73) x22 0x80002c14
core   0: 0x80011cb4 (0x34202b73) csrr    s6, mcause
core   0: 3 0x80011cb4 (0x34202b73) x22 0x0000000b
core   0: 0x80011cb8 (0x00300c93) li      s9, 3
core   0: 3 0x80011cb8 (0x00300c93) x25 0x00000003
core   0: 0x80011cbc (0x2b9b0a63) beq     s6, s9, pc + 692
core   0: 3 0x80011cbc (0x2b9b0a63)
core   0: 0x80011cc0 (0x00800c93) li      s9, 8
core   0: 3 0x80011cc0 (0x00800c93) x25 0x00000008
core   0: 0x80011cc4 (0x059b0e63) beq     s6, s9, pc + 92
core   0: 3 0x80011cc4 (0x059b0e63)
core   0: 0x80011cc8 (0x00900c93) li      s9, 9
core   0: 3 0x80011cc8 (0x00900c93) x25 0x00000009
core   0: 0x80011ccc (0x059b0a63) beq     s6, s9, pc + 84
core   0: 3 0x80011ccc (0x059b0a63)
core   0: 0x80011cd0 (0x00b00c93) li      s9, 11
core   0: 3 0x80011cd0 (0x00b00c93) x25 0x0000000b
core   0: 0x80011cd4 (0x059b0663) beq     s6, s9, pc + 76
core   0: 3 0x80011cd4 (0x059b0663)
core   0: 0x80011d20 (0xfffeeb17) auipc   s6, 0xfffee
core   0: 3 0x80011d20 (0xfffeeb17) x22 0x7ffffd20
core   0: 0x80011d24 (0x2e0b0b13) addi    s6, s6, 736
core   0: 3 0x80011d24 (0x2e0b0b13) x22 0x80000000
core   0: 0x80011d28 (0x000b2023) sw      zero, 0(s6)
core   0: 3 0x80011d28 (0x000b2023) mem 0x80000000 0x00000000
core   0: 0x80011d2c (0x001b2223) sw      ra, 4(s6)
core   0: 3 0x80011d2c (0x001b2223) mem 0x80000004 0x00000000
core   0: 0x80011d30 (0x002b2423) sw      sp, 8(s6)
core   0: 3 0x80011d30 (0x002b2423) mem 0x80000008 0x58000000
core   0: 0x80011d34 (0x003b2623) sw      gp, 12(s6)
core   0: 3 0x80011d34 (0x003b2623) mem 0x8000000c 0x00000001
core   0: 0x80011d38 (0x004b2823) sw      tp, 16(s6)
core   0: 3 0x80011d38 (0x004b2823) mem 0x80000010 0x00000345
core   0: 0x80011d3c (0x005b2a23) sw      t0, 20(s6)
core   0: 3 0x80011d3c (0x005b2a23) mem 0x80000014 0x80028e64
core   0: 0x80011d40 (0x006b2c23) sw      t1, 24(s6)
core   0: 3 0x80011d40 (0x006b2c23) mem 0x80000018 0x00000000
core   0: 0x80011d44 (0x007b2e23) sw      t2, 28(s6)
core   0: 3 0x80011d44 (0x007b2e23) mem 0x8000001c 0x417e7560
core   0: 0x80011d48 (0x028b2023) sw      s0, 32(s6)
core   0: 3 0x80011d48 (0x028b2023) mem 0x80000020 0xfffff8b6
core   0: 0x80011d4c (0x029b2223) sw      s1, 36(s6)
core   0: 3 0x80011d4c (0x029b2223) mem 0x80000024 0x00000001
core   0: 0x80011d50 (0x02ab2423) sw      a0, 40(s6)
core   0: 3 0x80011d50 (0x02ab2423) mem 0x80000028 0x0000000a
core   0: 0x80011d54 (0x02bb2623) sw      a1, 44(s6)
core   0: 3 0x80011d54 (0x02bb2623) mem 0x8000002c 0x00000001
core   0: 0x80011d58 (0x02cb2823) sw      a2, 48(s6)
core   0: 3 0x80011d58 (0x02cb2823) mem 0x80000030 0x00000001
core   0: 0x80011d5c (0x02db2a23) sw      a3, 52(s6)
core   0: 3 0x80011d5c (0x02db2a23) mem 0x80000034 0x00000000
core   0: 0x80011d60 (0x02eb2c23) sw      a4, 56(s6)
core   0: 3 0x80011d60 (0x02eb2c23) mem 0x80000038 0x58000000
core   0: 0x80011d64 (0x02fb2e23) sw      a5, 60(s6)
core   0: 3 0x80011d64 (0x02fb2e23) mem 0x8000003c 0x8002cc60
core   0: 0x80011d68 (0x050b2023) sw      a6, 64(s6)
core   0: 3 0x80011d68 (0x050b2023) mem 0x80000040 0x80002c10
core   0: 0x80011d6c (0x051b2223) sw      a7, 68(s6)
core   0: 3 0x80011d6c (0x051b2223) mem 0x80000044 0x8002cc60
core   0: 0x80011d70 (0x052b2423) sw      s2, 72(s6)
core   0: 3 0x80011d70 (0x052b2423) mem 0x80000048 0x00000001
core   0: 0x80011d74 (0x053b2623) sw      s3, 76(s6)
core   0: 3 0x80011d74 (0x053b2623) mem 0x8000004c 0x00000001
core   0: 0x80011d78 (0x054b2823) sw      s4, 80(s6)
core   0: 3 0x80011d78 (0x054b2823) mem 0x80000050 0x00000000
core   0: 0x80011d7c (0x055b2a23) sw      s5, 84(s6)
core   0: 3 0x80011d7c (0x055b2a23) mem 0x80000054 0x0000002d
core   0: 0x80011d80 (0x056b2c23) sw      s6, 88(s6)
core   0: 3 0x80011d80 (0x056b2c23) mem 0x80000058 0x80000000
core   0: 0x80011d84 (0x057b2e23) sw      s7, 92(s6)
core   0: 3 0x80011d84 (0x057b2e23) mem 0x8000005c 0x5f1c9fc1
core   0: 0x80011d88 (0x078b2023) sw      s8, 96(s6)
core   0: 3 0x80011d88 (0x078b2023) mem 0x80000060 0x00000000
core   0: 0x80011d8c (0x079b2223) sw      s9, 100(s6)
core   0: 3 0x80011d8c (0x079b2223) mem 0x80000064 0x0000000b
core   0: 0x80011d90 (0x07ab2423) sw      s10, 104(s6)
core   0: 3 0x80011d90 (0x07ab2423) mem 0x80000068 0x00000000
core   0: 0x80011d94 (0x07bb2623) sw      s11, 108(s6)
core   0: 3 0x80011d94 (0x07bb2623) mem 0x8000006c 0xef626b20
core   0: 0x80011d98 (0x07cb2823) sw      t3, 112(s6)
core   0: 3 0x80011d98 (0x07cb2823) mem 0x80000070 0x6b2cf330
core   0: 0x80011d9c (0x07db2a23) sw      t4, 116(s6)
core   0: 3 0x80011d9c (0x07db2a23) mem 0x80000074 0x00000000
core   0: 0x80011da0 (0x07eb2c23) sw      t5, 120(s6)
core   0: 3 0x80011da0 (0x07eb2c23) mem 0x80000078 0x00000000
core   0: 0x80011da4 (0x07fb2e23) sw      t6, 124(s6)
core   0: 3 0x80011da4 (0x07fb2e23) mem 0x8000007c 0x5f1c9b08
core   0: 0x80011da8 (0xfffff817) auipc   a6, 0xfffff
core   0: 3 0x80011da8 (0xfffff817) x16 0x80010da8
core   0: 0x80011dac (0x41480813) addi    a6, a6, 1044
core   0: 3 0x80011dac (0x41480813) x16 0x800111bc
core   0: 0x80011db0 (0x00080067) jr      a6
core   0: 3 0x80011db0 (0x00080067)
core   0: 0x800111bc (0x00002f17) auipc   t5, 0x2
core   0: 3 0x800111bc (0x00002f17) x30 0x800131bc
core   0: 0x800111c0 (0xe43f2223) sw      gp, -444(t5)
core   0: 3 0x800111c0 (0xe43f2223) mem 0x80013000 0x00000001
core   0: 0x800111c4 (0xff9ff06f) j       pc - 0x8
core   0: 3 0x800111c4 (0xff9ff06f)
core   0: 0x800111bc (0x00002f17) auipc   t5, 0x2
core   0: 3 0x800111bc (0x00002f17) x30 0x800131bc
core   0: 0x800111c0 (0xe43f2223) sw      gp, -444(t5)
core   0: 3 0x800111c0 (0xe43f2223) mem 0x80013000 0x00000001
core   0: 0x800111c4 (0xff9ff06f) j       pc - 0x8
core   0: 3 0x800111c4 (0xff9ff06f)
core   0: 0x800111bc (0x00002f17) auipc   t5, 0x2
core   0: 3 0x800111bc (0x00002f17) x30 0x800131bc
core   0: 0x800111c0 (0xe43f2223) sw      gp, -444(t5)
core   0: 3 0x800111c0 (0xe43f2223) mem 0x80013000 0x00000001
core   0: 0x800111c4 (0xff9ff06f) j       pc - 0x8
core   0: 3 0x800111c4 (0xff9ff06f)
core   0: 0x800111bc (0x00002f17) auipc   t5, 0x2
core   0: 3 0x800111bc (0x00002f17) x30 0x800131bc
core   0: 0x800111c0 (0xe43f2223) sw      gp, -444(t5)
core   0: 3 0x800111c0 (0xe43f2223) mem 0x80013000 0x00000001
core   0: 0x800111c4 (0xff9ff06f) j       pc - 0x8
core   0: 3 0x800111c4 (0xff9ff06f)
core   0: 0x800111bc (0x00002f17) auipc   t5, 0x2
core   0: 3 0x800111bc (0x00002f17) x30 0x800131bc
core   0: 0x800111c0 (0xe43f2223) sw      gp, -444(t5)
core   0: 3 0x800111c0 (0xe43f2223) mem 0x80013000 0x00000001
core   0: 0x800111c4 (0xff9ff06f) j       pc - 0x8
core   0: 3 0x800111c4 (0xff9ff06f)
core   0: 0x800111bc (0x00002f17) auipc   t5, 0x2
core   0: 3 0x800111bc (0x00002f17) x30 0x800131bc
core   0: 0x800111c0 (0xe43f2223) sw      gp, -444(t5)
core   0: 3 0x800111c0 (0xe43f2223) mem 0x80013000 0x00000001
core   0: 0x800111c4 (0xff9ff06f) j       pc - 0x8
core   0: 3 0x800111c4 (0xff9ff06f)
core   0: 0x800111bc (0x00002f17) auipc   t5, 0x2
core   0: 3 0x800111bc (0x00002f17) x30 0x800131bc
core   0: 0x800111c0 (0xe43f2223) sw      gp, -444(t5)
core   0: 3 0x800111c0 (0xe43f2223) mem 0x80013000 0x00000001
core   0: 0x800111c4 (0xff9ff06f) j       pc - 0x8
core   0: 3 0x800111c4 (0xff9ff06f)
core   0: 0x800111bc (0x00002f17) auipc   t5, 0x2
core   0: 3 0x800111bc (0x00002f17) x30 0x800131bc
core   0: 0x800111c0 (0xe43f2223) sw      gp, -444(t5)
core   0: 3 0x800111c0 (0xe43f2223) mem 0x80013000 0x00000001
core   0: 0x800111c4 (0xff9ff06f) j       pc - 0x8
core   0: 3 0x800111c4 (0xff9ff06f)
core   0: 0x800111bc (0x00002f17) auipc   t5, 0x2
core   0: 3 0x800111bc (0x00002f17) x30 0x800131bc
core   0: 0x800111c0 (0xe43f2223) sw      gp, -444(t5)
core   0: 3 0x800111c0 (0xe43f2223) mem 0x80013000 0x00000001
core   0: 0x800111c4 (0xff9ff06f) j       pc - 0x8
core   0: 3 0x800111c4 (0xff9ff06f)
core   0: 0x800111bc (0x00002f17) auipc   t5, 0x2
core   0: 3 0x800111bc (0x00002f17) x30 0x800131bc
core   0: 0x800111c0 (0xe43f2223) sw      gp, -444(t5)
core   0: 3 0x800111c0 (0xe43f2223) mem 0x80013000 0x00000001
core   0: 0x800111c4 (0xff9ff06f) j       pc - 0x8
core   0: 3 0x800111c4 (0xff9ff06f)
core   0: 0x800111bc (0x00002f17) auipc   t5, 0x2
core   0: 3 0x800111bc (0x00002f17) x30 0x800131bc
core   0: 0x800111c0 (0xe43f2223) sw      gp, -444(t5)
core   0: 3 0x800111c0 (0xe43f2223) mem 0x80013000 0x00000001
core   0: 0x800111c4 (0xff9ff06f) j       pc - 0x8
core   0: 3 0x800111c4 (0xff9ff06f)
core   0: 0x800111bc (0x00002f17) auipc   t5, 0x2
core   0: 3 0x800111bc (0x00002f17) x30 0x800131bc
core   0: 0x800111c0 (0xe43f2223) sw      gp, -444(t5)
core   0: 3 0x800111c0 (0xe43f2223) mem 0x80013000 0x00000001
core   0: 0x800111c4 (0xff9ff06f) j       pc - 0x8
core   0: 3 0x800111c4 (0xff9ff06f)
core   0: 0x800111bc (0x00002f17) auipc   t5, 0x2
core   0: 3 0x800111bc (0x00002f17) x30 0x800131bc
core   0: 0x800111c0 (0xe43f2223) sw      gp, -444(t5)
core   0: 3 0x800111c0 (0xe43f2223) mem 0x80013000 0x00000001
core   0: 0x800111c4 (0xff9ff06f) j       pc - 0x8
core   0: 3 0x800111c4 (0xff9ff06f)
core   0: 0x800111bc (0x00002f17) auipc   t5, 0x2
core   0: 3 0x800111bc (0x00002f17) x30 0x800131bc
core   0: 0x800111c0 (0xe43f2223) sw      gp, -444(t5)
core   0: 3 0x800111c0 (0xe43f2223) mem 0x80013000 0x00000001
core   0: 0x800111c4 (0xff9ff06f) j       pc - 0x8
core   0: 3 0x800111c4 (0xff9ff06f)
core   0: 0x800111bc (0x00002f17) auipc   t5, 0x2
core   0: 3 0x800111bc (0x00002f17) x30 0x800131bc
core   0: 0x800111c0 (0xe43f2223) sw      gp, -444(t5)
core   0: 3 0x800111c0 (0xe43f2223) mem 0x80013000 0x00000001
core   0: 0x800111c4 (0xff9ff06f) j       pc - 0x8
core   0: 3 0x800111c4 (0xff9ff06f)
core   0: 0x800111bc (0x00002f17) auipc   t5, 0x2
core   0: 3 0x800111bc (0x00002f17) x30 0x800131bc
core   0: 0x800111c0 (0xe43f2223) sw      gp, -444(t5)
core   0: 3 0x800111c0 (0xe43f2223) mem 0x80013000 0x00000001
core   0: 0x800111c4 (0xff9ff06f) j       pc - 0x8
core   0: 3 0x800111c4 (0xff9ff06f)
core   0: 0x800111bc (0x00002f17) auipc   t5, 0x2
core   0: 3 0x800111bc (0x00002f17) x30 0x800131bc
core   0: 0x800111c0 (0xe43f2223) sw      gp, -444(t5)
core   0: 3 0x800111c0 (0xe43f2223) mem 0x80013000 0x00000001
core   0: 0x800111c4 (0xff9ff06f) j       pc - 0x8
core   0: 3 0x800111c4 (0xff9ff06f)
core   0: 0x800111bc (0x00002f17) auipc   t5, 0x2
core   0: 3 0x800111bc (0x00002f17) x30 0x800131bc
core   0: 0x800111c0 (0xe43f2223) sw      gp, -444(t5)
core   0: 3 0x800111c0 (0xe43f2223) mem 0x80013000 0x00000001
core   0: 0x800111c4 (0xff9ff06f) j       pc - 0x8
core   0: 3 0x800111c4 (0xff9ff06f)
core   0: 0x800111bc (0x00002f17) auipc   t5, 0x2
core   0: 3 0x800111bc (0x00002f17) x30 0x800131bc
core   0: 0x800111c0 (0xe43f2223) sw      gp, -444(t5)
core   0: 3 0x800111c0 (0xe43f2223) mem 0x80013000 0x00000001
core   0: 0x800111c4 (0xff9ff06f) j       pc - 0x8
core   0: 3 0x800111c4 (0xff9ff06f)
core   0: 0x800111bc (0x00002f17) auipc   t5, 0x2
core   0: 3 0x800111bc (0x00002f17) x30 0x800131bc
core   0: 0x800111c0 (0xe43f2223) sw      gp, -444(t5)
core   0: 3 0x800111c0 (0xe43f2223) mem 0x80013000 0x00000001
core   0: 0x800111c4 (0xff9ff06f) j       pc - 0x8
core   0: 3 0x800111c4 (0xff9ff06f)
core   0: 0x800111bc (0x00002f17) auipc   t5, 0x2
core   0: 3 0x800111bc (0x00002f17) x30 0x800131bc
core   0: 0x800111c0 (0xe43f2223) sw      gp, -444(t5)
core   0: 3 0x800111c0 (0xe43f2223) mem 0x80013000 0x00000001
core   0: 0x800111c4 (0xff9ff06f) j       pc - 0x8
core   0: 3 0x800111c4 (0xff9ff06f)
core   0: 0x800111bc (0x00002f17) auipc   t5, 0x2
core   0: 3 0x800111bc (0x00002f17) x30 0x800131bc
core   0: 0x800111c0 (0xe43f2223) sw      gp, -444(t5)
core   0: 3 0x800111c0 (0xe43f2223) mem 0x80013000 0x00000001
core   0: 0x800111c4 (0xff9ff06f) j       pc - 0x8
core   0: 3 0x800111c4 (0xff9ff06f)
core   0: 0x800111bc (0x00002f17) auipc   t5, 0x2
core   0: 3 0x800111bc (0x00002f17) x30 0x800131bc
core   0: 0x800111c0 (0xe43f2223) sw      gp, -444(t5)
core   0: 3 0x800111c0 (0xe43f2223) mem 0x80013000 0x00000001
core   0: 0x800111c4 (0xff9ff06f) j       pc - 0x8
core   0: 3 0x800111c4 (0xff9ff06f)
core   0: 0x800111bc (0x00002f17) auipc   t5, 0x2
core   0: 3 0x800111bc (0x00002f17) x30 0x800131bc
core   0: 0x800111c0 (0xe43f2223) sw      gp, -444(t5)
core   0: 3 0x800111c0 (0xe43f2223) mem 0x80013000 0x00000001
core   0: 0x800111c4 (0xff9ff06f) j       pc - 0x8
core   0: 3 0x800111c4 (0xff9ff06f)
core   0: 0x800111bc (0x00002f17) auipc   t5, 0x2
core   0: 3 0x800111bc (0x00002f17) x30 0x800131bc
core   0: 0x800111c0 (0xe43f2223) sw      gp, -444(t5)
core   0: 3 0x800111c0 (0xe43f2223) mem 0x80013000 0x00000001
core   0: 0x800111c4 (0xff9ff06f) j       pc - 0x8
core   0: 3 0x800111c4 (0xff9ff06f)
core   0: 0x800111bc (0x00002f17) auipc   t5, 0x2
core   0: 3 0x800111bc (0x00002f17) x30 0x800131bc
core   0: 0x800111c0 (0xe43f2223) sw      gp, -444(t5)
core   0: 3 0x800111c0 (0xe43f2223) mem 0x80013000 0x00000001
core   0: 0x800111c4 (0xff9ff06f) j       pc - 0x8
core   0: 3 0x800111c4 (0xff9ff06f)
core   0: 0x800111bc (0x00002f17) auipc   t5, 0x2
core   0: 3 0x800111bc (0x00002f17) x30 0x800131bc
core   0: 0x800111c0 (0xe43f2223) sw      gp, -444(t5)
core   0: 3 0x800111c0 (0xe43f2223) mem 0x80013000 0x00000001
core   0: 0x800111c4 (0xff9ff06f) j       pc - 0x8
core   0: 3 0x800111c4 (0xff9ff06f)
core   0: 0x800111bc (0x00002f17) auipc   t5, 0x2
core   0: 3 0x800111bc (0x00002f17) x30 0x800131bc
core   0: 0x800111c0 (0xe43f2223) sw      gp, -444(t5)
core   0: 3 0x800111c0 (0xe43f2223) mem 0x80013000 0x00000001
core   0: 0x800111c4 (0xff9ff06f) j       pc - 0x8
core   0: 3 0x800111c4 (0xff9ff06f)
core   0: 0x800111bc (0x00002f17) auipc   t5, 0x2
core   0: 3 0x800111bc (0x00002f17) x30 0x800131bc
core   0: 0x800111c0 (0xe43f2223) sw      gp, -444(t5)
core   0: 3 0x800111c0 (0xe43f2223) mem 0x80013000 0x00000001
core   0: 0x800111c4 (0xff9ff06f) j       pc - 0x8
core   0: 3 0x800111c4 (0xff9ff06f)
core   0: 0x800111bc (0x00002f17) auipc   t5, 0x2
core   0: 3 0x800111bc (0x00002f17) x30 0x800131bc
core   0: 0x800111c0 (0xe43f2223) sw      gp, -444(t5)
core   0: 3 0x800111c0 (0xe43f2223) mem 0x80013000 0x00000001
core   0: 0x800111c4 (0xff9ff06f) j       pc - 0x8
core   0: 3 0x800111c4 (0xff9ff06f)
core   0: 0x800111bc (0x00002f17) auipc   t5, 0x2
core   0: 3 0x800111bc (0x00002f17) x30 0x800131bc
core   0: 0x800111c0 (0xe43f2223) sw      gp, -444(t5)
core   0: 3 0x800111c0 (0xe43f2223) mem 0x80013000 0x00000001
core   0: 0x800111c4 (0xff9ff06f) j       pc - 0x8
core   0: 3 0x800111c4 (0xff9ff06f)
core   0: 0x800111bc (0x00002f17) auipc   t5, 0x2
core   0: 3 0x800111bc (0x00002f17) x30 0x800131bc
core   0: 0x800111c0 (0xe43f2223) sw      gp, -444(t5)
core   0: 3 0x800111c0 (0xe43f2223) mem 0x80013000 0x00000001
core   0: 0x800111c4 (0xff9ff06f) j       pc - 0x8
core   0: 3 0x800111c4 (0xff9ff06f)
core   0: 0x800111bc (0x00002f17) auipc   t5, 0x2
core   0: 3 0x800111bc (0x00002f17) x30 0x800131bc
core   0: 0x800111c0 (0xe43f2223) sw      gp, -444(t5)
core   0: 3 0x800111c0 (0xe43f2223) mem 0x80013000 0x00000001
core   0: 0x800111c4 (0xff9ff06f) j       pc - 0x8
core   0: 3 0x800111c4 (0xff9ff06f)
core   0: 0x800111bc (0x00002f17) auipc   t5, 0x2
core   0: 3 0x800111bc (0x00002f17) x30 0x800131bc
core   0: 0x800111c0 (0xe43f2223) sw      gp, -444(t5)
core   0: 3 0x800111c0 (0xe43f2223) mem 0x80013000 0x00000001
core   0: 0x800111c4 (0xff9ff06f) j       pc - 0x8
core   0: 3 0x800111c4 (0xff9ff06f)
core   0: 0x800111bc (0x00002f17) auipc   t5, 0x2
core   0: 3 0x800111bc (0x00002f17) x30 0x800131bc
core   0: 0x800111c0 (0xe43f2223) sw      gp, -444(t5)
core   0: 3 0x800111c0 (0xe43f2223) mem 0x80013000 0x00000001
core   0: 0x800111c4 (0xff9ff06f) j       pc - 0x8
core   0: 3 0x800111c4 (0xff9ff06f)
core   0: 0x800111bc (0x00002f17) auipc   t5, 0x2
core   0: 3 0x800111bc (0x00002f17) x30 0x800131bc
core   0: 0x800111c0 (0xe43f2223) sw      gp, -444(t5)
core   0: 3 0x800111c0 (0xe43f2223) mem 0x80013000 0x00000001
core   0: 0x800111c4 (0xff9ff06f) j       pc - 0x8
core   0: 3 0x800111c4 (0xff9ff06f)
core   0: 0x800111bc (0x00002f17) auipc   t5, 0x2
core   0: 3 0x800111bc (0x00002f17) x30 0x800131bc
core   0: 0x800111c0 (0xe43f2223) sw      gp, -444(t5)
core   0: 3 0x800111c0 (0xe43f2223) mem 0x80013000 0x00000001
core   0: 0x800111c4 (0xff9ff06f) j       pc - 0x8
core   0: 3 0x800111c4 (0xff9ff06f)
core   0: 0x800111bc (0x00002f17) auipc   t5, 0x2
core   0: 3 0x800111bc (0x00002f17) x30 0x800131bc
core   0: 0x800111c0 (0xe43f2223) sw      gp, -444(t5)
core   0: 3 0x800111c0 (0xe43f2223) mem 0x80013000 0x00000001
core   0: 0x800111c4 (0xff9ff06f) j       pc - 0x8
core   0: 3 0x800111c4 (0xff9ff06f)
core   0: 0x800111bc (0x00002f17) auipc   t5, 0x2
core   0: 3 0x800111bc (0x00002f17) x30 0x800131bc
core   0: 0x800111c0 (0xe43f2223) sw      gp, -444(t5)
core   0: 3 0x800111c0 (0xe43f2223) mem 0x80013000 0x00000001
core   0: 0x800111c4 (0xff9ff06f) j       pc - 0x8
core   0: 3 0x800111c4 (0xff9ff06f)
core   0: 0x800111bc (0x00002f17) auipc   t5, 0x2
core   0: 3 0x800111bc (0x00002f17) x30 0x800131bc
core   0: 0x800111c0 (0xe43f2223) sw      gp, -444(t5)
core   0: 3 0x800111c0 (0xe43f2223) mem 0x80013000 0x00000001
core   0: 0x800111c4 (0xff9ff06f) j       pc - 0x8
core   0: 3 0x800111c4 (0xff9ff06f)
core   0: 0x800111bc (0x00002f17) auipc   t5, 0x2
core   0: 3 0x800111bc (0x00002f17) x30 0x800131bc
core   0: 0x800111c0 (0xe43f2223) sw      gp, -444(t5)
core   0: 3 0x800111c0 (0xe43f2223) mem 0x80013000 0x00000001
core   0: 0x800111c4 (0xff9ff06f) j       pc - 0x8
core   0: 3 0x800111c4 (0xff9ff06f)
core   0: 0x800111bc (0x00002f17) auipc   t5, 0x2
core   0: 3 0x800111bc (0x00002f17) x30 0x800131bc
core   0: 0x800111c0 (0xe43f2223) sw      gp, -444(t5)
core   0: 3 0x800111c0 (0xe43f2223) mem 0x80013000 0x00000001
core   0: 0x800111c4 (0xff9ff06f) j       pc - 0x8
core   0: 3 0x800111c4 (0xff9ff06f)
core   0: 0x800111bc (0x00002f17) auipc   t5, 0x2
core   0: 3 0x800111bc (0x00002f17) x30 0x800131bc
core   0: 0x800111c0 (0xe43f2223) sw      gp, -444(t5)
core   0: 3 0x800111c0 (0xe43f2223) mem 0x80013000 0x00000001
core   0: 0x800111c4 (0xff9ff06f) j       pc - 0x8
core   0: 3 0x800111c4 (0xff9ff06f)
core   0: 0x800111bc (0x00002f17) auipc   t5, 0x2
core   0: 3 0x800111bc (0x00002f17) x30 0x800131bc
core   0: 0x800111c0 (0xe43f2223) sw      gp, -444(t5)
core   0: 3 0x800111c0 (0xe43f2223) mem 0x80013000 0x00000001
core   0: 0x800111c4 (0xff9ff06f) j       pc - 0x8
core   0: 3 0x800111c4 (0xff9ff06f)
core   0: 0x800111bc (0x00002f17) auipc   t5, 0x2
core   0: 3 0x800111bc (0x00002f17) x30 0x800131bc
core   0: 0x800111c0 (0xe43f2223) sw      gp, -444(t5)
core   0: 3 0x800111c0 (0xe43f2223) mem 0x80013000 0x00000001
core   0: 0x800111c4 (0xff9ff06f) j       pc - 0x8
core   0: 3 0x800111c4 (0xff9ff06f)
core   0: 0x800111bc (0x00002f17) auipc   t5, 0x2
core   0: 3 0x800111bc (0x00002f17) x30 0x800131bc
core   0: 0x800111c0 (0xe43f2223) sw      gp, -444(t5)
core   0: 3 0x800111c0 (0xe43f2223) mem 0x80013000 0x00000001
core   0: 0x800111c4 (0xff9ff06f) j       pc - 0x8
core   0: 3 0x800111c4 (0xff9ff06f)
core   0: 0x800111bc (0x00002f17) auipc   t5, 0x2
core   0: 3 0x800111bc (0x00002f17) x30 0x800131bc
core   0: 0x800111c0 (0xe43f2223) sw      gp, -444(t5)
core   0: 3 0x800111c0 (0xe43f2223) mem 0x80013000 0x00000001
core   0: 0x800111c4 (0xff9ff06f) j       pc - 0x8
core   0: 3 0x800111c4 (0xff9ff06f)
core   0: 0x800111bc (0x00002f17) auipc   t5, 0x2
core   0: 3 0x800111bc (0x00002f17) x30 0x800131bc
core   0: 0x800111c0 (0xe43f2223) sw      gp, -444(t5)
core   0: 3 0x800111c0 (0xe43f2223) mem 0x80013000 0x00000001
core   0: 0x800111c4 (0xff9ff06f) j       pc - 0x8
core   0: 3 0x800111c4 (0xff9ff06f)
core   0: 0x800111bc (0x00002f17) auipc   t5, 0x2
core   0: 3 0x800111bc (0x00002f17) x30 0x800131bc
core   0: 0x800111c0 (0xe43f2223) sw      gp, -444(t5)
core   0: 3 0x800111c0 (0xe43f2223) mem 0x80013000 0x00000001
core   0: 0x800111c4 (0xff9ff06f) j       pc - 0x8
core   0: 3 0x800111c4 (0xff9ff06f)
core   0: 0x800111bc (0x00002f17) auipc   t5, 0x2
core   0: 3 0x800111bc (0x00002f17) x30 0x800131bc
core   0: 0x800111c0 (0xe43f2223) sw      gp, -444(t5)
core   0: 3 0x800111c0 (0xe43f2223) mem 0x80013000 0x00000001
core   0: 0x800111c4 (0xff9ff06f) j       pc - 0x8
core   0: 3 0x800111c4 (0xff9ff06f)
core   0: 0x800111bc (0x00002f17) auipc   t5, 0x2
core   0: 3 0x800111bc (0x00002f17) x30 0x800131bc
core   0: 0x800111c0 (0xe43f2223) sw      gp, -444(t5)
core   0: 3 0x800111c0 (0xe43f2223) mem 0x80013000 0x00000001
core   0: 0x800111c4 (0xff9ff06f) j       pc - 0x8
core   0: 3 0x800111c4 (0xff9ff06f)
core   0: 0x800111bc (0x00002f17) auipc   t5, 0x2
core   0: 3 0x800111bc (0x00002f17) x30 0x800131bc
core   0: 0x800111c0 (0xe43f2223) sw      gp, -444(t5)
core   0: 3 0x800111c0 (0xe43f2223) mem 0x80013000 0x00000001
core   0: 0x800111c4 (0xff9ff06f) j       pc - 0x8
core   0: 3 0x800111c4 (0xff9ff06f)
core   0: 0x800111bc (0x00002f17) auipc   t5, 0x2
core   0: 3 0x800111bc (0x00002f17) x30 0x800131bc
core   0: 0x800111c0 (0xe43f2223) sw      gp, -444(t5)
core   0: 3 0x800111c0 (0xe43f2223) mem 0x80013000 0x00000001
core   0: 0x800111c4 (0xff9ff06f) j       pc - 0x8
core   0: 3 0x800111c4 (0xff9ff06f)
core   0: 0x800111bc (0x00002f17) auipc   t5, 0x2
core   0: 3 0x800111bc (0x00002f17) x30 0x800131bc
core   0: 0x800111c0 (0xe43f2223) sw      gp, -444(t5)
core   0: 3 0x800111c0 (0xe43f2223) mem 0x80013000 0x00000001
core   0: 0x800111c4 (0xff9ff06f) j       pc - 0x8
core   0: 3 0x800111c4 (0xff9ff06f)
core   0: 0x800111bc (0x00002f17) auipc   t5, 0x2
core   0: 3 0x800111bc (0x00002f17) x30 0x800131bc
core   0: 0x800111c0 (0xe43f2223) sw      gp, -444(t5)
core   0: 3 0x800111c0 (0xe43f2223) mem 0x80013000 0x00000001
core   0: 0x800111c4 (0xff9ff06f) j       pc - 0x8
core   0: 3 0x800111c4 (0xff9ff06f)
core   0: 0x800111bc (0x00002f17) auipc   t5, 0x2
core   0: 3 0x800111bc (0x00002f17) x30 0x800131bc
core   0: 0x800111c0 (0xe43f2223) sw      gp, -444(t5)
core   0: 3 0x800111c0 (0xe43f2223) mem 0x80013000 0x00000001
core   0: 0x800111c4 (0xff9ff06f) j       pc - 0x8
core   0: 3 0x800111c4 (0xff9ff06f)
core   0: 0x800111bc (0x00002f17) auipc   t5, 0x2
core   0: 3 0x800111bc (0x00002f17) x30 0x800131bc
core   0: 0x800111c0 (0xe43f2223) sw      gp, -444(t5)
core   0: 3 0x800111c0 (0xe43f2223) mem 0x80013000 0x00000001
core   0: 0x800111c4 (0xff9ff06f) j       pc - 0x8
core   0: 3 0x800111c4 (0xff9ff06f)
core   0: 0x800111bc (0x00002f17) auipc   t5, 0x2
core   0: 3 0x800111bc (0x00002f17) x30 0x800131bc
core   0: 0x800111c0 (0xe43f2223) sw      gp, -444(t5)
core   0: 3 0x800111c0 (0xe43f2223) mem 0x80013000 0x00000001
core   0: 0x800111c4 (0xff9ff06f) j       pc - 0x8
core   0: 3 0x800111c4 (0xff9ff06f)
core   0: 0x800111bc (0x00002f17) auipc   t5, 0x2
core   0: 3 0x800111bc (0x00002f17) x30 0x800131bc
core   0: 0x800111c0 (0xe43f2223) sw      gp, -444(t5)
core   0: 3 0x800111c0 (0xe43f2223) mem 0x80013000 0x00000001
core   0: 0x800111c4 (0xff9ff06f) j       pc - 0x8
core   0: 3 0x800111c4 (0xff9ff06f)
core   0: 0x800111bc (0x00002f17) auipc   t5, 0x2
core   0: 3 0x800111bc (0x00002f17) x30 0x800131bc
core   0: 0x800111c0 (0xe43f2223) sw      gp, -444(t5)
core   0: 3 0x800111c0 (0xe43f2223) mem 0x80013000 0x00000001
core   0: 0x800111c4 (0xff9ff06f) j       pc - 0x8
core   0: 3 0x800111c4 (0xff9ff06f)
core   0: 0x800111bc (0x00002f17) auipc   t5, 0x2
core   0: 3 0x800111bc (0x00002f17) x30 0x800131bc
core   0: 0x800111c0 (0xe43f2223) sw      gp, -444(t5)
core   0: 3 0x800111c0 (0xe43f2223) mem 0x80013000 0x00000001
core   0: 0x800111c4 (0xff9ff06f) j       pc - 0x8
core   0: 3 0x800111c4 (0xff9ff06f)
core   0: 0x800111bc (0x00002f17) auipc   t5, 0x2
core   0: 3 0x800111bc (0x00002f17) x30 0x800131bc
core   0: 0x800111c0 (0xe43f2223) sw      gp, -444(t5)
core   0: 3 0x800111c0 (0xe43f2223) mem 0x80013000 0x00000001
core   0: 0x800111c4 (0xff9ff06f) j       pc - 0x8
core   0: 3 0x800111c4 (0xff9ff06f)
core   0: 0x800111bc (0x00002f17) auipc   t5, 0x2
core   0: 3 0x800111bc (0x00002f17) x30 0x800131bc
core   0: 0x800111c0 (0xe43f2223) sw      gp, -444(t5)
core   0: 3 0x800111c0 (0xe43f2223) mem 0x80013000 0x00000001
core   0: 0x800111c4 (0xff9ff06f) j       pc - 0x8
core   0: 3 0x800111c4 (0xff9ff06f)
core   0: 0x800111bc (0x00002f17) auipc   t5, 0x2
core   0: 3 0x800111bc (0x00002f17) x30 0x800131bc
core   0: 0x800111c0 (0xe43f2223) sw      gp, -444(t5)
core   0: 3 0x800111c0 (0xe43f2223) mem 0x80013000 0x00000001
core   0: 0x800111c4 (0xff9ff06f) j       pc - 0x8
core   0: 3 0x800111c4 (0xff9ff06f)
core   0: 0x800111bc (0x00002f17) auipc   t5, 0x2
core   0: 3 0x800111bc (0x00002f17) x30 0x800131bc
core   0: 0x800111c0 (0xe43f2223) sw      gp, -444(t5)
core   0: 3 0x800111c0 (0xe43f2223) mem 0x80013000 0x00000001
core   0: 0x800111c4 (0xff9ff06f) j       pc - 0x8
core   0: 3 0x800111c4 (0xff9ff06f)
core   0: 0x800111bc (0x00002f17) auipc   t5, 0x2
core   0: 3 0x800111bc (0x00002f17) x30 0x800131bc
core   0: 0x800111c0 (0xe43f2223) sw      gp, -444(t5)
core   0: 3 0x800111c0 (0xe43f2223) mem 0x80013000 0x00000001
core   0: 0x800111c4 (0xff9ff06f) j       pc - 0x8
core   0: 3 0x800111c4 (0xff9ff06f)
core   0: 0x800111bc (0x00002f17) auipc   t5, 0x2
core   0: 3 0x800111bc (0x00002f17) x30 0x800131bc
core   0: 0x800111c0 (0xe43f2223) sw      gp, -444(t5)
core   0: 3 0x800111c0 (0xe43f2223) mem 0x80013000 0x00000001
core   0: 0x800111c4 (0xff9ff06f) j       pc - 0x8
core   0: 3 0x800111c4 (0xff9ff06f)
core   0: 0x800111bc (0x00002f17) auipc   t5, 0x2
core   0: 3 0x800111bc (0x00002f17) x30 0x800131bc
core   0: 0x800111c0 (0xe43f2223) sw      gp, -444(t5)
core   0: 3 0x800111c0 (0xe43f2223) mem 0x80013000 0x00000001
core   0: 0x800111c4 (0xff9ff06f) j       pc - 0x8
core   0: 3 0x800111c4 (0xff9ff06f)
core   0: 0x800111bc (0x00002f17) auipc   t5, 0x2
core   0: 3 0x800111bc (0x00002f17) x30 0x800131bc
core   0: 0x800111c0 (0xe43f2223) sw      gp, -444(t5)
core   0: 3 0x800111c0 (0xe43f2223) mem 0x80013000 0x00000001
core   0: 0x800111c4 (0xff9ff06f) j       pc - 0x8
core   0: 3 0x800111c4 (0xff9ff06f)
core   0: 0x800111bc (0x00002f17) auipc   t5, 0x2
core   0: 3 0x800111bc (0x00002f17) x30 0x800131bc
core   0: 0x800111c0 (0xe43f2223) sw      gp, -444(t5)
core   0: 3 0x800111c0 (0xe43f2223) mem 0x80013000 0x00000001
core   0: 0x800111c4 (0xff9ff06f) j       pc - 0x8
core   0: 3 0x800111c4 (0xff9ff06f)
core   0: 0x800111bc (0x00002f17) auipc   t5, 0x2
core   0: 3 0x800111bc (0x00002f17) x30 0x800131bc
core   0: 0x800111c0 (0xe43f2223) sw      gp, -444(t5)
core   0: 3 0x800111c0 (0xe43f2223) mem 0x80013000 0x00000001
core   0: 0x800111c4 (0xff9ff06f) j       pc - 0x8
core   0: 3 0x800111c4 (0xff9ff06f)
core   0: 0x800111bc (0x00002f17) auipc   t5, 0x2
core   0: 3 0x800111bc (0x00002f17) x30 0x800131bc
core   0: 0x800111c0 (0xe43f2223) sw      gp, -444(t5)
core   0: 3 0x800111c0 (0xe43f2223) mem 0x80013000 0x00000001
core   0: 0x800111c4 (0xff9ff06f) j       pc - 0x8
core   0: 3 0x800111c4 (0xff9ff06f)
core   0: 0x800111bc (0x00002f17) auipc   t5, 0x2
core   0: 3 0x800111bc (0x00002f17) x30 0x800131bc
core   0: 0x800111c0 (0xe43f2223) sw      gp, -444(t5)
core   0: 3 0x800111c0 (0xe43f2223) mem 0x80013000 0x00000001
core   0: 0x800111c4 (0xff9ff06f) j       pc - 0x8
core   0: 3 0x800111c4 (0xff9ff06f)
core   0: 0x800111bc (0x00002f17) auipc   t5, 0x2
core   0: 3 0x800111bc (0x00002f17) x30 0x800131bc
core   0: 0x800111c0 (0xe43f2223) sw      gp, -444(t5)
core   0: 3 0x800111c0 (0xe43f2223) mem 0x80013000 0x00000001
core   0: 0x800111c4 (0xff9ff06f) j       pc - 0x8
core   0: 3 0x800111c4 (0xff9ff06f)
core   0: 0x800111bc (0x00002f17) auipc   t5, 0x2
core   0: 3 0x800111bc (0x00002f17) x30 0x800131bc
core   0: 0x800111c0 (0xe43f2223) sw      gp, -444(t5)
core   0: 3 0x800111c0 (0xe43f2223) mem 0x80013000 0x00000001
core   0: 0x800111c4 (0xff9ff06f) j       pc - 0x8
core   0: 3 0x800111c4 (0xff9ff06f)
core   0: 0x800111bc (0x00002f17) auipc   t5, 0x2
core   0: 3 0x800111bc (0x00002f17) x30 0x800131bc
core   0: 0x800111c0 (0xe43f2223) sw      gp, -444(t5)
core   0: 3 0x800111c0 (0xe43f2223) mem 0x80013000 0x00000001
core   0: 0x800111c4 (0xff9ff06f) j       pc - 0x8
core   0: 3 0x800111c4 (0xff9ff06f)
core   0: 0x800111bc (0x00002f17) auipc   t5, 0x2
core   0: 3 0x800111bc (0x00002f17) x30 0x800131bc
core   0: 0x800111c0 (0xe43f2223) sw      gp, -444(t5)
core   0: 3 0x800111c0 (0xe43f2223) mem 0x80013000 0x00000001
core   0: 0x800111c4 (0xff9ff06f) j       pc - 0x8
core   0: 3 0x800111c4 (0xff9ff06f)
core   0: 0x800111bc (0x00002f17) auipc   t5, 0x2
core   0: 3 0x800111bc (0x00002f17) x30 0x800131bc
core   0: 0x800111c0 (0xe43f2223) sw      gp, -444(t5)
core   0: 3 0x800111c0 (0xe43f2223) mem 0x80013000 0x00000001
core   0: 0x800111c4 (0xff9ff06f) j       pc - 0x8
core   0: 3 0x800111c4 (0xff9ff06f)
core   0: 0x800111bc (0x00002f17) auipc   t5, 0x2
core   0: 3 0x800111bc (0x00002f17) x30 0x800131bc
core   0: 0x800111c0 (0xe43f2223) sw      gp, -444(t5)
core   0: 3 0x800111c0 (0xe43f2223) mem 0x80013000 0x00000001
core   0: 0x800111c4 (0xff9ff06f) j       pc - 0x8
core   0: 3 0x800111c4 (0xff9ff06f)
core   0: 0x800111bc (0x00002f17) auipc   t5, 0x2
core   0: 3 0x800111bc (0x00002f17) x30 0x800131bc
core   0: 0x800111c0 (0xe43f2223) sw      gp, -444(t5)
core   0: 3 0x800111c0 (0xe43f2223) mem 0x80013000 0x00000001
core   0: 0x800111c4 (0xff9ff06f) j       pc - 0x8
core   0: 3 0x800111c4 (0xff9ff06f)
core   0: 0x800111bc (0x00002f17) auipc   t5, 0x2
core   0: 3 0x800111bc (0x00002f17) x30 0x800131bc
core   0: 0x800111c0 (0xe43f2223) sw      gp, -444(t5)
core   0: 3 0x800111c0 (0xe43f2223) mem 0x80013000 0x00000001
core   0: 0x800111c4 (0xff9ff06f) j       pc - 0x8
core   0: 3 0x800111c4 (0xff9ff06f)
core   0: 0x800111bc (0x00002f17) auipc   t5, 0x2
core   0: 3 0x800111bc (0x00002f17) x30 0x800131bc
core   0: 0x800111c0 (0xe43f2223) sw      gp, -444(t5)
core   0: 3 0x800111c0 (0xe43f2223) mem 0x80013000 0x00000001
core   0: 0x800111c4 (0xff9ff06f) j       pc - 0x8
core   0: 3 0x800111c4 (0xff9ff06f)
core   0: 0x800111bc (0x00002f17) auipc   t5, 0x2
core   0: 3 0x800111bc (0x00002f17) x30 0x800131bc
core   0: 0x800111c0 (0xe43f2223) sw      gp, -444(t5)
core   0: 3 0x800111c0 (0xe43f2223) mem 0x80013000 0x00000001
core   0: 0x800111c4 (0xff9ff06f) j       pc - 0x8
core   0: 3 0x800111c4 (0xff9ff06f)
core   0: 0x800111bc (0x00002f17) auipc   t5, 0x2
core   0: 3 0x800111bc (0x00002f17) x30 0x800131bc
core   0: 0x800111c0 (0xe43f2223) sw      gp, -444(t5)
core   0: 3 0x800111c0 (0xe43f2223) mem 0x80013000 0x00000001
core   0: 0x800111c4 (0xff9ff06f) j       pc - 0x8
core   0: 3 0x800111c4 (0xff9ff06f)
core   0: 0x800111bc (0x00002f17) auipc   t5, 0x2
core   0: 3 0x800111bc (0x00002f17) x30 0x800131bc
core   0: 0x800111c0 (0xe43f2223) sw      gp, -444(t5)
core   0: 3 0x800111c0 (0xe43f2223) mem 0x80013000 0x00000001
core   0: 0x800111c4 (0xff9ff06f) j       pc - 0x8
core   0: 3 0x800111c4 (0xff9ff06f)
core   0: 0x800111bc (0x00002f17) auipc   t5, 0x2
core   0: 3 0x800111bc (0x00002f17) x30 0x800131bc
core   0: 0x800111c0 (0xe43f2223) sw      gp, -444(t5)
core   0: 3 0x800111c0 (0xe43f2223) mem 0x80013000 0x00000001
core   0: 0x800111c4 (0xff9ff06f) j       pc - 0x8
core   0: 3 0x800111c4 (0xff9ff06f)
core   0: 0x800111bc (0x00002f17) auipc   t5, 0x2
core   0: 3 0x800111bc (0x00002f17) x30 0x800131bc
core   0: 0x800111c0 (0xe43f2223) sw      gp, -444(t5)
core   0: 3 0x800111c0 (0xe43f2223) mem 0x80013000 0x00000001
core   0: 0x800111c4 (0xff9ff06f) j       pc - 0x8
core   0: 3 0x800111c4 (0xff9ff06f)
core   0: 0x800111bc (0x00002f17) auipc   t5, 0x2
core   0: 3 0x800111bc (0x00002f17) x30 0x800131bc
core   0: 0x800111c0 (0xe43f2223) sw      gp, -444(t5)
core   0: 3 0x800111c0 (0xe43f2223) mem 0x80013000 0x00000001
core   0: 0x800111c4 (0xff9ff06f) j       pc - 0x8
core   0: 3 0x800111c4 (0xff9ff06f)
core   0: 0x800111bc (0x00002f17) auipc   t5, 0x2
core   0: 3 0x800111bc (0x00002f17) x30 0x800131bc
core   0: 0x800111c0 (0xe43f2223) sw      gp, -444(t5)
core   0: 3 0x800111c0 (0xe43f2223) mem 0x80013000 0x00000001
core   0: 0x800111c4 (0xff9ff06f) j       pc - 0x8
core   0: 3 0x800111c4 (0xff9ff06f)
core   0: 0x800111bc (0x00002f17) auipc   t5, 0x2
core   0: 3 0x800111bc (0x00002f17) x30 0x800131bc
core   0: 0x800111c0 (0xe43f2223) sw      gp, -444(t5)
core   0: 3 0x800111c0 (0xe43f2223) mem 0x80013000 0x00000001
core   0: 0x800111c4 (0xff9ff06f) j       pc - 0x8
core   0: 3 0x800111c4 (0xff9ff06f)
core   0: 0x800111bc (0x00002f17) auipc   t5, 0x2
core   0: 3 0x800111bc (0x00002f17) x30 0x800131bc
core   0: 0x800111c0 (0xe43f2223) sw      gp, -444(t5)
core   0: 3 0x800111c0 (0xe43f2223) mem 0x80013000 0x00000001
core   0: 0x800111c4 (0xff9ff06f) j       pc - 0x8
core   0: 3 0x800111c4 (0xff9ff06f)
core   0: 0x800111bc (0x00002f17) auipc   t5, 0x2
core   0: 3 0x800111bc (0x00002f17) x30 0x800131bc
core   0: 0x800111c0 (0xe43f2223) sw      gp, -444(t5)
core   0: 3 0x800111c0 (0xe43f2223) mem 0x80013000 0x00000001
core   0: 0x800111c4 (0xff9ff06f) j       pc - 0x8
core   0: 3 0x800111c4 (0xff9ff06f)
core   0: 0x800111bc (0x00002f17) auipc   t5, 0x2
core   0: 3 0x800111bc (0x00002f17) x30 0x800131bc
core   0: 0x800111c0 (0xe43f2223) sw      gp, -444(t5)
core   0: 3 0x800111c0 (0xe43f2223) mem 0x80013000 0x00000001
core   0: 0x800111c4 (0xff9ff06f) j       pc - 0x8
core   0: 3 0x800111c4 (0xff9ff06f)
core   0: 0x800111bc (0x00002f17) auipc   t5, 0x2
core   0: 3 0x800111bc (0x00002f17) x30 0x800131bc
core   0: 0x800111c0 (0xe43f2223) sw      gp, -444(t5)
core   0: 3 0x800111c0 (0xe43f2223) mem 0x80013000 0x00000001
core   0: 0x800111c4 (0xff9ff06f) j       pc - 0x8
core   0: 3 0x800111c4 (0xff9ff06f)
core   0: 0x800111bc (0x00002f17) auipc   t5, 0x2
core   0: 3 0x800111bc (0x00002f17) x30 0x800131bc
core   0: 0x800111c0 (0xe43f2223) sw      gp, -444(t5)
core   0: 3 0x800111c0 (0xe43f2223) mem 0x80013000 0x00000001
core   0: 0x800111c4 (0xff9ff06f) j       pc - 0x8
core   0: 3 0x800111c4 (0xff9ff06f)
core   0: 0x800111bc (0x00002f17) auipc   t5, 0x2
core   0: 3 0x800111bc (0x00002f17) x30 0x800131bc
core   0: 0x800111c0 (0xe43f2223) sw      gp, -444(t5)
core   0: 3 0x800111c0 (0xe43f2223) mem 0x80013000 0x00000001
core   0: 0x800111c4 (0xff9ff06f) j       pc - 0x8
core   0: 3 0x800111c4 (0xff9ff06f)
core   0: 0x800111bc (0x00002f17) auipc   t5, 0x2
core   0: 3 0x800111bc (0x00002f17) x30 0x800131bc
core   0: 0x800111c0 (0xe43f2223) sw      gp, -444(t5)
core   0: 3 0x800111c0 (0xe43f2223) mem 0x80013000 0x00000001
core   0: 0x800111c4 (0xff9ff06f) j       pc - 0x8
core   0: 3 0x800111c4 (0xff9ff06f)
core   0: 0x800111bc (0x00002f17) auipc   t5, 0x2
core   0: 3 0x800111bc (0x00002f17) x30 0x800131bc
core   0: 0x800111c0 (0xe43f2223) sw      gp, -444(t5)
core   0: 3 0x800111c0 (0xe43f2223) mem 0x80013000 0x00000001
core   0: 0x800111c4 (0xff9ff06f) j       pc - 0x8
core   0: 3 0x800111c4 (0xff9ff06f)
core   0: 0x800111bc (0x00002f17) auipc   t5, 0x2
core   0: 3 0x800111bc (0x00002f17) x30 0x800131bc
core   0: 0x800111c0 (0xe43f2223) sw      gp, -444(t5)
core   0: 3 0x800111c0 (0xe43f2223) mem 0x80013000 0x00000001
core   0: 0x800111c4 (0xff9ff06f) j       pc - 0x8
core   0: 3 0x800111c4 (0xff9ff06f)
core   0: 0x800111bc (0x00002f17) auipc   t5, 0x2
core   0: 3 0x800111bc (0x00002f17) x30 0x800131bc
core   0: 0x800111c0 (0xe43f2223) sw      gp, -444(t5)
core   0: 3 0x800111c0 (0xe43f2223) mem 0x80013000 0x00000001
core   0: 0x800111c4 (0xff9ff06f) j       pc - 0x8
core   0: 3 0x800111c4 (0xff9ff06f)
core   0: 0x800111bc (0x00002f17) auipc   t5, 0x2
core   0: 3 0x800111bc (0x00002f17) x30 0x800131bc
core   0: 0x800111c0 (0xe43f2223) sw      gp, -444(t5)
core   0: 3 0x800111c0 (0xe43f2223) mem 0x80013000 0x00000001
core   0: 0x800111c4 (0xff9ff06f) j       pc - 0x8
core   0: 3 0x800111c4 (0xff9ff06f)
core   0: 0x800111bc (0x00002f17) auipc   t5, 0x2
core   0: 3 0x800111bc (0x00002f17) x30 0x800131bc
core   0: 0x800111c0 (0xe43f2223) sw      gp, -444(t5)
core   0: 3 0x800111c0 (0xe43f2223) mem 0x80013000 0x00000001
core   0: 0x800111c4 (0xff9ff06f) j       pc - 0x8
core   0: 3 0x800111c4 (0xff9ff06f)
core   0: 0x800111bc (0x00002f17) auipc   t5, 0x2
core   0: 3 0x800111bc (0x00002f17) x30 0x800131bc
core   0: 0x800111c0 (0xe43f2223) sw      gp, -444(t5)
core   0: 3 0x800111c0 (0xe43f2223) mem 0x80013000 0x00000001
core   0: 0x800111c4 (0xff9ff06f) j       pc - 0x8
core   0: 3 0x800111c4 (0xff9ff06f)
core   0: 0x800111bc (0x00002f17) auipc   t5, 0x2
core   0: 3 0x800111bc (0x00002f17) x30 0x800131bc
core   0: 0x800111c0 (0xe43f2223) sw      gp, -444(t5)
core   0: 3 0x800111c0 (0xe43f2223) mem 0x80013000 0x00000001
core   0: 0x800111c4 (0xff9ff06f) j       pc - 0x8
core   0: 3 0x800111c4 (0xff9ff06f)
core   0: 0x800111bc (0x00002f17) auipc   t5, 0x2
core   0: 3 0x800111bc (0x00002f17) x30 0x800131bc
core   0: 0x800111c0 (0xe43f2223) sw      gp, -444(t5)
core   0: 3 0x800111c0 (0xe43f2223) mem 0x80013000 0x00000001
core   0: 0x800111c4 (0xff9ff06f) j       pc - 0x8
core   0: 3 0x800111c4 (0xff9ff06f)
core   0: 0x800111bc (0x00002f17) auipc   t5, 0x2
core   0: 3 0x800111bc (0x00002f17) x30 0x800131bc
core   0: 0x800111c0 (0xe43f2223) sw      gp, -444(t5)
core   0: 3 0x800111c0 (0xe43f2223) mem 0x80013000 0x00000001
core   0: 0x800111c4 (0xff9ff06f) j       pc - 0x8
core   0: 3 0x800111c4 (0xff9ff06f)
core   0: 0x800111bc (0x00002f17) auipc   t5, 0x2
core   0: 3 0x800111bc (0x00002f17) x30 0x800131bc
core   0: 0x800111c0 (0xe43f2223) sw      gp, -444(t5)
core   0: 3 0x800111c0 (0xe43f2223) mem 0x80013000 0x00000001
core   0: 0x800111c4 (0xff9ff06f) j       pc - 0x8
core   0: 3 0x800111c4 (0xff9ff06f)
core   0: 0x800111bc (0x00002f17) auipc   t5, 0x2
core   0: 3 0x800111bc (0x00002f17) x30 0x800131bc
core   0: 0x800111c0 (0xe43f2223) sw      gp, -444(t5)
core   0: 3 0x800111c0 (0xe43f2223) mem 0x80013000 0x00000001
core   0: 0x800111c4 (0xff9ff06f) j       pc - 0x8
core   0: 3 0x800111c4 (0xff9ff06f)
core   0: 0x800111bc (0x00002f17) auipc   t5, 0x2
core   0: 3 0x800111bc (0x00002f17) x30 0x800131bc
core   0: 0x800111c0 (0xe43f2223) sw      gp, -444(t5)
core   0: 3 0x800111c0 (0xe43f2223) mem 0x80013000 0x00000001
core   0: 0x800111c4 (0xff9ff06f) j       pc - 0x8
core   0: 3 0x800111c4 (0xff9ff06f)
core   0: 0x800111bc (0x00002f17) auipc   t5, 0x2
core   0: 3 0x800111bc (0x00002f17) x30 0x800131bc
core   0: 0x800111c0 (0xe43f2223) sw      gp, -444(t5)
core   0: 3 0x800111c0 (0xe43f2223) mem 0x80013000 0x00000001
core   0: 0x800111c4 (0xff9ff06f) j       pc - 0x8
core   0: 3 0x800111c4 (0xff9ff06f)
core   0: 0x800111bc (0x00002f17) auipc   t5, 0x2
core   0: 3 0x800111bc (0x00002f17) x30 0x800131bc
core   0: 0x800111c0 (0xe43f2223) sw      gp, -444(t5)
core   0: 3 0x800111c0 (0xe43f2223) mem 0x80013000 0x00000001
core   0: 0x800111c4 (0xff9ff06f) j       pc - 0x8
core   0: 3 0x800111c4 (0xff9ff06f)
core   0: 0x800111bc (0x00002f17) auipc   t5, 0x2
core   0: 3 0x800111bc (0x00002f17) x30 0x800131bc
core   0: 0x800111c0 (0xe43f2223) sw      gp, -444(t5)
core   0: 3 0x800111c0 (0xe43f2223) mem 0x80013000 0x00000001
core   0: 0x800111c4 (0xff9ff06f) j       pc - 0x8
core   0: 3 0x800111c4 (0xff9ff06f)
core   0: 0x800111bc (0x00002f17) auipc   t5, 0x2
core   0: 3 0x800111bc (0x00002f17) x30 0x800131bc
core   0: 0x800111c0 (0xe43f2223) sw      gp, -444(t5)
core   0: 3 0x800111c0 (0xe43f2223) mem 0x80013000 0x00000001
core   0: 0x800111c4 (0xff9ff06f) j       pc - 0x8
core   0: 3 0x800111c4 (0xff9ff06f)
core   0: 0x800111bc (0x00002f17) auipc   t5, 0x2
core   0: 3 0x800111bc (0x00002f17) x30 0x800131bc
core   0: 0x800111c0 (0xe43f2223) sw      gp, -444(t5)
core   0: 3 0x800111c0 (0xe43f2223) mem 0x80013000 0x00000001
core   0: 0x800111c4 (0xff9ff06f) j       pc - 0x8
core   0: 3 0x800111c4 (0xff9ff06f)
core   0: 0x800111bc (0x00002f17) auipc   t5, 0x2
core   0: 3 0x800111bc (0x00002f17) x30 0x800131bc
core   0: 0x800111c0 (0xe43f2223) sw      gp, -444(t5)
core   0: 3 0x800111c0 (0xe43f2223) mem 0x80013000 0x00000001
core   0: 0x800111c4 (0xff9ff06f) j       pc - 0x8
core   0: 3 0x800111c4 (0xff9ff06f)
core   0: 0x800111bc (0x00002f17) auipc   t5, 0x2
core   0: 3 0x800111bc (0x00002f17) x30 0x800131bc
core   0: 0x800111c0 (0xe43f2223) sw      gp, -444(t5)
core   0: 3 0x800111c0 (0xe43f2223) mem 0x80013000 0x00000001
core   0: 0x800111c4 (0xff9ff06f) j       pc - 0x8
core   0: 3 0x800111c4 (0xff9ff06f)
core   0: 0x800111bc (0x00002f17) auipc   t5, 0x2
core   0: 3 0x800111bc (0x00002f17) x30 0x800131bc
core   0: 0x800111c0 (0xe43f2223) sw      gp, -444(t5)
core   0: 3 0x800111c0 (0xe43f2223) mem 0x80013000 0x00000001
core   0: 0x800111c4 (0xff9ff06f) j       pc - 0x8
core   0: 3 0x800111c4 (0xff9ff06f)
core   0: 0x800111bc (0x00002f17) auipc   t5, 0x2
core   0: 3 0x800111bc (0x00002f17) x30 0x800131bc
core   0: 0x800111c0 (0xe43f2223) sw      gp, -444(t5)
core   0: 3 0x800111c0 (0xe43f2223) mem 0x80013000 0x00000001
core   0: 0x800111c4 (0xff9ff06f) j       pc - 0x8
core   0: 3 0x800111c4 (0xff9ff06f)
core   0: 0x800111bc (0x00002f17) auipc   t5, 0x2
core   0: 3 0x800111bc (0x00002f17) x30 0x800131bc
core   0: 0x800111c0 (0xe43f2223) sw      gp, -444(t5)
core   0: 3 0x800111c0 (0xe43f2223) mem 0x80013000 0x00000001
core   0: 0x800111c4 (0xff9ff06f) j       pc - 0x8
core   0: 3 0x800111c4 (0xff9ff06f)
core   0: 0x800111bc (0x00002f17) auipc   t5, 0x2
core   0: 3 0x800111bc (0x00002f17) x30 0x800131bc
core   0: 0x800111c0 (0xe43f2223) sw      gp, -444(t5)
core   0: 3 0x800111c0 (0xe43f2223) mem 0x80013000 0x00000001
core   0: 0x800111c4 (0xff9ff06f) j       pc - 0x8
core   0: 3 0x800111c4 (0xff9ff06f)
core   0: 0x800111bc (0x00002f17) auipc   t5, 0x2
core   0: 3 0x800111bc (0x00002f17) x30 0x800131bc
core   0: 0x800111c0 (0xe43f2223) sw      gp, -444(t5)
core   0: 3 0x800111c0 (0xe43f2223) mem 0x80013000 0x00000001
core   0: 0x800111c4 (0xff9ff06f) j       pc - 0x8
core   0: 3 0x800111c4 (0xff9ff06f)
core   0: 0x800111bc (0x00002f17) auipc   t5, 0x2
core   0: 3 0x800111bc (0x00002f17) x30 0x800131bc
core   0: 0x800111c0 (0xe43f2223) sw      gp, -444(t5)
core   0: 3 0x800111c0 (0xe43f2223) mem 0x80013000 0x00000001
core   0: 0x800111c4 (0xff9ff06f) j       pc - 0x8
core   0: 3 0x800111c4 (0xff9ff06f)
core   0: 0x800111bc (0x00002f17) auipc   t5, 0x2
core   0: 3 0x800111bc (0x00002f17) x30 0x800131bc
core   0: 0x800111c0 (0xe43f2223) sw      gp, -444(t5)
core   0: 3 0x800111c0 (0xe43f2223) mem 0x80013000 0x00000001
core   0: 0x800111c4 (0xff9ff06f) j       pc - 0x8
core   0: 3 0x800111c4 (0xff9ff06f)
core   0: 0x800111bc (0x00002f17) auipc   t5, 0x2
core   0: 3 0x800111bc (0x00002f17) x30 0x800131bc
core   0: 0x800111c0 (0xe43f2223) sw      gp, -444(t5)
core   0: 3 0x800111c0 (0xe43f2223) mem 0x80013000 0x00000001
core   0: 0x800111c4 (0xff9ff06f) j       pc - 0x8
core   0: 3 0x800111c4 (0xff9ff06f)
core   0: 0x800111bc (0x00002f17) auipc   t5, 0x2
core   0: 3 0x800111bc (0x00002f17) x30 0x800131bc
core   0: 0x800111c0 (0xe43f2223) sw      gp, -444(t5)
core   0: 3 0x800111c0 (0xe43f2223) mem 0x80013000 0x00000001
core   0: 0x800111c4 (0xff9ff06f) j       pc - 0x8
core   0: 3 0x800111c4 (0xff9ff06f)
core   0: 0x800111bc (0x00002f17) auipc   t5, 0x2
core   0: 3 0x800111bc (0x00002f17) x30 0x800131bc
core   0: 0x800111c0 (0xe43f2223) sw      gp, -444(t5)
core   0: 3 0x800111c0 (0xe43f2223) mem 0x80013000 0x00000001
core   0: 0x800111c4 (0xff9ff06f) j       pc - 0x8
core   0: 3 0x800111c4 (0xff9ff06f)
core   0: 0x800111bc (0x00002f17) auipc   t5, 0x2
core   0: 3 0x800111bc (0x00002f17) x30 0x800131bc
core   0: 0x800111c0 (0xe43f2223) sw      gp, -444(t5)
core   0: 3 0x800111c0 (0xe43f2223) mem 0x80013000 0x00000001
core   0: 0x800111c4 (0xff9ff06f) j       pc - 0x8
core   0: 3 0x800111c4 (0xff9ff06f)
core   0: 0x800111bc (0x00002f17) auipc   t5, 0x2
core   0: 3 0x800111bc (0x00002f17) x30 0x800131bc
core   0: 0x800111c0 (0xe43f2223) sw      gp, -444(t5)
core   0: 3 0x800111c0 (0xe43f2223) mem 0x80013000 0x00000001
core   0: 0x800111c4 (0xff9ff06f) j       pc - 0x8
core   0: 3 0x800111c4 (0xff9ff06f)
core   0: 0x800111bc (0x00002f17) auipc   t5, 0x2
core   0: 3 0x800111bc (0x00002f17) x30 0x800131bc
core   0: 0x800111c0 (0xe43f2223) sw      gp, -444(t5)
core   0: 3 0x800111c0 (0xe43f2223) mem 0x80013000 0x00000001
core   0: 0x800111c4 (0xff9ff06f) j       pc - 0x8
core   0: 3 0x800111c4 (0xff9ff06f)
core   0: 0x800111bc (0x00002f17) auipc   t5, 0x2
core   0: 3 0x800111bc (0x00002f17) x30 0x800131bc
core   0: 0x800111c0 (0xe43f2223) sw      gp, -444(t5)
core   0: 3 0x800111c0 (0xe43f2223) mem 0x80013000 0x00000001
core   0: 0x800111c4 (0xff9ff06f) j       pc - 0x8
core   0: 3 0x800111c4 (0xff9ff06f)
core   0: 0x800111bc (0x00002f17) auipc   t5, 0x2
core   0: 3 0x800111bc (0x00002f17) x30 0x800131bc
core   0: 0x800111c0 (0xe43f2223) sw      gp, -444(t5)
core   0: 3 0x800111c0 (0xe43f2223) mem 0x80013000 0x00000001
core   0: 0x800111c4 (0xff9ff06f) j       pc - 0x8
core   0: 3 0x800111c4 (0xff9ff06f)
core   0: 0x800111bc (0x00002f17) auipc   t5, 0x2
core   0: 3 0x800111bc (0x00002f17) x30 0x800131bc
core   0: 0x800111c0 (0xe43f2223) sw      gp, -444(t5)
core   0: 3 0x800111c0 (0xe43f2223) mem 0x80013000 0x00000001
core   0: 0x800111c4 (0xff9ff06f) j       pc - 0x8
core   0: 3 0x800111c4 (0xff9ff06f)
core   0: 0x800111bc (0x00002f17) auipc   t5, 0x2
core   0: 3 0x800111bc (0x00002f17) x30 0x800131bc
core   0: 0x800111c0 (0xe43f2223) sw      gp, -444(t5)
core   0: 3 0x800111c0 (0xe43f2223) mem 0x80013000 0x00000001
core   0: 0x800111c4 (0xff9ff06f) j       pc - 0x8
core   0: 3 0x800111c4 (0xff9ff06f)
core   0: 0x800111bc (0x00002f17) auipc   t5, 0x2
core   0: 3 0x800111bc (0x00002f17) x30 0x800131bc
core   0: 0x800111c0 (0xe43f2223) sw      gp, -444(t5)
core   0: 3 0x800111c0 (0xe43f2223) mem 0x80013000 0x00000001
core   0: 0x800111c4 (0xff9ff06f) j       pc - 0x8
core   0: 3 0x800111c4 (0xff9ff06f)
core   0: 0x800111bc (0x00002f17) auipc   t5, 0x2
core   0: 3 0x800111bc (0x00002f17) x30 0x800131bc
core   0: 0x800111c0 (0xe43f2223) sw      gp, -444(t5)
core   0: 3 0x800111c0 (0xe43f2223) mem 0x80013000 0x00000001
core   0: 0x800111c4 (0xff9ff06f) j       pc - 0x8
core   0: 3 0x800111c4 (0xff9ff06f)
core   0: 0x800111bc (0x00002f17) auipc   t5, 0x2
core   0: 3 0x800111bc (0x00002f17) x30 0x800131bc
core   0: 0x800111c0 (0xe43f2223) sw      gp, -444(t5)
core   0: 3 0x800111c0 (0xe43f2223) mem 0x80013000 0x00000001
core   0: 0x800111c4 (0xff9ff06f) j       pc - 0x8
core   0: 3 0x800111c4 (0xff9ff06f)
core   0: 0x800111bc (0x00002f17) auipc   t5, 0x2
core   0: 3 0x800111bc (0x00002f17) x30 0x800131bc
core   0: 0x800111c0 (0xe43f2223) sw      gp, -444(t5)
core   0: 3 0x800111c0 (0xe43f2223) mem 0x80013000 0x00000001
core   0: 0x800111c4 (0xff9ff06f) j       pc - 0x8
core   0: 3 0x800111c4 (0xff9ff06f)
core   0: 0x800111bc (0x00002f17) auipc   t5, 0x2
core   0: 3 0x800111bc (0x00002f17) x30 0x800131bc
core   0: 0x800111c0 (0xe43f2223) sw      gp, -444(t5)
core   0: 3 0x800111c0 (0xe43f2223) mem 0x80013000 0x00000001
core   0: 0x800111c4 (0xff9ff06f) j       pc - 0x8
core   0: 3 0x800111c4 (0xff9ff06f)
core   0: 0x800111bc (0x00002f17) auipc   t5, 0x2
core   0: 3 0x800111bc (0x00002f17) x30 0x800131bc
core   0: 0x800111c0 (0xe43f2223) sw      gp, -444(t5)
core   0: 3 0x800111c0 (0xe43f2223) mem 0x80013000 0x00000001
core   0: 0x800111c4 (0xff9ff06f) j       pc - 0x8
core   0: 3 0x800111c4 (0xff9ff06f)
core   0: 0x800111bc (0x00002f17) auipc   t5, 0x2
core   0: 3 0x800111bc (0x00002f17) x30 0x800131bc
core   0: 0x800111c0 (0xe43f2223) sw      gp, -444(t5)
core   0: 3 0x800111c0 (0xe43f2223) mem 0x80013000 0x00000001
core   0: 0x800111c4 (0xff9ff06f) j       pc - 0x8
core   0: 3 0x800111c4 (0xff9ff06f)
core   0: 0x800111bc (0x00002f17) auipc   t5, 0x2
core   0: 3 0x800111bc (0x00002f17) x30 0x800131bc
core   0: 0x800111c0 (0xe43f2223) sw      gp, -444(t5)
core   0: 3 0x800111c0 (0xe43f2223) mem 0x80013000 0x00000001
core   0: 0x800111c4 (0xff9ff06f) j       pc - 0x8
core   0: 3 0x800111c4 (0xff9ff06f)
core   0: 0x800111bc (0x00002f17) auipc   t5, 0x2
core   0: 3 0x800111bc (0x00002f17) x30 0x800131bc
core   0: 0x800111c0 (0xe43f2223) sw      gp, -444(t5)
core   0: 3 0x800111c0 (0xe43f2223) mem 0x80013000 0x00000001
core   0: 0x800111c4 (0xff9ff06f) j       pc - 0x8
core   0: 3 0x800111c4 (0xff9ff06f)
core   0: 0x800111bc (0x00002f17) auipc   t5, 0x2
core   0: 3 0x800111bc (0x00002f17) x30 0x800131bc
core   0: 0x800111c0 (0xe43f2223) sw      gp, -444(t5)
core   0: 3 0x800111c0 (0xe43f2223) mem 0x80013000 0x00000001
core   0: 0x800111c4 (0xff9ff06f) j       pc - 0x8
core   0: 3 0x800111c4 (0xff9ff06f)
core   0: 0x800111bc (0x00002f17) auipc   t5, 0x2
core   0: 3 0x800111bc (0x00002f17) x30 0x800131bc
core   0: 0x800111c0 (0xe43f2223) sw      gp, -444(t5)
core   0: 3 0x800111c0 (0xe43f2223) mem 0x80013000 0x00000001
core   0: 0x800111c4 (0xff9ff06f) j       pc - 0x8
core   0: 3 0x800111c4 (0xff9ff06f)
core   0: 0x800111bc (0x00002f17) auipc   t5, 0x2
core   0: 3 0x800111bc (0x00002f17) x30 0x800131bc
core   0: 0x800111c0 (0xe43f2223) sw      gp, -444(t5)
core   0: 3 0x800111c0 (0xe43f2223) mem 0x80013000 0x00000001
core   0: 0x800111c4 (0xff9ff06f) j       pc - 0x8
core   0: 3 0x800111c4 (0xff9ff06f)
core   0: 0x800111bc (0x00002f17) auipc   t5, 0x2
core   0: 3 0x800111bc (0x00002f17) x30 0x800131bc
core   0: 0x800111c0 (0xe43f2223) sw      gp, -444(t5)
core   0: 3 0x800111c0 (0xe43f2223) mem 0x80013000 0x00000001
core   0: 0x800111c4 (0xff9ff06f) j       pc - 0x8
core   0: 3 0x800111c4 (0xff9ff06f)
core   0: 0x800111bc (0x00002f17) auipc   t5, 0x2
core   0: 3 0x800111bc (0x00002f17) x30 0x800131bc
core   0: 0x800111c0 (0xe43f2223) sw      gp, -444(t5)
core   0: 3 0x800111c0 (0xe43f2223) mem 0x80013000 0x00000001
core   0: 0x800111c4 (0xff9ff06f) j       pc - 0x8
core   0: 3 0x800111c4 (0xff9ff06f)
core   0: 0x800111bc (0x00002f17) auipc   t5, 0x2
core   0: 3 0x800111bc (0x00002f17) x30 0x800131bc
core   0: 0x800111c0 (0xe43f2223) sw      gp, -444(t5)
core   0: 3 0x800111c0 (0xe43f2223) mem 0x80013000 0x00000001
core   0: 0x800111c4 (0xff9ff06f) j       pc - 0x8
core   0: 3 0x800111c4 (0xff9ff06f)
core   0: 0x800111bc (0x00002f17) auipc   t5, 0x2
core   0: 3 0x800111bc (0x00002f17) x30 0x800131bc
core   0: 0x800111c0 (0xe43f2223) sw      gp, -444(t5)
core   0: 3 0x800111c0 (0xe43f2223) mem 0x80013000 0x00000001
core   0: 0x800111c4 (0xff9ff06f) j       pc - 0x8
core   0: 3 0x800111c4 (0xff9ff06f)
core   0: 0x800111bc (0x00002f17) auipc   t5, 0x2
core   0: 3 0x800111bc (0x00002f17) x30 0x800131bc
core   0: 0x800111c0 (0xe43f2223) sw      gp, -444(t5)
core   0: 3 0x800111c0 (0xe43f2223) mem 0x80013000 0x00000001
core   0: 0x800111c4 (0xff9ff06f) j       pc - 0x8
core   0: 3 0x800111c4 (0xff9ff06f)
core   0: 0x800111bc (0x00002f17) auipc   t5, 0x2
core   0: 3 0x800111bc (0x00002f17) x30 0x800131bc
core   0: 0x800111c0 (0xe43f2223) sw      gp, -444(t5)
core   0: 3 0x800111c0 (0xe43f2223) mem 0x80013000 0x00000001
core   0: 0x800111c4 (0xff9ff06f) j       pc - 0x8
core   0: 3 0x800111c4 (0xff9ff06f)
core   0: 0x800111bc (0x00002f17) auipc   t5, 0x2
core   0: 3 0x800111bc (0x00002f17) x30 0x800131bc
core   0: 0x800111c0 (0xe43f2223) sw      gp, -444(t5)
core   0: 3 0x800111c0 (0xe43f2223) mem 0x80013000 0x00000001
core   0: 0x800111c4 (0xff9ff06f) j       pc - 0x8
core   0: 3 0x800111c4 (0xff9ff06f)
core   0: 0x800111bc (0x00002f17) auipc   t5, 0x2
core   0: 3 0x800111bc (0x00002f17) x30 0x800131bc
core   0: 0x800111c0 (0xe43f2223) sw      gp, -444(t5)
core   0: 3 0x800111c0 (0xe43f2223) mem 0x80013000 0x00000001
core   0: 0x800111c4 (0xff9ff06f) j       pc - 0x8
core   0: 3 0x800111c4 (0xff9ff06f)
core   0: 0x800111bc (0x00002f17) auipc   t5, 0x2
core   0: 3 0x800111bc (0x00002f17) x30 0x800131bc
core   0: 0x800111c0 (0xe43f2223) sw      gp, -444(t5)
core   0: 3 0x800111c0 (0xe43f2223) mem 0x80013000 0x00000001
core   0: 0x800111c4 (0xff9ff06f) j       pc - 0x8
core   0: 3 0x800111c4 (0xff9ff06f)
core   0: 0x800111bc (0x00002f17) auipc   t5, 0x2
core   0: 3 0x800111bc (0x00002f17) x30 0x800131bc
core   0: 0x800111c0 (0xe43f2223) sw      gp, -444(t5)
core   0: 3 0x800111c0 (0xe43f2223) mem 0x80013000 0x00000001
core   0: 0x800111c4 (0xff9ff06f) j       pc - 0x8
core   0: 3 0x800111c4 (0xff9ff06f)
core   0: 0x800111bc (0x00002f17) auipc   t5, 0x2
core   0: 3 0x800111bc (0x00002f17) x30 0x800131bc
core   0: 0x800111c0 (0xe43f2223) sw      gp, -444(t5)
core   0: 3 0x800111c0 (0xe43f2223) mem 0x80013000 0x00000001
core   0: 0x800111c4 (0xff9ff06f) j       pc - 0x8
core   0: 3 0x800111c4 (0xff9ff06f)
core   0: 0x800111bc (0x00002f17) auipc   t5, 0x2
core   0: 3 0x800111bc (0x00002f17) x30 0x800131bc
core   0: 0x800111c0 (0xe43f2223) sw      gp, -444(t5)
core   0: 3 0x800111c0 (0xe43f2223) mem 0x80013000 0x00000001
core   0: 0x800111c4 (0xff9ff06f) j       pc - 0x8
core   0: 3 0x800111c4 (0xff9ff06f)
core   0: 0x800111bc (0x00002f17) auipc   t5, 0x2
core   0: 3 0x800111bc (0x00002f17) x30 0x800131bc
core   0: 0x800111c0 (0xe43f2223) sw      gp, -444(t5)
core   0: 3 0x800111c0 (0xe43f2223) mem 0x80013000 0x00000001
core   0: 0x800111c4 (0xff9ff06f) j       pc - 0x8
core   0: 3 0x800111c4 (0xff9ff06f)
core   0: 0x800111bc (0x00002f17) auipc   t5, 0x2
core   0: 3 0x800111bc (0x00002f17) x30 0x800131bc
core   0: 0x800111c0 (0xe43f2223) sw      gp, -444(t5)
core   0: 3 0x800111c0 (0xe43f2223) mem 0x80013000 0x00000001
core   0: 0x800111c4 (0xff9ff06f) j       pc - 0x8
core   0: 3 0x800111c4 (0xff9ff06f)
core   0: 0x800111bc (0x00002f17) auipc   t5, 0x2
core   0: 3 0x800111bc (0x00002f17) x30 0x800131bc
core   0: 0x800111c0 (0xe43f2223) sw      gp, -444(t5)
core   0: 3 0x800111c0 (0xe43f2223) mem 0x80013000 0x00000001
core   0: 0x800111c4 (0xff9ff06f) j       pc - 0x8
core   0: 3 0x800111c4 (0xff9ff06f)
core   0: 0x800111bc (0x00002f17) auipc   t5, 0x2
core   0: 3 0x800111bc (0x00002f17) x30 0x800131bc
core   0: 0x800111c0 (0xe43f2223) sw      gp, -444(t5)
core   0: 3 0x800111c0 (0xe43f2223) mem 0x80013000 0x00000001
core   0: 0x800111c4 (0xff9ff06f) j       pc - 0x8
core   0: 3 0x800111c4 (0xff9ff06f)
core   0: 0x800111bc (0x00002f17) auipc   t5, 0x2
core   0: 3 0x800111bc (0x00002f17) x30 0x800131bc
core   0: 0x800111c0 (0xe43f2223) sw      gp, -444(t5)
core   0: 3 0x800111c0 (0xe43f2223) mem 0x80013000 0x00000001
core   0: 0x800111c4 (0xff9ff06f) j       pc - 0x8
core   0: 3 0x800111c4 (0xff9ff06f)
core   0: 0x800111bc (0x00002f17) auipc   t5, 0x2
core   0: 3 0x800111bc (0x00002f17) x30 0x800131bc
core   0: 0x800111c0 (0xe43f2223) sw      gp, -444(t5)
core   0: 3 0x800111c0 (0xe43f2223) mem 0x80013000 0x00000001
core   0: 0x800111c4 (0xff9ff06f) j       pc - 0x8
core   0: 3 0x800111c4 (0xff9ff06f)
core   0: 0x800111bc (0x00002f17) auipc   t5, 0x2
core   0: 3 0x800111bc (0x00002f17) x30 0x800131bc
core   0: 0x800111c0 (0xe43f2223) sw      gp, -444(t5)
core   0: 3 0x800111c0 (0xe43f2223) mem 0x80013000 0x00000001
core   0: 0x800111c4 (0xff9ff06f) j       pc - 0x8
core   0: 3 0x800111c4 (0xff9ff06f)
core   0: 0x800111bc (0x00002f17) auipc   t5, 0x2
core   0: 3 0x800111bc (0x00002f17) x30 0x800131bc
core   0: 0x800111c0 (0xe43f2223) sw      gp, -444(t5)
core   0: 3 0x800111c0 (0xe43f2223) mem 0x80013000 0x00000001
core   0: 0x800111c4 (0xff9ff06f) j       pc - 0x8
core   0: 3 0x800111c4 (0xff9ff06f)
core   0: 0x800111bc (0x00002f17) auipc   t5, 0x2
core   0: 3 0x800111bc (0x00002f17) x30 0x800131bc
core   0: 0x800111c0 (0xe43f2223) sw      gp, -444(t5)
core   0: 3 0x800111c0 (0xe43f2223) mem 0x80013000 0x00000001
core   0: 0x800111c4 (0xff9ff06f) j       pc - 0x8
core   0: 3 0x800111c4 (0xff9ff06f)
core   0: 0x800111bc (0x00002f17) auipc   t5, 0x2
core   0: 3 0x800111bc (0x00002f17) x30 0x800131bc
core   0: 0x800111c0 (0xe43f2223) sw      gp, -444(t5)
core   0: 3 0x800111c0 (0xe43f2223) mem 0x80013000 0x00000001
core   0: 0x800111c4 (0xff9ff06f) j       pc - 0x8
core   0: 3 0x800111c4 (0xff9ff06f)
core   0: 0x800111bc (0x00002f17) auipc   t5, 0x2
core   0: 3 0x800111bc (0x00002f17) x30 0x800131bc
core   0: 0x800111c0 (0xe43f2223) sw      gp, -444(t5)
core   0: 3 0x800111c0 (0xe43f2223) mem 0x80013000 0x00000001
core   0: 0x800111c4 (0xff9ff06f) j       pc - 0x8
core   0: 3 0x800111c4 (0xff9ff06f)
core   0: 0x800111bc (0x00002f17) auipc   t5, 0x2
core   0: 3 0x800111bc (0x00002f17) x30 0x800131bc
core   0: 0x800111c0 (0xe43f2223) sw      gp, -444(t5)
core   0: 3 0x800111c0 (0xe43f2223) mem 0x80013000 0x00000001
core   0: 0x800111c4 (0xff9ff06f) j       pc - 0x8
core   0: 3 0x800111c4 (0xff9ff06f)
core   0: 0x800111bc (0x00002f17) auipc   t5, 0x2
core   0: 3 0x800111bc (0x00002f17) x30 0x800131bc
core   0: 0x800111c0 (0xe43f2223) sw      gp, -444(t5)
core   0: 3 0x800111c0 (0xe43f2223) mem 0x80013000 0x00000001
core   0: 0x800111c4 (0xff9ff06f) j       pc - 0x8
core   0: 3 0x800111c4 (0xff9ff06f)
core   0: 0x800111bc (0x00002f17) auipc   t5, 0x2
core   0: 3 0x800111bc (0x00002f17) x30 0x800131bc
core   0: 0x800111c0 (0xe43f2223) sw      gp, -444(t5)
core   0: 3 0x800111c0 (0xe43f2223) mem 0x80013000 0x00000001
core   0: 0x800111c4 (0xff9ff06f) j       pc - 0x8
core   0: 3 0x800111c4 (0xff9ff06f)
core   0: 0x800111bc (0x00002f17) auipc   t5, 0x2
core   0: 3 0x800111bc (0x00002f17) x30 0x800131bc
core   0: 0x800111c0 (0xe43f2223) sw      gp, -444(t5)
core   0: 3 0x800111c0 (0xe43f2223) mem 0x80013000 0x00000001
core   0: 0x800111c4 (0xff9ff06f) j       pc - 0x8
core   0: 3 0x800111c4 (0xff9ff06f)
core   0: 0x800111bc (0x00002f17) auipc   t5, 0x2
core   0: 3 0x800111bc (0x00002f17) x30 0x800131bc
core   0: 0x800111c0 (0xe43f2223) sw      gp, -444(t5)
core   0: 3 0x800111c0 (0xe43f2223) mem 0x80013000 0x00000001
core   0: 0x800111c4 (0xff9ff06f) j       pc - 0x8
core   0: 3 0x800111c4 (0xff9ff06f)
core   0: 0x800111bc (0x00002f17) auipc   t5, 0x2
core   0: 3 0x800111bc (0x00002f17) x30 0x800131bc
core   0: 0x800111c0 (0xe43f2223) sw      gp, -444(t5)
core   0: 3 0x800111c0 (0xe43f2223) mem 0x80013000 0x00000001
core   0: 0x800111c4 (0xff9ff06f) j       pc - 0x8
core   0: 3 0x800111c4 (0xff9ff06f)
core   0: 0x800111bc (0x00002f17) auipc   t5, 0x2
core   0: 3 0x800111bc (0x00002f17) x30 0x800131bc
core   0: 0x800111c0 (0xe43f2223) sw      gp, -444(t5)
core   0: 3 0x800111c0 (0xe43f2223) mem 0x80013000 0x00000001
core   0: 0x800111c4 (0xff9ff06f) j       pc - 0x8
core   0: 3 0x800111c4 (0xff9ff06f)
core   0: 0x800111bc (0x00002f17) auipc   t5, 0x2
core   0: 3 0x800111bc (0x00002f17) x30 0x800131bc
core   0: 0x800111c0 (0xe43f2223) sw      gp, -444(t5)
core   0: 3 0x800111c0 (0xe43f2223) mem 0x80013000 0x00000001
core   0: 0x800111c4 (0xff9ff06f) j       pc - 0x8
core   0: 3 0x800111c4 (0xff9ff06f)
core   0: 0x800111bc (0x00002f17) auipc   t5, 0x2
core   0: 3 0x800111bc (0x00002f17) x30 0x800131bc
core   0: 0x800111c0 (0xe43f2223) sw      gp, -444(t5)
core   0: 3 0x800111c0 (0xe43f2223) mem 0x80013000 0x00000001
core   0: 0x800111c4 (0xff9ff06f) j       pc - 0x8
core   0: 3 0x800111c4 (0xff9ff06f)
core   0: 0x800111bc (0x00002f17) auipc   t5, 0x2
core   0: 3 0x800111bc (0x00002f17) x30 0x800131bc
core   0: 0x800111c0 (0xe43f2223) sw      gp, -444(t5)
core   0: 3 0x800111c0 (0xe43f2223) mem 0x80013000 0x00000001
core   0: 0x800111c4 (0xff9ff06f) j       pc - 0x8
core   0: 3 0x800111c4 (0xff9ff06f)
core   0: 0x800111bc (0x00002f17) auipc   t5, 0x2
core   0: 3 0x800111bc (0x00002f17) x30 0x800131bc
core   0: 0x800111c0 (0xe43f2223) sw      gp, -444(t5)
core   0: 3 0x800111c0 (0xe43f2223) mem 0x80013000 0x00000001
core   0: 0x800111c4 (0xff9ff06f) j       pc - 0x8
core   0: 3 0x800111c4 (0xff9ff06f)
core   0: 0x800111bc (0x00002f17) auipc   t5, 0x2
core   0: 3 0x800111bc (0x00002f17) x30 0x800131bc
core   0: 0x800111c0 (0xe43f2223) sw      gp, -444(t5)
core   0: 3 0x800111c0 (0xe43f2223) mem 0x80013000 0x00000001
core   0: 0x800111c4 (0xff9ff06f) j       pc - 0x8
core   0: 3 0x800111c4 (0xff9ff06f)
core   0: 0x800111bc (0x00002f17) auipc   t5, 0x2
core   0: 3 0x800111bc (0x00002f17) x30 0x800131bc
core   0: 0x800111c0 (0xe43f2223) sw      gp, -444(t5)
core   0: 3 0x800111c0 (0xe43f2223) mem 0x80013000 0x00000001
core   0: 0x800111c4 (0xff9ff06f) j       pc - 0x8
core   0: 3 0x800111c4 (0xff9ff06f)
core   0: 0x800111bc (0x00002f17) auipc   t5, 0x2
core   0: 3 0x800111bc (0x00002f17) x30 0x800131bc
core   0: 0x800111c0 (0xe43f2223) sw      gp, -444(t5)
core   0: 3 0x800111c0 (0xe43f2223) mem 0x80013000 0x00000001
core   0: 0x800111c4 (0xff9ff06f) j       pc - 0x8
core   0: 3 0x800111c4 (0xff9ff06f)
core   0: 0x800111bc (0x00002f17) auipc   t5, 0x2
core   0: 3 0x800111bc (0x00002f17) x30 0x800131bc
core   0: 0x800111c0 (0xe43f2223) sw      gp, -444(t5)
core   0: 3 0x800111c0 (0xe43f2223) mem 0x80013000 0x00000001
core   0: 0x800111c4 (0xff9ff06f) j       pc - 0x8
core   0: 3 0x800111c4 (0xff9ff06f)
core   0: 0x800111bc (0x00002f17) auipc   t5, 0x2
core   0: 3 0x800111bc (0x00002f17) x30 0x800131bc
core   0: 0x800111c0 (0xe43f2223) sw      gp, -444(t5)
core   0: 3 0x800111c0 (0xe43f2223) mem 0x80013000 0x00000001
core   0: 0x800111c4 (0xff9ff06f) j       pc - 0x8
core   0: 3 0x800111c4 (0xff9ff06f)
core   0: 0x800111bc (0x00002f17) auipc   t5, 0x2
core   0: 3 0x800111bc (0x00002f17) x30 0x800131bc
core   0: 0x800111c0 (0xe43f2223) sw      gp, -444(t5)
core   0: 3 0x800111c0 (0xe43f2223) mem 0x80013000 0x00000001
core   0: 0x800111c4 (0xff9ff06f) j       pc - 0x8
core   0: 3 0x800111c4 (0xff9ff06f)
core   0: 0x800111bc (0x00002f17) auipc   t5, 0x2
core   0: 3 0x800111bc (0x00002f17) x30 0x800131bc
core   0: 0x800111c0 (0xe43f2223) sw      gp, -444(t5)
core   0: 3 0x800111c0 (0xe43f2223) mem 0x80013000 0x00000001
core   0: 0x800111c4 (0xff9ff06f) j       pc - 0x8
core   0: 3 0x800111c4 (0xff9ff06f)
core   0: 0x800111bc (0x00002f17) auipc   t5, 0x2
core   0: 3 0x800111bc (0x00002f17) x30 0x800131bc
core   0: 0x800111c0 (0xe43f2223) sw      gp, -444(t5)
core   0: 3 0x800111c0 (0xe43f2223) mem 0x80013000 0x00000001
core   0: 0x800111c4 (0xff9ff06f) j       pc - 0x8
core   0: 3 0x800111c4 (0xff9ff06f)
core   0: 0x800111bc (0x00002f17) auipc   t5, 0x2
core   0: 3 0x800111bc (0x00002f17) x30 0x800131bc
core   0: 0x800111c0 (0xe43f2223) sw      gp, -444(t5)
core   0: 3 0x800111c0 (0xe43f2223) mem 0x80013000 0x00000001
core   0: 0x800111c4 (0xff9ff06f) j       pc - 0x8
core   0: 3 0x800111c4 (0xff9ff06f)
core   0: 0x800111bc (0x00002f17) auipc   t5, 0x2
core   0: 3 0x800111bc (0x00002f17) x30 0x800131bc
core   0: 0x800111c0 (0xe43f2223) sw      gp, -444(t5)
core   0: 3 0x800111c0 (0xe43f2223) mem 0x80013000 0x00000001
core   0: 0x800111c4 (0xff9ff06f) j       pc - 0x8
core   0: 3 0x800111c4 (0xff9ff06f)
core   0: 0x800111bc (0x00002f17) auipc   t5, 0x2
core   0: 3 0x800111bc (0x00002f17) x30 0x800131bc
core   0: 0x800111c0 (0xe43f2223) sw      gp, -444(t5)
core   0: 3 0x800111c0 (0xe43f2223) mem 0x80013000 0x00000001
core   0: 0x800111c4 (0xff9ff06f) j       pc - 0x8
core   0: 3 0x800111c4 (0xff9ff06f)
core   0: 0x800111bc (0x00002f17) auipc   t5, 0x2
core   0: 3 0x800111bc (0x00002f17) x30 0x800131bc
core   0: 0x800111c0 (0xe43f2223) sw      gp, -444(t5)
core   0: 3 0x800111c0 (0xe43f2223) mem 0x80013000 0x00000001
core   0: 0x800111c4 (0xff9ff06f) j       pc - 0x8
core   0: 3 0x800111c4 (0xff9ff06f)
core   0: 0x800111bc (0x00002f17) auipc   t5, 0x2
core   0: 3 0x800111bc (0x00002f17) x30 0x800131bc
core   0: 0x800111c0 (0xe43f2223) sw      gp, -444(t5)
core   0: 3 0x800111c0 (0xe43f2223) mem 0x80013000 0x00000001
core   0: 0x800111c4 (0xff9ff06f) j       pc - 0x8
core   0: 3 0x800111c4 (0xff9ff06f)
core   0: 0x800111bc (0x00002f17) auipc   t5, 0x2
core   0: 3 0x800111bc (0x00002f17) x30 0x800131bc
core   0: 0x800111c0 (0xe43f2223) sw      gp, -444(t5)
core   0: 3 0x800111c0 (0xe43f2223) mem 0x80013000 0x00000001
core   0: 0x800111c4 (0xff9ff06f) j       pc - 0x8
core   0: 3 0x800111c4 (0xff9ff06f)
core   0: 0x800111bc (0x00002f17) auipc   t5, 0x2
core   0: 3 0x800111bc (0x00002f17) x30 0x800131bc
core   0: 0x800111c0 (0xe43f2223) sw      gp, -444(t5)
core   0: 3 0x800111c0 (0xe43f2223) mem 0x80013000 0x00000001
core   0: 0x800111c4 (0xff9ff06f) j       pc - 0x8
core   0: 3 0x800111c4 (0xff9ff06f)
core   0: 0x800111bc (0x00002f17) auipc   t5, 0x2
core   0: 3 0x800111bc (0x00002f17) x30 0x800131bc
core   0: 0x800111c0 (0xe43f2223) sw      gp, -444(t5)
core   0: 3 0x800111c0 (0xe43f2223) mem 0x80013000 0x00000001
core   0: 0x800111c4 (0xff9ff06f) j       pc - 0x8
core   0: 3 0x800111c4 (0xff9ff06f)
core   0: 0x800111bc (0x00002f17) auipc   t5, 0x2
core   0: 3 0x800111bc (0x00002f17) x30 0x800131bc
core   0: 0x800111c0 (0xe43f2223) sw      gp, -444(t5)
core   0: 3 0x800111c0 (0xe43f2223) mem 0x80013000 0x00000001
core   0: 0x800111c4 (0xff9ff06f) j       pc - 0x8
core   0: 3 0x800111c4 (0xff9ff06f)
core   0: 0x800111bc (0x00002f17) auipc   t5, 0x2
core   0: 3 0x800111bc (0x00002f17) x30 0x800131bc
core   0: 0x800111c0 (0xe43f2223) sw      gp, -444(t5)
core   0: 3 0x800111c0 (0xe43f2223) mem 0x80013000 0x00000001
core   0: 0x800111c4 (0xff9ff06f) j       pc - 0x8
core   0: 3 0x800111c4 (0xff9ff06f)
core   0: 0x800111bc (0x00002f17) auipc   t5, 0x2
core   0: 3 0x800111bc (0x00002f17) x30 0x800131bc
core   0: 0x800111c0 (0xe43f2223) sw      gp, -444(t5)
core   0: 3 0x800111c0 (0xe43f2223) mem 0x80013000 0x00000001
core   0: 0x800111c4 (0xff9ff06f) j       pc - 0x8
core   0: 3 0x800111c4 (0xff9ff06f)
core   0: 0x800111bc (0x00002f17) auipc   t5, 0x2
core   0: 3 0x800111bc (0x00002f17) x30 0x800131bc
core   0: 0x800111c0 (0xe43f2223) sw      gp, -444(t5)
core   0: 3 0x800111c0 (0xe43f2223) mem 0x80013000 0x00000001
core   0: 0x800111c4 (0xff9ff06f) j       pc - 0x8
core   0: 3 0x800111c4 (0xff9ff06f)
core   0: 0x800111bc (0x00002f17) auipc   t5, 0x2
core   0: 3 0x800111bc (0x00002f17) x30 0x800131bc
core   0: 0x800111c0 (0xe43f2223) sw      gp, -444(t5)
core   0: 3 0x800111c0 (0xe43f2223) mem 0x80013000 0x00000001
core   0: 0x800111c4 (0xff9ff06f) j       pc - 0x8
core   0: 3 0x800111c4 (0xff9ff06f)
core   0: 0x800111bc (0x00002f17) auipc   t5, 0x2
core   0: 3 0x800111bc (0x00002f17) x30 0x800131bc
core   0: 0x800111c0 (0xe43f2223) sw      gp, -444(t5)
core   0: 3 0x800111c0 (0xe43f2223) mem 0x80013000 0x00000001
core   0: 0x800111c4 (0xff9ff06f) j       pc - 0x8
core   0: 3 0x800111c4 (0xff9ff06f)
core   0: 0x800111bc (0x00002f17) auipc   t5, 0x2
core   0: 3 0x800111bc (0x00002f17) x30 0x800131bc
core   0: 0x800111c0 (0xe43f2223) sw      gp, -444(t5)
core   0: 3 0x800111c0 (0xe43f2223) mem 0x80013000 0x00000001
core   0: 0x800111c4 (0xff9ff06f) j       pc - 0x8
core   0: 3 0x800111c4 (0xff9ff06f)
core   0: 0x800111bc (0x00002f17) auipc   t5, 0x2
core   0: 3 0x800111bc (0x00002f17) x30 0x800131bc
core   0: 0x800111c0 (0xe43f2223) sw      gp, -444(t5)
core   0: 3 0x800111c0 (0xe43f2223) mem 0x80013000 0x00000001
core   0: 0x800111c4 (0xff9ff06f) j       pc - 0x8
core   0: 3 0x800111c4 (0xff9ff06f)
core   0: 0x800111bc (0x00002f17) auipc   t5, 0x2
core   0: 3 0x800111bc (0x00002f17) x30 0x800131bc
core   0: 0x800111c0 (0xe43f2223) sw      gp, -444(t5)
core   0: 3 0x800111c0 (0xe43f2223) mem 0x80013000 0x00000001
core   0: 0x800111c4 (0xff9ff06f) j       pc - 0x8
core   0: 3 0x800111c4 (0xff9ff06f)
core   0: 0x800111bc (0x00002f17) auipc   t5, 0x2
core   0: 3 0x800111bc (0x00002f17) x30 0x800131bc
core   0: 0x800111c0 (0xe43f2223) sw      gp, -444(t5)
core   0: 3 0x800111c0 (0xe43f2223) mem 0x80013000 0x00000001
core   0: 0x800111c4 (0xff9ff06f) j       pc - 0x8
core   0: 3 0x800111c4 (0xff9ff06f)
core   0: 0x800111bc (0x00002f17) auipc   t5, 0x2
core   0: 3 0x800111bc (0x00002f17) x30 0x800131bc
core   0: 0x800111c0 (0xe43f2223) sw      gp, -444(t5)
core   0: 3 0x800111c0 (0xe43f2223) mem 0x80013000 0x00000001
core   0: 0x800111c4 (0xff9ff06f) j       pc - 0x8
core   0: 3 0x800111c4 (0xff9ff06f)
core   0: 0x800111bc (0x00002f17) auipc   t5, 0x2
core   0: 3 0x800111bc (0x00002f17) x30 0x800131bc
core   0: 0x800111c0 (0xe43f2223) sw      gp, -444(t5)
core   0: 3 0x800111c0 (0xe43f2223) mem 0x80013000 0x00000001
core   0: 0x800111c4 (0xff9ff06f) j       pc - 0x8
core   0: 3 0x800111c4 (0xff9ff06f)
core   0: 0x800111bc (0x00002f17) auipc   t5, 0x2
core   0: 3 0x800111bc (0x00002f17) x30 0x800131bc
core   0: 0x800111c0 (0xe43f2223) sw      gp, -444(t5)
core   0: 3 0x800111c0 (0xe43f2223) mem 0x80013000 0x00000001
core   0: 0x800111c4 (0xff9ff06f) j       pc - 0x8
core   0: 3 0x800111c4 (0xff9ff06f)
core   0: 0x800111bc (0x00002f17) auipc   t5, 0x2
core   0: 3 0x800111bc (0x00002f17) x30 0x800131bc
core   0: 0x800111c0 (0xe43f2223) sw      gp, -444(t5)
core   0: 3 0x800111c0 (0xe43f2223) mem 0x80013000 0x00000001
core   0: 0x800111c4 (0xff9ff06f) j       pc - 0x8
core   0: 3 0x800111c4 (0xff9ff06f)
core   0: 0x800111bc (0x00002f17) auipc   t5, 0x2
core   0: 3 0x800111bc (0x00002f17) x30 0x800131bc
core   0: 0x800111c0 (0xe43f2223) sw      gp, -444(t5)
core   0: 3 0x800111c0 (0xe43f2223) mem 0x80013000 0x00000001
core   0: 0x800111c4 (0xff9ff06f) j       pc - 0x8
core   0: 3 0x800111c4 (0xff9ff06f)
core   0: 0x800111bc (0x00002f17) auipc   t5, 0x2
core   0: 3 0x800111bc (0x00002f17) x30 0x800131bc
core   0: 0x800111c0 (0xe43f2223) sw      gp, -444(t5)
core   0: 3 0x800111c0 (0xe43f2223) mem 0x80013000 0x00000001
core   0: 0x800111c4 (0xff9ff06f) j       pc - 0x8
core   0: 3 0x800111c4 (0xff9ff06f)
core   0: 0x800111bc (0x00002f17) auipc   t5, 0x2
core   0: 3 0x800111bc (0x00002f17) x30 0x800131bc
core   0: 0x800111c0 (0xe43f2223) sw      gp, -444(t5)
core   0: 3 0x800111c0 (0xe43f2223) mem 0x80013000 0x00000001
core   0: 0x800111c4 (0xff9ff06f) j       pc - 0x8
core   0: 3 0x800111c4 (0xff9ff06f)
core   0: 0x800111bc (0x00002f17) auipc   t5, 0x2
core   0: 3 0x800111bc (0x00002f17) x30 0x800131bc
core   0: 0x800111c0 (0xe43f2223) sw      gp, -444(t5)
core   0: 3 0x800111c0 (0xe43f2223) mem 0x80013000 0x00000001
core   0: 0x800111c4 (0xff9ff06f) j       pc - 0x8
core   0: 3 0x800111c4 (0xff9ff06f)
core   0: 0x800111bc (0x00002f17) auipc   t5, 0x2
core   0: 3 0x800111bc (0x00002f17) x30 0x800131bc
core   0: 0x800111c0 (0xe43f2223) sw      gp, -444(t5)
core   0: 3 0x800111c0 (0xe43f2223) mem 0x80013000 0x00000001
core   0: 0x800111c4 (0xff9ff06f) j       pc - 0x8
core   0: 3 0x800111c4 (0xff9ff06f)
core   0: 0x800111bc (0x00002f17) auipc   t5, 0x2
core   0: 3 0x800111bc (0x00002f17) x30 0x800131bc
core   0: 0x800111c0 (0xe43f2223) sw      gp, -444(t5)
core   0: 3 0x800111c0 (0xe43f2223) mem 0x80013000 0x00000001
core   0: 0x800111c4 (0xff9ff06f) j       pc - 0x8
core   0: 3 0x800111c4 (0xff9ff06f)
core   0: 0x800111bc (0x00002f17) auipc   t5, 0x2
core   0: 3 0x800111bc (0x00002f17) x30 0x800131bc
core   0: 0x800111c0 (0xe43f2223) sw      gp, -444(t5)
core   0: 3 0x800111c0 (0xe43f2223) mem 0x80013000 0x00000001
core   0: 0x800111c4 (0xff9ff06f) j       pc - 0x8
core   0: 3 0x800111c4 (0xff9ff06f)
core   0: 0x800111bc (0x00002f17) auipc   t5, 0x2
core   0: 3 0x800111bc (0x00002f17) x30 0x800131bc
core   0: 0x800111c0 (0xe43f2223) sw      gp, -444(t5)
core   0: 3 0x800111c0 (0xe43f2223) mem 0x80013000 0x00000001
core   0: 0x800111c4 (0xff9ff06f) j       pc - 0x8
core   0: 3 0x800111c4 (0xff9ff06f)
core   0: 0x800111bc (0x00002f17) auipc   t5, 0x2
core   0: 3 0x800111bc (0x00002f17) x30 0x800131bc
core   0: 0x800111c0 (0xe43f2223) sw      gp, -444(t5)
core   0: 3 0x800111c0 (0xe43f2223) mem 0x80013000 0x00000001
core   0: 0x800111c4 (0xff9ff06f) j       pc - 0x8
core   0: 3 0x800111c4 (0xff9ff06f)
core   0: 0x800111bc (0x00002f17) auipc   t5, 0x2
core   0: 3 0x800111bc (0x00002f17) x30 0x800131bc
core   0: 0x800111c0 (0xe43f2223) sw      gp, -444(t5)
core   0: 3 0x800111c0 (0xe43f2223) mem 0x80013000 0x00000001
core   0: 0x800111c4 (0xff9ff06f) j       pc - 0x8
core   0: 3 0x800111c4 (0xff9ff06f)
core   0: 0x800111bc (0x00002f17) auipc   t5, 0x2
core   0: 3 0x800111bc (0x00002f17) x30 0x800131bc
core   0: 0x800111c0 (0xe43f2223) sw      gp, -444(t5)
core   0: 3 0x800111c0 (0xe43f2223) mem 0x80013000 0x00000001
core   0: 0x800111c4 (0xff9ff06f) j       pc - 0x8
core   0: 3 0x800111c4 (0xff9ff06f)
core   0: 0x800111bc (0x00002f17) auipc   t5, 0x2
core   0: 3 0x800111bc (0x00002f17) x30 0x800131bc
core   0: 0x800111c0 (0xe43f2223) sw      gp, -444(t5)
core   0: 3 0x800111c0 (0xe43f2223) mem 0x80013000 0x00000001
core   0: 0x800111c4 (0xff9ff06f) j       pc - 0x8
core   0: 3 0x800111c4 (0xff9ff06f)
core   0: 0x800111bc (0x00002f17) auipc   t5, 0x2
core   0: 3 0x800111bc (0x00002f17) x30 0x800131bc
core   0: 0x800111c0 (0xe43f2223) sw      gp, -444(t5)
core   0: 3 0x800111c0 (0xe43f2223) mem 0x80013000 0x00000001
core   0: 0x800111c4 (0xff9ff06f) j       pc - 0x8
core   0: 3 0x800111c4 (0xff9ff06f)
core   0: 0x800111bc (0x00002f17) auipc   t5, 0x2
core   0: 3 0x800111bc (0x00002f17) x30 0x800131bc
core   0: 0x800111c0 (0xe43f2223) sw      gp, -444(t5)
core   0: 3 0x800111c0 (0xe43f2223) mem 0x80013000 0x00000001
core   0: 0x800111c4 (0xff9ff06f) j       pc - 0x8
core   0: 3 0x800111c4 (0xff9ff06f)
core   0: 0x800111bc (0x00002f17) auipc   t5, 0x2
core   0: 3 0x800111bc (0x00002f17) x30 0x800131bc
core   0: 0x800111c0 (0xe43f2223) sw      gp, -444(t5)
core   0: 3 0x800111c0 (0xe43f2223) mem 0x80013000 0x00000001
core   0: 0x800111c4 (0xff9ff06f) j       pc - 0x8
core   0: 3 0x800111c4 (0xff9ff06f)
core   0: 0x800111bc (0x00002f17) auipc   t5, 0x2
core   0: 3 0x800111bc (0x00002f17) x30 0x800131bc
core   0: 0x800111c0 (0xe43f2223) sw      gp, -444(t5)
core   0: 3 0x800111c0 (0xe43f2223) mem 0x80013000 0x00000001
core   0: 0x800111c4 (0xff9ff06f) j       pc - 0x8
core   0: 3 0x800111c4 (0xff9ff06f)
core   0: 0x800111bc (0x00002f17) auipc   t5, 0x2
core   0: 3 0x800111bc (0x00002f17) x30 0x800131bc
core   0: 0x800111c0 (0xe43f2223) sw      gp, -444(t5)
core   0: 3 0x800111c0 (0xe43f2223) mem 0x80013000 0x00000001
core   0: 0x800111c4 (0xff9ff06f) j       pc - 0x8
core   0: 3 0x800111c4 (0xff9ff06f)
core   0: 0x800111bc (0x00002f17) auipc   t5, 0x2
core   0: 3 0x800111bc (0x00002f17) x30 0x800131bc
core   0: 0x800111c0 (0xe43f2223) sw      gp, -444(t5)
core   0: 3 0x800111c0 (0xe43f2223) mem 0x80013000 0x00000001
core   0: 0x800111c4 (0xff9ff06f) j       pc - 0x8
core   0: 3 0x800111c4 (0xff9ff06f)
core   0: 0x800111bc (0x00002f17) auipc   t5, 0x2
core   0: 3 0x800111bc (0x00002f17) x30 0x800131bc
core   0: 0x800111c0 (0xe43f2223) sw      gp, -444(t5)
core   0: 3 0x800111c0 (0xe43f2223) mem 0x80013000 0x00000001
core   0: 0x800111c4 (0xff9ff06f) j       pc - 0x8
core   0: 3 0x800111c4 (0xff9ff06f)
core   0: 0x800111bc (0x00002f17) auipc   t5, 0x2
core   0: 3 0x800111bc (0x00002f17) x30 0x800131bc
core   0: 0x800111c0 (0xe43f2223) sw      gp, -444(t5)
core   0: 3 0x800111c0 (0xe43f2223) mem 0x80013000 0x00000001
core   0: 0x800111c4 (0xff9ff06f) j       pc - 0x8
core   0: 3 0x800111c4 (0xff9ff06f)
core   0: 0x800111bc (0x00002f17) auipc   t5, 0x2
core   0: 3 0x800111bc (0x00002f17) x30 0x800131bc
core   0: 0x800111c0 (0xe43f2223) sw      gp, -444(t5)
core   0: 3 0x800111c0 (0xe43f2223) mem 0x80013000 0x00000001
core   0: 0x800111c4 (0xff9ff06f) j       pc - 0x8
core   0: 3 0x800111c4 (0xff9ff06f)
core   0: 0x800111bc (0x00002f17) auipc   t5, 0x2
core   0: 3 0x800111bc (0x00002f17) x30 0x800131bc
core   0: 0x800111c0 (0xe43f2223) sw      gp, -444(t5)
core   0: 3 0x800111c0 (0xe43f2223) mem 0x80013000 0x00000001
core   0: 0x800111c4 (0xff9ff06f) j       pc - 0x8
core   0: 3 0x800111c4 (0xff9ff06f)
core   0: 0x800111bc (0x00002f17) auipc   t5, 0x2
core   0: 3 0x800111bc (0x00002f17) x30 0x800131bc
core   0: 0x800111c0 (0xe43f2223) sw      gp, -444(t5)
core   0: 3 0x800111c0 (0xe43f2223) mem 0x80013000 0x00000001
core   0: 0x800111c4 (0xff9ff06f) j       pc - 0x8
core   0: 3 0x800111c4 (0xff9ff06f)
core   0: 0x800111bc (0x00002f17) auipc   t5, 0x2
core   0: 3 0x800111bc (0x00002f17) x30 0x800131bc
core   0: 0x800111c0 (0xe43f2223) sw      gp, -444(t5)
core   0: 3 0x800111c0 (0xe43f2223) mem 0x80013000 0x00000001
core   0: 0x800111c4 (0xff9ff06f) j       pc - 0x8
core   0: 3 0x800111c4 (0xff9ff06f)
core   0: 0x800111bc (0x00002f17) auipc   t5, 0x2
core   0: 3 0x800111bc (0x00002f17) x30 0x800131bc
core   0: 0x800111c0 (0xe43f2223) sw      gp, -444(t5)
core   0: 3 0x800111c0 (0xe43f2223) mem 0x80013000 0x00000001
core   0: 0x800111c4 (0xff9ff06f) j       pc - 0x8
core   0: 3 0x800111c4 (0xff9ff06f)
core   0: 0x800111bc (0x00002f17) auipc   t5, 0x2
core   0: 3 0x800111bc (0x00002f17) x30 0x800131bc
core   0: 0x800111c0 (0xe43f2223) sw      gp, -444(t5)
core   0: 3 0x800111c0 (0xe43f2223) mem 0x80013000 0x00000001
core   0: 0x800111c4 (0xff9ff06f) j       pc - 0x8
core   0: 3 0x800111c4 (0xff9ff06f)
core   0: 0x800111bc (0x00002f17) auipc   t5, 0x2
core   0: 3 0x800111bc (0x00002f17) x30 0x800131bc
core   0: 0x800111c0 (0xe43f2223) sw      gp, -444(t5)
core   0: 3 0x800111c0 (0xe43f2223) mem 0x80013000 0x00000001
core   0: 0x800111c4 (0xff9ff06f) j       pc - 0x8
core   0: 3 0x800111c4 (0xff9ff06f)
core   0: 0x800111bc (0x00002f17) auipc   t5, 0x2
core   0: 3 0x800111bc (0x00002f17) x30 0x800131bc
core   0: 0x800111c0 (0xe43f2223) sw      gp, -444(t5)
core   0: 3 0x800111c0 (0xe43f2223) mem 0x80013000 0x00000001
core   0: 0x800111c4 (0xff9ff06f) j       pc - 0x8
core   0: 3 0x800111c4 (0xff9ff06f)
core   0: 0x800111bc (0x00002f17) auipc   t5, 0x2
core   0: 3 0x800111bc (0x00002f17) x30 0x800131bc
core   0: 0x800111c0 (0xe43f2223) sw      gp, -444(t5)
core   0: 3 0x800111c0 (0xe43f2223) mem 0x80013000 0x00000001
core   0: 0x800111c4 (0xff9ff06f) j       pc - 0x8
core   0: 3 0x800111c4 (0xff9ff06f)
core   0: 0x800111bc (0x00002f17) auipc   t5, 0x2
core   0: 3 0x800111bc (0x00002f17) x30 0x800131bc
core   0: 0x800111c0 (0xe43f2223) sw      gp, -444(t5)
core   0: 3 0x800111c0 (0xe43f2223) mem 0x80013000 0x00000001
core   0: 0x800111c4 (0xff9ff06f) j       pc - 0x8
core   0: 3 0x800111c4 (0xff9ff06f)
core   0: 0x800111bc (0x00002f17) auipc   t5, 0x2
core   0: 3 0x800111bc (0x00002f17) x30 0x800131bc
core   0: 0x800111c0 (0xe43f2223) sw      gp, -444(t5)
core   0: 3 0x800111c0 (0xe43f2223) mem 0x80013000 0x00000001
core   0: 0x800111c4 (0xff9ff06f) j       pc - 0x8
core   0: 3 0x800111c4 (0xff9ff06f)
core   0: 0x800111bc (0x00002f17) auipc   t5, 0x2
core   0: 3 0x800111bc (0x00002f17) x30 0x800131bc
core   0: 0x800111c0 (0xe43f2223) sw      gp, -444(t5)
core   0: 3 0x800111c0 (0xe43f2223) mem 0x80013000 0x00000001
core   0: 0x800111c4 (0xff9ff06f) j       pc - 0x8
core   0: 3 0x800111c4 (0xff9ff06f)
core   0: 0x800111bc (0x00002f17) auipc   t5, 0x2
core   0: 3 0x800111bc (0x00002f17) x30 0x800131bc
core   0: 0x800111c0 (0xe43f2223) sw      gp, -444(t5)
core   0: 3 0x800111c0 (0xe43f2223) mem 0x80013000 0x00000001
core   0: 0x800111c4 (0xff9ff06f) j       pc - 0x8
core   0: 3 0x800111c4 (0xff9ff06f)
core   0: 0x800111bc (0x00002f17) auipc   t5, 0x2
core   0: 3 0x800111bc (0x00002f17) x30 0x800131bc
core   0: 0x800111c0 (0xe43f2223) sw      gp, -444(t5)
core   0: 3 0x800111c0 (0xe43f2223) mem 0x80013000 0x00000001
core   0: 0x800111c4 (0xff9ff06f) j       pc - 0x8
core   0: 3 0x800111c4 (0xff9ff06f)
core   0: 0x800111bc (0x00002f17) auipc   t5, 0x2
core   0: 3 0x800111bc (0x00002f17) x30 0x800131bc
core   0: 0x800111c0 (0xe43f2223) sw      gp, -444(t5)
core   0: 3 0x800111c0 (0xe43f2223) mem 0x80013000 0x00000001
core   0: 0x800111c4 (0xff9ff06f) j       pc - 0x8
core   0: 3 0x800111c4 (0xff9ff06f)
core   0: 0x800111bc (0x00002f17) auipc   t5, 0x2
core   0: 3 0x800111bc (0x00002f17) x30 0x800131bc
core   0: 0x800111c0 (0xe43f2223) sw      gp, -444(t5)
core   0: 3 0x800111c0 (0xe43f2223) mem 0x80013000 0x00000001
core   0: 0x800111c4 (0xff9ff06f) j       pc - 0x8
core   0: 3 0x800111c4 (0xff9ff06f)
core   0: 0x800111bc (0x00002f17) auipc   t5, 0x2
core   0: 3 0x800111bc (0x00002f17) x30 0x800131bc
core   0: 0x800111c0 (0xe43f2223) sw      gp, -444(t5)
core   0: 3 0x800111c0 (0xe43f2223) mem 0x80013000 0x00000001
core   0: 0x800111c4 (0xff9ff06f) j       pc - 0x8
core   0: 3 0x800111c4 (0xff9ff06f)
core   0: 0x800111bc (0x00002f17) auipc   t5, 0x2
core   0: 3 0x800111bc (0x00002f17) x30 0x800131bc
core   0: 0x800111c0 (0xe43f2223) sw      gp, -444(t5)
core   0: 3 0x800111c0 (0xe43f2223) mem 0x80013000 0x00000001
core   0: 0x800111c4 (0xff9ff06f) j       pc - 0x8
core   0: 3 0x800111c4 (0xff9ff06f)
core   0: 0x800111bc (0x00002f17) auipc   t5, 0x2
core   0: 3 0x800111bc (0x00002f17) x30 0x800131bc
core   0: 0x800111c0 (0xe43f2223) sw      gp, -444(t5)
core   0: 3 0x800111c0 (0xe43f2223) mem 0x80013000 0x00000001
core   0: 0x800111c4 (0xff9ff06f) j       pc - 0x8
core   0: 3 0x800111c4 (0xff9ff06f)
core   0: 0x800111bc (0x00002f17) auipc   t5, 0x2
core   0: 3 0x800111bc (0x00002f17) x30 0x800131bc
core   0: 0x800111c0 (0xe43f2223) sw      gp, -444(t5)
core   0: 3 0x800111c0 (0xe43f2223) mem 0x80013000 0x00000001
core   0: 0x800111c4 (0xff9ff06f) j       pc - 0x8
core   0: 3 0x800111c4 (0xff9ff06f)
core   0: 0x800111bc (0x00002f17) auipc   t5, 0x2
core   0: 3 0x800111bc (0x00002f17) x30 0x800131bc
core   0: 0x800111c0 (0xe43f2223) sw      gp, -444(t5)
core   0: 3 0x800111c0 (0xe43f2223) mem 0x80013000 0x00000001
core   0: 0x800111c4 (0xff9ff06f) j       pc - 0x8
core   0: 3 0x800111c4 (0xff9ff06f)
core   0: 0x800111bc (0x00002f17) auipc   t5, 0x2
core   0: 3 0x800111bc (0x00002f17) x30 0x800131bc
core   0: 0x800111c0 (0xe43f2223) sw      gp, -444(t5)
core   0: 3 0x800111c0 (0xe43f2223) mem 0x80013000 0x00000001
core   0: 0x800111c4 (0xff9ff06f) j       pc - 0x8
core   0: 3 0x800111c4 (0xff9ff06f)
core   0: 0x800111bc (0x00002f17) auipc   t5, 0x2
core   0: 3 0x800111bc (0x00002f17) x30 0x800131bc
core   0: 0x800111c0 (0xe43f2223) sw      gp, -444(t5)
core   0: 3 0x800111c0 (0xe43f2223) mem 0x80013000 0x00000001
core   0: 0x800111c4 (0xff9ff06f) j       pc - 0x8
core   0: 3 0x800111c4 (0xff9ff06f)
core   0: 0x800111bc (0x00002f17) auipc   t5, 0x2
core   0: 3 0x800111bc (0x00002f17) x30 0x800131bc
core   0: 0x800111c0 (0xe43f2223) sw      gp, -444(t5)
core   0: 3 0x800111c0 (0xe43f2223) mem 0x80013000 0x00000001
core   0: 0x800111c4 (0xff9ff06f) j       pc - 0x8
core   0: 3 0x800111c4 (0xff9ff06f)
core   0: 0x800111bc (0x00002f17) auipc   t5, 0x2
core   0: 3 0x800111bc (0x00002f17) x30 0x800131bc
core   0: 0x800111c0 (0xe43f2223) sw      gp, -444(t5)
core   0: 3 0x800111c0 (0xe43f2223) mem 0x80013000 0x00000001
core   0: 0x800111c4 (0xff9ff06f) j       pc - 0x8
core   0: 3 0x800111c4 (0xff9ff06f)
core   0: 0x800111bc (0x00002f17) auipc   t5, 0x2
core   0: 3 0x800111bc (0x00002f17) x30 0x800131bc
core   0: 0x800111c0 (0xe43f2223) sw      gp, -444(t5)
core   0: 3 0x800111c0 (0xe43f2223) mem 0x80013000 0x00000001
core   0: 0x800111c4 (0xff9ff06f) j       pc - 0x8
core   0: 3 0x800111c4 (0xff9ff06f)
core   0: 0x800111bc (0x00002f17) auipc   t5, 0x2
core   0: 3 0x800111bc (0x00002f17) x30 0x800131bc
core   0: 0x800111c0 (0xe43f2223) sw      gp, -444(t5)
core   0: 3 0x800111c0 (0xe43f2223) mem 0x80013000 0x00000001
core   0: 0x800111c4 (0xff9ff06f) j       pc - 0x8
core   0: 3 0x800111c4 (0xff9ff06f)
core   0: 0x800111bc (0x00002f17) auipc   t5, 0x2
core   0: 3 0x800111bc (0x00002f17) x30 0x800131bc
core   0: 0x800111c0 (0xe43f2223) sw      gp, -444(t5)
core   0: 3 0x800111c0 (0xe43f2223) mem 0x80013000 0x00000001
core   0: 0x800111c4 (0xff9ff06f) j       pc - 0x8
core   0: 3 0x800111c4 (0xff9ff06f)
core   0: 0x800111bc (0x00002f17) auipc   t5, 0x2
core   0: 3 0x800111bc (0x00002f17) x30 0x800131bc
core   0: 0x800111c0 (0xe43f2223) sw      gp, -444(t5)
core   0: 3 0x800111c0 (0xe43f2223) mem 0x80013000 0x00000001
core   0: 0x800111c4 (0xff9ff06f) j       pc - 0x8
core   0: 3 0x800111c4 (0xff9ff06f)
core   0: 0x800111bc (0x00002f17) auipc   t5, 0x2
core   0: 3 0x800111bc (0x00002f17) x30 0x800131bc
core   0: 0x800111c0 (0xe43f2223) sw      gp, -444(t5)
core   0: 3 0x800111c0 (0xe43f2223) mem 0x80013000 0x00000001
core   0: 0x800111c4 (0xff9ff06f) j       pc - 0x8
core   0: 3 0x800111c4 (0xff9ff06f)
core   0: 0x800111bc (0x00002f17) auipc   t5, 0x2
core   0: 3 0x800111bc (0x00002f17) x30 0x800131bc
core   0: 0x800111c0 (0xe43f2223) sw      gp, -444(t5)
core   0: 3 0x800111c0 (0xe43f2223) mem 0x80013000 0x00000001
core   0: 0x800111c4 (0xff9ff06f) j       pc - 0x8
core   0: 3 0x800111c4 (0xff9ff06f)
core   0: 0x800111bc (0x00002f17) auipc   t5, 0x2
core   0: 3 0x800111bc (0x00002f17) x30 0x800131bc
core   0: 0x800111c0 (0xe43f2223) sw      gp, -444(t5)
core   0: 3 0x800111c0 (0xe43f2223) mem 0x80013000 0x00000001
core   0: 0x800111c4 (0xff9ff06f) j       pc - 0x8
core   0: 3 0x800111c4 (0xff9ff06f)
core   0: 0x800111bc (0x00002f17) auipc   t5, 0x2
core   0: 3 0x800111bc (0x00002f17) x30 0x800131bc
core   0: 0x800111c0 (0xe43f2223) sw      gp, -444(t5)
core   0: 3 0x800111c0 (0xe43f2223) mem 0x80013000 0x00000001
core   0: 0x800111c4 (0xff9ff06f) j       pc - 0x8
core   0: 3 0x800111c4 (0xff9ff06f)
core   0: 0x800111bc (0x00002f17) auipc   t5, 0x2
core   0: 3 0x800111bc (0x00002f17) x30 0x800131bc
core   0: 0x800111c0 (0xe43f2223) sw      gp, -444(t5)
core   0: 3 0x800111c0 (0xe43f2223) mem 0x80013000 0x00000001
core   0: 0x800111c4 (0xff9ff06f) j       pc - 0x8
core   0: 3 0x800111c4 (0xff9ff06f)
core   0: 0x800111bc (0x00002f17) auipc   t5, 0x2
core   0: 3 0x800111bc (0x00002f17) x30 0x800131bc
core   0: 0x800111c0 (0xe43f2223) sw      gp, -444(t5)
core   0: 3 0x800111c0 (0xe43f2223) mem 0x80013000 0x00000001
core   0: 0x800111c4 (0xff9ff06f) j       pc - 0x8
core   0: 3 0x800111c4 (0xff9ff06f)
core   0: 0x800111bc (0x00002f17) auipc   t5, 0x2
core   0: 3 0x800111bc (0x00002f17) x30 0x800131bc
core   0: 0x800111c0 (0xe43f2223) sw      gp, -444(t5)
core   0: 3 0x800111c0 (0xe43f2223) mem 0x80013000 0x00000001
core   0: 0x800111c4 (0xff9ff06f) j       pc - 0x8
core   0: 3 0x800111c4 (0xff9ff06f)
core   0: 0x800111bc (0x00002f17) auipc   t5, 0x2
core   0: 3 0x800111bc (0x00002f17) x30 0x800131bc
core   0: 0x800111c0 (0xe43f2223) sw      gp, -444(t5)
core   0: 3 0x800111c0 (0xe43f2223) mem 0x80013000 0x00000001
core   0: 0x800111c4 (0xff9ff06f) j       pc - 0x8
core   0: 3 0x800111c4 (0xff9ff06f)
core   0: 0x800111bc (0x00002f17) auipc   t5, 0x2
core   0: 3 0x800111bc (0x00002f17) x30 0x800131bc
core   0: 0x800111c0 (0xe43f2223) sw      gp, -444(t5)
core   0: 3 0x800111c0 (0xe43f2223) mem 0x80013000 0x00000001
core   0: 0x800111c4 (0xff9ff06f) j       pc - 0x8
core   0: 3 0x800111c4 (0xff9ff06f)
core   0: 0x800111bc (0x00002f17) auipc   t5, 0x2
core   0: 3 0x800111bc (0x00002f17) x30 0x800131bc
core   0: 0x800111c0 (0xe43f2223) sw      gp, -444(t5)
core   0: 3 0x800111c0 (0xe43f2223) mem 0x80013000 0x00000001
core   0: 0x800111c4 (0xff9ff06f) j       pc - 0x8
core   0: 3 0x800111c4 (0xff9ff06f)
core   0: 0x800111bc (0x00002f17) auipc   t5, 0x2
core   0: 3 0x800111bc (0x00002f17) x30 0x800131bc
core   0: 0x800111c0 (0xe43f2223) sw      gp, -444(t5)
core   0: 3 0x800111c0 (0xe43f2223) mem 0x80013000 0x00000001
core   0: 0x800111c4 (0xff9ff06f) j       pc - 0x8
core   0: 3 0x800111c4 (0xff9ff06f)
core   0: 0x800111bc (0x00002f17) auipc   t5, 0x2
core   0: 3 0x800111bc (0x00002f17) x30 0x800131bc
core   0: 0x800111c0 (0xe43f2223) sw      gp, -444(t5)
core   0: 3 0x800111c0 (0xe43f2223) mem 0x80013000 0x00000001
core   0: 0x800111c4 (0xff9ff06f) j       pc - 0x8
core   0: 3 0x800111c4 (0xff9ff06f)
core   0: 0x800111bc (0x00002f17) auipc   t5, 0x2
core   0: 3 0x800111bc (0x00002f17) x30 0x800131bc
core   0: 0x800111c0 (0xe43f2223) sw      gp, -444(t5)
core   0: 3 0x800111c0 (0xe43f2223) mem 0x80013000 0x00000001
core   0: 0x800111c4 (0xff9ff06f) j       pc - 0x8
core   0: 3 0x800111c4 (0xff9ff06f)
core   0: 0x800111bc (0x00002f17) auipc   t5, 0x2
core   0: 3 0x800111bc (0x00002f17) x30 0x800131bc
core   0: 0x800111c0 (0xe43f2223) sw      gp, -444(t5)
core   0: 3 0x800111c0 (0xe43f2223) mem 0x80013000 0x00000001
core   0: 0x800111c4 (0xff9ff06f) j       pc - 0x8
core   0: 3 0x800111c4 (0xff9ff06f)
core   0: 0x800111bc (0x00002f17) auipc   t5, 0x2
core   0: 3 0x800111bc (0x00002f17) x30 0x800131bc
core   0: 0x800111c0 (0xe43f2223) sw      gp, -444(t5)
core   0: 3 0x800111c0 (0xe43f2223) mem 0x80013000 0x00000001
core   0: 0x800111c4 (0xff9ff06f) j       pc - 0x8
core   0: 3 0x800111c4 (0xff9ff06f)
core   0: 0x800111bc (0x00002f17) auipc   t5, 0x2
core   0: 3 0x800111bc (0x00002f17) x30 0x800131bc
core   0: 0x800111c0 (0xe43f2223) sw      gp, -444(t5)
core   0: 3 0x800111c0 (0xe43f2223) mem 0x80013000 0x00000001
core   0: 0x800111c4 (0xff9ff06f) j       pc - 0x8
core   0: 3 0x800111c4 (0xff9ff06f)
core   0: 0x800111bc (0x00002f17) auipc   t5, 0x2
core   0: 3 0x800111bc (0x00002f17) x30 0x800131bc
core   0: 0x800111c0 (0xe43f2223) sw      gp, -444(t5)
core   0: 3 0x800111c0 (0xe43f2223) mem 0x80013000 0x00000001
core   0: 0x800111c4 (0xff9ff06f) j       pc - 0x8
core   0: 3 0x800111c4 (0xff9ff06f)
core   0: 0x800111bc (0x00002f17) auipc   t5, 0x2
core   0: 3 0x800111bc (0x00002f17) x30 0x800131bc
core   0: 0x800111c0 (0xe43f2223) sw      gp, -444(t5)
core   0: 3 0x800111c0 (0xe43f2223) mem 0x80013000 0x00000001
core   0: 0x800111c4 (0xff9ff06f) j       pc - 0x8
core   0: 3 0x800111c4 (0xff9ff06f)
core   0: 0x800111bc (0x00002f17) auipc   t5, 0x2
core   0: 3 0x800111bc (0x00002f17) x30 0x800131bc
core   0: 0x800111c0 (0xe43f2223) sw      gp, -444(t5)
core   0: 3 0x800111c0 (0xe43f2223) mem 0x80013000 0x00000001
core   0: 0x800111c4 (0xff9ff06f) j       pc - 0x8
core   0: 3 0x800111c4 (0xff9ff06f)
core   0: 0x800111bc (0x00002f17) auipc   t5, 0x2
core   0: 3 0x800111bc (0x00002f17) x30 0x800131bc
core   0: 0x800111c0 (0xe43f2223) sw      gp, -444(t5)
core   0: 3 0x800111c0 (0xe43f2223) mem 0x80013000 0x00000001
core   0: 0x800111c4 (0xff9ff06f) j       pc - 0x8
core   0: 3 0x800111c4 (0xff9ff06f)
core   0: 0x800111bc (0x00002f17) auipc   t5, 0x2
core   0: 3 0x800111bc (0x00002f17) x30 0x800131bc
core   0: 0x800111c0 (0xe43f2223) sw      gp, -444(t5)
core   0: 3 0x800111c0 (0xe43f2223) mem 0x80013000 0x00000001
core   0: 0x800111c4 (0xff9ff06f) j       pc - 0x8
core   0: 3 0x800111c4 (0xff9ff06f)
core   0: 0x800111bc (0x00002f17) auipc   t5, 0x2
core   0: 3 0x800111bc (0x00002f17) x30 0x800131bc
core   0: 0x800111c0 (0xe43f2223) sw      gp, -444(t5)
core   0: 3 0x800111c0 (0xe43f2223) mem 0x80013000 0x00000001
core   0: 0x800111c4 (0xff9ff06f) j       pc - 0x8
core   0: 3 0x800111c4 (0xff9ff06f)
core   0: 0x800111bc (0x00002f17) auipc   t5, 0x2
core   0: 3 0x800111bc (0x00002f17) x30 0x800131bc
core   0: 0x800111c0 (0xe43f2223) sw      gp, -444(t5)
core   0: 3 0x800111c0 (0xe43f2223) mem 0x80013000 0x00000001
core   0: 0x800111c4 (0xff9ff06f) j       pc - 0x8
core   0: 3 0x800111c4 (0xff9ff06f)
core   0: 0x800111bc (0x00002f17) auipc   t5, 0x2
core   0: 3 0x800111bc (0x00002f17) x30 0x800131bc
core   0: 0x800111c0 (0xe43f2223) sw      gp, -444(t5)
core   0: 3 0x800111c0 (0xe43f2223) mem 0x80013000 0x00000001
core   0: 0x800111c4 (0xff9ff06f) j       pc - 0x8
core   0: 3 0x800111c4 (0xff9ff06f)
core   0: 0x800111bc (0x00002f17) auipc   t5, 0x2
core   0: 3 0x800111bc (0x00002f17) x30 0x800131bc
core   0: 0x800111c0 (0xe43f2223) sw      gp, -444(t5)
core   0: 3 0x800111c0 (0xe43f2223) mem 0x80013000 0x00000001
core   0: 0x800111c4 (0xff9ff06f) j       pc - 0x8
core   0: 3 0x800111c4 (0xff9ff06f)
core   0: 0x800111bc (0x00002f17) auipc   t5, 0x2
core   0: 3 0x800111bc (0x00002f17) x30 0x800131bc
core   0: 0x800111c0 (0xe43f2223) sw      gp, -444(t5)
core   0: 3 0x800111c0 (0xe43f2223) mem 0x80013000 0x00000001
core   0: 0x800111c4 (0xff9ff06f) j       pc - 0x8
core   0: 3 0x800111c4 (0xff9ff06f)
core   0: 0x800111bc (0x00002f17) auipc   t5, 0x2
core   0: 3 0x800111bc (0x00002f17) x30 0x800131bc
core   0: 0x800111c0 (0xe43f2223) sw      gp, -444(t5)
core   0: 3 0x800111c0 (0xe43f2223) mem 0x80013000 0x00000001
core   0: 0x800111c4 (0xff9ff06f) j       pc - 0x8
core   0: 3 0x800111c4 (0xff9ff06f)
core   0: 0x800111bc (0x00002f17) auipc   t5, 0x2
core   0: 3 0x800111bc (0x00002f17) x30 0x800131bc
core   0: 0x800111c0 (0xe43f2223) sw      gp, -444(t5)
core   0: 3 0x800111c0 (0xe43f2223) mem 0x80013000 0x00000001
core   0: 0x800111c4 (0xff9ff06f) j       pc - 0x8
core   0: 3 0x800111c4 (0xff9ff06f)
core   0: 0x800111bc (0x00002f17) auipc   t5, 0x2
core   0: 3 0x800111bc (0x00002f17) x30 0x800131bc
core   0: 0x800111c0 (0xe43f2223) sw      gp, -444(t5)
core   0: 3 0x800111c0 (0xe43f2223) mem 0x80013000 0x00000001
core   0: 0x800111c4 (0xff9ff06f) j       pc - 0x8
core   0: 3 0x800111c4 (0xff9ff06f)
core   0: 0x800111bc (0x00002f17) auipc   t5, 0x2
core   0: 3 0x800111bc (0x00002f17) x30 0x800131bc
core   0: 0x800111c0 (0xe43f2223) sw      gp, -444(t5)
core   0: 3 0x800111c0 (0xe43f2223) mem 0x80013000 0x00000001
core   0: 0x800111c4 (0xff9ff06f) j       pc - 0x8
core   0: 3 0x800111c4 (0xff9ff06f)
core   0: 0x800111bc (0x00002f17) auipc   t5, 0x2
core   0: 3 0x800111bc (0x00002f17) x30 0x800131bc
core   0: 0x800111c0 (0xe43f2223) sw      gp, -444(t5)
core   0: 3 0x800111c0 (0xe43f2223) mem 0x80013000 0x00000001
core   0: 0x800111c4 (0xff9ff06f) j       pc - 0x8
core   0: 3 0x800111c4 (0xff9ff06f)
core   0: 0x800111bc (0x00002f17) auipc   t5, 0x2
core   0: 3 0x800111bc (0x00002f17) x30 0x800131bc
core   0: 0x800111c0 (0xe43f2223) sw      gp, -444(t5)
core   0: 3 0x800111c0 (0xe43f2223) mem 0x80013000 0x00000001
core   0: 0x800111c4 (0xff9ff06f) j       pc - 0x8
core   0: 3 0x800111c4 (0xff9ff06f)
core   0: 0x800111bc (0x00002f17) auipc   t5, 0x2
core   0: 3 0x800111bc (0x00002f17) x30 0x800131bc
core   0: 0x800111c0 (0xe43f2223) sw      gp, -444(t5)
core   0: 3 0x800111c0 (0xe43f2223) mem 0x80013000 0x00000001
core   0: 0x800111c4 (0xff9ff06f) j       pc - 0x8
core   0: 3 0x800111c4 (0xff9ff06f)
core   0: 0x800111bc (0x00002f17) auipc   t5, 0x2
core   0: 3 0x800111bc (0x00002f17) x30 0x800131bc
core   0: 0x800111c0 (0xe43f2223) sw      gp, -444(t5)
core   0: 3 0x800111c0 (0xe43f2223) mem 0x80013000 0x00000001
core   0: 0x800111c4 (0xff9ff06f) j       pc - 0x8
core   0: 3 0x800111c4 (0xff9ff06f)
core   0: 0x800111bc (0x00002f17) auipc   t5, 0x2
core   0: 3 0x800111bc (0x00002f17) x30 0x800131bc
core   0: 0x800111c0 (0xe43f2223) sw      gp, -444(t5)
core   0: 3 0x800111c0 (0xe43f2223) mem 0x80013000 0x00000001
core   0: 0x800111c4 (0xff9ff06f) j       pc - 0x8
core   0: 3 0x800111c4 (0xff9ff06f)
core   0: 0x800111bc (0x00002f17) auipc   t5, 0x2
core   0: 3 0x800111bc (0x00002f17) x30 0x800131bc
core   0: 0x800111c0 (0xe43f2223) sw      gp, -444(t5)
core   0: 3 0x800111c0 (0xe43f2223) mem 0x80013000 0x00000001
core   0: 0x800111c4 (0xff9ff06f) j       pc - 0x8
core   0: 3 0x800111c4 (0xff9ff06f)
core   0: 0x800111bc (0x00002f17) auipc   t5, 0x2
core   0: 3 0x800111bc (0x00002f17) x30 0x800131bc
core   0: 0x800111c0 (0xe43f2223) sw      gp, -444(t5)
core   0: 3 0x800111c0 (0xe43f2223) mem 0x80013000 0x00000001
core   0: 0x800111c4 (0xff9ff06f) j       pc - 0x8
core   0: 3 0x800111c4 (0xff9ff06f)
core   0: 0x800111bc (0x00002f17) auipc   t5, 0x2
core   0: 3 0x800111bc (0x00002f17) x30 0x800131bc
core   0: 0x800111c0 (0xe43f2223) sw      gp, -444(t5)
core   0: 3 0x800111c0 (0xe43f2223) mem 0x80013000 0x00000001
core   0: 0x800111c4 (0xff9ff06f) j       pc - 0x8
core   0: 3 0x800111c4 (0xff9ff06f)
core   0: 0x800111bc (0x00002f17) auipc   t5, 0x2
core   0: 3 0x800111bc (0x00002f17) x30 0x800131bc
core   0: 0x800111c0 (0xe43f2223) sw      gp, -444(t5)
core   0: 3 0x800111c0 (0xe43f2223) mem 0x80013000 0x00000001
core   0: 0x800111c4 (0xff9ff06f) j       pc - 0x8
core   0: 3 0x800111c4 (0xff9ff06f)
core   0: 0x800111bc (0x00002f17) auipc   t5, 0x2
core   0: 3 0x800111bc (0x00002f17) x30 0x800131bc
core   0: 0x800111c0 (0xe43f2223) sw      gp, -444(t5)
core   0: 3 0x800111c0 (0xe43f2223) mem 0x80013000 0x00000001
core   0: 0x800111c4 (0xff9ff06f) j       pc - 0x8
core   0: 3 0x800111c4 (0xff9ff06f)
core   0: 0x800111bc (0x00002f17) auipc   t5, 0x2
core   0: 3 0x800111bc (0x00002f17) x30 0x800131bc
core   0: 0x800111c0 (0xe43f2223) sw      gp, -444(t5)
core   0: 3 0x800111c0 (0xe43f2223) mem 0x80013000 0x00000001
core   0: 0x800111c4 (0xff9ff06f) j       pc - 0x8
core   0: 3 0x800111c4 (0xff9ff06f)
core   0: 0x800111bc (0x00002f17) auipc   t5, 0x2
core   0: 3 0x800111bc (0x00002f17) x30 0x800131bc
core   0: 0x800111c0 (0xe43f2223) sw      gp, -444(t5)
core   0: 3 0x800111c0 (0xe43f2223) mem 0x80013000 0x00000001
core   0: 0x800111c4 (0xff9ff06f) j       pc - 0x8
core   0: 3 0x800111c4 (0xff9ff06f)
core   0: 0x800111bc (0x00002f17) auipc   t5, 0x2
core   0: 3 0x800111bc (0x00002f17) x30 0x800131bc
core   0: 0x800111c0 (0xe43f2223) sw      gp, -444(t5)
core   0: 3 0x800111c0 (0xe43f2223) mem 0x80013000 0x00000001
core   0: 0x800111c4 (0xff9ff06f) j       pc - 0x8
core   0: 3 0x800111c4 (0xff9ff06f)
core   0: 0x800111bc (0x00002f17) auipc   t5, 0x2
core   0: 3 0x800111bc (0x00002f17) x30 0x800131bc
core   0: 0x800111c0 (0xe43f2223) sw      gp, -444(t5)
core   0: 3 0x800111c0 (0xe43f2223) mem 0x80013000 0x00000001
core   0: 0x800111c4 (0xff9ff06f) j       pc - 0x8
core   0: 3 0x800111c4 (0xff9ff06f)
core   0: 0x800111bc (0x00002f17) auipc   t5, 0x2
core   0: 3 0x800111bc (0x00002f17) x30 0x800131bc
core   0: 0x800111c0 (0xe43f2223) sw      gp, -444(t5)
core   0: 3 0x800111c0 (0xe43f2223) mem 0x80013000 0x00000001
core   0: 0x800111c4 (0xff9ff06f) j       pc - 0x8
core   0: 3 0x800111c4 (0xff9ff06f)
core   0: 0x800111bc (0x00002f17) auipc   t5, 0x2
core   0: 3 0x800111bc (0x00002f17) x30 0x800131bc
core   0: 0x800111c0 (0xe43f2223) sw      gp, -444(t5)
core   0: 3 0x800111c0 (0xe43f2223) mem 0x80013000 0x00000001
core   0: 0x800111c4 (0xff9ff06f) j       pc - 0x8
core   0: 3 0x800111c4 (0xff9ff06f)
core   0: 0x800111bc (0x00002f17) auipc   t5, 0x2
core   0: 3 0x800111bc (0x00002f17) x30 0x800131bc
core   0: 0x800111c0 (0xe43f2223) sw      gp, -444(t5)
core   0: 3 0x800111c0 (0xe43f2223) mem 0x80013000 0x00000001
core   0: 0x800111c4 (0xff9ff06f) j       pc - 0x8
core   0: 3 0x800111c4 (0xff9ff06f)
core   0: 0x800111bc (0x00002f17) auipc   t5, 0x2
core   0: 3 0x800111bc (0x00002f17) x30 0x800131bc
core   0: 0x800111c0 (0xe43f2223) sw      gp, -444(t5)
core   0: 3 0x800111c0 (0xe43f2223) mem 0x80013000 0x00000001
core   0: 0x800111c4 (0xff9ff06f) j       pc - 0x8
core   0: 3 0x800111c4 (0xff9ff06f)
core   0: 0x800111bc (0x00002f17) auipc   t5, 0x2
core   0: 3 0x800111bc (0x00002f17) x30 0x800131bc
core   0: 0x800111c0 (0xe43f2223) sw      gp, -444(t5)
core   0: 3 0x800111c0 (0xe43f2223) mem 0x80013000 0x00000001
core   0: 0x800111c4 (0xff9ff06f) j       pc - 0x8
core   0: 3 0x800111c4 (0xff9ff06f)
core   0: 0x800111bc (0x00002f17) auipc   t5, 0x2
core   0: 3 0x800111bc (0x00002f17) x30 0x800131bc
core   0: 0x800111c0 (0xe43f2223) sw      gp, -444(t5)
core   0: 3 0x800111c0 (0xe43f2223) mem 0x80013000 0x00000001
core   0: 0x800111c4 (0xff9ff06f) j       pc - 0x8
core   0: 3 0x800111c4 (0xff9ff06f)
core   0: 0x800111bc (0x00002f17) auipc   t5, 0x2
core   0: 3 0x800111bc (0x00002f17) x30 0x800131bc
core   0: 0x800111c0 (0xe43f2223) sw      gp, -444(t5)
core   0: 3 0x800111c0 (0xe43f2223) mem 0x80013000 0x00000001
core   0: 0x800111c4 (0xff9ff06f) j       pc - 0x8
core   0: 3 0x800111c4 (0xff9ff06f)
core   0: 0x800111bc (0x00002f17) auipc   t5, 0x2
core   0: 3 0x800111bc (0x00002f17) x30 0x800131bc
core   0: 0x800111c0 (0xe43f2223) sw      gp, -444(t5)
core   0: 3 0x800111c0 (0xe43f2223) mem 0x80013000 0x00000001
core   0: 0x800111c4 (0xff9ff06f) j       pc - 0x8
core   0: 3 0x800111c4 (0xff9ff06f)
core   0: 0x800111bc (0x00002f17) auipc   t5, 0x2
core   0: 3 0x800111bc (0x00002f17) x30 0x800131bc
core   0: 0x800111c0 (0xe43f2223) sw      gp, -444(t5)
core   0: 3 0x800111c0 (0xe43f2223) mem 0x80013000 0x00000001
core   0: 0x800111c4 (0xff9ff06f) j       pc - 0x8
core   0: 3 0x800111c4 (0xff9ff06f)
core   0: 0x800111bc (0x00002f17) auipc   t5, 0x2
core   0: 3 0x800111bc (0x00002f17) x30 0x800131bc
core   0: 0x800111c0 (0xe43f2223) sw      gp, -444(t5)
core   0: 3 0x800111c0 (0xe43f2223) mem 0x80013000 0x00000001
core   0: 0x800111c4 (0xff9ff06f) j       pc - 0x8
core   0: 3 0x800111c4 (0xff9ff06f)
core   0: 0x800111bc (0x00002f17) auipc   t5, 0x2
core   0: 3 0x800111bc (0x00002f17) x30 0x800131bc
core   0: 0x800111c0 (0xe43f2223) sw      gp, -444(t5)
core   0: 3 0x800111c0 (0xe43f2223) mem 0x80013000 0x00000001
core   0: 0x800111c4 (0xff9ff06f) j       pc - 0x8
core   0: 3 0x800111c4 (0xff9ff06f)
core   0: 0x800111bc (0x00002f17) auipc   t5, 0x2
core   0: 3 0x800111bc (0x00002f17) x30 0x800131bc
core   0: 0x800111c0 (0xe43f2223) sw      gp, -444(t5)
core   0: 3 0x800111c0 (0xe43f2223) mem 0x80013000 0x00000001
core   0: 0x800111c4 (0xff9ff06f) j       pc - 0x8
core   0: 3 0x800111c4 (0xff9ff06f)
core   0: 0x800111bc (0x00002f17) auipc   t5, 0x2
core   0: 3 0x800111bc (0x00002f17) x30 0x800131bc
core   0: 0x800111c0 (0xe43f2223) sw      gp, -444(t5)
core   0: 3 0x800111c0 (0xe43f2223) mem 0x80013000 0x00000001
core   0: 0x800111c4 (0xff9ff06f) j       pc - 0x8
core   0: 3 0x800111c4 (0xff9ff06f)
core   0: 0x800111bc (0x00002f17) auipc   t5, 0x2
core   0: 3 0x800111bc (0x00002f17) x30 0x800131bc
core   0: 0x800111c0 (0xe43f2223) sw      gp, -444(t5)
core   0: 3 0x800111c0 (0xe43f2223) mem 0x80013000 0x00000001
core   0: 0x800111c4 (0xff9ff06f) j       pc - 0x8
core   0: 3 0x800111c4 (0xff9ff06f)
core   0: 0x800111bc (0x00002f17) auipc   t5, 0x2
core   0: 3 0x800111bc (0x00002f17) x30 0x800131bc
core   0: 0x800111c0 (0xe43f2223) sw      gp, -444(t5)
core   0: 3 0x800111c0 (0xe43f2223) mem 0x80013000 0x00000001
core   0: 0x800111c4 (0xff9ff06f) j       pc - 0x8
core   0: 3 0x800111c4 (0xff9ff06f)
core   0: 0x800111bc (0x00002f17) auipc   t5, 0x2
core   0: 3 0x800111bc (0x00002f17) x30 0x800131bc
core   0: 0x800111c0 (0xe43f2223) sw      gp, -444(t5)
core   0: 3 0x800111c0 (0xe43f2223) mem 0x80013000 0x00000001
core   0: 0x800111c4 (0xff9ff06f) j       pc - 0x8
core   0: 3 0x800111c4 (0xff9ff06f)
core   0: 0x800111bc (0x00002f17) auipc   t5, 0x2
core   0: 3 0x800111bc (0x00002f17) x30 0x800131bc
core   0: 0x800111c0 (0xe43f2223) sw      gp, -444(t5)
core   0: 3 0x800111c0 (0xe43f2223) mem 0x80013000 0x00000001
core   0: 0x800111c4 (0xff9ff06f) j       pc - 0x8
core   0: 3 0x800111c4 (0xff9ff06f)
core   0: 0x800111bc (0x00002f17) auipc   t5, 0x2
core   0: 3 0x800111bc (0x00002f17) x30 0x800131bc
core   0: 0x800111c0 (0xe43f2223) sw      gp, -444(t5)
core   0: 3 0x800111c0 (0xe43f2223) mem 0x80013000 0x00000001
core   0: 0x800111c4 (0xff9ff06f) j       pc - 0x8
core   0: 3 0x800111c4 (0xff9ff06f)
core   0: 0x800111bc (0x00002f17) auipc   t5, 0x2
core   0: 3 0x800111bc (0x00002f17) x30 0x800131bc
core   0: 0x800111c0 (0xe43f2223) sw      gp, -444(t5)
core   0: 3 0x800111c0 (0xe43f2223) mem 0x80013000 0x00000001
core   0: 0x800111c4 (0xff9ff06f) j       pc - 0x8
core   0: 3 0x800111c4 (0xff9ff06f)
core   0: 0x800111bc (0x00002f17) auipc   t5, 0x2
core   0: 3 0x800111bc (0x00002f17) x30 0x800131bc
core   0: 0x800111c0 (0xe43f2223) sw      gp, -444(t5)
core   0: 3 0x800111c0 (0xe43f2223) mem 0x80013000 0x00000001
core   0: 0x800111c4 (0xff9ff06f) j       pc - 0x8
core   0: 3 0x800111c4 (0xff9ff06f)
core   0: 0x800111bc (0x00002f17) auipc   t5, 0x2
core   0: 3 0x800111bc (0x00002f17) x30 0x800131bc
core   0: 0x800111c0 (0xe43f2223) sw      gp, -444(t5)
core   0: 3 0x800111c0 (0xe43f2223) mem 0x80013000 0x00000001
core   0: 0x800111c4 (0xff9ff06f) j       pc - 0x8
core   0: 3 0x800111c4 (0xff9ff06f)
core   0: 0x800111bc (0x00002f17) auipc   t5, 0x2
core   0: 3 0x800111bc (0x00002f17) x30 0x800131bc
core   0: 0x800111c0 (0xe43f2223) sw      gp, -444(t5)
core   0: 3 0x800111c0 (0xe43f2223) mem 0x80013000 0x00000001
core   0: 0x800111c4 (0xff9ff06f) j       pc - 0x8
core   0: 3 0x800111c4 (0xff9ff06f)
core   0: 0x800111bc (0x00002f17) auipc   t5, 0x2
core   0: 3 0x800111bc (0x00002f17) x30 0x800131bc
core   0: 0x800111c0 (0xe43f2223) sw      gp, -444(t5)
core   0: 3 0x800111c0 (0xe43f2223) mem 0x80013000 0x00000001
core   0: 0x800111c4 (0xff9ff06f) j       pc - 0x8
core   0: 3 0x800111c4 (0xff9ff06f)
core   0: 0x800111bc (0x00002f17) auipc   t5, 0x2
core   0: 3 0x800111bc (0x00002f17) x30 0x800131bc
core   0: 0x800111c0 (0xe43f2223) sw      gp, -444(t5)
core   0: 3 0x800111c0 (0xe43f2223) mem 0x80013000 0x00000001
core   0: 0x800111c4 (0xff9ff06f) j       pc - 0x8
core   0: 3 0x800111c4 (0xff9ff06f)
core   0: 0x800111bc (0x00002f17) auipc   t5, 0x2
core   0: 3 0x800111bc (0x00002f17) x30 0x800131bc
core   0: 0x800111c0 (0xe43f2223) sw      gp, -444(t5)
core   0: 3 0x800111c0 (0xe43f2223) mem 0x80013000 0x00000001
core   0: 0x800111c4 (0xff9ff06f) j       pc - 0x8
core   0: 3 0x800111c4 (0xff9ff06f)
core   0: 0x800111bc (0x00002f17) auipc   t5, 0x2
core   0: 3 0x800111bc (0x00002f17) x30 0x800131bc
core   0: 0x800111c0 (0xe43f2223) sw      gp, -444(t5)
core   0: 3 0x800111c0 (0xe43f2223) mem 0x80013000 0x00000001
core   0: 0x800111c4 (0xff9ff06f) j       pc - 0x8
core   0: 3 0x800111c4 (0xff9ff06f)
core   0: 0x800111bc (0x00002f17) auipc   t5, 0x2
core   0: 3 0x800111bc (0x00002f17) x30 0x800131bc
core   0: 0x800111c0 (0xe43f2223) sw      gp, -444(t5)
core   0: 3 0x800111c0 (0xe43f2223) mem 0x80013000 0x00000001
core   0: 0x800111c4 (0xff9ff06f) j       pc - 0x8
core   0: 3 0x800111c4 (0xff9ff06f)
core   0: 0x800111bc (0x00002f17) auipc   t5, 0x2
core   0: 3 0x800111bc (0x00002f17) x30 0x800131bc
core   0: 0x800111c0 (0xe43f2223) sw      gp, -444(t5)
core   0: 3 0x800111c0 (0xe43f2223) mem 0x80013000 0x00000001
core   0: 0x800111c4 (0xff9ff06f) j       pc - 0x8
core   0: 3 0x800111c4 (0xff9ff06f)
core   0: 0x800111bc (0x00002f17) auipc   t5, 0x2
core   0: 3 0x800111bc (0x00002f17) x30 0x800131bc
core   0: 0x800111c0 (0xe43f2223) sw      gp, -444(t5)
core   0: 3 0x800111c0 (0xe43f2223) mem 0x80013000 0x00000001
core   0: 0x800111c4 (0xff9ff06f) j       pc - 0x8
core   0: 3 0x800111c4 (0xff9ff06f)
core   0: 0x800111bc (0x00002f17) auipc   t5, 0x2
core   0: 3 0x800111bc (0x00002f17) x30 0x800131bc
core   0: 0x800111c0 (0xe43f2223) sw      gp, -444(t5)
core   0: 3 0x800111c0 (0xe43f2223) mem 0x80013000 0x00000001
core   0: 0x800111c4 (0xff9ff06f) j       pc - 0x8
core   0: 3 0x800111c4 (0xff9ff06f)
core   0: 0x800111bc (0x00002f17) auipc   t5, 0x2
core   0: 3 0x800111bc (0x00002f17) x30 0x800131bc
core   0: 0x800111c0 (0xe43f2223) sw      gp, -444(t5)
core   0: 3 0x800111c0 (0xe43f2223) mem 0x80013000 0x00000001
core   0: 0x800111c4 (0xff9ff06f) j       pc - 0x8
core   0: 3 0x800111c4 (0xff9ff06f)
core   0: 0x800111bc (0x00002f17) auipc   t5, 0x2
core   0: 3 0x800111bc (0x00002f17) x30 0x800131bc
core   0: 0x800111c0 (0xe43f2223) sw      gp, -444(t5)
core   0: 3 0x800111c0 (0xe43f2223) mem 0x80013000 0x00000001
core   0: 0x800111c4 (0xff9ff06f) j       pc - 0x8
core   0: 3 0x800111c4 (0xff9ff06f)
core   0: 0x800111bc (0x00002f17) auipc   t5, 0x2
core   0: 3 0x800111bc (0x00002f17) x30 0x800131bc
core   0: 0x800111c0 (0xe43f2223) sw      gp, -444(t5)
core   0: 3 0x800111c0 (0xe43f2223) mem 0x80013000 0x00000001
core   0: 0x800111c4 (0xff9ff06f) j       pc - 0x8
core   0: 3 0x800111c4 (0xff9ff06f)
core   0: 0x800111bc (0x00002f17) auipc   t5, 0x2
core   0: 3 0x800111bc (0x00002f17) x30 0x800131bc
core   0: 0x800111c0 (0xe43f2223) sw      gp, -444(t5)
core   0: 3 0x800111c0 (0xe43f2223) mem 0x80013000 0x00000001
core   0: 0x800111c4 (0xff9ff06f) j       pc - 0x8
core   0: 3 0x800111c4 (0xff9ff06f)
core   0: 0x800111bc (0x00002f17) auipc   t5, 0x2
core   0: 3 0x800111bc (0x00002f17) x30 0x800131bc
core   0: 0x800111c0 (0xe43f2223) sw      gp, -444(t5)
core   0: 3 0x800111c0 (0xe43f2223) mem 0x80013000 0x00000001
core   0: 0x800111c4 (0xff9ff06f) j       pc - 0x8
core   0: 3 0x800111c4 (0xff9ff06f)
core   0: 0x800111bc (0x00002f17) auipc   t5, 0x2
core   0: 3 0x800111bc (0x00002f17) x30 0x800131bc
core   0: 0x800111c0 (0xe43f2223) sw      gp, -444(t5)
core   0: 3 0x800111c0 (0xe43f2223) mem 0x80013000 0x00000001
core   0: 0x800111c4 (0xff9ff06f) j       pc - 0x8
core   0: 3 0x800111c4 (0xff9ff06f)
core   0: 0x800111bc (0x00002f17) auipc   t5, 0x2
core   0: 3 0x800111bc (0x00002f17) x30 0x800131bc
core   0: 0x800111c0 (0xe43f2223) sw      gp, -444(t5)
core   0: 3 0x800111c0 (0xe43f2223) mem 0x80013000 0x00000001
core   0: 0x800111c4 (0xff9ff06f) j       pc - 0x8
core   0: 3 0x800111c4 (0xff9ff06f)
core   0: 0x800111bc (0x00002f17) auipc   t5, 0x2
core   0: 3 0x800111bc (0x00002f17) x30 0x800131bc
core   0: 0x800111c0 (0xe43f2223) sw      gp, -444(t5)
core   0: 3 0x800111c0 (0xe43f2223) mem 0x80013000 0x00000001
core   0: 0x800111c4 (0xff9ff06f) j       pc - 0x8
core   0: 3 0x800111c4 (0xff9ff06f)
core   0: 0x800111bc (0x00002f17) auipc   t5, 0x2
core   0: 3 0x800111bc (0x00002f17) x30 0x800131bc
core   0: 0x800111c0 (0xe43f2223) sw      gp, -444(t5)
core   0: 3 0x800111c0 (0xe43f2223) mem 0x80013000 0x00000001
core   0: 0x800111c4 (0xff9ff06f) j       pc - 0x8
core   0: 3 0x800111c4 (0xff9ff06f)
core   0: 0x800111bc (0x00002f17) auipc   t5, 0x2
core   0: 3 0x800111bc (0x00002f17) x30 0x800131bc
core   0: 0x800111c0 (0xe43f2223) sw      gp, -444(t5)
core   0: 3 0x800111c0 (0xe43f2223) mem 0x80013000 0x00000001
core   0: 0x800111c4 (0xff9ff06f) j       pc - 0x8
core   0: 3 0x800111c4 (0xff9ff06f)
core   0: 0x800111bc (0x00002f17) auipc   t5, 0x2
core   0: 3 0x800111bc (0x00002f17) x30 0x800131bc
core   0: 0x800111c0 (0xe43f2223) sw      gp, -444(t5)
core   0: 3 0x800111c0 (0xe43f2223) mem 0x80013000 0x00000001
core   0: 0x800111c4 (0xff9ff06f) j       pc - 0x8
core   0: 3 0x800111c4 (0xff9ff06f)
core   0: 0x800111bc (0x00002f17) auipc   t5, 0x2
core   0: 3 0x800111bc (0x00002f17) x30 0x800131bc
core   0: 0x800111c0 (0xe43f2223) sw      gp, -444(t5)
core   0: 3 0x800111c0 (0xe43f2223) mem 0x80013000 0x00000001
core   0: 0x800111c4 (0xff9ff06f) j       pc - 0x8
core   0: 3 0x800111c4 (0xff9ff06f)
core   0: 0x800111bc (0x00002f17) auipc   t5, 0x2
core   0: 3 0x800111bc (0x00002f17) x30 0x800131bc
core   0: 0x800111c0 (0xe43f2223) sw      gp, -444(t5)
core   0: 3 0x800111c0 (0xe43f2223) mem 0x80013000 0x00000001
core   0: 0x800111c4 (0xff9ff06f) j       pc - 0x8
core   0: 3 0x800111c4 (0xff9ff06f)
core   0: 0x800111bc (0x00002f17) auipc   t5, 0x2
core   0: 3 0x800111bc (0x00002f17) x30 0x800131bc
core   0: 0x800111c0 (0xe43f2223) sw      gp, -444(t5)
core   0: 3 0x800111c0 (0xe43f2223) mem 0x80013000 0x00000001
core   0: 0x800111c4 (0xff9ff06f) j       pc - 0x8
core   0: 3 0x800111c4 (0xff9ff06f)
core   0: 0x800111bc (0x00002f17) auipc   t5, 0x2
core   0: 3 0x800111bc (0x00002f17) x30 0x800131bc
core   0: 0x800111c0 (0xe43f2223) sw      gp, -444(t5)
core   0: 3 0x800111c0 (0xe43f2223) mem 0x80013000 0x00000001
core   0: 0x800111c4 (0xff9ff06f) j       pc - 0x8
core   0: 3 0x800111c4 (0xff9ff06f)
core   0: 0x800111bc (0x00002f17) auipc   t5, 0x2
core   0: 3 0x800111bc (0x00002f17) x30 0x800131bc
core   0: 0x800111c0 (0xe43f2223) sw      gp, -444(t5)
core   0: 3 0x800111c0 (0xe43f2223) mem 0x80013000 0x00000001
core   0: 0x800111c4 (0xff9ff06f) j       pc - 0x8
core   0: 3 0x800111c4 (0xff9ff06f)
core   0: 0x800111bc (0x00002f17) auipc   t5, 0x2
core   0: 3 0x800111bc (0x00002f17) x30 0x800131bc
core   0: 0x800111c0 (0xe43f2223) sw      gp, -444(t5)
core   0: 3 0x800111c0 (0xe43f2223) mem 0x80013000 0x00000001
core   0: 0x800111c4 (0xff9ff06f) j       pc - 0x8
core   0: 3 0x800111c4 (0xff9ff06f)
core   0: 0x800111bc (0x00002f17) auipc   t5, 0x2
core   0: 3 0x800111bc (0x00002f17) x30 0x800131bc
core   0: 0x800111c0 (0xe43f2223) sw      gp, -444(t5)
core   0: 3 0x800111c0 (0xe43f2223) mem 0x80013000 0x00000001
core   0: 0x800111c4 (0xff9ff06f) j       pc - 0x8
core   0: 3 0x800111c4 (0xff9ff06f)
core   0: 0x800111bc (0x00002f17) auipc   t5, 0x2
core   0: 3 0x800111bc (0x00002f17) x30 0x800131bc
core   0: 0x800111c0 (0xe43f2223) sw      gp, -444(t5)
core   0: 3 0x800111c0 (0xe43f2223) mem 0x80013000 0x00000001
core   0: 0x800111c4 (0xff9ff06f) j       pc - 0x8
core   0: 3 0x800111c4 (0xff9ff06f)
core   0: 0x800111bc (0x00002f17) auipc   t5, 0x2
core   0: 3 0x800111bc (0x00002f17) x30 0x800131bc
core   0: 0x800111c0 (0xe43f2223) sw      gp, -444(t5)
core   0: 3 0x800111c0 (0xe43f2223) mem 0x80013000 0x00000001
core   0: 0x800111c4 (0xff9ff06f) j       pc - 0x8
core   0: 3 0x800111c4 (0xff9ff06f)
core   0: 0x800111bc (0x00002f17) auipc   t5, 0x2
core   0: 3 0x800111bc (0x00002f17) x30 0x800131bc
core   0: 0x800111c0 (0xe43f2223) sw      gp, -444(t5)
core   0: 3 0x800111c0 (0xe43f2223) mem 0x80013000 0x00000001
core   0: 0x800111c4 (0xff9ff06f) j       pc - 0x8
core   0: 3 0x800111c4 (0xff9ff06f)
core   0: 0x800111bc (0x00002f17) auipc   t5, 0x2
core   0: 3 0x800111bc (0x00002f17) x30 0x800131bc
core   0: 0x800111c0 (0xe43f2223) sw      gp, -444(t5)
core   0: 3 0x800111c0 (0xe43f2223) mem 0x80013000 0x00000001
core   0: 0x800111c4 (0xff9ff06f) j       pc - 0x8
core   0: 3 0x800111c4 (0xff9ff06f)
core   0: 0x800111bc (0x00002f17) auipc   t5, 0x2
core   0: 3 0x800111bc (0x00002f17) x30 0x800131bc
core   0: 0x800111c0 (0xe43f2223) sw      gp, -444(t5)
core   0: 3 0x800111c0 (0xe43f2223) mem 0x80013000 0x00000001
core   0: 0x800111c4 (0xff9ff06f) j       pc - 0x8
core   0: 3 0x800111c4 (0xff9ff06f)
core   0: 0x800111bc (0x00002f17) auipc   t5, 0x2
core   0: 3 0x800111bc (0x00002f17) x30 0x800131bc
core   0: 0x800111c0 (0xe43f2223) sw      gp, -444(t5)
core   0: 3 0x800111c0 (0xe43f2223) mem 0x80013000 0x00000001
core   0: 0x800111c4 (0xff9ff06f) j       pc - 0x8
core   0: 3 0x800111c4 (0xff9ff06f)
core   0: 0x800111bc (0x00002f17) auipc   t5, 0x2
core   0: 3 0x800111bc (0x00002f17) x30 0x800131bc
core   0: 0x800111c0 (0xe43f2223) sw      gp, -444(t5)
core   0: 3 0x800111c0 (0xe43f2223) mem 0x80013000 0x00000001
core   0: 0x800111c4 (0xff9ff06f) j       pc - 0x8
core   0: 3 0x800111c4 (0xff9ff06f)
core   0: 0x800111bc (0x00002f17) auipc   t5, 0x2
core   0: 3 0x800111bc (0x00002f17) x30 0x800131bc
core   0: 0x800111c0 (0xe43f2223) sw      gp, -444(t5)
core   0: 3 0x800111c0 (0xe43f2223) mem 0x80013000 0x00000001
core   0: 0x800111c4 (0xff9ff06f) j       pc - 0x8
core   0: 3 0x800111c4 (0xff9ff06f)
core   0: 0x800111bc (0x00002f17) auipc   t5, 0x2
core   0: 3 0x800111bc (0x00002f17) x30 0x800131bc
core   0: 0x800111c0 (0xe43f2223) sw      gp, -444(t5)
core   0: 3 0x800111c0 (0xe43f2223) mem 0x80013000 0x00000001
core   0: 0x800111c4 (0xff9ff06f) j       pc - 0x8
core   0: 3 0x800111c4 (0xff9ff06f)
core   0: 0x800111bc (0x00002f17) auipc   t5, 0x2
core   0: 3 0x800111bc (0x00002f17) x30 0x800131bc
core   0: 0x800111c0 (0xe43f2223) sw      gp, -444(t5)
core   0: 3 0x800111c0 (0xe43f2223) mem 0x80013000 0x00000001
core   0: 0x800111c4 (0xff9ff06f) j       pc - 0x8
core   0: 3 0x800111c4 (0xff9ff06f)
core   0: 0x800111bc (0x00002f17) auipc   t5, 0x2
core   0: 3 0x800111bc (0x00002f17) x30 0x800131bc
core   0: 0x800111c0 (0xe43f2223) sw      gp, -444(t5)
core   0: 3 0x800111c0 (0xe43f2223) mem 0x80013000 0x00000001
core   0: 0x800111c4 (0xff9ff06f) j       pc - 0x8
core   0: 3 0x800111c4 (0xff9ff06f)
core   0: 0x800111bc (0x00002f17) auipc   t5, 0x2
core   0: 3 0x800111bc (0x00002f17) x30 0x800131bc
core   0: 0x800111c0 (0xe43f2223) sw      gp, -444(t5)
core   0: 3 0x800111c0 (0xe43f2223) mem 0x80013000 0x00000001
core   0: 0x800111c4 (0xff9ff06f) j       pc - 0x8
core   0: 3 0x800111c4 (0xff9ff06f)
core   0: 0x800111bc (0x00002f17) auipc   t5, 0x2
core   0: 3 0x800111bc (0x00002f17) x30 0x800131bc
core   0: 0x800111c0 (0xe43f2223) sw      gp, -444(t5)
core   0: 3 0x800111c0 (0xe43f2223) mem 0x80013000 0x00000001
core   0: 0x800111c4 (0xff9ff06f) j       pc - 0x8
core   0: 3 0x800111c4 (0xff9ff06f)
core   0: 0x800111bc (0x00002f17) auipc   t5, 0x2
core   0: 3 0x800111bc (0x00002f17) x30 0x800131bc
core   0: 0x800111c0 (0xe43f2223) sw      gp, -444(t5)
core   0: 3 0x800111c0 (0xe43f2223) mem 0x80013000 0x00000001
core   0: 0x800111c4 (0xff9ff06f) j       pc - 0x8
core   0: 3 0x800111c4 (0xff9ff06f)
core   0: 0x800111bc (0x00002f17) auipc   t5, 0x2
core   0: 3 0x800111bc (0x00002f17) x30 0x800131bc
core   0: 0x800111c0 (0xe43f2223) sw      gp, -444(t5)
core   0: 3 0x800111c0 (0xe43f2223) mem 0x80013000 0x00000001
core   0: 0x800111c4 (0xff9ff06f) j       pc - 0x8
core   0: 3 0x800111c4 (0xff9ff06f)
core   0: 0x800111bc (0x00002f17) auipc   t5, 0x2
core   0: 3 0x800111bc (0x00002f17) x30 0x800131bc
core   0: 0x800111c0 (0xe43f2223) sw      gp, -444(t5)
core   0: 3 0x800111c0 (0xe43f2223) mem 0x80013000 0x00000001
core   0: 0x800111c4 (0xff9ff06f) j       pc - 0x8
core   0: 3 0x800111c4 (0xff9ff06f)
core   0: 0x800111bc (0x00002f17) auipc   t5, 0x2
core   0: 3 0x800111bc (0x00002f17) x30 0x800131bc
core   0: 0x800111c0 (0xe43f2223) sw      gp, -444(t5)
core   0: 3 0x800111c0 (0xe43f2223) mem 0x80013000 0x00000001
core   0: 0x800111c4 (0xff9ff06f) j       pc - 0x8
core   0: 3 0x800111c4 (0xff9ff06f)
core   0: 0x800111bc (0x00002f17) auipc   t5, 0x2
core   0: 3 0x800111bc (0x00002f17) x30 0x800131bc
core   0: 0x800111c0 (0xe43f2223) sw      gp, -444(t5)
core   0: 3 0x800111c0 (0xe43f2223) mem 0x80013000 0x00000001
core   0: 0x800111c4 (0xff9ff06f) j       pc - 0x8
core   0: 3 0x800111c4 (0xff9ff06f)
core   0: 0x800111bc (0x00002f17) auipc   t5, 0x2
core   0: 3 0x800111bc (0x00002f17) x30 0x800131bc
core   0: 0x800111c0 (0xe43f2223) sw      gp, -444(t5)
core   0: 3 0x800111c0 (0xe43f2223) mem 0x80013000 0x00000001
core   0: 0x800111c4 (0xff9ff06f) j       pc - 0x8
core   0: 3 0x800111c4 (0xff9ff06f)
core   0: 0x800111bc (0x00002f17) auipc   t5, 0x2
core   0: 3 0x800111bc (0x00002f17) x30 0x800131bc
core   0: 0x800111c0 (0xe43f2223) sw      gp, -444(t5)
core   0: 3 0x800111c0 (0xe43f2223) mem 0x80013000 0x00000001
core   0: 0x800111c4 (0xff9ff06f) j       pc - 0x8
core   0: 3 0x800111c4 (0xff9ff06f)
core   0: 0x800111bc (0x00002f17) auipc   t5, 0x2
core   0: 3 0x800111bc (0x00002f17) x30 0x800131bc
core   0: 0x800111c0 (0xe43f2223) sw      gp, -444(t5)
core   0: 3 0x800111c0 (0xe43f2223) mem 0x80013000 0x00000001
core   0: 0x800111c4 (0xff9ff06f) j       pc - 0x8
core   0: 3 0x800111c4 (0xff9ff06f)
core   0: 0x800111bc (0x00002f17) auipc   t5, 0x2
core   0: 3 0x800111bc (0x00002f17) x30 0x800131bc
core   0: 0x800111c0 (0xe43f2223) sw      gp, -444(t5)
core   0: 3 0x800111c0 (0xe43f2223) mem 0x80013000 0x00000001
core   0: 0x800111c4 (0xff9ff06f) j       pc - 0x8
core   0: 3 0x800111c4 (0xff9ff06f)
core   0: 0x800111bc (0x00002f17) auipc   t5, 0x2
core   0: 3 0x800111bc (0x00002f17) x30 0x800131bc
core   0: 0x800111c0 (0xe43f2223) sw      gp, -444(t5)
core   0: 3 0x800111c0 (0xe43f2223) mem 0x80013000 0x00000001
core   0: 0x800111c4 (0xff9ff06f) j       pc - 0x8
core   0: 3 0x800111c4 (0xff9ff06f)
core   0: 0x800111bc (0x00002f17) auipc   t5, 0x2
core   0: 3 0x800111bc (0x00002f17) x30 0x800131bc
core   0: 0x800111c0 (0xe43f2223) sw      gp, -444(t5)
core   0: 3 0x800111c0 (0xe43f2223) mem 0x80013000 0x00000001
core   0: 0x800111c4 (0xff9ff06f) j       pc - 0x8
core   0: 3 0x800111c4 (0xff9ff06f)
core   0: 0x800111bc (0x00002f17) auipc   t5, 0x2
core   0: 3 0x800111bc (0x00002f17) x30 0x800131bc
core   0: 0x800111c0 (0xe43f2223) sw      gp, -444(t5)
core   0: 3 0x800111c0 (0xe43f2223) mem 0x80013000 0x00000001
core   0: 0x800111c4 (0xff9ff06f) j       pc - 0x8
core   0: 3 0x800111c4 (0xff9ff06f)
core   0: 0x800111bc (0x00002f17) auipc   t5, 0x2
core   0: 3 0x800111bc (0x00002f17) x30 0x800131bc
core   0: 0x800111c0 (0xe43f2223) sw      gp, -444(t5)
core   0: 3 0x800111c0 (0xe43f2223) mem 0x80013000 0x00000001
core   0: 0x800111c4 (0xff9ff06f) j       pc - 0x8
core   0: 3 0x800111c4 (0xff9ff06f)
core   0: 0x800111bc (0x00002f17) auipc   t5, 0x2
core   0: 3 0x800111bc (0x00002f17) x30 0x800131bc
core   0: 0x800111c0 (0xe43f2223) sw      gp, -444(t5)
core   0: 3 0x800111c0 (0xe43f2223) mem 0x80013000 0x00000001
core   0: 0x800111c4 (0xff9ff06f) j       pc - 0x8
core   0: 3 0x800111c4 (0xff9ff06f)
core   0: 0x800111bc (0x00002f17) auipc   t5, 0x2
core   0: 3 0x800111bc (0x00002f17) x30 0x800131bc
core   0: 0x800111c0 (0xe43f2223) sw      gp, -444(t5)
core   0: 3 0x800111c0 (0xe43f2223) mem 0x80013000 0x00000001
core   0: 0x800111c4 (0xff9ff06f) j       pc - 0x8
core   0: 3 0x800111c4 (0xff9ff06f)
core   0: 0x800111bc (0x00002f17) auipc   t5, 0x2
core   0: 3 0x800111bc (0x00002f17) x30 0x800131bc
core   0: 0x800111c0 (0xe43f2223) sw      gp, -444(t5)
core   0: 3 0x800111c0 (0xe43f2223) mem 0x80013000 0x00000001
core   0: 0x800111c4 (0xff9ff06f) j       pc - 0x8
core   0: 3 0x800111c4 (0xff9ff06f)
core   0: 0x800111bc (0x00002f17) auipc   t5, 0x2
core   0: 3 0x800111bc (0x00002f17) x30 0x800131bc
core   0: 0x800111c0 (0xe43f2223) sw      gp, -444(t5)
core   0: 3 0x800111c0 (0xe43f2223) mem 0x80013000 0x00000001
core   0: 0x800111c4 (0xff9ff06f) j       pc - 0x8
core   0: 3 0x800111c4 (0xff9ff06f)
core   0: 0x800111bc (0x00002f17) auipc   t5, 0x2
core   0: 3 0x800111bc (0x00002f17) x30 0x800131bc
core   0: 0x800111c0 (0xe43f2223) sw      gp, -444(t5)
core   0: 3 0x800111c0 (0xe43f2223) mem 0x80013000 0x00000001
core   0: 0x800111c4 (0xff9ff06f) j       pc - 0x8
core   0: 3 0x800111c4 (0xff9ff06f)
core   0: 0x800111bc (0x00002f17) auipc   t5, 0x2
core   0: 3 0x800111bc (0x00002f17) x30 0x800131bc
core   0: 0x800111c0 (0xe43f2223) sw      gp, -444(t5)
core   0: 3 0x800111c0 (0xe43f2223) mem 0x80013000 0x00000001
core   0: 0x800111c4 (0xff9ff06f) j       pc - 0x8
core   0: 3 0x800111c4 (0xff9ff06f)
core   0: 0x800111bc (0x00002f17) auipc   t5, 0x2
core   0: 3 0x800111bc (0x00002f17) x30 0x800131bc
core   0: 0x800111c0 (0xe43f2223) sw      gp, -444(t5)
core   0: 3 0x800111c0 (0xe43f2223) mem 0x80013000 0x00000001
core   0: 0x800111c4 (0xff9ff06f) j       pc - 0x8
core   0: 3 0x800111c4 (0xff9ff06f)
core   0: 0x800111bc (0x00002f17) auipc   t5, 0x2
core   0: 3 0x800111bc (0x00002f17) x30 0x800131bc
core   0: 0x800111c0 (0xe43f2223) sw      gp, -444(t5)
core   0: 3 0x800111c0 (0xe43f2223) mem 0x80013000 0x00000001
core   0: 0x800111c4 (0xff9ff06f) j       pc - 0x8
core   0: 3 0x800111c4 (0xff9ff06f)
core   0: 0x800111bc (0x00002f17) auipc   t5, 0x2
core   0: 3 0x800111bc (0x00002f17) x30 0x800131bc
core   0: 0x800111c0 (0xe43f2223) sw      gp, -444(t5)
core   0: 3 0x800111c0 (0xe43f2223) mem 0x80013000 0x00000001
core   0: 0x800111c4 (0xff9ff06f) j       pc - 0x8
core   0: 3 0x800111c4 (0xff9ff06f)
core   0: 0x800111bc (0x00002f17) auipc   t5, 0x2
core   0: 3 0x800111bc (0x00002f17) x30 0x800131bc
core   0: 0x800111c0 (0xe43f2223) sw      gp, -444(t5)
core   0: 3 0x800111c0 (0xe43f2223) mem 0x80013000 0x00000001
core   0: 0x800111c4 (0xff9ff06f) j       pc - 0x8
core   0: 3 0x800111c4 (0xff9ff06f)
core   0: 0x800111bc (0x00002f17) auipc   t5, 0x2
core   0: 3 0x800111bc (0x00002f17) x30 0x800131bc
core   0: 0x800111c0 (0xe43f2223) sw      gp, -444(t5)
core   0: 3 0x800111c0 (0xe43f2223) mem 0x80013000 0x00000001
core   0: 0x800111c4 (0xff9ff06f) j       pc - 0x8
core   0: 3 0x800111c4 (0xff9ff06f)
core   0: 0x800111bc (0x00002f17) auipc   t5, 0x2
core   0: 3 0x800111bc (0x00002f17) x30 0x800131bc
core   0: 0x800111c0 (0xe43f2223) sw      gp, -444(t5)
core   0: 3 0x800111c0 (0xe43f2223) mem 0x80013000 0x00000001
core   0: 0x800111c4 (0xff9ff06f) j       pc - 0x8
core   0: 3 0x800111c4 (0xff9ff06f)
core   0: 0x800111bc (0x00002f17) auipc   t5, 0x2
core   0: 3 0x800111bc (0x00002f17) x30 0x800131bc
core   0: 0x800111c0 (0xe43f2223) sw      gp, -444(t5)
core   0: 3 0x800111c0 (0xe43f2223) mem 0x80013000 0x00000001
core   0: 0x800111c4 (0xff9ff06f) j       pc - 0x8
core   0: 3 0x800111c4 (0xff9ff06f)
core   0: 0x800111bc (0x00002f17) auipc   t5, 0x2
core   0: 3 0x800111bc (0x00002f17) x30 0x800131bc
core   0: 0x800111c0 (0xe43f2223) sw      gp, -444(t5)
core   0: 3 0x800111c0 (0xe43f2223) mem 0x80013000 0x00000001
core   0: 0x800111c4 (0xff9ff06f) j       pc - 0x8
core   0: 3 0x800111c4 (0xff9ff06f)
core   0: 0x800111bc (0x00002f17) auipc   t5, 0x2
core   0: 3 0x800111bc (0x00002f17) x30 0x800131bc
core   0: 0x800111c0 (0xe43f2223) sw      gp, -444(t5)
core   0: 3 0x800111c0 (0xe43f2223) mem 0x80013000 0x00000001
core   0: 0x800111c4 (0xff9ff06f) j       pc - 0x8
core   0: 3 0x800111c4 (0xff9ff06f)
core   0: 0x800111bc (0x00002f17) auipc   t5, 0x2
core   0: 3 0x800111bc (0x00002f17) x30 0x800131bc
core   0: 0x800111c0 (0xe43f2223) sw      gp, -444(t5)
core   0: 3 0x800111c0 (0xe43f2223) mem 0x80013000 0x00000001
core   0: 0x800111c4 (0xff9ff06f) j       pc - 0x8
core   0: 3 0x800111c4 (0xff9ff06f)
core   0: 0x800111bc (0x00002f17) auipc   t5, 0x2
core   0: 3 0x800111bc (0x00002f17) x30 0x800131bc
core   0: 0x800111c0 (0xe43f2223) sw      gp, -444(t5)
core   0: 3 0x800111c0 (0xe43f2223) mem 0x80013000 0x00000001
core   0: 0x800111c4 (0xff9ff06f) j       pc - 0x8
core   0: 3 0x800111c4 (0xff9ff06f)
core   0: 0x800111bc (0x00002f17) auipc   t5, 0x2
core   0: 3 0x800111bc (0x00002f17) x30 0x800131bc
core   0: 0x800111c0 (0xe43f2223) sw      gp, -444(t5)
core   0: 3 0x800111c0 (0xe43f2223) mem 0x80013000 0x00000001
core   0: 0x800111c4 (0xff9ff06f) j       pc - 0x8
core   0: 3 0x800111c4 (0xff9ff06f)
core   0: 0x800111bc (0x00002f17) auipc   t5, 0x2
core   0: 3 0x800111bc (0x00002f17) x30 0x800131bc
core   0: 0x800111c0 (0xe43f2223) sw      gp, -444(t5)
core   0: 3 0x800111c0 (0xe43f2223) mem 0x80013000 0x00000001
core   0: 0x800111c4 (0xff9ff06f) j       pc - 0x8
core   0: 3 0x800111c4 (0xff9ff06f)
core   0: 0x800111bc (0x00002f17) auipc   t5, 0x2
core   0: 3 0x800111bc (0x00002f17) x30 0x800131bc
core   0: 0x800111c0 (0xe43f2223) sw      gp, -444(t5)
core   0: 3 0x800111c0 (0xe43f2223) mem 0x80013000 0x00000001
core   0: 0x800111c4 (0xff9ff06f) j       pc - 0x8
core   0: 3 0x800111c4 (0xff9ff06f)
core   0: 0x800111bc (0x00002f17) auipc   t5, 0x2
core   0: 3 0x800111bc (0x00002f17) x30 0x800131bc
core   0: 0x800111c0 (0xe43f2223) sw      gp, -444(t5)
core   0: 3 0x800111c0 (0xe43f2223) mem 0x80013000 0x00000001
core   0: 0x800111c4 (0xff9ff06f) j       pc - 0x8
core   0: 3 0x800111c4 (0xff9ff06f)
core   0: 0x800111bc (0x00002f17) auipc   t5, 0x2
core   0: 3 0x800111bc (0x00002f17) x30 0x800131bc
core   0: 0x800111c0 (0xe43f2223) sw      gp, -444(t5)
core   0: 3 0x800111c0 (0xe43f2223) mem 0x80013000 0x00000001
core   0: 0x800111c4 (0xff9ff06f) j       pc - 0x8
core   0: 3 0x800111c4 (0xff9ff06f)
core   0: 0x800111bc (0x00002f17) auipc   t5, 0x2
core   0: 3 0x800111bc (0x00002f17) x30 0x800131bc
core   0: 0x800111c0 (0xe43f2223) sw      gp, -444(t5)
core   0: 3 0x800111c0 (0xe43f2223) mem 0x80013000 0x00000001
core   0: 0x800111c4 (0xff9ff06f) j       pc - 0x8
core   0: 3 0x800111c4 (0xff9ff06f)
core   0: 0x800111bc (0x00002f17) auipc   t5, 0x2
core   0: 3 0x800111bc (0x00002f17) x30 0x800131bc
core   0: 0x800111c0 (0xe43f2223) sw      gp, -444(t5)
core   0: 3 0x800111c0 (0xe43f2223) mem 0x80013000 0x00000001
core   0: 0x800111c4 (0xff9ff06f) j       pc - 0x8
core   0: 3 0x800111c4 (0xff9ff06f)
core   0: 0x800111bc (0x00002f17) auipc   t5, 0x2
core   0: 3 0x800111bc (0x00002f17) x30 0x800131bc
core   0: 0x800111c0 (0xe43f2223) sw      gp, -444(t5)
core   0: 3 0x800111c0 (0xe43f2223) mem 0x80013000 0x00000001
core   0: 0x800111c4 (0xff9ff06f) j       pc - 0x8
core   0: 3 0x800111c4 (0xff9ff06f)
core   0: 0x800111bc (0x00002f17) auipc   t5, 0x2
core   0: 3 0x800111bc (0x00002f17) x30 0x800131bc
core   0: 0x800111c0 (0xe43f2223) sw      gp, -444(t5)
core   0: 3 0x800111c0 (0xe43f2223) mem 0x80013000 0x00000001
core   0: 0x800111c4 (0xff9ff06f) j       pc - 0x8
core   0: 3 0x800111c4 (0xff9ff06f)
core   0: 0x800111bc (0x00002f17) auipc   t5, 0x2
core   0: 3 0x800111bc (0x00002f17) x30 0x800131bc
core   0: 0x800111c0 (0xe43f2223) sw      gp, -444(t5)
core   0: 3 0x800111c0 (0xe43f2223) mem 0x80013000 0x00000001
core   0: 0x800111c4 (0xff9ff06f) j       pc - 0x8
core   0: 3 0x800111c4 (0xff9ff06f)
core   0: 0x800111bc (0x00002f17) auipc   t5, 0x2
core   0: 3 0x800111bc (0x00002f17) x30 0x800131bc
core   0: 0x800111c0 (0xe43f2223) sw      gp, -444(t5)
core   0: 3 0x800111c0 (0xe43f2223) mem 0x80013000 0x00000001
core   0: 0x800111c4 (0xff9ff06f) j       pc - 0x8
core   0: 3 0x800111c4 (0xff9ff06f)
core   0: 0x800111bc (0x00002f17) auipc   t5, 0x2
core   0: 3 0x800111bc (0x00002f17) x30 0x800131bc
core   0: 0x800111c0 (0xe43f2223) sw      gp, -444(t5)
core   0: 3 0x800111c0 (0xe43f2223) mem 0x80013000 0x00000001
core   0: 0x800111c4 (0xff9ff06f) j       pc - 0x8
core   0: 3 0x800111c4 (0xff9ff06f)
core   0: 0x800111bc (0x00002f17) auipc   t5, 0x2
core   0: 3 0x800111bc (0x00002f17) x30 0x800131bc
core   0: 0x800111c0 (0xe43f2223) sw      gp, -444(t5)
core   0: 3 0x800111c0 (0xe43f2223) mem 0x80013000 0x00000001
core   0: 0x800111c4 (0xff9ff06f) j       pc - 0x8
core   0: 3 0x800111c4 (0xff9ff06f)
core   0: 0x800111bc (0x00002f17) auipc   t5, 0x2
core   0: 3 0x800111bc (0x00002f17) x30 0x800131bc
core   0: 0x800111c0 (0xe43f2223) sw      gp, -444(t5)
core   0: 3 0x800111c0 (0xe43f2223) mem 0x80013000 0x00000001
core   0: 0x800111c4 (0xff9ff06f) j       pc - 0x8
core   0: 3 0x800111c4 (0xff9ff06f)
core   0: 0x800111bc (0x00002f17) auipc   t5, 0x2
core   0: 3 0x800111bc (0x00002f17) x30 0x800131bc
core   0: 0x800111c0 (0xe43f2223) sw      gp, -444(t5)
core   0: 3 0x800111c0 (0xe43f2223) mem 0x80013000 0x00000001
core   0: 0x800111c4 (0xff9ff06f) j       pc - 0x8
core   0: 3 0x800111c4 (0xff9ff06f)
core   0: 0x800111bc (0x00002f17) auipc   t5, 0x2
core   0: 3 0x800111bc (0x00002f17) x30 0x800131bc
core   0: 0x800111c0 (0xe43f2223) sw      gp, -444(t5)
core   0: 3 0x800111c0 (0xe43f2223) mem 0x80013000 0x00000001
core   0: 0x800111c4 (0xff9ff06f) j       pc - 0x8
core   0: 3 0x800111c4 (0xff9ff06f)
core   0: 0x800111bc (0x00002f17) auipc   t5, 0x2
core   0: 3 0x800111bc (0x00002f17) x30 0x800131bc
core   0: 0x800111c0 (0xe43f2223) sw      gp, -444(t5)
core   0: 3 0x800111c0 (0xe43f2223) mem 0x80013000 0x00000001
core   0: 0x800111c4 (0xff9ff06f) j       pc - 0x8
core   0: 3 0x800111c4 (0xff9ff06f)
core   0: 0x800111bc (0x00002f17) auipc   t5, 0x2
core   0: 3 0x800111bc (0x00002f17) x30 0x800131bc
core   0: 0x800111c0 (0xe43f2223) sw      gp, -444(t5)
core   0: 3 0x800111c0 (0xe43f2223) mem 0x80013000 0x00000001
core   0: 0x800111c4 (0xff9ff06f) j       pc - 0x8
core   0: 3 0x800111c4 (0xff9ff06f)
core   0: 0x800111bc (0x00002f17) auipc   t5, 0x2
core   0: 3 0x800111bc (0x00002f17) x30 0x800131bc
core   0: 0x800111c0 (0xe43f2223) sw      gp, -444(t5)
core   0: 3 0x800111c0 (0xe43f2223) mem 0x80013000 0x00000001
core   0: 0x800111c4 (0xff9ff06f) j       pc - 0x8
core   0: 3 0x800111c4 (0xff9ff06f)
core   0: 0x800111bc (0x00002f17) auipc   t5, 0x2
core   0: 3 0x800111bc (0x00002f17) x30 0x800131bc
core   0: 0x800111c0 (0xe43f2223) sw      gp, -444(t5)
core   0: 3 0x800111c0 (0xe43f2223) mem 0x80013000 0x00000001
core   0: 0x800111c4 (0xff9ff06f) j       pc - 0x8
core   0: 3 0x800111c4 (0xff9ff06f)
core   0: 0x800111bc (0x00002f17) auipc   t5, 0x2
core   0: 3 0x800111bc (0x00002f17) x30 0x800131bc
core   0: 0x800111c0 (0xe43f2223) sw      gp, -444(t5)
core   0: 3 0x800111c0 (0xe43f2223) mem 0x80013000 0x00000001
core   0: 0x800111c4 (0xff9ff06f) j       pc - 0x8
core   0: 3 0x800111c4 (0xff9ff06f)
core   0: 0x800111bc (0x00002f17) auipc   t5, 0x2
core   0: 3 0x800111bc (0x00002f17) x30 0x800131bc
core   0: 0x800111c0 (0xe43f2223) sw      gp, -444(t5)
core   0: 3 0x800111c0 (0xe43f2223) mem 0x80013000 0x00000001
core   0: 0x800111c4 (0xff9ff06f) j       pc - 0x8
core   0: 3 0x800111c4 (0xff9ff06f)
core   0: 0x800111bc (0x00002f17) auipc   t5, 0x2
core   0: 3 0x800111bc (0x00002f17) x30 0x800131bc
core   0: 0x800111c0 (0xe43f2223) sw      gp, -444(t5)
core   0: 3 0x800111c0 (0xe43f2223) mem 0x80013000 0x00000001
core   0: 0x800111c4 (0xff9ff06f) j       pc - 0x8
core   0: 3 0x800111c4 (0xff9ff06f)
core   0: 0x800111bc (0x00002f17) auipc   t5, 0x2
core   0: 3 0x800111bc (0x00002f17) x30 0x800131bc
core   0: 0x800111c0 (0xe43f2223) sw      gp, -444(t5)
core   0: 3 0x800111c0 (0xe43f2223) mem 0x80013000 0x00000001
core   0: 0x800111c4 (0xff9ff06f) j       pc - 0x8
core   0: 3 0x800111c4 (0xff9ff06f)
core   0: 0x800111bc (0x00002f17) auipc   t5, 0x2
core   0: 3 0x800111bc (0x00002f17) x30 0x800131bc
core   0: 0x800111c0 (0xe43f2223) sw      gp, -444(t5)
core   0: 3 0x800111c0 (0xe43f2223) mem 0x80013000 0x00000001
core   0: 0x800111c4 (0xff9ff06f) j       pc - 0x8
core   0: 3 0x800111c4 (0xff9ff06f)
core   0: 0x800111bc (0x00002f17) auipc   t5, 0x2
core   0: 3 0x800111bc (0x00002f17) x30 0x800131bc
core   0: 0x800111c0 (0xe43f2223) sw      gp, -444(t5)
core   0: 3 0x800111c0 (0xe43f2223) mem 0x80013000 0x00000001
core   0: 0x800111c4 (0xff9ff06f) j       pc - 0x8
core   0: 3 0x800111c4 (0xff9ff06f)
core   0: 0x800111bc (0x00002f17) auipc   t5, 0x2
core   0: 3 0x800111bc (0x00002f17) x30 0x800131bc
core   0: 0x800111c0 (0xe43f2223) sw      gp, -444(t5)
core   0: 3 0x800111c0 (0xe43f2223) mem 0x80013000 0x00000001
core   0: 0x800111c4 (0xff9ff06f) j       pc - 0x8
core   0: 3 0x800111c4 (0xff9ff06f)
core   0: 0x800111bc (0x00002f17) auipc   t5, 0x2
core   0: 3 0x800111bc (0x00002f17) x30 0x800131bc
core   0: 0x800111c0 (0xe43f2223) sw      gp, -444(t5)
core   0: 3 0x800111c0 (0xe43f2223) mem 0x80013000 0x00000001
core   0: 0x800111c4 (0xff9ff06f) j       pc - 0x8
core   0: 3 0x800111c4 (0xff9ff06f)
core   0: 0x800111bc (0x00002f17) auipc   t5, 0x2
core   0: 3 0x800111bc (0x00002f17) x30 0x800131bc
core   0: 0x800111c0 (0xe43f2223) sw      gp, -444(t5)
core   0: 3 0x800111c0 (0xe43f2223) mem 0x80013000 0x00000001
core   0: 0x800111c4 (0xff9ff06f) j       pc - 0x8
core   0: 3 0x800111c4 (0xff9ff06f)
core   0: 0x800111bc (0x00002f17) auipc   t5, 0x2
core   0: 3 0x800111bc (0x00002f17) x30 0x800131bc
core   0: 0x800111c0 (0xe43f2223) sw      gp, -444(t5)
core   0: 3 0x800111c0 (0xe43f2223) mem 0x80013000 0x00000001
core   0: 0x800111c4 (0xff9ff06f) j       pc - 0x8
core   0: 3 0x800111c4 (0xff9ff06f)
core   0: 0x800111bc (0x00002f17) auipc   t5, 0x2
core   0: 3 0x800111bc (0x00002f17) x30 0x800131bc
core   0: 0x800111c0 (0xe43f2223) sw      gp, -444(t5)
core   0: 3 0x800111c0 (0xe43f2223) mem 0x80013000 0x00000001
core   0: 0x800111c4 (0xff9ff06f) j       pc - 0x8
core   0: 3 0x800111c4 (0xff9ff06f)
core   0: 0x800111bc (0x00002f17) auipc   t5, 0x2
core   0: 3 0x800111bc (0x00002f17) x30 0x800131bc
core   0: 0x800111c0 (0xe43f2223) sw      gp, -444(t5)
core   0: 3 0x800111c0 (0xe43f2223) mem 0x80013000 0x00000001
core   0: 0x800111c4 (0xff9ff06f) j       pc - 0x8
core   0: 3 0x800111c4 (0xff9ff06f)
core   0: 0x800111bc (0x00002f17) auipc   t5, 0x2
core   0: 3 0x800111bc (0x00002f17) x30 0x800131bc
core   0: 0x800111c0 (0xe43f2223) sw      gp, -444(t5)
core   0: 3 0x800111c0 (0xe43f2223) mem 0x80013000 0x00000001
core   0: 0x800111c4 (0xff9ff06f) j       pc - 0x8
core   0: 3 0x800111c4 (0xff9ff06f)
core   0: 0x800111bc (0x00002f17) auipc   t5, 0x2
core   0: 3 0x800111bc (0x00002f17) x30 0x800131bc
core   0: 0x800111c0 (0xe43f2223) sw      gp, -444(t5)
core   0: 3 0x800111c0 (0xe43f2223) mem 0x80013000 0x00000001
core   0: 0x800111c4 (0xff9ff06f) j       pc - 0x8
core   0: 3 0x800111c4 (0xff9ff06f)
core   0: 0x800111bc (0x00002f17) auipc   t5, 0x2
core   0: 3 0x800111bc (0x00002f17) x30 0x800131bc
core   0: 0x800111c0 (0xe43f2223) sw      gp, -444(t5)
core   0: 3 0x800111c0 (0xe43f2223) mem 0x80013000 0x00000001
core   0: 0x800111c4 (0xff9ff06f) j       pc - 0x8
core   0: 3 0x800111c4 (0xff9ff06f)
core   0: 0x800111bc (0x00002f17) auipc   t5, 0x2
core   0: 3 0x800111bc (0x00002f17) x30 0x800131bc
core   0: 0x800111c0 (0xe43f2223) sw      gp, -444(t5)
core   0: 3 0x800111c0 (0xe43f2223) mem 0x80013000 0x00000001
core   0: 0x800111c4 (0xff9ff06f) j       pc - 0x8
core   0: 3 0x800111c4 (0xff9ff06f)
core   0: 0x800111bc (0x00002f17) auipc   t5, 0x2
core   0: 3 0x800111bc (0x00002f17) x30 0x800131bc
core   0: 0x800111c0 (0xe43f2223) sw      gp, -444(t5)
core   0: 3 0x800111c0 (0xe43f2223) mem 0x80013000 0x00000001
core   0: 0x800111c4 (0xff9ff06f) j       pc - 0x8
core   0: 3 0x800111c4 (0xff9ff06f)
core   0: 0x800111bc (0x00002f17) auipc   t5, 0x2
core   0: 3 0x800111bc (0x00002f17) x30 0x800131bc
core   0: 0x800111c0 (0xe43f2223) sw      gp, -444(t5)
core   0: 3 0x800111c0 (0xe43f2223) mem 0x80013000 0x00000001
core   0: 0x800111c4 (0xff9ff06f) j       pc - 0x8
core   0: 3 0x800111c4 (0xff9ff06f)
core   0: 0x800111bc (0x00002f17) auipc   t5, 0x2
core   0: 3 0x800111bc (0x00002f17) x30 0x800131bc
core   0: 0x800111c0 (0xe43f2223) sw      gp, -444(t5)
core   0: 3 0x800111c0 (0xe43f2223) mem 0x80013000 0x00000001
core   0: 0x800111c4 (0xff9ff06f) j       pc - 0x8
core   0: 3 0x800111c4 (0xff9ff06f)
core   0: 0x800111bc (0x00002f17) auipc   t5, 0x2
core   0: 3 0x800111bc (0x00002f17) x30 0x800131bc
core   0: 0x800111c0 (0xe43f2223) sw      gp, -444(t5)
core   0: 3 0x800111c0 (0xe43f2223) mem 0x80013000 0x00000001
core   0: 0x800111c4 (0xff9ff06f) j       pc - 0x8
core   0: 3 0x800111c4 (0xff9ff06f)
core   0: 0x800111bc (0x00002f17) auipc   t5, 0x2
core   0: 3 0x800111bc (0x00002f17) x30 0x800131bc
core   0: 0x800111c0 (0xe43f2223) sw      gp, -444(t5)
core   0: 3 0x800111c0 (0xe43f2223) mem 0x80013000 0x00000001
core   0: 0x800111c4 (0xff9ff06f) j       pc - 0x8
core   0: 3 0x800111c4 (0xff9ff06f)
core   0: 0x800111bc (0x00002f17) auipc   t5, 0x2
core   0: 3 0x800111bc (0x00002f17) x30 0x800131bc
core   0: 0x800111c0 (0xe43f2223) sw      gp, -444(t5)
core   0: 3 0x800111c0 (0xe43f2223) mem 0x80013000 0x00000001
core   0: 0x800111c4 (0xff9ff06f) j       pc - 0x8
core   0: 3 0x800111c4 (0xff9ff06f)
core   0: 0x800111bc (0x00002f17) auipc   t5, 0x2
core   0: 3 0x800111bc (0x00002f17) x30 0x800131bc
core   0: 0x800111c0 (0xe43f2223) sw      gp, -444(t5)
core   0: 3 0x800111c0 (0xe43f2223) mem 0x80013000 0x00000001
core   0: 0x800111c4 (0xff9ff06f) j       pc - 0x8
core   0: 3 0x800111c4 (0xff9ff06f)
core   0: 0x800111bc (0x00002f17) auipc   t5, 0x2
core   0: 3 0x800111bc (0x00002f17) x30 0x800131bc
core   0: 0x800111c0 (0xe43f2223) sw      gp, -444(t5)
core   0: 3 0x800111c0 (0xe43f2223) mem 0x80013000 0x00000001
core   0: 0x800111c4 (0xff9ff06f) j       pc - 0x8
core   0: 3 0x800111c4 (0xff9ff06f)
core   0: 0x800111bc (0x00002f17) auipc   t5, 0x2
core   0: 3 0x800111bc (0x00002f17) x30 0x800131bc
core   0: 0x800111c0 (0xe43f2223) sw      gp, -444(t5)
core   0: 3 0x800111c0 (0xe43f2223) mem 0x80013000 0x00000001
core   0: 0x800111c4 (0xff9ff06f) j       pc - 0x8
core   0: 3 0x800111c4 (0xff9ff06f)
core   0: 0x800111bc (0x00002f17) auipc   t5, 0x2
core   0: 3 0x800111bc (0x00002f17) x30 0x800131bc
core   0: 0x800111c0 (0xe43f2223) sw      gp, -444(t5)
core   0: 3 0x800111c0 (0xe43f2223) mem 0x80013000 0x00000001
core   0: 0x800111c4 (0xff9ff06f) j       pc - 0x8
core   0: 3 0x800111c4 (0xff9ff06f)
core   0: 0x800111bc (0x00002f17) auipc   t5, 0x2
core   0: 3 0x800111bc (0x00002f17) x30 0x800131bc
core   0: 0x800111c0 (0xe43f2223) sw      gp, -444(t5)
core   0: 3 0x800111c0 (0xe43f2223) mem 0x80013000 0x00000001
core   0: 0x800111c4 (0xff9ff06f) j       pc - 0x8
core   0: 3 0x800111c4 (0xff9ff06f)
core   0: 0x800111bc (0x00002f17) auipc   t5, 0x2
core   0: 3 0x800111bc (0x00002f17) x30 0x800131bc
core   0: 0x800111c0 (0xe43f2223) sw      gp, -444(t5)
core   0: 3 0x800111c0 (0xe43f2223) mem 0x80013000 0x00000001
core   0: 0x800111c4 (0xff9ff06f) j       pc - 0x8
core   0: 3 0x800111c4 (0xff9ff06f)
core   0: 0x800111bc (0x00002f17) auipc   t5, 0x2
core   0: 3 0x800111bc (0x00002f17) x30 0x800131bc
core   0: 0x800111c0 (0xe43f2223) sw      gp, -444(t5)
core   0: 3 0x800111c0 (0xe43f2223) mem 0x80013000 0x00000001
core   0: 0x800111c4 (0xff9ff06f) j       pc - 0x8
core   0: 3 0x800111c4 (0xff9ff06f)
core   0: 0x800111bc (0x00002f17) auipc   t5, 0x2
core   0: 3 0x800111bc (0x00002f17) x30 0x800131bc
core   0: 0x800111c0 (0xe43f2223) sw      gp, -444(t5)
core   0: 3 0x800111c0 (0xe43f2223) mem 0x80013000 0x00000001
core   0: 0x800111c4 (0xff9ff06f) j       pc - 0x8
core   0: 3 0x800111c4 (0xff9ff06f)
core   0: 0x800111bc (0x00002f17) auipc   t5, 0x2
core   0: 3 0x800111bc (0x00002f17) x30 0x800131bc
core   0: 0x800111c0 (0xe43f2223) sw      gp, -444(t5)
core   0: 3 0x800111c0 (0xe43f2223) mem 0x80013000 0x00000001
core   0: 0x800111c4 (0xff9ff06f) j       pc - 0x8
core   0: 3 0x800111c4 (0xff9ff06f)
core   0: 0x800111bc (0x00002f17) auipc   t5, 0x2
core   0: 3 0x800111bc (0x00002f17) x30 0x800131bc
core   0: 0x800111c0 (0xe43f2223) sw      gp, -444(t5)
core   0: 3 0x800111c0 (0xe43f2223) mem 0x80013000 0x00000001
core   0: 0x800111c4 (0xff9ff06f) j       pc - 0x8
core   0: 3 0x800111c4 (0xff9ff06f)
core   0: 0x800111bc (0x00002f17) auipc   t5, 0x2
core   0: 3 0x800111bc (0x00002f17) x30 0x800131bc
core   0: 0x800111c0 (0xe43f2223) sw      gp, -444(t5)
core   0: 3 0x800111c0 (0xe43f2223) mem 0x80013000 0x00000001
core   0: 0x800111c4 (0xff9ff06f) j       pc - 0x8
core   0: 3 0x800111c4 (0xff9ff06f)
core   0: 0x800111bc (0x00002f17) auipc   t5, 0x2
core   0: 3 0x800111bc (0x00002f17) x30 0x800131bc
core   0: 0x800111c0 (0xe43f2223) sw      gp, -444(t5)
core   0: 3 0x800111c0 (0xe43f2223) mem 0x80013000 0x00000001
core   0: 0x800111c4 (0xff9ff06f) j       pc - 0x8
core   0: 3 0x800111c4 (0xff9ff06f)
core   0: 0x800111bc (0x00002f17) auipc   t5, 0x2
core   0: 3 0x800111bc (0x00002f17) x30 0x800131bc
core   0: 0x800111c0 (0xe43f2223) sw      gp, -444(t5)
core   0: 3 0x800111c0 (0xe43f2223) mem 0x80013000 0x00000001
core   0: 0x800111c4 (0xff9ff06f) j       pc - 0x8
core   0: 3 0x800111c4 (0xff9ff06f)
core   0: 0x800111bc (0x00002f17) auipc   t5, 0x2
core   0: 3 0x800111bc (0x00002f17) x30 0x800131bc
core   0: 0x800111c0 (0xe43f2223) sw      gp, -444(t5)
core   0: 3 0x800111c0 (0xe43f2223) mem 0x80013000 0x00000001
core   0: 0x800111c4 (0xff9ff06f) j       pc - 0x8
core   0: 3 0x800111c4 (0xff9ff06f)
core   0: 0x800111bc (0x00002f17) auipc   t5, 0x2
core   0: 3 0x800111bc (0x00002f17) x30 0x800131bc
core   0: 0x800111c0 (0xe43f2223) sw      gp, -444(t5)
core   0: 3 0x800111c0 (0xe43f2223) mem 0x80013000 0x00000001
core   0: 0x800111c4 (0xff9ff06f) j       pc - 0x8
core   0: 3 0x800111c4 (0xff9ff06f)
core   0: 0x800111bc (0x00002f17) auipc   t5, 0x2
core   0: 3 0x800111bc (0x00002f17) x30 0x800131bc
core   0: 0x800111c0 (0xe43f2223) sw      gp, -444(t5)
core   0: 3 0x800111c0 (0xe43f2223) mem 0x80013000 0x00000001
core   0: 0x800111c4 (0xff9ff06f) j       pc - 0x8
core   0: 3 0x800111c4 (0xff9ff06f)
core   0: 0x800111bc (0x00002f17) auipc   t5, 0x2
core   0: 3 0x800111bc (0x00002f17) x30 0x800131bc
core   0: 0x800111c0 (0xe43f2223) sw      gp, -444(t5)
core   0: 3 0x800111c0 (0xe43f2223) mem 0x80013000 0x00000001
core   0: 0x800111c4 (0xff9ff06f) j       pc - 0x8
core   0: 3 0x800111c4 (0xff9ff06f)
core   0: 0x800111bc (0x00002f17) auipc   t5, 0x2
core   0: 3 0x800111bc (0x00002f17) x30 0x800131bc
core   0: 0x800111c0 (0xe43f2223) sw      gp, -444(t5)
core   0: 3 0x800111c0 (0xe43f2223) mem 0x80013000 0x00000001
core   0: 0x800111c4 (0xff9ff06f) j       pc - 0x8
core   0: 3 0x800111c4 (0xff9ff06f)
core   0: 0x800111bc (0x00002f17) auipc   t5, 0x2
core   0: 3 0x800111bc (0x00002f17) x30 0x800131bc
core   0: 0x800111c0 (0xe43f2223) sw      gp, -444(t5)
core   0: 3 0x800111c0 (0xe43f2223) mem 0x80013000 0x00000001
core   0: 0x800111c4 (0xff9ff06f) j       pc - 0x8
core   0: 3 0x800111c4 (0xff9ff06f)
core   0: 0x800111bc (0x00002f17) auipc   t5, 0x2
core   0: 3 0x800111bc (0x00002f17) x30 0x800131bc
core   0: 0x800111c0 (0xe43f2223) sw      gp, -444(t5)
core   0: 3 0x800111c0 (0xe43f2223) mem 0x80013000 0x00000001
core   0: 0x800111c4 (0xff9ff06f) j       pc - 0x8
core   0: 3 0x800111c4 (0xff9ff06f)
core   0: 0x800111bc (0x00002f17) auipc   t5, 0x2
core   0: 3 0x800111bc (0x00002f17) x30 0x800131bc
core   0: 0x800111c0 (0xe43f2223) sw      gp, -444(t5)
core   0: 3 0x800111c0 (0xe43f2223) mem 0x80013000 0x00000001
core   0: 0x800111c4 (0xff9ff06f) j       pc - 0x8
core   0: 3 0x800111c4 (0xff9ff06f)
core   0: 0x800111bc (0x00002f17) auipc   t5, 0x2
core   0: 3 0x800111bc (0x00002f17) x30 0x800131bc
core   0: 0x800111c0 (0xe43f2223) sw      gp, -444(t5)
core   0: 3 0x800111c0 (0xe43f2223) mem 0x80013000 0x00000001
core   0: 0x800111c4 (0xff9ff06f) j       pc - 0x8
core   0: 3 0x800111c4 (0xff9ff06f)
core   0: 0x800111bc (0x00002f17) auipc   t5, 0x2
core   0: 3 0x800111bc (0x00002f17) x30 0x800131bc
core   0: 0x800111c0 (0xe43f2223) sw      gp, -444(t5)
core   0: 3 0x800111c0 (0xe43f2223) mem 0x80013000 0x00000001
core   0: 0x800111c4 (0xff9ff06f) j       pc - 0x8
core   0: 3 0x800111c4 (0xff9ff06f)
core   0: 0x800111bc (0x00002f17) auipc   t5, 0x2
core   0: 3 0x800111bc (0x00002f17) x30 0x800131bc
core   0: 0x800111c0 (0xe43f2223) sw      gp, -444(t5)
core   0: 3 0x800111c0 (0xe43f2223) mem 0x80013000 0x00000001
core   0: 0x800111c4 (0xff9ff06f) j       pc - 0x8
core   0: 3 0x800111c4 (0xff9ff06f)
core   0: 0x800111bc (0x00002f17) auipc   t5, 0x2
core   0: 3 0x800111bc (0x00002f17) x30 0x800131bc
core   0: 0x800111c0 (0xe43f2223) sw      gp, -444(t5)
core   0: 3 0x800111c0 (0xe43f2223) mem 0x80013000 0x00000001
core   0: 0x800111c4 (0xff9ff06f) j       pc - 0x8
core   0: 3 0x800111c4 (0xff9ff06f)
core   0: 0x800111bc (0x00002f17) auipc   t5, 0x2
core   0: 3 0x800111bc (0x00002f17) x30 0x800131bc
core   0: 0x800111c0 (0xe43f2223) sw      gp, -444(t5)
core   0: 3 0x800111c0 (0xe43f2223) mem 0x80013000 0x00000001
core   0: 0x800111c4 (0xff9ff06f) j       pc - 0x8
core   0: 3 0x800111c4 (0xff9ff06f)
core   0: 0x800111bc (0x00002f17) auipc   t5, 0x2
core   0: 3 0x800111bc (0x00002f17) x30 0x800131bc
core   0: 0x800111c0 (0xe43f2223) sw      gp, -444(t5)
core   0: 3 0x800111c0 (0xe43f2223) mem 0x80013000 0x00000001
core   0: 0x800111c4 (0xff9ff06f) j       pc - 0x8
core   0: 3 0x800111c4 (0xff9ff06f)
core   0: 0x800111bc (0x00002f17) auipc   t5, 0x2
core   0: 3 0x800111bc (0x00002f17) x30 0x800131bc
core   0: 0x800111c0 (0xe43f2223) sw      gp, -444(t5)
core   0: 3 0x800111c0 (0xe43f2223) mem 0x80013000 0x00000001
core   0: 0x800111c4 (0xff9ff06f) j       pc - 0x8
core   0: 3 0x800111c4 (0xff9ff06f)
core   0: 0x800111bc (0x00002f17) auipc   t5, 0x2
core   0: 3 0x800111bc (0x00002f17) x30 0x800131bc
core   0: 0x800111c0 (0xe43f2223) sw      gp, -444(t5)
core   0: 3 0x800111c0 (0xe43f2223) mem 0x80013000 0x00000001
core   0: 0x800111c4 (0xff9ff06f) j       pc - 0x8
core   0: 3 0x800111c4 (0xff9ff06f)
core   0: 0x800111bc (0x00002f17) auipc   t5, 0x2
core   0: 3 0x800111bc (0x00002f17) x30 0x800131bc
core   0: 0x800111c0 (0xe43f2223) sw      gp, -444(t5)
core   0: 3 0x800111c0 (0xe43f2223) mem 0x80013000 0x00000001
core   0: 0x800111c4 (0xff9ff06f) j       pc - 0x8
core   0: 3 0x800111c4 (0xff9ff06f)
core   0: 0x800111bc (0x00002f17) auipc   t5, 0x2
core   0: 3 0x800111bc (0x00002f17) x30 0x800131bc
core   0: 0x800111c0 (0xe43f2223) sw      gp, -444(t5)
core   0: 3 0x800111c0 (0xe43f2223) mem 0x80013000 0x00000001
core   0: 0x800111c4 (0xff9ff06f) j       pc - 0x8
core   0: 3 0x800111c4 (0xff9ff06f)
core   0: 0x800111bc (0x00002f17) auipc   t5, 0x2
core   0: 3 0x800111bc (0x00002f17) x30 0x800131bc
core   0: 0x800111c0 (0xe43f2223) sw      gp, -444(t5)
core   0: 3 0x800111c0 (0xe43f2223) mem 0x80013000 0x00000001
core   0: 0x800111c4 (0xff9ff06f) j       pc - 0x8
core   0: 3 0x800111c4 (0xff9ff06f)
core   0: 0x800111bc (0x00002f17) auipc   t5, 0x2
core   0: 3 0x800111bc (0x00002f17) x30 0x800131bc
core   0: 0x800111c0 (0xe43f2223) sw      gp, -444(t5)
core   0: 3 0x800111c0 (0xe43f2223) mem 0x80013000 0x00000001
core   0: 0x800111c4 (0xff9ff06f) j       pc - 0x8
core   0: 3 0x800111c4 (0xff9ff06f)
core   0: 0x800111bc (0x00002f17) auipc   t5, 0x2
core   0: 3 0x800111bc (0x00002f17) x30 0x800131bc
core   0: 0x800111c0 (0xe43f2223) sw      gp, -444(t5)
core   0: 3 0x800111c0 (0xe43f2223) mem 0x80013000 0x00000001
core   0: 0x800111c4 (0xff9ff06f) j       pc - 0x8
core   0: 3 0x800111c4 (0xff9ff06f)
core   0: 0x800111bc (0x00002f17) auipc   t5, 0x2
core   0: 3 0x800111bc (0x00002f17) x30 0x800131bc
core   0: 0x800111c0 (0xe43f2223) sw      gp, -444(t5)
core   0: 3 0x800111c0 (0xe43f2223) mem 0x80013000 0x00000001
core   0: 0x800111c4 (0xff9ff06f) j       pc - 0x8
core   0: 3 0x800111c4 (0xff9ff06f)
core   0: 0x800111bc (0x00002f17) auipc   t5, 0x2
core   0: 3 0x800111bc (0x00002f17) x30 0x800131bc
core   0: 0x800111c0 (0xe43f2223) sw      gp, -444(t5)
core   0: 3 0x800111c0 (0xe43f2223) mem 0x80013000 0x00000001
core   0: 0x800111c4 (0xff9ff06f) j       pc - 0x8
core   0: 3 0x800111c4 (0xff9ff06f)
core   0: 0x800111bc (0x00002f17) auipc   t5, 0x2
core   0: 3 0x800111bc (0x00002f17) x30 0x800131bc
core   0: 0x800111c0 (0xe43f2223) sw      gp, -444(t5)
core   0: 3 0x800111c0 (0xe43f2223) mem 0x80013000 0x00000001
core   0: 0x800111c4 (0xff9ff06f) j       pc - 0x8
core   0: 3 0x800111c4 (0xff9ff06f)
core   0: 0x800111bc (0x00002f17) auipc   t5, 0x2
core   0: 3 0x800111bc (0x00002f17) x30 0x800131bc
core   0: 0x800111c0 (0xe43f2223) sw      gp, -444(t5)
core   0: 3 0x800111c0 (0xe43f2223) mem 0x80013000 0x00000001
core   0: 0x800111c4 (0xff9ff06f) j       pc - 0x8
core   0: 3 0x800111c4 (0xff9ff06f)
core   0: 0x800111bc (0x00002f17) auipc   t5, 0x2
core   0: 3 0x800111bc (0x00002f17) x30 0x800131bc
core   0: 0x800111c0 (0xe43f2223) sw      gp, -444(t5)
core   0: 3 0x800111c0 (0xe43f2223) mem 0x80013000 0x00000001
core   0: 0x800111c4 (0xff9ff06f) j       pc - 0x8
core   0: 3 0x800111c4 (0xff9ff06f)
core   0: 0x800111bc (0x00002f17) auipc   t5, 0x2
core   0: 3 0x800111bc (0x00002f17) x30 0x800131bc
core   0: 0x800111c0 (0xe43f2223) sw      gp, -444(t5)
core   0: 3 0x800111c0 (0xe43f2223) mem 0x80013000 0x00000001
core   0: 0x800111c4 (0xff9ff06f) j       pc - 0x8
core   0: 3 0x800111c4 (0xff9ff06f)
core   0: 0x800111bc (0x00002f17) auipc   t5, 0x2
core   0: 3 0x800111bc (0x00002f17) x30 0x800131bc
core   0: 0x800111c0 (0xe43f2223) sw      gp, -444(t5)
core   0: 3 0x800111c0 (0xe43f2223) mem 0x80013000 0x00000001
core   0: 0x800111c4 (0xff9ff06f) j       pc - 0x8
core   0: 3 0x800111c4 (0xff9ff06f)
core   0: 0x800111bc (0x00002f17) auipc   t5, 0x2
core   0: 3 0x800111bc (0x00002f17) x30 0x800131bc
core   0: 0x800111c0 (0xe43f2223) sw      gp, -444(t5)
core   0: 3 0x800111c0 (0xe43f2223) mem 0x80013000 0x00000001
core   0: 0x800111c4 (0xff9ff06f) j       pc - 0x8
core   0: 3 0x800111c4 (0xff9ff06f)
core   0: 0x800111bc (0x00002f17) auipc   t5, 0x2
core   0: 3 0x800111bc (0x00002f17) x30 0x800131bc
core   0: 0x800111c0 (0xe43f2223) sw      gp, -444(t5)
core   0: 3 0x800111c0 (0xe43f2223) mem 0x80013000 0x00000001
core   0: 0x800111c4 (0xff9ff06f) j       pc - 0x8
core   0: 3 0x800111c4 (0xff9ff06f)
core   0: 0x800111bc (0x00002f17) auipc   t5, 0x2
core   0: 3 0x800111bc (0x00002f17) x30 0x800131bc
core   0: 0x800111c0 (0xe43f2223) sw      gp, -444(t5)
core   0: 3 0x800111c0 (0xe43f2223) mem 0x80013000 0x00000001
core   0: 0x800111c4 (0xff9ff06f) j       pc - 0x8
core   0: 3 0x800111c4 (0xff9ff06f)
core   0: 0x800111bc (0x00002f17) auipc   t5, 0x2
core   0: 3 0x800111bc (0x00002f17) x30 0x800131bc
core   0: 0x800111c0 (0xe43f2223) sw      gp, -444(t5)
core   0: 3 0x800111c0 (0xe43f2223) mem 0x80013000 0x00000001
core   0: 0x800111c4 (0xff9ff06f) j       pc - 0x8
core   0: 3 0x800111c4 (0xff9ff06f)
core   0: 0x800111bc (0x00002f17) auipc   t5, 0x2
core   0: 3 0x800111bc (0x00002f17) x30 0x800131bc
core   0: 0x800111c0 (0xe43f2223) sw      gp, -444(t5)
core   0: 3 0x800111c0 (0xe43f2223) mem 0x80013000 0x00000001
core   0: 0x800111c4 (0xff9ff06f) j       pc - 0x8
core   0: 3 0x800111c4 (0xff9ff06f)
core   0: 0x800111bc (0x00002f17) auipc   t5, 0x2
core   0: 3 0x800111bc (0x00002f17) x30 0x800131bc
core   0: 0x800111c0 (0xe43f2223) sw      gp, -444(t5)
core   0: 3 0x800111c0 (0xe43f2223) mem 0x80013000 0x00000001
core   0: 0x800111c4 (0xff9ff06f) j       pc - 0x8
core   0: 3 0x800111c4 (0xff9ff06f)
core   0: 0x800111bc (0x00002f17) auipc   t5, 0x2
core   0: 3 0x800111bc (0x00002f17) x30 0x800131bc
core   0: 0x800111c0 (0xe43f2223) sw      gp, -444(t5)
core   0: 3 0x800111c0 (0xe43f2223) mem 0x80013000 0x00000001
core   0: 0x800111c4 (0xff9ff06f) j       pc - 0x8
core   0: 3 0x800111c4 (0xff9ff06f)
core   0: 0x800111bc (0x00002f17) auipc   t5, 0x2
core   0: 3 0x800111bc (0x00002f17) x30 0x800131bc
core   0: 0x800111c0 (0xe43f2223) sw      gp, -444(t5)
core   0: 3 0x800111c0 (0xe43f2223) mem 0x80013000 0x00000001
core   0: 0x800111c4 (0xff9ff06f) j       pc - 0x8
core   0: 3 0x800111c4 (0xff9ff06f)
core   0: 0x800111bc (0x00002f17) auipc   t5, 0x2
core   0: 3 0x800111bc (0x00002f17) x30 0x800131bc
core   0: 0x800111c0 (0xe43f2223) sw      gp, -444(t5)
core   0: 3 0x800111c0 (0xe43f2223) mem 0x80013000 0x00000001
core   0: 0x800111c4 (0xff9ff06f) j       pc - 0x8
core   0: 3 0x800111c4 (0xff9ff06f)
core   0: 0x800111bc (0x00002f17) auipc   t5, 0x2
core   0: 3 0x800111bc (0x00002f17) x30 0x800131bc
core   0: 0x800111c0 (0xe43f2223) sw      gp, -444(t5)
core   0: 3 0x800111c0 (0xe43f2223) mem 0x80013000 0x00000001
core   0: 0x800111c4 (0xff9ff06f) j       pc - 0x8
core   0: 3 0x800111c4 (0xff9ff06f)
core   0: 0x800111bc (0x00002f17) auipc   t5, 0x2
core   0: 3 0x800111bc (0x00002f17) x30 0x800131bc
core   0: 0x800111c0 (0xe43f2223) sw      gp, -444(t5)
core   0: 3 0x800111c0 (0xe43f2223) mem 0x80013000 0x00000001
core   0: 0x800111c4 (0xff9ff06f) j       pc - 0x8
core   0: 3 0x800111c4 (0xff9ff06f)
core   0: 0x800111bc (0x00002f17) auipc   t5, 0x2
core   0: 3 0x800111bc (0x00002f17) x30 0x800131bc
core   0: 0x800111c0 (0xe43f2223) sw      gp, -444(t5)
core   0: 3 0x800111c0 (0xe43f2223) mem 0x80013000 0x00000001
core   0: 0x800111c4 (0xff9ff06f) j       pc - 0x8
core   0: 3 0x800111c4 (0xff9ff06f)
core   0: 0x800111bc (0x00002f17) auipc   t5, 0x2
core   0: 3 0x800111bc (0x00002f17) x30 0x800131bc
core   0: 0x800111c0 (0xe43f2223) sw      gp, -444(t5)
core   0: 3 0x800111c0 (0xe43f2223) mem 0x80013000 0x00000001
core   0: 0x800111c4 (0xff9ff06f) j       pc - 0x8
core   0: 3 0x800111c4 (0xff9ff06f)
core   0: 0x800111bc (0x00002f17) auipc   t5, 0x2
core   0: 3 0x800111bc (0x00002f17) x30 0x800131bc
core   0: 0x800111c0 (0xe43f2223) sw      gp, -444(t5)
core   0: 3 0x800111c0 (0xe43f2223) mem 0x80013000 0x00000001
core   0: 0x800111c4 (0xff9ff06f) j       pc - 0x8
core   0: 3 0x800111c4 (0xff9ff06f)
core   0: 0x800111bc (0x00002f17) auipc   t5, 0x2
core   0: 3 0x800111bc (0x00002f17) x30 0x800131bc
core   0: 0x800111c0 (0xe43f2223) sw      gp, -444(t5)
core   0: 3 0x800111c0 (0xe43f2223) mem 0x80013000 0x00000001
core   0: 0x800111c4 (0xff9ff06f) j       pc - 0x8
core   0: 3 0x800111c4 (0xff9ff06f)
core   0: 0x800111bc (0x00002f17) auipc   t5, 0x2
core   0: 3 0x800111bc (0x00002f17) x30 0x800131bc
core   0: 0x800111c0 (0xe43f2223) sw      gp, -444(t5)
core   0: 3 0x800111c0 (0xe43f2223) mem 0x80013000 0x00000001
core   0: 0x800111c4 (0xff9ff06f) j       pc - 0x8
core   0: 3 0x800111c4 (0xff9ff06f)
core   0: 0x800111bc (0x00002f17) auipc   t5, 0x2
core   0: 3 0x800111bc (0x00002f17) x30 0x800131bc
core   0: 0x800111c0 (0xe43f2223) sw      gp, -444(t5)
core   0: 3 0x800111c0 (0xe43f2223) mem 0x80013000 0x00000001
core   0: 0x800111c4 (0xff9ff06f) j       pc - 0x8
core   0: 3 0x800111c4 (0xff9ff06f)
core   0: 0x800111bc (0x00002f17) auipc   t5, 0x2
core   0: 3 0x800111bc (0x00002f17) x30 0x800131bc
core   0: 0x800111c0 (0xe43f2223) sw      gp, -444(t5)
core   0: 3 0x800111c0 (0xe43f2223) mem 0x80013000 0x00000001
core   0: 0x800111c4 (0xff9ff06f) j       pc - 0x8
core   0: 3 0x800111c4 (0xff9ff06f)
core   0: 0x800111bc (0x00002f17) auipc   t5, 0x2
core   0: 3 0x800111bc (0x00002f17) x30 0x800131bc
core   0: 0x800111c0 (0xe43f2223) sw      gp, -444(t5)
core   0: 3 0x800111c0 (0xe43f2223) mem 0x80013000 0x00000001
core   0: 0x800111c4 (0xff9ff06f) j       pc - 0x8
core   0: 3 0x800111c4 (0xff9ff06f)
core   0: 0x800111bc (0x00002f17) auipc   t5, 0x2
core   0: 3 0x800111bc (0x00002f17) x30 0x800131bc
core   0: 0x800111c0 (0xe43f2223) sw      gp, -444(t5)
core   0: 3 0x800111c0 (0xe43f2223) mem 0x80013000 0x00000001
core   0: 0x800111c4 (0xff9ff06f) j       pc - 0x8
core   0: 3 0x800111c4 (0xff9ff06f)
core   0: 0x800111bc (0x00002f17) auipc   t5, 0x2
core   0: 3 0x800111bc (0x00002f17) x30 0x800131bc
core   0: 0x800111c0 (0xe43f2223) sw      gp, -444(t5)
core   0: 3 0x800111c0 (0xe43f2223) mem 0x80013000 0x00000001
core   0: 0x800111c4 (0xff9ff06f) j       pc - 0x8
core   0: 3 0x800111c4 (0xff9ff06f)
core   0: 0x800111bc (0x00002f17) auipc   t5, 0x2
core   0: 3 0x800111bc (0x00002f17) x30 0x800131bc
core   0: 0x800111c0 (0xe43f2223) sw      gp, -444(t5)
core   0: 3 0x800111c0 (0xe43f2223) mem 0x80013000 0x00000001
core   0: 0x800111c4 (0xff9ff06f) j       pc - 0x8
core   0: 3 0x800111c4 (0xff9ff06f)
core   0: 0x800111bc (0x00002f17) auipc   t5, 0x2
core   0: 3 0x800111bc (0x00002f17) x30 0x800131bc
core   0: 0x800111c0 (0xe43f2223) sw      gp, -444(t5)
core   0: 3 0x800111c0 (0xe43f2223) mem 0x80013000 0x00000001
core   0: 0x800111c4 (0xff9ff06f) j       pc - 0x8
core   0: 3 0x800111c4 (0xff9ff06f)
core   0: 0x800111bc (0x00002f17) auipc   t5, 0x2
core   0: 3 0x800111bc (0x00002f17) x30 0x800131bc
core   0: 0x800111c0 (0xe43f2223) sw      gp, -444(t5)
core   0: 3 0x800111c0 (0xe43f2223) mem 0x80013000 0x00000001
core   0: 0x800111c4 (0xff9ff06f) j       pc - 0x8
core   0: 3 0x800111c4 (0xff9ff06f)
core   0: 0x800111bc (0x00002f17) auipc   t5, 0x2
core   0: 3 0x800111bc (0x00002f17) x30 0x800131bc
core   0: 0x800111c0 (0xe43f2223) sw      gp, -444(t5)
core   0: 3 0x800111c0 (0xe43f2223) mem 0x80013000 0x00000001
core   0: 0x800111c4 (0xff9ff06f) j       pc - 0x8
core   0: 3 0x800111c4 (0xff9ff06f)
core   0: 0x800111bc (0x00002f17) auipc   t5, 0x2
core   0: 3 0x800111bc (0x00002f17) x30 0x800131bc
core   0: 0x800111c0 (0xe43f2223) sw      gp, -444(t5)
core   0: 3 0x800111c0 (0xe43f2223) mem 0x80013000 0x00000001
core   0: 0x800111c4 (0xff9ff06f) j       pc - 0x8
core   0: 3 0x800111c4 (0xff9ff06f)
core   0: 0x800111bc (0x00002f17) auipc   t5, 0x2
core   0: 3 0x800111bc (0x00002f17) x30 0x800131bc
core   0: 0x800111c0 (0xe43f2223) sw      gp, -444(t5)
core   0: 3 0x800111c0 (0xe43f2223) mem 0x80013000 0x00000001
core   0: 0x800111c4 (0xff9ff06f) j       pc - 0x8
core   0: 3 0x800111c4 (0xff9ff06f)
core   0: 0x800111bc (0x00002f17) auipc   t5, 0x2
core   0: 3 0x800111bc (0x00002f17) x30 0x800131bc
core   0: 0x800111c0 (0xe43f2223) sw      gp, -444(t5)
core   0: 3 0x800111c0 (0xe43f2223) mem 0x80013000 0x00000001
core   0: 0x800111c4 (0xff9ff06f) j       pc - 0x8
core   0: 3 0x800111c4 (0xff9ff06f)
core   0: 0x800111bc (0x00002f17) auipc   t5, 0x2
core   0: 3 0x800111bc (0x00002f17) x30 0x800131bc
core   0: 0x800111c0 (0xe43f2223) sw      gp, -444(t5)
core   0: 3 0x800111c0 (0xe43f2223) mem 0x80013000 0x00000001
core   0: 0x800111c4 (0xff9ff06f) j       pc - 0x8
core   0: 3 0x800111c4 (0xff9ff06f)
core   0: 0x800111bc (0x00002f17) auipc   t5, 0x2
core   0: 3 0x800111bc (0x00002f17) x30 0x800131bc
core   0: 0x800111c0 (0xe43f2223) sw      gp, -444(t5)
core   0: 3 0x800111c0 (0xe43f2223) mem 0x80013000 0x00000001
core   0: 0x800111c4 (0xff9ff06f) j       pc - 0x8
core   0: 3 0x800111c4 (0xff9ff06f)
core   0: 0x800111bc (0x00002f17) auipc   t5, 0x2
core   0: 3 0x800111bc (0x00002f17) x30 0x800131bc
core   0: 0x800111c0 (0xe43f2223) sw      gp, -444(t5)
core   0: 3 0x800111c0 (0xe43f2223) mem 0x80013000 0x00000001
core   0: 0x800111c4 (0xff9ff06f) j       pc - 0x8
core   0: 3 0x800111c4 (0xff9ff06f)
core   0: 0x800111bc (0x00002f17) auipc   t5, 0x2
core   0: 3 0x800111bc (0x00002f17) x30 0x800131bc
core   0: 0x800111c0 (0xe43f2223) sw      gp, -444(t5)
core   0: 3 0x800111c0 (0xe43f2223) mem 0x80013000 0x00000001
core   0: 0x800111c4 (0xff9ff06f) j       pc - 0x8
core   0: 3 0x800111c4 (0xff9ff06f)
core   0: 0x800111bc (0x00002f17) auipc   t5, 0x2
core   0: 3 0x800111bc (0x00002f17) x30 0x800131bc
core   0: 0x800111c0 (0xe43f2223) sw      gp, -444(t5)
core   0: 3 0x800111c0 (0xe43f2223) mem 0x80013000 0x00000001
core   0: 0x800111c4 (0xff9ff06f) j       pc - 0x8
core   0: 3 0x800111c4 (0xff9ff06f)
core   0: 0x800111bc (0x00002f17) auipc   t5, 0x2
core   0: 3 0x800111bc (0x00002f17) x30 0x800131bc
core   0: 0x800111c0 (0xe43f2223) sw      gp, -444(t5)
core   0: 3 0x800111c0 (0xe43f2223) mem 0x80013000 0x00000001
core   0: 0x800111c4 (0xff9ff06f) j       pc - 0x8
core   0: 3 0x800111c4 (0xff9ff06f)
core   0: 0x800111bc (0x00002f17) auipc   t5, 0x2
core   0: 3 0x800111bc (0x00002f17) x30 0x800131bc
core   0: 0x800111c0 (0xe43f2223) sw      gp, -444(t5)
core   0: 3 0x800111c0 (0xe43f2223) mem 0x80013000 0x00000001
core   0: 0x800111c4 (0xff9ff06f) j       pc - 0x8
core   0: 3 0x800111c4 (0xff9ff06f)
core   0: 0x800111bc (0x00002f17) auipc   t5, 0x2
core   0: 3 0x800111bc (0x00002f17) x30 0x800131bc
core   0: 0x800111c0 (0xe43f2223) sw      gp, -444(t5)
core   0: 3 0x800111c0 (0xe43f2223) mem 0x80013000 0x00000001
core   0: 0x800111c4 (0xff9ff06f) j       pc - 0x8
core   0: 3 0x800111c4 (0xff9ff06f)
core   0: 0x800111bc (0x00002f17) auipc   t5, 0x2
core   0: 3 0x800111bc (0x00002f17) x30 0x800131bc
core   0: 0x800111c0 (0xe43f2223) sw      gp, -444(t5)
core   0: 3 0x800111c0 (0xe43f2223) mem 0x80013000 0x00000001
core   0: 0x800111c4 (0xff9ff06f) j       pc - 0x8
core   0: 3 0x800111c4 (0xff9ff06f)
core   0: 0x800111bc (0x00002f17) auipc   t5, 0x2
core   0: 3 0x800111bc (0x00002f17) x30 0x800131bc
core   0: 0x800111c0 (0xe43f2223) sw      gp, -444(t5)
core   0: 3 0x800111c0 (0xe43f2223) mem 0x80013000 0x00000001
core   0: 0x800111c4 (0xff9ff06f) j       pc - 0x8
core   0: 3 0x800111c4 (0xff9ff06f)
core   0: 0x800111bc (0x00002f17) auipc   t5, 0x2
core   0: 3 0x800111bc (0x00002f17) x30 0x800131bc
core   0: 0x800111c0 (0xe43f2223) sw      gp, -444(t5)
core   0: 3 0x800111c0 (0xe43f2223) mem 0x80013000 0x00000001
core   0: 0x800111c4 (0xff9ff06f) j       pc - 0x8
core   0: 3 0x800111c4 (0xff9ff06f)
core   0: 0x800111bc (0x00002f17) auipc   t5, 0x2
core   0: 3 0x800111bc (0x00002f17) x30 0x800131bc
core   0: 0x800111c0 (0xe43f2223) sw      gp, -444(t5)
core   0: 3 0x800111c0 (0xe43f2223) mem 0x80013000 0x00000001
core   0: 0x800111c4 (0xff9ff06f) j       pc - 0x8
core   0: 3 0x800111c4 (0xff9ff06f)
core   0: 0x800111bc (0x00002f17) auipc   t5, 0x2
core   0: 3 0x800111bc (0x00002f17) x30 0x800131bc
core   0: 0x800111c0 (0xe43f2223) sw      gp, -444(t5)
core   0: 3 0x800111c0 (0xe43f2223) mem 0x80013000 0x00000001
core   0: 0x800111c4 (0xff9ff06f) j       pc - 0x8
core   0: 3 0x800111c4 (0xff9ff06f)
core   0: 0x800111bc (0x00002f17) auipc   t5, 0x2
core   0: 3 0x800111bc (0x00002f17) x30 0x800131bc
core   0: 0x800111c0 (0xe43f2223) sw      gp, -444(t5)
core   0: 3 0x800111c0 (0xe43f2223) mem 0x80013000 0x00000001
core   0: 0x800111c4 (0xff9ff06f) j       pc - 0x8
core   0: 3 0x800111c4 (0xff9ff06f)
core   0: 0x800111bc (0x00002f17) auipc   t5, 0x2
core   0: 3 0x800111bc (0x00002f17) x30 0x800131bc
core   0: 0x800111c0 (0xe43f2223) sw      gp, -444(t5)
core   0: 3 0x800111c0 (0xe43f2223) mem 0x80013000 0x00000001
core   0: 0x800111c4 (0xff9ff06f) j       pc - 0x8
core   0: 3 0x800111c4 (0xff9ff06f)
core   0: 0x800111bc (0x00002f17) auipc   t5, 0x2
core   0: 3 0x800111bc (0x00002f17) x30 0x800131bc
core   0: 0x800111c0 (0xe43f2223) sw      gp, -444(t5)
core   0: 3 0x800111c0 (0xe43f2223) mem 0x80013000 0x00000001
core   0: 0x800111c4 (0xff9ff06f) j       pc - 0x8
core   0: 3 0x800111c4 (0xff9ff06f)
core   0: 0x800111bc (0x00002f17) auipc   t5, 0x2
core   0: 3 0x800111bc (0x00002f17) x30 0x800131bc
core   0: 0x800111c0 (0xe43f2223) sw      gp, -444(t5)
core   0: 3 0x800111c0 (0xe43f2223) mem 0x80013000 0x00000001
core   0: 0x800111c4 (0xff9ff06f) j       pc - 0x8
core   0: 3 0x800111c4 (0xff9ff06f)
core   0: 0x800111bc (0x00002f17) auipc   t5, 0x2
core   0: 3 0x800111bc (0x00002f17) x30 0x800131bc
core   0: 0x800111c0 (0xe43f2223) sw      gp, -444(t5)
core   0: 3 0x800111c0 (0xe43f2223) mem 0x80013000 0x00000001
core   0: 0x800111c4 (0xff9ff06f) j       pc - 0x8
core   0: 3 0x800111c4 (0xff9ff06f)
core   0: 0x800111bc (0x00002f17) auipc   t5, 0x2
core   0: 3 0x800111bc (0x00002f17) x30 0x800131bc
core   0: 0x800111c0 (0xe43f2223) sw      gp, -444(t5)
core   0: 3 0x800111c0 (0xe43f2223) mem 0x80013000 0x00000001
core   0: 0x800111c4 (0xff9ff06f) j       pc - 0x8
core   0: 3 0x800111c4 (0xff9ff06f)
core   0: 0x800111bc (0x00002f17) auipc   t5, 0x2
core   0: 3 0x800111bc (0x00002f17) x30 0x800131bc
core   0: 0x800111c0 (0xe43f2223) sw      gp, -444(t5)
core   0: 3 0x800111c0 (0xe43f2223) mem 0x80013000 0x00000001
core   0: 0x800111c4 (0xff9ff06f) j       pc - 0x8
core   0: 3 0x800111c4 (0xff9ff06f)
core   0: 0x800111bc (0x00002f17) auipc   t5, 0x2
core   0: 3 0x800111bc (0x00002f17) x30 0x800131bc
core   0: 0x800111c0 (0xe43f2223) sw      gp, -444(t5)
core   0: 3 0x800111c0 (0xe43f2223) mem 0x80013000 0x00000001
core   0: 0x800111c4 (0xff9ff06f) j       pc - 0x8
core   0: 3 0x800111c4 (0xff9ff06f)
core   0: 0x800111bc (0x00002f17) auipc   t5, 0x2
core   0: 3 0x800111bc (0x00002f17) x30 0x800131bc
core   0: 0x800111c0 (0xe43f2223) sw      gp, -444(t5)
core   0: 3 0x800111c0 (0xe43f2223) mem 0x80013000 0x00000001
core   0: 0x800111c4 (0xff9ff06f) j       pc - 0x8
core   0: 3 0x800111c4 (0xff9ff06f)
core   0: 0x800111bc (0x00002f17) auipc   t5, 0x2
core   0: 3 0x800111bc (0x00002f17) x30 0x800131bc
core   0: 0x800111c0 (0xe43f2223) sw      gp, -444(t5)
core   0: 3 0x800111c0 (0xe43f2223) mem 0x80013000 0x00000001
core   0: 0x800111c4 (0xff9ff06f) j       pc - 0x8
core   0: 3 0x800111c4 (0xff9ff06f)
core   0: 0x800111bc (0x00002f17) auipc   t5, 0x2
core   0: 3 0x800111bc (0x00002f17) x30 0x800131bc
core   0: 0x800111c0 (0xe43f2223) sw      gp, -444(t5)
core   0: 3 0x800111c0 (0xe43f2223) mem 0x80013000 0x00000001
core   0: 0x800111c4 (0xff9ff06f) j       pc - 0x8
core   0: 3 0x800111c4 (0xff9ff06f)
core   0: 0x800111bc (0x00002f17) auipc   t5, 0x2
core   0: 3 0x800111bc (0x00002f17) x30 0x800131bc
core   0: 0x800111c0 (0xe43f2223) sw      gp, -444(t5)
core   0: 3 0x800111c0 (0xe43f2223) mem 0x80013000 0x00000001
core   0: 0x800111c4 (0xff9ff06f) j       pc - 0x8
core   0: 3 0x800111c4 (0xff9ff06f)
core   0: 0x800111bc (0x00002f17) auipc   t5, 0x2
core   0: 3 0x800111bc (0x00002f17) x30 0x800131bc
core   0: 0x800111c0 (0xe43f2223) sw      gp, -444(t5)
core   0: 3 0x800111c0 (0xe43f2223) mem 0x80013000 0x00000001
core   0: 0x800111c4 (0xff9ff06f) j       pc - 0x8
core   0: 3 0x800111c4 (0xff9ff06f)
core   0: 0x800111bc (0x00002f17) auipc   t5, 0x2
core   0: 3 0x800111bc (0x00002f17) x30 0x800131bc
core   0: 0x800111c0 (0xe43f2223) sw      gp, -444(t5)
core   0: 3 0x800111c0 (0xe43f2223) mem 0x80013000 0x00000001
core   0: 0x800111c4 (0xff9ff06f) j       pc - 0x8
core   0: 3 0x800111c4 (0xff9ff06f)
core   0: 0x800111bc (0x00002f17) auipc   t5, 0x2
core   0: 3 0x800111bc (0x00002f17) x30 0x800131bc
core   0: 0x800111c0 (0xe43f2223) sw      gp, -444(t5)
core   0: 3 0x800111c0 (0xe43f2223) mem 0x80013000 0x00000001
core   0: 0x800111c4 (0xff9ff06f) j       pc - 0x8
core   0: 3 0x800111c4 (0xff9ff06f)
core   0: 0x800111bc (0x00002f17) auipc   t5, 0x2
core   0: 3 0x800111bc (0x00002f17) x30 0x800131bc
core   0: 0x800111c0 (0xe43f2223) sw      gp, -444(t5)
core   0: 3 0x800111c0 (0xe43f2223) mem 0x80013000 0x00000001
core   0: 0x800111c4 (0xff9ff06f) j       pc - 0x8
core   0: 3 0x800111c4 (0xff9ff06f)
core   0: 0x800111bc (0x00002f17) auipc   t5, 0x2
core   0: 3 0x800111bc (0x00002f17) x30 0x800131bc
core   0: 0x800111c0 (0xe43f2223) sw      gp, -444(t5)
core   0: 3 0x800111c0 (0xe43f2223) mem 0x80013000 0x00000001
core   0: 0x800111c4 (0xff9ff06f) j       pc - 0x8
core   0: 3 0x800111c4 (0xff9ff06f)
core   0: 0x800111bc (0x00002f17) auipc   t5, 0x2
core   0: 3 0x800111bc (0x00002f17) x30 0x800131bc
core   0: 0x800111c0 (0xe43f2223) sw      gp, -444(t5)
core   0: 3 0x800111c0 (0xe43f2223) mem 0x80013000 0x00000001
core   0: 0x800111c4 (0xff9ff06f) j       pc - 0x8
core   0: 3 0x800111c4 (0xff9ff06f)
core   0: 0x800111bc (0x00002f17) auipc   t5, 0x2
core   0: 3 0x800111bc (0x00002f17) x30 0x800131bc
core   0: 0x800111c0 (0xe43f2223) sw      gp, -444(t5)
core   0: 3 0x800111c0 (0xe43f2223) mem 0x80013000 0x00000001
core   0: 0x800111c4 (0xff9ff06f) j       pc - 0x8
core   0: 3 0x800111c4 (0xff9ff06f)
core   0: 0x800111bc (0x00002f17) auipc   t5, 0x2
core   0: 3 0x800111bc (0x00002f17) x30 0x800131bc
core   0: 0x800111c0 (0xe43f2223) sw      gp, -444(t5)
core   0: 3 0x800111c0 (0xe43f2223) mem 0x80013000 0x00000001
core   0: 0x800111c4 (0xff9ff06f) j       pc - 0x8
core   0: 3 0x800111c4 (0xff9ff06f)
core   0: 0x800111bc (0x00002f17) auipc   t5, 0x2
core   0: 3 0x800111bc (0x00002f17) x30 0x800131bc
core   0: 0x800111c0 (0xe43f2223) sw      gp, -444(t5)
core   0: 3 0x800111c0 (0xe43f2223) mem 0x80013000 0x00000001
core   0: 0x800111c4 (0xff9ff06f) j       pc - 0x8
core   0: 3 0x800111c4 (0xff9ff06f)
core   0: 0x800111bc (0x00002f17) auipc   t5, 0x2
core   0: 3 0x800111bc (0x00002f17) x30 0x800131bc
core   0: 0x800111c0 (0xe43f2223) sw      gp, -444(t5)
core   0: 3 0x800111c0 (0xe43f2223) mem 0x80013000 0x00000001
core   0: 0x800111c4 (0xff9ff06f) j       pc - 0x8
core   0: 3 0x800111c4 (0xff9ff06f)
core   0: 0x800111bc (0x00002f17) auipc   t5, 0x2
core   0: 3 0x800111bc (0x00002f17) x30 0x800131bc
core   0: 0x800111c0 (0xe43f2223) sw      gp, -444(t5)
core   0: 3 0x800111c0 (0xe43f2223) mem 0x80013000 0x00000001
core   0: 0x800111c4 (0xff9ff06f) j       pc - 0x8
core   0: 3 0x800111c4 (0xff9ff06f)
core   0: 0x800111bc (0x00002f17) auipc   t5, 0x2
core   0: 3 0x800111bc (0x00002f17) x30 0x800131bc
core   0: 0x800111c0 (0xe43f2223) sw      gp, -444(t5)
core   0: 3 0x800111c0 (0xe43f2223) mem 0x80013000 0x00000001
core   0: 0x800111c4 (0xff9ff06f) j       pc - 0x8
core   0: 3 0x800111c4 (0xff9ff06f)
core   0: 0x800111bc (0x00002f17) auipc   t5, 0x2
core   0: 3 0x800111bc (0x00002f17) x30 0x800131bc
core   0: 0x800111c0 (0xe43f2223) sw      gp, -444(t5)
core   0: 3 0x800111c0 (0xe43f2223) mem 0x80013000 0x00000001
core   0: 0x800111c4 (0xff9ff06f) j       pc - 0x8
core   0: 3 0x800111c4 (0xff9ff06f)
core   0: 0x800111bc (0x00002f17) auipc   t5, 0x2
core   0: 3 0x800111bc (0x00002f17) x30 0x800131bc
core   0: 0x800111c0 (0xe43f2223) sw      gp, -444(t5)
core   0: 3 0x800111c0 (0xe43f2223) mem 0x80013000 0x00000001
core   0: 0x800111c4 (0xff9ff06f) j       pc - 0x8
core   0: 3 0x800111c4 (0xff9ff06f)
core   0: 0x800111bc (0x00002f17) auipc   t5, 0x2
core   0: 3 0x800111bc (0x00002f17) x30 0x800131bc
core   0: 0x800111c0 (0xe43f2223) sw      gp, -444(t5)
core   0: 3 0x800111c0 (0xe43f2223) mem 0x80013000 0x00000001
core   0: 0x800111c4 (0xff9ff06f) j       pc - 0x8
core   0: 3 0x800111c4 (0xff9ff06f)
core   0: 0x800111bc (0x00002f17) auipc   t5, 0x2
core   0: 3 0x800111bc (0x00002f17) x30 0x800131bc
core   0: 0x800111c0 (0xe43f2223) sw      gp, -444(t5)
core   0: 3 0x800111c0 (0xe43f2223) mem 0x80013000 0x00000001
core   0: 0x800111c4 (0xff9ff06f) j       pc - 0x8
core   0: 3 0x800111c4 (0xff9ff06f)
core   0: 0x800111bc (0x00002f17) auipc   t5, 0x2
core   0: 3 0x800111bc (0x00002f17) x30 0x800131bc
core   0: 0x800111c0 (0xe43f2223) sw      gp, -444(t5)
core   0: 3 0x800111c0 (0xe43f2223) mem 0x80013000 0x00000001
core   0: 0x800111c4 (0xff9ff06f) j       pc - 0x8
core   0: 3 0x800111c4 (0xff9ff06f)
core   0: 0x800111bc (0x00002f17) auipc   t5, 0x2
core   0: 3 0x800111bc (0x00002f17) x30 0x800131bc
core   0: 0x800111c0 (0xe43f2223) sw      gp, -444(t5)
core   0: 3 0x800111c0 (0xe43f2223) mem 0x80013000 0x00000001
core   0: 0x800111c4 (0xff9ff06f) j       pc - 0x8
core   0: 3 0x800111c4 (0xff9ff06f)
core   0: 0x800111bc (0x00002f17) auipc   t5, 0x2
core   0: 3 0x800111bc (0x00002f17) x30 0x800131bc
core   0: 0x800111c0 (0xe43f2223) sw      gp, -444(t5)
core   0: 3 0x800111c0 (0xe43f2223) mem 0x80013000 0x00000001
core   0: 0x800111c4 (0xff9ff06f) j       pc - 0x8
core   0: 3 0x800111c4 (0xff9ff06f)
core   0: 0x800111bc (0x00002f17) auipc   t5, 0x2
core   0: 3 0x800111bc (0x00002f17) x30 0x800131bc
core   0: 0x800111c0 (0xe43f2223) sw      gp, -444(t5)
core   0: 3 0x800111c0 (0xe43f2223) mem 0x80013000 0x00000001
core   0: 0x800111c4 (0xff9ff06f) j       pc - 0x8
core   0: 3 0x800111c4 (0xff9ff06f)
core   0: 0x800111bc (0x00002f17) auipc   t5, 0x2
core   0: 3 0x800111bc (0x00002f17) x30 0x800131bc
core   0: 0x800111c0 (0xe43f2223) sw      gp, -444(t5)
core   0: 3 0x800111c0 (0xe43f2223) mem 0x80013000 0x00000001
core   0: 0x800111c4 (0xff9ff06f) j       pc - 0x8
core   0: 3 0x800111c4 (0xff9ff06f)
core   0: 0x800111bc (0x00002f17) auipc   t5, 0x2
core   0: 3 0x800111bc (0x00002f17) x30 0x800131bc
core   0: 0x800111c0 (0xe43f2223) sw      gp, -444(t5)
core   0: 3 0x800111c0 (0xe43f2223) mem 0x80013000 0x00000001
core   0: 0x800111c4 (0xff9ff06f) j       pc - 0x8
core   0: 3 0x800111c4 (0xff9ff06f)
core   0: 0x800111bc (0x00002f17) auipc   t5, 0x2
core   0: 3 0x800111bc (0x00002f17) x30 0x800131bc
core   0: 0x800111c0 (0xe43f2223) sw      gp, -444(t5)
core   0: 3 0x800111c0 (0xe43f2223) mem 0x80013000 0x00000001
core   0: 0x800111c4 (0xff9ff06f) j       pc - 0x8
core   0: 3 0x800111c4 (0xff9ff06f)
core   0: 0x800111bc (0x00002f17) auipc   t5, 0x2
core   0: 3 0x800111bc (0x00002f17) x30 0x800131bc
core   0: 0x800111c0 (0xe43f2223) sw      gp, -444(t5)
core   0: 3 0x800111c0 (0xe43f2223) mem 0x80013000 0x00000001
core   0: 0x800111c4 (0xff9ff06f) j       pc - 0x8
core   0: 3 0x800111c4 (0xff9ff06f)
core   0: 0x800111bc (0x00002f17) auipc   t5, 0x2
core   0: 3 0x800111bc (0x00002f17) x30 0x800131bc
core   0: 0x800111c0 (0xe43f2223) sw      gp, -444(t5)
core   0: 3 0x800111c0 (0xe43f2223) mem 0x80013000 0x00000001
core   0: 0x800111c4 (0xff9ff06f) j       pc - 0x8
core   0: 3 0x800111c4 (0xff9ff06f)
core   0: 0x800111bc (0x00002f17) auipc   t5, 0x2
core   0: 3 0x800111bc (0x00002f17) x30 0x800131bc
core   0: 0x800111c0 (0xe43f2223) sw      gp, -444(t5)
core   0: 3 0x800111c0 (0xe43f2223) mem 0x80013000 0x00000001
core   0: 0x800111c4 (0xff9ff06f) j       pc - 0x8
core   0: 3 0x800111c4 (0xff9ff06f)
core   0: 0x800111bc (0x00002f17) auipc   t5, 0x2
core   0: 3 0x800111bc (0x00002f17) x30 0x800131bc
core   0: 0x800111c0 (0xe43f2223) sw      gp, -444(t5)
core   0: 3 0x800111c0 (0xe43f2223) mem 0x80013000 0x00000001
core   0: 0x800111c4 (0xff9ff06f) j       pc - 0x8
core   0: 3 0x800111c4 (0xff9ff06f)
core   0: 0x800111bc (0x00002f17) auipc   t5, 0x2
core   0: 3 0x800111bc (0x00002f17) x30 0x800131bc
core   0: 0x800111c0 (0xe43f2223) sw      gp, -444(t5)
core   0: 3 0x800111c0 (0xe43f2223) mem 0x80013000 0x00000001
core   0: 0x800111c4 (0xff9ff06f) j       pc - 0x8
core   0: 3 0x800111c4 (0xff9ff06f)
core   0: 0x800111bc (0x00002f17) auipc   t5, 0x2
core   0: 3 0x800111bc (0x00002f17) x30 0x800131bc
core   0: 0x800111c0 (0xe43f2223) sw      gp, -444(t5)
core   0: 3 0x800111c0 (0xe43f2223) mem 0x80013000 0x00000001
core   0: 0x800111c4 (0xff9ff06f) j       pc - 0x8
core   0: 3 0x800111c4 (0xff9ff06f)
core   0: 0x800111bc (0x00002f17) auipc   t5, 0x2
core   0: 3 0x800111bc (0x00002f17) x30 0x800131bc
core   0: 0x800111c0 (0xe43f2223) sw      gp, -444(t5)
core   0: 3 0x800111c0 (0xe43f2223) mem 0x80013000 0x00000001
core   0: 0x800111c4 (0xff9ff06f) j       pc - 0x8
core   0: 3 0x800111c4 (0xff9ff06f)
core   0: 0x800111bc (0x00002f17) auipc   t5, 0x2
core   0: 3 0x800111bc (0x00002f17) x30 0x800131bc
core   0: 0x800111c0 (0xe43f2223) sw      gp, -444(t5)
core   0: 3 0x800111c0 (0xe43f2223) mem 0x80013000 0x00000001
core   0: 0x800111c4 (0xff9ff06f) j       pc - 0x8
core   0: 3 0x800111c4 (0xff9ff06f)
core   0: 0x800111bc (0x00002f17) auipc   t5, 0x2
core   0: 3 0x800111bc (0x00002f17) x30 0x800131bc
core   0: 0x800111c0 (0xe43f2223) sw      gp, -444(t5)
core   0: 3 0x800111c0 (0xe43f2223) mem 0x80013000 0x00000001
core   0: 0x800111c4 (0xff9ff06f) j       pc - 0x8
core   0: 3 0x800111c4 (0xff9ff06f)
core   0: 0x800111bc (0x00002f17) auipc   t5, 0x2
core   0: 3 0x800111bc (0x00002f17) x30 0x800131bc
core   0: 0x800111c0 (0xe43f2223) sw      gp, -444(t5)
core   0: 3 0x800111c0 (0xe43f2223) mem 0x80013000 0x00000001
core   0: 0x800111c4 (0xff9ff06f) j       pc - 0x8
core   0: 3 0x800111c4 (0xff9ff06f)
core   0: 0x800111bc (0x00002f17) auipc   t5, 0x2
core   0: 3 0x800111bc (0x00002f17) x30 0x800131bc
core   0: 0x800111c0 (0xe43f2223) sw      gp, -444(t5)
core   0: 3 0x800111c0 (0xe43f2223) mem 0x80013000 0x00000001
core   0: 0x800111c4 (0xff9ff06f) j       pc - 0x8
core   0: 3 0x800111c4 (0xff9ff06f)
core   0: 0x800111bc (0x00002f17) auipc   t5, 0x2
core   0: 3 0x800111bc (0x00002f17) x30 0x800131bc
core   0: 0x800111c0 (0xe43f2223) sw      gp, -444(t5)
core   0: 3 0x800111c0 (0xe43f2223) mem 0x80013000 0x00000001
core   0: 0x800111c4 (0xff9ff06f) j       pc - 0x8
core   0: 3 0x800111c4 (0xff9ff06f)
core   0: 0x800111bc (0x00002f17) auipc   t5, 0x2
core   0: 3 0x800111bc (0x00002f17) x30 0x800131bc
core   0: 0x800111c0 (0xe43f2223) sw      gp, -444(t5)
core   0: 3 0x800111c0 (0xe43f2223) mem 0x80013000 0x00000001
core   0: 0x800111c4 (0xff9ff06f) j       pc - 0x8
core   0: 3 0x800111c4 (0xff9ff06f)
core   0: 0x800111bc (0x00002f17) auipc   t5, 0x2
core   0: 3 0x800111bc (0x00002f17) x30 0x800131bc
core   0: 0x800111c0 (0xe43f2223) sw      gp, -444(t5)
core   0: 3 0x800111c0 (0xe43f2223) mem 0x80013000 0x00000001
core   0: 0x800111c4 (0xff9ff06f) j       pc - 0x8
core   0: 3 0x800111c4 (0xff9ff06f)
core   0: 0x800111bc (0x00002f17) auipc   t5, 0x2
core   0: 3 0x800111bc (0x00002f17) x30 0x800131bc
core   0: 0x800111c0 (0xe43f2223) sw      gp, -444(t5)
core   0: 3 0x800111c0 (0xe43f2223) mem 0x80013000 0x00000001
core   0: 0x800111c4 (0xff9ff06f) j       pc - 0x8
core   0: 3 0x800111c4 (0xff9ff06f)
core   0: 0x800111bc (0x00002f17) auipc   t5, 0x2
core   0: 3 0x800111bc (0x00002f17) x30 0x800131bc
core   0: 0x800111c0 (0xe43f2223) sw      gp, -444(t5)
core   0: 3 0x800111c0 (0xe43f2223) mem 0x80013000 0x00000001
core   0: 0x800111c4 (0xff9ff06f) j       pc - 0x8
core   0: 3 0x800111c4 (0xff9ff06f)
core   0: 0x800111bc (0x00002f17) auipc   t5, 0x2
core   0: 3 0x800111bc (0x00002f17) x30 0x800131bc
core   0: 0x800111c0 (0xe43f2223) sw      gp, -444(t5)
core   0: 3 0x800111c0 (0xe43f2223) mem 0x80013000 0x00000001
core   0: 0x800111c4 (0xff9ff06f) j       pc - 0x8
core   0: 3 0x800111c4 (0xff9ff06f)
core   0: 0x800111bc (0x00002f17) auipc   t5, 0x2
core   0: 3 0x800111bc (0x00002f17) x30 0x800131bc
core   0: 0x800111c0 (0xe43f2223) sw      gp, -444(t5)
core   0: 3 0x800111c0 (0xe43f2223) mem 0x80013000 0x00000001
core   0: 0x800111c4 (0xff9ff06f) j       pc - 0x8
core   0: 3 0x800111c4 (0xff9ff06f)
core   0: 0x800111bc (0x00002f17) auipc   t5, 0x2
core   0: 3 0x800111bc (0x00002f17) x30 0x800131bc
core   0: 0x800111c0 (0xe43f2223) sw      gp, -444(t5)
core   0: 3 0x800111c0 (0xe43f2223) mem 0x80013000 0x00000001
core   0: 0x800111c4 (0xff9ff06f) j       pc - 0x8
core   0: 3 0x800111c4 (0xff9ff06f)
core   0: 0x800111bc (0x00002f17) auipc   t5, 0x2
core   0: 3 0x800111bc (0x00002f17) x30 0x800131bc
core   0: 0x800111c0 (0xe43f2223) sw      gp, -444(t5)
core   0: 3 0x800111c0 (0xe43f2223) mem 0x80013000 0x00000001
core   0: 0x800111c4 (0xff9ff06f) j       pc - 0x8
core   0: 3 0x800111c4 (0xff9ff06f)
core   0: 0x800111bc (0x00002f17) auipc   t5, 0x2
core   0: 3 0x800111bc (0x00002f17) x30 0x800131bc
core   0: 0x800111c0 (0xe43f2223) sw      gp, -444(t5)
core   0: 3 0x800111c0 (0xe43f2223) mem 0x80013000 0x00000001
core   0: 0x800111c4 (0xff9ff06f) j       pc - 0x8
core   0: 3 0x800111c4 (0xff9ff06f)
core   0: 0x800111bc (0x00002f17) auipc   t5, 0x2
core   0: 3 0x800111bc (0x00002f17) x30 0x800131bc
core   0: 0x800111c0 (0xe43f2223) sw      gp, -444(t5)
core   0: 3 0x800111c0 (0xe43f2223) mem 0x80013000 0x00000001
core   0: 0x800111c4 (0xff9ff06f) j       pc - 0x8
core   0: 3 0x800111c4 (0xff9ff06f)
core   0: 0x800111bc (0x00002f17) auipc   t5, 0x2
core   0: 3 0x800111bc (0x00002f17) x30 0x800131bc
core   0: 0x800111c0 (0xe43f2223) sw      gp, -444(t5)
core   0: 3 0x800111c0 (0xe43f2223) mem 0x80013000 0x00000001
core   0: 0x800111c4 (0xff9ff06f) j       pc - 0x8
core   0: 3 0x800111c4 (0xff9ff06f)
core   0: 0x800111bc (0x00002f17) auipc   t5, 0x2
core   0: 3 0x800111bc (0x00002f17) x30 0x800131bc
core   0: 0x800111c0 (0xe43f2223) sw      gp, -444(t5)
core   0: 3 0x800111c0 (0xe43f2223) mem 0x80013000 0x00000001
core   0: 0x800111c4 (0xff9ff06f) j       pc - 0x8
core   0: 3 0x800111c4 (0xff9ff06f)
core   0: 0x800111bc (0x00002f17) auipc   t5, 0x2
core   0: 3 0x800111bc (0x00002f17) x30 0x800131bc
core   0: 0x800111c0 (0xe43f2223) sw      gp, -444(t5)
core   0: 3 0x800111c0 (0xe43f2223) mem 0x80013000 0x00000001
core   0: 0x800111c4 (0xff9ff06f) j       pc - 0x8
core   0: 3 0x800111c4 (0xff9ff06f)
core   0: 0x800111bc (0x00002f17) auipc   t5, 0x2
core   0: 3 0x800111bc (0x00002f17) x30 0x800131bc
core   0: 0x800111c0 (0xe43f2223) sw      gp, -444(t5)
core   0: 3 0x800111c0 (0xe43f2223) mem 0x80013000 0x00000001
core   0: 0x800111c4 (0xff9ff06f) j       pc - 0x8
core   0: 3 0x800111c4 (0xff9ff06f)
core   0: 0x800111bc (0x00002f17) auipc   t5, 0x2
core   0: 3 0x800111bc (0x00002f17) x30 0x800131bc
core   0: 0x800111c0 (0xe43f2223) sw      gp, -444(t5)
core   0: 3 0x800111c0 (0xe43f2223) mem 0x80013000 0x00000001
core   0: 0x800111c4 (0xff9ff06f) j       pc - 0x8
core   0: 3 0x800111c4 (0xff9ff06f)
core   0: 0x800111bc (0x00002f17) auipc   t5, 0x2
core   0: 3 0x800111bc (0x00002f17) x30 0x800131bc
core   0: 0x800111c0 (0xe43f2223) sw      gp, -444(t5)
core   0: 3 0x800111c0 (0xe43f2223) mem 0x80013000 0x00000001
core   0: 0x800111c4 (0xff9ff06f) j       pc - 0x8
core   0: 3 0x800111c4 (0xff9ff06f)
core   0: 0x800111bc (0x00002f17) auipc   t5, 0x2
core   0: 3 0x800111bc (0x00002f17) x30 0x800131bc
core   0: 0x800111c0 (0xe43f2223) sw      gp, -444(t5)
core   0: 3 0x800111c0 (0xe43f2223) mem 0x80013000 0x00000001
core   0: 0x800111c4 (0xff9ff06f) j       pc - 0x8
core   0: 3 0x800111c4 (0xff9ff06f)
core   0: 0x800111bc (0x00002f17) auipc   t5, 0x2
core   0: 3 0x800111bc (0x00002f17) x30 0x800131bc
core   0: 0x800111c0 (0xe43f2223) sw      gp, -444(t5)
core   0: 3 0x800111c0 (0xe43f2223) mem 0x80013000 0x00000001
core   0: 0x800111c4 (0xff9ff06f) j       pc - 0x8
core   0: 3 0x800111c4 (0xff9ff06f)
core   0: 0x800111bc (0x00002f17) auipc   t5, 0x2
core   0: 3 0x800111bc (0x00002f17) x30 0x800131bc
core   0: 0x800111c0 (0xe43f2223) sw      gp, -444(t5)
core   0: 3 0x800111c0 (0xe43f2223) mem 0x80013000 0x00000001
core   0: 0x800111c4 (0xff9ff06f) j       pc - 0x8
core   0: 3 0x800111c4 (0xff9ff06f)
core   0: 0x800111bc (0x00002f17) auipc   t5, 0x2
core   0: 3 0x800111bc (0x00002f17) x30 0x800131bc
core   0: 0x800111c0 (0xe43f2223) sw      gp, -444(t5)
core   0: 3 0x800111c0 (0xe43f2223) mem 0x80013000 0x00000001
core   0: 0x800111c4 (0xff9ff06f) j       pc - 0x8
core   0: 3 0x800111c4 (0xff9ff06f)
core   0: 0x800111bc (0x00002f17) auipc   t5, 0x2
core   0: 3 0x800111bc (0x00002f17) x30 0x800131bc
core   0: 0x800111c0 (0xe43f2223) sw      gp, -444(t5)
core   0: 3 0x800111c0 (0xe43f2223) mem 0x80013000 0x00000001
core   0: 0x800111c4 (0xff9ff06f) j       pc - 0x8
core   0: 3 0x800111c4 (0xff9ff06f)
core   0: 0x800111bc (0x00002f17) auipc   t5, 0x2
core   0: 3 0x800111bc (0x00002f17) x30 0x800131bc
core   0: 0x800111c0 (0xe43f2223) sw      gp, -444(t5)
core   0: 3 0x800111c0 (0xe43f2223) mem 0x80013000 0x00000001
core   0: 0x800111c4 (0xff9ff06f) j       pc - 0x8
core   0: 3 0x800111c4 (0xff9ff06f)
core   0: 0x800111bc (0x00002f17) auipc   t5, 0x2
core   0: 3 0x800111bc (0x00002f17) x30 0x800131bc
core   0: 0x800111c0 (0xe43f2223) sw      gp, -444(t5)
core   0: 3 0x800111c0 (0xe43f2223) mem 0x80013000 0x00000001
core   0: 0x800111c4 (0xff9ff06f) j       pc - 0x8
core   0: 3 0x800111c4 (0xff9ff06f)
core   0: 0x800111bc (0x00002f17) auipc   t5, 0x2
core   0: 3 0x800111bc (0x00002f17) x30 0x800131bc
core   0: 0x800111c0 (0xe43f2223) sw      gp, -444(t5)
core   0: 3 0x800111c0 (0xe43f2223) mem 0x80013000 0x00000001
core   0: 0x800111c4 (0xff9ff06f) j       pc - 0x8
core   0: 3 0x800111c4 (0xff9ff06f)
core   0: 0x800111bc (0x00002f17) auipc   t5, 0x2
core   0: 3 0x800111bc (0x00002f17) x30 0x800131bc
core   0: 0x800111c0 (0xe43f2223) sw      gp, -444(t5)
core   0: 3 0x800111c0 (0xe43f2223) mem 0x80013000 0x00000001
core   0: 0x800111c4 (0xff9ff06f) j       pc - 0x8
core   0: 3 0x800111c4 (0xff9ff06f)
core   0: 0x800111bc (0x00002f17) auipc   t5, 0x2
core   0: 3 0x800111bc (0x00002f17) x30 0x800131bc
core   0: 0x800111c0 (0xe43f2223) sw      gp, -444(t5)
core   0: 3 0x800111c0 (0xe43f2223) mem 0x80013000 0x00000001
core   0: 0x800111c4 (0xff9ff06f) j       pc - 0x8
core   0: 3 0x800111c4 (0xff9ff06f)
core   0: 0x800111bc (0x00002f17) auipc   t5, 0x2
core   0: 3 0x800111bc (0x00002f17) x30 0x800131bc
core   0: 0x800111c0 (0xe43f2223) sw      gp, -444(t5)
core   0: 3 0x800111c0 (0xe43f2223) mem 0x80013000 0x00000001
core   0: 0x800111c4 (0xff9ff06f) j       pc - 0x8
core   0: 3 0x800111c4 (0xff9ff06f)
core   0: 0x800111bc (0x00002f17) auipc   t5, 0x2
core   0: 3 0x800111bc (0x00002f17) x30 0x800131bc
core   0: 0x800111c0 (0xe43f2223) sw      gp, -444(t5)
core   0: 3 0x800111c0 (0xe43f2223) mem 0x80013000 0x00000001
core   0: 0x800111c4 (0xff9ff06f) j       pc - 0x8
core   0: 3 0x800111c4 (0xff9ff06f)
core   0: 0x800111bc (0x00002f17) auipc   t5, 0x2
core   0: 3 0x800111bc (0x00002f17) x30 0x800131bc
core   0: 0x800111c0 (0xe43f2223) sw      gp, -444(t5)
core   0: 3 0x800111c0 (0xe43f2223) mem 0x80013000 0x00000001
core   0: 0x800111c4 (0xff9ff06f) j       pc - 0x8
core   0: 3 0x800111c4 (0xff9ff06f)
core   0: 0x800111bc (0x00002f17) auipc   t5, 0x2
core   0: 3 0x800111bc (0x00002f17) x30 0x800131bc
core   0: 0x800111c0 (0xe43f2223) sw      gp, -444(t5)
core   0: 3 0x800111c0 (0xe43f2223) mem 0x80013000 0x00000001
core   0: 0x800111c4 (0xff9ff06f) j       pc - 0x8
core   0: 3 0x800111c4 (0xff9ff06f)
core   0: 0x800111bc (0x00002f17) auipc   t5, 0x2
core   0: 3 0x800111bc (0x00002f17) x30 0x800131bc
core   0: 0x800111c0 (0xe43f2223) sw      gp, -444(t5)
core   0: 3 0x800111c0 (0xe43f2223) mem 0x80013000 0x00000001
core   0: 0x800111c4 (0xff9ff06f) j       pc - 0x8
core   0: 3 0x800111c4 (0xff9ff06f)
core   0: 0x800111bc (0x00002f17) auipc   t5, 0x2
core   0: 3 0x800111bc (0x00002f17) x30 0x800131bc
core   0: 0x800111c0 (0xe43f2223) sw      gp, -444(t5)
core   0: 3 0x800111c0 (0xe43f2223) mem 0x80013000 0x00000001
core   0: 0x800111c4 (0xff9ff06f) j       pc - 0x8
core   0: 3 0x800111c4 (0xff9ff06f)
core   0: 0x800111bc (0x00002f17) auipc   t5, 0x2
core   0: 3 0x800111bc (0x00002f17) x30 0x800131bc
core   0: 0x800111c0 (0xe43f2223) sw      gp, -444(t5)
core   0: 3 0x800111c0 (0xe43f2223) mem 0x80013000 0x00000001
core   0: 0x800111c4 (0xff9ff06f) j       pc - 0x8
core   0: 3 0x800111c4 (0xff9ff06f)
core   0: 0x800111bc (0x00002f17) auipc   t5, 0x2
core   0: 3 0x800111bc (0x00002f17) x30 0x800131bc
core   0: 0x800111c0 (0xe43f2223) sw      gp, -444(t5)
core   0: 3 0x800111c0 (0xe43f2223) mem 0x80013000 0x00000001
core   0: 0x800111c4 (0xff9ff06f) j       pc - 0x8
core   0: 3 0x800111c4 (0xff9ff06f)
core   0: 0x800111bc (0x00002f17) auipc   t5, 0x2
core   0: 3 0x800111bc (0x00002f17) x30 0x800131bc
core   0: 0x800111c0 (0xe43f2223) sw      gp, -444(t5)
core   0: 3 0x800111c0 (0xe43f2223) mem 0x80013000 0x00000001
core   0: 0x800111c4 (0xff9ff06f) j       pc - 0x8
core   0: 3 0x800111c4 (0xff9ff06f)
core   0: 0x800111bc (0x00002f17) auipc   t5, 0x2
core   0: 3 0x800111bc (0x00002f17) x30 0x800131bc
core   0: 0x800111c0 (0xe43f2223) sw      gp, -444(t5)
core   0: 3 0x800111c0 (0xe43f2223) mem 0x80013000 0x00000001
core   0: 0x800111c4 (0xff9ff06f) j       pc - 0x8
core   0: 3 0x800111c4 (0xff9ff06f)
core   0: 0x800111bc (0x00002f17) auipc   t5, 0x2
core   0: 3 0x800111bc (0x00002f17) x30 0x800131bc
core   0: 0x800111c0 (0xe43f2223) sw      gp, -444(t5)
core   0: 3 0x800111c0 (0xe43f2223) mem 0x80013000 0x00000001
core   0: 0x800111c4 (0xff9ff06f) j       pc - 0x8
core   0: 3 0x800111c4 (0xff9ff06f)
core   0: 0x800111bc (0x00002f17) auipc   t5, 0x2
core   0: 3 0x800111bc (0x00002f17) x30 0x800131bc
core   0: 0x800111c0 (0xe43f2223) sw      gp, -444(t5)
core   0: 3 0x800111c0 (0xe43f2223) mem 0x80013000 0x00000001
core   0: 0x800111c4 (0xff9ff06f) j       pc - 0x8
core   0: 3 0x800111c4 (0xff9ff06f)
core   0: 0x800111bc (0x00002f17) auipc   t5, 0x2
core   0: 3 0x800111bc (0x00002f17) x30 0x800131bc
core   0: 0x800111c0 (0xe43f2223) sw      gp, -444(t5)
core   0: 3 0x800111c0 (0xe43f2223) mem 0x80013000 0x00000001
core   0: 0x800111c4 (0xff9ff06f) j       pc - 0x8
core   0: 3 0x800111c4 (0xff9ff06f)
core   0: 0x800111bc (0x00002f17) auipc   t5, 0x2
core   0: 3 0x800111bc (0x00002f17) x30 0x800131bc
core   0: 0x800111c0 (0xe43f2223) sw      gp, -444(t5)
core   0: 3 0x800111c0 (0xe43f2223) mem 0x80013000 0x00000001
core   0: 0x800111c4 (0xff9ff06f) j       pc - 0x8
core   0: 3 0x800111c4 (0xff9ff06f)
core   0: 0x800111bc (0x00002f17) auipc   t5, 0x2
core   0: 3 0x800111bc (0x00002f17) x30 0x800131bc
core   0: 0x800111c0 (0xe43f2223) sw      gp, -444(t5)
core   0: 3 0x800111c0 (0xe43f2223) mem 0x80013000 0x00000001
core   0: 0x800111c4 (0xff9ff06f) j       pc - 0x8
core   0: 3 0x800111c4 (0xff9ff06f)
core   0: 0x800111bc (0x00002f17) auipc   t5, 0x2
core   0: 3 0x800111bc (0x00002f17) x30 0x800131bc
core   0: 0x800111c0 (0xe43f2223) sw      gp, -444(t5)
core   0: 3 0x800111c0 (0xe43f2223) mem 0x80013000 0x00000001
core   0: 0x800111c4 (0xff9ff06f) j       pc - 0x8
core   0: 3 0x800111c4 (0xff9ff06f)
core   0: 0x800111bc (0x00002f17) auipc   t5, 0x2
core   0: 3 0x800111bc (0x00002f17) x30 0x800131bc
core   0: 0x800111c0 (0xe43f2223) sw      gp, -444(t5)
core   0: 3 0x800111c0 (0xe43f2223) mem 0x80013000 0x00000001
core   0: 0x800111c4 (0xff9ff06f) j       pc - 0x8
core   0: 3 0x800111c4 (0xff9ff06f)
core   0: 0x800111bc (0x00002f17) auipc   t5, 0x2
core   0: 3 0x800111bc (0x00002f17) x30 0x800131bc
core   0: 0x800111c0 (0xe43f2223) sw      gp, -444(t5)
core   0: 3 0x800111c0 (0xe43f2223) mem 0x80013000 0x00000001
core   0: 0x800111c4 (0xff9ff06f) j       pc - 0x8
core   0: 3 0x800111c4 (0xff9ff06f)
core   0: 0x800111bc (0x00002f17) auipc   t5, 0x2
core   0: 3 0x800111bc (0x00002f17) x30 0x800131bc
core   0: 0x800111c0 (0xe43f2223) sw      gp, -444(t5)
core   0: 3 0x800111c0 (0xe43f2223) mem 0x80013000 0x00000001
core   0: 0x800111c4 (0xff9ff06f) j       pc - 0x8
core   0: 3 0x800111c4 (0xff9ff06f)
core   0: 0x800111bc (0x00002f17) auipc   t5, 0x2
core   0: 3 0x800111bc (0x00002f17) x30 0x800131bc
core   0: 0x800111c0 (0xe43f2223) sw      gp, -444(t5)
core   0: 3 0x800111c0 (0xe43f2223) mem 0x80013000 0x00000001
core   0: 0x800111c4 (0xff9ff06f) j       pc - 0x8
core   0: 3 0x800111c4 (0xff9ff06f)
core   0: 0x800111bc (0x00002f17) auipc   t5, 0x2
core   0: 3 0x800111bc (0x00002f17) x30 0x800131bc
core   0: 0x800111c0 (0xe43f2223) sw      gp, -444(t5)
core   0: 3 0x800111c0 (0xe43f2223) mem 0x80013000 0x00000001
core   0: 0x800111c4 (0xff9ff06f) j       pc - 0x8
core   0: 3 0x800111c4 (0xff9ff06f)
core   0: 0x800111bc (0x00002f17) auipc   t5, 0x2
core   0: 3 0x800111bc (0x00002f17) x30 0x800131bc
core   0: 0x800111c0 (0xe43f2223) sw      gp, -444(t5)
core   0: 3 0x800111c0 (0xe43f2223) mem 0x80013000 0x00000001
core   0: 0x800111c4 (0xff9ff06f) j       pc - 0x8
core   0: 3 0x800111c4 (0xff9ff06f)
core   0: 0x800111bc (0x00002f17) auipc   t5, 0x2
core   0: 3 0x800111bc (0x00002f17) x30 0x800131bc
core   0: 0x800111c0 (0xe43f2223) sw      gp, -444(t5)
core   0: 3 0x800111c0 (0xe43f2223) mem 0x80013000 0x00000001
core   0: 0x800111c4 (0xff9ff06f) j       pc - 0x8
core   0: 3 0x800111c4 (0xff9ff06f)
core   0: 0x800111bc (0x00002f17) auipc   t5, 0x2
core   0: 3 0x800111bc (0x00002f17) x30 0x800131bc
core   0: 0x800111c0 (0xe43f2223) sw      gp, -444(t5)
core   0: 3 0x800111c0 (0xe43f2223) mem 0x80013000 0x00000001
core   0: 0x800111c4 (0xff9ff06f) j       pc - 0x8
core   0: 3 0x800111c4 (0xff9ff06f)
core   0: 0x800111bc (0x00002f17) auipc   t5, 0x2
core   0: 3 0x800111bc (0x00002f17) x30 0x800131bc
core   0: 0x800111c0 (0xe43f2223) sw      gp, -444(t5)
core   0: 3 0x800111c0 (0xe43f2223) mem 0x80013000 0x00000001
core   0: 0x800111c4 (0xff9ff06f) j       pc - 0x8
core   0: 3 0x800111c4 (0xff9ff06f)
core   0: 0x800111bc (0x00002f17) auipc   t5, 0x2
core   0: 3 0x800111bc (0x00002f17) x30 0x800131bc
core   0: 0x800111c0 (0xe43f2223) sw      gp, -444(t5)
core   0: 3 0x800111c0 (0xe43f2223) mem 0x80013000 0x00000001
core   0: 0x800111c4 (0xff9ff06f) j       pc - 0x8
core   0: 3 0x800111c4 (0xff9ff06f)
core   0: 0x800111bc (0x00002f17) auipc   t5, 0x2
core   0: 3 0x800111bc (0x00002f17) x30 0x800131bc
core   0: 0x800111c0 (0xe43f2223) sw      gp, -444(t5)
core   0: 3 0x800111c0 (0xe43f2223) mem 0x80013000 0x00000001
core   0: 0x800111c4 (0xff9ff06f) j       pc - 0x8
core   0: 3 0x800111c4 (0xff9ff06f)
core   0: 0x800111bc (0x00002f17) auipc   t5, 0x2
core   0: 3 0x800111bc (0x00002f17) x30 0x800131bc
core   0: 0x800111c0 (0xe43f2223) sw      gp, -444(t5)
core   0: 3 0x800111c0 (0xe43f2223) mem 0x80013000 0x00000001
core   0: 0x800111c4 (0xff9ff06f) j       pc - 0x8
core   0: 3 0x800111c4 (0xff9ff06f)
core   0: 0x800111bc (0x00002f17) auipc   t5, 0x2
core   0: 3 0x800111bc (0x00002f17) x30 0x800131bc
core   0: 0x800111c0 (0xe43f2223) sw      gp, -444(t5)
core   0: 3 0x800111c0 (0xe43f2223) mem 0x80013000 0x00000001
core   0: 0x800111c4 (0xff9ff06f) j       pc - 0x8
core   0: 3 0x800111c4 (0xff9ff06f)
core   0: 0x800111bc (0x00002f17) auipc   t5, 0x2
core   0: 3 0x800111bc (0x00002f17) x30 0x800131bc
core   0: 0x800111c0 (0xe43f2223) sw      gp, -444(t5)
core   0: 3 0x800111c0 (0xe43f2223) mem 0x80013000 0x00000001
core   0: 0x800111c4 (0xff9ff06f) j       pc - 0x8
core   0: 3 0x800111c4 (0xff9ff06f)
core   0: 0x800111bc (0x00002f17) auipc   t5, 0x2
core   0: 3 0x800111bc (0x00002f17) x30 0x800131bc
core   0: 0x800111c0 (0xe43f2223) sw      gp, -444(t5)
core   0: 3 0x800111c0 (0xe43f2223) mem 0x80013000 0x00000001
core   0: 0x800111c4 (0xff9ff06f) j       pc - 0x8
core   0: 3 0x800111c4 (0xff9ff06f)
core   0: 0x800111bc (0x00002f17) auipc   t5, 0x2
core   0: 3 0x800111bc (0x00002f17) x30 0x800131bc
core   0: 0x800111c0 (0xe43f2223) sw      gp, -444(t5)
core   0: 3 0x800111c0 (0xe43f2223) mem 0x80013000 0x00000001
core   0: 0x800111c4 (0xff9ff06f) j       pc - 0x8
core   0: 3 0x800111c4 (0xff9ff06f)
core   0: 0x800111bc (0x00002f17) auipc   t5, 0x2
core   0: 3 0x800111bc (0x00002f17) x30 0x800131bc
core   0: 0x800111c0 (0xe43f2223) sw      gp, -444(t5)
core   0: 3 0x800111c0 (0xe43f2223) mem 0x80013000 0x00000001
core   0: 0x800111c4 (0xff9ff06f) j       pc - 0x8
core   0: 3 0x800111c4 (0xff9ff06f)
core   0: 0x800111bc (0x00002f17) auipc   t5, 0x2
core   0: 3 0x800111bc (0x00002f17) x30 0x800131bc
core   0: 0x800111c0 (0xe43f2223) sw      gp, -444(t5)
core   0: 3 0x800111c0 (0xe43f2223) mem 0x80013000 0x00000001
core   0: 0x800111c4 (0xff9ff06f) j       pc - 0x8
core   0: 3 0x800111c4 (0xff9ff06f)
core   0: 0x800111bc (0x00002f17) auipc   t5, 0x2
core   0: 3 0x800111bc (0x00002f17) x30 0x800131bc
core   0: 0x800111c0 (0xe43f2223) sw      gp, -444(t5)
core   0: 3 0x800111c0 (0xe43f2223) mem 0x80013000 0x00000001
core   0: 0x800111c4 (0xff9ff06f) j       pc - 0x8
core   0: 3 0x800111c4 (0xff9ff06f)
core   0: 0x800111bc (0x00002f17) auipc   t5, 0x2
core   0: 3 0x800111bc (0x00002f17) x30 0x800131bc
core   0: 0x800111c0 (0xe43f2223) sw      gp, -444(t5)
core   0: 3 0x800111c0 (0xe43f2223) mem 0x80013000 0x00000001
core   0: 0x800111c4 (0xff9ff06f) j       pc - 0x8
core   0: 3 0x800111c4 (0xff9ff06f)
core   0: 0x800111bc (0x00002f17) auipc   t5, 0x2
core   0: 3 0x800111bc (0x00002f17) x30 0x800131bc
core   0: 0x800111c0 (0xe43f2223) sw      gp, -444(t5)
core   0: 3 0x800111c0 (0xe43f2223) mem 0x80013000 0x00000001
core   0: 0x800111c4 (0xff9ff06f) j       pc - 0x8
core   0: 3 0x800111c4 (0xff9ff06f)
core   0: 0x800111bc (0x00002f17) auipc   t5, 0x2
core   0: 3 0x800111bc (0x00002f17) x30 0x800131bc
core   0: 0x800111c0 (0xe43f2223) sw      gp, -444(t5)
core   0: 3 0x800111c0 (0xe43f2223) mem 0x80013000 0x00000001
core   0: 0x800111c4 (0xff9ff06f) j       pc - 0x8
core   0: 3 0x800111c4 (0xff9ff06f)
core   0: 0x800111bc (0x00002f17) auipc   t5, 0x2
core   0: 3 0x800111bc (0x00002f17) x30 0x800131bc
core   0: 0x800111c0 (0xe43f2223) sw      gp, -444(t5)
core   0: 3 0x800111c0 (0xe43f2223) mem 0x80013000 0x00000001
core   0: 0x800111c4 (0xff9ff06f) j       pc - 0x8
core   0: 3 0x800111c4 (0xff9ff06f)
core   0: 0x800111bc (0x00002f17) auipc   t5, 0x2
core   0: 3 0x800111bc (0x00002f17) x30 0x800131bc
core   0: 0x800111c0 (0xe43f2223) sw      gp, -444(t5)
core   0: 3 0x800111c0 (0xe43f2223) mem 0x80013000 0x00000001
core   0: 0x800111c4 (0xff9ff06f) j       pc - 0x8
core   0: 3 0x800111c4 (0xff9ff06f)
core   0: 0x800111bc (0x00002f17) auipc   t5, 0x2
core   0: 3 0x800111bc (0x00002f17) x30 0x800131bc
core   0: 0x800111c0 (0xe43f2223) sw      gp, -444(t5)
core   0: 3 0x800111c0 (0xe43f2223) mem 0x80013000 0x00000001
core   0: 0x800111c4 (0xff9ff06f) j       pc - 0x8
core   0: 3 0x800111c4 (0xff9ff06f)
core   0: 0x800111bc (0x00002f17) auipc   t5, 0x2
core   0: 3 0x800111bc (0x00002f17) x30 0x800131bc
core   0: 0x800111c0 (0xe43f2223) sw      gp, -444(t5)
core   0: 3 0x800111c0 (0xe43f2223) mem 0x80013000 0x00000001
core   0: 0x800111c4 (0xff9ff06f) j       pc - 0x8
core   0: 3 0x800111c4 (0xff9ff06f)
core   0: 0x800111bc (0x00002f17) auipc   t5, 0x2
core   0: 3 0x800111bc (0x00002f17) x30 0x800131bc
core   0: 0x800111c0 (0xe43f2223) sw      gp, -444(t5)
core   0: 3 0x800111c0 (0xe43f2223) mem 0x80013000 0x00000001
core   0: 0x800111c4 (0xff9ff06f) j       pc - 0x8
core   0: 3 0x800111c4 (0xff9ff06f)
core   0: 0x800111bc (0x00002f17) auipc   t5, 0x2
core   0: 3 0x800111bc (0x00002f17) x30 0x800131bc
core   0: 0x800111c0 (0xe43f2223) sw      gp, -444(t5)
core   0: 3 0x800111c0 (0xe43f2223) mem 0x80013000 0x00000001
core   0: 0x800111c4 (0xff9ff06f) j       pc - 0x8
core   0: 3 0x800111c4 (0xff9ff06f)
core   0: 0x800111bc (0x00002f17) auipc   t5, 0x2
core   0: 3 0x800111bc (0x00002f17) x30 0x800131bc
core   0: 0x800111c0 (0xe43f2223) sw      gp, -444(t5)
core   0: 3 0x800111c0 (0xe43f2223) mem 0x80013000 0x00000001
core   0: 0x800111c4 (0xff9ff06f) j       pc - 0x8
core   0: 3 0x800111c4 (0xff9ff06f)
core   0: 0x800111bc (0x00002f17) auipc   t5, 0x2
core   0: 3 0x800111bc (0x00002f17) x30 0x800131bc
core   0: 0x800111c0 (0xe43f2223) sw      gp, -444(t5)
core   0: 3 0x800111c0 (0xe43f2223) mem 0x80013000 0x00000001
core   0: 0x800111c4 (0xff9ff06f) j       pc - 0x8
core   0: 3 0x800111c4 (0xff9ff06f)
core   0: 0x800111bc (0x00002f17) auipc   t5, 0x2
core   0: 3 0x800111bc (0x00002f17) x30 0x800131bc
core   0: 0x800111c0 (0xe43f2223) sw      gp, -444(t5)
core   0: 3 0x800111c0 (0xe43f2223) mem 0x80013000 0x00000001
core   0: 0x800111c4 (0xff9ff06f) j       pc - 0x8
core   0: 3 0x800111c4 (0xff9ff06f)
core   0: 0x800111bc (0x00002f17) auipc   t5, 0x2
core   0: 3 0x800111bc (0x00002f17) x30 0x800131bc
core   0: 0x800111c0 (0xe43f2223) sw      gp, -444(t5)
core   0: 3 0x800111c0 (0xe43f2223) mem 0x80013000 0x00000001
core   0: 0x800111c4 (0xff9ff06f) j       pc - 0x8
core   0: 3 0x800111c4 (0xff9ff06f)
core   0: 0x800111bc (0x00002f17) auipc   t5, 0x2
core   0: 3 0x800111bc (0x00002f17) x30 0x800131bc
core   0: 0x800111c0 (0xe43f2223) sw      gp, -444(t5)
core   0: 3 0x800111c0 (0xe43f2223) mem 0x80013000 0x00000001
core   0: 0x800111c4 (0xff9ff06f) j       pc - 0x8
core   0: 3 0x800111c4 (0xff9ff06f)
core   0: 0x800111bc (0x00002f17) auipc   t5, 0x2
core   0: 3 0x800111bc (0x00002f17) x30 0x800131bc
core   0: 0x800111c0 (0xe43f2223) sw      gp, -444(t5)
core   0: 3 0x800111c0 (0xe43f2223) mem 0x80013000 0x00000001
core   0: 0x800111c4 (0xff9ff06f) j       pc - 0x8
core   0: 3 0x800111c4 (0xff9ff06f)
core   0: 0x800111bc (0x00002f17) auipc   t5, 0x2
core   0: 3 0x800111bc (0x00002f17) x30 0x800131bc
core   0: 0x800111c0 (0xe43f2223) sw      gp, -444(t5)
core   0: 3 0x800111c0 (0xe43f2223) mem 0x80013000 0x00000001
core   0: 0x800111c4 (0xff9ff06f) j       pc - 0x8
core   0: 3 0x800111c4 (0xff9ff06f)
core   0: 0x800111bc (0x00002f17) auipc   t5, 0x2
core   0: 3 0x800111bc (0x00002f17) x30 0x800131bc
core   0: 0x800111c0 (0xe43f2223) sw      gp, -444(t5)
core   0: 3 0x800111c0 (0xe43f2223) mem 0x80013000 0x00000001
core   0: 0x800111c4 (0xff9ff06f) j       pc - 0x8
core   0: 3 0x800111c4 (0xff9ff06f)
core   0: 0x800111bc (0x00002f17) auipc   t5, 0x2
core   0: 3 0x800111bc (0x00002f17) x30 0x800131bc
core   0: 0x800111c0 (0xe43f2223) sw      gp, -444(t5)
core   0: 3 0x800111c0 (0xe43f2223) mem 0x80013000 0x00000001
core   0: 0x800111c4 (0xff9ff06f) j       pc - 0x8
core   0: 3 0x800111c4 (0xff9ff06f)
core   0: 0x800111bc (0x00002f17) auipc   t5, 0x2
core   0: 3 0x800111bc (0x00002f17) x30 0x800131bc
core   0: 0x800111c0 (0xe43f2223) sw      gp, -444(t5)
core   0: 3 0x800111c0 (0xe43f2223) mem 0x80013000 0x00000001
core   0: 0x800111c4 (0xff9ff06f) j       pc - 0x8
core   0: 3 0x800111c4 (0xff9ff06f)
core   0: 0x800111bc (0x00002f17) auipc   t5, 0x2
core   0: 3 0x800111bc (0x00002f17) x30 0x800131bc
core   0: 0x800111c0 (0xe43f2223) sw      gp, -444(t5)
core   0: 3 0x800111c0 (0xe43f2223) mem 0x80013000 0x00000001
core   0: 0x800111c4 (0xff9ff06f) j       pc - 0x8
core   0: 3 0x800111c4 (0xff9ff06f)
core   0: 0x800111bc (0x00002f17) auipc   t5, 0x2
core   0: 3 0x800111bc (0x00002f17) x30 0x800131bc
core   0: 0x800111c0 (0xe43f2223) sw      gp, -444(t5)
core   0: 3 0x800111c0 (0xe43f2223) mem 0x80013000 0x00000001
core   0: 0x800111c4 (0xff9ff06f) j       pc - 0x8
core   0: 3 0x800111c4 (0xff9ff06f)
core   0: 0x800111bc (0x00002f17) auipc   t5, 0x2
core   0: 3 0x800111bc (0x00002f17) x30 0x800131bc
core   0: 0x800111c0 (0xe43f2223) sw      gp, -444(t5)
core   0: 3 0x800111c0 (0xe43f2223) mem 0x80013000 0x00000001
core   0: 0x800111c4 (0xff9ff06f) j       pc - 0x8
core   0: 3 0x800111c4 (0xff9ff06f)
core   0: 0x800111bc (0x00002f17) auipc   t5, 0x2
core   0: 3 0x800111bc (0x00002f17) x30 0x800131bc
core   0: 0x800111c0 (0xe43f2223) sw      gp, -444(t5)
core   0: 3 0x800111c0 (0xe43f2223) mem 0x80013000 0x00000001
core   0: 0x800111c4 (0xff9ff06f) j       pc - 0x8
core   0: 3 0x800111c4 (0xff9ff06f)
core   0: 0x800111bc (0x00002f17) auipc   t5, 0x2
core   0: 3 0x800111bc (0x00002f17) x30 0x800131bc
core   0: 0x800111c0 (0xe43f2223) sw      gp, -444(t5)
core   0: 3 0x800111c0 (0xe43f2223) mem 0x80013000 0x00000001
core   0: 0x800111c4 (0xff9ff06f) j       pc - 0x8
core   0: 3 0x800111c4 (0xff9ff06f)
core   0: 0x800111bc (0x00002f17) auipc   t5, 0x2
core   0: 3 0x800111bc (0x00002f17) x30 0x800131bc
core   0: 0x800111c0 (0xe43f2223) sw      gp, -444(t5)
core   0: 3 0x800111c0 (0xe43f2223) mem 0x80013000 0x00000001
core   0: 0x800111c4 (0xff9ff06f) j       pc - 0x8
core   0: 3 0x800111c4 (0xff9ff06f)
core   0: 0x800111bc (0x00002f17) auipc   t5, 0x2
core   0: 3 0x800111bc (0x00002f17) x30 0x800131bc
core   0: 0x800111c0 (0xe43f2223) sw      gp, -444(t5)
core   0: 3 0x800111c0 (0xe43f2223) mem 0x80013000 0x00000001
core   0: 0x800111c4 (0xff9ff06f) j       pc - 0x8
core   0: 3 0x800111c4 (0xff9ff06f)
core   0: 0x800111bc (0x00002f17) auipc   t5, 0x2
core   0: 3 0x800111bc (0x00002f17) x30 0x800131bc
core   0: 0x800111c0 (0xe43f2223) sw      gp, -444(t5)
core   0: 3 0x800111c0 (0xe43f2223) mem 0x80013000 0x00000001
core   0: 0x800111c4 (0xff9ff06f) j       pc - 0x8
core   0: 3 0x800111c4 (0xff9ff06f)
core   0: 0x800111bc (0x00002f17) auipc   t5, 0x2
core   0: 3 0x800111bc (0x00002f17) x30 0x800131bc
core   0: 0x800111c0 (0xe43f2223) sw      gp, -444(t5)
core   0: 3 0x800111c0 (0xe43f2223) mem 0x80013000 0x00000001
core   0: 0x800111c4 (0xff9ff06f) j       pc - 0x8
core   0: 3 0x800111c4 (0xff9ff06f)
core   0: 0x800111bc (0x00002f17) auipc   t5, 0x2
core   0: 3 0x800111bc (0x00002f17) x30 0x800131bc
core   0: 0x800111c0 (0xe43f2223) sw      gp, -444(t5)
core   0: 3 0x800111c0 (0xe43f2223) mem 0x80013000 0x00000001
core   0: 0x800111c4 (0xff9ff06f) j       pc - 0x8
core   0: 3 0x800111c4 (0xff9ff06f)
core   0: 0x800111bc (0x00002f17) auipc   t5, 0x2
core   0: 3 0x800111bc (0x00002f17) x30 0x800131bc
core   0: 0x800111c0 (0xe43f2223) sw      gp, -444(t5)
core   0: 3 0x800111c0 (0xe43f2223) mem 0x80013000 0x00000001
core   0: 0x800111c4 (0xff9ff06f) j       pc - 0x8
core   0: 3 0x800111c4 (0xff9ff06f)
core   0: 0x800111bc (0x00002f17) auipc   t5, 0x2
core   0: 3 0x800111bc (0x00002f17) x30 0x800131bc
core   0: 0x800111c0 (0xe43f2223) sw      gp, -444(t5)
core   0: 3 0x800111c0 (0xe43f2223) mem 0x80013000 0x00000001
core   0: 0x800111c4 (0xff9ff06f) j       pc - 0x8
core   0: 3 0x800111c4 (0xff9ff06f)
core   0: 0x800111bc (0x00002f17) auipc   t5, 0x2
core   0: 3 0x800111bc (0x00002f17) x30 0x800131bc
core   0: 0x800111c0 (0xe43f2223) sw      gp, -444(t5)
core   0: 3 0x800111c0 (0xe43f2223) mem 0x80013000 0x00000001
core   0: 0x800111c4 (0xff9ff06f) j       pc - 0x8
core   0: 3 0x800111c4 (0xff9ff06f)
core   0: 0x800111bc (0x00002f17) auipc   t5, 0x2
core   0: 3 0x800111bc (0x00002f17) x30 0x800131bc
core   0: 0x800111c0 (0xe43f2223) sw      gp, -444(t5)
core   0: 3 0x800111c0 (0xe43f2223) mem 0x80013000 0x00000001
core   0: 0x800111c4 (0xff9ff06f) j       pc - 0x8
core   0: 3 0x800111c4 (0xff9ff06f)
core   0: 0x800111bc (0x00002f17) auipc   t5, 0x2
core   0: 3 0x800111bc (0x00002f17) x30 0x800131bc
core   0: 0x800111c0 (0xe43f2223) sw      gp, -444(t5)
core   0: 3 0x800111c0 (0xe43f2223) mem 0x80013000 0x00000001
core   0: 0x800111c4 (0xff9ff06f) j       pc - 0x8
core   0: 3 0x800111c4 (0xff9ff06f)
core   0: 0x800111bc (0x00002f17) auipc   t5, 0x2
core   0: 3 0x800111bc (0x00002f17) x30 0x800131bc
core   0: 0x800111c0 (0xe43f2223) sw      gp, -444(t5)
core   0: 3 0x800111c0 (0xe43f2223) mem 0x80013000 0x00000001
core   0: 0x800111c4 (0xff9ff06f) j       pc - 0x8
core   0: 3 0x800111c4 (0xff9ff06f)
core   0: 0x800111bc (0x00002f17) auipc   t5, 0x2
core   0: 3 0x800111bc (0x00002f17) x30 0x800131bc
core   0: 0x800111c0 (0xe43f2223) sw      gp, -444(t5)
core   0: 3 0x800111c0 (0xe43f2223) mem 0x80013000 0x00000001
core   0: 0x800111c4 (0xff9ff06f) j       pc - 0x8
core   0: 3 0x800111c4 (0xff9ff06f)
core   0: 0x800111bc (0x00002f17) auipc   t5, 0x2
core   0: 3 0x800111bc (0x00002f17) x30 0x800131bc
core   0: 0x800111c0 (0xe43f2223) sw      gp, -444(t5)
core   0: 3 0x800111c0 (0xe43f2223) mem 0x80013000 0x00000001
core   0: 0x800111c4 (0xff9ff06f) j       pc - 0x8
core   0: 3 0x800111c4 (0xff9ff06f)
core   0: 0x800111bc (0x00002f17) auipc   t5, 0x2
core   0: 3 0x800111bc (0x00002f17) x30 0x800131bc
core   0: 0x800111c0 (0xe43f2223) sw      gp, -444(t5)
core   0: 3 0x800111c0 (0xe43f2223) mem 0x80013000 0x00000001
core   0: 0x800111c4 (0xff9ff06f) j       pc - 0x8
core   0: 3 0x800111c4 (0xff9ff06f)
core   0: 0x800111bc (0x00002f17) auipc   t5, 0x2
core   0: 3 0x800111bc (0x00002f17) x30 0x800131bc
core   0: 0x800111c0 (0xe43f2223) sw      gp, -444(t5)
core   0: 3 0x800111c0 (0xe43f2223) mem 0x80013000 0x00000001
core   0: 0x800111c4 (0xff9ff06f) j       pc - 0x8
core   0: 3 0x800111c4 (0xff9ff06f)
core   0: 0x800111bc (0x00002f17) auipc   t5, 0x2
core   0: 3 0x800111bc (0x00002f17) x30 0x800131bc
core   0: 0x800111c0 (0xe43f2223) sw      gp, -444(t5)
core   0: 3 0x800111c0 (0xe43f2223) mem 0x80013000 0x00000001
core   0: 0x800111c4 (0xff9ff06f) j       pc - 0x8
core   0: 3 0x800111c4 (0xff9ff06f)
core   0: 0x800111bc (0x00002f17) auipc   t5, 0x2
core   0: 3 0x800111bc (0x00002f17) x30 0x800131bc
core   0: 0x800111c0 (0xe43f2223) sw      gp, -444(t5)
core   0: 3 0x800111c0 (0xe43f2223) mem 0x80013000 0x00000001
core   0: 0x800111c4 (0xff9ff06f) j       pc - 0x8
core   0: 3 0x800111c4 (0xff9ff06f)
core   0: 0x800111bc (0x00002f17) auipc   t5, 0x2
core   0: 3 0x800111bc (0x00002f17) x30 0x800131bc
core   0: 0x800111c0 (0xe43f2223) sw      gp, -444(t5)
core   0: 3 0x800111c0 (0xe43f2223) mem 0x80013000 0x00000001
core   0: 0x800111c4 (0xff9ff06f) j       pc - 0x8
core   0: 3 0x800111c4 (0xff9ff06f)
core   0: 0x800111bc (0x00002f17) auipc   t5, 0x2
core   0: 3 0x800111bc (0x00002f17) x30 0x800131bc
core   0: 0x800111c0 (0xe43f2223) sw      gp, -444(t5)
core   0: 3 0x800111c0 (0xe43f2223) mem 0x80013000 0x00000001
core   0: 0x800111c4 (0xff9ff06f) j       pc - 0x8
core   0: 3 0x800111c4 (0xff9ff06f)
core   0: 0x800111bc (0x00002f17) auipc   t5, 0x2
core   0: 3 0x800111bc (0x00002f17) x30 0x800131bc
core   0: 0x800111c0 (0xe43f2223) sw      gp, -444(t5)
core   0: 3 0x800111c0 (0xe43f2223) mem 0x80013000 0x00000001
core   0: 0x800111c4 (0xff9ff06f) j       pc - 0x8
core   0: 3 0x800111c4 (0xff9ff06f)
core   0: 0x800111bc (0x00002f17) auipc   t5, 0x2
core   0: 3 0x800111bc (0x00002f17) x30 0x800131bc
core   0: 0x800111c0 (0xe43f2223) sw      gp, -444(t5)
core   0: 3 0x800111c0 (0xe43f2223) mem 0x80013000 0x00000001
core   0: 0x800111c4 (0xff9ff06f) j       pc - 0x8
core   0: 3 0x800111c4 (0xff9ff06f)
core   0: 0x800111bc (0x00002f17) auipc   t5, 0x2
core   0: 3 0x800111bc (0x00002f17) x30 0x800131bc
core   0: 0x800111c0 (0xe43f2223) sw      gp, -444(t5)
core   0: 3 0x800111c0 (0xe43f2223) mem 0x80013000 0x00000001
core   0: 0x800111c4 (0xff9ff06f) j       pc - 0x8
core   0: 3 0x800111c4 (0xff9ff06f)
core   0: 0x800111bc (0x00002f17) auipc   t5, 0x2
core   0: 3 0x800111bc (0x00002f17) x30 0x800131bc
core   0: 0x800111c0 (0xe43f2223) sw      gp, -444(t5)
core   0: 3 0x800111c0 (0xe43f2223) mem 0x80013000 0x00000001
core   0: 0x800111c4 (0xff9ff06f) j       pc - 0x8
core   0: 3 0x800111c4 (0xff9ff06f)
core   0: 0x800111bc (0x00002f17) auipc   t5, 0x2
core   0: 3 0x800111bc (0x00002f17) x30 0x800131bc
core   0: 0x800111c0 (0xe43f2223) sw      gp, -444(t5)
core   0: 3 0x800111c0 (0xe43f2223) mem 0x80013000 0x00000001
core   0: 0x800111c4 (0xff9ff06f) j       pc - 0x8
core   0: 3 0x800111c4 (0xff9ff06f)
core   0: 0x800111bc (0x00002f17) auipc   t5, 0x2
core   0: 3 0x800111bc (0x00002f17) x30 0x800131bc
core   0: 0x800111c0 (0xe43f2223) sw      gp, -444(t5)
core   0: 3 0x800111c0 (0xe43f2223) mem 0x80013000 0x00000001
core   0: 0x800111c4 (0xff9ff06f) j       pc - 0x8
core   0: 3 0x800111c4 (0xff9ff06f)
core   0: 0x800111bc (0x00002f17) auipc   t5, 0x2
core   0: 3 0x800111bc (0x00002f17) x30 0x800131bc
core   0: 0x800111c0 (0xe43f2223) sw      gp, -444(t5)
core   0: 3 0x800111c0 (0xe43f2223) mem 0x80013000 0x00000001
core   0: 0x800111c4 (0xff9ff06f) j       pc - 0x8
core   0: 3 0x800111c4 (0xff9ff06f)
core   0: 0x800111bc (0x00002f17) auipc   t5, 0x2
core   0: 3 0x800111bc (0x00002f17) x30 0x800131bc
core   0: 0x800111c0 (0xe43f2223) sw      gp, -444(t5)
core   0: 3 0x800111c0 (0xe43f2223) mem 0x80013000 0x00000001
core   0: 0x800111c4 (0xff9ff06f) j       pc - 0x8
core   0: 3 0x800111c4 (0xff9ff06f)
core   0: 0x800111bc (0x00002f17) auipc   t5, 0x2
core   0: 3 0x800111bc (0x00002f17) x30 0x800131bc
core   0: 0x800111c0 (0xe43f2223) sw      gp, -444(t5)
core   0: 3 0x800111c0 (0xe43f2223) mem 0x80013000 0x00000001
core   0: 0x800111c4 (0xff9ff06f) j       pc - 0x8
core   0: 3 0x800111c4 (0xff9ff06f)
core   0: 0x800111bc (0x00002f17) auipc   t5, 0x2
core   0: 3 0x800111bc (0x00002f17) x30 0x800131bc
core   0: 0x800111c0 (0xe43f2223) sw      gp, -444(t5)
core   0: 3 0x800111c0 (0xe43f2223) mem 0x80013000 0x00000001
core   0: 0x800111c4 (0xff9ff06f) j       pc - 0x8
core   0: 3 0x800111c4 (0xff9ff06f)
core   0: 0x800111bc (0x00002f17) auipc   t5, 0x2
core   0: 3 0x800111bc (0x00002f17) x30 0x800131bc
core   0: 0x800111c0 (0xe43f2223) sw      gp, -444(t5)
core   0: 3 0x800111c0 (0xe43f2223) mem 0x80013000 0x00000001
core   0: 0x800111c4 (0xff9ff06f) j       pc - 0x8
core   0: 3 0x800111c4 (0xff9ff06f)
core   0: 0x800111bc (0x00002f17) auipc   t5, 0x2
core   0: 3 0x800111bc (0x00002f17) x30 0x800131bc
core   0: 0x800111c0 (0xe43f2223) sw      gp, -444(t5)
core   0: 3 0x800111c0 (0xe43f2223) mem 0x80013000 0x00000001
core   0: 0x800111c4 (0xff9ff06f) j       pc - 0x8
core   0: 3 0x800111c4 (0xff9ff06f)
core   0: 0x800111bc (0x00002f17) auipc   t5, 0x2
core   0: 3 0x800111bc (0x00002f17) x30 0x800131bc
core   0: 0x800111c0 (0xe43f2223) sw      gp, -444(t5)
core   0: 3 0x800111c0 (0xe43f2223) mem 0x80013000 0x00000001
core   0: 0x800111c4 (0xff9ff06f) j       pc - 0x8
core   0: 3 0x800111c4 (0xff9ff06f)
core   0: 0x800111bc (0x00002f17) auipc   t5, 0x2
core   0: 3 0x800111bc (0x00002f17) x30 0x800131bc
core   0: 0x800111c0 (0xe43f2223) sw      gp, -444(t5)
core   0: 3 0x800111c0 (0xe43f2223) mem 0x80013000 0x00000001
core   0: 0x800111c4 (0xff9ff06f) j       pc - 0x8
core   0: 3 0x800111c4 (0xff9ff06f)
core   0: 0x800111bc (0x00002f17) auipc   t5, 0x2
core   0: 3 0x800111bc (0x00002f17) x30 0x800131bc
core   0: 0x800111c0 (0xe43f2223) sw      gp, -444(t5)
core   0: 3 0x800111c0 (0xe43f2223) mem 0x80013000 0x00000001
core   0: 0x800111c4 (0xff9ff06f) j       pc - 0x8
core   0: 3 0x800111c4 (0xff9ff06f)
core   0: 0x800111bc (0x00002f17) auipc   t5, 0x2
core   0: 3 0x800111bc (0x00002f17) x30 0x800131bc
core   0: 0x800111c0 (0xe43f2223) sw      gp, -444(t5)
core   0: 3 0x800111c0 (0xe43f2223) mem 0x80013000 0x00000001
core   0: 0x800111c4 (0xff9ff06f) j       pc - 0x8
core   0: 3 0x800111c4 (0xff9ff06f)
core   0: 0x800111bc (0x00002f17) auipc   t5, 0x2
core   0: 3 0x800111bc (0x00002f17) x30 0x800131bc
core   0: 0x800111c0 (0xe43f2223) sw      gp, -444(t5)
core   0: 3 0x800111c0 (0xe43f2223) mem 0x80013000 0x00000001
core   0: 0x800111c4 (0xff9ff06f) j       pc - 0x8
core   0: 3 0x800111c4 (0xff9ff06f)
core   0: 0x800111bc (0x00002f17) auipc   t5, 0x2
core   0: 3 0x800111bc (0x00002f17) x30 0x800131bc
core   0: 0x800111c0 (0xe43f2223) sw      gp, -444(t5)
core   0: 3 0x800111c0 (0xe43f2223) mem 0x80013000 0x00000001
core   0: 0x800111c4 (0xff9ff06f) j       pc - 0x8
core   0: 3 0x800111c4 (0xff9ff06f)
core   0: 0x800111bc (0x00002f17) auipc   t5, 0x2
core   0: 3 0x800111bc (0x00002f17) x30 0x800131bc
core   0: 0x800111c0 (0xe43f2223) sw      gp, -444(t5)
core   0: 3 0x800111c0 (0xe43f2223) mem 0x80013000 0x00000001
core   0: 0x800111c4 (0xff9ff06f) j       pc - 0x8
core   0: 3 0x800111c4 (0xff9ff06f)
core   0: 0x800111bc (0x00002f17) auipc   t5, 0x2
core   0: 3 0x800111bc (0x00002f17) x30 0x800131bc
core   0: 0x800111c0 (0xe43f2223) sw      gp, -444(t5)
core   0: 3 0x800111c0 (0xe43f2223) mem 0x80013000 0x00000001
core   0: 0x800111c4 (0xff9ff06f) j       pc - 0x8
core   0: 3 0x800111c4 (0xff9ff06f)
core   0: 0x800111bc (0x00002f17) auipc   t5, 0x2
core   0: 3 0x800111bc (0x00002f17) x30 0x800131bc
core   0: 0x800111c0 (0xe43f2223) sw      gp, -444(t5)
core   0: 3 0x800111c0 (0xe43f2223) mem 0x80013000 0x00000001
core   0: 0x800111c4 (0xff9ff06f) j       pc - 0x8
core   0: 3 0x800111c4 (0xff9ff06f)
core   0: 0x800111bc (0x00002f17) auipc   t5, 0x2
core   0: 3 0x800111bc (0x00002f17) x30 0x800131bc
core   0: 0x800111c0 (0xe43f2223) sw      gp, -444(t5)
core   0: 3 0x800111c0 (0xe43f2223) mem 0x80013000 0x00000001
core   0: 0x800111c4 (0xff9ff06f) j       pc - 0x8
core   0: 3 0x800111c4 (0xff9ff06f)
core   0: 0x800111bc (0x00002f17) auipc   t5, 0x2
core   0: 3 0x800111bc (0x00002f17) x30 0x800131bc
core   0: 0x800111c0 (0xe43f2223) sw      gp, -444(t5)
core   0: 3 0x800111c0 (0xe43f2223) mem 0x80013000 0x00000001
core   0: 0x800111c4 (0xff9ff06f) j       pc - 0x8
core   0: 3 0x800111c4 (0xff9ff06f)
core   0: 0x800111bc (0x00002f17) auipc   t5, 0x2
core   0: 3 0x800111bc (0x00002f17) x30 0x800131bc
core   0: 0x800111c0 (0xe43f2223) sw      gp, -444(t5)
core   0: 3 0x800111c0 (0xe43f2223) mem 0x80013000 0x00000001
core   0: 0x800111c4 (0xff9ff06f) j       pc - 0x8
core   0: 3 0x800111c4 (0xff9ff06f)
core   0: 0x800111bc (0x00002f17) auipc   t5, 0x2
core   0: 3 0x800111bc (0x00002f17) x30 0x800131bc
core   0: 0x800111c0 (0xe43f2223) sw      gp, -444(t5)
core   0: 3 0x800111c0 (0xe43f2223) mem 0x80013000 0x00000001
core   0: 0x800111c4 (0xff9ff06f) j       pc - 0x8
core   0: 3 0x800111c4 (0xff9ff06f)
core   0: 0x800111bc (0x00002f17) auipc   t5, 0x2
core   0: 3 0x800111bc (0x00002f17) x30 0x800131bc
core   0: 0x800111c0 (0xe43f2223) sw      gp, -444(t5)
core   0: 3 0x800111c0 (0xe43f2223) mem 0x80013000 0x00000001
core   0: 0x800111c4 (0xff9ff06f) j       pc - 0x8
core   0: 3 0x800111c4 (0xff9ff06f)
core   0: 0x800111bc (0x00002f17) auipc   t5, 0x2
core   0: 3 0x800111bc (0x00002f17) x30 0x800131bc
core   0: 0x800111c0 (0xe43f2223) sw      gp, -444(t5)
core   0: 3 0x800111c0 (0xe43f2223) mem 0x80013000 0x00000001
core   0: 0x800111c4 (0xff9ff06f) j       pc - 0x8
core   0: 3 0x800111c4 (0xff9ff06f)
core   0: 0x800111bc (0x00002f17) auipc   t5, 0x2
core   0: 3 0x800111bc (0x00002f17) x30 0x800131bc
core   0: 0x800111c0 (0xe43f2223) sw      gp, -444(t5)
core   0: 3 0x800111c0 (0xe43f2223) mem 0x80013000 0x00000001
core   0: 0x800111c4 (0xff9ff06f) j       pc - 0x8
core   0: 3 0x800111c4 (0xff9ff06f)
core   0: 0x800111bc (0x00002f17) auipc   t5, 0x2
core   0: 3 0x800111bc (0x00002f17) x30 0x800131bc
core   0: 0x800111c0 (0xe43f2223) sw      gp, -444(t5)
core   0: 3 0x800111c0 (0xe43f2223) mem 0x80013000 0x00000001
core   0: 0x800111c4 (0xff9ff06f) j       pc - 0x8
core   0: 3 0x800111c4 (0xff9ff06f)
core   0: 0x800111bc (0x00002f17) auipc   t5, 0x2
core   0: 3 0x800111bc (0x00002f17) x30 0x800131bc
core   0: 0x800111c0 (0xe43f2223) sw      gp, -444(t5)
core   0: 3 0x800111c0 (0xe43f2223) mem 0x80013000 0x00000001
core   0: 0x800111c4 (0xff9ff06f) j       pc - 0x8
core   0: 3 0x800111c4 (0xff9ff06f)
core   0: 0x800111bc (0x00002f17) auipc   t5, 0x2
core   0: 3 0x800111bc (0x00002f17) x30 0x800131bc
core   0: 0x800111c0 (0xe43f2223) sw      gp, -444(t5)
core   0: 3 0x800111c0 (0xe43f2223) mem 0x80013000 0x00000001
core   0: 0x800111c4 (0xff9ff06f) j       pc - 0x8
core   0: 3 0x800111c4 (0xff9ff06f)
core   0: 0x800111bc (0x00002f17) auipc   t5, 0x2
core   0: 3 0x800111bc (0x00002f17) x30 0x800131bc
core   0: 0x800111c0 (0xe43f2223) sw      gp, -444(t5)
core   0: 3 0x800111c0 (0xe43f2223) mem 0x80013000 0x00000001
core   0: 0x800111c4 (0xff9ff06f) j       pc - 0x8
core   0: 3 0x800111c4 (0xff9ff06f)
core   0: 0x800111bc (0x00002f17) auipc   t5, 0x2
core   0: 3 0x800111bc (0x00002f17) x30 0x800131bc
core   0: 0x800111c0 (0xe43f2223) sw      gp, -444(t5)
core   0: 3 0x800111c0 (0xe43f2223) mem 0x80013000 0x00000001
core   0: 0x800111c4 (0xff9ff06f) j       pc - 0x8
core   0: 3 0x800111c4 (0xff9ff06f)
core   0: 0x800111bc (0x00002f17) auipc   t5, 0x2
core   0: 3 0x800111bc (0x00002f17) x30 0x800131bc
core   0: 0x800111c0 (0xe43f2223) sw      gp, -444(t5)
core   0: 3 0x800111c0 (0xe43f2223) mem 0x80013000 0x00000001
core   0: 0x800111c4 (0xff9ff06f) j       pc - 0x8
core   0: 3 0x800111c4 (0xff9ff06f)
core   0: 0x800111bc (0x00002f17) auipc   t5, 0x2
core   0: 3 0x800111bc (0x00002f17) x30 0x800131bc
core   0: 0x800111c0 (0xe43f2223) sw      gp, -444(t5)
core   0: 3 0x800111c0 (0xe43f2223) mem 0x80013000 0x00000001
core   0: 0x800111c4 (0xff9ff06f) j       pc - 0x8
core   0: 3 0x800111c4 (0xff9ff06f)
core   0: 0x800111bc (0x00002f17) auipc   t5, 0x2
core   0: 3 0x800111bc (0x00002f17) x30 0x800131bc
core   0: 0x800111c0 (0xe43f2223) sw      gp, -444(t5)
core   0: 3 0x800111c0 (0xe43f2223) mem 0x80013000 0x00000001
core   0: 0x800111c4 (0xff9ff06f) j       pc - 0x8
core   0: 3 0x800111c4 (0xff9ff06f)
core   0: 0x800111bc (0x00002f17) auipc   t5, 0x2
core   0: 3 0x800111bc (0x00002f17) x30 0x800131bc
core   0: 0x800111c0 (0xe43f2223) sw      gp, -444(t5)
core   0: 3 0x800111c0 (0xe43f2223) mem 0x80013000 0x00000001
core   0: 0x800111c4 (0xff9ff06f) j       pc - 0x8
core   0: 3 0x800111c4 (0xff9ff06f)
core   0: 0x800111bc (0x00002f17) auipc   t5, 0x2
core   0: 3 0x800111bc (0x00002f17) x30 0x800131bc
core   0: 0x800111c0 (0xe43f2223) sw      gp, -444(t5)
core   0: 3 0x800111c0 (0xe43f2223) mem 0x80013000 0x00000001
core   0: 0x800111c4 (0xff9ff06f) j       pc - 0x8
core   0: 3 0x800111c4 (0xff9ff06f)
core   0: 0x800111bc (0x00002f17) auipc   t5, 0x2
core   0: 3 0x800111bc (0x00002f17) x30 0x800131bc
core   0: 0x800111c0 (0xe43f2223) sw      gp, -444(t5)
core   0: 3 0x800111c0 (0xe43f2223) mem 0x80013000 0x00000001
core   0: 0x800111c4 (0xff9ff06f) j       pc - 0x8
core   0: 3 0x800111c4 (0xff9ff06f)
core   0: 0x800111bc (0x00002f17) auipc   t5, 0x2
core   0: 3 0x800111bc (0x00002f17) x30 0x800131bc
core   0: 0x800111c0 (0xe43f2223) sw      gp, -444(t5)
core   0: 3 0x800111c0 (0xe43f2223) mem 0x80013000 0x00000001
core   0: 0x800111c4 (0xff9ff06f) j       pc - 0x8
core   0: 3 0x800111c4 (0xff9ff06f)
core   0: 0x800111bc (0x00002f17) auipc   t5, 0x2
core   0: 3 0x800111bc (0x00002f17) x30 0x800131bc
core   0: 0x800111c0 (0xe43f2223) sw      gp, -444(t5)
core   0: 3 0x800111c0 (0xe43f2223) mem 0x80013000 0x00000001
core   0: 0x800111c4 (0xff9ff06f) j       pc - 0x8
core   0: 3 0x800111c4 (0xff9ff06f)
core   0: 0x800111bc (0x00002f17) auipc   t5, 0x2
core   0: 3 0x800111bc (0x00002f17) x30 0x800131bc
core   0: 0x800111c0 (0xe43f2223) sw      gp, -444(t5)
core   0: 3 0x800111c0 (0xe43f2223) mem 0x80013000 0x00000001
core   0: 0x800111c4 (0xff9ff06f) j       pc - 0x8
core   0: 3 0x800111c4 (0xff9ff06f)
core   0: 0x800111bc (0x00002f17) auipc   t5, 0x2
core   0: 3 0x800111bc (0x00002f17) x30 0x800131bc
core   0: 0x800111c0 (0xe43f2223) sw      gp, -444(t5)
core   0: 3 0x800111c0 (0xe43f2223) mem 0x80013000 0x00000001
core   0: 0x800111c4 (0xff9ff06f) j       pc - 0x8
core   0: 3 0x800111c4 (0xff9ff06f)
core   0: 0x800111bc (0x00002f17) auipc   t5, 0x2
core   0: 3 0x800111bc (0x00002f17) x30 0x800131bc
core   0: 0x800111c0 (0xe43f2223) sw      gp, -444(t5)
core   0: 3 0x800111c0 (0xe43f2223) mem 0x80013000 0x00000001
core   0: 0x800111c4 (0xff9ff06f) j       pc - 0x8
core   0: 3 0x800111c4 (0xff9ff06f)
core   0: 0x800111bc (0x00002f17) auipc   t5, 0x2
core   0: 3 0x800111bc (0x00002f17) x30 0x800131bc
core   0: 0x800111c0 (0xe43f2223) sw      gp, -444(t5)
core   0: 3 0x800111c0 (0xe43f2223) mem 0x80013000 0x00000001
core   0: 0x800111c4 (0xff9ff06f) j       pc - 0x8
core   0: 3 0x800111c4 (0xff9ff06f)
core   0: 0x800111bc (0x00002f17) auipc   t5, 0x2
core   0: 3 0x800111bc (0x00002f17) x30 0x800131bc
core   0: 0x800111c0 (0xe43f2223) sw      gp, -444(t5)
core   0: 3 0x800111c0 (0xe43f2223) mem 0x80013000 0x00000001
core   0: 0x800111c4 (0xff9ff06f) j       pc - 0x8
core   0: 3 0x800111c4 (0xff9ff06f)
core   0: 0x800111bc (0x00002f17) auipc   t5, 0x2
core   0: 3 0x800111bc (0x00002f17) x30 0x800131bc
core   0: 0x800111c0 (0xe43f2223) sw      gp, -444(t5)
core   0: 3 0x800111c0 (0xe43f2223) mem 0x80013000 0x00000001
core   0: 0x800111c4 (0xff9ff06f) j       pc - 0x8
core   0: 3 0x800111c4 (0xff9ff06f)
core   0: 0x800111bc (0x00002f17) auipc   t5, 0x2
core   0: 3 0x800111bc (0x00002f17) x30 0x800131bc
core   0: 0x800111c0 (0xe43f2223) sw      gp, -444(t5)
core   0: 3 0x800111c0 (0xe43f2223) mem 0x80013000 0x00000001
core   0: 0x800111c4 (0xff9ff06f) j       pc - 0x8
core   0: 3 0x800111c4 (0xff9ff06f)
core   0: 0x800111bc (0x00002f17) auipc   t5, 0x2
core   0: 3 0x800111bc (0x00002f17) x30 0x800131bc
core   0: 0x800111c0 (0xe43f2223) sw      gp, -444(t5)
core   0: 3 0x800111c0 (0xe43f2223) mem 0x80013000 0x00000001
core   0: 0x800111c4 (0xff9ff06f) j       pc - 0x8
core   0: 3 0x800111c4 (0xff9ff06f)
core   0: 0x800111bc (0x00002f17) auipc   t5, 0x2
core   0: 3 0x800111bc (0x00002f17) x30 0x800131bc
core   0: 0x800111c0 (0xe43f2223) sw      gp, -444(t5)
core   0: 3 0x800111c0 (0xe43f2223) mem 0x80013000 0x00000001
core   0: 0x800111c4 (0xff9ff06f) j       pc - 0x8
core   0: 3 0x800111c4 (0xff9ff06f)
core   0: 0x800111bc (0x00002f17) auipc   t5, 0x2
core   0: 3 0x800111bc (0x00002f17) x30 0x800131bc
core   0: 0x800111c0 (0xe43f2223) sw      gp, -444(t5)
core   0: 3 0x800111c0 (0xe43f2223) mem 0x80013000 0x00000001
core   0: 0x800111c4 (0xff9ff06f) j       pc - 0x8
core   0: 3 0x800111c4 (0xff9ff06f)
core   0: 0x800111bc (0x00002f17) auipc   t5, 0x2
core   0: 3 0x800111bc (0x00002f17) x30 0x800131bc
core   0: 0x800111c0 (0xe43f2223) sw      gp, -444(t5)
core   0: 3 0x800111c0 (0xe43f2223) mem 0x80013000 0x00000001
core   0: 0x800111c4 (0xff9ff06f) j       pc - 0x8
core   0: 3 0x800111c4 (0xff9ff06f)
core   0: 0x800111bc (0x00002f17) auipc   t5, 0x2
core   0: 3 0x800111bc (0x00002f17) x30 0x800131bc
core   0: 0x800111c0 (0xe43f2223) sw      gp, -444(t5)
core   0: 3 0x800111c0 (0xe43f2223) mem 0x80013000 0x00000001
core   0: 0x800111c4 (0xff9ff06f) j       pc - 0x8
core   0: 3 0x800111c4 (0xff9ff06f)
core   0: 0x800111bc (0x00002f17) auipc   t5, 0x2
core   0: 3 0x800111bc (0x00002f17) x30 0x800131bc
core   0: 0x800111c0 (0xe43f2223) sw      gp, -444(t5)
core   0: 3 0x800111c0 (0xe43f2223) mem 0x80013000 0x00000001
core   0: 0x800111c4 (0xff9ff06f) j       pc - 0x8
core   0: 3 0x800111c4 (0xff9ff06f)
core   0: 0x800111bc (0x00002f17) auipc   t5, 0x2
core   0: 3 0x800111bc (0x00002f17) x30 0x800131bc
core   0: 0x800111c0 (0xe43f2223) sw      gp, -444(t5)
core   0: 3 0x800111c0 (0xe43f2223) mem 0x80013000 0x00000001
core   0: 0x800111c4 (0xff9ff06f) j       pc - 0x8
core   0: 3 0x800111c4 (0xff9ff06f)
core   0: 0x800111bc (0x00002f17) auipc   t5, 0x2
core   0: 3 0x800111bc (0x00002f17) x30 0x800131bc
core   0: 0x800111c0 (0xe43f2223) sw      gp, -444(t5)
core   0: 3 0x800111c0 (0xe43f2223) mem 0x80013000 0x00000001
core   0: 0x800111c4 (0xff9ff06f) j       pc - 0x8
core   0: 3 0x800111c4 (0xff9ff06f)
core   0: 0x800111bc (0x00002f17) auipc   t5, 0x2
core   0: 3 0x800111bc (0x00002f17) x30 0x800131bc
core   0: 0x800111c0 (0xe43f2223) sw      gp, -444(t5)
core   0: 3 0x800111c0 (0xe43f2223) mem 0x80013000 0x00000001
core   0: 0x800111c4 (0xff9ff06f) j       pc - 0x8
core   0: 3 0x800111c4 (0xff9ff06f)
core   0: 0x800111bc (0x00002f17) auipc   t5, 0x2
core   0: 3 0x800111bc (0x00002f17) x30 0x800131bc
core   0: 0x800111c0 (0xe43f2223) sw      gp, -444(t5)
core   0: 3 0x800111c0 (0xe43f2223) mem 0x80013000 0x00000001
core   0: 0x800111c4 (0xff9ff06f) j       pc - 0x8
core   0: 3 0x800111c4 (0xff9ff06f)
core   0: 0x800111bc (0x00002f17) auipc   t5, 0x2
core   0: 3 0x800111bc (0x00002f17) x30 0x800131bc
core   0: 0x800111c0 (0xe43f2223) sw      gp, -444(t5)
core   0: 3 0x800111c0 (0xe43f2223) mem 0x80013000 0x00000001
core   0: 0x800111c4 (0xff9ff06f) j       pc - 0x8
core   0: 3 0x800111c4 (0xff9ff06f)
core   0: 0x800111bc (0x00002f17) auipc   t5, 0x2
core   0: 3 0x800111bc (0x00002f17) x30 0x800131bc
core   0: 0x800111c0 (0xe43f2223) sw      gp, -444(t5)
core   0: 3 0x800111c0 (0xe43f2223) mem 0x80013000 0x00000001
core   0: 0x800111c4 (0xff9ff06f) j       pc - 0x8
core   0: 3 0x800111c4 (0xff9ff06f)
core   0: 0x800111bc (0x00002f17) auipc   t5, 0x2
core   0: 3 0x800111bc (0x00002f17) x30 0x800131bc
core   0: 0x800111c0 (0xe43f2223) sw      gp, -444(t5)
core   0: 3 0x800111c0 (0xe43f2223) mem 0x80013000 0x00000001
core   0: 0x800111c4 (0xff9ff06f) j       pc - 0x8
core   0: 3 0x800111c4 (0xff9ff06f)
core   0: 0x800111bc (0x00002f17) auipc   t5, 0x2
core   0: 3 0x800111bc (0x00002f17) x30 0x800131bc
core   0: 0x800111c0 (0xe43f2223) sw      gp, -444(t5)
core   0: 3 0x800111c0 (0xe43f2223) mem 0x80013000 0x00000001
core   0: 0x800111c4 (0xff9ff06f) j       pc - 0x8
core   0: 3 0x800111c4 (0xff9ff06f)
core   0: 0x800111bc (0x00002f17) auipc   t5, 0x2
core   0: 3 0x800111bc (0x00002f17) x30 0x800131bc
core   0: 0x800111c0 (0xe43f2223) sw      gp, -444(t5)
core   0: 3 0x800111c0 (0xe43f2223) mem 0x80013000 0x00000001
core   0: 0x800111c4 (0xff9ff06f) j       pc - 0x8
core   0: 3 0x800111c4 (0xff9ff06f)
core   0: 0x800111bc (0x00002f17) auipc   t5, 0x2
core   0: 3 0x800111bc (0x00002f17) x30 0x800131bc
core   0: 0x800111c0 (0xe43f2223) sw      gp, -444(t5)
core   0: 3 0x800111c0 (0xe43f2223) mem 0x80013000 0x00000001
core   0: 0x800111c4 (0xff9ff06f) j       pc - 0x8
core   0: 3 0x800111c4 (0xff9ff06f)
core   0: 0x800111bc (0x00002f17) auipc   t5, 0x2
core   0: 3 0x800111bc (0x00002f17) x30 0x800131bc
core   0: 0x800111c0 (0xe43f2223) sw      gp, -444(t5)
core   0: 3 0x800111c0 (0xe43f2223) mem 0x80013000 0x00000001
core   0: 0x800111c4 (0xff9ff06f) j       pc - 0x8
core   0: 3 0x800111c4 (0xff9ff06f)
core   0: 0x800111bc (0x00002f17) auipc   t5, 0x2
core   0: 3 0x800111bc (0x00002f17) x30 0x800131bc
core   0: 0x800111c0 (0xe43f2223) sw      gp, -444(t5)
core   0: 3 0x800111c0 (0xe43f2223) mem 0x80013000 0x00000001
core   0: 0x800111c4 (0xff9ff06f) j       pc - 0x8
core   0: 3 0x800111c4 (0xff9ff06f)
core   0: 0x800111bc (0x00002f17) auipc   t5, 0x2
core   0: 3 0x800111bc (0x00002f17) x30 0x800131bc
core   0: 0x800111c0 (0xe43f2223) sw      gp, -444(t5)
core   0: 3 0x800111c0 (0xe43f2223) mem 0x80013000 0x00000001
core   0: 0x800111c4 (0xff9ff06f) j       pc - 0x8
core   0: 3 0x800111c4 (0xff9ff06f)
core   0: 0x800111bc (0x00002f17) auipc   t5, 0x2
core   0: 3 0x800111bc (0x00002f17) x30 0x800131bc
core   0: 0x800111c0 (0xe43f2223) sw      gp, -444(t5)
core   0: 3 0x800111c0 (0xe43f2223) mem 0x80013000 0x00000001
core   0: 0x800111c4 (0xff9ff06f) j       pc - 0x8
core   0: 3 0x800111c4 (0xff9ff06f)
core   0: 0x800111bc (0x00002f17) auipc   t5, 0x2
core   0: 3 0x800111bc (0x00002f17) x30 0x800131bc
core   0: 0x800111c0 (0xe43f2223) sw      gp, -444(t5)
core   0: 3 0x800111c0 (0xe43f2223) mem 0x80013000 0x00000001
core   0: 0x800111c4 (0xff9ff06f) j       pc - 0x8
core   0: 3 0x800111c4 (0xff9ff06f)
core   0: 0x800111bc (0x00002f17) auipc   t5, 0x2
core   0: 3 0x800111bc (0x00002f17) x30 0x800131bc
core   0: 0x800111c0 (0xe43f2223) sw      gp, -444(t5)
core   0: 3 0x800111c0 (0xe43f2223) mem 0x80013000 0x00000001
core   0: 0x800111c4 (0xff9ff06f) j       pc - 0x8
core   0: 3 0x800111c4 (0xff9ff06f)
core   0: 0x800111bc (0x00002f17) auipc   t5, 0x2
core   0: 3 0x800111bc (0x00002f17) x30 0x800131bc
core   0: 0x800111c0 (0xe43f2223) sw      gp, -444(t5)
core   0: 3 0x800111c0 (0xe43f2223) mem 0x80013000 0x00000001
core   0: 0x800111c4 (0xff9ff06f) j       pc - 0x8
core   0: 3 0x800111c4 (0xff9ff06f)
core   0: 0x800111bc (0x00002f17) auipc   t5, 0x2
core   0: 3 0x800111bc (0x00002f17) x30 0x800131bc
core   0: 0x800111c0 (0xe43f2223) sw      gp, -444(t5)
core   0: 3 0x800111c0 (0xe43f2223) mem 0x80013000 0x00000001
core   0: 0x800111c4 (0xff9ff06f) j       pc - 0x8
core   0: 3 0x800111c4 (0xff9ff06f)
core   0: 0x800111bc (0x00002f17) auipc   t5, 0x2
core   0: 3 0x800111bc (0x00002f17) x30 0x800131bc
core   0: 0x800111c0 (0xe43f2223) sw      gp, -444(t5)
core   0: 3 0x800111c0 (0xe43f2223) mem 0x80013000 0x00000001
core   0: 0x800111c4 (0xff9ff06f) j       pc - 0x8
core   0: 3 0x800111c4 (0xff9ff06f)
core   0: 0x800111bc (0x00002f17) auipc   t5, 0x2
core   0: 3 0x800111bc (0x00002f17) x30 0x800131bc
core   0: 0x800111c0 (0xe43f2223) sw      gp, -444(t5)
core   0: 3 0x800111c0 (0xe43f2223) mem 0x80013000 0x00000001
core   0: 0x800111c4 (0xff9ff06f) j       pc - 0x8
core   0: 3 0x800111c4 (0xff9ff06f)
core   0: 0x800111bc (0x00002f17) auipc   t5, 0x2
core   0: 3 0x800111bc (0x00002f17) x30 0x800131bc
core   0: 0x800111c0 (0xe43f2223) sw      gp, -444(t5)
core   0: 3 0x800111c0 (0xe43f2223) mem 0x80013000 0x00000001
core   0: 0x800111c4 (0xff9ff06f) j       pc - 0x8
core   0: 3 0x800111c4 (0xff9ff06f)
core   0: 0x800111bc (0x00002f17) auipc   t5, 0x2
core   0: 3 0x800111bc (0x00002f17) x30 0x800131bc
core   0: 0x800111c0 (0xe43f2223) sw      gp, -444(t5)
core   0: 3 0x800111c0 (0xe43f2223) mem 0x80013000 0x00000001
core   0: 0x800111c4 (0xff9ff06f) j       pc - 0x8
core   0: 3 0x800111c4 (0xff9ff06f)
core   0: 0x800111bc (0x00002f17) auipc   t5, 0x2
core   0: 3 0x800111bc (0x00002f17) x30 0x800131bc
core   0: 0x800111c0 (0xe43f2223) sw      gp, -444(t5)
core   0: 3 0x800111c0 (0xe43f2223) mem 0x80013000 0x00000001
core   0: 0x800111c4 (0xff9ff06f) j       pc - 0x8
core   0: 3 0x800111c4 (0xff9ff06f)
core   0: 0x800111bc (0x00002f17) auipc   t5, 0x2
core   0: 3 0x800111bc (0x00002f17) x30 0x800131bc
core   0: 0x800111c0 (0xe43f2223) sw      gp, -444(t5)
core   0: 3 0x800111c0 (0xe43f2223) mem 0x80013000 0x00000001
core   0: 0x800111c4 (0xff9ff06f) j       pc - 0x8
core   0: 3 0x800111c4 (0xff9ff06f)
core   0: 0x800111bc (0x00002f17) auipc   t5, 0x2
core   0: 3 0x800111bc (0x00002f17) x30 0x800131bc
core   0: 0x800111c0 (0xe43f2223) sw      gp, -444(t5)
core   0: 3 0x800111c0 (0xe43f2223) mem 0x80013000 0x00000001
core   0: 0x800111c4 (0xff9ff06f) j       pc - 0x8
core   0: 3 0x800111c4 (0xff9ff06f)
core   0: 0x800111bc (0x00002f17) auipc   t5, 0x2
core   0: 3 0x800111bc (0x00002f17) x30 0x800131bc
core   0: 0x800111c0 (0xe43f2223) sw      gp, -444(t5)
core   0: 3 0x800111c0 (0xe43f2223) mem 0x80013000 0x00000001
core   0: 0x800111c4 (0xff9ff06f) j       pc - 0x8
core   0: 3 0x800111c4 (0xff9ff06f)
core   0: 0x800111bc (0x00002f17) auipc   t5, 0x2
core   0: 3 0x800111bc (0x00002f17) x30 0x800131bc
core   0: 0x800111c0 (0xe43f2223) sw      gp, -444(t5)
core   0: 3 0x800111c0 (0xe43f2223) mem 0x80013000 0x00000001
core   0: 0x800111c4 (0xff9ff06f) j       pc - 0x8
core   0: 3 0x800111c4 (0xff9ff06f)
core   0: 0x800111bc (0x00002f17) auipc   t5, 0x2
core   0: 3 0x800111bc (0x00002f17) x30 0x800131bc
core   0: 0x800111c0 (0xe43f2223) sw      gp, -444(t5)
core   0: 3 0x800111c0 (0xe43f2223) mem 0x80013000 0x00000001
core   0: 0x800111c4 (0xff9ff06f) j       pc - 0x8
core   0: 3 0x800111c4 (0xff9ff06f)
core   0: 0x800111bc (0x00002f17) auipc   t5, 0x2
core   0: 3 0x800111bc (0x00002f17) x30 0x800131bc
core   0: 0x800111c0 (0xe43f2223) sw      gp, -444(t5)
core   0: 3 0x800111c0 (0xe43f2223) mem 0x80013000 0x00000001
core   0: 0x800111c4 (0xff9ff06f) j       pc - 0x8
core   0: 3 0x800111c4 (0xff9ff06f)
core   0: 0x800111bc (0x00002f17) auipc   t5, 0x2
core   0: 3 0x800111bc (0x00002f17) x30 0x800131bc
core   0: 0x800111c0 (0xe43f2223) sw      gp, -444(t5)
core   0: 3 0x800111c0 (0xe43f2223) mem 0x80013000 0x00000001
core   0: 0x800111c4 (0xff9ff06f) j       pc - 0x8
core   0: 3 0x800111c4 (0xff9ff06f)
core   0: 0x800111bc (0x00002f17) auipc   t5, 0x2
core   0: 3 0x800111bc (0x00002f17) x30 0x800131bc
core   0: 0x800111c0 (0xe43f2223) sw      gp, -444(t5)
core   0: 3 0x800111c0 (0xe43f2223) mem 0x80013000 0x00000001
core   0: 0x800111c4 (0xff9ff06f) j       pc - 0x8
core   0: 3 0x800111c4 (0xff9ff06f)
core   0: 0x800111bc (0x00002f17) auipc   t5, 0x2
core   0: 3 0x800111bc (0x00002f17) x30 0x800131bc
core   0: 0x800111c0 (0xe43f2223) sw      gp, -444(t5)
core   0: 3 0x800111c0 (0xe43f2223) mem 0x80013000 0x00000001
core   0: 0x800111c4 (0xff9ff06f) j       pc - 0x8
core   0: 3 0x800111c4 (0xff9ff06f)
core   0: 0x800111bc (0x00002f17) auipc   t5, 0x2
core   0: 3 0x800111bc (0x00002f17) x30 0x800131bc
core   0: 0x800111c0 (0xe43f2223) sw      gp, -444(t5)
core   0: 3 0x800111c0 (0xe43f2223) mem 0x80013000 0x00000001
core   0: 0x800111c4 (0xff9ff06f) j       pc - 0x8
core   0: 3 0x800111c4 (0xff9ff06f)
core   0: 0x800111bc (0x00002f17) auipc   t5, 0x2
core   0: 3 0x800111bc (0x00002f17) x30 0x800131bc
core   0: 0x800111c0 (0xe43f2223) sw      gp, -444(t5)
core   0: 3 0x800111c0 (0xe43f2223) mem 0x80013000 0x00000001
core   0: 0x800111c4 (0xff9ff06f) j       pc - 0x8
core   0: 3 0x800111c4 (0xff9ff06f)
core   0: 0x800111bc (0x00002f17) auipc   t5, 0x2
core   0: 3 0x800111bc (0x00002f17) x30 0x800131bc
core   0: 0x800111c0 (0xe43f2223) sw      gp, -444(t5)
core   0: 3 0x800111c0 (0xe43f2223) mem 0x80013000 0x00000001
core   0: 0x800111c4 (0xff9ff06f) j       pc - 0x8
core   0: 3 0x800111c4 (0xff9ff06f)
core   0: 0x800111bc (0x00002f17) auipc   t5, 0x2
core   0: 3 0x800111bc (0x00002f17) x30 0x800131bc
core   0: 0x800111c0 (0xe43f2223) sw      gp, -444(t5)
core   0: 3 0x800111c0 (0xe43f2223) mem 0x80013000 0x00000001
core   0: 0x800111c4 (0xff9ff06f) j       pc - 0x8
core   0: 3 0x800111c4 (0xff9ff06f)
core   0: 0x800111bc (0x00002f17) auipc   t5, 0x2
core   0: 3 0x800111bc (0x00002f17) x30 0x800131bc
core   0: 0x800111c0 (0xe43f2223) sw      gp, -444(t5)
core   0: 3 0x800111c0 (0xe43f2223) mem 0x80013000 0x00000001
core   0: 0x800111c4 (0xff9ff06f) j       pc - 0x8
core   0: 3 0x800111c4 (0xff9ff06f)
core   0: 0x800111bc (0x00002f17) auipc   t5, 0x2
core   0: 3 0x800111bc (0x00002f17) x30 0x800131bc
core   0: 0x800111c0 (0xe43f2223) sw      gp, -444(t5)
core   0: 3 0x800111c0 (0xe43f2223) mem 0x80013000 0x00000001
core   0: 0x800111c4 (0xff9ff06f) j       pc - 0x8
core   0: 3 0x800111c4 (0xff9ff06f)
core   0: 0x800111bc (0x00002f17) auipc   t5, 0x2
core   0: 3 0x800111bc (0x00002f17) x30 0x800131bc
core   0: 0x800111c0 (0xe43f2223) sw      gp, -444(t5)
core   0: 3 0x800111c0 (0xe43f2223) mem 0x80013000 0x00000001
core   0: 0x800111c4 (0xff9ff06f) j       pc - 0x8
core   0: 3 0x800111c4 (0xff9ff06f)
core   0: 0x800111bc (0x00002f17) auipc   t5, 0x2
core   0: 3 0x800111bc (0x00002f17) x30 0x800131bc
core   0: 0x800111c0 (0xe43f2223) sw      gp, -444(t5)
core   0: 3 0x800111c0 (0xe43f2223) mem 0x80013000 0x00000001
core   0: 0x800111c4 (0xff9ff06f) j       pc - 0x8
core   0: 3 0x800111c4 (0xff9ff06f)
core   0: 0x800111bc (0x00002f17) auipc   t5, 0x2
core   0: 3 0x800111bc (0x00002f17) x30 0x800131bc
core   0: 0x800111c0 (0xe43f2223) sw      gp, -444(t5)
core   0: 3 0x800111c0 (0xe43f2223) mem 0x80013000 0x00000001
core   0: 0x800111c4 (0xff9ff06f) j       pc - 0x8
core   0: 3 0x800111c4 (0xff9ff06f)
core   0: 0x800111bc (0x00002f17) auipc   t5, 0x2
core   0: 3 0x800111bc (0x00002f17) x30 0x800131bc
core   0: 0x800111c0 (0xe43f2223) sw      gp, -444(t5)
core   0: 3 0x800111c0 (0xe43f2223) mem 0x80013000 0x00000001
core   0: 0x800111c4 (0xff9ff06f) j       pc - 0x8
core   0: 3 0x800111c4 (0xff9ff06f)
core   0: 0x800111bc (0x00002f17) auipc   t5, 0x2
core   0: 3 0x800111bc (0x00002f17) x30 0x800131bc
core   0: 0x800111c0 (0xe43f2223) sw      gp, -444(t5)
core   0: 3 0x800111c0 (0xe43f2223) mem 0x80013000 0x00000001
core   0: 0x800111c4 (0xff9ff06f) j       pc - 0x8
core   0: 3 0x800111c4 (0xff9ff06f)
core   0: 0x800111bc (0x00002f17) auipc   t5, 0x2
core   0: 3 0x800111bc (0x00002f17) x30 0x800131bc
core   0: 0x800111c0 (0xe43f2223) sw      gp, -444(t5)
core   0: 3 0x800111c0 (0xe43f2223) mem 0x80013000 0x00000001
core   0: 0x800111c4 (0xff9ff06f) j       pc - 0x8
core   0: 3 0x800111c4 (0xff9ff06f)
core   0: 0x800111bc (0x00002f17) auipc   t5, 0x2
core   0: 3 0x800111bc (0x00002f17) x30 0x800131bc
core   0: 0x800111c0 (0xe43f2223) sw      gp, -444(t5)
core   0: 3 0x800111c0 (0xe43f2223) mem 0x80013000 0x00000001
core   0: 0x800111c4 (0xff9ff06f) j       pc - 0x8
core   0: 3 0x800111c4 (0xff9ff06f)
core   0: 0x800111bc (0x00002f17) auipc   t5, 0x2
core   0: 3 0x800111bc (0x00002f17) x30 0x800131bc
core   0: 0x800111c0 (0xe43f2223) sw      gp, -444(t5)
core   0: 3 0x800111c0 (0xe43f2223) mem 0x80013000 0x00000001
core   0: 0x800111c4 (0xff9ff06f) j       pc - 0x8
core   0: 3 0x800111c4 (0xff9ff06f)
core   0: 0x800111bc (0x00002f17) auipc   t5, 0x2
core   0: 3 0x800111bc (0x00002f17) x30 0x800131bc
core   0: 0x800111c0 (0xe43f2223) sw      gp, -444(t5)
core   0: 3 0x800111c0 (0xe43f2223) mem 0x80013000 0x00000001
core   0: 0x800111c4 (0xff9ff06f) j       pc - 0x8
core   0: 3 0x800111c4 (0xff9ff06f)
core   0: 0x800111bc (0x00002f17) auipc   t5, 0x2
core   0: 3 0x800111bc (0x00002f17) x30 0x800131bc
core   0: 0x800111c0 (0xe43f2223) sw      gp, -444(t5)
core   0: 3 0x800111c0 (0xe43f2223) mem 0x80013000 0x00000001
core   0: 0x800111c4 (0xff9ff06f) j       pc - 0x8
core   0: 3 0x800111c4 (0xff9ff06f)
core   0: 0x800111bc (0x00002f17) auipc   t5, 0x2
core   0: 3 0x800111bc (0x00002f17) x30 0x800131bc
core   0: 0x800111c0 (0xe43f2223) sw      gp, -444(t5)
core   0: 3 0x800111c0 (0xe43f2223) mem 0x80013000 0x00000001
core   0: 0x800111c4 (0xff9ff06f) j       pc - 0x8
core   0: 3 0x800111c4 (0xff9ff06f)
core   0: 0x800111bc (0x00002f17) auipc   t5, 0x2
core   0: 3 0x800111bc (0x00002f17) x30 0x800131bc
core   0: 0x800111c0 (0xe43f2223) sw      gp, -444(t5)
core   0: 3 0x800111c0 (0xe43f2223) mem 0x80013000 0x00000001
core   0: 0x800111c4 (0xff9ff06f) j       pc - 0x8
core   0: 3 0x800111c4 (0xff9ff06f)
core   0: 0x800111bc (0x00002f17) auipc   t5, 0x2
core   0: 3 0x800111bc (0x00002f17) x30 0x800131bc
core   0: 0x800111c0 (0xe43f2223) sw      gp, -444(t5)
core   0: 3 0x800111c0 (0xe43f2223) mem 0x80013000 0x00000001
core   0: 0x800111c4 (0xff9ff06f) j       pc - 0x8
core   0: 3 0x800111c4 (0xff9ff06f)
core   0: 0x800111bc (0x00002f17) auipc   t5, 0x2
core   0: 3 0x800111bc (0x00002f17) x30 0x800131bc
core   0: 0x800111c0 (0xe43f2223) sw      gp, -444(t5)
core   0: 3 0x800111c0 (0xe43f2223) mem 0x80013000 0x00000001
core   0: 0x800111c4 (0xff9ff06f) j       pc - 0x8
core   0: 3 0x800111c4 (0xff9ff06f)
core   0: 0x800111bc (0x00002f17) auipc   t5, 0x2
core   0: 3 0x800111bc (0x00002f17) x30 0x800131bc
core   0: 0x800111c0 (0xe43f2223) sw      gp, -444(t5)
core   0: 3 0x800111c0 (0xe43f2223) mem 0x80013000 0x00000001
core   0: 0x800111c4 (0xff9ff06f) j       pc - 0x8
core   0: 3 0x800111c4 (0xff9ff06f)
core   0: 0x800111bc (0x00002f17) auipc   t5, 0x2
core   0: 3 0x800111bc (0x00002f17) x30 0x800131bc
core   0: 0x800111c0 (0xe43f2223) sw      gp, -444(t5)
core   0: 3 0x800111c0 (0xe43f2223) mem 0x80013000 0x00000001
core   0: 0x800111c4 (0xff9ff06f) j       pc - 0x8
core   0: 3 0x800111c4 (0xff9ff06f)
core   0: 0x800111bc (0x00002f17) auipc   t5, 0x2
core   0: 3 0x800111bc (0x00002f17) x30 0x800131bc
core   0: 0x800111c0 (0xe43f2223) sw      gp, -444(t5)
core   0: 3 0x800111c0 (0xe43f2223) mem 0x80013000 0x00000001
core   0: 0x800111c4 (0xff9ff06f) j       pc - 0x8
core   0: 3 0x800111c4 (0xff9ff06f)
core   0: 0x800111bc (0x00002f17) auipc   t5, 0x2
core   0: 3 0x800111bc (0x00002f17) x30 0x800131bc
core   0: 0x800111c0 (0xe43f2223) sw      gp, -444(t5)
core   0: 3 0x800111c0 (0xe43f2223) mem 0x80013000 0x00000001
core   0: 0x800111c4 (0xff9ff06f) j       pc - 0x8
core   0: 3 0x800111c4 (0xff9ff06f)
core   0: 0x800111bc (0x00002f17) auipc   t5, 0x2
core   0: 3 0x800111bc (0x00002f17) x30 0x800131bc
core   0: 0x800111c0 (0xe43f2223) sw      gp, -444(t5)
core   0: 3 0x800111c0 (0xe43f2223) mem 0x80013000 0x00000001
core   0: 0x800111c4 (0xff9ff06f) j       pc - 0x8
core   0: 3 0x800111c4 (0xff9ff06f)
core   0: 0x800111bc (0x00002f17) auipc   t5, 0x2
core   0: 3 0x800111bc (0x00002f17) x30 0x800131bc
core   0: 0x800111c0 (0xe43f2223) sw      gp, -444(t5)
core   0: 3 0x800111c0 (0xe43f2223) mem 0x80013000 0x00000001
core   0: 0x800111c4 (0xff9ff06f) j       pc - 0x8
core   0: 3 0x800111c4 (0xff9ff06f)
core   0: 0x800111bc (0x00002f17) auipc   t5, 0x2
core   0: 3 0x800111bc (0x00002f17) x30 0x800131bc
core   0: 0x800111c0 (0xe43f2223) sw      gp, -444(t5)
core   0: 3 0x800111c0 (0xe43f2223) mem 0x80013000 0x00000001
core   0: 0x800111c4 (0xff9ff06f) j       pc - 0x8
core   0: 3 0x800111c4 (0xff9ff06f)
core   0: 0x800111bc (0x00002f17) auipc   t5, 0x2
core   0: 3 0x800111bc (0x00002f17) x30 0x800131bc
core   0: 0x800111c0 (0xe43f2223) sw      gp, -444(t5)
core   0: 3 0x800111c0 (0xe43f2223) mem 0x80013000 0x00000001
core   0: 0x800111c4 (0xff9ff06f) j       pc - 0x8
core   0: 3 0x800111c4 (0xff9ff06f)
core   0: 0x800111bc (0x00002f17) auipc   t5, 0x2
core   0: 3 0x800111bc (0x00002f17) x30 0x800131bc
core   0: 0x800111c0 (0xe43f2223) sw      gp, -444(t5)
core   0: 3 0x800111c0 (0xe43f2223) mem 0x80013000 0x00000001
core   0: 0x800111c4 (0xff9ff06f) j       pc - 0x8
core   0: 3 0x800111c4 (0xff9ff06f)
core   0: 0x800111bc (0x00002f17) auipc   t5, 0x2
core   0: 3 0x800111bc (0x00002f17) x30 0x800131bc
core   0: 0x800111c0 (0xe43f2223) sw      gp, -444(t5)
core   0: 3 0x800111c0 (0xe43f2223) mem 0x80013000 0x00000001
core   0: 0x800111c4 (0xff9ff06f) j       pc - 0x8
core   0: 3 0x800111c4 (0xff9ff06f)
core   0: 0x800111bc (0x00002f17) auipc   t5, 0x2
core   0: 3 0x800111bc (0x00002f17) x30 0x800131bc
core   0: 0x800111c0 (0xe43f2223) sw      gp, -444(t5)
core   0: 3 0x800111c0 (0xe43f2223) mem 0x80013000 0x00000001
core   0: 0x800111c4 (0xff9ff06f) j       pc - 0x8
core   0: 3 0x800111c4 (0xff9ff06f)
core   0: 0x800111bc (0x00002f17) auipc   t5, 0x2
core   0: 3 0x800111bc (0x00002f17) x30 0x800131bc
core   0: 0x800111c0 (0xe43f2223) sw      gp, -444(t5)
core   0: 3 0x800111c0 (0xe43f2223) mem 0x80013000 0x00000001
core   0: 0x800111c4 (0xff9ff06f) j       pc - 0x8
core   0: 3 0x800111c4 (0xff9ff06f)
core   0: 0x800111bc (0x00002f17) auipc   t5, 0x2
core   0: 3 0x800111bc (0x00002f17) x30 0x800131bc
core   0: 0x800111c0 (0xe43f2223) sw      gp, -444(t5)
core   0: 3 0x800111c0 (0xe43f2223) mem 0x80013000 0x00000001
core   0: 0x800111c4 (0xff9ff06f) j       pc - 0x8
core   0: 3 0x800111c4 (0xff9ff06f)
core   0: 0x800111bc (0x00002f17) auipc   t5, 0x2
core   0: 3 0x800111bc (0x00002f17) x30 0x800131bc
core   0: 0x800111c0 (0xe43f2223) sw      gp, -444(t5)
core   0: 3 0x800111c0 (0xe43f2223) mem 0x80013000 0x00000001
core   0: 0x800111c4 (0xff9ff06f) j       pc - 0x8
core   0: 3 0x800111c4 (0xff9ff06f)
core   0: 0x800111bc (0x00002f17) auipc   t5, 0x2
core   0: 3 0x800111bc (0x00002f17) x30 0x800131bc
core   0: 0x800111c0 (0xe43f2223) sw      gp, -444(t5)
core   0: 3 0x800111c0 (0xe43f2223) mem 0x80013000 0x00000001
core   0: 0x800111c4 (0xff9ff06f) j       pc - 0x8
core   0: 3 0x800111c4 (0xff9ff06f)
core   0: 0x800111bc (0x00002f17) auipc   t5, 0x2
core   0: 3 0x800111bc (0x00002f17) x30 0x800131bc
core   0: 0x800111c0 (0xe43f2223) sw      gp, -444(t5)
core   0: 3 0x800111c0 (0xe43f2223) mem 0x80013000 0x00000001
core   0: 0x800111c4 (0xff9ff06f) j       pc - 0x8
core   0: 3 0x800111c4 (0xff9ff06f)
core   0: 0x800111bc (0x00002f17) auipc   t5, 0x2
core   0: 3 0x800111bc (0x00002f17) x30 0x800131bc
core   0: 0x800111c0 (0xe43f2223) sw      gp, -444(t5)
core   0: 3 0x800111c0 (0xe43f2223) mem 0x80013000 0x00000001
core   0: 0x800111c4 (0xff9ff06f) j       pc - 0x8
core   0: 3 0x800111c4 (0xff9ff06f)
core   0: 0x800111bc (0x00002f17) auipc   t5, 0x2
core   0: 3 0x800111bc (0x00002f17) x30 0x800131bc
core   0: 0x800111c0 (0xe43f2223) sw      gp, -444(t5)
core   0: 3 0x800111c0 (0xe43f2223) mem 0x80013000 0x00000001
core   0: 0x800111c4 (0xff9ff06f) j       pc - 0x8
core   0: 3 0x800111c4 (0xff9ff06f)
core   0: 0x800111bc (0x00002f17) auipc   t5, 0x2
core   0: 3 0x800111bc (0x00002f17) x30 0x800131bc
core   0: 0x800111c0 (0xe43f2223) sw      gp, -444(t5)
core   0: 3 0x800111c0 (0xe43f2223) mem 0x80013000 0x00000001
core   0: 0x800111c4 (0xff9ff06f) j       pc - 0x8
core   0: 3 0x800111c4 (0xff9ff06f)
core   0: 0x800111bc (0x00002f17) auipc   t5, 0x2
core   0: 3 0x800111bc (0x00002f17) x30 0x800131bc
core   0: 0x800111c0 (0xe43f2223) sw      gp, -444(t5)
core   0: 3 0x800111c0 (0xe43f2223) mem 0x80013000 0x00000001
core   0: 0x800111c4 (0xff9ff06f) j       pc - 0x8
core   0: 3 0x800111c4 (0xff9ff06f)
core   0: 0x800111bc (0x00002f17) auipc   t5, 0x2
core   0: 3 0x800111bc (0x00002f17) x30 0x800131bc
core   0: 0x800111c0 (0xe43f2223) sw      gp, -444(t5)
core   0: 3 0x800111c0 (0xe43f2223) mem 0x80013000 0x00000001
core   0: 0x800111c4 (0xff9ff06f) j       pc - 0x8
core   0: 3 0x800111c4 (0xff9ff06f)
core   0: 0x800111bc (0x00002f17) auipc   t5, 0x2
core   0: 3 0x800111bc (0x00002f17) x30 0x800131bc
core   0: 0x800111c0 (0xe43f2223) sw      gp, -444(t5)
core   0: 3 0x800111c0 (0xe43f2223) mem 0x80013000 0x00000001
core   0: 0x800111c4 (0xff9ff06f) j       pc - 0x8
core   0: 3 0x800111c4 (0xff9ff06f)
core   0: 0x800111bc (0x00002f17) auipc   t5, 0x2
core   0: 3 0x800111bc (0x00002f17) x30 0x800131bc
core   0: 0x800111c0 (0xe43f2223) sw      gp, -444(t5)
core   0: 3 0x800111c0 (0xe43f2223) mem 0x80013000 0x00000001
core   0: 0x800111c4 (0xff9ff06f) j       pc - 0x8
core   0: 3 0x800111c4 (0xff9ff06f)
core   0: 0x800111bc (0x00002f17) auipc   t5, 0x2
core   0: 3 0x800111bc (0x00002f17) x30 0x800131bc
core   0: 0x800111c0 (0xe43f2223) sw      gp, -444(t5)
core   0: 3 0x800111c0 (0xe43f2223) mem 0x80013000 0x00000001
core   0: 0x800111c4 (0xff9ff06f) j       pc - 0x8
core   0: 3 0x800111c4 (0xff9ff06f)
core   0: 0x800111bc (0x00002f17) auipc   t5, 0x2
core   0: 3 0x800111bc (0x00002f17) x30 0x800131bc
core   0: 0x800111c0 (0xe43f2223) sw      gp, -444(t5)
core   0: 3 0x800111c0 (0xe43f2223) mem 0x80013000 0x00000001
core   0: 0x800111c4 (0xff9ff06f) j       pc - 0x8
core   0: 3 0x800111c4 (0xff9ff06f)
core   0: 0x800111bc (0x00002f17) auipc   t5, 0x2
core   0: 3 0x800111bc (0x00002f17) x30 0x800131bc
core   0: 0x800111c0 (0xe43f2223) sw      gp, -444(t5)
core   0: 3 0x800111c0 (0xe43f2223) mem 0x80013000 0x00000001
core   0: 0x800111c4 (0xff9ff06f) j       pc - 0x8
core   0: 3 0x800111c4 (0xff9ff06f)
core   0: 0x800111bc (0x00002f17) auipc   t5, 0x2
core   0: 3 0x800111bc (0x00002f17) x30 0x800131bc
core   0: 0x800111c0 (0xe43f2223) sw      gp, -444(t5)
core   0: 3 0x800111c0 (0xe43f2223) mem 0x80013000 0x00000001
core   0: 0x800111c4 (0xff9ff06f) j       pc - 0x8
core   0: 3 0x800111c4 (0xff9ff06f)
core   0: 0x800111bc (0x00002f17) auipc   t5, 0x2
core   0: 3 0x800111bc (0x00002f17) x30 0x800131bc
core   0: 0x800111c0 (0xe43f2223) sw      gp, -444(t5)
core   0: 3 0x800111c0 (0xe43f2223) mem 0x80013000 0x00000001
core   0: 0x800111c4 (0xff9ff06f) j       pc - 0x8
core   0: 3 0x800111c4 (0xff9ff06f)
core   0: 0x800111bc (0x00002f17) auipc   t5, 0x2
core   0: 3 0x800111bc (0x00002f17) x30 0x800131bc
core   0: 0x800111c0 (0xe43f2223) sw      gp, -444(t5)
core   0: 3 0x800111c0 (0xe43f2223) mem 0x80013000 0x00000001
core   0: 0x800111c4 (0xff9ff06f) j       pc - 0x8
core   0: 3 0x800111c4 (0xff9ff06f)
core   0: 0x800111bc (0x00002f17) auipc   t5, 0x2
core   0: 3 0x800111bc (0x00002f17) x30 0x800131bc
core   0: 0x800111c0 (0xe43f2223) sw      gp, -444(t5)
core   0: 3 0x800111c0 (0xe43f2223) mem 0x80013000 0x00000001
core   0: 0x800111c4 (0xff9ff06f) j       pc - 0x8
core   0: 3 0x800111c4 (0xff9ff06f)
core   0: 0x800111bc (0x00002f17) auipc   t5, 0x2
core   0: 3 0x800111bc (0x00002f17) x30 0x800131bc
core   0: 0x800111c0 (0xe43f2223) sw      gp, -444(t5)
core   0: 3 0x800111c0 (0xe43f2223) mem 0x80013000 0x00000001
core   0: 0x800111c4 (0xff9ff06f) j       pc - 0x8
core   0: 3 0x800111c4 (0xff9ff06f)
core   0: 0x800111bc (0x00002f17) auipc   t5, 0x2
core   0: 3 0x800111bc (0x00002f17) x30 0x800131bc
core   0: 0x800111c0 (0xe43f2223) sw      gp, -444(t5)
core   0: 3 0x800111c0 (0xe43f2223) mem 0x80013000 0x00000001
core   0: 0x800111c4 (0xff9ff06f) j       pc - 0x8
core   0: 3 0x800111c4 (0xff9ff06f)
core   0: 0x800111bc (0x00002f17) auipc   t5, 0x2
core   0: 3 0x800111bc (0x00002f17) x30 0x800131bc
core   0: 0x800111c0 (0xe43f2223) sw      gp, -444(t5)
core   0: 3 0x800111c0 (0xe43f2223) mem 0x80013000 0x00000001
core   0: 0x800111c4 (0xff9ff06f) j       pc - 0x8
core   0: 3 0x800111c4 (0xff9ff06f)
core   0: 0x800111bc (0x00002f17) auipc   t5, 0x2
core   0: 3 0x800111bc (0x00002f17) x30 0x800131bc
core   0: 0x800111c0 (0xe43f2223) sw      gp, -444(t5)
core   0: 3 0x800111c0 (0xe43f2223) mem 0x80013000 0x00000001
core   0: 0x800111c4 (0xff9ff06f) j       pc - 0x8
core   0: 3 0x800111c4 (0xff9ff06f)
core   0: 0x800111bc (0x00002f17) auipc   t5, 0x2
core   0: 3 0x800111bc (0x00002f17) x30 0x800131bc
core   0: 0x800111c0 (0xe43f2223) sw      gp, -444(t5)
core   0: 3 0x800111c0 (0xe43f2223) mem 0x80013000 0x00000001
core   0: 0x800111c4 (0xff9ff06f) j       pc - 0x8
core   0: 3 0x800111c4 (0xff9ff06f)
core   0: 0x800111bc (0x00002f17) auipc   t5, 0x2
core   0: 3 0x800111bc (0x00002f17) x30 0x800131bc
core   0: 0x800111c0 (0xe43f2223) sw      gp, -444(t5)
core   0: 3 0x800111c0 (0xe43f2223) mem 0x80013000 0x00000001
core   0: 0x800111c4 (0xff9ff06f) j       pc - 0x8
core   0: 3 0x800111c4 (0xff9ff06f)
core   0: 0x800111bc (0x00002f17) auipc   t5, 0x2
core   0: 3 0x800111bc (0x00002f17) x30 0x800131bc
core   0: 0x800111c0 (0xe43f2223) sw      gp, -444(t5)
core   0: 3 0x800111c0 (0xe43f2223) mem 0x80013000 0x00000001
core   0: 0x800111c4 (0xff9ff06f) j       pc - 0x8
core   0: 3 0x800111c4 (0xff9ff06f)
core   0: 0x800111bc (0x00002f17) auipc   t5, 0x2
core   0: 3 0x800111bc (0x00002f17) x30 0x800131bc
core   0: 0x800111c0 (0xe43f2223) sw      gp, -444(t5)
core   0: 3 0x800111c0 (0xe43f2223) mem 0x80013000 0x00000001
core   0: 0x800111c4 (0xff9ff06f) j       pc - 0x8
core   0: 3 0x800111c4 (0xff9ff06f)
core   0: 0x800111bc (0x00002f17) auipc   t5, 0x2
core   0: 3 0x800111bc (0x00002f17) x30 0x800131bc
core   0: 0x800111c0 (0xe43f2223) sw      gp, -444(t5)
core   0: 3 0x800111c0 (0xe43f2223) mem 0x80013000 0x00000001
core   0: 0x800111c4 (0xff9ff06f) j       pc - 0x8
core   0: 3 0x800111c4 (0xff9ff06f)
core   0: 0x800111bc (0x00002f17) auipc   t5, 0x2
core   0: 3 0x800111bc (0x00002f17) x30 0x800131bc
core   0: 0x800111c0 (0xe43f2223) sw      gp, -444(t5)
core   0: 3 0x800111c0 (0xe43f2223) mem 0x80013000 0x00000001
core   0: 0x800111c4 (0xff9ff06f) j       pc - 0x8
core   0: 3 0x800111c4 (0xff9ff06f)
core   0: 0x800111bc (0x00002f17) auipc   t5, 0x2
core   0: 3 0x800111bc (0x00002f17) x30 0x800131bc
core   0: 0x800111c0 (0xe43f2223) sw      gp, -444(t5)
core   0: 3 0x800111c0 (0xe43f2223) mem 0x80013000 0x00000001
core   0: 0x800111c4 (0xff9ff06f) j       pc - 0x8
core   0: 3 0x800111c4 (0xff9ff06f)
core   0: 0x800111bc (0x00002f17) auipc   t5, 0x2
core   0: 3 0x800111bc (0x00002f17) x30 0x800131bc
core   0: 0x800111c0 (0xe43f2223) sw      gp, -444(t5)
core   0: 3 0x800111c0 (0xe43f2223) mem 0x80013000 0x00000001
core   0: 0x800111c4 (0xff9ff06f) j       pc - 0x8
core   0: 3 0x800111c4 (0xff9ff06f)
core   0: 0x800111bc (0x00002f17) auipc   t5, 0x2
core   0: 3 0x800111bc (0x00002f17) x30 0x800131bc
core   0: 0x800111c0 (0xe43f2223) sw      gp, -444(t5)
core   0: 3 0x800111c0 (0xe43f2223) mem 0x80013000 0x00000001
core   0: 0x800111c4 (0xff9ff06f) j       pc - 0x8
core   0: 3 0x800111c4 (0xff9ff06f)
core   0: 0x800111bc (0x00002f17) auipc   t5, 0x2
core   0: 3 0x800111bc (0x00002f17) x30 0x800131bc
core   0: 0x800111c0 (0xe43f2223) sw      gp, -444(t5)
core   0: 3 0x800111c0 (0xe43f2223) mem 0x80013000 0x00000001
core   0: 0x800111c4 (0xff9ff06f) j       pc - 0x8
core   0: 3 0x800111c4 (0xff9ff06f)
core   0: 0x800111bc (0x00002f17) auipc   t5, 0x2
core   0: 3 0x800111bc (0x00002f17) x30 0x800131bc
core   0: 0x800111c0 (0xe43f2223) sw      gp, -444(t5)
core   0: 3 0x800111c0 (0xe43f2223) mem 0x80013000 0x00000001
core   0: 0x800111c4 (0xff9ff06f) j       pc - 0x8
core   0: 3 0x800111c4 (0xff9ff06f)
core   0: 0x800111bc (0x00002f17) auipc   t5, 0x2
core   0: 3 0x800111bc (0x00002f17) x30 0x800131bc
core   0: 0x800111c0 (0xe43f2223) sw      gp, -444(t5)
core   0: 3 0x800111c0 (0xe43f2223) mem 0x80013000 0x00000001
core   0: 0x800111c4 (0xff9ff06f) j       pc - 0x8
core   0: 3 0x800111c4 (0xff9ff06f)
core   0: 0x800111bc (0x00002f17) auipc   t5, 0x2
core   0: 3 0x800111bc (0x00002f17) x30 0x800131bc
core   0: 0x800111c0 (0xe43f2223) sw      gp, -444(t5)
core   0: 3 0x800111c0 (0xe43f2223) mem 0x80013000 0x00000001
core   0: 0x800111c4 (0xff9ff06f) j       pc - 0x8
core   0: 3 0x800111c4 (0xff9ff06f)
core   0: 0x800111bc (0x00002f17) auipc   t5, 0x2
core   0: 3 0x800111bc (0x00002f17) x30 0x800131bc
core   0: 0x800111c0 (0xe43f2223) sw      gp, -444(t5)
core   0: 3 0x800111c0 (0xe43f2223) mem 0x80013000 0x00000001
core   0: 0x800111c4 (0xff9ff06f) j       pc - 0x8
core   0: 3 0x800111c4 (0xff9ff06f)
core   0: 0x800111bc (0x00002f17) auipc   t5, 0x2
core   0: 3 0x800111bc (0x00002f17) x30 0x800131bc
core   0: 0x800111c0 (0xe43f2223) sw      gp, -444(t5)
core   0: 3 0x800111c0 (0xe43f2223) mem 0x80013000 0x00000001
core   0: 0x800111c4 (0xff9ff06f) j       pc - 0x8
core   0: 3 0x800111c4 (0xff9ff06f)
core   0: 0x800111bc (0x00002f17) auipc   t5, 0x2
core   0: 3 0x800111bc (0x00002f17) x30 0x800131bc
core   0: 0x800111c0 (0xe43f2223) sw      gp, -444(t5)
core   0: 3 0x800111c0 (0xe43f2223) mem 0x80013000 0x00000001
core   0: 0x800111c4 (0xff9ff06f) j       pc - 0x8
core   0: 3 0x800111c4 (0xff9ff06f)
core   0: 0x800111bc (0x00002f17) auipc   t5, 0x2
core   0: 3 0x800111bc (0x00002f17) x30 0x800131bc
core   0: 0x800111c0 (0xe43f2223) sw      gp, -444(t5)
core   0: 3 0x800111c0 (0xe43f2223) mem 0x80013000 0x00000001
core   0: 0x800111c4 (0xff9ff06f) j       pc - 0x8
core   0: 3 0x800111c4 (0xff9ff06f)
core   0: 0x800111bc (0x00002f17) auipc   t5, 0x2
core   0: 3 0x800111bc (0x00002f17) x30 0x800131bc
core   0: 0x800111c0 (0xe43f2223) sw      gp, -444(t5)
core   0: 3 0x800111c0 (0xe43f2223) mem 0x80013000 0x00000001
core   0: 0x800111c4 (0xff9ff06f) j       pc - 0x8
core   0: 3 0x800111c4 (0xff9ff06f)
core   0: 0x800111bc (0x00002f17) auipc   t5, 0x2
core   0: 3 0x800111bc (0x00002f17) x30 0x800131bc
core   0: 0x800111c0 (0xe43f2223) sw      gp, -444(t5)
core   0: 3 0x800111c0 (0xe43f2223) mem 0x80013000 0x00000001
core   0: 0x800111c4 (0xff9ff06f) j       pc - 0x8
core   0: 3 0x800111c4 (0xff9ff06f)
core   0: 0x800111bc (0x00002f17) auipc   t5, 0x2
core   0: 3 0x800111bc (0x00002f17) x30 0x800131bc
core   0: 0x800111c0 (0xe43f2223) sw      gp, -444(t5)
core   0: 3 0x800111c0 (0xe43f2223) mem 0x80013000 0x00000001
core   0: 0x800111c4 (0xff9ff06f) j       pc - 0x8
core   0: 3 0x800111c4 (0xff9ff06f)
core   0: 0x800111bc (0x00002f17) auipc   t5, 0x2
core   0: 3 0x800111bc (0x00002f17) x30 0x800131bc
core   0: 0x800111c0 (0xe43f2223) sw      gp, -444(t5)
core   0: 3 0x800111c0 (0xe43f2223) mem 0x80013000 0x00000001
core   0: 0x800111c4 (0xff9ff06f) j       pc - 0x8
core   0: 3 0x800111c4 (0xff9ff06f)
core   0: 0x800111bc (0x00002f17) auipc   t5, 0x2
core   0: 3 0x800111bc (0x00002f17) x30 0x800131bc
core   0: 0x800111c0 (0xe43f2223) sw      gp, -444(t5)
core   0: 3 0x800111c0 (0xe43f2223) mem 0x80013000 0x00000001
core   0: 0x800111c4 (0xff9ff06f) j       pc - 0x8
core   0: 3 0x800111c4 (0xff9ff06f)
core   0: 0x800111bc (0x00002f17) auipc   t5, 0x2
core   0: 3 0x800111bc (0x00002f17) x30 0x800131bc
core   0: 0x800111c0 (0xe43f2223) sw      gp, -444(t5)
core   0: 3 0x800111c0 (0xe43f2223) mem 0x80013000 0x00000001
core   0: 0x800111c4 (0xff9ff06f) j       pc - 0x8
core   0: 3 0x800111c4 (0xff9ff06f)
core   0: 0x800111bc (0x00002f17) auipc   t5, 0x2
core   0: 3 0x800111bc (0x00002f17) x30 0x800131bc
core   0: 0x800111c0 (0xe43f2223) sw      gp, -444(t5)
core   0: 3 0x800111c0 (0xe43f2223) mem 0x80013000 0x00000001
core   0: 0x800111c4 (0xff9ff06f) j       pc - 0x8
core   0: 3 0x800111c4 (0xff9ff06f)
core   0: 0x800111bc (0x00002f17) auipc   t5, 0x2
core   0: 3 0x800111bc (0x00002f17) x30 0x800131bc
core   0: 0x800111c0 (0xe43f2223) sw      gp, -444(t5)
core   0: 3 0x800111c0 (0xe43f2223) mem 0x80013000 0x00000001
core   0: 0x800111c4 (0xff9ff06f) j       pc - 0x8
core   0: 3 0x800111c4 (0xff9ff06f)
core   0: 0x800111bc (0x00002f17) auipc   t5, 0x2
core   0: 3 0x800111bc (0x00002f17) x30 0x800131bc
core   0: 0x800111c0 (0xe43f2223) sw      gp, -444(t5)
core   0: 3 0x800111c0 (0xe43f2223) mem 0x80013000 0x00000001
core   0: 0x800111c4 (0xff9ff06f) j       pc - 0x8
core   0: 3 0x800111c4 (0xff9ff06f)
core   0: 0x800111bc (0x00002f17) auipc   t5, 0x2
core   0: 3 0x800111bc (0x00002f17) x30 0x800131bc
core   0: 0x800111c0 (0xe43f2223) sw      gp, -444(t5)
core   0: 3 0x800111c0 (0xe43f2223) mem 0x80013000 0x00000001
core   0: 0x800111c4 (0xff9ff06f) j       pc - 0x8
core   0: 3 0x800111c4 (0xff9ff06f)
core   0: 0x800111bc (0x00002f17) auipc   t5, 0x2
core   0: 3 0x800111bc (0x00002f17) x30 0x800131bc
core   0: 0x800111c0 (0xe43f2223) sw      gp, -444(t5)
core   0: 3 0x800111c0 (0xe43f2223) mem 0x80013000 0x00000001
core   0: 0x800111c4 (0xff9ff06f) j       pc - 0x8
core   0: 3 0x800111c4 (0xff9ff06f)
core   0: 0x800111bc (0x00002f17) auipc   t5, 0x2
core   0: 3 0x800111bc (0x00002f17) x30 0x800131bc
core   0: 0x800111c0 (0xe43f2223) sw      gp, -444(t5)
core   0: 3 0x800111c0 (0xe43f2223) mem 0x80013000 0x00000001
core   0: 0x800111c4 (0xff9ff06f) j       pc - 0x8
core   0: 3 0x800111c4 (0xff9ff06f)
core   0: 0x800111bc (0x00002f17) auipc   t5, 0x2
core   0: 3 0x800111bc (0x00002f17) x30 0x800131bc
core   0: 0x800111c0 (0xe43f2223) sw      gp, -444(t5)
core   0: 3 0x800111c0 (0xe43f2223) mem 0x80013000 0x00000001
core   0: 0x800111c4 (0xff9ff06f) j       pc - 0x8
core   0: 3 0x800111c4 (0xff9ff06f)
core   0: 0x800111bc (0x00002f17) auipc   t5, 0x2
core   0: 3 0x800111bc (0x00002f17) x30 0x800131bc
core   0: 0x800111c0 (0xe43f2223) sw      gp, -444(t5)
core   0: 3 0x800111c0 (0xe43f2223) mem 0x80013000 0x00000001
core   0: 0x800111c4 (0xff9ff06f) j       pc - 0x8
core   0: 3 0x800111c4 (0xff9ff06f)
core   0: 0x800111bc (0x00002f17) auipc   t5, 0x2
core   0: 3 0x800111bc (0x00002f17) x30 0x800131bc
core   0: 0x800111c0 (0xe43f2223) sw      gp, -444(t5)
core   0: 3 0x800111c0 (0xe43f2223) mem 0x80013000 0x00000001
core   0: 0x800111c4 (0xff9ff06f) j       pc - 0x8
core   0: 3 0x800111c4 (0xff9ff06f)
core   0: 0x800111bc (0x00002f17) auipc   t5, 0x2
core   0: 3 0x800111bc (0x00002f17) x30 0x800131bc
core   0: 0x800111c0 (0xe43f2223) sw      gp, -444(t5)
core   0: 3 0x800111c0 (0xe43f2223) mem 0x80013000 0x00000001
core   0: 0x800111c4 (0xff9ff06f) j       pc - 0x8
core   0: 3 0x800111c4 (0xff9ff06f)
core   0: 0x800111bc (0x00002f17) auipc   t5, 0x2
core   0: 3 0x800111bc (0x00002f17) x30 0x800131bc
core   0: 0x800111c0 (0xe43f2223) sw      gp, -444(t5)
core   0: 3 0x800111c0 (0xe43f2223) mem 0x80013000 0x00000001
core   0: 0x800111c4 (0xff9ff06f) j       pc - 0x8
core   0: 3 0x800111c4 (0xff9ff06f)
core   0: 0x800111bc (0x00002f17) auipc   t5, 0x2
core   0: 3 0x800111bc (0x00002f17) x30 0x800131bc
core   0: 0x800111c0 (0xe43f2223) sw      gp, -444(t5)
core   0: 3 0x800111c0 (0xe43f2223) mem 0x80013000 0x00000001
core   0: 0x800111c4 (0xff9ff06f) j       pc - 0x8
core   0: 3 0x800111c4 (0xff9ff06f)
core   0: 0x800111bc (0x00002f17) auipc   t5, 0x2
core   0: 3 0x800111bc (0x00002f17) x30 0x800131bc
core   0: 0x800111c0 (0xe43f2223) sw      gp, -444(t5)
core   0: 3 0x800111c0 (0xe43f2223) mem 0x80013000 0x00000001
core   0: 0x800111c4 (0xff9ff06f) j       pc - 0x8
core   0: 3 0x800111c4 (0xff9ff06f)
core   0: 0x800111bc (0x00002f17) auipc   t5, 0x2
core   0: 3 0x800111bc (0x00002f17) x30 0x800131bc
core   0: 0x800111c0 (0xe43f2223) sw      gp, -444(t5)
core   0: 3 0x800111c0 (0xe43f2223) mem 0x80013000 0x00000001
core   0: 0x800111c4 (0xff9ff06f) j       pc - 0x8
core   0: 3 0x800111c4 (0xff9ff06f)
core   0: 0x800111bc (0x00002f17) auipc   t5, 0x2
core   0: 3 0x800111bc (0x00002f17) x30 0x800131bc
core   0: 0x800111c0 (0xe43f2223) sw      gp, -444(t5)
core   0: 3 0x800111c0 (0xe43f2223) mem 0x80013000 0x00000001
core   0: 0x800111c4 (0xff9ff06f) j       pc - 0x8
core   0: 3 0x800111c4 (0xff9ff06f)
core   0: 0x800111bc (0x00002f17) auipc   t5, 0x2
core   0: 3 0x800111bc (0x00002f17) x30 0x800131bc
core   0: 0x800111c0 (0xe43f2223) sw      gp, -444(t5)
core   0: 3 0x800111c0 (0xe43f2223) mem 0x80013000 0x00000001
core   0: 0x800111c4 (0xff9ff06f) j       pc - 0x8
core   0: 3 0x800111c4 (0xff9ff06f)
core   0: 0x800111bc (0x00002f17) auipc   t5, 0x2
core   0: 3 0x800111bc (0x00002f17) x30 0x800131bc
core   0: 0x800111c0 (0xe43f2223) sw      gp, -444(t5)
core   0: 3 0x800111c0 (0xe43f2223) mem 0x80013000 0x00000001
core   0: 0x800111c4 (0xff9ff06f) j       pc - 0x8
core   0: 3 0x800111c4 (0xff9ff06f)
core   0: 0x800111bc (0x00002f17) auipc   t5, 0x2
core   0: 3 0x800111bc (0x00002f17) x30 0x800131bc
core   0: 0x800111c0 (0xe43f2223) sw      gp, -444(t5)
core   0: 3 0x800111c0 (0xe43f2223) mem 0x80013000 0x00000001
core   0: 0x800111c4 (0xff9ff06f) j       pc - 0x8
core   0: 3 0x800111c4 (0xff9ff06f)
core   0: 0x800111bc (0x00002f17) auipc   t5, 0x2
core   0: 3 0x800111bc (0x00002f17) x30 0x800131bc
core   0: 0x800111c0 (0xe43f2223) sw      gp, -444(t5)
core   0: 3 0x800111c0 (0xe43f2223) mem 0x80013000 0x00000001
core   0: 0x800111c4 (0xff9ff06f) j       pc - 0x8
core   0: 3 0x800111c4 (0xff9ff06f)
core   0: 0x800111bc (0x00002f17) auipc   t5, 0x2
core   0: 3 0x800111bc (0x00002f17) x30 0x800131bc
core   0: 0x800111c0 (0xe43f2223) sw      gp, -444(t5)
core   0: 3 0x800111c0 (0xe43f2223) mem 0x80013000 0x00000001
core   0: 0x800111c4 (0xff9ff06f) j       pc - 0x8
core   0: 3 0x800111c4 (0xff9ff06f)
core   0: 0x800111bc (0x00002f17) auipc   t5, 0x2
core   0: 3 0x800111bc (0x00002f17) x30 0x800131bc
core   0: 0x800111c0 (0xe43f2223) sw      gp, -444(t5)
core   0: 3 0x800111c0 (0xe43f2223) mem 0x80013000 0x00000001
core   0: 0x800111c4 (0xff9ff06f) j       pc - 0x8
core   0: 3 0x800111c4 (0xff9ff06f)
core   0: 0x800111bc (0x00002f17) auipc   t5, 0x2
core   0: 3 0x800111bc (0x00002f17) x30 0x800131bc
core   0: 0x800111c0 (0xe43f2223) sw      gp, -444(t5)
core   0: 3 0x800111c0 (0xe43f2223) mem 0x80013000 0x00000001
core   0: 0x800111c4 (0xff9ff06f) j       pc - 0x8
core   0: 3 0x800111c4 (0xff9ff06f)
core   0: 0x800111bc (0x00002f17) auipc   t5, 0x2
core   0: 3 0x800111bc (0x00002f17) x30 0x800131bc
core   0: 0x800111c0 (0xe43f2223) sw      gp, -444(t5)
core   0: 3 0x800111c0 (0xe43f2223) mem 0x80013000 0x00000001
core   0: 0x800111c4 (0xff9ff06f) j       pc - 0x8
core   0: 3 0x800111c4 (0xff9ff06f)
core   0: 0x800111bc (0x00002f17) auipc   t5, 0x2
core   0: 3 0x800111bc (0x00002f17) x30 0x800131bc
core   0: 0x800111c0 (0xe43f2223) sw      gp, -444(t5)
core   0: 3 0x800111c0 (0xe43f2223) mem 0x80013000 0x00000001
core   0: 0x800111c4 (0xff9ff06f) j       pc - 0x8
core   0: 3 0x800111c4 (0xff9ff06f)
core   0: 0x800111bc (0x00002f17) auipc   t5, 0x2
core   0: 3 0x800111bc (0x00002f17) x30 0x800131bc
core   0: 0x800111c0 (0xe43f2223) sw      gp, -444(t5)
core   0: 3 0x800111c0 (0xe43f2223) mem 0x80013000 0x00000001
core   0: 0x800111c4 (0xff9ff06f) j       pc - 0x8
core   0: 3 0x800111c4 (0xff9ff06f)
core   0: 0x800111bc (0x00002f17) auipc   t5, 0x2
core   0: 3 0x800111bc (0x00002f17) x30 0x800131bc
core   0: 0x800111c0 (0xe43f2223) sw      gp, -444(t5)
core   0: 3 0x800111c0 (0xe43f2223) mem 0x80013000 0x00000001
core   0: 0x800111c4 (0xff9ff06f) j       pc - 0x8
core   0: 3 0x800111c4 (0xff9ff06f)
core   0: 0x800111bc (0x00002f17) auipc   t5, 0x2
core   0: 3 0x800111bc (0x00002f17) x30 0x800131bc
core   0: 0x800111c0 (0xe43f2223) sw      gp, -444(t5)
core   0: 3 0x800111c0 (0xe43f2223) mem 0x80013000 0x00000001
core   0: 0x800111c4 (0xff9ff06f) j       pc - 0x8
core   0: 3 0x800111c4 (0xff9ff06f)
core   0: 0x800111bc (0x00002f17) auipc   t5, 0x2
core   0: 3 0x800111bc (0x00002f17) x30 0x800131bc
core   0: 0x800111c0 (0xe43f2223) sw      gp, -444(t5)
core   0: 3 0x800111c0 (0xe43f2223) mem 0x80013000 0x00000001
core   0: 0x800111c4 (0xff9ff06f) j       pc - 0x8
core   0: 3 0x800111c4 (0xff9ff06f)
core   0: 0x800111bc (0x00002f17) auipc   t5, 0x2
core   0: 3 0x800111bc (0x00002f17) x30 0x800131bc
core   0: 0x800111c0 (0xe43f2223) sw      gp, -444(t5)
core   0: 3 0x800111c0 (0xe43f2223) mem 0x80013000 0x00000001
core   0: 0x800111c4 (0xff9ff06f) j       pc - 0x8
core   0: 3 0x800111c4 (0xff9ff06f)
core   0: 0x800111bc (0x00002f17) auipc   t5, 0x2
core   0: 3 0x800111bc (0x00002f17) x30 0x800131bc
core   0: 0x800111c0 (0xe43f2223) sw      gp, -444(t5)
core   0: 3 0x800111c0 (0xe43f2223) mem 0x80013000 0x00000001
core   0: 0x800111c4 (0xff9ff06f) j       pc - 0x8
core   0: 3 0x800111c4 (0xff9ff06f)
core   0: 0x800111bc (0x00002f17) auipc   t5, 0x2
core   0: 3 0x800111bc (0x00002f17) x30 0x800131bc
core   0: 0x800111c0 (0xe43f2223) sw      gp, -444(t5)
core   0: 3 0x800111c0 (0xe43f2223) mem 0x80013000 0x00000001
core   0: 0x800111c4 (0xff9ff06f) j       pc - 0x8
core   0: 3 0x800111c4 (0xff9ff06f)
core   0: 0x800111bc (0x00002f17) auipc   t5, 0x2
core   0: 3 0x800111bc (0x00002f17) x30 0x800131bc
core   0: 0x800111c0 (0xe43f2223) sw      gp, -444(t5)
core   0: 3 0x800111c0 (0xe43f2223) mem 0x80013000 0x00000001
core   0: 0x800111c4 (0xff9ff06f) j       pc - 0x8
core   0: 3 0x800111c4 (0xff9ff06f)
core   0: 0x800111bc (0x00002f17) auipc   t5, 0x2
core   0: 3 0x800111bc (0x00002f17) x30 0x800131bc
core   0: 0x800111c0 (0xe43f2223) sw      gp, -444(t5)
core   0: 3 0x800111c0 (0xe43f2223) mem 0x80013000 0x00000001
core   0: 0x800111c4 (0xff9ff06f) j       pc - 0x8
core   0: 3 0x800111c4 (0xff9ff06f)
core   0: 0x800111bc (0x00002f17) auipc   t5, 0x2
core   0: 3 0x800111bc (0x00002f17) x30 0x800131bc
core   0: 0x800111c0 (0xe43f2223) sw      gp, -444(t5)
core   0: 3 0x800111c0 (0xe43f2223) mem 0x80013000 0x00000001
core   0: 0x800111c4 (0xff9ff06f) j       pc - 0x8
core   0: 3 0x800111c4 (0xff9ff06f)
core   0: 0x800111bc (0x00002f17) auipc   t5, 0x2
core   0: 3 0x800111bc (0x00002f17) x30 0x800131bc
core   0: 0x800111c0 (0xe43f2223) sw      gp, -444(t5)
core   0: 3 0x800111c0 (0xe43f2223) mem 0x80013000 0x00000001
core   0: 0x800111c4 (0xff9ff06f) j       pc - 0x8
core   0: 3 0x800111c4 (0xff9ff06f)
core   0: 0x800111bc (0x00002f17) auipc   t5, 0x2
core   0: 3 0x800111bc (0x00002f17) x30 0x800131bc
core   0: 0x800111c0 (0xe43f2223) sw      gp, -444(t5)
core   0: 3 0x800111c0 (0xe43f2223) mem 0x80013000 0x00000001
core   0: 0x800111c4 (0xff9ff06f) j       pc - 0x8
core   0: 3 0x800111c4 (0xff9ff06f)
core   0: 0x800111bc (0x00002f17) auipc   t5, 0x2
core   0: 3 0x800111bc (0x00002f17) x30 0x800131bc
core   0: 0x800111c0 (0xe43f2223) sw      gp, -444(t5)
core   0: 3 0x800111c0 (0xe43f2223) mem 0x80013000 0x00000001
core   0: 0x800111c4 (0xff9ff06f) j       pc - 0x8
core   0: 3 0x800111c4 (0xff9ff06f)
core   0: 0x800111bc (0x00002f17) auipc   t5, 0x2
core   0: 3 0x800111bc (0x00002f17) x30 0x800131bc
core   0: 0x800111c0 (0xe43f2223) sw      gp, -444(t5)
core   0: 3 0x800111c0 (0xe43f2223) mem 0x80013000 0x00000001
core   0: 0x800111c4 (0xff9ff06f) j       pc - 0x8
core   0: 3 0x800111c4 (0xff9ff06f)
core   0: 0x800111bc (0x00002f17) auipc   t5, 0x2
core   0: 3 0x800111bc (0x00002f17) x30 0x800131bc
core   0: 0x800111c0 (0xe43f2223) sw      gp, -444(t5)
core   0: 3 0x800111c0 (0xe43f2223) mem 0x80013000 0x00000001
core   0: 0x800111c4 (0xff9ff06f) j       pc - 0x8
core   0: 3 0x800111c4 (0xff9ff06f)
core   0: 0x800111bc (0x00002f17) auipc   t5, 0x2
core   0: 3 0x800111bc (0x00002f17) x30 0x800131bc
core   0: 0x800111c0 (0xe43f2223) sw      gp, -444(t5)
core   0: 3 0x800111c0 (0xe43f2223) mem 0x80013000 0x00000001
core   0: 0x800111c4 (0xff9ff06f) j       pc - 0x8
core   0: 3 0x800111c4 (0xff9ff06f)
core   0: 0x800111bc (0x00002f17) auipc   t5, 0x2
core   0: 3 0x800111bc (0x00002f17) x30 0x800131bc
core   0: 0x800111c0 (0xe43f2223) sw      gp, -444(t5)
core   0: 3 0x800111c0 (0xe43f2223) mem 0x80013000 0x00000001
core   0: 0x800111c4 (0xff9ff06f) j       pc - 0x8
core   0: 3 0x800111c4 (0xff9ff06f)
core   0: 0x800111bc (0x00002f17) auipc   t5, 0x2
core   0: 3 0x800111bc (0x00002f17) x30 0x800131bc
core   0: 0x800111c0 (0xe43f2223) sw      gp, -444(t5)
core   0: 3 0x800111c0 (0xe43f2223) mem 0x80013000 0x00000001
core   0: 0x800111c4 (0xff9ff06f) j       pc - 0x8
core   0: 3 0x800111c4 (0xff9ff06f)
core   0: 0x800111bc (0x00002f17) auipc   t5, 0x2
core   0: 3 0x800111bc (0x00002f17) x30 0x800131bc
core   0: 0x800111c0 (0xe43f2223) sw      gp, -444(t5)
core   0: 3 0x800111c0 (0xe43f2223) mem 0x80013000 0x00000001
core   0: 0x800111c4 (0xff9ff06f) j       pc - 0x8
core   0: 3 0x800111c4 (0xff9ff06f)
core   0: 0x800111bc (0x00002f17) auipc   t5, 0x2
core   0: 3 0x800111bc (0x00002f17) x30 0x800131bc
core   0: 0x800111c0 (0xe43f2223) sw      gp, -444(t5)
core   0: 3 0x800111c0 (0xe43f2223) mem 0x80013000 0x00000001
core   0: 0x800111c4 (0xff9ff06f) j       pc - 0x8
core   0: 3 0x800111c4 (0xff9ff06f)
core   0: 0x800111bc (0x00002f17) auipc   t5, 0x2
core   0: 3 0x800111bc (0x00002f17) x30 0x800131bc
core   0: 0x800111c0 (0xe43f2223) sw      gp, -444(t5)
core   0: 3 0x800111c0 (0xe43f2223) mem 0x80013000 0x00000001
core   0: 0x800111c4 (0xff9ff06f) j       pc - 0x8
core   0: 3 0x800111c4 (0xff9ff06f)
core   0: 0x800111bc (0x00002f17) auipc   t5, 0x2
core   0: 3 0x800111bc (0x00002f17) x30 0x800131bc
core   0: 0x800111c0 (0xe43f2223) sw      gp, -444(t5)
core   0: 3 0x800111c0 (0xe43f2223) mem 0x80013000 0x00000001
core   0: 0x800111c4 (0xff9ff06f) j       pc - 0x8
core   0: 3 0x800111c4 (0xff9ff06f)
core   0: 0x800111bc (0x00002f17) auipc   t5, 0x2
core   0: 3 0x800111bc (0x00002f17) x30 0x800131bc
core   0: 0x800111c0 (0xe43f2223) sw      gp, -444(t5)
core   0: 3 0x800111c0 (0xe43f2223) mem 0x80013000 0x00000001
core   0: 0x800111c4 (0xff9ff06f) j       pc - 0x8
core   0: 3 0x800111c4 (0xff9ff06f)
core   0: 0x800111bc (0x00002f17) auipc   t5, 0x2
core   0: 3 0x800111bc (0x00002f17) x30 0x800131bc
core   0: 0x800111c0 (0xe43f2223) sw      gp, -444(t5)
core   0: 3 0x800111c0 (0xe43f2223) mem 0x80013000 0x00000001
core   0: 0x800111c4 (0xff9ff06f) j       pc - 0x8
core   0: 3 0x800111c4 (0xff9ff06f)
core   0: 0x800111bc (0x00002f17) auipc   t5, 0x2
core   0: 3 0x800111bc (0x00002f17) x30 0x800131bc
core   0: 0x800111c0 (0xe43f2223) sw      gp, -444(t5)
core   0: 3 0x800111c0 (0xe43f2223) mem 0x80013000 0x00000001
core   0: 0x800111c4 (0xff9ff06f) j       pc - 0x8
core   0: 3 0x800111c4 (0xff9ff06f)
core   0: 0x800111bc (0x00002f17) auipc   t5, 0x2
core   0: 3 0x800111bc (0x00002f17) x30 0x800131bc
core   0: 0x800111c0 (0xe43f2223) sw      gp, -444(t5)
core   0: 3 0x800111c0 (0xe43f2223) mem 0x80013000 0x00000001
core   0: 0x800111c4 (0xff9ff06f) j       pc - 0x8
core   0: 3 0x800111c4 (0xff9ff06f)
core   0: 0x800111bc (0x00002f17) auipc   t5, 0x2
core   0: 3 0x800111bc (0x00002f17) x30 0x800131bc
core   0: 0x800111c0 (0xe43f2223) sw      gp, -444(t5)
core   0: 3 0x800111c0 (0xe43f2223) mem 0x80013000 0x00000001
core   0: 0x800111c4 (0xff9ff06f) j       pc - 0x8
core   0: 3 0x800111c4 (0xff9ff06f)
core   0: 0x800111bc (0x00002f17) auipc   t5, 0x2
core   0: 3 0x800111bc (0x00002f17) x30 0x800131bc
core   0: 0x800111c0 (0xe43f2223) sw      gp, -444(t5)
core   0: 3 0x800111c0 (0xe43f2223) mem 0x80013000 0x00000001
core   0: 0x800111c4 (0xff9ff06f) j       pc - 0x8
core   0: 3 0x800111c4 (0xff9ff06f)
core   0: 0x800111bc (0x00002f17) auipc   t5, 0x2
core   0: 3 0x800111bc (0x00002f17) x30 0x800131bc
core   0: 0x800111c0 (0xe43f2223) sw      gp, -444(t5)
core   0: 3 0x800111c0 (0xe43f2223) mem 0x80013000 0x00000001
core   0: 0x800111c4 (0xff9ff06f) j       pc - 0x8
core   0: 3 0x800111c4 (0xff9ff06f)
core   0: 0x800111bc (0x00002f17) auipc   t5, 0x2
core   0: 3 0x800111bc (0x00002f17) x30 0x800131bc
core   0: 0x800111c0 (0xe43f2223) sw      gp, -444(t5)
core   0: 3 0x800111c0 (0xe43f2223) mem 0x80013000 0x00000001
core   0: 0x800111c4 (0xff9ff06f) j       pc - 0x8
core   0: 3 0x800111c4 (0xff9ff06f)
core   0: 0x800111bc (0x00002f17) auipc   t5, 0x2
core   0: 3 0x800111bc (0x00002f17) x30 0x800131bc
core   0: 0x800111c0 (0xe43f2223) sw      gp, -444(t5)
core   0: 3 0x800111c0 (0xe43f2223) mem 0x80013000 0x00000001
core   0: 0x800111c4 (0xff9ff06f) j       pc - 0x8
core   0: 3 0x800111c4 (0xff9ff06f)
core   0: 0x800111bc (0x00002f17) auipc   t5, 0x2
core   0: 3 0x800111bc (0x00002f17) x30 0x800131bc
core   0: 0x800111c0 (0xe43f2223) sw      gp, -444(t5)
core   0: 3 0x800111c0 (0xe43f2223) mem 0x80013000 0x00000001
core   0: 0x800111c4 (0xff9ff06f) j       pc - 0x8
core   0: 3 0x800111c4 (0xff9ff06f)
core   0: 0x800111bc (0x00002f17) auipc   t5, 0x2
core   0: 3 0x800111bc (0x00002f17) x30 0x800131bc
core   0: 0x800111c0 (0xe43f2223) sw      gp, -444(t5)
core   0: 3 0x800111c0 (0xe43f2223) mem 0x80013000 0x00000001
core   0: 0x800111c4 (0xff9ff06f) j       pc - 0x8
core   0: 3 0x800111c4 (0xff9ff06f)
core   0: 0x800111bc (0x00002f17) auipc   t5, 0x2
core   0: 3 0x800111bc (0x00002f17) x30 0x800131bc
core   0: 0x800111c0 (0xe43f2223) sw      gp, -444(t5)
core   0: 3 0x800111c0 (0xe43f2223) mem 0x80013000 0x00000001
core   0: 0x800111c4 (0xff9ff06f) j       pc - 0x8
core   0: 3 0x800111c4 (0xff9ff06f)
core   0: 0x800111bc (0x00002f17) auipc   t5, 0x2
core   0: 3 0x800111bc (0x00002f17) x30 0x800131bc
core   0: 0x800111c0 (0xe43f2223) sw      gp, -444(t5)
core   0: 3 0x800111c0 (0xe43f2223) mem 0x80013000 0x00000001
core   0: 0x800111c4 (0xff9ff06f) j       pc - 0x8
core   0: 3 0x800111c4 (0xff9ff06f)
core   0: 0x800111bc (0x00002f17) auipc   t5, 0x2
core   0: 3 0x800111bc (0x00002f17) x30 0x800131bc
core   0: 0x800111c0 (0xe43f2223) sw      gp, -444(t5)
core   0: 3 0x800111c0 (0xe43f2223) mem 0x80013000 0x00000001
core   0: 0x800111c4 (0xff9ff06f) j       pc - 0x8
core   0: 3 0x800111c4 (0xff9ff06f)
core   0: 0x800111bc (0x00002f17) auipc   t5, 0x2
core   0: 3 0x800111bc (0x00002f17) x30 0x800131bc
core   0: 0x800111c0 (0xe43f2223) sw      gp, -444(t5)
core   0: 3 0x800111c0 (0xe43f2223) mem 0x80013000 0x00000001
core   0: 0x800111c4 (0xff9ff06f) j       pc - 0x8
core   0: 3 0x800111c4 (0xff9ff06f)
core   0: 0x800111bc (0x00002f17) auipc   t5, 0x2
core   0: 3 0x800111bc (0x00002f17) x30 0x800131bc
core   0: 0x800111c0 (0xe43f2223) sw      gp, -444(t5)
core   0: 3 0x800111c0 (0xe43f2223) mem 0x80013000 0x00000001
core   0: 0x800111c4 (0xff9ff06f) j       pc - 0x8
core   0: 3 0x800111c4 (0xff9ff06f)
core   0: 0x800111bc (0x00002f17) auipc   t5, 0x2
core   0: 3 0x800111bc (0x00002f17) x30 0x800131bc
core   0: 0x800111c0 (0xe43f2223) sw      gp, -444(t5)
core   0: 3 0x800111c0 (0xe43f2223) mem 0x80013000 0x00000001
core   0: 0x800111c4 (0xff9ff06f) j       pc - 0x8
core   0: 3 0x800111c4 (0xff9ff06f)
core   0: 0x800111bc (0x00002f17) auipc   t5, 0x2
core   0: 3 0x800111bc (0x00002f17) x30 0x800131bc
core   0: 0x800111c0 (0xe43f2223) sw      gp, -444(t5)
core   0: 3 0x800111c0 (0xe43f2223) mem 0x80013000 0x00000001
core   0: 0x800111c4 (0xff9ff06f) j       pc - 0x8
core   0: 3 0x800111c4 (0xff9ff06f)
core   0: 0x800111bc (0x00002f17) auipc   t5, 0x2
core   0: 3 0x800111bc (0x00002f17) x30 0x800131bc
core   0: 0x800111c0 (0xe43f2223) sw      gp, -444(t5)
core   0: 3 0x800111c0 (0xe43f2223) mem 0x80013000 0x00000001
core   0: 0x800111c4 (0xff9ff06f) j       pc - 0x8
core   0: 3 0x800111c4 (0xff9ff06f)
core   0: 0x800111bc (0x00002f17) auipc   t5, 0x2
core   0: 3 0x800111bc (0x00002f17) x30 0x800131bc
core   0: 0x800111c0 (0xe43f2223) sw      gp, -444(t5)
core   0: 3 0x800111c0 (0xe43f2223) mem 0x80013000 0x00000001
core   0: 0x800111c4 (0xff9ff06f) j       pc - 0x8
core   0: 3 0x800111c4 (0xff9ff06f)
core   0: 0x800111bc (0x00002f17) auipc   t5, 0x2
core   0: 3 0x800111bc (0x00002f17) x30 0x800131bc
core   0: 0x800111c0 (0xe43f2223) sw      gp, -444(t5)
core   0: 3 0x800111c0 (0xe43f2223) mem 0x80013000 0x00000001
core   0: 0x800111c4 (0xff9ff06f) j       pc - 0x8
core   0: 3 0x800111c4 (0xff9ff06f)
core   0: 0x800111bc (0x00002f17) auipc   t5, 0x2
core   0: 3 0x800111bc (0x00002f17) x30 0x800131bc
core   0: 0x800111c0 (0xe43f2223) sw      gp, -444(t5)
core   0: 3 0x800111c0 (0xe43f2223) mem 0x80013000 0x00000001
core   0: 0x800111c4 (0xff9ff06f) j       pc - 0x8
core   0: 3 0x800111c4 (0xff9ff06f)
core   0: 0x800111bc (0x00002f17) auipc   t5, 0x2
core   0: 3 0x800111bc (0x00002f17) x30 0x800131bc
core   0: 0x800111c0 (0xe43f2223) sw      gp, -444(t5)
core   0: 3 0x800111c0 (0xe43f2223) mem 0x80013000 0x00000001
core   0: 0x800111c4 (0xff9ff06f) j       pc - 0x8
core   0: 3 0x800111c4 (0xff9ff06f)
core   0: 0x800111bc (0x00002f17) auipc   t5, 0x2
core   0: 3 0x800111bc (0x00002f17) x30 0x800131bc
core   0: 0x800111c0 (0xe43f2223) sw      gp, -444(t5)
core   0: 3 0x800111c0 (0xe43f2223) mem 0x80013000 0x00000001
core   0: 0x800111c4 (0xff9ff06f) j       pc - 0x8
core   0: 3 0x800111c4 (0xff9ff06f)
core   0: 0x800111bc (0x00002f17) auipc   t5, 0x2
core   0: 3 0x800111bc (0x00002f17) x30 0x800131bc
core   0: 0x800111c0 (0xe43f2223) sw      gp, -444(t5)
core   0: 3 0x800111c0 (0xe43f2223) mem 0x80013000 0x00000001
core   0: 0x800111c4 (0xff9ff06f) j       pc - 0x8
core   0: 3 0x800111c4 (0xff9ff06f)
core   0: 0x800111bc (0x00002f17) auipc   t5, 0x2
core   0: 3 0x800111bc (0x00002f17) x30 0x800131bc
core   0: 0x800111c0 (0xe43f2223) sw      gp, -444(t5)
core   0: 3 0x800111c0 (0xe43f2223) mem 0x80013000 0x00000001
core   0: 0x800111c4 (0xff9ff06f) j       pc - 0x8
core   0: 3 0x800111c4 (0xff9ff06f)
core   0: 0x800111bc (0x00002f17) auipc   t5, 0x2
core   0: 3 0x800111bc (0x00002f17) x30 0x800131bc
core   0: 0x800111c0 (0xe43f2223) sw      gp, -444(t5)
core   0: 3 0x800111c0 (0xe43f2223) mem 0x80013000 0x00000001
core   0: 0x800111c4 (0xff9ff06f) j       pc - 0x8
core   0: 3 0x800111c4 (0xff9ff06f)
core   0: 0x800111bc (0x00002f17) auipc   t5, 0x2
core   0: 3 0x800111bc (0x00002f17) x30 0x800131bc
core   0: 0x800111c0 (0xe43f2223) sw      gp, -444(t5)
core   0: 3 0x800111c0 (0xe43f2223) mem 0x80013000 0x00000001
core   0: 0x800111c4 (0xff9ff06f) j       pc - 0x8
core   0: 3 0x800111c4 (0xff9ff06f)
core   0: 0x800111bc (0x00002f17) auipc   t5, 0x2
core   0: 3 0x800111bc (0x00002f17) x30 0x800131bc
core   0: 0x800111c0 (0xe43f2223) sw      gp, -444(t5)
core   0: 3 0x800111c0 (0xe43f2223) mem 0x80013000 0x00000001
core   0: 0x800111c4 (0xff9ff06f) j       pc - 0x8
core   0: 3 0x800111c4 (0xff9ff06f)
core   0: 0x800111bc (0x00002f17) auipc   t5, 0x2
core   0: 3 0x800111bc (0x00002f17) x30 0x800131bc
core   0: 0x800111c0 (0xe43f2223) sw      gp, -444(t5)
core   0: 3 0x800111c0 (0xe43f2223) mem 0x80013000 0x00000001
core   0: 0x800111c4 (0xff9ff06f) j       pc - 0x8
core   0: 3 0x800111c4 (0xff9ff06f)
core   0: 0x800111bc (0x00002f17) auipc   t5, 0x2
core   0: 3 0x800111bc (0x00002f17) x30 0x800131bc
core   0: 0x800111c0 (0xe43f2223) sw      gp, -444(t5)
core   0: 3 0x800111c0 (0xe43f2223) mem 0x80013000 0x00000001
core   0: 0x800111c4 (0xff9ff06f) j       pc - 0x8
core   0: 3 0x800111c4 (0xff9ff06f)
core   0: 0x800111bc (0x00002f17) auipc   t5, 0x2
core   0: 3 0x800111bc (0x00002f17) x30 0x800131bc
core   0: 0x800111c0 (0xe43f2223) sw      gp, -444(t5)
core   0: 3 0x800111c0 (0xe43f2223) mem 0x80013000 0x00000001
core   0: 0x800111c4 (0xff9ff06f) j       pc - 0x8
core   0: 3 0x800111c4 (0xff9ff06f)
core   0: 0x800111bc (0x00002f17) auipc   t5, 0x2
core   0: 3 0x800111bc (0x00002f17) x30 0x800131bc
core   0: 0x800111c0 (0xe43f2223) sw      gp, -444(t5)
core   0: 3 0x800111c0 (0xe43f2223) mem 0x80013000 0x00000001
core   0: 0x800111c4 (0xff9ff06f) j       pc - 0x8
core   0: 3 0x800111c4 (0xff9ff06f)
core   0: 0x800111bc (0x00002f17) auipc   t5, 0x2
core   0: 3 0x800111bc (0x00002f17) x30 0x800131bc
core   0: 0x800111c0 (0xe43f2223) sw      gp, -444(t5)
core   0: 3 0x800111c0 (0xe43f2223) mem 0x80013000 0x00000001
core   0: 0x800111c4 (0xff9ff06f) j       pc - 0x8
core   0: 3 0x800111c4 (0xff9ff06f)
core   0: 0x800111bc (0x00002f17) auipc   t5, 0x2
core   0: 3 0x800111bc (0x00002f17) x30 0x800131bc
core   0: 0x800111c0 (0xe43f2223) sw      gp, -444(t5)
core   0: 3 0x800111c0 (0xe43f2223) mem 0x80013000 0x00000001
core   0: 0x800111c4 (0xff9ff06f) j       pc - 0x8
core   0: 3 0x800111c4 (0xff9ff06f)
core   0: 0x800111bc (0x00002f17) auipc   t5, 0x2
core   0: 3 0x800111bc (0x00002f17) x30 0x800131bc
core   0: 0x800111c0 (0xe43f2223) sw      gp, -444(t5)
core   0: 3 0x800111c0 (0xe43f2223) mem 0x80013000 0x00000001
core   0: 0x800111c4 (0xff9ff06f) j       pc - 0x8
core   0: 3 0x800111c4 (0xff9ff06f)
core   0: 0x800111bc (0x00002f17) auipc   t5, 0x2
core   0: 3 0x800111bc (0x00002f17) x30 0x800131bc
core   0: 0x800111c0 (0xe43f2223) sw      gp, -444(t5)
core   0: 3 0x800111c0 (0xe43f2223) mem 0x80013000 0x00000001
core   0: 0x800111c4 (0xff9ff06f) j       pc - 0x8
core   0: 3 0x800111c4 (0xff9ff06f)
core   0: 0x800111bc (0x00002f17) auipc   t5, 0x2
core   0: 3 0x800111bc (0x00002f17) x30 0x800131bc
core   0: 0x800111c0 (0xe43f2223) sw      gp, -444(t5)
core   0: 3 0x800111c0 (0xe43f2223) mem 0x80013000 0x00000001
core   0: 0x800111c4 (0xff9ff06f) j       pc - 0x8
core   0: 3 0x800111c4 (0xff9ff06f)
core   0: 0x800111bc (0x00002f17) auipc   t5, 0x2
core   0: 3 0x800111bc (0x00002f17) x30 0x800131bc
core   0: 0x800111c0 (0xe43f2223) sw      gp, -444(t5)
core   0: 3 0x800111c0 (0xe43f2223) mem 0x80013000 0x00000001
core   0: 0x800111c4 (0xff9ff06f) j       pc - 0x8
core   0: 3 0x800111c4 (0xff9ff06f)
core   0: 0x800111bc (0x00002f17) auipc   t5, 0x2
core   0: 3 0x800111bc (0x00002f17) x30 0x800131bc
core   0: 0x800111c0 (0xe43f2223) sw      gp, -444(t5)
core   0: 3 0x800111c0 (0xe43f2223) mem 0x80013000 0x00000001
core   0: 0x800111c4 (0xff9ff06f) j       pc - 0x8
core   0: 3 0x800111c4 (0xff9ff06f)
core   0: 0x800111bc (0x00002f17) auipc   t5, 0x2
core   0: 3 0x800111bc (0x00002f17) x30 0x800131bc
core   0: 0x800111c0 (0xe43f2223) sw      gp, -444(t5)
core   0: 3 0x800111c0 (0xe43f2223) mem 0x80013000 0x00000001
core   0: 0x800111c4 (0xff9ff06f) j       pc - 0x8
core   0: 3 0x800111c4 (0xff9ff06f)
core   0: 0x800111bc (0x00002f17) auipc   t5, 0x2
core   0: 3 0x800111bc (0x00002f17) x30 0x800131bc
core   0: 0x800111c0 (0xe43f2223) sw      gp, -444(t5)
core   0: 3 0x800111c0 (0xe43f2223) mem 0x80013000 0x00000001
core   0: 0x800111c4 (0xff9ff06f) j       pc - 0x8
core   0: 3 0x800111c4 (0xff9ff06f)
core   0: 0x800111bc (0x00002f17) auipc   t5, 0x2
core   0: 3 0x800111bc (0x00002f17) x30 0x800131bc
core   0: 0x800111c0 (0xe43f2223) sw      gp, -444(t5)
core   0: 3 0x800111c0 (0xe43f2223) mem 0x80013000 0x00000001
core   0: 0x800111c4 (0xff9ff06f) j       pc - 0x8
core   0: 3 0x800111c4 (0xff9ff06f)
core   0: 0x800111bc (0x00002f17) auipc   t5, 0x2
core   0: 3 0x800111bc (0x00002f17) x30 0x800131bc
core   0: 0x800111c0 (0xe43f2223) sw      gp, -444(t5)
core   0: 3 0x800111c0 (0xe43f2223) mem 0x80013000 0x00000001
core   0: 0x800111c4 (0xff9ff06f) j       pc - 0x8
core   0: 3 0x800111c4 (0xff9ff06f)
core   0: 0x800111bc (0x00002f17) auipc   t5, 0x2
core   0: 3 0x800111bc (0x00002f17) x30 0x800131bc
core   0: 0x800111c0 (0xe43f2223) sw      gp, -444(t5)
core   0: 3 0x800111c0 (0xe43f2223) mem 0x80013000 0x00000001
core   0: 0x800111c4 (0xff9ff06f) j       pc - 0x8
core   0: 3 0x800111c4 (0xff9ff06f)
core   0: 0x800111bc (0x00002f17) auipc   t5, 0x2
core   0: 3 0x800111bc (0x00002f17) x30 0x800131bc
core   0: 0x800111c0 (0xe43f2223) sw      gp, -444(t5)
core   0: 3 0x800111c0 (0xe43f2223) mem 0x80013000 0x00000001
core   0: 0x800111c4 (0xff9ff06f) j       pc - 0x8
core   0: 3 0x800111c4 (0xff9ff06f)
core   0: 0x800111bc (0x00002f17) auipc   t5, 0x2
core   0: 3 0x800111bc (0x00002f17) x30 0x800131bc
core   0: 0x800111c0 (0xe43f2223) sw      gp, -444(t5)
core   0: 3 0x800111c0 (0xe43f2223) mem 0x80013000 0x00000001
core   0: 0x800111c4 (0xff9ff06f) j       pc - 0x8
core   0: 3 0x800111c4 (0xff9ff06f)
core   0: 0x800111bc (0x00002f17) auipc   t5, 0x2
core   0: 3 0x800111bc (0x00002f17) x30 0x800131bc
core   0: 0x800111c0 (0xe43f2223) sw      gp, -444(t5)
core   0: 3 0x800111c0 (0xe43f2223) mem 0x80013000 0x00000001
core   0: 0x800111c4 (0xff9ff06f) j       pc - 0x8
core   0: 3 0x800111c4 (0xff9ff06f)
core   0: 0x800111bc (0x00002f17) auipc   t5, 0x2
core   0: 3 0x800111bc (0x00002f17) x30 0x800131bc
core   0: 0x800111c0 (0xe43f2223) sw      gp, -444(t5)
core   0: 3 0x800111c0 (0xe43f2223) mem 0x80013000 0x00000001
core   0: 0x800111c4 (0xff9ff06f) j       pc - 0x8
core   0: 3 0x800111c4 (0xff9ff06f)
core   0: 0x800111bc (0x00002f17) auipc   t5, 0x2
core   0: 3 0x800111bc (0x00002f17) x30 0x800131bc
core   0: 0x800111c0 (0xe43f2223) sw      gp, -444(t5)
core   0: 3 0x800111c0 (0xe43f2223) mem 0x80013000 0x00000001
core   0: 0x800111c4 (0xff9ff06f) j       pc - 0x8
core   0: 3 0x800111c4 (0xff9ff06f)
core   0: 0x800111bc (0x00002f17) auipc   t5, 0x2
core   0: 3 0x800111bc (0x00002f17) x30 0x800131bc
core   0: 0x800111c0 (0xe43f2223) sw      gp, -444(t5)
core   0: 3 0x800111c0 (0xe43f2223) mem 0x80013000 0x00000001
core   0: 0x800111c4 (0xff9ff06f) j       pc - 0x8
core   0: 3 0x800111c4 (0xff9ff06f)
core   0: 0x800111bc (0x00002f17) auipc   t5, 0x2
core   0: 3 0x800111bc (0x00002f17) x30 0x800131bc
core   0: 0x800111c0 (0xe43f2223) sw      gp, -444(t5)
core   0: 3 0x800111c0 (0xe43f2223) mem 0x80013000 0x00000001
core   0: 0x800111c4 (0xff9ff06f) j       pc - 0x8
core   0: 3 0x800111c4 (0xff9ff06f)
core   0: 0x800111bc (0x00002f17) auipc   t5, 0x2
core   0: 3 0x800111bc (0x00002f17) x30 0x800131bc
core   0: 0x800111c0 (0xe43f2223) sw      gp, -444(t5)
core   0: 3 0x800111c0 (0xe43f2223) mem 0x80013000 0x00000001
core   0: 0x800111c4 (0xff9ff06f) j       pc - 0x8
core   0: 3 0x800111c4 (0xff9ff06f)
core   0: 0x800111bc (0x00002f17) auipc   t5, 0x2
core   0: 3 0x800111bc (0x00002f17) x30 0x800131bc
core   0: 0x800111c0 (0xe43f2223) sw      gp, -444(t5)
core   0: 3 0x800111c0 (0xe43f2223) mem 0x80013000 0x00000001
core   0: 0x800111c4 (0xff9ff06f) j       pc - 0x8
core   0: 3 0x800111c4 (0xff9ff06f)
core   0: 0x800111bc (0x00002f17) auipc   t5, 0x2
core   0: 3 0x800111bc (0x00002f17) x30 0x800131bc
core   0: 0x800111c0 (0xe43f2223) sw      gp, -444(t5)
core   0: 3 0x800111c0 (0xe43f2223) mem 0x80013000 0x00000001
core   0: 0x800111c4 (0xff9ff06f) j       pc - 0x8
core   0: 3 0x800111c4 (0xff9ff06f)
core   0: 0x800111bc (0x00002f17) auipc   t5, 0x2
core   0: 3 0x800111bc (0x00002f17) x30 0x800131bc
core   0: 0x800111c0 (0xe43f2223) sw      gp, -444(t5)
core   0: 3 0x800111c0 (0xe43f2223) mem 0x80013000 0x00000001
core   0: 0x800111c4 (0xff9ff06f) j       pc - 0x8
core   0: 3 0x800111c4 (0xff9ff06f)
core   0: 0x800111bc (0x00002f17) auipc   t5, 0x2
core   0: 3 0x800111bc (0x00002f17) x30 0x800131bc
core   0: 0x800111c0 (0xe43f2223) sw      gp, -444(t5)
core   0: 3 0x800111c0 (0xe43f2223) mem 0x80013000 0x00000001
core   0: 0x800111c4 (0xff9ff06f) j       pc - 0x8
core   0: 3 0x800111c4 (0xff9ff06f)
core   0: 0x800111bc (0x00002f17) auipc   t5, 0x2
core   0: 3 0x800111bc (0x00002f17) x30 0x800131bc
core   0: 0x800111c0 (0xe43f2223) sw      gp, -444(t5)
core   0: 3 0x800111c0 (0xe43f2223) mem 0x80013000 0x00000001
core   0: 0x800111c4 (0xff9ff06f) j       pc - 0x8
core   0: 3 0x800111c4 (0xff9ff06f)
core   0: 0x800111bc (0x00002f17) auipc   t5, 0x2
core   0: 3 0x800111bc (0x00002f17) x30 0x800131bc
core   0: 0x800111c0 (0xe43f2223) sw      gp, -444(t5)
core   0: 3 0x800111c0 (0xe43f2223) mem 0x80013000 0x00000001
core   0: 0x800111c4 (0xff9ff06f) j       pc - 0x8
core   0: 3 0x800111c4 (0xff9ff06f)
core   0: 0x800111bc (0x00002f17) auipc   t5, 0x2
core   0: 3 0x800111bc (0x00002f17) x30 0x800131bc
core   0: 0x800111c0 (0xe43f2223) sw      gp, -444(t5)
core   0: 3 0x800111c0 (0xe43f2223) mem 0x80013000 0x00000001
core   0: 0x800111c4 (0xff9ff06f) j       pc - 0x8
core   0: 3 0x800111c4 (0xff9ff06f)
core   0: 0x800111bc (0x00002f17) auipc   t5, 0x2
core   0: 3 0x800111bc (0x00002f17) x30 0x800131bc
core   0: 0x800111c0 (0xe43f2223) sw      gp, -444(t5)
core   0: 3 0x800111c0 (0xe43f2223) mem 0x80013000 0x00000001
core   0: 0x800111c4 (0xff9ff06f) j       pc - 0x8
core   0: 3 0x800111c4 (0xff9ff06f)
core   0: 0x800111bc (0x00002f17) auipc   t5, 0x2
core   0: 3 0x800111bc (0x00002f17) x30 0x800131bc
core   0: 0x800111c0 (0xe43f2223) sw      gp, -444(t5)
core   0: 3 0x800111c0 (0xe43f2223) mem 0x80013000 0x00000001
core   0: 0x800111c4 (0xff9ff06f) j       pc - 0x8
core   0: 3 0x800111c4 (0xff9ff06f)
core   0: 0x800111bc (0x00002f17) auipc   t5, 0x2
core   0: 3 0x800111bc (0x00002f17) x30 0x800131bc
core   0: 0x800111c0 (0xe43f2223) sw      gp, -444(t5)
core   0: 3 0x800111c0 (0xe43f2223) mem 0x80013000 0x00000001
core   0: 0x800111c4 (0xff9ff06f) j       pc - 0x8
core   0: 3 0x800111c4 (0xff9ff06f)
core   0: 0x800111bc (0x00002f17) auipc   t5, 0x2
core   0: 3 0x800111bc (0x00002f17) x30 0x800131bc
core   0: 0x800111c0 (0xe43f2223) sw      gp, -444(t5)
core   0: 3 0x800111c0 (0xe43f2223) mem 0x80013000 0x00000001
core   0: 0x800111c4 (0xff9ff06f) j       pc - 0x8
core   0: 3 0x800111c4 (0xff9ff06f)
core   0: 0x800111bc (0x00002f17) auipc   t5, 0x2
core   0: 3 0x800111bc (0x00002f17) x30 0x800131bc
core   0: 0x800111c0 (0xe43f2223) sw      gp, -444(t5)
core   0: 3 0x800111c0 (0xe43f2223) mem 0x80013000 0x00000001
core   0: 0x800111c4 (0xff9ff06f) j       pc - 0x8
core   0: 3 0x800111c4 (0xff9ff06f)
core   0: 0x800111bc (0x00002f17) auipc   t5, 0x2
core   0: 3 0x800111bc (0x00002f17) x30 0x800131bc
core   0: 0x800111c0 (0xe43f2223) sw      gp, -444(t5)
core   0: 3 0x800111c0 (0xe43f2223) mem 0x80013000 0x00000001
core   0: 0x800111c4 (0xff9ff06f) j       pc - 0x8
core   0: 3 0x800111c4 (0xff9ff06f)
core   0: 0x800111bc (0x00002f17) auipc   t5, 0x2
core   0: 3 0x800111bc (0x00002f17) x30 0x800131bc
core   0: 0x800111c0 (0xe43f2223) sw      gp, -444(t5)
core   0: 3 0x800111c0 (0xe43f2223) mem 0x80013000 0x00000001
core   0: 0x800111c4 (0xff9ff06f) j       pc - 0x8
core   0: 3 0x800111c4 (0xff9ff06f)
core   0: 0x800111bc (0x00002f17) auipc   t5, 0x2
core   0: 3 0x800111bc (0x00002f17) x30 0x800131bc
core   0: 0x800111c0 (0xe43f2223) sw      gp, -444(t5)
core   0: 3 0x800111c0 (0xe43f2223) mem 0x80013000 0x00000001
core   0: 0x800111c4 (0xff9ff06f) j       pc - 0x8
core   0: 3 0x800111c4 (0xff9ff06f)
core   0: 0x800111bc (0x00002f17) auipc   t5, 0x2
core   0: 3 0x800111bc (0x00002f17) x30 0x800131bc
core   0: 0x800111c0 (0xe43f2223) sw      gp, -444(t5)
core   0: 3 0x800111c0 (0xe43f2223) mem 0x80013000 0x00000001
core   0: 0x800111c4 (0xff9ff06f) j       pc - 0x8
core   0: 3 0x800111c4 (0xff9ff06f)
core   0: 0x800111bc (0x00002f17) auipc   t5, 0x2
core   0: 3 0x800111bc (0x00002f17) x30 0x800131bc
core   0: 0x800111c0 (0xe43f2223) sw      gp, -444(t5)
core   0: 3 0x800111c0 (0xe43f2223) mem 0x80013000 0x00000001
core   0: 0x800111c4 (0xff9ff06f) j       pc - 0x8
core   0: 3 0x800111c4 (0xff9ff06f)
core   0: 0x800111bc (0x00002f17) auipc   t5, 0x2
core   0: 3 0x800111bc (0x00002f17) x30 0x800131bc
core   0: 0x800111c0 (0xe43f2223) sw      gp, -444(t5)
core   0: 3 0x800111c0 (0xe43f2223) mem 0x80013000 0x00000001
core   0: 0x800111c4 (0xff9ff06f) j       pc - 0x8
core   0: 3 0x800111c4 (0xff9ff06f)
core   0: 0x800111bc (0x00002f17) auipc   t5, 0x2
core   0: 3 0x800111bc (0x00002f17) x30 0x800131bc
core   0: 0x800111c0 (0xe43f2223) sw      gp, -444(t5)
core   0: 3 0x800111c0 (0xe43f2223) mem 0x80013000 0x00000001
core   0: 0x800111c4 (0xff9ff06f) j       pc - 0x8
core   0: 3 0x800111c4 (0xff9ff06f)
core   0: 0x800111bc (0x00002f17) auipc   t5, 0x2
core   0: 3 0x800111bc (0x00002f17) x30 0x800131bc
core   0: 0x800111c0 (0xe43f2223) sw      gp, -444(t5)
core   0: 3 0x800111c0 (0xe43f2223) mem 0x80013000 0x00000001
core   0: 0x800111c4 (0xff9ff06f) j       pc - 0x8
core   0: 3 0x800111c4 (0xff9ff06f)
core   0: 0x800111bc (0x00002f17) auipc   t5, 0x2
core   0: 3 0x800111bc (0x00002f17) x30 0x800131bc
core   0: 0x800111c0 (0xe43f2223) sw      gp, -444(t5)
core   0: 3 0x800111c0 (0xe43f2223) mem 0x80013000 0x00000001
core   0: 0x800111c4 (0xff9ff06f) j       pc - 0x8
core   0: 3 0x800111c4 (0xff9ff06f)
core   0: 0x800111bc (0x00002f17) auipc   t5, 0x2
core   0: 3 0x800111bc (0x00002f17) x30 0x800131bc
core   0: 0x800111c0 (0xe43f2223) sw      gp, -444(t5)
core   0: 3 0x800111c0 (0xe43f2223) mem 0x80013000 0x00000001
core   0: 0x800111c4 (0xff9ff06f) j       pc - 0x8
core   0: 3 0x800111c4 (0xff9ff06f)
core   0: 0x800111bc (0x00002f17) auipc   t5, 0x2
core   0: 3 0x800111bc (0x00002f17) x30 0x800131bc
core   0: 0x800111c0 (0xe43f2223) sw      gp, -444(t5)
core   0: 3 0x800111c0 (0xe43f2223) mem 0x80013000 0x00000001
core   0: 0x800111c4 (0xff9ff06f) j       pc - 0x8
core   0: 3 0x800111c4 (0xff9ff06f)
core   0: 0x800111bc (0x00002f17) auipc   t5, 0x2
core   0: 3 0x800111bc (0x00002f17) x30 0x800131bc
core   0: 0x800111c0 (0xe43f2223) sw      gp, -444(t5)
core   0: 3 0x800111c0 (0xe43f2223) mem 0x80013000 0x00000001
core   0: 0x800111c4 (0xff9ff06f) j       pc - 0x8
core   0: 3 0x800111c4 (0xff9ff06f)
core   0: 0x800111bc (0x00002f17) auipc   t5, 0x2
core   0: 3 0x800111bc (0x00002f17) x30 0x800131bc
core   0: 0x800111c0 (0xe43f2223) sw      gp, -444(t5)
core   0: 3 0x800111c0 (0xe43f2223) mem 0x80013000 0x00000001
core   0: 0x800111c4 (0xff9ff06f) j       pc - 0x8
core   0: 3 0x800111c4 (0xff9ff06f)
core   0: 0x800111bc (0x00002f17) auipc   t5, 0x2
core   0: 3 0x800111bc (0x00002f17) x30 0x800131bc
core   0: 0x800111c0 (0xe43f2223) sw      gp, -444(t5)
core   0: 3 0x800111c0 (0xe43f2223) mem 0x80013000 0x00000001
core   0: 0x800111c4 (0xff9ff06f) j       pc - 0x8
core   0: 3 0x800111c4 (0xff9ff06f)
core   0: 0x800111bc (0x00002f17) auipc   t5, 0x2
core   0: 3 0x800111bc (0x00002f17) x30 0x800131bc
core   0: 0x800111c0 (0xe43f2223) sw      gp, -444(t5)
core   0: 3 0x800111c0 (0xe43f2223) mem 0x80013000 0x00000001
core   0: 0x800111c4 (0xff9ff06f) j       pc - 0x8
core   0: 3 0x800111c4 (0xff9ff06f)
core   0: 0x800111bc (0x00002f17) auipc   t5, 0x2
core   0: 3 0x800111bc (0x00002f17) x30 0x800131bc
core   0: 0x800111c0 (0xe43f2223) sw      gp, -444(t5)
core   0: 3 0x800111c0 (0xe43f2223) mem 0x80013000 0x00000001
core   0: 0x800111c4 (0xff9ff06f) j       pc - 0x8
core   0: 3 0x800111c4 (0xff9ff06f)
core   0: 0x800111bc (0x00002f17) auipc   t5, 0x2
core   0: 3 0x800111bc (0x00002f17) x30 0x800131bc
core   0: 0x800111c0 (0xe43f2223) sw      gp, -444(t5)
core   0: 3 0x800111c0 (0xe43f2223) mem 0x80013000 0x00000001
core   0: 0x800111c4 (0xff9ff06f) j       pc - 0x8
core   0: 3 0x800111c4 (0xff9ff06f)
core   0: 0x800111bc (0x00002f17) auipc   t5, 0x2
core   0: 3 0x800111bc (0x00002f17) x30 0x800131bc
core   0: 0x800111c0 (0xe43f2223) sw      gp, -444(t5)
core   0: 3 0x800111c0 (0xe43f2223) mem 0x80013000 0x00000001
core   0: 0x800111c4 (0xff9ff06f) j       pc - 0x8
core   0: 3 0x800111c4 (0xff9ff06f)
core   0: 0x800111bc (0x00002f17) auipc   t5, 0x2
core   0: 3 0x800111bc (0x00002f17) x30 0x800131bc
core   0: 0x800111c0 (0xe43f2223) sw      gp, -444(t5)
core   0: 3 0x800111c0 (0xe43f2223) mem 0x80013000 0x00000001
core   0: 0x800111c4 (0xff9ff06f) j       pc - 0x8
core   0: 3 0x800111c4 (0xff9ff06f)
core   0: 0x800111bc (0x00002f17) auipc   t5, 0x2
core   0: 3 0x800111bc (0x00002f17) x30 0x800131bc
core   0: 0x800111c0 (0xe43f2223) sw      gp, -444(t5)
core   0: 3 0x800111c0 (0xe43f2223) mem 0x80013000 0x00000001
core   0: 0x800111c4 (0xff9ff06f) j       pc - 0x8
core   0: 3 0x800111c4 (0xff9ff06f)
core   0: 0x800111bc (0x00002f17) auipc   t5, 0x2
core   0: 3 0x800111bc (0x00002f17) x30 0x800131bc
core   0: 0x800111c0 (0xe43f2223) sw      gp, -444(t5)
core   0: 3 0x800111c0 (0xe43f2223) mem 0x80013000 0x00000001
core   0: 0x800111c4 (0xff9ff06f) j       pc - 0x8
core   0: 3 0x800111c4 (0xff9ff06f)
core   0: 0x800111bc (0x00002f17) auipc   t5, 0x2
core   0: 3 0x800111bc (0x00002f17) x30 0x800131bc
core   0: 0x800111c0 (0xe43f2223) sw      gp, -444(t5)
core   0: 3 0x800111c0 (0xe43f2223) mem 0x80013000 0x00000001
core   0: 0x800111c4 (0xff9ff06f) j       pc - 0x8
core   0: 3 0x800111c4 (0xff9ff06f)
core   0: 0x800111bc (0x00002f17) auipc   t5, 0x2
core   0: 3 0x800111bc (0x00002f17) x30 0x800131bc
core   0: 0x800111c0 (0xe43f2223) sw      gp, -444(t5)
core   0: 3 0x800111c0 (0xe43f2223) mem 0x80013000 0x00000001
core   0: 0x800111c4 (0xff9ff06f) j       pc - 0x8
core   0: 3 0x800111c4 (0xff9ff06f)
core   0: 0x800111bc (0x00002f17) auipc   t5, 0x2
core   0: 3 0x800111bc (0x00002f17) x30 0x800131bc
core   0: 0x800111c0 (0xe43f2223) sw      gp, -444(t5)
core   0: 3 0x800111c0 (0xe43f2223) mem 0x80013000 0x00000001
core   0: 0x800111c4 (0xff9ff06f) j       pc - 0x8
core   0: 3 0x800111c4 (0xff9ff06f)
core   0: 0x800111bc (0x00002f17) auipc   t5, 0x2
core   0: 3 0x800111bc (0x00002f17) x30 0x800131bc
core   0: 0x800111c0 (0xe43f2223) sw      gp, -444(t5)
core   0: 3 0x800111c0 (0xe43f2223) mem 0x80013000 0x00000001
core   0: 0x800111c4 (0xff9ff06f) j       pc - 0x8
core   0: 3 0x800111c4 (0xff9ff06f)
core   0: 0x800111bc (0x00002f17) auipc   t5, 0x2
core   0: 3 0x800111bc (0x00002f17) x30 0x800131bc
core   0: 0x800111c0 (0xe43f2223) sw      gp, -444(t5)
core   0: 3 0x800111c0 (0xe43f2223) mem 0x80013000 0x00000001
core   0: 0x800111c4 (0xff9ff06f) j       pc - 0x8
core   0: 3 0x800111c4 (0xff9ff06f)
core   0: 0x800111bc (0x00002f17) auipc   t5, 0x2
core   0: 3 0x800111bc (0x00002f17) x30 0x800131bc
core   0: 0x800111c0 (0xe43f2223) sw      gp, -444(t5)
core   0: 3 0x800111c0 (0xe43f2223) mem 0x80013000 0x00000001
core   0: 0x800111c4 (0xff9ff06f) j       pc - 0x8
core   0: 3 0x800111c4 (0xff9ff06f)
core   0: 0x800111bc (0x00002f17) auipc   t5, 0x2
core   0: 3 0x800111bc (0x00002f17) x30 0x800131bc
core   0: 0x800111c0 (0xe43f2223) sw      gp, -444(t5)
core   0: 3 0x800111c0 (0xe43f2223) mem 0x80013000 0x00000001
core   0: 0x800111c4 (0xff9ff06f) j       pc - 0x8
core   0: 3 0x800111c4 (0xff9ff06f)
core   0: 0x800111bc (0x00002f17) auipc   t5, 0x2
core   0: 3 0x800111bc (0x00002f17) x30 0x800131bc
core   0: 0x800111c0 (0xe43f2223) sw      gp, -444(t5)
core   0: 3 0x800111c0 (0xe43f2223) mem 0x80013000 0x00000001
core   0: 0x800111c4 (0xff9ff06f) j       pc - 0x8
core   0: 3 0x800111c4 (0xff9ff06f)
core   0: 0x800111bc (0x00002f17) auipc   t5, 0x2
core   0: 3 0x800111bc (0x00002f17) x30 0x800131bc
core   0: 0x800111c0 (0xe43f2223) sw      gp, -444(t5)
core   0: 3 0x800111c0 (0xe43f2223) mem 0x80013000 0x00000001
core   0: 0x800111c4 (0xff9ff06f) j       pc - 0x8
core   0: 3 0x800111c4 (0xff9ff06f)
core   0: 0x800111bc (0x00002f17) auipc   t5, 0x2
core   0: 3 0x800111bc (0x00002f17) x30 0x800131bc
core   0: 0x800111c0 (0xe43f2223) sw      gp, -444(t5)
core   0: 3 0x800111c0 (0xe43f2223) mem 0x80013000 0x00000001
core   0: 0x800111c4 (0xff9ff06f) j       pc - 0x8
core   0: 3 0x800111c4 (0xff9ff06f)
core   0: 0x800111bc (0x00002f17) auipc   t5, 0x2
core   0: 3 0x800111bc (0x00002f17) x30 0x800131bc
core   0: 0x800111c0 (0xe43f2223) sw      gp, -444(t5)
core   0: 3 0x800111c0 (0xe43f2223) mem 0x80013000 0x00000001
core   0: 0x800111c4 (0xff9ff06f) j       pc - 0x8
core   0: 3 0x800111c4 (0xff9ff06f)
core   0: 0x800111bc (0x00002f17) auipc   t5, 0x2
core   0: 3 0x800111bc (0x00002f17) x30 0x800131bc
core   0: 0x800111c0 (0xe43f2223) sw      gp, -444(t5)
core   0: 3 0x800111c0 (0xe43f2223) mem 0x80013000 0x00000001
core   0: 0x800111c4 (0xff9ff06f) j       pc - 0x8
core   0: 3 0x800111c4 (0xff9ff06f)
core   0: 0x800111bc (0x00002f17) auipc   t5, 0x2
core   0: 3 0x800111bc (0x00002f17) x30 0x800131bc
core   0: 0x800111c0 (0xe43f2223) sw      gp, -444(t5)
core   0: 3 0x800111c0 (0xe43f2223) mem 0x80013000 0x00000001
core   0: 0x800111c4 (0xff9ff06f) j       pc - 0x8
core   0: 3 0x800111c4 (0xff9ff06f)
core   0: 0x800111bc (0x00002f17) auipc   t5, 0x2
core   0: 3 0x800111bc (0x00002f17) x30 0x800131bc
core   0: 0x800111c0 (0xe43f2223) sw      gp, -444(t5)
core   0: 3 0x800111c0 (0xe43f2223) mem 0x80013000 0x00000001
core   0: 0x800111c4 (0xff9ff06f) j       pc - 0x8
core   0: 3 0x800111c4 (0xff9ff06f)
core   0: 0x800111bc (0x00002f17) auipc   t5, 0x2
core   0: 3 0x800111bc (0x00002f17) x30 0x800131bc
core   0: 0x800111c0 (0xe43f2223) sw      gp, -444(t5)
core   0: 3 0x800111c0 (0xe43f2223) mem 0x80013000 0x00000001
core   0: 0x800111c4 (0xff9ff06f) j       pc - 0x8
core   0: 3 0x800111c4 (0xff9ff06f)
core   0: 0x800111bc (0x00002f17) auipc   t5, 0x2
core   0: 3 0x800111bc (0x00002f17) x30 0x800131bc
core   0: 0x800111c0 (0xe43f2223) sw      gp, -444(t5)
core   0: 3 0x800111c0 (0xe43f2223) mem 0x80013000 0x00000001
core   0: 0x800111c4 (0xff9ff06f) j       pc - 0x8
core   0: 3 0x800111c4 (0xff9ff06f)
core   0: 0x800111bc (0x00002f17) auipc   t5, 0x2
core   0: 3 0x800111bc (0x00002f17) x30 0x800131bc
core   0: 0x800111c0 (0xe43f2223) sw      gp, -444(t5)
core   0: 3 0x800111c0 (0xe43f2223) mem 0x80013000 0x00000001
core   0: 0x800111c4 (0xff9ff06f) j       pc - 0x8
core   0: 3 0x800111c4 (0xff9ff06f)
core   0: 0x800111bc (0x00002f17) auipc   t5, 0x2
core   0: 3 0x800111bc (0x00002f17) x30 0x800131bc
core   0: 0x800111c0 (0xe43f2223) sw      gp, -444(t5)
core   0: 3 0x800111c0 (0xe43f2223) mem 0x80013000 0x00000001
core   0: 0x800111c4 (0xff9ff06f) j       pc - 0x8
core   0: 3 0x800111c4 (0xff9ff06f)
core   0: 0x800111bc (0x00002f17) auipc   t5, 0x2
core   0: 3 0x800111bc (0x00002f17) x30 0x800131bc
core   0: 0x800111c0 (0xe43f2223) sw      gp, -444(t5)
core   0: 3 0x800111c0 (0xe43f2223) mem 0x80013000 0x00000001
core   0: 0x800111c4 (0xff9ff06f) j       pc - 0x8
core   0: 3 0x800111c4 (0xff9ff06f)
core   0: 0x800111bc (0x00002f17) auipc   t5, 0x2
core   0: 3 0x800111bc (0x00002f17) x30 0x800131bc
core   0: 0x800111c0 (0xe43f2223) sw      gp, -444(t5)
core   0: 3 0x800111c0 (0xe43f2223) mem 0x80013000 0x00000001
core   0: 0x800111c4 (0xff9ff06f) j       pc - 0x8
core   0: 3 0x800111c4 (0xff9ff06f)
core   0: 0x800111bc (0x00002f17) auipc   t5, 0x2
core   0: 3 0x800111bc (0x00002f17) x30 0x800131bc
core   0: 0x800111c0 (0xe43f2223) sw      gp, -444(t5)
core   0: 3 0x800111c0 (0xe43f2223) mem 0x80013000 0x00000001
core   0: 0x800111c4 (0xff9ff06f) j       pc - 0x8
core   0: 3 0x800111c4 (0xff9ff06f)
core   0: 0x800111bc (0x00002f17) auipc   t5, 0x2
core   0: 3 0x800111bc (0x00002f17) x30 0x800131bc
core   0: 0x800111c0 (0xe43f2223) sw      gp, -444(t5)
core   0: 3 0x800111c0 (0xe43f2223) mem 0x80013000 0x00000001
core   0: 0x800111c4 (0xff9ff06f) j       pc - 0x8
core   0: 3 0x800111c4 (0xff9ff06f)
core   0: 0x800111bc (0x00002f17) auipc   t5, 0x2
core   0: 3 0x800111bc (0x00002f17) x30 0x800131bc
core   0: 0x800111c0 (0xe43f2223) sw      gp, -444(t5)
core   0: 3 0x800111c0 (0xe43f2223) mem 0x80013000 0x00000001
core   0: 0x800111c4 (0xff9ff06f) j       pc - 0x8
core   0: 3 0x800111c4 (0xff9ff06f)
core   0: 0x800111bc (0x00002f17) auipc   t5, 0x2
core   0: 3 0x800111bc (0x00002f17) x30 0x800131bc
core   0: 0x800111c0 (0xe43f2223) sw      gp, -444(t5)
core   0: 3 0x800111c0 (0xe43f2223) mem 0x80013000 0x00000001
core   0: 0x800111c4 (0xff9ff06f) j       pc - 0x8
core   0: 3 0x800111c4 (0xff9ff06f)
core   0: 0x800111bc (0x00002f17) auipc   t5, 0x2
core   0: 3 0x800111bc (0x00002f17) x30 0x800131bc
core   0: 0x800111c0 (0xe43f2223) sw      gp, -444(t5)
core   0: 3 0x800111c0 (0xe43f2223) mem 0x80013000 0x00000001
core   0: 0x800111c4 (0xff9ff06f) j       pc - 0x8
core   0: 3 0x800111c4 (0xff9ff06f)
core   0: 0x800111bc (0x00002f17) auipc   t5, 0x2
core   0: 3 0x800111bc (0x00002f17) x30 0x800131bc
core   0: 0x800111c0 (0xe43f2223) sw      gp, -444(t5)
core   0: 3 0x800111c0 (0xe43f2223) mem 0x80013000 0x00000001
core   0: 0x800111c4 (0xff9ff06f) j       pc - 0x8
core   0: 3 0x800111c4 (0xff9ff06f)
core   0: 0x800111bc (0x00002f17) auipc   t5, 0x2
core   0: 3 0x800111bc (0x00002f17) x30 0x800131bc
core   0: 0x800111c0 (0xe43f2223) sw      gp, -444(t5)
core   0: 3 0x800111c0 (0xe43f2223) mem 0x80013000 0x00000001
core   0: 0x800111c4 (0xff9ff06f) j       pc - 0x8
core   0: 3 0x800111c4 (0xff9ff06f)
core   0: 0x800111bc (0x00002f17) auipc   t5, 0x2
core   0: 3 0x800111bc (0x00002f17) x30 0x800131bc
core   0: 0x800111c0 (0xe43f2223) sw      gp, -444(t5)
core   0: 3 0x800111c0 (0xe43f2223) mem 0x80013000 0x00000001
core   0: 0x800111c4 (0xff9ff06f) j       pc - 0x8
core   0: 3 0x800111c4 (0xff9ff06f)
core   0: 0x800111bc (0x00002f17) auipc   t5, 0x2
core   0: 3 0x800111bc (0x00002f17) x30 0x800131bc
core   0: 0x800111c0 (0xe43f2223) sw      gp, -444(t5)
core   0: 3 0x800111c0 (0xe43f2223) mem 0x80013000 0x00000001
core   0: 0x800111c4 (0xff9ff06f) j       pc - 0x8
core   0: 3 0x800111c4 (0xff9ff06f)
core   0: 0x800111bc (0x00002f17) auipc   t5, 0x2
core   0: 3 0x800111bc (0x00002f17) x30 0x800131bc
core   0: 0x800111c0 (0xe43f2223) sw      gp, -444(t5)
core   0: 3 0x800111c0 (0xe43f2223) mem 0x80013000 0x00000001
core   0: 0x800111c4 (0xff9ff06f) j       pc - 0x8
core   0: 3 0x800111c4 (0xff9ff06f)
core   0: 0x800111bc (0x00002f17) auipc   t5, 0x2
core   0: 3 0x800111bc (0x00002f17) x30 0x800131bc
core   0: 0x800111c0 (0xe43f2223) sw      gp, -444(t5)
core   0: 3 0x800111c0 (0xe43f2223) mem 0x80013000 0x00000001
core   0: 0x800111c4 (0xff9ff06f) j       pc - 0x8
core   0: 3 0x800111c4 (0xff9ff06f)
core   0: 0x800111bc (0x00002f17) auipc   t5, 0x2
core   0: 3 0x800111bc (0x00002f17) x30 0x800131bc
core   0: 0x800111c0 (0xe43f2223) sw      gp, -444(t5)
core   0: 3 0x800111c0 (0xe43f2223) mem 0x80013000 0x00000001
core   0: 0x800111c4 (0xff9ff06f) j       pc - 0x8
core   0: 3 0x800111c4 (0xff9ff06f)
core   0: 0x800111bc (0x00002f17) auipc   t5, 0x2
core   0: 3 0x800111bc (0x00002f17) x30 0x800131bc
core   0: 0x800111c0 (0xe43f2223) sw      gp, -444(t5)
core   0: 3 0x800111c0 (0xe43f2223) mem 0x80013000 0x00000001
core   0: 0x800111c4 (0xff9ff06f) j       pc - 0x8
core   0: 3 0x800111c4 (0xff9ff06f)
core   0: 0x800111bc (0x00002f17) auipc   t5, 0x2
core   0: 3 0x800111bc (0x00002f17) x30 0x800131bc
core   0: 0x800111c0 (0xe43f2223) sw      gp, -444(t5)
core   0: 3 0x800111c0 (0xe43f2223) mem 0x80013000 0x00000001
core   0: 0x800111c4 (0xff9ff06f) j       pc - 0x8
core   0: 3 0x800111c4 (0xff9ff06f)
core   0: 0x800111bc (0x00002f17) auipc   t5, 0x2
core   0: 3 0x800111bc (0x00002f17) x30 0x800131bc
core   0: 0x800111c0 (0xe43f2223) sw      gp, -444(t5)
core   0: 3 0x800111c0 (0xe43f2223) mem 0x80013000 0x00000001
core   0: 0x800111c4 (0xff9ff06f) j       pc - 0x8
core   0: 3 0x800111c4 (0xff9ff06f)
core   0: 0x800111bc (0x00002f17) auipc   t5, 0x2
core   0: 3 0x800111bc (0x00002f17) x30 0x800131bc
core   0: 0x800111c0 (0xe43f2223) sw      gp, -444(t5)
core   0: 3 0x800111c0 (0xe43f2223) mem 0x80013000 0x00000001
core   0: 0x800111c4 (0xff9ff06f) j       pc - 0x8
core   0: 3 0x800111c4 (0xff9ff06f)
core   0: 0x800111bc (0x00002f17) auipc   t5, 0x2
core   0: 3 0x800111bc (0x00002f17) x30 0x800131bc
core   0: 0x800111c0 (0xe43f2223) sw      gp, -444(t5)
core   0: 3 0x800111c0 (0xe43f2223) mem 0x80013000 0x00000001
core   0: 0x800111c4 (0xff9ff06f) j       pc - 0x8
core   0: 3 0x800111c4 (0xff9ff06f)
core   0: 0x800111bc (0x00002f17) auipc   t5, 0x2
core   0: 3 0x800111bc (0x00002f17) x30 0x800131bc
core   0: 0x800111c0 (0xe43f2223) sw      gp, -444(t5)
core   0: 3 0x800111c0 (0xe43f2223) mem 0x80013000 0x00000001
core   0: 0x800111c4 (0xff9ff06f) j       pc - 0x8
core   0: 3 0x800111c4 (0xff9ff06f)
core   0: 0x800111bc (0x00002f17) auipc   t5, 0x2
core   0: 3 0x800111bc (0x00002f17) x30 0x800131bc
core   0: 0x800111c0 (0xe43f2223) sw      gp, -444(t5)
core   0: 3 0x800111c0 (0xe43f2223) mem 0x80013000 0x00000001
core   0: 0x800111c4 (0xff9ff06f) j       pc - 0x8
core   0: 3 0x800111c4 (0xff9ff06f)
core   0: 0x800111bc (0x00002f17) auipc   t5, 0x2
core   0: 3 0x800111bc (0x00002f17) x30 0x800131bc
core   0: 0x800111c0 (0xe43f2223) sw      gp, -444(t5)
core   0: 3 0x800111c0 (0xe43f2223) mem 0x80013000 0x00000001
core   0: 0x800111c4 (0xff9ff06f) j       pc - 0x8
core   0: 3 0x800111c4 (0xff9ff06f)
core   0: 0x800111bc (0x00002f17) auipc   t5, 0x2
core   0: 3 0x800111bc (0x00002f17) x30 0x800131bc
core   0: 0x800111c0 (0xe43f2223) sw      gp, -444(t5)
core   0: 3 0x800111c0 (0xe43f2223) mem 0x80013000 0x00000001
core   0: 0x800111c4 (0xff9ff06f) j       pc - 0x8
core   0: 3 0x800111c4 (0xff9ff06f)
core   0: 0x800111bc (0x00002f17) auipc   t5, 0x2
core   0: 3 0x800111bc (0x00002f17) x30 0x800131bc
core   0: 0x800111c0 (0xe43f2223) sw      gp, -444(t5)
core   0: 3 0x800111c0 (0xe43f2223) mem 0x80013000 0x00000001
core   0: 0x800111c4 (0xff9ff06f) j       pc - 0x8
core   0: 3 0x800111c4 (0xff9ff06f)
core   0: 0x800111bc (0x00002f17) auipc   t5, 0x2
core   0: 3 0x800111bc (0x00002f17) x30 0x800131bc
core   0: 0x800111c0 (0xe43f2223) sw      gp, -444(t5)
core   0: 3 0x800111c0 (0xe43f2223) mem 0x80013000 0x00000001
core   0: 0x800111c4 (0xff9ff06f) j       pc - 0x8
core   0: 3 0x800111c4 (0xff9ff06f)
core   0: 0x800111bc (0x00002f17) auipc   t5, 0x2
core   0: 3 0x800111bc (0x00002f17) x30 0x800131bc
core   0: 0x800111c0 (0xe43f2223) sw      gp, -444(t5)
core   0: 3 0x800111c0 (0xe43f2223) mem 0x80013000 0x00000001
core   0: 0x800111c4 (0xff9ff06f) j       pc - 0x8
core   0: 3 0x800111c4 (0xff9ff06f)
core   0: 0x800111bc (0x00002f17) auipc   t5, 0x2
core   0: 3 0x800111bc (0x00002f17) x30 0x800131bc
core   0: 0x800111c0 (0xe43f2223) sw      gp, -444(t5)
core   0: 3 0x800111c0 (0xe43f2223) mem 0x80013000 0x00000001
core   0: 0x800111c4 (0xff9ff06f) j       pc - 0x8
core   0: 3 0x800111c4 (0xff9ff06f)
core   0: 0x800111bc (0x00002f17) auipc   t5, 0x2
core   0: 3 0x800111bc (0x00002f17) x30 0x800131bc
core   0: 0x800111c0 (0xe43f2223) sw      gp, -444(t5)
core   0: 3 0x800111c0 (0xe43f2223) mem 0x80013000 0x00000001
core   0: 0x800111c4 (0xff9ff06f) j       pc - 0x8
core   0: 3 0x800111c4 (0xff9ff06f)
core   0: 0x800111bc (0x00002f17) auipc   t5, 0x2
core   0: 3 0x800111bc (0x00002f17) x30 0x800131bc
core   0: 0x800111c0 (0xe43f2223) sw      gp, -444(t5)
core   0: 3 0x800111c0 (0xe43f2223) mem 0x80013000 0x00000001
core   0: 0x800111c4 (0xff9ff06f) j       pc - 0x8
core   0: 3 0x800111c4 (0xff9ff06f)
core   0: 0x800111bc (0x00002f17) auipc   t5, 0x2
core   0: 3 0x800111bc (0x00002f17) x30 0x800131bc
core   0: 0x800111c0 (0xe43f2223) sw      gp, -444(t5)
core   0: 3 0x800111c0 (0xe43f2223) mem 0x80013000 0x00000001
core   0: 0x800111c4 (0xff9ff06f) j       pc - 0x8
core   0: 3 0x800111c4 (0xff9ff06f)
core   0: 0x800111bc (0x00002f17) auipc   t5, 0x2
core   0: 3 0x800111bc (0x00002f17) x30 0x800131bc
core   0: 0x800111c0 (0xe43f2223) sw      gp, -444(t5)
core   0: 3 0x800111c0 (0xe43f2223) mem 0x80013000 0x00000001
core   0: 0x800111c4 (0xff9ff06f) j       pc - 0x8
core   0: 3 0x800111c4 (0xff9ff06f)
core   0: 0x800111bc (0x00002f17) auipc   t5, 0x2
core   0: 3 0x800111bc (0x00002f17) x30 0x800131bc
core   0: 0x800111c0 (0xe43f2223) sw      gp, -444(t5)
core   0: 3 0x800111c0 (0xe43f2223) mem 0x80013000 0x00000001
core   0: 0x800111c4 (0xff9ff06f) j       pc - 0x8
core   0: 3 0x800111c4 (0xff9ff06f)
core   0: 0x800111bc (0x00002f17) auipc   t5, 0x2
core   0: 3 0x800111bc (0x00002f17) x30 0x800131bc
core   0: 0x800111c0 (0xe43f2223) sw      gp, -444(t5)
core   0: 3 0x800111c0 (0xe43f2223) mem 0x80013000 0x00000001
core   0: 0x800111c4 (0xff9ff06f) j       pc - 0x8
core   0: 3 0x800111c4 (0xff9ff06f)
core   0: 0x800111bc (0x00002f17) auipc   t5, 0x2
core   0: 3 0x800111bc (0x00002f17) x30 0x800131bc
core   0: 0x800111c0 (0xe43f2223) sw      gp, -444(t5)
core   0: 3 0x800111c0 (0xe43f2223) mem 0x80013000 0x00000001
core   0: 0x800111c4 (0xff9ff06f) j       pc - 0x8
core   0: 3 0x800111c4 (0xff9ff06f)
core   0: 0x800111bc (0x00002f17) auipc   t5, 0x2
core   0: 3 0x800111bc (0x00002f17) x30 0x800131bc
core   0: 0x800111c0 (0xe43f2223) sw      gp, -444(t5)
core   0: 3 0x800111c0 (0xe43f2223) mem 0x80013000 0x00000001
core   0: 0x800111c4 (0xff9ff06f) j       pc - 0x8
core   0: 3 0x800111c4 (0xff9ff06f)
core   0: 0x800111bc (0x00002f17) auipc   t5, 0x2
core   0: 3 0x800111bc (0x00002f17) x30 0x800131bc
core   0: 0x800111c0 (0xe43f2223) sw      gp, -444(t5)
core   0: 3 0x800111c0 (0xe43f2223) mem 0x80013000 0x00000001
core   0: 0x800111c4 (0xff9ff06f) j       pc - 0x8
core   0: 3 0x800111c4 (0xff9ff06f)
core   0: 0x800111bc (0x00002f17) auipc   t5, 0x2
core   0: 3 0x800111bc (0x00002f17) x30 0x800131bc
core   0: 0x800111c0 (0xe43f2223) sw      gp, -444(t5)
core   0: 3 0x800111c0 (0xe43f2223) mem 0x80013000 0x00000001
core   0: 0x800111c4 (0xff9ff06f) j       pc - 0x8
core   0: 3 0x800111c4 (0xff9ff06f)
core   0: 0x800111bc (0x00002f17) auipc   t5, 0x2
core   0: 3 0x800111bc (0x00002f17) x30 0x800131bc
core   0: 0x800111c0 (0xe43f2223) sw      gp, -444(t5)
core   0: 3 0x800111c0 (0xe43f2223) mem 0x80013000 0x00000001
core   0: 0x800111c4 (0xff9ff06f) j       pc - 0x8
core   0: 3 0x800111c4 (0xff9ff06f)
core   0: 0x800111bc (0x00002f17) auipc   t5, 0x2
core   0: 3 0x800111bc (0x00002f17) x30 0x800131bc
core   0: 0x800111c0 (0xe43f2223) sw      gp, -444(t5)
core   0: 3 0x800111c0 (0xe43f2223) mem 0x80013000 0x00000001
core   0: 0x800111c4 (0xff9ff06f) j       pc - 0x8
core   0: 3 0x800111c4 (0xff9ff06f)
core   0: 0x800111bc (0x00002f17) auipc   t5, 0x2
core   0: 3 0x800111bc (0x00002f17) x30 0x800131bc
core   0: 0x800111c0 (0xe43f2223) sw      gp, -444(t5)
core   0: 3 0x800111c0 (0xe43f2223) mem 0x80013000 0x00000001
core   0: 0x800111c4 (0xff9ff06f) j       pc - 0x8
core   0: 3 0x800111c4 (0xff9ff06f)
core   0: 0x800111bc (0x00002f17) auipc   t5, 0x2
core   0: 3 0x800111bc (0x00002f17) x30 0x800131bc
core   0: 0x800111c0 (0xe43f2223) sw      gp, -444(t5)
core   0: 3 0x800111c0 (0xe43f2223) mem 0x80013000 0x00000001
core   0: 0x800111c4 (0xff9ff06f) j       pc - 0x8
core   0: 3 0x800111c4 (0xff9ff06f)
core   0: 0x800111bc (0x00002f17) auipc   t5, 0x2
core   0: 3 0x800111bc (0x00002f17) x30 0x800131bc
core   0: 0x800111c0 (0xe43f2223) sw      gp, -444(t5)
core   0: 3 0x800111c0 (0xe43f2223) mem 0x80013000 0x00000001
core   0: 0x800111c4 (0xff9ff06f) j       pc - 0x8
core   0: 3 0x800111c4 (0xff9ff06f)
core   0: 0x800111bc (0x00002f17) auipc   t5, 0x2
core   0: 3 0x800111bc (0x00002f17) x30 0x800131bc
core   0: 0x800111c0 (0xe43f2223) sw      gp, -444(t5)
core   0: 3 0x800111c0 (0xe43f2223) mem 0x80013000 0x00000001
core   0: 0x800111c4 (0xff9ff06f) j       pc - 0x8
core   0: 3 0x800111c4 (0xff9ff06f)
core   0: 0x800111bc (0x00002f17) auipc   t5, 0x2
core   0: 3 0x800111bc (0x00002f17) x30 0x800131bc
core   0: 0x800111c0 (0xe43f2223) sw      gp, -444(t5)
core   0: 3 0x800111c0 (0xe43f2223) mem 0x80013000 0x00000001
core   0: 0x800111c4 (0xff9ff06f) j       pc - 0x8
core   0: 3 0x800111c4 (0xff9ff06f)
core   0: 0x800111bc (0x00002f17) auipc   t5, 0x2
core   0: 3 0x800111bc (0x00002f17) x30 0x800131bc
core   0: 0x800111c0 (0xe43f2223) sw      gp, -444(t5)
core   0: 3 0x800111c0 (0xe43f2223) mem 0x80013000 0x00000001
core   0: 0x800111c4 (0xff9ff06f) j       pc - 0x8
core   0: 3 0x800111c4 (0xff9ff06f)
core   0: 0x800111bc (0x00002f17) auipc   t5, 0x2
core   0: 3 0x800111bc (0x00002f17) x30 0x800131bc
core   0: 0x800111c0 (0xe43f2223) sw      gp, -444(t5)
core   0: 3 0x800111c0 (0xe43f2223) mem 0x80013000 0x00000001
core   0: 0x800111c4 (0xff9ff06f) j       pc - 0x8
core   0: 3 0x800111c4 (0xff9ff06f)
core   0: 0x800111bc (0x00002f17) auipc   t5, 0x2
core   0: 3 0x800111bc (0x00002f17) x30 0x800131bc
core   0: 0x800111c0 (0xe43f2223) sw      gp, -444(t5)
core   0: 3 0x800111c0 (0xe43f2223) mem 0x80013000 0x00000001
core   0: 0x800111c4 (0xff9ff06f) j       pc - 0x8
core   0: 3 0x800111c4 (0xff9ff06f)
core   0: 0x800111bc (0x00002f17) auipc   t5, 0x2
core   0: 3 0x800111bc (0x00002f17) x30 0x800131bc
core   0: 0x800111c0 (0xe43f2223) sw      gp, -444(t5)
core   0: 3 0x800111c0 (0xe43f2223) mem 0x80013000 0x00000001
core   0: 0x800111c4 (0xff9ff06f) j       pc - 0x8
core   0: 3 0x800111c4 (0xff9ff06f)
core   0: 0x800111bc (0x00002f17) auipc   t5, 0x2
core   0: 3 0x800111bc (0x00002f17) x30 0x800131bc
core   0: 0x800111c0 (0xe43f2223) sw      gp, -444(t5)
core   0: 3 0x800111c0 (0xe43f2223) mem 0x80013000 0x00000001
core   0: 0x800111c4 (0xff9ff06f) j       pc - 0x8
core   0: 3 0x800111c4 (0xff9ff06f)
core   0: 0x800111bc (0x00002f17) auipc   t5, 0x2
core   0: 3 0x800111bc (0x00002f17) x30 0x800131bc
core   0: 0x800111c0 (0xe43f2223) sw      gp, -444(t5)
core   0: 3 0x800111c0 (0xe43f2223) mem 0x80013000 0x00000001
core   0: 0x800111c4 (0xff9ff06f) j       pc - 0x8
core   0: 3 0x800111c4 (0xff9ff06f)
core   0: 0x800111bc (0x00002f17) auipc   t5, 0x2
core   0: 3 0x800111bc (0x00002f17) x30 0x800131bc
core   0: 0x800111c0 (0xe43f2223) sw      gp, -444(t5)
core   0: 3 0x800111c0 (0xe43f2223) mem 0x80013000 0x00000001
core   0: 0x800111c4 (0xff9ff06f) j       pc - 0x8
core   0: 3 0x800111c4 (0xff9ff06f)
core   0: 0x800111bc (0x00002f17) auipc   t5, 0x2
core   0: 3 0x800111bc (0x00002f17) x30 0x800131bc
core   0: 0x800111c0 (0xe43f2223) sw      gp, -444(t5)
core   0: 3 0x800111c0 (0xe43f2223) mem 0x80013000 0x00000001
core   0: 0x800111c4 (0xff9ff06f) j       pc - 0x8
core   0: 3 0x800111c4 (0xff9ff06f)
core   0: 0x800111bc (0x00002f17) auipc   t5, 0x2
core   0: 3 0x800111bc (0x00002f17) x30 0x800131bc
core   0: 0x800111c0 (0xe43f2223) sw      gp, -444(t5)
core   0: 3 0x800111c0 (0xe43f2223) mem 0x80013000 0x00000001
core   0: 0x800111c4 (0xff9ff06f) j       pc - 0x8
core   0: 3 0x800111c4 (0xff9ff06f)
core   0: 0x800111bc (0x00002f17) auipc   t5, 0x2
core   0: 3 0x800111bc (0x00002f17) x30 0x800131bc
core   0: 0x800111c0 (0xe43f2223) sw      gp, -444(t5)
core   0: 3 0x800111c0 (0xe43f2223) mem 0x80013000 0x00000001
core   0: 0x800111c4 (0xff9ff06f) j       pc - 0x8
core   0: 3 0x800111c4 (0xff9ff06f)
core   0: 0x800111bc (0x00002f17) auipc   t5, 0x2
core   0: 3 0x800111bc (0x00002f17) x30 0x800131bc
core   0: 0x800111c0 (0xe43f2223) sw      gp, -444(t5)
core   0: 3 0x800111c0 (0xe43f2223) mem 0x80013000 0x00000001
core   0: 0x800111c4 (0xff9ff06f) j       pc - 0x8
core   0: 3 0x800111c4 (0xff9ff06f)
core   0: 0x800111bc (0x00002f17) auipc   t5, 0x2
core   0: 3 0x800111bc (0x00002f17) x30 0x800131bc
core   0: 0x800111c0 (0xe43f2223) sw      gp, -444(t5)
core   0: 3 0x800111c0 (0xe43f2223) mem 0x80013000 0x00000001
core   0: 0x800111c4 (0xff9ff06f) j       pc - 0x8
core   0: 3 0x800111c4 (0xff9ff06f)
core   0: 0x800111bc (0x00002f17) auipc   t5, 0x2
core   0: 3 0x800111bc (0x00002f17) x30 0x800131bc
core   0: 0x800111c0 (0xe43f2223) sw      gp, -444(t5)
core   0: 3 0x800111c0 (0xe43f2223) mem 0x80013000 0x00000001
core   0: 0x800111c4 (0xff9ff06f) j       pc - 0x8
core   0: 3 0x800111c4 (0xff9ff06f)
core   0: 0x800111bc (0x00002f17) auipc   t5, 0x2
core   0: 3 0x800111bc (0x00002f17) x30 0x800131bc
core   0: 0x800111c0 (0xe43f2223) sw      gp, -444(t5)
core   0: 3 0x800111c0 (0xe43f2223) mem 0x80013000 0x00000001
core   0: 0x800111c4 (0xff9ff06f) j       pc - 0x8
core   0: 3 0x800111c4 (0xff9ff06f)
core   0: 0x800111bc (0x00002f17) auipc   t5, 0x2
core   0: 3 0x800111bc (0x00002f17) x30 0x800131bc
core   0: 0x800111c0 (0xe43f2223) sw      gp, -444(t5)
core   0: 3 0x800111c0 (0xe43f2223) mem 0x80013000 0x00000001
core   0: 0x800111c4 (0xff9ff06f) j       pc - 0x8
core   0: 3 0x800111c4 (0xff9ff06f)
core   0: 0x800111bc (0x00002f17) auipc   t5, 0x2
core   0: 3 0x800111bc (0x00002f17) x30 0x800131bc
core   0: 0x800111c0 (0xe43f2223) sw      gp, -444(t5)
core   0: 3 0x800111c0 (0xe43f2223) mem 0x80013000 0x00000001
core   0: 0x800111c4 (0xff9ff06f) j       pc - 0x8
core   0: 3 0x800111c4 (0xff9ff06f)
core   0: 0x800111bc (0x00002f17) auipc   t5, 0x2
core   0: 3 0x800111bc (0x00002f17) x30 0x800131bc
core   0: 0x800111c0 (0xe43f2223) sw      gp, -444(t5)
core   0: 3 0x800111c0 (0xe43f2223) mem 0x80013000 0x00000001
core   0: 0x800111c4 (0xff9ff06f) j       pc - 0x8
core   0: 3 0x800111c4 (0xff9ff06f)
core   0: 0x800111bc (0x00002f17) auipc   t5, 0x2
core   0: 3 0x800111bc (0x00002f17) x30 0x800131bc
core   0: 0x800111c0 (0xe43f2223) sw      gp, -444(t5)
core   0: 3 0x800111c0 (0xe43f2223) mem 0x80013000 0x00000001
core   0: 0x800111c4 (0xff9ff06f) j       pc - 0x8
core   0: 3 0x800111c4 (0xff9ff06f)
core   0: 0x800111bc (0x00002f17) auipc   t5, 0x2
core   0: 3 0x800111bc (0x00002f17) x30 0x800131bc
core   0: 0x800111c0 (0xe43f2223) sw      gp, -444(t5)
core   0: 3 0x800111c0 (0xe43f2223) mem 0x80013000 0x00000001
core   0: 0x800111c4 (0xff9ff06f) j       pc - 0x8
core   0: 3 0x800111c4 (0xff9ff06f)
core   0: 0x800111bc (0x00002f17) auipc   t5, 0x2
core   0: 3 0x800111bc (0x00002f17) x30 0x800131bc
core   0: 0x800111c0 (0xe43f2223) sw      gp, -444(t5)
core   0: 3 0x800111c0 (0xe43f2223) mem 0x80013000 0x00000001
core   0: 0x800111c4 (0xff9ff06f) j       pc - 0x8
core   0: 3 0x800111c4 (0xff9ff06f)
core   0: 0x800111bc (0x00002f17) auipc   t5, 0x2
core   0: 3 0x800111bc (0x00002f17) x30 0x800131bc
core   0: 0x800111c0 (0xe43f2223) sw      gp, -444(t5)
core   0: 3 0x800111c0 (0xe43f2223) mem 0x80013000 0x00000001
core   0: 0x800111c4 (0xff9ff06f) j       pc - 0x8
core   0: 3 0x800111c4 (0xff9ff06f)
core   0: 0x800111bc (0x00002f17) auipc   t5, 0x2
core   0: 3 0x800111bc (0x00002f17) x30 0x800131bc
core   0: 0x800111c0 (0xe43f2223) sw      gp, -444(t5)
core   0: 3 0x800111c0 (0xe43f2223) mem 0x80013000 0x00000001
core   0: 0x800111c4 (0xff9ff06f) j       pc - 0x8
core   0: 3 0x800111c4 (0xff9ff06f)
core   0: 0x800111bc (0x00002f17) auipc   t5, 0x2
core   0: 3 0x800111bc (0x00002f17) x30 0x800131bc
core   0: 0x800111c0 (0xe43f2223) sw      gp, -444(t5)
core   0: 3 0x800111c0 (0xe43f2223) mem 0x80013000 0x00000001
core   0: 0x800111c4 (0xff9ff06f) j       pc - 0x8
core   0: 3 0x800111c4 (0xff9ff06f)
core   0: 0x800111bc (0x00002f17) auipc   t5, 0x2
core   0: 3 0x800111bc (0x00002f17) x30 0x800131bc
core   0: 0x800111c0 (0xe43f2223) sw      gp, -444(t5)
core   0: 3 0x800111c0 (0xe43f2223) mem 0x80013000 0x00000001
core   0: 0x800111c4 (0xff9ff06f) j       pc - 0x8
core   0: 3 0x800111c4 (0xff9ff06f)
core   0: 0x800111bc (0x00002f17) auipc   t5, 0x2
core   0: 3 0x800111bc (0x00002f17) x30 0x800131bc
core   0: 0x800111c0 (0xe43f2223) sw      gp, -444(t5)
core   0: 3 0x800111c0 (0xe43f2223) mem 0x80013000 0x00000001
core   0: 0x800111c4 (0xff9ff06f) j       pc - 0x8
core   0: 3 0x800111c4 (0xff9ff06f)
core   0: 0x800111bc (0x00002f17) auipc   t5, 0x2
core   0: 3 0x800111bc (0x00002f17) x30 0x800131bc
core   0: 0x800111c0 (0xe43f2223) sw      gp, -444(t5)
core   0: 3 0x800111c0 (0xe43f2223) mem 0x80013000 0x00000001
core   0: 0x800111c4 (0xff9ff06f) j       pc - 0x8
core   0: 3 0x800111c4 (0xff9ff06f)
core   0: 0x800111bc (0x00002f17) auipc   t5, 0x2
core   0: 3 0x800111bc (0x00002f17) x30 0x800131bc
core   0: 0x800111c0 (0xe43f2223) sw      gp, -444(t5)
core   0: 3 0x800111c0 (0xe43f2223) mem 0x80013000 0x00000001
core   0: 0x800111c4 (0xff9ff06f) j       pc - 0x8
core   0: 3 0x800111c4 (0xff9ff06f)
core   0: 0x800111bc (0x00002f17) auipc   t5, 0x2
core   0: 3 0x800111bc (0x00002f17) x30 0x800131bc
core   0: 0x800111c0 (0xe43f2223) sw      gp, -444(t5)
core   0: 3 0x800111c0 (0xe43f2223) mem 0x80013000 0x00000001
core   0: 0x800111c4 (0xff9ff06f) j       pc - 0x8
core   0: 3 0x800111c4 (0xff9ff06f)
core   0: 0x800111bc (0x00002f17) auipc   t5, 0x2
core   0: 3 0x800111bc (0x00002f17) x30 0x800131bc
core   0: 0x800111c0 (0xe43f2223) sw      gp, -444(t5)
core   0: 3 0x800111c0 (0xe43f2223) mem 0x80013000 0x00000001
core   0: 0x800111c4 (0xff9ff06f) j       pc - 0x8
core   0: 3 0x800111c4 (0xff9ff06f)
core   0: 0x800111bc (0x00002f17) auipc   t5, 0x2
core   0: 3 0x800111bc (0x00002f17) x30 0x800131bc
core   0: 0x800111c0 (0xe43f2223) sw      gp, -444(t5)
core   0: 3 0x800111c0 (0xe43f2223) mem 0x80013000 0x00000001
core   0: 0x800111c4 (0xff9ff06f) j       pc - 0x8
core   0: 3 0x800111c4 (0xff9ff06f)
core   0: 0x800111bc (0x00002f17) auipc   t5, 0x2
core   0: 3 0x800111bc (0x00002f17) x30 0x800131bc
core   0: 0x800111c0 (0xe43f2223) sw      gp, -444(t5)
core   0: 3 0x800111c0 (0xe43f2223) mem 0x80013000 0x00000001
core   0: 0x800111c4 (0xff9ff06f) j       pc - 0x8
core   0: 3 0x800111c4 (0xff9ff06f)
core   0: 0x800111bc (0x00002f17) auipc   t5, 0x2
core   0: 3 0x800111bc (0x00002f17) x30 0x800131bc
core   0: 0x800111c0 (0xe43f2223) sw      gp, -444(t5)
core   0: 3 0x800111c0 (0xe43f2223) mem 0x80013000 0x00000001
core   0: 0x800111c4 (0xff9ff06f) j       pc - 0x8
core   0: 3 0x800111c4 (0xff9ff06f)
core   0: 0x800111bc (0x00002f17) auipc   t5, 0x2
core   0: 3 0x800111bc (0x00002f17) x30 0x800131bc
core   0: 0x800111c0 (0xe43f2223) sw      gp, -444(t5)
core   0: 3 0x800111c0 (0xe43f2223) mem 0x80013000 0x00000001
core   0: 0x800111c4 (0xff9ff06f) j       pc - 0x8
core   0: 3 0x800111c4 (0xff9ff06f)
core   0: 0x800111bc (0x00002f17) auipc   t5, 0x2
core   0: 3 0x800111bc (0x00002f17) x30 0x800131bc
core   0: 0x800111c0 (0xe43f2223) sw      gp, -444(t5)
core   0: 3 0x800111c0 (0xe43f2223) mem 0x80013000 0x00000001
core   0: 0x800111c4 (0xff9ff06f) j       pc - 0x8
core   0: 3 0x800111c4 (0xff9ff06f)
core   0: 0x800111bc (0x00002f17) auipc   t5, 0x2
core   0: 3 0x800111bc (0x00002f17) x30 0x800131bc
core   0: 0x800111c0 (0xe43f2223) sw      gp, -444(t5)
core   0: 3 0x800111c0 (0xe43f2223) mem 0x80013000 0x00000001
core   0: 0x800111c4 (0xff9ff06f) j       pc - 0x8
core   0: 3 0x800111c4 (0xff9ff06f)
core   0: 0x800111bc (0x00002f17) auipc   t5, 0x2
core   0: 3 0x800111bc (0x00002f17) x30 0x800131bc
core   0: 0x800111c0 (0xe43f2223) sw      gp, -444(t5)
core   0: 3 0x800111c0 (0xe43f2223) mem 0x80013000 0x00000001
core   0: 0x800111c4 (0xff9ff06f) j       pc - 0x8
core   0: 3 0x800111c4 (0xff9ff06f)
core   0: 0x800111bc (0x00002f17) auipc   t5, 0x2
core   0: 3 0x800111bc (0x00002f17) x30 0x800131bc
core   0: 0x800111c0 (0xe43f2223) sw      gp, -444(t5)
core   0: 3 0x800111c0 (0xe43f2223) mem 0x80013000 0x00000001
core   0: 0x800111c4 (0xff9ff06f) j       pc - 0x8
core   0: 3 0x800111c4 (0xff9ff06f)
core   0: 0x800111bc (0x00002f17) auipc   t5, 0x2
core   0: 3 0x800111bc (0x00002f17) x30 0x800131bc
core   0: 0x800111c0 (0xe43f2223) sw      gp, -444(t5)
core   0: 3 0x800111c0 (0xe43f2223) mem 0x80013000 0x00000001
core   0: 0x800111c4 (0xff9ff06f) j       pc - 0x8
core   0: 3 0x800111c4 (0xff9ff06f)
core   0: 0x800111bc (0x00002f17) auipc   t5, 0x2
core   0: 3 0x800111bc (0x00002f17) x30 0x800131bc
core   0: 0x800111c0 (0xe43f2223) sw      gp, -444(t5)
core   0: 3 0x800111c0 (0xe43f2223) mem 0x80013000 0x00000001
core   0: 0x800111c4 (0xff9ff06f) j       pc - 0x8
core   0: 3 0x800111c4 (0xff9ff06f)
core   0: 0x800111bc (0x00002f17) auipc   t5, 0x2
core   0: 3 0x800111bc (0x00002f17) x30 0x800131bc
core   0: 0x800111c0 (0xe43f2223) sw      gp, -444(t5)
core   0: 3 0x800111c0 (0xe43f2223) mem 0x80013000 0x00000001
core   0: 0x800111c4 (0xff9ff06f) j       pc - 0x8
core   0: 3 0x800111c4 (0xff9ff06f)
core   0: 0x800111bc (0x00002f17) auipc   t5, 0x2
core   0: 3 0x800111bc (0x00002f17) x30 0x800131bc
core   0: 0x800111c0 (0xe43f2223) sw      gp, -444(t5)
core   0: 3 0x800111c0 (0xe43f2223) mem 0x80013000 0x00000001
core   0: 0x800111c4 (0xff9ff06f) j       pc - 0x8
core   0: 3 0x800111c4 (0xff9ff06f)
core   0: 0x800111bc (0x00002f17) auipc   t5, 0x2
core   0: 3 0x800111bc (0x00002f17) x30 0x800131bc
core   0: 0x800111c0 (0xe43f2223) sw      gp, -444(t5)
core   0: 3 0x800111c0 (0xe43f2223) mem 0x80013000 0x00000001
core   0: 0x800111c4 (0xff9ff06f) j       pc - 0x8
core   0: 3 0x800111c4 (0xff9ff06f)
core   0: 0x800111bc (0x00002f17) auipc   t5, 0x2
core   0: 3 0x800111bc (0x00002f17) x30 0x800131bc
core   0: 0x800111c0 (0xe43f2223) sw      gp, -444(t5)
core   0: 3 0x800111c0 (0xe43f2223) mem 0x80013000 0x00000001
core   0: 0x800111c4 (0xff9ff06f) j       pc - 0x8
core   0: 3 0x800111c4 (0xff9ff06f)
core   0: 0x800111bc (0x00002f17) auipc   t5, 0x2
core   0: 3 0x800111bc (0x00002f17) x30 0x800131bc
core   0: 0x800111c0 (0xe43f2223) sw      gp, -444(t5)
core   0: 3 0x800111c0 (0xe43f2223) mem 0x80013000 0x00000001
core   0: 0x800111c4 (0xff9ff06f) j       pc - 0x8
core   0: 3 0x800111c4 (0xff9ff06f)
core   0: 0x800111bc (0x00002f17) auipc   t5, 0x2
core   0: 3 0x800111bc (0x00002f17) x30 0x800131bc
core   0: 0x800111c0 (0xe43f2223) sw      gp, -444(t5)
core   0: 3 0x800111c0 (0xe43f2223) mem 0x80013000 0x00000001
core   0: 0x800111c4 (0xff9ff06f) j       pc - 0x8
core   0: 3 0x800111c4 (0xff9ff06f)
core   0: 0x800111bc (0x00002f17) auipc   t5, 0x2
core   0: 3 0x800111bc (0x00002f17) x30 0x800131bc
core   0: 0x800111c0 (0xe43f2223) sw      gp, -444(t5)
core   0: 3 0x800111c0 (0xe43f2223) mem 0x80013000 0x00000001
core   0: 0x800111c4 (0xff9ff06f) j       pc - 0x8
core   0: 3 0x800111c4 (0xff9ff06f)
core   0: 0x800111bc (0x00002f17) auipc   t5, 0x2
core   0: 3 0x800111bc (0x00002f17) x30 0x800131bc
core   0: 0x800111c0 (0xe43f2223) sw      gp, -444(t5)
core   0: 3 0x800111c0 (0xe43f2223) mem 0x80013000 0x00000001
core   0: 0x800111c4 (0xff9ff06f) j       pc - 0x8
core   0: 3 0x800111c4 (0xff9ff06f)
core   0: 0x800111bc (0x00002f17) auipc   t5, 0x2
core   0: 3 0x800111bc (0x00002f17) x30 0x800131bc
core   0: 0x800111c0 (0xe43f2223) sw      gp, -444(t5)
core   0: 3 0x800111c0 (0xe43f2223) mem 0x80013000 0x00000001
core   0: 0x800111c4 (0xff9ff06f) j       pc - 0x8
core   0: 3 0x800111c4 (0xff9ff06f)
core   0: 0x800111bc (0x00002f17) auipc   t5, 0x2
core   0: 3 0x800111bc (0x00002f17) x30 0x800131bc
core   0: 0x800111c0 (0xe43f2223) sw      gp, -444(t5)
core   0: 3 0x800111c0 (0xe43f2223) mem 0x80013000 0x00000001
core   0: 0x800111c4 (0xff9ff06f) j       pc - 0x8
core   0: 3 0x800111c4 (0xff9ff06f)
core   0: 0x800111bc (0x00002f17) auipc   t5, 0x2
core   0: 3 0x800111bc (0x00002f17) x30 0x800131bc
core   0: 0x800111c0 (0xe43f2223) sw      gp, -444(t5)
core   0: 3 0x800111c0 (0xe43f2223) mem 0x80013000 0x00000001
core   0: 0x800111c4 (0xff9ff06f) j       pc - 0x8
core   0: 3 0x800111c4 (0xff9ff06f)
core   0: 0x800111bc (0x00002f17) auipc   t5, 0x2
core   0: 3 0x800111bc (0x00002f17) x30 0x800131bc
core   0: 0x800111c0 (0xe43f2223) sw      gp, -444(t5)
core   0: 3 0x800111c0 (0xe43f2223) mem 0x80013000 0x00000001
core   0: 0x800111c4 (0xff9ff06f) j       pc - 0x8
core   0: 3 0x800111c4 (0xff9ff06f)
core   0: 0x800111bc (0x00002f17) auipc   t5, 0x2
core   0: 3 0x800111bc (0x00002f17) x30 0x800131bc
core   0: 0x800111c0 (0xe43f2223) sw      gp, -444(t5)
core   0: 3 0x800111c0 (0xe43f2223) mem 0x80013000 0x00000001
core   0: 0x800111c4 (0xff9ff06f) j       pc - 0x8
core   0: 3 0x800111c4 (0xff9ff06f)
core   0: 0x800111bc (0x00002f17) auipc   t5, 0x2
core   0: 3 0x800111bc (0x00002f17) x30 0x800131bc
core   0: 0x800111c0 (0xe43f2223) sw      gp, -444(t5)
core   0: 3 0x800111c0 (0xe43f2223) mem 0x80013000 0x00000001
core   0: 0x800111c4 (0xff9ff06f) j       pc - 0x8
core   0: 3 0x800111c4 (0xff9ff06f)
core   0: 0x800111bc (0x00002f17) auipc   t5, 0x2
core   0: 3 0x800111bc (0x00002f17) x30 0x800131bc
core   0: 0x800111c0 (0xe43f2223) sw      gp, -444(t5)
core   0: 3 0x800111c0 (0xe43f2223) mem 0x80013000 0x00000001
core   0: 0x800111c4 (0xff9ff06f) j       pc - 0x8
core   0: 3 0x800111c4 (0xff9ff06f)
core   0: 0x800111bc (0x00002f17) auipc   t5, 0x2
core   0: 3 0x800111bc (0x00002f17) x30 0x800131bc
core   0: 0x800111c0 (0xe43f2223) sw      gp, -444(t5)
core   0: 3 0x800111c0 (0xe43f2223) mem 0x80013000 0x00000001
core   0: 0x800111c4 (0xff9ff06f) j       pc - 0x8
core   0: 3 0x800111c4 (0xff9ff06f)
core   0: 0x800111bc (0x00002f17) auipc   t5, 0x2
core   0: 3 0x800111bc (0x00002f17) x30 0x800131bc
core   0: 0x800111c0 (0xe43f2223) sw      gp, -444(t5)
core   0: 3 0x800111c0 (0xe43f2223) mem 0x80013000 0x00000001
core   0: 0x800111c4 (0xff9ff06f) j       pc - 0x8
core   0: 3 0x800111c4 (0xff9ff06f)
core   0: 0x800111bc (0x00002f17) auipc   t5, 0x2
core   0: 3 0x800111bc (0x00002f17) x30 0x800131bc
core   0: 0x800111c0 (0xe43f2223) sw      gp, -444(t5)
core   0: 3 0x800111c0 (0xe43f2223) mem 0x80013000 0x00000001
core   0: 0x800111c4 (0xff9ff06f) j       pc - 0x8
core   0: 3 0x800111c4 (0xff9ff06f)
core   0: 0x800111bc (0x00002f17) auipc   t5, 0x2
core   0: 3 0x800111bc (0x00002f17) x30 0x800131bc
core   0: 0x800111c0 (0xe43f2223) sw      gp, -444(t5)
core   0: 3 0x800111c0 (0xe43f2223) mem 0x80013000 0x00000001
core   0: 0x800111c4 (0xff9ff06f) j       pc - 0x8
core   0: 3 0x800111c4 (0xff9ff06f)
core   0: 0x800111bc (0x00002f17) auipc   t5, 0x2
core   0: 3 0x800111bc (0x00002f17) x30 0x800131bc
core   0: 0x800111c0 (0xe43f2223) sw      gp, -444(t5)
core   0: 3 0x800111c0 (0xe43f2223) mem 0x80013000 0x00000001
core   0: 0x800111c4 (0xff9ff06f) j       pc - 0x8
core   0: 3 0x800111c4 (0xff9ff06f)
core   0: 0x800111bc (0x00002f17) auipc   t5, 0x2
core   0: 3 0x800111bc (0x00002f17) x30 0x800131bc
core   0: 0x800111c0 (0xe43f2223) sw      gp, -444(t5)
core   0: 3 0x800111c0 (0xe43f2223) mem 0x80013000 0x00000001
core   0: 0x800111c4 (0xff9ff06f) j       pc - 0x8
core   0: 3 0x800111c4 (0xff9ff06f)
core   0: 0x800111bc (0x00002f17) auipc   t5, 0x2
core   0: 3 0x800111bc (0x00002f17) x30 0x800131bc
core   0: 0x800111c0 (0xe43f2223) sw      gp, -444(t5)
core   0: 3 0x800111c0 (0xe43f2223) mem 0x80013000 0x00000001
core   0: 0x800111c4 (0xff9ff06f) j       pc - 0x8
core   0: 3 0x800111c4 (0xff9ff06f)
core   0: 0x800111bc (0x00002f17) auipc   t5, 0x2
core   0: 3 0x800111bc (0x00002f17) x30 0x800131bc
core   0: 0x800111c0 (0xe43f2223) sw      gp, -444(t5)
core   0: 3 0x800111c0 (0xe43f2223) mem 0x80013000 0x00000001
core   0: 0x800111c4 (0xff9ff06f) j       pc - 0x8
core   0: 3 0x800111c4 (0xff9ff06f)
core   0: 0x800111bc (0x00002f17) auipc   t5, 0x2
core   0: 3 0x800111bc (0x00002f17) x30 0x800131bc
core   0: 0x800111c0 (0xe43f2223) sw      gp, -444(t5)
core   0: 3 0x800111c0 (0xe43f2223) mem 0x80013000 0x00000001
core   0: 0x800111c4 (0xff9ff06f) j       pc - 0x8
core   0: 3 0x800111c4 (0xff9ff06f)
core   0: 0x800111bc (0x00002f17) auipc   t5, 0x2
core   0: 3 0x800111bc (0x00002f17) x30 0x800131bc
core   0: 0x800111c0 (0xe43f2223) sw      gp, -444(t5)
core   0: 3 0x800111c0 (0xe43f2223) mem 0x80013000 0x00000001
core   0: 0x800111c4 (0xff9ff06f) j       pc - 0x8
core   0: 3 0x800111c4 (0xff9ff06f)
core   0: 0x800111bc (0x00002f17) auipc   t5, 0x2
core   0: 3 0x800111bc (0x00002f17) x30 0x800131bc
core   0: 0x800111c0 (0xe43f2223) sw      gp, -444(t5)
core   0: 3 0x800111c0 (0xe43f2223) mem 0x80013000 0x00000001
core   0: 0x800111c4 (0xff9ff06f) j       pc - 0x8
core   0: 3 0x800111c4 (0xff9ff06f)
core   0: 0x800111bc (0x00002f17) auipc   t5, 0x2
core   0: 3 0x800111bc (0x00002f17) x30 0x800131bc
core   0: 0x800111c0 (0xe43f2223) sw      gp, -444(t5)
core   0: 3 0x800111c0 (0xe43f2223) mem 0x80013000 0x00000001
core   0: 0x800111c4 (0xff9ff06f) j       pc - 0x8
core   0: 3 0x800111c4 (0xff9ff06f)
core   0: 0x800111bc (0x00002f17) auipc   t5, 0x2
core   0: 3 0x800111bc (0x00002f17) x30 0x800131bc
core   0: 0x800111c0 (0xe43f2223) sw      gp, -444(t5)
core   0: 3 0x800111c0 (0xe43f2223) mem 0x80013000 0x00000001
core   0: 0x800111c4 (0xff9ff06f) j       pc - 0x8
core   0: 3 0x800111c4 (0xff9ff06f)
core   0: 0x800111bc (0x00002f17) auipc   t5, 0x2
core   0: 3 0x800111bc (0x00002f17) x30 0x800131bc
core   0: 0x800111c0 (0xe43f2223) sw      gp, -444(t5)
core   0: 3 0x800111c0 (0xe43f2223) mem 0x80013000 0x00000001
core   0: 0x800111c4 (0xff9ff06f) j       pc - 0x8
core   0: 3 0x800111c4 (0xff9ff06f)
core   0: 0x800111bc (0x00002f17) auipc   t5, 0x2
core   0: 3 0x800111bc (0x00002f17) x30 0x800131bc
core   0: 0x800111c0 (0xe43f2223) sw      gp, -444(t5)
core   0: 3 0x800111c0 (0xe43f2223) mem 0x80013000 0x00000001
core   0: 0x800111c4 (0xff9ff06f) j       pc - 0x8
core   0: 3 0x800111c4 (0xff9ff06f)
core   0: 0x800111bc (0x00002f17) auipc   t5, 0x2
core   0: 3 0x800111bc (0x00002f17) x30 0x800131bc
core   0: 0x800111c0 (0xe43f2223) sw      gp, -444(t5)
core   0: 3 0x800111c0 (0xe43f2223) mem 0x80013000 0x00000001
core   0: 0x800111c4 (0xff9ff06f) j       pc - 0x8
core   0: 3 0x800111c4 (0xff9ff06f)
core   0: 0x800111bc (0x00002f17) auipc   t5, 0x2
core   0: 3 0x800111bc (0x00002f17) x30 0x800131bc
core   0: 0x800111c0 (0xe43f2223) sw      gp, -444(t5)
core   0: 3 0x800111c0 (0xe43f2223) mem 0x80013000 0x00000001
core   0: 0x800111c4 (0xff9ff06f) j       pc - 0x8
core   0: 3 0x800111c4 (0xff9ff06f)
core   0: 0x800111bc (0x00002f17) auipc   t5, 0x2
core   0: 3 0x800111bc (0x00002f17) x30 0x800131bc
core   0: 0x800111c0 (0xe43f2223) sw      gp, -444(t5)
core   0: 3 0x800111c0 (0xe43f2223) mem 0x80013000 0x00000001
core   0: 0x800111c4 (0xff9ff06f) j       pc - 0x8
core   0: 3 0x800111c4 (0xff9ff06f)
core   0: 0x800111bc (0x00002f17) auipc   t5, 0x2
core   0: 3 0x800111bc (0x00002f17) x30 0x800131bc
core   0: 0x800111c0 (0xe43f2223) sw      gp, -444(t5)
core   0: 3 0x800111c0 (0xe43f2223) mem 0x80013000 0x00000001
core   0: 0x800111c4 (0xff9ff06f) j       pc - 0x8
core   0: 3 0x800111c4 (0xff9ff06f)
core   0: 0x800111bc (0x00002f17) auipc   t5, 0x2
core   0: 3 0x800111bc (0x00002f17) x30 0x800131bc
core   0: 0x800111c0 (0xe43f2223) sw      gp, -444(t5)
core   0: 3 0x800111c0 (0xe43f2223) mem 0x80013000 0x00000001
core   0: 0x800111c4 (0xff9ff06f) j       pc - 0x8
core   0: 3 0x800111c4 (0xff9ff06f)
core   0: 0x800111bc (0x00002f17) auipc   t5, 0x2
core   0: 3 0x800111bc (0x00002f17) x30 0x800131bc
core   0: 0x800111c0 (0xe43f2223) sw      gp, -444(t5)
core   0: 3 0x800111c0 (0xe43f2223) mem 0x80013000 0x00000001
core   0: 0x800111c4 (0xff9ff06f) j       pc - 0x8
core   0: 3 0x800111c4 (0xff9ff06f)
core   0: 0x800111bc (0x00002f17) auipc   t5, 0x2
core   0: 3 0x800111bc (0x00002f17) x30 0x800131bc
core   0: 0x800111c0 (0xe43f2223) sw      gp, -444(t5)
core   0: 3 0x800111c0 (0xe43f2223) mem 0x80013000 0x00000001
core   0: 0x800111c4 (0xff9ff06f) j       pc - 0x8
core   0: 3 0x800111c4 (0xff9ff06f)
core   0: 0x800111bc (0x00002f17) auipc   t5, 0x2
core   0: 3 0x800111bc (0x00002f17) x30 0x800131bc
core   0: 0x800111c0 (0xe43f2223) sw      gp, -444(t5)
core   0: 3 0x800111c0 (0xe43f2223) mem 0x80013000 0x00000001
core   0: 0x800111c4 (0xff9ff06f) j       pc - 0x8
core   0: 3 0x800111c4 (0xff9ff06f)
core   0: 0x800111bc (0x00002f17) auipc   t5, 0x2
core   0: 3 0x800111bc (0x00002f17) x30 0x800131bc
core   0: 0x800111c0 (0xe43f2223) sw      gp, -444(t5)
core   0: 3 0x800111c0 (0xe43f2223) mem 0x80013000 0x00000001
core   0: 0x800111c4 (0xff9ff06f) j       pc - 0x8
core   0: 3 0x800111c4 (0xff9ff06f)
core   0: 0x800111bc (0x00002f17) auipc   t5, 0x2
core   0: 3 0x800111bc (0x00002f17) x30 0x800131bc
core   0: 0x800111c0 (0xe43f2223) sw      gp, -444(t5)
core   0: 3 0x800111c0 (0xe43f2223) mem 0x80013000 0x00000001
core   0: 0x800111c4 (0xff9ff06f) j       pc - 0x8
core   0: 3 0x800111c4 (0xff9ff06f)
core   0: 0x800111bc (0x00002f17) auipc   t5, 0x2
core   0: 3 0x800111bc (0x00002f17) x30 0x800131bc
core   0: 0x800111c0 (0xe43f2223) sw      gp, -444(t5)
core   0: 3 0x800111c0 (0xe43f2223) mem 0x80013000 0x00000001
core   0: 0x800111c4 (0xff9ff06f) j       pc - 0x8
core   0: 3 0x800111c4 (0xff9ff06f)
core   0: 0x800111bc (0x00002f17) auipc   t5, 0x2
core   0: 3 0x800111bc (0x00002f17) x30 0x800131bc
core   0: 0x800111c0 (0xe43f2223) sw      gp, -444(t5)
core   0: 3 0x800111c0 (0xe43f2223) mem 0x80013000 0x00000001
core   0: 0x800111c4 (0xff9ff06f) j       pc - 0x8
core   0: 3 0x800111c4 (0xff9ff06f)
core   0: 0x800111bc (0x00002f17) auipc   t5, 0x2
core   0: 3 0x800111bc (0x00002f17) x30 0x800131bc
core   0: 0x800111c0 (0xe43f2223) sw      gp, -444(t5)
core   0: 3 0x800111c0 (0xe43f2223) mem 0x80013000 0x00000001
core   0: 0x800111c4 (0xff9ff06f) j       pc - 0x8
core   0: 3 0x800111c4 (0xff9ff06f)
core   0: 0x800111bc (0x00002f17) auipc   t5, 0x2
core   0: 3 0x800111bc (0x00002f17) x30 0x800131bc
core   0: 0x800111c0 (0xe43f2223) sw      gp, -444(t5)
core   0: 3 0x800111c0 (0xe43f2223) mem 0x80013000 0x00000001
core   0: 0x800111c4 (0xff9ff06f) j       pc - 0x8
core   0: 3 0x800111c4 (0xff9ff06f)
core   0: 0x800111bc (0x00002f17) auipc   t5, 0x2
core   0: 3 0x800111bc (0x00002f17) x30 0x800131bc
core   0: 0x800111c0 (0xe43f2223) sw      gp, -444(t5)
core   0: 3 0x800111c0 (0xe43f2223) mem 0x80013000 0x00000001
core   0: 0x800111c4 (0xff9ff06f) j       pc - 0x8
core   0: 3 0x800111c4 (0xff9ff06f)
core   0: 0x800111bc (0x00002f17) auipc   t5, 0x2
core   0: 3 0x800111bc (0x00002f17) x30 0x800131bc
core   0: 0x800111c0 (0xe43f2223) sw      gp, -444(t5)
core   0: 3 0x800111c0 (0xe43f2223) mem 0x80013000 0x00000001
core   0: 0x800111c4 (0xff9ff06f) j       pc - 0x8
core   0: 3 0x800111c4 (0xff9ff06f)
core   0: 0x800111bc (0x00002f17) auipc   t5, 0x2
core   0: 3 0x800111bc (0x00002f17) x30 0x800131bc
core   0: 0x800111c0 (0xe43f2223) sw      gp, -444(t5)
core   0: 3 0x800111c0 (0xe43f2223) mem 0x80013000 0x00000001
core   0: 0x800111c4 (0xff9ff06f) j       pc - 0x8
core   0: 3 0x800111c4 (0xff9ff06f)
core   0: 0x800111bc (0x00002f17) auipc   t5, 0x2
core   0: 3 0x800111bc (0x00002f17) x30 0x800131bc
core   0: 0x800111c0 (0xe43f2223) sw      gp, -444(t5)
core   0: 3 0x800111c0 (0xe43f2223) mem 0x80013000 0x00000001
core   0: 0x800111c4 (0xff9ff06f) j       pc - 0x8
core   0: 3 0x800111c4 (0xff9ff06f)
core   0: 0x800111bc (0x00002f17) auipc   t5, 0x2
core   0: 3 0x800111bc (0x00002f17) x30 0x800131bc
core   0: 0x800111c0 (0xe43f2223) sw      gp, -444(t5)
core   0: 3 0x800111c0 (0xe43f2223) mem 0x80013000 0x00000001
core   0: 0x800111c4 (0xff9ff06f) j       pc - 0x8
core   0: 3 0x800111c4 (0xff9ff06f)
core   0: 0x800111bc (0x00002f17) auipc   t5, 0x2
core   0: 3 0x800111bc (0x00002f17) x30 0x800131bc
core   0: 0x800111c0 (0xe43f2223) sw      gp, -444(t5)
core   0: 3 0x800111c0 (0xe43f2223) mem 0x80013000 0x00000001
core   0: 0x800111c4 (0xff9ff06f) j       pc - 0x8
core   0: 3 0x800111c4 (0xff9ff06f)
core   0: 0x800111bc (0x00002f17) auipc   t5, 0x2
core   0: 3 0x800111bc (0x00002f17) x30 0x800131bc
core   0: 0x800111c0 (0xe43f2223) sw      gp, -444(t5)
core   0: 3 0x800111c0 (0xe43f2223) mem 0x80013000 0x00000001
core   0: 0x800111c4 (0xff9ff06f) j       pc - 0x8
core   0: 3 0x800111c4 (0xff9ff06f)
core   0: 0x800111bc (0x00002f17) auipc   t5, 0x2
core   0: 3 0x800111bc (0x00002f17) x30 0x800131bc
core   0: 0x800111c0 (0xe43f2223) sw      gp, -444(t5)
core   0: 3 0x800111c0 (0xe43f2223) mem 0x80013000 0x00000001
core   0: 0x800111c4 (0xff9ff06f) j       pc - 0x8
core   0: 3 0x800111c4 (0xff9ff06f)
core   0: 0x800111bc (0x00002f17) auipc   t5, 0x2
core   0: 3 0x800111bc (0x00002f17) x30 0x800131bc
core   0: 0x800111c0 (0xe43f2223) sw      gp, -444(t5)
core   0: 3 0x800111c0 (0xe43f2223) mem 0x80013000 0x00000001
core   0: 0x800111c4 (0xff9ff06f) j       pc - 0x8
core   0: 3 0x800111c4 (0xff9ff06f)
core   0: 0x800111bc (0x00002f17) auipc   t5, 0x2
core   0: 3 0x800111bc (0x00002f17) x30 0x800131bc
core   0: 0x800111c0 (0xe43f2223) sw      gp, -444(t5)
core   0: 3 0x800111c0 (0xe43f2223) mem 0x80013000 0x00000001
core   0: 0x800111c4 (0xff9ff06f) j       pc - 0x8
core   0: 3 0x800111c4 (0xff9ff06f)
core   0: 0x800111bc (0x00002f17) auipc   t5, 0x2
core   0: 3 0x800111bc (0x00002f17) x30 0x800131bc
core   0: 0x800111c0 (0xe43f2223) sw      gp, -444(t5)
core   0: 3 0x800111c0 (0xe43f2223) mem 0x80013000 0x00000001
core   0: 0x800111c4 (0xff9ff06f) j       pc - 0x8
core   0: 3 0x800111c4 (0xff9ff06f)
core   0: 0x800111bc (0x00002f17) auipc   t5, 0x2
core   0: 3 0x800111bc (0x00002f17) x30 0x800131bc
core   0: 0x800111c0 (0xe43f2223) sw      gp, -444(t5)
core   0: 3 0x800111c0 (0xe43f2223) mem 0x80013000 0x00000001
core   0: 0x800111c4 (0xff9ff06f) j       pc - 0x8
core   0: 3 0x800111c4 (0xff9ff06f)
core   0: 0x800111bc (0x00002f17) auipc   t5, 0x2
core   0: 3 0x800111bc (0x00002f17) x30 0x800131bc
core   0: 0x800111c0 (0xe43f2223) sw      gp, -444(t5)
core   0: 3 0x800111c0 (0xe43f2223) mem 0x80013000 0x00000001
core   0: 0x800111c4 (0xff9ff06f) j       pc - 0x8
core   0: 3 0x800111c4 (0xff9ff06f)
core   0: 0x800111bc (0x00002f17) auipc   t5, 0x2
core   0: 3 0x800111bc (0x00002f17) x30 0x800131bc
core   0: 0x800111c0 (0xe43f2223) sw      gp, -444(t5)
core   0: 3 0x800111c0 (0xe43f2223) mem 0x80013000 0x00000001
core   0: 0x800111c4 (0xff9ff06f) j       pc - 0x8
core   0: 3 0x800111c4 (0xff9ff06f)
core   0: 0x800111bc (0x00002f17) auipc   t5, 0x2
core   0: 3 0x800111bc (0x00002f17) x30 0x800131bc
core   0: 0x800111c0 (0xe43f2223) sw      gp, -444(t5)
core   0: 3 0x800111c0 (0xe43f2223) mem 0x80013000 0x00000001
core   0: 0x800111c4 (0xff9ff06f) j       pc - 0x8
core   0: 3 0x800111c4 (0xff9ff06f)
core   0: 0x800111bc (0x00002f17) auipc   t5, 0x2
core   0: 3 0x800111bc (0x00002f17) x30 0x800131bc
core   0: 0x800111c0 (0xe43f2223) sw      gp, -444(t5)
core   0: 3 0x800111c0 (0xe43f2223) mem 0x80013000 0x00000001
core   0: 0x800111c4 (0xff9ff06f) j       pc - 0x8
core   0: 3 0x800111c4 (0xff9ff06f)
core   0: 0x800111bc (0x00002f17) auipc   t5, 0x2
core   0: 3 0x800111bc (0x00002f17) x30 0x800131bc
core   0: 0x800111c0 (0xe43f2223) sw      gp, -444(t5)
core   0: 3 0x800111c0 (0xe43f2223) mem 0x80013000 0x00000001
core   0: 0x800111c4 (0xff9ff06f) j       pc - 0x8
core   0: 3 0x800111c4 (0xff9ff06f)
core   0: 0x800111bc (0x00002f17) auipc   t5, 0x2
core   0: 3 0x800111bc (0x00002f17) x30 0x800131bc
core   0: 0x800111c0 (0xe43f2223) sw      gp, -444(t5)
core   0: 3 0x800111c0 (0xe43f2223) mem 0x80013000 0x00000001
core   0: 0x800111c4 (0xff9ff06f) j       pc - 0x8
core   0: 3 0x800111c4 (0xff9ff06f)
core   0: 0x800111bc (0x00002f17) auipc   t5, 0x2
core   0: 3 0x800111bc (0x00002f17) x30 0x800131bc
core   0: 0x800111c0 (0xe43f2223) sw      gp, -444(t5)
core   0: 3 0x800111c0 (0xe43f2223) mem 0x80013000 0x00000001
core   0: 0x800111c4 (0xff9ff06f) j       pc - 0x8
core   0: 3 0x800111c4 (0xff9ff06f)
core   0: 0x800111bc (0x00002f17) auipc   t5, 0x2
core   0: 3 0x800111bc (0x00002f17) x30 0x800131bc
core   0: 0x800111c0 (0xe43f2223) sw      gp, -444(t5)
core   0: 3 0x800111c0 (0xe43f2223) mem 0x80013000 0x00000001
core   0: 0x800111c4 (0xff9ff06f) j       pc - 0x8
core   0: 3 0x800111c4 (0xff9ff06f)
core   0: 0x800111bc (0x00002f17) auipc   t5, 0x2
core   0: 3 0x800111bc (0x00002f17) x30 0x800131bc
core   0: 0x800111c0 (0xe43f2223) sw      gp, -444(t5)
core   0: 3 0x800111c0 (0xe43f2223) mem 0x80013000 0x00000001
core   0: 0x800111c4 (0xff9ff06f) j       pc - 0x8
core   0: 3 0x800111c4 (0xff9ff06f)
core   0: 0x800111bc (0x00002f17) auipc   t5, 0x2
core   0: 3 0x800111bc (0x00002f17) x30 0x800131bc
core   0: 0x800111c0 (0xe43f2223) sw      gp, -444(t5)
core   0: 3 0x800111c0 (0xe43f2223) mem 0x80013000 0x00000001
core   0: 0x800111c4 (0xff9ff06f) j       pc - 0x8
core   0: 3 0x800111c4 (0xff9ff06f)
core   0: 0x800111bc (0x00002f17) auipc   t5, 0x2
core   0: 3 0x800111bc (0x00002f17) x30 0x800131bc
core   0: 0x800111c0 (0xe43f2223) sw      gp, -444(t5)
core   0: 3 0x800111c0 (0xe43f2223) mem 0x80013000 0x00000001
core   0: 0x800111c4 (0xff9ff06f) j       pc - 0x8
core   0: 3 0x800111c4 (0xff9ff06f)
core   0: 0x800111bc (0x00002f17) auipc   t5, 0x2
core   0: 3 0x800111bc (0x00002f17) x30 0x800131bc
core   0: 0x800111c0 (0xe43f2223) sw      gp, -444(t5)
core   0: 3 0x800111c0 (0xe43f2223) mem 0x80013000 0x00000001
core   0: 0x800111c4 (0xff9ff06f) j       pc - 0x8
core   0: 3 0x800111c4 (0xff9ff06f)
core   0: 0x800111bc (0x00002f17) auipc   t5, 0x2
core   0: 3 0x800111bc (0x00002f17) x30 0x800131bc
core   0: 0x800111c0 (0xe43f2223) sw      gp, -444(t5)
core   0: 3 0x800111c0 (0xe43f2223) mem 0x80013000 0x00000001
core   0: 0x800111c4 (0xff9ff06f) j       pc - 0x8
core   0: 3 0x800111c4 (0xff9ff06f)
core   0: 0x800111bc (0x00002f17) auipc   t5, 0x2
core   0: 3 0x800111bc (0x00002f17) x30 0x800131bc
core   0: 0x800111c0 (0xe43f2223) sw      gp, -444(t5)
core   0: 3 0x800111c0 (0xe43f2223) mem 0x80013000 0x00000001
core   0: 0x800111c4 (0xff9ff06f) j       pc - 0x8
core   0: 3 0x800111c4 (0xff9ff06f)
core   0: 0x800111bc (0x00002f17) auipc   t5, 0x2
core   0: 3 0x800111bc (0x00002f17) x30 0x800131bc
core   0: 0x800111c0 (0xe43f2223) sw      gp, -444(t5)
core   0: 3 0x800111c0 (0xe43f2223) mem 0x80013000 0x00000001
core   0: 0x800111c4 (0xff9ff06f) j       pc - 0x8
core   0: 3 0x800111c4 (0xff9ff06f)
core   0: 0x800111bc (0x00002f17) auipc   t5, 0x2
core   0: 3 0x800111bc (0x00002f17) x30 0x800131bc
core   0: 0x800111c0 (0xe43f2223) sw      gp, -444(t5)
core   0: 3 0x800111c0 (0xe43f2223) mem 0x80013000 0x00000001
core   0: 0x800111c4 (0xff9ff06f) j       pc - 0x8
core   0: 3 0x800111c4 (0xff9ff06f)
core   0: 0x800111bc (0x00002f17) auipc   t5, 0x2
core   0: 3 0x800111bc (0x00002f17) x30 0x800131bc
core   0: 0x800111c0 (0xe43f2223) sw      gp, -444(t5)
core   0: 3 0x800111c0 (0xe43f2223) mem 0x80013000 0x00000001
core   0: 0x800111c4 (0xff9ff06f) j       pc - 0x8
core   0: 3 0x800111c4 (0xff9ff06f)
core   0: 0x800111bc (0x00002f17) auipc   t5, 0x2
core   0: 3 0x800111bc (0x00002f17) x30 0x800131bc
core   0: 0x800111c0 (0xe43f2223) sw      gp, -444(t5)
core   0: 3 0x800111c0 (0xe43f2223) mem 0x80013000 0x00000001
core   0: 0x800111c4 (0xff9ff06f) j       pc - 0x8
core   0: 3 0x800111c4 (0xff9ff06f)
core   0: 0x800111bc (0x00002f17) auipc   t5, 0x2
core   0: 3 0x800111bc (0x00002f17) x30 0x800131bc
core   0: 0x800111c0 (0xe43f2223) sw      gp, -444(t5)
core   0: 3 0x800111c0 (0xe43f2223) mem 0x80013000 0x00000001
core   0: 0x800111c4 (0xff9ff06f) j       pc - 0x8
core   0: 3 0x800111c4 (0xff9ff06f)
core   0: 0x800111bc (0x00002f17) auipc   t5, 0x2
core   0: 3 0x800111bc (0x00002f17) x30 0x800131bc
core   0: 0x800111c0 (0xe43f2223) sw      gp, -444(t5)
core   0: 3 0x800111c0 (0xe43f2223) mem 0x80013000 0x00000001
core   0: 0x800111c4 (0xff9ff06f) j       pc - 0x8
core   0: 3 0x800111c4 (0xff9ff06f)
core   0: 0x800111bc (0x00002f17) auipc   t5, 0x2
core   0: 3 0x800111bc (0x00002f17) x30 0x800131bc
core   0: 0x800111c0 (0xe43f2223) sw      gp, -444(t5)
core   0: 3 0x800111c0 (0xe43f2223) mem 0x80013000 0x00000001
core   0: 0x800111c4 (0xff9ff06f) j       pc - 0x8
core   0: 3 0x800111c4 (0xff9ff06f)
core   0: 0x800111bc (0x00002f17) auipc   t5, 0x2
core   0: 3 0x800111bc (0x00002f17) x30 0x800131bc
core   0: 0x800111c0 (0xe43f2223) sw      gp, -444(t5)
core   0: 3 0x800111c0 (0xe43f2223) mem 0x80013000 0x00000001
core   0: 0x800111c4 (0xff9ff06f) j       pc - 0x8
core   0: 3 0x800111c4 (0xff9ff06f)
core   0: 0x800111bc (0x00002f17) auipc   t5, 0x2
core   0: 3 0x800111bc (0x00002f17) x30 0x800131bc
core   0: 0x800111c0 (0xe43f2223) sw      gp, -444(t5)
core   0: 3 0x800111c0 (0xe43f2223) mem 0x80013000 0x00000001
core   0: 0x800111c4 (0xff9ff06f) j       pc - 0x8
core   0: 3 0x800111c4 (0xff9ff06f)
core   0: 0x800111bc (0x00002f17) auipc   t5, 0x2
core   0: 3 0x800111bc (0x00002f17) x30 0x800131bc
core   0: 0x800111c0 (0xe43f2223) sw      gp, -444(t5)
core   0: 3 0x800111c0 (0xe43f2223) mem 0x80013000 0x00000001
core   0: 0x800111c4 (0xff9ff06f) j       pc - 0x8
core   0: 3 0x800111c4 (0xff9ff06f)
core   0: 0x800111bc (0x00002f17) auipc   t5, 0x2
core   0: 3 0x800111bc (0x00002f17) x30 0x800131bc
core   0: 0x800111c0 (0xe43f2223) sw      gp, -444(t5)
core   0: 3 0x800111c0 (0xe43f2223) mem 0x80013000 0x00000001
core   0: 0x800111c4 (0xff9ff06f) j       pc - 0x8
core   0: 3 0x800111c4 (0xff9ff06f)
core   0: 0x800111bc (0x00002f17) auipc   t5, 0x2
core   0: 3 0x800111bc (0x00002f17) x30 0x800131bc
core   0: 0x800111c0 (0xe43f2223) sw      gp, -444(t5)
core   0: 3 0x800111c0 (0xe43f2223) mem 0x80013000 0x00000001
core   0: 0x800111c4 (0xff9ff06f) j       pc - 0x8
core   0: 3 0x800111c4 (0xff9ff06f)
core   0: 0x800111bc (0x00002f17) auipc   t5, 0x2
core   0: 3 0x800111bc (0x00002f17) x30 0x800131bc
core   0: 0x800111c0 (0xe43f2223) sw      gp, -444(t5)
core   0: 3 0x800111c0 (0xe43f2223) mem 0x80013000 0x00000001
core   0: 0x800111c4 (0xff9ff06f) j       pc - 0x8
core   0: 3 0x800111c4 (0xff9ff06f)
core   0: 0x800111bc (0x00002f17) auipc   t5, 0x2
core   0: 3 0x800111bc (0x00002f17) x30 0x800131bc
core   0: 0x800111c0 (0xe43f2223) sw      gp, -444(t5)
core   0: 3 0x800111c0 (0xe43f2223) mem 0x80013000 0x00000001
core   0: 0x800111c4 (0xff9ff06f) j       pc - 0x8
core   0: 3 0x800111c4 (0xff9ff06f)
core   0: 0x800111bc (0x00002f17) auipc   t5, 0x2
core   0: 3 0x800111bc (0x00002f17) x30 0x800131bc
core   0: 0x800111c0 (0xe43f2223) sw      gp, -444(t5)
core   0: 3 0x800111c0 (0xe43f2223) mem 0x80013000 0x00000001
core   0: 0x800111c4 (0xff9ff06f) j       pc - 0x8
core   0: 3 0x800111c4 (0xff9ff06f)
core   0: 0x800111bc (0x00002f17) auipc   t5, 0x2
core   0: 3 0x800111bc (0x00002f17) x30 0x800131bc
core   0: 0x800111c0 (0xe43f2223) sw      gp, -444(t5)
core   0: 3 0x800111c0 (0xe43f2223) mem 0x80013000 0x00000001
core   0: 0x800111c4 (0xff9ff06f) j       pc - 0x8
core   0: 3 0x800111c4 (0xff9ff06f)
core   0: 0x800111bc (0x00002f17) auipc   t5, 0x2
core   0: 3 0x800111bc (0x00002f17) x30 0x800131bc
core   0: 0x800111c0 (0xe43f2223) sw      gp, -444(t5)
core   0: 3 0x800111c0 (0xe43f2223) mem 0x80013000 0x00000001
core   0: 0x800111c4 (0xff9ff06f) j       pc - 0x8
core   0: 3 0x800111c4 (0xff9ff06f)
core   0: 0x800111bc (0x00002f17) auipc   t5, 0x2
core   0: 3 0x800111bc (0x00002f17) x30 0x800131bc
core   0: 0x800111c0 (0xe43f2223) sw      gp, -444(t5)
core   0: 3 0x800111c0 (0xe43f2223) mem 0x80013000 0x00000001
core   0: 0x800111c4 (0xff9ff06f) j       pc - 0x8
core   0: 3 0x800111c4 (0xff9ff06f)
core   0: 0x800111bc (0x00002f17) auipc   t5, 0x2
core   0: 3 0x800111bc (0x00002f17) x30 0x800131bc
core   0: 0x800111c0 (0xe43f2223) sw      gp, -444(t5)
core   0: 3 0x800111c0 (0xe43f2223) mem 0x80013000 0x00000001
core   0: 0x800111c4 (0xff9ff06f) j       pc - 0x8
core   0: 3 0x800111c4 (0xff9ff06f)
core   0: 0x800111bc (0x00002f17) auipc   t5, 0x2
core   0: 3 0x800111bc (0x00002f17) x30 0x800131bc
core   0: 0x800111c0 (0xe43f2223) sw      gp, -444(t5)
core   0: 3 0x800111c0 (0xe43f2223) mem 0x80013000 0x00000001
core   0: 0x800111c4 (0xff9ff06f) j       pc - 0x8
core   0: 3 0x800111c4 (0xff9ff06f)
core   0: 0x800111bc (0x00002f17) auipc   t5, 0x2
core   0: 3 0x800111bc (0x00002f17) x30 0x800131bc
core   0: 0x800111c0 (0xe43f2223) sw      gp, -444(t5)
core   0: 3 0x800111c0 (0xe43f2223) mem 0x80013000 0x00000001
core   0: 0x800111c4 (0xff9ff06f) j       pc - 0x8
core   0: 3 0x800111c4 (0xff9ff06f)
core   0: 0x800111bc (0x00002f17) auipc   t5, 0x2
core   0: 3 0x800111bc (0x00002f17) x30 0x800131bc
core   0: 0x800111c0 (0xe43f2223) sw      gp, -444(t5)
core   0: 3 0x800111c0 (0xe43f2223) mem 0x80013000 0x00000001
core   0: 0x800111c4 (0xff9ff06f) j       pc - 0x8
core   0: 3 0x800111c4 (0xff9ff06f)
core   0: 0x800111bc (0x00002f17) auipc   t5, 0x2
core   0: 3 0x800111bc (0x00002f17) x30 0x800131bc
core   0: 0x800111c0 (0xe43f2223) sw      gp, -444(t5)
core   0: 3 0x800111c0 (0xe43f2223) mem 0x80013000 0x00000001
core   0: 0x800111c4 (0xff9ff06f) j       pc - 0x8
core   0: 3 0x800111c4 (0xff9ff06f)
core   0: 0x800111bc (0x00002f17) auipc   t5, 0x2
core   0: 3 0x800111bc (0x00002f17) x30 0x800131bc
core   0: 0x800111c0 (0xe43f2223) sw      gp, -444(t5)
core   0: 3 0x800111c0 (0xe43f2223) mem 0x80013000 0x00000001
core   0: 0x800111c4 (0xff9ff06f) j       pc - 0x8
core   0: 3 0x800111c4 (0xff9ff06f)
core   0: 0x800111bc (0x00002f17) auipc   t5, 0x2
core   0: 3 0x800111bc (0x00002f17) x30 0x800131bc
core   0: 0x800111c0 (0xe43f2223) sw      gp, -444(t5)
core   0: 3 0x800111c0 (0xe43f2223) mem 0x80013000 0x00000001
core   0: 0x800111c4 (0xff9ff06f) j       pc - 0x8
core   0: 3 0x800111c4 (0xff9ff06f)
core   0: 0x800111bc (0x00002f17) auipc   t5, 0x2
core   0: 3 0x800111bc (0x00002f17) x30 0x800131bc
core   0: 0x800111c0 (0xe43f2223) sw      gp, -444(t5)
core   0: 3 0x800111c0 (0xe43f2223) mem 0x80013000 0x00000001
core   0: 0x800111c4 (0xff9ff06f) j       pc - 0x8
core   0: 3 0x800111c4 (0xff9ff06f)
core   0: 0x800111bc (0x00002f17) auipc   t5, 0x2
core   0: 3 0x800111bc (0x00002f17) x30 0x800131bc
core   0: 0x800111c0 (0xe43f2223) sw      gp, -444(t5)
core   0: 3 0x800111c0 (0xe43f2223) mem 0x80013000 0x00000001
core   0: 0x800111c4 (0xff9ff06f) j       pc - 0x8
core   0: 3 0x800111c4 (0xff9ff06f)
core   0: 0x800111bc (0x00002f17) auipc   t5, 0x2
core   0: 3 0x800111bc (0x00002f17) x30 0x800131bc
core   0: 0x800111c0 (0xe43f2223) sw      gp, -444(t5)
core   0: 3 0x800111c0 (0xe43f2223) mem 0x80013000 0x00000001
core   0: 0x800111c4 (0xff9ff06f) j       pc - 0x8
core   0: 3 0x800111c4 (0xff9ff06f)
core   0: 0x800111bc (0x00002f17) auipc   t5, 0x2
core   0: 3 0x800111bc (0x00002f17) x30 0x800131bc
core   0: 0x800111c0 (0xe43f2223) sw      gp, -444(t5)
core   0: 3 0x800111c0 (0xe43f2223) mem 0x80013000 0x00000001
core   0: 0x800111c4 (0xff9ff06f) j       pc - 0x8
core   0: 3 0x800111c4 (0xff9ff06f)
core   0: 0x800111bc (0x00002f17) auipc   t5, 0x2
core   0: 3 0x800111bc (0x00002f17) x30 0x800131bc
core   0: 0x800111c0 (0xe43f2223) sw      gp, -444(t5)
core   0: 3 0x800111c0 (0xe43f2223) mem 0x80013000 0x00000001
core   0: 0x800111c4 (0xff9ff06f) j       pc - 0x8
core   0: 3 0x800111c4 (0xff9ff06f)
core   0: 0x800111bc (0x00002f17) auipc   t5, 0x2
core   0: 3 0x800111bc (0x00002f17) x30 0x800131bc
core   0: 0x800111c0 (0xe43f2223) sw      gp, -444(t5)
core   0: 3 0x800111c0 (0xe43f2223) mem 0x80013000 0x00000001
core   0: 0x800111c4 (0xff9ff06f) j       pc - 0x8
core   0: 3 0x800111c4 (0xff9ff06f)
core   0: 0x800111bc (0x00002f17) auipc   t5, 0x2
core   0: 3 0x800111bc (0x00002f17) x30 0x800131bc
core   0: 0x800111c0 (0xe43f2223) sw      gp, -444(t5)
core   0: 3 0x800111c0 (0xe43f2223) mem 0x80013000 0x00000001
core   0: 0x800111c4 (0xff9ff06f) j       pc - 0x8
core   0: 3 0x800111c4 (0xff9ff06f)
core   0: 0x800111bc (0x00002f17) auipc   t5, 0x2
core   0: 3 0x800111bc (0x00002f17) x30 0x800131bc
core   0: 0x800111c0 (0xe43f2223) sw      gp, -444(t5)
core   0: 3 0x800111c0 (0xe43f2223) mem 0x80013000 0x00000001
core   0: 0x800111c4 (0xff9ff06f) j       pc - 0x8
core   0: 3 0x800111c4 (0xff9ff06f)
core   0: 0x800111bc (0x00002f17) auipc   t5, 0x2
core   0: 3 0x800111bc (0x00002f17) x30 0x800131bc
core   0: 0x800111c0 (0xe43f2223) sw      gp, -444(t5)
core   0: 3 0x800111c0 (0xe43f2223) mem 0x80013000 0x00000001
core   0: 0x800111c4 (0xff9ff06f) j       pc - 0x8
core   0: 3 0x800111c4 (0xff9ff06f)
core   0: 0x800111bc (0x00002f17) auipc   t5, 0x2
core   0: 3 0x800111bc (0x00002f17) x30 0x800131bc
core   0: 0x800111c0 (0xe43f2223) sw      gp, -444(t5)
core   0: 3 0x800111c0 (0xe43f2223) mem 0x80013000 0x00000001
core   0: 0x800111c4 (0xff9ff06f) j       pc - 0x8
core   0: 3 0x800111c4 (0xff9ff06f)
core   0: 0x800111bc (0x00002f17) auipc   t5, 0x2
core   0: 3 0x800111bc (0x00002f17) x30 0x800131bc
core   0: 0x800111c0 (0xe43f2223) sw      gp, -444(t5)
core   0: 3 0x800111c0 (0xe43f2223) mem 0x80013000 0x00000001
core   0: 0x800111c4 (0xff9ff06f) j       pc - 0x8
core   0: 3 0x800111c4 (0xff9ff06f)
core   0: 0x800111bc (0x00002f17) auipc   t5, 0x2
core   0: 3 0x800111bc (0x00002f17) x30 0x800131bc
core   0: 0x800111c0 (0xe43f2223) sw      gp, -444(t5)
core   0: 3 0x800111c0 (0xe43f2223) mem 0x80013000 0x00000001
core   0: 0x800111c4 (0xff9ff06f) j       pc - 0x8
core   0: 3 0x800111c4 (0xff9ff06f)
core   0: 0x800111bc (0x00002f17) auipc   t5, 0x2
core   0: 3 0x800111bc (0x00002f17) x30 0x800131bc
core   0: 0x800111c0 (0xe43f2223) sw      gp, -444(t5)
core   0: 3 0x800111c0 (0xe43f2223) mem 0x80013000 0x00000001
core   0: 0x800111c4 (0xff9ff06f) j       pc - 0x8
core   0: 3 0x800111c4 (0xff9ff06f)
core   0: 0x800111bc (0x00002f17) auipc   t5, 0x2
core   0: 3 0x800111bc (0x00002f17) x30 0x800131bc
core   0: 0x800111c0 (0xe43f2223) sw      gp, -444(t5)
core   0: 3 0x800111c0 (0xe43f2223) mem 0x80013000 0x00000001
core   0: 0x800111c4 (0xff9ff06f) j       pc - 0x8
core   0: 3 0x800111c4 (0xff9ff06f)
core   0: 0x800111bc (0x00002f17) auipc   t5, 0x2
core   0: 3 0x800111bc (0x00002f17) x30 0x800131bc
core   0: 0x800111c0 (0xe43f2223) sw      gp, -444(t5)
core   0: 3 0x800111c0 (0xe43f2223) mem 0x80013000 0x00000001
core   0: 0x800111c4 (0xff9ff06f) j       pc - 0x8
core   0: 3 0x800111c4 (0xff9ff06f)
core   0: 0x800111bc (0x00002f17) auipc   t5, 0x2
core   0: 3 0x800111bc (0x00002f17) x30 0x800131bc
core   0: 0x800111c0 (0xe43f2223) sw      gp, -444(t5)
core   0: 3 0x800111c0 (0xe43f2223) mem 0x80013000 0x00000001
core   0: 0x800111c4 (0xff9ff06f) j       pc - 0x8
core   0: 3 0x800111c4 (0xff9ff06f)
core   0: 0x800111bc (0x00002f17) auipc   t5, 0x2
core   0: 3 0x800111bc (0x00002f17) x30 0x800131bc
core   0: 0x800111c0 (0xe43f2223) sw      gp, -444(t5)
core   0: 3 0x800111c0 (0xe43f2223) mem 0x80013000 0x00000001
core   0: 0x800111c4 (0xff9ff06f) j       pc - 0x8
core   0: 3 0x800111c4 (0xff9ff06f)
core   0: 0x800111bc (0x00002f17) auipc   t5, 0x2
core   0: 3 0x800111bc (0x00002f17) x30 0x800131bc
core   0: 0x800111c0 (0xe43f2223) sw      gp, -444(t5)
core   0: 3 0x800111c0 (0xe43f2223) mem 0x80013000 0x00000001
core   0: 0x800111c4 (0xff9ff06f) j       pc - 0x8
core   0: 3 0x800111c4 (0xff9ff06f)
core   0: 0x800111bc (0x00002f17) auipc   t5, 0x2
core   0: 3 0x800111bc (0x00002f17) x30 0x800131bc
core   0: 0x800111c0 (0xe43f2223) sw      gp, -444(t5)
core   0: 3 0x800111c0 (0xe43f2223) mem 0x80013000 0x00000001
core   0: 0x800111c4 (0xff9ff06f) j       pc - 0x8
core   0: 3 0x800111c4 (0xff9ff06f)
core   0: 0x800111bc (0x00002f17) auipc   t5, 0x2
core   0: 3 0x800111bc (0x00002f17) x30 0x800131bc
core   0: 0x800111c0 (0xe43f2223) sw      gp, -444(t5)
core   0: 3 0x800111c0 (0xe43f2223) mem 0x80013000 0x00000001
core   0: 0x800111c4 (0xff9ff06f) j       pc - 0x8
core   0: 3 0x800111c4 (0xff9ff06f)
core   0: 0x800111bc (0x00002f17) auipc   t5, 0x2
core   0: 3 0x800111bc (0x00002f17) x30 0x800131bc
core   0: 0x800111c0 (0xe43f2223) sw      gp, -444(t5)
core   0: 3 0x800111c0 (0xe43f2223) mem 0x80013000 0x00000001
core   0: 0x800111c4 (0xff9ff06f) j       pc - 0x8
core   0: 3 0x800111c4 (0xff9ff06f)
core   0: 0x800111bc (0x00002f17) auipc   t5, 0x2
core   0: 3 0x800111bc (0x00002f17) x30 0x800131bc
core   0: 0x800111c0 (0xe43f2223) sw      gp, -444(t5)
core   0: 3 0x800111c0 (0xe43f2223) mem 0x80013000 0x00000001
core   0: 0x800111c4 (0xff9ff06f) j       pc - 0x8
core   0: 3 0x800111c4 (0xff9ff06f)
core   0: 0x800111bc (0x00002f17) auipc   t5, 0x2
core   0: 3 0x800111bc (0x00002f17) x30 0x800131bc
core   0: 0x800111c0 (0xe43f2223) sw      gp, -444(t5)
core   0: 3 0x800111c0 (0xe43f2223) mem 0x80013000 0x00000001
core   0: 0x800111c4 (0xff9ff06f) j       pc - 0x8
core   0: 3 0x800111c4 (0xff9ff06f)
core   0: 0x800111bc (0x00002f17) auipc   t5, 0x2
core   0: 3 0x800111bc (0x00002f17) x30 0x800131bc
core   0: 0x800111c0 (0xe43f2223) sw      gp, -444(t5)
core   0: 3 0x800111c0 (0xe43f2223) mem 0x80013000 0x00000001
core   0: 0x800111c4 (0xff9ff06f) j       pc - 0x8
core   0: 3 0x800111c4 (0xff9ff06f)
core   0: 0x800111bc (0x00002f17) auipc   t5, 0x2
core   0: 3 0x800111bc (0x00002f17) x30 0x800131bc
core   0: 0x800111c0 (0xe43f2223) sw      gp, -444(t5)
core   0: 3 0x800111c0 (0xe43f2223) mem 0x80013000 0x00000001
core   0: 0x800111c4 (0xff9ff06f) j       pc - 0x8
core   0: 3 0x800111c4 (0xff9ff06f)
core   0: 0x800111bc (0x00002f17) auipc   t5, 0x2
core   0: 3 0x800111bc (0x00002f17) x30 0x800131bc
core   0: 0x800111c0 (0xe43f2223) sw      gp, -444(t5)
core   0: 3 0x800111c0 (0xe43f2223) mem 0x80013000 0x00000001
core   0: 0x800111c4 (0xff9ff06f) j       pc - 0x8
core   0: 3 0x800111c4 (0xff9ff06f)
core   0: 0x800111bc (0x00002f17) auipc   t5, 0x2
core   0: 3 0x800111bc (0x00002f17) x30 0x800131bc
core   0: 0x800111c0 (0xe43f2223) sw      gp, -444(t5)
core   0: 3 0x800111c0 (0xe43f2223) mem 0x80013000 0x00000001
core   0: 0x800111c4 (0xff9ff06f) j       pc - 0x8
core   0: 3 0x800111c4 (0xff9ff06f)
core   0: 0x800111bc (0x00002f17) auipc   t5, 0x2
core   0: 3 0x800111bc (0x00002f17) x30 0x800131bc
core   0: 0x800111c0 (0xe43f2223) sw      gp, -444(t5)
core   0: 3 0x800111c0 (0xe43f2223) mem 0x80013000 0x00000001
core   0: 0x800111c4 (0xff9ff06f) j       pc - 0x8
core   0: 3 0x800111c4 (0xff9ff06f)
core   0: 0x800111bc (0x00002f17) auipc   t5, 0x2
core   0: 3 0x800111bc (0x00002f17) x30 0x800131bc
core   0: 0x800111c0 (0xe43f2223) sw      gp, -444(t5)
core   0: 3 0x800111c0 (0xe43f2223) mem 0x80013000 0x00000001
core   0: 0x800111c4 (0xff9ff06f) j       pc - 0x8
core   0: 3 0x800111c4 (0xff9ff06f)
core   0: 0x800111bc (0x00002f17) auipc   t5, 0x2
core   0: 3 0x800111bc (0x00002f17) x30 0x800131bc
core   0: 0x800111c0 (0xe43f2223) sw      gp, -444(t5)
core   0: 3 0x800111c0 (0xe43f2223) mem 0x80013000 0x00000001
core   0: 0x800111c4 (0xff9ff06f) j       pc - 0x8
core   0: 3 0x800111c4 (0xff9ff06f)
core   0: 0x800111bc (0x00002f17) auipc   t5, 0x2
core   0: 3 0x800111bc (0x00002f17) x30 0x800131bc
core   0: 0x800111c0 (0xe43f2223) sw      gp, -444(t5)
core   0: 3 0x800111c0 (0xe43f2223) mem 0x80013000 0x00000001
core   0: 0x800111c4 (0xff9ff06f) j       pc - 0x8
core   0: 3 0x800111c4 (0xff9ff06f)
core   0: 0x800111bc (0x00002f17) auipc   t5, 0x2
core   0: 3 0x800111bc (0x00002f17) x30 0x800131bc
core   0: 0x800111c0 (0xe43f2223) sw      gp, -444(t5)
core   0: 3 0x800111c0 (0xe43f2223) mem 0x80013000 0x00000001
core   0: 0x800111c4 (0xff9ff06f) j       pc - 0x8
core   0: 3 0x800111c4 (0xff9ff06f)
core   0: 0x800111bc (0x00002f17) auipc   t5, 0x2
core   0: 3 0x800111bc (0x00002f17) x30 0x800131bc
core   0: 0x800111c0 (0xe43f2223) sw      gp, -444(t5)
core   0: 3 0x800111c0 (0xe43f2223) mem 0x80013000 0x00000001
core   0: 0x800111c4 (0xff9ff06f) j       pc - 0x8
core   0: 3 0x800111c4 (0xff9ff06f)
core   0: 0x800111bc (0x00002f17) auipc   t5, 0x2
core   0: 3 0x800111bc (0x00002f17) x30 0x800131bc
core   0: 0x800111c0 (0xe43f2223) sw      gp, -444(t5)
core   0: 3 0x800111c0 (0xe43f2223) mem 0x80013000 0x00000001
core   0: 0x800111c4 (0xff9ff06f) j       pc - 0x8
core   0: 3 0x800111c4 (0xff9ff06f)
core   0: 0x800111bc (0x00002f17) auipc   t5, 0x2
core   0: 3 0x800111bc (0x00002f17) x30 0x800131bc
core   0: 0x800111c0 (0xe43f2223) sw      gp, -444(t5)
core   0: 3 0x800111c0 (0xe43f2223) mem 0x80013000 0x00000001
core   0: 0x800111c4 (0xff9ff06f) j       pc - 0x8
core   0: 3 0x800111c4 (0xff9ff06f)
core   0: 0x800111bc (0x00002f17) auipc   t5, 0x2
core   0: 3 0x800111bc (0x00002f17) x30 0x800131bc
core   0: 0x800111c0 (0xe43f2223) sw      gp, -444(t5)
core   0: 3 0x800111c0 (0xe43f2223) mem 0x80013000 0x00000001
core   0: 0x800111c4 (0xff9ff06f) j       pc - 0x8
core   0: 3 0x800111c4 (0xff9ff06f)
core   0: 0x800111bc (0x00002f17) auipc   t5, 0x2
core   0: 3 0x800111bc (0x00002f17) x30 0x800131bc
core   0: 0x800111c0 (0xe43f2223) sw      gp, -444(t5)
core   0: 3 0x800111c0 (0xe43f2223) mem 0x80013000 0x00000001
core   0: 0x800111c4 (0xff9ff06f) j       pc - 0x8
core   0: 3 0x800111c4 (0xff9ff06f)
core   0: 0x800111bc (0x00002f17) auipc   t5, 0x2
core   0: 3 0x800111bc (0x00002f17) x30 0x800131bc
core   0: 0x800111c0 (0xe43f2223) sw      gp, -444(t5)
core   0: 3 0x800111c0 (0xe43f2223) mem 0x80013000 0x00000001
core   0: 0x800111c4 (0xff9ff06f) j       pc - 0x8
core   0: 3 0x800111c4 (0xff9ff06f)
core   0: 0x800111bc (0x00002f17) auipc   t5, 0x2
core   0: 3 0x800111bc (0x00002f17) x30 0x800131bc
core   0: 0x800111c0 (0xe43f2223) sw      gp, -444(t5)
core   0: 3 0x800111c0 (0xe43f2223) mem 0x80013000 0x00000001
core   0: 0x800111c4 (0xff9ff06f) j       pc - 0x8
core   0: 3 0x800111c4 (0xff9ff06f)
core   0: 0x800111bc (0x00002f17) auipc   t5, 0x2
core   0: 3 0x800111bc (0x00002f17) x30 0x800131bc
core   0: 0x800111c0 (0xe43f2223) sw      gp, -444(t5)
core   0: 3 0x800111c0 (0xe43f2223) mem 0x80013000 0x00000001
core   0: 0x800111c4 (0xff9ff06f) j       pc - 0x8
core   0: 3 0x800111c4 (0xff9ff06f)
core   0: 0x800111bc (0x00002f17) auipc   t5, 0x2
core   0: 3 0x800111bc (0x00002f17) x30 0x800131bc
core   0: 0x800111c0 (0xe43f2223) sw      gp, -444(t5)
core   0: 3 0x800111c0 (0xe43f2223) mem 0x80013000 0x00000001
core   0: 0x800111c4 (0xff9ff06f) j       pc - 0x8
core   0: 3 0x800111c4 (0xff9ff06f)
core   0: 0x800111bc (0x00002f17) auipc   t5, 0x2
core   0: 3 0x800111bc (0x00002f17) x30 0x800131bc
core   0: 0x800111c0 (0xe43f2223) sw      gp, -444(t5)
core   0: 3 0x800111c0 (0xe43f2223) mem 0x80013000 0x00000001
core   0: 0x800111c4 (0xff9ff06f) j       pc - 0x8
core   0: 3 0x800111c4 (0xff9ff06f)
core   0: 0x800111bc (0x00002f17) auipc   t5, 0x2
core   0: 3 0x800111bc (0x00002f17) x30 0x800131bc
core   0: 0x800111c0 (0xe43f2223) sw      gp, -444(t5)
core   0: 3 0x800111c0 (0xe43f2223) mem 0x80013000 0x00000001
core   0: 0x800111c4 (0xff9ff06f) j       pc - 0x8
core   0: 3 0x800111c4 (0xff9ff06f)
core   0: 0x800111bc (0x00002f17) auipc   t5, 0x2
core   0: 3 0x800111bc (0x00002f17) x30 0x800131bc
core   0: 0x800111c0 (0xe43f2223) sw      gp, -444(t5)
core   0: 3 0x800111c0 (0xe43f2223) mem 0x80013000 0x00000001
core   0: 0x800111c4 (0xff9ff06f) j       pc - 0x8
core   0: 3 0x800111c4 (0xff9ff06f)
core   0: 0x800111bc (0x00002f17) auipc   t5, 0x2
core   0: 3 0x800111bc (0x00002f17) x30 0x800131bc
core   0: 0x800111c0 (0xe43f2223) sw      gp, -444(t5)
core   0: 3 0x800111c0 (0xe43f2223) mem 0x80013000 0x00000001
core   0: 0x800111c4 (0xff9ff06f) j       pc - 0x8
core   0: 3 0x800111c4 (0xff9ff06f)
core   0: 0x800111bc (0x00002f17) auipc   t5, 0x2
core   0: 3 0x800111bc (0x00002f17) x30 0x800131bc
core   0: 0x800111c0 (0xe43f2223) sw      gp, -444(t5)
core   0: 3 0x800111c0 (0xe43f2223) mem 0x80013000 0x00000001
core   0: 0x800111c4 (0xff9ff06f) j       pc - 0x8
core   0: 3 0x800111c4 (0xff9ff06f)
core   0: 0x800111bc (0x00002f17) auipc   t5, 0x2
core   0: 3 0x800111bc (0x00002f17) x30 0x800131bc
core   0: 0x800111c0 (0xe43f2223) sw      gp, -444(t5)
core   0: 3 0x800111c0 (0xe43f2223) mem 0x80013000 0x00000001
core   0: 0x800111c4 (0xff9ff06f) j       pc - 0x8
core   0: 3 0x800111c4 (0xff9ff06f)
core   0: 0x800111bc (0x00002f17) auipc   t5, 0x2
core   0: 3 0x800111bc (0x00002f17) x30 0x800131bc
core   0: 0x800111c0 (0xe43f2223) sw      gp, -444(t5)
core   0: 3 0x800111c0 (0xe43f2223) mem 0x80013000 0x00000001
core   0: 0x800111c4 (0xff9ff06f) j       pc - 0x8
core   0: 3 0x800111c4 (0xff9ff06f)
core   0: 0x800111bc (0x00002f17) auipc   t5, 0x2
core   0: 3 0x800111bc (0x00002f17) x30 0x800131bc
core   0: 0x800111c0 (0xe43f2223) sw      gp, -444(t5)
core   0: 3 0x800111c0 (0xe43f2223) mem 0x80013000 0x00000001
core   0: 0x800111c4 (0xff9ff06f) j       pc - 0x8
core   0: 3 0x800111c4 (0xff9ff06f)
core   0: 0x800111bc (0x00002f17) auipc   t5, 0x2
core   0: 3 0x800111bc (0x00002f17) x30 0x800131bc
core   0: 0x800111c0 (0xe43f2223) sw      gp, -444(t5)
core   0: 3 0x800111c0 (0xe43f2223) mem 0x80013000 0x00000001
core   0: 0x800111c4 (0xff9ff06f) j       pc - 0x8
core   0: 3 0x800111c4 (0xff9ff06f)
core   0: 0x800111bc (0x00002f17) auipc   t5, 0x2
core   0: 3 0x800111bc (0x00002f17) x30 0x800131bc
core   0: 0x800111c0 (0xe43f2223) sw      gp, -444(t5)
core   0: 3 0x800111c0 (0xe43f2223) mem 0x80013000 0x00000001
core   0: 0x800111c4 (0xff9ff06f) j       pc - 0x8
core   0: 3 0x800111c4 (0xff9ff06f)
core   0: 0x800111bc (0x00002f17) auipc   t5, 0x2
core   0: 3 0x800111bc (0x00002f17) x30 0x800131bc
core   0: 0x800111c0 (0xe43f2223) sw      gp, -444(t5)
core   0: 3 0x800111c0 (0xe43f2223) mem 0x80013000 0x00000001
core   0: 0x800111c4 (0xff9ff06f) j       pc - 0x8
core   0: 3 0x800111c4 (0xff9ff06f)
core   0: 0x800111bc (0x00002f17) auipc   t5, 0x2
core   0: 3 0x800111bc (0x00002f17) x30 0x800131bc
core   0: 0x800111c0 (0xe43f2223) sw      gp, -444(t5)
core   0: 3 0x800111c0 (0xe43f2223) mem 0x80013000 0x00000001
core   0: 0x800111c4 (0xff9ff06f) j       pc - 0x8
core   0: 3 0x800111c4 (0xff9ff06f)
core   0: 0x800111bc (0x00002f17) auipc   t5, 0x2
core   0: 3 0x800111bc (0x00002f17) x30 0x800131bc
core   0: 0x800111c0 (0xe43f2223) sw      gp, -444(t5)
core   0: 3 0x800111c0 (0xe43f2223) mem 0x80013000 0x00000001
core   0: 0x800111c4 (0xff9ff06f) j       pc - 0x8
core   0: 3 0x800111c4 (0xff9ff06f)
core   0: 0x800111bc (0x00002f17) auipc   t5, 0x2
core   0: 3 0x800111bc (0x00002f17) x30 0x800131bc
core   0: 0x800111c0 (0xe43f2223) sw      gp, -444(t5)
core   0: 3 0x800111c0 (0xe43f2223) mem 0x80013000 0x00000001
core   0: 0x800111c4 (0xff9ff06f) j       pc - 0x8
core   0: 3 0x800111c4 (0xff9ff06f)
core   0: 0x800111bc (0x00002f17) auipc   t5, 0x2
core   0: 3 0x800111bc (0x00002f17) x30 0x800131bc
core   0: 0x800111c0 (0xe43f2223) sw      gp, -444(t5)
core   0: 3 0x800111c0 (0xe43f2223) mem 0x80013000 0x00000001
core   0: 0x800111c4 (0xff9ff06f) j       pc - 0x8
core   0: 3 0x800111c4 (0xff9ff06f)
core   0: 0x800111bc (0x00002f17) auipc   t5, 0x2
core   0: 3 0x800111bc (0x00002f17) x30 0x800131bc
core   0: 0x800111c0 (0xe43f2223) sw      gp, -444(t5)
core   0: 3 0x800111c0 (0xe43f2223) mem 0x80013000 0x00000001
core   0: 0x800111c4 (0xff9ff06f) j       pc - 0x8
core   0: 3 0x800111c4 (0xff9ff06f)
core   0: 0x800111bc (0x00002f17) auipc   t5, 0x2
core   0: 3 0x800111bc (0x00002f17) x30 0x800131bc
core   0: 0x800111c0 (0xe43f2223) sw      gp, -444(t5)
core   0: 3 0x800111c0 (0xe43f2223) mem 0x80013000 0x00000001
core   0: 0x800111c4 (0xff9ff06f) j       pc - 0x8
core   0: 3 0x800111c4 (0xff9ff06f)
core   0: 0x800111bc (0x00002f17) auipc   t5, 0x2
core   0: 3 0x800111bc (0x00002f17) x30 0x800131bc
core   0: 0x800111c0 (0xe43f2223) sw      gp, -444(t5)
core   0: 3 0x800111c0 (0xe43f2223) mem 0x80013000 0x00000001
core   0: 0x800111c4 (0xff9ff06f) j       pc - 0x8
core   0: 3 0x800111c4 (0xff9ff06f)
core   0: 0x800111bc (0x00002f17) auipc   t5, 0x2
core   0: 3 0x800111bc (0x00002f17) x30 0x800131bc
core   0: 0x800111c0 (0xe43f2223) sw      gp, -444(t5)
core   0: 3 0x800111c0 (0xe43f2223) mem 0x80013000 0x00000001
core   0: 0x800111c4 (0xff9ff06f) j       pc - 0x8
core   0: 3 0x800111c4 (0xff9ff06f)
core   0: 0x800111bc (0x00002f17) auipc   t5, 0x2
core   0: 3 0x800111bc (0x00002f17) x30 0x800131bc
core   0: 0x800111c0 (0xe43f2223) sw      gp, -444(t5)
core   0: 3 0x800111c0 (0xe43f2223) mem 0x80013000 0x00000001
core   0: 0x800111c4 (0xff9ff06f) j       pc - 0x8
core   0: 3 0x800111c4 (0xff9ff06f)
core   0: 0x800111bc (0x00002f17) auipc   t5, 0x2
core   0: 3 0x800111bc (0x00002f17) x30 0x800131bc
core   0: 0x800111c0 (0xe43f2223) sw      gp, -444(t5)
core   0: 3 0x800111c0 (0xe43f2223) mem 0x80013000 0x00000001
core   0: 0x800111c4 (0xff9ff06f) j       pc - 0x8
core   0: 3 0x800111c4 (0xff9ff06f)
core   0: 0x800111bc (0x00002f17) auipc   t5, 0x2
core   0: 3 0x800111bc (0x00002f17) x30 0x800131bc
core   0: 0x800111c0 (0xe43f2223) sw      gp, -444(t5)
core   0: 3 0x800111c0 (0xe43f2223) mem 0x80013000 0x00000001
core   0: 0x800111c4 (0xff9ff06f) j       pc - 0x8
core   0: 3 0x800111c4 (0xff9ff06f)
core   0: 0x800111bc (0x00002f17) auipc   t5, 0x2
core   0: 3 0x800111bc (0x00002f17) x30 0x800131bc
core   0: 0x800111c0 (0xe43f2223) sw      gp, -444(t5)
core   0: 3 0x800111c0 (0xe43f2223) mem 0x80013000 0x00000001
core   0: 0x800111c4 (0xff9ff06f) j       pc - 0x8
core   0: 3 0x800111c4 (0xff9ff06f)
core   0: 0x800111bc (0x00002f17) auipc   t5, 0x2
core   0: 3 0x800111bc (0x00002f17) x30 0x800131bc
core   0: 0x800111c0 (0xe43f2223) sw      gp, -444(t5)
core   0: 3 0x800111c0 (0xe43f2223) mem 0x80013000 0x00000001
core   0: 0x800111c4 (0xff9ff06f) j       pc - 0x8
core   0: 3 0x800111c4 (0xff9ff06f)
core   0: 0x800111bc (0x00002f17) auipc   t5, 0x2
core   0: 3 0x800111bc (0x00002f17) x30 0x800131bc
core   0: 0x800111c0 (0xe43f2223) sw      gp, -444(t5)
core   0: 3 0x800111c0 (0xe43f2223) mem 0x80013000 0x00000001
core   0: 0x800111c4 (0xff9ff06f) j       pc - 0x8
core   0: 3 0x800111c4 (0xff9ff06f)
core   0: 0x800111bc (0x00002f17) auipc   t5, 0x2
core   0: 3 0x800111bc (0x00002f17) x30 0x800131bc
core   0: 0x800111c0 (0xe43f2223) sw      gp, -444(t5)
core   0: 3 0x800111c0 (0xe43f2223) mem 0x80013000 0x00000001
core   0: 0x800111c4 (0xff9ff06f) j       pc - 0x8
core   0: 3 0x800111c4 (0xff9ff06f)
core   0: 0x800111bc (0x00002f17) auipc   t5, 0x2
core   0: 3 0x800111bc (0x00002f17) x30 0x800131bc
core   0: 0x800111c0 (0xe43f2223) sw      gp, -444(t5)
core   0: 3 0x800111c0 (0xe43f2223) mem 0x80013000 0x00000001
core   0: 0x800111c4 (0xff9ff06f) j       pc - 0x8
core   0: 3 0x800111c4 (0xff9ff06f)
core   0: 0x800111bc (0x00002f17) auipc   t5, 0x2
core   0: 3 0x800111bc (0x00002f17) x30 0x800131bc
core   0: 0x800111c0 (0xe43f2223) sw      gp, -444(t5)
core   0: 3 0x800111c0 (0xe43f2223) mem 0x80013000 0x00000001
core   0: 0x800111c4 (0xff9ff06f) j       pc - 0x8
core   0: 3 0x800111c4 (0xff9ff06f)
core   0: 0x800111bc (0x00002f17) auipc   t5, 0x2
core   0: 3 0x800111bc (0x00002f17) x30 0x800131bc
core   0: 0x800111c0 (0xe43f2223) sw      gp, -444(t5)
core   0: 3 0x800111c0 (0xe43f2223) mem 0x80013000 0x00000001
core   0: 0x800111c4 (0xff9ff06f) j       pc - 0x8
core   0: 3 0x800111c4 (0xff9ff06f)
core   0: 0x800111bc (0x00002f17) auipc   t5, 0x2
core   0: 3 0x800111bc (0x00002f17) x30 0x800131bc
core   0: 0x800111c0 (0xe43f2223) sw      gp, -444(t5)
core   0: 3 0x800111c0 (0xe43f2223) mem 0x80013000 0x00000001
core   0: 0x800111c4 (0xff9ff06f) j       pc - 0x8
core   0: 3 0x800111c4 (0xff9ff06f)
core   0: 0x800111bc (0x00002f17) auipc   t5, 0x2
core   0: 3 0x800111bc (0x00002f17) x30 0x800131bc
core   0: 0x800111c0 (0xe43f2223) sw      gp, -444(t5)
core   0: 3 0x800111c0 (0xe43f2223) mem 0x80013000 0x00000001
core   0: 0x800111c4 (0xff9ff06f) j       pc - 0x8
core   0: 3 0x800111c4 (0xff9ff06f)
core   0: 0x800111bc (0x00002f17) auipc   t5, 0x2
core   0: 3 0x800111bc (0x00002f17) x30 0x800131bc
core   0: 0x800111c0 (0xe43f2223) sw      gp, -444(t5)
core   0: 3 0x800111c0 (0xe43f2223) mem 0x80013000 0x00000001
core   0: 0x800111c4 (0xff9ff06f) j       pc - 0x8
core   0: 3 0x800111c4 (0xff9ff06f)
core   0: 0x800111bc (0x00002f17) auipc   t5, 0x2
core   0: 3 0x800111bc (0x00002f17) x30 0x800131bc
core   0: 0x800111c0 (0xe43f2223) sw      gp, -444(t5)
core   0: 3 0x800111c0 (0xe43f2223) mem 0x80013000 0x00000001
core   0: 0x800111c4 (0xff9ff06f) j       pc - 0x8
core   0: 3 0x800111c4 (0xff9ff06f)
core   0: 0x800111bc (0x00002f17) auipc   t5, 0x2
core   0: 3 0x800111bc (0x00002f17) x30 0x800131bc
core   0: 0x800111c0 (0xe43f2223) sw      gp, -444(t5)
core   0: 3 0x800111c0 (0xe43f2223) mem 0x80013000 0x00000001
core   0: 0x800111c4 (0xff9ff06f) j       pc - 0x8
core   0: 3 0x800111c4 (0xff9ff06f)
core   0: 0x800111bc (0x00002f17) auipc   t5, 0x2
core   0: 3 0x800111bc (0x00002f17) x30 0x800131bc
core   0: 0x800111c0 (0xe43f2223) sw      gp, -444(t5)
core   0: 3 0x800111c0 (0xe43f2223) mem 0x80013000 0x00000001
core   0: 0x800111c4 (0xff9ff06f) j       pc - 0x8
core   0: 3 0x800111c4 (0xff9ff06f)
core   0: 0x800111bc (0x00002f17) auipc   t5, 0x2
core   0: 3 0x800111bc (0x00002f17) x30 0x800131bc
core   0: 0x800111c0 (0xe43f2223) sw      gp, -444(t5)
core   0: 3 0x800111c0 (0xe43f2223) mem 0x80013000 0x00000001
core   0: 0x800111c4 (0xff9ff06f) j       pc - 0x8
core   0: 3 0x800111c4 (0xff9ff06f)
core   0: 0x800111bc (0x00002f17) auipc   t5, 0x2
core   0: 3 0x800111bc (0x00002f17) x30 0x800131bc
core   0: 0x800111c0 (0xe43f2223) sw      gp, -444(t5)
core   0: 3 0x800111c0 (0xe43f2223) mem 0x80013000 0x00000001
core   0: 0x800111c4 (0xff9ff06f) j       pc - 0x8
core   0: 3 0x800111c4 (0xff9ff06f)
core   0: 0x800111bc (0x00002f17) auipc   t5, 0x2
core   0: 3 0x800111bc (0x00002f17) x30 0x800131bc
core   0: 0x800111c0 (0xe43f2223) sw      gp, -444(t5)
core   0: 3 0x800111c0 (0xe43f2223) mem 0x80013000 0x00000001
core   0: 0x800111c4 (0xff9ff06f) j       pc - 0x8
core   0: 3 0x800111c4 (0xff9ff06f)
core   0: 0x800111bc (0x00002f17) auipc   t5, 0x2
core   0: 3 0x800111bc (0x00002f17) x30 0x800131bc
core   0: 0x800111c0 (0xe43f2223) sw      gp, -444(t5)
core   0: 3 0x800111c0 (0xe43f2223) mem 0x80013000 0x00000001
core   0: 0x800111c4 (0xff9ff06f) j       pc - 0x8
core   0: 3 0x800111c4 (0xff9ff06f)
core   0: 0x800111bc (0x00002f17) auipc   t5, 0x2
core   0: 3 0x800111bc (0x00002f17) x30 0x800131bc
core   0: 0x800111c0 (0xe43f2223) sw      gp, -444(t5)
core   0: 3 0x800111c0 (0xe43f2223) mem 0x80013000 0x00000001
core   0: 0x800111c4 (0xff9ff06f) j       pc - 0x8
core   0: 3 0x800111c4 (0xff9ff06f)
core   0: 0x800111bc (0x00002f17) auipc   t5, 0x2
core   0: 3 0x800111bc (0x00002f17) x30 0x800131bc
core   0: 0x800111c0 (0xe43f2223) sw      gp, -444(t5)
core   0: 3 0x800111c0 (0xe43f2223) mem 0x80013000 0x00000001
core   0: 0x800111c4 (0xff9ff06f) j       pc - 0x8
core   0: 3 0x800111c4 (0xff9ff06f)
core   0: 0x800111bc (0x00002f17) auipc   t5, 0x2
core   0: 3 0x800111bc (0x00002f17) x30 0x800131bc
core   0: 0x800111c0 (0xe43f2223) sw      gp, -444(t5)
core   0: 3 0x800111c0 (0xe43f2223) mem 0x80013000 0x00000001
core   0: 0x800111c4 (0xff9ff06f) j       pc - 0x8
core   0: 3 0x800111c4 (0xff9ff06f)
core   0: 0x800111bc (0x00002f17) auipc   t5, 0x2
core   0: 3 0x800111bc (0x00002f17) x30 0x800131bc
core   0: 0x800111c0 (0xe43f2223) sw      gp, -444(t5)
core   0: 3 0x800111c0 (0xe43f2223) mem 0x80013000 0x00000001
core   0: 0x800111c4 (0xff9ff06f) j       pc - 0x8
core   0: 3 0x800111c4 (0xff9ff06f)
core   0: 0x800111bc (0x00002f17) auipc   t5, 0x2
core   0: 3 0x800111bc (0x00002f17) x30 0x800131bc
core   0: 0x800111c0 (0xe43f2223) sw      gp, -444(t5)
core   0: 3 0x800111c0 (0xe43f2223) mem 0x80013000 0x00000001
core   0: 0x800111c4 (0xff9ff06f) j       pc - 0x8
core   0: 3 0x800111c4 (0xff9ff06f)
core   0: 0x800111bc (0x00002f17) auipc   t5, 0x2
core   0: 3 0x800111bc (0x00002f17) x30 0x800131bc
core   0: 0x800111c0 (0xe43f2223) sw      gp, -444(t5)
core   0: 3 0x800111c0 (0xe43f2223) mem 0x80013000 0x00000001
core   0: 0x800111c4 (0xff9ff06f) j       pc - 0x8
core   0: 3 0x800111c4 (0xff9ff06f)
core   0: 0x800111bc (0x00002f17) auipc   t5, 0x2
core   0: 3 0x800111bc (0x00002f17) x30 0x800131bc
core   0: 0x800111c0 (0xe43f2223) sw      gp, -444(t5)
core   0: 3 0x800111c0 (0xe43f2223) mem 0x80013000 0x00000001
core   0: 0x800111c4 (0xff9ff06f) j       pc - 0x8
core   0: 3 0x800111c4 (0xff9ff06f)
core   0: 0x800111bc (0x00002f17) auipc   t5, 0x2
core   0: 3 0x800111bc (0x00002f17) x30 0x800131bc
core   0: 0x800111c0 (0xe43f2223) sw      gp, -444(t5)
core   0: 3 0x800111c0 (0xe43f2223) mem 0x80013000 0x00000001
core   0: 0x800111c4 (0xff9ff06f) j       pc - 0x8
core   0: 3 0x800111c4 (0xff9ff06f)
core   0: 0x800111bc (0x00002f17) auipc   t5, 0x2
core   0: 3 0x800111bc (0x00002f17) x30 0x800131bc
core   0: 0x800111c0 (0xe43f2223) sw      gp, -444(t5)
core   0: 3 0x800111c0 (0xe43f2223) mem 0x80013000 0x00000001
core   0: 0x800111c4 (0xff9ff06f) j       pc - 0x8
core   0: 3 0x800111c4 (0xff9ff06f)
core   0: 0x800111bc (0x00002f17) auipc   t5, 0x2
core   0: 3 0x800111bc (0x00002f17) x30 0x800131bc
core   0: 0x800111c0 (0xe43f2223) sw      gp, -444(t5)
core   0: 3 0x800111c0 (0xe43f2223) mem 0x80013000 0x00000001
core   0: 0x800111c4 (0xff9ff06f) j       pc - 0x8
core   0: 3 0x800111c4 (0xff9ff06f)
core   0: 0x800111bc (0x00002f17) auipc   t5, 0x2
core   0: 3 0x800111bc (0x00002f17) x30 0x800131bc
core   0: 0x800111c0 (0xe43f2223) sw      gp, -444(t5)
core   0: 3 0x800111c0 (0xe43f2223) mem 0x80013000 0x00000001
core   0: 0x800111c4 (0xff9ff06f) j       pc - 0x8
core   0: 3 0x800111c4 (0xff9ff06f)
core   0: 0x800111bc (0x00002f17) auipc   t5, 0x2
core   0: 3 0x800111bc (0x00002f17) x30 0x800131bc
core   0: 0x800111c0 (0xe43f2223) sw      gp, -444(t5)
core   0: 3 0x800111c0 (0xe43f2223) mem 0x80013000 0x00000001
core   0: 0x800111c4 (0xff9ff06f) j       pc - 0x8
core   0: 3 0x800111c4 (0xff9ff06f)
core   0: 0x800111bc (0x00002f17) auipc   t5, 0x2
core   0: 3 0x800111bc (0x00002f17) x30 0x800131bc
core   0: 0x800111c0 (0xe43f2223) sw      gp, -444(t5)
core   0: 3 0x800111c0 (0xe43f2223) mem 0x80013000 0x00000001
core   0: 0x800111c4 (0xff9ff06f) j       pc - 0x8
core   0: 3 0x800111c4 (0xff9ff06f)
core   0: 0x800111bc (0x00002f17) auipc   t5, 0x2
core   0: 3 0x800111bc (0x00002f17) x30 0x800131bc
core   0: 0x800111c0 (0xe43f2223) sw      gp, -444(t5)
core   0: 3 0x800111c0 (0xe43f2223) mem 0x80013000 0x00000001
core   0: 0x800111c4 (0xff9ff06f) j       pc - 0x8
core   0: 3 0x800111c4 (0xff9ff06f)
core   0: 0x800111bc (0x00002f17) auipc   t5, 0x2
core   0: 3 0x800111bc (0x00002f17) x30 0x800131bc
core   0: 0x800111c0 (0xe43f2223) sw      gp, -444(t5)
core   0: 3 0x800111c0 (0xe43f2223) mem 0x80013000 0x00000001
core   0: 0x800111c4 (0xff9ff06f) j       pc - 0x8
core   0: 3 0x800111c4 (0xff9ff06f)
core   0: 0x800111bc (0x00002f17) auipc   t5, 0x2
core   0: 3 0x800111bc (0x00002f17) x30 0x800131bc
core   0: 0x800111c0 (0xe43f2223) sw      gp, -444(t5)
core   0: 3 0x800111c0 (0xe43f2223) mem 0x80013000 0x00000001
core   0: 0x800111c4 (0xff9ff06f) j       pc - 0x8
core   0: 3 0x800111c4 (0xff9ff06f)
core   0: 0x800111bc (0x00002f17) auipc   t5, 0x2
core   0: 3 0x800111bc (0x00002f17) x30 0x800131bc
core   0: 0x800111c0 (0xe43f2223) sw      gp, -444(t5)
core   0: 3 0x800111c0 (0xe43f2223) mem 0x80013000 0x00000001
core   0: 0x800111c4 (0xff9ff06f) j       pc - 0x8
core   0: 3 0x800111c4 (0xff9ff06f)
core   0: 0x800111bc (0x00002f17) auipc   t5, 0x2
core   0: 3 0x800111bc (0x00002f17) x30 0x800131bc
core   0: 0x800111c0 (0xe43f2223) sw      gp, -444(t5)
core   0: 3 0x800111c0 (0xe43f2223) mem 0x80013000 0x00000001
core   0: 0x800111c4 (0xff9ff06f) j       pc - 0x8
core   0: 3 0x800111c4 (0xff9ff06f)
core   0: 0x800111bc (0x00002f17) auipc   t5, 0x2
core   0: 3 0x800111bc (0x00002f17) x30 0x800131bc
core   0: 0x800111c0 (0xe43f2223) sw      gp, -444(t5)
core   0: 3 0x800111c0 (0xe43f2223) mem 0x80013000 0x00000001
core   0: 0x800111c4 (0xff9ff06f) j       pc - 0x8
core   0: 3 0x800111c4 (0xff9ff06f)
core   0: 0x800111bc (0x00002f17) auipc   t5, 0x2
core   0: 3 0x800111bc (0x00002f17) x30 0x800131bc
core   0: 0x800111c0 (0xe43f2223) sw      gp, -444(t5)
core   0: 3 0x800111c0 (0xe43f2223) mem 0x80013000 0x00000001
core   0: 0x800111c4 (0xff9ff06f) j       pc - 0x8
core   0: 3 0x800111c4 (0xff9ff06f)
core   0: 0x800111bc (0x00002f17) auipc   t5, 0x2
core   0: 3 0x800111bc (0x00002f17) x30 0x800131bc
core   0: 0x800111c0 (0xe43f2223) sw      gp, -444(t5)
core   0: 3 0x800111c0 (0xe43f2223) mem 0x80013000 0x00000001
core   0: 0x800111c4 (0xff9ff06f) j       pc - 0x8
core   0: 3 0x800111c4 (0xff9ff06f)
core   0: 0x800111bc (0x00002f17) auipc   t5, 0x2
core   0: 3 0x800111bc (0x00002f17) x30 0x800131bc
core   0: 0x800111c0 (0xe43f2223) sw      gp, -444(t5)
core   0: 3 0x800111c0 (0xe43f2223) mem 0x80013000 0x00000001
core   0: 0x800111c4 (0xff9ff06f) j       pc - 0x8
core   0: 3 0x800111c4 (0xff9ff06f)
core   0: 0x800111bc (0x00002f17) auipc   t5, 0x2
core   0: 3 0x800111bc (0x00002f17) x30 0x800131bc
core   0: 0x800111c0 (0xe43f2223) sw      gp, -444(t5)
core   0: 3 0x800111c0 (0xe43f2223) mem 0x80013000 0x00000001
core   0: 0x800111c4 (0xff9ff06f) j       pc - 0x8
core   0: 3 0x800111c4 (0xff9ff06f)
core   0: 0x800111bc (0x00002f17) auipc   t5, 0x2
core   0: 3 0x800111bc (0x00002f17) x30 0x800131bc
core   0: 0x800111c0 (0xe43f2223) sw      gp, -444(t5)
core   0: 3 0x800111c0 (0xe43f2223) mem 0x80013000 0x00000001
core   0: 0x800111c4 (0xff9ff06f) j       pc - 0x8
core   0: 3 0x800111c4 (0xff9ff06f)
core   0: 0x800111bc (0x00002f17) auipc   t5, 0x2
core   0: 3 0x800111bc (0x00002f17) x30 0x800131bc
core   0: 0x800111c0 (0xe43f2223) sw      gp, -444(t5)
core   0: 3 0x800111c0 (0xe43f2223) mem 0x80013000 0x00000001
core   0: 0x800111c4 (0xff9ff06f) j       pc - 0x8
core   0: 3 0x800111c4 (0xff9ff06f)
core   0: 0x800111bc (0x00002f17) auipc   t5, 0x2
core   0: 3 0x800111bc (0x00002f17) x30 0x800131bc
core   0: 0x800111c0 (0xe43f2223) sw      gp, -444(t5)
core   0: 3 0x800111c0 (0xe43f2223) mem 0x80013000 0x00000001
core   0: 0x800111c4 (0xff9ff06f) j       pc - 0x8
core   0: 3 0x800111c4 (0xff9ff06f)
core   0: 0x800111bc (0x00002f17) auipc   t5, 0x2
core   0: 3 0x800111bc (0x00002f17) x30 0x800131bc
core   0: 0x800111c0 (0xe43f2223) sw      gp, -444(t5)
core   0: 3 0x800111c0 (0xe43f2223) mem 0x80013000 0x00000001
core   0: 0x800111c4 (0xff9ff06f) j       pc - 0x8
core   0: 3 0x800111c4 (0xff9ff06f)
core   0: 0x800111bc (0x00002f17) auipc   t5, 0x2
core   0: 3 0x800111bc (0x00002f17) x30 0x800131bc
core   0: 0x800111c0 (0xe43f2223) sw      gp, -444(t5)
core   0: 3 0x800111c0 (0xe43f2223) mem 0x80013000 0x00000001
core   0: 0x800111c4 (0xff9ff06f) j       pc - 0x8
core   0: 3 0x800111c4 (0xff9ff06f)
core   0: 0x800111bc (0x00002f17) auipc   t5, 0x2
core   0: 3 0x800111bc (0x00002f17) x30 0x800131bc
core   0: 0x800111c0 (0xe43f2223) sw      gp, -444(t5)
core   0: 3 0x800111c0 (0xe43f2223) mem 0x80013000 0x00000001
core   0: 0x800111c4 (0xff9ff06f) j       pc - 0x8
core   0: 3 0x800111c4 (0xff9ff06f)
core   0: 0x800111bc (0x00002f17) auipc   t5, 0x2
core   0: 3 0x800111bc (0x00002f17) x30 0x800131bc
core   0: 0x800111c0 (0xe43f2223) sw      gp, -444(t5)
core   0: 3 0x800111c0 (0xe43f2223) mem 0x80013000 0x00000001
core   0: 0x800111c4 (0xff9ff06f) j       pc - 0x8
core   0: 3 0x800111c4 (0xff9ff06f)
core   0: 0x800111bc (0x00002f17) auipc   t5, 0x2
core   0: 3 0x800111bc (0x00002f17) x30 0x800131bc
core   0: 0x800111c0 (0xe43f2223) sw      gp, -444(t5)
core   0: 3 0x800111c0 (0xe43f2223) mem 0x80013000 0x00000001
core   0: 0x800111c4 (0xff9ff06f) j       pc - 0x8
core   0: 3 0x800111c4 (0xff9ff06f)
core   0: 0x800111bc (0x00002f17) auipc   t5, 0x2
core   0: 3 0x800111bc (0x00002f17) x30 0x800131bc
core   0: 0x800111c0 (0xe43f2223) sw      gp, -444(t5)
core   0: 3 0x800111c0 (0xe43f2223) mem 0x80013000 0x00000001
core   0: 0x800111c4 (0xff9ff06f) j       pc - 0x8
core   0: 3 0x800111c4 (0xff9ff06f)
core   0: 0x800111bc (0x00002f17) auipc   t5, 0x2
core   0: 3 0x800111bc (0x00002f17) x30 0x800131bc
core   0: 0x800111c0 (0xe43f2223) sw      gp, -444(t5)
core   0: 3 0x800111c0 (0xe43f2223) mem 0x80013000 0x00000001
core   0: 0x800111c4 (0xff9ff06f) j       pc - 0x8
core   0: 3 0x800111c4 (0xff9ff06f)
core   0: 0x800111bc (0x00002f17) auipc   t5, 0x2
core   0: 3 0x800111bc (0x00002f17) x30 0x800131bc
core   0: 0x800111c0 (0xe43f2223) sw      gp, -444(t5)
core   0: 3 0x800111c0 (0xe43f2223) mem 0x80013000 0x00000001
core   0: 0x800111c4 (0xff9ff06f) j       pc - 0x8
core   0: 3 0x800111c4 (0xff9ff06f)
core   0: 0x800111bc (0x00002f17) auipc   t5, 0x2
core   0: 3 0x800111bc (0x00002f17) x30 0x800131bc
core   0: 0x800111c0 (0xe43f2223) sw      gp, -444(t5)
core   0: 3 0x800111c0 (0xe43f2223) mem 0x80013000 0x00000001
core   0: 0x800111c4 (0xff9ff06f) j       pc - 0x8
core   0: 3 0x800111c4 (0xff9ff06f)
core   0: 0x800111bc (0x00002f17) auipc   t5, 0x2
core   0: 3 0x800111bc (0x00002f17) x30 0x800131bc
core   0: 0x800111c0 (0xe43f2223) sw      gp, -444(t5)
core   0: 3 0x800111c0 (0xe43f2223) mem 0x80013000 0x00000001
core   0: 0x800111c4 (0xff9ff06f) j       pc - 0x8
core   0: 3 0x800111c4 (0xff9ff06f)
core   0: 0x800111bc (0x00002f17) auipc   t5, 0x2
core   0: 3 0x800111bc (0x00002f17) x30 0x800131bc
core   0: 0x800111c0 (0xe43f2223) sw      gp, -444(t5)
core   0: 3 0x800111c0 (0xe43f2223) mem 0x80013000 0x00000001
core   0: 0x800111c4 (0xff9ff06f) j       pc - 0x8
core   0: 3 0x800111c4 (0xff9ff06f)
core   0: 0x800111bc (0x00002f17) auipc   t5, 0x2
core   0: 3 0x800111bc (0x00002f17) x30 0x800131bc
core   0: 0x800111c0 (0xe43f2223) sw      gp, -444(t5)
core   0: 3 0x800111c0 (0xe43f2223) mem 0x80013000 0x00000001
core   0: 0x800111c4 (0xff9ff06f) j       pc - 0x8
core   0: 3 0x800111c4 (0xff9ff06f)
core   0: 0x800111bc (0x00002f17) auipc   t5, 0x2
core   0: 3 0x800111bc (0x00002f17) x30 0x800131bc
core   0: 0x800111c0 (0xe43f2223) sw      gp, -444(t5)
core   0: 3 0x800111c0 (0xe43f2223) mem 0x80013000 0x00000001
core   0: 0x800111c4 (0xff9ff06f) j       pc - 0x8
core   0: 3 0x800111c4 (0xff9ff06f)
core   0: 0x800111bc (0x00002f17) auipc   t5, 0x2
core   0: 3 0x800111bc (0x00002f17) x30 0x800131bc
core   0: 0x800111c0 (0xe43f2223) sw      gp, -444(t5)
core   0: 3 0x800111c0 (0xe43f2223) mem 0x80013000 0x00000001
core   0: 0x800111c4 (0xff9ff06f) j       pc - 0x8
core   0: 3 0x800111c4 (0xff9ff06f)
core   0: 0x800111bc (0x00002f17) auipc   t5, 0x2
core   0: 3 0x800111bc (0x00002f17) x30 0x800131bc
core   0: 0x800111c0 (0xe43f2223) sw      gp, -444(t5)
core   0: 3 0x800111c0 (0xe43f2223) mem 0x80013000 0x00000001
core   0: 0x800111c4 (0xff9ff06f) j       pc - 0x8
core   0: 3 0x800111c4 (0xff9ff06f)
core   0: 0x800111bc (0x00002f17) auipc   t5, 0x2
core   0: 3 0x800111bc (0x00002f17) x30 0x800131bc
core   0: 0x800111c0 (0xe43f2223) sw      gp, -444(t5)
core   0: 3 0x800111c0 (0xe43f2223) mem 0x80013000 0x00000001
core   0: 0x800111c4 (0xff9ff06f) j       pc - 0x8
core   0: 3 0x800111c4 (0xff9ff06f)
core   0: 0x800111bc (0x00002f17) auipc   t5, 0x2
core   0: 3 0x800111bc (0x00002f17) x30 0x800131bc
core   0: 0x800111c0 (0xe43f2223) sw      gp, -444(t5)
core   0: 3 0x800111c0 (0xe43f2223) mem 0x80013000 0x00000001
core   0: 0x800111c4 (0xff9ff06f) j       pc - 0x8
core   0: 3 0x800111c4 (0xff9ff06f)
core   0: 0x800111bc (0x00002f17) auipc   t5, 0x2
core   0: 3 0x800111bc (0x00002f17) x30 0x800131bc
core   0: 0x800111c0 (0xe43f2223) sw      gp, -444(t5)
core   0: 3 0x800111c0 (0xe43f2223) mem 0x80013000 0x00000001
core   0: 0x800111c4 (0xff9ff06f) j       pc - 0x8
core   0: 3 0x800111c4 (0xff9ff06f)
core   0: 0x800111bc (0x00002f17) auipc   t5, 0x2
core   0: 3 0x800111bc (0x00002f17) x30 0x800131bc
core   0: 0x800111c0 (0xe43f2223) sw      gp, -444(t5)
core   0: 3 0x800111c0 (0xe43f2223) mem 0x80013000 0x00000001
core   0: 0x800111c4 (0xff9ff06f) j       pc - 0x8
core   0: 3 0x800111c4 (0xff9ff06f)
core   0: 0x800111bc (0x00002f17) auipc   t5, 0x2
core   0: 3 0x800111bc (0x00002f17) x30 0x800131bc
core   0: 0x800111c0 (0xe43f2223) sw      gp, -444(t5)
core   0: 3 0x800111c0 (0xe43f2223) mem 0x80013000 0x00000001
core   0: 0x800111c4 (0xff9ff06f) j       pc - 0x8
core   0: 3 0x800111c4 (0xff9ff06f)
core   0: 0x800111bc (0x00002f17) auipc   t5, 0x2
core   0: 3 0x800111bc (0x00002f17) x30 0x800131bc
core   0: 0x800111c0 (0xe43f2223) sw      gp, -444(t5)
core   0: 3 0x800111c0 (0xe43f2223) mem 0x80013000 0x00000001
core   0: 0x800111c4 (0xff9ff06f) j       pc - 0x8
core   0: 3 0x800111c4 (0xff9ff06f)
core   0: 0x800111bc (0x00002f17) auipc   t5, 0x2
core   0: 3 0x800111bc (0x00002f17) x30 0x800131bc
core   0: 0x800111c0 (0xe43f2223) sw      gp, -444(t5)
core   0: 3 0x800111c0 (0xe43f2223) mem 0x80013000 0x00000001
core   0: 0x800111c4 (0xff9ff06f) j       pc - 0x8
core   0: 3 0x800111c4 (0xff9ff06f)
core   0: 0x800111bc (0x00002f17) auipc   t5, 0x2
core   0: 3 0x800111bc (0x00002f17) x30 0x800131bc
core   0: 0x800111c0 (0xe43f2223) sw      gp, -444(t5)
core   0: 3 0x800111c0 (0xe43f2223) mem 0x80013000 0x00000001
core   0: 0x800111c4 (0xff9ff06f) j       pc - 0x8
core   0: 3 0x800111c4 (0xff9ff06f)
core   0: 0x800111bc (0x00002f17) auipc   t5, 0x2
core   0: 3 0x800111bc (0x00002f17) x30 0x800131bc
core   0: 0x800111c0 (0xe43f2223) sw      gp, -444(t5)
core   0: 3 0x800111c0 (0xe43f2223) mem 0x80013000 0x00000001
core   0: 0x800111c4 (0xff9ff06f) j       pc - 0x8
core   0: 3 0x800111c4 (0xff9ff06f)
core   0: 0x800111bc (0x00002f17) auipc   t5, 0x2
core   0: 3 0x800111bc (0x00002f17) x30 0x800131bc
core   0: 0x800111c0 (0xe43f2223) sw      gp, -444(t5)
core   0: 3 0x800111c0 (0xe43f2223) mem 0x80013000 0x00000001
core   0: 0x800111c4 (0xff9ff06f) j       pc - 0x8
core   0: 3 0x800111c4 (0xff9ff06f)
core   0: 0x800111bc (0x00002f17) auipc   t5, 0x2
core   0: 3 0x800111bc (0x00002f17) x30 0x800131bc
core   0: 0x800111c0 (0xe43f2223) sw      gp, -444(t5)
core   0: 3 0x800111c0 (0xe43f2223) mem 0x80013000 0x00000001
core   0: 0x800111c4 (0xff9ff06f) j       pc - 0x8
core   0: 3 0x800111c4 (0xff9ff06f)
core   0: 0x800111bc (0x00002f17) auipc   t5, 0x2
core   0: 3 0x800111bc (0x00002f17) x30 0x800131bc
core   0: 0x800111c0 (0xe43f2223) sw      gp, -444(t5)
core   0: 3 0x800111c0 (0xe43f2223) mem 0x80013000 0x00000001
core   0: 0x800111c4 (0xff9ff06f) j       pc - 0x8
core   0: 3 0x800111c4 (0xff9ff06f)
core   0: 0x800111bc (0x00002f17) auipc   t5, 0x2
core   0: 3 0x800111bc (0x00002f17) x30 0x800131bc
core   0: 0x800111c0 (0xe43f2223) sw      gp, -444(t5)
core   0: 3 0x800111c0 (0xe43f2223) mem 0x80013000 0x00000001
core   0: 0x800111c4 (0xff9ff06f) j       pc - 0x8
core   0: 3 0x800111c4 (0xff9ff06f)
core   0: 0x800111bc (0x00002f17) auipc   t5, 0x2
core   0: 3 0x800111bc (0x00002f17) x30 0x800131bc
core   0: 0x800111c0 (0xe43f2223) sw      gp, -444(t5)
core   0: 3 0x800111c0 (0xe43f2223) mem 0x80013000 0x00000001
core   0: 0x800111c4 (0xff9ff06f) j       pc - 0x8
core   0: 3 0x800111c4 (0xff9ff06f)
core   0: 0x800111bc (0x00002f17) auipc   t5, 0x2
core   0: 3 0x800111bc (0x00002f17) x30 0x800131bc
core   0: 0x800111c0 (0xe43f2223) sw      gp, -444(t5)
core   0: 3 0x800111c0 (0xe43f2223) mem 0x80013000 0x00000001
core   0: 0x800111c4 (0xff9ff06f) j       pc - 0x8
core   0: 3 0x800111c4 (0xff9ff06f)
core   0: 0x800111bc (0x00002f17) auipc   t5, 0x2
core   0: 3 0x800111bc (0x00002f17) x30 0x800131bc
core   0: 0x800111c0 (0xe43f2223) sw      gp, -444(t5)
core   0: 3 0x800111c0 (0xe43f2223) mem 0x80013000 0x00000001
core   0: 0x800111c4 (0xff9ff06f) j       pc - 0x8
core   0: 3 0x800111c4 (0xff9ff06f)
core   0: 0x800111bc (0x00002f17) auipc   t5, 0x2
core   0: 3 0x800111bc (0x00002f17) x30 0x800131bc
core   0: 0x800111c0 (0xe43f2223) sw      gp, -444(t5)
core   0: 3 0x800111c0 (0xe43f2223) mem 0x80013000 0x00000001
core   0: 0x800111c4 (0xff9ff06f) j       pc - 0x8
core   0: 3 0x800111c4 (0xff9ff06f)
core   0: 0x800111bc (0x00002f17) auipc   t5, 0x2
core   0: 3 0x800111bc (0x00002f17) x30 0x800131bc
core   0: 0x800111c0 (0xe43f2223) sw      gp, -444(t5)
core   0: 3 0x800111c0 (0xe43f2223) mem 0x80013000 0x00000001
core   0: 0x800111c4 (0xff9ff06f) j       pc - 0x8
core   0: 3 0x800111c4 (0xff9ff06f)
core   0: 0x800111bc (0x00002f17) auipc   t5, 0x2
core   0: 3 0x800111bc (0x00002f17) x30 0x800131bc
core   0: 0x800111c0 (0xe43f2223) sw      gp, -444(t5)
core   0: 3 0x800111c0 (0xe43f2223) mem 0x80013000 0x00000001
core   0: 0x800111c4 (0xff9ff06f) j       pc - 0x8
core   0: 3 0x800111c4 (0xff9ff06f)
core   0: 0x800111bc (0x00002f17) auipc   t5, 0x2
core   0: 3 0x800111bc (0x00002f17) x30 0x800131bc
core   0: 0x800111c0 (0xe43f2223) sw      gp, -444(t5)
core   0: 3 0x800111c0 (0xe43f2223) mem 0x80013000 0x00000001
core   0: 0x800111c4 (0xff9ff06f) j       pc - 0x8
core   0: 3 0x800111c4 (0xff9ff06f)
core   0: 0x800111bc (0x00002f17) auipc   t5, 0x2
core   0: 3 0x800111bc (0x00002f17) x30 0x800131bc
core   0: 0x800111c0 (0xe43f2223) sw      gp, -444(t5)
core   0: 3 0x800111c0 (0xe43f2223) mem 0x80013000 0x00000001
core   0: 0x800111c4 (0xff9ff06f) j       pc - 0x8
core   0: 3 0x800111c4 (0xff9ff06f)
core   0: 0x800111bc (0x00002f17) auipc   t5, 0x2
core   0: 3 0x800111bc (0x00002f17) x30 0x800131bc
core   0: 0x800111c0 (0xe43f2223) sw      gp, -444(t5)
core   0: 3 0x800111c0 (0xe43f2223) mem 0x80013000 0x00000001
core   0: 0x800111c4 (0xff9ff06f) j       pc - 0x8
core   0: 3 0x800111c4 (0xff9ff06f)
core   0: 0x800111bc (0x00002f17) auipc   t5, 0x2
core   0: 3 0x800111bc (0x00002f17) x30 0x800131bc
core   0: 0x800111c0 (0xe43f2223) sw      gp, -444(t5)
core   0: 3 0x800111c0 (0xe43f2223) mem 0x80013000 0x00000001
core   0: 0x800111c4 (0xff9ff06f) j       pc - 0x8
core   0: 3 0x800111c4 (0xff9ff06f)
core   0: 0x800111bc (0x00002f17) auipc   t5, 0x2
core   0: 3 0x800111bc (0x00002f17) x30 0x800131bc
core   0: 0x800111c0 (0xe43f2223) sw      gp, -444(t5)
core   0: 3 0x800111c0 (0xe43f2223) mem 0x80013000 0x00000001
core   0: 0x800111c4 (0xff9ff06f) j       pc - 0x8
core   0: 3 0x800111c4 (0xff9ff06f)
core   0: 0x800111bc (0x00002f17) auipc   t5, 0x2
core   0: 3 0x800111bc (0x00002f17) x30 0x800131bc
core   0: 0x800111c0 (0xe43f2223) sw      gp, -444(t5)
core   0: 3 0x800111c0 (0xe43f2223) mem 0x80013000 0x00000001
core   0: 0x800111c4 (0xff9ff06f) j       pc - 0x8
core   0: 3 0x800111c4 (0xff9ff06f)
core   0: 0x800111bc (0x00002f17) auipc   t5, 0x2
core   0: 3 0x800111bc (0x00002f17) x30 0x800131bc
core   0: 0x800111c0 (0xe43f2223) sw      gp, -444(t5)
core   0: 3 0x800111c0 (0xe43f2223) mem 0x80013000 0x00000001
core   0: 0x800111c4 (0xff9ff06f) j       pc - 0x8
core   0: 3 0x800111c4 (0xff9ff06f)
core   0: 0x800111bc (0x00002f17) auipc   t5, 0x2
core   0: 3 0x800111bc (0x00002f17) x30 0x800131bc
core   0: 0x800111c0 (0xe43f2223) sw      gp, -444(t5)
core   0: 3 0x800111c0 (0xe43f2223) mem 0x80013000 0x00000001
core   0: 0x800111c4 (0xff9ff06f) j       pc - 0x8
core   0: 3 0x800111c4 (0xff9ff06f)
core   0: 0x800111bc (0x00002f17) auipc   t5, 0x2
core   0: 3 0x800111bc (0x00002f17) x30 0x800131bc
core   0: 0x800111c0 (0xe43f2223) sw      gp, -444(t5)
core   0: 3 0x800111c0 (0xe43f2223) mem 0x80013000 0x00000001
core   0: 0x800111c4 (0xff9ff06f) j       pc - 0x8
core   0: 3 0x800111c4 (0xff9ff06f)
core   0: 0x800111bc (0x00002f17) auipc   t5, 0x2
core   0: 3 0x800111bc (0x00002f17) x30 0x800131bc
core   0: 0x800111c0 (0xe43f2223) sw      gp, -444(t5)
core   0: 3 0x800111c0 (0xe43f2223) mem 0x80013000 0x00000001
core   0: 0x800111c4 (0xff9ff06f) j       pc - 0x8
core   0: 3 0x800111c4 (0xff9ff06f)
core   0: 0x800111bc (0x00002f17) auipc   t5, 0x2
core   0: 3 0x800111bc (0x00002f17) x30 0x800131bc
core   0: 0x800111c0 (0xe43f2223) sw      gp, -444(t5)
core   0: 3 0x800111c0 (0xe43f2223) mem 0x80013000 0x00000001
core   0: 0x800111c4 (0xff9ff06f) j       pc - 0x8
core   0: 3 0x800111c4 (0xff9ff06f)
core   0: 0x800111bc (0x00002f17) auipc   t5, 0x2
core   0: 3 0x800111bc (0x00002f17) x30 0x800131bc
core   0: 0x800111c0 (0xe43f2223) sw      gp, -444(t5)
core   0: 3 0x800111c0 (0xe43f2223) mem 0x80013000 0x00000001
core   0: 0x800111c4 (0xff9ff06f) j       pc - 0x8
core   0: 3 0x800111c4 (0xff9ff06f)
core   0: 0x800111bc (0x00002f17) auipc   t5, 0x2
core   0: 3 0x800111bc (0x00002f17) x30 0x800131bc
core   0: 0x800111c0 (0xe43f2223) sw      gp, -444(t5)
core   0: 3 0x800111c0 (0xe43f2223) mem 0x80013000 0x00000001
core   0: 0x800111c4 (0xff9ff06f) j       pc - 0x8
core   0: 3 0x800111c4 (0xff9ff06f)
core   0: 0x800111bc (0x00002f17) auipc   t5, 0x2
core   0: 3 0x800111bc (0x00002f17) x30 0x800131bc
core   0: 0x800111c0 (0xe43f2223) sw      gp, -444(t5)
core   0: 3 0x800111c0 (0xe43f2223) mem 0x80013000 0x00000001
core   0: 0x800111c4 (0xff9ff06f) j       pc - 0x8
core   0: 3 0x800111c4 (0xff9ff06f)
core   0: 0x800111bc (0x00002f17) auipc   t5, 0x2
core   0: 3 0x800111bc (0x00002f17) x30 0x800131bc
core   0: 0x800111c0 (0xe43f2223) sw      gp, -444(t5)
core   0: 3 0x800111c0 (0xe43f2223) mem 0x80013000 0x00000001
core   0: 0x800111c4 (0xff9ff06f) j       pc - 0x8
core   0: 3 0x800111c4 (0xff9ff06f)
core   0: 0x800111bc (0x00002f17) auipc   t5, 0x2
core   0: 3 0x800111bc (0x00002f17) x30 0x800131bc
core   0: 0x800111c0 (0xe43f2223) sw      gp, -444(t5)
core   0: 3 0x800111c0 (0xe43f2223) mem 0x80013000 0x00000001
core   0: 0x800111c4 (0xff9ff06f) j       pc - 0x8
core   0: 3 0x800111c4 (0xff9ff06f)
core   0: 0x800111bc (0x00002f17) auipc   t5, 0x2
core   0: 3 0x800111bc (0x00002f17) x30 0x800131bc
core   0: 0x800111c0 (0xe43f2223) sw      gp, -444(t5)
core   0: 3 0x800111c0 (0xe43f2223) mem 0x80013000 0x00000001
core   0: 0x800111c4 (0xff9ff06f) j       pc - 0x8
core   0: 3 0x800111c4 (0xff9ff06f)
core   0: 0x800111bc (0x00002f17) auipc   t5, 0x2
core   0: 3 0x800111bc (0x00002f17) x30 0x800131bc
core   0: 0x800111c0 (0xe43f2223) sw      gp, -444(t5)
core   0: 3 0x800111c0 (0xe43f2223) mem 0x80013000 0x00000001
core   0: 0x800111c4 (0xff9ff06f) j       pc - 0x8
core   0: 3 0x800111c4 (0xff9ff06f)
core   0: 0x800111bc (0x00002f17) auipc   t5, 0x2
core   0: 3 0x800111bc (0x00002f17) x30 0x800131bc
core   0: 0x800111c0 (0xe43f2223) sw      gp, -444(t5)
core   0: 3 0x800111c0 (0xe43f2223) mem 0x80013000 0x00000001
core   0: 0x800111c4 (0xff9ff06f) j       pc - 0x8
core   0: 3 0x800111c4 (0xff9ff06f)
core   0: 0x800111bc (0x00002f17) auipc   t5, 0x2
core   0: 3 0x800111bc (0x00002f17) x30 0x800131bc
core   0: 0x800111c0 (0xe43f2223) sw      gp, -444(t5)
core   0: 3 0x800111c0 (0xe43f2223) mem 0x80013000 0x00000001
core   0: 0x800111c4 (0xff9ff06f) j       pc - 0x8
core   0: 3 0x800111c4 (0xff9ff06f)
core   0: 0x800111bc (0x00002f17) auipc   t5, 0x2
core   0: 3 0x800111bc (0x00002f17) x30 0x800131bc
core   0: 0x800111c0 (0xe43f2223) sw      gp, -444(t5)
core   0: 3 0x800111c0 (0xe43f2223) mem 0x80013000 0x00000001
core   0: 0x800111c4 (0xff9ff06f) j       pc - 0x8
core   0: 3 0x800111c4 (0xff9ff06f)
core   0: 0x800111bc (0x00002f17) auipc   t5, 0x2
core   0: 3 0x800111bc (0x00002f17) x30 0x800131bc
core   0: 0x800111c0 (0xe43f2223) sw      gp, -444(t5)
core   0: 3 0x800111c0 (0xe43f2223) mem 0x80013000 0x00000001
core   0: 0x800111c4 (0xff9ff06f) j       pc - 0x8
core   0: 3 0x800111c4 (0xff9ff06f)
core   0: 0x800111bc (0x00002f17) auipc   t5, 0x2
core   0: 3 0x800111bc (0x00002f17) x30 0x800131bc
core   0: 0x800111c0 (0xe43f2223) sw      gp, -444(t5)
core   0: 3 0x800111c0 (0xe43f2223) mem 0x80013000 0x00000001
core   0: 0x800111c4 (0xff9ff06f) j       pc - 0x8
core   0: 3 0x800111c4 (0xff9ff06f)
core   0: 0x800111bc (0x00002f17) auipc   t5, 0x2
core   0: 3 0x800111bc (0x00002f17) x30 0x800131bc
core   0: 0x800111c0 (0xe43f2223) sw      gp, -444(t5)
core   0: 3 0x800111c0 (0xe43f2223) mem 0x80013000 0x00000001
core   0: 0x800111c4 (0xff9ff06f) j       pc - 0x8
core   0: 3 0x800111c4 (0xff9ff06f)
core   0: 0x800111bc (0x00002f17) auipc   t5, 0x2
core   0: 3 0x800111bc (0x00002f17) x30 0x800131bc
core   0: 0x800111c0 (0xe43f2223) sw      gp, -444(t5)
core   0: 3 0x800111c0 (0xe43f2223) mem 0x80013000 0x00000001
core   0: 0x800111c4 (0xff9ff06f) j       pc - 0x8
core   0: 3 0x800111c4 (0xff9ff06f)
core   0: 0x800111bc (0x00002f17) auipc   t5, 0x2
core   0: 3 0x800111bc (0x00002f17) x30 0x800131bc
core   0: 0x800111c0 (0xe43f2223) sw      gp, -444(t5)
core   0: 3 0x800111c0 (0xe43f2223) mem 0x80013000 0x00000001
core   0: 0x800111c4 (0xff9ff06f) j       pc - 0x8
core   0: 3 0x800111c4 (0xff9ff06f)
core   0: 0x800111bc (0x00002f17) auipc   t5, 0x2
core   0: 3 0x800111bc (0x00002f17) x30 0x800131bc
core   0: 0x800111c0 (0xe43f2223) sw      gp, -444(t5)
core   0: 3 0x800111c0 (0xe43f2223) mem 0x80013000 0x00000001
core   0: 0x800111c4 (0xff9ff06f) j       pc - 0x8
core   0: 3 0x800111c4 (0xff9ff06f)
core   0: 0x800111bc (0x00002f17) auipc   t5, 0x2
core   0: 3 0x800111bc (0x00002f17) x30 0x800131bc
core   0: 0x800111c0 (0xe43f2223) sw      gp, -444(t5)
core   0: 3 0x800111c0 (0xe43f2223) mem 0x80013000 0x00000001
core   0: 0x800111c4 (0xff9ff06f) j       pc - 0x8
core   0: 3 0x800111c4 (0xff9ff06f)
core   0: 0x800111bc (0x00002f17) auipc   t5, 0x2
core   0: 3 0x800111bc (0x00002f17) x30 0x800131bc
core   0: 0x800111c0 (0xe43f2223) sw      gp, -444(t5)
core   0: 3 0x800111c0 (0xe43f2223) mem 0x80013000 0x00000001
core   0: 0x800111c4 (0xff9ff06f) j       pc - 0x8
core   0: 3 0x800111c4 (0xff9ff06f)
core   0: 0x800111bc (0x00002f17) auipc   t5, 0x2
core   0: 3 0x800111bc (0x00002f17) x30 0x800131bc
core   0: 0x800111c0 (0xe43f2223) sw      gp, -444(t5)
core   0: 3 0x800111c0 (0xe43f2223) mem 0x80013000 0x00000001
core   0: 0x800111c4 (0xff9ff06f) j       pc - 0x8
core   0: 3 0x800111c4 (0xff9ff06f)
core   0: 0x800111bc (0x00002f17) auipc   t5, 0x2
core   0: 3 0x800111bc (0x00002f17) x30 0x800131bc
core   0: 0x800111c0 (0xe43f2223) sw      gp, -444(t5)
core   0: 3 0x800111c0 (0xe43f2223) mem 0x80013000 0x00000001
core   0: 0x800111c4 (0xff9ff06f) j       pc - 0x8
core   0: 3 0x800111c4 (0xff9ff06f)
core   0: 0x800111bc (0x00002f17) auipc   t5, 0x2
core   0: 3 0x800111bc (0x00002f17) x30 0x800131bc
core   0: 0x800111c0 (0xe43f2223) sw      gp, -444(t5)
core   0: 3 0x800111c0 (0xe43f2223) mem 0x80013000 0x00000001
core   0: 0x800111c4 (0xff9ff06f) j       pc - 0x8
core   0: 3 0x800111c4 (0xff9ff06f)
core   0: 0x800111bc (0x00002f17) auipc   t5, 0x2
core   0: 3 0x800111bc (0x00002f17) x30 0x800131bc
core   0: 0x800111c0 (0xe43f2223) sw      gp, -444(t5)
core   0: 3 0x800111c0 (0xe43f2223) mem 0x80013000 0x00000001
core   0: 0x800111c4 (0xff9ff06f) j       pc - 0x8
core   0: 3 0x800111c4 (0xff9ff06f)
core   0: 0x800111bc (0x00002f17) auipc   t5, 0x2
core   0: 3 0x800111bc (0x00002f17) x30 0x800131bc
core   0: 0x800111c0 (0xe43f2223) sw      gp, -444(t5)
core   0: 3 0x800111c0 (0xe43f2223) mem 0x80013000 0x00000001
core   0: 0x800111c4 (0xff9ff06f) j       pc - 0x8
core   0: 3 0x800111c4 (0xff9ff06f)
core   0: 0x800111bc (0x00002f17) auipc   t5, 0x2
core   0: 3 0x800111bc (0x00002f17) x30 0x800131bc
core   0: 0x800111c0 (0xe43f2223) sw      gp, -444(t5)
core   0: 3 0x800111c0 (0xe43f2223) mem 0x80013000 0x00000001
core   0: 0x800111c4 (0xff9ff06f) j       pc - 0x8
core   0: 3 0x800111c4 (0xff9ff06f)
core   0: 0x800111bc (0x00002f17) auipc   t5, 0x2
core   0: 3 0x800111bc (0x00002f17) x30 0x800131bc
core   0: 0x800111c0 (0xe43f2223) sw      gp, -444(t5)
core   0: 3 0x800111c0 (0xe43f2223) mem 0x80013000 0x00000001
core   0: 0x800111c4 (0xff9ff06f) j       pc - 0x8
core   0: 3 0x800111c4 (0xff9ff06f)
core   0: 0x800111bc (0x00002f17) auipc   t5, 0x2
core   0: 3 0x800111bc (0x00002f17) x30 0x800131bc
core   0: 0x800111c0 (0xe43f2223) sw      gp, -444(t5)
core   0: 3 0x800111c0 (0xe43f2223) mem 0x80013000 0x00000001
core   0: 0x800111c4 (0xff9ff06f) j       pc - 0x8
core   0: 3 0x800111c4 (0xff9ff06f)
core   0: 0x800111bc (0x00002f17) auipc   t5, 0x2
core   0: 3 0x800111bc (0x00002f17) x30 0x800131bc
core   0: 0x800111c0 (0xe43f2223) sw      gp, -444(t5)
core   0: 3 0x800111c0 (0xe43f2223) mem 0x80013000 0x00000001
core   0: 0x800111c4 (0xff9ff06f) j       pc - 0x8
core   0: 3 0x800111c4 (0xff9ff06f)
core   0: 0x800111bc (0x00002f17) auipc   t5, 0x2
core   0: 3 0x800111bc (0x00002f17) x30 0x800131bc
core   0: 0x800111c0 (0xe43f2223) sw      gp, -444(t5)
core   0: 3 0x800111c0 (0xe43f2223) mem 0x80013000 0x00000001
core   0: 0x800111c4 (0xff9ff06f) j       pc - 0x8
core   0: 3 0x800111c4 (0xff9ff06f)
core   0: 0x800111bc (0x00002f17) auipc   t5, 0x2
core   0: 3 0x800111bc (0x00002f17) x30 0x800131bc
core   0: 0x800111c0 (0xe43f2223) sw      gp, -444(t5)
core   0: 3 0x800111c0 (0xe43f2223) mem 0x80013000 0x00000001
core   0: 0x800111c4 (0xff9ff06f) j       pc - 0x8
core   0: 3 0x800111c4 (0xff9ff06f)
core   0: 0x800111bc (0x00002f17) auipc   t5, 0x2
core   0: 3 0x800111bc (0x00002f17) x30 0x800131bc
core   0: 0x800111c0 (0xe43f2223) sw      gp, -444(t5)
core   0: 3 0x800111c0 (0xe43f2223) mem 0x80013000 0x00000001
core   0: 0x800111c4 (0xff9ff06f) j       pc - 0x8
core   0: 3 0x800111c4 (0xff9ff06f)
core   0: 0x800111bc (0x00002f17) auipc   t5, 0x2
core   0: 3 0x800111bc (0x00002f17) x30 0x800131bc
core   0: 0x800111c0 (0xe43f2223) sw      gp, -444(t5)
core   0: 3 0x800111c0 (0xe43f2223) mem 0x80013000 0x00000001
core   0: 0x800111c4 (0xff9ff06f) j       pc - 0x8
core   0: 3 0x800111c4 (0xff9ff06f)
core   0: 0x800111bc (0x00002f17) auipc   t5, 0x2
core   0: 3 0x800111bc (0x00002f17) x30 0x800131bc
core   0: 0x800111c0 (0xe43f2223) sw      gp, -444(t5)
core   0: 3 0x800111c0 (0xe43f2223) mem 0x80013000 0x00000001
core   0: 0x800111c4 (0xff9ff06f) j       pc - 0x8
core   0: 3 0x800111c4 (0xff9ff06f)
core   0: 0x800111bc (0x00002f17) auipc   t5, 0x2
core   0: 3 0x800111bc (0x00002f17) x30 0x800131bc
core   0: 0x800111c0 (0xe43f2223) sw      gp, -444(t5)
core   0: 3 0x800111c0 (0xe43f2223) mem 0x80013000 0x00000001
core   0: 0x800111c4 (0xff9ff06f) j       pc - 0x8
core   0: 3 0x800111c4 (0xff9ff06f)
core   0: 0x800111bc (0x00002f17) auipc   t5, 0x2
core   0: 3 0x800111bc (0x00002f17) x30 0x800131bc
core   0: 0x800111c0 (0xe43f2223) sw      gp, -444(t5)
core   0: 3 0x800111c0 (0xe43f2223) mem 0x80013000 0x00000001
core   0: 0x800111c4 (0xff9ff06f) j       pc - 0x8
core   0: 3 0x800111c4 (0xff9ff06f)
core   0: 0x800111bc (0x00002f17) auipc   t5, 0x2
core   0: 3 0x800111bc (0x00002f17) x30 0x800131bc
core   0: 0x800111c0 (0xe43f2223) sw      gp, -444(t5)
core   0: 3 0x800111c0 (0xe43f2223) mem 0x80013000 0x00000001
core   0: 0x800111c4 (0xff9ff06f) j       pc - 0x8
core   0: 3 0x800111c4 (0xff9ff06f)
core   0: 0x800111bc (0x00002f17) auipc   t5, 0x2
core   0: 3 0x800111bc (0x00002f17) x30 0x800131bc
core   0: 0x800111c0 (0xe43f2223) sw      gp, -444(t5)
core   0: 3 0x800111c0 (0xe43f2223) mem 0x80013000 0x00000001
core   0: 0x800111c4 (0xff9ff06f) j       pc - 0x8
core   0: 3 0x800111c4 (0xff9ff06f)
core   0: 0x800111bc (0x00002f17) auipc   t5, 0x2
core   0: 3 0x800111bc (0x00002f17) x30 0x800131bc
core   0: 0x800111c0 (0xe43f2223) sw      gp, -444(t5)
core   0: 3 0x800111c0 (0xe43f2223) mem 0x80013000 0x00000001
core   0: 0x800111c4 (0xff9ff06f) j       pc - 0x8
core   0: 3 0x800111c4 (0xff9ff06f)
core   0: 0x800111bc (0x00002f17) auipc   t5, 0x2
core   0: 3 0x800111bc (0x00002f17) x30 0x800131bc
core   0: 0x800111c0 (0xe43f2223) sw      gp, -444(t5)
core   0: 3 0x800111c0 (0xe43f2223) mem 0x80013000 0x00000001
core   0: 0x800111c4 (0xff9ff06f) j       pc - 0x8
core   0: 3 0x800111c4 (0xff9ff06f)
core   0: 0x800111bc (0x00002f17) auipc   t5, 0x2
core   0: 3 0x800111bc (0x00002f17) x30 0x800131bc
core   0: 0x800111c0 (0xe43f2223) sw      gp, -444(t5)
core   0: 3 0x800111c0 (0xe43f2223) mem 0x80013000 0x00000001
core   0: 0x800111c4 (0xff9ff06f) j       pc - 0x8
core   0: 3 0x800111c4 (0xff9ff06f)
core   0: 0x800111bc (0x00002f17) auipc   t5, 0x2
core   0: 3 0x800111bc (0x00002f17) x30 0x800131bc
core   0: 0x800111c0 (0xe43f2223) sw      gp, -444(t5)
core   0: 3 0x800111c0 (0xe43f2223) mem 0x80013000 0x00000001
core   0: 0x800111c4 (0xff9ff06f) j       pc - 0x8
core   0: 3 0x800111c4 (0xff9ff06f)
core   0: 0x800111bc (0x00002f17) auipc   t5, 0x2
core   0: 3 0x800111bc (0x00002f17) x30 0x800131bc
core   0: 0x800111c0 (0xe43f2223) sw      gp, -444(t5)
core   0: 3 0x800111c0 (0xe43f2223) mem 0x80013000 0x00000001
core   0: 0x800111c4 (0xff9ff06f) j       pc - 0x8
core   0: 3 0x800111c4 (0xff9ff06f)
core   0: 0x800111bc (0x00002f17) auipc   t5, 0x2
core   0: 3 0x800111bc (0x00002f17) x30 0x800131bc
core   0: 0x800111c0 (0xe43f2223) sw      gp, -444(t5)
core   0: 3 0x800111c0 (0xe43f2223) mem 0x80013000 0x00000001
core   0: 0x800111c4 (0xff9ff06f) j       pc - 0x8
core   0: 3 0x800111c4 (0xff9ff06f)
core   0: 0x800111bc (0x00002f17) auipc   t5, 0x2
core   0: 3 0x800111bc (0x00002f17) x30 0x800131bc
core   0: 0x800111c0 (0xe43f2223) sw      gp, -444(t5)
core   0: 3 0x800111c0 (0xe43f2223) mem 0x80013000 0x00000001
core   0: 0x800111c4 (0xff9ff06f) j       pc - 0x8
core   0: 3 0x800111c4 (0xff9ff06f)
core   0: 0x800111bc (0x00002f17) auipc   t5, 0x2
core   0: 3 0x800111bc (0x00002f17) x30 0x800131bc
core   0: 0x800111c0 (0xe43f2223) sw      gp, -444(t5)
core   0: 3 0x800111c0 (0xe43f2223) mem 0x80013000 0x00000001
core   0: 0x800111c4 (0xff9ff06f) j       pc - 0x8
core   0: 3 0x800111c4 (0xff9ff06f)
core   0: 0x800111bc (0x00002f17) auipc   t5, 0x2
core   0: 3 0x800111bc (0x00002f17) x30 0x800131bc
core   0: 0x800111c0 (0xe43f2223) sw      gp, -444(t5)
core   0: 3 0x800111c0 (0xe43f2223) mem 0x80013000 0x00000001
core   0: 0x800111c4 (0xff9ff06f) j       pc - 0x8
core   0: 3 0x800111c4 (0xff9ff06f)
core   0: 0x800111bc (0x00002f17) auipc   t5, 0x2
core   0: 3 0x800111bc (0x00002f17) x30 0x800131bc
core   0: 0x800111c0 (0xe43f2223) sw      gp, -444(t5)
core   0: 3 0x800111c0 (0xe43f2223) mem 0x80013000 0x00000001
core   0: 0x800111c4 (0xff9ff06f) j       pc - 0x8
core   0: 3 0x800111c4 (0xff9ff06f)
core   0: 0x800111bc (0x00002f17) auipc   t5, 0x2
core   0: 3 0x800111bc (0x00002f17) x30 0x800131bc
core   0: 0x800111c0 (0xe43f2223) sw      gp, -444(t5)
core   0: 3 0x800111c0 (0xe43f2223) mem 0x80013000 0x00000001
core   0: 0x800111c4 (0xff9ff06f) j       pc - 0x8
core   0: 3 0x800111c4 (0xff9ff06f)
core   0: 0x800111bc (0x00002f17) auipc   t5, 0x2
core   0: 3 0x800111bc (0x00002f17) x30 0x800131bc
core   0: 0x800111c0 (0xe43f2223) sw      gp, -444(t5)
core   0: 3 0x800111c0 (0xe43f2223) mem 0x80013000 0x00000001
core   0: 0x800111c4 (0xff9ff06f) j       pc - 0x8
core   0: 3 0x800111c4 (0xff9ff06f)
core   0: 0x800111bc (0x00002f17) auipc   t5, 0x2
core   0: 3 0x800111bc (0x00002f17) x30 0x800131bc
core   0: 0x800111c0 (0xe43f2223) sw      gp, -444(t5)
core   0: 3 0x800111c0 (0xe43f2223) mem 0x80013000 0x00000001
core   0: 0x800111c4 (0xff9ff06f) j       pc - 0x8
core   0: 3 0x800111c4 (0xff9ff06f)
core   0: 0x800111bc (0x00002f17) auipc   t5, 0x2
core   0: 3 0x800111bc (0x00002f17) x30 0x800131bc
core   0: 0x800111c0 (0xe43f2223) sw      gp, -444(t5)
core   0: 3 0x800111c0 (0xe43f2223) mem 0x80013000 0x00000001
core   0: 0x800111c4 (0xff9ff06f) j       pc - 0x8
core   0: 3 0x800111c4 (0xff9ff06f)
core   0: 0x800111bc (0x00002f17) auipc   t5, 0x2
core   0: 3 0x800111bc (0x00002f17) x30 0x800131bc
core   0: 0x800111c0 (0xe43f2223) sw      gp, -444(t5)
core   0: 3 0x800111c0 (0xe43f2223) mem 0x80013000 0x00000001
core   0: 0x800111c4 (0xff9ff06f) j       pc - 0x8
core   0: 3 0x800111c4 (0xff9ff06f)
core   0: 0x800111bc (0x00002f17) auipc   t5, 0x2
core   0: 3 0x800111bc (0x00002f17) x30 0x800131bc
core   0: 0x800111c0 (0xe43f2223) sw      gp, -444(t5)
core   0: 3 0x800111c0 (0xe43f2223) mem 0x80013000 0x00000001
core   0: 0x800111c4 (0xff9ff06f) j       pc - 0x8
core   0: 3 0x800111c4 (0xff9ff06f)
core   0: 0x800111bc (0x00002f17) auipc   t5, 0x2
core   0: 3 0x800111bc (0x00002f17) x30 0x800131bc
core   0: 0x800111c0 (0xe43f2223) sw      gp, -444(t5)
core   0: 3 0x800111c0 (0xe43f2223) mem 0x80013000 0x00000001
core   0: 0x800111c4 (0xff9ff06f) j       pc - 0x8
core   0: 3 0x800111c4 (0xff9ff06f)
core   0: 0x800111bc (0x00002f17) auipc   t5, 0x2
core   0: 3 0x800111bc (0x00002f17) x30 0x800131bc
core   0: 0x800111c0 (0xe43f2223) sw      gp, -444(t5)
core   0: 3 0x800111c0 (0xe43f2223) mem 0x80013000 0x00000001
core   0: 0x800111c4 (0xff9ff06f) j       pc - 0x8
core   0: 3 0x800111c4 (0xff9ff06f)
core   0: 0x800111bc (0x00002f17) auipc   t5, 0x2
core   0: 3 0x800111bc (0x00002f17) x30 0x800131bc
core   0: 0x800111c0 (0xe43f2223) sw      gp, -444(t5)
core   0: 3 0x800111c0 (0xe43f2223) mem 0x80013000 0x00000001
core   0: 0x800111c4 (0xff9ff06f) j       pc - 0x8
core   0: 3 0x800111c4 (0xff9ff06f)
core   0: 0x800111bc (0x00002f17) auipc   t5, 0x2
core   0: 3 0x800111bc (0x00002f17) x30 0x800131bc
core   0: 0x800111c0 (0xe43f2223) sw      gp, -444(t5)
core   0: 3 0x800111c0 (0xe43f2223) mem 0x80013000 0x00000001
core   0: 0x800111c4 (0xff9ff06f) j       pc - 0x8
core   0: 3 0x800111c4 (0xff9ff06f)
core   0: 0x800111bc (0x00002f17) auipc   t5, 0x2
core   0: 3 0x800111bc (0x00002f17) x30 0x800131bc
core   0: 0x800111c0 (0xe43f2223) sw      gp, -444(t5)
core   0: 3 0x800111c0 (0xe43f2223) mem 0x80013000 0x00000001
core   0: 0x800111c4 (0xff9ff06f) j       pc - 0x8
core   0: 3 0x800111c4 (0xff9ff06f)
core   0: 0x800111bc (0x00002f17) auipc   t5, 0x2
core   0: 3 0x800111bc (0x00002f17) x30 0x800131bc
core   0: 0x800111c0 (0xe43f2223) sw      gp, -444(t5)
core   0: 3 0x800111c0 (0xe43f2223) mem 0x80013000 0x00000001
core   0: 0x800111c4 (0xff9ff06f) j       pc - 0x8
core   0: 3 0x800111c4 (0xff9ff06f)
core   0: 0x800111bc (0x00002f17) auipc   t5, 0x2
core   0: 3 0x800111bc (0x00002f17) x30 0x800131bc
core   0: 0x800111c0 (0xe43f2223) sw      gp, -444(t5)
core   0: 3 0x800111c0 (0xe43f2223) mem 0x80013000 0x00000001
core   0: 0x800111c4 (0xff9ff06f) j       pc - 0x8
core   0: 3 0x800111c4 (0xff9ff06f)
core   0: 0x800111bc (0x00002f17) auipc   t5, 0x2
core   0: 3 0x800111bc (0x00002f17) x30 0x800131bc
core   0: 0x800111c0 (0xe43f2223) sw      gp, -444(t5)
core   0: 3 0x800111c0 (0xe43f2223) mem 0x80013000 0x00000001
core   0: 0x800111c4 (0xff9ff06f) j       pc - 0x8
core   0: 3 0x800111c4 (0xff9ff06f)
core   0: 0x800111bc (0x00002f17) auipc   t5, 0x2
core   0: 3 0x800111bc (0x00002f17) x30 0x800131bc
core   0: 0x800111c0 (0xe43f2223) sw      gp, -444(t5)
core   0: 3 0x800111c0 (0xe43f2223) mem 0x80013000 0x00000001
core   0: 0x800111c4 (0xff9ff06f) j       pc - 0x8
core   0: 3 0x800111c4 (0xff9ff06f)
core   0: 0x800111bc (0x00002f17) auipc   t5, 0x2
core   0: 3 0x800111bc (0x00002f17) x30 0x800131bc
core   0: 0x800111c0 (0xe43f2223) sw      gp, -444(t5)
core   0: 3 0x800111c0 (0xe43f2223) mem 0x80013000 0x00000001
core   0: 0x800111c4 (0xff9ff06f) j       pc - 0x8
core   0: 3 0x800111c4 (0xff9ff06f)
core   0: 0x800111bc (0x00002f17) auipc   t5, 0x2
core   0: 3 0x800111bc (0x00002f17) x30 0x800131bc
core   0: 0x800111c0 (0xe43f2223) sw      gp, -444(t5)
core   0: 3 0x800111c0 (0xe43f2223) mem 0x80013000 0x00000001
core   0: 0x800111c4 (0xff9ff06f) j       pc - 0x8
core   0: 3 0x800111c4 (0xff9ff06f)
core   0: 0x800111bc (0x00002f17) auipc   t5, 0x2
core   0: 3 0x800111bc (0x00002f17) x30 0x800131bc
core   0: 0x800111c0 (0xe43f2223) sw      gp, -444(t5)
core   0: 3 0x800111c0 (0xe43f2223) mem 0x80013000 0x00000001
core   0: 0x800111c4 (0xff9ff06f) j       pc - 0x8
core   0: 3 0x800111c4 (0xff9ff06f)
core   0: 0x800111bc (0x00002f17) auipc   t5, 0x2
core   0: 3 0x800111bc (0x00002f17) x30 0x800131bc
core   0: 0x800111c0 (0xe43f2223) sw      gp, -444(t5)
core   0: 3 0x800111c0 (0xe43f2223) mem 0x80013000 0x00000001
core   0: 0x800111c4 (0xff9ff06f) j       pc - 0x8
core   0: 3 0x800111c4 (0xff9ff06f)
core   0: 0x800111bc (0x00002f17) auipc   t5, 0x2
core   0: 3 0x800111bc (0x00002f17) x30 0x800131bc
core   0: 0x800111c0 (0xe43f2223) sw      gp, -444(t5)
core   0: 3 0x800111c0 (0xe43f2223) mem 0x80013000 0x00000001
core   0: 0x800111c4 (0xff9ff06f) j       pc - 0x8
core   0: 3 0x800111c4 (0xff9ff06f)
core   0: 0x800111bc (0x00002f17) auipc   t5, 0x2
core   0: 3 0x800111bc (0x00002f17) x30 0x800131bc
core   0: 0x800111c0 (0xe43f2223) sw      gp, -444(t5)
core   0: 3 0x800111c0 (0xe43f2223) mem 0x80013000 0x00000001
core   0: 0x800111c4 (0xff9ff06f) j       pc - 0x8
core   0: 3 0x800111c4 (0xff9ff06f)
core   0: 0x800111bc (0x00002f17) auipc   t5, 0x2
core   0: 3 0x800111bc (0x00002f17) x30 0x800131bc
core   0: 0x800111c0 (0xe43f2223) sw      gp, -444(t5)
core   0: 3 0x800111c0 (0xe43f2223) mem 0x80013000 0x00000001
core   0: 0x800111c4 (0xff9ff06f) j       pc - 0x8
core   0: 3 0x800111c4 (0xff9ff06f)
core   0: 0x800111bc (0x00002f17) auipc   t5, 0x2
core   0: 3 0x800111bc (0x00002f17) x30 0x800131bc
core   0: 0x800111c0 (0xe43f2223) sw      gp, -444(t5)
core   0: 3 0x800111c0 (0xe43f2223) mem 0x80013000 0x00000001
core   0: 0x800111c4 (0xff9ff06f) j       pc - 0x8
core   0: 3 0x800111c4 (0xff9ff06f)
core   0: 0x800111bc (0x00002f17) auipc   t5, 0x2
core   0: 3 0x800111bc (0x00002f17) x30 0x800131bc
core   0: 0x800111c0 (0xe43f2223) sw      gp, -444(t5)
core   0: 3 0x800111c0 (0xe43f2223) mem 0x80013000 0x00000001
core   0: 0x800111c4 (0xff9ff06f) j       pc - 0x8
core   0: 3 0x800111c4 (0xff9ff06f)
core   0: 0x800111bc (0x00002f17) auipc   t5, 0x2
core   0: 3 0x800111bc (0x00002f17) x30 0x800131bc
core   0: 0x800111c0 (0xe43f2223) sw      gp, -444(t5)
core   0: 3 0x800111c0 (0xe43f2223) mem 0x80013000 0x00000001
core   0: 0x800111c4 (0xff9ff06f) j       pc - 0x8
core   0: 3 0x800111c4 (0xff9ff06f)
core   0: 0x800111bc (0x00002f17) auipc   t5, 0x2
core   0: 3 0x800111bc (0x00002f17) x30 0x800131bc
core   0: 0x800111c0 (0xe43f2223) sw      gp, -444(t5)
core   0: 3 0x800111c0 (0xe43f2223) mem 0x80013000 0x00000001
core   0: 0x800111c4 (0xff9ff06f) j       pc - 0x8
core   0: 3 0x800111c4 (0xff9ff06f)
core   0: 0x800111bc (0x00002f17) auipc   t5, 0x2
core   0: 3 0x800111bc (0x00002f17) x30 0x800131bc
core   0: 0x800111c0 (0xe43f2223) sw      gp, -444(t5)
core   0: 3 0x800111c0 (0xe43f2223) mem 0x80013000 0x00000001
core   0: 0x800111c4 (0xff9ff06f) j       pc - 0x8
core   0: 3 0x800111c4 (0xff9ff06f)
core   0: 0x800111bc (0x00002f17) auipc   t5, 0x2
core   0: 3 0x800111bc (0x00002f17) x30 0x800131bc
core   0: 0x800111c0 (0xe43f2223) sw      gp, -444(t5)
core   0: 3 0x800111c0 (0xe43f2223) mem 0x80013000 0x00000001
core   0: 0x800111c4 (0xff9ff06f) j       pc - 0x8
core   0: 3 0x800111c4 (0xff9ff06f)
core   0: 0x800111bc (0x00002f17) auipc   t5, 0x2
core   0: 3 0x800111bc (0x00002f17) x30 0x800131bc
core   0: 0x800111c0 (0xe43f2223) sw      gp, -444(t5)
core   0: 3 0x800111c0 (0xe43f2223) mem 0x80013000 0x00000001
core   0: 0x800111c4 (0xff9ff06f) j       pc - 0x8
core   0: 3 0x800111c4 (0xff9ff06f)
core   0: 0x800111bc (0x00002f17) auipc   t5, 0x2
core   0: 3 0x800111bc (0x00002f17) x30 0x800131bc
core   0: 0x800111c0 (0xe43f2223) sw      gp, -444(t5)
core   0: 3 0x800111c0 (0xe43f2223) mem 0x80013000 0x00000001
core   0: 0x800111c4 (0xff9ff06f) j       pc - 0x8
core   0: 3 0x800111c4 (0xff9ff06f)
core   0: 0x800111bc (0x00002f17) auipc   t5, 0x2
core   0: 3 0x800111bc (0x00002f17) x30 0x800131bc
core   0: 0x800111c0 (0xe43f2223) sw      gp, -444(t5)
core   0: 3 0x800111c0 (0xe43f2223) mem 0x80013000 0x00000001
core   0: 0x800111c4 (0xff9ff06f) j       pc - 0x8
core   0: 3 0x800111c4 (0xff9ff06f)
core   0: 0x800111bc (0x00002f17) auipc   t5, 0x2
core   0: 3 0x800111bc (0x00002f17) x30 0x800131bc
core   0: 0x800111c0 (0xe43f2223) sw      gp, -444(t5)
core   0: 3 0x800111c0 (0xe43f2223) mem 0x80013000 0x00000001
core   0: 0x800111c4 (0xff9ff06f) j       pc - 0x8
core   0: 3 0x800111c4 (0xff9ff06f)
core   0: 0x800111bc (0x00002f17) auipc   t5, 0x2
core   0: 3 0x800111bc (0x00002f17) x30 0x800131bc
core   0: 0x800111c0 (0xe43f2223) sw      gp, -444(t5)
core   0: 3 0x800111c0 (0xe43f2223) mem 0x80013000 0x00000001
core   0: 0x800111c4 (0xff9ff06f) j       pc - 0x8
core   0: 3 0x800111c4 (0xff9ff06f)
core   0: 0x800111bc (0x00002f17) auipc   t5, 0x2
core   0: 3 0x800111bc (0x00002f17) x30 0x800131bc
core   0: 0x800111c0 (0xe43f2223) sw      gp, -444(t5)
core   0: 3 0x800111c0 (0xe43f2223) mem 0x80013000 0x00000001
core   0: 0x800111c4 (0xff9ff06f) j       pc - 0x8
core   0: 3 0x800111c4 (0xff9ff06f)
core   0: 0x800111bc (0x00002f17) auipc   t5, 0x2
core   0: 3 0x800111bc (0x00002f17) x30 0x800131bc
core   0: 0x800111c0 (0xe43f2223) sw      gp, -444(t5)
core   0: 3 0x800111c0 (0xe43f2223) mem 0x80013000 0x00000001
core   0: 0x800111c4 (0xff9ff06f) j       pc - 0x8
core   0: 3 0x800111c4 (0xff9ff06f)
core   0: 0x800111bc (0x00002f17) auipc   t5, 0x2
core   0: 3 0x800111bc (0x00002f17) x30 0x800131bc
core   0: 0x800111c0 (0xe43f2223) sw      gp, -444(t5)
core   0: 3 0x800111c0 (0xe43f2223) mem 0x80013000 0x00000001
core   0: 0x800111c4 (0xff9ff06f) j       pc - 0x8
core   0: 3 0x800111c4 (0xff9ff06f)
core   0: 0x800111bc (0x00002f17) auipc   t5, 0x2
core   0: 3 0x800111bc (0x00002f17) x30 0x800131bc
core   0: 0x800111c0 (0xe43f2223) sw      gp, -444(t5)
core   0: 3 0x800111c0 (0xe43f2223) mem 0x80013000 0x00000001
core   0: 0x800111c4 (0xff9ff06f) j       pc - 0x8
core   0: 3 0x800111c4 (0xff9ff06f)
core   0: 0x800111bc (0x00002f17) auipc   t5, 0x2
core   0: 3 0x800111bc (0x00002f17) x30 0x800131bc
core   0: 0x800111c0 (0xe43f2223) sw      gp, -444(t5)
core   0: 3 0x800111c0 (0xe43f2223) mem 0x80013000 0x00000001
core   0: 0x800111c4 (0xff9ff06f) j       pc - 0x8
core   0: 3 0x800111c4 (0xff9ff06f)
core   0: 0x800111bc (0x00002f17) auipc   t5, 0x2
core   0: 3 0x800111bc (0x00002f17) x30 0x800131bc
core   0: 0x800111c0 (0xe43f2223) sw      gp, -444(t5)
core   0: 3 0x800111c0 (0xe43f2223) mem 0x80013000 0x00000001
core   0: 0x800111c4 (0xff9ff06f) j       pc - 0x8
core   0: 3 0x800111c4 (0xff9ff06f)
core   0: 0x800111bc (0x00002f17) auipc   t5, 0x2
core   0: 3 0x800111bc (0x00002f17) x30 0x800131bc
core   0: 0x800111c0 (0xe43f2223) sw      gp, -444(t5)
core   0: 3 0x800111c0 (0xe43f2223) mem 0x80013000 0x00000001
core   0: 0x800111c4 (0xff9ff06f) j       pc - 0x8
core   0: 3 0x800111c4 (0xff9ff06f)
core   0: 0x800111bc (0x00002f17) auipc   t5, 0x2
core   0: 3 0x800111bc (0x00002f17) x30 0x800131bc
core   0: 0x800111c0 (0xe43f2223) sw      gp, -444(t5)
core   0: 3 0x800111c0 (0xe43f2223) mem 0x80013000 0x00000001
core   0: 0x800111c4 (0xff9ff06f) j       pc - 0x8
core   0: 3 0x800111c4 (0xff9ff06f)
core   0: 0x800111bc (0x00002f17) auipc   t5, 0x2
core   0: 3 0x800111bc (0x00002f17) x30 0x800131bc
core   0: 0x800111c0 (0xe43f2223) sw      gp, -444(t5)
core   0: 3 0x800111c0 (0xe43f2223) mem 0x80013000 0x00000001
core   0: 0x800111c4 (0xff9ff06f) j       pc - 0x8
core   0: 3 0x800111c4 (0xff9ff06f)
core   0: 0x800111bc (0x00002f17) auipc   t5, 0x2
core   0: 3 0x800111bc (0x00002f17) x30 0x800131bc
core   0: 0x800111c0 (0xe43f2223) sw      gp, -444(t5)
core   0: 3 0x800111c0 (0xe43f2223) mem 0x80013000 0x00000001
core   0: 0x800111c4 (0xff9ff06f) j       pc - 0x8
core   0: 3 0x800111c4 (0xff9ff06f)
core   0: 0x800111bc (0x00002f17) auipc   t5, 0x2
core   0: 3 0x800111bc (0x00002f17) x30 0x800131bc
core   0: 0x800111c0 (0xe43f2223) sw      gp, -444(t5)
core   0: 3 0x800111c0 (0xe43f2223) mem 0x80013000 0x00000001
core   0: 0x800111c4 (0xff9ff06f) j       pc - 0x8
core   0: 3 0x800111c4 (0xff9ff06f)
core   0: 0x800111bc (0x00002f17) auipc   t5, 0x2
core   0: 3 0x800111bc (0x00002f17) x30 0x800131bc
core   0: 0x800111c0 (0xe43f2223) sw      gp, -444(t5)
core   0: 3 0x800111c0 (0xe43f2223) mem 0x80013000 0x00000001
core   0: 0x800111c4 (0xff9ff06f) j       pc - 0x8
core   0: 3 0x800111c4 (0xff9ff06f)
core   0: 0x800111bc (0x00002f17) auipc   t5, 0x2
core   0: 3 0x800111bc (0x00002f17) x30 0x800131bc
core   0: 0x800111c0 (0xe43f2223) sw      gp, -444(t5)
core   0: 3 0x800111c0 (0xe43f2223) mem 0x80013000 0x00000001
core   0: 0x800111c4 (0xff9ff06f) j       pc - 0x8
core   0: 3 0x800111c4 (0xff9ff06f)
core   0: 0x800111bc (0x00002f17) auipc   t5, 0x2
core   0: 3 0x800111bc (0x00002f17) x30 0x800131bc
core   0: 0x800111c0 (0xe43f2223) sw      gp, -444(t5)
core   0: 3 0x800111c0 (0xe43f2223) mem 0x80013000 0x00000001
core   0: 0x800111c4 (0xff9ff06f) j       pc - 0x8
core   0: 3 0x800111c4 (0xff9ff06f)
core   0: 0x800111bc (0x00002f17) auipc   t5, 0x2
core   0: 3 0x800111bc (0x00002f17) x30 0x800131bc
core   0: 0x800111c0 (0xe43f2223) sw      gp, -444(t5)
core   0: 3 0x800111c0 (0xe43f2223) mem 0x80013000 0x00000001
core   0: 0x800111c4 (0xff9ff06f) j       pc - 0x8
core   0: 3 0x800111c4 (0xff9ff06f)
core   0: 0x800111bc (0x00002f17) auipc   t5, 0x2
core   0: 3 0x800111bc (0x00002f17) x30 0x800131bc
core   0: 0x800111c0 (0xe43f2223) sw      gp, -444(t5)
core   0: 3 0x800111c0 (0xe43f2223) mem 0x80013000 0x00000001
core   0: 0x800111c4 (0xff9ff06f) j       pc - 0x8
core   0: 3 0x800111c4 (0xff9ff06f)
core   0: 0x800111bc (0x00002f17) auipc   t5, 0x2
core   0: 3 0x800111bc (0x00002f17) x30 0x800131bc
core   0: 0x800111c0 (0xe43f2223) sw      gp, -444(t5)
core   0: 3 0x800111c0 (0xe43f2223) mem 0x80013000 0x00000001
core   0: 0x800111c4 (0xff9ff06f) j       pc - 0x8
core   0: 3 0x800111c4 (0xff9ff06f)
core   0: 0x800111bc (0x00002f17) auipc   t5, 0x2
core   0: 3 0x800111bc (0x00002f17) x30 0x800131bc
core   0: 0x800111c0 (0xe43f2223) sw      gp, -444(t5)
core   0: 3 0x800111c0 (0xe43f2223) mem 0x80013000 0x00000001
core   0: 0x800111c4 (0xff9ff06f) j       pc - 0x8
core   0: 3 0x800111c4 (0xff9ff06f)
core   0: 0x800111bc (0x00002f17) auipc   t5, 0x2
core   0: 3 0x800111bc (0x00002f17) x30 0x800131bc
core   0: 0x800111c0 (0xe43f2223) sw      gp, -444(t5)
core   0: 3 0x800111c0 (0xe43f2223) mem 0x80013000 0x00000001
core   0: 0x800111c4 (0xff9ff06f) j       pc - 0x8
core   0: 3 0x800111c4 (0xff9ff06f)
core   0: 0x800111bc (0x00002f17) auipc   t5, 0x2
core   0: 3 0x800111bc (0x00002f17) x30 0x800131bc
core   0: 0x800111c0 (0xe43f2223) sw      gp, -444(t5)
core   0: 3 0x800111c0 (0xe43f2223) mem 0x80013000 0x00000001
core   0: 0x800111c4 (0xff9ff06f) j       pc - 0x8
core   0: 3 0x800111c4 (0xff9ff06f)
core   0: 0x800111bc (0x00002f17) auipc   t5, 0x2
core   0: 3 0x800111bc (0x00002f17) x30 0x800131bc
core   0: 0x800111c0 (0xe43f2223) sw      gp, -444(t5)
core   0: 3 0x800111c0 (0xe43f2223) mem 0x80013000 0x00000001
core   0: 0x800111c4 (0xff9ff06f) j       pc - 0x8
core   0: 3 0x800111c4 (0xff9ff06f)
core   0: 0x800111bc (0x00002f17) auipc   t5, 0x2
core   0: 3 0x800111bc (0x00002f17) x30 0x800131bc
core   0: 0x800111c0 (0xe43f2223) sw      gp, -444(t5)
core   0: 3 0x800111c0 (0xe43f2223) mem 0x80013000 0x00000001
core   0: 0x800111c4 (0xff9ff06f) j       pc - 0x8
core   0: 3 0x800111c4 (0xff9ff06f)
core   0: 0x800111bc (0x00002f17) auipc   t5, 0x2
core   0: 3 0x800111bc (0x00002f17) x30 0x800131bc
core   0: 0x800111c0 (0xe43f2223) sw      gp, -444(t5)
core   0: 3 0x800111c0 (0xe43f2223) mem 0x80013000 0x00000001
core   0: 0x800111c4 (0xff9ff06f) j       pc - 0x8
core   0: 3 0x800111c4 (0xff9ff06f)
core   0: 0x800111bc (0x00002f17) auipc   t5, 0x2
core   0: 3 0x800111bc (0x00002f17) x30 0x800131bc
core   0: 0x800111c0 (0xe43f2223) sw      gp, -444(t5)
core   0: 3 0x800111c0 (0xe43f2223) mem 0x80013000 0x00000001
core   0: 0x800111c4 (0xff9ff06f) j       pc - 0x8
core   0: 3 0x800111c4 (0xff9ff06f)
core   0: 0x800111bc (0x00002f17) auipc   t5, 0x2
core   0: 3 0x800111bc (0x00002f17) x30 0x800131bc
core   0: 0x800111c0 (0xe43f2223) sw      gp, -444(t5)
core   0: 3 0x800111c0 (0xe43f2223) mem 0x80013000 0x00000001
core   0: 0x800111c4 (0xff9ff06f) j       pc - 0x8
core   0: 3 0x800111c4 (0xff9ff06f)
core   0: 0x800111bc (0x00002f17) auipc   t5, 0x2
core   0: 3 0x800111bc (0x00002f17) x30 0x800131bc
core   0: 0x800111c0 (0xe43f2223) sw      gp, -444(t5)
core   0: 3 0x800111c0 (0xe43f2223) mem 0x80013000 0x00000001
core   0: 0x800111c4 (0xff9ff06f) j       pc - 0x8
core   0: 3 0x800111c4 (0xff9ff06f)
core   0: 0x800111bc (0x00002f17) auipc   t5, 0x2
core   0: 3 0x800111bc (0x00002f17) x30 0x800131bc
core   0: 0x800111c0 (0xe43f2223) sw      gp, -444(t5)
core   0: 3 0x800111c0 (0xe43f2223) mem 0x80013000 0x00000001
core   0: 0x800111c4 (0xff9ff06f) j       pc - 0x8
core   0: 3 0x800111c4 (0xff9ff06f)
core   0: 0x800111bc (0x00002f17) auipc   t5, 0x2
core   0: 3 0x800111bc (0x00002f17) x30 0x800131bc
core   0: 0x800111c0 (0xe43f2223) sw      gp, -444(t5)
core   0: 3 0x800111c0 (0xe43f2223) mem 0x80013000 0x00000001
core   0: 0x800111c4 (0xff9ff06f) j       pc - 0x8
core   0: 3 0x800111c4 (0xff9ff06f)
core   0: 0x800111bc (0x00002f17) auipc   t5, 0x2
core   0: 3 0x800111bc (0x00002f17) x30 0x800131bc
core   0: 0x800111c0 (0xe43f2223) sw      gp, -444(t5)
core   0: 3 0x800111c0 (0xe43f2223) mem 0x80013000 0x00000001
core   0: 0x800111c4 (0xff9ff06f) j       pc - 0x8
core   0: 3 0x800111c4 (0xff9ff06f)
core   0: 0x800111bc (0x00002f17) auipc   t5, 0x2
core   0: 3 0x800111bc (0x00002f17) x30 0x800131bc
core   0: 0x800111c0 (0xe43f2223) sw      gp, -444(t5)
core   0: 3 0x800111c0 (0xe43f2223) mem 0x80013000 0x00000001
core   0: 0x800111c4 (0xff9ff06f) j       pc - 0x8
core   0: 3 0x800111c4 (0xff9ff06f)
core   0: 0x800111bc (0x00002f17) auipc   t5, 0x2
core   0: 3 0x800111bc (0x00002f17) x30 0x800131bc
core   0: 0x800111c0 (0xe43f2223) sw      gp, -444(t5)
core   0: 3 0x800111c0 (0xe43f2223) mem 0x80013000 0x00000001
core   0: 0x800111c4 (0xff9ff06f) j       pc - 0x8
core   0: 3 0x800111c4 (0xff9ff06f)
core   0: 0x800111bc (0x00002f17) auipc   t5, 0x2
core   0: 3 0x800111bc (0x00002f17) x30 0x800131bc
core   0: 0x800111c0 (0xe43f2223) sw      gp, -444(t5)
core   0: 3 0x800111c0 (0xe43f2223) mem 0x80013000 0x00000001
core   0: 0x800111c4 (0xff9ff06f) j       pc - 0x8
core   0: 3 0x800111c4 (0xff9ff06f)
core   0: 0x800111bc (0x00002f17) auipc   t5, 0x2
core   0: 3 0x800111bc (0x00002f17) x30 0x800131bc
core   0: 0x800111c0 (0xe43f2223) sw      gp, -444(t5)
core   0: 3 0x800111c0 (0xe43f2223) mem 0x80013000 0x00000001
core   0: 0x800111c4 (0xff9ff06f) j       pc - 0x8
core   0: 3 0x800111c4 (0xff9ff06f)
core   0: 0x800111bc (0x00002f17) auipc   t5, 0x2
core   0: 3 0x800111bc (0x00002f17) x30 0x800131bc
core   0: 0x800111c0 (0xe43f2223) sw      gp, -444(t5)
core   0: 3 0x800111c0 (0xe43f2223) mem 0x80013000 0x00000001
core   0: 0x800111c4 (0xff9ff06f) j       pc - 0x8
core   0: 3 0x800111c4 (0xff9ff06f)
core   0: 0x800111bc (0x00002f17) auipc   t5, 0x2
core   0: 3 0x800111bc (0x00002f17) x30 0x800131bc
core   0: 0x800111c0 (0xe43f2223) sw      gp, -444(t5)
core   0: 3 0x800111c0 (0xe43f2223) mem 0x80013000 0x00000001
core   0: 0x800111c4 (0xff9ff06f) j       pc - 0x8
core   0: 3 0x800111c4 (0xff9ff06f)
core   0: 0x800111bc (0x00002f17) auipc   t5, 0x2
core   0: 3 0x800111bc (0x00002f17) x30 0x800131bc
core   0: 0x800111c0 (0xe43f2223) sw      gp, -444(t5)
core   0: 3 0x800111c0 (0xe43f2223) mem 0x80013000 0x00000001
core   0: 0x800111c4 (0xff9ff06f) j       pc - 0x8
core   0: 3 0x800111c4 (0xff9ff06f)
core   0: 0x800111bc (0x00002f17) auipc   t5, 0x2
core   0: 3 0x800111bc (0x00002f17) x30 0x800131bc
core   0: 0x800111c0 (0xe43f2223) sw      gp, -444(t5)
core   0: 3 0x800111c0 (0xe43f2223) mem 0x80013000 0x00000001
core   0: 0x800111c4 (0xff9ff06f) j       pc - 0x8
core   0: 3 0x800111c4 (0xff9ff06f)
core   0: 0x800111bc (0x00002f17) auipc   t5, 0x2
core   0: 3 0x800111bc (0x00002f17) x30 0x800131bc
core   0: 0x800111c0 (0xe43f2223) sw      gp, -444(t5)
core   0: 3 0x800111c0 (0xe43f2223) mem 0x80013000 0x00000001
core   0: 0x800111c4 (0xff9ff06f) j       pc - 0x8
core   0: 3 0x800111c4 (0xff9ff06f)
core   0: 0x800111bc (0x00002f17) auipc   t5, 0x2
core   0: 3 0x800111bc (0x00002f17) x30 0x800131bc
core   0: 0x800111c0 (0xe43f2223) sw      gp, -444(t5)
core   0: 3 0x800111c0 (0xe43f2223) mem 0x80013000 0x00000001
core   0: 0x800111c4 (0xff9ff06f) j       pc - 0x8
core   0: 3 0x800111c4 (0xff9ff06f)
core   0: 0x800111bc (0x00002f17) auipc   t5, 0x2
core   0: 3 0x800111bc (0x00002f17) x30 0x800131bc
core   0: 0x800111c0 (0xe43f2223) sw      gp, -444(t5)
core   0: 3 0x800111c0 (0xe43f2223) mem 0x80013000 0x00000001
core   0: 0x800111c4 (0xff9ff06f) j       pc - 0x8
core   0: 3 0x800111c4 (0xff9ff06f)
core   0: 0x800111bc (0x00002f17) auipc   t5, 0x2
core   0: 3 0x800111bc (0x00002f17) x30 0x800131bc
core   0: 0x800111c0 (0xe43f2223) sw      gp, -444(t5)
core   0: 3 0x800111c0 (0xe43f2223) mem 0x80013000 0x00000001
core   0: 0x800111c4 (0xff9ff06f) j       pc - 0x8
core   0: 3 0x800111c4 (0xff9ff06f)
core   0: 0x800111bc (0x00002f17) auipc   t5, 0x2
core   0: 3 0x800111bc (0x00002f17) x30 0x800131bc
core   0: 0x800111c0 (0xe43f2223) sw      gp, -444(t5)
core   0: 3 0x800111c0 (0xe43f2223) mem 0x80013000 0x00000001
core   0: 0x800111c4 (0xff9ff06f) j       pc - 0x8
core   0: 3 0x800111c4 (0xff9ff06f)
core   0: 0x800111bc (0x00002f17) auipc   t5, 0x2
core   0: 3 0x800111bc (0x00002f17) x30 0x800131bc
core   0: 0x800111c0 (0xe43f2223) sw      gp, -444(t5)
core   0: 3 0x800111c0 (0xe43f2223) mem 0x80013000 0x00000001
core   0: 0x800111c4 (0xff9ff06f) j       pc - 0x8
core   0: 3 0x800111c4 (0xff9ff06f)
core   0: 0x800111bc (0x00002f17) auipc   t5, 0x2
core   0: 3 0x800111bc (0x00002f17) x30 0x800131bc
core   0: 0x800111c0 (0xe43f2223) sw      gp, -444(t5)
core   0: 3 0x800111c0 (0xe43f2223) mem 0x80013000 0x00000001
core   0: 0x800111c4 (0xff9ff06f) j       pc - 0x8
core   0: 3 0x800111c4 (0xff9ff06f)
core   0: 0x800111bc (0x00002f17) auipc   t5, 0x2
core   0: 3 0x800111bc (0x00002f17) x30 0x800131bc
core   0: 0x800111c0 (0xe43f2223) sw      gp, -444(t5)
core   0: 3 0x800111c0 (0xe43f2223) mem 0x80013000 0x00000001
core   0: 0x800111c4 (0xff9ff06f) j       pc - 0x8
core   0: 3 0x800111c4 (0xff9ff06f)
core   0: 0x800111bc (0x00002f17) auipc   t5, 0x2
core   0: 3 0x800111bc (0x00002f17) x30 0x800131bc
core   0: 0x800111c0 (0xe43f2223) sw      gp, -444(t5)
core   0: 3 0x800111c0 (0xe43f2223) mem 0x80013000 0x00000001
core   0: 0x800111c4 (0xff9ff06f) j       pc - 0x8
core   0: 3 0x800111c4 (0xff9ff06f)
core   0: 0x800111bc (0x00002f17) auipc   t5, 0x2
core   0: 3 0x800111bc (0x00002f17) x30 0x800131bc
core   0: 0x800111c0 (0xe43f2223) sw      gp, -444(t5)
core   0: 3 0x800111c0 (0xe43f2223) mem 0x80013000 0x00000001
core   0: 0x800111c4 (0xff9ff06f) j       pc - 0x8
core   0: 3 0x800111c4 (0xff9ff06f)
core   0: 0x800111bc (0x00002f17) auipc   t5, 0x2
core   0: 3 0x800111bc (0x00002f17) x30 0x800131bc
core   0: 0x800111c0 (0xe43f2223) sw      gp, -444(t5)
core   0: 3 0x800111c0 (0xe43f2223) mem 0x80013000 0x00000001
core   0: 0x800111c4 (0xff9ff06f) j       pc - 0x8
core   0: 3 0x800111c4 (0xff9ff06f)
core   0: 0x800111bc (0x00002f17) auipc   t5, 0x2
core   0: 3 0x800111bc (0x00002f17) x30 0x800131bc
core   0: 0x800111c0 (0xe43f2223) sw      gp, -444(t5)
core   0: 3 0x800111c0 (0xe43f2223) mem 0x80013000 0x00000001
core   0: 0x800111c4 (0xff9ff06f) j       pc - 0x8
core   0: 3 0x800111c4 (0xff9ff06f)
core   0: 0x800111bc (0x00002f17) auipc   t5, 0x2
core   0: 3 0x800111bc (0x00002f17) x30 0x800131bc
core   0: 0x800111c0 (0xe43f2223) sw      gp, -444(t5)
core   0: 3 0x800111c0 (0xe43f2223) mem 0x80013000 0x00000001
core   0: 0x800111c4 (0xff9ff06f) j       pc - 0x8
core   0: 3 0x800111c4 (0xff9ff06f)
core   0: 0x800111bc (0x00002f17) auipc   t5, 0x2
core   0: 3 0x800111bc (0x00002f17) x30 0x800131bc
core   0: 0x800111c0 (0xe43f2223) sw      gp, -444(t5)
core   0: 3 0x800111c0 (0xe43f2223) mem 0x80013000 0x00000001
core   0: 0x800111c4 (0xff9ff06f) j       pc - 0x8
core   0: 3 0x800111c4 (0xff9ff06f)
core   0: 0x800111bc (0x00002f17) auipc   t5, 0x2
core   0: 3 0x800111bc (0x00002f17) x30 0x800131bc
core   0: 0x800111c0 (0xe43f2223) sw      gp, -444(t5)
core   0: 3 0x800111c0 (0xe43f2223) mem 0x80013000 0x00000001
core   0: 0x800111c4 (0xff9ff06f) j       pc - 0x8
core   0: 3 0x800111c4 (0xff9ff06f)
core   0: 0x800111bc (0x00002f17) auipc   t5, 0x2
core   0: 3 0x800111bc (0x00002f17) x30 0x800131bc
core   0: 0x800111c0 (0xe43f2223) sw      gp, -444(t5)
core   0: 3 0x800111c0 (0xe43f2223) mem 0x80013000 0x00000001
core   0: 0x800111c4 (0xff9ff06f) j       pc - 0x8
core   0: 3 0x800111c4 (0xff9ff06f)
core   0: 0x800111bc (0x00002f17) auipc   t5, 0x2
core   0: 3 0x800111bc (0x00002f17) x30 0x800131bc
core   0: 0x800111c0 (0xe43f2223) sw      gp, -444(t5)
core   0: 3 0x800111c0 (0xe43f2223) mem 0x80013000 0x00000001
core   0: 0x800111c4 (0xff9ff06f) j       pc - 0x8
core   0: 3 0x800111c4 (0xff9ff06f)
core   0: 0x800111bc (0x00002f17) auipc   t5, 0x2
core   0: 3 0x800111bc (0x00002f17) x30 0x800131bc
core   0: 0x800111c0 (0xe43f2223) sw      gp, -444(t5)
core   0: 3 0x800111c0 (0xe43f2223) mem 0x80013000 0x00000001
core   0: 0x800111c4 (0xff9ff06f) j       pc - 0x8
core   0: 3 0x800111c4 (0xff9ff06f)
core   0: 0x800111bc (0x00002f17) auipc   t5, 0x2
core   0: 3 0x800111bc (0x00002f17) x30 0x800131bc
core   0: 0x800111c0 (0xe43f2223) sw      gp, -444(t5)
core   0: 3 0x800111c0 (0xe43f2223) mem 0x80013000 0x00000001
core   0: 0x800111c4 (0xff9ff06f) j       pc - 0x8
core   0: 3 0x800111c4 (0xff9ff06f)
core   0: 0x800111bc (0x00002f17) auipc   t5, 0x2
core   0: 3 0x800111bc (0x00002f17) x30 0x800131bc
core   0: 0x800111c0 (0xe43f2223) sw      gp, -444(t5)
core   0: 3 0x800111c0 (0xe43f2223) mem 0x80013000 0x00000001
core   0: 0x800111c4 (0xff9ff06f) j       pc - 0x8
core   0: 3 0x800111c4 (0xff9ff06f)
core   0: 0x800111bc (0x00002f17) auipc   t5, 0x2
core   0: 3 0x800111bc (0x00002f17) x30 0x800131bc
core   0: 0x800111c0 (0xe43f2223) sw      gp, -444(t5)
core   0: 3 0x800111c0 (0xe43f2223) mem 0x80013000 0x00000001
core   0: 0x800111c4 (0xff9ff06f) j       pc - 0x8
core   0: 3 0x800111c4 (0xff9ff06f)
core   0: 0x800111bc (0x00002f17) auipc   t5, 0x2
core   0: 3 0x800111bc (0x00002f17) x30 0x800131bc
core   0: 0x800111c0 (0xe43f2223) sw      gp, -444(t5)
core   0: 3 0x800111c0 (0xe43f2223) mem 0x80013000 0x00000001
core   0: 0x800111c4 (0xff9ff06f) j       pc - 0x8
core   0: 3 0x800111c4 (0xff9ff06f)
core   0: 0x800111bc (0x00002f17) auipc   t5, 0x2
core   0: 3 0x800111bc (0x00002f17) x30 0x800131bc
core   0: 0x800111c0 (0xe43f2223) sw      gp, -444(t5)
core   0: 3 0x800111c0 (0xe43f2223) mem 0x80013000 0x00000001
core   0: 0x800111c4 (0xff9ff06f) j       pc - 0x8
core   0: 3 0x800111c4 (0xff9ff06f)
core   0: 0x800111bc (0x00002f17) auipc   t5, 0x2
core   0: 3 0x800111bc (0x00002f17) x30 0x800131bc
core   0: 0x800111c0 (0xe43f2223) sw      gp, -444(t5)
core   0: 3 0x800111c0 (0xe43f2223) mem 0x80013000 0x00000001
core   0: 0x800111c4 (0xff9ff06f) j       pc - 0x8
core   0: 3 0x800111c4 (0xff9ff06f)
core   0: 0x800111bc (0x00002f17) auipc   t5, 0x2
core   0: 3 0x800111bc (0x00002f17) x30 0x800131bc
core   0: 0x800111c0 (0xe43f2223) sw      gp, -444(t5)
core   0: 3 0x800111c0 (0xe43f2223) mem 0x80013000 0x00000001
core   0: 0x800111c4 (0xff9ff06f) j       pc - 0x8
core   0: 3 0x800111c4 (0xff9ff06f)
core   0: 0x800111bc (0x00002f17) auipc   t5, 0x2
core   0: 3 0x800111bc (0x00002f17) x30 0x800131bc
core   0: 0x800111c0 (0xe43f2223) sw      gp, -444(t5)
core   0: 3 0x800111c0 (0xe43f2223) mem 0x80013000 0x00000001
core   0: 0x800111c4 (0xff9ff06f) j       pc - 0x8
core   0: 3 0x800111c4 (0xff9ff06f)
core   0: 0x800111bc (0x00002f17) auipc   t5, 0x2
core   0: 3 0x800111bc (0x00002f17) x30 0x800131bc
core   0: 0x800111c0 (0xe43f2223) sw      gp, -444(t5)
core   0: 3 0x800111c0 (0xe43f2223) mem 0x80013000 0x00000001
core   0: 0x800111c4 (0xff9ff06f) j       pc - 0x8
core   0: 3 0x800111c4 (0xff9ff06f)
core   0: 0x800111bc (0x00002f17) auipc   t5, 0x2
core   0: 3 0x800111bc (0x00002f17) x30 0x800131bc
core   0: 0x800111c0 (0xe43f2223) sw      gp, -444(t5)
core   0: 3 0x800111c0 (0xe43f2223) mem 0x80013000 0x00000001
core   0: 0x800111c4 (0xff9ff06f) j       pc - 0x8
core   0: 3 0x800111c4 (0xff9ff06f)
core   0: 0x800111bc (0x00002f17) auipc   t5, 0x2
core   0: 3 0x800111bc (0x00002f17) x30 0x800131bc
core   0: 0x800111c0 (0xe43f2223) sw      gp, -444(t5)
core   0: 3 0x800111c0 (0xe43f2223) mem 0x80013000 0x00000001
core   0: 0x800111c4 (0xff9ff06f) j       pc - 0x8
core   0: 3 0x800111c4 (0xff9ff06f)
core   0: 0x800111bc (0x00002f17) auipc   t5, 0x2
core   0: 3 0x800111bc (0x00002f17) x30 0x800131bc
core   0: 0x800111c0 (0xe43f2223) sw      gp, -444(t5)
core   0: 3 0x800111c0 (0xe43f2223) mem 0x80013000 0x00000001
core   0: 0x800111c4 (0xff9ff06f) j       pc - 0x8
core   0: 3 0x800111c4 (0xff9ff06f)
core   0: 0x800111bc (0x00002f17) auipc   t5, 0x2
core   0: 3 0x800111bc (0x00002f17) x30 0x800131bc
core   0: 0x800111c0 (0xe43f2223) sw      gp, -444(t5)
core   0: 3 0x800111c0 (0xe43f2223) mem 0x80013000 0x00000001
core   0: 0x800111c4 (0xff9ff06f) j       pc - 0x8
core   0: 3 0x800111c4 (0xff9ff06f)
core   0: 0x800111bc (0x00002f17) auipc   t5, 0x2
core   0: 3 0x800111bc (0x00002f17) x30 0x800131bc
core   0: 0x800111c0 (0xe43f2223) sw      gp, -444(t5)
core   0: 3 0x800111c0 (0xe43f2223) mem 0x80013000 0x00000001
core   0: 0x800111c4 (0xff9ff06f) j       pc - 0x8
core   0: 3 0x800111c4 (0xff9ff06f)
core   0: 0x800111bc (0x00002f17) auipc   t5, 0x2
core   0: 3 0x800111bc (0x00002f17) x30 0x800131bc
core   0: 0x800111c0 (0xe43f2223) sw      gp, -444(t5)
core   0: 3 0x800111c0 (0xe43f2223) mem 0x80013000 0x00000001
core   0: 0x800111c4 (0xff9ff06f) j       pc - 0x8
core   0: 3 0x800111c4 (0xff9ff06f)
core   0: 0x800111bc (0x00002f17) auipc   t5, 0x2
core   0: 3 0x800111bc (0x00002f17) x30 0x800131bc
core   0: 0x800111c0 (0xe43f2223) sw      gp, -444(t5)
core   0: 3 0x800111c0 (0xe43f2223) mem 0x80013000 0x00000001
core   0: 0x800111c4 (0xff9ff06f) j       pc - 0x8
core   0: 3 0x800111c4 (0xff9ff06f)
core   0: 0x800111bc (0x00002f17) auipc   t5, 0x2
core   0: 3 0x800111bc (0x00002f17) x30 0x800131bc
core   0: 0x800111c0 (0xe43f2223) sw      gp, -444(t5)
core   0: 3 0x800111c0 (0xe43f2223) mem 0x80013000 0x00000001
core   0: 0x800111c4 (0xff9ff06f) j       pc - 0x8
core   0: 3 0x800111c4 (0xff9ff06f)
core   0: 0x800111bc (0x00002f17) auipc   t5, 0x2
core   0: 3 0x800111bc (0x00002f17) x30 0x800131bc
core   0: 0x800111c0 (0xe43f2223) sw      gp, -444(t5)
core   0: 3 0x800111c0 (0xe43f2223) mem 0x80013000 0x00000001
core   0: 0x800111c4 (0xff9ff06f) j       pc - 0x8
core   0: 3 0x800111c4 (0xff9ff06f)
core   0: 0x800111bc (0x00002f17) auipc   t5, 0x2
core   0: 3 0x800111bc (0x00002f17) x30 0x800131bc
core   0: 0x800111c0 (0xe43f2223) sw      gp, -444(t5)
core   0: 3 0x800111c0 (0xe43f2223) mem 0x80013000 0x00000001
core   0: 0x800111c4 (0xff9ff06f) j       pc - 0x8
core   0: 3 0x800111c4 (0xff9ff06f)
core   0: 0x800111bc (0x00002f17) auipc   t5, 0x2
core   0: 3 0x800111bc (0x00002f17) x30 0x800131bc
core   0: 0x800111c0 (0xe43f2223) sw      gp, -444(t5)
core   0: 3 0x800111c0 (0xe43f2223) mem 0x80013000 0x00000001
core   0: 0x800111c4 (0xff9ff06f) j       pc - 0x8
core   0: 3 0x800111c4 (0xff9ff06f)
core   0: 0x800111bc (0x00002f17) auipc   t5, 0x2
core   0: 3 0x800111bc (0x00002f17) x30 0x800131bc
core   0: 0x800111c0 (0xe43f2223) sw      gp, -444(t5)
core   0: 3 0x800111c0 (0xe43f2223) mem 0x80013000 0x00000001
core   0: 0x800111c4 (0xff9ff06f) j       pc - 0x8
core   0: 3 0x800111c4 (0xff9ff06f)
core   0: 0x800111bc (0x00002f17) auipc   t5, 0x2
core   0: 3 0x800111bc (0x00002f17) x30 0x800131bc
core   0: 0x800111c0 (0xe43f2223) sw      gp, -444(t5)
core   0: 3 0x800111c0 (0xe43f2223) mem 0x80013000 0x00000001
core   0: 0x800111c4 (0xff9ff06f) j       pc - 0x8
core   0: 3 0x800111c4 (0xff9ff06f)
core   0: 0x800111bc (0x00002f17) auipc   t5, 0x2
core   0: 3 0x800111bc (0x00002f17) x30 0x800131bc
core   0: 0x800111c0 (0xe43f2223) sw      gp, -444(t5)
core   0: 3 0x800111c0 (0xe43f2223) mem 0x80013000 0x00000001
core   0: 0x800111c4 (0xff9ff06f) j       pc - 0x8
core   0: 3 0x800111c4 (0xff9ff06f)
core   0: 0x800111bc (0x00002f17) auipc   t5, 0x2
core   0: 3 0x800111bc (0x00002f17) x30 0x800131bc
core   0: 0x800111c0 (0xe43f2223) sw      gp, -444(t5)
core   0: 3 0x800111c0 (0xe43f2223) mem 0x80013000 0x00000001
core   0: 0x800111c4 (0xff9ff06f) j       pc - 0x8
core   0: 3 0x800111c4 (0xff9ff06f)
core   0: 0x800111bc (0x00002f17) auipc   t5, 0x2
core   0: 3 0x800111bc (0x00002f17) x30 0x800131bc
core   0: 0x800111c0 (0xe43f2223) sw      gp, -444(t5)
core   0: 3 0x800111c0 (0xe43f2223) mem 0x80013000 0x00000001
core   0: 0x800111c4 (0xff9ff06f) j       pc - 0x8
core   0: 3 0x800111c4 (0xff9ff06f)
core   0: 0x800111bc (0x00002f17) auipc   t5, 0x2
core   0: 3 0x800111bc (0x00002f17) x30 0x800131bc
core   0: 0x800111c0 (0xe43f2223) sw      gp, -444(t5)
core   0: 3 0x800111c0 (0xe43f2223) mem 0x80013000 0x00000001
core   0: 0x800111c4 (0xff9ff06f) j       pc - 0x8
core   0: 3 0x800111c4 (0xff9ff06f)
core   0: 0x800111bc (0x00002f17) auipc   t5, 0x2
core   0: 3 0x800111bc (0x00002f17) x30 0x800131bc
core   0: 0x800111c0 (0xe43f2223) sw      gp, -444(t5)
core   0: 3 0x800111c0 (0xe43f2223) mem 0x80013000 0x00000001
core   0: 0x800111c4 (0xff9ff06f) j       pc - 0x8
core   0: 3 0x800111c4 (0xff9ff06f)
core   0: 0x800111bc (0x00002f17) auipc   t5, 0x2
core   0: 3 0x800111bc (0x00002f17) x30 0x800131bc
core   0: 0x800111c0 (0xe43f2223) sw      gp, -444(t5)
core   0: 3 0x800111c0 (0xe43f2223) mem 0x80013000 0x00000001
core   0: 0x800111c4 (0xff9ff06f) j       pc - 0x8
core   0: 3 0x800111c4 (0xff9ff06f)
core   0: 0x800111bc (0x00002f17) auipc   t5, 0x2
core   0: 3 0x800111bc (0x00002f17) x30 0x800131bc
core   0: 0x800111c0 (0xe43f2223) sw      gp, -444(t5)
core   0: 3 0x800111c0 (0xe43f2223) mem 0x80013000 0x00000001
core   0: 0x800111c4 (0xff9ff06f) j       pc - 0x8
core   0: 3 0x800111c4 (0xff9ff06f)
core   0: 0x800111bc (0x00002f17) auipc   t5, 0x2
core   0: 3 0x800111bc (0x00002f17) x30 0x800131bc
core   0: 0x800111c0 (0xe43f2223) sw      gp, -444(t5)
core   0: 3 0x800111c0 (0xe43f2223) mem 0x80013000 0x00000001
core   0: 0x800111c4 (0xff9ff06f) j       pc - 0x8
core   0: 3 0x800111c4 (0xff9ff06f)
core   0: 0x800111bc (0x00002f17) auipc   t5, 0x2
core   0: 3 0x800111bc (0x00002f17) x30 0x800131bc
core   0: 0x800111c0 (0xe43f2223) sw      gp, -444(t5)
core   0: 3 0x800111c0 (0xe43f2223) mem 0x80013000 0x00000001
core   0: 0x800111c4 (0xff9ff06f) j       pc - 0x8
core   0: 3 0x800111c4 (0xff9ff06f)
core   0: 0x800111bc (0x00002f17) auipc   t5, 0x2
core   0: 3 0x800111bc (0x00002f17) x30 0x800131bc
core   0: 0x800111c0 (0xe43f2223) sw      gp, -444(t5)
core   0: 3 0x800111c0 (0xe43f2223) mem 0x80013000 0x00000001
core   0: 0x800111c4 (0xff9ff06f) j       pc - 0x8
core   0: 3 0x800111c4 (0xff9ff06f)
core   0: 0x800111bc (0x00002f17) auipc   t5, 0x2
core   0: 3 0x800111bc (0x00002f17) x30 0x800131bc
core   0: 0x800111c0 (0xe43f2223) sw      gp, -444(t5)
core   0: 3 0x800111c0 (0xe43f2223) mem 0x80013000 0x00000001
core   0: 0x800111c4 (0xff9ff06f) j       pc - 0x8
core   0: 3 0x800111c4 (0xff9ff06f)
core   0: 0x800111bc (0x00002f17) auipc   t5, 0x2
core   0: 3 0x800111bc (0x00002f17) x30 0x800131bc
core   0: 0x800111c0 (0xe43f2223) sw      gp, -444(t5)
core   0: 3 0x800111c0 (0xe43f2223) mem 0x80013000 0x00000001
core   0: 0x800111c4 (0xff9ff06f) j       pc - 0x8
core   0: 3 0x800111c4 (0xff9ff06f)
core   0: 0x800111bc (0x00002f17) auipc   t5, 0x2
core   0: 3 0x800111bc (0x00002f17) x30 0x800131bc
core   0: 0x800111c0 (0xe43f2223) sw      gp, -444(t5)
core   0: 3 0x800111c0 (0xe43f2223) mem 0x80013000 0x00000001
core   0: 0x800111c4 (0xff9ff06f) j       pc - 0x8
core   0: 3 0x800111c4 (0xff9ff06f)
core   0: 0x800111bc (0x00002f17) auipc   t5, 0x2
core   0: 3 0x800111bc (0x00002f17) x30 0x800131bc
core   0: 0x800111c0 (0xe43f2223) sw      gp, -444(t5)
core   0: 3 0x800111c0 (0xe43f2223) mem 0x80013000 0x00000001
core   0: 0x800111c4 (0xff9ff06f) j       pc - 0x8
core   0: 3 0x800111c4 (0xff9ff06f)
core   0: 0x800111bc (0x00002f17) auipc   t5, 0x2
core   0: 3 0x800111bc (0x00002f17) x30 0x800131bc
core   0: 0x800111c0 (0xe43f2223) sw      gp, -444(t5)
core   0: 3 0x800111c0 (0xe43f2223) mem 0x80013000 0x00000001
core   0: 0x800111c4 (0xff9ff06f) j       pc - 0x8
core   0: 3 0x800111c4 (0xff9ff06f)
core   0: 0x800111bc (0x00002f17) auipc   t5, 0x2
core   0: 3 0x800111bc (0x00002f17) x30 0x800131bc
core   0: 0x800111c0 (0xe43f2223) sw      gp, -444(t5)
core   0: 3 0x800111c0 (0xe43f2223) mem 0x80013000 0x00000001
core   0: 0x800111c4 (0xff9ff06f) j       pc - 0x8
core   0: 3 0x800111c4 (0xff9ff06f)
core   0: 0x800111bc (0x00002f17) auipc   t5, 0x2
core   0: 3 0x800111bc (0x00002f17) x30 0x800131bc
core   0: 0x800111c0 (0xe43f2223) sw      gp, -444(t5)
core   0: 3 0x800111c0 (0xe43f2223) mem 0x80013000 0x00000001
core   0: 0x800111c4 (0xff9ff06f) j       pc - 0x8
core   0: 3 0x800111c4 (0xff9ff06f)
core   0: 0x800111bc (0x00002f17) auipc   t5, 0x2
core   0: 3 0x800111bc (0x00002f17) x30 0x800131bc
core   0: 0x800111c0 (0xe43f2223) sw      gp, -444(t5)
core   0: 3 0x800111c0 (0xe43f2223) mem 0x80013000 0x00000001
core   0: 0x800111c4 (0xff9ff06f) j       pc - 0x8
core   0: 3 0x800111c4 (0xff9ff06f)
core   0: 0x800111bc (0x00002f17) auipc   t5, 0x2
core   0: 3 0x800111bc (0x00002f17) x30 0x800131bc
core   0: 0x800111c0 (0xe43f2223) sw      gp, -444(t5)
core   0: 3 0x800111c0 (0xe43f2223) mem 0x80013000 0x00000001
core   0: 0x800111c4 (0xff9ff06f) j       pc - 0x8
core   0: 3 0x800111c4 (0xff9ff06f)
core   0: 0x800111bc (0x00002f17) auipc   t5, 0x2
core   0: 3 0x800111bc (0x00002f17) x30 0x800131bc
core   0: 0x800111c0 (0xe43f2223) sw      gp, -444(t5)
core   0: 3 0x800111c0 (0xe43f2223) mem 0x80013000 0x00000001
core   0: 0x800111c4 (0xff9ff06f) j       pc - 0x8
core   0: 3 0x800111c4 (0xff9ff06f)
core   0: 0x800111bc (0x00002f17) auipc   t5, 0x2
core   0: 3 0x800111bc (0x00002f17) x30 0x800131bc
core   0: 0x800111c0 (0xe43f2223) sw      gp, -444(t5)
core   0: 3 0x800111c0 (0xe43f2223) mem 0x80013000 0x00000001
core   0: 0x800111c4 (0xff9ff06f) j       pc - 0x8
core   0: 3 0x800111c4 (0xff9ff06f)
core   0: 0x800111bc (0x00002f17) auipc   t5, 0x2
core   0: 3 0x800111bc (0x00002f17) x30 0x800131bc
core   0: 0x800111c0 (0xe43f2223) sw      gp, -444(t5)
core   0: 3 0x800111c0 (0xe43f2223) mem 0x80013000 0x00000001
core   0: 0x800111c4 (0xff9ff06f) j       pc - 0x8
core   0: 3 0x800111c4 (0xff9ff06f)
core   0: 0x800111bc (0x00002f17) auipc   t5, 0x2
core   0: 3 0x800111bc (0x00002f17) x30 0x800131bc
core   0: 0x800111c0 (0xe43f2223) sw      gp, -444(t5)
core   0: 3 0x800111c0 (0xe43f2223) mem 0x80013000 0x00000001
core   0: 0x800111c4 (0xff9ff06f) j       pc - 0x8
core   0: 3 0x800111c4 (0xff9ff06f)
core   0: 0x800111bc (0x00002f17) auipc   t5, 0x2
core   0: 3 0x800111bc (0x00002f17) x30 0x800131bc
core   0: 0x800111c0 (0xe43f2223) sw      gp, -444(t5)
core   0: 3 0x800111c0 (0xe43f2223) mem 0x80013000 0x00000001
core   0: 0x800111c4 (0xff9ff06f) j       pc - 0x8
core   0: 3 0x800111c4 (0xff9ff06f)
core   0: 0x800111bc (0x00002f17) auipc   t5, 0x2
core   0: 3 0x800111bc (0x00002f17) x30 0x800131bc
core   0: 0x800111c0 (0xe43f2223) sw      gp, -444(t5)
core   0: 3 0x800111c0 (0xe43f2223) mem 0x80013000 0x00000001
core   0: 0x800111c4 (0xff9ff06f) j       pc - 0x8
core   0: 3 0x800111c4 (0xff9ff06f)
core   0: 0x800111bc (0x00002f17) auipc   t5, 0x2
core   0: 3 0x800111bc (0x00002f17) x30 0x800131bc
core   0: 0x800111c0 (0xe43f2223) sw      gp, -444(t5)
core   0: 3 0x800111c0 (0xe43f2223) mem 0x80013000 0x00000001
core   0: 0x800111c4 (0xff9ff06f) j       pc - 0x8
core   0: 3 0x800111c4 (0xff9ff06f)
core   0: 0x800111bc (0x00002f17) auipc   t5, 0x2
core   0: 3 0x800111bc (0x00002f17) x30 0x800131bc
core   0: 0x800111c0 (0xe43f2223) sw      gp, -444(t5)
core   0: 3 0x800111c0 (0xe43f2223) mem 0x80013000 0x00000001
core   0: 0x800111c4 (0xff9ff06f) j       pc - 0x8
core   0: 3 0x800111c4 (0xff9ff06f)
core   0: 0x800111bc (0x00002f17) auipc   t5, 0x2
core   0: 3 0x800111bc (0x00002f17) x30 0x800131bc
core   0: 0x800111c0 (0xe43f2223) sw      gp, -444(t5)
core   0: 3 0x800111c0 (0xe43f2223) mem 0x80013000 0x00000001
core   0: 0x800111c4 (0xff9ff06f) j       pc - 0x8
core   0: 3 0x800111c4 (0xff9ff06f)
core   0: 0x800111bc (0x00002f17) auipc   t5, 0x2
core   0: 3 0x800111bc (0x00002f17) x30 0x800131bc
core   0: 0x800111c0 (0xe43f2223) sw      gp, -444(t5)
core   0: 3 0x800111c0 (0xe43f2223) mem 0x80013000 0x00000001
core   0: 0x800111c4 (0xff9ff06f) j       pc - 0x8
core   0: 3 0x800111c4 (0xff9ff06f)
core   0: 0x800111bc (0x00002f17) auipc   t5, 0x2
core   0: 3 0x800111bc (0x00002f17) x30 0x800131bc
core   0: 0x800111c0 (0xe43f2223) sw      gp, -444(t5)
core   0: 3 0x800111c0 (0xe43f2223) mem 0x80013000 0x00000001
core   0: 0x800111c4 (0xff9ff06f) j       pc - 0x8
core   0: 3 0x800111c4 (0xff9ff06f)
core   0: 0x800111bc (0x00002f17) auipc   t5, 0x2
core   0: 3 0x800111bc (0x00002f17) x30 0x800131bc
core   0: 0x800111c0 (0xe43f2223) sw      gp, -444(t5)
core   0: 3 0x800111c0 (0xe43f2223) mem 0x80013000 0x00000001
core   0: 0x800111c4 (0xff9ff06f) j       pc - 0x8
core   0: 3 0x800111c4 (0xff9ff06f)
core   0: 0x800111bc (0x00002f17) auipc   t5, 0x2
core   0: 3 0x800111bc (0x00002f17) x30 0x800131bc
core   0: 0x800111c0 (0xe43f2223) sw      gp, -444(t5)
core   0: 3 0x800111c0 (0xe43f2223) mem 0x80013000 0x00000001
core   0: 0x800111c4 (0xff9ff06f) j       pc - 0x8
core   0: 3 0x800111c4 (0xff9ff06f)
core   0: 0x800111bc (0x00002f17) auipc   t5, 0x2
core   0: 3 0x800111bc (0x00002f17) x30 0x800131bc
core   0: 0x800111c0 (0xe43f2223) sw      gp, -444(t5)
core   0: 3 0x800111c0 (0xe43f2223) mem 0x80013000 0x00000001
core   0: 0x800111c4 (0xff9ff06f) j       pc - 0x8
core   0: 3 0x800111c4 (0xff9ff06f)
core   0: 0x800111bc (0x00002f17) auipc   t5, 0x2
core   0: 3 0x800111bc (0x00002f17) x30 0x800131bc
core   0: 0x800111c0 (0xe43f2223) sw      gp, -444(t5)
core   0: 3 0x800111c0 (0xe43f2223) mem 0x80013000 0x00000001
core   0: 0x800111c4 (0xff9ff06f) j       pc - 0x8
core   0: 3 0x800111c4 (0xff9ff06f)
core   0: 0x800111bc (0x00002f17) auipc   t5, 0x2
core   0: 3 0x800111bc (0x00002f17) x30 0x800131bc
core   0: 0x800111c0 (0xe43f2223) sw      gp, -444(t5)
core   0: 3 0x800111c0 (0xe43f2223) mem 0x80013000 0x00000001
core   0: 0x800111c4 (0xff9ff06f) j       pc - 0x8
core   0: 3 0x800111c4 (0xff9ff06f)
core   0: 0x800111bc (0x00002f17) auipc   t5, 0x2
core   0: 3 0x800111bc (0x00002f17) x30 0x800131bc
core   0: 0x800111c0 (0xe43f2223) sw      gp, -444(t5)
core   0: 3 0x800111c0 (0xe43f2223) mem 0x80013000 0x00000001
core   0: 0x800111c4 (0xff9ff06f) j       pc - 0x8
core   0: 3 0x800111c4 (0xff9ff06f)
core   0: 0x800111bc (0x00002f17) auipc   t5, 0x2
core   0: 3 0x800111bc (0x00002f17) x30 0x800131bc
core   0: 0x800111c0 (0xe43f2223) sw      gp, -444(t5)
core   0: 3 0x800111c0 (0xe43f2223) mem 0x80013000 0x00000001
core   0: 0x800111c4 (0xff9ff06f) j       pc - 0x8
core   0: 3 0x800111c4 (0xff9ff06f)
core   0: 0x800111bc (0x00002f17) auipc   t5, 0x2
core   0: 3 0x800111bc (0x00002f17) x30 0x800131bc
core   0: 0x800111c0 (0xe43f2223) sw      gp, -444(t5)
core   0: 3 0x800111c0 (0xe43f2223) mem 0x80013000 0x00000001
core   0: 0x800111c4 (0xff9ff06f) j       pc - 0x8
core   0: 3 0x800111c4 (0xff9ff06f)
core   0: 0x800111bc (0x00002f17) auipc   t5, 0x2
core   0: 3 0x800111bc (0x00002f17) x30 0x800131bc
core   0: 0x800111c0 (0xe43f2223) sw      gp, -444(t5)
core   0: 3 0x800111c0 (0xe43f2223) mem 0x80013000 0x00000001
core   0: 0x800111c4 (0xff9ff06f) j       pc - 0x8
core   0: 3 0x800111c4 (0xff9ff06f)
core   0: 0x800111bc (0x00002f17) auipc   t5, 0x2
core   0: 3 0x800111bc (0x00002f17) x30 0x800131bc
core   0: 0x800111c0 (0xe43f2223) sw      gp, -444(t5)
core   0: 3 0x800111c0 (0xe43f2223) mem 0x80013000 0x00000001
core   0: 0x800111c4 (0xff9ff06f) j       pc - 0x8
core   0: 3 0x800111c4 (0xff9ff06f)
core   0: 0x800111bc (0x00002f17) auipc   t5, 0x2
core   0: 3 0x800111bc (0x00002f17) x30 0x800131bc
core   0: 0x800111c0 (0xe43f2223) sw      gp, -444(t5)
core   0: 3 0x800111c0 (0xe43f2223) mem 0x80013000 0x00000001
core   0: 0x800111c4 (0xff9ff06f) j       pc - 0x8
core   0: 3 0x800111c4 (0xff9ff06f)
core   0: 0x800111bc (0x00002f17) auipc   t5, 0x2
core   0: 3 0x800111bc (0x00002f17) x30 0x800131bc
core   0: 0x800111c0 (0xe43f2223) sw      gp, -444(t5)
core   0: 3 0x800111c0 (0xe43f2223) mem 0x80013000 0x00000001
core   0: 0x800111c4 (0xff9ff06f) j       pc - 0x8
core   0: 3 0x800111c4 (0xff9ff06f)
core   0: 0x800111bc (0x00002f17) auipc   t5, 0x2
core   0: 3 0x800111bc (0x00002f17) x30 0x800131bc
core   0: 0x800111c0 (0xe43f2223) sw      gp, -444(t5)
core   0: 3 0x800111c0 (0xe43f2223) mem 0x80013000 0x00000001
core   0: 0x800111c4 (0xff9ff06f) j       pc - 0x8
core   0: 3 0x800111c4 (0xff9ff06f)
core   0: 0x800111bc (0x00002f17) auipc   t5, 0x2
core   0: 3 0x800111bc (0x00002f17) x30 0x800131bc
core   0: 0x800111c0 (0xe43f2223) sw      gp, -444(t5)
core   0: 3 0x800111c0 (0xe43f2223) mem 0x80013000 0x00000001
core   0: 0x800111c4 (0xff9ff06f) j       pc - 0x8
core   0: 3 0x800111c4 (0xff9ff06f)
core   0: 0x800111bc (0x00002f17) auipc   t5, 0x2
core   0: 3 0x800111bc (0x00002f17) x30 0x800131bc
core   0: 0x800111c0 (0xe43f2223) sw      gp, -444(t5)
core   0: 3 0x800111c0 (0xe43f2223) mem 0x80013000 0x00000001
core   0: 0x800111c4 (0xff9ff06f) j       pc - 0x8
core   0: 3 0x800111c4 (0xff9ff06f)
core   0: 0x800111bc (0x00002f17) auipc   t5, 0x2
core   0: 3 0x800111bc (0x00002f17) x30 0x800131bc
core   0: 0x800111c0 (0xe43f2223) sw      gp, -444(t5)
core   0: 3 0x800111c0 (0xe43f2223) mem 0x80013000 0x00000001
core   0: 0x800111c4 (0xff9ff06f) j       pc - 0x8
core   0: 3 0x800111c4 (0xff9ff06f)
core   0: 0x800111bc (0x00002f17) auipc   t5, 0x2
core   0: 3 0x800111bc (0x00002f17) x30 0x800131bc
core   0: 0x800111c0 (0xe43f2223) sw      gp, -444(t5)
core   0: 3 0x800111c0 (0xe43f2223) mem 0x80013000 0x00000001
core   0: 0x800111c4 (0xff9ff06f) j       pc - 0x8
core   0: 3 0x800111c4 (0xff9ff06f)
core   0: 0x800111bc (0x00002f17) auipc   t5, 0x2
core   0: 3 0x800111bc (0x00002f17) x30 0x800131bc
core   0: 0x800111c0 (0xe43f2223) sw      gp, -444(t5)
core   0: 3 0x800111c0 (0xe43f2223) mem 0x80013000 0x00000001
core   0: 0x800111c4 (0xff9ff06f) j       pc - 0x8
core   0: 3 0x800111c4 (0xff9ff06f)
core   0: 0x800111bc (0x00002f17) auipc   t5, 0x2
core   0: 3 0x800111bc (0x00002f17) x30 0x800131bc
core   0: 0x800111c0 (0xe43f2223) sw      gp, -444(t5)
core   0: 3 0x800111c0 (0xe43f2223) mem 0x80013000 0x00000001
core   0: 0x800111c4 (0xff9ff06f) j       pc - 0x8
core   0: 3 0x800111c4 (0xff9ff06f)
core   0: 0x800111bc (0x00002f17) auipc   t5, 0x2
core   0: 3 0x800111bc (0x00002f17) x30 0x800131bc
core   0: 0x800111c0 (0xe43f2223) sw      gp, -444(t5)
core   0: 3 0x800111c0 (0xe43f2223) mem 0x80013000 0x00000001
core   0: 0x800111c4 (0xff9ff06f) j       pc - 0x8
core   0: 3 0x800111c4 (0xff9ff06f)
core   0: 0x800111bc (0x00002f17) auipc   t5, 0x2
core   0: 3 0x800111bc (0x00002f17) x30 0x800131bc
core   0: 0x800111c0 (0xe43f2223) sw      gp, -444(t5)
core   0: 3 0x800111c0 (0xe43f2223) mem 0x80013000 0x00000001
core   0: 0x800111c4 (0xff9ff06f) j       pc - 0x8
core   0: 3 0x800111c4 (0xff9ff06f)
core   0: 0x800111bc (0x00002f17) auipc   t5, 0x2
core   0: 3 0x800111bc (0x00002f17) x30 0x800131bc
core   0: 0x800111c0 (0xe43f2223) sw      gp, -444(t5)
core   0: 3 0x800111c0 (0xe43f2223) mem 0x80013000 0x00000001
core   0: 0x800111c4 (0xff9ff06f) j       pc - 0x8
core   0: 3 0x800111c4 (0xff9ff06f)
core   0: 0x800111bc (0x00002f17) auipc   t5, 0x2
core   0: 3 0x800111bc (0x00002f17) x30 0x800131bc
core   0: 0x800111c0 (0xe43f2223) sw      gp, -444(t5)
core   0: 3 0x800111c0 (0xe43f2223) mem 0x80013000 0x00000001
core   0: 0x800111c4 (0xff9ff06f) j       pc - 0x8
core   0: 3 0x800111c4 (0xff9ff06f)
core   0: 0x800111bc (0x00002f17) auipc   t5, 0x2
core   0: 3 0x800111bc (0x00002f17) x30 0x800131bc
core   0: 0x800111c0 (0xe43f2223) sw      gp, -444(t5)
core   0: 3 0x800111c0 (0xe43f2223) mem 0x80013000 0x00000001
core   0: 0x800111c4 (0xff9ff06f) j       pc - 0x8
core   0: 3 0x800111c4 (0xff9ff06f)
core   0: 0x800111bc (0x00002f17) auipc   t5, 0x2
core   0: 3 0x800111bc (0x00002f17) x30 0x800131bc
core   0: 0x800111c0 (0xe43f2223) sw      gp, -444(t5)
core   0: 3 0x800111c0 (0xe43f2223) mem 0x80013000 0x00000001
core   0: 0x800111c4 (0xff9ff06f) j       pc - 0x8
core   0: 3 0x800111c4 (0xff9ff06f)
core   0: 0x800111bc (0x00002f17) auipc   t5, 0x2
core   0: 3 0x800111bc (0x00002f17) x30 0x800131bc
core   0: 0x800111c0 (0xe43f2223) sw      gp, -444(t5)
core   0: 3 0x800111c0 (0xe43f2223) mem 0x80013000 0x00000001
core   0: 0x800111c4 (0xff9ff06f) j       pc - 0x8
core   0: 3 0x800111c4 (0xff9ff06f)
core   0: 0x800111bc (0x00002f17) auipc   t5, 0x2
core   0: 3 0x800111bc (0x00002f17) x30 0x800131bc
core   0: 0x800111c0 (0xe43f2223) sw      gp, -444(t5)
core   0: 3 0x800111c0 (0xe43f2223) mem 0x80013000 0x00000001
core   0: 0x800111c4 (0xff9ff06f) j       pc - 0x8
core   0: 3 0x800111c4 (0xff9ff06f)
core   0: 0x800111bc (0x00002f17) auipc   t5, 0x2
core   0: 3 0x800111bc (0x00002f17) x30 0x800131bc
core   0: 0x800111c0 (0xe43f2223) sw      gp, -444(t5)
core   0: 3 0x800111c0 (0xe43f2223) mem 0x80013000 0x00000001
core   0: 0x800111c4 (0xff9ff06f) j       pc - 0x8
core   0: 3 0x800111c4 (0xff9ff06f)
core   0: 0x800111bc (0x00002f17) auipc   t5, 0x2
core   0: 3 0x800111bc (0x00002f17) x30 0x800131bc
core   0: 0x800111c0 (0xe43f2223) sw      gp, -444(t5)
core   0: 3 0x800111c0 (0xe43f2223) mem 0x80013000 0x00000001
core   0: 0x800111c4 (0xff9ff06f) j       pc - 0x8
core   0: 3 0x800111c4 (0xff9ff06f)
core   0: 0x800111bc (0x00002f17) auipc   t5, 0x2
core   0: 3 0x800111bc (0x00002f17) x30 0x800131bc
core   0: 0x800111c0 (0xe43f2223) sw      gp, -444(t5)
core   0: 3 0x800111c0 (0xe43f2223) mem 0x80013000 0x00000001
core   0: 0x800111c4 (0xff9ff06f) j       pc - 0x8
core   0: 3 0x800111c4 (0xff9ff06f)
core   0: 0x800111bc (0x00002f17) auipc   t5, 0x2
core   0: 3 0x800111bc (0x00002f17) x30 0x800131bc
core   0: 0x800111c0 (0xe43f2223) sw      gp, -444(t5)
core   0: 3 0x800111c0 (0xe43f2223) mem 0x80013000 0x00000001
core   0: 0x800111c4 (0xff9ff06f) j       pc - 0x8
core   0: 3 0x800111c4 (0xff9ff06f)
core   0: 0x800111bc (0x00002f17) auipc   t5, 0x2
core   0: 3 0x800111bc (0x00002f17) x30 0x800131bc
core   0: 0x800111c0 (0xe43f2223) sw      gp, -444(t5)
core   0: 3 0x800111c0 (0xe43f2223) mem 0x80013000 0x00000001
core   0: 0x800111c4 (0xff9ff06f) j       pc - 0x8
core   0: 3 0x800111c4 (0xff9ff06f)
core   0: 0x800111bc (0x00002f17) auipc   t5, 0x2
core   0: 3 0x800111bc (0x00002f17) x30 0x800131bc
core   0: 0x800111c0 (0xe43f2223) sw      gp, -444(t5)
core   0: 3 0x800111c0 (0xe43f2223) mem 0x80013000 0x00000001
core   0: 0x800111c4 (0xff9ff06f) j       pc - 0x8
core   0: 3 0x800111c4 (0xff9ff06f)
core   0: 0x800111bc (0x00002f17) auipc   t5, 0x2
core   0: 3 0x800111bc (0x00002f17) x30 0x800131bc
core   0: 0x800111c0 (0xe43f2223) sw      gp, -444(t5)
core   0: 3 0x800111c0 (0xe43f2223) mem 0x80013000 0x00000001
core   0: 0x800111c4 (0xff9ff06f) j       pc - 0x8
core   0: 3 0x800111c4 (0xff9ff06f)
core   0: 0x800111bc (0x00002f17) auipc   t5, 0x2
core   0: 3 0x800111bc (0x00002f17) x30 0x800131bc
core   0: 0x800111c0 (0xe43f2223) sw      gp, -444(t5)
core   0: 3 0x800111c0 (0xe43f2223) mem 0x80013000 0x00000001
core   0: 0x800111c4 (0xff9ff06f) j       pc - 0x8
core   0: 3 0x800111c4 (0xff9ff06f)
core   0: 0x800111bc (0x00002f17) auipc   t5, 0x2
core   0: 3 0x800111bc (0x00002f17) x30 0x800131bc
core   0: 0x800111c0 (0xe43f2223) sw      gp, -444(t5)
core   0: 3 0x800111c0 (0xe43f2223) mem 0x80013000 0x00000001
core   0: 0x800111c4 (0xff9ff06f) j       pc - 0x8
core   0: 3 0x800111c4 (0xff9ff06f)
core   0: 0x800111bc (0x00002f17) auipc   t5, 0x2
core   0: 3 0x800111bc (0x00002f17) x30 0x800131bc
core   0: 0x800111c0 (0xe43f2223) sw      gp, -444(t5)
core   0: 3 0x800111c0 (0xe43f2223) mem 0x80013000 0x00000001
core   0: 0x800111c4 (0xff9ff06f) j       pc - 0x8
core   0: 3 0x800111c4 (0xff9ff06f)
core   0: 0x800111bc (0x00002f17) auipc   t5, 0x2
core   0: 3 0x800111bc (0x00002f17) x30 0x800131bc
core   0: 0x800111c0 (0xe43f2223) sw      gp, -444(t5)
core   0: 3 0x800111c0 (0xe43f2223) mem 0x80013000 0x00000001
core   0: 0x800111c4 (0xff9ff06f) j       pc - 0x8
core   0: 3 0x800111c4 (0xff9ff06f)
core   0: 0x800111bc (0x00002f17) auipc   t5, 0x2
core   0: 3 0x800111bc (0x00002f17) x30 0x800131bc
core   0: 0x800111c0 (0xe43f2223) sw      gp, -444(t5)
core   0: 3 0x800111c0 (0xe43f2223) mem 0x80013000 0x00000001
core   0: 0x800111c4 (0xff9ff06f) j       pc - 0x8
core   0: 3 0x800111c4 (0xff9ff06f)
core   0: 0x800111bc (0x00002f17) auipc   t5, 0x2
core   0: 3 0x800111bc (0x00002f17) x30 0x800131bc
core   0: 0x800111c0 (0xe43f2223) sw      gp, -444(t5)
core   0: 3 0x800111c0 (0xe43f2223) mem 0x80013000 0x00000001
core   0: 0x800111c4 (0xff9ff06f) j       pc - 0x8
core   0: 3 0x800111c4 (0xff9ff06f)
core   0: 0x800111bc (0x00002f17) auipc   t5, 0x2
core   0: 3 0x800111bc (0x00002f17) x30 0x800131bc
core   0: 0x800111c0 (0xe43f2223) sw      gp, -444(t5)
core   0: 3 0x800111c0 (0xe43f2223) mem 0x80013000 0x00000001
core   0: 0x800111c4 (0xff9ff06f) j       pc - 0x8
core   0: 3 0x800111c4 (0xff9ff06f)
core   0: 0x800111bc (0x00002f17) auipc   t5, 0x2
core   0: 3 0x800111bc (0x00002f17) x30 0x800131bc
core   0: 0x800111c0 (0xe43f2223) sw      gp, -444(t5)
core   0: 3 0x800111c0 (0xe43f2223) mem 0x80013000 0x00000001
core   0: 0x800111c4 (0xff9ff06f) j       pc - 0x8
core   0: 3 0x800111c4 (0xff9ff06f)
core   0: 0x800111bc (0x00002f17) auipc   t5, 0x2
core   0: 3 0x800111bc (0x00002f17) x30 0x800131bc
core   0: 0x800111c0 (0xe43f2223) sw      gp, -444(t5)
core   0: 3 0x800111c0 (0xe43f2223) mem 0x80013000 0x00000001
core   0: 0x800111c4 (0xff9ff06f) j       pc - 0x8
core   0: 3 0x800111c4 (0xff9ff06f)
core   0: 0x800111bc (0x00002f17) auipc   t5, 0x2
core   0: 3 0x800111bc (0x00002f17) x30 0x800131bc
core   0: 0x800111c0 (0xe43f2223) sw      gp, -444(t5)
core   0: 3 0x800111c0 (0xe43f2223) mem 0x80013000 0x00000001
core   0: 0x800111c4 (0xff9ff06f) j       pc - 0x8
core   0: 3 0x800111c4 (0xff9ff06f)
core   0: 0x800111bc (0x00002f17) auipc   t5, 0x2
core   0: 3 0x800111bc (0x00002f17) x30 0x800131bc
core   0: 0x800111c0 (0xe43f2223) sw      gp, -444(t5)
core   0: 3 0x800111c0 (0xe43f2223) mem 0x80013000 0x00000001
core   0: 0x800111c4 (0xff9ff06f) j       pc - 0x8
core   0: 3 0x800111c4 (0xff9ff06f)
core   0: 0x800111bc (0x00002f17) auipc   t5, 0x2
core   0: 3 0x800111bc (0x00002f17) x30 0x800131bc
core   0: 0x800111c0 (0xe43f2223) sw      gp, -444(t5)
core   0: 3 0x800111c0 (0xe43f2223) mem 0x80013000 0x00000001
core   0: 0x800111c4 (0xff9ff06f) j       pc - 0x8
core   0: 3 0x800111c4 (0xff9ff06f)
core   0: 0x800111bc (0x00002f17) auipc   t5, 0x2
core   0: 3 0x800111bc (0x00002f17) x30 0x800131bc
core   0: 0x800111c0 (0xe43f2223) sw      gp, -444(t5)
core   0: 3 0x800111c0 (0xe43f2223) mem 0x80013000 0x00000001
core   0: 0x800111c4 (0xff9ff06f) j       pc - 0x8
core   0: 3 0x800111c4 (0xff9ff06f)
core   0: 0x800111bc (0x00002f17) auipc   t5, 0x2
core   0: 3 0x800111bc (0x00002f17) x30 0x800131bc
core   0: 0x800111c0 (0xe43f2223) sw      gp, -444(t5)
core   0: 3 0x800111c0 (0xe43f2223) mem 0x80013000 0x00000001
core   0: 0x800111c4 (0xff9ff06f) j       pc - 0x8
core   0: 3 0x800111c4 (0xff9ff06f)
core   0: 0x800111bc (0x00002f17) auipc   t5, 0x2
core   0: 3 0x800111bc (0x00002f17) x30 0x800131bc
core   0: 0x800111c0 (0xe43f2223) sw      gp, -444(t5)
core   0: 3 0x800111c0 (0xe43f2223) mem 0x80013000 0x00000001
core   0: 0x800111c4 (0xff9ff06f) j       pc - 0x8
core   0: 3 0x800111c4 (0xff9ff06f)
core   0: 0x800111bc (0x00002f17) auipc   t5, 0x2
core   0: 3 0x800111bc (0x00002f17) x30 0x800131bc
core   0: 0x800111c0 (0xe43f2223) sw      gp, -444(t5)
core   0: 3 0x800111c0 (0xe43f2223) mem 0x80013000 0x00000001
core   0: 0x800111c4 (0xff9ff06f) j       pc - 0x8
core   0: 3 0x800111c4 (0xff9ff06f)
core   0: 0x800111bc (0x00002f17) auipc   t5, 0x2
core   0: 3 0x800111bc (0x00002f17) x30 0x800131bc
core   0: 0x800111c0 (0xe43f2223) sw      gp, -444(t5)
core   0: 3 0x800111c0 (0xe43f2223) mem 0x80013000 0x00000001
core   0: 0x800111c4 (0xff9ff06f) j       pc - 0x8
core   0: 3 0x800111c4 (0xff9ff06f)
core   0: 0x800111bc (0x00002f17) auipc   t5, 0x2
core   0: 3 0x800111bc (0x00002f17) x30 0x800131bc
core   0: 0x800111c0 (0xe43f2223) sw      gp, -444(t5)
core   0: 3 0x800111c0 (0xe43f2223) mem 0x80013000 0x00000001
core   0: 0x800111c4 (0xff9ff06f) j       pc - 0x8
core   0: 3 0x800111c4 (0xff9ff06f)
core   0: 0x800111bc (0x00002f17) auipc   t5, 0x2
core   0: 3 0x800111bc (0x00002f17) x30 0x800131bc
core   0: 0x800111c0 (0xe43f2223) sw      gp, -444(t5)
core   0: 3 0x800111c0 (0xe43f2223) mem 0x80013000 0x00000001
core   0: 0x800111c4 (0xff9ff06f) j       pc - 0x8
core   0: 3 0x800111c4 (0xff9ff06f)
core   0: 0x800111bc (0x00002f17) auipc   t5, 0x2
core   0: 3 0x800111bc (0x00002f17) x30 0x800131bc
core   0: 0x800111c0 (0xe43f2223) sw      gp, -444(t5)
core   0: 3 0x800111c0 (0xe43f2223) mem 0x80013000 0x00000001
core   0: 0x800111c4 (0xff9ff06f) j       pc - 0x8
core   0: 3 0x800111c4 (0xff9ff06f)
core   0: 0x800111bc (0x00002f17) auipc   t5, 0x2
core   0: 3 0x800111bc (0x00002f17) x30 0x800131bc
core   0: 0x800111c0 (0xe43f2223) sw      gp, -444(t5)
core   0: 3 0x800111c0 (0xe43f2223) mem 0x80013000 0x00000001
core   0: 0x800111c4 (0xff9ff06f) j       pc - 0x8
core   0: 3 0x800111c4 (0xff9ff06f)
core   0: 0x800111bc (0x00002f17) auipc   t5, 0x2
core   0: 3 0x800111bc (0x00002f17) x30 0x800131bc
core   0: 0x800111c0 (0xe43f2223) sw      gp, -444(t5)
core   0: 3 0x800111c0 (0xe43f2223) mem 0x80013000 0x00000001
core   0: 0x800111c4 (0xff9ff06f) j       pc - 0x8
core   0: 3 0x800111c4 (0xff9ff06f)
core   0: 0x800111bc (0x00002f17) auipc   t5, 0x2
core   0: 3 0x800111bc (0x00002f17) x30 0x800131bc
core   0: 0x800111c0 (0xe43f2223) sw      gp, -444(t5)
core   0: 3 0x800111c0 (0xe43f2223) mem 0x80013000 0x00000001
core   0: 0x800111c4 (0xff9ff06f) j       pc - 0x8
core   0: 3 0x800111c4 (0xff9ff06f)
core   0: 0x800111bc (0x00002f17) auipc   t5, 0x2
core   0: 3 0x800111bc (0x00002f17) x30 0x800131bc
core   0: 0x800111c0 (0xe43f2223) sw      gp, -444(t5)
core   0: 3 0x800111c0 (0xe43f2223) mem 0x80013000 0x00000001
core   0: 0x800111c4 (0xff9ff06f) j       pc - 0x8
core   0: 3 0x800111c4 (0xff9ff06f)
core   0: 0x800111bc (0x00002f17) auipc   t5, 0x2
core   0: 3 0x800111bc (0x00002f17) x30 0x800131bc
core   0: 0x800111c0 (0xe43f2223) sw      gp, -444(t5)
core   0: 3 0x800111c0 (0xe43f2223) mem 0x80013000 0x00000001
core   0: 0x800111c4 (0xff9ff06f) j       pc - 0x8
core   0: 3 0x800111c4 (0xff9ff06f)
core   0: 0x800111bc (0x00002f17) auipc   t5, 0x2
core   0: 3 0x800111bc (0x00002f17) x30 0x800131bc
core   0: 0x800111c0 (0xe43f2223) sw      gp, -444(t5)
core   0: 3 0x800111c0 (0xe43f2223) mem 0x80013000 0x00000001
core   0: 0x800111c4 (0xff9ff06f) j       pc - 0x8
core   0: 3 0x800111c4 (0xff9ff06f)
core   0: 0x800111bc (0x00002f17) auipc   t5, 0x2
core   0: 3 0x800111bc (0x00002f17) x30 0x800131bc
core   0: 0x800111c0 (0xe43f2223) sw      gp, -444(t5)
core   0: 3 0x800111c0 (0xe43f2223) mem 0x80013000 0x00000001
core   0: 0x800111c4 (0xff9ff06f) j       pc - 0x8
core   0: 3 0x800111c4 (0xff9ff06f)
core   0: 0x800111bc (0x00002f17) auipc   t5, 0x2
core   0: 3 0x800111bc (0x00002f17) x30 0x800131bc
core   0: 0x800111c0 (0xe43f2223) sw      gp, -444(t5)
core   0: 3 0x800111c0 (0xe43f2223) mem 0x80013000 0x00000001
core   0: 0x800111c4 (0xff9ff06f) j       pc - 0x8
core   0: 3 0x800111c4 (0xff9ff06f)
core   0: 0x800111bc (0x00002f17) auipc   t5, 0x2
core   0: 3 0x800111bc (0x00002f17) x30 0x800131bc
core   0: 0x800111c0 (0xe43f2223) sw      gp, -444(t5)
core   0: 3 0x800111c0 (0xe43f2223) mem 0x80013000 0x00000001
core   0: 0x800111c4 (0xff9ff06f) j       pc - 0x8
core   0: 3 0x800111c4 (0xff9ff06f)
core   0: 0x800111bc (0x00002f17) auipc   t5, 0x2
core   0: 3 0x800111bc (0x00002f17) x30 0x800131bc
core   0: 0x800111c0 (0xe43f2223) sw      gp, -444(t5)
core   0: 3 0x800111c0 (0xe43f2223) mem 0x80013000 0x00000001
core   0: 0x800111c4 (0xff9ff06f) j       pc - 0x8
core   0: 3 0x800111c4 (0xff9ff06f)
core   0: 0x800111bc (0x00002f17) auipc   t5, 0x2
core   0: 3 0x800111bc (0x00002f17) x30 0x800131bc
core   0: 0x800111c0 (0xe43f2223) sw      gp, -444(t5)
core   0: 3 0x800111c0 (0xe43f2223) mem 0x80013000 0x00000001
core   0: 0x800111c4 (0xff9ff06f) j       pc - 0x8
core   0: 3 0x800111c4 (0xff9ff06f)
core   0: 0x800111bc (0x00002f17) auipc   t5, 0x2
core   0: 3 0x800111bc (0x00002f17) x30 0x800131bc
core   0: 0x800111c0 (0xe43f2223) sw      gp, -444(t5)
core   0: 3 0x800111c0 (0xe43f2223) mem 0x80013000 0x00000001
core   0: 0x800111c4 (0xff9ff06f) j       pc - 0x8
core   0: 3 0x800111c4 (0xff9ff06f)
core   0: 0x800111bc (0x00002f17) auipc   t5, 0x2
core   0: 3 0x800111bc (0x00002f17) x30 0x800131bc
core   0: 0x800111c0 (0xe43f2223) sw      gp, -444(t5)
core   0: 3 0x800111c0 (0xe43f2223) mem 0x80013000 0x00000001
core   0: 0x800111c4 (0xff9ff06f) j       pc - 0x8
core   0: 3 0x800111c4 (0xff9ff06f)
core   0: 0x800111bc (0x00002f17) auipc   t5, 0x2
core   0: 3 0x800111bc (0x00002f17) x30 0x800131bc
core   0: 0x800111c0 (0xe43f2223) sw      gp, -444(t5)
core   0: 3 0x800111c0 (0xe43f2223) mem 0x80013000 0x00000001
core   0: 0x800111c4 (0xff9ff06f) j       pc - 0x8
core   0: 3 0x800111c4 (0xff9ff06f)
core   0: 0x800111bc (0x00002f17) auipc   t5, 0x2
core   0: 3 0x800111bc (0x00002f17) x30 0x800131bc
core   0: 0x800111c0 (0xe43f2223) sw      gp, -444(t5)
core   0: 3 0x800111c0 (0xe43f2223) mem 0x80013000 0x00000001
core   0: 0x800111c4 (0xff9ff06f) j       pc - 0x8
core   0: 3 0x800111c4 (0xff9ff06f)
core   0: 0x800111bc (0x00002f17) auipc   t5, 0x2
core   0: 3 0x800111bc (0x00002f17) x30 0x800131bc
core   0: 0x800111c0 (0xe43f2223) sw      gp, -444(t5)
core   0: 3 0x800111c0 (0xe43f2223) mem 0x80013000 0x00000001
core   0: 0x800111c4 (0xff9ff06f) j       pc - 0x8
core   0: 3 0x800111c4 (0xff9ff06f)
core   0: 0x800111bc (0x00002f17) auipc   t5, 0x2
core   0: 3 0x800111bc (0x00002f17) x30 0x800131bc
core   0: 0x800111c0 (0xe43f2223) sw      gp, -444(t5)
core   0: 3 0x800111c0 (0xe43f2223) mem 0x80013000 0x00000001
core   0: 0x800111c4 (0xff9ff06f) j       pc - 0x8
core   0: 3 0x800111c4 (0xff9ff06f)
core   0: 0x800111bc (0x00002f17) auipc   t5, 0x2
core   0: 3 0x800111bc (0x00002f17) x30 0x800131bc
core   0: 0x800111c0 (0xe43f2223) sw      gp, -444(t5)
core   0: 3 0x800111c0 (0xe43f2223) mem 0x80013000 0x00000001
core   0: 0x800111c4 (0xff9ff06f) j       pc - 0x8
core   0: 3 0x800111c4 (0xff9ff06f)
core   0: 0x800111bc (0x00002f17) auipc   t5, 0x2
core   0: 3 0x800111bc (0x00002f17) x30 0x800131bc
core   0: 0x800111c0 (0xe43f2223) sw      gp, -444(t5)
core   0: 3 0x800111c0 (0xe43f2223) mem 0x80013000 0x00000001
core   0: 0x800111c4 (0xff9ff06f) j       pc - 0x8
core   0: 3 0x800111c4 (0xff9ff06f)
core   0: 0x800111bc (0x00002f17) auipc   t5, 0x2
core   0: 3 0x800111bc (0x00002f17) x30 0x800131bc
core   0: 0x800111c0 (0xe43f2223) sw      gp, -444(t5)
core   0: 3 0x800111c0 (0xe43f2223) mem 0x80013000 0x00000001
core   0: 0x800111c4 (0xff9ff06f) j       pc - 0x8
core   0: 3 0x800111c4 (0xff9ff06f)
core   0: 0x800111bc (0x00002f17) auipc   t5, 0x2
core   0: 3 0x800111bc (0x00002f17) x30 0x800131bc
core   0: 0x800111c0 (0xe43f2223) sw      gp, -444(t5)
core   0: 3 0x800111c0 (0xe43f2223) mem 0x80013000 0x00000001
core   0: 0x800111c4 (0xff9ff06f) j       pc - 0x8
core   0: 3 0x800111c4 (0xff9ff06f)
core   0: 0x800111bc (0x00002f17) auipc   t5, 0x2
core   0: 3 0x800111bc (0x00002f17) x30 0x800131bc
core   0: 0x800111c0 (0xe43f2223) sw      gp, -444(t5)
core   0: 3 0x800111c0 (0xe43f2223) mem 0x80013000 0x00000001
core   0: 0x800111c4 (0xff9ff06f) j       pc - 0x8
core   0: 3 0x800111c4 (0xff9ff06f)
core   0: 0x800111bc (0x00002f17) auipc   t5, 0x2
core   0: 3 0x800111bc (0x00002f17) x30 0x800131bc
core   0: 0x800111c0 (0xe43f2223) sw      gp, -444(t5)
core   0: 3 0x800111c0 (0xe43f2223) mem 0x80013000 0x00000001
core   0: 0x800111c4 (0xff9ff06f) j       pc - 0x8
core   0: 3 0x800111c4 (0xff9ff06f)
core   0: 0x800111bc (0x00002f17) auipc   t5, 0x2
core   0: 3 0x800111bc (0x00002f17) x30 0x800131bc
core   0: 0x800111c0 (0xe43f2223) sw      gp, -444(t5)
core   0: 3 0x800111c0 (0xe43f2223) mem 0x80013000 0x00000001
core   0: 0x800111c4 (0xff9ff06f) j       pc - 0x8
core   0: 3 0x800111c4 (0xff9ff06f)
core   0: 0x800111bc (0x00002f17) auipc   t5, 0x2
core   0: 3 0x800111bc (0x00002f17) x30 0x800131bc
core   0: 0x800111c0 (0xe43f2223) sw      gp, -444(t5)
core   0: 3 0x800111c0 (0xe43f2223) mem 0x80013000 0x00000001
core   0: 0x800111c4 (0xff9ff06f) j       pc - 0x8
core   0: 3 0x800111c4 (0xff9ff06f)
core   0: 0x800111bc (0x00002f17) auipc   t5, 0x2
core   0: 3 0x800111bc (0x00002f17) x30 0x800131bc
core   0: 0x800111c0 (0xe43f2223) sw      gp, -444(t5)
core   0: 3 0x800111c0 (0xe43f2223) mem 0x80013000 0x00000001
core   0: 0x800111c4 (0xff9ff06f) j       pc - 0x8
core   0: 3 0x800111c4 (0xff9ff06f)
core   0: 0x800111bc (0x00002f17) auipc   t5, 0x2
core   0: 3 0x800111bc (0x00002f17) x30 0x800131bc
core   0: 0x800111c0 (0xe43f2223) sw      gp, -444(t5)
core   0: 3 0x800111c0 (0xe43f2223) mem 0x80013000 0x00000001
core   0: 0x800111c4 (0xff9ff06f) j       pc - 0x8
core   0: 3 0x800111c4 (0xff9ff06f)
core   0: 0x800111bc (0x00002f17) auipc   t5, 0x2
core   0: 3 0x800111bc (0x00002f17) x30 0x800131bc
core   0: 0x800111c0 (0xe43f2223) sw      gp, -444(t5)
core   0: 3 0x800111c0 (0xe43f2223) mem 0x80013000 0x00000001
core   0: 0x800111c4 (0xff9ff06f) j       pc - 0x8
core   0: 3 0x800111c4 (0xff9ff06f)
core   0: 0x800111bc (0x00002f17) auipc   t5, 0x2
core   0: 3 0x800111bc (0x00002f17) x30 0x800131bc
core   0: 0x800111c0 (0xe43f2223) sw      gp, -444(t5)
core   0: 3 0x800111c0 (0xe43f2223) mem 0x80013000 0x00000001
core   0: 0x800111c4 (0xff9ff06f) j       pc - 0x8
core   0: 3 0x800111c4 (0xff9ff06f)
core   0: 0x800111bc (0x00002f17) auipc   t5, 0x2
core   0: 3 0x800111bc (0x00002f17) x30 0x800131bc
core   0: 0x800111c0 (0xe43f2223) sw      gp, -444(t5)
core   0: 3 0x800111c0 (0xe43f2223) mem 0x80013000 0x00000001
core   0: 0x800111c4 (0xff9ff06f) j       pc - 0x8
core   0: 3 0x800111c4 (0xff9ff06f)
core   0: 0x800111bc (0x00002f17) auipc   t5, 0x2
core   0: 3 0x800111bc (0x00002f17) x30 0x800131bc
core   0: 0x800111c0 (0xe43f2223) sw      gp, -444(t5)
core   0: 3 0x800111c0 (0xe43f2223) mem 0x80013000 0x00000001
core   0: 0x800111c4 (0xff9ff06f) j       pc - 0x8
core   0: 3 0x800111c4 (0xff9ff06f)
core   0: 0x800111bc (0x00002f17) auipc   t5, 0x2
core   0: 3 0x800111bc (0x00002f17) x30 0x800131bc
core   0: 0x800111c0 (0xe43f2223) sw      gp, -444(t5)
core   0: 3 0x800111c0 (0xe43f2223) mem 0x80013000 0x00000001
core   0: 0x800111c4 (0xff9ff06f) j       pc - 0x8
core   0: 3 0x800111c4 (0xff9ff06f)
core   0: 0x800111bc (0x00002f17) auipc   t5, 0x2
core   0: 3 0x800111bc (0x00002f17) x30 0x800131bc
core   0: 0x800111c0 (0xe43f2223) sw      gp, -444(t5)
core   0: 3 0x800111c0 (0xe43f2223) mem 0x80013000 0x00000001
core   0: 0x800111c4 (0xff9ff06f) j       pc - 0x8
core   0: 3 0x800111c4 (0xff9ff06f)
core   0: 0x800111bc (0x00002f17) auipc   t5, 0x2
core   0: 3 0x800111bc (0x00002f17) x30 0x800131bc
core   0: 0x800111c0 (0xe43f2223) sw      gp, -444(t5)
core   0: 3 0x800111c0 (0xe43f2223) mem 0x80013000 0x00000001
core   0: 0x800111c4 (0xff9ff06f) j       pc - 0x8
core   0: 3 0x800111c4 (0xff9ff06f)
core   0: 0x800111bc (0x00002f17) auipc   t5, 0x2
core   0: 3 0x800111bc (0x00002f17) x30 0x800131bc
core   0: 0x800111c0 (0xe43f2223) sw      gp, -444(t5)
core   0: 3 0x800111c0 (0xe43f2223) mem 0x80013000 0x00000001
core   0: 0x800111c4 (0xff9ff06f) j       pc - 0x8
core   0: 3 0x800111c4 (0xff9ff06f)
core   0: 0x800111bc (0x00002f17) auipc   t5, 0x2
core   0: 3 0x800111bc (0x00002f17) x30 0x800131bc
core   0: 0x800111c0 (0xe43f2223) sw      gp, -444(t5)
core   0: 3 0x800111c0 (0xe43f2223) mem 0x80013000 0x00000001
core   0: 0x800111c4 (0xff9ff06f) j       pc - 0x8
core   0: 3 0x800111c4 (0xff9ff06f)
core   0: 0x800111bc (0x00002f17) auipc   t5, 0x2
core   0: 3 0x800111bc (0x00002f17) x30 0x800131bc
core   0: 0x800111c0 (0xe43f2223) sw      gp, -444(t5)
core   0: 3 0x800111c0 (0xe43f2223) mem 0x80013000 0x00000001
core   0: 0x800111c4 (0xff9ff06f) j       pc - 0x8
core   0: 3 0x800111c4 (0xff9ff06f)
core   0: 0x800111bc (0x00002f17) auipc   t5, 0x2
core   0: 3 0x800111bc (0x00002f17) x30 0x800131bc
core   0: 0x800111c0 (0xe43f2223) sw      gp, -444(t5)
core   0: 3 0x800111c0 (0xe43f2223) mem 0x80013000 0x00000001
core   0: 0x800111c4 (0xff9ff06f) j       pc - 0x8
core   0: 3 0x800111c4 (0xff9ff06f)
core   0: 0x800111bc (0x00002f17) auipc   t5, 0x2
core   0: 3 0x800111bc (0x00002f17) x30 0x800131bc
core   0: 0x800111c0 (0xe43f2223) sw      gp, -444(t5)
core   0: 3 0x800111c0 (0xe43f2223) mem 0x80013000 0x00000001
core   0: 0x800111c4 (0xff9ff06f) j       pc - 0x8
core   0: 3 0x800111c4 (0xff9ff06f)
core   0: 0x800111bc (0x00002f17) auipc   t5, 0x2
core   0: 3 0x800111bc (0x00002f17) x30 0x800131bc
core   0: 0x800111c0 (0xe43f2223) sw      gp, -444(t5)
core   0: 3 0x800111c0 (0xe43f2223) mem 0x80013000 0x00000001
core   0: 0x800111c4 (0xff9ff06f) j       pc - 0x8
core   0: 3 0x800111c4 (0xff9ff06f)
core   0: 0x800111bc (0x00002f17) auipc   t5, 0x2
core   0: 3 0x800111bc (0x00002f17) x30 0x800131bc
core   0: 0x800111c0 (0xe43f2223) sw      gp, -444(t5)
core   0: 3 0x800111c0 (0xe43f2223) mem 0x80013000 0x00000001
core   0: 0x800111c4 (0xff9ff06f) j       pc - 0x8
core   0: 3 0x800111c4 (0xff9ff06f)
core   0: 0x800111bc (0x00002f17) auipc   t5, 0x2
core   0: 3 0x800111bc (0x00002f17) x30 0x800131bc
core   0: 0x800111c0 (0xe43f2223) sw      gp, -444(t5)
core   0: 3 0x800111c0 (0xe43f2223) mem 0x80013000 0x00000001
core   0: 0x800111c4 (0xff9ff06f) j       pc - 0x8
core   0: 3 0x800111c4 (0xff9ff06f)
core   0: 0x800111bc (0x00002f17) auipc   t5, 0x2
core   0: 3 0x800111bc (0x00002f17) x30 0x800131bc
core   0: 0x800111c0 (0xe43f2223) sw      gp, -444(t5)
core   0: 3 0x800111c0 (0xe43f2223) mem 0x80013000 0x00000001
core   0: 0x800111c4 (0xff9ff06f) j       pc - 0x8
core   0: 3 0x800111c4 (0xff9ff06f)
core   0: 0x800111bc (0x00002f17) auipc   t5, 0x2
core   0: 3 0x800111bc (0x00002f17) x30 0x800131bc
core   0: 0x800111c0 (0xe43f2223) sw      gp, -444(t5)
core   0: 3 0x800111c0 (0xe43f2223) mem 0x80013000 0x00000001
core   0: 0x800111c4 (0xff9ff06f) j       pc - 0x8
core   0: 3 0x800111c4 (0xff9ff06f)
core   0: 0x800111bc (0x00002f17) auipc   t5, 0x2
core   0: 3 0x800111bc (0x00002f17) x30 0x800131bc
core   0: 0x800111c0 (0xe43f2223) sw      gp, -444(t5)
core   0: 3 0x800111c0 (0xe43f2223) mem 0x80013000 0x00000001
core   0: 0x800111c4 (0xff9ff06f) j       pc - 0x8
core   0: 3 0x800111c4 (0xff9ff06f)
core   0: 0x800111bc (0x00002f17) auipc   t5, 0x2
core   0: 3 0x800111bc (0x00002f17) x30 0x800131bc
core   0: 0x800111c0 (0xe43f2223) sw      gp, -444(t5)
core   0: 3 0x800111c0 (0xe43f2223) mem 0x80013000 0x00000001
core   0: 0x800111c4 (0xff9ff06f) j       pc - 0x8
core   0: 3 0x800111c4 (0xff9ff06f)
core   0: 0x800111bc (0x00002f17) auipc   t5, 0x2
core   0: 3 0x800111bc (0x00002f17) x30 0x800131bc
core   0: 0x800111c0 (0xe43f2223) sw      gp, -444(t5)
core   0: 3 0x800111c0 (0xe43f2223) mem 0x80013000 0x00000001
core   0: 0x800111c4 (0xff9ff06f) j       pc - 0x8
core   0: 3 0x800111c4 (0xff9ff06f)
core   0: 0x800111bc (0x00002f17) auipc   t5, 0x2
core   0: 3 0x800111bc (0x00002f17) x30 0x800131bc
core   0: 0x800111c0 (0xe43f2223) sw      gp, -444(t5)
core   0: 3 0x800111c0 (0xe43f2223) mem 0x80013000 0x00000001
core   0: 0x800111c4 (0xff9ff06f) j       pc - 0x8
core   0: 3 0x800111c4 (0xff9ff06f)
core   0: 0x800111bc (0x00002f17) auipc   t5, 0x2
core   0: 3 0x800111bc (0x00002f17) x30 0x800131bc
core   0: 0x800111c0 (0xe43f2223) sw      gp, -444(t5)
core   0: 3 0x800111c0 (0xe43f2223) mem 0x80013000 0x00000001
core   0: 0x800111c4 (0xff9ff06f) j       pc - 0x8
core   0: 3 0x800111c4 (0xff9ff06f)
core   0: 0x800111bc (0x00002f17) auipc   t5, 0x2
core   0: 3 0x800111bc (0x00002f17) x30 0x800131bc
core   0: 0x800111c0 (0xe43f2223) sw      gp, -444(t5)
core   0: 3 0x800111c0 (0xe43f2223) mem 0x80013000 0x00000001
core   0: 0x800111c4 (0xff9ff06f) j       pc - 0x8
core   0: 3 0x800111c4 (0xff9ff06f)
core   0: 0x800111bc (0x00002f17) auipc   t5, 0x2
core   0: 3 0x800111bc (0x00002f17) x30 0x800131bc
core   0: 0x800111c0 (0xe43f2223) sw      gp, -444(t5)
core   0: 3 0x800111c0 (0xe43f2223) mem 0x80013000 0x00000001
core   0: 0x800111c4 (0xff9ff06f) j       pc - 0x8
core   0: 3 0x800111c4 (0xff9ff06f)
core   0: 0x800111bc (0x00002f17) auipc   t5, 0x2
core   0: 3 0x800111bc (0x00002f17) x30 0x800131bc
core   0: 0x800111c0 (0xe43f2223) sw      gp, -444(t5)
core   0: 3 0x800111c0 (0xe43f2223) mem 0x80013000 0x00000001
core   0: 0x800111c4 (0xff9ff06f) j       pc - 0x8
core   0: 3 0x800111c4 (0xff9ff06f)
core   0: 0x800111bc (0x00002f17) auipc   t5, 0x2
core   0: 3 0x800111bc (0x00002f17) x30 0x800131bc
core   0: 0x800111c0 (0xe43f2223) sw      gp, -444(t5)
core   0: 3 0x800111c0 (0xe43f2223) mem 0x80013000 0x00000001
core   0: 0x800111c4 (0xff9ff06f) j       pc - 0x8
core   0: 3 0x800111c4 (0xff9ff06f)
core   0: 0x800111bc (0x00002f17) auipc   t5, 0x2
core   0: 3 0x800111bc (0x00002f17) x30 0x800131bc
core   0: 0x800111c0 (0xe43f2223) sw      gp, -444(t5)
core   0: 3 0x800111c0 (0xe43f2223) mem 0x80013000 0x00000001
core   0: 0x800111c4 (0xff9ff06f) j       pc - 0x8
core   0: 3 0x800111c4 (0xff9ff06f)
core   0: 0x800111bc (0x00002f17) auipc   t5, 0x2
core   0: 3 0x800111bc (0x00002f17) x30 0x800131bc
core   0: 0x800111c0 (0xe43f2223) sw      gp, -444(t5)
core   0: 3 0x800111c0 (0xe43f2223) mem 0x80013000 0x00000001
core   0: 0x800111c4 (0xff9ff06f) j       pc - 0x8
core   0: 3 0x800111c4 (0xff9ff06f)
core   0: 0x800111bc (0x00002f17) auipc   t5, 0x2
core   0: 3 0x800111bc (0x00002f17) x30 0x800131bc
core   0: 0x800111c0 (0xe43f2223) sw      gp, -444(t5)
core   0: 3 0x800111c0 (0xe43f2223) mem 0x80013000 0x00000001
core   0: 0x800111c4 (0xff9ff06f) j       pc - 0x8
core   0: 3 0x800111c4 (0xff9ff06f)
core   0: 0x800111bc (0x00002f17) auipc   t5, 0x2
core   0: 3 0x800111bc (0x00002f17) x30 0x800131bc
core   0: 0x800111c0 (0xe43f2223) sw      gp, -444(t5)
core   0: 3 0x800111c0 (0xe43f2223) mem 0x80013000 0x00000001
core   0: 0x800111c4 (0xff9ff06f) j       pc - 0x8
core   0: 3 0x800111c4 (0xff9ff06f)
core   0: 0x800111bc (0x00002f17) auipc   t5, 0x2
core   0: 3 0x800111bc (0x00002f17) x30 0x800131bc
core   0: 0x800111c0 (0xe43f2223) sw      gp, -444(t5)
core   0: 3 0x800111c0 (0xe43f2223) mem 0x80013000 0x00000001
core   0: 0x800111c4 (0xff9ff06f) j       pc - 0x8
core   0: 3 0x800111c4 (0xff9ff06f)
core   0: 0x800111bc (0x00002f17) auipc   t5, 0x2
core   0: 3 0x800111bc (0x00002f17) x30 0x800131bc
core   0: 0x800111c0 (0xe43f2223) sw      gp, -444(t5)
core   0: 3 0x800111c0 (0xe43f2223) mem 0x80013000 0x00000001
core   0: 0x800111c4 (0xff9ff06f) j       pc - 0x8
core   0: 3 0x800111c4 (0xff9ff06f)
core   0: 0x800111bc (0x00002f17) auipc   t5, 0x2
core   0: 3 0x800111bc (0x00002f17) x30 0x800131bc
core   0: 0x800111c0 (0xe43f2223) sw      gp, -444(t5)
core   0: 3 0x800111c0 (0xe43f2223) mem 0x80013000 0x00000001
core   0: 0x800111c4 (0xff9ff06f) j       pc - 0x8
core   0: 3 0x800111c4 (0xff9ff06f)
core   0: 0x800111bc (0x00002f17) auipc   t5, 0x2
core   0: 3 0x800111bc (0x00002f17) x30 0x800131bc
core   0: 0x800111c0 (0xe43f2223) sw      gp, -444(t5)
core   0: 3 0x800111c0 (0xe43f2223) mem 0x80013000 0x00000001
core   0: 0x800111c4 (0xff9ff06f) j       pc - 0x8
core   0: 3 0x800111c4 (0xff9ff06f)
core   0: 0x800111bc (0x00002f17) auipc   t5, 0x2
core   0: 3 0x800111bc (0x00002f17) x30 0x800131bc
core   0: 0x800111c0 (0xe43f2223) sw      gp, -444(t5)
core   0: 3 0x800111c0 (0xe43f2223) mem 0x80013000 0x00000001
core   0: 0x800111c4 (0xff9ff06f) j       pc - 0x8
core   0: 3 0x800111c4 (0xff9ff06f)
core   0: 0x800111bc (0x00002f17) auipc   t5, 0x2
core   0: 3 0x800111bc (0x00002f17) x30 0x800131bc
core   0: 0x800111c0 (0xe43f2223) sw      gp, -444(t5)
core   0: 3 0x800111c0 (0xe43f2223) mem 0x80013000 0x00000001
core   0: 0x800111c4 (0xff9ff06f) j       pc - 0x8
core   0: 3 0x800111c4 (0xff9ff06f)
core   0: 0x800111bc (0x00002f17) auipc   t5, 0x2
core   0: 3 0x800111bc (0x00002f17) x30 0x800131bc
core   0: 0x800111c0 (0xe43f2223) sw      gp, -444(t5)
core   0: 3 0x800111c0 (0xe43f2223) mem 0x80013000 0x00000001
core   0: 0x800111c4 (0xff9ff06f) j       pc - 0x8
core   0: 3 0x800111c4 (0xff9ff06f)
core   0: 0x800111bc (0x00002f17) auipc   t5, 0x2
core   0: 3 0x800111bc (0x00002f17) x30 0x800131bc
core   0: 0x800111c0 (0xe43f2223) sw      gp, -444(t5)
core   0: 3 0x800111c0 (0xe43f2223) mem 0x80013000 0x00000001
core   0: 0x800111c4 (0xff9ff06f) j       pc - 0x8
core   0: 3 0x800111c4 (0xff9ff06f)
core   0: 0x800111bc (0x00002f17) auipc   t5, 0x2
core   0: 3 0x800111bc (0x00002f17) x30 0x800131bc
core   0: 0x800111c0 (0xe43f2223) sw      gp, -444(t5)
core   0: 3 0x800111c0 (0xe43f2223) mem 0x80013000 0x00000001
core   0: 0x800111c4 (0xff9ff06f) j       pc - 0x8
core   0: 3 0x800111c4 (0xff9ff06f)
core   0: 0x800111bc (0x00002f17) auipc   t5, 0x2
core   0: 3 0x800111bc (0x00002f17) x30 0x800131bc
core   0: 0x800111c0 (0xe43f2223) sw      gp, -444(t5)
core   0: 3 0x800111c0 (0xe43f2223) mem 0x80013000 0x00000001
core   0: 0x800111c4 (0xff9ff06f) j       pc - 0x8
core   0: 3 0x800111c4 (0xff9ff06f)
core   0: 0x800111bc (0x00002f17) auipc   t5, 0x2
core   0: 3 0x800111bc (0x00002f17) x30 0x800131bc
core   0: 0x800111c0 (0xe43f2223) sw      gp, -444(t5)
core   0: 3 0x800111c0 (0xe43f2223) mem 0x80013000 0x00000001
core   0: 0x800111c4 (0xff9ff06f) j       pc - 0x8
core   0: 3 0x800111c4 (0xff9ff06f)
core   0: 0x800111bc (0x00002f17) auipc   t5, 0x2
core   0: 3 0x800111bc (0x00002f17) x30 0x800131bc
core   0: 0x800111c0 (0xe43f2223) sw      gp, -444(t5)
core   0: 3 0x800111c0 (0xe43f2223) mem 0x80013000 0x00000001
core   0: 0x800111c4 (0xff9ff06f) j       pc - 0x8
core   0: 3 0x800111c4 (0xff9ff06f)
core   0: 0x800111bc (0x00002f17) auipc   t5, 0x2
core   0: 3 0x800111bc (0x00002f17) x30 0x800131bc
core   0: 0x800111c0 (0xe43f2223) sw      gp, -444(t5)
core   0: 3 0x800111c0 (0xe43f2223) mem 0x80013000 0x00000001
core   0: 0x800111c4 (0xff9ff06f) j       pc - 0x8
core   0: 3 0x800111c4 (0xff9ff06f)
core   0: 0x800111bc (0x00002f17) auipc   t5, 0x2
core   0: 3 0x800111bc (0x00002f17) x30 0x800131bc
core   0: 0x800111c0 (0xe43f2223) sw      gp, -444(t5)
core   0: 3 0x800111c0 (0xe43f2223) mem 0x80013000 0x00000001
core   0: 0x800111c4 (0xff9ff06f) j       pc - 0x8
core   0: 3 0x800111c4 (0xff9ff06f)
core   0: 0x800111bc (0x00002f17) auipc   t5, 0x2
core   0: 3 0x800111bc (0x00002f17) x30 0x800131bc
core   0: 0x800111c0 (0xe43f2223) sw      gp, -444(t5)
core   0: 3 0x800111c0 (0xe43f2223) mem 0x80013000 0x00000001
core   0: 0x800111c4 (0xff9ff06f) j       pc - 0x8
core   0: 3 0x800111c4 (0xff9ff06f)
core   0: 0x800111bc (0x00002f17) auipc   t5, 0x2
core   0: 3 0x800111bc (0x00002f17) x30 0x800131bc
core   0: 0x800111c0 (0xe43f2223) sw      gp, -444(t5)
core   0: 3 0x800111c0 (0xe43f2223) mem 0x80013000 0x00000001
core   0: 0x800111c4 (0xff9ff06f) j       pc - 0x8
core   0: 3 0x800111c4 (0xff9ff06f)
core   0: 0x800111bc (0x00002f17) auipc   t5, 0x2
core   0: 3 0x800111bc (0x00002f17) x30 0x800131bc
core   0: 0x800111c0 (0xe43f2223) sw      gp, -444(t5)
core   0: 3 0x800111c0 (0xe43f2223) mem 0x80013000 0x00000001
core   0: 0x800111c4 (0xff9ff06f) j       pc - 0x8
core   0: 3 0x800111c4 (0xff9ff06f)
core   0: 0x800111bc (0x00002f17) auipc   t5, 0x2
core   0: 3 0x800111bc (0x00002f17) x30 0x800131bc
core   0: 0x800111c0 (0xe43f2223) sw      gp, -444(t5)
core   0: 3 0x800111c0 (0xe43f2223) mem 0x80013000 0x00000001
core   0: 0x800111c4 (0xff9ff06f) j       pc - 0x8
core   0: 3 0x800111c4 (0xff9ff06f)
core   0: 0x800111bc (0x00002f17) auipc   t5, 0x2
core   0: 3 0x800111bc (0x00002f17) x30 0x800131bc
core   0: 0x800111c0 (0xe43f2223) sw      gp, -444(t5)
core   0: 3 0x800111c0 (0xe43f2223) mem 0x80013000 0x00000001
core   0: 0x800111c4 (0xff9ff06f) j       pc - 0x8
core   0: 3 0x800111c4 (0xff9ff06f)
core   0: 0x800111bc (0x00002f17) auipc   t5, 0x2
core   0: 3 0x800111bc (0x00002f17) x30 0x800131bc
core   0: 0x800111c0 (0xe43f2223) sw      gp, -444(t5)
core   0: 3 0x800111c0 (0xe43f2223) mem 0x80013000 0x00000001
core   0: 0x800111c4 (0xff9ff06f) j       pc - 0x8
core   0: 3 0x800111c4 (0xff9ff06f)
core   0: 0x800111bc (0x00002f17) auipc   t5, 0x2
core   0: 3 0x800111bc (0x00002f17) x30 0x800131bc
core   0: 0x800111c0 (0xe43f2223) sw      gp, -444(t5)
core   0: 3 0x800111c0 (0xe43f2223) mem 0x80013000 0x00000001
core   0: 0x800111c4 (0xff9ff06f) j       pc - 0x8
core   0: 3 0x800111c4 (0xff9ff06f)
core   0: 0x800111bc (0x00002f17) auipc   t5, 0x2
core   0: 3 0x800111bc (0x00002f17) x30 0x800131bc
core   0: 0x800111c0 (0xe43f2223) sw      gp, -444(t5)
core   0: 3 0x800111c0 (0xe43f2223) mem 0x80013000 0x00000001
core   0: 0x800111c4 (0xff9ff06f) j       pc - 0x8
core   0: 3 0x800111c4 (0xff9ff06f)
core   0: 0x800111bc (0x00002f17) auipc   t5, 0x2
core   0: 3 0x800111bc (0x00002f17) x30 0x800131bc
core   0: 0x800111c0 (0xe43f2223) sw      gp, -444(t5)
core   0: 3 0x800111c0 (0xe43f2223) mem 0x80013000 0x00000001
core   0: 0x800111c4 (0xff9ff06f) j       pc - 0x8
core   0: 3 0x800111c4 (0xff9ff06f)
core   0: 0x800111bc (0x00002f17) auipc   t5, 0x2
core   0: 3 0x800111bc (0x00002f17) x30 0x800131bc
core   0: 0x800111c0 (0xe43f2223) sw      gp, -444(t5)
core   0: 3 0x800111c0 (0xe43f2223) mem 0x80013000 0x00000001
core   0: 0x800111c4 (0xff9ff06f) j       pc - 0x8
core   0: 3 0x800111c4 (0xff9ff06f)
core   0: 0x800111bc (0x00002f17) auipc   t5, 0x2
core   0: 3 0x800111bc (0x00002f17) x30 0x800131bc
core   0: 0x800111c0 (0xe43f2223) sw      gp, -444(t5)
core   0: 3 0x800111c0 (0xe43f2223) mem 0x80013000 0x00000001
core   0: 0x800111c4 (0xff9ff06f) j       pc - 0x8
core   0: 3 0x800111c4 (0xff9ff06f)
core   0: 0x800111bc (0x00002f17) auipc   t5, 0x2
core   0: 3 0x800111bc (0x00002f17) x30 0x800131bc
core   0: 0x800111c0 (0xe43f2223) sw      gp, -444(t5)
core   0: 3 0x800111c0 (0xe43f2223) mem 0x80013000 0x00000001
core   0: 0x800111c4 (0xff9ff06f) j       pc - 0x8
core   0: 3 0x800111c4 (0xff9ff06f)
core   0: 0x800111bc (0x00002f17) auipc   t5, 0x2
core   0: 3 0x800111bc (0x00002f17) x30 0x800131bc
core   0: 0x800111c0 (0xe43f2223) sw      gp, -444(t5)
core   0: 3 0x800111c0 (0xe43f2223) mem 0x80013000 0x00000001
core   0: 0x800111c4 (0xff9ff06f) j       pc - 0x8
core   0: 3 0x800111c4 (0xff9ff06f)
core   0: 0x800111bc (0x00002f17) auipc   t5, 0x2
core   0: 3 0x800111bc (0x00002f17) x30 0x800131bc
core   0: 0x800111c0 (0xe43f2223) sw      gp, -444(t5)
core   0: 3 0x800111c0 (0xe43f2223) mem 0x80013000 0x00000001
core   0: 0x800111c4 (0xff9ff06f) j       pc - 0x8
core   0: 3 0x800111c4 (0xff9ff06f)
core   0: 0x800111bc (0x00002f17) auipc   t5, 0x2
core   0: 3 0x800111bc (0x00002f17) x30 0x800131bc
core   0: 0x800111c0 (0xe43f2223) sw      gp, -444(t5)
core   0: 3 0x800111c0 (0xe43f2223) mem 0x80013000 0x00000001
core   0: 0x800111c4 (0xff9ff06f) j       pc - 0x8
core   0: 3 0x800111c4 (0xff9ff06f)
core   0: 0x800111bc (0x00002f17) auipc   t5, 0x2
core   0: 3 0x800111bc (0x00002f17) x30 0x800131bc
core   0: 0x800111c0 (0xe43f2223) sw      gp, -444(t5)
core   0: 3 0x800111c0 (0xe43f2223) mem 0x80013000 0x00000001
core   0: 0x800111c4 (0xff9ff06f) j       pc - 0x8
core   0: 3 0x800111c4 (0xff9ff06f)
core   0: 0x800111bc (0x00002f17) auipc   t5, 0x2
core   0: 3 0x800111bc (0x00002f17) x30 0x800131bc
core   0: 0x800111c0 (0xe43f2223) sw      gp, -444(t5)
core   0: 3 0x800111c0 (0xe43f2223) mem 0x80013000 0x00000001
core   0: 0x800111c4 (0xff9ff06f) j       pc - 0x8
core   0: 3 0x800111c4 (0xff9ff06f)
core   0: 0x800111bc (0x00002f17) auipc   t5, 0x2
core   0: 3 0x800111bc (0x00002f17) x30 0x800131bc
core   0: 0x800111c0 (0xe43f2223) sw      gp, -444(t5)
core   0: 3 0x800111c0 (0xe43f2223) mem 0x80013000 0x00000001
