core   0: 0x00001000 (0x00000297) auipc   t0, 0x0
core   0: 3 0x00001000 (0x00000297) x 5 0x00001000
core   0: 0x00001004 (0x02028593) addi    a1, t0, 32
core   0: 3 0x00001004 (0x02028593) x11 0x00001020
core   0: 0x00001008 (0xf1402573) csrr    a0, mhartid
core   0: 3 0x00001008 (0xf1402573) x10 0x00000000
core   0: 0x0000100c (0x0182a283) lw      t0, 24(t0)
core   0: 3 0x0000100c (0x0182a283) x 5 0x80000000 mem 0x00001018
core   0: 0x00001010 (0x00028067) jr      t0
core   0: 3 0x00001010 (0x00028067)
core   0: 0x80000000 (0xf14022f3) csrr    t0, mhartid
core   0: 3 0x80000000 (0xf14022f3) x 5 0x00000000
core   0: 0x80000004 (0x00000313) li      t1, 0
core   0: 3 0x80000004 (0x00000313) x 6 0x00000000
core   0: 0x80000008 (0x00628263) beq     t0, t1, pc + 4
core   0: 3 0x80000008 (0x00628263)
core   0: 0x8000000c (0x00000997) auipc   s3, 0x0
core   0: 3 0x8000000c (0x00000997) x19 0x8000000c
core   0: 0x80000010 (0x00c98993) addi    s3, s3, 12
core   0: 3 0x80000010 (0x00c98993) x19 0x80000018
core   0: 0x80000014 (0x00098067) jr      s3
core   0: 3 0x80000014 (0x00098067)
core   0: 0x80000018 (0x40000337) lui     t1, 0x40000
core   0: 3 0x80000018 (0x40000337) x 6 0x40000000
core   0: 0x8000001c (0x10030313) addi    t1, t1, 256
core   0: 3 0x8000001c (0x10030313) x 6 0x40000100
core   0: 0x80000020 (0x30131073) csrw    misa, t1
core   0: 3 0x80000020 (0x30131073) c769_misa 0x40140100
core   0: 0x80000024 (0x00016517) auipc   a0, 0x16
core   0: 3 0x80000024 (0x00016517) x10 0x80016024
core   0: 0x80000028 (0xcc050513) addi    a0, a0, -832
core   0: 3 0x80000028 (0xcc050513) x10 0x80015ce4
core   0: 0x8000002c (0x0000c317) auipc   t1, 0xc
core   0: 3 0x8000002c (0x0000c317) x 6 0x8000c02c
core   0: 0x80000030 (0xdb430313) addi    t1, t1, -588
core   0: 3 0x80000030 (0xdb430313) x 6 0x8000bde0
core   0: 0x80000034 (0x00136313) ori     t1, t1, 1
core   0: 3 0x80000034 (0x00136313) x 6 0x8000bde1
core   0: 0x80000038 (0x30531073) csrw    mtvec, t1
core   0: 3 0x80000038 (0x30531073) c773_mtvec 0x8000bde1
core   0: 0x8000003c (0x00000317) auipc   t1, 0x0
core   0: 3 0x8000003c (0x00000317) x 6 0x8000003c
core   0: 0x80000040 (0x02830313) addi    t1, t1, 40
core   0: 3 0x80000040 (0x02830313) x 6 0x80000064
core   0: 0x80000044 (0x34131073) csrw    mepc, t1
core   0: 3 0x80000044 (0x34131073) c833_mepc 0x80000064
core   0: 0x80000048 (0x00000013) nop
core   0: 3 0x80000048 (0x00000013)
core   0: 0x8000004c (0x00002337) lui     t1, 0x2
core   0: 3 0x8000004c (0x00002337) x 6 0x00002000
core   0: 0x80000050 (0x80030313) addi    t1, t1, -2048
core   0: 3 0x80000050 (0x80030313) x 6 0x00001800
core   0: 0x80000054 (0x30031073) csrw    mstatus, t1
core   0: 3 0x80000054 (0x30031073) c768_mstatus 0x00001800
core   0: 0x80000058 (0x00000313) li      t1, 0
core   0: 3 0x80000058 (0x00000313) x 6 0x00000000
core   0: 0x8000005c (0x30431073) csrw    mie, t1
core   0: 3 0x8000005c (0x30431073) c772_mie 0x00000000
core   0: 0x80000060 (0x30200073) mret
core   0: 3 0x80000060 (0x30200073) c768_mstatus 0x00000080
core   0: >>>>  init
core   0: 0x80000064 (0x80000037) lui     zero, 0x80000
core   0: 3 0x80000064 (0x80000037)
core   0: 0x80000068 (0x00000013) nop
core   0: 3 0x80000068 (0x00000013)
core   0: 0x8000006c (0xc38bf0b7) lui     ra, 0xc38bf
core   0: 3 0x8000006c (0xc38bf0b7) x 1 0xc38bf000
core   0: 0x80000070 (0x49708093) addi    ra, ra, 1175
core   0: 3 0x80000070 (0x49708093) x 1 0xc38bf497
core   0: 0x80000074 (0xfd9fc137) lui     sp, 0xfd9fc
core   0: 3 0x80000074 (0xfd9fc137) x 2 0xfd9fc000
core   0: 0x80000078 (0xefb10113) addi    sp, sp, -261
core   0: 3 0x80000078 (0xefb10113) x 2 0xfd9fbefb
core   0: 0x8000007c (0xb753b1b7) lui     gp, 0xb753b
core   0: 3 0x8000007c (0xb753b1b7) x 3 0xb753b000
core   0: 0x80000080 (0x67e18193) addi    gp, gp, 1662
core   0: 3 0x80000080 (0x67e18193) x 3 0xb753b67e
core   0: 0x80000084 (0xab3e22b7) lui     t0, 0xab3e2
core   0: 3 0x80000084 (0xab3e22b7) x 5 0xab3e2000
core   0: 0x80000088 (0xe6628293) addi    t0, t0, -410
core   0: 3 0x80000088 (0xe6628293) x 5 0xab3e1e66
core   0: 0x8000008c (0x80000337) lui     t1, 0x80000
core   0: 3 0x8000008c (0x80000337) x 6 0x80000000
core   0: 0x80000090 (0x00300393) li      t2, 3
core   0: 3 0x80000090 (0x00300393) x 7 0x00000003
core   0: 0x80000094 (0xb588e437) lui     s0, 0xb588e
core   0: 3 0x80000094 (0xb588e437) x 8 0xb588e000
core   0: 0x80000098 (0x27b40413) addi    s0, s0, 635
core   0: 3 0x80000098 (0x27b40413) x 8 0xb588e27b
core   0: 0x8000009c (0x800004b7) lui     s1, 0x80000
core   0: 3 0x8000009c (0x800004b7) x 9 0x80000000
core   0: 0x800000a0 (0xf64e05b7) lui     a1, 0xf64e0
core   0: 3 0x800000a0 (0xf64e05b7) x11 0xf64e0000
core   0: 0x800000a4 (0x94c58593) addi    a1, a1, -1716
core   0: 3 0x800000a4 (0x94c58593) x11 0xf64df94c
core   0: 0x800000a8 (0x00b00613) li      a2, 11
core   0: 3 0x800000a8 (0x00b00613) x12 0x0000000b
core   0: 0x800000ac (0x05e9d6b7) lui     a3, 0x5e9d
core   0: 3 0x800000ac (0x05e9d6b7) x13 0x05e9d000
core   0: 0x800000b0 (0xb0b68693) addi    a3, a3, -1269
core   0: 3 0x800000b0 (0xb0b68693) x13 0x05e9cb0b
core   0: 0x800000b4 (0x3988e737) lui     a4, 0x3988e
core   0: 3 0x800000b4 (0x3988e737) x14 0x3988e000
core   0: 0x800000b8 (0xf8370713) addi    a4, a4, -125
core   0: 3 0x800000b8 (0xf8370713) x14 0x3988df83
core   0: 0x800000bc (0x16c7b7b7) lui     a5, 0x16c7b
core   0: 3 0x800000bc (0x16c7b7b7) x15 0x16c7b000
core   0: 0x800000c0 (0xf3d78793) addi    a5, a5, -195
core   0: 3 0x800000c0 (0xf3d78793) x15 0x16c7af3d
core   0: 0x800000c4 (0x80000837) lui     a6, 0x80000
core   0: 3 0x800000c4 (0x80000837) x16 0x80000000
core   0: 0x800000c8 (0x800008b7) lui     a7, 0x80000
core   0: 3 0x800000c8 (0x800008b7) x17 0x80000000
core   0: 0x800000cc (0x80000937) lui     s2, 0x80000
core   0: 3 0x800000cc (0x80000937) x18 0x80000000
core   0: 0x800000d0 (0x800009b7) lui     s3, 0x80000
core   0: 3 0x800000d0 (0x800009b7) x19 0x80000000
core   0: 0x800000d4 (0x80000a37) lui     s4, 0x80000
core   0: 3 0x800000d4 (0x80000a37) x20 0x80000000
core   0: 0x800000d8 (0x80000ab7) lui     s5, 0x80000
core   0: 3 0x800000d8 (0x80000ab7) x21 0x80000000
core   0: 0x800000dc (0x00000b13) li      s6, 0
core   0: 3 0x800000dc (0x00000b13) x22 0x00000000
core   0: 0x800000e0 (0xf33e1bb7) lui     s7, 0xf33e1
core   0: 3 0x800000e0 (0xf33e1bb7) x23 0xf33e1000
core   0: 0x800000e4 (0xe26b8b93) addi    s7, s7, -474
core   0: 3 0x800000e4 (0xe26b8b93) x23 0xf33e0e26
core   0: 0x800000e8 (0x80000c37) lui     s8, 0x80000
core   0: 3 0x800000e8 (0x80000c37) x24 0x80000000
core   0: 0x800000ec (0x80000cb7) lui     s9, 0x80000
core   0: 3 0x800000ec (0x80000cb7) x25 0x80000000
core   0: 0x800000f0 (0x00000d13) li      s10, 0
core   0: 3 0x800000f0 (0x00000d13) x26 0x00000000
core   0: 0x800000f4 (0xe5651db7) lui     s11, 0xe5651
core   0: 3 0x800000f4 (0xe5651db7) x27 0xe5651000
core   0: 0x800000f8 (0x2dad8d93) addi    s11, s11, 730
core   0: 3 0x800000f8 (0x2dad8d93) x27 0xe56512da
core   0: 0x800000fc (0x00a00e13) li      t3, 10
core   0: 3 0x800000fc (0x00a00e13) x28 0x0000000a
core   0: 0x80000100 (0x00000e93) li      t4, 0
core   0: 3 0x80000100 (0x00000e93) x29 0x00000000
core   0: 0x80000104 (0x6f523f37) lui     t5, 0x6f523
core   0: 3 0x80000104 (0x6f523f37) x30 0x6f523000
core   0: 0x80000108 (0x9eef0f13) addi    t5, t5, -1554
core   0: 3 0x80000108 (0x9eef0f13) x30 0x6f5229ee
core   0: 0x8000010c (0x63bd5fb7) lui     t6, 0x63bd5
core   0: 3 0x8000010c (0x63bd5fb7) x31 0x63bd5000
core   0: 0x80000110 (0xdd7f8f93) addi    t6, t6, -553
core   0: 3 0x80000110 (0xdd7f8f93) x31 0x63bd4dd7
core   0: 0x80000114 (0x00012217) auipc   tp, 0x12
core   0: 3 0x80000114 (0x00012217) x 4 0x80012114
core   0: 0x80000118 (0xd5020213) addi    tp, tp, -688
core   0: 3 0x80000118 (0xd5020213) x 4 0x80011e64
core   0: 0x8000011c (0x00000813) li      a6, 0
core   0: 3 0x8000011c (0x00000813) x16 0x00000000
core   0: 0x80000120 (0x800005b7) lui     a1, 0x80000
core   0: 3 0x80000120 (0x800005b7) x11 0x80000000
core   0: 0x80000124 (0x00000313) li      t1, 0
core   0: 3 0x80000124 (0x00000313) x 6 0x00000000
core   0: 0x80000128 (0x80000737) lui     a4, 0x80000
core   0: 3 0x80000128 (0x80000737) x14 0x80000000
core   0: 0x8000012c (0xfb5506b7) lui     a3, 0xfb550
core   0: 3 0x8000012c (0xfb5506b7) x13 0xfb550000
core   0: 0x80000130 (0x20468693) addi    a3, a3, 516
core   0: 3 0x80000130 (0x20468693) x13 0xfb550204
core   0: 0x80000134 (0x00000393) li      t2, 0
core   0: 3 0x80000134 (0x00000393) x 7 0x00000000
core   0: 0x80000138 (0xfff00e93) li      t4, -1
core   0: 3 0x80000138 (0xfff00e93) x29 0xffffffff
core   0: 0x8000013c (0xfff00d93) li      s11, -1
core   0: 3 0x8000013c (0xfff00d93) x27 0xffffffff
core   0: 0x80000140 (0xfff00b93) li      s7, -1
core   0: 3 0x80000140 (0xfff00b93) x23 0xffffffff
core   0: 0x80000144 (0xb5b031b7) lui     gp, 0xb5b03
core   0: 3 0x80000144 (0xb5b031b7) x 3 0xb5b03000
core   0: 0x80000148 (0x1fb18193) addi    gp, gp, 507
core   0: 3 0x80000148 (0x1fb18193) x 3 0xb5b031fb
core   0: 0x8000014c (0xc5cf4817) auipc   a6, 0xc5cf4
core   0: 3 0x8000014c (0xc5cf4817) x16 0x45cf414c
core   0: 0x80000150 (0xd21dc837) lui     a6, 0xd21dc
core   0: 3 0x80000150 (0xd21dc837) x16 0xd21dc000
core   0: 0x80000154 (0x71898737) lui     a4, 0x71898
core   0: 3 0x80000154 (0x71898737) x14 0x71898000
core   0: 0x80000158 (0x1b5bfd97) auipc   s11, 0x1b5bf
core   0: 3 0x80000158 (0x1b5bfd97) x27 0x9b5bf158
core   0: 0x8000015c (0x01b18733) add     a4, gp, s11
core   0: 3 0x8000015c (0x01b18733) x14 0x510c2353
core   0: 0x80000160 (0x406583b3) sub     t2, a1, t1
core   0: 3 0x80000160 (0x406583b3) x 7 0x80000000
core   0: 0x80000164 (0x23b31e97) auipc   t4, 0x23b31
core   0: 3 0x80000164 (0x23b31e97) x29 0xa3b31164
core   0: 0x80000168 (0x00000013) nop
core   0: 3 0x80000168 (0x00000013)
core   0: 0x8000016c (0x01be81b3) add     gp, t4, s11
core   0: 3 0x8000016c (0x01be81b3) x 3 0x3f0f02bc
core   0: 0x80000170 (0x00000013) nop
core   0: 3 0x80000170 (0x00000013)
core   0: 0x80000174 (0x00000013) nop
core   0: 3 0x80000174 (0x00000013)
core   0: 0x80000178 (0x00000013) nop
core   0: 3 0x80000178 (0x00000013)
core   0: 0x8000017c (0x4efe8717) auipc   a4, 0x4efe8
core   0: 3 0x8000017c (0x4efe8717) x14 0xcefe817c
core   0: 0x80000180 (0x017d8db3) add     s11, s11, s7
core   0: 3 0x80000180 (0x017d8db3) x27 0x9b5bf157
core   0: 0x80000184 (0x01be8833) add     a6, t4, s11
core   0: 3 0x80000184 (0x01be8833) x16 0x3f0f02bb
core   0: 0x80000188 (0x584d3837) lui     a6, 0x584d3
core   0: 3 0x80000188 (0x584d3837) x16 0x584d3000
core   0: 0x8000018c (0x93f68693) addi    a3, a3, -1729
core   0: 3 0x8000018c (0x93f68693) x13 0xfb54fb43
core   0: 0x80000190 (0x2ef401b7) lui     gp, 0x2ef40
core   0: 3 0x80000190 (0x2ef401b7) x 3 0x2ef40000
core   0: 0x80000194 (0x709c85b7) lui     a1, 0x709c8
core   0: 3 0x80000194 (0x709c85b7) x11 0x709c8000
core   0: 0x80000198 (0x80000fb7) lui     t6, 0x80000
core   0: 3 0x80000198 (0x80000fb7) x31 0x80000000
core   0: 0x8000019c (0xfff00113) li      sp, -1
core   0: 3 0x8000019c (0xfff00113) x 2 0xffffffff
core   0: 0x800001a0 (0xfff00d13) li      s10, -1
core   0: 3 0x800001a0 (0xfff00d13) x26 0xffffffff
core   0: 0x800001a4 (0x00000b13) li      s6, 0
core   0: 3 0x800001a4 (0x00000b13) x22 0x00000000
core   0: 0x800001a8 (0xfff00893) li      a7, -1
core   0: 3 0x800001a8 (0xfff00893) x17 0xffffffff
core   0: 0x800001ac (0xfff00a93) li      s5, -1
core   0: 3 0x800001ac (0xfff00a93) x21 0xffffffff
core   0: 0x800001b0 (0x9142f2b7) lui     t0, 0x9142f
core   0: 3 0x800001b0 (0x9142f2b7) x 5 0x9142f000
core   0: 0x800001b4 (0x04728293) addi    t0, t0, 71
core   0: 3 0x800001b4 (0x04728293) x 5 0x9142f047
core   0: 0x800001b8 (0x00000e93) li      t4, 0
core   0: 3 0x800001b8 (0x00000e93) x29 0x00000000
core   0: 0x800001bc (0x80000f37) lui     t5, 0x80000
core   0: 3 0x800001bc (0x80000f37) x30 0x80000000
core   0: 0x800001c0 (0x00000e13) li      t3, 0
core   0: 3 0x800001c0 (0x00000e13) x28 0x00000000
core   0: 0x800001c4 (0x41628d33) sub     s10, t0, s6
core   0: 3 0x800001c4 (0x41628d33) x26 0x9142f047
core   0: 0x800001c8 (0x5c446137) lui     sp, 0x5c446
core   0: 3 0x800001c8 (0x5c446137) x 2 0x5c446000
core   0: 0x800001cc (0x01fd02b3) add     t0, s10, t6
core   0: 3 0x800001cc (0x01fd02b3) x 5 0x1142f047
core   0: 0x800001d0 (0x00000013) nop
core   0: 3 0x800001d0 (0x00000013)
core   0: 0x800001d4 (0x10610b17) auipc   s6, 0x10610
core   0: 3 0x800001d4 (0x10610b17) x22 0x906101d4
core   0: 0x800001d8 (0xfb143f37) lui     t5, 0xfb143
core   0: 3 0x800001d8 (0xfb143f37) x30 0xfb143000
core   0: 0x800001dc (0x41eb0fb3) sub     t6, s6, t5
core   0: 3 0x800001dc (0x41eb0fb3) x31 0x954cd1d4
core   0: 0x800001e0 (0x015e0d33) add     s10, t3, s5
core   0: 3 0x800001e0 (0x015e0d33) x26 0xffffffff
core   0: 0x800001e4 (0x411e0133) sub     sp, t3, a7
core   0: 3 0x800001e4 (0x411e0133) x 2 0x00000001
core   0: 0x800001e8 (0x69163897) auipc   a7, 0x69163
core   0: 3 0x800001e8 (0x69163897) x17 0xe91631e8
core   0: 0x800001ec (0x01c28ab3) add     s5, t0, t3
core   0: 3 0x800001ec (0x01c28ab3) x21 0x1142f047
core   0: 0x800001f0 (0x8e09ae17) auipc   t3, 0x8e09a
core   0: 3 0x800001f0 (0x8e09ae17) x28 0x0e09a1f0
core   0: 0x800001f4 (0x00000013) nop
core   0: 3 0x800001f4 (0x00000013)
core   0: 0x800001f8 (0x5eab0a93) addi    s5, s6, 1514
core   0: 3 0x800001f8 (0x5eab0a93) x21 0x906107be
core   0: 0x800001fc (0x00000013) nop
core   0: 3 0x800001fc (0x00000013)
core   0: 0x80000200 (0x5b0c8f97) auipc   t6, 0x5b0c8
core   0: 3 0x80000200 (0x5b0c8f97) x31 0xdb0c8200
core   0: 0x80000204 (0x416882b3) sub     t0, a7, s6
core   0: 3 0x80000204 (0x416882b3) x 5 0x58b53014
core   0: 0x80000208 (0x00000013) nop
core   0: 3 0x80000208 (0x00000013)
core   0: 0x8000020c (0xd31d0a93) addi    s5, s10, -719
core   0: 3 0x8000020c (0xd31d0a93) x21 0xfffffd30
core   0: 0x80000210 (0x500e0f97) auipc   t6, 0x500e0
core   0: 3 0x80000210 (0x500e0f97) x31 0xd00e0210
core   0: 0x80000214 (0x55337d37) lui     s10, 0x55337
core   0: 3 0x80000214 (0x55337d37) x26 0x55337000
core   0: 0x80000218 (0x00000013) nop
core   0: 3 0x80000218 (0x00000013)
core   0: 0x8000021c (0xc3398137) lui     sp, 0xc3398
core   0: 3 0x8000021c (0xc3398137) x 2 0xc3398000
core   0: 0x80000220 (0x9a0cdab7) lui     s5, 0x9a0cd
core   0: 3 0x80000220 (0x9a0cdab7) x21 0x9a0cd000
core   0: 0x80000224 (0x00000013) nop
core   0: 3 0x80000224 (0x00000013)
core   0: 0x80000228 (0x3c2d0137) lui     sp, 0x3c2d0
core   0: 3 0x80000228 (0x3c2d0137) x 2 0x3c2d0000
core   0: 0x8000022c (0xfbb36f97) auipc   t6, 0xfbb36
core   0: 3 0x8000022c (0xfbb36f97) x31 0x7bb3622c
core   0: 0x80000230 (0x00000013) nop
core   0: 3 0x80000230 (0x00000013)
core   0: 0x80000234 (0x85ad0f13) addi    t5, s10, -1958
core   0: 3 0x80000234 (0x85ad0f13) x30 0x5533685a
core   0: 0x80000238 (0x00000c13) li      s8, 0
core   0: 3 0x80000238 (0x00000c13) x24 0x00000000
core   0: 0x8000023c (0xc9a4d337) lui     t1, 0xc9a4d
core   0: 3 0x8000023c (0xc9a4d337) x 6 0xc9a4d000
core   0: 0x80000240 (0x3fe30313) addi    t1, t1, 1022
core   0: 3 0x80000240 (0x3fe30313) x 6 0xc9a4d3fe
core   0: 0x80000244 (0xbde9f137) lui     sp, 0xbde9f
core   0: 3 0x80000244 (0xbde9f137) x 2 0xbde9f000
core   0: 0x80000248 (0x96810113) addi    sp, sp, -1688
core   0: 3 0x80000248 (0x96810113) x 2 0xbde9e968
core   0: 0x8000024c (0x00000093) li      ra, 0
core   0: 3 0x8000024c (0x00000093) x 1 0x00000000
core   0: 0x80000250 (0x00000813) li      a6, 0
core   0: 3 0x80000250 (0x00000813) x16 0x00000000
core   0: 0x80000254 (0xd5414f37) lui     t5, 0xd5414
core   0: 3 0x80000254 (0xd5414f37) x30 0xd5414000
core   0: 0x80000258 (0xb6ff0f13) addi    t5, t5, -1169
core   0: 3 0x80000258 (0xb6ff0f13) x30 0xd5413b6f
core   0: 0x8000025c (0xfe825737) lui     a4, 0xfe825
core   0: 3 0x8000025c (0xfe825737) x14 0xfe825000
core   0: 0x80000260 (0xd3f70713) addi    a4, a4, -705
core   0: 3 0x80000260 (0xd3f70713) x14 0xfe824d3f
core   0: 0x80000264 (0xfff00413) li      s0, -1
core   0: 3 0x80000264 (0xfff00413) x 8 0xffffffff
core   0: 0x80000268 (0xfff00a13) li      s4, -1
core   0: 3 0x80000268 (0xfff00a13) x20 0xffffffff
core   0: 0x8000026c (0x00000193) li      gp, 0
core   0: 3 0x8000026c (0x00000193) x 3 0x00000000
core   0: 0x80000270 (0x401c01b3) sub     gp, s8, ra
core   0: 3 0x80000270 (0x401c01b3) x 3 0x00000000
core   0: 0x80000274 (0x40808f33) sub     t5, ra, s0
core   0: 3 0x80000274 (0x40808f33) x30 0x00000001
core   0: 0x80000278 (0x40ea0a33) sub     s4, s4, a4
core   0: 3 0x80000278 (0x40ea0a33) x20 0x017db2c0
core   0: 0x8000027c (0xc1b40a13) addi    s4, s0, -997
core   0: 3 0x8000027c (0xc1b40a13) x20 0xfffffc1a
core   0: 0x80000280 (0x00000013) nop
core   0: 3 0x80000280 (0x00000013)
core   0: 0x80000284 (0x01e80a33) add     s4, a6, t5
core   0: 3 0x80000284 (0x01e80a33) x20 0x00000001
core   0: 0x80000288 (0xa75c0f13) addi    t5, s8, -1419
core   0: 3 0x80000288 (0xa75c0f13) x30 0xfffffa75
core   0: 0x8000028c (0x00000013) nop
core   0: 3 0x8000028c (0x00000013)
core   0: 0x80000290 (0xf2010413) addi    s0, sp, -224
core   0: 3 0x80000290 (0xf2010413) x 8 0xbde9e888
core   0: 0x80000294 (0x00308733) add     a4, ra, gp
core   0: 3 0x80000294 (0x00308733) x14 0x00000000
core   0: 0x80000298 (0x07e10113) addi    sp, sp, 126
core   0: 3 0x80000298 (0x07e10113) x 2 0xbde9e9e6
core   0: 0x8000029c (0x40e180b3) sub     ra, gp, a4
core   0: 3 0x8000029c (0x40e180b3) x 1 0x00000000
core   0: 0x800002a0 (0x006f0a33) add     s4, t5, t1
core   0: 3 0x800002a0 (0x006f0a33) x20 0xc9a4ce73
core   0: 0x800002a4 (0x449a0f13) addi    t5, s4, 1097
core   0: 3 0x800002a4 (0x449a0f13) x30 0xc9a4d2bc
core   0: 0x800002a8 (0xe6230a13) addi    s4, t1, -414
core   0: 3 0x800002a8 (0xe6230a13) x20 0xc9a4d260
core   0: 0x800002ac (0xba593c37) lui     s8, 0xba593
core   0: 3 0x800002ac (0xba593c37) x24 0xba593000
core   0: 0x800002b0 (0xcecf0f13) addi    t5, t5, -788
core   0: 3 0x800002b0 (0xcecf0f13) x30 0xc9a4cfa8
core   0: 0x800002b4 (0x3e96b1b7) lui     gp, 0x3e96b
core   0: 3 0x800002b4 (0x3e96b1b7) x 3 0x3e96b000
core   0: 0x800002b8 (0x018c00b3) add     ra, s8, s8
core   0: 3 0x800002b8 (0x018c00b3) x 1 0x74b26000
core   0: 0x800002bc (0x77140f37) lui     t5, 0x77140
core   0: 3 0x800002bc (0x77140f37) x30 0x77140000
core   0: 0x800002c0 (0x408f00b3) sub     ra, t5, s0
core   0: 3 0x800002c0 (0x408f00b3) x 1 0xb92a1778
core   0: 0x800002c4 (0x464620b7) lui     ra, 0x46462
core   0: 3 0x800002c4 (0x464620b7) x 1 0x46462000
core   0: 0x800002c8 (0x4cb27a17) auipc   s4, 0x4cb27
core   0: 3 0x800002c8 (0x4cb27a17) x20 0xccb272c8
core   0: 0x800002cc (0x00e08f33) add     t5, ra, a4
core   0: 3 0x800002cc (0x00e08f33) x30 0x46462000
core   0: 0x800002d0 (0xdecd2097) auipc   ra, 0xdecd2
core   0: 3 0x800002d0 (0xdecd2097) x 1 0x5ecd22d0
core   0: 0x800002d4 (0xd0c5ac37) lui     s8, 0xd0c5a
core   0: 3 0x800002d4 (0xd0c5ac37) x24 0xd0c5a000
core   0: 0x800002d8 (0x0c6c0c13) addi    s8, s8, 198
core   0: 3 0x800002d8 (0x0c6c0c13) x24 0xd0c5a0c6
core   0: 0x800002dc (0xd4864ab7) lui     s5, 0xd4864
core   0: 3 0x800002dc (0xd4864ab7) x21 0xd4864000
core   0: 0x800002e0 (0xb40a8a93) addi    s5, s5, -1216
core   0: 3 0x800002e0 (0xb40a8a93) x21 0xd4863b40
core   0: 0x800002e4 (0x00000113) li      sp, 0
core   0: 3 0x800002e4 (0x00000113) x 2 0x00000000
core   0: 0x800002e8 (0xb46117b7) lui     a5, 0xb4611
core   0: 3 0x800002e8 (0xb46117b7) x15 0xb4611000
core   0: 0x800002ec (0xdf978793) addi    a5, a5, -519
core   0: 3 0x800002ec (0xdf978793) x15 0xb4610df9
core   0: 0x800002f0 (0x0c3613b7) lui     t2, 0xc361
core   0: 3 0x800002f0 (0x0c3613b7) x 7 0x0c361000
core   0: 0x800002f4 (0x47b38393) addi    t2, t2, 1147
core   0: 3 0x800002f4 (0x47b38393) x 7 0x0c36147b
core   0: 0x800002f8 (0xfff00a13) li      s4, -1
core   0: 3 0x800002f8 (0xfff00a13) x20 0xffffffff
core   0: 0x800002fc (0x80000f37) lui     t5, 0x80000
core   0: 3 0x800002fc (0x80000f37) x30 0x80000000
core   0: 0x80000300 (0x00000713) li      a4, 0
core   0: 3 0x80000300 (0x00000713) x14 0x00000000
core   0: 0x80000304 (0xfff00693) li      a3, -1
core   0: 3 0x80000304 (0xfff00693) x13 0xffffffff
core   0: 0x80000308 (0xfff00193) li      gp, -1
core   0: 3 0x80000308 (0xfff00193) x 3 0xffffffff
core   0: 0x8000030c (0x00000013) nop
core   0: 3 0x8000030c (0x00000013)
core   0: 0x80000310 (0x40fa06b3) sub     a3, s4, a5
core   0: 3 0x80000310 (0x40fa06b3) x13 0x4b9ef206
core   0: 0x80000314 (0x66bc0a17) auipc   s4, 0x66bc0
core   0: 3 0x80000314 (0x66bc0a17) x20 0xe6bc0314
core   0: 0x80000318 (0x77a5b397) auipc   t2, 0x77a5b
core   0: 3 0x80000318 (0x77a5b397) x 7 0xf7a5b318
core   0: 0x8000031c (0x4d872a97) auipc   s5, 0x4d872
core   0: 3 0x8000031c (0x4d872a97) x21 0xcd87231c
core   0: 0x80000320 (0x33b9bc17) auipc   s8, 0x33b9b
core   0: 3 0x80000320 (0x33b9bc17) x24 0xb3b9b320
core   0: 0x80000324 (0x35a766b7) lui     a3, 0x35a76
core   0: 3 0x80000324 (0x35a766b7) x13 0x35a76000
core   0: 0x80000328 (0x00ea0a33) add     s4, s4, a4
core   0: 3 0x80000328 (0x00ea0a33) x20 0xe6bc0314
core   0: 0x8000032c (0x16cd5c17) auipc   s8, 0x16cd5
core   0: 3 0x8000032c (0x16cd5c17) x24 0x96cd532c
core   0: 0x80000330 (0x7c7c0f13) addi    t5, s8, 1991
core   0: 3 0x80000330 (0x7c7c0f13) x30 0x96cd5af3
core   0: 0x80000334 (0x4765ac17) auipc   s8, 0x4765a
core   0: 3 0x80000334 (0x4765ac17) x24 0xc765a334
core   0: 0x80000338 (0x402103b3) sub     t2, sp, sp
core   0: 3 0x80000338 (0x402103b3) x 7 0x00000000
core   0: 0x8000033c (0x00000013) nop
core   0: 3 0x8000033c (0x00000013)
core   0: 0x80000340 (0x786ff6b7) lui     a3, 0x786ff
core   0: 3 0x80000340 (0x786ff6b7) x13 0x786ff000
core   0: 0x80000344 (0x1559c1b7) lui     gp, 0x1559c
core   0: 3 0x80000344 (0x1559c1b7) x 3 0x1559c000
core   0: 0x80000348 (0x50453a37) lui     s4, 0x50453
core   0: 3 0x80000348 (0x50453a37) x20 0x50453000
core   0: 0x8000034c (0x7f6a0193) addi    gp, s4, 2038
core   0: 3 0x8000034c (0x7f6a0193) x 3 0x504537f6
core   0: 0x80000350 (0x402c0ab3) sub     s5, s8, sp
core   0: 3 0x80000350 (0x402c0ab3) x21 0xc765a334
core   0: 0x80000354 (0x403c0c33) sub     s8, s8, gp
core   0: 3 0x80000354 (0x403c0c33) x24 0x77206b3e
core   0: 0x80000358 (0x415a06b3) sub     a3, s4, s5
core   0: 3 0x80000358 (0x415a06b3) x13 0x88df8ccc
core   0: 0x8000035c (0x00d681b3) add     gp, a3, a3
core   0: 3 0x8000035c (0x00d681b3) x 3 0x11bf1998
core   0: 0x80000360 (0x00000013) nop
core   0: 3 0x80000360 (0x00000013)
core   0: 0x80000364 (0x00000713) li      a4, 0
core   0: 3 0x80000364 (0x00000713) x14 0x00000000
core   0: 0x80000368 (0xfff00893) li      a7, -1
core   0: 3 0x80000368 (0xfff00893) x17 0xffffffff
core   0: 0x8000036c (0x00000b93) li      s7, 0
core   0: 3 0x8000036c (0x00000b93) x23 0x00000000
core   0: 0x80000370 (0x0a7c5f37) lui     t5, 0xa7c5
core   0: 3 0x80000370 (0x0a7c5f37) x30 0x0a7c5000
core   0: 0x80000374 (0xff4f0f13) addi    t5, t5, -12
core   0: 3 0x80000374 (0xff4f0f13) x30 0x0a7c4ff4
core   0: 0x80000378 (0x2cd751b7) lui     gp, 0x2cd75
core   0: 3 0x80000378 (0x2cd751b7) x 3 0x2cd75000
core   0: 0x8000037c (0x8e718193) addi    gp, gp, -1817
core   0: 3 0x8000037c (0x8e718193) x 3 0x2cd748e7
core   0: 0x80000380 (0xfff00593) li      a1, -1
core   0: 3 0x80000380 (0xfff00593) x11 0xffffffff
core   0: 0x80000384 (0xe1d99cb7) lui     s9, 0xe1d99
core   0: 3 0x80000384 (0xe1d99cb7) x25 0xe1d99000
core   0: 0x80000388 (0x1cbc8c93) addi    s9, s9, 459
core   0: 3 0x80000388 (0x1cbc8c93) x25 0xe1d991cb
core   0: 0x8000038c (0x80000a37) lui     s4, 0x80000
core   0: 3 0x8000038c (0x80000a37) x20 0x80000000
core   0: 0x80000390 (0x800007b7) lui     a5, 0x80000
core   0: 3 0x80000390 (0x800007b7) x15 0x80000000
core   0: 0x80000394 (0x00000813) li      a6, 0
core   0: 3 0x80000394 (0x00000813) x16 0x00000000
core   0: 0x80000398 (0x019a0833) add     a6, s4, s9
core   0: 3 0x80000398 (0x019a0833) x16 0x61d991cb
core   0: 0x8000039c (0x00bf01b3) add     gp, t5, a1
core   0: 3 0x8000039c (0x00bf01b3) x 3 0x0a7c4ff3
core   0: 0x800003a0 (0x00000013) nop
core   0: 3 0x800003a0 (0x00000013)
core   0: 0x800003a4 (0x12d58193) addi    gp, a1, 301
core   0: 3 0x800003a4 (0x12d58193) x 3 0x0000012c
core   0: 0x800003a8 (0x30180813) addi    a6, a6, 769
core   0: 3 0x800003a8 (0x30180813) x16 0x61d994cc
core   0: 0x800003ac (0xc46fabb7) lui     s7, 0xc46fa
core   0: 3 0x800003ac (0xc46fabb7) x23 0xc46fa000
core   0: 0x800003b0 (0xffb775b7) lui     a1, 0xffb77
core   0: 3 0x800003b0 (0xffb775b7) x11 0xffb77000
core   0: 0x800003b4 (0x00000013) nop
core   0: 3 0x800003b4 (0x00000013)
core   0: 0x800003b8 (0x40f707b3) sub     a5, a4, a5
core   0: 3 0x800003b8 (0x40f707b3) x15 0x80000000
core   0: 0x800003bc (0x00000013) nop
core   0: 3 0x800003bc (0x00000013)
core   0: 0x800003c0 (0x78ea28b7) lui     a7, 0x78ea2
core   0: 3 0x800003c0 (0x78ea28b7) x17 0x78ea2000
core   0: 0x800003c4 (0xc114df17) auipc   t5, 0xc114d
core   0: 3 0x800003c4 (0xc114df17) x30 0x4114d3c4
core   0: 0x800003c8 (0x01980a33) add     s4, a6, s9
core   0: 3 0x800003c8 (0x01980a33) x20 0x43b32697
core   0: 0x800003cc (0x18c0d5b7) lui     a1, 0x18c0d
core   0: 3 0x800003cc (0x18c0d5b7) x11 0x18c0d000
core   0: 0x800003d0 (0x411a0733) sub     a4, s4, a7
core   0: 3 0x800003d0 (0x411a0733) x14 0xcac90697
core   0: 0x800003d4 (0x93f88793) addi    a5, a7, -1729
core   0: 3 0x800003d4 (0x93f88793) x15 0x78ea193f
core   0: 0x800003d8 (0xce1a2cb7) lui     s9, 0xce1a2
core   0: 3 0x800003d8 (0xce1a2cb7) x25 0xce1a2000
core   0: 0x800003dc (0x00000013) nop
core   0: 3 0x800003dc (0x00000013)
core   0: 0x800003e0 (0x41e185b3) sub     a1, gp, t5
core   0: 3 0x800003e0 (0x41e185b3) x11 0xbeeb2d68
core   0: 0x800003e4 (0x6c27e197) auipc   gp, 0x6c27e
core   0: 3 0x800003e4 (0x6c27e197) x 3 0xec27e3e4
core   0: 0x800003e8 (0x98158b93) addi    s7, a1, -1663
core   0: 3 0x800003e8 (0x98158b93) x23 0xbeeb26e9
core   0: 0x800003ec (0x23a18893) addi    a7, gp, 570
core   0: 3 0x800003ec (0x23a18893) x17 0xec27e61e
core   0: 0x800003f0 (0x40388a33) sub     s4, a7, gp
core   0: 3 0x800003f0 (0x40388a33) x20 0x0000023a
core   0: 0x800003f4 (0x41e585b3) sub     a1, a1, t5
core   0: 3 0x800003f4 (0x41e585b3) x11 0x7dd659a4
core   0: 0x800003f8 (0x44e327b7) lui     a5, 0x44e32
core   0: 3 0x800003f8 (0x44e327b7) x15 0x44e32000
core   0: 0x800003fc (0x00000693) li      a3, 0
core   0: 3 0x800003fc (0x00000693) x13 0x00000000
core   0: 0x80000400 (0x80000937) lui     s2, 0x80000
core   0: 3 0x80000400 (0x80000937) x18 0x80000000
core   0: 0x80000404 (0xc57a5db7) lui     s11, 0xc57a5
core   0: 3 0x80000404 (0xc57a5db7) x27 0xc57a5000
core   0: 0x80000408 (0x4b7d8d93) addi    s11, s11, 1207
core   0: 3 0x80000408 (0x4b7d8d93) x27 0xc57a54b7
core   0: 0x8000040c (0x00000393) li      t2, 0
core   0: 3 0x8000040c (0x00000393) x 7 0x00000000
core   0: 0x80000410 (0x00000b13) li      s6, 0
core   0: 3 0x80000410 (0x00000b13) x22 0x00000000
core   0: 0x80000414 (0xfff00f13) li      t5, -1
core   0: 3 0x80000414 (0xfff00f13) x30 0xffffffff
core   0: 0x80000418 (0x80000a37) lui     s4, 0x80000
core   0: 3 0x80000418 (0x80000a37) x20 0x80000000
core   0: 0x8000041c (0xfe796737) lui     a4, 0xfe796
core   0: 3 0x8000041c (0xfe796737) x14 0xfe796000
core   0: 0x80000420 (0x88870713) addi    a4, a4, -1912
core   0: 3 0x80000420 (0x88870713) x14 0xfe795888
core   0: 0x80000424 (0x0e51d1b7) lui     gp, 0xe51d
core   0: 3 0x80000424 (0x0e51d1b7) x 3 0x0e51d000
core   0: 0x80000428 (0xe3c18193) addi    gp, gp, -452
core   0: 3 0x80000428 (0xe3c18193) x 3 0x0e51ce3c
core   0: 0x8000042c (0x04dc52b7) lui     t0, 0x4dc5
core   0: 3 0x8000042c (0x04dc52b7) x 5 0x04dc5000
core   0: 0x80000430 (0x69a28293) addi    t0, t0, 1690
core   0: 3 0x80000430 (0x69a28293) x 5 0x04dc569a
core   0: 0x80000434 (0x00000013) nop
core   0: 3 0x80000434 (0x00000013)
core   0: 0x80000438 (0x40370733) sub     a4, a4, gp
core   0: 3 0x80000438 (0x40370733) x14 0xf0278a4c
core   0: 0x8000043c (0xd9eee717) auipc   a4, 0xd9eee
core   0: 3 0x8000043c (0xd9eee717) x14 0x59eee43c
core   0: 0x80000440 (0x00000013) nop
core   0: 3 0x80000440 (0x00000013)
core   0: 0x80000444 (0x00000013) nop
core   0: 3 0x80000444 (0x00000013)
core   0: 0x80000448 (0x76a18b13) addi    s6, gp, 1898
core   0: 3 0x80000448 (0x76a18b13) x22 0x0e51d5a6
core   0: 0x8000044c (0x00000013) nop
core   0: 3 0x8000044c (0x00000013)
core   0: 0x80000450 (0x00000013) nop
core   0: 3 0x80000450 (0x00000013)
core   0: 0x80000454 (0x0bbd8293) addi    t0, s11, 187
core   0: 3 0x80000454 (0x0bbd8293) x 5 0xc57a5572
core   0: 0x80000458 (0x416a02b3) sub     t0, s4, s6
core   0: 3 0x80000458 (0x416a02b3) x 5 0x71ae2a5a
core   0: 0x8000045c (0xe8323737) lui     a4, 0xe8323
core   0: 3 0x8000045c (0xe8323737) x14 0xe8323000
core   0: 0x80000460 (0x00e70a33) add     s4, a4, a4
core   0: 3 0x80000460 (0x00e70a33) x20 0xd0646000
core   0: 0x80000464 (0x20211197) auipc   gp, 0x20211
core   0: 3 0x80000464 (0x20211197) x 3 0xa0211464
core   0: 0x80000468 (0x5bca0293) addi    t0, s4, 1468
core   0: 3 0x80000468 (0x5bca0293) x 5 0xd06465bc
core   0: 0x8000046c (0x00338f33) add     t5, t2, gp
core   0: 3 0x8000046c (0x00338f33) x30 0xa0211464
core   0: 0x80000470 (0x00000013) nop
core   0: 3 0x80000470 (0x00000013)
core   0: 0x80000474 (0x41bf01b3) sub     gp, t5, s11
core   0: 3 0x80000474 (0x41bf01b3) x 3 0xdaa6bfad
core   0: 0x80000478 (0x00000613) li      a2, 0
core   0: 3 0x80000478 (0x00000613) x12 0x00000000
core   0: 0x8000047c (0xfff00f93) li      t6, -1
core   0: 3 0x8000047c (0xfff00f93) x31 0xffffffff
core   0: 0x80000480 (0x9c28d2b7) lui     t0, 0x9c28d
core   0: 3 0x80000480 (0x9c28d2b7) x 5 0x9c28d000
core   0: 0x80000484 (0x4a228293) addi    t0, t0, 1186
core   0: 3 0x80000484 (0x4a228293) x 5 0x9c28d4a2
core   0: 0x80000488 (0x00000813) li      a6, 0
core   0: 3 0x80000488 (0x00000813) x16 0x00000000
core   0: 0x8000048c (0x800000b7) lui     ra, 0x80000
core   0: 3 0x8000048c (0x800000b7) x 1 0x80000000
core   0: 0x80000490 (0xdfd5fb37) lui     s6, 0xdfd5f
core   0: 3 0x80000490 (0xdfd5fb37) x22 0xdfd5f000
core   0: 0x80000494 (0xe9db0b13) addi    s6, s6, -355
core   0: 3 0x80000494 (0xe9db0b13) x22 0xdfd5ee9d
core   0: 0x80000498 (0x00000d93) li      s11, 0
core   0: 3 0x80000498 (0x00000d93) x27 0x00000000
core   0: 0x8000049c (0xfff00713) li      a4, -1
core   0: 3 0x8000049c (0xfff00713) x14 0xffffffff
core   0: 0x800004a0 (0x00000393) li      t2, 0
core   0: 3 0x800004a0 (0x00000393) x 7 0x00000000
core   0: 0x800004a4 (0xd30391b7) lui     gp, 0xd3039
core   0: 3 0x800004a4 (0xd30391b7) x 3 0xd3039000
core   0: 0x800004a8 (0x37118193) addi    gp, gp, 881
core   0: 3 0x800004a8 (0x37118193) x 3 0xd3039371
core   0: 0x800004ac (0x01fd8db3) add     s11, s11, t6
core   0: 3 0x800004ac (0x01fd8db3) x27 0xffffffff
core   0: 0x800004b0 (0x1ed18713) addi    a4, gp, 493
core   0: 3 0x800004b0 (0x1ed18713) x14 0xd303955e
core   0: 0x800004b4 (0x40cd82b3) sub     t0, s11, a2
core   0: 3 0x800004b4 (0x40cd82b3) x 5 0xffffffff
core   0: 0x800004b8 (0x389e00b7) lui     ra, 0x389e0
core   0: 3 0x800004b8 (0x389e00b7) x 1 0x389e0000
core   0: 0x800004bc (0x62e18613) addi    a2, gp, 1582
core   0: 3 0x800004bc (0x62e18613) x12 0xd303999f
core   0: 0x800004c0 (0x00308b33) add     s6, ra, gp
core   0: 3 0x800004c0 (0x00308b33) x22 0x0ba19371
core   0: 0x800004c4 (0x182022b7) lui     t0, 0x18202
core   0: 3 0x800004c4 (0x182022b7) x 5 0x18202000
core   0: 0x800004c8 (0x1105e737) lui     a4, 0x1105e
core   0: 3 0x800004c8 (0x1105e737) x14 0x1105e000
core   0: 0x800004cc (0x01b80733) add     a4, a6, s11
core   0: 3 0x800004cc (0x01b80733) x14 0xffffffff
core   0: 0x800004d0 (0x00000013) nop
core   0: 3 0x800004d0 (0x00000013)
core   0: 0x800004d4 (0xbe8dd197) auipc   gp, 0xbe8dd
core   0: 3 0x800004d4 (0xbe8dd197) x 3 0x3e8dd4d4
core   0: 0x800004d8 (0x00000013) nop
core   0: 3 0x800004d8 (0x00000013)
core   0: 0x800004dc (0x40160733) sub     a4, a2, ra
core   0: 3 0x800004dc (0x40160733) x14 0x9a65999f
core   0: 0x800004e0 (0xc02f9b17) auipc   s6, 0xc02f9
core   0: 3 0x800004e0 (0xc02f9b17) x22 0x402f94e0
core   0: 0x800004e4 (0x00000013) nop
core   0: 3 0x800004e4 (0x00000013)
core   0: 0x800004e8 (0x00e800b3) add     ra, a6, a4
core   0: 3 0x800004e8 (0x00e800b3) x 1 0x9a65999f
core   0: 0x800004ec (0x01080fb3) add     t6, a6, a6
core   0: 3 0x800004ec (0x01080fb3) x31 0x00000000
core   0: 0x800004f0 (0x00c28733) add     a4, t0, a2
core   0: 3 0x800004f0 (0x00c28733) x14 0xeb23b99f
core   0: 0x800004f4 (0x7e7e7737) lui     a4, 0x7e7e7
core   0: 3 0x800004f4 (0x7e7e7737) x14 0x7e7e7000
core   0: 0x800004f8 (0x41680db3) sub     s11, a6, s6
core   0: 3 0x800004f8 (0x41680db3) x27 0xbfd06b20
core   0: 0x800004fc (0x00000013) nop
core   0: 3 0x800004fc (0x00000013)
core   0: 0x80000500 (0x40570733) sub     a4, a4, t0
core   0: 3 0x80000500 (0x40570733) x14 0x665e5000
core   0: 0x80000504 (0x723ef837) lui     a6, 0x723ef
core   0: 3 0x80000504 (0x723ef837) x16 0x723ef000
core   0: 0x80000508 (0x403600b3) sub     ra, a2, gp
core   0: 3 0x80000508 (0x403600b3) x 1 0x9475c4cb
core   0: 0x8000050c (0x8fa60813) addi    a6, a2, -1798
core   0: 3 0x8000050c (0x8fa60813) x16 0xd3039299
core   0: 0x80000510 (0x41028833) sub     a6, t0, a6
core   0: 3 0x80000510 (0x41028833) x16 0x451c8d67
core   0: 0x80000514 (0x01f381b3) add     gp, t2, t6
core   0: 3 0x80000514 (0x01f381b3) x 3 0x00000000
core   0: 0x80000518 (0x003d82b3) add     t0, s11, gp
core   0: 3 0x80000518 (0x003d82b3) x 5 0xbfd06b20
core   0: 0x8000051c (0x972ac617) auipc   a2, 0x972ac
core   0: 3 0x8000051c (0x972ac617) x12 0x172ac51c
core   0: 0x80000520 (0x774d8f93) addi    t6, s11, 1908
core   0: 3 0x80000520 (0x774d8f93) x31 0xbfd07294
core   0: 0x80000524 (0x647e5737) lui     a4, 0x647e5
core   0: 3 0x80000524 (0x647e5737) x14 0x647e5000
core   0: 0x80000528 (0x65270713) addi    a4, a4, 1618
core   0: 3 0x80000528 (0x65270713) x14 0x647e5652
core   0: 0x8000052c (0xe4123637) lui     a2, 0xe4123
core   0: 3 0x8000052c (0xe4123637) x12 0xe4123000
core   0: 0x80000530 (0x62760613) addi    a2, a2, 1575
core   0: 3 0x80000530 (0x62760613) x12 0xe4123627
core   0: 0x80000534 (0x0f738bb7) lui     s7, 0xf738
core   0: 3 0x80000534 (0x0f738bb7) x23 0x0f738000
core   0: 0x80000538 (0xc82b8b93) addi    s7, s7, -894
core   0: 3 0x80000538 (0xc82b8b93) x23 0x0f737c82
core   0: 0x8000053c (0x00000093) li      ra, 0
core   0: 3 0x8000053c (0x00000093) x 1 0x00000000
core   0: 0x80000540 (0x800008b7) lui     a7, 0x80000
core   0: 3 0x80000540 (0x800008b7) x17 0x80000000
core   0: 0x80000544 (0x00000e93) li      t4, 0
core   0: 3 0x80000544 (0x00000e93) x29 0x00000000
core   0: 0x80000548 (0x00000b13) li      s6, 0
core   0: 3 0x80000548 (0x00000b13) x22 0x00000000
core   0: 0x8000054c (0xfff00c13) li      s8, -1
core   0: 3 0x8000054c (0xfff00c13) x24 0xffffffff
core   0: 0x80000550 (0x00000e13) li      t3, 0
core   0: 3 0x80000550 (0x00000e13) x28 0x00000000
core   0: 0x80000554 (0x80000937) lui     s2, 0x80000
core   0: 3 0x80000554 (0x80000937) x18 0x80000000
core   0: 0x80000558 (0x40c08633) sub     a2, ra, a2
core   0: 3 0x80000558 (0x40c08633) x12 0x1bedc9d9
core   0: 0x8000055c (0x001b8933) add     s2, s7, ra
core   0: 3 0x8000055c (0x001b8933) x18 0x0f737c82
core   0: 0x80000560 (0x00000013) nop
core   0: 3 0x80000560 (0x00000013)
core   0: 0x80000564 (0x417b0b33) sub     s6, s6, s7
core   0: 3 0x80000564 (0x417b0b33) x22 0xf08c837e
core   0: 0x80000568 (0x00000013) nop
core   0: 3 0x80000568 (0x00000013)
core   0: 0x8000056c (0x0f8f2097) auipc   ra, 0xf8f2
core   0: 3 0x8000056c (0x0f8f2097) x 1 0x8f8f256c
core   0: 0x80000570 (0x62ab8913) addi    s2, s7, 1578
core   0: 3 0x80000570 (0x62ab8913) x18 0x0f7382ac
core   0: 0x80000574 (0x00000013) nop
core   0: 3 0x80000574 (0x00000013)
core   0: 0x80000578 (0x00188933) add     s2, a7, ra
core   0: 3 0x80000578 (0x00188933) x18 0x0f8f256c
core   0: 0x8000057c (0xcaf1a0b7) lui     ra, 0xcaf1a
core   0: 3 0x8000057c (0xcaf1a0b7) x 1 0xcaf1a000
core   0: 0x80000580 (0x00160b33) add     s6, a2, ra
core   0: 3 0x80000580 (0x00160b33) x22 0xe6df69d9
core   0: 0x80000584 (0x017e08b3) add     a7, t3, s7
core   0: 3 0x80000584 (0x017e08b3) x17 0x0f737c82
core   0: 0x80000588 (0x00000013) nop
core   0: 3 0x80000588 (0x00000013)
core   0: 0x8000058c (0xf667a637) lui     a2, 0xf667a
core   0: 3 0x8000058c (0xf667a637) x12 0xf667a000
core   0: 0x80000590 (0x01cb00b3) add     ra, s6, t3
core   0: 3 0x80000590 (0x01cb00b3) x 1 0xe6df69d9
core   0: 0x80000594 (0x41860b33) sub     s6, a2, s8
core   0: 3 0x80000594 (0x41860b33) x22 0xf667a001
core   0: 0x80000598 (0x00000013) nop
core   0: 3 0x80000598 (0x00000013)
core   0: 0x8000059c (0x00000393) li      t2, 0
core   0: 3 0x8000059c (0x00000393) x 7 0x00000000
core   0: 0x800005a0 (0x00000f93) li      t6, 0
core   0: 3 0x800005a0 (0x00000f93) x31 0x00000000
core   0: 0x800005a4 (0x00000a93) li      s5, 0
core   0: 3 0x800005a4 (0x00000a93) x21 0x00000000
core   0: 0x800005a8 (0xfff00313) li      t1, -1
core   0: 3 0x800005a8 (0xfff00313) x 6 0xffffffff
core   0: 0x800005ac (0x00000d13) li      s10, 0
core   0: 3 0x800005ac (0x00000d13) x26 0x00000000
core   0: 0x800005b0 (0xfff00093) li      ra, -1
core   0: 3 0x800005b0 (0xfff00093) x 1 0xffffffff
core   0: 0x800005b4 (0x00000b13) li      s6, 0
core   0: 3 0x800005b4 (0x00000b13) x22 0x00000000
core   0: 0x800005b8 (0xaed1b4b7) lui     s1, 0xaed1b
core   0: 3 0x800005b8 (0xaed1b4b7) x 9 0xaed1b000
core   0: 0x800005bc (0x14748493) addi    s1, s1, 327
core   0: 3 0x800005bc (0x14748493) x 9 0xaed1b147
core   0: 0x800005c0 (0x69a19cb7) lui     s9, 0x69a19
core   0: 3 0x800005c0 (0x69a19cb7) x25 0x69a19000
core   0: 0x800005c4 (0x825c8c93) addi    s9, s9, -2011
core   0: 3 0x800005c4 (0x825c8c93) x25 0x69a18825
core   0: 0x800005c8 (0x80000837) lui     a6, 0x80000
core   0: 3 0x800005c8 (0x80000837) x16 0x80000000
core   0: 0x800005cc (0xa20d0093) addi    ra, s10, -1504
core   0: 3 0x800005cc (0xa20d0093) x 1 0xfffffa20
core   0: 0x800005d0 (0xbebccf97) auipc   t6, 0xbebcc
core   0: 3 0x800005d0 (0xbebccf97) x31 0x3ebcc5d0
core   0: 0x800005d4 (0x015d00b3) add     ra, s10, s5
core   0: 3 0x800005d4 (0x015d00b3) x 1 0x00000000
core   0: 0x800005d8 (0x001b0d33) add     s10, s6, ra
core   0: 3 0x800005d8 (0x001b0d33) x26 0x00000000
core   0: 0x800005dc (0x015800b3) add     ra, a6, s5
core   0: 3 0x800005dc (0x015800b3) x 1 0x80000000
core   0: 0x800005e0 (0x0e0ddd17) auipc   s10, 0xe0dd
core   0: 3 0x800005e0 (0x0e0ddd17) x26 0x8e0dd5e0
core   0: 0x800005e4 (0x4e2d9097) auipc   ra, 0x4e2d9
core   0: 3 0x800005e4 (0x4e2d9097) x 1 0xce2d95e4
core   0: 0x800005e8 (0x41548333) sub     t1, s1, s5
core   0: 3 0x800005e8 (0x41548333) x 6 0xaed1b147
core   0: 0x800005ec (0x3aa48d13) addi    s10, s1, 938
core   0: 3 0x800005ec (0x3aa48d13) x26 0xaed1b4f1
core   0: 0x800005f0 (0x00000013) nop
core   0: 3 0x800005f0 (0x00000013)
core   0: 0x800005f4 (0x87df8c93) addi    s9, t6, -1923
core   0: 3 0x800005f4 (0x87df8c93) x25 0x3ebcbe4d
core   0: 0x800005f8 (0x401304b3) sub     s1, t1, ra
core   0: 3 0x800005f8 (0x401304b3) x 9 0xe0a41b63
core   0: 0x800005fc (0x3d3a0497) auipc   s1, 0x3d3a0
core   0: 3 0x800005fc (0x3d3a0497) x 9 0xbd3a05fc
core   0: 0x80000600 (0x557d8d37) lui     s10, 0x557d8
core   0: 3 0x80000600 (0x557d8d37) x26 0x557d8000
core   0: 0x80000604 (0x3e3d0093) addi    ra, s10, 995
core   0: 3 0x80000604 (0x3e3d0093) x 1 0x557d83e3
core   0: 0x80000608 (0x00000013) nop
core   0: 3 0x80000608 (0x00000013)
core   0: 0x8000060c (0x00000013) nop
core   0: 3 0x8000060c (0x00000013)
core   0: 0x80000610 (0x419d00b3) sub     ra, s10, s9
core   0: 3 0x80000610 (0x419d00b3) x 1 0x16c0c1b3
core   0: 0x80000614 (0xa24ae837) lui     a6, 0xa24ae
core   0: 3 0x80000614 (0xa24ae837) x16 0xa24ae000
core   0: 0x80000618 (0x41048d33) sub     s10, s1, a6
core   0: 3 0x80000618 (0x41048d33) x26 0x1aef25fc
core   0: 0x8000061c (0x41f30d33) sub     s10, t1, t6
core   0: 3 0x8000061c (0x41f30d33) x26 0x7014eb77
core   0: 0x80000620 (0x90441f97) auipc   t6, 0x90441
core   0: 3 0x80000620 (0x90441f97) x31 0x10441620
core   0: 0x80000624 (0x00000013) nop
core   0: 3 0x80000624 (0x00000013)
core   0: 0x80000628 (0x01f48d33) add     s10, s1, t6
core   0: 3 0x80000628 (0x01f48d33) x26 0xcd7e1c1c
core   0: 0x8000062c (0x01080b33) add     s6, a6, a6
core   0: 3 0x8000062c (0x01080b33) x22 0x4495c000
core   0: 0x80000630 (0x00000013) nop
core   0: 3 0x80000630 (0x00000013)
core   0: 0x80000634 (0x21026b37) lui     s6, 0x21026
core   0: 3 0x80000634 (0x21026b37) x22 0x21026000
core   0: 0x80000638 (0x05a5f317) auipc   t1, 0x5a5f
core   0: 3 0x80000638 (0x05a5f317) x 6 0x85a5f638
core   0: 0x8000063c (0x00000713) li      a4, 0
core   0: 3 0x8000063c (0x00000713) x14 0x00000000
core   0: 0x80000640 (0x4ec38eb7) lui     t4, 0x4ec38
core   0: 3 0x80000640 (0x4ec38eb7) x29 0x4ec38000
core   0: 0x80000644 (0x113e8e93) addi    t4, t4, 275
core   0: 3 0x80000644 (0x113e8e93) x29 0x4ec38113
core   0: 0x80000648 (0x57df7437) lui     s0, 0x57df7
core   0: 3 0x80000648 (0x57df7437) x 8 0x57df7000
core   0: 0x8000064c (0x39e40413) addi    s0, s0, 926
core   0: 3 0x8000064c (0x39e40413) x 8 0x57df739e
core   0: 0x80000650 (0xfff00f13) li      t5, -1
core   0: 3 0x80000650 (0xfff00f13) x30 0xffffffff
core   0: 0x80000654 (0x00000293) li      t0, 0
core   0: 3 0x80000654 (0x00000293) x 5 0x00000000
core   0: 0x80000658 (0xfff00c93) li      s9, -1
core   0: 3 0x80000658 (0xfff00c93) x25 0xffffffff
core   0: 0x8000065c (0x1184e5b7) lui     a1, 0x1184e
core   0: 3 0x8000065c (0x1184e5b7) x11 0x1184e000
core   0: 0x80000660 (0x92258593) addi    a1, a1, -1758
core   0: 3 0x80000660 (0x92258593) x11 0x1184d922
core   0: 0x80000664 (0xfff00c13) li      s8, -1
core   0: 3 0x80000664 (0xfff00c13) x24 0xffffffff
core   0: 0x80000668 (0xfff00a93) li      s5, -1
core   0: 3 0x80000668 (0xfff00a93) x21 0xffffffff
core   0: 0x8000066c (0xfff00913) li      s2, -1
core   0: 3 0x8000066c (0xfff00913) x18 0xffffffff
core   0: 0x80000670 (0x41990eb3) sub     t4, s2, s9
core   0: 3 0x80000670 (0x41990eb3) x29 0x00000000
core   0: 0x80000674 (0x419c8933) sub     s2, s9, s9
core   0: 3 0x80000674 (0x419c8933) x18 0x00000000
core   0: 0x80000678 (0x00e582b3) add     t0, a1, a4
core   0: 3 0x80000678 (0x00e582b3) x 5 0x1184d922
core   0: 0x8000067c (0xc9d87cb7) lui     s9, 0xc9d87
core   0: 3 0x8000067c (0xc9d87cb7) x25 0xc9d87000
core   0: 0x80000680 (0xdb2bcc97) auipc   s9, 0xdb2bc
core   0: 3 0x80000680 (0xdb2bcc97) x25 0x5b2bc680
core   0: 0x80000684 (0x01828eb3) add     t4, t0, s8
core   0: 3 0x80000684 (0x01828eb3) x29 0x1184d921
core   0: 0x80000688 (0x00b90eb3) add     t4, s2, a1
core   0: 3 0x80000688 (0x00b90eb3) x29 0x1184d922
core   0: 0x8000068c (0x01df0f33) add     t5, t5, t4
core   0: 3 0x8000068c (0x01df0f33) x30 0x1184d921
core   0: 0x80000690 (0x6bd55717) auipc   a4, 0x6bd55
core   0: 3 0x80000690 (0x6bd55717) x14 0xebd55690
core   0: 0x80000694 (0x00000013) nop
core   0: 3 0x80000694 (0x00000013)
core   0: 0x80000698 (0x00b405b3) add     a1, s0, a1
core   0: 3 0x80000698 (0x00b405b3) x11 0x69644cc0
core   0: 0x8000069c (0xd4266917) auipc   s2, 0xd4266
core   0: 3 0x8000069c (0xd4266917) x18 0x5426669c
core   0: 0x800006a0 (0x00000013) nop
core   0: 3 0x800006a0 (0x00000013)
core   0: 0x800006a4 (0x012a8f33) add     t5, s5, s2
core   0: 3 0x800006a4 (0x012a8f33) x30 0x5426669b
core   0: 0x800006a8 (0xf0c5b717) auipc   a4, 0xf0c5b
core   0: 3 0x800006a8 (0xf0c5b717) x14 0x70c5b6a8
core   0: 0x800006ac (0x00000013) nop
core   0: 3 0x800006ac (0x00000013)
core   0: 0x800006b0 (0x1a5c8413) addi    s0, s9, 421
core   0: 3 0x800006b0 (0x1a5c8413) x 8 0x5b2bc825
core   0: 0x800006b4 (0x972985b7) lui     a1, 0x97298
core   0: 3 0x800006b4 (0x972985b7) x11 0x97298000
core   0: 0x800006b8 (0x3dc28f13) addi    t5, t0, 988
core   0: 3 0x800006b8 (0x3dc28f13) x30 0x1184dcfe
core   0: 0x800006bc (0x00000013) nop
core   0: 3 0x800006bc (0x00000013)
core   0: 0x800006c0 (0x00000013) nop
core   0: 3 0x800006c0 (0x00000013)
core   0: 0x800006c4 (0xf6470a97) auipc   s5, 0xf6470
core   0: 3 0x800006c4 (0xf6470a97) x21 0x764706c4
core   0: 0x800006c8 (0x00000013) nop
core   0: 3 0x800006c8 (0x00000013)
core   0: 0x800006cc (0x00e282b3) add     t0, t0, a4
core   0: 3 0x800006cc (0x00e282b3) x 5 0x824a8fca
core   0: 0x800006d0 (0x41290eb3) sub     t4, s2, s2
core   0: 3 0x800006d0 (0x41290eb3) x29 0x00000000
core   0: 0x800006d4 (0xc49035b7) lui     a1, 0xc4903
core   0: 3 0x800006d4 (0xc49035b7) x11 0xc4903000
core   0: 0x800006d8 (0x40828ab3) sub     s5, t0, s0
core   0: 3 0x800006d8 (0x40828ab3) x21 0x271ec7a5
core   0: 0x800006dc (0x00b40733) add     a4, s0, a1
core   0: 3 0x800006dc (0x00b40733) x14 0x1fbbf825
core   0: 0x800006e0 (0xfff00313) li      t1, -1
core   0: 3 0x800006e0 (0xfff00313) x 6 0xffffffff
core   0: 0x800006e4 (0x800002b7) lui     t0, 0x80000
core   0: 3 0x800006e4 (0x800002b7) x 5 0x80000000
core   0: 0x800006e8 (0xfff00d93) li      s11, -1
core   0: 3 0x800006e8 (0xfff00d93) x27 0xffffffff
core   0: 0x800006ec (0x70637d37) lui     s10, 0x70637
core   0: 3 0x800006ec (0x70637d37) x26 0x70637000
core   0: 0x800006f0 (0x3acd0d13) addi    s10, s10, 940
core   0: 3 0x800006f0 (0x3acd0d13) x26 0x706373ac
core   0: 0x800006f4 (0xfff00793) li      a5, -1
core   0: 3 0x800006f4 (0xfff00793) x15 0xffffffff
core   0: 0x800006f8 (0xecace137) lui     sp, 0xecace
core   0: 3 0x800006f8 (0xecace137) x 2 0xecace000
core   0: 0x800006fc (0x3d110113) addi    sp, sp, 977
core   0: 3 0x800006fc (0x3d110113) x 2 0xecace3d1
core   0: 0x80000700 (0x860888b7) lui     a7, 0x86088
core   0: 3 0x80000700 (0x860888b7) x17 0x86088000
core   0: 0x80000704 (0xe9788893) addi    a7, a7, -361
core   0: 3 0x80000704 (0xe9788893) x17 0x86087e97
core   0: 0x80000708 (0x00000a13) li      s4, 0
core   0: 3 0x80000708 (0x00000a13) x20 0x00000000
core   0: 0x8000070c (0xf7ed0937) lui     s2, 0xf7ed0
core   0: 3 0x8000070c (0xf7ed0937) x18 0xf7ed0000
core   0: 0x80000710 (0x74c90913) addi    s2, s2, 1868
core   0: 3 0x80000710 (0x74c90913) x18 0xf7ed074c
core   0: 0x80000714 (0x80000eb7) lui     t4, 0x80000
core   0: 3 0x80000714 (0x80000eb7) x29 0x80000000
core   0: 0x80000718 (0x01128333) add     t1, t0, a7
core   0: 3 0x80000718 (0x01128333) x 6 0x06087e97
core   0: 0x8000071c (0x405a07b3) sub     a5, s4, t0
core   0: 3 0x8000071c (0x405a07b3) x15 0x80000000
core   0: 0x80000720 (0x00000013) nop
core   0: 3 0x80000720 (0x00000013)
core   0: 0x80000724 (0x81885d37) lui     s10, 0x81885
core   0: 3 0x80000724 (0x81885d37) x26 0x81885000
core   0: 0x80000728 (0x41d88333) sub     t1, a7, t4
core   0: 3 0x80000728 (0x41d88333) x 6 0x06087e97
core   0: 0x8000072c (0xf3786117) auipc   sp, 0xf3786
core   0: 3 0x8000072c (0xf3786117) x 2 0x7378672c
core   0: 0x80000730 (0x19810293) addi    t0, sp, 408
core   0: 3 0x80000730 (0x19810293) x 5 0x737868c4
core   0: 0x80000734 (0x40210933) sub     s2, sp, sp
core   0: 3 0x80000734 (0x40210933) x18 0x00000000
core   0: 0x80000738 (0x01b882b3) add     t0, a7, s11
core   0: 3 0x80000738 (0x01b882b3) x 5 0x86087e96
core   0: 0x8000073c (0x00230eb3) add     t4, t1, sp
core   0: 3 0x8000073c (0x00230eb3) x29 0x7980e5c3
core   0: 0x80000740 (0xe24c2297) auipc   t0, 0xe24c2
core   0: 3 0x80000740 (0xe24c2297) x 5 0x624c2740
core   0: 0x80000744 (0x402288b3) sub     a7, t0, sp
core   0: 3 0x80000744 (0x402288b3) x17 0xeed3c014
core   0: 0x80000748 (0x01de8d33) add     s10, t4, t4
core   0: 3 0x80000748 (0x01de8d33) x26 0xf301cb86
core   0: 0x8000074c (0x00fa0a33) add     s4, s4, a5
core   0: 3 0x8000074c (0x00fa0a33) x20 0x80000000
core   0: 0x80000750 (0x41a88933) sub     s2, a7, s10
core   0: 3 0x80000750 (0x41a88933) x18 0xfbd1f48e
core   0: 0x80000754 (0x7fb4adb7) lui     s11, 0x7fb4a
core   0: 3 0x80000754 (0x7fb4adb7) x27 0x7fb4a000
core   0: 0x80000758 (0x00f102b3) add     t0, sp, a5
core   0: 3 0x80000758 (0x00f102b3) x 5 0xf378672c
core   0: 0x8000075c (0x00000013) nop
core   0: 3 0x8000075c (0x00000013)
core   0: 0x80000760 (0x02dcfdb7) lui     s11, 0x2dcf
core   0: 3 0x80000760 (0x02dcfdb7) x27 0x02dcf000
core   0: 0x80000764 (0x87ced117) auipc   sp, 0x87ced
core   0: 3 0x80000764 (0x87ced117) x 2 0x07ced764
core   0: 0x80000768 (0x7b1e8a13) addi    s4, t4, 1969
core   0: 3 0x80000768 (0x7b1e8a13) x20 0x7980ed74
core   0: 0x8000076c (0x3fa452b7) lui     t0, 0x3fa45
core   0: 3 0x8000076c (0x3fa452b7) x 5 0x3fa45000
core   0: 0x80000770 (0xa6028293) addi    t0, t0, -1440
core   0: 3 0x80000770 (0xa6028293) x 5 0x3fa44a60
core   0: 0x80000774 (0x1e3ae937) lui     s2, 0x1e3ae
core   0: 3 0x80000774 (0x1e3ae937) x18 0x1e3ae000
core   0: 0x80000778 (0x75b90913) addi    s2, s2, 1883
core   0: 3 0x80000778 (0x75b90913) x18 0x1e3ae75b
core   0: 0x8000077c (0x800005b7) lui     a1, 0x80000
core   0: 3 0x8000077c (0x800005b7) x11 0x80000000
core   0: 0x80000780 (0x00000193) li      gp, 0
core   0: 3 0x80000780 (0x00000193) x 3 0x00000000
core   0: 0x80000784 (0x00000a13) li      s4, 0
core   0: 3 0x80000784 (0x00000a13) x20 0x00000000
core   0: 0x80000788 (0x9da59337) lui     t1, 0x9da59
core   0: 3 0x80000788 (0x9da59337) x 6 0x9da59000
core   0: 0x8000078c (0x6e130313) addi    t1, t1, 1761
core   0: 3 0x8000078c (0x6e130313) x 6 0x9da596e1
core   0: 0x80000790 (0x800003b7) lui     t2, 0x80000
core   0: 3 0x80000790 (0x800003b7) x 7 0x80000000
core   0: 0x80000794 (0xfff00093) li      ra, -1
core   0: 3 0x80000794 (0xfff00093) x 1 0xffffffff
core   0: 0x80000798 (0xfff00113) li      sp, -1
core   0: 3 0x80000798 (0xfff00113) x 2 0xffffffff
core   0: 0x8000079c (0xfff00793) li      a5, -1
core   0: 3 0x8000079c (0xfff00793) x15 0xffffffff
core   0: 0x800007a0 (0xf367c137) lui     sp, 0xf367c
core   0: 3 0x800007a0 (0xf367c137) x 2 0xf367c000
core   0: 0x800007a4 (0x45808393) addi    t2, ra, 1112
core   0: 3 0x800007a4 (0x45808393) x 7 0x00000457
core   0: 0x800007a8 (0xda316297) auipc   t0, 0xda316
core   0: 3 0x800007a8 (0xda316297) x 5 0x5a3167a8
core   0: 0x800007ac (0xe40b0137) lui     sp, 0xe40b0
core   0: 3 0x800007ac (0xe40b0137) x 2 0xe40b0000
core   0: 0x800007b0 (0x00000013) nop
core   0: 3 0x800007b0 (0x00000013)
core   0: 0x800007b4 (0x414900b3) sub     ra, s2, s4
core   0: 3 0x800007b4 (0x414900b3) x 1 0x1e3ae75b
core   0: 0x800007b8 (0xa66b9a17) auipc   s4, 0xa66b9
core   0: 3 0x800007b8 (0xa66b9a17) x20 0x266b97b8
core   0: 0x800007bc (0x406a0a33) sub     s4, s4, t1
core   0: 3 0x800007bc (0x406a0a33) x20 0x88c600d7
core   0: 0x800007c0 (0xd20da917) auipc   s2, 0xd20da
core   0: 3 0x800007c0 (0xd20da917) x18 0x520da7c0
core   0: 0x800007c4 (0x9d50ca37) lui     s4, 0x9d50c
core   0: 3 0x800007c4 (0x9d50ca37) x20 0x9d50c000
core   0: 0x800007c8 (0x3bdcd1b7) lui     gp, 0x3bdcd
core   0: 3 0x800007c8 (0x3bdcd1b7) x 3 0x3bdcd000
core   0: 0x800007cc (0x5d230593) addi    a1, t1, 1490
core   0: 3 0x800007cc (0x5d230593) x11 0x9da59cb3
core   0: 0x800007d0 (0x42c05597) auipc   a1, 0x42c05
core   0: 3 0x800007d0 (0x42c05597) x11 0xc2c057d0
core   0: 0x800007d4 (0x00f307b3) add     a5, t1, a5
core   0: 3 0x800007d4 (0x00f307b3) x15 0x9da596e0
core   0: 0x800007d8 (0x314e62b7) lui     t0, 0x314e6
core   0: 3 0x800007d8 (0x314e62b7) x 5 0x314e6000
core   0: 0x800007dc (0x00b287b3) add     a5, t0, a1
core   0: 3 0x800007dc (0x00b287b3) x15 0xf40eb7d0
core   0: 0x800007e0 (0x17008313) addi    t1, ra, 368
core   0: 3 0x800007e0 (0x17008313) x 6 0x1e3ae8cb
core   0: 0x800007e4 (0x80000bb7) lui     s7, 0x80000
core   0: 3 0x800007e4 (0x80000bb7) x23 0x80000000
core   0: 0x800007e8 (0x5f1cb337) lui     t1, 0x5f1cb
core   0: 3 0x800007e8 (0x5f1cb337) x 6 0x5f1cb000
core   0: 0x800007ec (0x18e30313) addi    t1, t1, 398
core   0: 3 0x800007ec (0x18e30313) x 6 0x5f1cb18e
core   0: 0x800007f0 (0xfff00913) li      s2, -1
core   0: 3 0x800007f0 (0xfff00913) x18 0xffffffff
core   0: 0x800007f4 (0x04ca8a37) lui     s4, 0x4ca8
core   0: 3 0x800007f4 (0x04ca8a37) x20 0x04ca8000
core   0: 0x800007f8 (0xc8ca0a13) addi    s4, s4, -884
core   0: 3 0x800007f8 (0xc8ca0a13) x20 0x04ca7c8c
core   0: 0x800007fc (0xfff00813) li      a6, -1
core   0: 3 0x800007fc (0xfff00813) x16 0xffffffff
core   0: 0x80000800 (0x7f608eb7) lui     t4, 0x7f608
core   0: 3 0x80000800 (0x7f608eb7) x29 0x7f608000
core   0: 0x80000804 (0x483e8e93) addi    t4, t4, 1155
core   0: 3 0x80000804 (0x483e8e93) x29 0x7f608483
core   0: 0x80000808 (0xfff00293) li      t0, -1
core   0: 3 0x80000808 (0xfff00293) x 5 0xffffffff
core   0: 0x8000080c (0xfcb4c8b7) lui     a7, 0xfcb4c
core   0: 3 0x8000080c (0xfcb4c8b7) x17 0xfcb4c000
core   0: 0x80000810 (0xf6c88893) addi    a7, a7, -148
core   0: 3 0x80000810 (0xf6c88893) x17 0xfcb4bf6c
core   0: 0x80000814 (0x13ebf137) lui     sp, 0x13ebf
core   0: 3 0x80000814 (0x13ebf137) x 2 0x13ebf000
core   0: 0x80000818 (0xb4510113) addi    sp, sp, -1211
core   0: 3 0x80000818 (0xb4510113) x 2 0x13ebeb45
core   0: 0x8000081c (0x800001b7) lui     gp, 0x80000
core   0: 3 0x8000081c (0x800001b7) x 3 0x80000000
core   0: 0x80000820 (0x00000013) nop
core   0: 3 0x80000820 (0x00000013)
core   0: 0x80000824 (0x4099f297) auipc   t0, 0x4099f
core   0: 3 0x80000824 (0x4099f297) x 5 0xc099f824
core   0: 0x80000828 (0x01130bb3) add     s7, t1, a7
core   0: 3 0x80000828 (0x01130bb3) x23 0x5bd170fa
core   0: 0x8000082c (0x41210933) sub     s2, sp, s2
core   0: 3 0x8000082c (0x41210933) x18 0x13ebeb46
core   0: 0x80000830 (0x01de88b3) add     a7, t4, t4
core   0: 3 0x80000830 (0x01de88b3) x17 0xfec10906
core   0: 0x80000834 (0x6d030e93) addi    t4, t1, 1744
core   0: 3 0x80000834 (0x6d030e93) x29 0x5f1cb85e
core   0: 0x80000838 (0x260e8193) addi    gp, t4, 608
core   0: 3 0x80000838 (0x260e8193) x 3 0x5f1cbabe
core   0: 0x8000083c (0x25ef42b7) lui     t0, 0x25ef4
core   0: 3 0x8000083c (0x25ef42b7) x 5 0x25ef4000
core   0: 0x80000840 (0xd678c197) auipc   gp, 0xd678c
core   0: 3 0x80000840 (0xd678c197) x 3 0x5678c840
core   0: 0x80000844 (0xe19e1e97) auipc   t4, 0xe19e1
core   0: 3 0x80000844 (0xe19e1e97) x29 0x619e1844
core   0: 0x80000848 (0x8fa8d297) auipc   t0, 0x8fa8d
core   0: 3 0x80000848 (0x8fa8d297) x 5 0x0fa8d848
core   0: 0x8000084c (0xbcc79297) auipc   t0, 0xbcc79
core   0: 3 0x8000084c (0xbcc79297) x 5 0x3cc7984c
core   0: 0x80000850 (0x990e1e97) auipc   t4, 0x990e1
core   0: 3 0x80000850 (0x990e1e97) x29 0x190e1850
core   0: 0x80000854 (0x43fa4e97) auipc   t4, 0x43fa4
core   0: 3 0x80000854 (0x43fa4e97) x29 0xc3fa4854
core   0: 0x80000858 (0x40228133) sub     sp, t0, sp
core   0: 3 0x80000858 (0x40228133) x 2 0x28dbad07
core   0: 0x8000085c (0x7f1631b7) lui     gp, 0x7f163
core   0: 3 0x8000085c (0x7f1631b7) x 3 0x7f163000
core   0: 0x80000860 (0x131c6e97) auipc   t4, 0x131c6
core   0: 3 0x80000860 (0x131c6e97) x29 0x931c6860
core   0: 0x80000864 (0xe5e40b97) auipc   s7, 0xe5e40
core   0: 3 0x80000864 (0xe5e40b97) x23 0x65e40864
core   0: 0x80000868 (0x411b88b3) sub     a7, s7, a7
core   0: 3 0x80000868 (0x411b88b3) x17 0x6722ff5e
core   0: 0x8000086c (0x00000013) nop
core   0: 3 0x8000086c (0x00000013)
core   0: 0x80000870 (0xcffc91b7) lui     gp, 0xcffc9
core   0: 3 0x80000870 (0xcffc91b7) x 3 0xcffc9000
core   0: 0x80000874 (0x00000013) nop
core   0: 3 0x80000874 (0x00000013)
core   0: 0x80000878 (0x48630913) addi    s2, t1, 1158
core   0: 3 0x80000878 (0x48630913) x18 0x5f1cb614
core   0: 0x8000087c (0x02a5a297) auipc   t0, 0x2a5a
core   0: 3 0x8000087c (0x02a5a297) x 5 0x82a5a87c
core   0: 0x80000880 (0xb8fbb197) auipc   gp, 0xb8fbb
core   0: 3 0x80000880 (0xb8fbb197) x 3 0x38fbb880
core   0: 0x80000884 (0x4f1bc317) auipc   t1, 0x4f1bc
core   0: 3 0x80000884 (0x4f1bc317) x 6 0xcf1bc884
core   0: 0x80000888 (0x01228933) add     s2, t0, s2
core   0: 3 0x80000888 (0x01228933) x18 0xe1c25e90
core   0: 0x8000088c (0x005a0eb3) add     t4, s4, t0
core   0: 3 0x8000088c (0x005a0eb3) x29 0x87702508
core   0: 0x80000890 (0xdda38637) lui     a2, 0xdda38
core   0: 3 0x80000890 (0xdda38637) x12 0xdda38000
core   0: 0x80000894 (0x3ee60613) addi    a2, a2, 1006
core   0: 3 0x80000894 (0x3ee60613) x12 0xdda383ee
core   0: 0x80000898 (0x288d0437) lui     s0, 0x288d0
core   0: 3 0x80000898 (0x288d0437) x 8 0x288d0000
core   0: 0x8000089c (0x34140413) addi    s0, s0, 833
core   0: 3 0x8000089c (0x34140413) x 8 0x288d0341
core   0: 0x800008a0 (0x4a258cb7) lui     s9, 0x4a258
core   0: 3 0x800008a0 (0x4a258cb7) x25 0x4a258000
core   0: 0x800008a4 (0xdc3c8c93) addi    s9, s9, -573
core   0: 3 0x800008a4 (0xdc3c8c93) x25 0x4a257dc3
core   0: 0x800008a8 (0xfff00c13) li      s8, -1
core   0: 3 0x800008a8 (0xfff00c13) x24 0xffffffff
core   0: 0x800008ac (0x00000693) li      a3, 0
core   0: 3 0x800008ac (0x00000693) x13 0x00000000
core   0: 0x800008b0 (0xa7a705b7) lui     a1, 0xa7a70
core   0: 3 0x800008b0 (0xa7a705b7) x11 0xa7a70000
core   0: 0x800008b4 (0x43c58593) addi    a1, a1, 1084
core   0: 3 0x800008b4 (0x43c58593) x11 0xa7a7043c
core   0: 0x800008b8 (0x1c156e37) lui     t3, 0x1c156
core   0: 3 0x800008b8 (0x1c156e37) x28 0x1c156000
core   0: 0x800008bc (0x4c4e0e13) addi    t3, t3, 1220
core   0: 3 0x800008bc (0x4c4e0e13) x28 0x1c1564c4
core   0: 0x800008c0 (0xfff00a13) li      s4, -1
core   0: 3 0x800008c0 (0xfff00a13) x20 0xffffffff
core   0: 0x800008c4 (0xfff00913) li      s2, -1
core   0: 3 0x800008c4 (0xfff00913) x18 0xffffffff
core   0: 0x800008c8 (0x800008b7) lui     a7, 0x80000
core   0: 3 0x800008c8 (0x800008b7) x17 0x80000000
core   0: 0x800008cc (0x00000013) nop
core   0: 3 0x800008cc (0x00000013)
core   0: 0x800008d0 (0x01440433) add     s0, s0, s4
core   0: 3 0x800008d0 (0x01440433) x 8 0x288d0340
core   0: 0x800008d4 (0x76fb3917) auipc   s2, 0x76fb3
core   0: 3 0x800008d4 (0x76fb3917) x18 0xf6fb38d4
core   0: 0x800008d8 (0xf92746b7) lui     a3, 0xf9274
core   0: 3 0x800008d8 (0xf92746b7) x13 0xf9274000
core   0: 0x800008dc (0x01190e33) add     t3, s2, a7
core   0: 3 0x800008dc (0x01190e33) x28 0x76fb38d4
core   0: 0x800008e0 (0x00000013) nop
core   0: 3 0x800008e0 (0x00000013)
core   0: 0x800008e4 (0xfbb898b7) lui     a7, 0xfbb89
core   0: 3 0x800008e4 (0xfbb898b7) x17 0xfbb89000
core   0: 0x800008e8 (0xdf987637) lui     a2, 0xdf987
core   0: 3 0x800008e8 (0xdf987637) x12 0xdf987000
core   0: 0x800008ec (0xe7ca2637) lui     a2, 0xe7ca2
core   0: 3 0x800008ec (0xe7ca2637) x12 0xe7ca2000
core   0: 0x800008f0 (0x40d905b3) sub     a1, s2, a3
core   0: 3 0x800008f0 (0x40d905b3) x11 0xfdd3f8d4
core   0: 0x800008f4 (0x56b0e897) auipc   a7, 0x56b0e
core   0: 3 0x800008f4 (0x56b0e897) x17 0xd6b0e8f4
core   0: 0x800008f8 (0x2f7a2637) lui     a2, 0x2f7a2
core   0: 3 0x800008f8 (0x2f7a2637) x12 0x2f7a2000
core   0: 0x800008fc (0x370018b7) lui     a7, 0x37001
core   0: 3 0x800008fc (0x370018b7) x17 0x37001000
core   0: 0x80000900 (0x5406dc17) auipc   s8, 0x5406d
core   0: 3 0x80000900 (0x5406dc17) x24 0xd406d900
core   0: 0x80000904 (0x1cb58913) addi    s2, a1, 459
core   0: 3 0x80000904 (0x1cb58913) x18 0xfdd3fa9f
core   0: 0x80000908 (0x40868933) sub     s2, a3, s0
core   0: 3 0x80000908 (0x40868933) x18 0xd09a3cc0
core   0: 0x8000090c (0x5e390693) addi    a3, s2, 1507
core   0: 3 0x8000090c (0x5e390693) x13 0xd09a42a3
core   0: 0x80000910 (0x00c908b3) add     a7, s2, a2
core   0: 3 0x80000910 (0x00c908b3) x17 0x00145cc0
core   0: 0x80000914 (0x40568893) addi    a7, a3, 1029
core   0: 3 0x80000914 (0x40568893) x17 0xd09a46a8
core   0: 0x80000918 (0x011608b3) add     a7, a2, a7
core   0: 3 0x80000918 (0x011608b3) x17 0x001466a8
core   0: 0x8000091c (0x41c40cb3) sub     s9, s0, t3
core   0: 3 0x8000091c (0x41c40cb3) x25 0xb191ca6c
core   0: 0x80000920 (0x8b562a17) auipc   s4, 0x8b562
core   0: 3 0x80000920 (0x8b562a17) x20 0x0b562920
core   0: 0x80000924 (0x00b905b3) add     a1, s2, a1
core   0: 3 0x80000924 (0x00b905b3) x11 0xce6e3594
core   0: 0x80000928 (0x00000013) nop
core   0: 3 0x80000928 (0x00000013)
core   0: 0x8000092c (0xd1edd897) auipc   a7, 0xd1edd
core   0: 3 0x8000092c (0xd1edd897) x17 0x51edd92c
core   0: 0x80000930 (0x19e836b7) lui     a3, 0x19e83
core   0: 3 0x80000930 (0x19e836b7) x13 0x19e83000
core   0: 0x80000934 (0xfff00f13) li      t5, -1
core   0: 3 0x80000934 (0xfff00f13) x30 0xffffffff
core   0: 0x80000938 (0x80000a37) lui     s4, 0x80000
core   0: 3 0x80000938 (0x80000a37) x20 0x80000000
core   0: 0x8000093c (0x07147837) lui     a6, 0x7147
core   0: 3 0x8000093c (0x07147837) x16 0x07147000
core   0: 0x80000940 (0x6a080813) addi    a6, a6, 1696
core   0: 3 0x80000940 (0x6a080813) x16 0x071476a0
core   0: 0x80000944 (0xfff00d13) li      s10, -1
core   0: 3 0x80000944 (0xfff00d13) x26 0xffffffff
core   0: 0x80000948 (0x39e8fc37) lui     s8, 0x39e8f
core   0: 3 0x80000948 (0x39e8fc37) x24 0x39e8f000
core   0: 0x8000094c (0xf10c0c13) addi    s8, s8, -240
core   0: 3 0x8000094c (0xf10c0c13) x24 0x39e8ef10
core   0: 0x80000950 (0xfff00a93) li      s5, -1
core   0: 3 0x80000950 (0xfff00a93) x21 0xffffffff
core   0: 0x80000954 (0x00000593) li      a1, 0
core   0: 3 0x80000954 (0x00000593) x11 0x00000000
core   0: 0x80000958 (0xfff00093) li      ra, -1
core   0: 3 0x80000958 (0xfff00093) x 1 0xffffffff
core   0: 0x8000095c (0xdd5db137) lui     sp, 0xdd5db
core   0: 3 0x8000095c (0xdd5db137) x 2 0xdd5db000
core   0: 0x80000960 (0xb8d10113) addi    sp, sp, -1139
core   0: 3 0x80000960 (0xb8d10113) x 2 0xdd5dab8d
core   0: 0x80000964 (0x00000293) li      t0, 0
core   0: 3 0x80000964 (0x00000293) x 5 0x00000000
core   0: 0x80000968 (0x00110133) add     sp, sp, ra
core   0: 3 0x80000968 (0x00110133) x 2 0xdd5dab8c
core   0: 0x8000096c (0x018f05b3) add     a1, t5, s8
core   0: 3 0x8000096c (0x018f05b3) x11 0x39e8ef0f
core   0: 0x80000970 (0xcc380a93) addi    s5, a6, -829
core   0: 3 0x80000970 (0xcc380a93) x21 0x07147363
core   0: 0x80000974 (0x01808d33) add     s10, ra, s8
core   0: 3 0x80000974 (0x01808d33) x26 0x39e8ef0f
core   0: 0x80000978 (0xef2af597) auipc   a1, 0xef2af
core   0: 3 0x80000978 (0xef2af597) x11 0x6f2af978
core   0: 0x8000097c (0xf4e54297) auipc   t0, 0xf4e54
core   0: 3 0x8000097c (0xf4e54297) x 5 0x74e5497c
core   0: 0x80000980 (0x4b98ca97) auipc   s5, 0x4b98c
core   0: 3 0x80000980 (0x4b98ca97) x21 0xcb98c980
core   0: 0x80000984 (0x763de817) auipc   a6, 0x763de
core   0: 3 0x80000984 (0x763de817) x16 0xf63de984
core   0: 0x80000988 (0x01a085b3) add     a1, ra, s10
core   0: 3 0x80000988 (0x01a085b3) x11 0x39e8ef0e
core   0: 0x8000098c (0x559b5137) lui     sp, 0x559b5
core   0: 3 0x8000098c (0x559b5137) x 2 0x559b5000
core   0: 0x80000990 (0x031c0093) addi    ra, s8, 49
core   0: 3 0x80000990 (0x031c0093) x 1 0x39e8ef41
core   0: 0x80000994 (0x83ae4597) auipc   a1, 0x83ae4
core   0: 3 0x80000994 (0x83ae4597) x11 0x03ae4994
core   0: 0x80000998 (0x00000013) nop
core   0: 3 0x80000998 (0x00000013)
core   0: 0x8000099c (0x00000013) nop
core   0: 3 0x8000099c (0x00000013)
core   0: 0x800009a0 (0x00000013) nop
core   0: 3 0x800009a0 (0x00000013)
core   0: 0x800009a4 (0x01e082b3) add     t0, ra, t5
core   0: 3 0x800009a4 (0x01e082b3) x 5 0x39e8ef40
core   0: 0x800009a8 (0x00258ab3) add     s5, a1, sp
core   0: 3 0x800009a8 (0x00258ab3) x21 0x59499994
core   0: 0x800009ac (0x005c0a33) add     s4, s8, t0
core   0: 3 0x800009ac (0x005c0a33) x20 0x73d1de50
core   0: 0x800009b0 (0x700c1c37) lui     s8, 0x700c1
core   0: 3 0x800009b0 (0x700c1c37) x24 0x700c1000
core   0: 0x800009b4 (0x40b585b3) sub     a1, a1, a1
core   0: 3 0x800009b4 (0x40b585b3) x11 0x00000000
core   0: 0x800009b8 (0x762acc37) lui     s8, 0x762ac
core   0: 3 0x800009b8 (0x762acc37) x24 0x762ac000
core   0: 0x800009bc (0xd20a3597) auipc   a1, 0xd20a3
core   0: 3 0x800009bc (0xd20a3597) x11 0x520a39bc
core   0: 0x800009c0 (0x0ef815b7) lui     a1, 0xef81
core   0: 3 0x800009c0 (0x0ef815b7) x11 0x0ef81000
core   0: 0x800009c4 (0x70328c13) addi    s8, t0, 1795
core   0: 3 0x800009c4 (0x70328c13) x24 0x39e8f643
core   0: 0x800009c8 (0xff1a0293) addi    t0, s4, -15
core   0: 3 0x800009c8 (0xff1a0293) x 5 0x73d1de41
core   0: 0x800009cc (0xd5ed50b7) lui     ra, 0xd5ed5
core   0: 3 0x800009cc (0xd5ed50b7) x 1 0xd5ed5000
core   0: 0x800009d0 (0x41480ab3) sub     s5, a6, s4
core   0: 3 0x800009d0 (0x41480ab3) x21 0x826c0b34
core   0: 0x800009d4 (0x81f6e597) auipc   a1, 0x81f6e
core   0: 3 0x800009d4 (0x81f6e597) x11 0x01f6e9d4
core   0: 0x800009d8 (0x23b3d117) auipc   sp, 0x23b3d
core   0: 3 0x800009d8 (0x23b3d117) x 2 0xa3b3d9d8
core   0: 0x800009dc (0x00000013) nop
core   0: 3 0x800009dc (0x00000013)
core   0: 0x800009e0 (0xa09ffd93) andi    s11, t6, -1527
core   0: 3 0x800009e0 (0xa09ffd93) x27 0x10441200
core   0: 0x800009e4 (0x467a7b93) andi    s7, s4, 1127
core   0: 3 0x800009e4 (0x467a7b93) x23 0x00000440
core   0: 0x800009e8 (0x00937933) and     s2, t1, s1
core   0: 3 0x800009e8 (0x00937933) x18 0x8d1a0084
core   0: 0x800009ec (0xc5a78313) addi    t1, a5, -934
core   0: 3 0x800009ec (0xc5a78313) x 6 0xf40eb42a
core   0: 0x800009f0 (0xba792013) slti    zero, s2, -1113
core   0: 3 0x800009f0 (0xba792013)
core   0: 0x800009f4 (0x804d8db7) lui     s11, 0x804d8
core   0: 3 0x800009f4 (0x804d8db7) x27 0x804d8000
core   0: 0x800009f8 (0xd1b67a93) andi    s5, a2, -741
core   0: 3 0x800009f8 (0xd1b67a93) x21 0x2f7a2000
core   0: 0x800009fc (0xa64a3e93) sltiu   t4, s4, -1436
core   0: 3 0x800009fc (0xa64a3e93) x29 0x00000001
core   0: 0x80000a00 (0x018cd633) srl     a2, s9, s8
core   0: 3 0x80000a00 (0x018cd633) x12 0x1632394d
core   0: 0x80000a04 (0x00000013) nop
core   0: 3 0x80000a04 (0x00000013)
core   0: 0x80000a08 (0x01c31413) slli    s0, t1, 28
core   0: 3 0x80000a08 (0x01c31413) x 8 0xa0000000
core   0: 0x80000a0c (0x0023d933) srl     s2, t2, sp
core   0: 3 0x80000a0c (0x0023d933) x18 0x00000000
core   0: 0x80000a10 (0x0138b8b3) sltu    a7, a7, s3
core   0: 3 0x80000a10 (0x0138b8b3) x17 0x00000001
core   0: 0x80000a14 (0x409d5693) srai    a3, s10, 9
core   0: 3 0x80000a14 (0x409d5693) x13 0x001cf477
core   0: 0x80000a18 (0x281fe593) ori     a1, t6, 641
core   0: 3 0x80000a18 (0x281fe593) x11 0x104416a1
core   0: 0x80000a1c (0x01085eb3) srl     t4, a6, a6
core   0: 3 0x80000a1c (0x01085eb3) x29 0x0f63de98
core   0: 0x80000a20 (0x01741a13) slli    s4, s0, 23
core   0: 3 0x80000a20 (0x01741a13) x20 0x00000000
core   0: 0x80000a24 (0x40905293) srai    t0, zero, 9
core   0: 3 0x80000a24 (0x40905293) x 5 0x00000000
core   0: 0x80000a28 (0x4094d913) srai    s2, s1, 9
core   0: 3 0x80000a28 (0x4094d913) x18 0xffde9d02
core   0: 0x80000a2c (0xe110fd13) andi    s10, ra, -495
core   0: 3 0x80000a2c (0xe110fd13) x26 0xd5ed5000
core   0: 0x80000a30 (0x007037b3) snez    a5, t2
core   0: 3 0x80000a30 (0x007037b3) x15 0x00000001
core   0: 0x80000a34 (0x01e2aeb3) slt     t4, t0, t5
core   0: 3 0x80000a34 (0x01e2aeb3) x29 0x00000000
core   0: 0x80000a38 (0x314d4593) xori    a1, s10, 788
core   0: 3 0x80000a38 (0x314d4593) x11 0xd5ed5314
core   0: 0x80000a3c (0x003088b3) add     a7, ra, gp
core   0: 3 0x80000a3c (0x003088b3) x17 0x0ee90880
core   0: 0x80000a40 (0x0056db93) srli    s7, a3, 5
core   0: 3 0x80000a40 (0x0056db93) x23 0x0000e7a3
core   0: 0x80000a44 (0x41755093) srai    ra, a0, 23
core   0: 3 0x80000a44 (0x41755093) x 1 0xffffff00
core   0: 0x80000a48 (0xb673be13) sltiu   t3, t2, -1177
core   0: 3 0x80000a48 (0xb673be13) x28 0x00000001
core   0: 0x80000a4c (0x00c0a7b3) slt     a5, ra, a2
core   0: 3 0x80000a4c (0x00c0a7b3) x15 0x00000001
core   0: 0x80000a50 (0xf3eae013) ori     zero, s5, -194
core   0: 3 0x80000a50 (0xf3eae013)
core   0: 0x80000a54 (0x7efab813) sltiu   a6, s5, 2031
core   0: 3 0x80000a54 (0x7efab813) x16 0x00000000
core   0: 0x80000a58 (0x01eec7b3) xor     a5, t4, t5
core   0: 3 0x80000a58 (0x01eec7b3) x15 0xffffffff
core   0: 0x80000a5c (0x32086617) auipc   a2, 0x32086
core   0: 3 0x80000a5c (0x32086617) x12 0xb2086a5c
core   0: 0x80000a60 (0xd9de7413) andi    s0, t3, -611
core   0: 3 0x80000a60 (0xd9de7413) x 8 0x00000001
core   0: 0x80000a64 (0x92b9fd93) andi    s11, s3, -1749
core   0: 3 0x80000a64 (0x92b9fd93) x27 0x80000000
core   0: 0x80000a68 (0x00bdde13) srli    t3, s11, 11
core   0: 3 0x80000a68 (0x00bdde13) x28 0x00100000
core   0: 0x80000a6c (0x01f5d433) srl     s0, a1, t6
core   0: 3 0x80000a6c (0x01f5d433) x 8 0xd5ed5314
core   0: 0x80000a70 (0x0084ec33) or      s8, s1, s0
core   0: 3 0x80000a70 (0x0084ec33) x24 0xfdff57fc
core   0: 0x80000a74 (0x700dbb17) auipc   s6, 0x700db
core   0: 3 0x80000a74 (0x700dbb17) x22 0xf00dba74
core   0: 0x80000a78 (0x0189d813) srli    a6, s3, 24
core   0: 3 0x80000a78 (0x0189d813) x16 0x00000080
core   0: 0x80000a7c (0x00d63333) sltu    t1, a2, a3
core   0: 3 0x80000a7c (0x00d63333) x 6 0x00000000
core   0: 0x80000a80 (0x00fee1b3) or      gp, t4, a5
core   0: 3 0x80000a80 (0x00fee1b3) x 3 0xffffffff
core   0: 0x80000a84 (0x01cf9113) slli    sp, t6, 28
core   0: 3 0x80000a84 (0x01cf9113) x 2 0x00000000
core   0: 0x80000a88 (0x5022f613) andi    a2, t0, 1282
core   0: 3 0x80000a88 (0x5022f613) x12 0x00000000
core   0: 0x80000a8c (0x00000013) nop
core   0: 3 0x80000a8c (0x00000013)
core   0: 0x80000a90 (0x00979733) sll     a4, a5, s1
core   0: 3 0x80000a90 (0x00979733) x14 0xf0000000
core   0: 0x80000a94 (0xfb90a613) slti    a2, ra, -71
core   0: 3 0x80000a94 (0xfb90a613) x12 0x00000001
core   0: 0x80000a98 (0x00454733) xor     a4, a0, tp
core   0: 3 0x80000a98 (0x00454733) x14 0x00004280
core   0: 0x80000a9c (0xd9b8f913) andi    s2, a7, -613
core   0: 3 0x80000a9c (0xd9b8f913) x18 0x0ee90880
core   0: 0x80000aa0 (0x0099b6b3) sltu    a3, s3, s1
core   0: 3 0x80000aa0 (0x0099b6b3) x13 0x00000001
core   0: 0x80000aa4 (0x845cad93) slti    s11, s9, -1979
core   0: 3 0x80000aa4 (0x845cad93) x27 0x00000001
core   0: 0x80000aa8 (0xc98e8893) addi    a7, t4, -872
core   0: 3 0x80000aa8 (0xc98e8893) x17 0xfffffc98
core   0: 0x80000aac (0x0165bfb3) sltu    t6, a1, s6
core   0: 3 0x80000aac (0x0165bfb3) x31 0x00000001
core   0: 0x80000ab0 (0x2196f797) auipc   a5, 0x2196f
core   0: 3 0x80000ab0 (0x2196f797) x15 0xa196fab0
core   0: 0x80000ab4 (0x016a54b3) srl     s1, s4, s6
core   0: 3 0x80000ab4 (0x016a54b3) x 9 0x00000000
core   0: 0x80000ab8 (0x00161b13) slli    s6, a2, 1
core   0: 3 0x80000ab8 (0x00161b13) x22 0x00000002
core   0: 0x80000abc (0x41430db3) sub     s11, t1, s4
core   0: 3 0x80000abc (0x41430db3) x27 0x00000000
core   0: 0x80000ac0 (0x00000013) nop
core   0: 3 0x80000ac0 (0x00000013)
core   0: 0x80000ac4 (0x0177abb3) slt     s7, a5, s7
core   0: 3 0x80000ac4 (0x0177abb3) x23 0x00000001
core   0: 0x80000ac8 (0x400480b3) sub     ra, s1, zero
core   0: 3 0x80000ac8 (0x400480b3) x 1 0x00000000
core   0: 0x80000acc (0x40b15913) srai    s2, sp, 11
core   0: 3 0x80000acc (0x40b15913) x18 0x00000000
core   0: 0x80000ad0 (0x00000013) nop
core   0: 3 0x80000ad0 (0x00000013)
core   0: 0x80000ad4 (0xc5165e37) lui     t3, 0xc5165
core   0: 3 0x80000ad4 (0xc5165e37) x28 0xc5165000
core   0: 0x80000ad8 (0x4082d093) srai    ra, t0, 8
core   0: 3 0x80000ad8 (0x4082d093) x 1 0x00000000
core   0: 0x80000adc (0x01fcadb3) slt     s11, s9, t6
core   0: 3 0x80000adc (0x01fcadb3) x27 0x00000001
core   0: 0x80000ae0 (0x007892b3) sll     t0, a7, t2
core   0: 3 0x80000ae0 (0x007892b3) x 5 0x4c000000
core   0: 0x80000ae4 (0x4071d633) sra     a2, gp, t2
core   0: 3 0x80000ae4 (0x4071d633) x12 0xffffffff
core   0: 0x80000ae8 (0x00000013) nop
core   0: 3 0x80000ae8 (0x00000013)
core   0: 0x80000aec (0x47ecaf17) auipc   t5, 0x47eca
core   0: 3 0x80000aec (0x47ecaf17) x30 0xc7ecaaec
core   0: 0x80000af0 (0x00c3b1b3) sltu    gp, t2, a2
core   0: 3 0x80000af0 (0x00c3b1b3) x 3 0x00000001
core   0: 0x80000af4 (0x4a40bf13) sltiu   t5, ra, 1188
core   0: 3 0x80000af4 (0x4a40bf13) x30 0x00000001
core   0: 0x80000af8 (0x01c11013) slli    zero, sp, 28
core   0: 3 0x80000af8 (0x01c11013)
core   0: 0x80000afc (0x2860b8b7) lui     a7, 0x2860b
core   0: 3 0x80000afc (0x2860b8b7) x17 0x2860b000
core   0: 0x80000b00 (0x0000c033) xor     zero, ra, zero
core   0: 3 0x80000b00 (0x0000c033)
core   0: 0x80000b04 (0x40a70933) sub     s2, a4, a0
core   0: 3 0x80000b04 (0x40a70933) x18 0x7ffee59c
core   0: 0x80000b08 (0x135b0d93) addi    s11, s6, 309
core   0: 3 0x80000b08 (0x135b0d93) x27 0x00000137
core   0: 0x80000b0c (0xbb56bb13) sltiu   s6, a3, -1099
core   0: 3 0x80000b0c (0xbb56bb13) x22 0x00000001
core   0: 0x80000b10 (0x0492d417) auipc   s0, 0x492d
core   0: 3 0x80000b10 (0x0492d417) x 8 0x8492db10
core   0: 0x80000b14 (0x416c0bb3) sub     s7, s8, s6
core   0: 3 0x80000b14 (0x416c0bb3) x23 0xfdff57fb
core   0: 0x80000b18 (0x0049a7b3) slt     a5, s3, tp
core   0: 3 0x80000b18 (0x0049a7b3) x15 0x00000001
core   0: 0x80000b1c (0xa8b56fb7) lui     t6, 0xa8b56
core   0: 3 0x80000b1c (0xa8b56fb7) x31 0xa8b56000
core   0: 0x80000b20 (0xfca9cb93) xori    s7, s3, -54
core   0: 3 0x80000b20 (0xfca9cb93) x23 0x7fffffca
core   0: 0x80000b24 (0x417b5a93) srai    s5, s6, 23
core   0: 3 0x80000b24 (0x417b5a93) x21 0x00000000
core   0: 0x80000b28 (0x00b44b33) xor     s6, s0, a1
core   0: 3 0x80000b28 (0x00b44b33) x22 0x517f8804
core   0: 0x80000b2c (0x412bd5b3) sra     a1, s7, s2
core   0: 3 0x80000b2c (0x412bd5b3) x11 0x00000007
core   0: 0x80000b30 (0x53cc5d97) auipc   s11, 0x53cc5
core   0: 3 0x80000b30 (0x53cc5d97) x27 0xd3cc5b30
core   0: 0x80000b34 (0x00af9a13) slli    s4, t6, 10
core   0: 3 0x80000b34 (0x00af9a13) x20 0xd5800000
core   0: 0x80000b38 (0x00797cb3) and     s9, s2, t2
core   0: 3 0x80000b38 (0x00797cb3) x25 0x00000414
core   0: 0x80000b3c (0x21086b37) lui     s6, 0x21086
core   0: 3 0x80000b3c (0x21086b37) x22 0x21086000
core   0: 0x80000b40 (0x009b9cb3) sll     s9, s7, s1
core   0: 3 0x80000b40 (0x009b9cb3) x25 0x7fffffca
core   0: 0x80000b44 (0xf4f13193) sltiu   gp, sp, -177
core   0: 3 0x80000b44 (0xf4f13193) x 3 0x00000001
core   0: 0x80000b48 (0x41805e93) srai    t4, zero, 24
core   0: 3 0x80000b48 (0x41805e93) x29 0x00000000
core   0: 0x80000b4c (0x401e5013) srai    zero, t3, 1
core   0: 3 0x80000b4c (0x401e5013)
core   0: 0x80000b50 (0x00000013) nop
core   0: 3 0x80000b50 (0x00000013)
core   0: 0x80000b54 (0x409e81b3) sub     gp, t4, s1
core   0: 3 0x80000b54 (0x409e81b3) x 3 0x00000000
core   0: 0x80000b58 (0x4deb0813) addi    a6, s6, 1246
core   0: 3 0x80000b58 (0x4deb0813) x16 0x210864de
core   0: 0x80000b5c (0x005cc2b3) xor     t0, s9, t0
core   0: 3 0x80000b5c (0x005cc2b3) x 5 0x33ffffca
core   0: 0x80000b60 (0x817b63b7) lui     t2, 0x817b6
core   0: 3 0x80000b60 (0x817b63b7) x 7 0x817b6000
core   0: 0x80000b64 (0x40158b33) sub     s6, a1, ra
core   0: 3 0x80000b64 (0x40158b33) x22 0x00000007
core   0: 0x80000b68 (0x010ab2b3) sltu    t0, s5, a6
core   0: 3 0x80000b68 (0x010ab2b3) x 5 0x00000001
core   0: 0x80000b6c (0xf7d74693) xori    a3, a4, -131
core   0: 3 0x80000b6c (0xf7d74693) x13 0xffffbdfd
core   0: 0x80000b70 (0x4103dfb3) sra     t6, t2, a6
core   0: 3 0x80000b70 (0x4103dfb3) x31 0xfffffffe
core   0: 0x80000b74 (0x00000013) nop
core   0: 3 0x80000b74 (0x00000013)
core   0: 0x80000b78 (0xcae33293) sltiu   t0, t1, -850
core   0: 3 0x80000b78 (0xcae33293) x 5 0x00000001
core   0: 0x80000b7c (0x4135ddb3) sra     s11, a1, s3
core   0: 3 0x80000b7c (0x4135ddb3) x27 0x00000007
core   0: 0x80000b80 (0x01f9f833) and     a6, s3, t6
core   0: 3 0x80000b80 (0x01f9f833) x16 0x80000000
core   0: 0x80000b84 (0x01cfa2b3) slt     t0, t6, t3
core   0: 3 0x80000b84 (0x01cfa2b3) x 5 0x00000000
core   0: 0x80000b88 (0x4094d0b3) sra     ra, s1, s1
core   0: 3 0x80000b88 (0x4094d0b3) x 1 0x00000000
core   0: 0x80000b8c (0x31eb2893) slti    a7, s6, 798
core   0: 3 0x80000b8c (0x31eb2893) x17 0x00000001
core   0: 0x80000b90 (0x0147f8b3) and     a7, a5, s4
core   0: 3 0x80000b90 (0x0147f8b3) x17 0x00000000
core   0: 0x80000b94 (0x01032ab3) slt     s5, t1, a6
core   0: 3 0x80000b94 (0x01032ab3) x21 0x00000000
core   0: 0x80000b98 (0x8a460793) addi    a5, a2, -1884
core   0: 3 0x80000b98 (0x8a460793) x15 0xfffff8a3
core   0: 0x80000b9c (0x4049d813) srai    a6, s3, 4
core   0: 3 0x80000b9c (0x4049d813) x16 0xf8000000
core   0: 0x80000ba0 (0x0105b1b3) sltu    gp, a1, a6
core   0: 3 0x80000ba0 (0x0105b1b3) x 3 0x00000001
core   0: 0x80000ba4 (0x71964a93) xori    s5, a2, 1817
core   0: 3 0x80000ba4 (0x71964a93) x21 0xfffff8e6
core   0: 0x80000ba8 (0x8d01d337) lui     t1, 0x8d01d
core   0: 3 0x80000ba8 (0x8d01d337) x 6 0x8d01d000
core   0: 0x80000bac (0x40548a33) sub     s4, s1, t0
core   0: 3 0x80000bac (0x40548a33) x20 0x00000000
core   0: 0x80000bb0 (0x0123be33) sltu    t3, t2, s2
core   0: 3 0x80000bb0 (0x0123be33) x28 0x00000000
core   0: 0x80000bb4 (0x015952b3) srl     t0, s2, s5
core   0: 3 0x80000bb4 (0x015952b3) x 5 0x01fffb96
core   0: 0x80000bb8 (0x002a2a33) slt     s4, s4, sp
core   0: 3 0x80000bb8 (0x002a2a33) x20 0x00000000
core   0: 0x80000bbc (0x01755313) srli    t1, a0, 23
core   0: 3 0x80000bbc (0x01755313) x 6 0x00000100
core   0: 0x80000bc0 (0x00605f93) srli    t6, zero, 6
core   0: 3 0x80000bc0 (0x00605f93) x31 0x00000000
core   0: 0x80000bc4 (0x00d4fe33) and     t3, s1, a3
core   0: 3 0x80000bc4 (0x00d4fe33) x28 0x00000000
core   0: 0x80000bc8 (0xc952e917) auipc   s2, 0xc952e
core   0: 3 0x80000bc8 (0xc952e917) x18 0x4952ebc8
core   0: 0x80000bcc (0x00bdacb3) slt     s9, s11, a1
core   0: 3 0x80000bcc (0x00bdacb3) x25 0x00000000
core   0: 0x80000bd0 (0x8c270913) addi    s2, a4, -1854
core   0: 3 0x80000bd0 (0x8c270913) x18 0x00003b42
core   0: 0x80000bd4 (0x008cfab3) and     s5, s9, s0
core   0: 3 0x80000bd4 (0x008cfab3) x21 0x00000000
core   0: 0x80000bd8 (0xd6aa8e17) auipc   t3, 0xd6aa8
core   0: 3 0x80000bd8 (0xd6aa8e17) x28 0x56aa8bd8
core   0: 0x80000bdc (0x01d66fb3) or      t6, a2, t4
core   0: 3 0x80000bdc (0x01d66fb3) x31 0xffffffff
core   0: 0x80000be0 (0x00ed2d33) slt     s10, s10, a4
core   0: 3 0x80000be0 (0x00ed2d33) x26 0x00000001
core   0: 0x80000be4 (0x00221193) slli    gp, tp, 2
core   0: 3 0x80000be4 (0x00221193) x 3 0x00047990
core   0: 0x80000be8 (0xd24be093) ori     ra, s7, -732
core   0: 3 0x80000be8 (0xd24be093) x 1 0xffffffee
core   0: 0x80000bec (0xd8f46113) ori     sp, s0, -625
core   0: 3 0x80000bec (0xd8f46113) x 2 0xffffff9f
core   0: 0x80000bf0 (0x4058d6b3) sra     a3, a7, t0
core   0: 3 0x80000bf0 (0x4058d6b3) x13 0x00000000
core   0: 0x80000bf4 (0x0144eeb3) or      t4, s1, s4
core   0: 3 0x80000bf4 (0x0144eeb3) x29 0x00000000
core   0: 0x80000bf8 (0xc5297913) andi    s2, s2, -942
core   0: 3 0x80000bf8 (0xc5297913) x18 0x00003842
core   0: 0x80000bfc (0x08f86437) lui     s0, 0x8f86
core   0: 3 0x80000bfc (0x08f86437) x 8 0x08f86000
core   0: 0x80000c00 (0x000b7db3) and     s11, s6, zero
core   0: 3 0x80000c00 (0x000b7db3) x27 0x00000000
core   0: 0x80000c04 (0xf2ae7d93) andi    s11, t3, -214
core   0: 3 0x80000c04 (0xf2ae7d93) x27 0x56aa8b08
core   0: 0x80000c08 (0x01443633) sltu    a2, s0, s4
core   0: 3 0x80000c08 (0x01443633) x12 0x00000000
core   0: 0x80000c0c (0x005e0333) add     t1, t3, t0
core   0: 3 0x80000c0c (0x005e0333) x 6 0x58aa876e
core   0: 0x80000c10 (0xbe1ba817) auipc   a6, 0xbe1ba
core   0: 3 0x80000c10 (0xbe1ba817) x16 0x3e1bac10
core   0: 0x80000c14 (0x018381b3) add     gp, t2, s8
core   0: 3 0x80000c14 (0x018381b3) x 3 0x7f7ab7fc
core   0: 0x80000c18 (0x0eda1bb7) lui     s7, 0xeda1
core   0: 3 0x80000c18 (0x0eda1bb7) x23 0x0eda1000
core   0: 0x80000c1c (0xeaab6313) ori     t1, s6, -342
core   0: 3 0x80000c1c (0xeaab6313) x 6 0xfffffeaf
core   0: 0x80000c20 (0x000a5433) srl     s0, s4, zero
core   0: 3 0x80000c20 (0x000a5433) x 8 0x00000000
core   0: 0x80000c24 (0x00000013) nop
core   0: 3 0x80000c24 (0x00000013)
core   0: 0x80000c28 (0x004bf433) and     s0, s7, tp
core   0: 3 0x80000c28 (0x004bf433) x 8 0x00001000
core   0: 0x80000c2c (0x00684c93) xori    s9, a6, 6
core   0: 3 0x80000c2c (0x00684c93) x25 0x3e1bac16
core   0: 0x80000c30 (0xe14661b7) lui     gp, 0xe1466
core   0: 3 0x80000c30 (0xe14661b7) x 3 0xe1466000
core   0: 0x80000c34 (0x00e10633) add     a2, sp, a4
core   0: 3 0x80000c34 (0x00e10633) x12 0x0000421f
core   0: 0x80000c38 (0x01e623b3) slt     t2, a2, t5
core   0: 3 0x80000c38 (0x01e623b3) x 7 0x00000000
core   0: 0x80000c3c (0x41055793) srai    a5, a0, 16
core   0: 3 0x80000c3c (0x41055793) x15 0xffff8001
core   0: 0x80000c40 (0x01460733) add     a4, a2, s4
core   0: 3 0x80000c40 (0x01460733) x14 0x0000421f
core   0: 0x80000c44 (0x019cffb3) and     t6, s9, s9
core   0: 3 0x80000c44 (0x019cffb3) x31 0x3e1bac16
core   0: 0x80000c48 (0x0010ea33) or      s4, ra, ra
core   0: 3 0x80000c48 (0x0010ea33) x20 0xffffffee
core   0: 0x80000c4c (0x008abbb3) sltu    s7, s5, s0
core   0: 3 0x80000c4c (0x008abbb3) x23 0x00000001
core   0: 0x80000c50 (0x019e0a33) add     s4, t3, s9
core   0: 3 0x80000c50 (0x019e0a33) x20 0x94c637ee
core   0: 0x80000c54 (0x40545a13) srai    s4, s0, 5
core   0: 3 0x80000c54 (0x40545a13) x20 0x00000080
core   0: 0x80000c58 (0x00e91f13) slli    t5, s2, 14
core   0: 3 0x80000c58 (0x00e91f13) x30 0x0e108000
core   0: 0x80000c5c (0x80196e13) ori     t3, s2, -2047
core   0: 3 0x80000c5c (0x80196e13) x28 0xfffff843
core   0: 0x80000c60 (0x005e6d33) or      s10, t3, t0
core   0: 3 0x80000c60 (0x005e6d33) x26 0xfffffbd7
core   0: 0x80000c64 (0x40ba8833) sub     a6, s5, a1
core   0: 3 0x80000c64 (0x40ba8833) x16 0xfffffff9
core   0: 0x80000c68 (0x00453933) sltu    s2, a0, tp
core   0: 3 0x80000c68 (0x00453933) x18 0x00000000
core   0: 0x80000c6c (0x00429193) slli    gp, t0, 4
core   0: 3 0x80000c6c (0x00429193) x 3 0x1fffb960
core   0: 0x80000c70 (0x008bf5b3) and     a1, s7, s0
core   0: 3 0x80000c70 (0x008bf5b3) x11 0x00000000
core   0: 0x80000c74 (0x01015313) srli    t1, sp, 16
core   0: 3 0x80000c74 (0x01015313) x 6 0x0000ffff
core   0: 0x80000c78 (0x00beb033) sltu    zero, t4, a1
core   0: 3 0x80000c78 (0x00beb033)
core   0: 0x80000c7c (0x01b81613) slli    a2, a6, 27
core   0: 3 0x80000c7c (0x01b81613) x12 0xc8000000
core   0: 0x80000c80 (0x01df2a33) slt     s4, t5, t4
core   0: 3 0x80000c80 (0x01df2a33) x20 0x00000000
core   0: 0x80000c84 (0x419d5013) srai    zero, s10, 25
core   0: 3 0x80000c84 (0x419d5013)
core   0: 0x80000c88 (0x00580eb3) add     t4, a6, t0
core   0: 3 0x80000c88 (0x00580eb3) x29 0x01fffb8f
core   0: 0x80000c8c (0x010b2c33) slt     s8, s6, a6
core   0: 3 0x80000c8c (0x010b2c33) x24 0x00000000
core   0: 0x80000c90 (0x09bb1897) auipc   a7, 0x9bb1
core   0: 3 0x80000c90 (0x09bb1897) x17 0x89bb1c90
core   0: 0x80000c94 (0x011aa833) slt     a6, s5, a7
core   0: 3 0x80000c94 (0x011aa833) x16 0x00000000
core   0: 0x80000c98 (0x01d65113) srli    sp, a2, 29
core   0: 3 0x80000c98 (0x01d65113) x 2 0x00000006
core   0: 0x80000c9c (0x00dc9493) slli    s1, s9, 13
core   0: 3 0x80000c9c (0x00dc9493) x 9 0x7582c000
core   0: 0x80000ca0 (0x01539e33) sll     t3, t2, s5
core   0: 3 0x80000ca0 (0x01539e33) x28 0x00000000
core   0: 0x80000ca4 (0x013ddb13) srli    s6, s11, 19
core   0: 3 0x80000ca4 (0x013ddb13) x22 0x00000ad5
core   0: 0x80000ca8 (0x00305737) lui     a4, 0x305
core   0: 3 0x80000ca8 (0x00305737) x14 0x00305000
core   0: 0x80000cac (0x0154d0b3) srl     ra, s1, s5
core   0: 3 0x80000cac (0x0154d0b3) x 1 0x7582c000
core   0: 0x80000cb0 (0x26a1e2b7) lui     t0, 0x26a1e
core   0: 3 0x80000cb0 (0x26a1e2b7) x 5 0x26a1e000
core   0: 0x80000cb4 (0x7adfed13) ori     s10, t6, 1965
core   0: 3 0x80000cb4 (0x7adfed13) x26 0x3e1bafbf
core   0: 0x80000cb8 (0x41ead093) srai    ra, s5, 30
core   0: 3 0x80000cb8 (0x41ead093) x 1 0x00000000
core   0: 0x80000cbc (0x9b522d13) slti    s10, tp, -1611
core   0: 3 0x80000cbc (0x9b522d13) x26 0x00000001
core   0: 0x80000cc0 (0x013dacb3) slt     s9, s11, s3
core   0: 3 0x80000cc0 (0x013dacb3) x25 0x00000000
core   0: 0x80000cc4 (0x00911db3) sll     s11, sp, s1
core   0: 3 0x80000cc4 (0x00911db3) x27 0x00000006
core   0: 0x80000cc8 (0x5078be93) sltiu   t4, a7, 1287
core   0: 3 0x80000cc8 (0x5078be93) x29 0x00000000
core   0: 0x80000ccc (0x016e3133) sltu    sp, t3, s6
core   0: 3 0x80000ccc (0x016e3133) x 2 0x00000001
core   0: 0x80000cd0 (0x7cb94393) xori    t2, s2, 1995
core   0: 3 0x80000cd0 (0x7cb94393) x 7 0x000007cb
core   0: 0x80000cd4 (0x00f1ed33) or      s10, gp, a5
core   0: 3 0x80000cd4 (0x00f1ed33) x26 0xffffb961
core   0: 0x80000cd8 (0x01d0c733) xor     a4, ra, t4
core   0: 3 0x80000cd8 (0x01d0c733) x14 0x00000000
core   0: 0x80000cdc (0xcbd9e593) ori     a1, s3, -835
core   0: 3 0x80000cdc (0xcbd9e593) x11 0xfffffcbd
core   0: 0x80000ce0 (0x010958b3) srl     a7, s2, a6
core   0: 3 0x80000ce0 (0x010958b3) x17 0x00000000
core   0: 0x80000ce4 (0x01782933) slt     s2, a6, s7
core   0: 3 0x80000ce4 (0x01782933) x18 0x00000001
core   0: 0x80000ce8 (0x019e9b33) sll     s6, t4, s9
core   0: 3 0x80000ce8 (0x019e9b33) x22 0x00000000
core   0: 0x80000cec (0x00bd9cb3) sll     s9, s11, a1
core   0: 3 0x80000cec (0x00bd9cb3) x25 0xc0000000
core   0: 0x80000cf0 (0x00b9ea33) or      s4, s3, a1
core   0: 3 0x80000cf0 (0x00b9ea33) x20 0xfffffcbd
core   0: 0x80000cf4 (0x0198d613) srli    a2, a7, 25
core   0: 3 0x80000cf4 (0x0198d613) x12 0x00000000
core   0: 0x80000cf8 (0x00e9da33) srl     s4, s3, a4
core   0: 3 0x80000cf8 (0x00e9da33) x20 0x80000000
core   0: 0x80000cfc (0x00c61933) sll     s2, a2, a2
core   0: 3 0x80000cfc (0x00c61933) x18 0x00000000
core   0: 0x80000d00 (0x8432fc93) andi    s9, t0, -1981
core   0: 3 0x80000d00 (0x8432fc93) x25 0x26a1e000
core   0: 0x80000d04 (0x01c82033) slt     zero, a6, t3
core   0: 3 0x80000d04 (0x01c82033)
core   0: 0x80000d08 (0x401cd133) sra     sp, s9, ra
core   0: 3 0x80000d08 (0x401cd133) x 2 0x26a1e000
core   0: 0x80000d0c (0x006ed413) srli    s0, t4, 6
core   0: 3 0x80000d0c (0x006ed413) x 8 0x00000000
core   0: 0x80000d10 (0x00b76133) or      sp, a4, a1
core   0: 3 0x80000d10 (0x00b76133) x 2 0xfffffcbd
core   0: 0x80000d14 (0x0177c6b3) xor     a3, a5, s7
core   0: 3 0x80000d14 (0x0177c6b3) x13 0xffff8000
core   0: 0x80000d18 (0x401a5e33) sra     t3, s4, ra
core   0: 3 0x80000d18 (0x401a5e33) x28 0x80000000
core   0: 0x80000d1c (0x00b51633) sll     a2, a0, a1
core   0: 3 0x80000d1c (0x00b51633) x12 0x80000000
core   0: 0x80000d20 (0x018d8733) add     a4, s11, s8
core   0: 3 0x80000d20 (0x018d8733) x14 0x00000006
core   0: 0x80000d24 (0x00119113) slli    sp, gp, 1
core   0: 3 0x80000d24 (0x00119113) x 2 0x3fff72c0
core   0: 0x80000d28 (0x6da328b7) lui     a7, 0x6da32
core   0: 3 0x80000d28 (0x6da328b7) x17 0x6da32000
core   0: 0x80000d2c (0x013c1113) slli    sp, s8, 19
core   0: 3 0x80000d2c (0x013c1113) x 2 0x00000000
core   0: 0x80000d30 (0x40e25893) srai    a7, tp, 14
core   0: 3 0x80000d30 (0x40e25893) x17 0xfffe0004
core   0: 0x80000d34 (0x7acff197) auipc   gp, 0x7acff
core   0: 3 0x80000d34 (0x7acff197) x 3 0xfacffd34
core   0: 0x80000d38 (0x5f5b8393) addi    t2, s7, 1525
core   0: 3 0x80000d38 (0x5f5b8393) x 7 0x000005f6
core   0: 0x80000d3c (0x0140c2b3) xor     t0, ra, s4
core   0: 3 0x80000d3c (0x0140c2b3) x 5 0x80000000
core   0: 0x80000d40 (0x56850493) addi    s1, a0, 1384
core   0: 3 0x80000d40 (0x56850493) x 9 0x8001624c
core   0: 0x80000d44 (0xe6114293) xori    t0, sp, -415
core   0: 3 0x80000d44 (0xe6114293) x 5 0xfffffe61
core   0: 0x80000d48 (0x00b6dd13) srli    s10, a3, 11
core   0: 3 0x80000d48 (0x00b6dd13) x26 0x001ffff0
core   0: 0x80000d4c (0x000e9613) slli    a2, t4, 0
core   0: 3 0x80000d4c (0x000e9613) x12 0x00000000
core   0: 0x80000d50 (0x4c48f5b7) lui     a1, 0x4c48f
core   0: 3 0x80000d50 (0x4c48f5b7) x11 0x4c48f000
core   0: 0x80000d54 (0x01158d33) add     s10, a1, a7
core   0: 3 0x80000d54 (0x01158d33) x26 0x4c46f004
core   0: 0x80000d58 (0xeeeb2e13) slti    t3, s6, -274
core   0: 3 0x80000d58 (0xeeeb2e13) x28 0x00000000
core   0: 0x80000d5c (0x5b14e713) ori     a4, s1, 1457
core   0: 3 0x80000d5c (0x5b14e713) x14 0x800167fd
core   0: 0x80000d60 (0x15f3e313) ori     t1, t2, 351
core   0: 3 0x80000d60 (0x15f3e313) x 6 0x000005ff
core   0: 0x80000d64 (0x25948f93) addi    t6, s1, 601
core   0: 3 0x80000d64 (0x25948f93) x31 0x800164a5
core   0: 0x80000d68 (0x9f77e693) ori     a3, a5, -1545
core   0: 3 0x80000d68 (0x9f77e693) x13 0xfffff9f7
core   0: 0x80000d6c (0x49335017) auipc   zero, 0x49335
core   0: 3 0x80000d6c (0x49335017)
core   0: 0x80000d70 (0x01c4af33) slt     t5, s1, t3
core   0: 3 0x80000d70 (0x01c4af33) x30 0x00000001
core   0: 0x80000d74 (0x00ea11b3) sll     gp, s4, a4
core   0: 3 0x80000d74 (0x00ea11b3) x 3 0x00000000
core   0: 0x80000d78 (0xcd4c0f93) addi    t6, s8, -812
core   0: 3 0x80000d78 (0xcd4c0f93) x31 0xfffffcd4
core   0: 0x80000d7c (0xee664a93) xori    s5, a2, -282
core   0: 3 0x80000d7c (0xee664a93) x21 0xfffffee6
core   0: 0x80000d80 (0xbb152713) slti    a4, a0, -1103
core   0: 3 0x80000d80 (0xbb152713) x14 0x00000001
core   0: 0x80000d84 (0x01c89d33) sll     s10, a7, t3
core   0: 3 0x80000d84 (0x01c89d33) x26 0xfffe0004
core   0: 0x80000d88 (0x418bda93) srai    s5, s7, 24
core   0: 3 0x80000d88 (0x418bda93) x21 0x00000000
core   0: 0x80000d8c (0x006d7033) and     zero, s10, t1
core   0: 3 0x80000d8c (0x006d7033)
core   0: 0x80000d90 (0x016dbc33) sltu    s8, s11, s6
core   0: 3 0x80000d90 (0x016dbc33) x24 0x00000000
core   0: 0x80000d94 (0x19ec4713) xori    a4, s8, 414
core   0: 3 0x80000d94 (0x19ec4713) x14 0x0000019e
core   0: 0x80000d98 (0x49b2fa13) andi    s4, t0, 1179
core   0: 3 0x80000d98 (0x49b2fa13) x20 0x00000401
core   0: 0x80000d9c (0x01cb00b3) add     ra, s6, t3
core   0: 3 0x80000d9c (0x01cb00b3) x 1 0x00000000
core   0: 0x80000da0 (0x79240013) addi    zero, s0, 1938
core   0: 3 0x80000da0 (0x79240013)
core   0: 0x80000da4 (0x00a31793) slli    a5, t1, 10
core   0: 3 0x80000da4 (0x00a31793) x15 0x0017fc00
core   0: 0x80000da8 (0xf3faee13) ori     t3, s5, -193
core   0: 3 0x80000da8 (0xf3faee13) x28 0xffffff3f
core   0: 0x80000dac (0x016705b3) add     a1, a4, s6
core   0: 3 0x80000dac (0x016705b3) x11 0x0000019e
core   0: 0x80000db0 (0x006a2cb3) slt     s9, s4, t1
core   0: 3 0x80000db0 (0x006a2cb3) x25 0x00000001
core   0: 0x80000db4 (0x400b8f33) sub     t5, s7, zero
core   0: 3 0x80000db4 (0x400b8f33) x30 0x00000001
core   0: 0x80000db8 (0x1ed68113) addi    sp, a3, 493
core   0: 3 0x80000db8 (0x1ed68113) x 2 0xfffffbe4
core   0: 0x80000dbc (0x006d0733) add     a4, s10, t1
core   0: 3 0x80000dbc (0x006d0733) x14 0xfffe0603
core   0: 0x80000dc0 (0x01c79393) slli    t2, a5, 28
core   0: 3 0x80000dc0 (0x01c79393) x 7 0x00000000
core   0: 0x80000dc4 (0x017be1b3) or      gp, s7, s7
core   0: 3 0x80000dc4 (0x017be1b3) x 3 0x00000001
core   0: 0x80000dc8 (0x303d7b13) andi    s6, s10, 771
core   0: 3 0x80000dc8 (0x303d7b13) x22 0x00000000
core   0: 0x80000dcc (0x5c826313) ori     t1, tp, 1480
core   0: 3 0x80000dcc (0x5c826313) x 6 0x80011fec
core   0: 0x80000dd0 (0x41ff0bb3) sub     s7, t5, t6
core   0: 3 0x80000dd0 (0x41ff0bb3) x23 0x0000032d
core   0: 0x80000dd4 (0x7500c693) xori    a3, ra, 1872
core   0: 3 0x80000dd4 (0x7500c693) x13 0x00000750
core   0: 0x80000dd8 (0x008e31b3) sltu    gp, t3, s0
core   0: 3 0x80000dd8 (0x008e31b3) x 3 0x00000000
core   0: 0x80000ddc (0x00dc1013) slli    zero, s8, 13
core   0: 3 0x80000ddc (0x00dc1013)
core   0: 0x80000de0 (0x00df3033) sltu    zero, t5, a3
core   0: 3 0x80000de0 (0x00df3033)
core   0: 0x80000de4 (0xcfde4d93) xori    s11, t3, -771
core   0: 3 0x80000de4 (0xcfde4d93) x27 0x000003c2
core   0: 0x80000de8 (0x013f5eb3) srl     t4, t5, s3
core   0: 3 0x80000de8 (0x013f5eb3) x29 0x00000001
core   0: 0x80000dec (0x3aff7d93) andi    s11, t5, 943
core   0: 3 0x80000dec (0x3aff7d93) x27 0x00000001
core   0: 0x80000df0 (0x05618013) addi    zero, gp, 86
core   0: 3 0x80000df0 (0x05618013)
core   0: 0x80000df4 (0x829ca113) slti    sp, s9, -2007
core   0: 3 0x80000df4 (0x829ca113) x 2 0x00000000
core   0: 0x80000df8 (0x01d2d633) srl     a2, t0, t4
core   0: 3 0x80000df8 (0x01d2d633) x12 0x7fffff30
core   0: 0x80000dfc (0x404bd113) srai    sp, s7, 4
core   0: 3 0x80000dfc (0x404bd113) x 2 0x00000032
core   0: 0x80000e00 (0x00000013) nop
core   0: 3 0x80000e00 (0x00000013)
core   0: 0x80000e04 (0x006ea8b3) slt     a7, t4, t1
core   0: 3 0x80000e04 (0x006ea8b3) x17 0x00000000
core   0: 0x80000e08 (0x415304b3) sub     s1, t1, s5
core   0: 3 0x80000e08 (0x415304b3) x 9 0x80011fec
core   0: 0x80000e0c (0x00000013) nop
core   0: 3 0x80000e0c (0x00000013)
core   0: 0x80000e10 (0x01029113) slli    sp, t0, 16
core   0: 3 0x80000e10 (0x01029113) x 2 0xfe610000
core   0: 0x80000e14 (0x009662b3) or      t0, a2, s1
core   0: 3 0x80000e14 (0x009662b3) x 5 0xfffffffc
core   0: 0x80000e18 (0x01cc9c33) sll     s8, s9, t3
core   0: 3 0x80000e18 (0x01cc9c33) x24 0x80000000
core   0: 0x80000e1c (0x88ae3b13) sltiu   s6, t3, -1910
core   0: 3 0x80000e1c (0x88ae3b13) x22 0x00000000
core   0: 0x80000e20 (0x4dec6317) auipc   t1, 0x4dec6
core   0: 3 0x80000e20 (0x4dec6317) x 6 0xcdec6e20
core   0: 0x80000e24 (0xb72fb337) lui     t1, 0xb72fb
core   0: 3 0x80000e24 (0xb72fb337) x 6 0xb72fb000
core   0: 0x80000e28 (0x01f1c433) xor     s0, gp, t6
core   0: 3 0x80000e28 (0x01f1c433) x 8 0xfffffcd4
core   0: 0x80000e2c (0x0042cd33) xor     s10, t0, tp
core   0: 3 0x80000e2c (0x0042cd33) x26 0x7ffee198
core   0: 0x80000e30 (0x0006ab33) slt     s6, a3, zero
core   0: 3 0x80000e30 (0x0006ab33) x22 0x00000000
core   0: 0x80000e34 (0x00044f33) xor     t5, s0, zero
core   0: 3 0x80000e34 (0x00044f33) x30 0xfffffcd4
core   0: 0x80000e38 (0x6b15bb17) auipc   s6, 0x6b15b
core   0: 3 0x80000e38 (0x6b15bb17) x22 0xeb15be38
core   0: 0x80000e3c (0x0126cc33) xor     s8, a3, s2
core   0: 3 0x80000e3c (0x0126cc33) x24 0x00000750
core   0: 0x80000e40 (0x2ece45b7) lui     a1, 0x2ece4
core   0: 3 0x80000e40 (0x2ece45b7) x11 0x2ece4000
core   0: 0x80000e44 (0x01837b33) and     s6, t1, s8
core   0: 3 0x80000e44 (0x01837b33) x22 0x00000000
core   0: 0x80000e48 (0x230cbe13) sltiu   t3, s9, 560
core   0: 3 0x80000e48 (0x230cbe13) x28 0x00000001
core   0: 0x80000e4c (0x051fc893) xori    a7, t6, 81
core   0: 3 0x80000e4c (0x051fc893) x17 0xfffffc85
core   0: 0x80000e50 (0x017e62b3) or      t0, t3, s7
core   0: 3 0x80000e50 (0x017e62b3) x 5 0x0000032d
core   0: 0x80000e54 (0x8aa12c13) slti    s8, sp, -1878
core   0: 3 0x80000e54 (0x8aa12c13) x24 0x00000001
core   0: 0x80000e58 (0x47d3a893) slti    a7, t2, 1149
core   0: 3 0x80000e58 (0x47d3a893) x17 0x00000001
core   0: 0x80000e5c (0x01a2beb3) sltu    t4, t0, s10
core   0: 3 0x80000e5c (0x01a2beb3) x29 0x00000001
core   0: 0x80000e60 (0x00445a33) srl     s4, s0, tp
core   0: 3 0x80000e60 (0x00445a33) x20 0x0fffffcd
core   0: 0x80000e64 (0x004aff33) and     t5, s5, tp
core   0: 3 0x80000e64 (0x004aff33) x30 0x00000000
core   0: 0x80000e68 (0x00651d33) sll     s10, a0, t1
core   0: 3 0x80000e68 (0x00651d33) x26 0x80015ce4
core   0: 0x80000e6c (0x00d95393) srli    t2, s2, 13
core   0: 3 0x80000e6c (0x00d95393) x 7 0x00000000
core   0: 0x80000e70 (0x009bb433) sltu    s0, s7, s1
core   0: 3 0x80000e70 (0x009bb433) x 8 0x00000001
core   0: 0x80000e74 (0x33ff4e13) xori    t3, t5, 831
core   0: 3 0x80000e74 (0x33ff4e13) x28 0x0000033f
core   0: 0x80000e78 (0x01ed3db3) sltu    s11, s10, t5
core   0: 3 0x80000e78 (0x01ed3db3) x27 0x00000000
core   0: 0x80000e7c (0xa928bd13) sltiu   s10, a7, -1390
core   0: 3 0x80000e7c (0xa928bd13) x26 0x00000001
core   0: 0x80000e80 (0x0149d093) srli    ra, s3, 20
core   0: 3 0x80000e80 (0x0149d093) x 1 0x00000800
core   0: 0x80000e84 (0xcf0d7a93) andi    s5, s10, -784
core   0: 3 0x80000e84 (0xcf0d7a93) x21 0x00000000
core   0: 0x80000e88 (0x4776b313) sltiu   t1, a3, 1143
core   0: 3 0x80000e88 (0x4776b313) x 6 0x00000000
core   0: 0x80000e8c (0x015c5e13) srli    t3, s8, 21
core   0: 3 0x80000e8c (0x015c5e13) x28 0x00000000
core   0: 0x80000e90 (0x00d18c33) add     s8, gp, a3
core   0: 3 0x80000e90 (0x00d18c33) x24 0x00000750
core   0: 0x80000e94 (0x00891d13) slli    s10, s2, 8
core   0: 3 0x80000e94 (0x00891d13) x26 0x00000000
core   0: 0x80000e98 (0xb67e3893) sltiu   a7, t3, -1177
core   0: 3 0x80000e98 (0xb67e3893) x17 0x00000001
core   0: 0x80000e9c (0x01cd5813) srli    a6, s10, 28
core   0: 3 0x80000e9c (0x01cd5813) x16 0x00000000
core   0: 0x80000ea0 (0x404c57b3) sra     a5, s8, tp
core   0: 3 0x80000ea0 (0x404c57b3) x15 0x00000075
core   0: 0x80000ea4 (0xcf77bb13) sltiu   s6, a5, -777
core   0: 3 0x80000ea4 (0xcf77bb13) x22 0x00000001
core   0: 0x80000ea8 (0x41d852b3) sra     t0, a6, t4
core   0: 3 0x80000ea8 (0x41d852b3) x 5 0x00000000
core   0: 0x80000eac (0x01e75193) srli    gp, a4, 30
core   0: 3 0x80000eac (0x01e75193) x 3 0x00000003
core   0: 0x80000eb0 (0x788a0013) addi    zero, s4, 1928
core   0: 3 0x80000eb0 (0x788a0013)
core   0: 0x80000eb4 (0x3105fd93) andi    s11, a1, 784
core   0: 3 0x80000eb4 (0x3105fd93) x27 0x00000000
core   0: 0x80000eb8 (0x0085d6b3) srl     a3, a1, s0
core   0: 3 0x80000eb8 (0x0085d6b3) x13 0x17672000
core   0: 0x80000ebc (0x6eb89317) auipc   t1, 0x6eb89
core   0: 3 0x80000ebc (0x6eb89317) x 6 0xeeb89ebc
core   0: 0x80000ec0 (0x00863ab3) sltu    s5, a2, s0
core   0: 3 0x80000ec0 (0x00863ab3) x21 0x00000000
core   0: 0x80000ec4 (0x00a9a2b3) slt     t0, s3, a0
core   0: 3 0x80000ec4 (0x00a9a2b3) x 5 0x00000001
core   0: 0x80000ec8 (0x014e9393) slli    t2, t4, 20
core   0: 3 0x80000ec8 (0x014e9393) x 7 0x00100000
core   0: 0x80000ecc (0x000adb93) srli    s7, s5, 0
core   0: 3 0x80000ecc (0x000adb93) x23 0x00000000
core   0: 0x80000ed0 (0x411fd593) srai    a1, t6, 17
core   0: 3 0x80000ed0 (0x411fd593) x11 0xffffffff
core   0: 0x80000ed4 (0xeccdc593) xori    a1, s11, -308
core   0: 3 0x80000ed4 (0xeccdc593) x11 0xfffffecc
core   0: 0x80000ed8 (0x71908913) addi    s2, ra, 1817
core   0: 3 0x80000ed8 (0x71908913) x18 0x00000f19
core   0: 0x80000edc (0x402f5413) srai    s0, t5, 2
core   0: 3 0x80000edc (0x402f5413) x 8 0x00000000
core   0: 0x80000ee0 (0x0060a3b3) slt     t2, ra, t1
core   0: 3 0x80000ee0 (0x0060a3b3) x 7 0x00000000
core   0: 0x80000ee4 (0xabc678b7) lui     a7, 0xabc67
core   0: 3 0x80000ee4 (0xabc678b7) x17 0xabc67000
core   0: 0x80000ee8 (0x27914137) lui     sp, 0x27914
core   0: 3 0x80000ee8 (0x27914137) x 2 0x27914000
core   0: 0x80000eec (0x35d30913) addi    s2, t1, 861
core   0: 3 0x80000eec (0x35d30913) x18 0xeeb8a219
core   0: 0x80000ef0 (0x00337fb3) and     t6, t1, gp
core   0: 3 0x80000ef0 (0x00337fb3) x31 0x00000000
core   0: 0x80000ef4 (0x00967a33) and     s4, a2, s1
core   0: 3 0x80000ef4 (0x00967a33) x20 0x00011f20
core   0: 0x80000ef8 (0x00967b33) and     s6, a2, s1
core   0: 3 0x80000ef8 (0x00967b33) x22 0x00011f20
core   0: 0x80000efc (0x00b13bb3) sltu    s7, sp, a1
core   0: 3 0x80000efc (0x00b13bb3) x23 0x00000001
core   0: 0x80000f00 (0x01e817b3) sll     a5, a6, t5
core   0: 3 0x80000f00 (0x01e817b3) x15 0x00000000
core   0: 0x80000f04 (0x01e6ab33) slt     s6, a3, t5
core   0: 3 0x80000f04 (0x01e6ab33) x22 0x00000000
core   0: 0x80000f08 (0xbc227c13) andi    s8, tp, -1086
core   0: 3 0x80000f08 (0xbc227c13) x24 0x80011a40
core   0: 0x80000f0c (0x00000013) nop
core   0: 3 0x80000f0c (0x00000013)
core   0: 0x80000f10 (0xe9020293) addi    t0, tp, -368
core   0: 3 0x80000f10 (0xe9020293) x 5 0x80011cf4
core   0: 0x80000f14 (0x003d4eb3) xor     t4, s10, gp
core   0: 3 0x80000f14 (0x003d4eb3) x29 0x00000003
core   0: 0x80000f18 (0x01149e93) slli    t4, s1, 17
core   0: 3 0x80000f18 (0x01149e93) x29 0x3fd80000
core   0: 0x80000f1c (0x67d5c2b7) lui     t0, 0x67d5c
core   0: 3 0x80000f1c (0x67d5c2b7) x 5 0x67d5c000
core   0: 0x80000f20 (0x00ef27b3) slt     a5, t5, a4
core   0: 3 0x80000f20 (0x00ef27b3) x15 0x00000000
core   0: 0x80000f24 (0x169fcf13) xori    t5, t6, 361
core   0: 3 0x80000f24 (0x169fcf13) x30 0x00000169
core   0: 0x80000f28 (0x01e384b3) add     s1, t2, t5
core   0: 3 0x80000f28 (0x01e384b3) x 9 0x00000169
core   0: 0x80000f2c (0x018488b3) add     a7, s1, s8
core   0: 3 0x80000f2c (0x018488b3) x17 0x80011ba9
core   0: 0x80000f30 (0xaba24013) xori    zero, tp, -1350
core   0: 3 0x80000f30 (0xaba24013)
core   0: 0x80000f34 (0x40fddd13) srai    s10, s11, 15
core   0: 3 0x80000f34 (0x40fddd13) x26 0x00000000
core   0: 0x80000f38 (0xb1cf6d93) ori     s11, t5, -1252
core   0: 3 0x80000f38 (0xb1cf6d93) x27 0xfffffb7d
core   0: 0x80000f3c (0xa0d29a17) auipc   s4, 0xa0d29
core   0: 3 0x80000f3c (0xa0d29a17) x20 0x20d29f3c
core   0: 0x80000f40 (0x00c79cb3) sll     s9, a5, a2
core   0: 3 0x80000f40 (0x00c79cb3) x25 0x00000000
core   0: 0x80000f44 (0x00544433) xor     s0, s0, t0
core   0: 3 0x80000f44 (0x00544433) x 8 0x67d5c000
core   0: 0x80000f48 (0x01c61093) slli    ra, a2, 28
core   0: 3 0x80000f48 (0x01c61093) x 1 0x00000000
core   0: 0x80000f4c (0x00dc40b3) xor     ra, s8, a3
core   0: 3 0x80000f4c (0x00dc40b3) x 1 0x97663a40
core   0: 0x80000f50 (0x410f5b33) sra     s6, t5, a6
core   0: 3 0x80000f50 (0x410f5b33) x22 0x00000169
core   0: 0x80000f54 (0x401a8eb3) sub     t4, s5, ra
core   0: 3 0x80000f54 (0x401a8eb3) x29 0x6899c5c0
core   0: 0x80000f58 (0x0156eeb3) or      t4, a3, s5
core   0: 3 0x80000f58 (0x0156eeb3) x29 0x17672000
core   0: 0x80000f5c (0x0122cbb3) xor     s7, t0, s2
core   0: 3 0x80000f5c (0x0122cbb3) x23 0x896d6219
core   0: 0x80000f60 (0xd2a57793) andi    a5, a0, -726
core   0: 3 0x80000f60 (0xd2a57793) x15 0x80015c20
core   0: 0x80000f64 (0x9b623e13) sltiu   t3, tp, -1610
core   0: 3 0x80000f64 (0x9b623e13) x28 0x00000001
core   0: 0x80000f68 (0x803eff93) andi    t6, t4, -2045
core   0: 3 0x80000f68 (0x803eff93) x31 0x17672000
core   0: 0x80000f6c (0x00c40eb3) add     t4, s0, a2
core   0: 3 0x80000f6c (0x00c40eb3) x29 0xe7d5bf30
core   0: 0x80000f70 (0x01892933) slt     s2, s2, s8
core   0: 3 0x80000f70 (0x01892933) x18 0x00000000
core   0: 0x80000f74 (0x0145ae33) slt     t3, a1, s4
core   0: 3 0x80000f74 (0x0145ae33) x28 0x00000001
core   0: 0x80000f78 (0x528dbe97) auipc   t4, 0x528db
core   0: 3 0x80000f78 (0x528dbe97) x29 0xd28dbf78
core   0: 0x80000f7c (0x00a4cbb3) xor     s7, s1, a0
core   0: 3 0x80000f7c (0x00a4cbb3) x23 0x80015d8d
core   0: 0x80000f80 (0x0097ee33) or      t3, a5, s1
core   0: 3 0x80000f80 (0x0097ee33) x28 0x80015d69
core   0: 0x80000f84 (0x0174e333) or      t1, s1, s7
core   0: 3 0x80000f84 (0x0174e333) x 6 0x80015ded
core   0: 0x80000f88 (0x008a9e33) sll     t3, s5, s0
core   0: 3 0x80000f88 (0x008a9e33) x28 0x00000000
core   0: 0x80000f8c (0x63e30d93) addi    s11, t1, 1598
core   0: 3 0x80000f8c (0x63e30d93) x27 0x8001642b
core   0: 0x80000f90 (0x40210e33) sub     t3, sp, sp
core   0: 3 0x80000f90 (0x40210e33) x28 0x00000000
core   0: 0x80000f94 (0x41d40b33) sub     s6, s0, t4
core   0: 3 0x80000f94 (0x41d40b33) x22 0x95480088
core   0: 0x80000f98 (0x419c5d93) srai    s11, s8, 25
core   0: 3 0x80000f98 (0x419c5d93) x27 0xffffffc0
core   0: 0x80000f9c (0xa8140c13) addi    s8, s0, -1407
core   0: 3 0x80000f9c (0xa8140c13) x24 0x67d5ba81
core   0: 0x80000fa0 (0x010f3bb3) sltu    s7, t5, a6
core   0: 3 0x80000fa0 (0x010f3bb3) x23 0x00000000
core   0: 0x80000fa4 (0x46afa593) slti    a1, t6, 1130
core   0: 3 0x80000fa4 (0x46afa593) x11 0x00000000
core   0: 0x80000fa8 (0xacf73f13) sltiu   t5, a4, -1329
core   0: 3 0x80000fa8 (0xacf73f13) x30 0x00000001
core   0: 0x80000fac (0x00547eb3) and     t4, s0, t0
core   0: 3 0x80000fac (0x00547eb3) x29 0x67d5c000
core   0: 0x80000fb0 (0xd7482e13) slti    t3, a6, -652
core   0: 3 0x80000fb0 (0xd7482e13) x28 0x00000000
core   0: 0x80000fb4 (0x2666fd93) andi    s11, a3, 614
core   0: 3 0x80000fb4 (0x2666fd93) x27 0x00000000
core   0: 0x80000fb8 (0xf9e6a113) slti    sp, a3, -98
core   0: 3 0x80000fb8 (0xf9e6a113) x 2 0x00000000
core   0: 0x80000fbc (0x01ade933) or      s2, s11, s10
core   0: 3 0x80000fbc (0x01ade933) x18 0x00000000
core   0: 0x80000fc0 (0x01975ab3) srl     s5, a4, s9
core   0: 3 0x80000fc0 (0x01975ab3) x21 0xfffe0603
core   0: 0x80000fc4 (0x42a63093) sltiu   ra, a2, 1066
core   0: 3 0x80000fc4 (0x42a63093) x 1 0x00000000
core   0: 0x80000fc8 (0x002d9113) slli    sp, s11, 2
core   0: 3 0x80000fc8 (0x002d9113) x 2 0x00000000
core   0: 0x80000fcc (0x3f2822b7) lui     t0, 0x3f282
core   0: 3 0x80000fcc (0x3f2822b7) x 5 0x3f282000
core   0: 0x80000fd0 (0x9c92dbb7) lui     s7, 0x9c92d
core   0: 3 0x80000fd0 (0x9c92dbb7) x23 0x9c92d000
core   0: 0x80000fd4 (0x01dff333) and     t1, t6, t4
core   0: 3 0x80000fd4 (0x01dff333) x 6 0x07450000
core   0: 0x80000fd8 (0x002d1db3) sll     s11, s10, sp
core   0: 3 0x80000fd8 (0x002d1db3) x27 0x00000000
core   0: 0x80000fdc (0x00ec6db3) or      s11, s8, a4
core   0: 3 0x80000fdc (0x00ec6db3) x27 0xffffbe83
core   0: 0x80000fe0 (0xaa24ea13) ori     s4, s1, -1374
core   0: 3 0x80000fe0 (0xaa24ea13) x20 0xfffffbeb
core   0: 0x80000fe4 (0x415ed2b3) sra     t0, t4, s5
core   0: 3 0x80000fe4 (0x415ed2b3) x 5 0x0cfab800
core   0: 0x80000fe8 (0xcdcc3f13) sltiu   t5, s8, -804
core   0: 3 0x80000fe8 (0xcdcc3f13) x30 0x00000001
core   0: 0x80000fec (0xcbcaf613) andi    a2, s5, -836
core   0: 3 0x80000fec (0xcbcaf613) x12 0xfffe0400
core   0: 0x80000ff0 (0x402e8733) sub     a4, t4, sp
core   0: 3 0x80000ff0 (0x402e8733) x14 0x67d5c000
core   0: 0x80000ff4 (0x01468333) add     t1, a3, s4
core   0: 3 0x80000ff4 (0x01468333) x 6 0x17671beb
core   0: 0x80000ff8 (0x001e1f93) slli    t6, t3, 1
core   0: 3 0x80000ff8 (0x001e1f93) x31 0x00000000
core   0: 0x80000ffc (0x00480db3) add     s11, a6, tp
core   0: 3 0x80000ffc (0x00480db3) x27 0x80011e64
core   0: 0x80001000 (0x41485613) srai    a2, a6, 20
core   0: 3 0x80001000 (0x41485613) x12 0x00000000
core   0: 0x80001004 (0x401c5013) srai    zero, s8, 1
core   0: 3 0x80001004 (0x401c5013)
core   0: 0x80001008 (0x574fc313) xori    t1, t6, 1396
core   0: 3 0x80001008 (0x574fc313) x 6 0x00000574
core   0: 0x8000100c (0x008e0333) add     t1, t3, s0
core   0: 3 0x8000100c (0x008e0333) x 6 0x67d5c000
core   0: 0x80001010 (0x018eabb3) slt     s7, t4, s8
core   0: 3 0x80001010 (0x018eabb3) x23 0x00000000
core   0: 0x80001014 (0xb0e86913) ori     s2, a6, -1266
core   0: 3 0x80001014 (0xb0e86913) x18 0xfffffb0e
core   0: 0x80001018 (0x013648b3) xor     a7, a2, s3
core   0: 3 0x80001018 (0x013648b3) x17 0x80000000
core   0: 0x8000101c (0x633d2413) slti    s0, s10, 1587
core   0: 3 0x8000101c (0x633d2413) x 8 0x00000001
core   0: 0x80001020 (0x009b71b3) and     gp, s6, s1
core   0: 3 0x80001020 (0x009b71b3) x 3 0x00000008
core   0: 0x80001024 (0x01ba27b3) slt     a5, s4, s11
core   0: 3 0x80001024 (0x01ba27b3) x15 0x00000000
core   0: 0x80001028 (0x3ff26593) ori     a1, tp, 1023
core   0: 3 0x80001028 (0x3ff26593) x11 0x80011fff
core   0: 0x8000102c (0x7012a793) slti    a5, t0, 1793
core   0: 3 0x8000102c (0x7012a793) x15 0x00000000
core   0: 0x80001030 (0x9dbcf413) andi    s0, s9, -1573
core   0: 3 0x80001030 (0x9dbcf413) x 8 0x00000000
core   0: 0x80001034 (0x01a25913) srli    s2, tp, 26
core   0: 3 0x80001034 (0x01a25913) x18 0x00000020
core   0: 0x80001038 (0x15c53313) sltiu   t1, a0, 348
core   0: 3 0x80001038 (0x15c53313) x 6 0x00000000
core   0: 0x8000103c (0x0037ea33) or      s4, a5, gp
core   0: 3 0x8000103c (0x0037ea33) x20 0x00000008
core   0: 0x80001040 (0x0061e7b3) or      a5, gp, t1
core   0: 3 0x80001040 (0x0061e7b3) x15 0x00000008
core   0: 0x80001044 (0x7e5a0a13) addi    s4, s4, 2021
core   0: 3 0x80001044 (0x7e5a0a13) x20 0x000007ed
core   0: 0x80001048 (0x95223e13) sltiu   t3, tp, -1710
core   0: 3 0x80001048 (0x95223e13) x28 0x00000001
core   0: 0x8000104c (0x009ede33) srl     t3, t4, s1
core   0: 3 0x8000104c (0x009ede33) x28 0x0033eae0
core   0: 0x80001050 (0x017c1913) slli    s2, s8, 23
core   0: 3 0x80001050 (0x017c1913) x18 0x40800000
core   0: 0x80001054 (0x41975633) sra     a2, a4, s9
core   0: 3 0x80001054 (0x41975633) x12 0x67d5c000
core   0: 0x80001058 (0x4192d313) srai    t1, t0, 25
core   0: 3 0x80001058 (0x4192d313) x 6 0x00000006
core   0: 0x8000105c (0xfb63fd13) andi    s10, t2, -74
core   0: 3 0x8000105c (0xfb63fd13) x26 0x00000000
core   0: 0x80001060 (0x07422f13) slti    t5, tp, 116
core   0: 3 0x80001060 (0x07422f13) x30 0x00000001
core   0: 0x80001064 (0x01614ab3) xor     s5, sp, s6
core   0: 3 0x80001064 (0x01614ab3) x21 0x95480088
core   0: 0x80001068 (0x0015a5b3) slt     a1, a1, ra
core   0: 3 0x80001068 (0x0015a5b3) x11 0x00000001
core   0: 0x8000106c (0x40f081b3) sub     gp, ra, a5
core   0: 3 0x8000106c (0x40f081b3) x 3 0xfffffff8
core   0: 0x80001070 (0x1e7ec593) xori    a1, t4, 487
core   0: 3 0x80001070 (0x1e7ec593) x11 0x67d5c1e7
core   0: 0x80001074 (0x006a48b3) xor     a7, s4, t1
core   0: 3 0x80001074 (0x006a48b3) x17 0x000007eb
core   0: 0x80001078 (0x907f2b13) slti    s6, t5, -1785
core   0: 3 0x80001078 (0x907f2b13) x22 0x00000000
core   0: 0x8000107c (0x21436c93) ori     s9, t1, 532
core   0: 3 0x8000107c (0x21436c93) x25 0x00000216
core   0: 0x80001080 (0x9e54a593) slti    a1, s1, -1563
core   0: 3 0x80001080 (0x9e54a593) x11 0x00000000
core   0: 0x80001084 (0x01da8033) add     zero, s5, t4
core   0: 3 0x80001084 (0x01da8033)
core   0: 0x80001088 (0x0117db13) srli    s6, a5, 17
core   0: 3 0x80001088 (0x0117db13) x22 0x00000000
core   0: 0x8000108c (0x9187b393) sltiu   t2, a5, -1768
core   0: 3 0x8000108c (0x9187b393) x 7 0x00000001
core   0: 0x80001090 (0x013881b3) add     gp, a7, s3
core   0: 3 0x80001090 (0x013881b3) x 3 0x800007eb
core   0: 0x80001094 (0x01586cb3) or      s9, a6, s5
core   0: 3 0x80001094 (0x01586cb3) x25 0x95480088
core   0: 0x80001098 (0x59fb4113) xori    sp, s6, 1439
core   0: 3 0x80001098 (0x59fb4113) x 2 0x0000059f
core   0: 0x8000109c (0x18cbf013) andi    zero, s7, 396
core   0: 3 0x8000109c (0x18cbf013)
core   0: 0x800010a0 (0xa062ec13) ori     s8, t0, -1530
core   0: 3 0x800010a0 (0xa062ec13) x24 0xfffffa06
core   0: 0x800010a4 (0x46eeaf93) slti    t6, t4, 1134
core   0: 3 0x800010a4 (0x46eeaf93) x31 0x00000000
core   0: 0x800010a8 (0x019b1e93) slli    t4, s6, 25
core   0: 3 0x800010a8 (0x019b1e93) x29 0x00000000
core   0: 0x800010ac (0x00789eb3) sll     t4, a7, t2
core   0: 3 0x800010ac (0x00789eb3) x29 0x00000fd6
core   0: 0x800010b0 (0xc2e3b297) auipc   t0, 0xc2e3b
core   0: 3 0x800010b0 (0xc2e3b297) x 5 0x42e3c0b0
core   0: 0x800010b4 (0x21882393) slti    t2, a6, 536
core   0: 3 0x800010b4 (0x21882393) x 7 0x00000001
core   0: 0x800010b8 (0x279c0113) addi    sp, s8, 633
core   0: 3 0x800010b8 (0x279c0113) x 2 0xfffffc7f
core   0: 0x800010bc (0x8b666293) ori     t0, a2, -1866
core   0: 3 0x800010bc (0x8b666293) x 5 0xfffff8b6
core   0: 0x800010c0 (0x0bb12a93) slti    s5, sp, 187
core   0: 3 0x800010c0 (0x0bb12a93) x21 0x00000001
core   0: 0x800010c4 (0x41ce8433) sub     s0, t4, t3
core   0: 3 0x800010c4 (0x41ce8433) x 8 0xffcc24f6
core   0: 0x800010c8 (0x403e0333) sub     t1, t3, gp
core   0: 3 0x800010c8 (0x403e0333) x 6 0x8033e2f5
core   0: 0x800010cc (0x00a3b733) sltu    a4, t2, a0
core   0: 3 0x800010cc (0x00a3b733) x14 0x00000001
core   0: 0x800010d0 (0x4fd0e793) ori     a5, ra, 1277
core   0: 3 0x800010d0 (0x4fd0e793) x15 0x000004fd
core   0: 0x800010d4 (0x0094b3b3) sltu    t2, s1, s1
core   0: 3 0x800010d4 (0x0094b3b3) x 7 0x00000000
core   0: 0x800010d8 (0x40fad013) srai    zero, s5, 15
core   0: 3 0x800010d8 (0x40fad013)
core   0: 0x800010dc (0xc03b7613) andi    a2, s6, -1021
core   0: 3 0x800010dc (0xc03b7613) x12 0x00000000
core   0: 0x800010e0 (0x012c5933) srl     s2, s8, s2
core   0: 3 0x800010e0 (0x012c5933) x18 0xfffffa06
core   0: 0x800010e4 (0xbc1bc637) lui     a2, 0xbc1bc
core   0: 3 0x800010e4 (0xbc1bc637) x12 0xbc1bc000
core   0: 0x800010e8 (0x01cf9033) sll     zero, t6, t3
core   0: 3 0x800010e8 (0x01cf9033)
core   0: 0x800010ec (0x413c5933) sra     s2, s8, s3
core   0: 3 0x800010ec (0x413c5933) x18 0xfffffa06
core   0: 0x800010f0 (0x41dc8e33) sub     t3, s9, t4
core   0: 3 0x800010f0 (0x41dc8e33) x28 0x9547f0b2
core   0: 0x800010f4 (0x011b9c93) slli    s9, s7, 17
core   0: 3 0x800010f4 (0x011b9c93) x25 0x00000000
core   0: 0x800010f8 (0x00000013) nop
core   0: 3 0x800010f8 (0x00000013)
core   0: 0x800010fc (0xca73ae13) slti    t3, t2, -857
core   0: 3 0x800010fc (0xca73ae13) x28 0x00000000
core   0: 0x80001100 (0x018e6eb3) or      t4, t3, s8
core   0: 3 0x80001100 (0x018e6eb3) x29 0xfffffa06
core   0: 0x80001104 (0x40ff5f33) sra     t5, t5, a5
core   0: 3 0x80001104 (0x40ff5f33) x30 0x00000000
core   0: 0x80001108 (0x012d4933) xor     s2, s10, s2
core   0: 3 0x80001108 (0x012d4933) x18 0xfffffa06
core   0: 0x8000110c (0x60624717) auipc   a4, 0x60624
core   0: 3 0x8000110c (0x60624717) x14 0xe062510c
core   0: 0x80001110 (0x380b56b7) lui     a3, 0x380b5
core   0: 3 0x80001110 (0x380b56b7) x13 0x380b5000
core   0: 0x80001114 (0x01d09b33) sll     s6, ra, t4
core   0: 3 0x80001114 (0x01d09b33) x22 0x00000000
core   0: 0x80001118 (0x012e4cb3) xor     s9, t3, s2
core   0: 3 0x80001118 (0x012e4cb3) x25 0xfffffa06
core   0: 0x8000111c (0x00000013) nop
core   0: 3 0x8000111c (0x00000013)
core   0: 0x80001120 (0x01530633) add     a2, t1, s5
core   0: 3 0x80001120 (0x01530633) x12 0x8033e2f6
core   0: 0x80001124 (0x41b75733) sra     a4, a4, s11
core   0: 3 0x80001124 (0x41b75733) x14 0xfe062510
core   0: 0x80001128 (0x012f9d13) slli    s10, t6, 18
core   0: 3 0x80001128 (0x012f9d13) x26 0x00000000
core   0: 0x8000112c (0x0082d033) srl     zero, t0, s0
core   0: 3 0x8000112c (0x0082d033)
core   0: 0x80001130 (0x41be0e33) sub     t3, t3, s11
core   0: 3 0x80001130 (0x41be0e33) x28 0x7ffee19c
core   0: 0x80001134 (0x0017cbb3) xor     s7, a5, ra
core   0: 3 0x80001134 (0x0017cbb3) x23 0x000004fd
core   0: 0x80001138 (0x129b6c93) ori     s9, s6, 297
core   0: 3 0x80001138 (0x129b6c93) x25 0x00000129
core   0: 0x8000113c (0x00c148b3) xor     a7, sp, a2
core   0: 3 0x8000113c (0x00c148b3) x17 0x7fcc1e89
core   0: 0x80001140 (0x015e6a93) ori     s5, t3, 21
core   0: 3 0x80001140 (0x015e6a93) x21 0x7ffee19d
core   0: 0x80001144 (0x5b146913) ori     s2, s0, 1457
core   0: 3 0x80001144 (0x5b146913) x18 0xffcc25f7
core   0: 0x80001148 (0x0e277793) andi    a5, a4, 226
core   0: 3 0x80001148 (0x0e277793) x15 0x00000000
core   0: 0x8000114c (0xea766593) ori     a1, a2, -345
core   0: 3 0x8000114c (0xea766593) x11 0xfffffef7
core   0: 0x80001150 (0x01743e33) sltu    t3, s0, s7
core   0: 3 0x80001150 (0x01743e33) x28 0x00000000
core   0: 0x80001154 (0x0078e933) or      s2, a7, t2
core   0: 3 0x80001154 (0x0078e933) x18 0x7fcc1e89
core   0: 0x80001158 (0x0173df93) srli    t6, t2, 23
core   0: 3 0x80001158 (0x0173df93) x31 0x00000000
core   0: 0x8000115c (0x54cb8893) addi    a7, s7, 1356
core   0: 3 0x8000115c (0x54cb8893) x17 0x00000a49
core   0: 0x80001160 (0xeccc8313) addi    t1, s9, -308
core   0: 3 0x80001160 (0xeccc8313) x 6 0xfffffff5
core   0: 0x80001164 (0x015c2f33) slt     t5, s8, s5
core   0: 3 0x80001164 (0x015c2f33) x30 0x00000001
core   0: 0x80001168 (0x41e38d33) sub     s10, t2, t5
core   0: 3 0x80001168 (0x41e38d33) x26 0xffffffff
core   0: 0x8000116c (0x00649793) slli    a5, s1, 6
core   0: 3 0x8000116c (0x00649793) x15 0x00005a40
core   0: 0x80001170 (0x41f807b3) sub     a5, a6, t6
core   0: 3 0x80001170 (0x41f807b3) x15 0x00000000
core   0: 0x80001174 (0xd7b8b793) sltiu   a5, a7, -645
core   0: 3 0x80001174 (0xd7b8b793) x15 0x00000001
core   0: 0x80001178 (0x00000013) nop
core   0: 3 0x80001178 (0x00000013)
core   0: 0x8000117c (0x3cfe2413) slti    s0, t3, 975
core   0: 3 0x8000117c (0x3cfe2413) x 8 0x00000001
core   0: 0x80001180 (0x007f1113) slli    sp, t5, 7
core   0: 3 0x80001180 (0x007f1113) x 2 0x00000080
core   0: 0x80001184 (0x01e801b3) add     gp, a6, t5
core   0: 3 0x80001184 (0x01e801b3) x 3 0x00000001
core   0: 0x80001188 (0x00000013) nop
core   0: 3 0x80001188 (0x00000013)
core   0: 0x8000118c (0x436b6493) ori     s1, s6, 1078
core   0: 3 0x8000118c (0x436b6493) x 9 0x00000436
core   0: 0x80001190 (0x00aa8b33) add     s6, s5, a0
core   0: 3 0x80001190 (0x00aa8b33) x22 0x00003e81
core   0: 0x80001194 (0x012f0eb3) add     t4, t5, s2
core   0: 3 0x80001194 (0x012f0eb3) x29 0x7fcc1e8a
core   0: 0x80001198 (0x00419033) sll     zero, gp, tp
core   0: 3 0x80001198 (0x00419033)
core   0: 0x8000119c (0x01907e33) and     t3, zero, s9
core   0: 3 0x8000119c (0x01907e33) x28 0x00000000
core   0: 0x800011a0 (0x00341613) slli    a2, s0, 3
core   0: 3 0x800011a0 (0x00341613) x12 0x00000008
core   0: 0x800011a4 (0x0653e693) ori     a3, t2, 101
core   0: 3 0x800011a4 (0x0653e693) x13 0x00000065
core   0: 0x800011a8 (0xab423013) sltiu   zero, tp, -1356
core   0: 3 0x800011a8 (0xab423013)
core   0: 0x800011ac (0xa7053897) auipc   a7, 0xa7053
core   0: 3 0x800011ac (0xa7053897) x17 0x270541ac
core   0: 0x800011b0 (0x1327cb93) xori    s7, a5, 306
core   0: 3 0x800011b0 (0x1327cb93) x23 0x00000133
core   0: 0x800011b4 (0x004758b3) srl     a7, a4, tp
core   0: 3 0x800011b4 (0x004758b3) x17 0x0fe06251
core   0: 0x800011b8 (0x2e81c193) xori    gp, gp, 744
core   0: 3 0x800011b8 (0x2e81c193) x 3 0x000002e9
core   0: 0x800011bc (0x7404e613) ori     a2, s1, 1856
core   0: 3 0x800011bc (0x7404e613) x12 0x00000776
core   0: 0x800011c0 (0x0107e8b3) or      a7, a5, a6
core   0: 3 0x800011c0 (0x0107e8b3) x17 0x00000001
core   0: 0x800011c4 (0x00f48933) add     s2, s1, a5
core   0: 3 0x800011c4 (0x00f48933) x18 0x00000437
core   0: 0x800011c8 (0x00211693) slli    a3, sp, 2
core   0: 3 0x800011c8 (0x00211693) x13 0x00000200
core   0: 0x800011cc (0x404d0433) sub     s0, s10, tp
core   0: 3 0x800011cc (0x404d0433) x 8 0x7ffee19b
core   0: 0x800011d0 (0x7e8d8f13) addi    t5, s11, 2024
core   0: 3 0x800011d0 (0x7e8d8f13) x30 0x8001264c
core   0: 0x800011d4 (0xaa69f893) andi    a7, s3, -1370
core   0: 3 0x800011d4 (0xaa69f893) x17 0x80000000
core   0: 0x800011d8 (0x849cb613) sltiu   a2, s9, -1975
core   0: 3 0x800011d8 (0x849cb613) x12 0x00000001
core   0: 0x800011dc (0x417f5eb3) sra     t4, t5, s7
core   0: 3 0x800011dc (0x417f5eb3) x29 0xfffff000
core   0: 0x800011e0 (0x011febb3) or      s7, t6, a7
core   0: 3 0x800011e0 (0x011febb3) x23 0x80000000
core   0: 0x800011e4 (0x00279db3) sll     s11, a5, sp
core   0: 3 0x800011e4 (0x00279db3) x27 0x00000001
core   0: 0x800011e8 (0x00ae5813) srli    a6, t3, 10
core   0: 3 0x800011e8 (0x00ae5813) x16 0x00000000
core   0: 0x800011ec (0xde352d13) slti    s10, a0, -541
core   0: 3 0x800011ec (0xde352d13) x26 0x00000001
core   0: 0x800011f0 (0x0181fab3) and     s5, gp, s8
core   0: 3 0x800011f0 (0x0181fab3) x21 0x00000200
core   0: 0x800011f4 (0xf34c4113) xori    sp, s8, -204
core   0: 3 0x800011f4 (0xf34c4113) x 2 0x00000532
core   0: 0x800011f8 (0x015cf433) and     s0, s9, s5
core   0: 3 0x800011f8 (0x015cf433) x 8 0x00000000
core   0: 0x800011fc (0x702a8a93) addi    s5, s5, 1794
core   0: 3 0x800011fc (0x702a8a93) x21 0x00000902
core   0: 0x80001200 (0x00019d33) sll     s10, gp, zero
core   0: 3 0x80001200 (0x00019d33) x26 0x000002e9
core   0: 0x80001204 (0x00631a93) slli    s5, t1, 6
core   0: 3 0x80001204 (0x00631a93) x21 0xfffffd40
core   0: 0x80001208 (0x8edd3b17) auipc   s6, 0x8edd3
core   0: 3 0x80001208 (0x8edd3b17) x22 0x0edd4208
core   0: 0x8000120c (0x415bde93) srai    t4, s7, 21
core   0: 3 0x8000120c (0x415bde93) x29 0xfffffc00
core   0: 0x80001210 (0x403ed813) srai    a6, t4, 3
core   0: 3 0x80001210 (0x403ed813) x16 0xffffff80
core   0: 0x80001214 (0x000461b3) or      gp, s0, zero
core   0: 3 0x80001214 (0x000461b3) x 3 0x00000000
core   0: 0x80001218 (0x0ad49597) auipc   a1, 0xad49
core   0: 3 0x80001218 (0x0ad49597) x11 0x8ad4a218
core   0: 0x8000121c (0x643fdb17) auipc   s6, 0x643fd
core   0: 3 0x8000121c (0x643fdb17) x22 0xe43fe21c
core   0: 0x80001220 (0x00f934b3) sltu    s1, s2, a5
core   0: 3 0x80001220 (0x00f934b3) x 9 0x00000000
core   0: 0x80001224 (0x00fb5c93) srli    s9, s6, 15
core   0: 3 0x80001224 (0x00fb5c93) x25 0x0001c87f
core   0: 0x80001228 (0x93cd5437) lui     s0, 0x93cd5
core   0: 3 0x80001228 (0x93cd5437) x 8 0x93cd5000
core   0: 0x8000122c (0x64e87393) andi    t2, a6, 1614
core   0: 3 0x8000122c (0x64e87393) x 7 0x00000600
core   0: 0x80001230 (0x009f5433) srl     s0, t5, s1
core   0: 3 0x80001230 (0x009f5433) x 8 0x8001264c
core   0: 0x80001234 (0x01443933) sltu    s2, s0, s4
core   0: 3 0x80001234 (0x01443933) x18 0x00000000
core   0: 0x80001238 (0x7f4d3e93) sltiu   t4, s10, 2036
core   0: 3 0x80001238 (0x7f4d3e93) x29 0x00000001
core   0: 0x8000123c (0xb6be3f93) sltiu   t6, t3, -1173
core   0: 3 0x8000123c (0xb6be3f93) x31 0x00000001
core   0: 0x80001240 (0x01059c93) slli    s9, a1, 16
core   0: 3 0x80001240 (0x01059c93) x25 0xa2180000
core   0: 0x80001244 (0x0126a1b3) slt     gp, a3, s2
core   0: 3 0x80001244 (0x0126a1b3) x 3 0x00000000
core   0: 0x80001248 (0x40fc50b3) sra     ra, s8, a5
core   0: 3 0x80001248 (0x40fc50b3) x 1 0xfffffd03
core   0: 0x8000124c (0x284063b7) lui     t2, 0x28406
core   0: 3 0x8000124c (0x284063b7) x 7 0x28406000
core   0: 0x80001250 (0x007ef6b3) and     a3, t4, t2
core   0: 3 0x80001250 (0x007ef6b3) x13 0x00000000
core   0: 0x80001254 (0x010786b3) add     a3, a5, a6
core   0: 3 0x80001254 (0x010786b3) x13 0xffffff81
core   0: 0x80001258 (0x0132ca33) xor     s4, t0, s3
core   0: 3 0x80001258 (0x0132ca33) x20 0x7ffff8b6
core   0: 0x8000125c (0x01ce91b3) sll     gp, t4, t3
core   0: 3 0x8000125c (0x01ce91b3) x 3 0x00000001
core   0: 0x80001260 (0x2b5ec193) xori    gp, t4, 693
core   0: 3 0x80001260 (0x2b5ec193) x 3 0x000002b4
core   0: 0x80001264 (0x001f9333) sll     t1, t6, ra
core   0: 3 0x80001264 (0x001f9333) x 6 0x00000008
core   0: 0x80001268 (0x2189c293) xori    t0, s3, 536
core   0: 3 0x80001268 (0x2189c293) x 5 0x80000218
core   0: 0x8000126c (0x98f3cc13) xori    s8, t2, -1649
core   0: 3 0x8000126c (0x98f3cc13) x24 0xd7bf998f
core   0: 0x80001270 (0x8fd12b13) slti    s6, sp, -1795
core   0: 3 0x80001270 (0x8fd12b13) x22 0x00000000
core   0: 0x80001274 (0x72bb8d13) addi    s10, s7, 1835
core   0: 3 0x80001274 (0x72bb8d13) x26 0x8000072b
core   0: 0x80001278 (0x01215d33) srl     s10, sp, s2
core   0: 3 0x80001278 (0x01215d33) x26 0x00000532
core   0: 0x8000127c (0xf51c8a13) addi    s4, s9, -175
core   0: 3 0x8000127c (0xf51c8a13) x20 0xa217ff51
core   0: 0x80001280 (0xa28dab13) slti    s6, s11, -1496
core   0: 3 0x80001280 (0xa28dab13) x22 0x00000000
core   0: 0x80001284 (0x41a1d633) sra     a2, gp, s10
core   0: 3 0x80001284 (0x41a1d633) x12 0x00000000
core   0: 0x80001288 (0x01b0dd13) srli    s10, ra, 27
core   0: 3 0x80001288 (0x01b0dd13) x26 0x0000001f
core   0: 0x8000128c (0xf327fd97) auipc   s11, 0xf327f
core   0: 3 0x8000128c (0xf327fd97) x27 0x7328028c
core   0: 0x80001290 (0x1a6e3437) lui     s0, 0x1a6e3
core   0: 3 0x80001290 (0x1a6e3437) x 8 0x1a6e3000
core   0: 0x80001294 (0x0100f933) and     s2, ra, a6
core   0: 3 0x80001294 (0x0100f933) x18 0xfffffd00
core   0: 0x80001298 (0x96b56313) ori     t1, a0, -1685
core   0: 3 0x80001298 (0x96b56313) x 6 0xfffffdef
core   0: 0x8000129c (0xb06b6113) ori     sp, s6, -1274
core   0: 3 0x8000129c (0xb06b6113) x 2 0xfffffb06
core   0: 0x800012a0 (0x94b97093) andi    ra, s2, -1717
core   0: 3 0x800012a0 (0x94b97093) x 1 0xfffff900
core   0: 0x800012a4 (0x00000013) nop
core   0: 3 0x800012a4 (0x00000013)
core   0: 0x800012a8 (0x015a0d33) add     s10, s4, s5
core   0: 3 0x800012a8 (0x015a0d33) x26 0xa217fc91
core   0: 0x800012ac (0x63cbff37) lui     t5, 0x63cbf
core   0: 3 0x800012ac (0x63cbff37) x30 0x63cbf000
core   0: 0x800012b0 (0x009c1c93) slli    s9, s8, 9
core   0: 3 0x800012b0 (0x009c1c93) x25 0x7f331e00
core   0: 0x800012b4 (0x6aa74f13) xori    t5, a4, 1706
core   0: 3 0x800012b4 (0x6aa74f13) x30 0xfe0623ba
core   0: 0x800012b8 (0x00eb2fb3) slt     t6, s6, a4
core   0: 3 0x800012b8 (0x00eb2fb3) x31 0x00000000
core   0: 0x800012bc (0x0103d6b3) srl     a3, t2, a6
core   0: 3 0x800012bc (0x0103d6b3) x13 0x28406000
core   0: 0x800012c0 (0x79c7c093) xori    ra, a5, 1948
core   0: 3 0x800012c0 (0x79c7c093) x 1 0x0000079d
core   0: 0x800012c4 (0x001b1a33) sll     s4, s6, ra
core   0: 3 0x800012c4 (0x001b1a33) x20 0x00000000
core   0: 0x800012c8 (0xba053013) sltiu   zero, a0, -1120
core   0: 3 0x800012c8 (0xba053013)
core   0: 0x800012cc (0x00a0dd93) srli    s11, ra, 10
core   0: 3 0x800012cc (0x00a0dd93) x27 0x00000001
core   0: 0x800012d0 (0x899ce293) ori     t0, s9, -1895
core   0: 3 0x800012d0 (0x899ce293) x 5 0xfffffe99
core   0: 0x800012d4 (0x41a0d593) srai    a1, ra, 26
core   0: 3 0x800012d4 (0x41a0d593) x11 0x00000000
core   0: 0x800012d8 (0x173fa493) slti    s1, t6, 371
core   0: 3 0x800012d8 (0x173fa493) x 9 0x00000001
core   0: 0x800012dc (0x9085fc13) andi    s8, a1, -1784
core   0: 3 0x800012dc (0x9085fc13) x24 0x00000000
core   0: 0x800012e0 (0x00afa0b3) slt     ra, t6, a0
core   0: 3 0x800012e0 (0x00afa0b3) x 1 0x00000000
core   0: 0x800012e4 (0x00465193) srli    gp, a2, 4
core   0: 3 0x800012e4 (0x00465193) x 3 0x00000000
core   0: 0x800012e8 (0x00709333) sll     t1, ra, t2
core   0: 3 0x800012e8 (0x00709333) x 6 0x00000000
core   0: 0x800012ec (0xab2b3f93) sltiu   t6, s6, -1358
core   0: 3 0x800012ec (0xab2b3f93) x31 0x00000001
core   0: 0x800012f0 (0x00d61813) slli    a6, a2, 13
core   0: 3 0x800012f0 (0x00d61813) x16 0x00000000
core   0: 0x800012f4 (0x003a4733) xor     a4, s4, gp
core   0: 3 0x800012f4 (0x003a4733) x14 0x00000000
core   0: 0x800012f8 (0x00535593) srli    a1, t1, 5
core   0: 3 0x800012f8 (0x00535593) x11 0x00000000
core   0: 0x800012fc (0xaa093813) sltiu   a6, s2, -1376
core   0: 3 0x800012fc (0xaa093813) x16 0x00000000
core   0: 0x80001300 (0x009e1fb3) sll     t6, t3, s1
core   0: 3 0x80001300 (0x009e1fb3) x31 0x00000000
core   0: 0x80001304 (0x03f0fd13) andi    s10, ra, 63
core   0: 3 0x80001304 (0x03f0fd13) x26 0x00000000
core   0: 0x80001308 (0x41a60cb3) sub     s9, a2, s10
core   0: 3 0x80001308 (0x41a60cb3) x25 0x00000000
core   0: 0x8000130c (0xb6948893) addi    a7, s1, -1175
core   0: 3 0x8000130c (0xb6948893) x17 0xfffffb6a
core   0: 0x80001310 (0x00000013) nop
core   0: 3 0x80001310 (0x00000013)
core   0: 0x80001314 (0x18aaf613) andi    a2, s5, 394
core   0: 3 0x80001314 (0x18aaf613) x12 0x00000100
core   0: 0x80001318 (0x26797d13) andi    s10, s2, 615
core   0: 3 0x80001318 (0x26797d13) x26 0x00000000
core   0: 0x8000131c (0x017b6033) or      zero, s6, s7
core   0: 3 0x8000131c (0x017b6033)
core   0: 0x80001320 (0x2ce7e317) auipc   t1, 0x2ce7e
core   0: 3 0x80001320 (0x2ce7e317) x 6 0xace7f320
core   0: 0x80001324 (0x29927013) andi    zero, tp, 665
core   0: 3 0x80001324 (0x29927013)
core   0: 0x80001328 (0xbbff2e13) slti    t3, t5, -1089
core   0: 3 0x80001328 (0xbbff2e13) x28 0x00000001
core   0: 0x8000132c (0x0049d693) srli    a3, s3, 4
core   0: 3 0x8000132c (0x0049d693) x13 0x08000000
core   0: 0x80001330 (0x172ffd13) andi    s10, t6, 370
core   0: 3 0x80001330 (0x172ffd13) x26 0x00000000
core   0: 0x80001334 (0x00000013) nop
core   0: 3 0x80001334 (0x00000013)
core   0: 0x80001338 (0xe2126713) ori     a4, tp, -479
core   0: 3 0x80001338 (0xe2126713) x14 0xfffffe65
core   0: 0x8000133c (0x40440e33) sub     t3, s0, tp
core   0: 3 0x8000133c (0x40440e33) x28 0x9a6d119c
core   0: 0x80001340 (0x01fd2a33) slt     s4, s10, t6
core   0: 3 0x80001340 (0x01fd2a33) x20 0x00000000
core   0: 0x80001344 (0xdb7b4693) xori    a3, s6, -585
core   0: 3 0x80001344 (0xdb7b4693) x13 0xfffffdb7
core   0: 0x80001348 (0x00b58ab3) add     s5, a1, a1
core   0: 3 0x80001348 (0x00b58ab3) x21 0x00000000
core   0: 0x8000134c (0xd55bf337) lui     t1, 0xd55bf
core   0: 3 0x8000134c (0xd55bf337) x 6 0xd55bf000
core   0: 0x80001350 (0x0193abb3) slt     s7, t2, s9
core   0: 3 0x80001350 (0x0193abb3) x23 0x00000000
core   0: 0x80001354 (0x01810733) add     a4, sp, s8
core   0: 3 0x80001354 (0x01810733) x14 0xfffffb06
core   0: 0x80001358 (0x00c1ebb3) or      s7, gp, a2
core   0: 3 0x80001358 (0x00c1ebb3) x23 0x00000100
core   0: 0x8000135c (0x01f832b3) sltu    t0, a6, t6
core   0: 3 0x8000135c (0x01f832b3) x 5 0x00000000
core   0: 0x80001360 (0x48f36693) ori     a3, t1, 1167
core   0: 3 0x80001360 (0x48f36693) x13 0xd55bf48f
core   0: 0x80001364 (0x20dee293) ori     t0, t4, 525
core   0: 3 0x80001364 (0x20dee293) x 5 0x0000020d
core   0: 0x80001368 (0x97703f37) lui     t5, 0x97703
core   0: 3 0x80001368 (0x97703f37) x30 0x97703000
core   0: 0x8000136c (0xc3cd8a93) addi    s5, s11, -964
core   0: 3 0x8000136c (0xc3cd8a93) x21 0xfffffc3d
core   0: 0x80001370 (0x009ef433) and     s0, t4, s1
core   0: 3 0x80001370 (0x009ef433) x 8 0x00000001
core   0: 0x80001374 (0xee512013) slti    zero, sp, -283
core   0: 3 0x80001374 (0xee512013)
core   0: 0x80001378 (0x00000013) nop
core   0: 3 0x80001378 (0x00000013)
core   0: 0x8000137c (0x01cf9193) slli    gp, t6, 28
core   0: 3 0x8000137c (0x01cf9193) x 3 0x00000000
core   0: 0x80001380 (0xf59c8013) addi    zero, s9, -167
core   0: 3 0x80001380 (0xf59c8013)
core   0: 0x80001384 (0x00cc5093) srli    ra, s8, 12
core   0: 3 0x80001384 (0x00cc5093) x 1 0x00000000
core   0: 0x80001388 (0x01a154b3) srl     s1, sp, s10
core   0: 3 0x80001388 (0x01a154b3) x 9 0xfffffb06
core   0: 0x8000138c (0x00000013) nop
core   0: 3 0x8000138c (0x00000013)
core   0: 0x80001390 (0x012861b3) or      gp, a6, s2
core   0: 3 0x80001390 (0x012861b3) x 3 0xfffffd00
core   0: 0x80001394 (0x01103833) snez    a6, a7
core   0: 3 0x80001394 (0x01103833) x16 0x00000001
core   0: 0x80001398 (0xc039ac37) lui     s8, 0xc039a
core   0: 3 0x80001398 (0xc039ac37) x24 0xc039a000
core   0: 0x8000139c (0x00000013) nop
core   0: 3 0x8000139c (0x00000013)
core   0: 0x800013a0 (0x00802e33) slt     t3, zero, s0
core   0: 3 0x800013a0 (0x00802e33) x28 0x00000001
core   0: 0x800013a4 (0xd2502913) slti    s2, zero, -731
core   0: 3 0x800013a4 (0xd2502913) x18 0x00000000
core   0: 0x800013a8 (0x010a86b3) add     a3, s5, a6
core   0: 3 0x800013a8 (0x010a86b3) x13 0xfffffc3e
core   0: 0x800013ac (0x01dc6db3) or      s11, s8, t4
core   0: 3 0x800013ac (0x01dc6db3) x27 0xc039a001
core   0: 0x800013b0 (0x4222bb93) sltiu   s7, t0, 1058
core   0: 3 0x800013b0 (0x4222bb93) x23 0x00000001
core   0: 0x800013b4 (0x004201b3) add     gp, tp, tp
core   0: 3 0x800013b4 (0x004201b3) x 3 0x00023cc8
core   0: 0x800013b8 (0x00484933) xor     s2, a6, tp
core   0: 3 0x800013b8 (0x00484933) x18 0x80011e65
core   0: 0x800013bc (0x10156f93) ori     t6, a0, 257
core   0: 3 0x800013bc (0x10156f93) x31 0x80015de5
core   0: 0x800013c0 (0x00926ab3) or      s5, tp, s1
core   0: 3 0x800013c0 (0x00926ab3) x21 0xffffff66
core   0: 0x800013c4 (0x01ece833) or      a6, s9, t5
core   0: 3 0x800013c4 (0x01ece833) x16 0x97703000
core   0: 0x800013c8 (0x01c45eb3) srl     t4, s0, t3
core   0: 3 0x800013c8 (0x01c45eb3) x29 0x00000000
core   0: 0x800013cc (0xd7e2f713) andi    a4, t0, -642
core   0: 3 0x800013cc (0xd7e2f713) x14 0x0000000c
core   0: 0x800013d0 (0x00fc56b3) srl     a3, s8, a5
core   0: 3 0x800013d0 (0x00fc56b3) x13 0x601cd000
core   0: 0x800013d4 (0xbb218d13) addi    s10, gp, -1102
core   0: 3 0x800013d4 (0xbb218d13) x26 0x0002387a
core   0: 0x800013d8 (0x018bd913) srli    s2, s7, 24
core   0: 3 0x800013d8 (0x018bd913) x18 0x00000000
core   0: 0x800013dc (0x84913d93) sltiu   s11, sp, -1975
core   0: 3 0x800013dc (0x84913d93) x27 0x00000000
core   0: 0x800013e0 (0x39441437) lui     s0, 0x39441
core   0: 3 0x800013e0 (0x39441437) x 8 0x39441000
core   0: 0x800013e4 (0x7f5190b7) lui     ra, 0x7f519
core   0: 3 0x800013e4 (0x7f5190b7) x 1 0x7f519000
core   0: 0x800013e8 (0x01edb8b3) sltu    a7, s11, t5
core   0: 3 0x800013e8 (0x01edb8b3) x17 0x00000001
core   0: 0x800013ec (0x400207b3) sub     a5, tp, zero
core   0: 3 0x800013ec (0x400207b3) x15 0x80011e64
core   0: 0x800013f0 (0x5d21e893) ori     a7, gp, 1490
core   0: 3 0x800013f0 (0x5d21e893) x17 0x00023dda
core   0: 0x800013f4 (0x01661f93) slli    t6, a2, 22
core   0: 3 0x800013f4 (0x01661f93) x31 0x40000000
core   0: 0x800013f8 (0x4023d333) sra     t1, t2, sp
core   0: 3 0x800013f8 (0x4023d333) x 6 0x00a10180
core   0: 0x800013fc (0x00631013) slli    zero, t1, 6
core   0: 3 0x800013fc (0x00631013)
core   0: 0x80001400 (0x0a39eb37) lui     s6, 0xa39e
core   0: 3 0x80001400 (0x0a39eb37) x22 0x0a39e000
core   0: 0x80001404 (0x32d78c93) addi    s9, a5, 813
core   0: 3 0x80001404 (0x32d78c93) x25 0x80012191
core   0: 0x80001408 (0x608fa813) slti    a6, t6, 1544
core   0: 3 0x80001408 (0x608fa813) x16 0x00000000
core   0: 0x8000140c (0x00000013) nop
core   0: 3 0x8000140c (0x00000013)
core   0: 0x80001410 (0x5a70cc13) xori    s8, ra, 1447
core   0: 3 0x80001410 (0x5a70cc13) x24 0x7f5195a7
core   0: 0x80001414 (0x1e7e2b13) slti    s6, t3, 487
core   0: 3 0x80001414 (0x1e7e2b13) x22 0x00000001
core   0: 0x80001418 (0x00000013) nop
core   0: 3 0x80001418 (0x00000013)
core   0: 0x8000141c (0x002bd333) srl     t1, s7, sp
core   0: 3 0x8000141c (0x002bd333) x 6 0x00000000
core   0: 0x80001420 (0x00e1d033) srl     zero, gp, a4
core   0: 3 0x80001420 (0x00e1d033)
core   0: 0x80001424 (0x003297b3) sll     a5, t0, gp
core   0: 3 0x80001424 (0x003297b3) x15 0x00020d00
core   0: 0x80001428 (0xf90f7e13) andi    t3, t5, -112
core   0: 3 0x80001428 (0xf90f7e13) x28 0x97703000
core   0: 0x8000142c (0x017122b3) slt     t0, sp, s7
core   0: 3 0x8000142c (0x017122b3) x 5 0x00000001
core   0: 0x80001430 (0x00608433) add     s0, ra, t1
core   0: 3 0x80001430 (0x00608433) x 8 0x7f519000
core   0: 0x80001434 (0x75e9a693) slti    a3, s3, 1886
core   0: 3 0x80001434 (0x75e9a693) x13 0x00000001
core   0: 0x80001438 (0x418787b3) sub     a5, a5, s8
core   0: 3 0x80001438 (0x418787b3) x15 0x80b07759
core   0: 0x8000143c (0x01a3cc33) xor     s8, t2, s10
core   0: 3 0x8000143c (0x01a3cc33) x24 0x2842587a
core   0: 0x80001440 (0x413c5b93) srai    s7, s8, 19
core   0: 3 0x80001440 (0x413c5b93) x23 0x00000508
core   0: 0x80001444 (0x0df56693) ori     a3, a0, 223
core   0: 3 0x80001444 (0x0df56693) x13 0x80015cff
core   0: 0x80001448 (0x01636093) ori     ra, t1, 22
core   0: 3 0x80001448 (0x01636093) x 1 0x00000016
core   0: 0x8000144c (0xf0978693) addi    a3, a5, -247
core   0: 3 0x8000144c (0xf0978693) x13 0x80b07662
core   0: 0x80001450 (0x8658c413) xori    s0, a7, -1947
core   0: 3 0x80001450 (0x8658c413) x 8 0xfffdc5bf
core   0: 0x80001454 (0x9b7c6a13) ori     s4, s8, -1609
core   0: 3 0x80001454 (0x9b7c6a13) x20 0xfffff9ff
core   0: 0x80001458 (0xde43f313) andi    t1, t2, -540
core   0: 3 0x80001458 (0xde43f313) x 6 0x28406000
core   0: 0x8000145c (0x013b42b3) xor     t0, s6, s3
core   0: 3 0x8000145c (0x013b42b3) x 5 0x80000001
core   0: 0x80001460 (0x1d133417) auipc   s0, 0x1d133
core   0: 3 0x80001460 (0x1d133417) x 8 0x9d134460
core   0: 0x80001464 (0x2c925437) lui     s0, 0x2c925
core   0: 3 0x80001464 (0x2c925437) x 8 0x2c925000
core   0: 0x80001468 (0x00d585b3) add     a1, a1, a3
core   0: 3 0x80001468 (0x00d585b3) x11 0x80b07662
core   0: 0x8000146c (0x00000013) nop
core   0: 3 0x8000146c (0x00000013)
core   0: 0x80001470 (0x00ac1413) slli    s0, s8, 10
core   0: 3 0x80001470 (0x00ac1413) x 8 0x0961e800
core   0: 0x80001474 (0x74a74793) xori    a5, a4, 1866
core   0: 3 0x80001474 (0x74a74793) x15 0x00000746
core   0: 0x80001478 (0x0131f133) and     sp, gp, s3
core   0: 3 0x80001478 (0x0131f133) x 2 0x00000000
core   0: 0x8000147c (0x40125733) sra     a4, tp, ra
core   0: 3 0x8000147c (0x40125733) x14 0xfffffe00
core   0: 0x80001480 (0x01ac4eb3) xor     t4, s8, s10
core   0: 3 0x80001480 (0x01ac4eb3) x29 0x28406000
core   0: 0x80001484 (0x1315b393) sltiu   t2, a1, 305
core   0: 3 0x80001484 (0x1315b393) x 7 0x00000000
core   0: 0x80001488 (0x010f3933) sltu    s2, t5, a6
core   0: 3 0x80001488 (0x010f3933) x18 0x00000000
core   0: 0x8000148c (0x000a0c33) add     s8, s4, zero
core   0: 3 0x8000148c (0x000a0c33) x24 0xfffff9ff
core   0: 0x80001490 (0x008bdb13) srli    s6, s7, 8
core   0: 3 0x80001490 (0x008bdb13) x22 0x00000005
core   0: 0x80001494 (0x000c7a33) and     s4, s8, zero
core   0: 3 0x80001494 (0x000c7a33) x20 0x00000000
core   0: 0x80001498 (0x00fa8933) add     s2, s5, a5
core   0: 3 0x80001498 (0x00fa8933) x18 0x000006ac
core   0: 0x8000149c (0x015bf733) and     a4, s7, s5
core   0: 3 0x8000149c (0x015bf733) x14 0x00000500
core   0: 0x800014a0 (0x0186feb3) and     t4, a3, s8
core   0: 3 0x800014a0 (0x0186feb3) x29 0x80b07062
core   0: 0x800014a4 (0x00d400b3) add     ra, s0, a3
core   0: 3 0x800014a4 (0x00d400b3) x 1 0x8a125e62
core   0: 0x800014a8 (0x58c09b97) auipc   s7, 0x58c09
core   0: 3 0x800014a8 (0x58c09b97) x23 0xd8c0a4a8
core   0: 0x800014ac (0x01a81333) sll     t1, a6, s10
core   0: 3 0x800014ac (0x01a81333) x 6 0x00000000
core   0: 0x800014b0 (0x40fcdd13) srai    s10, s9, 15
core   0: 3 0x800014b0 (0x40fcdd13) x26 0xffff0002
core   0: 0x800014b4 (0x006c5cb3) srl     s9, s8, t1
core   0: 3 0x800014b4 (0x006c5cb3) x25 0xfffff9ff
core   0: 0x800014b8 (0x00d331b3) sltu    gp, t1, a3
core   0: 3 0x800014b8 (0x00d331b3) x 3 0x00000001
core   0: 0x800014bc (0x00a171b3) and     gp, sp, a0
core   0: 3 0x800014bc (0x00a171b3) x 3 0x00000000
core   0: 0x800014c0 (0x46360113) addi    sp, a2, 1123
core   0: 3 0x800014c0 (0x46360113) x 2 0x00000563
core   0: 0x800014c4 (0x011452b3) srl     t0, s0, a7
core   0: 3 0x800014c4 (0x011452b3) x 5 0x00000002
core   0: 0x800014c8 (0x01e976b3) and     a3, s2, t5
core   0: 3 0x800014c8 (0x01e976b3) x13 0x00000000
core   0: 0x800014cc (0x01e8afb3) slt     t6, a7, t5
core   0: 3 0x800014cc (0x01e8afb3) x31 0x00000000
core   0: 0x800014d0 (0x26bc6593) ori     a1, s8, 619
core   0: 3 0x800014d0 (0x26bc6593) x11 0xfffffbff
core   0: 0x800014d4 (0x00db1ab3) sll     s5, s6, a3
core   0: 3 0x800014d4 (0x00db1ab3) x21 0x00000005
core   0: 0x800014d8 (0x40d28eb3) sub     t4, t0, a3
core   0: 3 0x800014d8 (0x40d28eb3) x29 0x00000002
core   0: 0x800014dc (0x41da0db3) sub     s11, s4, t4
core   0: 3 0x800014dc (0x41da0db3) x27 0xfffffffe
core   0: 0x800014e0 (0x00d532b3) sltu    t0, a0, a3
core   0: 3 0x800014e0 (0x00d532b3) x 5 0x00000000
core   0: 0x800014e4 (0x6ddf6393) ori     t2, t5, 1757
core   0: 3 0x800014e4 (0x6ddf6393) x 7 0x977036dd
core   0: 0x800014e8 (0xe6ae4813) xori    a6, t3, -406
core   0: 3 0x800014e8 (0xe6ae4813) x16 0x688fce6a
core   0: 0x800014ec (0x58e44093) xori    ra, s0, 1422
core   0: 3 0x800014ec (0x58e44093) x 1 0x0961ed8e
core   0: 0x800014f0 (0xbefcf313) andi    t1, s9, -1041
core   0: 3 0x800014f0 (0xbefcf313) x 6 0xfffff9ef
core   0: 0x800014f4 (0x007a4633) xor     a2, s4, t2
core   0: 3 0x800014f4 (0x007a4633) x12 0x977036dd
core   0: 0x800014f8 (0x41235593) srai    a1, t1, 18
core   0: 3 0x800014f8 (0x41235593) x11 0xffffffff
core   0: 0x800014fc (0x013997b3) sll     a5, s3, s3
core   0: 3 0x800014fc (0x013997b3) x15 0x80000000
core   0: 0x80001500 (0x01d0a4b3) slt     s1, ra, t4
core   0: 3 0x80001500 (0x01d0a4b3) x 9 0x00000000
core   0: 0x80001504 (0x012db8b3) sltu    a7, s11, s2
core   0: 3 0x80001504 (0x012db8b3) x17 0x00000000
core   0: 0x80001508 (0x004d1013) slli    zero, s10, 4
core   0: 3 0x80001508 (0x004d1013)
core   0: 0x8000150c (0x87c67913) andi    s2, a2, -1924
core   0: 3 0x8000150c (0x87c67913) x18 0x9770305c
core   0: 0x80001510 (0x00eeb6b3) sltu    a3, t4, a4
core   0: 3 0x80001510 (0x00eeb6b3) x13 0x00000001
core   0: 0x80001514 (0x00842fb3) slt     t6, s0, s0
core   0: 3 0x80001514 (0x00842fb3) x31 0x00000000
core   0: 0x80001518 (0xddd68313) addi    t1, a3, -547
core   0: 3 0x80001518 (0xddd68313) x 6 0xfffffdde
core   0: 0x8000151c (0x00007833) and     a6, zero, zero
core   0: 3 0x8000151c (0x00007833) x16 0x00000000
core   0: 0x80001520 (0x01c99d93) slli    s11, s3, 28
core   0: 3 0x80001520 (0x01c99d93) x27 0x00000000
core   0: 0x80001524 (0x7eff93b7) lui     t2, 0x7eff9
core   0: 3 0x80001524 (0x7eff93b7) x 7 0x7eff9000
core   0: 0x80001528 (0x00d141b3) xor     gp, sp, a3
core   0: 3 0x80001528 (0x00d141b3) x 3 0x00000562
core   0: 0x8000152c (0x31127e13) andi    t3, tp, 785
core   0: 3 0x8000152c (0x31127e13) x28 0x00000200
core   0: 0x80001530 (0x00617333) and     t1, sp, t1
core   0: 3 0x80001530 (0x00617333) x 6 0x00000542
core   0: 0x80001534 (0x01c11693) slli    a3, sp, 28
core   0: 3 0x80001534 (0x01c11693) x13 0x30000000
core   0: 0x80001538 (0x3f96a413) slti    s0, a3, 1017
core   0: 3 0x80001538 (0x3f96a413) x 8 0x00000000
core   0: 0x8000153c (0x41235e33) sra     t3, t1, s2
core   0: 3 0x8000153c (0x41235e33) x28 0x00000000
core   0: 0x80001540 (0x00a81133) sll     sp, a6, a0
core   0: 3 0x80001540 (0x00a81133) x 2 0x00000000
core   0: 0x80001544 (0xbc8b2913) slti    s2, s6, -1080
core   0: 3 0x80001544 (0xbc8b2913) x18 0x00000000
core   0: 0x80001548 (0x016737b3) sltu    a5, a4, s6
core   0: 3 0x80001548 (0x016737b3) x15 0x00000000
core   0: 0x8000154c (0x001e1a33) sll     s4, t3, ra
core   0: 3 0x8000154c (0x001e1a33) x20 0x00000000
core   0: 0x80001550 (0x9c6feb13) ori     s6, t6, -1594
core   0: 3 0x80001550 (0x9c6feb13) x22 0xfffff9c6
core   0: 0x80001554 (0x8696fb93) andi    s7, a3, -1943
core   0: 3 0x80001554 (0x8696fb93) x23 0x30000000
core   0: 0x80001558 (0x00524fb3) xor     t6, tp, t0
core   0: 3 0x80001558 (0x00524fb3) x31 0x80011e64
core   0: 0x8000155c (0x7f4b2693) slti    a3, s6, 2036
core   0: 3 0x8000155c (0x7f4b2693) x13 0x00000001
core   0: 0x80001560 (0x75ef3337) lui     t1, 0x75ef3
core   0: 3 0x80001560 (0x75ef3337) x 6 0x75ef3000
core   0: 0x80001564 (0x01a634b3) sltu    s1, a2, s10
core   0: 3 0x80001564 (0x01a634b3) x 9 0x00000001
core   0: 0x80001568 (0x00000013) nop
core   0: 3 0x80001568 (0x00000013)
core   0: 0x8000156c (0x008fccb3) xor     s9, t6, s0
core   0: 3 0x8000156c (0x008fccb3) x25 0x80011e64
core   0: 0x80001570 (0x007c9b33) sll     s6, s9, t2
core   0: 3 0x80001570 (0x007c9b33) x22 0x80011e64
core   0: 0x80001574 (0x01d1cb33) xor     s6, gp, t4
core   0: 3 0x80001574 (0x01d1cb33) x22 0x00000560
core   0: 0x80001578 (0x0196d293) srli    t0, a3, 25
core   0: 3 0x80001578 (0x0196d293) x 5 0x00000000
core   0: 0x8000157c (0xa1396e97) auipc   t4, 0xa1396
core   0: 3 0x8000157c (0xa1396e97) x29 0x2139757c
core   0: 0x80001580 (0x41620333) sub     t1, tp, s6
core   0: 3 0x80001580 (0x41620333) x 6 0x80011904
core   0: 0x80001584 (0x010406b3) add     a3, s0, a6
core   0: 3 0x80001584 (0x010406b3) x13 0x00000000
core   0: 0x80001588 (0x22e336b7) lui     a3, 0x22e33
core   0: 3 0x80001588 (0x22e336b7) x13 0x22e33000
core   0: 0x8000158c (0x00321e13) slli    t3, tp, 3
core   0: 3 0x8000158c (0x00321e13) x28 0x0008f320
core   0: 0x80001590 (0x40bd8033) sub     zero, s11, a1
core   0: 3 0x80001590 (0x40bd8033)
core   0: 0x80001594 (0x15b2ae93) slti    t4, t0, 347
core   0: 3 0x80001594 (0x15b2ae93) x29 0x00000001
core   0: 0x80001598 (0x004aad33) slt     s10, s5, tp
core   0: 3 0x80001598 (0x004aad33) x26 0x00000000
core   0: 0x8000159c (0xcdc80713) addi    a4, a6, -804
core   0: 3 0x8000159c (0xcdc80713) x14 0xfffffcdc
core   0: 0x800015a0 (0x4190d913) srai    s2, ra, 25
core   0: 3 0x800015a0 (0x4190d913) x18 0x00000004
core   0: 0x800015a4 (0x0196d313) srli    t1, a3, 25
core   0: 3 0x800015a4 (0x0196d313) x 6 0x00000011
core   0: 0x800015a8 (0xf7108d93) addi    s11, ra, -143
core   0: 3 0x800015a8 (0xf7108d93) x27 0x0961ecff
core   0: 0x800015ac (0x0013e933) or      s2, t2, ra
core   0: 3 0x800015ac (0x0013e933) x18 0x7ffffd8e
core   0: 0x800015b0 (0x01630333) add     t1, t1, s6
core   0: 3 0x800015b0 (0x01630333) x 6 0x00000571
core   0: 0x800015b4 (0x0db72093) slti    ra, a4, 219
core   0: 3 0x800015b4 (0x0db72093) x 1 0x00000001
core   0: 0x800015b8 (0x017003b3) add     t2, zero, s7
core   0: 3 0x800015b8 (0x017003b3) x 7 0x30000000
core   0: 0x800015bc (0x004e08b3) add     a7, t3, tp
core   0: 3 0x800015bc (0x004e08b3) x17 0x800a1184
core   0: 0x800015c0 (0x9f008293) addi    t0, ra, -1552
core   0: 3 0x800015c0 (0x9f008293) x 5 0xfffff9f1
core   0: 0x800015c4 (0x4034d013) srai    zero, s1, 3
core   0: 3 0x800015c4 (0x4034d013)
core   0: 0x800015c8 (0x018edfb3) srl     t6, t4, s8
core   0: 3 0x800015c8 (0x018edfb3) x31 0x00000000
core   0: 0x800015cc (0x2639e837) lui     a6, 0x2639e
core   0: 3 0x800015cc (0x2639e837) x16 0x2639e000
core   0: 0x800015d0 (0x410ddeb3) sra     t4, s11, a6
core   0: 3 0x800015d0 (0x410ddeb3) x29 0x0961ecff
core   0: 0x800015d4 (0x01ee9f93) slli    t6, t4, 30
core   0: 3 0x800015d4 (0x01ee9f93) x31 0xc0000000
core   0: 0x800015d8 (0xba347893) andi    a7, s0, -1117
core   0: 3 0x800015d8 (0xba347893) x17 0x00000000
core   0: 0x800015dc (0x01bb3a33) sltu    s4, s6, s11
core   0: 3 0x800015dc (0x01bb3a33) x20 0x00000001
core   0: 0x800015e0 (0x01edd613) srli    a2, s11, 30
core   0: 3 0x800015e0 (0x01edd613) x12 0x00000000
core   0: 0x800015e4 (0x01ef6133) or      sp, t5, t5
core   0: 3 0x800015e4 (0x01ef6133) x 2 0x97703000
core   0: 0x800015e8 (0x009122b3) slt     t0, sp, s1
core   0: 3 0x800015e8 (0x009122b3) x 5 0x00000001
core   0: 0x800015ec (0x004b7933) and     s2, s6, tp
core   0: 3 0x800015ec (0x004b7933) x18 0x00000460
core   0: 0x800015f0 (0x004e9db3) sll     s11, t4, tp
core   0: 3 0x800015f0 (0x004e9db3) x27 0x961ecff0
core   0: 0x800015f4 (0x0041f2b3) and     t0, gp, tp
core   0: 3 0x800015f4 (0x0041f2b3) x 5 0x00000460
core   0: 0x800015f8 (0x40355393) srai    t2, a0, 3
core   0: 3 0x800015f8 (0x40355393) x 7 0xf0002b9c
core   0: 0x800015fc (0x40f58cb3) sub     s9, a1, a5
core   0: 3 0x800015fc (0x40f58cb3) x25 0xffffffff
core   0: 0x80001600 (0x00821d33) sll     s10, tp, s0
core   0: 3 0x80001600 (0x00821d33) x26 0x80011e64
core   0: 0x80001604 (0x0158d113) srli    sp, a7, 21
core   0: 3 0x80001604 (0x0158d113) x 2 0x00000000
core   0: 0x80001608 (0x009dd633) srl     a2, s11, s1
core   0: 3 0x80001608 (0x009dd633) x12 0x4b0f67f8
core   0: 0x8000160c (0x951afc13) andi    s8, s5, -1711
core   0: 3 0x8000160c (0x951afc13) x24 0x00000001
core   0: 0x80001610 (0x92fff2b7) lui     t0, 0x92fff
core   0: 3 0x80001610 (0x92fff2b7) x 5 0x92fff000
core   0: 0x80001614 (0x41978c33) sub     s8, a5, s9
core   0: 3 0x80001614 (0x41978c33) x24 0x00000001
core   0: 0x80001618 (0x693e7b13) andi    s6, t3, 1683
core   0: 3 0x80001618 (0x693e7b13) x22 0x00000200
core   0: 0x8000161c (0x1c667297) auipc   t0, 0x1c667
core   0: 3 0x8000161c (0x1c667297) x 5 0x9c66861c
core   0: 0x80001620 (0x00f4aeb3) slt     t4, s1, a5
core   0: 3 0x80001620 (0x00f4aeb3) x29 0x00000000
core   0: 0x80001624 (0x01a5e5b3) or      a1, a1, s10
core   0: 3 0x80001624 (0x01a5e5b3) x11 0xffffffff
core   0: 0x80001628 (0x417a8d33) sub     s10, s5, s7
core   0: 3 0x80001628 (0x417a8d33) x26 0xd0000005
core   0: 0x8000162c (0xbde68b13) addi    s6, a3, -1058
core   0: 3 0x8000162c (0xbde68b13) x22 0x22e32bde
core   0: 0x80001630 (0x00b73433) sltu    s0, a4, a1
core   0: 3 0x80001630 (0x00b73433) x 8 0x00000001
core   0: 0x80001634 (0x001fd893) srli    a7, t6, 1
core   0: 3 0x80001634 (0x001fd893) x17 0x60000000
core   0: 0x80001638 (0x6705af93) slti    t6, a1, 1648
core   0: 3 0x80001638 (0x6705af93) x31 0x00000001
core   0: 0x8000163c (0x012f7bb3) and     s7, t5, s2
core   0: 3 0x8000163c (0x012f7bb3) x23 0x00000000
core   0: 0x80001640 (0x9807a637) lui     a2, 0x9807a
core   0: 3 0x80001640 (0x9807a637) x12 0x9807a000
core   0: 0x80001644 (0x01217133) and     sp, sp, s2
core   0: 3 0x80001644 (0x01217133) x 2 0x00000000
core   0: 0x80001648 (0x41338033) sub     zero, t2, s3
core   0: 3 0x80001648 (0x41338033)
core   0: 0x8000164c (0x010f2a33) slt     s4, t5, a6
core   0: 3 0x8000164c (0x010f2a33) x20 0x00000001
core   0: 0x80001650 (0x79252313) slti    t1, a0, 1938
core   0: 3 0x80001650 (0x79252313) x 6 0x00000001
core   0: 0x80001654 (0x00782833) slt     a6, a6, t2
core   0: 3 0x80001654 (0x00782833) x16 0x00000000
core   0: 0x80001658 (0x3c3f3093) sltiu   ra, t5, 963
core   0: 3 0x80001658 (0x3c3f3093) x 1 0x00000000
core   0: 0x8000165c (0x006a4633) xor     a2, s4, t1
core   0: 3 0x8000165c (0x006a4633) x12 0x00000000
core   0: 0x80001660 (0x00b52f33) slt     t5, a0, a1
core   0: 3 0x80001660 (0x00b52f33) x30 0x00000001
core   0: 0x80001664 (0x40c35713) srai    a4, t1, 12
core   0: 3 0x80001664 (0x40c35713) x14 0x00000000
core   0: 0x80001668 (0xdc1ea813) slti    a6, t4, -575
core   0: 3 0x80001668 (0xdc1ea813) x16 0x00000000
core   0: 0x8000166c (0x2e27ca13) xori    s4, a5, 738
core   0: 3 0x8000166c (0x2e27ca13) x20 0x000002e2
core   0: 0x80001670 (0x001e00b3) add     ra, t3, ra
core   0: 3 0x80001670 (0x001e00b3) x 1 0x0008f320
core   0: 0x80001674 (0x00f294b3) sll     s1, t0, a5
core   0: 3 0x80001674 (0x00f294b3) x 9 0x9c66861c
core   0: 0x80001678 (0x40cc5ab3) sra     s5, s8, a2
core   0: 3 0x80001678 (0x40cc5ab3) x21 0x00000001
core   0: 0x8000167c (0x0f890417) auipc   s0, 0xf890
core   0: 3 0x8000167c (0x0f890417) x 8 0x8f89167c
core   0: 0x80001680 (0x406b5593) srai    a1, s6, 6
core   0: 3 0x80001680 (0x406b5593) x11 0x008b8caf
core   0: 0x80001684 (0x40a65593) srai    a1, a2, 10
core   0: 3 0x80001684 (0x40a65593) x11 0x00000000
core   0: 0x80001688 (0x26972893) slti    a7, a4, 617
core   0: 3 0x80001688 (0x26972893) x17 0x00000001
core   0: 0x8000168c (0x4133db93) srai    s7, t2, 19
core   0: 3 0x8000168c (0x4133db93) x23 0xfffffe00
core   0: 0x80001690 (0x0120eab3) or      s5, ra, s2
core   0: 3 0x80001690 (0x0120eab3) x21 0x0008f760
core   0: 0x80001694 (0x01a08a33) add     s4, ra, s10
core   0: 3 0x80001694 (0x01a08a33) x20 0xd008f325
core   0: 0x80001698 (0x40eb0c33) sub     s8, s6, a4
core   0: 3 0x80001698 (0x40eb0c33) x24 0x22e32bde
core   0: 0x8000169c (0x01eb5b13) srli    s6, s6, 30
core   0: 3 0x8000169c (0x01eb5b13) x22 0x00000000
core   0: 0x800016a0 (0x2d478693) addi    a3, a5, 724
core   0: 3 0x800016a0 (0x2d478693) x13 0x000002d4
core   0: 0x800016a4 (0x410ed713) srai    a4, t4, 16
core   0: 3 0x800016a4 (0x410ed713) x14 0x00000000
core   0: 0x800016a8 (0x00000013) nop
core   0: 3 0x800016a8 (0x00000013)
core   0: 0x800016ac (0x40d70933) sub     s2, a4, a3
core   0: 3 0x800016ac (0x40d70933) x18 0xfffffd2c
core   0: 0x800016b0 (0x503a0713) addi    a4, s4, 1283
core   0: 3 0x800016b0 (0x503a0713) x14 0xd008f828
core   0: 0x800016b4 (0x01b95133) srl     sp, s2, s11
core   0: 3 0x800016b4 (0x01b95133) x 2 0x0000ffff
core   0: 0x800016b8 (0x009d46b3) xor     a3, s10, s1
core   0: 3 0x800016b8 (0x009d46b3) x13 0x4c668619
core   0: 0x800016bc (0x013fbdb3) sltu    s11, t6, s3
core   0: 3 0x800016bc (0x013fbdb3) x27 0x00000001
core   0: 0x800016c0 (0x9f608f93) addi    t6, ra, -1546
core   0: 3 0x800016c0 (0x9f608f93) x31 0x0008ed16
core   0: 0x800016c4 (0x009fa2b3) slt     t0, t6, s1
core   0: 3 0x800016c4 (0x009fa2b3) x 5 0x00000000
core   0: 0x800016c8 (0x017ae733) or      a4, s5, s7
core   0: 3 0x800016c8 (0x017ae733) x14 0xffffff60
core   0: 0x800016cc (0x0069bfb3) sltu    t6, s3, t1
core   0: 3 0x800016cc (0x0069bfb3) x31 0x00000000
core   0: 0x800016d0 (0x40d05a93) srai    s5, zero, 13
core   0: 3 0x800016d0 (0x40d05a93) x21 0x00000000
core   0: 0x800016d4 (0x401254b3) sra     s1, tp, ra
core   0: 3 0x800016d4 (0x401254b3) x 9 0x80011e64
core   0: 0x800016d8 (0x01551c93) slli    s9, a0, 21
core   0: 3 0x800016d8 (0x01551c93) x25 0x9c800000
core   0: 0x800016dc (0x415b0ab3) sub     s5, s6, s5
core   0: 3 0x800016dc (0x415b0ab3) x21 0x00000000
core   0: 0x800016e0 (0x41c554b3) sra     s1, a0, t3
core   0: 3 0x800016e0 (0x41c554b3) x 9 0x80015ce4
core   0: 0x800016e4 (0x0056b5b3) sltu    a1, a3, t0
core   0: 3 0x800016e4 (0x0056b5b3) x11 0x00000000
core   0: 0x800016e8 (0x019641b3) xor     gp, a2, s9
core   0: 3 0x800016e8 (0x019641b3) x 3 0x9c800000
core   0: 0x800016ec (0x8135cb93) xori    s7, a1, -2029
core   0: 3 0x800016ec (0x8135cb93) x23 0xfffff813
core   0: 0x800016f0 (0x006a4133) xor     sp, s4, t1
core   0: 3 0x800016f0 (0x006a4133) x 2 0xd008f324
core   0: 0x800016f4 (0x004cb333) sltu    t1, s9, tp
core   0: 3 0x800016f4 (0x004cb333) x 6 0x00000000
core   0: 0x800016f8 (0x3f4d0613) addi    a2, s10, 1012
core   0: 3 0x800016f8 (0x3f4d0613) x12 0xd00003f9
core   0: 0x800016fc (0xf1feac93) slti    s9, t4, -225
core   0: 3 0x800016fc (0xf1feac93) x25 0x00000000
core   0: 0x80001700 (0x003963b3) or      t2, s2, gp
core   0: 3 0x80001700 (0x003963b3) x 7 0xfffffd2c
core   0: 0x80001704 (0x01903133) snez    sp, s9
core   0: 3 0x80001704 (0x01903133) x 2 0x00000000
core   0: 0x80001708 (0x9e708893) addi    a7, ra, -1561
core   0: 3 0x80001708 (0x9e708893) x17 0x0008ed07
core   0: 0x8000170c (0x006c1933) sll     s2, s8, t1
core   0: 3 0x8000170c (0x006c1933) x18 0x22e32bde
core   0: 0x80001710 (0x00b4ca33) xor     s4, s1, a1
core   0: 3 0x80001710 (0x00b4ca33) x20 0x80015ce4
core   0: 0x80001714 (0xa733f013) andi    zero, t2, -1421
core   0: 3 0x80001714 (0xa733f013)
core   0: 0x80001718 (0x6fb0eb97) auipc   s7, 0x6fb0e
core   0: 3 0x80001718 (0x6fb0eb97) x23 0xefb0f718
core   0: 0x8000171c (0x40a80433) sub     s0, a6, a0
core   0: 3 0x8000171c (0x40a80433) x 8 0x7ffea31c
core   0: 0x80001720 (0xfd7fbe93) sltiu   t4, t6, -41
core   0: 3 0x80001720 (0xfd7fbe93) x29 0x00000001
core   0: 0x80001724 (0x019e6c33) or      s8, t3, s9
core   0: 3 0x80001724 (0x019e6c33) x24 0x0008f320
core   0: 0x80001728 (0x01f986b3) add     a3, s3, t6
core   0: 3 0x80001728 (0x01f986b3) x13 0x80000000
core   0: 0x8000172c (0x19242b93) slti    s7, s0, 402
core   0: 3 0x8000172c (0x19242b93) x23 0x00000000
core   0: 0x80001730 (0x0152c733) xor     a4, t0, s5
core   0: 3 0x80001730 (0x0152c733) x14 0x00000000
core   0: 0x80001734 (0x4e07ea93) ori     s5, a5, 1248
core   0: 3 0x80001734 (0x4e07ea93) x21 0x000004e0
core   0: 0x80001738 (0x005d0633) add     a2, s10, t0
core   0: 3 0x80001738 (0x005d0633) x12 0xd0000005
core   0: 0x8000173c (0x6c1cec93) ori     s9, s9, 1729
core   0: 3 0x8000173c (0x6c1cec93) x25 0x000006c1
core   0: 0x80001740 (0x407b0833) sub     a6, s6, t2
core   0: 3 0x80001740 (0x407b0833) x16 0x000002d4
core   0: 0x80001744 (0x00ccedb3) or      s11, s9, a2
core   0: 3 0x80001744 (0x00ccedb3) x27 0xd00006c5
core   0: 0x80001748 (0xa8c3a613) slti    a2, t2, -1396
core   0: 3 0x80001748 (0xa8c3a613) x12 0x00000000
core   0: 0x8000174c (0x0162c6b3) xor     a3, t0, s6
core   0: 3 0x8000174c (0x0162c6b3) x13 0x00000000
core   0: 0x80001750 (0xc954c913) xori    s2, s1, -875
core   0: 3 0x80001750 (0xc954c913) x18 0x7ffea071
core   0: 0x80001754 (0x79f8cd93) xori    s11, a7, 1951
core   0: 3 0x80001754 (0x79f8cd93) x27 0x0008ea98
core   0: 0x80001758 (0xe1153193) sltiu   gp, a0, -495
core   0: 3 0x80001758 (0xe1153193) x 3 0x00000001
core   0: 0x8000175c (0x04dfd497) auipc   s1, 0x4dfd
core   0: 3 0x8000175c (0x04dfd497) x 9 0x84dfe75c
core   0: 0x80001760 (0x4042f637) lui     a2, 0x4042f
core   0: 3 0x80001760 (0x4042f637) x12 0x4042f000
core   0: 0x80001764 (0x00661e93) slli    t4, a2, 6
core   0: 3 0x80001764 (0x00661e93) x29 0x10bc0000
core   0: 0x80001768 (0x00000313) li      t1, 0
core   0: 3 0x80001768 (0x00000313) x 6 0x00000000
core   0: 0x8000176c (0x47727137) lui     sp, 0x47727
core   0: 3 0x8000176c (0x47727137) x 2 0x47727000
core   0: 0x80001770 (0x5d010113) addi    sp, sp, 1488
core   0: 3 0x80001770 (0x5d010113) x 2 0x477275d0
core   0: 0x80001774 (0xfff00693) li      a3, -1
core   0: 3 0x80001774 (0xfff00693) x13 0xffffffff
core   0: 0x80001778 (0xf826d1b7) lui     gp, 0xf826d
core   0: 3 0x80001778 (0xf826d1b7) x 3 0xf826d000
core   0: 0x8000177c (0x65718193) addi    gp, gp, 1623
core   0: 3 0x8000177c (0x65718193) x 3 0xf826d657
core   0: 0x80001780 (0xdc2ccfb7) lui     t6, 0xdc2cc
core   0: 3 0x80001780 (0xdc2ccfb7) x31 0xdc2cc000
core   0: 0x80001784 (0xd08f8f93) addi    t6, t6, -760
core   0: 3 0x80001784 (0xd08f8f93) x31 0xdc2cbd08
core   0: 0x80001788 (0x375aa4b7) lui     s1, 0x375aa
core   0: 3 0x80001788 (0x375aa4b7) x 9 0x375aa000
core   0: 0x8000178c (0x5fb48493) addi    s1, s1, 1531
core   0: 3 0x8000178c (0x5fb48493) x 9 0x375aa5fb
core   0: 0x80001790 (0xfff00613) li      a2, -1
core   0: 3 0x80001790 (0xfff00613) x12 0xffffffff
core   0: 0x80001794 (0x4f98df37) lui     t5, 0x4f98d
core   0: 3 0x80001794 (0x4f98df37) x30 0x4f98d000
core   0: 0x80001798 (0x00cf0f13) addi    t5, t5, 12
core   0: 3 0x80001798 (0x00cf0f13) x30 0x4f98d00c
core   0: 0x8000179c (0x00000713) li      a4, 0
core   0: 3 0x8000179c (0x00000713) x14 0x00000000
core   0: 0x800017a0 (0xfff00293) li      t0, -1
core   0: 3 0x800017a0 (0xfff00293) x 5 0xffffffff
core   0: 0x800017a4 (0xba418613) addi    a2, gp, -1116
core   0: 3 0x800017a4 (0xba418613) x12 0xf826d1fb
core   0: 0x800017a8 (0x72b024b7) lui     s1, 0x72b02
core   0: 3 0x800017a8 (0x72b024b7) x 9 0x72b02000
core   0: 0x800017ac (0x00000013) nop
core   0: 3 0x800017ac (0x00000013)
core   0: 0x800017b0 (0x00000013) nop
core   0: 3 0x800017b0 (0x00000013)
core   0: 0x800017b4 (0xe1af0493) addi    s1, t5, -486
core   0: 3 0x800017b4 (0xe1af0493) x 9 0x4f98ce26
core   0: 0x800017b8 (0xf748c4b7) lui     s1, 0xf748c
core   0: 3 0x800017b8 (0xf748c4b7) x 9 0xf748c000
core   0: 0x800017bc (0x40530733) sub     a4, t1, t0
core   0: 3 0x800017bc (0x40530733) x14 0x00000001
core   0: 0x800017c0 (0x45d18613) addi    a2, gp, 1117
core   0: 3 0x800017c0 (0x45d18613) x12 0xf826dab4
core   0: 0x800017c4 (0x00000013) nop
core   0: 3 0x800017c4 (0x00000013)
core   0: 0x800017c8 (0x00000013) nop
core   0: 3 0x800017c8 (0x00000013)
core   0: 0x800017cc (0xf44e6117) auipc   sp, 0xf44e6
core   0: 3 0x800017cc (0xf44e6117) x 2 0x744e77cc
core   0: 0x800017d0 (0x40348fb3) sub     t6, s1, gp
core   0: 3 0x800017d0 (0x40348fb3) x31 0xff21e9a9
core   0: 0x800017d4 (0xb9428293) addi    t0, t0, -1132
core   0: 3 0x800017d4 (0xb9428293) x 5 0xfffffb93
core   0: 0x800017d8 (0x40930733) sub     a4, t1, s1
core   0: 3 0x800017d8 (0x40930733) x14 0x08b74000
core   0: 0x800017dc (0x0e229617) auipc   a2, 0xe229
core   0: 3 0x800017dc (0x0e229617) x12 0x8e22a7dc
core   0: 0x800017e0 (0x00000013) nop
core   0: 3 0x800017e0 (0x00000013)
core   0: 0x800017e4 (0x92af0313) addi    t1, t5, -1750
core   0: 3 0x800017e4 (0x92af0313) x 6 0x4f98c936
core   0: 0x800017e8 (0xd7fd7617) auipc   a2, 0xd7fd7
core   0: 3 0x800017e8 (0xd7fd7617) x12 0x57fd87e8
core   0: 0x800017ec (0x00000013) nop
core   0: 3 0x800017ec (0x00000013)
core   0: 0x800017f0 (0x60ec9fb7) lui     t6, 0x60ec9
core   0: 3 0x800017f0 (0x60ec9fb7) x31 0x60ec9000
core   0: 0x800017f4 (0xe04f0113) addi    sp, t5, -508
core   0: 3 0x800017f4 (0xe04f0113) x 2 0x4f98ce10
core   0: 0x800017f8 (0x006f8733) add     a4, t6, t1
core   0: 3 0x800017f8 (0x006f8733) x14 0xb0855936
core   0: 0x800017fc (0x1b230f93) addi    t6, t1, 434
core   0: 3 0x800017fc (0x1b230f93) x31 0x4f98cae8
core   0: 0x80001800 (0x00e285b3) add     a1, t0, a4
core   0: 3 0x80001800 (0x00e285b3) x11 0xb08554c9
core   0: 0x80001804 (0x4141d1b3) sra     gp, gp, s4
core   0: 3 0x80001804 (0x4141d1b3) x 3 0xff826d65
core   0: 0x80001808 (0xd159a713) slti    a4, s3, -747
core   0: 3 0x80001808 (0xd159a713) x14 0x00000001
core   0: 0x8000180c (0x40c98db3) sub     s11, s3, a2
core   0: 3 0x8000180c (0x40c98db3) x27 0x28027818
core   0: 0x80001810 (0x01c327b3) slt     a5, t1, t3
core   0: 3 0x80001810 (0x01c327b3) x15 0x00000000
core   0: 0x80001814 (0x017bb633) sltu    a2, s7, s7
core   0: 3 0x80001814 (0x017bb633) x12 0x00000000
core   0: 0x80001818 (0x5a06a613) slti    a2, a3, 1440
core   0: 3 0x80001818 (0x5a06a613) x12 0x00000001
core   0: 0x8000181c (0x4132dd33) sra     s10, t0, s3
core   0: 3 0x8000181c (0x4132dd33) x26 0xfffffb93
core   0: 0x80001820 (0x011da733) slt     a4, s11, a7
core   0: 3 0x80001820 (0x011da733) x14 0x00000000
core   0: 0x80001824 (0x4027df93) srai    t6, a5, 2
core   0: 3 0x80001824 (0x4027df93) x31 0x00000000
core   0: 0x80001828 (0xaadb6e13) ori     t3, s6, -1363
core   0: 3 0x80001828 (0xaadb6e13) x28 0xfffffaad
core   0: 0x8000182c (0x7e4b7a13) andi    s4, s6, 2020
core   0: 3 0x8000182c (0x7e4b7a13) x20 0x00000000
core   0: 0x80001830 (0x00000013) nop
core   0: 3 0x80001830 (0x00000013)
core   0: 0x80001834 (0x41215933) sra     s2, sp, s2
core   0: 3 0x80001834 (0x41215933) x18 0x000027cc
core   0: 0x80001838 (0x601eb393) sltiu   t2, t4, 1537
core   0: 3 0x80001838 (0x601eb393) x 7 0x00000000
core   0: 0x8000183c (0xcb01a893) slti    a7, gp, -848
core   0: 3 0x8000183c (0xcb01a893) x17 0x00000001
core   0: 0x80001840 (0x00000013) nop
core   0: 3 0x80001840 (0x00000013)
core   0: 0x80001844 (0x00d95113) srli    sp, s2, 13
core   0: 3 0x80001844 (0x00d95113) x 2 0x00000001
core   0: 0x80001848 (0x407dd313) srai    t1, s11, 7
core   0: 3 0x80001848 (0x407dd313) x 6 0x005004f0
core   0: 0x8000184c (0x0090f6b3) and     a3, ra, s1
core   0: 3 0x8000184c (0x0090f6b3) x13 0x0008c000
core   0: 0x80001850 (0x01459b13) slli    s6, a1, 20
core   0: 3 0x80001850 (0x01459b13) x22 0x4c900000
core   0: 0x80001854 (0xf852e313) ori     t1, t0, -123
core   0: 3 0x80001854 (0xf852e313) x 6 0xffffff97
core   0: 0x80001858 (0x011a64b3) or      s1, s4, a7
core   0: 3 0x80001858 (0x011a64b3) x 9 0x00000001
core   0: 0x8000185c (0x0153fe33) and     t3, t2, s5
core   0: 3 0x8000185c (0x0153fe33) x28 0x00000000
core   0: 0x80001860 (0x40288ab3) sub     s5, a7, sp
core   0: 3 0x80001860 (0x40288ab3) x21 0x00000000
core   0: 0x80001864 (0x06212413) slti    s0, sp, 98
core   0: 3 0x80001864 (0x06212413) x 8 0x00000001
core   0: 0x80001868 (0x00a45d13) srli    s10, s0, 10
core   0: 3 0x80001868 (0x00a45d13) x26 0x00000000
core   0: 0x8000186c (0xf2eaae13) slti    t3, s5, -210
core   0: 3 0x8000186c (0xf2eaae13) x28 0x00000000
core   0: 0x80001870 (0x5d5ce593) ori     a1, s9, 1493
core   0: 3 0x80001870 (0x5d5ce593) x11 0x000007d5
core   0: 0x80001874 (0x01fea0b3) slt     ra, t4, t6
core   0: 3 0x80001874 (0x01fea0b3) x 1 0x00000000
core   0: 0x80001878 (0x00de1413) slli    s0, t3, 13
core   0: 3 0x80001878 (0x00de1413) x 8 0x00000000
core   0: 0x8000187c (0x00000013) nop
core   0: 3 0x8000187c (0x00000013)
core   0: 0x80001880 (0x81d35197) auipc   gp, 0x81d35
core   0: 3 0x80001880 (0x81d35197) x 3 0x01d36880
core   0: 0x80001884 (0x00c69013) slli    zero, a3, 12
core   0: 3 0x80001884 (0x00c69013)
core   0: 0x80001888 (0x003647b3) xor     a5, a2, gp
core   0: 3 0x80001888 (0x003647b3) x15 0x01d36881
core   0: 0x8000188c (0x0121e7b3) or      a5, gp, s2
core   0: 3 0x8000188c (0x0121e7b3) x15 0x01d36fcc
core   0: 0x80001890 (0x00f9b333) sltu    t1, s3, a5
core   0: 3 0x80001890 (0x00f9b333) x 6 0x00000000
core   0: 0x80001894 (0x8cceaf13) slti    t5, t4, -1844
core   0: 3 0x80001894 (0x8cceaf13) x30 0x00000000
core   0: 0x80001898 (0xdca38c93) addi    s9, t2, -566
core   0: 3 0x80001898 (0xdca38c93) x25 0xfffffdca
core   0: 0x8000189c (0xc87d2a13) slti    s4, s10, -889
core   0: 3 0x8000189c (0xc87d2a13) x20 0x00000000
core   0: 0x800018a0 (0x178e0813) addi    a6, t3, 376
core   0: 3 0x800018a0 (0x178e0813) x16 0x00000178
core   0: 0x800018a4 (0xfd6b4d13) xori    s10, s6, -42
core   0: 3 0x800018a4 (0xfd6b4d13) x26 0xb36fffd6
core   0: 0x800018a8 (0x00d90037) lui     zero, 0xd90
core   0: 3 0x800018a8 (0x00d90037)
core   0: 0x800018ac (0x27998093) addi    ra, s3, 633
core   0: 3 0x800018ac (0x27998093) x 1 0x80000279
core   0: 0x800018b0 (0x0aef12b7) lui     t0, 0xaef1
core   0: 3 0x800018b0 (0x0aef12b7) x 5 0x0aef1000
core   0: 0x800018b4 (0x94e7ce93) xori    t4, a5, -1714
core   0: 3 0x800018b4 (0x94e7ce93) x29 0xfe2c9682
core   0: 0x800018b8 (0x50f0c413) xori    s0, ra, 1295
core   0: 3 0x800018b8 (0x50f0c413) x 8 0x80000776
core   0: 0x800018bc (0x5ff88293) addi    t0, a7, 1535
core   0: 3 0x800018bc (0x5ff88293) x 5 0x00000600
core   0: 0x800018c0 (0x70aa6613) ori     a2, s4, 1802
core   0: 3 0x800018c0 (0x70aa6613) x12 0x0000070a
core   0: 0x800018c4 (0xca1bfd13) andi    s10, s7, -863
core   0: 3 0x800018c4 (0xca1bfd13) x26 0x00000000
core   0: 0x800018c8 (0xa4bc7413) andi    s0, s8, -1461
core   0: 3 0x800018c8 (0xa4bc7413) x 8 0x0008f200
core   0: 0x800018cc (0x40eadb13) srai    s6, s5, 14
core   0: 3 0x800018cc (0x40eadb13) x22 0x00000000
core   0: 0x800018d0 (0x0037d5b3) srl     a1, a5, gp
core   0: 3 0x800018d0 (0x0037d5b3) x11 0x01d36fcc
core   0: 0x800018d4 (0x0103f7b3) and     a5, t2, a6
core   0: 3 0x800018d4 (0x0103f7b3) x15 0x00000000
core   0: 0x800018d8 (0xa2daca13) xori    s4, s5, -1491
core   0: 3 0x800018d8 (0xa2daca13) x20 0xfffffa2d
core   0: 0x800018dc (0x00316c33) or      s8, sp, gp
core   0: 3 0x800018dc (0x00316c33) x24 0x01d36881
core   0: 0x800018e0 (0x403a81b3) sub     gp, s5, gp
core   0: 3 0x800018e0 (0x403a81b3) x 3 0xfe2c9780
core   0: 0x800018e4 (0x45cf8893) addi    a7, t6, 1116
core   0: 3 0x800018e4 (0x45cf8893) x17 0x0000045c
core   0: 0x800018e8 (0x4072dd13) srai    s10, t0, 7
core   0: 3 0x800018e8 (0x4072dd13) x26 0x0000000c
core   0: 0x800018ec (0x00000013) nop
core   0: 3 0x800018ec (0x00000013)
core   0: 0x800018f0 (0xcd66db37) lui     s6, 0xcd66d
core   0: 3 0x800018f0 (0xcd66db37) x22 0xcd66d000
core   0: 0x800018f4 (0x00000013) nop
core   0: 3 0x800018f4 (0x00000013)
core   0: 0x800018f8 (0x7bc5ef37) lui     t5, 0x7bc5e
core   0: 3 0x800018f8 (0x7bc5ef37) x30 0x7bc5e000
core   0: 0x800018fc (0x9497fa93) andi    s5, a5, -1719
core   0: 3 0x800018fc (0x9497fa93) x21 0x00000000
core   0: 0x80001900 (0x40bc5f13) srai    t5, s8, 11
core   0: 3 0x80001900 (0x40bc5f13) x30 0x00003a6d
core   0: 0x80001904 (0x0079a7b3) slt     a5, s3, t2
core   0: 3 0x80001904 (0x0079a7b3) x15 0x00000001
core   0: 0x80001908 (0x019dd633) srl     a2, s11, s9
core   0: 3 0x80001908 (0x019dd633) x12 0x000a009e
core   0: 0x8000190c (0x00d01a93) slli    s5, zero, 13
core   0: 3 0x8000190c (0x00d01a93) x21 0x00000000
core   0: 0x80001910 (0x6ac05f17) auipc   t5, 0x6ac05
core   0: 3 0x80001910 (0x6ac05f17) x30 0xeac06910
core   0: 0x80001914 (0x00bae633) or      a2, s5, a1
core   0: 3 0x80001914 (0x00bae633) x12 0x01d36fcc
core   0: 0x80001918 (0xd2ae7413) andi    s0, t3, -726
core   0: 3 0x80001918 (0xd2ae7413) x 8 0x00000000
core   0: 0x8000191c (0x01f8fab3) and     s5, a7, t6
core   0: 3 0x8000191c (0x01f8fab3) x21 0x00000000
core   0: 0x80001920 (0x009b4ab3) xor     s5, s6, s1
core   0: 3 0x80001920 (0x009b4ab3) x21 0xcd66d001
core   0: 0x80001924 (0xed848813) addi    a6, s1, -296
core   0: 3 0x80001924 (0xed848813) x16 0xfffffed9
core   0: 0x80001928 (0x4ab1d497) auipc   s1, 0x4ab1d
core   0: 3 0x80001928 (0x4ab1d497) x 9 0xcab1e928
core   0: 0x8000192c (0x646a8a17) auipc   s4, 0x646a8
core   0: 3 0x8000192c (0x646a8a17) x20 0xe46a992c
core   0: 0x80001930 (0x0130d5b3) srl     a1, ra, s3
core   0: 3 0x80001930 (0x0130d5b3) x11 0x80000279
core   0: 0x80001934 (0x4011da33) sra     s4, gp, ra
core   0: 3 0x80001934 (0x4011da33) x20 0xffffffff
core   0: 0x80001938 (0x01de6033) or      zero, t3, t4
core   0: 3 0x80001938 (0x01de6033)
core   0: 0x8000193c (0x400cd813) srai    a6, s9, 0
core   0: 3 0x8000193c (0x400cd813) x16 0xfffffdca
core   0: 0x80001940 (0x361e2d13) slti    s10, t3, 865
core   0: 3 0x80001940 (0x361e2d13) x26 0x00000001
core   0: 0x80001944 (0x010d9193) slli    gp, s11, 16
core   0: 3 0x80001944 (0x010d9193) x 3 0x78180000
core   0: 0x80001948 (0xe704cc13) xori    s8, s1, -400
core   0: 3 0x80001948 (0xe704cc13) x24 0x354e1758
core   0: 0x8000194c (0x006233b3) sltu    t2, tp, t1
core   0: 3 0x8000194c (0x006233b3) x 7 0x00000000
core   0: 0x80001950 (0xf3ca8c13) addi    s8, s5, -196
core   0: 3 0x80001950 (0xf3ca8c13) x24 0xcd66cf3d
core   0: 0x80001954 (0xb6108837) lui     a6, 0xb6108
core   0: 3 0x80001954 (0xb6108837) x16 0xb6108000
core   0: 0x80001958 (0x16657b13) andi    s6, a0, 358
core   0: 3 0x80001958 (0x16657b13) x22 0x00000064
core   0: 0x8000195c (0x1058eb93) ori     s7, a7, 261
core   0: 3 0x8000195c (0x1058eb93) x23 0x0000055d
core   0: 0x80001960 (0x63506db7) lui     s11, 0x63506
core   0: 3 0x80001960 (0x63506db7) x27 0x63506000
core   0: 0x80001964 (0xa09f7613) andi    a2, t5, -1527
core   0: 3 0x80001964 (0xa09f7613) x12 0xeac06800
core   0: 0x80001968 (0xd1defd13) andi    s10, t4, -739
core   0: 3 0x80001968 (0xd1defd13) x26 0xfe2c9400
core   0: 0x8000196c (0x3190cb13) xori    s6, ra, 793
core   0: 3 0x8000196c (0x3190cb13) x22 0x80000160
core   0: 0x80001970 (0x6c996e17) auipc   t3, 0x6c996
core   0: 3 0x80001970 (0x6c996e17) x28 0xec997970
core   0: 0x80001974 (0x015bb0b3) sltu    ra, s7, s5
core   0: 3 0x80001974 (0x015bb0b3) x 1 0x00000001
core   0: 0x80001978 (0x5025f793) andi    a5, a1, 1282
core   0: 3 0x80001978 (0x5025f793) x15 0x00000000
core   0: 0x8000197c (0x01125db3) srl     s11, tp, a7
core   0: 3 0x8000197c (0x01125db3) x27 0x00000008
core   0: 0x80001980 (0x01d527b3) slt     a5, a0, t4
core   0: 3 0x80001980 (0x01d527b3) x15 0x00000001
core   0: 0x80001984 (0x01541693) slli    a3, s0, 21
core   0: 3 0x80001984 (0x01541693) x13 0x00000000
core   0: 0x80001988 (0x0b006497) auipc   s1, 0xb006
core   0: 3 0x80001988 (0x0b006497) x 9 0x8b007988
core   0: 0x8000198c (0x39818413) addi    s0, gp, 920
core   0: 3 0x8000198c (0x39818413) x 8 0x78180398
core   0: 0x80001990 (0x13684913) xori    s2, a6, 310
core   0: 3 0x80001990 (0x13684913) x18 0xb6108136
core   0: 0x80001994 (0x004da2b3) slt     t0, s11, tp
core   0: 3 0x80001994 (0x004da2b3) x 5 0x00000000
core   0: 0x80001998 (0x85881db7) lui     s11, 0x85881
core   0: 3 0x80001998 (0x85881db7) x27 0x85881000
core   0: 0x8000199c (0x01bc81b3) add     gp, s9, s11
core   0: 3 0x8000199c (0x01bc81b3) x 3 0x85880dca
core   0: 0x800019a0 (0x015440b3) xor     ra, s0, s5
core   0: 3 0x800019a0 (0x015440b3) x 1 0xb57ed399
core   0: 0x800019a4 (0xabf93d13) sltiu   s10, s2, -1345
core   0: 3 0x800019a4 (0xabf93d13) x26 0x00000001
core   0: 0x800019a8 (0x01bd7c33) and     s8, s10, s11
core   0: 3 0x800019a8 (0x01bd7c33) x24 0x00000000
core   0: 0x800019ac (0x01e98733) add     a4, s3, t5
core   0: 3 0x800019ac (0x01e98733) x14 0x6ac06910
core   0: 0x800019b0 (0x0025bf33) sltu    t5, a1, sp
core   0: 3 0x800019b0 (0x0025bf33) x30 0x00000000
core   0: 0x800019b4 (0x01b9ca33) xor     s4, s3, s11
core   0: 3 0x800019b4 (0x01b9ca33) x20 0x05881000
core   0: 0x800019b8 (0x2b90fc37) lui     s8, 0x2b90f
core   0: 3 0x800019b8 (0x2b90fc37) x24 0x2b90f000
core   0: 0x800019bc (0x00000013) nop
core   0: 3 0x800019bc (0x00000013)
core   0: 0x800019c0 (0x8941ad93) slti    s11, gp, -1900
core   0: 3 0x800019c0 (0x8941ad93) x27 0x00000001
core   0: 0x800019c4 (0x406bd1b3) sra     gp, s7, t1
core   0: 3 0x800019c4 (0x406bd1b3) x 3 0x0000055d
core   0: 0x800019c8 (0x419a5893) srai    a7, s4, 25
core   0: 3 0x800019c8 (0x419a5893) x17 0x00000002
core   0: 0x800019cc (0x01874ab3) xor     s5, a4, s8
core   0: 3 0x800019cc (0x01874ab3) x21 0x41509910
core   0: 0x800019d0 (0x89906c93) ori     s9, zero, -1895
core   0: 3 0x800019d0 (0x89906c93) x25 0xfffff899
core   0: 0x800019d4 (0x000a9a33) sll     s4, s5, zero
core   0: 3 0x800019d4 (0x000a9a33) x20 0x41509910
core   0: 0x800019d8 (0x01ded813) srli    a6, t4, 29
core   0: 3 0x800019d8 (0x01ded813) x16 0x00000007
core   0: 0x800019dc (0xf9aec313) xori    t1, t4, -102
core   0: 3 0x800019dc (0xf9aec313) x 6 0x01d36918
core   0: 0x800019e0 (0x4f7b4493) xori    s1, s6, 1271
core   0: 3 0x800019e0 (0x4f7b4493) x 9 0x80000597
core   0: 0x800019e4 (0x00bd0b33) add     s6, s10, a1
core   0: 3 0x800019e4 (0x00bd0b33) x22 0x8000027a
core   0: 0x800019e8 (0x101d5cb7) lui     s9, 0x101d5
core   0: 3 0x800019e8 (0x101d5cb7) x25 0x101d5000
core   0: 0x800019ec (0x008e08b3) add     a7, t3, s0
core   0: 3 0x800019ec (0x008e08b3) x17 0x64b17d08
core   0: 0x800019f0 (0x100796b7) lui     a3, 0x10079
core   0: 3 0x800019f0 (0x100796b7) x13 0x10079000
core   0: 0x800019f4 (0x01cd76b3) and     a3, s10, t3
core   0: 3 0x800019f4 (0x01cd76b3) x13 0x00000000
core   0: 0x800019f8 (0x41168d33) sub     s10, a3, a7
core   0: 3 0x800019f8 (0x41168d33) x26 0x9b4e82f8
core   0: 0x800019fc (0x01357d33) and     s10, a0, s3
core   0: 3 0x800019fc (0x01357d33) x26 0x80000000
core   0: 0x80001a00 (0x76fe0e93) addi    t4, t3, 1903
core   0: 3 0x80001a00 (0x76fe0e93) x29 0xec9980df
core   0: 0x80001a04 (0x41f955b3) sra     a1, s2, t6
core   0: 3 0x80001a04 (0x41f955b3) x11 0xb6108136
core   0: 0x80001a08 (0x41c25b13) srai    s6, tp, 28
core   0: 3 0x80001a08 (0x41c25b13) x22 0xfffffff8
core   0: 0x80001a0c (0x01613933) sltu    s2, sp, s6
core   0: 3 0x80001a0c (0x01613933) x18 0x00000001
core   0: 0x80001a10 (0x00d24cb3) xor     s9, tp, a3
core   0: 3 0x80001a10 (0x00d24cb3) x25 0x80011e64
core   0: 0x80001a14 (0x0085a633) slt     a2, a1, s0
core   0: 3 0x80001a14 (0x0085a633) x12 0x00000001
core   0: 0x80001a18 (0x0192dd33) srl     s10, t0, s9
core   0: 3 0x80001a18 (0x0192dd33) x26 0x00000000
core   0: 0x80001a1c (0xee548a13) addi    s4, s1, -283
core   0: 3 0x80001a1c (0xee548a13) x20 0x8000047c
core   0: 0x80001a20 (0x00e15d13) srli    s10, sp, 14
core   0: 3 0x80001a20 (0x00e15d13) x26 0x00000000
core   0: 0x80001a24 (0x00067033) and     zero, a2, zero
core   0: 3 0x80001a24 (0x00067033)
core   0: 0x80001a28 (0x001712b3) sll     t0, a4, ra
core   0: 3 0x80001a28 (0x001712b3) x 5 0x20000000
core   0: 0x80001a2c (0x413ed313) srai    t1, t4, 19
core   0: 3 0x80001a2c (0x413ed313) x 6 0xfffffd93
core   0: 0x80001a30 (0x419505b3) sub     a1, a0, s9
core   0: 3 0x80001a30 (0x419505b3) x11 0x00003e80
core   0: 0x80001a34 (0x00aa9c13) slli    s8, s5, 10
core   0: 3 0x80001a34 (0x00aa9c13) x24 0x42644000
core   0: 0x80001a38 (0x01bee0b3) or      ra, t4, s11
core   0: 3 0x80001a38 (0x01bee0b3) x 1 0xec9980df
core   0: 0x80001a3c (0x00f4c933) xor     s2, s1, a5
core   0: 3 0x80001a3c (0x00f4c933) x18 0x80000596
core   0: 0x80001a40 (0x0113cf33) xor     t5, t2, a7
core   0: 3 0x80001a40 (0x0113cf33) x30 0x64b17d08
core   0: 0x80001a44 (0x40fb8733) sub     a4, s7, a5
core   0: 3 0x80001a44 (0x40fb8733) x14 0x0000055c
core   0: 0x80001a48 (0x14454f93) xori    t6, a0, 324
core   0: 3 0x80001a48 (0x14454f93) x31 0x80015da0
core   0: 0x80001a4c (0x01d5ccb3) xor     s9, a1, t4
core   0: 3 0x80001a4c (0x01d5ccb3) x25 0xec99be5f
core   0: 0x80001a50 (0x4033cf93) xori    t6, t2, 1027
core   0: 3 0x80001a50 (0x4033cf93) x31 0x00000403
core   0: 0x80001a54 (0x009968b3) or      a7, s2, s1
core   0: 3 0x80001a54 (0x009968b3) x17 0x80000597
core   0: 0x80001a58 (0x00c21593) slli    a1, tp, 12
core   0: 3 0x80001a58 (0x00c21593) x11 0x11e64000
core   0: 0x80001a5c (0x011ede13) srli    t3, t4, 17
core   0: 3 0x80001a5c (0x011ede13) x28 0x0000764c
core   0: 0x80001a60 (0x01f8c333) xor     t1, a7, t6
core   0: 3 0x80001a60 (0x01f8c333) x 6 0x80000194
core   0: 0x80001a64 (0xc00ca313) slti    t1, s9, -1024
core   0: 3 0x80001a64 (0xc00ca313) x 6 0x00000001
core   0: 0x80001a68 (0x019c95b3) sll     a1, s9, s9
core   0: 3 0x80001a68 (0x019c95b3) x11 0x80000000
core   0: 0x80001a6c (0x010f3fb3) sltu    t6, t5, a6
core   0: 3 0x80001a6c (0x010f3fb3) x31 0x00000000
core   0: 0x80001a70 (0xf92ea493) slti    s1, t4, -110
core   0: 3 0x80001a70 (0xf92ea493) x 9 0x00000001
core   0: 0x80001a74 (0x014ad713) srli    a4, s5, 20
core   0: 3 0x80001a74 (0x014ad713) x14 0x00000415
core   0: 0x80001a78 (0x00dc9793) slli    a5, s9, 13
core   0: 3 0x80001a78 (0x00dc9793) x15 0x37cbe000
core   0: 0x80001a7c (0x5a8fff13) andi    t5, t6, 1448
core   0: 3 0x80001a7c (0x5a8fff13) x30 0x00000000
core   0: 0x80001a80 (0x00e40c33) add     s8, s0, a4
core   0: 3 0x80001a80 (0x00e40c33) x24 0x781807ad
core   0: 0x80001a84 (0x08d74917) auipc   s2, 0x8d74
core   0: 3 0x80001a84 (0x08d74917) x18 0x88d75a84
core   0: 0x80001a88 (0x00000013) nop
core   0: 3 0x80001a88 (0x00000013)
core   0: 0x80001a8c (0x538e2c13) slti    s8, t3, 1336
core   0: 3 0x80001a8c (0x538e2c13) x24 0x00000000
core   0: 0x80001a90 (0x0d556813) ori     a6, a0, 213
core   0: 3 0x80001a90 (0x0d556813) x16 0x80015cf5
core   0: 0x80001a94 (0x00105333) srl     t1, zero, ra
core   0: 3 0x80001a94 (0x00105333) x 6 0x00000000
core   0: 0x80001a98 (0xe08e4d13) xori    s10, t3, -504
core   0: 3 0x80001a98 (0xe08e4d13) x26 0xffff8844
core   0: 0x80001a9c (0x007c08b3) add     a7, s8, t2
core   0: 3 0x80001a9c (0x007c08b3) x17 0x00000000
core   0: 0x80001aa0 (0x00000013) nop
core   0: 3 0x80001aa0 (0x00000013)
core   0: 0x80001aa4 (0x414a5b13) srai    s6, s4, 20
core   0: 3 0x80001aa4 (0x414a5b13) x22 0xfffff800
core   0: 0x80001aa8 (0x19096793) ori     a5, s2, 400
core   0: 3 0x80001aa8 (0x19096793) x15 0x88d75b94
core   0: 0x80001aac (0x4104d4b3) sra     s1, s1, a6
core   0: 3 0x80001aac (0x4104d4b3) x 9 0x00000000
core   0: 0x80001ab0 (0x00f86833) or      a6, a6, a5
core   0: 3 0x80001ab0 (0x00f86833) x16 0x88d75ff5
core   0: 0x80001ab4 (0x01516333) or      t1, sp, s5
core   0: 3 0x80001ab4 (0x01516333) x 6 0x41509911
core   0: 0x80001ab8 (0xbdb88f13) addi    t5, a7, -1061
core   0: 3 0x80001ab8 (0xbdb88f13) x30 0xfffffbdb
core   0: 0x80001abc (0x739d7f13) andi    t5, s10, 1849
core   0: 3 0x80001abc (0x739d7f13) x30 0x00000000
core   0: 0x80001ac0 (0x00157bb3) and     s7, a0, ra
core   0: 3 0x80001ac0 (0x00157bb3) x23 0x800100c4
core   0: 0x80001ac4 (0x950be113) ori     sp, s7, -1712
core   0: 3 0x80001ac4 (0x950be113) x 2 0xfffff9d4
core   0: 0x80001ac8 (0x4037d7b3) sra     a5, a5, gp
core   0: 3 0x80001ac8 (0x4037d7b3) x15 0xfffffffc
core   0: 0x80001acc (0x693e0497) auipc   s1, 0x693e0
core   0: 3 0x80001acc (0x693e0497) x 9 0xe93e1acc
core   0: 0x80001ad0 (0x01f5ebb3) or      s7, a1, t6
core   0: 3 0x80001ad0 (0x01f5ebb3) x23 0x80000000
core   0: 0x80001ad4 (0x69bd0d37) lui     s10, 0x69bd0
core   0: 3 0x80001ad4 (0x69bd0d37) x26 0x69bd0000
core   0: 0x80001ad8 (0x01a11333) sll     t1, sp, s10
core   0: 3 0x80001ad8 (0x01a11333) x 6 0xfffff9d4
core   0: 0x80001adc (0x01c360b3) or      ra, t1, t3
core   0: 3 0x80001adc (0x01c360b3) x 1 0xffffffdc
core   0: 0x80001ae0 (0x418f5193) srai    gp, t5, 24
core   0: 3 0x80001ae0 (0x418f5193) x 3 0x00000000
core   0: 0x80001ae4 (0x40ba5db3) sra     s11, s4, a1
core   0: 3 0x80001ae4 (0x40ba5db3) x27 0x8000047c
core   0: 0x80001ae8 (0x51713713) sltiu   a4, sp, 1303
core   0: 3 0x80001ae8 (0x51713713) x14 0x00000000
core   0: 0x80001aec (0x0f59f913) andi    s2, s3, 245
core   0: 3 0x80001aec (0x0f59f913) x18 0x00000000
core   0: 0x80001af0 (0x730db713) sltiu   a4, s11, 1840
core   0: 3 0x80001af0 (0x730db713) x14 0x00000000
core   0: 0x80001af4 (0x401a0eb3) sub     t4, s4, ra
core   0: 3 0x80001af4 (0x401a0eb3) x29 0x800004a0
core   0: 0x80001af8 (0x9ab79ab7) lui     s5, 0x9ab79
core   0: 3 0x80001af8 (0x9ab79ab7) x21 0x9ab79000
core   0: 0x80001afc (0x0183ac33) slt     s8, t2, s8
core   0: 3 0x80001afc (0x0183ac33) x24 0x00000000
core   0: 0x80001b00 (0xb74ec793) xori    a5, t4, -1164
core   0: 3 0x80001b00 (0xb74ec793) x15 0x7fffffd4
core   0: 0x80001b04 (0xabf0ac13) slti    s8, ra, -1345
core   0: 3 0x80001b04 (0xabf0ac13) x24 0x00000000
core   0: 0x80001b08 (0x01beea33) or      s4, t4, s11
core   0: 3 0x80001b08 (0x01beea33) x20 0x800004fc
core   0: 0x80001b0c (0x01fa1333) sll     t1, s4, t6
core   0: 3 0x80001b0c (0x01fa1333) x 6 0x800004fc
core   0: 0x80001b10 (0x0107ea33) or      s4, a5, a6
core   0: 3 0x80001b10 (0x0107ea33) x20 0xfffffff5
core   0: 0x80001b14 (0x00000013) nop
core   0: 3 0x80001b14 (0x00000013)
core   0: 0x80001b18 (0x012c28b3) slt     a7, s8, s2
core   0: 3 0x80001b18 (0x012c28b3) x17 0x00000000
core   0: 0x80001b1c (0x19b86113) ori     sp, a6, 411
core   0: 3 0x80001b1c (0x19b86113) x 2 0x88d75fff
core   0: 0x80001b20 (0x883ff113) andi    sp, t6, -1917
core   0: 3 0x80001b20 (0x883ff113) x 2 0x00000000
core   0: 0x80001b24 (0x013a9733) sll     a4, s5, s3
core   0: 3 0x80001b24 (0x013a9733) x14 0x9ab79000
core   0: 0x80001b28 (0x207bb613) sltiu   a2, s7, 519
core   0: 3 0x80001b28 (0x207bb613) x12 0x00000000
core   0: 0x80001b2c (0x4158dc33) sra     s8, a7, s5
core   0: 3 0x80001b2c (0x4158dc33) x24 0x00000000
core   0: 0x80001b30 (0x01a81493) slli    s1, a6, 26
core   0: 3 0x80001b30 (0x01a81493) x 9 0xd4000000
core   0: 0x80001b34 (0x419354b3) sra     s1, t1, s9
core   0: 3 0x80001b34 (0x419354b3) x 9 0xffffffff
core   0: 0x80001b38 (0x176a8493) addi    s1, s5, 374
core   0: 3 0x80001b38 (0x176a8493) x 9 0x9ab79176
core   0: 0x80001b3c (0x0046bd33) sltu    s10, a3, tp
core   0: 3 0x80001b3c (0x0046bd33) x26 0x00000001
core   0: 0x80001b40 (0x00d0dc13) srli    s8, ra, 13
core   0: 3 0x80001b40 (0x00d0dc13) x24 0x0007ffff
core   0: 0x80001b44 (0x00e18733) add     a4, gp, a4
core   0: 3 0x80001b44 (0x00e18733) x14 0x9ab79000
core   0: 0x80001b48 (0x41ea0ab3) sub     s5, s4, t5
core   0: 3 0x80001b48 (0x41ea0ab3) x21 0xfffffff5
core   0: 0x80001b4c (0xf0c0b893) sltiu   a7, ra, -244
core   0: 3 0x80001b4c (0xf0c0b893) x17 0x00000000
core   0: 0x80001b50 (0x01c81c33) sll     s8, a6, t3
core   0: 3 0x80001b50 (0x01c81c33) x24 0x75ff5000
core   0: 0x80001b54 (0xd6d08593) addi    a1, ra, -659
core   0: 3 0x80001b54 (0xd6d08593) x11 0xfffffd49
core   0: 0x80001b58 (0x00fd0d33) add     s10, s10, a5
core   0: 3 0x80001b58 (0x00fd0d33) x26 0x7fffffd5
core   0: 0x80001b5c (0x310b4d93) xori    s11, s6, 784
core   0: 3 0x80001b5c (0x310b4d93) x27 0xfffffb10
core   0: 0x80001b60 (0x01c3d393) srli    t2, t2, 28
core   0: 3 0x80001b60 (0x01c3d393) x 7 0x00000000
core   0: 0x80001b64 (0x00000013) nop
core   0: 3 0x80001b64 (0x00000013)
core   0: 0x80001b68 (0x007c44b3) xor     s1, s8, t2
core   0: 3 0x80001b68 (0x007c44b3) x 9 0x75ff5000
core   0: 0x80001b6c (0xb6fa7837) lui     a6, 0xb6fa7
core   0: 3 0x80001b6c (0xb6fa7837) x16 0xb6fa7000
core   0: 0x80001b70 (0x000d8733) add     a4, s11, zero
core   0: 3 0x80001b70 (0x000d8733) x14 0xfffffb10
core   0: 0x80001b74 (0xc6800917) auipc   s2, 0xc6800
core   0: 3 0x80001b74 (0xc6800917) x18 0x46801b74
core   0: 0x80001b78 (0x007034b3) snez    s1, t2
core   0: 3 0x80001b78 (0x007034b3) x 9 0x00000000
core   0: 0x80001b7c (0x618d01b7) lui     gp, 0x618d0
core   0: 3 0x80001b7c (0x618d01b7) x 3 0x618d0000
core   0: 0x80001b80 (0x00000013) nop
core   0: 3 0x80001b80 (0x00000013)
core   0: 0x80001b84 (0x40fcd7b3) sra     a5, s9, a5
core   0: 3 0x80001b84 (0x40fcd7b3) x15 0xfffffec9
core   0: 0x80001b88 (0xea35b113) sltiu   sp, a1, -349
core   0: 3 0x80001b88 (0xea35b113) x 2 0x00000001
core   0: 0x80001b8c (0xb9763913) sltiu   s2, a2, -1129
core   0: 3 0x80001b8c (0xb9763913) x18 0x00000001
core   0: 0x80001b90 (0x3794a597) auipc   a1, 0x3794a
core   0: 3 0x80001b90 (0x3794a597) x11 0xb794bb90
core   0: 0x80001b94 (0xdc1d6d93) ori     s11, s10, -575
core   0: 3 0x80001b94 (0xdc1d6d93) x27 0xffffffd5
core   0: 0x80001b98 (0x418b5f93) srai    t6, s6, 24
core   0: 3 0x80001b98 (0x418b5f93) x31 0xffffffff
core   0: 0x80001b9c (0x01bb1a33) sll     s4, s6, s11
core   0: 3 0x80001b9c (0x01bb1a33) x20 0x00000000
core   0: 0x80001ba0 (0x006730b3) sltu    ra, a4, t1
core   0: 3 0x80001ba0 (0x006730b3) x 1 0x00000000
core   0: 0x80001ba4 (0x0103f2b3) and     t0, t2, a6
core   0: 3 0x80001ba4 (0x0103f2b3) x 5 0x00000000
core   0: 0x80001ba8 (0x41315413) srai    s0, sp, 19
core   0: 3 0x80001ba8 (0x41315413) x 8 0x00000000
core   0: 0x80001bac (0x0036ba33) sltu    s4, a3, gp
core   0: 3 0x80001bac (0x0036ba33) x20 0x00000001
core   0: 0x80001bb0 (0x016b4db3) xor     s11, s6, s6
core   0: 3 0x80001bb0 (0x016b4db3) x27 0x00000000
core   0: 0x80001bb4 (0xccefbe97) auipc   t4, 0xccefb
core   0: 3 0x80001bb4 (0xccefbe97) x29 0x4cefcbb4
core   0: 0x80001bb8 (0xb930fd13) andi    s10, ra, -1133
core   0: 3 0x80001bb8 (0xb930fd13) x26 0x00000000
core   0: 0x80001bbc (0x41e3d113) srai    sp, t2, 30
core   0: 3 0x80001bbc (0x41e3d113) x 2 0x00000000
core   0: 0x80001bc0 (0x0081fab3) and     s5, gp, s0
core   0: 3 0x80001bc0 (0x0081fab3) x21 0x00000000
core   0: 0x80001bc4 (0xaaf06593) ori     a1, zero, -1361
core   0: 3 0x80001bc4 (0xaaf06593) x11 0xfffffaaf
core   0: 0x80001bc8 (0x001c70b3) and     ra, s8, ra
core   0: 3 0x80001bc8 (0x001c70b3) x 1 0x00000000
core   0: 0x80001bcc (0x01f7c433) xor     s0, a5, t6
core   0: 3 0x80001bcc (0x01f7c433) x 8 0x00000136
core   0: 0x80001bd0 (0x22e9c593) xori    a1, s3, 558
core   0: 3 0x80001bd0 (0x22e9c593) x11 0x8000022e
core   0: 0x80001bd4 (0x00000013) nop
core   0: 3 0x80001bd4 (0x00000013)
core   0: 0x80001bd8 (0x01e53d33) sltu    s10, a0, t5
core   0: 3 0x80001bd8 (0x01e53d33) x26 0x00000000
core   0: 0x80001bdc (0x28bb6313) ori     t1, s6, 651
core   0: 3 0x80001bdc (0x28bb6313) x 6 0xfffffa8b
core   0: 0x80001be0 (0x01c3fab3) and     s5, t2, t3
core   0: 3 0x80001be0 (0x01c3fab3) x21 0x00000000
core   0: 0x80001be4 (0x006a7db3) and     s11, s4, t1
core   0: 3 0x80001be4 (0x006a7db3) x27 0x00000001
core   0: 0x80001be8 (0xe8c2c5b7) lui     a1, 0xe8c2c
core   0: 3 0x80001be8 (0xe8c2c5b7) x11 0xe8c2c000
core   0: 0x80001bec (0x266e6117) auipc   sp, 0x266e6
core   0: 3 0x80001bec (0x266e6117) x 2 0xa66e7bec
core   0: 0x80001bf0 (0x00517c33) and     s8, sp, t0
core   0: 3 0x80001bf0 (0x00517c33) x24 0x00000000
core   0: 0x80001bf4 (0x5233c413) xori    s0, t2, 1315
core   0: 3 0x80001bf4 (0x5233c413) x 8 0x00000523
core   0: 0x80001bf8 (0x0098e133) or      sp, a7, s1
core   0: 3 0x80001bf8 (0x0098e133) x 2 0x00000000
core   0: 0x80001bfc (0x6c135317) auipc   t1, 0x6c135
core   0: 3 0x80001bfc (0x6c135317) x 6 0xec136bfc
core   0: 0x80001c00 (0x3a107893) andi    a7, zero, 929
core   0: 3 0x80001c00 (0x3a107893) x17 0x00000000
core   0: 0x80001c04 (0x42103b93) sltiu   s7, zero, 1057
core   0: 3 0x80001c04 (0x42103b93) x23 0x00000001
core   0: 0x80001c08 (0x01b89d33) sll     s10, a7, s11
core   0: 3 0x80001c08 (0x01b89d33) x26 0x00000000
core   0: 0x80001c0c (0x006d9db3) sll     s11, s11, t1
core   0: 3 0x80001c0c (0x006d9db3) x27 0x10000000
core   0: 0x80001c10 (0x40b35313) srai    t1, t1, 11
core   0: 3 0x80001c10 (0x40b35313) x 6 0xfffd826d
core   0: 0x80001c14 (0x691a5197) auipc   gp, 0x691a5
core   0: 3 0x80001c14 (0x691a5197) x 3 0xe91a6c14
core   0: 0x80001c18 (0x4050d793) srai    a5, ra, 5
core   0: 3 0x80001c18 (0x4050d793) x15 0x00000000
core   0: 0x80001c1c (0x7d30e713) ori     a4, ra, 2003
core   0: 3 0x80001c1c (0x7d30e713) x14 0x000007d3
core   0: 0x80001c20 (0x4b76b193) sltiu   gp, a3, 1207
core   0: 3 0x80001c20 (0x4b76b193) x 3 0x00000001
core   0: 0x80001c24 (0x00931c13) slli    s8, t1, 9
core   0: 3 0x80001c24 (0x00931c13) x24 0xfb04da00
core   0: 0x80001c28 (0x013d1b33) sll     s6, s10, s3
core   0: 3 0x80001c28 (0x013d1b33) x22 0x00000000
core   0: 0x80001c2c (0x9c892613) slti    a2, s2, -1592
core   0: 3 0x80001c2c (0x9c892613) x12 0x00000000
core   0: 0x80001c30 (0x29ecc8b7) lui     a7, 0x29ecc
core   0: 3 0x80001c30 (0x29ecc8b7) x17 0x29ecc000
core   0: 0x80001c34 (0x41318133) sub     sp, gp, s3
core   0: 3 0x80001c34 (0x41318133) x 2 0x80000001
core   0: 0x80001c38 (0x01ca3b33) sltu    s6, s4, t3
core   0: 3 0x80001c38 (0x01ca3b33) x22 0x00000001
core   0: 0x80001c3c (0x0006dbb3) srl     s7, a3, zero
core   0: 3 0x80001c3c (0x0006dbb3) x23 0x00000000
core   0: 0x80001c40 (0x019e4833) xor     a6, t3, s9
core   0: 3 0x80001c40 (0x019e4833) x16 0xec99c813
core   0: 0x80001c44 (0xfff00693) li      a3, -1
core   0: 3 0x80001c44 (0xfff00693) x13 0xffffffff
core   0: 0x80001c48 (0x75fea1b7) lui     gp, 0x75fea
core   0: 3 0x80001c48 (0x75fea1b7) x 3 0x75fea000
core   0: 0x80001c4c (0x05a18193) addi    gp, gp, 90
core   0: 3 0x80001c4c (0x05a18193) x 3 0x75fea05a
core   0: 0x80001c50 (0x00000d13) li      s10, 0
core   0: 3 0x80001c50 (0x00000d13) x26 0x00000000
core   0: 0x80001c54 (0xfff00c13) li      s8, -1
core   0: 3 0x80001c54 (0xfff00c13) x24 0xffffffff
core   0: 0x80001c58 (0x8d2abfb7) lui     t6, 0x8d2ab
core   0: 3 0x80001c58 (0x8d2abfb7) x31 0x8d2ab000
core   0: 0x80001c5c (0x24ff8f93) addi    t6, t6, 591
core   0: 3 0x80001c5c (0x24ff8f93) x31 0x8d2ab24f
core   0: 0x80001c60 (0x00000393) li      t2, 0
core   0: 3 0x80001c60 (0x00000393) x 7 0x00000000
core   0: 0x80001c64 (0xfff00b13) li      s6, -1
core   0: 3 0x80001c64 (0xfff00b13) x22 0xffffffff
core   0: 0x80001c68 (0xfff00493) li      s1, -1
core   0: 3 0x80001c68 (0xfff00493) x 9 0xffffffff
core   0: 0x80001c6c (0xfff00d93) li      s11, -1
core   0: 3 0x80001c6c (0xfff00d93) x27 0xffffffff
core   0: 0x80001c70 (0xfff00813) li      a6, -1
core   0: 3 0x80001c70 (0xfff00813) x16 0xffffffff
core   0: 0x80001c74 (0x41a80833) sub     a6, a6, s10
core   0: 3 0x80001c74 (0x41a80833) x16 0xffffffff
core   0: 0x80001c78 (0x41fd8b33) sub     s6, s11, t6
core   0: 3 0x80001c78 (0x41fd8b33) x22 0x72d54db0
core   0: 0x80001c7c (0xf754fd17) auipc   s10, 0xf754f
core   0: 3 0x80001c7c (0xf754fd17) x26 0x77550c7c
core   0: 0x80001c80 (0x436a0497) auipc   s1, 0x436a0
core   0: 3 0x80001c80 (0x436a0497) x 9 0xc36a1c80
core   0: 0x80001c84 (0x40768db3) sub     s11, a3, t2
core   0: 3 0x80001c84 (0x40768db3) x27 0xffffffff
core   0: 0x80001c88 (0x003681b3) add     gp, a3, gp
core   0: 3 0x80001c88 (0x003681b3) x 3 0x75fea059
core   0: 0x80001c8c (0x4755fdb7) lui     s11, 0x4755f
core   0: 3 0x80001c8c (0x4755fdb7) x27 0x4755f000
core   0: 0x80001c90 (0xb2380393) addi    t2, a6, -1245
core   0: 3 0x80001c90 (0xb2380393) x 7 0xfffffb22
core   0: 0x80001c94 (0x41bf8d33) sub     s10, t6, s11
core   0: 3 0x80001c94 (0x41bf8d33) x26 0x45d4c24f
core   0: 0x80001c98 (0x007b06b3) add     a3, s6, t2
core   0: 3 0x80001c98 (0x007b06b3) x13 0x72d548d2
core   0: 0x80001c9c (0x8f7bd3b7) lui     t2, 0x8f7bd
core   0: 3 0x80001c9c (0x8f7bd3b7) x 7 0x8f7bd000
core   0: 0x80001ca0 (0x6ac92db7) lui     s11, 0x6ac92
core   0: 3 0x80001ca0 (0x6ac92db7) x27 0x6ac92000
core   0: 0x80001ca4 (0x416386b3) sub     a3, t2, s6
core   0: 3 0x80001ca4 (0x416386b3) x13 0x1ca68250
core   0: 0x80001ca8 (0x403481b3) sub     gp, s1, gp
core   0: 3 0x80001ca8 (0x403481b3) x 3 0x4d6b7c27
core   0: 0x80001cac (0x41048fb3) sub     t6, s1, a6
core   0: 3 0x80001cac (0x41048fb3) x31 0xc36a1c81
core   0: 0x80001cb0 (0x41b18833) sub     a6, gp, s11
core   0: 3 0x80001cb0 (0x41b18833) x16 0xe2a25c27
core   0: 0x80001cb4 (0x007484b3) add     s1, s1, t2
core   0: 3 0x80001cb4 (0x007484b3) x 9 0x52e5ec80
core   0: 0x80001cb8 (0x003f83b3) add     t2, t6, gp
core   0: 3 0x80001cb8 (0x003f83b3) x 7 0x10d598a8
core   0: 0x80001cbc (0xefc18193) addi    gp, gp, -260
core   0: 3 0x80001cbc (0xefc18193) x 3 0x4d6b7b23
core   0: 0x80001cc0 (0x41bf8c33) sub     s8, t6, s11
core   0: 3 0x80001cc0 (0x41bf8c33) x24 0x58a0fc81
core   0: 0x80001cc4 (0x40718b33) sub     s6, gp, t2
core   0: 3 0x80001cc4 (0x40718b33) x22 0x3c95e27b
core   0: 0x80001cc8 (0xa51f8813) addi    a6, t6, -1455
core   0: 3 0x80001cc8 (0xa51f8813) x16 0xc36a16d2
core   0: 0x80001ccc (0xd6b9dc37) lui     s8, 0xd6b9d
core   0: 3 0x80001ccc (0xd6b9dc37) x24 0xd6b9d000
core   0: 0x80001cd0 (0x01bc04b3) add     s1, s8, s11
core   0: 3 0x80001cd0 (0x01bc04b3) x 9 0x4182f000
core   0: 0x80001cd4 (0x2919f397) auipc   t2, 0x2919f
core   0: 3 0x80001cd4 (0x2919f397) x 7 0xa91a0cd4
core   0: 0x80001cd8 (0x77ae63b7) lui     t2, 0x77ae6
core   0: 3 0x80001cd8 (0x77ae63b7) x 7 0x77ae6000
core   0: 0x80001cdc (0xd32df693) andi    a3, s11, -718
core   0: 3 0x80001cdc (0xd32df693) x13 0x6ac92000
core   0: 0x80001ce0 (0xd664e893) ori     a7, s1, -666
core   0: 3 0x80001ce0 (0xd664e893) x17 0xfffffd66
core   0: 0x80001ce4 (0x0130dc93) srli    s9, ra, 19
core   0: 3 0x80001ce4 (0x0130dc93) x25 0x00000000
core   0: 0x80001ce8 (0xd7820693) addi    a3, tp, -648
core   0: 3 0x80001ce8 (0xd7820693) x13 0x80011bdc
core   0: 0x80001cec (0x003d8cb3) add     s9, s11, gp
core   0: 3 0x80001cec (0x003d8cb3) x25 0xb8349b23
core   0: 0x80001cf0 (0x946f1137) lui     sp, 0x946f1
core   0: 3 0x80001cf0 (0x946f1137) x 2 0x946f1000
core   0: 0x80001cf4 (0x4172dc33) sra     s8, t0, s7
core   0: 3 0x80001cf4 (0x4172dc33) x24 0x00000000
core   0: 0x80001cf8 (0x00560d33) add     s10, a2, t0
core   0: 3 0x80001cf8 (0x00560d33) x26 0x00000000
core   0: 0x80001cfc (0x74c47013) andi    zero, s0, 1868
core   0: 3 0x80001cfc (0x74c47013)
core   0: 0x80001d00 (0x004a9113) slli    sp, s5, 4
core   0: 3 0x80001d00 (0x004a9113) x 2 0x00000000
core   0: 0x80001d04 (0x3fd04413) xori    s0, zero, 1021
core   0: 3 0x80001d04 (0x3fd04413) x 8 0x000003fd
core   0: 0x80001d08 (0x20f87637) lui     a2, 0x20f87
core   0: 3 0x80001d08 (0x20f87637) x12 0x20f87000
core   0: 0x80001d0c (0x001341b3) xor     gp, t1, ra
core   0: 3 0x80001d0c (0x001341b3) x 3 0xfffd826d
core   0: 0x80001d10 (0x01c43833) sltu    a6, s0, t3
core   0: 3 0x80001d10 (0x01c43833) x16 0x00000001
core   0: 0x80001d14 (0x410c5e33) sra     t3, s8, a6
core   0: 3 0x80001d14 (0x410c5e33) x28 0x00000000
core   0: 0x80001d18 (0x3deb6613) ori     a2, s6, 990
core   0: 3 0x80001d18 (0x3deb6613) x12 0x3c95e3ff
core   0: 0x80001d1c (0x01133133) sltu    sp, t1, a7
core   0: 3 0x80001d1c (0x01133133) x 2 0x00000001
core   0: 0x80001d20 (0xea1c2193) slti    gp, s8, -351
core   0: 3 0x80001d20 (0xea1c2193) x 3 0x00000000
core   0: 0x80001d24 (0x01b8ba33) sltu    s4, a7, s11
core   0: 3 0x80001d24 (0x01b8ba33) x20 0x00000000
core   0: 0x80001d28 (0x00f7c133) xor     sp, a5, a5
core   0: 3 0x80001d28 (0x00f7c133) x 2 0x00000000
core   0: 0x80001d2c (0x017a41b3) xor     gp, s4, s7
core   0: 3 0x80001d2c (0x017a41b3) x 3 0x00000000
core   0: 0x80001d30 (0x01cd04b3) add     s1, s10, t3
core   0: 3 0x80001d30 (0x01cd04b3) x 9 0x00000000
core   0: 0x80001d34 (0x01a4c0b3) xor     ra, s1, s10
core   0: 3 0x80001d34 (0x01a4c0b3) x 1 0x00000000
core   0: 0x80001d38 (0x00bbc633) xor     a2, s7, a1
core   0: 3 0x80001d38 (0x00bbc633) x12 0xe8c2c000
core   0: 0x80001d3c (0x6b36b6b7) lui     a3, 0x6b36b
core   0: 3 0x80001d3c (0x6b36b6b7) x13 0x6b36b000
core   0: 0x80001d40 (0x413cd5b3) sra     a1, s9, s3
core   0: 3 0x80001d40 (0x413cd5b3) x11 0xb8349b23
core   0: 0x80001d44 (0x6e64f613) andi    a2, s1, 1766
core   0: 3 0x80001d44 (0x6e64f613) x12 0x00000000
core   0: 0x80001d48 (0xbcdc4613) xori    a2, s8, -1075
core   0: 3 0x80001d48 (0xbcdc4613) x12 0xfffffbcd
core   0: 0x80001d4c (0x00ac6933) or      s2, s8, a0
core   0: 3 0x80001d4c (0x00ac6933) x18 0x80015ce4
core   0: 0x80001d50 (0xe79ea393) slti    t2, t4, -391
core   0: 3 0x80001d50 (0xe79ea393) x 7 0x00000000
core   0: 0x80001d54 (0x007c1093) slli    ra, s8, 7
core   0: 3 0x80001d54 (0x007c1093) x 1 0x00000000
core   0: 0x80001d58 (0x0132a633) slt     a2, t0, s3
core   0: 3 0x80001d58 (0x0132a633) x12 0x00000000
core   0: 0x80001d5c (0xacb63193) sltiu   gp, a2, -1333
core   0: 3 0x80001d5c (0xacb63193) x 3 0x00000001
core   0: 0x80001d60 (0x011a0433) add     s0, s4, a7
core   0: 3 0x80001d60 (0x011a0433) x 8 0xfffffd66
core   0: 0x80001d64 (0x011052b3) srl     t0, zero, a7
core   0: 3 0x80001d64 (0x011052b3) x 5 0x00000000
core   0: 0x80001d68 (0xa8c07e13) andi    t3, zero, -1396
core   0: 3 0x80001d68 (0xa8c07e13) x28 0x00000000
core   0: 0x80001d6c (0xc9ae3613) sltiu   a2, t3, -870
core   0: 3 0x80001d6c (0xc9ae3613) x12 0x00000001
core   0: 0x80001d70 (0x01a5d433) srl     s0, a1, s10
core   0: 3 0x80001d70 (0x01a5d433) x 8 0xb8349b23
core   0: 0x80001d74 (0x404cd693) srai    a3, s9, 4
core   0: 3 0x80001d74 (0x404cd693) x13 0xfb8349b2
core   0: 0x80001d78 (0x01e11b93) slli    s7, sp, 30
core   0: 3 0x80001d78 (0x01e11b93) x23 0x00000000
core   0: 0x80001d7c (0x00003d33) snez    s10, zero
core   0: 3 0x80001d7c (0x00003d33) x26 0x00000000
core   0: 0x80001d80 (0x005c4f33) xor     t5, s8, t0
core   0: 3 0x80001d80 (0x005c4f33) x30 0x00000000
core   0: 0x80001d84 (0xe7728393) addi    t2, t0, -393
core   0: 3 0x80001d84 (0xe7728393) x 7 0xfffffe77
core   0: 0x80001d88 (0x0a2dcf93) xori    t6, s11, 162
core   0: 3 0x80001d88 (0x0a2dcf93) x31 0x6ac920a2
core   0: 0x80001d8c (0x013b2b33) slt     s6, s6, s3
core   0: 3 0x80001d8c (0x013b2b33) x22 0x00000000
core   0: 0x80001d90 (0x00cc71b3) and     gp, s8, a2
core   0: 3 0x80001d90 (0x00cc71b3) x 3 0x00000000
core   0: 0x80001d94 (0x00c29913) slli    s2, t0, 12
core   0: 3 0x80001d94 (0x00c29913) x18 0x00000000
core   0: 0x80001d98 (0x41808433) sub     s0, ra, s8
core   0: 3 0x80001d98 (0x41808433) x 8 0x00000000
core   0: 0x80001d9c (0x00000013) nop
core   0: 3 0x80001d9c (0x00000013)
core   0: 0x80001da0 (0x0001d333) srl     t1, gp, zero
core   0: 3 0x80001da0 (0x0001d333) x 6 0x00000000
core   0: 0x80001da4 (0x16180693) addi    a3, a6, 353
core   0: 3 0x80001da4 (0x16180693) x13 0x00000162
core   0: 0x80001da8 (0x019e12b3) sll     t0, t3, s9
core   0: 3 0x80001da8 (0x019e12b3) x 5 0x00000000
core   0: 0x80001dac (0x00f8a193) slti    gp, a7, 15
core   0: 3 0x80001dac (0x00f8a193) x 3 0x00000001
core   0: 0x80001db0 (0x5b9d7013) andi    zero, s10, 1465
core   0: 3 0x80001db0 (0x5b9d7013)
core   0: 0x80001db4 (0x012b8ab3) add     s5, s7, s2
core   0: 3 0x80001db4 (0x012b8ab3) x21 0x00000000
core   0: 0x80001db8 (0x015a7133) and     sp, s4, s5
core   0: 3 0x80001db8 (0x015a7133) x 2 0x00000000
core   0: 0x80001dbc (0x00000013) nop
core   0: 3 0x80001dbc (0x00000013)
core   0: 0x80001dc0 (0xf8ee4197) auipc   gp, 0xf8ee4
core   0: 3 0x80001dc0 (0xf8ee4197) x 3 0x78ee5dc0
core   0: 0x80001dc4 (0x01fbe333) or      t1, s7, t6
core   0: 3 0x80001dc4 (0x01fbe333) x 6 0x6ac920a2
core   0: 0x80001dc8 (0x015e8e33) add     t3, t4, s5
core   0: 3 0x80001dc8 (0x015e8e33) x28 0x4cefcbb4
core   0: 0x80001dcc (0x2831b313) sltiu   t1, gp, 643
core   0: 3 0x80001dcc (0x2831b313) x 6 0x00000000
core   0: 0x80001dd0 (0xf7d1cb93) xori    s7, gp, -131
core   0: 3 0x80001dd0 (0xf7d1cb93) x23 0x8711a2bd
core   0: 0x80001dd4 (0x406358b3) sra     a7, t1, t1
core   0: 3 0x80001dd4 (0x406358b3) x17 0x00000000
core   0: 0x80001dd8 (0x01835d93) srli    s11, t1, 24
core   0: 3 0x80001dd8 (0x01835d93) x27 0x00000000
core   0: 0x80001ddc (0x00000013) nop
core   0: 3 0x80001ddc (0x00000013)
core   0: 0x80001de0 (0x9bd2bb93) sltiu   s7, t0, -1603
core   0: 3 0x80001de0 (0x9bd2bb93) x23 0x00000001
core   0: 0x80001de4 (0x01630ab3) add     s5, t1, s6
core   0: 3 0x80001de4 (0x01630ab3) x21 0x00000000
core   0: 0x80001de8 (0x413ed933) sra     s2, t4, s3
core   0: 3 0x80001de8 (0x413ed933) x18 0x4cefcbb4
core   0: 0x80001dec (0xd4ac2313) slti    t1, s8, -694
core   0: 3 0x80001dec (0xd4ac2313) x 6 0x00000000
core   0: 0x80001df0 (0x011c62b3) or      t0, s8, a7
core   0: 3 0x80001df0 (0x011c62b3) x 5 0x00000000
core   0: 0x80001df4 (0x0164d313) srli    t1, s1, 22
core   0: 3 0x80001df4 (0x0164d313) x 6 0x00000000
core   0: 0x80001df8 (0x62366b93) ori     s7, a2, 1571
core   0: 3 0x80001df8 (0x62366b93) x23 0x00000623
core   0: 0x80001dfc (0x015eb133) sltu    sp, t4, s5
core   0: 3 0x80001dfc (0x015eb133) x 2 0x00000000
core   0: 0x80001e00 (0x01a4ef33) or      t5, s1, s10
core   0: 3 0x80001e00 (0x01a4ef33) x30 0x00000000
core   0: 0x80001e04 (0xe09c4593) xori    a1, s8, -503
core   0: 3 0x80001e04 (0xe09c4593) x11 0xfffffe09
core   0: 0x80001e08 (0x40ae5bb3) sra     s7, t3, a0
core   0: 3 0x80001e08 (0x40ae5bb3) x23 0x04cefcbb
core   0: 0x80001e0c (0x0a6bb913) sltiu   s2, s7, 166
core   0: 3 0x80001e0c (0x0a6bb913) x18 0x00000000
core   0: 0x80001e10 (0x005cd6b3) srl     a3, s9, t0
core   0: 3 0x80001e10 (0x005cd6b3) x13 0xb8349b23
core   0: 0x80001e14 (0xd1ca5597) auipc   a1, 0xd1ca5
core   0: 3 0x80001e14 (0xd1ca5597) x11 0x51ca6e14
core   0: 0x80001e18 (0xecdaac13) slti    s8, s5, -307
core   0: 3 0x80001e18 (0xecdaac13) x24 0x00000000
core   0: 0x80001e1c (0x009300b3) add     ra, t1, s1
core   0: 3 0x80001e1c (0x009300b3) x 1 0x00000000
core   0: 0x80001e20 (0xb645c693) xori    a3, a1, -1180
core   0: 3 0x80001e20 (0xb645c693) x13 0xae359570
core   0: 0x80001e24 (0x76ac0e13) addi    t3, s8, 1898
core   0: 3 0x80001e24 (0x76ac0e13) x28 0x0000076a
core   0: 0x80001e28 (0x73238693) addi    a3, t2, 1842
core   0: 3 0x80001e28 (0x73238693) x13 0x000005a9
core   0: 0x80001e2c (0x00f9ac33) slt     s8, s3, a5
core   0: 3 0x80001e2c (0x00f9ac33) x24 0x00000001
core   0: 0x80001e30 (0x6347a293) slti    t0, a5, 1588
core   0: 3 0x80001e30 (0x6347a293) x 5 0x00000001
core   0: 0x80001e34 (0x006fa633) slt     a2, t6, t1
core   0: 3 0x80001e34 (0x006fa633) x12 0x00000000
core   0: 0x80001e38 (0x1dde1fb7) lui     t6, 0x1dde1
core   0: 3 0x80001e38 (0x1dde1fb7) x31 0x1dde1000
core   0: 0x80001e3c (0xe59f2393) slti    t2, t5, -423
core   0: 3 0x80001e3c (0xe59f2393) x 7 0x00000000
core   0: 0x80001e40 (0x00837eb3) and     t4, t1, s0
core   0: 3 0x80001e40 (0x00837eb3) x29 0x00000000
core   0: 0x80001e44 (0x00012933) slt     s2, sp, zero
core   0: 3 0x80001e44 (0x00012933) x18 0x00000000
core   0: 0x80001e48 (0x001b3eb3) sltu    t4, s6, ra
core   0: 3 0x80001e48 (0x001b3eb3) x29 0x00000000
core   0: 0x80001e4c (0x01e91433) sll     s0, s2, t5
core   0: 3 0x80001e4c (0x01e91433) x 8 0x00000000
core   0: 0x80001e50 (0xf7c3a797) auipc   a5, 0xf7c3a
core   0: 3 0x80001e50 (0xf7c3a797) x15 0x77c3be50
core   0: 0x80001e54 (0x00029733) sll     a4, t0, zero
core   0: 3 0x80001e54 (0x00029733) x14 0x00000001
core   0: 0x80001e58 (0x003cd413) srli    s0, s9, 3
core   0: 3 0x80001e58 (0x003cd413) x 8 0x17069364
core   0: 0x80001e5c (0x016f4633) xor     a2, t5, s6
core   0: 3 0x80001e5c (0x016f4633) x12 0x00000000
core   0: 0x80001e60 (0x40a50ab3) sub     s5, a0, a0
core   0: 3 0x80001e60 (0x40a50ab3) x21 0x00000000
core   0: 0x80001e64 (0x01bb9613) slli    a2, s7, 27
core   0: 3 0x80001e64 (0x01bb9613) x12 0xd8000000
core   0: 0x80001e68 (0x41050c33) sub     s8, a0, a6
core   0: 3 0x80001e68 (0x41050c33) x24 0x80015ce3
core   0: 0x80001e6c (0xc3dd34b7) lui     s1, 0xc3dd3
core   0: 3 0x80001e6c (0xc3dd34b7) x 9 0xc3dd3000
core   0: 0x80001e70 (0x11d88913) addi    s2, a7, 285
core   0: 3 0x80001e70 (0x11d88913) x18 0x0000011d
core   0: 0x80001e74 (0x402c5c13) srai    s8, s8, 2
core   0: 3 0x80001e74 (0x402c5c13) x24 0xe0005738
core   0: 0x80001e78 (0x01675d13) srli    s10, a4, 22
core   0: 3 0x80001e78 (0x01675d13) x26 0x00000000
core   0: 0x80001e7c (0xd91b93b7) lui     t2, 0xd91b9
core   0: 3 0x80001e7c (0xd91b93b7) x 7 0xd91b9000
core   0: 0x80001e80 (0x00fa5f93) srli    t6, s4, 15
core   0: 3 0x80001e80 (0x00fa5f93) x31 0x00000000
core   0: 0x80001e84 (0x00af0933) add     s2, t5, a0
core   0: 3 0x80001e84 (0x00af0933) x18 0x80015ce4
core   0: 0x80001e88 (0x99cc0c13) addi    s8, s8, -1636
core   0: 3 0x80001e88 (0x99cc0c13) x24 0xe00050d4
core   0: 0x80001e8c (0x00039493) slli    s1, t2, 0
core   0: 3 0x80001e8c (0x00039493) x 9 0xd91b9000
core   0: 0x80001e90 (0x01a33433) sltu    s0, t1, s10
core   0: 3 0x80001e90 (0x01a33433) x 8 0x00000000
core   0: 0x80001e94 (0x01e8c733) xor     a4, a7, t5
core   0: 3 0x80001e94 (0x01e8c733) x14 0x00000000
core   0: 0x80001e98 (0xbb20c313) xori    t1, ra, -1102
core   0: 3 0x80001e98 (0xbb20c313) x 6 0xfffffbb2
core   0: 0x80001e9c (0x00d78ab3) add     s5, a5, a3
core   0: 3 0x80001e9c (0x00d78ab3) x21 0x77c3c3f9
core   0: 0x80001ea0 (0x9a27ea17) auipc   s4, 0x9a27e
core   0: 3 0x80001ea0 (0x9a27ea17) x20 0x1a27fea0
core   0: 0x80001ea4 (0x01aa20b3) slt     ra, s4, s10
core   0: 3 0x80001ea4 (0x01aa20b3) x 1 0x00000000
core   0: 0x80001ea8 (0x01d62433) slt     s0, a2, t4
core   0: 3 0x80001ea8 (0x01d62433) x 8 0x00000001
core   0: 0x80001eac (0x0fc54e17) auipc   t3, 0xfc54
core   0: 3 0x80001eac (0x0fc54e17) x28 0x8fc55eac
core   0: 0x80001eb0 (0x2d5b3337) lui     t1, 0x2d5b3
core   0: 3 0x80001eb0 (0x2d5b3337) x 6 0x2d5b3000
core   0: 0x80001eb4 (0x002943b3) xor     t2, s2, sp
core   0: 3 0x80001eb4 (0x002943b3) x 7 0x80015ce4
core   0: 0x80001eb8 (0x6d46ad97) auipc   s11, 0x6d46a
core   0: 3 0x80001eb8 (0x6d46ad97) x27 0xed46beb8
core   0: 0x80001ebc (0x01b162b3) or      t0, sp, s11
core   0: 3 0x80001ebc (0x01b162b3) x 5 0xed46beb8
core   0: 0x80001ec0 (0xd374cc93) xori    s9, s1, -713
core   0: 3 0x80001ec0 (0xd374cc93) x25 0x26e46d37
core   0: 0x80001ec4 (0x3c084413) xori    s0, a6, 960
core   0: 3 0x80001ec4 (0x3c084413) x 8 0x000003c1
core   0: 0x80001ec8 (0xbfad8193) addi    gp, s11, -1030
core   0: 3 0x80001ec8 (0xbfad8193) x 3 0xed46bab2
core   0: 0x80001ecc (0x403605b3) sub     a1, a2, gp
core   0: 3 0x80001ecc (0x403605b3) x11 0xeab9454e
core   0: 0x80001ed0 (0x007533b3) sltu    t2, a0, t2
core   0: 3 0x80001ed0 (0x007533b3) x 7 0x00000000
core   0: 0x80001ed4 (0x4729a093) slti    ra, s3, 1138
core   0: 3 0x80001ed4 (0x4729a093) x 1 0x00000001
core   0: 0x80001ed8 (0x773a0d13) addi    s10, s4, 1907
core   0: 3 0x80001ed8 (0x773a0d13) x26 0x1a280613
core   0: 0x80001edc (0xb56b5097) auipc   ra, 0xb56b5
core   0: 3 0x80001edc (0xb56b5097) x 1 0x356b6edc
core   0: 0x80001ee0 (0x006d3a33) sltu    s4, s10, t1
core   0: 3 0x80001ee0 (0x006d3a33) x20 0x00000001
core   0: 0x80001ee4 (0x018b9b33) sll     s6, s7, s8
core   0: 3 0x80001ee4 (0x018b9b33) x22 0xcbb00000
core   0: 0x80001ee8 (0x00000013) nop
core   0: 3 0x80001ee8 (0x00000013)
core   0: 0x80001eec (0x8e9a58b7) lui     a7, 0x8e9a5
core   0: 3 0x80001eec (0x8e9a58b7) x17 0x8e9a5000
core   0: 0x80001ef0 (0x009f4db3) xor     s11, t5, s1
core   0: 3 0x80001ef0 (0x009f4db3) x27 0xd91b9000
core   0: 0x80001ef4 (0x8e596d93) ori     s11, s2, -1819
core   0: 3 0x80001ef4 (0x8e596d93) x27 0xfffffce5
core   0: 0x80001ef8 (0x01245733) srl     a4, s0, s2
core   0: 3 0x80001ef8 (0x01245733) x14 0x0000003c
core   0: 0x80001efc (0x74c23a93) sltiu   s5, tp, 1868
core   0: 3 0x80001efc (0x74c23a93) x21 0x00000000
core   0: 0x80001f00 (0x01ca9933) sll     s2, s5, t3
core   0: 3 0x80001f00 (0x01ca9933) x18 0x00000000
core   0: 0x80001f04 (0x01227eb3) and     t4, tp, s2
core   0: 3 0x80001f04 (0x01227eb3) x29 0x00000000
core   0: 0x80001f08 (0x00963f33) sltu    t5, a2, s1
core   0: 3 0x80001f08 (0x00963f33) x30 0x00000001
core   0: 0x80001f0c (0xf7357eb7) lui     t4, 0xf7357
core   0: 3 0x80001f0c (0xf7357eb7) x29 0xf7357000
core   0: 0x80001f10 (0x0041c3b3) xor     t2, gp, tp
core   0: 3 0x80001f10 (0x0041c3b3) x 7 0x6d47a4d6
core   0: 0x80001f14 (0x41bdd4b3) sra     s1, s11, s11
core   0: 3 0x80001f14 (0x41bdd4b3) x 9 0xffffffe7
core   0: 0x80001f18 (0x400b5413) srai    s0, s6, 0
core   0: 3 0x80001f18 (0x400b5413) x 8 0xcbb00000
core   0: 0x80001f1c (0x01265ab3) srl     s5, a2, s2
core   0: 3 0x80001f1c (0x01265ab3) x21 0xd8000000
core   0: 0x80001f20 (0x00953a33) sltu    s4, a0, s1
core   0: 3 0x80001f20 (0x00953a33) x20 0x00000001
core   0: 0x80001f24 (0x003c5e93) srli    t4, s8, 3
core   0: 3 0x80001f24 (0x003c5e93) x29 0x1c000a1a
core   0: 0x80001f28 (0x445bb193) sltiu   gp, s7, 1093
core   0: 3 0x80001f28 (0x445bb193) x 3 0x00000000
core   0: 0x80001f2c (0x015b06b3) add     a3, s6, s5
core   0: 3 0x80001f2c (0x015b06b3) x13 0xa3b00000
core   0: 0x80001f30 (0x00000013) nop
core   0: 3 0x80001f30 (0x00000013)
core   0: 0x80001f34 (0x014288b3) add     a7, t0, s4
core   0: 3 0x80001f34 (0x014288b3) x17 0xed46beb9
core   0: 0x80001f38 (0x013eb0b3) sltu    ra, t4, s3
core   0: 3 0x80001f38 (0x013eb0b3) x 1 0x00000001
core   0: 0x80001f3c (0x01b815b3) sll     a1, a6, s11
core   0: 3 0x80001f3c (0x01b815b3) x11 0x00000020
core   0: 0x80001f40 (0x00c0dd33) srl     s10, ra, a2
core   0: 3 0x80001f40 (0x00c0dd33) x26 0x00000001
core   0: 0x80001f44 (0x9dcc9717) auipc   a4, 0x9dcc9
core   0: 3 0x80001f44 (0x9dcc9717) x14 0x1dccaf44
core   0: 0x80001f48 (0x00799a33) sll     s4, s3, t2
core   0: 3 0x80001f48 (0x00799a33) x20 0x00000000
core   0: 0x80001f4c (0xdacf8d13) addi    s10, t6, -596
core   0: 3 0x80001f4c (0xdacf8d13) x26 0xfffffdac
core   0: 0x80001f50 (0x0b36cd37) lui     s10, 0xb36c
core   0: 3 0x80001f50 (0x0b36cd37) x26 0x0b36c000
core   0: 0x80001f54 (0x01a7d693) srli    a3, a5, 26
core   0: 3 0x80001f54 (0x01a7d693) x13 0x0000001d
core   0: 0x80001f58 (0x9b422593) slti    a1, tp, -1612
core   0: 3 0x80001f58 (0x9b422593) x11 0x00000001
core   0: 0x80001f5c (0x0008dcb3) srl     s9, a7, zero
core   0: 3 0x80001f5c (0x0008dcb3) x25 0xed46beb9
core   0: 0x80001f60 (0x001fd113) srli    sp, t6, 1
core   0: 3 0x80001f60 (0x001fd113) x 2 0x00000000
core   0: 0x80001f64 (0x41e9d493) srai    s1, s3, 30
core   0: 3 0x80001f64 (0x41e9d493) x 9 0xfffffffe
core   0: 0x80001f68 (0x013c9d33) sll     s10, s9, s3
core   0: 3 0x80001f68 (0x013c9d33) x26 0xed46beb9
core   0: 0x80001f6c (0x006cd3b3) srl     t2, s9, t1
core   0: 3 0x80001f6c (0x006cd3b3) x 7 0xed46beb9
core   0: 0x80001f70 (0x005e6fb3) or      t6, t3, t0
core   0: 3 0x80001f70 (0x005e6fb3) x31 0xefc7febc
core   0: 0x80001f74 (0x41e7df13) srai    t5, a5, 30
core   0: 3 0x80001f74 (0x41e7df13) x30 0x00000001
core   0: 0x80001f78 (0x01207e33) and     t3, zero, s2
core   0: 3 0x80001f78 (0x01207e33) x28 0x00000000
core   0: 0x80001f7c (0x01e15493) srli    s1, sp, 30
core   0: 3 0x80001f7c (0x01e15493) x 9 0x00000000
core   0: 0x80001f80 (0x01cd5393) srli    t2, s10, 28
core   0: 3 0x80001f80 (0x01cd5393) x 7 0x0000000e
core   0: 0x80001f84 (0x4fe5bc13) sltiu   s8, a1, 1278
core   0: 3 0x80001f84 (0x4fe5bc13) x24 0x00000001
core   0: 0x80001f88 (0x31d5bab7) lui     s5, 0x31d5b
core   0: 3 0x80001f88 (0x31d5bab7) x21 0x31d5b000
core   0: 0x80001f8c (0x004edc33) srl     s8, t4, tp
core   0: 3 0x80001f8c (0x004edc33) x24 0x01c000a1
core   0: 0x80001f90 (0x01204db3) xor     s11, zero, s2
core   0: 3 0x80001f90 (0x01204db3) x27 0x00000000
core   0: 0x80001f94 (0x00602fb3) slt     t6, zero, t1
core   0: 3 0x80001f94 (0x00602fb3) x31 0x00000001
core   0: 0x80001f98 (0x00a3df33) srl     t5, t2, a0
core   0: 3 0x80001f98 (0x00a3df33) x30 0x00000000
core   0: 0x80001f9c (0x019456b3) srl     a3, s0, s9
core   0: 3 0x80001f9c (0x019456b3) x13 0x00000065
core   0: 0x80001fa0 (0x0417bc13) sltiu   s8, a5, 65
core   0: 3 0x80001fa0 (0x0417bc13) x24 0x00000000
core   0: 0x80001fa4 (0x011f4d33) xor     s10, t5, a7
core   0: 3 0x80001fa4 (0x011f4d33) x26 0xed46beb9
core   0: 0x80001fa8 (0x41185633) sra     a2, a6, a7
core   0: 3 0x80001fa8 (0x41185633) x12 0x00000000
core   0: 0x80001fac (0x013677b3) and     a5, a2, s3
core   0: 3 0x80001fac (0x013677b3) x15 0x00000000
core   0: 0x80001fb0 (0x006d0b33) add     s6, s10, t1
core   0: 3 0x80001fb0 (0x006d0b33) x22 0x1aa1eeb9
core   0: 0x80001fb4 (0x0199bf33) sltu    t5, s3, s9
core   0: 3 0x80001fb4 (0x0199bf33) x30 0x00000001
core   0: 0x80001fb8 (0x012e1d33) sll     s10, t3, s2
core   0: 3 0x80001fb8 (0x012e1d33) x26 0x00000000
core   0: 0x80001fbc (0xa9970d93) addi    s11, a4, -1383
core   0: 3 0x80001fbc (0xa9970d93) x27 0x1dcca9dd
core   0: 0x80001fc0 (0x005a6eb3) or      t4, s4, t0
core   0: 3 0x80001fc0 (0x005a6eb3) x29 0xed46beb8
core   0: 0x80001fc4 (0x291f4493) xori    s1, t5, 657
core   0: 3 0x80001fc4 (0x291f4493) x 9 0x00000290
core   0: 0x80001fc8 (0xab63ad93) slti    s11, t2, -1354
core   0: 3 0x80001fc8 (0xab63ad93) x27 0x00000000
core   0: 0x80001fcc (0x01803db3) snez    s11, s8
core   0: 3 0x80001fcc (0x01803db3) x27 0x00000000
core   0: 0x80001fd0 (0x00ece7b3) or      a5, s9, a4
core   0: 3 0x80001fd0 (0x00ece7b3) x15 0xfdcebffd
core   0: 0x80001fd4 (0x00660a33) add     s4, a2, t1
core   0: 3 0x80001fd4 (0x00660a33) x20 0x2d5b3000
core   0: 0x80001fd8 (0x08d1f093) andi    ra, gp, 141
core   0: 3 0x80001fd8 (0x08d1f093) x 1 0x00000000
core   0: 0x80001fdc (0x010c1813) slli    a6, s8, 16
core   0: 3 0x80001fdc (0x010c1813) x16 0x00000000
core   0: 0x80001fe0 (0x004f8c33) add     s8, t6, tp
core   0: 3 0x80001fe0 (0x004f8c33) x24 0x80011e65
core   0: 0x80001fe4 (0x000e9e93) slli    t4, t4, 0
core   0: 3 0x80001fe4 (0x000e9e93) x29 0xed46beb8
core   0: 0x80001fe8 (0x01d1f033) and     zero, gp, t4
core   0: 3 0x80001fe8 (0x01d1f033)
core   0: 0x80001fec (0x9edbb737) lui     a4, 0x9edbb
core   0: 3 0x80001fec (0x9edbb737) x14 0x9edbb000
core   0: 0x80001ff0 (0x01c5fa33) and     s4, a1, t3
core   0: 3 0x80001ff0 (0x01c5fa33) x20 0x00000000
core   0: 0x80001ff4 (0x53448b13) addi    s6, s1, 1332
core   0: 3 0x80001ff4 (0x53448b13) x22 0x000007c4
core   0: 0x80001ff8 (0x418a8eb3) sub     t4, s5, s8
core   0: 3 0x80001ff8 (0x418a8eb3) x29 0xb1d4919b
core   0: 0x80001ffc (0x2d504c93) xori    s9, zero, 725
core   0: 3 0x80001ffc (0x2d504c93) x25 0x000002d5
core   0: 0x80002000 (0x25895597) auipc   a1, 0x25895
core   0: 3 0x80002000 (0x25895597) x11 0xa5897000
core   0: 0x80002004 (0x00000013) nop
core   0: 3 0x80002004 (0x00000013)
core   0: 0x80002008 (0x00306933) or      s2, zero, gp
core   0: 3 0x80002008 (0x00306933) x18 0x00000000
core   0: 0x8000200c (0x01711a13) slli    s4, sp, 23
core   0: 3 0x8000200c (0x01711a13) x20 0x00000000
core   0: 0x80002010 (0x00341cb3) sll     s9, s0, gp
core   0: 3 0x80002010 (0x00341cb3) x25 0xcbb00000
core   0: 0x80002014 (0xf36bb397) auipc   t2, 0xf36bb
core   0: 3 0x80002014 (0xf36bb397) x 7 0x736bd014
core   0: 0x80002018 (0x4170de93) srai    t4, ra, 23
core   0: 3 0x80002018 (0x4170de93) x29 0x00000000
core   0: 0x8000201c (0x0173ef33) or      t5, t2, s7
core   0: 3 0x8000201c (0x0173ef33) x30 0x77effcbf
core   0: 0x80002020 (0xa0f0fb13) andi    s6, ra, -1521
core   0: 3 0x80002020 (0xa0f0fb13) x22 0x00000000
core   0: 0x80002024 (0x0021eb33) or      s6, gp, sp
core   0: 3 0x80002024 (0x0021eb33) x22 0x00000000
core   0: 0x80002028 (0x007e8eb3) add     t4, t4, t2
core   0: 3 0x80002028 (0x007e8eb3) x29 0x736bd014
core   0: 0x8000202c (0x00fcd693) srli    a3, s9, 15
core   0: 3 0x8000202c (0x00fcd693) x13 0x00019760
core   0: 0x80002030 (0x00c5d6b3) srl     a3, a1, a2
core   0: 3 0x80002030 (0x00c5d6b3) x13 0xa5897000
core   0: 0x80002034 (0xc8194813) xori    a6, s2, -895
core   0: 3 0x80002034 (0xc8194813) x16 0xfffffc81
core   0: 0x80002038 (0x018efa33) and     s4, t4, s8
core   0: 3 0x80002038 (0x018efa33) x20 0x00011004
core   0: 0x8000203c (0x01d83033) sltu    zero, a6, t4
core   0: 3 0x8000203c (0x01d83033)
core   0: 0x80002040 (0x01346133) or      sp, s0, s3
core   0: 3 0x80002040 (0x01346133) x 2 0xcbb00000
core   0: 0x80002044 (0x013835b3) sltu    a1, a6, s3
core   0: 3 0x80002044 (0x013835b3) x11 0x00000000
core   0: 0x80002048 (0x408b5733) sra     a4, s6, s0
core   0: 3 0x80002048 (0x408b5733) x14 0x00000000
core   0: 0x8000204c (0x0047de93) srli    t4, a5, 4
core   0: 3 0x8000204c (0x0047de93) x29 0x0fdcebff
core   0: 0x80002050 (0x0110c733) xor     a4, ra, a7
core   0: 3 0x80002050 (0x0110c733) x14 0xed46beb9
core   0: 0x80002054 (0x41915f93) srai    t6, sp, 25
core   0: 3 0x80002054 (0x41915f93) x31 0xffffffe5
core   0: 0x80002058 (0x00000013) nop
core   0: 3 0x80002058 (0x00000013)
core   0: 0x8000205c (0x41165c33) sra     s8, a2, a7
core   0: 3 0x8000205c (0x41165c33) x24 0x00000000
core   0: 0x80002060 (0x0149b3b3) sltu    t2, s3, s4
core   0: 3 0x80002060 (0x0149b3b3) x 7 0x00000000
core   0: 0x80002064 (0x01e2d013) srli    zero, t0, 30
core   0: 3 0x80002064 (0x01e2d013)
core   0: 0x80002068 (0x39ce6693) ori     a3, t3, 924
core   0: 3 0x80002068 (0x39ce6693) x13 0x0000039c
core   0: 0x8000206c (0x00db1893) slli    a7, s6, 13
core   0: 3 0x8000206c (0x00db1893) x17 0x00000000
core   0: 0x80002070 (0x2bcd8b93) addi    s7, s11, 700
core   0: 3 0x80002070 (0x2bcd8b93) x23 0x000002bc
core   0: 0x80002074 (0x01e38db3) add     s11, t2, t5
core   0: 3 0x80002074 (0x01e38db3) x27 0x77effcbf
core   0: 0x80002078 (0x9425b413) sltiu   s0, a1, -1726
core   0: 3 0x80002078 (0x9425b413) x 8 0x00000001
core   0: 0x8000207c (0xc9b08613) addi    a2, ra, -869
core   0: 3 0x8000207c (0xc9b08613) x12 0xfffffc9b
core   0: 0x80002080 (0x40b9de93) srai    t4, s3, 11
core   0: 3 0x80002080 (0x40b9de93) x29 0xfff00000
core   0: 0x80002084 (0x014f27b3) slt     a5, t5, s4
core   0: 3 0x80002084 (0x014f27b3) x15 0x00000000
core   0: 0x80002088 (0x009b3ab3) sltu    s5, s6, s1
core   0: 3 0x80002088 (0x009b3ab3) x21 0x00000001
core   0: 0x8000208c (0x00000013) nop
core   0: 3 0x8000208c (0x00000013)
core   0: 0x80002090 (0x00321d13) slli    s10, tp, 3
core   0: 3 0x80002090 (0x00321d13) x26 0x0008f320
core   0: 0x80002094 (0x91cd3613) sltiu   a2, s10, -1764
core   0: 3 0x80002094 (0x91cd3613) x12 0x00000001
core   0: 0x80002098 (0x40c80eb3) sub     t4, a6, a2
core   0: 3 0x80002098 (0x40c80eb3) x29 0xfffffc80
core   0: 0x8000209c (0x405d5613) srai    a2, s10, 5
core   0: 3 0x8000209c (0x405d5613) x12 0x00004799
core   0: 0x800020a0 (0xd502af13) slti    t5, t0, -688
core   0: 3 0x800020a0 (0xd502af13) x30 0x00000001
core   0: 0x800020a4 (0x4061d1b3) sra     gp, gp, t1
core   0: 3 0x800020a4 (0x4061d1b3) x 3 0x00000000
core   0: 0x800020a8 (0x01f54f33) xor     t5, a0, t6
core   0: 3 0x800020a8 (0x01f54f33) x30 0x7ffea301
core   0: 0x800020ac (0x0180b6b3) sltu    a3, ra, s8
core   0: 3 0x800020ac (0x0180b6b3) x13 0x00000000
core   0: 0x800020b0 (0x74f2a437) lui     s0, 0x74f2a
core   0: 3 0x800020b0 (0x74f2a437) x 8 0x74f2a000
core   0: 0x800020b4 (0x414d8333) sub     t1, s11, s4
core   0: 3 0x800020b4 (0x414d8333) x 6 0x77eeecbb
core   0: 0x800020b8 (0x3e0d6c93) ori     s9, s10, 992
core   0: 3 0x800020b8 (0x3e0d6c93) x25 0x0008f3e0
core   0: 0x800020bc (0x0070b633) sltu    a2, ra, t2
core   0: 3 0x800020bc (0x0070b633) x12 0x00000000
core   0: 0x800020c0 (0x015904b3) add     s1, s2, s5
core   0: 3 0x800020c0 (0x015904b3) x 9 0x00000001
core   0: 0x800020c4 (0xaae0b013) sltiu   zero, ra, -1362
core   0: 3 0x800020c4 (0xaae0b013)
core   0: 0x800020c8 (0x414e55b3) sra     a1, t3, s4
core   0: 3 0x800020c8 (0x414e55b3) x11 0x00000000
core   0: 0x800020cc (0x01582bb3) slt     s7, a6, s5
core   0: 3 0x800020cc (0x01582bb3) x23 0x00000001
core   0: 0x800020d0 (0x0186d2b3) srl     t0, a3, s8
core   0: 3 0x800020d0 (0x0186d2b3) x 5 0x00000000
core   0: 0x800020d4 (0x006edfb3) srl     t6, t4, t1
core   0: 3 0x800020d4 (0x006edfb3) x31 0x0000001f
core   0: 0x800020d8 (0xf5eec393) xori    t2, t4, -162
core   0: 3 0x800020d8 (0xf5eec393) x 7 0x000003de
core   0: 0x800020dc (0x41b3d433) sra     s0, t2, s11
core   0: 3 0x800020dc (0x41b3d433) x 8 0x00000000
core   0: 0x800020e0 (0x412c0033) sub     zero, s8, s2
core   0: 3 0x800020e0 (0x412c0033)
core   0: 0x800020e4 (0x00000013) nop
core   0: 3 0x800020e4 (0x00000013)
core   0: 0x800020e8 (0x87bce337) lui     t1, 0x87bce
core   0: 3 0x800020e8 (0x87bce337) x 6 0x87bce000
core   0: 0x800020ec (0x016e3db3) sltu    s11, t3, s6
core   0: 3 0x800020ec (0x016e3db3) x27 0x00000000
core   0: 0x800020f0 (0xa59a8593) addi    a1, s5, -1447
core   0: 3 0x800020f0 (0xa59a8593) x11 0xfffffa5a
core   0: 0x800020f4 (0x401d02b3) sub     t0, s10, ra
core   0: 3 0x800020f4 (0x401d02b3) x 5 0x0008f320
core   0: 0x800020f8 (0x01ca4c93) xori    s9, s4, 28
core   0: 3 0x800020f8 (0x01ca4c93) x25 0x00011018
core   0: 0x800020fc (0x00bbad33) slt     s10, s7, a1
core   0: 3 0x800020fc (0x00bbad33) x26 0x00000000
core   0: 0x80002100 (0x40b45013) srai    zero, s0, 11
core   0: 3 0x80002100 (0x40b45013)
core   0: 0x80002104 (0x00caf833) and     a6, s5, a2
core   0: 3 0x80002104 (0x00caf833) x16 0x00000000
core   0: 0x80002108 (0x005c66b3) or      a3, s8, t0
core   0: 3 0x80002108 (0x005c66b3) x13 0x0008f320
core   0: 0x8000210c (0x01c25b93) srli    s7, tp, 28
core   0: 3 0x8000210c (0x01c25b93) x23 0x00000008
core   0: 0x80002110 (0x0037dd13) srli    s10, a5, 3
core   0: 3 0x80002110 (0x0037dd13) x26 0x00000000
core   0: 0x80002114 (0x016c68b3) or      a7, s8, s6
core   0: 3 0x80002114 (0x016c68b3) x17 0x00000000
core   0: 0x80002118 (0x8e9e31b7) lui     gp, 0x8e9e3
core   0: 3 0x80002118 (0x8e9e31b7) x 3 0x8e9e3000
core   0: 0x8000211c (0x4121dd33) sra     s10, gp, s2
core   0: 3 0x8000211c (0x4121dd33) x26 0x8e9e3000
core   0: 0x80002120 (0x41b75413) srai    s0, a4, 27
core   0: 3 0x80002120 (0x41b75413) x 8 0xfffffffd
core   0: 0x80002124 (0x00233a33) sltu    s4, t1, sp
core   0: 3 0x80002124 (0x00233a33) x20 0x00000001
core   0: 0x80002128 (0x00013db3) sltu    s11, sp, zero
core   0: 3 0x80002128 (0x00013db3) x27 0x00000000
core   0: 0x8000212c (0x40a981b3) sub     gp, s3, a0
core   0: 3 0x8000212c (0x40a981b3) x 3 0xfffea31c
core   0: 0x80002130 (0x40130633) sub     a2, t1, ra
core   0: 3 0x80002130 (0x40130633) x12 0x87bce000
core   0: 0x80002134 (0xfebc8e13) addi    t3, s9, -21
core   0: 3 0x80002134 (0xfebc8e13) x28 0x00011003
core   0: 0x80002138 (0x009e85b3) add     a1, t4, s1
core   0: 3 0x80002138 (0x009e85b3) x11 0xfffffc81
core   0: 0x8000213c (0xda9ffe13) andi    t3, t6, -599
core   0: 3 0x8000213c (0xda9ffe13) x28 0x00000009
core   0: 0x80002140 (0x403205b3) sub     a1, tp, gp
core   0: 3 0x80002140 (0x403205b3) x11 0x80027b48
core   0: 0x80002144 (0x24843a13) sltiu   s4, s0, 584
core   0: 3 0x80002144 (0x24843a13) x20 0x00000000
core   0: 0x80002148 (0x018138b3) sltu    a7, sp, s8
core   0: 3 0x80002148 (0x018138b3) x17 0x00000000
core   0: 0x8000214c (0x00000013) nop
core   0: 3 0x8000214c (0x00000013)
core   0: 0x80002150 (0x00e210b3) sll     ra, tp, a4
core   0: 3 0x80002150 (0x00e210b3) x 1 0xc8000000
core   0: 0x80002154 (0x11e9b417) auipc   s0, 0x11e9b
core   0: 3 0x80002154 (0x11e9b417) x 8 0x91e9d154
core   0: 0x80002158 (0x0e99ce37) lui     t3, 0xe99c
core   0: 3 0x80002158 (0x0e99ce37) x28 0x0e99c000
core   0: 0x8000215c (0x48a19b37) lui     s6, 0x48a19
core   0: 3 0x8000215c (0x48a19b37) x22 0x48a19000
core   0: 0x80002160 (0xd57b0b13) addi    s6, s6, -681
core   0: 3 0x80002160 (0xd57b0b13) x22 0x48a18d57
core   0: 0x80002164 (0x00000413) li      s0, 0
core   0: 3 0x80002164 (0x00000413) x 8 0x00000000
core   0: 0x80002168 (0x00000793) li      a5, 0
core   0: 3 0x80002168 (0x00000793) x15 0x00000000
core   0: 0x8000216c (0xfff00293) li      t0, -1
core   0: 3 0x8000216c (0xfff00293) x 5 0xffffffff
core   0: 0x80002170 (0xfff00193) li      gp, -1
core   0: 3 0x80002170 (0xfff00193) x 3 0xffffffff
core   0: 0x80002174 (0x800006b7) lui     a3, 0x80000
core   0: 3 0x80002174 (0x800006b7) x13 0x80000000
core   0: 0x80002178 (0x80000ab7) lui     s5, 0x80000
core   0: 3 0x80002178 (0x80000ab7) x21 0x80000000
core   0: 0x8000217c (0xf5553137) lui     sp, 0xf5553
core   0: 3 0x8000217c (0xf5553137) x 2 0xf5553000
core   0: 0x80002180 (0xf2810113) addi    sp, sp, -216
core   0: 3 0x80002180 (0xf2810113) x 2 0xf5552f28
core   0: 0x80002184 (0x80000cb7) lui     s9, 0x80000
core   0: 3 0x80002184 (0x80000cb7) x25 0x80000000
core   0: 0x80002188 (0xfff00913) li      s2, -1
core   0: 3 0x80002188 (0xfff00913) x18 0xffffffff
core   0: 0x8000218c (0x408c87b3) sub     a5, s9, s0
core   0: 3 0x8000218c (0x408c87b3) x15 0x80000000
core   0: 0x80002190 (0x403686b3) sub     a3, a3, gp
core   0: 3 0x80002190 (0x403686b3) x13 0x80000001
core   0: 0x80002194 (0x00000013) nop
core   0: 3 0x80002194 (0x00000013)
core   0: 0x80002198 (0x00540933) add     s2, s0, t0
core   0: 3 0x80002198 (0x00540933) x18 0xffffffff
core   0: 0x8000219c (0xf6fdf797) auipc   a5, 0xf6fdf
core   0: 3 0x8000219c (0xf6fdf797) x15 0x76fe119c
core   0: 0x800021a0 (0x402b0cb3) sub     s9, s6, sp
core   0: 3 0x800021a0 (0x402b0cb3) x25 0x534c5e2f
core   0: 0x800021a4 (0xe7ab6937) lui     s2, 0xe7ab6
core   0: 3 0x800021a4 (0xe7ab6937) x18 0xe7ab6000
core   0: 0x800021a8 (0xce360197) auipc   gp, 0xce360
core   0: 3 0x800021a8 (0xce360197) x 3 0x4e3621a8
core   0: 0x800021ac (0xf3778a93) addi    s5, a5, -201
core   0: 3 0x800021ac (0xf3778a93) x21 0x76fe10d3
core   0: 0x800021b0 (0x003b0433) add     s0, s6, gp
core   0: 3 0x800021b0 (0x003b0433) x 8 0x96d7aeff
core   0: 0x800021b4 (0xa856a417) auipc   s0, 0xa856a
core   0: 3 0x800021b4 (0xa856a417) x 8 0x2856c1b4
core   0: 0x800021b8 (0xe1718293) addi    t0, gp, -489
core   0: 3 0x800021b8 (0xe1718293) x 5 0x4e361fbf
core   0: 0x800021bc (0x00000013) nop
core   0: 3 0x800021bc (0x00000013)
core   0: 0x800021c0 (0x00fb07b3) add     a5, s6, a5
core   0: 3 0x800021c0 (0x00fb07b3) x15 0xbf9f9ef3
core   0: 0x800021c4 (0x419781b3) sub     gp, a5, s9
core   0: 3 0x800021c4 (0x419781b3) x 3 0x6c5340c4
core   0: 0x800021c8 (0x1e23a1b7) lui     gp, 0x1e23a
core   0: 3 0x800021c8 (0x1e23a1b7) x 3 0x1e23a000
core   0: 0x800021cc (0xa3e12a17) auipc   s4, 0xa3e12
core   0: 3 0x800021cc (0xa3e12a17) x20 0x23e141cc
core   0: 0x800021d0 (0x32682c93) slti    s9, a6, 806
core   0: 3 0x800021d0 (0x32682c93) x25 0x00000001
core   0: 0x800021d4 (0x017c88b3) add     a7, s9, s7
core   0: 3 0x800021d4 (0x017c88b3) x17 0x00000009
core   0: 0x800021d8 (0x017f8a33) add     s4, t6, s7
core   0: 3 0x800021d8 (0x017f8a33) x20 0x00000027
core   0: 0x800021dc (0x0011feb3) and     t4, gp, ra
core   0: 3 0x800021dc (0x0011feb3) x29 0x08000000
core   0: 0x800021e0 (0x01251313) slli    t1, a0, 18
core   0: 3 0x800021e0 (0x01251313) x 6 0x73900000
core   0: 0x800021e4 (0x013dd493) srli    s1, s11, 19
core   0: 3 0x800021e4 (0x013dd493) x 9 0x00000000
core   0: 0x800021e8 (0x9068bf13) sltiu   t5, a7, -1786
core   0: 3 0x800021e8 (0x9068bf13) x30 0x00000001
core   0: 0x800021ec (0x010fb333) sltu    t1, t6, a6
core   0: 3 0x800021ec (0x010fb333) x 6 0x00000000
core   0: 0x800021f0 (0x41fe8fb3) sub     t6, t4, t6
core   0: 3 0x800021f0 (0x41fe8fb3) x31 0x07ffffe1
core   0: 0x800021f4 (0x26cc0493) addi    s1, s8, 620
core   0: 3 0x800021f4 (0x26cc0493) x 9 0x0000026c
core   0: 0x800021f8 (0x0195b333) sltu    t1, a1, s9
core   0: 3 0x800021f8 (0x0195b333) x 6 0x00000000
core   0: 0x800021fc (0x00d64933) xor     s2, a2, a3
core   0: 3 0x800021fc (0x00d64933) x18 0x07bce001
core   0: 0x80002200 (0xa8c93593) sltiu   a1, s2, -1396
core   0: 3 0x80002200 (0xa8c93593) x11 0x00000001
core   0: 0x80002204 (0x015bc633) xor     a2, s7, s5
core   0: 3 0x80002204 (0x015bc633) x12 0x76fe10db
core   0: 0x80002208 (0x4008d393) srai    t2, a7, 0
core   0: 3 0x80002208 (0x4008d393) x 7 0x00000009
core   0: 0x8000220c (0x410ed593) srai    a1, t4, 16
core   0: 3 0x8000220c (0x410ed593) x11 0x00000800
core   0: 0x80002210 (0x01211d93) slli    s11, sp, 18
core   0: 3 0x80002210 (0x01211d93) x27 0xbca00000
core   0: 0x80002214 (0x00342ab3) slt     s5, s0, gp
core   0: 3 0x80002214 (0x00342ab3) x21 0x00000000
core   0: 0x80002218 (0x00044a33) xor     s4, s0, zero
core   0: 3 0x80002218 (0x00044a33) x20 0x2856c1b4
core   0: 0x8000221c (0x003d80b3) add     ra, s11, gp
core   0: 3 0x8000221c (0x003d80b3) x 1 0xdac3a000
core   0: 0x80002220 (0x3e8f2a13) slti    s4, t5, 1000
core   0: 3 0x80002220 (0x3e8f2a13) x20 0x00000001
core   0: 0x80002224 (0x40f9df13) srai    t5, s3, 15
core   0: 3 0x80002224 (0x40f9df13) x30 0xffff0000
core   0: 0x80002228 (0xaf362c93) slti    s9, a2, -1293
core   0: 3 0x80002228 (0xaf362c93) x25 0x00000000
core   0: 0x8000222c (0x01f341b3) xor     gp, t1, t6
core   0: 3 0x8000222c (0x01f341b3) x 3 0x07ffffe1
core   0: 0x80002230 (0x01ccde13) srli    t3, s9, 28
core   0: 3 0x80002230 (0x01ccde13) x28 0x00000000
core   0: 0x80002234 (0x11509db7) lui     s11, 0x11509
core   0: 3 0x80002234 (0x11509db7) x27 0x11509000
core   0: 0x80002238 (0x01704133) xor     sp, zero, s7
core   0: 3 0x80002238 (0x01704133) x 2 0x00000008
core   0: 0x8000223c (0x410b88b3) sub     a7, s7, a6
core   0: 3 0x8000223c (0x410b88b3) x17 0x00000008
core   0: 0x80002240 (0x45dae137) lui     sp, 0x45dae
core   0: 3 0x80002240 (0x45dae137) x 2 0x45dae000
core   0: 0x80002244 (0x00d95a93) srli    s5, s2, 13
core   0: 3 0x80002244 (0x00d95a93) x21 0x00003de7
core   0: 0x80002248 (0x6b3dea93) ori     s5, s11, 1715
core   0: 3 0x80002248 (0x6b3dea93) x21 0x115096b3
core   0: 0x8000224c (0x1131c393) xori    t2, gp, 275
core   0: 3 0x8000224c (0x1131c393) x 7 0x07fffef2
core   0: 0x80002250 (0x01953cb3) sltu    s9, a0, s9
core   0: 3 0x80002250 (0x01953cb3) x25 0x00000000
core   0: 0x80002254 (0x0013bab3) sltu    s5, t2, ra
core   0: 3 0x80002254 (0x0013bab3) x21 0x00000001
core   0: 0x80002258 (0x016d5693) srli    a3, s10, 22
core   0: 3 0x80002258 (0x016d5693) x13 0x0000023a
core   0: 0x8000225c (0x8bace3b7) lui     t2, 0x8bace
core   0: 3 0x8000225c (0x8bace3b7) x 7 0x8bace000
core   0: 0x80002260 (0xfdbdf813) andi    a6, s11, -37
core   0: 3 0x80002260 (0xfdbdf813) x16 0x11509000
core   0: 0x80002264 (0x942c2d93) slti    s11, s8, -1726
core   0: 3 0x80002264 (0x942c2d93) x27 0x00000000
core   0: 0x80002268 (0x409354b3) sra     s1, t1, s1
core   0: 3 0x80002268 (0x409354b3) x 9 0x00000000
core   0: 0x8000226c (0x000746b3) xor     a3, a4, zero
core   0: 3 0x8000226c (0x000746b3) x13 0xed46beb9
core   0: 0x80002270 (0x0108bab3) sltu    s5, a7, a6
core   0: 3 0x80002270 (0x0108bab3) x21 0x00000001
core   0: 0x80002274 (0x5caa0013) addi    zero, s4, 1482
core   0: 3 0x80002274 (0x5caa0013)
core   0: 0x80002278 (0x1657a813) slti    a6, a5, 357
core   0: 3 0x80002278 (0x1657a813) x16 0x00000001
core   0: 0x8000227c (0x0041dc13) srli    s8, gp, 4
core   0: 3 0x8000227c (0x0041dc13) x24 0x007ffffe
core   0: 0x80002280 (0x01ce68b3) or      a7, t3, t3
core   0: 3 0x80002280 (0x01ce68b3) x17 0x00000000
core   0: 0x80002284 (0x3c958d97) auipc   s11, 0x3c958
core   0: 3 0x80002284 (0x3c958d97) x27 0xbc95a284
core   0: 0x80002288 (0x0154fb33) and     s6, s1, s5
core   0: 3 0x80002288 (0x0154fb33) x22 0x00000000
core   0: 0x8000228c (0x00000013) nop
core   0: 3 0x8000228c (0x00000013)
core   0: 0x80002290 (0x33358913) addi    s2, a1, 819
core   0: 3 0x80002290 (0x33358913) x18 0x00000b33
core   0: 0x80002294 (0x0035b2b3) sltu    t0, a1, gp
core   0: 3 0x80002294 (0x0035b2b3) x 5 0x00000001
core   0: 0x80002298 (0x008fd2b3) srl     t0, t6, s0
core   0: 3 0x80002298 (0x008fd2b3) x 5 0x0000007f
core   0: 0x8000229c (0x013a1c13) slli    s8, s4, 19
core   0: 3 0x8000229c (0x013a1c13) x24 0x00080000
core   0: 0x800022a0 (0x01c04b33) xor     s6, zero, t3
core   0: 3 0x800022a0 (0x01c04b33) x22 0x00000000
core   0: 0x800022a4 (0x01dbf933) and     s2, s7, t4
core   0: 3 0x800022a4 (0x01dbf933) x18 0x00000000
core   0: 0x800022a8 (0x004987b3) add     a5, s3, tp
core   0: 3 0x800022a8 (0x004987b3) x15 0x00011e64
core   0: 0x800022ac (0x40c25e33) sra     t3, tp, a2
core   0: 3 0x800022ac (0x40c25e33) x28 0xfffffff0
core   0: 0x800022b0 (0x00b4d913) srli    s2, s1, 11
core   0: 3 0x800022b0 (0x00b4d913) x18 0x00000000
core   0: 0x800022b4 (0x01e7f433) and     s0, a5, t5
core   0: 3 0x800022b4 (0x01e7f433) x 8 0x00010000
core   0: 0x800022b8 (0x004a2fb3) slt     t6, s4, tp
core   0: 3 0x800022b8 (0x004a2fb3) x31 0x00000000
core   0: 0x800022bc (0x73123293) sltiu   t0, tp, 1841
core   0: 3 0x800022bc (0x73123293) x 5 0x00000000
core   0: 0x800022c0 (0x014d1f33) sll     t5, s10, s4
core   0: 3 0x800022c0 (0x014d1f33) x30 0x1d3c6000
core   0: 0x800022c4 (0xd026c013) xori    zero, a3, -766
core   0: 3 0x800022c4 (0xd026c013)
core   0: 0x800022c8 (0x000c2a33) slt     s4, s8, zero
core   0: 3 0x800022c8 (0x000c2a33) x20 0x00000000
core   0: 0x800022cc (0x01c12eb3) slt     t4, sp, t3
core   0: 3 0x800022cc (0x01c12eb3) x29 0x00000000
core   0: 0x800022d0 (0x01c33db3) sltu    s11, t1, t3
core   0: 3 0x800022d0 (0x01c33db3) x27 0x00000001
core   0: 0x800022d4 (0xf6106bb7) lui     s7, 0xf6106
core   0: 3 0x800022d4 (0xf6106bb7) x23 0xf6106000
core   0: 0x800022d8 (0x0062d293) srli    t0, t0, 6
core   0: 3 0x800022d8 (0x0062d293) x 5 0x00000000
core   0: 0x800022dc (0x4f103497) auipc   s1, 0x4f103
core   0: 3 0x800022dc (0x4f103497) x 9 0xcf1052dc
core   0: 0x800022e0 (0x014b11b3) sll     gp, s6, s4
core   0: 3 0x800022e0 (0x014b11b3) x 3 0x00000000
core   0: 0x800022e4 (0x01fdf333) and     t1, s11, t6
core   0: 3 0x800022e4 (0x01fdf333) x 6 0x00000000
core   0: 0x800022e8 (0x0010afb3) slt     t6, ra, ra
core   0: 3 0x800022e8 (0x0010afb3) x31 0x00000000
core   0: 0x800022ec (0x00000013) nop
core   0: 3 0x800022ec (0x00000013)
core   0: 0x800022f0 (0x01493a33) sltu    s4, s2, s4
core   0: 3 0x800022f0 (0x01493a33) x20 0x00000000
core   0: 0x800022f4 (0x006530b3) sltu    ra, a0, t1
core   0: 3 0x800022f4 (0x006530b3) x 1 0x00000000
core   0: 0x800022f8 (0x81bacd93) xori    s11, s5, -2021
core   0: 3 0x800022f8 (0x81bacd93) x27 0xfffff81a
core   0: 0x800022fc (0xf39c8493) addi    s1, s9, -199
core   0: 3 0x800022fc (0xf39c8493) x 9 0xffffff39
core   0: 0x80002300 (0x0106fe33) and     t3, a3, a6
core   0: 3 0x80002300 (0x0106fe33) x28 0x00000001
core   0: 0x80002304 (0x013e9493) slli    s1, t4, 19
core   0: 3 0x80002304 (0x013e9493) x 9 0x00000000
core   0: 0x80002308 (0xf75ef193) andi    gp, t4, -139
core   0: 3 0x80002308 (0xf75ef193) x 3 0x00000000
core   0: 0x8000230c (0x01c4d413) srli    s0, s1, 28
core   0: 3 0x8000230c (0x01c4d413) x 8 0x00000000
core   0: 0x80002310 (0x015c3cb3) sltu    s9, s8, s5
core   0: 3 0x80002310 (0x015c3cb3) x25 0x00000000
core   0: 0x80002314 (0x01b4acb3) slt     s9, s1, s11
core   0: 3 0x80002314 (0x01b4acb3) x25 0x00000000
core   0: 0x80002318 (0x4068bfb7) lui     t6, 0x4068b
core   0: 3 0x80002318 (0x4068bfb7) x31 0x4068b000
core   0: 0x8000231c (0x01d18633) add     a2, gp, t4
core   0: 3 0x8000231c (0x01d18633) x12 0x00000000
core   0: 0x80002320 (0x01fd7ab3) and     s5, s10, t6
core   0: 3 0x80002320 (0x01fd7ab3) x21 0x00083000
core   0: 0x80002324 (0xe5ae7b93) andi    s7, t3, -422
core   0: 3 0x80002324 (0xe5ae7b93) x23 0x00000000
core   0: 0x80002328 (0x01c64cb3) xor     s9, a2, t3
core   0: 3 0x80002328 (0x01c64cb3) x25 0x00000001
core   0: 0x8000232c (0xdab5f593) andi    a1, a1, -597
core   0: 3 0x8000232c (0xdab5f593) x11 0x00000800
core   0: 0x80002330 (0x009aeeb3) or      t4, s5, s1
core   0: 3 0x80002330 (0x009aeeb3) x29 0x00083000
core   0: 0x80002334 (0x41e702b3) sub     t0, a4, t5
core   0: 3 0x80002334 (0x41e702b3) x 5 0xd00a5eb9
core   0: 0x80002338 (0x40f9d133) sra     sp, s3, a5
core   0: 3 0x80002338 (0x40f9d133) x 2 0xf8000000
core   0: 0x8000233c (0xfc21e313) ori     t1, gp, -62
core   0: 3 0x8000233c (0xfc21e313) x 6 0xffffffc2
core   0: 0x80002340 (0x01192733) slt     a4, s2, a7
core   0: 3 0x80002340 (0x01192733) x14 0x00000000
core   0: 0x80002344 (0x002ffd33) and     s10, t6, sp
core   0: 3 0x80002344 (0x002ffd33) x26 0x40000000
core   0: 0x80002348 (0x00a61693) slli    a3, a2, 10
core   0: 3 0x80002348 (0x00a61693) x13 0x00000000
core   0: 0x8000234c (0x010d97b3) sll     a5, s11, a6
core   0: 3 0x8000234c (0x010d97b3) x15 0xfffff034
core   0: 0x80002350 (0x01f07933) and     s2, zero, t6
core   0: 3 0x80002350 (0x01f07933) x18 0x00000000
core   0: 0x80002354 (0x40f20bb3) sub     s7, tp, a5
core   0: 3 0x80002354 (0x40f20bb3) x23 0x80012e30
core   0: 0x80002358 (0x8205bf93) sltiu   t6, a1, -2016
core   0: 3 0x80002358 (0x8205bf93) x31 0x00000001
core   0: 0x8000235c (0x00f23a33) sltu    s4, tp, a5
core   0: 3 0x8000235c (0x00f23a33) x20 0x00000001
core   0: 0x80002360 (0x00000013) nop
core   0: 3 0x80002360 (0x00000013)
core   0: 0x80002364 (0x40f1de93) srai    t4, gp, 15
core   0: 3 0x80002364 (0x40f1de93) x29 0x00000000
core   0: 0x80002368 (0x01fd12b3) sll     t0, s10, t6
core   0: 3 0x80002368 (0x01fd12b3) x 5 0x80000000
core   0: 0x8000236c (0x3f86f6b7) lui     a3, 0x3f86f
core   0: 3 0x8000236c (0x3f86f6b7) x13 0x3f86f000
core   0: 0x80002370 (0xdcd46f17) auipc   t5, 0xdcd46
core   0: 3 0x80002370 (0xdcd46f17) x30 0x5cd48370
core   0: 0x80002374 (0x01fbf933) and     s2, s7, t6
core   0: 3 0x80002374 (0x01fbf933) x18 0x00000000
core   0: 0x80002378 (0x3c8fe913) ori     s2, t6, 968
core   0: 3 0x80002378 (0x3c8fe913) x18 0x000003c9
core   0: 0x8000237c (0x404703b3) sub     t2, a4, tp
core   0: 3 0x8000237c (0x404703b3) x 7 0x7ffee19c
core   0: 0x80002380 (0x0129d193) srli    gp, s3, 18
core   0: 3 0x80002380 (0x0129d193) x 3 0x00002000
core   0: 0x80002384 (0x0018e133) or      sp, a7, ra
core   0: 3 0x80002384 (0x0018e133) x 2 0x00000000
core   0: 0x80002388 (0x00000013) nop
core   0: 3 0x80002388 (0x00000013)
core   0: 0x8000238c (0x2eb7d437) lui     s0, 0x2eb7d
core   0: 3 0x8000238c (0x2eb7d437) x 8 0x2eb7d000
core   0: 0x80002390 (0x00000013) nop
core   0: 3 0x80002390 (0x00000013)
core   0: 0x80002394 (0x012e45b3) xor     a1, t3, s2
core   0: 3 0x80002394 (0x012e45b3) x11 0x000003c8
core   0: 0x80002398 (0x5598c293) xori    t0, a7, 1369
core   0: 3 0x80002398 (0x5598c293) x 5 0x00000559
core   0: 0x8000239c (0x00483f93) sltiu   t6, a6, 4
core   0: 3 0x8000239c (0x00483f93) x31 0x00000001
core   0: 0x800023a0 (0x00543db3) sltu    s11, s0, t0
core   0: 3 0x800023a0 (0x00543db3) x27 0x00000000
core   0: 0x800023a4 (0xa9868197) auipc   gp, 0xa9868
core   0: 3 0x800023a4 (0xa9868197) x 3 0x2986a3a4
core   0: 0x800023a8 (0x0028db93) srli    s7, a7, 2
core   0: 3 0x800023a8 (0x0028db93) x23 0x00000000
core   0: 0x800023ac (0x000548b3) xor     a7, a0, zero
core   0: 3 0x800023ac (0x000548b3) x17 0x80015ce4
core   0: 0x800023b0 (0x01035d13) srli    s10, t1, 16
core   0: 3 0x800023b0 (0x01035d13) x26 0x0000ffff
core   0: 0x800023b4 (0x00abd913) srli    s2, s7, 10
core   0: 3 0x800023b4 (0x00abd913) x18 0x00000000
core   0: 0x800023b8 (0x00178db3) add     s11, a5, ra
core   0: 3 0x800023b8 (0x00178db3) x27 0xfffff034
core   0: 0x800023bc (0x01011f93) slli    t6, sp, 16
core   0: 3 0x800023bc (0x01011f93) x31 0x00000000
core   0: 0x800023c0 (0x0031fcb3) and     s9, gp, gp
core   0: 3 0x800023c0 (0x0031fcb3) x25 0x2986a3a4
core   0: 0x800023c4 (0x709b0b13) addi    s6, s6, 1801
core   0: 3 0x800023c4 (0x709b0b13) x22 0x00000709
core   0: 0x800023c8 (0x409bd313) srai    t1, s7, 9
core   0: 3 0x800023c8 (0x409bd313) x 6 0x00000000
core   0: 0x800023cc (0x00771c93) slli    s9, a4, 7
core   0: 3 0x800023cc (0x00771c93) x25 0x00000000
core   0: 0x800023d0 (0x00000013) nop
core   0: 3 0x800023d0 (0x00000013)
core   0: 0x800023d4 (0x16dced13) ori     s10, s9, 365
core   0: 3 0x800023d4 (0x16dced13) x26 0x0000016d
core   0: 0x800023d8 (0xb2c17913) andi    s2, sp, -1236
core   0: 3 0x800023d8 (0xb2c17913) x18 0x00000000
core   0: 0x800023dc (0x7b7be837) lui     a6, 0x7b7be
core   0: 3 0x800023dc (0x7b7be837) x16 0x7b7be000
core   0: 0x800023e0 (0x4164d893) srai    a7, s1, 22
core   0: 3 0x800023e0 (0x4164d893) x17 0x00000000
core   0: 0x800023e4 (0x019754b3) srl     s1, a4, s9
core   0: 3 0x800023e4 (0x019754b3) x 9 0x00000000
core   0: 0x800023e8 (0x012bb833) sltu    a6, s7, s2
core   0: 3 0x800023e8 (0x012bb833) x16 0x00000000
core   0: 0x800023ec (0x410b5333) sra     t1, s6, a6
core   0: 3 0x800023ec (0x410b5333) x 6 0x00000709
core   0: 0x800023f0 (0xa0f78113) addi    sp, a5, -1521
core   0: 3 0x800023f0 (0xa0f78113) x 2 0xffffea43
core   0: 0x800023f4 (0x003b9b93) slli    s7, s7, 3
core   0: 3 0x800023f4 (0x003b9b93) x23 0x00000000
core   0: 0x800023f8 (0x51da7313) andi    t1, s4, 1309
core   0: 3 0x800023f8 (0x51da7313) x 6 0x00000001
core   0: 0x800023fc (0x007474b3) and     s1, s0, t2
core   0: 3 0x800023fc (0x007474b3) x 9 0x2eb6c000
core   0: 0x80002400 (0x00e3db33) srl     s6, t2, a4
core   0: 3 0x80002400 (0x00e3db33) x22 0x7ffee19c
core   0: 0x80002404 (0x9cc80b93) addi    s7, a6, -1588
core   0: 3 0x80002404 (0x9cc80b93) x23 0xfffff9cc
core   0: 0x80002408 (0x00720c33) add     s8, tp, t2
core   0: 3 0x80002408 (0x00720c33) x24 0x00000000
core   0: 0x8000240c (0x00000013) nop
core   0: 3 0x8000240c (0x00000013)
core   0: 0x80002410 (0x01bd2bb3) slt     s7, s10, s11
core   0: 3 0x80002410 (0x01bd2bb3) x23 0x00000000
core   0: 0x80002414 (0x4158da93) srai    s5, a7, 21
core   0: 3 0x80002414 (0x4158da93) x21 0x00000000
core   0: 0x80002418 (0x41fad4b3) sra     s1, s5, t6
core   0: 3 0x80002418 (0x41fad4b3) x 9 0x00000000
core   0: 0x8000241c (0x00192bb3) slt     s7, s2, ra
core   0: 3 0x8000241c (0x00192bb3) x23 0x00000000
core   0: 0x80002420 (0x8069c093) xori    ra, s3, -2042
core   0: 3 0x80002420 (0x8069c093) x 1 0x7ffff806
core   0: 0x80002424 (0xb20def93) ori     t6, s11, -1248
core   0: 3 0x80002424 (0xb20def93) x31 0xfffffb34
core   0: 0x80002428 (0xeb583593) sltiu   a1, a6, -331
core   0: 3 0x80002428 (0xeb583593) x11 0x00000001
core   0: 0x8000242c (0x00000013) nop
core   0: 3 0x8000242c (0x00000013)
core   0: 0x80002430 (0xcc3f0413) addi    s0, t5, -829
core   0: 3 0x80002430 (0xcc3f0413) x 8 0x5cd48033
core   0: 0x80002434 (0x0180c2b3) xor     t0, ra, s8
core   0: 3 0x80002434 (0x0180c2b3) x 5 0x7ffff806
core   0: 0x80002438 (0x404b0b33) sub     s6, s6, tp
core   0: 3 0x80002438 (0x404b0b33) x22 0xfffdc338
core   0: 0x8000243c (0x412f5693) srai    a3, t5, 18
core   0: 3 0x8000243c (0x412f5693) x13 0x00001735
core   0: 0x80002440 (0x78ff6393) ori     t2, t5, 1935
core   0: 3 0x80002440 (0x78ff6393) x 7 0x5cd487ff
core   0: 0x80002444 (0x011167b3) or      a5, sp, a7
core   0: 3 0x80002444 (0x011167b3) x15 0xffffea43
core   0: 0x80002448 (0x00c97bb3) and     s7, s2, a2
core   0: 3 0x80002448 (0x00c97bb3) x23 0x00000000
core   0: 0x8000244c (0x014f3d33) sltu    s10, t5, s4
core   0: 3 0x8000244c (0x014f3d33) x26 0x00000000
core   0: 0x80002450 (0x72ee7a37) lui     s4, 0x72ee7
core   0: 3 0x80002450 (0x72ee7a37) x20 0x72ee7000
core   0: 0x80002454 (0x01d5f0b3) and     ra, a1, t4
core   0: 3 0x80002454 (0x01d5f0b3) x 1 0x00000000
core   0: 0x80002458 (0x40d1dfb3) sra     t6, gp, a3
core   0: 3 0x80002458 (0x40d1dfb3) x31 0x0000014c
core   0: 0x8000245c (0x415a8133) sub     sp, s5, s5
core   0: 3 0x8000245c (0x415a8133) x 2 0x00000000
core   0: 0x80002460 (0xe6134693) xori    a3, t1, -415
core   0: 3 0x80002460 (0xe6134693) x13 0xfffffe60
core   0: 0x80002464 (0x010146b3) xor     a3, sp, a6
core   0: 3 0x80002464 (0x010146b3) x13 0x00000000
core   0: 0x80002468 (0x00000013) nop
core   0: 3 0x80002468 (0x00000013)
core   0: 0x8000246c (0xd0efb613) sltiu   a2, t6, -754
core   0: 3 0x8000246c (0xd0efb613) x12 0x00000001
core   0: 0x80002470 (0x010a92b3) sll     t0, s5, a6
core   0: 3 0x80002470 (0x010a92b3) x 5 0x00000000
core   0: 0x80002474 (0xfa6dadb7) lui     s11, 0xfa6da
core   0: 3 0x80002474 (0xfa6dadb7) x27 0xfa6da000
core   0: 0x80002478 (0x41278633) sub     a2, a5, s2
core   0: 3 0x80002478 (0x41278633) x12 0xffffea43
core   0: 0x8000247c (0x97a88a93) addi    s5, a7, -1670
core   0: 3 0x8000247c (0x97a88a93) x21 0xfffff97a
core   0: 0x80002480 (0x3f4da593) slti    a1, s11, 1012
core   0: 3 0x80002480 (0x3f4da593) x11 0x00000001
core   0: 0x80002484 (0x6abe0813) addi    a6, t3, 1707
core   0: 3 0x80002484 (0x6abe0813) x16 0x000006ac
core   0: 0x80002488 (0x414c5493) srai    s1, s8, 20
core   0: 3 0x80002488 (0x414c5493) x 9 0x00000000
core   0: 0x8000248c (0x0195a5b3) slt     a1, a1, s9
core   0: 3 0x8000248c (0x0195a5b3) x11 0x00000000
core   0: 0x80002490 (0x01a55593) srli    a1, a0, 26
core   0: 3 0x80002490 (0x01a55593) x11 0x00000020
core   0: 0x80002494 (0x018027b3) slt     a5, zero, s8
core   0: 3 0x80002494 (0x018027b3) x15 0x00000000
core   0: 0x80002498 (0x2464cab7) lui     s5, 0x2464c
core   0: 3 0x80002498 (0x2464cab7) x21 0x2464c000
core   0: 0x8000249c (0x01cabbb3) sltu    s7, s5, t3
core   0: 3 0x8000249c (0x01cabbb3) x23 0x00000000
core   0: 0x800024a0 (0x413e5413) srai    s0, t3, 19
core   0: 3 0x800024a0 (0x413e5413) x 8 0x00000000
core   0: 0x800024a4 (0x014e84b3) add     s1, t4, s4
core   0: 3 0x800024a4 (0x014e84b3) x 9 0x72ee7000
core   0: 0x800024a8 (0x20970713) addi    a4, a4, 521
core   0: 3 0x800024a8 (0x20970713) x14 0x00000209
core   0: 0x800024ac (0x7cf46913) ori     s2, s0, 1999
core   0: 3 0x800024ac (0x7cf46913) x18 0x000007cf
core   0: 0x800024b0 (0x007647b3) xor     a5, a2, t2
core   0: 3 0x800024b0 (0x007647b3) x15 0xa32b6dbc
core   0: 0x800024b4 (0x014ab1b3) sltu    gp, s5, s4
core   0: 3 0x800024b4 (0x014ab1b3) x 3 0x00000001
core   0: 0x800024b8 (0x00000013) nop
core   0: 3 0x800024b8 (0x00000013)
core   0: 0x800024bc (0x00000013) nop
core   0: 3 0x800024bc (0x00000013)
core   0: 0x800024c0 (0x0128d693) srli    a3, a7, 18
core   0: 3 0x800024c0 (0x0128d693) x13 0x00000000
core   0: 0x800024c4 (0x01205a93) srli    s5, zero, 18
core   0: 3 0x800024c4 (0x01205a93) x21 0x00000000
core   0: 0x800024c8 (0x00579333) sll     t1, a5, t0
core   0: 3 0x800024c8 (0x00579333) x 6 0xa32b6dbc
core   0: 0x800024cc (0x417700b3) sub     ra, a4, s7
core   0: 3 0x800024cc (0x417700b3) x 1 0x00000209
core   0: 0x800024d0 (0xa43a36b7) lui     a3, 0xa43a3
core   0: 3 0x800024d0 (0xa43a36b7) x13 0xa43a3000
core   0: 0x800024d4 (0x009d5b13) srli    s6, s10, 9
core   0: 3 0x800024d4 (0x009d5b13) x22 0x00000000
core   0: 0x800024d8 (0x40d8de93) srai    t4, a7, 13
core   0: 3 0x800024d8 (0x40d8de93) x29 0x00000000
core   0: 0x800024dc (0x6b92b613) sltiu   a2, t0, 1721
core   0: 3 0x800024dc (0x6b92b613) x12 0x00000001
core   0: 0x800024e0 (0xfe99a813) slti    a6, s3, -23
core   0: 3 0x800024e0 (0xfe99a813) x16 0x00000001
core   0: 0x800024e4 (0x00000013) nop
core   0: 3 0x800024e4 (0x00000013)
core   0: 0x800024e8 (0x00fd41b3) xor     gp, s10, a5
core   0: 3 0x800024e8 (0x00fd41b3) x 3 0xa32b6dbc
core   0: 0x800024ec (0x0175d333) srl     t1, a1, s7
core   0: 3 0x800024ec (0x0175d333) x 6 0x00000020
core   0: 0x800024f0 (0x01d39db3) sll     s11, t2, t4
core   0: 3 0x800024f0 (0x01d39db3) x27 0x5cd487ff
core   0: 0x800024f4 (0x019041b3) xor     gp, zero, s9
core   0: 3 0x800024f4 (0x019041b3) x 3 0x00000000
core   0: 0x800024f8 (0x01dc1193) slli    gp, s8, 29
core   0: 3 0x800024f8 (0x01dc1193) x 3 0x00000000
core   0: 0x800024fc (0x01563bb3) sltu    s7, a2, s5
core   0: 3 0x800024fc (0x01563bb3) x23 0x00000000
core   0: 0x80002500 (0x00cdda33) srl     s4, s11, a2
core   0: 3 0x80002500 (0x00cdda33) x20 0x2e6a43ff
core   0: 0x80002504 (0x011a5393) srli    t2, s4, 17
core   0: 3 0x80002504 (0x011a5393) x 7 0x00001735
core   0: 0x80002508 (0x41468833) sub     a6, a3, s4
core   0: 3 0x80002508 (0x41468833) x16 0x75cfec01
core   0: 0x8000250c (0x53857e13) andi    t3, a0, 1336
core   0: 3 0x8000250c (0x53857e13) x28 0x00000420
core   0: 0x80002510 (0x01ae27b3) slt     a5, t3, s10
core   0: 3 0x80002510 (0x01ae27b3) x15 0x00000000
core   0: 0x80002514 (0x012d9b93) slli    s7, s11, 18
core   0: 3 0x80002514 (0x012d9b93) x23 0x1ffc0000
core   0: 0x80002518 (0x40105733) sra     a4, zero, ra
core   0: 3 0x80002518 (0x40105733) x14 0x00000000
core   0: 0x8000251c (0x0051c5b3) xor     a1, gp, t0
core   0: 3 0x8000251c (0x0051c5b3) x11 0x00000000
core   0: 0x80002520 (0xda5a0013) addi    zero, s4, -603
core   0: 3 0x80002520 (0xda5a0013)
core   0: 0x80002524 (0x40415d93) srai    s11, sp, 4
core   0: 3 0x80002524 (0x40415d93) x27 0x00000000
core   0: 0x80002528 (0x008ee4b3) or      s1, t4, s0
core   0: 3 0x80002528 (0x008ee4b3) x 9 0x00000000
core   0: 0x8000252c (0x01da75b3) and     a1, s4, t4
core   0: 3 0x8000252c (0x01da75b3) x11 0x00000000
core   0: 0x80002530 (0x00000013) nop
core   0: 3 0x80002530 (0x00000013)
core   0: 0x80002534 (0x00869e93) slli    t4, a3, 8
core   0: 3 0x80002534 (0x00869e93) x29 0x3a300000
core   0: 0x80002538 (0xd5cb3d13) sltiu   s10, s6, -676
core   0: 3 0x80002538 (0xd5cb3d13) x26 0x00000001
core   0: 0x8000253c (0x00e282b3) add     t0, t0, a4
core   0: 3 0x8000253c (0x00e282b3) x 5 0x00000000
core   0: 0x80002540 (0x7ed0ec93) ori     s9, ra, 2029
core   0: 3 0x80002540 (0x7ed0ec93) x25 0x000007ed
core   0: 0x80002544 (0x010798b3) sll     a7, a5, a6
core   0: 3 0x80002544 (0x010798b3) x17 0x00000000
core   0: 0x80002548 (0x480d6f93) ori     t6, s10, 1152
core   0: 3 0x80002548 (0x480d6f93) x31 0x00000481
core   0: 0x8000254c (0x00000713) li      a4, 0
core   0: 3 0x8000254c (0x00000713) x14 0x00000000
core   0: 0x80002550 (0xbbfa77b7) lui     a5, 0xbbfa7
core   0: 3 0x80002550 (0xbbfa77b7) x15 0xbbfa7000
core   0: 0x80002554 (0x1c378793) addi    a5, a5, 451
core   0: 3 0x80002554 (0x1c378793) x15 0xbbfa71c3
core   0: 0x80002558 (0x80000437) lui     s0, 0x80000
core   0: 3 0x80002558 (0x80000437) x 8 0x80000000
core   0: 0x8000255c (0x00000b13) li      s6, 0
core   0: 3 0x8000255c (0x00000b13) x22 0x00000000
core   0: 0x80002560 (0x00000113) li      sp, 0
core   0: 3 0x80002560 (0x00000113) x 2 0x00000000
core   0: 0x80002564 (0x00000293) li      t0, 0
core   0: 3 0x80002564 (0x00000293) x 5 0x00000000
core   0: 0x80002568 (0xfff00c93) li      s9, -1
core   0: 3 0x80002568 (0xfff00c93) x25 0xffffffff
core   0: 0x8000256c (0xfff00313) li      t1, -1
core   0: 3 0x8000256c (0xfff00313) x 6 0xffffffff
core   0: 0x80002570 (0xe9dddc37) lui     s8, 0xe9ddd
core   0: 3 0x80002570 (0xe9dddc37) x24 0xe9ddd000
core   0: 0x80002574 (0x9a5c0c13) addi    s8, s8, -1627
core   0: 3 0x80002574 (0x9a5c0c13) x24 0xe9ddc9a5
core   0: 0x80002578 (0x80000e37) lui     t3, 0x80000
core   0: 3 0x80002578 (0x80000e37) x28 0x80000000
core   0: 0x8000257c (0x019707b3) add     a5, a4, s9
core   0: 3 0x8000257c (0x019707b3) x15 0xffffffff
core   0: 0x80002580 (0x00000013) nop
core   0: 3 0x80002580 (0x00000013)
core   0: 0x80002584 (0xbf9c8e13) addi    t3, s9, -1031
core   0: 3 0x80002584 (0xbf9c8e13) x28 0xfffffbf8
core   0: 0x80002588 (0x771b5cb7) lui     s9, 0x771b5
core   0: 3 0x80002588 (0x771b5cb7) x25 0x771b5000
core   0: 0x8000258c (0xc0340293) addi    t0, s0, -1021
core   0: 3 0x8000258c (0xc0340293) x 5 0x7ffffc03
core   0: 0x80002590 (0xb3b987b7) lui     a5, 0xb3b98
core   0: 3 0x80002590 (0xb3b987b7) x15 0xb3b98000
core   0: 0x80002594 (0x405102b3) sub     t0, sp, t0
core   0: 3 0x80002594 (0x405102b3) x 5 0x800003fd
core   0: 0x80002598 (0x008b02b3) add     t0, s6, s0
core   0: 3 0x80002598 (0x008b02b3) x 5 0x80000000
core   0: 0x8000259c (0x00000013) nop
core   0: 3 0x8000259c (0x00000013)
core   0: 0x800025a0 (0x14a43117) auipc   sp, 0x14a43
core   0: 3 0x800025a0 (0x14a43117) x 2 0x94a455a0
core   0: 0x800025a4 (0x31953737) lui     a4, 0x31953
core   0: 3 0x800025a4 (0x31953737) x14 0x31953000
core   0: 0x800025a8 (0x00528433) add     s0, t0, t0
core   0: 3 0x800025a8 (0x00528433) x 8 0x00000000
core   0: 0x800025ac (0x7cd36797) auipc   a5, 0x7cd36
core   0: 3 0x800025ac (0x7cd36797) x15 0xfcd385ac
core   0: 0x800025b0 (0x0dee0c13) addi    s8, t3, 222
core   0: 3 0x800025b0 (0x0dee0c13) x24 0xfffffcd6
core   0: 0x800025b4 (0x00810c33) add     s8, sp, s0
core   0: 3 0x800025b4 (0x00810c33) x24 0x94a455a0
core   0: 0x800025b8 (0xcda5f417) auipc   s0, 0xcda5f
core   0: 3 0x800025b8 (0xcda5f417) x 8 0x4da615b8
core   0: 0x800025bc (0x01cc82b3) add     t0, s9, t3
core   0: 3 0x800025bc (0x01cc82b3) x 5 0x771b4bf8
core   0: 0x800025c0 (0x40f287b3) sub     a5, t0, a5
core   0: 3 0x800025c0 (0x40f287b3) x15 0x7a47c64c
core   0: 0x800025c4 (0xb6b44737) lui     a4, 0xb6b44
core   0: 3 0x800025c4 (0xb6b44737) x14 0xb6b44000
core   0: 0x800025c8 (0x60c0b137) lui     sp, 0x60c0b
core   0: 3 0x800025c8 (0x60c0b137) x 2 0x60c0b000
core   0: 0x800025cc (0x6940ac97) auipc   s9, 0x6940a
core   0: 3 0x800025cc (0x6940ac97) x25 0xe940c5cc
core   0: 0x800025d0 (0x1f1c8e13) addi    t3, s9, 497
core   0: 3 0x800025d0 (0x1f1c8e13) x28 0xe940c7bd
core   0: 0x800025d4 (0x005c8133) add     sp, s9, t0
core   0: 3 0x800025d4 (0x005c8133) x 2 0x605c11c4
core   0: 0x800025d8 (0x00000013) nop
core   0: 3 0x800025d8 (0x00000013)
core   0: 0x800025dc (0x00000013) nop
core   0: 3 0x800025dc (0x00000013)
core   0: 0x800025e0 (0xb56fd297) auipc   t0, 0xb56fd
core   0: 3 0x800025e0 (0xb56fd297) x 5 0x356ff5e0
core   0: 0x800025e4 (0x00000013) nop
core   0: 3 0x800025e4 (0x00000013)
core   0: 0x800025e8 (0x6d84f417) auipc   s0, 0x6d84f
core   0: 3 0x800025e8 (0x6d84f417) x 8 0xed8515e8
core   0: 0x800025ec (0x00fc0cb3) add     s9, s8, a5
core   0: 3 0x800025ec (0x00fc0cb3) x25 0x0eec1bec
core   0: 0x800025f0 (0x00ea6633) or      a2, s4, a4
core   0: 3 0x800025f0 (0x00ea6633) x12 0xbefe43ff
core   0: 0x800025f4 (0x0172c3b3) xor     t2, t0, s7
core   0: 3 0x800025f4 (0x0172c3b3) x 7 0x2a93f5e0
core   0: 0x800025f8 (0x41728c33) sub     s8, t0, s7
core   0: 3 0x800025f8 (0x41728c33) x24 0x1573f5e0
core   0: 0x800025fc (0x01590c33) add     s8, s2, s5
core   0: 3 0x800025fc (0x01590c33) x24 0x000007cf
core   0: 0x80002600 (0x005d3c33) sltu    s8, s10, t0
core   0: 3 0x80002600 (0x005d3c33) x24 0x00000001
core   0: 0x80002604 (0x01fe9933) sll     s2, t4, t6
core   0: 3 0x80002604 (0x01fe9933) x18 0x74600000
core   0: 0x80002608 (0x01847833) and     a6, s0, s8
core   0: 3 0x80002608 (0x01847833) x16 0x00000000
core   0: 0x8000260c (0x41568633) sub     a2, a3, s5
core   0: 3 0x8000260c (0x41568633) x12 0xa43a3000
core   0: 0x80002610 (0x00e687b3) add     a5, a3, a4
core   0: 3 0x80002610 (0x00e687b3) x15 0x5aee7000
core   0: 0x80002614 (0x78c7b397) auipc   t2, 0x78c7b
core   0: 3 0x80002614 (0x78c7b397) x 7 0xf8c7d614
core   0: 0x80002618 (0x485eb013) sltiu   zero, t4, 1157
core   0: 3 0x80002618 (0x485eb013)
core   0: 0x8000261c (0x40c20e33) sub     t3, tp, a2
core   0: 3 0x8000261c (0x40c20e33) x28 0xdbc6ee64
core   0: 0x80002620 (0x002e78b3) and     a7, t3, sp
core   0: 3 0x80002620 (0x002e78b3) x17 0x40440044
core   0: 0x80002624 (0x402e0a33) sub     s4, t3, sp
core   0: 3 0x80002624 (0x402e0a33) x20 0x7b6adca0
core   0: 0x80002628 (0x27bf3e17) auipc   t3, 0x27bf3
core   0: 3 0x80002628 (0x27bf3e17) x28 0xa7bf5628
core   0: 0x8000262c (0x01a81293) slli    t0, a6, 26
core   0: 3 0x8000262c (0x01a81293) x 5 0x00000000
core   0: 0x80002630 (0x8e36ef13) ori     t5, a3, -1821
core   0: 3 0x80002630 (0x8e36ef13) x30 0xfffff8e3
core   0: 0x80002634 (0x40ce8133) sub     sp, t4, a2
core   0: 3 0x80002634 (0x40ce8133) x 2 0x95f5d000
core   0: 0x80002638 (0x41dcdf13) srai    t5, s9, 29
core   0: 3 0x80002638 (0x41dcdf13) x30 0x00000000
core   0: 0x8000263c (0xd4b88c13) addi    s8, a7, -693
core   0: 3 0x8000263c (0xd4b88c13) x24 0x4043fd8f
core   0: 0x80002640 (0xa25dbf93) sltiu   t6, s11, -1499
core   0: 3 0x80002640 (0xa25dbf93) x31 0x00000001
core   0: 0x80002644 (0xd0897093) andi    ra, s2, -760
core   0: 3 0x80002644 (0xd0897093) x 1 0x74600000
core   0: 0x80002648 (0x002a9933) sll     s2, s5, sp
core   0: 3 0x80002648 (0x002a9933) x18 0x00000000
core   0: 0x8000264c (0x006ddd13) srli    s10, s11, 6
core   0: 3 0x8000264c (0x006ddd13) x26 0x00000000
core   0: 0x80002650 (0xb1434717) auipc   a4, 0xb1434
core   0: 3 0x80002650 (0xb1434717) x14 0x31436650
core   0: 0x80002654 (0x002b3f33) sltu    t5, s6, sp
core   0: 3 0x80002654 (0x002b3f33) x30 0x00000001
core   0: 0x80002658 (0x404287b3) sub     a5, t0, tp
core   0: 3 0x80002658 (0x404287b3) x15 0x7ffee19c
core   0: 0x8000265c (0x01711693) slli    a3, sp, 23
core   0: 3 0x8000265c (0x01711693) x13 0x00000000
core   0: 0x80002660 (0x006ec5b3) xor     a1, t4, t1
core   0: 3 0x80002660 (0x006ec5b3) x11 0xc5cfffff
core   0: 0x80002664 (0x8285c693) xori    a3, a1, -2008
core   0: 3 0x80002664 (0x8285c693) x13 0x3a3007d7
core   0: 0x80002668 (0x000e4833) xor     a6, t3, zero
core   0: 3 0x80002668 (0x000e4833) x16 0xa7bf5628
core   0: 0x8000266c (0x003396b3) sll     a3, t2, gp
core   0: 3 0x8000266c (0x003396b3) x13 0xf8c7d614
core   0: 0x80002670 (0x4a373693) sltiu   a3, a4, 1187
core   0: 3 0x80002670 (0x4a373693) x13 0x00000000
core   0: 0x80002674 (0x6b1eb193) sltiu   gp, t4, 1713
core   0: 3 0x80002674 (0x6b1eb193) x 3 0x00000000
core   0: 0x80002678 (0x01735b13) srli    s6, t1, 23
core   0: 3 0x80002678 (0x01735b13) x22 0x000001ff
core   0: 0x8000267c (0x0153de93) srli    t4, t2, 21
core   0: 3 0x8000267c (0x0153de93) x29 0x000007c6
core   0: 0x80002680 (0xf55e0037) lui     zero, 0xf55e0
core   0: 3 0x80002680 (0xf55e0037)
core   0: 0x80002684 (0x40285e13) srai    t3, a6, 2
core   0: 3 0x80002684 (0x40285e13) x28 0xe9efd58a
core   0: 0x80002688 (0xdcdf2793) slti    a5, t5, -563
core   0: 3 0x80002688 (0xdcdf2793) x15 0x00000000
core   0: 0x8000268c (0x59c06713) ori     a4, zero, 1436
core   0: 3 0x8000268c (0x59c06713) x14 0x0000059c
core   0: 0x80002690 (0x400cdf33) sra     t5, s9, zero
core   0: 3 0x80002690 (0x400cdf33) x30 0x0eec1bec
core   0: 0x80002694 (0x2efa8393) addi    t2, s5, 751
core   0: 3 0x80002694 (0x2efa8393) x 7 0x000002ef
core   0: 0x80002698 (0x01682e33) slt     t3, a6, s6
core   0: 3 0x80002698 (0x01682e33) x28 0x00000001
core   0: 0x8000269c (0x00415733) srl     a4, sp, tp
core   0: 3 0x8000269c (0x00415733) x14 0x095f5d00
core   0: 0x800026a0 (0x00b4edb3) or      s11, s1, a1
core   0: 3 0x800026a0 (0x00b4edb3) x27 0xc5cfffff
core   0: 0x800026a4 (0x5408ef13) ori     t5, a7, 1344
core   0: 3 0x800026a4 (0x5408ef13) x30 0x40440544
core   0: 0x800026a8 (0x008d1e13) slli    t3, s10, 8
core   0: 3 0x800026a8 (0x008d1e13) x28 0x00000000
core   0: 0x800026ac (0xc6a84593) xori    a1, a6, -918
core   0: 3 0x800026ac (0xc6a84593) x11 0x5840aa42
core   0: 0x800026b0 (0x98814613) xori    a2, sp, -1656
core   0: 3 0x800026b0 (0x98814613) x12 0x6a0a2988
core   0: 0x800026b4 (0x007577b3) and     a5, a0, t2
core   0: 3 0x800026b4 (0x007577b3) x15 0x000000e4
core   0: 0x800026b8 (0x01139013) slli    zero, t2, 17
core   0: 3 0x800026b8 (0x01139013)
core   0: 0x800026bc (0x767fec93) ori     s9, t6, 1895
core   0: 3 0x800026bc (0x767fec93) x25 0x00000767
core   0: 0x800026c0 (0x9fb901b7) lui     gp, 0x9fb90
core   0: 3 0x800026c0 (0x9fb901b7) x 3 0x9fb90000
core   0: 0x800026c4 (0x40e45933) sra     s2, s0, a4
core   0: 3 0x800026c4 (0x40e45933) x18 0xed8515e8
core   0: 0x800026c8 (0x014cd033) srl     zero, s9, s4
core   0: 3 0x800026c8 (0x014cd033)
core   0: 0x800026cc (0x23e78713) addi    a4, a5, 574
core   0: 3 0x800026cc (0x23e78713) x14 0x00000322
core   0: 0x800026d0 (0x01136d33) or      s10, t1, a7
core   0: 3 0x800026d0 (0x01136d33) x26 0xffffffff
core   0: 0x800026d4 (0x9c857093) andi    ra, a0, -1592
core   0: 3 0x800026d4 (0x9c857093) x 1 0x800158c0
core   0: 0x800026d8 (0xad9a7797) auipc   a5, 0xad9a7
core   0: 3 0x800026d8 (0xad9a7797) x15 0x2d9a96d8
core   0: 0x800026dc (0x8269cd93) xori    s11, s3, -2010
core   0: 3 0x800026dc (0x8269cd93) x27 0x7ffff826
core   0: 0x800026e0 (0x01fb7bb3) and     s7, s6, t6
core   0: 3 0x800026e0 (0x01fb7bb3) x23 0x00000001
core   0: 0x800026e4 (0x003a9e13) slli    t3, s5, 3
core   0: 3 0x800026e4 (0x003a9e13) x28 0x00000000
core   0: 0x800026e8 (0x015b3933) sltu    s2, s6, s5
core   0: 3 0x800026e8 (0x015b3933) x18 0x00000000
core   0: 0x800026ec (0x00989313) slli    t1, a7, 9
core   0: 3 0x800026ec (0x00989313) x 6 0x88008800
core   0: 0x800026f0 (0x00a52cb3) slt     s9, a0, a0
core   0: 3 0x800026f0 (0x00a52cb3) x25 0x00000000
core   0: 0x800026f4 (0x0103d293) srli    t0, t2, 16
core   0: 3 0x800026f4 (0x0103d293) x 5 0x00000000
core   0: 0x800026f8 (0xf9d6b413) sltiu   s0, a3, -99
core   0: 3 0x800026f8 (0xf9d6b413) x 8 0x00000001
core   0: 0x800026fc (0x402d81b3) sub     gp, s11, sp
core   0: 3 0x800026fc (0x402d81b3) x 3 0xea0a2826
core   0: 0x80002700 (0x01a90733) add     a4, s2, s10
core   0: 3 0x80002700 (0x01a90733) x14 0xffffffff
core   0: 0x80002704 (0x00000013) nop
core   0: 3 0x80002704 (0x00000013)
core   0: 0x80002708 (0x411dd0b3) sra     ra, s11, a7
core   0: 3 0x80002708 (0x411dd0b3) x 1 0x07ffff82
core   0: 0x8000270c (0x4f94a893) slti    a7, s1, 1273
core   0: 3 0x8000270c (0x4f94a893) x17 0x00000001
core   0: 0x80002710 (0x93096913) ori     s2, s2, -1744
core   0: 3 0x80002710 (0x93096913) x18 0xfffff930
core   0: 0x80002714 (0x00d60433) add     s0, a2, a3
core   0: 3 0x80002714 (0x00d60433) x 8 0x6a0a2988
core   0: 0x80002718 (0x7ac90393) addi    t2, s2, 1964
core   0: 3 0x80002718 (0x7ac90393) x 7 0x000000dc
core   0: 0x8000271c (0x49c64a93) xori    s5, a2, 1180
core   0: 3 0x8000271c (0x49c64a93) x21 0x6a0a2d14
core   0: 0x80002720 (0xc6e3ad17) auipc   s10, 0xc6e3a
core   0: 3 0x80002720 (0xc6e3ad17) x26 0x46e3c720
core   0: 0x80002724 (0x7bfcaf37) lui     t5, 0x7bfca
core   0: 3 0x80002724 (0x7bfcaf37) x30 0x7bfca000
core   0: 0x80002728 (0x00000013) nop
core   0: 3 0x80002728 (0x00000013)
core   0: 0x8000272c (0x019c06b3) add     a3, s8, s9
core   0: 3 0x8000272c (0x019c06b3) x13 0x4043fd8f
core   0: 0x80002730 (0x00a955b3) srl     a1, s2, a0
core   0: 3 0x80002730 (0x00a955b3) x11 0x0fffff93
core   0: 0x80002734 (0x008fafb3) slt     t6, t6, s0
core   0: 3 0x80002734 (0x008fafb3) x31 0x00000001
core   0: 0x80002738 (0x00000013) nop
core   0: 3 0x80002738 (0x00000013)
core   0: 0x8000273c (0x405286b3) sub     a3, t0, t0
core   0: 3 0x8000273c (0x405286b3) x13 0x00000000
core   0: 0x80002740 (0x0077b433) sltu    s0, a5, t2
core   0: 3 0x80002740 (0x0077b433) x 8 0x00000000
core   0: 0x80002744 (0x0052a733) slt     a4, t0, t0
core   0: 3 0x80002744 (0x0052a733) x14 0x00000000
core   0: 0x80002748 (0xbc5e5f37) lui     t5, 0xbc5e5
core   0: 3 0x80002748 (0xbc5e5f37) x30 0xbc5e5000
core   0: 0x8000274c (0x5678fd13) andi    s10, a7, 1383
core   0: 3 0x8000274c (0x5678fd13) x26 0x00000001
core   0: 0x80002750 (0x01471893) slli    a7, a4, 20
core   0: 3 0x80002750 (0x01471893) x17 0x00000000
core   0: 0x80002754 (0x3a9bfd93) andi    s11, s7, 937
core   0: 3 0x80002754 (0x3a9bfd93) x27 0x00000001
core   0: 0x80002758 (0x417c50b3) sra     ra, s8, s7
core   0: 3 0x80002758 (0x417c50b3) x 1 0x2021fec7
core   0: 0x8000275c (0x00fe8bb3) add     s7, t4, a5
core   0: 3 0x8000275c (0x00fe8bb3) x23 0x2d9a9e9e
core   0: 0x80002760 (0x001d6133) or      sp, s10, ra
core   0: 3 0x80002760 (0x001d6133) x 2 0x2021fec7
core   0: 0x80002764 (0x01bcf433) and     s0, s9, s11
core   0: 3 0x80002764 (0x01bcf433) x 8 0x00000000
core   0: 0x80002768 (0x006dd793) srli    a5, s11, 6
core   0: 3 0x80002768 (0x006dd793) x15 0x00000000
core   0: 0x8000276c (0x0141b6b3) sltu    a3, gp, s4
core   0: 3 0x8000276c (0x0141b6b3) x13 0x00000000
core   0: 0x80002770 (0xbe2bf393) andi    t2, s7, -1054
core   0: 3 0x80002770 (0xbe2bf393) x 7 0x2d9a9a82
core   0: 0x80002774 (0xe8bce193) ori     gp, s9, -373
core   0: 3 0x80002774 (0xe8bce193) x 3 0xfffffe8b
core   0: 0x80002778 (0x0f57a413) slti    s0, a5, 245
core   0: 3 0x80002778 (0x0f57a413) x 8 0x00000001
core   0: 0x8000277c (0xfd1e3493) sltiu   s1, t3, -47
core   0: 3 0x8000277c (0xfd1e3493) x 9 0x00000001
core   0: 0x80002780 (0x40525bb3) sra     s7, tp, t0
core   0: 3 0x80002780 (0x40525bb3) x23 0x80011e64
core   0: 0x80002784 (0x00000013) nop
core   0: 3 0x80002784 (0x00000013)
core   0: 0x80002788 (0xc4bcb013) sltiu   zero, s9, -949
core   0: 3 0x80002788 (0xc4bcb013)
core   0: 0x8000278c (0x8e3b2a13) slti    s4, s6, -1821
core   0: 3 0x8000278c (0x8e3b2a13) x20 0x00000000
core   0: 0x80002790 (0x006fa733) slt     a4, t6, t1
core   0: 3 0x80002790 (0x006fa733) x14 0x00000000
core   0: 0x80002794 (0x415bdd13) srai    s10, s7, 21
core   0: 3 0x80002794 (0x415bdd13) x26 0xfffffc00
core   0: 0x80002798 (0x96d73f97) auipc   t6, 0x96d73
core   0: 3 0x80002798 (0x96d73f97) x31 0x16d75798
core   0: 0x8000279c (0x24c58d17) auipc   s10, 0x24c58
core   0: 3 0x8000279c (0x24c58d17) x26 0xa4c5a79c
core   0: 0x800027a0 (0x4d747493) andi    s1, s0, 1239
core   0: 3 0x800027a0 (0x4d747493) x 9 0x00000001
core   0: 0x800027a4 (0x009a5e93) srli    t4, s4, 9
core   0: 3 0x800027a4 (0x009a5e93) x29 0x00000000
core   0: 0x800027a8 (0x01505f93) srli    t6, zero, 21
core   0: 3 0x800027a8 (0x01505f93) x31 0x00000000
core   0: 0x800027ac (0x414f5eb3) sra     t4, t5, s4
core   0: 3 0x800027ac (0x414f5eb3) x29 0xbc5e5000
core   0: 0x800027b0 (0x01bc1593) slli    a1, s8, 27
core   0: 3 0x800027b0 (0x01bc1593) x11 0x78000000
core   0: 0x800027b4 (0x01701a13) slli    s4, zero, 23
core   0: 3 0x800027b4 (0x01701a13) x20 0x00000000
core   0: 0x800027b8 (0x46cb1d37) lui     s10, 0x46cb1
core   0: 3 0x800027b8 (0x46cb1d37) x26 0x46cb1000
core   0: 0x800027bc (0x57ece817) auipc   a6, 0x57ece
core   0: 3 0x800027bc (0x57ece817) x16 0xd7ed07bc
core   0: 0x800027c0 (0x0015b933) sltu    s2, a1, ra
core   0: 3 0x800027c0 (0x0015b933) x18 0x00000000
core   0: 0x800027c4 (0x001af333) and     t1, s5, ra
core   0: 3 0x800027c4 (0x001af333) x 6 0x20002c04
core   0: 0x800027c8 (0xbf76e813) ori     a6, a3, -1033
core   0: 3 0x800027c8 (0xbf76e813) x16 0xfffffbf7
core   0: 0x800027cc (0x01e446b3) xor     a3, s0, t5
core   0: 3 0x800027cc (0x01e446b3) x13 0xbc5e5001
core   0: 0x800027d0 (0xdb208813) addi    a6, ra, -590
core   0: 3 0x800027d0 (0xdb208813) x16 0x2021fc79
core   0: 0x800027d4 (0x0137fc33) and     s8, a5, s3
core   0: 3 0x800027d4 (0x0137fc33) x24 0x00000000
core   0: 0x800027d8 (0x01c1dc33) srl     s8, gp, t3
core   0: 3 0x800027d8 (0x01c1dc33) x24 0xfffffe8b
core   0: 0x800027dc (0x8be7c413) xori    s0, a5, -1858
core   0: 3 0x800027dc (0x8be7c413) x 8 0xfffff8be
core   0: 0x800027e0 (0x01f655b3) srl     a1, a2, t6
core   0: 3 0x800027e0 (0x01f655b3) x11 0x6a0a2988
core   0: 0x800027e4 (0xe4ad6f93) ori     t6, s10, -438
core   0: 3 0x800027e4 (0xe4ad6f93) x31 0xfffffe4a
core   0: 0x800027e8 (0x5bbba693) slti    a3, s7, 1467
core   0: 3 0x800027e8 (0x5bbba693) x13 0x00000001
core   0: 0x800027ec (0x00f11db3) sll     s11, sp, a5
core   0: 3 0x800027ec (0x00f11db3) x27 0x2021fec7
core   0: 0x800027f0 (0x01556f33) or      t5, a0, s5
core   0: 3 0x800027f0 (0x01556f33) x30 0xea0b7df4
core   0: 0x800027f4 (0x002e1793) slli    a5, t3, 2
core   0: 3 0x800027f4 (0x002e1793) x15 0x00000000
core   0: 0x800027f8 (0x014c3b33) sltu    s6, s8, s4
core   0: 3 0x800027f8 (0x014c3b33) x22 0x00000000
core   0: 0x800027fc (0x00cb9f33) sll     t5, s7, a2
core   0: 3 0x800027fc (0x00cb9f33) x30 0x011e6400
core   0: 0x80002800 (0xf68b4613) xori    a2, s6, -152
core   0: 3 0x80002800 (0xf68b4613) x12 0xffffff68
core   0: 0x80002804 (0x00000013) nop
core   0: 3 0x80002804 (0x00000013)
core   0: 0x80002808 (0x01c2f633) and     a2, t0, t3
core   0: 3 0x80002808 (0x01c2f633) x12 0x00000000
core   0: 0x8000280c (0x00b69ab3) sll     s5, a3, a1
core   0: 3 0x8000280c (0x00b69ab3) x21 0x00000100
core   0: 0x80002810 (0x5b35be13) sltiu   t3, a1, 1459
core   0: 3 0x80002810 (0x5b35be13) x28 0x00000000
core   0: 0x80002814 (0x0131c1b3) xor     gp, gp, s3
core   0: 3 0x80002814 (0x0131c1b3) x 3 0x7ffffe8b
core   0: 0x80002818 (0xb1b04837) lui     a6, 0xb1b04
core   0: 3 0x80002818 (0xb1b04837) x16 0xb1b04000
core   0: 0x8000281c (0xdf208f17) auipc   t5, 0xdf208
core   0: 3 0x8000281c (0xdf208f17) x30 0x5f20a81c
core   0: 0x80002820 (0x01dc8733) add     a4, s9, t4
core   0: 3 0x80002820 (0x01dc8733) x14 0xbc5e5000
core   0: 0x80002824 (0x41e7da33) sra     s4, a5, t5
core   0: 3 0x80002824 (0x41e7da33) x20 0x00000000
core   0: 0x80002828 (0x11374d93) xori    s11, a4, 275
core   0: 3 0x80002828 (0x11374d93) x27 0xbc5e5113
core   0: 0x8000282c (0x0006d5b3) srl     a1, a3, zero
core   0: 3 0x8000282c (0x0006d5b3) x11 0x00000001
core   0: 0x80002830 (0x5e150b13) addi    s6, a0, 1505
core   0: 3 0x80002830 (0x5e150b13) x22 0x800162c5
core   0: 0x80002834 (0x417dd4b3) sra     s1, s11, s7
core   0: 3 0x80002834 (0x417dd4b3) x 9 0xfbc5e511
core   0: 0x80002838 (0x41925c93) srai    s9, tp, 25
core   0: 3 0x80002838 (0x41925c93) x25 0xffffffc0
core   0: 0x8000283c (0x41bf5313) srai    t1, t5, 27
core   0: 3 0x8000283c (0x41bf5313) x 6 0x0000000b
core   0: 0x80002840 (0x40698ab3) sub     s5, s3, t1
core   0: 3 0x80002840 (0x40698ab3) x21 0x7ffffff5
core   0: 0x80002844 (0x005ad013) srli    zero, s5, 5
core   0: 3 0x80002844 (0x005ad013)
core   0: 0x80002848 (0x00000013) nop
core   0: 3 0x80002848 (0x00000013)
core   0: 0x8000284c (0x6d308193) addi    gp, ra, 1747
core   0: 3 0x8000284c (0x6d308193) x 3 0x2022059a
core   0: 0x80002850 (0x00000013) nop
core   0: 3 0x80002850 (0x00000013)
core   0: 0x80002854 (0x41555d33) sra     s10, a0, s5
core   0: 3 0x80002854 (0x41555d33) x26 0xfffffc00
core   0: 0x80002858 (0x00246d33) or      s10, s0, sp
core   0: 3 0x80002858 (0x00246d33) x26 0xfffffeff
core   0: 0x8000285c (0x401c5113) srai    sp, s8, 1
core   0: 3 0x8000285c (0x401c5113) x 2 0xffffff45
core   0: 0x80002860 (0x40f08cb3) sub     s9, ra, a5
core   0: 3 0x80002860 (0x40f08cb3) x25 0x2021fec7
core   0: 0x80002864 (0xdfcfbe93) sltiu   t4, t6, -516
core   0: 3 0x80002864 (0xdfcfbe93) x29 0x00000000
core   0: 0x80002868 (0x59102013) slti    zero, zero, 1425
core   0: 3 0x80002868 (0x59102013)
core   0: 0x8000286c (0x00525d33) srl     s10, tp, t0
core   0: 3 0x8000286c (0x00525d33) x26 0x80011e64
core   0: 0x80002870 (0x009d7b33) and     s6, s10, s1
core   0: 3 0x80002870 (0x009d7b33) x22 0x80010400
core   0: 0x80002874 (0x8eacfa93) andi    s5, s9, -1814
core   0: 3 0x80002874 (0x8eacfa93) x21 0x2021f8c2
core   0: 0x80002878 (0x40145e33) sra     t3, s0, ra
core   0: 3 0x80002878 (0x40145e33) x28 0xfffffff1
core   0: 0x8000287c (0x01a17933) and     s2, sp, s10
core   0: 3 0x8000287c (0x01a17933) x18 0x80011e44
core   0: 0x80002880 (0xd69b0193) addi    gp, s6, -663
core   0: 3 0x80002880 (0xd69b0193) x 3 0x80010169
core   0: 0x80002884 (0x41785d33) sra     s10, a6, s7
core   0: 3 0x80002884 (0x41785d33) x26 0xfb1b0400
core   0: 0x80002888 (0x4191dd33) sra     s10, gp, s9
core   0: 3 0x80002888 (0x4191dd33) x26 0xff000202
core   0: 0x8000288c (0x752ac717) auipc   a4, 0x752ac
core   0: 3 0x8000288c (0x752ac717) x14 0xf52ae88c
core   0: 0x80002890 (0x00000013) nop
core   0: 3 0x80002890 (0x00000013)
core   0: 0x80002894 (0x00fcbeb3) sltu    t4, s9, a5
core   0: 3 0x80002894 (0x00fcbeb3) x29 0x00000000
core   0: 0x80002898 (0xd707b0b7) lui     ra, 0xd707b
core   0: 3 0x80002898 (0xd707b0b7) x 1 0xd707b000
core   0: 0x8000289c (0x3cff4c93) xori    s9, t5, 975
core   0: 3 0x8000289c (0x3cff4c93) x25 0x5f20abd3
core   0: 0x800028a0 (0x00053cb3) sltu    s9, a0, zero
core   0: 3 0x800028a0 (0x00053cb3) x25 0x00000000
core   0: 0x800028a4 (0x00b42e33) slt     t3, s0, a1
core   0: 3 0x800028a4 (0x00b42e33) x28 0x00000001
core   0: 0x800028a8 (0x672f7793) andi    a5, t5, 1650
core   0: 3 0x800028a8 (0x672f7793) x15 0x00000010
core   0: 0x800028ac (0x01b775b3) and     a1, a4, s11
core   0: 3 0x800028ac (0x01b775b3) x11 0xb40a4000
core   0: 0x800028b0 (0x00000013) nop
core   0: 3 0x800028b0 (0x00000013)
core   0: 0x800028b4 (0x05aeb113) sltiu   sp, t4, 90
core   0: 3 0x800028b4 (0x05aeb113) x 2 0x00000001
core   0: 0x800028b8 (0x0075c0b3) xor     ra, a1, t2
core   0: 3 0x800028b8 (0x0075c0b3) x 1 0x9990da82
core   0: 0x800028bc (0x122e0113) addi    sp, t3, 290
core   0: 3 0x800028bc (0x122e0113) x 2 0x00000123
core   0: 0x800028c0 (0x018f6bb3) or      s7, t5, s8
core   0: 3 0x800028c0 (0x018f6bb3) x23 0xfffffe9f
core   0: 0x800028c4 (0x40e284b3) sub     s1, t0, a4
core   0: 3 0x800028c4 (0x40e284b3) x 9 0x0ad51774
core   0: 0x800028c8 (0x00a26cb3) or      s9, tp, a0
core   0: 3 0x800028c8 (0x00a26cb3) x25 0x80015ee4
core   0: 0x800028cc (0x742f8713) addi    a4, t6, 1858
core   0: 3 0x800028cc (0x742f8713) x14 0x0000058c
core   0: 0x800028d0 (0x00520033) add     zero, tp, t0
core   0: 3 0x800028d0 (0x00520033)
core   0: 0x800028d4 (0xbae8b093) sltiu   ra, a7, -1106
core   0: 3 0x800028d4 (0xbae8b093) x 1 0x00000001
core   0: 0x800028d8 (0x00692e33) slt     t3, s2, t1
core   0: 3 0x800028d8 (0x00692e33) x28 0x00000001
core   0: 0x800028dc (0x405a04b3) sub     s1, s4, t0
core   0: 3 0x800028dc (0x405a04b3) x 9 0x00000000
core   0: 0x800028e0 (0x0b8e0593) addi    a1, t3, 184
core   0: 3 0x800028e0 (0x0b8e0593) x11 0x000000b9
core   0: 0x800028e4 (0x01fa2c33) slt     s8, s4, t6
core   0: 3 0x800028e4 (0x01fa2c33) x24 0x00000000
core   0: 0x800028e8 (0x41b7dbb3) sra     s7, a5, s11
core   0: 3 0x800028e8 (0x41b7dbb3) x23 0x00000000
core   0: 0x800028ec (0x000d5593) srli    a1, s10, 0
core   0: 3 0x800028ec (0x000d5593) x11 0xff000202
core   0: 0x800028f0 (0x001a9133) sll     sp, s5, ra
core   0: 3 0x800028f0 (0x001a9133) x 2 0x4043f184
core   0: 0x800028f4 (0x0152d813) srli    a6, t0, 21
core   0: 3 0x800028f4 (0x0152d813) x16 0x00000000
core   0: 0x800028f8 (0x1ec4e593) ori     a1, s1, 492
core   0: 3 0x800028f8 (0x1ec4e593) x11 0x000001ec
core   0: 0x800028fc (0x00f73ab3) sltu    s5, a4, a5
core   0: 3 0x800028fc (0x00f73ab3) x21 0x00000000
core   0: 0x80002900 (0x01f276b3) and     a3, tp, t6
core   0: 3 0x80002900 (0x01f276b3) x13 0x80011e40
core   0: 0x80002904 (0x0056e7b3) or      a5, a3, t0
core   0: 3 0x80002904 (0x0056e7b3) x15 0x80011e40
core   0: 0x80002908 (0x001677b3) and     a5, a2, ra
core   0: 3 0x80002908 (0x001677b3) x15 0x00000000
core   0: 0x8000290c (0x00ddeeb3) or      t4, s11, a3
core   0: 3 0x8000290c (0x00ddeeb3) x29 0xbc5f5f53
core   0: 0x80002910 (0xa4eb0197) auipc   gp, 0xa4eb0
core   0: 3 0x80002910 (0xa4eb0197) x 3 0x24eb2910
core   0: 0x80002914 (0x40dd54b3) sra     s1, s10, a3
core   0: 3 0x80002914 (0x40dd54b3) x 9 0xff000202
core   0: 0x80002918 (0x6940b693) sltiu   a3, ra, 1684
core   0: 3 0x80002918 (0x6940b693) x13 0x00000001
core   0: 0x8000291c (0x012e1cb3) sll     s9, t3, s2
core   0: 3 0x8000291c (0x012e1cb3) x25 0x00000010
core   0: 0x80002920 (0x40d7d733) sra     a4, a5, a3
core   0: 3 0x80002920 (0x40d7d733) x14 0x00000000
core   0: 0x80002924 (0x01655393) srli    t2, a0, 22
core   0: 3 0x80002924 (0x01655393) x 7 0x00000200
core   0: 0x80002928 (0x0194ffb3) and     t6, s1, s9
core   0: 3 0x80002928 (0x0194ffb3) x31 0x00000000
core   0: 0x8000292c (0x011f9613) slli    a2, t6, 17
core   0: 3 0x8000292c (0x011f9613) x12 0x00000000
core   0: 0x80002930 (0x9462c193) xori    gp, t0, -1722
core   0: 3 0x80002930 (0x9462c193) x 3 0xfffff946
core   0: 0x80002934 (0x0087d2b3) srl     t0, a5, s0
core   0: 3 0x80002934 (0x0087d2b3) x 5 0x00000000
core   0: 0x80002938 (0x3660f613) andi    a2, ra, 870
core   0: 3 0x80002938 (0x3660f613) x12 0x00000000
core   0: 0x8000293c (0x401f84b3) sub     s1, t6, ra
core   0: 3 0x8000293c (0x401f84b3) x 9 0xffffffff
core   0: 0x80002940 (0x003e1cb3) sll     s9, t3, gp
core   0: 3 0x80002940 (0x003e1cb3) x25 0x00000040
core   0: 0x80002944 (0xd94d3d93) sltiu   s11, s10, -620
core   0: 3 0x80002944 (0xd94d3d93) x27 0x00000001
core   0: 0x80002948 (0x01f39033) sll     zero, t2, t6
core   0: 3 0x80002948 (0x01f39033)
core   0: 0x8000294c (0x25440f97) auipc   t6, 0x25440
core   0: 3 0x8000294c (0x25440f97) x31 0xa544294c
core   0: 0x80002950 (0x412a8633) sub     a2, s5, s2
core   0: 3 0x80002950 (0x412a8633) x12 0x7ffee1bc
core   0: 0x80002954 (0x0168b933) sltu    s2, a7, s6
core   0: 3 0x80002954 (0x0168b933) x18 0x00000001
core   0: 0x80002958 (0x4179d933) sra     s2, s3, s7
core   0: 3 0x80002958 (0x4179d933) x18 0x80000000
core   0: 0x8000295c (0x01c812b3) sll     t0, a6, t3
core   0: 3 0x8000295c (0x01c812b3) x 5 0x00000000
core   0: 0x80002960 (0x409a8633) sub     a2, s5, s1
core   0: 3 0x80002960 (0x409a8633) x12 0x00000001
core   0: 0x80002964 (0x01b7fa33) and     s4, a5, s11
core   0: 3 0x80002964 (0x01b7fa33) x20 0x00000000
core   0: 0x80002968 (0x005a5e33) srl     t3, s4, t0
core   0: 3 0x80002968 (0x005a5e33) x28 0x00000000
core   0: 0x8000296c (0x419bdab3) sra     s5, s7, s9
core   0: 3 0x8000296c (0x419bdab3) x21 0x00000000
core   0: 0x80002970 (0x017c9db3) sll     s11, s9, s7
core   0: 3 0x80002970 (0x017c9db3) x27 0x00000040
core   0: 0x80002974 (0x01e8f2b3) and     t0, a7, t5
core   0: 3 0x80002974 (0x01e8f2b3) x 5 0x00000000
core   0: 0x80002978 (0x00edbab3) sltu    s5, s11, a4
core   0: 3 0x80002978 (0x00edbab3) x21 0x00000000
core   0: 0x8000297c (0xd3dbfc93) andi    s9, s7, -707
core   0: 3 0x8000297c (0xd3dbfc93) x25 0x00000000
core   0: 0x80002980 (0x013b9813) slli    a6, s7, 19
core   0: 3 0x80002980 (0x013b9813) x16 0x00000000
core   0: 0x80002984 (0x7e5c4597) auipc   a1, 0x7e5c4
core   0: 3 0x80002984 (0x7e5c4597) x11 0xfe5c6984
core   0: 0x80002988 (0x004bd1b3) srl     gp, s7, tp
core   0: 3 0x80002988 (0x004bd1b3) x 3 0x00000000
core   0: 0x8000298c (0x00b57933) and     s2, a0, a1
core   0: 3 0x8000298c (0x00b57933) x18 0x80004884
core   0: 0x80002990 (0x404f5793) srai    a5, t5, 4
core   0: 3 0x80002990 (0x404f5793) x15 0x05f20a81
core   0: 0x80002994 (0x461c8e13) addi    t3, s9, 1121
core   0: 3 0x80002994 (0x461c8e13) x28 0x00000461
core   0: 0x80002998 (0x00c93433) sltu    s0, s2, a2
core   0: 3 0x80002998 (0x00c93433) x 8 0x00000000
core   0: 0x8000299c (0x404901b3) sub     gp, s2, tp
core   0: 3 0x8000299c (0x404901b3) x 3 0xffff2a20
core   0: 0x800029a0 (0x01297bb3) and     s7, s2, s2
core   0: 3 0x800029a0 (0x01297bb3) x23 0x80004884
core   0: 0x800029a4 (0xc7998397) auipc   t2, 0xc7998
core   0: 3 0x800029a4 (0xc7998397) x 7 0x4799a9a4
core   0: 0x800029a8 (0x017cd193) srli    gp, s9, 23
core   0: 3 0x800029a8 (0x017cd193) x 3 0x00000000
core   0: 0x800029ac (0x411bdab3) sra     s5, s7, a7
core   0: 3 0x800029ac (0x411bdab3) x21 0x80004884
core   0: 0x800029b0 (0xc6268413) addi    s0, a3, -926
core   0: 3 0x800029b0 (0xc6268413) x 8 0xfffffc63
core   0: 0x800029b4 (0x409c87b3) sub     a5, s9, s1
core   0: 3 0x800029b4 (0x409c87b3) x15 0x00000001
core   0: 0x800029b8 (0x00c27d33) and     s10, tp, a2
core   0: 3 0x800029b8 (0x00c27d33) x26 0x00000000
core   0: 0x800029bc (0x539f8f37) lui     t5, 0x539f8
core   0: 3 0x800029bc (0x539f8f37) x30 0x539f8000
core   0: 0x800029c0 (0x207e7917) auipc   s2, 0x207e7
core   0: 3 0x800029c0 (0x207e7917) x18 0xa07e99c0
core   0: 0x800029c4 (0x078b4693) xori    a3, s6, 120
core   0: 3 0x800029c4 (0x078b4693) x13 0x80010478
core   0: 0x800029c8 (0x8c0dbf13) sltiu   t5, s11, -1856
core   0: 3 0x800029c8 (0x8c0dbf13) x30 0x00000001
core   0: 0x800029cc (0x00d16eb3) or      t4, sp, a3
core   0: 3 0x800029cc (0x00d16eb3) x29 0xc043f5fc
core   0: 0x800029d0 (0xfe000113) li      sp, -32
core   0: 3 0x800029d0 (0xfe000113) x 2 0xffffffe0
core   0: 0x800029d4 (0x00000013) nop
core   0: 3 0x800029d4 (0x00000013)
core   0: 0x800029d8 (0x6a89ff93) andi    t6, s3, 1704
core   0: 3 0x800029d8 (0x6a89ff93) x31 0x00000000
core   0: 0x800029dc (0x01a47433) and     s0, s0, s10
core   0: 3 0x800029dc (0x01a47433) x 8 0x00000000
core   0: 0x800029e0 (0xb3562393) slti    t2, a2, -1227
core   0: 3 0x800029e0 (0xb3562393) x 7 0x00000000
core   0: 0x800029e4 (0xf2a92db7) lui     s11, 0xf2a92
core   0: 3 0x800029e4 (0xf2a92db7) x27 0xf2a92000
core   0: 0x800029e8 (0x8bac0413) addi    s0, s8, -1862
core   0: 3 0x800029e8 (0x8bac0413) x 8 0xfffff8ba
core   0: 0x800029ec (0x41110933) sub     s2, sp, a7
core   0: 3 0x800029ec (0x41110933) x18 0xffffffe0
core   0: 0x800029f0 (0x2e513913) sltiu   s2, sp, 741
core   0: 3 0x800029f0 (0x2e513913) x18 0x00000000
core   0: 0x800029f4 (0x009b8db3) add     s11, s7, s1
core   0: 3 0x800029f4 (0x009b8db3) x27 0x80004883
core   0: 0x800029f8 (0x37429d37) lui     s10, 0x37429
core   0: 3 0x800029f8 (0x37429d37) x26 0x37429000
core   0: 0x800029fc (0x41a4d933) sra     s2, s1, s10
core   0: 3 0x800029fc (0x41a4d933) x18 0xffffffff
core   0: 0x80002a00 (0xeb427597) auipc   a1, 0xeb427
core   0: 3 0x80002a00 (0xeb427597) x11 0x6b429a00
core   0: 0x80002a04 (0x290b7913) andi    s2, s6, 656
core   0: 3 0x80002a04 (0x290b7913) x18 0x00000000
core   0: 0x80002a08 (0x00640133) add     sp, s0, t1
core   0: 3 0x80002a08 (0x00640133) x 2 0xfffff8c5
core   0: 0x80002a0c (0x01f6c2b3) xor     t0, a3, t6
core   0: 3 0x80002a0c (0x01f6c2b3) x 5 0x80010478
core   0: 0x80002a10 (0x019c1a13) slli    s4, s8, 25
core   0: 3 0x80002a10 (0x019c1a13) x20 0x00000000
core   0: 0x80002a14 (0xa493a113) slti    sp, t2, -1463
core   0: 3 0x80002a14 (0xa493a113) x 2 0x00000000
core   0: 0x80002a18 (0x018e9bb3) sll     s7, t4, s8
core   0: 3 0x80002a18 (0x018e9bb3) x23 0xc043f5fc
core   0: 0x80002a1c (0x4140d093) srai    ra, ra, 20
core   0: 3 0x80002a1c (0x4140d093) x 1 0x00000000
core   0: 0x80002a20 (0x0175cfb3) xor     t6, a1, s7
core   0: 3 0x80002a20 (0x0175cfb3) x31 0xab016ffc
core   0: 0x80002a24 (0x4009ddb3) sra     s11, s3, zero
core   0: 3 0x80002a24 (0x4009ddb3) x27 0x80000000
core   0: 0x80002a28 (0xc08e0c93) addi    s9, t3, -1016
core   0: 3 0x80002a28 (0xc08e0c93) x25 0x00000069
core   0: 0x80002a2c (0xe3c47837) lui     a6, 0xe3c47
core   0: 3 0x80002a2c (0xe3c47837) x16 0xe3c47000
core   0: 0x80002a30 (0xb2db2693) slti    a3, s6, -1235
core   0: 3 0x80002a30 (0xb2db2693) x13 0x00000001
core   0: 0x80002a34 (0x40ecda13) srai    s4, s9, 14
core   0: 3 0x80002a34 (0x40ecda13) x20 0x00000000
core   0: 0x80002a38 (0x7dbdfd93) andi    s11, s11, 2011
core   0: 3 0x80002a38 (0x7dbdfd93) x27 0x00000000
core   0: 0x80002a3c (0x408782b3) sub     t0, a5, s0
core   0: 3 0x80002a3c (0x408782b3) x 5 0x00000747
core   0: 0x80002a40 (0x00fcf833) and     a6, s9, a5
core   0: 3 0x80002a40 (0x00fcf833) x16 0x00000001
core   0: 0x80002a44 (0x000724b3) slt     s1, a4, zero
core   0: 3 0x80002a44 (0x000724b3) x 9 0x00000000
core   0: 0x80002a48 (0x346bbbb7) lui     s7, 0x346bb
core   0: 3 0x80002a48 (0x346bbbb7) x23 0x346bb000
core   0: 0x80002a4c (0x009b5633) srl     a2, s6, s1
core   0: 3 0x80002a4c (0x009b5633) x12 0x80010400
core   0: 0x80002a50 (0x0101ddb3) srl     s11, gp, a6
core   0: 3 0x80002a50 (0x0101ddb3) x27 0x00000000
core   0: 0x80002a54 (0x49fcba93) sltiu   s5, s9, 1183
core   0: 3 0x80002a54 (0x49fcba93) x21 0x00000001
core   0: 0x80002a58 (0x51a4e113) ori     sp, s1, 1306
core   0: 3 0x80002a58 (0x51a4e113) x 2 0x0000051a
core   0: 0x80002a5c (0x41de5d33) sra     s10, t3, t4
core   0: 3 0x80002a5c (0x41de5d33) x26 0x00000000
core   0: 0x80002a60 (0x01721c33) sll     s8, tp, s7
core   0: 3 0x80002a60 (0x01721c33) x24 0x80011e64
core   0: 0x80002a64 (0x017f1f33) sll     t5, t5, s7
core   0: 3 0x80002a64 (0x017f1f33) x30 0x00000001
core   0: 0x80002a68 (0x359a1a97) auipc   s5, 0x359a1
core   0: 3 0x80002a68 (0x359a1a97) x21 0xb59a3a68
core   0: 0x80002a6c (0x400c5d93) srai    s11, s8, 0
core   0: 3 0x80002a6c (0x400c5d93) x27 0x80011e64
core   0: 0x80002a70 (0x73cb6797) auipc   a5, 0x73cb6
core   0: 3 0x80002a70 (0x73cb6797) x15 0xf3cb8a70
core   0: 0x80002a74 (0x8dae7093) andi    ra, t3, -1830
core   0: 3 0x80002a74 (0x8dae7093) x 1 0x00000040
core   0: 0x80002a78 (0x40368d33) sub     s10, a3, gp
core   0: 3 0x80002a78 (0x40368d33) x26 0x00000001
core   0: 0x80002a7c (0x00f9db93) srli    s7, s3, 15
core   0: 3 0x80002a7c (0x00f9db93) x23 0x00010000
core   0: 0x80002a80 (0x011ed0b3) srl     ra, t4, a7
core   0: 3 0x80002a80 (0x011ed0b3) x 1 0xc043f5fc
core   0: 0x80002a84 (0x0ab1ce13) xori    t3, gp, 171
core   0: 3 0x80002a84 (0x0ab1ce13) x28 0x000000ab
core   0: 0x80002a88 (0x00f26e33) or      t3, tp, a5
core   0: 3 0x80002a88 (0x00f26e33) x28 0xf3cb9e74
core   0: 0x80002a8c (0x018c4433) xor     s0, s8, s8
core   0: 3 0x80002a8c (0x018c4433) x 8 0x00000000
core   0: 0x80002a90 (0xb1814413) xori    s0, sp, -1256
core   0: 3 0x80002a90 (0xb1814413) x 8 0xfffffe02
core   0: 0x80002a94 (0xdbd6ec13) ori     s8, a3, -579
core   0: 3 0x80002a94 (0xdbd6ec13) x24 0xfffffdbd
core   0: 0x80002a98 (0xce348037) lui     zero, 0xce348
core   0: 3 0x80002a98 (0xce348037)
core   0: 0x80002a9c (0x01224033) xor     zero, tp, s2
core   0: 3 0x80002a9c (0x01224033)
core   0: 0x80002aa0 (0xc0852f93) slti    t6, a0, -1016
core   0: 3 0x80002aa0 (0xc0852f93) x31 0x00000001
core   0: 0x80002aa4 (0x0011d113) srli    sp, gp, 1
core   0: 3 0x80002aa4 (0x0011d113) x 2 0x00000000
core   0: 0x80002aa8 (0x927ba497) auipc   s1, 0x927ba
core   0: 3 0x80002aa8 (0x927ba497) x 9 0x127bcaa8
core   0: 0x80002aac (0x01208833) add     a6, ra, s2
core   0: 3 0x80002aac (0x01208833) x16 0xc043f5fc
core   0: 0x80002ab0 (0xf2596893) ori     a7, s2, -219
core   0: 3 0x80002ab0 (0xf2596893) x17 0xffffff25
core   0: 0x80002ab4 (0x00000013) nop
core   0: 3 0x80002ab4 (0x00000013)
core   0: 0x80002ab8 (0x003d2fb3) slt     t6, s10, gp
core   0: 3 0x80002ab8 (0x003d2fb3) x31 0x00000000
core   0: 0x80002abc (0x8cb70593) addi    a1, a4, -1845
core   0: 3 0x80002abc (0x8cb70593) x11 0xfffff8cb
core   0: 0x80002ac0 (0x410156b3) sra     a3, sp, a6
core   0: 3 0x80002ac0 (0x410156b3) x13 0x00000000
core   0: 0x80002ac4 (0x00cd25b3) slt     a1, s10, a2
core   0: 3 0x80002ac4 (0x00cd25b3) x11 0x00000000
core   0: 0x80002ac8 (0x00e438b3) sltu    a7, s0, a4
core   0: 3 0x80002ac8 (0x00e438b3) x17 0x00000000
core   0: 0x80002acc (0x00fabfb3) sltu    t6, s5, a5
core   0: 3 0x80002acc (0x00fabfb3) x31 0x00000001
core   0: 0x80002ad0 (0x416804b3) sub     s1, a6, s6
core   0: 3 0x80002ad0 (0x416804b3) x 9 0x4042f1fc
core   0: 0x80002ad4 (0x413e5b13) srai    s6, t3, 19
core   0: 3 0x80002ad4 (0x413e5b13) x22 0xfffffe79
core   0: 0x80002ad8 (0x00a81b33) sll     s6, a6, a0
core   0: 3 0x80002ad8 (0x00a81b33) x22 0x043f5fc0
core   0: 0x80002adc (0x4d31e113) ori     sp, gp, 1235
core   0: 3 0x80002adc (0x4d31e113) x 2 0x000004d3
core   0: 0x80002ae0 (0x00bce6b3) or      a3, s9, a1
core   0: 3 0x80002ae0 (0x00bce6b3) x13 0x00000069
core   0: 0x80002ae4 (0x01c76b33) or      s6, a4, t3
core   0: 3 0x80002ae4 (0x01c76b33) x22 0xf3cb9e74
core   0: 0x80002ae8 (0x00fc52b3) srl     t0, s8, a5
core   0: 3 0x80002ae8 (0x00fc52b3) x 5 0x0000ffff
core   0: 0x80002aec (0xfa5aa113) slti    sp, s5, -91
core   0: 3 0x80002aec (0xfa5aa113) x 2 0x00000001
core   0: 0x80002af0 (0x9a108813) addi    a6, ra, -1631
core   0: 3 0x80002af0 (0x9a108813) x16 0xc043ef9d
core   0: 0x80002af4 (0x401bd413) srai    s0, s7, 1
core   0: 3 0x80002af4 (0x401bd413) x 8 0x00008000
core   0: 0x80002af8 (0x01e485b3) add     a1, s1, t5
core   0: 3 0x80002af8 (0x01e485b3) x11 0x4042f1fd
core   0: 0x80002afc (0x0018b3b3) sltu    t2, a7, ra
core   0: 3 0x80002afc (0x0018b3b3) x 7 0x00000001
core   0: 0x80002b00 (0x41d6d013) srai    zero, a3, 29
core   0: 3 0x80002b00 (0x41d6d013)
core   0: 0x80002b04 (0xd7459e97) auipc   t4, 0xd7459
core   0: 3 0x80002b04 (0xd7459e97) x29 0x5745bb04
core   0: 0x80002b08 (0xee8aeb13) ori     s6, s5, -280
core   0: 3 0x80002b08 (0xee8aeb13) x22 0xfffffee8
core   0: 0x80002b0c (0xbf793d93) sltiu   s11, s2, -1033
core   0: 3 0x80002b0c (0xbf793d93) x27 0x00000001
core   0: 0x80002b10 (0x40a14b13) xori    s6, sp, 1034
core   0: 3 0x80002b10 (0x40a14b13) x22 0x0000040b
core   0: 0x80002b14 (0x41dc5193) srai    gp, s8, 29
core   0: 3 0x80002b14 (0x41dc5193) x 3 0xffffffff
core   0: 0x80002b18 (0x87a1ba13) sltiu   s4, gp, -1926
core   0: 3 0x80002b18 (0x87a1ba13) x20 0x00000000
core   0: 0x80002b1c (0x40315493) srai    s1, sp, 3
core   0: 3 0x80002b1c (0x40315493) x 9 0x00000000
core   0: 0x80002b20 (0x416702b3) sub     t0, a4, s6
core   0: 3 0x80002b20 (0x416702b3) x 5 0xfffffbf5
core   0: 0x80002b24 (0x00ce3633) sltu    a2, t3, a2
core   0: 3 0x80002b24 (0x00ce3633) x12 0x00000000
core   0: 0x80002b28 (0x401052b3) sra     t0, zero, ra
core   0: 3 0x80002b28 (0x401052b3) x 5 0x00000000
core   0: 0x80002b2c (0x41ba5bb3) sra     s7, s4, s11
core   0: 3 0x80002b2c (0x41ba5bb3) x23 0x00000000
core   0: 0x80002b30 (0x01b4d0b3) srl     ra, s1, s11
core   0: 3 0x80002b30 (0x01b4d0b3) x 1 0x00000000
core   0: 0x80002b34 (0x01981e33) sll     t3, a6, s9
core   0: 3 0x80002b34 (0x01981e33) x28 0x87df3a00
core   0: 0x80002b38 (0x27627a37) lui     s4, 0x27627
core   0: 3 0x80002b38 (0x27627a37) x20 0x27627000
core   0: 0x80002b3c (0xced23d93) sltiu   s11, tp, -787
core   0: 3 0x80002b3c (0xced23d93) x27 0x00000001
core   0: 0x80002b40 (0x0b987b13) andi    s6, a6, 185
core   0: 3 0x80002b40 (0x0b987b13) x22 0x00000099
core   0: 0x80002b44 (0x9f714493) xori    s1, sp, -1545
core   0: 3 0x80002b44 (0x9f714493) x 9 0xfffff9f6
core   0: 0x80002b48 (0x01e27733) and     a4, tp, t5
core   0: 3 0x80002b48 (0x01e27733) x14 0x00000000
core   0: 0x80002b4c (0x40d60433) sub     s0, a2, a3
core   0: 3 0x80002b4c (0x40d60433) x 8 0xffffff97
core   0: 0x80002b50 (0x011d2633) slt     a2, s10, a7
core   0: 3 0x80002b50 (0x011d2633) x12 0x00000000
core   0: 0x80002b54 (0x1d3bf913) andi    s2, s7, 467
core   0: 3 0x80002b54 (0x1d3bf913) x18 0x00000000
core   0: 0x80002b58 (0x50c16b13) ori     s6, sp, 1292
core   0: 3 0x80002b58 (0x50c16b13) x22 0x0000050d
core   0: 0x80002b5c (0x00df5713) srli    a4, t5, 13
core   0: 3 0x80002b5c (0x00df5713) x14 0x00000000
core   0: 0x80002b60 (0x90cec593) xori    a1, t4, -1780
core   0: 3 0x80002b60 (0x90cec593) x11 0xa8ba4208
core   0: 0x80002b64 (0x10258f93) addi    t6, a1, 258
core   0: 3 0x80002b64 (0x10258f93) x31 0xa8ba430a
core   0: 0x80002b68 (0x01713933) sltu    s2, sp, s7
core   0: 3 0x80002b68 (0x01713933) x18 0x00000000
core   0: 0x80002b6c (0x01bb6bb3) or      s7, s6, s11
core   0: 3 0x80002b6c (0x01bb6bb3) x23 0x0000050d
core   0: 0x80002b70 (0x016446b3) xor     a3, s0, s6
core   0: 3 0x80002b70 (0x016446b3) x13 0xfffffa9a
core   0: 0x80002b74 (0x00000013) nop
core   0: 3 0x80002b74 (0x00000013)
core   0: 0x80002b78 (0x00f6ab33) slt     s6, a3, a5
core   0: 3 0x80002b78 (0x00f6ab33) x22 0x00000000
core   0: 0x80002b7c (0x00000013) nop
core   0: 3 0x80002b7c (0x00000013)
core   0: 0x80002b80 (0x002e61b3) or      gp, t3, sp
core   0: 3 0x80002b80 (0x002e61b3) x 3 0x87df3a01
core   0: 0x80002b84 (0x40678ab3) sub     s5, a5, t1
core   0: 3 0x80002b84 (0x40678ab3) x21 0xf3cb8a65
core   0: 0x80002b88 (0x0079ef33) or      t5, s3, t2
core   0: 3 0x80002b88 (0x0079ef33) x30 0x80000001
core   0: 0x80002b8c (0x40c55433) sra     s0, a0, a2
core   0: 3 0x80002b8c (0x40c55433) x 8 0x80015ce4
core   0: 0x80002b90 (0x95592d97) auipc   s11, 0x95592
core   0: 3 0x80002b90 (0x95592d97) x27 0x15594b90
core   0: 0x80002b94 (0x00000013) nop
core   0: 3 0x80002b94 (0x00000013)
core   0: 0x80002b98 (0x34b32f13) slti    t5, t1, 843
core   0: 3 0x80002b98 (0x34b32f13) x30 0x00000001
core   0: 0x80002b9c (0xfcaa0d13) addi    s10, s4, -54
core   0: 3 0x80002b9c (0xfcaa0d13) x26 0x27626fca
core   0: 0x80002ba0 (0x17dbf413) andi    s0, s7, 381
core   0: 3 0x80002ba0 (0x17dbf413) x 8 0x0000010d
core   0: 0x80002ba4 (0xa326ac13) slti    s8, a3, -1486
core   0: 3 0x80002ba4 (0xa326ac13) x24 0x00000000
core   0: 0x80002ba8 (0x014f1633) sll     a2, t5, s4
core   0: 3 0x80002ba8 (0x014f1633) x12 0x00000001
core   0: 0x80002bac (0xc52c2a13) slti    s4, s8, -942
core   0: 3 0x80002bac (0xc52c2a13) x20 0x00000000
core   0: 0x80002bb0 (0x00101613) slli    a2, zero, 1
core   0: 3 0x80002bb0 (0x00101613) x12 0x00000000
core   0: 0x80002bb4 (0x98ddc813) xori    a6, s11, -1651
core   0: 3 0x80002bb4 (0x98ddc813) x16 0xeaa6b21d
core   0: 0x80002bb8 (0xded89317) auipc   t1, 0xded89
core   0: 3 0x80002bb8 (0xded89317) x 6 0x5ed8bbb8
core   0: 0x80002bbc (0x000a63b3) or      t2, s4, zero
core   0: 3 0x80002bbc (0x000a63b3) x 7 0x00000000
core   0: 0x80002bc0 (0xc8792e13) slti    t3, s2, -889
core   0: 3 0x80002bc0 (0xc8792e13) x28 0x00000000
core   0: 0x80002bc4 (0x75efca17) auipc   s4, 0x75efc
core   0: 3 0x80002bc4 (0x75efca17) x20 0xf5efebc4
core   0: 0x80002bc8 (0x00797ab3) and     s5, s2, t2
core   0: 3 0x80002bc8 (0x00797ab3) x21 0x00000000
core   0: 0x80002bcc (0x00dc2333) slt     t1, s8, a3
core   0: 3 0x80002bcc (0x00dc2333) x 6 0x00000000
core   0: 0x80002bd0 (0x0156c1b3) xor     gp, a3, s5
core   0: 3 0x80002bd0 (0x0156c1b3) x 3 0xfffffa9a
core   0: 0x80002bd4 (0x012fe433) or      s0, t6, s2
core   0: 3 0x80002bd4 (0x012fe433) x 8 0xa8ba430a
core   0: 0x80002bd8 (0x01051f13) slli    t5, a0, 16
core   0: 3 0x80002bd8 (0x01051f13) x30 0x5ce40000
core   0: 0x80002bdc (0x015725b3) slt     a1, a4, s5
core   0: 3 0x80002bdc (0x015725b3) x11 0x00000000
core   0: 0x80002be0 (0x4198db93) srai    s7, a7, 25
core   0: 3 0x80002be0 (0x4198db93) x23 0x00000000
core   0: 0x80002be4 (0x00e4df13) srli    t5, s1, 14
core   0: 3 0x80002be4 (0x00e4df13) x30 0x0003ffff
core   0: 0x80002be8 (0x82577917) auipc   s2, 0x82577
core   0: 3 0x80002be8 (0x82577917) x18 0x02579be8
core   0: 0x80002bec (0x14e10813) addi    a6, sp, 334
core   0: 3 0x80002bec (0x14e10813) x16 0x0000014f
core   0: 0x80002bf0 (0x240c3013) sltiu   zero, s8, 576
core   0: 3 0x80002bf0 (0x240c3013)
core   0: 0x80002bf4 (0x008fe433) or      s0, t6, s0
core   0: 3 0x80002bf4 (0x008fe433) x 8 0xa8ba430a
core   0: 0x80002bf8 (0x01dfab33) slt     s6, t6, t4
core   0: 3 0x80002bf8 (0x01dfab33) x22 0x00000001
core   0: 0x80002bfc (0xfff00b13) li      s6, -1
core   0: 3 0x80002bfc (0xfff00b13) x22 0xffffffff
core   0: 0x80002c00 (0xfff00d93) li      s11, -1
core   0: 3 0x80002c00 (0xfff00d93) x27 0xffffffff
core   0: 0x80002c04 (0x524ac637) lui     a2, 0x524ac
core   0: 3 0x80002c04 (0x524ac637) x12 0x524ac000
core   0: 0x80002c08 (0xbff60613) addi    a2, a2, -1025
core   0: 3 0x80002c08 (0xbff60613) x12 0x524abbff
core   0: 0x80002c0c (0x1ee12937) lui     s2, 0x1ee12
core   0: 3 0x80002c0c (0x1ee12937) x18 0x1ee12000
core   0: 0x80002c10 (0xc7190913) addi    s2, s2, -911
core   0: 3 0x80002c10 (0xc7190913) x18 0x1ee11c71
core   0: 0x80002c14 (0x80000bb7) lui     s7, 0x80000
core   0: 3 0x80002c14 (0x80000bb7) x23 0x80000000
core   0: 0x80002c18 (0x80000e37) lui     t3, 0x80000
core   0: 3 0x80002c18 (0x80000e37) x28 0x80000000
core   0: 0x80002c1c (0xfff00193) li      gp, -1
core   0: 3 0x80002c1c (0xfff00193) x 3 0xffffffff
core   0: 0x80002c20 (0x800005b7) lui     a1, 0x80000
core   0: 3 0x80002c20 (0x800005b7) x11 0x80000000
core   0: 0x80002c24 (0xfff00113) li      sp, -1
core   0: 3 0x80002c24 (0xfff00113) x 2 0xffffffff
core   0: 0x80002c28 (0x00000e93) li      t4, 0
core   0: 3 0x80002c28 (0x00000e93) x29 0x00000000
core   0: 0x80002c2c (0x40bb0633) sub     a2, s6, a1
core   0: 3 0x80002c2c (0x40bb0633) x12 0x7fffffff
core   0: 0x80002c30 (0x41de85b3) sub     a1, t4, t4
core   0: 3 0x80002c30 (0x41de85b3) x11 0x00000000
core   0: 0x80002c34 (0x416e8b33) sub     s6, t4, s6
core   0: 3 0x80002c34 (0x416e8b33) x22 0x00000001
core   0: 0x80002c38 (0x417d8933) sub     s2, s11, s7
core   0: 3 0x80002c38 (0x417d8933) x18 0x7fffffff
core   0: 0x80002c3c (0x41758bb3) sub     s7, a1, s7
core   0: 3 0x80002c3c (0x41758bb3) x23 0x80000000
core   0: 0x80002c40 (0x9cd14117) auipc   sp, 0x9cd14
core   0: 3 0x80002c40 (0x9cd14117) x 2 0x1cd16c40
core   0: 0x80002c44 (0x00000013) nop
core   0: 3 0x80002c44 (0x00000013)
core   0: 0x80002c48 (0x417b8bb3) sub     s7, s7, s7
core   0: 3 0x80002c48 (0x417b8bb3) x23 0x00000000
core   0: 0x80002c4c (0x49a575b7) lui     a1, 0x49a57
core   0: 3 0x80002c4c (0x49a575b7) x11 0x49a57000
core   0: 0x80002c50 (0x14f18b93) addi    s7, gp, 335
core   0: 3 0x80002c50 (0x14f18b93) x23 0x0000014e
core   0: 0x80002c54 (0x774d8593) addi    a1, s11, 1908
core   0: 3 0x80002c54 (0x774d8593) x11 0x00000773
core   0: 0x80002c58 (0x01b18133) add     sp, gp, s11
core   0: 3 0x80002c58 (0x01b18133) x 2 0xfffffffe
core   0: 0x80002c5c (0x00360633) add     a2, a2, gp
core   0: 3 0x80002c5c (0x00360633) x12 0x7ffffffe
core   0: 0x80002c60 (0x012b8b33) add     s6, s7, s2
core   0: 3 0x80002c60 (0x012b8b33) x22 0x8000014d
core   0: 0x80002c64 (0x45dd4b37) lui     s6, 0x45dd4
core   0: 3 0x80002c64 (0x45dd4b37) x22 0x45dd4000
core   0: 0x80002c68 (0x00000013) nop
core   0: 3 0x80002c68 (0x00000013)
core   0: 0x80002c6c (0x3d8cc637) lui     a2, 0x3d8cc
core   0: 3 0x80002c6c (0x3d8cc637) x12 0x3d8cc000
core   0: 0x80002c70 (0x41210eb3) sub     t4, sp, s2
core   0: 3 0x80002c70 (0x41210eb3) x29 0x7fffffff
core   0: 0x80002c74 (0x013a22b3) slt     t0, s4, s3
core   0: 3 0x80002c74 (0x013a22b3) x 5 0x00000000
core   0: 0x80002c78 (0xfbb33093) sltiu   ra, t1, -69
core   0: 3 0x80002c78 (0xfbb33093) x 1 0x00000001
core   0: 0x80002c7c (0x00d8e4b3) or      s1, a7, a3
core   0: 3 0x80002c7c (0x00d8e4b3) x 9 0xfffffa9a
core   0: 0x80002c80 (0x001c9913) slli    s2, s9, 1
core   0: 3 0x80002c80 (0x001c9913) x18 0x000000d2
core   0: 0x80002c84 (0x000861b3) or      gp, a6, zero
core   0: 3 0x80002c84 (0x000861b3) x 3 0x0000014f
core   0: 0x80002c88 (0x00438733) add     a4, t2, tp
core   0: 3 0x80002c88 (0x00438733) x14 0x80011e64
core   0: 0x80002c8c (0x61abde17) auipc   t3, 0x61abd
core   0: 3 0x80002c8c (0x61abde17) x28 0xe1abfc8c
core   0: 0x80002c90 (0x7ebce493) ori     s1, s9, 2027
core   0: 3 0x80002c90 (0x7ebce493) x 9 0x000007eb
core   0: 0x80002c94 (0x00e760b3) or      ra, a4, a4
core   0: 3 0x80002c94 (0x00e760b3) x 1 0x80011e64
core   0: 0x80002c98 (0x0140bab3) sltu    s5, ra, s4
core   0: 3 0x80002c98 (0x0140bab3) x21 0x00000001
core   0: 0x80002c9c (0xbd5cfab7) lui     s5, 0xbd5cf
core   0: 3 0x80002c9c (0xbd5cfab7) x21 0xbd5cf000
core   0: 0x80002ca0 (0x016b2033) slt     zero, s6, s6
core   0: 3 0x80002ca0 (0x016b2033)
core   0: 0x80002ca4 (0x01164433) xor     s0, a2, a7
core   0: 3 0x80002ca4 (0x01164433) x 8 0x3d8cc000
core   0: 0x80002ca8 (0x4143dd33) sra     s10, t2, s4
core   0: 3 0x80002ca8 (0x4143dd33) x26 0x00000000
core   0: 0x80002cac (0x4100dcb3) sra     s9, ra, a6
core   0: 3 0x80002cac (0x4100dcb3) x25 0xffff0002
core   0: 0x80002cb0 (0x7075e613) ori     a2, a1, 1799
core   0: 3 0x80002cb0 (0x7075e613) x12 0x00000777
core   0: 0x80002cb4 (0x003915b3) sll     a1, s2, gp
core   0: 3 0x80002cb4 (0x003915b3) x11 0x00690000
core   0: 0x80002cb8 (0x018da133) slt     sp, s11, s8
core   0: 3 0x80002cb8 (0x018da133) x 2 0x00000001
core   0: 0x80002cbc (0x87373113) sltiu   sp, a4, -1933
core   0: 3 0x80002cbc (0x87373113) x 2 0x00000001
core   0: 0x80002cc0 (0x403ed8b3) sra     a7, t4, gp
core   0: 3 0x80002cc0 (0x403ed8b3) x17 0x0000ffff
core   0: 0x80002cc4 (0x40b10f33) sub     t5, sp, a1
core   0: 3 0x80002cc4 (0x40b10f33) x30 0xff970001
core   0: 0x80002cc8 (0x009d0033) add     zero, s10, s1
core   0: 3 0x80002cc8 (0x009d0033)
core   0: 0x80002ccc (0x35153793) sltiu   a5, a0, 849
core   0: 3 0x80002ccc (0x35153793) x15 0x00000000
core   0: 0x80002cd0 (0x007cc933) xor     s2, s9, t2
core   0: 3 0x80002cd0 (0x007cc933) x18 0xffff0002
core   0: 0x80002cd4 (0x10182c93) slti    s9, a6, 257
core   0: 3 0x80002cd4 (0x10182c93) x25 0x00000000
core   0: 0x80002cd8 (0x0818cd93) xori    s11, a7, 129
core   0: 3 0x80002cd8 (0x0818cd93) x27 0x0000ff7e
core   0: 0x80002cdc (0x01f648b3) xor     a7, a2, t6
core   0: 3 0x80002cdc (0x01f648b3) x17 0xa8ba447d
core   0: 0x80002ce0 (0x01896a33) or      s4, s2, s8
core   0: 3 0x80002ce0 (0x01896a33) x20 0xffff0002
core   0: 0x80002ce4 (0x008dceb3) xor     t4, s11, s0
core   0: 3 0x80002ce4 (0x008dceb3) x29 0x3d8c3f7e
core   0: 0x80002ce8 (0xd9849d97) auipc   s11, 0xd9849
core   0: 3 0x80002ce8 (0xd9849d97) x27 0x5984bce8
core   0: 0x80002cec (0x5f964e13) xori    t3, a2, 1529
core   0: 3 0x80002cec (0x5f964e13) x28 0x0000028e
core   0: 0x80002cf0 (0x4149d733) sra     a4, s3, s4
core   0: 3 0x80002cf0 (0x4149d733) x14 0xe0000000
core   0: 0x80002cf4 (0x40d65d93) srai    s11, a2, 13
core   0: 3 0x80002cf4 (0x40d65d93) x27 0x00000000
core   0: 0x80002cf8 (0x43b00eb7) lui     t4, 0x43b00
core   0: 3 0x80002cf8 (0x43b00eb7) x29 0x43b00000
core   0: 0x80002cfc (0x41b85333) sra     t1, a6, s11
core   0: 3 0x80002cfc (0x41b85333) x 6 0x0000014f
core   0: 0x80002d00 (0x74547193) andi    gp, s0, 1861
core   0: 3 0x80002d00 (0x74547193) x 3 0x00000000
core   0: 0x80002d04 (0x7ca24897) auipc   a7, 0x7ca24
core   0: 3 0x80002d04 (0x7ca24897) x17 0xfca26d04
core   0: 0x80002d08 (0x01187eb3) and     t4, a6, a7
core   0: 3 0x80002d08 (0x01187eb3) x29 0x00000104
core   0: 0x80002d0c (0x00147d33) and     s10, s0, ra
core   0: 3 0x80002d0c (0x00147d33) x26 0x00000000
core   0: 0x80002d10 (0x00c7d093) srli    ra, a5, 12
core   0: 3 0x80002d10 (0x00c7d093) x 1 0x00000000
core   0: 0x80002d14 (0x06b24f93) xori    t6, tp, 107
core   0: 3 0x80002d14 (0x06b24f93) x31 0x80011e0f
core   0: 0x80002d18 (0x554aef13) ori     t5, s5, 1364
core   0: 3 0x80002d18 (0x554aef13) x30 0xbd5cf554
core   0: 0x80002d1c (0x009b2eb3) slt     t4, s6, s1
core   0: 3 0x80002d1c (0x009b2eb3) x29 0x00000000
core   0: 0x80002d20 (0x00bed813) srli    a6, t4, 11
core   0: 3 0x80002d20 (0x00bed813) x16 0x00000000
core   0: 0x80002d24 (0x01a3f333) and     t1, t2, s10
core   0: 3 0x80002d24 (0x01a3f333) x 6 0x00000000
core   0: 0x80002d28 (0x002d5f93) srli    t6, s10, 2
core   0: 3 0x80002d28 (0x002d5f93) x31 0x00000000
core   0: 0x80002d2c (0x830cb413) sltiu   s0, s9, -2000
core   0: 3 0x80002d2c (0x830cb413) x 8 0x00000001
core   0: 0x80002d30 (0x00ef62b3) or      t0, t5, a4
core   0: 3 0x80002d30 (0x00ef62b3) x 5 0xfd5cf554
core   0: 0x80002d34 (0x00cfd5b3) srl     a1, t6, a2
core   0: 3 0x80002d34 (0x00cfd5b3) x11 0x00000000
core   0: 0x80002d38 (0x00aa1493) slli    s1, s4, 10
core   0: 3 0x80002d38 (0x00aa1493) x 9 0xfc000800
core   0: 0x80002d3c (0x0175d0b3) srl     ra, a1, s7
core   0: 3 0x80002d3c (0x0175d0b3) x 1 0x00000000
core   0: 0x80002d40 (0x019b66b3) or      a3, s6, s9
core   0: 3 0x80002d40 (0x019b66b3) x13 0x45dd4000
core   0: 0x80002d44 (0x40535c33) sra     s8, t1, t0
core   0: 3 0x80002d44 (0x40535c33) x24 0x00000000
core   0: 0x80002d48 (0x48c1b193) sltiu   gp, gp, 1164
core   0: 3 0x80002d48 (0x48c1b193) x 3 0x00000001
core   0: 0x80002d4c (0xb3aee837) lui     a6, 0xb3aee
core   0: 3 0x80002d4c (0xb3aee837) x16 0xb3aee000
core   0: 0x80002d50 (0xfcf0e713) ori     a4, ra, -49
core   0: 3 0x80002d50 (0xfcf0e713) x14 0xffffffcf
core   0: 0x80002d54 (0x00810033) add     zero, sp, s0
core   0: 3 0x80002d54 (0x00810033)
core   0: 0x80002d58 (0x0060c433) xor     s0, ra, t1
core   0: 3 0x80002d58 (0x0060c433) x 8 0x00000000
core   0: 0x80002d5c (0xa02b2693) slti    a3, s6, -1534
core   0: 3 0x80002d5c (0xa02b2693) x13 0x00000000
core   0: 0x80002d60 (0xd1664437) lui     s0, 0xd1664
core   0: 3 0x80002d60 (0xd1664437) x 8 0xd1664000
core   0: 0x80002d64 (0x4169da13) srai    s4, s3, 22
core   0: 3 0x80002d64 (0x4169da13) x20 0xfffffe00
core   0: 0x80002d68 (0x81df8913) addi    s2, t6, -2019
core   0: 3 0x80002d68 (0x81df8913) x18 0xfffff81d
core   0: 0x80002d6c (0x0043bf13) sltiu   t5, t2, 4
core   0: 3 0x80002d6c (0x0043bf13) x30 0x00000001
core   0: 0x80002d70 (0x00c340b3) xor     ra, t1, a2
core   0: 3 0x80002d70 (0x00c340b3) x 1 0x00000777
core   0: 0x80002d74 (0x99dc7b93) andi    s7, s8, -1635
core   0: 3 0x80002d74 (0x99dc7b93) x23 0x00000000
core   0: 0x80002d78 (0x01bb9d13) slli    s10, s7, 27
core   0: 3 0x80002d78 (0x01bb9d13) x26 0x00000000
core   0: 0x80002d7c (0x01ae0133) add     sp, t3, s10
core   0: 3 0x80002d7c (0x01ae0133) x 2 0x0000028e
core   0: 0x80002d80 (0x01a11913) slli    s2, sp, 26
core   0: 3 0x80002d80 (0x01a11913) x18 0x38000000
core   0: 0x80002d84 (0x000eecb3) or      s9, t4, zero
core   0: 3 0x80002d84 (0x000eecb3) x25 0x00000000
core   0: 0x80002d88 (0x019ae1b3) or      gp, s5, s9
core   0: 3 0x80002d88 (0x019ae1b3) x 3 0xbd5cf000
core   0: 0x80002d8c (0x2981e413) ori     s0, gp, 664
core   0: 3 0x80002d8c (0x2981e413) x 8 0xbd5cf298
core   0: 0x80002d90 (0xa0bfcc93) xori    s9, t6, -1525
core   0: 3 0x80002d90 (0xa0bfcc93) x25 0xfffffa0b
core   0: 0x80002d94 (0x74a78f13) addi    t5, a5, 1866
core   0: 3 0x80002d94 (0x74a78f13) x30 0x0000074a
core   0: 0x80002d98 (0x7a358713) addi    a4, a1, 1955
core   0: 3 0x80002d98 (0x7a358713) x14 0x000007a3
core   0: 0x80002d9c (0x01cc2cb3) slt     s9, s8, t3
core   0: 3 0x80002d9c (0x01cc2cb3) x25 0x00000001
core   0: 0x80002da0 (0x053caa93) slti    s5, s9, 83
core   0: 3 0x80002da0 (0x053caa93) x21 0x00000001
core   0: 0x80002da4 (0x01850833) add     a6, a0, s8
core   0: 3 0x80002da4 (0x01850833) x16 0x80015ce4
core   0: 0x80002da8 (0x014a8333) add     t1, s5, s4
core   0: 3 0x80002da8 (0x014a8333) x 6 0xfffffe01
core   0: 0x80002dac (0x0118da13) srli    s4, a7, 17
core   0: 3 0x80002dac (0x0118da13) x20 0x00007e51
core   0: 0x80002db0 (0x20a50117) auipc   sp, 0x20a50
core   0: 3 0x80002db0 (0x20a50117) x 2 0xa0a52db0
core   0: 0x80002db4 (0x00000013) nop
core   0: 3 0x80002db4 (0x00000013)
core   0: 0x80002db8 (0x407c87b3) sub     a5, s9, t2
core   0: 3 0x80002db8 (0x407c87b3) x15 0x00000001
core   0: 0x80002dbc (0xd49afc93) andi    s9, s5, -695
core   0: 3 0x80002dbc (0xd49afc93) x25 0x00000001
core   0: 0x80002dc0 (0x00dd9d93) slli    s11, s11, 13
core   0: 3 0x80002dc0 (0x00dd9d93) x27 0x00000000
core   0: 0x80002dc4 (0x01f454b3) srl     s1, s0, t6
core   0: 3 0x80002dc4 (0x01f454b3) x 9 0xbd5cf298
core   0: 0x80002dc8 (0x41375b97) auipc   s7, 0x41375
core   0: 3 0x80002dc8 (0x41375b97) x23 0xc1377dc8
core   0: 0x80002dcc (0x01cdc7b3) xor     a5, s11, t3
core   0: 3 0x80002dcc (0x01cdc7b3) x15 0x0000028e
core   0: 0x80002dd0 (0x41a0da13) srai    s4, ra, 26
core   0: 3 0x80002dd0 (0x41a0da13) x20 0x00000000
core   0: 0x80002dd4 (0x8e837d93) andi    s11, t1, -1816
core   0: 3 0x80002dd4 (0x8e837d93) x27 0xfffff800
core   0: 0x80002dd8 (0x007a72b3) and     t0, s4, t2
core   0: 3 0x80002dd8 (0x007a72b3) x 5 0x00000000
core   0: 0x80002ddc (0x01593bb3) sltu    s7, s2, s5
core   0: 3 0x80002ddc (0x01593bb3) x23 0x00000000
core   0: 0x80002de0 (0x0192a3b3) slt     t2, t0, s9
core   0: 3 0x80002de0 (0x0192a3b3) x 7 0x00000001
core   0: 0x80002de4 (0xc9a8d417) auipc   s0, 0xc9a8d
core   0: 3 0x80002de4 (0xc9a8d417) x 8 0x49a8fde4
core   0: 0x80002de8 (0x010fd113) srli    sp, t6, 16
core   0: 3 0x80002de8 (0x010fd113) x 2 0x00000000
core   0: 0x80002dec (0xb0a1e413) ori     s0, gp, -1270
core   0: 3 0x80002dec (0xb0a1e413) x 8 0xfffffb0a
core   0: 0x80002df0 (0x40ab5a93) srai    s5, s6, 10
core   0: 3 0x80002df0 (0x40ab5a93) x21 0x00117750
core   0: 0x80002df4 (0x00dde633) or      a2, s11, a3
core   0: 3 0x80002df4 (0x00dde633) x12 0xfffff800
core   0: 0x80002df8 (0x40c85193) srai    gp, a6, 12
core   0: 3 0x80002df8 (0x40c85193) x 3 0xfff80015
core   0: 0x80002dfc (0x0020b6b3) sltu    a3, ra, sp
core   0: 3 0x80002dfc (0x0020b6b3) x13 0x00000000
core   0: 0x80002e00 (0x0116f2b3) and     t0, a3, a7
core   0: 3 0x80002e00 (0x0116f2b3) x 5 0x00000000
core   0: 0x80002e04 (0x003547b3) xor     a5, a0, gp
core   0: 3 0x80002e04 (0x003547b3) x15 0x7ff95cf1
core   0: 0x80002e08 (0x01763133) sltu    sp, a2, s7
core   0: 3 0x80002e08 (0x01763133) x 2 0x00000000
core   0: 0x80002e0c (0x004eb4b3) sltu    s1, t4, tp
core   0: 3 0x80002e0c (0x004eb4b3) x 9 0x00000001
core   0: 0x80002e10 (0x01ddd193) srli    gp, s11, 29
core   0: 3 0x80002e10 (0x01ddd193) x 3 0x00000007
core   0: 0x80002e14 (0x01de2133) slt     sp, t3, t4
core   0: 3 0x80002e14 (0x01de2133) x 2 0x00000000
core   0: 0x80002e18 (0x01184fb3) xor     t6, a6, a7
core   0: 3 0x80002e18 (0x01184fb3) x31 0x7ca331e0
core   0: 0x80002e1c (0x408f8db3) sub     s11, t6, s0
core   0: 3 0x80002e1c (0x408f8db3) x27 0x7ca336d6
core   0: 0x80002e20 (0x4362b1b7) lui     gp, 0x4362b
core   0: 3 0x80002e20 (0x4362b1b7) x 3 0x4362b000
core   0: 0x80002e24 (0xfb283697) auipc   a3, 0xfb283
core   0: 3 0x80002e24 (0xfb283697) x13 0x7b285e24
core   0: 0x80002e28 (0x41a6d313) srai    t1, a3, 26
core   0: 3 0x80002e28 (0x41a6d313) x 6 0x0000001e
core   0: 0x80002e2c (0x00000013) nop
core   0: 3 0x80002e2c (0x00000013)
core   0: 0x80002e30 (0x214abc13) sltiu   s8, s5, 532
core   0: 3 0x80002e30 (0x214abc13) x24 0x00000000
core   0: 0x80002e34 (0xa5318d13) addi    s10, gp, -1453
core   0: 3 0x80002e34 (0xa5318d13) x26 0x4362aa53
core   0: 0x80002e38 (0x0c666593) ori     a1, a2, 198
core   0: 3 0x80002e38 (0x0c666593) x11 0xfffff8c6
core   0: 0x80002e3c (0x00fce8b3) or      a7, s9, a5
core   0: 3 0x80002e3c (0x00fce8b3) x17 0x7ff95cf1
core   0: 0x80002e40 (0x0179d293) srli    t0, s3, 23
core   0: 3 0x80002e40 (0x0179d293) x 5 0x00000100
core   0: 0x80002e44 (0x07202bb7) lui     s7, 0x7202
core   0: 3 0x80002e44 (0x07202bb7) x23 0x07202000
core   0: 0x80002e48 (0x01ec8fb3) add     t6, s9, t5
core   0: 3 0x80002e48 (0x01ec8fb3) x31 0x0000074b
core   0: 0x80002e4c (0x009e00b3) add     ra, t3, s1
core   0: 3 0x80002e4c (0x009e00b3) x 1 0x0000028f
core   0: 0x80002e50 (0x01171013) slli    zero, a4, 17
core   0: 3 0x80002e50 (0x01171013)
core   0: 0x80002e54 (0x00000013) nop
core   0: 3 0x80002e54 (0x00000013)
core   0: 0x80002e58 (0x013ea333) slt     t1, t4, s3
core   0: 3 0x80002e58 (0x013ea333) x 6 0x00000000
core   0: 0x80002e5c (0x4aa6c917) auipc   s2, 0x4aa6c
core   0: 3 0x80002e5c (0x4aa6c917) x18 0xcaa6ee5c
core   0: 0x80002e60 (0x40325633) sra     a2, tp, gp
core   0: 3 0x80002e60 (0x40325633) x12 0x80011e64
core   0: 0x80002e64 (0x0102c0b3) xor     ra, t0, a6
core   0: 3 0x80002e64 (0x0102c0b3) x 1 0x80015de4
core   0: 0x80002e68 (0x00000013) nop
core   0: 3 0x80002e68 (0x00000013)
core   0: 0x80002e6c (0x014740b3) xor     ra, a4, s4
core   0: 3 0x80002e6c (0x014740b3) x 1 0x000007a3
core   0: 0x80002e70 (0x1d27cc37) lui     s8, 0x1d27c
core   0: 3 0x80002e70 (0x1d27cc37) x24 0x1d27c000
core   0: 0x80002e74 (0x83a70193) addi    gp, a4, -1990
core   0: 3 0x80002e74 (0x83a70193) x 3 0xffffffdd
core   0: 0x80002e78 (0x0117fbb3) and     s7, a5, a7
core   0: 3 0x80002e78 (0x0117fbb3) x23 0x7ff95cf1
core   0: 0x80002e7c (0xed44be13) sltiu   t3, s1, -300
core   0: 3 0x80002e7c (0xed44be13) x28 0x00000001
core   0: 0x80002e80 (0x013cfeb3) and     t4, s9, s3
core   0: 3 0x80002e80 (0x013cfeb3) x29 0x00000000
core   0: 0x80002e84 (0x6f9fb313) sltiu   t1, t6, 1785
core   0: 3 0x80002e84 (0x6f9fb313) x 6 0x00000000
core   0: 0x80002e88 (0x406005b3) sub     a1, zero, t1
core   0: 3 0x80002e88 (0x406005b3) x11 0x00000000
core   0: 0x80002e8c (0x01354db3) xor     s11, a0, s3
core   0: 3 0x80002e8c (0x01354db3) x27 0x00015ce4
core   0: 0x80002e90 (0xd0ad2a93) slti    s5, s10, -758
core   0: 3 0x80002e90 (0xd0ad2a93) x21 0x00000000
core   0: 0x80002e94 (0x01019d33) sll     s10, gp, a6
core   0: 3 0x80002e94 (0x01019d33) x26 0xfffffdd0
core   0: 0x80002e98 (0x830de693) ori     a3, s11, -2000
core   0: 3 0x80002e98 (0x830de693) x13 0xfffffcf4
core   0: 0x80002e9c (0x82e58713) addi    a4, a1, -2002
core   0: 3 0x80002e9c (0x82e58713) x14 0xfffff82e
core   0: 0x80002ea0 (0x01119db3) sll     s11, gp, a7
core   0: 3 0x80002ea0 (0x01119db3) x27 0xffba0000
core   0: 0x80002ea4 (0x00c5e933) or      s2, a1, a2
core   0: 3 0x80002ea4 (0x00c5e933) x18 0x80011e64
core   0: 0x80002ea8 (0x12c1ab13) slti    s6, gp, 300
core   0: 3 0x80002ea8 (0x12c1ab13) x22 0x00000001
core   0: 0x80002eac (0x01801293) slli    t0, zero, 24
core   0: 3 0x80002eac (0x01801293) x 5 0x00000000
core   0: 0x80002eb0 (0x00ba2a33) slt     s4, s4, a1
core   0: 3 0x80002eb0 (0x00ba2a33) x20 0x00000000
core   0: 0x80002eb4 (0xdb7c2893) slti    a7, s8, -585
core   0: 3 0x80002eb4 (0xdb7c2893) x17 0x00000000
core   0: 0x80002eb8 (0x0180b8b3) sltu    a7, ra, s8
core   0: 3 0x80002eb8 (0x0180b8b3) x17 0x00000001
core   0: 0x80002ebc (0x409f86b3) sub     a3, t6, s1
core   0: 3 0x80002ebc (0x409f86b3) x13 0x0000074a
core   0: 0x80002ec0 (0x01849833) sll     a6, s1, s8
core   0: 3 0x80002ec0 (0x01849833) x16 0x00000001
core   0: 0x80002ec4 (0x79298893) addi    a7, s3, 1938
core   0: 3 0x80002ec4 (0x79298893) x17 0x80000792
core   0: 0x80002ec8 (0x015cd413) srli    s0, s9, 21
core   0: 3 0x80002ec8 (0x015cd413) x 8 0x00000000
core   0: 0x80002ecc (0x411351b3) sra     gp, t1, a7
core   0: 3 0x80002ecc (0x411351b3) x 3 0x00000000
core   0: 0x80002ed0 (0x004a4333) xor     t1, s4, tp
core   0: 3 0x80002ed0 (0x004a4333) x 6 0x80011e64
core   0: 0x80002ed4 (0x27367db7) lui     s11, 0x27367
core   0: 3 0x80002ed4 (0x27367db7) x27 0x27367000
core   0: 0x80002ed8 (0x316d6013) ori     zero, s10, 790
core   0: 3 0x80002ed8 (0x316d6013)
core   0: 0x80002edc (0x01e727b3) slt     a5, a4, t5
core   0: 3 0x80002edc (0x01e727b3) x15 0x00000001
core   0: 0x80002ee0 (0x7d606b13) ori     s6, zero, 2006
core   0: 3 0x80002ee0 (0x7d606b13) x22 0x000007d6
core   0: 0x80002ee4 (0x005a6ab3) or      s5, s4, t0
core   0: 3 0x80002ee4 (0x005a6ab3) x21 0x00000000
core   0: 0x80002ee8 (0x00000013) nop
core   0: 3 0x80002ee8 (0x00000013)
core   0: 0x80002eec (0x00035bb3) srl     s7, t1, zero
core   0: 3 0x80002eec (0x00035bb3) x23 0x80011e64
core   0: 0x80002ef0 (0x01a1b8b3) sltu    a7, gp, s10
core   0: 3 0x80002ef0 (0x01a1b8b3) x17 0x00000001
core   0: 0x80002ef4 (0x41e15193) srai    gp, sp, 30
core   0: 3 0x80002ef4 (0x41e15193) x 3 0x00000000
core   0: 0x80002ef8 (0xdacbef17) auipc   t5, 0xdacbe
core   0: 3 0x80002ef8 (0xdacbef17) x30 0x5acc0ef8
core   0: 0x80002efc (0x009d0433) add     s0, s10, s1
core   0: 3 0x80002efc (0x009d0433) x 8 0xfffffdd1
core   0: 0x80002f00 (0x001a53b3) srl     t2, s4, ra
core   0: 3 0x80002f00 (0x001a53b3) x 7 0x00000000
core   0: 0x80002f04 (0x00f0fab3) and     s5, ra, a5
core   0: 3 0x80002f04 (0x00f0fab3) x21 0x00000001
core   0: 0x80002f08 (0x00d142b3) xor     t0, sp, a3
core   0: 3 0x80002f08 (0x00d142b3) x 5 0x0000074a
core   0: 0x80002f0c (0x416d5c93) srai    s9, s10, 22
core   0: 3 0x80002f0c (0x416d5c93) x25 0xffffffff
core   0: 0x80002f10 (0x015070b3) and     ra, zero, s5
core   0: 3 0x80002f10 (0x015070b3) x 1 0x00000000
core   0: 0x80002f14 (0x00b75093) srli    ra, a4, 11
core   0: 3 0x80002f14 (0x00b75093) x 1 0x001fffff
core   0: 0x80002f18 (0x00836db3) or      s11, t1, s0
core   0: 3 0x80002f18 (0x00836db3) x27 0xfffffff5
core   0: 0x80002f1c (0x5f47f697) auipc   a3, 0x5f47f
core   0: 3 0x80002f1c (0x5f47f697) x13 0xdf481f1c
core   0: 0x80002f20 (0x871a3913) sltiu   s2, s4, -1935
core   0: 3 0x80002f20 (0x871a3913) x18 0x00000001
core   0: 0x80002f24 (0x015a5133) srl     sp, s4, s5
core   0: 3 0x80002f24 (0x015a5133) x 2 0x00000000
core   0: 0x80002f28 (0x41f3d593) srai    a1, t2, 31
core   0: 3 0x80002f28 (0x41f3d593) x11 0x00000000
core   0: 0x80002f2c (0x57174337) lui     t1, 0x57174
core   0: 3 0x80002f2c (0x57174337) x 6 0x57174000
core   0: 0x80002f30 (0x013d9c93) slli    s9, s11, 19
core   0: 3 0x80002f30 (0x013d9c93) x25 0xffa80000
core   0: 0x80002f34 (0xc9e9ee93) ori     t4, s3, -866
core   0: 3 0x80002f34 (0xc9e9ee93) x29 0xfffffc9e
core   0: 0x80002f38 (0x4100d793) srai    a5, ra, 16
core   0: 3 0x80002f38 (0x4100d793) x15 0x0000001f
core   0: 0x80002f3c (0x0029b1b3) sltu    gp, s3, sp
core   0: 3 0x80002f3c (0x0029b1b3) x 3 0x00000000
core   0: 0x80002f40 (0x00fe6133) or      sp, t3, a5
core   0: 3 0x80002f40 (0x00fe6133) x 2 0x0000001f
core   0: 0x80002f44 (0x0115d4b3) srl     s1, a1, a7
core   0: 3 0x80002f44 (0x0115d4b3) x 9 0x00000000
core   0: 0x80002f48 (0x474eef13) ori     t5, t4, 1140
core   0: 3 0x80002f48 (0x474eef13) x30 0xfffffcfe
core   0: 0x80002f4c (0x41a885b3) sub     a1, a7, s10
core   0: 3 0x80002f4c (0x41a885b3) x11 0x00000231
core   0: 0x80002f50 (0x00931893) slli    a7, t1, 9
core   0: 3 0x80002f50 (0x00931893) x17 0x2e800000
core   0: 0x80002f54 (0x873a0813) addi    a6, s4, -1933
core   0: 3 0x80002f54 (0x873a0813) x16 0xfffff873
core   0: 0x80002f58 (0x01f9db13) srli    s6, s3, 31
core   0: 3 0x80002f58 (0x01f9db13) x22 0x00000001
core   0: 0x80002f5c (0xf08aeb93) ori     s7, s5, -248
core   0: 3 0x80002f5c (0xf08aeb93) x23 0xffffff09
core   0: 0x80002f60 (0x4021d413) srai    s0, gp, 2
core   0: 3 0x80002f60 (0x4021d413) x 8 0x00000000
core   0: 0x80002f64 (0x70127d93) andi    s11, tp, 1793
core   0: 3 0x80002f64 (0x70127d93) x27 0x00000600
core   0: 0x80002f68 (0x00cb78b3) and     a7, s6, a2
core   0: 3 0x80002f68 (0x00cb78b3) x17 0x00000000
core   0: 0x80002f6c (0x01321f33) sll     t5, tp, s3
core   0: 3 0x80002f6c (0x01321f33) x30 0x80011e64
core   0: 0x80002f70 (0x008727b3) slt     a5, a4, s0
core   0: 3 0x80002f70 (0x008727b3) x15 0x00000001
core   0: 0x80002f74 (0x00469fb3) sll     t6, a3, tp
core   0: 3 0x80002f74 (0x00469fb3) x31 0xf481f1c0
core   0: 0x80002f78 (0x40cfd793) srai    a5, t6, 12
core   0: 3 0x80002f78 (0x40cfd793) x15 0xffff481f
core   0: 0x80002f7c (0x01055eb3) srl     t4, a0, a6
core   0: 3 0x80002f7c (0x01055eb3) x29 0x00001000
core   0: 0x80002f80 (0x6ca5c5b7) lui     a1, 0x6ca5c
core   0: 3 0x80002f80 (0x6ca5c5b7) x11 0x6ca5c000
core   0: 0x80002f84 (0x01c82733) slt     a4, a6, t3
core   0: 3 0x80002f84 (0x01c82733) x14 0x00000001
core   0: 0x80002f88 (0x89f70017) auipc   zero, 0x89f70
core   0: 3 0x80002f88 (0x89f70017)
core   0: 0x80002f8c (0x014b97b3) sll     a5, s7, s4
core   0: 3 0x80002f8c (0x014b97b3) x15 0xffffff09
core   0: 0x80002f90 (0x00c51b33) sll     s6, a0, a2
core   0: 3 0x80002f90 (0x00c51b33) x22 0x0015ce40
core   0: 0x80002f94 (0x00c02433) slt     s0, zero, a2
core   0: 3 0x80002f94 (0x00c02433) x 8 0x00000000
core   0: 0x80002f98 (0x7e03c497) auipc   s1, 0x7e03c
core   0: 3 0x80002f98 (0x7e03c497) x 9 0xfe03ef98
core   0: 0x80002f9c (0xbffc2893) slti    a7, s8, -1025
core   0: 3 0x80002f9c (0xbffc2893) x17 0x00000000
core   0: 0x80002fa0 (0x01076f33) or      t5, a4, a6
core   0: 3 0x80002fa0 (0x01076f33) x30 0xfffff873
core   0: 0x80002fa4 (0x204ba713) slti    a4, s7, 516
core   0: 3 0x80002fa4 (0x204ba713) x14 0x00000001
core   0: 0x80002fa8 (0x381a0613) addi    a2, s4, 897
core   0: 3 0x80002fa8 (0x381a0613) x12 0x00000381
core   0: 0x80002fac (0x0086dbb3) srl     s7, a3, s0
core   0: 3 0x80002fac (0x0086dbb3) x23 0xdf481f1c
core   0: 0x80002fb0 (0x87c0f893) andi    a7, ra, -1924
core   0: 3 0x80002fb0 (0x87c0f893) x17 0x001ff87c
core   0: 0x80002fb4 (0x00d2b733) sltu    a4, t0, a3
core   0: 3 0x80002fb4 (0x00d2b733) x14 0x00000001
core   0: 0x80002fb8 (0x00be77b3) and     a5, t3, a1
core   0: 3 0x80002fb8 (0x00be77b3) x15 0x00000000
core   0: 0x80002fbc (0x01494333) xor     t1, s2, s4
core   0: 3 0x80002fbc (0x01494333) x 6 0x00000001
core   0: 0x80002fc0 (0x5484cb13) xori    s6, s1, 1352
core   0: 3 0x80002fc0 (0x5484cb13) x22 0xfe03ead0
core   0: 0x80002fc4 (0x00000013) nop
core   0: 3 0x80002fc4 (0x00000013)
core   0: 0x80002fc8 (0x0022ec33) or      s8, t0, sp
core   0: 3 0x80002fc8 (0x0022ec33) x24 0x0000075f
core   0: 0x80002fcc (0x01371cb3) sll     s9, a4, s3
core   0: 3 0x80002fcc (0x01371cb3) x25 0x00000001
core   0: 0x80002fd0 (0xe1bc3137) lui     sp, 0xe1bc3
core   0: 3 0x80002fd0 (0xe1bc3137) x 2 0xe1bc3000
core   0: 0x80002fd4 (0x98ce6e97) auipc   t4, 0x98ce6
core   0: 3 0x80002fd4 (0x98ce6e97) x29 0x18ce8fd4
core   0: 0x80002fd8 (0x41685713) srai    a4, a6, 22
core   0: 3 0x80002fd8 (0x41685713) x14 0xffffffff
core   0: 0x80002fdc (0x00812db3) slt     s11, sp, s0
core   0: 3 0x80002fdc (0x00812db3) x27 0x00000001
core   0: 0x80002fe0 (0x8187ce13) xori    t3, a5, -2024
core   0: 3 0x80002fe0 (0x8187ce13) x28 0xfffff818
core   0: 0x80002fe4 (0x089c2b13) slti    s6, s8, 137
core   0: 3 0x80002fe4 (0x089c2b13) x22 0x00000000
core   0: 0x80002fe8 (0x01523db3) sltu    s11, tp, s5
core   0: 3 0x80002fe8 (0x01523db3) x27 0x00000000
core   0: 0x80002fec (0x013feeb3) or      t4, t6, s3
core   0: 3 0x80002fec (0x013feeb3) x29 0xf481f1c0
core   0: 0x80002ff0 (0x00332cb3) slt     s9, t1, gp
core   0: 3 0x80002ff0 (0x00332cb3) x25 0x00000000
core   0: 0x80002ff4 (0x00000013) nop
core   0: 3 0x80002ff4 (0x00000013)
core   0: 0x80002ff8 (0x01bece33) xor     t3, t4, s11
core   0: 3 0x80002ff8 (0x01bece33) x28 0xf481f1c0
core   0: 0x80002ffc (0x01ab5d13) srli    s10, s6, 26
core   0: 3 0x80002ffc (0x01ab5d13) x26 0x00000000
core   0: 0x80003000 (0x0bbaf093) andi    ra, s5, 187
core   0: 3 0x80003000 (0x0bbaf093) x 1 0x00000001
core   0: 0x80003004 (0x01a66433) or      s0, a2, s10
core   0: 3 0x80003004 (0x01a66433) x 8 0x00000381
core   0: 0x80003008 (0x00000013) nop
core   0: 3 0x80003008 (0x00000013)
core   0: 0x8000300c (0x40a9dbb3) sra     s7, s3, a0
core   0: 3 0x8000300c (0x40a9dbb3) x23 0xf8000000
core   0: 0x80003010 (0x6e98a293) slti    t0, a7, 1769
core   0: 3 0x80003010 (0x6e98a293) x 5 0x00000000
core   0: 0x80003014 (0x011611b3) sll     gp, a2, a7
core   0: 3 0x80003014 (0x011611b3) x 3 0x10000000
core   0: 0x80003018 (0x406154b3) sra     s1, sp, t1
core   0: 3 0x80003018 (0x406154b3) x 9 0xf0de1800
core   0: 0x8000301c (0x4057dd13) srai    s10, a5, 5
core   0: 3 0x8000301c (0x4057dd13) x26 0x00000000
core   0: 0x80003020 (0x800f6313) ori     t1, t5, -2048
core   0: 3 0x80003020 (0x800f6313) x 6 0xfffff873
core   0: 0x80003024 (0x016f1f93) slli    t6, t5, 22
core   0: 3 0x80003024 (0x016f1f93) x31 0x1cc00000
core   0: 0x80003028 (0x01e4a633) slt     a2, s1, t5
core   0: 3 0x80003028 (0x01e4a633) x12 0x00000001
core   0: 0x8000302c (0x77f4f193) andi    gp, s1, 1919
core   0: 3 0x8000302c (0x77f4f193) x 3 0x00000000
core   0: 0x80003030 (0xc57d3137) lui     sp, 0xc57d3
core   0: 3 0x80003030 (0xc57d3137) x 2 0xc57d3000
core   0: 0x80003034 (0x00c92fb3) slt     t6, s2, a2
core   0: 3 0x80003034 (0x00c92fb3) x31 0x00000000
core   0: 0x80003038 (0x0099f333) and     t1, s3, s1
core   0: 3 0x80003038 (0x0099f333) x 6 0x80000000
core   0: 0x8000303c (0x410401b3) sub     gp, s0, a6
core   0: 3 0x8000303c (0x410401b3) x 3 0x00000b0e
core   0: 0x80003040 (0x00000013) nop
core   0: 3 0x80003040 (0x00000013)
core   0: 0x80003044 (0x9d35b113) sltiu   sp, a1, -1581
core   0: 3 0x80003044 (0x9d35b113) x 2 0x00000001
core   0: 0x80003048 (0x41930033) sub     zero, t1, s9
core   0: 3 0x80003048 (0x41930033)
core   0: 0x8000304c (0x472c6493) ori     s1, s8, 1138
core   0: 3 0x8000304c (0x472c6493) x 9 0x0000077f
core   0: 0x80003050 (0x43023fb7) lui     t6, 0x43023
core   0: 3 0x80003050 (0x43023fb7) x31 0x43023000
core   0: 0x80003054 (0x00c7aeb3) slt     t4, a5, a2
core   0: 3 0x80003054 (0x00c7aeb3) x29 0x00000001
core   0: 0x80003058 (0x41605693) srai    a3, zero, 22
core   0: 3 0x80003058 (0x41605693) x13 0x00000000
core   0: 0x8000305c (0x003102b3) add     t0, sp, gp
core   0: 3 0x8000305c (0x003102b3) x 5 0x00000b0f
core   0: 0x80003060 (0x35b86693) ori     a3, a6, 859
core   0: 3 0x80003060 (0x35b86693) x13 0xfffffb7b
core   0: 0x80003064 (0x000b58b3) srl     a7, s6, zero
core   0: 3 0x80003064 (0x000b58b3) x17 0x00000000
core   0: 0x80003068 (0x000a07b3) add     a5, s4, zero
core   0: 3 0x80003068 (0x000a07b3) x15 0x00000000
core   0: 0x8000306c (0x00fd9093) slli    ra, s11, 15
core   0: 3 0x8000306c (0x00fd9093) x 1 0x00000000
core   0: 0x80003070 (0x01ef6cb3) or      s9, t5, t5
core   0: 3 0x80003070 (0x01ef6cb3) x25 0xfffff873
core   0: 0x80003074 (0x0066f1b3) and     gp, a3, t1
core   0: 3 0x80003074 (0x0066f1b3) x 3 0x80000000
core   0: 0x80003078 (0x00a3c833) xor     a6, t2, a0
core   0: 3 0x80003078 (0x00a3c833) x16 0x80015ce4
core   0: 0x8000307c (0x400b54b3) sra     s1, s6, zero
core   0: 3 0x8000307c (0x400b54b3) x 9 0x00000000
core   0: 0x80003080 (0x40bed093) srai    ra, t4, 11
core   0: 3 0x80003080 (0x40bed093) x 1 0x00000000
core   0: 0x80003084 (0x50754293) xori    t0, a0, 1287
core   0: 3 0x80003084 (0x50754293) x 5 0x800159e3
core   0: 0x80003088 (0x004cef33) or      t5, s9, tp
core   0: 3 0x80003088 (0x004cef33) x30 0xfffffe77
core   0: 0x8000308c (0x2ae48c97) auipc   s9, 0x2ae48
core   0: 3 0x8000308c (0x2ae48c97) x25 0xaae4b08c
core   0: 0x80003090 (0x00785b93) srli    s7, a6, 7
core   0: 3 0x80003090 (0x00785b93) x23 0x010002b9
core   0: 0x80003094 (0xee78da97) auipc   s5, 0xee78d
core   0: 3 0x80003094 (0xee78da97) x21 0x6e790094
core   0: 0x80003098 (0x00c9a1b3) slt     gp, s3, a2
core   0: 3 0x80003098 (0x00c9a1b3) x 3 0x00000001
core   0: 0x8000309c (0x5f2bb4b7) lui     s1, 0x5f2bb
core   0: 3 0x8000309c (0x5f2bb4b7) x 9 0x5f2bb000
core   0: 0x800030a0 (0x00681fb3) sll     t6, a6, t1
core   0: 3 0x800030a0 (0x00681fb3) x31 0x80015ce4
core   0: 0x800030a4 (0xbfd77c93) andi    s9, a4, -1027
core   0: 3 0x800030a4 (0xbfd77c93) x25 0xfffffbfd
core   0: 0x800030a8 (0x0137fbb3) and     s7, a5, s3
core   0: 3 0x800030a8 (0x0137fbb3) x23 0x00000000
core   0: 0x800030ac (0x4ad3c413) xori    s0, t2, 1197
core   0: 3 0x800030ac (0x4ad3c413) x 8 0x000004ad
core   0: 0x800030b0 (0x40d00833) sub     a6, zero, a3
core   0: 3 0x800030b0 (0x40d00833) x16 0x00000485
core   0: 0x800030b4 (0x4127dfb3) sra     t6, a5, s2
core   0: 3 0x800030b4 (0x4127dfb3) x31 0x00000000
core   0: 0x800030b8 (0x00725493) srli    s1, tp, 7
core   0: 3 0x800030b8 (0x00725493) x 9 0x0100023c
core   0: 0x800030bc (0x13638c13) addi    s8, t2, 310
core   0: 3 0x800030bc (0x13638c13) x24 0x00000136
core   0: 0x800030c0 (0x75cfac93) slti    s9, t6, 1884
core   0: 3 0x800030c0 (0x75cfac93) x25 0x00000001
core   0: 0x800030c4 (0x3fd63313) sltiu   t1, a2, 1021
core   0: 3 0x800030c4 (0x3fd63313) x 6 0x00000001
core   0: 0x800030c8 (0x01405133) srl     sp, zero, s4
core   0: 3 0x800030c8 (0x01405133) x 2 0x00000000
core   0: 0x800030cc (0x01953e33) sltu    t3, a0, s9
core   0: 3 0x800030cc (0x01953e33) x28 0x00000000
core   0: 0x800030d0 (0xef9a80b7) lui     ra, 0xef9a8
core   0: 3 0x800030d0 (0xef9a80b7) x 1 0xef9a8000
core   0: 0x800030d4 (0x0167dd13) srli    s10, a5, 22
core   0: 3 0x800030d4 (0x0167dd13) x26 0x00000000
core   0: 0x800030d8 (0x40145e13) srai    t3, s0, 1
core   0: 3 0x800030d8 (0x40145e13) x28 0x00000256
core   0: 0x800030dc (0x40e851b3) sra     gp, a6, a4
core   0: 3 0x800030dc (0x40e851b3) x 3 0x00000000
core   0: 0x800030e0 (0x01030e33) add     t3, t1, a6
core   0: 3 0x800030e0 (0x01030e33) x28 0x00000486
core   0: 0x800030e4 (0x01c59633) sll     a2, a1, t3
core   0: 3 0x800030e4 (0x01c59633) x12 0x29700000
core   0: 0x800030e8 (0x00000013) nop
core   0: 3 0x800030e8 (0x00000013)
core   0: 0x800030ec (0x13df3637) lui     a2, 0x13df3
core   0: 3 0x800030ec (0x13df3637) x12 0x13df3000
core   0: 0x800030f0 (0x00309313) slli    t1, ra, 3
core   0: 3 0x800030f0 (0x00309313) x 6 0x7cd40000
core   0: 0x800030f4 (0x004c51b3) srl     gp, s8, tp
core   0: 3 0x800030f4 (0x004c51b3) x 3 0x00000013
core   0: 0x800030f8 (0xcd64af13) slti    t5, s1, -810
core   0: 3 0x800030f8 (0xcd64af13) x30 0x00000000
core   0: 0x800030fc (0x0040dfb3) srl     t6, ra, tp
core   0: 3 0x800030fc (0x0040dfb3) x31 0x0ef9a800
core   0: 0x80003100 (0x0088cb33) xor     s6, a7, s0
core   0: 3 0x80003100 (0x0088cb33) x22 0x000004ad
core   0: 0x80003104 (0x6b156913) ori     s2, a0, 1713
core   0: 3 0x80003104 (0x6b156913) x18 0x80015ef5
core   0: 0x80003108 (0x006e7d33) and     s10, t3, t1
core   0: 3 0x80003108 (0x006e7d33) x26 0x00000000
core   0: 0x8000310c (0x01731413) slli    s0, t1, 23
core   0: 3 0x8000310c (0x01731413) x 8 0x00000000
core   0: 0x80003110 (0x86296413) ori     s0, s2, -1950
core   0: 3 0x80003110 (0x86296413) x 8 0xfffffef7
core   0: 0x80003114 (0x01c2dfb3) srl     t6, t0, t3
core   0: 3 0x80003114 (0x01c2dfb3) x31 0x02000567
core   0: 0x80003118 (0x00000013) nop
core   0: 3 0x80003118 (0x00000013)
core   0: 0x8000311c (0x000253b3) srl     t2, tp, zero
core   0: 3 0x8000311c (0x000253b3) x 7 0x80011e64
core   0: 0x80003120 (0x34a83793) sltiu   a5, a6, 842
core   0: 3 0x80003120 (0x34a83793) x15 0x00000000
core   0: 0x80003124 (0x003d1c13) slli    s8, s10, 3
core   0: 3 0x80003124 (0x003d1c13) x24 0x00000000
core   0: 0x80003128 (0x00e4b633) sltu    a2, s1, a4
core   0: 3 0x80003128 (0x00e4b633) x12 0x00000001
core   0: 0x8000312c (0x01f63ab3) sltu    s5, a2, t6
core   0: 3 0x8000312c (0x01f63ab3) x21 0x00000001
core   0: 0x80003130 (0x1dcaee13) ori     t3, s5, 476
core   0: 3 0x80003130 (0x1dcaee13) x28 0x000001dd
core   0: 0x80003134 (0x4118d033) sra     zero, a7, a7
core   0: 3 0x80003134 (0x4118d033)
core   0: 0x80003138 (0x31037293) andi    t0, t1, 784
core   0: 3 0x80003138 (0x31037293) x 5 0x00000000
core   0: 0x8000313c (0xbf182e13) slti    t3, a6, -1039
core   0: 3 0x8000313c (0xbf182e13) x28 0x00000000
core   0: 0x80003140 (0xfb053d13) sltiu   s10, a0, -80
core   0: 3 0x80003140 (0xfb053d13) x26 0x00000001
core   0: 0x80003144 (0x01d1b433) sltu    s0, gp, t4
core   0: 3 0x80003144 (0x01d1b433) x 8 0x00000000
core   0: 0x80003148 (0x017341b3) xor     gp, t1, s7
core   0: 3 0x80003148 (0x017341b3) x 3 0x7cd40000
core   0: 0x8000314c (0x018943b3) xor     t2, s2, s8
core   0: 3 0x8000314c (0x018943b3) x 7 0x80015ef5
core   0: 0x80003150 (0x0167d613) srli    a2, a5, 22
core   0: 3 0x80003150 (0x0167d613) x12 0x00000000
core   0: 0x80003154 (0xb34a3893) sltiu   a7, s4, -1228
core   0: 3 0x80003154 (0xb34a3893) x17 0x00000001
core   0: 0x80003158 (0x00867fb3) and     t6, a2, s0
core   0: 3 0x80003158 (0x00867fb3) x31 0x00000000
core   0: 0x8000315c (0x4aeb0313) addi    t1, s6, 1198
core   0: 3 0x8000315c (0x4aeb0313) x 6 0x0000095b
core   0: 0x80003160 (0x01599b33) sll     s6, s3, s5
core   0: 3 0x80003160 (0x01599b33) x22 0x00000000
core   0: 0x80003164 (0x4e66ca97) auipc   s5, 0x4e66c
core   0: 3 0x80003164 (0x4e66ca97) x21 0xce66f164
core   0: 0x80003168 (0x00db0c33) add     s8, s6, a3
core   0: 3 0x80003168 (0x00db0c33) x24 0xfffffb7b
core   0: 0x8000316c (0x01eb6133) or      sp, s6, t5
core   0: 3 0x8000316c (0x01eb6133) x 2 0x00000000
core   0: 0x80003170 (0x407c8a33) sub     s4, s9, t2
core   0: 3 0x80003170 (0x407c8a33) x20 0x7ffea10c
core   0: 0x80003174 (0x01786e33) or      t3, a6, s7
core   0: 3 0x80003174 (0x01786e33) x28 0x00000485
core   0: 0x80003178 (0x00231193) slli    gp, t1, 2
core   0: 3 0x80003178 (0x00231193) x 3 0x0000256c
core   0: 0x8000317c (0x0170c333) xor     t1, ra, s7
core   0: 3 0x8000317c (0x0170c333) x 6 0xef9a8000
core   0: 0x80003180 (0x01b6c7b3) xor     a5, a3, s11
core   0: 3 0x80003180 (0x01b6c7b3) x15 0xfffffb7b
core   0: 0x80003184 (0x01ff5f93) srli    t6, t5, 31
core   0: 3 0x80003184 (0x01ff5f93) x31 0x00000000
core   0: 0x80003188 (0x55c43113) sltiu   sp, s0, 1372
core   0: 3 0x80003188 (0x55c43113) x 2 0x00000001
core   0: 0x8000318c (0xe43a9e17) auipc   t3, 0xe43a9
core   0: 3 0x8000318c (0xe43a9e17) x28 0x643ac18c
core   0: 0x80003190 (0x003be633) or      a2, s7, gp
core   0: 3 0x80003190 (0x003be633) x12 0x0000256c
core   0: 0x80003194 (0x00edc433) xor     s0, s11, a4
core   0: 3 0x80003194 (0x00edc433) x 8 0xffffffff
core   0: 0x80003198 (0x48117493) andi    s1, sp, 1153
core   0: 3 0x80003198 (0x48117493) x 9 0x00000001
core   0: 0x8000319c (0x00000013) nop
core   0: 3 0x8000319c (0x00000013)
core   0: 0x800031a0 (0x0e71be13) sltiu   t3, gp, 231
core   0: 3 0x800031a0 (0x0e71be13) x28 0x00000000
core   0: 0x800031a4 (0x160a2293) slti    t0, s4, 352
core   0: 3 0x800031a4 (0x160a2293) x 5 0x00000000
core   0: 0x800031a8 (0x97040b93) addi    s7, s0, -1680
core   0: 3 0x800031a8 (0x97040b93) x23 0xfffff96f
core   0: 0x800031ac (0x00c2f733) and     a4, t0, a2
core   0: 3 0x800031ac (0x00c2f733) x14 0x00000000
core   0: 0x800031b0 (0x012ad7b3) srl     a5, s5, s2
core   0: 3 0x800031b0 (0x012ad7b3) x15 0x00000673
core   0: 0x800031b4 (0x002c3bb3) sltu    s7, s8, sp
core   0: 3 0x800031b4 (0x002c3bb3) x23 0x00000000
core   0: 0x800031b8 (0x01e54933) xor     s2, a0, t5
core   0: 3 0x800031b8 (0x01e54933) x18 0x80015ce4
core   0: 0x800031bc (0x45320b93) addi    s7, tp, 1107
core   0: 3 0x800031bc (0x45320b93) x23 0x800122b7
core   0: 0x800031c0 (0x34d89e37) lui     t3, 0x34d89
core   0: 3 0x800031c0 (0x34d89e37) x28 0x34d89000
core   0: 0x800031c4 (0x00000013) nop
core   0: 3 0x800031c4 (0x00000013)
core   0: 0x800031c8 (0x4153d913) srai    s2, t2, 21
core   0: 3 0x800031c8 (0x4153d913) x18 0xfffffc00
core   0: 0x800031cc (0x014022b3) slt     t0, zero, s4
core   0: 3 0x800031cc (0x014022b3) x 5 0x00000001
core   0: 0x800031d0 (0xf3863813) sltiu   a6, a2, -200
core   0: 3 0x800031d0 (0xf3863813) x16 0x00000001
core   0: 0x800031d4 (0x327fe693) ori     a3, t6, 807
core   0: 3 0x800031d4 (0x327fe693) x13 0x00000327
core   0: 0x800031d8 (0xb240f0b7) lui     ra, 0xb240f
core   0: 3 0x800031d8 (0xb240f0b7) x 1 0xb240f000
core   0: 0x800031dc (0x000fc433) xor     s0, t6, zero
core   0: 3 0x800031dc (0x000fc433) x 8 0x00000000
core   0: 0x800031e0 (0x00000013) nop
core   0: 3 0x800031e0 (0x00000013)
core   0: 0x800031e4 (0x0176d593) srli    a1, a3, 23
core   0: 3 0x800031e4 (0x0176d593) x11 0x00000000
core   0: 0x800031e8 (0x005a5a93) srli    s5, s4, 5
core   0: 3 0x800031e8 (0x005a5a93) x21 0x03fff508
core   0: 0x800031ec (0x00754133) xor     sp, a0, t2
core   0: 3 0x800031ec (0x00754133) x 2 0x00000211
core   0: 0x800031f0 (0x5f562d13) slti    s10, a2, 1525
core   0: 3 0x800031f0 (0x5f562d13) x26 0x00000000
core   0: 0x800031f4 (0x006c9b93) slli    s7, s9, 6
core   0: 3 0x800031f4 (0x006c9b93) x23 0x00000040
core   0: 0x800031f8 (0x40d25e13) srai    t3, tp, 13
core   0: 3 0x800031f8 (0x40d25e13) x28 0xfffc0008
core   0: 0x800031fc (0x823e2913) slti    s2, t3, -2013
core   0: 3 0x800031fc (0x823e2913) x18 0x00000001
core   0: 0x80003200 (0x7884e313) ori     t1, s1, 1928
core   0: 3 0x80003200 (0x7884e313) x 6 0x00000789
core   0: 0x80003204 (0x01999093) slli    ra, s3, 25
core   0: 3 0x80003204 (0x01999093) x 1 0x00000000
core   0: 0x80003208 (0x00000013) nop
core   0: 3 0x80003208 (0x00000013)
core   0: 0x8000320c (0xfe61b193) sltiu   gp, gp, -26
core   0: 3 0x8000320c (0xfe61b193) x 3 0x00000001
core   0: 0x80003210 (0x6ad50eb7) lui     t4, 0x6ad50
core   0: 3 0x80003210 (0x6ad50eb7) x29 0x6ad50000
core   0: 0x80003214 (0x0157a7b3) slt     a5, a5, s5
core   0: 3 0x80003214 (0x0157a7b3) x15 0x00000001
core   0: 0x80003218 (0xfe35e193) ori     gp, a1, -29
core   0: 3 0x80003218 (0xfe35e193) x 3 0xffffffe3
core   0: 0x8000321c (0x00924433) xor     s0, tp, s1
core   0: 3 0x8000321c (0x00924433) x 8 0x80011e65
core   0: 0x80003220 (0x0194d813) srli    a6, s1, 25
core   0: 3 0x80003220 (0x0194d813) x16 0x00000000
core   0: 0x80003224 (0xf2952437) lui     s0, 0xf2952
core   0: 3 0x80003224 (0xf2952437) x 8 0xf2952000
core   0: 0x80003228 (0x27067d93) andi    s11, a2, 624
core   0: 3 0x80003228 (0x27067d93) x27 0x00000060
core   0: 0x8000322c (0x00495e33) srl     t3, s2, tp
core   0: 3 0x8000322c (0x00495e33) x28 0x00000000
core   0: 0x80003230 (0x0a0c4113) xori    sp, s8, 160
core   0: 3 0x80003230 (0x0a0c4113) x 2 0xfffffbdb
core   0: 0x80003234 (0x4073d793) srai    a5, t2, 7
core   0: 3 0x80003234 (0x4073d793) x15 0xff0002bd
core   0: 0x80003238 (0x419083b3) sub     t2, ra, s9
core   0: 3 0x80003238 (0x419083b3) x 7 0xffffffff
core   0: 0x8000323c (0x01dd9333) sll     t1, s11, t4
core   0: 3 0x8000323c (0x01dd9333) x 6 0x00000060
core   0: 0x80003240 (0x0199bdb3) sltu    s11, s3, s9
core   0: 3 0x80003240 (0x0199bdb3) x27 0x00000000
core   0: 0x80003244 (0xb4f12613) slti    a2, sp, -1201
core   0: 3 0x80003244 (0xb4f12613) x12 0x00000000
core   0: 0x80003248 (0xf79d2113) slti    sp, s10, -135
core   0: 3 0x80003248 (0xf79d2113) x 2 0x00000000
core   0: 0x8000324c (0x822bbd17) auipc   s10, 0x822bb
core   0: 3 0x8000324c (0x822bbd17) x26 0x022be24c
core   0: 0x80003250 (0x403f0033) sub     zero, t5, gp
core   0: 3 0x80003250 (0x403f0033)
core   0: 0x80003254 (0x67cef593) andi    a1, t4, 1660
core   0: 3 0x80003254 (0x67cef593) x11 0x00000000
core   0: 0x80003258 (0x00000013) nop
core   0: 3 0x80003258 (0x00000013)
core   0: 0x8000325c (0x0048e933) or      s2, a7, tp
core   0: 3 0x8000325c (0x0048e933) x18 0x80011e65
core   0: 0x80003260 (0x0180bc33) sltu    s8, ra, s8
core   0: 3 0x80003260 (0x0180bc33) x24 0x00000001
core   0: 0x80003264 (0x01d6f833) and     a6, a3, t4
core   0: 3 0x80003264 (0x01d6f833) x16 0x00000000
core   0: 0x80003268 (0x01750733) add     a4, a0, s7
core   0: 3 0x80003268 (0x01750733) x14 0x80015d24
core   0: 0x8000326c (0x00000013) nop
core   0: 3 0x8000326c (0x00000013)
core   0: 0x80003270 (0x01d9cdb3) xor     s11, s3, t4
core   0: 3 0x80003270 (0x01d9cdb3) x27 0xead50000
core   0: 0x80003274 (0xfb3d7297) auipc   t0, 0xfb3d7
core   0: 3 0x80003274 (0xfb3d7297) x 5 0x7b3da274
core   0: 0x80003278 (0x01f05833) srl     a6, zero, t6
core   0: 3 0x80003278 (0x01f05833) x16 0x00000000
core   0: 0x8000327c (0x00fb31b3) sltu    gp, s6, a5
core   0: 3 0x8000327c (0x00fb31b3) x 3 0x00000001
core   0: 0x80003280 (0x01925c33) srl     s8, tp, s9
core   0: 3 0x80003280 (0x01925c33) x24 0x40008f32
core   0: 0x80003284 (0x41980fb3) sub     t6, a6, s9
core   0: 3 0x80003284 (0x41980fb3) x31 0xffffffff
core   0: 0x80003288 (0xc961f793) andi    a5, gp, -874
core   0: 3 0x80003288 (0xc961f793) x15 0x00000000
core   0: 0x8000328c (0xd409bf93) sltiu   t6, s3, -704
core   0: 3 0x8000328c (0xd409bf93) x31 0x00000001
core   0: 0x80003290 (0xb9aa5e17) auipc   t3, 0xb9aa5
core   0: 3 0x80003290 (0xb9aa5e17) x28 0x39aa8290
core   0: 0x80003294 (0x00695a33) srl     s4, s2, t1
core   0: 3 0x80003294 (0x00695a33) x20 0x80011e65
core   0: 0x80003298 (0x8e2f2e97) auipc   t4, 0x8e2f2
core   0: 3 0x80003298 (0x8e2f2e97) x29 0x0e2f5298
core   0: 0x8000329c (0x00783433) sltu    s0, a6, t2
core   0: 3 0x8000329c (0x00783433) x 8 0x00000001
core   0: 0x800032a0 (0x01643d33) sltu    s10, s0, s6
core   0: 3 0x800032a0 (0x01643d33) x26 0x00000000
core   0: 0x800032a4 (0x17efa013) slti    zero, t6, 382
core   0: 3 0x800032a4 (0x17efa013)
core   0: 0x800032a8 (0xc5e2a797) auipc   a5, 0xc5e2a
core   0: 3 0x800032a8 (0xc5e2a797) x15 0x45e2d2a8
core   0: 0x800032ac (0x4081d5b3) sra     a1, gp, s0
core   0: 3 0x800032ac (0x4081d5b3) x11 0x00000000
core   0: 0x800032b0 (0x412d5f33) sra     t5, s10, s2
core   0: 3 0x800032b0 (0x412d5f33) x30 0x00000000
core   0: 0x800032b4 (0x01add893) srli    a7, s11, 26
core   0: 3 0x800032b4 (0x01add893) x17 0x0000003a
core   0: 0x800032b8 (0x36ebdb37) lui     s6, 0x36ebd
core   0: 3 0x800032b8 (0x36ebdb37) x22 0x36ebd000
core   0: 0x800032bc (0xa9fec137) lui     sp, 0xa9fec
core   0: 3 0x800032bc (0xa9fec137) x 2 0xa9fec000
core   0: 0x800032c0 (0x00a25493) srli    s1, tp, 10
core   0: 3 0x800032c0 (0x00a25493) x 9 0x00200047
core   0: 0x800032c4 (0x00c71e33) sll     t3, a4, a2
core   0: 3 0x800032c4 (0x00c71e33) x28 0x80015d24
core   0: 0x800032c8 (0x00ec67b3) or      a5, s8, a4
core   0: 3 0x800032c8 (0x00ec67b3) x15 0xc001df36
core   0: 0x800032cc (0x0126dd13) srli    s10, a3, 18
core   0: 3 0x800032cc (0x0126dd13) x26 0x00000000
core   0: 0x800032d0 (0x00475d93) srli    s11, a4, 4
core   0: 3 0x800032d0 (0x00475d93) x27 0x080015d2
core   0: 0x800032d4 (0x7e0f7c93) andi    s9, t5, 2016
core   0: 3 0x800032d4 (0x7e0f7c93) x25 0x00000000
core   0: 0x800032d8 (0x007735b3) sltu    a1, a4, t2
core   0: 3 0x800032d8 (0x007735b3) x11 0x00000001
core   0: 0x800032dc (0x01463333) sltu    t1, a2, s4
core   0: 3 0x800032dc (0x01463333) x 6 0x00000001
core   0: 0x800032e0 (0x85cfa293) slti    t0, t6, -1956
core   0: 3 0x800032e0 (0x85cfa293) x 5 0x00000000
core   0: 0x800032e4 (0x6c857c13) andi    s8, a0, 1736
core   0: 3 0x800032e4 (0x6c857c13) x24 0x000004c0
core   0: 0x800032e8 (0x0041ddb3) srl     s11, gp, tp
core   0: 3 0x800032e8 (0x0041ddb3) x27 0x00000000
core   0: 0x800032ec (0x80f76893) ori     a7, a4, -2033
core   0: 3 0x800032ec (0x80f76893) x17 0xfffffd2f
core   0: 0x800032f0 (0x01adf433) and     s0, s11, s10
core   0: 3 0x800032f0 (0x01adf433) x 8 0x00000000
core   0: 0x800032f4 (0x376d7b13) andi    s6, s10, 886
core   0: 3 0x800032f4 (0x376d7b13) x22 0x00000000
core   0: 0x800032f8 (0x00000013) nop
core   0: 3 0x800032f8 (0x00000013)
core   0: 0x800032fc (0x001b6933) or      s2, s6, ra
core   0: 3 0x800032fc (0x001b6933) x18 0x00000000
core   0: 0x80003300 (0x01ba0bb3) add     s7, s4, s11
core   0: 3 0x80003300 (0x01ba0bb3) x23 0x80011e65
core   0: 0x80003304 (0x730b8293) addi    t0, s7, 1840
core   0: 3 0x80003304 (0x730b8293) x 5 0x80012595
core   0: 0x80003308 (0x00000013) nop
core   0: 3 0x80003308 (0x00000013)
core   0: 0x8000330c (0x006b9d13) slli    s10, s7, 6
core   0: 3 0x8000330c (0x006b9d13) x26 0x00479940
core   0: 0x80003310 (0x01dac333) xor     t1, s5, t4
core   0: 3 0x80003310 (0x01dac333) x 6 0x0dd0a790
core   0: 0x80003314 (0xe2f4bb13) sltiu   s6, s1, -465
core   0: 3 0x80003314 (0xe2f4bb13) x22 0x00000001
core   0: 0x80003318 (0x711c7db7) lui     s11, 0x711c7
core   0: 3 0x80003318 (0x711c7db7) x27 0x711c7000
core   0: 0x8000331c (0x01c28a33) add     s4, t0, t3
core   0: 3 0x8000331c (0x01c28a33) x20 0x000282b9
core   0: 0x80003320 (0x006fd693) srli    a3, t6, 6
core   0: 3 0x80003320 (0x006fd693) x13 0x00000000
core   0: 0x80003324 (0x8b4dc613) xori    a2, s11, -1868
core   0: 3 0x80003324 (0x8b4dc613) x12 0x8ee388b4
core   0: 0x80003328 (0x1a063b93) sltiu   s7, a2, 416
core   0: 3 0x80003328 (0x1a063b93) x23 0x00000000
core   0: 0x8000332c (0x018d9633) sll     a2, s11, s8
core   0: 3 0x8000332c (0x018d9633) x12 0x711c7000
core   0: 0x80003330 (0x00000013) nop
core   0: 3 0x80003330 (0x00000013)
core   0: 0x80003334 (0x3ee02d13) slti    s10, zero, 1006
core   0: 3 0x80003334 (0x3ee02d13) x26 0x00000001
core   0: 0x80003338 (0x0061cdb3) xor     s11, gp, t1
core   0: 3 0x80003338 (0x0061cdb3) x27 0x0dd0a791
core   0: 0x8000333c (0x01f80f33) add     t5, a6, t6
core   0: 3 0x8000333c (0x01f80f33) x30 0x00000001
core   0: 0x80003340 (0x42242793) slti    a5, s0, 1058
core   0: 3 0x80003340 (0x42242793) x15 0x00000001
core   0: 0x80003344 (0xa37f6193) ori     gp, t5, -1481
core   0: 3 0x80003344 (0xa37f6193) x 3 0xfffffa37
core   0: 0x80003348 (0x0168dc93) srli    s9, a7, 22
core   0: 3 0x80003348 (0x0168dc93) x25 0x000003ff
core   0: 0x8000334c (0x01da2133) slt     sp, s4, t4
core   0: 3 0x8000334c (0x01da2133) x 2 0x00000001
core   0: 0x80003350 (0xb04ada97) auipc   s5, 0xb04ad
core   0: 3 0x80003350 (0xb04ada97) x21 0x304b0350
core   0: 0x80003354 (0x007a0133) add     sp, s4, t2
core   0: 3 0x80003354 (0x007a0133) x 2 0x000282b8
core   0: 0x80003358 (0xaffe6413) ori     s0, t3, -1281
core   0: 3 0x80003358 (0xaffe6413) x 8 0xffffffff
core   0: 0x8000335c (0x67026c13) ori     s8, tp, 1648
core   0: 3 0x8000335c (0x67026c13) x24 0x80011e74
core   0: 0x80003360 (0x007131b3) sltu    gp, sp, t2
core   0: 3 0x80003360 (0x007131b3) x 3 0x00000001
core   0: 0x80003364 (0x011c1f13) slli    t5, s8, 17
core   0: 3 0x80003364 (0x011c1f13) x30 0x3ce80000
core   0: 0x80003368 (0x012aa133) slt     sp, s5, s2
core   0: 3 0x80003368 (0x012aa133) x 2 0x00000000
core   0: 0x8000336c (0x56368693) addi    a3, a3, 1379
core   0: 3 0x8000336c (0x56368693) x13 0x00000563
core   0: 0x80003370 (0x01f9eeb3) or      t4, s3, t6
core   0: 3 0x80003370 (0x01f9eeb3) x29 0x80000001
core   0: 0x80003374 (0xf0f6e393) ori     t2, a3, -241
core   0: 3 0x80003374 (0xf0f6e393) x 7 0xffffff6f
core   0: 0x80003378 (0x40d753b3) sra     t2, a4, a3
core   0: 3 0x80003378 (0x40d753b3) x 7 0xf0002ba4
core   0: 0x8000337c (0x00841833) sll     a6, s0, s0
core   0: 3 0x8000337c (0x00841833) x16 0x80000000
core   0: 0x80003380 (0x00000013) nop
core   0: 3 0x80003380 (0x00000013)
core   0: 0x80003384 (0x7bed6f93) ori     t6, s10, 1982
core   0: 3 0x80003384 (0x7bed6f93) x31 0x000007bf
core   0: 0x80003388 (0x0163fd33) and     s10, t2, s6
core   0: 3 0x80003388 (0x0163fd33) x26 0x00000000
core   0: 0x8000338c (0x87b6ea93) ori     s5, a3, -1925
core   0: 3 0x8000338c (0x87b6ea93) x21 0xfffffd7b
core   0: 0x80003390 (0x030c4d93) xori    s11, s8, 48
core   0: 3 0x80003390 (0x030c4d93) x27 0x80011e44
core   0: 0x80003394 (0x0c1d7f93) andi    t6, s10, 193
core   0: 3 0x80003394 (0x0c1d7f93) x31 0x00000000
core   0: 0x80003398 (0x014c43b3) xor     t2, s8, s4
core   0: 3 0x80003398 (0x014c43b3) x 7 0x80039ccd
core   0: 0x8000339c (0xfa173e13) sltiu   t3, a4, -95
core   0: 3 0x8000339c (0xfa173e13) x28 0x00000001
core   0: 0x800033a0 (0xc2ed0793) addi    a5, s10, -978
core   0: 3 0x800033a0 (0xc2ed0793) x15 0xfffffc2e
core   0: 0x800033a4 (0x01a9f6b3) and     a3, s3, s10
core   0: 3 0x800033a4 (0x01a9f6b3) x13 0x00000000
core   0: 0x800033a8 (0xd1954c93) xori    s9, a0, -743
core   0: 3 0x800033a8 (0xd1954c93) x25 0x7ffea1fd
core   0: 0x800033ac (0x408ed013) srai    zero, t4, 8
core   0: 3 0x800033ac (0x408ed013)
core   0: 0x800033b0 (0x9bf03e93) sltiu   t4, zero, -1601
core   0: 3 0x800033b0 (0x9bf03e93) x29 0x00000001
core   0: 0x800033b4 (0x01b1d5b3) srl     a1, gp, s11
core   0: 3 0x800033b4 (0x01b1d5b3) x11 0x00000000
core   0: 0x800033b8 (0xa944c437) lui     s0, 0xa944c
core   0: 3 0x800033b8 (0xa944c437) x 8 0xa944c000
core   0: 0x800033bc (0x1bac0113) addi    sp, s8, 442
core   0: 3 0x800033bc (0x1bac0113) x 2 0x8001202e
core   0: 0x800033c0 (0x0169bd33) sltu    s10, s3, s6
core   0: 3 0x800033c0 (0x0169bd33) x26 0x00000000
core   0: 0x800033c4 (0xc18e5037) lui     zero, 0xc18e5
core   0: 3 0x800033c4 (0xc18e5037)
core   0: 0x800033c8 (0x31949097) auipc   ra, 0x31949
core   0: 3 0x800033c8 (0x31949097) x 1 0xb194c3c8
core   0: 0x800033cc (0x4011d093) srai    ra, gp, 1
core   0: 3 0x800033cc (0x4011d093) x 1 0x00000000
core   0: 0x800033d0 (0x00000013) nop
core   0: 3 0x800033d0 (0x00000013)
core   0: 0x800033d4 (0x7dbcaf13) slti    t5, s9, 2011
core   0: 3 0x800033d4 (0x7dbcaf13) x30 0x00000000
core   0: 0x800033d8 (0x01c6dbb3) srl     s7, a3, t3
core   0: 3 0x800033d8 (0x01c6dbb3) x23 0x00000000
core   0: 0x800033dc (0xce57c813) xori    a6, a5, -795
core   0: 3 0x800033dc (0xce57c813) x16 0x000000cb
core   0: 0x800033e0 (0x0014d7b3) srl     a5, s1, ra
core   0: 3 0x800033e0 (0x0014d7b3) x15 0x00200047
core   0: 0x800033e4 (0x004ff0b3) and     ra, t6, tp
core   0: 3 0x800033e4 (0x004ff0b3) x 1 0x00000000
core   0: 0x800033e8 (0x007397b3) sll     a5, t2, t2
core   0: 3 0x800033e8 (0x007397b3) x15 0x7399a000
core   0: 0x800033ec (0x5f493d37) lui     s10, 0x5f493
core   0: 3 0x800033ec (0x5f493d37) x26 0x5f493000
core   0: 0x800033f0 (0x007215b3) sll     a1, tp, t2
core   0: 3 0x800033f0 (0x007215b3) x11 0x23cc8000
core   0: 0x800033f4 (0x40190db3) sub     s11, s2, ra
core   0: 3 0x800033f4 (0x40190db3) x27 0x00000000
core   0: 0x800033f8 (0xc5573c13) sltiu   s8, a4, -939
core   0: 3 0x800033f8 (0xc5573c13) x24 0x00000001
core   0: 0x800033fc (0x016e0433) add     s0, t3, s6
core   0: 3 0x800033fc (0x016e0433) x 8 0x00000002
core   0: 0x80003400 (0x01f9a0b3) slt     ra, s3, t6
core   0: 3 0x80003400 (0x01f9a0b3) x 1 0x00000001
core   0: 0x80003404 (0x00273bb3) sltu    s7, a4, sp
core   0: 3 0x80003404 (0x00273bb3) x23 0x00000000
core   0: 0x80003408 (0x44e18c13) addi    s8, gp, 1102
core   0: 3 0x80003408 (0x44e18c13) x24 0x0000044f
core   0: 0x8000340c (0x661b8293) addi    t0, s7, 1633
core   0: 3 0x8000340c (0x661b8293) x 5 0x00000661
core   0: 0x80003410 (0x41554693) xori    a3, a0, 1045
core   0: 3 0x80003410 (0x41554693) x13 0x800158f1
core   0: 0x80003414 (0x4085dd33) sra     s10, a1, s0
core   0: 3 0x80003414 (0x4085dd33) x26 0x08f32000
core   0: 0x80003418 (0x01c19fb3) sll     t6, gp, t3
core   0: 3 0x80003418 (0x01c19fb3) x31 0x00000002
core   0: 0x8000341c (0x01685b13) srli    s6, a6, 22
core   0: 3 0x8000341c (0x01685b13) x22 0x00000000
core   0: 0x80003420 (0x01f3cb33) xor     s6, t2, t6
core   0: 3 0x80003420 (0x01f3cb33) x22 0x80039ccf
core   0: 0x80003424 (0xabc60b93) addi    s7, a2, -1348
core   0: 3 0x80003424 (0xabc60b93) x23 0x711c6abc
core   0: 0x80003428 (0x00000013) nop
core   0: 3 0x80003428 (0x00000013)
core   0: 0x8000342c (0x5c378d13) addi    s10, a5, 1475
core   0: 3 0x8000342c (0x5c378d13) x26 0x7399a5c3
core   0: 0x80003430 (0x8f47e113) ori     sp, a5, -1804
core   0: 3 0x80003430 (0x8f47e113) x 2 0xfffff8f4
core   0: 0x80003434 (0xd76cc793) xori    a5, s9, -650
core   0: 3 0x80003434 (0xd76cc793) x15 0x80015c8b
core   0: 0x80003438 (0x010cce33) xor     t3, s9, a6
core   0: 3 0x80003438 (0x010cce33) x28 0x7ffea136
core   0: 0x8000343c (0x5a7ad717) auipc   a4, 0x5a7ad
core   0: 3 0x8000343c (0x5a7ad717) x14 0xda7b043c
core   0: 0x80003440 (0x01b7d033) srl     zero, a5, s11
core   0: 3 0x80003440 (0x01b7d033)
core   0: 0x80003444 (0x00afd733) srl     a4, t6, a0
core   0: 3 0x80003444 (0x00afd733) x14 0x00000000
core   0: 0x80003448 (0x40410db3) sub     s11, sp, tp
core   0: 3 0x80003448 (0x40410db3) x27 0x7ffeda90
core   0: 0x8000344c (0x721fca13) xori    s4, t6, 1825
core   0: 3 0x8000344c (0x721fca13) x20 0x00000723
core   0: 0x80003450 (0x40f35433) sra     s0, t1, a5
core   0: 3 0x80003450 (0x40f35433) x 8 0x0001ba14
core   0: 0x80003454 (0x418c5d93) srai    s11, s8, 24
core   0: 3 0x80003454 (0x418c5d93) x27 0x00000000
core   0: 0x80003458 (0x01171613) slli    a2, a4, 17
core   0: 3 0x80003458 (0x01171613) x12 0x00000000
core   0: 0x8000345c (0x01c5c933) xor     s2, a1, t3
core   0: 3 0x8000345c (0x01c5c933) x18 0x5c322136
core   0: 0x80003460 (0xa5763f13) sltiu   t5, a2, -1449
core   0: 3 0x80003460 (0xa5763f13) x30 0x00000001
core   0: 0x80003464 (0x4121d6b3) sra     a3, gp, s2
core   0: 3 0x80003464 (0x4121d6b3) x13 0x00000000
core   0: 0x80003468 (0x012fd633) srl     a2, t6, s2
core   0: 3 0x80003468 (0x012fd633) x12 0x00000000
core   0: 0x8000346c (0x00953db3) sltu    s11, a0, s1
core   0: 3 0x8000346c (0x00953db3) x27 0x00000000
core   0: 0x80003470 (0xc10cfc13) andi    s8, s9, -1008
core   0: 3 0x80003470 (0xc10cfc13) x24 0x7ffea010
core   0: 0x80003474 (0x40dfde33) sra     t3, t6, a3
core   0: 3 0x80003474 (0x40dfde33) x28 0x00000002
core   0: 0x80003478 (0xbb51b793) sltiu   a5, gp, -1099
core   0: 3 0x80003478 (0xbb51b793) x15 0x00000001
core   0: 0x8000347c (0x00659b33) sll     s6, a1, t1
core   0: 3 0x8000347c (0x00659b33) x22 0x80000000
core   0: 0x80003480 (0x94f36a17) auipc   s4, 0x94f36
core   0: 3 0x80003480 (0x94f36a17) x20 0x14f39480
core   0: 0x80003484 (0x40355593) srai    a1, a0, 3
core   0: 3 0x80003484 (0x40355593) x11 0xf0002b9c
core   0: 0x80003488 (0xc2877813) andi    a6, a4, -984
core   0: 3 0x80003488 (0xc2877813) x16 0x00000000
core   0: 0x8000348c (0x00f467b3) or      a5, s0, a5
core   0: 3 0x8000348c (0x00f467b3) x15 0x0001ba15
core   0: 0x80003490 (0x01ccacb3) slt     s9, s9, t3
core   0: 3 0x80003490 (0x01ccacb3) x25 0x00000000
core   0: 0x80003494 (0x0096c0b3) xor     ra, a3, s1
core   0: 3 0x80003494 (0x0096c0b3) x 1 0x00200047
core   0: 0x80003498 (0x40b35d93) srai    s11, t1, 11
core   0: 3 0x80003498 (0x40b35d93) x27 0x0001ba14
core   0: 0x8000349c (0xe2a30337) lui     t1, 0xe2a30
core   0: 3 0x8000349c (0xe2a30337) x 6 0xe2a30000
core   0: 0x800034a0 (0x04a1f413) andi    s0, gp, 74
core   0: 3 0x800034a0 (0x04a1f413) x 8 0x00000000
core   0: 0x800034a4 (0x48c24193) xori    gp, tp, 1164
core   0: 3 0x800034a4 (0x48c24193) x 3 0x80011ae8
core   0: 0x800034a8 (0x01016fb3) or      t6, sp, a6
core   0: 3 0x800034a8 (0x01016fb3) x31 0xfffff8f4
core   0: 0x800034ac (0x4fbdfdb7) lui     s11, 0x4fbdf
core   0: 3 0x800034ac (0x4fbdfdb7) x27 0x4fbdf000
core   0: 0x800034b0 (0x0106d013) srli    zero, a3, 16
core   0: 3 0x800034b0 (0x0106d013)
core   0: 0x800034b4 (0x01a122b3) slt     t0, sp, s10
core   0: 3 0x800034b4 (0x01a122b3) x 5 0x00000001
core   0: 0x800034b8 (0x00f26db3) or      s11, tp, a5
core   0: 3 0x800034b8 (0x00f26db3) x27 0x8001be75
core   0: 0x800034bc (0x00efe433) or      s0, t6, a4
core   0: 3 0x800034bc (0x00efe433) x 8 0xfffff8f4
core   0: 0x800034c0 (0x14656e93) ori     t4, a0, 326
core   0: 3 0x800034c0 (0x14656e93) x29 0x80015de6
core   0: 0x800034c4 (0x41ba5f33) sra     t5, s4, s11
core   0: 3 0x800034c4 (0x41ba5f33) x30 0x000000a7
core   0: 0x800034c8 (0x01f7cc33) xor     s8, a5, t6
core   0: 3 0x800034c8 (0x01f7cc33) x24 0xfffe42e1
core   0: 0x800034cc (0xf04d4693) xori    a3, s10, -252
core   0: 3 0x800034cc (0xf04d4693) x13 0x8c665ac7
core   0: 0x800034d0 (0x0158c8b3) xor     a7, a7, s5
core   0: 3 0x800034d0 (0x0158c8b3) x17 0x00000054
core   0: 0x800034d4 (0x40578fb3) sub     t6, a5, t0
core   0: 3 0x800034d4 (0x40578fb3) x31 0x0001ba14
core   0: 0x800034d8 (0x008627b3) slt     a5, a2, s0
core   0: 3 0x800034d8 (0x008627b3) x15 0x00000000
core   0: 0x800034dc (0x4916c313) xori    t1, a3, 1169
core   0: 3 0x800034dc (0x4916c313) x 6 0x8c665e56
core   0: 0x800034e0 (0x41e8dc33) sra     s8, a7, t5
core   0: 3 0x800034e0 (0x41e8dc33) x24 0x00000000
core   0: 0x800034e4 (0x4066db93) srai    s7, a3, 6
core   0: 3 0x800034e4 (0x4066db93) x23 0xfe31996b
core   0: 0x800034e8 (0x001c1fb3) sll     t6, s8, ra
core   0: 3 0x800034e8 (0x001c1fb3) x31 0x00000000
core   0: 0x800034ec (0xcf1cb293) sltiu   t0, s9, -783
core   0: 3 0x800034ec (0xcf1cb293) x 5 0x00000001
core   0: 0x800034f0 (0x01f2fdb3) and     s11, t0, t6
core   0: 3 0x800034f0 (0x01f2fdb3) x27 0x00000000
core   0: 0x800034f4 (0x44e0eb13) ori     s6, ra, 1102
core   0: 3 0x800034f4 (0x44e0eb13) x22 0x0020044f
core   0: 0x800034f8 (0x5419a413) slti    s0, s3, 1345
core   0: 3 0x800034f8 (0x5419a413) x 8 0x00000001
core   0: 0x800034fc (0x01e018b3) sll     a7, zero, t5
core   0: 3 0x800034fc (0x01e018b3) x17 0x00000000
core   0: 0x80003500 (0xba2e7593) andi    a1, t3, -1118
core   0: 3 0x80003500 (0xba2e7593) x11 0x00000002
core   0: 0x80003504 (0x01fa46b3) xor     a3, s4, t6
core   0: 3 0x80003504 (0x01fa46b3) x13 0x14f39480
core   0: 0x80003508 (0xd54f0393) addi    t2, t5, -684
core   0: 3 0x80003508 (0xd54f0393) x 7 0xfffffdfb
core   0: 0x8000350c (0x79a27293) andi    t0, tp, 1946
core   0: 3 0x8000350c (0x79a27293) x 5 0x00000600
core   0: 0x80003510 (0x40fc5cb3) sra     s9, s8, a5
core   0: 3 0x80003510 (0x40fc5cb3) x25 0x00000000
core   0: 0x80003514 (0x00b15a93) srli    s5, sp, 11
core   0: 3 0x80003514 (0x00b15a93) x21 0x001fffff
core   0: 0x80003518 (0x419c8b33) sub     s6, s9, s9
core   0: 3 0x80003518 (0x419c8b33) x22 0x00000000
core   0: 0x8000351c (0xca42bd93) sltiu   s11, t0, -860
core   0: 3 0x8000351c (0xca42bd93) x27 0x00000001
core   0: 0x80003520 (0x411f84b3) sub     s1, t6, a7
core   0: 3 0x80003520 (0x411f84b3) x 9 0x00000000
core   0: 0x80003524 (0x013dd313) srli    t1, s11, 19
core   0: 3 0x80003524 (0x013dd313) x 6 0x00000000
core   0: 0x80003528 (0x005b5113) srli    sp, s6, 5
core   0: 3 0x80003528 (0x005b5113) x 2 0x00000000
core   0: 0x8000352c (0x01e691b3) sll     gp, a3, t5
core   0: 3 0x8000352c (0x01e691b3) x 3 0x79ca4000
core   0: 0x80003530 (0x49ade693) ori     a3, s11, 1178
core   0: 3 0x80003530 (0x49ade693) x13 0x0000049b
core   0: 0x80003534 (0x40f25613) srai    a2, tp, 15
core   0: 3 0x80003534 (0x40f25613) x12 0xffff0002
core   0: 0x80003538 (0xed658d93) addi    s11, a1, -298
core   0: 3 0x80003538 (0xed658d93) x27 0xfffffed8
core   0: 0x8000353c (0xbc448d13) addi    s10, s1, -1084
core   0: 3 0x8000353c (0xbc448d13) x26 0xfffffbc4
core   0: 0x80003540 (0x41970fb3) sub     t6, a4, s9
core   0: 3 0x80003540 (0x41970fb3) x31 0x00000000
core   0: 0x80003544 (0x006254b3) srl     s1, tp, t1
core   0: 3 0x80003544 (0x006254b3) x 9 0x80011e64
core   0: 0x80003548 (0x01e46b33) or      s6, s0, t5
core   0: 3 0x80003548 (0x01e46b33) x22 0x000000a7
core   0: 0x8000354c (0x019f1e33) sll     t3, t5, s9
core   0: 3 0x8000354c (0x019f1e33) x28 0x000000a7
core   0: 0x80003550 (0x362b4713) xori    a4, s6, 866
core   0: 3 0x80003550 (0x362b4713) x14 0x000003c5
core   0: 0x80003554 (0x05a50d93) addi    s11, a0, 90
core   0: 3 0x80003554 (0x05a50d93) x27 0x80015d3e
core   0: 0x80003558 (0x40f806b3) sub     a3, a6, a5
core   0: 3 0x80003558 (0x40f806b3) x13 0x00000000
core   0: 0x8000355c (0x2552ec93) ori     s9, t0, 597
core   0: 3 0x8000355c (0x2552ec93) x25 0x00000655
core   0: 0x80003560 (0x01d71833) sll     a6, a4, t4
core   0: 3 0x80003560 (0x01d71833) x16 0x0000f140
core   0: 0x80003564 (0x415088b3) sub     a7, ra, s5
core   0: 3 0x80003564 (0x415088b3) x17 0x00000048
core   0: 0x80003568 (0x416dd013) srai    zero, s11, 22
core   0: 3 0x80003568 (0x416dd013)
core   0: 0x8000356c (0x015e7133) and     sp, t3, s5
core   0: 3 0x8000356c (0x015e7133) x 2 0x000000a7
core   0: 0x80003570 (0x000890b3) sll     ra, a7, zero
core   0: 3 0x80003570 (0x000890b3) x 1 0x00000048
core   0: 0x80003574 (0x6e303093) sltiu   ra, zero, 1763
core   0: 3 0x80003574 (0x6e303093) x 1 0x00000001
core   0: 0x80003578 (0x00000013) nop
core   0: 3 0x80003578 (0x00000013)
core   0: 0x8000357c (0x51df6e13) ori     t3, t5, 1309
core   0: 3 0x8000357c (0x51df6e13) x28 0x000005bf
core   0: 0x80003580 (0x0017d493) srli    s1, a5, 1
core   0: 3 0x80003580 (0x0017d493) x 9 0x00000000
core   0: 0x80003584 (0x41865733) sra     a4, a2, s8
core   0: 3 0x80003584 (0x41865733) x14 0xffff0002
core   0: 0x80003588 (0xe23dc013) xori    zero, s11, -477
core   0: 3 0x80003588 (0xe23dc013)
core   0: 0x8000358c (0x41a18fb3) sub     t6, gp, s10
core   0: 3 0x8000358c (0x41a18fb3) x31 0x79ca443c
core   0: 0x80003590 (0x0106c633) xor     a2, a3, a6
core   0: 3 0x80003590 (0x0106c633) x12 0x0000f140
core   0: 0x80003594 (0x0013ca33) xor     s4, t2, ra
core   0: 3 0x80003594 (0x0013ca33) x20 0xfffffdfa
core   0: 0x80003598 (0x00daf633) and     a2, s5, a3
core   0: 3 0x80003598 (0x00daf633) x12 0x00000000
core   0: 0x8000359c (0x6152a893) slti    a7, t0, 1557
core   0: 3 0x8000359c (0x6152a893) x17 0x00000001
core   0: 0x800035a0 (0x01f95eb3) srl     t4, s2, t6
core   0: 3 0x800035a0 (0x01f95eb3) x29 0x00000005
core   0: 0x800035a4 (0x00c9a933) slt     s2, s3, a2
core   0: 3 0x800035a4 (0x00c9a933) x18 0x00000001
core   0: 0x800035a8 (0x40b0d433) sra     s0, ra, a1
core   0: 3 0x800035a8 (0x40b0d433) x 8 0x00000000
core   0: 0x800035ac (0x018984b3) add     s1, s3, s8
core   0: 3 0x800035ac (0x018984b3) x 9 0x80000000
core   0: 0x800035b0 (0xf827c413) xori    s0, a5, -126
core   0: 3 0x800035b0 (0xf827c413) x 8 0xffffff82
core   0: 0x800035b4 (0x017a83b3) add     t2, s5, s7
core   0: 3 0x800035b4 (0x017a83b3) x 7 0xfe51996a
core   0: 0x800035b8 (0x55bbe093) ori     ra, s7, 1371
core   0: 3 0x800035b8 (0x55bbe093) x 1 0xfe319d7b
core   0: 0x800035bc (0x4061d2b3) sra     t0, gp, t1
core   0: 3 0x800035bc (0x4061d2b3) x 5 0x79ca4000
core   0: 0x800035c0 (0x8b17a297) auipc   t0, 0x8b17a
core   0: 3 0x800035c0 (0x8b17a297) x 5 0x0b17d5c0
core   0: 0x800035c4 (0x00b02bb3) slt     s7, zero, a1
core   0: 3 0x800035c4 (0x00b02bb3) x23 0x00000001
core   0: 0x800035c8 (0x00000013) nop
core   0: 3 0x800035c8 (0x00000013)
core   0: 0x800035cc (0x0154c833) xor     a6, s1, s5
core   0: 3 0x800035cc (0x0154c833) x16 0x801fffff
core   0: 0x800035d0 (0x931d3293) sltiu   t0, s10, -1743
core   0: 3 0x800035d0 (0x931d3293) x 5 0x00000000
core   0: 0x800035d4 (0xde5f4d93) xori    s11, t5, -539
core   0: 3 0x800035d4 (0xde5f4d93) x27 0xfffffd42
core   0: 0x800035d8 (0x00ae6a33) or      s4, t3, a0
core   0: 3 0x800035d8 (0x00ae6a33) x20 0x80015dff
core   0: 0x800035dc (0x00ebb4b3) sltu    s1, s7, a4
core   0: 3 0x800035dc (0x00ebb4b3) x 9 0x00000001
core   0: 0x800035e0 (0x40655d33) sra     s10, a0, t1
core   0: 3 0x800035e0 (0x40655d33) x26 0x80015ce4
core   0: 0x800035e4 (0x3c75bb93) sltiu   s7, a1, 967
core   0: 3 0x800035e4 (0x3c75bb93) x23 0x00000001
core   0: 0x800035e8 (0x000ab433) sltu    s0, s5, zero
core   0: 3 0x800035e8 (0x000ab433) x 8 0x00000000
core   0: 0x800035ec (0x4132d833) sra     a6, t0, s3
core   0: 3 0x800035ec (0x4132d833) x16 0x00000000
core   0: 0x800035f0 (0x6fdb0813) addi    a6, s6, 1789
core   0: 3 0x800035f0 (0x6fdb0813) x16 0x000007a4
core   0: 0x800035f4 (0x000a1b13) slli    s6, s4, 0
core   0: 3 0x800035f4 (0x000a1b13) x22 0x80015dff
core   0: 0x800035f8 (0x00a04db3) xor     s11, zero, a0
core   0: 3 0x800035f8 (0x00a04db3) x27 0x80015ce4
core   0: 0x800035fc (0x00543db3) sltu    s11, s0, t0
core   0: 3 0x800035fc (0x00543db3) x27 0x00000000
core   0: 0x80003600 (0x00eb27b3) slt     a5, s6, a4
core   0: 3 0x80003600 (0x00eb27b3) x15 0x00000001
core   0: 0x80003604 (0x41795033) sra     zero, s2, s7
core   0: 3 0x80003604 (0x41795033)
core   0: 0x80003608 (0x24f46913) ori     s2, s0, 591
core   0: 3 0x80003608 (0x24f46913) x18 0x0000024f
core   0: 0x8000360c (0x4091ddb3) sra     s11, gp, s1
core   0: 3 0x8000360c (0x4091ddb3) x27 0x3ce52000
core   0: 0x80003610 (0x016d28b3) slt     a7, s10, s6
core   0: 3 0x80003610 (0x016d28b3) x17 0x00000001
core   0: 0x80003614 (0x0197de13) srli    t3, a5, 25
core   0: 3 0x80003614 (0x0197de13) x28 0x00000000
core   0: 0x80003618 (0x2b263937) lui     s2, 0x2b263
core   0: 3 0x80003618 (0x2b263937) x18 0x2b263000
core   0: 0x8000361c (0x019fd193) srli    gp, t6, 25
core   0: 3 0x8000361c (0x019fd193) x 3 0x0000003c
core   0: 0x80003620 (0x27c06393) ori     t2, zero, 636
core   0: 3 0x80003620 (0x27c06393) x 7 0x0000027c
core   0: 0x80003624 (0x221f7413) andi    s0, t5, 545
core   0: 3 0x80003624 (0x221f7413) x 8 0x00000021
core   0: 0x80003628 (0x00bd78b3) and     a7, s10, a1
core   0: 3 0x80003628 (0x00bd78b3) x17 0x00000000
core   0: 0x8000362c (0x00000013) nop
core   0: 3 0x8000362c (0x00000013)
core   0: 0x80003630 (0x40705033) sra     zero, zero, t2
core   0: 3 0x80003630 (0x40705033)
core   0: 0x80003634 (0x00401693) slli    a3, zero, 4
core   0: 3 0x80003634 (0x00401693) x13 0x00000000
core   0: 0x80003638 (0xefc7e013) ori     zero, a5, -260
core   0: 3 0x80003638 (0xefc7e013)
core   0: 0x8000363c (0x01c14133) xor     sp, sp, t3
core   0: 3 0x8000363c (0x01c14133) x 2 0x000000a7
core   0: 0x80003640 (0x01903633) snez    a2, s9
core   0: 3 0x80003640 (0x01903633) x12 0x00000001
core   0: 0x80003644 (0x00c49593) slli    a1, s1, 12
core   0: 3 0x80003644 (0x00c49593) x11 0x00001000
core   0: 0x80003648 (0xdbf48113) addi    sp, s1, -577
core   0: 3 0x80003648 (0xdbf48113) x 2 0xfffffdc0
core   0: 0x8000364c (0xaf70c0b7) lui     ra, 0xaf70c
core   0: 3 0x8000364c (0xaf70c0b7) x 1 0xaf70c000
core   0: 0x80003650 (0x76cd43b7) lui     t2, 0x76cd4
core   0: 3 0x80003650 (0x76cd43b7) x 7 0x76cd4000
core   0: 0x80003654 (0x0112e833) or      a6, t0, a7
core   0: 3 0x80003654 (0x0112e833) x16 0x00000000
core   0: 0x80003658 (0x41930633) sub     a2, t1, s9
core   0: 3 0x80003658 (0x41930633) x12 0xfffff9ab
core   0: 0x8000365c (0xabd97f93) andi    t6, s2, -1347
core   0: 3 0x8000365c (0xabd97f93) x31 0x2b263000
core   0: 0x80003660 (0x00212433) slt     s0, sp, sp
core   0: 3 0x80003660 (0x00212433) x 8 0x00000000
core   0: 0x80003664 (0x00458913) addi    s2, a1, 4
core   0: 3 0x80003664 (0x00458913) x18 0x00001004
core   0: 0x80003668 (0x00ea8933) add     s2, s5, a4
core   0: 3 0x80003668 (0x00ea8933) x18 0x001f0001
core   0: 0x8000366c (0x009f1d93) slli    s11, t5, 9
core   0: 3 0x8000366c (0x009f1d93) x27 0x00014e00
core   0: 0x80003670 (0x00bc2033) slt     zero, s8, a1
core   0: 3 0x80003670 (0x00bc2033)
core   0: 0x80003674 (0x00e364b3) or      s1, t1, a4
core   0: 3 0x80003674 (0x00e364b3) x 9 0xffff0002
core   0: 0x80003678 (0x5f120a13) addi    s4, tp, 1521
core   0: 3 0x80003678 (0x5f120a13) x20 0x80012455
core   0: 0x8000367c (0x00b43cb3) sltu    s9, s0, a1
core   0: 3 0x8000367c (0x00b43cb3) x25 0x00000001
core   0: 0x80003680 (0xa2723e13) sltiu   t3, tp, -1497
core   0: 3 0x80003680 (0xa2723e13) x28 0x00000001
core   0: 0x80003684 (0x00c8d613) srli    a2, a7, 12
core   0: 3 0x80003684 (0x00c8d613) x12 0x00000000
core   0: 0x80003688 (0x20b5a4b7) lui     s1, 0x20b5a
core   0: 3 0x80003688 (0x20b5a4b7) x 9 0x20b5a000
core   0: 0x8000368c (0x00000013) nop
core   0: 3 0x8000368c (0x00000013)
core   0: 0x80003690 (0x004c2933) slt     s2, s8, tp
core   0: 3 0x80003690 (0x004c2933) x18 0x00000000
core   0: 0x80003694 (0x013bf2b3) and     t0, s7, s3
core   0: 3 0x80003694 (0x013bf2b3) x 5 0x00000000
core   0: 0x80003698 (0x4180f613) andi    a2, ra, 1048
core   0: 3 0x80003698 (0x4180f613) x12 0x00000000
core   0: 0x8000369c (0x40e25013) srai    zero, tp, 14
core   0: 3 0x8000369c (0x40e25013)
core   0: 0x800036a0 (0x01b69b33) sll     s6, a3, s11
core   0: 3 0x800036a0 (0x01b69b33) x22 0x00000000
core   0: 0x800036a4 (0x00355433) srl     s0, a0, gp
core   0: 3 0x800036a4 (0x00355433) x 8 0x00000008
core   0: 0x800036a8 (0x00b1d333) srl     t1, gp, a1
core   0: 3 0x800036a8 (0x00b1d333) x 6 0x0000003c
core   0: 0x800036ac (0x01592433) slt     s0, s2, s5
core   0: 3 0x800036ac (0x01592433) x 8 0x00000001
core   0: 0x800036b0 (0xc51ab913) sltiu   s2, s5, -943
core   0: 3 0x800036b0 (0xc51ab913) x18 0x00000001
core   0: 0x800036b4 (0xcda4ed13) ori     s10, s1, -806
core   0: 3 0x800036b4 (0xcda4ed13) x26 0xfffffcda
core   0: 0x800036b8 (0xf27cce93) xori    t4, s9, -217
core   0: 3 0x800036b8 (0xf27cce93) x29 0xffffff26
core   0: 0x800036bc (0x00ce0fb3) add     t6, t3, a2
core   0: 3 0x800036bc (0x00ce0fb3) x31 0x00000001
core   0: 0x800036c0 (0x685a51b7) lui     gp, 0x685a5
core   0: 3 0x800036c0 (0x685a51b7) x 3 0x685a5000
core   0: 0x800036c4 (0x013c9bb3) sll     s7, s9, s3
core   0: 3 0x800036c4 (0x013c9bb3) x23 0x00000001
core   0: 0x800036c8 (0x00a55713) srli    a4, a0, 10
core   0: 3 0x800036c8 (0x00a55713) x14 0x00200057
core   0: 0x800036cc (0x419e85b3) sub     a1, t4, s9
core   0: 3 0x800036cc (0x419e85b3) x11 0xffffff25
core   0: 0x800036d0 (0x00f3a833) slt     a6, t2, a5
core   0: 3 0x800036d0 (0x00f3a833) x16 0x00000000
core   0: 0x800036d4 (0x80000eb7) lui     t4, 0x80000
core   0: 3 0x800036d4 (0x80000eb7) x29 0x80000000
core   0: 0x800036d8 (0xfff00593) li      a1, -1
core   0: 3 0x800036d8 (0xfff00593) x11 0xffffffff
core   0: 0x800036dc (0xfff00113) li      sp, -1
core   0: 3 0x800036dc (0xfff00113) x 2 0xffffffff
core   0: 0x800036e0 (0x00000c93) li      s9, 0
core   0: 3 0x800036e0 (0x00000c93) x25 0x00000000
core   0: 0x800036e4 (0xfff00093) li      ra, -1
core   0: 3 0x800036e4 (0xfff00093) x 1 0xffffffff
core   0: 0x800036e8 (0x4cbe1f37) lui     t5, 0x4cbe1
core   0: 3 0x800036e8 (0x4cbe1f37) x30 0x4cbe1000
core   0: 0x800036ec (0x293f0f13) addi    t5, t5, 659
core   0: 3 0x800036ec (0x293f0f13) x30 0x4cbe1293
core   0: 0x800036f0 (0xe730ec37) lui     s8, 0xe730e
core   0: 3 0x800036f0 (0xe730ec37) x24 0xe730e000
core   0: 0x800036f4 (0x1c9c0c13) addi    s8, s8, 457
core   0: 3 0x800036f4 (0x1c9c0c13) x24 0xe730e1c9
core   0: 0x800036f8 (0x00000813) li      a6, 0
core   0: 3 0x800036f8 (0x00000813) x16 0x00000000
core   0: 0x800036fc (0x00000e13) li      t3, 0
core   0: 3 0x800036fc (0x00000e13) x28 0x00000000
core   0: 0x80003700 (0xfff00693) li      a3, -1
core   0: 3 0x80003700 (0xfff00693) x13 0xffffffff
core   0: 0x80003704 (0xe55cc817) auipc   a6, 0xe55cc
core   0: 3 0x80003704 (0xe55cc817) x16 0x655cf704
core   0: 0x80003708 (0x18d08113) addi    sp, ra, 397
core   0: 3 0x80003708 (0x18d08113) x 2 0x0000018c
core   0: 0x8000370c (0x4d9f0f13) addi    t5, t5, 1241
core   0: 3 0x8000370c (0x4d9f0f13) x30 0x4cbe176c
core   0: 0x80003710 (0x41858cb3) sub     s9, a1, s8
core   0: 3 0x80003710 (0x41858cb3) x25 0x18cf1e36
core   0: 0x80003714 (0x40258eb3) sub     t4, a1, sp
core   0: 3 0x80003714 (0x40258eb3) x29 0xfffffe73
core   0: 0x80003718 (0xbee5f597) auipc   a1, 0xbee5f
core   0: 3 0x80003718 (0xbee5f597) x11 0x3ee62718
core   0: 0x8000371c (0xbcf8ef17) auipc   t5, 0xbcf8e
core   0: 3 0x8000371c (0xbcf8ef17) x30 0x3cf9171c
core   0: 0x80003720 (0x01980c33) add     s8, a6, s9
core   0: 3 0x80003720 (0x01980c33) x24 0x7e2c153a
core   0: 0x80003724 (0xb8aefeb7) lui     t4, 0xb8aef
core   0: 3 0x80003724 (0xb8aefeb7) x29 0xb8aef000
core   0: 0x80003728 (0x3418ae17) auipc   t3, 0x3418a
core   0: 3 0x80003728 (0x3418ae17) x28 0xb418d728
core   0: 0x8000372c (0xb4c08f13) addi    t5, ra, -1204
core   0: 3 0x8000372c (0xb4c08f13) x30 0xfffffb4b
core   0: 0x80003730 (0x87568f13) addi    t5, a3, -1931
core   0: 3 0x80003730 (0x87568f13) x30 0xfffff874
core   0: 0x80003734 (0x00000013) nop
core   0: 3 0x80003734 (0x00000013)
core   0: 0x80003738 (0x7ef80f13) addi    t5, a6, 2031
core   0: 3 0x80003738 (0x7ef80f13) x30 0x655cfef3
core   0: 0x8000373c (0xd2ad1597) auipc   a1, 0xd2ad1
core   0: 3 0x8000373c (0xd2ad1597) x11 0x52ad473c
core   0: 0x80003740 (0x00000013) nop
core   0: 3 0x80003740 (0x00000013)
core   0: 0x80003744 (0x41808593) addi    a1, ra, 1048
core   0: 3 0x80003744 (0x41808593) x11 0x00000417
core   0: 0x80003748 (0x00000013) nop
core   0: 3 0x80003748 (0x00000013)
core   0: 0x8000374c (0x00000013) nop
core   0: 3 0x8000374c (0x00000013)
core   0: 0x80003750 (0x418f0c33) sub     s8, t5, s8
core   0: 3 0x80003750 (0x418f0c33) x24 0xe730e9b9
core   0: 0x80003754 (0x5cb7dc37) lui     s8, 0x5cb7d
core   0: 3 0x80003754 (0x5cb7dc37) x24 0x5cb7d000
core   0: 0x80003758 (0x3a9e8113) addi    sp, t4, 937
core   0: 3 0x80003758 (0x3a9e8113) x 2 0xb8aef3a9
core   0: 0x8000375c (0x41880f33) sub     t5, a6, s8
core   0: 3 0x8000375c (0x41880f33) x30 0x08a52704
core   0: 0x80003760 (0x5a5f0593) addi    a1, t5, 1445
core   0: 3 0x80003760 (0x5a5f0593) x11 0x08a52ca9
core   0: 0x80003764 (0x00000013) nop
core   0: 3 0x80003764 (0x00000013)
core   0: 0x80003768 (0xe9121f17) auipc   t5, 0xe9121
core   0: 3 0x80003768 (0xe9121f17) x30 0x69124768
core   0: 0x8000376c (0x401f0eb3) sub     t4, t5, ra
core   0: 3 0x8000376c (0x401f0eb3) x29 0x69124769
core   0: 0x80003770 (0x74445f17) auipc   t5, 0x74445
core   0: 3 0x80003770 (0x74445f17) x30 0xf4448770
core   0: 0x80003774 (0xd8ccc6b7) lui     a3, 0xd8ccc
core   0: 3 0x80003774 (0xd8ccc6b7) x13 0xd8ccc000
core   0: 0x80003778 (0x01a62733) slt     a4, a2, s10
core   0: 3 0x80003778 (0x01a62733) x14 0x00000000
core   0: 0x8000377c (0x00f03433) snez    s0, a5
core   0: 3 0x8000377c (0x00f03433) x 8 0x00000001
core   0: 0x80003780 (0x1cac8193) addi    gp, s9, 458
core   0: 3 0x80003780 (0x1cac8193) x 3 0x18cf2000
core   0: 0x80003784 (0xc7f42db7) lui     s11, 0xc7f42
core   0: 3 0x80003784 (0xc7f42db7) x27 0xc7f42000
core   0: 0x80003788 (0x1a5f0297) auipc   t0, 0x1a5f0
core   0: 3 0x80003788 (0x1a5f0297) x 5 0x9a5f3788
core   0: 0x8000378c (0x00535e33) srl     t3, t1, t0
core   0: 3 0x8000378c (0x00535e33) x28 0x00000000
core   0: 0x80003790 (0x0072a7b3) slt     a5, t0, t2
core   0: 3 0x80003790 (0x0072a7b3) x15 0x00000001
core   0: 0x80003794 (0xa81ea297) auipc   t0, 0xa81ea
core   0: 3 0x80003794 (0xa81ea297) x 5 0x281ed794
core   0: 0x80003798 (0x6ea5eb17) auipc   s6, 0x6ea5e
core   0: 3 0x80003798 (0x6ea5eb17) x22 0xeea61798
core   0: 0x8000379c (0x00000013) nop
core   0: 3 0x8000379c (0x00000013)
core   0: 0x800037a0 (0xd5f86e13) ori     t3, a6, -673
core   0: 3 0x800037a0 (0xd5f86e13) x28 0xffffff5f
core   0: 0x800037a4 (0x00406033) or      zero, zero, tp
core   0: 3 0x800037a4 (0x00406033)
core   0: 0x800037a8 (0x0162d813) srli    a6, t0, 22
core   0: 3 0x800037a8 (0x0162d813) x16 0x000000a0
core   0: 0x800037ac (0xbbae2693) slti    a3, t3, -1094
core   0: 3 0x800037ac (0xbbae2693) x13 0x00000000
core   0: 0x800037b0 (0x62f88713) addi    a4, a7, 1583
core   0: 3 0x800037b0 (0x62f88713) x14 0x0000062f
core   0: 0x800037b4 (0x019381b3) add     gp, t2, s9
core   0: 3 0x800037b4 (0x019381b3) x 3 0x8f9c5e36
core   0: 0x800037b8 (0x01a1c1b3) xor     gp, gp, s10
core   0: 3 0x800037b8 (0x01a1c1b3) x 3 0x7063a2ec
core   0: 0x800037bc (0x97574297) auipc   t0, 0x97574
core   0: 3 0x800037bc (0x97574297) x 5 0x175777bc
core   0: 0x800037c0 (0x011d87b3) add     a5, s11, a7
core   0: 3 0x800037c0 (0x011d87b3) x15 0xc7f42000
core   0: 0x800037c4 (0x417fdc13) srai    s8, t6, 23
core   0: 3 0x800037c4 (0x417fdc13) x24 0x00000000
core   0: 0x800037c8 (0x0033a833) slt     a6, t2, gp
core   0: 3 0x800037c8 (0x0033a833) x16 0x00000000
core   0: 0x800037cc (0x00f86433) or      s0, a6, a5
core   0: 3 0x800037cc (0x00f86433) x 8 0xc7f42000
core   0: 0x800037d0 (0x01665db3) srl     s11, a2, s6
core   0: 3 0x800037d0 (0x01665db3) x27 0x00000000
core   0: 0x800037d4 (0xc5a02293) slti    t0, zero, -934
core   0: 3 0x800037d4 (0xc5a02293) x 5 0x00000000
core   0: 0x800037d8 (0xd7657c93) andi    s9, a0, -650
core   0: 3 0x800037d8 (0xd7657c93) x25 0x80015c64
core   0: 0x800037dc (0xf5272413) slti    s0, a4, -174
core   0: 3 0x800037dc (0xf5272413) x 8 0x00000000
core   0: 0x800037e0 (0x4f211617) auipc   a2, 0x4f211
core   0: 3 0x800037e0 (0x4f211617) x12 0xcf2147e0
core   0: 0x800037e4 (0xa85e4913) xori    s2, t3, -1403
core   0: 3 0x800037e4 (0xa85e4913) x18 0x000005da
core   0: 0x800037e8 (0x00ebf033) and     zero, s7, a4
core   0: 3 0x800037e8 (0x00ebf033)
core   0: 0x800037ec (0x1df7fb13) andi    s6, a5, 479
core   0: 3 0x800037ec (0x1df7fb13) x22 0x00000000
core   0: 0x800037f0 (0xd8860f93) addi    t6, a2, -632
core   0: 3 0x800037f0 (0xd8860f93) x31 0xcf214568
core   0: 0x800037f4 (0xaf1bfd97) auipc   s11, 0xaf1bf
core   0: 3 0x800037f4 (0xaf1bfd97) x27 0x2f1c27f4
core   0: 0x800037f8 (0x6ed5bd37) lui     s10, 0x6ed5b
core   0: 3 0x800037f8 (0x6ed5bd37) x26 0x6ed5b000
core   0: 0x800037fc (0x01e65a33) srl     s4, a2, t5
core   0: 3 0x800037fc (0x01e65a33) x20 0x0000cf21
core   0: 0x80003800 (0xec40ab93) slti    s7, ra, -316
core   0: 3 0x80003800 (0xec40ab93) x23 0x00000000
core   0: 0x80003804 (0x00799eb3) sll     t4, s3, t2
core   0: 3 0x80003804 (0x00799eb3) x29 0x80000000
core   0: 0x80003808 (0x00000013) nop
core   0: 3 0x80003808 (0x00000013)
core   0: 0x8000380c (0x97bdf813) andi    a6, s11, -1669
core   0: 3 0x8000380c (0x97bdf813) x16 0x2f1c2170
core   0: 0x80003810 (0x00356bb3) or      s7, a0, gp
core   0: 3 0x80003810 (0x00356bb3) x23 0xf063feec
core   0: 0x80003814 (0x00a41d33) sll     s10, s0, a0
core   0: 3 0x80003814 (0x00a41d33) x26 0x00000000
core   0: 0x80003818 (0xcc27aa93) slti    s5, a5, -830
core   0: 3 0x80003818 (0xcc27aa93) x21 0x00000001
core   0: 0x8000381c (0xcf230c93) addi    s9, t1, -782
core   0: 3 0x8000381c (0xcf230c93) x25 0xfffffd2e
core   0: 0x80003820 (0x1dd58eb7) lui     t4, 0x1dd58
core   0: 3 0x80003820 (0x1dd58eb7) x29 0x1dd58000
core   0: 0x80003824 (0xe4a77893) andi    a7, a4, -438
core   0: 3 0x80003824 (0xe4a77893) x17 0x0000060a
core   0: 0x80003828 (0x41348fb3) sub     t6, s1, s3
core   0: 3 0x80003828 (0x41348fb3) x31 0xa0b5a000
core   0: 0x8000382c (0x0f5ff893) andi    a7, t6, 245
core   0: 3 0x8000382c (0x0f5ff893) x17 0x00000000
core   0: 0x80003830 (0x41970cb3) sub     s9, a4, s9
core   0: 3 0x80003830 (0x41970cb3) x25 0x00000901
core   0: 0x80003834 (0xe5128193) addi    gp, t0, -431
core   0: 3 0x80003834 (0xe5128193) x 3 0xfffffe51
core   0: 0x80003838 (0x015673b3) and     t2, a2, s5
core   0: 3 0x80003838 (0x015673b3) x 7 0x00000000
core   0: 0x8000383c (0x8f698a93) addi    s5, s3, -1802
core   0: 3 0x8000383c (0x8f698a93) x21 0x7ffff8f6
core   0: 0x80003840 (0xa2c5c637) lui     a2, 0xa2c5c
core   0: 3 0x80003840 (0xa2c5c637) x12 0xa2c5c000
core   0: 0x80003844 (0x01848d33) add     s10, s1, s8
core   0: 3 0x80003844 (0x01848d33) x26 0x20b5a000
core   0: 0x80003848 (0x3a23e013) ori     zero, t2, 930
core   0: 3 0x80003848 (0x3a23e013)
core   0: 0x8000384c (0xb2664613) xori    a2, a2, -1242
core   0: 3 0x8000384c (0xb2664613) x12 0x5d3a3b26
core   0: 0x80003850 (0x00a0a8b3) slt     a7, ra, a0
core   0: 3 0x80003850 (0x00a0a8b3) x17 0x00000000
core   0: 0x80003854 (0x417e5c33) sra     s8, t3, s7
core   0: 3 0x80003854 (0x417e5c33) x24 0xffffffff
core   0: 0x80003858 (0x41ca5333) sra     t1, s4, t3
core   0: 3 0x80003858 (0x41ca5333) x 6 0x00000000
core   0: 0x8000385c (0x0830b493) sltiu   s1, ra, 131
core   0: 3 0x8000385c (0x0830b493) x 9 0x00000000
core   0: 0x80003860 (0xb594f693) andi    a3, s1, -1191
core   0: 3 0x80003860 (0xb594f693) x13 0x00000000
core   0: 0x80003864 (0x417bd8b3) sra     a7, s7, s7
core   0: 3 0x80003864 (0x417bd8b3) x17 0xffff063f
core   0: 0x80003868 (0x01c286b3) add     a3, t0, t3
core   0: 3 0x80003868 (0x01c286b3) x13 0xffffff5f
core   0: 0x8000386c (0x00000013) nop
core   0: 3 0x8000386c (0x00000013)
core   0: 0x80003870 (0x0042c833) xor     a6, t0, tp
core   0: 3 0x80003870 (0x0042c833) x16 0x80011e64
core   0: 0x80003874 (0xbd886413) ori     s0, a6, -1064
core   0: 3 0x80003874 (0xbd886413) x 8 0xfffffffc
core   0: 0x80003878 (0x017f1333) sll     t1, t5, s7
core   0: 3 0x80003878 (0x017f1333) x 6 0x48770000
core   0: 0x8000387c (0x01bec833) xor     a6, t4, s11
core   0: 3 0x8000387c (0x01bec833) x16 0x32c9a7f4
core   0: 0x80003880 (0x35243eb7) lui     t4, 0x35243
core   0: 3 0x80003880 (0x35243eb7) x29 0x35243000
core   0: 0x80003884 (0x01269633) sll     a2, a3, s2
core   0: 3 0x80003884 (0x01269633) x12 0x7c000000
core   0: 0x80003888 (0x01a85bb3) srl     s7, a6, s10
core   0: 3 0x80003888 (0x01a85bb3) x23 0x32c9a7f4
core   0: 0x8000388c (0x01d211b3) sll     gp, tp, t4
core   0: 3 0x8000388c (0x01d211b3) x 3 0x80011e64
core   0: 0x80003890 (0x5e7cec37) lui     s8, 0x5e7ce
core   0: 3 0x80003890 (0x5e7cec37) x24 0x5e7ce000
core   0: 0x80003894 (0xe10dbf13) sltiu   t5, s11, -496
core   0: 3 0x80003894 (0xe10dbf13) x30 0x00000001
core   0: 0x80003898 (0x01daa933) slt     s2, s5, t4
core   0: 3 0x80003898 (0x01daa933) x18 0x00000000
core   0: 0x8000389c (0x001b9eb3) sll     t4, s7, ra
core   0: 3 0x8000389c (0x001b9eb3) x29 0x00000000
core   0: 0x800038a0 (0xd6cee193) ori     gp, t4, -660
core   0: 3 0x800038a0 (0xd6cee193) x 3 0xfffffd6c
core   0: 0x800038a4 (0xb421bb93) sltiu   s7, gp, -1214
core   0: 3 0x800038a4 (0xb421bb93) x23 0x00000000
core   0: 0x800038a8 (0xfb690413) addi    s0, s2, -74
core   0: 3 0x800038a8 (0xfb690413) x 8 0xffffffb6
core   0: 0x800038ac (0xb4407c93) andi    s9, zero, -1212
core   0: 3 0x800038ac (0xb4407c93) x25 0x00000000
core   0: 0x800038b0 (0x0130b7b3) sltu    a5, ra, s3
core   0: 3 0x800038b0 (0x0130b7b3) x15 0x00000000
core   0: 0x800038b4 (0x00db0133) add     sp, s6, a3
core   0: 3 0x800038b4 (0x00db0133) x 2 0xffffff5f
core   0: 0x800038b8 (0x40a2d833) sra     a6, t0, a0
core   0: 3 0x800038b8 (0x40a2d833) x16 0x00000000
core   0: 0x800038bc (0xf890d2b7) lui     t0, 0xf890d
core   0: 3 0x800038bc (0xf890d2b7) x 5 0xf890d000
core   0: 0x800038c0 (0x0656e293) ori     t0, a3, 101
core   0: 3 0x800038c0 (0x0656e293) x 5 0xffffff7f
core   0: 0x800038c4 (0x001970b3) and     ra, s2, ra
core   0: 3 0x800038c4 (0x001970b3) x 1 0x00000000
core   0: 0x800038c8 (0x011401b3) add     gp, s0, a7
core   0: 3 0x800038c8 (0x011401b3) x 3 0xffff05f5
core   0: 0x800038cc (0xe5067c93) andi    s9, a2, -432
core   0: 3 0x800038cc (0xe5067c93) x25 0x7c000000
core   0: 0x800038d0 (0x016cfc33) and     s8, s9, s6
core   0: 3 0x800038d0 (0x016cfc33) x24 0x00000000
core   0: 0x800038d4 (0x40278a33) sub     s4, a5, sp
core   0: 3 0x800038d4 (0x40278a33) x20 0x000000a1
core   0: 0x800038d8 (0x00141633) sll     a2, s0, ra
core   0: 3 0x800038d8 (0x00141633) x12 0xffffffb6
core   0: 0x800038dc (0x370d5db7) lui     s11, 0x370d5
core   0: 3 0x800038dc (0x370d5db7) x27 0x370d5000
core   0: 0x800038e0 (0x017e2333) slt     t1, t3, s7
core   0: 3 0x800038e0 (0x017e2333) x 6 0x00000001
core   0: 0x800038e4 (0x00c15d13) srli    s10, sp, 12
core   0: 3 0x800038e4 (0x00c15d13) x26 0x000fffff
core   0: 0x800038e8 (0x010886b3) add     a3, a7, a6
core   0: 3 0x800038e8 (0x010886b3) x13 0xffff063f
core   0: 0x800038ec (0x00000013) nop
core   0: 3 0x800038ec (0x00000013)
core   0: 0x800038f0 (0x62d8c913) xori    s2, a7, 1581
core   0: 3 0x800038f0 (0x62d8c913) x18 0xffff0012
core   0: 0x800038f4 (0xa2e5a4b7) lui     s1, 0xa2e5a
core   0: 3 0x800038f4 (0xa2e5a4b7) x 9 0xa2e5a000
core   0: 0x800038f8 (0x00c19613) slli    a2, gp, 12
core   0: 3 0x800038f8 (0x00c19613) x12 0xf05f5000
core   0: 0x800038fc (0x68dffe13) andi    t3, t6, 1677
core   0: 3 0x800038fc (0x68dffe13) x28 0x00000000
core   0: 0x80003900 (0x0170b433) sltu    s0, ra, s7
core   0: 3 0x80003900 (0x0170b433) x 8 0x00000000
core   0: 0x80003904 (0x7d21cb93) xori    s7, gp, 2002
core   0: 3 0x80003904 (0x7d21cb93) x23 0xffff0227
core   0: 0x80003908 (0x010e9c13) slli    s8, t4, 16
core   0: 3 0x80003908 (0x010e9c13) x24 0x00000000
core   0: 0x8000390c (0x01fda033) slt     zero, s11, t6
core   0: 3 0x8000390c (0x01fda033)
core   0: 0x80003910 (0xa7754a93) xori    s5, a0, -1417
core   0: 3 0x80003910 (0xa7754a93) x21 0x7ffea693
core   0: 0x80003914 (0x004abfb3) sltu    t6, s5, tp
core   0: 3 0x80003914 (0x004abfb3) x31 0x00000001
core   0: 0x80003918 (0x01852e33) slt     t3, a0, s8
core   0: 3 0x80003918 (0x01852e33) x28 0x00000001
core   0: 0x8000391c (0x402bd8b3) sra     a7, s7, sp
core   0: 3 0x8000391c (0x402bd8b3) x17 0xffffffff
core   0: 0x80003920 (0x41d38c33) sub     s8, t2, t4
core   0: 3 0x80003920 (0x41d38c33) x24 0x00000000
core   0: 0x80003924 (0x01f1d313) srli    t1, gp, 31
core   0: 3 0x80003924 (0x01f1d313) x 6 0x00000001
core   0: 0x80003928 (0x013eb433) sltu    s0, t4, s3
core   0: 3 0x80003928 (0x013eb433) x 8 0x00000001
core   0: 0x8000392c (0x008e9e13) slli    t3, t4, 8
core   0: 3 0x8000392c (0x008e9e13) x28 0x00000000
core   0: 0x80003930 (0xbd217413) andi    s0, sp, -1070
core   0: 3 0x80003930 (0xbd217413) x 8 0xfffffb52
core   0: 0x80003934 (0x3bfa4013) xori    zero, s4, 959
core   0: 3 0x80003934 (0x3bfa4013)
core   0: 0x80003938 (0x352d8693) addi    a3, s11, 850
core   0: 3 0x80003938 (0x352d8693) x13 0x370d5352
core   0: 0x8000393c (0x7f37fb97) auipc   s7, 0x7f37f
core   0: 3 0x8000393c (0x7f37fb97) x23 0xff38293c
core   0: 0x80003940 (0x77ec5d97) auipc   s11, 0x77ec5
core   0: 3 0x80003940 (0x77ec5d97) x27 0xf7ec8940
core   0: 0x80003944 (0xe0d1eb93) ori     s7, gp, -499
core   0: 3 0x80003944 (0xe0d1eb93) x23 0xfffffffd
core   0: 0x80003948 (0x01f35a13) srli    s4, t1, 31
core   0: 3 0x80003948 (0x01f35a13) x20 0x00000000
core   0: 0x8000394c (0x001aa833) slt     a6, s5, ra
core   0: 3 0x8000394c (0x001aa833) x16 0x00000000
core   0: 0x80003950 (0x002a0033) add     zero, s4, sp
core   0: 3 0x80003950 (0x002a0033)
core   0: 0x80003954 (0x6795f713) andi    a4, a1, 1657
core   0: 3 0x80003954 (0x6795f713) x14 0x00000429
core   0: 0x80003958 (0x01a97833) and     a6, s2, s10
core   0: 3 0x80003958 (0x01a97833) x16 0x000f0012
core   0: 0x8000395c (0x005f6a33) or      s4, t5, t0
core   0: 3 0x8000395c (0x005f6a33) x20 0xffffff7f
core   0: 0x80003960 (0x00000093) li      ra, 0
core   0: 3 0x80003960 (0x00000093) x 1 0x00000000
core   0: 0x80003964 (0xfff00813) li      a6, -1
core   0: 3 0x80003964 (0xfff00813) x16 0xffffffff
core   0: 0x80003968 (0x80000337) lui     t1, 0x80000
core   0: 3 0x80003968 (0x80000337) x 6 0x80000000
core   0: 0x8000396c (0x00000c93) li      s9, 0
core   0: 3 0x8000396c (0x00000c93) x25 0x00000000
core   0: 0x80003970 (0x00000913) li      s2, 0
core   0: 3 0x80003970 (0x00000913) x18 0x00000000
core   0: 0x80003974 (0x80000737) lui     a4, 0x80000
core   0: 3 0x80003974 (0x80000737) x14 0x80000000
core   0: 0x80003978 (0x80000ab7) lui     s5, 0x80000
core   0: 3 0x80003978 (0x80000ab7) x21 0x80000000
core   0: 0x8000397c (0x80000e37) lui     t3, 0x80000
core   0: 3 0x8000397c (0x80000e37) x28 0x80000000
core   0: 0x80003980 (0xfff00613) li      a2, -1
core   0: 3 0x80003980 (0xfff00613) x12 0xffffffff
core   0: 0x80003984 (0x800008b7) lui     a7, 0x80000
core   0: 3 0x80003984 (0x800008b7) x17 0x80000000
core   0: 0x80003988 (0x41288333) sub     t1, a7, s2
core   0: 3 0x80003988 (0x41288333) x 6 0x80000000
core   0: 0x8000398c (0xd70c8613) addi    a2, s9, -656
core   0: 3 0x8000398c (0xd70c8613) x12 0xfffffd70
core   0: 0x80003990 (0x40ee0933) sub     s2, t3, a4
core   0: 3 0x80003990 (0x40ee0933) x18 0x00000000
core   0: 0x80003994 (0x38ef0937) lui     s2, 0x38ef0
core   0: 3 0x80003994 (0x38ef0937) x18 0x38ef0000
core   0: 0x80003998 (0x419a8633) sub     a2, s5, s9
core   0: 3 0x80003998 (0x419a8633) x12 0x80000000
core   0: 0x8000399c (0x4a331917) auipc   s2, 0x4a331
core   0: 3 0x8000399c (0x4a331917) x18 0xca33499c
core   0: 0x800039a0 (0x00000013) nop
core   0: 3 0x800039a0 (0x00000013)
core   0: 0x800039a4 (0xa2dc8937) lui     s2, 0xa2dc8
core   0: 3 0x800039a4 (0xa2dc8937) x18 0xa2dc8000
core   0: 0x800039a8 (0x14b60a93) addi    s5, a2, 331
core   0: 3 0x800039a8 (0x14b60a93) x21 0x8000014b
core   0: 0x800039ac (0x01908633) add     a2, ra, s9
core   0: 3 0x800039ac (0x01908633) x12 0x00000000
core   0: 0x800039b0 (0xb3524817) auipc   a6, 0xb3524
core   0: 3 0x800039b0 (0xb3524817) x16 0x335279b0
core   0: 0x800039b4 (0x006a8933) add     s2, s5, t1
core   0: 3 0x800039b4 (0x006a8933) x18 0x0000014b
core   0: 0x800039b8 (0x6c060613) addi    a2, a2, 1728
core   0: 3 0x800039b8 (0x6c060613) x12 0x000006c0
core   0: 0x800039bc (0x01190733) add     a4, s2, a7
core   0: 3 0x800039bc (0x01190733) x14 0x8000014b
core   0: 0x800039c0 (0x401908b3) sub     a7, s2, ra
core   0: 3 0x800039c0 (0x401908b3) x17 0x0000014b
core   0: 0x800039c4 (0x15d53737) lui     a4, 0x15d53
core   0: 3 0x800039c4 (0x15d53737) x14 0x15d53000
core   0: 0x800039c8 (0x41c90733) sub     a4, s2, t3
core   0: 3 0x800039c8 (0x41c90733) x14 0x8000014b
core   0: 0x800039cc (0x00000013) nop
core   0: 3 0x800039cc (0x00000013)
core   0: 0x800039d0 (0x411a8633) sub     a2, s5, a7
core   0: 3 0x800039d0 (0x411a8633) x12 0x80000000
core   0: 0x800039d4 (0x16ca8a93) addi    s5, s5, 364
core   0: 3 0x800039d4 (0x16ca8a93) x21 0x800002b7
core   0: 0x800039d8 (0x0a26b917) auipc   s2, 0xa26b
core   0: 3 0x800039d8 (0x0a26b917) x18 0x8a26e9d8
core   0: 0x800039dc (0x00000013) nop
core   0: 3 0x800039dc (0x00000013)
core   0: 0x800039e0 (0x7bfa8713) addi    a4, s5, 1983
core   0: 3 0x800039e0 (0x7bfa8713) x14 0x80000a76
core   0: 0x800039e4 (0x41190833) sub     a6, s2, a7
core   0: 3 0x800039e4 (0x41190833) x16 0x8a26e88d
core   0: 0x800039e8 (0x7a68a937) lui     s2, 0x7a68a
core   0: 3 0x800039e8 (0x7a68a937) x18 0x7a68a000
core   0: 0x800039ec (0x001c8ab3) add     s5, s9, ra
core   0: 3 0x800039ec (0x001c8ab3) x21 0x00000000
core   0: 0x800039f0 (0x41170cb3) sub     s9, a4, a7
core   0: 3 0x800039f0 (0x41170cb3) x25 0x8000092b
core   0: 0x800039f4 (0x011232b3) sltu    t0, tp, a7
core   0: 3 0x800039f4 (0x011232b3) x 5 0x00000000
core   0: 0x800039f8 (0x732577b7) lui     a5, 0x73257
core   0: 3 0x800039f8 (0x732577b7) x15 0x73257000
core   0: 0x800039fc (0xdb278793) addi    a5, a5, -590
core   0: 3 0x800039fc (0xdb278793) x15 0x73256db2
core   0: 0x80003a00 (0x8d1e9a37) lui     s4, 0x8d1e9
core   0: 3 0x80003a00 (0x8d1e9a37) x20 0x8d1e9000
core   0: 0x80003a04 (0xcd4a0a13) addi    s4, s4, -812
core   0: 3 0x80003a04 (0xcd4a0a13) x20 0x8d1e8cd4
core   0: 0x80003a08 (0x80000137) lui     sp, 0x80000
core   0: 3 0x80003a08 (0x80000137) x 2 0x80000000
core   0: 0x80003a0c (0x00000093) li      ra, 0
core   0: 3 0x80003a0c (0x00000093) x 1 0x00000000
core   0: 0x80003a10 (0x80000437) lui     s0, 0x80000
core   0: 3 0x80003a10 (0x80000437) x 8 0x80000000
core   0: 0x80003a14 (0x80000bb7) lui     s7, 0x80000
core   0: 3 0x80003a14 (0x80000bb7) x23 0x80000000
core   0: 0x80003a18 (0x00000193) li      gp, 0
core   0: 3 0x80003a18 (0x00000193) x 3 0x00000000
core   0: 0x80003a1c (0xfff00493) li      s1, -1
core   0: 3 0x80003a1c (0xfff00493) x 9 0xffffffff
core   0: 0x80003a20 (0xfff00e13) li      t3, -1
core   0: 3 0x80003a20 (0xfff00e13) x28 0xffffffff
core   0: 0x80003a24 (0xfff00293) li      t0, -1
core   0: 3 0x80003a24 (0xfff00293) x 5 0xffffffff
core   0: 0x80003a28 (0x0f63f417) auipc   s0, 0xf63f
core   0: 3 0x80003a28 (0x0f63f417) x 8 0x8f642a28
core   0: 0x80003a2c (0x979a0413) addi    s0, s4, -1671
core   0: 3 0x80003a2c (0x979a0413) x 8 0x8d1e864d
core   0: 0x80003a30 (0x00000013) nop
core   0: 3 0x80003a30 (0x00000013)
core   0: 0x80003a34 (0x00000013) nop
core   0: 3 0x80003a34 (0x00000013)
core   0: 0x80003a38 (0xe365b797) auipc   a5, 0xe365b
core   0: 3 0x80003a38 (0xe365b797) x15 0x6365ea38
core   0: 0x80003a3c (0x79010193) addi    gp, sp, 1936
core   0: 3 0x80003a3c (0x79010193) x 3 0x80000790
core   0: 0x80003a40 (0x60092e17) auipc   t3, 0x60092
core   0: 3 0x80003a40 (0x60092e17) x28 0xe0095a40
core   0: 0x80003a44 (0xa85fe797) auipc   a5, 0xa85fe
core   0: 3 0x80003a44 (0xa85fe797) x15 0x28601a44
core   0: 0x80003a48 (0x477472b7) lui     t0, 0x47747
core   0: 3 0x80003a48 (0x477472b7) x 5 0x47747000
core   0: 0x80003a4c (0x0b650137) lui     sp, 0xb650
core   0: 3 0x80003a4c (0x0b650137) x 2 0x0b650000
core   0: 0x80003a50 (0x00000013) nop
core   0: 3 0x80003a50 (0x00000013)
core   0: 0x80003a54 (0x2ebfb7b7) lui     a5, 0x2ebfb
core   0: 3 0x80003a54 (0x2ebfb7b7) x15 0x2ebfb000
core   0: 0x80003a58 (0x40848bb3) sub     s7, s1, s0
core   0: 3 0x80003a58 (0x40848bb3) x23 0x72e179b2
core   0: 0x80003a5c (0x405a01b3) sub     gp, s4, t0
core   0: 3 0x80003a5c (0x405a01b3) x 3 0x45aa1cd4
core   0: 0x80003a60 (0x98880137) lui     sp, 0x98880
core   0: 3 0x80003a60 (0x98880137) x 2 0x98880000
core   0: 0x80003a64 (0x53d6b7b7) lui     a5, 0x53d6b
core   0: 3 0x80003a64 (0x53d6b7b7) x15 0x53d6b000
core   0: 0x80003a68 (0x6dda3013) sltiu   zero, s4, 1757
core   0: 3 0x80003a68 (0x6dda3013)
core   0: 0x80003a6c (0x004d1c13) slli    s8, s10, 4
core   0: 3 0x80003a6c (0x004d1c13) x24 0x00fffff0
core   0: 0x80003a70 (0x00356d33) or      s10, a0, gp
core   0: 3 0x80003a70 (0x00356d33) x26 0xc5ab5cf4
core   0: 0x80003a74 (0x00cc7e33) and     t3, s8, a2
core   0: 3 0x80003a74 (0x00cc7e33) x28 0x00000000
core   0: 0x80003a78 (0x52000f13) li      t5, 1312
core   0: 3 0x80003a78 (0x52000f13) x30 0x00000520
core   0: 0x80003a7c (0x00000013) nop
core   0: 3 0x80003a7c (0x00000013)
core   0: 0x80003a80 (0x127a2313) slti    t1, s4, 295
core   0: 3 0x80003a80 (0x127a2313) x 6 0x00000001
core   0: 0x80003a84 (0x0111fbb3) and     s7, gp, a7
core   0: 3 0x80003a84 (0x0111fbb3) x23 0x00000040
core   0: 0x80003a88 (0x408901b3) sub     gp, s2, s0
core   0: 3 0x80003a88 (0x408901b3) x 3 0xed4a19b3
core   0: 0x80003a8c (0x40695f13) srai    t5, s2, 6
core   0: 3 0x80003a8c (0x40695f13) x30 0x01e9a280
core   0: 0x80003a90 (0x01de9a13) slli    s4, t4, 29
core   0: 3 0x80003a90 (0x01de9a13) x20 0x00000000
core   0: 0x80003a94 (0x40b48ab3) sub     s5, s1, a1
core   0: 3 0x80003a94 (0x40b48ab3) x21 0xf75ad356
core   0: 0x80003a98 (0xbbec3313) sltiu   t1, s8, -1090
core   0: 3 0x80003a98 (0xbbec3313) x 6 0x00000001
core   0: 0x80003a9c (0x0038a1b3) slt     gp, a7, gp
core   0: 3 0x80003a9c (0x0038a1b3) x 3 0x00000000
core   0: 0x80003aa0 (0x41ed5f13) srai    t5, s10, 30
core   0: 3 0x80003aa0 (0x41ed5f13) x30 0xffffffff
core   0: 0x80003aa4 (0x00f6d933) srl     s2, a3, a5
core   0: 3 0x80003aa4 (0x00f6d933) x18 0x370d5352
core   0: 0x80003aa8 (0x00e12db3) slt     s11, sp, a4
core   0: 3 0x80003aa8 (0x00e12db3) x27 0x00000000
core   0: 0x80003aac (0x00c496b3) sll     a3, s1, a2
core   0: 3 0x80003aac (0x00c496b3) x13 0xffffffff
core   0: 0x80003ab0 (0xd8dca497) auipc   s1, 0xd8dca
core   0: 3 0x80003ab0 (0xd8dca497) x 9 0x58dcdab0
core   0: 0x80003ab4 (0x001e6a33) or      s4, t3, ra
core   0: 3 0x80003ab4 (0x001e6a33) x20 0x00000000
core   0: 0x80003ab8 (0xe60fe317) auipc   t1, 0xe60fe
core   0: 3 0x80003ab8 (0xe60fe317) x 6 0x66101ab8
core   0: 0x80003abc (0x013b4333) xor     t1, s6, s3
core   0: 3 0x80003abc (0x013b4333) x 6 0x80000000
core   0: 0x80003ac0 (0x6c286937) lui     s2, 0x6c286
core   0: 3 0x80003ac0 (0x6c286937) x18 0x6c286000
core   0: 0x80003ac4 (0x00553333) sltu    t1, a0, t0
core   0: 3 0x80003ac4 (0x00553333) x 6 0x00000000
core   0: 0x80003ac8 (0x01885393) srli    t2, a6, 24
core   0: 3 0x80003ac8 (0x01885393) x 7 0x0000008a
core   0: 0x80003acc (0x404a8db3) sub     s11, s5, tp
core   0: 3 0x80003acc (0x404a8db3) x27 0x7759b4f2
core   0: 0x80003ad0 (0x41c75793) srai    a5, a4, 28
core   0: 3 0x80003ad0 (0x41c75793) x15 0xfffffff8
core   0: 0x80003ad4 (0xff9cc593) xori    a1, s9, -7
core   0: 3 0x80003ad4 (0xff9cc593) x11 0x7ffff6d2
core   0: 0x80003ad8 (0x01d09d13) slli    s10, ra, 29
core   0: 3 0x80003ad8 (0x01d09d13) x26 0x00000000
core   0: 0x80003adc (0xf51c26b7) lui     a3, 0xf51c2
core   0: 3 0x80003adc (0xf51c26b7) x13 0xf51c2000
core   0: 0x80003ae0 (0x00555613) srli    a2, a0, 5
core   0: 3 0x80003ae0 (0x00555613) x12 0x04000ae7
core   0: 0x80003ae4 (0x01952833) slt     a6, a0, s9
core   0: 3 0x80003ae4 (0x01952833) x16 0x00000000
core   0: 0x80003ae8 (0x1bbabd93) sltiu   s11, s5, 443
core   0: 3 0x80003ae8 (0x1bbabd93) x27 0x00000000
core   0: 0x80003aec (0x41bd0033) sub     zero, s10, s11
core   0: 3 0x80003aec (0x41bd0033)
core   0: 0x80003af0 (0x0012e0b3) or      ra, t0, ra
core   0: 3 0x80003af0 (0x0012e0b3) x 1 0x47747000
core   0: 0x80003af4 (0x01f44633) xor     a2, s0, t6
core   0: 3 0x80003af4 (0x01f44633) x12 0x8d1e864c
core   0: 0x80003af8 (0x012a0633) add     a2, s4, s2
core   0: 3 0x80003af8 (0x012a0633) x12 0x6c286000
core   0: 0x80003afc (0xa9c64c13) xori    s8, a2, -1380
core   0: 3 0x80003afc (0xa9c64c13) x24 0x93d79a9c
core   0: 0x80003b00 (0xa864e893) ori     a7, s1, -1402
core   0: 3 0x80003b00 (0xa864e893) x17 0xfffffab6
core   0: 0x80003b04 (0xccf96b93) ori     s7, s2, -817
core   0: 3 0x80003b04 (0xccf96b93) x23 0xfffffccf
core   0: 0x80003b08 (0xc5236113) ori     sp, t1, -942
core   0: 3 0x80003b08 (0xc5236113) x 2 0xfffffc52
core   0: 0x80003b0c (0x0127b0b3) sltu    ra, a5, s2
core   0: 3 0x80003b0c (0x0127b0b3) x 1 0x00000000
core   0: 0x80003b10 (0xd0ca9c37) lui     s8, 0xd0ca9
core   0: 3 0x80003b10 (0xd0ca9c37) x24 0xd0ca9000
core   0: 0x80003b14 (0x00cc3433) sltu    s0, s8, a2
core   0: 3 0x80003b14 (0x00cc3433) x 8 0x00000000
core   0: 0x80003b18 (0x40eed913) srai    s2, t4, 14
core   0: 3 0x80003b18 (0x40eed913) x18 0x00000000
core   0: 0x80003b1c (0x3e29e313) ori     t1, s3, 994
core   0: 3 0x80003b1c (0x3e29e313) x 6 0x800003e2
core   0: 0x80003b20 (0x47258293) addi    t0, a1, 1138
core   0: 3 0x80003b20 (0x47258293) x 5 0x7ffffb44
core   0: 0x80003b24 (0x409257b3) sra     a5, tp, s1
core   0: 3 0x80003b24 (0x409257b3) x15 0xffff8001
core   0: 0x80003b28 (0x00000013) nop
core   0: 3 0x80003b28 (0x00000013)
core   0: 0x80003b2c (0x75313413) sltiu   s0, sp, 1875
core   0: 3 0x80003b2c (0x75313413) x 8 0x00000000
core   0: 0x80003b30 (0x34ecc693) xori    a3, s9, 846
core   0: 3 0x80003b30 (0x34ecc693) x13 0x80000a65
core   0: 0x80003b34 (0x40b9da13) srai    s4, s3, 11
core   0: 3 0x80003b34 (0x40b9da13) x20 0xfff00000
core   0: 0x80003b38 (0x01e3e833) or      a6, t2, t5
core   0: 3 0x80003b38 (0x01e3e833) x16 0xffffffff
core   0: 0x80003b3c (0x01aea8b3) slt     a7, t4, s10
core   0: 3 0x80003b3c (0x01aea8b3) x17 0x00000000
core   0: 0x80003b40 (0x01c44433) xor     s0, s0, t3
core   0: 3 0x80003b40 (0x01c44433) x 8 0x00000000
core   0: 0x80003b44 (0x01831593) slli    a1, t1, 24
core   0: 3 0x80003b44 (0x01831593) x11 0xe2000000
core   0: 0x80003b48 (0x4081d893) srai    a7, gp, 8
core   0: 3 0x80003b48 (0x4081d893) x17 0x00000000
core   0: 0x80003b4c (0x000a1c33) sll     s8, s4, zero
core   0: 3 0x80003b4c (0x000a1c33) x24 0xfff00000
core   0: 0x80003b50 (0x002472b3) and     t0, s0, sp
core   0: 3 0x80003b50 (0x002472b3) x 5 0x00000000
core   0: 0x80003b54 (0x0103b833) sltu    a6, t2, a6
core   0: 3 0x80003b54 (0x0103b833) x16 0x00000001
core   0: 0x80003b58 (0x68fba193) slti    gp, s7, 1679
core   0: 3 0x80003b58 (0x68fba193) x 3 0x00000001
core   0: 0x80003b5c (0x00528333) add     t1, t0, t0
core   0: 3 0x80003b5c (0x00528333) x 6 0x00000000
core   0: 0x80003b60 (0x41ce5813) srai    a6, t3, 28
core   0: 3 0x80003b60 (0x41ce5813) x16 0x00000000
core   0: 0x80003b64 (0x01715933) srl     s2, sp, s7
core   0: 3 0x80003b64 (0x01715933) x18 0x0001ffff
core   0: 0x80003b68 (0x40330eb3) sub     t4, t1, gp
core   0: 3 0x80003b68 (0x40330eb3) x29 0xffffffff
core   0: 0x80003b6c (0x004c2e33) slt     t3, s8, tp
core   0: 3 0x80003b6c (0x004c2e33) x28 0x00000000
core   0: 0x80003b70 (0x98420913) addi    s2, tp, -1660
core   0: 3 0x80003b70 (0x98420913) x18 0x800117e8
core   0: 0x80003b74 (0x419fd413) srai    s0, t6, 25
core   0: 3 0x80003b74 (0x419fd413) x 8 0x00000000
core   0: 0x80003b78 (0x014e04b3) add     s1, t3, s4
core   0: 3 0x80003b78 (0x014e04b3) x 9 0xfff00000
core   0: 0x80003b7c (0x4106d913) srai    s2, a3, 16
core   0: 3 0x80003b7c (0x4106d913) x18 0xffff8000
core   0: 0x80003b80 (0x017ab433) sltu    s0, s5, s7
core   0: 3 0x80003b80 (0x017ab433) x 8 0x00000001
core   0: 0x80003b84 (0x90e83493) sltiu   s1, a6, -1778
core   0: 3 0x80003b84 (0x90e83493) x 9 0x00000001
core   0: 0x80003b88 (0x41e387b3) sub     a5, t2, t5
core   0: 3 0x80003b88 (0x41e387b3) x15 0x0000008b
core   0: 0x80003b8c (0x40088d33) sub     s10, a7, zero
core   0: 3 0x80003b8c (0x40088d33) x26 0x00000000
core   0: 0x80003b90 (0x00000013) nop
core   0: 3 0x80003b90 (0x00000013)
core   0: 0x80003b94 (0x41db5433) sra     s0, s6, t4
core   0: 3 0x80003b94 (0x41db5433) x 8 0x00000000
core   0: 0x80003b98 (0x41465693) srai    a3, a2, 20
core   0: 3 0x80003b98 (0x41465693) x13 0x000006c2
core   0: 0x80003b9c (0x0364c0b7) lui     ra, 0x364c
core   0: 3 0x80003b9c (0x0364c0b7) x 1 0x0364c000
core   0: 0x80003ba0 (0x00e871b3) and     gp, a6, a4
core   0: 3 0x80003ba0 (0x00e871b3) x 3 0x00000000
core   0: 0x80003ba4 (0x01c58cb3) add     s9, a1, t3
core   0: 3 0x80003ba4 (0x01c58cb3) x25 0xe2000000
core   0: 0x80003ba8 (0x417f5413) srai    s0, t5, 23
core   0: 3 0x80003ba8 (0x417f5413) x 8 0xffffffff
core   0: 0x80003bac (0x009c1013) slli    zero, s8, 9
core   0: 3 0x80003bac (0x009c1013)
core   0: 0x80003bb0 (0x01181113) slli    sp, a6, 17
core   0: 3 0x80003bb0 (0x01181113) x 2 0x00000000
core   0: 0x80003bb4 (0x41bc5693) srai    a3, s8, 27
core   0: 3 0x80003bb4 (0x41bc5693) x13 0xffffffff
core   0: 0x80003bb8 (0xd143c037) lui     zero, 0xd143c
core   0: 3 0x80003bb8 (0xd143c037)
core   0: 0x80003bbc (0x96ec2313) slti    t1, s8, -1682
core   0: 3 0x80003bbc (0x96ec2313) x 6 0x00000001
core   0: 0x80003bc0 (0x00000013) nop
core   0: 3 0x80003bc0 (0x00000013)
core   0: 0x80003bc4 (0x4b4e6713) ori     a4, t3, 1204
core   0: 3 0x80003bc4 (0x4b4e6713) x14 0x000004b4
core   0: 0x80003bc8 (0x398ae0b7) lui     ra, 0x398ae
core   0: 3 0x80003bc8 (0x398ae0b7) x 1 0x398ae000
core   0: 0x80003bcc (0x00d75a13) srli    s4, a4, 13
core   0: 3 0x80003bcc (0x00d75a13) x20 0x00000000
core   0: 0x80003bd0 (0xece08b13) addi    s6, ra, -306
core   0: 3 0x80003bd0 (0xece08b13) x22 0x398adece
core   0: 0x80003bd4 (0x00000013) nop
core   0: 3 0x80003bd4 (0x00000013)
core   0: 0x80003bd8 (0x005b9cb3) sll     s9, s7, t0
core   0: 3 0x80003bd8 (0x005b9cb3) x25 0xfffffccf
core   0: 0x80003bdc (0x01a5c733) xor     a4, a1, s10
core   0: 3 0x80003bdc (0x01a5c733) x14 0xe2000000
core   0: 0x80003be0 (0x865e3393) sltiu   t2, t3, -1947
core   0: 3 0x80003be0 (0x865e3393) x 7 0x00000001
core   0: 0x80003be4 (0x79564b13) xori    s6, a2, 1941
core   0: 3 0x80003be4 (0x79564b13) x22 0x6c286795
core   0: 0x80003be8 (0xeb8b00b7) lui     ra, 0xeb8b0
core   0: 3 0x80003be8 (0xeb8b00b7) x 1 0xeb8b0000
core   0: 0x80003bec (0x24348793) addi    a5, s1, 579
core   0: 3 0x80003bec (0x24348793) x15 0x00000244
core   0: 0x80003bf0 (0x37173913) sltiu   s2, a4, 881
core   0: 3 0x80003bf0 (0x37173913) x18 0x00000000
core   0: 0x80003bf4 (0xee1e8a93) addi    s5, t4, -287
core   0: 3 0x80003bf4 (0xee1e8a93) x21 0xfffffee0
core   0: 0x80003bf8 (0xde80ab93) slti    s7, ra, -536
core   0: 3 0x80003bf8 (0xde80ab93) x23 0x00000001
core   0: 0x80003bfc (0x2044f397) auipc   t2, 0x2044f
core   0: 3 0x80003bfc (0x2044f397) x 7 0xa0452bfc
core   0: 0x80003c00 (0x00000013) nop
core   0: 3 0x80003c00 (0x00000013)
core   0: 0x80003c04 (0x01991913) slli    s2, s2, 25
core   0: 3 0x80003c04 (0x01991913) x18 0x00000000
core   0: 0x80003c08 (0x215b0913) addi    s2, s6, 533
core   0: 3 0x80003c08 (0x215b0913) x18 0x6c2869aa
core   0: 0x80003c0c (0x00759a93) slli    s5, a1, 7
core   0: 3 0x80003c0c (0x00759a93) x21 0x00000000
core   0: 0x80003c10 (0xae298413) addi    s0, s3, -1310
core   0: 3 0x80003c10 (0xae298413) x 8 0x7ffffae2
core   0: 0x80003c14 (0x40e9d033) sra     zero, s3, a4
core   0: 3 0x80003c14 (0x40e9d033)
core   0: 0x80003c18 (0x008a50b3) srl     ra, s4, s0
core   0: 3 0x80003c18 (0x008a50b3) x 1 0x00000000
core   0: 0x80003c1c (0x01acdb13) srli    s6, s9, 26
core   0: 3 0x80003c1c (0x01acdb13) x22 0x0000003f
core   0: 0x80003c20 (0x00c8dc13) srli    s8, a7, 12
core   0: 3 0x80003c20 (0x00c8dc13) x24 0x00000000
core   0: 0x80003c24 (0x3b7c3413) sltiu   s0, s8, 951
core   0: 3 0x80003c24 (0x3b7c3413) x 8 0x00000001
core   0: 0x80003c28 (0x005d5fb3) srl     t6, s10, t0
core   0: 3 0x80003c28 (0x005d5fb3) x31 0x00000000
core   0: 0x80003c2c (0x9aac1eb7) lui     t4, 0x9aac1
core   0: 3 0x80003c2c (0x9aac1eb7) x29 0x9aac1000
core   0: 0x80003c30 (0xaec39b37) lui     s6, 0xaec39
core   0: 3 0x80003c30 (0xaec39b37) x22 0xaec39000
core   0: 0x80003c34 (0x7525f093) andi    ra, a1, 1874
core   0: 3 0x80003c34 (0x7525f093) x 1 0x00000000
core   0: 0x80003c38 (0x01763cb3) sltu    s9, a2, s7
core   0: 3 0x80003c38 (0x01763cb3) x25 0x00000000
core   0: 0x80003c3c (0x41c30d33) sub     s10, t1, t3
core   0: 3 0x80003c3c (0x41c30d33) x26 0x00000001
core   0: 0x80003c40 (0x017d08b3) add     a7, s10, s7
core   0: 3 0x80003c40 (0x017d08b3) x17 0x00000002
core   0: 0x80003c44 (0x66262f93) slti    t6, a2, 1634
core   0: 3 0x80003c44 (0x66262f93) x31 0x00000000
core   0: 0x80003c48 (0x002c9f93) slli    t6, s9, 2
core   0: 3 0x80003c48 (0x002c9f93) x31 0x00000000
core   0: 0x80003c4c (0x00308c33) add     s8, ra, gp
core   0: 3 0x80003c4c (0x00308c33) x24 0x00000000
core   0: 0x80003c50 (0x01d2dbb3) srl     s7, t0, t4
core   0: 3 0x80003c50 (0x01d2dbb3) x23 0x00000000
core   0: 0x80003c54 (0x00b8d593) srli    a1, a7, 11
core   0: 3 0x80003c54 (0x00b8d593) x11 0x00000000
core   0: 0x80003c58 (0x419addb3) sra     s11, s5, s9
core   0: 3 0x80003c58 (0x419addb3) x27 0x00000000
core   0: 0x80003c5c (0x01f31933) sll     s2, t1, t6
core   0: 3 0x80003c5c (0x01f31933) x18 0x00000001
core   0: 0x80003c60 (0x00000013) nop
core   0: 3 0x80003c60 (0x00000013)
core   0: 0x80003c64 (0x0036b933) sltu    s2, a3, gp
core   0: 3 0x80003c64 (0x0036b933) x18 0x00000000
core   0: 0x80003c68 (0x002b1633) sll     a2, s6, sp
core   0: 3 0x80003c68 (0x002b1633) x12 0xaec39000
core   0: 0x80003c6c (0x1ce9bf93) sltiu   t6, s3, 462
core   0: 3 0x80003c6c (0x1ce9bf93) x31 0x00000000
core   0: 0x80003c70 (0x002b7cb3) and     s9, s6, sp
core   0: 3 0x80003c70 (0x002b7cb3) x25 0x00000000
core   0: 0x80003c74 (0x00000013) nop
core   0: 3 0x80003c74 (0x00000013)
core   0: 0x80003c78 (0x017841b3) xor     gp, a6, s7
core   0: 3 0x80003c78 (0x017841b3) x 3 0x00000000
core   0: 0x80003c7c (0xed0ff413) andi    s0, t6, -304
core   0: 3 0x80003c7c (0xed0ff413) x 8 0x00000000
core   0: 0x80003c80 (0x005208b3) add     a7, tp, t0
core   0: 3 0x80003c80 (0x005208b3) x17 0x80011e64
core   0: 0x80003c84 (0x0097d5b3) srl     a1, a5, s1
core   0: 3 0x80003c84 (0x0097d5b3) x11 0x00000122
core   0: 0x80003c88 (0xa0360d97) auipc   s11, 0xa0360
core   0: 3 0x80003c88 (0xa0360d97) x27 0x20363c88
core   0: 0x80003c8c (0x61741117) auipc   sp, 0x61741
core   0: 3 0x80003c8c (0x61741117) x 2 0xe1744c8c
core   0: 0x80003c90 (0x0cf5bc97) auipc   s9, 0xcf5b
core   0: 3 0x80003c90 (0x0cf5bc97) x25 0x8cf5ec90
core   0: 0x80003c94 (0x40055c33) sra     s8, a0, zero
core   0: 3 0x80003c94 (0x40055c33) x24 0x80015ce4
core   0: 0x80003c98 (0xab96b913) sltiu   s2, a3, -1351
core   0: 3 0x80003c98 (0xab96b913) x18 0x00000000
core   0: 0x80003c9c (0x4c897b93) andi    s7, s2, 1224
core   0: 3 0x80003c9c (0x4c897b93) x23 0x00000000
core   0: 0x80003ca0 (0x01efdfb3) srl     t6, t6, t5
core   0: 3 0x80003ca0 (0x01efdfb3) x31 0x00000000
core   0: 0x80003ca4 (0x00fbd893) srli    a7, s7, 15
core   0: 3 0x80003ca4 (0x00fbd893) x17 0x00000000
core   0: 0x80003ca8 (0x402c0db3) sub     s11, s8, sp
core   0: 3 0x80003ca8 (0x402c0db3) x27 0x9e8d1058
core   0: 0x80003cac (0x00768eb3) add     t4, a3, t2
core   0: 3 0x80003cac (0x00768eb3) x29 0xa0452bfb
core   0: 0x80003cb0 (0x018203b3) add     t2, tp, s8
core   0: 3 0x80003cb0 (0x018203b3) x 7 0x00027b48
core   0: 0x80003cb4 (0x4105deb3) sra     t4, a1, a6
core   0: 3 0x80003cb4 (0x4105deb3) x29 0x00000122
core   0: 0x80003cb8 (0x011153b3) srl     t2, sp, a7
core   0: 3 0x80003cb8 (0x011153b3) x 7 0xe1744c8c
core   0: 0x80003cbc (0x00dc5b93) srli    s7, s8, 13
core   0: 3 0x80003cbc (0x00dc5b93) x23 0x0004000a
core   0: 0x80003cc0 (0x00ccce33) xor     t3, s9, a2
core   0: 3 0x80003cc0 (0x00ccce33) x28 0x22367c90
core   0: 0x80003cc4 (0x00c58c33) add     s8, a1, a2
core   0: 3 0x80003cc4 (0x00c58c33) x24 0xaec39122
core   0: 0x80003cc8 (0x8ab10a93) addi    s5, sp, -1877
core   0: 3 0x80003cc8 (0x8ab10a93) x21 0xe1744537
core   0: 0x80003ccc (0x010b37b3) sltu    a5, s6, a6
core   0: 3 0x80003ccc (0x010b37b3) x15 0x00000000
core   0: 0x80003cd0 (0x401c84b3) sub     s1, s9, ra
core   0: 3 0x80003cd0 (0x401c84b3) x 9 0x8cf5ec90
core   0: 0x80003cd4 (0x40558b33) sub     s6, a1, t0
core   0: 3 0x80003cd4 (0x40558b33) x22 0x00000122
core   0: 0x80003cd8 (0x00a1d1b3) srl     gp, gp, a0
core   0: 3 0x80003cd8 (0x00a1d1b3) x 3 0x00000000
core   0: 0x80003cdc (0x73977193) andi    gp, a4, 1849
core   0: 3 0x80003cdc (0x73977193) x 3 0x00000000
core   0: 0x80003ce0 (0x41ecdbb3) sra     s7, s9, t5
core   0: 3 0x80003ce0 (0x41ecdbb3) x23 0xffffffff
core   0: 0x80003ce4 (0x016b7db3) and     s11, s6, s6
core   0: 3 0x80003ce4 (0x016b7db3) x27 0x00000122
core   0: 0x80003ce8 (0x0007d933) srl     s2, a5, zero
core   0: 3 0x80003ce8 (0x0007d933) x18 0x00000000
core   0: 0x80003cec (0xfe2ebd37) lui     s10, 0xfe2eb
core   0: 3 0x80003cec (0xfe2ebd37) x26 0xfe2eb000
core   0: 0x80003cf0 (0x40dcd713) srai    a4, s9, 13
core   0: 3 0x80003cf0 (0x40dcd713) x14 0xfffc67af
core   0: 0x80003cf4 (0x00b81893) slli    a7, a6, 11
core   0: 3 0x80003cf4 (0x00b81893) x17 0x00000000
core   0: 0x80003cf8 (0x0ebf8793) addi    a5, t6, 235
core   0: 3 0x80003cf8 (0x0ebf8793) x15 0x000000eb
core   0: 0x80003cfc (0xbf63e413) ori     s0, t2, -1034
core   0: 3 0x80003cfc (0xbf63e413) x 8 0xfffffffe
core   0: 0x80003d00 (0x4bfe6593) ori     a1, t3, 1215
core   0: 3 0x80003d00 (0x4bfe6593) x11 0x22367cbf
core   0: 0x80003d04 (0xec007597) auipc   a1, 0xec007
core   0: 3 0x80003d04 (0xec007597) x11 0x6c00ad04
core   0: 0x80003d08 (0x009e3cb3) sltu    s9, t3, s1
core   0: 3 0x80003d08 (0x009e3cb3) x25 0x00000001
core   0: 0x80003d0c (0xdb71ff93) andi    t6, gp, -585
core   0: 3 0x80003d0c (0xdb71ff93) x31 0x00000000
core   0: 0x80003d10 (0x00556c33) or      s8, a0, t0
core   0: 3 0x80003d10 (0x00556c33) x24 0x80015ce4
core   0: 0x80003d14 (0x34204c97) auipc   s9, 0x34204
core   0: 3 0x80003d14 (0x34204c97) x25 0xb4207d14
core   0: 0x80003d18 (0x41060a33) sub     s4, a2, a6
core   0: 3 0x80003d18 (0x41060a33) x20 0xaec39000
core   0: 0x80003d1c (0x00ef0a33) add     s4, t5, a4
core   0: 3 0x80003d1c (0x00ef0a33) x20 0xfffc67ae
core   0: 0x80003d20 (0x40e6d333) sra     t1, a3, a4
core   0: 3 0x80003d20 (0x40e6d333) x 6 0xffffffff
core   0: 0x80003d24 (0x5ed1ec13) ori     s8, gp, 1517
core   0: 3 0x80003d24 (0x5ed1ec13) x24 0x000005ed
core   0: 0x80003d28 (0x009b3c33) sltu    s8, s6, s1
core   0: 3 0x80003d28 (0x009b3c33) x24 0x00000001
core   0: 0x80003d2c (0x01519d93) slli    s11, gp, 21
core   0: 3 0x80003d2c (0x01519d93) x27 0x00000000
core   0: 0x80003d30 (0x009c7eb3) and     t4, s8, s1
core   0: 3 0x80003d30 (0x009c7eb3) x29 0x00000000
core   0: 0x80003d34 (0x18893493) sltiu   s1, s2, 392
core   0: 3 0x80003d34 (0x18893493) x 9 0x00000001
core   0: 0x80003d38 (0x000e3c33) sltu    s8, t3, zero
core   0: 3 0x80003d38 (0x000e3c33) x24 0x00000000
core   0: 0x80003d3c (0x006d3833) sltu    a6, s10, t1
core   0: 3 0x80003d3c (0x006d3833) x16 0x00000001
core   0: 0x80003d40 (0x01ec1133) sll     sp, s8, t5
core   0: 3 0x80003d40 (0x01ec1133) x 2 0x00000000
core   0: 0x80003d44 (0x00d2bfb3) sltu    t6, t0, a3
core   0: 3 0x80003d44 (0x00d2bfb3) x31 0x00000001
core   0: 0x80003d48 (0x4018dc33) sra     s8, a7, ra
core   0: 3 0x80003d48 (0x4018dc33) x24 0x00000000
core   0: 0x80003d4c (0x004f21b3) slt     gp, t5, tp
core   0: 3 0x80003d4c (0x004f21b3) x 3 0x00000000
core   0: 0x80003d50 (0x003e1133) sll     sp, t3, gp
core   0: 3 0x80003d50 (0x003e1133) x 2 0x22367c90
core   0: 0x80003d54 (0x018de333) or      t1, s11, s8
core   0: 3 0x80003d54 (0x018de333) x 6 0x00000000
core   0: 0x80003d58 (0x00cc1cb3) sll     s9, s8, a2
core   0: 3 0x80003d58 (0x00cc1cb3) x25 0x00000000
core   0: 0x80003d5c (0xf29ef793) andi    a5, t4, -215
core   0: 3 0x80003d5c (0xf29ef793) x15 0x00000000
core   0: 0x80003d60 (0x00680eb3) add     t4, a6, t1
core   0: 3 0x80003d60 (0x00680eb3) x29 0x00000001
core   0: 0x80003d64 (0x08824293) xori    t0, tp, 136
core   0: 3 0x80003d64 (0x08824293) x 5 0x80011eec
core   0: 0x80003d68 (0x00c8f733) and     a4, a7, a2
core   0: 3 0x80003d68 (0x00c8f733) x14 0x00000000
core   0: 0x80003d6c (0x01ad8c33) add     s8, s11, s10
core   0: 3 0x80003d6c (0x01ad8c33) x24 0xfe2eb000
core   0: 0x80003d70 (0x00efdb93) srli    s7, t6, 14
core   0: 3 0x80003d70 (0x00efdb93) x23 0x00000000
core   0: 0x80003d74 (0x01842d33) slt     s10, s0, s8
core   0: 3 0x80003d74 (0x01842d33) x26 0x00000000
core   0: 0x80003d78 (0x01df2933) slt     s2, t5, t4
core   0: 3 0x80003d78 (0x01df2933) x18 0x00000001
core   0: 0x80003d7c (0x00f3f2b3) and     t0, t2, a5
core   0: 3 0x80003d7c (0x00f3f2b3) x 5 0x00000000
core   0: 0x80003d80 (0x88340f93) addi    t6, s0, -1917
core   0: 3 0x80003d80 (0x88340f93) x31 0xfffff881
core   0: 0x80003d84 (0x00c298b3) sll     a7, t0, a2
core   0: 3 0x80003d84 (0x00c298b3) x17 0x00000000
core   0: 0x80003d88 (0x00316033) or      zero, sp, gp
core   0: 3 0x80003d88 (0x00316033)
core   0: 0x80003d8c (0xa5484913) xori    s2, a6, -1452
core   0: 3 0x80003d8c (0xa5484913) x18 0xfffffa55
core   0: 0x80003d90 (0x01806db3) or      s11, zero, s8
core   0: 3 0x80003d90 (0x01806db3) x27 0xfe2eb000
core   0: 0x80003d94 (0x00f67333) and     t1, a2, a5
core   0: 3 0x80003d94 (0x00f67333) x 6 0x00000000
core   0: 0x80003d98 (0x00188ab3) add     s5, a7, ra
core   0: 3 0x80003d98 (0x00188ab3) x21 0x00000000
core   0: 0x80003d9c (0x005e8133) add     sp, t4, t0
core   0: 3 0x80003d9c (0x005e8133) x 2 0x00000001
core   0: 0x80003da0 (0x4160db33) sra     s6, ra, s6
core   0: 3 0x80003da0 (0x4160db33) x22 0x00000000
core   0: 0x80003da4 (0x7bf76713) ori     a4, a4, 1983
core   0: 3 0x80003da4 (0x7bf76713) x14 0x000007bf
core   0: 0x80003da8 (0xda08a593) slti    a1, a7, -608
core   0: 3 0x80003da8 (0xda08a593) x11 0x00000000
core   0: 0x80003dac (0x81836493) ori     s1, t1, -2024
core   0: 3 0x80003dac (0x81836493) x 9 0xfffff818
core   0: 0x80003db0 (0x003018b3) sll     a7, zero, gp
core   0: 3 0x80003db0 (0x003018b3) x17 0x00000000
core   0: 0x80003db4 (0x40c1dd13) srai    s10, gp, 12
core   0: 3 0x80003db4 (0x40c1dd13) x26 0x00000000
core   0: 0x80003db8 (0x9169f913) andi    s2, s3, -1770
core   0: 3 0x80003db8 (0x9169f913) x18 0x80000000
core   0: 0x80003dbc (0x01dacfb3) xor     t6, s5, t4
core   0: 3 0x80003dbc (0x01dacfb3) x31 0x00000001
core   0: 0x80003dc0 (0x2caa0613) addi    a2, s4, 714
core   0: 3 0x80003dc0 (0x2caa0613) x12 0xfffc6a78
core   0: 0x80003dc4 (0x00dd2eb3) slt     t4, s10, a3
core   0: 3 0x80003dc4 (0x00dd2eb3) x29 0x00000000
core   0: 0x80003dc8 (0x00049933) sll     s2, s1, zero
core   0: 3 0x80003dc8 (0x00049933) x18 0xfffff818
core   0: 0x80003dcc (0x0053f933) and     s2, t2, t0
core   0: 3 0x80003dcc (0x0053f933) x18 0x00000000
core   0: 0x80003dd0 (0x01c414b3) sll     s1, s0, t3
core   0: 3 0x80003dd0 (0x01c414b3) x 9 0xfffe0000
core   0: 0x80003dd4 (0x00022db3) slt     s11, tp, zero
core   0: 3 0x80003dd4 (0x00022db3) x27 0x00000001
core   0: 0x80003dd8 (0x40f65833) sra     a6, a2, a5
core   0: 3 0x80003dd8 (0x40f65833) x16 0xfffc6a78
core   0: 0x80003ddc (0xf8a63037) lui     zero, 0xf8a63
core   0: 3 0x80003ddc (0xf8a63037)
core   0: 0x80003de0 (0x40eb8a33) sub     s4, s7, a4
core   0: 3 0x80003de0 (0x40eb8a33) x20 0xfffff841
core   0: 0x80003de4 (0xa0c201b7) lui     gp, 0xa0c20
core   0: 3 0x80003de4 (0xa0c201b7) x 3 0xa0c20000
core   0: 0x80003de8 (0x00b503b3) add     t2, a0, a1
core   0: 3 0x80003de8 (0x00b503b3) x 7 0x80015ce4
core   0: 0x80003dec (0x01b75913) srli    s2, a4, 27
core   0: 3 0x80003dec (0x01b75913) x18 0x00000000
core   0: 0x80003df0 (0x007181b3) add     gp, gp, t2
core   0: 3 0x80003df0 (0x007181b3) x 3 0x20c35ce4
core   0: 0x80003df4 (0x007fefb3) or      t6, t6, t2
core   0: 3 0x80003df4 (0x007fefb3) x31 0x80015ce5
core   0: 0x80003df8 (0x96bff113) andi    sp, t6, -1685
core   0: 3 0x80003df8 (0x96bff113) x 2 0x80015861
core   0: 0x80003dfc (0x01a4dd33) srl     s10, s1, s10
core   0: 3 0x80003dfc (0x01a4dd33) x26 0xfffe0000
core   0: 0x80003e00 (0x67042a13) slti    s4, s0, 1648
core   0: 3 0x80003e00 (0x67042a13) x20 0x00000001
core   0: 0x80003e04 (0x417d5b33) sra     s6, s10, s7
core   0: 3 0x80003e04 (0x417d5b33) x22 0xfffe0000
core   0: 0x80003e08 (0x00482333) slt     t1, a6, tp
core   0: 3 0x80003e08 (0x00482333) x 6 0x00000000
core   0: 0x80003e0c (0x003298b3) sll     a7, t0, gp
core   0: 3 0x80003e0c (0x003298b3) x17 0x00000000
core   0: 0x80003e10 (0x00000013) nop
core   0: 3 0x80003e10 (0x00000013)
core   0: 0x80003e14 (0x01bb2933) slt     s2, s6, s11
core   0: 3 0x80003e14 (0x01bb2933) x18 0x00000001
core   0: 0x80003e18 (0x00c95f93) srli    t6, s2, 12
core   0: 3 0x80003e18 (0x00c95f93) x31 0x00000000
core   0: 0x80003e1c (0x4b148b93) addi    s7, s1, 1201
core   0: 3 0x80003e1c (0x4b148b93) x23 0xfffe04b1
core   0: 0x80003e20 (0x00000013) nop
core   0: 3 0x80003e20 (0x00000013)
core   0: 0x80003e24 (0x0bd94837) lui     a6, 0xbd94
core   0: 3 0x80003e24 (0x0bd94837) x16 0x0bd94000
core   0: 0x80003e28 (0x5cfe4d93) xori    s11, t3, 1487
core   0: 3 0x80003e28 (0x5cfe4d93) x27 0x2236795f
core   0: 0x80003e2c (0xaf70f493) andi    s1, ra, -1289
core   0: 3 0x80003e2c (0xaf70f493) x 9 0x00000000
core   0: 0x80003e30 (0x0428e193) ori     gp, a7, 66
core   0: 3 0x80003e30 (0x0428e193) x 3 0x00000042
core   0: 0x80003e34 (0x009d5f93) srli    t6, s10, 9
core   0: 3 0x80003e34 (0x009d5f93) x31 0x007fff00
core   0: 0x80003e38 (0x402cd633) sra     a2, s9, sp
core   0: 3 0x80003e38 (0x402cd633) x12 0x00000000
core   0: 0x80003e3c (0x0178b033) sltu    zero, a7, s7
core   0: 3 0x80003e3c (0x0178b033)
core   0: 0x80003e40 (0xbc3d9117) auipc   sp, 0xbc3d9
core   0: 3 0x80003e40 (0xbc3d9117) x 2 0x3c3dce40
core   0: 0x80003e44 (0x414606b3) sub     a3, a2, s4
core   0: 3 0x80003e44 (0x414606b3) x13 0xffffffff
core   0: 0x80003e48 (0x01ef8cb3) add     s9, t6, t5
core   0: 3 0x80003e48 (0x01ef8cb3) x25 0x007ffeff
core   0: 0x80003e4c (0xe2a26413) ori     s0, tp, -470
core   0: 3 0x80003e4c (0xe2a26413) x 8 0xfffffe6e
core   0: 0x80003e50 (0x0006df33) srl     t5, a3, zero
core   0: 3 0x80003e50 (0x0006df33) x30 0xffffffff
core   0: 0x80003e54 (0x00745b13) srli    s6, s0, 7
core   0: 3 0x80003e54 (0x00745b13) x22 0x01fffffc
core   0: 0x80003e58 (0xccdbc193) xori    gp, s7, -819
core   0: 3 0x80003e58 (0xccdbc193) x 3 0x0001f87c
core   0: 0x80003e5c (0x7a9e0d93) addi    s11, t3, 1961
core   0: 3 0x80003e5c (0x7a9e0d93) x27 0x22368439
core   0: 0x80003e60 (0x0147abb3) slt     s7, a5, s4
core   0: 3 0x80003e60 (0x0147abb3) x23 0x00000001
core   0: 0x80003e64 (0x41335193) srai    gp, t1, 19
core   0: 3 0x80003e64 (0x41335193) x 3 0x00000000
core   0: 0x80003e68 (0x004723b3) slt     t2, a4, tp
core   0: 3 0x80003e68 (0x004723b3) x 7 0x00000000
core   0: 0x80003e6c (0x518e2f13) slti    t5, t3, 1304
core   0: 3 0x80003e6c (0x518e2f13) x30 0x00000000
core   0: 0x80003e70 (0x01c313b3) sll     t2, t1, t3
core   0: 3 0x80003e70 (0x01c313b3) x 7 0x00000000
core   0: 0x80003e74 (0x00214cb3) xor     s9, sp, sp
core   0: 3 0x80003e74 (0x00214cb3) x25 0x00000000
core   0: 0x80003e78 (0x638cce93) xori    t4, s9, 1592
core   0: 3 0x80003e78 (0x638cce93) x29 0x00000638
core   0: 0x80003e7c (0x8c26a013) slti    zero, a3, -1854
core   0: 3 0x80003e7c (0x8c26a013)
core   0: 0x80003e80 (0xb26ce413) ori     s0, s9, -1242
core   0: 3 0x80003e80 (0xb26ce413) x 8 0xfffffb26
core   0: 0x80003e84 (0x006bb4b3) sltu    s1, s7, t1
core   0: 3 0x80003e84 (0x006bb4b3) x 9 0x00000000
core   0: 0x80003e88 (0x06b20b93) addi    s7, tp, 107
core   0: 3 0x80003e88 (0x06b20b93) x23 0x80011ecf
core   0: 0x80003e8c (0x00b0f633) and     a2, ra, a1
core   0: 3 0x80003e8c (0x00b0f633) x12 0x00000000
core   0: 0x80003e90 (0x00eda1b3) slt     gp, s11, a4
core   0: 3 0x80003e90 (0x00eda1b3) x 3 0x00000000
core   0: 0x80003e94 (0x016e1013) slli    zero, t3, 22
core   0: 3 0x80003e94 (0x016e1013)
core   0: 0x80003e98 (0x014b4fb3) xor     t6, s6, s4
core   0: 3 0x80003e98 (0x014b4fb3) x31 0x01fffffd
core   0: 0x80003e9c (0x01a8cbb3) xor     s7, a7, s10
core   0: 3 0x80003e9c (0x01a8cbb3) x23 0xfffe0000
core   0: 0x80003ea0 (0x01318e33) add     t3, gp, s3
core   0: 3 0x80003ea0 (0x01318e33) x28 0x80000000
core   0: 0x80003ea4 (0xa2d6bc97) auipc   s9, 0xa2d6b
core   0: 3 0x80003ea4 (0xa2d6bc97) x25 0x22d6eea4
core   0: 0x80003ea8 (0x00d16a33) or      s4, sp, a3
core   0: 3 0x80003ea8 (0x00d16a33) x20 0xffffffff
core   0: 0x80003eac (0x00000013) nop
core   0: 3 0x80003eac (0x00000013)
core   0: 0x80003eb0 (0x00000013) nop
core   0: 3 0x80003eb0 (0x00000013)
core   0: 0x80003eb4 (0x6e410193) addi    gp, sp, 1764
core   0: 3 0x80003eb4 (0x6e410193) x 3 0x3c3dd524
core   0: 0x80003eb8 (0x018098b3) sll     a7, ra, s8
core   0: 3 0x80003eb8 (0x018098b3) x17 0x00000000
core   0: 0x80003ebc (0x0071c733) xor     a4, gp, t2
core   0: 3 0x80003ebc (0x0071c733) x14 0x3c3dd524
core   0: 0x80003ec0 (0x1d7d2293) slti    t0, s10, 471
core   0: 3 0x80003ec0 (0x1d7d2293) x 5 0x00000001
core   0: 0x80003ec4 (0x0f7b6a93) ori     s5, s6, 247
core   0: 3 0x80003ec4 (0x0f7b6a93) x21 0x01ffffff
core   0: 0x80003ec8 (0x004ad013) srli    zero, s5, 4
core   0: 3 0x80003ec8 (0x004ad013)
core   0: 0x80003ecc (0x00cd7d33) and     s10, s10, a2
core   0: 3 0x80003ecc (0x00cd7d33) x26 0x00000000
core   0: 0x80003ed0 (0x01b53033) sltu    zero, a0, s11
core   0: 3 0x80003ed0 (0x01b53033)
core   0: 0x80003ed4 (0x0129d0b3) srl     ra, s3, s2
core   0: 3 0x80003ed4 (0x0129d0b3) x 1 0x40000000
core   0: 0x80003ed8 (0x01a055b3) srl     a1, zero, s10
core   0: 3 0x80003ed8 (0x01a055b3) x11 0x00000000
core   0: 0x80003edc (0x01620033) add     zero, tp, s6
core   0: 3 0x80003edc (0x01620033)
core   0: 0x80003ee0 (0x40530cb3) sub     s9, t1, t0
core   0: 3 0x80003ee0 (0x40530cb3) x25 0xffffffff
core   0: 0x80003ee4 (0x00000013) nop
core   0: 3 0x80003ee4 (0x00000013)
core   0: 0x80003ee8 (0x7a850913) addi    s2, a0, 1960
core   0: 3 0x80003ee8 (0x7a850913) x18 0x8001648c
core   0: 0x80003eec (0x9c896197) auipc   gp, 0x9c896
core   0: 3 0x80003eec (0x9c896197) x 3 0x1c899eec
core   0: 0x80003ef0 (0xe4476b93) ori     s7, a4, -444
core   0: 3 0x80003ef0 (0xe4476b93) x23 0xffffff64
core   0: 0x80003ef4 (0x004b8d33) add     s10, s7, tp
core   0: 3 0x80003ef4 (0x004b8d33) x26 0x80011dc8
core   0: 0x80003ef8 (0x009db833) sltu    a6, s11, s1
core   0: 3 0x80003ef8 (0x009db833) x16 0x00000000
core   0: 0x80003efc (0x3de33613) sltiu   a2, t1, 990
core   0: 3 0x80003efc (0x3de33613) x12 0x00000001
core   0: 0x80003f00 (0x015f3c33) sltu    s8, t5, s5
core   0: 3 0x80003f00 (0x015f3c33) x24 0x00000001
core   0: 0x80003f04 (0x41160a93) addi    s5, a2, 1041
core   0: 3 0x80003f04 (0x41160a93) x21 0x00000412
core   0: 0x80003f08 (0x01c375b3) and     a1, t1, t3
core   0: 3 0x80003f08 (0x01c375b3) x11 0x00000000
core   0: 0x80003f0c (0x00fe03b3) add     t2, t3, a5
core   0: 3 0x80003f0c (0x00fe03b3) x 7 0x80000000
core   0: 0x80003f10 (0x002f4733) xor     a4, t5, sp
core   0: 3 0x80003f10 (0x002f4733) x14 0x3c3dce40
core   0: 0x80003f14 (0x40f082b3) sub     t0, ra, a5
core   0: 3 0x80003f14 (0x40f082b3) x 5 0x40000000
core   0: 0x80003f18 (0xfc827493) andi    s1, tp, -56
core   0: 3 0x80003f18 (0xfc827493) x 9 0x80011e40
core   0: 0x80003f1c (0x40828a33) sub     s4, t0, s0
core   0: 3 0x80003f1c (0x40828a33) x20 0x400004da
core   0: 0x80003f20 (0x00000433) add     s0, zero, zero
core   0: 3 0x80003f20 (0x00000433) x 8 0x00000000
core   0: 0x80003f24 (0x36666f93) ori     t6, a2, 870
core   0: 3 0x80003f24 (0x36666f93) x31 0x00000367
core   0: 0x80003f28 (0x34bb3d17) auipc   s10, 0x34bb3
core   0: 3 0x80003f28 (0x34bb3d17) x26 0xb4bb6f28
core   0: 0x80003f2c (0x00000013) nop
core   0: 3 0x80003f2c (0x00000013)
core   0: 0x80003f30 (0x01287bb3) and     s7, a6, s2
core   0: 3 0x80003f30 (0x01287bb3) x23 0x00000000
core   0: 0x80003f34 (0xbe53cd37) lui     s10, 0xbe53c
core   0: 3 0x80003f34 (0xbe53cd37) x26 0xbe53c000
core   0: 0x80003f38 (0x01a01e33) sll     t3, zero, s10
core   0: 3 0x80003f38 (0x01a01e33) x28 0x00000000
core   0: 0x80003f3c (0x0176a8b3) slt     a7, a3, s7
core   0: 3 0x80003f3c (0x0176a8b3) x17 0x00000001
core   0: 0x80003f40 (0x003b9633) sll     a2, s7, gp
core   0: 3 0x80003f40 (0x003b9633) x12 0x00000000
core   0: 0x80003f44 (0x00fcd113) srli    sp, s9, 15
core   0: 3 0x80003f44 (0x00fcd113) x 2 0x0001ffff
core   0: 0x80003f48 (0x5f83b113) sltiu   sp, t2, 1528
core   0: 3 0x80003f48 (0x5f83b113) x 2 0x00000000
core   0: 0x80003f4c (0x00d51ab3) sll     s5, a0, a3
core   0: 3 0x80003f4c (0x00d51ab3) x21 0x00000000
core   0: 0x80003f50 (0xe354a613) slti    a2, s1, -459
core   0: 3 0x80003f50 (0xe354a613) x12 0x00000001
core   0: 0x80003f54 (0x05bbc193) xori    gp, s7, 91
core   0: 3 0x80003f54 (0x05bbc193) x 3 0x0000005b
core   0: 0x80003f58 (0x00ead5b3) srl     a1, s5, a4
core   0: 3 0x80003f58 (0x00ead5b3) x11 0x00000000
core   0: 0x80003f5c (0x78cb4f93) xori    t6, s6, 1932
core   0: 3 0x80003f5c (0x78cb4f93) x31 0x01fff870
core   0: 0x80003f60 (0x01392bb3) slt     s7, s2, s3
core   0: 3 0x80003f60 (0x01392bb3) x23 0x00000000
core   0: 0x80003f64 (0x0d118093) addi    ra, gp, 209
core   0: 3 0x80003f64 (0x0d118093) x 1 0x0000012c
core   0: 0x80003f68 (0x006cb8b3) sltu    a7, s9, t1
core   0: 3 0x80003f68 (0x006cb8b3) x17 0x00000000
core   0: 0x80003f6c (0x00cdd713) srli    a4, s11, 12
core   0: 3 0x80003f6c (0x00cdd713) x14 0x00022368
core   0: 0x80003f70 (0x7acecc13) xori    s8, t4, 1964
core   0: 3 0x80003f70 (0x7acecc13) x24 0x00000194
core   0: 0x80003f74 (0x002616b3) sll     a3, a2, sp
core   0: 3 0x80003f74 (0x002616b3) x13 0x00000001
core   0: 0x80003f78 (0x00db7833) and     a6, s6, a3
core   0: 3 0x80003f78 (0x00db7833) x16 0x00000000
core   0: 0x80003f7c (0x01106bb3) or      s7, zero, a7
core   0: 3 0x80003f7c (0x01106bb3) x23 0x00000000
core   0: 0x80003f80 (0x01aff633) and     a2, t6, s10
core   0: 3 0x80003f80 (0x01aff633) x12 0x0053c000
core   0: 0x80003f84 (0x00000013) nop
core   0: 3 0x80003f84 (0x00000013)
core   0: 0x80003f88 (0x00000013) nop
core   0: 3 0x80003f88 (0x00000013)
core   0: 0x80003f8c (0x1c185b17) auipc   s6, 0x1c185
core   0: 3 0x80003f8c (0x1c185b17) x22 0x9c188f8c
core   0: 0x80003f90 (0xc57be293) ori     t0, s7, -937
core   0: 3 0x80003f90 (0xc57be293) x 5 0xfffffc57
core   0: 0x80003f94 (0x01966eb3) or      t4, a2, s9
core   0: 3 0x80003f94 (0x01966eb3) x29 0xffffffff
core   0: 0x80003f98 (0x960ba1b7) lui     gp, 0x960ba
core   0: 3 0x80003f98 (0x960ba1b7) x 3 0x960ba000
core   0: 0x80003f9c (0x01508733) add     a4, ra, s5
core   0: 3 0x80003f9c (0x01508733) x14 0x0000012c
core   0: 0x80003fa0 (0x40395793) srai    a5, s2, 3
core   0: 3 0x80003fa0 (0x40395793) x15 0xf0002c91
core   0: 0x80003fa4 (0x40da5033) sra     zero, s4, a3
core   0: 3 0x80003fa4 (0x40da5033)
core   0: 0x80003fa8 (0x009d8c33) add     s8, s11, s1
core   0: 3 0x80003fa8 (0x009d8c33) x24 0xa237a279
core   0: 0x80003fac (0x1ca9aa13) slti    s4, s3, 458
core   0: 3 0x80003fac (0x1ca9aa13) x20 0x00000001
core   0: 0x80003fb0 (0xf2de4b93) xori    s7, t3, -211
core   0: 3 0x80003fb0 (0xf2de4b93) x23 0xffffff2d
core   0: 0x80003fb4 (0x00000013) nop
core   0: 3 0x80003fb4 (0x00000013)
core   0: 0x80003fb8 (0x0046e2b3) or      t0, a3, tp
core   0: 3 0x80003fb8 (0x0046e2b3) x 5 0x80011e65
core   0: 0x80003fbc (0x633ca013) slti    zero, s9, 1587
core   0: 3 0x80003fbc (0x633ca013)
core   0: 0x80003fc0 (0x01b49e33) sll     t3, s1, s11
core   0: 3 0x80003fc0 (0x01b49e33) x28 0x80000000
core   0: 0x80003fc4 (0x41ce0cb3) sub     s9, t3, t3
core   0: 3 0x80003fc4 (0x41ce0cb3) x25 0x00000000
core   0: 0x80003fc8 (0x015b0733) add     a4, s6, s5
core   0: 3 0x80003fc8 (0x015b0733) x14 0x9c188f8c
core   0: 0x80003fcc (0x00cf1013) slli    zero, t5, 12
core   0: 3 0x80003fcc (0x00cf1013)
core   0: 0x80003fd0 (0x00a5df33) srl     t5, a1, a0
core   0: 3 0x80003fd0 (0x00a5df33) x30 0x00000000
core   0: 0x80003fd4 (0xc9cd2917) auipc   s2, 0xc9cd2
core   0: 3 0x80003fd4 (0xc9cd2917) x18 0x49cd5fd4
core   0: 0x80003fd8 (0xdd2d7593) andi    a1, s10, -558
core   0: 3 0x80003fd8 (0xdd2d7593) x11 0xbe53c000
core   0: 0x80003fdc (0x3c62f793) andi    a5, t0, 966
core   0: 3 0x80003fdc (0x3c62f793) x15 0x00000244
core   0: 0x80003fe0 (0x405a5013) srai    zero, s4, 5
core   0: 3 0x80003fe0 (0x405a5013)
core   0: 0x80003fe4 (0x009b60b3) or      ra, s6, s1
core   0: 3 0x80003fe4 (0x009b60b3) x 1 0x9c199fcc
core   0: 0x80003fe8 (0x5546afb7) lui     t6, 0x5546a
core   0: 3 0x80003fe8 (0x5546afb7) x31 0x5546a000
core   0: 0x80003fec (0x41830db3) sub     s11, t1, s8
core   0: 3 0x80003fec (0x41830db3) x27 0x5dc85d87
core   0: 0x80003ff0 (0x00b396b3) sll     a3, t2, a1
core   0: 3 0x80003ff0 (0x00b396b3) x13 0x80000000
core   0: 0x80003ff4 (0x006c7013) andi    zero, s8, 6
core   0: 3 0x80003ff4 (0x006c7013)
core   0: 0x80003ff8 (0xcd748d93) addi    s11, s1, -809
core   0: 3 0x80003ff8 (0xcd748d93) x27 0x80011b17
core   0: 0x80003ffc (0x01c39593) slli    a1, t2, 28
core   0: 3 0x80003ffc (0x01c39593) x11 0x00000000
core   0: 0x80004000 (0x00000013) nop
core   0: 3 0x80004000 (0x00000013)
core   0: 0x80004004 (0x003a9613) slli    a2, s5, 3
core   0: 3 0x80004004 (0x003a9613) x12 0x00000000
core   0: 0x80004008 (0x0048c133) xor     sp, a7, tp
core   0: 3 0x80004008 (0x0048c133) x 2 0x80011e64
core   0: 0x8000400c (0x4124dab3) sra     s5, s1, s2
core   0: 3 0x8000400c (0x4124dab3) x21 0xfffff800
core   0: 0x80004010 (0x00b0da93) srli    s5, ra, 11
core   0: 3 0x80004010 (0x00b0da93) x21 0x00138333
core   0: 0x80004014 (0x4074d133) sra     sp, s1, t2
core   0: 3 0x80004014 (0x4074d133) x 2 0x80011e40
core   0: 0x80004018 (0xa1a5b593) sltiu   a1, a1, -1510
core   0: 3 0x80004018 (0xa1a5b593) x11 0x00000001
core   0: 0x8000401c (0x008530b3) sltu    ra, a0, s0
core   0: 3 0x8000401c (0x008530b3) x 1 0x00000000
core   0: 0x80004020 (0x004e9eb3) sll     t4, t4, tp
core   0: 3 0x80004020 (0x004e9eb3) x29 0xfffffff0
core   0: 0x80004024 (0x4ea7bb13) sltiu   s6, a5, 1258
core   0: 3 0x80004024 (0x4ea7bb13) x22 0x00000001
core   0: 0x80004028 (0x012a80b3) add     ra, s5, s2
core   0: 3 0x80004028 (0x012a80b3) x 1 0x49e0e307
core   0: 0x8000402c (0x78eefb13) andi    s6, t4, 1934
core   0: 3 0x8000402c (0x78eefb13) x22 0x00000780
core   0: 0x80004030 (0x8aef8713) addi    a4, t6, -1874
core   0: 3 0x80004030 (0x8aef8713) x14 0x554698ae
core   0: 0x80004034 (0xbb3b2117) auipc   sp, 0xbb3b2
core   0: 3 0x80004034 (0xbb3b2117) x 2 0x3b3b6034
core   0: 0x80004038 (0xbab37c93) andi    s9, t1, -1109
core   0: 3 0x80004038 (0xbab37c93) x25 0x00000000
core   0: 0x8000403c (0xdd71b113) sltiu   sp, gp, -553
core   0: 3 0x8000403c (0xdd71b113) x 2 0x00000001
core   0: 0x80004040 (0x01b70033) add     zero, a4, s11
core   0: 3 0x80004040 (0x01b70033)
core   0: 0x80004044 (0x01dbd433) srl     s0, s7, t4
core   0: 3 0x80004044 (0x01dbd433) x 8 0x0000ffff
core   0: 0x80004048 (0x0494a593) slti    a1, s1, 73
core   0: 3 0x80004048 (0x0494a593) x11 0x00000001
core   0: 0x8000404c (0x01c23033) sltu    zero, tp, t3
core   0: 3 0x8000404c (0x01c23033)
core   0: 0x80004050 (0x01d35db3) srl     s11, t1, t4
core   0: 3 0x80004050 (0x01d35db3) x27 0x00000000
core   0: 0x80004054 (0x010bc8b3) xor     a7, s7, a6
core   0: 3 0x80004054 (0x010bc8b3) x17 0xffffff2d
core   0: 0x80004058 (0xe50b4b93) xori    s7, s6, -432
core   0: 3 0x80004058 (0xe50b4b93) x23 0xfffff9d0
core   0: 0x8000405c (0x001fdc33) srl     s8, t6, ra
core   0: 3 0x8000405c (0x001fdc33) x24 0x00aa8d40
core   0: 0x80004060 (0x01975893) srli    a7, a4, 25
core   0: 3 0x80004060 (0x01975893) x17 0x0000002a
core   0: 0x80004064 (0x00e4b433) sltu    s0, s1, a4
core   0: 3 0x80004064 (0x00e4b433) x 8 0x00000000
core   0: 0x80004068 (0x01719c13) slli    s8, gp, 23
core   0: 3 0x80004068 (0x01719c13) x24 0x00000000
core   0: 0x8000406c (0x002023b3) slt     t2, zero, sp
core   0: 3 0x8000406c (0x002023b3) x 7 0x00000001
core   0: 0x80004070 (0x007f6333) or      t1, t5, t2
core   0: 3 0x80004070 (0x007f6333) x 6 0x00000001
core   0: 0x80004074 (0x00000e13) li      t3, 0
core   0: 3 0x80004074 (0x00000e13) x28 0x00000000
core   0: 0x80004078 (0xfff00393) li      t2, -1
core   0: 3 0x80004078 (0xfff00393) x 7 0xffffffff
core   0: 0x8000407c (0x80000b37) lui     s6, 0x80000
core   0: 3 0x8000407c (0x80000b37) x22 0x80000000
core   0: 0x80004080 (0x00000093) li      ra, 0
core   0: 3 0x80004080 (0x00000093) x 1 0x00000000
core   0: 0x80004084 (0x00000c93) li      s9, 0
core   0: 3 0x80004084 (0x00000c93) x25 0x00000000
core   0: 0x80004088 (0x00000c13) li      s8, 0
core   0: 3 0x80004088 (0x00000c13) x24 0x00000000
core   0: 0x8000408c (0xfff00193) li      gp, -1
core   0: 3 0x8000408c (0xfff00193) x 3 0xffffffff
core   0: 0x80004090 (0xfff00693) li      a3, -1
core   0: 3 0x80004090 (0xfff00693) x13 0xffffffff
core   0: 0x80004094 (0x00000913) li      s2, 0
core   0: 3 0x80004094 (0x00000913) x18 0x00000000
core   0: 0x80004098 (0x00000113) li      sp, 0
core   0: 3 0x80004098 (0x00000113) x 2 0x00000000
core   0: 0x8000409c (0x00000013) nop
core   0: 3 0x8000409c (0x00000013)
core   0: 0x800040a0 (0x00d681b3) add     gp, a3, a3
core   0: 3 0x800040a0 (0x00d681b3) x 3 0xfffffffe
core   0: 0x800040a4 (0x018380b3) add     ra, t2, s8
core   0: 3 0x800040a4 (0x018380b3) x 1 0xffffffff
core   0: 0x800040a8 (0x743c1117) auipc   sp, 0x743c1
core   0: 3 0x800040a8 (0x743c1117) x 2 0xf43c50a8
core   0: 0x800040ac (0x002c0c33) add     s8, s8, sp
core   0: 3 0x800040ac (0x002c0c33) x24 0xf43c50a8
core   0: 0x800040b0 (0x22b2cc97) auipc   s9, 0x22b2c
core   0: 3 0x800040b0 (0x22b2cc97) x25 0xa2b300b0
core   0: 0x800040b4 (0x00768cb3) add     s9, a3, t2
core   0: 3 0x800040b4 (0x00768cb3) x25 0xfffffffe
core   0: 0x800040b8 (0x7e1b0113) addi    sp, s6, 2017
core   0: 3 0x800040b8 (0x7e1b0113) x 2 0x800007e1
core   0: 0x800040bc (0x00000013) nop
core   0: 3 0x800040bc (0x00000013)
core   0: 0x800040c0 (0xaee08393) addi    t2, ra, -1298
core   0: 3 0x800040c0 (0xaee08393) x 7 0xfffffaed
core   0: 0x800040c4 (0x69a08113) addi    sp, ra, 1690
core   0: 3 0x800040c4 (0x69a08113) x 2 0x00000699
core   0: 0x800040c8 (0x00000013) nop
core   0: 3 0x800040c8 (0x00000013)
core   0: 0x800040cc (0xf4c44c37) lui     s8, 0xf4c44
core   0: 3 0x800040cc (0xf4c44c37) x24 0xf4c44000
core   0: 0x800040d0 (0x40db06b3) sub     a3, s6, a3
core   0: 3 0x800040d0 (0x40db06b3) x13 0x80000001
core   0: 0x800040d4 (0x00210933) add     s2, sp, sp
core   0: 3 0x800040d4 (0x00210933) x18 0x00000d32
core   0: 0x800040d8 (0x7b48e3b7) lui     t2, 0x7b48e
core   0: 3 0x800040d8 (0x7b48e3b7) x 7 0x7b48e000
core   0: 0x800040dc (0xb6996293) ori     t0, s2, -1175
core   0: 3 0x800040dc (0xb6996293) x 5 0xffffff7b
core   0: 0x800040e0 (0x01ba8d33) add     s10, s5, s11
core   0: 3 0x800040e0 (0x01ba8d33) x26 0x00138333
core   0: 0x800040e4 (0x41cf5933) sra     s2, t5, t3
core   0: 3 0x800040e4 (0x41cf5933) x18 0x00000000
core   0: 0x800040e8 (0x405d02b3) sub     t0, s10, t0
core   0: 3 0x800040e8 (0x405d02b3) x 5 0x001383b8
core   0: 0x800040ec (0x409e5333) sra     t1, t3, s1
core   0: 3 0x800040ec (0x409e5333) x 6 0x00000000
core   0: 0x800040f0 (0xd2681db7) lui     s11, 0xd2681
core   0: 3 0x800040f0 (0xd2681db7) x27 0xd2681000
core   0: 0x800040f4 (0x01a705b3) add     a1, a4, s10
core   0: 3 0x800040f4 (0x01a705b3) x11 0x555a1be1
core   0: 0x800040f8 (0xab6a4013) xori    zero, s4, -1354
core   0: 3 0x800040f8 (0xab6a4013)
core   0: 0x800040fc (0x0178e933) or      s2, a7, s7
core   0: 3 0x800040fc (0x0178e933) x18 0xfffff9fa
core   0: 0x80004100 (0x400ddc33) sra     s8, s11, zero
core   0: 3 0x80004100 (0x400ddc33) x24 0xd2681000
core   0: 0x80004104 (0x657a8393) addi    t2, s5, 1623
core   0: 3 0x80004104 (0x657a8393) x 7 0x0013898a
core   0: 0x80004108 (0x01231ab3) sll     s5, t1, s2
core   0: 3 0x80004108 (0x01231ab3) x21 0x00000000
core   0: 0x8000410c (0x01613cb3) sltu    s9, sp, s6
core   0: 3 0x8000410c (0x01613cb3) x25 0x00000001
core   0: 0x80004110 (0x00f11113) slli    sp, sp, 15
core   0: 3 0x80004110 (0x00f11113) x 2 0x034c8000
core   0: 0x80004114 (0x007e1433) sll     s0, t3, t2
core   0: 3 0x80004114 (0x007e1433) x 8 0x00000000
core   0: 0x80004118 (0x56227593) andi    a1, tp, 1378
core   0: 3 0x80004118 (0x56227593) x11 0x00000460
core   0: 0x8000411c (0xe8d28f97) auipc   t6, 0xe8d28
core   0: 3 0x8000411c (0xe8d28f97) x31 0x68d2c11c
core   0: 0x80004120 (0x89b74e93) xori    t4, a4, -1893
core   0: 3 0x80004120 (0x89b74e93) x29 0xaab96035
core   0: 0x80004124 (0x41075613) srai    a2, a4, 16
core   0: 3 0x80004124 (0x41075613) x12 0x00005546
core   0: 0x80004128 (0x01fd8933) add     s2, s11, t6
core   0: 3 0x80004128 (0x01fd8933) x18 0x3b3ad11c
core   0: 0x8000412c (0x013b1eb3) sll     t4, s6, s3
core   0: 3 0x8000412c (0x013b1eb3) x29 0x80000000
core   0: 0x80004130 (0x01bcd433) srl     s0, s9, s11
core   0: 3 0x80004130 (0x01bcd433) x 8 0x00000001
core   0: 0x80004134 (0x4e5b3b13) sltiu   s6, s6, 1253
core   0: 3 0x80004134 (0x4e5b3b13) x22 0x00000000
core   0: 0x80004138 (0x00ce9613) slli    a2, t4, 12
core   0: 3 0x80004138 (0x00ce9613) x12 0x00000000
core   0: 0x8000413c (0x00a03db3) snez    s11, a0
core   0: 3 0x8000413c (0x00a03db3) x27 0x00000001
core   0: 0x80004140 (0x39bd1a97) auipc   s5, 0x39bd1
core   0: 3 0x80004140 (0x39bd1a97) x21 0xb9bd5140
core   0: 0x80004144 (0xacc1b713) sltiu   a4, gp, -1332
core   0: 3 0x80004144 (0xacc1b713) x14 0x00000000
core   0: 0x80004148 (0x35b4ab93) slti    s7, s1, 859
core   0: 3 0x80004148 (0x35b4ab93) x23 0x00000001
core   0: 0x8000414c (0x405ed113) srai    sp, t4, 5
core   0: 3 0x8000414c (0x405ed113) x 2 0xfc000000
core   0: 0x80004150 (0x10f17a93) andi    s5, sp, 271
core   0: 3 0x80004150 (0x10f17a93) x21 0x00000000
core   0: 0x80004154 (0x8c825337) lui     t1, 0x8c825
core   0: 3 0x80004154 (0x8c825337) x 6 0x8c825000
core   0: 0x80004158 (0xe15b3313) sltiu   t1, s6, -491
core   0: 3 0x80004158 (0xe15b3313) x 6 0x00000001
core   0: 0x8000415c (0x0135f3b3) and     t2, a1, s3
core   0: 3 0x8000415c (0x0135f3b3) x 7 0x00000000
core   0: 0x80004160 (0x010eaf93) slti    t6, t4, 16
core   0: 3 0x80004160 (0x010eaf93) x31 0x00000001
core   0: 0x80004164 (0xbfdf7393) andi    t2, t5, -1027
core   0: 3 0x80004164 (0xbfdf7393) x 7 0x00000000
core   0: 0x80004168 (0x00f25633) srl     a2, tp, a5
core   0: 3 0x80004168 (0x00f25633) x12 0x080011e6
core   0: 0x8000416c (0x91bef913) andi    s2, t4, -1765
core   0: 3 0x8000416c (0x91bef913) x18 0x80000000
core   0: 0x80004170 (0x01a75b13) srli    s6, a4, 26
core   0: 3 0x80004170 (0x01a75b13) x22 0x00000000
core   0: 0x80004174 (0x004c31b3) sltu    gp, s8, tp
core   0: 3 0x80004174 (0x004c31b3) x 3 0x00000000
core   0: 0x80004178 (0x011ed433) srl     s0, t4, a7
core   0: 3 0x80004178 (0x011ed433) x 8 0x00200000
core   0: 0x8000417c (0x01725193) srli    gp, tp, 23
core   0: 3 0x8000417c (0x01725193) x 3 0x00000100
core   0: 0x80004180 (0x00a3afb3) slt     t6, t2, a0
core   0: 3 0x80004180 (0x00a3afb3) x31 0x00000000
core   0: 0x80004184 (0xe6a47893) andi    a7, s0, -406
core   0: 3 0x80004184 (0xe6a47893) x17 0x00200000
core   0: 0x80004188 (0x4152dbb3) sra     s7, t0, s5
core   0: 3 0x80004188 (0x4152dbb3) x23 0x001383b8
core   0: 0x8000418c (0xecbcaf13) slti    t5, s9, -309
core   0: 3 0x8000418c (0xecbcaf13) x30 0x00000000
core   0: 0x80004190 (0x7dc63493) sltiu   s1, a2, 2012
core   0: 3 0x80004190 (0x7dc63493) x 9 0x00000000
core   0: 0x80004194 (0x00abd413) srli    s0, s7, 10
core   0: 3 0x80004194 (0x00abd413) x 8 0x000004e0
core   0: 0x80004198 (0x590aa613) slti    a2, s5, 1424
core   0: 3 0x80004198 (0x590aa613) x12 0x00000001
core   0: 0x8000419c (0x63884313) xori    t1, a6, 1592
core   0: 3 0x8000419c (0x63884313) x 6 0x00000638
core   0: 0x800041a0 (0x0085c433) xor     s0, a1, s0
core   0: 3 0x800041a0 (0x0085c433) x 8 0x00000080
core   0: 0x800041a4 (0x0060a933) slt     s2, ra, t1
core   0: 3 0x800041a4 (0x0060a933) x18 0x00000001
core   0: 0x800041a8 (0x40565e93) srai    t4, a2, 5
core   0: 3 0x800041a8 (0x40565e93) x29 0x00000000
core   0: 0x800041ac (0x4007d313) srai    t1, a5, 0
core   0: 3 0x800041ac (0x4007d313) x 6 0x00000244
core   0: 0x800041b0 (0x401c5833) sra     a6, s8, ra
core   0: 3 0x800041b0 (0x401c5833) x16 0xffffffff
core   0: 0x800041b4 (0x014e9d33) sll     s10, t4, s4
core   0: 3 0x800041b4 (0x014e9d33) x26 0x00000000
core   0: 0x800041b8 (0x8f1f7593) andi    a1, t5, -1807
core   0: 3 0x800041b8 (0x8f1f7593) x11 0x00000000
core   0: 0x800041bc (0x92993193) sltiu   gp, s2, -1751
core   0: 3 0x800041bc (0x92993193) x 3 0x00000001
core   0: 0x800041c0 (0x013ba0b3) slt     ra, s7, s3
core   0: 3 0x800041c0 (0x013ba0b3) x 1 0x00000000
core   0: 0x800041c4 (0x017f6ab3) or      s5, t5, s7
core   0: 3 0x800041c4 (0x017f6ab3) x21 0x001383b8
core   0: 0x800041c8 (0x4079deb3) sra     t4, s3, t2
core   0: 3 0x800041c8 (0x4079deb3) x29 0x80000000
core   0: 0x800041cc (0xfc7ca113) slti    sp, s9, -57
core   0: 3 0x800041cc (0xfc7ca113) x 2 0x00000000
core   0: 0x800041d0 (0x5ff1bd13) sltiu   s10, gp, 1535
core   0: 3 0x800041d0 (0x5ff1bd13) x26 0x00000001
core   0: 0x800041d4 (0x103f2293) slti    t0, t5, 259
core   0: 3 0x800041d4 (0x103f2293) x 5 0x00000001
core   0: 0x800041d8 (0x7d80a313) slti    t1, ra, 2008
core   0: 3 0x800041d8 (0x7d80a313) x 6 0x00000001
core   0: 0x800041dc (0x01ebeab3) or      s5, s7, t5
core   0: 3 0x800041dc (0x01ebeab3) x21 0x001383b8
core   0: 0x800041e0 (0x85760393) addi    t2, a2, -1961
core   0: 3 0x800041e0 (0x85760393) x 7 0xfffff858
core   0: 0x800041e4 (0x0187d793) srli    a5, a5, 24
core   0: 3 0x800041e4 (0x0187d793) x15 0x00000000
core   0: 0x800041e8 (0x44a4a8b7) lui     a7, 0x44a4a
core   0: 3 0x800041e8 (0x44a4a8b7) x17 0x44a4a000
core   0: 0x800041ec (0xfad95817) auipc   a6, 0xfad95
core   0: 3 0x800041ec (0xfad95817) x16 0x7ad991ec
core   0: 0x800041f0 (0x00000013) nop
core   0: 3 0x800041f0 (0x00000013)
core   0: 0x800041f4 (0x0004fb33) and     s6, s1, zero
core   0: 3 0x800041f4 (0x0004fb33) x22 0x00000000
core   0: 0x800041f8 (0xc444a813) slti    a6, s1, -956
core   0: 3 0x800041f8 (0xc444a813) x16 0x00000000
core   0: 0x800041fc (0x415a5d13) srai    s10, s4, 21
core   0: 3 0x800041fc (0x415a5d13) x26 0x00000000
core   0: 0x80004200 (0x00000013) nop
core   0: 3 0x80004200 (0x00000013)
core   0: 0x80004204 (0x01de1193) slli    gp, t3, 29
core   0: 3 0x80004204 (0x01de1193) x 3 0x00000000
core   0: 0x80004208 (0xa9034693) xori    a3, t1, -1392
core   0: 3 0x80004208 (0xa9034693) x13 0xfffffa91
core   0: 0x8000420c (0x419e5a13) srai    s4, t3, 25
core   0: 3 0x8000420c (0x419e5a13) x20 0x00000000
core   0: 0x80004210 (0x01fb5033) srl     zero, s6, t6
core   0: 3 0x80004210 (0x01fb5033)
core   0: 0x80004214 (0x0041e2b3) or      t0, gp, tp
core   0: 3 0x80004214 (0x0041e2b3) x 5 0x80011e64
core   0: 0x80004218 (0x01017cb3) and     s9, sp, a6
core   0: 3 0x80004218 (0x01017cb3) x25 0x00000000
core   0: 0x8000421c (0x2eaee693) ori     a3, t4, 746
core   0: 3 0x8000421c (0x2eaee693) x13 0x800002ea
core   0: 0x80004220 (0x018d17b3) sll     a5, s10, s8
core   0: 3 0x80004220 (0x018d17b3) x15 0x00000000
core   0: 0x80004224 (0x401dd8b3) sra     a7, s11, ra
core   0: 3 0x80004224 (0x401dd8b3) x17 0x00000001
core   0: 0x80004228 (0x00375713) srli    a4, a4, 3
core   0: 3 0x80004228 (0x00375713) x14 0x00000000
core   0: 0x8000422c (0x40cb5113) srai    sp, s6, 12
core   0: 3 0x8000422c (0x40cb5113) x 2 0x00000000
core   0: 0x80004230 (0x0188bcb3) sltu    s9, a7, s8
core   0: 3 0x80004230 (0x0188bcb3) x25 0x00000001
core   0: 0x80004234 (0x014f68b3) or      a7, t5, s4
core   0: 3 0x80004234 (0x014f68b3) x17 0x00000000
core   0: 0x80004238 (0x6a31b613) sltiu   a2, gp, 1699
core   0: 3 0x80004238 (0x6a31b613) x12 0x00000001
core   0: 0x8000423c (0x403cdcb3) sra     s9, s9, gp
core   0: 3 0x8000423c (0x403cdcb3) x25 0x00000001
core   0: 0x80004240 (0x00000013) nop
core   0: 3 0x80004240 (0x00000013)
core   0: 0x80004244 (0x006bb4b3) sltu    s1, s7, t1
core   0: 3 0x80004244 (0x006bb4b3) x 9 0x00000000
core   0: 0x80004248 (0x00000013) nop
core   0: 3 0x80004248 (0x00000013)
core   0: 0x8000424c (0xf98bfd93) andi    s11, s7, -104
core   0: 3 0x8000424c (0xf98bfd93) x27 0x00138398
core   0: 0x80004250 (0x01f5eb33) or      s6, a1, t6
core   0: 3 0x80004250 (0x01f5eb33) x22 0x00000000
core   0: 0x80004254 (0x01c81b93) slli    s7, a6, 28
core   0: 3 0x80004254 (0x01c81b93) x23 0x00000000
core   0: 0x80004258 (0x01f594b3) sll     s1, a1, t6
core   0: 3 0x80004258 (0x01f594b3) x 9 0x00000000
core   0: 0x8000425c (0x01e3c7b3) xor     a5, t2, t5
core   0: 3 0x8000425c (0x01e3c7b3) x15 0xfffff858
core   0: 0x80004260 (0x8c56e937) lui     s2, 0x8c56e
core   0: 3 0x80004260 (0x8c56e937) x18 0x8c56e000
core   0: 0x80004264 (0xa5388093) addi    ra, a7, -1453
core   0: 3 0x80004264 (0xa5388093) x 1 0xfffffa53
core   0: 0x80004268 (0x0078cf33) xor     t5, a7, t2
core   0: 3 0x80004268 (0x0078cf33) x30 0xfffff858
core   0: 0x8000426c (0x53465a37) lui     s4, 0x53465
core   0: 3 0x8000426c (0x53465a37) x20 0x53465000
core   0: 0x80004270 (0x410fd113) srai    sp, t6, 16
core   0: 3 0x80004270 (0x410fd113) x 2 0x00000000
core   0: 0x80004274 (0x0081ea33) or      s4, gp, s0
core   0: 3 0x80004274 (0x0081ea33) x20 0x00000080
core   0: 0x80004278 (0x0069da13) srli    s4, s3, 6
core   0: 3 0x80004278 (0x0069da13) x20 0x02000000
core   0: 0x8000427c (0x011292b3) sll     t0, t0, a7
core   0: 3 0x8000427c (0x011292b3) x 5 0x80011e64
core   0: 0x80004280 (0x41a0d293) srai    t0, ra, 26
core   0: 3 0x80004280 (0x41a0d293) x 5 0xffffffff
core   0: 0x80004284 (0x9fa36b13) ori     s6, t1, -1542
core   0: 3 0x80004284 (0x9fa36b13) x22 0xfffff9fb
core   0: 0x80004288 (0x00f14433) xor     s0, sp, a5
core   0: 3 0x80004288 (0x00f14433) x 8 0xfffff858
core   0: 0x8000428c (0x01c89b33) sll     s6, a7, t3
core   0: 3 0x8000428c (0x01c89b33) x22 0x00000000
core   0: 0x80004290 (0x01b07633) and     a2, zero, s11
core   0: 3 0x80004290 (0x01b07633) x12 0x00000000
core   0: 0x80004294 (0x0016d7b3) srl     a5, a3, ra
core   0: 3 0x80004294 (0x0016d7b3) x15 0x00001000
core   0: 0x80004298 (0x01d15e93) srli    t4, sp, 29
core   0: 3 0x80004298 (0x01d15e93) x29 0x00000000
core   0: 0x8000429c (0x3e636117) auipc   sp, 0x3e636
core   0: 3 0x8000429c (0x3e636117) x 2 0xbe63a29c
core   0: 0x800042a0 (0x00f7de13) srli    t3, a5, 15
core   0: 3 0x800042a0 (0x00f7de13) x28 0x00000000
core   0: 0x800042a4 (0x01271a93) slli    s5, a4, 18
core   0: 3 0x800042a4 (0x01271a93) x21 0x00000000
core   0: 0x800042a8 (0xba5a2913) slti    s2, s4, -1115
core   0: 3 0x800042a8 (0xba5a2913) x18 0x00000000
core   0: 0x800042ac (0x1f3cb197) auipc   gp, 0x1f3cb
core   0: 3 0x800042ac (0x1f3cb197) x 3 0x9f3cf2ac
core   0: 0x800042b0 (0xbf202a93) slti    s5, zero, -1038
core   0: 3 0x800042b0 (0xbf202a93) x21 0x00000000
core   0: 0x800042b4 (0xf0e1ba17) auipc   s4, 0xf0e1b
core   0: 3 0x800042b4 (0xf0e1ba17) x20 0x70e1f2b4
core   0: 0x800042b8 (0x415a51b3) sra     gp, s4, s5
core   0: 3 0x800042b8 (0x415a51b3) x 3 0x70e1f2b4
core   0: 0x800042bc (0x403c5913) srai    s2, s8, 3
core   0: 3 0x800042bc (0x403c5913) x18 0xfa4d0200
core   0: 0x800042c0 (0x41225933) sra     s2, tp, s2
core   0: 3 0x800042c0 (0x41225933) x18 0x80011e64
core   0: 0x800042c4 (0x01125613) srli    a2, tp, 17
core   0: 3 0x800042c4 (0x01125613) x12 0x00004000
core   0: 0x800042c8 (0x40005933) sra     s2, zero, zero
core   0: 3 0x800042c8 (0x40005933) x18 0x00000000
core   0: 0x800042cc (0x01fe1d33) sll     s10, t3, t6
core   0: 3 0x800042cc (0x01fe1d33) x26 0x00000000
core   0: 0x800042d0 (0x4071dd33) sra     s10, gp, t2
core   0: 3 0x800042d0 (0x4071dd33) x26 0x00000070
core   0: 0x800042d4 (0xef6d7293) andi    t0, s10, -266
core   0: 3 0x800042d4 (0xef6d7293) x 5 0x00000070
core   0: 0x800042d8 (0x12426db7) lui     s11, 0x12426
core   0: 3 0x800042d8 (0x12426db7) x27 0x12426000
core   0: 0x800042dc (0x3ed54c93) xori    s9, a0, 1005
core   0: 3 0x800042dc (0x3ed54c93) x25 0x80015f09
core   0: 0x800042e0 (0x01c2a6b3) slt     a3, t0, t3
core   0: 3 0x800042e0 (0x01c2a6b3) x13 0x00000000
core   0: 0x800042e4 (0x41d3da13) srai    s4, t2, 29
core   0: 3 0x800042e4 (0x41d3da13) x20 0xffffffff
core   0: 0x800042e8 (0x41a05593) srai    a1, zero, 26
core   0: 3 0x800042e8 (0x41a05593) x11 0x00000000
core   0: 0x800042ec (0xb74c0393) addi    t2, s8, -1164
core   0: 3 0x800042ec (0xb74c0393) x 7 0xd2680b74
core   0: 0x800042f0 (0xaa0a7313) andi    t1, s4, -1376
core   0: 3 0x800042f0 (0xaa0a7313) x 6 0xfffffaa0
core   0: 0x800042f4 (0x882e7413) andi    s0, t3, -1918
core   0: 3 0x800042f4 (0x882e7413) x 8 0x00000000
core   0: 0x800042f8 (0x8778ff93) andi    t6, a7, -1929
core   0: 3 0x800042f8 (0x8778ff93) x31 0x00000000
core   0: 0x800042fc (0x00d78133) add     sp, a5, a3
core   0: 3 0x800042fc (0x00d78133) x 2 0x00001000
core   0: 0x80004300 (0x41e802b3) sub     t0, a6, t5
core   0: 3 0x80004300 (0x41e802b3) x 5 0x000007a8
core   0: 0x80004304 (0x27007113) andi    sp, zero, 624
core   0: 3 0x80004304 (0x27007113) x 2 0x00000000
core   0: 0x80004308 (0xed18fe13) andi    t3, a7, -303
core   0: 3 0x80004308 (0xed18fe13) x28 0x00000000
core   0: 0x8000430c (0x40fb0a33) sub     s4, s6, a5
core   0: 3 0x8000430c (0x40fb0a33) x20 0xfffff000
core   0: 0x80004310 (0x014f8bb3) add     s7, t6, s4
core   0: 3 0x80004310 (0x014f8bb3) x23 0xfffff000
core   0: 0x80004314 (0x016665b3) or      a1, a2, s6
core   0: 3 0x80004314 (0x016665b3) x11 0x00004000
core   0: 0x80004318 (0x91d7e713) ori     a4, a5, -1763
core   0: 3 0x80004318 (0x91d7e713) x14 0xfffff91d
core   0: 0x8000431c (0x006f3ab3) sltu    s5, t5, t1
core   0: 3 0x8000431c (0x006f3ab3) x21 0x00000001
core   0: 0x80004320 (0xb136e913) ori     s2, a3, -1261
core   0: 3 0x80004320 (0xb136e913) x18 0xfffffb13
core   0: 0x80004324 (0x8e8b3713) sltiu   a4, s6, -1816
core   0: 3 0x80004324 (0x8e8b3713) x14 0x00000001
core   0: 0x80004328 (0x00676833) or      a6, a4, t1
core   0: 3 0x80004328 (0x00676833) x16 0xfffffaa1
core   0: 0x8000432c (0x010c66b3) or      a3, s8, a6
core   0: 3 0x8000432c (0x010c66b3) x13 0xfffffaa1
core   0: 0x80004330 (0xe63e6d93) ori     s11, t3, -413
core   0: 3 0x80004330 (0xe63e6d93) x27 0xfffffe63
core   0: 0x80004334 (0x5f0c0d93) addi    s11, s8, 1520
core   0: 3 0x80004334 (0x5f0c0d93) x27 0xd26815f0
core   0: 0x80004338 (0x000f5db3) srl     s11, t5, zero
core   0: 3 0x80004338 (0x000f5db3) x27 0xfffff858
core   0: 0x8000433c (0x6a430613) addi    a2, t1, 1700
core   0: 3 0x8000433c (0x6a430613) x12 0x00000144
core   0: 0x80004340 (0x00369a13) slli    s4, a3, 3
core   0: 3 0x80004340 (0x00369a13) x20 0xffffd508
core   0: 0x80004344 (0x40008ab3) sub     s5, ra, zero
core   0: 3 0x80004344 (0x40008ab3) x21 0xfffffa53
core   0: 0x80004348 (0x300f7a37) lui     s4, 0x300f7
core   0: 3 0x80004348 (0x300f7a37) x20 0x300f7000
core   0: 0x8000434c (0x4b81bbb7) lui     s7, 0x4b81b
core   0: 3 0x8000434c (0x4b81bbb7) x23 0x4b81b000
core   0: 0x80004350 (0x88e40d17) auipc   s10, 0x88e40
core   0: 3 0x80004350 (0x88e40d17) x26 0x08e44350
core   0: 0x80004354 (0x00cdd913) srli    s2, s11, 12
core   0: 3 0x80004354 (0x00cdd913) x18 0x000fffff
core   0: 0x80004358 (0x109b8393) addi    t2, s7, 265
core   0: 3 0x80004358 (0x109b8393) x 7 0x4b81b109
core   0: 0x8000435c (0x00000013) nop
core   0: 3 0x8000435c (0x00000013)
core   0: 0x80004360 (0x007eb7b3) sltu    a5, t4, t2
core   0: 3 0x80004360 (0x007eb7b3) x15 0x00000001
core   0: 0x80004364 (0x01d200b3) add     ra, tp, t4
core   0: 3 0x80004364 (0x01d200b3) x 1 0x80011e64
core   0: 0x80004368 (0x007fd293) srli    t0, t6, 7
core   0: 3 0x80004368 (0x007fd293) x 5 0x00000000
core   0: 0x8000436c (0x00eb5293) srli    t0, s6, 14
core   0: 3 0x8000436c (0x00eb5293) x 5 0x00000000
core   0: 0x80004370 (0x9bd00613) li      a2, -1603
core   0: 3 0x80004370 (0x9bd00613) x12 0xfffff9bd
core   0: 0x80004374 (0x4005d433) sra     s0, a1, zero
core   0: 3 0x80004374 (0x4005d433) x 8 0x00004000
core   0: 0x80004378 (0x9ec41e37) lui     t3, 0x9ec41
core   0: 3 0x80004378 (0x9ec41e37) x28 0x9ec41000
core   0: 0x8000437c (0x007d5d13) srli    s10, s10, 7
core   0: 3 0x8000437c (0x007d5d13) x26 0x0011c886
core   0: 0x80004380 (0x00721113) slli    sp, tp, 7
core   0: 3 0x80004380 (0x00721113) x 2 0x008f3200
core   0: 0x80004384 (0x419108b3) sub     a7, sp, s9
core   0: 3 0x80004384 (0x419108b3) x17 0x808dd2f7
core   0: 0x80004388 (0x007c71b3) and     gp, s8, t2
core   0: 3 0x80004388 (0x007c71b3) x 3 0x42001000
core   0: 0x8000438c (0x005b7933) and     s2, s6, t0
core   0: 3 0x8000438c (0x005b7933) x18 0x00000000
core   0: 0x80004390 (0x01eac433) xor     s0, s5, t5
core   0: 3 0x80004390 (0x01eac433) x 8 0x0000020b
core   0: 0x80004394 (0x01fe1e13) slli    t3, t3, 31
core   0: 3 0x80004394 (0x01fe1e13) x28 0x00000000
core   0: 0x80004398 (0x01da5493) srli    s1, s4, 29
core   0: 3 0x80004398 (0x01da5493) x 9 0x00000001
core   0: 0x8000439c (0x43ef7337) lui     t1, 0x43ef7
core   0: 3 0x8000439c (0x43ef7337) x 6 0x43ef7000
core   0: 0x800043a0 (0x18852f37) lui     t5, 0x18852
core   0: 3 0x800043a0 (0x18852f37) x30 0x18852000
core   0: 0x800043a4 (0x00102733) slt     a4, zero, ra
core   0: 3 0x800043a4 (0x00102733) x14 0x00000000
core   0: 0x800043a8 (0x01525313) srli    t1, tp, 21
core   0: 3 0x800043a8 (0x01525313) x 6 0x00000400
core   0: 0x800043ac (0x00382fb3) slt     t6, a6, gp
core   0: 3 0x800043ac (0x00382fb3) x31 0x00000001
core   0: 0x800043b0 (0x40bb0eb3) sub     t4, s6, a1
core   0: 3 0x800043b0 (0x40bb0eb3) x29 0xffffc000
core   0: 0x800043b4 (0x41835db3) sra     s11, t1, s8
core   0: 3 0x800043b4 (0x41835db3) x27 0x00000400
core   0: 0x800043b8 (0x418bd933) sra     s2, s7, s8
core   0: 3 0x800043b8 (0x418bd933) x18 0x4b81b000
core   0: 0x800043bc (0x00b7db13) srli    s6, a5, 11
core   0: 3 0x800043bc (0x00b7db13) x22 0x00000000
core   0: 0x800043c0 (0x58610713) addi    a4, sp, 1414
core   0: 3 0x800043c0 (0x58610713) x14 0x008f3786
core   0: 0x800043c4 (0x01a9a833) slt     a6, s3, s10
core   0: 3 0x800043c4 (0x01a9a833) x16 0x00000001
core   0: 0x800043c8 (0x01ebf333) and     t1, s7, t5
core   0: 3 0x800043c8 (0x01ebf333) x 6 0x08812000
core   0: 0x800043cc (0x001cd1b3) srl     gp, s9, ra
core   0: 3 0x800043cc (0x001cd1b3) x 3 0x080015f0
core   0: 0x800043d0 (0x00da3c33) sltu    s8, s4, a3
core   0: 3 0x800043d0 (0x00da3c33) x24 0x00000001
core   0: 0x800043d4 (0x2a70a413) slti    s0, ra, 679
core   0: 3 0x800043d4 (0x2a70a413) x 8 0x00000001
core   0: 0x800043d8 (0x00b62bb3) slt     s7, a2, a1
core   0: 3 0x800043d8 (0x00b62bb3) x23 0x00000001
core   0: 0x800043dc (0x5b73be97) auipc   t4, 0x5b73b
core   0: 3 0x800043dc (0x5b73be97) x29 0xdb73f3dc
core   0: 0x800043e0 (0x00ad1ab3) sll     s5, s10, a0
core   0: 3 0x800043e0 (0x00ad1ab3) x21 0x011c8860
core   0: 0x800043e4 (0x01d39b93) slli    s7, t2, 29
core   0: 3 0x800043e4 (0x01d39b93) x23 0x20000000
core   0: 0x800043e8 (0xcb803713) sltiu   a4, zero, -840
core   0: 3 0x800043e8 (0xcb803713) x14 0x00000001
core   0: 0x800043ec (0x013bccb3) xor     s9, s7, s3
core   0: 3 0x800043ec (0x013bccb3) x25 0xa0000000
core   0: 0x800043f0 (0x01301313) slli    t1, zero, 19
core   0: 3 0x800043f0 (0x01301313) x 6 0x00000000
core   0: 0x800043f4 (0x01f73433) sltu    s0, a4, t6
core   0: 3 0x800043f4 (0x01f73433) x 8 0x00000000
core   0: 0x800043f8 (0x7cfea493) slti    s1, t4, 1999
core   0: 3 0x800043f8 (0x7cfea493) x 9 0x00000001
core   0: 0x800043fc (0xbb8946b7) lui     a3, 0xbb894
core   0: 3 0x800043fc (0xbb8946b7) x13 0xbb894000
core   0: 0x80004400 (0x0041a7b3) slt     a5, gp, tp
core   0: 3 0x80004400 (0x0041a7b3) x15 0x00000000
core   0: 0x80004404 (0xa7f9c193) xori    gp, s3, -1409
core   0: 3 0x80004404 (0xa7f9c193) x 3 0x7ffffa7f
core   0: 0x80004408 (0xde5fc413) xori    s0, t6, -539
core   0: 3 0x80004408 (0xde5fc413) x 8 0xfffffde4
core   0: 0x8000440c (0x4098d433) sra     s0, a7, s1
core   0: 3 0x8000440c (0x4098d433) x 8 0xc046e97b
core   0: 0x80004410 (0x494971b7) lui     gp, 0x49497
core   0: 3 0x80004410 (0x494971b7) x 3 0x49497000
core   0: 0x80004414 (0x41da5613) srai    a2, s4, 29
core   0: 3 0x80004414 (0x41da5613) x12 0x00000001
core   0: 0x80004418 (0x00000013) nop
core   0: 3 0x80004418 (0x00000013)
core   0: 0x8000441c (0x00000013) nop
core   0: 3 0x8000441c (0x00000013)
core   0: 0x80004420 (0x51ebfc13) andi    s8, s7, 1310
core   0: 3 0x80004420 (0x51ebfc13) x24 0x00000000
core   0: 0x80004424 (0x00101713) slli    a4, zero, 1
core   0: 3 0x80004424 (0x00101713) x14 0x00000000
core   0: 0x80004428 (0x31266913) ori     s2, a2, 786
core   0: 3 0x80004428 (0x31266913) x18 0x00000313
core   0: 0x8000442c (0xd47eda37) lui     s4, 0xd47ed
core   0: 3 0x8000442c (0xd47eda37) x20 0xd47ed000
core   0: 0x80004430 (0x003d5713) srli    a4, s10, 3
core   0: 3 0x80004430 (0x003d5713) x14 0x00023910
core   0: 0x80004434 (0x018a5413) srli    s0, s4, 24
core   0: 3 0x80004434 (0x018a5413) x 8 0x000000d4
core   0: 0x80004438 (0x0133bd33) sltu    s10, t2, s3
core   0: 3 0x80004438 (0x0133bd33) x26 0x00000001
core   0: 0x8000443c (0x01211e93) slli    t4, sp, 18
core   0: 3 0x8000443c (0x01211e93) x29 0xc8000000
core   0: 0x80004440 (0x00000013) nop
core   0: 3 0x80004440 (0x00000013)
core   0: 0x80004444 (0x40325f93) srai    t6, tp, 3
core   0: 3 0x80004444 (0x40325f93) x31 0xf00023cc
core   0: 0x80004448 (0x50671137) lui     sp, 0x50671
core   0: 3 0x80004448 (0x50671137) x 2 0x50671000
core   0: 0x8000444c (0x51ebf937) lui     s2, 0x51ebf
core   0: 3 0x8000444c (0x51ebf937) x18 0x51ebf000
core   0: 0x80004450 (0x4e43be13) sltiu   t3, t2, 1252
core   0: 3 0x80004450 (0x4e43be13) x28 0x00000000
core   0: 0x80004454 (0x00cfbf33) sltu    t5, t6, a2
core   0: 3 0x80004454 (0x00cfbf33) x30 0x00000000
core   0: 0x80004458 (0x012a5033) srl     zero, s4, s2
core   0: 3 0x80004458 (0x012a5033)
core   0: 0x8000445c (0x7fb0f637) lui     a2, 0x7fb0f
core   0: 3 0x8000445c (0x7fb0f637) x12 0x7fb0f000
core   0: 0x80004460 (0x29780593) addi    a1, a6, 663
core   0: 3 0x80004460 (0x29780593) x11 0x00000298
core   0: 0x80004464 (0x408b5fb3) sra     t6, s6, s0
core   0: 3 0x80004464 (0x408b5fb3) x31 0x00000000
core   0: 0x80004468 (0x5a2ef613) andi    a2, t4, 1442
core   0: 3 0x80004468 (0x5a2ef613) x12 0x00000000
core   0: 0x8000446c (0x0008d6b3) srl     a3, a7, zero
core   0: 3 0x8000446c (0x0008d6b3) x13 0x808dd2f7
core   0: 0x80004470 (0x4ddf6e13) ori     t3, t5, 1245
core   0: 3 0x80004470 (0x4ddf6e13) x28 0x000004dd
core   0: 0x80004474 (0xf0d46d37) lui     s10, 0xf0d46
core   0: 3 0x80004474 (0xf0d46d37) x26 0xf0d46000
core   0: 0x80004478 (0x41205313) srai    t1, zero, 18
core   0: 3 0x80004478 (0x41205313) x 6 0x00000000
core   0: 0x8000447c (0xb62cf137) lui     sp, 0xb62cf
core   0: 3 0x8000447c (0xb62cf137) x 2 0xb62cf000
core   0: 0x80004480 (0x01c0bbb3) sltu    s7, ra, t3
core   0: 3 0x80004480 (0x01c0bbb3) x23 0x00000000
core   0: 0x80004484 (0x406a80b3) sub     ra, s5, t1
core   0: 3 0x80004484 (0x406a80b3) x 1 0x011c8860
core   0: 0x80004488 (0x003e2db3) slt     s11, t3, gp
core   0: 3 0x80004488 (0x003e2db3) x27 0x00000001
core   0: 0x8000448c (0x015ab8b3) sltu    a7, s5, s5
core   0: 3 0x8000448c (0x015ab8b3) x17 0x00000000
core   0: 0x80004490 (0x01b1ccb3) xor     s9, gp, s11
core   0: 3 0x80004490 (0x01b1ccb3) x25 0x49497001
core   0: 0x80004494 (0x41ad0cb3) sub     s9, s10, s10
core   0: 3 0x80004494 (0x41ad0cb3) x25 0x00000000
core   0: 0x80004498 (0x00574ab3) xor     s5, a4, t0
core   0: 3 0x80004498 (0x00574ab3) x21 0x00023910
core   0: 0x8000449c (0x00750833) add     a6, a0, t2
core   0: 3 0x8000449c (0x00750833) x16 0xcb830ded
core   0: 0x800044a0 (0x40160133) sub     sp, a2, ra
core   0: 3 0x800044a0 (0x40160133) x 2 0xfee377a0
core   0: 0x800044a4 (0x00000013) nop
core   0: 3 0x800044a4 (0x00000013)
core   0: 0x800044a8 (0xbc000337) lui     t1, 0xbc000
core   0: 3 0x800044a8 (0xbc000337) x 6 0xbc000000
core   0: 0x800044ac (0x00c13db3) sltu    s11, sp, a2
core   0: 3 0x800044ac (0x00c13db3) x27 0x00000000
core   0: 0x800044b0 (0x00000013) nop
core   0: 3 0x800044b0 (0x00000013)
core   0: 0x800044b4 (0x011da633) slt     a2, s11, a7
core   0: 3 0x800044b4 (0x011da633) x12 0x00000000
core   0: 0x800044b8 (0x01ce3bb3) sltu    s7, t3, t3
core   0: 3 0x800044b8 (0x01ce3bb3) x23 0x00000000
core   0: 0x800044bc (0x00e99cb3) sll     s9, s3, a4
core   0: 3 0x800044bc (0x00e99cb3) x25 0x00000000
core   0: 0x800044c0 (0x145851b7) lui     gp, 0x14585
core   0: 3 0x800044c0 (0x145851b7) x 3 0x14585000
core   0: 0x800044c4 (0x017f3033) sltu    zero, t5, s7
core   0: 3 0x800044c4 (0x017f3033)
core   0: 0x800044c8 (0x00000013) nop
core   0: 3 0x800044c8 (0x00000013)
core   0: 0x800044cc (0x40f45f93) srai    t6, s0, 15
core   0: 3 0x800044cc (0x40f45f93) x31 0x00000000
core   0: 0x800044d0 (0xae942e93) slti    t4, s0, -1303
core   0: 3 0x800044d0 (0xae942e93) x29 0x00000000
core   0: 0x800044d4 (0x01c473b3) and     t2, s0, t3
core   0: 3 0x800044d4 (0x01c473b3) x 7 0x000000d4
core   0: 0x800044d8 (0x01da77b3) and     a5, s4, t4
core   0: 3 0x800044d8 (0x01da77b3) x15 0x00000000
core   0: 0x800044dc (0x00485a93) srli    s5, a6, 4
core   0: 3 0x800044dc (0x00485a93) x21 0x0cb830de
core   0: 0x800044e0 (0x010bfdb3) and     s11, s7, a6
core   0: 3 0x800044e0 (0x010bfdb3) x27 0x00000000
core   0: 0x800044e4 (0x40365293) srai    t0, a2, 3
core   0: 3 0x800044e4 (0x40365293) x 5 0x00000000
core   0: 0x800044e8 (0x050e1337) lui     t1, 0x50e1
core   0: 3 0x800044e8 (0x050e1337) x 6 0x050e1000
core   0: 0x800044ec (0xe2c42497) auipc   s1, 0xe2c42
core   0: 3 0x800044ec (0xe2c42497) x 9 0x62c464ec
core   0: 0x800044f0 (0x00db4b33) xor     s6, s6, a3
core   0: 3 0x800044f0 (0x00db4b33) x22 0x808dd2f7
core   0: 0x800044f4 (0xd433b917) auipc   s2, 0xd433b
core   0: 3 0x800044f4 (0xd433b917) x18 0x5433f4f4
core   0: 0x800044f8 (0x01a69d13) slli    s10, a3, 26
core   0: 3 0x800044f8 (0x01a69d13) x26 0xdc000000
core   0: 0x800044fc (0x00f4dd33) srl     s10, s1, a5
core   0: 3 0x800044fc (0x00f4dd33) x26 0x62c464ec
core   0: 0x80004500 (0xc7f2e493) ori     s1, t0, -897
core   0: 3 0x80004500 (0xc7f2e493) x 9 0xfffffc7f
core   0: 0x80004504 (0x0c3f2693) slti    a3, t5, 195
core   0: 3 0x80004504 (0x0c3f2693) x13 0x00000001
core   0: 0x80004508 (0x002eb8b3) sltu    a7, t4, sp
core   0: 3 0x80004508 (0x002eb8b3) x17 0x00000001
core   0: 0x8000450c (0x418c0133) sub     sp, s8, s8
core   0: 3 0x8000450c (0x418c0133) x 2 0x00000000
core   0: 0x80004510 (0x25b77317) auipc   t1, 0x25b77
core   0: 3 0x80004510 (0x25b77317) x 6 0xa5b7b510
core   0: 0x80004514 (0x01886333) or      t1, a6, s8
core   0: 3 0x80004514 (0x01886333) x 6 0xcb830ded
core   0: 0x80004518 (0x0099ecb3) or      s9, s3, s1
core   0: 3 0x80004518 (0x0099ecb3) x25 0xfffffc7f
core   0: 0x8000451c (0x0069d633) srl     a2, s3, t1
core   0: 3 0x8000451c (0x0069d633) x12 0x00040000
core   0: 0x80004520 (0x019968b3) or      a7, s2, s9
core   0: 3 0x80004520 (0x019968b3) x17 0xfffffcff
core   0: 0x80004524 (0x419081b3) sub     gp, ra, s9
core   0: 3 0x80004524 (0x419081b3) x 3 0x011c8be1
core   0: 0x80004528 (0x00000013) nop
core   0: 3 0x80004528 (0x00000013)
core   0: 0x8000452c (0x01507133) and     sp, zero, s5
core   0: 3 0x8000452c (0x01507133) x 2 0x00000000
core   0: 0x80004530 (0x41035933) sra     s2, t1, a6
core   0: 3 0x80004530 (0x41035933) x18 0xfffe5c18
core   0: 0x80004534 (0x004bf333) and     t1, s7, tp
core   0: 3 0x80004534 (0x004bf333) x 6 0x00000000
core   0: 0x80004538 (0x009d31b3) sltu    gp, s10, s1
core   0: 3 0x80004538 (0x009d31b3) x 3 0x00000001
core   0: 0x8000453c (0x00a88eb3) add     t4, a7, a0
core   0: 3 0x8000453c (0x00a88eb3) x29 0x800159e3
core   0: 0x80004540 (0x40d750b3) sra     ra, a4, a3
core   0: 3 0x80004540 (0x40d750b3) x 1 0x00011c88
core   0: 0x80004544 (0x018f0033) add     zero, t5, s8
core   0: 3 0x80004544 (0x018f0033)
core   0: 0x80004548 (0x00000013) nop
core   0: 3 0x80004548 (0x00000013)
core   0: 0x8000454c (0x9271ee93) ori     t4, gp, -1753
core   0: 3 0x8000454c (0x9271ee93) x29 0xfffff927
core   0: 0x80004550 (0x40e78c33) sub     s8, a5, a4
core   0: 3 0x80004550 (0x40e78c33) x24 0xfffdc6f0
core   0: 0x80004554 (0x01fd3fb3) sltu    t6, s10, t6
core   0: 3 0x80004554 (0x01fd3fb3) x31 0x00000000
core   0: 0x80004558 (0x01243eb3) sltu    t4, s0, s2
core   0: 3 0x80004558 (0x01243eb3) x29 0x00000001
core   0: 0x8000455c (0x411a2713) slti    a4, s4, 1041
core   0: 3 0x8000455c (0x411a2713) x14 0x00000001
core   0: 0x80004560 (0xfa51fa93) andi    s5, gp, -91
core   0: 3 0x80004560 (0xfa51fa93) x21 0x00000001
core   0: 0x80004564 (0x007711b3) sll     gp, a4, t2
core   0: 3 0x80004564 (0x007711b3) x 3 0x00100000
core   0: 0x80004568 (0x40ba01b3) sub     gp, s4, a1
core   0: 3 0x80004568 (0x40ba01b3) x 3 0xd47ecd68
core   0: 0x8000456c (0x3b704013) xori    zero, zero, 951
core   0: 3 0x8000456c (0x3b704013)
core   0: 0x80004570 (0x4141d5b3) sra     a1, gp, s4
core   0: 3 0x80004570 (0x4141d5b3) x11 0xd47ecd68
core   0: 0x80004574 (0x4064d933) sra     s2, s1, t1
core   0: 3 0x80004574 (0x4064d933) x18 0xfffffc7f
core   0: 0x80004578 (0x41258633) sub     a2, a1, s2
core   0: 3 0x80004578 (0x41258633) x12 0xd47ed0e9
core   0: 0x8000457c (0x016d15b3) sll     a1, s10, s6
core   0: 3 0x8000457c (0x016d15b3) x11 0x76000000
core   0: 0x80004580 (0x0174a8b3) slt     a7, s1, s7
core   0: 3 0x80004580 (0x0174a8b3) x17 0x00000001
core   0: 0x80004584 (0x00000013) nop
core   0: 3 0x80004584 (0x00000013)
core   0: 0x80004588 (0x40eb57b3) sra     a5, s6, a4
core   0: 3 0x80004588 (0x40eb57b3) x15 0xc046e97b
core   0: 0x8000458c (0x00000013) nop
core   0: 3 0x8000458c (0x00000013)
core   0: 0x80004590 (0x5b3dc393) xori    t2, s11, 1459
core   0: 3 0x80004590 (0x5b3dc393) x 7 0x000005b3
core   0: 0x80004594 (0x00945bb3) srl     s7, s0, s1
core   0: 3 0x80004594 (0x00945bb3) x23 0x00000000
core   0: 0x80004598 (0x41ff05b3) sub     a1, t5, t6
core   0: 3 0x80004598 (0x41ff05b3) x11 0x00000000
core   0: 0x8000459c (0x00000013) nop
core   0: 3 0x8000459c (0x00000013)
core   0: 0x800045a0 (0xe70fc393) xori    t2, t6, -400
core   0: 3 0x800045a0 (0xe70fc393) x 7 0xfffffe70
core   0: 0x800045a4 (0x401384b3) sub     s1, t2, ra
core   0: 3 0x800045a4 (0x401384b3) x 9 0xfffee1e8
core   0: 0x800045a8 (0x006ae7b3) or      a5, s5, t1
core   0: 3 0x800045a8 (0x006ae7b3) x15 0x00000001
core   0: 0x800045ac (0xd0d58893) addi    a7, a1, -755
core   0: 3 0x800045ac (0xd0d58893) x17 0xfffffd0d
core   0: 0x800045b0 (0x01da93b3) sll     t2, s5, t4
core   0: 3 0x800045b0 (0x01da93b3) x 7 0x00000002
core   0: 0x800045b4 (0xf3238793) addi    a5, t2, -206
core   0: 3 0x800045b4 (0xf3238793) x15 0xffffff34
core   0: 0x800045b8 (0xa7506413) ori     s0, zero, -1419
core   0: 3 0x800045b8 (0xa7506413) x 8 0xfffffa75
core   0: 0x800045bc (0x00cb4a33) xor     s4, s6, a2
core   0: 3 0x800045bc (0x00cb4a33) x20 0x54f3021e
core   0: 0x800045c0 (0x59007893) andi    a7, zero, 1424
core   0: 3 0x800045c0 (0x59007893) x17 0x00000000
core   0: 0x800045c4 (0x3531e593) ori     a1, gp, 851
core   0: 3 0x800045c4 (0x3531e593) x11 0xd47ecf7b
core   0: 0x800045c8 (0x014ac333) xor     t1, s5, s4
core   0: 3 0x800045c8 (0x014ac333) x 6 0x54f3021f
core   0: 0x800045cc (0x01897eb3) and     t4, s2, s8
core   0: 3 0x800045cc (0x01897eb3) x29 0xfffdc470
core   0: 0x800045d0 (0x3ee54117) auipc   sp, 0x3ee54
core   0: 3 0x800045d0 (0x3ee54117) x 2 0xbee585d0
core   0: 0x800045d4 (0xb7616f13) ori     t5, sp, -1162
core   0: 3 0x800045d4 (0xb7616f13) x30 0xfffffff6
core   0: 0x800045d8 (0x00000013) nop
core   0: 3 0x800045d8 (0x00000013)
core   0: 0x800045dc (0xb1780817) auipc   a6, 0xb1780
core   0: 3 0x800045dc (0xb1780817) x16 0x317845dc
core   0: 0x800045e0 (0x01d107b3) add     a5, sp, t4
core   0: 3 0x800045e0 (0x01d107b3) x15 0xbee34a40
core   0: 0x800045e4 (0x00000013) nop
core   0: 3 0x800045e4 (0x00000013)
core   0: 0x800045e8 (0x0108cd33) xor     s10, a7, a6
core   0: 3 0x800045e8 (0x0108cd33) x26 0x317845dc
core   0: 0x800045ec (0x01d911b3) sll     gp, s2, t4
core   0: 3 0x800045ec (0x01d911b3) x 3 0xfc7f0000
core   0: 0x800045f0 (0xcc2f6293) ori     t0, t5, -830
core   0: 3 0x800045f0 (0xcc2f6293) x 5 0xfffffff6
core   0: 0x800045f4 (0x00ce9713) slli    a4, t4, 12
core   0: 3 0x800045f4 (0x00ce9713) x14 0xdc470000
core   0: 0x800045f8 (0x41210633) sub     a2, sp, s2
core   0: 3 0x800045f8 (0x41210633) x12 0xbee58951
core   0: 0x800045fc (0xe9a32c37) lui     s8, 0xe9a32
core   0: 3 0x800045fc (0xe9a32c37) x24 0xe9a32000
core   0: 0x80004600 (0xdcdb2313) slti    t1, s6, -563
core   0: 3 0x80004600 (0xdcdb2313) x 6 0x00000001
core   0: 0x80004604 (0x0dd2e797) auipc   a5, 0xdd2e
core   0: 3 0x80004604 (0x0dd2e797) x15 0x8dd32604
core   0: 0x80004608 (0x41498ab3) sub     s5, s3, s4
core   0: 3 0x80004608 (0x41498ab3) x21 0x2b0cfde2
core   0: 0x8000460c (0x004f1113) slli    sp, t5, 4
core   0: 3 0x8000460c (0x004f1113) x 2 0xffffff60
core   0: 0x80004610 (0x00e74b33) xor     s6, a4, a4
core   0: 3 0x80004610 (0x00e74b33) x22 0x00000000
core   0: 0x80004614 (0x00b5de33) srl     t3, a1, a1
core   0: 3 0x80004614 (0x00b5de33) x28 0x0000001a
core   0: 0x80004618 (0x012d1633) sll     a2, s10, s2
core   0: 3 0x80004618 (0x012d1633) x12 0x00000000
core   0: 0x8000461c (0xbbdc6293) ori     t0, s8, -1091
core   0: 3 0x8000461c (0xbbdc6293) x 5 0xfffffbbd
core   0: 0x80004620 (0x006256b3) srl     a3, tp, t1
core   0: 3 0x80004620 (0x006256b3) x13 0x40008f32
core   0: 0x80004624 (0x00ace7b3) or      a5, s9, a0
core   0: 3 0x80004624 (0x00ace7b3) x15 0xfffffcff
core   0: 0x80004628 (0x01f05d13) srli    s10, zero, 31
core   0: 3 0x80004628 (0x01f05d13) x26 0x00000000
core   0: 0x8000462c (0x012d9f93) slli    t6, s11, 18
core   0: 3 0x8000462c (0x012d9f93) x31 0x00000000
core   0: 0x80004630 (0x07ddeb13) ori     s6, s11, 125
core   0: 3 0x80004630 (0x07ddeb13) x22 0x0000007d
core   0: 0x80004634 (0xfccba697) auipc   a3, 0xfccba
core   0: 3 0x80004634 (0xfccba697) x13 0x7ccbe634
core   0: 0x80004638 (0x01056e33) or      t3, a0, a6
core   0: 3 0x80004638 (0x01056e33) x28 0xb1795dfc
core   0: 0x8000463c (0x0039f933) and     s2, s3, gp
core   0: 3 0x8000463c (0x0039f933) x18 0x80000000
core   0: 0x80004640 (0xba590d93) addi    s11, s2, -1115
core   0: 3 0x80004640 (0xba590d93) x27 0x7ffffba5
core   0: 0x80004644 (0xc673f113) andi    sp, t2, -921
core   0: 3 0x80004644 (0xc673f113) x 2 0x00000002
core   0: 0x80004648 (0x00ae4e33) xor     t3, t3, a0
core   0: 3 0x80004648 (0x00ae4e33) x28 0x31780118
core   0: 0x8000464c (0x019038b3) snez    a7, s9
core   0: 3 0x8000464c (0x019038b3) x17 0x00000001
core   0: 0x80004650 (0x01e7b933) sltu    s2, a5, t5
core   0: 3 0x80004650 (0x01e7b933) x18 0x00000001
core   0: 0x80004654 (0x01735913) srli    s2, t1, 23
core   0: 3 0x80004654 (0x01735913) x18 0x00000000
core   0: 0x80004658 (0x016a7333) and     t1, s4, s6
core   0: 3 0x80004658 (0x016a7333) x 6 0x0000001c
core   0: 0x8000465c (0x018aedb3) or      s11, s5, s8
core   0: 3 0x8000465c (0x018aedb3) x27 0xebaffde2
core   0: 0x80004660 (0x01a56a33) or      s4, a0, s10
core   0: 3 0x80004660 (0x01a56a33) x20 0x80015ce4
core   0: 0x80004664 (0x0112de93) srli    t4, t0, 17
core   0: 3 0x80004664 (0x0112de93) x29 0x00007fff
core   0: 0x80004668 (0xe86cdb37) lui     s6, 0xe86cd
core   0: 3 0x80004668 (0xe86cdb37) x22 0xe86cd000
core   0: 0x8000466c (0x0042bd33) sltu    s10, t0, tp
core   0: 3 0x8000466c (0x0042bd33) x26 0x00000000
core   0: 0x80004670 (0x00000013) nop
core   0: 3 0x80004670 (0x00000013)
core   0: 0x80004674 (0x48ad0593) addi    a1, s10, 1162
core   0: 3 0x80004674 (0x48ad0593) x11 0x0000048a
core   0: 0x80004678 (0x40efd313) srai    t1, t6, 14
core   0: 3 0x80004678 (0x40efd313) x 6 0x00000000
core   0: 0x8000467c (0xf9b57193) andi    gp, a0, -101
core   0: 3 0x8000467c (0xf9b57193) x 3 0x80015c80
core   0: 0x80004680 (0x01d9e2b3) or      t0, s3, t4
core   0: 3 0x80004680 (0x01d9e2b3) x 5 0x80007fff
core   0: 0x80004684 (0x185765b7) lui     a1, 0x18576
core   0: 3 0x80004684 (0x185765b7) x11 0x18576000
core   0: 0x80004688 (0x2173fb13) andi    s6, t2, 535
core   0: 3 0x80004688 (0x2173fb13) x22 0x00000002
core   0: 0x8000468c (0x01971d33) sll     s10, a4, s9
core   0: 3 0x8000468c (0x01971d33) x26 0x00000000
core   0: 0x80004690 (0x008caa33) slt     s4, s9, s0
core   0: 3 0x80004690 (0x008caa33) x20 0x00000000
core   0: 0x80004694 (0x2b0df793) andi    a5, s11, 688
core   0: 3 0x80004694 (0x2b0df793) x15 0x000000a0
core   0: 0x80004698 (0x00f0cb33) xor     s6, ra, a5
core   0: 3 0x80004698 (0x00f0cb33) x22 0x00011c28
core   0: 0x8000469c (0x40ef5093) srai    ra, t5, 14
core   0: 3 0x8000469c (0x40ef5093) x 1 0xffffffff
core   0: 0x800046a0 (0x41ea5293) srai    t0, s4, 30
core   0: 3 0x800046a0 (0x41ea5293) x 5 0x00000000
core   0: 0x800046a4 (0x016757b3) srl     a5, a4, s6
core   0: 3 0x800046a4 (0x016757b3) x15 0x00dc4700
core   0: 0x800046a8 (0x01f78933) add     s2, a5, t6
core   0: 3 0x800046a8 (0x01f78933) x18 0x00dc4700
core   0: 0x800046ac (0x01fae633) or      a2, s5, t6
core   0: 3 0x800046ac (0x01fae633) x12 0x2b0cfde2
core   0: 0x800046b0 (0x64979e37) lui     t3, 0x64979
core   0: 3 0x800046b0 (0x64979e37) x28 0x64979000
core   0: 0x800046b4 (0x01d35733) srl     a4, t1, t4
core   0: 3 0x800046b4 (0x01d35733) x14 0x00000000
core   0: 0x800046b8 (0x41325893) srai    a7, tp, 19
core   0: 3 0x800046b8 (0x41325893) x17 0xfffff000
core   0: 0x800046bc (0x83316013) ori     zero, sp, -1997
core   0: 3 0x800046bc (0x83316013)
core   0: 0x800046c0 (0x0074b3b3) sltu    t2, s1, t2
core   0: 3 0x800046c0 (0x0074b3b3) x 7 0x00000000
core   0: 0x800046c4 (0x011528b3) slt     a7, a0, a7
core   0: 3 0x800046c4 (0x011528b3) x17 0x00000001
core   0: 0x800046c8 (0x01c50433) add     s0, a0, t3
core   0: 3 0x800046c8 (0x01c50433) x 8 0xe498ece4
core   0: 0x800046cc (0x000eec33) or      s8, t4, zero
core   0: 3 0x800046cc (0x000eec33) x24 0x00007fff
core   0: 0x800046d0 (0x01a578b3) and     a7, a0, s10
core   0: 3 0x800046d0 (0x01a578b3) x17 0x00000000
core   0: 0x800046d4 (0x00819033) sll     zero, gp, s0
core   0: 3 0x800046d4 (0x00819033)
core   0: 0x800046d8 (0x001846b3) xor     a3, a6, ra
core   0: 3 0x800046d8 (0x001846b3) x13 0xce87ba23
core   0: 0x800046dc (0x00226033) or      zero, tp, sp
core   0: 3 0x800046dc (0x00226033)
core   0: 0x800046e0 (0x01258033) add     zero, a1, s2
core   0: 3 0x800046e0 (0x01258033)
core   0: 0x800046e4 (0x4040db93) srai    s7, ra, 4
core   0: 3 0x800046e4 (0x4040db93) x23 0xffffffff
core   0: 0x800046e8 (0xf6e96b17) auipc   s6, 0xf6e96
core   0: 3 0x800046e8 (0xf6e96b17) x22 0x76e9a6e8
core   0: 0x800046ec (0x01494cb3) xor     s9, s2, s4
core   0: 3 0x800046ec (0x01494cb3) x25 0x00dc4700
core   0: 0x800046f0 (0xa5cf2b37) lui     s6, 0xa5cf2
core   0: 3 0x800046f0 (0xa5cf2b37) x22 0xa5cf2000
core   0: 0x800046f4 (0x413c5593) srai    a1, s8, 19
core   0: 3 0x800046f4 (0x413c5593) x11 0x00000000
core   0: 0x800046f8 (0x2af48b93) addi    s7, s1, 687
core   0: 3 0x800046f8 (0x2af48b93) x23 0xfffee497
core   0: 0x800046fc (0x41fd0f33) sub     t5, s10, t6
core   0: 3 0x800046fc (0x41fd0f33) x30 0x00000000
core   0: 0x80004700 (0x0137fdb3) and     s11, a5, s3
core   0: 3 0x80004700 (0x0137fdb3) x27 0x00000000
core   0: 0x80004704 (0xa5ab4b13) xori    s6, s6, -1446
core   0: 3 0x80004704 (0xa5ab4b13) x22 0x5a30da5a
core   0: 0x80004708 (0x41a6d3b3) sra     t2, a3, s10
core   0: 3 0x80004708 (0x41a6d3b3) x 7 0xce87ba23
core   0: 0x8000470c (0xfe540b93) addi    s7, s0, -27
core   0: 3 0x8000470c (0xfe540b93) x23 0xe498ecc9
core   0: 0x80004710 (0x4b220813) addi    a6, tp, 1202
core   0: 3 0x80004710 (0x4b220813) x16 0x80012316
core   0: 0x80004714 (0x01a163b3) or      t2, sp, s10
core   0: 3 0x80004714 (0x01a163b3) x 7 0x00000002
core   0: 0x80004718 (0x00000013) nop
core   0: 3 0x80004718 (0x00000013)
core   0: 0x8000471c (0x00d012b3) sll     t0, zero, a3
core   0: 3 0x8000471c (0x00d012b3) x 5 0x00000000
core   0: 0x80004720 (0x01a4b633) sltu    a2, s1, s10
core   0: 3 0x80004720 (0x01a4b633) x12 0x00000000
core   0: 0x80004724 (0x0137d133) srl     sp, a5, s3
core   0: 3 0x80004724 (0x0137d133) x 2 0x00dc4700
core   0: 0x80004728 (0xe1104813) xori    a6, zero, -495
core   0: 3 0x80004728 (0xe1104813) x16 0xfffffe11
core   0: 0x8000472c (0x42298c13) addi    s8, s3, 1058
core   0: 3 0x8000472c (0x42298c13) x24 0x80000422
core   0: 0x80004730 (0x00c48cb3) add     s9, s1, a2
core   0: 3 0x80004730 (0x00c48cb3) x25 0xfffee1e8
core   0: 0x80004734 (0x41e25b33) sra     s6, tp, t5
core   0: 3 0x80004734 (0x41e25b33) x22 0x80011e64
core   0: 0x80004738 (0xe025cd13) xori    s10, a1, -510
core   0: 3 0x80004738 (0xe025cd13) x26 0xfffffe02
core   0: 0x8000473c (0x001e3cb3) sltu    s9, t3, ra
core   0: 3 0x8000473c (0x001e3cb3) x25 0x00000001
core   0: 0x80004740 (0x00face33) xor     t3, s5, a5
core   0: 3 0x80004740 (0x00face33) x28 0x2bd0bae2
core   0: 0x80004744 (0x2f372d13) slti    s10, a4, 755
core   0: 3 0x80004744 (0x2f372d13) x26 0x00000001
core   0: 0x80004748 (0x012edfb3) srl     t6, t4, s2
core   0: 3 0x80004748 (0x012edfb3) x31 0x00007fff
core   0: 0x8000474c (0x90303913) sltiu   s2, zero, -1789
core   0: 3 0x8000474c (0x90303913) x18 0x00000001
core   0: 0x80004750 (0x01785313) srli    t1, a6, 23
core   0: 3 0x80004750 (0x01785313) x 6 0x000001ff
core   0: 0x80004754 (0x00adbf33) sltu    t5, s11, a0
core   0: 3 0x80004754 (0x00adbf33) x30 0x00000001
core   0: 0x80004758 (0x4ba0ef13) ori     t5, ra, 1210
core   0: 3 0x80004758 (0x4ba0ef13) x30 0xffffffff
core   0: 0x8000475c (0x8a370893) addi    a7, a4, -1885
core   0: 3 0x8000475c (0x8a370893) x17 0xfffff8a3
core   0: 0x80004760 (0xf2c50c13) addi    s8, a0, -212
core   0: 3 0x80004760 (0xf2c50c13) x24 0x80015c10
core   0: 0x80004764 (0x01e1cdb3) xor     s11, gp, t5
core   0: 3 0x80004764 (0x01e1cdb3) x27 0x7ffea37f
core   0: 0x80004768 (0x0019c4b3) xor     s1, s3, ra
core   0: 3 0x80004768 (0x0019c4b3) x 9 0x7fffffff
core   0: 0x8000476c (0x00aeef33) or      t5, t4, a0
core   0: 3 0x8000476c (0x00aeef33) x30 0x80017fff
core   0: 0x80004770 (0x012482b3) add     t0, s1, s2
core   0: 3 0x80004770 (0x012482b3) x 5 0x80000000
core   0: 0x80004774 (0x012a4fb3) xor     t6, s4, s2
core   0: 3 0x80004774 (0x012a4fb3) x31 0x00000001
core   0: 0x80004778 (0x41e00333) sub     t1, zero, t5
core   0: 3 0x80004778 (0x41e00333) x 6 0x7ffe8001
core   0: 0x8000477c (0x00d04eb3) xor     t4, zero, a3
core   0: 3 0x8000477c (0x00d04eb3) x29 0xce87ba23
core   0: 0x80004780 (0x7f62bf93) sltiu   t6, t0, 2038
core   0: 3 0x80004780 (0x7f62bf93) x31 0x00000000
core   0: 0x80004784 (0x56594297) auipc   t0, 0x56594
core   0: 3 0x80004784 (0x56594297) x 5 0xd6598784
core   0: 0x80004788 (0x6714a693) slti    a3, s1, 1649
core   0: 3 0x80004788 (0x6714a693) x13 0x00000000
core   0: 0x8000478c (0x365d96b7) lui     a3, 0x365d9
core   0: 3 0x8000478c (0x365d96b7) x13 0x365d9000
core   0: 0x80004790 (0x01f15e13) srli    t3, sp, 31
core   0: 3 0x80004790 (0x01f15e13) x28 0x00000000
core   0: 0x80004794 (0x00579393) slli    t2, a5, 5
core   0: 3 0x80004794 (0x00579393) x 7 0x1b88e000
core   0: 0x80004798 (0x00000013) nop
core   0: 3 0x80004798 (0x00000013)
core   0: 0x8000479c (0x002681b3) add     gp, a3, sp
core   0: 3 0x8000479c (0x002681b3) x 3 0x3739d700
core   0: 0x800047a0 (0x00000013) nop
core   0: 3 0x800047a0 (0x00000013)
core   0: 0x800047a4 (0xea003113) sltiu   sp, zero, -352
core   0: 3 0x800047a4 (0xea003113) x 2 0x00000001
core   0: 0x800047a8 (0x018f5c13) srli    s8, t5, 24
core   0: 3 0x800047a8 (0x018f5c13) x24 0x00000080
core   0: 0x800047ac (0x416d04b3) sub     s1, s10, s6
core   0: 3 0x800047ac (0x416d04b3) x 9 0x7ffee19d
core   0: 0x800047b0 (0x69016793) ori     a5, sp, 1680
core   0: 3 0x800047b0 (0x69016793) x15 0x00000691
core   0: 0x800047b4 (0x01e27fb3) and     t6, tp, t5
core   0: 3 0x800047b4 (0x01e27fb3) x31 0x80011e64
core   0: 0x800047b8 (0x00efd093) srli    ra, t6, 14
core   0: 3 0x800047b8 (0x00efd093) x 1 0x00020004
core   0: 0x800047bc (0x0089ccb3) xor     s9, s3, s0
core   0: 3 0x800047bc (0x0089ccb3) x25 0x6498ece4
core   0: 0x800047c0 (0x00030633) add     a2, t1, zero
core   0: 3 0x800047c0 (0x00030633) x12 0x7ffe8001
core   0: 0x800047c4 (0xcbdebb93) sltiu   s7, t4, -835
core   0: 3 0x800047c4 (0xcbdebb93) x23 0x00000001
core   0: 0x800047c8 (0x6512c193) xori    gp, t0, 1617
core   0: 3 0x800047c8 (0x6512c193) x 3 0xd65981d5
core   0: 0x800047cc (0x01db84b3) add     s1, s7, t4
core   0: 3 0x800047cc (0x01db84b3) x 9 0xce87ba24
core   0: 0x800047d0 (0x00831db3) sll     s11, t1, s0
core   0: 3 0x800047d0 (0x00831db3) x27 0xffe80010
core   0: 0x800047d4 (0x0028d393) srli    t2, a7, 2
core   0: 3 0x800047d4 (0x0028d393) x 7 0x3ffffe28
core   0: 0x800047d8 (0xf1814493) xori    s1, sp, -232
core   0: 3 0x800047d8 (0xf1814493) x 9 0xffffff19
core   0: 0x800047dc (0xbc1f0593) addi    a1, t5, -1087
core   0: 3 0x800047dc (0xbc1f0593) x11 0x80017bc0
core   0: 0x800047e0 (0x01256b33) or      s6, a0, s2
core   0: 3 0x800047e0 (0x01256b33) x22 0x80015ce5
core   0: 0x800047e4 (0x419c8933) sub     s2, s9, s9
core   0: 3 0x800047e4 (0x419c8933) x18 0x00000000
core   0: 0x800047e8 (0x408bd813) srai    a6, s7, 8
core   0: 3 0x800047e8 (0x408bd813) x16 0x00000000
core   0: 0x800047ec (0x4118d033) sra     zero, a7, a7
core   0: 3 0x800047ec (0x4118d033)
core   0: 0x800047f0 (0x4104dd93) srai    s11, s1, 16
core   0: 3 0x800047f0 (0x4104dd93) x27 0xffffffff
core   0: 0x800047f4 (0x00000013) nop
core   0: 3 0x800047f4 (0x00000013)
core   0: 0x800047f8 (0x32b0c893) xori    a7, ra, 811
core   0: 3 0x800047f8 (0x32b0c893) x17 0x0002032f
core   0: 0x800047fc (0x01ad8bb3) add     s7, s11, s10
core   0: 3 0x800047fc (0x01ad8bb3) x23 0x00000000
core   0: 0x80004800 (0x00a78633) add     a2, a5, a0
core   0: 3 0x80004800 (0x00a78633) x12 0x80016375
core   0: 0x80004804 (0x83fc3193) sltiu   gp, s8, -1985
core   0: 3 0x80004804 (0x83fc3193) x 3 0x00000001
core   0: 0x80004808 (0x59628413) addi    s0, t0, 1430
core   0: 3 0x80004808 (0x59628413) x 8 0xd6598d1a
core   0: 0x8000480c (0x01ed7733) and     a4, s10, t5
core   0: 3 0x8000480c (0x01ed7733) x14 0x00000001
core   0: 0x80004810 (0x01953f33) sltu    t5, a0, s9
core   0: 3 0x80004810 (0x01953f33) x30 0x00000000
core   0: 0x80004814 (0x01740333) add     t1, s0, s7
core   0: 3 0x80004814 (0x01740333) x 6 0xd6598d1a
core   0: 0x80004818 (0x4090deb3) sra     t4, ra, s1
core   0: 3 0x80004818 (0x4090deb3) x29 0x00000000
core   0: 0x8000481c (0x01d19113) slli    sp, gp, 29
core   0: 3 0x8000481c (0x01d19113) x 2 0x20000000
core   0: 0x80004820 (0x01ce77b3) and     a5, t3, t3
core   0: 3 0x80004820 (0x01ce77b3) x15 0x00000000
core   0: 0x80004824 (0x3646ba93) sltiu   s5, a3, 868
core   0: 3 0x80004824 (0x3646ba93) x21 0x00000000
core   0: 0x80004828 (0x017f54b3) srl     s1, t5, s7
core   0: 3 0x80004828 (0x017f54b3) x 9 0x00000000
core   0: 0x8000482c (0x41605bb3) sra     s7, zero, s6
core   0: 3 0x8000482c (0x41605bb3) x23 0x00000000
core   0: 0x80004830 (0x8cf3ab93) slti    s7, t2, -1841
core   0: 3 0x80004830 (0x8cf3ab93) x23 0x00000000
core   0: 0x80004834 (0xb64a2193) slti    gp, s4, -1180
core   0: 3 0x80004834 (0xb64a2193) x 3 0x00000000
core   0: 0x80004838 (0x40880a33) sub     s4, a6, s0
core   0: 3 0x80004838 (0x40880a33) x20 0x29a672e6
core   0: 0x8000483c (0x0ad34013) xori    zero, t1, 173
core   0: 3 0x8000483c (0x0ad34013)
core   0: 0x80004840 (0x0093f133) and     sp, t2, s1
core   0: 3 0x80004840 (0x0093f133) x 2 0x00000000
core   0: 0x80004844 (0x01004fb3) xor     t6, zero, a6
core   0: 3 0x80004844 (0x01004fb3) x31 0x00000000
core   0: 0x80004848 (0xfff00f93) li      t6, -1
core   0: 3 0x80004848 (0xfff00f93) x31 0xffffffff
core   0: 0x8000484c (0x00000c13) li      s8, 0
core   0: 3 0x8000484c (0x00000c13) x24 0x00000000
core   0: 0x80004850 (0xfff00093) li      ra, -1
core   0: 3 0x80004850 (0xfff00093) x 1 0xffffffff
core   0: 0x80004854 (0xfff00693) li      a3, -1
core   0: 3 0x80004854 (0xfff00693) x13 0xffffffff
core   0: 0x80004858 (0x21eb15b7) lui     a1, 0x21eb1
core   0: 3 0x80004858 (0x21eb15b7) x11 0x21eb1000
core   0: 0x8000485c (0x57458593) addi    a1, a1, 1396
core   0: 3 0x8000485c (0x57458593) x11 0x21eb1574
core   0: 0x80004860 (0xfff00393) li      t2, -1
core   0: 3 0x80004860 (0xfff00393) x 7 0xffffffff
core   0: 0x80004864 (0x00000f13) li      t5, 0
core   0: 3 0x80004864 (0x00000f13) x30 0x00000000
core   0: 0x80004868 (0x00000b93) li      s7, 0
core   0: 3 0x80004868 (0x00000b93) x23 0x00000000
core   0: 0x8000486c (0x980808b7) lui     a7, 0x98080
core   0: 3 0x8000486c (0x980808b7) x17 0x98080000
core   0: 0x80004870 (0x06c88893) addi    a7, a7, 108
core   0: 3 0x80004870 (0x06c88893) x17 0x9808006c
core   0: 0x80004874 (0x303ce137) lui     sp, 0x303ce
core   0: 3 0x80004874 (0x303ce137) x 2 0x303ce000
core   0: 0x80004878 (0xcb810113) addi    sp, sp, -840
core   0: 3 0x80004878 (0xcb810113) x 2 0x303cdcb8
core   0: 0x8000487c (0x00000013) nop
core   0: 3 0x8000487c (0x00000013)
core   0: 0x80004880 (0x6b1acf17) auipc   t5, 0x6b1ac
core   0: 3 0x80004880 (0x6b1acf17) x30 0xeb1b0880
core   0: 0x80004884 (0x01f108b3) add     a7, sp, t6
core   0: 3 0x80004884 (0x01f108b3) x17 0x303cdcb7
core   0: 0x80004888 (0x00000013) nop
core   0: 3 0x80004888 (0x00000013)
core   0: 0x8000488c (0x00d585b3) add     a1, a1, a3
core   0: 3 0x8000488c (0x00d585b3) x11 0x21eb1573
core   0: 0x80004890 (0x41fc0f33) sub     t5, s8, t6
core   0: 3 0x80004890 (0x41fc0f33) x30 0x00000001
core   0: 0x80004894 (0x00000013) nop
core   0: 3 0x80004894 (0x00000013)
core   0: 0x80004898 (0x401680b3) sub     ra, a3, ra
core   0: 3 0x80004898 (0x401680b3) x 1 0x00000000
core   0: 0x8000489c (0x910ca3b7) lui     t2, 0x910ca
core   0: 3 0x8000489c (0x910ca3b7) x 7 0x910ca000
core   0: 0x800048a0 (0x00000013) nop
core   0: 3 0x800048a0 (0x00000013)
core   0: 0x800048a4 (0xc791fc17) auipc   s8, 0xc791f
core   0: 3 0x800048a4 (0xc791fc17) x24 0x479238a4
core   0: 0x800048a8 (0x01ec0f33) add     t5, s8, t5
core   0: 3 0x800048a8 (0x01ec0f33) x30 0x479238a5
core   0: 0x800048ac (0x0c4b8b93) addi    s7, s7, 196
core   0: 3 0x800048ac (0x0c4b8b93) x23 0x000000c4
core   0: 0x800048b0 (0x00000013) nop
core   0: 3 0x800048b0 (0x00000013)
core   0: 0x800048b4 (0xd0b58b97) auipc   s7, 0xd0b58
core   0: 3 0x800048b4 (0xd0b58b97) x23 0x50b5c8b4
core   0: 0x800048b8 (0x4051fb17) auipc   s6, 0x4051f
core   0: 3 0x800048b8 (0x4051fb17) x22 0xc05238b8
core   0: 0x800048bc (0xa819c413) xori    s0, s3, -1407
core   0: 3 0x800048bc (0xa819c413) x 8 0x7ffffa81
core   0: 0x800048c0 (0x41e55193) srai    gp, a0, 30
core   0: 3 0x800048c0 (0x41e55193) x 3 0xfffffffe
core   0: 0x800048c4 (0x0168d7b3) srl     a5, a7, s6
core   0: 3 0x800048c4 (0x0168d7b3) x15 0x00000030
core   0: 0x800048c8 (0x01971f13) slli    t5, a4, 25
core   0: 3 0x800048c8 (0x01971f13) x30 0x02000000
core   0: 0x800048cc (0x00fcf8b3) and     a7, s9, a5
core   0: 3 0x800048cc (0x00fcf8b3) x17 0x00000020
core   0: 0x800048d0 (0x01722133) slt     sp, tp, s7
core   0: 3 0x800048d0 (0x01722133) x 2 0x00000001
core   0: 0x800048d4 (0x25bfe613) ori     a2, t6, 603
core   0: 3 0x800048d4 (0x25bfe613) x12 0xffffffff
core   0: 0x800048d8 (0x01b39b93) slli    s7, t2, 27
core   0: 3 0x800048d8 (0x01b39b93) x23 0x00000000
core   0: 0x800048dc (0x400ad293) srai    t0, s5, 0
core   0: 3 0x800048dc (0x400ad293) x 5 0x00000000
core   0: 0x800048e0 (0x00b6c1b3) xor     gp, a3, a1
core   0: 3 0x800048e0 (0x00b6c1b3) x 3 0xde14ea8c
core   0: 0x800048e4 (0xc848ad93) slti    s11, a7, -892
core   0: 3 0x800048e4 (0xc848ad93) x27 0x00000000
core   0: 0x800048e8 (0x1b0f2b93) slti    s7, t5, 432
core   0: 3 0x800048e8 (0x1b0f2b93) x23 0x00000000
core   0: 0x800048ec (0x01df6fb3) or      t6, t5, t4
core   0: 3 0x800048ec (0x01df6fb3) x31 0x02000000
core   0: 0x800048f0 (0x346fea93) ori     s5, t6, 838
core   0: 3 0x800048f0 (0x346fea93) x21 0x02000346
core   0: 0x800048f4 (0x00bbe833) or      a6, s7, a1
core   0: 3 0x800048f4 (0x00bbe833) x16 0x21eb1573
core   0: 0x800048f8 (0x40cad013) srai    zero, s5, 12
core   0: 3 0x800048f8 (0x40cad013)
core   0: 0x800048fc (0x0089d593) srli    a1, s3, 8
core   0: 3 0x800048fc (0x0089d593) x11 0x00800000
core   0: 0x80004900 (0x01a21113) slli    sp, tp, 26
core   0: 3 0x80004900 (0x01a21113) x 2 0x90000000
core   0: 0x80004904 (0x41af56b3) sra     a3, t5, s10
core   0: 3 0x80004904 (0x41af56b3) x13 0x01000000
core   0: 0x80004908 (0x0173c333) xor     t1, t2, s7
core   0: 3 0x80004908 (0x0173c333) x 6 0x910ca000
core   0: 0x8000490c (0xc8c2c813) xori    a6, t0, -884
core   0: 3 0x8000490c (0xc8c2c813) x16 0xfffffc8c
core   0: 0x80004910 (0x0110afb3) slt     t6, ra, a7
core   0: 3 0x80004910 (0x0110afb3) x31 0x00000001
core   0: 0x80004914 (0x00f68bb3) add     s7, a3, a5
core   0: 3 0x80004914 (0x00f68bb3) x23 0x01000030
core   0: 0x80004918 (0x4143d913) srai    s2, t2, 20
core   0: 3 0x80004918 (0x4143d913) x18 0xfffff910
core   0: 0x8000491c (0x00cacb33) xor     s6, s5, a2
core   0: 3 0x8000491c (0x00cacb33) x22 0xfdfffcb9
core   0: 0x80004920 (0x00000013) nop
core   0: 3 0x80004920 (0x00000013)
core   0: 0x80004924 (0x71fd9637) lui     a2, 0x71fd9
core   0: 3 0x80004924 (0x71fd9637) x12 0x71fd9000
core   0: 0x80004928 (0x7b1db193) sltiu   gp, s11, 1969
core   0: 3 0x80004928 (0x7b1db193) x 3 0x00000001
core   0: 0x8000492c (0xdc290f13) addi    t5, s2, -574
core   0: 3 0x8000492c (0xdc290f13) x30 0xfffff6d2
core   0: 0x80004930 (0x00d71813) slli    a6, a4, 13
core   0: 3 0x80004930 (0x00d71813) x16 0x00002000
core   0: 0x80004934 (0x015d5e13) srli    t3, s10, 21
core   0: 3 0x80004934 (0x015d5e13) x28 0x00000000
core   0: 0x80004938 (0x7f627013) andi    zero, tp, 2038
core   0: 3 0x80004938 (0x7f627013)
core   0: 0x8000493c (0x6c222893) slti    a7, tp, 1730
core   0: 3 0x8000493c (0x6c222893) x17 0x00000001
core   0: 0x80004940 (0x00f895b3) sll     a1, a7, a5
core   0: 3 0x80004940 (0x00f895b3) x11 0x00010000
core   0: 0x80004944 (0x0129ccb3) xor     s9, s3, s2
core   0: 3 0x80004944 (0x0129ccb3) x25 0x7ffff910
core   0: 0x80004948 (0x01ef5913) srli    s2, t5, 30
core   0: 3 0x80004948 (0x01ef5913) x18 0x00000003
core   0: 0x8000494c (0x5b2db5b7) lui     a1, 0x5b2db
core   0: 3 0x8000494c (0x5b2db5b7) x11 0x5b2db000
core   0: 0x80004950 (0xef72d1b7) lui     gp, 0xef72d
core   0: 3 0x80004950 (0xef72d1b7) x 3 0xef72d000
core   0: 0x80004954 (0x01c02bb3) slt     s7, zero, t3
core   0: 3 0x80004954 (0x01c02bb3) x23 0x00000000
core   0: 0x80004958 (0x85b67c13) andi    s8, a2, -1957
core   0: 3 0x80004958 (0x85b67c13) x24 0x71fd9000
core   0: 0x8000495c (0x01282033) slt     zero, a6, s2
core   0: 3 0x8000495c (0x01282033)
core   0: 0x80004960 (0x01d61a33) sll     s4, a2, t4
core   0: 3 0x80004960 (0x01d61a33) x20 0x71fd9000
core   0: 0x80004964 (0x007efa33) and     s4, t4, t2
core   0: 3 0x80004964 (0x007efa33) x20 0x00000000
core   0: 0x80004968 (0x64f06c13) ori     s8, zero, 1615
core   0: 3 0x80004968 (0x64f06c13) x24 0x0000064f
core   0: 0x8000496c (0xffefe293) ori     t0, t6, -2
core   0: 3 0x8000496c (0xffefe293) x 5 0xffffffff
core   0: 0x80004970 (0x154d4837) lui     a6, 0x154d4
core   0: 3 0x80004970 (0x154d4837) x16 0x154d4000
core   0: 0x80004974 (0x001108b3) add     a7, sp, ra
core   0: 3 0x80004974 (0x001108b3) x17 0x90000000
core   0: 0x80004978 (0x9b046893) ori     a7, s0, -1616
core   0: 3 0x80004978 (0x9b046893) x17 0xfffffbb1
core   0: 0x8000497c (0xe7538813) addi    a6, t2, -395
core   0: 3 0x8000497c (0xe7538813) x16 0x910c9e75
core   0: 0x80004980 (0x008d1693) slli    a3, s10, 8
core   0: 3 0x80004980 (0x008d1693) x13 0x00000100
core   0: 0x80004984 (0x414eda13) srai    s4, t4, 20
core   0: 3 0x80004984 (0x414eda13) x20 0x00000000
core   0: 0x80004988 (0x406707b3) sub     a5, a4, t1
core   0: 3 0x80004988 (0x406707b3) x15 0x6ef36001
core   0: 0x8000498c (0x01315c13) srli    s8, sp, 19
core   0: 3 0x8000498c (0x01315c13) x24 0x00001200
core   0: 0x80004990 (0x00c2df33) srl     t5, t0, a2
core   0: 3 0x80004990 (0x00c2df33) x30 0xffffffff
core   0: 0x80004994 (0x00000013) nop
core   0: 3 0x80004994 (0x00000013)
core   0: 0x80004998 (0x0072f133) and     sp, t0, t2
core   0: 3 0x80004998 (0x0072f133) x 2 0x910ca000
core   0: 0x8000499c (0xea524713) xori    a4, tp, -347
core   0: 3 0x8000499c (0xea524713) x14 0x7ffee0c1
core   0: 0x800049a0 (0xcbed4d93) xori    s11, s10, -834
core   0: 3 0x800049a0 (0xcbed4d93) x27 0xfffffcbf
core   0: 0x800049a4 (0x010b9613) slli    a2, s7, 16
core   0: 3 0x800049a4 (0x010b9613) x12 0x00000000
core   0: 0x800049a8 (0x3a3431b7) lui     gp, 0x3a343
core   0: 3 0x800049a8 (0x3a3431b7) x 3 0x3a343000
core   0: 0x800049ac (0x00a72bb3) slt     s7, a4, a0
core   0: 3 0x800049ac (0x00a72bb3) x23 0x00000000
core   0: 0x800049b0 (0x00389d13) slli    s10, a7, 3
core   0: 3 0x800049b0 (0x00389d13) x26 0xffffdd88
core   0: 0x800049b4 (0x01be7133) and     sp, t3, s11
core   0: 3 0x800049b4 (0x01be7133) x 2 0x00000000
core   0: 0x800049b8 (0x00dc3e33) sltu    t3, s8, a3
core   0: 3 0x800049b8 (0x00dc3e33) x28 0x00000000
core   0: 0x800049bc (0x005028b3) slt     a7, zero, t0
core   0: 3 0x800049bc (0x005028b3) x17 0x00000000
core   0: 0x800049c0 (0xbf53e737) lui     a4, 0xbf53e
core   0: 3 0x800049c0 (0xbf53e737) x14 0xbf53e000
core   0: 0x800049c4 (0x01f79293) slli    t0, a5, 31
core   0: 3 0x800049c4 (0x01f79293) x 5 0x80000000
core   0: 0x800049c8 (0x99800813) li      a6, -1640
core   0: 3 0x800049c8 (0x99800813) x16 0xfffff998
core   0: 0x800049cc (0xc12bae93) slti    t4, s7, -1006
core   0: 3 0x800049cc (0xc12bae93) x29 0x00000000
core   0: 0x800049d0 (0xb0c9c493) xori    s1, s3, -1268
core   0: 3 0x800049d0 (0xb0c9c493) x 9 0x7ffffb0c
core   0: 0x800049d4 (0x00fba0b3) slt     ra, s7, a5
core   0: 3 0x800049d4 (0x00fba0b3) x 1 0x00000001
core   0: 0x800049d8 (0x01c354b3) srl     s1, t1, t3
core   0: 3 0x800049d8 (0x01c354b3) x 9 0x910ca000
core   0: 0x800049dc (0x008fde13) srli    t3, t6, 8
core   0: 3 0x800049dc (0x008fde13) x28 0x00000000
core   0: 0x800049e0 (0x01f9f133) and     sp, s3, t6
core   0: 3 0x800049e0 (0x01f9f133) x 2 0x00000000
core   0: 0x800049e4 (0xdfb88a37) lui     s4, 0xdfb88
core   0: 3 0x800049e4 (0xdfb88a37) x20 0xdfb88000
core   0: 0x800049e8 (0x00839733) sll     a4, t2, s0
core   0: 3 0x800049e8 (0x00839733) x14 0x22194000
core   0: 0x800049ec (0x413edb93) srai    s7, t4, 19
core   0: 3 0x800049ec (0x413edb93) x23 0x00000000
core   0: 0x800049f0 (0x002b1613) slli    a2, s6, 2
core   0: 3 0x800049f0 (0x002b1613) x12 0xf7fff2e4
core   0: 0x800049f4 (0x00000013) nop
core   0: 3 0x800049f4 (0x00000013)
core   0: 0x800049f8 (0x9e897193) andi    gp, s2, -1560
core   0: 3 0x800049f8 (0x9e897193) x 3 0x00000000
core   0: 0x800049fc (0xf5538913) addi    s2, t2, -171
core   0: 3 0x800049fc (0xf5538913) x18 0x910c9f55
core   0: 0x80004a00 (0x008d4133) xor     sp, s10, s0
core   0: 3 0x80004a00 (0x008d4133) x 2 0x80002709
core   0: 0x80004a04 (0x00c59393) slli    t2, a1, 12
core   0: 3 0x80004a04 (0x00c59393) x 7 0xdb000000
core   0: 0x80004a08 (0x004cffb3) and     t6, s9, tp
core   0: 3 0x80004a08 (0x004cffb3) x31 0x00011800
core   0: 0x80004a0c (0x0085dd33) srl     s10, a1, s0
core   0: 3 0x80004a0c (0x0085dd33) x26 0x2d96d800
core   0: 0x80004a10 (0x41ffd013) srai    zero, t6, 31
core   0: 3 0x80004a10 (0x41ffd013)
core   0: 0x80004a14 (0x6af34293) xori    t0, t1, 1711
core   0: 3 0x80004a14 (0x6af34293) x 5 0x910ca6af
core   0: 0x80004a18 (0x6908b693) sltiu   a3, a7, 1680
core   0: 3 0x80004a18 (0x6908b693) x13 0x00000001
core   0: 0x80004a1c (0x3fc1ba37) lui     s4, 0x3fc1b
core   0: 3 0x80004a1c (0x3fc1ba37) x20 0x3fc1b000
core   0: 0x80004a20 (0x00cdd0b3) srl     ra, s11, a2
core   0: 3 0x80004a20 (0x00cdd0b3) x 1 0x0fffffcb
core   0: 0x80004a24 (0x189f7d13) andi    s10, t5, 393
core   0: 3 0x80004a24 (0x189f7d13) x26 0x00000189
core   0: 0x80004a28 (0x007a75b3) and     a1, s4, t2
core   0: 3 0x80004a28 (0x007a75b3) x11 0x1b000000
core   0: 0x80004a2c (0x01b523b3) slt     t2, a0, s11
core   0: 3 0x80004a2c (0x01b523b3) x 7 0x00000001
core   0: 0x80004a30 (0x007008b3) add     a7, zero, t2
core   0: 3 0x80004a30 (0x007008b3) x17 0x00000001
core   0: 0x80004a34 (0xa448ae13) slti    t3, a7, -1468
core   0: 3 0x80004a34 (0xa448ae13) x28 0x00000000
core   0: 0x80004a38 (0x01e99013) slli    zero, s3, 30
core   0: 3 0x80004a38 (0x01e99013)
core   0: 0x80004a3c (0xd416b293) sltiu   t0, a3, -703
core   0: 3 0x80004a3c (0xd416b293) x 5 0x00000001
core   0: 0x80004a40 (0xd16e8d13) addi    s10, t4, -746
core   0: 3 0x80004a40 (0xd16e8d13) x26 0xfffffd16
core   0: 0x80004a44 (0x2cfd5e37) lui     t3, 0x2cfd5
core   0: 3 0x80004a44 (0x2cfd5e37) x28 0x2cfd5000
core   0: 0x80004a48 (0xf4fe0e13) addi    t3, t3, -177
core   0: 3 0x80004a48 (0xf4fe0e13) x28 0x2cfd4f4f
core   0: 0x80004a4c (0x80000fb7) lui     t6, 0x80000
core   0: 3 0x80004a4c (0x80000fb7) x31 0x80000000
core   0: 0x80004a50 (0x00000a93) li      s5, 0
core   0: 3 0x80004a50 (0x00000a93) x21 0x00000000
core   0: 0x80004a54 (0x800001b7) lui     gp, 0x80000
core   0: 3 0x80004a54 (0x800001b7) x 3 0x80000000
core   0: 0x80004a58 (0x800004b7) lui     s1, 0x80000
core   0: 3 0x80004a58 (0x800004b7) x 9 0x80000000
core   0: 0x80004a5c (0x00000e93) li      t4, 0
core   0: 3 0x80004a5c (0x00000e93) x29 0x00000000
core   0: 0x80004a60 (0x00000f13) li      t5, 0
core   0: 3 0x80004a60 (0x00000f13) x30 0x00000000
core   0: 0x80004a64 (0xfff00593) li      a1, -1
core   0: 3 0x80004a64 (0xfff00593) x11 0xffffffff
core   0: 0x80004a68 (0x00000d13) li      s10, 0
core   0: 3 0x80004a68 (0x00000d13) x26 0x00000000
core   0: 0x80004a6c (0x00000d93) li      s11, 0
core   0: 3 0x80004a6c (0x00000d93) x27 0x00000000
core   0: 0x80004a70 (0x429415b7) lui     a1, 0x42941
core   0: 3 0x80004a70 (0x429415b7) x11 0x42941000
core   0: 0x80004a74 (0x01ba84b3) add     s1, s5, s11
core   0: 3 0x80004a74 (0x01ba84b3) x 9 0x00000000
core   0: 0x80004a78 (0xfbcb9ab7) lui     s5, 0xfbcb9
core   0: 3 0x80004a78 (0xfbcb9ab7) x21 0xfbcb9000
core   0: 0x80004a7c (0xaca37eb7) lui     t4, 0xaca37
core   0: 3 0x80004a7c (0xaca37eb7) x29 0xaca37000
core   0: 0x80004a80 (0x7e94af97) auipc   t6, 0x7e94a
core   0: 3 0x80004a80 (0x7e94af97) x31 0xfe94ea80
core   0: 0x80004a84 (0xf6d7ed37) lui     s10, 0xf6d7e
core   0: 3 0x80004a84 (0xf6d7ed37) x26 0xf6d7e000
core   0: 0x80004a88 (0x01bd0ab3) add     s5, s10, s11
core   0: 3 0x80004a88 (0x01bd0ab3) x21 0xf6d7e000
core   0: 0x80004a8c (0xbeb1fab7) lui     s5, 0xbeb1f
core   0: 3 0x80004a8c (0xbeb1fab7) x21 0xbeb1f000
core   0: 0x80004a90 (0x415e8f33) sub     t5, t4, s5
core   0: 3 0x80004a90 (0x415e8f33) x30 0xedf18000
core   0: 0x80004a94 (0x41da81b3) sub     gp, s5, t4
core   0: 3 0x80004a94 (0x41da81b3) x 3 0x120e8000
core   0: 0x80004a98 (0x0d618f13) addi    t5, gp, 214
core   0: 3 0x80004a98 (0x0d618f13) x30 0x120e80d6
core   0: 0x80004a9c (0xaaf58d93) addi    s11, a1, -1361
core   0: 3 0x80004a9c (0xaaf58d93) x27 0x42940aaf
core   0: 0x80004aa0 (0x409a84b3) sub     s1, s5, s1
core   0: 3 0x80004aa0 (0x409a84b3) x 9 0xbeb1f000
core   0: 0x80004aa4 (0x850d6e97) auipc   t4, 0x850d6
core   0: 3 0x80004aa4 (0x850d6e97) x29 0x050daaa4
core   0: 0x80004aa8 (0x00000013) nop
core   0: 3 0x80004aa8 (0x00000013)
core   0: 0x80004aac (0x01c58ab3) add     s5, a1, t3
core   0: 3 0x80004aac (0x01c58ab3) x21 0x6f915f4f
core   0: 0x80004ab0 (0x409a85b3) sub     a1, s5, s1
core   0: 3 0x80004ab0 (0x409a85b3) x11 0xb0df6f4f
core   0: 0x80004ab4 (0x01ff04b3) add     s1, t5, t6
core   0: 3 0x80004ab4 (0x01ff04b3) x 9 0x10a36b56
core   0: 0x80004ab8 (0x34f69eb7) lui     t4, 0x34f69
core   0: 3 0x80004ab8 (0x34f69eb7) x29 0x34f69000
core   0: 0x80004abc (0x41518e33) sub     t3, gp, s5
core   0: 3 0x80004abc (0x41518e33) x28 0xa27d20b1
core   0: 0x80004ac0 (0xd336ed97) auipc   s11, 0xd336e
core   0: 3 0x80004ac0 (0xd336ed97) x27 0x53372ac0
core   0: 0x80004ac4 (0x67dea497) auipc   s1, 0x67dea
core   0: 3 0x80004ac4 (0x67dea497) x 9 0xe7deeac4
core   0: 0x80004ac8 (0x6a090f37) lui     t5, 0x6a090
core   0: 3 0x80004ac8 (0x6a090f37) x30 0x6a090000
core   0: 0x80004acc (0x018bd833) srl     a6, s7, s8
core   0: 3 0x80004acc (0x018bd833) x16 0x00000000
core   0: 0x80004ad0 (0x01b25493) srli    s1, tp, 27
core   0: 3 0x80004ad0 (0x01b25493) x 9 0x00000010
core   0: 0x80004ad4 (0x4041d293) srai    t0, gp, 4
core   0: 3 0x80004ad4 (0x4041d293) x 5 0x0120e800
core   0: 0x80004ad8 (0x0520c013) xori    zero, ra, 82
core   0: 3 0x80004ad8 (0x0520c013)
core   0: 0x80004adc (0x9f79f113) andi    sp, s3, -1545
core   0: 3 0x80004adc (0x9f79f113) x 2 0x80000000
core   0: 0x80004ae0 (0x407001b3) sub     gp, zero, t2
core   0: 3 0x80004ae0 (0x407001b3) x 3 0xffffffff
core   0: 0x80004ae4 (0x4678c113) xori    sp, a7, 1127
core   0: 3 0x80004ae4 (0x4678c113) x 2 0x00000466
core   0: 0x80004ae8 (0x89689597) auipc   a1, 0x89689
core   0: 3 0x80004ae8 (0x89689597) x11 0x0968dae8
core   0: 0x80004aec (0x41695033) sra     zero, s2, s6
core   0: 3 0x80004aec (0x41695033)
core   0: 0x80004af0 (0xf9cd2c13) slti    s8, s10, -100
core   0: 3 0x80004af0 (0xf9cd2c13) x24 0x00000001
core   0: 0x80004af4 (0x00735d33) srl     s10, t1, t2
core   0: 3 0x80004af4 (0x00735d33) x26 0x48865000
core   0: 0x80004af8 (0xbae3be93) sltiu   t4, t2, -1106
core   0: 3 0x80004af8 (0xbae3be93) x29 0x00000001
core   0: 0x80004afc (0x004021b3) slt     gp, zero, tp
core   0: 3 0x80004afc (0x004021b3) x 3 0x00000000
core   0: 0x80004b00 (0x00328133) add     sp, t0, gp
core   0: 3 0x80004b00 (0x00328133) x 2 0x0120e800
core   0: 0x80004b04 (0x0dd2a593) slti    a1, t0, 221
core   0: 3 0x80004b04 (0x0dd2a593) x11 0x00000000
core   0: 0x80004b08 (0x00cf43b3) xor     t2, t5, a2
core   0: 3 0x80004b08 (0x00cf43b3) x 7 0x9df6f2e4
core   0: 0x80004b0c (0x3e890197) auipc   gp, 0x3e890
core   0: 3 0x80004b0c (0x3e890197) x 3 0xbe894b0c
core   0: 0x80004b10 (0x4185dfb3) sra     t6, a1, s8
core   0: 3 0x80004b10 (0x4185dfb3) x31 0x00000000
core   0: 0x80004b14 (0x00882cb3) slt     s9, a6, s0
core   0: 3 0x80004b14 (0x00882cb3) x25 0x00000001
core   0: 0x80004b18 (0x13ee0e13) addi    t3, t3, 318
core   0: 3 0x80004b18 (0x13ee0e13) x28 0xa27d21ef
core   0: 0x80004b1c (0x001ec5b3) xor     a1, t4, ra
core   0: 3 0x80004b1c (0x001ec5b3) x11 0x0fffffca
core   0: 0x80004b20 (0x00eeadb3) slt     s11, t4, a4
core   0: 3 0x80004b20 (0x00eeadb3) x27 0x00000001
core   0: 0x80004b24 (0x40f35493) srai    s1, t1, 15
core   0: 3 0x80004b24 (0x40f35493) x 9 0xffff2219
core   0: 0x80004b28 (0x00c790b3) sll     ra, a5, a2
core   0: 3 0x80004b28 (0x00c790b3) x 1 0xef360010
core   0: 0x80004b2c (0x015aca33) xor     s4, s5, s5
core   0: 3 0x80004b2c (0x015aca33) x20 0x00000000
core   0: 0x80004b30 (0x41a507b3) sub     a5, a0, s10
core   0: 3 0x80004b30 (0x41a507b3) x15 0x377b0ce4
core   0: 0x80004b34 (0x00a256b3) srl     a3, tp, a0
core   0: 3 0x80004b34 (0x00a256b3) x13 0x080011e6
core   0: 0x80004b38 (0x40b30033) sub     zero, t1, a1
core   0: 3 0x80004b38 (0x40b30033)
core   0: 0x80004b3c (0x3f007297) auipc   t0, 0x3f007
core   0: 3 0x80004b3c (0x3f007297) x 5 0xbf00bb3c
core   0: 0x80004b40 (0x649a2613) slti    a2, s4, 1609
core   0: 3 0x80004b40 (0x649a2613) x12 0x00000001
core   0: 0x80004b44 (0x014ef433) and     s0, t4, s4
core   0: 3 0x80004b44 (0x014ef433) x 8 0x00000000
core   0: 0x80004b48 (0x01ce8e93) addi    t4, t4, 28
core   0: 3 0x80004b48 (0x01ce8e93) x29 0x0000001d
core   0: 0x80004b4c (0x005206b3) add     a3, tp, t0
core   0: 3 0x80004b4c (0x005206b3) x13 0x3f01d9a0
core   0: 0x80004b50 (0x01ff74b3) and     s1, t5, t6
core   0: 3 0x80004b50 (0x01ff74b3) x 9 0x00000000
core   0: 0x80004b54 (0x402dde13) srai    t3, s11, 2
core   0: 3 0x80004b54 (0x402dde13) x28 0x00000000
core   0: 0x80004b58 (0x4042dd33) sra     s10, t0, tp
core   0: 3 0x80004b58 (0x4042dd33) x26 0xfbf00bb3
core   0: 0x80004b5c (0x0199c1b3) xor     gp, s3, s9
core   0: 3 0x80004b5c (0x0199c1b3) x 3 0x80000001
core   0: 0x80004b60 (0x00191eb3) sll     t4, s2, ra
core   0: 3 0x80004b60 (0x00191eb3) x29 0x9f550000
core   0: 0x80004b64 (0x412cdc33) sra     s8, s9, s2
core   0: 3 0x80004b64 (0x412cdc33) x24 0x00000000
core   0: 0x80004b68 (0x019233b3) sltu    t2, tp, s9
core   0: 3 0x80004b68 (0x019233b3) x 7 0x00000000
core   0: 0x80004b6c (0x0129ca17) auipc   s4, 0x129c
core   0: 3 0x80004b6c (0x0129ca17) x20 0x812a0b6c
core   0: 0x80004b70 (0x014e5f13) srli    t5, t3, 20
core   0: 3 0x80004b70 (0x014e5f13) x30 0x00000000
core   0: 0x80004b74 (0xca3f2a93) slti    s5, t5, -861
core   0: 3 0x80004b74 (0xca3f2a93) x21 0x00000000
core   0: 0x80004b78 (0x0128fe33) and     t3, a7, s2
core   0: 3 0x80004b78 (0x0128fe33) x28 0x00000001
core   0: 0x80004b7c (0xc64e8393) addi    t2, t4, -924
core   0: 3 0x80004b7c (0xc64e8393) x 7 0x9f54fc64
core   0: 0x80004b80 (0x1f5fd097) auipc   ra, 0x1f5fd
core   0: 3 0x80004b80 (0x1f5fd097) x 1 0x9f601b80
core   0: 0x80004b84 (0x63f6b093) sltiu   ra, a3, 1599
core   0: 3 0x80004b84 (0x63f6b093) x 1 0x00000000
core   0: 0x80004b88 (0x39056293) ori     t0, a0, 912
core   0: 3 0x80004b88 (0x39056293) x 5 0x80015ff4
core   0: 0x80004b8c (0x00397cb3) and     s9, s2, gp
core   0: 3 0x80004b8c (0x00397cb3) x25 0x80000001
core   0: 0x80004b90 (0x41d45013) srai    zero, s0, 29
core   0: 3 0x80004b90 (0x41d45013)
core   0: 0x80004b94 (0x812d3b13) sltiu   s6, s10, -2030
core   0: 3 0x80004b94 (0x812d3b13) x22 0x00000001
core   0: 0x80004b98 (0x0093f733) and     a4, t2, s1
core   0: 3 0x80004b98 (0x0093f733) x14 0x00000000
core   0: 0x80004b9c (0x1723e793) ori     a5, t2, 370
core   0: 3 0x80004b9c (0x1723e793) x15 0x9f54fd76
core   0: 0x80004ba0 (0x8e5150b7) lui     ra, 0x8e515
core   0: 3 0x80004ba0 (0x8e5150b7) x 1 0x8e515000
core   0: 0x80004ba4 (0x016c2733) slt     a4, s8, s6
core   0: 3 0x80004ba4 (0x016c2733) x14 0x00000001
core   0: 0x80004ba8 (0x18db4393) xori    t2, s6, 397
core   0: 3 0x80004ba8 (0x18db4393) x 7 0x0000018c
core   0: 0x80004bac (0x00000013) nop
core   0: 3 0x80004bac (0x00000013)
core   0: 0x80004bb0 (0x2ea26a93) ori     s5, tp, 746
core   0: 3 0x80004bb0 (0x2ea26a93) x21 0x80011eee
core   0: 0x80004bb4 (0xb7668793) addi    a5, a3, -1162
core   0: 3 0x80004bb4 (0xb7668793) x15 0x3f01d516
core   0: 0x80004bb8 (0x413e5093) srai    ra, t3, 19
core   0: 3 0x80004bb8 (0x413e5093) x 1 0x00000000
core   0: 0x80004bbc (0x59500a13) li      s4, 1429
core   0: 3 0x80004bbc (0x59500a13) x20 0x00000595
core   0: 0x80004bc0 (0x00fb68b3) or      a7, s6, a5
core   0: 3 0x80004bc0 (0x00fb68b3) x17 0x3f01d517
core   0: 0x80004bc4 (0x41f55293) srai    t0, a0, 31
core   0: 3 0x80004bc4 (0x41f55293) x 5 0xffffffff
core   0: 0x80004bc8 (0x0116d713) srli    a4, a3, 17
core   0: 3 0x80004bc8 (0x0116d713) x14 0x00001f80
core   0: 0x80004bcc (0x00de8a33) add     s4, t4, a3
core   0: 3 0x80004bcc (0x00de8a33) x20 0xde56d9a0
core   0: 0x80004bd0 (0x014021b3) slt     gp, zero, s4
core   0: 3 0x80004bd0 (0x014021b3) x 3 0x00000000
core   0: 0x80004bd4 (0xcd23c317) auipc   t1, 0xcd23c
core   0: 3 0x80004bd4 (0xcd23c317) x 6 0x4d240bd4
core   0: 0x80004bd8 (0xa1b1a193) slti    gp, gp, -1509
core   0: 3 0x80004bd8 (0xa1b1a193) x 3 0x00000000
core   0: 0x80004bdc (0x001c86b3) add     a3, s9, ra
core   0: 3 0x80004bdc (0x001c86b3) x13 0x80000001
core   0: 0x80004be0 (0xb159f113) andi    sp, s3, -1259
core   0: 3 0x80004be0 (0xb159f113) x 2 0x80000000
core   0: 0x80004be4 (0xa608fc13) andi    s8, a7, -1440
core   0: 3 0x80004be4 (0xa608fc13) x24 0x3f01d000
core   0: 0x80004be8 (0x40c05433) sra     s0, zero, a2
core   0: 3 0x80004be8 (0x40c05433) x 8 0x00000000
core   0: 0x80004bec (0x01e0d893) srli    a7, ra, 30
core   0: 3 0x80004bec (0x01e0d893) x17 0x00000000
core   0: 0x80004bf0 (0x84d34297) auipc   t0, 0x84d34
core   0: 3 0x80004bf0 (0x84d34297) x 5 0x04d38bf0
core   0: 0x80004bf4 (0x01805913) srli    s2, zero, 24
core   0: 3 0x80004bf4 (0x01805913) x18 0x00000000
core   0: 0x80004bf8 (0xcfc1bf37) lui     t5, 0xcfc1b
core   0: 3 0x80004bf8 (0xcfc1bf37) x30 0xcfc1b000
core   0: 0x80004bfc (0x01ee34b3) sltu    s1, t3, t5
core   0: 3 0x80004bfc (0x01ee34b3) x 9 0x00000001
core   0: 0x80004c00 (0x01b29733) sll     a4, t0, s11
core   0: 3 0x80004c00 (0x01b29733) x14 0x09a717e0
core   0: 0x80004c04 (0x00577eb3) and     t4, a4, t0
core   0: 3 0x80004c04 (0x00577eb3) x29 0x008303e0
core   0: 0x80004c08 (0x01d6af33) slt     t5, a3, t4
core   0: 3 0x80004c08 (0x01d6af33) x30 0x00000001
core   0: 0x80004c0c (0x6d188693) addi    a3, a7, 1745
core   0: 3 0x80004c0c (0x6d188693) x13 0x000006d1
core   0: 0x80004c10 (0x009c9ab3) sll     s5, s9, s1
core   0: 3 0x80004c10 (0x009c9ab3) x21 0x00000002
core   0: 0x80004c14 (0x00769a93) slli    s5, a3, 7
core   0: 3 0x80004c14 (0x00769a93) x21 0x00036880
core   0: 0x80004c18 (0xfdf60313) addi    t1, a2, -33
core   0: 3 0x80004c18 (0xfdf60313) x 6 0xffffffe0
core   0: 0x80004c1c (0x01c140b3) xor     ra, sp, t3
core   0: 3 0x80004c1c (0x01c140b3) x 1 0x80000001
core   0: 0x80004c20 (0x0055df13) srli    t5, a1, 5
core   0: 3 0x80004c20 (0x0055df13) x30 0x007ffffe
core   0: 0x80004c24 (0x4b818813) addi    a6, gp, 1208
core   0: 3 0x80004c24 (0x4b818813) x16 0x000004b8
core   0: 0x80004c28 (0x01ed2033) slt     zero, s10, t5
core   0: 3 0x80004c28 (0x01ed2033)
core   0: 0x80004c2c (0x251a3e97) auipc   t4, 0x251a3
core   0: 3 0x80004c2c (0x251a3e97) x29 0xa51a7c2c
core   0: 0x80004c30 (0xeaf48913) addi    s2, s1, -337
core   0: 3 0x80004c30 (0xeaf48913) x18 0xfffffeb0
core   0: 0x80004c34 (0x01c1d733) srl     a4, gp, t3
core   0: 3 0x80004c34 (0x01c1d733) x14 0x00000000
core   0: 0x80004c38 (0x0122bab3) sltu    s5, t0, s2
core   0: 3 0x80004c38 (0x0122bab3) x21 0x00000001
core   0: 0x80004c3c (0xde348913) addi    s2, s1, -541
core   0: 3 0x80004c3c (0xde348913) x18 0xfffffde4
core   0: 0x80004c40 (0x00a280b3) add     ra, t0, a0
core   0: 3 0x80004c40 (0x00a280b3) x 1 0x84d4e8d4
core   0: 0x80004c44 (0x66edcc13) xori    s8, s11, 1646
core   0: 3 0x80004c44 (0x66edcc13) x24 0x0000066f
core   0: 0x80004c48 (0x40f05313) srai    t1, zero, 15
core   0: 3 0x80004c48 (0x40f05313) x 6 0x00000000
core   0: 0x80004c4c (0x00de9433) sll     s0, t4, a3
core   0: 3 0x80004c4c (0x00de9433) x 8 0xf8580000
core   0: 0x80004c50 (0x0164df33) srl     t5, s1, s6
core   0: 3 0x80004c50 (0x0164df33) x30 0x00000000
core   0: 0x80004c54 (0x1e1ab893) sltiu   a7, s5, 481
core   0: 3 0x80004c54 (0x1e1ab893) x17 0x00000001
core   0: 0x80004c58 (0x3d9efa13) andi    s4, t4, 985
core   0: 3 0x80004c58 (0x3d9efa13) x20 0x00000008
core   0: 0x80004c5c (0x5b127193) andi    gp, tp, 1457
core   0: 3 0x80004c5c (0x5b127193) x 3 0x00000420
core   0: 0x80004c60 (0x46c70017) auipc   zero, 0x46c70
core   0: 3 0x80004c60 (0x46c70017)
core   0: 0x80004c64 (0x4071d293) srai    t0, gp, 7
core   0: 3 0x80004c64 (0x4071d293) x 5 0x00000008
core   0: 0x80004c68 (0x00c29133) sll     sp, t0, a2
core   0: 3 0x80004c68 (0x00c29133) x 2 0x00000010
core   0: 0x80004c6c (0x80d32a93) slti    s5, t1, -2035
core   0: 3 0x80004c6c (0x80d32a93) x21 0x00000000
core   0: 0x80004c70 (0x01669333) sll     t1, a3, s6
core   0: 3 0x80004c70 (0x01669333) x 6 0x00000da2
core   0: 0x80004c74 (0x01d5feb3) and     t4, a1, t4
core   0: 3 0x80004c74 (0x01d5feb3) x29 0x051a7c08
core   0: 0x80004c78 (0x9e8fcf13) xori    t5, t6, -1560
core   0: 3 0x80004c78 (0x9e8fcf13) x30 0xfffff9e8
core   0: 0x80004c7c (0x011d6a33) or      s4, s10, a7
core   0: 3 0x80004c7c (0x011d6a33) x20 0xfbf00bb3
core   0: 0x80004c80 (0x1e5fa013) slti    zero, t6, 485
core   0: 3 0x80004c80 (0x1e5fa013)
core   0: 0x80004c84 (0x01b4dd93) srli    s11, s1, 27
core   0: 3 0x80004c84 (0x01b4dd93) x27 0x00000000
core   0: 0x80004c88 (0x4096d613) srai    a2, a3, 9
core   0: 3 0x80004c88 (0x4096d613) x12 0x00000003
core   0: 0x80004c8c (0x92897c93) andi    s9, s2, -1752
core   0: 3 0x80004c8c (0x92897c93) x25 0xfffff920
core   0: 0x80004c90 (0x01e26ab3) or      s5, tp, t5
core   0: 3 0x80004c90 (0x01e26ab3) x21 0xffffffec
core   0: 0x80004c94 (0x019925b3) slt     a1, s2, s9
core   0: 3 0x80004c94 (0x019925b3) x11 0x00000000
core   0: 0x80004c98 (0x2d5003b7) lui     t2, 0x2d500
core   0: 3 0x80004c98 (0x2d5003b7) x 7 0x2d500000
core   0: 0x80004c9c (0xadc0a613) slti    a2, ra, -1316
core   0: 3 0x80004c9c (0xadc0a613) x12 0x00000001
core   0: 0x80004ca0 (0x41e1d593) srai    a1, gp, 30
core   0: 3 0x80004ca0 (0x41e1d593) x11 0x00000000
core   0: 0x80004ca4 (0x7830b693) sltiu   a3, ra, 1923
core   0: 3 0x80004ca4 (0x7830b693) x13 0x00000000
core   0: 0x80004ca8 (0x01eb5f33) srl     t5, s6, t5
core   0: 3 0x80004ca8 (0x01eb5f33) x30 0x00000000
core   0: 0x80004cac (0x401352b3) sra     t0, t1, ra
core   0: 3 0x80004cac (0x401352b3) x 5 0x00000000
core   0: 0x80004cb0 (0x01fbd093) srli    ra, s7, 31
core   0: 3 0x80004cb0 (0x01fbd093) x 1 0x00000000
core   0: 0x80004cb4 (0x00858b93) addi    s7, a1, 8
core   0: 3 0x80004cb4 (0x00858b93) x23 0x00000008
core   0: 0x80004cb8 (0xe6946937) lui     s2, 0xe6946
core   0: 3 0x80004cb8 (0xe6946937) x18 0xe6946000
core   0: 0x80004cbc (0x4b786d93) ori     s11, a6, 1207
core   0: 3 0x80004cbc (0x4b786d93) x27 0x000004bf
core   0: 0x80004cc0 (0x01fb4d33) xor     s10, s6, t6
core   0: 3 0x80004cc0 (0x01fb4d33) x26 0x00000001
core   0: 0x80004cc4 (0x01c9a433) slt     s0, s3, t3
core   0: 3 0x80004cc4 (0x01c9a433) x 8 0x00000001
core   0: 0x80004cc8 (0x00319eb3) sll     t4, gp, gp
core   0: 3 0x80004cc8 (0x00319eb3) x29 0x00000420
core   0: 0x80004ccc (0x01ba3ab3) sltu    s5, s4, s11
core   0: 3 0x80004ccc (0x01ba3ab3) x21 0x00000000
core   0: 0x80004cd0 (0x00041c13) slli    s8, s0, 0
core   0: 3 0x80004cd0 (0x00041c13) x24 0x00000001
core   0: 0x80004cd4 (0x00085733) srl     a4, a6, zero
core   0: 3 0x80004cd4 (0x00085733) x14 0x000004b8
core   0: 0x80004cd8 (0x01fd5333) srl     t1, s10, t6
core   0: 3 0x80004cd8 (0x01fd5333) x 6 0x00000001
core   0: 0x80004cdc (0x0168a3b3) slt     t2, a7, s6
core   0: 3 0x80004cdc (0x0168a3b3) x 7 0x00000000
core   0: 0x80004ce0 (0x019d5733) srl     a4, s10, s9
core   0: 3 0x80004ce0 (0x019d5733) x14 0x00000001
core   0: 0x80004ce4 (0xae6f4b93) xori    s7, t5, -1306
core   0: 3 0x80004ce4 (0xae6f4b93) x23 0xfffffae6
core   0: 0x80004ce8 (0x013112b3) sll     t0, sp, s3
core   0: 3 0x80004ce8 (0x013112b3) x 5 0x00000010
core   0: 0x80004cec (0x00573433) sltu    s0, a4, t0
core   0: 3 0x80004cec (0x00573433) x 8 0x00000001
core   0: 0x80004cf0 (0x01639e13) slli    t3, t2, 22
core   0: 3 0x80004cf0 (0x01639e13) x28 0x00000000
core   0: 0x80004cf4 (0x009cbfb3) sltu    t6, s9, s1
core   0: 3 0x80004cf4 (0x009cbfb3) x31 0x00000000
core   0: 0x80004cf8 (0x01cb8133) add     sp, s7, t3
core   0: 3 0x80004cf8 (0x01cb8133) x 2 0xfffffae6
core   0: 0x80004cfc (0x00c0aab3) slt     s5, ra, a2
core   0: 3 0x80004cfc (0x00c0aab3) x21 0x00000001
core   0: 0x80004d00 (0x0047e433) or      s0, a5, tp
core   0: 3 0x80004d00 (0x0047e433) x 8 0xbf01df76
core   0: 0x80004d04 (0x411f82b3) sub     t0, t6, a7
core   0: 3 0x80004d04 (0x411f82b3) x 5 0xffffffff
core   0: 0x80004d08 (0x01a18f33) add     t5, gp, s10
core   0: 3 0x80004d08 (0x01a18f33) x30 0x00000421
core   0: 0x80004d0c (0x4dd20413) addi    s0, tp, 1245
core   0: 3 0x80004d0c (0x4dd20413) x 8 0x80012341
core   0: 0x80004d10 (0x0121c933) xor     s2, gp, s2
core   0: 3 0x80004d10 (0x0121c933) x18 0xe6946420
core   0: 0x80004d14 (0x00000013) nop
core   0: 3 0x80004d14 (0x00000013)
core   0: 0x80004d18 (0xf877b293) sltiu   t0, a5, -121
core   0: 3 0x80004d18 (0xf877b293) x 5 0x00000001
core   0: 0x80004d1c (0x853dc613) xori    a2, s11, -1965
core   0: 3 0x80004d1c (0x853dc613) x12 0xfffffcec
core   0: 0x80004d20 (0x0062d833) srl     a6, t0, t1
core   0: 3 0x80004d20 (0x0062d833) x16 0x00000000
core   0: 0x80004d24 (0xd8546893) ori     a7, s0, -635
core   0: 3 0x80004d24 (0xd8546893) x17 0xffffffc5
core   0: 0x80004d28 (0xb4482e13) slti    t3, a6, -1212
core   0: 3 0x80004d28 (0xb4482e13) x28 0x00000000
core   0: 0x80004d2c (0x415cd1b3) sra     gp, s9, s5
core   0: 3 0x80004d2c (0x415cd1b3) x 3 0xfffffc90
core   0: 0x80004d30 (0x002c3b33) sltu    s6, s8, sp
core   0: 3 0x80004d30 (0x002c3b33) x22 0x00000001
core   0: 0x80004d34 (0x2a56ed93) ori     s11, a3, 677
core   0: 3 0x80004d34 (0x2a56ed93) x27 0x000002a5
core   0: 0x80004d38 (0x4184db93) srai    s7, s1, 24
core   0: 3 0x80004d38 (0x4184db93) x23 0x00000000
core   0: 0x80004d3c (0xaabcfc13) andi    s8, s9, -1365
core   0: 3 0x80004d3c (0xaabcfc13) x24 0xfffff820
core   0: 0x80004d40 (0x2cb03593) sltiu   a1, zero, 715
core   0: 3 0x80004d40 (0x2cb03593) x11 0x00000001
core   0: 0x80004d44 (0x400e8cb3) sub     s9, t4, zero
core   0: 3 0x80004d44 (0x400e8cb3) x25 0x00000420
core   0: 0x80004d48 (0x00ae71b3) and     gp, t3, a0
core   0: 3 0x80004d48 (0x00ae71b3) x 3 0x00000000
core   0: 0x80004d4c (0x12017113) andi    sp, sp, 288
core   0: 3 0x80004d4c (0x12017113) x 2 0x00000020
core   0: 0x80004d50 (0x018853b3) srl     t2, a6, s8
core   0: 3 0x80004d50 (0x018853b3) x 7 0x00000000
core   0: 0x80004d54 (0x17f63137) lui     sp, 0x17f63
core   0: 3 0x80004d54 (0x17f63137) x 2 0x17f63000
core   0: 0x80004d58 (0x0185d333) srl     t1, a1, s8
core   0: 3 0x80004d58 (0x0185d333) x 6 0x00000001
core   0: 0x80004d5c (0x8dab8837) lui     a6, 0x8dab8
core   0: 3 0x80004d5c (0x8dab8837) x16 0x8dab8000
core   0: 0x80004d60 (0x41aede13) srai    t3, t4, 26
core   0: 3 0x80004d60 (0x41aede13) x28 0x00000000
core   0: 0x80004d64 (0x3a762e93) slti    t4, a2, 935
core   0: 3 0x80004d64 (0x3a762e93) x29 0x00000001
core   0: 0x80004d68 (0x40cbd313) srai    t1, s7, 12
core   0: 3 0x80004d68 (0x40cbd313) x 6 0x00000000
core   0: 0x80004d6c (0x9addcc93) xori    s9, s11, -1619
core   0: 3 0x80004d6c (0x9addcc93) x25 0xfffffb08
core   0: 0x80004d70 (0x1db74313) xori    t1, a4, 475
core   0: 3 0x80004d70 (0x1db74313) x 6 0x000001da
core   0: 0x80004d74 (0x41358db3) sub     s11, a1, s3
core   0: 3 0x80004d74 (0x41358db3) x27 0x80000001
core   0: 0x80004d78 (0x412e0bb3) sub     s7, t3, s2
core   0: 3 0x80004d78 (0x412e0bb3) x23 0x196b9be0
core   0: 0x80004d7c (0xfa902193) slti    gp, zero, -87
core   0: 3 0x80004d7c (0xfa902193) x 3 0x00000000
core   0: 0x80004d80 (0x800007b7) lui     a5, 0x80000
core   0: 3 0x80004d80 (0x800007b7) x15 0x80000000
core   0: 0x80004d84 (0xfff00b13) li      s6, -1
core   0: 3 0x80004d84 (0xfff00b13) x22 0xffffffff
core   0: 0x80004d88 (0xfff00693) li      a3, -1
core   0: 3 0x80004d88 (0xfff00693) x13 0xffffffff
core   0: 0x80004d8c (0x00000e93) li      t4, 0
core   0: 3 0x80004d8c (0x00000e93) x29 0x00000000
core   0: 0x80004d90 (0x00000293) li      t0, 0
core   0: 3 0x80004d90 (0x00000293) x 5 0x00000000
core   0: 0x80004d94 (0xfff00093) li      ra, -1
core   0: 3 0x80004d94 (0xfff00093) x 1 0xffffffff
core   0: 0x80004d98 (0x80000fb7) lui     t6, 0x80000
core   0: 3 0x80004d98 (0x80000fb7) x31 0x80000000
core   0: 0x80004d9c (0x00000413) li      s0, 0
core   0: 3 0x80004d9c (0x00000413) x 8 0x00000000
core   0: 0x80004da0 (0x80000637) lui     a2, 0x80000
core   0: 3 0x80004da0 (0x80000637) x12 0x80000000
core   0: 0x80004da4 (0x80000ab7) lui     s5, 0x80000
core   0: 3 0x80004da4 (0x80000ab7) x21 0x80000000
core   0: 0x80004da8 (0x00000013) nop
core   0: 3 0x80004da8 (0x00000013)
core   0: 0x80004dac (0x8a9b0793) addi    a5, s6, -1879
core   0: 3 0x80004dac (0x8a9b0793) x15 0xfffff8a8
core   0: 0x80004db0 (0xab9e9297) auipc   t0, 0xab9e9
core   0: 3 0x80004db0 (0xab9e9297) x 5 0x2b9eddb0
core   0: 0x80004db4 (0xc49e6f97) auipc   t6, 0xc49e6
core   0: 3 0x80004db4 (0xc49e6f97) x31 0x449eadb4
core   0: 0x80004db8 (0x40d60b33) sub     s6, a2, a3
core   0: 3 0x80004db8 (0x40d60b33) x22 0x80000001
core   0: 0x80004dbc (0x00000013) nop
core   0: 3 0x80004dbc (0x00000013)
core   0: 0x80004dc0 (0x00000013) nop
core   0: 3 0x80004dc0 (0x00000013)
core   0: 0x80004dc4 (0x52eb0e93) addi    t4, s6, 1326
core   0: 3 0x80004dc4 (0x52eb0e93) x29 0x8000052f
core   0: 0x80004dc8 (0x01d40b33) add     s6, s0, t4
core   0: 3 0x80004dc8 (0x01d40b33) x22 0x8000052f
core   0: 0x80004dcc (0x3a9b0093) addi    ra, s6, 937
core   0: 3 0x80004dcc (0x3a9b0093) x 1 0x800008d8
core   0: 0x80004dd0 (0x00440413) addi    s0, s0, 4
core   0: 3 0x80004dd0 (0x00440413) x 8 0x00000004
core   0: 0x80004dd4 (0xedeb10b7) lui     ra, 0xedeb1
core   0: 3 0x80004dd4 (0xedeb10b7) x 1 0xedeb1000
core   0: 0x80004dd8 (0x408a8fb3) sub     t6, s5, s0
core   0: 3 0x80004dd8 (0x408a8fb3) x31 0x7ffffffc
core   0: 0x80004ddc (0x00c78ab3) add     s5, a5, a2
core   0: 3 0x80004ddc (0x00c78ab3) x21 0x7ffff8a8
core   0: 0x80004de0 (0x41db0fb3) sub     t6, s6, t4
core   0: 3 0x80004de0 (0x41db0fb3) x31 0x00000000
core   0: 0x80004de4 (0x148b0b13) addi    s6, s6, 328
core   0: 3 0x80004de4 (0x148b0b13) x22 0x80000677
core   0: 0x80004de8 (0x7b7cb6b7) lui     a3, 0x7b7cb
core   0: 3 0x80004de8 (0x7b7cb6b7) x13 0x7b7cb000
core   0: 0x80004dec (0xc748eb37) lui     s6, 0xc748e
core   0: 3 0x80004dec (0xc748eb37) x22 0xc748e000
core   0: 0x80004df0 (0x01d78633) add     a2, a5, t4
core   0: 3 0x80004df0 (0x01d78633) x12 0x7ffffdd7
core   0: 0x80004df4 (0xf707fa97) auipc   s5, 0xf707f
core   0: 3 0x80004df4 (0xf707fa97) x21 0x77083df4
core   0: 0x80004df8 (0x41608ab3) sub     s5, ra, s6
core   0: 3 0x80004df8 (0x41608ab3) x21 0x26a23000
core   0: 0x80004dfc (0x5daa8093) addi    ra, s5, 1498
core   0: 3 0x80004dfc (0x5daa8093) x 1 0x26a235da
core   0: 0x80004e00 (0x00000013) nop
core   0: 3 0x80004e00 (0x00000013)
core   0: 0x80004e04 (0xb21beb37) lui     s6, 0xb21be
core   0: 3 0x80004e04 (0xb21beb37) x22 0xb21be000
core   0: 0x80004e08 (0xe7108f93) addi    t6, ra, -399
core   0: 3 0x80004e08 (0xe7108f93) x31 0x26a2344b
core   0: 0x80004e0c (0x651f8613) addi    a2, t6, 1617
core   0: 3 0x80004e0c (0x651f8613) x12 0x26a23a9c
core   0: 0x80004e10 (0xa66a8413) addi    s0, s5, -1434
core   0: 3 0x80004e10 (0xa66a8413) x 8 0x26a22a66
core   0: 0x80004e14 (0x00000013) nop
core   0: 3 0x80004e14 (0x00000013)
core   0: 0x80004e18 (0x00000013) nop
core   0: 3 0x80004e18 (0x00000013)
core   0: 0x80004e1c (0x005086b3) add     a3, ra, t0
core   0: 3 0x80004e1c (0x005086b3) x13 0x5241138a
core   0: 0x80004e20 (0x00000013) nop
core   0: 3 0x80004e20 (0x00000013)
core   0: 0x80004e24 (0x019a9113) slli    sp, s5, 25
core   0: 3 0x80004e24 (0x019a9113) x 2 0x00000000
core   0: 0x80004e28 (0x005fd4b3) srl     s1, t6, t0
core   0: 3 0x80004e28 (0x005fd4b3) x 9 0x000026a2
core   0: 0x80004e2c (0x17487413) andi    s0, a6, 372
core   0: 3 0x80004e2c (0x17487413) x 8 0x00000000
core   0: 0x80004e30 (0x40bc8d33) sub     s10, s9, a1
core   0: 3 0x80004e30 (0x40bc8d33) x26 0xfffffb07
core   0: 0x80004e34 (0xca0cabb7) lui     s7, 0xca0ca
core   0: 3 0x80004e34 (0xca0cabb7) x23 0xca0ca000
core   0: 0x80004e38 (0x01e945b3) xor     a1, s2, t5
core   0: 3 0x80004e38 (0x01e945b3) x11 0xe6946001
core   0: 0x80004e3c (0x009a5a93) srli    s5, s4, 9
core   0: 3 0x80004e3c (0x009a5a93) x21 0x007df805
core   0: 0x80004e40 (0x531c2b93) slti    s7, s8, 1329
core   0: 3 0x80004e40 (0x531c2b93) x23 0x00000001
core   0: 0x80004e44 (0x90030a93) addi    s5, t1, -1792
core   0: 3 0x80004e44 (0x90030a93) x21 0xfffffada
core   0: 0x80004e48 (0x67c57393) andi    t2, a0, 1660
core   0: 3 0x80004e48 (0x67c57393) x 7 0x00000464
core   0: 0x80004e4c (0x00d9dd93) srli    s11, s3, 13
core   0: 3 0x80004e4c (0x00d9dd93) x27 0x00040000
core   0: 0x80004e50 (0x00000013) nop
core   0: 3 0x80004e50 (0x00000013)
core   0: 0x80004e54 (0x00000013) nop
core   0: 3 0x80004e54 (0x00000013)
core   0: 0x80004e58 (0x017bb4b3) sltu    s1, s7, s7
core   0: 3 0x80004e58 (0x017bb4b3) x 9 0x00000000
core   0: 0x80004e5c (0x40ee5713) srai    a4, t3, 14
core   0: 3 0x80004e5c (0x40ee5713) x14 0x00000000
core   0: 0x80004e60 (0x000906b3) add     a3, s2, zero
core   0: 3 0x80004e60 (0x000906b3) x13 0xe6946420
core   0: 0x80004e64 (0x005c8b33) add     s6, s9, t0
core   0: 3 0x80004e64 (0x005c8b33) x22 0x2b9ed8b8
core   0: 0x80004e68 (0x00000013) nop
core   0: 3 0x80004e68 (0x00000013)
core   0: 0x80004e6c (0xe434aa37) lui     s4, 0xe434a
core   0: 3 0x80004e6c (0xe434aa37) x20 0xe434a000
core   0: 0x80004e70 (0x416cd6b3) sra     a3, s9, s6
core   0: 3 0x80004e70 (0x416cd6b3) x13 0xffffffff
core   0: 0x80004e74 (0x0878e493) ori     s1, a7, 135
core   0: 3 0x80004e74 (0x0878e493) x 9 0xffffffc7
core   0: 0x80004e78 (0x00000013) nop
core   0: 3 0x80004e78 (0x00000013)
core   0: 0x80004e7c (0x41c50033) sub     zero, a0, t3
core   0: 3 0x80004e7c (0x41c50033)
core   0: 0x80004e80 (0x018964b3) or      s1, s2, s8
core   0: 3 0x80004e80 (0x018964b3) x 9 0xfffffc20
core   0: 0x80004e84 (0xc7bc8493) addi    s1, s9, -901
core   0: 3 0x80004e84 (0xc7bc8493) x 9 0xfffff783
core   0: 0x80004e88 (0x408bd0b3) sra     ra, s7, s0
core   0: 3 0x80004e88 (0x408bd0b3) x 1 0x00000001
core   0: 0x80004e8c (0xa497f093) andi    ra, a5, -1463
core   0: 3 0x80004e8c (0xa497f093) x 1 0xfffff808
core   0: 0x80004e90 (0x01048f33) add     t5, s1, a6
core   0: 3 0x80004e90 (0x01048f33) x30 0x8dab7783
core   0: 0x80004e94 (0xf4f83bb7) lui     s7, 0xf4f83
core   0: 3 0x80004e94 (0xf4f83bb7) x23 0xf4f83000
core   0: 0x80004e98 (0x0100a7b3) slt     a5, ra, a6
core   0: 3 0x80004e98 (0x0100a7b3) x15 0x00000000
core   0: 0x80004e9c (0xe80cb313) sltiu   t1, s9, -384
core   0: 3 0x80004e9c (0xe80cb313) x 6 0x00000001
core   0: 0x80004ea0 (0x00381713) slli    a4, a6, 3
core   0: 3 0x80004ea0 (0x00381713) x14 0x6d5c0000
core   0: 0x80004ea4 (0x0031a633) slt     a2, gp, gp
core   0: 3 0x80004ea4 (0x0031a633) x12 0x00000000
core   0: 0x80004ea8 (0x542e6c13) ori     s8, t3, 1346
core   0: 3 0x80004ea8 (0x542e6c13) x24 0x00000542
core   0: 0x80004eac (0x01a59113) slli    sp, a1, 26
core   0: 3 0x80004eac (0x01a59113) x 2 0x04000000
core   0: 0x80004eb0 (0x00211893) slli    a7, sp, 2
core   0: 3 0x80004eb0 (0x00211893) x17 0x10000000
core   0: 0x80004eb4 (0x412edab3) sra     s5, t4, s2
core   0: 3 0x80004eb4 (0x412edab3) x21 0x8000052f
core   0: 0x80004eb8 (0x00d70db3) add     s11, a4, a3
core   0: 3 0x80004eb8 (0x00d70db3) x27 0x6d5bffff
core   0: 0x80004ebc (0x407fd893) srai    a7, t6, 7
core   0: 3 0x80004ebc (0x407fd893) x17 0x004d4468
core   0: 0x80004ec0 (0x410f5b33) sra     s6, t5, a6
core   0: 3 0x80004ec0 (0x410f5b33) x22 0x8dab7783
core   0: 0x80004ec4 (0x00da7633) and     a2, s4, a3
core   0: 3 0x80004ec4 (0x00da7633) x12 0xe434a000
core   0: 0x80004ec8 (0x012df1b3) and     gp, s11, s2
core   0: 3 0x80004ec8 (0x012df1b3) x 3 0x64106420
core   0: 0x80004ecc (0x01810833) add     a6, sp, s8
core   0: 3 0x80004ecc (0x01810833) x16 0x04000542
core   0: 0x80004ed0 (0x40cfd193) srai    gp, t6, 12
core   0: 3 0x80004ed0 (0x40cfd193) x 3 0x00026a23
core   0: 0x80004ed4 (0x01ecebb3) or      s7, s9, t5
core   0: 3 0x80004ed4 (0x01ecebb3) x23 0xffffff8b
core   0: 0x80004ed8 (0x01e6d333) srl     t1, a3, t5
core   0: 3 0x80004ed8 (0x01e6d333) x 6 0x1fffffff
core   0: 0x80004edc (0x00b7c1b3) xor     gp, a5, a1
core   0: 3 0x80004edc (0x00b7c1b3) x 3 0xe6946001
core   0: 0x80004ee0 (0x009b5d33) srl     s10, s6, s1
core   0: 3 0x80004ee0 (0x009b5d33) x26 0x11b56ef0
core   0: 0x80004ee4 (0x40908133) sub     sp, ra, s1
core   0: 3 0x80004ee4 (0x40908133) x 2 0x00000085
core   0: 0x80004ee8 (0x5311ff93) andi    t6, gp, 1329
core   0: 3 0x80004ee8 (0x5311ff93) x31 0x00000001
core   0: 0x80004eec (0x41975733) sra     a4, a4, s9
core   0: 3 0x80004eec (0x41975733) x14 0x006d5c00
core   0: 0x80004ef0 (0x010b1833) sll     a6, s6, a6
core   0: 3 0x80004ef0 (0x010b1833) x16 0x36adde0c
core   0: 0x80004ef4 (0x00e613b3) sll     t2, a2, a4
core   0: 3 0x80004ef4 (0x00e613b3) x 7 0xe434a000
core   0: 0x80004ef8 (0x41b35313) srai    t1, t1, 27
core   0: 3 0x80004ef8 (0x41b35313) x 6 0x00000003
core   0: 0x80004efc (0x01737b33) and     s6, t1, s7
core   0: 3 0x80004efc (0x01737b33) x22 0x00000003
core   0: 0x80004f00 (0x40f48bb3) sub     s7, s1, a5
core   0: 3 0x80004f00 (0x40f48bb3) x23 0xfffff783
core   0: 0x80004f04 (0x9efb8c93) addi    s9, s7, -1553
core   0: 3 0x80004f04 (0x9efb8c93) x25 0xfffff172
core   0: 0x80004f08 (0x04af63b7) lui     t2, 0x4af6
core   0: 3 0x80004f08 (0x04af63b7) x 7 0x04af6000
core   0: 0x80004f0c (0x011b1d93) slli    s11, s6, 17
core   0: 3 0x80004f0c (0x011b1d93) x27 0x00060000
core   0: 0x80004f10 (0x660001b7) lui     gp, 0x66000
core   0: 3 0x80004f10 (0x660001b7) x 3 0x66000000
core   0: 0x80004f14 (0x0131dcb3) srl     s9, gp, s3
core   0: 3 0x80004f14 (0x0131dcb3) x25 0x66000000
core   0: 0x80004f18 (0x019ecb33) xor     s6, t4, s9
core   0: 3 0x80004f18 (0x019ecb33) x22 0xe600052f
core   0: 0x80004f1c (0x9a516893) ori     a7, sp, -1627
core   0: 3 0x80004f1c (0x9a516893) x17 0xfffff9a5
core   0: 0x80004f20 (0x00000013) nop
core   0: 3 0x80004f20 (0x00000013)
core   0: 0x80004f24 (0x61eb7393) andi    t2, s6, 1566
core   0: 3 0x80004f24 (0x61eb7393) x 7 0x0000040e
core   0: 0x80004f28 (0x01c9f8b3) and     a7, s3, t3
core   0: 3 0x80004f28 (0x01c9f8b3) x17 0x00000000
core   0: 0x80004f2c (0xc4428293) addi    t0, t0, -956
core   0: 3 0x80004f2c (0xc4428293) x 5 0x2b9ed9f4
core   0: 0x80004f30 (0xa1393313) sltiu   t1, s2, -1517
core   0: 3 0x80004f30 (0xa1393313) x 6 0x00000001
core   0: 0x80004f34 (0x42eca693) slti    a3, s9, 1070
core   0: 3 0x80004f34 (0x42eca693) x13 0x00000000
core   0: 0x80004f38 (0x005baeb3) slt     t4, s7, t0
core   0: 3 0x80004f38 (0x005baeb3) x29 0x00000001
core   0: 0x80004f3c (0x00cd1b13) slli    s6, s10, 12
core   0: 3 0x80004f3c (0x00cd1b13) x22 0x56ef0000
core   0: 0x80004f40 (0xa80bf793) andi    a5, s7, -1408
core   0: 3 0x80004f40 (0xa80bf793) x15 0xfffff280
core   0: 0x80004f44 (0x41f55633) sra     a2, a0, t6
core   0: 3 0x80004f44 (0x41f55633) x12 0xc000ae72
core   0: 0x80004f48 (0x005bbbb3) sltu    s7, s7, t0
core   0: 3 0x80004f48 (0x005bbbb3) x23 0x00000000
core   0: 0x80004f4c (0x0009f0b3) and     ra, s3, zero
core   0: 3 0x80004f4c (0x0009f0b3) x 1 0x00000000
core   0: 0x80004f50 (0x00c91933) sll     s2, s2, a2
core   0: 3 0x80004f50 (0x00c91933) x18 0x90800000
core   0: 0x80004f54 (0x00c9bf33) sltu    t5, s3, a2
core   0: 3 0x80004f54 (0x00c9bf33) x30 0x00000001
core   0: 0x80004f58 (0x00887133) and     sp, a6, s0
core   0: 3 0x80004f58 (0x00887133) x 2 0x00000000
core   0: 0x80004f5c (0xf1000c37) lui     s8, 0xf1000
core   0: 3 0x80004f5c (0xf1000c37) x24 0xf1000000
core   0: 0x80004f60 (0x4175de33) sra     t3, a1, s7
core   0: 3 0x80004f60 (0x4175de33) x28 0xe6946001
core   0: 0x80004f64 (0x00600d33) add     s10, zero, t1
core   0: 3 0x80004f64 (0x00600d33) x26 0x00000001
core   0: 0x80004f68 (0x830cc193) xori    gp, s9, -2000
core   0: 3 0x80004f68 (0x830cc193) x 3 0x99fff830
core   0: 0x80004f6c (0x01b788b3) add     a7, a5, s11
core   0: 3 0x80004f6c (0x01b788b3) x17 0x0005f280
core   0: 0x80004f70 (0x41e10e33) sub     t3, sp, t5
core   0: 3 0x80004f70 (0x41e10e33) x28 0xffffffff
core   0: 0x80004f74 (0x4c7bb037) lui     zero, 0x4c7bb
core   0: 3 0x80004f74 (0x4c7bb037)
core   0: 0x80004f78 (0x4136d0b3) sra     ra, a3, s3
core   0: 3 0x80004f78 (0x4136d0b3) x 1 0x00000000
core   0: 0x80004f7c (0x00535633) srl     a2, t1, t0
core   0: 3 0x80004f7c (0x00535633) x12 0x00000000
core   0: 0x80004f80 (0xfb057a93) andi    s5, a0, -80
core   0: 3 0x80004f80 (0xfb057a93) x21 0x80015ca0
core   0: 0x80004f84 (0x64692713) slti    a4, s2, 1606
core   0: 3 0x80004f84 (0x64692713) x14 0x00000001
core   0: 0x80004f88 (0x90264b97) auipc   s7, 0x90264
core   0: 3 0x80004f88 (0x90264b97) x23 0x10268f88
core   0: 0x80004f8c (0xf2938a13) addi    s4, t2, -215
core   0: 3 0x80004f8c (0xf2938a13) x20 0x00000337
core   0: 0x80004f90 (0xc8663d13) sltiu   s10, a2, -890
core   0: 3 0x80004f90 (0xc8663d13) x26 0x00000001
core   0: 0x80004f94 (0x01419bb3) sll     s7, gp, s4
core   0: 3 0x80004f94 (0x01419bb3) x23 0x18000000
core   0: 0x80004f98 (0x402cd4b3) sra     s1, s9, sp
core   0: 3 0x80004f98 (0x402cd4b3) x 9 0x66000000
core   0: 0x80004f9c (0xfadde593) ori     a1, s11, -83
core   0: 3 0x80004f9c (0xfadde593) x11 0xffffffad
core   0: 0x80004fa0 (0x00000013) nop
core   0: 3 0x80004fa0 (0x00000013)
core   0: 0x80004fa4 (0x000d2633) slt     a2, s10, zero
core   0: 3 0x80004fa4 (0x000d2633) x12 0x00000000
core   0: 0x80004fa8 (0x0085e1b3) or      gp, a1, s0
core   0: 3 0x80004fa8 (0x0085e1b3) x 3 0xffffffad
core   0: 0x80004fac (0x0112b8b3) sltu    a7, t0, a7
core   0: 3 0x80004fac (0x0112b8b3) x17 0x00000000
core   0: 0x80004fb0 (0x018a5413) srli    s0, s4, 24
core   0: 3 0x80004fb0 (0x018a5413) x 8 0x00000000
core   0: 0x80004fb4 (0x00c520b3) slt     ra, a0, a2
core   0: 3 0x80004fb4 (0x00c520b3) x 1 0x00000001
core   0: 0x80004fb8 (0x4167d933) sra     s2, a5, s6
core   0: 3 0x80004fb8 (0x4167d933) x18 0xfffff280
core   0: 0x80004fbc (0x9c5a2313) slti    t1, s4, -1595
core   0: 3 0x80004fbc (0x9c5a2313) x 6 0x00000000
core   0: 0x80004fc0 (0x8cdcad13) slti    s10, s9, -1843
core   0: 3 0x80004fc0 (0x8cdcad13) x26 0x00000000
core   0: 0x80004fc4 (0x00a26ab3) or      s5, tp, a0
core   0: 3 0x80004fc4 (0x00a26ab3) x21 0x80015ee4
core   0: 0x80004fc8 (0x40c3d333) sra     t1, t2, a2
core   0: 3 0x80004fc8 (0x40c3d333) x 6 0x0000040e
core   0: 0x80004fcc (0x7b59fd93) andi    s11, s3, 1973
core   0: 3 0x80004fcc (0x7b59fd93) x27 0x00000000
core   0: 0x80004fd0 (0x408a5b33) sra     s6, s4, s0
core   0: 3 0x80004fd0 (0x408a5b33) x22 0x00000337
core   0: 0x80004fd4 (0x00fe6333) or      t1, t3, a5
core   0: 3 0x80004fd4 (0x00fe6333) x 6 0xffffffff
core   0: 0x80004fd8 (0xde145d97) auipc   s11, 0xde145
core   0: 3 0x80004fd8 (0xde145d97) x27 0x5e149fd8
core   0: 0x80004fdc (0x00db7ab3) and     s5, s6, a3
core   0: 3 0x80004fdc (0x00db7ab3) x21 0x00000000
core   0: 0x80004fe0 (0x01d8d013) srli    zero, a7, 29
core   0: 3 0x80004fe0 (0x01d8d013)
core   0: 0x80004fe4 (0x57c64617) auipc   a2, 0x57c64
core   0: 3 0x80004fe4 (0x57c64617) x12 0xd7c68fe4
core   0: 0x80004fe8 (0x416c8cb3) sub     s9, s9, s6
core   0: 3 0x80004fe8 (0x416c8cb3) x25 0x65fffcc9
core   0: 0x80004fec (0xb218be13) sltiu   t3, a7, -1247
core   0: 3 0x80004fec (0xb218be13) x28 0x00000001
core   0: 0x80004ff0 (0x00855133) srl     sp, a0, s0
core   0: 3 0x80004ff0 (0x00855133) x 2 0x80015ce4
core   0: 0x80004ff4 (0x01719f93) slli    t6, gp, 23
core   0: 3 0x80004ff4 (0x01719f93) x31 0xd6800000
core   0: 0x80004ff8 (0x4b2f7937) lui     s2, 0x4b2f7
core   0: 3 0x80004ff8 (0x4b2f7937) x18 0x4b2f7000
core   0: 0x80004ffc (0x00139e33) sll     t3, t2, ra
core   0: 3 0x80004ffc (0x00139e33) x28 0x0000081c
core   0: 0x80005000 (0x14d9de37) lui     t3, 0x14d9d
core   0: 3 0x80005000 (0x14d9de37) x28 0x14d9d000
core   0: 0x80005004 (0x01398033) add     zero, s3, s3
core   0: 3 0x80005004 (0x01398033)
core   0: 0x80005008 (0x00333fb3) sltu    t6, t1, gp
core   0: 3 0x80005008 (0x00333fb3) x31 0x00000000
core   0: 0x8000500c (0x83c16c97) auipc   s9, 0x83c16
core   0: 3 0x8000500c (0x83c16c97) x25 0x03c1b00c
core   0: 0x80005010 (0x00235593) srli    a1, t1, 2
core   0: 3 0x80005010 (0x00235593) x11 0x3fffffff
core   0: 0x80005014 (0x01a51893) slli    a7, a0, 26
core   0: 3 0x80005014 (0x01a51893) x17 0x90000000
core   0: 0x80005018 (0xc4fcb493) sltiu   s1, s9, -945
core   0: 3 0x80005018 (0xc4fcb493) x 9 0x00000001
core   0: 0x8000501c (0x014ec1b3) xor     gp, t4, s4
core   0: 3 0x8000501c (0x014ec1b3) x 3 0x00000336
core   0: 0x80005020 (0x001d67b3) or      a5, s10, ra
core   0: 3 0x80005020 (0x001d67b3) x15 0x00000001
core   0: 0x80005024 (0x04487113) andi    sp, a6, 68
core   0: 3 0x80005024 (0x04487113) x 2 0x00000004
core   0: 0x80005028 (0x00ef8fb3) add     t6, t6, a4
core   0: 3 0x80005028 (0x00ef8fb3) x31 0x00000001
core   0: 0x8000502c (0xd19a0593) addi    a1, s4, -743
core   0: 3 0x8000502c (0xd19a0593) x11 0x00000050
core   0: 0x80005030 (0x4139d8b3) sra     a7, s3, s3
core   0: 3 0x80005030 (0x4139d8b3) x17 0x80000000
core   0: 0x80005034 (0x016430b3) sltu    ra, s0, s6
core   0: 3 0x80005034 (0x016430b3) x 1 0x00000001
core   0: 0x80005038 (0x4d4a6b13) ori     s6, s4, 1236
core   0: 3 0x80005038 (0x4d4a6b13) x22 0x000007f7
core   0: 0x8000503c (0x006997b3) sll     a5, s3, t1
core   0: 3 0x8000503c (0x006997b3) x15 0x00000000
core   0: 0x80005040 (0xd197cc93) xori    s9, a5, -743
core   0: 3 0x80005040 (0xd197cc93) x25 0xfffffd19
core   0: 0x80005044 (0x01ed9633) sll     a2, s11, t5
core   0: 3 0x80005044 (0x01ed9633) x12 0xbc293fb0
core   0: 0x80005048 (0x003890b3) sll     ra, a7, gp
core   0: 3 0x80005048 (0x003890b3) x 1 0x00000000
core   0: 0x8000504c (0x00249433) sll     s0, s1, sp
core   0: 3 0x8000504c (0x00249433) x 8 0x00000010
core   0: 0x80005050 (0x8fecb413) sltiu   s0, s9, -1794
core   0: 3 0x80005050 (0x8fecb413) x 8 0x00000000
core   0: 0x80005054 (0x01564ab3) xor     s5, a2, s5
core   0: 3 0x80005054 (0x01564ab3) x21 0xbc293fb0
core   0: 0x80005058 (0x40c7d133) sra     sp, a5, a2
core   0: 3 0x80005058 (0x40c7d133) x 2 0x00000000
core   0: 0x8000505c (0xdc0aafb7) lui     t6, 0xdc0aa
core   0: 3 0x8000505c (0xdc0aafb7) x31 0xdc0aa000
core   0: 0x80005060 (0x402150b3) sra     ra, sp, sp
core   0: 3 0x80005060 (0x402150b3) x 1 0x00000000
core   0: 0x80005064 (0x87cdcd13) xori    s10, s11, -1924
core   0: 3 0x80005064 (0x87cdcd13) x26 0xa1eb67a4
core   0: 0x80005068 (0x1f116593) ori     a1, sp, 497
core   0: 3 0x80005068 (0x1f116593) x11 0x000001f1
core   0: 0x8000506c (0x41c15bb3) sra     s7, sp, t3
core   0: 3 0x8000506c (0x41c15bb3) x23 0x00000000
core   0: 0x80005070 (0x40ded493) srai    s1, t4, 13
core   0: 3 0x80005070 (0x40ded493) x 9 0x00000000
core   0: 0x80005074 (0x001fea33) or      s4, t6, ra
core   0: 3 0x80005074 (0x001fea33) x20 0xdc0aa000
core   0: 0x80005078 (0x00f46e33) or      t3, s0, a5
core   0: 3 0x80005078 (0x00f46e33) x28 0x00000000
core   0: 0x8000507c (0x3f543a93) sltiu   s5, s0, 1013
core   0: 3 0x8000507c (0x3f543a93) x21 0x00000001
core   0: 0x80005080 (0x0164d7b3) srl     a5, s1, s6
core   0: 3 0x80005080 (0x0164d7b3) x15 0x00000000
core   0: 0x80005084 (0x39126093) ori     ra, tp, 913
core   0: 3 0x80005084 (0x39126093) x 1 0x80011ff5
core   0: 0x80005088 (0x000a5893) srli    a7, s4, 0
core   0: 3 0x80005088 (0x000a5893) x17 0xdc0aa000
core   0: 0x8000508c (0xbcf528b7) lui     a7, 0xbcf52
core   0: 3 0x8000508c (0xbcf528b7) x17 0xbcf52000
core   0: 0x80005090 (0x28accd93) xori    s11, s9, 650
core   0: 3 0x80005090 (0x28accd93) x27 0xffffff93
core   0: 0x80005094 (0x22546893) ori     a7, s0, 549
core   0: 3 0x80005094 (0x22546893) x17 0x00000225
core   0: 0x80005098 (0x41bc8db3) sub     s11, s9, s11
core   0: 3 0x80005098 (0x41bc8db3) x27 0xfffffd86
core   0: 0x8000509c (0x003b4933) xor     s2, s6, gp
core   0: 3 0x8000509c (0x003b4933) x18 0x000004c1
core   0: 0x800050a0 (0x004e0e33) add     t3, t3, tp
core   0: 3 0x800050a0 (0x004e0e33) x28 0x80011e64
core   0: 0x800050a4 (0x00adda13) srli    s4, s11, 10
core   0: 3 0x800050a4 (0x00adda13) x20 0x003fffff
core   0: 0x800050a8 (0x002445b3) xor     a1, s0, sp
core   0: 3 0x800050a8 (0x002445b3) x11 0x00000000
core   0: 0x800050ac (0x00000013) nop
core   0: 3 0x800050ac (0x00000013)
core   0: 0x800050b0 (0x7fb94193) xori    gp, s2, 2043
core   0: 3 0x800050b0 (0x7fb94193) x 3 0x0000033a
core   0: 0x800050b4 (0x528c3e13) sltiu   t3, s8, 1320
core   0: 3 0x800050b4 (0x528c3e13) x28 0x00000000
core   0: 0x800050b8 (0x1f3f3697) auipc   a3, 0x1f3f3
core   0: 3 0x800050b8 (0x1f3f3697) x13 0x9f3f80b8
core   0: 0x800050bc (0x41ce5293) srai    t0, t3, 28
core   0: 3 0x800050bc (0x41ce5293) x 5 0x00000000
core   0: 0x800050c0 (0x59a4ccb7) lui     s9, 0x59a4c
core   0: 3 0x800050c0 (0x59a4ccb7) x25 0x59a4c000
core   0: 0x800050c4 (0x002aaab3) slt     s5, s5, sp
core   0: 3 0x800050c4 (0x002aaab3) x21 0x00000000
core   0: 0x800050c8 (0x1734c493) xori    s1, s1, 371
core   0: 3 0x800050c8 (0x1734c493) x 9 0x00000173
core   0: 0x800050cc (0x41de8f33) sub     t5, t4, t4
core   0: 3 0x800050cc (0x41de8f33) x30 0x00000000
core   0: 0x800050d0 (0x01cf4e33) xor     t3, t5, t3
core   0: 3 0x800050d0 (0x01cf4e33) x28 0x00000000
core   0: 0x800050d4 (0x40d60db3) sub     s11, a2, a3
core   0: 3 0x800050d4 (0x40d60db3) x27 0x1ce9bef8
core   0: 0x800050d8 (0x00460c33) add     s8, a2, tp
core   0: 3 0x800050d8 (0x00460c33) x24 0x3c2a5e14
core   0: 0x800050dc (0x5b753813) sltiu   a6, a0, 1463
core   0: 3 0x800050dc (0x5b753813) x16 0x00000000
core   0: 0x800050e0 (0x0144abb3) slt     s7, s1, s4
core   0: 3 0x800050e0 (0x0144abb3) x23 0x00000001
core   0: 0x800050e4 (0x00000013) nop
core   0: 3 0x800050e4 (0x00000013)
core   0: 0x800050e8 (0x0179ba33) sltu    s4, s3, s7
core   0: 3 0x800050e8 (0x0179ba33) x20 0x00000000
core   0: 0x800050ec (0x84708893) addi    a7, ra, -1977
core   0: 3 0x800050ec (0x84708893) x17 0x8001183c
core   0: 0x800050f0 (0x40c9da33) sra     s4, s3, a2
core   0: 3 0x800050f0 (0x40c9da33) x20 0xffff8000
core   0: 0x800050f4 (0x96b50b37) lui     s6, 0x96b50
core   0: 3 0x800050f4 (0x96b50b37) x22 0x96b50000
core   0: 0x800050f8 (0x8aac8013) addi    zero, s9, -1878
core   0: 3 0x800050f8 (0x8aac8013)
core   0: 0x800050fc (0x004418b3) sll     a7, s0, tp
core   0: 3 0x800050fc (0x004418b3) x17 0x00000000
core   0: 0x80005100 (0x00dddf93) srli    t6, s11, 13
core   0: 3 0x80005100 (0x00dddf93) x31 0x0000e74d
core   0: 0x80005104 (0x40ff08b3) sub     a7, t5, a5
core   0: 3 0x80005104 (0x40ff08b3) x17 0x00000000
core   0: 0x80005108 (0x015fdf13) srli    t5, t6, 21
core   0: 3 0x80005108 (0x015fdf13) x30 0x00000000
core   0: 0x8000510c (0x00000013) nop
core   0: 3 0x8000510c (0x00000013)
core   0: 0x80005110 (0xfa812017) auipc   zero, 0xfa812
core   0: 3 0x80005110 (0xfa812017)
core   0: 0x80005114 (0x0042e933) or      s2, t0, tp
core   0: 3 0x80005114 (0x0042e933) x18 0x80011e64
core   0: 0x80005118 (0x8ecfe813) ori     a6, t6, -1812
core   0: 3 0x80005118 (0x8ecfe813) x16 0xffffffed
core   0: 0x8000511c (0x03df6a93) ori     s5, t5, 61
core   0: 3 0x8000511c (0x03df6a93) x21 0x0000003d
core   0: 0x80005120 (0x781aab13) slti    s6, s5, 1921
core   0: 3 0x80005120 (0x781aab13) x22 0x00000001
core   0: 0x80005124 (0x40838db3) sub     s11, t2, s0
core   0: 3 0x80005124 (0x40838db3) x27 0x0000040e
core   0: 0x80005128 (0x06960113) addi    sp, a2, 105
core   0: 3 0x80005128 (0x06960113) x 2 0xbc294019
core   0: 0x8000512c (0x0184cd33) xor     s10, s1, s8
core   0: 3 0x8000512c (0x0184cd33) x26 0x3c2a5f67
core   0: 0x80005130 (0x014a4733) xor     a4, s4, s4
core   0: 3 0x80005130 (0x014a4733) x14 0x00000000
core   0: 0x80005134 (0x01ba9793) slli    a5, s5, 27
core   0: 3 0x80005134 (0x01ba9793) x15 0xe8000000
core   0: 0x80005138 (0x01c55f93) srli    t6, a0, 28
core   0: 3 0x80005138 (0x01c55f93) x31 0x00000008
core   0: 0x8000513c (0x8ca04c93) xori    s9, zero, -1846
core   0: 3 0x8000513c (0x8ca04c93) x25 0xfffff8ca
core   0: 0x80005140 (0xc58f4f97) auipc   t6, 0xc58f4
core   0: 3 0x80005140 (0xc58f4f97) x31 0x458f9140
core   0: 0x80005144 (0x00c808b3) add     a7, a6, a2
core   0: 3 0x80005144 (0x00c808b3) x17 0xbc293f9d
core   0: 0x80005148 (0x0136f933) and     s2, a3, s3
core   0: 3 0x80005148 (0x0136f933) x18 0x80000000
core   0: 0x8000514c (0x00000013) nop
core   0: 3 0x8000514c (0x00000013)
core   0: 0x80005150 (0x24835697) auipc   a3, 0x24835
core   0: 3 0x80005150 (0x24835697) x13 0xa483a150
core   0: 0x80005154 (0x00000013) nop
core   0: 3 0x80005154 (0x00000013)
core   0: 0x80005158 (0x00000013) nop
core   0: 3 0x80005158 (0x00000013)
core   0: 0x8000515c (0x008bb933) sltu    s2, s7, s0
core   0: 3 0x8000515c (0x008bb933) x18 0x00000000
core   0: 0x80005160 (0x62b94037) lui     zero, 0x62b94
core   0: 3 0x80005160 (0x62b94037)
core   0: 0x80005164 (0x40e35093) srai    ra, t1, 14
core   0: 3 0x80005164 (0x40e35093) x 1 0xffffffff
core   0: 0x80005168 (0xd59a6e93) ori     t4, s4, -679
core   0: 3 0x80005168 (0xd59a6e93) x29 0xfffffd59
core   0: 0x8000516c (0x00d605b3) add     a1, a2, a3
core   0: 3 0x8000516c (0x00d605b3) x11 0x60ace100
core   0: 0x80005170 (0xf7388e13) addi    t3, a7, -141
core   0: 3 0x80005170 (0xf7388e13) x28 0xbc293f10
core   0: 0x80005174 (0x40c35013) srai    zero, t1, 12
core   0: 3 0x80005174 (0x40c35013)
core   0: 0x80005178 (0x00265c93) srli    s9, a2, 2
core   0: 3 0x80005178 (0x00265c93) x25 0x2f0a4fec
core   0: 0x8000517c (0x4002d5b3) sra     a1, t0, zero
core   0: 3 0x8000517c (0x4002d5b3) x11 0x00000000
core   0: 0x80005180 (0x409b5bb3) sra     s7, s6, s1
core   0: 3 0x80005180 (0x409b5bb3) x23 0x00000000
core   0: 0x80005184 (0x01adac33) slt     s8, s11, s10
core   0: 3 0x80005184 (0x01adac33) x24 0x00000001
core   0: 0x80005188 (0x0044efb3) or      t6, s1, tp
core   0: 3 0x80005188 (0x0044efb3) x31 0x80011f77
core   0: 0x8000518c (0xfff00413) li      s0, -1
core   0: 3 0x8000518c (0xfff00413) x 8 0xffffffff
core   0: 0x80005190 (0xfff00193) li      gp, -1
core   0: 3 0x80005190 (0xfff00193) x 3 0xffffffff
core   0: 0x80005194 (0x00000c93) li      s9, 0
core   0: 3 0x80005194 (0x00000c93) x25 0x00000000
core   0: 0x80005198 (0xdc2b3e37) lui     t3, 0xdc2b3
core   0: 3 0x80005198 (0xdc2b3e37) x28 0xdc2b3000
core   0: 0x8000519c (0xcd7e0e13) addi    t3, t3, -809
core   0: 3 0x8000519c (0xcd7e0e13) x28 0xdc2b2cd7
core   0: 0x800051a0 (0xfff00f13) li      t5, -1
core   0: 3 0x800051a0 (0xfff00f13) x30 0xffffffff
core   0: 0x800051a4 (0xfff00a13) li      s4, -1
core   0: 3 0x800051a4 (0xfff00a13) x20 0xffffffff
core   0: 0x800051a8 (0xfff00b93) li      s7, -1
core   0: 3 0x800051a8 (0xfff00b93) x23 0xffffffff
core   0: 0x800051ac (0x800004b7) lui     s1, 0x80000
core   0: 3 0x800051ac (0x800004b7) x 9 0x80000000
core   0: 0x800051b0 (0x00000793) li      a5, 0
core   0: 3 0x800051b0 (0x00000793) x15 0x00000000
core   0: 0x800051b4 (0xfa140d37) lui     s10, 0xfa140
core   0: 3 0x800051b4 (0xfa140d37) x26 0xfa140000
core   0: 0x800051b8 (0xf33d0d13) addi    s10, s10, -205
core   0: 3 0x800051b8 (0xf33d0d13) x26 0xfa13ff33
core   0: 0x800051bc (0x467a0793) addi    a5, s4, 1127
core   0: 3 0x800051bc (0x467a0793) x15 0x00000466
core   0: 0x800051c0 (0x00000013) nop
core   0: 3 0x800051c0 (0x00000013)
core   0: 0x800051c4 (0x019a0a33) add     s4, s4, s9
core   0: 3 0x800051c4 (0x019a0a33) x20 0xffffffff
core   0: 0x800051c8 (0x460d7b97) auipc   s7, 0x460d7
core   0: 3 0x800051c8 (0x460d7b97) x23 0xc60dc1c8
core   0: 0x800051cc (0x41ce0d33) sub     s10, t3, t3
core   0: 3 0x800051cc (0x41ce0d33) x26 0x00000000
core   0: 0x800051d0 (0x00000013) nop
core   0: 3 0x800051d0 (0x00000013)
core   0: 0x800051d4 (0xb4696d17) auipc   s10, 0xb4696
core   0: 3 0x800051d4 (0xb4696d17) x26 0x3469b1d4
core   0: 0x800051d8 (0x009b8a33) add     s4, s7, s1
core   0: 3 0x800051d8 (0x009b8a33) x20 0x460dc1c8
core   0: 0x800051dc (0x00000013) nop
core   0: 3 0x800051dc (0x00000013)
core   0: 0x800051e0 (0x00000013) nop
core   0: 3 0x800051e0 (0x00000013)
core   0: 0x800051e4 (0x66fa0c93) addi    s9, s4, 1647
core   0: 3 0x800051e4 (0x66fa0c93) x25 0x460dc837
core   0: 0x800051e8 (0x6530ab97) auipc   s7, 0x6530a
core   0: 3 0x800051e8 (0x6530ab97) x23 0xe530f1e8
core   0: 0x800051ec (0x00000013) nop
core   0: 3 0x800051ec (0x00000013)
core   0: 0x800051f0 (0x9a10a1b7) lui     gp, 0x9a10a
core   0: 3 0x800051f0 (0x9a10a1b7) x 3 0x9a10a000
core   0: 0x800051f4 (0x54ba91b7) lui     gp, 0x54ba9
core   0: 3 0x800051f4 (0x54ba91b7) x 3 0x54ba9000
core   0: 0x800051f8 (0x01c484b3) add     s1, s1, t3
core   0: 3 0x800051f8 (0x01c484b3) x 9 0x5c2b2cd7
core   0: 0x800051fc (0x00000013) nop
core   0: 3 0x800051fc (0x00000013)
core   0: 0x80005200 (0xd6cb8193) addi    gp, s7, -660
core   0: 3 0x80005200 (0xd6cb8193) x 3 0xe530ef54
core   0: 0x80005204 (0x017a0a33) add     s4, s4, s7
core   0: 3 0x80005204 (0x017a0a33) x20 0x2b3eb3b0
core   0: 0x80005208 (0x08716f37) lui     t5, 0x8716
core   0: 3 0x80005208 (0x08716f37) x30 0x08716000
core   0: 0x8000520c (0x665b8a13) addi    s4, s7, 1637
core   0: 3 0x8000520c (0x665b8a13) x20 0xe530f84d
core   0: 0x80005210 (0x004ddcb3) srl     s9, s11, tp
core   0: 3 0x80005210 (0x004ddcb3) x25 0x00000040
core   0: 0x80005214 (0x4181dbb3) sra     s7, gp, s8
core   0: 3 0x80005214 (0x4181dbb3) x23 0xf29877aa
core   0: 0x80005218 (0x40415a33) sra     s4, sp, tp
core   0: 3 0x80005218 (0x40415a33) x20 0xfbc29401
core   0: 0x8000521c (0x00000013) nop
core   0: 3 0x8000521c (0x00000013)
core   0: 0x80005220 (0x00000013) nop
core   0: 3 0x80005220 (0x00000013)
core   0: 0x80005224 (0x00a5f6b3) and     a3, a1, a0
core   0: 3 0x80005224 (0x00a5f6b3) x13 0x00000000
core   0: 0x80005228 (0x00000013) nop
core   0: 3 0x80005228 (0x00000013)
core   0: 0x8000522c (0x006cdab3) srl     s5, s9, t1
core   0: 3 0x8000522c (0x006cdab3) x21 0x00000000
core   0: 0x80005230 (0x7d31ff13) andi    t5, gp, 2003
core   0: 3 0x80005230 (0x7d31ff13) x30 0x00000750
core   0: 0x80005234 (0x0133aab3) slt     s5, t2, s3
core   0: 3 0x80005234 (0x0133aab3) x21 0x00000000
core   0: 0x80005238 (0x1cfd77b7) lui     a5, 0x1cfd7
core   0: 3 0x80005238 (0x1cfd77b7) x15 0x1cfd7000
core   0: 0x8000523c (0x40e38e33) sub     t3, t2, a4
core   0: 3 0x8000523c (0x40e38e33) x28 0x0000040e
core   0: 0x80005240 (0x73493b13) sltiu   s6, s2, 1844
core   0: 3 0x80005240 (0x73493b13) x22 0x00000001
core   0: 0x80005244 (0x00596cb3) or      s9, s2, t0
core   0: 3 0x80005244 (0x00596cb3) x25 0x00000000
core   0: 0x80005248 (0x8ceae593) ori     a1, s5, -1842
core   0: 3 0x80005248 (0x8ceae593) x11 0xfffff8ce
core   0: 0x8000524c (0x01c6c333) xor     t1, a3, t3
core   0: 3 0x8000524c (0x01c6c333) x 6 0x0000040e
core   0: 0x80005250 (0x01a81933) sll     s2, a6, s10
core   0: 3 0x80005250 (0x01a81933) x18 0xfed00000
core   0: 0x80005254 (0x00000013) nop
core   0: 3 0x80005254 (0x00000013)
core   0: 0x80005258 (0x409c0c33) sub     s8, s8, s1
core   0: 3 0x80005258 (0x409c0c33) x24 0xa3d4d32a
core   0: 0x8000525c (0x008ca1b3) slt     gp, s9, s0
core   0: 3 0x8000525c (0x008ca1b3) x 3 0x00000000
core   0: 0x80005260 (0x810ead13) slti    s10, t4, -2032
core   0: 3 0x80005260 (0x810ead13) x26 0x00000000
core   0: 0x80005264 (0x006f30b3) sltu    ra, t5, t1
core   0: 3 0x80005264 (0x006f30b3) x 1 0x00000000
core   0: 0x80005268 (0xb0a58d37) lui     s10, 0xb0a58
core   0: 3 0x80005268 (0xb0a58d37) x26 0xb0a58000
core   0: 0x8000526c (0x406f05b3) sub     a1, t5, t1
core   0: 3 0x8000526c (0x406f05b3) x11 0x00000342
core   0: 0x80005270 (0x40a0d393) srai    t2, ra, 10
core   0: 3 0x80005270 (0x40a0d393) x 7 0x00000000
core   0: 0x80005274 (0x3cbf2a13) slti    s4, t5, 971
core   0: 3 0x80005274 (0x3cbf2a13) x20 0x00000000
core   0: 0x80005278 (0x00d51913) slli    s2, a0, 13
core   0: 3 0x80005278 (0x00d51913) x18 0x2b9c8000
core   0: 0x8000527c (0x7026af13) slti    t5, a3, 1794
core   0: 3 0x8000527c (0x7026af13) x30 0x00000001
core   0: 0x80005280 (0x007f5633) srl     a2, t5, t2
core   0: 3 0x80005280 (0x007f5633) x12 0x00000001
core   0: 0x80005284 (0x01d8d893) srli    a7, a7, 29
core   0: 3 0x80005284 (0x01d8d893) x17 0x00000005
core   0: 0x80005288 (0x45916a13) ori     s4, sp, 1113
core   0: 3 0x80005288 (0x45916a13) x20 0xbc294459
core   0: 0x8000528c (0xa4cea397) auipc   t2, 0xa4cea
core   0: 3 0x8000528c (0xa4cea397) x 7 0x24cef28c
core   0: 0x80005290 (0x91025437) lui     s0, 0x91025
core   0: 3 0x80005290 (0x91025437) x 8 0x91025000
core   0: 0x80005294 (0x497e4db7) lui     s11, 0x497e4
core   0: 3 0x80005294 (0x497e4db7) x27 0x497e4000
core   0: 0x80005298 (0x2fdf3113) sltiu   sp, t5, 765
core   0: 3 0x80005298 (0x2fdf3113) x 2 0x00000001
core   0: 0x8000529c (0x01f918b3) sll     a7, s2, t6
core   0: 3 0x8000529c (0x01f918b3) x17 0x00000000
core   0: 0x800052a0 (0x8fadc613) xori    a2, s11, -1798
core   0: 3 0x800052a0 (0x8fadc613) x12 0xb681b8fa
core   0: 0x800052a4 (0x01b1d433) srl     s0, gp, s11
core   0: 3 0x800052a4 (0x01b1d433) x 8 0x00000000
core   0: 0x800052a8 (0x00009a33) sll     s4, ra, zero
core   0: 3 0x800052a8 (0x00009a33) x20 0x00000000
core   0: 0x800052ac (0x01a7f433) and     s0, a5, s10
core   0: 3 0x800052ac (0x01a7f433) x 8 0x10a50000
core   0: 0x800052b0 (0x01178b33) add     s6, a5, a7
core   0: 3 0x800052b0 (0x01178b33) x22 0x1cfd7000
core   0: 0x800052b4 (0x00541d13) slli    s10, s0, 5
core   0: 3 0x800052b4 (0x00541d13) x26 0x14a00000
core   0: 0x800052b8 (0x0109d813) srli    a6, s3, 16
core   0: 3 0x800052b8 (0x0109d813) x16 0x00008000
core   0: 0x800052bc (0x011f8133) add     sp, t6, a7
core   0: 3 0x800052bc (0x011f8133) x 2 0x80011f77
core   0: 0x800052c0 (0x00edd8b3) srl     a7, s11, a4
core   0: 3 0x800052c0 (0x00edd8b3) x17 0x497e4000
core   0: 0x800052c4 (0x011b08b3) add     a7, s6, a7
core   0: 3 0x800052c4 (0x011b08b3) x17 0x667bb000
core   0: 0x800052c8 (0x419f51b3) sra     gp, t5, s9
core   0: 3 0x800052c8 (0x419f51b3) x 3 0x00000001
core   0: 0x800052cc (0x95990a93) addi    s5, s2, -1703
core   0: 3 0x800052cc (0x95990a93) x21 0x2b9c7959
core   0: 0x800052d0 (0x019ada13) srli    s4, s5, 25
core   0: 3 0x800052d0 (0x019ada13) x20 0x00000015
core   0: 0x800052d4 (0x01fab933) sltu    s2, s5, t6
core   0: 3 0x800052d4 (0x01fab933) x18 0x00000001
core   0: 0x800052d8 (0xd9493b13) sltiu   s6, s2, -620
core   0: 3 0x800052d8 (0xd9493b13) x22 0x00000001
core   0: 0x800052dc (0xed2f7913) andi    s2, t5, -302
core   0: 3 0x800052dc (0xed2f7913) x18 0x00000000
core   0: 0x800052e0 (0x00f0ba33) sltu    s4, ra, a5
core   0: 3 0x800052e0 (0x00f0ba33) x20 0x00000001
core   0: 0x800052e4 (0x00be2eb3) slt     t4, t3, a1
core   0: 3 0x800052e4 (0x00be2eb3) x29 0x00000000
core   0: 0x800052e8 (0x41e65ab3) sra     s5, a2, t5
core   0: 3 0x800052e8 (0x41e65ab3) x21 0xdb40dc7d
core   0: 0x800052ec (0xa5b98593) addi    a1, s3, -1445
core   0: 3 0x800052ec (0xa5b98593) x11 0x7ffffa5b
core   0: 0x800052f0 (0x725b1697) auipc   a3, 0x725b1
core   0: 3 0x800052f0 (0x725b1697) x13 0xf25b62f0
core   0: 0x800052f4 (0xbf5b0d13) addi    s10, s6, -1035
core   0: 3 0x800052f4 (0xbf5b0d13) x26 0xfffffbf6
core   0: 0x800052f8 (0x419c0893) addi    a7, s8, 1049
core   0: 3 0x800052f8 (0x419c0893) x17 0xa3d4d743
core   0: 0x800052fc (0x01431113) slli    sp, t1, 20
core   0: 3 0x800052fc (0x01431113) x 2 0x40e00000
core   0: 0x80005300 (0xc5cd4c93) xori    s9, s10, -932
core   0: 3 0x80005300 (0xc5cd4c93) x25 0x000007aa
core   0: 0x80005304 (0x41000f33) sub     t5, zero, a6
core   0: 3 0x80005304 (0x41000f33) x30 0xffff8000
core   0: 0x80005308 (0x007c2e33) slt     t3, s8, t2
core   0: 3 0x80005308 (0x007c2e33) x28 0x00000001
core   0: 0x8000530c (0x407d05b3) sub     a1, s10, t2
core   0: 3 0x8000530c (0x407d05b3) x11 0xdb31096a
core   0: 0x80005310 (0x0199cf33) xor     t5, s3, s9
core   0: 3 0x80005310 (0x0199cf33) x30 0x800007aa
core   0: 0x80005314 (0x00000013) nop
core   0: 3 0x80005314 (0x00000013)
core   0: 0x80005318 (0x00000013) nop
core   0: 3 0x80005318 (0x00000013)
core   0: 0x8000531c (0x01d15593) srli    a1, sp, 29
core   0: 3 0x8000531c (0x01d15593) x11 0x00000002
core   0: 0x80005320 (0x0109dc93) srli    s9, s3, 16
core   0: 3 0x80005320 (0x0109dc93) x25 0x00008000
core   0: 0x80005324 (0x437c8613) addi    a2, s9, 1079
core   0: 3 0x80005324 (0x437c8613) x12 0x00008437
core   0: 0x80005328 (0x408c82b3) sub     t0, s9, s0
core   0: 3 0x80005328 (0x408c82b3) x 5 0xef5b8000
core   0: 0x8000532c (0x0176cdb3) xor     s11, a3, s7
core   0: 3 0x8000532c (0x0176cdb3) x27 0x00c3155a
core   0: 0x80005330 (0xd6a66e37) lui     t3, 0xd6a66
core   0: 3 0x80005330 (0xd6a66e37) x28 0xd6a66000
core   0: 0x80005334 (0x0b9c3d17) auipc   s10, 0xb9c3
core   0: 3 0x80005334 (0x0b9c3d17) x26 0x8b9c8334
core   0: 0x80005338 (0x007add93) srli    s11, s5, 7
core   0: 3 0x80005338 (0x007add93) x27 0x01b681b8
core   0: 0x8000533c (0x0114dc93) srli    s9, s1, 17
core   0: 3 0x8000533c (0x0114dc93) x25 0x00002e15
core   0: 0x80005340 (0x01439f93) slli    t6, t2, 20
core   0: 3 0x80005340 (0x01439f93) x31 0x28c00000
core   0: 0x80005344 (0x01a39a13) slli    s4, t2, 26
core   0: 3 0x80005344 (0x01a39a13) x20 0x30000000
core   0: 0x80005348 (0x305a2613) slti    a2, s4, 773
core   0: 3 0x80005348 (0x305a2613) x12 0x00000000
core   0: 0x8000534c (0x40580eb3) sub     t4, a6, t0
core   0: 3 0x8000534c (0x40580eb3) x29 0x10a50000
core   0: 0x80005350 (0x018ce6b3) or      a3, s9, s8
core   0: 3 0x80005350 (0x018ce6b3) x13 0xa3d4ff3f
core   0: 0x80005354 (0x40820433) sub     s0, tp, s0
core   0: 3 0x80005354 (0x40820433) x 8 0x6f5c1e64
core   0: 0x80005358 (0x4190d033) sra     zero, ra, s9
core   0: 3 0x80005358 (0x4190d033)
core   0: 0x8000535c (0x93a09d37) lui     s10, 0x93a09
core   0: 3 0x8000535c (0x93a09d37) x26 0x93a09000
core   0: 0x80005360 (0x01a05f93) srli    t6, zero, 26
core   0: 3 0x80005360 (0x01a05f93) x31 0x00000000
core   0: 0x80005364 (0x40c3d3b3) sra     t2, t2, a2
core   0: 3 0x80005364 (0x40c3d3b3) x 7 0x24cef28c
core   0: 0x80005368 (0x00000013) nop
core   0: 3 0x80005368 (0x00000013)
core   0: 0x8000536c (0x00000793) li      a5, 0
core   0: 3 0x8000536c (0x00000793) x15 0x00000000
core   0: 0x80005370 (0x23fc18b7) lui     a7, 0x23fc1
core   0: 3 0x80005370 (0x23fc18b7) x17 0x23fc1000
core   0: 0x80005374 (0x00988893) addi    a7, a7, 9
core   0: 3 0x80005374 (0x00988893) x17 0x23fc1009
core   0: 0x80005378 (0x80000d37) lui     s10, 0x80000
core   0: 3 0x80005378 (0x80000d37) x26 0x80000000
core   0: 0x8000537c (0xfff00e93) li      t4, -1
core   0: 3 0x8000537c (0xfff00e93) x29 0xffffffff
core   0: 0x80005380 (0x00000393) li      t2, 0
core   0: 3 0x80005380 (0x00000393) x 7 0x00000000
core   0: 0x80005384 (0xff494437) lui     s0, 0xff494
core   0: 3 0x80005384 (0xff494437) x 8 0xff494000
core   0: 0x80005388 (0xd4740413) addi    s0, s0, -697
core   0: 3 0x80005388 (0xd4740413) x 8 0xff493d47
core   0: 0x8000538c (0xfff00913) li      s2, -1
core   0: 3 0x8000538c (0xfff00913) x18 0xffffffff
core   0: 0x80005390 (0xf1fcddb7) lui     s11, 0xf1fcd
core   0: 3 0x80005390 (0xf1fcddb7) x27 0xf1fcd000
core   0: 0x80005394 (0xa9ad8d93) addi    s11, s11, -1382
core   0: 3 0x80005394 (0xa9ad8d93) x27 0xf1fcca9a
core   0: 0x80005398 (0x00000313) li      t1, 0
core   0: 3 0x80005398 (0x00000313) x 6 0x00000000
core   0: 0x8000539c (0x9c0f00b7) lui     ra, 0x9c0f0
core   0: 3 0x8000539c (0x9c0f00b7) x 1 0x9c0f0000
core   0: 0x800053a0 (0xa4308093) addi    ra, ra, -1469
core   0: 3 0x800053a0 (0xa4308093) x 1 0x9c0efa43
core   0: 0x800053a4 (0xf7d08e97) auipc   t4, 0xf7d08
core   0: 3 0x800053a4 (0xf7d08e97) x29 0x77d0d3a4
core   0: 0x800053a8 (0x83608893) addi    a7, ra, -1994
core   0: 3 0x800053a8 (0x83608893) x17 0x9c0ef279
core   0: 0x800053ac (0xc61d4d97) auipc   s11, 0xc61d4
core   0: 3 0x800053ac (0xc61d4d97) x27 0x461d93ac
core   0: 0x800053b0 (0x00000013) nop
core   0: 3 0x800053b0 (0x00000013)
core   0: 0x800053b4 (0x1b2e1937) lui     s2, 0x1b2e1
core   0: 3 0x800053b4 (0x1b2e1937) x18 0x1b2e1000
core   0: 0x800053b8 (0x09008313) addi    t1, ra, 144
core   0: 3 0x800053b8 (0x09008313) x 6 0x9c0efad3
core   0: 0x800053bc (0x00000013) nop
core   0: 3 0x800053bc (0x00000013)
core   0: 0x800053c0 (0x00000013) nop
core   0: 3 0x800053c0 (0x00000013)
core   0: 0x800053c4 (0xbd378d93) addi    s11, a5, -1069
core   0: 3 0x800053c4 (0xbd378d93) x27 0xfffffbd3
core   0: 0x800053c8 (0xf308beb7) lui     t4, 0xf308b
core   0: 3 0x800053c8 (0xf308beb7) x29 0xf308b000
core   0: 0x800053cc (0x98f27d97) auipc   s11, 0x98f27
core   0: 3 0x800053cc (0x98f27d97) x27 0x18f2c3cc
core   0: 0x800053d0 (0x00000013) nop
core   0: 3 0x800053d0 (0x00000013)
core   0: 0x800053d4 (0xaa223d97) auipc   s11, 0xaa223
core   0: 3 0x800053d4 (0xaa223d97) x27 0x2a2283d4
core   0: 0x800053d8 (0x407e87b3) sub     a5, t4, t2
core   0: 3 0x800053d8 (0x407e87b3) x15 0xf308b000
core   0: 0x800053dc (0x00000013) nop
core   0: 3 0x800053dc (0x00000013)
core   0: 0x800053e0 (0x01a40eb3) add     t4, s0, s10
core   0: 3 0x800053e0 (0x01a40eb3) x29 0x7f493d47
core   0: 0x800053e4 (0x00000013) nop
core   0: 3 0x800053e4 (0x00000013)
core   0: 0x800053e8 (0x008887b3) add     a5, a7, s0
core   0: 3 0x800053e8 (0x008887b3) x15 0x9b582fc0
core   0: 0x800053ec (0x41b88333) sub     t1, a7, s11
core   0: 3 0x800053ec (0x41b88333) x 6 0x71ec6ea5
core   0: 0x800053f0 (0xc87fd417) auipc   s0, 0xc87fd
core   0: 3 0x800053f0 (0xc87fd417) x 8 0x488023f0
core   0: 0x800053f4 (0x00000013) nop
core   0: 3 0x800053f4 (0x00000013)
core   0: 0x800053f8 (0x75e49317) auipc   t1, 0x75e49
core   0: 3 0x800053f8 (0x75e49317) x 6 0xf5e4e3f8
core   0: 0x800053fc (0x4167b337) lui     t1, 0x4167b
core   0: 3 0x800053fc (0x4167b337) x 6 0x4167b000
core   0: 0x80005400 (0x41a38433) sub     s0, t2, s10
core   0: 3 0x80005400 (0x41a38433) x 8 0x80000000
core   0: 0x80005404 (0xf1ed8913) addi    s2, s11, -226
core   0: 3 0x80005404 (0xf1ed8913) x18 0x2a2282f2
core   0: 0x80005408 (0x06530913) addi    s2, t1, 101
core   0: 3 0x80005408 (0x06530913) x18 0x4167b065
core   0: 0x8000540c (0x011d8933) add     s2, s11, a7
core   0: 3 0x8000540c (0x011d8933) x18 0xc631764d
core   0: 0x80005410 (0x00000013) nop
core   0: 3 0x80005410 (0x00000013)
core   0: 0x80005414 (0x40fd8eb3) sub     t4, s11, a5
core   0: 3 0x80005414 (0x40fd8eb3) x29 0x8eca5414
core   0: 0x80005418 (0x008b96b3) sll     a3, s7, s0
core   0: 3 0x80005418 (0x008b96b3) x13 0xf29877aa
core   0: 0x8000541c (0x01de0cb3) add     s9, t3, t4
core   0: 3 0x8000541c (0x01de0cb3) x25 0x6570b414
core   0: 0x80005420 (0x01ec8bb3) add     s7, s9, t5
core   0: 3 0x80005420 (0x01ec8bb3) x23 0xe570bbbe
core   0: 0x80005424 (0x01c59193) slli    gp, a1, 28
core   0: 3 0x80005424 (0x01c59193) x 3 0x20000000
core   0: 0x80005428 (0x62da3b13) sltiu   s6, s4, 1581
core   0: 3 0x80005428 (0x62da3b13) x22 0x00000000
core   0: 0x8000542c (0x42f1c313) xori    t1, gp, 1071
core   0: 3 0x8000542c (0x42f1c313) x 6 0x2000042f
core   0: 0x80005430 (0xe0bb8d13) addi    s10, s7, -501
core   0: 3 0x80005430 (0xe0bb8d13) x26 0xe570b9c9
core   0: 0x80005434 (0xca913113) sltiu   sp, sp, -855
core   0: 3 0x80005434 (0xca913113) x 2 0x00000001
core   0: 0x80005438 (0x41225d33) sra     s10, tp, s2
core   0: 3 0x80005438 (0x41225d33) x26 0xfffc0008
core   0: 0x8000543c (0x412ed393) srai    t2, t4, 18
core   0: 3 0x8000543c (0x412ed393) x 7 0xffffe3b2
core   0: 0x80005440 (0x014b3fb3) sltu    t6, s6, s4
core   0: 3 0x80005440 (0x014b3fb3) x31 0x00000001
core   0: 0x80005444 (0x0071f733) and     a4, gp, t2
core   0: 3 0x80005444 (0x0071f733) x14 0x20000000
core   0: 0x80005448 (0x00000013) nop
core   0: 3 0x80005448 (0x00000013)
core   0: 0x8000544c (0x404b8ab3) sub     s5, s7, tp
core   0: 3 0x8000544c (0x404b8ab3) x21 0x656f9d5a
core   0: 0x80005450 (0x00c22f33) slt     t5, tp, a2
core   0: 3 0x80005450 (0x00c22f33) x30 0x00000001
core   0: 0x80005454 (0x00756333) or      t1, a0, t2
core   0: 3 0x80005454 (0x00756333) x 6 0xfffffff6
core   0: 0x80005458 (0x00a908b3) add     a7, s2, a0
core   0: 3 0x80005458 (0x00a908b3) x17 0x4632d331
core   0: 0x8000545c (0x40cadf93) srai    t6, s5, 12
core   0: 3 0x8000545c (0x40cadf93) x31 0x000656f9
core   0: 0x80005460 (0x007274b3) and     s1, tp, t2
core   0: 3 0x80005460 (0x007274b3) x 9 0x80010220
core   0: 0x80005464 (0x0126e1b3) or      gp, a3, s2
core   0: 3 0x80005464 (0x0126e1b3) x 3 0xf6b977ef
core   0: 0x80005468 (0x7f854d93) xori    s11, a0, 2040
core   0: 3 0x80005468 (0x7f854d93) x27 0x80015b1c
core   0: 0x8000546c (0x00b4c5b3) xor     a1, s1, a1
core   0: 3 0x8000546c (0x00b4c5b3) x11 0x80010222
core   0: 0x80005470 (0x01f95813) srli    a6, s2, 31
core   0: 3 0x80005470 (0x01f95813) x16 0x00000001
core   0: 0x80005474 (0x00000013) nop
core   0: 3 0x80005474 (0x00000013)
core   0: 0x80005478 (0x00ff1193) slli    gp, t5, 15
core   0: 3 0x80005478 (0x00ff1193) x 3 0x00008000
core   0: 0x8000547c (0x8394e193) ori     gp, s1, -1991
core   0: 3 0x8000547c (0x8394e193) x 3 0xfffffa39
core   0: 0x80005480 (0xd2132013) slti    zero, t1, -735
core   0: 3 0x80005480 (0xd2132013)
core   0: 0x80005484 (0x00729a93) slli    s5, t0, 7
core   0: 3 0x80005484 (0x00729a93) x21 0xadc00000
core   0: 0x80005488 (0xacd2cab7) lui     s5, 0xacd2c
core   0: 3 0x80005488 (0xacd2cab7) x21 0xacd2c000
core   0: 0x8000548c (0x011c6a33) or      s4, s8, a7
core   0: 3 0x8000548c (0x011c6a33) x20 0xe7f6d33b
core   0: 0x80005490 (0x414687b3) sub     a5, a3, s4
core   0: 3 0x80005490 (0x414687b3) x15 0x0aa1a46f
core   0: 0x80005494 (0x01dbf5b3) and     a1, s7, t4
core   0: 3 0x80005494 (0x01dbf5b3) x11 0x84401014
core   0: 0x80005498 (0x012984b3) add     s1, s3, s2
core   0: 3 0x80005498 (0x012984b3) x 9 0x4631764d
core   0: 0x8000549c (0x00bddb13) srli    s6, s11, 11
core   0: 3 0x8000549c (0x00bddb13) x22 0x0010002b
core   0: 0x800054a0 (0x6bbe2913) slti    s2, t3, 1723
core   0: 3 0x800054a0 (0x6bbe2913) x18 0x00000001
core   0: 0x800054a4 (0x407858b3) sra     a7, a6, t2
core   0: 3 0x800054a4 (0x407858b3) x17 0x00000000
core   0: 0x800054a8 (0x417c5a13) srai    s4, s8, 23
core   0: 3 0x800054a8 (0x417c5a13) x20 0xffffff47
core   0: 0x800054ac (0x01a9bdb3) sltu    s11, s3, s10
core   0: 3 0x800054ac (0x01a9bdb3) x27 0x00000001
core   0: 0x800054b0 (0x187ddd17) auipc   s10, 0x187dd
core   0: 3 0x800054b0 (0x187ddd17) x26 0x987e24b0
core   0: 0x800054b4 (0xd94c7397) auipc   t2, 0xd94c7
core   0: 3 0x800054b4 (0xd94c7397) x 7 0x594cc4b4
core   0: 0x800054b8 (0x007818b3) sll     a7, a6, t2
core   0: 3 0x800054b8 (0x007818b3) x17 0x00100000
core   0: 0x800054bc (0x01eb9ab3) sll     s5, s7, t5
core   0: 3 0x800054bc (0x01eb9ab3) x21 0xcae1777c
core   0: 0x800054c0 (0x01cb7933) and     s2, s6, t3
core   0: 3 0x800054c0 (0x01cb7933) x18 0x00000000
core   0: 0x800054c4 (0xa7f04d93) xori    s11, zero, -1409
core   0: 3 0x800054c4 (0xa7f04d93) x27 0xfffffa7f
core   0: 0x800054c8 (0x41520eb3) sub     t4, tp, s5
core   0: 3 0x800054c8 (0x41520eb3) x29 0xb51fa6e8
core   0: 0x800054cc (0x4017d033) sra     zero, a5, ra
core   0: 3 0x800054cc (0x4017d033)
core   0: 0x800054d0 (0x00f0eab3) or      s5, ra, a5
core   0: 3 0x800054d0 (0x00f0eab3) x21 0x9eaffe6f
core   0: 0x800054d4 (0x986f4b93) xori    s7, t5, -1658
core   0: 3 0x800054d4 (0x986f4b93) x23 0xfffff987
core   0: 0x800054d8 (0x6b2a0393) addi    t2, s4, 1714
core   0: 3 0x800054d8 (0x6b2a0393) x 7 0x000005f9
core   0: 0x800054dc (0x006d23b3) slt     t2, s10, t1
core   0: 3 0x800054dc (0x006d23b3) x 7 0x00000001
core   0: 0x800054e0 (0x012fe333) or      t1, t6, s2
core   0: 3 0x800054e0 (0x012fe333) x 6 0x000656f9
core   0: 0x800054e4 (0x2c6ca613) slti    a2, s9, 710
core   0: 3 0x800054e4 (0x2c6ca613) x12 0x00000000
core   0: 0x800054e8 (0x012a8733) add     a4, s5, s2
core   0: 3 0x800054e8 (0x012a8733) x14 0x9eaffe6f
core   0: 0x800054ec (0x017fd813) srli    a6, t6, 23
core   0: 3 0x800054ec (0x017fd813) x16 0x00000000
core   0: 0x800054f0 (0x006a7733) and     a4, s4, t1
core   0: 3 0x800054f0 (0x006a7733) x14 0x00065641
core   0: 0x800054f4 (0x402e5133) sra     sp, t3, sp
core   0: 3 0x800054f4 (0x402e5133) x 2 0xeb533000
core   0: 0x800054f8 (0x400b0bb3) sub     s7, s6, zero
core   0: 3 0x800054f8 (0x400b0bb3) x23 0x0010002b
core   0: 0x800054fc (0x016c3133) sltu    sp, s8, s6
core   0: 3 0x800054fc (0x016c3133) x 2 0x00000000
core   0: 0x80005500 (0x0095dd13) srli    s10, a1, 9
core   0: 3 0x80005500 (0x0095dd13) x26 0x00422008
core   0: 0x80005504 (0x002efcb3) and     s9, t4, sp
core   0: 3 0x80005504 (0x002efcb3) x25 0x00000000
core   0: 0x80005508 (0x2dc6c113) xori    sp, a3, 732
core   0: 3 0x80005508 (0x2dc6c113) x 2 0xf2987576
core   0: 0x8000550c (0x8dc5aa93) slti    s5, a1, -1828
core   0: 3 0x8000550c (0x8dc5aa93) x21 0x00000001
core   0: 0x80005510 (0xb9834b17) auipc   s6, 0xb9834
core   0: 3 0x80005510 (0xb9834b17) x22 0x39839510
core   0: 0x80005514 (0x01159b13) slli    s6, a1, 17
core   0: 3 0x80005514 (0x01159b13) x22 0x20280000
core   0: 0x80005518 (0x9bf7ac13) slti    s8, a5, -1601
core   0: 3 0x80005518 (0x9bf7ac13) x24 0x00000000
core   0: 0x8000551c (0xa05b92b7) lui     t0, 0xa05b9
core   0: 3 0x8000551c (0xa05b92b7) x 5 0xa05b9000
core   0: 0x80005520 (0x4032d893) srai    a7, t0, 3
core   0: 3 0x80005520 (0x4032d893) x17 0xf40b7200
core   0: 0x80005524 (0xfdb1bb13) sltiu   s6, gp, -37
core   0: 3 0x80005524 (0xfdb1bb13) x22 0x00000001
core   0: 0x80005528 (0x01430cb3) add     s9, t1, s4
core   0: 3 0x80005528 (0x01430cb3) x25 0x00065640
core   0: 0x8000552c (0x01815033) srl     zero, sp, s8
core   0: 3 0x8000552c (0x01815033)
core   0: 0x80005530 (0x01c1f133) and     sp, gp, t3
core   0: 3 0x80005530 (0x01c1f133) x 2 0xd6a66000
core   0: 0x80005534 (0x013f2ab3) slt     s5, t5, s3
core   0: 3 0x80005534 (0x013f2ab3) x21 0x00000000
core   0: 0x80005538 (0x006e5f13) srli    t5, t3, 6
core   0: 3 0x80005538 (0x006e5f13) x30 0x035a9980
core   0: 0x8000553c (0x01295f33) srl     t5, s2, s2
core   0: 3 0x8000553c (0x01295f33) x30 0x00000000
core   0: 0x80005540 (0x00f15893) srli    a7, sp, 15
core   0: 3 0x80005540 (0x00f15893) x17 0x0001ad4c
core   0: 0x80005544 (0x00000013) nop
core   0: 3 0x80005544 (0x00000013)
core   0: 0x80005548 (0x00000013) nop
core   0: 3 0x80005548 (0x00000013)
core   0: 0x8000554c (0x0164d313) srli    t1, s1, 22
core   0: 3 0x8000554c (0x0164d313) x 6 0x00000118
core   0: 0x80005550 (0x0191bbb3) sltu    s7, gp, s9
core   0: 3 0x80005550 (0x0191bbb3) x23 0x00000000
core   0: 0x80005554 (0x0183fd33) and     s10, t2, s8
core   0: 3 0x80005554 (0x0183fd33) x26 0x00000000
core   0: 0x80005558 (0x21ff3813) sltiu   a6, t5, 543
core   0: 3 0x80005558 (0x21ff3813) x16 0x00000001
core   0: 0x8000555c (0x4148d433) sra     s0, a7, s4
core   0: 3 0x8000555c (0x4148d433) x 8 0x0000035a
core   0: 0x80005560 (0xeb4b2ab7) lui     s5, 0xeb4b2
core   0: 3 0x80005560 (0xeb4b2ab7) x21 0xeb4b2000
core   0: 0x80005564 (0x01cdc133) xor     sp, s11, t3
core   0: 3 0x80005564 (0x01cdc133) x 2 0x29599a7f
core   0: 0x80005568 (0x01051cb3) sll     s9, a0, a6
core   0: 3 0x80005568 (0x01051cb3) x25 0x0002b9c8
core   0: 0x8000556c (0x75084293) xori    t0, a6, 1872
core   0: 3 0x8000556c (0x75084293) x 5 0x00000751
core   0: 0x80005570 (0x40b9db33) sra     s6, s3, a1
core   0: 3 0x80005570 (0x40b9db33) x22 0xfffff800
core   0: 0x80005574 (0x0128f433) and     s0, a7, s2
core   0: 3 0x80005574 (0x0128f433) x 8 0x00000000
core   0: 0x80005578 (0xc066fc13) andi    s8, a3, -1018
core   0: 3 0x80005578 (0xc066fc13) x24 0xf2987402
core   0: 0x8000557c (0x0042af33) slt     t5, t0, tp
core   0: 3 0x8000557c (0x0042af33) x30 0x00000000
core   0: 0x80005580 (0x00f53a33) sltu    s4, a0, a5
core   0: 3 0x80005580 (0x00f53a33) x20 0x00000000
core   0: 0x80005584 (0x002ba833) slt     a6, s7, sp
core   0: 3 0x80005584 (0x002ba833) x16 0x00000001
core   0: 0x80005588 (0x7c56b613) sltiu   a2, a3, 1989
core   0: 3 0x80005588 (0x7c56b613) x12 0x00000000
core   0: 0x8000558c (0xb7b32897) auipc   a7, 0xb7b32
core   0: 3 0x8000558c (0xb7b32897) x17 0x37b3758c
core   0: 0x80005590 (0x01b89413) slli    s0, a7, 27
core   0: 3 0x80005590 (0x01b89413) x 8 0x60000000
core   0: 0x80005594 (0xf5a48a97) auipc   s5, 0xf5a48
core   0: 3 0x80005594 (0xf5a48a97) x21 0x75a4d594
core   0: 0x80005598 (0x004dba33) sltu    s4, s11, tp
core   0: 3 0x80005598 (0x004dba33) x20 0x00000000
core   0: 0x8000559c (0x00000013) nop
core   0: 3 0x8000559c (0x00000013)
core   0: 0x800055a0 (0x01d9d2b3) srl     t0, s3, t4
core   0: 3 0x800055a0 (0x01d9d2b3) x 5 0x00800000
core   0: 0x800055a4 (0x00b7d433) srl     s0, a5, a1
core   0: 3 0x800055a4 (0x00b7d433) x 8 0x000000aa
core   0: 0x800055a8 (0x008e41b3) xor     gp, t3, s0
core   0: 3 0x800055a8 (0x008e41b3) x 3 0xd6a660aa
core   0: 0x800055ac (0xb455d917) auipc   s2, 0xb455d
core   0: 3 0x800055ac (0xb455d917) x18 0x345625ac
core   0: 0x800055b0 (0x00fc34b3) sltu    s1, s8, a5
core   0: 3 0x800055b0 (0x00fc34b3) x 9 0x00000000
core   0: 0x800055b4 (0xbf472f13) slti    t5, a4, -1036
core   0: 3 0x800055b4 (0xbf472f13) x30 0x00000000
core   0: 0x800055b8 (0x6bafc797) auipc   a5, 0x6bafc
core   0: 3 0x800055b8 (0x6bafc797) x15 0xebb015b8
core   0: 0x800055bc (0x98106293) ori     t0, zero, -1663
core   0: 3 0x800055bc (0x98106293) x 5 0xfffff981
core   0: 0x800055c0 (0x40fbd013) srai    zero, s7, 15
core   0: 3 0x800055c0 (0x40fbd013)
core   0: 0x800055c4 (0x4b251797) auipc   a5, 0x4b251
core   0: 3 0x800055c4 (0x4b251797) x15 0xcb2565c4
core   0: 0x800055c8 (0x0011a033) slt     zero, gp, ra
core   0: 3 0x800055c8 (0x0011a033)
core   0: 0x800055cc (0xac2d6813) ori     a6, s10, -1342
core   0: 3 0x800055cc (0xac2d6813) x16 0xfffffac2
core   0: 0x800055d0 (0x41265313) srai    t1, a2, 18
core   0: 3 0x800055d0 (0x41265313) x 6 0x00000000
core   0: 0x800055d4 (0x01f88833) add     a6, a7, t6
core   0: 3 0x800055d4 (0x01f88833) x16 0x37b9cc85
core   0: 0x800055d8 (0x00135933) srl     s2, t1, ra
core   0: 3 0x800055d8 (0x00135933) x18 0x00000000
core   0: 0x800055dc (0xbe3cb313) sltiu   t1, s9, -1053
core   0: 3 0x800055dc (0xbe3cb313) x 6 0x00000001
core   0: 0x800055e0 (0x8db32113) slti    sp, t1, -1829
core   0: 3 0x800055e0 (0x8db32113) x 2 0x00000000
core   0: 0x800055e4 (0x00e79d93) slli    s11, a5, 14
core   0: 3 0x800055e4 (0x00e79d93) x27 0x59710000
core   0: 0x800055e8 (0x00000013) nop
core   0: 3 0x800055e8 (0x00000013)
core   0: 0x800055ec (0x41e0ddb3) sra     s11, ra, t5
core   0: 3 0x800055ec (0x41e0ddb3) x27 0x9c0efa43
core   0: 0x800055f0 (0xf0c22497) auipc   s1, 0xf0c22
core   0: 3 0x800055f0 (0xf0c22497) x 9 0x70c275f0
core   0: 0x800055f4 (0x41938b33) sub     s6, t2, s9
core   0: 3 0x800055f4 (0x41938b33) x22 0xfffd4639
core   0: 0x800055f8 (0x01fda7b3) slt     a5, s11, t6
core   0: 3 0x800055f8 (0x01fda7b3) x15 0x00000001
core   0: 0x800055fc (0x00fe01b3) add     gp, t3, a5
core   0: 3 0x800055fc (0x00fe01b3) x 3 0xd6a66001
core   0: 0x80005600 (0xe0f36693) ori     a3, t1, -497
core   0: 3 0x80005600 (0xe0f36693) x13 0xfffffe0f
core   0: 0x80005604 (0x009331b3) sltu    gp, t1, s1
core   0: 3 0x80005604 (0x009331b3) x 3 0x00000001
core   0: 0x80005608 (0x75d5c593) xori    a1, a1, 1885
core   0: 3 0x80005608 (0x75d5c593) x11 0x84401749
core   0: 0x8000560c (0x41be5433) sra     s0, t3, s11
core   0: 3 0x8000560c (0x41be5433) x 8 0xfad4cc00
core   0: 0x80005610 (0x003f71b3) and     gp, t5, gp
core   0: 3 0x80005610 (0x003f71b3) x 3 0x00000000
core   0: 0x80005614 (0x00c9d3b3) srl     t2, s3, a2
core   0: 3 0x80005614 (0x00c9d3b3) x 7 0x80000000
core   0: 0x80005618 (0x4134d133) sra     sp, s1, s3
core   0: 3 0x80005618 (0x4134d133) x 2 0x70c275f0
core   0: 0x8000561c (0x41af0bb3) sub     s7, t5, s10
core   0: 3 0x8000561c (0x41af0bb3) x23 0x00000000
core   0: 0x80005620 (0x003b67b3) or      a5, s6, gp
core   0: 3 0x80005620 (0x003b67b3) x15 0xfffd4639
core   0: 0x80005624 (0x005a3433) sltu    s0, s4, t0
core   0: 3 0x80005624 (0x005a3433) x 8 0x00000001
core   0: 0x80005628 (0x401ade93) srai    t4, s5, 1
core   0: 3 0x80005628 (0x401ade93) x29 0x3ad26aca
core   0: 0x8000562c (0x010f25b3) slt     a1, t5, a6
core   0: 3 0x8000562c (0x010f25b3) x11 0x00000001
core   0: 0x80005630 (0x6f943493) sltiu   s1, s0, 1785
core   0: 3 0x80005630 (0x6f943493) x 9 0x00000001
core   0: 0x80005634 (0x003c9bb3) sll     s7, s9, gp
core   0: 3 0x80005634 (0x003c9bb3) x23 0x0002b9c8
core   0: 0x80005638 (0x00616cb3) or      s9, sp, t1
core   0: 3 0x80005638 (0x00616cb3) x25 0x70c275f1
core   0: 0x8000563c (0x00000013) nop
core   0: 3 0x8000563c (0x00000013)
core   0: 0x80005640 (0x01c7da13) srli    s4, a5, 28
core   0: 3 0x80005640 (0x01c7da13) x20 0x0000000f
core   0: 0x80005644 (0x002ff8b3) and     a7, t6, sp
core   0: 3 0x80005644 (0x002ff8b3) x17 0x000254f0
core   0: 0x80005648 (0xa18df693) andi    a3, s11, -1512
core   0: 3 0x80005648 (0xa18df693) x13 0x9c0efa00
core   0: 0x8000564c (0x00f6e633) or      a2, a3, a5
core   0: 3 0x8000564c (0x00f6e633) x12 0xfffffe39
core   0: 0x80005650 (0x0011abb3) slt     s7, gp, ra
core   0: 3 0x80005650 (0x0011abb3) x23 0x00000000
core   0: 0x80005654 (0x001370b3) and     ra, t1, ra
core   0: 3 0x80005654 (0x001370b3) x 1 0x00000001
core   0: 0x80005658 (0x40720ab3) sub     s5, tp, t2
core   0: 3 0x80005658 (0x40720ab3) x21 0x00011e64
core   0: 0x8000565c (0x00459313) slli    t1, a1, 4
core   0: 3 0x8000565c (0x00459313) x 6 0x00000010
core   0: 0x80005660 (0x74ad4c13) xori    s8, s10, 1866
core   0: 3 0x80005660 (0x74ad4c13) x24 0x0000074a
core   0: 0x80005664 (0x41dcd893) srai    a7, s9, 29
core   0: 3 0x80005664 (0x41dcd893) x17 0x00000003
core   0: 0x80005668 (0x00d586b3) add     a3, a1, a3
core   0: 3 0x80005668 (0x00d586b3) x13 0x9c0efa01
core   0: 0x8000566c (0xe4b73793) sltiu   a5, a4, -437
core   0: 3 0x8000566c (0xe4b73793) x15 0x00000001
core   0: 0x80005670 (0x014fe133) or      sp, t6, s4
core   0: 3 0x80005670 (0x014fe133) x 2 0x000656ff
core   0: 0x80005674 (0x41970ab3) sub     s5, a4, s9
core   0: 3 0x80005674 (0x41970ab3) x21 0x8f43e050
core   0: 0x80005678 (0x01672133) slt     sp, a4, s6
core   0: 3 0x80005678 (0x01672133) x 2 0x00000000
core   0: 0x8000567c (0x9b8ff697) auipc   a3, 0x9b8ff
core   0: 3 0x8000567c (0x9b8ff697) x13 0x1b90467c
core   0: 0x80005680 (0x00e3b133) sltu    sp, t2, a4
core   0: 3 0x80005680 (0x00e3b133) x 2 0x00000000
core   0: 0x80005684 (0xd7788013) addi    zero, a7, -649
core   0: 3 0x80005684 (0xd7788013)
core   0: 0x80005688 (0x01644333) xor     t1, s0, s6
core   0: 3 0x80005688 (0x01644333) x 6 0xfffd4638
core   0: 0x8000568c (0x015048b3) xor     a7, zero, s5
core   0: 3 0x8000568c (0x015048b3) x17 0x8f43e050
core   0: 0x80005690 (0xd5330013) addi    zero, t1, -685
core   0: 3 0x80005690 (0xd5330013)
core   0: 0x80005694 (0x4166dcb3) sra     s9, a3, s6
core   0: 3 0x80005694 (0x4166dcb3) x25 0x0000000d
core   0: 0x80005698 (0x01b7d493) srli    s1, a5, 27
core   0: 3 0x80005698 (0x01b7d493) x 9 0x00000000
core   0: 0x8000569c (0x8fa97db7) lui     s11, 0x8fa97
core   0: 3 0x8000569c (0x8fa97db7) x27 0x8fa97000
core   0: 0x800056a0 (0x004a7bb3) and     s7, s4, tp
core   0: 3 0x800056a0 (0x004a7bb3) x23 0x00000004
core   0: 0x800056a4 (0x00bb8db3) add     s11, s7, a1
core   0: 3 0x800056a4 (0x00bb8db3) x27 0x00000005
core   0: 0x800056a8 (0x8e432113) slti    sp, t1, -1820
core   0: 3 0x800056a8 (0x8e432113) x 2 0x00000001
core   0: 0x800056ac (0x00a8dcb3) srl     s9, a7, a0
core   0: 3 0x800056ac (0x00a8dcb3) x25 0x08f43e05
core   0: 0x800056b0 (0x2c930117) auipc   sp, 0x2c930
core   0: 3 0x800056b0 (0x2c930117) x 2 0xac9356b0
core   0: 0x800056b4 (0x36257613) andi    a2, a0, 866
core   0: 3 0x800056b4 (0x36257613) x12 0x00000060
core   0: 0x800056b8 (0x01790ab3) add     s5, s2, s7
core   0: 3 0x800056b8 (0x01790ab3) x21 0x00000004
core   0: 0x800056bc (0x01663033) sltu    zero, a2, s6
core   0: 3 0x800056bc (0x01663033)
core   0: 0x800056c0 (0x57d9f037) lui     zero, 0x57d9f
core   0: 3 0x800056c0 (0x57d9f037)
core   0: 0x800056c4 (0x9ef8c713) xori    a4, a7, -1553
core   0: 3 0x800056c4 (0x9ef8c713) x14 0x70bc19bf
core   0: 0x800056c8 (0xab903ab7) lui     s5, 0xab903
core   0: 3 0x800056c8 (0xab903ab7) x21 0xab903000
core   0: 0x800056cc (0x017e8b33) add     s6, t4, s7
core   0: 3 0x800056cc (0x017e8b33) x22 0x3ad26ace
core   0: 0x800056d0 (0x00000013) nop
core   0: 3 0x800056d0 (0x00000013)
core   0: 0x800056d4 (0x60a18617) auipc   a2, 0x60a18
core   0: 3 0x800056d4 (0x60a18617) x12 0xe0a1d6d4
core   0: 0x800056d8 (0x7ec3aa13) slti    s4, t2, 2028
core   0: 3 0x800056d8 (0x7ec3aa13) x20 0x00000001
core   0: 0x800056dc (0x0017d4b3) srl     s1, a5, ra
core   0: 3 0x800056dc (0x0017d4b3) x 9 0x00000000
core   0: 0x800056e0 (0x017e5713) srli    a4, t3, 23
core   0: 3 0x800056e0 (0x017e5713) x14 0x000001ad
core   0: 0x800056e4 (0x002fcf33) xor     t5, t6, sp
core   0: 3 0x800056e4 (0x002fcf33) x30 0xac950049
core   0: 0x800056e8 (0x00e0d413) srli    s0, ra, 14
core   0: 3 0x800056e8 (0x00e0d413) x 8 0x00000000
core   0: 0x800056ec (0x0114cbb3) xor     s7, s1, a7
core   0: 3 0x800056ec (0x0114cbb3) x23 0x8f43e050
core   0: 0x800056f0 (0xcbcba413) slti    s0, s7, -836
core   0: 3 0x800056f0 (0xcbcba413) x 8 0x00000001
core   0: 0x800056f4 (0xc0e8fd93) andi    s11, a7, -1010
core   0: 3 0x800056f4 (0xc0e8fd93) x27 0x8f43e000
core   0: 0x800056f8 (0x6a27b813) sltiu   a6, a5, 1698
core   0: 3 0x800056f8 (0x6a27b813) x16 0x00000001
core   0: 0x800056fc (0x33318693) addi    a3, gp, 819
core   0: 3 0x800056fc (0x33318693) x13 0x00000333
core   0: 0x80005700 (0x41b4d293) srai    t0, s1, 27
core   0: 3 0x80005700 (0x41b4d293) x 5 0x00000000
core   0: 0x80005704 (0x416f8f33) sub     t5, t6, s6
core   0: 3 0x80005704 (0x416f8f33) x30 0xc533ec2b
core   0: 0x80005708 (0x013d27b3) slt     a5, s10, s3
core   0: 3 0x80005708 (0x013d27b3) x15 0x00000000
core   0: 0x8000570c (0x01b83d33) sltu    s10, a6, s11
core   0: 3 0x8000570c (0x01b83d33) x26 0x00000001
core   0: 0x80005710 (0x01d86c33) or      s8, a6, t4
core   0: 3 0x80005710 (0x01d86c33) x24 0x3ad26acb
core   0: 0x80005714 (0xcc48f497) auipc   s1, 0xcc48f
core   0: 3 0x80005714 (0xcc48f497) x 9 0x4c494714
core   0: 0x80005718 (0x00b34cb3) xor     s9, t1, a1
core   0: 3 0x80005718 (0x00b34cb3) x25 0xfffd4639
core   0: 0x8000571c (0x01dc07b3) add     a5, s8, t4
core   0: 3 0x8000571c (0x01dc07b3) x15 0x75a4d595
core   0: 0x80005720 (0x017f33b3) sltu    t2, t5, s7
core   0: 3 0x80005720 (0x017f33b3) x 7 0x00000000
core   0: 0x80005724 (0xd3a3eb17) auipc   s6, 0xd3a3e
core   0: 3 0x80005724 (0xd3a3eb17) x22 0x53a43724
core   0: 0x80005728 (0x45658413) addi    s0, a1, 1110
core   0: 3 0x80005728 (0x45658413) x 8 0x00000457
core   0: 0x8000572c (0x41b7d813) srai    a6, a5, 27
core   0: 3 0x8000572c (0x41b7d813) x16 0x0000000e
core   0: 0x80005730 (0x28093193) sltiu   gp, s2, 640
core   0: 3 0x80005730 (0x28093193) x 3 0x00000001
core   0: 0x80005734 (0x5f192d13) slti    s10, s2, 1521
core   0: 3 0x80005734 (0x5f192d13) x26 0x00000001
core   0: 0x80005738 (0x006cb7b3) sltu    a5, s9, t1
core   0: 3 0x80005738 (0x006cb7b3) x15 0x00000000
core   0: 0x8000573c (0x01c7f433) and     s0, a5, t3
core   0: 3 0x8000573c (0x01c7f433) x 8 0x00000000
core   0: 0x80005740 (0x012e96b3) sll     a3, t4, s2
core   0: 3 0x80005740 (0x012e96b3) x13 0x3ad26aca
core   0: 0x80005744 (0x8c261d37) lui     s10, 0x8c261
core   0: 3 0x80005744 (0x8c261d37) x26 0x8c261000
core   0: 0x80005748 (0x00ec1033) sll     zero, s8, a4
core   0: 3 0x80005748 (0x00ec1033)
core   0: 0x8000574c (0x01136c33) or      s8, t1, a7
core   0: 3 0x8000574c (0x01136c33) x24 0xffffe678
core   0: 0x80005750 (0x4054d733) sra     a4, s1, t0
core   0: 3 0x80005750 (0x4054d733) x14 0x4c494714
core   0: 0x80005754 (0xfcef2193) slti    gp, t5, -50
core   0: 3 0x80005754 (0xfcef2193) x 3 0x00000001
core   0: 0x80005758 (0xc67111b7) lui     gp, 0xc6711
core   0: 3 0x80005758 (0xc67111b7) x 3 0xc6711000
core   0: 0x8000575c (0x7f433317) auipc   t1, 0x7f433
core   0: 3 0x8000575c (0x7f433317) x 6 0xff43875c
core   0: 0x80005760 (0x40d88433) sub     s0, a7, a3
core   0: 3 0x80005760 (0x40d88433) x 8 0x54717586
core   0: 0x80005764 (0x006ddb93) srli    s7, s11, 6
core   0: 3 0x80005764 (0x006ddb93) x23 0x023d0f80
core   0: 0x80005768 (0x05767193) andi    gp, a2, 87
core   0: 3 0x80005768 (0x05767193) x 3 0x00000054
core   0: 0x8000576c (0x78f5ec13) ori     s8, a1, 1935
core   0: 3 0x8000576c (0x78f5ec13) x24 0x0000078f
core   0: 0x80005770 (0x019d3833) sltu    a6, s10, s9
core   0: 3 0x80005770 (0x019d3833) x16 0x00000001
core   0: 0x80005774 (0x008d4433) xor     s0, s10, s0
core   0: 3 0x80005774 (0x008d4433) x 8 0xd8576586
core   0: 0x80005778 (0x523d1937) lui     s2, 0x523d1
core   0: 3 0x80005778 (0x523d1937) x18 0x523d1000
core   0: 0x8000577c (0x00a5de13) srli    t3, a1, 10
core   0: 3 0x8000577c (0x00a5de13) x28 0x00000000
core   0: 0x80005780 (0x00cad033) srl     zero, s5, a2
core   0: 3 0x80005780 (0x00cad033)
core   0: 0x80005784 (0x00807cb3) and     s9, zero, s0
core   0: 3 0x80005784 (0x00807cb3) x25 0x00000000
core   0: 0x80005788 (0x96a5fa13) andi    s4, a1, -1686
core   0: 3 0x80005788 (0x96a5fa13) x20 0x00000000
core   0: 0x8000578c (0x40ff0bb3) sub     s7, t5, a5
core   0: 3 0x8000578c (0x40ff0bb3) x23 0xc533ec2b
core   0: 0x80005790 (0x00065b33) srl     s6, a2, zero
core   0: 3 0x80005790 (0x00065b33) x22 0xe0a1d6d4
core   0: 0x80005794 (0x882be093) ori     ra, s7, -1918
core   0: 3 0x80005794 (0x882be093) x 1 0xfffffcab
core   0: 0x80005798 (0x2cc88313) addi    t1, a7, 716
core   0: 3 0x80005798 (0x2cc88313) x 6 0x8f43e31c
core   0: 0x8000579c (0x0039e733) or      a4, s3, gp
core   0: 3 0x8000579c (0x0039e733) x14 0x80000054
core   0: 0x800057a0 (0x00000013) nop
core   0: 3 0x800057a0 (0x00000013)
core   0: 0x800057a4 (0x61d93e93) sltiu   t4, s2, 1565
core   0: 3 0x800057a4 (0x61d93e93) x29 0x00000000
core   0: 0x800057a8 (0xc74afb97) auipc   s7, 0xc74af
core   0: 3 0x800057a8 (0xc74afb97) x23 0x474b47a8
core   0: 0x800057ac (0x01ea1c13) slli    s8, s4, 30
core   0: 3 0x800057ac (0x01ea1c13) x24 0x00000000
core   0: 0x800057b0 (0x00829b13) slli    s6, t0, 8
core   0: 3 0x800057b0 (0x00829b13) x22 0x00000000
core   0: 0x800057b4 (0x00eaab33) slt     s6, s5, a4
core   0: 3 0x800057b4 (0x00eaab33) x22 0x00000000
core   0: 0x800057b8 (0x416680b3) sub     ra, a3, s6
core   0: 3 0x800057b8 (0x416680b3) x 1 0x3ad26aca
core   0: 0x800057bc (0x00fa7833) and     a6, s4, a5
core   0: 3 0x800057bc (0x00fa7833) x16 0x00000000
core   0: 0x800057c0 (0x01c03433) snez    s0, t3
core   0: 3 0x800057c0 (0x01c03433) x 8 0x00000000
core   0: 0x800057c4 (0x877be413) ori     s0, s7, -1929
core   0: 3 0x800057c4 (0x877be413) x 8 0xffffffff
core   0: 0x800057c8 (0x418dd133) sra     sp, s11, s8
core   0: 3 0x800057c8 (0x418dd133) x 2 0x8f43e000
core   0: 0x800057cc (0x794a2093) slti    ra, s4, 1940
core   0: 3 0x800057cc (0x794a2093) x 1 0x00000001
core   0: 0x800057d0 (0x0084ca33) xor     s4, s1, s0
core   0: 3 0x800057d0 (0x0084ca33) x20 0xb3b6b8eb
core   0: 0x800057d4 (0x644514b7) lui     s1, 0x64451
core   0: 3 0x800057d4 (0x644514b7) x 9 0x64451000
core   0: 0x800057d8 (0x00a67f33) and     t5, a2, a0
core   0: 3 0x800057d8 (0x00a67f33) x30 0x800154c4
core   0: 0x800057dc (0x01716d33) or      s10, sp, s7
core   0: 3 0x800057dc (0x01716d33) x26 0xcf4be7a8
core   0: 0x800057e0 (0x72bd4313) xori    t1, s10, 1835
core   0: 3 0x800057e0 (0x72bd4313) x 6 0xcf4be083
core   0: 0x800057e4 (0x9bfca713) slti    a4, s9, -1601
core   0: 3 0x800057e4 (0x9bfca713) x14 0x00000000
core   0: 0x800057e8 (0x7c586e93) ori     t4, a6, 1989
core   0: 3 0x800057e8 (0x7c586e93) x29 0x000007c5
core   0: 0x800057ec (0x01931733) sll     a4, t1, s9
core   0: 3 0x800057ec (0x01931733) x14 0xcf4be083
core   0: 0x800057f0 (0x000711b3) sll     gp, a4, zero
core   0: 3 0x800057f0 (0x000711b3) x 3 0xcf4be083
core   0: 0x800057f4 (0x017aabb3) slt     s7, s5, s7
core   0: 3 0x800057f4 (0x017aabb3) x23 0x00000001
core   0: 0x800057f8 (0x01289033) sll     zero, a7, s2
core   0: 3 0x800057f8 (0x01289033)
core   0: 0x800057fc (0x0169f4b3) and     s1, s3, s6
core   0: 3 0x800057fc (0x0169f4b3) x 9 0x00000000
core   0: 0x80005800 (0x017e88b3) add     a7, t4, s7
core   0: 3 0x80005800 (0x017e88b3) x17 0x000007c6
core   0: 0x80005804 (0x509a7893) andi    a7, s4, 1289
core   0: 3 0x80005804 (0x509a7893) x17 0x00000009
core   0: 0x80005808 (0x00beafb3) slt     t6, t4, a1
core   0: 3 0x80005808 (0x00beafb3) x31 0x00000000
core   0: 0x8000580c (0x8085e093) ori     ra, a1, -2040
core   0: 3 0x8000580c (0x8085e093) x 1 0xfffff809
core   0: 0x80005810 (0x013cd733) srl     a4, s9, s3
core   0: 3 0x80005810 (0x013cd733) x14 0x00000000
core   0: 0x80005814 (0x09d00a93) li      s5, 157
core   0: 3 0x80005814 (0x09d00a93) x21 0x0000009d
core   0: 0x80005818 (0x41ea6297) auipc   t0, 0x41ea6
core   0: 3 0x80005818 (0x41ea6297) x 5 0xc1eab818
core   0: 0x8000581c (0x00c785b3) add     a1, a5, a2
core   0: 3 0x8000581c (0x00c785b3) x11 0xe0a1d6d4
core   0: 0x80005820 (0x00fad033) srl     zero, s5, a5
core   0: 3 0x80005820 (0x00fad033)
core   0: 0x80005824 (0x01b3f433) and     s0, t2, s11
core   0: 3 0x80005824 (0x01b3f433) x 8 0x00000000
core   0: 0x80005828 (0x402883b3) sub     t2, a7, sp
core   0: 3 0x80005828 (0x402883b3) x 7 0x70bc2009
core   0: 0x8000582c (0x017a1a13) slli    s4, s4, 23
core   0: 3 0x8000582c (0x017a1a13) x20 0x75800000
core   0: 0x80005830 (0x018226b3) slt     a3, tp, s8
core   0: 3 0x80005830 (0x018226b3) x13 0x00000001
core   0: 0x80005834 (0xce9ba313) slti    t1, s7, -791
core   0: 3 0x80005834 (0xce9ba313) x 6 0x00000000
core   0: 0x80005838 (0x61673437) lui     s0, 0x61673
core   0: 3 0x80005838 (0x61673437) x 8 0x61673000
core   0: 0x8000583c (0x404b0bb3) sub     s7, s6, tp
core   0: 3 0x8000583c (0x404b0bb3) x23 0x7ffee19c
core   0: 0x80005840 (0xbae81637) lui     a2, 0xbae81
core   0: 3 0x80005840 (0xbae81637) x12 0xbae81000
core   0: 0x80005844 (0x004054b3) srl     s1, zero, tp
core   0: 3 0x80005844 (0x004054b3) x 9 0x00000000
core   0: 0x80005848 (0x40075013) srai    zero, a4, 0
core   0: 3 0x80005848 (0x40075013)
core   0: 0x8000584c (0x00769413) slli    s0, a3, 7
core   0: 3 0x8000584c (0x00769413) x 8 0x00000080
core   0: 0x80005850 (0x017734b3) sltu    s1, a4, s7
core   0: 3 0x80005850 (0x017734b3) x 9 0x00000001
core   0: 0x80005854 (0xdd493293) sltiu   t0, s2, -556
core   0: 3 0x80005854 (0xdd493293) x 5 0x00000001
core   0: 0x80005858 (0x01009d33) sll     s10, ra, a6
core   0: 3 0x80005858 (0x01009d33) x26 0xfffff809
core   0: 0x8000585c (0x0188a733) slt     a4, a7, s8
core   0: 3 0x8000585c (0x0188a733) x14 0x00000000
core   0: 0x80005860 (0x46e86593) ori     a1, a6, 1134
core   0: 3 0x80005860 (0x46e86593) x11 0x0000046e
core   0: 0x80005864 (0x57595db7) lui     s11, 0x57595
core   0: 3 0x80005864 (0x57595db7) x27 0x57595000
core   0: 0x80005868 (0xc0c36393) ori     t2, t1, -1012
core   0: 3 0x80005868 (0xc0c36393) x 7 0xfffffc0c
core   0: 0x8000586c (0x45ff0a13) addi    s4, t5, 1119
core   0: 3 0x8000586c (0x45ff0a13) x20 0x80015923
core   0: 0x80005870 (0x0045d733) srl     a4, a1, tp
core   0: 3 0x80005870 (0x0045d733) x14 0x00000046
core   0: 0x80005874 (0x11220393) addi    t2, tp, 274
core   0: 3 0x80005874 (0x11220393) x 7 0x80011f76
core   0: 0x80005878 (0xdd583b13) sltiu   s6, a6, -555
core   0: 3 0x80005878 (0xdd583b13) x22 0x00000001
core   0: 0x8000587c (0x00aaaf33) slt     t5, s5, a0
core   0: 3 0x8000587c (0x00aaaf33) x30 0x00000000
core   0: 0x80005880 (0x0196ac33) slt     s8, a3, s9
core   0: 3 0x80005880 (0x0196ac33) x24 0x00000000
core   0: 0x80005884 (0x40b285b3) sub     a1, t0, a1
core   0: 3 0x80005884 (0x40b285b3) x11 0xfffffb93
core   0: 0x80005888 (0x40698733) sub     a4, s3, t1
core   0: 3 0x80005888 (0x40698733) x14 0x80000000
core   0: 0x8000588c (0x001fb0b3) sltu    ra, t6, ra
core   0: 3 0x8000588c (0x001fb0b3) x 1 0x00000001
core   0: 0x80005890 (0x01fe40b3) xor     ra, t3, t6
core   0: 3 0x80005890 (0x01fe40b3) x 1 0x00000000
core   0: 0x80005894 (0x40895d33) sra     s10, s2, s0
core   0: 3 0x80005894 (0x40895d33) x26 0x523d1000
core   0: 0x80005898 (0xc02ecf93) xori    t6, t4, -1022
core   0: 3 0x80005898 (0xc02ecf93) x31 0xfffffbc7
core   0: 0x8000589c (0x00f69c13) slli    s8, a3, 15
core   0: 3 0x8000589c (0x00f69c13) x24 0x00008000
core   0: 0x800058a0 (0x411256b3) sra     a3, tp, a7
core   0: 3 0x800058a0 (0x411256b3) x13 0xffc0008f
core   0: 0x800058a4 (0x0a05ccb7) lui     s9, 0xa05c
core   0: 3 0x800058a4 (0x0a05ccb7) x25 0x0a05c000
core   0: 0x800058a8 (0x00a0c2b3) xor     t0, ra, a0
core   0: 3 0x800058a8 (0x00a0c2b3) x 5 0x80015ce4
core   0: 0x800058ac (0x67342893) slti    a7, s0, 1651
core   0: 3 0x800058ac (0x67342893) x17 0x00000001
core   0: 0x800058b0 (0x857d4193) xori    gp, s10, -1961
core   0: 3 0x800058b0 (0x857d4193) x 3 0xadc2e857
core   0: 0x800058b4 (0x40520893) addi    a7, tp, 1029
core   0: 3 0x800058b4 (0x40520893) x17 0x80012269
core   0: 0x800058b8 (0x1f342797) auipc   a5, 0x1f342
core   0: 3 0x800058b8 (0x1f342797) x15 0x9f3478b8
core   0: 0x800058bc (0x1cd00193) li      gp, 461
core   0: 3 0x800058bc (0x1cd00193) x 3 0x000001cd
core   0: 0x800058c0 (0x00000013) nop
core   0: 3 0x800058c0 (0x00000013)
core   0: 0x800058c4 (0xa4faf313) andi    t1, s5, -1457
core   0: 3 0x800058c4 (0xa4faf313) x 6 0x0000000d
core   0: 0x800058c8 (0x00c11e33) sll     t3, sp, a2
core   0: 3 0x800058c8 (0x00c11e33) x28 0x8f43e000
core   0: 0x800058cc (0xa3587293) andi    t0, a6, -1483
core   0: 3 0x800058cc (0xa3587293) x 5 0x00000000
core   0: 0x800058d0 (0x40fcda33) sra     s4, s9, a5
core   0: 3 0x800058d0 (0x40fcda33) x20 0x0000000a
core   0: 0x800058d4 (0x0198d493) srli    s1, a7, 25
core   0: 3 0x800058d4 (0x0198d493) x 9 0x00000040
core   0: 0x800058d8 (0x00b151b3) srl     gp, sp, a1
core   0: 3 0x800058d8 (0x00b151b3) x 3 0x000011e8
core   0: 0x800058dc (0x01d69113) slli    sp, a3, 29
core   0: 3 0x800058dc (0x01d69113) x 2 0xe0000000
core   0: 0x800058e0 (0x48779717) auipc   a4, 0x48779
core   0: 3 0x800058e0 (0x48779717) x14 0xc877e8e0
core   0: 0x800058e4 (0x014b5d13) srli    s10, s6, 20
core   0: 3 0x800058e4 (0x014b5d13) x26 0x00000000
core   0: 0x800058e8 (0x00118b13) addi    s6, gp, 1
core   0: 3 0x800058e8 (0x00118b13) x22 0x000011e9
core   0: 0x800058ec (0x00359fb3) sll     t6, a1, gp
core   0: 3 0x800058ec (0x00359fb3) x31 0xfffb9300
core   0: 0x800058f0 (0x1d4c2313) slti    t1, s8, 468
core   0: 3 0x800058f0 (0x1d4c2313) x 6 0x00000000
core   0: 0x800058f4 (0x014e2933) slt     s2, t3, s4
core   0: 3 0x800058f4 (0x014e2933) x18 0x00000001
core   0: 0x800058f8 (0x5cdb8d37) lui     s10, 0x5cdb8
core   0: 3 0x800058f8 (0x5cdb8d37) x26 0x5cdb8000
core   0: 0x800058fc (0x00000013) nop
core   0: 3 0x800058fc (0x00000013)
core   0: 0x80005900 (0x000e37b3) sltu    a5, t3, zero
core   0: 3 0x80005900 (0x000e37b3) x15 0x00000000
core   0: 0x80005904 (0x7c0acb13) xori    s6, s5, 1984
core   0: 3 0x80005904 (0x7c0acb13) x22 0x0000075d
core   0: 0x80005908 (0x01494433) xor     s0, s2, s4
core   0: 3 0x80005908 (0x01494433) x 8 0x0000000b
core   0: 0x8000590c (0xd067f317) auipc   t1, 0xd067f
core   0: 3 0x8000590c (0xd067f317) x 6 0x5068490c
core   0: 0x80005910 (0x819aab93) slti    s7, s5, -2023
core   0: 3 0x80005910 (0x819aab93) x23 0x00000000
core   0: 0x80005914 (0x00889693) slli    a3, a7, 8
core   0: 3 0x80005914 (0x00889693) x13 0x01226900
core   0: 0x80005918 (0x000f5393) srli    t2, t5, 0
core   0: 3 0x80005918 (0x000f5393) x 7 0x00000000
core   0: 0x8000591c (0x00c68a33) add     s4, a3, a2
core   0: 3 0x8000591c (0x00c68a33) x20 0xbc0a7900
core   0: 0x80005920 (0x00000013) nop
core   0: 3 0x80005920 (0x00000013)
core   0: 0x80005924 (0x00353433) sltu    s0, a0, gp
core   0: 3 0x80005924 (0x00353433) x 8 0x00000000
core   0: 0x80005928 (0x41885633) sra     a2, a6, s8
core   0: 3 0x80005928 (0x41885633) x12 0x00000000
core   0: 0x8000592c (0x010d46b3) xor     a3, s10, a6
core   0: 3 0x8000592c (0x010d46b3) x13 0x5cdb8000
core   0: 0x80005930 (0x00966db3) or      s11, a2, s1
core   0: 3 0x80005930 (0x00966db3) x27 0x00000040
core   0: 0x80005934 (0x0018a5b3) slt     a1, a7, ra
core   0: 3 0x80005934 (0x0018a5b3) x11 0x00000001
core   0: 0x80005938 (0xca30ba13) sltiu   s4, ra, -861
core   0: 3 0x80005938 (0xca30ba13) x20 0x00000001
core   0: 0x8000593c (0x00fd7eb3) and     t4, s10, a5
core   0: 3 0x8000593c (0x00fd7eb3) x29 0x00000000
core   0: 0x80005940 (0x41d15933) sra     s2, sp, t4
core   0: 3 0x80005940 (0x41d15933) x18 0xe0000000
core   0: 0x80005944 (0xea64ee93) ori     t4, s1, -346
core   0: 3 0x80005944 (0xea64ee93) x29 0xfffffee6
core   0: 0x80005948 (0x3eb7d8b7) lui     a7, 0x3eb7d
core   0: 3 0x80005948 (0x3eb7d8b7) x17 0x3eb7d000
core   0: 0x8000594c (0x41775cb3) sra     s9, a4, s7
core   0: 3 0x8000594c (0x41775cb3) x25 0xc877e8e0
core   0: 0x80005950 (0x00fe5493) srli    s1, t3, 15
core   0: 3 0x80005950 (0x00fe5493) x 9 0x00011e87
core   0: 0x80005954 (0xa51ccb13) xori    s6, s9, -1455
core   0: 3 0x80005954 (0xa51ccb13) x22 0x378812b1
core   0: 0x80005958 (0xb9f1ed93) ori     s11, gp, -1121
core   0: 3 0x80005958 (0xb9f1ed93) x27 0xfffffbff
core   0: 0x8000595c (0x415ed833) sra     a6, t4, s5
core   0: 3 0x8000595c (0x415ed833) x16 0xffffffff
core   0: 0x80005960 (0x00c6d8b3) srl     a7, a3, a2
core   0: 3 0x80005960 (0x00c6d8b3) x17 0x5cdb8000
core   0: 0x80005964 (0x051df697) auipc   a3, 0x51df
core   0: 3 0x80005964 (0x051df697) x13 0x851e4964
core   0: 0x80005968 (0x0127a6b3) slt     a3, a5, s2
core   0: 3 0x80005968 (0x0127a6b3) x13 0x00000000
core   0: 0x8000596c (0x000dcd33) xor     s10, s11, zero
core   0: 3 0x8000596c (0x000dcd33) x26 0xfffffbff
core   0: 0x80005970 (0x019f81b3) add     gp, t6, s9
core   0: 3 0x80005970 (0x019f81b3) x 3 0xc8737be0
core   0: 0x80005974 (0x41d75193) srai    gp, a4, 29
core   0: 3 0x80005974 (0x41d75193) x 3 0xfffffffe
core   0: 0x80005978 (0x0439f113) andi    sp, s3, 67
core   0: 3 0x80005978 (0x0439f113) x 2 0x00000000
core   0: 0x8000597c (0x32edfa93) andi    s5, s11, 814
core   0: 3 0x8000597c (0x32edfa93) x21 0x0000032e
core   0: 0x80005980 (0x00a52db3) slt     s11, a0, a0
core   0: 3 0x80005980 (0x00a52db3) x27 0x00000000
core   0: 0x80005984 (0x96b70413) addi    s0, a4, -1685
core   0: 3 0x80005984 (0x96b70413) x 8 0xc877e24b
core   0: 0x80005988 (0x5c3e7d93) andi    s11, t3, 1475
core   0: 3 0x80005988 (0x5c3e7d93) x27 0x00000000
core   0: 0x8000598c (0x002d8033) add     zero, s11, sp
core   0: 3 0x8000598c (0x002d8033)
core   0: 0x80005990 (0x0160d193) srli    gp, ra, 22
core   0: 3 0x80005990 (0x0160d193) x 3 0x00000000
core   0: 0x80005994 (0x004f7fb3) and     t6, t5, tp
core   0: 3 0x80005994 (0x004f7fb3) x31 0x00000000
core   0: 0x80005998 (0x01f5ebb3) or      s7, a1, t6
core   0: 3 0x80005998 (0x01f5ebb3) x23 0x00000001
core   0: 0x8000599c (0x01f3ba33) sltu    s4, t2, t6
core   0: 3 0x8000599c (0x01f3ba33) x20 0x00000000
core   0: 0x800059a0 (0x743c8813) addi    a6, s9, 1859
core   0: 3 0x800059a0 (0x743c8813) x16 0xc877f023
core   0: 0x800059a4 (0x01bbdd13) srli    s10, s7, 27
core   0: 3 0x800059a4 (0x01bbdd13) x26 0x00000000
core   0: 0x800059a8 (0x92a01ab7) lui     s5, 0x92a01
core   0: 3 0x800059a8 (0x92a01ab7) x21 0x92a01000
core   0: 0x800059ac (0x00000013) nop
core   0: 3 0x800059ac (0x00000013)
core   0: 0x800059b0 (0x00badb93) srli    s7, s5, 11
core   0: 3 0x800059b0 (0x00badb93) x23 0x00125402
core   0: 0x800059b4 (0x0a2dfb93) andi    s7, s11, 162
core   0: 3 0x800059b4 (0x0a2dfb93) x23 0x00000000
core   0: 0x800059b8 (0x17ebfb93) andi    s7, s7, 382
core   0: 3 0x800059b8 (0x17ebfb93) x23 0x00000000
core   0: 0x800059bc (0x1b483613) sltiu   a2, a6, 436
core   0: 3 0x800059bc (0x1b483613) x12 0x00000000
core   0: 0x800059c0 (0x00639d93) slli    s11, t2, 6
core   0: 3 0x800059c0 (0x00639d93) x27 0x00000000
core   0: 0x800059c4 (0x38ac7393) andi    t2, s8, 906
core   0: 3 0x800059c4 (0x38ac7393) x 7 0x00000000
core   0: 0x800059c8 (0x015a5bb3) srl     s7, s4, s5
core   0: 3 0x800059c8 (0x015a5bb3) x23 0x00000000
core   0: 0x800059cc (0x01f80333) add     t1, a6, t6
core   0: 3 0x800059cc (0x01f80333) x 6 0xc877f023
core   0: 0x800059d0 (0x7e82d917) auipc   s2, 0x7e82d
core   0: 3 0x800059d0 (0x7e82d917) x18 0xfe8329d0
core   0: 0x800059d4 (0xa1b60fb7) lui     t6, 0xa1b60
core   0: 3 0x800059d4 (0xa1b60fb7) x31 0xa1b60000
core   0: 0x800059d8 (0x01689093) slli    ra, a7, 22
core   0: 3 0x800059d8 (0x01689093) x 1 0x00000000
core   0: 0x800059dc (0x6bc6f617) auipc   a2, 0x6bc6f
core   0: 3 0x800059dc (0x6bc6f617) x12 0xebc749dc
core   0: 0x800059e0 (0x01335113) srli    sp, t1, 19
core   0: 3 0x800059e0 (0x01335113) x 2 0x0000190e
core   0: 0x800059e4 (0x00986933) or      s2, a6, s1
core   0: 3 0x800059e4 (0x00986933) x18 0xc877fea7
core   0: 0x800059e8 (0x51d90113) addi    sp, s2, 1309
core   0: 3 0x800059e8 (0x51d90113) x 2 0xc87803c4
core   0: 0x800059ec (0x01b19f93) slli    t6, gp, 27
core   0: 3 0x800059ec (0x01b19f93) x31 0x00000000
core   0: 0x800059f0 (0x30339f37) lui     t5, 0x30339
core   0: 3 0x800059f0 (0x30339f37) x30 0x30339000
core   0: 0x800059f4 (0x005edfb3) srl     t6, t4, t0
core   0: 3 0x800059f4 (0x005edfb3) x31 0xfffffee6
core   0: 0x800059f8 (0xe7cfc113) xori    sp, t6, -388
core   0: 3 0x800059f8 (0xe7cfc113) x 2 0x0000009a
core   0: 0x800059fc (0x012bda13) srli    s4, s7, 18
core   0: 3 0x800059fc (0x012bda13) x20 0x00000000
core   0: 0x80005a00 (0x01611eb3) sll     t4, sp, s6
core   0: 3 0x80005a00 (0x01611eb3) x29 0x01340000
core   0: 0x80005a04 (0x00299ab3) sll     s5, s3, sp
core   0: 3 0x80005a04 (0x00299ab3) x21 0x00000000
core   0: 0x80005a08 (0x017bdd93) srli    s11, s7, 23
core   0: 3 0x80005a08 (0x017bdd93) x27 0x00000000
core   0: 0x80005a0c (0x008a53b3) srl     t2, s4, s0
core   0: 3 0x80005a0c (0x008a53b3) x 7 0x00000000
core   0: 0x80005a10 (0x40245713) srai    a4, s0, 2
core   0: 3 0x80005a10 (0x40245713) x14 0xf21df892
core   0: 0x80005a14 (0x6c082693) slti    a3, a6, 1728
core   0: 3 0x80005a14 (0x6c082693) x13 0x00000001
core   0: 0x80005a18 (0x415c87b3) sub     a5, s9, s5
core   0: 3 0x80005a18 (0x415c87b3) x15 0xc877e8e0
core   0: 0x80005a1c (0x4087de33) sra     t3, a5, s0
core   0: 3 0x80005a1c (0x4087de33) x28 0xfff90efd
core   0: 0x80005a20 (0x00c17133) and     sp, sp, a2
core   0: 3 0x80005a20 (0x00c17133) x 2 0x00000098
core   0: 0x80005a24 (0x000f5033) srl     zero, t5, zero
core   0: 3 0x80005a24 (0x000f5033)
core   0: 0x80005a28 (0xa1188413) addi    s0, a7, -1519
core   0: 3 0x80005a28 (0xa1188413) x 8 0x5cdb7a11
core   0: 0x80005a2c (0x00fc7833) and     a6, s8, a5
core   0: 3 0x80005a2c (0x00fc7833) x16 0x00008000
core   0: 0x80005a30 (0xd205b813) sltiu   a6, a1, -736
core   0: 3 0x80005a30 (0xd205b813) x16 0x00000001
core   0: 0x80005a34 (0x41db0733) sub     a4, s6, t4
core   0: 3 0x80005a34 (0x41db0733) x14 0x365412b1
core   0: 0x80005a38 (0x00556c33) or      s8, a0, t0
core   0: 3 0x80005a38 (0x00556c33) x24 0x80015ce4
core   0: 0x80005a3c (0x00074733) xor     a4, a4, zero
core   0: 3 0x80005a3c (0x00074733) x14 0x365412b1
core   0: 0x80005a40 (0x013904b3) add     s1, s2, s3
core   0: 3 0x80005a40 (0x013904b3) x 9 0x4877fea7
core   0: 0x80005a44 (0x0c25e697) auipc   a3, 0xc25e
core   0: 3 0x80005a44 (0x0c25e697) x13 0x8c263a44
core   0: 0x80005a48 (0x00045033) srl     zero, s0, zero
core   0: 3 0x80005a48 (0x00045033)
core   0: 0x80005a4c (0xc865be93) sltiu   t4, a1, -890
core   0: 3 0x80005a4c (0xc865be93) x29 0x00000001
core   0: 0x80005a50 (0x00cf92b3) sll     t0, t6, a2
core   0: 3 0x80005a50 (0x00cf92b3) x 5 0x60000000
core   0: 0x80005a54 (0xf756da97) auipc   s5, 0xf756d
core   0: 3 0x80005a54 (0xf756da97) x21 0x77572a54
core   0: 0x80005a58 (0x00493eb3) sltu    t4, s2, tp
core   0: 3 0x80005a58 (0x00493eb3) x29 0x00000000
core   0: 0x80005a5c (0xd4be0793) addi    a5, t3, -693
core   0: 3 0x80005a5c (0xd4be0793) x15 0xfff90c48
core   0: 0x80005a60 (0xb4e31f97) auipc   t6, 0xb4e31
core   0: 3 0x80005a60 (0xb4e31f97) x31 0x34e36a60
core   0: 0x80005a64 (0x41c30333) sub     t1, t1, t3
core   0: 3 0x80005a64 (0x41c30333) x 6 0xc87ee126
core   0: 0x80005a68 (0x00091293) slli    t0, s2, 0
core   0: 3 0x80005a68 (0x00091293) x 5 0xc877fea7
core   0: 0x80005a6c (0x6a0e6393) ori     t2, t3, 1696
core   0: 3 0x80005a6c (0x6a0e6393) x 7 0xfff90efd
core   0: 0x80005a70 (0xe6228913) addi    s2, t0, -414
core   0: 3 0x80005a70 (0xe6228913) x18 0xc877fd09
core   0: 0x80005a74 (0x41aad133) sra     sp, s5, s10
core   0: 3 0x80005a74 (0x41aad133) x 2 0x77572a54
core   0: 0x80005a78 (0x01a15a33) srl     s4, sp, s10
core   0: 3 0x80005a78 (0x01a15a33) x20 0x77572a54
core   0: 0x80005a7c (0xcd2ccf13) xori    t5, s9, -814
core   0: 3 0x80005a7c (0xcd2ccf13) x30 0x37881432
core   0: 0x80005a80 (0x00863ab3) sltu    s5, a2, s0
core   0: 3 0x80005a80 (0x00863ab3) x21 0x00000000
core   0: 0x80005a84 (0x402d56b3) sra     a3, s10, sp
core   0: 3 0x80005a84 (0x402d56b3) x13 0x00000000
core   0: 0x80005a88 (0x946e2317) auipc   t1, 0x946e2
core   0: 3 0x80005a88 (0x946e2317) x 6 0x146e7a88
core   0: 0x80005a8c (0x01f64db3) xor     s11, a2, t6
core   0: 3 0x80005a8c (0x01f64db3) x27 0xdf2423bc
core   0: 0x80005a90 (0x01015693) srli    a3, sp, 16
core   0: 3 0x80005a90 (0x01015693) x13 0x00007757
core   0: 0x80005a94 (0x9c276393) ori     t2, a4, -1598
core   0: 3 0x80005a94 (0x9c276393) x 7 0xfffffbf3
core   0: 0x80005a98 (0x01079a13) slli    s4, a5, 16
core   0: 3 0x80005a98 (0x01079a13) x20 0x0c480000
core   0: 0x80005a9c (0x417a57b3) sra     a5, s4, s7
core   0: 3 0x80005a9c (0x417a57b3) x15 0x0c480000
core   0: 0x80005aa0 (0x018dda33) srl     s4, s11, s8
core   0: 3 0x80005aa0 (0x018dda33) x20 0x0df2423b
core   0: 0x80005aa4 (0x40c285b3) sub     a1, t0, a2
core   0: 3 0x80005aa4 (0x40c285b3) x11 0xdcb0b4cb
core   0: 0x80005aa8 (0x01659fb3) sll     t6, a1, s6
core   0: 3 0x80005aa8 (0x01659fb3) x31 0x69960000
core   0: 0x80005aac (0x5047ff13) andi    t5, a5, 1284
core   0: 3 0x80005aac (0x5047ff13) x30 0x00000000
core   0: 0x80005ab0 (0x40fb0f33) sub     t5, s6, a5
core   0: 3 0x80005ab0 (0x40fb0f33) x30 0x2b4012b1
core   0: 0x80005ab4 (0x00905093) srli    ra, zero, 9
core   0: 3 0x80005ab4 (0x00905093) x 1 0x00000000
core   0: 0x80005ab8 (0x00c961b3) or      gp, s2, a2
core   0: 3 0x80005ab8 (0x00c961b3) x 3 0xebf7fddd
core   0: 0x80005abc (0x41795b13) srai    s6, s2, 23
core   0: 3 0x80005abc (0x41795b13) x22 0xffffff90
core   0: 0x80005ac0 (0x40a55eb3) sra     t4, a0, a0
core   0: 3 0x80005ac0 (0x40a55eb3) x29 0xf80015ce
core   0: 0x80005ac4 (0x409d57b3) sra     a5, s10, s1
core   0: 3 0x80005ac4 (0x409d57b3) x15 0x00000000
core   0: 0x80005ac8 (0x416e5833) sra     a6, t3, s6
core   0: 3 0x80005ac8 (0x416e5833) x16 0xfffffff9
core   0: 0x80005acc (0x419b8cb3) sub     s9, s7, s9
core   0: 3 0x80005acc (0x419b8cb3) x25 0x37881720
core   0: 0x80005ad0 (0x005c1313) slli    t1, s8, 5
core   0: 3 0x80005ad0 (0x005c1313) x 6 0x002b9c80
core   0: 0x80005ad4 (0x007996b3) sll     a3, s3, t2
core   0: 3 0x80005ad4 (0x007996b3) x13 0x00000000
core   0: 0x80005ad8 (0x01d43733) sltu    a4, s0, t4
core   0: 3 0x80005ad8 (0x01d43733) x14 0x00000001
core   0: 0x80005adc (0x00b57933) and     s2, a0, a1
core   0: 3 0x80005adc (0x00b57933) x18 0x800014c0
core   0: 0x80005ae0 (0x41025293) srai    t0, tp, 16
core   0: 3 0x80005ae0 (0x41025293) x 5 0xffff8001
core   0: 0x80005ae4 (0x00f9df93) srli    t6, s3, 15
core   0: 3 0x80005ae4 (0x00f9df93) x31 0x00010000
core   0: 0x80005ae8 (0xab916ab7) lui     s5, 0xab916
core   0: 3 0x80005ae8 (0xab916ab7) x21 0xab916000
core   0: 0x80005aec (0x00c7ec33) or      s8, a5, a2
core   0: 3 0x80005aec (0x00c7ec33) x24 0xebc749dc
core   0: 0x80005af0 (0x05fd6f93) ori     t6, s10, 95
core   0: 3 0x80005af0 (0x05fd6f93) x31 0x0000005f
core   0: 0x80005af4 (0x000d9313) slli    t1, s11, 0
core   0: 3 0x80005af4 (0x000d9313) x 6 0xdf2423bc
core   0: 0x80005af8 (0x01399313) slli    t1, s3, 19
core   0: 3 0x80005af8 (0x01399313) x 6 0x00000000
core   0: 0x80005afc (0x0176c333) xor     t1, a3, s7
core   0: 3 0x80005afc (0x0176c333) x 6 0x00000000
core   0: 0x80005b00 (0x0b493113) sltiu   sp, s2, 180
core   0: 3 0x80005b00 (0x0b493113) x 2 0x00000000
core   0: 0x80005b04 (0x00362c33) slt     s8, a2, gp
core   0: 3 0x80005b04 (0x00362c33) x24 0x00000001
core   0: 0x80005b08 (0x98a66593) ori     a1, a2, -1654
core   0: 3 0x80005b08 (0x98a66593) x11 0xfffff9de
core   0: 0x80005b0c (0x00a83733) sltu    a4, a6, a0
core   0: 3 0x80005b0c (0x00a83733) x14 0x00000000
core   0: 0x80005b10 (0x40d55a33) sra     s4, a0, a3
core   0: 3 0x80005b10 (0x40d55a33) x20 0x80015ce4
core   0: 0x80005b14 (0x0162afb3) slt     t6, t0, s6
core   0: 3 0x80005b14 (0x0162afb3) x31 0x00000001
core   0: 0x80005b18 (0x00029613) slli    a2, t0, 0
core   0: 3 0x80005b18 (0x00029613) x12 0xffff8001
core   0: 0x80005b1c (0xc4e81a17) auipc   s4, 0xc4e81
core   0: 3 0x80005b1c (0xc4e81a17) x20 0x44e86b1c
core   0: 0x80005b20 (0xf0a3f393) andi    t2, t2, -246
core   0: 3 0x80005b20 (0xf0a3f393) x 7 0xfffffb02
core   0: 0x80005b24 (0x00000013) nop
core   0: 3 0x80005b24 (0x00000013)
core   0: 0x80005b28 (0xa8ff0593) addi    a1, t5, -1393
core   0: 3 0x80005b28 (0xa8ff0593) x11 0x2b400d40
core   0: 0x80005b2c (0x99fc2493) slti    s1, s8, -1633
core   0: 3 0x80005b2c (0x99fc2493) x 9 0x00000000
core   0: 0x80005b30 (0x01fc4cb3) xor     s9, s8, t6
core   0: 3 0x80005b30 (0x01fc4cb3) x25 0x00000000
core   0: 0x80005b34 (0x00a16ab3) or      s5, sp, a0
core   0: 3 0x80005b34 (0x00a16ab3) x21 0x80015ce4
core   0: 0x80005b38 (0x3cda6d13) ori     s10, s4, 973
core   0: 3 0x80005b38 (0x3cda6d13) x26 0x44e86bdd
core   0: 0x80005b3c (0x00eb2e33) slt     t3, s6, a4
core   0: 3 0x80005b3c (0x00eb2e33) x28 0x00000001
core   0: 0x80005b40 (0x01649e33) sll     t3, s1, s6
core   0: 3 0x80005b40 (0x01649e33) x28 0x00000000
core   0: 0x80005b44 (0x00782333) slt     t1, a6, t2
core   0: 3 0x80005b44 (0x00782333) x 6 0x00000000
core   0: 0x80005b48 (0x4120d713) srai    a4, ra, 18
core   0: 3 0x80005b48 (0x4120d713) x14 0x00000000
core   0: 0x80005b4c (0x005d1eb3) sll     t4, s10, t0
core   0: 3 0x80005b4c (0x005d1eb3) x29 0x89d0d7ba
core   0: 0x80005b50 (0xeb817393) andi    t2, sp, -328
core   0: 3 0x80005b50 (0xeb817393) x 7 0x00000000
core   0: 0x80005b54 (0xa2339097) auipc   ra, 0xa2339
core   0: 3 0x80005b54 (0xa2339097) x 1 0x2233eb54
core   0: 0x80005b58 (0x237fe017) auipc   zero, 0x237fe
core   0: 3 0x80005b58 (0x237fe017)
core   0: 0x80005b5c (0x79be7017) auipc   zero, 0x79be7
core   0: 3 0x80005b5c (0x79be7017)
core   0: 0x80005b60 (0xb9403a13) sltiu   s4, zero, -1132
core   0: 3 0x80005b60 (0xb9403a13) x20 0x00000001
core   0: 0x80005b64 (0x4a88f493) andi    s1, a7, 1192
core   0: 3 0x80005b64 (0x4a88f493) x 9 0x00000000
core   0: 0x80005b68 (0x01182e33) slt     t3, a6, a7
core   0: 3 0x80005b68 (0x01182e33) x28 0x00000001
core   0: 0x80005b6c (0x004d92b3) sll     t0, s11, tp
core   0: 3 0x80005b6c (0x004d92b3) x 5 0xf2423bc0
core   0: 0x80005b70 (0x3c7ec113) xori    sp, t4, 967
core   0: 3 0x80005b70 (0x3c7ec113) x 2 0x89d0d47d
core   0: 0x80005b74 (0x00c49c93) slli    s9, s1, 12
core   0: 3 0x80005b74 (0x00c49c93) x25 0x00000000
core   0: 0x80005b78 (0x012bbd33) sltu    s10, s7, s2
core   0: 3 0x80005b78 (0x012bbd33) x26 0x00000001
core   0: 0x80005b7c (0x0163a933) slt     s2, t2, s6
core   0: 3 0x80005b7c (0x0163a933) x18 0x00000000
core   0: 0x80005b80 (0xb00d8e13) addi    t3, s11, -1280
core   0: 3 0x80005b80 (0xb00d8e13) x28 0xdf241ebc
core   0: 0x80005b84 (0x41b5c793) xori    a5, a1, 1051
core   0: 3 0x80005b84 (0x41b5c793) x15 0x2b40095b
core   0: 0x80005b88 (0x4446c713) xori    a4, a3, 1092
core   0: 3 0x80005b88 (0x4446c713) x14 0x00000444
core   0: 0x80005b8c (0xa5570313) addi    t1, a4, -1451
core   0: 3 0x80005b8c (0xa5570313) x 6 0xfffffe99
core   0: 0x80005b90 (0x74bda7b7) lui     a5, 0x74bda
core   0: 3 0x80005b90 (0x74bda7b7) x15 0x74bda000
core   0: 0x80005b94 (0x00deed33) or      s10, t4, a3
core   0: 3 0x80005b94 (0x00deed33) x26 0x89d0d7ba
core   0: 0x80005b98 (0x4149d913) srai    s2, s3, 20
core   0: 3 0x80005b98 (0x4149d913) x18 0xfffff800
core   0: 0x80005b9c (0x40d65d33) sra     s10, a2, a3
core   0: 3 0x80005b9c (0x40d65d33) x26 0xffff8001
core   0: 0x80005ba0 (0x011e6e33) or      t3, t3, a7
core   0: 3 0x80005ba0 (0x011e6e33) x28 0xdfff9ebc
core   0: 0x80005ba4 (0x40030933) sub     s2, t1, zero
core   0: 3 0x80005ba4 (0x40030933) x18 0xfffffe99
core   0: 0x80005ba8 (0x01895c93) srli    s9, s2, 24
core   0: 3 0x80005ba8 (0x01895c93) x25 0x000000ff
core   0: 0x80005bac (0xccc17413) andi    s0, sp, -820
core   0: 3 0x80005bac (0xccc17413) x 8 0x89d0d44c
core   0: 0x80005bb0 (0x017f0c33) add     s8, t5, s7
core   0: 3 0x80005bb0 (0x017f0c33) x24 0x2b4012b1
core   0: 0x80005bb4 (0x1c107593) andi    a1, zero, 449
core   0: 3 0x80005bb4 (0x1c107593) x11 0x00000000
core   0: 0x80005bb8 (0x012fe433) or      s0, t6, s2
core   0: 3 0x80005bb8 (0x012fe433) x 8 0xfffffe99
core   0: 0x80005bbc (0x0048c4b3) xor     s1, a7, tp
core   0: 3 0x80005bbc (0x0048c4b3) x 9 0xdcda9e64
core   0: 0x80005bc0 (0x1b75b893) sltiu   a7, a1, 439
core   0: 3 0x80005bc0 (0x1b75b893) x17 0x00000001
core   0: 0x80005bc4 (0xf63db913) sltiu   s2, s11, -157
core   0: 3 0x80005bc4 (0xf63db913) x18 0x00000001
core   0: 0x80005bc8 (0x016f1493) slli    s1, t5, 22
core   0: 3 0x80005bc8 (0x016f1493) x 9 0xac400000
core   0: 0x80005bcc (0x0166a833) slt     a6, a3, s6
core   0: 3 0x80005bcc (0x0166a833) x16 0x00000000
core   0: 0x80005bd0 (0x01655b93) srli    s7, a0, 22
core   0: 3 0x80005bd0 (0x01655b93) x23 0x00000200
core   0: 0x80005bd4 (0x00584c33) xor     s8, a6, t0
core   0: 3 0x80005bd4 (0x00584c33) x24 0xf2423bc0
core   0: 0x80005bd8 (0x416f01b3) sub     gp, t5, s6
core   0: 3 0x80005bd8 (0x416f01b3) x 3 0x2b401321
core   0: 0x80005bdc (0x00841133) sll     sp, s0, s0
core   0: 3 0x80005bdc (0x00841133) x 2 0x32000000
core   0: 0x80005be0 (0x0037eab3) or      s5, a5, gp
core   0: 3 0x80005be0 (0x0037eab3) x21 0x7ffdb321
core   0: 0x80005be4 (0x282f3293) sltiu   t0, t5, 642
core   0: 3 0x80005be4 (0x282f3293) x 5 0x00000000
core   0: 0x80005be8 (0x01954833) xor     a6, a0, s9
core   0: 3 0x80005be8 (0x01954833) x16 0x80015c1b
core   0: 0x80005bec (0x00e2d433) srl     s0, t0, a4
core   0: 3 0x80005bec (0x00e2d433) x 8 0x00000000
core   0: 0x80005bf0 (0x02117a93) andi    s5, sp, 33
core   0: 3 0x80005bf0 (0x02117a93) x21 0x00000000
core   0: 0x80005bf4 (0x52978793) addi    a5, a5, 1321
core   0: 3 0x80005bf4 (0x52978793) x15 0x74bda529
core   0: 0x80005bf8 (0x016b0433) add     s0, s6, s6
core   0: 3 0x80005bf8 (0x016b0433) x 8 0xffffff20
core   0: 0x80005bfc (0x40898133) sub     sp, s3, s0
core   0: 3 0x80005bfc (0x40898133) x 2 0x800000e0
core   0: 0x80005c00 (0x00bd1713) slli    a4, s10, 11
core   0: 3 0x80005c00 (0x00bd1713) x14 0xfc000800
core   0: 0x80005c04 (0x7f522017) auipc   zero, 0x7f522
core   0: 3 0x80005c04 (0x7f522017)
core   0: 0x80005c08 (0x0613f293) andi    t0, t2, 97
core   0: 3 0x80005c08 (0x0613f293) x 5 0x00000000
core   0: 0x80005c0c (0x00145db3) srl     s11, s0, ra
core   0: 3 0x80005c0c (0x00145db3) x27 0x00000fff
core   0: 0x80005c10 (0x013d96b3) sll     a3, s11, s3
core   0: 3 0x80005c10 (0x013d96b3) x13 0x00000fff
core   0: 0x80005c14 (0xf5ef3917) auipc   s2, 0xf5ef3
core   0: 3 0x80005c14 (0xf5ef3917) x18 0x75ef8c14
core   0: 0x80005c18 (0x018ff2b3) and     t0, t6, s8
core   0: 3 0x80005c18 (0x018ff2b3) x 5 0x00000000
core   0: 0x80005c1c (0x01ad3933) sltu    s2, s10, s10
core   0: 3 0x80005c1c (0x01ad3933) x18 0x00000000
core   0: 0x80005c20 (0x00000013) nop
core   0: 3 0x80005c20 (0x00000013)
core   0: 0x80005c24 (0x3e452893) slti    a7, a0, 996
core   0: 3 0x80005c24 (0x3e452893) x17 0x00000001
core   0: 0x80005c28 (0x8a780a13) addi    s4, a6, -1881
core   0: 3 0x80005c28 (0x8a780a13) x20 0x800154c2
core   0: 0x80005c2c (0x01a39713) slli    a4, t2, 26
core   0: 3 0x80005c2c (0x01a39713) x14 0x00000000
core   0: 0x80005c30 (0x00d75433) srl     s0, a4, a3
core   0: 3 0x80005c30 (0x00d75433) x 8 0x00000000
core   0: 0x80005c34 (0x5b22e393) ori     t2, t0, 1458
core   0: 3 0x80005c34 (0x5b22e393) x 7 0x000005b2
core   0: 0x80005c38 (0x00a52bb3) slt     s7, a0, a0
core   0: 3 0x80005c38 (0x00a52bb3) x23 0x00000000
core   0: 0x80005c3c (0x0120a633) slt     a2, ra, s2
core   0: 3 0x80005c3c (0x0120a633) x12 0x00000000
core   0: 0x80005c40 (0xd9142cb7) lui     s9, 0xd9142
core   0: 3 0x80005c40 (0xd9142cb7) x25 0xd9142000
core   0: 0x80005c44 (0x20d7f693) andi    a3, a5, 525
core   0: 3 0x80005c44 (0x20d7f693) x13 0x00000009
core   0: 0x80005c48 (0x015f1d13) slli    s10, t5, 21
core   0: 3 0x80005c48 (0x015f1d13) x26 0x56200000
core   0: 0x80005c4c (0x01b6b5b3) sltu    a1, a3, s11
core   0: 3 0x80005c4c (0x01b6b5b3) x11 0x00000001
core   0: 0x80005c50 (0x4468fd13) andi    s10, a7, 1094
core   0: 3 0x80005c50 (0x4468fd13) x26 0x00000000
core   0: 0x80005c54 (0x014e8c33) add     s8, t4, s4
core   0: 3 0x80005c54 (0x014e8c33) x24 0x09d22c7c
core   0: 0x80005c58 (0x00000013) nop
core   0: 3 0x80005c58 (0x00000013)
core   0: 0x80005c5c (0x018ceb33) or      s6, s9, s8
core   0: 3 0x80005c5c (0x018ceb33) x22 0xd9d62c7c
core   0: 0x80005c60 (0x576cfa97) auipc   s5, 0x576cf
core   0: 3 0x80005c60 (0x576cfa97) x21 0xd76d4c60
core   0: 0x80005c64 (0x00d161b3) or      gp, sp, a3
core   0: 3 0x80005c64 (0x00d161b3) x 3 0x800000e9
core   0: 0x80005c68 (0xd6d9c713) xori    a4, s3, -659
core   0: 3 0x80005c68 (0xd6d9c713) x14 0x7ffffd6d
core   0: 0x80005c6c (0x010aae33) slt     t3, s5, a6
core   0: 3 0x80005c6c (0x010aae33) x28 0x00000000
core   0: 0x80005c70 (0x012411b3) sll     gp, s0, s2
core   0: 3 0x80005c70 (0x012411b3) x 3 0x00000000
core   0: 0x80005c74 (0x002ad133) srl     sp, s5, sp
core   0: 3 0x80005c74 (0x002ad133) x 2 0xd76d4c60
core   0: 0x80005c78 (0x00031db3) sll     s11, t1, zero
core   0: 3 0x80005c78 (0x00031db3) x27 0xfffffe99
core   0: 0x80005c7c (0x00000013) nop
core   0: 3 0x80005c7c (0x00000013)
core   0: 0x80005c80 (0x0c668493) addi    s1, a3, 198
core   0: 3 0x80005c80 (0x0c668493) x 9 0x000000cf
core   0: 0x80005c84 (0xf7dacd13) xori    s10, s5, -131
core   0: 3 0x80005c84 (0xf7dacd13) x26 0x2892b31d
core   0: 0x80005c88 (0x0083b4b3) sltu    s1, t2, s0
core   0: 3 0x80005c88 (0x0083b4b3) x 9 0x00000000
core   0: 0x80005c8c (0x354ebf13) sltiu   t5, t4, 852
core   0: 3 0x80005c8c (0x354ebf13) x30 0x00000000
core   0: 0x80005c90 (0x00985a13) srli    s4, a6, 9
core   0: 3 0x80005c90 (0x00985a13) x20 0x004000ae
core   0: 0x80005c94 (0x41a5d193) srai    gp, a1, 26
core   0: 3 0x80005c94 (0x41a5d193) x 3 0x00000000
core   0: 0x80005c98 (0x00000013) nop
core   0: 3 0x80005c98 (0x00000013)
core   0: 0x80005c9c (0x01959c13) slli    s8, a1, 25
core   0: 3 0x80005c9c (0x01959c13) x24 0x02000000
core   0: 0x80005ca0 (0x00d9cbb3) xor     s7, s3, a3
core   0: 3 0x80005ca0 (0x00d9cbb3) x23 0x80000009
core   0: 0x80005ca4 (0x01dec033) xor     zero, t4, t4
core   0: 3 0x80005ca4 (0x01dec033)
core   0: 0x80005ca8 (0x33556d13) ori     s10, a0, 821
core   0: 3 0x80005ca8 (0x33556d13) x26 0x80015ff5
core   0: 0x80005cac (0x01e54013) xori    zero, a0, 30
core   0: 3 0x80005cac (0x01e54013)
core   0: 0x80005cb0 (0xf8520e13) addi    t3, tp, -123
core   0: 3 0x80005cb0 (0xf8520e13) x28 0x80011de9
core   0: 0x80005cb4 (0x41bc5833) sra     a6, s8, s11
core   0: 3 0x80005cb4 (0x41bc5833) x16 0x00000001
core   0: 0x80005cb8 (0x40a30033) sub     zero, t1, a0
core   0: 3 0x80005cb8 (0x40a30033)
core   0: 0x80005cbc (0x019f2f33) slt     t5, t5, s9
core   0: 3 0x80005cbc (0x019f2f33) x30 0x00000000
core   0: 0x80005cc0 (0x0089d8b3) srl     a7, s3, s0
core   0: 3 0x80005cc0 (0x0089d8b3) x17 0x80000000
core   0: 0x80005cc4 (0x00b567b3) or      a5, a0, a1
core   0: 3 0x80005cc4 (0x00b567b3) x15 0x80015ce5
core   0: 0x80005cc8 (0x38592613) slti    a2, s2, 901
core   0: 3 0x80005cc8 (0x38592613) x12 0x00000001
core   0: 0x80005ccc (0xfec0cf13) xori    t5, ra, -20
core   0: 3 0x80005ccc (0xfec0cf13) x30 0xddcc14b8
core   0: 0x80005cd0 (0x01d21e13) slli    t3, tp, 29
core   0: 3 0x80005cd0 (0x01d21e13) x28 0x80000000
core   0: 0x80005cd4 (0x018a7c33) and     s8, s4, s8
core   0: 3 0x80005cd4 (0x018a7c33) x24 0x00000000
core   0: 0x80005cd8 (0x0128ec33) or      s8, a7, s2
core   0: 3 0x80005cd8 (0x0128ec33) x24 0x80000000
core   0: 0x80005cdc (0x00521f13) slli    t5, tp, 5
core   0: 3 0x80005cdc (0x00521f13) x30 0x0023cc80
core   0: 0x80005ce0 (0x35d2b493) sltiu   s1, t0, 861
core   0: 3 0x80005ce0 (0x35d2b493) x 9 0x00000001
core   0: 0x80005ce4 (0x23d23693) sltiu   a3, tp, 573
core   0: 3 0x80005ce4 (0x23d23693) x13 0x00000000
core   0: 0x80005ce8 (0x01cde333) or      t1, s11, t3
core   0: 3 0x80005ce8 (0x01cde333) x 6 0xfffffe99
core   0: 0x80005cec (0x606fba93) sltiu   s5, t6, 1542
core   0: 3 0x80005cec (0x606fba93) x21 0x00000001
core   0: 0x80005cf0 (0x00805593) srli    a1, zero, 8
core   0: 3 0x80005cf0 (0x00805593) x11 0x00000000
core   0: 0x80005cf4 (0x0198d813) srli    a6, a7, 25
core   0: 3 0x80005cf4 (0x0198d813) x16 0x00000040
core   0: 0x80005cf8 (0x256e0193) addi    gp, t3, 598
core   0: 3 0x80005cf8 (0x256e0193) x 3 0x80000256
core   0: 0x80005cfc (0x41225913) srai    s2, tp, 18
core   0: 3 0x80005cfc (0x41225913) x18 0xffffe000
core   0: 0x80005d00 (0x4198dc13) srai    s8, a7, 25
core   0: 3 0x80005d00 (0x4198dc13) x24 0xffffffc0
core   0: 0x80005d04 (0x403b8133) sub     sp, s7, gp
core   0: 3 0x80005d04 (0x403b8133) x 2 0xfffffdb3
core   0: 0x80005d08 (0xb24e8f37) lui     t5, 0xb24e8
core   0: 3 0x80005d08 (0xb24e8f37) x30 0xb24e8000
core   0: 0x80005d0c (0x01b55a93) srli    s5, a0, 27
core   0: 3 0x80005d0c (0x01b55a93) x21 0x00000010
core   0: 0x80005d10 (0x6cf1c193) xori    gp, gp, 1743
core   0: 3 0x80005d10 (0x6cf1c193) x 3 0x80000499
core   0: 0x80005d14 (0x00877a33) and     s4, a4, s0
core   0: 3 0x80005d14 (0x00877a33) x20 0x00000000
core   0: 0x80005d18 (0x2b597613) andi    a2, s2, 693
core   0: 3 0x80005d18 (0x2b597613) x12 0x00000000
core   0: 0x80005d1c (0x4011dc93) srai    s9, gp, 1
core   0: 3 0x80005d1c (0x4011dc93) x25 0xc000024c
core   0: 0x80005d20 (0x401d0033) sub     zero, s10, ra
core   0: 3 0x80005d20 (0x401d0033)
core   0: 0x80005d24 (0x750b7493) andi    s1, s6, 1872
core   0: 3 0x80005d24 (0x750b7493) x 9 0x00000450
core   0: 0x80005d28 (0xa6e2a8b7) lui     a7, 0xa6e2a
core   0: 3 0x80005d28 (0xa6e2a8b7) x17 0xa6e2a000
core   0: 0x80005d2c (0xa9638e13) addi    t3, t2, -1386
core   0: 3 0x80005d2c (0xa9638e13) x28 0x00000048
core   0: 0x80005d30 (0x004690b3) sll     ra, a3, tp
core   0: 3 0x80005d30 (0x004690b3) x 1 0x00000000
core   0: 0x80005d34 (0x0706a893) slti    a7, a3, 112
core   0: 3 0x80005d34 (0x0706a893) x17 0x00000001
core   0: 0x80005d38 (0x0027b5b3) sltu    a1, a5, sp
core   0: 3 0x80005d38 (0x0027b5b3) x11 0x00000001
core   0: 0x80005d3c (0xeaad3593) sltiu   a1, s10, -342
core   0: 3 0x80005d3c (0xeaad3593) x11 0x00000001
core   0: 0x80005d40 (0x8135ce93) xori    t4, a1, -2029
core   0: 3 0x80005d40 (0x8135ce93) x29 0xfffff812
core   0: 0x80005d44 (0xbd8a6f13) ori     t5, s4, -1064
core   0: 3 0x80005d44 (0xbd8a6f13) x30 0xfffffbd8
core   0: 0x80005d48 (0x0186ef33) or      t5, a3, s8
core   0: 3 0x80005d48 (0x0186ef33) x30 0xffffffc0
core   0: 0x80005d4c (0x01ff5d93) srli    s11, t5, 31
core   0: 3 0x80005d4c (0x01ff5d93) x27 0x00000001
core   0: 0x80005d50 (0x0032db93) srli    s7, t0, 3
core   0: 3 0x80005d50 (0x0032db93) x23 0x00000000
core   0: 0x80005d54 (0x055f0117) auipc   sp, 0x55f0
core   0: 3 0x80005d54 (0x055f0117) x 2 0x855f5d54
core   0: 0x80005d58 (0x4194d893) srai    a7, s1, 25
core   0: 3 0x80005d58 (0x4194d893) x17 0x00000000
core   0: 0x80005d5c (0x414f5493) srai    s1, t5, 20
core   0: 3 0x80005d5c (0x414f5493) x 9 0xffffffff
core   0: 0x80005d60 (0x008dd313) srli    t1, s11, 8
core   0: 3 0x80005d60 (0x008dd313) x 6 0x00000000
core   0: 0x80005d64 (0x4169d833) sra     a6, s3, s6
core   0: 3 0x80005d64 (0x4169d833) x16 0xfffffff8
core   0: 0x80005d68 (0x4f6ec293) xori    t0, t4, 1270
core   0: 3 0x80005d68 (0x4f6ec293) x 5 0xfffffce4
core   0: 0x80005d6c (0x9a13bb17) auipc   s6, 0x9a13b
core   0: 3 0x80005d6c (0x9a13bb17) x22 0x1a140d6c
core   0: 0x80005d70 (0x001f55b3) srl     a1, t5, ra
core   0: 3 0x80005d70 (0x001f55b3) x11 0xffffffc0
core   0: 0x80005d74 (0x00d988b3) add     a7, s3, a3
core   0: 3 0x80005d74 (0x00d988b3) x17 0x80000000
core   0: 0x80005d78 (0x7bb27013) andi    zero, tp, 1979
core   0: 3 0x80005d78 (0x7bb27013)
core   0: 0x80005d7c (0x40075913) srai    s2, a4, 0
core   0: 3 0x80005d7c (0x40075913) x18 0x7ffffd6d
core   0: 0x80005d80 (0xc928a593) slti    a1, a7, -878
core   0: 3 0x80005d80 (0xc928a593) x11 0x00000001
core   0: 0x80005d84 (0x37684c37) lui     s8, 0x37684
core   0: 3 0x80005d84 (0x37684c37) x24 0x37684000
core   0: 0x80005d88 (0x0143d193) srli    gp, t2, 20
core   0: 3 0x80005d88 (0x0143d193) x 3 0x00000000
core   0: 0x80005d8c (0x7cde8893) addi    a7, t4, 1997
core   0: 3 0x80005d8c (0x7cde8893) x17 0xffffffdf
core   0: 0x80005d90 (0x00000013) nop
core   0: 3 0x80005d90 (0x00000013)
core   0: 0x80005d94 (0x41f55033) sra     zero, a0, t6
core   0: 3 0x80005d94 (0x41f55033)
core   0: 0x80005d98 (0x407e81b3) sub     gp, t4, t2
core   0: 3 0x80005d98 (0x407e81b3) x 3 0xfffff260
core   0: 0x80005d9c (0x402f8f33) sub     t5, t6, sp
core   0: 3 0x80005d9c (0x402f8f33) x30 0x7aa0a2ad
core   0: 0x80005da0 (0x6251fd93) andi    s11, gp, 1573
core   0: 3 0x80005da0 (0x6251fd93) x27 0x00000220
core   0: 0x80005da4 (0x921ff793) andi    a5, t6, -1759
core   0: 3 0x80005da4 (0x921ff793) x15 0x00000001
core   0: 0x80005da8 (0x01edd693) srli    a3, s11, 30
core   0: 3 0x80005da8 (0x01edd693) x13 0x00000000
core   0: 0x80005dac (0x40e25d33) sra     s10, tp, a4
core   0: 3 0x80005dac (0x40e25d33) x26 0xfffc0008
core   0: 0x80005db0 (0x00000013) nop
core   0: 3 0x80005db0 (0x00000013)
core   0: 0x80005db4 (0xba1a0f13) addi    t5, s4, -1119
core   0: 3 0x80005db4 (0xba1a0f13) x30 0xfffffba1
core   0: 0x80005db8 (0x00000013) nop
core   0: 3 0x80005db8 (0x00000013)
core   0: 0x80005dbc (0x301a3d13) sltiu   s10, s4, 769
core   0: 3 0x80005dbc (0x301a3d13) x26 0x00000001
core   0: 0x80005dc0 (0x0533e197) auipc   gp, 0x533e
core   0: 3 0x80005dc0 (0x0533e197) x 3 0x85343dc0
core   0: 0x80005dc4 (0x000d6033) or      zero, s10, zero
core   0: 3 0x80005dc4 (0x000d6033)
core   0: 0x80005dc8 (0xeb2fad13) slti    s10, t6, -334
core   0: 3 0x80005dc8 (0xeb2fad13) x26 0x00000000
core   0: 0x80005dcc (0x009430b3) sltu    ra, s0, s1
core   0: 3 0x80005dcc (0x009430b3) x 1 0x00000001
core   0: 0x80005dd0 (0x411ad413) srai    s0, s5, 17
core   0: 3 0x80005dd0 (0x411ad413) x 8 0x00000000
core   0: 0x80005dd4 (0xdc51b293) sltiu   t0, gp, -571
core   0: 3 0x80005dd4 (0xdc51b293) x 5 0x00000001
core   0: 0x80005dd8 (0x01b84033) xor     zero, a6, s11
core   0: 3 0x80005dd8 (0x01b84033)
core   0: 0x80005ddc (0x6711fa13) andi    s4, gp, 1649
core   0: 3 0x80005ddc (0x6711fa13) x20 0x00000440
core   0: 0x80005de0 (0xfff00b93) li      s7, -1
core   0: 3 0x80005de0 (0xfff00b93) x23 0xffffffff
core   0: 0x80005de4 (0x00000693) li      a3, 0
core   0: 3 0x80005de4 (0x00000693) x13 0x00000000
core   0: 0x80005de8 (0x80000db7) lui     s11, 0x80000
core   0: 3 0x80005de8 (0x80000db7) x27 0x80000000
core   0: 0x80005dec (0x00000613) li      a2, 0
core   0: 3 0x80005dec (0x00000613) x12 0x00000000
core   0: 0x80005df0 (0xfff00b13) li      s6, -1
core   0: 3 0x80005df0 (0xfff00b13) x22 0xffffffff
core   0: 0x80005df4 (0x800003b7) lui     t2, 0x80000
core   0: 3 0x80005df4 (0x800003b7) x 7 0x80000000
core   0: 0x80005df8 (0x4a99b137) lui     sp, 0x4a99b
core   0: 3 0x80005df8 (0x4a99b137) x 2 0x4a99b000
core   0: 0x80005dfc (0xa8210113) addi    sp, sp, -1406
core   0: 3 0x80005dfc (0xa8210113) x 2 0x4a99aa82
core   0: 0x80005e00 (0x00000893) li      a7, 0
core   0: 3 0x80005e00 (0x00000893) x17 0x00000000
core   0: 0x80005e04 (0xa76a1337) lui     t1, 0xa76a1
core   0: 3 0x80005e04 (0xa76a1337) x 6 0xa76a1000
core   0: 0x80005e08 (0xc9b30313) addi    t1, t1, -869
core   0: 3 0x80005e08 (0xc9b30313) x 6 0xa76a0c9b
core   0: 0x80005e0c (0xfff00093) li      ra, -1
core   0: 3 0x80005e0c (0xfff00093) x 1 0xffffffff
core   0: 0x80005e10 (0x6effe637) lui     a2, 0x6effe
core   0: 3 0x80005e10 (0x6effe637) x12 0x6effe000
core   0: 0x80005e14 (0x00238b33) add     s6, t2, sp
core   0: 3 0x80005e14 (0x00238b33) x22 0xca99aa82
core   0: 0x80005e18 (0xd0c88613) addi    a2, a7, -756
core   0: 3 0x80005e18 (0xd0c88613) x12 0xfffffd0c
core   0: 0x80005e1c (0x00168bb3) add     s7, a3, ra
core   0: 3 0x80005e1c (0x00168bb3) x23 0xffffffff
core   0: 0x80005e20 (0x01b88db3) add     s11, a7, s11
core   0: 3 0x80005e20 (0x01b88db3) x27 0x80000000
core   0: 0x80005e24 (0x017d8133) add     sp, s11, s7
core   0: 3 0x80005e24 (0x017d8133) x 2 0x7fffffff
core   0: 0x80005e28 (0x00000013) nop
core   0: 3 0x80005e28 (0x00000013)
core   0: 0x80005e2c (0x007608b3) add     a7, a2, t2
core   0: 3 0x80005e2c (0x007608b3) x17 0x7ffffd0c
core   0: 0x80005e30 (0x011d8db3) add     s11, s11, a7
core   0: 3 0x80005e30 (0x011d8db3) x27 0xfffffd0c
core   0: 0x80005e34 (0x406608b3) sub     a7, a2, t1
core   0: 3 0x80005e34 (0x406608b3) x17 0x5895f071
core   0: 0x80005e38 (0xcb50ebb7) lui     s7, 0xcb50e
core   0: 3 0x80005e38 (0xcb50ebb7) x23 0xcb50e000
core   0: 0x80005e3c (0xaafaf637) lui     a2, 0xaafaf
core   0: 3 0x80005e3c (0xaafaf637) x12 0xaafaf000
core   0: 0x80005e40 (0x416883b3) sub     t2, a7, s6
core   0: 3 0x80005e40 (0x416883b3) x 7 0x8dfc45ef
core   0: 0x80005e44 (0x487d7b17) auipc   s6, 0x487d7
core   0: 3 0x80005e44 (0x487d7b17) x22 0xc87dce44
core   0: 0x80005e48 (0x2b995137) lui     sp, 0x2b995
core   0: 3 0x80005e48 (0x2b995137) x 2 0x2b995000
core   0: 0x80005e4c (0x40110b33) sub     s6, sp, ra
core   0: 3 0x80005e4c (0x40110b33) x22 0x2b995001
core   0: 0x80005e50 (0x00000013) nop
core   0: 3 0x80005e50 (0x00000013)
core   0: 0x80005e54 (0x41138333) sub     t1, t2, a7
core   0: 3 0x80005e54 (0x41138333) x 6 0x3566557e
core   0: 0x80005e58 (0x71568893) addi    a7, a3, 1813
core   0: 3 0x80005e58 (0x71568893) x17 0x00000715
core   0: 0x80005e5c (0x41bd8db3) sub     s11, s11, s11
core   0: 3 0x80005e5c (0x41bd8db3) x27 0x00000000
core   0: 0x80005e60 (0x4dd0b3b7) lui     t2, 0x4dd0b
core   0: 3 0x80005e60 (0x4dd0b3b7) x 7 0x4dd0b000
core   0: 0x80005e64 (0x86138893) addi    a7, t2, -1951
core   0: 3 0x80005e64 (0x86138893) x17 0x4dd0a861
core   0: 0x80005e68 (0x00000013) nop
core   0: 3 0x80005e68 (0x00000013)
core   0: 0x80005e6c (0x45738b13) addi    s6, t2, 1111
core   0: 3 0x80005e6c (0x45738b13) x22 0x4dd0b457
core   0: 0x80005e70 (0x00a75c33) srl     s8, a4, a0
core   0: 3 0x80005e70 (0x00a75c33) x24 0x07ffffd6
core   0: 0x80005e74 (0x010703b3) add     t2, a4, a6
core   0: 3 0x80005e74 (0x010703b3) x 7 0x7ffffd65
core   0: 0x80005e78 (0x00000013) nop
core   0: 3 0x80005e78 (0x00000013)
core   0: 0x80005e7c (0x40b15a93) srai    s5, sp, 11
core   0: 3 0x80005e7c (0x40b15a93) x21 0x0005732a
core   0: 0x80005e80 (0x007711b3) sll     gp, a4, t2
core   0: 3 0x80005e80 (0x007711b3) x 3 0xffffada0
core   0: 0x80005e84 (0x00000013) nop
core   0: 3 0x80005e84 (0x00000013)
core   0: 0x80005e88 (0x41295d13) srai    s10, s2, 18
core   0: 3 0x80005e88 (0x41295d13) x26 0x00001fff
core   0: 0x80005e8c (0x00b85cb3) srl     s9, a6, a1
core   0: 3 0x80005e8c (0x00b85cb3) x25 0x7ffffffc
core   0: 0x80005e90 (0x741f0793) addi    a5, t5, 1857
core   0: 3 0x80005e90 (0x741f0793) x15 0x000002e2
core   0: 0x80005e94 (0x01765fb3) srl     t6, a2, s7
core   0: 3 0x80005e94 (0x01765fb3) x31 0xaafaf000
core   0: 0x80005e98 (0xf56d0893) addi    a7, s10, -170
core   0: 3 0x80005e98 (0xf56d0893) x17 0x00001f55
core   0: 0x80005e9c (0x8d78eb93) ori     s7, a7, -1833
core   0: 3 0x80005e9c (0x8d78eb93) x23 0xffffffd7
core   0: 0x80005ea0 (0x01e1bb33) sltu    s6, gp, t5
core   0: 3 0x80005ea0 (0x01e1bb33) x22 0x00000001
core   0: 0x80005ea4 (0x01cbe033) or      zero, s7, t3
core   0: 3 0x80005ea4 (0x01cbe033)
core   0: 0x80005ea8 (0x41a8d1b3) sra     gp, a7, s10
core   0: 3 0x80005ea8 (0x41a8d1b3) x 3 0x00000000
core   0: 0x80005eac (0xcf5f4613) xori    a2, t5, -779
core   0: 3 0x80005eac (0xcf5f4613) x12 0x00000754
core   0: 0x80005eb0 (0x00e103b3) add     t2, sp, a4
core   0: 3 0x80005eb0 (0x00e103b3) x 7 0xab994d6d
core   0: 0x80005eb4 (0x65ad9637) lui     a2, 0x65ad9
core   0: 3 0x80005eb4 (0x65ad9637) x12 0x65ad9000
core   0: 0x80005eb8 (0x1161a913) slti    s2, gp, 278
core   0: 3 0x80005eb8 (0x1161a913) x18 0x00000001
core   0: 0x80005ebc (0x0e316f13) ori     t5, sp, 227
core   0: 3 0x80005ebc (0x0e316f13) x30 0x2b9950e3
core   0: 0x80005ec0 (0x00125333) srl     t1, tp, ra
core   0: 3 0x80005ec0 (0x00125333) x 6 0x00000001
core   0: 0x80005ec4 (0x00447eb3) and     t4, s0, tp
core   0: 3 0x80005ec4 (0x00447eb3) x29 0x00000000
core   0: 0x80005ec8 (0xa9747893) andi    a7, s0, -1385
core   0: 3 0x80005ec8 (0xa9747893) x17 0x00000000
core   0: 0x80005ecc (0x8c26a713) slti    a4, a3, -1854
core   0: 3 0x80005ecc (0x8c26a713) x14 0x00000000
core   0: 0x80005ed0 (0x00000013) nop
core   0: 3 0x80005ed0 (0x00000013)
core   0: 0x80005ed4 (0x56146593) ori     a1, s0, 1377
core   0: 3 0x80005ed4 (0x56146593) x11 0x00000561
core   0: 0x80005ed8 (0x3e702793) slti    a5, zero, 999
core   0: 3 0x80005ed8 (0x3e702793) x15 0x00000001
core   0: 0x80005edc (0x72fe3f93) sltiu   t6, t3, 1839
core   0: 3 0x80005edc (0x72fe3f93) x31 0x00000001
core   0: 0x80005ee0 (0x0bdfc493) xori    s1, t6, 189
core   0: 3 0x80005ee0 (0x0bdfc493) x 9 0x000000bc
core   0: 0x80005ee4 (0x00b38ab3) add     s5, t2, a1
core   0: 3 0x80005ee4 (0x00b38ab3) x21 0xab9952ce
core   0: 0x80005ee8 (0x432f0413) addi    s0, t5, 1074
core   0: 3 0x80005ee8 (0x432f0413) x 8 0x2b995515
core   0: 0x80005eec (0x280ace13) xori    t3, s5, 640
core   0: 3 0x80005eec (0x280ace13) x28 0xab99504e
core   0: 0x80005ef0 (0x41b05593) srai    a1, zero, 27
core   0: 3 0x80005ef0 (0x41b05593) x11 0x00000000
core   0: 0x80005ef4 (0x7f140913) addi    s2, s0, 2033
core   0: 3 0x80005ef4 (0x7f140913) x18 0x2b995d06
core   0: 0x80005ef8 (0x05988f37) lui     t5, 0x5988
core   0: 3 0x80005ef8 (0x05988f37) x30 0x05988000
core   0: 0x80005efc (0x5b5f6413) ori     s0, t5, 1461
core   0: 3 0x80005efc (0x5b5f6413) x 8 0x059885b5
core   0: 0x80005f00 (0x395d0913) addi    s2, s10, 917
core   0: 3 0x80005f00 (0x395d0913) x18 0x00002394
core   0: 0x80005f04 (0x013b1133) sll     sp, s6, s3
core   0: 3 0x80005f04 (0x013b1133) x 2 0x00000001
core   0: 0x80005f08 (0x012192b3) sll     t0, gp, s2
core   0: 3 0x80005f08 (0x012192b3) x 5 0x00000000
core   0: 0x80005f0c (0x00219d13) slli    s10, gp, 2
core   0: 3 0x80005f0c (0x00219d13) x26 0x00000000
core   0: 0x80005f10 (0x014e88b3) add     a7, t4, s4
core   0: 3 0x80005f10 (0x014e88b3) x17 0x00000440
core   0: 0x80005f14 (0x01be07b3) add     a5, t3, s11
core   0: 3 0x80005f14 (0x01be07b3) x15 0xab99504e
core   0: 0x80005f18 (0x01695b93) srli    s7, s2, 22
core   0: 3 0x80005f18 (0x01695b93) x23 0x00000000
core   0: 0x80005f1c (0x01a8c2b3) xor     t0, a7, s10
core   0: 3 0x80005f1c (0x01a8c2b3) x 5 0x00000440
core   0: 0x80005f20 (0x8efb0e93) addi    t4, s6, -1809
core   0: 3 0x80005f20 (0x8efb0e93) x29 0xfffff8f0
core   0: 0x80005f24 (0x1dfd4693) xori    a3, s10, 479
core   0: 3 0x80005f24 (0x1dfd4693) x13 0x000001df
core   0: 0x80005f28 (0x00a75f93) srli    t6, a4, 10
core   0: 3 0x80005f28 (0x00a75f93) x31 0x00000000
core   0: 0x80005f2c (0x413b5e33) sra     t3, s6, s3
core   0: 3 0x80005f2c (0x413b5e33) x28 0x00000001
core   0: 0x80005f30 (0x01116f33) or      t5, sp, a7
core   0: 3 0x80005f30 (0x01116f33) x30 0x00000441
core   0: 0x80005f34 (0x9b854d13) xori    s10, a0, -1608
core   0: 3 0x80005f34 (0x9b854d13) x26 0x7ffea55c
core   0: 0x80005f38 (0x00000013) nop
core   0: 3 0x80005f38 (0x00000013)
core   0: 0x80005f3c (0x94720d93) addi    s11, tp, -1721
core   0: 3 0x80005f3c (0x94720d93) x27 0x800117ab
core   0: 0x80005f40 (0x01fa61b3) or      gp, s4, t6
core   0: 3 0x80005f40 (0x01fa61b3) x 3 0x00000440
core   0: 0x80005f44 (0x41cc0fb3) sub     t6, s8, t3
core   0: 3 0x80005f44 (0x41cc0fb3) x31 0x07ffffd5
core   0: 0x80005f48 (0x1ccd8737) lui     a4, 0x1ccd8
core   0: 3 0x80005f48 (0x1ccd8737) x14 0x1ccd8000
core   0: 0x80005f4c (0x41bb0333) sub     t1, s6, s11
core   0: 3 0x80005f4c (0x41bb0333) x 6 0x7ffee856
core   0: 0x80005f50 (0x01151db3) sll     s11, a0, a7
core   0: 3 0x80005f50 (0x01151db3) x27 0x80015ce4
core   0: 0x80005f54 (0x17ebe113) ori     sp, s7, 382
core   0: 3 0x80005f54 (0x17ebe113) x 2 0x0000017e
core   0: 0x80005f58 (0x01071093) slli    ra, a4, 16
core   0: 3 0x80005f58 (0x01071093) x 1 0x80000000
core   0: 0x80005f5c (0x00000013) nop
core   0: 3 0x80005f5c (0x00000013)
core   0: 0x80005f60 (0xdf1a7e17) auipc   t3, 0xdf1a7
core   0: 3 0x80005f60 (0xdf1a7e17) x28 0x5f1acf60
core   0: 0x80005f64 (0x1554f937) lui     s2, 0x1554f
core   0: 3 0x80005f64 (0x1554f937) x18 0x1554f000
core   0: 0x80005f68 (0x01555193) srli    gp, a0, 21
core   0: 3 0x80005f68 (0x01555193) x 3 0x00000400
core   0: 0x80005f6c (0x019b9b33) sll     s6, s7, s9
core   0: 3 0x80005f6c (0x019b9b33) x22 0x00000000
core   0: 0x80005f70 (0x01de14b3) sll     s1, t3, t4
core   0: 3 0x80005f70 (0x01de14b3) x 9 0xcf600000
core   0: 0x80005f74 (0x27d7fd13) andi    s10, a5, 637
core   0: 3 0x80005f74 (0x27d7fd13) x26 0x0000004c
core   0: 0x80005f78 (0x01c84d33) xor     s10, a6, t3
core   0: 3 0x80005f78 (0x01c84d33) x26 0xa0e53098
core   0: 0x80005f7c (0x63843893) sltiu   a7, s0, 1592
core   0: 3 0x80005f7c (0x63843893) x17 0x00000000
core   0: 0x80005f80 (0x0129d413) srli    s0, s3, 18
core   0: 3 0x80005f80 (0x0129d413) x 8 0x00002000
core   0: 0x80005f84 (0x00851013) slli    zero, a0, 8
core   0: 3 0x80005f84 (0x00851013)
core   0: 0x80005f88 (0x9844f613) andi    a2, s1, -1660
core   0: 3 0x80005f88 (0x9844f613) x12 0xcf600000
core   0: 0x80005f8c (0x0195b6b3) sltu    a3, a1, s9
core   0: 3 0x80005f8c (0x0195b6b3) x13 0x00000001
core   0: 0x80005f90 (0x3dcb3c13) sltiu   s8, s6, 988
core   0: 3 0x80005f90 (0x3dcb3c13) x24 0x00000001
core   0: 0x80005f94 (0x004e9e33) sll     t3, t4, tp
core   0: 3 0x80005f94 (0x004e9e33) x28 0xffff8f00
core   0: 0x80005f98 (0x00000013) nop
core   0: 3 0x80005f98 (0x00000013)
core   0: 0x80005f9c (0xb5636613) ori     a2, t1, -1194
core   0: 3 0x80005f9c (0xb5636613) x12 0xfffffb56
core   0: 0x80005fa0 (0x409988b3) sub     a7, s3, s1
core   0: 3 0x80005fa0 (0x409988b3) x17 0xb0a00000
core   0: 0x80005fa4 (0x6c5c0393) addi    t2, s8, 1733
core   0: 3 0x80005fa4 (0x6c5c0393) x 7 0x000006c6
core   0: 0x80005fa8 (0x00e49793) slli    a5, s1, 14
core   0: 3 0x80005fa8 (0x00e49793) x15 0x00000000
core   0: 0x80005fac (0x008be4b3) or      s1, s7, s0
core   0: 3 0x80005fac (0x008be4b3) x 9 0x00002000
core   0: 0x80005fb0 (0x019537b3) sltu    a5, a0, s9
core   0: 3 0x80005fb0 (0x019537b3) x15 0x00000000
core   0: 0x80005fb4 (0x015e2933) slt     s2, t3, s5
core   0: 3 0x80005fb4 (0x015e2933) x18 0x00000000
core   0: 0x80005fb8 (0x864c8293) addi    t0, s9, -1948
core   0: 3 0x80005fb8 (0x864c8293) x 5 0x7ffff860
core   0: 0x80005fbc (0x008ed0b3) srl     ra, t4, s0
core   0: 3 0x80005fbc (0x008ed0b3) x 1 0xfffff8f0
core   0: 0x80005fc0 (0x00000013) nop
core   0: 3 0x80005fc0 (0x00000013)
core   0: 0x80005fc4 (0x01004933) xor     s2, zero, a6
core   0: 3 0x80005fc4 (0x01004933) x18 0xfffffff8
core   0: 0x80005fc8 (0x01a66b33) or      s6, a2, s10
core   0: 3 0x80005fc8 (0x01a66b33) x22 0xfffffbde
core   0: 0x80005fcc (0x40df8a33) sub     s4, t6, a3
core   0: 3 0x80005fcc (0x40df8a33) x20 0x07ffffd4
core   0: 0x80005fd0 (0xb0600797) auipc   a5, 0xb0600
core   0: 3 0x80005fd0 (0xb0600797) x15 0x30605fd0
core   0: 0x80005fd4 (0x003a1033) sll     zero, s4, gp
core   0: 3 0x80005fd4 (0x003a1033)
core   0: 0x80005fd8 (0x40948b33) sub     s6, s1, s1
core   0: 3 0x80005fd8 (0x40948b33) x22 0x00000000
core   0: 0x80005fdc (0xfb786113) ori     sp, a6, -73
core   0: 3 0x80005fdc (0xfb786113) x 2 0xffffffff
core   0: 0x80005fe0 (0x00000013) nop
core   0: 3 0x80005fe0 (0x00000013)
core   0: 0x80005fe4 (0x01e22133) slt     sp, tp, t5
core   0: 3 0x80005fe4 (0x01e22133) x 2 0x00000001
core   0: 0x80005fe8 (0x413900b3) sub     ra, s2, s3
core   0: 3 0x80005fe8 (0x413900b3) x 1 0x7ffffff8
core   0: 0x80005fec (0x41715493) srai    s1, sp, 23
core   0: 3 0x80005fec (0x41715493) x 9 0x00000000
core   0: 0x80005ff0 (0x4bf390b7) lui     ra, 0x4bf39
core   0: 3 0x80005ff0 (0x4bf390b7) x 1 0x4bf39000
core   0: 0x80005ff4 (0x01cdd933) srl     s2, s11, t3
core   0: 3 0x80005ff4 (0x01cdd933) x18 0x80015ce4
core   0: 0x80005ff8 (0x0119f933) and     s2, s3, a7
core   0: 3 0x80005ff8 (0x0119f933) x18 0x80000000
core   0: 0x80005ffc (0xa73f6413) ori     s0, t5, -1421
core   0: 3 0x80005ffc (0xa73f6413) x 8 0xfffffe73
core   0: 0x80006000 (0x01d8d433) srl     s0, a7, t4
core   0: 3 0x80006000 (0x01d8d433) x 8 0x0000b0a0
core   0: 0x80006004 (0x402a8933) sub     s2, s5, sp
core   0: 3 0x80006004 (0x402a8933) x18 0xab9952cd
core   0: 0x80006008 (0x00471613) slli    a2, a4, 4
core   0: 3 0x80006008 (0x00471613) x12 0xccd80000
core   0: 0x8000600c (0x001f85b3) add     a1, t6, ra
core   0: 3 0x8000600c (0x001f85b3) x11 0x53f38fd5
core   0: 0x80006010 (0x800e4893) xori    a7, t3, -2048
core   0: 3 0x80006010 (0x800e4893) x17 0x00007700
core   0: 0x80006014 (0x40b684b3) sub     s1, a3, a1
core   0: 3 0x80006014 (0x40b684b3) x 9 0xac0c702c
core   0: 0x80006018 (0x7b903793) sltiu   a5, zero, 1977
core   0: 3 0x80006018 (0x7b903793) x15 0x00000001
core   0: 0x8000601c (0x00000013) nop
core   0: 3 0x8000601c (0x00000013)
core   0: 0x80006020 (0x180fb837) lui     a6, 0x180fb
core   0: 3 0x80006020 (0x180fb837) x16 0x180fb000
core   0: 0x80006024 (0x4084d793) srai    a5, s1, 8
core   0: 3 0x80006024 (0x4084d793) x15 0xffac0c70
core   0: 0x80006028 (0x00db1493) slli    s1, s6, 13
core   0: 3 0x80006028 (0x00db1493) x 9 0x00000000
core   0: 0x8000602c (0xd7257393) andi    t2, a0, -654
core   0: 3 0x8000602c (0xd7257393) x 7 0x80015c60
core   0: 0x80006030 (0x0050d613) srli    a2, ra, 5
core   0: 3 0x80006030 (0x0050d613) x12 0x025f9c80
core   0: 0x80006034 (0x56e08a13) addi    s4, ra, 1390
core   0: 3 0x80006034 (0x56e08a13) x20 0x4bf3956e
core   0: 0x80006038 (0x01726db3) or      s11, tp, s7
core   0: 3 0x80006038 (0x01726db3) x27 0x80011e64
core   0: 0x8000603c (0x40d1de33) sra     t3, gp, a3
core   0: 3 0x8000603c (0x40d1de33) x28 0x00000200
core   0: 0x80006040 (0x0028c433) xor     s0, a7, sp
core   0: 3 0x80006040 (0x0028c433) x 8 0x00007701
core   0: 0x80006044 (0x40b40db3) sub     s11, s0, a1
core   0: 3 0x80006044 (0x40b40db3) x27 0xac0ce72c
core   0: 0x80006048 (0x0fb62f93) slti    t6, a2, 251
core   0: 3 0x80006048 (0x0fb62f93) x31 0x00000000
core   0: 0x8000604c (0x415ed3b3) sra     t2, t4, s5
core   0: 3 0x8000604c (0x415ed3b3) x 7 0xffffffff
core   0: 0x80006050 (0x0062d733) srl     a4, t0, t1
core   0: 3 0x80006050 (0x0062d733) x14 0x000001ff
core   0: 0x80006054 (0x05197a13) andi    s4, s2, 81
core   0: 3 0x80006054 (0x05197a13) x20 0x00000041
core   0: 0x80006058 (0x00552cb3) slt     s9, a0, t0
core   0: 3 0x80006058 (0x00552cb3) x25 0x00000001
core   0: 0x8000605c (0x018ad433) srl     s0, s5, s8
core   0: 3 0x8000605c (0x018ad433) x 8 0x55cca967
core   0: 0x80006060 (0x00000013) nop
core   0: 3 0x80006060 (0x00000013)
core   0: 0x80006064 (0x0193d413) srli    s0, t2, 25
core   0: 3 0x80006064 (0x0193d413) x 8 0x0000007f
core   0: 0x80006068 (0x46f94737) lui     a4, 0x46f94
core   0: 3 0x80006068 (0x46f94737) x14 0x46f94000
core   0: 0x8000606c (0xc9cca697) auipc   a3, 0xc9cca
core   0: 3 0x8000606c (0xc9cca697) x13 0x49cd006c
core   0: 0x80006070 (0x00772933) slt     s2, a4, t2
core   0: 3 0x80006070 (0x00772933) x18 0x00000000
core   0: 0x80006074 (0x41fb0fb3) sub     t6, s6, t6
core   0: 3 0x80006074 (0x41fb0fb3) x31 0x00000000
core   0: 0x80006078 (0x002b77b3) and     a5, s6, sp
core   0: 3 0x80006078 (0x002b77b3) x15 0x00000000
core   0: 0x8000607c (0x01f85b93) srli    s7, a6, 31
core   0: 3 0x8000607c (0x01f85b93) x23 0x00000000
core   0: 0x80006080 (0x98577493) andi    s1, a4, -1659
core   0: 3 0x80006080 (0x98577493) x 9 0x46f94000
core   0: 0x80006084 (0x1f08ea93) ori     s5, a7, 496
core   0: 3 0x80006084 (0x1f08ea93) x21 0x000077f0
core   0: 0x80006088 (0xa622b413) sltiu   s0, t0, -1438
core   0: 3 0x80006088 (0xa622b413) x 8 0x00000001
core   0: 0x8000608c (0x40880d33) sub     s10, a6, s0
core   0: 3 0x8000608c (0x40880d33) x26 0x180fafff
core   0: 0x80006090 (0x90928f13) addi    t5, t0, -1783
core   0: 3 0x80006090 (0x90928f13) x30 0x7ffff169
core   0: 0x80006094 (0xf4447d13) andi    s10, s0, -188
core   0: 3 0x80006094 (0xf4447d13) x26 0x00000000
core   0: 0x80006098 (0x01cb1e13) slli    t3, s6, 28
core   0: 3 0x80006098 (0x01cb1e13) x28 0x00000000
core   0: 0x8000609c (0x2d6e6113) ori     sp, t3, 726
core   0: 3 0x8000609c (0x2d6e6113) x 2 0x000002d6
core   0: 0x800060a0 (0x01419cb3) sll     s9, gp, s4
core   0: 3 0x800060a0 (0x01419cb3) x25 0x00000800
core   0: 0x800060a4 (0x00ee6db3) or      s11, t3, a4
core   0: 3 0x800060a4 (0x00ee6db3) x27 0x46f94000
core   0: 0x800060a8 (0x01329713) slli    a4, t0, 19
core   0: 3 0x800060a8 (0x01329713) x14 0xc3000000
core   0: 0x800060ac (0x00232d33) slt     s10, t1, sp
core   0: 3 0x800060ac (0x00232d33) x26 0x00000000
core   0: 0x800060b0 (0x00000013) nop
core   0: 3 0x800060b0 (0x00000013)
core   0: 0x800060b4 (0xc442d717) auipc   a4, 0xc442d
core   0: 3 0x800060b4 (0xc442d717) x14 0x444330b4
core   0: 0x800060b8 (0x01c9d033) srl     zero, s3, t3
core   0: 3 0x800060b8 (0x01c9d033)
core   0: 0x800060bc (0x42958793) addi    a5, a1, 1065
core   0: 3 0x800060bc (0x42958793) x15 0x53f393fe
core   0: 0x800060c0 (0x41945fb3) sra     t6, s0, s9
core   0: 3 0x800060c0 (0x41945fb3) x31 0x00000001
core   0: 0x800060c4 (0x407b8e33) sub     t3, s7, t2
core   0: 3 0x800060c4 (0x407b8e33) x28 0x00000001
core   0: 0x800060c8 (0x01a4eb33) or      s6, s1, s10
core   0: 3 0x800060c8 (0x01a4eb33) x22 0x46f94000
core   0: 0x800060cc (0x0020dab3) srl     s5, ra, sp
core   0: 3 0x800060cc (0x0020dab3) x21 0x0000012f
core   0: 0x800060d0 (0x00a63eb3) sltu    t4, a2, a0
core   0: 3 0x800060d0 (0x00a63eb3) x29 0x00000001
core   0: 0x800060d4 (0xa0b94893) xori    a7, s2, -1525
core   0: 3 0x800060d4 (0xa0b94893) x17 0xfffffa0b
core   0: 0x800060d8 (0x0163fab3) and     s5, t2, s6
core   0: 3 0x800060d8 (0x0163fab3) x21 0x46f94000
core   0: 0x800060dc (0x012e5f33) srl     t5, t3, s2
core   0: 3 0x800060dc (0x012e5f33) x30 0x00000001
core   0: 0x800060e0 (0x01ff5f13) srli    t5, t5, 31
core   0: 3 0x800060e0 (0x01ff5f13) x30 0x00000000
core   0: 0x800060e4 (0x00a1c133) xor     sp, gp, a0
core   0: 3 0x800060e4 (0x00a1c133) x 2 0x800158e4
core   0: 0x800060e8 (0x00841933) sll     s2, s0, s0
core   0: 3 0x800060e8 (0x00841933) x18 0x00000002
core   0: 0x800060ec (0x98eaa497) auipc   s1, 0x98eaa
core   0: 3 0x800060ec (0x98eaa497) x 9 0x18eb00ec
core   0: 0x800060f0 (0x417f5613) srai    a2, t5, 23
core   0: 3 0x800060f0 (0x417f5613) x12 0x00000000
core   0: 0x800060f4 (0x416e8ab3) sub     s5, t4, s6
core   0: 3 0x800060f4 (0x416e8ab3) x21 0xb906c001
core   0: 0x800060f8 (0x00ced613) srli    a2, t4, 12
core   0: 3 0x800060f8 (0x00ced613) x12 0x00000000
core   0: 0x800060fc (0x0113d113) srli    sp, t2, 17
core   0: 3 0x800060fc (0x0113d113) x 2 0x00007fff
core   0: 0x80006100 (0x00fcafb3) slt     t6, s9, a5
core   0: 3 0x80006100 (0x00fcafb3) x31 0x00000001
core   0: 0x80006104 (0x40fbd6b3) sra     a3, s7, a5
core   0: 3 0x80006104 (0x40fbd6b3) x13 0x00000000
core   0: 0x80006108 (0x007408b3) add     a7, s0, t2
core   0: 3 0x80006108 (0x007408b3) x17 0x00000000
core   0: 0x8000610c (0x416a5ab3) sra     s5, s4, s6
core   0: 3 0x8000610c (0x416a5ab3) x21 0x00000041
core   0: 0x80006110 (0x99693817) auipc   a6, 0x99693
core   0: 3 0x80006110 (0x99693817) x16 0x19699110
core   0: 0x80006114 (0x005644b3) xor     s1, a2, t0
core   0: 3 0x80006114 (0x005644b3) x 9 0x7ffff860
core   0: 0x80006118 (0x6d9be1b7) lui     gp, 0x6d9be
core   0: 3 0x80006118 (0x6d9be1b7) x 3 0x6d9be000
core   0: 0x8000611c (0x41285733) sra     a4, a6, s2
core   0: 3 0x8000611c (0x41285733) x14 0x065a6444
core   0: 0x80006120 (0xbab96413) ori     s0, s2, -1109
core   0: 3 0x80006120 (0xbab96413) x 8 0xfffffbab
core   0: 0x80006124 (0x007a4633) xor     a2, s4, t2
core   0: 3 0x80006124 (0x007a4633) x12 0xffffffbe
core   0: 0x80006128 (0xa1b1a893) slti    a7, gp, -1509
core   0: 3 0x80006128 (0xa1b1a893) x17 0x00000000
core   0: 0x8000612c (0x5cbfbb13) sltiu   s6, t6, 1483
core   0: 3 0x8000612c (0x5cbfbb13) x22 0x00000001
core   0: 0x80006130 (0x81430c17) auipc   s8, 0x81430
core   0: 3 0x80006130 (0x81430c17) x24 0x01436130
core   0: 0x80006134 (0x00287633) and     a2, a6, sp
core   0: 3 0x80006134 (0x00287633) x12 0x00001110
core   0: 0x80006138 (0x7798e817) auipc   a6, 0x7798e
core   0: 3 0x80006138 (0x7798e817) x16 0xf7994138
core   0: 0x8000613c (0x0188bbb3) sltu    s7, a7, s8
core   0: 3 0x8000613c (0x0188bbb3) x23 0x00000001
core   0: 0x80006140 (0x77e7be93) sltiu   t4, a5, 1918
core   0: 3 0x80006140 (0x77e7be93) x29 0x00000000
core   0: 0x80006144 (0x41705b33) sra     s6, zero, s7
core   0: 3 0x80006144 (0x41705b33) x22 0x00000000
core   0: 0x80006148 (0x01f4da13) srli    s4, s1, 31
core   0: 3 0x80006148 (0x01f4da13) x20 0x00000000
core   0: 0x8000614c (0x00000013) nop
core   0: 3 0x8000614c (0x00000013)
core   0: 0x80006150 (0x9862bf13) sltiu   t5, t0, -1658
core   0: 3 0x80006150 (0x9862bf13) x30 0x00000001
core   0: 0x80006154 (0x0126dc33) srl     s8, a3, s2
core   0: 3 0x80006154 (0x0126dc33) x24 0x00000000
core   0: 0x80006158 (0x01a85493) srli    s1, a6, 26
core   0: 3 0x80006158 (0x01a85493) x 9 0x0000003d
core   0: 0x8000615c (0x5ee03b93) sltiu   s7, zero, 1518
core   0: 3 0x8000615c (0x5ee03b93) x23 0x00000001
core   0: 0x80006160 (0x00c51ab3) sll     s5, a0, a2
core   0: 3 0x80006160 (0x00c51ab3) x21 0x5ce40000
core   0: 0x80006164 (0x01793a33) sltu    s4, s2, s7
core   0: 3 0x80006164 (0x01793a33) x20 0x00000000
core   0: 0x80006168 (0xd2284e93) xori    t4, a6, -734
core   0: 3 0x80006168 (0xd2284e93) x29 0x0866bc1a
core   0: 0x8000616c (0x0076efb3) or      t6, a3, t2
core   0: 3 0x8000616c (0x0076efb3) x31 0xffffffff
core   0: 0x80006170 (0x01b18db3) add     s11, gp, s11
core   0: 3 0x80006170 (0x01b18db3) x27 0xb4952000
core   0: 0x80006174 (0x78f04f13) xori    t5, zero, 1935
core   0: 3 0x80006174 (0x78f04f13) x30 0x0000078f
core   0: 0x80006178 (0x0195d193) srli    gp, a1, 25
core   0: 3 0x80006178 (0x0195d193) x 3 0x00000029
core   0: 0x8000617c (0x401fd693) srai    a3, t6, 1
core   0: 3 0x8000617c (0x401fd693) x13 0xffffffff
core   0: 0x80006180 (0x00000013) nop
core   0: 3 0x80006180 (0x00000013)
core   0: 0x80006184 (0x01fb38b3) sltu    a7, s6, t6
core   0: 3 0x80006184 (0x01fb38b3) x17 0x00000001
core   0: 0x80006188 (0x407e5433) sra     s0, t3, t2
core   0: 3 0x80006188 (0x407e5433) x 8 0x00000000
core   0: 0x8000618c (0x00000013) nop
core   0: 3 0x8000618c (0x00000013)
core   0: 0x80006190 (0x41c403b3) sub     t2, s0, t3
core   0: 3 0x80006190 (0x41c403b3) x 7 0xffffffff
core   0: 0x80006194 (0x0121fdb3) and     s11, gp, s2
core   0: 3 0x80006194 (0x0121fdb3) x27 0x00000000
core   0: 0x80006198 (0x01c72eb3) slt     t4, a4, t3
core   0: 3 0x80006198 (0x01c72eb3) x29 0x00000000
core   0: 0x8000619c (0xfaae2493) slti    s1, t3, -86
core   0: 3 0x8000619c (0xfaae2493) x 9 0x00000000
core   0: 0x800061a0 (0x85ae6e13) ori     t3, t3, -1958
core   0: 3 0x800061a0 (0x85ae6e13) x28 0xfffff85b
core   0: 0x800061a4 (0x3752c013) xori    zero, t0, 885
core   0: 3 0x800061a4 (0x3752c013)
core   0: 0x800061a8 (0x006bd133) srl     sp, s7, t1
core   0: 3 0x800061a8 (0x006bd133) x 2 0x00000000
core   0: 0x800061ac (0x013696b3) sll     a3, a3, s3
core   0: 3 0x800061ac (0x013696b3) x13 0xffffffff
core   0: 0x800061b0 (0x01021033) sll     zero, tp, a6
core   0: 3 0x800061b0 (0x01021033)
core   0: 0x800061b4 (0x40e2de13) srai    t3, t0, 14
core   0: 3 0x800061b4 (0x40e2de13) x28 0x0001ffff
core   0: 0x800061b8 (0x014a9333) sll     t1, s5, s4
core   0: 3 0x800061b8 (0x014a9333) x 6 0x5ce40000
core   0: 0x800061bc (0x41195193) srai    gp, s2, 17
core   0: 3 0x800061bc (0x41195193) x 3 0x00000000
core   0: 0x800061c0 (0x015e13b3) sll     t2, t3, s5
core   0: 3 0x800061c0 (0x015e13b3) x 7 0x0001ffff
core   0: 0x800061c4 (0x5f3fbb13) sltiu   s6, t6, 1523
core   0: 3 0x800061c4 (0x5f3fbb13) x22 0x00000000
core   0: 0x800061c8 (0x2c422413) slti    s0, tp, 708
core   0: 3 0x800061c8 (0x2c422413) x 8 0x00000001
core   0: 0x800061cc (0x26f6ec17) auipc   s8, 0x26f6e
core   0: 3 0x800061cc (0x26f6ec17) x24 0xa6f741cc
core   0: 0x800061d0 (0x01319033) sll     zero, gp, s3
core   0: 3 0x800061d0 (0x01319033)
core   0: 0x800061d4 (0xdd273093) sltiu   ra, a4, -558
core   0: 3 0x800061d4 (0xdd273093) x 1 0x00000001
core   0: 0x800061d8 (0x404f0ab3) sub     s5, t5, tp
core   0: 3 0x800061d8 (0x404f0ab3) x21 0x7ffee92b
core   0: 0x800061dc (0x8a6c8913) addi    s2, s9, -1882
core   0: 3 0x800061dc (0x8a6c8913) x18 0x000000a6
core   0: 0x800061e0 (0x00cfd613) srli    a2, t6, 12
core   0: 3 0x800061e0 (0x00cfd613) x12 0x000fffff
core   0: 0x800061e4 (0x31fb8f13) addi    t5, s7, 799
core   0: 3 0x800061e4 (0x31fb8f13) x30 0x00000320
core   0: 0x800061e8 (0x001b35b3) sltu    a1, s6, ra
core   0: 3 0x800061e8 (0x001b35b3) x11 0x00000001
core   0: 0x800061ec (0x0138e8b3) or      a7, a7, s3
core   0: 3 0x800061ec (0x0138e8b3) x17 0x80000001
core   0: 0x800061f0 (0x00a2bc33) sltu    s8, t0, a0
core   0: 3 0x800061f0 (0x00a2bc33) x24 0x00000001
core   0: 0x800061f4 (0x01b846b3) xor     a3, a6, s11
core   0: 3 0x800061f4 (0x01b846b3) x13 0xf7994138
core   0: 0x800061f8 (0x4b7fef13) ori     t5, t6, 1207
core   0: 3 0x800061f8 (0x4b7fef13) x30 0xffffffff
core   0: 0x800061fc (0xaf551f97) auipc   t6, 0xaf551
core   0: 3 0x800061fc (0xaf551f97) x31 0x2f5571fc
core   0: 0x80006200 (0x00000013) nop
core   0: 3 0x80006200 (0x00000013)
core   0: 0x80006204 (0x41755393) srai    t2, a0, 23
core   0: 3 0x80006204 (0x41755393) x 7 0xffffff00
core   0: 0x80006208 (0x3ee0fb37) lui     s6, 0x3ee0f
core   0: 3 0x80006208 (0x3ee0fb37) x22 0x3ee0f000
core   0: 0x8000620c (0x40a35d13) srai    s10, t1, 10
core   0: 3 0x8000620c (0x40a35d13) x26 0x00173900
core   0: 0x80006210 (0x01feeab3) or      s5, t4, t6
core   0: 3 0x80006210 (0x01feeab3) x21 0x2f5571fc
core   0: 0x80006214 (0x000edb93) srli    s7, t4, 0
core   0: 3 0x80006214 (0x000edb93) x23 0x00000000
core   0: 0x80006218 (0x0198ee33) or      t3, a7, s9
core   0: 3 0x80006218 (0x0198ee33) x28 0x80000801
core   0: 0x8000621c (0x00f523b3) slt     t2, a0, a5
core   0: 3 0x8000621c (0x00f523b3) x 7 0x00000001
core   0: 0x80006220 (0x49306c97) auipc   s9, 0x49306
core   0: 3 0x80006220 (0x49306c97) x25 0xc930c220
core   0: 0x80006224 (0x01be9193) slli    gp, t4, 27
core   0: 3 0x80006224 (0x01be9193) x 3 0x00000000
core   0: 0x80006228 (0x01656a33) or      s4, a0, s6
core   0: 3 0x80006228 (0x01656a33) x20 0xbee1fce4
core   0: 0x8000622c (0x00877633) and     a2, a4, s0
core   0: 3 0x8000622c (0x00877633) x12 0x00000000
core   0: 0x80006230 (0x00d6dd93) srli    s11, a3, 13
core   0: 3 0x80006230 (0x00d6dd93) x27 0x0007bcca
core   0: 0x80006234 (0x18be24b7) lui     s1, 0x18be2
core   0: 3 0x80006234 (0x18be24b7) x 9 0x18be2000
core   0: 0x80006238 (0x0a026593) ori     a1, tp, 160
core   0: 3 0x80006238 (0x0a026593) x11 0x80011ee4
core   0: 0x8000623c (0x01d70633) add     a2, a4, t4
core   0: 3 0x8000623c (0x01d70633) x12 0x065a6444
core   0: 0x80006240 (0x03830393) addi    t2, t1, 56
core   0: 3 0x80006240 (0x03830393) x 7 0x5ce40038
core   0: 0x80006244 (0xcfbd8c93) addi    s9, s11, -773
core   0: 3 0x80006244 (0xcfbd8c93) x25 0x0007b9c5
core   0: 0x80006248 (0x00000013) nop
core   0: 3 0x80006248 (0x00000013)
core   0: 0x8000624c (0x403c0433) sub     s0, s8, gp
core   0: 3 0x8000624c (0x403c0433) x 8 0x00000001
core   0: 0x80006250 (0x01e7d5b3) srl     a1, a5, t5
core   0: 3 0x80006250 (0x01e7d5b3) x11 0x00000000
core   0: 0x80006254 (0x011c1d93) slli    s11, s8, 17
core   0: 3 0x80006254 (0x011c1d93) x27 0x00020000
core   0: 0x80006258 (0x404e05b3) sub     a1, t3, tp
core   0: 3 0x80006258 (0x404e05b3) x11 0xfffee99d
core   0: 0x8000625c (0x017494b3) sll     s1, s1, s7
core   0: 3 0x8000625c (0x017494b3) x 9 0x18be2000
core   0: 0x80006260 (0x40280eb3) sub     t4, a6, sp
core   0: 3 0x80006260 (0x40280eb3) x29 0xf7994138
core   0: 0x80006264 (0xf8124293) xori    t0, tp, -127
core   0: 3 0x80006264 (0xf8124293) x 5 0x7ffee1e5
core   0: 0x80006268 (0x0d69a013) slti    zero, s3, 214
core   0: 3 0x80006268 (0x0d69a013)
core   0: 0x8000626c (0x00d047b3) xor     a5, zero, a3
core   0: 3 0x8000626c (0x00d047b3) x15 0xf7994138
core   0: 0x80006270 (0x00fb8db3) add     s11, s7, a5
core   0: 3 0x80006270 (0x00fb8db3) x27 0xf7994138
core   0: 0x80006274 (0x16598437) lui     s0, 0x16598
core   0: 3 0x80006274 (0x16598437) x 8 0x16598000
core   0: 0x80006278 (0x00000013) nop
core   0: 3 0x80006278 (0x00000013)
core   0: 0x8000627c (0x3e638013) addi    zero, t2, 998
core   0: 3 0x8000627c (0x3e638013)
core   0: 0x80006280 (0x002c9d93) slli    s11, s9, 2
core   0: 3 0x80006280 (0x002c9d93) x27 0x001ee714
core   0: 0x80006284 (0x013cc5b3) xor     a1, s9, s3
core   0: 3 0x80006284 (0x013cc5b3) x11 0x8007b9c5
core   0: 0x80006288 (0x0085dd93) srli    s11, a1, 8
core   0: 3 0x80006288 (0x0085dd93) x27 0x008007b9
core   0: 0x8000628c (0x6ec66493) ori     s1, a2, 1772
core   0: 3 0x8000628c (0x6ec66493) x 9 0x065a66ec
core   0: 0x80006290 (0xc0c90093) addi    ra, s2, -1012
core   0: 3 0x80006290 (0xc0c90093) x 1 0xfffffcb2
core   0: 0x80006294 (0x00000013) nop
core   0: 3 0x80006294 (0x00000013)
core   0: 0x80006298 (0x00341eb3) sll     t4, s0, gp
core   0: 3 0x80006298 (0x00341eb3) x29 0x16598000
core   0: 0x8000629c (0x40bc5933) sra     s2, s8, a1
core   0: 3 0x8000629c (0x40bc5933) x18 0x00000000
core   0: 0x800062a0 (0x223bb897) auipc   a7, 0x223bb
core   0: 3 0x800062a0 (0x223bb897) x17 0xa23c12a0
core   0: 0x800062a4 (0x41425333) sra     t1, tp, s4
core   0: 3 0x800062a4 (0x41425333) x 6 0xf80011e6
core   0: 0x800062a8 (0x015f1fb3) sll     t6, t5, s5
core   0: 3 0x800062a8 (0x015f1fb3) x31 0xf0000000
core   0: 0x800062ac (0x014d97b3) sll     a5, s11, s4
core   0: 3 0x800062ac (0x014d97b3) x15 0x08007b90
core   0: 0x800062b0 (0x01a96633) or      a2, s2, s10
core   0: 3 0x800062b0 (0x01a96633) x12 0x00173900
core   0: 0x800062b4 (0xb3966a13) ori     s4, a2, -1223
core   0: 3 0x800062b4 (0xb3966a13) x20 0xfffffb39
core   0: 0x800062b8 (0x006aacb3) slt     s9, s5, t1
core   0: 3 0x800062b8 (0x006aacb3) x25 0x00000000
core   0: 0x800062bc (0x017917b3) sll     a5, s2, s7
core   0: 3 0x800062bc (0x017917b3) x15 0x00000000
core   0: 0x800062c0 (0x008d72b3) and     t0, s10, s0
core   0: 3 0x800062c0 (0x008d72b3) x 5 0x00110000
core   0: 0x800062c4 (0x4fb19e17) auipc   t3, 0x4fb19
core   0: 3 0x800062c4 (0x4fb19e17) x28 0xcfb1f2c4
core   0: 0x800062c8 (0x01a21f93) slli    t6, tp, 26
core   0: 3 0x800062c8 (0x01a21f93) x31 0x90000000
core   0: 0x800062cc (0x01556033) or      zero, a0, s5
core   0: 3 0x800062cc (0x01556033)
core   0: 0x800062d0 (0xdc238e93) addi    t4, t2, -574
core   0: 3 0x800062d0 (0xdc238e93) x29 0x5ce3fdfa
core   0: 0x800062d4 (0x0107acb3) slt     s9, a5, a6
core   0: 3 0x800062d4 (0x0107acb3) x25 0x00000000
core   0: 0x800062d8 (0x40965b93) srai    s7, a2, 9
core   0: 3 0x800062d8 (0x40965b93) x23 0x00000b9c
core   0: 0x800062dc (0x545b4393) xori    t2, s6, 1349
core   0: 3 0x800062dc (0x545b4393) x 7 0x3ee0f545
core   0: 0x800062e0 (0x405951b3) sra     gp, s2, t0
core   0: 3 0x800062e0 (0x405951b3) x 3 0x00000000
core   0: 0x800062e4 (0x01d80333) add     t1, a6, t4
core   0: 3 0x800062e4 (0x01d80333) x 6 0x547d3f32
core   0: 0x800062e8 (0x12738017) auipc   zero, 0x12738
core   0: 3 0x800062e8 (0x12738017)
core   0: 0x800062ec (0x40ef0a33) sub     s4, t5, a4
core   0: 3 0x800062ec (0x40ef0a33) x20 0xf9a59bbb
core   0: 0x800062f0 (0x0150a3b3) slt     t2, ra, s5
core   0: 3 0x800062f0 (0x0150a3b3) x 7 0x00000001
core   0: 0x800062f4 (0x00a95a33) srl     s4, s2, a0
core   0: 3 0x800062f4 (0x00a95a33) x20 0x00000000
core   0: 0x800062f8 (0x7a18aa13) slti    s4, a7, 1953
core   0: 3 0x800062f8 (0x7a18aa13) x20 0x00000001
core   0: 0x800062fc (0x2c4be413) ori     s0, s7, 708
core   0: 3 0x800062fc (0x2c4be413) x 8 0x00000bdc
core   0: 0x80006300 (0x006867b3) or      a5, a6, t1
core   0: 3 0x80006300 (0x006867b3) x15 0xf7fd7f3a
core   0: 0x80006304 (0x410d82b3) sub     t0, s11, a6
core   0: 3 0x80006304 (0x410d82b3) x 5 0x08e6c681
core   0: 0x80006308 (0xc3162097) auipc   ra, 0xc3162
core   0: 3 0x80006308 (0xc3162097) x 1 0x43168308
core   0: 0x8000630c (0x005b88b3) add     a7, s7, t0
core   0: 3 0x8000630c (0x005b88b3) x17 0x08e6d21d
core   0: 0x80006310 (0x00a888b3) add     a7, a7, a0
core   0: 3 0x80006310 (0x00a888b3) x17 0x88e82f01
core   0: 0x80006314 (0x994c76b7) lui     a3, 0x994c7
core   0: 3 0x80006314 (0x994c76b7) x13 0x994c7000
core   0: 0x80006318 (0xf0360893) addi    a7, a2, -253
core   0: 3 0x80006318 (0xf0360893) x17 0x00173803
core   0: 0x8000631c (0x453d4193) xori    gp, s10, 1107
core   0: 3 0x8000631c (0x453d4193) x 3 0x00173d53
core   0: 0x80006320 (0x3f3e8613) addi    a2, t4, 1011
core   0: 3 0x80006320 (0x3f3e8613) x12 0x5ce401ed
core   0: 0x80006324 (0x8e3d0d93) addi    s11, s10, -1821
core   0: 3 0x80006324 (0x8e3d0d93) x27 0x001731e3
core   0: 0x80006328 (0x77d02913) slti    s2, zero, 1917
core   0: 3 0x80006328 (0x77d02913) x18 0x00000001
core   0: 0x8000632c (0x0179be33) sltu    t3, s3, s7
core   0: 3 0x8000632c (0x0179be33) x28 0x00000000
core   0: 0x80006330 (0x404e0cb3) sub     s9, t3, tp
core   0: 3 0x80006330 (0x404e0cb3) x25 0x7ffee19c
core   0: 0x80006334 (0x01469713) slli    a4, a3, 20
core   0: 3 0x80006334 (0x01469713) x14 0x00000000
core   0: 0x80006338 (0x00000013) nop
core   0: 3 0x80006338 (0x00000013)
core   0: 0x8000633c (0x012456b3) srl     a3, s0, s2
core   0: 3 0x8000633c (0x012456b3) x13 0x000005ee
core   0: 0x80006340 (0x001bd933) srl     s2, s7, ra
core   0: 3 0x80006340 (0x001bd933) x18 0x0000000b
core   0: 0x80006344 (0x01f31633) sll     a2, t1, t6
core   0: 3 0x80006344 (0x01f31633) x12 0x547d3f32
core   0: 0x80006348 (0xd7df6893) ori     a7, t5, -643
core   0: 3 0x80006348 (0xd7df6893) x17 0xffffffff
core   0: 0x8000634c (0xfeb42193) slti    gp, s0, -21
core   0: 3 0x8000634c (0xfeb42193) x 3 0x00000000
core   0: 0x80006350 (0x41abd413) srai    s0, s7, 26
core   0: 3 0x80006350 (0x41abd413) x 8 0x00000000
core   0: 0x80006354 (0x01f02cb3) slt     s9, zero, t6
core   0: 3 0x80006354 (0x01f02cb3) x25 0x00000000
core   0: 0x80006358 (0x40d5da93) srai    s5, a1, 13
core   0: 3 0x80006358 (0x40d5da93) x21 0xfffc003d
core   0: 0x8000635c (0xdf57fe37) lui     t3, 0xdf57f
core   0: 3 0x8000635c (0xdf57fe37) x28 0xdf57f000
core   0: 0x80006360 (0x384f4713) xori    a4, t5, 900
core   0: 3 0x80006360 (0x384f4713) x14 0xfffffc7b
core   0: 0x80006364 (0x40185113) srai    sp, a6, 1
core   0: 3 0x80006364 (0x40185113) x 2 0xfbcca09c
core   0: 0x80006368 (0x0051ec33) or      s8, gp, t0
core   0: 3 0x80006368 (0x0051ec33) x24 0x08e6c681
core   0: 0x8000636c (0x41345033) sra     zero, s0, s3
core   0: 3 0x8000636c (0x41345033)
core   0: 0x80006370 (0x41d45a33) sra     s4, s0, t4
core   0: 3 0x80006370 (0x41d45a33) x20 0x00000000
core   0: 0x80006374 (0x005bf6b3) and     a3, s7, t0
core   0: 3 0x80006374 (0x005bf6b3) x13 0x00000280
core   0: 0x80006378 (0x9a5d2113) slti    sp, s10, -1627
core   0: 3 0x80006378 (0x9a5d2113) x 2 0x00000000
core   0: 0x8000637c (0x002ca933) slt     s2, s9, sp
core   0: 3 0x8000637c (0x002ca933) x18 0x00000000
core   0: 0x80006380 (0xaa030db7) lui     s11, 0xaa030
core   0: 3 0x80006380 (0xaa030db7) x27 0xaa030000
core   0: 0x80006384 (0x005cb933) sltu    s2, s9, t0
core   0: 3 0x80006384 (0x005cb933) x18 0x00000001
core   0: 0x80006388 (0x7e930d93) addi    s11, t1, 2025
core   0: 3 0x80006388 (0x7e930d93) x27 0x547d471b
core   0: 0x8000638c (0x0053ba33) sltu    s4, t2, t0
core   0: 3 0x8000638c (0x0053ba33) x20 0x00000001
core   0: 0x80006390 (0x40d5d113) srai    sp, a1, 13
core   0: 3 0x80006390 (0x40d5d113) x 2 0xfffc003d
core   0: 0x80006394 (0x00d28ab3) add     s5, t0, a3
core   0: 3 0x80006394 (0x00d28ab3) x21 0x08e6c901
core   0: 0x80006398 (0x41b053b3) sra     t2, zero, s11
core   0: 3 0x80006398 (0x41b053b3) x 7 0x00000000
core   0: 0x8000639c (0x0067c933) xor     s2, a5, t1
core   0: 3 0x8000639c (0x0067c933) x18 0xa3804008
core   0: 0x800063a0 (0x14ec4393) xori    t2, s8, 334
core   0: 3 0x800063a0 (0x14ec4393) x 7 0x08e6c7cf
core   0: 0x800063a4 (0x00119593) slli    a1, gp, 1
core   0: 3 0x800063a4 (0x00119593) x11 0x00000000
core   0: 0x800063a8 (0x407f5bb3) sra     s7, t5, t2
core   0: 3 0x800063a8 (0x407f5bb3) x23 0xffffffff
core   0: 0x800063ac (0x49150e13) addi    t3, a0, 1169
core   0: 3 0x800063ac (0x49150e13) x28 0x80016175
core   0: 0x800063b0 (0x000db8b3) sltu    a7, s11, zero
core   0: 3 0x800063b0 (0x000db8b3) x17 0x00000000
core   0: 0x800063b4 (0x64b13d13) sltiu   s10, sp, 1611
core   0: 3 0x800063b4 (0x64b13d13) x26 0x00000000
core   0: 0x800063b8 (0x00bfbbb3) sltu    s7, t6, a1
core   0: 3 0x800063b8 (0x00bfbbb3) x23 0x00000000
core   0: 0x800063bc (0x010fb8b3) sltu    a7, t6, a6
core   0: 3 0x800063bc (0x010fb8b3) x17 0x00000001
core   0: 0x800063c0 (0x016787b3) add     a5, a5, s6
core   0: 3 0x800063c0 (0x016787b3) x15 0x36de6f3a
core   0: 0x800063c4 (0x006f3d33) sltu    s10, t5, t1
core   0: 3 0x800063c4 (0x006f3d33) x26 0x00000000
core   0: 0x800063c8 (0x009a1e13) slli    t3, s4, 9
core   0: 3 0x800063c8 (0x009a1e13) x28 0x00000200
core   0: 0x800063cc (0x019d51b3) srl     gp, s10, s9
core   0: 3 0x800063cc (0x019d51b3) x 3 0x00000000
core   0: 0x800063d0 (0x147e2c13) slti    s8, t3, 327
core   0: 3 0x800063d0 (0x147e2c13) x24 0x00000000
core   0: 0x800063d4 (0xfc938137) lui     sp, 0xfc938
core   0: 3 0x800063d4 (0xfc938137) x 2 0xfc938000
core   0: 0x800063d8 (0x00eda8b3) slt     a7, s11, a4
core   0: 3 0x800063d8 (0x00eda8b3) x17 0x00000000
core   0: 0x800063dc (0x01513e33) sltu    t3, sp, s5
core   0: 3 0x800063dc (0x01513e33) x28 0x00000000
core   0: 0x800063e0 (0x01caa733) slt     a4, s5, t3
core   0: 3 0x800063e0 (0x01caa733) x14 0x00000000
core   0: 0x800063e4 (0x01f33433) sltu    s0, t1, t6
core   0: 3 0x800063e4 (0x01f33433) x 8 0x00000001
core   0: 0x800063e8 (0x41f358b3) sra     a7, t1, t6
core   0: 3 0x800063e8 (0x41f358b3) x17 0x547d3f32
core   0: 0x800063ec (0x00000013) nop
core   0: 3 0x800063ec (0x00000013)
core   0: 0x800063f0 (0x009367b3) or      a5, t1, s1
core   0: 3 0x800063f0 (0x009367b3) x15 0x567f7ffe
core   0: 0x800063f4 (0x01c72733) slt     a4, a4, t3
core   0: 3 0x800063f4 (0x01c72733) x14 0x00000000
core   0: 0x800063f8 (0x5b8c3093) sltiu   ra, s8, 1464
core   0: 3 0x800063f8 (0x5b8c3093) x 1 0x00000001
core   0: 0x800063fc (0xa575af13) slti    t5, a1, -1449
core   0: 3 0x800063fc (0xa575af13) x30 0x00000000
core   0: 0x80006400 (0x017e9b13) slli    s6, t4, 23
core   0: 3 0x80006400 (0x017e9b13) x22 0xfd000000
core   0: 0x80006404 (0x014284b3) add     s1, t0, s4
core   0: 3 0x80006404 (0x014284b3) x 9 0x08e6c682
core   0: 0x80006408 (0xcc11b393) sltiu   t2, gp, -831
core   0: 3 0x80006408 (0xcc11b393) x 7 0x00000001
core   0: 0x8000640c (0xaa278493) addi    s1, a5, -1374
core   0: 3 0x8000640c (0xaa278493) x 9 0x567f7aa0
core   0: 0x80006410 (0x014e65b3) or      a1, t3, s4
core   0: 3 0x80006410 (0x014e65b3) x11 0x00000001
core   0: 0x80006414 (0x010527b3) slt     a5, a0, a6
core   0: 3 0x80006414 (0x010527b3) x15 0x00000001
core   0: 0x80006418 (0x412fd2b3) sra     t0, t6, s2
core   0: 3 0x80006418 (0x412fd2b3) x 5 0xff900000
core   0: 0x8000641c (0x0025ed33) or      s10, a1, sp
core   0: 3 0x8000641c (0x0025ed33) x26 0xfc938001
core   0: 0x80006420 (0xb4777d37) lui     s10, 0xb4777
core   0: 3 0x80006420 (0xb4777d37) x26 0xb4777000
core   0: 0x80006424 (0xfd7a3413) sltiu   s0, s4, -41
core   0: 3 0x80006424 (0xfd7a3413) x 8 0x00000001
core   0: 0x80006428 (0x0171e033) or      zero, gp, s7
core   0: 3 0x80006428 (0x0171e033)
core   0: 0x8000642c (0xced82193) slti    gp, a6, -787
core   0: 3 0x8000642c (0xced82193) x 3 0x00000001
core   0: 0x80006430 (0x18e06113) ori     sp, zero, 398
core   0: 3 0x80006430 (0x18e06113) x 2 0x0000018e
core   0: 0x80006434 (0x01333bb3) sltu    s7, t1, s3
core   0: 3 0x80006434 (0x01333bb3) x23 0x00000001
core   0: 0x80006438 (0x01a5b633) sltu    a2, a1, s10
core   0: 3 0x80006438 (0x01a5b633) x12 0x00000001
core   0: 0x8000643c (0x4669f813) andi    a6, s3, 1126
core   0: 3 0x8000643c (0x4669f813) x16 0x00000000
core   0: 0x80006440 (0x01823d33) sltu    s10, tp, s8
core   0: 3 0x80006440 (0x01823d33) x26 0x00000000
core   0: 0x80006444 (0xde2f7713) andi    a4, t5, -542
core   0: 3 0x80006444 (0xde2f7713) x14 0x00000000
core   0: 0x80006448 (0x92460293) addi    t0, a2, -1756
core   0: 3 0x80006448 (0x92460293) x 5 0xfffff925
core   0: 0x8000644c (0x411b5fb3) sra     t6, s6, a7
core   0: 3 0x8000644c (0x411b5fb3) x31 0xffffff40
core   0: 0x80006450 (0x416f5c93) srai    s9, t5, 22
core   0: 3 0x80006450 (0x416f5c93) x25 0x00000000
core   0: 0x80006454 (0xdc293937) lui     s2, 0xdc293
core   0: 3 0x80006454 (0xdc293937) x18 0xdc293000
core   0: 0x80006458 (0x24566f13) ori     t5, a2, 581
core   0: 3 0x80006458 (0x24566f13) x30 0x00000245
core   0: 0x8000645c (0x00a085b3) add     a1, ra, a0
core   0: 3 0x8000645c (0x00a085b3) x11 0x80015ce5
core   0: 0x80006460 (0x408ad193) srai    gp, s5, 8
core   0: 3 0x80006460 (0x408ad193) x 3 0x0008e6c9
core   0: 0x80006464 (0x63857193) andi    gp, a0, 1592
core   0: 3 0x80006464 (0x63857193) x 3 0x00000420
core   0: 0x80006468 (0xaef32413) slti    s0, t1, -1297
core   0: 3 0x80006468 (0xaef32413) x 8 0x00000000
core   0: 0x8000646c (0x01b01033) sll     zero, zero, s11
core   0: 3 0x8000646c (0x01b01033)
core   0: 0x80006470 (0x01f717b3) sll     a5, a4, t6
core   0: 3 0x80006470 (0x01f717b3) x15 0x00000000
core   0: 0x80006474 (0x0109bf33) sltu    t5, s3, a6
core   0: 3 0x80006474 (0x0109bf33) x30 0x00000000
core   0: 0x80006478 (0xdf19c013) xori    zero, s3, -527
core   0: 3 0x80006478 (0xdf19c013)
core   0: 0x8000647c (0x00000013) nop
core   0: 3 0x8000647c (0x00000013)
core   0: 0x80006480 (0x01f11f33) sll     t5, sp, t6
core   0: 3 0x80006480 (0x01f11f33) x30 0x0000018e
core   0: 0x80006484 (0xb864ab13) slti    s6, s1, -1146
core   0: 3 0x80006484 (0xb864ab13) x22 0x00000000
core   0: 0x80006488 (0x010e3133) sltu    sp, t3, a6
core   0: 3 0x80006488 (0x010e3133) x 2 0x00000000
core   0: 0x8000648c (0x01feccb3) xor     s9, t4, t6
core   0: 3 0x8000648c (0x01feccb3) x25 0xa31c02ba
core   0: 0x80006490 (0x00000013) nop
core   0: 3 0x80006490 (0x00000013)
core   0: 0x80006494 (0x000bf6b3) and     a3, s7, zero
core   0: 3 0x80006494 (0x000bf6b3) x13 0x00000000
core   0: 0x80006498 (0xeaebcf93) xori    t6, s7, -338
core   0: 3 0x80006498 (0xeaebcf93) x31 0xfffffeaf
core   0: 0x8000649c (0x009ac7b3) xor     a5, s5, s1
core   0: 3 0x8000649c (0x009ac7b3) x15 0x5e99b3a1
core   0: 0x800064a0 (0x0144d333) srl     t1, s1, s4
core   0: 3 0x800064a0 (0x0144d333) x 6 0x2b3fbd50
core   0: 0x800064a4 (0x00ff2eb3) slt     t4, t5, a5
core   0: 3 0x800064a4 (0x00ff2eb3) x29 0x00000001
core   0: 0x800064a8 (0xd6ce7f93) andi    t6, t3, -660
core   0: 3 0x800064a8 (0xd6ce7f93) x31 0x00000000
core   0: 0x800064ac (0x013d9b33) sll     s6, s11, s3
core   0: 3 0x800064ac (0x013d9b33) x22 0x547d471b
core   0: 0x800064b0 (0x00b35333) srl     t1, t1, a1
core   0: 3 0x800064b0 (0x00b35333) x 6 0x0159fdea
core   0: 0x800064b4 (0x00d464b3) or      s1, s0, a3
core   0: 3 0x800064b4 (0x00d464b3) x 9 0x00000000
core   0: 0x800064b8 (0x40bc05b3) sub     a1, s8, a1
core   0: 3 0x800064b8 (0x40bc05b3) x11 0x7ffea31b
core   0: 0x800064bc (0xf9082193) slti    gp, a6, -112
core   0: 3 0x800064bc (0xf9082193) x 3 0x00000000
core   0: 0x800064c0 (0x01399d33) sll     s10, s3, s3
core   0: 3 0x800064c0 (0x01399d33) x26 0x80000000
core   0: 0x800064c4 (0x01d7fbb3) and     s7, a5, t4
core   0: 3 0x800064c4 (0x01d7fbb3) x23 0x00000001
core   0: 0x800064c8 (0x074978b7) lui     a7, 0x7497
core   0: 3 0x800064c8 (0x074978b7) x17 0x07497000
core   0: 0x800064cc (0x006ed8b3) srl     a7, t4, t1
core   0: 3 0x800064cc (0x006ed8b3) x17 0x00000000
core   0: 0x800064d0 (0x400d8133) sub     sp, s11, zero
core   0: 3 0x800064d0 (0x400d8133) x 2 0x547d471b
core   0: 0x800064d4 (0x01bd5b33) srl     s6, s10, s11
core   0: 3 0x800064d4 (0x01bd5b33) x22 0x00000010
core   0: 0x800064d8 (0x0015b733) sltu    a4, a1, ra
core   0: 3 0x800064d8 (0x0015b733) x14 0x00000000
core   0: 0x800064dc (0xaececf13) xori    t5, t4, -1300
core   0: 3 0x800064dc (0xaececf13) x30 0xfffffaed
core   0: 0x800064e0 (0x40fadab3) sra     s5, s5, a5
core   0: 3 0x800064e0 (0x40fadab3) x21 0x04736480
core   0: 0x800064e4 (0x018dbfb3) sltu    t6, s11, s8
core   0: 3 0x800064e4 (0x018dbfb3) x31 0x00000000
core   0: 0x800064e8 (0x79a94f13) xori    t5, s2, 1946
core   0: 3 0x800064e8 (0x79a94f13) x30 0xdc29379a
core   0: 0x800064ec (0x40cf8a33) sub     s4, t6, a2
core   0: 3 0x800064ec (0x40cf8a33) x20 0xffffffff
core   0: 0x800064f0 (0x0066b833) sltu    a6, a3, t1
core   0: 3 0x800064f0 (0x0066b833) x16 0x00000001
core   0: 0x800064f4 (0x01fbeb33) or      s6, s7, t6
core   0: 3 0x800064f4 (0x01fbeb33) x22 0x00000001
core   0: 0x800064f8 (0x2596cd93) xori    s11, a3, 601
core   0: 3 0x800064f8 (0x2596cd93) x27 0x00000259
core   0: 0x800064fc (0x49817613) andi    a2, sp, 1176
core   0: 3 0x800064fc (0x49817613) x12 0x00000418
core   0: 0x80006500 (0x67897013) andi    zero, s2, 1656
core   0: 3 0x80006500 (0x67897013)
core   0: 0x80006504 (0x19e4b713) sltiu   a4, s1, 414
core   0: 3 0x80006504 (0x19e4b713) x14 0x00000001
core   0: 0x80006508 (0x01909c33) sll     s8, ra, s9
core   0: 3 0x80006508 (0x01909c33) x24 0x04000000
core   0: 0x8000650c (0xb3b53e93) sltiu   t4, a0, -1221
core   0: 3 0x8000650c (0xb3b53e93) x29 0x00000001
core   0: 0x80006510 (0x2c5e3493) sltiu   s1, t3, 709
core   0: 3 0x80006510 (0x2c5e3493) x 9 0x00000001
core   0: 0x80006514 (0x4195d293) srai    t0, a1, 25
core   0: 3 0x80006514 (0x4195d293) x 5 0x0000003f
core   0: 0x80006518 (0x018b9193) slli    gp, s7, 24
core   0: 3 0x80006518 (0x018b9193) x 3 0x01000000
core   0: 0x8000651c (0x6b9e2593) slti    a1, t3, 1721
core   0: 3 0x8000651c (0x6b9e2593) x11 0x00000001
core   0: 0x80006520 (0xe35a0193) addi    gp, s4, -459
core   0: 3 0x80006520 (0xe35a0193) x 3 0xfffffe34
core   0: 0x80006524 (0x11bb8613) addi    a2, s7, 283
core   0: 3 0x80006524 (0x11bb8613) x12 0x0000011c
core   0: 0x80006528 (0x41f35613) srai    a2, t1, 31
core   0: 3 0x80006528 (0x41f35613) x12 0x00000000
core   0: 0x8000652c (0x415e03b3) sub     t2, t3, s5
core   0: 3 0x8000652c (0x415e03b3) x 7 0xfb8c9b80
core   0: 0x80006530 (0x004a1bb3) sll     s7, s4, tp
core   0: 3 0x80006530 (0x004a1bb3) x23 0xfffffff0
core   0: 0x80006534 (0x15c3bc93) sltiu   s9, t2, 348
core   0: 3 0x80006534 (0x15c3bc93) x25 0x00000000
core   0: 0x80006538 (0x00000013) nop
core   0: 3 0x80006538 (0x00000013)
core   0: 0x8000653c (0xc24cb493) sltiu   s1, s9, -988
core   0: 3 0x8000653c (0xc24cb493) x 9 0x00000001
core   0: 0x80006540 (0x41c25d93) srai    s11, tp, 28
core   0: 3 0x80006540 (0x41c25d93) x27 0xfffffff8
core   0: 0x80006544 (0x005fcdb3) xor     s11, t6, t0
core   0: 3 0x80006544 (0x005fcdb3) x27 0x0000003f
core   0: 0x80006548 (0x01c8e4b3) or      s1, a7, t3
core   0: 3 0x80006548 (0x01c8e4b3) x 9 0x00000000
core   0: 0x8000654c (0x00785893) srli    a7, a6, 7
core   0: 3 0x8000654c (0x00785893) x17 0x00000000
core   0: 0x80006550 (0xe007e713) ori     a4, a5, -512
core   0: 3 0x80006550 (0xe007e713) x14 0xffffffa1
core   0: 0x80006554 (0x409cdcb3) sra     s9, s9, s1
core   0: 3 0x80006554 (0x409cdcb3) x25 0x00000000
core   0: 0x80006558 (0x0d120093) addi    ra, tp, 209
core   0: 3 0x80006558 (0x0d120093) x 1 0x80011f35
core   0: 0x8000655c (0x26d4a797) auipc   a5, 0x26d4a
core   0: 3 0x8000655c (0x26d4a797) x15 0xa6d5055c
core   0: 0x80006560 (0x002f4db3) xor     s11, t5, sp
core   0: 3 0x80006560 (0x002f4db3) x27 0x88547081
core   0: 0x80006564 (0x017cb6b3) sltu    a3, s9, s7
core   0: 3 0x80006564 (0x017cb6b3) x13 0x00000001
core   0: 0x80006568 (0x404edbb3) sra     s7, t4, tp
core   0: 3 0x80006568 (0x404edbb3) x23 0x00000000
core   0: 0x8000656c (0x01ebde13) srli    t3, s7, 30
core   0: 3 0x8000656c (0x01ebde13) x28 0x00000000
core   0: 0x80006570 (0x4112dd13) srai    s10, t0, 17
core   0: 3 0x80006570 (0x4112dd13) x26 0x00000000
core   0: 0x80006574 (0x41dd0d33) sub     s10, s10, t4
core   0: 3 0x80006574 (0x41dd0d33) x26 0xffffffff
core   0: 0x80006578 (0xfc863f93) sltiu   t6, a2, -56
core   0: 3 0x80006578 (0xfc863f93) x31 0x00000001
core   0: 0x8000657c (0xbe8ef713) andi    a4, t4, -1048
core   0: 3 0x8000657c (0xbe8ef713) x14 0x00000000
core   0: 0x80006580 (0x414a5333) sra     t1, s4, s4
core   0: 3 0x80006580 (0x414a5333) x 6 0xffffffff
core   0: 0x80006584 (0x01381f13) slli    t5, a6, 19
core   0: 3 0x80006584 (0x01381f13) x30 0x00080000
core   0: 0x80006588 (0x002708b3) add     a7, a4, sp
core   0: 3 0x80006588 (0x002708b3) x17 0x547d471b
core   0: 0x8000658c (0x0a674a13) xori    s4, a4, 166
core   0: 3 0x8000658c (0x0a674a13) x20 0x000000a6
core   0: 0x80006590 (0x404b5e93) srai    t4, s6, 4
core   0: 3 0x80006590 (0x404b5e93) x29 0x00000000
core   0: 0x80006594 (0xbe37aa13) slti    s4, a5, -1053
core   0: 3 0x80006594 (0xbe37aa13) x20 0x00000001
core   0: 0x80006598 (0x011610b3) sll     ra, a2, a7
core   0: 3 0x80006598 (0x011610b3) x 1 0x00000000
core   0: 0x8000659c (0x015888b3) add     a7, a7, s5
core   0: 3 0x8000659c (0x015888b3) x17 0x58f0ab9b
core   0: 0x800065a0 (0x01929e93) slli    t4, t0, 25
core   0: 3 0x800065a0 (0x01929e93) x29 0x7e000000
core   0: 0x800065a4 (0x4d8bf613) andi    a2, s7, 1240
core   0: 3 0x800065a4 (0x4d8bf613) x12 0x00000000
core   0: 0x800065a8 (0x414adb33) sra     s6, s5, s4
core   0: 3 0x800065a8 (0x414adb33) x22 0x0239b240
core   0: 0x800065ac (0xdbb30b13) addi    s6, t1, -581
core   0: 3 0x800065ac (0xdbb30b13) x22 0xfffffdba
core   0: 0x800065b0 (0x00000013) nop
core   0: 3 0x800065b0 (0x00000013)
core   0: 0x800065b4 (0x0191f333) and     t1, gp, s9
core   0: 3 0x800065b4 (0x0191f333) x 6 0x00000000
core   0: 0x800065b8 (0xec5d6917) auipc   s2, 0xec5d6
core   0: 3 0x800065b8 (0xec5d6917) x18 0x6c5dc5b8
core   0: 0x800065bc (0x005546b3) xor     a3, a0, t0
core   0: 3 0x800065bc (0x005546b3) x13 0x80015cdb
core   0: 0x800065c0 (0x008f68b3) or      a7, t5, s0
core   0: 3 0x800065c0 (0x008f68b3) x17 0x00080000
core   0: 0x800065c4 (0x407602b3) sub     t0, a2, t2
core   0: 3 0x800065c4 (0x407602b3) x 5 0x04736480
core   0: 0x800065c8 (0x41e45493) srai    s1, s0, 30
core   0: 3 0x800065c8 (0x41e45493) x 9 0x00000000
core   0: 0x800065cc (0x250c3713) sltiu   a4, s8, 592
core   0: 3 0x800065cc (0x250c3713) x14 0x00000000
core   0: 0x800065d0 (0x00d85113) srli    sp, a6, 13
core   0: 3 0x800065d0 (0x00d85113) x 2 0x00000000
core   0: 0x800065d4 (0x006b41b3) xor     gp, s6, t1
core   0: 3 0x800065d4 (0x006b41b3) x 3 0xfffffdba
core   0: 0x800065d8 (0x00e79713) slli    a4, a5, 14
core   0: 3 0x800065d8 (0x00e79713) x14 0x41570000
core   0: 0x800065dc (0x015e34b3) sltu    s1, t3, s5
core   0: 3 0x800065dc (0x015e34b3) x 9 0x00000001
core   0: 0x800065e0 (0x01dc98b3) sll     a7, s9, t4
core   0: 3 0x800065e0 (0x01dc98b3) x17 0x00000000
core   0: 0x800065e4 (0x00fc1893) slli    a7, s8, 15
core   0: 3 0x800065e4 (0x00fc1893) x17 0x00000000
core   0: 0x800065e8 (0x01087cb3) and     s9, a6, a6
core   0: 3 0x800065e8 (0x01087cb3) x25 0x00000001
core   0: 0x800065ec (0x93e3bc93) sltiu   s9, t2, -1730
core   0: 3 0x800065ec (0x93e3bc93) x25 0x00000001
core   0: 0x800065f0 (0x01439593) slli    a1, t2, 20
core   0: 3 0x800065f0 (0x01439593) x11 0xb8000000
core   0: 0x800065f4 (0x01fd5d13) srli    s10, s10, 31
core   0: 3 0x800065f4 (0x01fd5d13) x26 0x00000001
core   0: 0x800065f8 (0xe6face13) xori    t3, s5, -401
core   0: 3 0x800065f8 (0xe6face13) x28 0xfb8c9aef
core   0: 0x800065fc (0x418702b3) sub     t0, a4, s8
core   0: 3 0x800065fc (0x418702b3) x 5 0x3d570000
core   0: 0x80006600 (0xd14e4b13) xori    s6, t3, -748
core   0: 3 0x80006600 (0xd14e4b13) x22 0x047367fb
core   0: 0x80006604 (0x009c06b3) add     a3, s8, s1
core   0: 3 0x80006604 (0x009c06b3) x13 0x04000001
core   0: 0x80006608 (0x41165793) srai    a5, a2, 17
core   0: 3 0x80006608 (0x41165793) x15 0x00000000
core   0: 0x8000660c (0x00000013) nop
core   0: 3 0x8000660c (0x00000013)
core   0: 0x80006610 (0x014b64b3) or      s1, s6, s4
core   0: 3 0x80006610 (0x014b64b3) x 9 0x047367fb
core   0: 0x80006614 (0x0102b1b3) sltu    gp, t0, a6
core   0: 3 0x80006614 (0x0102b1b3) x 3 0x00000000
core   0: 0x80006618 (0x00051033) sll     zero, a0, zero
core   0: 3 0x80006618 (0x00051033)
core   0: 0x8000661c (0x01c83ab3) sltu    s5, a6, t3
core   0: 3 0x8000661c (0x01c83ab3) x21 0x00000001
core   0: 0x80006620 (0x0054c433) xor     s0, s1, t0
core   0: 3 0x80006620 (0x0054c433) x 8 0x392467fb
core   0: 0x80006624 (0x00ca0833) add     a6, s4, a2
core   0: 3 0x80006624 (0x00ca0833) x16 0x00000001
core   0: 0x80006628 (0x414f5a13) srai    s4, t5, 20
core   0: 3 0x80006628 (0x414f5a13) x20 0x00000000
core   0: 0x8000662c (0x01adfe33) and     t3, s11, s10
core   0: 3 0x8000662c (0x01adfe33) x28 0x00000001
core   0: 0x80006630 (0x018940b3) xor     ra, s2, s8
core   0: 3 0x80006630 (0x018940b3) x 1 0x685dc5b8
core   0: 0x80006634 (0x00bfd1b3) srl     gp, t6, a1
core   0: 3 0x80006634 (0x00bfd1b3) x 3 0x00000001
core   0: 0x80006638 (0x001c8d33) add     s10, s9, ra
core   0: 3 0x80006638 (0x001c8d33) x26 0x685dc5b9
core   0: 0x8000663c (0x01b07db3) and     s11, zero, s11
core   0: 3 0x8000663c (0x01b07db3) x27 0x00000000
core   0: 0x80006640 (0x008cf033) and     zero, s9, s0
core   0: 3 0x80006640 (0x008cf033)
core   0: 0x80006644 (0x6deebd13) sltiu   s10, t4, 1758
core   0: 3 0x80006644 (0x6deebd13) x26 0x00000000
core   0: 0x80006648 (0x4182dbb3) sra     s7, t0, s8
core   0: 3 0x80006648 (0x4182dbb3) x23 0x3d570000
core   0: 0x8000664c (0x7b530013) addi    zero, t1, 1973
core   0: 3 0x8000664c (0x7b530013)
core   0: 0x80006650 (0xa6daf193) andi    gp, s5, -1427
core   0: 3 0x80006650 (0xa6daf193) x 3 0x00000001
core   0: 0x80006654 (0x01fd7333) and     t1, s10, t6
core   0: 3 0x80006654 (0x01fd7333) x 6 0x00000000
core   0: 0x80006658 (0x1e4ee113) ori     sp, t4, 484
core   0: 3 0x80006658 (0x1e4ee113) x 2 0x7e0001e4
core   0: 0x8000665c (0x773bf013) andi    zero, s7, 1907
core   0: 3 0x8000665c (0x773bf013)
core   0: 0x80006660 (0xf0d4c313) xori    t1, s1, -243
core   0: 3 0x80006660 (0xf0d4c313) x 6 0xfb8c98f6
core   0: 0x80006664 (0x40606613) ori     a2, zero, 1030
core   0: 3 0x80006664 (0x40606613) x12 0x00000406
core   0: 0x80006668 (0x00b1ae33) slt     t3, gp, a1
core   0: 3 0x80006668 (0x00b1ae33) x28 0x00000000
core   0: 0x8000666c (0x40d05033) sra     zero, zero, a3
core   0: 3 0x8000666c (0x40d05033)
core   0: 0x80006670 (0x0025ce33) xor     t3, a1, sp
core   0: 3 0x80006670 (0x0025ce33) x28 0xc60001e4
core   0: 0x80006674 (0x012fce33) xor     t3, t6, s2
core   0: 3 0x80006674 (0x012fce33) x28 0x6c5dc5b9
core   0: 0x80006678 (0xab743c93) sltiu   s9, s0, -1353
core   0: 3 0x80006678 (0xab743c93) x25 0x00000001
core   0: 0x8000667c (0x0100cd33) xor     s10, ra, a6
core   0: 3 0x8000667c (0x0100cd33) x26 0x685dc5b9
core   0: 0x80006680 (0x003b3333) sltu    t1, s6, gp
core   0: 3 0x80006680 (0x003b3333) x 6 0x00000000
core   0: 0x80006684 (0x01349c13) slli    s8, s1, 19
core   0: 3 0x80006684 (0x01349c13) x24 0x3fd80000
core   0: 0x80006688 (0x01e4b833) sltu    a6, s1, t5
core   0: 3 0x80006688 (0x01e4b833) x16 0x00000000
core   0: 0x8000668c (0x413b5493) srai    s1, s6, 19
core   0: 3 0x8000668c (0x413b5493) x 9 0x0000008e
core   0: 0x80006690 (0x01281733) sll     a4, a6, s2
core   0: 3 0x80006690 (0x01281733) x14 0x00000000
core   0: 0x80006694 (0x1fa20c93) addi    s9, tp, 506
core   0: 3 0x80006694 (0x1fa20c93) x25 0x8001205e
core   0: 0x80006698 (0x0044a033) slt     zero, s1, tp
core   0: 3 0x80006698 (0x0044a033)
core   0: 0x8000669c (0x00db3333) sltu    t1, s6, a3
core   0: 3 0x8000669c (0x00db3333) x 6 0x00000000
core   0: 0x800066a0 (0xa6c78e13) addi    t3, a5, -1428
core   0: 3 0x800066a0 (0xa6c78e13) x28 0xfffffa6c
core   0: 0x800066a4 (0x6bff7f93) andi    t6, t5, 1727
core   0: 3 0x800066a4 (0x6bff7f93) x31 0x00000000
core   0: 0x800066a8 (0x7359fc93) andi    s9, s3, 1845
core   0: 3 0x800066a8 (0x7359fc93) x25 0x00000000
core   0: 0x800066ac (0x734ebd93) sltiu   s11, t4, 1844
core   0: 3 0x800066ac (0x734ebd93) x27 0x00000000
core   0: 0x800066b0 (0x000c72b3) and     t0, s8, zero
core   0: 3 0x800066b0 (0x000c72b3) x 5 0x00000000
core   0: 0x800066b4 (0x00cc8713) addi    a4, s9, 12
core   0: 3 0x800066b4 (0x00cc8713) x14 0x0000000c
core   0: 0x800066b8 (0x376d92b7) lui     t0, 0x376d9
core   0: 3 0x800066b8 (0x376d92b7) x 5 0x376d9000
core   0: 0x800066bc (0x400d55b3) sra     a1, s10, zero
core   0: 3 0x800066bc (0x400d55b3) x11 0x685dc5b9
core   0: 0x800066c0 (0x00bf61b3) or      gp, t5, a1
core   0: 3 0x800066c0 (0x00bf61b3) x 3 0x685dc5b9
core   0: 0x800066c4 (0x01128033) add     zero, t0, a7
core   0: 3 0x800066c4 (0x01128033)
core   0: 0x800066c8 (0x54ff0d93) addi    s11, t5, 1359
core   0: 3 0x800066c8 (0x54ff0d93) x27 0x0008054f
core   0: 0x800066cc (0x418cdfb3) sra     t6, s9, s8
core   0: 3 0x800066cc (0x418cdfb3) x31 0x00000000
core   0: 0x800066d0 (0x000c5c13) srli    s8, s8, 0
core   0: 3 0x800066d0 (0x000c5c13) x24 0x3fd80000
core   0: 0x800066d4 (0x01e1cd33) xor     s10, gp, t5
core   0: 3 0x800066d4 (0x01e1cd33) x26 0x6855c5b9
core   0: 0x800066d8 (0xb6554f93) xori    t6, a0, -1179
core   0: 3 0x800066d8 (0xb6554f93) x31 0x7ffea781
core   0: 0x800066dc (0x00f56bb3) or      s7, a0, a5
core   0: 3 0x800066dc (0x00f56bb3) x23 0x80015ce4
core   0: 0x800066e0 (0x4116dc33) sra     s8, a3, a7
core   0: 3 0x800066e0 (0x4116dc33) x24 0x04000001
core   0: 0x800066e4 (0xc86ec113) xori    sp, t4, -890
core   0: 3 0x800066e4 (0xc86ec113) x 2 0x81fffc86
core   0: 0x800066e8 (0x20f16f17) auipc   t5, 0x20f16
core   0: 3 0x800066e8 (0x20f16f17) x30 0xa0f1c6e8
core   0: 0x800066ec (0xa032b893) sltiu   a7, t0, -1533
core   0: 3 0x800066ec (0xa032b893) x17 0x00000001
core   0: 0x800066f0 (0xd0b02b13) slti    s6, zero, -757
core   0: 3 0x800066f0 (0xd0b02b13) x22 0x00000000
core   0: 0x800066f4 (0x00c4dd33) srl     s10, s1, a2
core   0: 3 0x800066f4 (0x00c4dd33) x26 0x00000002
core   0: 0x800066f8 (0x407552b3) sra     t0, a0, t2
core   0: 3 0x800066f8 (0x407552b3) x 5 0x80015ce4
core   0: 0x800066fc (0x00000013) nop
core   0: 3 0x800066fc (0x00000013)
core   0: 0x80006700 (0x2aca4d93) xori    s11, s4, 684
core   0: 3 0x80006700 (0x2aca4d93) x27 0x000002ac
core   0: 0x80006704 (0x40f58cb3) sub     s9, a1, a5
core   0: 3 0x80006704 (0x40f58cb3) x25 0x685dc5b9
core   0: 0x80006708 (0x0670fd37) lui     s10, 0x670f
core   0: 3 0x80006708 (0x0670fd37) x26 0x0670f000
core   0: 0x8000670c (0x01f4c3b3) xor     t2, s1, t6
core   0: 3 0x8000670c (0x01f4c3b3) x 7 0x7ffea70f
core   0: 0x80006710 (0x00653a33) sltu    s4, a0, t1
core   0: 3 0x80006710 (0x00653a33) x20 0x00000000
core   0: 0x80006714 (0x4170d493) srai    s1, ra, 23
core   0: 3 0x80006714 (0x4170d493) x 9 0x000000d0
core   0: 0x80006718 (0x7fc73713) sltiu   a4, a4, 2044
core   0: 3 0x80006718 (0x7fc73713) x14 0x00000001
core   0: 0x8000671c (0x00675893) srli    a7, a4, 6
core   0: 3 0x8000671c (0x00675893) x17 0x00000000
core   0: 0x80006720 (0x00ac91b3) sll     gp, s9, a0
core   0: 3 0x80006720 (0x00ac91b3) x 3 0x85dc5b90
core   0: 0x80006724 (0x00ac8133) add     sp, s9, a0
core   0: 3 0x80006724 (0x00ac8133) x 2 0xe85f229d
core   0: 0x80006728 (0x00c673b3) and     t2, a2, a2
core   0: 3 0x80006728 (0x00c673b3) x 7 0x00000406
core   0: 0x8000672c (0x3dd54a17) auipc   s4, 0x3dd54
core   0: 3 0x8000672c (0x3dd54a17) x20 0xbdd5a72c
core   0: 0x80006730 (0x01378a33) add     s4, a5, s3
core   0: 3 0x80006730 (0x01378a33) x20 0x80000000
core   0: 0x80006734 (0x40ff5d93) srai    s11, t5, 15
core   0: 3 0x80006734 (0x40ff5d93) x27 0xffff41e3
core   0: 0x80006738 (0x01bf6633) or      a2, t5, s11
core   0: 3 0x80006738 (0x01bf6633) x12 0xffffc7eb
core   0: 0x8000673c (0x019fa733) slt     a4, t6, s9
core   0: 3 0x8000673c (0x019fa733) x14 0x00000000
core   0: 0x80006740 (0x01dcb1b3) sltu    gp, s9, t4
core   0: 3 0x80006740 (0x01dcb1b3) x 3 0x00000001
core   0: 0x80006744 (0x01bd0f33) add     t5, s10, s11
core   0: 3 0x80006744 (0x01bd0f33) x30 0x067031e3
core   0: 0x80006748 (0x404655b3) sra     a1, a2, tp
core   0: 3 0x80006748 (0x404655b3) x11 0xfffffc7e
core   0: 0x8000674c (0x007d9e13) slli    t3, s11, 7
core   0: 3 0x8000674c (0x007d9e13) x28 0xffa0f180
core   0: 0x80006750 (0x40fc5a13) srai    s4, s8, 15
core   0: 3 0x80006750 (0x40fc5a13) x20 0x00000800
core   0: 0x80006754 (0x1c5f4e93) xori    t4, t5, 453
core   0: 3 0x80006754 (0x1c5f4e93) x29 0x06703026
core   0: 0x80006758 (0x400bd113) srai    sp, s7, 0
core   0: 3 0x80006758 (0x400bd113) x 2 0x80015ce4
core   0: 0x8000675c (0x8e1bf693) andi    a3, s7, -1823
core   0: 3 0x8000675c (0x8e1bf693) x13 0x800158e0
core   0: 0x80006760 (0x014bc8b3) xor     a7, s7, s4
core   0: 3 0x80006760 (0x014bc8b3) x17 0x800154e4
core   0: 0x80006764 (0xde4c3613) sltiu   a2, s8, -540
core   0: 3 0x80006764 (0xde4c3613) x12 0x00000001
core   0: 0x80006768 (0xf4026f93) ori     t6, tp, -192
core   0: 3 0x80006768 (0xf4026f93) x31 0xffffff64
core   0: 0x8000676c (0x01ae6cb3) or      s9, t3, s10
core   0: 3 0x8000676c (0x01ae6cb3) x25 0xfff0f180
core   0: 0x80006770 (0x403707b3) sub     a5, a4, gp
core   0: 3 0x80006770 (0x403707b3) x15 0xffffffff
core   0: 0x80006774 (0x011cfe33) and     t3, s9, a7
core   0: 3 0x80006774 (0x011cfe33) x28 0x80005080
core   0: 0x80006778 (0x41335033) sra     zero, t1, s3
core   0: 3 0x80006778 (0x41335033)
core   0: 0x8000677c (0xccf9fb93) andi    s7, s3, -817
core   0: 3 0x8000677c (0xccf9fb93) x23 0x80000000
core   0: 0x80006780 (0x5891fe17) auipc   t3, 0x5891f
core   0: 3 0x80006780 (0x5891fe17) x28 0xd8925780
core   0: 0x80006784 (0x015016b3) sll     a3, zero, s5
core   0: 3 0x80006784 (0x015016b3) x13 0x00000000
core   0: 0x80006788 (0x0058c333) xor     t1, a7, t0
core   0: 3 0x80006788 (0x0058c333) x 6 0x00000800
core   0: 0x8000678c (0x36fdc613) xori    a2, s11, 879
core   0: 3 0x8000678c (0x36fdc613) x12 0xffff428c
core   0: 0x80006790 (0x012dc6b3) xor     a3, s11, s2
core   0: 3 0x80006790 (0x012dc6b3) x13 0x93a2845b
core   0: 0x80006794 (0x011fdd13) srli    s10, t6, 17
core   0: 3 0x80006794 (0x011fdd13) x26 0x00007fff
core   0: 0x80006798 (0x0e1c8f13) addi    t5, s9, 225
core   0: 3 0x80006798 (0x0e1c8f13) x30 0xfff0f261
core   0: 0x8000679c (0x0125d013) srli    zero, a1, 18
core   0: 3 0x8000679c (0x0125d013)
core   0: 0x800067a0 (0x1413cb13) xori    s6, t2, 321
core   0: 3 0x800067a0 (0x1413cb13) x22 0x00000547
core   0: 0x800067a4 (0x002c96b3) sll     a3, s9, sp
core   0: 3 0x800067a4 (0x002c96b3) x13 0xff0f1800
core   0: 0x800067a8 (0x0c486b37) lui     s6, 0xc486
core   0: 3 0x800067a8 (0x0c486b37) x22 0x0c486000
core   0: 0x800067ac (0x4043de93) srai    t4, t2, 4
core   0: 3 0x800067ac (0x4043de93) x29 0x00000040
core   0: 0x800067b0 (0x012540b3) xor     ra, a0, s2
core   0: 3 0x800067b0 (0x012540b3) x 1 0xec5c995c
core   0: 0x800067b4 (0x8f96e813) ori     a6, a3, -1799
core   0: 3 0x800067b4 (0x8f96e813) x16 0xfffff8f9
core   0: 0x800067b8 (0x009d4ab3) xor     s5, s10, s1
core   0: 3 0x800067b8 (0x009d4ab3) x21 0x00007f2f
core   0: 0x800067bc (0x00b45f93) srli    t6, s0, 11
core   0: 3 0x800067bc (0x00b45f93) x31 0x0007248c
core   0: 0x800067c0 (0x40988ab3) sub     s5, a7, s1
core   0: 3 0x800067c0 (0x40988ab3) x21 0x80015414
core   0: 0x800067c4 (0x5c283193) sltiu   gp, a6, 1474
core   0: 3 0x800067c4 (0x5c283193) x 3 0x00000000
core   0: 0x800067c8 (0x0117a833) slt     a6, a5, a7
core   0: 3 0x800067c8 (0x0117a833) x16 0x00000000
core   0: 0x800067cc (0x00fd1d13) slli    s10, s10, 15
core   0: 3 0x800067cc (0x00fd1d13) x26 0x3fff8000
core   0: 0x800067d0 (0x1a8c7393) andi    t2, s8, 424
core   0: 3 0x800067d0 (0x1a8c7393) x 7 0x00000000
core   0: 0x800067d4 (0xbb856a13) ori     s4, a0, -1096
core   0: 3 0x800067d4 (0xbb856a13) x20 0xfffffffc
core   0: 0x800067d8 (0x0122a133) slt     sp, t0, s2
core   0: 3 0x800067d8 (0x0122a133) x 2 0x00000001
core   0: 0x800067dc (0x01e19813) slli    a6, gp, 30
core   0: 3 0x800067dc (0x01e19813) x16 0x00000000
core   0: 0x800067e0 (0x31ccb193) sltiu   gp, s9, 796
core   0: 3 0x800067e0 (0x31ccb193) x 3 0x00000000
core   0: 0x800067e4 (0x001bf933) and     s2, s7, ra
core   0: 3 0x800067e4 (0x001bf933) x18 0x80000000
core   0: 0x800067e8 (0x4124d833) sra     a6, s1, s2
core   0: 3 0x800067e8 (0x4124d833) x16 0x000000d0
core   0: 0x800067ec (0x1c5da897) auipc   a7, 0x1c5da
core   0: 3 0x800067ec (0x1c5da897) x17 0x9c5e07ec
core   0: 0x800067f0 (0xf9e3eeb7) lui     t4, 0xf9e3e
core   0: 3 0x800067f0 (0xf9e3eeb7) x29 0xf9e3e000
core   0: 0x800067f4 (0x409dd333) sra     t1, s11, s1
core   0: 3 0x800067f4 (0x409dd333) x 6 0xffffffff
core   0: 0x800067f8 (0x2f567b13) andi    s6, a2, 757
core   0: 3 0x800067f8 (0x2f567b13) x22 0x00000284
core   0: 0x800067fc (0x2510e693) ori     a3, ra, 593
core   0: 3 0x800067fc (0x2510e693) x13 0xec5c9b5d
core   0: 0x80006800 (0x01915693) srli    a3, sp, 25
core   0: 3 0x80006800 (0x01915693) x13 0x00000000
core   0: 0x80006804 (0x00329a33) sll     s4, t0, gp
core   0: 3 0x80006804 (0x00329a33) x20 0x80015ce4
core   0: 0x80006808 (0x41e1d133) sra     sp, gp, t5
core   0: 3 0x80006808 (0x41e1d133) x 2 0x00000000
core   0: 0x8000680c (0xee53f893) andi    a7, t2, -283
core   0: 3 0x8000680c (0xee53f893) x17 0x00000000
core   0: 0x80006810 (0x01af9013) slli    zero, t6, 26
core   0: 3 0x80006810 (0x01af9013)
core   0: 0x80006814 (0x41515193) srai    gp, sp, 21
core   0: 3 0x80006814 (0x41515193) x 3 0x00000000
core   0: 0x80006818 (0x010c53b3) srl     t2, s8, a6
core   0: 3 0x80006818 (0x010c53b3) x 7 0x00000400
core   0: 0x8000681c (0x008b77b3) and     a5, s6, s0
core   0: 3 0x8000681c (0x008b77b3) x15 0x00000280
core   0: 0x80006820 (0x2f17d8b7) lui     a7, 0x2f17d
core   0: 3 0x80006820 (0x2f17d8b7) x17 0x2f17d000
core   0: 0x80006824 (0x40cf8833) sub     a6, t6, a2
core   0: 3 0x80006824 (0x40cf8833) x16 0x0007e200
core   0: 0x80006828 (0x2b523893) sltiu   a7, tp, 693
core   0: 3 0x80006828 (0x2b523893) x17 0x00000000
core   0: 0x8000682c (0x726dca93) xori    s5, s11, 1830
core   0: 3 0x8000682c (0x726dca93) x21 0xffff46c5
core   0: 0x80006830 (0x153f0d93) addi    s11, t5, 339
core   0: 3 0x80006830 (0x153f0d93) x27 0xfff0f3b4
core   0: 0x80006834 (0x10e36d13) ori     s10, t1, 270
core   0: 3 0x80006834 (0x10e36d13) x26 0xffffffff
core   0: 0x80006838 (0x7cee1fb7) lui     t6, 0x7cee1
core   0: 3 0x80006838 (0x7cee1fb7) x31 0x7cee1000
core   0: 0x8000683c (0x0506f013) andi    zero, a3, 80
core   0: 3 0x8000683c (0x0506f013)
core   0: 0x80006840 (0x404dd033) sra     zero, s11, tp
core   0: 3 0x80006840 (0x404dd033)
core   0: 0x80006844 (0x00000013) nop
core   0: 3 0x80006844 (0x00000013)
core   0: 0x80006848 (0x00d72333) slt     t1, a4, a3
core   0: 3 0x80006848 (0x00d72333) x 6 0x00000000
core   0: 0x8000684c (0x00000013) nop
core   0: 3 0x8000684c (0x00000013)
core   0: 0x80006850 (0xb0d26813) ori     a6, tp, -1267
core   0: 3 0x80006850 (0xb0d26813) x16 0xffffff6d
core   0: 0x80006854 (0x00ad1313) slli    t1, s10, 10
core   0: 3 0x80006854 (0x00ad1313) x 6 0xfffffc00
core   0: 0x80006858 (0x2f26c693) xori    a3, a3, 754
core   0: 3 0x80006858 (0x2f26c693) x13 0x000002f2
core   0: 0x8000685c (0x41df8a33) sub     s4, t6, t4
core   0: 3 0x8000685c (0x41df8a33) x20 0x830a3000
core   0: 0x80006860 (0x0181afb3) slt     t6, gp, s8
core   0: 3 0x80006860 (0x0181afb3) x31 0x00000001
core   0: 0x80006864 (0x0111f633) and     a2, gp, a7
core   0: 3 0x80006864 (0x0111f633) x12 0x00000000
core   0: 0x80006868 (0x011bcbb3) xor     s7, s7, a7
core   0: 3 0x80006868 (0x011bcbb3) x23 0x80000000
core   0: 0x8000686c (0x00b60eb3) add     t4, a2, a1
core   0: 3 0x8000686c (0x00b60eb3) x29 0xfffffc7e
core   0: 0x80006870 (0x456e4093) xori    ra, t3, 1110
core   0: 3 0x80006870 (0x456e4093) x 1 0xd89253d6
core   0: 0x80006874 (0x47c9fb93) andi    s7, s3, 1148
core   0: 3 0x80006874 (0x47c9fb93) x23 0x00000000
core   0: 0x80006878 (0x403201b3) sub     gp, tp, gp
core   0: 3 0x80006878 (0x403201b3) x 3 0x80011e64
core   0: 0x8000687c (0xba8d0313) addi    t1, s10, -1112
core   0: 3 0x8000687c (0xba8d0313) x 6 0xfffffba7
core   0: 0x80006880 (0xc32fef37) lui     t5, 0xc32fe
core   0: 3 0x80006880 (0xc32fef37) x30 0xc32fe000
core   0: 0x80006884 (0x9eaa0b93) addi    s7, s4, -1558
core   0: 3 0x80006884 (0x9eaa0b93) x23 0x830a29ea
core   0: 0x80006888 (0x6e1e0193) addi    gp, t3, 1761
core   0: 3 0x80006888 (0x6e1e0193) x 3 0xd8925e61
core   0: 0x8000688c (0x01a4b333) sltu    t1, s1, s10
core   0: 3 0x8000688c (0x01a4b333) x 6 0x00000001
core   0: 0x80006890 (0x00000013) nop
core   0: 3 0x80006890 (0x00000013)
core   0: 0x80006894 (0x00dad4b3) srl     s1, s5, a3
core   0: 3 0x80006894 (0x00dad4b3) x 9 0x00003fff
core   0: 0x80006898 (0x0adfb593) sltiu   a1, t6, 173
core   0: 3 0x80006898 (0x0adfb593) x11 0x00000001
core   0: 0x8000689c (0x405154b3) sra     s1, sp, t0
core   0: 3 0x8000689c (0x405154b3) x 9 0x00000000
core   0: 0x800068a0 (0x40148d33) sub     s10, s1, ra
core   0: 3 0x800068a0 (0x40148d33) x26 0x276dac2a
core   0: 0x800068a4 (0x00139133) sll     sp, t2, ra
core   0: 3 0x800068a4 (0x00139133) x 2 0x00000000
core   0: 0x800068a8 (0x415fdc33) sra     s8, t6, s5
core   0: 3 0x800068a8 (0x415fdc33) x24 0x00000000
core   0: 0x800068ac (0x6f688d13) addi    s10, a7, 1782
core   0: 3 0x800068ac (0x6f688d13) x26 0x000006f6
core   0: 0x800068b0 (0x6d8ee413) ori     s0, t4, 1752
core   0: 3 0x800068b0 (0x6d8ee413) x 8 0xfffffefe
core   0: 0x800068b4 (0x41055933) sra     s2, a0, a6
core   0: 3 0x800068b4 (0x41055933) x18 0xfffc000a
core   0: 0x800068b8 (0x012eff33) and     t5, t4, s2
core   0: 3 0x800068b8 (0x012eff33) x30 0xfffc000a
core   0: 0x800068bc (0xb3850037) lui     zero, 0xb3850
core   0: 3 0x800068bc (0xb3850037)
core   0: 0x800068c0 (0x000abfb3) sltu    t6, s5, zero
core   0: 3 0x800068c0 (0x000abfb3) x31 0x00000000
core   0: 0x800068c4 (0x0122f6b3) and     a3, t0, s2
core   0: 3 0x800068c4 (0x0122f6b3) x13 0x80000000
core   0: 0x800068c8 (0x01a691b3) sll     gp, a3, s10
core   0: 3 0x800068c8 (0x01a691b3) x 3 0x00000000
core   0: 0x800068cc (0x5ccd7713) andi    a4, s10, 1484
core   0: 3 0x800068cc (0x5ccd7713) x14 0x000004c4
core   0: 0x800068d0 (0xdc252f13) slti    t5, a0, -574
core   0: 3 0x800068d0 (0xdc252f13) x30 0x00000001
core   0: 0x800068d4 (0x77392793) slti    a5, s2, 1907
core   0: 3 0x800068d4 (0x77392793) x15 0x00000001
core   0: 0x800068d8 (0x010f1db3) sll     s11, t5, a6
core   0: 3 0x800068d8 (0x010f1db3) x27 0x00002000
core   0: 0x800068dc (0x01c6e733) or      a4, a3, t3
core   0: 3 0x800068dc (0x01c6e733) x14 0xd8925780
core   0: 0x800068e0 (0x92c40d37) lui     s10, 0x92c40
core   0: 3 0x800068e0 (0x92c40d37) x26 0x92c40000
core   0: 0x800068e4 (0xf2a94a13) xori    s4, s2, -214
core   0: 3 0x800068e4 (0xf2a94a13) x20 0x0003ff20
core   0: 0x800068e8 (0xa0cf73b7) lui     t2, 0xa0cf7
core   0: 3 0x800068e8 (0xa0cf73b7) x 7 0xa0cf7000
core   0: 0x800068ec (0x01b85813) srli    a6, a6, 27
core   0: 3 0x800068ec (0x01b85813) x16 0x0000001f
core   0: 0x800068f0 (0x0128b7b3) sltu    a5, a7, s2
core   0: 3 0x800068f0 (0x0128b7b3) x15 0x00000001
core   0: 0x800068f4 (0x1e0c2793) slti    a5, s8, 480
core   0: 3 0x800068f4 (0x1e0c2793) x15 0x00000001
core   0: 0x800068f8 (0x0029e033) or      zero, s3, sp
core   0: 3 0x800068f8 (0x0029e033)
core   0: 0x800068fc (0x00000013) nop
core   0: 3 0x800068fc (0x00000013)
core   0: 0x80006900 (0xbbda1e97) auipc   t4, 0xbbda1
core   0: 3 0x80006900 (0xbbda1e97) x29 0x3bda7900
core   0: 0x80006904 (0x49238713) addi    a4, t2, 1170
core   0: 3 0x80006904 (0x49238713) x14 0xa0cf7492
core   0: 0x80006908 (0x01639613) slli    a2, t2, 22
core   0: 3 0x80006908 (0x01639613) x12 0x00000000
core   0: 0x8000690c (0x41725833) sra     a6, tp, s7
core   0: 3 0x8000690c (0x41725833) x16 0xffe00047
core   0: 0x80006910 (0x00f09193) slli    gp, ra, 15
core   0: 3 0x80006910 (0x00f09193) x 3 0x29eb0000
core   0: 0x80006914 (0x0007d433) srl     s0, a5, zero
core   0: 3 0x80006914 (0x0007d433) x 8 0x00000001
core   0: 0x80006918 (0x01ff4eb3) xor     t4, t5, t6
core   0: 3 0x80006918 (0x01ff4eb3) x29 0x00000001
core   0: 0x8000691c (0x40be8cb3) sub     s9, t4, a1
core   0: 3 0x8000691c (0x40be8cb3) x25 0x00000000
core   0: 0x80006920 (0x003f8433) add     s0, t6, gp
core   0: 3 0x80006920 (0x003f8433) x 8 0x29eb0000
core   0: 0x80006924 (0x2fbe0d13) addi    s10, t3, 763
core   0: 3 0x80006924 (0x2fbe0d13) x26 0xd8925a7b
core   0: 0x80006928 (0x013e2933) slt     s2, t3, s3
core   0: 3 0x80006928 (0x013e2933) x18 0x00000000
core   0: 0x8000692c (0x13a54313) xori    t1, a0, 314
core   0: 3 0x8000692c (0x13a54313) x 6 0x80015dde
core   0: 0x80006930 (0x7e37d437) lui     s0, 0x7e37d
core   0: 3 0x80006930 (0x7e37d437) x 8 0x7e37d000
core   0: 0x80006934 (0x4168d397) auipc   t2, 0x4168d
core   0: 3 0x80006934 (0x4168d397) x 7 0xc1693934
core   0: 0x80006938 (0xb7bd7c93) andi    s9, s10, -1157
core   0: 3 0x80006938 (0xb7bd7c93) x25 0xd8925a7b
core   0: 0x8000693c (0x41d2d293) srai    t0, t0, 29
core   0: 3 0x8000693c (0x41d2d293) x 5 0xfffffffc
core   0: 0x80006940 (0x40255413) srai    s0, a0, 2
core   0: 3 0x80006940 (0x40255413) x 8 0xe0005739
core   0: 0x80006944 (0x017f2d33) slt     s10, t5, s7
core   0: 3 0x80006944 (0x017f2d33) x26 0x00000000
core   0: 0x80006948 (0x01ee1a93) slli    s5, t3, 30
core   0: 3 0x80006948 (0x01ee1a93) x21 0x00000000
core   0: 0x8000694c (0x98cd7f97) auipc   t6, 0x98cd7
core   0: 3 0x8000694c (0x98cd7f97) x31 0x18cdd94c
core   0: 0x80006950 (0x01e40eb3) add     t4, s0, t5
core   0: 3 0x80006950 (0x01e40eb3) x29 0xe000573a
core   0: 0x80006954 (0xa1c4feb7) lui     t4, 0xa1c4f
core   0: 3 0x80006954 (0xa1c4feb7) x29 0xa1c4f000
core   0: 0x80006958 (0x00030433) add     s0, t1, zero
core   0: 3 0x80006958 (0x00030433) x 8 0x80015dde
core   0: 0x8000695c (0x39d22f13) slti    t5, tp, 925
core   0: 3 0x8000695c (0x39d22f13) x30 0x00000001
core   0: 0x80006960 (0x00386333) or      t1, a6, gp
core   0: 3 0x80006960 (0x00386333) x 6 0xffeb0047
core   0: 0x80006964 (0x40b25413) srai    s0, tp, 11
core   0: 3 0x80006964 (0x40b25413) x 8 0xfff00023
core   0: 0x80006968 (0x94150113) addi    sp, a0, -1727
core   0: 3 0x80006968 (0x94150113) x 2 0x80015625
core   0: 0x8000696c (0x01786db3) or      s11, a6, s7
core   0: 3 0x8000696c (0x01786db3) x27 0xffea29ef
core   0: 0x80006970 (0xab863f13) sltiu   t5, a2, -1352
core   0: 3 0x80006970 (0xab863f13) x30 0x00000001
core   0: 0x80006974 (0x00782ab3) slt     s5, a6, t2
core   0: 3 0x80006974 (0x00782ab3) x21 0x00000000
core   0: 0x80006978 (0x01857db3) and     s11, a0, s8
core   0: 3 0x80006978 (0x01857db3) x27 0x00000000
core   0: 0x8000697c (0x9bc9a697) auipc   a3, 0x9bc9a
core   0: 3 0x8000697c (0x9bc9a697) x13 0x1bca097c
core   0: 0x80006980 (0xd4730393) addi    t2, t1, -697
core   0: 3 0x80006980 (0xd4730393) x 7 0xffeafd8e
core   0: 0x80006984 (0x414e8833) sub     a6, t4, s4
core   0: 3 0x80006984 (0x414e8833) x16 0xa1c0f0e0
core   0: 0x80006988 (0x00000013) nop
core   0: 3 0x80006988 (0x00000013)
core   0: 0x8000698c (0x41075793) srai    a5, a4, 16
core   0: 3 0x8000698c (0x41075793) x15 0xffffa0cf
core   0: 0x80006990 (0x002d95b3) sll     a1, s11, sp
core   0: 3 0x80006990 (0x002d95b3) x11 0x00000000
core   0: 0x80006994 (0x010f2eb3) slt     t4, t5, a6
core   0: 3 0x80006994 (0x010f2eb3) x29 0x00000000
core   0: 0x80006998 (0x22f2cc93) xori    s9, t0, 559
core   0: 3 0x80006998 (0x22f2cc93) x25 0xfffffdd3
core   0: 0x8000699c (0x01cd40b3) xor     ra, s10, t3
core   0: 3 0x8000699c (0x01cd40b3) x 1 0xd8925780
core   0: 0x800069a0 (0x3bedaa13) slti    s4, s11, 958
core   0: 3 0x800069a0 (0x3bedaa13) x20 0x00000001
core   0: 0x800069a4 (0x09da8e13) addi    t3, s5, 157
core   0: 3 0x800069a4 (0x09da8e13) x28 0x0000009d
core   0: 0x800069a8 (0xc56b0a13) addi    s4, s6, -938
core   0: 3 0x800069a8 (0xc56b0a13) x20 0xfffffeda
core   0: 0x800069ac (0x066ce393) ori     t2, s9, 102
core   0: 3 0x800069ac (0x066ce393) x 7 0xfffffdf7
core   0: 0x800069b0 (0x8a32f893) andi    a7, t0, -1885
core   0: 3 0x800069b0 (0x8a32f893) x17 0xfffff8a0
core   0: 0x800069b4 (0x004c34b3) sltu    s1, s8, tp
core   0: 3 0x800069b4 (0x004c34b3) x 9 0x00000001
core   0: 0x800069b8 (0x00000013) nop
core   0: 3 0x800069b8 (0x00000013)
core   0: 0x800069bc (0x0064af33) slt     t5, s1, t1
core   0: 3 0x800069bc (0x0064af33) x30 0x00000000
core   0: 0x800069c0 (0x001e9f13) slli    t5, t4, 1
core   0: 3 0x800069c0 (0x001e9f13) x30 0x00000000
core   0: 0x800069c4 (0x27eaaa93) slti    s5, s5, 638
core   0: 3 0x800069c4 (0x27eaaa93) x21 0x00000001
core   0: 0x800069c8 (0xdf2c7db7) lui     s11, 0xdf2c7
core   0: 3 0x800069c8 (0xdf2c7db7) x27 0xdf2c7000
core   0: 0x800069cc (0x8f680893) addi    a7, a6, -1802
core   0: 3 0x800069cc (0x8f680893) x17 0xa1c0e9d6
core   0: 0x800069d0 (0x64cc2697) auipc   a3, 0x64cc2
core   0: 3 0x800069d0 (0x64cc2697) x13 0xe4cc89d0
core   0: 0x800069d4 (0x01eb0333) add     t1, s6, t5
core   0: 3 0x800069d4 (0x01eb0333) x 6 0x00000284
core   0: 0x800069d8 (0x00b02db3) slt     s11, zero, a1
core   0: 3 0x800069d8 (0x00b02db3) x27 0x00000000
core   0: 0x800069dc (0x1a4ef093) andi    ra, t4, 420
core   0: 3 0x800069dc (0x1a4ef093) x 1 0x00000000
core   0: 0x800069e0 (0x9b43b697) auipc   a3, 0x9b43b
core   0: 3 0x800069e0 (0x9b43b697) x13 0x1b4419e0
core   0: 0x800069e4 (0xa7734593) xori    a1, t1, -1417
core   0: 3 0x800069e4 (0xa7734593) x11 0xfffff8f3
core   0: 0x800069e8 (0x40fc5013) srai    zero, s8, 15
core   0: 3 0x800069e8 (0x40fc5013)
core   0: 0x800069ec (0xac248c13) addi    s8, s1, -1342
core   0: 3 0x800069ec (0xac248c13) x24 0xfffffac3
core   0: 0x800069f0 (0x01d29333) sll     t1, t0, t4
core   0: 3 0x800069f0 (0x01d29333) x 6 0xfffffffc
core   0: 0x800069f4 (0x04b1ed93) ori     s11, gp, 75
core   0: 3 0x800069f4 (0x04b1ed93) x27 0x29eb004b
core   0: 0x800069f8 (0x414a5f93) srai    t6, s4, 20
core   0: 3 0x800069f8 (0x414a5f93) x31 0xffffffff
core   0: 0x800069fc (0x90056c13) ori     s8, a0, -1792
core   0: 3 0x800069fc (0x90056c13) x24 0xfffffde4
core   0: 0x80006a00 (0xf0c70093) addi    ra, a4, -244
core   0: 3 0x80006a00 (0xf0c70093) x 1 0xa0cf739e
core   0: 0x80006a04 (0x00d148b3) xor     a7, sp, a3
core   0: 3 0x80006a04 (0x00d148b3) x17 0x9b454fc5
core   0: 0x80006a08 (0x119aef13) ori     t5, s5, 281
core   0: 3 0x80006a08 (0x119aef13) x30 0x00000119
core   0: 0x80006a0c (0x0181d013) srli    zero, gp, 24
core   0: 3 0x80006a0c (0x0181d013)
core   0: 0x80006a10 (0x678e2d13) slti    s10, t3, 1656
core   0: 3 0x80006a10 (0x678e2d13) x26 0x00000001
core   0: 0x80006a14 (0x0b3e9ab7) lui     s5, 0xb3e9
core   0: 3 0x80006a14 (0x0b3e9ab7) x21 0x0b3e9000
core   0: 0x80006a18 (0x01d23d33) sltu    s10, tp, t4
core   0: 3 0x80006a18 (0x01d23d33) x26 0x00000000
core   0: 0x80006a1c (0x51291c37) lui     s8, 0x51291
core   0: 3 0x80006a1c (0x51291c37) x24 0x51291000
core   0: 0x80006a20 (0xd496e393) ori     t2, a3, -695
core   0: 3 0x80006a20 (0xd496e393) x 7 0xfffffde9
core   0: 0x80006a24 (0x006166b3) or      a3, sp, t1
core   0: 3 0x80006a24 (0x006166b3) x13 0xfffffffd
core   0: 0x80006a28 (0x4036d093) srai    ra, a3, 3
core   0: 3 0x80006a28 (0x4036d093) x 1 0xffffffff
core   0: 0x80006a2c (0x01fd56b3) srl     a3, s10, t6
core   0: 3 0x80006a2c (0x01fd56b3) x13 0x00000000
core   0: 0x80006a30 (0xeb21e813) ori     a6, gp, -334
core   0: 3 0x80006a30 (0xeb21e813) x16 0xfffffeb2
core   0: 0x80006a34 (0x0004f7b3) and     a5, s1, zero
core   0: 3 0x80006a34 (0x0004f7b3) x15 0x00000000
core   0: 0x80006a38 (0x417bd913) srai    s2, s7, 23
core   0: 3 0x80006a38 (0x417bd913) x18 0xffffff06
core   0: 0x80006a3c (0x01601733) sll     a4, zero, s6
core   0: 3 0x80006a3c (0x01601733) x14 0x00000000
core   0: 0x80006a40 (0x0109e133) or      sp, s3, a6
core   0: 3 0x80006a40 (0x0109e133) x 2 0xfffffeb2
core   0: 0x80006a44 (0x01e45bb3) srl     s7, s0, t5
core   0: 3 0x80006a44 (0x01e45bb3) x23 0x0000007f
core   0: 0x80006a48 (0x01b5dcb3) srl     s9, a1, s11
core   0: 3 0x80006a48 (0x01b5dcb3) x25 0x001fffff
core   0: 0x80006a4c (0x406d0eb3) sub     t4, s10, t1
core   0: 3 0x80006a4c (0x406d0eb3) x29 0x00000004
core   0: 0x80006a50 (0x01764633) xor     a2, a2, s7
core   0: 3 0x80006a50 (0x01764633) x12 0x0000007f
core   0: 0x80006a54 (0xae820a97) auipc   s5, 0xae820
core   0: 3 0x80006a54 (0xae820a97) x21 0x2e826a54
core   0: 0x80006a58 (0x0069f6b3) and     a3, s3, t1
core   0: 3 0x80006a58 (0x0069f6b3) x13 0x80000000
core   0: 0x80006a5c (0x5c558d13) addi    s10, a1, 1477
core   0: 3 0x80006a5c (0x5c558d13) x26 0xfffffeb8
core   0: 0x80006a60 (0xfc3b0313) addi    t1, s6, -61
core   0: 3 0x80006a60 (0xfc3b0313) x 6 0x00000247
core   0: 0x80006a64 (0xdc028793) addi    a5, t0, -576
core   0: 3 0x80006a64 (0xdc028793) x15 0xfffffdbc
core   0: 0x80006a68 (0x4769e893) ori     a7, s3, 1142
core   0: 3 0x80006a68 (0x4769e893) x17 0x80000476
core   0: 0x80006a6c (0x40fd5413) srai    s0, s10, 15
core   0: 3 0x80006a6c (0x40fd5413) x 8 0xffffffff
core   0: 0x80006a70 (0x0183dab3) srl     s5, t2, s8
core   0: 3 0x80006a70 (0x0183dab3) x21 0xfffffde9
core   0: 0x80006a74 (0x007f1d93) slli    s11, t5, 7
core   0: 3 0x80006a74 (0x007f1d93) x27 0x00008c80
core   0: 0x80006a78 (0x408b5db3) sra     s11, s6, s0
core   0: 3 0x80006a78 (0x408b5db3) x27 0x00000000
core   0: 0x80006a7c (0x8c3aa613) slti    a2, s5, -1853
core   0: 3 0x80006a7c (0x8c3aa613) x12 0x00000000
core   0: 0x80006a80 (0x00e81113) slli    sp, a6, 14
core   0: 3 0x80006a80 (0x00e81113) x 2 0xffac8000
core   0: 0x80006a84 (0x64b63713) sltiu   a4, a2, 1611
core   0: 3 0x80006a84 (0x64b63713) x14 0x00000001
core   0: 0x80006a88 (0x400d0433) sub     s0, s10, zero
core   0: 3 0x80006a88 (0x400d0433) x 8 0xfffffeb8
core   0: 0x80006a8c (0x00000013) nop
core   0: 3 0x80006a8c (0x00000013)
core   0: 0x80006a90 (0xd9a33313) sltiu   t1, t1, -614
core   0: 3 0x80006a90 (0xd9a33313) x 6 0x00000001
core   0: 0x80006a94 (0x4162dd13) srai    s10, t0, 22
core   0: 3 0x80006a94 (0x4162dd13) x26 0xffffffff
core   0: 0x80006a98 (0x0053d3b3) srl     t2, t2, t0
core   0: 3 0x80006a98 (0x0053d3b3) x 7 0x0000000f
core   0: 0x80006a9c (0x0974c313) xori    t1, s1, 151
core   0: 3 0x80006a9c (0x0974c313) x 6 0x00000096
core   0: 0x80006aa0 (0x41d35b93) srai    s7, t1, 29
core   0: 3 0x80006aa0 (0x41d35b93) x23 0x00000000
core   0: 0x80006aa4 (0xf81db437) lui     s0, 0xf81db
core   0: 3 0x80006aa4 (0xf81db437) x 8 0xf81db000
core   0: 0x80006aa8 (0x01e78a33) add     s4, a5, t5
core   0: 3 0x80006aa8 (0x01e78a33) x20 0xfffffed5
core   0: 0x80006aac (0x065b4493) xori    s1, s6, 101
core   0: 3 0x80006aac (0x065b4493) x 9 0x000002e1
core   0: 0x80006ab0 (0xedf6fc13) andi    s8, a3, -289
core   0: 3 0x80006ab0 (0xedf6fc13) x24 0x80000000
core   0: 0x80006ab4 (0x01011313) slli    t1, sp, 16
core   0: 3 0x80006ab4 (0x01011313) x 6 0x80000000
core   0: 0x80006ab8 (0x410487b3) sub     a5, s1, a6
core   0: 3 0x80006ab8 (0x410487b3) x15 0x0000042f
core   0: 0x80006abc (0x002ce1b3) or      gp, s9, sp
core   0: 3 0x80006abc (0x002ce1b3) x 3 0xffbfffff
core   0: 0x80006ac0 (0x0070dd33) srl     s10, ra, t2
core   0: 3 0x80006ac0 (0x0070dd33) x26 0x0001ffff
core   0: 0x80006ac4 (0x00840bb3) add     s7, s0, s0
core   0: 3 0x80006ac4 (0x00840bb3) x23 0xf03b6000
core   0: 0x80006ac8 (0x3a900c13) li      s8, 937
core   0: 3 0x80006ac8 (0x3a900c13) x24 0x000003a9
core   0: 0x80006acc (0x01e11733) sll     a4, sp, t5
core   0: 3 0x80006acc (0x01e11733) x14 0x00000000
core   0: 0x80006ad0 (0x09cc6893) ori     a7, s8, 156
core   0: 3 0x80006ad0 (0x09cc6893) x17 0x000003bd
core   0: 0x80006ad4 (0x40455f13) srai    t5, a0, 4
core   0: 3 0x80006ad4 (0x40455f13) x30 0xf80015ce
core   0: 0x80006ad8 (0x9ea8a113) slti    sp, a7, -1558
core   0: 3 0x80006ad8 (0x9ea8a113) x 2 0x00000000
core   0: 0x80006adc (0x002adfb3) srl     t6, s5, sp
core   0: 3 0x80006adc (0x002adfb3) x31 0xfffffde9
core   0: 0x80006ae0 (0x00c3e913) ori     s2, t2, 12
core   0: 3 0x80006ae0 (0x00c3e913) x18 0x0000000f
core   0: 0x80006ae4 (0x01c7d4b3) srl     s1, a5, t3
core   0: 3 0x80006ae4 (0x01c7d4b3) x 9 0x00000000
core   0: 0x80006ae8 (0x01803cb3) snez    s9, s8
core   0: 3 0x80006ae8 (0x01803cb3) x25 0x00000001
core   0: 0x80006aec (0x566cca93) xori    s5, s9, 1382
core   0: 3 0x80006aec (0x566cca93) x21 0x00000567
core   0: 0x80006af0 (0x0017a033) slt     zero, a5, ra
core   0: 3 0x80006af0 (0x0017a033)
core   0: 0x80006af4 (0x01b167b3) or      a5, sp, s11
core   0: 3 0x80006af4 (0x01b167b3) x15 0x00000000
core   0: 0x80006af8 (0x0103d493) srli    s1, t2, 16
core   0: 3 0x80006af8 (0x0103d493) x 9 0x00000000
core   0: 0x80006afc (0x00b65893) srli    a7, a2, 11
core   0: 3 0x80006afc (0x00b65893) x17 0x00000000
core   0: 0x80006b00 (0xd75cb293) sltiu   t0, s9, -651
core   0: 3 0x80006b00 (0xd75cb293) x 5 0x00000001
core   0: 0x80006b04 (0x00000013) nop
core   0: 3 0x80006b04 (0x00000013)
core   0: 0x80006b08 (0xa778f813) andi    a6, a7, -1417
core   0: 3 0x80006b08 (0xa778f813) x16 0x00000000
core   0: 0x80006b0c (0x43e46a13) ori     s4, s0, 1086
core   0: 3 0x80006b0c (0x43e46a13) x20 0xf81db43e
core   0: 0x80006b10 (0x00865a33) srl     s4, a2, s0
core   0: 3 0x80006b10 (0x00865a33) x20 0x00000000
core   0: 0x80006b14 (0x00a9d2b3) srl     t0, s3, a0
core   0: 3 0x80006b14 (0x00a9d2b3) x 5 0x08000000
core   0: 0x80006b18 (0x005a1a33) sll     s4, s4, t0
core   0: 3 0x80006b18 (0x005a1a33) x20 0x00000000
core   0: 0x80006b1c (0x00a3d913) srli    s2, t2, 10
core   0: 3 0x80006b1c (0x00a3d913) x18 0x00000000
core   0: 0x80006b20 (0x0014e333) or      t1, s1, ra
core   0: 3 0x80006b20 (0x0014e333) x 6 0xffffffff
core   0: 0x80006b24 (0x008a30b3) sltu    ra, s4, s0
core   0: 3 0x80006b24 (0x008a30b3) x 1 0x00000001
core   0: 0x80006b28 (0x3e38cc13) xori    s8, a7, 995
core   0: 3 0x80006b28 (0x3e38cc13) x24 0x000003e3
core   0: 0x80006b2c (0x418fd113) srai    sp, t6, 24
core   0: 3 0x80006b2c (0x418fd113) x 2 0xffffffff
core   0: 0x80006b30 (0x01a24bb3) xor     s7, tp, s10
core   0: 3 0x80006b30 (0x01a24bb3) x23 0x8000e19b
core   0: 0x80006b34 (0x01a7db33) srl     s6, a5, s10
core   0: 3 0x80006b34 (0x01a7db33) x22 0x00000000
core   0: 0x80006b38 (0x01edc333) xor     t1, s11, t5
core   0: 3 0x80006b38 (0x01edc333) x 6 0xf80015ce
core   0: 0x80006b3c (0x550c2817) auipc   a6, 0x550c2
core   0: 3 0x80006b3c (0x550c2817) x16 0xd50c8b3c
core   0: 0x80006b40 (0x00ad1913) slli    s2, s10, 10
core   0: 3 0x80006b40 (0x00ad1913) x18 0x07fffc00
core   0: 0x80006b44 (0x8f2ff313) andi    t1, t6, -1806
core   0: 3 0x80006b44 (0x8f2ff313) x 6 0xfffff8e0
core   0: 0x80006b48 (0x1918a793) slti    a5, a7, 401
core   0: 3 0x80006b48 (0x1918a793) x15 0x00000001
core   0: 0x80006b4c (0x00347633) and     a2, s0, gp
core   0: 3 0x80006b4c (0x00347633) x12 0xf81db000
core   0: 0x80006b50 (0x80273937) lui     s2, 0x80273
core   0: 3 0x80006b50 (0x80273937) x18 0x80273000
core   0: 0x80006b54 (0x00fd7a33) and     s4, s10, a5
core   0: 3 0x80006b54 (0x00fd7a33) x20 0x00000001
core   0: 0x80006b58 (0x1763ca93) xori    s5, t2, 374
core   0: 3 0x80006b58 (0x1763ca93) x21 0x00000179
core   0: 0x80006b5c (0x400d8a33) sub     s4, s11, zero
core   0: 3 0x80006b5c (0x400d8a33) x20 0x00000000
core   0: 0x80006b60 (0x0057a5b3) slt     a1, a5, t0
core   0: 3 0x80006b60 (0x0057a5b3) x11 0x00000001
core   0: 0x80006b64 (0x0136ae33) slt     t3, a3, s3
core   0: 3 0x80006b64 (0x0136ae33) x28 0x00000000
core   0: 0x80006b68 (0x015e9eb3) sll     t4, t4, s5
core   0: 3 0x80006b68 (0x015e9eb3) x29 0x08000000
core   0: 0x80006b6c (0x48cec013) xori    zero, t4, 1164
core   0: 3 0x80006b6c (0x48cec013)
core   0: 0x80006b70 (0x44eabb13) sltiu   s6, s5, 1102
core   0: 3 0x80006b70 (0x44eabb13) x22 0x00000001
core   0: 0x80006b74 (0x00ef9313) slli    t1, t6, 14
core   0: 3 0x80006b74 (0x00ef9313) x 6 0xff7a4000
core   0: 0x80006b78 (0x00000013) nop
core   0: 3 0x80006b78 (0x00000013)
core   0: 0x80006b7c (0x013e2a33) slt     s4, t3, s3
core   0: 3 0x80006b7c (0x013e2a33) x20 0x00000000
core   0: 0x80006b80 (0xe4fc3fb7) lui     t6, 0xe4fc3
core   0: 3 0x80006b80 (0xe4fc3fb7) x31 0xe4fc3000
core   0: 0x80006b84 (0x0183a3b3) slt     t2, t2, s8
core   0: 3 0x80006b84 (0x0183a3b3) x 7 0x00000001
core   0: 0x80006b88 (0x0169deb3) srl     t4, s3, s6
core   0: 3 0x80006b88 (0x0169deb3) x29 0x40000000
core   0: 0x80006b8c (0x41f78f33) sub     t5, a5, t6
core   0: 3 0x80006b8c (0x41f78f33) x30 0x1b03d001
core   0: 0x80006b90 (0x01fdc7b3) xor     a5, s11, t6
core   0: 3 0x80006b90 (0x01fdc7b3) x15 0xe4fc3000
core   0: 0x80006b94 (0xfa4c8913) addi    s2, s9, -92
core   0: 3 0x80006b94 (0xfa4c8913) x18 0xffffffa5
core   0: 0x80006b98 (0x01a48cb3) add     s9, s1, s10
core   0: 3 0x80006b98 (0x01a48cb3) x25 0x0001ffff
core   0: 0x80006b9c (0x40ba0eb3) sub     t4, s4, a1
core   0: 3 0x80006b9c (0x40ba0eb3) x29 0xffffffff
core   0: 0x80006ba0 (0x40038733) sub     a4, t2, zero
core   0: 3 0x80006ba0 (0x40038733) x14 0x00000001
core   0: 0x80006ba4 (0x01a85c93) srli    s9, a6, 26
core   0: 3 0x80006ba4 (0x01a85c93) x25 0x00000035
core   0: 0x80006ba8 (0x17b77b13) andi    s6, a4, 379
core   0: 3 0x80006ba8 (0x17b77b13) x22 0x00000001
core   0: 0x80006bac (0x00bcecb3) or      s9, s9, a1
core   0: 3 0x80006bac (0x00bcecb3) x25 0x00000035
core   0: 0x80006bb0 (0x492225b7) lui     a1, 0x49222
core   0: 3 0x80006bb0 (0x492225b7) x11 0x49222000
core   0: 0x80006bb4 (0x41ff02b3) sub     t0, t5, t6
core   0: 3 0x80006bb4 (0x41ff02b3) x 5 0x3607a001
core   0: 0x80006bb8 (0x00e91ab3) sll     s5, s2, a4
core   0: 3 0x80006bb8 (0x00e91ab3) x21 0xffffff4a
core   0: 0x80006bbc (0x000d5bb3) srl     s7, s10, zero
core   0: 3 0x80006bbc (0x000d5bb3) x23 0x0001ffff
core   0: 0x80006bc0 (0x0042e033) or      zero, t0, tp
core   0: 3 0x80006bc0 (0x0042e033)
core   0: 0x80006bc4 (0x00ac7e33) and     t3, s8, a0
core   0: 3 0x80006bc4 (0x00ac7e33) x28 0x000000e0
core   0: 0x80006bc8 (0x0152da93) srli    s5, t0, 21
core   0: 3 0x80006bc8 (0x0152da93) x21 0x000001b0
core   0: 0x80006bcc (0x0096c733) xor     a4, a3, s1
core   0: 3 0x80006bcc (0x0096c733) x14 0x80000000
core   0: 0x80006bd0 (0x4a6b3793) sltiu   a5, s6, 1190
core   0: 3 0x80006bd0 (0x4a6b3793) x15 0x00000001
core   0: 0x80006bd4 (0x41ad8d33) sub     s10, s11, s10
core   0: 3 0x80006bd4 (0x41ad8d33) x26 0xfffe0001
core   0: 0x80006bd8 (0x015e1ab3) sll     s5, t3, s5
core   0: 3 0x80006bd8 (0x015e1ab3) x21 0x00e00000
core   0: 0x80006bdc (0x6d7a4193) xori    gp, s4, 1751
core   0: 3 0x80006bdc (0x6d7a4193) x 3 0x000006d7
core   0: 0x80006be0 (0x00000013) nop
core   0: 3 0x80006be0 (0x00000013)
core   0: 0x80006be4 (0xd5727593) andi    a1, tp, -681
core   0: 3 0x80006be4 (0xd5727593) x11 0x80011c44
core   0: 0x80006be8 (0x00373bb3) sltu    s7, a4, gp
core   0: 3 0x80006be8 (0x00373bb3) x23 0x00000000
core   0: 0x80006bec (0x41c10db3) sub     s11, sp, t3
core   0: 3 0x80006bec (0x41c10db3) x27 0xffffff1f
core   0: 0x80006bf0 (0x00725b93) srli    s7, tp, 7
core   0: 3 0x80006bf0 (0x00725b93) x23 0x0100023c
core   0: 0x80006bf4 (0x0bf0ba17) auipc   s4, 0xbf0b
core   0: 3 0x80006bf4 (0x0bf0ba17) x20 0x8bf11bf4
core   0: 0x80006bf8 (0x011ff4b3) and     s1, t6, a7
core   0: 3 0x80006bf8 (0x011ff4b3) x 9 0x00000000
core   0: 0x80006bfc (0x015d7033) and     zero, s10, s5
core   0: 3 0x80006bfc (0x015d7033)
core   0: 0x80006c00 (0xa26a8113) addi    sp, s5, -1498
core   0: 3 0x80006c00 (0xa26a8113) x 2 0x00dffa26
core   0: 0x80006c04 (0x01ce9393) slli    t2, t4, 28
core   0: 3 0x80006c04 (0x01ce9393) x 7 0xf0000000
core   0: 0x80006c08 (0x7753c613) xori    a2, t2, 1909
core   0: 3 0x80006c08 (0x7753c613) x12 0xf0000775
core   0: 0x80006c0c (0x010b1a13) slli    s4, s6, 16
core   0: 3 0x80006c0c (0x010b1a13) x20 0x00010000
core   0: 0x80006c10 (0x41d486b3) sub     a3, s1, t4
core   0: 3 0x80006c10 (0x41d486b3) x13 0x00000001
core   0: 0x80006c14 (0x01f101b3) add     gp, sp, t6
core   0: 3 0x80006c14 (0x01f101b3) x 3 0xe5dc2a26
core   0: 0x80006c18 (0x41945a33) sra     s4, s0, s9
core   0: 3 0x80006c18 (0x41945a33) x20 0xffffffc0
core   0: 0x80006c1c (0x00000013) nop
core   0: 3 0x80006c1c (0x00000013)
core   0: 0x80006c20 (0xd4ba8613) addi    a2, s5, -693
core   0: 3 0x80006c20 (0xd4ba8613) x12 0x00dffd4b
core   0: 0x80006c24 (0x41875793) srai    a5, a4, 24
core   0: 3 0x80006c24 (0x41875793) x15 0xffffff80
core   0: 0x80006c28 (0x002a25b3) slt     a1, s4, sp
core   0: 3 0x80006c28 (0x002a25b3) x11 0x00000001
core   0: 0x80006c2c (0xc0ebf013) andi    zero, s7, -1010
core   0: 3 0x80006c2c (0xc0ebf013)
core   0: 0x80006c30 (0x40c60e33) sub     t3, a2, a2
core   0: 3 0x80006c30 (0x40c60e33) x28 0x00000000
core   0: 0x80006c34 (0x41fe0b33) sub     s6, t3, t6
core   0: 3 0x80006c34 (0x41fe0b33) x22 0x1b03d000
core   0: 0x80006c38 (0x741a6e37) lui     t3, 0x741a6
core   0: 3 0x80006c38 (0x741a6e37) x28 0x741a6000
core   0: 0x80006c3c (0x00c9d293) srli    t0, s3, 12
core   0: 3 0x80006c3c (0x00c9d293) x 5 0x00080000
core   0: 0x80006c40 (0xa9177813) andi    a6, a4, -1391
core   0: 3 0x80006c40 (0xa9177813) x16 0x80000000
core   0: 0x80006c44 (0x01c487b3) add     a5, s1, t3
core   0: 3 0x80006c44 (0x01c487b3) x15 0x741a6000
core   0: 0x80006c48 (0x00e93033) sltu    zero, s2, a4
core   0: 3 0x80006c48 (0x00e93033)
core   0: 0x80006c4c (0x013ca2b3) slt     t0, s9, s3
core   0: 3 0x80006c4c (0x013ca2b3) x 5 0x00000000
core   0: 0x80006c50 (0x01a2e433) or      s0, t0, s10
core   0: 3 0x80006c50 (0x01a2e433) x 8 0xfffe0001
core   0: 0x80006c54 (0x01019bb3) sll     s7, gp, a6
core   0: 3 0x80006c54 (0x01019bb3) x23 0xe5dc2a26
core   0: 0x80006c58 (0x4c570c13) addi    s8, a4, 1221
core   0: 3 0x80006c58 (0x4c570c13) x24 0x800004c5
core   0: 0x80006c5c (0x00c25113) srli    sp, tp, 12
core   0: 3 0x80006c5c (0x00c25113) x 2 0x00080011
core   0: 0x80006c60 (0x00995493) srli    s1, s2, 9
core   0: 3 0x80006c60 (0x00995493) x 9 0x007fffff
core   0: 0x80006c64 (0x008768b3) or      a7, a4, s0
core   0: 3 0x80006c64 (0x008768b3) x17 0xfffe0001
core   0: 0x80006c68 (0x1505d017) auipc   zero, 0x1505d
core   0: 3 0x80006c68 (0x1505d017)
core   0: 0x80006c6c (0x6467b593) sltiu   a1, a5, 1606
core   0: 3 0x80006c6c (0x6467b593) x11 0x00000000
core   0: 0x80006c70 (0x01a61933) sll     s2, a2, s10
core   0: 3 0x80006c70 (0x01a61933) x18 0x01bffa96
core   0: 0x80006c74 (0x13d83e93) sltiu   t4, a6, 317
core   0: 3 0x80006c74 (0x13d83e93) x29 0x00000000
core   0: 0x80006c78 (0x01b91933) sll     s2, s2, s11
core   0: 3 0x80006c78 (0x01b91933) x18 0x00000000
core   0: 0x80006c7c (0x01938f33) add     t5, t2, s9
core   0: 3 0x80006c7c (0x01938f33) x30 0xf0000035
core   0: 0x80006c80 (0x011d5193) srli    gp, s10, 17
core   0: 3 0x80006c80 (0x011d5193) x 3 0x00007fff
core   0: 0x80006c84 (0x02266113) ori     sp, a2, 34
core   0: 3 0x80006c84 (0x02266113) x 2 0x00dffd6b
core   0: 0x80006c88 (0xf41ec413) xori    s0, t4, -191
core   0: 3 0x80006c88 (0xf41ec413) x 8 0xffffff41
core   0: 0x80006c8c (0x00241e13) slli    t3, s0, 2
core   0: 3 0x80006c8c (0x00241e13) x28 0xfffffd04
core   0: 0x80006c90 (0x406a8a33) sub     s4, s5, t1
core   0: 3 0x80006c90 (0x406a8a33) x20 0x0165c000
core   0: 0x80006c94 (0x4003d893) srai    a7, t2, 0
core   0: 3 0x80006c94 (0x4003d893) x17 0xf0000000
core   0: 0x80006c98 (0x475ecd13) xori    s10, t4, 1141
core   0: 3 0x80006c98 (0x475ecd13) x26 0x00000475
core   0: 0x80006c9c (0x00ab5e13) srli    t3, s6, 10
core   0: 3 0x80006c9c (0x00ab5e13) x28 0x0006c0f4
core   0: 0x80006ca0 (0x00d4a633) slt     a2, s1, a3
core   0: 3 0x80006ca0 (0x00d4a633) x12 0x00000000
core   0: 0x80006ca4 (0x00be6833) or      a6, t3, a1
core   0: 3 0x80006ca4 (0x00be6833) x16 0x0006c0f4
core   0: 0x80006ca8 (0xa4d4e7b7) lui     a5, 0xa4d4e
core   0: 3 0x80006ca8 (0xa4d4e7b7) x15 0xa4d4e000
core   0: 0x80006cac (0x00e00f33) add     t5, zero, a4
core   0: 3 0x80006cac (0x00e00f33) x30 0x80000000
core   0: 0x80006cb0 (0x4dadba13) sltiu   s4, s11, 1242
core   0: 3 0x80006cb0 (0x4dadba13) x20 0x00000000
core   0: 0x80006cb4 (0x41f65db3) sra     s11, a2, t6
core   0: 3 0x80006cb4 (0x41f65db3) x27 0x00000000
core   0: 0x80006cb8 (0x01af6d33) or      s10, t5, s10
core   0: 3 0x80006cb8 (0x01af6d33) x26 0x80000475
core   0: 0x80006cbc (0x419108b3) sub     a7, sp, s9
core   0: 3 0x80006cbc (0x419108b3) x17 0x00dffd36
core   0: 0x80006cc0 (0x01caecb3) or      s9, s5, t3
core   0: 3 0x80006cc0 (0x01caecb3) x25 0x00e6c0f4
core   0: 0x80006cc4 (0xc40db393) sltiu   t2, s11, -960
core   0: 3 0x80006cc4 (0xc40db393) x 7 0x00000001
core   0: 0x80006cc8 (0x5a933693) sltiu   a3, t1, 1449
core   0: 3 0x80006cc8 (0x5a933693) x13 0x00000000
core   0: 0x80006ccc (0x003681b3) add     gp, a3, gp
core   0: 3 0x80006ccc (0x003681b3) x 3 0x00007fff
core   0: 0x80006cd0 (0x00081b33) sll     s6, a6, zero
core   0: 3 0x80006cd0 (0x00081b33) x22 0x0006c0f4
core   0: 0x80006cd4 (0xc4343f13) sltiu   t5, s0, -957
core   0: 3 0x80006cd4 (0xc4343f13) x30 0x00000000
core   0: 0x80006cd8 (0x10113693) sltiu   a3, sp, 257
core   0: 3 0x80006cd8 (0x10113693) x13 0x00000000
core   0: 0x80006cdc (0x00144eb3) xor     t4, s0, ra
core   0: 3 0x80006cdc (0x00144eb3) x29 0xffffff40
core   0: 0x80006ce0 (0x4154df33) sra     t5, s1, s5
core   0: 3 0x80006ce0 (0x4154df33) x30 0x007fffff
core   0: 0x80006ce4 (0xa2ae2813) slti    a6, t3, -1494
core   0: 3 0x80006ce4 (0xa2ae2813) x16 0x00000000
core   0: 0x80006ce8 (0x00d3bb33) sltu    s6, t2, a3
core   0: 3 0x80006ce8 (0x00d3bb33) x22 0x00000000
core   0: 0x80006cec (0x87d52a93) slti    s5, a0, -1923
core   0: 3 0x80006cec (0x87d52a93) x21 0x00000001
core   0: 0x80006cf0 (0x01a15333) srl     t1, sp, s10
core   0: 3 0x80006cf0 (0x01a15333) x 6 0x00000006
core   0: 0x80006cf4 (0x01ef9633) sll     a2, t6, t5
core   0: 3 0x80006cf4 (0x01ef9633) x12 0x00000000
core   0: 0x80006cf8 (0x41e85293) srai    t0, a6, 30
core   0: 3 0x80006cf8 (0x41e85293) x 5 0x00000000
core   0: 0x80006cfc (0x01008d33) add     s10, ra, a6
core   0: 3 0x80006cfc (0x01008d33) x26 0x00000001
core   0: 0x80006d00 (0xb1c091b7) lui     gp, 0xb1c09
core   0: 3 0x80006d00 (0xb1c091b7) x 3 0xb1c09000
core   0: 0x80006d04 (0x2aa18193) addi    gp, gp, 682
core   0: 3 0x80006d04 (0x2aa18193) x 3 0xb1c092aa
core   0: 0x80006d08 (0xfff00a13) li      s4, -1
core   0: 3 0x80006d08 (0xfff00a13) x20 0xffffffff
core   0: 0x80006d0c (0x24af3937) lui     s2, 0x24af3
core   0: 3 0x80006d0c (0x24af3937) x18 0x24af3000
core   0: 0x80006d10 (0xc8190913) addi    s2, s2, -895
core   0: 3 0x80006d10 (0xc8190913) x18 0x24af2c81
core   0: 0x80006d14 (0x00000c93) li      s9, 0
core   0: 3 0x80006d14 (0x00000c93) x25 0x00000000
core   0: 0x80006d18 (0x80000d37) lui     s10, 0x80000
core   0: 3 0x80006d18 (0x80000d37) x26 0x80000000
core   0: 0x80006d1c (0xfff00a93) li      s5, -1
core   0: 3 0x80006d1c (0xfff00a93) x21 0xffffffff
core   0: 0x80006d20 (0xfff00c13) li      s8, -1
core   0: 3 0x80006d20 (0xfff00c13) x24 0xffffffff
core   0: 0x80006d24 (0xfff00093) li      ra, -1
core   0: 3 0x80006d24 (0xfff00093) x 1 0xffffffff
core   0: 0x80006d28 (0x00000d93) li      s11, 0
core   0: 3 0x80006d28 (0x00000d93) x27 0x00000000
core   0: 0x80006d2c (0x800008b7) lui     a7, 0x80000
core   0: 3 0x80006d2c (0x800008b7) x17 0x80000000
core   0: 0x80006d30 (0x00000013) nop
core   0: 3 0x80006d30 (0x00000013)
core   0: 0x80006d34 (0x014081b3) add     gp, ra, s4
core   0: 3 0x80006d34 (0x014081b3) x 3 0xfffffffe
core   0: 0x80006d38 (0x06875097) auipc   ra, 0x6875
core   0: 3 0x80006d38 (0x06875097) x 1 0x8687bd38
core   0: 0x80006d3c (0xe4d53c17) auipc   s8, 0xe4d53
core   0: 3 0x80006d3c (0xe4d53c17) x24 0x64d59d3c
core   0: 0x80006d40 (0x484a0a13) addi    s4, s4, 1156
core   0: 3 0x80006d40 (0x484a0a13) x20 0x00000483
core   0: 0x80006d44 (0x41ba80b3) sub     ra, s5, s11
core   0: 3 0x80006d44 (0x41ba80b3) x 1 0xffffffff
core   0: 0x80006d48 (0x00000013) nop
core   0: 3 0x80006d48 (0x00000013)
core   0: 0x80006d4c (0x01b08a33) add     s4, ra, s11
core   0: 3 0x80006d4c (0x01b08a33) x20 0xffffffff
core   0: 0x80006d50 (0xb4d251b7) lui     gp, 0xb4d25
core   0: 3 0x80006d50 (0xb4d251b7) x 3 0xb4d25000
core   0: 0x80006d54 (0x019a8ab3) add     s5, s5, s9
core   0: 3 0x80006d54 (0x019a8ab3) x21 0xffffffff
core   0: 0x80006d58 (0x401a00b3) sub     ra, s4, ra
core   0: 3 0x80006d58 (0x401a00b3) x 1 0x00000000
core   0: 0x80006d5c (0x83608093) addi    ra, ra, -1994
core   0: 3 0x80006d5c (0x83608093) x 1 0xfffff836
core   0: 0x80006d60 (0x00000013) nop
core   0: 3 0x80006d60 (0x00000013)
core   0: 0x80006d64 (0x012d00b3) add     ra, s10, s2
core   0: 3 0x80006d64 (0x012d00b3) x 1 0xa4af2c81
core   0: 0x80006d68 (0x01518a33) add     s4, gp, s5
core   0: 3 0x80006d68 (0x01518a33) x20 0xb4d24fff
core   0: 0x80006d6c (0x001900b3) add     ra, s2, ra
core   0: 3 0x80006d6c (0x001900b3) x 1 0xc95e5902
core   0: 0x80006d70 (0x00000013) nop
core   0: 3 0x80006d70 (0x00000013)
core   0: 0x80006d74 (0x2d64fd37) lui     s10, 0x2d64f
core   0: 3 0x80006d74 (0x2d64fd37) x26 0x2d64f000
core   0: 0x80006d78 (0x37af0937) lui     s2, 0x37af0
core   0: 3 0x80006d78 (0x37af0937) x18 0x37af0000
core   0: 0x80006d7c (0x41908a33) sub     s4, ra, s9
core   0: 3 0x80006d7c (0x41908a33) x20 0xc95e5902
core   0: 0x80006d80 (0x41ba81b3) sub     gp, s5, s11
core   0: 3 0x80006d80 (0x41ba81b3) x 3 0xffffffff
core   0: 0x80006d84 (0xce2ab0b7) lui     ra, 0xce2ab
core   0: 3 0x80006d84 (0xce2ab0b7) x 1 0xce2ab000
core   0: 0x80006d88 (0x418a0db3) sub     s11, s4, s8
core   0: 3 0x80006d88 (0x418a0db3) x27 0x6488bbc6
core   0: 0x80006d8c (0x01b90933) add     s2, s2, s11
core   0: 3 0x80006d8c (0x01b90933) x18 0x9c37bbc6
core   0: 0x80006d90 (0x00000013) nop
core   0: 3 0x80006d90 (0x00000013)
core   0: 0x80006d94 (0x24fa0a13) addi    s4, s4, 591
core   0: 3 0x80006d94 (0x24fa0a13) x20 0xc95e5b51
core   0: 0x80006d98 (0x00000013) nop
core   0: 3 0x80006d98 (0x00000013)
core   0: 0x80006d9c (0x01485293) srli    t0, a6, 20
core   0: 3 0x80006d9c (0x01485293) x 5 0x00000000
core   0: 0x80006da0 (0x00dcd893) srli    a7, s9, 13
core   0: 3 0x80006da0 (0x00dcd893) x17 0x00000000
core   0: 0x80006da4 (0x00000013) nop
core   0: 3 0x80006da4 (0x00000013)
core   0: 0x80006da8 (0x01199bb3) sll     s7, s3, a7
core   0: 3 0x80006da8 (0x01199bb3) x23 0x80000000
core   0: 0x80006dac (0x01f5f8b3) and     a7, a1, t6
core   0: 3 0x80006dac (0x01f5f8b3) x17 0x00000000
core   0: 0x80006db0 (0x01a598b3) sll     a7, a1, s10
core   0: 3 0x80006db0 (0x01a598b3) x17 0x00000000
core   0: 0x80006db4 (0x01eaa5b3) slt     a1, s5, t5
core   0: 3 0x80006db4 (0x01eaa5b3) x11 0x00000001
core   0: 0x80006db8 (0x00371813) slli    a6, a4, 3
core   0: 3 0x80006db8 (0x00371813) x16 0x00000000
core   0: 0x80006dbc (0xfff02d93) slti    s11, zero, -1
core   0: 3 0x80006dbc (0xfff02d93) x27 0x00000000
core   0: 0x80006dc0 (0x008b9593) slli    a1, s7, 8
core   0: 3 0x80006dc0 (0x008b9593) x11 0x00000000
core   0: 0x80006dc4 (0x00217333) and     t1, sp, sp
core   0: 3 0x80006dc4 (0x00217333) x 6 0x00dffd6b
core   0: 0x80006dc8 (0x0158bfb3) sltu    t6, a7, s5
core   0: 3 0x80006dc8 (0x0158bfb3) x31 0x00000001
core   0: 0x80006dcc (0x018d4033) xor     zero, s10, s8
core   0: 3 0x80006dcc (0x018d4033)
core   0: 0x80006dd0 (0xd7e38493) addi    s1, t2, -642
core   0: 3 0x80006dd0 (0xd7e38493) x 9 0xfffffd7f
core   0: 0x80006dd4 (0x68955d17) auipc   s10, 0x68955
core   0: 3 0x80006dd4 (0x68955d17) x26 0xe895bdd4
core   0: 0x80006dd8 (0x40210db3) sub     s11, sp, sp
core   0: 3 0x80006dd8 (0x40210db3) x27 0x00000000
core   0: 0x80006ddc (0x01469e93) slli    t4, a3, 20
core   0: 3 0x80006ddc (0x01469e93) x29 0x00000000
core   0: 0x80006de0 (0x41deddb3) sra     s11, t4, t4
core   0: 3 0x80006de0 (0x41deddb3) x27 0x00000000
core   0: 0x80006de4 (0x41280433) sub     s0, a6, s2
core   0: 3 0x80006de4 (0x41280433) x 8 0x63c8443a
core   0: 0x80006de8 (0x405d5e13) srai    t3, s10, 5
core   0: 3 0x80006de8 (0x405d5e13) x28 0xff44adee
core   0: 0x80006dec (0x01188033) add     zero, a7, a7
core   0: 3 0x80006dec (0x01188033)
core   0: 0x80006df0 (0x39b24413) xori    s0, tp, 923
core   0: 3 0x80006df0 (0x39b24413) x 8 0x80011dff
core   0: 0x80006df4 (0x0070c7b3) xor     a5, ra, t2
core   0: 3 0x80006df4 (0x0070c7b3) x15 0xce2ab001
core   0: 0x80006df8 (0x4001d493) srai    s1, gp, 0
core   0: 3 0x80006df8 (0x4001d493) x 9 0xffffffff
core   0: 0x80006dfc (0xdb3bd717) auipc   a4, 0xdb3bd
core   0: 3 0x80006dfc (0xdb3bd717) x14 0x5b3c3dfc
core   0: 0x80006e00 (0xdbc7f313) andi    t1, a5, -580
core   0: 3 0x80006e00 (0xdbc7f313) x 6 0xce2ab000
core   0: 0x80006e04 (0x41d78bb3) sub     s7, a5, t4
core   0: 3 0x80006e04 (0x41d78bb3) x23 0xce2ab001
core   0: 0x80006e08 (0x09757013) andi    zero, a0, 151
core   0: 3 0x80006e08 (0x09757013)
core   0: 0x80006e0c (0x013ca4b3) slt     s1, s9, s3
core   0: 3 0x80006e0c (0x013ca4b3) x 9 0x00000000
core   0: 0x80006e10 (0x014cd5b3) srl     a1, s9, s4
core   0: 3 0x80006e10 (0x014cd5b3) x11 0x00000000
core   0: 0x80006e14 (0x64f02097) auipc   ra, 0x64f02
core   0: 3 0x80006e14 (0x64f02097) x 1 0xe4f08e14
core   0: 0x80006e18 (0x3ca2b713) sltiu   a4, t0, 970
core   0: 3 0x80006e18 (0x3ca2b713) x14 0x00000001
core   0: 0x80006e1c (0x002b22b3) slt     t0, s6, sp
core   0: 3 0x80006e1c (0x002b22b3) x 5 0x00000001
core   0: 0x80006e20 (0x4a46ea93) ori     s5, a3, 1188
core   0: 3 0x80006e20 (0x4a46ea93) x21 0x000004a4
core   0: 0x80006e24 (0x405ddd93) srai    s11, s11, 5
core   0: 3 0x80006e24 (0x405ddd93) x27 0x00000000
core   0: 0x80006e28 (0xb04a3813) sltiu   a6, s4, -1276
core   0: 3 0x80006e28 (0xb04a3813) x16 0x00000001
core   0: 0x80006e2c (0x29c66f93) ori     t6, a2, 668
core   0: 3 0x80006e2c (0x29c66f93) x31 0x0000029c
core   0: 0x80006e30 (0xefd85d97) auipc   s11, 0xefd85
core   0: 3 0x80006e30 (0xefd85d97) x27 0x6fd8be30
core   0: 0x80006e34 (0x60eb7713) andi    a4, s6, 1550
core   0: 3 0x80006e34 (0x60eb7713) x14 0x00000000
core   0: 0x80006e38 (0x40b00ab3) sub     s5, zero, a1
core   0: 3 0x80006e38 (0x40b00ab3) x21 0x00000000
core   0: 0x80006e3c (0x41a2d113) srai    sp, t0, 26
core   0: 3 0x80006e3c (0x41a2d113) x 2 0x00000000
core   0: 0x80006e40 (0x006bdf13) srli    t5, s7, 6
core   0: 3 0x80006e40 (0x006bdf13) x30 0x0338aac0
core   0: 0x80006e44 (0x01285133) srl     sp, a6, s2
core   0: 3 0x80006e44 (0x01285133) x 2 0x00000000
core   0: 0x80006e48 (0x5c9c6293) ori     t0, s8, 1481
core   0: 3 0x80006e48 (0x5c9c6293) x 5 0x64d59dfd
core   0: 0x80006e4c (0x42e86293) ori     t0, a6, 1070
core   0: 3 0x80006e4c (0x42e86293) x 5 0x0000042f
core   0: 0x80006e50 (0x4d56be93) sltiu   t4, a3, 1237
core   0: 3 0x80006e50 (0x4d56be93) x29 0x00000001
core   0: 0x80006e54 (0x41e5d813) srai    a6, a1, 30
core   0: 3 0x80006e54 (0x41e5d813) x16 0x00000000
core   0: 0x80006e58 (0xd88bfb13) andi    s6, s7, -632
core   0: 3 0x80006e58 (0xd88bfb13) x22 0xce2ab000
core   0: 0x80006e5c (0x00771413) slli    s0, a4, 7
core   0: 3 0x80006e5c (0x00771413) x 8 0x00000000
core   0: 0x80006e60 (0xf6f7fa17) auipc   s4, 0xf6f7f
core   0: 3 0x80006e60 (0xf6f7fa17) x20 0x76f85e60
core   0: 0x80006e64 (0x01749613) slli    a2, s1, 23
core   0: 3 0x80006e64 (0x01749613) x12 0x00000000
core   0: 0x80006e68 (0x75ee7d93) andi    s11, t3, 1886
core   0: 3 0x80006e68 (0x75ee7d93) x27 0x0000054e
core   0: 0x80006e6c (0x01935193) srli    gp, t1, 25
core   0: 3 0x80006e6c (0x01935193) x 3 0x00000067
core   0: 0x80006e70 (0xf4787637) lui     a2, 0xf4787
core   0: 3 0x80006e70 (0xf4787637) x12 0xf4787000
core   0: 0x80006e74 (0x0133fa33) and     s4, t2, s3
core   0: 3 0x80006e74 (0x0133fa33) x20 0x00000000
core   0: 0x80006e78 (0x81790cb7) lui     s9, 0x81790
core   0: 3 0x80006e78 (0x81790cb7) x25 0x81790000
core   0: 0x80006e7c (0x0178c933) xor     s2, a7, s7
core   0: 3 0x80006e7c (0x0178c933) x18 0xce2ab001
core   0: 0x80006e80 (0xbd99b717) auipc   a4, 0xbd99b
core   0: 3 0x80006e80 (0xbd99b717) x14 0x3d9a1e80
core   0: 0x80006e84 (0x401300b3) sub     ra, t1, ra
core   0: 3 0x80006e84 (0x401300b3) x 1 0xe93a21ec
core   0: 0x80006e88 (0x01f35313) srli    t1, t1, 31
core   0: 3 0x80006e88 (0x01f35313) x 6 0x00000001
core   0: 0x80006e8c (0xd9c4c193) xori    gp, s1, -612
core   0: 3 0x80006e8c (0xd9c4c193) x 3 0xfffffd9c
core   0: 0x80006e90 (0xcd8c7293) andi    t0, s8, -808
core   0: 3 0x80006e90 (0xcd8c7293) x 5 0x64d59c18
core   0: 0x80006e94 (0x00fc4ab3) xor     s5, s8, a5
core   0: 3 0x80006e94 (0x00fc4ab3) x21 0xaaff2d3d
core   0: 0x80006e98 (0x411d88b3) sub     a7, s11, a7
core   0: 3 0x80006e98 (0x411d88b3) x17 0x0000054e
core   0: 0x80006e9c (0x018db0b3) sltu    ra, s11, s8
core   0: 3 0x80006e9c (0x018db0b3) x 1 0x00000001
core   0: 0x80006ea0 (0x41065ab3) sra     s5, a2, a6
core   0: 3 0x80006ea0 (0x41065ab3) x21 0xf4787000
core   0: 0x80006ea4 (0x01d40733) add     a4, s0, t4
core   0: 3 0x80006ea4 (0x01d40733) x14 0x00000001
core   0: 0x80006ea8 (0xfde27113) andi    sp, tp, -34
core   0: 3 0x80006ea8 (0xfde27113) x 2 0x80011e44
core   0: 0x80006eac (0x41f65493) srai    s1, a2, 31
core   0: 3 0x80006eac (0x41f65493) x 9 0xffffffff
core   0: 0x80006eb0 (0x00db0db3) add     s11, s6, a3
core   0: 3 0x80006eb0 (0x00db0db3) x27 0xce2ab000
core   0: 0x80006eb4 (0x01894a33) xor     s4, s2, s8
core   0: 3 0x80006eb4 (0x01894a33) x20 0xaaff2d3d
core   0: 0x80006eb8 (0x76daf293) andi    t0, s5, 1901
core   0: 3 0x80006eb8 (0x76daf293) x 5 0x00000000
core   0: 0x80006ebc (0x000d15b3) sll     a1, s10, zero
core   0: 3 0x80006ebc (0x000d15b3) x11 0xe895bdd4
core   0: 0x80006ec0 (0x75de6837) lui     a6, 0x75de6
core   0: 3 0x80006ec0 (0x75de6837) x16 0x75de6000
core   0: 0x80006ec4 (0x3b158e97) auipc   t4, 0x3b158
core   0: 3 0x80006ec4 (0x3b158e97) x29 0xbb15eec4
core   0: 0x80006ec8 (0x0038a2b3) slt     t0, a7, gp
core   0: 3 0x80006ec8 (0x0038a2b3) x 5 0x00000000
core   0: 0x80006ecc (0x004a25b3) slt     a1, s4, tp
core   0: 3 0x80006ecc (0x004a25b3) x11 0x00000000
core   0: 0x80006ed0 (0x54b3f917) auipc   s2, 0x54b3f
core   0: 3 0x80006ed0 (0x54b3f917) x18 0xd4b45ed0
core   0: 0x80006ed4 (0x40a45ab3) sra     s5, s0, a0
core   0: 3 0x80006ed4 (0x40a45ab3) x21 0x00000000
core   0: 0x80006ed8 (0x04f87317) auipc   t1, 0x4f87
core   0: 3 0x80006ed8 (0x04f87317) x 6 0x84f8ded8
core   0: 0x80006edc (0xd2ada2b7) lui     t0, 0xd2ada
core   0: 3 0x80006edc (0xd2ada2b7) x 5 0xd2ada000
core   0: 0x80006ee0 (0x01fc4833) xor     a6, s8, t6
core   0: 3 0x80006ee0 (0x01fc4833) x16 0x64d59fa0
core   0: 0x80006ee4 (0x01b81293) slli    t0, a6, 27
core   0: 3 0x80006ee4 (0x01b81293) x 5 0x00000000
core   0: 0x80006ee8 (0x84eb4893) xori    a7, s6, -1970
core   0: 3 0x80006ee8 (0x84eb4893) x17 0x31d5484e
core   0: 0x80006eec (0x40830033) sub     zero, t1, s0
core   0: 3 0x80006eec (0x40830033)
core   0: 0x80006ef0 (0x014babb3) slt     s7, s7, s4
core   0: 3 0x80006ef0 (0x014babb3) x23 0x00000000
core   0: 0x80006ef4 (0x576ced13) ori     s10, s9, 1398
core   0: 3 0x80006ef4 (0x576ced13) x26 0x81790576
core   0: 0x80006ef8 (0x4194d613) srai    a2, s1, 25
core   0: 3 0x80006ef8 (0x4194d613) x12 0xffffffff
core   0: 0x80006efc (0x00ba1713) slli    a4, s4, 11
core   0: 3 0x80006efc (0x00ba1713) x14 0xf969e800
core   0: 0x80006f00 (0x015611b3) sll     gp, a2, s5
core   0: 3 0x80006f00 (0x015611b3) x 3 0xffffffff
core   0: 0x80006f04 (0x01f78bb3) add     s7, a5, t6
core   0: 3 0x80006f04 (0x01f78bb3) x23 0xce2ab29d
core   0: 0x80006f08 (0x01ea94b3) sll     s1, s5, t5
core   0: 3 0x80006f08 (0x01ea94b3) x 9 0x00000000
core   0: 0x80006f0c (0xe9843d13) sltiu   s10, s0, -360
core   0: 3 0x80006f0c (0xe9843d13) x26 0x00000001
core   0: 0x80006f10 (0x001b0033) add     zero, s6, ra
core   0: 3 0x80006f10 (0x001b0033)
core   0: 0x80006f14 (0x003892b3) sll     t0, a7, gp
core   0: 3 0x80006f14 (0x003892b3) x 5 0x00000000
core   0: 0x80006f18 (0xd8d3c613) xori    a2, t2, -627
core   0: 3 0x80006f18 (0xd8d3c613) x12 0xfffffd8c
core   0: 0x80006f1c (0xff8d11b7) lui     gp, 0xff8d1
core   0: 3 0x80006f1c (0xff8d11b7) x 3 0xff8d1000
core   0: 0x80006f20 (0x00000013) nop
core   0: 3 0x80006f20 (0x00000013)
core   0: 0x80006f24 (0x01e1d713) srli    a4, gp, 30
core   0: 3 0x80006f24 (0x01e1d713) x14 0x00000003
core   0: 0x80006f28 (0x42faf393) andi    t2, s5, 1071
core   0: 3 0x80006f28 (0x42faf393) x 7 0x00000000
core   0: 0x80006f2c (0x00000013) nop
core   0: 3 0x80006f2c (0x00000013)
core   0: 0x80006f30 (0x009b1393) slli    t2, s6, 9
core   0: 3 0x80006f30 (0x009b1393) x 7 0x55600000
core   0: 0x80006f34 (0x24f96413) ori     s0, s2, 591
core   0: 3 0x80006f34 (0x24f96413) x 8 0xd4b45edf
core   0: 0x80006f38 (0x31272393) slti    t2, a4, 786
core   0: 3 0x80006f38 (0x31272393) x 7 0x00000001
core   0: 0x80006f3c (0xde85cc13) xori    s8, a1, -536
core   0: 3 0x80006f3c (0xde85cc13) x24 0xfffffde8
core   0: 0x80006f40 (0x01a00eb3) add     t4, zero, s10
core   0: 3 0x80006f40 (0x01a00eb3) x29 0x00000001
core   0: 0x80006f44 (0x0007b433) sltu    s0, a5, zero
core   0: 3 0x80006f44 (0x0007b433) x 8 0x00000000
core   0: 0x80006f48 (0x01f433b3) sltu    t2, s0, t6
core   0: 3 0x80006f48 (0x01f433b3) x 7 0x00000001
core   0: 0x80006f4c (0xb488f717) auipc   a4, 0xb488f
core   0: 3 0x80006f4c (0xb488f717) x14 0x34895f4c
core   0: 0x80006f50 (0x00ef6cb3) or      s9, t5, a4
core   0: 3 0x80006f50 (0x00ef6cb3) x25 0x37b9ffcc
core   0: 0x80006f54 (0x009f9593) slli    a1, t6, 9
core   0: 3 0x80006f54 (0x009f9593) x11 0x00053800
core   0: 0x80006f58 (0x5bfe8013) addi    zero, t4, 1471
core   0: 3 0x80006f58 (0x5bfe8013)
core   0: 0x80006f5c (0x41e35493) srai    s1, t1, 30
core   0: 3 0x80006f5c (0x41e35493) x 9 0xfffffffe
core   0: 0x80006f60 (0x94017693) andi    a3, sp, -1728
core   0: 3 0x80006f60 (0x94017693) x13 0x80011840
core   0: 0x80006f64 (0x404d84b3) sub     s1, s11, tp
core   0: 3 0x80006f64 (0x404d84b3) x 9 0x4e29919c
core   0: 0x80006f68 (0x40d353b3) sra     t2, t1, a3
core   0: 3 0x80006f68 (0x40d353b3) x 7 0x84f8ded8
core   0: 0x80006f6c (0x00049b33) sll     s6, s1, zero
core   0: 3 0x80006f6c (0x00049b33) x22 0x4e29919c
core   0: 0x80006f70 (0x00000013) nop
core   0: 3 0x80006f70 (0x00000013)
core   0: 0x80006f74 (0x014204b3) add     s1, tp, s4
core   0: 3 0x80006f74 (0x014204b3) x 9 0x2b004ba1
core   0: 0x80006f78 (0x012972b3) and     t0, s2, s2
core   0: 3 0x80006f78 (0x012972b3) x 5 0xd4b45ed0
core   0: 0x80006f7c (0x01938033) add     zero, t2, s9
core   0: 3 0x80006f7c (0x01938033)
core   0: 0x80006f80 (0x69527093) andi    ra, tp, 1685
core   0: 3 0x80006f80 (0x69527093) x 1 0x00000604
core   0: 0x80006f84 (0x019ffe33) and     t3, t6, s9
core   0: 3 0x80006f84 (0x019ffe33) x28 0x0000028c
core   0: 0x80006f88 (0xc42d7a17) auipc   s4, 0xc42d7
core   0: 3 0x80006f88 (0xc42d7a17) x20 0x442ddf88
core   0: 0x80006f8c (0x416ad3b3) sra     t2, s5, s6
core   0: 3 0x80006f8c (0x416ad3b3) x 7 0x00000000
core   0: 0x80006f90 (0x41efd493) srai    s1, t6, 30
core   0: 3 0x80006f90 (0x41efd493) x 9 0x00000000
core   0: 0x80006f94 (0xede6b293) sltiu   t0, a3, -290
core   0: 3 0x80006f94 (0xede6b293) x 5 0x00000001
core   0: 0x80006f98 (0x01295393) srli    t2, s2, 18
core   0: 3 0x80006f98 (0x01295393) x 7 0x0000352d
core   0: 0x80006f9c (0x002c7333) and     t1, s8, sp
core   0: 3 0x80006f9c (0x002c7333) x 6 0x80011c40
core   0: 0x80006fa0 (0x0021aeb3) slt     t4, gp, sp
core   0: 3 0x80006fa0 (0x0021aeb3) x29 0x00000000
core   0: 0x80006fa4 (0x014aadb3) slt     s11, s5, s4
core   0: 3 0x80006fa4 (0x014aadb3) x27 0x00000001
core   0: 0x80006fa8 (0x0164b833) sltu    a6, s1, s6
core   0: 3 0x80006fa8 (0x0164b833) x16 0x00000001
core   0: 0x80006fac (0x41715413) srai    s0, sp, 23
core   0: 3 0x80006fac (0x41715413) x 8 0xffffff00
core   0: 0x80006fb0 (0x014a2833) slt     a6, s4, s4
core   0: 3 0x80006fb0 (0x014a2833) x16 0x00000000
core   0: 0x80006fb4 (0x0131ca33) xor     s4, gp, s3
core   0: 3 0x80006fb4 (0x0131ca33) x20 0x7f8d1000
core   0: 0x80006fb8 (0x06730c13) addi    s8, t1, 103
core   0: 3 0x80006fb8 (0x06730c13) x24 0x80011ca7
core   0: 0x80006fbc (0x41f65033) sra     zero, a2, t6
core   0: 3 0x80006fbc (0x41f65033)
core   0: 0x80006fc0 (0x12ab2d97) auipc   s11, 0x12ab2
core   0: 3 0x80006fc0 (0x12ab2d97) x27 0x92ab8fc0
core   0: 0x80006fc4 (0x10e97b93) andi    s7, s2, 270
core   0: 3 0x80006fc4 (0x10e97b93) x23 0x00000000
core   0: 0x80006fc8 (0x41eed193) srai    gp, t4, 30
core   0: 3 0x80006fc8 (0x41eed193) x 3 0x00000000
core   0: 0x80006fcc (0xbcb36797) auipc   a5, 0xbcb36
core   0: 3 0x80006fcc (0xbcb36797) x15 0x3cb3cfcc
core   0: 0x80006fd0 (0x6689c013) xori    zero, s3, 1640
core   0: 3 0x80006fd0 (0x6689c013)
core   0: 0x80006fd4 (0x00ab9913) slli    s2, s7, 10
core   0: 3 0x80006fd4 (0x00ab9913) x18 0x00000000
core   0: 0x80006fd8 (0x2ede51b7) lui     gp, 0x2ede5
core   0: 3 0x80006fd8 (0x2ede51b7) x 3 0x2ede5000
core   0: 0x80006fdc (0x40c00fb3) sub     t6, zero, a2
core   0: 3 0x80006fdc (0x40c00fb3) x31 0x00000274
core   0: 0x80006fe0 (0x000b1cb3) sll     s9, s6, zero
core   0: 3 0x80006fe0 (0x000b1cb3) x25 0x4e29919c
core   0: 0x80006fe4 (0x2b94ab93) slti    s7, s1, 697
core   0: 3 0x80006fe4 (0x2b94ab93) x23 0x00000001
core   0: 0x80006fe8 (0x0027d013) srli    zero, a5, 2
core   0: 3 0x80006fe8 (0x0027d013)
core   0: 0x80006fec (0x40f0fc13) andi    s8, ra, 1039
core   0: 3 0x80006fec (0x40f0fc13) x24 0x00000404
core   0: 0x80006ff0 (0x015bb833) sltu    a6, s7, s5
core   0: 3 0x80006ff0 (0x015bb833) x16 0x00000000
core   0: 0x80006ff4 (0x01905b13) srli    s6, zero, 25
core   0: 3 0x80006ff4 (0x01905b13) x22 0x00000000
core   0: 0x80006ff8 (0x01ff0bb3) add     s7, t5, t6
core   0: 3 0x80006ff8 (0x01ff0bb3) x23 0x0338ad34
core   0: 0x80006ffc (0x002216b3) sll     a3, tp, sp
core   0: 3 0x80006ffc (0x002216b3) x13 0x0011e640
core   0: 0x80007000 (0x69a1c013) xori    zero, gp, 1690
core   0: 3 0x80007000 (0x69a1c013)
core   0: 0x80007004 (0x003024b3) slt     s1, zero, gp
core   0: 3 0x80007004 (0x003024b3) x 9 0x00000001
core   0: 0x80007008 (0x413f02b3) sub     t0, t5, s3
core   0: 3 0x80007008 (0x413f02b3) x 5 0x8338aac0
core   0: 0x8000700c (0x00000013) nop
core   0: 3 0x8000700c (0x00000013)
core   0: 0x80007010 (0x01cd4433) xor     s0, s10, t3
core   0: 3 0x80007010 (0x01cd4433) x 8 0x0000028d
core   0: 0x80007014 (0x415e5c33) sra     s8, t3, s5
core   0: 3 0x80007014 (0x415e5c33) x24 0x0000028c
core   0: 0x80007018 (0x00000013) nop
core   0: 3 0x80007018 (0x00000013)
core   0: 0x8000701c (0x0168da33) srl     s4, a7, s6
core   0: 3 0x8000701c (0x0168da33) x20 0x31d5484e
core   0: 0x80007020 (0xd4c4c293) xori    t0, s1, -692
core   0: 3 0x80007020 (0xd4c4c293) x 5 0xfffffd4d
core   0: 0x80007024 (0x40a78433) sub     s0, a5, a0
core   0: 3 0x80007024 (0x40a78433) x 8 0xbcb272e8
core   0: 0x80007028 (0xcc55c893) xori    a7, a1, -827
core   0: 3 0x80007028 (0xcc55c893) x17 0xfffac4c5
core   0: 0x8000702c (0x01d31ab3) sll     s5, t1, t4
core   0: 3 0x8000702c (0x01d31ab3) x21 0x80011c40
core   0: 0x80007030 (0x00b8e5b3) or      a1, a7, a1
core   0: 3 0x80007030 (0x00b8e5b3) x11 0xfffffcc5
core   0: 0x80007034 (0x0166bf33) sltu    t5, a3, s6
core   0: 3 0x80007034 (0x0166bf33) x30 0x00000000
core   0: 0x80007038 (0x01fff633) and     a2, t6, t6
core   0: 3 0x80007038 (0x01fff633) x12 0x00000274
core   0: 0x8000703c (0x008482b3) add     t0, s1, s0
core   0: 3 0x8000703c (0x008482b3) x 5 0xbcb272e9
core   0: 0x80007040 (0x41eed113) srai    sp, t4, 30
core   0: 3 0x80007040 (0x41eed113) x 2 0x00000000
core   0: 0x80007044 (0x01789d13) slli    s10, a7, 23
core   0: 3 0x80007044 (0x01789d13) x26 0x62800000
core   0: 0x80007048 (0x4136dc13) srai    s8, a3, 19
core   0: 3 0x80007048 (0x4136dc13) x24 0x00000002
core   0: 0x8000704c (0x01434e33) xor     t3, t1, s4
core   0: 3 0x8000704c (0x01434e33) x28 0xb1d4540e
core   0: 0x80007050 (0x4d7a2313) slti    t1, s4, 1239
core   0: 3 0x80007050 (0x4d7a2313) x 6 0x00000000
core   0: 0x80007054 (0x0c4ebe13) sltiu   t3, t4, 196
core   0: 3 0x80007054 (0x0c4ebe13) x28 0x00000001
core   0: 0x80007058 (0x0092d833) srl     a6, t0, s1
core   0: 3 0x80007058 (0x0092d833) x16 0x5e593974
core   0: 0x8000705c (0x75927337) lui     t1, 0x75927
core   0: 3 0x8000705c (0x75927337) x 6 0x75927000
core   0: 0x80007060 (0x0042bbb3) sltu    s7, t0, tp
core   0: 3 0x80007060 (0x0042bbb3) x23 0x00000000
core   0: 0x80007064 (0x001bb5b3) sltu    a1, s7, ra
core   0: 3 0x80007064 (0x001bb5b3) x11 0x00000001
core   0: 0x80007068 (0x000c1893) slli    a7, s8, 0
core   0: 3 0x80007068 (0x000c1893) x17 0x00000002
core   0: 0x8000706c (0x894ce893) ori     a7, s9, -1900
core   0: 3 0x8000706c (0x894ce893) x17 0xfffff99c
core   0: 0x80007070 (0x0093dbb3) srl     s7, t2, s1
core   0: 3 0x80007070 (0x0093dbb3) x23 0x00001a96
core   0: 0x80007074 (0x015d5f93) srli    t6, s10, 21
core   0: 3 0x80007074 (0x015d5f93) x31 0x00000314
core   0: 0x80007078 (0x01aa00b3) add     ra, s4, s10
core   0: 3 0x80007078 (0x01aa00b3) x 1 0x9455484e
core   0: 0x8000707c (0x5d90bf13) sltiu   t5, ra, 1497
core   0: 3 0x8000707c (0x5d90bf13) x30 0x00000000
core   0: 0x80007080 (0x01e328b3) slt     a7, t1, t5
core   0: 3 0x80007080 (0x01e328b3) x17 0x00000000
core   0: 0x80007084 (0x01215413) srli    s0, sp, 18
core   0: 3 0x80007084 (0x01215413) x 8 0x00000000
core   0: 0x80007088 (0x55827893) andi    a7, tp, 1368
core   0: 3 0x80007088 (0x55827893) x17 0x00000440
core   0: 0x8000708c (0x41d95813) srai    a6, s2, 29
core   0: 3 0x8000708c (0x41d95813) x16 0x00000000
core   0: 0x80007090 (0x34f16d13) ori     s10, sp, 847
core   0: 3 0x80007090 (0x34f16d13) x26 0x0000034f
core   0: 0x80007094 (0x00bde6b3) or      a3, s11, a1
core   0: 3 0x80007094 (0x00bde6b3) x13 0x92ab8fc1
core   0: 0x80007098 (0x40625913) srai    s2, tp, 6
core   0: 3 0x80007098 (0x40625913) x18 0xfe000479
core   0: 0x8000709c (0x01d61a13) slli    s4, a2, 29
core   0: 3 0x8000709c (0x01d61a13) x20 0x80000000
core   0: 0x800070a0 (0x9fc617b7) lui     a5, 0x9fc61
core   0: 3 0x800070a0 (0x9fc617b7) x15 0x9fc61000
core   0: 0x800070a4 (0x411082b3) sub     t0, ra, a7
core   0: 3 0x800070a4 (0x411082b3) x 5 0x9455440e
core   0: 0x800070a8 (0x4136d5b3) sra     a1, a3, s3
core   0: 3 0x800070a8 (0x4136d5b3) x11 0x92ab8fc1
core   0: 0x800070ac (0x40815293) srai    t0, sp, 8
core   0: 3 0x800070ac (0x40815293) x 5 0x00000000
core   0: 0x800070b0 (0x01fb15b3) sll     a1, s6, t6
core   0: 3 0x800070b0 (0x01fb15b3) x11 0x00000000
core   0: 0x800070b4 (0x00da3fb3) sltu    t6, s4, a3
core   0: 3 0x800070b4 (0x00da3fb3) x31 0x00000001
core   0: 0x800070b8 (0x014dea33) or      s4, s11, s4
core   0: 3 0x800070b8 (0x014dea33) x20 0x92ab8fc0
core   0: 0x800070bc (0x8781e413) ori     s0, gp, -1928
core   0: 3 0x800070bc (0x8781e413) x 8 0xfffff878
core   0: 0x800070c0 (0x01841133) sll     sp, s0, s8
core   0: 3 0x800070c0 (0x01841133) x 2 0xffffe1e0
core   0: 0x800070c4 (0x40698db3) sub     s11, s3, t1
core   0: 3 0x800070c4 (0x40698db3) x27 0x0a6d9000
core   0: 0x800070c8 (0x00f83133) sltu    sp, a6, a5
core   0: 3 0x800070c8 (0x00f83133) x 2 0x00000001
core   0: 0x800070cc (0x01caa333) slt     t1, s5, t3
core   0: 3 0x800070cc (0x01caa333) x 6 0x00000001
core   0: 0x800070d0 (0x01f19713) slli    a4, gp, 31
core   0: 3 0x800070d0 (0x01f19713) x14 0x00000000
core   0: 0x800070d4 (0x41580833) sub     a6, a6, s5
core   0: 3 0x800070d4 (0x41580833) x16 0x7ffee3c0
core   0: 0x800070d8 (0x007262b3) or      t0, tp, t2
core   0: 3 0x800070d8 (0x007262b3) x 5 0x80013f6d
core   0: 0x800070dc (0x00811133) sll     sp, sp, s0
core   0: 3 0x800070dc (0x00811133) x 2 0x01000000
core   0: 0x800070e0 (0xd6ad6713) ori     a4, s10, -662
core   0: 3 0x800070e0 (0xd6ad6713) x14 0xffffff6f
core   0: 0x800070e4 (0x019b1d33) sll     s10, s6, s9
core   0: 3 0x800070e4 (0x019b1d33) x26 0x00000000
core   0: 0x800070e8 (0x007e9433) sll     s0, t4, t2
core   0: 3 0x800070e8 (0x007e9433) x 8 0x00000000
core   0: 0x800070ec (0x63eaee13) ori     t3, s5, 1598
core   0: 3 0x800070ec (0x63eaee13) x28 0x80011e7e
core   0: 0x800070f0 (0x0138dd13) srli    s10, a7, 19
core   0: 3 0x800070f0 (0x0138dd13) x26 0x00000000
core   0: 0x800070f4 (0x75397f93) andi    t6, s2, 1875
core   0: 3 0x800070f4 (0x75397f93) x31 0x00000451
core   0: 0x800070f8 (0x406e5293) srai    t0, t3, 6
core   0: 3 0x800070f8 (0x406e5293) x 5 0xfe000479
core   0: 0x800070fc (0x401f83b3) sub     t2, t6, ra
core   0: 3 0x800070fc (0x401f83b3) x 7 0x6baabc03
core   0: 0x80007100 (0x018c2f33) slt     t5, s8, s8
core   0: 3 0x80007100 (0x018c2f33) x30 0x00000000
core   0: 0x80007104 (0x01e084b3) add     s1, ra, t5
core   0: 3 0x80007104 (0x01e084b3) x 9 0x9455484e
core   0: 0x80007108 (0x67b90413) addi    s0, s2, 1659
core   0: 3 0x80007108 (0x67b90413) x 8 0xfe000af4
core   0: 0x8000710c (0x01ad3b33) sltu    s6, s10, s10
core   0: 3 0x8000710c (0x01ad3b33) x22 0x00000000
core   0: 0x80007110 (0xd6a3b093) sltiu   ra, t2, -662
core   0: 3 0x80007110 (0xd6a3b093) x 1 0x00000001
core   0: 0x80007114 (0x010196b3) sll     a3, gp, a6
core   0: 3 0x80007114 (0x010196b3) x13 0x2ede5000
core   0: 0x80007118 (0xca7ace93) xori    t4, s5, -857
core   0: 3 0x80007118 (0xca7ace93) x29 0x7ffee0e7
core   0: 0x8000711c (0xa3eb4713) xori    a4, s6, -1474
core   0: 3 0x8000711c (0xa3eb4713) x14 0xfffffa3e
core   0: 0x80007120 (0x00a8ebb3) or      s7, a7, a0
core   0: 3 0x80007120 (0x00a8ebb3) x23 0x80015ce4
core   0: 0x80007124 (0x004f5cb3) srl     s9, t5, tp
core   0: 3 0x80007124 (0x004f5cb3) x25 0x00000000
core   0: 0x80007128 (0x01a34833) xor     a6, t1, s10
core   0: 3 0x80007128 (0x01a34833) x16 0x00000001
core   0: 0x8000712c (0x7f90de17) auipc   t3, 0x7f90d
core   0: 3 0x8000712c (0x7f90de17) x28 0xff91412c
core   0: 0x80007130 (0x11ad2013) slti    zero, s10, 282
core   0: 3 0x80007130 (0x11ad2013)
core   0: 0x80007134 (0x403e5c93) srai    s9, t3, 3
core   0: 3 0x80007134 (0x403e5c93) x25 0xfff22825
core   0: 0x80007138 (0x01ee3733) sltu    a4, t3, t5
core   0: 3 0x80007138 (0x01ee3733) x14 0x00000000
core   0: 0x8000713c (0x3b567493) andi    s1, a2, 949
core   0: 3 0x8000713c (0x3b567493) x 9 0x00000234
core   0: 0x80007140 (0x0002da13) srli    s4, t0, 0
core   0: 3 0x80007140 (0x0002da13) x20 0xfe000479
core   0: 0x80007144 (0x010a0db3) add     s11, s4, a6
core   0: 3 0x80007144 (0x010a0db3) x27 0xfe00047a
core   0: 0x80007148 (0x004f9f33) sll     t5, t6, tp
core   0: 3 0x80007148 (0x004f9f33) x30 0x00004510
core   0: 0x8000714c (0x01935893) srli    a7, t1, 25
core   0: 3 0x8000714c (0x01935893) x17 0x00000000
core   0: 0x80007150 (0x00d45f93) srli    t6, s0, 13
core   0: 3 0x80007150 (0x00d45f93) x31 0x0007f000
core   0: 0x80007154 (0x01d67833) and     a6, a2, t4
core   0: 3 0x80007154 (0x01d67833) x16 0x00000064
core   0: 0x80007158 (0x76257037) lui     zero, 0x76257
core   0: 3 0x80007158 (0x76257037)
core   0: 0x8000715c (0x12406893) ori     a7, zero, 292
core   0: 3 0x8000715c (0x12406893) x17 0x00000124
core   0: 0x80007160 (0x5bbc1f37) lui     t5, 0x5bbc1
core   0: 3 0x80007160 (0x5bbc1f37) x30 0x5bbc1000
core   0: 0x80007164 (0x018d1f13) slli    t5, s10, 24
core   0: 3 0x80007164 (0x018d1f13) x30 0x00000000
core   0: 0x80007168 (0xaee9b397) auipc   t2, 0xaee9b
core   0: 3 0x80007168 (0xaee9b397) x 7 0x2eea2168
core   0: 0x8000716c (0x01b481b3) add     gp, s1, s11
core   0: 3 0x8000716c (0x01b481b3) x 3 0xfe0006ae
core   0: 0x80007170 (0x301e4393) xori    t2, t3, 769
core   0: 3 0x80007170 (0x301e4393) x 7 0xff91422d
core   0: 0x80007174 (0x00d2cfb3) xor     t6, t0, a3
core   0: 3 0x80007174 (0x00d2cfb3) x31 0xd0de5479
core   0: 0x80007178 (0x4031de13) srai    t3, gp, 3
core   0: 3 0x80007178 (0x4031de13) x28 0xffc000d5
core   0: 0x8000717c (0x007ad733) srl     a4, s5, t2
core   0: 3 0x8000717c (0x007ad733) x14 0x00040008
core   0: 0x80007180 (0x007a1a13) slli    s4, s4, 7
core   0: 3 0x80007180 (0x007a1a13) x20 0x00023c80
core   0: 0x80007184 (0x414adf13) srai    t5, s5, 20
core   0: 3 0x80007184 (0x414adf13) x30 0xfffff800
core   0: 0x80007188 (0x1f346713) ori     a4, s0, 499
core   0: 3 0x80007188 (0x1f346713) x14 0xfe000bf7
core   0: 0x8000718c (0x09f27913) andi    s2, tp, 159
core   0: 3 0x8000718c (0x09f27913) x18 0x00000004
core   0: 0x80007190 (0x000f2833) slt     a6, t5, zero
core   0: 3 0x80007190 (0x000f2833) x16 0x00000001
core   0: 0x80007194 (0x40545db3) sra     s11, s0, t0
core   0: 3 0x80007194 (0x40545db3) x27 0xffffffff
core   0: 0x80007198 (0x40255c33) sra     s8, a0, sp
core   0: 3 0x80007198 (0x40255c33) x24 0x80015ce4
core   0: 0x8000719c (0xf6c63113) sltiu   sp, a2, -148
core   0: 3 0x8000719c (0xf6c63113) x 2 0x00000001
core   0: 0x800071a0 (0x4191deb3) sra     t4, gp, s9
core   0: 3 0x800071a0 (0x4191deb3) x29 0xfff00035
core   0: 0x800071a4 (0x40e85133) sra     sp, a6, a4
core   0: 3 0x800071a4 (0x40e85133) x 2 0x00000000
core   0: 0x800071a8 (0xc2668913) addi    s2, a3, -986
core   0: 3 0x800071a8 (0xc2668913) x18 0x2ede4c26
core   0: 0x800071ac (0x083d7197) auipc   gp, 0x83d7
core   0: 3 0x800071ac (0x083d7197) x 3 0x883de1ac
core   0: 0x800071b0 (0x52f08693) addi    a3, ra, 1327
core   0: 3 0x800071b0 (0x52f08693) x13 0x00000530
core   0: 0x800071b4 (0x41105333) sra     t1, zero, a7
core   0: 3 0x800071b4 (0x41105333) x 6 0x00000000
core   0: 0x800071b8 (0x40f3d833) sra     a6, t2, a5
core   0: 3 0x800071b8 (0x40f3d833) x16 0xff91422d
core   0: 0x800071bc (0xbbdef793) andi    a5, t4, -1091
core   0: 3 0x800071bc (0xbbdef793) x15 0xfff00035
core   0: 0x800071c0 (0xd2a67a13) andi    s4, a2, -726
core   0: 3 0x800071c0 (0xd2a67a13) x20 0x00000020
core   0: 0x800071c4 (0x401c5033) sra     zero, s8, ra
core   0: 3 0x800071c4 (0x401c5033)
core   0: 0x800071c8 (0x00000013) nop
core   0: 3 0x800071c8 (0x00000013)
core   0: 0x800071cc (0x00000013) nop
core   0: 3 0x800071cc (0x00000013)
core   0: 0x800071d0 (0x5e298e13) addi    t3, s3, 1506
core   0: 3 0x800071d0 (0x5e298e13) x28 0x800005e2
core   0: 0x800071d4 (0x019f93b3) sll     t2, t6, s9
core   0: 3 0x800071d4 (0x019f93b3) x 7 0x1bca8f20
core   0: 0x800071d8 (0x0031e133) or      sp, gp, gp
core   0: 3 0x800071d8 (0x0031e133) x 2 0x883de1ac
core   0: 0x800071dc (0x001a70b3) and     ra, s4, ra
core   0: 3 0x800071dc (0x001a70b3) x 1 0x00000000
core   0: 0x800071e0 (0x01dea0b3) slt     ra, t4, t4
core   0: 3 0x800071e0 (0x01dea0b3) x 1 0x00000000
core   0: 0x800071e4 (0x006cceb3) xor     t4, s9, t1
core   0: 3 0x800071e4 (0x006cceb3) x29 0xfff22825
core   0: 0x800071e8 (0xf5a2f437) lui     s0, 0xf5a2f
core   0: 3 0x800071e8 (0xf5a2f437) x 8 0xf5a2f000
core   0: 0x800071ec (0x00894f33) xor     t5, s2, s0
core   0: 3 0x800071ec (0x00894f33) x30 0xdb7cbc26
core   0: 0x800071f0 (0x00ad03b3) add     t2, s10, a0
core   0: 3 0x800071f0 (0x00ad03b3) x 7 0x80015ce4
core   0: 0x800071f4 (0x000bf5b3) and     a1, s7, zero
core   0: 3 0x800071f4 (0x000bf5b3) x11 0x00000000
core   0: 0x800071f8 (0x00c09393) slli    t2, ra, 12
core   0: 3 0x800071f8 (0x00c09393) x 7 0x00000000
core   0: 0x800071fc (0x00000013) nop
core   0: 3 0x800071fc (0x00000013)
core   0: 0x80007200 (0x01cabe33) sltu    t3, s5, t3
core   0: 3 0x80007200 (0x01cabe33) x28 0x00000000
core   0: 0x80007204 (0x41c65013) srai    zero, a2, 28
core   0: 3 0x80007204 (0x41c65013)
core   0: 0x80007208 (0x00000013) nop
core   0: 3 0x80007208 (0x00000013)
core   0: 0x8000720c (0x01e85ab3) srl     s5, a6, t5
core   0: 3 0x8000720c (0x01e85ab3) x21 0x03fe4508
core   0: 0x80007210 (0x9bfe7a93) andi    s5, t3, -1601
core   0: 3 0x80007210 (0x9bfe7a93) x21 0x00000000
core   0: 0x80007214 (0x4169dd13) srai    s10, s3, 22
core   0: 3 0x80007214 (0x4169dd13) x26 0xfffffe00
core   0: 0x80007218 (0x00add733) srl     a4, s11, a0
core   0: 3 0x80007218 (0x00add733) x14 0x0fffffff
core   0: 0x8000721c (0x012a3133) sltu    sp, s4, s2
core   0: 3 0x8000721c (0x012a3133) x 2 0x00000001
core   0: 0x80007220 (0x5ef42493) slti    s1, s0, 1519
core   0: 3 0x80007220 (0x5ef42493) x 9 0x00000001
core   0: 0x80007224 (0x00cb4833) xor     a6, s6, a2
core   0: 3 0x80007224 (0x00cb4833) x16 0x00000274
core   0: 0x80007228 (0x0016fab3) and     s5, a3, ra
core   0: 3 0x80007228 (0x0016fab3) x21 0x00000000
core   0: 0x8000722c (0xd4276013) ori     zero, a4, -702
core   0: 3 0x8000722c (0xd4276013)
core   0: 0x80007230 (0x002f0633) add     a2, t5, sp
core   0: 3 0x80007230 (0x002f0633) x12 0xdb7cbc27
core   0: 0x80007234 (0x01cb5e93) srli    t4, s6, 28
core   0: 3 0x80007234 (0x01cb5e93) x29 0x00000000
core   0: 0x80007238 (0xc01c4a13) xori    s4, s8, -1023
core   0: 3 0x80007238 (0xc01c4a13) x20 0x7ffea0e5
core   0: 0x8000723c (0x019dbeb3) sltu    t4, s11, s9
core   0: 3 0x8000723c (0x019dbeb3) x29 0x00000000
core   0: 0x80007240 (0x00449413) slli    s0, s1, 4
core   0: 3 0x80007240 (0x00449413) x 8 0x00000010
core   0: 0x80007244 (0x0169d933) srl     s2, s3, s6
core   0: 3 0x80007244 (0x0169d933) x18 0x80000000
core   0: 0x80007248 (0x01e7da33) srl     s4, a5, t5
core   0: 3 0x80007248 (0x01e7da33) x20 0x03ffc000
core   0: 0x8000724c (0x00000013) nop
core   0: 3 0x8000724c (0x00000013)
core   0: 0x80007250 (0x01cab1b3) sltu    gp, s5, t3
core   0: 3 0x80007250 (0x01cab1b3) x 3 0x00000000
core   0: 0x80007254 (0x00937933) and     s2, t1, s1
core   0: 3 0x80007254 (0x00937933) x18 0x00000000
core   0: 0x80007258 (0x0c5afa93) andi    s5, s5, 197
core   0: 3 0x80007258 (0x0c5afa93) x21 0x00000000
core   0: 0x8000725c (0x5d62a013) slti    zero, t0, 1494
core   0: 3 0x8000725c (0x5d62a013)
core   0: 0x80007260 (0x4020d2b3) sra     t0, ra, sp
core   0: 3 0x80007260 (0x4020d2b3) x 5 0x00000000
core   0: 0x80007264 (0x01eaf033) and     zero, s5, t5
core   0: 3 0x80007264 (0x01eaf033)
core   0: 0x80007268 (0x40b388b3) sub     a7, t2, a1
core   0: 3 0x80007268 (0x40b388b3) x17 0x00000000
core   0: 0x8000726c (0x2f670437) lui     s0, 0x2f670
core   0: 3 0x8000726c (0x2f670437) x 8 0x2f670000
core   0: 0x80007270 (0x9f6dfa13) andi    s4, s11, -1546
core   0: 3 0x80007270 (0x9f6dfa13) x20 0xfffff9f6
core   0: 0x80007274 (0x01e696b3) sll     a3, a3, t5
core   0: 3 0x80007274 (0x01e696b3) x13 0x00014c00
core   0: 0x80007278 (0x25496a93) ori     s5, s2, 596
core   0: 3 0x80007278 (0x25496a93) x21 0x00000254
core   0: 0x8000727c (0xe4a620b7) lui     ra, 0xe4a62
core   0: 3 0x8000727c (0xe4a620b7) x 1 0xe4a62000
core   0: 0x80007280 (0x9799f913) andi    s2, s3, -1671
core   0: 3 0x80007280 (0x9799f913) x18 0x80000000
core   0: 0x80007284 (0x00c700b3) add     ra, a4, a2
core   0: 3 0x80007284 (0x00c700b3) x 1 0xeb7cbc26
core   0: 0x80007288 (0x0151c133) xor     sp, gp, s5
core   0: 3 0x80007288 (0x0151c133) x 2 0x00000254
core   0: 0x8000728c (0x4160d8b3) sra     a7, ra, s6
core   0: 3 0x8000728c (0x4160d8b3) x17 0xeb7cbc26
core   0: 0x80007290 (0x41370eb3) sub     t4, a4, s3
core   0: 3 0x80007290 (0x41370eb3) x29 0x8fffffff
core   0: 0x80007294 (0x004b2f33) slt     t5, s6, tp
core   0: 3 0x80007294 (0x004b2f33) x30 0x00000000
core   0: 0x80007298 (0x0131bc33) sltu    s8, gp, s3
core   0: 3 0x80007298 (0x0131bc33) x24 0x00000001
core   0: 0x8000729c (0x00c80b33) add     s6, a6, a2
core   0: 3 0x8000729c (0x00c80b33) x22 0xdb7cbe9b
core   0: 0x800072a0 (0x2ce5dc97) auipc   s9, 0x2ce5d
core   0: 3 0x800072a0 (0x2ce5dc97) x25 0xace642a0
core   0: 0x800072a4 (0x001cd413) srli    s0, s9, 1
core   0: 3 0x800072a4 (0x001cd413) x 8 0x56732150
core   0: 0x800072a8 (0x00cddd93) srli    s11, s11, 12
core   0: 3 0x800072a8 (0x00cddd93) x27 0x000fffff
core   0: 0x800072ac (0xdc137893) andi    a7, t1, -575
core   0: 3 0x800072ac (0xdc137893) x17 0x00000000
core   0: 0x800072b0 (0x5dd06113) ori     sp, zero, 1501
core   0: 3 0x800072b0 (0x5dd06113) x 2 0x000005dd
core   0: 0x800072b4 (0xe2f0b013) sltiu   zero, ra, -465
core   0: 3 0x800072b4 (0xe2f0b013)
core   0: 0x800072b8 (0x00e925b3) slt     a1, s2, a4
core   0: 3 0x800072b8 (0x00e925b3) x11 0x00000001
core   0: 0x800072bc (0x6b178c13) addi    s8, a5, 1713
core   0: 3 0x800072bc (0x6b178c13) x24 0xfff006e6
core   0: 0x800072c0 (0x00da04b3) add     s1, s4, a3
core   0: 3 0x800072c0 (0x00da04b3) x 9 0x000145f6
core   0: 0x800072c4 (0xd62cd817) auipc   a6, 0xd62cd
core   0: 3 0x800072c4 (0xd62cd817) x16 0x562d42c4
core   0: 0x800072c8 (0x01906e33) or      t3, zero, s9
core   0: 3 0x800072c8 (0x01906e33) x28 0xace642a0
core   0: 0x800072cc (0xd7e16013) ori     zero, sp, -642
core   0: 3 0x800072cc (0xd7e16013)
core   0: 0x800072d0 (0x01a69bb3) sll     s7, a3, s10
core   0: 3 0x800072d0 (0x01a69bb3) x23 0x00014c00
core   0: 0x800072d4 (0x139e8a13) addi    s4, t4, 313
core   0: 3 0x800072d4 (0x139e8a13) x20 0x90000138
core   0: 0x800072d8 (0x012b9033) sll     zero, s7, s2
core   0: 3 0x800072d8 (0x012b9033)
core   0: 0x800072dc (0x93c6c893) xori    a7, a3, -1732
core   0: 3 0x800072dc (0x93c6c893) x17 0xfffeb53c
core   0: 0x800072e0 (0x00a1c433) xor     s0, gp, a0
core   0: 3 0x800072e0 (0x00a1c433) x 8 0x80015ce4
core   0: 0x800072e4 (0x01be5db3) srl     s11, t3, s11
core   0: 3 0x800072e4 (0x01be5db3) x27 0x00000001
core   0: 0x800072e8 (0x01a50433) add     s0, a0, s10
core   0: 3 0x800072e8 (0x01a50433) x 8 0x80015ae4
core   0: 0x800072ec (0x008dbe33) sltu    t3, s11, s0
core   0: 3 0x800072ec (0x008dbe33) x28 0x00000001
core   0: 0x800072f0 (0x01333cb3) sltu    s9, t1, s3
core   0: 3 0x800072f0 (0x01333cb3) x25 0x00000001
core   0: 0x800072f4 (0x7156f713) andi    a4, a3, 1813
core   0: 3 0x800072f4 (0x7156f713) x14 0x00000400
core   0: 0x800072f8 (0x00ae4333) xor     t1, t3, a0
core   0: 3 0x800072f8 (0x00ae4333) x 6 0x80015ce5
core   0: 0x800072fc (0x7a924a93) xori    s5, tp, 1961
core   0: 3 0x800072fc (0x7a924a93) x21 0x800119cd
core   0: 0x80007300 (0xc4e74d37) lui     s10, 0xc4e74
core   0: 3 0x80007300 (0xc4e74d37) x26 0xc4e74000
core   0: 0x80007304 (0x01bd2033) slt     zero, s10, s11
core   0: 3 0x80007304 (0x01bd2033)
core   0: 0x80007308 (0x4107d413) srai    s0, a5, 16
core   0: 3 0x80007308 (0x4107d413) x 8 0xfffffff0
core   0: 0x8000730c (0xd1483013) sltiu   zero, a6, -748
core   0: 3 0x8000730c (0xd1483013)
core   0: 0x80007310 (0xc6c50813) addi    a6, a0, -916
core   0: 3 0x80007310 (0xc6c50813) x16 0x80015950
core   0: 0x80007314 (0x41565f13) srai    t5, a2, 21
core   0: 3 0x80007314 (0x41565f13) x30 0xfffffedb
core   0: 0x80007318 (0x0092e833) or      a6, t0, s1
core   0: 3 0x80007318 (0x0092e833) x16 0x000145f6
core   0: 0x8000731c (0x01ccf033) and     zero, s9, t3
core   0: 3 0x8000731c (0x01ccf033)
core   0: 0x80007320 (0xdcfa1937) lui     s2, 0xdcfa1
core   0: 3 0x80007320 (0xdcfa1937) x18 0xdcfa1000
core   0: 0x80007324 (0x1ede7eb7) lui     t4, 0x1ede7
core   0: 3 0x80007324 (0x1ede7eb7) x29 0x1ede7000
core   0: 0x80007328 (0xb7d10317) auipc   t1, 0xb7d10
core   0: 3 0x80007328 (0xb7d10317) x 6 0x37d17328
core   0: 0x8000732c (0x018d5033) srl     zero, s10, s8
core   0: 3 0x8000732c (0x018d5033)
core   0: 0x80007330 (0x012e08b3) add     a7, t3, s2
core   0: 3 0x80007330 (0x012e08b3) x17 0xdcfa1001
core   0: 0x80007334 (0x0044cfb3) xor     t6, s1, tp
core   0: 3 0x80007334 (0x0044cfb3) x31 0x80005b92
core   0: 0x80007338 (0xb0f4cd13) xori    s10, s1, -1265
core   0: 3 0x80007338 (0xb0f4cd13) x26 0xfffebef9
core   0: 0x8000733c (0x13acab13) slti    s6, s9, 314
core   0: 3 0x8000733c (0x13acab13) x22 0x00000001
core   0: 0x80007340 (0x00d184b3) add     s1, gp, a3
core   0: 3 0x80007340 (0x00d184b3) x 9 0x00014c00
core   0: 0x80007344 (0x2e5b2613) slti    a2, s6, 741
core   0: 3 0x80007344 (0x2e5b2613) x12 0x00000001
core   0: 0x80007348 (0x018a3433) sltu    s0, s4, s8
core   0: 3 0x80007348 (0x018a3433) x 8 0x00000001
core   0: 0x8000734c (0x008e32b3) sltu    t0, t3, s0
core   0: 3 0x8000734c (0x008e32b3) x 5 0x00000000
core   0: 0x80007350 (0xf0baba93) sltiu   s5, s5, -245
core   0: 3 0x80007350 (0xf0baba93) x21 0x00000001
core   0: 0x80007354 (0x00000013) nop
core   0: 3 0x80007354 (0x00000013)
core   0: 0x80007358 (0x00529a13) slli    s4, t0, 5
core   0: 3 0x80007358 (0x00529a13) x20 0x00000000
core   0: 0x8000735c (0xc672e093) ori     ra, t0, -921
core   0: 3 0x8000735c (0xc672e093) x 1 0xfffffc67
core   0: 0x80007360 (0x4df04d17) auipc   s10, 0x4df04
core   0: 3 0x80007360 (0x4df04d17) x26 0xcdf0b360
core   0: 0x80007364 (0xac8b0937) lui     s2, 0xac8b0
core   0: 3 0x80007364 (0xac8b0937) x18 0xac8b0000
core   0: 0x80007368 (0x00a08733) add     a4, ra, a0
core   0: 3 0x80007368 (0x00a08733) x14 0x8001594b
core   0: 0x8000736c (0x00acc333) xor     t1, s9, a0
core   0: 3 0x8000736c (0x00acc333) x 6 0x80015ce5
core   0: 0x80007370 (0x89e5e4b7) lui     s1, 0x89e5e
core   0: 3 0x80007370 (0x89e5e4b7) x 9 0x89e5e000
core   0: 0x80007374 (0x01baa033) slt     zero, s5, s11
core   0: 3 0x80007374 (0x01baa033)
core   0: 0x80007378 (0xb4d07437) lui     s0, 0xb4d07
core   0: 3 0x80007378 (0xb4d07437) x 8 0xb4d07000
core   0: 0x8000737c (0x0173ea33) or      s4, t2, s7
core   0: 3 0x8000737c (0x0173ea33) x20 0x00014c00
core   0: 0x80007380 (0x40a45133) sra     sp, s0, a0
core   0: 3 0x80007380 (0x40a45133) x 2 0xfb4d0700
core   0: 0x80007384 (0x939a0a13) addi    s4, s4, -1735
core   0: 3 0x80007384 (0x939a0a13) x20 0x00014539
core   0: 0x80007388 (0x0007dd13) srli    s10, a5, 0
core   0: 3 0x80007388 (0x0007dd13) x26 0xfff00035
core   0: 0x8000738c (0x739b3b13) sltiu   s6, s6, 1849
core   0: 3 0x8000738c (0x739b3b13) x22 0x00000001
core   0: 0x80007390 (0x7b477713) andi    a4, a4, 1972
core   0: 3 0x80007390 (0x7b477713) x14 0x00000100
core   0: 0x80007394 (0x005e56b3) srl     a3, t3, t0
core   0: 3 0x80007394 (0x005e56b3) x13 0x00000001
core   0: 0x80007398 (0xc6b18b93) addi    s7, gp, -917
core   0: 3 0x80007398 (0xc6b18b93) x23 0xfffffc6b
core   0: 0x8000739c (0xd0336837) lui     a6, 0xd0336
core   0: 3 0x8000739c (0xd0336837) x16 0xd0336000
core   0: 0x800073a0 (0x01dcbdb3) sltu    s11, s9, t4
core   0: 3 0x800073a0 (0x01dcbdb3) x27 0x00000001
core   0: 0x800073a4 (0x00f7c7b3) xor     a5, a5, a5
core   0: 3 0x800073a4 (0x00f7c7b3) x15 0x00000000
core   0: 0x800073a8 (0x30bae713) ori     a4, s5, 779
core   0: 3 0x800073a8 (0x30bae713) x14 0x0000030b
core   0: 0x800073ac (0x017b75b3) and     a1, s6, s7
core   0: 3 0x800073ac (0x017b75b3) x11 0x00000001
core   0: 0x800073b0 (0x00000013) nop
core   0: 3 0x800073b0 (0x00000013)
core   0: 0x800073b4 (0x01821633) sll     a2, tp, s8
core   0: 3 0x800073b4 (0x01821633) x12 0x00479900
core   0: 0x800073b8 (0x0121e7b3) or      a5, gp, s2
core   0: 3 0x800073b8 (0x0121e7b3) x15 0xac8b0000
core   0: 0x800073bc (0x38d47793) andi    a5, s0, 909
core   0: 3 0x800073bc (0x38d47793) x15 0x00000000
core   0: 0x800073c0 (0xd0022113) slti    sp, tp, -768
core   0: 3 0x800073c0 (0xd0022113) x 2 0x00000001
core   0: 0x800073c4 (0x006c4433) xor     s0, s8, t1
core   0: 3 0x800073c4 (0x006c4433) x 8 0x7ff15a03
core   0: 0x800073c8 (0x00259333) sll     t1, a1, sp
core   0: 3 0x800073c8 (0x00259333) x 6 0x00000002
core   0: 0x800073cc (0x31cf0e13) addi    t3, t5, 796
core   0: 3 0x800073cc (0x31cf0e13) x28 0x000001f7
core   0: 0x800073d0 (0x00000013) nop
core   0: 3 0x800073d0 (0x00000013)
core   0: 0x800073d4 (0x01dada33) srl     s4, s5, t4
core   0: 3 0x800073d4 (0x01dada33) x20 0x00000001
core   0: 0x800073d8 (0x3bb16193) ori     gp, sp, 955
core   0: 3 0x800073d8 (0x3bb16193) x 3 0x000003bb
core   0: 0x800073dc (0x3ca50893) addi    a7, a0, 970
core   0: 3 0x800073dc (0x3ca50893) x17 0x800160ae
core   0: 0x800073e0 (0x011596b3) sll     a3, a1, a7
core   0: 3 0x800073e0 (0x011596b3) x13 0x00004000
core   0: 0x800073e4 (0x01032833) slt     a6, t1, a6
core   0: 3 0x800073e4 (0x01032833) x16 0x00000000
core   0: 0x800073e8 (0x00000013) nop
core   0: 3 0x800073e8 (0x00000013)
core   0: 0x800073ec (0x09396837) lui     a6, 0x9396
core   0: 3 0x800073ec (0x09396837) x16 0x09396000
core   0: 0x800073f0 (0x06308893) addi    a7, ra, 99
core   0: 3 0x800073f0 (0x06308893) x17 0xfffffcca
core   0: 0x800073f4 (0x00459c33) sll     s8, a1, tp
core   0: 3 0x800073f4 (0x00459c33) x24 0x00000010
core   0: 0x800073f8 (0x41988933) sub     s2, a7, s9
core   0: 3 0x800073f8 (0x41988933) x18 0xfffffcc9
core   0: 0x800073fc (0xa6a54793) xori    a5, a0, -1430
core   0: 3 0x800073fc (0xa6a54793) x15 0x7ffea68e
core   0: 0x80007400 (0x40075f93) srai    t6, a4, 0
core   0: 3 0x80007400 (0x40075f93) x31 0x0000030b
core   0: 0x80007404 (0xd9044f13) xori    t5, s0, -624
core   0: 3 0x80007404 (0xd9044f13) x30 0x800ea793
core   0: 0x80007408 (0x411456b3) sra     a3, s0, a7
core   0: 3 0x80007408 (0x411456b3) x13 0x001ffc56
core   0: 0x8000740c (0x41960833) sub     a6, a2, s9
core   0: 3 0x8000740c (0x41960833) x16 0x004798ff
core   0: 0x80007410 (0x01a0dbb3) srl     s7, ra, s10
core   0: 3 0x80007410 (0x01a0dbb3) x23 0x000007ff
core   0: 0x80007414 (0x001a21b3) slt     gp, s4, ra
core   0: 3 0x80007414 (0x001a21b3) x 3 0x00000000
core   0: 0x80007418 (0x41355d33) sra     s10, a0, s3
core   0: 3 0x80007418 (0x41355d33) x26 0x80015ce4
core   0: 0x8000741c (0x401e5a13) srai    s4, t3, 1
core   0: 3 0x8000741c (0x401e5a13) x20 0x000000fb
core   0: 0x80007420 (0x01980ab3) add     s5, a6, s9
core   0: 3 0x80007420 (0x01980ab3) x21 0x00479900
core   0: 0x80007424 (0x01e65d93) srli    s11, a2, 30
core   0: 3 0x80007424 (0x01e65d93) x27 0x00000000
core   0: 0x80007428 (0x00464c33) xor     s8, a2, tp
core   0: 3 0x80007428 (0x00464c33) x24 0x80468764
core   0: 0x8000742c (0x018c9a33) sll     s4, s9, s8
core   0: 3 0x8000742c (0x018c9a33) x20 0x00000010
core   0: 0x80007430 (0x27258d93) addi    s11, a1, 626
core   0: 3 0x80007430 (0x27258d93) x27 0x00000273
core   0: 0x80007434 (0x8e05c193) xori    gp, a1, -1824
core   0: 3 0x80007434 (0x8e05c193) x 3 0xfffff8e1
core   0: 0x80007438 (0x7b6b2d13) slti    s10, s6, 1974
core   0: 3 0x80007438 (0x7b6b2d13) x26 0x00000001
core   0: 0x8000743c (0x40570eb3) sub     t4, a4, t0
core   0: 3 0x8000743c (0x40570eb3) x29 0x0000030b
core   0: 0x80007440 (0xfff00713) li      a4, -1
core   0: 3 0x80007440 (0xfff00713) x14 0xffffffff
core   0: 0x80007444 (0x00000913) li      s2, 0
core   0: 3 0x80007444 (0x00000913) x18 0x00000000
core   0: 0x80007448 (0xfff00813) li      a6, -1
core   0: 3 0x80007448 (0xfff00813) x16 0xffffffff
core   0: 0x8000744c (0x80000f37) lui     t5, 0x80000
core   0: 3 0x8000744c (0x80000f37) x30 0x80000000
core   0: 0x80007450 (0x80000137) lui     sp, 0x80000
core   0: 3 0x80007450 (0x80000137) x 2 0x80000000
core   0: 0x80007454 (0x5ea995b7) lui     a1, 0x5ea99
core   0: 3 0x80007454 (0x5ea995b7) x11 0x5ea99000
core   0: 0x80007458 (0x1c358593) addi    a1, a1, 451
core   0: 3 0x80007458 (0x1c358593) x11 0x5ea991c3
core   0: 0x8000745c (0x00000c93) li      s9, 0
core   0: 3 0x8000745c (0x00000c93) x25 0x00000000
core   0: 0x80007460 (0x800000b7) lui     ra, 0x80000
core   0: 3 0x80007460 (0x800000b7) x 1 0x80000000
core   0: 0x80007464 (0x800008b7) lui     a7, 0x80000
core   0: 3 0x80007464 (0x800008b7) x17 0x80000000
core   0: 0x80007468 (0x800004b7) lui     s1, 0x80000
core   0: 3 0x80007468 (0x800004b7) x 9 0x80000000
core   0: 0x8000746c (0x93c02f17) auipc   t5, 0x93c02
core   0: 3 0x8000746c (0x93c02f17) x30 0x13c0946c
core   0: 0x80007470 (0x00000013) nop
core   0: 3 0x80007470 (0x00000013)
core   0: 0x80007474 (0x6d8a64b7) lui     s1, 0x6d8a6
core   0: 3 0x80007474 (0x6d8a64b7) x 9 0x6d8a6000
core   0: 0x80007478 (0x5ce70093) addi    ra, a4, 1486
core   0: 3 0x80007478 (0x5ce70093) x 1 0x000005cd
core   0: 0x8000747c (0x01258733) add     a4, a1, s2
core   0: 3 0x8000747c (0x01258733) x14 0x5ea991c3
core   0: 0x80007480 (0x00000013) nop
core   0: 3 0x80007480 (0x00000013)
core   0: 0x80007484 (0x58a70713) addi    a4, a4, 1418
core   0: 3 0x80007484 (0x58a70713) x14 0x5ea9974d
core   0: 0x80007488 (0x00000013) nop
core   0: 3 0x80007488 (0x00000013)
core   0: 0x8000748c (0xf13a7737) lui     a4, 0xf13a7
core   0: 3 0x8000748c (0xf13a7737) x14 0xf13a7000
core   0: 0x80007490 (0x00000013) nop
core   0: 3 0x80007490 (0x00000013)
core   0: 0x80007494 (0xed12ac97) auipc   s9, 0xed12a
core   0: 3 0x80007494 (0xed12ac97) x25 0x6d131494
core   0: 0x80007498 (0x010f00b3) add     ra, t5, a6
core   0: 3 0x80007498 (0x010f00b3) x 1 0x13c0946b
core   0: 0x8000749c (0x19dddc97) auipc   s9, 0x19ddd
core   0: 3 0x8000749c (0x19dddc97) x25 0x99de449c
core   0: 0x800074a0 (0x0689f5b7) lui     a1, 0x689f
core   0: 3 0x800074a0 (0x0689f5b7) x11 0x0689f000
core   0: 0x800074a4 (0x29490c93) addi    s9, s2, 660
core   0: 3 0x800074a4 (0x29490c93) x25 0x00000294
core   0: 0x800074a8 (0x0be5c737) lui     a4, 0xbe5c
core   0: 3 0x800074a8 (0x0be5c737) x14 0x0be5c000
core   0: 0x800074ac (0x011f0833) add     a6, t5, a7
core   0: 3 0x800074ac (0x011f0833) x16 0x93c0946c
core   0: 0x800074b0 (0x00e58733) add     a4, a1, a4
core   0: 3 0x800074b0 (0x00e58733) x14 0x126fb000
core   0: 0x800074b4 (0x4ec74d93) xori    s11, a4, 1260
core   0: 3 0x800074b4 (0x4ec74d93) x27 0x126fb4ec
core   0: 0x800074b8 (0x0121f933) and     s2, gp, s2
core   0: 3 0x800074b8 (0x0121f933) x18 0x00000000
core   0: 0x800074bc (0x00b9ae33) slt     t3, s3, a1
core   0: 3 0x800074bc (0x00b9ae33) x28 0x00000001
core   0: 0x800074c0 (0x01a7da13) srli    s4, a5, 26
core   0: 3 0x800074c0 (0x01a7da13) x20 0x0000001f
core   0: 0x800074c4 (0x0153a1b3) slt     gp, t2, s5
core   0: 3 0x800074c4 (0x0153a1b3) x 3 0x00000001
core   0: 0x800074c8 (0x63b88b93) addi    s7, a7, 1595
core   0: 3 0x800074c8 (0x63b88b93) x23 0x8000063b
core   0: 0x800074cc (0x167d3893) sltiu   a7, s10, 359
core   0: 3 0x800074cc (0x167d3893) x17 0x00000001
core   0: 0x800074d0 (0x00fe1bb3) sll     s7, t3, a5
core   0: 3 0x800074d0 (0x00fe1bb3) x23 0x00004000
core   0: 0x800074d4 (0x00e2e033) or      zero, t0, a4
core   0: 3 0x800074d4 (0x00e2e033)
core   0: 0x800074d8 (0x417fd333) sra     t1, t6, s7
core   0: 3 0x800074d8 (0x417fd333) x 6 0x0000030b
core   0: 0x800074dc (0xc7602793) slti    a5, zero, -906
core   0: 3 0x800074dc (0xc7602793) x15 0x00000000
core   0: 0x800074e0 (0x8e5c2a93) slti    s5, s8, -1819
core   0: 3 0x800074e0 (0x8e5c2a93) x21 0x00000001
core   0: 0x800074e4 (0x010cdf93) srli    t6, s9, 16
core   0: 3 0x800074e4 (0x010cdf93) x31 0x00000000
core   0: 0x800074e8 (0x407ad433) sra     s0, s5, t2
core   0: 3 0x800074e8 (0x407ad433) x 8 0x00000001
core   0: 0x800074ec (0x025a0013) addi    zero, s4, 37
core   0: 3 0x800074ec (0x025a0013)
core   0: 0x800074f0 (0x011a9e13) slli    t3, s5, 17
core   0: 3 0x800074f0 (0x011a9e13) x28 0x00020000
core   0: 0x800074f4 (0x66323c93) sltiu   s9, tp, 1635
core   0: 3 0x800074f4 (0x66323c93) x25 0x00000000
core   0: 0x800074f8 (0x0036df13) srli    t5, a3, 3
core   0: 3 0x800074f8 (0x0036df13) x30 0x0003ff8a
core   0: 0x800074fc (0x01ed4933) xor     s2, s10, t5
core   0: 3 0x800074fc (0x01ed4933) x18 0x0003ff8b
core   0: 0x80007500 (0x005485b3) add     a1, s1, t0
core   0: 3 0x80007500 (0x005485b3) x11 0x6d8a6000
core   0: 0x80007504 (0x26120913) addi    s2, tp, 609
core   0: 3 0x80007504 (0x26120913) x18 0x800120c5
core   0: 0x80007508 (0x00881bb3) sll     s7, a6, s0
core   0: 3 0x80007508 (0x00881bb3) x23 0x278128d8
core   0: 0x8000750c (0xfff00713) li      a4, -1
core   0: 3 0x8000750c (0xfff00713) x14 0xffffffff
core   0: 0x80007510 (0xfff00693) li      a3, -1
core   0: 3 0x80007510 (0xfff00693) x13 0xffffffff
core   0: 0x80007514 (0x00000313) li      t1, 0
core   0: 3 0x80007514 (0x00000313) x 6 0x00000000
core   0: 0x80007518 (0xc1cbd137) lui     sp, 0xc1cbd
core   0: 3 0x80007518 (0xc1cbd137) x 2 0xc1cbd000
core   0: 0x8000751c (0x18410113) addi    sp, sp, 388
core   0: 3 0x8000751c (0x18410113) x 2 0xc1cbd184
core   0: 0x80007520 (0x80000bb7) lui     s7, 0x80000
core   0: 3 0x80007520 (0x80000bb7) x23 0x80000000
core   0: 0x80007524 (0x00000613) li      a2, 0
core   0: 3 0x80007524 (0x00000613) x12 0x00000000
core   0: 0x80007528 (0x11f657b7) lui     a5, 0x11f65
core   0: 3 0x80007528 (0x11f657b7) x15 0x11f65000
core   0: 0x8000752c (0x52378793) addi    a5, a5, 1315
core   0: 3 0x8000752c (0x52378793) x15 0x11f65523
core   0: 0x80007530 (0xfff00093) li      ra, -1
core   0: 3 0x80007530 (0xfff00093) x 1 0xffffffff
core   0: 0x80007534 (0xf267dc37) lui     s8, 0xf267d
core   0: 3 0x80007534 (0xf267dc37) x24 0xf267d000
core   0: 0x80007538 (0xac5c0c13) addi    s8, s8, -1339
core   0: 3 0x80007538 (0xac5c0c13) x24 0xf267cac5
core   0: 0x8000753c (0x66c253b7) lui     t2, 0x66c25
core   0: 3 0x8000753c (0x66c253b7) x 7 0x66c25000
core   0: 0x80007540 (0x99838393) addi    t2, t2, -1640
core   0: 3 0x80007540 (0x99838393) x 7 0x66c24998
core   0: 0x80007544 (0x40cb86b3) sub     a3, s7, a2
core   0: 3 0x80007544 (0x40cb86b3) x13 0x80000000
core   0: 0x80007548 (0xf01bec17) auipc   s8, 0xf01be
core   0: 3 0x80007548 (0xf01bec17) x24 0x701c5548
core   0: 0x8000754c (0x00730bb3) add     s7, t1, t2
core   0: 3 0x8000754c (0x00730bb3) x23 0x66c24998
core   0: 0x80007550 (0x00000013) nop
core   0: 3 0x80007550 (0x00000013)
core   0: 0x80007554 (0x24025bb7) lui     s7, 0x24025
core   0: 3 0x80007554 (0x24025bb7) x23 0x24025000
core   0: 0x80007558 (0x2eb60693) addi    a3, a2, 747
core   0: 3 0x80007558 (0x2eb60693) x13 0x000002eb
core   0: 0x8000755c (0x401c00b3) sub     ra, s8, ra
core   0: 3 0x8000755c (0x401c00b3) x 1 0x701c5549
core   0: 0x80007560 (0x7c669bb7) lui     s7, 0x7c669
core   0: 3 0x80007560 (0x7c669bb7) x23 0x7c669000
core   0: 0x80007564 (0xa2f60c13) addi    s8, a2, -1489
core   0: 3 0x80007564 (0xa2f60c13) x24 0xfffffa2f
core   0: 0x80007568 (0x150d3797) auipc   a5, 0x150d3
core   0: 3 0x80007568 (0x150d3797) x15 0x950da568
core   0: 0x8000756c (0x00d68133) add     sp, a3, a3
core   0: 3 0x8000756c (0x00d68133) x 2 0x000005d6
core   0: 0x80007570 (0x791d3bb7) lui     s7, 0x791d3
core   0: 3 0x80007570 (0x791d3bb7) x23 0x791d3000
core   0: 0x80007574 (0x2474f717) auipc   a4, 0x2474f
core   0: 3 0x80007574 (0x2474f717) x14 0xa4756574
core   0: 0x80007578 (0x20b77c37) lui     s8, 0x20b77
core   0: 3 0x80007578 (0x20b77c37) x24 0x20b77000
core   0: 0x8000757c (0x40138133) sub     sp, t2, ra
core   0: 3 0x8000757c (0x40138133) x 2 0xf6a5f44f
core   0: 0x80007580 (0x72a3e117) auipc   sp, 0x72a3e
core   0: 3 0x80007580 (0x72a3e117) x 2 0xf2a45580
core   0: 0x80007584 (0x00768c33) add     s8, a3, t2
core   0: 3 0x80007584 (0x00768c33) x24 0x66c24c83
core   0: 0x80007588 (0x00000013) nop
core   0: 3 0x80007588 (0x00000013)
core   0: 0x8000758c (0x407b80b3) sub     ra, s7, t2
core   0: 3 0x8000758c (0x407b80b3) x 1 0x125ae668
core   0: 0x80007590 (0x00000013) nop
core   0: 3 0x80007590 (0x00000013)
core   0: 0x80007594 (0x00248cb3) add     s9, s1, sp
core   0: 3 0x80007594 (0x00248cb3) x25 0x602eb580
core   0: 0x80007598 (0x00dddc13) srli    s8, s11, 13
core   0: 3 0x80007598 (0x00dddc13) x24 0x0000937d
core   0: 0x8000759c (0x5bb60d17) auipc   s10, 0x5bb60
core   0: 3 0x8000759c (0x5bb60d17) x26 0xdbb6759c
core   0: 0x800075a0 (0x00000013) nop
core   0: 3 0x800075a0 (0x00000013)
core   0: 0x800075a4 (0x414add33) sra     s10, s5, s4
core   0: 3 0x800075a4 (0x414add33) x26 0x00000000
core   0: 0x800075a8 (0x008dd413) srli    s0, s11, 8
core   0: 3 0x800075a8 (0x008dd413) x 8 0x00126fb4
core   0: 0x800075ac (0x78c36193) ori     gp, t1, 1932
core   0: 3 0x800075ac (0x78c36193) x 3 0x0000078c
core   0: 0x800075b0 (0x01f21193) slli    gp, tp, 31
core   0: 3 0x800075b0 (0x01f21193) x 3 0x00000000
core   0: 0x800075b4 (0xfc117cb7) lui     s9, 0xfc117
core   0: 3 0x800075b4 (0xfc117cb7) x25 0xfc117000
core   0: 0x800075b8 (0x014ed193) srli    gp, t4, 20
core   0: 3 0x800075b8 (0x014ed193) x 3 0x00000000
core   0: 0x800075bc (0x00582f33) slt     t5, a6, t0
core   0: 3 0x800075bc (0x00582f33) x30 0x00000001
core   0: 0x800075c0 (0x0143d813) srli    a6, t2, 20
core   0: 3 0x800075c0 (0x0143d813) x16 0x0000066c
core   0: 0x800075c4 (0x40165933) sra     s2, a2, ra
core   0: 3 0x800075c4 (0x40165933) x18 0x00000000
core   0: 0x800075c8 (0x0079b013) sltiu   zero, s3, 7
core   0: 3 0x800075c8 (0x0079b013)
core   0: 0x800075cc (0x40b50633) sub     a2, a0, a1
core   0: 3 0x800075cc (0x40b50633) x12 0x1276fce4
core   0: 0x800075d0 (0x01cc0333) add     t1, s8, t3
core   0: 3 0x800075d0 (0x01cc0333) x 6 0x0002937d
core   0: 0x800075d4 (0x415504b3) sub     s1, a0, s5
core   0: 3 0x800075d4 (0x415504b3) x 9 0x80015ce3
core   0: 0x800075d8 (0x01472d33) slt     s10, a4, s4
core   0: 3 0x800075d8 (0x01472d33) x26 0x00000001
core   0: 0x800075dc (0x00e20fb3) add     t6, tp, a4
core   0: 3 0x800075dc (0x00e20fb3) x31 0x247683d8
core   0: 0x800075e0 (0x001fb1b3) sltu    gp, t6, ra
core   0: 3 0x800075e0 (0x001fb1b3) x 3 0x00000000
core   0: 0x800075e4 (0x41c8dc13) srai    s8, a7, 28
core   0: 3 0x800075e4 (0x41c8dc13) x24 0x00000000
core   0: 0x800075e8 (0x7bbbb137) lui     sp, 0x7bbbb
core   0: 3 0x800075e8 (0x7bbbb137) x 2 0x7bbbb000
core   0: 0x800075ec (0x00f05893) srli    a7, zero, 15
core   0: 3 0x800075ec (0x00f05893) x17 0x00000000
core   0: 0x800075f0 (0x9ce13393) sltiu   t2, sp, -1586
core   0: 3 0x800075f0 (0x9ce13393) x 7 0x00000001
core   0: 0x800075f4 (0x00378eb3) add     t4, a5, gp
core   0: 3 0x800075f4 (0x00378eb3) x29 0x950da568
core   0: 0x800075f8 (0x9635b017) auipc   zero, 0x9635b
core   0: 3 0x800075f8 (0x9635b017)
core   0: 0x800075fc (0x28bbc813) xori    a6, s7, 651
core   0: 3 0x800075fc (0x28bbc813) x16 0x791d328b
core   0: 0x80007600 (0x416f8db3) sub     s11, t6, s6
core   0: 3 0x80007600 (0x416f8db3) x27 0x247683d7
core   0: 0x80007604 (0x01256133) or      sp, a0, s2
core   0: 3 0x80007604 (0x01256133) x 2 0x80015ce4
core   0: 0x80007608 (0x01f09333) sll     t1, ra, t6
core   0: 3 0x80007608 (0x01f09333) x 6 0x68000000
core   0: 0x8000760c (0x0160dd13) srli    s10, ra, 22
core   0: 3 0x8000760c (0x0160dd13) x26 0x00000049
core   0: 0x80007610 (0x00fd1e93) slli    t4, s10, 15
core   0: 3 0x80007610 (0x00fd1e93) x29 0x00248000
core   0: 0x80007614 (0x00000013) nop
core   0: 3 0x80007614 (0x00000013)
core   0: 0x80007618 (0x25252313) slti    t1, a0, 594
core   0: 3 0x80007618 (0x25252313) x 6 0x00000001
core   0: 0x8000761c (0x018458b3) srl     a7, s0, s8
core   0: 3 0x8000761c (0x018458b3) x17 0x00126fb4
core   0: 0x80007620 (0x002be933) or      s2, s7, sp
core   0: 3 0x80007620 (0x002be933) x18 0xf91d7ce4
core   0: 0x80007624 (0xb600ab13) slti    s6, ra, -1184
core   0: 3 0x80007624 (0xb600ab13) x22 0x00000000
core   0: 0x80007628 (0x7b721637) lui     a2, 0x7b721
core   0: 3 0x80007628 (0x7b721637) x12 0x7b721000
core   0: 0x8000762c (0x012cca33) xor     s4, s9, s2
core   0: 3 0x8000762c (0x012cca33) x20 0x050c0ce4
core   0: 0x80007630 (0x41c5d913) srai    s2, a1, 28
core   0: 3 0x80007630 (0x41c5d913) x18 0x00000006
core   0: 0x80007634 (0x0110f733) and     a4, ra, a7
core   0: 3 0x80007634 (0x0110f733) x14 0x00126620
core   0: 0x80007638 (0x00a6e633) or      a2, a3, a0
core   0: 3 0x80007638 (0x00a6e633) x12 0x80015eef
core   0: 0x8000763c (0xf6fd0013) addi    zero, s10, -145
core   0: 3 0x8000763c (0xf6fd0013)
core   0: 0x80007640 (0x017ddbb3) srl     s7, s11, s7
core   0: 3 0x80007640 (0x017ddbb3) x23 0x247683d7
core   0: 0x80007644 (0xfbff8413) addi    s0, t6, -65
core   0: 3 0x80007644 (0xfbff8413) x 8 0x24768397
core   0: 0x80007648 (0x006b92b3) sll     t0, s7, t1
core   0: 3 0x80007648 (0x006b92b3) x 5 0x48ed07ae
core   0: 0x8000764c (0x01c120b3) slt     ra, sp, t3
core   0: 3 0x8000764c (0x01c120b3) x 1 0x00000001
core   0: 0x80007650 (0xa9b4ee93) ori     t4, s1, -1381
core   0: 3 0x80007650 (0xa9b4ee93) x29 0xfffffefb
core   0: 0x80007654 (0x40018db3) sub     s11, gp, zero
core   0: 3 0x80007654 (0x40018db3) x27 0x00000000
core   0: 0x80007658 (0x00000013) nop
core   0: 3 0x80007658 (0x00000013)
core   0: 0x8000765c (0xf0238593) addi    a1, t2, -254
core   0: 3 0x8000765c (0xf0238593) x11 0xffffff03
core   0: 0x80007660 (0x001591b3) sll     gp, a1, ra
core   0: 3 0x80007660 (0x001591b3) x 3 0xfffffe06
core   0: 0x80007664 (0x013ed6b3) srl     a3, t4, s3
core   0: 3 0x80007664 (0x013ed6b3) x13 0xfffffefb
core   0: 0x80007668 (0x019541b3) xor     gp, a0, s9
core   0: 3 0x80007668 (0x019541b3) x 3 0x7c102ce4
core   0: 0x8000766c (0x005355b3) srl     a1, t1, t0
core   0: 3 0x8000766c (0x005355b3) x11 0x00000000
core   0: 0x80007670 (0x413b5433) sra     s0, s6, s3
core   0: 3 0x80007670 (0x413b5433) x 8 0x00000000
core   0: 0x80007674 (0x4bf0bc93) sltiu   s9, ra, 1215
core   0: 3 0x80007674 (0x4bf0bc93) x25 0x00000001
core   0: 0x80007678 (0x00f85633) srl     a2, a6, a5
core   0: 3 0x80007678 (0x00f85633) x12 0x00791d32
core   0: 0x8000767c (0x00000013) nop
core   0: 3 0x8000767c (0x00000013)
core   0: 0x80007680 (0x78d8c1b7) lui     gp, 0x78d8c
core   0: 3 0x80007680 (0x78d8c1b7) x 3 0x78d8c000
core   0: 0x80007684 (0x41ce5c33) sra     s8, t3, t3
core   0: 3 0x80007684 (0x41ce5c33) x24 0x00020000
core   0: 0x80007688 (0x41ec0bb3) sub     s7, s8, t5
core   0: 3 0x80007688 (0x41ec0bb3) x23 0x0001ffff
core   0: 0x8000768c (0x404687b3) sub     a5, a3, tp
core   0: 3 0x8000768c (0x404687b3) x15 0x7ffee097
core   0: 0x80007690 (0x018b4433) xor     s0, s6, s8
core   0: 3 0x80007690 (0x018b4433) x 8 0x00020000
core   0: 0x80007694 (0x00d572b3) and     t0, a0, a3
core   0: 3 0x80007694 (0x00d572b3) x 5 0x80015ce0
core   0: 0x80007698 (0xd0b3b293) sltiu   t0, t2, -757
core   0: 3 0x80007698 (0xd0b3b293) x 5 0x00000001
core   0: 0x8000769c (0x40bd5bb3) sra     s7, s10, a1
core   0: 3 0x8000769c (0x40bd5bb3) x23 0x00000049
core   0: 0x800076a0 (0x0017cdb3) xor     s11, a5, ra
core   0: 3 0x800076a0 (0x0017cdb3) x27 0x7ffee096
core   0: 0x800076a4 (0xe8f92c93) slti    s9, s2, -369
core   0: 3 0x800076a4 (0xe8f92c93) x25 0x00000000
core   0: 0x800076a8 (0x00b548b3) xor     a7, a0, a1
core   0: 3 0x800076a8 (0x00b548b3) x17 0x80015ce4
core   0: 0x800076ac (0x01cdd833) srl     a6, s11, t3
core   0: 3 0x800076ac (0x01cdd833) x16 0x7ffee096
core   0: 0x800076b0 (0x014c1db3) sll     s11, s8, s4
core   0: 3 0x800076b0 (0x014c1db3) x27 0x00200000
core   0: 0x800076b4 (0x0065b833) sltu    a6, a1, t1
core   0: 3 0x800076b4 (0x0065b833) x16 0x00000001
core   0: 0x800076b8 (0x00cf3d33) sltu    s10, t5, a2
core   0: 3 0x800076b8 (0x00cf3d33) x26 0x00000001
core   0: 0x800076bc (0x0d876913) ori     s2, a4, 216
core   0: 3 0x800076bc (0x0d876913) x18 0x001266f8
core   0: 0x800076c0 (0x00863933) sltu    s2, a2, s0
core   0: 3 0x800076c0 (0x00863933) x18 0x00000000
core   0: 0x800076c4 (0x00959713) slli    a4, a1, 9
core   0: 3 0x800076c4 (0x00959713) x14 0x00000000
core   0: 0x800076c8 (0x8964a913) slti    s2, s1, -1898
core   0: 3 0x800076c8 (0x8964a913) x18 0x00000001
core   0: 0x800076cc (0xee79f013) andi    zero, s3, -281
core   0: 3 0x800076cc (0xee79f013)
core   0: 0x800076d0 (0x6bb3e393) ori     t2, t2, 1723
core   0: 3 0x800076d0 (0x6bb3e393) x 7 0x000006bb
core   0: 0x800076d4 (0x006b7eb3) and     t4, s6, t1
core   0: 3 0x800076d4 (0x006b7eb3) x29 0x00000000
core   0: 0x800076d8 (0x300dcc13) xori    s8, s11, 768
core   0: 3 0x800076d8 (0x300dcc13) x24 0x00200300
core   0: 0x800076dc (0xda9fe617) auipc   a2, 0xda9fe
core   0: 3 0x800076dc (0xda9fe617) x12 0x5aa056dc
core   0: 0x800076e0 (0x4172deb3) sra     t4, t0, s7
core   0: 3 0x800076e0 (0x4172deb3) x29 0x00000000
core   0: 0x800076e4 (0x7e72c293) xori    t0, t0, 2023
core   0: 3 0x800076e4 (0x7e72c293) x 5 0x000007e6
core   0: 0x800076e8 (0x4148d6b3) sra     a3, a7, s4
core   0: 3 0x800076e8 (0x4148d6b3) x13 0xf80015ce
core   0: 0x800076ec (0x014bd5b3) srl     a1, s7, s4
core   0: 3 0x800076ec (0x014bd5b3) x11 0x00000004
core   0: 0x800076f0 (0x40ac54b3) sra     s1, s8, a0
core   0: 3 0x800076f0 (0x40ac54b3) x 9 0x00020030
core   0: 0x800076f4 (0x2eac1717) auipc   a4, 0x2eac1
core   0: 3 0x800076f4 (0x2eac1717) x14 0xaeac86f4
core   0: 0x800076f8 (0x92bd8113) addi    sp, s11, -1749
core   0: 3 0x800076f8 (0x92bd8113) x 2 0x001ff92b
core   0: 0x800076fc (0x8ab8fe97) auipc   t4, 0x8ab8f
core   0: 3 0x800076fc (0x8ab8fe97) x29 0x0ab966fc
core   0: 0x80007700 (0x7282b313) sltiu   t1, t0, 1832
core   0: 3 0x80007700 (0x7282b313) x 6 0x00000000
core   0: 0x80007704 (0x018f5733) srl     a4, t5, s8
core   0: 3 0x80007704 (0x018f5733) x14 0x00000001
core   0: 0x80007708 (0xcbaea313) slti    t1, t4, -838
core   0: 3 0x80007708 (0xcbaea313) x 6 0x00000000
core   0: 0x8000770c (0x00000013) nop
core   0: 3 0x8000770c (0x00000013)
core   0: 0x80007710 (0x95a16a13) ori     s4, sp, -1702
core   0: 3 0x80007710 (0x95a16a13) x20 0xfffff97b
core   0: 0x80007714 (0x00fbdc13) srli    s8, s7, 15
core   0: 3 0x80007714 (0x00fbdc13) x24 0x00000000
core   0: 0x80007718 (0x00000013) nop
core   0: 3 0x80007718 (0x00000013)
core   0: 0x8000771c (0x2adc8f13) addi    t5, s9, 685
core   0: 3 0x8000771c (0x2adc8f13) x30 0x000002ad
core   0: 0x80007720 (0xda57b893) sltiu   a7, a5, -603
core   0: 3 0x80007720 (0xda57b893) x17 0x00000001
core   0: 0x80007724 (0xf1afc693) xori    a3, t6, -230
core   0: 3 0x80007724 (0xf1afc693) x13 0xdb897cc2
core   0: 0x80007728 (0x40bad013) srai    zero, s5, 11
core   0: 3 0x80007728 (0x40bad013)
core   0: 0x8000772c (0x00000013) nop
core   0: 3 0x8000772c (0x00000013)
core   0: 0x80007730 (0xf0dea8b7) lui     a7, 0xf0dea
core   0: 3 0x80007730 (0xf0dea8b7) x17 0xf0dea000
core   0: 0x80007734 (0x00a247b3) xor     a5, tp, a0
core   0: 3 0x80007734 (0x00a247b3) x15 0x00004280
core   0: 0x80007738 (0x41438933) sub     s2, t2, s4
core   0: 3 0x80007738 (0x41438933) x18 0x00000d40
core   0: 0x8000773c (0x2e05cb13) xori    s6, a1, 736
core   0: 3 0x8000773c (0x2e05cb13) x22 0x000002e4
core   0: 0x80007740 (0x0061a5b3) slt     a1, gp, t1
core   0: 3 0x80007740 (0x0061a5b3) x11 0x00000000
core   0: 0x80007744 (0x417e5833) sra     a6, t3, s7
core   0: 3 0x80007744 (0x417e5833) x16 0x00000100
core   0: 0x80007748 (0x26add597) auipc   a1, 0x26add
core   0: 3 0x80007748 (0x26add597) x11 0xa6ae4748
core   0: 0x8000774c (0x01bc04b3) add     s1, s8, s11
core   0: 3 0x8000774c (0x01bc04b3) x 9 0x00200000
core   0: 0x80007750 (0x41845c13) srai    s8, s0, 24
core   0: 3 0x80007750 (0x41845c13) x24 0x00000000
core   0: 0x80007754 (0x01e964b3) or      s1, s2, t5
core   0: 3 0x80007754 (0x01e964b3) x 9 0x00000fed
core   0: 0x80007758 (0x00000013) nop
core   0: 3 0x80007758 (0x00000013)
core   0: 0x8000775c (0x0008a633) slt     a2, a7, zero
core   0: 3 0x8000775c (0x0008a633) x12 0x00000001
core   0: 0x80007760 (0x008956b3) srl     a3, s2, s0
core   0: 3 0x80007760 (0x008956b3) x13 0x00000d40
core   0: 0x80007764 (0x00c663b3) or      t2, a2, a2
core   0: 3 0x80007764 (0x00c663b3) x 7 0x00000001
core   0: 0x80007768 (0x016ad613) srli    a2, s5, 22
core   0: 3 0x80007768 (0x016ad613) x12 0x00000000
core   0: 0x8000776c (0x0050f433) and     s0, ra, t0
core   0: 3 0x8000776c (0x0050f433) x 8 0x00000000
core   0: 0x80007770 (0xf9d04593) xori    a1, zero, -99
core   0: 3 0x80007770 (0xf9d04593) x11 0xffffff9d
core   0: 0x80007774 (0x00bc0333) add     t1, s8, a1
core   0: 3 0x80007774 (0x00bc0333) x 6 0xffffff9d
core   0: 0x80007778 (0x0162ddb3) srl     s11, t0, s6
core   0: 3 0x80007778 (0x0162ddb3) x27 0x0000007e
core   0: 0x8000777c (0x32c9ab13) slti    s6, s3, 812
core   0: 3 0x8000777c (0x32c9ab13) x22 0x00000001
core   0: 0x80007780 (0x52f4c293) xori    t0, s1, 1327
core   0: 3 0x80007780 (0x52f4c293) x 5 0x00000ac2
core   0: 0x80007784 (0x41c55c93) srai    s9, a0, 28
core   0: 3 0x80007784 (0x41c55c93) x25 0xfffffff8
core   0: 0x80007788 (0x404f5833) sra     a6, t5, tp
core   0: 3 0x80007788 (0x404f5833) x16 0x0000002a
core   0: 0x8000778c (0x40bc00b3) sub     ra, s8, a1
core   0: 3 0x8000778c (0x40bc00b3) x 1 0x00000063
core   0: 0x80007790 (0x9a788813) addi    a6, a7, -1625
core   0: 3 0x80007790 (0x9a788813) x16 0xf0de99a7
core   0: 0x80007794 (0xbc752e13) slti    t3, a0, -1081
core   0: 3 0x80007794 (0xbc752e13) x28 0x00000001
core   0: 0x80007798 (0x0142f933) and     s2, t0, s4
core   0: 3 0x80007798 (0x0142f933) x18 0x00000842
core   0: 0x8000779c (0x95abf397) auipc   t2, 0x95abf
core   0: 3 0x8000779c (0x95abf397) x 7 0x15ac679c
core   0: 0x800077a0 (0x019f1733) sll     a4, t5, s9
core   0: 3 0x800077a0 (0x019f1733) x14 0xad000000
core   0: 0x800077a4 (0x018cde93) srli    t4, s9, 24
core   0: 3 0x800077a4 (0x018cde93) x29 0x000000ff
core   0: 0x800077a8 (0x00000013) nop
core   0: 3 0x800077a8 (0x00000013)
core   0: 0x800077ac (0x00dd1d33) sll     s10, s10, a3
core   0: 3 0x800077ac (0x00dd1d33) x26 0x00000001
core   0: 0x800077b0 (0x41355d93) srai    s11, a0, 19
core   0: 3 0x800077b0 (0x41355d93) x27 0xfffff000
core   0: 0x800077b4 (0x0104a733) slt     a4, s1, a6
core   0: 3 0x800077b4 (0x0104a733) x14 0x00000000
core   0: 0x800077b8 (0xadec1c17) auipc   s8, 0xadec1
core   0: 3 0x800077b8 (0xadec1c17) x24 0x2dec87b8
core   0: 0x800077bc (0x00250733) add     a4, a0, sp
core   0: 3 0x800077bc (0x00250733) x14 0x8021560f
core   0: 0x800077c0 (0x24d3fb93) andi    s7, t2, 589
core   0: 3 0x800077c0 (0x24d3fb93) x23 0x0000020c
core   0: 0x800077c4 (0x00548033) add     zero, s1, t0
core   0: 3 0x800077c4 (0x00548033)
core   0: 0x800077c8 (0x012ce3b3) or      t2, s9, s2
core   0: 3 0x800077c8 (0x012ce3b3) x 7 0xfffffffa
core   0: 0x800077cc (0x5e8ac393) xori    t2, s5, 1512
core   0: 3 0x800077cc (0x5e8ac393) x 7 0x000005e9
core   0: 0x800077d0 (0x01b3da93) srli    s5, t2, 27
core   0: 3 0x800077d0 (0x01b3da93) x21 0x00000000
core   0: 0x800077d4 (0x415f8933) sub     s2, t6, s5
core   0: 3 0x800077d4 (0x415f8933) x18 0x247683d8
core   0: 0x800077d8 (0x419bcc13) xori    s8, s7, 1049
core   0: 3 0x800077d8 (0x419bcc13) x24 0x00000615
core   0: 0x800077dc (0x003a0bb3) add     s7, s4, gp
core   0: 3 0x800077dc (0x003a0bb3) x23 0x78d8b97b
core   0: 0x800077e0 (0x0563f297) auipc   t0, 0x563f
core   0: 3 0x800077e0 (0x0563f297) x 5 0x856467e0
core   0: 0x800077e4 (0x00a0ac33) slt     s8, ra, a0
core   0: 3 0x800077e4 (0x00a0ac33) x24 0x00000000
core   0: 0x800077e8 (0x6887f937) lui     s2, 0x6887f
core   0: 3 0x800077e8 (0x6887f937) x18 0x6887f000
core   0: 0x800077ec (0x004aea33) or      s4, s5, tp
core   0: 3 0x800077ec (0x004aea33) x20 0x80011e64
core   0: 0x800077f0 (0x40ba0fb3) sub     t6, s4, a1
core   0: 3 0x800077f0 (0x40ba0fb3) x31 0x80011ec7
core   0: 0x800077f4 (0xbd893b93) sltiu   s7, s2, -1064
core   0: 3 0x800077f4 (0xbd893b93) x23 0x00000001
core   0: 0x800077f8 (0x007c9a13) slli    s4, s9, 7
core   0: 3 0x800077f8 (0x007c9a13) x20 0xfffffc00
core   0: 0x800077fc (0x00431193) slli    gp, t1, 4
core   0: 3 0x800077fc (0x00431193) x 3 0xfffff9d0
core   0: 0x80007800 (0xfd757c93) andi    s9, a0, -41
core   0: 3 0x80007800 (0xfd757c93) x25 0x80015cc4
core   0: 0x80007804 (0xc32a2b93) slti    s7, s4, -974
core   0: 3 0x80007804 (0xc32a2b93) x23 0x00000001
core   0: 0x80007808 (0x40a457b3) sra     a5, s0, a0
core   0: 3 0x80007808 (0x40a457b3) x15 0x00000000
core   0: 0x8000780c (0x008dda13) srli    s4, s11, 8
core   0: 3 0x8000780c (0x008dda13) x20 0x00fffff0
core   0: 0x80007810 (0x01deebb3) or      s7, t4, t4
core   0: 3 0x80007810 (0x01deebb3) x23 0x000000ff
core   0: 0x80007814 (0x0107d933) srl     s2, a5, a6
core   0: 3 0x80007814 (0x0107d933) x18 0x00000000
core   0: 0x80007818 (0x6c68ef13) ori     t5, a7, 1734
core   0: 3 0x80007818 (0x6c68ef13) x30 0xf0dea6c6
core   0: 0x8000781c (0x410005b3) sub     a1, zero, a6
core   0: 3 0x8000781c (0x410005b3) x11 0x0f216659
core   0: 0x80007820 (0x00db7a33) and     s4, s6, a3
core   0: 3 0x80007820 (0x00db7a33) x20 0x00000000
core   0: 0x80007824 (0xfeaf8a13) addi    s4, t6, -22
core   0: 3 0x80007824 (0xfeaf8a13) x20 0x80011eb1
core   0: 0x80007828 (0x01b52db3) slt     s11, a0, s11
core   0: 3 0x80007828 (0x01b52db3) x27 0x00000001
core   0: 0x8000782c (0x30bbef13) ori     t5, s7, 779
core   0: 3 0x8000782c (0x30bbef13) x30 0x000003ff
core   0: 0x80007830 (0x00111e13) slli    t3, sp, 1
core   0: 3 0x80007830 (0x00111e13) x28 0x003ff256
core   0: 0x80007834 (0x97457c93) andi    s9, a0, -1676
core   0: 3 0x80007834 (0x97457c93) x25 0x80015864
core   0: 0x80007838 (0x00699b93) slli    s7, s3, 6
core   0: 3 0x80007838 (0x00699b93) x23 0x00000000
core   0: 0x8000783c (0xfabee193) ori     gp, t4, -85
core   0: 3 0x8000783c (0xfabee193) x 3 0xffffffff
core   0: 0x80007840 (0x6365e693) ori     a3, a1, 1590
core   0: 3 0x80007840 (0x6365e693) x13 0x0f21667f
core   0: 0x80007844 (0xe773a197) auipc   gp, 0xe773a
core   0: 3 0x80007844 (0xe773a197) x 3 0x67741844
core   0: 0x80007848 (0x715c06b7) lui     a3, 0x715c0
core   0: 3 0x80007848 (0x715c06b7) x13 0x715c0000
core   0: 0x8000784c (0xc0968693) addi    a3, a3, -1015
core   0: 3 0x8000784c (0xc0968693) x13 0x715bfc09
core   0: 0x80007850 (0xfff00e13) li      t3, -1
core   0: 3 0x80007850 (0xfff00e13) x28 0xffffffff
core   0: 0x80007854 (0x00000f93) li      t6, 0
core   0: 3 0x80007854 (0x00000f93) x31 0x00000000
core   0: 0x80007858 (0xccb07ab7) lui     s5, 0xccb07
core   0: 3 0x80007858 (0xccb07ab7) x21 0xccb07000
core   0: 0x8000785c (0xd39a8a93) addi    s5, s5, -711
core   0: 3 0x8000785c (0xd39a8a93) x21 0xccb06d39
core   0: 0x80007860 (0xfff00613) li      a2, -1
core   0: 3 0x80007860 (0xfff00613) x12 0xffffffff
core   0: 0x80007864 (0xe0011eb7) lui     t4, 0xe0011
core   0: 3 0x80007864 (0xe0011eb7) x29 0xe0011000
core   0: 0x80007868 (0xfa7e8e93) addi    t4, t4, -89
core   0: 3 0x80007868 (0xfa7e8e93) x29 0xe0010fa7
core   0: 0x8000786c (0x80000737) lui     a4, 0x80000
core   0: 3 0x8000786c (0x80000737) x14 0x80000000
core   0: 0x80007870 (0x93c7c7b7) lui     a5, 0x93c7c
core   0: 3 0x80007870 (0x93c7c7b7) x15 0x93c7c000
core   0: 0x80007874 (0x0db78793) addi    a5, a5, 219
core   0: 3 0x80007874 (0x0db78793) x15 0x93c7c0db
core   0: 0x80007878 (0x00000293) li      t0, 0
core   0: 3 0x80007878 (0x00000293) x 5 0x00000000
core   0: 0x8000787c (0xfff00913) li      s2, -1
core   0: 3 0x8000787c (0xfff00913) x18 0xffffffff
core   0: 0x80007880 (0x00000013) nop
core   0: 3 0x80007880 (0x00000013)
core   0: 0x80007884 (0xbcc90713) addi    a4, s2, -1076
core   0: 3 0x80007884 (0xbcc90713) x14 0xfffffbcb
core   0: 0x80007888 (0x00000013) nop
core   0: 3 0x80007888 (0x00000013)
core   0: 0x8000788c (0x40578933) sub     s2, a5, t0
core   0: 3 0x8000788c (0x40578933) x18 0x93c7c0db
core   0: 0x80007890 (0xa1bfa737) lui     a4, 0xa1bfa
core   0: 3 0x80007890 (0xa1bfa737) x14 0xa1bfa000
core   0: 0x80007894 (0x610a8713) addi    a4, s5, 1552
core   0: 3 0x80007894 (0x610a8713) x14 0xccb07349
core   0: 0x80007898 (0x41f90933) sub     s2, s2, t6
core   0: 3 0x80007898 (0x41f90933) x18 0x93c7c0db
core   0: 0x8000789c (0xb33ecf97) auipc   t6, 0xb33ec
core   0: 3 0x8000789c (0xb33ecf97) x31 0x333f389c
core   0: 0x800078a0 (0x00000013) nop
core   0: 3 0x800078a0 (0x00000013)
core   0: 0x800078a4 (0x00000013) nop
core   0: 3 0x800078a4 (0x00000013)
core   0: 0x800078a8 (0x41290933) sub     s2, s2, s2
core   0: 3 0x800078a8 (0x41290933) x18 0x00000000
core   0: 0x800078ac (0x00000013) nop
core   0: 3 0x800078ac (0x00000013)
core   0: 0x800078b0 (0x00000013) nop
core   0: 3 0x800078b0 (0x00000013)
core   0: 0x800078b4 (0xa00f8e93) addi    t4, t6, -1536
core   0: 3 0x800078b4 (0xa00f8e93) x29 0x333f329c
core   0: 0x800078b8 (0xde0f8913) addi    s2, t6, -544
core   0: 3 0x800078b8 (0xde0f8913) x18 0x333f367c
core   0: 0x800078bc (0xcc1da737) lui     a4, 0xcc1da
core   0: 3 0x800078bc (0xcc1da737) x14 0xcc1da000
core   0: 0x800078c0 (0x00000013) nop
core   0: 3 0x800078c0 (0x00000013)
core   0: 0x800078c4 (0x62af8713) addi    a4, t6, 1578
core   0: 3 0x800078c4 (0x62af8713) x14 0x333f3ec6
core   0: 0x800078c8 (0x00000013) nop
core   0: 3 0x800078c8 (0x00000013)
core   0: 0x800078cc (0x40de82b3) sub     t0, t4, a3
core   0: 3 0x800078cc (0x40de82b3) x 5 0xc1e33693
core   0: 0x800078d0 (0x41f60933) sub     s2, a2, t6
core   0: 3 0x800078d0 (0x41f60933) x18 0xccc0c763
core   0: 0x800078d4 (0x69ff8293) addi    t0, t6, 1695
core   0: 3 0x800078d4 (0x69ff8293) x 5 0x333f3f3b
core   0: 0x800078d8 (0x4d6e0f93) addi    t6, t3, 1238
core   0: 3 0x800078d8 (0x4d6e0f93) x31 0x000004d5
core   0: 0x800078dc (0xd23a1e37) lui     t3, 0xd23a1
core   0: 3 0x800078dc (0xd23a1e37) x28 0xd23a1000
core   0: 0x800078e0 (0x00000013) nop
core   0: 3 0x800078e0 (0x00000013)
core   0: 0x800078e4 (0x8e626e97) auipc   t4, 0x8e626
core   0: 3 0x800078e4 (0x8e626e97) x29 0x0e62d8e4
core   0: 0x800078e8 (0x9615cf93) xori    t6, a1, -1695
core   0: 3 0x800078e8 (0x9615cf93) x31 0xf0de9f38
core   0: 0x800078ec (0x018ef5b3) and     a1, t4, s8
core   0: 3 0x800078ec (0x018ef5b3) x11 0x00000000
core   0: 0x800078f0 (0x00000013) nop
core   0: 3 0x800078f0 (0x00000013)
core   0: 0x800078f4 (0x41918eb3) sub     t4, gp, s9
core   0: 3 0x800078f4 (0x41918eb3) x29 0xe772bfe0
core   0: 0x800078f8 (0x01f7e433) or      s0, a5, t6
core   0: 3 0x800078f8 (0x01f7e433) x 8 0xf3dfdffb
core   0: 0x800078fc (0x3957bb13) sltiu   s6, a5, 917
core   0: 3 0x800078fc (0x3957bb13) x22 0x00000000
core   0: 0x80007900 (0xd5668493) addi    s1, a3, -682
core   0: 3 0x80007900 (0xd5668493) x 9 0x715bf95f
core   0: 0x80007904 (0x5dae0913) addi    s2, t3, 1498
core   0: 3 0x80007904 (0x5dae0913) x18 0xd23a15da
core   0: 0x80007908 (0xbccf1837) lui     a6, 0xbccf1
core   0: 3 0x80007908 (0xbccf1837) x16 0xbccf1000
core   0: 0x8000790c (0x01e84f33) xor     t5, a6, t5
core   0: 3 0x8000790c (0x01e84f33) x30 0xbccf13ff
core   0: 0x80007910 (0x476f2a93) slti    s5, t5, 1142
core   0: 3 0x80007910 (0x476f2a93) x21 0x00000001
core   0: 0x80007914 (0x00000013) nop
core   0: 3 0x80007914 (0x00000013)
core   0: 0x80007918 (0x2f527d13) andi    s10, tp, 757
core   0: 3 0x80007918 (0x2f527d13) x26 0x00000264
core   0: 0x8000791c (0x014fd933) srl     s2, t6, s4
core   0: 3 0x8000791c (0x014fd933) x18 0x0000786f
core   0: 0x80007920 (0xb94b1fb7) lui     t6, 0xb94b1
core   0: 3 0x80007920 (0xb94b1fb7) x31 0xb94b1000
core   0: 0x80007924 (0x9c064a13) xori    s4, a2, -1600
core   0: 3 0x80007924 (0x9c064a13) x20 0x0000063f
core   0: 0x80007928 (0x822eba13) sltiu   s4, t4, -2014
core   0: 3 0x80007928 (0x822eba13) x20 0x00000001
core   0: 0x8000792c (0x6672ea13) ori     s4, t0, 1639
core   0: 3 0x8000792c (0x6672ea13) x20 0x333f3f7f
core   0: 0x80007930 (0x0bc6f713) andi    a4, a3, 188
core   0: 3 0x80007930 (0x0bc6f713) x14 0x00000008
core   0: 0x80007934 (0x017f76b3) and     a3, t5, s7
core   0: 3 0x80007934 (0x017f76b3) x13 0x00000000
core   0: 0x80007938 (0x00000013) nop
core   0: 3 0x80007938 (0x00000013)
core   0: 0x8000793c (0x00849593) slli    a1, s1, 8
core   0: 3 0x8000793c (0x00849593) x11 0x5bf95f00
core   0: 0x80007940 (0x00000013) nop
core   0: 3 0x80007940 (0x00000013)
core   0: 0x80007944 (0xb1cffc17) auipc   s8, 0xb1cff
core   0: 3 0x80007944 (0xb1cffc17) x24 0x31d06944
core   0: 0x80007948 (0xcdb4ae37) lui     t3, 0xcdb4a
core   0: 3 0x80007948 (0xcdb4ae37) x28 0xcdb4a000
core   0: 0x8000794c (0x057f3817) auipc   a6, 0x57f3
core   0: 3 0x8000794c (0x057f3817) x16 0x857fa94c
core   0: 0x80007950 (0x01831e93) slli    t4, t1, 24
core   0: 3 0x80007950 (0x01831e93) x29 0x9d000000
core   0: 0x80007954 (0x011d1c13) slli    s8, s10, 17
core   0: 3 0x80007954 (0x011d1c13) x24 0x04c80000
core   0: 0x80007958 (0x406d5b93) srai    s7, s10, 6
core   0: 3 0x80007958 (0x406d5b93) x23 0x00000009
core   0: 0x8000795c (0x0168ee33) or      t3, a7, s6
core   0: 3 0x8000795c (0x0168ee33) x28 0xf0dea000
core   0: 0x80007960 (0x016dd8b3) srl     a7, s11, s6
core   0: 3 0x80007960 (0x016dd8b3) x17 0x00000001
core   0: 0x80007964 (0x00445413) srli    s0, s0, 4
core   0: 3 0x80007964 (0x00445413) x 8 0x0f3dfdff
core   0: 0x80007968 (0x00a7aeb3) slt     t4, a5, a0
core   0: 3 0x80007968 (0x00a7aeb3) x29 0x00000000
core   0: 0x8000796c (0x886f0293) addi    t0, t5, -1914
core   0: 3 0x8000796c (0x886f0293) x 5 0xbccf0c85
core   0: 0x80007970 (0x01c17b33) and     s6, sp, t3
core   0: 3 0x80007970 (0x01c17b33) x22 0x001ea000
core   0: 0x80007974 (0x015ad293) srli    t0, s5, 21
core   0: 3 0x80007974 (0x015ad293) x 5 0x00000000
core   0: 0x80007978 (0x01847a33) and     s4, s0, s8
core   0: 3 0x80007978 (0x01847a33) x20 0x04080000
core   0: 0x8000797c (0x01d51b13) slli    s6, a0, 29
core   0: 3 0x8000797c (0x01d51b13) x22 0x80000000
core   0: 0x80007980 (0x89e04293) xori    t0, zero, -1890
core   0: 3 0x80007980 (0x89e04293) x 5 0xfffff89e
core   0: 0x80007984 (0x413f5f93) srai    t6, t5, 19
core   0: 3 0x80007984 (0x413f5f93) x31 0xfffff799
core   0: 0x80007988 (0xa8961737) lui     a4, 0xa8961
core   0: 3 0x80007988 (0xa8961737) x14 0xa8961000
core   0: 0x8000798c (0x14731697) auipc   a3, 0x14731
core   0: 3 0x8000798c (0x14731697) x13 0x9473898c
core   0: 0x80007990 (0x02090193) addi    gp, s2, 32
core   0: 3 0x80007990 (0x02090193) x 3 0x0000788f
core   0: 0x80007994 (0x4997c637) lui     a2, 0x4997c
core   0: 3 0x80007994 (0x4997c637) x12 0x4997c000
core   0: 0x80007998 (0x00d11e33) sll     t3, sp, a3
core   0: 3 0x80007998 (0x00d11e33) x28 0xff92b000
core   0: 0x8000799c (0x71f0b193) sltiu   gp, ra, 1823
core   0: 3 0x8000799c (0x71f0b193) x 3 0x00000001
core   0: 0x800079a0 (0x76b4cb13) xori    s6, s1, 1899
core   0: 3 0x800079a0 (0x76b4cb13) x22 0x715bfe34
core   0: 0x800079a4 (0x016f7833) and     a6, t5, s6
core   0: 3 0x800079a4 (0x016f7833) x16 0x304b1234
core   0: 0x800079a8 (0x011ef633) and     a2, t4, a7
core   0: 3 0x800079a8 (0x011ef633) x12 0x00000000
core   0: 0x800079ac (0xde962093) slti    ra, a2, -535
core   0: 3 0x800079ac (0xde962093) x 1 0x00000000
core   0: 0x800079b0 (0x010a1cb3) sll     s9, s4, a6
core   0: 3 0x800079b0 (0x010a1cb3) x25 0x00000000
core   0: 0x800079b4 (0x011e3f33) sltu    t5, t3, a7
core   0: 3 0x800079b4 (0x011e3f33) x30 0x00000000
core   0: 0x800079b8 (0x40975893) srai    a7, a4, 9
core   0: 3 0x800079b8 (0x40975893) x17 0xffd44b08
core   0: 0x800079bc (0x01cce0b3) or      ra, s9, t3
core   0: 3 0x800079bc (0x01cce0b3) x 1 0xff92b000
core   0: 0x800079c0 (0x00000013) nop
core   0: 3 0x800079c0 (0x00000013)
core   0: 0x800079c4 (0x1d0ce813) ori     a6, s9, 464
core   0: 3 0x800079c4 (0x1d0ce813) x16 0x000001d0
core   0: 0x800079c8 (0x002deb33) or      s6, s11, sp
core   0: 3 0x800079c8 (0x002deb33) x22 0x001ff92b
core   0: 0x800079cc (0x01eecdb3) xor     s11, t4, t5
core   0: 3 0x800079cc (0x01eecdb3) x27 0x00000000
core   0: 0x800079d0 (0x538b2393) slti    t2, s6, 1336
core   0: 3 0x800079d0 (0x538b2393) x 7 0x00000000
core   0: 0x800079d4 (0x57e77797) auipc   a5, 0x57e77
core   0: 3 0x800079d4 (0x57e77797) x15 0xd7e7e9d4
core   0: 0x800079d8 (0xcf1de013) ori     zero, s11, -783
core   0: 3 0x800079d8 (0xcf1de013)
core   0: 0x800079dc (0x01c3e0b3) or      ra, t2, t3
core   0: 3 0x800079dc (0x01c3e0b3) x 1 0xff92b000
core   0: 0x800079e0 (0x64dcfe93) andi    t4, s9, 1613
core   0: 3 0x800079e0 (0x64dcfe93) x29 0x00000000
core   0: 0x800079e4 (0x415b5593) srai    a1, s6, 21
core   0: 3 0x800079e4 (0x415b5593) x11 0x00000000
core   0: 0x800079e8 (0x007681b3) add     gp, a3, t2
core   0: 3 0x800079e8 (0x007681b3) x 3 0x9473898c
core   0: 0x800079ec (0x406d5e13) srai    t3, s10, 6
core   0: 3 0x800079ec (0x406d5e13) x28 0x00000009
core   0: 0x800079f0 (0x52f94397) auipc   t2, 0x52f94
core   0: 3 0x800079f0 (0x52f94397) x 7 0xd2f9b9f0
core   0: 0x800079f4 (0x40e4da93) srai    s5, s1, 14
core   0: 3 0x800079f4 (0x40e4da93) x21 0x0001c56f
core   0: 0x800079f8 (0x3bd58913) addi    s2, a1, 957
core   0: 3 0x800079f8 (0x3bd58913) x18 0x000003bd
core   0: 0x800079fc (0x47d70b13) addi    s6, a4, 1149
core   0: 3 0x800079fc (0x47d70b13) x22 0xa896147d
core   0: 0x80007a00 (0x01db8633) add     a2, s7, t4
core   0: 3 0x80007a00 (0x01db8633) x12 0x00000009
core   0: 0x80007a04 (0x0086a7b3) slt     a5, a3, s0
core   0: 3 0x80007a04 (0x0086a7b3) x15 0x00000001
core   0: 0x80007a08 (0x29d17c93) andi    s9, sp, 669
core   0: 3 0x80007a08 (0x29d17c93) x25 0x00000009
core   0: 0x80007a0c (0x6d9b2d17) auipc   s10, 0x6d9b2
core   0: 3 0x80007a0c (0x6d9b2d17) x26 0xed9b9a0c
core   0: 0x80007a10 (0x6f276e37) lui     t3, 0x6f276
core   0: 3 0x80007a10 (0x6f276e37) x28 0x6f276000
core   0: 0x80007a14 (0x1f8a8b97) auipc   s7, 0x1f8a8
core   0: 3 0x80007a14 (0x1f8a8b97) x23 0x9f8afa14
core   0: 0x80007a18 (0x01b8b3b3) sltu    t2, a7, s11
core   0: 3 0x80007a18 (0x01b8b3b3) x 7 0x00000000
core   0: 0x80007a1c (0x45be2c93) slti    s9, t3, 1115
core   0: 3 0x80007a1c (0x45be2c93) x25 0x00000000
core   0: 0x80007a20 (0x00000013) nop
core   0: 3 0x80007a20 (0x00000013)
core   0: 0x80007a24 (0x014d83b3) add     t2, s11, s4
core   0: 3 0x80007a24 (0x014d83b3) x 7 0x04080000
core   0: 0x80007a28 (0x013e9a33) sll     s4, t4, s3
core   0: 3 0x80007a28 (0x013e9a33) x20 0x00000000
core   0: 0x80007a2c (0x0008a3b3) slt     t2, a7, zero
core   0: 3 0x80007a2c (0x0008a3b3) x 7 0x00000001
core   0: 0x80007a30 (0xa6f14713) xori    a4, sp, -1425
core   0: 3 0x80007a30 (0xa6f14713) x14 0xffe00344
core   0: 0x80007a34 (0x50214a93) xori    s5, sp, 1282
core   0: 3 0x80007a34 (0x50214a93) x21 0x001ffc29
core   0: 0x80007a38 (0xa942c913) xori    s2, t0, -1388
core   0: 3 0x80007a38 (0xa942c913) x18 0x0000020a
core   0: 0x80007a3c (0xdfe08a13) addi    s4, ra, -514
core   0: 3 0x80007a3c (0xdfe08a13) x20 0xff92adfe
core   0: 0x80007a40 (0x4ad60a37) lui     s4, 0x4ad60
core   0: 3 0x80007a40 (0x4ad60a37) x20 0x4ad60000
core   0: 0x80007a44 (0x00dd6433) or      s0, s10, a3
core   0: 3 0x80007a44 (0x00dd6433) x 8 0xfdfb9b8c
core   0: 0x80007a48 (0x6c083617) auipc   a2, 0x6c083
core   0: 3 0x80007a48 (0x6c083617) x12 0xec08aa48
core   0: 0x80007a4c (0x406cdc13) srai    s8, s9, 6
core   0: 3 0x80007a4c (0x406cdc13) x24 0x00000000
core   0: 0x80007a50 (0x0605a593) slti    a1, a1, 96
core   0: 3 0x80007a50 (0x0605a593) x11 0x00000001
core   0: 0x80007a54 (0x013e2c33) slt     s8, t3, s3
core   0: 3 0x80007a54 (0x013e2c33) x24 0x00000000
core   0: 0x80007a58 (0x5abf2293) slti    t0, t5, 1451
core   0: 3 0x80007a58 (0x5abf2293) x 5 0x00000001
core   0: 0x80007a5c (0x01c9c6b3) xor     a3, s3, t3
core   0: 3 0x80007a5c (0x01c9c6b3) x13 0xef276000
core   0: 0x80007a60 (0x41e0df33) sra     t5, ra, t5
core   0: 3 0x80007a60 (0x41e0df33) x30 0xff92b000
core   0: 0x80007a64 (0xb62e06b7) lui     a3, 0xb62e0
core   0: 3 0x80007a64 (0xb62e06b7) x13 0xb62e0000
core   0: 0x80007a68 (0x17b51b37) lui     s6, 0x17b51
core   0: 3 0x80007a68 (0x17b51b37) x22 0x17b51000
core   0: 0x80007a6c (0x013f1733) sll     a4, t5, s3
core   0: 3 0x80007a6c (0x013f1733) x14 0xff92b000
core   0: 0x80007a70 (0x0019c033) xor     zero, s3, ra
core   0: 3 0x80007a70 (0x0019c033)
core   0: 0x80007a74 (0x01549093) slli    ra, s1, 21
core   0: 3 0x80007a74 (0x01549093) x 1 0x2be00000
core   0: 0x80007a78 (0x016a2e33) slt     t3, s4, s6
core   0: 3 0x80007a78 (0x016a2e33) x28 0x00000000
core   0: 0x80007a7c (0x00fdd433) srl     s0, s11, a5
core   0: 3 0x80007a7c (0x00fdd433) x 8 0x00000000
core   0: 0x80007a80 (0x018ad313) srli    t1, s5, 24
core   0: 3 0x80007a80 (0x018ad313) x 6 0x00000000
core   0: 0x80007a84 (0x66376313) ori     t1, a4, 1635
core   0: 3 0x80007a84 (0x66376313) x 6 0xff92b663
core   0: 0x80007a88 (0x00e6fdb3) and     s11, a3, a4
core   0: 3 0x80007a88 (0x00e6fdb3) x27 0xb6020000
core   0: 0x80007a8c (0x012e0433) add     s0, t3, s2
core   0: 3 0x80007a8c (0x012e0433) x 8 0x0000020a
core   0: 0x80007a90 (0x32dff593) andi    a1, t6, 813
core   0: 3 0x80007a90 (0x32dff593) x11 0x00000309
core   0: 0x80007a94 (0x007bceb3) xor     t4, s7, t2
core   0: 3 0x80007a94 (0x007bceb3) x29 0x9f8afa15
core   0: 0x80007a98 (0x763d7f13) andi    t5, s10, 1891
core   0: 3 0x80007a98 (0x763d7f13) x30 0x00000200
core   0: 0x80007a9c (0x00e53b33) sltu    s6, a0, a4
core   0: 3 0x80007a9c (0x00e53b33) x22 0x00000001
core   0: 0x80007aa0 (0x01a6d313) srli    t1, a3, 26
core   0: 3 0x80007aa0 (0x01a6d313) x 6 0x0000002d
core   0: 0x80007aa4 (0x01167c33) and     s8, a2, a7
core   0: 3 0x80007aa4 (0x01167c33) x24 0xec000a08
core   0: 0x80007aa8 (0xd0667e93) andi    t4, a2, -762
core   0: 3 0x80007aa8 (0xd0667e93) x29 0xec08a800
core   0: 0x80007aac (0x1c9e7a13) andi    s4, t3, 457
core   0: 3 0x80007aac (0x1c9e7a13) x20 0x00000000
core   0: 0x80007ab0 (0xe557a037) lui     zero, 0xe557a
core   0: 3 0x80007ab0 (0xe557a037)
core   0: 0x80007ab4 (0x000b1b33) sll     s6, s6, zero
core   0: 3 0x80007ab4 (0x000b1b33) x22 0x00000001
core   0: 0x80007ab8 (0x00d827b3) slt     a5, a6, a3
core   0: 3 0x80007ab8 (0x00d827b3) x15 0x00000000
core   0: 0x80007abc (0x01ab5bb3) srl     s7, s6, s10
core   0: 3 0x80007abc (0x01ab5bb3) x23 0x00000000
core   0: 0x80007ac0 (0x0107f733) and     a4, a5, a6
core   0: 3 0x80007ac0 (0x0107f733) x14 0x00000000
core   0: 0x80007ac4 (0x00a854b3) srl     s1, a6, a0
core   0: 3 0x80007ac4 (0x00a854b3) x 9 0x0000001d
core   0: 0x80007ac8 (0xf06ee797) auipc   a5, 0xf06ee
core   0: 3 0x80007ac8 (0xf06ee797) x15 0x706f5ac8
core   0: 0x80007acc (0x01815193) srli    gp, sp, 24
core   0: 3 0x80007acc (0x01815193) x 3 0x00000000
core   0: 0x80007ad0 (0x402f5a93) srai    s5, t5, 2
core   0: 3 0x80007ad0 (0x402f5a93) x21 0x00000080
core   0: 0x80007ad4 (0x981d01b7) lui     gp, 0x981d0
core   0: 3 0x80007ad4 (0x981d01b7) x 3 0x981d0000
core   0: 0x80007ad8 (0x40625a33) sra     s4, tp, t1
core   0: 3 0x80007ad8 (0x40625a33) x20 0xfffc0008
core   0: 0x80007adc (0x019db333) sltu    t1, s11, s9
core   0: 3 0x80007adc (0x019db333) x 6 0x00000000
core   0: 0x80007ae0 (0x01789f33) sll     t5, a7, s7
core   0: 3 0x80007ae0 (0x01789f33) x30 0xffd44b08
core   0: 0x80007ae4 (0xeb132013) slti    zero, t1, -335
core   0: 3 0x80007ae4 (0xeb132013)
core   0: 0x80007ae8 (0x40c8dc33) sra     s8, a7, a2
core   0: 3 0x80007ae8 (0x40c8dc33) x24 0xffffd44b
core   0: 0x80007aec (0x001d5833) srl     a6, s10, ra
core   0: 3 0x80007aec (0x001d5833) x16 0xed9b9a0c
core   0: 0x80007af0 (0x00134cb3) xor     s9, t1, ra
core   0: 3 0x80007af0 (0x00134cb3) x25 0x2be00000
core   0: 0x80007af4 (0x24d13693) sltiu   a3, sp, 589
core   0: 3 0x80007af4 (0x24d13693) x13 0x00000000
core   0: 0x80007af8 (0x38d1e113) ori     sp, gp, 909
core   0: 3 0x80007af8 (0x38d1e113) x 2 0x981d038d
core   0: 0x80007afc (0x005d8a33) add     s4, s11, t0
core   0: 3 0x80007afc (0x005d8a33) x20 0xb6020001
core   0: 0x80007b00 (0x8b7f2193) slti    gp, t5, -1865
core   0: 3 0x80007b00 (0x8b7f2193) x 3 0x00000001
core   0: 0x80007b04 (0x006c7933) and     s2, s8, t1
core   0: 3 0x80007b04 (0x006c7933) x18 0x00000000
core   0: 0x80007b08 (0x01e31733) sll     a4, t1, t5
core   0: 3 0x80007b08 (0x01e31733) x14 0x00000000
core   0: 0x80007b0c (0x00399ab3) sll     s5, s3, gp
core   0: 3 0x80007b0c (0x00399ab3) x21 0x00000000
core   0: 0x80007b10 (0x010030b3) snez    ra, a6
core   0: 3 0x80007b10 (0x010030b3) x 1 0x00000001
core   0: 0x80007b14 (0x015b7b33) and     s6, s6, s5
core   0: 3 0x80007b14 (0x015b7b33) x22 0x00000000
core   0: 0x80007b18 (0x40d35fb3) sra     t6, t1, a3
core   0: 3 0x80007b18 (0x40d35fb3) x31 0x00000000
core   0: 0x80007b1c (0x8151e413) ori     s0, gp, -2027
core   0: 3 0x80007b1c (0x8151e413) x 8 0xfffff815
core   0: 0x80007b20 (0x00b75c93) srli    s9, a4, 11
core   0: 3 0x80007b20 (0x00b75c93) x25 0x00000000
core   0: 0x80007b24 (0x00000013) nop
core   0: 3 0x80007b24 (0x00000013)
core   0: 0x80007b28 (0x02e6ff13) andi    t5, a3, 46
core   0: 3 0x80007b28 (0x02e6ff13) x30 0x00000000
core   0: 0x80007b2c (0x018ed433) srl     s0, t4, s8
core   0: 3 0x80007b2c (0x018ed433) x 8 0x001d8115
core   0: 0x80007b30 (0x00999d93) slli    s11, s3, 9
core   0: 3 0x80007b30 (0x00999d93) x27 0x00000000
core   0: 0x80007b34 (0xcf070ab7) lui     s5, 0xcf070
core   0: 3 0x80007b34 (0xcf070ab7) x21 0xcf070000
core   0: 0x80007b38 (0xe28a8a93) addi    s5, s5, -472
core   0: 3 0x80007b38 (0xe28a8a93) x21 0xcf06fe28
core   0: 0x80007b3c (0x63774837) lui     a6, 0x63774
core   0: 3 0x80007b3c (0x63774837) x16 0x63774000
core   0: 0x80007b40 (0xadc80813) addi    a6, a6, -1316
core   0: 3 0x80007b40 (0xadc80813) x16 0x63773adc
core   0: 0x80007b44 (0x80000eb7) lui     t4, 0x80000
core   0: 3 0x80007b44 (0x80000eb7) x29 0x80000000
core   0: 0x80007b48 (0xffeb1937) lui     s2, 0xffeb1
core   0: 3 0x80007b48 (0xffeb1937) x18 0xffeb1000
core   0: 0x80007b4c (0x68a90913) addi    s2, s2, 1674
core   0: 3 0x80007b4c (0x68a90913) x18 0xffeb168a
core   0: 0x80007b50 (0xfff00593) li      a1, -1
core   0: 3 0x80007b50 (0xfff00593) x11 0xffffffff
core   0: 0x80007b54 (0x00000a13) li      s4, 0
core   0: 3 0x80007b54 (0x00000a13) x20 0x00000000
core   0: 0x80007b58 (0xbf3cefb7) lui     t6, 0xbf3ce
core   0: 3 0x80007b58 (0xbf3cefb7) x31 0xbf3ce000
core   0: 0x80007b5c (0x69bf8f93) addi    t6, t6, 1691
core   0: 3 0x80007b5c (0x69bf8f93) x31 0xbf3ce69b
core   0: 0x80007b60 (0x80000737) lui     a4, 0x80000
core   0: 3 0x80007b60 (0x80000737) x14 0x80000000
core   0: 0x80007b64 (0x2d9fa0b7) lui     ra, 0x2d9fa
core   0: 3 0x80007b64 (0x2d9fa0b7) x 1 0x2d9fa000
core   0: 0x80007b68 (0x43f08093) addi    ra, ra, 1087
core   0: 3 0x80007b68 (0x43f08093) x 1 0x2d9fa43f
core   0: 0x80007b6c (0x00000e13) li      t3, 0
core   0: 3 0x80007b6c (0x00000e13) x28 0x00000000
core   0: 0x80007b70 (0x65af8713) addi    a4, t6, 1626
core   0: 3 0x80007b70 (0x65af8713) x14 0xbf3cecf5
core   0: 0x80007b74 (0x1c650717) auipc   a4, 0x1c650
core   0: 3 0x80007b74 (0x1c650717) x14 0x9c657b74
core   0: 0x80007b78 (0x40be0a33) sub     s4, t3, a1
core   0: 3 0x80007b78 (0x40be0a33) x20 0x00000001
core   0: 0x80007b7c (0x00b70ab3) add     s5, a4, a1
core   0: 3 0x80007b7c (0x00b70ab3) x21 0x9c657b73
core   0: 0x80007b80 (0x40108733) sub     a4, ra, ra
core   0: 3 0x80007b80 (0x40108733) x14 0x00000000
core   0: 0x80007b84 (0x7cf70093) addi    ra, a4, 1999
core   0: 3 0x80007b84 (0x7cf70093) x 1 0x000007cf
core   0: 0x80007b88 (0xea7c2e17) auipc   t3, 0xea7c2
core   0: 3 0x80007b88 (0xea7c2e17) x28 0x6a7c9b88
core   0: 0x80007b8c (0x012e8733) add     a4, t4, s2
core   0: 3 0x80007b8c (0x012e8733) x14 0x7feb168a
core   0: 0x80007b90 (0x00000013) nop
core   0: 3 0x80007b90 (0x00000013)
core   0: 0x80007b94 (0x1eb68097) auipc   ra, 0x1eb68
core   0: 3 0x80007b94 (0x1eb68097) x 1 0x9eb6fb94
core   0: 0x80007b98 (0x6129eeb7) lui     t4, 0x6129e
core   0: 3 0x80007b98 (0x6129eeb7) x29 0x6129e000
core   0: 0x80007b9c (0x06fe8f93) addi    t6, t4, 111
core   0: 3 0x80007b9c (0x06fe8f93) x31 0x6129e06f
core   0: 0x80007ba0 (0xd93a8a93) addi    s5, s5, -621
core   0: 3 0x80007ba0 (0xd93a8a93) x21 0x9c657906
core   0: 0x80007ba4 (0x2220d0b7) lui     ra, 0x2220d
core   0: 3 0x80007ba4 (0x2220d0b7) x 1 0x2220d000
core   0: 0x80007ba8 (0x75fc7fb7) lui     t6, 0x75fc7
core   0: 3 0x80007ba8 (0x75fc7fb7) x31 0x75fc7000
core   0: 0x80007bac (0x1a52a737) lui     a4, 0x1a52a
core   0: 3 0x80007bac (0x1a52a737) x14 0x1a52a000
core   0: 0x80007bb0 (0x014f8a33) add     s4, t6, s4
core   0: 3 0x80007bb0 (0x014f8a33) x20 0x75fc7001
core   0: 0x80007bb4 (0x00000013) nop
core   0: 3 0x80007bb4 (0x00000013)
core   0: 0x80007bb8 (0x41508eb3) sub     t4, ra, s5
core   0: 3 0x80007bb8 (0x41508eb3) x29 0x85bb56fa
core   0: 0x80007bbc (0x41f58733) sub     a4, a1, t6
core   0: 3 0x80007bbc (0x41f58733) x14 0x8a038fff
core   0: 0x80007bc0 (0x5c81d817) auipc   a6, 0x5c81d
core   0: 3 0x80007bc0 (0x5c81d817) x16 0xdc824bc0
core   0: 0x80007bc4 (0x010f8933) add     s2, t6, a6
core   0: 3 0x80007bc4 (0x010f8933) x18 0x527ebbc0
core   0: 0x80007bc8 (0x01097633) and     a2, s2, a6
core   0: 3 0x80007bc8 (0x01097633) x12 0x50020bc0
core   0: 0x80007bcc (0x40d65393) srai    t2, a2, 13
core   0: 3 0x80007bcc (0x40d65393) x 7 0x00028010
core   0: 0x80007bd0 (0x48effd97) auipc   s11, 0x48eff
core   0: 3 0x80007bd0 (0x48effd97) x27 0xc8f06bd0
core   0: 0x80007bd4 (0x00000013) nop
core   0: 3 0x80007bd4 (0x00000013)
core   0: 0x80007bd8 (0x399b7b37) lui     s6, 0x399b7
core   0: 3 0x80007bd8 (0x399b7b37) x22 0x399b7000
core   0: 0x80007bdc (0xa3023613) sltiu   a2, tp, -1488
core   0: 3 0x80007bdc (0xa3023613) x12 0x00000001
core   0: 0x80007be0 (0x3f662113) slti    sp, a2, 1014
core   0: 3 0x80007be0 (0x3f662113) x 2 0x00000001
core   0: 0x80007be4 (0x18a72617) auipc   a2, 0x18a72
core   0: 3 0x80007be4 (0x18a72617) x12 0x98a79be4
core   0: 0x80007be8 (0x00bc9793) slli    a5, s9, 11
core   0: 3 0x80007be8 (0x00bc9793) x15 0x00000000
core   0: 0x80007bec (0x00a0fcb3) and     s9, ra, a0
core   0: 3 0x80007bec (0x00a0fcb3) x25 0x00005000
core   0: 0x80007bf0 (0x409ed693) srai    a3, t4, 9
core   0: 3 0x80007bf0 (0x409ed693) x13 0xffc2ddab
core   0: 0x80007bf4 (0x01bc8cb3) add     s9, s9, s11
core   0: 3 0x80007bf4 (0x01bc8cb3) x25 0xc8f0bbd0
core   0: 0x80007bf8 (0x2eb8d8b7) lui     a7, 0x2eb8d
core   0: 3 0x80007bf8 (0x2eb8d8b7) x17 0x2eb8d000
core   0: 0x80007bfc (0xa1257d93) andi    s11, a0, -1518
core   0: 3 0x80007bfc (0xa1257d93) x27 0x80015800
core   0: 0x80007c00 (0x41e48e33) sub     t3, s1, t5
core   0: 3 0x80007c00 (0x41e48e33) x28 0x0000001d
core   0: 0x80007c04 (0x7b010e37) lui     t3, 0x7b010
core   0: 3 0x80007c04 (0x7b010e37) x28 0x7b010000
core   0: 0x80007c08 (0x7ffa8f93) addi    t6, s5, 2047
core   0: 3 0x80007c08 (0x7ffa8f93) x31 0x9c658105
core   0: 0x80007c0c (0x00168d33) add     s10, a3, ra
core   0: 3 0x80007c0c (0x00168d33) x26 0x21e3adab
core   0: 0x80007c10 (0x009dfab3) and     s5, s11, s1
core   0: 3 0x80007c10 (0x009dfab3) x21 0x00000000
core   0: 0x80007c14 (0xeba9f393) andi    t2, s3, -326
core   0: 3 0x80007c14 (0xeba9f393) x 7 0x80000000
core   0: 0x80007c18 (0x19a0aa13) slti    s4, ra, 410
core   0: 3 0x80007c18 (0x19a0aa13) x20 0x00000000
core   0: 0x80007c1c (0x013356b3) srl     a3, t1, s3
core   0: 3 0x80007c1c (0x013356b3) x13 0x00000000
core   0: 0x80007c20 (0x009714b3) sll     s1, a4, s1
core   0: 3 0x80007c20 (0x009714b3) x 9 0xe0000000
core   0: 0x80007c24 (0xb0db7c13) andi    s8, s6, -1267
core   0: 3 0x80007c24 (0xb0db7c13) x24 0x399b7000
core   0: 0x80007c28 (0x004f2033) slt     zero, t5, tp
core   0: 3 0x80007c28 (0x004f2033)
core   0: 0x80007c2c (0x00b41913) slli    s2, s0, 11
core   0: 3 0x80007c2c (0x00b41913) x18 0xec08a800
core   0: 0x80007c30 (0x011ddd13) srli    s10, s11, 17
core   0: 3 0x80007c30 (0x011ddd13) x26 0x00004000
core   0: 0x80007c34 (0xc818c137) lui     sp, 0xc818c
core   0: 3 0x80007c34 (0xc818c137) x 2 0xc818c000
core   0: 0x80007c38 (0x00000013) nop
core   0: 3 0x80007c38 (0x00000013)
core   0: 0x80007c3c (0x3faf2593) slti    a1, t5, 1018
core   0: 3 0x80007c3c (0x3faf2593) x11 0x00000001
core   0: 0x80007c40 (0x003c51b3) srl     gp, s8, gp
core   0: 3 0x80007c40 (0x003c51b3) x 3 0x1ccdb800
core   0: 0x80007c44 (0x40e10833) sub     a6, sp, a4
core   0: 3 0x80007c44 (0x40e10833) x16 0x3e153001
core   0: 0x80007c48 (0x6a3bad37) lui     s10, 0x6a3ba
core   0: 3 0x80007c48 (0x6a3bad37) x26 0x6a3ba000
core   0: 0x80007c4c (0x01204833) xor     a6, zero, s2
core   0: 3 0x80007c4c (0x01204833) x16 0xec08a800
core   0: 0x80007c50 (0xecf16193) ori     gp, sp, -305
core   0: 3 0x80007c50 (0xecf16193) x 3 0xfffffecf
core   0: 0x80007c54 (0x4170d1b3) sra     gp, ra, s7
core   0: 3 0x80007c54 (0x4170d1b3) x 3 0x2220d000
core   0: 0x80007c58 (0x00801013) slli    zero, zero, 8
core   0: 3 0x80007c58 (0x00801013)
core   0: 0x80007c5c (0x410fd133) sra     sp, t6, a6
core   0: 3 0x80007c5c (0x410fd133) x 2 0x9c658105
core   0: 0x80007c60 (0xea092d93) slti    s11, s2, -352
core   0: 3 0x80007c60 (0xea092d93) x27 0x00000001
core   0: 0x80007c64 (0x0024a733) slt     a4, s1, sp
core   0: 3 0x80007c64 (0x0024a733) x14 0x00000000
core   0: 0x80007c68 (0x0078f2b3) and     t0, a7, t2
core   0: 3 0x80007c68 (0x0078f2b3) x 5 0x00000000
core   0: 0x80007c6c (0x0cdc6a13) ori     s4, s8, 205
core   0: 3 0x80007c6c (0x0cdc6a13) x20 0x399b70cd
core   0: 0x80007c70 (0x018cbcb3) sltu    s9, s9, s8
core   0: 3 0x80007c70 (0x018cbcb3) x25 0x00000000
core   0: 0x80007c74 (0x00499313) slli    t1, s3, 4
core   0: 3 0x80007c74 (0x00499313) x 6 0x00000000
core   0: 0x80007c78 (0x00000013) nop
core   0: 3 0x80007c78 (0x00000013)
core   0: 0x80007c7c (0x4102d333) sra     t1, t0, a6
core   0: 3 0x80007c7c (0x4102d333) x 6 0x00000000
core   0: 0x80007c80 (0xc446fb13) andi    s6, a3, -956
core   0: 3 0x80007c80 (0xc446fb13) x22 0x00000000
core   0: 0x80007c84 (0x66624d13) xori    s10, tp, 1638
core   0: 3 0x80007c84 (0x66624d13) x26 0x80011802
core   0: 0x80007c88 (0x006d7d33) and     s10, s10, t1
core   0: 3 0x80007c88 (0x006d7d33) x26 0x00000000
core   0: 0x80007c8c (0x000d9eb3) sll     t4, s11, zero
core   0: 3 0x80007c8c (0x000d9eb3) x29 0x00000001
core   0: 0x80007c90 (0xaa89f413) andi    s0, s3, -1368
core   0: 3 0x80007c90 (0xaa89f413) x 8 0x80000000
core   0: 0x80007c94 (0x00a270b3) and     ra, tp, a0
core   0: 3 0x80007c94 (0x00a270b3) x 1 0x80011c64
core   0: 0x80007c98 (0x00c29d33) sll     s10, t0, a2
core   0: 3 0x80007c98 (0x00c29d33) x26 0x00000000
core   0: 0x80007c9c (0x011e0133) add     sp, t3, a7
core   0: 3 0x80007c9c (0x011e0133) x 2 0xa9b9d000
core   0: 0x80007ca0 (0x4138df93) srai    t6, a7, 19
core   0: 3 0x80007ca0 (0x4138df93) x31 0x000005d7
core   0: 0x80007ca4 (0x732c7c13) andi    s8, s8, 1842
core   0: 3 0x80007ca4 (0x732c7c13) x24 0x00000000
core   0: 0x80007ca8 (0x55077313) andi    t1, a4, 1360
core   0: 3 0x80007ca8 (0x55077313) x 6 0x00000000
core   0: 0x80007cac (0x402e0cb3) sub     s9, t3, sp
core   0: 3 0x80007cac (0x402e0cb3) x25 0xd1473000
core   0: 0x80007cb0 (0x001c1bb3) sll     s7, s8, ra
core   0: 3 0x80007cb0 (0x001c1bb3) x23 0x00000000
core   0: 0x80007cb4 (0x405d8f33) sub     t5, s11, t0
core   0: 3 0x80007cb4 (0x405d8f33) x30 0x00000001
core   0: 0x80007cb8 (0x01b195b3) sll     a1, gp, s11
core   0: 3 0x80007cb8 (0x01b195b3) x11 0x4441a000
core   0: 0x80007cbc (0x237cf193) andi    gp, s9, 567
core   0: 3 0x80007cbc (0x237cf193) x 3 0x00000000
core   0: 0x80007cc0 (0xaf373393) sltiu   t2, a4, -1293
core   0: 3 0x80007cc0 (0xaf373393) x 7 0x00000001
core   0: 0x80007cc4 (0x63cced93) ori     s11, s9, 1596
core   0: 3 0x80007cc4 (0x63cced93) x27 0xd147363c
core   0: 0x80007cc8 (0x0080adb3) slt     s11, ra, s0
core   0: 3 0x80007cc8 (0x0080adb3) x27 0x00000000
core   0: 0x80007ccc (0x00a85733) srl     a4, a6, a0
core   0: 3 0x80007ccc (0x00a85733) x14 0x0ec08a80
core   0: 0x80007cd0 (0x00000013) nop
core   0: 3 0x80007cd0 (0x00000013)
core   0: 0x80007cd4 (0x00635033) srl     zero, t1, t1
core   0: 3 0x80007cd4 (0x00635033)
core   0: 0x80007cd8 (0x00000013) nop
core   0: 3 0x80007cd8 (0x00000013)
core   0: 0x80007cdc (0x01a2fab3) and     s5, t0, s10
core   0: 3 0x80007cdc (0x01a2fab3) x21 0x00000000
core   0: 0x80007ce0 (0x013e0c33) add     s8, t3, s3
core   0: 3 0x80007ce0 (0x013e0c33) x24 0xfb010000
core   0: 0x80007ce4 (0x006c2933) slt     s2, s8, t1
core   0: 3 0x80007ce4 (0x006c2933) x18 0x00000001
core   0: 0x80007ce8 (0x01b081b3) add     gp, ra, s11
core   0: 3 0x80007ce8 (0x01b081b3) x 3 0x80011c64
core   0: 0x80007cec (0x41065e93) srai    t4, a2, 16
core   0: 3 0x80007cec (0x41065e93) x29 0xffff98a7
core   0: 0x80007cf0 (0xe6f7ec93) ori     s9, a5, -401
core   0: 3 0x80007cf0 (0xe6f7ec93) x25 0xfffffe6f
core   0: 0x80007cf4 (0x0063a1b3) slt     gp, t2, t1
core   0: 3 0x80007cf4 (0x0063a1b3) x 3 0x00000000
core   0: 0x80007cf8 (0xf87e2e93) slti    t4, t3, -121
core   0: 3 0x80007cf8 (0xf87e2e93) x29 0x00000000
core   0: 0x80007cfc (0x405184b3) sub     s1, gp, t0
core   0: 3 0x80007cfc (0x405184b3) x 9 0x00000000
core   0: 0x80007d00 (0xc9972013) slti    zero, a4, -871
core   0: 3 0x80007d00 (0xc9972013)
core   0: 0x80007d04 (0x61f9a093) slti    ra, s3, 1567
core   0: 3 0x80007d04 (0x61f9a093) x 1 0x00000001
core   0: 0x80007d08 (0x00411313) slli    t1, sp, 4
core   0: 3 0x80007d08 (0x00411313) x 6 0x9b9d0000
core   0: 0x80007d0c (0x4fc50813) addi    a6, a0, 1276
core   0: 3 0x80007d0c (0x4fc50813) x16 0x800161e0
core   0: 0x80007d10 (0xe4640bb7) lui     s7, 0xe4640
core   0: 3 0x80007d10 (0xe4640bb7) x23 0xe4640000
core   0: 0x80007d14 (0x001fb433) sltu    s0, t6, ra
core   0: 3 0x80007d14 (0x001fb433) x 8 0x00000000
core   0: 0x80007d18 (0xe1683d13) sltiu   s10, a6, -490
core   0: 3 0x80007d18 (0xe1683d13) x26 0x00000001
core   0: 0x80007d1c (0x00000013) nop
core   0: 3 0x80007d1c (0x00000013)
core   0: 0x80007d20 (0x00000013) nop
core   0: 3 0x80007d20 (0x00000013)
core   0: 0x80007d24 (0x1aedc093) xori    ra, s11, 430
core   0: 3 0x80007d24 (0x1aedc093) x 1 0x000001ae
core   0: 0x80007d28 (0x00000013) nop
core   0: 3 0x80007d28 (0x00000013)
core   0: 0x80007d2c (0x41cc0933) sub     s2, s8, t3
core   0: 3 0x80007d2c (0x41cc0933) x18 0x80000000
core   0: 0x80007d30 (0x0068ca33) xor     s4, a7, t1
core   0: 3 0x80007d30 (0x0068ca33) x20 0xb525d000
core   0: 0x80007d34 (0x0022ddb3) srl     s11, t0, sp
core   0: 3 0x80007d34 (0x0022ddb3) x27 0x00000000
core   0: 0x80007d38 (0x01d39fb3) sll     t6, t2, t4
core   0: 3 0x80007d38 (0x01d39fb3) x31 0x00000001
core   0: 0x80007d3c (0x0072b8b3) sltu    a7, t0, t2
core   0: 3 0x80007d3c (0x0072b8b3) x17 0x00000001
core   0: 0x80007d40 (0xe608b593) sltiu   a1, a7, -416
core   0: 3 0x80007d40 (0xe608b593) x11 0x00000001
core   0: 0x80007d44 (0x768b6293) ori     t0, s6, 1896
core   0: 3 0x80007d44 (0x768b6293) x 5 0x00000768
core   0: 0x80007d48 (0x008fc6b3) xor     a3, t6, s0
core   0: 3 0x80007d48 (0x008fc6b3) x13 0x00000001
core   0: 0x80007d4c (0x000d7fb3) and     t6, s10, zero
core   0: 3 0x80007d4c (0x000d7fb3) x31 0x00000000
core   0: 0x80007d50 (0x00d505b3) add     a1, a0, a3
core   0: 3 0x80007d50 (0x00d505b3) x11 0x80015ce5
core   0: 0x80007d54 (0x4139de93) srai    t4, s3, 19
core   0: 3 0x80007d54 (0x4139de93) x29 0xfffff000
core   0: 0x80007d58 (0xd62ac493) xori    s1, s5, -670
core   0: 3 0x80007d58 (0xd62ac493) x 9 0xfffffd62
core   0: 0x80007d5c (0x0196fb33) and     s6, a3, s9
core   0: 3 0x80007d5c (0x0196fb33) x22 0x00000001
core   0: 0x80007d60 (0x00522333) slt     t1, tp, t0
core   0: 3 0x80007d60 (0x00522333) x 6 0x00000001
core   0: 0x80007d64 (0x41805893) srai    a7, zero, 24
core   0: 3 0x80007d64 (0x41805893) x17 0x00000000
core   0: 0x80007d68 (0xe4572893) slti    a7, a4, -443
core   0: 3 0x80007d68 (0xe4572893) x17 0x00000000
core   0: 0x80007d6c (0x40f75493) srai    s1, a4, 15
core   0: 3 0x80007d6c (0x40f75493) x 9 0x00001d81
core   0: 0x80007d70 (0x407b5833) sra     a6, s6, t2
core   0: 3 0x80007d70 (0x407b5833) x16 0x00000000
core   0: 0x80007d74 (0x1a6bb113) sltiu   sp, s7, 422
core   0: 3 0x80007d74 (0x1a6bb113) x 2 0x00000000
core   0: 0x80007d78 (0x43a1ba93) sltiu   s5, gp, 1082
core   0: 3 0x80007d78 (0x43a1ba93) x21 0x00000001
core   0: 0x80007d7c (0x003c5b33) srl     s6, s8, gp
core   0: 3 0x80007d7c (0x003c5b33) x22 0xfb010000
core   0: 0x80007d80 (0x00efe433) or      s0, t6, a4
core   0: 3 0x80007d80 (0x00efe433) x 8 0x0ec08a80
core   0: 0x80007d84 (0xd6d1e793) ori     a5, gp, -659
core   0: 3 0x80007d84 (0xd6d1e793) x15 0xfffffd6d
core   0: 0x80007d88 (0x00000013) nop
core   0: 3 0x80007d88 (0x00000013)
core   0: 0x80007d8c (0xb8864393) xori    t2, a2, -1144
core   0: 3 0x80007d8c (0xb8864393) x 7 0x6758606c
core   0: 0x80007d90 (0x494bc593) xori    a1, s7, 1172
core   0: 3 0x80007d90 (0x494bc593) x11 0xe4640494
core   0: 0x80007d94 (0x2941cb37) lui     s6, 0x2941c
core   0: 3 0x80007d94 (0x2941cb37) x22 0x2941c000
core   0: 0x80007d98 (0x00089313) slli    t1, a7, 0
core   0: 3 0x80007d98 (0x00089313) x 6 0x00000000
core   0: 0x80007d9c (0x00d39613) slli    a2, t2, 13
core   0: 3 0x80007d9c (0x00d39613) x12 0x0c0d8000
core   0: 0x80007da0 (0x01eb1313) slli    t1, s6, 30
core   0: 3 0x80007da0 (0x01eb1313) x 6 0x00000000
core   0: 0x80007da4 (0x001af933) and     s2, s5, ra
core   0: 3 0x80007da4 (0x001af933) x18 0x00000000
core   0: 0x80007da8 (0xc3cd84b7) lui     s1, 0xc3cd8
core   0: 3 0x80007da8 (0xc3cd84b7) x 9 0xc3cd8000
core   0: 0x80007dac (0x00501733) sll     a4, zero, t0
core   0: 3 0x80007dac (0x00501733) x14 0x00000000
core   0: 0x80007db0 (0x012523b3) slt     t2, a0, s2
core   0: 3 0x80007db0 (0x012523b3) x 7 0x00000001
core   0: 0x80007db4 (0x41335e93) srai    t4, t1, 19
core   0: 3 0x80007db4 (0x41335e93) x29 0x00000000
core   0: 0x80007db8 (0x21564893) xori    a7, a2, 533
core   0: 3 0x80007db8 (0x21564893) x17 0x0c0d8215
core   0: 0x80007dbc (0xd9d7a937) lui     s2, 0xd9d7a
core   0: 3 0x80007dbc (0xd9d7a937) x18 0xd9d7a000
core   0: 0x80007dc0 (0x866bee17) auipc   t3, 0x866be
core   0: 3 0x80007dc0 (0x866bee17) x28 0x066c5dc0
core   0: 0x80007dc4 (0x017d67b3) or      a5, s10, s7
core   0: 3 0x80007dc4 (0x017d67b3) x15 0xe4640001
core   0: 0x80007dc8 (0x005d1033) sll     zero, s10, t0
core   0: 3 0x80007dc8 (0x005d1033)
core   0: 0x80007dcc (0x00000013) nop
core   0: 3 0x80007dcc (0x00000013)
core   0: 0x80007dd0 (0xa719f2b7) lui     t0, 0xa719f
core   0: 3 0x80007dd0 (0xa719f2b7) x 5 0xa719f000
core   0: 0x80007dd4 (0x0117b833) sltu    a6, a5, a7
core   0: 3 0x80007dd4 (0x0117b833) x16 0x00000000
core   0: 0x80007dd8 (0x0118a333) slt     t1, a7, a7
core   0: 3 0x80007dd8 (0x0118a333) x 6 0x00000000
core   0: 0x80007ddc (0x00b04c33) xor     s8, zero, a1
core   0: 3 0x80007ddc (0x00b04c33) x24 0xe4640494
core   0: 0x80007de0 (0x0c3f7f13) andi    t5, t5, 195
core   0: 3 0x80007de0 (0x0c3f7f13) x30 0x00000001
core   0: 0x80007de4 (0xf2262293) slti    t0, a2, -222
core   0: 3 0x80007de4 (0xf2262293) x 5 0x00000000
core   0: 0x80007de8 (0x01a6d693) srli    a3, a3, 26
core   0: 3 0x80007de8 (0x01a6d693) x13 0x00000000
core   0: 0x80007dec (0x20667d93) andi    s11, a2, 518
core   0: 3 0x80007dec (0x20667d93) x27 0x00000000
core   0: 0x80007df0 (0x40580933) sub     s2, a6, t0
core   0: 3 0x80007df0 (0x40580933) x18 0x00000000
core   0: 0x80007df4 (0x013a67b3) or      a5, s4, s3
core   0: 3 0x80007df4 (0x013a67b3) x15 0xb525d000
core   0: 0x80007df8 (0xdcdd7193) andi    gp, s10, -563
core   0: 3 0x80007df8 (0xdcdd7193) x 3 0x00000001
core   0: 0x80007dfc (0x00409493) slli    s1, ra, 4
core   0: 3 0x80007dfc (0x00409493) x 9 0x00001ae0
core   0: 0x80007e00 (0x00000013) nop
core   0: 3 0x80007e00 (0x00000013)
core   0: 0x80007e04 (0x00990e33) add     t3, s2, s1
core   0: 3 0x80007e04 (0x00990e33) x28 0x00001ae0
core   0: 0x80007e08 (0x00000013) nop
core   0: 3 0x80007e08 (0x00000013)
core   0: 0x80007e0c (0x0012f033) and     zero, t0, ra
core   0: 3 0x80007e0c (0x0012f033)
core   0: 0x80007e10 (0x40dbd813) srai    a6, s7, 13
core   0: 3 0x80007e10 (0x40dbd813) x16 0xffff2320
core   0: 0x80007e14 (0xb814fc17) auipc   s8, 0xb814f
core   0: 3 0x80007e14 (0xb814fc17) x24 0x38156e14
core   0: 0x80007e18 (0x00000013) nop
core   0: 3 0x80007e18 (0x00000013)
core   0: 0x80007e1c (0xb6d0f313) andi    t1, ra, -1171
core   0: 3 0x80007e1c (0xb6d0f313) x 6 0x0000012c
core   0: 0x80007e20 (0x009f1a33) sll     s4, t5, s1
core   0: 3 0x80007e20 (0x009f1a33) x20 0x00000001
core   0: 0x80007e24 (0x3ca5bc17) auipc   s8, 0x3ca5b
core   0: 3 0x80007e24 (0x3ca5bc17) x24 0xbca62e24
core   0: 0x80007e28 (0x00537933) and     s2, t1, t0
core   0: 3 0x80007e28 (0x00537933) x18 0x00000000
core   0: 0x80007e2c (0x00ab1793) slli    a5, s6, 10
core   0: 3 0x80007e2c (0x00ab1793) x15 0x07000000
core   0: 0x80007e30 (0x0012dcb3) srl     s9, t0, ra
core   0: 3 0x80007e30 (0x0012dcb3) x25 0x00000000
core   0: 0x80007e34 (0x06dac693) xori    a3, s5, 109
core   0: 3 0x80007e34 (0x06dac693) x13 0x0000006c
core   0: 0x80007e38 (0x55032b93) slti    s7, t1, 1360
core   0: 3 0x80007e38 (0x55032b93) x23 0x00000001
core   0: 0x80007e3c (0x00000013) nop
core   0: 3 0x80007e3c (0x00000013)
core   0: 0x80007e40 (0x497f3193) sltiu   gp, t5, 1175
core   0: 3 0x80007e40 (0x497f3193) x 3 0x00000001
core   0: 0x80007e44 (0x00000013) nop
core   0: 3 0x80007e44 (0x00000013)
core   0: 0x80007e48 (0x01cb86b3) add     a3, s7, t3
core   0: 3 0x80007e48 (0x01cb86b3) x13 0x00001ae1
core   0: 0x80007e4c (0x40d45633) sra     a2, s0, a3
core   0: 3 0x80007e4c (0x40d45633) x12 0x07604540
core   0: 0x80007e50 (0x018fa7b3) slt     a5, t6, s8
core   0: 3 0x80007e50 (0x018fa7b3) x15 0x00000000
core   0: 0x80007e54 (0x03a20093) addi    ra, tp, 58
core   0: 3 0x80007e54 (0x03a20093) x 1 0x80011e9e
core   0: 0x80007e58 (0x41efd393) srai    t2, t6, 30
core   0: 3 0x80007e58 (0x41efd393) x 7 0x00000000
core   0: 0x80007e5c (0x01d5b5b3) sltu    a1, a1, t4
core   0: 3 0x80007e5c (0x01d5b5b3) x11 0x00000000
core   0: 0x80007e60 (0x002ca933) slt     s2, s9, sp
core   0: 3 0x80007e60 (0x002ca933) x18 0x00000000
core   0: 0x80007e64 (0x4048d5b3) sra     a1, a7, tp
core   0: 3 0x80007e64 (0x4048d5b3) x11 0x00c0d821
core   0: 0x80007e68 (0x00a458b3) srl     a7, s0, a0
core   0: 3 0x80007e68 (0x00a458b3) x17 0x00ec08a8
core   0: 0x80007e6c (0x01199413) slli    s0, s3, 17
core   0: 3 0x80007e6c (0x01199413) x 8 0x00000000
core   0: 0x80007e70 (0x006b9d93) slli    s11, s7, 6
core   0: 3 0x80007e70 (0x006b9d93) x27 0x00000040
core   0: 0x80007e74 (0x40e1df13) srai    t5, gp, 14
core   0: 3 0x80007e74 (0x40e1df13) x30 0x00000000
core   0: 0x80007e78 (0x01ee08b3) add     a7, t3, t5
core   0: 3 0x80007e78 (0x01ee08b3) x17 0x00001ae0
core   0: 0x80007e7c (0x5ebcab13) slti    s6, s9, 1515
core   0: 3 0x80007e7c (0x5ebcab13) x22 0x00000001
core   0: 0x80007e80 (0x23e37713) andi    a4, t1, 574
core   0: 3 0x80007e80 (0x23e37713) x14 0x0000002c
core   0: 0x80007e84 (0x417dd433) sra     s0, s11, s7
core   0: 3 0x80007e84 (0x417dd433) x 8 0x00000020
core   0: 0x80007e88 (0x9bc57f93) andi    t6, a0, -1604
core   0: 3 0x80007e88 (0x9bc57f93) x31 0x800158a4
core   0: 0x80007e8c (0x4045d093) srai    ra, a1, 4
core   0: 3 0x80007e8c (0x4045d093) x 1 0x000c0d82
core   0: 0x80007e90 (0x696a1737) lui     a4, 0x696a1
core   0: 3 0x80007e90 (0x696a1737) x14 0x696a1000
core   0: 0x80007e94 (0x019c5d13) srli    s10, s8, 25
core   0: 3 0x80007e94 (0x019c5d13) x26 0x0000005e
core   0: 0x80007e98 (0x01789c33) sll     s8, a7, s7
core   0: 3 0x80007e98 (0x01789c33) x24 0x000035c0
core   0: 0x80007e9c (0x00709bb3) sll     s7, ra, t2
core   0: 3 0x80007e9c (0x00709bb3) x23 0x000c0d82
core   0: 0x80007ea0 (0x00690e33) add     t3, s2, t1
core   0: 3 0x80007ea0 (0x00690e33) x28 0x0000012c
core   0: 0x80007ea4 (0x0051fbb3) and     s7, gp, t0
core   0: 3 0x80007ea4 (0x0051fbb3) x23 0x00000000
core   0: 0x80007ea8 (0x004731b3) sltu    gp, a4, tp
core   0: 3 0x80007ea8 (0x004731b3) x 3 0x00000001
core   0: 0x80007eac (0x008774b3) and     s1, a4, s0
core   0: 3 0x80007eac (0x008774b3) x 9 0x00000000
core   0: 0x80007eb0 (0x405c5813) srai    a6, s8, 5
core   0: 3 0x80007eb0 (0x405c5813) x16 0x000001ae
core   0: 0x80007eb4 (0x00183033) sltu    zero, a6, ra
core   0: 3 0x80007eb4 (0x00183033)
core   0: 0x80007eb8 (0x003bcdb3) xor     s11, s7, gp
core   0: 3 0x80007eb8 (0x003bcdb3) x27 0x00000001
core   0: 0x80007ebc (0xb20206b7) lui     a3, 0xb2020
core   0: 3 0x80007ebc (0xb20206b7) x13 0xb2020000
core   0: 0x80007ec0 (0x63f04913) xori    s2, zero, 1599
core   0: 3 0x80007ec0 (0x63f04913) x18 0x0000063f
core   0: 0x80007ec4 (0x00000013) nop
core   0: 3 0x80007ec4 (0x00000013)
core   0: 0x80007ec8 (0x05a20d97) auipc   s11, 0x5a20
core   0: 3 0x80007ec8 (0x05a20d97) x27 0x85a27ec8
core   0: 0x80007ecc (0xc2a66613) ori     a2, a2, -982
core   0: 3 0x80007ecc (0xc2a66613) x12 0xfffffd6a
core   0: 0x80007ed0 (0x01af77b3) and     a5, t5, s10
core   0: 3 0x80007ed0 (0x01af77b3) x15 0x00000000
core   0: 0x80007ed4 (0xa24898b7) lui     a7, 0xa2489
core   0: 3 0x80007ed4 (0xa24898b7) x17 0xa2489000
core   0: 0x80007ed8 (0x7350ea13) ori     s4, ra, 1845
core   0: 3 0x80007ed8 (0x7350ea13) x20 0x000c0fb7
core   0: 0x80007edc (0x00b05613) srli    a2, zero, 11
core   0: 3 0x80007edc (0x00b05613) x12 0x00000000
core   0: 0x80007ee0 (0x00013cb3) sltu    s9, sp, zero
core   0: 3 0x80007ee0 (0x00013cb3) x25 0x00000000
core   0: 0x80007ee4 (0x001e5013) srli    zero, t3, 1
core   0: 3 0x80007ee4 (0x001e5013)
core   0: 0x80007ee8 (0x00000013) nop
core   0: 3 0x80007ee8 (0x00000013)
core   0: 0x80007eec (0xb490b313) sltiu   t1, ra, -1207
core   0: 3 0x80007eec (0xb490b313) x 6 0x00000001
core   0: 0x80007ef0 (0x73a62d13) slti    s10, a2, 1850
core   0: 3 0x80007ef0 (0x73a62d13) x26 0x00000001
core   0: 0x80007ef4 (0x2d8bfa13) andi    s4, s7, 728
core   0: 3 0x80007ef4 (0x2d8bfa13) x20 0x00000000
core   0: 0x80007ef8 (0x010a9093) slli    ra, s5, 16
core   0: 3 0x80007ef8 (0x010a9093) x 1 0x00010000
core   0: 0x80007efc (0xce2a5fb7) lui     t6, 0xce2a5
core   0: 3 0x80007efc (0xce2a5fb7) x31 0xce2a5000
core   0: 0x80007f00 (0x4be78d93) addi    s11, a5, 1214
core   0: 3 0x80007f00 (0x4be78d93) x27 0x000004be
core   0: 0x80007f04 (0x87e1b413) sltiu   s0, gp, -1922
core   0: 3 0x80007f04 (0x87e1b413) x 8 0x00000001
core   0: 0x80007f08 (0x402a5eb3) sra     t4, s4, sp
core   0: 3 0x80007f08 (0x402a5eb3) x29 0x00000000
core   0: 0x80007f0c (0x4bab0a37) lui     s4, 0x4bab0
core   0: 3 0x80007f0c (0x4bab0a37) x20 0x4bab0000
core   0: 0x80007f10 (0x416fdeb3) sra     t4, t6, s6
core   0: 3 0x80007f10 (0x416fdeb3) x29 0xe7152800
core   0: 0x80007f14 (0x8a58ba13) sltiu   s4, a7, -1883
core   0: 3 0x80007f14 (0x8a58ba13) x20 0x00000001
core   0: 0x80007f18 (0x00148333) add     t1, s1, ra
core   0: 3 0x80007f18 (0x00148333) x 6 0x00010000
core   0: 0x80007f1c (0x409cd133) sra     sp, s9, s1
core   0: 3 0x80007f1c (0x409cd133) x 2 0x00000000
core   0: 0x80007f20 (0x41b703b3) sub     t2, a4, s11
core   0: 3 0x80007f20 (0x41b703b3) x 7 0x696a0b42
core   0: 0x80007f24 (0x00000013) nop
core   0: 3 0x80007f24 (0x00000013)
core   0: 0x80007f28 (0x4e83bd93) sltiu   s11, t2, 1256
core   0: 3 0x80007f28 (0x4e83bd93) x27 0x00000000
core   0: 0x80007f2c (0x00000013) nop
core   0: 3 0x80007f2c (0x00000013)
core   0: 0x80007f30 (0x00000013) nop
core   0: 3 0x80007f30 (0x00000013)
core   0: 0x80007f34 (0x014163b3) or      t2, sp, s4
core   0: 3 0x80007f34 (0x014163b3) x 7 0x00000001
core   0: 0x80007f38 (0xa53cd397) auipc   t2, 0xa53cd
core   0: 3 0x80007f38 (0xa53cd397) x 7 0x253d4f38
core   0: 0x80007f3c (0xaec9f813) andi    a6, s3, -1300
core   0: 3 0x80007f3c (0xaec9f813) x16 0x80000000
core   0: 0x80007f40 (0x00a81b93) slli    s7, a6, 10
core   0: 3 0x80007f40 (0x00a81b93) x23 0x00000000
core   0: 0x80007f44 (0xfd136613) ori     a2, t1, -47
core   0: 3 0x80007f44 (0xfd136613) x12 0xffffffd1
core   0: 0x80007f48 (0x411e5d33) sra     s10, t3, a7
core   0: 3 0x80007f48 (0x411e5d33) x26 0x0000012c
core   0: 0x80007f4c (0x002937b3) sltu    a5, s2, sp
core   0: 3 0x80007f4c (0x002937b3) x15 0x00000000
core   0: 0x80007f50 (0x01339db3) sll     s11, t2, s3
core   0: 3 0x80007f50 (0x01339db3) x27 0x253d4f38
core   0: 0x80007f54 (0x002c3bb3) sltu    s7, s8, sp
core   0: 3 0x80007f54 (0x002c3bb3) x23 0x00000000
core   0: 0x80007f58 (0x016841b3) xor     gp, a6, s6
core   0: 3 0x80007f58 (0x016841b3) x 3 0x80000001
core   0: 0x80007f5c (0x00000013) nop
core   0: 3 0x80007f5c (0x00000013)
core   0: 0x80007f60 (0x01099433) sll     s0, s3, a6
core   0: 3 0x80007f60 (0x01099433) x 8 0x80000000
core   0: 0x80007f64 (0x01b243b3) xor     t2, tp, s11
core   0: 3 0x80007f64 (0x01b243b3) x 7 0xa53c515c
core   0: 0x80007f68 (0xbe090693) addi    a3, s2, -1056
core   0: 3 0x80007f68 (0xbe090693) x13 0x0000021f
core   0: 0x80007f6c (0x41d352b3) sra     t0, t1, t4
core   0: 3 0x80007f6c (0x41d352b3) x 5 0x00010000
core   0: 0x80007f70 (0x019655b3) srl     a1, a2, s9
core   0: 3 0x80007f70 (0x019655b3) x11 0xffffffd1
core   0: 0x80007f74 (0xbc283c93) sltiu   s9, a6, -1086
core   0: 3 0x80007f74 (0xbc283c93) x25 0x00000001
core   0: 0x80007f78 (0x00980b33) add     s6, a6, s1
core   0: 3 0x80007f78 (0x00980b33) x22 0x80000000
core   0: 0x80007f7c (0x41a00133) sub     sp, zero, s10
core   0: 3 0x80007f7c (0x41a00133) x 2 0xfffffed4
core   0: 0x80007f80 (0x001a5fb3) srl     t6, s4, ra
core   0: 3 0x80007f80 (0x001a5fb3) x31 0x00000001
core   0: 0x80007f84 (0xe8547b93) andi    s7, s0, -379
core   0: 3 0x80007f84 (0xe8547b93) x23 0x80000000
core   0: 0x80007f88 (0x37dd58b7) lui     a7, 0x37dd5
core   0: 3 0x80007f88 (0x37dd58b7) x17 0x37dd5000
core   0: 0x80007f8c (0x01a62d33) slt     s10, a2, s10
core   0: 3 0x80007f8c (0x01a62d33) x26 0x00000001
core   0: 0x80007f90 (0x000772b3) and     t0, a4, zero
core   0: 3 0x80007f90 (0x000772b3) x 5 0x00000000
core   0: 0x80007f94 (0xef3a6713) ori     a4, s4, -269
core   0: 3 0x80007f94 (0xef3a6713) x14 0xfffffef3
core   0: 0x80007f98 (0x01c82bb3) slt     s7, a6, t3
core   0: 3 0x80007f98 (0x01c82bb3) x23 0x00000001
core   0: 0x80007f9c (0x017e6033) or      zero, t3, s7
core   0: 3 0x80007f9c (0x017e6033)
core   0: 0x80007fa0 (0x01584b33) xor     s6, a6, s5
core   0: 3 0x80007fa0 (0x01584b33) x22 0x80000001
core   0: 0x80007fa4 (0x00000013) nop
core   0: 3 0x80007fa4 (0x00000013)
core   0: 0x80007fa8 (0x7f407913) andi    s2, zero, 2036
core   0: 3 0x80007fa8 (0x7f407913) x18 0x00000000
core   0: 0x80007fac (0x00000013) nop
core   0: 3 0x80007fac (0x00000013)
core   0: 0x80007fb0 (0x10314193) xori    gp, sp, 259
core   0: 3 0x80007fb0 (0x10314193) x 3 0xffffffd7
core   0: 0x80007fb4 (0x0191b133) sltu    sp, gp, s9
core   0: 3 0x80007fb4 (0x0191b133) x 2 0x00000000
core   0: 0x80007fb8 (0x416b5bb3) sra     s7, s6, s6
core   0: 3 0x80007fb8 (0x416b5bb3) x23 0xc0000000
core   0: 0x80007fbc (0x8cc418b7) lui     a7, 0x8cc41
core   0: 3 0x80007fbc (0x8cc418b7) x17 0x8cc41000
core   0: 0x80007fc0 (0xd38a9037) lui     zero, 0xd38a9
core   0: 3 0x80007fc0 (0xd38a9037)
core   0: 0x80007fc4 (0x006471b3) and     gp, s0, t1
core   0: 3 0x80007fc4 (0x006471b3) x 3 0x00000000
core   0: 0x80007fc8 (0x01801f33) sll     t5, zero, s8
core   0: 3 0x80007fc8 (0x01801f33) x30 0x00000000
core   0: 0x80007fcc (0xa7197f93) andi    t6, s2, -1423
core   0: 3 0x80007fcc (0xa7197f93) x31 0x00000000
core   0: 0x80007fd0 (0x009eabb3) slt     s7, t4, s1
core   0: 3 0x80007fd0 (0x009eabb3) x23 0x00000001
core   0: 0x80007fd4 (0x415658b3) sra     a7, a2, s5
core   0: 3 0x80007fd4 (0x415658b3) x17 0xffffffe8
core   0: 0x80007fd8 (0x407f0033) sub     zero, t5, t2
core   0: 3 0x80007fd8 (0x407f0033)
core   0: 0x80007fdc (0x007c1613) slli    a2, s8, 7
core   0: 3 0x80007fdc (0x007c1613) x12 0x001ae000
core   0: 0x80007fe0 (0x01004cb3) xor     s9, zero, a6
core   0: 3 0x80007fe0 (0x01004cb3) x25 0x80000000
core   0: 0x80007fe4 (0x4070d6b3) sra     a3, ra, t2
core   0: 3 0x80007fe4 (0x4070d6b3) x13 0x00000000
core   0: 0x80007fe8 (0x0052d5b3) srl     a1, t0, t0
core   0: 3 0x80007fe8 (0x0052d5b3) x11 0x00000000
core   0: 0x80007fec (0x415551b3) sra     gp, a0, s5
core   0: 3 0x80007fec (0x415551b3) x 3 0xc000ae72
core   0: 0x80007ff0 (0xe07f4b93) xori    s7, t5, -505
core   0: 3 0x80007ff0 (0xe07f4b93) x23 0xfffffe07
core   0: 0x80007ff4 (0x01645eb3) srl     t4, s0, s6
core   0: 3 0x80007ff4 (0x01645eb3) x29 0x40000000
core   0: 0x80007ff8 (0x41d25493) srai    s1, tp, 29
core   0: 3 0x80007ff8 (0x41d25493) x 9 0xfffffffc
core   0: 0x80007ffc (0x00989113) slli    sp, a7, 9
core   0: 3 0x80007ffc (0x00989113) x 2 0xffffd000
core   0: 0x80008000 (0x011c1f33) sll     t5, s8, a7
core   0: 3 0x80008000 (0x011c1f33) x30 0x0035c000
core   0: 0x80008004 (0x01eee933) or      s2, t4, t5
core   0: 3 0x80008004 (0x01eee933) x18 0x4035c000
core   0: 0x80008008 (0x882a8317) auipc   t1, 0x882a8
core   0: 3 0x80008008 (0x882a8317) x 6 0x082b0008
core   0: 0x8000800c (0x93957317) auipc   t1, 0x93957
core   0: 3 0x8000800c (0x93957317) x 6 0x1395f00c
core   0: 0x80008010 (0x00000013) nop
core   0: 3 0x80008010 (0x00000013)
core   0: 0x80008014 (0x411e00b3) sub     ra, t3, a7
core   0: 3 0x80008014 (0x411e00b3) x 1 0x00000144
core   0: 0x80008018 (0x0f313913) sltiu   s2, sp, 243
core   0: 3 0x80008018 (0x0f313913) x18 0x00000000
core   0: 0x8000801c (0x00000013) nop
core   0: 3 0x8000801c (0x00000013)
core   0: 0x80008020 (0x7a0a7f93) andi    t6, s4, 1952
core   0: 3 0x80008020 (0x7a0a7f93) x31 0x00000000
core   0: 0x80008024 (0x41e14f13) xori    t5, sp, 1054
core   0: 3 0x80008024 (0x41e14f13) x30 0xffffd41e
core   0: 0x80008028 (0xbdd1ca13) xori    s4, gp, -1059
core   0: 3 0x80008028 (0xbdd1ca13) x20 0x3fff55af
core   0: 0x8000802c (0x012e8d33) add     s10, t4, s2
core   0: 3 0x8000802c (0x012e8d33) x26 0x40000000
core   0: 0x80008030 (0x00000013) nop
core   0: 3 0x80008030 (0x00000013)
core   0: 0x80008034 (0x00142fb3) slt     t6, s0, ra
core   0: 3 0x80008034 (0x00142fb3) x31 0x00000001
core   0: 0x80008038 (0x4083d1b3) sra     gp, t2, s0
core   0: 3 0x80008038 (0x4083d1b3) x 3 0xa53c515c
core   0: 0x8000803c (0xa0406c97) auipc   s9, 0xa0406
core   0: 3 0x8000803c (0xa0406c97) x25 0x2040e03c
core   0: 0x80008040 (0x000fbf33) sltu    t5, t6, zero
core   0: 3 0x80008040 (0x000fbf33) x30 0x00000000
core   0: 0x80008044 (0x010a5633) srl     a2, s4, a6
core   0: 3 0x80008044 (0x010a5633) x12 0x3fff55af
core   0: 0x80008048 (0x00fcca33) xor     s4, s9, a5
core   0: 3 0x80008048 (0x00fcca33) x20 0x2040e03c
core   0: 0x8000804c (0xe4cfc093) xori    ra, t6, -436
core   0: 3 0x8000804c (0xe4cfc093) x 1 0xfffffe4d
core   0: 0x80008050 (0x009e7133) and     sp, t3, s1
core   0: 3 0x80008050 (0x009e7133) x 2 0x0000012c
core   0: 0x80008054 (0x158e2817) auipc   a6, 0x158e2
core   0: 3 0x80008054 (0x158e2817) x16 0x958ea054
core   0: 0x80008058 (0x0074d913) srli    s2, s1, 7
core   0: 3 0x80008058 (0x0074d913) x18 0x01ffffff
core   0: 0x8000805c (0x01a4db13) srli    s6, s1, 26
core   0: 3 0x8000805c (0x01a4db13) x22 0x0000003f
core   0: 0x80008060 (0x00707f33) and     t5, zero, t2
core   0: 3 0x80008060 (0x00707f33) x30 0x00000000
core   0: 0x80008064 (0x00000013) nop
core   0: 3 0x80008064 (0x00000013)
core   0: 0x80008068 (0x3a036b13) ori     s6, t1, 928
core   0: 3 0x80008068 (0x3a036b13) x22 0x1395f3ac
core   0: 0x8000806c (0x407c8833) sub     a6, s9, t2
core   0: 3 0x8000806c (0x407c8833) x16 0x7b048ee0
core   0: 0x80008070 (0x64236c93) ori     s9, t1, 1602
core   0: 3 0x80008070 (0x64236c93) x25 0x1395f64e
core   0: 0x80008074 (0x00921793) slli    a5, tp, 9
core   0: 3 0x80008074 (0x00921793) x15 0x023cc800
core   0: 0x80008078 (0xe8012c13) slti    s8, sp, -384
core   0: 3 0x80008078 (0xe8012c13) x24 0x00000000
core   0: 0x8000807c (0x01fb58b3) srl     a7, s6, t6
core   0: 3 0x8000807c (0x01fb58b3) x17 0x09caf9d6
core   0: 0x80008080 (0x8496b493) sltiu   s1, a3, -1975
core   0: 3 0x80008080 (0x8496b493) x 9 0x00000001
core   0: 0x80008084 (0x017cefb3) or      t6, s9, s7
core   0: 3 0x80008084 (0x017cefb3) x31 0xfffffe4f
core   0: 0x80008088 (0x00000013) nop
core   0: 3 0x80008088 (0x00000013)
core   0: 0x8000808c (0x019ee833) or      a6, t4, s9
core   0: 3 0x8000808c (0x019ee833) x16 0x5395f64e
core   0: 0x80008090 (0x014b7ab3) and     s5, s6, s4
core   0: 3 0x80008090 (0x014b7ab3) x21 0x0000e02c
core   0: 0x80008094 (0x01b51133) sll     sp, a0, s11
core   0: 3 0x80008094 (0x01b51133) x 2 0xe4000000
core   0: 0x80008098 (0x610ae093) ori     ra, s5, 1552
core   0: 3 0x80008098 (0x610ae093) x 1 0x0000e63c
core   0: 0x8000809c (0x00000013) nop
core   0: 3 0x8000809c (0x00000013)
core   0: 0x800080a0 (0x005a7eb3) and     t4, s4, t0
core   0: 3 0x800080a0 (0x005a7eb3) x29 0x00000000
core   0: 0x800080a4 (0x165d3d13) sltiu   s10, s10, 357
core   0: 3 0x800080a4 (0x165d3d13) x26 0x00000000
core   0: 0x800080a8 (0x010ebc33) sltu    s8, t4, a6
core   0: 3 0x800080a8 (0x010ebc33) x24 0x00000001
core   0: 0x800080ac (0x01eb9fb3) sll     t6, s7, t5
core   0: 3 0x800080ac (0x01eb9fb3) x31 0xfffffe07
core   0: 0x800080b0 (0x00b9b433) sltu    s0, s3, a1
core   0: 3 0x800080b0 (0x00b9b433) x 8 0x00000000
core   0: 0x800080b4 (0x9ea9f013) andi    zero, s3, -1558
core   0: 3 0x800080b4 (0x9ea9f013)
core   0: 0x800080b8 (0xc88d4613) xori    a2, s10, -888
core   0: 3 0x800080b8 (0xc88d4613) x12 0xfffffc88
core   0: 0x800080bc (0x081c4e13) xori    t3, s8, 129
core   0: 3 0x800080bc (0x081c4e13) x28 0x00000080
core   0: 0x800080c0 (0x01b6dd93) srli    s11, a3, 27
core   0: 3 0x800080c0 (0x01b6dd93) x27 0x00000000
core   0: 0x800080c4 (0x01bed033) srl     zero, t4, s11
core   0: 3 0x800080c4 (0x01bed033)
core   0: 0x800080c8 (0x00c0d913) srli    s2, ra, 12
core   0: 3 0x800080c8 (0x00c0d913) x18 0x0000000e
core   0: 0x800080cc (0x00000393) li      t2, 0
core   0: 3 0x800080cc (0x00000393) x 7 0x00000000
core   0: 0x800080d0 (0x9e12bdb7) lui     s11, 0x9e12b
core   0: 3 0x800080d0 (0x9e12bdb7) x27 0x9e12b000
core   0: 0x800080d4 (0x0a8d8d93) addi    s11, s11, 168
core   0: 3 0x800080d4 (0x0a8d8d93) x27 0x9e12b0a8
core   0: 0x800080d8 (0xfff00c93) li      s9, -1
core   0: 3 0x800080d8 (0xfff00c93) x25 0xffffffff
core   0: 0x800080dc (0x5ef09b37) lui     s6, 0x5ef09
core   0: 3 0x800080dc (0x5ef09b37) x22 0x5ef09000
core   0: 0x800080e0 (0x2a3b0b13) addi    s6, s6, 675
core   0: 3 0x800080e0 (0x2a3b0b13) x22 0x5ef092a3
core   0: 0x800080e4 (0xb9243fb7) lui     t6, 0xb9243
core   0: 3 0x800080e4 (0xb9243fb7) x31 0xb9243000
core   0: 0x800080e8 (0xedaf8f93) addi    t6, t6, -294
core   0: 3 0x800080e8 (0xedaf8f93) x31 0xb9242eda
core   0: 0x800080ec (0x80000ab7) lui     s5, 0x80000
core   0: 3 0x800080ec (0x80000ab7) x21 0x80000000
core   0: 0x800080f0 (0xfff00313) li      t1, -1
core   0: 3 0x800080f0 (0xfff00313) x 6 0xffffffff
core   0: 0x800080f4 (0x00000493) li      s1, 0
core   0: 3 0x800080f4 (0x00000493) x 9 0x00000000
core   0: 0x800080f8 (0x00000713) li      a4, 0
core   0: 3 0x800080f8 (0x00000713) x14 0x00000000
core   0: 0x800080fc (0x6dc7c6b7) lui     a3, 0x6dc7c
core   0: 3 0x800080fc (0x6dc7c6b7) x13 0x6dc7c000
core   0: 0x80008100 (0x11368693) addi    a3, a3, 275
core   0: 3 0x80008100 (0x11368693) x13 0x6dc7c113
core   0: 0x80008104 (0xbc74c6b7) lui     a3, 0xbc74c
core   0: 3 0x80008104 (0xbc74c6b7) x13 0xbc74c000
core   0: 0x80008108 (0x61e4bc97) auipc   s9, 0x61e4b
core   0: 3 0x80008108 (0x61e4bc97) x25 0xe1e53108
core   0: 0x8000810c (0x0dab0713) addi    a4, s6, 218
core   0: 3 0x8000810c (0x0dab0713) x14 0x5ef0937d
core   0: 0x80008110 (0x00000013) nop
core   0: 3 0x80008110 (0x00000013)
core   0: 0x80008114 (0x00000013) nop
core   0: 3 0x80008114 (0x00000013)
core   0: 0x80008118 (0x01fb0b33) add     s6, s6, t6
core   0: 3 0x80008118 (0x01fb0b33) x22 0x1814c17d
core   0: 0x8000811c (0x015a8733) add     a4, s5, s5
core   0: 3 0x8000811c (0x015a8733) x14 0x00000000
core   0: 0x80008120 (0xb0442a97) auipc   s5, 0xb0442
core   0: 3 0x80008120 (0xb0442a97) x21 0x3044a120
core   0: 0x80008124 (0xd3eb9737) lui     a4, 0xd3eb9
core   0: 3 0x80008124 (0xd3eb9737) x14 0xd3eb9000
core   0: 0x80008128 (0xedaa2b37) lui     s6, 0xedaa2
core   0: 3 0x80008128 (0xedaa2b37) x22 0xedaa2000
core   0: 0x8000812c (0x00000013) nop
core   0: 3 0x8000812c (0x00000013)
core   0: 0x80008130 (0xd0d39cb7) lui     s9, 0xd0d39
core   0: 3 0x80008130 (0xd0d39cb7) x25 0xd0d39000
core   0: 0x80008134 (0x10f70713) addi    a4, a4, 271
core   0: 3 0x80008134 (0x10f70713) x14 0xd3eb910f
core   0: 0x80008138 (0x05038a93) addi    s5, t2, 80
core   0: 3 0x80008138 (0x05038a93) x21 0x00000050
core   0: 0x8000813c (0x00000013) nop
core   0: 3 0x8000813c (0x00000013)
core   0: 0x80008140 (0x31867593) andi    a1, a2, 792
core   0: 3 0x80008140 (0x31867593) x11 0x00000008
core   0: 0x80008144 (0x41d35a33) sra     s4, t1, t4
core   0: 3 0x80008144 (0x41d35a33) x20 0xffffffff
core   0: 0x80008148 (0x01cefb33) and     s6, t4, t3
core   0: 3 0x80008148 (0x01cefb33) x22 0x00000000
core   0: 0x8000814c (0x411858b3) sra     a7, a6, a7
core   0: 3 0x8000814c (0x411858b3) x17 0x0000014e
core   0: 0x80008150 (0x401e8cb3) sub     s9, t4, ra
core   0: 3 0x80008150 (0x401e8cb3) x25 0xffff19c4
core   0: 0x80008154 (0x006246b3) xor     a3, tp, t1
core   0: 3 0x80008154 (0x006246b3) x13 0x7ffee19b
core   0: 0x80008158 (0x00822e33) slt     t3, tp, s0
core   0: 3 0x80008158 (0x00822e33) x28 0x00000001
core   0: 0x8000815c (0x696d44b7) lui     s1, 0x696d4
core   0: 3 0x8000815c (0x696d44b7) x 9 0x696d4000
core   0: 0x80008160 (0x0116ffb3) and     t6, a3, a7
core   0: 3 0x80008160 (0x0116ffb3) x31 0x0000010a
core   0: 0x80008164 (0x412fdab3) sra     s5, t6, s2
core   0: 3 0x80008164 (0x412fdab3) x21 0x00000000
core   0: 0x80008168 (0xd006e113) ori     sp, a3, -768
core   0: 3 0x80008168 (0xd006e113) x 2 0xfffffd9b
core   0: 0x8000816c (0x00f972b3) and     t0, s2, a5
core   0: 3 0x8000816c (0x00f972b3) x 5 0x00000000
core   0: 0x80008170 (0x01b9e633) or      a2, s3, s11
core   0: 3 0x80008170 (0x01b9e633) x12 0x9e12b0a8
core   0: 0x80008174 (0xa5ca8f13) addi    t5, s5, -1444
core   0: 3 0x80008174 (0xa5ca8f13) x30 0xfffffa5c
core   0: 0x80008178 (0x4387ed17) auipc   s10, 0x4387e
core   0: 3 0x80008178 (0x4387ed17) x26 0xc3886178
core   0: 0x8000817c (0x08beef93) ori     t6, t4, 139
core   0: 3 0x8000817c (0x08beef93) x31 0x0000008b
core   0: 0x80008180 (0x007ed693) srli    a3, t4, 7
core   0: 3 0x80008180 (0x007ed693) x13 0x00000000
core   0: 0x80008184 (0x7342c113) xori    sp, t0, 1844
core   0: 3 0x80008184 (0x7342c113) x 2 0x00000734
core   0: 0x80008188 (0x01884bb3) xor     s7, a6, s8
core   0: 3 0x80008188 (0x01884bb3) x23 0x5395f64f
core   0: 0x8000818c (0x00639b13) slli    s6, t2, 6
core   0: 3 0x8000818c (0x00639b13) x22 0x00000000
core   0: 0x80008190 (0x01cec4b3) xor     s1, t4, t3
core   0: 3 0x80008190 (0x01cec4b3) x 9 0x00000001
core   0: 0x80008194 (0xcb5f7593) andi    a1, t5, -843
core   0: 3 0x80008194 (0xcb5f7593) x11 0xfffff814
core   0: 0x80008198 (0x81aaed13) ori     s10, s5, -2022
core   0: 3 0x80008198 (0x81aaed13) x26 0xfffff81a
core   0: 0x8000819c (0x00f30b33) add     s6, t1, a5
core   0: 3 0x8000819c (0x00f30b33) x22 0x023cc7ff
core   0: 0x800081a0 (0x016ab7b3) sltu    a5, s5, s6
core   0: 3 0x800081a0 (0x016ab7b3) x15 0x00000001
core   0: 0x800081a4 (0x006bc4b3) xor     s1, s7, t1
core   0: 3 0x800081a4 (0x006bc4b3) x 9 0xac6a09b0
core   0: 0x800081a8 (0x00819d33) sll     s10, gp, s0
core   0: 3 0x800081a8 (0x00819d33) x26 0xa53c515c
core   0: 0x800081ac (0x473f2c93) slti    s9, t5, 1139
core   0: 3 0x800081ac (0x473f2c93) x25 0x00000001
core   0: 0x800081b0 (0x01b5d633) srl     a2, a1, s11
core   0: 3 0x800081b0 (0x01b5d633) x12 0x00fffff8
core   0: 0x800081b4 (0x00d311b3) sll     gp, t1, a3
core   0: 3 0x800081b4 (0x00d311b3) x 3 0xffffffff
core   0: 0x800081b8 (0x408adc33) sra     s8, s5, s0
core   0: 3 0x800081b8 (0x408adc33) x24 0x00000000
core   0: 0x800081bc (0x01265793) srli    a5, a2, 18
core   0: 3 0x800081bc (0x01265793) x15 0x0000003f
core   0: 0x800081c0 (0x01470033) add     zero, a4, s4
core   0: 3 0x800081c0 (0x01470033)
core   0: 0x800081c4 (0x01d18633) add     a2, gp, t4
core   0: 3 0x800081c4 (0x01d18633) x12 0xffffffff
core   0: 0x800081c8 (0x0153e8b3) or      a7, t2, s5
core   0: 3 0x800081c8 (0x0153e8b3) x17 0x00000000
core   0: 0x800081cc (0x017d6c33) or      s8, s10, s7
core   0: 3 0x800081cc (0x017d6c33) x24 0xf7bdf75f
core   0: 0x800081d0 (0x97ca2f13) slti    t5, s4, -1668
core   0: 3 0x800081d0 (0x97ca2f13) x30 0x00000000
core   0: 0x800081d4 (0xbdd57c93) andi    s9, a0, -1059
core   0: 3 0x800081d4 (0xbdd57c93) x25 0x800158c4
core   0: 0x800081d8 (0x01fe4a93) xori    s5, t3, 31
core   0: 3 0x800081d8 (0x01fe4a93) x21 0x0000001e
core   0: 0x800081dc (0x0163bfb3) sltu    t6, t2, s6
core   0: 3 0x800081dc (0x0163bfb3) x31 0x00000001
core   0: 0x800081e0 (0x408e50b3) sra     ra, t3, s0
core   0: 3 0x800081e0 (0x408e50b3) x 1 0x00000001
core   0: 0x800081e4 (0xbe017813) andi    a6, sp, -1056
core   0: 3 0x800081e4 (0xbe017813) x16 0x00000320
core   0: 0x800081e8 (0x00cfd8b3) srl     a7, t6, a2
core   0: 3 0x800081e8 (0x00cfd8b3) x17 0x00000000
core   0: 0x800081ec (0x016488b3) add     a7, s1, s6
core   0: 3 0x800081ec (0x016488b3) x17 0xaea6d1af
core   0: 0x800081f0 (0x01f6b4b3) sltu    s1, a3, t6
core   0: 3 0x800081f0 (0x01f6b4b3) x 9 0x00000001
core   0: 0x800081f4 (0x40f45a93) srai    s5, s0, 15
core   0: 3 0x800081f4 (0x40f45a93) x21 0x00000000
core   0: 0x800081f8 (0xfcd26837) lui     a6, 0xfcd26
core   0: 3 0x800081f8 (0xfcd26837) x16 0xfcd26000
core   0: 0x800081fc (0x00561e13) slli    t3, a2, 5
core   0: 3 0x800081fc (0x00561e13) x28 0xffffffe0
core   0: 0x80008200 (0x40fadb13) srai    s6, s5, 15
core   0: 3 0x80008200 (0x40fadb13) x22 0x00000000
core   0: 0x80008204 (0x2cf0fe13) andi    t3, ra, 719
core   0: 3 0x80008204 (0x2cf0fe13) x28 0x00000001
core   0: 0x80008208 (0x292b6713) ori     a4, s6, 658
core   0: 3 0x80008208 (0x292b6713) x14 0x00000292
core   0: 0x8000820c (0x01f49433) sll     s0, s1, t6
core   0: 3 0x8000820c (0x01f49433) x 8 0x00000002
core   0: 0x80008210 (0x00f035b3) snez    a1, a5
core   0: 3 0x80008210 (0x00f035b3) x11 0x00000001
core   0: 0x80008214 (0x0acdef13) ori     t5, s11, 172
core   0: 3 0x80008214 (0x0acdef13) x30 0x9e12b0ac
core   0: 0x80008218 (0x98f23617) auipc   a2, 0x98f23
core   0: 3 0x80008218 (0x98f23617) x12 0x18f2b218
core   0: 0x8000821c (0x01f90633) add     a2, s2, t6
core   0: 3 0x8000821c (0x01f90633) x12 0x0000000f
core   0: 0x80008220 (0xe1758113) addi    sp, a1, -489
core   0: 3 0x80008220 (0xe1758113) x 2 0xfffffe18
core   0: 0x80008224 (0x00d34033) xor     zero, t1, a3
core   0: 3 0x80008224 (0x00d34033)
core   0: 0x80008228 (0x268f7197) auipc   gp, 0x268f7
core   0: 3 0x80008228 (0x268f7197) x 3 0xa68ff228
core   0: 0x8000822c (0x014130b3) sltu    ra, sp, s4
core   0: 3 0x8000822c (0x014130b3) x 1 0x00000001
core   0: 0x80008230 (0x012712b3) sll     t0, a4, s2
core   0: 3 0x80008230 (0x012712b3) x 5 0x00a48000
core   0: 0x80008234 (0x009e1933) sll     s2, t3, s1
core   0: 3 0x80008234 (0x009e1933) x18 0x00000002
core   0: 0x80008238 (0x0198df93) srli    t6, a7, 25
core   0: 3 0x80008238 (0x0198df93) x31 0x00000057
core   0: 0x8000823c (0x019bd0b3) srl     ra, s7, s9
core   0: 3 0x8000823c (0x019bd0b3) x 1 0x05395f64
core   0: 0x80008240 (0x30423d97) auipc   s11, 0x30423
core   0: 3 0x80008240 (0x30423d97) x27 0xb042b240
core   0: 0x80008244 (0x014c5833) srl     a6, s8, s4
core   0: 3 0x80008244 (0x014c5833) x16 0x00000001
core   0: 0x80008248 (0x91cfe493) ori     s1, t6, -1764
core   0: 3 0x80008248 (0x91cfe493) x 9 0xfffff95f
core   0: 0x8000824c (0x0076d1b3) srl     gp, a3, t2
core   0: 3 0x8000824c (0x0076d1b3) x 3 0x00000000
core   0: 0x80008250 (0x012a5e13) srli    t3, s4, 18
core   0: 3 0x80008250 (0x012a5e13) x28 0x00003fff
core   0: 0x80008254 (0x3656a693) slti    a3, a3, 869
core   0: 3 0x80008254 (0x3656a693) x13 0x00000001
core   0: 0x80008258 (0x40935133) sra     sp, t1, s1
core   0: 3 0x80008258 (0x40935133) x 2 0xffffffff
core   0: 0x8000825c (0x036def13) ori     t5, s11, 54
core   0: 3 0x8000825c (0x036def13) x30 0xb042b276
core   0: 0x80008260 (0x890cbeb7) lui     t4, 0x890cb
core   0: 3 0x80008260 (0x890cbeb7) x29 0x890cb000
core   0: 0x80008264 (0x4020d2b3) sra     t0, ra, sp
core   0: 3 0x80008264 (0x4020d2b3) x 5 0x00000000
core   0: 0x80008268 (0x85813f13) sltiu   t5, sp, -1960
core   0: 3 0x80008268 (0x85813f13) x30 0x00000000
core   0: 0x8000826c (0x01c34a33) xor     s4, t1, t3
core   0: 3 0x8000826c (0x01c34a33) x20 0xffffc000
core   0: 0x80008270 (0x019cccb3) xor     s9, s9, s9
core   0: 3 0x80008270 (0x019cccb3) x25 0x00000000
core   0: 0x80008274 (0x003d9db3) sll     s11, s11, gp
core   0: 3 0x80008274 (0x003d9db3) x27 0xb042b240
core   0: 0x80008278 (0xeebdf293) andi    t0, s11, -277
core   0: 3 0x80008278 (0xeebdf293) x 5 0xb042b240
core   0: 0x8000827c (0x01de4d33) xor     s10, t3, t4
core   0: 3 0x8000827c (0x01de4d33) x26 0x890c8fff
core   0: 0x80008280 (0x01890333) add     t1, s2, s8
core   0: 3 0x80008280 (0x01890333) x 6 0xf7bdf761
core   0: 0x80008284 (0x4b657e93) andi    t4, a0, 1206
core   0: 3 0x80008284 (0x4b657e93) x29 0x000004a4
core   0: 0x80008288 (0x33b02813) slti    a6, zero, 827
core   0: 3 0x80008288 (0x33b02813) x16 0x00000001
core   0: 0x8000828c (0x42e4fa93) andi    s5, s1, 1070
core   0: 3 0x8000828c (0x42e4fa93) x21 0x0000000e
core   0: 0x80008290 (0x00000013) nop
core   0: 3 0x80008290 (0x00000013)
core   0: 0x80008294 (0x412cdc13) srai    s8, s9, 18
core   0: 3 0x80008294 (0x412cdc13) x24 0x00000000
core   0: 0x80008298 (0x4a0c4293) xori    t0, s8, 1184
core   0: 3 0x80008298 (0x4a0c4293) x 5 0x000004a0
core   0: 0x8000829c (0x00a27433) and     s0, tp, a0
core   0: 3 0x8000829c (0x00a27433) x 8 0x80011c64
core   0: 0x800082a0 (0x41465833) sra     a6, a2, s4
core   0: 3 0x800082a0 (0x41465833) x16 0x0000000f
core   0: 0x800082a4 (0xa6d14817) auipc   a6, 0xa6d14
core   0: 3 0x800082a4 (0xa6d14817) x16 0x26d1c2a4
core   0: 0x800082a8 (0x01619313) slli    t1, gp, 22
core   0: 3 0x800082a8 (0x01619313) x 6 0x00000000
core   0: 0x800082ac (0x002a5833) srl     a6, s4, sp
core   0: 3 0x800082ac (0x002a5833) x16 0x00000001
core   0: 0x800082b0 (0x013d6a33) or      s4, s10, s3
core   0: 3 0x800082b0 (0x013d6a33) x20 0x890c8fff
core   0: 0x800082b4 (0x17d67113) andi    sp, a2, 381
core   0: 3 0x800082b4 (0x17d67113) x 2 0x0000000d
core   0: 0x800082b8 (0x00000013) nop
core   0: 3 0x800082b8 (0x00000013)
core   0: 0x800082bc (0x41a98c33) sub     s8, s3, s10
core   0: 3 0x800082bc (0x41a98c33) x24 0xf6f37001
core   0: 0x800082c0 (0xcfce6413) ori     s0, t3, -772
core   0: 3 0x800082c0 (0xcfce6413) x 8 0xffffffff
core   0: 0x800082c4 (0x40acd2b3) sra     t0, s9, a0
core   0: 3 0x800082c4 (0x40acd2b3) x 5 0x00000000
core   0: 0x800082c8 (0x8cc27937) lui     s2, 0x8cc27
core   0: 3 0x800082c8 (0x8cc27937) x18 0x8cc27000
core   0: 0x800082cc (0x00add493) srli    s1, s11, 10
core   0: 3 0x800082cc (0x00add493) x 9 0x002c10ac
core   0: 0x800082d0 (0x0f1e3193) sltiu   gp, t3, 241
core   0: 3 0x800082d0 (0x0f1e3193) x 3 0x00000000
core   0: 0x800082d4 (0x8a598e93) addi    t4, s3, -1883
core   0: 3 0x800082d4 (0x8a598e93) x29 0x7ffff8a5
core   0: 0x800082d8 (0x008285b3) add     a1, t0, s0
core   0: 3 0x800082d8 (0x008285b3) x11 0xffffffff
core   0: 0x800082dc (0x00f550b3) srl     ra, a0, a5
core   0: 3 0x800082dc (0x00f550b3) x 1 0x00000001
core   0: 0x800082e0 (0x574af193) andi    gp, s5, 1396
core   0: 3 0x800082e0 (0x574af193) x 3 0x00000004
core   0: 0x800082e4 (0xa7236f13) ori     t5, t1, -1422
core   0: 3 0x800082e4 (0xa7236f13) x30 0xfffffa72
core   0: 0x800082e8 (0x01fb6db3) or      s11, s6, t6
core   0: 3 0x800082e8 (0x01fb6db3) x27 0x00000057
core   0: 0x800082ec (0x00344a33) xor     s4, s0, gp
core   0: 3 0x800082ec (0x00344a33) x20 0xfffffffb
core   0: 0x800082f0 (0x77b60e13) addi    t3, a2, 1915
core   0: 3 0x800082f0 (0x77b60e13) x28 0x0000078a
core   0: 0x800082f4 (0x0119a6b3) slt     a3, s3, a7
core   0: 3 0x800082f4 (0x0119a6b3) x13 0x00000001
core   0: 0x800082f8 (0xa6757113) andi    sp, a0, -1433
core   0: 3 0x800082f8 (0xa6757113) x 2 0x80015864
core   0: 0x800082fc (0xa9959bb7) lui     s7, 0xa9959
core   0: 3 0x800082fc (0xa9959bb7) x23 0xa9959000
core   0: 0x80008300 (0x4e0f8b13) addi    s6, t6, 1248
core   0: 3 0x80008300 (0x4e0f8b13) x22 0x00000537
core   0: 0x80008304 (0x016fc3b3) xor     t2, t6, s6
core   0: 3 0x80008304 (0x016fc3b3) x 7 0x00000560
core   0: 0x80008308 (0x01a370b3) and     ra, t1, s10
core   0: 3 0x80008308 (0x01a370b3) x 1 0x00000000
core   0: 0x8000830c (0x40665833) sra     a6, a2, t1
core   0: 3 0x8000830c (0x40665833) x16 0x0000000f
core   0: 0x80008310 (0x7c896c17) auipc   s8, 0x7c896
core   0: 3 0x80008310 (0x7c896c17) x24 0xfc89e310
core   0: 0x80008314 (0x1a876813) ori     a6, a4, 424
core   0: 3 0x80008314 (0x1a876813) x16 0x000003ba
core   0: 0x80008318 (0x01805433) srl     s0, zero, s8
core   0: 3 0x80008318 (0x01805433) x 8 0x00000000
core   0: 0x8000831c (0x40155933) sra     s2, a0, ra
core   0: 3 0x8000831c (0x40155933) x18 0x80015ce4
core   0: 0x80008320 (0x42ae6d13) ori     s10, t3, 1066
core   0: 3 0x80008320 (0x42ae6d13) x26 0x000007aa
core   0: 0x80008324 (0x00261613) slli    a2, a2, 2
core   0: 3 0x80008324 (0x00261613) x12 0x0000003c
core   0: 0x80008328 (0x002e5813) srli    a6, t3, 2
core   0: 3 0x80008328 (0x002e5813) x16 0x000001e2
core   0: 0x8000832c (0x58cabb37) lui     s6, 0x58cab
core   0: 3 0x8000832c (0x58cabb37) x22 0x58cab000
core   0: 0x80008330 (0x00662bb3) slt     s7, a2, t1
core   0: 3 0x80008330 (0x00662bb3) x23 0x00000000
core   0: 0x80008334 (0x3bf5e813) ori     a6, a1, 959
core   0: 3 0x80008334 (0x3bf5e813) x16 0xffffffff
core   0: 0x80008338 (0x431dc713) xori    a4, s11, 1073
core   0: 3 0x80008338 (0x431dc713) x14 0x00000466
core   0: 0x8000833c (0x00000013) nop
core   0: 3 0x8000833c (0x00000013)
core   0: 0x80008340 (0x0130d4b3) srl     s1, ra, s3
core   0: 3 0x80008340 (0x0130d4b3) x 9 0x00000000
core   0: 0x80008344 (0x7ce1bb13) sltiu   s6, gp, 1998
core   0: 3 0x80008344 (0x7ce1bb13) x22 0x00000001
core   0: 0x80008348 (0x418cd613) srai    a2, s9, 24
core   0: 3 0x80008348 (0x418cd613) x12 0x00000000
core   0: 0x8000834c (0x4d056613) ori     a2, a0, 1232
core   0: 3 0x8000834c (0x4d056613) x12 0x80015cf4
core   0: 0x80008350 (0x40195833) sra     a6, s2, ra
core   0: 3 0x80008350 (0x40195833) x16 0x80015ce4
core   0: 0x80008354 (0x00000013) nop
core   0: 3 0x80008354 (0x00000013)
core   0: 0x80008358 (0x41d85633) sra     a2, a6, t4
core   0: 3 0x80008358 (0x41d85633) x12 0xfc000ae7
core   0: 0x8000835c (0xa56caf13) slti    t5, s9, -1450
core   0: 3 0x8000835c (0xa56caf13) x30 0x00000000
core   0: 0x80008360 (0x3fe78f13) addi    t5, a5, 1022
core   0: 3 0x80008360 (0x3fe78f13) x30 0x0000043d
core   0: 0x80008364 (0x3a79ee93) ori     t4, s3, 935
core   0: 3 0x80008364 (0x3a79ee93) x29 0x800003a7
core   0: 0x80008368 (0x012772b3) and     t0, a4, s2
core   0: 3 0x80008368 (0x012772b3) x 5 0x00000464
core   0: 0x8000836c (0x00fb1fb3) sll     t6, s6, a5
core   0: 3 0x8000836c (0x00fb1fb3) x31 0x80000000
core   0: 0x80008370 (0xe0de3d93) sltiu   s11, t3, -499
core   0: 3 0x80008370 (0xe0de3d93) x27 0x00000001
core   0: 0x80008374 (0x40d68eb3) sub     t4, a3, a3
core   0: 3 0x80008374 (0x40d68eb3) x29 0x00000000
core   0: 0x80008378 (0x67794713) xori    a4, s2, 1655
core   0: 3 0x80008378 (0x67794713) x14 0x80015a93
core   0: 0x8000837c (0x00e4b033) sltu    zero, s1, a4
core   0: 3 0x8000837c (0x00e4b033)
core   0: 0x80008380 (0x01a2d793) srli    a5, t0, 26
core   0: 3 0x80008380 (0x01a2d793) x15 0x00000000
core   0: 0x80008384 (0xa776a013) slti    zero, a3, -1417
core   0: 3 0x80008384 (0xa776a013)
core   0: 0x80008388 (0x415cd193) srai    gp, s9, 21
core   0: 3 0x80008388 (0x415cd193) x 3 0x00000000
core   0: 0x8000838c (0x36700d13) li      s10, 871
core   0: 3 0x8000838c (0x36700d13) x26 0x00000367
core   0: 0x80008390 (0xacb56913) ori     s2, a0, -1333
core   0: 3 0x80008390 (0xacb56913) x18 0xfffffeef
core   0: 0x80008394 (0x00000013) nop
core   0: 3 0x80008394 (0x00000013)
core   0: 0x80008398 (0x0087d193) srli    gp, a5, 8
core   0: 3 0x80008398 (0x0087d193) x 3 0x00000000
core   0: 0x8000839c (0x007d4f33) xor     t5, s10, t2
core   0: 3 0x8000839c (0x007d4f33) x30 0x00000607
core   0: 0x800083a0 (0x00613e33) sltu    t3, sp, t1
core   0: 3 0x800083a0 (0x00613e33) x28 0x00000000
core   0: 0x800083a4 (0x407c0eb3) sub     t4, s8, t2
core   0: 3 0x800083a4 (0x407c0eb3) x29 0xfc89ddb0
core   0: 0x800083a8 (0x019dd893) srli    a7, s11, 25
core   0: 3 0x800083a8 (0x019dd893) x17 0x00000000
core   0: 0x800083ac (0x01c09933) sll     s2, ra, t3
core   0: 3 0x800083ac (0x01c09933) x18 0x00000000
core   0: 0x800083b0 (0x00c113b3) sll     t2, sp, a2
core   0: 3 0x800083b0 (0x00c113b3) x 7 0x00ac3200
core   0: 0x800083b4 (0x003984b3) add     s1, s3, gp
core   0: 3 0x800083b4 (0x003984b3) x 9 0x80000000
core   0: 0x800083b8 (0x418886b3) sub     a3, a7, s8
core   0: 3 0x800083b8 (0x418886b3) x13 0x03761cf0
core   0: 0x800083bc (0x8d48e313) ori     t1, a7, -1836
core   0: 3 0x800083bc (0x8d48e313) x 6 0xfffff8d4
core   0: 0x800083c0 (0x01733633) sltu    a2, t1, s7
core   0: 3 0x800083c0 (0x01733633) x12 0x00000000
core   0: 0x800083c4 (0x199fdf37) lui     t5, 0x199fd
core   0: 3 0x800083c4 (0x199fdf37) x30 0x199fd000
core   0: 0x800083c8 (0x01b2ecb3) or      s9, t0, s11
core   0: 3 0x800083c8 (0x01b2ecb3) x25 0x00000465
core   0: 0x800083cc (0x01609d13) slli    s10, ra, 22
core   0: 3 0x800083cc (0x01609d13) x26 0x00000000
core   0: 0x800083d0 (0x017db1b3) sltu    gp, s11, s7
core   0: 3 0x800083d0 (0x017db1b3) x 3 0x00000000
core   0: 0x800083d4 (0x1f9c6497) auipc   s1, 0x1f9c6
core   0: 3 0x800083d4 (0x1f9c6497) x 9 0x9f9ce3d4
core   0: 0x800083d8 (0x01638433) add     s0, t2, s6
core   0: 3 0x800083d8 (0x01638433) x 8 0x00ac3201
core   0: 0x800083dc (0x0089e833) or      a6, s3, s0
core   0: 3 0x800083dc (0x0089e833) x16 0x80ac3201
core   0: 0x800083e0 (0x01ed68b3) or      a7, s10, t5
core   0: 3 0x800083e0 (0x01ed68b3) x17 0x199fd000
core   0: 0x800083e4 (0x4d380493) addi    s1, a6, 1235
core   0: 3 0x800083e4 (0x4d380493) x 9 0x80ac36d4
core   0: 0x800083e8 (0x3f803893) sltiu   a7, zero, 1016
core   0: 3 0x800083e8 (0x3f803893) x17 0x00000001
core   0: 0x800083ec (0x016ba6b3) slt     a3, s7, s6
core   0: 3 0x800083ec (0x016ba6b3) x13 0x00000001
core   0: 0x800083f0 (0x01a07033) and     zero, zero, s10
core   0: 3 0x800083f0 (0x01a07033)
core   0: 0x800083f4 (0x01965c33) srl     s8, a2, s9
core   0: 3 0x800083f4 (0x01965c33) x24 0x00000000
core   0: 0x800083f8 (0xfff00e93) li      t4, -1
core   0: 3 0x800083f8 (0xfff00e93) x29 0xffffffff
core   0: 0x800083fc (0x80000837) lui     a6, 0x80000
core   0: 3 0x800083fc (0x80000837) x16 0x80000000
core   0: 0x80008400 (0x800005b7) lui     a1, 0x80000
core   0: 3 0x80008400 (0x800005b7) x11 0x80000000
core   0: 0x80008404 (0xfff00c13) li      s8, -1
core   0: 3 0x80008404 (0xfff00c13) x24 0xffffffff
core   0: 0x80008408 (0xfff00b93) li      s7, -1
core   0: 3 0x80008408 (0xfff00b93) x23 0xffffffff
core   0: 0x8000840c (0x00000193) li      gp, 0
core   0: 3 0x8000840c (0x00000193) x 3 0x00000000
core   0: 0x80008410 (0x00000113) li      sp, 0
core   0: 3 0x80008410 (0x00000113) x 2 0x00000000
core   0: 0x80008414 (0x800006b7) lui     a3, 0x80000
core   0: 3 0x80008414 (0x800006b7) x13 0x80000000
core   0: 0x80008418 (0x00000c93) li      s9, 0
core   0: 3 0x80008418 (0x00000c93) x25 0x00000000
core   0: 0x8000841c (0x800000b7) lui     ra, 0x80000
core   0: 3 0x8000841c (0x800000b7) x 1 0x80000000
core   0: 0x80008420 (0x00000013) nop
core   0: 3 0x80008420 (0x00000013)
core   0: 0x80008424 (0x40d80133) sub     sp, a6, a3
core   0: 3 0x80008424 (0x40d80133) x 2 0x00000000
core   0: 0x80008428 (0x00000013) nop
core   0: 3 0x80008428 (0x00000013)
core   0: 0x8000842c (0x99983597) auipc   a1, 0x99983
core   0: 3 0x8000842c (0x99983597) x11 0x1998b42c
core   0: 0x80008430 (0x419b8bb3) sub     s7, s7, s9
core   0: 3 0x80008430 (0x419b8bb3) x23 0xffffffff
core   0: 0x80008434 (0x019101b3) add     gp, sp, s9
core   0: 3 0x80008434 (0x019101b3) x 3 0x00000000
core   0: 0x80008438 (0x4f768813) addi    a6, a3, 1271
core   0: 3 0x80008438 (0x4f768813) x16 0x800004f7
core   0: 0x8000843c (0x010680b3) add     ra, a3, a6
core   0: 3 0x8000843c (0x010680b3) x 1 0x000004f7
core   0: 0x80008440 (0x6569e6b7) lui     a3, 0x6569e
core   0: 3 0x80008440 (0x6569e6b7) x13 0x6569e000
core   0: 0x80008444 (0x417c0133) sub     sp, s8, s7
core   0: 3 0x80008444 (0x417c0133) x 2 0x00000000
core   0: 0x80008448 (0x00000013) nop
core   0: 3 0x80008448 (0x00000013)
core   0: 0x8000844c (0x403c81b3) sub     gp, s9, gp
core   0: 3 0x8000844c (0x403c81b3) x 3 0x00000000
core   0: 0x80008450 (0x60e61137) lui     sp, 0x60e61
core   0: 3 0x80008450 (0x60e61137) x 2 0x60e61000
core   0: 0x80008454 (0xf6708093) addi    ra, ra, -153
core   0: 3 0x80008454 (0xf6708093) x 1 0x0000045e
core   0: 0x80008458 (0x01d68833) add     a6, a3, t4
core   0: 3 0x80008458 (0x01d68833) x16 0x6569dfff
core   0: 0x8000845c (0x2df80b93) addi    s7, a6, 735
core   0: 3 0x8000845c (0x2df80b93) x23 0x6569e2de
core   0: 0x80008460 (0x014ebb33) sltu    s6, t4, s4
core   0: 3 0x80008460 (0x014ebb33) x22 0x00000000
core   0: 0x80008464 (0x5be1ce93) xori    t4, gp, 1470
core   0: 3 0x80008464 (0x5be1ce93) x29 0x000005be
core   0: 0x80008468 (0x00000013) nop
core   0: 3 0x80008468 (0x00000013)
core   0: 0x8000846c (0x00c1e433) or      s0, gp, a2
core   0: 3 0x8000846c (0x00c1e433) x 8 0x00000000
core   0: 0x80008470 (0x40f55713) srai    a4, a0, 15
core   0: 3 0x80008470 (0x40f55713) x14 0xffff0002
core   0: 0x80008474 (0x00598333) add     t1, s3, t0
core   0: 3 0x80008474 (0x00598333) x 6 0x80000464
core   0: 0x80008478 (0xb82acf13) xori    t5, s5, -1150
core   0: 3 0x80008478 (0xb82acf13) x30 0xfffffb8c
core   0: 0x8000847c (0x01df96b3) sll     a3, t6, t4
core   0: 3 0x8000847c (0x01df96b3) x13 0x00000000
core   0: 0x80008480 (0x41020bb3) sub     s7, tp, a6
core   0: 3 0x80008480 (0x41020bb3) x23 0x1a973e65
core   0: 0x80008484 (0x7af5b5b7) lui     a1, 0x7af5b
core   0: 3 0x80008484 (0x7af5b5b7) x11 0x7af5b000
core   0: 0x80008488 (0x0115b4b3) sltu    s1, a1, a7
core   0: 3 0x80008488 (0x0115b4b3) x 9 0x00000000
core   0: 0x8000848c (0x003d4133) xor     sp, s10, gp
core   0: 3 0x8000848c (0x003d4133) x 2 0x00000000
core   0: 0x80008490 (0xe234f693) andi    a3, s1, -477
core   0: 3 0x80008490 (0xe234f693) x13 0x00000000
core   0: 0x80008494 (0x41edd833) sra     a6, s11, t5
core   0: 3 0x80008494 (0x41edd833) x16 0x00000000
core   0: 0x80008498 (0x016e8db3) add     s11, t4, s6
core   0: 3 0x80008498 (0x016e8db3) x27 0x000005be
core   0: 0x8000849c (0x00c91033) sll     zero, s2, a2
core   0: 3 0x8000849c (0x00c91033)
core   0: 0x800084a0 (0x2664ca13) xori    s4, s1, 614
core   0: 3 0x800084a0 (0x2664ca13) x20 0x00000266
core   0: 0x800084a4 (0xa537f813) andi    a6, a5, -1453
core   0: 3 0x800084a4 (0xa537f813) x16 0x00000000
core   0: 0x800084a8 (0x00000013) nop
core   0: 3 0x800084a8 (0x00000013)
core   0: 0x800084ac (0x0187dfb3) srl     t6, a5, s8
core   0: 3 0x800084ac (0x0187dfb3) x31 0x00000000
core   0: 0x800084b0 (0x01388ab3) add     s5, a7, s3
core   0: 3 0x800084b0 (0x01388ab3) x21 0x80000001
core   0: 0x800084b4 (0x9d9cdf97) auipc   t6, 0x9d9cd
core   0: 3 0x800084b4 (0x9d9cdf97) x31 0x1d9d54b4
core   0: 0x800084b8 (0x402cd313) srai    t1, s9, 2
core   0: 3 0x800084b8 (0x402cd313) x 6 0x00000000
core   0: 0x800084bc (0x01341113) slli    sp, s0, 19
core   0: 3 0x800084bc (0x01341113) x 2 0x00000000
core   0: 0x800084c0 (0x00000013) nop
core   0: 3 0x800084c0 (0x00000013)
core   0: 0x800084c4 (0xc9737797) auipc   a5, 0xc9737
core   0: 3 0x800084c4 (0xc9737797) x15 0x4973f4c4
core   0: 0x800084c8 (0xa5f40c13) addi    s8, s0, -1441
core   0: 3 0x800084c8 (0xa5f40c13) x24 0xfffffa5f
core   0: 0x800084cc (0x406bd433) sra     s0, s7, t1
core   0: 3 0x800084cc (0x406bd433) x 8 0x1a973e65
core   0: 0x800084d0 (0x02613893) sltiu   a7, sp, 38
core   0: 3 0x800084d0 (0x02613893) x17 0x00000001
core   0: 0x800084d4 (0xd72fb697) auipc   a3, 0xd72fb
core   0: 3 0x800084d4 (0xd72fb697) x13 0x573034d4
core   0: 0x800084d8 (0x0095db93) srli    s7, a1, 9
core   0: 3 0x800084d8 (0x0095db93) x23 0x003d7ad8
core   0: 0x800084dc (0x01e75013) srli    zero, a4, 30
core   0: 3 0x800084dc (0x01e75013)
core   0: 0x800084e0 (0x5aaee193) ori     gp, t4, 1450
core   0: 3 0x800084e0 (0x5aaee193) x 3 0x000005be
core   0: 0x800084e4 (0x00000013) nop
core   0: 3 0x800084e4 (0x00000013)
core   0: 0x800084e8 (0x01158c33) add     s8, a1, a7
core   0: 3 0x800084e8 (0x01158c33) x24 0x7af5b001
core   0: 0x800084ec (0x0050a133) slt     sp, ra, t0
core   0: 3 0x800084ec (0x0050a133) x 2 0x00000001
core   0: 0x800084f0 (0x33be1fb7) lui     t6, 0x33be1
core   0: 3 0x800084f0 (0x33be1fb7) x31 0x33be1000
core   0: 0x800084f4 (0x1dfa4f13) xori    t5, s4, 479
core   0: 3 0x800084f4 (0x1dfa4f13) x30 0x000003b9
core   0: 0x800084f8 (0x60e28c13) addi    s8, t0, 1550
core   0: 3 0x800084f8 (0x60e28c13) x24 0x00000a72
core   0: 0x800084fc (0x008bb3b3) sltu    t2, s7, s0
core   0: 3 0x800084fc (0x008bb3b3) x 7 0x00000001
core   0: 0x80008500 (0x00000013) nop
core   0: 3 0x80008500 (0x00000013)
core   0: 0x80008504 (0x01415a13) srli    s4, sp, 20
core   0: 3 0x80008504 (0x01415a13) x20 0x00000000
core   0: 0x80008508 (0x9b017b13) andi    s6, sp, -1616
core   0: 3 0x80008508 (0x9b017b13) x22 0x00000000
core   0: 0x8000850c (0x00f22eb3) slt     t4, tp, a5
core   0: 3 0x8000850c (0x00f22eb3) x29 0x00000001
core   0: 0x80008510 (0x6aca8193) addi    gp, s5, 1708
core   0: 3 0x80008510 (0x6aca8193) x 3 0x800006ad
core   0: 0x80008514 (0x412cd033) sra     zero, s9, s2
core   0: 3 0x80008514 (0x412cd033)
core   0: 0x80008518 (0x78eb2617) auipc   a2, 0x78eb2
core   0: 3 0x80008518 (0x78eb2617) x12 0xf8eba518
core   0: 0x8000851c (0x40e65913) srai    s2, a2, 14
core   0: 3 0x8000851c (0x40e65913) x18 0xffffe3ae
core   0: 0x80008520 (0xf8f00a93) li      s5, -113
core   0: 3 0x80008520 (0xf8f00a93) x21 0xffffff8f
core   0: 0x80008524 (0x013ed593) srli    a1, t4, 19
core   0: 3 0x80008524 (0x013ed593) x11 0x00000000
core   0: 0x80008528 (0x009c13b3) sll     t2, s8, s1
core   0: 3 0x80008528 (0x009c13b3) x 7 0x00000a72
core   0: 0x8000852c (0x6082d0b7) lui     ra, 0x6082d
core   0: 3 0x8000852c (0x6082d0b7) x 1 0x6082d000
core   0: 0x80008530 (0x191dfd93) andi    s11, s11, 401
core   0: 3 0x80008530 (0x191dfd93) x27 0x00000190
core   0: 0x80008534 (0x6cfe8f13) addi    t5, t4, 1743
core   0: 3 0x80008534 (0x6cfe8f13) x30 0x000006d0
core   0: 0x80008538 (0x35d4f313) andi    t1, s1, 861
core   0: 3 0x80008538 (0x35d4f313) x 6 0x00000000
core   0: 0x8000853c (0x239aff13) andi    t5, s5, 569
core   0: 3 0x8000853c (0x239aff13) x30 0x00000209
core   0: 0x80008540 (0xd135f293) andi    t0, a1, -749
core   0: 3 0x80008540 (0xd135f293) x 5 0x00000000
core   0: 0x80008544 (0x01d6beb3) sltu    t4, a3, t4
core   0: 3 0x80008544 (0x01d6beb3) x29 0x00000000
core   0: 0x80008548 (0x00ab1c33) sll     s8, s6, a0
core   0: 3 0x80008548 (0x00ab1c33) x24 0x00000000
core   0: 0x8000854c (0x01a161b3) or      gp, sp, s10
core   0: 3 0x8000854c (0x01a161b3) x 3 0x00000001
core   0: 0x80008550 (0x400e8ab3) sub     s5, t4, zero
core   0: 3 0x80008550 (0x400e8ab3) x21 0x00000000
core   0: 0x80008554 (0x011d1693) slli    a3, s10, 17
core   0: 3 0x80008554 (0x011d1693) x13 0x00000000
core   0: 0x80008558 (0x474cd917) auipc   s2, 0x474cd
core   0: 3 0x80008558 (0x474cd917) x18 0xc74d5558
core   0: 0x8000855c (0x00000013) nop
core   0: 3 0x8000855c (0x00000013)
core   0: 0x80008560 (0xb1ab56b7) lui     a3, 0xb1ab5
core   0: 3 0x80008560 (0xb1ab56b7) x13 0xb1ab5000
core   0: 0x80008564 (0x000974b3) and     s1, s2, zero
core   0: 3 0x80008564 (0x000974b3) x 9 0x00000000
core   0: 0x80008568 (0x45b50093) addi    ra, a0, 1115
core   0: 3 0x80008568 (0x45b50093) x 1 0x8001613f
core   0: 0x8000856c (0xe945c893) xori    a7, a1, -364
core   0: 3 0x8000856c (0xe945c893) x17 0xfffffe94
core   0: 0x80008570 (0x00ee7eb3) and     t4, t3, a4
core   0: 3 0x80008570 (0x00ee7eb3) x29 0x00000000
core   0: 0x80008574 (0x6b8ca693) slti    a3, s9, 1720
core   0: 3 0x80008574 (0x6b8ca693) x13 0x00000001
core   0: 0x80008578 (0x1aacd717) auipc   a4, 0x1aacd
core   0: 3 0x80008578 (0x1aacd717) x14 0x9aad5578
core   0: 0x8000857c (0x399854b7) lui     s1, 0x39985
core   0: 3 0x8000857c (0x399854b7) x 9 0x39985000
core   0: 0x80008580 (0x1398b713) sltiu   a4, a7, 313
core   0: 3 0x80008580 (0x1398b713) x14 0x00000000
core   0: 0x80008584 (0xc05ac737) lui     a4, 0xc05ac
core   0: 3 0x80008584 (0xc05ac737) x14 0xc05ac000
core   0: 0x80008588 (0xeffa5597) auipc   a1, 0xeffa5
core   0: 3 0x80008588 (0xeffa5597) x11 0x6ffad588
core   0: 0x8000858c (0x00000013) nop
core   0: 3 0x8000858c (0x00000013)
core   0: 0x80008590 (0x019bc6b3) xor     a3, s7, s9
core   0: 3 0x80008590 (0x019bc6b3) x13 0x003d7ad8
core   0: 0x80008594 (0x41695733) sra     a4, s2, s6
core   0: 3 0x80008594 (0x41695733) x14 0xc74d5558
core   0: 0x80008598 (0x01a93eb3) sltu    t4, s2, s10
core   0: 3 0x80008598 (0x01a93eb3) x29 0x00000000
core   0: 0x8000859c (0x23ef7937) lui     s2, 0x23ef7
core   0: 3 0x8000859c (0x23ef7937) x18 0x23ef7000
core   0: 0x800085a0 (0xf2ab7d13) andi    s10, s6, -214
core   0: 3 0x800085a0 (0xf2ab7d13) x26 0x00000000
core   0: 0x800085a4 (0x00a69113) slli    sp, a3, 10
core   0: 3 0x800085a4 (0x00a69113) x 2 0xf5eb6000
core   0: 0x800085a8 (0x012e57b3) srl     a5, t3, s2
core   0: 3 0x800085a8 (0x012e57b3) x15 0x00000000
core   0: 0x800085ac (0x007a7e33) and     t3, s4, t2
core   0: 3 0x800085ac (0x007a7e33) x28 0x00000000
core   0: 0x800085b0 (0x400b8033) sub     zero, s7, zero
core   0: 3 0x800085b0 (0x400b8033)
core   0: 0x800085b4 (0x01249013) slli    zero, s1, 18
core   0: 3 0x800085b4 (0x01249013)
core   0: 0x800085b8 (0xd660f793) andi    a5, ra, -666
core   0: 3 0x800085b8 (0xd660f793) x15 0x80016126
core   0: 0x800085bc (0xb2938297) auipc   t0, 0xb2938
core   0: 3 0x800085bc (0xb2938297) x 5 0x329405bc
core   0: 0x800085c0 (0xc469f193) andi    gp, s3, -954
core   0: 3 0x800085c0 (0xc469f193) x 3 0x80000000
core   0: 0x800085c4 (0x412957b3) sra     a5, s2, s2
core   0: 3 0x800085c4 (0x412957b3) x15 0x23ef7000
core   0: 0x800085c8 (0xa1a7c497) auipc   s1, 0xa1a7c
core   0: 3 0x800085c8 (0xa1a7c497) x 9 0x21a845c8
core   0: 0x800085cc (0x0168cfb3) xor     t6, a7, s6
core   0: 3 0x800085cc (0x0168cfb3) x31 0xfffffe94
core   0: 0x800085d0 (0xf55d3b97) auipc   s7, 0xf55d3
core   0: 3 0x800085d0 (0xf55d3b97) x23 0x755db5d0
core   0: 0x800085d4 (0x001ed713) srli    a4, t4, 1
core   0: 3 0x800085d4 (0x001ed713) x14 0x00000000
core   0: 0x800085d8 (0x019941b3) xor     gp, s2, s9
core   0: 3 0x800085d8 (0x019941b3) x 3 0x23ef7000
core   0: 0x800085dc (0xc6df0893) addi    a7, t5, -915
core   0: 3 0x800085dc (0xc6df0893) x17 0xfffffe76
core   0: 0x800085e0 (0x00cddb93) srli    s7, s11, 12
core   0: 3 0x800085e0 (0x00cddb93) x23 0x00000000
core   0: 0x800085e4 (0x01891cb3) sll     s9, s2, s8
core   0: 3 0x800085e4 (0x01891cb3) x25 0x23ef7000
core   0: 0x800085e8 (0x01d84933) xor     s2, a6, t4
core   0: 3 0x800085e8 (0x01d84933) x18 0x00000000
core   0: 0x800085ec (0x0ef1c313) xori    t1, gp, 239
core   0: 3 0x800085ec (0x0ef1c313) x 6 0x23ef70ef
core   0: 0x800085f0 (0x00b61c93) slli    s9, a2, 11
core   0: 3 0x800085f0 (0x00b61c93) x25 0x5d28c000
core   0: 0x800085f4 (0x41d7dd33) sra     s10, a5, t4
core   0: 3 0x800085f4 (0x41d7dd33) x26 0x23ef7000
core   0: 0x800085f8 (0xb4ae2c93) slti    s9, t3, -1206
core   0: 3 0x800085f8 (0xb4ae2c93) x25 0x00000000
core   0: 0x800085fc (0x01b08033) add     zero, ra, s11
core   0: 3 0x800085fc (0x01b08033)
core   0: 0x80008600 (0x00e6d293) srli    t0, a3, 14
core   0: 3 0x80008600 (0x00e6d293) x 5 0x000000f5
core   0: 0x80008604 (0x0c5b8b93) addi    s7, s7, 197
core   0: 3 0x80008604 (0x0c5b8b93) x23 0x000000c5
core   0: 0x80008608 (0x482c6013) ori     zero, s8, 1154
core   0: 3 0x80008608 (0x482c6013)
core   0: 0x8000860c (0x0030d133) srl     sp, ra, gp
core   0: 3 0x8000860c (0x0030d133) x 2 0x8001613f
core   0: 0x80008610 (0x01c49b13) slli    s6, s1, 28
core   0: 3 0x80008610 (0x01c49b13) x22 0x80000000
core   0: 0x80008614 (0x0043ecb3) or      s9, t2, tp
core   0: 3 0x80008614 (0x0043ecb3) x25 0x80011e76
core   0: 0x80008618 (0x00843433) sltu    s0, s0, s0
core   0: 3 0x80008618 (0x00843433) x 8 0x00000000
core   0: 0x8000861c (0x4005d193) srai    gp, a1, 0
core   0: 3 0x8000861c (0x4005d193) x 3 0x6ffad588
core   0: 0x80008620 (0x4152da33) sra     s4, t0, s5
core   0: 3 0x80008620 (0x4152da33) x20 0x000000f5
core   0: 0x80008624 (0x007816b3) sll     a3, a6, t2
core   0: 3 0x80008624 (0x007816b3) x13 0x00000000
core   0: 0x80008628 (0x9d6e4e13) xori    t3, t3, -1578
core   0: 3 0x80008628 (0x9d6e4e13) x28 0xfffff9d6
core   0: 0x8000862c (0x017f7d33) and     s10, t5, s7
core   0: 3 0x8000862c (0x017f7d33) x26 0x00000001
core   0: 0x80008630 (0xb7792b17) auipc   s6, 0xb7792
core   0: 3 0x80008630 (0xb7792b17) x22 0x3779a630
core   0: 0x80008634 (0x013f45b3) xor     a1, t5, s3
core   0: 3 0x80008634 (0x013f45b3) x11 0x80000209
core   0: 0x80008638 (0x0021d4b3) srl     s1, gp, sp
core   0: 3 0x80008638 (0x0021d4b3) x 9 0x00000000
core   0: 0x8000863c (0x001011b3) sll     gp, zero, ra
core   0: 3 0x8000863c (0x001011b3) x 3 0x00000000
core   0: 0x80008640 (0x013fb633) sltu    a2, t6, s3
core   0: 3 0x80008640 (0x013fb633) x12 0x00000000
core   0: 0x80008644 (0x95eeac13) slti    s8, t4, -1698
core   0: 3 0x80008644 (0x95eeac13) x24 0x00000000
core   0: 0x80008648 (0xba578f13) addi    t5, a5, -1115
core   0: 3 0x80008648 (0xba578f13) x30 0x23ef6ba5
core   0: 0x8000864c (0x01305f33) srl     t5, zero, s3
core   0: 3 0x8000864c (0x01305f33) x30 0x00000000
core   0: 0x80008650 (0x01305413) srli    s0, zero, 19
core   0: 3 0x80008650 (0x01305413) x 8 0x00000000
core   0: 0x80008654 (0xaba1aa13) slti    s4, gp, -1350
core   0: 3 0x80008654 (0xaba1aa13) x20 0x00000000
core   0: 0x80008658 (0x7d1fbe13) sltiu   t3, t6, 2001
core   0: 3 0x80008658 (0x7d1fbe13) x28 0x00000000
core   0: 0x8000865c (0x01c392b3) sll     t0, t2, t3
core   0: 3 0x8000865c (0x01c392b3) x 5 0x00000a72
core   0: 0x80008660 (0x014d9eb3) sll     t4, s11, s4
core   0: 3 0x80008660 (0x014d9eb3) x29 0x00000190
core   0: 0x80008664 (0x0167eab3) or      s5, a5, s6
core   0: 3 0x80008664 (0x0167eab3) x21 0x37fff630
core   0: 0x80008668 (0x00000013) nop
core   0: 3 0x80008668 (0x00000013)
core   0: 0x8000866c (0x90d3c893) xori    a7, t2, -1779
core   0: 3 0x8000866c (0x90d3c893) x17 0xfffff37f
core   0: 0x80008670 (0x5e363c13) sltiu   s8, a2, 1507
core   0: 3 0x80008670 (0x5e363c13) x24 0x00000001
core   0: 0x80008674 (0x00000013) nop
core   0: 3 0x80008674 (0x00000013)
core   0: 0x80008678 (0x01d95833) srl     a6, s2, t4
core   0: 3 0x80008678 (0x01d95833) x16 0x00000000
core   0: 0x8000867c (0x00b1e133) or      sp, gp, a1
core   0: 3 0x8000867c (0x00b1e133) x 2 0x80000209
core   0: 0x80008680 (0x01bd5c93) srli    s9, s10, 27
core   0: 3 0x80008680 (0x01bd5c93) x25 0x00000000
core   0: 0x80008684 (0x01fb6eb3) or      t4, s6, t6
core   0: 3 0x80008684 (0x01fb6eb3) x29 0xfffffeb4
core   0: 0x80008688 (0x242a8613) addi    a2, s5, 578
core   0: 3 0x80008688 (0x242a8613) x12 0x37fff872
core   0: 0x8000868c (0x4fdb3e13) sltiu   t3, s6, 1277
core   0: 3 0x8000868c (0x4fdb3e13) x28 0x00000000
core   0: 0x80008690 (0xf4adc913) xori    s2, s11, -182
core   0: 3 0x80008690 (0xf4adc913) x18 0xfffffeda
core   0: 0x80008694 (0x00000013) nop
core   0: 3 0x80008694 (0x00000013)
core   0: 0x80008698 (0x61ed6813) ori     a6, s10, 1566
core   0: 3 0x80008698 (0x61ed6813) x16 0x0000061f
core   0: 0x8000869c (0x84908a13) addi    s4, ra, -1975
core   0: 3 0x8000869c (0x84908a13) x20 0x80015988
core   0: 0x800086a0 (0x01e75db3) srl     s11, a4, t5
core   0: 3 0x800086a0 (0x01e75db3) x27 0x00000000
core   0: 0x800086a4 (0x00ccfd33) and     s10, s9, a2
core   0: 3 0x800086a4 (0x00ccfd33) x26 0x00000000
core   0: 0x800086a8 (0x00f89493) slli    s1, a7, 15
core   0: 3 0x800086a8 (0x00f89493) x 9 0xf9bf8000
core   0: 0x800086ac (0x01f09f93) slli    t6, ra, 31
core   0: 3 0x800086ac (0x01f09f93) x31 0x80000000
core   0: 0x800086b0 (0x00b73633) sltu    a2, a4, a1
core   0: 3 0x800086b0 (0x00b73633) x12 0x00000001
core   0: 0x800086b4 (0x00449193) slli    gp, s1, 4
core   0: 3 0x800086b4 (0x00449193) x 3 0x9bf80000
core   0: 0x800086b8 (0x01708133) add     sp, ra, s7
core   0: 3 0x800086b8 (0x01708133) x 2 0x80016204
core   0: 0x800086bc (0x00d19db3) sll     s11, gp, a3
core   0: 3 0x800086bc (0x00d19db3) x27 0x9bf80000
core   0: 0x800086c0 (0x0081f3b3) and     t2, gp, s0
core   0: 3 0x800086c0 (0x0081f3b3) x 7 0x00000000
core   0: 0x800086c4 (0x00000013) nop
core   0: 3 0x800086c4 (0x00000013)
core   0: 0x800086c8 (0x01569d33) sll     s10, a3, s5
core   0: 3 0x800086c8 (0x01569d33) x26 0x00000000
core   0: 0x800086cc (0xef7b0d13) addi    s10, s6, -265
core   0: 3 0x800086cc (0xef7b0d13) x26 0x3779a527
core   0: 0x800086d0 (0x01d15733) srl     a4, sp, t4
core   0: 3 0x800086d0 (0x01d15733) x14 0x00000800
core   0: 0x800086d4 (0x01599b93) slli    s7, s3, 21
core   0: 3 0x800086d4 (0x01599b93) x23 0x00000000
core   0: 0x800086d8 (0x40865893) srai    a7, a2, 8
core   0: 3 0x800086d8 (0x40865893) x17 0x00000000
core   0: 0x800086dc (0xd5def113) andi    sp, t4, -675
core   0: 3 0x800086dc (0xd5def113) x 2 0xfffffc14
core   0: 0x800086e0 (0x01b11493) slli    s1, sp, 27
core   0: 3 0x800086e0 (0x01b11493) x 9 0xa0000000
core   0: 0x800086e4 (0x00000013) nop
core   0: 3 0x800086e4 (0x00000013)
core   0: 0x800086e8 (0x017befb3) or      t6, s7, s7
core   0: 3 0x800086e8 (0x017befb3) x31 0x00000000
core   0: 0x800086ec (0x00d2b433) sltu    s0, t0, a3
core   0: 3 0x800086ec (0x00d2b433) x 8 0x00000000
core   0: 0x800086f0 (0xa897fc93) andi    s9, a5, -1399
core   0: 3 0x800086f0 (0xa897fc93) x25 0x23ef7000
core   0: 0x800086f4 (0xcf6154b7) lui     s1, 0xcf615
core   0: 3 0x800086f4 (0xcf6154b7) x 9 0xcf615000
core   0: 0x800086f8 (0x7378b013) sltiu   zero, a7, 1847
core   0: 3 0x800086f8 (0x7378b013)
core   0: 0x800086fc (0xfe7ec093) xori    ra, t4, -25
core   0: 3 0x800086fc (0xfe7ec093) x 1 0x00000153
core   0: 0x80008700 (0xc3346893) ori     a7, s0, -973
core   0: 3 0x80008700 (0xc3346893) x17 0xfffffc33
core   0: 0x80008704 (0x00a91093) slli    ra, s2, 10
core   0: 3 0x80008704 (0x00a91093) x 1 0xfffb6800
core   0: 0x80008708 (0xc8bea693) slti    a3, t4, -885
core   0: 3 0x80008708 (0xc8bea693) x13 0x00000000
core   0: 0x8000870c (0xf49fed13) ori     s10, t6, -183
core   0: 3 0x8000870c (0xf49fed13) x26 0xffffff49
core   0: 0x80008710 (0xb86fe093) ori     ra, t6, -1146
core   0: 3 0x80008710 (0xb86fe093) x 1 0xfffffb86
core   0: 0x80008714 (0x005ae033) or      zero, s5, t0
core   0: 3 0x80008714 (0x005ae033)
core   0: 0x80008718 (0x838ec593) xori    a1, t4, -1992
core   0: 3 0x80008718 (0x838ec593) x11 0x0000068c
core   0: 0x8000871c (0x00000013) nop
core   0: 3 0x8000871c (0x00000013)
core   0: 0x80008720 (0x01ea6bb3) or      s7, s4, t5
core   0: 3 0x80008720 (0x01ea6bb3) x23 0x80015988
core   0: 0x80008724 (0xa3e93293) sltiu   t0, s2, -1474
core   0: 3 0x80008724 (0xa3e93293) x 5 0x00000000
core   0: 0x80008728 (0x00515a33) srl     s4, sp, t0
core   0: 3 0x80008728 (0x00515a33) x20 0xfffffc14
core   0: 0x8000872c (0x01f03933) snez    s2, t6
core   0: 3 0x8000872c (0x01f03933) x18 0x00000000
core   0: 0x80008730 (0x0066e2b3) or      t0, a3, t1
core   0: 3 0x80008730 (0x0066e2b3) x 5 0x23ef70ef
core   0: 0x80008734 (0x417cd933) sra     s2, s9, s7
core   0: 3 0x80008734 (0x417cd933) x18 0x0023ef70
core   0: 0x80008738 (0x6a886593) ori     a1, a6, 1704
core   0: 3 0x80008738 (0x6a886593) x11 0x000006bf
core   0: 0x8000873c (0x40098733) sub     a4, s3, zero
core   0: 3 0x8000873c (0x40098733) x14 0x80000000
core   0: 0x80008740 (0x00edaa33) slt     s4, s11, a4
core   0: 3 0x80008740 (0x00edaa33) x20 0x00000000
core   0: 0x80008744 (0x41a65d13) srai    s10, a2, 26
core   0: 3 0x80008744 (0x41a65d13) x26 0x00000000
core   0: 0x80008748 (0x29fafa13) andi    s4, s5, 671
core   0: 3 0x80008748 (0x29fafa13) x20 0x00000210
core   0: 0x8000874c (0x98f53d93) sltiu   s11, a0, -1649
core   0: 3 0x8000874c (0x98f53d93) x27 0x00000001
core   0: 0x80008750 (0x00e81db3) sll     s11, a6, a4
core   0: 3 0x80008750 (0x00e81db3) x27 0x0000061f
core   0: 0x80008754 (0x0175ebb3) or      s7, a1, s7
core   0: 3 0x80008754 (0x0175ebb3) x23 0x80015fbf
core   0: 0x80008758 (0x40e6d813) srai    a6, a3, 14
core   0: 3 0x80008758 (0x40e6d813) x16 0x00000000
core   0: 0x8000875c (0x407c51b3) sra     gp, s8, t2
core   0: 3 0x8000875c (0x407c51b3) x 3 0x00000001
core   0: 0x80008760 (0x4029d593) srai    a1, s3, 2
core   0: 3 0x80008760 (0x4029d593) x11 0xe0000000
core   0: 0x80008764 (0x01b5a4b3) slt     s1, a1, s11
core   0: 3 0x80008764 (0x01b5a4b3) x 9 0x00000001
core   0: 0x80008768 (0x01b75e33) srl     t3, a4, s11
core   0: 3 0x80008768 (0x01b75e33) x28 0x00000001
core   0: 0x8000876c (0x00eca933) slt     s2, s9, a4
core   0: 3 0x8000876c (0x00eca933) x18 0x00000000
core   0: 0x80008770 (0x000fdd93) srli    s11, t6, 0
core   0: 3 0x80008770 (0x000fdd93) x27 0x00000000
core   0: 0x80008774 (0x4075da93) srai    s5, a1, 7
core   0: 3 0x80008774 (0x4075da93) x21 0xffc00000
core   0: 0x80008778 (0xb75e4a17) auipc   s4, 0xb75e4
core   0: 3 0x80008778 (0xb75e4a17) x20 0x375ec778
core   0: 0x8000877c (0x010458b3) srl     a7, s0, a6
core   0: 3 0x8000877c (0x010458b3) x17 0x00000000
core   0: 0x80008780 (0x01985eb3) srl     t4, a6, s9
core   0: 3 0x80008780 (0x01985eb3) x29 0x00000000
core   0: 0x80008784 (0x27512d93) slti    s11, sp, 629
core   0: 3 0x80008784 (0x27512d93) x27 0x00000001
core   0: 0x80008788 (0x407b8d33) sub     s10, s7, t2
core   0: 3 0x80008788 (0x407b8d33) x26 0x80015fbf
core   0: 0x8000878c (0x6f9e2b93) slti    s7, t3, 1785
core   0: 3 0x8000878c (0x6f9e2b93) x23 0x00000001
core   0: 0x80008790 (0x41c45933) sra     s2, s0, t3
core   0: 3 0x80008790 (0x41c45933) x18 0x00000000
core   0: 0x80008794 (0x00a93cb3) sltu    s9, s2, a0
core   0: 3 0x80008794 (0x00a93cb3) x25 0x00000001
core   0: 0x80008798 (0x004598b3) sll     a7, a1, tp
core   0: 3 0x80008798 (0x004598b3) x17 0x00000000
core   0: 0x8000879c (0x8b290113) addi    sp, s2, -1870
core   0: 3 0x8000879c (0x8b290113) x 2 0xfffff8b2
core   0: 0x800087a0 (0x8309e597) auipc   a1, 0x8309e
core   0: 3 0x800087a0 (0x8309e597) x11 0x030a67a0
core   0: 0x800087a4 (0x0013ac33) slt     s8, t2, ra
core   0: 3 0x800087a4 (0x0013ac33) x24 0x00000000
core   0: 0x800087a8 (0x41858833) sub     a6, a1, s8
core   0: 3 0x800087a8 (0x41858833) x16 0x030a67a0
core   0: 0x800087ac (0x010d38b3) sltu    a7, s10, a6
core   0: 3 0x800087ac (0x010d38b3) x17 0x00000000
core   0: 0x800087b0 (0x9058e7b7) lui     a5, 0x9058e
core   0: 3 0x800087b0 (0x9058e7b7) x15 0x9058e000
core   0: 0x800087b4 (0x3f7eeb93) ori     s7, t4, 1015
core   0: 3 0x800087b4 (0x3f7eeb93) x23 0x000003f7
core   0: 0x800087b8 (0x01212333) slt     t1, sp, s2
core   0: 3 0x800087b8 (0x01212333) x 6 0x00000001
core   0: 0x800087bc (0x01421393) slli    t2, tp, 20
core   0: 3 0x800087bc (0x01421393) x 7 0xe6400000
core   0: 0x800087c0 (0x00e82db3) slt     s11, a6, a4
core   0: 3 0x800087c0 (0x00e82db3) x27 0x00000000
core   0: 0x800087c4 (0x01a4c4b3) xor     s1, s1, s10
core   0: 3 0x800087c4 (0x01a4c4b3) x 9 0x80015fbe
core   0: 0x800087c8 (0x6a2af817) auipc   a6, 0x6a2af
core   0: 3 0x800087c8 (0x6a2af817) x16 0xea2b77c8
core   0: 0x800087cc (0xc0eb6197) auipc   gp, 0xc0eb6
core   0: 3 0x800087cc (0xc0eb6197) x 3 0x40ebe7cc
core   0: 0x800087d0 (0x40d551b3) sra     gp, a0, a3
core   0: 3 0x800087d0 (0x40d551b3) x 3 0x80015ce4
core   0: 0x800087d4 (0x00000013) nop
core   0: 3 0x800087d4 (0x00000013)
core   0: 0x800087d8 (0x0118d1b3) srl     gp, a7, a7
core   0: 3 0x800087d8 (0x0118d1b3) x 3 0x00000000
core   0: 0x800087dc (0x00ac6f33) or      t5, s8, a0
core   0: 3 0x800087dc (0x00ac6f33) x30 0x80015ce4
core   0: 0x800087e0 (0x41365ab3) sra     s5, a2, s3
core   0: 3 0x800087e0 (0x41365ab3) x21 0x00000001
core   0: 0x800087e4 (0x019b3db3) sltu    s11, s6, s9
core   0: 3 0x800087e4 (0x019b3db3) x27 0x00000000
core   0: 0x800087e8 (0x47b62497) auipc   s1, 0x47b62
core   0: 3 0x800087e8 (0x47b62497) x 9 0xc7b6a7e8
core   0: 0x800087ec (0x7b7595b7) lui     a1, 0x7b759
core   0: 3 0x800087ec (0x7b7595b7) x11 0x7b759000
core   0: 0x800087f0 (0x41abde33) sra     t3, s7, s10
core   0: 3 0x800087f0 (0x41abde33) x28 0x00000000
core   0: 0x800087f4 (0xb8ae5317) auipc   t1, 0xb8ae5
core   0: 3 0x800087f4 (0xb8ae5317) x 6 0x38aed7f4
core   0: 0x800087f8 (0x00fc5693) srli    a3, s8, 15
core   0: 3 0x800087f8 (0x00fc5693) x13 0x00000000
core   0: 0x800087fc (0x55f5ab13) slti    s6, a1, 1375
core   0: 3 0x800087fc (0x55f5ab13) x22 0x00000000
core   0: 0x80008800 (0x5c9b2d93) slti    s11, s6, 1481
core   0: 3 0x80008800 (0x5c9b2d93) x27 0x00000001
core   0: 0x80008804 (0x01ab1793) slli    a5, s6, 26
core   0: 3 0x80008804 (0x01ab1793) x15 0x00000000
core   0: 0x80008808 (0x00315313) srli    t1, sp, 3
core   0: 3 0x80008808 (0x00315313) x 6 0x1fffff16
core   0: 0x8000880c (0x006b95b3) sll     a1, s7, t1
core   0: 3 0x8000880c (0x006b95b3) x11 0xfdc00000
core   0: 0x80008810 (0x73f64193) xori    gp, a2, 1855
core   0: 3 0x80008810 (0x73f64193) x 3 0x0000073e
core   0: 0x80008814 (0x0053d693) srli    a3, t2, 5
core   0: 3 0x80008814 (0x0053d693) x13 0x07320000
core   0: 0x80008818 (0x41fd5d33) sra     s10, s10, t6
core   0: 3 0x80008818 (0x41fd5d33) x26 0x80015fbf
core   0: 0x8000881c (0x41b6d5b3) sra     a1, a3, s11
core   0: 3 0x8000881c (0x41b6d5b3) x11 0x03990000
core   0: 0x80008820 (0x41128633) sub     a2, t0, a7
core   0: 3 0x80008820 (0x41128633) x12 0x23ef70ef
core   0: 0x80008824 (0x00b3d193) srli    gp, t2, 11
core   0: 3 0x80008824 (0x00b3d193) x 3 0x001cc800
core   0: 0x80008828 (0x01639b13) slli    s6, t2, 22
core   0: 3 0x80008828 (0x01639b13) x22 0x00000000
core   0: 0x8000882c (0x01b0afb3) slt     t6, ra, s11
core   0: 3 0x8000882c (0x01b0afb3) x31 0x00000001
core   0: 0x80008830 (0x01b361b3) or      gp, t1, s11
core   0: 3 0x80008830 (0x01b361b3) x 3 0x1fffff17
core   0: 0x80008834 (0x00bf5413) srli    s0, t5, 11
core   0: 3 0x80008834 (0x00bf5413) x 8 0x0010002b
core   0: 0x80008838 (0x001aca33) xor     s4, s5, ra
core   0: 3 0x80008838 (0x001aca33) x20 0xfffffb87
core   0: 0x8000883c (0x0188ad33) slt     s10, a7, s8
core   0: 3 0x8000883c (0x0188ad33) x26 0x00000000
core   0: 0x80008840 (0x2c353f13) sltiu   t5, a0, 707
core   0: 3 0x80008840 (0x2c353f13) x30 0x00000000
core   0: 0x80008844 (0x77bcfd97) auipc   s11, 0x77bcf
core   0: 3 0x80008844 (0x77bcfd97) x27 0xf7bd7844
core   0: 0x80008848 (0x6ff5ac13) slti    s8, a1, 1791
core   0: 3 0x80008848 (0x6ff5ac13) x24 0x00000000
core   0: 0x8000884c (0xd0042613) slti    a2, s0, -768
core   0: 3 0x8000884c (0xd0042613) x12 0x00000000
core   0: 0x80008850 (0x01e2f033) and     zero, t0, t5
core   0: 3 0x80008850 (0x01e2f033)
core   0: 0x80008854 (0x40d95c93) srai    s9, s2, 13
core   0: 3 0x80008854 (0x40d95c93) x25 0x00000000
core   0: 0x80008858 (0xf4b195b7) lui     a1, 0xf4b19
core   0: 3 0x80008858 (0xf4b195b7) x11 0xf4b19000
core   0: 0x8000885c (0x03ca4193) xori    gp, s4, 60
core   0: 3 0x8000885c (0x03ca4193) x 3 0xfffffbbb
core   0: 0x80008860 (0x8bc205b7) lui     a1, 0x8bc20
core   0: 3 0x80008860 (0x8bc205b7) x11 0x8bc20000
core   0: 0x80008864 (0x41d580b3) sub     ra, a1, t4
core   0: 3 0x80008864 (0x41d580b3) x 1 0x8bc20000
core   0: 0x80008868 (0x41f80bb3) sub     s7, a6, t6
core   0: 3 0x80008868 (0x41f80bb3) x23 0xea2b77c7
core   0: 0x8000886c (0x619c6f93) ori     t6, s8, 1561
core   0: 3 0x8000886c (0x619c6f93) x31 0x00000619
core   0: 0x80008870 (0x00f5f1b3) and     gp, a1, a5
core   0: 3 0x80008870 (0x00f5f1b3) x 3 0x00000000
core   0: 0x80008874 (0x4080d913) srai    s2, ra, 8
core   0: 3 0x80008874 (0x4080d913) x18 0xff8bc200
core   0: 0x80008878 (0x013dc333) xor     t1, s11, s3
core   0: 3 0x80008878 (0x013dc333) x 6 0x77bd7844
core   0: 0x8000887c (0xdccb2793) slti    a5, s6, -564
core   0: 3 0x8000887c (0xdccb2793) x15 0x00000000
core   0: 0x80008880 (0xaaf11897) auipc   a7, 0xaaf11
core   0: 3 0x80008880 (0xaaf11897) x17 0x2af19880
core   0: 0x80008884 (0x414702b3) sub     t0, a4, s4
core   0: 3 0x80008884 (0x414702b3) x 5 0x80000479
core   0: 0x80008888 (0x00ec6a33) or      s4, s8, a4
core   0: 3 0x80008888 (0x00ec6a33) x20 0x80000000
core   0: 0x8000888c (0x00800333) add     t1, zero, s0
core   0: 3 0x8000888c (0x00800333) x 6 0x0010002b
core   0: 0x80008890 (0x28dee913) ori     s2, t4, 653
core   0: 3 0x80008890 (0x28dee913) x18 0x0000028d
core   0: 0x80008894 (0xcc3b5fb7) lui     t6, 0xcc3b5
core   0: 3 0x80008894 (0xcc3b5fb7) x31 0xcc3b5000
core   0: 0x80008898 (0x01851bb3) sll     s7, a0, s8
core   0: 3 0x80008898 (0x01851bb3) x23 0x80015ce4
core   0: 0x8000889c (0x01de5113) srli    sp, t3, 29
core   0: 3 0x8000889c (0x01de5113) x 2 0x00000000
core   0: 0x800088a0 (0x005c2cb3) slt     s9, s8, t0
core   0: 3 0x800088a0 (0x005c2cb3) x25 0x00000000
core   0: 0x800088a4 (0x01f8d193) srli    gp, a7, 31
core   0: 3 0x800088a4 (0x01f8d193) x 3 0x00000000
core   0: 0x800088a8 (0x008a72b3) and     t0, s4, s0
core   0: 3 0x800088a8 (0x008a72b3) x 5 0x00000000
core   0: 0x800088ac (0x22dd4b13) xori    s6, s10, 557
core   0: 3 0x800088ac (0x22dd4b13) x22 0x0000022d
core   0: 0x800088b0 (0x7adc6a93) ori     s5, s8, 1965
core   0: 3 0x800088b0 (0x7adc6a93) x21 0x000007ad
core   0: 0x800088b4 (0x36b84913) xori    s2, a6, 875
core   0: 3 0x800088b4 (0x36b84913) x18 0xea2b74a3
core   0: 0x800088b8 (0x3e72c0b7) lui     ra, 0x3e72c
core   0: 3 0x800088b8 (0x3e72c0b7) x 1 0x3e72c000
core   0: 0x800088bc (0x000790b3) sll     ra, a5, zero
core   0: 3 0x800088bc (0x000790b3) x 1 0x00000000
core   0: 0x800088c0 (0x00d2c933) xor     s2, t0, a3
core   0: 3 0x800088c0 (0x00d2c933) x18 0x07320000
core   0: 0x800088c4 (0x016d5333) srl     t1, s10, s6
core   0: 3 0x800088c4 (0x016d5333) x 6 0x00000000
core   0: 0x800088c8 (0x01fed5b3) srl     a1, t4, t6
core   0: 3 0x800088c8 (0x01fed5b3) x11 0x00000000
core   0: 0x800088cc (0x408e0933) sub     s2, t3, s0
core   0: 3 0x800088cc (0x408e0933) x18 0xffefffd5
core   0: 0x800088d0 (0x0159b4b3) sltu    s1, s3, s5
core   0: 3 0x800088d0 (0x0159b4b3) x 9 0x00000000
core   0: 0x800088d4 (0x00d360b3) or      ra, t1, a3
core   0: 3 0x800088d4 (0x00d360b3) x 1 0x07320000
core   0: 0x800088d8 (0x015e7333) and     t1, t3, s5
core   0: 3 0x800088d8 (0x015e7333) x 6 0x00000000
core   0: 0x800088dc (0x40b28833) sub     a6, t0, a1
core   0: 3 0x800088dc (0x40b28833) x16 0x00000000
core   0: 0x800088e0 (0x96473e97) auipc   t4, 0x96473
core   0: 3 0x800088e0 (0x96473e97) x29 0x1647b8e0
core   0: 0x800088e4 (0xe6087a13) andi    s4, a6, -416
core   0: 3 0x800088e4 (0xe6087a13) x20 0x00000000
core   0: 0x800088e8 (0x01acf5b3) and     a1, s9, s10
core   0: 3 0x800088e8 (0x01acf5b3) x11 0x00000000
core   0: 0x800088ec (0x75f84037) lui     zero, 0x75f84
core   0: 3 0x800088ec (0x75f84037)
core   0: 0x800088f0 (0x009d4fb3) xor     t6, s10, s1
core   0: 3 0x800088f0 (0x009d4fb3) x31 0x00000000
core   0: 0x800088f4 (0xa4e36113) ori     sp, t1, -1458
core   0: 3 0x800088f4 (0xa4e36113) x 2 0xfffffa4e
core   0: 0x800088f8 (0x013177b3) and     a5, sp, s3
core   0: 3 0x800088f8 (0x013177b3) x15 0x80000000
core   0: 0x800088fc (0x01ad0eb3) add     t4, s10, s10
core   0: 3 0x800088fc (0x01ad0eb3) x29 0x00000000
core   0: 0x80008900 (0x01a8dc93) srli    s9, a7, 26
core   0: 3 0x80008900 (0x01a8dc93) x25 0x0000000a
core   0: 0x80008904 (0x40f95133) sra     sp, s2, a5
core   0: 3 0x80008904 (0x40f95133) x 2 0xffefffd5
core   0: 0x80008908 (0x8d7d2a13) slti    s4, s10, -1833
core   0: 3 0x80008908 (0x8d7d2a13) x20 0x00000000
core   0: 0x8000890c (0x95ddf293) andi    t0, s11, -1699
core   0: 3 0x8000890c (0x95ddf293) x 5 0xf7bd7844
core   0: 0x80008910 (0x00b95633) srl     a2, s2, a1
core   0: 3 0x80008910 (0x00b95633) x12 0xffefffd5
core   0: 0x80008914 (0xcb9c37b7) lui     a5, 0xcb9c3
core   0: 3 0x80008914 (0xcb9c37b7) x15 0xcb9c3000
core   0: 0x80008918 (0x00622433) slt     s0, tp, t1
core   0: 3 0x80008918 (0x00622433) x 8 0x00000001
core   0: 0x8000891c (0x01ec1b13) slli    s6, s8, 30
core   0: 3 0x8000891c (0x01ec1b13) x22 0x00000000
core   0: 0x80008920 (0xc68bec93) ori     s9, s7, -920
core   0: 3 0x80008920 (0xc68bec93) x25 0xfffffcec
core   0: 0x80008924 (0x403655b3) sra     a1, a2, gp
core   0: 3 0x80008924 (0x403655b3) x11 0xffefffd5
core   0: 0x80008928 (0xda0fc613) xori    a2, t6, -608
core   0: 3 0x80008928 (0xda0fc613) x12 0xfffffda0
core   0: 0x8000892c (0xb0148413) addi    s0, s1, -1279
core   0: 3 0x8000892c (0xb0148413) x 8 0xfffffb01
core   0: 0x80008930 (0x3d533913) sltiu   s2, t1, 981
core   0: 3 0x80008930 (0x3d533913) x18 0x00000001
core   0: 0x80008934 (0x7d123d93) sltiu   s11, tp, 2001
core   0: 3 0x80008934 (0x7d123d93) x27 0x00000000
core   0: 0x80008938 (0x01691c93) slli    s9, s2, 22
core   0: 3 0x80008938 (0x01691c93) x25 0x00400000
core   0: 0x8000893c (0x000f6733) or      a4, t5, zero
core   0: 3 0x8000893c (0x000f6733) x14 0x00000000
core   0: 0x80008940 (0x00aea133) slt     sp, t4, a0
core   0: 3 0x80008940 (0x00aea133) x 2 0x00000000
core   0: 0x80008944 (0x001546b3) xor     a3, a0, ra
core   0: 3 0x80008944 (0x001546b3) x13 0x87335ce4
core   0: 0x80008948 (0x0075cdb3) xor     s11, a1, t2
core   0: 3 0x80008948 (0x0075cdb3) x27 0x19afffd5
core   0: 0x8000894c (0x00eee0b3) or      ra, t4, a4
core   0: 3 0x8000894c (0x00eee0b3) x 1 0x00000000
core   0: 0x80008950 (0x01b7a333) slt     t1, a5, s11
core   0: 3 0x80008950 (0x01b7a333) x 6 0x00000001
core   0: 0x80008954 (0xc182ba13) sltiu   s4, t0, -1000
core   0: 3 0x80008954 (0xc182ba13) x20 0x00000001
core   0: 0x80008958 (0x6468fb93) andi    s7, a7, 1606
core   0: 3 0x80008958 (0x6468fb93) x23 0x00000000
core   0: 0x8000895c (0x008df433) and     s0, s11, s0
core   0: 3 0x8000895c (0x008df433) x 8 0x19affb01
core   0: 0x80008960 (0xb40d7013) andi    zero, s10, -1216
core   0: 3 0x80008960 (0xb40d7013)
core   0: 0x80008964 (0x005e00b3) add     ra, t3, t0
core   0: 3 0x80008964 (0x005e00b3) x 1 0xf7bd7844
core   0: 0x80008968 (0x00b81c33) sll     s8, a6, a1
core   0: 3 0x80008968 (0x00b81c33) x24 0x00000000
core   0: 0x8000896c (0x26962b97) auipc   s7, 0x26962
core   0: 3 0x8000896c (0x26962b97) x23 0xa696a96c
core   0: 0x80008970 (0x96715817) auipc   a6, 0x96715
core   0: 3 0x80008970 (0x96715817) x16 0x1671d970
core   0: 0x80008974 (0x00b3e3b3) or      t2, t2, a1
core   0: 3 0x80008974 (0x00b3e3b3) x 7 0xffefffd5
core   0: 0x80008978 (0x00e11613) slli    a2, sp, 14
core   0: 3 0x80008978 (0x00e11613) x12 0x00000000
core   0: 0x8000897c (0x011670b3) and     ra, a2, a7
core   0: 3 0x8000897c (0x011670b3) x 1 0x00000000
core   0: 0x80008980 (0x400053b3) sra     t2, zero, zero
core   0: 3 0x80008980 (0x400053b3) x 7 0x00000000
core   0: 0x80008984 (0x004605b3) add     a1, a2, tp
core   0: 3 0x80008984 (0x004605b3) x11 0x80011e64
core   0: 0x80008988 (0x4026d093) srai    ra, a3, 2
core   0: 3 0x80008988 (0x4026d093) x 1 0xe1ccd739
core   0: 0x8000898c (0x01355733) srl     a4, a0, s3
core   0: 3 0x8000898c (0x01355733) x14 0x80015ce4
core   0: 0x80008990 (0x00bd5933) srl     s2, s10, a1
core   0: 3 0x80008990 (0x00bd5933) x18 0x00000000
core   0: 0x80008994 (0x00dd2db3) slt     s11, s10, a3
core   0: 3 0x80008994 (0x00dd2db3) x27 0x00000000
core   0: 0x80008998 (0x00443eb3) sltu    t4, s0, tp
core   0: 3 0x80008998 (0x00443eb3) x29 0x00000001
core   0: 0x8000899c (0x0092a933) slt     s2, t0, s1
core   0: 3 0x8000899c (0x0092a933) x18 0x00000001
core   0: 0x800089a0 (0x22aa4593) xori    a1, s4, 554
core   0: 3 0x800089a0 (0x22aa4593) x11 0x0000022b
core   0: 0x800089a4 (0xcbf16193) ori     gp, sp, -833
core   0: 3 0x800089a4 (0xcbf16193) x 3 0xfffffcbf
core   0: 0x800089a8 (0x00212b33) slt     s6, sp, sp
core   0: 3 0x800089a8 (0x00212b33) x22 0x00000000
core   0: 0x800089ac (0x408a8f33) sub     t5, s5, s0
core   0: 3 0x800089ac (0x408a8f33) x30 0xe6500cac
core   0: 0x800089b0 (0x7425ad93) slti    s11, a1, 1858
core   0: 3 0x800089b0 (0x7425ad93) x27 0x00000001
core   0: 0x800089b4 (0xfa24fe93) andi    t4, s1, -94
core   0: 3 0x800089b4 (0xfa24fe93) x29 0x00000000
core   0: 0x800089b8 (0x07cc8713) addi    a4, s9, 124
core   0: 3 0x800089b8 (0x07cc8713) x14 0x0040007c
core   0: 0x800089bc (0x41744613) xori    a2, s0, 1047
core   0: 3 0x800089bc (0x41744613) x12 0x19afff16
core   0: 0x800089c0 (0xc998f293) andi    t0, a7, -871
core   0: 3 0x800089c0 (0xc998f293) x 5 0x2af19880
core   0: 0x800089c4 (0x00f3ddb3) srl     s11, t2, a5
core   0: 3 0x800089c4 (0x00f3ddb3) x27 0x00000000
core   0: 0x800089c8 (0x009725b3) slt     a1, a4, s1
core   0: 3 0x800089c8 (0x009725b3) x11 0x00000000
core   0: 0x800089cc (0xe15e96b7) lui     a3, 0xe15e9
core   0: 3 0x800089cc (0xe15e96b7) x13 0xe15e9000
core   0: 0x800089d0 (0x4509f593) andi    a1, s3, 1104
core   0: 3 0x800089d0 (0x4509f593) x11 0x00000000
core   0: 0x800089d4 (0x00000013) nop
core   0: 3 0x800089d4 (0x00000013)
core   0: 0x800089d8 (0x791b8493) addi    s1, s7, 1937
core   0: 3 0x800089d8 (0x791b8493) x 9 0xa696b0fd
core   0: 0x800089dc (0x41a358b3) sra     a7, t1, s10
core   0: 3 0x800089dc (0x41a358b3) x17 0x00000001
core   0: 0x800089e0 (0xaefae813) ori     a6, s5, -1297
core   0: 3 0x800089e0 (0xaefae813) x16 0xffffffef
core   0: 0x800089e4 (0xa5be0f13) addi    t5, t3, -1445
core   0: 3 0x800089e4 (0xa5be0f13) x30 0xfffffa5b
core   0: 0x800089e8 (0x40b0e817) auipc   a6, 0x40b0e
core   0: 3 0x800089e8 (0x40b0e817) x16 0xc0b169e8
core   0: 0x800089ec (0x8962c093) xori    ra, t0, -1898
core   0: 3 0x800089ec (0x8962c093) x 1 0xd50e6016
core   0: 0x800089f0 (0xbe776893) ori     a7, a4, -1049
core   0: 3 0x800089f0 (0xbe776893) x17 0xfffffbff
core   0: 0x800089f4 (0x3af77617) auipc   a2, 0x3af77
core   0: 3 0x800089f4 (0x3af77617) x12 0xbaf7f9f4
core   0: 0x800089f8 (0x01e1da13) srli    s4, gp, 30
core   0: 3 0x800089f8 (0x01e1da13) x20 0x00000003
core   0: 0x800089fc (0x00445733) srl     a4, s0, tp
core   0: 3 0x800089fc (0x00445733) x14 0x019affb0
core   0: 0x80008a00 (0x00000013) nop
core   0: 3 0x80008a00 (0x00000013)
core   0: 0x80008a04 (0x4080d333) sra     t1, ra, s0
core   0: 3 0x80008a04 (0x4080d333) x 6 0xea87300b
core   0: 0x80008a08 (0x00588833) add     a6, a7, t0
core   0: 3 0x80008a08 (0x00588833) x16 0x2af1947f
core   0: 0x80008a0c (0xec0af293) andi    t0, s5, -320
core   0: 3 0x80008a0c (0xec0af293) x 5 0x00000680
core   0: 0x80008a10 (0xa8000a13) li      s4, -1408
core   0: 3 0x80008a10 (0xa8000a13) x20 0xfffffa80
core   0: 0x80008a14 (0x639d7693) andi    a3, s10, 1593
core   0: 3 0x80008a14 (0x639d7693) x13 0x00000000
core   0: 0x80008a18 (0x3d640e93) addi    t4, s0, 982
core   0: 3 0x80008a18 (0x3d640e93) x29 0x19affed7
core   0: 0x80008a1c (0x404ad893) srai    a7, s5, 4
core   0: 3 0x80008a1c (0x404ad893) x17 0x0000007a
core   0: 0x80008a20 (0x404bdf13) srai    t5, s7, 4
core   0: 3 0x80008a20 (0x404bdf13) x30 0xfa696a96
core   0: 0x80008a24 (0x0191e333) or      t1, gp, s9
core   0: 3 0x80008a24 (0x0191e333) x 6 0xfffffcbf
core   0: 0x80008a28 (0x40d257b3) sra     a5, tp, a3
core   0: 3 0x80008a28 (0x40d257b3) x15 0x80011e64
core   0: 0x80008a2c (0x00cd7933) and     s2, s10, a2
core   0: 3 0x80008a2c (0x00cd7933) x18 0x00000000
core   0: 0x80008a30 (0xa9c38593) addi    a1, t2, -1380
core   0: 3 0x80008a30 (0xa9c38593) x11 0xfffffa9c
core   0: 0x80008a34 (0x709d7837) lui     a6, 0x709d7
core   0: 3 0x80008a34 (0x709d7837) x16 0x709d7000
core   0: 0x80008a38 (0x63bf2d93) slti    s11, t5, 1595
core   0: 3 0x80008a38 (0x63bf2d93) x27 0x00000001
core   0: 0x80008a3c (0x8547fe13) andi    t3, a5, -1964
core   0: 3 0x80008a3c (0x8547fe13) x28 0x80011844
core   0: 0x80008a40 (0x76cfa913) slti    s2, t6, 1900
core   0: 3 0x80008a40 (0x76cfa913) x18 0x00000001
core   0: 0x80008a44 (0x44a22a37) lui     s4, 0x44a22
core   0: 3 0x80008a44 (0x44a22a37) x20 0x44a22000
core   0: 0x80008a48 (0x01374733) xor     a4, a4, s3
core   0: 3 0x80008a48 (0x01374733) x14 0x819affb0
core   0: 0x80008a4c (0x41f65a93) srai    s5, a2, 31
core   0: 3 0x80008a4c (0x41f65a93) x21 0xffffffff
core   0: 0x80008a50 (0x4026da93) srai    s5, a3, 2
core   0: 3 0x80008a50 (0x4026da93) x21 0x00000000
core   0: 0x80008a54 (0x4a5da393) slti    t2, s11, 1189
core   0: 3 0x80008a54 (0x4a5da393) x 7 0x00000001
core   0: 0x80008a58 (0x01709293) slli    t0, ra, 23
core   0: 3 0x80008a58 (0x01709293) x 5 0x0b000000
core   0: 0x80008a5c (0x007913b3) sll     t2, s2, t2
core   0: 3 0x80008a5c (0x007913b3) x 7 0x00000002
core   0: 0x80008a60 (0x00137fb3) and     t6, t1, ra
core   0: 3 0x80008a60 (0x00137fb3) x31 0xd50e6016
core   0: 0x80008a64 (0x5710ca93) xori    s5, ra, 1393
core   0: 3 0x80008a64 (0x5710ca93) x21 0xd50e6567
core   0: 0x80008a68 (0x01e674b3) and     s1, a2, t5
core   0: 3 0x80008a68 (0x01e674b3) x 9 0xba616894
core   0: 0x80008a6c (0x00000013) nop
core   0: 3 0x80008a6c (0x00000013)
core   0: 0x80008a70 (0xc6bd7613) andi    a2, s10, -917
core   0: 3 0x80008a70 (0xc6bd7613) x12 0x00000000
core   0: 0x80008a74 (0x000fb733) sltu    a4, t6, zero
core   0: 3 0x80008a74 (0x000fb733) x14 0x00000000
core   0: 0x80008a78 (0x0070ed33) or      s10, ra, t2
core   0: 3 0x80008a78 (0x0070ed33) x26 0xd50e6016
core   0: 0x80008a7c (0x0023f7b3) and     a5, t2, sp
core   0: 3 0x80008a7c (0x0023f7b3) x15 0x00000000
core   0: 0x80008a80 (0x40fa01b3) sub     gp, s4, a5
core   0: 3 0x80008a80 (0x40fa01b3) x 3 0x44a22000
core   0: 0x80008a84 (0x003edf13) srli    t5, t4, 3
core   0: 3 0x80008a84 (0x003edf13) x30 0x0335ffda
core   0: 0x80008a88 (0x01dc1833) sll     a6, s8, t4
core   0: 3 0x80008a88 (0x01dc1833) x16 0x00000000
core   0: 0x80008a8c (0x00b54db3) xor     s11, a0, a1
core   0: 3 0x80008a8c (0x00b54db3) x27 0x7ffea678
core   0: 0x80008a90 (0x1425a597) auipc   a1, 0x1425a
core   0: 3 0x80008a90 (0x1425a597) x11 0x94262a90
core   0: 0x80008a94 (0x004e5e93) srli    t4, t3, 4
core   0: 3 0x80008a94 (0x004e5e93) x29 0x08001184
core   0: 0x80008a98 (0x6f457613) andi    a2, a0, 1780
core   0: 3 0x80008a98 (0x6f457613) x12 0x000004e4
core   0: 0x80008a9c (0x51e6d7b7) lui     a5, 0x51e6d
core   0: 3 0x80008a9c (0x51e6d7b7) x15 0x51e6d000
core   0: 0x80008aa0 (0x9524f193) andi    gp, s1, -1710
core   0: 3 0x80008aa0 (0x9524f193) x 3 0xba616810
core   0: 0x80008aa4 (0x00d6e933) or      s2, a3, a3
core   0: 3 0x80008aa4 (0x00d6e933) x18 0x00000000
core   0: 0x80008aa8 (0x0191fd13) andi    s10, gp, 25
core   0: 3 0x80008aa8 (0x0191fd13) x26 0x00000010
core   0: 0x80008aac (0x007e1393) slli    t2, t3, 7
core   0: 3 0x80008aac (0x007e1393) x 7 0x008c2200
core   0: 0x80008ab0 (0xf28af093) andi    ra, s5, -216
core   0: 3 0x80008ab0 (0xf28af093) x 1 0xd50e6520
core   0: 0x80008ab4 (0x00dc5733) srl     a4, s8, a3
core   0: 3 0x80008ab4 (0x00dc5733) x14 0x00000000
core   0: 0x80008ab8 (0x90cb3713) sltiu   a4, s6, -1780
core   0: 3 0x80008ab8 (0x90cb3713) x14 0x00000001
core   0: 0x80008abc (0x0010b5b3) sltu    a1, ra, ra
core   0: 3 0x80008abc (0x0010b5b3) x11 0x00000000
core   0: 0x80008ac0 (0x002b9b13) slli    s6, s7, 2
core   0: 3 0x80008ac0 (0x002b9b13) x22 0x9a5aa5b0
core   0: 0x80008ac4 (0x02d4c093) xori    ra, s1, 45
core   0: 3 0x80008ac4 (0x02d4c093) x 1 0xba6168b9
core   0: 0x80008ac8 (0x403457b3) sra     a5, s0, gp
core   0: 3 0x80008ac8 (0x403457b3) x15 0x000019af
core   0: 0x80008acc (0x41c157b3) sra     a5, sp, t3
core   0: 3 0x80008acc (0x41c157b3) x15 0x00000000
core   0: 0x80008ad0 (0x405fddb3) sra     s11, t6, t0
core   0: 3 0x80008ad0 (0x405fddb3) x27 0xd50e6016
core   0: 0x80008ad4 (0x416d0833) sub     a6, s10, s6
core   0: 3 0x80008ad4 (0x416d0833) x16 0x65a55a60
core   0: 0x80008ad8 (0x01715433) srl     s0, sp, s7
core   0: 3 0x80008ad8 (0x01715433) x 8 0x00000000
core   0: 0x80008adc (0x0097fb37) lui     s6, 0x97f
core   0: 3 0x80008adc (0x0097fb37) x22 0x0097f000
core   0: 0x80008ae0 (0x00ae5193) srli    gp, t3, 10
core   0: 3 0x80008ae0 (0x00ae5193) x 3 0x00200046
core   0: 0x80008ae4 (0x0046e1b3) or      gp, a3, tp
core   0: 3 0x80008ae4 (0x0046e1b3) x 3 0x80011e64
core   0: 0x80008ae8 (0x0e9c3693) sltiu   a3, s8, 233
core   0: 3 0x80008ae8 (0x0e9c3693) x13 0x00000001
core   0: 0x80008aec (0x01b00eb3) add     t4, zero, s11
core   0: 3 0x80008aec (0x01b00eb3) x29 0xd50e6016
core   0: 0x80008af0 (0x9ed2ebb7) lui     s7, 0x9ed2e
core   0: 3 0x80008af0 (0x9ed2ebb7) x23 0x9ed2e000
core   0: 0x80008af4 (0x40fed2b3) sra     t0, t4, a5
core   0: 3 0x80008af4 (0x40fed2b3) x 5 0xd50e6016
core   0: 0x80008af8 (0xa2572f13) slti    t5, a4, -1499
core   0: 3 0x80008af8 (0xa2572f13) x30 0x00000000
core   0: 0x80008afc (0x87c3a493) slti    s1, t2, -1924
core   0: 3 0x80008afc (0x87c3a493) x 9 0x00000000
core   0: 0x80008b00 (0x4051dc93) srai    s9, gp, 5
core   0: 3 0x80008b00 (0x4051dc93) x25 0xfc0008f3
core   0: 0x80008b04 (0x96369297) auipc   t0, 0x96369
core   0: 3 0x80008b04 (0x96369297) x 5 0x16371b04
core   0: 0x80008b08 (0x8c883b13) sltiu   s6, a6, -1848
core   0: 3 0x80008b08 (0x8c883b13) x22 0x00000001
core   0: 0x80008b0c (0x450d0713) addi    a4, s10, 1104
core   0: 3 0x80008b0c (0x450d0713) x14 0x00000460
core   0: 0x80008b10 (0x0072f933) and     s2, t0, t2
core   0: 3 0x80008b10 (0x0072f933) x18 0x00040200
core   0: 0x80008b14 (0x41f2dab3) sra     s5, t0, t6
core   0: 3 0x80008b14 (0x41f2dab3) x21 0x00000058
core   0: 0x80008b18 (0x0062bb33) sltu    s6, t0, t1
core   0: 3 0x80008b18 (0x0062bb33) x22 0x00000001
core   0: 0x80008b1c (0x0146ef33) or      t5, a3, s4
core   0: 3 0x80008b1c (0x0146ef33) x30 0x44a22001
core   0: 0x80008b20 (0x009d77b3) and     a5, s10, s1
core   0: 3 0x80008b20 (0x009d77b3) x15 0x00000000
core   0: 0x80008b24 (0x00000013) nop
core   0: 3 0x80008b24 (0x00000013)
core   0: 0x80008b28 (0x01c011b3) sll     gp, zero, t3
core   0: 3 0x80008b28 (0x01c011b3) x 3 0x00000000
core   0: 0x80008b2c (0x400f8833) sub     a6, t6, zero
core   0: 3 0x80008b2c (0x400f8833) x16 0xd50e6016
core   0: 0x80008b30 (0xf1466297) auipc   t0, 0xf1466
core   0: 3 0x80008b30 (0xf1466297) x 5 0x7146eb30
core   0: 0x80008b34 (0x00000013) nop
core   0: 3 0x80008b34 (0x00000013)
core   0: 0x80008b38 (0x014e9733) sll     a4, t4, s4
core   0: 3 0x80008b38 (0x014e9733) x14 0xd50e6016
core   0: 0x80008b3c (0x85d88093) addi    ra, a7, -1955
core   0: 3 0x80008b3c (0x85d88093) x 1 0xfffff8d7
core   0: 0x80008b40 (0x0d0e3eb7) lui     t4, 0xd0e3
core   0: 3 0x80008b40 (0x0d0e3eb7) x29 0x0d0e3000
core   0: 0x80008b44 (0xed57ae13) slti    t3, a5, -299
core   0: 3 0x80008b44 (0xed57ae13) x28 0x00000000
core   0: 0x80008b48 (0x00e59193) slli    gp, a1, 14
core   0: 3 0x80008b48 (0x00e59193) x 3 0x00000000
core   0: 0x80008b4c (0x01df18b3) sll     a7, t5, t4
core   0: 3 0x80008b4c (0x01df18b3) x17 0x44a22001
core   0: 0x80008b50 (0x1dffad93) slti    s11, t6, 479
core   0: 3 0x80008b50 (0x1dffad93) x27 0x00000001
core   0: 0x80008b54 (0xc7788813) addi    a6, a7, -905
core   0: 3 0x80008b54 (0xc7788813) x16 0x44a21c78
core   0: 0x80008b58 (0x01805f93) srli    t6, zero, 24
core   0: 3 0x80008b58 (0x01805f93) x31 0x00000000
core   0: 0x80008b5c (0x8124af13) slti    t5, s1, -2030
core   0: 3 0x80008b5c (0x8124af13) x30 0x00000000
core   0: 0x80008b60 (0x40bfd333) sra     t1, t6, a1
core   0: 3 0x80008b60 (0x40bfd333) x 6 0x00000000
core   0: 0x80008b64 (0x58bdf1b7) lui     gp, 0x58bdf
core   0: 3 0x80008b64 (0x58bdf1b7) x 3 0x58bdf000
core   0: 0x80008b68 (0xba9efb13) andi    s6, t4, -1111
core   0: 3 0x80008b68 (0xba9efb13) x22 0x0d0e3000
core   0: 0x80008b6c (0xf8437497) auipc   s1, 0xf8437
core   0: 3 0x80008b6c (0xf8437497) x 9 0x7843fb6c
core   0: 0x80008b70 (0x00000013) nop
core   0: 3 0x80008b70 (0x00000013)
core   0: 0x80008b74 (0x00000013) nop
core   0: 3 0x80008b74 (0x00000013)
core   0: 0x80008b78 (0x006e11b3) sll     gp, t3, t1
core   0: 3 0x80008b78 (0x006e11b3) x 3 0x00000000
core   0: 0x80008b7c (0x40f48db3) sub     s11, s1, a5
core   0: 3 0x80008b7c (0x40f48db3) x27 0x7843fb6c
core   0: 0x80008b80 (0x4022ddb3) sra     s11, t0, sp
core   0: 3 0x80008b80 (0x4022ddb3) x27 0x7146eb30
core   0: 0x80008b84 (0xf607f393) andi    t2, a5, -160
core   0: 3 0x80008b84 (0xf607f393) x 7 0x00000000
core   0: 0x80008b88 (0x14fe0c93) addi    s9, t3, 335
core   0: 3 0x80008b88 (0x14fe0c93) x25 0x0000014f
core   0: 0x80008b8c (0x0149a8b3) slt     a7, s3, s4
core   0: 3 0x80008b8c (0x0149a8b3) x17 0x00000001
core   0: 0x80008b90 (0x01449eb3) sll     t4, s1, s4
core   0: 3 0x80008b90 (0x01449eb3) x29 0x7843fb6c
core   0: 0x80008b94 (0x367f6613) ori     a2, t5, 871
core   0: 3 0x80008b94 (0x367f6613) x12 0x00000367
core   0: 0x80008b98 (0x00efbeb3) sltu    t4, t6, a4
core   0: 3 0x80008b98 (0x00efbeb3) x29 0x00000001
core   0: 0x80008b9c (0x01351933) sll     s2, a0, s3
core   0: 3 0x80008b9c (0x01351933) x18 0x80015ce4
core   0: 0x80008ba0 (0x570bc317) auipc   t1, 0x570bc
core   0: 3 0x80008ba0 (0x570bc317) x 6 0xd70c4ba0
core   0: 0x80008ba4 (0x01c385b3) add     a1, t2, t3
core   0: 3 0x80008ba4 (0x01c385b3) x11 0x00000000
core   0: 0x80008ba8 (0x40f805b3) sub     a1, a6, a5
core   0: 3 0x80008ba8 (0x40f805b3) x11 0x44a21c78
core   0: 0x80008bac (0x59cd7297) auipc   t0, 0x59cd7
core   0: 3 0x80008bac (0x59cd7297) x 5 0xd9cdfbac
core   0: 0x80008bb0 (0x41b08c33) sub     s8, ra, s11
core   0: 3 0x80008bb0 (0x41b08c33) x24 0x8eb90da7
core   0: 0x80008bb4 (0xdb2b3d97) auipc   s11, 0xdb2b3
core   0: 3 0x80008bb4 (0xdb2b3d97) x27 0x5b2bbbb4
core   0: 0x80008bb8 (0x411dd433) sra     s0, s11, a7
core   0: 3 0x80008bb8 (0x411dd433) x 8 0x2d95ddda
core   0: 0x80008bbc (0x9f7aaa13) slti    s4, s5, -1545
core   0: 3 0x80008bbc (0x9f7aaa13) x20 0x00000000
core   0: 0x80008bc0 (0xce58ff93) andi    t6, a7, -795
core   0: 3 0x80008bc0 (0xce58ff93) x31 0x00000001
core   0: 0x80008bc4 (0x01cdaa33) slt     s4, s11, t3
core   0: 3 0x80008bc4 (0x01cdaa33) x20 0x00000000
core   0: 0x80008bc8 (0x0031ff33) and     t5, gp, gp
core   0: 3 0x80008bc8 (0x0031ff33) x30 0x00000000
core   0: 0x80008bcc (0xc1e00a13) li      s4, -994
core   0: 3 0x80008bcc (0xc1e00a13) x20 0xfffffc1e
core   0: 0x80008bd0 (0xdb7dc293) xori    t0, s11, -585
core   0: 3 0x80008bd0 (0xdb7dc293) x 5 0xa4d44603
core   0: 0x80008bd4 (0x01e4bf33) sltu    t5, s1, t5
core   0: 3 0x80008bd4 (0x01e4bf33) x30 0x00000000
core   0: 0x80008bd8 (0xb0633db7) lui     s11, 0xb0633
core   0: 3 0x80008bd8 (0xb0633db7) x27 0xb0633000
core   0: 0x80008bdc (0x00000013) nop
core   0: 3 0x80008bdc (0x00000013)
core   0: 0x80008be0 (0x00000013) nop
core   0: 3 0x80008be0 (0x00000013)
core   0: 0x80008be4 (0x4007dc93) srai    s9, a5, 0
core   0: 3 0x80008be4 (0x4007dc93) x25 0x00000000
core   0: 0x80008be8 (0x01ae5c93) srli    s9, t3, 26
core   0: 3 0x80008be8 (0x01ae5c93) x25 0x00000000
core   0: 0x80008bec (0x00f7a933) slt     s2, a5, a5
core   0: 3 0x80008bec (0x00f7a933) x18 0x00000000
core   0: 0x80008bf0 (0xed5f3f13) sltiu   t5, t5, -299
core   0: 3 0x80008bf0 (0xed5f3f13) x30 0x00000001
core   0: 0x80008bf4 (0x01959c93) slli    s9, a1, 25
core   0: 3 0x80008bf4 (0x01959c93) x25 0xf0000000
core   0: 0x80008bf8 (0x4c16ee13) ori     t3, a3, 1217
core   0: 3 0x80008bf8 (0x4c16ee13) x28 0x000004c1
core   0: 0x80008bfc (0x05ffa813) slti    a6, t6, 95
core   0: 3 0x80008bfc (0x05ffa813) x16 0x00000001
core   0: 0x80008c00 (0x13c58713) addi    a4, a1, 316
core   0: 3 0x80008c00 (0x13c58713) x14 0x44a21db4
core   0: 0x80008c04 (0xf4e0e413) ori     s0, ra, -178
core   0: 3 0x80008c04 (0xf4e0e413) x 8 0xffffffdf
core   0: 0x80008c08 (0x81b93c93) sltiu   s9, s2, -2021
core   0: 3 0x80008c08 (0x81b93c93) x25 0x00000001
core   0: 0x80008c0c (0xf53cb813) sltiu   a6, s9, -173
core   0: 3 0x80008c0c (0xf53cb813) x16 0x00000001
core   0: 0x80008c10 (0xe7593913) sltiu   s2, s2, -395
core   0: 3 0x80008c10 (0xe7593913) x18 0x00000001
core   0: 0x80008c14 (0x0072af33) slt     t5, t0, t2
core   0: 3 0x80008c14 (0x0072af33) x30 0x00000001
core   0: 0x80008c18 (0x016d2b33) slt     s6, s10, s6
core   0: 3 0x80008c18 (0x016d2b33) x22 0x00000001
core   0: 0x80008c1c (0x017efdb3) and     s11, t4, s7
core   0: 3 0x80008c1c (0x017efdb3) x27 0x00000000
core   0: 0x80008c20 (0x01211ab3) sll     s5, sp, s2
core   0: 3 0x80008c20 (0x01211ab3) x21 0x00000000
core   0: 0x80008c24 (0x41050b33) sub     s6, a0, a6
core   0: 3 0x80008c24 (0x41050b33) x22 0x80015ce3
core   0: 0x80008c28 (0x01d01733) sll     a4, zero, t4
core   0: 3 0x80008c28 (0x01d01733) x14 0x00000000
core   0: 0x80008c2c (0x002607b3) add     a5, a2, sp
core   0: 3 0x80008c2c (0x002607b3) x15 0x00000367
core   0: 0x80008c30 (0x00000013) nop
core   0: 3 0x80008c30 (0x00000013)
core   0: 0x80008c34 (0xd557e913) ori     s2, a5, -683
core   0: 3 0x80008c34 (0xd557e913) x18 0xffffff77
core   0: 0x80008c38 (0x015d7f33) and     t5, s10, s5
core   0: 3 0x80008c38 (0x015d7f33) x30 0x00000000
core   0: 0x80008c3c (0x415cd833) sra     a6, s9, s5
core   0: 3 0x80008c3c (0x415cd833) x16 0x00000001
core   0: 0x80008c40 (0xabbbe613) ori     a2, s7, -1349
core   0: 3 0x80008c40 (0xabbbe613) x12 0xfffffabb
core   0: 0x80008c44 (0x51dd2b13) slti    s6, s10, 1309
core   0: 3 0x80008c44 (0x51dd2b13) x22 0x00000001
core   0: 0x80008c48 (0x560aeb13) ori     s6, s5, 1376
core   0: 3 0x80008c48 (0x560aeb13) x22 0x00000560
core   0: 0x80008c4c (0x007df433) and     s0, s11, t2
core   0: 3 0x80008c4c (0x007df433) x 8 0x00000000
core   0: 0x80008c50 (0x00de93b3) sll     t2, t4, a3
core   0: 3 0x80008c50 (0x00de93b3) x 7 0x00000002
core   0: 0x80008c54 (0xfa273d13) sltiu   s10, a4, -94
core   0: 3 0x80008c54 (0xfa273d13) x26 0x00000001
core   0: 0x80008c58 (0x40505793) srai    a5, zero, 5
core   0: 3 0x80008c58 (0x40505793) x15 0x00000000
core   0: 0x80008c5c (0x5f75ee93) ori     t4, a1, 1527
core   0: 3 0x80008c5c (0x5f75ee93) x29 0x44a21dff
core   0: 0x80008c60 (0x004d9333) sll     t1, s11, tp
core   0: 3 0x80008c60 (0x004d9333) x 6 0x00000000
core   0: 0x80008c64 (0x783ba593) slti    a1, s7, 1923
core   0: 3 0x80008c64 (0x783ba593) x11 0x00000001
core   0: 0x80008c68 (0x47e62293) slti    t0, a2, 1150
core   0: 3 0x80008c68 (0x47e62293) x 5 0x00000001
core   0: 0x80008c6c (0x0093e6b3) or      a3, t2, s1
core   0: 3 0x80008c6c (0x0093e6b3) x13 0x7843fb6e
core   0: 0x80008c70 (0xe1637397) auipc   t2, 0xe1637
core   0: 3 0x80008c70 (0xe1637397) x 7 0x6163fc70
core   0: 0x80008c74 (0xdfe82f13) slti    t5, a6, -514
core   0: 3 0x80008c74 (0xdfe82f13) x30 0x00000000
core   0: 0x80008c78 (0x01641cb3) sll     s9, s0, s6
core   0: 3 0x80008c78 (0x01641cb3) x25 0x00000000
core   0: 0x80008c7c (0x01a7d493) srli    s1, a5, 26
core   0: 3 0x80008c7c (0x01a7d493) x 9 0x00000000
core   0: 0x80008c80 (0x5a827a13) andi    s4, tp, 1448
core   0: 3 0x80008c80 (0x5a827a13) x20 0x00000420
core   0: 0x80008c84 (0x0133d613) srli    a2, t2, 19
core   0: 3 0x80008c84 (0x0133d613) x12 0x00000c2c
core   0: 0x80008c88 (0x8c59a193) slti    gp, s3, -1851
core   0: 3 0x80008c88 (0x8c59a193) x 3 0x00000001
core   0: 0x80008c8c (0x014121b3) slt     gp, sp, s4
core   0: 3 0x80008c8c (0x014121b3) x 3 0x00000001
core   0: 0x80008c90 (0x88928b93) addi    s7, t0, -1911
core   0: 3 0x80008c90 (0x88928b93) x23 0xfffff88a
core   0: 0x80008c94 (0x22bd7a37) lui     s4, 0x22bd7
core   0: 3 0x80008c94 (0x22bd7a37) x20 0x22bd7000
core   0: 0x80008c98 (0x734e4113) xori    sp, t3, 1844
core   0: 3 0x80008c98 (0x734e4113) x 2 0x000003f5
core   0: 0x80008c9c (0x8eec9fb7) lui     t6, 0x8eec9
core   0: 3 0x80008c9c (0x8eec9fb7) x31 0x8eec9000
core   0: 0x80008ca0 (0xe68b8113) addi    sp, s7, -408
core   0: 3 0x80008ca0 (0xe68b8113) x 2 0xfffff6f2
core   0: 0x80008ca4 (0x41aeda33) sra     s4, t4, s10
core   0: 3 0x80008ca4 (0x41aeda33) x20 0x22510eff
core   0: 0x80008ca8 (0x335b4593) xori    a1, s6, 821
core   0: 3 0x80008ca8 (0x335b4593) x11 0x00000655
core   0: 0x80008cac (0xfa18b017) auipc   zero, 0xfa18b
core   0: 3 0x80008cac (0xfa18b017)
core   0: 0x80008cb0 (0x01af8033) add     zero, t6, s10
core   0: 3 0x80008cb0 (0x01af8033)
core   0: 0x80008cb4 (0x01fdd793) srli    a5, s11, 31
core   0: 3 0x80008cb4 (0x01fdd793) x15 0x00000000
core   0: 0x80008cb8 (0x4a714313) xori    t1, sp, 1191
core   0: 3 0x80008cb8 (0x4a714313) x 6 0xfffff255
core   0: 0x80008cbc (0x00bb0cb3) add     s9, s6, a1
core   0: 3 0x80008cbc (0x00bb0cb3) x25 0x00000bb5
core   0: 0x80008cc0 (0xdd946597) auipc   a1, 0xdd946
core   0: 3 0x80008cc0 (0xdd946597) x11 0x5d94ecc0
core   0: 0x80008cc4 (0x8865f393) andi    t2, a1, -1914
core   0: 3 0x80008cc4 (0x8865f393) x 7 0x5d94e880
core   0: 0x80008cc8 (0xab3a3813) sltiu   a6, s4, -1357
core   0: 3 0x80008cc8 (0xab3a3813) x16 0x00000001
core   0: 0x80008ccc (0x00000013) nop
core   0: 3 0x80008ccc (0x00000013)
core   0: 0x80008cd0 (0x41335293) srai    t0, t1, 19
core   0: 3 0x80008cd0 (0x41335293) x 5 0xffffffff
core   0: 0x80008cd4 (0x00a517b3) sll     a5, a0, a0
core   0: 3 0x80008cd4 (0x00a517b3) x15 0x0015ce40
core   0: 0x80008cd8 (0x2c0a9917) auipc   s2, 0x2c0a9
core   0: 3 0x80008cd8 (0x2c0a9917) x18 0xac0b1cd8
core   0: 0x80008cdc (0x01a34ab3) xor     s5, t1, s10
core   0: 3 0x80008cdc (0x01a34ab3) x21 0xfffff254
core   0: 0x80008ce0 (0xf9444a93) xori    s5, s0, -108
core   0: 3 0x80008ce0 (0xf9444a93) x21 0xffffff94
core   0: 0x80008ce4 (0xc084e713) ori     a4, s1, -1016
core   0: 3 0x80008ce4 (0xc084e713) x14 0xfffffc08
core   0: 0x80008ce8 (0x01b905b3) add     a1, s2, s11
core   0: 3 0x80008ce8 (0x01b905b3) x11 0xac0b1cd8
core   0: 0x80008cec (0x019eacb3) slt     s9, t4, s9
core   0: 3 0x80008cec (0x019eacb3) x25 0x00000000
core   0: 0x80008cf0 (0x00b35133) srl     sp, t1, a1
core   0: 3 0x80008cf0 (0x00b35133) x 2 0x000000ff
core   0: 0x80008cf4 (0x00202fb3) slt     t6, zero, sp
core   0: 3 0x80008cf4 (0x00202fb3) x31 0x00000001
core   0: 0x80008cf8 (0x0119f633) and     a2, s3, a7
core   0: 3 0x80008cf8 (0x0119f633) x12 0x00000000
core   0: 0x80008cfc (0x2830ac17) auipc   s8, 0x2830a
core   0: 3 0x80008cfc (0x2830ac17) x24 0xa8312cfc
core   0: 0x80008d00 (0x481aab13) slti    s6, s5, 1153
core   0: 3 0x80008d00 (0x481aab13) x22 0x00000001
core   0: 0x80008d04 (0x00ab2eb3) slt     t4, s6, a0
core   0: 3 0x80008d04 (0x00ab2eb3) x29 0x00000000
core   0: 0x80008d08 (0x01c81313) slli    t1, a6, 28
core   0: 3 0x80008d08 (0x01c81313) x 6 0x10000000
core   0: 0x80008d0c (0x01df9b93) slli    s7, t6, 29
core   0: 3 0x80008d0c (0x01df9b93) x23 0x20000000
core   0: 0x80008d10 (0x01652133) slt     sp, a0, s6
core   0: 3 0x80008d10 (0x01652133) x 2 0x00000001
core   0: 0x80008d14 (0x00cfd733) srl     a4, t6, a2
core   0: 3 0x80008d14 (0x00cfd733) x14 0x00000001
core   0: 0x80008d18 (0x013c5f33) srl     t5, s8, s3
core   0: 3 0x80008d18 (0x013c5f33) x30 0xa8312cfc
core   0: 0x80008d1c (0x3a363f93) sltiu   t6, a2, 931
core   0: 3 0x80008d1c (0x3a363f93) x31 0x00000001
core   0: 0x80008d20 (0xcd738f93) addi    t6, t2, -809
core   0: 3 0x80008d20 (0xcd738f93) x31 0x5d94e557
core   0: 0x80008d24 (0x00fd5293) srli    t0, s10, 15
core   0: 3 0x80008d24 (0x00fd5293) x 5 0x00000000
core   0: 0x80008d28 (0xb5c92613) slti    a2, s2, -1188
core   0: 3 0x80008d28 (0xb5c92613) x12 0x00000001
core   0: 0x80008d2c (0x7fba0f13) addi    t5, s4, 2043
core   0: 3 0x80008d2c (0x7fba0f13) x30 0x225116fa
core   0: 0x80008d30 (0x41310033) sub     zero, sp, s3
core   0: 3 0x80008d30 (0x41310033)
core   0: 0x80008d34 (0xeeaae397) auipc   t2, 0xeeaae
core   0: 3 0x80008d34 (0xeeaae397) x 7 0x6eab6d34
core   0: 0x80008d38 (0x419d5b33) sra     s6, s10, s9
core   0: 3 0x80008d38 (0x419d5b33) x22 0x00000001
core   0: 0x80008d3c (0xf35ec117) auipc   sp, 0xf35ec
core   0: 3 0x80008d3c (0xf35ec117) x 2 0x735f4d3c
core   0: 0x80008d40 (0x0026f833) and     a6, a3, sp
core   0: 3 0x80008d40 (0x0026f833) x16 0x7043492c
core   0: 0x80008d44 (0xa6324913) xori    s2, tp, -1437
core   0: 3 0x80008d44 (0xa6324913) x18 0x7ffee407
core   0: 0x80008d48 (0x00bf5833) srl     a6, t5, a1
core   0: 3 0x80008d48 (0x00bf5833) x16 0x00000022
core   0: 0x80008d4c (0x50542713) slti    a4, s0, 1285
core   0: 3 0x80008d4c (0x50542713) x14 0x00000001
core   0: 0x80008d50 (0x01422ab3) slt     s5, tp, s4
core   0: 3 0x80008d50 (0x01422ab3) x21 0x00000001
core   0: 0x80008d54 (0x4016dbb3) sra     s7, a3, ra
core   0: 3 0x80008d54 (0x4016dbb3) x23 0x000000f0
core   0: 0x80008d58 (0x469f26b7) lui     a3, 0x469f2
core   0: 3 0x80008d58 (0x469f26b7) x13 0x469f2000
core   0: 0x80008d5c (0x003cd013) srli    zero, s9, 3
core   0: 3 0x80008d5c (0x003cd013)
core   0: 0x80008d60 (0x00f78f33) add     t5, a5, a5
core   0: 3 0x80008d60 (0x00f78f33) x30 0x002b9c80
core   0: 0x80008d64 (0x40d1dab3) sra     s5, gp, a3
core   0: 3 0x80008d64 (0x40d1dab3) x21 0x00000001
core   0: 0x80008d68 (0x4037d413) srai    s0, a5, 3
core   0: 3 0x80008d68 (0x4037d413) x 8 0x0002b9c8
core   0: 0x80008d6c (0x015c82b3) add     t0, s9, s5
core   0: 3 0x80008d6c (0x015c82b3) x 5 0x00000001
core   0: 0x80008d70 (0xd4a4e797) auipc   a5, 0xd4a4e
core   0: 3 0x80008d70 (0xd4a4e797) x15 0x54a56d70
core   0: 0x80008d74 (0x40355493) srai    s1, a0, 3
core   0: 3 0x80008d74 (0x40355493) x 9 0xf0002b9c
core   0: 0x80008d78 (0x00000013) nop
core   0: 3 0x80008d78 (0x00000013)
core   0: 0x80008d7c (0x6a707d93) andi    s11, zero, 1703
core   0: 3 0x80008d7c (0x6a707d93) x27 0x00000000
core   0: 0x80008d80 (0x01a385b3) add     a1, t2, s10
core   0: 3 0x80008d80 (0x01a385b3) x11 0x6eab6d35
core   0: 0x80008d84 (0x4152d813) srai    a6, t0, 21
core   0: 3 0x80008d84 (0x4152d813) x16 0x00000000
core   0: 0x80008d88 (0x408580b3) sub     ra, a1, s0
core   0: 3 0x80008d88 (0x408580b3) x 1 0x6ea8b36d
core   0: 0x80008d8c (0xe9f4da17) auipc   s4, 0xe9f4d
core   0: 3 0x80008d8c (0xe9f4da17) x20 0x69f55d8c
core   0: 0x80008d90 (0xc0dff493) andi    s1, t6, -1011
core   0: 3 0x80008d90 (0xc0dff493) x 9 0x5d94e405
core   0: 0x80008d94 (0x400602b3) sub     t0, a2, zero
core   0: 3 0x80008d94 (0x400602b3) x 5 0x00000001
core   0: 0x80008d98 (0x0dfa7693) andi    a3, s4, 223
core   0: 3 0x80008d98 (0x0dfa7693) x13 0x0000008c
core   0: 0x80008d9c (0x41e256b3) sra     a3, tp, t5
core   0: 3 0x80008d9c (0x41e256b3) x13 0x80011e64
core   0: 0x80008da0 (0x00000e13) li      t3, 0
core   0: 3 0x80008da0 (0x00000e13) x28 0x00000000
core   0: 0x80008da4 (0xfff00b93) li      s7, -1
core   0: 3 0x80008da4 (0xfff00b93) x23 0xffffffff
core   0: 0x80008da8 (0x00000613) li      a2, 0
core   0: 3 0x80008da8 (0x00000613) x12 0x00000000
core   0: 0x80008dac (0x00000d93) li      s11, 0
core   0: 3 0x80008dac (0x00000d93) x27 0x00000000
core   0: 0x80008db0 (0x00000593) li      a1, 0
core   0: 3 0x80008db0 (0x00000593) x11 0x00000000
core   0: 0x80008db4 (0xfff00d13) li      s10, -1
core   0: 3 0x80008db4 (0xfff00d13) x26 0xffffffff
core   0: 0x80008db8 (0xfff00893) li      a7, -1
core   0: 3 0x80008db8 (0xfff00893) x17 0xffffffff
core   0: 0x80008dbc (0x80000b37) lui     s6, 0x80000
core   0: 3 0x80008dbc (0x80000b37) x22 0x80000000
core   0: 0x80008dc0 (0x800000b7) lui     ra, 0x80000
core   0: 3 0x80008dc0 (0x800000b7) x 1 0x80000000
core   0: 0x80008dc4 (0xfff00493) li      s1, -1
core   0: 3 0x80008dc4 (0xfff00493) x 9 0xffffffff
core   0: 0x80008dc8 (0x05816617) auipc   a2, 0x5816
core   0: 3 0x80008dc8 (0x05816617) x12 0x8581edc8
core   0: 0x80008dcc (0x016880b3) add     ra, a7, s6
core   0: 3 0x80008dcc (0x016880b3) x 1 0x7fffffff
core   0: 0x80008dd0 (0x41cb8d33) sub     s10, s7, t3
core   0: 3 0x80008dd0 (0x41cb8d33) x26 0xffffffff
core   0: 0x80008dd4 (0x39184b97) auipc   s7, 0x39184
core   0: 3 0x80008dd4 (0x39184b97) x23 0xb918cdd4
core   0: 0x80008dd8 (0xb7fa15b7) lui     a1, 0xb7fa1
core   0: 3 0x80008dd8 (0xb7fa15b7) x11 0xb7fa1000
core   0: 0x80008ddc (0x40958633) sub     a2, a1, s1
core   0: 3 0x80008ddc (0x40958633) x12 0xb7fa1001
core   0: 0x80008de0 (0x190d0893) addi    a7, s10, 400
core   0: 3 0x80008de0 (0x190d0893) x17 0x0000018f
core   0: 0x80008de4 (0xed99ad97) auipc   s11, 0xed99a
core   0: 3 0x80008de4 (0xed99ad97) x27 0x6d9a2de4
core   0: 0x80008de8 (0xe62bf497) auipc   s1, 0xe62bf
core   0: 3 0x80008de8 (0xe62bf497) x 9 0x662c7de8
core   0: 0x80008dec (0xb4ebebb7) lui     s7, 0xb4ebe
core   0: 3 0x80008dec (0xb4ebebb7) x23 0xb4ebe000
core   0: 0x80008df0 (0x011d08b3) add     a7, s10, a7
core   0: 3 0x80008df0 (0x011d08b3) x17 0x0000018e
core   0: 0x80008df4 (0x00000013) nop
core   0: 3 0x80008df4 (0x00000013)
core   0: 0x80008df8 (0xa0b91597) auipc   a1, 0xa0b91
core   0: 3 0x80008df8 (0xa0b91597) x11 0x20b99df8
core   0: 0x80008dfc (0x4b2d0597) auipc   a1, 0x4b2d0
core   0: 3 0x80008dfc (0x4b2d0597) x11 0xcb2d8dfc
core   0: 0x80008e00 (0x001b8d33) add     s10, s7, ra
core   0: 3 0x80008e00 (0x001b8d33) x26 0x34ebdfff
core   0: 0x80008e04 (0x00c608b3) add     a7, a2, a2
core   0: 3 0x80008e04 (0x00c608b3) x17 0x6ff42002
core   0: 0x80008e08 (0x401b8b33) sub     s6, s7, ra
core   0: 3 0x80008e08 (0x401b8b33) x22 0x34ebe001
core   0: 0x80008e0c (0xca748613) addi    a2, s1, -857
core   0: 3 0x80008e0c (0xca748613) x12 0x662c7a8f
core   0: 0x80008e10 (0x32dd10b7) lui     ra, 0x32dd1
core   0: 3 0x80008e10 (0x32dd10b7) x 1 0x32dd1000
core   0: 0x80008e14 (0x409d8d33) sub     s10, s11, s1
core   0: 3 0x80008e14 (0x409d8d33) x26 0x076daffc
core   0: 0x80008e18 (0x00000013) nop
core   0: 3 0x80008e18 (0x00000013)
core   0: 0x80008e1c (0x00eb4733) xor     a4, s6, a4
core   0: 3 0x80008e1c (0x00eb4733) x14 0x34ebe000
core   0: 0x80008e20 (0x01d3a2b3) slt     t0, t2, t4
core   0: 3 0x80008e20 (0x01d3a2b3) x 5 0x00000000
core   0: 0x80008e24 (0xe2ef6e13) ori     t3, t5, -466
core   0: 3 0x80008e24 (0xe2ef6e13) x28 0xfffffeae
core   0: 0x80008e28 (0x00d80d33) add     s10, a6, a3
core   0: 3 0x80008e28 (0x00d80d33) x26 0x80011e64
core   0: 0x80008e2c (0x007e3933) sltu    s2, t3, t2
core   0: 3 0x80008e2c (0x007e3933) x18 0x00000000
core   0: 0x80008e30 (0x0195ed33) or      s10, a1, s9
core   0: 3 0x80008e30 (0x0195ed33) x26 0xcb2d8dfc
core   0: 0x80008e34 (0x014261b3) or      gp, tp, s4
core   0: 3 0x80008e34 (0x014261b3) x 3 0xe9f55fec
core   0: 0x80008e38 (0x00000013) nop
core   0: 3 0x80008e38 (0x00000013)
core   0: 0x80008e3c (0x007e2ab3) slt     s5, t3, t2
core   0: 3 0x80008e3c (0x007e2ab3) x21 0x00000001
core   0: 0x80008e40 (0xc08c4a13) xori    s4, s8, -1016
core   0: 3 0x80008e40 (0xc08c4a13) x20 0x57ced0f4
core   0: 0x80008e44 (0xca23da17) auipc   s4, 0xca23d
core   0: 3 0x80008e44 (0xca23da17) x20 0x4a245e44
core   0: 0x80008e48 (0x41f4d313) srai    t1, s1, 31
core   0: 3 0x80008e48 (0x41f4d313) x 6 0x00000000
core   0: 0x80008e4c (0x8bcbb393) sltiu   t2, s7, -1860
core   0: 3 0x80008e4c (0x8bcbb393) x 7 0x00000001
core   0: 0x80008e50 (0x983ca813) slti    a6, s9, -1661
core   0: 3 0x80008e50 (0x983ca813) x16 0x00000000
core   0: 0x80008e54 (0x408fdeb3) sra     t4, t6, s0
core   0: 3 0x80008e54 (0x408fdeb3) x29 0x005d94e5
core   0: 0x80008e58 (0x00000013) nop
core   0: 3 0x80008e58 (0x00000013)
core   0: 0x80008e5c (0x419c5793) srai    a5, s8, 25
core   0: 3 0x80008e5c (0x419c5793) x15 0xffffffd4
core   0: 0x80008e60 (0x001f1d13) slli    s10, t5, 1
core   0: 3 0x80008e60 (0x001f1d13) x26 0x00573900
core   0: 0x80008e64 (0x01cc25b3) slt     a1, s8, t3
core   0: 3 0x80008e64 (0x01cc25b3) x11 0x00000001
core   0: 0x80008e68 (0x01e425b3) slt     a1, s0, t5
core   0: 3 0x80008e68 (0x01e425b3) x11 0x00000001
core   0: 0x80008e6c (0x00fc5293) srli    t0, s8, 15
core   0: 3 0x80008e6c (0x00fc5293) x 5 0x00015062
core   0: 0x80008e70 (0x00c78fb3) add     t6, a5, a2
core   0: 3 0x80008e70 (0x00c78fb3) x31 0x662c7a63
core   0: 0x80008e74 (0x01a65db3) srl     s11, a2, s10
core   0: 3 0x80008e74 (0x01a65db3) x27 0x662c7a8f
core   0: 0x80008e78 (0xffdee893) ori     a7, t4, -3
core   0: 3 0x80008e78 (0xffdee893) x17 0xfffffffd
core   0: 0x80008e7c (0x01567a33) and     s4, a2, s5
core   0: 3 0x80008e7c (0x01567a33) x20 0x00000001
core   0: 0x80008e80 (0x00000013) nop
core   0: 3 0x80008e80 (0x00000013)
core   0: 0x80008e84 (0x4120deb3) sra     t4, ra, s2
core   0: 3 0x80008e84 (0x4120deb3) x29 0x32dd1000
core   0: 0x80008e88 (0x00e278b3) and     a7, tp, a4
core   0: 3 0x80008e88 (0x00e278b3) x17 0x00010000
core   0: 0x80008e8c (0x8dc18f93) addi    t6, gp, -1828
core   0: 3 0x80008e8c (0x8dc18f93) x31 0xe9f558c8
core   0: 0x80008e90 (0x00890db3) add     s11, s2, s0
core   0: 3 0x80008e90 (0x00890db3) x27 0x0002b9c8
core   0: 0x80008e94 (0x40c20633) sub     a2, tp, a2
core   0: 3 0x80008e94 (0x40c20633) x12 0x19d4a3d5
core   0: 0x80008e98 (0x41e78bb3) sub     s7, a5, t5
core   0: 3 0x80008e98 (0x41e78bb3) x23 0xffd46354
core   0: 0x80008e9c (0x4a2aeb93) ori     s7, s5, 1186
core   0: 3 0x80008e9c (0x4a2aeb93) x23 0x000004a3
core   0: 0x80008ea0 (0xc2494913) xori    s2, s2, -988
core   0: 3 0x80008ea0 (0xc2494913) x18 0xfffffc24
core   0: 0x80008ea4 (0x2370a293) slti    t0, ra, 567
core   0: 3 0x80008ea4 (0x2370a293) x 5 0x00000000
core   0: 0x80008ea8 (0x413e0733) sub     a4, t3, s3
core   0: 3 0x80008ea8 (0x413e0733) x14 0x7ffffeae
core   0: 0x80008eac (0x41035433) sra     s0, t1, a6
core   0: 3 0x80008eac (0x41035433) x 8 0x00000000
core   0: 0x80008eb0 (0x8fafb593) sltiu   a1, t6, -1798
core   0: 3 0x80008eb0 (0x8fafb593) x11 0x00000001
core   0: 0x80008eb4 (0xf893c393) xori    t2, t2, -119
core   0: 3 0x80008eb4 (0xf893c393) x 7 0xffffff88
core   0: 0x80008eb8 (0x01f4fdb3) and     s11, s1, t6
core   0: 3 0x80008eb8 (0x01f4fdb3) x27 0x602458c8
core   0: 0x80008ebc (0x01cede93) srli    t4, t4, 28
core   0: 3 0x80008ebc (0x01cede93) x29 0x00000003
core   0: 0x80008ec0 (0x0166d0b3) srl     ra, a3, s6
core   0: 3 0x80008ec0 (0x0166d0b3) x 1 0x40008f32
core   0: 0x80008ec4 (0x0153e4b3) or      s1, t2, s5
core   0: 3 0x80008ec4 (0x0153e4b3) x 9 0xffffff89
core   0: 0x80008ec8 (0x6712b113) sltiu   sp, t0, 1649
core   0: 3 0x80008ec8 (0x6712b113) x 2 0x00000001
core   0: 0x80008ecc (0x41bedc33) sra     s8, t4, s11
core   0: 3 0x80008ecc (0x41bedc33) x24 0x00000000
core   0: 0x80008ed0 (0x406d82b3) sub     t0, s11, t1
core   0: 3 0x80008ed0 (0x406d82b3) x 5 0x602458c8
core   0: 0x80008ed4 (0x00000013) nop
core   0: 3 0x80008ed4 (0x00000013)
core   0: 0x80008ed8 (0x00bc6c33) or      s8, s8, a1
core   0: 3 0x80008ed8 (0x00bc6c33) x24 0x00000001
core   0: 0x80008edc (0x00805933) srl     s2, zero, s0
core   0: 3 0x80008edc (0x00805933) x18 0x00000000
core   0: 0x80008ee0 (0x003e1713) slli    a4, t3, 3
core   0: 3 0x80008ee0 (0x003e1713) x14 0xfffff570
core   0: 0x80008ee4 (0x04de2f93) slti    t6, t3, 77
core   0: 3 0x80008ee4 (0x04de2f93) x31 0x00000001
core   0: 0x80008ee8 (0x4885c593) xori    a1, a1, 1160
core   0: 3 0x80008ee8 (0x4885c593) x11 0x00000489
core   0: 0x80008eec (0xa2347617) auipc   a2, 0xa2347
core   0: 3 0x80008eec (0xa2347617) x12 0x2234feec
core   0: 0x80008ef0 (0x018fcb33) xor     s6, t6, s8
core   0: 3 0x80008ef0 (0x018fcb33) x22 0x00000000
core   0: 0x80008ef4 (0x00415193) srli    gp, sp, 4
core   0: 3 0x80008ef4 (0x00415193) x 3 0x00000000
core   0: 0x80008ef8 (0x40735f13) srai    t5, t1, 7
core   0: 3 0x80008ef8 (0x40735f13) x30 0x00000000
core   0: 0x80008efc (0x01289633) sll     a2, a7, s2
core   0: 3 0x80008efc (0x01289633) x12 0x00010000
core   0: 0x80008f00 (0xbeec2813) slti    a6, s8, -1042
core   0: 3 0x80008f00 (0xbeec2813) x16 0x00000000
core   0: 0x80008f04 (0x41b585b3) sub     a1, a1, s11
core   0: 3 0x80008f04 (0x41b585b3) x11 0x9fdbabc1
core   0: 0x80008f08 (0xde827037) lui     zero, 0xde827
core   0: 3 0x80008f08 (0xde827037)
core   0: 0x80008f0c (0x013502b3) add     t0, a0, s3
core   0: 3 0x80008f0c (0x013502b3) x 5 0x00015ce4
core   0: 0x80008f10 (0x28a70f93) addi    t6, a4, 650
core   0: 3 0x80008f10 (0x28a70f93) x31 0xfffff7fa
core   0: 0x80008f14 (0x41f95133) sra     sp, s2, t6
core   0: 3 0x80008f14 (0x41f95133) x 2 0x00000000
core   0: 0x80008f18 (0x00885c13) srli    s8, a6, 8
core   0: 3 0x80008f18 (0x00885c13) x24 0x00000000
core   0: 0x80008f1c (0xad4eb913) sltiu   s2, t4, -1324
core   0: 3 0x80008f1c (0xad4eb913) x18 0x00000001
core   0: 0x80008f20 (0xad546197) auipc   gp, 0xad546
core   0: 3 0x80008f20 (0xad546197) x 3 0x2d54ef20
core   0: 0x80008f24 (0x5324cb93) xori    s7, s1, 1330
core   0: 3 0x80008f24 (0x5324cb93) x23 0xfffffabb
core   0: 0x80008f28 (0x00475cb3) srl     s9, a4, tp
core   0: 3 0x80008f28 (0x00475cb3) x25 0x0fffff57
core   0: 0x80008f2c (0x40a10bb3) sub     s7, sp, a0
core   0: 3 0x80008f2c (0x40a10bb3) x23 0x7ffea31c
core   0: 0x80008f30 (0x00000013) nop
core   0: 3 0x80008f30 (0x00000013)
core   0: 0x80008f34 (0x00000013) nop
core   0: 3 0x80008f34 (0x00000013)
core   0: 0x80008f38 (0x00428cb3) add     s9, t0, tp
core   0: 3 0x80008f38 (0x00428cb3) x25 0x80027b48
core   0: 0x80008f3c (0xe818e713) ori     a4, a7, -383
core   0: 3 0x80008f3c (0xe818e713) x14 0xfffffe81
core   0: 0x80008f40 (0x0099c1b3) xor     gp, s3, s1
core   0: 3 0x80008f40 (0x0099c1b3) x 3 0x7fffff89
core   0: 0x80008f44 (0x4007d713) srai    a4, a5, 0
core   0: 3 0x80008f44 (0x4007d713) x14 0xffffffd4
core   0: 0x80008f48 (0xa8bbc893) xori    a7, s7, -1397
core   0: 3 0x80008f48 (0xa8bbc893) x17 0x80015997
core   0: 0x80008f4c (0x01fcf433) and     s0, s9, t6
core   0: 3 0x80008f4c (0x01fcf433) x 8 0x80027348
core   0: 0x80008f50 (0x010b1a33) sll     s4, s6, a6
core   0: 3 0x80008f50 (0x010b1a33) x20 0x00000000
core   0: 0x80008f54 (0x01330b33) add     s6, t1, s3
core   0: 3 0x80008f54 (0x01330b33) x22 0x80000000
core   0: 0x80008f58 (0x1df60a13) addi    s4, a2, 479
core   0: 3 0x80008f58 (0x1df60a13) x20 0x000101df
core   0: 0x80008f5c (0x013b1a33) sll     s4, s6, s3
core   0: 3 0x80008f5c (0x013b1a33) x20 0x80000000
core   0: 0x80008f60 (0x005b7fb3) and     t6, s6, t0
core   0: 3 0x80008f60 (0x005b7fb3) x31 0x00000000
core   0: 0x80008f64 (0x4ae25037) lui     zero, 0x4ae25
core   0: 3 0x80008f64 (0x4ae25037)
core   0: 0x80008f68 (0xa76ca637) lui     a2, 0xa76ca
core   0: 3 0x80008f68 (0xa76ca637) x12 0xa76ca000
core   0: 0x80008f6c (0x63e2a417) auipc   s0, 0x63e2a
core   0: 3 0x80008f6c (0x63e2a417) x 8 0xe3e32f6c
core   0: 0x80008f70 (0x009e8b33) add     s6, t4, s1
core   0: 3 0x80008f70 (0x009e8b33) x22 0xffffff8c
core   0: 0x80008f74 (0x00c8dd33) srl     s10, a7, a2
core   0: 3 0x80008f74 (0x00c8dd33) x26 0x80015997
core   0: 0x80008f78 (0x00000013) nop
core   0: 3 0x80008f78 (0x00000013)
core   0: 0x80008f7c (0xab0ccd93) xori    s11, s9, -1360
core   0: 3 0x80008f7c (0xab0ccd93) x27 0x7ffd81f8
core   0: 0x80008f80 (0x01ea0a33) add     s4, s4, t5
core   0: 3 0x80008f80 (0x01ea0a33) x20 0x80000000
core   0: 0x80008f84 (0x2a46b693) sltiu   a3, a3, 676
core   0: 3 0x80008f84 (0x2a46b693) x13 0x00000000
core   0: 0x80008f88 (0x013f50b3) srl     ra, t5, s3
core   0: 3 0x80008f88 (0x013f50b3) x 1 0x00000000
core   0: 0x80008f8c (0x5127cf13) xori    t5, a5, 1298
core   0: 3 0x80008f8c (0x5127cf13) x30 0xfffffac6
core   0: 0x80008f90 (0x00445293) srli    t0, s0, 4
core   0: 3 0x80008f90 (0x00445293) x 5 0x0e3e32f6
core   0: 0x80008f94 (0xe2fc7c93) andi    s9, s8, -465
core   0: 3 0x80008f94 (0xe2fc7c93) x25 0x00000000
core   0: 0x80008f98 (0x013d53b3) srl     t2, s10, s3
core   0: 3 0x80008f98 (0x013d53b3) x 7 0x80015997
core   0: 0x80008f9c (0x0071dfb3) srl     t6, gp, t2
core   0: 3 0x80008f9c (0x0071dfb3) x31 0x000000ff
core   0: 0x80008fa0 (0x404088b3) sub     a7, ra, tp
core   0: 3 0x80008fa0 (0x404088b3) x17 0x7ffee19c
core   0: 0x80008fa4 (0x01f6d593) srli    a1, a3, 31
core   0: 3 0x80008fa4 (0x01f6d593) x11 0x00000000
core   0: 0x80008fa8 (0x01456793) ori     a5, a0, 20
core   0: 3 0x80008fa8 (0x01456793) x15 0x80015cf4
core   0: 0x80008fac (0x95287893) andi    a7, a6, -1710
core   0: 3 0x80008fac (0x95287893) x17 0x00000000
core   0: 0x80008fb0 (0x6615e013) ori     zero, a1, 1633
core   0: 3 0x80008fb0 (0x6615e013)
core   0: 0x80008fb4 (0x00000013) nop
core   0: 3 0x80008fb4 (0x00000013)
core   0: 0x80008fb8 (0x41925913) srai    s2, tp, 25
core   0: 3 0x80008fb8 (0x41925913) x18 0xffffffc0
core   0: 0x80008fbc (0x41e6d793) srai    a5, a3, 30
core   0: 3 0x80008fbc (0x41e6d793) x15 0x00000000
core   0: 0x80008fc0 (0xa98fa093) slti    ra, t6, -1384
core   0: 3 0x80008fc0 (0xa98fa093) x 1 0x00000000
core   0: 0x80008fc4 (0x00294833) xor     a6, s2, sp
core   0: 3 0x80008fc4 (0x00294833) x16 0xffffffc0
core   0: 0x80008fc8 (0x26a4f397) auipc   t2, 0x26a4f
core   0: 3 0x80008fc8 (0x26a4f397) x 7 0xa6a57fc8
core   0: 0x80008fcc (0x01e58c33) add     s8, a1, t5
core   0: 3 0x80008fcc (0x01e58c33) x24 0xfffffac6
core   0: 0x80008fd0 (0x387fe597) auipc   a1, 0x387fe
core   0: 3 0x80008fd0 (0x387fe597) x11 0xb8806fd0
core   0: 0x80008fd4 (0x015ed693) srli    a3, t4, 21
core   0: 3 0x80008fd4 (0x015ed693) x13 0x00000000
core   0: 0x80008fd8 (0xdde26493) ori     s1, tp, -546
core   0: 3 0x80008fd8 (0xdde26493) x 9 0xfffffffe
core   0: 0x80008fdc (0x0195ddb3) srl     s11, a1, s9
core   0: 3 0x80008fdc (0x0195ddb3) x27 0xb8806fd0
core   0: 0x80008fe0 (0x63bd2a13) slti    s4, s10, 1595
core   0: 3 0x80008fe0 (0x63bd2a13) x20 0x00000001
core   0: 0x80008fe4 (0x00c056b3) srl     a3, zero, a2
core   0: 3 0x80008fe4 (0x00c056b3) x13 0x00000000
core   0: 0x80008fe8 (0x8648f913) andi    s2, a7, -1948
core   0: 3 0x80008fe8 (0x8648f913) x18 0x00000000
core   0: 0x80008fec (0x2a056db7) lui     s11, 0x2a056
core   0: 3 0x80008fec (0x2a056db7) x27 0x2a056000
core   0: 0x80008ff0 (0x3b39bd93) sltiu   s11, s3, 947
core   0: 3 0x80008ff0 (0x3b39bd93) x27 0x00000000
core   0: 0x80008ff4 (0x00fe7eb3) and     t4, t3, a5
core   0: 3 0x80008ff4 (0x00fe7eb3) x29 0x00000000
core   0: 0x80008ff8 (0x01993b33) sltu    s6, s2, s9
core   0: 3 0x80008ff8 (0x01993b33) x22 0x00000000
core   0: 0x80008ffc (0x00b10733) add     a4, sp, a1
core   0: 3 0x80008ffc (0x00b10733) x14 0xb8806fd0
core   0: 0x80009000 (0x019205b3) add     a1, tp, s9
core   0: 3 0x80009000 (0x019205b3) x11 0x80011e64
core   0: 0x80009004 (0x18e3e713) ori     a4, t2, 398
core   0: 3 0x80009004 (0x18e3e713) x14 0xa6a57fce
core   0: 0x80009008 (0x68c0bb17) auipc   s6, 0x68c0b
core   0: 3 0x80009008 (0x68c0bb17) x22 0xe8c14008
core   0: 0x8000900c (0x01b79a93) slli    s5, a5, 27
core   0: 3 0x8000900c (0x01b79a93) x21 0x00000000
core   0: 0x80009010 (0x00000013) nop
core   0: 3 0x80009010 (0x00000013)
core   0: 0x80009014 (0x5a859137) lui     sp, 0x5a859
core   0: 3 0x80009014 (0x5a859137) x 2 0x5a859000
core   0: 0x80009018 (0x40535f13) srai    t5, t1, 5
core   0: 3 0x80009018 (0x40535f13) x30 0x00000000
core   0: 0x8000901c (0x015d7bb3) and     s7, s10, s5
core   0: 3 0x8000901c (0x015d7bb3) x23 0x00000000
core   0: 0x80009020 (0x00add733) srl     a4, s11, a0
core   0: 3 0x80009020 (0x00add733) x14 0x00000000
core   0: 0x80009024 (0x3932f597) auipc   a1, 0x3932f
core   0: 3 0x80009024 (0x3932f597) x11 0xb9338024
core   0: 0x80009028 (0x40c15893) srai    a7, sp, 12
core   0: 3 0x80009028 (0x40c15893) x17 0x0005a859
core   0: 0x8000902c (0x008243b3) xor     t2, tp, s0
core   0: 3 0x8000902c (0x008243b3) x 7 0x63e23108
core   0: 0x80009030 (0x01875733) srl     a4, a4, s8
core   0: 3 0x80009030 (0x01875733) x14 0x00000000
core   0: 0x80009034 (0x402dddb3) sra     s11, s11, sp
core   0: 3 0x80009034 (0x402dddb3) x27 0x00000000
core   0: 0x80009038 (0x01b69d13) slli    s10, a3, 27
core   0: 3 0x80009038 (0x01b69d13) x26 0x00000000
core   0: 0x8000903c (0x42576717) auipc   a4, 0x42576
core   0: 3 0x8000903c (0x42576717) x14 0xc257f03c
core   0: 0x80009040 (0xd2982c93) slti    s9, a6, -727
core   0: 3 0x80009040 (0xd2982c93) x25 0x00000000
core   0: 0x80009044 (0x0008bd33) sltu    s10, a7, zero
core   0: 3 0x80009044 (0x0008bd33) x26 0x00000000
core   0: 0x80009048 (0x3051cb37) lui     s6, 0x3051c
core   0: 3 0x80009048 (0x3051cb37) x22 0x3051c000
core   0: 0x8000904c (0x40315cb3) sra     s9, sp, gp
core   0: 3 0x8000904c (0x40315cb3) x25 0x002d42c8
core   0: 0x80009050 (0x01d81f33) sll     t5, a6, t4
core   0: 3 0x80009050 (0x01d81f33) x30 0xffffffc0
core   0: 0x80009054 (0x4166d193) srai    gp, a3, 22
core   0: 3 0x80009054 (0x4166d193) x 3 0x00000000
core   0: 0x80009058 (0x00d031b3) snez    gp, a3
core   0: 3 0x80009058 (0x00d031b3) x 3 0x00000000
core   0: 0x8000905c (0x002d97b3) sll     a5, s11, sp
core   0: 3 0x8000905c (0x002d97b3) x15 0x00000000
core   0: 0x80009060 (0x019502b3) add     t0, a0, s9
core   0: 3 0x80009060 (0x019502b3) x 5 0x802e9fac
core   0: 0x80009064 (0x410bd913) srai    s2, s7, 16
core   0: 3 0x80009064 (0x410bd913) x18 0x00000000
core   0: 0x80009068 (0x00000013) nop
core   0: 3 0x80009068 (0x00000013)
core   0: 0x8000906c (0x7e1db037) lui     zero, 0x7e1db
core   0: 3 0x8000906c (0x7e1db037)
core   0: 0x80009070 (0x7f0d8617) auipc   a2, 0x7f0d8
core   0: 3 0x80009070 (0x7f0d8617) x12 0xff0e1070
core   0: 0x80009074 (0x015465b3) or      a1, s0, s5
core   0: 3 0x80009074 (0x015465b3) x11 0xe3e32f6c
core   0: 0x80009078 (0x6168b717) auipc   a4, 0x6168b
core   0: 3 0x80009078 (0x6168b717) x14 0xe1694078
core   0: 0x8000907c (0x5dc07c97) auipc   s9, 0x5dc07
core   0: 3 0x8000907c (0x5dc07c97) x25 0xddc1007c
core   0: 0x80009080 (0x41d504b3) sub     s1, a0, t4
core   0: 3 0x80009080 (0x41d504b3) x 9 0x80015ce4
core   0: 0x80009084 (0x0169b433) sltu    s0, s3, s6
core   0: 3 0x80009084 (0x0169b433) x 8 0x00000000
core   0: 0x80009088 (0x9a99c713) xori    a4, s3, -1623
core   0: 3 0x80009088 (0x9a99c713) x14 0x7ffff9a9
core   0: 0x8000908c (0x00000013) nop
core   0: 3 0x8000908c (0x00000013)
core   0: 0x80009090 (0xe4a8b597) auipc   a1, 0xe4a8b
core   0: 3 0x80009090 (0xe4a8b597) x11 0x64a94090
core   0: 0x80009094 (0x44044d17) auipc   s10, 0x44044
core   0: 3 0x80009094 (0x44044d17) x26 0xc404d094
core   0: 0x80009098 (0x003c5e93) srli    t4, s8, 3
core   0: 3 0x80009098 (0x003c5e93) x29 0x1fffff58
core   0: 0x8000909c (0xe5574093) xori    ra, a4, -427
core   0: 3 0x8000909c (0xe5574093) x 1 0x800007fc
core   0: 0x800090a0 (0x01ec01b3) add     gp, s8, t5
core   0: 3 0x800090a0 (0x01ec01b3) x 3 0xfffffa86
core   0: 0x800090a4 (0x0033d793) srli    a5, t2, 3
core   0: 3 0x800090a4 (0x0033d793) x15 0x0c7c4621
core   0: 0x800090a8 (0x437de913) ori     s2, s11, 1079
core   0: 3 0x800090a8 (0x437de913) x18 0x00000437
core   0: 0x800090ac (0x400f0a33) sub     s4, t5, zero
core   0: 3 0x800090ac (0x400f0a33) x20 0xffffffc0
core   0: 0x800090b0 (0xc17b7337) lui     t1, 0xc17b7
core   0: 3 0x800090b0 (0xc17b7337) x 6 0xc17b7000
core   0: 0x800090b4 (0xc06cc293) xori    t0, s9, -1018
core   0: 3 0x800090b4 (0xc06cc293) x 5 0x223efc7a
core   0: 0x800090b8 (0x401c5713) srai    a4, s8, 1
core   0: 3 0x800090b8 (0x401c5713) x14 0xfffffd63
core   0: 0x800090bc (0x40b65313) srai    t1, a2, 11
core   0: 3 0x800090bc (0x40b65313) x 6 0xffffe1c2
core   0: 0x800090c0 (0x40cd5393) srai    t2, s10, 12
core   0: 3 0x800090c0 (0x40cd5393) x 7 0xfffc404d
core   0: 0x800090c4 (0x00774633) xor     a2, a4, t2
core   0: 3 0x800090c4 (0x00774633) x12 0x0003bd2e
core   0: 0x800090c8 (0x400b0b33) sub     s6, s6, zero
core   0: 3 0x800090c8 (0x400b0b33) x22 0x3051c000
core   0: 0x800090cc (0x00abb6b3) sltu    a3, s7, a0
core   0: 3 0x800090cc (0x00abb6b3) x13 0x00000001
core   0: 0x800090d0 (0x013dddb3) srl     s11, s11, s3
core   0: 3 0x800090d0 (0x013dddb3) x27 0x00000000
core   0: 0x800090d4 (0x00f84013) xori    zero, a6, 15
core   0: 3 0x800090d4 (0x00f84013)
core   0: 0x800090d8 (0x41af5893) srai    a7, t5, 26
core   0: 3 0x800090d8 (0x41af5893) x17 0xffffffff
core   0: 0x800090dc (0x41138033) sub     zero, t2, a7
core   0: 3 0x800090dc (0x41138033)
core   0: 0x800090e0 (0x83c27793) andi    a5, tp, -1988
core   0: 3 0x800090e0 (0x83c27793) x15 0x80011824
core   0: 0x800090e4 (0x1e160093) addi    ra, a2, 481
core   0: 3 0x800090e4 (0x1e160093) x 1 0x0003bf0f
core   0: 0x800090e8 (0x0006d033) srl     zero, a3, zero
core   0: 3 0x800090e8 (0x0006d033)
core   0: 0x800090ec (0xa910c617) auipc   a2, 0xa910c
core   0: 3 0x800090ec (0xa910c617) x12 0x291150ec
core   0: 0x800090f0 (0x0098de93) srli    t4, a7, 9
core   0: 3 0x800090f0 (0x0098de93) x29 0x007fffff
core   0: 0x800090f4 (0x00f99c33) sll     s8, s3, a5
core   0: 3 0x800090f4 (0x00f99c33) x24 0x00000000
core   0: 0x800090f8 (0x00b95193) srli    gp, s2, 11
core   0: 3 0x800090f8 (0x00b95193) x 3 0x00000000
core   0: 0x800090fc (0x780eb593) sltiu   a1, t4, 1920
core   0: 3 0x800090fc (0x780eb593) x11 0x00000000
core   0: 0x80009100 (0x6a178f13) addi    t5, a5, 1697
core   0: 3 0x80009100 (0x6a178f13) x30 0x80011ec5
core   0: 0x80009104 (0xe3c6ea93) ori     s5, a3, -452
core   0: 3 0x80009104 (0xe3c6ea93) x21 0xfffffe3d
core   0: 0x80009108 (0x2be6ee93) ori     t4, a3, 702
core   0: 3 0x80009108 (0x2be6ee93) x29 0x000002bf
core   0: 0x8000910c (0x016d35b3) sltu    a1, s10, s6
core   0: 3 0x8000910c (0x016d35b3) x11 0x00000000
core   0: 0x80009110 (0xd4c57a93) andi    s5, a0, -692
core   0: 3 0x80009110 (0xd4c57a93) x21 0x80015c44
core   0: 0x80009114 (0x415355b3) sra     a1, t1, s5
core   0: 3 0x80009114 (0x415355b3) x11 0xfffffe1c
core   0: 0x80009118 (0x6fbdc893) xori    a7, s11, 1787
core   0: 3 0x80009118 (0x6fbdc893) x17 0x000006fb
core   0: 0x8000911c (0x00489b93) slli    s7, a7, 4
core   0: 3 0x8000911c (0x00489b93) x23 0x00006fb0
core   0: 0x80009120 (0x81c52b93) slti    s7, a0, -2020
core   0: 3 0x80009120 (0x81c52b93) x23 0x00000001
core   0: 0x80009124 (0x00d264b3) or      s1, tp, a3
core   0: 3 0x80009124 (0x00d264b3) x 9 0x80011e65
core   0: 0x80009128 (0xad3e7797) auipc   a5, 0xad3e7
core   0: 3 0x80009128 (0xad3e7797) x15 0x2d3f0128
core   0: 0x8000912c (0x7e1ee013) ori     zero, t4, 2017
core   0: 3 0x8000912c (0x7e1ee013)
core   0: 0x80009130 (0x00e19913) slli    s2, gp, 14
core   0: 3 0x80009130 (0x00e19913) x18 0x00000000
core   0: 0x80009134 (0x007d1db3) sll     s11, s10, t2
core   0: 3 0x80009134 (0x007d1db3) x27 0x9a128000
core   0: 0x80009138 (0x001d9b13) slli    s6, s11, 1
core   0: 3 0x80009138 (0x001d9b13) x22 0x34250000
core   0: 0x8000913c (0x40350333) sub     t1, a0, gp
core   0: 3 0x8000913c (0x40350333) x 6 0x80015ce4
core   0: 0x80009140 (0xfda40693) addi    a3, s0, -38
core   0: 3 0x80009140 (0xfda40693) x13 0xffffffda
core   0: 0x80009144 (0x0026e733) or      a4, a3, sp
core   0: 3 0x80009144 (0x0026e733) x14 0xffffffda
core   0: 0x80009148 (0x01237033) and     zero, t1, s2
core   0: 3 0x80009148 (0x01237033)
core   0: 0x8000914c (0xbe0b8393) addi    t2, s7, -1056
core   0: 3 0x8000914c (0xbe0b8393) x 7 0xfffffbe1
core   0: 0x80009150 (0x92a4fd93) andi    s11, s1, -1750
core   0: 3 0x80009150 (0x92a4fd93) x27 0x80011820
core   0: 0x80009154 (0x00575113) srli    sp, a4, 5
core   0: 3 0x80009154 (0x00575113) x 2 0x07fffffe
core   0: 0x80009158 (0x46152a13) slti    s4, a0, 1121
core   0: 3 0x80009158 (0x46152a13) x20 0x00000001
core   0: 0x8000915c (0x004ddeb3) srl     t4, s11, tp
core   0: 3 0x8000915c (0x004ddeb3) x29 0x08001182
core   0: 0x80009160 (0xa01c0093) addi    ra, s8, -1535
core   0: 3 0x80009160 (0xa01c0093) x 1 0xfffffa01
core   0: 0x80009164 (0x00211c33) sll     s8, sp, sp
core   0: 3 0x80009164 (0x00211c33) x24 0x80000000
core   0: 0x80009168 (0x76f40793) addi    a5, s0, 1903
core   0: 3 0x80009168 (0x76f40793) x15 0x0000076f
core   0: 0x8000916c (0x41ecd2b3) sra     t0, s9, t5
core   0: 3 0x8000916c (0x41ecd2b3) x 5 0xfeee0803
core   0: 0x80009170 (0x41888033) sub     zero, a7, s8
core   0: 3 0x80009170 (0x41888033)
core   0: 0x80009174 (0x00313d33) sltu    s10, sp, gp
core   0: 3 0x80009174 (0x00313d33) x26 0x00000000
core   0: 0x80009178 (0xb5a39c17) auipc   s8, 0xb5a39
core   0: 3 0x80009178 (0xb5a39c17) x24 0x35a42178
core   0: 0x8000917c (0xbc083013) sltiu   zero, a6, -1088
core   0: 3 0x8000917c (0xbc083013)
core   0: 0x80009180 (0x0187d433) srl     s0, a5, s8
core   0: 3 0x80009180 (0x0187d433) x 8 0x00000000
core   0: 0x80009184 (0x00578fb7) lui     t6, 0x578
core   0: 3 0x80009184 (0x00578fb7) x31 0x00578000
core   0: 0x80009188 (0x40f9d413) srai    s0, s3, 15
core   0: 3 0x80009188 (0x40f9d413) x 8 0xffff0000
core   0: 0x8000918c (0x01f2fe33) and     t3, t0, t6
core   0: 3 0x8000918c (0x01f2fe33) x28 0x00460000
core   0: 0x80009190 (0x00219433) sll     s0, gp, sp
core   0: 3 0x80009190 (0x00219433) x 8 0x00000000
core   0: 0x80009194 (0x00e09833) sll     a6, ra, a4
core   0: 3 0x80009194 (0x00e09833) x16 0x04000000
core   0: 0x80009198 (0x7cad58b7) lui     a7, 0x7cad5
core   0: 3 0x80009198 (0x7cad58b7) x17 0x7cad5000
core   0: 0x8000919c (0x4448a1b7) lui     gp, 0x4448a
core   0: 3 0x8000919c (0x4448a1b7) x 3 0x4448a000
core   0: 0x800091a0 (0x001c1913) slli    s2, s8, 1
core   0: 3 0x800091a0 (0x001c1913) x18 0x6b4842f0
core   0: 0x800091a4 (0x973cef13) ori     t5, s9, -1677
core   0: 3 0x800091a4 (0x973cef13) x30 0xfffff97f
core   0: 0x800091a8 (0x00411a13) slli    s4, sp, 4
core   0: 3 0x800091a8 (0x00411a13) x20 0x7fffffe0
core   0: 0x800091ac (0xd875cf93) xori    t6, a1, -633
core   0: 3 0x800091ac (0xd875cf93) x31 0x0000039b
core   0: 0x800091b0 (0x01da0a33) add     s4, s4, t4
core   0: 3 0x800091b0 (0x01da0a33) x20 0x88001162
core   0: 0x800091b4 (0x01c07b33) and     s6, zero, t3
core   0: 3 0x800091b4 (0x01c07b33) x22 0x00000000
core   0: 0x800091b8 (0x00962433) slt     s0, a2, s1
core   0: 3 0x800091b8 (0x00962433) x 8 0x00000000
core   0: 0x800091bc (0x41868ab3) sub     s5, a3, s8
core   0: 3 0x800091bc (0x41868ab3) x21 0xca5bde62
core   0: 0x800091c0 (0xefeb7c93) andi    s9, s6, -258
core   0: 3 0x800091c0 (0xefeb7c93) x25 0x00000000
core   0: 0x800091c4 (0x01028133) add     sp, t0, a6
core   0: 3 0x800091c4 (0x01028133) x 2 0x02ee0803
core   0: 0x800091c8 (0x40b35493) srai    s1, t1, 11
core   0: 3 0x800091c8 (0x40b35493) x 9 0xfff0002b
core   0: 0x800091cc (0xee753013) sltiu   zero, a0, -281
core   0: 3 0x800091cc (0xee753013)
core   0: 0x800091d0 (0x403fdf33) sra     t5, t6, gp
core   0: 3 0x800091d0 (0x403fdf33) x30 0x0000039b
core   0: 0x800091d4 (0x8a37e893) ori     a7, a5, -1885
core   0: 3 0x800091d4 (0x8a37e893) x17 0xffffffef
core   0: 0x800091d8 (0x01ffdeb3) srl     t4, t6, t6
core   0: 3 0x800091d8 (0x01ffdeb3) x29 0x00000000
core   0: 0x800091dc (0x01389913) slli    s2, a7, 19
core   0: 3 0x800091dc (0x01389913) x18 0xff780000
core   0: 0x800091e0 (0xd2cd70b7) lui     ra, 0xd2cd7
core   0: 3 0x800091e0 (0xd2cd70b7) x 1 0xd2cd7000
core   0: 0x800091e4 (0x01579033) sll     zero, a5, s5
core   0: 3 0x800091e4 (0x01579033)
core   0: 0x800091e8 (0xc5b57617) auipc   a2, 0xc5b57
core   0: 3 0x800091e8 (0xc5b57617) x12 0x45b601e8
core   0: 0x800091ec (0x01dee933) or      s2, t4, t4
core   0: 3 0x800091ec (0x01dee933) x18 0x00000000
core   0: 0x800091f0 (0x01a733b3) sltu    t2, a4, s10
core   0: 3 0x800091f0 (0x01a733b3) x 7 0x00000000
core   0: 0x800091f4 (0x41995c33) sra     s8, s2, s9
core   0: 3 0x800091f4 (0x41995c33) x24 0x00000000
core   0: 0x800091f8 (0x01a35393) srli    t2, t1, 26
core   0: 3 0x800091f8 (0x01a35393) x 7 0x00000020
core   0: 0x800091fc (0x01965733) srl     a4, a2, s9
core   0: 3 0x800091fc (0x01965733) x14 0x45b601e8
core   0: 0x80009200 (0x41748033) sub     zero, s1, s7
core   0: 3 0x80009200 (0x41748033)
core   0: 0x80009204 (0x00b61133) sll     sp, a2, a1
core   0: 3 0x80009204 (0x00b61133) x 2 0x80000000
core   0: 0x80009208 (0x00a44d33) xor     s10, s0, a0
core   0: 3 0x80009208 (0x00a44d33) x26 0x80015ce4
core   0: 0x8000920c (0x01d74b33) xor     s6, a4, t4
core   0: 3 0x8000920c (0x01d74b33) x22 0x45b601e8
core   0: 0x80009210 (0x017c5713) srli    a4, s8, 23
core   0: 3 0x80009210 (0x017c5713) x14 0x00000000
core   0: 0x80009214 (0x7f95c893) xori    a7, a1, 2041
core   0: 3 0x80009214 (0x7f95c893) x17 0xfffff9e5
core   0: 0x80009218 (0x01eddd13) srli    s10, s11, 30
core   0: 3 0x80009218 (0x01eddd13) x26 0x00000002
core   0: 0x8000921c (0x01695c13) srli    s8, s2, 22
core   0: 3 0x8000921c (0x01695c13) x24 0x00000000
core   0: 0x80009220 (0x018adcb3) srl     s9, s5, s8
core   0: 3 0x80009220 (0x018adcb3) x25 0xca5bde62
core   0: 0x80009224 (0x00000013) nop
core   0: 3 0x80009224 (0x00000013)
core   0: 0x80009228 (0x007171b3) and     gp, sp, t2
core   0: 3 0x80009228 (0x007171b3) x 3 0x00000000
core   0: 0x8000922c (0x00b87a33) and     s4, a6, a1
core   0: 3 0x8000922c (0x00b87a33) x20 0x04000000
core   0: 0x80009230 (0x98672b13) slti    s6, a4, -1658
core   0: 3 0x80009230 (0x98672b13) x22 0x00000000
core   0: 0x80009234 (0x011c5d33) srl     s10, s8, a7
core   0: 3 0x80009234 (0x011c5d33) x26 0x00000000
core   0: 0x80009238 (0x7b41a493) slti    s1, gp, 1972
core   0: 3 0x80009238 (0x7b41a493) x 9 0x00000001
core   0: 0x8000923c (0x01c6d4b3) srl     s1, a3, t3
core   0: 3 0x8000923c (0x01c6d4b3) x 9 0xffffffda
core   0: 0x80009240 (0xf9b41d37) lui     s10, 0xf9b41
core   0: 3 0x80009240 (0xf9b41d37) x26 0xf9b41000
core   0: 0x80009244 (0x40765b13) srai    s6, a2, 7
core   0: 3 0x80009244 (0x40765b13) x22 0x008b6c03
core   0: 0x80009248 (0x6ad39737) lui     a4, 0x6ad39
core   0: 3 0x80009248 (0x6ad39737) x14 0x6ad39000
core   0: 0x8000924c (0x0039d593) srli    a1, s3, 3
core   0: 3 0x8000924c (0x0039d593) x11 0x10000000
core   0: 0x80009250 (0x00fc90b3) sll     ra, s9, a5
core   0: 3 0x80009250 (0x00fc90b3) x 1 0xef310000
core   0: 0x80009254 (0x019ce0b3) or      ra, s9, s9
core   0: 3 0x80009254 (0x019ce0b3) x 1 0xca5bde62
core   0: 0x80009258 (0x38f82a97) auipc   s5, 0x38f82
core   0: 3 0x80009258 (0x38f82a97) x21 0xb8f8b258
core   0: 0x8000925c (0x00ce1333) sll     t1, t3, a2
core   0: 3 0x8000925c (0x00ce1333) x 6 0x46000000
core   0: 0x80009260 (0x018c7133) and     sp, s8, s8
core   0: 3 0x80009260 (0x018c7133) x 2 0x00000000
core   0: 0x80009264 (0x002b32b3) sltu    t0, s6, sp
core   0: 3 0x80009264 (0x002b32b3) x 5 0x00000000
core   0: 0x80009268 (0x64a64613) xori    a2, a2, 1610
core   0: 3 0x80009268 (0x64a64613) x12 0x45b607a2
core   0: 0x8000926c (0x3a804a17) auipc   s4, 0x3a804
core   0: 3 0x8000926c (0x3a804a17) x20 0xba80d26c
core   0: 0x80009270 (0x00819713) slli    a4, gp, 8
core   0: 3 0x80009270 (0x00819713) x14 0x00000000
core   0: 0x80009274 (0xa694aa13) slti    s4, s1, -1431
core   0: 3 0x80009274 (0xa694aa13) x20 0x00000000
core   0: 0x80009278 (0x01d976b3) and     a3, s2, t4
core   0: 3 0x80009278 (0x01d976b3) x13 0x00000000
core   0: 0x8000927c (0x14e42893) slti    a7, s0, 334
core   0: 3 0x8000927c (0x14e42893) x17 0x00000001
core   0: 0x80009280 (0x01352fb3) slt     t6, a0, s3
core   0: 3 0x80009280 (0x01352fb3) x31 0x00000000
core   0: 0x80009284 (0x6f388a93) addi    s5, a7, 1779
core   0: 3 0x80009284 (0x6f388a93) x21 0x000006f4
core   0: 0x80009288 (0x6a25ad13) slti    s10, a1, 1698
core   0: 3 0x80009288 (0x6a25ad13) x26 0x00000000
core   0: 0x8000928c (0x0069ee33) or      t3, s3, t1
core   0: 3 0x8000928c (0x0069ee33) x28 0xc6000000
core   0: 0x80009290 (0x013c5933) srl     s2, s8, s3
core   0: 3 0x80009290 (0x013c5933) x18 0x00000000
core   0: 0x80009294 (0x41e30633) sub     a2, t1, t5
core   0: 3 0x80009294 (0x41e30633) x12 0x45fffc65
core   0: 0x80009298 (0x8e08a613) slti    a2, a7, -1824
core   0: 3 0x80009298 (0x8e08a613) x12 0x00000000
core   0: 0x8000929c (0xf98bf913) andi    s2, s7, -104
core   0: 3 0x8000929c (0xf98bf913) x18 0x00000000
core   0: 0x800092a0 (0x07e16c93) ori     s9, sp, 126
core   0: 3 0x800092a0 (0x07e16c93) x25 0x0000007e
core   0: 0x800092a4 (0x007d1033) sll     zero, s10, t2
core   0: 3 0x800092a4 (0x007d1033)
core   0: 0x800092a8 (0x00af58b3) srl     a7, t5, a0
core   0: 3 0x800092a8 (0x00af58b3) x17 0x00000039
core   0: 0x800092ac (0x41cb8633) sub     a2, s7, t3
core   0: 3 0x800092ac (0x41cb8633) x12 0x3a000001
core   0: 0x800092b0 (0x3eb02297) auipc   t0, 0x3eb02
core   0: 3 0x800092b0 (0x3eb02297) x 5 0xbeb0b2b0
core   0: 0x800092b4 (0x41e85893) srai    a7, a6, 30
core   0: 3 0x800092b4 (0x41e85893) x17 0x00000000
core   0: 0x800092b8 (0x43a82c17) auipc   s8, 0x43a82
core   0: 3 0x800092b8 (0x43a82c17) x24 0xc3a8b2b8
core   0: 0x800092bc (0x0134de13) srli    t3, s1, 19
core   0: 3 0x800092bc (0x0134de13) x28 0x00001fff
core   0: 0x800092c0 (0x0010b033) sltu    zero, ra, ra
core   0: 3 0x800092c0 (0x0010b033)
core   0: 0x800092c4 (0x01618033) add     zero, gp, s6
core   0: 3 0x800092c4 (0x01618033)
core   0: 0x800092c8 (0x01daaa33) slt     s4, s5, t4
core   0: 3 0x800092c8 (0x01daaa33) x20 0x00000000
core   0: 0x800092cc (0x009a2ab3) slt     s5, s4, s1
core   0: 3 0x800092cc (0x009a2ab3) x21 0x00000000
core   0: 0x800092d0 (0x61784137) lui     sp, 0x61784
core   0: 3 0x800092d0 (0x61784137) x 2 0x61784000
core   0: 0x800092d4 (0x40d50a33) sub     s4, a0, a3
core   0: 3 0x800092d4 (0x40d50a33) x20 0x80015ce4
core   0: 0x800092d8 (0x621cee13) ori     t3, s9, 1569
core   0: 3 0x800092d8 (0x621cee13) x28 0x0000067f
core   0: 0x800092dc (0x00000013) nop
core   0: 3 0x800092dc (0x00000013)
core   0: 0x800092e0 (0x4149deb3) sra     t4, s3, s4
core   0: 3 0x800092e0 (0x4149deb3) x29 0xf8000000
core   0: 0x800092e4 (0x7723be93) sltiu   t4, t2, 1906
core   0: 3 0x800092e4 (0x7723be93) x29 0x00000001
core   0: 0x800092e8 (0x0179d893) srli    a7, s3, 23
core   0: 3 0x800092e8 (0x0179d893) x17 0x00000100
core   0: 0x800092ec (0x00880bb3) add     s7, a6, s0
core   0: 3 0x800092ec (0x00880bb3) x23 0x04000000
core   0: 0x800092f0 (0x00be5f93) srli    t6, t3, 11
core   0: 3 0x800092f0 (0x00be5f93) x31 0x00000000
core   0: 0x800092f4 (0x01d070b3) and     ra, zero, t4
core   0: 3 0x800092f4 (0x01d070b3) x 1 0x00000000
core   0: 0x800092f8 (0x383e6613) ori     a2, t3, 899
core   0: 3 0x800092f8 (0x383e6613) x12 0x000007ff
core   0: 0x800092fc (0x183db493) sltiu   s1, s11, 387
core   0: 3 0x800092fc (0x183db493) x 9 0x00000000
core   0: 0x80009300 (0x413388b3) sub     a7, t2, s3
core   0: 3 0x80009300 (0x413388b3) x17 0x80000020
core   0: 0x80009304 (0x1107e693) ori     a3, a5, 272
core   0: 3 0x80009304 (0x1107e693) x13 0x0000077f
core   0: 0x80009308 (0x0179a733) slt     a4, s3, s7
core   0: 3 0x80009308 (0x0179a733) x14 0x00000001
core   0: 0x8000930c (0x8a818a93) addi    s5, gp, -1880
core   0: 3 0x8000930c (0x8a818a93) x21 0xfffff8a8
core   0: 0x80009310 (0x747f2e13) slti    t3, t5, 1863
core   0: 3 0x80009310 (0x747f2e13) x28 0x00000001
core   0: 0x80009314 (0x40c20fb3) sub     t6, tp, a2
core   0: 3 0x80009314 (0x40c20fb3) x31 0x80011665
core   0: 0x80009318 (0x67c5b013) sltiu   zero, a1, 1660
core   0: 3 0x80009318 (0x67c5b013)
core   0: 0x8000931c (0x017d1d13) slli    s10, s10, 23
core   0: 3 0x8000931c (0x017d1d13) x26 0x00000000
core   0: 0x80009320 (0x018e1d93) slli    s11, t3, 24
core   0: 3 0x80009320 (0x018e1d93) x27 0x01000000
core   0: 0x80009324 (0x0110bcb3) sltu    s9, ra, a7
core   0: 3 0x80009324 (0x0110bcb3) x25 0x00000001
core   0: 0x80009328 (0x00b49fb3) sll     t6, s1, a1
core   0: 3 0x80009328 (0x00b49fb3) x31 0x00000000
core   0: 0x8000932c (0x002441b3) xor     gp, s0, sp
core   0: 3 0x8000932c (0x002441b3) x 3 0x61784000
core   0: 0x80009330 (0x248b0637) lui     a2, 0x248b0
core   0: 3 0x80009330 (0x248b0637) x12 0x248b0000
core   0: 0x80009334 (0x005b5033) srl     zero, s6, t0
core   0: 3 0x80009334 (0x005b5033)
core   0: 0x80009338 (0x009246b3) xor     a3, tp, s1
core   0: 3 0x80009338 (0x009246b3) x13 0x80011e64
core   0: 0x8000933c (0x00468fb3) add     t6, a3, tp
core   0: 3 0x8000933c (0x00468fb3) x31 0x00023cc8
core   0: 0x80009340 (0x00000013) nop
core   0: 3 0x80009340 (0x00000013)
core   0: 0x80009344 (0xabf32937) lui     s2, 0xabf32
core   0: 3 0x80009344 (0xabf32937) x18 0xabf32000
core   0: 0x80009348 (0x0178f4b3) and     s1, a7, s7
core   0: 3 0x80009348 (0x0178f4b3) x 9 0x00000000
core   0: 0x8000934c (0x9965b613) sltiu   a2, a1, -1642
core   0: 3 0x8000934c (0x9965b613) x12 0x00000001
core   0: 0x80009350 (0x013aac33) slt     s8, s5, s3
core   0: 3 0x80009350 (0x013aac33) x24 0x00000000
core   0: 0x80009354 (0xab72bd97) auipc   s11, 0xab72b
core   0: 3 0x80009354 (0xab72bd97) x27 0x2b734354
core   0: 0x80009358 (0x417c8a33) sub     s4, s9, s7
core   0: 3 0x80009358 (0x417c8a33) x20 0xfc000001
core   0: 0x8000935c (0xec9c6593) ori     a1, s8, -311
core   0: 3 0x8000935c (0xec9c6593) x11 0xfffffec9
core   0: 0x80009360 (0xfd62e813) ori     a6, t0, -42
core   0: 3 0x80009360 (0xfd62e813) x16 0xfffffff6
core   0: 0x80009364 (0x00a72cb3) slt     s9, a4, a0
core   0: 3 0x80009364 (0x00a72cb3) x25 0x00000000
core   0: 0x80009368 (0xbbf87337) lui     t1, 0xbbf87
core   0: 3 0x80009368 (0xbbf87337) x 6 0xbbf87000
core   0: 0x8000936c (0xea4ab597) auipc   a1, 0xea4ab
core   0: 3 0x8000936c (0xea4ab597) x11 0x6a4b436c
core   0: 0x80009370 (0x0050cf33) xor     t5, ra, t0
core   0: 3 0x80009370 (0x0050cf33) x30 0xbeb0b2b0
core   0: 0x80009374 (0x00361c93) slli    s9, a2, 3
core   0: 3 0x80009374 (0x00361c93) x25 0x00000008
core   0: 0x80009378 (0x00000013) nop
core   0: 3 0x80009378 (0x00000013)
core   0: 0x8000937c (0x00000013) nop
core   0: 3 0x8000937c (0x00000013)
core   0: 0x80009380 (0x5fb44b93) xori    s7, s0, 1531
core   0: 3 0x80009380 (0x5fb44b93) x23 0x000005fb
core   0: 0x80009384 (0x00000013) nop
core   0: 3 0x80009384 (0x00000013)
core   0: 0x80009388 (0x5293e417) auipc   s0, 0x5293e
core   0: 3 0x80009388 (0x5293e417) x 8 0xd2947388
core   0: 0x8000938c (0x016f8fb3) add     t6, t6, s6
core   0: 3 0x8000938c (0x016f8fb3) x31 0x008da8cb
core   0: 0x80009390 (0xbfc9b913) sltiu   s2, s3, -1028
core   0: 3 0x80009390 (0xbfc9b913) x18 0x00000001
core   0: 0x80009394 (0x00000013) nop
core   0: 3 0x80009394 (0x00000013)
core   0: 0x80009398 (0x00000013) nop
core   0: 3 0x80009398 (0x00000013)
core   0: 0x8000939c (0x00f7c4b3) xor     s1, a5, a5
core   0: 3 0x8000939c (0x00f7c4b3) x 9 0x00000000
core   0: 0x800093a0 (0x5238ceb7) lui     t4, 0x5238c
core   0: 3 0x800093a0 (0x5238ceb7) x29 0x5238c000
core   0: 0x800093a4 (0x01be1613) slli    a2, t3, 27
core   0: 3 0x800093a4 (0x01be1613) x12 0x08000000
core   0: 0x800093a8 (0x40f85193) srai    gp, a6, 15
core   0: 3 0x800093a8 (0x40f85193) x 3 0xffffffff
core   0: 0x800093ac (0x01e60333) add     t1, a2, t5
core   0: 3 0x800093ac (0x01e60333) x 6 0xc6b0b2b0
core   0: 0x800093b0 (0x01609d13) slli    s10, ra, 22
core   0: 3 0x800093b0 (0x01609d13) x26 0x00000000
core   0: 0x800093b4 (0x017d9033) sll     zero, s11, s7
core   0: 3 0x800093b4 (0x017d9033)
core   0: 0x800093b8 (0x000b24b3) slt     s1, s6, zero
core   0: 3 0x800093b8 (0x000b24b3) x 9 0x00000000
core   0: 0x800093bc (0x00896db3) or      s11, s2, s0
core   0: 3 0x800093bc (0x00896db3) x27 0xd2947389
core   0: 0x800093c0 (0x01b452b3) srl     t0, s0, s11
core   0: 3 0x800093c0 (0x01b452b3) x 5 0x00694a39
core   0: 0x800093c4 (0x31be3313) sltiu   t1, t3, 795
core   0: 3 0x800093c4 (0x31be3313) x 6 0x00000001
core   0: 0x800093c8 (0x930b2297) auipc   t0, 0x930b2
core   0: 3 0x800093c8 (0x930b2297) x 5 0x130bb3c8
core   0: 0x800093cc (0xef587c13) andi    s8, a6, -267
core   0: 3 0x800093cc (0xef587c13) x24 0xfffffef4
core   0: 0x800093d0 (0x0118bab3) sltu    s5, a7, a7
core   0: 3 0x800093d0 (0x0118bab3) x21 0x00000000
core   0: 0x800093d4 (0x6d6cc7b7) lui     a5, 0x6d6cc
core   0: 3 0x800093d4 (0x6d6cc7b7) x15 0x6d6cc000
core   0: 0x800093d8 (0x012ac933) xor     s2, s5, s2
core   0: 3 0x800093d8 (0x012ac933) x18 0x00000001
core   0: 0x800093dc (0x00000013) nop
core   0: 3 0x800093dc (0x00000013)
core   0: 0x800093e0 (0x012975b3) and     a1, s2, s2
core   0: 3 0x800093e0 (0x012975b3) x11 0x00000001
core   0: 0x800093e4 (0x3977a493) slti    s1, a5, 919
core   0: 3 0x800093e4 (0x3977a493) x 9 0x00000000
core   0: 0x800093e8 (0x40f8d013) srai    zero, a7, 15
core   0: 3 0x800093e8 (0x40f8d013)
core   0: 0x800093ec (0x00d9dcb3) srl     s9, s3, a3
core   0: 3 0x800093ec (0x00d9dcb3) x25 0x08000000
core   0: 0x800093f0 (0xb6344013) xori    zero, s0, -1181
core   0: 3 0x800093f0 (0xb6344013)
core   0: 0x800093f4 (0x01a803b3) add     t2, a6, s10
core   0: 3 0x800093f4 (0x01a803b3) x 7 0xfffffff6
core   0: 0x800093f8 (0x00c022b3) slt     t0, zero, a2
core   0: 3 0x800093f8 (0x00c022b3) x 5 0x00000001
core   0: 0x800093fc (0x011cd693) srli    a3, s9, 17
core   0: 3 0x800093fc (0x011cd693) x13 0x00000400
core   0: 0x80009400 (0x002be4b3) or      s1, s7, sp
core   0: 3 0x80009400 (0x002be4b3) x 9 0x617845fb
core   0: 0x80009404 (0x01e81bb3) sll     s7, a6, t5
core   0: 3 0x80009404 (0x01e81bb3) x23 0xfff60000
core   0: 0x80009408 (0x98332417) auipc   s0, 0x98332
core   0: 3 0x80009408 (0x98332417) x 8 0x1833b408
core   0: 0x8000940c (0x01a39913) slli    s2, t2, 26
core   0: 3 0x8000940c (0x01a39913) x18 0xd8000000
core   0: 0x80009410 (0x0078f3b3) and     t2, a7, t2
core   0: 3 0x80009410 (0x0078f3b3) x 7 0x80000020
core   0: 0x80009414 (0x40905c93) srai    s9, zero, 9
core   0: 3 0x80009414 (0x40905c93) x25 0x00000000
core   0: 0x80009418 (0x41a75bb3) sra     s7, a4, s10
core   0: 3 0x80009418 (0x41a75bb3) x23 0x00000001
core   0: 0x8000941c (0xa97daf93) slti    t6, s11, -1385
core   0: 3 0x8000941c (0xa97daf93) x31 0x00000001
core   0: 0x80009420 (0x01e7f733) and     a4, a5, t5
core   0: 3 0x80009420 (0x01e7f733) x14 0x2c208000
core   0: 0x80009424 (0x01495c33) srl     s8, s2, s4
core   0: 3 0x80009424 (0x01495c33) x24 0x6c000000
core   0: 0x80009428 (0x195eae93) slti    t4, t4, 405
core   0: 3 0x80009428 (0x195eae93) x29 0x00000000
core   0: 0x8000942c (0x400c0a33) sub     s4, s8, zero
core   0: 3 0x8000942c (0x400c0a33) x20 0x6c000000
core   0: 0x80009430 (0x5b563c93) sltiu   s9, a2, 1461
core   0: 3 0x80009430 (0x5b563c93) x25 0x00000000
core   0: 0x80009434 (0xf74acf93) xori    t6, s5, -140
core   0: 3 0x80009434 (0xf74acf93) x31 0xffffff74
core   0: 0x80009438 (0x7d7be293) ori     t0, s7, 2007
core   0: 3 0x80009438 (0x7d7be293) x 5 0x000007d7
core   0: 0x8000943c (0x009c4b33) xor     s6, s8, s1
core   0: 3 0x8000943c (0x009c4b33) x22 0x0d7845fb
core   0: 0x80009440 (0x61e0c413) xori    s0, ra, 1566
core   0: 3 0x80009440 (0x61e0c413) x 8 0x0000061e
core   0: 0x80009444 (0x41608f33) sub     t5, ra, s6
core   0: 3 0x80009444 (0x41608f33) x30 0xf287ba05
core   0: 0x80009448 (0x01055693) srli    a3, a0, 16
core   0: 3 0x80009448 (0x01055693) x13 0x00008001
core   0: 0x8000944c (0x403d58b3) sra     a7, s10, gp
core   0: 3 0x8000944c (0x403d58b3) x17 0x00000000
core   0: 0x80009450 (0x0108a1b3) slt     gp, a7, a6
core   0: 3 0x80009450 (0x0108a1b3) x 3 0x00000000
core   0: 0x80009454 (0x016ff2b3) and     t0, t6, s6
core   0: 3 0x80009454 (0x016ff2b3) x 5 0x0d784570
core   0: 0x80009458 (0x411bdb93) srai    s7, s7, 17
core   0: 3 0x80009458 (0x411bdb93) x23 0x00000000
core   0: 0x8000945c (0x0146a8b3) slt     a7, a3, s4
core   0: 3 0x8000945c (0x0146a8b3) x17 0x00000001
core   0: 0x80009460 (0x407180b3) sub     ra, gp, t2
core   0: 3 0x80009460 (0x407180b3) x 1 0x7fffffe0
core   0: 0x80009464 (0x01b15093) srli    ra, sp, 27
core   0: 3 0x80009464 (0x01b15093) x 1 0x0000000c
core   0: 0x80009468 (0x00af75b3) and     a1, t5, a0
core   0: 3 0x80009468 (0x00af75b3) x11 0x80011804
core   0: 0x8000946c (0x01262933) slt     s2, a2, s2
core   0: 3 0x8000946c (0x01262933) x18 0x00000000
core   0: 0x80009470 (0x407250b3) sra     ra, tp, t2
core   0: 3 0x80009470 (0x407250b3) x 1 0x80011e64
core   0: 0x80009474 (0x00452ab3) slt     s5, a0, tp
core   0: 3 0x80009474 (0x00452ab3) x21 0x00000000
core   0: 0x80009478 (0x000118b3) sll     a7, sp, zero
core   0: 3 0x80009478 (0x000118b3) x17 0x61784000
core   0: 0x8000947c (0x005f2fb3) slt     t6, t5, t0
core   0: 3 0x8000947c (0x005f2fb3) x31 0x00000001
core   0: 0x80009480 (0x00c52933) slt     s2, a0, a2
core   0: 3 0x80009480 (0x00c52933) x18 0x00000001
core   0: 0x80009484 (0x00ec6a33) or      s4, s8, a4
core   0: 3 0x80009484 (0x00ec6a33) x20 0x6c208000
core   0: 0x80009488 (0x40f55013) srai    zero, a0, 15
core   0: 3 0x80009488 (0x40f55013)
core   0: 0x8000948c (0xcbd0e093) ori     ra, ra, -835
core   0: 3 0x8000948c (0xcbd0e093) x 1 0xfffffefd
core   0: 0x80009490 (0x40ab0333) sub     t1, s6, a0
core   0: 3 0x80009490 (0x40ab0333) x 6 0x8d76e917
core   0: 0x80009494 (0x01ac15b3) sll     a1, s8, s10
core   0: 3 0x80009494 (0x01ac15b3) x11 0x6c000000
core   0: 0x80009498 (0x01a271b3) and     gp, tp, s10
core   0: 3 0x80009498 (0x01a271b3) x 3 0x00000000
core   0: 0x8000949c (0x00a5d933) srl     s2, a1, a0
core   0: 3 0x8000949c (0x00a5d933) x18 0x06c00000
core   0: 0x800094a0 (0x005fa2b3) slt     t0, t6, t0
core   0: 3 0x800094a0 (0x005fa2b3) x 5 0x00000001
core   0: 0x800094a4 (0x01199e33) sll     t3, s3, a7
core   0: 3 0x800094a4 (0x01199e33) x28 0x80000000
core   0: 0x800094a8 (0xea8f4f93) xori    t6, t5, -344
core   0: 3 0x800094a8 (0xea8f4f93) x31 0x0d7844ad
core   0: 0x800094ac (0x41418933) sub     s2, gp, s4
core   0: 3 0x800094ac (0x41418933) x18 0x93df8000
core   0: 0x800094b0 (0x710327b7) lui     a5, 0x71032
core   0: 3 0x800094b0 (0x710327b7) x15 0x71032000
core   0: 0x800094b4 (0x0091de33) srl     t3, gp, s1
core   0: 3 0x800094b4 (0x0091de33) x28 0x00000000
core   0: 0x800094b8 (0x018bdc93) srli    s9, s7, 24
core   0: 3 0x800094b8 (0x018bdc93) x25 0x00000000
core   0: 0x800094bc (0x015f9593) slli    a1, t6, 21
core   0: 3 0x800094bc (0x015f9593) x11 0x95a00000
core   0: 0x800094c0 (0x88b18893) addi    a7, gp, -1909
core   0: 3 0x800094c0 (0x88b18893) x17 0xfffff88b
core   0: 0x800094c4 (0x01a6e7b3) or      a5, a3, s10
core   0: 3 0x800094c4 (0x01a6e7b3) x15 0x00008001
core   0: 0x800094c8 (0xdb7e0e93) addi    t4, t3, -585
core   0: 3 0x800094c8 (0xdb7e0e93) x29 0xfffffdb7
core   0: 0x800094cc (0x00cdd033) srl     zero, s11, a2
core   0: 3 0x800094cc (0x00cdd033)
core   0: 0x800094d0 (0x0059c933) xor     s2, s3, t0
core   0: 3 0x800094d0 (0x0059c933) x18 0x80000001
core   0: 0x800094d4 (0x080ba593) slti    a1, s7, 128
core   0: 3 0x800094d4 (0x080ba593) x11 0x00000001
core   0: 0x800094d8 (0x01ec4bb3) xor     s7, s8, t5
core   0: 3 0x800094d8 (0x01ec4bb3) x23 0x9e87ba05
core   0: 0x800094dc (0x01c15633) srl     a2, sp, t3
core   0: 3 0x800094dc (0x01c15633) x12 0x61784000
core   0: 0x800094e0 (0x0009d893) srli    a7, s3, 0
core   0: 3 0x800094e0 (0x0009d893) x17 0x80000000
core   0: 0x800094e4 (0xf7b33a93) sltiu   s5, t1, -133
core   0: 3 0x800094e4 (0xf7b33a93) x21 0x00000001
core   0: 0x800094e8 (0x01c1b633) sltu    a2, gp, t3
core   0: 3 0x800094e8 (0x01c1b633) x12 0x00000000
core   0: 0x800094ec (0x00a08ab3) add     s5, ra, a0
core   0: 3 0x800094ec (0x00a08ab3) x21 0x80015be1
core   0: 0x800094f0 (0x009704b3) add     s1, a4, s1
core   0: 3 0x800094f0 (0x009704b3) x 9 0x8d98c5fb
core   0: 0x800094f4 (0x31488413) addi    s0, a7, 788
core   0: 3 0x800094f4 (0x31488413) x 8 0x80000314
core   0: 0x800094f8 (0x00d7d013) srli    zero, a5, 13
core   0: 3 0x800094f8 (0x00d7d013)
core   0: 0x800094fc (0x00014a33) xor     s4, sp, zero
core   0: 3 0x800094fc (0x00014a33) x20 0x61784000
core   0: 0x80009500 (0x59748413) addi    s0, s1, 1431
core   0: 3 0x80009500 (0x59748413) x 8 0x8d98cb92
core   0: 0x80009504 (0x00fa6d33) or      s10, s4, a5
core   0: 3 0x80009504 (0x00fa6d33) x26 0x6178c001
core   0: 0x80009508 (0x01147333) and     t1, s0, a7
core   0: 3 0x80009508 (0x01147333) x 6 0x80000000
core   0: 0x8000950c (0x00ac5633) srl     a2, s8, a0
core   0: 3 0x8000950c (0x00ac5633) x12 0x06c00000
core   0: 0x80009510 (0x416b0ab3) sub     s5, s6, s6
core   0: 3 0x80009510 (0x416b0ab3) x21 0x00000000
core   0: 0x80009514 (0x00db10b3) sll     ra, s6, a3
core   0: 3 0x80009514 (0x00db10b3) x 1 0x1af08bf6
core   0: 0x80009518 (0x01589093) slli    ra, a7, 21
core   0: 3 0x80009518 (0x01589093) x 1 0x00000000
core   0: 0x8000951c (0x01411933) sll     s2, sp, s4
core   0: 3 0x8000951c (0x01411933) x18 0x61784000
core   0: 0x80009520 (0x0109e8b3) or      a7, s3, a6
core   0: 3 0x80009520 (0x0109e8b3) x17 0xfffffff6
core   0: 0x80009524 (0x011c5433) srl     s0, s8, a7
core   0: 3 0x80009524 (0x011c5433) x 8 0x000001b0
core   0: 0x80009528 (0x0048bcb3) sltu    s9, a7, tp
core   0: 3 0x80009528 (0x0048bcb3) x25 0x00000000
core   0: 0x8000952c (0x00af1e13) slli    t3, t5, 10
core   0: 3 0x8000952c (0x00af1e13) x28 0x1ee81400
core   0: 0x80009530 (0x000fc633) xor     a2, t6, zero
core   0: 3 0x80009530 (0x000fc633) x12 0x0d7844ad
core   0: 0x80009534 (0xad596f93) ori     t6, s2, -1323
core   0: 3 0x80009534 (0xad596f93) x31 0xfffffad5
core   0: 0x80009538 (0x412add33) sra     s10, s5, s2
core   0: 3 0x80009538 (0x412add33) x26 0x00000000
core   0: 0x8000953c (0x00000013) nop
core   0: 3 0x8000953c (0x00000013)
core   0: 0x80009540 (0x008777b3) and     a5, a4, s0
core   0: 3 0x80009540 (0x008777b3) x15 0x00000000
core   0: 0x80009544 (0x40890d33) sub     s10, s2, s0
core   0: 3 0x80009544 (0x40890d33) x26 0x61783e50
core   0: 0x80009548 (0xa7c0e313) ori     t1, ra, -1412
core   0: 3 0x80009548 (0xa7c0e313) x 6 0xfffffa7c
core   0: 0x8000954c (0xa7d6d737) lui     a4, 0xa7d6d
core   0: 3 0x8000954c (0xa7d6d737) x14 0xa7d6d000
core   0: 0x80009550 (0x0059a2b3) slt     t0, s3, t0
core   0: 3 0x80009550 (0x0059a2b3) x 5 0x00000001
core   0: 0x80009554 (0x287d3593) sltiu   a1, s10, 647
core   0: 3 0x80009554 (0x287d3593) x11 0x00000000
core   0: 0x80009558 (0x009a6c33) or      s8, s4, s1
core   0: 3 0x80009558 (0x009a6c33) x24 0xedf8c5fb
core   0: 0x8000955c (0x41e7d4b3) sra     s1, a5, t5
core   0: 3 0x8000955c (0x41e7d4b3) x 9 0x00000000
core   0: 0x80009560 (0x015ff633) and     a2, t6, s5
core   0: 3 0x80009560 (0x015ff633) x12 0x00000000
core   0: 0x80009564 (0x41e254b3) sra     s1, tp, t5
core   0: 3 0x80009564 (0x41e254b3) x 9 0xfc0008f3
core   0: 0x80009568 (0x84772413) slti    s0, a4, -1977
core   0: 3 0x80009568 (0x84772413) x 8 0x00000001
core   0: 0x8000956c (0x00ca8ab3) add     s5, s5, a2
core   0: 3 0x8000956c (0x00ca8ab3) x21 0x00000000
core   0: 0x80009570 (0x00eaa5b3) slt     a1, s5, a4
core   0: 3 0x80009570 (0x00eaa5b3) x11 0x00000000
core   0: 0x80009574 (0x005160b3) or      ra, sp, t0
core   0: 3 0x80009574 (0x005160b3) x 1 0x61784001
core   0: 0x80009578 (0x01b717b3) sll     a5, a4, s11
core   0: 3 0x80009578 (0x01b717b3) x15 0xada00000
core   0: 0x8000957c (0x00a33933) sltu    s2, t1, a0
core   0: 3 0x8000957c (0x00a33933) x18 0x00000000
core   0: 0x80009580 (0x1255ca13) xori    s4, a1, 293
core   0: 3 0x80009580 (0x1255ca13) x20 0x00000125
core   0: 0x80009584 (0xcc0ba413) slti    s0, s7, -832
core   0: 3 0x80009584 (0xcc0ba413) x 8 0x00000001
core   0: 0x80009588 (0x98720613) addi    a2, tp, -1657
core   0: 3 0x80009588 (0x98720613) x12 0x800117eb
core   0: 0x8000958c (0x005fa333) slt     t1, t6, t0
core   0: 3 0x8000958c (0x005fa333) x 6 0x00000001
core   0: 0x80009590 (0x0577b593) sltiu   a1, a5, 87
core   0: 3 0x80009590 (0x0577b593) x11 0x00000000
core   0: 0x80009594 (0x008a1b13) slli    s6, s4, 8
core   0: 3 0x80009594 (0x008a1b13) x22 0x00012500
core   0: 0x80009598 (0x4215b413) sltiu   s0, a1, 1057
core   0: 3 0x80009598 (0x4215b413) x 8 0x00000001
core   0: 0x8000959c (0x018c6433) or      s0, s8, s8
core   0: 3 0x8000959c (0x018c6433) x 8 0xedf8c5fb
core   0: 0x800095a0 (0x006f94b3) sll     s1, t6, t1
core   0: 3 0x800095a0 (0x006f94b3) x 9 0xfffff5aa
core   0: 0x800095a4 (0x01af0013) addi    zero, t5, 26
core   0: 3 0x800095a4 (0x01af0013)
core   0: 0x800095a8 (0x002b1033) sll     zero, s6, sp
core   0: 3 0x800095a8 (0x002b1033)
core   0: 0x800095ac (0xca7a0c13) addi    s8, s4, -857
core   0: 3 0x800095ac (0xca7a0c13) x24 0xfffffdcc
core   0: 0x800095b0 (0xef8a6593) ori     a1, s4, -264
core   0: 3 0x800095b0 (0xef8a6593) x11 0xfffffffd
core   0: 0x800095b4 (0x016c8833) add     a6, s9, s6
core   0: 3 0x800095b4 (0x016c8833) x16 0x00012500
core   0: 0x800095b8 (0xdbe12f13) slti    t5, sp, -578
core   0: 3 0x800095b8 (0xdbe12f13) x30 0x00000000
core   0: 0x800095bc (0x40605e93) srai    t4, zero, 6
core   0: 3 0x800095bc (0x40605e93) x29 0x00000000
core   0: 0x800095c0 (0x01ba18b3) sll     a7, s4, s11
core   0: 3 0x800095c0 (0x01ba18b3) x17 0x00024a00
core   0: 0x800095c4 (0x01167733) and     a4, a2, a7
core   0: 3 0x800095c4 (0x01167733) x14 0x00000200
core   0: 0x800095c8 (0x00939413) slli    s0, t2, 9
core   0: 3 0x800095c8 (0x00939413) x 8 0x00004000
core   0: 0x800095cc (0x6e797d93) andi    s11, s2, 1767
core   0: 3 0x800095cc (0x6e797d93) x27 0x00000000
core   0: 0x800095d0 (0x1bee6113) ori     sp, t3, 446
core   0: 3 0x800095d0 (0x1bee6113) x 2 0x1ee815be
core   0: 0x800095d4 (0x01d87633) and     a2, a6, t4
core   0: 3 0x800095d4 (0x01d87633) x12 0x00000000
core   0: 0x800095d8 (0x00000013) nop
core   0: 3 0x800095d8 (0x00000013)
core   0: 0x800095dc (0xada84113) xori    sp, a6, -1318
core   0: 3 0x800095dc (0xada84113) x 2 0xfffedfda
core   0: 0x800095e0 (0x013168b3) or      a7, sp, s3
core   0: 3 0x800095e0 (0x013168b3) x17 0xfffedfda
core   0: 0x800095e4 (0x018ff033) and     zero, t6, s8
core   0: 3 0x800095e4 (0x018ff033)
core   0: 0x800095e8 (0x716b3e13) sltiu   t3, s6, 1814
core   0: 3 0x800095e8 (0x716b3e13) x28 0x00000000
core   0: 0x800095ec (0x01ae8eb3) add     t4, t4, s10
core   0: 3 0x800095ec (0x01ae8eb3) x29 0x61783e50
core   0: 0x800095f0 (0x005b0333) add     t1, s6, t0
core   0: 3 0x800095f0 (0x005b0333) x 6 0x00012501
core   0: 0x800095f4 (0x014a7ab3) and     s5, s4, s4
core   0: 3 0x800095f4 (0x014a7ab3) x21 0x00000125
core   0: 0x800095f8 (0x018563b3) or      t2, a0, s8
core   0: 3 0x800095f8 (0x018563b3) x 7 0xfffffdec
core   0: 0x800095fc (0x00000013) nop
core   0: 3 0x800095fc (0x00000013)
core   0: 0x80009600 (0xd862afb7) lui     t6, 0xd862a
core   0: 3 0x80009600 (0xd862afb7) x31 0xd862a000
core   0: 0x80009604 (0x01cd9713) slli    a4, s11, 28
core   0: 3 0x80009604 (0x01cd9713) x14 0x00000000
core   0: 0x80009608 (0x1c5a2f93) slti    t6, s4, 453
core   0: 3 0x80009608 (0x1c5a2f93) x31 0x00000001
core   0: 0x8000960c (0x56a50313) addi    t1, a0, 1386
core   0: 3 0x8000960c (0x56a50313) x 6 0x8001624e
core   0: 0x80009610 (0x41bbda33) sra     s4, s7, s11
core   0: 3 0x80009610 (0x41bbda33) x20 0x9e87ba05
core   0: 0x80009614 (0x01499db3) sll     s11, s3, s4
core   0: 3 0x80009614 (0x01499db3) x27 0x00000000
core   0: 0x80009618 (0x018343b3) xor     t2, t1, s8
core   0: 3 0x80009618 (0x018343b3) x 7 0x7ffe9f82
core   0: 0x8000961c (0x41e80b33) sub     s6, a6, t5
core   0: 3 0x8000961c (0x41e80b33) x22 0x00012500
core   0: 0x80009620 (0x90ab3c13) sltiu   s8, s6, -1782
core   0: 3 0x80009620 (0x90ab3c13) x24 0x00000001
core   0: 0x80009624 (0x400f8cb3) sub     s9, t6, zero
core   0: 3 0x80009624 (0x400f8cb3) x25 0x00000001
core   0: 0x80009628 (0x00000013) nop
core   0: 3 0x80009628 (0x00000013)
core   0: 0x8000962c (0x012528b3) slt     a7, a0, s2
core   0: 3 0x8000962c (0x012528b3) x17 0x00000001
core   0: 0x80009630 (0xf4af6b93) ori     s7, t5, -182
core   0: 3 0x80009630 (0xf4af6b93) x23 0xffffff4a
core   0: 0x80009634 (0x416353b3) sra     t2, t1, s6
core   0: 3 0x80009634 (0x416353b3) x 7 0x8001624e
core   0: 0x80009638 (0x00ec5293) srli    t0, s8, 14
core   0: 3 0x80009638 (0x00ec5293) x 5 0x00000000
core   0: 0x8000963c (0x0040ad33) slt     s10, ra, tp
core   0: 3 0x8000963c (0x0040ad33) x26 0x00000000
core   0: 0x80009640 (0x40aed5b3) sra     a1, t4, a0
core   0: 3 0x80009640 (0x40aed5b3) x11 0x061783e5
core   0: 0x80009644 (0x00182133) slt     sp, a6, ra
core   0: 3 0x80009644 (0x00182133) x 2 0x00000001
core   0: 0x80009648 (0x00ade8b3) or      a7, s11, a0
core   0: 3 0x80009648 (0x00ade8b3) x17 0x80015ce4
core   0: 0x8000964c (0xc840a913) slti    s2, ra, -892
core   0: 3 0x8000964c (0xc840a913) x18 0x00000000
core   0: 0x80009650 (0xe8180d93) addi    s11, a6, -383
core   0: 3 0x80009650 (0xe8180d93) x27 0x00012381
core   0: 0x80009654 (0x011d3e33) sltu    t3, s10, a7
core   0: 3 0x80009654 (0x011d3e33) x28 0x00000001
core   0: 0x80009658 (0x01c5cab3) xor     s5, a1, t3
core   0: 3 0x80009658 (0x01c5cab3) x21 0x061783e4
core   0: 0x8000965c (0x6fcf8613) addi    a2, t6, 1788
core   0: 3 0x8000965c (0x6fcf8613) x12 0x000006fd
core   0: 0x80009660 (0x006df733) and     a4, s11, t1
core   0: 3 0x80009660 (0x006df733) x14 0x00012200
core   0: 0x80009664 (0x01f234b3) sltu    s1, tp, t6
core   0: 3 0x80009664 (0x01f234b3) x 9 0x00000000
core   0: 0x80009668 (0x01c9d113) srli    sp, s3, 28
core   0: 3 0x80009668 (0x01c9d113) x 2 0x00000008
core   0: 0x8000966c (0xe6e93193) sltiu   gp, s2, -402
core   0: 3 0x8000966c (0xe6e93193) x 3 0x00000001
core   0: 0x80009670 (0x0158f933) and     s2, a7, s5
core   0: 3 0x80009670 (0x0158f933) x18 0x000100e4
core   0: 0x80009674 (0xeb868713) addi    a4, a3, -328
core   0: 3 0x80009674 (0xeb868713) x14 0x00007eb9
core   0: 0x80009678 (0xba017593) andi    a1, sp, -1120
core   0: 3 0x80009678 (0xba017593) x11 0x00000000
core   0: 0x8000967c (0x00b85eb3) srl     t4, a6, a1
core   0: 3 0x8000967c (0x00b85eb3) x29 0x00012500
core   0: 0x80009680 (0x0eac7d13) andi    s10, s8, 234
core   0: 3 0x80009680 (0x0eac7d13) x26 0x00000000
core   0: 0x80009684 (0x60725397) auipc   t2, 0x60725
core   0: 3 0x80009684 (0x60725397) x 7 0xe072e684
core   0: 0x80009688 (0x01d6d393) srli    t2, a3, 29
core   0: 3 0x80009688 (0x01d6d393) x 7 0x00000000
core   0: 0x8000968c (0xa8564d13) xori    s10, a2, -1403
core   0: 3 0x8000968c (0xa8564d13) x26 0xfffffc78
core   0: 0x80009690 (0x01116733) or      a4, sp, a7
core   0: 3 0x80009690 (0x01116733) x14 0x80015cec
core   0: 0x80009694 (0x00000013) nop
core   0: 3 0x80009694 (0x00000013)
core   0: 0x80009698 (0x1286af93) slti    t6, a3, 296
core   0: 3 0x80009698 (0x1286af93) x31 0x00000000
core   0: 0x8000969c (0xa595e613) ori     a2, a1, -1447
core   0: 3 0x8000969c (0xa595e613) x12 0xfffffa59
core   0: 0x800096a0 (0xeeda3317) auipc   t1, 0xeeda3
core   0: 3 0x800096a0 (0xeeda3317) x 6 0x6edac6a0
core   0: 0x800096a4 (0x41f7de93) srai    t4, a5, 31
core   0: 3 0x800096a4 (0x41f7de93) x29 0xffffffff
core   0: 0x800096a8 (0x015bd093) srli    ra, s7, 21
core   0: 3 0x800096a8 (0x015bd093) x 1 0x000007ff
core   0: 0x800096ac (0x00b5c033) xor     zero, a1, a1
core   0: 3 0x800096ac (0x00b5c033)
core   0: 0x800096b0 (0x053bde97) auipc   t4, 0x53bd
core   0: 3 0x800096b0 (0x053bde97) x29 0x853c66b0
core   0: 0x800096b4 (0x0bdb7893) andi    a7, s6, 189
core   0: 3 0x800096b4 (0x0bdb7893) x17 0x00000000
core   0: 0x800096b8 (0x012a9293) slli    t0, s5, 18
core   0: 3 0x800096b8 (0x012a9293) x 5 0x0f900000
core   0: 0x800096bc (0x0163d613) srli    a2, t2, 22
core   0: 3 0x800096bc (0x0163d613) x12 0x00000000
core   0: 0x800096c0 (0x001e1e13) slli    t3, t3, 1
core   0: 3 0x800096c0 (0x001e1e13) x28 0x00000002
core   0: 0x800096c4 (0x004e04b3) add     s1, t3, tp
core   0: 3 0x800096c4 (0x004e04b3) x 9 0x80011e66
core   0: 0x800096c8 (0x17b72893) slti    a7, a4, 379
core   0: 3 0x800096c8 (0x17b72893) x17 0x00000001
core   0: 0x800096cc (0x00b742b3) xor     t0, a4, a1
core   0: 3 0x800096cc (0x00b742b3) x 5 0x80015cec
core   0: 0x800096d0 (0x00000013) nop
core   0: 3 0x800096d0 (0x00000013)
core   0: 0x800096d4 (0x63ec0693) addi    a3, s8, 1598
core   0: 3 0x800096d4 (0x63ec0693) x13 0x0000063f
core   0: 0x800096d8 (0x31403713) sltiu   a4, zero, 788
core   0: 3 0x800096d8 (0x31403713) x14 0x00000001
core   0: 0x800096dc (0xf0248417) auipc   s0, 0xf0248
core   0: 3 0x800096dc (0xf0248417) x 8 0x702516dc
core   0: 0x800096e0 (0x00000013) nop
core   0: 3 0x800096e0 (0x00000013)
core   0: 0x800096e4 (0x0143a7b3) slt     a5, t2, s4
core   0: 3 0x800096e4 (0x0143a7b3) x15 0x00000000
core   0: 0x800096e8 (0x008c7933) and     s2, s8, s0
core   0: 3 0x800096e8 (0x008c7933) x18 0x00000000
core   0: 0x800096ec (0x00d5d493) srli    s1, a1, 13
core   0: 3 0x800096ec (0x00d5d493) x 9 0x00000000
core   0: 0x800096f0 (0x010532b3) sltu    t0, a0, a6
core   0: 3 0x800096f0 (0x010532b3) x 5 0x00000000
core   0: 0x800096f4 (0x9e170913) addi    s2, a4, -1567
core   0: 3 0x800096f4 (0x9e170913) x18 0xfffff9e2
core   0: 0x800096f8 (0x00000013) nop
core   0: 3 0x800096f8 (0x00000013)
core   0: 0x800096fc (0x00129113) slli    sp, t0, 1
core   0: 3 0x800096fc (0x00129113) x 2 0x00000000
core   0: 0x80009700 (0x40445093) srai    ra, s0, 4
core   0: 3 0x80009700 (0x40445093) x 1 0x0702516d
core   0: 0x80009704 (0x0b2bd317) auipc   t1, 0xb2bd
core   0: 3 0x80009704 (0x0b2bd317) x 6 0x8b2c6704
core   0: 0x80009708 (0x01047433) and     s0, s0, a6
core   0: 3 0x80009708 (0x01047433) x 8 0x00010400
core   0: 0x8000970c (0x0036fa33) and     s4, a3, gp
core   0: 3 0x8000970c (0x0036fa33) x20 0x00000001
core   0: 0x80009710 (0x41a1dd13) srai    s10, gp, 26
core   0: 3 0x80009710 (0x41a1dd13) x26 0x00000000
core   0: 0x80009714 (0x90380093) addi    ra, a6, -1789
core   0: 3 0x80009714 (0x90380093) x 1 0x00011e03
core   0: 0x80009718 (0x002e7b33) and     s6, t3, sp
core   0: 3 0x80009718 (0x002e7b33) x22 0x00000000
core   0: 0x8000971c (0x4d3d3e13) sltiu   t3, s10, 1235
core   0: 3 0x8000971c (0x4d3d3e13) x28 0x00000001
core   0: 0x80009720 (0x610e3713) sltiu   a4, t3, 1552
core   0: 3 0x80009720 (0x610e3713) x14 0x00000001
core   0: 0x80009724 (0x00000013) nop
core   0: 3 0x80009724 (0x00000013)
core   0: 0x80009728 (0x409c5393) srai    t2, s8, 9
core   0: 3 0x80009728 (0x409c5393) x 7 0x00000000
core   0: 0x8000972c (0x01984c33) xor     s8, a6, s9
core   0: 3 0x8000972c (0x01984c33) x24 0x00012501
core   0: 0x80009730 (0x6f008a13) addi    s4, ra, 1776
core   0: 3 0x80009730 (0x6f008a13) x20 0x000124f3
core   0: 0x80009734 (0x400d5cb3) sra     s9, s10, zero
core   0: 3 0x80009734 (0x400d5cb3) x25 0x00000000
core   0: 0x80009738 (0x55863c97) auipc   s9, 0x55863
core   0: 3 0x80009738 (0x55863c97) x25 0xd586c738
core   0: 0x8000973c (0x3225a493) slti    s1, a1, 802
core   0: 3 0x8000973c (0x3225a493) x 9 0x00000001
core   0: 0x80009740 (0x0082fdb3) and     s11, t0, s0
core   0: 3 0x80009740 (0x0082fdb3) x27 0x00000000
core   0: 0x80009744 (0x41355b13) srai    s6, a0, 19
core   0: 3 0x80009744 (0x41355b13) x22 0xfffff000
core   0: 0x80009748 (0x04b30013) addi    zero, t1, 75
core   0: 3 0x80009748 (0x04b30013)
core   0: 0x8000974c (0x00000013) nop
core   0: 3 0x8000974c (0x00000013)
core   0: 0x80009750 (0x8eb2f413) andi    s0, t0, -1813
core   0: 3 0x80009750 (0x8eb2f413) x 8 0x00000000
core   0: 0x80009754 (0x13e0bf97) auipc   t6, 0x13e0b
core   0: 3 0x80009754 (0x13e0bf97) x31 0x93e14754
core   0: 0x80009758 (0x01ec1313) slli    t1, s8, 30
core   0: 3 0x80009758 (0x01ec1313) x 6 0x40000000
core   0: 0x8000975c (0x01aca5b3) slt     a1, s9, s10
core   0: 3 0x8000975c (0x01aca5b3) x11 0x00000001
core   0: 0x80009760 (0x80698093) addi    ra, s3, -2042
core   0: 3 0x80009760 (0x80698093) x 1 0x7ffff806
core   0: 0x80009764 (0x706f6493) ori     s1, t5, 1798
core   0: 3 0x80009764 (0x706f6493) x 9 0x00000706
core   0: 0x80009768 (0xc2112593) slti    a1, sp, -991
core   0: 3 0x80009768 (0xc2112593) x11 0x00000000
core   0: 0x8000976c (0x01f81633) sll     a2, a6, t6
core   0: 3 0x8000976c (0x01f81633) x12 0x50000000
core   0: 0x80009770 (0x00e9fab3) and     s5, s3, a4
core   0: 3 0x80009770 (0x00e9fab3) x21 0x00000000
core   0: 0x80009774 (0x67f34393) xori    t2, t1, 1663
core   0: 3 0x80009774 (0x67f34393) x 7 0x4000067f
core   0: 0x80009778 (0x64874093) xori    ra, a4, 1608
core   0: 3 0x80009778 (0x64874093) x 1 0x00000649
core   0: 0x8000977c (0x00b5b5b3) sltu    a1, a1, a1
core   0: 3 0x8000977c (0x00b5b5b3) x11 0x00000000
core   0: 0x80009780 (0x2ff26617) auipc   a2, 0x2ff26
core   0: 3 0x80009780 (0x2ff26617) x12 0xaff2f780
core   0: 0x80009784 (0xbb17ce13) xori    t3, a5, -1103
core   0: 3 0x80009784 (0xbb17ce13) x28 0xfffffbb1
core   0: 0x80009788 (0x28172913) slti    s2, a4, 641
core   0: 3 0x80009788 (0x28172913) x18 0x00000001
core   0: 0x8000978c (0x018ccdb3) xor     s11, s9, s8
core   0: 3 0x8000978c (0x018ccdb3) x27 0xd587e239
core   0: 0x80009790 (0x00000013) nop
core   0: 3 0x80009790 (0x00000013)
core   0: 0x80009794 (0x00306b33) or      s6, zero, gp
core   0: 3 0x80009794 (0x00306b33) x22 0x00000001
core   0: 0x80009798 (0xc63f9297) auipc   t0, 0xc63f9
core   0: 3 0x80009798 (0xc63f9297) x 5 0x46402798
core   0: 0x8000979c (0x00e5f2b3) and     t0, a1, a4
core   0: 3 0x8000979c (0x00e5f2b3) x 5 0x00000000
core   0: 0x800097a0 (0x6266cb93) xori    s7, a3, 1574
core   0: 3 0x800097a0 (0x6266cb93) x23 0x00000019
core   0: 0x800097a4 (0xbe43f713) andi    a4, t2, -1052
core   0: 3 0x800097a4 (0xbe43f713) x14 0x40000264
core   0: 0x800097a8 (0x00400eb3) add     t4, zero, tp
core   0: 3 0x800097a8 (0x00400eb3) x29 0x80011e64
core   0: 0x800097ac (0x01ebc333) xor     t1, s7, t5
core   0: 3 0x800097ac (0x01ebc333) x 6 0x00000019
core   0: 0x800097b0 (0x41b98d33) sub     s10, s3, s11
core   0: 3 0x800097b0 (0x41b98d33) x26 0xaa781dc7
core   0: 0x800097b4 (0x1d1d4293) xori    t0, s10, 465
core   0: 3 0x800097b4 (0x1d1d4293) x 5 0xaa781c16
core   0: 0x800097b8 (0xe4473f37) lui     t5, 0xe4473
core   0: 3 0x800097b8 (0xe4473f37) x30 0xe4473000
core   0: 0x800097bc (0x61486693) ori     a3, a6, 1556
core   0: 3 0x800097bc (0x61486693) x13 0x00012714
core   0: 0x800097c0 (0x01031cb3) sll     s9, t1, a6
core   0: 3 0x800097c0 (0x01031cb3) x25 0x00000019
core   0: 0x800097c4 (0x013cb6b3) sltu    a3, s9, s3
core   0: 3 0x800097c4 (0x013cb6b3) x13 0x00000001
core   0: 0x800097c8 (0x78f53ab7) lui     s5, 0x78f53
core   0: 3 0x800097c8 (0x78f53ab7) x21 0x78f53000
core   0: 0x800097cc (0x9edfbd93) sltiu   s11, t6, -1555
core   0: 3 0x800097cc (0x9edfbd93) x27 0x00000001
core   0: 0x800097d0 (0x0013d113) srli    sp, t2, 1
core   0: 3 0x800097d0 (0x0013d113) x 2 0x2000033f
core   0: 0x800097d4 (0x0141eeb3) or      t4, gp, s4
core   0: 3 0x800097d4 (0x0141eeb3) x29 0x000124f3
core   0: 0x800097d8 (0x00c093b3) sll     t2, ra, a2
core   0: 3 0x800097d8 (0x00c093b3) x 7 0x00000649
core   0: 0x800097dc (0x01c69a93) slli    s5, a3, 28
core   0: 3 0x800097dc (0x01c69a93) x21 0x10000000
core   0: 0x800097e0 (0xbeda4113) xori    sp, s4, -1043
core   0: 3 0x800097e0 (0xbeda4113) x 2 0xfffedf1e
core   0: 0x800097e4 (0x75bac593) xori    a1, s5, 1883
core   0: 3 0x800097e4 (0x75bac593) x11 0x1000075b
core   0: 0x800097e8 (0x00298bb3) add     s7, s3, sp
core   0: 3 0x800097e8 (0x00298bb3) x23 0x7ffedf1e
core   0: 0x800097ec (0x41a2dc13) srai    s8, t0, 26
core   0: 3 0x800097ec (0x41a2dc13) x24 0xffffffea
core   0: 0x800097f0 (0xefb2a6b7) lui     a3, 0xefb2a
core   0: 3 0x800097f0 (0xefb2a6b7) x13 0xefb2a000
core   0: 0x800097f4 (0x00bdc4b3) xor     s1, s11, a1
core   0: 3 0x800097f4 (0x00bdc4b3) x 9 0x1000075a
core   0: 0x800097f8 (0x00ea4733) xor     a4, s4, a4
core   0: 3 0x800097f8 (0x00ea4733) x14 0x40012697
core   0: 0x800097fc (0xdd133e37) lui     t3, 0xdd133
core   0: 3 0x800097fc (0xdd133e37) x28 0xdd133000
core   0: 0x80009800 (0x5effadb7) lui     s11, 0x5effa
core   0: 3 0x80009800 (0x5effadb7) x27 0x5effa000
core   0: 0x80009804 (0x01422833) slt     a6, tp, s4
core   0: 3 0x80009804 (0x01422833) x16 0x00000001
core   0: 0x80009808 (0x00966fb3) or      t6, a2, s1
core   0: 3 0x80009808 (0x00966fb3) x31 0xbff2f7da
core   0: 0x8000980c (0xaf0c3817) auipc   a6, 0xaf0c3
core   0: 3 0x8000980c (0xaf0c3817) x16 0x2f0cc80c
core   0: 0x80009810 (0xdbfb3293) sltiu   t0, s6, -577
core   0: 3 0x80009810 (0xdbfb3293) x 5 0x00000001
core   0: 0x80009814 (0xb4fa3013) sltiu   zero, s4, -1201
core   0: 3 0x80009814 (0xb4fa3013)
core   0: 0x80009818 (0xdc22ba17) auipc   s4, 0xdc22b
core   0: 3 0x80009818 (0xdc22ba17) x20 0x5c234818
core   0: 0x8000981c (0x65170c93) addi    s9, a4, 1617
core   0: 3 0x8000981c (0x65170c93) x25 0x40012ce8
core   0: 0x80009820 (0x90232f37) lui     t5, 0x90232
core   0: 3 0x80009820 (0x90232f37) x30 0x90232000
core   0: 0x80009824 (0xa9f86317) auipc   t1, 0xa9f86
core   0: 3 0x80009824 (0xa9f86317) x 6 0x29f8f824
core   0: 0x80009828 (0x0101d033) srl     zero, gp, a6
core   0: 3 0x80009828 (0x0101d033)
core   0: 0x8000982c (0x00b48c33) add     s8, s1, a1
core   0: 3 0x8000982c (0x00b48c33) x24 0x20000eb5
core   0: 0x80009830 (0x767cb097) auipc   ra, 0x767cb
core   0: 3 0x80009830 (0x767cb097) x 1 0xf67d4830
core   0: 0x80009834 (0x01cc1833) sll     a6, s8, t3
core   0: 3 0x80009834 (0x01cc1833) x16 0x20000eb5
core   0: 0x80009838 (0x0081aab3) slt     s5, gp, s0
core   0: 3 0x80009838 (0x0081aab3) x21 0x00000000
core   0: 0x8000983c (0x01d82a33) slt     s4, a6, t4
core   0: 3 0x8000983c (0x01d82a33) x20 0x00000000
core   0: 0x80009840 (0x010b3833) sltu    a6, s6, a6
core   0: 3 0x80009840 (0x010b3833) x16 0x00000001
core   0: 0x80009844 (0x016055b3) srl     a1, zero, s6
core   0: 3 0x80009844 (0x016055b3) x11 0x00000000
core   0: 0x80009848 (0xc8b18b97) auipc   s7, 0xc8b18
core   0: 3 0x80009848 (0xc8b18b97) x23 0x48b21848
core   0: 0x8000984c (0x017567b3) or      a5, a0, s7
core   0: 3 0x8000984c (0x017567b3) x15 0xc8b35cec
core   0: 0x80009850 (0x14486393) ori     t2, a6, 324
core   0: 3 0x80009850 (0x14486393) x 7 0x00000145
core   0: 0x80009854 (0x00fdadb3) slt     s11, s11, a5
core   0: 3 0x80009854 (0x00fdadb3) x27 0x00000000
core   0: 0x80009858 (0x00000013) nop
core   0: 3 0x80009858 (0x00000013)
core   0: 0x8000985c (0x417bddb3) sra     s11, s7, s7
core   0: 3 0x8000985c (0x417bddb3) x27 0x0048b218
core   0: 0x80009860 (0x00db5733) srl     a4, s6, a3
core   0: 3 0x80009860 (0x00db5733) x14 0x00000001
core   0: 0x80009864 (0x00fad633) srl     a2, s5, a5
core   0: 3 0x80009864 (0x00fad633) x12 0x00000000
core   0: 0x80009868 (0x0196dbb3) srl     s7, a3, s9
core   0: 3 0x80009868 (0x0196dbb3) x23 0x00efb2a0
core   0: 0x8000986c (0x0030fd33) and     s10, ra, gp
core   0: 3 0x8000986c (0x0030fd33) x26 0x00000000
core   0: 0x80009870 (0x410a08b3) sub     a7, s4, a6
core   0: 3 0x80009870 (0x410a08b3) x17 0xffffffff
core   0: 0x80009874 (0xa9e77013) andi    zero, a4, -1378
core   0: 3 0x80009874 (0xa9e77013)
core   0: 0x80009878 (0x41da8833) sub     a6, s5, t4
core   0: 3 0x80009878 (0x41da8833) x16 0xfffedb0d
core   0: 0x8000987c (0x2d1bed37) lui     s10, 0x2d1be
core   0: 3 0x8000987c (0x2d1bed37) x26 0x2d1be000
core   0: 0x80009880 (0x4b17dfb7) lui     t6, 0x4b17d
core   0: 3 0x80009880 (0x4b17dfb7) x31 0x4b17d000
core   0: 0x80009884 (0x41820db3) sub     s11, tp, s8
core   0: 3 0x80009884 (0x41820db3) x27 0x60010faf
core   0: 0x80009888 (0x01a41a33) sll     s4, s0, s10
core   0: 3 0x80009888 (0x01a41a33) x20 0x00000000
core   0: 0x8000988c (0x413cd793) srai    a5, s9, 19
core   0: 3 0x8000988c (0x413cd793) x15 0x00000800
core   0: 0x80009890 (0x404b0333) sub     t1, s6, tp
core   0: 3 0x80009890 (0x404b0333) x 6 0x7ffee19d
core   0: 0x80009894 (0xb64b7e13) andi    t3, s6, -1180
core   0: 3 0x80009894 (0xb64b7e13) x28 0x00000000
core   0: 0x80009898 (0x017227b3) slt     a5, tp, s7
core   0: 3 0x80009898 (0x017227b3) x15 0x00000001
core   0: 0x8000989c (0x019edf33) srl     t5, t4, s9
core   0: 3 0x8000989c (0x019edf33) x30 0x00000124
core   0: 0x800098a0 (0x0173e833) or      a6, t2, s7
core   0: 3 0x800098a0 (0x0173e833) x16 0x00efb3e5
core   0: 0x800098a4 (0x01109613) slli    a2, ra, 17
core   0: 3 0x800098a4 (0x01109613) x12 0x90600000
core   0: 0x800098a8 (0x01759c13) slli    s8, a1, 23
core   0: 3 0x800098a8 (0x01759c13) x24 0x00000000
core   0: 0x800098ac (0x013f0c33) add     s8, t5, s3
core   0: 3 0x800098ac (0x013f0c33) x24 0x80000124
core   0: 0x800098b0 (0x0150ffb3) and     t6, ra, s5
core   0: 3 0x800098b0 (0x0150ffb3) x31 0x00000000
core   0: 0x800098b4 (0x40da8e33) sub     t3, s5, a3
core   0: 3 0x800098b4 (0x40da8e33) x28 0x104d6000
core   0: 0x800098b8 (0x016fa833) slt     a6, t6, s6
core   0: 3 0x800098b8 (0x016fa833) x16 0x00000001
core   0: 0x800098bc (0x7fd80637) lui     a2, 0x7fd80
core   0: 3 0x800098bc (0x7fd80637) x12 0x7fd80000
core   0: 0x800098c0 (0x00000013) nop
core   0: 3 0x800098c0 (0x00000013)
core   0: 0x800098c4 (0xe1f66137) lui     sp, 0xe1f66
core   0: 3 0x800098c4 (0xe1f66137) x 2 0xe1f66000
core   0: 0x800098c8 (0x01860833) add     a6, a2, s8
core   0: 3 0x800098c8 (0x01860833) x16 0xffd80124
core   0: 0x800098cc (0x00e88d33) add     s10, a7, a4
core   0: 3 0x800098cc (0x00e88d33) x26 0x00000000
core   0: 0x800098d0 (0x1c56f693) andi    a3, a3, 453
core   0: 3 0x800098d0 (0x1c56f693) x13 0x00000000
core   0: 0x800098d4 (0x01424033) xor     zero, tp, s4
core   0: 3 0x800098d4 (0x01424033)
core   0: 0x800098d8 (0x00000013) nop
core   0: 3 0x800098d8 (0x00000013)
core   0: 0x800098dc (0x7fb9a293) slti    t0, s3, 2043
core   0: 3 0x800098dc (0x7fb9a293) x 5 0x00000001
core   0: 0x800098e0 (0x01ee1b13) slli    s6, t3, 30
core   0: 3 0x800098e0 (0x01ee1b13) x22 0x00000000
core   0: 0x800098e4 (0xe9e24613) xori    a2, tp, -354
core   0: 3 0x800098e4 (0xe9e24613) x12 0x7ffee0fa
core   0: 0x800098e8 (0xb2094637) lui     a2, 0xb2094
core   0: 3 0x800098e8 (0xb2094637) x12 0xb2094000
core   0: 0x800098ec (0x01711013) slli    zero, sp, 23
core   0: 3 0x800098ec (0x01711013)
core   0: 0x800098f0 (0x6abc8c93) addi    s9, s9, 1707
core   0: 3 0x800098f0 (0x6abc8c93) x25 0x40013393
core   0: 0x800098f4 (0x41715b93) srai    s7, sp, 23
core   0: 3 0x800098f4 (0x41715b93) x23 0xffffffc3
core   0: 0x800098f8 (0x414a5cb3) sra     s9, s4, s4
core   0: 3 0x800098f8 (0x414a5cb3) x25 0x00000000
core   0: 0x800098fc (0xf8ef3017) auipc   zero, 0xf8ef3
core   0: 3 0x800098fc (0xf8ef3017)
core   0: 0x80009900 (0xd2ef3813) sltiu   a6, t5, -722
core   0: 3 0x80009900 (0xd2ef3813) x16 0x00000001
core   0: 0x80009904 (0xebdaff93) andi    t6, s5, -323
core   0: 3 0x80009904 (0xebdaff93) x31 0x00000000
core   0: 0x80009908 (0x00000013) nop
core   0: 3 0x80009908 (0x00000013)
core   0: 0x8000990c (0x012eeeb3) or      t4, t4, s2
core   0: 3 0x8000990c (0x012eeeb3) x29 0x000124f3
core   0: 0x80009910 (0x01239d33) sll     s10, t2, s2
core   0: 3 0x80009910 (0x01239d33) x26 0x0000028a
core   0: 0x80009914 (0x852a8613) addi    a2, s5, -1966
core   0: 3 0x80009914 (0x852a8613) x12 0xfffff852
core   0: 0x80009918 (0x41165e33) sra     t3, a2, a7
core   0: 3 0x80009918 (0x41165e33) x28 0xffffffff
core   0: 0x8000991c (0x00000013) nop
core   0: 3 0x8000991c (0x00000013)
core   0: 0x80009920 (0x77dbf297) auipc   t0, 0x77dbf
core   0: 3 0x80009920 (0x77dbf297) x 5 0xf7dc8920
core   0: 0x80009924 (0x01eea7b3) slt     a5, t4, t5
core   0: 3 0x80009924 (0x01eea7b3) x15 0x00000000
core   0: 0x80009928 (0x01ae28b3) slt     a7, t3, s10
core   0: 3 0x80009928 (0x01ae28b3) x17 0x00000001
core   0: 0x8000992c (0x009bdd93) srli    s11, s7, 9
core   0: 3 0x8000992c (0x009bdd93) x27 0x007fffff
core   0: 0x80009930 (0x281b7813) andi    a6, s6, 641
core   0: 3 0x80009930 (0x281b7813) x16 0x00000000
core   0: 0x80009934 (0x41995393) srai    t2, s2, 25
core   0: 3 0x80009934 (0x41995393) x 7 0x00000000
core   0: 0x80009938 (0x1f837293) andi    t0, t1, 504
core   0: 3 0x80009938 (0x1f837293) x 5 0x00000198
core   0: 0x8000993c (0x00000013) nop
core   0: 3 0x8000993c (0x00000013)
core   0: 0x80009940 (0x00171e33) sll     t3, a4, ra
core   0: 3 0x80009940 (0x00171e33) x28 0x00010000
core   0: 0x80009944 (0x014b31b3) sltu    gp, s6, s4
core   0: 3 0x80009944 (0x014b31b3) x 3 0x00000000
core   0: 0x80009948 (0xfff00f93) li      t6, -1
core   0: 3 0x80009948 (0xfff00f93) x31 0xffffffff
core   0: 0x8000994c (0xfff00693) li      a3, -1
core   0: 3 0x8000994c (0xfff00693) x13 0xffffffff
core   0: 0x80009950 (0x6d339e37) lui     t3, 0x6d339
core   0: 3 0x80009950 (0x6d339e37) x28 0x6d339000
core   0: 0x80009954 (0x4e3e0e13) addi    t3, t3, 1251
core   0: 3 0x80009954 (0x4e3e0e13) x28 0x6d3394e3
core   0: 0x80009958 (0x00000793) li      a5, 0
core   0: 3 0x80009958 (0x00000793) x15 0x00000000
core   0: 0x8000995c (0xe4d0c4b7) lui     s1, 0xe4d0c
core   0: 3 0x8000995c (0xe4d0c4b7) x 9 0xe4d0c000
core   0: 0x80009960 (0x96548493) addi    s1, s1, -1691
core   0: 3 0x80009960 (0x96548493) x 9 0xe4d0b965
core   0: 0x80009964 (0xe283c837) lui     a6, 0xe283c
core   0: 3 0x80009964 (0xe283c837) x16 0xe283c000
core   0: 0x80009968 (0x71780813) addi    a6, a6, 1815
core   0: 3 0x80009968 (0x71780813) x16 0xe283c717
core   0: 0x8000996c (0x80000137) lui     sp, 0x80000
core   0: 3 0x8000996c (0x80000137) x 2 0x80000000
core   0: 0x80009970 (0xfff00893) li      a7, -1
core   0: 3 0x80009970 (0xfff00893) x17 0xffffffff
core   0: 0x80009974 (0x00000e93) li      t4, 0
core   0: 3 0x80009974 (0x00000e93) x29 0x00000000
core   0: 0x80009978 (0x800001b7) lui     gp, 0x80000
core   0: 3 0x80009978 (0x800001b7) x 3 0x80000000
core   0: 0x8000997c (0xd327aeb7) lui     t4, 0xd327a
core   0: 3 0x8000997c (0xd327aeb7) x29 0xd327a000
core   0: 0x80009980 (0xb3910793) addi    a5, sp, -1223
core   0: 3 0x80009980 (0xb3910793) x15 0x7ffffb39
core   0: 0x80009984 (0xd62d8eb7) lui     t4, 0xd62d8
core   0: 3 0x80009984 (0xd62d8eb7) x29 0xd62d8000
core   0: 0x80009988 (0xc39b4e97) auipc   t4, 0xc39b4
core   0: 3 0x80009988 (0xc39b4e97) x29 0x439bd988
core   0: 0x8000998c (0x89806fb7) lui     t6, 0x89806
core   0: 3 0x8000998c (0x89806fb7) x31 0x89806000
core   0: 0x80009990 (0x01d801b3) add     gp, a6, t4
core   0: 3 0x80009990 (0x01d801b3) x 3 0x261fa09f
core   0: 0x80009994 (0x03080f93) addi    t6, a6, 48
core   0: 3 0x80009994 (0x03080f93) x31 0xe283c747
core   0: 0x80009998 (0x403e04b3) sub     s1, t3, gp
core   0: 3 0x80009998 (0x403e04b3) x 9 0x4713f444
core   0: 0x8000999c (0x41fe81b3) sub     gp, t4, t6
core   0: 3 0x8000999c (0x41fe81b3) x 3 0x61181241
core   0: 0x800099a0 (0x41d186b3) sub     a3, gp, t4
core   0: 3 0x800099a0 (0x41d186b3) x13 0x1d7c38b9
core   0: 0x800099a4 (0x011e0fb3) add     t6, t3, a7
core   0: 3 0x800099a4 (0x011e0fb3) x31 0x6d3394e2
core   0: 0x800099a8 (0x410807b3) sub     a5, a6, a6
core   0: 3 0x800099a8 (0x410807b3) x15 0x00000000
core   0: 0x800099ac (0x00de0e33) add     t3, t3, a3
core   0: 3 0x800099ac (0x00de0e33) x28 0x8aafcd9c
core   0: 0x800099b0 (0x8838a817) auipc   a6, 0x8838a
core   0: 3 0x800099b0 (0x8838a817) x16 0x083939b0
core   0: 0x800099b4 (0x00000013) nop
core   0: 3 0x800099b4 (0x00000013)
core   0: 0x800099b8 (0x40f48eb3) sub     t4, s1, a5
core   0: 3 0x800099b8 (0x40f48eb3) x29 0x4713f444
core   0: 0x800099bc (0x010181b3) add     gp, gp, a6
core   0: 3 0x800099bc (0x010181b3) x 3 0x69514bf1
core   0: 0x800099c0 (0x00000013) nop
core   0: 3 0x800099c0 (0x00000013)
core   0: 0x800099c4 (0x108f8197) auipc   gp, 0x108f8
core   0: 3 0x800099c4 (0x108f8197) x 3 0x909019c4
core   0: 0x800099c8 (0x05b127b7) lui     a5, 0x5b12
core   0: 3 0x800099c8 (0x05b127b7) x15 0x05b12000
core   0: 0x800099cc (0x00d487b3) add     a5, s1, a3
core   0: 3 0x800099cc (0x00d487b3) x15 0x64902cfd
core   0: 0x800099d0 (0x410f8fb3) sub     t6, t6, a6
core   0: 3 0x800099d0 (0x410f8fb3) x31 0x64fa5b32
core   0: 0x800099d4 (0x0ff48193) addi    gp, s1, 255
core   0: 3 0x800099d4 (0x0ff48193) x 3 0x4713f543
core   0: 0x800099d8 (0x00000013) nop
core   0: 3 0x800099d8 (0x00000013)
core   0: 0x800099dc (0x225e0693) addi    a3, t3, 549
core   0: 3 0x800099dc (0x225e0693) x13 0x8aafcfc1
core   0: 0x800099e0 (0xf33e4697) auipc   a3, 0xf33e4
core   0: 3 0x800099e0 (0xf33e4697) x13 0x733ed9e0
core   0: 0x800099e4 (0x409f86b3) sub     a3, t6, s1
core   0: 3 0x800099e4 (0x409f86b3) x13 0x1de666ee
core   0: 0x800099e8 (0x40537697) auipc   a3, 0x40537
core   0: 3 0x800099e8 (0x40537697) x13 0xc05409e8
core   0: 0x800099ec (0x2c71ae37) lui     t3, 0x2c71a
core   0: 3 0x800099ec (0x2c71ae37) x28 0x2c71a000
core   0: 0x800099f0 (0x40d788b3) sub     a7, a5, a3
core   0: 3 0x800099f0 (0x40d788b3) x17 0xa43c2315
core   0: 0x800099f4 (0x00891733) sll     a4, s2, s0
core   0: 3 0x800099f4 (0x00891733) x14 0x00000001
core   0: 0x800099f8 (0x822f6d13) ori     s10, t5, -2014
core   0: 3 0x800099f8 (0x822f6d13) x26 0xfffff926
core   0: 0x800099fc (0x4142d613) srai    a2, t0, 20
core   0: 3 0x800099fc (0x4142d613) x12 0x00000000
core   0: 0x80009a00 (0x01830d33) add     s10, t1, s8
core   0: 3 0x80009a00 (0x01830d33) x26 0xfffee2c1
core   0: 0x80009a04 (0x0100fc33) and     s8, ra, a6
core   0: 3 0x80009a04 (0x0100fc33) x24 0x00390830
core   0: 0x80009a08 (0x00000013) nop
core   0: 3 0x80009a08 (0x00000013)
core   0: 0x80009a0c (0x00674fb3) xor     t6, a4, t1
core   0: 3 0x80009a0c (0x00674fb3) x31 0x7ffee19c
core   0: 0x80009a10 (0x36bcca93) xori    s5, s9, 875
core   0: 3 0x80009a10 (0x36bcca93) x21 0x0000036b
core   0: 0x80009a14 (0x4075dd93) srai    s11, a1, 7
core   0: 3 0x80009a14 (0x4075dd93) x27 0x00000000
core   0: 0x80009a18 (0x40a75c33) sra     s8, a4, a0
core   0: 3 0x80009a18 (0x40a75c33) x24 0x00000000
core   0: 0x80009a1c (0x019d1833) sll     a6, s10, s9
core   0: 3 0x80009a1c (0x019d1833) x16 0xfffee2c1
core   0: 0x80009a20 (0x94293f93) sltiu   t6, s2, -1726
core   0: 3 0x80009a20 (0x94293f93) x31 0x00000001
core   0: 0x80009a24 (0xf9bcb293) sltiu   t0, s9, -101
core   0: 3 0x80009a24 (0xf9bcb293) x 5 0x00000001
core   0: 0x80009a28 (0x01639813) slli    a6, t2, 22
core   0: 3 0x80009a28 (0x01639813) x16 0x00000000
core   0: 0x80009a2c (0x01da9b13) slli    s6, s5, 29
core   0: 3 0x80009a2c (0x01da9b13) x22 0x60000000
core   0: 0x80009a30 (0x00ac2033) slt     zero, s8, a0
core   0: 3 0x80009a30 (0x00ac2033)
core   0: 0x80009a34 (0x411a5bb3) sra     s7, s4, a7
core   0: 3 0x80009a34 (0x411a5bb3) x23 0x00000000
core   0: 0x80009a38 (0x3f7af897) auipc   a7, 0x3f7af
core   0: 3 0x80009a38 (0x3f7af897) x17 0xbf7b8a38
core   0: 0x80009a3c (0x01998ab3) add     s5, s3, s9
core   0: 3 0x80009a3c (0x01998ab3) x21 0x80000000
core   0: 0x80009a40 (0xd8b9b013) sltiu   zero, s3, -629
core   0: 3 0x80009a40 (0xd8b9b013)
core   0: 0x80009a44 (0x00a57e33) and     t3, a0, a0
core   0: 3 0x80009a44 (0x00a57e33) x28 0x80015ce4
core   0: 0x80009a48 (0x404c5c33) sra     s8, s8, tp
core   0: 3 0x80009a48 (0x404c5c33) x24 0x00000000
core   0: 0x80009a4c (0x89050a13) addi    s4, a0, -1904
core   0: 3 0x80009a4c (0x89050a13) x20 0x80015574
core   0: 0x80009a50 (0x01d9b733) sltu    a4, s3, t4
core   0: 3 0x80009a50 (0x01d9b733) x14 0x00000000
core   0: 0x80009a54 (0x99dfc097) auipc   ra, 0x99dfc
core   0: 3 0x80009a54 (0x99dfc097) x 1 0x19e05a54
core   0: 0x80009a58 (0xcf5b6613) ori     a2, s6, -779
core   0: 3 0x80009a58 (0xcf5b6613) x12 0xfffffcf5
core   0: 0x80009a5c (0x84dfac93) slti    s9, t6, -1971
core   0: 3 0x80009a5c (0x84dfac93) x25 0x00000000
core   0: 0x80009a60 (0x00000013) nop
core   0: 3 0x80009a60 (0x00000013)
core   0: 0x80009a64 (0x014e5493) srli    s1, t3, 20
core   0: 3 0x80009a64 (0x014e5493) x 9 0x00000800
core   0: 0x80009a68 (0xf40b0693) addi    a3, s6, -192
core   0: 3 0x80009a68 (0xf40b0693) x13 0x5fffff40
core   0: 0x80009a6c (0x01ee77b3) and     a5, t3, t5
core   0: 3 0x80009a6c (0x01ee77b3) x15 0x00000024
core   0: 0x80009a70 (0x014fd933) srl     s2, t6, s4
core   0: 3 0x80009a70 (0x014fd933) x18 0x00000000
core   0: 0x80009a74 (0x006413b3) sll     t2, s0, t1
core   0: 3 0x80009a74 (0x006413b3) x 7 0x00000000
core   0: 0x80009a78 (0x984b2f97) auipc   t6, 0x984b2
core   0: 3 0x80009a78 (0x984b2f97) x31 0x184bba78
core   0: 0x80009a7c (0x014c8bb3) add     s7, s9, s4
core   0: 3 0x80009a7c (0x014c8bb3) x23 0x80015574
core   0: 0x80009a80 (0x4a2e3913) sltiu   s2, t3, 1186
core   0: 3 0x80009a80 (0x4a2e3913) x18 0x00000000
core   0: 0x80009a84 (0x00fabdb3) sltu    s11, s5, a5
core   0: 3 0x80009a84 (0x00fabdb3) x27 0x00000000
core   0: 0x80009a88 (0x00dfe4b3) or      s1, t6, a3
core   0: 3 0x80009a88 (0x00dfe4b3) x 9 0x5fffff78
core   0: 0x80009a8c (0x21bfe293) ori     t0, t6, 539
core   0: 3 0x80009a8c (0x21bfe293) x 5 0x184bba7b
core   0: 0x80009a90 (0x2b9df493) andi    s1, s11, 697
core   0: 3 0x80009a90 (0x2b9df493) x 9 0x00000000
core   0: 0x80009a94 (0xb77b4693) xori    a3, s6, -1161
core   0: 3 0x80009a94 (0xb77b4693) x13 0x9ffffb77
core   0: 0x80009a98 (0x017434b3) sltu    s1, s0, s7
core   0: 3 0x80009a98 (0x017434b3) x 9 0x00000001
core   0: 0x80009a9c (0x011c2933) slt     s2, s8, a7
core   0: 3 0x80009a9c (0x011c2933) x18 0x00000000
core   0: 0x80009aa0 (0x3900f013) andi    zero, ra, 912
core   0: 3 0x80009aa0 (0x3900f013)
core   0: 0x80009aa4 (0x01213c33) sltu    s8, sp, s2
core   0: 3 0x80009aa4 (0x01213c33) x24 0x00000000
core   0: 0x80009aa8 (0xf93ab113) sltiu   sp, s5, -109
core   0: 3 0x80009aa8 (0xf93ab113) x 2 0x00000001
core   0: 0x80009aac (0x24173893) sltiu   a7, a4, 577
core   0: 3 0x80009aac (0x24173893) x17 0x00000001
core   0: 0x80009ab0 (0x01e156b3) srl     a3, sp, t5
core   0: 3 0x80009ab0 (0x01e156b3) x13 0x00000000
core   0: 0x80009ab4 (0x0831f413) andi    s0, gp, 131
core   0: 3 0x80009ab4 (0x0831f413) x 8 0x00000003
core   0: 0x80009ab8 (0x68468d93) addi    s11, a3, 1668
core   0: 3 0x80009ab8 (0x68468d93) x27 0x00000684
core   0: 0x80009abc (0x4077dab3) sra     s5, a5, t2
core   0: 3 0x80009abc (0x4077dab3) x21 0x00000024
core   0: 0x80009ac0 (0x01a40833) add     a6, s0, s10
core   0: 3 0x80009ac0 (0x01a40833) x16 0xfffee2c4
core   0: 0x80009ac4 (0x406c5113) srai    sp, s8, 6
core   0: 3 0x80009ac4 (0x406c5113) x 2 0x00000000
core   0: 0x80009ac8 (0xfc6f2313) slti    t1, t5, -58
core   0: 3 0x80009ac8 (0xfc6f2313) x 6 0x00000000
core   0: 0x80009acc (0x0153bcb3) sltu    s9, t2, s5
core   0: 3 0x80009acc (0x0153bcb3) x25 0x00000001
core   0: 0x80009ad0 (0x16552393) slti    t2, a0, 357
core   0: 3 0x80009ad0 (0x16552393) x 7 0x00000001
core   0: 0x80009ad4 (0x015812b3) sll     t0, a6, s5
core   0: 3 0x80009ad4 (0x015812b3) x 5 0xffee2c40
core   0: 0x80009ad8 (0x0193d3b3) srl     t2, t2, s9
core   0: 3 0x80009ad8 (0x0193d3b3) x 7 0x00000000
core   0: 0x80009adc (0x40c358b3) sra     a7, t1, a2
core   0: 3 0x80009adc (0x40c358b3) x17 0x00000000
core   0: 0x80009ae0 (0x00669cb3) sll     s9, a3, t1
core   0: 3 0x80009ae0 (0x00669cb3) x25 0x00000000
core   0: 0x80009ae4 (0x4973b313) sltiu   t1, t2, 1175
core   0: 3 0x80009ae4 (0x4973b313) x 6 0x00000001
core   0: 0x80009ae8 (0x92172313) slti    t1, a4, -1759
core   0: 3 0x80009ae8 (0x92172313) x 6 0x00000000
core   0: 0x80009aec (0x00070833) add     a6, a4, zero
core   0: 3 0x80009aec (0x00070833) x16 0x00000000
core   0: 0x80009af0 (0x4190da93) srai    s5, ra, 25
core   0: 3 0x80009af0 (0x4190da93) x21 0x0000000c
core   0: 0x80009af4 (0x012a1793) slli    a5, s4, 18
core   0: 3 0x80009af4 (0x012a1793) x15 0x55d00000
core   0: 0x80009af8 (0x0131ba33) sltu    s4, gp, s3
core   0: 3 0x80009af8 (0x0131ba33) x20 0x00000001
core   0: 0x80009afc (0x6183e393) ori     t2, t2, 1560
core   0: 3 0x80009afc (0x6183e393) x 7 0x00000618
core   0: 0x80009b00 (0xcefcaeb7) lui     t4, 0xcefca
core   0: 3 0x80009b00 (0xcefcaeb7) x29 0xcefca000
core   0: 0x80009b04 (0x0029d793) srli    a5, s3, 2
core   0: 3 0x80009b04 (0x0029d793) x15 0x20000000
core   0: 0x80009b08 (0x00000013) nop
core   0: 3 0x80009b08 (0x00000013)
core   0: 0x80009b0c (0x01449193) slli    gp, s1, 20
core   0: 3 0x80009b0c (0x01449193) x 3 0x00100000
core   0: 0x80009b10 (0x41a2d3b3) sra     t2, t0, s10
core   0: 3 0x80009b10 (0x41a2d3b3) x 7 0xfff71620
core   0: 0x80009b14 (0x01ae5693) srli    a3, t3, 26
core   0: 3 0x80009b14 (0x01ae5693) x13 0x00000020
core   0: 0x80009b18 (0x00000013) nop
core   0: 3 0x80009b18 (0x00000013)
core   0: 0x80009b1c (0x0030a033) slt     zero, ra, gp
core   0: 3 0x80009b1c (0x0030a033)
core   0: 0x80009b20 (0x01a49d33) sll     s10, s1, s10
core   0: 3 0x80009b20 (0x01a49d33) x26 0x00000002
core   0: 0x80009b24 (0xab702693) slti    a3, zero, -1353
core   0: 3 0x80009b24 (0xab702693) x13 0x00000000
core   0: 0x80009b28 (0x01ce6eb3) or      t4, t3, t3
core   0: 3 0x80009b28 (0x01ce6eb3) x29 0x80015ce4
core   0: 0x80009b2c (0x3f513313) sltiu   t1, sp, 1013
core   0: 3 0x80009b2c (0x3f513313) x 6 0x00000001
core   0: 0x80009b30 (0x403e8b33) sub     s6, t4, gp
core   0: 3 0x80009b30 (0x403e8b33) x22 0x7ff15ce4
core   0: 0x80009b34 (0x01c69293) slli    t0, a3, 28
core   0: 3 0x80009b34 (0x01c69293) x 5 0x00000000
core   0: 0x80009b38 (0x99307d13) andi    s10, zero, -1645
core   0: 3 0x80009b38 (0x99307d13) x26 0x00000000
core   0: 0x80009b3c (0x01f21cb3) sll     s9, tp, t6
core   0: 3 0x80009b3c (0x01f21cb3) x25 0x64000000
core   0: 0x80009b40 (0x000e74b3) and     s1, t3, zero
core   0: 3 0x80009b40 (0x000e74b3) x 9 0x00000000
core   0: 0x80009b44 (0x01b4b033) sltu    zero, s1, s11
core   0: 3 0x80009b44 (0x01b4b033)
core   0: 0x80009b48 (0xac172b37) lui     s6, 0xac172
core   0: 3 0x80009b48 (0xac172b37) x22 0xac172000
core   0: 0x80009b4c (0x019b2633) slt     a2, s6, s9
core   0: 3 0x80009b4c (0x019b2633) x12 0x00000001
core   0: 0x80009b50 (0x008bb6b3) sltu    a3, s7, s0
core   0: 3 0x80009b50 (0x008bb6b3) x13 0x00000000
core   0: 0x80009b54 (0x0142ccb3) xor     s9, t0, s4
core   0: 3 0x80009b54 (0x0142ccb3) x25 0x00000001
core   0: 0x80009b58 (0xf70aa713) slti    a4, s5, -144
core   0: 3 0x80009b58 (0xf70aa713) x14 0x00000000
core   0: 0x80009b5c (0x24e1b793) sltiu   a5, gp, 590
core   0: 3 0x80009b5c (0x24e1b793) x15 0x00000000
core   0: 0x80009b60 (0x00000013) nop
core   0: 3 0x80009b60 (0x00000013)
core   0: 0x80009b64 (0x40130cb3) sub     s9, t1, ra
core   0: 3 0x80009b64 (0x40130cb3) x25 0xe61fa5ad
core   0: 0x80009b68 (0xa4b7bc93) sltiu   s9, a5, -1461
core   0: 3 0x80009b68 (0xa4b7bc93) x25 0x00000001
core   0: 0x80009b6c (0x41a58bb3) sub     s7, a1, s10
core   0: 3 0x80009b6c (0x41a58bb3) x23 0x00000000
core   0: 0x80009b70 (0x41815d13) srai    s10, sp, 24
core   0: 3 0x80009b70 (0x41815d13) x26 0x00000000
core   0: 0x80009b74 (0x006f1ab3) sll     s5, t5, t1
core   0: 3 0x80009b74 (0x006f1ab3) x21 0x00000248
core   0: 0x80009b78 (0xb864b917) auipc   s2, 0xb864b
core   0: 3 0x80009b78 (0xb864b917) x18 0x38654b78
core   0: 0x80009b7c (0x00de5a33) srl     s4, t3, a3
core   0: 3 0x80009b7c (0x00de5a33) x20 0x80015ce4
core   0: 0x80009b80 (0x00000013) nop
core   0: 3 0x80009b80 (0x00000013)
core   0: 0x80009b84 (0x01e59133) sll     sp, a1, t5
core   0: 3 0x80009b84 (0x01e59133) x 2 0x00000000
core   0: 0x80009b88 (0x406c0a33) sub     s4, s8, t1
core   0: 3 0x80009b88 (0x406c0a33) x20 0xffffffff
core   0: 0x80009b8c (0x005b2333) slt     t1, s6, t0
core   0: 3 0x80009b8c (0x005b2333) x 6 0x00000001
core   0: 0x80009b90 (0xe0263717) auipc   a4, 0xe0263
core   0: 3 0x80009b90 (0xe0263717) x14 0x6026cb90
core   0: 0x80009b94 (0x25295ab7) lui     s5, 0x25295
core   0: 3 0x80009b94 (0x25295ab7) x21 0x25295000
core   0: 0x80009b98 (0x01e89693) slli    a3, a7, 30
core   0: 3 0x80009b98 (0x01e89693) x13 0x00000000
core   0: 0x80009b9c (0x010e04b3) add     s1, t3, a6
core   0: 3 0x80009b9c (0x010e04b3) x 9 0x80015ce4
core   0: 0x80009ba0 (0x0005df13) srli    t5, a1, 0
core   0: 3 0x80009ba0 (0x0005df13) x30 0x00000000
core   0: 0x80009ba4 (0x376a8313) addi    t1, s5, 886
core   0: 3 0x80009ba4 (0x376a8313) x 6 0x25295376
core   0: 0x80009ba8 (0x95e90613) addi    a2, s2, -1698
core   0: 3 0x80009ba8 (0x95e90613) x12 0x386544d6
core   0: 0x80009bac (0x31db2593) slti    a1, s6, 797
core   0: 3 0x80009bac (0x31db2593) x11 0x00000001
core   0: 0x80009bb0 (0x01c1bc33) sltu    s8, gp, t3
core   0: 3 0x80009bb0 (0x01c1bc33) x24 0x00000001
core   0: 0x80009bb4 (0x00000013) nop
core   0: 3 0x80009bb4 (0x00000013)
core   0: 0x80009bb8 (0x010a0d33) add     s10, s4, a6
core   0: 3 0x80009bb8 (0x010a0d33) x26 0xffffffff
core   0: 0x80009bbc (0x00865ab3) srl     s5, a2, s0
core   0: 3 0x80009bbc (0x00865ab3) x21 0x070ca89a
core   0: 0x80009bc0 (0x40125cb3) sra     s9, tp, ra
core   0: 3 0x80009bc0 (0x40125cb3) x25 0xfffff800
core   0: 0x80009bc4 (0xd853a737) lui     a4, 0xd853a
core   0: 3 0x80009bc4 (0xd853a737) x14 0xd853a000
core   0: 0x80009bc8 (0x017d8e33) add     t3, s11, s7
core   0: 3 0x80009bc8 (0x017d8e33) x28 0x00000684
core   0: 0x80009bcc (0x00be3e33) sltu    t3, t3, a1
core   0: 3 0x80009bcc (0x00be3e33) x28 0x00000000
core   0: 0x80009bd0 (0x00000013) nop
core   0: 3 0x80009bd0 (0x00000013)
core   0: 0x80009bd4 (0xcd42fa93) andi    s5, t0, -812
core   0: 3 0x80009bd4 (0xcd42fa93) x21 0x00000000
core   0: 0x80009bd8 (0x4f39cbb7) lui     s7, 0x4f39c
core   0: 3 0x80009bd8 (0x4f39cbb7) x23 0x4f39c000
core   0: 0x80009bdc (0x01a8f7b3) and     a5, a7, s10
core   0: 3 0x80009bdc (0x01a8f7b3) x15 0x00000000
core   0: 0x80009be0 (0x01985b13) srli    s6, a6, 25
core   0: 3 0x80009be0 (0x01985b13) x22 0x00000000
core   0: 0x80009be4 (0x614fbb93) sltiu   s7, t6, 1556
core   0: 3 0x80009be4 (0x614fbb93) x23 0x00000000
core   0: 0x80009be8 (0xc8327713) andi    a4, tp, -893
core   0: 3 0x80009be8 (0xc8327713) x14 0x80011c00
core   0: 0x80009bec (0x1d944113) xori    sp, s0, 473
core   0: 3 0x80009bec (0x1d944113) x 2 0x000001da
core   0: 0x80009bf0 (0x42493713) sltiu   a4, s2, 1060
core   0: 3 0x80009bf0 (0x42493713) x14 0x00000000
core   0: 0x80009bf4 (0x017c3133) sltu    sp, s8, s7
core   0: 3 0x80009bf4 (0x017c3133) x 2 0x00000000
core   0: 0x80009bf8 (0x41060f33) sub     t5, a2, a6
core   0: 3 0x80009bf8 (0x41060f33) x30 0x386544d6
core   0: 0x80009bfc (0x9e047797) auipc   a5, 0x9e047
core   0: 3 0x80009bfc (0x9e047797) x15 0x1e050bfc
core   0: 0x80009c00 (0x0143f733) and     a4, t2, s4
core   0: 3 0x80009c00 (0x0143f733) x14 0xfff71620
core   0: 0x80009c04 (0x41c98433) sub     s0, s3, t3
core   0: 3 0x80009c04 (0x41c98433) x 8 0x80000000
core   0: 0x80009c08 (0xda34b793) sltiu   a5, s1, -605
core   0: 3 0x80009c08 (0xda34b793) x15 0x00000001
core   0: 0x80009c0c (0x008c1433) sll     s0, s8, s0
core   0: 3 0x80009c0c (0x008c1433) x 8 0x00000001
core   0: 0x80009c10 (0x01f6ed13) ori     s10, a3, 31
core   0: 3 0x80009c10 (0x01f6ed13) x26 0x0000001f
core   0: 0x80009c14 (0x00ba8433) add     s0, s5, a1
core   0: 3 0x80009c14 (0x00ba8433) x 8 0x00000001
core   0: 0x80009c18 (0x40348db3) sub     s11, s1, gp
core   0: 3 0x80009c18 (0x40348db3) x27 0x7ff15ce4
core   0: 0x80009c1c (0x00b645b3) xor     a1, a2, a1
core   0: 3 0x80009c1c (0x00b645b3) x11 0x386544d7
core   0: 0x80009c20 (0x4028d593) srai    a1, a7, 2
core   0: 3 0x80009c20 (0x4028d593) x11 0x00000000
core   0: 0x80009c24 (0x723cc0b7) lui     ra, 0x723cc
core   0: 3 0x80009c24 (0x723cc0b7) x 1 0x723cc000
core   0: 0x80009c28 (0x0058efb3) or      t6, a7, t0
core   0: 3 0x80009c28 (0x0058efb3) x31 0x00000000
core   0: 0x80009c2c (0x0088f7b3) and     a5, a7, s0
core   0: 3 0x80009c2c (0x0088f7b3) x15 0x00000000
core   0: 0x80009c30 (0x845dd037) lui     zero, 0x845dd
core   0: 3 0x80009c30 (0x845dd037)
core   0: 0x80009c34 (0x0187d1b3) srl     gp, a5, s8
core   0: 3 0x80009c34 (0x0187d1b3) x 3 0x00000000
core   0: 0x80009c38 (0x01065a33) srl     s4, a2, a6
core   0: 3 0x80009c38 (0x01065a33) x20 0x386544d6
core   0: 0x80009c3c (0x00e4d493) srli    s1, s1, 14
core   0: 3 0x80009c3c (0x00e4d493) x 9 0x00020005
core   0: 0x80009c40 (0x7d6f4c13) xori    s8, t5, 2006
core   0: 3 0x80009c40 (0x7d6f4c13) x24 0x38654300
core   0: 0x80009c44 (0x009c5733) srl     a4, s8, s1
core   0: 3 0x80009c44 (0x009c5733) x14 0x01c32a18
core   0: 0x80009c48 (0x6ac78a13) addi    s4, a5, 1708
core   0: 3 0x80009c48 (0x6ac78a13) x20 0x000006ac
core   0: 0x80009c4c (0x41f38933) sub     s2, t2, t6
core   0: 3 0x80009c4c (0x41f38933) x18 0xfff71620
core   0: 0x80009c50 (0x1bb52c97) auipc   s9, 0x1bb52
core   0: 3 0x80009c50 (0x1bb52c97) x25 0x9bb5bc50
core   0: 0x80009c54 (0x014216b3) sll     a3, tp, s4
core   0: 3 0x80009c54 (0x014216b3) x13 0x11e64000
core   0: 0x80009c58 (0x64d71a37) lui     s4, 0x64d71
core   0: 3 0x80009c58 (0x64d71a37) x20 0x64d71000
core   0: 0x80009c5c (0x00ca9e93) slli    t4, s5, 12
core   0: 3 0x80009c5c (0x00ca9e93) x29 0x00000000
core   0: 0x80009c60 (0x00399db3) sll     s11, s3, gp
core   0: 3 0x80009c60 (0x00399db3) x27 0x80000000
core   0: 0x80009c64 (0x0024f433) and     s0, s1, sp
core   0: 3 0x80009c64 (0x0024f433) x 8 0x00000000
core   0: 0x80009c68 (0x00000013) nop
core   0: 3 0x80009c68 (0x00000013)
core   0: 0x80009c6c (0x00d3cbb3) xor     s7, t2, a3
core   0: 3 0x80009c6c (0x00d3cbb3) x23 0xee115620
core   0: 0x80009c70 (0x9f9a6ab7) lui     s5, 0x9f9a6
core   0: 3 0x80009c70 (0x9f9a6ab7) x21 0x9f9a6000
core   0: 0x80009c74 (0x01e2ecb3) or      s9, t0, t5
core   0: 3 0x80009c74 (0x01e2ecb3) x25 0x386544d6
core   0: 0x80009c78 (0x005da433) slt     s0, s11, t0
core   0: 3 0x80009c78 (0x005da433) x 8 0x00000001
core   0: 0x80009c7c (0xf1e4fb93) andi    s7, s1, -226
core   0: 3 0x80009c7c (0xf1e4fb93) x23 0x00020004
core   0: 0x80009c80 (0x015d7fb3) and     t6, s10, s5
core   0: 3 0x80009c80 (0x015d7fb3) x31 0x00000000
core   0: 0x80009c84 (0x41718eb3) sub     t4, gp, s7
core   0: 3 0x80009c84 (0x41718eb3) x29 0xfffdfffc
core   0: 0x80009c88 (0x92e6cf93) xori    t6, a3, -1746
core   0: 3 0x80009c88 (0x92e6cf93) x31 0xee19b92e
core   0: 0x80009c8c (0x418951b3) sra     gp, s2, s8
core   0: 3 0x80009c8c (0x418951b3) x 3 0xfff71620
core   0: 0x80009c90 (0x01aec833) xor     a6, t4, s10
core   0: 3 0x80009c90 (0x01aec833) x16 0xfffdffe3
core   0: 0x80009c94 (0x00b99b33) sll     s6, s3, a1
core   0: 3 0x80009c94 (0x00b99b33) x22 0x80000000
core   0: 0x80009c98 (0x01937bb3) and     s7, t1, s9
core   0: 3 0x80009c98 (0x01937bb3) x23 0x20214056
core   0: 0x80009c9c (0x41e2d813) srai    a6, t0, 30
core   0: 3 0x80009c9c (0x41e2d813) x16 0x00000000
core   0: 0x80009ca0 (0x0160bb33) sltu    s6, ra, s6
core   0: 3 0x80009ca0 (0x0160bb33) x22 0x00000001
core   0: 0x80009ca4 (0x00b77eb3) and     t4, a4, a1
core   0: 3 0x80009ca4 (0x00b77eb3) x29 0x00000000
core   0: 0x80009ca8 (0x00873833) sltu    a6, a4, s0
core   0: 3 0x80009ca8 (0x00873833) x16 0x00000000
core   0: 0x80009cac (0x011192b3) sll     t0, gp, a7
core   0: 3 0x80009cac (0x011192b3) x 5 0xfff71620
core   0: 0x80009cb0 (0x015e17b3) sll     a5, t3, s5
core   0: 3 0x80009cb0 (0x015e17b3) x15 0x00000000
core   0: 0x80009cb4 (0x40565413) srai    s0, a2, 5
core   0: 3 0x80009cb4 (0x40565413) x 8 0x01c32a26
core   0: 0x80009cb8 (0x174db813) sltiu   a6, s11, 372
core   0: 3 0x80009cb8 (0x174db813) x16 0x00000000
core   0: 0x80009cbc (0xd1542493) slti    s1, s0, -747
core   0: 3 0x80009cbc (0xd1542493) x 9 0x00000000
core   0: 0x80009cc0 (0x00b7a7b3) slt     a5, a5, a1
core   0: 3 0x80009cc0 (0x00b7a7b3) x15 0x00000000
core   0: 0x80009cc4 (0x013d2733) slt     a4, s10, s3
core   0: 3 0x80009cc4 (0x013d2733) x14 0x00000000
core   0: 0x80009cc8 (0x00785433) srl     s0, a6, t2
core   0: 3 0x80009cc8 (0x00785433) x 8 0x00000000
core   0: 0x80009ccc (0x008febb3) or      s7, t6, s0
core   0: 3 0x80009ccc (0x008febb3) x23 0xee19b92e
core   0: 0x80009cd0 (0x01839613) slli    a2, t2, 24
core   0: 3 0x80009cd0 (0x01839613) x12 0x20000000
core   0: 0x80009cd4 (0x0141ea33) or      s4, gp, s4
core   0: 3 0x80009cd4 (0x0141ea33) x20 0xfff71620
core   0: 0x80009cd8 (0x419281b3) sub     gp, t0, s9
core   0: 3 0x80009cd8 (0x419281b3) x 3 0xc791d14a
core   0: 0x80009cdc (0x68867693) andi    a3, a2, 1672
core   0: 3 0x80009cdc (0x68867693) x13 0x00000000
core   0: 0x80009ce0 (0x40495cb3) sra     s9, s2, tp
core   0: 3 0x80009ce0 (0x40495cb3) x25 0xffff7162
core   0: 0x80009ce4 (0x3e0be793) ori     a5, s7, 992
core   0: 3 0x80009ce4 (0x3e0be793) x15 0xee19bbee
core   0: 0x80009ce8 (0x006962b3) or      t0, s2, t1
core   0: 3 0x80009ce8 (0x006962b3) x 5 0xffff5776
core   0: 0x80009cec (0x012156b3) srl     a3, sp, s2
core   0: 3 0x80009cec (0x012156b3) x13 0x00000000
core   0: 0x80009cf0 (0x00928a33) add     s4, t0, s1
core   0: 3 0x80009cf0 (0x00928a33) x20 0xffff5776
core   0: 0x80009cf4 (0x00c7f5b3) and     a1, a5, a2
core   0: 3 0x80009cf4 (0x00c7f5b3) x11 0x20000000
core   0: 0x80009cf8 (0x00000013) nop
core   0: 3 0x80009cf8 (0x00000013)
core   0: 0x80009cfc (0x475d1297) auipc   t0, 0x475d1
core   0: 3 0x80009cfc (0x475d1297) x 5 0xc75dacfc
core   0: 0x80009d00 (0x00f5fab3) and     s5, a1, a5
core   0: 3 0x80009d00 (0x00f5fab3) x21 0x20000000
core   0: 0x80009d04 (0x013974b3) and     s1, s2, s3
core   0: 3 0x80009d04 (0x013974b3) x 9 0x80000000
core   0: 0x80009d08 (0x012b3a33) sltu    s4, s6, s2
core   0: 3 0x80009d08 (0x012b3a33) x20 0x00000001
core   0: 0x80009d0c (0x0197cb33) xor     s6, a5, s9
core   0: 3 0x80009d0c (0x0197cb33) x22 0x11e6ca8c
core   0: 0x80009d10 (0x00d1e933) or      s2, gp, a3
core   0: 3 0x80009d10 (0x00d1e933) x18 0xc791d14a
core   0: 0x80009d14 (0x7cc38e13) addi    t3, t2, 1996
core   0: 3 0x80009d14 (0x7cc38e13) x28 0xfff71dec
core   0: 0x80009d18 (0x01d54033) xor     zero, a0, t4
core   0: 3 0x80009d18 (0x01d54033)
core   0: 0x80009d1c (0x00b91b13) slli    s6, s2, 11
core   0: 3 0x80009d1c (0x00b91b13) x22 0x8e8a5000
core   0: 0x80009d20 (0x41d65e33) sra     t3, a2, t4
core   0: 3 0x80009d20 (0x41d65e33) x28 0x20000000
core   0: 0x80009d24 (0xcc492693) slti    a3, s2, -828
core   0: 3 0x80009d24 (0xcc492693) x13 0x00000001
core   0: 0x80009d28 (0x00939bb3) sll     s7, t2, s1
core   0: 3 0x80009d28 (0x00939bb3) x23 0xfff71620
core   0: 0x80009d2c (0x18d16493) ori     s1, sp, 397
core   0: 3 0x80009d2c (0x18d16493) x 9 0x0000018d
core   0: 0x80009d30 (0x00000013) nop
core   0: 3 0x80009d30 (0x00000013)
core   0: 0x80009d34 (0x4180d833) sra     a6, ra, s8
core   0: 3 0x80009d34 (0x4180d833) x16 0x723cc000
core   0: 0x80009d38 (0x00eaec33) or      s8, s5, a4
core   0: 3 0x80009d38 (0x00eaec33) x24 0x20000000
core   0: 0x80009d3c (0xb5e79e97) auipc   t4, 0xb5e79
core   0: 3 0x80009d3c (0xb5e79e97) x29 0x35e82d3c
core   0: 0x80009d40 (0x40355293) srai    t0, a0, 3
core   0: 3 0x80009d40 (0x40355293) x 5 0xf0002b9c
core   0: 0x80009d44 (0x014d3933) sltu    s2, s10, s4
core   0: 3 0x80009d44 (0x014d3933) x18 0x00000000
core   0: 0x80009d48 (0x1988f417) auipc   s0, 0x1988f
core   0: 3 0x80009d48 (0x1988f417) x 8 0x99898d48
core   0: 0x80009d4c (0x002eb013) sltiu   zero, t4, 2
core   0: 3 0x80009d4c (0x002eb013)
core   0: 0x80009d50 (0x008f36b3) sltu    a3, t5, s0
core   0: 3 0x80009d50 (0x008f36b3) x13 0x00000001
core   0: 0x80009d54 (0x402c01b3) sub     gp, s8, sp
core   0: 3 0x80009d54 (0x402c01b3) x 3 0x20000000
core   0: 0x80009d58 (0x4001db93) srai    s7, gp, 0
core   0: 3 0x80009d58 (0x4001db93) x23 0x20000000
core   0: 0x80009d5c (0x0085a5b3) slt     a1, a1, s0
core   0: 3 0x80009d5c (0x0085a5b3) x11 0x00000000
core   0: 0x80009d60 (0x0009e2b3) or      t0, s3, zero
core   0: 3 0x80009d60 (0x0009e2b3) x 5 0x80000000
core   0: 0x80009d64 (0x99c9b817) auipc   a6, 0x99c9b
core   0: 3 0x80009d64 (0x99c9b817) x16 0x19ca4d64
core   0: 0x80009d68 (0x1a1f2e13) slti    t3, t5, 417
core   0: 3 0x80009d68 (0x1a1f2e13) x28 0x00000000
core   0: 0x80009d6c (0x00000013) nop
core   0: 3 0x80009d6c (0x00000013)
core   0: 0x80009d70 (0x14347913) andi    s2, s0, 323
core   0: 3 0x80009d70 (0x14347913) x18 0x00000140
core   0: 0x80009d74 (0x01729b33) sll     s6, t0, s7
core   0: 3 0x80009d74 (0x01729b33) x22 0x80000000
core   0: 0x80009d78 (0x01120d33) add     s10, tp, a7
core   0: 3 0x80009d78 (0x01120d33) x26 0x80011e64
core   0: 0x80009d7c (0x402f5d13) srai    s10, t5, 2
core   0: 3 0x80009d7c (0x402f5d13) x26 0x0e195135
core   0: 0x80009d80 (0x41b48d33) sub     s10, s1, s11
core   0: 3 0x80009d80 (0x41b48d33) x26 0x8000018d
core   0: 0x80009d84 (0x01b31b33) sll     s6, t1, s11
core   0: 3 0x80009d84 (0x01b31b33) x22 0x25295376
core   0: 0x80009d88 (0x002e13b3) sll     t2, t3, sp
core   0: 3 0x80009d88 (0x002e13b3) x 7 0x00000000
core   0: 0x80009d8c (0xc529f413) andi    s0, s3, -942
core   0: 3 0x80009d8c (0xc529f413) x 8 0x80000000
core   0: 0x80009d90 (0x01bfe1b3) or      gp, t6, s11
core   0: 3 0x80009d90 (0x01bfe1b3) x 3 0xee19b92e
core   0: 0x80009d94 (0xdc00e893) ori     a7, ra, -576
core   0: 3 0x80009d94 (0xdc00e893) x17 0xfffffdc0
core   0: 0x80009d98 (0x019ef1b3) and     gp, t4, s9
core   0: 3 0x80009d98 (0x019ef1b3) x 3 0x35e82120
core   0: 0x80009d9c (0x00f62433) slt     s0, a2, a5
core   0: 3 0x80009d9c (0x00f62433) x 8 0x00000000
core   0: 0x80009da0 (0x2000f793) andi    a5, ra, 512
core   0: 3 0x80009da0 (0x2000f793) x15 0x00000000
core   0: 0x80009da4 (0x01a690b3) sll     ra, a3, s10
core   0: 3 0x80009da4 (0x01a690b3) x 1 0x00002000
core   0: 0x80009da8 (0xaf9e7813) andi    a6, t3, -1287
core   0: 3 0x80009da8 (0xaf9e7813) x16 0x00000000
core   0: 0x80009dac (0x00a79a13) slli    s4, a5, 10
core   0: 3 0x80009dac (0x00a79a13) x20 0x00000000
core   0: 0x80009db0 (0xfdcf7693) andi    a3, t5, -36
core   0: 3 0x80009db0 (0xfdcf7693) x13 0x386544d4
core   0: 0x80009db4 (0x29154c17) auipc   s8, 0x29154
core   0: 3 0x80009db4 (0x29154c17) x24 0xa915ddb4
core   0: 0x80009db8 (0x00008a33) add     s4, ra, zero
core   0: 3 0x80009db8 (0x00008a33) x20 0x00002000
core   0: 0x80009dbc (0x01ee6fb3) or      t6, t3, t5
core   0: 3 0x80009dbc (0x01ee6fb3) x31 0x386544d6
core   0: 0x80009dc0 (0x01c1d4b3) srl     s1, gp, t3
core   0: 3 0x80009dc0 (0x01c1d4b3) x 9 0x35e82120
core   0: 0x80009dc4 (0x015cbb13) sltiu   s6, s9, 21
core   0: 3 0x80009dc4 (0x015cbb13) x22 0x00000000
core   0: 0x80009dc8 (0xa8163413) sltiu   s0, a2, -1407
core   0: 3 0x80009dc8 (0xa8163413) x 8 0x00000001
core   0: 0x80009dcc (0xccd97f13) andi    t5, s2, -819
core   0: 3 0x80009dcc (0xccd97f13) x30 0x00000040
core   0: 0x80009dd0 (0xeeeaecb7) lui     s9, 0xeeeae
core   0: 3 0x80009dd0 (0xeeeaecb7) x25 0xeeeae000
core   0: 0x80009dd4 (0xb03c7093) andi    ra, s8, -1277
core   0: 3 0x80009dd4 (0xb03c7093) x 1 0xa915d900
core   0: 0x80009dd8 (0x6d286193) ori     gp, a6, 1746
core   0: 3 0x80009dd8 (0x6d286193) x 3 0x000006d2
core   0: 0x80009ddc (0x00071e13) slli    t3, a4, 0
core   0: 3 0x80009ddc (0x00071e13) x28 0x00000000
core   0: 0x80009de0 (0x0144ba33) sltu    s4, s1, s4
core   0: 3 0x80009de0 (0x0144ba33) x20 0x00000000
core   0: 0x80009de4 (0x01fce733) or      a4, s9, t6
core   0: 3 0x80009de4 (0x01fce733) x14 0xfeefe4d6
core   0: 0x80009de8 (0x2c818c13) addi    s8, gp, 712
core   0: 3 0x80009de8 (0x2c818c13) x24 0x0000099a
core   0: 0x80009dec (0x357b6f13) ori     t5, s6, 855
core   0: 3 0x80009dec (0x357b6f13) x30 0x00000357
core   0: 0x80009df0 (0xd4686c93) ori     s9, a6, -698
core   0: 3 0x80009df0 (0xd4686c93) x25 0xfffffd46
core   0: 0x80009df4 (0x0135ab33) slt     s6, a1, s3
core   0: 3 0x80009df4 (0x0135ab33) x22 0x00000000
core   0: 0x80009df8 (0x00445c33) srl     s8, s0, tp
core   0: 3 0x80009df8 (0x00445c33) x24 0x00000000
core   0: 0x80009dfc (0xcddcba97) auipc   s5, 0xcddcb
core   0: 3 0x80009dfc (0xcddcba97) x21 0x4ddd4dfc
core   0: 0x80009e00 (0x01385713) srli    a4, a6, 19
core   0: 3 0x80009e00 (0x01385713) x14 0x00000000
core   0: 0x80009e04 (0x7dad4613) xori    a2, s10, 2010
core   0: 3 0x80009e04 (0x7dad4613) x12 0x80000657
core   0: 0x80009e08 (0xe46f2613) slti    a2, t5, -442
core   0: 3 0x80009e08 (0xe46f2613) x12 0x00000000
core   0: 0x80009e0c (0x40865713) srai    a4, a2, 8
core   0: 3 0x80009e0c (0x40865713) x14 0x00000000
core   0: 0x80009e10 (0x0f578713) addi    a4, a5, 245
core   0: 3 0x80009e10 (0x0f578713) x14 0x000000f5
core   0: 0x80009e14 (0x00f4cfb3) xor     t6, s1, a5
core   0: 3 0x80009e14 (0x00f4cfb3) x31 0x35e82120
core   0: 0x80009e18 (0xf4ed4593) xori    a1, s10, -178
core   0: 3 0x80009e18 (0xf4ed4593) x11 0x7ffffec3
core   0: 0x80009e1c (0x4187d333) sra     t1, a5, s8
core   0: 3 0x80009e1c (0x4187d333) x 6 0x00000000
core   0: 0x80009e20 (0x0041c3b3) xor     t2, gp, tp
core   0: 3 0x80009e20 (0x0041c3b3) x 7 0x800118b6
core   0: 0x80009e24 (0x010fbab3) sltu    s5, t6, a6
core   0: 3 0x80009e24 (0x010fbab3) x21 0x00000000
core   0: 0x80009e28 (0x01a27d33) and     s10, tp, s10
core   0: 3 0x80009e28 (0x01a27d33) x26 0x80000004
core   0: 0x80009e2c (0x00b36cb3) or      s9, t1, a1
core   0: 3 0x80009e2c (0x00b36cb3) x25 0x7ffffec3
core   0: 0x80009e30 (0x01d32033) slt     zero, t1, t4
core   0: 3 0x80009e30 (0x01d32033)
core   0: 0x80009e34 (0xbbf23e37) lui     t3, 0xbbf23
core   0: 3 0x80009e34 (0xbbf23e37) x28 0xbbf23000
core   0: 0x80009e38 (0x5590b893) sltiu   a7, ra, 1369
core   0: 3 0x80009e38 (0x5590b893) x17 0x00000000
core   0: 0x80009e3c (0x01683b13) sltiu   s6, a6, 22
core   0: 3 0x80009e3c (0x01683b13) x22 0x00000001
core   0: 0x80009e40 (0x012c1293) slli    t0, s8, 18
core   0: 3 0x80009e40 (0x012c1293) x 5 0x00000000
core   0: 0x80009e44 (0x00000013) nop
core   0: 3 0x80009e44 (0x00000013)
core   0: 0x80009e48 (0xe97ee593) ori     a1, t4, -361
core   0: 3 0x80009e48 (0xe97ee593) x11 0xffffffbf
core   0: 0x80009e4c (0x00d74933) xor     s2, a4, a3
core   0: 3 0x80009e4c (0x00d74933) x18 0x38654421
core   0: 0x80009e50 (0x007be133) or      sp, s7, t2
core   0: 3 0x80009e50 (0x007be133) x 2 0xa00118b6
core   0: 0x80009e54 (0x010f53b3) srl     t2, t5, a6
core   0: 3 0x80009e54 (0x010f53b3) x 7 0x00000357
core   0: 0x80009e58 (0x003f9013) slli    zero, t6, 3
core   0: 3 0x80009e58 (0x003f9013)
core   0: 0x80009e5c (0x00ed5bb3) srl     s7, s10, a4
core   0: 3 0x80009e5c (0x00ed5bb3) x23 0x00000400
core   0: 0x80009e60 (0xd18b8813) addi    a6, s7, -744
core   0: 3 0x80009e60 (0xd18b8813) x16 0x00000118
core   0: 0x80009e64 (0x01ddd0b3) srl     ra, s11, t4
core   0: 3 0x80009e64 (0x01ddd0b3) x 1 0x00000008
core   0: 0x80009e68 (0x0043d193) srli    gp, t2, 4
core   0: 3 0x80009e68 (0x0043d193) x 3 0x00000035
core   0: 0x80009e6c (0xdb174f13) xori    t5, a4, -591
core   0: 3 0x80009e6c (0xdb174f13) x30 0xfffffd44
core   0: 0x80009e70 (0x01ce9413) slli    s0, t4, 28
core   0: 3 0x80009e70 (0x01ce9413) x 8 0xc0000000
core   0: 0x80009e74 (0x01099eb3) sll     t4, s3, a6
core   0: 3 0x80009e74 (0x01099eb3) x29 0x00000000
core   0: 0x80009e78 (0x01b06f33) or      t5, zero, s11
core   0: 3 0x80009e78 (0x01b06f33) x30 0x80000000
core   0: 0x80009e7c (0x001b6433) or      s0, s6, ra
core   0: 3 0x80009e7c (0x001b6433) x 8 0x00000009
core   0: 0x80009e80 (0x013657b3) srl     a5, a2, s3
core   0: 3 0x80009e80 (0x013657b3) x15 0x00000000
core   0: 0x80009e84 (0x408a5b93) srai    s7, s4, 8
core   0: 3 0x80009e84 (0x408a5b93) x23 0x00000000
core   0: 0x80009e88 (0xe02df937) lui     s2, 0xe02df
core   0: 3 0x80009e88 (0xe02df937) x18 0xe02df000
core   0: 0x80009e8c (0x5e723b93) sltiu   s7, tp, 1511
core   0: 3 0x80009e8c (0x5e723b93) x23 0x00000000
core   0: 0x80009e90 (0x402ad693) srai    a3, s5, 2
core   0: 3 0x80009e90 (0x402ad693) x13 0x00000000
core   0: 0x80009e94 (0x00fb22b3) slt     t0, s6, a5
core   0: 3 0x80009e94 (0x00fb22b3) x 5 0x00000000
core   0: 0x80009e98 (0x401edc33) sra     s8, t4, ra
core   0: 3 0x80009e98 (0x401edc33) x24 0x00000000
core   0: 0x80009e9c (0xdb244893) xori    a7, s0, -590
core   0: 3 0x80009e9c (0xdb244893) x17 0xfffffdbb
core   0: 0x80009ea0 (0x40d2d713) srai    a4, t0, 13
core   0: 3 0x80009ea0 (0x40d2d713) x14 0x00000000
core   0: 0x80009ea4 (0xab535b17) auipc   s6, 0xab535
core   0: 3 0x80009ea4 (0xab535b17) x22 0x2b53eea4
core   0: 0x80009ea8 (0x41f0d113) srai    sp, ra, 31
core   0: 3 0x80009ea8 (0x41f0d113) x 2 0x00000000
core   0: 0x80009eac (0x4fcc1b97) auipc   s7, 0x4fcc1
core   0: 3 0x80009eac (0x4fcc1b97) x23 0xcfccaeac
core   0: 0x80009eb0 (0x01de5913) srli    s2, t3, 29
core   0: 3 0x80009eb0 (0x01de5913) x18 0x00000005
core   0: 0x80009eb4 (0x017f6933) or      s2, t5, s7
core   0: 3 0x80009eb4 (0x017f6933) x18 0xcfccaeac
core   0: 0x80009eb8 (0x00030eb3) add     t4, t1, zero
core   0: 3 0x80009eb8 (0x00030eb3) x29 0x00000000
core   0: 0x80009ebc (0x01f81bb3) sll     s7, a6, t6
core   0: 3 0x80009ebc (0x01f81bb3) x23 0x00000118
core   0: 0x80009ec0 (0xa49c6893) ori     a7, s8, -1463
core   0: 3 0x80009ec0 (0xa49c6893) x17 0xfffffa49
core   0: 0x80009ec4 (0x01e96033) or      zero, s2, t5
core   0: 3 0x80009ec4 (0x01e96033)
core   0: 0x80009ec8 (0x941a3913) sltiu   s2, s4, -1727
core   0: 3 0x80009ec8 (0x941a3913) x18 0x00000001
core   0: 0x80009ecc (0xcf534f93) xori    t6, t1, -779
core   0: 3 0x80009ecc (0xcf534f93) x31 0xfffffcf5
core   0: 0x80009ed0 (0x013ea3b3) slt     t2, t4, s3
core   0: 3 0x80009ed0 (0x013ea3b3) x 7 0x00000000
core   0: 0x80009ed4 (0xfdcfe6b7) lui     a3, 0xfdcfe
core   0: 3 0x80009ed4 (0xfdcfe6b7) x13 0xfdcfe000
core   0: 0x80009ed8 (0x006e04b3) add     s1, t3, t1
core   0: 3 0x80009ed8 (0x006e04b3) x 9 0xbbf23000
core   0: 0x80009edc (0x003278b3) and     a7, tp, gp
core   0: 3 0x80009edc (0x003278b3) x17 0x00000024
core   0: 0x80009ee0 (0xbc888637) lui     a2, 0xbc888
core   0: 3 0x80009ee0 (0xbc888637) x12 0xbc888000
core   0: 0x80009ee4 (0x00f371b3) and     gp, t1, a5
core   0: 3 0x80009ee4 (0x00f371b3) x 3 0x00000000
core   0: 0x80009ee8 (0x01ee66b3) or      a3, t3, t5
core   0: 3 0x80009ee8 (0x01ee66b3) x13 0xbbf23000
core   0: 0x80009eec (0x00ada6b3) slt     a3, s11, a0
core   0: 3 0x80009eec (0x00ada6b3) x13 0x00000001
core   0: 0x80009ef0 (0x003db0b3) sltu    ra, s11, gp
core   0: 3 0x80009ef0 (0x003db0b3) x 1 0x00000000
core   0: 0x80009ef4 (0x012246b3) xor     a3, tp, s2
core   0: 3 0x80009ef4 (0x012246b3) x13 0x80011e65
core   0: 0x80009ef8 (0xa82a2697) auipc   a3, 0xa82a2
core   0: 3 0x80009ef8 (0xa82a2697) x13 0x282abef8
core   0: 0x80009efc (0x3c44a713) slti    a4, s1, 964
core   0: 3 0x80009efc (0x3c44a713) x14 0x00000001
core   0: 0x80009f00 (0x01e09093) slli    ra, ra, 30
core   0: 3 0x80009f00 (0x01e09093) x 1 0x00000000
core   0: 0x80009f04 (0x0062dd93) srli    s11, t0, 6
core   0: 3 0x80009f04 (0x0062dd93) x27 0x00000000
core   0: 0x80009f08 (0x00990333) add     t1, s2, s1
core   0: 3 0x80009f08 (0x00990333) x 6 0xbbf23001
core   0: 0x80009f0c (0x0fd54b13) xori    s6, a0, 253
core   0: 3 0x80009f0c (0x0fd54b13) x22 0x80015c19
core   0: 0x80009f10 (0x00271d33) sll     s10, a4, sp
core   0: 3 0x80009f10 (0x00271d33) x26 0x00000001
core   0: 0x80009f14 (0x01701593) slli    a1, zero, 23
core   0: 3 0x80009f14 (0x01701593) x11 0x00000000
core   0: 0x80009f18 (0x410d5393) srai    t2, s10, 16
core   0: 3 0x80009f18 (0x410d5393) x 7 0x00000000
core   0: 0x80009f1c (0x40bd86b3) sub     a3, s11, a1
core   0: 3 0x80009f1c (0x40bd86b3) x13 0x00000000
core   0: 0x80009f20 (0x00378d33) add     s10, a5, gp
core   0: 3 0x80009f20 (0x00378d33) x26 0x00000000
core   0: 0x80009f24 (0x0165f2b3) and     t0, a1, s6
core   0: 3 0x80009f24 (0x0165f2b3) x 5 0x00000000
core   0: 0x80009f28 (0x00a55bb3) srl     s7, a0, a0
core   0: 3 0x80009f28 (0x00a55bb3) x23 0x080015ce
core   0: 0x80009f2c (0xe92cc693) xori    a3, s9, -366
core   0: 3 0x80009f2c (0xe92cc693) x13 0x80000051
core   0: 0x80009f30 (0x01289c93) slli    s9, a7, 18
core   0: 3 0x80009f30 (0x01289c93) x25 0x00900000
core   0: 0x80009f34 (0x71d46d17) auipc   s10, 0x71d46
core   0: 3 0x80009f34 (0x71d46d17) x26 0xf1d4ff34
core   0: 0x80009f38 (0x13b8aa13) slti    s4, a7, 315
core   0: 3 0x80009f38 (0x13b8aa13) x20 0x00000001
core   0: 0x80009f3c (0x41580333) sub     t1, a6, s5
core   0: 3 0x80009f3c (0x41580333) x 6 0x00000118
core   0: 0x80009f40 (0x01cfc6b3) xor     a3, t6, t3
core   0: 3 0x80009f40 (0x01cfc6b3) x13 0x440dccf5
core   0: 0x80009f44 (0xb566a913) slti    s2, a3, -1194
core   0: 3 0x80009f44 (0xb566a913) x18 0x00000000
core   0: 0x80009f48 (0x7475c193) xori    gp, a1, 1863
core   0: 3 0x80009f48 (0x7475c193) x 3 0x00000747
core   0: 0x80009f4c (0x9a000b13) li      s6, -1632
core   0: 3 0x80009f4c (0x9a000b13) x22 0xfffff9a0
core   0: 0x80009f50 (0x41cad893) srai    a7, s5, 28
core   0: 3 0x80009f50 (0x41cad893) x17 0x00000000
core   0: 0x80009f54 (0xdeb0e393) ori     t2, ra, -533
core   0: 3 0x80009f54 (0xdeb0e393) x 7 0xfffffdeb
core   0: 0x80009f58 (0xc8104393) xori    t2, zero, -895
core   0: 3 0x80009f58 (0xc8104393) x 7 0xfffffc81
core   0: 0x80009f5c (0x41925e13) srai    t3, tp, 25
core   0: 3 0x80009f5c (0x41925e13) x28 0xffffffc0
core   0: 0x80009f60 (0x005f9313) slli    t1, t6, 5
core   0: 3 0x80009f60 (0x005f9313) x 6 0xffff9ea0
core   0: 0x80009f64 (0x40645eb3) sra     t4, s0, t1
core   0: 3 0x80009f64 (0x40645eb3) x29 0x00000009
core   0: 0x80009f68 (0xa65b53b7) lui     t2, 0xa65b5
core   0: 3 0x80009f68 (0xa65b53b7) x 7 0xa65b5000
core   0: 0x80009f6c (0xc23df917) auipc   s2, 0xc23df
core   0: 3 0x80009f6c (0xc23df917) x18 0x423e8f6c
core   0: 0x80009f70 (0x015a63b3) or      t2, s4, s5
core   0: 3 0x80009f70 (0x015a63b3) x 7 0x00000001
core   0: 0x80009f74 (0x01d40eb3) add     t4, s0, t4
core   0: 3 0x80009f74 (0x01d40eb3) x29 0x00000012
core   0: 0x80009f78 (0xf9727613) andi    a2, tp, -105
core   0: 3 0x80009f78 (0xf9727613) x12 0x80011e04
core   0: 0x80009f7c (0x00c98d33) add     s10, s3, a2
core   0: 3 0x80009f7c (0x00c98d33) x26 0x00011e04
core   0: 0x80009f80 (0x40745b33) sra     s6, s0, t2
core   0: 3 0x80009f80 (0x40745b33) x22 0x00000004
core   0: 0x80009f84 (0x0042bd33) sltu    s10, t0, tp
core   0: 3 0x80009f84 (0x0042bd33) x26 0x00000001
core   0: 0x80009f88 (0x0194c0b3) xor     ra, s1, s9
core   0: 3 0x80009f88 (0x0194c0b3) x 1 0xbb623000
core   0: 0x80009f8c (0xce67c793) xori    a5, a5, -794
core   0: 3 0x80009f8c (0xce67c793) x15 0xfffffce6
core   0: 0x80009f90 (0x6cc4b397) auipc   t2, 0x6cc4b
core   0: 3 0x80009f90 (0x6cc4b397) x 7 0xecc54f90
core   0: 0x80009f94 (0x405c5913) srai    s2, s8, 5
core   0: 3 0x80009f94 (0x405c5913) x18 0x00000000
core   0: 0x80009f98 (0x412b5813) srai    a6, s6, 18
core   0: 3 0x80009f98 (0x412b5813) x16 0x00000000
core   0: 0x80009f9c (0x25d3ce93) xori    t4, t2, 605
core   0: 3 0x80009f9c (0x25d3ce93) x29 0xecc54dcd
core   0: 0x80009fa0 (0x01aa5333) srl     t1, s4, s10
core   0: 3 0x80009fa0 (0x01aa5333) x 6 0x00000000
core   0: 0x80009fa4 (0x004de7b3) or      a5, s11, tp
core   0: 3 0x80009fa4 (0x004de7b3) x15 0x80011e64
core   0: 0x80009fa8 (0x00ef7133) and     sp, t5, a4
core   0: 3 0x80009fa8 (0x00ef7133) x 2 0x00000000
core   0: 0x80009fac (0x6d17f293) andi    t0, a5, 1745
core   0: 3 0x80009fac (0x6d17f293) x 5 0x00000640
core   0: 0x80009fb0 (0xe4753813) sltiu   a6, a0, -441
core   0: 3 0x80009fb0 (0xe4753813) x16 0x00000001
core   0: 0x80009fb4 (0x29abeb13) ori     s6, s7, 666
core   0: 3 0x80009fb4 (0x29abeb13) x22 0x080017de
core   0: 0x80009fb8 (0x00509b33) sll     s6, ra, t0
core   0: 3 0x80009fb8 (0x00509b33) x22 0xbb623000
core   0: 0x80009fbc (0x40c5d333) sra     t1, a1, a2
core   0: 3 0x80009fbc (0x40c5d333) x 6 0x00000000
core   0: 0x80009fc0 (0xd2840d93) addi    s11, s0, -728
core   0: 3 0x80009fc0 (0xd2840d93) x27 0xfffffd31
core   0: 0x80009fc4 (0x01a6bab3) sltu    s5, a3, s10
core   0: 3 0x80009fc4 (0x01a6bab3) x21 0x00000000
core   0: 0x80009fc8 (0x72090497) auipc   s1, 0x72090
core   0: 3 0x80009fc8 (0x72090497) x 9 0xf2099fc8
core   0: 0x80009fcc (0x41875a33) sra     s4, a4, s8
core   0: 3 0x80009fcc (0x41875a33) x20 0x00000001
core   0: 0x80009fd0 (0xb2317437) lui     s0, 0xb2317
core   0: 3 0x80009fd0 (0xb2317437) x 8 0xb2317000
core   0: 0x80009fd4 (0x5db04e37) lui     t3, 0x5db04
core   0: 3 0x80009fd4 (0x5db04e37) x28 0x5db04000
core   0: 0x80009fd8 (0x40c55bb3) sra     s7, a0, a2
core   0: 3 0x80009fd8 (0x40c55bb3) x23 0xf80015ce
core   0: 0x80009fdc (0xbe93ea93) ori     s5, t2, -1047
core   0: 3 0x80009fdc (0xbe93ea93) x21 0xfffffff9
core   0: 0x80009fe0 (0xae583493) sltiu   s1, a6, -1307
core   0: 3 0x80009fe0 (0xae583493) x 9 0x00000001
core   0: 0x80009fe4 (0x0106ad33) slt     s10, a3, a6
core   0: 3 0x80009fe4 (0x0106ad33) x26 0x00000000
core   0: 0x80009fe8 (0x0024e8b3) or      a7, s1, sp
core   0: 3 0x80009fe8 (0x0024e8b3) x17 0x00000001
core   0: 0x80009fec (0x007b2133) slt     sp, s6, t2
core   0: 3 0x80009fec (0x007b2133) x 2 0x00000001
core   0: 0x80009ff0 (0x00fda733) slt     a4, s11, a5
core   0: 3 0x80009ff0 (0x00fda733) x14 0x00000000
core   0: 0x80009ff4 (0x402c5693) srai    a3, s8, 2
core   0: 3 0x80009ff4 (0x402c5693) x13 0x00000000
core   0: 0x80009ff8 (0xb87b7293) andi    t0, s6, -1145
core   0: 3 0x80009ff8 (0xb87b7293) x 5 0xbb623000
core   0: 0x80009ffc (0x409b5193) srai    gp, s6, 9
core   0: 3 0x80009ffc (0x409b5193) x 3 0xffddb118
core   0: 0x8000a000 (0x01262fb3) slt     t6, a2, s2
core   0: 3 0x8000a000 (0x01262fb3) x31 0x00000001
core   0: 0x8000a004 (0x00580d33) add     s10, a6, t0
core   0: 3 0x8000a004 (0x00580d33) x26 0xbb623001
core   0: 0x8000a008 (0xc2f9f037) lui     zero, 0xc2f9f
core   0: 3 0x8000a008 (0xc2f9f037)
core   0: 0x8000a00c (0x003b1113) slli    sp, s6, 3
core   0: 3 0x8000a00c (0x003b1113) x 2 0xdb118000
core   0: 0x8000a010 (0x00f0da97) auipc   s5, 0xf0d
core   0: 3 0x8000a010 (0x00f0da97) x21 0x80f17010
core   0: 0x8000a014 (0x001fce33) xor     t3, t6, ra
core   0: 3 0x8000a014 (0x001fce33) x28 0xbb623001
core   0: 0x8000a018 (0x0141deb3) srl     t4, gp, s4
core   0: 3 0x8000a018 (0x0141deb3) x29 0x7feed88c
core   0: 0x8000a01c (0x00000013) nop
core   0: 3 0x8000a01c (0x00000013)
core   0: 0x8000a020 (0x0046dd13) srli    s10, a3, 4
core   0: 3 0x8000a020 (0x0046dd13) x26 0x00000000
core   0: 0x8000a024 (0x00d052b3) srl     t0, zero, a3
core   0: 3 0x8000a024 (0x00d052b3) x 5 0x00000000
core   0: 0x8000a028 (0x0145c033) xor     zero, a1, s4
core   0: 3 0x8000a028 (0x0145c033)
core   0: 0x8000a02c (0x01325d13) srli    s10, tp, 19
core   0: 3 0x8000a02c (0x01325d13) x26 0x00001000
core   0: 0x8000a030 (0x0024d413) srli    s0, s1, 2
core   0: 3 0x8000a030 (0x0024d413) x 8 0x00000000
core   0: 0x8000a034 (0x00859a13) slli    s4, a1, 8
core   0: 3 0x8000a034 (0x00859a13) x20 0x00000000
core   0: 0x8000a038 (0x00456b33) or      s6, a0, tp
core   0: 3 0x8000a038 (0x00456b33) x22 0x80015ee4
core   0: 0x8000a03c (0x414c0c33) sub     s8, s8, s4
core   0: 3 0x8000a03c (0x414c0c33) x24 0x00000000
core   0: 0x8000a040 (0xf54a0c97) auipc   s9, 0xf54a0
core   0: 3 0x8000a040 (0xf54a0c97) x25 0x754aa040
core   0: 0x8000a044 (0xff03f413) andi    s0, t2, -16
core   0: 3 0x8000a044 (0xff03f413) x 8 0xecc54f90
core   0: 0x8000a048 (0x41545a33) sra     s4, s0, s5
core   0: 3 0x8000a048 (0x41545a33) x20 0xffffecc5
core   0: 0x8000a04c (0x001b1f13) slli    t5, s6, 1
core   0: 3 0x8000a04c (0x001b1f13) x30 0x0002bdc8
core   0: 0x8000a050 (0x45eb62b7) lui     t0, 0x45eb6
core   0: 3 0x8000a050 (0x45eb62b7) x 5 0x45eb6000
core   0: 0x8000a054 (0x00587633) and     a2, a6, t0
core   0: 3 0x8000a054 (0x00587633) x12 0x00000000
core   0: 0x8000a058 (0x00b99593) slli    a1, s3, 11
core   0: 3 0x8000a058 (0x00b99593) x11 0x00000000
core   0: 0x8000a05c (0x003fc3b3) xor     t2, t6, gp
core   0: 3 0x8000a05c (0x003fc3b3) x 7 0xffddb119
core   0: 0x8000a060 (0x017a9733) sll     a4, s5, s7
core   0: 3 0x8000a060 (0x017a9733) x14 0x5c040000
core   0: 0x8000a064 (0x0173bb33) sltu    s6, t2, s7
core   0: 3 0x8000a064 (0x0173bb33) x22 0x00000000
core   0: 0x8000a068 (0x019ddd33) srl     s10, s11, s9
core   0: 3 0x8000a068 (0x019ddd33) x26 0xfffffd31
core   0: 0x8000a06c (0x00739493) slli    s1, t2, 7
core   0: 3 0x8000a06c (0x00739493) x 9 0xeed88c80
core   0: 0x8000a070 (0x01e111b3) sll     gp, sp, t5
core   0: 3 0x8000a070 (0x01e111b3) x 3 0x11800000
core   0: 0x8000a074 (0xbd0e8113) addi    sp, t4, -1072
core   0: 3 0x8000a074 (0xbd0e8113) x 2 0x7feed45c
core   0: 0x8000a078 (0x86cbf113) andi    sp, s7, -1940
core   0: 3 0x8000a078 (0x86cbf113) x 2 0xf800104c
core   0: 0x8000a07c (0x00207c33) and     s8, zero, sp
core   0: 3 0x8000a07c (0x00207c33) x24 0x00000000
core   0: 0x8000a080 (0x01d3c5b3) xor     a1, t2, t4
core   0: 3 0x8000a080 (0x01d3c5b3) x11 0x80336995
core   0: 0x8000a084 (0x40ead4b3) sra     s1, s5, a4
core   0: 3 0x8000a084 (0x40ead4b3) x 9 0x80f17010
core   0: 0x8000a088 (0xc0583a93) sltiu   s5, a6, -1019
core   0: 3 0x8000a088 (0xc0583a93) x21 0x00000001
core   0: 0x8000a08c (0xb000b413) sltiu   s0, ra, -1280
core   0: 3 0x8000a08c (0xb000b413) x 8 0x00000001
core   0: 0x8000a090 (0x00000013) nop
core   0: 3 0x8000a090 (0x00000013)
core   0: 0x8000a094 (0x8f77ae93) slti    t4, a5, -1801
core   0: 3 0x8000a094 (0x8f77ae93) x29 0x00000001
core   0: 0x8000a098 (0x413a5713) srai    a4, s4, 19
core   0: 3 0x8000a098 (0x413a5713) x14 0xffffffff
core   0: 0x8000a09c (0x01765293) srli    t0, a2, 23
core   0: 3 0x8000a09c (0x01765293) x 5 0x00000000
core   0: 0x8000a0a0 (0x00000013) nop
core   0: 3 0x8000a0a0 (0x00000013)
core   0: 0x8000a0a4 (0x00717d33) and     s10, sp, t2
core   0: 3 0x8000a0a4 (0x00717d33) x26 0xf8001008
core   0: 0x8000a0a8 (0xde973893) sltiu   a7, a4, -535
core   0: 3 0x8000a0a8 (0xde973893) x17 0x00000000
core   0: 0x8000a0ac (0x40cd06b3) sub     a3, s10, a2
core   0: 3 0x8000a0ac (0x40cd06b3) x13 0xf8001008
core   0: 0x8000a0b0 (0x414a57b3) sra     a5, s4, s4
core   0: 3 0x8000a0b0 (0x414a57b3) x15 0xffffff66
core   0: 0x8000a0b4 (0x01a69d93) slli    s11, a3, 26
core   0: 3 0x8000a0b4 (0x01a69d93) x27 0x20000000
core   0: 0x8000a0b8 (0x40aa0bb3) sub     s7, s4, a0
core   0: 3 0x8000a0b8 (0x40aa0bb3) x23 0x7ffe8fe1
core   0: 0x8000a0bc (0x013ee2b3) or      t0, t4, s3
core   0: 3 0x8000a0bc (0x013ee2b3) x 5 0x80000001
core   0: 0x8000a0c0 (0x34c9e593) ori     a1, s3, 844
core   0: 3 0x8000a0c0 (0x34c9e593) x11 0x8000034c
core   0: 0x8000a0c4 (0xb58f4393) xori    t2, t5, -1192
core   0: 3 0x8000a0c4 (0xb58f4393) x 7 0xfffd4690
core   0: 0x8000a0c8 (0x012613b3) sll     t2, a2, s2
core   0: 3 0x8000a0c8 (0x012613b3) x 7 0x00000000
core   0: 0x8000a0cc (0x4035dcb3) sra     s9, a1, gp
core   0: 3 0x8000a0cc (0x4035dcb3) x25 0x8000034c
core   0: 0x8000a0d0 (0x1fb8cf13) xori    t5, a7, 507
core   0: 3 0x8000a0d0 (0x1fb8cf13) x30 0x000001fb
core   0: 0x8000a0d4 (0x01d0d893) srli    a7, ra, 29
core   0: 3 0x8000a0d4 (0x01d0d893) x17 0x00000005
core   0: 0x8000a0d8 (0xa78983b7) lui     t2, 0xa7898
core   0: 3 0x8000a0d8 (0xa78983b7) x 7 0xa7898000
core   0: 0x8000a0dc (0x1700bd93) sltiu   s11, ra, 368
core   0: 3 0x8000a0dc (0x1700bd93) x27 0x00000000
core   0: 0x8000a0e0 (0x013cd433) srl     s0, s9, s3
core   0: 3 0x8000a0e0 (0x013cd433) x 8 0x8000034c
core   0: 0x8000a0e4 (0x01e31bb3) sll     s7, t1, t5
core   0: 3 0x8000a0e4 (0x01e31bb3) x23 0x00000000
core   0: 0x8000a0e8 (0x00af3733) sltu    a4, t5, a0
core   0: 3 0x8000a0e8 (0x00af3733) x14 0x00000001
core   0: 0x8000a0ec (0x41955033) sra     zero, a0, s9
core   0: 3 0x8000a0ec (0x41955033)
core   0: 0x8000a0f0 (0x00000013) nop
core   0: 3 0x8000a0f0 (0x00000013)
core   0: 0x8000a0f4 (0xd5c13193) sltiu   gp, sp, -676
core   0: 3 0x8000a0f4 (0xd5c13193) x 3 0x00000001
core   0: 0x8000a0f8 (0x00988b33) add     s6, a7, s1
core   0: 3 0x8000a0f8 (0x00988b33) x22 0x80f17015
core   0: 0x8000a0fc (0x405dd913) srai    s2, s11, 5
core   0: 3 0x8000a0fc (0x405dd913) x18 0x00000000
core   0: 0x8000a100 (0x0120c7b3) xor     a5, ra, s2
core   0: 3 0x8000a100 (0x0120c7b3) x15 0xbb623000
core   0: 0x8000a104 (0x002b0a33) add     s4, s6, sp
core   0: 3 0x8000a104 (0x002b0a33) x20 0x78f18061
core   0: 0x8000a108 (0x007ff333) and     t1, t6, t2
core   0: 3 0x8000a108 (0x007ff333) x 6 0x00000000
core   0: 0x8000a10c (0x0125df93) srli    t6, a1, 18
core   0: 3 0x8000a10c (0x0125df93) x31 0x00002000
core   0: 0x8000a110 (0x01e89b13) slli    s6, a7, 30
core   0: 3 0x8000a110 (0x01e89b13) x22 0x40000000
core   0: 0x8000a114 (0x76e02193) slti    gp, zero, 1902
core   0: 3 0x8000a114 (0x76e02193) x 3 0x00000001
core   0: 0x8000a118 (0x01a80bb3) add     s7, a6, s10
core   0: 3 0x8000a118 (0x01a80bb3) x23 0xf8001009
core   0: 0x8000a11c (0x01f59f13) slli    t5, a1, 31
core   0: 3 0x8000a11c (0x01f59f13) x30 0x00000000
core   0: 0x8000a120 (0x011f5713) srli    a4, t5, 17
core   0: 3 0x8000a120 (0x011f5713) x14 0x00000000
core   0: 0x8000a124 (0xbfb42313) slti    t1, s0, -1029
core   0: 3 0x8000a124 (0xbfb42313) x 6 0x00000001
core   0: 0x8000a128 (0xaf548a93) addi    s5, s1, -1291
core   0: 3 0x8000a128 (0xaf548a93) x21 0x80f16b05
core   0: 0x8000a12c (0x0028a6b3) slt     a3, a7, sp
core   0: 3 0x8000a12c (0x0028a6b3) x13 0x00000000
core   0: 0x8000a130 (0x01fe1633) sll     a2, t3, t6
core   0: 3 0x8000a130 (0x01fe1633) x12 0xbb623001
core   0: 0x8000a134 (0x95383813) sltiu   a6, a6, -1709
core   0: 3 0x8000a134 (0x95383813) x16 0x00000001
core   0: 0x8000a138 (0xc1f48393) addi    t2, s1, -993
core   0: 3 0x8000a138 (0xc1f48393) x 7 0x80f16c2f
core   0: 0x8000a13c (0x415cdb13) srai    s6, s9, 21
core   0: 3 0x8000a13c (0x415cdb13) x22 0xfffffc00
core   0: 0x8000a140 (0x0187f733) and     a4, a5, s8
core   0: 3 0x8000a140 (0x0187f733) x14 0x00000000
core   0: 0x8000a144 (0x00000013) nop
core   0: 3 0x8000a144 (0x00000013)
core   0: 0x8000a148 (0x001200b3) add     ra, tp, ra
core   0: 3 0x8000a148 (0x001200b3) x 1 0x3b634e64
core   0: 0x8000a14c (0x00b08333) add     t1, ra, a1
core   0: 3 0x8000a14c (0x00b08333) x 6 0xbb6351b0
core   0: 0x8000a150 (0xf763f917) auipc   s2, 0xf763f
core   0: 3 0x8000a150 (0xf763f917) x18 0x77649150
core   0: 0x8000a154 (0x416d8633) sub     a2, s11, s6
core   0: 3 0x8000a154 (0x416d8633) x12 0x00000400
core   0: 0x8000a158 (0x383c0b93) addi    s7, s8, 899
core   0: 3 0x8000a158 (0x383c0b93) x23 0x00000383
core   0: 0x8000a15c (0x008847b3) xor     a5, a6, s0
core   0: 3 0x8000a15c (0x008847b3) x15 0x8000034d
core   0: 0x8000a160 (0x417d50b3) sra     ra, s10, s7
core   0: 3 0x8000a160 (0x417d50b3) x 1 0xff000201
core   0: 0x8000a164 (0x7e9aa013) slti    zero, s5, 2025
core   0: 3 0x8000a164 (0x7e9aa013)
core   0: 0x8000a168 (0xbce03e17) auipc   t3, 0xbce03
core   0: 3 0x8000a168 (0xbce03e17) x28 0x3ce0d168
core   0: 0x8000a16c (0x00000013) nop
core   0: 3 0x8000a16c (0x00000013)
core   0: 0x8000a170 (0x015117b3) sll     a5, sp, s5
core   0: 3 0x8000a170 (0x015117b3) x15 0x00020980
core   0: 0x8000a174 (0x40abdb93) srai    s7, s7, 10
core   0: 3 0x8000a174 (0x40abdb93) x23 0x00000000
core   0: 0x8000a178 (0x00371f13) slli    t5, a4, 3
core   0: 3 0x8000a178 (0x00371f13) x30 0x00000000
core   0: 0x8000a17c (0x019d17b3) sll     a5, s10, s9
core   0: 3 0x8000a17c (0x019d17b3) x15 0x01008000
core   0: 0x8000a180 (0x40ed0733) sub     a4, s10, a4
core   0: 3 0x8000a180 (0x40ed0733) x14 0xf8001008
core   0: 0x8000a184 (0x41735013) srai    zero, t1, 23
core   0: 3 0x8000a184 (0x41735013)
core   0: 0x8000a188 (0x016b9e13) slli    t3, s7, 22
core   0: 3 0x8000a188 (0x016b9e13) x28 0x00000000
core   0: 0x8000a18c (0x006f1193) slli    gp, t5, 6
core   0: 3 0x8000a18c (0x006f1193) x 3 0x00000000
core   0: 0x8000a190 (0x1144f693) andi    a3, s1, 276
core   0: 3 0x8000a190 (0x1144f693) x13 0x00000010
core   0: 0x8000a194 (0x3eaac693) xori    a3, s5, 1002
core   0: 3 0x8000a194 (0x3eaac693) x13 0x80f168ef
core   0: 0x8000a198 (0x075cf293) andi    t0, s9, 117
core   0: 3 0x8000a198 (0x075cf293) x 5 0x00000044
core   0: 0x8000a19c (0x4054d313) srai    t1, s1, 5
core   0: 3 0x8000a19c (0x4054d313) x 6 0xfc078b80
core   0: 0x8000a1a0 (0x4059d8b3) sra     a7, s3, t0
core   0: 3 0x8000a1a0 (0x4059d8b3) x17 0xf8000000
core   0: 0x8000a1a4 (0xa9990a13) addi    s4, s2, -1383
core   0: 3 0x8000a1a4 (0xa9990a13) x20 0x77648be9
core   0: 0x8000a1a8 (0xaa280693) addi    a3, a6, -1374
core   0: 3 0x8000a1a8 (0xaa280693) x13 0xfffffaa3
core   0: 0x8000a1ac (0xfb99a713) slti    a4, s3, -71
core   0: 3 0x8000a1ac (0xfb99a713) x14 0x00000001
core   0: 0x8000a1b0 (0x00ca1313) slli    t1, s4, 12
core   0: 3 0x8000a1b0 (0x00ca1313) x 6 0x48be9000
core   0: 0x8000a1b4 (0x9bb92b93) slti    s7, s2, -1605
core   0: 3 0x8000a1b4 (0x9bb92b93) x23 0x00000000
core   0: 0x8000a1b8 (0x01f25693) srli    a3, tp, 31
core   0: 3 0x8000a1b8 (0x01f25693) x13 0x00000001
core   0: 0x8000a1bc (0x415ddbb3) sra     s7, s11, s5
core   0: 3 0x8000a1bc (0x415ddbb3) x23 0x00000000
core   0: 0x8000a1c0 (0x01a8b3b3) sltu    t2, a7, s10
core   0: 3 0x8000a1c0 (0x01a8b3b3) x 7 0x00000001
core   0: 0x8000a1c4 (0x41b30c33) sub     s8, t1, s11
core   0: 3 0x8000a1c4 (0x41b30c33) x24 0x48be9000
core   0: 0x8000a1c8 (0x0094d593) srli    a1, s1, 9
core   0: 3 0x8000a1c8 (0x0094d593) x11 0x004078b8
core   0: 0x8000a1cc (0x00876ab3) or      s5, a4, s0
core   0: 3 0x8000a1cc (0x00876ab3) x21 0x8000034d
core   0: 0x8000a1d0 (0xe8306313) ori     t1, zero, -381
core   0: 3 0x8000a1d0 (0xe8306313) x 6 0xfffffe83
core   0: 0x8000a1d4 (0x732e2593) slti    a1, t3, 1842
core   0: 3 0x8000a1d4 (0x732e2593) x11 0x00000001
core   0: 0x8000a1d8 (0x405086b3) sub     a3, ra, t0
core   0: 3 0x8000a1d8 (0x405086b3) x13 0xff0001bd
core   0: 0x8000a1dc (0x01e17e33) and     t3, sp, t5
core   0: 3 0x8000a1dc (0x01e17e33) x28 0x00000000
core   0: 0x8000a1e0 (0x37d64c93) xori    s9, a2, 893
core   0: 3 0x8000a1e0 (0x37d64c93) x25 0x0000077d
core   0: 0x8000a1e4 (0x01db1133) sll     sp, s6, t4
core   0: 3 0x8000a1e4 (0x01db1133) x 2 0xfffff800
core   0: 0x8000a1e8 (0x91a32c13) slti    s8, t1, -1766
core   0: 3 0x8000a1e8 (0x91a32c13) x24 0x00000000
core   0: 0x8000a1ec (0x01609733) sll     a4, ra, s6
core   0: 3 0x8000a1ec (0x01609733) x14 0xff000201
core   0: 0x8000a1f0 (0x1b2ae593) ori     a1, s5, 434
core   0: 3 0x8000a1f0 (0x1b2ae593) x11 0x800003ff
core   0: 0x8000a1f4 (0x00000013) nop
core   0: 3 0x8000a1f4 (0x00000013)
core   0: 0x8000a1f8 (0xbcc82593) slti    a1, a6, -1076
core   0: 3 0x8000a1f8 (0xbcc82593) x11 0x00000000
core   0: 0x8000a1fc (0xe037e393) ori     t2, a5, -509
core   0: 3 0x8000a1fc (0xe037e393) x 7 0xfffffe03
core   0: 0x8000a200 (0x01b8da93) srli    s5, a7, 27
core   0: 3 0x8000a200 (0x01b8da93) x21 0x0000001f
core   0: 0x8000a204 (0xf7116a13) ori     s4, sp, -143
core   0: 3 0x8000a204 (0xf7116a13) x20 0xffffff71
core   0: 0x8000a208 (0x01475e13) srli    t3, a4, 20
core   0: 3 0x8000a208 (0x01475e13) x28 0x00000ff0
core   0: 0x8000a20c (0x004398b3) sll     a7, t2, tp
core   0: 3 0x8000a20c (0x004398b3) x17 0xffffe030
core   0: 0x8000a210 (0x01f81c13) slli    s8, a6, 31
core   0: 3 0x8000a210 (0x01f81c13) x24 0x80000000
core   0: 0x8000a214 (0x40215933) sra     s2, sp, sp
core   0: 3 0x8000a214 (0x40215933) x18 0xfffff800
core   0: 0x8000a218 (0x01da1a33) sll     s4, s4, t4
core   0: 3 0x8000a218 (0x01da1a33) x20 0xfffffee2
core   0: 0x8000a21c (0xdc1f92b7) lui     t0, 0xdc1f9
core   0: 3 0x8000a21c (0xdc1f92b7) x 5 0xdc1f9000
core   0: 0x8000a220 (0x7d544793) xori    a5, s0, 2005
core   0: 3 0x8000a220 (0x7d544793) x15 0x80000499
core   0: 0x8000a224 (0x40e0dc93) srai    s9, ra, 14
core   0: 3 0x8000a224 (0x40e0dc93) x25 0xfffffc00
core   0: 0x8000a228 (0x4075d193) srai    gp, a1, 7
core   0: 3 0x8000a228 (0x4075d193) x 3 0x00000000
core   0: 0x8000a22c (0x01a6f0b3) and     ra, a3, s10
core   0: 3 0x8000a22c (0x01a6f0b3) x 1 0xf8000008
core   0: 0x8000a230 (0x00c1dd93) srli    s11, gp, 12
core   0: 3 0x8000a230 (0x00c1dd93) x27 0x00000000
core   0: 0x8000a234 (0x001a5f93) srli    t6, s4, 1
core   0: 3 0x8000a234 (0x001a5f93) x31 0x7fffff71
core   0: 0x8000a238 (0x3fd35c17) auipc   s8, 0x3fd35
core   0: 3 0x8000a238 (0x3fd35c17) x24 0xbfd3f238
core   0: 0x8000a23c (0x9898c697) auipc   a3, 0x9898c
core   0: 3 0x8000a23c (0x9898c697) x13 0x1899623c
core   0: 0x8000a240 (0x00ba42b3) xor     t0, s4, a1
core   0: 3 0x8000a240 (0x00ba42b3) x 5 0xfffffee2
core   0: 0x8000a244 (0x4458eb13) ori     s6, a7, 1093
core   0: 3 0x8000a244 (0x4458eb13) x22 0xffffe475
core   0: 0x8000a248 (0xa4bef193) andi    gp, t4, -1461
core   0: 3 0x8000a248 (0xa4bef193) x 3 0x00000001
core   0: 0x8000a24c (0x00015ab3) srl     s5, sp, zero
core   0: 3 0x8000a24c (0x00015ab3) x21 0xfffff800
core   0: 0x8000a250 (0x011a1b93) slli    s7, s4, 17
core   0: 3 0x8000a250 (0x011a1b93) x23 0xfdc40000
core   0: 0x8000a254 (0x4061de33) sra     t3, gp, t1
core   0: 3 0x8000a254 (0x4061de33) x28 0x00000000
core   0: 0x8000a258 (0x40828333) sub     t1, t0, s0
core   0: 3 0x8000a258 (0x40828333) x 6 0x7ffffb96
core   0: 0x8000a25c (0x018febb3) or      s7, t6, s8
core   0: 3 0x8000a25c (0x018febb3) x23 0xffffff79
core   0: 0x8000a260 (0xd93c0e13) addi    t3, s8, -621
core   0: 3 0x8000a260 (0xd93c0e13) x28 0xbfd3efcb
core   0: 0x8000a264 (0x0b2aa813) slti    a6, s5, 178
core   0: 3 0x8000a264 (0x0b2aa813) x16 0x00000001
core   0: 0x8000a268 (0x00533633) sltu    a2, t1, t0
core   0: 3 0x8000a268 (0x00533633) x12 0x00000001
core   0: 0x8000a26c (0xc99c6b93) ori     s7, s8, -871
core   0: 3 0x8000a26c (0xc99c6b93) x23 0xfffffeb9
core   0: 0x8000a270 (0x00000013) nop
core   0: 3 0x8000a270 (0x00000013)
core   0: 0x8000a274 (0x00000013) nop
core   0: 3 0x8000a274 (0x00000013)
core   0: 0x8000a278 (0x00ee4033) xor     zero, t3, a4
core   0: 3 0x8000a278 (0x00ee4033)
core   0: 0x8000a27c (0x012ac7b3) xor     a5, s5, s2
core   0: 3 0x8000a27c (0x012ac7b3) x15 0x00000000
core   0: 0x8000a280 (0x000bdd93) srli    s11, s7, 0
core   0: 3 0x8000a280 (0x000bdd93) x27 0xfffffeb9
core   0: 0x8000a284 (0x014e07b3) add     a5, t3, s4
core   0: 3 0x8000a284 (0x014e07b3) x15 0xbfd3eead
core   0: 0x8000a288 (0x41fc5e93) srai    t4, s8, 31
core   0: 3 0x8000a288 (0x41fc5e93) x29 0xffffffff
core   0: 0x8000a28c (0xba58f093) andi    ra, a7, -1115
core   0: 3 0x8000a28c (0xba58f093) x 1 0xffffe020
core   0: 0x8000a290 (0x00b881b3) add     gp, a7, a1
core   0: 3 0x8000a290 (0x00b881b3) x 3 0xffffe030
core   0: 0x8000a294 (0x78ef4493) xori    s1, t5, 1934
core   0: 3 0x8000a294 (0x78ef4493) x 9 0x0000078e
core   0: 0x8000a298 (0x003a9093) slli    ra, s5, 3
core   0: 3 0x8000a298 (0x003a9093) x 1 0xffffc000
core   0: 0x8000a29c (0x85550313) addi    t1, a0, -1963
core   0: 3 0x8000a29c (0x85550313) x 6 0x80015539
core   0: 0x8000a2a0 (0x00000013) nop
core   0: 3 0x8000a2a0 (0x00000013)
core   0: 0x8000a2a4 (0xfab8f297) auipc   t0, 0xfab8f
core   0: 3 0x8000a2a4 (0xfab8f297) x 5 0x7ab992a4
core   0: 0x8000a2a8 (0x01d43433) sltu    s0, s0, t4
core   0: 3 0x8000a2a8 (0x01d43433) x 8 0x00000001
core   0: 0x8000a2ac (0x012cc7b3) xor     a5, s9, s2
core   0: 3 0x8000a2ac (0x012cc7b3) x15 0x00000400
core   0: 0x8000a2b0 (0x0010aeb3) slt     t4, ra, ra
core   0: 3 0x8000a2b0 (0x0010aeb3) x29 0x00000000
core   0: 0x8000a2b4 (0xc5996f93) ori     t6, s2, -935
core   0: 3 0x8000a2b4 (0xc5996f93) x31 0xfffffc59
core   0: 0x8000a2b8 (0x005a8e33) add     t3, s5, t0
core   0: 3 0x8000a2b8 (0x005a8e33) x28 0x7ab98aa4
core   0: 0x8000a2bc (0x00005613) srli    a2, zero, 0
core   0: 3 0x8000a2bc (0x00005613) x12 0x00000000
core   0: 0x8000a2c0 (0x01b25693) srli    a3, tp, 27
core   0: 3 0x8000a2c0 (0x01b25693) x13 0x00000010
core   0: 0x8000a2c4 (0x41a45433) sra     s0, s0, s10
core   0: 3 0x8000a2c4 (0x41a45433) x 8 0x00000000
core   0: 0x8000a2c8 (0x41010eb3) sub     t4, sp, a6
core   0: 3 0x8000a2c8 (0x41010eb3) x29 0xfffff7ff
core   0: 0x8000a2cc (0x006d4e33) xor     t3, s10, t1
core   0: 3 0x8000a2cc (0x006d4e33) x28 0x78014531
core   0: 0x8000a2d0 (0x01181193) slli    gp, a6, 17
core   0: 3 0x8000a2d0 (0x01181193) x 3 0x00020000
core   0: 0x8000a2d4 (0x017886b3) add     a3, a7, s7
core   0: 3 0x8000a2d4 (0x017886b3) x13 0xffffdee9
core   0: 0x8000a2d8 (0x481d0013) addi    zero, s10, 1153
core   0: 3 0x8000a2d8 (0x481d0013)
core   0: 0x8000a2dc (0x008dd1b3) srl     gp, s11, s0
core   0: 3 0x8000a2dc (0x008dd1b3) x 3 0xfffffeb9
core   0: 0x8000a2e0 (0x011ea033) slt     zero, t4, a7
core   0: 3 0x8000a2e0 (0x011ea033)
core   0: 0x8000a2e4 (0xf9fe8013) addi    zero, t4, -97
core   0: 3 0x8000a2e4 (0xf9fe8013)
core   0: 0x8000a2e8 (0x41ca07b3) sub     a5, s4, t3
core   0: 3 0x8000a2e8 (0x41ca07b3) x15 0x87feb9b1
core   0: 0x8000a2ec (0x002676b3) and     a3, a2, sp
core   0: 3 0x8000a2ec (0x002676b3) x13 0x00000000
core   0: 0x8000a2f0 (0x01b42b13) slti    s6, s0, 27
core   0: 3 0x8000a2f0 (0x01b42b13) x22 0x00000001
core   0: 0x8000a2f4 (0x7a452d97) auipc   s11, 0x7a452
core   0: 3 0x8000a2f4 (0x7a452d97) x27 0xfa45c2f4
core   0: 0x8000a2f8 (0x00bd68b3) or      a7, s10, a1
core   0: 3 0x8000a2f8 (0x00bd68b3) x17 0xf8001008
core   0: 0x8000a2fc (0x00b99fb3) sll     t6, s3, a1
core   0: 3 0x8000a2fc (0x00b99fb3) x31 0x80000000
core   0: 0x8000a300 (0x409b86b3) sub     a3, s7, s1
core   0: 3 0x8000a300 (0x409b86b3) x13 0xfffff72b
core   0: 0x8000a304 (0xf1189d37) lui     s10, 0xf1189
core   0: 3 0x8000a304 (0xf1189d37) x26 0xf1189000
core   0: 0x8000a308 (0x00a1acb3) slt     s9, gp, a0
core   0: 3 0x8000a308 (0x00a1acb3) x25 0x00000000
core   0: 0x8000a30c (0x00000013) nop
core   0: 3 0x8000a30c (0x00000013)
core   0: 0x8000a310 (0x00dda033) slt     zero, s11, a3
core   0: 3 0x8000a310 (0x00dda033)
core   0: 0x8000a314 (0xbcad6d93) ori     s11, s10, -1078
core   0: 3 0x8000a314 (0xbcad6d93) x27 0xfffffbca
core   0: 0x8000a318 (0x00318a33) add     s4, gp, gp
core   0: 3 0x8000a318 (0x00318a33) x20 0xfffffd72
core   0: 0x8000a31c (0x00ab81b3) add     gp, s7, a0
core   0: 3 0x8000a31c (0x00ab81b3) x 3 0x80015b9d
core   0: 0x8000a320 (0xe475c713) xori    a4, a1, -441
core   0: 3 0x8000a320 (0xe475c713) x14 0xfffffe47
core   0: 0x8000a324 (0x00091ab3) sll     s5, s2, zero
core   0: 3 0x8000a324 (0x00091ab3) x21 0xfffff800
core   0: 0x8000a328 (0x01c206b3) add     a3, tp, t3
core   0: 3 0x8000a328 (0x01c206b3) x13 0xf8026395
core   0: 0x8000a32c (0xa3e72e13) slti    t3, a4, -1474
core   0: 3 0x8000a32c (0xa3e72e13) x28 0x00000000
core   0: 0x8000a330 (0xf36f7417) auipc   s0, 0xf36f7
core   0: 3 0x8000a330 (0xf36f7417) x 8 0x73701330
core   0: 0x8000a334 (0x40f28133) sub     sp, t0, a5
core   0: 3 0x8000a334 (0x40f28133) x 2 0xf2bad8f3
core   0: 0x8000a338 (0xe33ebe93) sltiu   t4, t4, -461
core   0: 3 0x8000a338 (0xe33ebe93) x29 0x00000001
core   0: 0x8000a33c (0x01dbf5b3) and     a1, s7, t4
core   0: 3 0x8000a33c (0x01dbf5b3) x11 0x00000001
core   0: 0x8000a340 (0x00000013) nop
core   0: 3 0x8000a340 (0x00000013)
core   0: 0x8000a344 (0x00c82833) slt     a6, a6, a2
core   0: 3 0x8000a344 (0x00c82833) x16 0x00000000
core   0: 0x8000a348 (0x401ed933) sra     s2, t4, ra
core   0: 3 0x8000a348 (0x401ed933) x18 0x00000001
core   0: 0x8000a34c (0x00c970b3) and     ra, s2, a2
core   0: 3 0x8000a34c (0x00c970b3) x 1 0x00000000
core   0: 0x8000a350 (0x01497fb3) and     t6, s2, s4
core   0: 3 0x8000a350 (0x01497fb3) x31 0x00000000
core   0: 0x8000a354 (0xf7fb8913) addi    s2, s7, -129
core   0: 3 0x8000a354 (0xf7fb8913) x18 0xfffffe38
core   0: 0x8000a358 (0x780fad93) slti    s11, t6, 1920
core   0: 3 0x8000a358 (0x780fad93) x27 0x00000001
core   0: 0x8000a35c (0x01291c13) slli    s8, s2, 18
core   0: 3 0x8000a35c (0x01291c13) x24 0xf8e00000
core   0: 0x8000a360 (0x65238113) addi    sp, t2, 1618
core   0: 3 0x8000a360 (0x65238113) x 2 0x00000455
core   0: 0x8000a364 (0xafe0a713) slti    a4, ra, -1282
core   0: 3 0x8000a364 (0xafe0a713) x14 0x00000000
core   0: 0x8000a368 (0x01b19833) sll     a6, gp, s11
core   0: 3 0x8000a368 (0x01b19833) x16 0x0002b73a
core   0: 0x8000a36c (0x019062b3) or      t0, zero, s9
core   0: 3 0x8000a36c (0x019062b3) x 5 0x00000000
core   0: 0x8000a370 (0x015ec0b3) xor     ra, t4, s5
core   0: 3 0x8000a370 (0x015ec0b3) x 1 0xfffff801
core   0: 0x8000a374 (0x413ed6b3) sra     a3, t4, s3
core   0: 3 0x8000a374 (0x413ed6b3) x13 0x00000001
core   0: 0x8000a378 (0x410f8db3) sub     s11, t6, a6
core   0: 3 0x8000a378 (0x410f8db3) x27 0xfffd48c6
core   0: 0x8000a37c (0xa1e14e37) lui     t3, 0xa1e14
core   0: 3 0x8000a37c (0xa1e14e37) x28 0xa1e14000
core   0: 0x8000a380 (0xd19d2e93) slti    t4, s10, -743
core   0: 3 0x8000a380 (0xd19d2e93) x29 0x00000001
core   0: 0x8000a384 (0x004dbb33) sltu    s6, s11, tp
core   0: 3 0x8000a384 (0x004dbb33) x22 0x00000000
core   0: 0x8000a388 (0x5ec13f13) sltiu   t5, sp, 1516
core   0: 3 0x8000a388 (0x5ec13f13) x30 0x00000001
core   0: 0x8000a38c (0x018d01b3) add     gp, s10, s8
core   0: 3 0x8000a38c (0x018d01b3) x 3 0xe9f89000
core   0: 0x8000a390 (0x832ad6b7) lui     a3, 0x832ad
core   0: 3 0x8000a390 (0x832ad6b7) x13 0x832ad000
core   0: 0x8000a394 (0xcef32613) slti    a2, t1, -785
core   0: 3 0x8000a394 (0xcef32613) x12 0x00000001
core   0: 0x8000a398 (0x01d8d333) srl     t1, a7, t4
core   0: 3 0x8000a398 (0x01d8d333) x 6 0x7c000804
core   0: 0x8000a39c (0x41770f13) addi    t5, a4, 1047
core   0: 3 0x8000a39c (0x41770f13) x30 0x00000417
core   0: 0x8000a3a0 (0x40a55a93) srai    s5, a0, 10
core   0: 3 0x8000a3a0 (0x40a55a93) x21 0xffe00057
core   0: 0x8000a3a4 (0x40fe5b33) sra     s6, t3, a5
core   0: 3 0x8000a3a4 (0x40fe5b33) x22 0xffffd0f0
core   0: 0x8000a3a8 (0x00d4d893) srli    a7, s1, 13
core   0: 3 0x8000a3a8 (0x00d4d893) x17 0x00000000
core   0: 0x8000a3ac (0x01c2cb33) xor     s6, t0, t3
core   0: 3 0x8000a3ac (0x01c2cb33) x22 0xa1e14000
core   0: 0x8000a3b0 (0xbfc70b17) auipc   s6, 0xbfc70
core   0: 3 0x8000a3b0 (0xbfc70b17) x22 0x3fc7a3b0
core   0: 0x8000a3b4 (0xce8aef13) ori     t5, s5, -792
core   0: 3 0x8000a3b4 (0xce8aef13) x30 0xfffffcff
core   0: 0x8000a3b8 (0x00edc033) xor     zero, s11, a4
core   0: 3 0x8000a3b8 (0x00edc033)
core   0: 0x8000a3bc (0x41f3d833) sra     a6, t2, t6
core   0: 3 0x8000a3bc (0x41f3d833) x16 0xfffffe03
core   0: 0x8000a3c0 (0x4059d913) srai    s2, s3, 5
core   0: 3 0x8000a3c0 (0x4059d913) x18 0xfc000000
core   0: 0x8000a3c4 (0x8664f717) auipc   a4, 0x8664f
core   0: 3 0x8000a3c4 (0x8664f717) x14 0x066593c4
core   0: 0x8000a3c8 (0x416f0bb3) sub     s7, t5, s6
core   0: 3 0x8000a3c8 (0x416f0bb3) x23 0xc038594f
core   0: 0x8000a3cc (0xabe03893) sltiu   a7, zero, -1346
core   0: 3 0x8000a3cc (0xabe03893) x17 0x00000001
core   0: 0x8000a3d0 (0x012ad033) srl     zero, s5, s2
core   0: 3 0x8000a3d0 (0x012ad033)
core   0: 0x8000a3d4 (0x16456713) ori     a4, a0, 356
core   0: 3 0x8000a3d4 (0x16456713) x14 0x80015de4
core   0: 0x8000a3d8 (0x00a185b3) add     a1, gp, a0
core   0: 3 0x8000a3d8 (0x00a185b3) x11 0x69f9ece4
core   0: 0x8000a3dc (0x42ed2d13) slti    s10, s10, 1070
core   0: 3 0x8000a3dc (0x42ed2d13) x26 0x00000001
core   0: 0x8000a3e0 (0x00171f93) slli    t6, a4, 1
core   0: 3 0x8000a3e0 (0x00171f93) x31 0x0002bbc8
core   0: 0x8000a3e4 (0x80000eb7) lui     t4, 0x80000
core   0: 3 0x8000a3e4 (0x80000eb7) x29 0x80000000
core   0: 0x8000a3e8 (0x00000d93) li      s11, 0
core   0: 3 0x8000a3e8 (0x00000d93) x27 0x00000000
core   0: 0x8000a3ec (0x802265b7) lui     a1, 0x80226
core   0: 3 0x8000a3ec (0x802265b7) x11 0x80226000
core   0: 0x8000a3f0 (0xf4058593) addi    a1, a1, -192
core   0: 3 0x8000a3f0 (0xf4058593) x11 0x80225f40
core   0: 0x8000a3f4 (0x80000b37) lui     s6, 0x80000
core   0: 3 0x8000a3f4 (0x80000b37) x22 0x80000000
core   0: 0x8000a3f8 (0x800008b7) lui     a7, 0x80000
core   0: 3 0x8000a3f8 (0x800008b7) x17 0x80000000
core   0: 0x8000a3fc (0x00000c93) li      s9, 0
core   0: 3 0x8000a3fc (0x00000c93) x25 0x00000000
core   0: 0x8000a400 (0xb67ac737) lui     a4, 0xb67ac
core   0: 3 0x8000a400 (0xb67ac737) x14 0xb67ac000
core   0: 0x8000a404 (0xa5070713) addi    a4, a4, -1456
core   0: 3 0x8000a404 (0xa5070713) x14 0xb67aba50
core   0: 0x8000a408 (0x00000f13) li      t5, 0
core   0: 3 0x8000a408 (0x00000f13) x30 0x00000000
core   0: 0x8000a40c (0x800007b7) lui     a5, 0x80000
core   0: 3 0x8000a40c (0x800007b7) x15 0x80000000
core   0: 0x8000a410 (0x800006b7) lui     a3, 0x80000
core   0: 3 0x8000a410 (0x800006b7) x13 0x80000000
core   0: 0x8000a414 (0x3494c5b7) lui     a1, 0x3494c
core   0: 3 0x8000a414 (0x3494c5b7) x11 0x3494c000
core   0: 0x8000a418 (0x016886b3) add     a3, a7, s6
core   0: 3 0x8000a418 (0x016886b3) x13 0x00000000
core   0: 0x8000a41c (0x5dbc9697) auipc   a3, 0x5dbc9
core   0: 3 0x8000a41c (0x5dbc9697) x13 0xddbd341c
core   0: 0x8000a420 (0x01d706b3) add     a3, a4, t4
core   0: 3 0x8000a420 (0x01d706b3) x13 0x367aba50
core   0: 0x8000a424 (0x40f888b3) sub     a7, a7, a5
core   0: 3 0x8000a424 (0x40f888b3) x17 0x00000000
core   0: 0x8000a428 (0xdceb1c97) auipc   s9, 0xdceb1
core   0: 3 0x8000a428 (0xdceb1c97) x25 0x5cebb428
core   0: 0x8000a42c (0x416587b3) sub     a5, a1, s6
core   0: 3 0x8000a42c (0x416587b3) x15 0xb494c000
core   0: 0x8000a430 (0x8d7b3cb7) lui     s9, 0x8d7b3
core   0: 3 0x8000a430 (0x8d7b3cb7) x25 0x8d7b3000
core   0: 0x8000a434 (0x109a0597) auipc   a1, 0x109a0
core   0: 3 0x8000a434 (0x109a0597) x11 0x909aa434
core   0: 0x8000a438 (0x00000013) nop
core   0: 3 0x8000a438 (0x00000013)
core   0: 0x8000a43c (0x40d587b3) sub     a5, a1, a3
core   0: 3 0x8000a43c (0x40d587b3) x15 0x5a1fe9e4
core   0: 0x8000a440 (0x41ef08b3) sub     a7, t5, t5
core   0: 3 0x8000a440 (0x41ef08b3) x17 0x00000000
core   0: 0x8000a444 (0x35793c97) auipc   s9, 0x35793
core   0: 3 0x8000a444 (0x35793c97) x25 0xb579d444
core   0: 0x8000a448 (0xcca88e93) addi    t4, a7, -822
core   0: 3 0x8000a448 (0xcca88e93) x29 0xfffffcca
core   0: 0x8000a44c (0xe5fd8713) addi    a4, s11, -417
core   0: 3 0x8000a44c (0xe5fd8713) x14 0xfffffe5f
core   0: 0x8000a450 (0x00000013) nop
core   0: 3 0x8000a450 (0x00000013)
core   0: 0x8000a454 (0xacba5897) auipc   a7, 0xacba5
core   0: 3 0x8000a454 (0xacba5897) x17 0x2cbaf454
core   0: 0x8000a458 (0x14747f37) lui     t5, 0x14747
core   0: 3 0x8000a458 (0x14747f37) x30 0x14747000
core   0: 0x8000a45c (0x00f887b3) add     a5, a7, a5
core   0: 3 0x8000a45c (0x00f887b3) x15 0x86dade38
core   0: 0x8000a460 (0x7cdd8e93) addi    t4, s11, 1997
core   0: 3 0x8000a460 (0x7cdd8e93) x29 0x000007cd
core   0: 0x8000a464 (0x419c8733) sub     a4, s9, s9
core   0: 3 0x8000a464 (0x419c8733) x14 0x00000000
core   0: 0x8000a468 (0x4e6b0d93) addi    s11, s6, 1254
core   0: 3 0x8000a468 (0x4e6b0d93) x27 0x800004e6
core   0: 0x8000a46c (0x190145b7) lui     a1, 0x19014
core   0: 3 0x8000a46c (0x190145b7) x11 0x19014000
core   0: 0x8000a470 (0xc47ba797) auipc   a5, 0xc47ba
core   0: 3 0x8000a470 (0xc47ba797) x15 0x447c4470
core   0: 0x8000a474 (0x00000013) nop
core   0: 3 0x8000a474 (0x00000013)
core   0: 0x8000a478 (0x01ab1913) slli    s2, s6, 26
core   0: 3 0x8000a478 (0x01ab1913) x18 0x00000000
core   0: 0x8000a47c (0x00d3f0b3) and     ra, t2, a3
core   0: 3 0x8000a47c (0x00d3f0b3) x 1 0x367aba00
core   0: 0x8000a480 (0x01e32db3) slt     s11, t1, t5
core   0: 3 0x8000a480 (0x01e32db3) x27 0x00000000
core   0: 0x8000a484 (0x00000013) nop
core   0: 3 0x8000a484 (0x00000013)
core   0: 0x8000a488 (0x8bb4f497) auipc   s1, 0x8bb4f
core   0: 3 0x8000a488 (0x8bb4f497) x 9 0x0bb59488
core   0: 0x8000a48c (0x0051ec33) or      s8, gp, t0
core   0: 3 0x8000a48c (0x0051ec33) x24 0xe9f89000
core   0: 0x8000a490 (0x00b7b133) sltu    sp, a5, a1
core   0: 3 0x8000a490 (0x00b7b133) x 2 0x00000000
core   0: 0x8000a494 (0x40a05713) srai    a4, zero, 10
core   0: 3 0x8000a494 (0x40a05713) x14 0x00000000
core   0: 0x8000a498 (0x409c0d33) sub     s10, s8, s1
core   0: 3 0x8000a498 (0x409c0d33) x26 0xde42fb78
core   0: 0x8000a49c (0x00779113) slli    sp, a5, 7
core   0: 3 0x8000a49c (0x00779113) x 2 0x3e223800
core   0: 0x8000a4a0 (0x00f8b2b3) sltu    t0, a7, a5
core   0: 3 0x8000a4a0 (0x00f8b2b3) x 5 0x00000001
core   0: 0x8000a4a4 (0x014b1d13) slli    s10, s6, 20
core   0: 3 0x8000a4a4 (0x014b1d13) x26 0x00000000
core   0: 0x8000a4a8 (0x00b458b3) srl     a7, s0, a1
core   0: 3 0x8000a4a8 (0x00b458b3) x17 0x73701330
core   0: 0x8000a4ac (0x40d4de13) srai    t3, s1, 13
core   0: 3 0x8000a4ac (0x40d4de13) x28 0x00005dac
core   0: 0x8000a4b0 (0x3ca10a37) lui     s4, 0x3ca10
core   0: 3 0x8000a4b0 (0x3ca10a37) x20 0x3ca10000
core   0: 0x8000a4b4 (0x8efefb93) andi    s7, t4, -1809
core   0: 3 0x8000a4b4 (0x8efefb93) x23 0x000000cd
core   0: 0x8000a4b8 (0x00642ab3) slt     s5, s0, t1
core   0: 3 0x8000a4b8 (0x00642ab3) x21 0x00000001
core   0: 0x8000a4bc (0x89416193) ori     gp, sp, -1900
core   0: 3 0x8000a4bc (0x89416193) x 3 0xfffff894
core   0: 0x8000a4c0 (0x412a5593) srai    a1, s4, 18
core   0: 3 0x8000a4c0 (0x412a5593) x11 0x00000f28
core   0: 0x8000a4c4 (0x003353b3) srl     t2, t1, gp
core   0: 3 0x8000a4c4 (0x003353b3) x 7 0x000007c0
core   0: 0x8000a4c8 (0xe5f3b913) sltiu   s2, t2, -417
core   0: 3 0x8000a4c8 (0xe5f3b913) x18 0x00000001
core   0: 0x8000a4cc (0x40d25f93) srai    t6, tp, 13
core   0: 3 0x8000a4cc (0x40d25f93) x31 0xfffc0008
core   0: 0x8000a4d0 (0x01c4a6b3) slt     a3, s1, t3
core   0: 3 0x8000a4d0 (0x01c4a6b3) x13 0x00000000
core   0: 0x8000a4d4 (0x7a52c897) auipc   a7, 0x7a52c
core   0: 3 0x8000a4d4 (0x7a52c897) x17 0xfa5364d4
core   0: 0x8000a4d8 (0x5710d3b7) lui     t2, 0x5710d
core   0: 3 0x8000a4d8 (0x5710d3b7) x 7 0x5710d000
core   0: 0x8000a4dc (0x00b2d633) srl     a2, t0, a1
core   0: 3 0x8000a4dc (0x00b2d633) x12 0x00000000
core   0: 0x8000a4e0 (0x41fada33) sra     s4, s5, t6
core   0: 3 0x8000a4e0 (0x41fada33) x20 0x00000000
core   0: 0x8000a4e4 (0x013221b3) slt     gp, tp, s3
core   0: 3 0x8000a4e4 (0x013221b3) x 3 0x00000000
core   0: 0x8000a4e8 (0x00d9adb3) slt     s11, s3, a3
core   0: 3 0x8000a4e8 (0x00d9adb3) x27 0x00000001
core   0: 0x8000a4ec (0x5ed3f413) andi    s0, t2, 1517
core   0: 3 0x8000a4ec (0x5ed3f413) x 8 0x00000000
core   0: 0x8000a4f0 (0x0c714593) xori    a1, sp, 199
core   0: 3 0x8000a4f0 (0x0c714593) x11 0x3e2238c7
core   0: 0x8000a4f4 (0x0073acb3) slt     s9, t2, t2
core   0: 3 0x8000a4f4 (0x0073acb3) x25 0x00000000
core   0: 0x8000a4f8 (0x016e8c33) add     s8, t4, s6
core   0: 3 0x8000a4f8 (0x016e8c33) x24 0x800007cd
core   0: 0x8000a4fc (0x7401cf13) xori    t5, gp, 1856
core   0: 3 0x8000a4fc (0x7401cf13) x30 0x00000740
core   0: 0x8000a500 (0x00a0d813) srli    a6, ra, 10
core   0: 3 0x8000a500 (0x00a0d813) x16 0x000d9eae
core   0: 0x8000a504 (0xcb10bf13) sltiu   t5, ra, -847
core   0: 3 0x8000a504 (0xcb10bf13) x30 0x00000001
core   0: 0x8000a508 (0x07f1f193) andi    gp, gp, 127
core   0: 3 0x8000a508 (0x07f1f193) x 3 0x00000000
core   0: 0x8000a50c (0xb5ac2613) slti    a2, s8, -1190
core   0: 3 0x8000a50c (0xb5ac2613) x12 0x00000001
core   0: 0x8000a510 (0xfc7b4a93) xori    s5, s6, -57
core   0: 3 0x8000a510 (0xfc7b4a93) x21 0x7fffffc7
core   0: 0x8000a514 (0x7707a593) slti    a1, a5, 1904
core   0: 3 0x8000a514 (0x7707a593) x11 0x00000000
core   0: 0x8000a518 (0x00e75493) srli    s1, a4, 14
core   0: 3 0x8000a518 (0x00e75493) x 9 0x00000000
core   0: 0x8000a51c (0x932c2913) slti    s2, s8, -1742
core   0: 3 0x8000a51c (0x932c2913) x18 0x00000001
core   0: 0x8000a520 (0xe721c093) xori    ra, gp, -398
core   0: 3 0x8000a520 (0xe721c093) x 1 0xfffffe72
core   0: 0x8000a524 (0x9fdd0a93) addi    s5, s10, -1539
core   0: 3 0x8000a524 (0x9fdd0a93) x21 0xfffff9fd
core   0: 0x8000a528 (0x0147d713) srli    a4, a5, 20
core   0: 3 0x8000a528 (0x0147d713) x14 0x00000447
core   0: 0x8000a52c (0x53972b13) slti    s6, a4, 1337
core   0: 3 0x8000a52c (0x53972b13) x22 0x00000001
core   0: 0x8000a530 (0x4197da33) sra     s4, a5, s9
core   0: 3 0x8000a530 (0x4197da33) x20 0x447c4470
core   0: 0x8000a534 (0xb82ce413) ori     s0, s9, -1150
core   0: 3 0x8000a534 (0xb82ce413) x 8 0xfffffb82
core   0: 0x8000a538 (0x40a8d1b3) sra     gp, a7, a0
core   0: 3 0x8000a538 (0x40a8d1b3) x 3 0xffa5364d
core   0: 0x8000a53c (0xb22cb413) sltiu   s0, s9, -1246
core   0: 3 0x8000a53c (0xb22cb413) x 8 0x00000001
core   0: 0x8000a540 (0x0069df33) srl     t5, s3, t1
core   0: 3 0x8000a540 (0x0069df33) x30 0x08000000
core   0: 0x8000a544 (0x00310633) add     a2, sp, gp
core   0: 3 0x8000a544 (0x00310633) x12 0x3dc76e4d
core   0: 0x8000a548 (0x00221813) slli    a6, tp, 2
core   0: 3 0x8000a548 (0x00221813) x16 0x00047990
core   0: 0x8000a54c (0xe4532a13) slti    s4, t1, -443
core   0: 3 0x8000a54c (0xe4532a13) x20 0x00000000
core   0: 0x8000a550 (0x2aa1f793) andi    a5, gp, 682
core   0: 3 0x8000a550 (0x2aa1f793) x15 0x00000208
core   0: 0x8000a554 (0x00de92b3) sll     t0, t4, a3
core   0: 3 0x8000a554 (0x00de92b3) x 5 0x000007cd
core   0: 0x8000a558 (0x00d77733) and     a4, a4, a3
core   0: 3 0x8000a558 (0x00d77733) x14 0x00000000
core   0: 0x8000a55c (0x00ee5d13) srli    s10, t3, 14
core   0: 3 0x8000a55c (0x00ee5d13) x26 0x00000001
core   0: 0x8000a560 (0x00f3f033) and     zero, t2, a5
core   0: 3 0x8000a560 (0x00f3f033)
core   0: 0x8000a564 (0xc25328b7) lui     a7, 0xc2532
core   0: 3 0x8000a564 (0xc25328b7) x17 0xc2532000
core   0: 0x8000a568 (0x01a4c7b3) xor     a5, s1, s10
core   0: 3 0x8000a568 (0x01a4c7b3) x15 0x00000001
core   0: 0x8000a56c (0x67a32793) slti    a5, t1, 1658
core   0: 3 0x8000a56c (0x67a32793) x15 0x00000000
core   0: 0x8000a570 (0x0072d413) srli    s0, t0, 7
core   0: 3 0x8000a570 (0x0072d413) x 8 0x0000000f
core   0: 0x8000a574 (0x20d93597) auipc   a1, 0x20d93
core   0: 3 0x8000a574 (0x20d93597) x11 0xa0d9d574
core   0: 0x8000a578 (0x008f9bb3) sll     s7, t6, s0
core   0: 3 0x8000a578 (0x008f9bb3) x23 0x00040000
core   0: 0x8000a57c (0x01da80b3) add     ra, s5, t4
core   0: 3 0x8000a57c (0x01da80b3) x 1 0x000001ca
core   0: 0x8000a580 (0x005a1033) sll     zero, s4, t0
core   0: 3 0x8000a580 (0x005a1033)
core   0: 0x8000a584 (0x0123e133) or      sp, t2, s2
core   0: 3 0x8000a584 (0x0123e133) x 2 0x5710d001
core   0: 0x8000a588 (0x018953b3) srl     t2, s2, s8
core   0: 3 0x8000a588 (0x018953b3) x 7 0x00000000
core   0: 0x8000a58c (0x418053b3) sra     t2, zero, s8
core   0: 3 0x8000a58c (0x418053b3) x 7 0x00000000
core   0: 0x8000a590 (0x01279293) slli    t0, a5, 18
core   0: 3 0x8000a590 (0x01279293) x 5 0x00000000
core   0: 0x8000a594 (0x01173d33) sltu    s10, a4, a7
core   0: 3 0x8000a594 (0x01173d33) x26 0x00000001
core   0: 0x8000a598 (0x00d2dc13) srli    s8, t0, 13
core   0: 3 0x8000a598 (0x00d2dc13) x24 0x00000000
core   0: 0x8000a59c (0xad7e7e93) andi    t4, t3, -1321
core   0: 3 0x8000a59c (0xad7e7e93) x29 0x00005884
core   0: 0x8000a5a0 (0xf08ac137) lui     sp, 0xf08ac
core   0: 3 0x8000a5a0 (0xf08ac137) x 2 0xf08ac000
core   0: 0x8000a5a4 (0x72738293) addi    t0, t2, 1831
core   0: 3 0x8000a5a4 (0x72738293) x 5 0x00000727
core   0: 0x8000a5a8 (0x01cc1d33) sll     s10, s8, t3
core   0: 3 0x8000a5a8 (0x01cc1d33) x26 0x00000000
core   0: 0x8000a5ac (0x00f37e33) and     t3, t1, a5
core   0: 3 0x8000a5ac (0x00f37e33) x28 0x00000000
core   0: 0x8000a5b0 (0x41068c33) sub     s8, a3, a6
core   0: 3 0x8000a5b0 (0x41068c33) x24 0xfffb8670
core   0: 0x8000a5b4 (0x6d530297) auipc   t0, 0x6d530
core   0: 3 0x8000a5b4 (0x6d530297) x 5 0xed53a5b4
core   0: 0x8000a5b8 (0x0009b7b3) sltu    a5, s3, zero
core   0: 3 0x8000a5b8 (0x0009b7b3) x15 0x00000000
core   0: 0x8000a5bc (0x016bf1b3) and     gp, s7, s6
core   0: 3 0x8000a5bc (0x016bf1b3) x 3 0x00000000
core   0: 0x8000a5c0 (0x712b8193) addi    gp, s7, 1810
core   0: 3 0x8000a5c0 (0x712b8193) x 3 0x00040712
core   0: 0x8000a5c4 (0x00d1edb3) or      s11, gp, a3
core   0: 3 0x8000a5c4 (0x00d1edb3) x27 0x00040712
core   0: 0x8000a5c8 (0x01b94a33) xor     s4, s2, s11
core   0: 3 0x8000a5c8 (0x01b94a33) x20 0x00040713
core   0: 0x8000a5cc (0xc4032b93) slti    s7, t1, -960
core   0: 3 0x8000a5cc (0xc4032b93) x23 0x00000000
core   0: 0x8000a5d0 (0x00242d33) slt     s10, s0, sp
core   0: 3 0x8000a5d0 (0x00242d33) x26 0x00000000
core   0: 0x8000a5d4 (0x0120d813) srli    a6, ra, 18
core   0: 3 0x8000a5d4 (0x0120d813) x16 0x00000000
core   0: 0x8000a5d8 (0x4160dc13) srai    s8, ra, 22
core   0: 3 0x8000a5d8 (0x4160dc13) x24 0x00000000
core   0: 0x8000a5dc (0xecb58197) auipc   gp, 0xecb58
core   0: 3 0x8000a5dc (0xecb58197) x 3 0x6cb625dc
core   0: 0x8000a5e0 (0x01b38c33) add     s8, t2, s11
core   0: 3 0x8000a5e0 (0x01b38c33) x24 0x00040712
core   0: 0x8000a5e4 (0x00258db3) add     s11, a1, sp
core   0: 3 0x8000a5e4 (0x00258db3) x27 0x91649574
core   0: 0x8000a5e8 (0x3f81fe93) andi    t4, gp, 1016
core   0: 3 0x8000a5e8 (0x3f81fe93) x29 0x000001d8
core   0: 0x8000a5ec (0x00be5e93) srli    t4, t3, 11
core   0: 3 0x8000a5ec (0x00be5e93) x29 0x00000000
core   0: 0x8000a5f0 (0x4032dfb3) sra     t6, t0, gp
core   0: 3 0x8000a5f0 (0x4032dfb3) x31 0xfffffffe
core   0: 0x8000a5f4 (0x4c461a97) auipc   s5, 0x4c461
core   0: 3 0x8000a5f4 (0x4c461a97) x21 0xcc46b5f4
core   0: 0x8000a5f8 (0x013fabb3) slt     s7, t6, s3
core   0: 3 0x8000a5f8 (0x013fabb3) x23 0x00000000
core   0: 0x8000a5fc (0x00396f33) or      t5, s2, gp
core   0: 3 0x8000a5fc (0x00396f33) x30 0x6cb625dd
core   0: 0x8000a600 (0xa2e64193) xori    gp, a2, -1490
core   0: 3 0x8000a600 (0xa2e64193) x 3 0xc2389463
core   0: 0x8000a604 (0x402b5c13) srai    s8, s6, 2
core   0: 3 0x8000a604 (0x402b5c13) x24 0x00000000
core   0: 0x8000a608 (0x60263193) sltiu   gp, a2, 1538
core   0: 3 0x8000a608 (0x60263193) x 3 0x00000000
core   0: 0x8000a60c (0x00921913) slli    s2, tp, 9
core   0: 3 0x8000a60c (0x00921913) x18 0x023cc800
core   0: 0x8000a610 (0xe5522913) slti    s2, tp, -427
core   0: 3 0x8000a610 (0xe5522913) x18 0x00000001
core   0: 0x8000a614 (0x00903c33) snez    s8, s1
core   0: 3 0x8000a614 (0x00903c33) x24 0x00000000
core   0: 0x8000a618 (0x00893b33) sltu    s6, s2, s0
core   0: 3 0x8000a618 (0x00893b33) x22 0x00000001
core   0: 0x8000a61c (0x0016dbb3) srl     s7, a3, ra
core   0: 3 0x8000a61c (0x0016dbb3) x23 0x00000000
core   0: 0x8000a620 (0x009e90b3) sll     ra, t4, s1
core   0: 3 0x8000a620 (0x009e90b3) x 1 0x00000000
core   0: 0x8000a624 (0x00fa4733) xor     a4, s4, a5
core   0: 3 0x8000a624 (0x00fa4733) x14 0x00040713
core   0: 0x8000a628 (0x01d84d33) xor     s10, a6, t4
core   0: 3 0x8000a628 (0x01d84d33) x26 0x00000000
core   0: 0x8000a62c (0x4ee60c93) addi    s9, a2, 1262
core   0: 3 0x8000a62c (0x4ee60c93) x25 0x3dc7733b
core   0: 0x8000a630 (0x00e2dd13) srli    s10, t0, 14
core   0: 3 0x8000a630 (0x00e2dd13) x26 0x0003b54e
core   0: 0x8000a634 (0x3477b4b7) lui     s1, 0x3477b
core   0: 3 0x8000a634 (0x3477b4b7) x 9 0x3477b000
core   0: 0x8000a638 (0x416184b3) sub     s1, gp, s6
core   0: 3 0x8000a638 (0x416184b3) x 9 0xffffffff
core   0: 0x8000a63c (0x27c48693) addi    a3, s1, 636
core   0: 3 0x8000a63c (0x27c48693) x13 0x0000027b
core   0: 0x8000a640 (0x72b30093) addi    ra, t1, 1835
core   0: 3 0x8000a640 (0x72b30093) x 1 0x7c000f2f
core   0: 0x8000a644 (0x40fb5893) srai    a7, s6, 15
core   0: 3 0x8000a644 (0x40fb5893) x17 0x00000000
core   0: 0x8000a648 (0x2d8d4193) xori    gp, s10, 728
core   0: 3 0x8000a648 (0x2d8d4193) x 3 0x0003b796
core   0: 0x8000a64c (0x410f8a33) sub     s4, t6, a6
core   0: 3 0x8000a64c (0x410f8a33) x20 0xfffffffe
core   0: 0x8000a650 (0x01f17bb3) and     s7, sp, t6
core   0: 3 0x8000a650 (0x01f17bb3) x23 0xf08ac000
core   0: 0x8000a654 (0x00f7b4b3) sltu    s1, a5, a5
core   0: 3 0x8000a654 (0x00f7b4b3) x 9 0x00000000
core   0: 0x8000a658 (0xd73ec093) xori    ra, t4, -653
core   0: 3 0x8000a658 (0xd73ec093) x 1 0xfffffd73
core   0: 0x8000a65c (0xd140bb93) sltiu   s7, ra, -748
core   0: 3 0x8000a65c (0xd140bb93) x23 0x00000000
core   0: 0x8000a660 (0xcf677193) andi    gp, a4, -778
core   0: 3 0x8000a660 (0xcf677193) x 3 0x00040412
core   0: 0x8000a664 (0x01e09ab3) sll     s5, ra, t5
core   0: 3 0x8000a664 (0x01e09ab3) x21 0x60000000
core   0: 0x8000a668 (0x00efaf33) slt     t5, t6, a4
core   0: 3 0x8000a668 (0x00efaf33) x30 0x00000001
core   0: 0x8000a66c (0x01218a33) add     s4, gp, s2
core   0: 3 0x8000a66c (0x01218a33) x20 0x00040413
core   0: 0x8000a670 (0x00a19a93) slli    s5, gp, 10
core   0: 3 0x8000a670 (0x00a19a93) x21 0x10104800
core   0: 0x8000a674 (0x41b75013) srai    zero, a4, 27
core   0: 3 0x8000a674 (0x41b75013)
core   0: 0x8000a678 (0x94311917) auipc   s2, 0x94311
core   0: 3 0x8000a678 (0x94311917) x18 0x1431b678
core   0: 0x8000a67c (0x00516fb3) or      t6, sp, t0
core   0: 3 0x8000a67c (0x00516fb3) x31 0xfddbe5b4
core   0: 0x8000a680 (0xa72fb913) sltiu   s2, t6, -1422
core   0: 3 0x8000a680 (0xa72fb913) x18 0x00000001
core   0: 0x8000a684 (0x1e498893) addi    a7, s3, 484
core   0: 3 0x8000a684 (0x1e498893) x17 0x800001e4
core   0: 0x8000a688 (0x00000013) nop
core   0: 3 0x8000a688 (0x00000013)
core   0: 0x8000a68c (0x89718893) addi    a7, gp, -1897
core   0: 3 0x8000a68c (0x89718893) x17 0x0003fca9
core   0: 0x8000a690 (0x00e3dc93) srli    s9, t2, 14
core   0: 3 0x8000a690 (0x00e3dc93) x25 0x00000000
core   0: 0x8000a694 (0x01cde733) or      a4, s11, t3
core   0: 3 0x8000a694 (0x01cde733) x14 0x91649574
core   0: 0x8000a698 (0x00000013) nop
core   0: 3 0x8000a698 (0x00000013)
core   0: 0x8000a69c (0x007fb733) sltu    a4, t6, t2
core   0: 3 0x8000a69c (0x007fb733) x14 0x00000000
core   0: 0x8000a6a0 (0x2f7f3b93) sltiu   s7, t5, 759
core   0: 3 0x8000a6a0 (0x2f7f3b93) x23 0x00000001
core   0: 0x8000a6a4 (0xac032a93) slti    s5, t1, -1344
core   0: 3 0x8000a6a4 (0xac032a93) x21 0x00000000
core   0: 0x8000a6a8 (0x8f6a7a17) auipc   s4, 0x8f6a7
core   0: 3 0x8000a6a8 (0x8f6a7a17) x20 0x0f6b16a8
core   0: 0x8000a6ac (0xb44d2e13) slti    t3, s10, -1212
core   0: 3 0x8000a6ac (0xb44d2e13) x28 0x00000000
core   0: 0x8000a6b0 (0x1d5c11b7) lui     gp, 0x1d5c1
core   0: 3 0x8000a6b0 (0x1d5c11b7) x 3 0x1d5c1000
core   0: 0x8000a6b4 (0x007ce333) or      t1, s9, t2
core   0: 3 0x8000a6b4 (0x007ce333) x 6 0x00000000
core   0: 0x8000a6b8 (0x0100f933) and     s2, ra, a6
core   0: 3 0x8000a6b8 (0x0100f933) x18 0x00000000
core   0: 0x8000a6bc (0x00c7f933) and     s2, a5, a2
core   0: 3 0x8000a6bc (0x00c7f933) x18 0x00000000
core   0: 0x8000a6c0 (0x01b71eb3) sll     t4, a4, s11
core   0: 3 0x8000a6c0 (0x01b71eb3) x29 0x00000000
core   0: 0x8000a6c4 (0x00d4e633) or      a2, s1, a3
core   0: 3 0x8000a6c4 (0x00d4e633) x12 0x0000027b
core   0: 0x8000a6c8 (0x413b5a93) srai    s5, s6, 19
core   0: 3 0x8000a6c8 (0x413b5a93) x21 0x00000000
core   0: 0x8000a6cc (0xcab8c913) xori    s2, a7, -853
core   0: 3 0x8000a6cc (0xcab8c913) x18 0xfffc0002
core   0: 0x8000a6d0 (0x01e47db3) and     s11, s0, t5
core   0: 3 0x8000a6d0 (0x01e47db3) x27 0x00000001
core   0: 0x8000a6d4 (0xdde27597) auipc   a1, 0xdde27
core   0: 3 0x8000a6d4 (0xdde27597) x11 0x5de316d4
core   0: 0x8000a6d8 (0xea03f313) andi    t1, t2, -352
core   0: 3 0x8000a6d8 (0xea03f313) x 6 0x00000000
core   0: 0x8000a6dc (0x014ad033) srl     zero, s5, s4
core   0: 3 0x8000a6dc (0x014ad033)
core   0: 0x8000a6e0 (0x00853ab3) sltu    s5, a0, s0
core   0: 3 0x8000a6e0 (0x00853ab3) x21 0x00000000
core   0: 0x8000a6e4 (0x01ed5a13) srli    s4, s10, 30
core   0: 3 0x8000a6e4 (0x01ed5a13) x20 0x00000000
core   0: 0x8000a6e8 (0x40ac5813) srai    a6, s8, 10
core   0: 3 0x8000a6e8 (0x40ac5813) x16 0x00000000
core   0: 0x8000a6ec (0x00bcf2b3) and     t0, s9, a1
core   0: 3 0x8000a6ec (0x00bcf2b3) x 5 0x00000000
core   0: 0x8000a6f0 (0x00000013) nop
core   0: 3 0x8000a6f0 (0x00000013)
core   0: 0x8000a6f4 (0x016ce1b3) or      gp, s9, s6
core   0: 3 0x8000a6f4 (0x016ce1b3) x 3 0x00000001
core   0: 0x8000a6f8 (0x404d8eb3) sub     t4, s11, tp
core   0: 3 0x8000a6f8 (0x404d8eb3) x29 0x7ffee19d
core   0: 0x8000a6fc (0x008a3d33) sltu    s10, s4, s0
core   0: 3 0x8000a6fc (0x008a3d33) x26 0x00000001
core   0: 0x8000a700 (0x019534b3) sltu    s1, a0, s9
core   0: 3 0x8000a700 (0x019534b3) x 9 0x00000000
core   0: 0x8000a704 (0x0096d893) srli    a7, a3, 9
core   0: 3 0x8000a704 (0x0096d893) x17 0x00000001
core   0: 0x8000a708 (0xa3aea293) slti    t0, t4, -1478
core   0: 3 0x8000a708 (0xa3aea293) x 5 0x00000000
core   0: 0x8000a70c (0x011f1c93) slli    s9, t5, 17
core   0: 3 0x8000a70c (0x011f1c93) x25 0x00020000
core   0: 0x8000a710 (0xd1a90ab7) lui     s5, 0xd1a90
core   0: 3 0x8000a710 (0xd1a90ab7) x21 0xd1a90000
core   0: 0x8000a714 (0x014a7033) and     zero, s4, s4
core   0: 3 0x8000a714 (0x014a7033)
core   0: 0x8000a718 (0x8e006f13) ori     t5, zero, -1824
core   0: 3 0x8000a718 (0x8e006f13) x30 0xfffff8e0
core   0: 0x8000a71c (0x002e2a33) slt     s4, t3, sp
core   0: 3 0x8000a71c (0x002e2a33) x20 0x00000000
core   0: 0x8000a720 (0x01dc3bb3) sltu    s7, s8, t4
core   0: 3 0x8000a720 (0x01dc3bb3) x23 0x00000001
core   0: 0x8000a724 (0x00c0af33) slt     t5, ra, a2
core   0: 3 0x8000a724 (0x00c0af33) x30 0x00000001
core   0: 0x8000a728 (0x017c9613) slli    a2, s9, 23
core   0: 3 0x8000a728 (0x017c9613) x12 0x00000000
core   0: 0x8000a72c (0x00cf1fb3) sll     t6, t5, a2
core   0: 3 0x8000a72c (0x00cf1fb3) x31 0x00000001
core   0: 0x8000a730 (0x41930433) sub     s0, t1, s9
core   0: 3 0x8000a730 (0x41930433) x 8 0xfffe0000
core   0: 0x8000a734 (0x001d97b3) sll     a5, s11, ra
core   0: 3 0x8000a734 (0x001d97b3) x15 0x00080000
core   0: 0x8000a738 (0xadd87b13) andi    s6, a6, -1315
core   0: 3 0x8000a738 (0xadd87b13) x22 0x00000000
core   0: 0x8000a73c (0x7be1d0b7) lui     ra, 0x7be1d
core   0: 3 0x8000a73c (0x7be1d0b7) x 1 0x7be1d000
core   0: 0x8000a740 (0x0146d293) srli    t0, a3, 20
core   0: 3 0x8000a740 (0x0146d293) x 5 0x00000000
core   0: 0x8000a744 (0x00809593) slli    a1, ra, 8
core   0: 3 0x8000a744 (0x00809593) x11 0xe1d00000
core   0: 0x8000a748 (0x0ed4a913) slti    s2, s1, 237
core   0: 3 0x8000a748 (0x0ed4a913) x18 0x00000001
core   0: 0x8000a74c (0x41f75393) srai    t2, a4, 31
core   0: 3 0x8000a74c (0x41f75393) x 7 0x00000000
core   0: 0x8000a750 (0x01991113) slli    sp, s2, 25
core   0: 3 0x8000a750 (0x01991113) x 2 0x02000000
core   0: 0x8000a754 (0x00c4df13) srli    t5, s1, 12
core   0: 3 0x8000a754 (0x00c4df13) x30 0x00000000
core   0: 0x8000a758 (0x01729033) sll     zero, t0, s7
core   0: 3 0x8000a758 (0x01729033)
core   0: 0x8000a75c (0x33b28f93) addi    t6, t0, 827
core   0: 3 0x8000a75c (0x33b28f93) x31 0x0000033b
core   0: 0x8000a760 (0x419e0bb3) sub     s7, t3, s9
core   0: 3 0x8000a760 (0x419e0bb3) x23 0xfffe0000
core   0: 0x8000a764 (0x00558cb3) add     s9, a1, t0
core   0: 3 0x8000a764 (0x00558cb3) x25 0xe1d00000
core   0: 0x8000a768 (0x012dde33) srl     t3, s11, s2
core   0: 3 0x8000a768 (0x012dde33) x28 0x00000000
core   0: 0x8000a76c (0xfd723013) sltiu   zero, tp, -41
core   0: 3 0x8000a76c (0xfd723013)
core   0: 0x8000a770 (0xb9977f13) andi    t5, a4, -1127
core   0: 3 0x8000a770 (0xb9977f13) x30 0x00000000
core   0: 0x8000a774 (0xc2fe0913) addi    s2, t3, -977
core   0: 3 0x8000a774 (0xc2fe0913) x18 0xfffffc2f
core   0: 0x8000a778 (0x009c1a33) sll     s4, s8, s1
core   0: 3 0x8000a778 (0x009c1a33) x20 0x00000000
core   0: 0x8000a77c (0xe1c03793) sltiu   a5, zero, -484
core   0: 3 0x8000a77c (0xe1c03793) x15 0x00000001
core   0: 0x8000a780 (0x01b9d793) srli    a5, s3, 27
core   0: 3 0x8000a780 (0x01b9d793) x15 0x00000010
core   0: 0x8000a784 (0x01c61113) slli    sp, a2, 28
core   0: 3 0x8000a784 (0x01c61113) x 2 0x00000000
core   0: 0x8000a788 (0x00000013) nop
core   0: 3 0x8000a788 (0x00000013)
core   0: 0x8000a78c (0x0091bab3) sltu    s5, gp, s1
core   0: 3 0x8000a78c (0x0091bab3) x21 0x00000000
core   0: 0x8000a790 (0x3cbdf493) andi    s1, s11, 971
core   0: 3 0x8000a790 (0x3cbdf493) x 9 0x00000001
core   0: 0x8000a794 (0x00c82933) slt     s2, a6, a2
core   0: 3 0x8000a794 (0x00c82933) x18 0x00000000
core   0: 0x8000a798 (0x4119d3b3) sra     t2, s3, a7
core   0: 3 0x8000a798 (0x4119d3b3) x 7 0xc0000000
core   0: 0x8000a79c (0x002a7b33) and     s6, s4, sp
core   0: 3 0x8000a79c (0x002a7b33) x22 0x00000000
core   0: 0x8000a7a0 (0x9c812093) slti    ra, sp, -1592
core   0: 3 0x8000a7a0 (0x9c812093) x 1 0x00000000
core   0: 0x8000a7a4 (0x0165a933) slt     s2, a1, s6
core   0: 3 0x8000a7a4 (0x0165a933) x18 0x00000001
core   0: 0x8000a7a8 (0xed5f8637) lui     a2, 0xed5f8
core   0: 3 0x8000a7a8 (0xed5f8637) x12 0xed5f8000
core   0: 0x8000a7ac (0xb1e3a137) lui     sp, 0xb1e3a
core   0: 3 0x8000a7ac (0xb1e3a137) x 2 0xb1e3a000
core   0: 0x8000a7b0 (0xf5483913) sltiu   s2, a6, -172
core   0: 3 0x8000a7b0 (0xf5483913) x18 0x00000001
core   0: 0x8000a7b4 (0xbea8ae13) slti    t3, a7, -1046
core   0: 3 0x8000a7b4 (0xbea8ae13) x28 0x00000000
core   0: 0x8000a7b8 (0x41630433) sub     s0, t1, s6
core   0: 3 0x8000a7b8 (0x41630433) x 8 0x00000000
core   0: 0x8000a7bc (0x01cd52b3) srl     t0, s10, t3
core   0: 3 0x8000a7bc (0x01cd52b3) x 5 0x00000001
core   0: 0x8000a7c0 (0x00eccdb3) xor     s11, s9, a4
core   0: 3 0x8000a7c0 (0x00eccdb3) x27 0xe1d00000
core   0: 0x8000a7c4 (0x0179c633) xor     a2, s3, s7
core   0: 3 0x8000a7c4 (0x0179c633) x12 0x7ffe0000
core   0: 0x8000a7c8 (0x017adf93) srli    t6, s5, 23
core   0: 3 0x8000a7c8 (0x017adf93) x31 0x00000000
core   0: 0x8000a7cc (0x5881fe93) andi    t4, gp, 1416
core   0: 3 0x8000a7cc (0x5881fe93) x29 0x00000000
core   0: 0x8000a7d0 (0x41a1da13) srai    s4, gp, 26
core   0: 3 0x8000a7d0 (0x41a1da13) x20 0x00000000
core   0: 0x8000a7d4 (0xd0804c93) xori    s9, zero, -760
core   0: 3 0x8000a7d4 (0xd0804c93) x25 0xfffffd08
core   0: 0x8000a7d8 (0x00cd28b3) slt     a7, s10, a2
core   0: 3 0x8000a7d8 (0x00cd28b3) x17 0x00000001
core   0: 0x8000a7dc (0x00d55c93) srli    s9, a0, 13
core   0: 3 0x8000a7dc (0x00d55c93) x25 0x0004000a
core   0: 0x8000a7e0 (0x01c75fb3) srl     t6, a4, t3
core   0: 3 0x8000a7e0 (0x01c75fb3) x31 0x00000000
core   0: 0x8000a7e4 (0xb5debf97) auipc   t6, 0xb5deb
core   0: 3 0x8000a7e4 (0xb5debf97) x31 0x35df57e4
core   0: 0x8000a7e8 (0x5adc6d93) ori     s11, s8, 1453
core   0: 3 0x8000a7e8 (0x5adc6d93) x27 0x000005ad
core   0: 0x8000a7ec (0xe35aca97) auipc   s5, 0xe35ac
core   0: 3 0x8000a7ec (0xe35aca97) x21 0x635b67ec
core   0: 0x8000a7f0 (0xeaf9f293) andi    t0, s3, -337
core   0: 3 0x8000a7f0 (0xeaf9f293) x 5 0x80000000
core   0: 0x8000a7f4 (0x01799c93) slli    s9, s3, 23
core   0: 3 0x8000a7f4 (0x01799c93) x25 0x00000000
core   0: 0x8000a7f8 (0x4d8f3193) sltiu   gp, t5, 1240
core   0: 3 0x8000a7f8 (0x4d8f3193) x 3 0x00000001
core   0: 0x8000a7fc (0x409ed133) sra     sp, t4, s1
core   0: 3 0x8000a7fc (0x409ed133) x 2 0x00000000
core   0: 0x8000a800 (0x012bc333) xor     t1, s7, s2
core   0: 3 0x8000a800 (0x012bc333) x 6 0xfffe0001
core   0: 0x8000a804 (0x007a5f33) srl     t5, s4, t2
core   0: 3 0x8000a804 (0x007a5f33) x30 0x00000000
core   0: 0x8000a808 (0x00329ab3) sll     s5, t0, gp
core   0: 3 0x8000a808 (0x00329ab3) x21 0x00000000
core   0: 0x8000a80c (0x21c56f93) ori     t6, a0, 540
core   0: 3 0x8000a80c (0x21c56f93) x31 0x80015efc
core   0: 0x8000a810 (0x01747fb3) and     t6, s0, s7
core   0: 3 0x8000a810 (0x01747fb3) x31 0x00000000
core   0: 0x8000a814 (0x15114d13) xori    s10, sp, 337
core   0: 3 0x8000a814 (0x15114d13) x26 0x00000151
core   0: 0x8000a818 (0xeac96813) ori     a6, s2, -340
core   0: 3 0x8000a818 (0xeac96813) x16 0xfffffead
core   0: 0x8000a81c (0x0003f733) and     a4, t2, zero
core   0: 3 0x8000a81c (0x0003f733) x14 0x00000000
core   0: 0x8000a820 (0x1f14e893) ori     a7, s1, 497
core   0: 3 0x8000a820 (0x1f14e893) x17 0x000001f1
core   0: 0x8000a824 (0x00000013) nop
core   0: 3 0x8000a824 (0x00000013)
core   0: 0x8000a828 (0x01b39d93) slli    s11, t2, 27
core   0: 3 0x8000a828 (0x01b39d93) x27 0x00000000
core   0: 0x8000a82c (0x008f1593) slli    a1, t5, 8
core   0: 3 0x8000a82c (0x008f1593) x11 0x00000000
core   0: 0x8000a830 (0x018c2033) slt     zero, s8, s8
core   0: 3 0x8000a830 (0x018c2033)
core   0: 0x8000a834 (0x40abd293) srai    t0, s7, 10
core   0: 3 0x8000a834 (0x40abd293) x 5 0xffffff80
core   0: 0x8000a838 (0x6583b597) auipc   a1, 0x6583b
core   0: 3 0x8000a838 (0x6583b597) x11 0xe5845838
core   0: 0x8000a83c (0x01ed9793) slli    a5, s11, 30
core   0: 3 0x8000a83c (0x01ed9793) x15 0x00000000
core   0: 0x8000a840 (0x01bebeb3) sltu    t4, t4, s11
core   0: 3 0x8000a840 (0x01bebeb3) x29 0x00000000
core   0: 0x8000a844 (0xa9727713) andi    a4, tp, -1385
core   0: 3 0x8000a844 (0xa9727713) x14 0x80011a04
core   0: 0x8000a848 (0x016b1133) sll     sp, s6, s6
core   0: 3 0x8000a848 (0x016b1133) x 2 0x00000000
core   0: 0x8000a84c (0x013b2d33) slt     s10, s6, s3
core   0: 3 0x8000a84c (0x013b2d33) x26 0x00000000
core   0: 0x8000a850 (0xc1ac7017) auipc   zero, 0xc1ac7
core   0: 3 0x8000a850 (0xc1ac7017)
core   0: 0x8000a854 (0x01f74933) xor     s2, a4, t6
core   0: 3 0x8000a854 (0x01f74933) x18 0x80011a04
core   0: 0x8000a858 (0x00509b93) slli    s7, ra, 5
core   0: 3 0x8000a858 (0x00509b93) x23 0x00000000
core   0: 0x8000a85c (0xe375fc93) andi    s9, a1, -457
core   0: 3 0x8000a85c (0xe375fc93) x25 0xe5845830
core   0: 0x8000a860 (0x011f2b33) slt     s6, t5, a7
core   0: 3 0x8000a860 (0x011f2b33) x22 0x00000001
core   0: 0x8000a864 (0x408c0133) sub     sp, s8, s0
core   0: 3 0x8000a864 (0x408c0133) x 2 0x00000000
core   0: 0x8000a868 (0x01c29db3) sll     s11, t0, t3
core   0: 3 0x8000a868 (0x01c29db3) x27 0xffffff80
core   0: 0x8000a86c (0x90156693) ori     a3, a0, -1791
core   0: 3 0x8000a86c (0x90156693) x13 0xfffffde5
core   0: 0x8000a870 (0x68a86f13) ori     t5, a6, 1674
core   0: 3 0x8000a870 (0x68a86f13) x30 0xfffffeaf
core   0: 0x8000a874 (0x5b50a013) slti    zero, ra, 1461
core   0: 3 0x8000a874 (0x5b50a013)
core   0: 0x8000a878 (0x01206833) or      a6, zero, s2
core   0: 3 0x8000a878 (0x01206833) x16 0x80011a04
core   0: 0x8000a87c (0x000cea33) or      s4, s9, zero
core   0: 3 0x8000a87c (0x000cea33) x20 0xe5845830
core   0: 0x8000a880 (0x603ae693) ori     a3, s5, 1539
core   0: 3 0x8000a880 (0x603ae693) x13 0x00000603
core   0: 0x8000a884 (0x014cbeb3) sltu    t4, s9, s4
core   0: 3 0x8000a884 (0x014cbeb3) x29 0x00000000
core   0: 0x8000a888 (0x4146d4b3) sra     s1, a3, s4
core   0: 3 0x8000a888 (0x4146d4b3) x 9 0x00000000
core   0: 0x8000a88c (0x4c4efb13) andi    s6, t4, 1220
core   0: 3 0x8000a88c (0x4c4efb13) x22 0x00000000
core   0: 0x8000a890 (0x000b9c13) slli    s8, s7, 0
core   0: 3 0x8000a890 (0x000b9c13) x24 0x00000000
core   0: 0x8000a894 (0xedc3f813) andi    a6, t2, -292
core   0: 3 0x8000a894 (0xedc3f813) x16 0xc0000000
core   0: 0x8000a898 (0x00fed633) srl     a2, t4, a5
core   0: 3 0x8000a898 (0x00fed633) x12 0x00000000
core   0: 0x8000a89c (0x01bcf3b3) and     t2, s9, s11
core   0: 3 0x8000a89c (0x01bcf3b3) x 7 0xe5845800
core   0: 0x8000a8a0 (0x0028dbb3) srl     s7, a7, sp
core   0: 3 0x8000a8a0 (0x0028dbb3) x23 0x000001f1
core   0: 0x8000a8a4 (0x00fe9493) slli    s1, t4, 15
core   0: 3 0x8000a8a4 (0x00fe9493) x 9 0x00000000
core   0: 0x8000a8a8 (0x419701b3) sub     gp, a4, s9
core   0: 3 0x8000a8a8 (0x419701b3) x 3 0x9a7cc1d4
core   0: 0x8000a8ac (0x00949f13) slli    t5, s1, 9
core   0: 3 0x8000a8ac (0x00949f13) x30 0x00000000
core   0: 0x8000a8b0 (0x00e45113) srli    sp, s0, 14
core   0: 3 0x8000a8b0 (0x00e45113) x 2 0x00000000
core   0: 0x8000a8b4 (0x40255733) sra     a4, a0, sp
core   0: 3 0x8000a8b4 (0x40255733) x14 0x80015ce4
core   0: 0x8000a8b8 (0x00d33733) sltu    a4, t1, a3
core   0: 3 0x8000a8b8 (0x00d33733) x14 0x00000000
core   0: 0x8000a8bc (0x162ffa37) lui     s4, 0x162ff
core   0: 3 0x8000a8bc (0x162ffa37) x20 0x162ff000
core   0: 0x8000a8c0 (0x00795c13) srli    s8, s2, 7
core   0: 3 0x8000a8c0 (0x00795c13) x24 0x01000234
core   0: 0x8000a8c4 (0x00ab38b3) sltu    a7, s6, a0
core   0: 3 0x8000a8c4 (0x00ab38b3) x17 0x00000001
core   0: 0x8000a8c8 (0xe97b5bb7) lui     s7, 0xe97b5
core   0: 3 0x8000a8c8 (0xe97b5bb7) x23 0xe97b5000
core   0: 0x8000a8cc (0x00261cb3) sll     s9, a2, sp
core   0: 3 0x8000a8cc (0x00261cb3) x25 0x00000000
core   0: 0x8000a8d0 (0xc7988393) addi    t2, a7, -903
core   0: 3 0x8000a8d0 (0xc7988393) x 7 0xfffffc7a
core   0: 0x8000a8d4 (0x80d33b13) sltiu   s6, t1, -2035
core   0: 3 0x8000a8d4 (0x80d33b13) x22 0x00000001
core   0: 0x8000a8d8 (0x60737f13) andi    t5, t1, 1543
core   0: 3 0x8000a8d8 (0x60737f13) x30 0x00000001
core   0: 0x8000a8dc (0x00049313) slli    t1, s1, 0
core   0: 3 0x8000a8dc (0x00049313) x 6 0x00000000
core   0: 0x8000a8e0 (0x41a953b3) sra     t2, s2, s10
core   0: 3 0x8000a8e0 (0x41a953b3) x 7 0x80011a04
core   0: 0x8000a8e4 (0x40fb88b3) sub     a7, s7, a5
core   0: 3 0x8000a8e4 (0x40fb88b3) x17 0xe97b5000
core   0: 0x8000a8e8 (0x00f21633) sll     a2, tp, a5
core   0: 3 0x8000a8e8 (0x00f21633) x12 0x80011e64
core   0: 0x8000a8ec (0x00fdd813) srli    a6, s11, 15
core   0: 3 0x8000a8ec (0x00fdd813) x16 0x0001ffff
core   0: 0x8000a8f0 (0x01e66fb3) or      t6, a2, t5
core   0: 3 0x8000a8f0 (0x01e66fb3) x31 0x80011e65
core   0: 0x8000a8f4 (0x012dfbb3) and     s7, s11, s2
core   0: 3 0x8000a8f4 (0x012dfbb3) x23 0x80011a00
core   0: 0x8000a8f8 (0x00944fb3) xor     t6, s0, s1
core   0: 3 0x8000a8f8 (0x00944fb3) x31 0x00000000
core   0: 0x8000a8fc (0x67cb1397) auipc   t2, 0x67cb1
core   0: 3 0x8000a8fc (0x67cb1397) x 7 0xe7cbb8fc
core   0: 0x8000a900 (0x00a8adb3) slt     s11, a7, a0
core   0: 3 0x8000a900 (0x00a8adb3) x27 0x00000000
core   0: 0x8000a904 (0x0006fd33) and     s10, a3, zero
core   0: 3 0x8000a904 (0x0006fd33) x26 0x00000000
core   0: 0x8000a908 (0x004856b3) srl     a3, a6, tp
core   0: 3 0x8000a908 (0x004856b3) x13 0x00001fff
core   0: 0x8000a90c (0x419ed0b3) sra     ra, t4, s9
core   0: 3 0x8000a90c (0x419ed0b3) x 1 0x00000000
core   0: 0x8000a910 (0x006eb4b3) sltu    s1, t4, t1
core   0: 3 0x8000a910 (0x006eb4b3) x 9 0x00000000
core   0: 0x8000a914 (0x41840833) sub     a6, s0, s8
core   0: 3 0x8000a914 (0x41840833) x16 0xfefffdcc
core   0: 0x8000a918 (0x41cf0833) sub     a6, t5, t3
core   0: 3 0x8000a918 (0x41cf0833) x16 0x00000001
core   0: 0x8000a91c (0x41d15f33) sra     t5, sp, t4
core   0: 3 0x8000a91c (0x41d15f33) x30 0x00000000
core   0: 0x8000a920 (0xa98bf037) lui     zero, 0xa98bf
core   0: 3 0x8000a920 (0xa98bf037)
core   0: 0x8000a924 (0x0a19e893) ori     a7, s3, 161
core   0: 3 0x8000a924 (0x0a19e893) x17 0x800000a1
core   0: 0x8000a928 (0xd4eb8613) addi    a2, s7, -690
core   0: 3 0x8000a928 (0xd4eb8613) x12 0x8001174e
core   0: 0x8000a92c (0x00bdecb3) or      s9, s11, a1
core   0: 3 0x8000a92c (0x00bdecb3) x25 0xe5845838
core   0: 0x8000a930 (0x011e63b3) or      t2, t3, a7
core   0: 3 0x8000a930 (0x011e63b3) x 7 0x800000a1
core   0: 0x8000a934 (0x4506ee13) ori     t3, a3, 1104
core   0: 3 0x8000a934 (0x4506ee13) x28 0x00001fff
core   0: 0x8000a938 (0x01fbedb3) or      s11, s7, t6
core   0: 3 0x8000a938 (0x01fbedb3) x27 0x80011a00
core   0: 0x8000a93c (0x0117ee33) or      t3, a5, a7
core   0: 3 0x8000a93c (0x0117ee33) x28 0x800000a1
core   0: 0x8000a940 (0x40e208b3) sub     a7, tp, a4
core   0: 3 0x8000a940 (0x40e208b3) x17 0x80011e64
core   0: 0x8000a944 (0x0172d913) srli    s2, t0, 23
core   0: 3 0x8000a944 (0x0172d913) x18 0x000001ff
core   0: 0x8000a948 (0x4a1e6f93) ori     t6, t3, 1185
core   0: 3 0x8000a948 (0x4a1e6f93) x31 0x800004a1
core   0: 0x8000a94c (0xaecbad93) slti    s11, s7, -1300
core   0: 3 0x8000a94c (0xaecbad93) x27 0x00000001
core   0: 0x8000a950 (0x5c3eed13) ori     s10, t4, 1475
core   0: 3 0x8000a950 (0x5c3eed13) x26 0x000005c3
core   0: 0x8000a954 (0x004926b3) slt     a3, s2, tp
core   0: 3 0x8000a954 (0x004926b3) x13 0x00000000
core   0: 0x8000a958 (0x405953b3) sra     t2, s2, t0
core   0: 3 0x8000a958 (0x405953b3) x 7 0x000001ff
core   0: 0x8000a95c (0x01324433) xor     s0, tp, s3
core   0: 3 0x8000a95c (0x01324433) x 8 0x00011e64
core   0: 0x8000a960 (0x00000013) nop
core   0: 3 0x8000a960 (0x00000013)
core   0: 0x8000a964 (0x40848433) sub     s0, s1, s0
core   0: 3 0x8000a964 (0x40848433) x 8 0xfffee19c
core   0: 0x8000a968 (0x41cf5433) sra     s0, t5, t3
core   0: 3 0x8000a968 (0x41cf5433) x 8 0x00000000
core   0: 0x8000a96c (0x019afe33) and     t3, s5, s9
core   0: 3 0x8000a96c (0x019afe33) x28 0x00000000
core   0: 0x8000a970 (0xb15debb7) lui     s7, 0xb15de
core   0: 3 0x8000a970 (0xb15debb7) x23 0xb15de000
core   0: 0x8000a974 (0x005dadb3) slt     s11, s11, t0
core   0: 3 0x8000a974 (0x005dadb3) x27 0x00000000
core   0: 0x8000a978 (0x41885613) srai    a2, a6, 24
core   0: 3 0x8000a978 (0x41885613) x12 0x00000000
core   0: 0x8000a97c (0x0144bc33) sltu    s8, s1, s4
core   0: 3 0x8000a97c (0x0144bc33) x24 0x00000001
core   0: 0x8000a980 (0x01a4d113) srli    sp, s1, 26
core   0: 3 0x8000a980 (0x01a4d113) x 2 0x00000000
core   0: 0x8000a984 (0x015e0c33) add     s8, t3, s5
core   0: 3 0x8000a984 (0x015e0c33) x24 0x00000000
core   0: 0x8000a988 (0x28338313) addi    t1, t2, 643
core   0: 3 0x8000a988 (0x28338313) x 6 0x00000482
core   0: 0x8000a98c (0xd45a2f93) slti    t6, s4, -699
core   0: 3 0x8000a98c (0xd45a2f93) x31 0x00000000
core   0: 0x8000a990 (0x41ead893) srai    a7, s5, 30
core   0: 3 0x8000a990 (0x41ead893) x17 0x00000000
core   0: 0x8000a994 (0x01a4a0b3) slt     ra, s1, s10
core   0: 3 0x8000a994 (0x01a4a0b3) x 1 0x00000001
core   0: 0x8000a998 (0x01385b33) srl     s6, a6, s3
core   0: 3 0x8000a998 (0x01385b33) x22 0x00000001
core   0: 0x8000a99c (0xb0bc8a37) lui     s4, 0xb0bc8
core   0: 3 0x8000a99c (0xb0bc8a37) x20 0xb0bc8000
core   0: 0x8000a9a0 (0x00000013) nop
core   0: 3 0x8000a9a0 (0x00000013)
core   0: 0x8000a9a4 (0x003311b3) sll     gp, t1, gp
core   0: 3 0x8000a9a4 (0x003311b3) x 3 0x48200000
core   0: 0x8000a9a8 (0xda583113) sltiu   sp, a6, -603
core   0: 3 0x8000a9a8 (0xda583113) x 2 0x00000001
core   0: 0x8000a9ac (0x53a1e593) ori     a1, gp, 1338
core   0: 3 0x8000a9ac (0x53a1e593) x11 0x4820053a
core   0: 0x8000a9b0 (0x41ad0fb3) sub     t6, s10, s10
core   0: 3 0x8000a9b0 (0x41ad0fb3) x31 0x00000000
core   0: 0x8000a9b4 (0x417c8bb3) sub     s7, s9, s7
core   0: 3 0x8000a9b4 (0x417c8bb3) x23 0x34267838
core   0: 0x8000a9b8 (0xd3ea2413) slti    s0, s4, -706
core   0: 3 0x8000a9b8 (0xd3ea2413) x 8 0x00000001
core   0: 0x8000a9bc (0x01365f33) srl     t5, a2, s3
core   0: 3 0x8000a9bc (0x01365f33) x30 0x00000000
core   0: 0x8000a9c0 (0x0003bab3) sltu    s5, t2, zero
core   0: 3 0x8000a9c0 (0x0003bab3) x21 0x00000000
core   0: 0x8000a9c4 (0x00000013) nop
core   0: 3 0x8000a9c4 (0x00000013)
core   0: 0x8000a9c8 (0x007a5fb3) srl     t6, s4, t2
core   0: 3 0x8000a9c8 (0x007a5fb3) x31 0x00000001
core   0: 0x8000a9cc (0xcfaca293) slti    t0, s9, -774
core   0: 3 0x8000a9cc (0xcfaca293) x 5 0x00000001
core   0: 0x8000a9d0 (0x2e412c93) slti    s9, sp, 740
core   0: 3 0x8000a9d0 (0x2e412c93) x25 0x00000001
core   0: 0x8000a9d4 (0x00f35d33) srl     s10, t1, a5
core   0: 3 0x8000a9d4 (0x00f35d33) x26 0x00000482
core   0: 0x8000a9d8 (0x78912597) auipc   a1, 0x78912
core   0: 3 0x8000a9d8 (0x78912597) x11 0xf891c9d8
core   0: 0x8000a9dc (0x5522a313) slti    t1, t0, 1362
core   0: 3 0x8000a9dc (0x5522a313) x 6 0x00000001
core   0: 0x8000a9e0 (0x01b5beb3) sltu    t4, a1, s11
core   0: 3 0x8000a9e0 (0x01b5beb3) x29 0x00000000
core   0: 0x8000a9e4 (0x00000013) nop
core   0: 3 0x8000a9e4 (0x00000013)
core   0: 0x8000a9e8 (0x00000013) nop
core   0: 3 0x8000a9e8 (0x00000013)
core   0: 0x8000a9ec (0x00dda0b3) slt     ra, s11, a3
core   0: 3 0x8000a9ec (0x00dda0b3) x 1 0x00000000
core   0: 0x8000a9f0 (0x3438c013) xori    zero, a7, 835
core   0: 3 0x8000a9f0 (0x3438c013)
core   0: 0x8000a9f4 (0x8c306d97) auipc   s11, 0x8c306
core   0: 3 0x8000a9f4 (0x8c306d97) x27 0x0c3109f4
core   0: 0x8000a9f8 (0xb7dbdb37) lui     s6, 0xb7dbd
core   0: 3 0x8000a9f8 (0xb7dbdb37) x22 0xb7dbd000
core   0: 0x8000a9fc (0x0027ebb3) or      s7, a5, sp
core   0: 3 0x8000a9fc (0x0027ebb3) x23 0x00000001
core   0: 0x8000aa00 (0x00e74433) xor     s0, a4, a4
core   0: 3 0x8000aa00 (0x00e74433) x 8 0x00000000
core   0: 0x8000aa04 (0x0093f3b3) and     t2, t2, s1
core   0: 3 0x8000aa04 (0x0093f3b3) x 7 0x00000000
core   0: 0x8000aa08 (0x019d5613) srli    a2, s10, 25
core   0: 3 0x8000aa08 (0x019d5613) x12 0x00000000
core   0: 0x8000aa0c (0x41a8dfb3) sra     t6, a7, s10
core   0: 3 0x8000aa0c (0x41a8dfb3) x31 0x00000000
core   0: 0x8000aa10 (0x00675c33) srl     s8, a4, t1
core   0: 3 0x8000aa10 (0x00675c33) x24 0x00000000
core   0: 0x8000aa14 (0x47044417) auipc   s0, 0x47044
core   0: 3 0x8000aa14 (0x47044417) x 8 0xc704ea14
core   0: 0x8000aa18 (0xde646b17) auipc   s6, 0xde646
core   0: 3 0x8000aa18 (0xde646b17) x22 0x5e650a18
core   0: 0x8000aa1c (0x96fac713) xori    a4, s5, -1681
core   0: 3 0x8000aa1c (0x96fac713) x14 0xfffff96f
core   0: 0x8000aa20 (0x00ba1a33) sll     s4, s4, a1
core   0: 3 0x8000aa20 (0x00ba1a33) x20 0x00000000
core   0: 0x8000aa24 (0x0046de33) srl     t3, a3, tp
core   0: 3 0x8000aa24 (0x0046de33) x28 0x00000000
core   0: 0x8000aa28 (0x62014b93) xori    s7, sp, 1568
core   0: 3 0x8000aa28 (0x62014b93) x23 0x00000621
core   0: 0x8000aa2c (0x00ce7b33) and     s6, t3, a2
core   0: 3 0x8000aa2c (0x00ce7b33) x22 0x00000000
core   0: 0x8000aa30 (0x00fdf0b3) and     ra, s11, a5
core   0: 3 0x8000aa30 (0x00fdf0b3) x 1 0x00000000
core   0: 0x8000aa34 (0x00019093) slli    ra, gp, 0
core   0: 3 0x8000aa34 (0x00019093) x 1 0x48200000
core   0: 0x8000aa38 (0x0092b933) sltu    s2, t0, s1
core   0: 3 0x8000aa38 (0x0092b933) x18 0x00000000
core   0: 0x8000aa3c (0x402404b3) sub     s1, s0, sp
core   0: 3 0x8000aa3c (0x402404b3) x 9 0xc704ea13
core   0: 0x8000aa40 (0x0092c733) xor     a4, t0, s1
core   0: 3 0x8000aa40 (0x0092c733) x14 0xc704ea12
core   0: 0x8000aa44 (0x01de5db3) srl     s11, t3, t4
core   0: 3 0x8000aa44 (0x01de5db3) x27 0x00000000
core   0: 0x8000aa48 (0x01931093) slli    ra, t1, 25
core   0: 3 0x8000aa48 (0x01931093) x 1 0x02000000
core   0: 0x8000aa4c (0x41f381b3) sub     gp, t2, t6
core   0: 3 0x8000aa4c (0x41f381b3) x 3 0x00000000
core   0: 0x8000aa50 (0x00a70333) add     t1, a4, a0
core   0: 3 0x8000aa50 (0x00a70333) x 6 0x470646f6
core   0: 0x8000aa54 (0x00000013) nop
core   0: 3 0x8000aa54 (0x00000013)
core   0: 0x8000aa58 (0x010fc433) xor     s0, t6, a6
core   0: 3 0x8000aa58 (0x010fc433) x 8 0x00000001
core   0: 0x8000aa5c (0x017990b3) sll     ra, s3, s7
core   0: 3 0x8000aa5c (0x017990b3) x 1 0x00000000
core   0: 0x8000aa60 (0x00000013) nop
core   0: 3 0x8000aa60 (0x00000013)
core   0: 0x8000aa64 (0x40efdcb3) sra     s9, t6, a4
core   0: 3 0x8000aa64 (0x40efdcb3) x25 0x00000000
core   0: 0x8000aa68 (0x34ed4193) xori    gp, s10, 846
core   0: 3 0x8000aa68 (0x34ed4193) x 3 0x000007cc
core   0: 0x8000aa6c (0xfdc07d37) lui     s10, 0xfdc07
core   0: 3 0x8000aa6c (0xfdc07d37) x26 0xfdc07000
core   0: 0x8000aa70 (0x430c2b13) slti    s6, s8, 1072
core   0: 3 0x8000aa70 (0x430c2b13) x22 0x00000001
core   0: 0x8000aa74 (0x0087bdb3) sltu    s11, a5, s0
core   0: 3 0x8000aa74 (0x0087bdb3) x27 0x00000001
core   0: 0x8000aa78 (0x014bbf33) sltu    t5, s7, s4
core   0: 3 0x8000aa78 (0x014bbf33) x30 0x00000000
core   0: 0x8000aa7c (0x00f5a6b3) slt     a3, a1, a5
core   0: 3 0x8000aa7c (0x00f5a6b3) x13 0x00000001
core   0: 0x8000aa80 (0x00f3fe33) and     t3, t2, a5
core   0: 3 0x8000aa80 (0x00f3fe33) x28 0x00000000
core   0: 0x8000aa84 (0x013d9ab3) sll     s5, s11, s3
core   0: 3 0x8000aa84 (0x013d9ab3) x21 0x00000001
core   0: 0x8000aa88 (0x40d88bb3) sub     s7, a7, a3
core   0: 3 0x8000aa88 (0x40d88bb3) x23 0xffffffff
core   0: 0x8000aa8c (0x56586a13) ori     s4, a6, 1381
core   0: 3 0x8000aa8c (0x56586a13) x20 0x00000565
core   0: 0x8000aa90 (0x018060b3) or      ra, zero, s8
core   0: 3 0x8000aa90 (0x018060b3) x 1 0x00000000
core   0: 0x8000aa94 (0x402e80b3) sub     ra, t4, sp
core   0: 3 0x8000aa94 (0x402e80b3) x 1 0xffffffff
core   0: 0x8000aa98 (0x0d20b913) sltiu   s2, ra, 210
core   0: 3 0x8000aa98 (0x0d20b913) x18 0x00000000
core   0: 0x8000aa9c (0x315a7717) auipc   a4, 0x315a7
core   0: 3 0x8000aa9c (0x315a7717) x14 0xb15b1a9c
core   0: 0x8000aaa0 (0x413e8db7) lui     s11, 0x413e8
core   0: 3 0x8000aaa0 (0x413e8db7) x27 0x413e8000
core   0: 0x8000aaa4 (0x4168d613) srai    a2, a7, 22
core   0: 3 0x8000aaa4 (0x4168d613) x12 0x00000000
core   0: 0x8000aaa8 (0x01410633) add     a2, sp, s4
core   0: 3 0x8000aaa8 (0x01410633) x12 0x00000566
core   0: 0x8000aaac (0x00b50bb3) add     s7, a0, a1
core   0: 3 0x8000aaac (0x00b50bb3) x23 0x789326bc
core   0: 0x8000aab0 (0x00c68693) addi    a3, a3, 12
core   0: 3 0x8000aab0 (0x00c68693) x13 0x0000000d
core   0: 0x8000aab4 (0x91c26f13) ori     t5, tp, -1764
core   0: 3 0x8000aab4 (0x91c26f13) x30 0xffffff7c
core   0: 0x8000aab8 (0x4c506f13) ori     t5, zero, 1221
core   0: 3 0x8000aab8 (0x4c506f13) x30 0x000004c5
core   0: 0x8000aabc (0x007eccb3) xor     s9, t4, t2
core   0: 3 0x8000aabc (0x007eccb3) x25 0x00000000
core   0: 0x8000aac0 (0x01f337b3) sltu    a5, t1, t6
core   0: 3 0x8000aac0 (0x01f337b3) x15 0x00000000
core   0: 0x8000aac4 (0x0127d633) srl     a2, a5, s2
core   0: 3 0x8000aac4 (0x0127d633) x12 0x00000000
core   0: 0x8000aac8 (0x01b91113) slli    sp, s2, 27
core   0: 3 0x8000aac8 (0x01b91113) x 2 0x00000000
core   0: 0x8000aacc (0x38021017) auipc   zero, 0x38021
core   0: 3 0x8000aacc (0x38021017)
core   0: 0x8000aad0 (0x468af737) lui     a4, 0x468af
core   0: 3 0x8000aad0 (0x468af737) x14 0x468af000
core   0: 0x8000aad4 (0x002c95b3) sll     a1, s9, sp
core   0: 3 0x8000aad4 (0x002c95b3) x11 0x00000000
core   0: 0x8000aad8 (0x01df5733) srl     a4, t5, t4
core   0: 3 0x8000aad8 (0x01df5733) x14 0x000004c5
core   0: 0x8000aadc (0x01569013) slli    zero, a3, 21
core   0: 3 0x8000aadc (0x01569013)
core   0: 0x8000aae0 (0x018fb1b3) sltu    gp, t6, s8
core   0: 3 0x8000aae0 (0x018fb1b3) x 3 0x00000000
core   0: 0x8000aae4 (0x007edab3) srl     s5, t4, t2
core   0: 3 0x8000aae4 (0x007edab3) x21 0x00000000
core   0: 0x8000aae8 (0x329e6717) auipc   a4, 0x329e6
core   0: 3 0x8000aae8 (0x329e6717) x14 0xb29f0ae8
core   0: 0x8000aaec (0x00174bb3) xor     s7, a4, ra
core   0: 3 0x8000aaec (0x00174bb3) x23 0x4d60f517
core   0: 0x8000aaf0 (0x596e4813) xori    a6, t3, 1430
core   0: 3 0x8000aaf0 (0x596e4813) x16 0x00000596
core   0: 0x8000aaf4 (0x83393893) sltiu   a7, s2, -1997
core   0: 3 0x8000aaf4 (0x83393893) x17 0x00000001
core   0: 0x8000aaf8 (0x01336033) or      zero, t1, s3
core   0: 3 0x8000aaf8 (0x01336033)
core   0: 0x8000aafc (0x007378b3) and     a7, t1, t2
core   0: 3 0x8000aafc (0x007378b3) x17 0x00000000
core   0: 0x8000ab00 (0x08427c13) andi    s8, tp, 132
core   0: 3 0x8000ab00 (0x08427c13) x24 0x00000004
core   0: 0x8000ab04 (0x00e92933) slt     s2, s2, a4
core   0: 3 0x8000ab04 (0x00e92933) x18 0x00000000
core   0: 0x8000ab08 (0x01604ab3) xor     s5, zero, s6
core   0: 3 0x8000ab08 (0x01604ab3) x21 0x00000001
core   0: 0x8000ab0c (0x00000013) nop
core   0: 3 0x8000ab0c (0x00000013)
core   0: 0x8000ab10 (0x6d126b93) ori     s7, tp, 1745
core   0: 3 0x8000ab10 (0x6d126b93) x23 0x80011ef5
core   0: 0x8000ab14 (0xba2b7b93) andi    s7, s6, -1118
core   0: 3 0x8000ab14 (0xba2b7b93) x23 0x00000000
core   0: 0x8000ab18 (0x413e5193) srai    gp, t3, 19
core   0: 3 0x8000ab18 (0x413e5193) x 3 0x00000000
core   0: 0x8000ab1c (0x444ef813) andi    a6, t4, 1092
core   0: 3 0x8000ab1c (0x444ef813) x16 0x00000000
core   0: 0x8000ab20 (0x0128afb3) slt     t6, a7, s2
core   0: 3 0x8000ab20 (0x0128afb3) x31 0x00000000
core   0: 0x8000ab24 (0x00b92cb3) slt     s9, s2, a1
core   0: 3 0x8000ab24 (0x00b92cb3) x25 0x00000000
core   0: 0x8000ab28 (0x9c51a793) slti    a5, gp, -1595
core   0: 3 0x8000ab28 (0x9c51a793) x15 0x00000000
core   0: 0x8000ab2c (0x9a370913) addi    s2, a4, -1629
core   0: 3 0x8000ab2c (0x9a370913) x18 0xb29f048b
core   0: 0x8000ab30 (0x2e502093) slti    ra, zero, 741
core   0: 3 0x8000ab30 (0x2e502093) x 1 0x00000001
core   0: 0x8000ab34 (0x1a080413) addi    s0, a6, 416
core   0: 3 0x8000ab34 (0x1a080413) x 8 0x000001a0
core   0: 0x8000ab38 (0x00d7fd33) and     s10, a5, a3
core   0: 3 0x8000ab38 (0x00d7fd33) x26 0x00000000
core   0: 0x8000ab3c (0x8ca63893) sltiu   a7, a2, -1846
core   0: 3 0x8000ab3c (0x8ca63893) x17 0x00000001
core   0: 0x8000ab40 (0x00000013) nop
core   0: 3 0x8000ab40 (0x00000013)
core   0: 0x8000ab44 (0x007eea33) or      s4, t4, t2
core   0: 3 0x8000ab44 (0x007eea33) x20 0x00000000
core   0: 0x8000ab48 (0x01733833) sltu    a6, t1, s7
core   0: 3 0x8000ab48 (0x01733833) x16 0x00000000
core   0: 0x8000ab4c (0x3e8c8293) addi    t0, s9, 1000
core   0: 3 0x8000ab4c (0x3e8c8293) x 5 0x000003e8
core   0: 0x8000ab50 (0x00449313) slli    t1, s1, 4
core   0: 3 0x8000ab50 (0x00449313) x 6 0x704ea130
core   0: 0x8000ab54 (0x01f1af33) slt     t5, gp, t6
core   0: 3 0x8000ab54 (0x01f1af33) x30 0x00000000
core   0: 0x8000ab58 (0x01771d93) slli    s11, a4, 23
core   0: 3 0x8000ab58 (0x01771d93) x27 0x74000000
core   0: 0x8000ab5c (0x00178133) add     sp, a5, ra
core   0: 3 0x8000ab5c (0x00178133) x 2 0x00000001
core   0: 0x8000ab60 (0x9909b393) sltiu   t2, s3, -1648
core   0: 3 0x8000ab60 (0x9909b393) x 7 0x00000001
core   0: 0x8000ab64 (0x403086b3) sub     a3, ra, gp
core   0: 3 0x8000ab64 (0x403086b3) x13 0x00000001
core   0: 0x8000ab68 (0x4151db93) srai    s7, gp, 21
core   0: 3 0x8000ab68 (0x4151db93) x23 0x00000000
core   0: 0x8000ab6c (0x00bf7ab3) and     s5, t5, a1
core   0: 3 0x8000ab6c (0x00bf7ab3) x21 0x00000000
core   0: 0x8000ab70 (0x00c95e33) srl     t3, s2, a2
core   0: 3 0x8000ab70 (0x00c95e33) x28 0xb29f048b
core   0: 0x8000ab74 (0x0054b5b3) sltu    a1, s1, t0
core   0: 3 0x8000ab74 (0x0054b5b3) x11 0x00000000
core   0: 0x8000ab78 (0x007168b3) or      a7, sp, t2
core   0: 3 0x8000ab78 (0x007168b3) x17 0x00000001
core   0: 0x8000ab7c (0x00876333) or      t1, a4, s0
core   0: 3 0x8000ab7c (0x00876333) x 6 0xb29f0be8
core   0: 0x8000ab80 (0x82a42e93) slti    t4, s0, -2006
core   0: 3 0x8000ab80 (0x82a42e93) x29 0x00000000
core   0: 0x8000ab84 (0x01bd7a33) and     s4, s10, s11
core   0: 3 0x8000ab84 (0x01bd7a33) x20 0x00000000
core   0: 0x8000ab88 (0x01d8ff33) and     t5, a7, t4
core   0: 3 0x8000ab88 (0x01d8ff33) x30 0x00000000
core   0: 0x8000ab8c (0xaad1ad13) slti    s10, gp, -1363
core   0: 3 0x8000ab8c (0xaad1ad13) x26 0x00000000
core   0: 0x8000ab90 (0xed9d8d13) addi    s10, s11, -295
core   0: 3 0x8000ab90 (0xed9d8d13) x26 0x73fffed9
core   0: 0x8000ab94 (0x00064833) xor     a6, a2, zero
core   0: 3 0x8000ab94 (0x00064833) x16 0x00000000
core   0: 0x8000ab98 (0x402b0bb3) sub     s7, s6, sp
core   0: 3 0x8000ab98 (0x402b0bb3) x23 0x00000000
core   0: 0x8000ab9c (0x42363393) sltiu   t2, a2, 1059
core   0: 3 0x8000ab9c (0x42363393) x 7 0x00000001
core   0: 0x8000aba0 (0x003bc933) xor     s2, s7, gp
core   0: 3 0x8000aba0 (0x003bc933) x18 0x00000000
core   0: 0x8000aba4 (0x00000013) nop
core   0: 3 0x8000aba4 (0x00000013)
core   0: 0x8000aba8 (0x013f4e33) xor     t3, t5, s3
core   0: 3 0x8000aba8 (0x013f4e33) x28 0x80000000
core   0: 0x8000abac (0x00000013) nop
core   0: 3 0x8000abac (0x00000013)
core   0: 0x8000abb0 (0x01b122b3) slt     t0, sp, s11
core   0: 3 0x8000abb0 (0x01b122b3) x 5 0x00000001
core   0: 0x8000abb4 (0x0790e913) ori     s2, ra, 121
core   0: 3 0x8000abb4 (0x0790e913) x18 0x00000079
core   0: 0x8000abb8 (0xa5c2e0b7) lui     ra, 0xa5c2e
core   0: 3 0x8000abb8 (0xa5c2e0b7) x 1 0xa5c2e000
core   0: 0x8000abbc (0xec2c0193) addi    gp, s8, -318
core   0: 3 0x8000abbc (0xec2c0193) x 3 0xfffffec6
core   0: 0x8000abc0 (0x9f210737) lui     a4, 0x9f210
core   0: 3 0x8000abc0 (0x9f210737) x14 0x9f210000
core   0: 0x8000abc4 (0x416c0c33) sub     s8, s8, s6
core   0: 3 0x8000abc4 (0x416c0c33) x24 0x00000003
core   0: 0x8000abc8 (0xd6bff313) andi    t1, t6, -661
core   0: 3 0x8000abc8 (0xd6bff313) x 6 0x00000000
core   0: 0x8000abcc (0x01d5ac33) slt     s8, a1, t4
core   0: 3 0x8000abcc (0x01d5ac33) x24 0x00000000
core   0: 0x8000abd0 (0xc9ce4613) xori    a2, t3, -868
core   0: 3 0x8000abd0 (0xc9ce4613) x12 0x7ffffc9c
core   0: 0x8000abd4 (0x00f09db3) sll     s11, ra, a5
core   0: 3 0x8000abd4 (0x00f09db3) x27 0xa5c2e000
core   0: 0x8000abd8 (0x80861b37) lui     s6, 0x80861
core   0: 3 0x8000abd8 (0x80861b37) x22 0x80861000
core   0: 0x8000abdc (0x00fb24b3) slt     s1, s6, a5
core   0: 3 0x8000abdc (0x00fb24b3) x 9 0x00000001
core   0: 0x8000abe0 (0x18a57593) andi    a1, a0, 394
core   0: 3 0x8000abe0 (0x18a57593) x11 0x00000080
core   0: 0x8000abe4 (0x00681893) slli    a7, a6, 6
core   0: 3 0x8000abe4 (0x00681893) x17 0x00000000
core   0: 0x8000abe8 (0x00c37bb3) and     s7, t1, a2
core   0: 3 0x8000abe8 (0x00c37bb3) x23 0x00000000
core   0: 0x8000abec (0x003ebc33) sltu    s8, t4, gp
core   0: 3 0x8000abec (0x003ebc33) x24 0x00000001
core   0: 0x8000abf0 (0x01241db3) sll     s11, s0, s2
core   0: 3 0x8000abf0 (0x01241db3) x27 0x40000000
core   0: 0x8000abf4 (0x018bdcb3) srl     s9, s7, s8
core   0: 3 0x8000abf4 (0x018bdcb3) x25 0x00000000
core   0: 0x8000abf8 (0x7c6db193) sltiu   gp, s11, 1990
core   0: 3 0x8000abf8 (0x7c6db193) x 3 0x00000000
core   0: 0x8000abfc (0x08ab0713) addi    a4, s6, 138
core   0: 3 0x8000abfc (0x08ab0713) x14 0x8086108a
core   0: 0x8000ac00 (0x4094db33) sra     s6, s1, s1
core   0: 3 0x8000ac00 (0x4094db33) x22 0x00000000
core   0: 0x8000ac04 (0x6f6bf713) andi    a4, s7, 1782
core   0: 3 0x8000ac04 (0x6f6bf713) x14 0x00000000
core   0: 0x8000ac08 (0x011ec933) xor     s2, t4, a7
core   0: 3 0x8000ac08 (0x011ec933) x18 0x00000000
core   0: 0x8000ac0c (0x322a3f13) sltiu   t5, s4, 802
core   0: 3 0x8000ac0c (0x322a3f13) x30 0x00000001
core   0: 0x8000ac10 (0x0158d613) srli    a2, a7, 21
core   0: 3 0x8000ac10 (0x0158d613) x12 0x00000000
core   0: 0x8000ac14 (0x6e3ba793) slti    a5, s7, 1763
core   0: 3 0x8000ac14 (0x6e3ba793) x15 0x00000001
core   0: 0x8000ac18 (0x00000013) nop
core   0: 3 0x8000ac18 (0x00000013)
core   0: 0x8000ac1c (0x62397437) lui     s0, 0x62397
core   0: 3 0x8000ac1c (0x62397437) x 8 0x62397000
core   0: 0x8000ac20 (0x01a51a33) sll     s4, a0, s10
core   0: 3 0x8000ac20 (0x01a51a33) x20 0xc8000000
core   0: 0x8000ac24 (0x17d63137) lui     sp, 0x17d63
core   0: 3 0x8000ac24 (0x17d63137) x 2 0x17d63000
core   0: 0x8000ac28 (0x01b8d0b3) srl     ra, a7, s11
core   0: 3 0x8000ac28 (0x01b8d0b3) x 1 0x00000000
core   0: 0x8000ac2c (0x41340433) sub     s0, s0, s3
core   0: 3 0x8000ac2c (0x41340433) x 8 0xe2397000
core   0: 0x8000ac30 (0x833d3d97) auipc   s11, 0x833d3
core   0: 3 0x8000ac30 (0x833d3d97) x27 0x033ddc30
core   0: 0x8000ac34 (0x41e68fb3) sub     t6, a3, t5
core   0: 3 0x8000ac34 (0x41e68fb3) x31 0x00000000
core   0: 0x8000ac38 (0x7f467713) andi    a4, a2, 2036
core   0: 3 0x8000ac38 (0x7f467713) x14 0x00000000
core   0: 0x8000ac3c (0x00350033) add     zero, a0, gp
core   0: 3 0x8000ac3c (0x00350033)
core   0: 0x8000ac40 (0x99d5ec93) ori     s9, a1, -1635
core   0: 3 0x8000ac40 (0x99d5ec93) x25 0xfffff99d
core   0: 0x8000ac44 (0x40cad313) srai    t1, s5, 12
core   0: 3 0x8000ac44 (0x40cad313) x 6 0x00000000
core   0: 0x8000ac48 (0x00216633) or      a2, sp, sp
core   0: 3 0x8000ac48 (0x00216633) x12 0x17d63000
core   0: 0x8000ac4c (0xe2edf413) andi    s0, s11, -466
core   0: 3 0x8000ac4c (0xe2edf413) x 8 0x033ddc20
core   0: 0x8000ac50 (0x00000013) nop
core   0: 3 0x8000ac50 (0x00000013)
core   0: 0x8000ac54 (0x00000013) nop
core   0: 3 0x8000ac54 (0x00000013)
core   0: 0x8000ac58 (0x00000013) nop
core   0: 3 0x8000ac58 (0x00000013)
core   0: 0x8000ac5c (0x00194bb3) xor     s7, s2, ra
core   0: 3 0x8000ac5c (0x00194bb3) x23 0x00000000
core   0: 0x8000ac60 (0x45938293) addi    t0, t2, 1113
core   0: 3 0x8000ac60 (0x45938293) x 5 0x0000045a
core   0: 0x8000ac64 (0x00000013) nop
core   0: 3 0x8000ac64 (0x00000013)
core   0: 0x8000ac68 (0x00000013) nop
core   0: 3 0x8000ac68 (0x00000013)
core   0: 0x8000ac6c (0x9c1b7c93) andi    s9, s6, -1599
core   0: 3 0x8000ac6c (0x9c1b7c93) x25 0x00000000
core   0: 0x8000ac70 (0x013fb0b3) sltu    ra, t6, s3
core   0: 3 0x8000ac70 (0x013fb0b3) x 1 0x00000001
core   0: 0x8000ac74 (0xfd064f13) xori    t5, a2, -48
core   0: 3 0x8000ac74 (0xfd064f13) x30 0xe829cfd0
core   0: 0x8000ac78 (0x47577d13) andi    s10, a4, 1141
core   0: 3 0x8000ac78 (0x47577d13) x26 0x00000000
core   0: 0x8000ac7c (0xb3976397) auipc   t2, 0xb3976
core   0: 3 0x8000ac7c (0xb3976397) x 7 0x33980c7c
core   0: 0x8000ac80 (0x017bd293) srli    t0, s7, 23
core   0: 3 0x8000ac80 (0x017bd293) x 5 0x00000000
core   0: 0x8000ac84 (0x1db57e13) andi    t3, a0, 475
core   0: 3 0x8000ac84 (0x1db57e13) x28 0x000000c0
core   0: 0x8000ac88 (0x0b054597) auipc   a1, 0xb054
core   0: 3 0x8000ac88 (0x0b054597) x11 0x8b05ec88
core   0: 0x8000ac8c (0x00ecd4b3) srl     s1, s9, a4
core   0: 3 0x8000ac8c (0x00ecd4b3) x 9 0x00000000
core   0: 0x8000ac90 (0x7a15dbb7) lui     s7, 0x7a15d
core   0: 3 0x8000ac90 (0x7a15dbb7) x23 0x7a15d000
core   0: 0x8000ac94 (0x17e5a313) slti    t1, a1, 382
core   0: 3 0x8000ac94 (0x17e5a313) x 6 0x00000001
core   0: 0x8000ac98 (0x00dfd013) srli    zero, t6, 13
core   0: 3 0x8000ac98 (0x00dfd013)
core   0: 0x8000ac9c (0x00000013) nop
core   0: 3 0x8000ac9c (0x00000013)
core   0: 0x8000aca0 (0x5f54f913) andi    s2, s1, 1525
core   0: 3 0x8000aca0 (0x5f54f913) x18 0x00000000
core   0: 0x8000aca4 (0x088ded93) ori     s11, s11, 136
core   0: 3 0x8000aca4 (0x088ded93) x27 0x033ddcb8
core   0: 0x8000aca8 (0x00445d93) srli    s11, s0, 4
core   0: 3 0x8000aca8 (0x00445d93) x27 0x0033ddc2
core   0: 0x8000acac (0x00b0e033) or      zero, ra, a1
core   0: 3 0x8000acac (0x00b0e033)
core   0: 0x8000acb0 (0x009ca7b3) slt     a5, s9, s1
core   0: 3 0x8000acb0 (0x009ca7b3) x15 0x00000000
core   0: 0x8000acb4 (0x00829c33) sll     s8, t0, s0
core   0: 3 0x8000acb4 (0x00829c33) x24 0x00000000
core   0: 0x8000acb8 (0x01682cb3) slt     s9, a6, s6
core   0: 3 0x8000acb8 (0x01682cb3) x25 0x00000000
core   0: 0x8000acbc (0xbbab4793) xori    a5, s6, -1094
core   0: 3 0x8000acbc (0xbbab4793) x15 0xfffffbba
core   0: 0x8000acc0 (0x006abdb3) sltu    s11, s5, t1
core   0: 3 0x8000acc0 (0x006abdb3) x27 0x00000001
core   0: 0x8000acc4 (0x0120ccb3) xor     s9, ra, s2
core   0: 3 0x8000acc4 (0x0120ccb3) x25 0x00000001
core   0: 0x8000acc8 (0x2caa2b93) slti    s7, s4, 714
core   0: 3 0x8000acc8 (0x2caa2b93) x23 0x00000001
core   0: 0x8000accc (0xb1f57e13) andi    t3, a0, -1249
core   0: 3 0x8000accc (0xb1f57e13) x28 0x80015804
core   0: 0x8000acd0 (0x006a1e93) slli    t4, s4, 6
core   0: 3 0x8000acd0 (0x006a1e93) x29 0x00000000
core   0: 0x8000acd4 (0xb7ef7397) auipc   t2, 0xb7ef7
core   0: 3 0x8000acd4 (0xb7ef7397) x 7 0x37f01cd4
core   0: 0x8000acd8 (0x02c2be37) lui     t3, 0x2c2b
core   0: 3 0x8000acd8 (0x02c2be37) x28 0x02c2b000
core   0: 0x8000acdc (0x86cc4813) xori    a6, s8, -1940
core   0: 3 0x8000acdc (0x86cc4813) x16 0xfffff86c
core   0: 0x8000ace0 (0x0053d193) srli    gp, t2, 5
core   0: 3 0x8000ace0 (0x0053d193) x 3 0x01bf80e6
core   0: 0x8000ace4 (0xc1d50437) lui     s0, 0xc1d50
core   0: 3 0x8000ace4 (0xc1d50437) x 8 0xc1d50000
core   0: 0x8000ace8 (0x01c4bb33) sltu    s6, s1, t3
core   0: 3 0x8000ace8 (0x01c4bb33) x22 0x00000001
core   0: 0x8000acec (0x01703633) snez    a2, s7
core   0: 3 0x8000acec (0x01703633) x12 0x00000001
core   0: 0x8000acf0 (0x403b5cb3) sra     s9, s6, gp
core   0: 3 0x8000acf0 (0x403b5cb3) x25 0x00000000
core   0: 0x8000acf4 (0x01f7b3b3) sltu    t2, a5, t6
core   0: 3 0x8000acf4 (0x01f7b3b3) x 7 0x00000000
core   0: 0x8000acf8 (0x2f92c7b7) lui     a5, 0x2f92c
core   0: 3 0x8000acf8 (0x2f92c7b7) x15 0x2f92c000
core   0: 0x8000acfc (0xc96f8d93) addi    s11, t6, -874
core   0: 3 0x8000acfc (0xc96f8d93) x27 0xfffffc96
core   0: 0x8000ad00 (0x00e56db3) or      s11, a0, a4
core   0: 3 0x8000ad00 (0x00e56db3) x27 0x80015ce4
core   0: 0x8000ad04 (0x00ccd033) srl     zero, s9, a2
core   0: 3 0x8000ad04 (0x00ccd033)
core   0: 0x8000ad08 (0x00000013) nop
core   0: 3 0x8000ad08 (0x00000013)
core   0: 0x8000ad0c (0x01df74b3) and     s1, t5, t4
core   0: 3 0x8000ad0c (0x01df74b3) x 9 0x00000000
core   0: 0x8000ad10 (0x000bd733) srl     a4, s7, zero
core   0: 3 0x8000ad10 (0x000bd733) x14 0x00000001
core   0: 0x8000ad14 (0x00e2b2b3) sltu    t0, t0, a4
core   0: 3 0x8000ad14 (0x00e2b2b3) x 5 0x00000001
core   0: 0x8000ad18 (0x00651d13) slli    s10, a0, 6
core   0: 3 0x8000ad18 (0x00651d13) x26 0x00573900
core   0: 0x8000ad1c (0x01a8adb3) slt     s11, a7, s10
core   0: 3 0x8000ad1c (0x01a8adb3) x27 0x00000001
core   0: 0x8000ad20 (0x005ad6b3) srl     a3, s5, t0
core   0: 3 0x8000ad20 (0x005ad6b3) x13 0x00000000
core   0: 0x8000ad24 (0x41ea83b3) sub     t2, s5, t5
core   0: 3 0x8000ad24 (0x41ea83b3) x 7 0x17d63030
core   0: 0x8000ad28 (0x75c97917) auipc   s2, 0x75c97
core   0: 3 0x8000ad28 (0x75c97917) x18 0xf5ca1d28
core   0: 0x8000ad2c (0x00716433) or      s0, sp, t2
core   0: 3 0x8000ad2c (0x00716433) x 8 0x17d63030
core   0: 0x8000ad30 (0xd5c84793) xori    a5, a6, -676
core   0: 3 0x8000ad30 (0xd5c84793) x15 0x00000530
core   0: 0x8000ad34 (0x46c9a093) slti    ra, s3, 1132
core   0: 3 0x8000ad34 (0x46c9a093) x 1 0x00000001
core   0: 0x8000ad38 (0x6cf8b813) sltiu   a6, a7, 1743
core   0: 3 0x8000ad38 (0x6cf8b813) x16 0x00000001
core   0: 0x8000ad3c (0x94eebdb7) lui     s11, 0x94eeb
core   0: 3 0x8000ad3c (0x94eebdb7) x27 0x94eeb000
core   0: 0x8000ad40 (0x3092d897) auipc   a7, 0x3092d
core   0: 3 0x8000ad40 (0x3092d897) x17 0xb0937d40
core   0: 0x8000ad44 (0x402b0033) sub     zero, s6, sp
core   0: 3 0x8000ad44 (0x402b0033)
core   0: 0x8000ad48 (0x40100bb3) sub     s7, zero, ra
core   0: 3 0x8000ad48 (0x40100bb3) x23 0xffffffff
core   0: 0x8000ad4c (0x418cdc33) sra     s8, s9, s8
core   0: 3 0x8000ad4c (0x418cdc33) x24 0x00000000
core   0: 0x8000ad50 (0x0003cfb3) xor     t6, t2, zero
core   0: 3 0x8000ad50 (0x0003cfb3) x31 0x17d63030
core   0: 0x8000ad54 (0x403b5133) sra     sp, s6, gp
core   0: 3 0x8000ad54 (0x403b5133) x 2 0x00000000
core   0: 0x8000ad58 (0x00678e33) add     t3, a5, t1
core   0: 3 0x8000ad58 (0x00678e33) x28 0x00000531
core   0: 0x8000ad5c (0x00012db3) slt     s11, sp, zero
core   0: 3 0x8000ad5c (0x00012db3) x27 0x00000000
core   0: 0x8000ad60 (0x41858eb3) sub     t4, a1, s8
core   0: 3 0x8000ad60 (0x41858eb3) x29 0x8b05ec88
core   0: 0x8000ad64 (0x40988ab3) sub     s5, a7, s1
core   0: 3 0x8000ad64 (0x40988ab3) x21 0xb0937d40
core   0: 0x8000ad68 (0x0179dcb3) srl     s9, s3, s7
core   0: 3 0x8000ad68 (0x0179dcb3) x25 0x00000001
core   0: 0x8000ad6c (0x0195d593) srli    a1, a1, 25
core   0: 3 0x8000ad6c (0x0195d593) x11 0x00000045
core   0: 0x8000ad70 (0x5a186713) ori     a4, a6, 1441
core   0: 3 0x8000ad70 (0x5a186713) x14 0x000005a1
core   0: 0x8000ad74 (0x8f93f317) auipc   t1, 0x8f93f
core   0: 3 0x8000ad74 (0x8f93f317) x 6 0x0f949d74
core   0: 0x8000ad78 (0x00e9cfb3) xor     t6, s3, a4
core   0: 3 0x8000ad78 (0x00e9cfb3) x31 0x800005a1
core   0: 0x8000ad7c (0xca6b9d17) auipc   s10, 0xca6b9
core   0: 3 0x8000ad7c (0xca6b9d17) x26 0x4a6c3d7c
core   0: 0x8000ad80 (0x01259193) slli    gp, a1, 18
core   0: 3 0x8000ad80 (0x01259193) x 3 0x01140000
core   0: 0x8000ad84 (0x46763b13) sltiu   s6, a2, 1127
core   0: 3 0x8000ad84 (0x46763b13) x22 0x00000001
core   0: 0x8000ad88 (0xce93be93) sltiu   t4, t2, -791
core   0: 3 0x8000ad88 (0xce93be93) x29 0x00000001
core   0: 0x8000ad8c (0x008632b3) sltu    t0, a2, s0
core   0: 3 0x8000ad8c (0x008632b3) x 5 0x00000001
core   0: 0x8000ad90 (0x407604b3) sub     s1, a2, t2
core   0: 3 0x8000ad90 (0x407604b3) x 9 0xe829cfd1
core   0: 0x8000ad94 (0x17cbbf13) sltiu   t5, s7, 380
core   0: 3 0x8000ad94 (0x17cbbf13) x30 0x00000000
core   0: 0x8000ad98 (0x414583b3) sub     t2, a1, s4
core   0: 3 0x8000ad98 (0x414583b3) x 7 0x38000045
core   0: 0x8000ad9c (0x00000013) nop
core   0: 3 0x8000ad9c (0x00000013)
core   0: 0x8000ada0 (0x0048fa33) and     s4, a7, tp
core   0: 3 0x8000ada0 (0x0048fa33) x20 0x80011c40
core   0: 0x8000ada4 (0xb6f44c13) xori    s8, s0, -1169
core   0: 3 0x8000ada4 (0xb6f44c13) x24 0xe829cb5f
core   0: 0x8000ada8 (0x8e64e013) ori     zero, s1, -1818
core   0: 3 0x8000ada8 (0x8e64e013)
core   0: 0x8000adac (0x01ca4bb3) xor     s7, s4, t3
core   0: 3 0x8000adac (0x01ca4bb3) x23 0x80011971
core   0: 0x8000adb0 (0x0112d613) srli    a2, t0, 17
core   0: 3 0x8000adb0 (0x0112d613) x12 0x00000000
core   0: 0x8000adb4 (0x010cc7b3) xor     a5, s9, a6
core   0: 3 0x8000adb4 (0x010cc7b3) x15 0x00000000
core   0: 0x8000adb8 (0x012c1a13) slli    s4, s8, 18
core   0: 3 0x8000adb8 (0x012c1a13) x20 0x2d7c0000
core   0: 0x8000adbc (0x2356b797) auipc   a5, 0x2356b
core   0: 3 0x8000adbc (0x2356b797) x15 0xa3575dbc
core   0: 0x8000adc0 (0x006e76b3) and     a3, t3, t1
core   0: 3 0x8000adc0 (0x006e76b3) x13 0x00000530
core   0: 0x8000adc4 (0x5e083c93) sltiu   s9, a6, 1504
core   0: 3 0x8000adc4 (0x5e083c93) x25 0x00000001
core   0: 0x8000adc8 (0x01e11913) slli    s2, sp, 30
core   0: 3 0x8000adc8 (0x01e11913) x18 0x00000000
core   0: 0x8000adcc (0xd66580b7) lui     ra, 0xd6658
core   0: 3 0x8000adcc (0xd66580b7) x 1 0xd6658000
core   0: 0x8000add0 (0xcad92413) slti    s0, s2, -851
core   0: 3 0x8000add0 (0xcad92413) x 8 0x00000000
core   0: 0x8000add4 (0xc1a1c193) xori    gp, gp, -998
core   0: 3 0x8000add4 (0xc1a1c193) x 3 0xfeebfc1a
core   0: 0x8000add8 (0x014a6433) or      s0, s4, s4
core   0: 3 0x8000add8 (0x014a6433) x 8 0x2d7c0000
core   0: 0x8000addc (0x001eea33) or      s4, t4, ra
core   0: 3 0x8000addc (0x001eea33) x20 0xd6658001
core   0: 0x8000ade0 (0x41265713) srai    a4, a2, 18
core   0: 3 0x8000ade0 (0x41265713) x14 0x00000000
core   0: 0x8000ade4 (0x007327b3) slt     a5, t1, t2
core   0: 3 0x8000ade4 (0x007327b3) x15 0x00000001
core   0: 0x8000ade8 (0x913d7a13) andi    s4, s10, -1773
core   0: 3 0x8000ade8 (0x913d7a13) x20 0x4a6c3910
core   0: 0x8000adec (0x01e26133) or      sp, tp, t5
core   0: 3 0x8000adec (0x01e26133) x 2 0x80011e64
core   0: 0x8000adf0 (0x01944133) xor     sp, s0, s9
core   0: 3 0x8000adf0 (0x01944133) x 2 0x2d7c0001
core   0: 0x8000adf4 (0xc39b4c13) xori    s8, s6, -967
core   0: 3 0x8000adf4 (0xc39b4c13) x24 0xfffffc38
core   0: 0x8000adf8 (0x1b140013) addi    zero, s0, 433
core   0: 3 0x8000adf8 (0x1b140013)
core   0: 0x8000adfc (0x40f7dbb3) sra     s7, a5, a5
core   0: 3 0x8000adfc (0x40f7dbb3) x23 0x00000000
core   0: 0x8000ae00 (0x00901313) slli    t1, zero, 9
core   0: 3 0x8000ae00 (0x00901313) x 6 0x00000000
core   0: 0x8000ae04 (0xd8914f13) xori    t5, sp, -631
core   0: 3 0x8000ae04 (0xd8914f13) x30 0xd283fd88
core   0: 0x8000ae08 (0x015592b3) sll     t0, a1, s5
core   0: 3 0x8000ae08 (0x015592b3) x 5 0x00000045
core   0: 0x8000ae0c (0x405b0f33) sub     t5, s6, t0
core   0: 3 0x8000ae0c (0x405b0f33) x30 0xffffffbc
core   0: 0x8000ae10 (0x1d52f417) auipc   s0, 0x1d52f
core   0: 3 0x8000ae10 (0x1d52f417) x 8 0x9d539e10
core   0: 0x8000ae14 (0x4f6fab93) slti    s7, t6, 1270
core   0: 3 0x8000ae14 (0x4f6fab93) x23 0x00000001
core   0: 0x8000ae18 (0x0157c333) xor     t1, a5, s5
core   0: 3 0x8000ae18 (0x0157c333) x 6 0xb0937d41
core   0: 0x8000ae1c (0xa4dea013) slti    zero, t4, -1459
core   0: 3 0x8000ae1c (0xa4dea013)
core   0: 0x8000ae20 (0x01f2d013) srli    zero, t0, 31
core   0: 3 0x8000ae20 (0x01f2d013)
core   0: 0x8000ae24 (0x9fcd0a13) addi    s4, s10, -1540
core   0: 3 0x8000ae24 (0x9fcd0a13) x20 0x4a6c3778
core   0: 0x8000ae28 (0x01dae8b3) or      a7, s5, t4
core   0: 3 0x8000ae28 (0x01dae8b3) x17 0xb0937d41
core   0: 0x8000ae2c (0x01f8ee33) or      t3, a7, t6
core   0: 3 0x8000ae2c (0x01f8ee33) x28 0xb0937de1
core   0: 0x8000ae30 (0xf7398193) addi    gp, s3, -141
core   0: 3 0x8000ae30 (0xf7398193) x 3 0x7fffff73
core   0: 0x8000ae34 (0x2fdc2613) slti    a2, s8, 765
core   0: 3 0x8000ae34 (0x2fdc2613) x12 0x00000001
core   0: 0x8000ae38 (0x00000013) nop
core   0: 3 0x8000ae38 (0x00000013)
core   0: 0x8000ae3c (0x411287b3) sub     a5, t0, a7
core   0: 3 0x8000ae3c (0x411287b3) x15 0x4f6c8304
core   0: 0x8000ae40 (0xd02cae93) slti    t4, s9, -766
core   0: 3 0x8000ae40 (0xd02cae93) x29 0x00000000
core   0: 0x8000ae44 (0xd4187193) andi    gp, a6, -703
core   0: 3 0x8000ae44 (0xd4187193) x 3 0x00000001
core   0: 0x8000ae48 (0x6bca3013) sltiu   zero, s4, 1724
core   0: 3 0x8000ae48 (0x6bca3013)
core   0: 0x8000ae4c (0x60cf3313) sltiu   t1, t5, 1548
core   0: 3 0x8000ae4c (0x60cf3313) x 6 0x00000000
core   0: 0x8000ae50 (0x004418b3) sll     a7, s0, tp
core   0: 3 0x8000ae50 (0x004418b3) x17 0xd539e100
core   0: 0x8000ae54 (0x01b120b3) slt     ra, sp, s11
core   0: 3 0x8000ae54 (0x01b120b3) x 1 0x00000000
core   0: 0x8000ae58 (0x41c98833) sub     a6, s3, t3
core   0: 3 0x8000ae58 (0x41c98833) x16 0xcf6c821f
core   0: 0x8000ae5c (0x01efc1b3) xor     gp, t6, t5
core   0: 3 0x8000ae5c (0x01efc1b3) x 3 0x7ffffa1d
core   0: 0x8000ae60 (0x956b8e93) addi    t4, s7, -1706
core   0: 3 0x8000ae60 (0x956b8e93) x29 0xfffff957
core   0: 0x8000ae64 (0x4154de33) sra     t3, s1, s5
core   0: 3 0x8000ae64 (0x4154de33) x28 0xe829cfd1
core   0: 0x8000ae68 (0x0e3cc037) lui     zero, 0xe3cc
core   0: 3 0x8000ae68 (0x0e3cc037)
core   0: 0x8000ae6c (0x01d0a2b3) slt     t0, ra, t4
core   0: 3 0x8000ae6c (0x01d0a2b3) x 5 0x00000000
core   0: 0x8000ae70 (0x40f3d1b3) sra     gp, t2, a5
core   0: 3 0x8000ae70 (0x40f3d1b3) x 3 0x03800004
core   0: 0x8000ae74 (0x404584b3) sub     s1, a1, tp
core   0: 3 0x8000ae74 (0x404584b3) x 9 0x7ffee1e1
core   0: 0x8000ae78 (0x0112c593) xori    a1, t0, 17
core   0: 3 0x8000ae78 (0x0112c593) x11 0x00000011
core   0: 0x8000ae7c (0x01a01633) sll     a2, zero, s10
core   0: 3 0x8000ae7c (0x01a01633) x12 0x00000000
core   0: 0x8000ae80 (0x01361f93) slli    t6, a2, 19
core   0: 3 0x8000ae80 (0x01361f93) x31 0x00000000
core   0: 0x8000ae84 (0xd73a8137) lui     sp, 0xd73a8
core   0: 3 0x8000ae84 (0xd73a8137) x 2 0xd73a8000
core   0: 0x8000ae88 (0x00c5a4b3) slt     s1, a1, a2
core   0: 3 0x8000ae88 (0x00c5a4b3) x 9 0x00000000
core   0: 0x8000ae8c (0xe6ee0e93) addi    t4, t3, -402
core   0: 3 0x8000ae8c (0xe6ee0e93) x29 0xe829ce3f
core   0: 0x8000ae90 (0x54727b93) andi    s7, tp, 1351
core   0: 3 0x8000ae90 (0x54727b93) x23 0x00000444
core   0: 0x8000ae94 (0x416a0433) sub     s0, s4, s6
core   0: 3 0x8000ae94 (0x416a0433) x 8 0x4a6c3777
core   0: 0x8000ae98 (0x01dbd3b3) srl     t2, s7, t4
core   0: 3 0x8000ae98 (0x01dbd3b3) x 7 0x00000000
core   0: 0x8000ae9c (0x00a5d313) srli    t1, a1, 10
core   0: 3 0x8000ae9c (0x00a5d313) x 6 0x00000000
core   0: 0x8000aea0 (0xf3e54d13) xori    s10, a0, -194
core   0: 3 0x8000aea0 (0xf3e54d13) x26 0x7ffea3da
core   0: 0x8000aea4 (0x00fc90b3) sll     ra, s9, a5
core   0: 3 0x8000aea4 (0x00fc90b3) x 1 0x00000010
core   0: 0x8000aea8 (0x00e61f33) sll     t5, a2, a4
core   0: 3 0x8000aea8 (0x00e61f33) x30 0x00000000
core   0: 0x8000aeac (0x012a60b3) or      ra, s4, s2
core   0: 3 0x8000aeac (0x012a60b3) x 1 0x4a6c3778
core   0: 0x8000aeb0 (0x6698c713) xori    a4, a7, 1641
core   0: 3 0x8000aeb0 (0x6698c713) x14 0xd539e769
core   0: 0x8000aeb4 (0x776e8a13) addi    s4, t4, 1910
core   0: 3 0x8000aeb4 (0x776e8a13) x20 0xe829d5b5
core   0: 0x8000aeb8 (0x0104d293) srli    t0, s1, 16
core   0: 3 0x8000aeb8 (0x0104d293) x 5 0x00000000
core   0: 0x8000aebc (0xcff04e13) xori    t3, zero, -769
core   0: 3 0x8000aebc (0xcff04e13) x28 0xfffffcff
core   0: 0x8000aec0 (0x414e5b33) sra     s6, t3, s4
core   0: 3 0x8000aec0 (0x414e5b33) x22 0xffffffff
core   0: 0x8000aec4 (0x012ef3b3) and     t2, t4, s2
core   0: 3 0x8000aec4 (0x012ef3b3) x 7 0x00000000
core   0: 0x8000aec8 (0x7ed19917) auipc   s2, 0x7ed19
core   0: 3 0x8000aec8 (0x7ed19917) x18 0xfed23ec8
core   0: 0x8000aecc (0x00000013) nop
core   0: 3 0x8000aecc (0x00000013)
core   0: 0x8000aed0 (0x015b1f93) slli    t6, s6, 21
core   0: 3 0x8000aed0 (0x015b1f93) x31 0xffe00000
core   0: 0x8000aed4 (0x00000013) nop
core   0: 3 0x8000aed4 (0x00000013)
core   0: 0x8000aed8 (0x08193a93) sltiu   s5, s2, 129
core   0: 3 0x8000aed8 (0x08193a93) x21 0x00000000
core   0: 0x8000aedc (0x010d3e33) sltu    t3, s10, a6
core   0: 3 0x8000aedc (0x010d3e33) x28 0x00000001
core   0: 0x8000aee0 (0x4ac10f93) addi    t6, sp, 1196
core   0: 3 0x8000aee0 (0x4ac10f93) x31 0xd73a84ac
core   0: 0x8000aee4 (0x010eec33) or      s8, t4, a6
core   0: 3 0x8000aee4 (0x010eec33) x24 0xef6dce3f
core   0: 0x8000aee8 (0x00278bb3) add     s7, a5, sp
core   0: 3 0x8000aee8 (0x00278bb3) x23 0x26a70304
core   0: 0x8000aeec (0x40665913) srai    s2, a2, 6
core   0: 3 0x8000aeec (0x40665913) x18 0x00000000
core   0: 0x8000aef0 (0x00b91193) slli    gp, s2, 11
core   0: 3 0x8000aef0 (0x00b91193) x 3 0x00000000
core   0: 0x8000aef4 (0x01d99093) slli    ra, s3, 29
core   0: 3 0x8000aef4 (0x01d99093) x 1 0x00000000
core   0: 0x8000aef8 (0x01b09633) sll     a2, ra, s11
core   0: 3 0x8000aef8 (0x01b09633) x12 0x00000000
core   0: 0x8000aefc (0x418757b3) sra     a5, a4, s8
core   0: 3 0x8000aefc (0x418757b3) x15 0xffffffff
core   0: 0x8000af00 (0x0084f733) and     a4, s1, s0
core   0: 3 0x8000af00 (0x0084f733) x14 0x00000000
core   0: 0x8000af04 (0x00810933) add     s2, sp, s0
core   0: 3 0x8000af04 (0x00810933) x18 0x21a6b777
core   0: 0x8000af08 (0xbff96013) ori     zero, s2, -1025
core   0: 3 0x8000af08 (0xbff96013)
core   0: 0x8000af0c (0x01541b13) slli    s6, s0, 21
core   0: 3 0x8000af0c (0x01541b13) x22 0xeee00000
core   0: 0x8000af10 (0x003dc833) xor     a6, s11, gp
core   0: 3 0x8000af10 (0x003dc833) x16 0x00000000
core   0: 0x8000af14 (0x01f6d013) srli    zero, a3, 31
core   0: 3 0x8000af14 (0x01f6d013)
core   0: 0x8000af18 (0x0e8ac113) xori    sp, s5, 232
core   0: 3 0x8000af18 (0x0e8ac113) x 2 0x000000e8
core   0: 0x8000af1c (0x01b73c33) sltu    s8, a4, s11
core   0: 3 0x8000af1c (0x01b73c33) x24 0x00000000
core   0: 0x8000af20 (0x00000013) nop
core   0: 3 0x8000af20 (0x00000013)
core   0: 0x8000af24 (0x005265b3) or      a1, tp, t0
core   0: 3 0x8000af24 (0x005265b3) x11 0x80011e64
core   0: 0x8000af28 (0xc4eb6713) ori     a4, s6, -946
core   0: 3 0x8000af28 (0xc4eb6713) x14 0xfffffc4e
core   0: 0x8000af2c (0xcbf9c113) xori    sp, s3, -833
core   0: 3 0x8000af2c (0xcbf9c113) x 2 0x7ffffcbf
core   0: 0x8000af30 (0x7bdb6113) ori     sp, s6, 1981
core   0: 3 0x8000af30 (0x7bdb6113) x 2 0xeee007bd
core   0: 0x8000af34 (0x413f8733) sub     a4, t6, s3
core   0: 3 0x8000af34 (0x413f8733) x14 0x573a84ac
core   0: 0x8000af38 (0x89d6aab7) lui     s5, 0x89d6a
core   0: 3 0x8000af38 (0x89d6aab7) x21 0x89d6a000
core   0: 0x8000af3c (0x65a46313) ori     t1, s0, 1626
core   0: 3 0x8000af3c (0x65a46313) x 6 0x4a6c377f
core   0: 0x8000af40 (0x00a35c13) srli    s8, t1, 10
core   0: 3 0x8000af40 (0x00a35c13) x24 0x00129b0d
core   0: 0x8000af44 (0x003f8833) add     a6, t6, gp
core   0: 3 0x8000af44 (0x003f8833) x16 0xd73a84ac
core   0: 0x8000af48 (0x942d6e13) ori     t3, s10, -1726
core   0: 3 0x8000af48 (0x942d6e13) x28 0xfffffbda
core   0: 0x8000af4c (0x010a3033) sltu    zero, s4, a6
core   0: 3 0x8000af4c (0x010a3033)
core   0: 0x8000af50 (0x013753b3) srl     t2, a4, s3
core   0: 3 0x8000af50 (0x013753b3) x 7 0x573a84ac
core   0: 0x8000af54 (0x00fe9113) slli    sp, t4, 15
core   0: 3 0x8000af54 (0x00fe9113) x 2 0xe71f8000
core   0: 0x8000af58 (0x0fab0d13) addi    s10, s6, 250
core   0: 3 0x8000af58 (0x0fab0d13) x26 0xeee000fa
core   0: 0x8000af5c (0x41b48f33) sub     t5, s1, s11
core   0: 3 0x8000af5c (0x41b48f33) x30 0x00000000
core   0: 0x8000af60 (0x41ead293) srai    t0, s5, 30
core   0: 3 0x8000af60 (0x41ead293) x 5 0xfffffffe
core   0: 0x8000af64 (0x40e40eb3) sub     t4, s0, a4
core   0: 3 0x8000af64 (0x40e40eb3) x29 0xf331b2cb
core   0: 0x8000af68 (0x01277433) and     s0, a4, s2
core   0: 3 0x8000af68 (0x01277433) x 8 0x01228424
core   0: 0x8000af6c (0x4f7a2e93) slti    t4, s4, 1271
core   0: 3 0x8000af6c (0x4f7a2e93) x29 0x00000001
core   0: 0x8000af70 (0x5f40a013) slti    zero, ra, 1524
core   0: 3 0x8000af70 (0x5f40a013)
core   0: 0x8000af74 (0x01701893) slli    a7, zero, 23
core   0: 3 0x8000af74 (0x01701893) x17 0x00000000
core   0: 0x8000af78 (0x005c48b3) xor     a7, s8, t0
core   0: 3 0x8000af78 (0x005c48b3) x17 0xffed64f3
core   0: 0x8000af7c (0xfc14b713) sltiu   a4, s1, -63
core   0: 3 0x8000af7c (0xfc14b713) x14 0x00000001
core   0: 0x8000af80 (0x0014d5b3) srl     a1, s1, ra
core   0: 3 0x8000af80 (0x0014d5b3) x11 0x00000000
core   0: 0x8000af84 (0x00000013) nop
core   0: 3 0x8000af84 (0x00000013)
core   0: 0x8000af88 (0x0015ceb3) xor     t4, a1, ra
core   0: 3 0x8000af88 (0x0015ceb3) x29 0x00000000
core   0: 0x8000af8c (0x01d7d433) srl     s0, a5, t4
core   0: 3 0x8000af8c (0x01d7d433) x 8 0xffffffff
core   0: 0x8000af90 (0x83c90393) addi    t2, s2, -1988
core   0: 3 0x8000af90 (0x83c90393) x 7 0x21a6afb3
core   0: 0x8000af94 (0x000597b3) sll     a5, a1, zero
core   0: 3 0x8000af94 (0x000597b3) x15 0x00000000
core   0: 0x8000af98 (0xb85e6893) ori     a7, t3, -1147
core   0: 3 0x8000af98 (0xb85e6893) x17 0xfffffbdf
core   0: 0x8000af9c (0x0074b1b3) sltu    gp, s1, t2
core   0: 3 0x8000af9c (0x0074b1b3) x 3 0x00000001
core   0: 0x8000afa0 (0x400c5413) srai    s0, s8, 0
core   0: 3 0x8000afa0 (0x400c5413) x 8 0x00129b0d
core   0: 0x8000afa4 (0x18463b13) sltiu   s6, a2, 388
core   0: 3 0x8000afa4 (0x18463b13) x22 0x00000001
core   0: 0x8000afa8 (0x0b3d0893) addi    a7, s10, 179
core   0: 3 0x8000afa8 (0x0b3d0893) x17 0xeee001ad
core   0: 0x8000afac (0x018f2b33) slt     s6, t5, s8
core   0: 3 0x8000afac (0x018f2b33) x22 0x00000001
core   0: 0x8000afb0 (0x71b9c313) xori    t1, s3, 1819
core   0: 3 0x8000afb0 (0x71b9c313) x 6 0x8000071b
core   0: 0x8000afb4 (0x017c9733) sll     a4, s9, s7
core   0: 3 0x8000afb4 (0x017c9733) x14 0x00000010
core   0: 0x8000afb8 (0x00e8ddb3) srl     s11, a7, a4
core   0: 3 0x8000afb8 (0x00e8ddb3) x27 0x0000eee0
core   0: 0x8000afbc (0x01afe6b3) or      a3, t6, s10
core   0: 3 0x8000afbc (0x01afe6b3) x13 0xfffa84fe
core   0: 0x8000afc0 (0xf8f16013) ori     zero, sp, -113
core   0: 3 0x8000afc0 (0xf8f16013)
core   0: 0x8000afc4 (0x016833b3) sltu    t2, a6, s6
core   0: 3 0x8000afc4 (0x016833b3) x 7 0x00000000
core   0: 0x8000afc8 (0x2922ae13) slti    t3, t0, 658
core   0: 3 0x8000afc8 (0x2922ae13) x28 0x00000001
core   0: 0x8000afcc (0x00000013) nop
core   0: 3 0x8000afcc (0x00000013)
core   0: 0x8000afd0 (0x01f293b3) sll     t2, t0, t6
core   0: 3 0x8000afd0 (0x01f293b3) x 7 0xffffe000
core   0: 0x8000afd4 (0x13e26b93) ori     s7, tp, 318
core   0: 3 0x8000afd4 (0x13e26b93) x23 0x80011f7e
core   0: 0x8000afd8 (0xa840f593) andi    a1, ra, -1404
core   0: 3 0x8000afd8 (0xa840f593) x11 0x00000000
core   0: 0x8000afdc (0xeb29e693) ori     a3, s3, -334
core   0: 3 0x8000afdc (0xeb29e693) x13 0xfffffeb2
core   0: 0x8000afe0 (0x413354b3) sra     s1, t1, s3
core   0: 3 0x8000afe0 (0x413354b3) x 9 0x8000071b
core   0: 0x8000afe4 (0x41c65cb3) sra     s9, a2, t3
core   0: 3 0x8000afe4 (0x41c65cb3) x25 0x00000000
core   0: 0x8000afe8 (0x00000013) nop
core   0: 3 0x8000afe8 (0x00000013)
core   0: 0x8000afec (0x00000013) nop
core   0: 3 0x8000afec (0x00000013)
core   0: 0x8000aff0 (0x00000013) nop
core   0: 3 0x8000aff0 (0x00000013)
core   0: 0x8000aff4 (0x41045933) sra     s2, s0, a6
core   0: 3 0x8000aff4 (0x41045933) x18 0x00000129
core   0: 0x8000aff8 (0x01fd8633) add     a2, s11, t6
core   0: 3 0x8000aff8 (0x01fd8633) x12 0xd73b738c
core   0: 0x8000affc (0x00cd88b3) add     a7, s11, a2
core   0: 3 0x8000affc (0x00cd88b3) x17 0xd73c626c
core   0: 0x8000b000 (0x00000013) nop
core   0: 3 0x8000b000 (0x00000013)
core   0: 0x8000b004 (0x38fce937) lui     s2, 0x38fce
core   0: 3 0x8000b004 (0x38fce937) x18 0x38fce000
core   0: 0x8000b008 (0x00000013) nop
core   0: 3 0x8000b008 (0x00000013)
core   0: 0x8000b00c (0x00dcd393) srli    t2, s9, 13
core   0: 3 0x8000b00c (0x00dcd393) x 7 0x00000000
core   0: 0x8000b010 (0x41d25793) srai    a5, tp, 29
core   0: 3 0x8000b010 (0x41d25793) x15 0xfffffffc
core   0: 0x8000b014 (0x00a6aab3) slt     s5, a3, a0
core   0: 3 0x8000b014 (0x00a6aab3) x21 0x00000000
core   0: 0x8000b018 (0x403a5333) sra     t1, s4, gp
core   0: 3 0x8000b018 (0x403a5333) x 6 0xf414eada
core   0: 0x8000b01c (0x41a05b93) srai    s7, zero, 26
core   0: 3 0x8000b01c (0x41a05b93) x23 0x00000000
core   0: 0x8000b020 (0x00925cb3) srl     s9, tp, s1
core   0: 3 0x8000b020 (0x00925cb3) x25 0x00000010
core   0: 0x8000b024 (0x01c6b933) sltu    s2, a3, t3
core   0: 3 0x8000b024 (0x01c6b933) x18 0x00000000
core   0: 0x8000b028 (0x01e0ba33) sltu    s4, ra, t5
core   0: 3 0x8000b028 (0x01e0ba33) x20 0x00000000
core   0: 0x8000b02c (0x9e4ce2b7) lui     t0, 0x9e4ce
core   0: 3 0x8000b02c (0x9e4ce2b7) x 5 0x9e4ce000
core   0: 0x8000b030 (0x7686f493) andi    s1, a3, 1896
core   0: 3 0x8000b030 (0x7686f493) x 9 0x00000620
core   0: 0x8000b034 (0x00000013) nop
core   0: 3 0x8000b034 (0x00000013)
core   0: 0x8000b038 (0x002eedb3) or      s11, t4, sp
core   0: 3 0x8000b038 (0x002eedb3) x27 0xe71f8000
core   0: 0x8000b03c (0x018d15b3) sll     a1, s10, s8
core   0: 3 0x8000b03c (0x018d15b3) x11 0x001f4000
core   0: 0x8000b040 (0x14da6713) ori     a4, s4, 333
core   0: 3 0x8000b040 (0x14da6713) x14 0x0000014d
core   0: 0x8000b044 (0x416ad113) srai    sp, s5, 22
core   0: 3 0x8000b044 (0x416ad113) x 2 0x00000000
core   0: 0x8000b048 (0x018db8b3) sltu    a7, s11, s8
core   0: 3 0x8000b048 (0x018db8b3) x17 0x00000000
core   0: 0x8000b04c (0x00fe47b3) xor     a5, t3, a5
core   0: 3 0x8000b04c (0x00fe47b3) x15 0xfffffffd
core   0: 0x8000b050 (0x3e693413) sltiu   s0, s2, 998
core   0: 3 0x8000b050 (0x3e693413) x 8 0x00000001
core   0: 0x8000b054 (0xef96a893) slti    a7, a3, -263
core   0: 3 0x8000b054 (0xef96a893) x17 0x00000001
core   0: 0x8000b058 (0x411584b3) sub     s1, a1, a7
core   0: 3 0x8000b058 (0x411584b3) x 9 0x001f3fff
core   0: 0x8000b05c (0x017688b3) add     a7, a3, s7
core   0: 3 0x8000b05c (0x017688b3) x17 0xfffffeb2
core   0: 0x8000b060 (0xadb98713) addi    a4, s3, -1317
core   0: 3 0x8000b060 (0xadb98713) x14 0x7ffffadb
core   0: 0x8000b064 (0xd4e7c893) xori    a7, a5, -690
core   0: 3 0x8000b064 (0xd4e7c893) x17 0x000002b3
core   0: 0x8000b068 (0x4024d6b3) sra     a3, s1, sp
core   0: 3 0x8000b068 (0x4024d6b3) x13 0x001f3fff
core   0: 0x8000b06c (0x5bb6e3b7) lui     t2, 0x5bb6e
core   0: 3 0x8000b06c (0x5bb6e3b7) x 7 0x5bb6e000
core   0: 0x8000b070 (0x0060b4b3) sltu    s1, ra, t1
core   0: 3 0x8000b070 (0x0060b4b3) x 9 0x00000001
core   0: 0x8000b074 (0x8f3f6613) ori     a2, t5, -1805
core   0: 3 0x8000b074 (0x8f3f6613) x12 0xfffff8f3
core   0: 0x8000b078 (0xafefeeb7) lui     t4, 0xafefe
core   0: 3 0x8000b078 (0xafefeeb7) x29 0xafefe000
core   0: 0x8000b07c (0x014a0133) add     sp, s4, s4
core   0: 3 0x8000b07c (0x014a0133) x 2 0x00000000
core   0: 0x8000b080 (0x12653f17) auipc   t5, 0x12653
core   0: 3 0x8000b080 (0x12653f17) x30 0x9265e080
core   0: 0x8000b084 (0x96ffaa13) slti    s4, t6, -1681
core   0: 3 0x8000b084 (0x96ffaa13) x20 0x00000001
core   0: 0x8000b088 (0x4079deb3) sra     t4, s3, t2
core   0: 3 0x8000b088 (0x4079deb3) x29 0x80000000
core   0: 0x8000b08c (0x40d35893) srai    a7, t1, 13
core   0: 3 0x8000b08c (0x40d35893) x17 0xffffa0a7
core   0: 0x8000b090 (0x21033713) sltiu   a4, t1, 528
core   0: 3 0x8000b090 (0x21033713) x14 0x00000000
core   0: 0x8000b094 (0x009f1e13) slli    t3, t5, 9
core   0: 3 0x8000b094 (0x009f1e13) x28 0xcbc10000
core   0: 0x8000b098 (0x01e14bb3) xor     s7, sp, t5
core   0: 3 0x8000b098 (0x01e14bb3) x23 0x9265e080
core   0: 0x8000b09c (0x01ab2433) slt     s0, s6, s10
core   0: 3 0x8000b09c (0x01ab2433) x 8 0x00000000
core   0: 0x8000b0a0 (0x013082b3) add     t0, ra, s3
core   0: 3 0x8000b0a0 (0x013082b3) x 5 0x80000000
core   0: 0x8000b0a4 (0x008b9333) sll     t1, s7, s0
core   0: 3 0x8000b0a4 (0x008b9333) x 6 0x9265e080
core   0: 0x8000b0a8 (0x833dc593) xori    a1, s11, -1997
core   0: 3 0x8000b0a8 (0x833dc593) x11 0x18e07833
core   0: 0x8000b0ac (0x40b25f13) srai    t5, tp, 11
core   0: 3 0x8000b0ac (0x40b25f13) x30 0xfff00023
core   0: 0x8000b0b0 (0x00e8bdb3) sltu    s11, a7, a4
core   0: 3 0x8000b0b0 (0x00e8bdb3) x27 0x00000000
core   0: 0x8000b0b4 (0xd10c7c13) andi    s8, s8, -752
core   0: 3 0x8000b0b4 (0xd10c7c13) x24 0x00129900
core   0: 0x8000b0b8 (0xb4976817) auipc   a6, 0xb4976
core   0: 3 0x8000b0b8 (0xb4976817) x16 0x349810b8
core   0: 0x8000b0bc (0x41e2d033) sra     zero, t0, t5
core   0: 3 0x8000b0bc (0x41e2d033)
core   0: 0x8000b0c0 (0x00aaaa33) slt     s4, s5, a0
core   0: 3 0x8000b0c0 (0x00aaaa33) x20 0x00000000
core   0: 0x8000b0c4 (0x01d4c3b3) xor     t2, s1, t4
core   0: 3 0x8000b0c4 (0x01d4c3b3) x 7 0x80000001
core   0: 0x8000b0c8 (0x40bd5b93) srai    s7, s10, 11
core   0: 3 0x8000b0c8 (0x40bd5b93) x23 0xfffddc00
core   0: 0x8000b0cc (0x01a18033) add     zero, gp, s10
core   0: 3 0x8000b0cc (0x01a18033)
core   0: 0x8000b0d0 (0x00d9f0b3) and     ra, s3, a3
core   0: 3 0x8000b0d0 (0x00d9f0b3) x 1 0x00000000
core   0: 0x8000b0d4 (0x01c82933) slt     s2, a6, t3
core   0: 3 0x8000b0d4 (0x01c82933) x18 0x00000000
core   0: 0x8000b0d8 (0x0ad6a913) slti    s2, a3, 173
core   0: 3 0x8000b0d8 (0x0ad6a913) x18 0x00000000
core   0: 0x8000b0dc (0xb99eea93) ori     s5, t4, -1127
core   0: 3 0x8000b0dc (0xb99eea93) x21 0xfffffb99
core   0: 0x8000b0e0 (0x00cffcb3) and     s9, t6, a2
core   0: 3 0x8000b0e0 (0x00cffcb3) x25 0xd73a80a0
core   0: 0x8000b0e4 (0xc6a57c93) andi    s9, a0, -918
core   0: 3 0x8000b0e4 (0xc6a57c93) x25 0x80015c60
core   0: 0x8000b0e8 (0x00843c33) sltu    s8, s0, s0
core   0: 3 0x8000b0e8 (0x00843c33) x24 0x00000000
core   0: 0x8000b0ec (0x90597eb7) lui     t4, 0x90597
core   0: 3 0x8000b0ec (0x90597eb7) x29 0x90597000
core   0: 0x8000b0f0 (0x005216b3) sll     a3, tp, t0
core   0: 3 0x8000b0f0 (0x005216b3) x13 0x80011e64
core   0: 0x8000b0f4 (0x5397b393) sltiu   t2, a5, 1337
core   0: 3 0x8000b0f4 (0x5397b393) x 7 0x00000000
core   0: 0x8000b0f8 (0x5517b193) sltiu   gp, a5, 1361
core   0: 3 0x8000b0f8 (0x5517b193) x 3 0x00000000
core   0: 0x8000b0fc (0x00000013) nop
core   0: 3 0x8000b0fc (0x00000013)
core   0: 0x8000b100 (0x41b58b33) sub     s6, a1, s11
core   0: 3 0x8000b100 (0x41b58b33) x22 0x18e07833
core   0: 0x8000b104 (0x76df8613) addi    a2, t6, 1901
core   0: 3 0x8000b104 (0x76df8613) x12 0xd73a8c19
core   0: 0x8000b108 (0x00301ab3) sll     s5, zero, gp
core   0: 3 0x8000b108 (0x00301ab3) x21 0x00000000
core   0: 0x8000b10c (0x0162ddb3) srl     s11, t0, s6
core   0: 3 0x8000b10c (0x0162ddb3) x27 0x00001000
core   0: 0x8000b110 (0x01aad933) srl     s2, s5, s10
core   0: 3 0x8000b110 (0x01aad933) x18 0x00000000
core   0: 0x8000b114 (0x95fe4f93) xori    t6, t3, -1697
core   0: 3 0x8000b114 (0x95fe4f93) x31 0x343ef95f
core   0: 0x8000b118 (0x41d45433) sra     s0, s0, t4
core   0: 3 0x8000b118 (0x41d45433) x 8 0x00000000
core   0: 0x8000b11c (0xed2bfd13) andi    s10, s7, -302
core   0: 3 0x8000b11c (0xed2bfd13) x26 0xfffddc00
core   0: 0x8000b120 (0xdffd73b7) lui     t2, 0xdffd7
core   0: 3 0x8000b120 (0xdffd73b7) x 7 0xdffd7000
core   0: 0x8000b124 (0xda23ba37) lui     s4, 0xda23b
core   0: 3 0x8000b124 (0xda23ba37) x20 0xda23b000
core   0: 0x8000b128 (0xce01cb93) xori    s7, gp, -800
core   0: 3 0x8000b128 (0xce01cb93) x23 0xfffffce0
core   0: 0x8000b12c (0x82c06913) ori     s2, zero, -2004
core   0: 3 0x8000b12c (0x82c06913) x18 0xfffff82c
core   0: 0x8000b130 (0x000ceeb3) or      t4, s9, zero
core   0: 3 0x8000b130 (0x000ceeb3) x29 0x80015c60
core   0: 0x8000b134 (0x541de713) ori     a4, s11, 1345
core   0: 3 0x8000b134 (0x541de713) x14 0x00001541
core   0: 0x8000b138 (0x01e197b3) sll     a5, gp, t5
core   0: 3 0x8000b138 (0x01e197b3) x15 0x00000000
core   0: 0x8000b13c (0x32010f93) addi    t6, sp, 800
core   0: 3 0x8000b13c (0x32010f93) x31 0x00000320
core   0: 0x8000b140 (0xb433a893) slti    a7, t2, -1213
core   0: 3 0x8000b140 (0xb433a893) x17 0x00000001
core   0: 0x8000b144 (0x0166a0b3) slt     ra, a3, s6
core   0: 3 0x8000b144 (0x0166a0b3) x 1 0x00000001
core   0: 0x8000b148 (0x00e75f13) srli    t5, a4, 14
core   0: 3 0x8000b148 (0x00e75f13) x30 0x00000000
core   0: 0x8000b14c (0x007f3b33) sltu    s6, t5, t2
core   0: 3 0x8000b14c (0x007f3b33) x22 0x00000001
core   0: 0x8000b150 (0x016733b3) sltu    t2, a4, s6
core   0: 3 0x8000b150 (0x016733b3) x 7 0x00000000
core   0: 0x8000b154 (0x015988b3) add     a7, s3, s5
core   0: 3 0x8000b154 (0x015988b3) x17 0x80000000
core   0: 0x8000b158 (0xbe413393) sltiu   t2, sp, -1052
core   0: 3 0x8000b158 (0xbe413393) x 7 0x00000001
core   0: 0x8000b15c (0x417f0133) sub     sp, t5, s7
core   0: 3 0x8000b15c (0x417f0133) x 2 0x00000320
core   0: 0x8000b160 (0x2d747013) andi    zero, s0, 727
core   0: 3 0x8000b160 (0x2d747013)
core   0: 0x8000b164 (0x7496cd93) xori    s11, a3, 1865
core   0: 3 0x8000b164 (0x7496cd93) x27 0x8001192d
core   0: 0x8000b168 (0x01d718b3) sll     a7, a4, t4
core   0: 3 0x8000b168 (0x01d718b3) x17 0x00001541
core   0: 0x8000b16c (0x019a0c33) add     s8, s4, s9
core   0: 3 0x8000b16c (0x019a0c33) x24 0x5a250c60
core   0: 0x8000b170 (0x41edde13) srai    t3, s11, 30
core   0: 3 0x8000b170 (0x41edde13) x28 0xfffffffe
core   0: 0x8000b174 (0x9322a093) slti    ra, t0, -1742
core   0: 3 0x8000b174 (0x9322a093) x 1 0x00000001
core   0: 0x8000b178 (0x13c80b13) addi    s6, a6, 316
core   0: 3 0x8000b178 (0x13c80b13) x22 0x349811f4
core   0: 0x8000b17c (0x006d8033) add     zero, s11, t1
core   0: 3 0x8000b17c (0x006d8033)
core   0: 0x8000b180 (0x003a5d13) srli    s10, s4, 3
core   0: 3 0x8000b180 (0x003a5d13) x26 0x1b447600
core   0: 0x8000b184 (0x00898433) add     s0, s3, s0
core   0: 3 0x8000b184 (0x00898433) x 8 0x80000000
core   0: 0x8000b188 (0x362f6d97) auipc   s11, 0x362f6
core   0: 3 0x8000b188 (0x362f6d97) x27 0xb6301188
core   0: 0x8000b18c (0x41110033) sub     zero, sp, a7
core   0: 3 0x8000b18c (0x41110033)
core   0: 0x8000b190 (0x40a75c93) srai    s9, a4, 10
core   0: 3 0x8000b190 (0x40a75c93) x25 0x00000005
core   0: 0x8000b194 (0x015f1433) sll     s0, t5, s5
core   0: 3 0x8000b194 (0x015f1433) x 8 0x00000000
core   0: 0x8000b198 (0xa6bd4317) auipc   t1, 0xa6bd4
core   0: 3 0x8000b198 (0xa6bd4317) x 6 0x26bdf198
core   0: 0x8000b19c (0x01545ab3) srl     s5, s0, s5
core   0: 3 0x8000b19c (0x01545ab3) x21 0x00000000
core   0: 0x8000b1a0 (0x408b5093) srai    ra, s6, 8
core   0: 3 0x8000b1a0 (0x408b5093) x 1 0x00349811
core   0: 0x8000b1a4 (0x00661e93) slli    t4, a2, 6
core   0: 3 0x8000b1a4 (0x00661e93) x29 0xcea30640
core   0: 0x8000b1a8 (0xac912413) slti    s0, sp, -1335
core   0: 3 0x8000b1a8 (0xac912413) x 8 0x00000000
core   0: 0x8000b1ac (0x11ef3c93) sltiu   s9, t5, 286
core   0: 3 0x8000b1ac (0x11ef3c93) x25 0x00000001
core   0: 0x8000b1b0 (0x2a94b7b7) lui     a5, 0x2a94b
core   0: 3 0x8000b1b0 (0x2a94b7b7) x15 0x2a94b000
core   0: 0x8000b1b4 (0xf6db8713) addi    a4, s7, -147
core   0: 3 0x8000b1b4 (0xf6db8713) x14 0xfffffc4d
core   0: 0x8000b1b8 (0x00155d13) srli    s10, a0, 1
core   0: 3 0x8000b1b8 (0x00155d13) x26 0x4000ae72
core   0: 0x8000b1bc (0x41965413) srai    s0, a2, 25
core   0: 3 0x8000b1bc (0x41965413) x 8 0xffffffeb
core   0: 0x8000b1c0 (0x7f61ba13) sltiu   s4, gp, 2038
core   0: 3 0x8000b1c0 (0x7f61ba13) x20 0x00000001
core   0: 0x8000b1c4 (0x00d9dd13) srli    s10, s3, 13
core   0: 3 0x8000b1c4 (0x00d9dd13) x26 0x00040000
core   0: 0x8000b1c8 (0xe0aef313) andi    t1, t4, -502
core   0: 3 0x8000b1c8 (0xe0aef313) x 6 0xcea30600
core   0: 0x8000b1cc (0x00e99613) slli    a2, s3, 14
core   0: 3 0x8000b1cc (0x00e99613) x12 0x00000000
core   0: 0x8000b1d0 (0x0155d393) srli    t2, a1, 21
core   0: 3 0x8000b1d0 (0x0155d393) x 7 0x000000c7
core   0: 0x8000b1d4 (0x005688b3) add     a7, a3, t0
core   0: 3 0x8000b1d4 (0x005688b3) x17 0x00011e64
core   0: 0x8000b1d8 (0x0128a3b3) slt     t2, a7, s2
core   0: 3 0x8000b1d8 (0x0128a3b3) x 7 0x00000000
core   0: 0x8000b1dc (0x1ef8bb13) sltiu   s6, a7, 495
core   0: 3 0x8000b1dc (0x1ef8bb13) x22 0x00000000
core   0: 0x8000b1e0 (0x01ccae33) slt     t3, s9, t3
core   0: 3 0x8000b1e0 (0x01ccae33) x28 0x00000000
core   0: 0x8000b1e4 (0x01ba1f13) slli    t5, s4, 27
core   0: 3 0x8000b1e4 (0x01ba1f13) x30 0x08000000
core   0: 0x8000b1e8 (0xa24d7f13) andi    t5, s10, -1500
core   0: 3 0x8000b1e8 (0xa24d7f13) x30 0x00040000
core   0: 0x8000b1ec (0x01ab04b3) add     s1, s6, s10
core   0: 3 0x8000b1ec (0x01ab04b3) x 9 0x00040000
core   0: 0x8000b1f0 (0x01097ab3) and     s5, s2, a6
core   0: 3 0x8000b1f0 (0x01097ab3) x21 0x34981028
core   0: 0x8000b1f4 (0xa736a737) lui     a4, 0xa736a
core   0: 3 0x8000b1f4 (0xa736a737) x14 0xa736a000
core   0: 0x8000b1f8 (0x01ac77b3) and     a5, s8, s10
core   0: 3 0x8000b1f8 (0x01ac77b3) x15 0x00040000
core   0: 0x8000b1fc (0x00871b13) slli    s6, a4, 8
core   0: 3 0x8000b1fc (0x00871b13) x22 0x36a00000
core   0: 0x8000b200 (0x00000013) nop
core   0: 3 0x8000b200 (0x00000013)
core   0: 0x8000b204 (0x002fc4b3) xor     s1, t6, sp
core   0: 3 0x8000b204 (0x002fc4b3) x 9 0x00000000
core   0: 0x8000b208 (0x019e7333) and     t1, t3, s9
core   0: 3 0x8000b208 (0x019e7333) x 6 0x00000000
core   0: 0x8000b20c (0xbefae293) ori     t0, s5, -1041
core   0: 3 0x8000b20c (0xbefae293) x 5 0xfffffbef
core   0: 0x8000b210 (0x3bb94b17) auipc   s6, 0x3bb94
core   0: 3 0x8000b210 (0x3bb94b17) x22 0xbbb9f210
core   0: 0x8000b214 (0x00f7f333) and     t1, a5, a5
core   0: 3 0x8000b214 (0x00f7f333) x 6 0x00040000
core   0: 0x8000b218 (0x6543ff93) andi    t6, t2, 1620
core   0: 3 0x8000b218 (0x6543ff93) x31 0x00000000
core   0: 0x8000b21c (0x009fabb3) slt     s7, t6, s1
core   0: 3 0x8000b21c (0x009fabb3) x23 0x00000000
core   0: 0x8000b220 (0x0021af33) slt     t5, gp, sp
core   0: 3 0x8000b220 (0x0021af33) x30 0x00000001
core   0: 0x8000b224 (0x98796c93) ori     s9, s2, -1657
core   0: 3 0x8000b224 (0x98796c93) x25 0xfffff9af
core   0: 0x8000b228 (0x004bfd33) and     s10, s7, tp
core   0: 3 0x8000b228 (0x004bfd33) x26 0x00000000
core   0: 0x8000b22c (0x00c4a7b3) slt     a5, s1, a2
core   0: 3 0x8000b22c (0x00c4a7b3) x15 0x00000000
core   0: 0x8000b230 (0x66843293) sltiu   t0, s0, 1640
core   0: 3 0x8000b230 (0x66843293) x 5 0x00000000
core   0: 0x8000b234 (0x00a431b3) sltu    gp, s0, a0
core   0: 3 0x8000b234 (0x00a431b3) x 3 0x00000000
core   0: 0x8000b238 (0xaf514693) xori    a3, sp, -1291
core   0: 3 0x8000b238 (0xaf514693) x13 0xfffff9d5
core   0: 0x8000b23c (0x008d9633) sll     a2, s11, s0
core   0: 3 0x8000b23c (0x008d9633) x12 0x808c4000
core   0: 0x8000b240 (0x016ba833) slt     a6, s7, s6
core   0: 3 0x8000b240 (0x016ba833) x16 0x00000000
core   0: 0x8000b244 (0x0197e4b3) or      s1, a5, s9
core   0: 3 0x8000b244 (0x0197e4b3) x 9 0xfffff9af
core   0: 0x8000b248 (0x262dfc93) andi    s9, s11, 610
core   0: 3 0x8000b248 (0x262dfc93) x25 0x00000000
core   0: 0x8000b24c (0x00000013) nop
core   0: 3 0x8000b24c (0x00000013)
core   0: 0x8000b250 (0x40465093) srai    ra, a2, 4
core   0: 3 0x8000b250 (0x40465093) x 1 0xf808c400
core   0: 0x8000b254 (0x414582b3) sub     t0, a1, s4
core   0: 3 0x8000b254 (0x414582b3) x 5 0x18e07832
core   0: 0x8000b258 (0x401f0cb3) sub     s9, t5, ra
core   0: 3 0x8000b258 (0x401f0cb3) x25 0x07f73c01
core   0: 0x8000b25c (0x9d1f4bb7) lui     s7, 0x9d1f4
core   0: 3 0x8000b25c (0x9d1f4bb7) x23 0x9d1f4000
core   0: 0x8000b260 (0x419bd6b3) sra     a3, s7, s9
core   0: 3 0x8000b260 (0x419bd6b3) x13 0xce8fa000
core   0: 0x8000b264 (0x000d01b3) add     gp, s10, zero
core   0: 3 0x8000b264 (0x000d01b3) x 3 0x00000000
core   0: 0x8000b268 (0x015dc833) xor     a6, s11, s5
core   0: 3 0x8000b268 (0x015dc833) x16 0x82a801a0
core   0: 0x8000b26c (0x01085f93) srli    t6, a6, 16
core   0: 3 0x8000b26c (0x01085f93) x31 0x000082a8
core   0: 0x8000b270 (0x01cb8313) addi    t1, s7, 28
core   0: 3 0x8000b270 (0x01cb8313) x 6 0x9d1f401c
core   0: 0x8000b274 (0x005c2db3) slt     s11, s8, t0
core   0: 3 0x8000b274 (0x005c2db3) x27 0x00000000
core   0: 0x8000b278 (0xc3b2fe93) andi    t4, t0, -965
core   0: 3 0x8000b278 (0xc3b2fe93) x29 0x18e07832
core   0: 0x8000b27c (0x2e63e0b7) lui     ra, 0x2e63e
core   0: 3 0x8000b27c (0x2e63e0b7) x 1 0x2e63e000
core   0: 0x8000b280 (0x5f56e013) ori     zero, a3, 1525
core   0: 3 0x8000b280 (0x5f56e013)
core   0: 0x8000b284 (0x40b95693) srai    a3, s2, 11
core   0: 3 0x8000b284 (0x40b95693) x13 0xffffffff
core   0: 0x8000b288 (0x00020e33) add     t3, tp, zero
core   0: 3 0x8000b288 (0x00020e33) x28 0x80011e64
core   0: 0x8000b28c (0x01b60db3) add     s11, a2, s11
core   0: 3 0x8000b28c (0x01b60db3) x27 0x808c4000
core   0: 0x8000b290 (0x009fa633) slt     a2, t6, s1
core   0: 3 0x8000b290 (0x009fa633) x12 0x00000000
core   0: 0x8000b294 (0x012995b3) sll     a1, s3, s2
core   0: 3 0x8000b294 (0x012995b3) x11 0x00000000
core   0: 0x8000b298 (0x018b5013) srli    zero, s6, 24
core   0: 3 0x8000b298 (0x018b5013)
core   0: 0x8000b29c (0x7528b293) sltiu   t0, a7, 1874
core   0: 3 0x8000b29c (0x7528b293) x 5 0x00000000
core   0: 0x8000b2a0 (0x7652f113) andi    sp, t0, 1893
core   0: 3 0x8000b2a0 (0x7652f113) x 2 0x00000000
core   0: 0x8000b2a4 (0x40edd933) sra     s2, s11, a4
core   0: 3 0x8000b2a4 (0x40edd933) x18 0x808c4000
core   0: 0x8000b2a8 (0x015dd193) srli    gp, s11, 21
core   0: 3 0x8000b2a8 (0x015dd193) x 3 0x00000404
core   0: 0x8000b2ac (0x3160e913) ori     s2, ra, 790
core   0: 3 0x8000b2ac (0x3160e913) x18 0x2e63e316
core   0: 0x8000b2b0 (0x009baab3) slt     s5, s7, s1
core   0: 3 0x8000b2b0 (0x009baab3) x21 0x00000001
core   0: 0x8000b2b4 (0x00440f33) add     t5, s0, tp
core   0: 3 0x8000b2b4 (0x00440f33) x30 0x80011e4f
core   0: 0x8000b2b8 (0x53d72113) slti    sp, a4, 1341
core   0: 3 0x8000b2b8 (0x53d72113) x 2 0x00000001
core   0: 0x8000b2bc (0x00c45ab3) srl     s5, s0, a2
core   0: 3 0x8000b2bc (0x00c45ab3) x21 0xffffffeb
core   0: 0x8000b2c0 (0x40b35613) srai    a2, t1, 11
core   0: 3 0x8000b2c0 (0x40b35613) x12 0xfff3a3e8
core   0: 0x8000b2c4 (0x01adfb33) and     s6, s11, s10
core   0: 3 0x8000b2c4 (0x01adfb33) x22 0x00000000
core   0: 0x8000b2c8 (0x4862f593) andi    a1, t0, 1158
core   0: 3 0x8000b2c8 (0x4862f593) x11 0x00000000
core   0: 0x8000b2cc (0x5d65a413) slti    s0, a1, 1494
core   0: 3 0x8000b2cc (0x5d65a413) x 8 0x00000001
core   0: 0x8000b2d0 (0xaa25bb93) sltiu   s7, a1, -1374
core   0: 3 0x8000b2d0 (0xaa25bb93) x23 0x00000001
core   0: 0x8000b2d4 (0x003dc433) xor     s0, s11, gp
core   0: 3 0x8000b2d4 (0x003dc433) x 8 0x808c4404
core   0: 0x8000b2d8 (0x01459cb3) sll     s9, a1, s4
core   0: 3 0x8000b2d8 (0x01459cb3) x25 0x00000000
core   0: 0x8000b2dc (0xdf392493) slti    s1, s2, -525
core   0: 3 0x8000b2dc (0xdf392493) x 9 0x00000000
core   0: 0x8000b2e0 (0x009fd4b3) srl     s1, t6, s1
core   0: 3 0x8000b2e0 (0x009fd4b3) x 9 0x000082a8
core   0: 0x8000b2e4 (0x00029e13) slli    t3, t0, 0
core   0: 3 0x8000b2e4 (0x00029e13) x28 0x00000000
core   0: 0x8000b2e8 (0x01dd9f13) slli    t5, s11, 29
core   0: 3 0x8000b2e8 (0x01dd9f13) x30 0x00000000
core   0: 0x8000b2ec (0x00ccf333) and     t1, s9, a2
core   0: 3 0x8000b2ec (0x00ccf333) x 6 0x00000000
core   0: 0x8000b2f0 (0x00f12e33) slt     t3, sp, a5
core   0: 3 0x8000b2f0 (0x00f12e33) x28 0x00000000
core   0: 0x8000b2f4 (0x00000013) nop
core   0: 3 0x8000b2f4 (0x00000013)
core   0: 0x8000b2f8 (0x400c5333) sra     t1, s8, zero
core   0: 3 0x8000b2f8 (0x400c5333) x 6 0x5a250c60
core   0: 0x8000b2fc (0x41ddd4b3) sra     s1, s11, t4
core   0: 3 0x8000b2fc (0x41ddd4b3) x 9 0xffffe023
core   0: 0x8000b300 (0x81300f13) li      t5, -2029
core   0: 3 0x8000b300 (0x81300f13) x30 0xfffff813
core   0: 0x8000b304 (0xae353f13) sltiu   t5, a0, -1309
core   0: 3 0x8000b304 (0xae353f13) x30 0x00000001
core   0: 0x8000b308 (0x00d35033) srl     zero, t1, a3
core   0: 3 0x8000b308 (0x00d35033)
core   0: 0x8000b30c (0x00016437) lui     s0, 0x16
core   0: 3 0x8000b30c (0x00016437) x 8 0x00016000
core   0: 0x8000b310 (0x23557113) andi    sp, a0, 565
core   0: 3 0x8000b310 (0x23557113) x 2 0x00000024
core   0: 0x8000b314 (0x013ad633) srl     a2, s5, s3
core   0: 3 0x8000b314 (0x013ad633) x12 0xffffffeb
core   0: 0x8000b318 (0x41bc8cb3) sub     s9, s9, s11
core   0: 3 0x8000b318 (0x41bc8cb3) x25 0x7f73c000
core   0: 0x8000b31c (0x00aef5b3) and     a1, t4, a0
core   0: 3 0x8000b31c (0x00aef5b3) x11 0x00005820
core   0: 0x8000b320 (0xbcc33e13) sltiu   t3, t1, -1076
core   0: 3 0x8000b320 (0xbcc33e13) x28 0x00000001
core   0: 0x8000b324 (0x43177193) andi    gp, a4, 1073
core   0: 3 0x8000b324 (0x43177193) x 3 0x00000000
core   0: 0x8000b328 (0xc3c63693) sltiu   a3, a2, -964
core   0: 3 0x8000b328 (0xc3c63693) x13 0x00000000
core   0: 0x8000b32c (0xb6474413) xori    s0, a4, -1180
core   0: 3 0x8000b32c (0xb6474413) x 8 0x58c95b64
core   0: 0x8000b330 (0x00c5f133) and     sp, a1, a2
core   0: 3 0x8000b330 (0x00c5f133) x 2 0x00005820
core   0: 0x8000b334 (0x00e94133) xor     sp, s2, a4
core   0: 3 0x8000b334 (0x00e94133) x 2 0x89554316
core   0: 0x8000b338 (0x00b8c833) xor     a6, a7, a1
core   0: 3 0x8000b338 (0x00b8c833) x16 0x00014644
core   0: 0x8000b33c (0x017b5333) srl     t1, s6, s7
core   0: 3 0x8000b33c (0x017b5333) x 6 0x00000000
core   0: 0x8000b340 (0x01ea71b3) and     gp, s4, t5
core   0: 3 0x8000b340 (0x01ea71b3) x 3 0x00000001
core   0: 0x8000b344 (0x419d5133) sra     sp, s10, s9
core   0: 3 0x8000b344 (0x419d5133) x 2 0x00000000
core   0: 0x8000b348 (0xea2d9917) auipc   s2, 0xea2d9
core   0: 3 0x8000b348 (0xea2d9917) x18 0x6a2e4348
core   0: 0x8000b34c (0x00476e33) or      t3, a4, tp
core   0: 3 0x8000b34c (0x00476e33) x28 0xa737be64
core   0: 0x8000b350 (0xd66e6113) ori     sp, t3, -666
core   0: 3 0x8000b350 (0xd66e6113) x 2 0xffffff66
core   0: 0x8000b354 (0x2b42ee93) ori     t4, t0, 692
core   0: 3 0x8000b354 (0x2b42ee93) x29 0x000002b4
core   0: 0x8000b358 (0x6204a793) slti    a5, s1, 1568
core   0: 3 0x8000b358 (0x6204a793) x15 0x00000001
core   0: 0x8000b35c (0x33fdedb7) lui     s11, 0x33fde
core   0: 3 0x8000b35c (0x33fdedb7) x27 0x33fde000
core   0: 0x8000b360 (0x00fdd613) srli    a2, s11, 15
core   0: 3 0x8000b360 (0x00fdd613) x12 0x000067fb
core   0: 0x8000b364 (0x00d3e433) or      s0, t2, a3
core   0: 3 0x8000b364 (0x00d3e433) x 8 0x00000000
core   0: 0x8000b368 (0x01f1c433) xor     s0, gp, t6
core   0: 3 0x8000b368 (0x01f1c433) x 8 0x000082a9
core   0: 0x8000b36c (0x01a32033) slt     zero, t1, s10
core   0: 3 0x8000b36c (0x01a32033)
core   0: 0x8000b370 (0x0c8f7493) andi    s1, t5, 200
core   0: 3 0x8000b370 (0x0c8f7493) x 9 0x00000000
core   0: 0x8000b374 (0x00a8fbb3) and     s7, a7, a0
core   0: 3 0x8000b374 (0x00a8fbb3) x23 0x00011c64
core   0: 0x8000b378 (0x00000013) nop
core   0: 3 0x8000b378 (0x00000013)
core   0: 0x8000b37c (0x40b05193) srai    gp, zero, 11
core   0: 3 0x8000b37c (0x40b05193) x 3 0x00000000
core   0: 0x8000b380 (0x00609433) sll     s0, ra, t1
core   0: 3 0x8000b380 (0x00609433) x 8 0x2e63e000
core   0: 0x8000b384 (0x41958333) sub     t1, a1, s9
core   0: 3 0x8000b384 (0x41958333) x 6 0x808c9820
core   0: 0x8000b388 (0xe0332893) slti    a7, t1, -509
core   0: 3 0x8000b388 (0xe0332893) x17 0x00000001
core   0: 0x8000b38c (0x15112b93) slti    s7, sp, 337
core   0: 3 0x8000b38c (0x15112b93) x23 0x00000001
core   0: 0x8000b390 (0x01236d33) or      s10, t1, s2
core   0: 3 0x8000b390 (0x01236d33) x26 0xeaaedb68
core   0: 0x8000b394 (0x00000013) nop
core   0: 3 0x8000b394 (0x00000013)
core   0: 0x8000b398 (0x00231b33) sll     s6, t1, sp
core   0: 3 0x8000b398 (0x00231b33) x22 0x23260800
core   0: 0x8000b39c (0x00000997) auipc   s3, 0x0
core   0: 3 0x8000b39c (0x00000997) x19 0x8000b39c
core   0: 0x8000b3a0 (0x00c98993) addi    s3, s3, 12
core   0: 3 0x8000b3a0 (0x00c98993) x19 0x8000b3a8
core   0: 0x8000b3a4 (0x00098067) jr      s3
core   0: 3 0x8000b3a4 (0x00098067)
core   0: 0x8000b3a8 (0x00100193) li      gp, 1
core   0: 3 0x8000b3a8 (0x00100193) x 3 0x00000001
core   0: 0x8000b3ac (0x00000073) ecall
core   0: exception trap_machine_ecall, epc 0x8000b3ac
core   0: >>>>  mtvec_handler
core   0: 0x8000bde0 (0x0400006f) j       pc + 0x40
core   0: 3 0x8000bde0 (0x0400006f)
core   0: 0x8000be20 (0xffc50513) addi    a0, a0, -4
core   0: 3 0x8000be20 (0xffc50513) x10 0x80015ce0
core   0: 0x8000be24 (0x00452023) sw      tp, 0(a0)
core   0: 3 0x8000be24 (0x00452023) mem 0x80015ce0 0x80011e64
core   0: 0x8000be28 (0x00050233) add     tp, a0, zero
core   0: 3 0x8000be28 (0x00050233) x 4 0x80015ce0
core   0: 0x8000be2c (0xf8020213) addi    tp, tp, -128
core   0: 3 0x8000be2c (0xf8020213) x 4 0x80015c60
core   0: 0x8000be30 (0x00122223) sw      ra, 4(tp)
core   0: 3 0x8000be30 (0x00122223) mem 0x80015c64 0x2e63e000
core   0: 0x8000be34 (0x00222423) sw      sp, 8(tp)
core   0: 3 0x8000be34 (0x00222423) mem 0x80015c68 0xffffff66
core   0: 0x8000be38 (0x00322623) sw      gp, 12(tp)
core   0: 3 0x8000be38 (0x00322623) mem 0x80015c6c 0x00000001
core   0: 0x8000be3c (0x00422823) sw      tp, 16(tp)
core   0: 3 0x8000be3c (0x00422823) mem 0x80015c70 0x80015c60
core   0: 0x8000be40 (0x00522a23) sw      t0, 20(tp)
core   0: 3 0x8000be40 (0x00522a23) mem 0x80015c74 0x00000000
core   0: 0x8000be44 (0x00622c23) sw      t1, 24(tp)
core   0: 3 0x8000be44 (0x00622c23) mem 0x80015c78 0x808c9820
core   0: 0x8000be48 (0x00722e23) sw      t2, 28(tp)
core   0: 3 0x8000be48 (0x00722e23) mem 0x80015c7c 0x00000000
core   0: 0x8000be4c (0x02822023) sw      s0, 32(tp)
core   0: 3 0x8000be4c (0x02822023) mem 0x80015c80 0x2e63e000
core   0: 0x8000be50 (0x02922223) sw      s1, 36(tp)
core   0: 3 0x8000be50 (0x02922223) mem 0x80015c84 0x00000000
core   0: 0x8000be54 (0x02a22423) sw      a0, 40(tp)
core   0: 3 0x8000be54 (0x02a22423) mem 0x80015c88 0x80015ce0
core   0: 0x8000be58 (0x02b22623) sw      a1, 44(tp)
core   0: 3 0x8000be58 (0x02b22623) mem 0x80015c8c 0x00005820
core   0: 0x8000be5c (0x02c22823) sw      a2, 48(tp)
core   0: 3 0x8000be5c (0x02c22823) mem 0x80015c90 0x000067fb
core   0: 0x8000be60 (0x02d22a23) sw      a3, 52(tp)
core   0: 3 0x8000be60 (0x02d22a23) mem 0x80015c94 0x00000000
core   0: 0x8000be64 (0x02e22c23) sw      a4, 56(tp)
core   0: 3 0x8000be64 (0x02e22c23) mem 0x80015c98 0xa736a000
core   0: 0x8000be68 (0x02f22e23) sw      a5, 60(tp)
core   0: 3 0x8000be68 (0x02f22e23) mem 0x80015c9c 0x00000001
core   0: 0x8000be6c (0x05022023) sw      a6, 64(tp)
core   0: 3 0x8000be6c (0x05022023) mem 0x80015ca0 0x00014644
core   0: 0x8000be70 (0x05122223) sw      a7, 68(tp)
core   0: 3 0x8000be70 (0x05122223) mem 0x80015ca4 0x00000001
core   0: 0x8000be74 (0x05222423) sw      s2, 72(tp)
core   0: 3 0x8000be74 (0x05222423) mem 0x80015ca8 0x6a2e4348
core   0: 0x8000be78 (0x05322623) sw      s3, 76(tp)
core   0: 3 0x8000be78 (0x05322623) mem 0x80015cac 0x8000b3a8
core   0: 0x8000be7c (0x05422823) sw      s4, 80(tp)
core   0: 3 0x8000be7c (0x05422823) mem 0x80015cb0 0x00000001
core   0: 0x8000be80 (0x05522a23) sw      s5, 84(tp)
core   0: 3 0x8000be80 (0x05522a23) mem 0x80015cb4 0xffffffeb
core   0: 0x8000be84 (0x05622c23) sw      s6, 88(tp)
core   0: 3 0x8000be84 (0x05622c23) mem 0x80015cb8 0x23260800
core   0: 0x8000be88 (0x05722e23) sw      s7, 92(tp)
core   0: 3 0x8000be88 (0x05722e23) mem 0x80015cbc 0x00000001
core   0: 0x8000be8c (0x07822023) sw      s8, 96(tp)
core   0: 3 0x8000be8c (0x07822023) mem 0x80015cc0 0x5a250c60
core   0: 0x8000be90 (0x07922223) sw      s9, 100(tp)
core   0: 3 0x8000be90 (0x07922223) mem 0x80015cc4 0x7f73c000
core   0: 0x8000be94 (0x07a22423) sw      s10, 104(tp)
core   0: 3 0x8000be94 (0x07a22423) mem 0x80015cc8 0xeaaedb68
core   0: 0x8000be98 (0x07b22623) sw      s11, 108(tp)
core   0: 3 0x8000be98 (0x07b22623) mem 0x80015ccc 0x33fde000
core   0: 0x8000be9c (0x07c22823) sw      t3, 112(tp)
core   0: 3 0x8000be9c (0x07c22823) mem 0x80015cd0 0xa737be64
core   0: 0x8000bea0 (0x07d22a23) sw      t4, 116(tp)
core   0: 3 0x8000bea0 (0x07d22a23) mem 0x80015cd4 0x000002b4
core   0: 0x8000bea4 (0x07e22c23) sw      t5, 120(tp)
core   0: 3 0x8000bea4 (0x07e22c23) mem 0x80015cd8 0x00000001
core   0: 0x8000bea8 (0x07f22e23) sw      t6, 124(tp)
core   0: 3 0x8000bea8 (0x07f22e23) mem 0x80015cdc 0x000082a8
core   0: 0x8000beac (0x00020533) add     a0, tp, zero
core   0: 3 0x8000beac (0x00020533) x10 0x80015c60
core   0: 0x8000beb0 (0x34102373) csrr    t1, mepc
core   0: 3 0x8000beb0 (0x34102373) x 6 0x8000b3ac
core   0: 0x8000beb4 (0x34202373) csrr    t1, mcause
core   0: 3 0x8000beb4 (0x34202373) x 6 0x0000000b
core   0: 0x8000beb8 (0x00300e93) li      t4, 3
core   0: 3 0x8000beb8 (0x00300e93) x29 0x00000003
core   0: 0x8000bebc (0x2bd30a63) beq     t1, t4, pc + 692
core   0: 3 0x8000bebc (0x2bd30a63)
core   0: 0x8000bec0 (0x00800e93) li      t4, 8
core   0: 3 0x8000bec0 (0x00800e93) x29 0x00000008
core   0: 0x8000bec4 (0x05d30e63) beq     t1, t4, pc + 92
core   0: 3 0x8000bec4 (0x05d30e63)
core   0: 0x8000bec8 (0x00900e93) li      t4, 9
core   0: 3 0x8000bec8 (0x00900e93) x29 0x00000009
core   0: 0x8000becc (0x05d30a63) beq     t1, t4, pc + 84
core   0: 3 0x8000becc (0x05d30a63)
core   0: 0x8000bed0 (0x00b00e93) li      t4, 11
core   0: 3 0x8000bed0 (0x00b00e93) x29 0x0000000b
core   0: 0x8000bed4 (0x05d30663) beq     t1, t4, pc + 76
core   0: 3 0x8000bed4 (0x05d30663)
core   0: 0x8000bf20 (0xffff4317) auipc   t1, 0xffff4
core   0: 3 0x8000bf20 (0xffff4317) x 6 0x7fffff20
core   0: 0x8000bf24 (0x0e030313) addi    t1, t1, 224
core   0: 3 0x8000bf24 (0x0e030313) x 6 0x80000000
core   0: 0x8000bf28 (0x00032023) sw      zero, 0(t1)
core   0: 3 0x8000bf28 (0x00032023) mem 0x80000000 0x00000000
core   0: 0x8000bf2c (0x00132223) sw      ra, 4(t1)
core   0: 3 0x8000bf2c (0x00132223) mem 0x80000004 0x2e63e000
core   0: 0x8000bf30 (0x00232423) sw      sp, 8(t1)
core   0: 3 0x8000bf30 (0x00232423) mem 0x80000008 0xffffff66
core   0: 0x8000bf34 (0x00332623) sw      gp, 12(t1)
core   0: 3 0x8000bf34 (0x00332623) mem 0x8000000c 0x00000001
core   0: 0x8000bf38 (0x00432823) sw      tp, 16(t1)
core   0: 3 0x8000bf38 (0x00432823) mem 0x80000010 0x80015c60
core   0: 0x8000bf3c (0x00532a23) sw      t0, 20(t1)
core   0: 3 0x8000bf3c (0x00532a23) mem 0x80000014 0x00000000
core   0: 0x8000bf40 (0x00632c23) sw      t1, 24(t1)
core   0: 3 0x8000bf40 (0x00632c23) mem 0x80000018 0x80000000
core   0: 0x8000bf44 (0x00732e23) sw      t2, 28(t1)
core   0: 3 0x8000bf44 (0x00732e23) mem 0x8000001c 0x00000000
core   0: 0x8000bf48 (0x02832023) sw      s0, 32(t1)
core   0: 3 0x8000bf48 (0x02832023) mem 0x80000020 0x2e63e000
core   0: 0x8000bf4c (0x02932223) sw      s1, 36(t1)
core   0: 3 0x8000bf4c (0x02932223) mem 0x80000024 0x00000000
core   0: 0x8000bf50 (0x02a32423) sw      a0, 40(t1)
core   0: 3 0x8000bf50 (0x02a32423) mem 0x80000028 0x80015c60
core   0: 0x8000bf54 (0x02b32623) sw      a1, 44(t1)
core   0: 3 0x8000bf54 (0x02b32623) mem 0x8000002c 0x00005820
core   0: 0x8000bf58 (0x02c32823) sw      a2, 48(t1)
core   0: 3 0x8000bf58 (0x02c32823) mem 0x80000030 0x000067fb
core   0: 0x8000bf5c (0x02d32a23) sw      a3, 52(t1)
core   0: 3 0x8000bf5c (0x02d32a23) mem 0x80000034 0x00000000
core   0: 0x8000bf60 (0x02e32c23) sw      a4, 56(t1)
core   0: 3 0x8000bf60 (0x02e32c23) mem 0x80000038 0xa736a000
core   0: 0x8000bf64 (0x02f32e23) sw      a5, 60(t1)
core   0: 3 0x8000bf64 (0x02f32e23) mem 0x8000003c 0x00000001
core   0: 0x8000bf68 (0x05032023) sw      a6, 64(t1)
core   0: 3 0x8000bf68 (0x05032023) mem 0x80000040 0x00014644
core   0: 0x8000bf6c (0x05132223) sw      a7, 68(t1)
core   0: 3 0x8000bf6c (0x05132223) mem 0x80000044 0x00000001
core   0: 0x8000bf70 (0x05232423) sw      s2, 72(t1)
core   0: 3 0x8000bf70 (0x05232423) mem 0x80000048 0x6a2e4348
core   0: 0x8000bf74 (0x05332623) sw      s3, 76(t1)
core   0: 3 0x8000bf74 (0x05332623) mem 0x8000004c 0x8000b3a8
core   0: 0x8000bf78 (0x05432823) sw      s4, 80(t1)
core   0: 3 0x8000bf78 (0x05432823) mem 0x80000050 0x00000001
core   0: 0x8000bf7c (0x05532a23) sw      s5, 84(t1)
core   0: 3 0x8000bf7c (0x05532a23) mem 0x80000054 0xffffffeb
core   0: 0x8000bf80 (0x05632c23) sw      s6, 88(t1)
core   0: 3 0x8000bf80 (0x05632c23) mem 0x80000058 0x23260800
core   0: 0x8000bf84 (0x05732e23) sw      s7, 92(t1)
core   0: 3 0x8000bf84 (0x05732e23) mem 0x8000005c 0x00000001
core   0: 0x8000bf88 (0x07832023) sw      s8, 96(t1)
core   0: 3 0x8000bf88 (0x07832023) mem 0x80000060 0x5a250c60
core   0: 0x8000bf8c (0x07932223) sw      s9, 100(t1)
core   0: 3 0x8000bf8c (0x07932223) mem 0x80000064 0x7f73c000
core   0: 0x8000bf90 (0x07a32423) sw      s10, 104(t1)
core   0: 3 0x8000bf90 (0x07a32423) mem 0x80000068 0xeaaedb68
core   0: 0x8000bf94 (0x07b32623) sw      s11, 108(t1)
core   0: 3 0x8000bf94 (0x07b32623) mem 0x8000006c 0x33fde000
core   0: 0x8000bf98 (0x07c32823) sw      t3, 112(t1)
core   0: 3 0x8000bf98 (0x07c32823) mem 0x80000070 0xa737be64
core   0: 0x8000bf9c (0x07d32a23) sw      t4, 116(t1)
core   0: 3 0x8000bf9c (0x07d32a23) mem 0x80000074 0x0000000b
core   0: 0x8000bfa0 (0x07e32c23) sw      t5, 120(t1)
core   0: 3 0x8000bfa0 (0x07e32c23) mem 0x80000078 0x00000001
core   0: 0x8000bfa4 (0x07f32e23) sw      t6, 124(t1)
core   0: 3 0x8000bfa4 (0x07f32e23) mem 0x8000007c 0x000082a8
core   0: 0x8000bfa8 (0xfffff997) auipc   s3, 0xfffff
core   0: 3 0x8000bfa8 (0xfffff997) x19 0x8000afa8
core   0: 0x8000bfac (0x40898993) addi    s3, s3, 1032
core   0: 3 0x8000bfac (0x40898993) x19 0x8000b3b0
core   0: 0x8000bfb0 (0x00098067) jr      s3
core   0: 3 0x8000bfb0 (0x00098067)
core   0: 0x8000b3b0 (0x00002f17) auipc   t5, 0x2
core   0: 3 0x8000b3b0 (0x00002f17) x30 0x8000d3b0
core   0: 0x8000b3b4 (0xc43f2823) sw      gp, -944(t5)
core   0: 3 0x8000b3b4 (0xc43f2823) mem 0x8000d000 0x00000001
core   0: 0x8000b3b8 (0xff9ff06f) j       pc - 0x8
core   0: 3 0x8000b3b8 (0xff9ff06f)
core   0: 0x8000b3b0 (0x00002f17) auipc   t5, 0x2
core   0: 3 0x8000b3b0 (0x00002f17) x30 0x8000d3b0
core   0: 0x8000b3b4 (0xc43f2823) sw      gp, -944(t5)
core   0: 3 0x8000b3b4 (0xc43f2823) mem 0x8000d000 0x00000001
core   0: 0x8000b3b8 (0xff9ff06f) j       pc - 0x8
core   0: 3 0x8000b3b8 (0xff9ff06f)
core   0: 0x8000b3b0 (0x00002f17) auipc   t5, 0x2
core   0: 3 0x8000b3b0 (0x00002f17) x30 0x8000d3b0
core   0: 0x8000b3b4 (0xc43f2823) sw      gp, -944(t5)
core   0: 3 0x8000b3b4 (0xc43f2823) mem 0x8000d000 0x00000001
core   0: 0x8000b3b8 (0xff9ff06f) j       pc - 0x8
core   0: 3 0x8000b3b8 (0xff9ff06f)
core   0: 0x8000b3b0 (0x00002f17) auipc   t5, 0x2
core   0: 3 0x8000b3b0 (0x00002f17) x30 0x8000d3b0
core   0: 0x8000b3b4 (0xc43f2823) sw      gp, -944(t5)
core   0: 3 0x8000b3b4 (0xc43f2823) mem 0x8000d000 0x00000001
core   0: 0x8000b3b8 (0xff9ff06f) j       pc - 0x8
core   0: 3 0x8000b3b8 (0xff9ff06f)
core   0: 0x8000b3b0 (0x00002f17) auipc   t5, 0x2
core   0: 3 0x8000b3b0 (0x00002f17) x30 0x8000d3b0
core   0: 0x8000b3b4 (0xc43f2823) sw      gp, -944(t5)
core   0: 3 0x8000b3b4 (0xc43f2823) mem 0x8000d000 0x00000001
core   0: 0x8000b3b8 (0xff9ff06f) j       pc - 0x8
core   0: 3 0x8000b3b8 (0xff9ff06f)
core   0: 0x8000b3b0 (0x00002f17) auipc   t5, 0x2
core   0: 3 0x8000b3b0 (0x00002f17) x30 0x8000d3b0
core   0: 0x8000b3b4 (0xc43f2823) sw      gp, -944(t5)
core   0: 3 0x8000b3b4 (0xc43f2823) mem 0x8000d000 0x00000001
core   0: 0x8000b3b8 (0xff9ff06f) j       pc - 0x8
core   0: 3 0x8000b3b8 (0xff9ff06f)
core   0: 0x8000b3b0 (0x00002f17) auipc   t5, 0x2
core   0: 3 0x8000b3b0 (0x00002f17) x30 0x8000d3b0
core   0: 0x8000b3b4 (0xc43f2823) sw      gp, -944(t5)
core   0: 3 0x8000b3b4 (0xc43f2823) mem 0x8000d000 0x00000001
core   0: 0x8000b3b8 (0xff9ff06f) j       pc - 0x8
core   0: 3 0x8000b3b8 (0xff9ff06f)
core   0: 0x8000b3b0 (0x00002f17) auipc   t5, 0x2
core   0: 3 0x8000b3b0 (0x00002f17) x30 0x8000d3b0
core   0: 0x8000b3b4 (0xc43f2823) sw      gp, -944(t5)
core   0: 3 0x8000b3b4 (0xc43f2823) mem 0x8000d000 0x00000001
core   0: 0x8000b3b8 (0xff9ff06f) j       pc - 0x8
core   0: 3 0x8000b3b8 (0xff9ff06f)
core   0: 0x8000b3b0 (0x00002f17) auipc   t5, 0x2
core   0: 3 0x8000b3b0 (0x00002f17) x30 0x8000d3b0
core   0: 0x8000b3b4 (0xc43f2823) sw      gp, -944(t5)
core   0: 3 0x8000b3b4 (0xc43f2823) mem 0x8000d000 0x00000001
core   0: 0x8000b3b8 (0xff9ff06f) j       pc - 0x8
core   0: 3 0x8000b3b8 (0xff9ff06f)
core   0: 0x8000b3b0 (0x00002f17) auipc   t5, 0x2
core   0: 3 0x8000b3b0 (0x00002f17) x30 0x8000d3b0
core   0: 0x8000b3b4 (0xc43f2823) sw      gp, -944(t5)
core   0: 3 0x8000b3b4 (0xc43f2823) mem 0x8000d000 0x00000001
core   0: 0x8000b3b8 (0xff9ff06f) j       pc - 0x8
core   0: 3 0x8000b3b8 (0xff9ff06f)
core   0: 0x8000b3b0 (0x00002f17) auipc   t5, 0x2
core   0: 3 0x8000b3b0 (0x00002f17) x30 0x8000d3b0
core   0: 0x8000b3b4 (0xc43f2823) sw      gp, -944(t5)
core   0: 3 0x8000b3b4 (0xc43f2823) mem 0x8000d000 0x00000001
core   0: 0x8000b3b8 (0xff9ff06f) j       pc - 0x8
core   0: 3 0x8000b3b8 (0xff9ff06f)
core   0: 0x8000b3b0 (0x00002f17) auipc   t5, 0x2
core   0: 3 0x8000b3b0 (0x00002f17) x30 0x8000d3b0
core   0: 0x8000b3b4 (0xc43f2823) sw      gp, -944(t5)
core   0: 3 0x8000b3b4 (0xc43f2823) mem 0x8000d000 0x00000001
core   0: 0x8000b3b8 (0xff9ff06f) j       pc - 0x8
core   0: 3 0x8000b3b8 (0xff9ff06f)
core   0: 0x8000b3b0 (0x00002f17) auipc   t5, 0x2
core   0: 3 0x8000b3b0 (0x00002f17) x30 0x8000d3b0
core   0: 0x8000b3b4 (0xc43f2823) sw      gp, -944(t5)
core   0: 3 0x8000b3b4 (0xc43f2823) mem 0x8000d000 0x00000001
core   0: 0x8000b3b8 (0xff9ff06f) j       pc - 0x8
core   0: 3 0x8000b3b8 (0xff9ff06f)
core   0: 0x8000b3b0 (0x00002f17) auipc   t5, 0x2
core   0: 3 0x8000b3b0 (0x00002f17) x30 0x8000d3b0
core   0: 0x8000b3b4 (0xc43f2823) sw      gp, -944(t5)
core   0: 3 0x8000b3b4 (0xc43f2823) mem 0x8000d000 0x00000001
core   0: 0x8000b3b8 (0xff9ff06f) j       pc - 0x8
core   0: 3 0x8000b3b8 (0xff9ff06f)
core   0: 0x8000b3b0 (0x00002f17) auipc   t5, 0x2
core   0: 3 0x8000b3b0 (0x00002f17) x30 0x8000d3b0
core   0: 0x8000b3b4 (0xc43f2823) sw      gp, -944(t5)
core   0: 3 0x8000b3b4 (0xc43f2823) mem 0x8000d000 0x00000001
core   0: 0x8000b3b8 (0xff9ff06f) j       pc - 0x8
core   0: 3 0x8000b3b8 (0xff9ff06f)
core   0: 0x8000b3b0 (0x00002f17) auipc   t5, 0x2
core   0: 3 0x8000b3b0 (0x00002f17) x30 0x8000d3b0
core   0: 0x8000b3b4 (0xc43f2823) sw      gp, -944(t5)
core   0: 3 0x8000b3b4 (0xc43f2823) mem 0x8000d000 0x00000001
core   0: 0x8000b3b8 (0xff9ff06f) j       pc - 0x8
core   0: 3 0x8000b3b8 (0xff9ff06f)
core   0: 0x8000b3b0 (0x00002f17) auipc   t5, 0x2
core   0: 3 0x8000b3b0 (0x00002f17) x30 0x8000d3b0
core   0: 0x8000b3b4 (0xc43f2823) sw      gp, -944(t5)
core   0: 3 0x8000b3b4 (0xc43f2823) mem 0x8000d000 0x00000001
core   0: 0x8000b3b8 (0xff9ff06f) j       pc - 0x8
core   0: 3 0x8000b3b8 (0xff9ff06f)
core   0: 0x8000b3b0 (0x00002f17) auipc   t5, 0x2
core   0: 3 0x8000b3b0 (0x00002f17) x30 0x8000d3b0
core   0: 0x8000b3b4 (0xc43f2823) sw      gp, -944(t5)
core   0: 3 0x8000b3b4 (0xc43f2823) mem 0x8000d000 0x00000001
core   0: 0x8000b3b8 (0xff9ff06f) j       pc - 0x8
core   0: 3 0x8000b3b8 (0xff9ff06f)
core   0: 0x8000b3b0 (0x00002f17) auipc   t5, 0x2
core   0: 3 0x8000b3b0 (0x00002f17) x30 0x8000d3b0
core   0: 0x8000b3b4 (0xc43f2823) sw      gp, -944(t5)
core   0: 3 0x8000b3b4 (0xc43f2823) mem 0x8000d000 0x00000001
core   0: 0x8000b3b8 (0xff9ff06f) j       pc - 0x8
core   0: 3 0x8000b3b8 (0xff9ff06f)
core   0: 0x8000b3b0 (0x00002f17) auipc   t5, 0x2
core   0: 3 0x8000b3b0 (0x00002f17) x30 0x8000d3b0
core   0: 0x8000b3b4 (0xc43f2823) sw      gp, -944(t5)
core   0: 3 0x8000b3b4 (0xc43f2823) mem 0x8000d000 0x00000001
core   0: 0x8000b3b8 (0xff9ff06f) j       pc - 0x8
core   0: 3 0x8000b3b8 (0xff9ff06f)
core   0: 0x8000b3b0 (0x00002f17) auipc   t5, 0x2
core   0: 3 0x8000b3b0 (0x00002f17) x30 0x8000d3b0
core   0: 0x8000b3b4 (0xc43f2823) sw      gp, -944(t5)
core   0: 3 0x8000b3b4 (0xc43f2823) mem 0x8000d000 0x00000001
core   0: 0x8000b3b8 (0xff9ff06f) j       pc - 0x8
core   0: 3 0x8000b3b8 (0xff9ff06f)
core   0: 0x8000b3b0 (0x00002f17) auipc   t5, 0x2
core   0: 3 0x8000b3b0 (0x00002f17) x30 0x8000d3b0
core   0: 0x8000b3b4 (0xc43f2823) sw      gp, -944(t5)
core   0: 3 0x8000b3b4 (0xc43f2823) mem 0x8000d000 0x00000001
core   0: 0x8000b3b8 (0xff9ff06f) j       pc - 0x8
core   0: 3 0x8000b3b8 (0xff9ff06f)
core   0: 0x8000b3b0 (0x00002f17) auipc   t5, 0x2
core   0: 3 0x8000b3b0 (0x00002f17) x30 0x8000d3b0
core   0: 0x8000b3b4 (0xc43f2823) sw      gp, -944(t5)
core   0: 3 0x8000b3b4 (0xc43f2823) mem 0x8000d000 0x00000001
core   0: 0x8000b3b8 (0xff9ff06f) j       pc - 0x8
core   0: 3 0x8000b3b8 (0xff9ff06f)
core   0: 0x8000b3b0 (0x00002f17) auipc   t5, 0x2
core   0: 3 0x8000b3b0 (0x00002f17) x30 0x8000d3b0
core   0: 0x8000b3b4 (0xc43f2823) sw      gp, -944(t5)
core   0: 3 0x8000b3b4 (0xc43f2823) mem 0x8000d000 0x00000001
core   0: 0x8000b3b8 (0xff9ff06f) j       pc - 0x8
core   0: 3 0x8000b3b8 (0xff9ff06f)
core   0: 0x8000b3b0 (0x00002f17) auipc   t5, 0x2
core   0: 3 0x8000b3b0 (0x00002f17) x30 0x8000d3b0
core   0: 0x8000b3b4 (0xc43f2823) sw      gp, -944(t5)
core   0: 3 0x8000b3b4 (0xc43f2823) mem 0x8000d000 0x00000001
core   0: 0x8000b3b8 (0xff9ff06f) j       pc - 0x8
core   0: 3 0x8000b3b8 (0xff9ff06f)
core   0: 0x8000b3b0 (0x00002f17) auipc   t5, 0x2
core   0: 3 0x8000b3b0 (0x00002f17) x30 0x8000d3b0
core   0: 0x8000b3b4 (0xc43f2823) sw      gp, -944(t5)
core   0: 3 0x8000b3b4 (0xc43f2823) mem 0x8000d000 0x00000001
core   0: 0x8000b3b8 (0xff9ff06f) j       pc - 0x8
core   0: 3 0x8000b3b8 (0xff9ff06f)
core   0: 0x8000b3b0 (0x00002f17) auipc   t5, 0x2
core   0: 3 0x8000b3b0 (0x00002f17) x30 0x8000d3b0
core   0: 0x8000b3b4 (0xc43f2823) sw      gp, -944(t5)
core   0: 3 0x8000b3b4 (0xc43f2823) mem 0x8000d000 0x00000001
core   0: 0x8000b3b8 (0xff9ff06f) j       pc - 0x8
core   0: 3 0x8000b3b8 (0xff9ff06f)
core   0: 0x8000b3b0 (0x00002f17) auipc   t5, 0x2
core   0: 3 0x8000b3b0 (0x00002f17) x30 0x8000d3b0
core   0: 0x8000b3b4 (0xc43f2823) sw      gp, -944(t5)
core   0: 3 0x8000b3b4 (0xc43f2823) mem 0x8000d000 0x00000001
core   0: 0x8000b3b8 (0xff9ff06f) j       pc - 0x8
core   0: 3 0x8000b3b8 (0xff9ff06f)
core   0: 0x8000b3b0 (0x00002f17) auipc   t5, 0x2
core   0: 3 0x8000b3b0 (0x00002f17) x30 0x8000d3b0
core   0: 0x8000b3b4 (0xc43f2823) sw      gp, -944(t5)
core   0: 3 0x8000b3b4 (0xc43f2823) mem 0x8000d000 0x00000001
core   0: 0x8000b3b8 (0xff9ff06f) j       pc - 0x8
core   0: 3 0x8000b3b8 (0xff9ff06f)
core   0: 0x8000b3b0 (0x00002f17) auipc   t5, 0x2
core   0: 3 0x8000b3b0 (0x00002f17) x30 0x8000d3b0
core   0: 0x8000b3b4 (0xc43f2823) sw      gp, -944(t5)
core   0: 3 0x8000b3b4 (0xc43f2823) mem 0x8000d000 0x00000001
core   0: 0x8000b3b8 (0xff9ff06f) j       pc - 0x8
core   0: 3 0x8000b3b8 (0xff9ff06f)
core   0: 0x8000b3b0 (0x00002f17) auipc   t5, 0x2
core   0: 3 0x8000b3b0 (0x00002f17) x30 0x8000d3b0
core   0: 0x8000b3b4 (0xc43f2823) sw      gp, -944(t5)
core   0: 3 0x8000b3b4 (0xc43f2823) mem 0x8000d000 0x00000001
core   0: 0x8000b3b8 (0xff9ff06f) j       pc - 0x8
core   0: 3 0x8000b3b8 (0xff9ff06f)
core   0: 0x8000b3b0 (0x00002f17) auipc   t5, 0x2
core   0: 3 0x8000b3b0 (0x00002f17) x30 0x8000d3b0
core   0: 0x8000b3b4 (0xc43f2823) sw      gp, -944(t5)
core   0: 3 0x8000b3b4 (0xc43f2823) mem 0x8000d000 0x00000001
core   0: 0x8000b3b8 (0xff9ff06f) j       pc - 0x8
core   0: 3 0x8000b3b8 (0xff9ff06f)
core   0: 0x8000b3b0 (0x00002f17) auipc   t5, 0x2
core   0: 3 0x8000b3b0 (0x00002f17) x30 0x8000d3b0
core   0: 0x8000b3b4 (0xc43f2823) sw      gp, -944(t5)
core   0: 3 0x8000b3b4 (0xc43f2823) mem 0x8000d000 0x00000001
core   0: 0x8000b3b8 (0xff9ff06f) j       pc - 0x8
core   0: 3 0x8000b3b8 (0xff9ff06f)
core   0: 0x8000b3b0 (0x00002f17) auipc   t5, 0x2
core   0: 3 0x8000b3b0 (0x00002f17) x30 0x8000d3b0
core   0: 0x8000b3b4 (0xc43f2823) sw      gp, -944(t5)
core   0: 3 0x8000b3b4 (0xc43f2823) mem 0x8000d000 0x00000001
core   0: 0x8000b3b8 (0xff9ff06f) j       pc - 0x8
core   0: 3 0x8000b3b8 (0xff9ff06f)
core   0: 0x8000b3b0 (0x00002f17) auipc   t5, 0x2
core   0: 3 0x8000b3b0 (0x00002f17) x30 0x8000d3b0
core   0: 0x8000b3b4 (0xc43f2823) sw      gp, -944(t5)
core   0: 3 0x8000b3b4 (0xc43f2823) mem 0x8000d000 0x00000001
core   0: 0x8000b3b8 (0xff9ff06f) j       pc - 0x8
core   0: 3 0x8000b3b8 (0xff9ff06f)
core   0: 0x8000b3b0 (0x00002f17) auipc   t5, 0x2
core   0: 3 0x8000b3b0 (0x00002f17) x30 0x8000d3b0
core   0: 0x8000b3b4 (0xc43f2823) sw      gp, -944(t5)
core   0: 3 0x8000b3b4 (0xc43f2823) mem 0x8000d000 0x00000001
core   0: 0x8000b3b8 (0xff9ff06f) j       pc - 0x8
core   0: 3 0x8000b3b8 (0xff9ff06f)
core   0: 0x8000b3b0 (0x00002f17) auipc   t5, 0x2
core   0: 3 0x8000b3b0 (0x00002f17) x30 0x8000d3b0
core   0: 0x8000b3b4 (0xc43f2823) sw      gp, -944(t5)
core   0: 3 0x8000b3b4 (0xc43f2823) mem 0x8000d000 0x00000001
core   0: 0x8000b3b8 (0xff9ff06f) j       pc - 0x8
core   0: 3 0x8000b3b8 (0xff9ff06f)
core   0: 0x8000b3b0 (0x00002f17) auipc   t5, 0x2
core   0: 3 0x8000b3b0 (0x00002f17) x30 0x8000d3b0
core   0: 0x8000b3b4 (0xc43f2823) sw      gp, -944(t5)
core   0: 3 0x8000b3b4 (0xc43f2823) mem 0x8000d000 0x00000001
core   0: 0x8000b3b8 (0xff9ff06f) j       pc - 0x8
core   0: 3 0x8000b3b8 (0xff9ff06f)
core   0: 0x8000b3b0 (0x00002f17) auipc   t5, 0x2
core   0: 3 0x8000b3b0 (0x00002f17) x30 0x8000d3b0
core   0: 0x8000b3b4 (0xc43f2823) sw      gp, -944(t5)
core   0: 3 0x8000b3b4 (0xc43f2823) mem 0x8000d000 0x00000001
core   0: 0x8000b3b8 (0xff9ff06f) j       pc - 0x8
core   0: 3 0x8000b3b8 (0xff9ff06f)
core   0: 0x8000b3b0 (0x00002f17) auipc   t5, 0x2
core   0: 3 0x8000b3b0 (0x00002f17) x30 0x8000d3b0
core   0: 0x8000b3b4 (0xc43f2823) sw      gp, -944(t5)
core   0: 3 0x8000b3b4 (0xc43f2823) mem 0x8000d000 0x00000001
core   0: 0x8000b3b8 (0xff9ff06f) j       pc - 0x8
core   0: 3 0x8000b3b8 (0xff9ff06f)
core   0: 0x8000b3b0 (0x00002f17) auipc   t5, 0x2
core   0: 3 0x8000b3b0 (0x00002f17) x30 0x8000d3b0
core   0: 0x8000b3b4 (0xc43f2823) sw      gp, -944(t5)
core   0: 3 0x8000b3b4 (0xc43f2823) mem 0x8000d000 0x00000001
core   0: 0x8000b3b8 (0xff9ff06f) j       pc - 0x8
core   0: 3 0x8000b3b8 (0xff9ff06f)
core   0: 0x8000b3b0 (0x00002f17) auipc   t5, 0x2
core   0: 3 0x8000b3b0 (0x00002f17) x30 0x8000d3b0
core   0: 0x8000b3b4 (0xc43f2823) sw      gp, -944(t5)
core   0: 3 0x8000b3b4 (0xc43f2823) mem 0x8000d000 0x00000001
core   0: 0x8000b3b8 (0xff9ff06f) j       pc - 0x8
core   0: 3 0x8000b3b8 (0xff9ff06f)
core   0: 0x8000b3b0 (0x00002f17) auipc   t5, 0x2
core   0: 3 0x8000b3b0 (0x00002f17) x30 0x8000d3b0
core   0: 0x8000b3b4 (0xc43f2823) sw      gp, -944(t5)
core   0: 3 0x8000b3b4 (0xc43f2823) mem 0x8000d000 0x00000001
core   0: 0x8000b3b8 (0xff9ff06f) j       pc - 0x8
core   0: 3 0x8000b3b8 (0xff9ff06f)
core   0: 0x8000b3b0 (0x00002f17) auipc   t5, 0x2
core   0: 3 0x8000b3b0 (0x00002f17) x30 0x8000d3b0
core   0: 0x8000b3b4 (0xc43f2823) sw      gp, -944(t5)
core   0: 3 0x8000b3b4 (0xc43f2823) mem 0x8000d000 0x00000001
core   0: 0x8000b3b8 (0xff9ff06f) j       pc - 0x8
core   0: 3 0x8000b3b8 (0xff9ff06f)
core   0: 0x8000b3b0 (0x00002f17) auipc   t5, 0x2
core   0: 3 0x8000b3b0 (0x00002f17) x30 0x8000d3b0
core   0: 0x8000b3b4 (0xc43f2823) sw      gp, -944(t5)
core   0: 3 0x8000b3b4 (0xc43f2823) mem 0x8000d000 0x00000001
core   0: 0x8000b3b8 (0xff9ff06f) j       pc - 0x8
core   0: 3 0x8000b3b8 (0xff9ff06f)
core   0: 0x8000b3b0 (0x00002f17) auipc   t5, 0x2
core   0: 3 0x8000b3b0 (0x00002f17) x30 0x8000d3b0
core   0: 0x8000b3b4 (0xc43f2823) sw      gp, -944(t5)
core   0: 3 0x8000b3b4 (0xc43f2823) mem 0x8000d000 0x00000001
core   0: 0x8000b3b8 (0xff9ff06f) j       pc - 0x8
core   0: 3 0x8000b3b8 (0xff9ff06f)
core   0: 0x8000b3b0 (0x00002f17) auipc   t5, 0x2
core   0: 3 0x8000b3b0 (0x00002f17) x30 0x8000d3b0
core   0: 0x8000b3b4 (0xc43f2823) sw      gp, -944(t5)
core   0: 3 0x8000b3b4 (0xc43f2823) mem 0x8000d000 0x00000001
core   0: 0x8000b3b8 (0xff9ff06f) j       pc - 0x8
core   0: 3 0x8000b3b8 (0xff9ff06f)
core   0: 0x8000b3b0 (0x00002f17) auipc   t5, 0x2
core   0: 3 0x8000b3b0 (0x00002f17) x30 0x8000d3b0
core   0: 0x8000b3b4 (0xc43f2823) sw      gp, -944(t5)
core   0: 3 0x8000b3b4 (0xc43f2823) mem 0x8000d000 0x00000001
core   0: 0x8000b3b8 (0xff9ff06f) j       pc - 0x8
core   0: 3 0x8000b3b8 (0xff9ff06f)
core   0: 0x8000b3b0 (0x00002f17) auipc   t5, 0x2
core   0: 3 0x8000b3b0 (0x00002f17) x30 0x8000d3b0
core   0: 0x8000b3b4 (0xc43f2823) sw      gp, -944(t5)
core   0: 3 0x8000b3b4 (0xc43f2823) mem 0x8000d000 0x00000001
core   0: 0x8000b3b8 (0xff9ff06f) j       pc - 0x8
core   0: 3 0x8000b3b8 (0xff9ff06f)
core   0: 0x8000b3b0 (0x00002f17) auipc   t5, 0x2
core   0: 3 0x8000b3b0 (0x00002f17) x30 0x8000d3b0
core   0: 0x8000b3b4 (0xc43f2823) sw      gp, -944(t5)
core   0: 3 0x8000b3b4 (0xc43f2823) mem 0x8000d000 0x00000001
core   0: 0x8000b3b8 (0xff9ff06f) j       pc - 0x8
core   0: 3 0x8000b3b8 (0xff9ff06f)
core   0: 0x8000b3b0 (0x00002f17) auipc   t5, 0x2
core   0: 3 0x8000b3b0 (0x00002f17) x30 0x8000d3b0
core   0: 0x8000b3b4 (0xc43f2823) sw      gp, -944(t5)
core   0: 3 0x8000b3b4 (0xc43f2823) mem 0x8000d000 0x00000001
core   0: 0x8000b3b8 (0xff9ff06f) j       pc - 0x8
core   0: 3 0x8000b3b8 (0xff9ff06f)
core   0: 0x8000b3b0 (0x00002f17) auipc   t5, 0x2
core   0: 3 0x8000b3b0 (0x00002f17) x30 0x8000d3b0
core   0: 0x8000b3b4 (0xc43f2823) sw      gp, -944(t5)
core   0: 3 0x8000b3b4 (0xc43f2823) mem 0x8000d000 0x00000001
core   0: 0x8000b3b8 (0xff9ff06f) j       pc - 0x8
core   0: 3 0x8000b3b8 (0xff9ff06f)
core   0: 0x8000b3b0 (0x00002f17) auipc   t5, 0x2
core   0: 3 0x8000b3b0 (0x00002f17) x30 0x8000d3b0
core   0: 0x8000b3b4 (0xc43f2823) sw      gp, -944(t5)
core   0: 3 0x8000b3b4 (0xc43f2823) mem 0x8000d000 0x00000001
core   0: 0x8000b3b8 (0xff9ff06f) j       pc - 0x8
core   0: 3 0x8000b3b8 (0xff9ff06f)
core   0: 0x8000b3b0 (0x00002f17) auipc   t5, 0x2
core   0: 3 0x8000b3b0 (0x00002f17) x30 0x8000d3b0
core   0: 0x8000b3b4 (0xc43f2823) sw      gp, -944(t5)
core   0: 3 0x8000b3b4 (0xc43f2823) mem 0x8000d000 0x00000001
core   0: 0x8000b3b8 (0xff9ff06f) j       pc - 0x8
core   0: 3 0x8000b3b8 (0xff9ff06f)
core   0: 0x8000b3b0 (0x00002f17) auipc   t5, 0x2
core   0: 3 0x8000b3b0 (0x00002f17) x30 0x8000d3b0
core   0: 0x8000b3b4 (0xc43f2823) sw      gp, -944(t5)
core   0: 3 0x8000b3b4 (0xc43f2823) mem 0x8000d000 0x00000001
core   0: 0x8000b3b8 (0xff9ff06f) j       pc - 0x8
core   0: 3 0x8000b3b8 (0xff9ff06f)
core   0: 0x8000b3b0 (0x00002f17) auipc   t5, 0x2
core   0: 3 0x8000b3b0 (0x00002f17) x30 0x8000d3b0
core   0: 0x8000b3b4 (0xc43f2823) sw      gp, -944(t5)
core   0: 3 0x8000b3b4 (0xc43f2823) mem 0x8000d000 0x00000001
core   0: 0x8000b3b8 (0xff9ff06f) j       pc - 0x8
core   0: 3 0x8000b3b8 (0xff9ff06f)
core   0: 0x8000b3b0 (0x00002f17) auipc   t5, 0x2
core   0: 3 0x8000b3b0 (0x00002f17) x30 0x8000d3b0
core   0: 0x8000b3b4 (0xc43f2823) sw      gp, -944(t5)
core   0: 3 0x8000b3b4 (0xc43f2823) mem 0x8000d000 0x00000001
core   0: 0x8000b3b8 (0xff9ff06f) j       pc - 0x8
core   0: 3 0x8000b3b8 (0xff9ff06f)
core   0: 0x8000b3b0 (0x00002f17) auipc   t5, 0x2
core   0: 3 0x8000b3b0 (0x00002f17) x30 0x8000d3b0
core   0: 0x8000b3b4 (0xc43f2823) sw      gp, -944(t5)
core   0: 3 0x8000b3b4 (0xc43f2823) mem 0x8000d000 0x00000001
core   0: 0x8000b3b8 (0xff9ff06f) j       pc - 0x8
core   0: 3 0x8000b3b8 (0xff9ff06f)
core   0: 0x8000b3b0 (0x00002f17) auipc   t5, 0x2
core   0: 3 0x8000b3b0 (0x00002f17) x30 0x8000d3b0
core   0: 0x8000b3b4 (0xc43f2823) sw      gp, -944(t5)
core   0: 3 0x8000b3b4 (0xc43f2823) mem 0x8000d000 0x00000001
core   0: 0x8000b3b8 (0xff9ff06f) j       pc - 0x8
core   0: 3 0x8000b3b8 (0xff9ff06f)
core   0: 0x8000b3b0 (0x00002f17) auipc   t5, 0x2
core   0: 3 0x8000b3b0 (0x00002f17) x30 0x8000d3b0
core   0: 0x8000b3b4 (0xc43f2823) sw      gp, -944(t5)
core   0: 3 0x8000b3b4 (0xc43f2823) mem 0x8000d000 0x00000001
core   0: 0x8000b3b8 (0xff9ff06f) j       pc - 0x8
core   0: 3 0x8000b3b8 (0xff9ff06f)
core   0: 0x8000b3b0 (0x00002f17) auipc   t5, 0x2
core   0: 3 0x8000b3b0 (0x00002f17) x30 0x8000d3b0
core   0: 0x8000b3b4 (0xc43f2823) sw      gp, -944(t5)
core   0: 3 0x8000b3b4 (0xc43f2823) mem 0x8000d000 0x00000001
core   0: 0x8000b3b8 (0xff9ff06f) j       pc - 0x8
core   0: 3 0x8000b3b8 (0xff9ff06f)
core   0: 0x8000b3b0 (0x00002f17) auipc   t5, 0x2
core   0: 3 0x8000b3b0 (0x00002f17) x30 0x8000d3b0
core   0: 0x8000b3b4 (0xc43f2823) sw      gp, -944(t5)
core   0: 3 0x8000b3b4 (0xc43f2823) mem 0x8000d000 0x00000001
core   0: 0x8000b3b8 (0xff9ff06f) j       pc - 0x8
core   0: 3 0x8000b3b8 (0xff9ff06f)
core   0: 0x8000b3b0 (0x00002f17) auipc   t5, 0x2
core   0: 3 0x8000b3b0 (0x00002f17) x30 0x8000d3b0
core   0: 0x8000b3b4 (0xc43f2823) sw      gp, -944(t5)
core   0: 3 0x8000b3b4 (0xc43f2823) mem 0x8000d000 0x00000001
core   0: 0x8000b3b8 (0xff9ff06f) j       pc - 0x8
core   0: 3 0x8000b3b8 (0xff9ff06f)
core   0: 0x8000b3b0 (0x00002f17) auipc   t5, 0x2
core   0: 3 0x8000b3b0 (0x00002f17) x30 0x8000d3b0
core   0: 0x8000b3b4 (0xc43f2823) sw      gp, -944(t5)
core   0: 3 0x8000b3b4 (0xc43f2823) mem 0x8000d000 0x00000001
core   0: 0x8000b3b8 (0xff9ff06f) j       pc - 0x8
core   0: 3 0x8000b3b8 (0xff9ff06f)
core   0: 0x8000b3b0 (0x00002f17) auipc   t5, 0x2
core   0: 3 0x8000b3b0 (0x00002f17) x30 0x8000d3b0
core   0: 0x8000b3b4 (0xc43f2823) sw      gp, -944(t5)
core   0: 3 0x8000b3b4 (0xc43f2823) mem 0x8000d000 0x00000001
core   0: 0x8000b3b8 (0xff9ff06f) j       pc - 0x8
core   0: 3 0x8000b3b8 (0xff9ff06f)
core   0: 0x8000b3b0 (0x00002f17) auipc   t5, 0x2
core   0: 3 0x8000b3b0 (0x00002f17) x30 0x8000d3b0
core   0: 0x8000b3b4 (0xc43f2823) sw      gp, -944(t5)
core   0: 3 0x8000b3b4 (0xc43f2823) mem 0x8000d000 0x00000001
core   0: 0x8000b3b8 (0xff9ff06f) j       pc - 0x8
core   0: 3 0x8000b3b8 (0xff9ff06f)
core   0: 0x8000b3b0 (0x00002f17) auipc   t5, 0x2
core   0: 3 0x8000b3b0 (0x00002f17) x30 0x8000d3b0
core   0: 0x8000b3b4 (0xc43f2823) sw      gp, -944(t5)
core   0: 3 0x8000b3b4 (0xc43f2823) mem 0x8000d000 0x00000001
core   0: 0x8000b3b8 (0xff9ff06f) j       pc - 0x8
core   0: 3 0x8000b3b8 (0xff9ff06f)
core   0: 0x8000b3b0 (0x00002f17) auipc   t5, 0x2
core   0: 3 0x8000b3b0 (0x00002f17) x30 0x8000d3b0
core   0: 0x8000b3b4 (0xc43f2823) sw      gp, -944(t5)
core   0: 3 0x8000b3b4 (0xc43f2823) mem 0x8000d000 0x00000001
core   0: 0x8000b3b8 (0xff9ff06f) j       pc - 0x8
core   0: 3 0x8000b3b8 (0xff9ff06f)
core   0: 0x8000b3b0 (0x00002f17) auipc   t5, 0x2
core   0: 3 0x8000b3b0 (0x00002f17) x30 0x8000d3b0
core   0: 0x8000b3b4 (0xc43f2823) sw      gp, -944(t5)
core   0: 3 0x8000b3b4 (0xc43f2823) mem 0x8000d000 0x00000001
core   0: 0x8000b3b8 (0xff9ff06f) j       pc - 0x8
core   0: 3 0x8000b3b8 (0xff9ff06f)
core   0: 0x8000b3b0 (0x00002f17) auipc   t5, 0x2
core   0: 3 0x8000b3b0 (0x00002f17) x30 0x8000d3b0
core   0: 0x8000b3b4 (0xc43f2823) sw      gp, -944(t5)
core   0: 3 0x8000b3b4 (0xc43f2823) mem 0x8000d000 0x00000001
core   0: 0x8000b3b8 (0xff9ff06f) j       pc - 0x8
core   0: 3 0x8000b3b8 (0xff9ff06f)
core   0: 0x8000b3b0 (0x00002f17) auipc   t5, 0x2
core   0: 3 0x8000b3b0 (0x00002f17) x30 0x8000d3b0
core   0: 0x8000b3b4 (0xc43f2823) sw      gp, -944(t5)
core   0: 3 0x8000b3b4 (0xc43f2823) mem 0x8000d000 0x00000001
core   0: 0x8000b3b8 (0xff9ff06f) j       pc - 0x8
core   0: 3 0x8000b3b8 (0xff9ff06f)
core   0: 0x8000b3b0 (0x00002f17) auipc   t5, 0x2
core   0: 3 0x8000b3b0 (0x00002f17) x30 0x8000d3b0
core   0: 0x8000b3b4 (0xc43f2823) sw      gp, -944(t5)
core   0: 3 0x8000b3b4 (0xc43f2823) mem 0x8000d000 0x00000001
core   0: 0x8000b3b8 (0xff9ff06f) j       pc - 0x8
core   0: 3 0x8000b3b8 (0xff9ff06f)
core   0: 0x8000b3b0 (0x00002f17) auipc   t5, 0x2
core   0: 3 0x8000b3b0 (0x00002f17) x30 0x8000d3b0
core   0: 0x8000b3b4 (0xc43f2823) sw      gp, -944(t5)
core   0: 3 0x8000b3b4 (0xc43f2823) mem 0x8000d000 0x00000001
core   0: 0x8000b3b8 (0xff9ff06f) j       pc - 0x8
core   0: 3 0x8000b3b8 (0xff9ff06f)
core   0: 0x8000b3b0 (0x00002f17) auipc   t5, 0x2
core   0: 3 0x8000b3b0 (0x00002f17) x30 0x8000d3b0
core   0: 0x8000b3b4 (0xc43f2823) sw      gp, -944(t5)
core   0: 3 0x8000b3b4 (0xc43f2823) mem 0x8000d000 0x00000001
core   0: 0x8000b3b8 (0xff9ff06f) j       pc - 0x8
core   0: 3 0x8000b3b8 (0xff9ff06f)
core   0: 0x8000b3b0 (0x00002f17) auipc   t5, 0x2
core   0: 3 0x8000b3b0 (0x00002f17) x30 0x8000d3b0
core   0: 0x8000b3b4 (0xc43f2823) sw      gp, -944(t5)
core   0: 3 0x8000b3b4 (0xc43f2823) mem 0x8000d000 0x00000001
core   0: 0x8000b3b8 (0xff9ff06f) j       pc - 0x8
core   0: 3 0x8000b3b8 (0xff9ff06f)
core   0: 0x8000b3b0 (0x00002f17) auipc   t5, 0x2
core   0: 3 0x8000b3b0 (0x00002f17) x30 0x8000d3b0
core   0: 0x8000b3b4 (0xc43f2823) sw      gp, -944(t5)
core   0: 3 0x8000b3b4 (0xc43f2823) mem 0x8000d000 0x00000001
core   0: 0x8000b3b8 (0xff9ff06f) j       pc - 0x8
core   0: 3 0x8000b3b8 (0xff9ff06f)
core   0: 0x8000b3b0 (0x00002f17) auipc   t5, 0x2
core   0: 3 0x8000b3b0 (0x00002f17) x30 0x8000d3b0
core   0: 0x8000b3b4 (0xc43f2823) sw      gp, -944(t5)
core   0: 3 0x8000b3b4 (0xc43f2823) mem 0x8000d000 0x00000001
core   0: 0x8000b3b8 (0xff9ff06f) j       pc - 0x8
core   0: 3 0x8000b3b8 (0xff9ff06f)
core   0: 0x8000b3b0 (0x00002f17) auipc   t5, 0x2
core   0: 3 0x8000b3b0 (0x00002f17) x30 0x8000d3b0
core   0: 0x8000b3b4 (0xc43f2823) sw      gp, -944(t5)
core   0: 3 0x8000b3b4 (0xc43f2823) mem 0x8000d000 0x00000001
core   0: 0x8000b3b8 (0xff9ff06f) j       pc - 0x8
core   0: 3 0x8000b3b8 (0xff9ff06f)
core   0: 0x8000b3b0 (0x00002f17) auipc   t5, 0x2
core   0: 3 0x8000b3b0 (0x00002f17) x30 0x8000d3b0
core   0: 0x8000b3b4 (0xc43f2823) sw      gp, -944(t5)
core   0: 3 0x8000b3b4 (0xc43f2823) mem 0x8000d000 0x00000001
core   0: 0x8000b3b8 (0xff9ff06f) j       pc - 0x8
core   0: 3 0x8000b3b8 (0xff9ff06f)
core   0: 0x8000b3b0 (0x00002f17) auipc   t5, 0x2
core   0: 3 0x8000b3b0 (0x00002f17) x30 0x8000d3b0
core   0: 0x8000b3b4 (0xc43f2823) sw      gp, -944(t5)
core   0: 3 0x8000b3b4 (0xc43f2823) mem 0x8000d000 0x00000001
core   0: 0x8000b3b8 (0xff9ff06f) j       pc - 0x8
core   0: 3 0x8000b3b8 (0xff9ff06f)
core   0: 0x8000b3b0 (0x00002f17) auipc   t5, 0x2
core   0: 3 0x8000b3b0 (0x00002f17) x30 0x8000d3b0
core   0: 0x8000b3b4 (0xc43f2823) sw      gp, -944(t5)
core   0: 3 0x8000b3b4 (0xc43f2823) mem 0x8000d000 0x00000001
core   0: 0x8000b3b8 (0xff9ff06f) j       pc - 0x8
core   0: 3 0x8000b3b8 (0xff9ff06f)
core   0: 0x8000b3b0 (0x00002f17) auipc   t5, 0x2
core   0: 3 0x8000b3b0 (0x00002f17) x30 0x8000d3b0
core   0: 0x8000b3b4 (0xc43f2823) sw      gp, -944(t5)
core   0: 3 0x8000b3b4 (0xc43f2823) mem 0x8000d000 0x00000001
core   0: 0x8000b3b8 (0xff9ff06f) j       pc - 0x8
core   0: 3 0x8000b3b8 (0xff9ff06f)
core   0: 0x8000b3b0 (0x00002f17) auipc   t5, 0x2
core   0: 3 0x8000b3b0 (0x00002f17) x30 0x8000d3b0
core   0: 0x8000b3b4 (0xc43f2823) sw      gp, -944(t5)
core   0: 3 0x8000b3b4 (0xc43f2823) mem 0x8000d000 0x00000001
core   0: 0x8000b3b8 (0xff9ff06f) j       pc - 0x8
core   0: 3 0x8000b3b8 (0xff9ff06f)
core   0: 0x8000b3b0 (0x00002f17) auipc   t5, 0x2
core   0: 3 0x8000b3b0 (0x00002f17) x30 0x8000d3b0
core   0: 0x8000b3b4 (0xc43f2823) sw      gp, -944(t5)
core   0: 3 0x8000b3b4 (0xc43f2823) mem 0x8000d000 0x00000001
core   0: 0x8000b3b8 (0xff9ff06f) j       pc - 0x8
core   0: 3 0x8000b3b8 (0xff9ff06f)
core   0: 0x8000b3b0 (0x00002f17) auipc   t5, 0x2
core   0: 3 0x8000b3b0 (0x00002f17) x30 0x8000d3b0
core   0: 0x8000b3b4 (0xc43f2823) sw      gp, -944(t5)
core   0: 3 0x8000b3b4 (0xc43f2823) mem 0x8000d000 0x00000001
core   0: 0x8000b3b8 (0xff9ff06f) j       pc - 0x8
core   0: 3 0x8000b3b8 (0xff9ff06f)
core   0: 0x8000b3b0 (0x00002f17) auipc   t5, 0x2
core   0: 3 0x8000b3b0 (0x00002f17) x30 0x8000d3b0
core   0: 0x8000b3b4 (0xc43f2823) sw      gp, -944(t5)
core   0: 3 0x8000b3b4 (0xc43f2823) mem 0x8000d000 0x00000001
core   0: 0x8000b3b8 (0xff9ff06f) j       pc - 0x8
core   0: 3 0x8000b3b8 (0xff9ff06f)
core   0: 0x8000b3b0 (0x00002f17) auipc   t5, 0x2
core   0: 3 0x8000b3b0 (0x00002f17) x30 0x8000d3b0
core   0: 0x8000b3b4 (0xc43f2823) sw      gp, -944(t5)
core   0: 3 0x8000b3b4 (0xc43f2823) mem 0x8000d000 0x00000001
core   0: 0x8000b3b8 (0xff9ff06f) j       pc - 0x8
core   0: 3 0x8000b3b8 (0xff9ff06f)
core   0: 0x8000b3b0 (0x00002f17) auipc   t5, 0x2
core   0: 3 0x8000b3b0 (0x00002f17) x30 0x8000d3b0
core   0: 0x8000b3b4 (0xc43f2823) sw      gp, -944(t5)
core   0: 3 0x8000b3b4 (0xc43f2823) mem 0x8000d000 0x00000001
core   0: 0x8000b3b8 (0xff9ff06f) j       pc - 0x8
core   0: 3 0x8000b3b8 (0xff9ff06f)
core   0: 0x8000b3b0 (0x00002f17) auipc   t5, 0x2
core   0: 3 0x8000b3b0 (0x00002f17) x30 0x8000d3b0
core   0: 0x8000b3b4 (0xc43f2823) sw      gp, -944(t5)
core   0: 3 0x8000b3b4 (0xc43f2823) mem 0x8000d000 0x00000001
core   0: 0x8000b3b8 (0xff9ff06f) j       pc - 0x8
core   0: 3 0x8000b3b8 (0xff9ff06f)
core   0: 0x8000b3b0 (0x00002f17) auipc   t5, 0x2
core   0: 3 0x8000b3b0 (0x00002f17) x30 0x8000d3b0
core   0: 0x8000b3b4 (0xc43f2823) sw      gp, -944(t5)
core   0: 3 0x8000b3b4 (0xc43f2823) mem 0x8000d000 0x00000001
core   0: 0x8000b3b8 (0xff9ff06f) j       pc - 0x8
core   0: 3 0x8000b3b8 (0xff9ff06f)
core   0: 0x8000b3b0 (0x00002f17) auipc   t5, 0x2
core   0: 3 0x8000b3b0 (0x00002f17) x30 0x8000d3b0
core   0: 0x8000b3b4 (0xc43f2823) sw      gp, -944(t5)
core   0: 3 0x8000b3b4 (0xc43f2823) mem 0x8000d000 0x00000001
core   0: 0x8000b3b8 (0xff9ff06f) j       pc - 0x8
core   0: 3 0x8000b3b8 (0xff9ff06f)
core   0: 0x8000b3b0 (0x00002f17) auipc   t5, 0x2
core   0: 3 0x8000b3b0 (0x00002f17) x30 0x8000d3b0
core   0: 0x8000b3b4 (0xc43f2823) sw      gp, -944(t5)
core   0: 3 0x8000b3b4 (0xc43f2823) mem 0x8000d000 0x00000001
core   0: 0x8000b3b8 (0xff9ff06f) j       pc - 0x8
core   0: 3 0x8000b3b8 (0xff9ff06f)
core   0: 0x8000b3b0 (0x00002f17) auipc   t5, 0x2
core   0: 3 0x8000b3b0 (0x00002f17) x30 0x8000d3b0
core   0: 0x8000b3b4 (0xc43f2823) sw      gp, -944(t5)
core   0: 3 0x8000b3b4 (0xc43f2823) mem 0x8000d000 0x00000001
core   0: 0x8000b3b8 (0xff9ff06f) j       pc - 0x8
core   0: 3 0x8000b3b8 (0xff9ff06f)
core   0: 0x8000b3b0 (0x00002f17) auipc   t5, 0x2
core   0: 3 0x8000b3b0 (0x00002f17) x30 0x8000d3b0
core   0: 0x8000b3b4 (0xc43f2823) sw      gp, -944(t5)
core   0: 3 0x8000b3b4 (0xc43f2823) mem 0x8000d000 0x00000001
core   0: 0x8000b3b8 (0xff9ff06f) j       pc - 0x8
core   0: 3 0x8000b3b8 (0xff9ff06f)
core   0: 0x8000b3b0 (0x00002f17) auipc   t5, 0x2
core   0: 3 0x8000b3b0 (0x00002f17) x30 0x8000d3b0
core   0: 0x8000b3b4 (0xc43f2823) sw      gp, -944(t5)
core   0: 3 0x8000b3b4 (0xc43f2823) mem 0x8000d000 0x00000001
core   0: 0x8000b3b8 (0xff9ff06f) j       pc - 0x8
core   0: 3 0x8000b3b8 (0xff9ff06f)
core   0: 0x8000b3b0 (0x00002f17) auipc   t5, 0x2
core   0: 3 0x8000b3b0 (0x00002f17) x30 0x8000d3b0
core   0: 0x8000b3b4 (0xc43f2823) sw      gp, -944(t5)
core   0: 3 0x8000b3b4 (0xc43f2823) mem 0x8000d000 0x00000001
core   0: 0x8000b3b8 (0xff9ff06f) j       pc - 0x8
core   0: 3 0x8000b3b8 (0xff9ff06f)
core   0: 0x8000b3b0 (0x00002f17) auipc   t5, 0x2
core   0: 3 0x8000b3b0 (0x00002f17) x30 0x8000d3b0
core   0: 0x8000b3b4 (0xc43f2823) sw      gp, -944(t5)
core   0: 3 0x8000b3b4 (0xc43f2823) mem 0x8000d000 0x00000001
core   0: 0x8000b3b8 (0xff9ff06f) j       pc - 0x8
core   0: 3 0x8000b3b8 (0xff9ff06f)
core   0: 0x8000b3b0 (0x00002f17) auipc   t5, 0x2
core   0: 3 0x8000b3b0 (0x00002f17) x30 0x8000d3b0
core   0: 0x8000b3b4 (0xc43f2823) sw      gp, -944(t5)
core   0: 3 0x8000b3b4 (0xc43f2823) mem 0x8000d000 0x00000001
core   0: 0x8000b3b8 (0xff9ff06f) j       pc - 0x8
core   0: 3 0x8000b3b8 (0xff9ff06f)
core   0: 0x8000b3b0 (0x00002f17) auipc   t5, 0x2
core   0: 3 0x8000b3b0 (0x00002f17) x30 0x8000d3b0
core   0: 0x8000b3b4 (0xc43f2823) sw      gp, -944(t5)
core   0: 3 0x8000b3b4 (0xc43f2823) mem 0x8000d000 0x00000001
core   0: 0x8000b3b8 (0xff9ff06f) j       pc - 0x8
core   0: 3 0x8000b3b8 (0xff9ff06f)
core   0: 0x8000b3b0 (0x00002f17) auipc   t5, 0x2
core   0: 3 0x8000b3b0 (0x00002f17) x30 0x8000d3b0
core   0: 0x8000b3b4 (0xc43f2823) sw      gp, -944(t5)
core   0: 3 0x8000b3b4 (0xc43f2823) mem 0x8000d000 0x00000001
core   0: 0x8000b3b8 (0xff9ff06f) j       pc - 0x8
core   0: 3 0x8000b3b8 (0xff9ff06f)
core   0: 0x8000b3b0 (0x00002f17) auipc   t5, 0x2
core   0: 3 0x8000b3b0 (0x00002f17) x30 0x8000d3b0
core   0: 0x8000b3b4 (0xc43f2823) sw      gp, -944(t5)
core   0: 3 0x8000b3b4 (0xc43f2823) mem 0x8000d000 0x00000001
core   0: 0x8000b3b8 (0xff9ff06f) j       pc - 0x8
core   0: 3 0x8000b3b8 (0xff9ff06f)
core   0: 0x8000b3b0 (0x00002f17) auipc   t5, 0x2
core   0: 3 0x8000b3b0 (0x00002f17) x30 0x8000d3b0
core   0: 0x8000b3b4 (0xc43f2823) sw      gp, -944(t5)
core   0: 3 0x8000b3b4 (0xc43f2823) mem 0x8000d000 0x00000001
core   0: 0x8000b3b8 (0xff9ff06f) j       pc - 0x8
core   0: 3 0x8000b3b8 (0xff9ff06f)
core   0: 0x8000b3b0 (0x00002f17) auipc   t5, 0x2
core   0: 3 0x8000b3b0 (0x00002f17) x30 0x8000d3b0
core   0: 0x8000b3b4 (0xc43f2823) sw      gp, -944(t5)
core   0: 3 0x8000b3b4 (0xc43f2823) mem 0x8000d000 0x00000001
core   0: 0x8000b3b8 (0xff9ff06f) j       pc - 0x8
core   0: 3 0x8000b3b8 (0xff9ff06f)
core   0: 0x8000b3b0 (0x00002f17) auipc   t5, 0x2
core   0: 3 0x8000b3b0 (0x00002f17) x30 0x8000d3b0
core   0: 0x8000b3b4 (0xc43f2823) sw      gp, -944(t5)
core   0: 3 0x8000b3b4 (0xc43f2823) mem 0x8000d000 0x00000001
core   0: 0x8000b3b8 (0xff9ff06f) j       pc - 0x8
core   0: 3 0x8000b3b8 (0xff9ff06f)
core   0: 0x8000b3b0 (0x00002f17) auipc   t5, 0x2
core   0: 3 0x8000b3b0 (0x00002f17) x30 0x8000d3b0
core   0: 0x8000b3b4 (0xc43f2823) sw      gp, -944(t5)
core   0: 3 0x8000b3b4 (0xc43f2823) mem 0x8000d000 0x00000001
core   0: 0x8000b3b8 (0xff9ff06f) j       pc - 0x8
core   0: 3 0x8000b3b8 (0xff9ff06f)
core   0: 0x8000b3b0 (0x00002f17) auipc   t5, 0x2
core   0: 3 0x8000b3b0 (0x00002f17) x30 0x8000d3b0
core   0: 0x8000b3b4 (0xc43f2823) sw      gp, -944(t5)
core   0: 3 0x8000b3b4 (0xc43f2823) mem 0x8000d000 0x00000001
core   0: 0x8000b3b8 (0xff9ff06f) j       pc - 0x8
core   0: 3 0x8000b3b8 (0xff9ff06f)
core   0: 0x8000b3b0 (0x00002f17) auipc   t5, 0x2
core   0: 3 0x8000b3b0 (0x00002f17) x30 0x8000d3b0
core   0: 0x8000b3b4 (0xc43f2823) sw      gp, -944(t5)
core   0: 3 0x8000b3b4 (0xc43f2823) mem 0x8000d000 0x00000001
core   0: 0x8000b3b8 (0xff9ff06f) j       pc - 0x8
core   0: 3 0x8000b3b8 (0xff9ff06f)
core   0: 0x8000b3b0 (0x00002f17) auipc   t5, 0x2
core   0: 3 0x8000b3b0 (0x00002f17) x30 0x8000d3b0
core   0: 0x8000b3b4 (0xc43f2823) sw      gp, -944(t5)
core   0: 3 0x8000b3b4 (0xc43f2823) mem 0x8000d000 0x00000001
core   0: 0x8000b3b8 (0xff9ff06f) j       pc - 0x8
core   0: 3 0x8000b3b8 (0xff9ff06f)
core   0: 0x8000b3b0 (0x00002f17) auipc   t5, 0x2
core   0: 3 0x8000b3b0 (0x00002f17) x30 0x8000d3b0
core   0: 0x8000b3b4 (0xc43f2823) sw      gp, -944(t5)
core   0: 3 0x8000b3b4 (0xc43f2823) mem 0x8000d000 0x00000001
core   0: 0x8000b3b8 (0xff9ff06f) j       pc - 0x8
core   0: 3 0x8000b3b8 (0xff9ff06f)
core   0: 0x8000b3b0 (0x00002f17) auipc   t5, 0x2
core   0: 3 0x8000b3b0 (0x00002f17) x30 0x8000d3b0
core   0: 0x8000b3b4 (0xc43f2823) sw      gp, -944(t5)
core   0: 3 0x8000b3b4 (0xc43f2823) mem 0x8000d000 0x00000001
core   0: 0x8000b3b8 (0xff9ff06f) j       pc - 0x8
core   0: 3 0x8000b3b8 (0xff9ff06f)
core   0: 0x8000b3b0 (0x00002f17) auipc   t5, 0x2
core   0: 3 0x8000b3b0 (0x00002f17) x30 0x8000d3b0
core   0: 0x8000b3b4 (0xc43f2823) sw      gp, -944(t5)
core   0: 3 0x8000b3b4 (0xc43f2823) mem 0x8000d000 0x00000001
core   0: 0x8000b3b8 (0xff9ff06f) j       pc - 0x8
core   0: 3 0x8000b3b8 (0xff9ff06f)
core   0: 0x8000b3b0 (0x00002f17) auipc   t5, 0x2
core   0: 3 0x8000b3b0 (0x00002f17) x30 0x8000d3b0
core   0: 0x8000b3b4 (0xc43f2823) sw      gp, -944(t5)
core   0: 3 0x8000b3b4 (0xc43f2823) mem 0x8000d000 0x00000001
core   0: 0x8000b3b8 (0xff9ff06f) j       pc - 0x8
core   0: 3 0x8000b3b8 (0xff9ff06f)
core   0: 0x8000b3b0 (0x00002f17) auipc   t5, 0x2
core   0: 3 0x8000b3b0 (0x00002f17) x30 0x8000d3b0
core   0: 0x8000b3b4 (0xc43f2823) sw      gp, -944(t5)
core   0: 3 0x8000b3b4 (0xc43f2823) mem 0x8000d000 0x00000001
core   0: 0x8000b3b8 (0xff9ff06f) j       pc - 0x8
core   0: 3 0x8000b3b8 (0xff9ff06f)
core   0: 0x8000b3b0 (0x00002f17) auipc   t5, 0x2
core   0: 3 0x8000b3b0 (0x00002f17) x30 0x8000d3b0
core   0: 0x8000b3b4 (0xc43f2823) sw      gp, -944(t5)
core   0: 3 0x8000b3b4 (0xc43f2823) mem 0x8000d000 0x00000001
core   0: 0x8000b3b8 (0xff9ff06f) j       pc - 0x8
core   0: 3 0x8000b3b8 (0xff9ff06f)
core   0: 0x8000b3b0 (0x00002f17) auipc   t5, 0x2
core   0: 3 0x8000b3b0 (0x00002f17) x30 0x8000d3b0
core   0: 0x8000b3b4 (0xc43f2823) sw      gp, -944(t5)
core   0: 3 0x8000b3b4 (0xc43f2823) mem 0x8000d000 0x00000001
core   0: 0x8000b3b8 (0xff9ff06f) j       pc - 0x8
core   0: 3 0x8000b3b8 (0xff9ff06f)
core   0: 0x8000b3b0 (0x00002f17) auipc   t5, 0x2
core   0: 3 0x8000b3b0 (0x00002f17) x30 0x8000d3b0
core   0: 0x8000b3b4 (0xc43f2823) sw      gp, -944(t5)
core   0: 3 0x8000b3b4 (0xc43f2823) mem 0x8000d000 0x00000001
core   0: 0x8000b3b8 (0xff9ff06f) j       pc - 0x8
core   0: 3 0x8000b3b8 (0xff9ff06f)
core   0: 0x8000b3b0 (0x00002f17) auipc   t5, 0x2
core   0: 3 0x8000b3b0 (0x00002f17) x30 0x8000d3b0
core   0: 0x8000b3b4 (0xc43f2823) sw      gp, -944(t5)
core   0: 3 0x8000b3b4 (0xc43f2823) mem 0x8000d000 0x00000001
core   0: 0x8000b3b8 (0xff9ff06f) j       pc - 0x8
core   0: 3 0x8000b3b8 (0xff9ff06f)
core   0: 0x8000b3b0 (0x00002f17) auipc   t5, 0x2
core   0: 3 0x8000b3b0 (0x00002f17) x30 0x8000d3b0
core   0: 0x8000b3b4 (0xc43f2823) sw      gp, -944(t5)
core   0: 3 0x8000b3b4 (0xc43f2823) mem 0x8000d000 0x00000001
core   0: 0x8000b3b8 (0xff9ff06f) j       pc - 0x8
core   0: 3 0x8000b3b8 (0xff9ff06f)
core   0: 0x8000b3b0 (0x00002f17) auipc   t5, 0x2
core   0: 3 0x8000b3b0 (0x00002f17) x30 0x8000d3b0
core   0: 0x8000b3b4 (0xc43f2823) sw      gp, -944(t5)
core   0: 3 0x8000b3b4 (0xc43f2823) mem 0x8000d000 0x00000001
core   0: 0x8000b3b8 (0xff9ff06f) j       pc - 0x8
core   0: 3 0x8000b3b8 (0xff9ff06f)
core   0: 0x8000b3b0 (0x00002f17) auipc   t5, 0x2
core   0: 3 0x8000b3b0 (0x00002f17) x30 0x8000d3b0
core   0: 0x8000b3b4 (0xc43f2823) sw      gp, -944(t5)
core   0: 3 0x8000b3b4 (0xc43f2823) mem 0x8000d000 0x00000001
core   0: 0x8000b3b8 (0xff9ff06f) j       pc - 0x8
core   0: 3 0x8000b3b8 (0xff9ff06f)
core   0: 0x8000b3b0 (0x00002f17) auipc   t5, 0x2
core   0: 3 0x8000b3b0 (0x00002f17) x30 0x8000d3b0
core   0: 0x8000b3b4 (0xc43f2823) sw      gp, -944(t5)
core   0: 3 0x8000b3b4 (0xc43f2823) mem 0x8000d000 0x00000001
core   0: 0x8000b3b8 (0xff9ff06f) j       pc - 0x8
core   0: 3 0x8000b3b8 (0xff9ff06f)
core   0: 0x8000b3b0 (0x00002f17) auipc   t5, 0x2
core   0: 3 0x8000b3b0 (0x00002f17) x30 0x8000d3b0
core   0: 0x8000b3b4 (0xc43f2823) sw      gp, -944(t5)
core   0: 3 0x8000b3b4 (0xc43f2823) mem 0x8000d000 0x00000001
core   0: 0x8000b3b8 (0xff9ff06f) j       pc - 0x8
core   0: 3 0x8000b3b8 (0xff9ff06f)
core   0: 0x8000b3b0 (0x00002f17) auipc   t5, 0x2
core   0: 3 0x8000b3b0 (0x00002f17) x30 0x8000d3b0
core   0: 0x8000b3b4 (0xc43f2823) sw      gp, -944(t5)
core   0: 3 0x8000b3b4 (0xc43f2823) mem 0x8000d000 0x00000001
core   0: 0x8000b3b8 (0xff9ff06f) j       pc - 0x8
core   0: 3 0x8000b3b8 (0xff9ff06f)
core   0: 0x8000b3b0 (0x00002f17) auipc   t5, 0x2
core   0: 3 0x8000b3b0 (0x00002f17) x30 0x8000d3b0
core   0: 0x8000b3b4 (0xc43f2823) sw      gp, -944(t5)
core   0: 3 0x8000b3b4 (0xc43f2823) mem 0x8000d000 0x00000001
core   0: 0x8000b3b8 (0xff9ff06f) j       pc - 0x8
core   0: 3 0x8000b3b8 (0xff9ff06f)
core   0: 0x8000b3b0 (0x00002f17) auipc   t5, 0x2
core   0: 3 0x8000b3b0 (0x00002f17) x30 0x8000d3b0
core   0: 0x8000b3b4 (0xc43f2823) sw      gp, -944(t5)
core   0: 3 0x8000b3b4 (0xc43f2823) mem 0x8000d000 0x00000001
core   0: 0x8000b3b8 (0xff9ff06f) j       pc - 0x8
core   0: 3 0x8000b3b8 (0xff9ff06f)
core   0: 0x8000b3b0 (0x00002f17) auipc   t5, 0x2
core   0: 3 0x8000b3b0 (0x00002f17) x30 0x8000d3b0
core   0: 0x8000b3b4 (0xc43f2823) sw      gp, -944(t5)
core   0: 3 0x8000b3b4 (0xc43f2823) mem 0x8000d000 0x00000001
core   0: 0x8000b3b8 (0xff9ff06f) j       pc - 0x8
core   0: 3 0x8000b3b8 (0xff9ff06f)
core   0: 0x8000b3b0 (0x00002f17) auipc   t5, 0x2
core   0: 3 0x8000b3b0 (0x00002f17) x30 0x8000d3b0
core   0: 0x8000b3b4 (0xc43f2823) sw      gp, -944(t5)
core   0: 3 0x8000b3b4 (0xc43f2823) mem 0x8000d000 0x00000001
core   0: 0x8000b3b8 (0xff9ff06f) j       pc - 0x8
core   0: 3 0x8000b3b8 (0xff9ff06f)
core   0: 0x8000b3b0 (0x00002f17) auipc   t5, 0x2
core   0: 3 0x8000b3b0 (0x00002f17) x30 0x8000d3b0
core   0: 0x8000b3b4 (0xc43f2823) sw      gp, -944(t5)
core   0: 3 0x8000b3b4 (0xc43f2823) mem 0x8000d000 0x00000001
core   0: 0x8000b3b8 (0xff9ff06f) j       pc - 0x8
core   0: 3 0x8000b3b8 (0xff9ff06f)
core   0: 0x8000b3b0 (0x00002f17) auipc   t5, 0x2
core   0: 3 0x8000b3b0 (0x00002f17) x30 0x8000d3b0
core   0: 0x8000b3b4 (0xc43f2823) sw      gp, -944(t5)
core   0: 3 0x8000b3b4 (0xc43f2823) mem 0x8000d000 0x00000001
core   0: 0x8000b3b8 (0xff9ff06f) j       pc - 0x8
core   0: 3 0x8000b3b8 (0xff9ff06f)
core   0: 0x8000b3b0 (0x00002f17) auipc   t5, 0x2
core   0: 3 0x8000b3b0 (0x00002f17) x30 0x8000d3b0
core   0: 0x8000b3b4 (0xc43f2823) sw      gp, -944(t5)
core   0: 3 0x8000b3b4 (0xc43f2823) mem 0x8000d000 0x00000001
core   0: 0x8000b3b8 (0xff9ff06f) j       pc - 0x8
core   0: 3 0x8000b3b8 (0xff9ff06f)
core   0: 0x8000b3b0 (0x00002f17) auipc   t5, 0x2
core   0: 3 0x8000b3b0 (0x00002f17) x30 0x8000d3b0
core   0: 0x8000b3b4 (0xc43f2823) sw      gp, -944(t5)
core   0: 3 0x8000b3b4 (0xc43f2823) mem 0x8000d000 0x00000001
core   0: 0x8000b3b8 (0xff9ff06f) j       pc - 0x8
core   0: 3 0x8000b3b8 (0xff9ff06f)
core   0: 0x8000b3b0 (0x00002f17) auipc   t5, 0x2
core   0: 3 0x8000b3b0 (0x00002f17) x30 0x8000d3b0
core   0: 0x8000b3b4 (0xc43f2823) sw      gp, -944(t5)
core   0: 3 0x8000b3b4 (0xc43f2823) mem 0x8000d000 0x00000001
core   0: 0x8000b3b8 (0xff9ff06f) j       pc - 0x8
core   0: 3 0x8000b3b8 (0xff9ff06f)
core   0: 0x8000b3b0 (0x00002f17) auipc   t5, 0x2
core   0: 3 0x8000b3b0 (0x00002f17) x30 0x8000d3b0
core   0: 0x8000b3b4 (0xc43f2823) sw      gp, -944(t5)
core   0: 3 0x8000b3b4 (0xc43f2823) mem 0x8000d000 0x00000001
core   0: 0x8000b3b8 (0xff9ff06f) j       pc - 0x8
core   0: 3 0x8000b3b8 (0xff9ff06f)
core   0: 0x8000b3b0 (0x00002f17) auipc   t5, 0x2
core   0: 3 0x8000b3b0 (0x00002f17) x30 0x8000d3b0
core   0: 0x8000b3b4 (0xc43f2823) sw      gp, -944(t5)
core   0: 3 0x8000b3b4 (0xc43f2823) mem 0x8000d000 0x00000001
core   0: 0x8000b3b8 (0xff9ff06f) j       pc - 0x8
core   0: 3 0x8000b3b8 (0xff9ff06f)
core   0: 0x8000b3b0 (0x00002f17) auipc   t5, 0x2
core   0: 3 0x8000b3b0 (0x00002f17) x30 0x8000d3b0
core   0: 0x8000b3b4 (0xc43f2823) sw      gp, -944(t5)
core   0: 3 0x8000b3b4 (0xc43f2823) mem 0x8000d000 0x00000001
core   0: 0x8000b3b8 (0xff9ff06f) j       pc - 0x8
core   0: 3 0x8000b3b8 (0xff9ff06f)
core   0: 0x8000b3b0 (0x00002f17) auipc   t5, 0x2
core   0: 3 0x8000b3b0 (0x00002f17) x30 0x8000d3b0
core   0: 0x8000b3b4 (0xc43f2823) sw      gp, -944(t5)
core   0: 3 0x8000b3b4 (0xc43f2823) mem 0x8000d000 0x00000001
core   0: 0x8000b3b8 (0xff9ff06f) j       pc - 0x8
core   0: 3 0x8000b3b8 (0xff9ff06f)
core   0: 0x8000b3b0 (0x00002f17) auipc   t5, 0x2
core   0: 3 0x8000b3b0 (0x00002f17) x30 0x8000d3b0
core   0: 0x8000b3b4 (0xc43f2823) sw      gp, -944(t5)
core   0: 3 0x8000b3b4 (0xc43f2823) mem 0x8000d000 0x00000001
core   0: 0x8000b3b8 (0xff9ff06f) j       pc - 0x8
core   0: 3 0x8000b3b8 (0xff9ff06f)
core   0: 0x8000b3b0 (0x00002f17) auipc   t5, 0x2
core   0: 3 0x8000b3b0 (0x00002f17) x30 0x8000d3b0
core   0: 0x8000b3b4 (0xc43f2823) sw      gp, -944(t5)
core   0: 3 0x8000b3b4 (0xc43f2823) mem 0x8000d000 0x00000001
core   0: 0x8000b3b8 (0xff9ff06f) j       pc - 0x8
core   0: 3 0x8000b3b8 (0xff9ff06f)
core   0: 0x8000b3b0 (0x00002f17) auipc   t5, 0x2
core   0: 3 0x8000b3b0 (0x00002f17) x30 0x8000d3b0
core   0: 0x8000b3b4 (0xc43f2823) sw      gp, -944(t5)
core   0: 3 0x8000b3b4 (0xc43f2823) mem 0x8000d000 0x00000001
core   0: 0x8000b3b8 (0xff9ff06f) j       pc - 0x8
core   0: 3 0x8000b3b8 (0xff9ff06f)
core   0: 0x8000b3b0 (0x00002f17) auipc   t5, 0x2
core   0: 3 0x8000b3b0 (0x00002f17) x30 0x8000d3b0
core   0: 0x8000b3b4 (0xc43f2823) sw      gp, -944(t5)
core   0: 3 0x8000b3b4 (0xc43f2823) mem 0x8000d000 0x00000001
core   0: 0x8000b3b8 (0xff9ff06f) j       pc - 0x8
core   0: 3 0x8000b3b8 (0xff9ff06f)
core   0: 0x8000b3b0 (0x00002f17) auipc   t5, 0x2
core   0: 3 0x8000b3b0 (0x00002f17) x30 0x8000d3b0
core   0: 0x8000b3b4 (0xc43f2823) sw      gp, -944(t5)
core   0: 3 0x8000b3b4 (0xc43f2823) mem 0x8000d000 0x00000001
core   0: 0x8000b3b8 (0xff9ff06f) j       pc - 0x8
core   0: 3 0x8000b3b8 (0xff9ff06f)
core   0: 0x8000b3b0 (0x00002f17) auipc   t5, 0x2
core   0: 3 0x8000b3b0 (0x00002f17) x30 0x8000d3b0
core   0: 0x8000b3b4 (0xc43f2823) sw      gp, -944(t5)
core   0: 3 0x8000b3b4 (0xc43f2823) mem 0x8000d000 0x00000001
core   0: 0x8000b3b8 (0xff9ff06f) j       pc - 0x8
core   0: 3 0x8000b3b8 (0xff9ff06f)
core   0: 0x8000b3b0 (0x00002f17) auipc   t5, 0x2
core   0: 3 0x8000b3b0 (0x00002f17) x30 0x8000d3b0
core   0: 0x8000b3b4 (0xc43f2823) sw      gp, -944(t5)
core   0: 3 0x8000b3b4 (0xc43f2823) mem 0x8000d000 0x00000001
core   0: 0x8000b3b8 (0xff9ff06f) j       pc - 0x8
core   0: 3 0x8000b3b8 (0xff9ff06f)
core   0: 0x8000b3b0 (0x00002f17) auipc   t5, 0x2
core   0: 3 0x8000b3b0 (0x00002f17) x30 0x8000d3b0
core   0: 0x8000b3b4 (0xc43f2823) sw      gp, -944(t5)
core   0: 3 0x8000b3b4 (0xc43f2823) mem 0x8000d000 0x00000001
core   0: 0x8000b3b8 (0xff9ff06f) j       pc - 0x8
core   0: 3 0x8000b3b8 (0xff9ff06f)
core   0: 0x8000b3b0 (0x00002f17) auipc   t5, 0x2
core   0: 3 0x8000b3b0 (0x00002f17) x30 0x8000d3b0
core   0: 0x8000b3b4 (0xc43f2823) sw      gp, -944(t5)
core   0: 3 0x8000b3b4 (0xc43f2823) mem 0x8000d000 0x00000001
core   0: 0x8000b3b8 (0xff9ff06f) j       pc - 0x8
core   0: 3 0x8000b3b8 (0xff9ff06f)
core   0: 0x8000b3b0 (0x00002f17) auipc   t5, 0x2
core   0: 3 0x8000b3b0 (0x00002f17) x30 0x8000d3b0
core   0: 0x8000b3b4 (0xc43f2823) sw      gp, -944(t5)
core   0: 3 0x8000b3b4 (0xc43f2823) mem 0x8000d000 0x00000001
core   0: 0x8000b3b8 (0xff9ff06f) j       pc - 0x8
core   0: 3 0x8000b3b8 (0xff9ff06f)
core   0: 0x8000b3b0 (0x00002f17) auipc   t5, 0x2
core   0: 3 0x8000b3b0 (0x00002f17) x30 0x8000d3b0
core   0: 0x8000b3b4 (0xc43f2823) sw      gp, -944(t5)
core   0: 3 0x8000b3b4 (0xc43f2823) mem 0x8000d000 0x00000001
core   0: 0x8000b3b8 (0xff9ff06f) j       pc - 0x8
core   0: 3 0x8000b3b8 (0xff9ff06f)
core   0: 0x8000b3b0 (0x00002f17) auipc   t5, 0x2
core   0: 3 0x8000b3b0 (0x00002f17) x30 0x8000d3b0
core   0: 0x8000b3b4 (0xc43f2823) sw      gp, -944(t5)
core   0: 3 0x8000b3b4 (0xc43f2823) mem 0x8000d000 0x00000001
core   0: 0x8000b3b8 (0xff9ff06f) j       pc - 0x8
core   0: 3 0x8000b3b8 (0xff9ff06f)
core   0: 0x8000b3b0 (0x00002f17) auipc   t5, 0x2
core   0: 3 0x8000b3b0 (0x00002f17) x30 0x8000d3b0
core   0: 0x8000b3b4 (0xc43f2823) sw      gp, -944(t5)
core   0: 3 0x8000b3b4 (0xc43f2823) mem 0x8000d000 0x00000001
core   0: 0x8000b3b8 (0xff9ff06f) j       pc - 0x8
core   0: 3 0x8000b3b8 (0xff9ff06f)
core   0: 0x8000b3b0 (0x00002f17) auipc   t5, 0x2
core   0: 3 0x8000b3b0 (0x00002f17) x30 0x8000d3b0
core   0: 0x8000b3b4 (0xc43f2823) sw      gp, -944(t5)
core   0: 3 0x8000b3b4 (0xc43f2823) mem 0x8000d000 0x00000001
core   0: 0x8000b3b8 (0xff9ff06f) j       pc - 0x8
core   0: 3 0x8000b3b8 (0xff9ff06f)
core   0: 0x8000b3b0 (0x00002f17) auipc   t5, 0x2
core   0: 3 0x8000b3b0 (0x00002f17) x30 0x8000d3b0
core   0: 0x8000b3b4 (0xc43f2823) sw      gp, -944(t5)
core   0: 3 0x8000b3b4 (0xc43f2823) mem 0x8000d000 0x00000001
core   0: 0x8000b3b8 (0xff9ff06f) j       pc - 0x8
core   0: 3 0x8000b3b8 (0xff9ff06f)
core   0: 0x8000b3b0 (0x00002f17) auipc   t5, 0x2
core   0: 3 0x8000b3b0 (0x00002f17) x30 0x8000d3b0
core   0: 0x8000b3b4 (0xc43f2823) sw      gp, -944(t5)
core   0: 3 0x8000b3b4 (0xc43f2823) mem 0x8000d000 0x00000001
core   0: 0x8000b3b8 (0xff9ff06f) j       pc - 0x8
core   0: 3 0x8000b3b8 (0xff9ff06f)
core   0: 0x8000b3b0 (0x00002f17) auipc   t5, 0x2
core   0: 3 0x8000b3b0 (0x00002f17) x30 0x8000d3b0
core   0: 0x8000b3b4 (0xc43f2823) sw      gp, -944(t5)
core   0: 3 0x8000b3b4 (0xc43f2823) mem 0x8000d000 0x00000001
core   0: 0x8000b3b8 (0xff9ff06f) j       pc - 0x8
core   0: 3 0x8000b3b8 (0xff9ff06f)
core   0: 0x8000b3b0 (0x00002f17) auipc   t5, 0x2
core   0: 3 0x8000b3b0 (0x00002f17) x30 0x8000d3b0
core   0: 0x8000b3b4 (0xc43f2823) sw      gp, -944(t5)
core   0: 3 0x8000b3b4 (0xc43f2823) mem 0x8000d000 0x00000001
core   0: 0x8000b3b8 (0xff9ff06f) j       pc - 0x8
core   0: 3 0x8000b3b8 (0xff9ff06f)
core   0: 0x8000b3b0 (0x00002f17) auipc   t5, 0x2
core   0: 3 0x8000b3b0 (0x00002f17) x30 0x8000d3b0
core   0: 0x8000b3b4 (0xc43f2823) sw      gp, -944(t5)
core   0: 3 0x8000b3b4 (0xc43f2823) mem 0x8000d000 0x00000001
core   0: 0x8000b3b8 (0xff9ff06f) j       pc - 0x8
core   0: 3 0x8000b3b8 (0xff9ff06f)
core   0: 0x8000b3b0 (0x00002f17) auipc   t5, 0x2
core   0: 3 0x8000b3b0 (0x00002f17) x30 0x8000d3b0
core   0: 0x8000b3b4 (0xc43f2823) sw      gp, -944(t5)
core   0: 3 0x8000b3b4 (0xc43f2823) mem 0x8000d000 0x00000001
core   0: 0x8000b3b8 (0xff9ff06f) j       pc - 0x8
core   0: 3 0x8000b3b8 (0xff9ff06f)
core   0: 0x8000b3b0 (0x00002f17) auipc   t5, 0x2
core   0: 3 0x8000b3b0 (0x00002f17) x30 0x8000d3b0
core   0: 0x8000b3b4 (0xc43f2823) sw      gp, -944(t5)
core   0: 3 0x8000b3b4 (0xc43f2823) mem 0x8000d000 0x00000001
core   0: 0x8000b3b8 (0xff9ff06f) j       pc - 0x8
core   0: 3 0x8000b3b8 (0xff9ff06f)
core   0: 0x8000b3b0 (0x00002f17) auipc   t5, 0x2
core   0: 3 0x8000b3b0 (0x00002f17) x30 0x8000d3b0
core   0: 0x8000b3b4 (0xc43f2823) sw      gp, -944(t5)
core   0: 3 0x8000b3b4 (0xc43f2823) mem 0x8000d000 0x00000001
core   0: 0x8000b3b8 (0xff9ff06f) j       pc - 0x8
core   0: 3 0x8000b3b8 (0xff9ff06f)
core   0: 0x8000b3b0 (0x00002f17) auipc   t5, 0x2
core   0: 3 0x8000b3b0 (0x00002f17) x30 0x8000d3b0
core   0: 0x8000b3b4 (0xc43f2823) sw      gp, -944(t5)
core   0: 3 0x8000b3b4 (0xc43f2823) mem 0x8000d000 0x00000001
core   0: 0x8000b3b8 (0xff9ff06f) j       pc - 0x8
core   0: 3 0x8000b3b8 (0xff9ff06f)
core   0: 0x8000b3b0 (0x00002f17) auipc   t5, 0x2
core   0: 3 0x8000b3b0 (0x00002f17) x30 0x8000d3b0
core   0: 0x8000b3b4 (0xc43f2823) sw      gp, -944(t5)
core   0: 3 0x8000b3b4 (0xc43f2823) mem 0x8000d000 0x00000001
core   0: 0x8000b3b8 (0xff9ff06f) j       pc - 0x8
core   0: 3 0x8000b3b8 (0xff9ff06f)
core   0: 0x8000b3b0 (0x00002f17) auipc   t5, 0x2
core   0: 3 0x8000b3b0 (0x00002f17) x30 0x8000d3b0
core   0: 0x8000b3b4 (0xc43f2823) sw      gp, -944(t5)
core   0: 3 0x8000b3b4 (0xc43f2823) mem 0x8000d000 0x00000001
core   0: 0x8000b3b8 (0xff9ff06f) j       pc - 0x8
core   0: 3 0x8000b3b8 (0xff9ff06f)
core   0: 0x8000b3b0 (0x00002f17) auipc   t5, 0x2
core   0: 3 0x8000b3b0 (0x00002f17) x30 0x8000d3b0
core   0: 0x8000b3b4 (0xc43f2823) sw      gp, -944(t5)
core   0: 3 0x8000b3b4 (0xc43f2823) mem 0x8000d000 0x00000001
core   0: 0x8000b3b8 (0xff9ff06f) j       pc - 0x8
core   0: 3 0x8000b3b8 (0xff9ff06f)
core   0: 0x8000b3b0 (0x00002f17) auipc   t5, 0x2
core   0: 3 0x8000b3b0 (0x00002f17) x30 0x8000d3b0
core   0: 0x8000b3b4 (0xc43f2823) sw      gp, -944(t5)
core   0: 3 0x8000b3b4 (0xc43f2823) mem 0x8000d000 0x00000001
core   0: 0x8000b3b8 (0xff9ff06f) j       pc - 0x8
core   0: 3 0x8000b3b8 (0xff9ff06f)
core   0: 0x8000b3b0 (0x00002f17) auipc   t5, 0x2
core   0: 3 0x8000b3b0 (0x00002f17) x30 0x8000d3b0
core   0: 0x8000b3b4 (0xc43f2823) sw      gp, -944(t5)
core   0: 3 0x8000b3b4 (0xc43f2823) mem 0x8000d000 0x00000001
core   0: 0x8000b3b8 (0xff9ff06f) j       pc - 0x8
core   0: 3 0x8000b3b8 (0xff9ff06f)
core   0: 0x8000b3b0 (0x00002f17) auipc   t5, 0x2
core   0: 3 0x8000b3b0 (0x00002f17) x30 0x8000d3b0
core   0: 0x8000b3b4 (0xc43f2823) sw      gp, -944(t5)
core   0: 3 0x8000b3b4 (0xc43f2823) mem 0x8000d000 0x00000001
core   0: 0x8000b3b8 (0xff9ff06f) j       pc - 0x8
core   0: 3 0x8000b3b8 (0xff9ff06f)
core   0: 0x8000b3b0 (0x00002f17) auipc   t5, 0x2
core   0: 3 0x8000b3b0 (0x00002f17) x30 0x8000d3b0
core   0: 0x8000b3b4 (0xc43f2823) sw      gp, -944(t5)
core   0: 3 0x8000b3b4 (0xc43f2823) mem 0x8000d000 0x00000001
core   0: 0x8000b3b8 (0xff9ff06f) j       pc - 0x8
core   0: 3 0x8000b3b8 (0xff9ff06f)
core   0: 0x8000b3b0 (0x00002f17) auipc   t5, 0x2
core   0: 3 0x8000b3b0 (0x00002f17) x30 0x8000d3b0
core   0: 0x8000b3b4 (0xc43f2823) sw      gp, -944(t5)
core   0: 3 0x8000b3b4 (0xc43f2823) mem 0x8000d000 0x00000001
core   0: 0x8000b3b8 (0xff9ff06f) j       pc - 0x8
core   0: 3 0x8000b3b8 (0xff9ff06f)
core   0: 0x8000b3b0 (0x00002f17) auipc   t5, 0x2
core   0: 3 0x8000b3b0 (0x00002f17) x30 0x8000d3b0
core   0: 0x8000b3b4 (0xc43f2823) sw      gp, -944(t5)
core   0: 3 0x8000b3b4 (0xc43f2823) mem 0x8000d000 0x00000001
core   0: 0x8000b3b8 (0xff9ff06f) j       pc - 0x8
core   0: 3 0x8000b3b8 (0xff9ff06f)
core   0: 0x8000b3b0 (0x00002f17) auipc   t5, 0x2
core   0: 3 0x8000b3b0 (0x00002f17) x30 0x8000d3b0
core   0: 0x8000b3b4 (0xc43f2823) sw      gp, -944(t5)
core   0: 3 0x8000b3b4 (0xc43f2823) mem 0x8000d000 0x00000001
core   0: 0x8000b3b8 (0xff9ff06f) j       pc - 0x8
core   0: 3 0x8000b3b8 (0xff9ff06f)
core   0: 0x8000b3b0 (0x00002f17) auipc   t5, 0x2
core   0: 3 0x8000b3b0 (0x00002f17) x30 0x8000d3b0
core   0: 0x8000b3b4 (0xc43f2823) sw      gp, -944(t5)
core   0: 3 0x8000b3b4 (0xc43f2823) mem 0x8000d000 0x00000001
core   0: 0x8000b3b8 (0xff9ff06f) j       pc - 0x8
core   0: 3 0x8000b3b8 (0xff9ff06f)
core   0: 0x8000b3b0 (0x00002f17) auipc   t5, 0x2
core   0: 3 0x8000b3b0 (0x00002f17) x30 0x8000d3b0
core   0: 0x8000b3b4 (0xc43f2823) sw      gp, -944(t5)
core   0: 3 0x8000b3b4 (0xc43f2823) mem 0x8000d000 0x00000001
core   0: 0x8000b3b8 (0xff9ff06f) j       pc - 0x8
core   0: 3 0x8000b3b8 (0xff9ff06f)
core   0: 0x8000b3b0 (0x00002f17) auipc   t5, 0x2
core   0: 3 0x8000b3b0 (0x00002f17) x30 0x8000d3b0
core   0: 0x8000b3b4 (0xc43f2823) sw      gp, -944(t5)
core   0: 3 0x8000b3b4 (0xc43f2823) mem 0x8000d000 0x00000001
core   0: 0x8000b3b8 (0xff9ff06f) j       pc - 0x8
core   0: 3 0x8000b3b8 (0xff9ff06f)
core   0: 0x8000b3b0 (0x00002f17) auipc   t5, 0x2
core   0: 3 0x8000b3b0 (0x00002f17) x30 0x8000d3b0
core   0: 0x8000b3b4 (0xc43f2823) sw      gp, -944(t5)
core   0: 3 0x8000b3b4 (0xc43f2823) mem 0x8000d000 0x00000001
core   0: 0x8000b3b8 (0xff9ff06f) j       pc - 0x8
core   0: 3 0x8000b3b8 (0xff9ff06f)
core   0: 0x8000b3b0 (0x00002f17) auipc   t5, 0x2
core   0: 3 0x8000b3b0 (0x00002f17) x30 0x8000d3b0
core   0: 0x8000b3b4 (0xc43f2823) sw      gp, -944(t5)
core   0: 3 0x8000b3b4 (0xc43f2823) mem 0x8000d000 0x00000001
core   0: 0x8000b3b8 (0xff9ff06f) j       pc - 0x8
core   0: 3 0x8000b3b8 (0xff9ff06f)
core   0: 0x8000b3b0 (0x00002f17) auipc   t5, 0x2
core   0: 3 0x8000b3b0 (0x00002f17) x30 0x8000d3b0
core   0: 0x8000b3b4 (0xc43f2823) sw      gp, -944(t5)
core   0: 3 0x8000b3b4 (0xc43f2823) mem 0x8000d000 0x00000001
core   0: 0x8000b3b8 (0xff9ff06f) j       pc - 0x8
core   0: 3 0x8000b3b8 (0xff9ff06f)
core   0: 0x8000b3b0 (0x00002f17) auipc   t5, 0x2
core   0: 3 0x8000b3b0 (0x00002f17) x30 0x8000d3b0
core   0: 0x8000b3b4 (0xc43f2823) sw      gp, -944(t5)
core   0: 3 0x8000b3b4 (0xc43f2823) mem 0x8000d000 0x00000001
core   0: 0x8000b3b8 (0xff9ff06f) j       pc - 0x8
core   0: 3 0x8000b3b8 (0xff9ff06f)
core   0: 0x8000b3b0 (0x00002f17) auipc   t5, 0x2
core   0: 3 0x8000b3b0 (0x00002f17) x30 0x8000d3b0
core   0: 0x8000b3b4 (0xc43f2823) sw      gp, -944(t5)
core   0: 3 0x8000b3b4 (0xc43f2823) mem 0x8000d000 0x00000001
core   0: 0x8000b3b8 (0xff9ff06f) j       pc - 0x8
core   0: 3 0x8000b3b8 (0xff9ff06f)
core   0: 0x8000b3b0 (0x00002f17) auipc   t5, 0x2
core   0: 3 0x8000b3b0 (0x00002f17) x30 0x8000d3b0
core   0: 0x8000b3b4 (0xc43f2823) sw      gp, -944(t5)
core   0: 3 0x8000b3b4 (0xc43f2823) mem 0x8000d000 0x00000001
core   0: 0x8000b3b8 (0xff9ff06f) j       pc - 0x8
core   0: 3 0x8000b3b8 (0xff9ff06f)
core   0: 0x8000b3b0 (0x00002f17) auipc   t5, 0x2
core   0: 3 0x8000b3b0 (0x00002f17) x30 0x8000d3b0
core   0: 0x8000b3b4 (0xc43f2823) sw      gp, -944(t5)
core   0: 3 0x8000b3b4 (0xc43f2823) mem 0x8000d000 0x00000001
core   0: 0x8000b3b8 (0xff9ff06f) j       pc - 0x8
core   0: 3 0x8000b3b8 (0xff9ff06f)
core   0: 0x8000b3b0 (0x00002f17) auipc   t5, 0x2
core   0: 3 0x8000b3b0 (0x00002f17) x30 0x8000d3b0
core   0: 0x8000b3b4 (0xc43f2823) sw      gp, -944(t5)
core   0: 3 0x8000b3b4 (0xc43f2823) mem 0x8000d000 0x00000001
core   0: 0x8000b3b8 (0xff9ff06f) j       pc - 0x8
core   0: 3 0x8000b3b8 (0xff9ff06f)
core   0: 0x8000b3b0 (0x00002f17) auipc   t5, 0x2
core   0: 3 0x8000b3b0 (0x00002f17) x30 0x8000d3b0
core   0: 0x8000b3b4 (0xc43f2823) sw      gp, -944(t5)
core   0: 3 0x8000b3b4 (0xc43f2823) mem 0x8000d000 0x00000001
core   0: 0x8000b3b8 (0xff9ff06f) j       pc - 0x8
core   0: 3 0x8000b3b8 (0xff9ff06f)
core   0: 0x8000b3b0 (0x00002f17) auipc   t5, 0x2
core   0: 3 0x8000b3b0 (0x00002f17) x30 0x8000d3b0
core   0: 0x8000b3b4 (0xc43f2823) sw      gp, -944(t5)
core   0: 3 0x8000b3b4 (0xc43f2823) mem 0x8000d000 0x00000001
core   0: 0x8000b3b8 (0xff9ff06f) j       pc - 0x8
core   0: 3 0x8000b3b8 (0xff9ff06f)
core   0: 0x8000b3b0 (0x00002f17) auipc   t5, 0x2
core   0: 3 0x8000b3b0 (0x00002f17) x30 0x8000d3b0
core   0: 0x8000b3b4 (0xc43f2823) sw      gp, -944(t5)
core   0: 3 0x8000b3b4 (0xc43f2823) mem 0x8000d000 0x00000001
core   0: 0x8000b3b8 (0xff9ff06f) j       pc - 0x8
core   0: 3 0x8000b3b8 (0xff9ff06f)
core   0: 0x8000b3b0 (0x00002f17) auipc   t5, 0x2
core   0: 3 0x8000b3b0 (0x00002f17) x30 0x8000d3b0
core   0: 0x8000b3b4 (0xc43f2823) sw      gp, -944(t5)
core   0: 3 0x8000b3b4 (0xc43f2823) mem 0x8000d000 0x00000001
core   0: 0x8000b3b8 (0xff9ff06f) j       pc - 0x8
core   0: 3 0x8000b3b8 (0xff9ff06f)
core   0: 0x8000b3b0 (0x00002f17) auipc   t5, 0x2
core   0: 3 0x8000b3b0 (0x00002f17) x30 0x8000d3b0
core   0: 0x8000b3b4 (0xc43f2823) sw      gp, -944(t5)
core   0: 3 0x8000b3b4 (0xc43f2823) mem 0x8000d000 0x00000001
core   0: 0x8000b3b8 (0xff9ff06f) j       pc - 0x8
core   0: 3 0x8000b3b8 (0xff9ff06f)
core   0: 0x8000b3b0 (0x00002f17) auipc   t5, 0x2
core   0: 3 0x8000b3b0 (0x00002f17) x30 0x8000d3b0
core   0: 0x8000b3b4 (0xc43f2823) sw      gp, -944(t5)
core   0: 3 0x8000b3b4 (0xc43f2823) mem 0x8000d000 0x00000001
core   0: 0x8000b3b8 (0xff9ff06f) j       pc - 0x8
core   0: 3 0x8000b3b8 (0xff9ff06f)
core   0: 0x8000b3b0 (0x00002f17) auipc   t5, 0x2
core   0: 3 0x8000b3b0 (0x00002f17) x30 0x8000d3b0
core   0: 0x8000b3b4 (0xc43f2823) sw      gp, -944(t5)
core   0: 3 0x8000b3b4 (0xc43f2823) mem 0x8000d000 0x00000001
core   0: 0x8000b3b8 (0xff9ff06f) j       pc - 0x8
core   0: 3 0x8000b3b8 (0xff9ff06f)
core   0: 0x8000b3b0 (0x00002f17) auipc   t5, 0x2
core   0: 3 0x8000b3b0 (0x00002f17) x30 0x8000d3b0
core   0: 0x8000b3b4 (0xc43f2823) sw      gp, -944(t5)
core   0: 3 0x8000b3b4 (0xc43f2823) mem 0x8000d000 0x00000001
core   0: 0x8000b3b8 (0xff9ff06f) j       pc - 0x8
core   0: 3 0x8000b3b8 (0xff9ff06f)
core   0: 0x8000b3b0 (0x00002f17) auipc   t5, 0x2
core   0: 3 0x8000b3b0 (0x00002f17) x30 0x8000d3b0
core   0: 0x8000b3b4 (0xc43f2823) sw      gp, -944(t5)
core   0: 3 0x8000b3b4 (0xc43f2823) mem 0x8000d000 0x00000001
core   0: 0x8000b3b8 (0xff9ff06f) j       pc - 0x8
core   0: 3 0x8000b3b8 (0xff9ff06f)
core   0: 0x8000b3b0 (0x00002f17) auipc   t5, 0x2
core   0: 3 0x8000b3b0 (0x00002f17) x30 0x8000d3b0
core   0: 0x8000b3b4 (0xc43f2823) sw      gp, -944(t5)
core   0: 3 0x8000b3b4 (0xc43f2823) mem 0x8000d000 0x00000001
core   0: 0x8000b3b8 (0xff9ff06f) j       pc - 0x8
core   0: 3 0x8000b3b8 (0xff9ff06f)
core   0: 0x8000b3b0 (0x00002f17) auipc   t5, 0x2
core   0: 3 0x8000b3b0 (0x00002f17) x30 0x8000d3b0
core   0: 0x8000b3b4 (0xc43f2823) sw      gp, -944(t5)
core   0: 3 0x8000b3b4 (0xc43f2823) mem 0x8000d000 0x00000001
core   0: 0x8000b3b8 (0xff9ff06f) j       pc - 0x8
core   0: 3 0x8000b3b8 (0xff9ff06f)
core   0: 0x8000b3b0 (0x00002f17) auipc   t5, 0x2
core   0: 3 0x8000b3b0 (0x00002f17) x30 0x8000d3b0
core   0: 0x8000b3b4 (0xc43f2823) sw      gp, -944(t5)
core   0: 3 0x8000b3b4 (0xc43f2823) mem 0x8000d000 0x00000001
core   0: 0x8000b3b8 (0xff9ff06f) j       pc - 0x8
core   0: 3 0x8000b3b8 (0xff9ff06f)
core   0: 0x8000b3b0 (0x00002f17) auipc   t5, 0x2
core   0: 3 0x8000b3b0 (0x00002f17) x30 0x8000d3b0
core   0: 0x8000b3b4 (0xc43f2823) sw      gp, -944(t5)
core   0: 3 0x8000b3b4 (0xc43f2823) mem 0x8000d000 0x00000001
core   0: 0x8000b3b8 (0xff9ff06f) j       pc - 0x8
core   0: 3 0x8000b3b8 (0xff9ff06f)
core   0: 0x8000b3b0 (0x00002f17) auipc   t5, 0x2
core   0: 3 0x8000b3b0 (0x00002f17) x30 0x8000d3b0
core   0: 0x8000b3b4 (0xc43f2823) sw      gp, -944(t5)
core   0: 3 0x8000b3b4 (0xc43f2823) mem 0x8000d000 0x00000001
core   0: 0x8000b3b8 (0xff9ff06f) j       pc - 0x8
core   0: 3 0x8000b3b8 (0xff9ff06f)
core   0: 0x8000b3b0 (0x00002f17) auipc   t5, 0x2
core   0: 3 0x8000b3b0 (0x00002f17) x30 0x8000d3b0
core   0: 0x8000b3b4 (0xc43f2823) sw      gp, -944(t5)
core   0: 3 0x8000b3b4 (0xc43f2823) mem 0x8000d000 0x00000001
core   0: 0x8000b3b8 (0xff9ff06f) j       pc - 0x8
core   0: 3 0x8000b3b8 (0xff9ff06f)
core   0: 0x8000b3b0 (0x00002f17) auipc   t5, 0x2
core   0: 3 0x8000b3b0 (0x00002f17) x30 0x8000d3b0
core   0: 0x8000b3b4 (0xc43f2823) sw      gp, -944(t5)
core   0: 3 0x8000b3b4 (0xc43f2823) mem 0x8000d000 0x00000001
core   0: 0x8000b3b8 (0xff9ff06f) j       pc - 0x8
core   0: 3 0x8000b3b8 (0xff9ff06f)
core   0: 0x8000b3b0 (0x00002f17) auipc   t5, 0x2
core   0: 3 0x8000b3b0 (0x00002f17) x30 0x8000d3b0
core   0: 0x8000b3b4 (0xc43f2823) sw      gp, -944(t5)
core   0: 3 0x8000b3b4 (0xc43f2823) mem 0x8000d000 0x00000001
core   0: 0x8000b3b8 (0xff9ff06f) j       pc - 0x8
core   0: 3 0x8000b3b8 (0xff9ff06f)
core   0: 0x8000b3b0 (0x00002f17) auipc   t5, 0x2
core   0: 3 0x8000b3b0 (0x00002f17) x30 0x8000d3b0
core   0: 0x8000b3b4 (0xc43f2823) sw      gp, -944(t5)
core   0: 3 0x8000b3b4 (0xc43f2823) mem 0x8000d000 0x00000001
core   0: 0x8000b3b8 (0xff9ff06f) j       pc - 0x8
core   0: 3 0x8000b3b8 (0xff9ff06f)
core   0: 0x8000b3b0 (0x00002f17) auipc   t5, 0x2
core   0: 3 0x8000b3b0 (0x00002f17) x30 0x8000d3b0
core   0: 0x8000b3b4 (0xc43f2823) sw      gp, -944(t5)
core   0: 3 0x8000b3b4 (0xc43f2823) mem 0x8000d000 0x00000001
core   0: 0x8000b3b8 (0xff9ff06f) j       pc - 0x8
core   0: 3 0x8000b3b8 (0xff9ff06f)
core   0: 0x8000b3b0 (0x00002f17) auipc   t5, 0x2
core   0: 3 0x8000b3b0 (0x00002f17) x30 0x8000d3b0
core   0: 0x8000b3b4 (0xc43f2823) sw      gp, -944(t5)
core   0: 3 0x8000b3b4 (0xc43f2823) mem 0x8000d000 0x00000001
core   0: 0x8000b3b8 (0xff9ff06f) j       pc - 0x8
core   0: 3 0x8000b3b8 (0xff9ff06f)
core   0: 0x8000b3b0 (0x00002f17) auipc   t5, 0x2
core   0: 3 0x8000b3b0 (0x00002f17) x30 0x8000d3b0
core   0: 0x8000b3b4 (0xc43f2823) sw      gp, -944(t5)
core   0: 3 0x8000b3b4 (0xc43f2823) mem 0x8000d000 0x00000001
core   0: 0x8000b3b8 (0xff9ff06f) j       pc - 0x8
core   0: 3 0x8000b3b8 (0xff9ff06f)
core   0: 0x8000b3b0 (0x00002f17) auipc   t5, 0x2
core   0: 3 0x8000b3b0 (0x00002f17) x30 0x8000d3b0
core   0: 0x8000b3b4 (0xc43f2823) sw      gp, -944(t5)
core   0: 3 0x8000b3b4 (0xc43f2823) mem 0x8000d000 0x00000001
core   0: 0x8000b3b8 (0xff9ff06f) j       pc - 0x8
core   0: 3 0x8000b3b8 (0xff9ff06f)
core   0: 0x8000b3b0 (0x00002f17) auipc   t5, 0x2
core   0: 3 0x8000b3b0 (0x00002f17) x30 0x8000d3b0
core   0: 0x8000b3b4 (0xc43f2823) sw      gp, -944(t5)
core   0: 3 0x8000b3b4 (0xc43f2823) mem 0x8000d000 0x00000001
core   0: 0x8000b3b8 (0xff9ff06f) j       pc - 0x8
core   0: 3 0x8000b3b8 (0xff9ff06f)
core   0: 0x8000b3b0 (0x00002f17) auipc   t5, 0x2
core   0: 3 0x8000b3b0 (0x00002f17) x30 0x8000d3b0
core   0: 0x8000b3b4 (0xc43f2823) sw      gp, -944(t5)
core   0: 3 0x8000b3b4 (0xc43f2823) mem 0x8000d000 0x00000001
core   0: 0x8000b3b8 (0xff9ff06f) j       pc - 0x8
core   0: 3 0x8000b3b8 (0xff9ff06f)
core   0: 0x8000b3b0 (0x00002f17) auipc   t5, 0x2
core   0: 3 0x8000b3b0 (0x00002f17) x30 0x8000d3b0
core   0: 0x8000b3b4 (0xc43f2823) sw      gp, -944(t5)
core   0: 3 0x8000b3b4 (0xc43f2823) mem 0x8000d000 0x00000001
core   0: 0x8000b3b8 (0xff9ff06f) j       pc - 0x8
core   0: 3 0x8000b3b8 (0xff9ff06f)
core   0: 0x8000b3b0 (0x00002f17) auipc   t5, 0x2
core   0: 3 0x8000b3b0 (0x00002f17) x30 0x8000d3b0
core   0: 0x8000b3b4 (0xc43f2823) sw      gp, -944(t5)
core   0: 3 0x8000b3b4 (0xc43f2823) mem 0x8000d000 0x00000001
core   0: 0x8000b3b8 (0xff9ff06f) j       pc - 0x8
core   0: 3 0x8000b3b8 (0xff9ff06f)
core   0: 0x8000b3b0 (0x00002f17) auipc   t5, 0x2
core   0: 3 0x8000b3b0 (0x00002f17) x30 0x8000d3b0
core   0: 0x8000b3b4 (0xc43f2823) sw      gp, -944(t5)
core   0: 3 0x8000b3b4 (0xc43f2823) mem 0x8000d000 0x00000001
core   0: 0x8000b3b8 (0xff9ff06f) j       pc - 0x8
core   0: 3 0x8000b3b8 (0xff9ff06f)
core   0: 0x8000b3b0 (0x00002f17) auipc   t5, 0x2
core   0: 3 0x8000b3b0 (0x00002f17) x30 0x8000d3b0
core   0: 0x8000b3b4 (0xc43f2823) sw      gp, -944(t5)
core   0: 3 0x8000b3b4 (0xc43f2823) mem 0x8000d000 0x00000001
core   0: 0x8000b3b8 (0xff9ff06f) j       pc - 0x8
core   0: 3 0x8000b3b8 (0xff9ff06f)
core   0: 0x8000b3b0 (0x00002f17) auipc   t5, 0x2
core   0: 3 0x8000b3b0 (0x00002f17) x30 0x8000d3b0
core   0: 0x8000b3b4 (0xc43f2823) sw      gp, -944(t5)
core   0: 3 0x8000b3b4 (0xc43f2823) mem 0x8000d000 0x00000001
core   0: 0x8000b3b8 (0xff9ff06f) j       pc - 0x8
core   0: 3 0x8000b3b8 (0xff9ff06f)
core   0: 0x8000b3b0 (0x00002f17) auipc   t5, 0x2
core   0: 3 0x8000b3b0 (0x00002f17) x30 0x8000d3b0
core   0: 0x8000b3b4 (0xc43f2823) sw      gp, -944(t5)
core   0: 3 0x8000b3b4 (0xc43f2823) mem 0x8000d000 0x00000001
core   0: 0x8000b3b8 (0xff9ff06f) j       pc - 0x8
core   0: 3 0x8000b3b8 (0xff9ff06f)
core   0: 0x8000b3b0 (0x00002f17) auipc   t5, 0x2
core   0: 3 0x8000b3b0 (0x00002f17) x30 0x8000d3b0
core   0: 0x8000b3b4 (0xc43f2823) sw      gp, -944(t5)
core   0: 3 0x8000b3b4 (0xc43f2823) mem 0x8000d000 0x00000001
core   0: 0x8000b3b8 (0xff9ff06f) j       pc - 0x8
core   0: 3 0x8000b3b8 (0xff9ff06f)
core   0: 0x8000b3b0 (0x00002f17) auipc   t5, 0x2
core   0: 3 0x8000b3b0 (0x00002f17) x30 0x8000d3b0
core   0: 0x8000b3b4 (0xc43f2823) sw      gp, -944(t5)
core   0: 3 0x8000b3b4 (0xc43f2823) mem 0x8000d000 0x00000001
core   0: 0x8000b3b8 (0xff9ff06f) j       pc - 0x8
core   0: 3 0x8000b3b8 (0xff9ff06f)
core   0: 0x8000b3b0 (0x00002f17) auipc   t5, 0x2
core   0: 3 0x8000b3b0 (0x00002f17) x30 0x8000d3b0
core   0: 0x8000b3b4 (0xc43f2823) sw      gp, -944(t5)
core   0: 3 0x8000b3b4 (0xc43f2823) mem 0x8000d000 0x00000001
core   0: 0x8000b3b8 (0xff9ff06f) j       pc - 0x8
core   0: 3 0x8000b3b8 (0xff9ff06f)
core   0: 0x8000b3b0 (0x00002f17) auipc   t5, 0x2
core   0: 3 0x8000b3b0 (0x00002f17) x30 0x8000d3b0
core   0: 0x8000b3b4 (0xc43f2823) sw      gp, -944(t5)
core   0: 3 0x8000b3b4 (0xc43f2823) mem 0x8000d000 0x00000001
core   0: 0x8000b3b8 (0xff9ff06f) j       pc - 0x8
core   0: 3 0x8000b3b8 (0xff9ff06f)
core   0: 0x8000b3b0 (0x00002f17) auipc   t5, 0x2
core   0: 3 0x8000b3b0 (0x00002f17) x30 0x8000d3b0
core   0: 0x8000b3b4 (0xc43f2823) sw      gp, -944(t5)
core   0: 3 0x8000b3b4 (0xc43f2823) mem 0x8000d000 0x00000001
core   0: 0x8000b3b8 (0xff9ff06f) j       pc - 0x8
core   0: 3 0x8000b3b8 (0xff9ff06f)
core   0: 0x8000b3b0 (0x00002f17) auipc   t5, 0x2
core   0: 3 0x8000b3b0 (0x00002f17) x30 0x8000d3b0
core   0: 0x8000b3b4 (0xc43f2823) sw      gp, -944(t5)
core   0: 3 0x8000b3b4 (0xc43f2823) mem 0x8000d000 0x00000001
core   0: 0x8000b3b8 (0xff9ff06f) j       pc - 0x8
core   0: 3 0x8000b3b8 (0xff9ff06f)
core   0: 0x8000b3b0 (0x00002f17) auipc   t5, 0x2
core   0: 3 0x8000b3b0 (0x00002f17) x30 0x8000d3b0
core   0: 0x8000b3b4 (0xc43f2823) sw      gp, -944(t5)
core   0: 3 0x8000b3b4 (0xc43f2823) mem 0x8000d000 0x00000001
core   0: 0x8000b3b8 (0xff9ff06f) j       pc - 0x8
core   0: 3 0x8000b3b8 (0xff9ff06f)
core   0: 0x8000b3b0 (0x00002f17) auipc   t5, 0x2
core   0: 3 0x8000b3b0 (0x00002f17) x30 0x8000d3b0
core   0: 0x8000b3b4 (0xc43f2823) sw      gp, -944(t5)
core   0: 3 0x8000b3b4 (0xc43f2823) mem 0x8000d000 0x00000001
core   0: 0x8000b3b8 (0xff9ff06f) j       pc - 0x8
core   0: 3 0x8000b3b8 (0xff9ff06f)
core   0: 0x8000b3b0 (0x00002f17) auipc   t5, 0x2
core   0: 3 0x8000b3b0 (0x00002f17) x30 0x8000d3b0
core   0: 0x8000b3b4 (0xc43f2823) sw      gp, -944(t5)
core   0: 3 0x8000b3b4 (0xc43f2823) mem 0x8000d000 0x00000001
core   0: 0x8000b3b8 (0xff9ff06f) j       pc - 0x8
core   0: 3 0x8000b3b8 (0xff9ff06f)
core   0: 0x8000b3b0 (0x00002f17) auipc   t5, 0x2
core   0: 3 0x8000b3b0 (0x00002f17) x30 0x8000d3b0
core   0: 0x8000b3b4 (0xc43f2823) sw      gp, -944(t5)
core   0: 3 0x8000b3b4 (0xc43f2823) mem 0x8000d000 0x00000001
core   0: 0x8000b3b8 (0xff9ff06f) j       pc - 0x8
core   0: 3 0x8000b3b8 (0xff9ff06f)
core   0: 0x8000b3b0 (0x00002f17) auipc   t5, 0x2
core   0: 3 0x8000b3b0 (0x00002f17) x30 0x8000d3b0
core   0: 0x8000b3b4 (0xc43f2823) sw      gp, -944(t5)
core   0: 3 0x8000b3b4 (0xc43f2823) mem 0x8000d000 0x00000001
core   0: 0x8000b3b8 (0xff9ff06f) j       pc - 0x8
core   0: 3 0x8000b3b8 (0xff9ff06f)
core   0: 0x8000b3b0 (0x00002f17) auipc   t5, 0x2
core   0: 3 0x8000b3b0 (0x00002f17) x30 0x8000d3b0
core   0: 0x8000b3b4 (0xc43f2823) sw      gp, -944(t5)
core   0: 3 0x8000b3b4 (0xc43f2823) mem 0x8000d000 0x00000001
core   0: 0x8000b3b8 (0xff9ff06f) j       pc - 0x8
core   0: 3 0x8000b3b8 (0xff9ff06f)
core   0: 0x8000b3b0 (0x00002f17) auipc   t5, 0x2
core   0: 3 0x8000b3b0 (0x00002f17) x30 0x8000d3b0
core   0: 0x8000b3b4 (0xc43f2823) sw      gp, -944(t5)
core   0: 3 0x8000b3b4 (0xc43f2823) mem 0x8000d000 0x00000001
core   0: 0x8000b3b8 (0xff9ff06f) j       pc - 0x8
core   0: 3 0x8000b3b8 (0xff9ff06f)
core   0: 0x8000b3b0 (0x00002f17) auipc   t5, 0x2
core   0: 3 0x8000b3b0 (0x00002f17) x30 0x8000d3b0
core   0: 0x8000b3b4 (0xc43f2823) sw      gp, -944(t5)
core   0: 3 0x8000b3b4 (0xc43f2823) mem 0x8000d000 0x00000001
core   0: 0x8000b3b8 (0xff9ff06f) j       pc - 0x8
core   0: 3 0x8000b3b8 (0xff9ff06f)
core   0: 0x8000b3b0 (0x00002f17) auipc   t5, 0x2
core   0: 3 0x8000b3b0 (0x00002f17) x30 0x8000d3b0
core   0: 0x8000b3b4 (0xc43f2823) sw      gp, -944(t5)
core   0: 3 0x8000b3b4 (0xc43f2823) mem 0x8000d000 0x00000001
core   0: 0x8000b3b8 (0xff9ff06f) j       pc - 0x8
core   0: 3 0x8000b3b8 (0xff9ff06f)
core   0: 0x8000b3b0 (0x00002f17) auipc   t5, 0x2
core   0: 3 0x8000b3b0 (0x00002f17) x30 0x8000d3b0
core   0: 0x8000b3b4 (0xc43f2823) sw      gp, -944(t5)
core   0: 3 0x8000b3b4 (0xc43f2823) mem 0x8000d000 0x00000001
core   0: 0x8000b3b8 (0xff9ff06f) j       pc - 0x8
core   0: 3 0x8000b3b8 (0xff9ff06f)
core   0: 0x8000b3b0 (0x00002f17) auipc   t5, 0x2
core   0: 3 0x8000b3b0 (0x00002f17) x30 0x8000d3b0
core   0: 0x8000b3b4 (0xc43f2823) sw      gp, -944(t5)
core   0: 3 0x8000b3b4 (0xc43f2823) mem 0x8000d000 0x00000001
core   0: 0x8000b3b8 (0xff9ff06f) j       pc - 0x8
core   0: 3 0x8000b3b8 (0xff9ff06f)
core   0: 0x8000b3b0 (0x00002f17) auipc   t5, 0x2
core   0: 3 0x8000b3b0 (0x00002f17) x30 0x8000d3b0
core   0: 0x8000b3b4 (0xc43f2823) sw      gp, -944(t5)
core   0: 3 0x8000b3b4 (0xc43f2823) mem 0x8000d000 0x00000001
core   0: 0x8000b3b8 (0xff9ff06f) j       pc - 0x8
core   0: 3 0x8000b3b8 (0xff9ff06f)
core   0: 0x8000b3b0 (0x00002f17) auipc   t5, 0x2
core   0: 3 0x8000b3b0 (0x00002f17) x30 0x8000d3b0
core   0: 0x8000b3b4 (0xc43f2823) sw      gp, -944(t5)
core   0: 3 0x8000b3b4 (0xc43f2823) mem 0x8000d000 0x00000001
core   0: 0x8000b3b8 (0xff9ff06f) j       pc - 0x8
core   0: 3 0x8000b3b8 (0xff9ff06f)
core   0: 0x8000b3b0 (0x00002f17) auipc   t5, 0x2
core   0: 3 0x8000b3b0 (0x00002f17) x30 0x8000d3b0
core   0: 0x8000b3b4 (0xc43f2823) sw      gp, -944(t5)
core   0: 3 0x8000b3b4 (0xc43f2823) mem 0x8000d000 0x00000001
core   0: 0x8000b3b8 (0xff9ff06f) j       pc - 0x8
core   0: 3 0x8000b3b8 (0xff9ff06f)
core   0: 0x8000b3b0 (0x00002f17) auipc   t5, 0x2
core   0: 3 0x8000b3b0 (0x00002f17) x30 0x8000d3b0
core   0: 0x8000b3b4 (0xc43f2823) sw      gp, -944(t5)
core   0: 3 0x8000b3b4 (0xc43f2823) mem 0x8000d000 0x00000001
core   0: 0x8000b3b8 (0xff9ff06f) j       pc - 0x8
core   0: 3 0x8000b3b8 (0xff9ff06f)
core   0: 0x8000b3b0 (0x00002f17) auipc   t5, 0x2
core   0: 3 0x8000b3b0 (0x00002f17) x30 0x8000d3b0
core   0: 0x8000b3b4 (0xc43f2823) sw      gp, -944(t5)
core   0: 3 0x8000b3b4 (0xc43f2823) mem 0x8000d000 0x00000001
core   0: 0x8000b3b8 (0xff9ff06f) j       pc - 0x8
core   0: 3 0x8000b3b8 (0xff9ff06f)
core   0: 0x8000b3b0 (0x00002f17) auipc   t5, 0x2
core   0: 3 0x8000b3b0 (0x00002f17) x30 0x8000d3b0
core   0: 0x8000b3b4 (0xc43f2823) sw      gp, -944(t5)
core   0: 3 0x8000b3b4 (0xc43f2823) mem 0x8000d000 0x00000001
core   0: 0x8000b3b8 (0xff9ff06f) j       pc - 0x8
core   0: 3 0x8000b3b8 (0xff9ff06f)
core   0: 0x8000b3b0 (0x00002f17) auipc   t5, 0x2
core   0: 3 0x8000b3b0 (0x00002f17) x30 0x8000d3b0
core   0: 0x8000b3b4 (0xc43f2823) sw      gp, -944(t5)
core   0: 3 0x8000b3b4 (0xc43f2823) mem 0x8000d000 0x00000001
core   0: 0x8000b3b8 (0xff9ff06f) j       pc - 0x8
core   0: 3 0x8000b3b8 (0xff9ff06f)
core   0: 0x8000b3b0 (0x00002f17) auipc   t5, 0x2
core   0: 3 0x8000b3b0 (0x00002f17) x30 0x8000d3b0
core   0: 0x8000b3b4 (0xc43f2823) sw      gp, -944(t5)
core   0: 3 0x8000b3b4 (0xc43f2823) mem 0x8000d000 0x00000001
core   0: 0x8000b3b8 (0xff9ff06f) j       pc - 0x8
core   0: 3 0x8000b3b8 (0xff9ff06f)
core   0: 0x8000b3b0 (0x00002f17) auipc   t5, 0x2
core   0: 3 0x8000b3b0 (0x00002f17) x30 0x8000d3b0
core   0: 0x8000b3b4 (0xc43f2823) sw      gp, -944(t5)
core   0: 3 0x8000b3b4 (0xc43f2823) mem 0x8000d000 0x00000001
core   0: 0x8000b3b8 (0xff9ff06f) j       pc - 0x8
core   0: 3 0x8000b3b8 (0xff9ff06f)
core   0: 0x8000b3b0 (0x00002f17) auipc   t5, 0x2
core   0: 3 0x8000b3b0 (0x00002f17) x30 0x8000d3b0
core   0: 0x8000b3b4 (0xc43f2823) sw      gp, -944(t5)
core   0: 3 0x8000b3b4 (0xc43f2823) mem 0x8000d000 0x00000001
core   0: 0x8000b3b8 (0xff9ff06f) j       pc - 0x8
core   0: 3 0x8000b3b8 (0xff9ff06f)
core   0: 0x8000b3b0 (0x00002f17) auipc   t5, 0x2
core   0: 3 0x8000b3b0 (0x00002f17) x30 0x8000d3b0
core   0: 0x8000b3b4 (0xc43f2823) sw      gp, -944(t5)
core   0: 3 0x8000b3b4 (0xc43f2823) mem 0x8000d000 0x00000001
core   0: 0x8000b3b8 (0xff9ff06f) j       pc - 0x8
core   0: 3 0x8000b3b8 (0xff9ff06f)
core   0: 0x8000b3b0 (0x00002f17) auipc   t5, 0x2
core   0: 3 0x8000b3b0 (0x00002f17) x30 0x8000d3b0
core   0: 0x8000b3b4 (0xc43f2823) sw      gp, -944(t5)
core   0: 3 0x8000b3b4 (0xc43f2823) mem 0x8000d000 0x00000001
core   0: 0x8000b3b8 (0xff9ff06f) j       pc - 0x8
core   0: 3 0x8000b3b8 (0xff9ff06f)
core   0: 0x8000b3b0 (0x00002f17) auipc   t5, 0x2
core   0: 3 0x8000b3b0 (0x00002f17) x30 0x8000d3b0
core   0: 0x8000b3b4 (0xc43f2823) sw      gp, -944(t5)
core   0: 3 0x8000b3b4 (0xc43f2823) mem 0x8000d000 0x00000001
core   0: 0x8000b3b8 (0xff9ff06f) j       pc - 0x8
core   0: 3 0x8000b3b8 (0xff9ff06f)
core   0: 0x8000b3b0 (0x00002f17) auipc   t5, 0x2
core   0: 3 0x8000b3b0 (0x00002f17) x30 0x8000d3b0
core   0: 0x8000b3b4 (0xc43f2823) sw      gp, -944(t5)
core   0: 3 0x8000b3b4 (0xc43f2823) mem 0x8000d000 0x00000001
core   0: 0x8000b3b8 (0xff9ff06f) j       pc - 0x8
core   0: 3 0x8000b3b8 (0xff9ff06f)
core   0: 0x8000b3b0 (0x00002f17) auipc   t5, 0x2
core   0: 3 0x8000b3b0 (0x00002f17) x30 0x8000d3b0
core   0: 0x8000b3b4 (0xc43f2823) sw      gp, -944(t5)
core   0: 3 0x8000b3b4 (0xc43f2823) mem 0x8000d000 0x00000001
core   0: 0x8000b3b8 (0xff9ff06f) j       pc - 0x8
core   0: 3 0x8000b3b8 (0xff9ff06f)
core   0: 0x8000b3b0 (0x00002f17) auipc   t5, 0x2
core   0: 3 0x8000b3b0 (0x00002f17) x30 0x8000d3b0
core   0: 0x8000b3b4 (0xc43f2823) sw      gp, -944(t5)
core   0: 3 0x8000b3b4 (0xc43f2823) mem 0x8000d000 0x00000001
core   0: 0x8000b3b8 (0xff9ff06f) j       pc - 0x8
core   0: 3 0x8000b3b8 (0xff9ff06f)
core   0: 0x8000b3b0 (0x00002f17) auipc   t5, 0x2
core   0: 3 0x8000b3b0 (0x00002f17) x30 0x8000d3b0
core   0: 0x8000b3b4 (0xc43f2823) sw      gp, -944(t5)
core   0: 3 0x8000b3b4 (0xc43f2823) mem 0x8000d000 0x00000001
core   0: 0x8000b3b8 (0xff9ff06f) j       pc - 0x8
core   0: 3 0x8000b3b8 (0xff9ff06f)
core   0: 0x8000b3b0 (0x00002f17) auipc   t5, 0x2
core   0: 3 0x8000b3b0 (0x00002f17) x30 0x8000d3b0
core   0: 0x8000b3b4 (0xc43f2823) sw      gp, -944(t5)
core   0: 3 0x8000b3b4 (0xc43f2823) mem 0x8000d000 0x00000001
core   0: 0x8000b3b8 (0xff9ff06f) j       pc - 0x8
core   0: 3 0x8000b3b8 (0xff9ff06f)
core   0: 0x8000b3b0 (0x00002f17) auipc   t5, 0x2
core   0: 3 0x8000b3b0 (0x00002f17) x30 0x8000d3b0
core   0: 0x8000b3b4 (0xc43f2823) sw      gp, -944(t5)
core   0: 3 0x8000b3b4 (0xc43f2823) mem 0x8000d000 0x00000001
core   0: 0x8000b3b8 (0xff9ff06f) j       pc - 0x8
core   0: 3 0x8000b3b8 (0xff9ff06f)
core   0: 0x8000b3b0 (0x00002f17) auipc   t5, 0x2
core   0: 3 0x8000b3b0 (0x00002f17) x30 0x8000d3b0
core   0: 0x8000b3b4 (0xc43f2823) sw      gp, -944(t5)
core   0: 3 0x8000b3b4 (0xc43f2823) mem 0x8000d000 0x00000001
core   0: 0x8000b3b8 (0xff9ff06f) j       pc - 0x8
core   0: 3 0x8000b3b8 (0xff9ff06f)
core   0: 0x8000b3b0 (0x00002f17) auipc   t5, 0x2
core   0: 3 0x8000b3b0 (0x00002f17) x30 0x8000d3b0
core   0: 0x8000b3b4 (0xc43f2823) sw      gp, -944(t5)
core   0: 3 0x8000b3b4 (0xc43f2823) mem 0x8000d000 0x00000001
core   0: 0x8000b3b8 (0xff9ff06f) j       pc - 0x8
core   0: 3 0x8000b3b8 (0xff9ff06f)
core   0: 0x8000b3b0 (0x00002f17) auipc   t5, 0x2
core   0: 3 0x8000b3b0 (0x00002f17) x30 0x8000d3b0
core   0: 0x8000b3b4 (0xc43f2823) sw      gp, -944(t5)
core   0: 3 0x8000b3b4 (0xc43f2823) mem 0x8000d000 0x00000001
core   0: 0x8000b3b8 (0xff9ff06f) j       pc - 0x8
core   0: 3 0x8000b3b8 (0xff9ff06f)
core   0: 0x8000b3b0 (0x00002f17) auipc   t5, 0x2
core   0: 3 0x8000b3b0 (0x00002f17) x30 0x8000d3b0
core   0: 0x8000b3b4 (0xc43f2823) sw      gp, -944(t5)
core   0: 3 0x8000b3b4 (0xc43f2823) mem 0x8000d000 0x00000001
core   0: 0x8000b3b8 (0xff9ff06f) j       pc - 0x8
core   0: 3 0x8000b3b8 (0xff9ff06f)
core   0: 0x8000b3b0 (0x00002f17) auipc   t5, 0x2
core   0: 3 0x8000b3b0 (0x00002f17) x30 0x8000d3b0
core   0: 0x8000b3b4 (0xc43f2823) sw      gp, -944(t5)
core   0: 3 0x8000b3b4 (0xc43f2823) mem 0x8000d000 0x00000001
core   0: 0x8000b3b8 (0xff9ff06f) j       pc - 0x8
core   0: 3 0x8000b3b8 (0xff9ff06f)
core   0: 0x8000b3b0 (0x00002f17) auipc   t5, 0x2
core   0: 3 0x8000b3b0 (0x00002f17) x30 0x8000d3b0
core   0: 0x8000b3b4 (0xc43f2823) sw      gp, -944(t5)
core   0: 3 0x8000b3b4 (0xc43f2823) mem 0x8000d000 0x00000001
core   0: 0x8000b3b8 (0xff9ff06f) j       pc - 0x8
core   0: 3 0x8000b3b8 (0xff9ff06f)
core   0: 0x8000b3b0 (0x00002f17) auipc   t5, 0x2
core   0: 3 0x8000b3b0 (0x00002f17) x30 0x8000d3b0
core   0: 0x8000b3b4 (0xc43f2823) sw      gp, -944(t5)
core   0: 3 0x8000b3b4 (0xc43f2823) mem 0x8000d000 0x00000001
core   0: 0x8000b3b8 (0xff9ff06f) j       pc - 0x8
core   0: 3 0x8000b3b8 (0xff9ff06f)
core   0: 0x8000b3b0 (0x00002f17) auipc   t5, 0x2
core   0: 3 0x8000b3b0 (0x00002f17) x30 0x8000d3b0
core   0: 0x8000b3b4 (0xc43f2823) sw      gp, -944(t5)
core   0: 3 0x8000b3b4 (0xc43f2823) mem 0x8000d000 0x00000001
core   0: 0x8000b3b8 (0xff9ff06f) j       pc - 0x8
core   0: 3 0x8000b3b8 (0xff9ff06f)
core   0: 0x8000b3b0 (0x00002f17) auipc   t5, 0x2
core   0: 3 0x8000b3b0 (0x00002f17) x30 0x8000d3b0
core   0: 0x8000b3b4 (0xc43f2823) sw      gp, -944(t5)
core   0: 3 0x8000b3b4 (0xc43f2823) mem 0x8000d000 0x00000001
core   0: 0x8000b3b8 (0xff9ff06f) j       pc - 0x8
core   0: 3 0x8000b3b8 (0xff9ff06f)
core   0: 0x8000b3b0 (0x00002f17) auipc   t5, 0x2
core   0: 3 0x8000b3b0 (0x00002f17) x30 0x8000d3b0
core   0: 0x8000b3b4 (0xc43f2823) sw      gp, -944(t5)
core   0: 3 0x8000b3b4 (0xc43f2823) mem 0x8000d000 0x00000001
core   0: 0x8000b3b8 (0xff9ff06f) j       pc - 0x8
core   0: 3 0x8000b3b8 (0xff9ff06f)
core   0: 0x8000b3b0 (0x00002f17) auipc   t5, 0x2
core   0: 3 0x8000b3b0 (0x00002f17) x30 0x8000d3b0
core   0: 0x8000b3b4 (0xc43f2823) sw      gp, -944(t5)
core   0: 3 0x8000b3b4 (0xc43f2823) mem 0x8000d000 0x00000001
core   0: 0x8000b3b8 (0xff9ff06f) j       pc - 0x8
core   0: 3 0x8000b3b8 (0xff9ff06f)
core   0: 0x8000b3b0 (0x00002f17) auipc   t5, 0x2
core   0: 3 0x8000b3b0 (0x00002f17) x30 0x8000d3b0
core   0: 0x8000b3b4 (0xc43f2823) sw      gp, -944(t5)
core   0: 3 0x8000b3b4 (0xc43f2823) mem 0x8000d000 0x00000001
core   0: 0x8000b3b8 (0xff9ff06f) j       pc - 0x8
core   0: 3 0x8000b3b8 (0xff9ff06f)
core   0: 0x8000b3b0 (0x00002f17) auipc   t5, 0x2
core   0: 3 0x8000b3b0 (0x00002f17) x30 0x8000d3b0
core   0: 0x8000b3b4 (0xc43f2823) sw      gp, -944(t5)
core   0: 3 0x8000b3b4 (0xc43f2823) mem 0x8000d000 0x00000001
core   0: 0x8000b3b8 (0xff9ff06f) j       pc - 0x8
core   0: 3 0x8000b3b8 (0xff9ff06f)
core   0: 0x8000b3b0 (0x00002f17) auipc   t5, 0x2
core   0: 3 0x8000b3b0 (0x00002f17) x30 0x8000d3b0
core   0: 0x8000b3b4 (0xc43f2823) sw      gp, -944(t5)
core   0: 3 0x8000b3b4 (0xc43f2823) mem 0x8000d000 0x00000001
core   0: 0x8000b3b8 (0xff9ff06f) j       pc - 0x8
core   0: 3 0x8000b3b8 (0xff9ff06f)
core   0: 0x8000b3b0 (0x00002f17) auipc   t5, 0x2
core   0: 3 0x8000b3b0 (0x00002f17) x30 0x8000d3b0
core   0: 0x8000b3b4 (0xc43f2823) sw      gp, -944(t5)
core   0: 3 0x8000b3b4 (0xc43f2823) mem 0x8000d000 0x00000001
core   0: 0x8000b3b8 (0xff9ff06f) j       pc - 0x8
core   0: 3 0x8000b3b8 (0xff9ff06f)
core   0: 0x8000b3b0 (0x00002f17) auipc   t5, 0x2
core   0: 3 0x8000b3b0 (0x00002f17) x30 0x8000d3b0
core   0: 0x8000b3b4 (0xc43f2823) sw      gp, -944(t5)
core   0: 3 0x8000b3b4 (0xc43f2823) mem 0x8000d000 0x00000001
core   0: 0x8000b3b8 (0xff9ff06f) j       pc - 0x8
core   0: 3 0x8000b3b8 (0xff9ff06f)
core   0: 0x8000b3b0 (0x00002f17) auipc   t5, 0x2
core   0: 3 0x8000b3b0 (0x00002f17) x30 0x8000d3b0
core   0: 0x8000b3b4 (0xc43f2823) sw      gp, -944(t5)
core   0: 3 0x8000b3b4 (0xc43f2823) mem 0x8000d000 0x00000001
core   0: 0x8000b3b8 (0xff9ff06f) j       pc - 0x8
core   0: 3 0x8000b3b8 (0xff9ff06f)
core   0: 0x8000b3b0 (0x00002f17) auipc   t5, 0x2
core   0: 3 0x8000b3b0 (0x00002f17) x30 0x8000d3b0
core   0: 0x8000b3b4 (0xc43f2823) sw      gp, -944(t5)
core   0: 3 0x8000b3b4 (0xc43f2823) mem 0x8000d000 0x00000001
core   0: 0x8000b3b8 (0xff9ff06f) j       pc - 0x8
core   0: 3 0x8000b3b8 (0xff9ff06f)
core   0: 0x8000b3b0 (0x00002f17) auipc   t5, 0x2
core   0: 3 0x8000b3b0 (0x00002f17) x30 0x8000d3b0
core   0: 0x8000b3b4 (0xc43f2823) sw      gp, -944(t5)
core   0: 3 0x8000b3b4 (0xc43f2823) mem 0x8000d000 0x00000001
core   0: 0x8000b3b8 (0xff9ff06f) j       pc - 0x8
core   0: 3 0x8000b3b8 (0xff9ff06f)
core   0: 0x8000b3b0 (0x00002f17) auipc   t5, 0x2
core   0: 3 0x8000b3b0 (0x00002f17) x30 0x8000d3b0
core   0: 0x8000b3b4 (0xc43f2823) sw      gp, -944(t5)
core   0: 3 0x8000b3b4 (0xc43f2823) mem 0x8000d000 0x00000001
core   0: 0x8000b3b8 (0xff9ff06f) j       pc - 0x8
core   0: 3 0x8000b3b8 (0xff9ff06f)
core   0: 0x8000b3b0 (0x00002f17) auipc   t5, 0x2
core   0: 3 0x8000b3b0 (0x00002f17) x30 0x8000d3b0
core   0: 0x8000b3b4 (0xc43f2823) sw      gp, -944(t5)
core   0: 3 0x8000b3b4 (0xc43f2823) mem 0x8000d000 0x00000001
core   0: 0x8000b3b8 (0xff9ff06f) j       pc - 0x8
core   0: 3 0x8000b3b8 (0xff9ff06f)
core   0: 0x8000b3b0 (0x00002f17) auipc   t5, 0x2
core   0: 3 0x8000b3b0 (0x00002f17) x30 0x8000d3b0
core   0: 0x8000b3b4 (0xc43f2823) sw      gp, -944(t5)
core   0: 3 0x8000b3b4 (0xc43f2823) mem 0x8000d000 0x00000001
core   0: 0x8000b3b8 (0xff9ff06f) j       pc - 0x8
core   0: 3 0x8000b3b8 (0xff9ff06f)
core   0: 0x8000b3b0 (0x00002f17) auipc   t5, 0x2
core   0: 3 0x8000b3b0 (0x00002f17) x30 0x8000d3b0
core   0: 0x8000b3b4 (0xc43f2823) sw      gp, -944(t5)
core   0: 3 0x8000b3b4 (0xc43f2823) mem 0x8000d000 0x00000001
core   0: 0x8000b3b8 (0xff9ff06f) j       pc - 0x8
core   0: 3 0x8000b3b8 (0xff9ff06f)
core   0: 0x8000b3b0 (0x00002f17) auipc   t5, 0x2
core   0: 3 0x8000b3b0 (0x00002f17) x30 0x8000d3b0
core   0: 0x8000b3b4 (0xc43f2823) sw      gp, -944(t5)
core   0: 3 0x8000b3b4 (0xc43f2823) mem 0x8000d000 0x00000001
core   0: 0x8000b3b8 (0xff9ff06f) j       pc - 0x8
core   0: 3 0x8000b3b8 (0xff9ff06f)
core   0: 0x8000b3b0 (0x00002f17) auipc   t5, 0x2
core   0: 3 0x8000b3b0 (0x00002f17) x30 0x8000d3b0
core   0: 0x8000b3b4 (0xc43f2823) sw      gp, -944(t5)
core   0: 3 0x8000b3b4 (0xc43f2823) mem 0x8000d000 0x00000001
core   0: 0x8000b3b8 (0xff9ff06f) j       pc - 0x8
core   0: 3 0x8000b3b8 (0xff9ff06f)
core   0: 0x8000b3b0 (0x00002f17) auipc   t5, 0x2
core   0: 3 0x8000b3b0 (0x00002f17) x30 0x8000d3b0
core   0: 0x8000b3b4 (0xc43f2823) sw      gp, -944(t5)
core   0: 3 0x8000b3b4 (0xc43f2823) mem 0x8000d000 0x00000001
core   0: 0x8000b3b8 (0xff9ff06f) j       pc - 0x8
core   0: 3 0x8000b3b8 (0xff9ff06f)
core   0: 0x8000b3b0 (0x00002f17) auipc   t5, 0x2
core   0: 3 0x8000b3b0 (0x00002f17) x30 0x8000d3b0
core   0: 0x8000b3b4 (0xc43f2823) sw      gp, -944(t5)
core   0: 3 0x8000b3b4 (0xc43f2823) mem 0x8000d000 0x00000001
core   0: 0x8000b3b8 (0xff9ff06f) j       pc - 0x8
core   0: 3 0x8000b3b8 (0xff9ff06f)
core   0: 0x8000b3b0 (0x00002f17) auipc   t5, 0x2
core   0: 3 0x8000b3b0 (0x00002f17) x30 0x8000d3b0
core   0: 0x8000b3b4 (0xc43f2823) sw      gp, -944(t5)
core   0: 3 0x8000b3b4 (0xc43f2823) mem 0x8000d000 0x00000001
core   0: 0x8000b3b8 (0xff9ff06f) j       pc - 0x8
core   0: 3 0x8000b3b8 (0xff9ff06f)
core   0: 0x8000b3b0 (0x00002f17) auipc   t5, 0x2
core   0: 3 0x8000b3b0 (0x00002f17) x30 0x8000d3b0
core   0: 0x8000b3b4 (0xc43f2823) sw      gp, -944(t5)
core   0: 3 0x8000b3b4 (0xc43f2823) mem 0x8000d000 0x00000001
core   0: 0x8000b3b8 (0xff9ff06f) j       pc - 0x8
core   0: 3 0x8000b3b8 (0xff9ff06f)
core   0: 0x8000b3b0 (0x00002f17) auipc   t5, 0x2
core   0: 3 0x8000b3b0 (0x00002f17) x30 0x8000d3b0
core   0: 0x8000b3b4 (0xc43f2823) sw      gp, -944(t5)
core   0: 3 0x8000b3b4 (0xc43f2823) mem 0x8000d000 0x00000001
core   0: 0x8000b3b8 (0xff9ff06f) j       pc - 0x8
core   0: 3 0x8000b3b8 (0xff9ff06f)
core   0: 0x8000b3b0 (0x00002f17) auipc   t5, 0x2
core   0: 3 0x8000b3b0 (0x00002f17) x30 0x8000d3b0
core   0: 0x8000b3b4 (0xc43f2823) sw      gp, -944(t5)
core   0: 3 0x8000b3b4 (0xc43f2823) mem 0x8000d000 0x00000001
core   0: 0x8000b3b8 (0xff9ff06f) j       pc - 0x8
core   0: 3 0x8000b3b8 (0xff9ff06f)
core   0: 0x8000b3b0 (0x00002f17) auipc   t5, 0x2
core   0: 3 0x8000b3b0 (0x00002f17) x30 0x8000d3b0
core   0: 0x8000b3b4 (0xc43f2823) sw      gp, -944(t5)
core   0: 3 0x8000b3b4 (0xc43f2823) mem 0x8000d000 0x00000001
core   0: 0x8000b3b8 (0xff9ff06f) j       pc - 0x8
core   0: 3 0x8000b3b8 (0xff9ff06f)
core   0: 0x8000b3b0 (0x00002f17) auipc   t5, 0x2
core   0: 3 0x8000b3b0 (0x00002f17) x30 0x8000d3b0
core   0: 0x8000b3b4 (0xc43f2823) sw      gp, -944(t5)
core   0: 3 0x8000b3b4 (0xc43f2823) mem 0x8000d000 0x00000001
core   0: 0x8000b3b8 (0xff9ff06f) j       pc - 0x8
core   0: 3 0x8000b3b8 (0xff9ff06f)
core   0: 0x8000b3b0 (0x00002f17) auipc   t5, 0x2
core   0: 3 0x8000b3b0 (0x00002f17) x30 0x8000d3b0
core   0: 0x8000b3b4 (0xc43f2823) sw      gp, -944(t5)
core   0: 3 0x8000b3b4 (0xc43f2823) mem 0x8000d000 0x00000001
core   0: 0x8000b3b8 (0xff9ff06f) j       pc - 0x8
core   0: 3 0x8000b3b8 (0xff9ff06f)
core   0: 0x8000b3b0 (0x00002f17) auipc   t5, 0x2
core   0: 3 0x8000b3b0 (0x00002f17) x30 0x8000d3b0
core   0: 0x8000b3b4 (0xc43f2823) sw      gp, -944(t5)
core   0: 3 0x8000b3b4 (0xc43f2823) mem 0x8000d000 0x00000001
core   0: 0x8000b3b8 (0xff9ff06f) j       pc - 0x8
core   0: 3 0x8000b3b8 (0xff9ff06f)
core   0: 0x8000b3b0 (0x00002f17) auipc   t5, 0x2
core   0: 3 0x8000b3b0 (0x00002f17) x30 0x8000d3b0
core   0: 0x8000b3b4 (0xc43f2823) sw      gp, -944(t5)
core   0: 3 0x8000b3b4 (0xc43f2823) mem 0x8000d000 0x00000001
core   0: 0x8000b3b8 (0xff9ff06f) j       pc - 0x8
core   0: 3 0x8000b3b8 (0xff9ff06f)
core   0: 0x8000b3b0 (0x00002f17) auipc   t5, 0x2
core   0: 3 0x8000b3b0 (0x00002f17) x30 0x8000d3b0
core   0: 0x8000b3b4 (0xc43f2823) sw      gp, -944(t5)
core   0: 3 0x8000b3b4 (0xc43f2823) mem 0x8000d000 0x00000001
core   0: 0x8000b3b8 (0xff9ff06f) j       pc - 0x8
core   0: 3 0x8000b3b8 (0xff9ff06f)
core   0: 0x8000b3b0 (0x00002f17) auipc   t5, 0x2
core   0: 3 0x8000b3b0 (0x00002f17) x30 0x8000d3b0
core   0: 0x8000b3b4 (0xc43f2823) sw      gp, -944(t5)
core   0: 3 0x8000b3b4 (0xc43f2823) mem 0x8000d000 0x00000001
core   0: 0x8000b3b8 (0xff9ff06f) j       pc - 0x8
core   0: 3 0x8000b3b8 (0xff9ff06f)
core   0: 0x8000b3b0 (0x00002f17) auipc   t5, 0x2
core   0: 3 0x8000b3b0 (0x00002f17) x30 0x8000d3b0
core   0: 0x8000b3b4 (0xc43f2823) sw      gp, -944(t5)
core   0: 3 0x8000b3b4 (0xc43f2823) mem 0x8000d000 0x00000001
core   0: 0x8000b3b8 (0xff9ff06f) j       pc - 0x8
core   0: 3 0x8000b3b8 (0xff9ff06f)
core   0: 0x8000b3b0 (0x00002f17) auipc   t5, 0x2
core   0: 3 0x8000b3b0 (0x00002f17) x30 0x8000d3b0
core   0: 0x8000b3b4 (0xc43f2823) sw      gp, -944(t5)
core   0: 3 0x8000b3b4 (0xc43f2823) mem 0x8000d000 0x00000001
core   0: 0x8000b3b8 (0xff9ff06f) j       pc - 0x8
core   0: 3 0x8000b3b8 (0xff9ff06f)
core   0: 0x8000b3b0 (0x00002f17) auipc   t5, 0x2
core   0: 3 0x8000b3b0 (0x00002f17) x30 0x8000d3b0
core   0: 0x8000b3b4 (0xc43f2823) sw      gp, -944(t5)
core   0: 3 0x8000b3b4 (0xc43f2823) mem 0x8000d000 0x00000001
core   0: 0x8000b3b8 (0xff9ff06f) j       pc - 0x8
core   0: 3 0x8000b3b8 (0xff9ff06f)
core   0: 0x8000b3b0 (0x00002f17) auipc   t5, 0x2
core   0: 3 0x8000b3b0 (0x00002f17) x30 0x8000d3b0
core   0: 0x8000b3b4 (0xc43f2823) sw      gp, -944(t5)
core   0: 3 0x8000b3b4 (0xc43f2823) mem 0x8000d000 0x00000001
core   0: 0x8000b3b8 (0xff9ff06f) j       pc - 0x8
core   0: 3 0x8000b3b8 (0xff9ff06f)
core   0: 0x8000b3b0 (0x00002f17) auipc   t5, 0x2
core   0: 3 0x8000b3b0 (0x00002f17) x30 0x8000d3b0
core   0: 0x8000b3b4 (0xc43f2823) sw      gp, -944(t5)
core   0: 3 0x8000b3b4 (0xc43f2823) mem 0x8000d000 0x00000001
core   0: 0x8000b3b8 (0xff9ff06f) j       pc - 0x8
core   0: 3 0x8000b3b8 (0xff9ff06f)
core   0: 0x8000b3b0 (0x00002f17) auipc   t5, 0x2
core   0: 3 0x8000b3b0 (0x00002f17) x30 0x8000d3b0
core   0: 0x8000b3b4 (0xc43f2823) sw      gp, -944(t5)
core   0: 3 0x8000b3b4 (0xc43f2823) mem 0x8000d000 0x00000001
core   0: 0x8000b3b8 (0xff9ff06f) j       pc - 0x8
core   0: 3 0x8000b3b8 (0xff9ff06f)
core   0: 0x8000b3b0 (0x00002f17) auipc   t5, 0x2
core   0: 3 0x8000b3b0 (0x00002f17) x30 0x8000d3b0
core   0: 0x8000b3b4 (0xc43f2823) sw      gp, -944(t5)
core   0: 3 0x8000b3b4 (0xc43f2823) mem 0x8000d000 0x00000001
core   0: 0x8000b3b8 (0xff9ff06f) j       pc - 0x8
core   0: 3 0x8000b3b8 (0xff9ff06f)
core   0: 0x8000b3b0 (0x00002f17) auipc   t5, 0x2
core   0: 3 0x8000b3b0 (0x00002f17) x30 0x8000d3b0
core   0: 0x8000b3b4 (0xc43f2823) sw      gp, -944(t5)
core   0: 3 0x8000b3b4 (0xc43f2823) mem 0x8000d000 0x00000001
core   0: 0x8000b3b8 (0xff9ff06f) j       pc - 0x8
core   0: 3 0x8000b3b8 (0xff9ff06f)
core   0: 0x8000b3b0 (0x00002f17) auipc   t5, 0x2
core   0: 3 0x8000b3b0 (0x00002f17) x30 0x8000d3b0
core   0: 0x8000b3b4 (0xc43f2823) sw      gp, -944(t5)
core   0: 3 0x8000b3b4 (0xc43f2823) mem 0x8000d000 0x00000001
core   0: 0x8000b3b8 (0xff9ff06f) j       pc - 0x8
core   0: 3 0x8000b3b8 (0xff9ff06f)
core   0: 0x8000b3b0 (0x00002f17) auipc   t5, 0x2
core   0: 3 0x8000b3b0 (0x00002f17) x30 0x8000d3b0
core   0: 0x8000b3b4 (0xc43f2823) sw      gp, -944(t5)
core   0: 3 0x8000b3b4 (0xc43f2823) mem 0x8000d000 0x00000001
core   0: 0x8000b3b8 (0xff9ff06f) j       pc - 0x8
core   0: 3 0x8000b3b8 (0xff9ff06f)
core   0: 0x8000b3b0 (0x00002f17) auipc   t5, 0x2
core   0: 3 0x8000b3b0 (0x00002f17) x30 0x8000d3b0
core   0: 0x8000b3b4 (0xc43f2823) sw      gp, -944(t5)
core   0: 3 0x8000b3b4 (0xc43f2823) mem 0x8000d000 0x00000001
core   0: 0x8000b3b8 (0xff9ff06f) j       pc - 0x8
core   0: 3 0x8000b3b8 (0xff9ff06f)
core   0: 0x8000b3b0 (0x00002f17) auipc   t5, 0x2
core   0: 3 0x8000b3b0 (0x00002f17) x30 0x8000d3b0
core   0: 0x8000b3b4 (0xc43f2823) sw      gp, -944(t5)
core   0: 3 0x8000b3b4 (0xc43f2823) mem 0x8000d000 0x00000001
core   0: 0x8000b3b8 (0xff9ff06f) j       pc - 0x8
core   0: 3 0x8000b3b8 (0xff9ff06f)
core   0: 0x8000b3b0 (0x00002f17) auipc   t5, 0x2
core   0: 3 0x8000b3b0 (0x00002f17) x30 0x8000d3b0
core   0: 0x8000b3b4 (0xc43f2823) sw      gp, -944(t5)
core   0: 3 0x8000b3b4 (0xc43f2823) mem 0x8000d000 0x00000001
core   0: 0x8000b3b8 (0xff9ff06f) j       pc - 0x8
core   0: 3 0x8000b3b8 (0xff9ff06f)
core   0: 0x8000b3b0 (0x00002f17) auipc   t5, 0x2
core   0: 3 0x8000b3b0 (0x00002f17) x30 0x8000d3b0
core   0: 0x8000b3b4 (0xc43f2823) sw      gp, -944(t5)
core   0: 3 0x8000b3b4 (0xc43f2823) mem 0x8000d000 0x00000001
core   0: 0x8000b3b8 (0xff9ff06f) j       pc - 0x8
core   0: 3 0x8000b3b8 (0xff9ff06f)
core   0: 0x8000b3b0 (0x00002f17) auipc   t5, 0x2
core   0: 3 0x8000b3b0 (0x00002f17) x30 0x8000d3b0
core   0: 0x8000b3b4 (0xc43f2823) sw      gp, -944(t5)
core   0: 3 0x8000b3b4 (0xc43f2823) mem 0x8000d000 0x00000001
core   0: 0x8000b3b8 (0xff9ff06f) j       pc - 0x8
core   0: 3 0x8000b3b8 (0xff9ff06f)
core   0: 0x8000b3b0 (0x00002f17) auipc   t5, 0x2
core   0: 3 0x8000b3b0 (0x00002f17) x30 0x8000d3b0
core   0: 0x8000b3b4 (0xc43f2823) sw      gp, -944(t5)
core   0: 3 0x8000b3b4 (0xc43f2823) mem 0x8000d000 0x00000001
core   0: 0x8000b3b8 (0xff9ff06f) j       pc - 0x8
core   0: 3 0x8000b3b8 (0xff9ff06f)
core   0: 0x8000b3b0 (0x00002f17) auipc   t5, 0x2
core   0: 3 0x8000b3b0 (0x00002f17) x30 0x8000d3b0
core   0: 0x8000b3b4 (0xc43f2823) sw      gp, -944(t5)
core   0: 3 0x8000b3b4 (0xc43f2823) mem 0x8000d000 0x00000001
core   0: 0x8000b3b8 (0xff9ff06f) j       pc - 0x8
core   0: 3 0x8000b3b8 (0xff9ff06f)
core   0: 0x8000b3b0 (0x00002f17) auipc   t5, 0x2
core   0: 3 0x8000b3b0 (0x00002f17) x30 0x8000d3b0
core   0: 0x8000b3b4 (0xc43f2823) sw      gp, -944(t5)
core   0: 3 0x8000b3b4 (0xc43f2823) mem 0x8000d000 0x00000001
core   0: 0x8000b3b8 (0xff9ff06f) j       pc - 0x8
core   0: 3 0x8000b3b8 (0xff9ff06f)
core   0: 0x8000b3b0 (0x00002f17) auipc   t5, 0x2
core   0: 3 0x8000b3b0 (0x00002f17) x30 0x8000d3b0
core   0: 0x8000b3b4 (0xc43f2823) sw      gp, -944(t5)
core   0: 3 0x8000b3b4 (0xc43f2823) mem 0x8000d000 0x00000001
core   0: 0x8000b3b8 (0xff9ff06f) j       pc - 0x8
core   0: 3 0x8000b3b8 (0xff9ff06f)
core   0: 0x8000b3b0 (0x00002f17) auipc   t5, 0x2
core   0: 3 0x8000b3b0 (0x00002f17) x30 0x8000d3b0
core   0: 0x8000b3b4 (0xc43f2823) sw      gp, -944(t5)
core   0: 3 0x8000b3b4 (0xc43f2823) mem 0x8000d000 0x00000001
core   0: 0x8000b3b8 (0xff9ff06f) j       pc - 0x8
core   0: 3 0x8000b3b8 (0xff9ff06f)
core   0: 0x8000b3b0 (0x00002f17) auipc   t5, 0x2
core   0: 3 0x8000b3b0 (0x00002f17) x30 0x8000d3b0
core   0: 0x8000b3b4 (0xc43f2823) sw      gp, -944(t5)
core   0: 3 0x8000b3b4 (0xc43f2823) mem 0x8000d000 0x00000001
core   0: 0x8000b3b8 (0xff9ff06f) j       pc - 0x8
core   0: 3 0x8000b3b8 (0xff9ff06f)
core   0: 0x8000b3b0 (0x00002f17) auipc   t5, 0x2
core   0: 3 0x8000b3b0 (0x00002f17) x30 0x8000d3b0
core   0: 0x8000b3b4 (0xc43f2823) sw      gp, -944(t5)
core   0: 3 0x8000b3b4 (0xc43f2823) mem 0x8000d000 0x00000001
core   0: 0x8000b3b8 (0xff9ff06f) j       pc - 0x8
core   0: 3 0x8000b3b8 (0xff9ff06f)
core   0: 0x8000b3b0 (0x00002f17) auipc   t5, 0x2
core   0: 3 0x8000b3b0 (0x00002f17) x30 0x8000d3b0
core   0: 0x8000b3b4 (0xc43f2823) sw      gp, -944(t5)
core   0: 3 0x8000b3b4 (0xc43f2823) mem 0x8000d000 0x00000001
core   0: 0x8000b3b8 (0xff9ff06f) j       pc - 0x8
core   0: 3 0x8000b3b8 (0xff9ff06f)
core   0: 0x8000b3b0 (0x00002f17) auipc   t5, 0x2
core   0: 3 0x8000b3b0 (0x00002f17) x30 0x8000d3b0
core   0: 0x8000b3b4 (0xc43f2823) sw      gp, -944(t5)
core   0: 3 0x8000b3b4 (0xc43f2823) mem 0x8000d000 0x00000001
core   0: 0x8000b3b8 (0xff9ff06f) j       pc - 0x8
core   0: 3 0x8000b3b8 (0xff9ff06f)
core   0: 0x8000b3b0 (0x00002f17) auipc   t5, 0x2
core   0: 3 0x8000b3b0 (0x00002f17) x30 0x8000d3b0
core   0: 0x8000b3b4 (0xc43f2823) sw      gp, -944(t5)
core   0: 3 0x8000b3b4 (0xc43f2823) mem 0x8000d000 0x00000001
core   0: 0x8000b3b8 (0xff9ff06f) j       pc - 0x8
core   0: 3 0x8000b3b8 (0xff9ff06f)
core   0: 0x8000b3b0 (0x00002f17) auipc   t5, 0x2
core   0: 3 0x8000b3b0 (0x00002f17) x30 0x8000d3b0
core   0: 0x8000b3b4 (0xc43f2823) sw      gp, -944(t5)
core   0: 3 0x8000b3b4 (0xc43f2823) mem 0x8000d000 0x00000001
core   0: 0x8000b3b8 (0xff9ff06f) j       pc - 0x8
core   0: 3 0x8000b3b8 (0xff9ff06f)
core   0: 0x8000b3b0 (0x00002f17) auipc   t5, 0x2
core   0: 3 0x8000b3b0 (0x00002f17) x30 0x8000d3b0
core   0: 0x8000b3b4 (0xc43f2823) sw      gp, -944(t5)
core   0: 3 0x8000b3b4 (0xc43f2823) mem 0x8000d000 0x00000001
core   0: 0x8000b3b8 (0xff9ff06f) j       pc - 0x8
core   0: 3 0x8000b3b8 (0xff9ff06f)
core   0: 0x8000b3b0 (0x00002f17) auipc   t5, 0x2
core   0: 3 0x8000b3b0 (0x00002f17) x30 0x8000d3b0
core   0: 0x8000b3b4 (0xc43f2823) sw      gp, -944(t5)
core   0: 3 0x8000b3b4 (0xc43f2823) mem 0x8000d000 0x00000001
core   0: 0x8000b3b8 (0xff9ff06f) j       pc - 0x8
core   0: 3 0x8000b3b8 (0xff9ff06f)
core   0: 0x8000b3b0 (0x00002f17) auipc   t5, 0x2
core   0: 3 0x8000b3b0 (0x00002f17) x30 0x8000d3b0
core   0: 0x8000b3b4 (0xc43f2823) sw      gp, -944(t5)
core   0: 3 0x8000b3b4 (0xc43f2823) mem 0x8000d000 0x00000001
core   0: 0x8000b3b8 (0xff9ff06f) j       pc - 0x8
core   0: 3 0x8000b3b8 (0xff9ff06f)
core   0: 0x8000b3b0 (0x00002f17) auipc   t5, 0x2
core   0: 3 0x8000b3b0 (0x00002f17) x30 0x8000d3b0
core   0: 0x8000b3b4 (0xc43f2823) sw      gp, -944(t5)
core   0: 3 0x8000b3b4 (0xc43f2823) mem 0x8000d000 0x00000001
core   0: 0x8000b3b8 (0xff9ff06f) j       pc - 0x8
core   0: 3 0x8000b3b8 (0xff9ff06f)
core   0: 0x8000b3b0 (0x00002f17) auipc   t5, 0x2
core   0: 3 0x8000b3b0 (0x00002f17) x30 0x8000d3b0
core   0: 0x8000b3b4 (0xc43f2823) sw      gp, -944(t5)
core   0: 3 0x8000b3b4 (0xc43f2823) mem 0x8000d000 0x00000001
core   0: 0x8000b3b8 (0xff9ff06f) j       pc - 0x8
core   0: 3 0x8000b3b8 (0xff9ff06f)
core   0: 0x8000b3b0 (0x00002f17) auipc   t5, 0x2
core   0: 3 0x8000b3b0 (0x00002f17) x30 0x8000d3b0
core   0: 0x8000b3b4 (0xc43f2823) sw      gp, -944(t5)
core   0: 3 0x8000b3b4 (0xc43f2823) mem 0x8000d000 0x00000001
core   0: 0x8000b3b8 (0xff9ff06f) j       pc - 0x8
core   0: 3 0x8000b3b8 (0xff9ff06f)
core   0: 0x8000b3b0 (0x00002f17) auipc   t5, 0x2
core   0: 3 0x8000b3b0 (0x00002f17) x30 0x8000d3b0
core   0: 0x8000b3b4 (0xc43f2823) sw      gp, -944(t5)
core   0: 3 0x8000b3b4 (0xc43f2823) mem 0x8000d000 0x00000001
core   0: 0x8000b3b8 (0xff9ff06f) j       pc - 0x8
core   0: 3 0x8000b3b8 (0xff9ff06f)
core   0: 0x8000b3b0 (0x00002f17) auipc   t5, 0x2
core   0: 3 0x8000b3b0 (0x00002f17) x30 0x8000d3b0
core   0: 0x8000b3b4 (0xc43f2823) sw      gp, -944(t5)
core   0: 3 0x8000b3b4 (0xc43f2823) mem 0x8000d000 0x00000001
core   0: 0x8000b3b8 (0xff9ff06f) j       pc - 0x8
core   0: 3 0x8000b3b8 (0xff9ff06f)
core   0: 0x8000b3b0 (0x00002f17) auipc   t5, 0x2
core   0: 3 0x8000b3b0 (0x00002f17) x30 0x8000d3b0
core   0: 0x8000b3b4 (0xc43f2823) sw      gp, -944(t5)
core   0: 3 0x8000b3b4 (0xc43f2823) mem 0x8000d000 0x00000001
core   0: 0x8000b3b8 (0xff9ff06f) j       pc - 0x8
core   0: 3 0x8000b3b8 (0xff9ff06f)
core   0: 0x8000b3b0 (0x00002f17) auipc   t5, 0x2
core   0: 3 0x8000b3b0 (0x00002f17) x30 0x8000d3b0
core   0: 0x8000b3b4 (0xc43f2823) sw      gp, -944(t5)
core   0: 3 0x8000b3b4 (0xc43f2823) mem 0x8000d000 0x00000001
core   0: 0x8000b3b8 (0xff9ff06f) j       pc - 0x8
core   0: 3 0x8000b3b8 (0xff9ff06f)
core   0: 0x8000b3b0 (0x00002f17) auipc   t5, 0x2
core   0: 3 0x8000b3b0 (0x00002f17) x30 0x8000d3b0
core   0: 0x8000b3b4 (0xc43f2823) sw      gp, -944(t5)
core   0: 3 0x8000b3b4 (0xc43f2823) mem 0x8000d000 0x00000001
core   0: 0x8000b3b8 (0xff9ff06f) j       pc - 0x8
core   0: 3 0x8000b3b8 (0xff9ff06f)
core   0: 0x8000b3b0 (0x00002f17) auipc   t5, 0x2
core   0: 3 0x8000b3b0 (0x00002f17) x30 0x8000d3b0
core   0: 0x8000b3b4 (0xc43f2823) sw      gp, -944(t5)
core   0: 3 0x8000b3b4 (0xc43f2823) mem 0x8000d000 0x00000001
core   0: 0x8000b3b8 (0xff9ff06f) j       pc - 0x8
core   0: 3 0x8000b3b8 (0xff9ff06f)
core   0: 0x8000b3b0 (0x00002f17) auipc   t5, 0x2
core   0: 3 0x8000b3b0 (0x00002f17) x30 0x8000d3b0
core   0: 0x8000b3b4 (0xc43f2823) sw      gp, -944(t5)
core   0: 3 0x8000b3b4 (0xc43f2823) mem 0x8000d000 0x00000001
core   0: 0x8000b3b8 (0xff9ff06f) j       pc - 0x8
core   0: 3 0x8000b3b8 (0xff9ff06f)
core   0: 0x8000b3b0 (0x00002f17) auipc   t5, 0x2
core   0: 3 0x8000b3b0 (0x00002f17) x30 0x8000d3b0
core   0: 0x8000b3b4 (0xc43f2823) sw      gp, -944(t5)
core   0: 3 0x8000b3b4 (0xc43f2823) mem 0x8000d000 0x00000001
core   0: 0x8000b3b8 (0xff9ff06f) j       pc - 0x8
core   0: 3 0x8000b3b8 (0xff9ff06f)
core   0: 0x8000b3b0 (0x00002f17) auipc   t5, 0x2
core   0: 3 0x8000b3b0 (0x00002f17) x30 0x8000d3b0
core   0: 0x8000b3b4 (0xc43f2823) sw      gp, -944(t5)
core   0: 3 0x8000b3b4 (0xc43f2823) mem 0x8000d000 0x00000001
core   0: 0x8000b3b8 (0xff9ff06f) j       pc - 0x8
core   0: 3 0x8000b3b8 (0xff9ff06f)
core   0: 0x8000b3b0 (0x00002f17) auipc   t5, 0x2
core   0: 3 0x8000b3b0 (0x00002f17) x30 0x8000d3b0
core   0: 0x8000b3b4 (0xc43f2823) sw      gp, -944(t5)
core   0: 3 0x8000b3b4 (0xc43f2823) mem 0x8000d000 0x00000001
core   0: 0x8000b3b8 (0xff9ff06f) j       pc - 0x8
core   0: 3 0x8000b3b8 (0xff9ff06f)
core   0: 0x8000b3b0 (0x00002f17) auipc   t5, 0x2
core   0: 3 0x8000b3b0 (0x00002f17) x30 0x8000d3b0
core   0: 0x8000b3b4 (0xc43f2823) sw      gp, -944(t5)
core   0: 3 0x8000b3b4 (0xc43f2823) mem 0x8000d000 0x00000001
core   0: 0x8000b3b8 (0xff9ff06f) j       pc - 0x8
core   0: 3 0x8000b3b8 (0xff9ff06f)
core   0: 0x8000b3b0 (0x00002f17) auipc   t5, 0x2
core   0: 3 0x8000b3b0 (0x00002f17) x30 0x8000d3b0
core   0: 0x8000b3b4 (0xc43f2823) sw      gp, -944(t5)
core   0: 3 0x8000b3b4 (0xc43f2823) mem 0x8000d000 0x00000001
core   0: 0x8000b3b8 (0xff9ff06f) j       pc - 0x8
core   0: 3 0x8000b3b8 (0xff9ff06f)
core   0: 0x8000b3b0 (0x00002f17) auipc   t5, 0x2
core   0: 3 0x8000b3b0 (0x00002f17) x30 0x8000d3b0
core   0: 0x8000b3b4 (0xc43f2823) sw      gp, -944(t5)
core   0: 3 0x8000b3b4 (0xc43f2823) mem 0x8000d000 0x00000001
core   0: 0x8000b3b8 (0xff9ff06f) j       pc - 0x8
core   0: 3 0x8000b3b8 (0xff9ff06f)
core   0: 0x8000b3b0 (0x00002f17) auipc   t5, 0x2
core   0: 3 0x8000b3b0 (0x00002f17) x30 0x8000d3b0
core   0: 0x8000b3b4 (0xc43f2823) sw      gp, -944(t5)
core   0: 3 0x8000b3b4 (0xc43f2823) mem 0x8000d000 0x00000001
core   0: 0x8000b3b8 (0xff9ff06f) j       pc - 0x8
core   0: 3 0x8000b3b8 (0xff9ff06f)
core   0: 0x8000b3b0 (0x00002f17) auipc   t5, 0x2
core   0: 3 0x8000b3b0 (0x00002f17) x30 0x8000d3b0
core   0: 0x8000b3b4 (0xc43f2823) sw      gp, -944(t5)
core   0: 3 0x8000b3b4 (0xc43f2823) mem 0x8000d000 0x00000001
core   0: 0x8000b3b8 (0xff9ff06f) j       pc - 0x8
core   0: 3 0x8000b3b8 (0xff9ff06f)
core   0: 0x8000b3b0 (0x00002f17) auipc   t5, 0x2
core   0: 3 0x8000b3b0 (0x00002f17) x30 0x8000d3b0
core   0: 0x8000b3b4 (0xc43f2823) sw      gp, -944(t5)
core   0: 3 0x8000b3b4 (0xc43f2823) mem 0x8000d000 0x00000001
core   0: 0x8000b3b8 (0xff9ff06f) j       pc - 0x8
core   0: 3 0x8000b3b8 (0xff9ff06f)
core   0: 0x8000b3b0 (0x00002f17) auipc   t5, 0x2
core   0: 3 0x8000b3b0 (0x00002f17) x30 0x8000d3b0
core   0: 0x8000b3b4 (0xc43f2823) sw      gp, -944(t5)
core   0: 3 0x8000b3b4 (0xc43f2823) mem 0x8000d000 0x00000001
core   0: 0x8000b3b8 (0xff9ff06f) j       pc - 0x8
core   0: 3 0x8000b3b8 (0xff9ff06f)
core   0: 0x8000b3b0 (0x00002f17) auipc   t5, 0x2
core   0: 3 0x8000b3b0 (0x00002f17) x30 0x8000d3b0
core   0: 0x8000b3b4 (0xc43f2823) sw      gp, -944(t5)
core   0: 3 0x8000b3b4 (0xc43f2823) mem 0x8000d000 0x00000001
core   0: 0x8000b3b8 (0xff9ff06f) j       pc - 0x8
core   0: 3 0x8000b3b8 (0xff9ff06f)
core   0: 0x8000b3b0 (0x00002f17) auipc   t5, 0x2
core   0: 3 0x8000b3b0 (0x00002f17) x30 0x8000d3b0
core   0: 0x8000b3b4 (0xc43f2823) sw      gp, -944(t5)
core   0: 3 0x8000b3b4 (0xc43f2823) mem 0x8000d000 0x00000001
core   0: 0x8000b3b8 (0xff9ff06f) j       pc - 0x8
core   0: 3 0x8000b3b8 (0xff9ff06f)
core   0: 0x8000b3b0 (0x00002f17) auipc   t5, 0x2
core   0: 3 0x8000b3b0 (0x00002f17) x30 0x8000d3b0
core   0: 0x8000b3b4 (0xc43f2823) sw      gp, -944(t5)
core   0: 3 0x8000b3b4 (0xc43f2823) mem 0x8000d000 0x00000001
core   0: 0x8000b3b8 (0xff9ff06f) j       pc - 0x8
core   0: 3 0x8000b3b8 (0xff9ff06f)
core   0: 0x8000b3b0 (0x00002f17) auipc   t5, 0x2
core   0: 3 0x8000b3b0 (0x00002f17) x30 0x8000d3b0
core   0: 0x8000b3b4 (0xc43f2823) sw      gp, -944(t5)
core   0: 3 0x8000b3b4 (0xc43f2823) mem 0x8000d000 0x00000001
core   0: 0x8000b3b8 (0xff9ff06f) j       pc - 0x8
core   0: 3 0x8000b3b8 (0xff9ff06f)
core   0: 0x8000b3b0 (0x00002f17) auipc   t5, 0x2
core   0: 3 0x8000b3b0 (0x00002f17) x30 0x8000d3b0
core   0: 0x8000b3b4 (0xc43f2823) sw      gp, -944(t5)
core   0: 3 0x8000b3b4 (0xc43f2823) mem 0x8000d000 0x00000001
core   0: 0x8000b3b8 (0xff9ff06f) j       pc - 0x8
core   0: 3 0x8000b3b8 (0xff9ff06f)
core   0: 0x8000b3b0 (0x00002f17) auipc   t5, 0x2
core   0: 3 0x8000b3b0 (0x00002f17) x30 0x8000d3b0
core   0: 0x8000b3b4 (0xc43f2823) sw      gp, -944(t5)
core   0: 3 0x8000b3b4 (0xc43f2823) mem 0x8000d000 0x00000001
core   0: 0x8000b3b8 (0xff9ff06f) j       pc - 0x8
core   0: 3 0x8000b3b8 (0xff9ff06f)
core   0: 0x8000b3b0 (0x00002f17) auipc   t5, 0x2
core   0: 3 0x8000b3b0 (0x00002f17) x30 0x8000d3b0
core   0: 0x8000b3b4 (0xc43f2823) sw      gp, -944(t5)
core   0: 3 0x8000b3b4 (0xc43f2823) mem 0x8000d000 0x00000001
core   0: 0x8000b3b8 (0xff9ff06f) j       pc - 0x8
core   0: 3 0x8000b3b8 (0xff9ff06f)
core   0: 0x8000b3b0 (0x00002f17) auipc   t5, 0x2
core   0: 3 0x8000b3b0 (0x00002f17) x30 0x8000d3b0
core   0: 0x8000b3b4 (0xc43f2823) sw      gp, -944(t5)
core   0: 3 0x8000b3b4 (0xc43f2823) mem 0x8000d000 0x00000001
core   0: 0x8000b3b8 (0xff9ff06f) j       pc - 0x8
core   0: 3 0x8000b3b8 (0xff9ff06f)
core   0: 0x8000b3b0 (0x00002f17) auipc   t5, 0x2
core   0: 3 0x8000b3b0 (0x00002f17) x30 0x8000d3b0
core   0: 0x8000b3b4 (0xc43f2823) sw      gp, -944(t5)
core   0: 3 0x8000b3b4 (0xc43f2823) mem 0x8000d000 0x00000001
core   0: 0x8000b3b8 (0xff9ff06f) j       pc - 0x8
core   0: 3 0x8000b3b8 (0xff9ff06f)
core   0: 0x8000b3b0 (0x00002f17) auipc   t5, 0x2
core   0: 3 0x8000b3b0 (0x00002f17) x30 0x8000d3b0
core   0: 0x8000b3b4 (0xc43f2823) sw      gp, -944(t5)
core   0: 3 0x8000b3b4 (0xc43f2823) mem 0x8000d000 0x00000001
core   0: 0x8000b3b8 (0xff9ff06f) j       pc - 0x8
core   0: 3 0x8000b3b8 (0xff9ff06f)
core   0: 0x8000b3b0 (0x00002f17) auipc   t5, 0x2
core   0: 3 0x8000b3b0 (0x00002f17) x30 0x8000d3b0
core   0: 0x8000b3b4 (0xc43f2823) sw      gp, -944(t5)
core   0: 3 0x8000b3b4 (0xc43f2823) mem 0x8000d000 0x00000001
core   0: 0x8000b3b8 (0xff9ff06f) j       pc - 0x8
core   0: 3 0x8000b3b8 (0xff9ff06f)
core   0: 0x8000b3b0 (0x00002f17) auipc   t5, 0x2
core   0: 3 0x8000b3b0 (0x00002f17) x30 0x8000d3b0
core   0: 0x8000b3b4 (0xc43f2823) sw      gp, -944(t5)
core   0: 3 0x8000b3b4 (0xc43f2823) mem 0x8000d000 0x00000001
core   0: 0x8000b3b8 (0xff9ff06f) j       pc - 0x8
core   0: 3 0x8000b3b8 (0xff9ff06f)
core   0: 0x8000b3b0 (0x00002f17) auipc   t5, 0x2
core   0: 3 0x8000b3b0 (0x00002f17) x30 0x8000d3b0
core   0: 0x8000b3b4 (0xc43f2823) sw      gp, -944(t5)
core   0: 3 0x8000b3b4 (0xc43f2823) mem 0x8000d000 0x00000001
core   0: 0x8000b3b8 (0xff9ff06f) j       pc - 0x8
core   0: 3 0x8000b3b8 (0xff9ff06f)
core   0: 0x8000b3b0 (0x00002f17) auipc   t5, 0x2
core   0: 3 0x8000b3b0 (0x00002f17) x30 0x8000d3b0
core   0: 0x8000b3b4 (0xc43f2823) sw      gp, -944(t5)
core   0: 3 0x8000b3b4 (0xc43f2823) mem 0x8000d000 0x00000001
core   0: 0x8000b3b8 (0xff9ff06f) j       pc - 0x8
core   0: 3 0x8000b3b8 (0xff9ff06f)
core   0: 0x8000b3b0 (0x00002f17) auipc   t5, 0x2
core   0: 3 0x8000b3b0 (0x00002f17) x30 0x8000d3b0
core   0: 0x8000b3b4 (0xc43f2823) sw      gp, -944(t5)
core   0: 3 0x8000b3b4 (0xc43f2823) mem 0x8000d000 0x00000001
core   0: 0x8000b3b8 (0xff9ff06f) j       pc - 0x8
core   0: 3 0x8000b3b8 (0xff9ff06f)
core   0: 0x8000b3b0 (0x00002f17) auipc   t5, 0x2
core   0: 3 0x8000b3b0 (0x00002f17) x30 0x8000d3b0
core   0: 0x8000b3b4 (0xc43f2823) sw      gp, -944(t5)
core   0: 3 0x8000b3b4 (0xc43f2823) mem 0x8000d000 0x00000001
core   0: 0x8000b3b8 (0xff9ff06f) j       pc - 0x8
core   0: 3 0x8000b3b8 (0xff9ff06f)
core   0: 0x8000b3b0 (0x00002f17) auipc   t5, 0x2
core   0: 3 0x8000b3b0 (0x00002f17) x30 0x8000d3b0
core   0: 0x8000b3b4 (0xc43f2823) sw      gp, -944(t5)
core   0: 3 0x8000b3b4 (0xc43f2823) mem 0x8000d000 0x00000001
core   0: 0x8000b3b8 (0xff9ff06f) j       pc - 0x8
core   0: 3 0x8000b3b8 (0xff9ff06f)
core   0: 0x8000b3b0 (0x00002f17) auipc   t5, 0x2
core   0: 3 0x8000b3b0 (0x00002f17) x30 0x8000d3b0
core   0: 0x8000b3b4 (0xc43f2823) sw      gp, -944(t5)
core   0: 3 0x8000b3b4 (0xc43f2823) mem 0x8000d000 0x00000001
core   0: 0x8000b3b8 (0xff9ff06f) j       pc - 0x8
core   0: 3 0x8000b3b8 (0xff9ff06f)
core   0: 0x8000b3b0 (0x00002f17) auipc   t5, 0x2
core   0: 3 0x8000b3b0 (0x00002f17) x30 0x8000d3b0
core   0: 0x8000b3b4 (0xc43f2823) sw      gp, -944(t5)
core   0: 3 0x8000b3b4 (0xc43f2823) mem 0x8000d000 0x00000001
core   0: 0x8000b3b8 (0xff9ff06f) j       pc - 0x8
core   0: 3 0x8000b3b8 (0xff9ff06f)
core   0: 0x8000b3b0 (0x00002f17) auipc   t5, 0x2
core   0: 3 0x8000b3b0 (0x00002f17) x30 0x8000d3b0
core   0: 0x8000b3b4 (0xc43f2823) sw      gp, -944(t5)
core   0: 3 0x8000b3b4 (0xc43f2823) mem 0x8000d000 0x00000001
core   0: 0x8000b3b8 (0xff9ff06f) j       pc - 0x8
core   0: 3 0x8000b3b8 (0xff9ff06f)
core   0: 0x8000b3b0 (0x00002f17) auipc   t5, 0x2
core   0: 3 0x8000b3b0 (0x00002f17) x30 0x8000d3b0
core   0: 0x8000b3b4 (0xc43f2823) sw      gp, -944(t5)
core   0: 3 0x8000b3b4 (0xc43f2823) mem 0x8000d000 0x00000001
core   0: 0x8000b3b8 (0xff9ff06f) j       pc - 0x8
core   0: 3 0x8000b3b8 (0xff9ff06f)
core   0: 0x8000b3b0 (0x00002f17) auipc   t5, 0x2
core   0: 3 0x8000b3b0 (0x00002f17) x30 0x8000d3b0
core   0: 0x8000b3b4 (0xc43f2823) sw      gp, -944(t5)
core   0: 3 0x8000b3b4 (0xc43f2823) mem 0x8000d000 0x00000001
core   0: 0x8000b3b8 (0xff9ff06f) j       pc - 0x8
core   0: 3 0x8000b3b8 (0xff9ff06f)
core   0: 0x8000b3b0 (0x00002f17) auipc   t5, 0x2
core   0: 3 0x8000b3b0 (0x00002f17) x30 0x8000d3b0
core   0: 0x8000b3b4 (0xc43f2823) sw      gp, -944(t5)
core   0: 3 0x8000b3b4 (0xc43f2823) mem 0x8000d000 0x00000001
core   0: 0x8000b3b8 (0xff9ff06f) j       pc - 0x8
core   0: 3 0x8000b3b8 (0xff9ff06f)
core   0: 0x8000b3b0 (0x00002f17) auipc   t5, 0x2
core   0: 3 0x8000b3b0 (0x00002f17) x30 0x8000d3b0
core   0: 0x8000b3b4 (0xc43f2823) sw      gp, -944(t5)
core   0: 3 0x8000b3b4 (0xc43f2823) mem 0x8000d000 0x00000001
core   0: 0x8000b3b8 (0xff9ff06f) j       pc - 0x8
core   0: 3 0x8000b3b8 (0xff9ff06f)
core   0: 0x8000b3b0 (0x00002f17) auipc   t5, 0x2
core   0: 3 0x8000b3b0 (0x00002f17) x30 0x8000d3b0
core   0: 0x8000b3b4 (0xc43f2823) sw      gp, -944(t5)
core   0: 3 0x8000b3b4 (0xc43f2823) mem 0x8000d000 0x00000001
core   0: 0x8000b3b8 (0xff9ff06f) j       pc - 0x8
core   0: 3 0x8000b3b8 (0xff9ff06f)
core   0: 0x8000b3b0 (0x00002f17) auipc   t5, 0x2
core   0: 3 0x8000b3b0 (0x00002f17) x30 0x8000d3b0
core   0: 0x8000b3b4 (0xc43f2823) sw      gp, -944(t5)
core   0: 3 0x8000b3b4 (0xc43f2823) mem 0x8000d000 0x00000001
core   0: 0x8000b3b8 (0xff9ff06f) j       pc - 0x8
core   0: 3 0x8000b3b8 (0xff9ff06f)
core   0: 0x8000b3b0 (0x00002f17) auipc   t5, 0x2
core   0: 3 0x8000b3b0 (0x00002f17) x30 0x8000d3b0
core   0: 0x8000b3b4 (0xc43f2823) sw      gp, -944(t5)
core   0: 3 0x8000b3b4 (0xc43f2823) mem 0x8000d000 0x00000001
core   0: 0x8000b3b8 (0xff9ff06f) j       pc - 0x8
core   0: 3 0x8000b3b8 (0xff9ff06f)
core   0: 0x8000b3b0 (0x00002f17) auipc   t5, 0x2
core   0: 3 0x8000b3b0 (0x00002f17) x30 0x8000d3b0
core   0: 0x8000b3b4 (0xc43f2823) sw      gp, -944(t5)
core   0: 3 0x8000b3b4 (0xc43f2823) mem 0x8000d000 0x00000001
core   0: 0x8000b3b8 (0xff9ff06f) j       pc - 0x8
core   0: 3 0x8000b3b8 (0xff9ff06f)
core   0: 0x8000b3b0 (0x00002f17) auipc   t5, 0x2
core   0: 3 0x8000b3b0 (0x00002f17) x30 0x8000d3b0
core   0: 0x8000b3b4 (0xc43f2823) sw      gp, -944(t5)
core   0: 3 0x8000b3b4 (0xc43f2823) mem 0x8000d000 0x00000001
core   0: 0x8000b3b8 (0xff9ff06f) j       pc - 0x8
core   0: 3 0x8000b3b8 (0xff9ff06f)
core   0: 0x8000b3b0 (0x00002f17) auipc   t5, 0x2
core   0: 3 0x8000b3b0 (0x00002f17) x30 0x8000d3b0
core   0: 0x8000b3b4 (0xc43f2823) sw      gp, -944(t5)
core   0: 3 0x8000b3b4 (0xc43f2823) mem 0x8000d000 0x00000001
core   0: 0x8000b3b8 (0xff9ff06f) j       pc - 0x8
core   0: 3 0x8000b3b8 (0xff9ff06f)
core   0: 0x8000b3b0 (0x00002f17) auipc   t5, 0x2
core   0: 3 0x8000b3b0 (0x00002f17) x30 0x8000d3b0
core   0: 0x8000b3b4 (0xc43f2823) sw      gp, -944(t5)
core   0: 3 0x8000b3b4 (0xc43f2823) mem 0x8000d000 0x00000001
core   0: 0x8000b3b8 (0xff9ff06f) j       pc - 0x8
core   0: 3 0x8000b3b8 (0xff9ff06f)
core   0: 0x8000b3b0 (0x00002f17) auipc   t5, 0x2
core   0: 3 0x8000b3b0 (0x00002f17) x30 0x8000d3b0
core   0: 0x8000b3b4 (0xc43f2823) sw      gp, -944(t5)
core   0: 3 0x8000b3b4 (0xc43f2823) mem 0x8000d000 0x00000001
core   0: 0x8000b3b8 (0xff9ff06f) j       pc - 0x8
core   0: 3 0x8000b3b8 (0xff9ff06f)
core   0: 0x8000b3b0 (0x00002f17) auipc   t5, 0x2
core   0: 3 0x8000b3b0 (0x00002f17) x30 0x8000d3b0
core   0: 0x8000b3b4 (0xc43f2823) sw      gp, -944(t5)
core   0: 3 0x8000b3b4 (0xc43f2823) mem 0x8000d000 0x00000001
core   0: 0x8000b3b8 (0xff9ff06f) j       pc - 0x8
core   0: 3 0x8000b3b8 (0xff9ff06f)
core   0: 0x8000b3b0 (0x00002f17) auipc   t5, 0x2
core   0: 3 0x8000b3b0 (0x00002f17) x30 0x8000d3b0
core   0: 0x8000b3b4 (0xc43f2823) sw      gp, -944(t5)
core   0: 3 0x8000b3b4 (0xc43f2823) mem 0x8000d000 0x00000001
core   0: 0x8000b3b8 (0xff9ff06f) j       pc - 0x8
core   0: 3 0x8000b3b8 (0xff9ff06f)
core   0: 0x8000b3b0 (0x00002f17) auipc   t5, 0x2
core   0: 3 0x8000b3b0 (0x00002f17) x30 0x8000d3b0
core   0: 0x8000b3b4 (0xc43f2823) sw      gp, -944(t5)
core   0: 3 0x8000b3b4 (0xc43f2823) mem 0x8000d000 0x00000001
core   0: 0x8000b3b8 (0xff9ff06f) j       pc - 0x8
core   0: 3 0x8000b3b8 (0xff9ff06f)
core   0: 0x8000b3b0 (0x00002f17) auipc   t5, 0x2
core   0: 3 0x8000b3b0 (0x00002f17) x30 0x8000d3b0
core   0: 0x8000b3b4 (0xc43f2823) sw      gp, -944(t5)
core   0: 3 0x8000b3b4 (0xc43f2823) mem 0x8000d000 0x00000001
core   0: 0x8000b3b8 (0xff9ff06f) j       pc - 0x8
core   0: 3 0x8000b3b8 (0xff9ff06f)
core   0: 0x8000b3b0 (0x00002f17) auipc   t5, 0x2
core   0: 3 0x8000b3b0 (0x00002f17) x30 0x8000d3b0
core   0: 0x8000b3b4 (0xc43f2823) sw      gp, -944(t5)
core   0: 3 0x8000b3b4 (0xc43f2823) mem 0x8000d000 0x00000001
core   0: 0x8000b3b8 (0xff9ff06f) j       pc - 0x8
core   0: 3 0x8000b3b8 (0xff9ff06f)
core   0: 0x8000b3b0 (0x00002f17) auipc   t5, 0x2
core   0: 3 0x8000b3b0 (0x00002f17) x30 0x8000d3b0
core   0: 0x8000b3b4 (0xc43f2823) sw      gp, -944(t5)
core   0: 3 0x8000b3b4 (0xc43f2823) mem 0x8000d000 0x00000001
core   0: 0x8000b3b8 (0xff9ff06f) j       pc - 0x8
core   0: 3 0x8000b3b8 (0xff9ff06f)
core   0: 0x8000b3b0 (0x00002f17) auipc   t5, 0x2
core   0: 3 0x8000b3b0 (0x00002f17) x30 0x8000d3b0
core   0: 0x8000b3b4 (0xc43f2823) sw      gp, -944(t5)
core   0: 3 0x8000b3b4 (0xc43f2823) mem 0x8000d000 0x00000001
core   0: 0x8000b3b8 (0xff9ff06f) j       pc - 0x8
core   0: 3 0x8000b3b8 (0xff9ff06f)
core   0: 0x8000b3b0 (0x00002f17) auipc   t5, 0x2
core   0: 3 0x8000b3b0 (0x00002f17) x30 0x8000d3b0
core   0: 0x8000b3b4 (0xc43f2823) sw      gp, -944(t5)
core   0: 3 0x8000b3b4 (0xc43f2823) mem 0x8000d000 0x00000001
core   0: 0x8000b3b8 (0xff9ff06f) j       pc - 0x8
core   0: 3 0x8000b3b8 (0xff9ff06f)
core   0: 0x8000b3b0 (0x00002f17) auipc   t5, 0x2
core   0: 3 0x8000b3b0 (0x00002f17) x30 0x8000d3b0
core   0: 0x8000b3b4 (0xc43f2823) sw      gp, -944(t5)
core   0: 3 0x8000b3b4 (0xc43f2823) mem 0x8000d000 0x00000001
core   0: 0x8000b3b8 (0xff9ff06f) j       pc - 0x8
core   0: 3 0x8000b3b8 (0xff9ff06f)
core   0: 0x8000b3b0 (0x00002f17) auipc   t5, 0x2
core   0: 3 0x8000b3b0 (0x00002f17) x30 0x8000d3b0
core   0: 0x8000b3b4 (0xc43f2823) sw      gp, -944(t5)
core   0: 3 0x8000b3b4 (0xc43f2823) mem 0x8000d000 0x00000001
core   0: 0x8000b3b8 (0xff9ff06f) j       pc - 0x8
core   0: 3 0x8000b3b8 (0xff9ff06f)
core   0: 0x8000b3b0 (0x00002f17) auipc   t5, 0x2
core   0: 3 0x8000b3b0 (0x00002f17) x30 0x8000d3b0
core   0: 0x8000b3b4 (0xc43f2823) sw      gp, -944(t5)
core   0: 3 0x8000b3b4 (0xc43f2823) mem 0x8000d000 0x00000001
core   0: 0x8000b3b8 (0xff9ff06f) j       pc - 0x8
core   0: 3 0x8000b3b8 (0xff9ff06f)
core   0: 0x8000b3b0 (0x00002f17) auipc   t5, 0x2
core   0: 3 0x8000b3b0 (0x00002f17) x30 0x8000d3b0
core   0: 0x8000b3b4 (0xc43f2823) sw      gp, -944(t5)
core   0: 3 0x8000b3b4 (0xc43f2823) mem 0x8000d000 0x00000001
core   0: 0x8000b3b8 (0xff9ff06f) j       pc - 0x8
core   0: 3 0x8000b3b8 (0xff9ff06f)
core   0: 0x8000b3b0 (0x00002f17) auipc   t5, 0x2
core   0: 3 0x8000b3b0 (0x00002f17) x30 0x8000d3b0
core   0: 0x8000b3b4 (0xc43f2823) sw      gp, -944(t5)
core   0: 3 0x8000b3b4 (0xc43f2823) mem 0x8000d000 0x00000001
core   0: 0x8000b3b8 (0xff9ff06f) j       pc - 0x8
core   0: 3 0x8000b3b8 (0xff9ff06f)
core   0: 0x8000b3b0 (0x00002f17) auipc   t5, 0x2
core   0: 3 0x8000b3b0 (0x00002f17) x30 0x8000d3b0
core   0: 0x8000b3b4 (0xc43f2823) sw      gp, -944(t5)
core   0: 3 0x8000b3b4 (0xc43f2823) mem 0x8000d000 0x00000001
core   0: 0x8000b3b8 (0xff9ff06f) j       pc - 0x8
core   0: 3 0x8000b3b8 (0xff9ff06f)
core   0: 0x8000b3b0 (0x00002f17) auipc   t5, 0x2
core   0: 3 0x8000b3b0 (0x00002f17) x30 0x8000d3b0
core   0: 0x8000b3b4 (0xc43f2823) sw      gp, -944(t5)
core   0: 3 0x8000b3b4 (0xc43f2823) mem 0x8000d000 0x00000001
core   0: 0x8000b3b8 (0xff9ff06f) j       pc - 0x8
core   0: 3 0x8000b3b8 (0xff9ff06f)
core   0: 0x8000b3b0 (0x00002f17) auipc   t5, 0x2
core   0: 3 0x8000b3b0 (0x00002f17) x30 0x8000d3b0
core   0: 0x8000b3b4 (0xc43f2823) sw      gp, -944(t5)
core   0: 3 0x8000b3b4 (0xc43f2823) mem 0x8000d000 0x00000001
core   0: 0x8000b3b8 (0xff9ff06f) j       pc - 0x8
core   0: 3 0x8000b3b8 (0xff9ff06f)
core   0: 0x8000b3b0 (0x00002f17) auipc   t5, 0x2
core   0: 3 0x8000b3b0 (0x00002f17) x30 0x8000d3b0
core   0: 0x8000b3b4 (0xc43f2823) sw      gp, -944(t5)
core   0: 3 0x8000b3b4 (0xc43f2823) mem 0x8000d000 0x00000001
core   0: 0x8000b3b8 (0xff9ff06f) j       pc - 0x8
core   0: 3 0x8000b3b8 (0xff9ff06f)
core   0: 0x8000b3b0 (0x00002f17) auipc   t5, 0x2
core   0: 3 0x8000b3b0 (0x00002f17) x30 0x8000d3b0
core   0: 0x8000b3b4 (0xc43f2823) sw      gp, -944(t5)
core   0: 3 0x8000b3b4 (0xc43f2823) mem 0x8000d000 0x00000001
core   0: 0x8000b3b8 (0xff9ff06f) j       pc - 0x8
core   0: 3 0x8000b3b8 (0xff9ff06f)
core   0: 0x8000b3b0 (0x00002f17) auipc   t5, 0x2
core   0: 3 0x8000b3b0 (0x00002f17) x30 0x8000d3b0
core   0: 0x8000b3b4 (0xc43f2823) sw      gp, -944(t5)
core   0: 3 0x8000b3b4 (0xc43f2823) mem 0x8000d000 0x00000001
core   0: 0x8000b3b8 (0xff9ff06f) j       pc - 0x8
core   0: 3 0x8000b3b8 (0xff9ff06f)
core   0: 0x8000b3b0 (0x00002f17) auipc   t5, 0x2
core   0: 3 0x8000b3b0 (0x00002f17) x30 0x8000d3b0
core   0: 0x8000b3b4 (0xc43f2823) sw      gp, -944(t5)
core   0: 3 0x8000b3b4 (0xc43f2823) mem 0x8000d000 0x00000001
core   0: 0x8000b3b8 (0xff9ff06f) j       pc - 0x8
core   0: 3 0x8000b3b8 (0xff9ff06f)
core   0: 0x8000b3b0 (0x00002f17) auipc   t5, 0x2
core   0: 3 0x8000b3b0 (0x00002f17) x30 0x8000d3b0
core   0: 0x8000b3b4 (0xc43f2823) sw      gp, -944(t5)
core   0: 3 0x8000b3b4 (0xc43f2823) mem 0x8000d000 0x00000001
core   0: 0x8000b3b8 (0xff9ff06f) j       pc - 0x8
core   0: 3 0x8000b3b8 (0xff9ff06f)
core   0: 0x8000b3b0 (0x00002f17) auipc   t5, 0x2
core   0: 3 0x8000b3b0 (0x00002f17) x30 0x8000d3b0
core   0: 0x8000b3b4 (0xc43f2823) sw      gp, -944(t5)
core   0: 3 0x8000b3b4 (0xc43f2823) mem 0x8000d000 0x00000001
core   0: 0x8000b3b8 (0xff9ff06f) j       pc - 0x8
core   0: 3 0x8000b3b8 (0xff9ff06f)
core   0: 0x8000b3b0 (0x00002f17) auipc   t5, 0x2
core   0: 3 0x8000b3b0 (0x00002f17) x30 0x8000d3b0
core   0: 0x8000b3b4 (0xc43f2823) sw      gp, -944(t5)
core   0: 3 0x8000b3b4 (0xc43f2823) mem 0x8000d000 0x00000001
core   0: 0x8000b3b8 (0xff9ff06f) j       pc - 0x8
core   0: 3 0x8000b3b8 (0xff9ff06f)
core   0: 0x8000b3b0 (0x00002f17) auipc   t5, 0x2
core   0: 3 0x8000b3b0 (0x00002f17) x30 0x8000d3b0
core   0: 0x8000b3b4 (0xc43f2823) sw      gp, -944(t5)
core   0: 3 0x8000b3b4 (0xc43f2823) mem 0x8000d000 0x00000001
core   0: 0x8000b3b8 (0xff9ff06f) j       pc - 0x8
core   0: 3 0x8000b3b8 (0xff9ff06f)
core   0: 0x8000b3b0 (0x00002f17) auipc   t5, 0x2
core   0: 3 0x8000b3b0 (0x00002f17) x30 0x8000d3b0
core   0: 0x8000b3b4 (0xc43f2823) sw      gp, -944(t5)
core   0: 3 0x8000b3b4 (0xc43f2823) mem 0x8000d000 0x00000001
core   0: 0x8000b3b8 (0xff9ff06f) j       pc - 0x8
core   0: 3 0x8000b3b8 (0xff9ff06f)
core   0: 0x8000b3b0 (0x00002f17) auipc   t5, 0x2
core   0: 3 0x8000b3b0 (0x00002f17) x30 0x8000d3b0
core   0: 0x8000b3b4 (0xc43f2823) sw      gp, -944(t5)
core   0: 3 0x8000b3b4 (0xc43f2823) mem 0x8000d000 0x00000001
core   0: 0x8000b3b8 (0xff9ff06f) j       pc - 0x8
core   0: 3 0x8000b3b8 (0xff9ff06f)
core   0: 0x8000b3b0 (0x00002f17) auipc   t5, 0x2
core   0: 3 0x8000b3b0 (0x00002f17) x30 0x8000d3b0
core   0: 0x8000b3b4 (0xc43f2823) sw      gp, -944(t5)
core   0: 3 0x8000b3b4 (0xc43f2823) mem 0x8000d000 0x00000001
core   0: 0x8000b3b8 (0xff9ff06f) j       pc - 0x8
core   0: 3 0x8000b3b8 (0xff9ff06f)
core   0: 0x8000b3b0 (0x00002f17) auipc   t5, 0x2
core   0: 3 0x8000b3b0 (0x00002f17) x30 0x8000d3b0
core   0: 0x8000b3b4 (0xc43f2823) sw      gp, -944(t5)
core   0: 3 0x8000b3b4 (0xc43f2823) mem 0x8000d000 0x00000001
core   0: 0x8000b3b8 (0xff9ff06f) j       pc - 0x8
core   0: 3 0x8000b3b8 (0xff9ff06f)
core   0: 0x8000b3b0 (0x00002f17) auipc   t5, 0x2
core   0: 3 0x8000b3b0 (0x00002f17) x30 0x8000d3b0
core   0: 0x8000b3b4 (0xc43f2823) sw      gp, -944(t5)
core   0: 3 0x8000b3b4 (0xc43f2823) mem 0x8000d000 0x00000001
core   0: 0x8000b3b8 (0xff9ff06f) j       pc - 0x8
core   0: 3 0x8000b3b8 (0xff9ff06f)
core   0: 0x8000b3b0 (0x00002f17) auipc   t5, 0x2
core   0: 3 0x8000b3b0 (0x00002f17) x30 0x8000d3b0
core   0: 0x8000b3b4 (0xc43f2823) sw      gp, -944(t5)
core   0: 3 0x8000b3b4 (0xc43f2823) mem 0x8000d000 0x00000001
core   0: 0x8000b3b8 (0xff9ff06f) j       pc - 0x8
core   0: 3 0x8000b3b8 (0xff9ff06f)
core   0: 0x8000b3b0 (0x00002f17) auipc   t5, 0x2
core   0: 3 0x8000b3b0 (0x00002f17) x30 0x8000d3b0
core   0: 0x8000b3b4 (0xc43f2823) sw      gp, -944(t5)
core   0: 3 0x8000b3b4 (0xc43f2823) mem 0x8000d000 0x00000001
core   0: 0x8000b3b8 (0xff9ff06f) j       pc - 0x8
core   0: 3 0x8000b3b8 (0xff9ff06f)
core   0: 0x8000b3b0 (0x00002f17) auipc   t5, 0x2
core   0: 3 0x8000b3b0 (0x00002f17) x30 0x8000d3b0
core   0: 0x8000b3b4 (0xc43f2823) sw      gp, -944(t5)
core   0: 3 0x8000b3b4 (0xc43f2823) mem 0x8000d000 0x00000001
core   0: 0x8000b3b8 (0xff9ff06f) j       pc - 0x8
core   0: 3 0x8000b3b8 (0xff9ff06f)
core   0: 0x8000b3b0 (0x00002f17) auipc   t5, 0x2
core   0: 3 0x8000b3b0 (0x00002f17) x30 0x8000d3b0
core   0: 0x8000b3b4 (0xc43f2823) sw      gp, -944(t5)
core   0: 3 0x8000b3b4 (0xc43f2823) mem 0x8000d000 0x00000001
core   0: 0x8000b3b8 (0xff9ff06f) j       pc - 0x8
core   0: 3 0x8000b3b8 (0xff9ff06f)
core   0: 0x8000b3b0 (0x00002f17) auipc   t5, 0x2
core   0: 3 0x8000b3b0 (0x00002f17) x30 0x8000d3b0
core   0: 0x8000b3b4 (0xc43f2823) sw      gp, -944(t5)
core   0: 3 0x8000b3b4 (0xc43f2823) mem 0x8000d000 0x00000001
core   0: 0x8000b3b8 (0xff9ff06f) j       pc - 0x8
core   0: 3 0x8000b3b8 (0xff9ff06f)
core   0: 0x8000b3b0 (0x00002f17) auipc   t5, 0x2
core   0: 3 0x8000b3b0 (0x00002f17) x30 0x8000d3b0
core   0: 0x8000b3b4 (0xc43f2823) sw      gp, -944(t5)
core   0: 3 0x8000b3b4 (0xc43f2823) mem 0x8000d000 0x00000001
core   0: 0x8000b3b8 (0xff9ff06f) j       pc - 0x8
core   0: 3 0x8000b3b8 (0xff9ff06f)
core   0: 0x8000b3b0 (0x00002f17) auipc   t5, 0x2
core   0: 3 0x8000b3b0 (0x00002f17) x30 0x8000d3b0
core   0: 0x8000b3b4 (0xc43f2823) sw      gp, -944(t5)
core   0: 3 0x8000b3b4 (0xc43f2823) mem 0x8000d000 0x00000001
core   0: 0x8000b3b8 (0xff9ff06f) j       pc - 0x8
core   0: 3 0x8000b3b8 (0xff9ff06f)
core   0: 0x8000b3b0 (0x00002f17) auipc   t5, 0x2
core   0: 3 0x8000b3b0 (0x00002f17) x30 0x8000d3b0
core   0: 0x8000b3b4 (0xc43f2823) sw      gp, -944(t5)
core   0: 3 0x8000b3b4 (0xc43f2823) mem 0x8000d000 0x00000001
core   0: 0x8000b3b8 (0xff9ff06f) j       pc - 0x8
core   0: 3 0x8000b3b8 (0xff9ff06f)
core   0: 0x8000b3b0 (0x00002f17) auipc   t5, 0x2
core   0: 3 0x8000b3b0 (0x00002f17) x30 0x8000d3b0
core   0: 0x8000b3b4 (0xc43f2823) sw      gp, -944(t5)
core   0: 3 0x8000b3b4 (0xc43f2823) mem 0x8000d000 0x00000001
core   0: 0x8000b3b8 (0xff9ff06f) j       pc - 0x8
core   0: 3 0x8000b3b8 (0xff9ff06f)
core   0: 0x8000b3b0 (0x00002f17) auipc   t5, 0x2
core   0: 3 0x8000b3b0 (0x00002f17) x30 0x8000d3b0
core   0: 0x8000b3b4 (0xc43f2823) sw      gp, -944(t5)
core   0: 3 0x8000b3b4 (0xc43f2823) mem 0x8000d000 0x00000001
core   0: 0x8000b3b8 (0xff9ff06f) j       pc - 0x8
core   0: 3 0x8000b3b8 (0xff9ff06f)
core   0: 0x8000b3b0 (0x00002f17) auipc   t5, 0x2
core   0: 3 0x8000b3b0 (0x00002f17) x30 0x8000d3b0
core   0: 0x8000b3b4 (0xc43f2823) sw      gp, -944(t5)
core   0: 3 0x8000b3b4 (0xc43f2823) mem 0x8000d000 0x00000001
core   0: 0x8000b3b8 (0xff9ff06f) j       pc - 0x8
core   0: 3 0x8000b3b8 (0xff9ff06f)
core   0: 0x8000b3b0 (0x00002f17) auipc   t5, 0x2
core   0: 3 0x8000b3b0 (0x00002f17) x30 0x8000d3b0
core   0: 0x8000b3b4 (0xc43f2823) sw      gp, -944(t5)
core   0: 3 0x8000b3b4 (0xc43f2823) mem 0x8000d000 0x00000001
core   0: 0x8000b3b8 (0xff9ff06f) j       pc - 0x8
core   0: 3 0x8000b3b8 (0xff9ff06f)
core   0: 0x8000b3b0 (0x00002f17) auipc   t5, 0x2
core   0: 3 0x8000b3b0 (0x00002f17) x30 0x8000d3b0
core   0: 0x8000b3b4 (0xc43f2823) sw      gp, -944(t5)
core   0: 3 0x8000b3b4 (0xc43f2823) mem 0x8000d000 0x00000001
core   0: 0x8000b3b8 (0xff9ff06f) j       pc - 0x8
core   0: 3 0x8000b3b8 (0xff9ff06f)
core   0: 0x8000b3b0 (0x00002f17) auipc   t5, 0x2
core   0: 3 0x8000b3b0 (0x00002f17) x30 0x8000d3b0
core   0: 0x8000b3b4 (0xc43f2823) sw      gp, -944(t5)
core   0: 3 0x8000b3b4 (0xc43f2823) mem 0x8000d000 0x00000001
core   0: 0x8000b3b8 (0xff9ff06f) j       pc - 0x8
core   0: 3 0x8000b3b8 (0xff9ff06f)
core   0: 0x8000b3b0 (0x00002f17) auipc   t5, 0x2
core   0: 3 0x8000b3b0 (0x00002f17) x30 0x8000d3b0
core   0: 0x8000b3b4 (0xc43f2823) sw      gp, -944(t5)
core   0: 3 0x8000b3b4 (0xc43f2823) mem 0x8000d000 0x00000001
core   0: 0x8000b3b8 (0xff9ff06f) j       pc - 0x8
core   0: 3 0x8000b3b8 (0xff9ff06f)
core   0: 0x8000b3b0 (0x00002f17) auipc   t5, 0x2
core   0: 3 0x8000b3b0 (0x00002f17) x30 0x8000d3b0
core   0: 0x8000b3b4 (0xc43f2823) sw      gp, -944(t5)
core   0: 3 0x8000b3b4 (0xc43f2823) mem 0x8000d000 0x00000001
core   0: 0x8000b3b8 (0xff9ff06f) j       pc - 0x8
core   0: 3 0x8000b3b8 (0xff9ff06f)
core   0: 0x8000b3b0 (0x00002f17) auipc   t5, 0x2
core   0: 3 0x8000b3b0 (0x00002f17) x30 0x8000d3b0
core   0: 0x8000b3b4 (0xc43f2823) sw      gp, -944(t5)
core   0: 3 0x8000b3b4 (0xc43f2823) mem 0x8000d000 0x00000001
core   0: 0x8000b3b8 (0xff9ff06f) j       pc - 0x8
core   0: 3 0x8000b3b8 (0xff9ff06f)
core   0: 0x8000b3b0 (0x00002f17) auipc   t5, 0x2
core   0: 3 0x8000b3b0 (0x00002f17) x30 0x8000d3b0
core   0: 0x8000b3b4 (0xc43f2823) sw      gp, -944(t5)
core   0: 3 0x8000b3b4 (0xc43f2823) mem 0x8000d000 0x00000001
core   0: 0x8000b3b8 (0xff9ff06f) j       pc - 0x8
core   0: 3 0x8000b3b8 (0xff9ff06f)
core   0: 0x8000b3b0 (0x00002f17) auipc   t5, 0x2
core   0: 3 0x8000b3b0 (0x00002f17) x30 0x8000d3b0
core   0: 0x8000b3b4 (0xc43f2823) sw      gp, -944(t5)
core   0: 3 0x8000b3b4 (0xc43f2823) mem 0x8000d000 0x00000001
core   0: 0x8000b3b8 (0xff9ff06f) j       pc - 0x8
core   0: 3 0x8000b3b8 (0xff9ff06f)
core   0: 0x8000b3b0 (0x00002f17) auipc   t5, 0x2
core   0: 3 0x8000b3b0 (0x00002f17) x30 0x8000d3b0
core   0: 0x8000b3b4 (0xc43f2823) sw      gp, -944(t5)
core   0: 3 0x8000b3b4 (0xc43f2823) mem 0x8000d000 0x00000001
core   0: 0x8000b3b8 (0xff9ff06f) j       pc - 0x8
core   0: 3 0x8000b3b8 (0xff9ff06f)
core   0: 0x8000b3b0 (0x00002f17) auipc   t5, 0x2
core   0: 3 0x8000b3b0 (0x00002f17) x30 0x8000d3b0
core   0: 0x8000b3b4 (0xc43f2823) sw      gp, -944(t5)
core   0: 3 0x8000b3b4 (0xc43f2823) mem 0x8000d000 0x00000001
core   0: 0x8000b3b8 (0xff9ff06f) j       pc - 0x8
core   0: 3 0x8000b3b8 (0xff9ff06f)
core   0: 0x8000b3b0 (0x00002f17) auipc   t5, 0x2
core   0: 3 0x8000b3b0 (0x00002f17) x30 0x8000d3b0
core   0: 0x8000b3b4 (0xc43f2823) sw      gp, -944(t5)
core   0: 3 0x8000b3b4 (0xc43f2823) mem 0x8000d000 0x00000001
core   0: 0x8000b3b8 (0xff9ff06f) j       pc - 0x8
core   0: 3 0x8000b3b8 (0xff9ff06f)
core   0: 0x8000b3b0 (0x00002f17) auipc   t5, 0x2
core   0: 3 0x8000b3b0 (0x00002f17) x30 0x8000d3b0
core   0: 0x8000b3b4 (0xc43f2823) sw      gp, -944(t5)
core   0: 3 0x8000b3b4 (0xc43f2823) mem 0x8000d000 0x00000001
core   0: 0x8000b3b8 (0xff9ff06f) j       pc - 0x8
core   0: 3 0x8000b3b8 (0xff9ff06f)
core   0: 0x8000b3b0 (0x00002f17) auipc   t5, 0x2
core   0: 3 0x8000b3b0 (0x00002f17) x30 0x8000d3b0
core   0: 0x8000b3b4 (0xc43f2823) sw      gp, -944(t5)
core   0: 3 0x8000b3b4 (0xc43f2823) mem 0x8000d000 0x00000001
core   0: 0x8000b3b8 (0xff9ff06f) j       pc - 0x8
core   0: 3 0x8000b3b8 (0xff9ff06f)
core   0: 0x8000b3b0 (0x00002f17) auipc   t5, 0x2
core   0: 3 0x8000b3b0 (0x00002f17) x30 0x8000d3b0
core   0: 0x8000b3b4 (0xc43f2823) sw      gp, -944(t5)
core   0: 3 0x8000b3b4 (0xc43f2823) mem 0x8000d000 0x00000001
core   0: 0x8000b3b8 (0xff9ff06f) j       pc - 0x8
core   0: 3 0x8000b3b8 (0xff9ff06f)
core   0: 0x8000b3b0 (0x00002f17) auipc   t5, 0x2
core   0: 3 0x8000b3b0 (0x00002f17) x30 0x8000d3b0
core   0: 0x8000b3b4 (0xc43f2823) sw      gp, -944(t5)
core   0: 3 0x8000b3b4 (0xc43f2823) mem 0x8000d000 0x00000001
core   0: 0x8000b3b8 (0xff9ff06f) j       pc - 0x8
core   0: 3 0x8000b3b8 (0xff9ff06f)
core   0: 0x8000b3b0 (0x00002f17) auipc   t5, 0x2
core   0: 3 0x8000b3b0 (0x00002f17) x30 0x8000d3b0
core   0: 0x8000b3b4 (0xc43f2823) sw      gp, -944(t5)
core   0: 3 0x8000b3b4 (0xc43f2823) mem 0x8000d000 0x00000001
core   0: 0x8000b3b8 (0xff9ff06f) j       pc - 0x8
core   0: 3 0x8000b3b8 (0xff9ff06f)
core   0: 0x8000b3b0 (0x00002f17) auipc   t5, 0x2
core   0: 3 0x8000b3b0 (0x00002f17) x30 0x8000d3b0
core   0: 0x8000b3b4 (0xc43f2823) sw      gp, -944(t5)
core   0: 3 0x8000b3b4 (0xc43f2823) mem 0x8000d000 0x00000001
core   0: 0x8000b3b8 (0xff9ff06f) j       pc - 0x8
core   0: 3 0x8000b3b8 (0xff9ff06f)
core   0: 0x8000b3b0 (0x00002f17) auipc   t5, 0x2
core   0: 3 0x8000b3b0 (0x00002f17) x30 0x8000d3b0
core   0: 0x8000b3b4 (0xc43f2823) sw      gp, -944(t5)
core   0: 3 0x8000b3b4 (0xc43f2823) mem 0x8000d000 0x00000001
core   0: 0x8000b3b8 (0xff9ff06f) j       pc - 0x8
core   0: 3 0x8000b3b8 (0xff9ff06f)
core   0: 0x8000b3b0 (0x00002f17) auipc   t5, 0x2
core   0: 3 0x8000b3b0 (0x00002f17) x30 0x8000d3b0
core   0: 0x8000b3b4 (0xc43f2823) sw      gp, -944(t5)
core   0: 3 0x8000b3b4 (0xc43f2823) mem 0x8000d000 0x00000001
core   0: 0x8000b3b8 (0xff9ff06f) j       pc - 0x8
core   0: 3 0x8000b3b8 (0xff9ff06f)
core   0: 0x8000b3b0 (0x00002f17) auipc   t5, 0x2
core   0: 3 0x8000b3b0 (0x00002f17) x30 0x8000d3b0
core   0: 0x8000b3b4 (0xc43f2823) sw      gp, -944(t5)
core   0: 3 0x8000b3b4 (0xc43f2823) mem 0x8000d000 0x00000001
core   0: 0x8000b3b8 (0xff9ff06f) j       pc - 0x8
core   0: 3 0x8000b3b8 (0xff9ff06f)
core   0: 0x8000b3b0 (0x00002f17) auipc   t5, 0x2
core   0: 3 0x8000b3b0 (0x00002f17) x30 0x8000d3b0
core   0: 0x8000b3b4 (0xc43f2823) sw      gp, -944(t5)
core   0: 3 0x8000b3b4 (0xc43f2823) mem 0x8000d000 0x00000001
core   0: 0x8000b3b8 (0xff9ff06f) j       pc - 0x8
core   0: 3 0x8000b3b8 (0xff9ff06f)
core   0: 0x8000b3b0 (0x00002f17) auipc   t5, 0x2
core   0: 3 0x8000b3b0 (0x00002f17) x30 0x8000d3b0
core   0: 0x8000b3b4 (0xc43f2823) sw      gp, -944(t5)
core   0: 3 0x8000b3b4 (0xc43f2823) mem 0x8000d000 0x00000001
core   0: 0x8000b3b8 (0xff9ff06f) j       pc - 0x8
core   0: 3 0x8000b3b8 (0xff9ff06f)
core   0: 0x8000b3b0 (0x00002f17) auipc   t5, 0x2
core   0: 3 0x8000b3b0 (0x00002f17) x30 0x8000d3b0
core   0: 0x8000b3b4 (0xc43f2823) sw      gp, -944(t5)
core   0: 3 0x8000b3b4 (0xc43f2823) mem 0x8000d000 0x00000001
core   0: 0x8000b3b8 (0xff9ff06f) j       pc - 0x8
core   0: 3 0x8000b3b8 (0xff9ff06f)
core   0: 0x8000b3b0 (0x00002f17) auipc   t5, 0x2
core   0: 3 0x8000b3b0 (0x00002f17) x30 0x8000d3b0
core   0: 0x8000b3b4 (0xc43f2823) sw      gp, -944(t5)
core   0: 3 0x8000b3b4 (0xc43f2823) mem 0x8000d000 0x00000001
core   0: 0x8000b3b8 (0xff9ff06f) j       pc - 0x8
core   0: 3 0x8000b3b8 (0xff9ff06f)
core   0: 0x8000b3b0 (0x00002f17) auipc   t5, 0x2
core   0: 3 0x8000b3b0 (0x00002f17) x30 0x8000d3b0
core   0: 0x8000b3b4 (0xc43f2823) sw      gp, -944(t5)
core   0: 3 0x8000b3b4 (0xc43f2823) mem 0x8000d000 0x00000001
core   0: 0x8000b3b8 (0xff9ff06f) j       pc - 0x8
core   0: 3 0x8000b3b8 (0xff9ff06f)
core   0: 0x8000b3b0 (0x00002f17) auipc   t5, 0x2
core   0: 3 0x8000b3b0 (0x00002f17) x30 0x8000d3b0
core   0: 0x8000b3b4 (0xc43f2823) sw      gp, -944(t5)
core   0: 3 0x8000b3b4 (0xc43f2823) mem 0x8000d000 0x00000001
core   0: 0x8000b3b8 (0xff9ff06f) j       pc - 0x8
core   0: 3 0x8000b3b8 (0xff9ff06f)
core   0: 0x8000b3b0 (0x00002f17) auipc   t5, 0x2
core   0: 3 0x8000b3b0 (0x00002f17) x30 0x8000d3b0
core   0: 0x8000b3b4 (0xc43f2823) sw      gp, -944(t5)
core   0: 3 0x8000b3b4 (0xc43f2823) mem 0x8000d000 0x00000001
core   0: 0x8000b3b8 (0xff9ff06f) j       pc - 0x8
core   0: 3 0x8000b3b8 (0xff9ff06f)
core   0: 0x8000b3b0 (0x00002f17) auipc   t5, 0x2
core   0: 3 0x8000b3b0 (0x00002f17) x30 0x8000d3b0
core   0: 0x8000b3b4 (0xc43f2823) sw      gp, -944(t5)
core   0: 3 0x8000b3b4 (0xc43f2823) mem 0x8000d000 0x00000001
core   0: 0x8000b3b8 (0xff9ff06f) j       pc - 0x8
core   0: 3 0x8000b3b8 (0xff9ff06f)
core   0: 0x8000b3b0 (0x00002f17) auipc   t5, 0x2
core   0: 3 0x8000b3b0 (0x00002f17) x30 0x8000d3b0
core   0: 0x8000b3b4 (0xc43f2823) sw      gp, -944(t5)
core   0: 3 0x8000b3b4 (0xc43f2823) mem 0x8000d000 0x00000001
core   0: 0x8000b3b8 (0xff9ff06f) j       pc - 0x8
core   0: 3 0x8000b3b8 (0xff9ff06f)
core   0: 0x8000b3b0 (0x00002f17) auipc   t5, 0x2
core   0: 3 0x8000b3b0 (0x00002f17) x30 0x8000d3b0
core   0: 0x8000b3b4 (0xc43f2823) sw      gp, -944(t5)
core   0: 3 0x8000b3b4 (0xc43f2823) mem 0x8000d000 0x00000001
core   0: 0x8000b3b8 (0xff9ff06f) j       pc - 0x8
core   0: 3 0x8000b3b8 (0xff9ff06f)
core   0: 0x8000b3b0 (0x00002f17) auipc   t5, 0x2
core   0: 3 0x8000b3b0 (0x00002f17) x30 0x8000d3b0
core   0: 0x8000b3b4 (0xc43f2823) sw      gp, -944(t5)
core   0: 3 0x8000b3b4 (0xc43f2823) mem 0x8000d000 0x00000001
core   0: 0x8000b3b8 (0xff9ff06f) j       pc - 0x8
core   0: 3 0x8000b3b8 (0xff9ff06f)
core   0: 0x8000b3b0 (0x00002f17) auipc   t5, 0x2
core   0: 3 0x8000b3b0 (0x00002f17) x30 0x8000d3b0
core   0: 0x8000b3b4 (0xc43f2823) sw      gp, -944(t5)
core   0: 3 0x8000b3b4 (0xc43f2823) mem 0x8000d000 0x00000001
core   0: 0x8000b3b8 (0xff9ff06f) j       pc - 0x8
core   0: 3 0x8000b3b8 (0xff9ff06f)
core   0: 0x8000b3b0 (0x00002f17) auipc   t5, 0x2
core   0: 3 0x8000b3b0 (0x00002f17) x30 0x8000d3b0
core   0: 0x8000b3b4 (0xc43f2823) sw      gp, -944(t5)
core   0: 3 0x8000b3b4 (0xc43f2823) mem 0x8000d000 0x00000001
core   0: 0x8000b3b8 (0xff9ff06f) j       pc - 0x8
core   0: 3 0x8000b3b8 (0xff9ff06f)
core   0: 0x8000b3b0 (0x00002f17) auipc   t5, 0x2
core   0: 3 0x8000b3b0 (0x00002f17) x30 0x8000d3b0
core   0: 0x8000b3b4 (0xc43f2823) sw      gp, -944(t5)
core   0: 3 0x8000b3b4 (0xc43f2823) mem 0x8000d000 0x00000001
core   0: 0x8000b3b8 (0xff9ff06f) j       pc - 0x8
core   0: 3 0x8000b3b8 (0xff9ff06f)
core   0: 0x8000b3b0 (0x00002f17) auipc   t5, 0x2
core   0: 3 0x8000b3b0 (0x00002f17) x30 0x8000d3b0
core   0: 0x8000b3b4 (0xc43f2823) sw      gp, -944(t5)
core   0: 3 0x8000b3b4 (0xc43f2823) mem 0x8000d000 0x00000001
core   0: 0x8000b3b8 (0xff9ff06f) j       pc - 0x8
core   0: 3 0x8000b3b8 (0xff9ff06f)
core   0: 0x8000b3b0 (0x00002f17) auipc   t5, 0x2
core   0: 3 0x8000b3b0 (0x00002f17) x30 0x8000d3b0
core   0: 0x8000b3b4 (0xc43f2823) sw      gp, -944(t5)
core   0: 3 0x8000b3b4 (0xc43f2823) mem 0x8000d000 0x00000001
core   0: 0x8000b3b8 (0xff9ff06f) j       pc - 0x8
core   0: 3 0x8000b3b8 (0xff9ff06f)
core   0: 0x8000b3b0 (0x00002f17) auipc   t5, 0x2
core   0: 3 0x8000b3b0 (0x00002f17) x30 0x8000d3b0
core   0: 0x8000b3b4 (0xc43f2823) sw      gp, -944(t5)
core   0: 3 0x8000b3b4 (0xc43f2823) mem 0x8000d000 0x00000001
core   0: 0x8000b3b8 (0xff9ff06f) j       pc - 0x8
core   0: 3 0x8000b3b8 (0xff9ff06f)
core   0: 0x8000b3b0 (0x00002f17) auipc   t5, 0x2
core   0: 3 0x8000b3b0 (0x00002f17) x30 0x8000d3b0
core   0: 0x8000b3b4 (0xc43f2823) sw      gp, -944(t5)
core   0: 3 0x8000b3b4 (0xc43f2823) mem 0x8000d000 0x00000001
core   0: 0x8000b3b8 (0xff9ff06f) j       pc - 0x8
core   0: 3 0x8000b3b8 (0xff9ff06f)
core   0: 0x8000b3b0 (0x00002f17) auipc   t5, 0x2
core   0: 3 0x8000b3b0 (0x00002f17) x30 0x8000d3b0
core   0: 0x8000b3b4 (0xc43f2823) sw      gp, -944(t5)
core   0: 3 0x8000b3b4 (0xc43f2823) mem 0x8000d000 0x00000001
core   0: 0x8000b3b8 (0xff9ff06f) j       pc - 0x8
core   0: 3 0x8000b3b8 (0xff9ff06f)
core   0: 0x8000b3b0 (0x00002f17) auipc   t5, 0x2
core   0: 3 0x8000b3b0 (0x00002f17) x30 0x8000d3b0
core   0: 0x8000b3b4 (0xc43f2823) sw      gp, -944(t5)
core   0: 3 0x8000b3b4 (0xc43f2823) mem 0x8000d000 0x00000001
core   0: 0x8000b3b8 (0xff9ff06f) j       pc - 0x8
core   0: 3 0x8000b3b8 (0xff9ff06f)
core   0: 0x8000b3b0 (0x00002f17) auipc   t5, 0x2
core   0: 3 0x8000b3b0 (0x00002f17) x30 0x8000d3b0
core   0: 0x8000b3b4 (0xc43f2823) sw      gp, -944(t5)
core   0: 3 0x8000b3b4 (0xc43f2823) mem 0x8000d000 0x00000001
core   0: 0x8000b3b8 (0xff9ff06f) j       pc - 0x8
core   0: 3 0x8000b3b8 (0xff9ff06f)
core   0: 0x8000b3b0 (0x00002f17) auipc   t5, 0x2
core   0: 3 0x8000b3b0 (0x00002f17) x30 0x8000d3b0
core   0: 0x8000b3b4 (0xc43f2823) sw      gp, -944(t5)
core   0: 3 0x8000b3b4 (0xc43f2823) mem 0x8000d000 0x00000001
core   0: 0x8000b3b8 (0xff9ff06f) j       pc - 0x8
core   0: 3 0x8000b3b8 (0xff9ff06f)
core   0: 0x8000b3b0 (0x00002f17) auipc   t5, 0x2
core   0: 3 0x8000b3b0 (0x00002f17) x30 0x8000d3b0
core   0: 0x8000b3b4 (0xc43f2823) sw      gp, -944(t5)
core   0: 3 0x8000b3b4 (0xc43f2823) mem 0x8000d000 0x00000001
core   0: 0x8000b3b8 (0xff9ff06f) j       pc - 0x8
core   0: 3 0x8000b3b8 (0xff9ff06f)
core   0: 0x8000b3b0 (0x00002f17) auipc   t5, 0x2
core   0: 3 0x8000b3b0 (0x00002f17) x30 0x8000d3b0
core   0: 0x8000b3b4 (0xc43f2823) sw      gp, -944(t5)
core   0: 3 0x8000b3b4 (0xc43f2823) mem 0x8000d000 0x00000001
core   0: 0x8000b3b8 (0xff9ff06f) j       pc - 0x8
core   0: 3 0x8000b3b8 (0xff9ff06f)
core   0: 0x8000b3b0 (0x00002f17) auipc   t5, 0x2
core   0: 3 0x8000b3b0 (0x00002f17) x30 0x8000d3b0
core   0: 0x8000b3b4 (0xc43f2823) sw      gp, -944(t5)
core   0: 3 0x8000b3b4 (0xc43f2823) mem 0x8000d000 0x00000001
core   0: 0x8000b3b8 (0xff9ff06f) j       pc - 0x8
core   0: 3 0x8000b3b8 (0xff9ff06f)
core   0: 0x8000b3b0 (0x00002f17) auipc   t5, 0x2
core   0: 3 0x8000b3b0 (0x00002f17) x30 0x8000d3b0
core   0: 0x8000b3b4 (0xc43f2823) sw      gp, -944(t5)
core   0: 3 0x8000b3b4 (0xc43f2823) mem 0x8000d000 0x00000001
core   0: 0x8000b3b8 (0xff9ff06f) j       pc - 0x8
core   0: 3 0x8000b3b8 (0xff9ff06f)
core   0: 0x8000b3b0 (0x00002f17) auipc   t5, 0x2
core   0: 3 0x8000b3b0 (0x00002f17) x30 0x8000d3b0
core   0: 0x8000b3b4 (0xc43f2823) sw      gp, -944(t5)
core   0: 3 0x8000b3b4 (0xc43f2823) mem 0x8000d000 0x00000001
core   0: 0x8000b3b8 (0xff9ff06f) j       pc - 0x8
core   0: 3 0x8000b3b8 (0xff9ff06f)
core   0: 0x8000b3b0 (0x00002f17) auipc   t5, 0x2
core   0: 3 0x8000b3b0 (0x00002f17) x30 0x8000d3b0
core   0: 0x8000b3b4 (0xc43f2823) sw      gp, -944(t5)
core   0: 3 0x8000b3b4 (0xc43f2823) mem 0x8000d000 0x00000001
core   0: 0x8000b3b8 (0xff9ff06f) j       pc - 0x8
core   0: 3 0x8000b3b8 (0xff9ff06f)
core   0: 0x8000b3b0 (0x00002f17) auipc   t5, 0x2
core   0: 3 0x8000b3b0 (0x00002f17) x30 0x8000d3b0
core   0: 0x8000b3b4 (0xc43f2823) sw      gp, -944(t5)
core   0: 3 0x8000b3b4 (0xc43f2823) mem 0x8000d000 0x00000001
core   0: 0x8000b3b8 (0xff9ff06f) j       pc - 0x8
core   0: 3 0x8000b3b8 (0xff9ff06f)
core   0: 0x8000b3b0 (0x00002f17) auipc   t5, 0x2
core   0: 3 0x8000b3b0 (0x00002f17) x30 0x8000d3b0
core   0: 0x8000b3b4 (0xc43f2823) sw      gp, -944(t5)
core   0: 3 0x8000b3b4 (0xc43f2823) mem 0x8000d000 0x00000001
core   0: 0x8000b3b8 (0xff9ff06f) j       pc - 0x8
core   0: 3 0x8000b3b8 (0xff9ff06f)
core   0: 0x8000b3b0 (0x00002f17) auipc   t5, 0x2
core   0: 3 0x8000b3b0 (0x00002f17) x30 0x8000d3b0
core   0: 0x8000b3b4 (0xc43f2823) sw      gp, -944(t5)
core   0: 3 0x8000b3b4 (0xc43f2823) mem 0x8000d000 0x00000001
core   0: 0x8000b3b8 (0xff9ff06f) j       pc - 0x8
core   0: 3 0x8000b3b8 (0xff9ff06f)
core   0: 0x8000b3b0 (0x00002f17) auipc   t5, 0x2
core   0: 3 0x8000b3b0 (0x00002f17) x30 0x8000d3b0
core   0: 0x8000b3b4 (0xc43f2823) sw      gp, -944(t5)
core   0: 3 0x8000b3b4 (0xc43f2823) mem 0x8000d000 0x00000001
core   0: 0x8000b3b8 (0xff9ff06f) j       pc - 0x8
core   0: 3 0x8000b3b8 (0xff9ff06f)
core   0: 0x8000b3b0 (0x00002f17) auipc   t5, 0x2
core   0: 3 0x8000b3b0 (0x00002f17) x30 0x8000d3b0
core   0: 0x8000b3b4 (0xc43f2823) sw      gp, -944(t5)
core   0: 3 0x8000b3b4 (0xc43f2823) mem 0x8000d000 0x00000001
core   0: 0x8000b3b8 (0xff9ff06f) j       pc - 0x8
core   0: 3 0x8000b3b8 (0xff9ff06f)
core   0: 0x8000b3b0 (0x00002f17) auipc   t5, 0x2
core   0: 3 0x8000b3b0 (0x00002f17) x30 0x8000d3b0
core   0: 0x8000b3b4 (0xc43f2823) sw      gp, -944(t5)
core   0: 3 0x8000b3b4 (0xc43f2823) mem 0x8000d000 0x00000001
core   0: 0x8000b3b8 (0xff9ff06f) j       pc - 0x8
core   0: 3 0x8000b3b8 (0xff9ff06f)
core   0: 0x8000b3b0 (0x00002f17) auipc   t5, 0x2
core   0: 3 0x8000b3b0 (0x00002f17) x30 0x8000d3b0
core   0: 0x8000b3b4 (0xc43f2823) sw      gp, -944(t5)
core   0: 3 0x8000b3b4 (0xc43f2823) mem 0x8000d000 0x00000001
core   0: 0x8000b3b8 (0xff9ff06f) j       pc - 0x8
core   0: 3 0x8000b3b8 (0xff9ff06f)
core   0: 0x8000b3b0 (0x00002f17) auipc   t5, 0x2
core   0: 3 0x8000b3b0 (0x00002f17) x30 0x8000d3b0
core   0: 0x8000b3b4 (0xc43f2823) sw      gp, -944(t5)
core   0: 3 0x8000b3b4 (0xc43f2823) mem 0x8000d000 0x00000001
core   0: 0x8000b3b8 (0xff9ff06f) j       pc - 0x8
core   0: 3 0x8000b3b8 (0xff9ff06f)
core   0: 0x8000b3b0 (0x00002f17) auipc   t5, 0x2
core   0: 3 0x8000b3b0 (0x00002f17) x30 0x8000d3b0
core   0: 0x8000b3b4 (0xc43f2823) sw      gp, -944(t5)
core   0: 3 0x8000b3b4 (0xc43f2823) mem 0x8000d000 0x00000001
core   0: 0x8000b3b8 (0xff9ff06f) j       pc - 0x8
core   0: 3 0x8000b3b8 (0xff9ff06f)
core   0: 0x8000b3b0 (0x00002f17) auipc   t5, 0x2
core   0: 3 0x8000b3b0 (0x00002f17) x30 0x8000d3b0
core   0: 0x8000b3b4 (0xc43f2823) sw      gp, -944(t5)
core   0: 3 0x8000b3b4 (0xc43f2823) mem 0x8000d000 0x00000001
core   0: 0x8000b3b8 (0xff9ff06f) j       pc - 0x8
core   0: 3 0x8000b3b8 (0xff9ff06f)
core   0: 0x8000b3b0 (0x00002f17) auipc   t5, 0x2
core   0: 3 0x8000b3b0 (0x00002f17) x30 0x8000d3b0
core   0: 0x8000b3b4 (0xc43f2823) sw      gp, -944(t5)
core   0: 3 0x8000b3b4 (0xc43f2823) mem 0x8000d000 0x00000001
core   0: 0x8000b3b8 (0xff9ff06f) j       pc - 0x8
core   0: 3 0x8000b3b8 (0xff9ff06f)
core   0: 0x8000b3b0 (0x00002f17) auipc   t5, 0x2
core   0: 3 0x8000b3b0 (0x00002f17) x30 0x8000d3b0
core   0: 0x8000b3b4 (0xc43f2823) sw      gp, -944(t5)
core   0: 3 0x8000b3b4 (0xc43f2823) mem 0x8000d000 0x00000001
core   0: 0x8000b3b8 (0xff9ff06f) j       pc - 0x8
core   0: 3 0x8000b3b8 (0xff9ff06f)
core   0: 0x8000b3b0 (0x00002f17) auipc   t5, 0x2
core   0: 3 0x8000b3b0 (0x00002f17) x30 0x8000d3b0
core   0: 0x8000b3b4 (0xc43f2823) sw      gp, -944(t5)
core   0: 3 0x8000b3b4 (0xc43f2823) mem 0x8000d000 0x00000001
core   0: 0x8000b3b8 (0xff9ff06f) j       pc - 0x8
core   0: 3 0x8000b3b8 (0xff9ff06f)
core   0: 0x8000b3b0 (0x00002f17) auipc   t5, 0x2
core   0: 3 0x8000b3b0 (0x00002f17) x30 0x8000d3b0
core   0: 0x8000b3b4 (0xc43f2823) sw      gp, -944(t5)
core   0: 3 0x8000b3b4 (0xc43f2823) mem 0x8000d000 0x00000001
core   0: 0x8000b3b8 (0xff9ff06f) j       pc - 0x8
core   0: 3 0x8000b3b8 (0xff9ff06f)
core   0: 0x8000b3b0 (0x00002f17) auipc   t5, 0x2
core   0: 3 0x8000b3b0 (0x00002f17) x30 0x8000d3b0
core   0: 0x8000b3b4 (0xc43f2823) sw      gp, -944(t5)
core   0: 3 0x8000b3b4 (0xc43f2823) mem 0x8000d000 0x00000001
core   0: 0x8000b3b8 (0xff9ff06f) j       pc - 0x8
core   0: 3 0x8000b3b8 (0xff9ff06f)
core   0: 0x8000b3b0 (0x00002f17) auipc   t5, 0x2
core   0: 3 0x8000b3b0 (0x00002f17) x30 0x8000d3b0
core   0: 0x8000b3b4 (0xc43f2823) sw      gp, -944(t5)
core   0: 3 0x8000b3b4 (0xc43f2823) mem 0x8000d000 0x00000001
core   0: 0x8000b3b8 (0xff9ff06f) j       pc - 0x8
core   0: 3 0x8000b3b8 (0xff9ff06f)
core   0: 0x8000b3b0 (0x00002f17) auipc   t5, 0x2
core   0: 3 0x8000b3b0 (0x00002f17) x30 0x8000d3b0
core   0: 0x8000b3b4 (0xc43f2823) sw      gp, -944(t5)
core   0: 3 0x8000b3b4 (0xc43f2823) mem 0x8000d000 0x00000001
core   0: 0x8000b3b8 (0xff9ff06f) j       pc - 0x8
core   0: 3 0x8000b3b8 (0xff9ff06f)
core   0: 0x8000b3b0 (0x00002f17) auipc   t5, 0x2
core   0: 3 0x8000b3b0 (0x00002f17) x30 0x8000d3b0
core   0: 0x8000b3b4 (0xc43f2823) sw      gp, -944(t5)
core   0: 3 0x8000b3b4 (0xc43f2823) mem 0x8000d000 0x00000001
core   0: 0x8000b3b8 (0xff9ff06f) j       pc - 0x8
core   0: 3 0x8000b3b8 (0xff9ff06f)
core   0: 0x8000b3b0 (0x00002f17) auipc   t5, 0x2
core   0: 3 0x8000b3b0 (0x00002f17) x30 0x8000d3b0
core   0: 0x8000b3b4 (0xc43f2823) sw      gp, -944(t5)
core   0: 3 0x8000b3b4 (0xc43f2823) mem 0x8000d000 0x00000001
core   0: 0x8000b3b8 (0xff9ff06f) j       pc - 0x8
core   0: 3 0x8000b3b8 (0xff9ff06f)
core   0: 0x8000b3b0 (0x00002f17) auipc   t5, 0x2
core   0: 3 0x8000b3b0 (0x00002f17) x30 0x8000d3b0
core   0: 0x8000b3b4 (0xc43f2823) sw      gp, -944(t5)
core   0: 3 0x8000b3b4 (0xc43f2823) mem 0x8000d000 0x00000001
core   0: 0x8000b3b8 (0xff9ff06f) j       pc - 0x8
core   0: 3 0x8000b3b8 (0xff9ff06f)
core   0: 0x8000b3b0 (0x00002f17) auipc   t5, 0x2
core   0: 3 0x8000b3b0 (0x00002f17) x30 0x8000d3b0
core   0: 0x8000b3b4 (0xc43f2823) sw      gp, -944(t5)
core   0: 3 0x8000b3b4 (0xc43f2823) mem 0x8000d000 0x00000001
core   0: 0x8000b3b8 (0xff9ff06f) j       pc - 0x8
core   0: 3 0x8000b3b8 (0xff9ff06f)
core   0: 0x8000b3b0 (0x00002f17) auipc   t5, 0x2
core   0: 3 0x8000b3b0 (0x00002f17) x30 0x8000d3b0
core   0: 0x8000b3b4 (0xc43f2823) sw      gp, -944(t5)
core   0: 3 0x8000b3b4 (0xc43f2823) mem 0x8000d000 0x00000001
core   0: 0x8000b3b8 (0xff9ff06f) j       pc - 0x8
core   0: 3 0x8000b3b8 (0xff9ff06f)
core   0: 0x8000b3b0 (0x00002f17) auipc   t5, 0x2
core   0: 3 0x8000b3b0 (0x00002f17) x30 0x8000d3b0
core   0: 0x8000b3b4 (0xc43f2823) sw      gp, -944(t5)
core   0: 3 0x8000b3b4 (0xc43f2823) mem 0x8000d000 0x00000001
core   0: 0x8000b3b8 (0xff9ff06f) j       pc - 0x8
core   0: 3 0x8000b3b8 (0xff9ff06f)
core   0: 0x8000b3b0 (0x00002f17) auipc   t5, 0x2
core   0: 3 0x8000b3b0 (0x00002f17) x30 0x8000d3b0
core   0: 0x8000b3b4 (0xc43f2823) sw      gp, -944(t5)
core   0: 3 0x8000b3b4 (0xc43f2823) mem 0x8000d000 0x00000001
core   0: 0x8000b3b8 (0xff9ff06f) j       pc - 0x8
core   0: 3 0x8000b3b8 (0xff9ff06f)
core   0: 0x8000b3b0 (0x00002f17) auipc   t5, 0x2
core   0: 3 0x8000b3b0 (0x00002f17) x30 0x8000d3b0
core   0: 0x8000b3b4 (0xc43f2823) sw      gp, -944(t5)
core   0: 3 0x8000b3b4 (0xc43f2823) mem 0x8000d000 0x00000001
core   0: 0x8000b3b8 (0xff9ff06f) j       pc - 0x8
core   0: 3 0x8000b3b8 (0xff9ff06f)
core   0: 0x8000b3b0 (0x00002f17) auipc   t5, 0x2
core   0: 3 0x8000b3b0 (0x00002f17) x30 0x8000d3b0
core   0: 0x8000b3b4 (0xc43f2823) sw      gp, -944(t5)
core   0: 3 0x8000b3b4 (0xc43f2823) mem 0x8000d000 0x00000001
core   0: 0x8000b3b8 (0xff9ff06f) j       pc - 0x8
core   0: 3 0x8000b3b8 (0xff9ff06f)
core   0: 0x8000b3b0 (0x00002f17) auipc   t5, 0x2
core   0: 3 0x8000b3b0 (0x00002f17) x30 0x8000d3b0
core   0: 0x8000b3b4 (0xc43f2823) sw      gp, -944(t5)
core   0: 3 0x8000b3b4 (0xc43f2823) mem 0x8000d000 0x00000001
core   0: 0x8000b3b8 (0xff9ff06f) j       pc - 0x8
core   0: 3 0x8000b3b8 (0xff9ff06f)
core   0: 0x8000b3b0 (0x00002f17) auipc   t5, 0x2
core   0: 3 0x8000b3b0 (0x00002f17) x30 0x8000d3b0
core   0: 0x8000b3b4 (0xc43f2823) sw      gp, -944(t5)
core   0: 3 0x8000b3b4 (0xc43f2823) mem 0x8000d000 0x00000001
core   0: 0x8000b3b8 (0xff9ff06f) j       pc - 0x8
core   0: 3 0x8000b3b8 (0xff9ff06f)
core   0: 0x8000b3b0 (0x00002f17) auipc   t5, 0x2
core   0: 3 0x8000b3b0 (0x00002f17) x30 0x8000d3b0
core   0: 0x8000b3b4 (0xc43f2823) sw      gp, -944(t5)
core   0: 3 0x8000b3b4 (0xc43f2823) mem 0x8000d000 0x00000001
core   0: 0x8000b3b8 (0xff9ff06f) j       pc - 0x8
core   0: 3 0x8000b3b8 (0xff9ff06f)
core   0: 0x8000b3b0 (0x00002f17) auipc   t5, 0x2
core   0: 3 0x8000b3b0 (0x00002f17) x30 0x8000d3b0
core   0: 0x8000b3b4 (0xc43f2823) sw      gp, -944(t5)
core   0: 3 0x8000b3b4 (0xc43f2823) mem 0x8000d000 0x00000001
core   0: 0x8000b3b8 (0xff9ff06f) j       pc - 0x8
core   0: 3 0x8000b3b8 (0xff9ff06f)
core   0: 0x8000b3b0 (0x00002f17) auipc   t5, 0x2
core   0: 3 0x8000b3b0 (0x00002f17) x30 0x8000d3b0
core   0: 0x8000b3b4 (0xc43f2823) sw      gp, -944(t5)
core   0: 3 0x8000b3b4 (0xc43f2823) mem 0x8000d000 0x00000001
core   0: 0x8000b3b8 (0xff9ff06f) j       pc - 0x8
core   0: 3 0x8000b3b8 (0xff9ff06f)
core   0: 0x8000b3b0 (0x00002f17) auipc   t5, 0x2
core   0: 3 0x8000b3b0 (0x00002f17) x30 0x8000d3b0
core   0: 0x8000b3b4 (0xc43f2823) sw      gp, -944(t5)
core   0: 3 0x8000b3b4 (0xc43f2823) mem 0x8000d000 0x00000001
core   0: 0x8000b3b8 (0xff9ff06f) j       pc - 0x8
core   0: 3 0x8000b3b8 (0xff9ff06f)
core   0: 0x8000b3b0 (0x00002f17) auipc   t5, 0x2
core   0: 3 0x8000b3b0 (0x00002f17) x30 0x8000d3b0
core   0: 0x8000b3b4 (0xc43f2823) sw      gp, -944(t5)
core   0: 3 0x8000b3b4 (0xc43f2823) mem 0x8000d000 0x00000001
core   0: 0x8000b3b8 (0xff9ff06f) j       pc - 0x8
core   0: 3 0x8000b3b8 (0xff9ff06f)
core   0: 0x8000b3b0 (0x00002f17) auipc   t5, 0x2
core   0: 3 0x8000b3b0 (0x00002f17) x30 0x8000d3b0
core   0: 0x8000b3b4 (0xc43f2823) sw      gp, -944(t5)
core   0: 3 0x8000b3b4 (0xc43f2823) mem 0x8000d000 0x00000001
core   0: 0x8000b3b8 (0xff9ff06f) j       pc - 0x8
core   0: 3 0x8000b3b8 (0xff9ff06f)
core   0: 0x8000b3b0 (0x00002f17) auipc   t5, 0x2
core   0: 3 0x8000b3b0 (0x00002f17) x30 0x8000d3b0
core   0: 0x8000b3b4 (0xc43f2823) sw      gp, -944(t5)
core   0: 3 0x8000b3b4 (0xc43f2823) mem 0x8000d000 0x00000001
core   0: 0x8000b3b8 (0xff9ff06f) j       pc - 0x8
core   0: 3 0x8000b3b8 (0xff9ff06f)
core   0: 0x8000b3b0 (0x00002f17) auipc   t5, 0x2
core   0: 3 0x8000b3b0 (0x00002f17) x30 0x8000d3b0
core   0: 0x8000b3b4 (0xc43f2823) sw      gp, -944(t5)
core   0: 3 0x8000b3b4 (0xc43f2823) mem 0x8000d000 0x00000001
core   0: 0x8000b3b8 (0xff9ff06f) j       pc - 0x8
core   0: 3 0x8000b3b8 (0xff9ff06f)
core   0: 0x8000b3b0 (0x00002f17) auipc   t5, 0x2
core   0: 3 0x8000b3b0 (0x00002f17) x30 0x8000d3b0
core   0: 0x8000b3b4 (0xc43f2823) sw      gp, -944(t5)
core   0: 3 0x8000b3b4 (0xc43f2823) mem 0x8000d000 0x00000001
core   0: 0x8000b3b8 (0xff9ff06f) j       pc - 0x8
core   0: 3 0x8000b3b8 (0xff9ff06f)
core   0: 0x8000b3b0 (0x00002f17) auipc   t5, 0x2
core   0: 3 0x8000b3b0 (0x00002f17) x30 0x8000d3b0
core   0: 0x8000b3b4 (0xc43f2823) sw      gp, -944(t5)
core   0: 3 0x8000b3b4 (0xc43f2823) mem 0x8000d000 0x00000001
core   0: 0x8000b3b8 (0xff9ff06f) j       pc - 0x8
core   0: 3 0x8000b3b8 (0xff9ff06f)
core   0: 0x8000b3b0 (0x00002f17) auipc   t5, 0x2
core   0: 3 0x8000b3b0 (0x00002f17) x30 0x8000d3b0
core   0: 0x8000b3b4 (0xc43f2823) sw      gp, -944(t5)
core   0: 3 0x8000b3b4 (0xc43f2823) mem 0x8000d000 0x00000001
core   0: 0x8000b3b8 (0xff9ff06f) j       pc - 0x8
core   0: 3 0x8000b3b8 (0xff9ff06f)
core   0: 0x8000b3b0 (0x00002f17) auipc   t5, 0x2
core   0: 3 0x8000b3b0 (0x00002f17) x30 0x8000d3b0
core   0: 0x8000b3b4 (0xc43f2823) sw      gp, -944(t5)
core   0: 3 0x8000b3b4 (0xc43f2823) mem 0x8000d000 0x00000001
core   0: 0x8000b3b8 (0xff9ff06f) j       pc - 0x8
core   0: 3 0x8000b3b8 (0xff9ff06f)
core   0: 0x8000b3b0 (0x00002f17) auipc   t5, 0x2
core   0: 3 0x8000b3b0 (0x00002f17) x30 0x8000d3b0
core   0: 0x8000b3b4 (0xc43f2823) sw      gp, -944(t5)
core   0: 3 0x8000b3b4 (0xc43f2823) mem 0x8000d000 0x00000001
core   0: 0x8000b3b8 (0xff9ff06f) j       pc - 0x8
core   0: 3 0x8000b3b8 (0xff9ff06f)
core   0: 0x8000b3b0 (0x00002f17) auipc   t5, 0x2
core   0: 3 0x8000b3b0 (0x00002f17) x30 0x8000d3b0
core   0: 0x8000b3b4 (0xc43f2823) sw      gp, -944(t5)
core   0: 3 0x8000b3b4 (0xc43f2823) mem 0x8000d000 0x00000001
core   0: 0x8000b3b8 (0xff9ff06f) j       pc - 0x8
core   0: 3 0x8000b3b8 (0xff9ff06f)
core   0: 0x8000b3b0 (0x00002f17) auipc   t5, 0x2
core   0: 3 0x8000b3b0 (0x00002f17) x30 0x8000d3b0
core   0: 0x8000b3b4 (0xc43f2823) sw      gp, -944(t5)
core   0: 3 0x8000b3b4 (0xc43f2823) mem 0x8000d000 0x00000001
core   0: 0x8000b3b8 (0xff9ff06f) j       pc - 0x8
core   0: 3 0x8000b3b8 (0xff9ff06f)
core   0: 0x8000b3b0 (0x00002f17) auipc   t5, 0x2
core   0: 3 0x8000b3b0 (0x00002f17) x30 0x8000d3b0
core   0: 0x8000b3b4 (0xc43f2823) sw      gp, -944(t5)
core   0: 3 0x8000b3b4 (0xc43f2823) mem 0x8000d000 0x00000001
core   0: 0x8000b3b8 (0xff9ff06f) j       pc - 0x8
core   0: 3 0x8000b3b8 (0xff9ff06f)
core   0: 0x8000b3b0 (0x00002f17) auipc   t5, 0x2
core   0: 3 0x8000b3b0 (0x00002f17) x30 0x8000d3b0
core   0: 0x8000b3b4 (0xc43f2823) sw      gp, -944(t5)
core   0: 3 0x8000b3b4 (0xc43f2823) mem 0x8000d000 0x00000001
core   0: 0x8000b3b8 (0xff9ff06f) j       pc - 0x8
core   0: 3 0x8000b3b8 (0xff9ff06f)
core   0: 0x8000b3b0 (0x00002f17) auipc   t5, 0x2
core   0: 3 0x8000b3b0 (0x00002f17) x30 0x8000d3b0
core   0: 0x8000b3b4 (0xc43f2823) sw      gp, -944(t5)
core   0: 3 0x8000b3b4 (0xc43f2823) mem 0x8000d000 0x00000001
core   0: 0x8000b3b8 (0xff9ff06f) j       pc - 0x8
core   0: 3 0x8000b3b8 (0xff9ff06f)
core   0: 0x8000b3b0 (0x00002f17) auipc   t5, 0x2
core   0: 3 0x8000b3b0 (0x00002f17) x30 0x8000d3b0
core   0: 0x8000b3b4 (0xc43f2823) sw      gp, -944(t5)
core   0: 3 0x8000b3b4 (0xc43f2823) mem 0x8000d000 0x00000001
core   0: 0x8000b3b8 (0xff9ff06f) j       pc - 0x8
core   0: 3 0x8000b3b8 (0xff9ff06f)
core   0: 0x8000b3b0 (0x00002f17) auipc   t5, 0x2
core   0: 3 0x8000b3b0 (0x00002f17) x30 0x8000d3b0
core   0: 0x8000b3b4 (0xc43f2823) sw      gp, -944(t5)
core   0: 3 0x8000b3b4 (0xc43f2823) mem 0x8000d000 0x00000001
core   0: 0x8000b3b8 (0xff9ff06f) j       pc - 0x8
core   0: 3 0x8000b3b8 (0xff9ff06f)
core   0: 0x8000b3b0 (0x00002f17) auipc   t5, 0x2
core   0: 3 0x8000b3b0 (0x00002f17) x30 0x8000d3b0
core   0: 0x8000b3b4 (0xc43f2823) sw      gp, -944(t5)
core   0: 3 0x8000b3b4 (0xc43f2823) mem 0x8000d000 0x00000001
core   0: 0x8000b3b8 (0xff9ff06f) j       pc - 0x8
core   0: 3 0x8000b3b8 (0xff9ff06f)
core   0: 0x8000b3b0 (0x00002f17) auipc   t5, 0x2
core   0: 3 0x8000b3b0 (0x00002f17) x30 0x8000d3b0
core   0: 0x8000b3b4 (0xc43f2823) sw      gp, -944(t5)
core   0: 3 0x8000b3b4 (0xc43f2823) mem 0x8000d000 0x00000001
core   0: 0x8000b3b8 (0xff9ff06f) j       pc - 0x8
core   0: 3 0x8000b3b8 (0xff9ff06f)
core   0: 0x8000b3b0 (0x00002f17) auipc   t5, 0x2
core   0: 3 0x8000b3b0 (0x00002f17) x30 0x8000d3b0
core   0: 0x8000b3b4 (0xc43f2823) sw      gp, -944(t5)
core   0: 3 0x8000b3b4 (0xc43f2823) mem 0x8000d000 0x00000001
core   0: 0x8000b3b8 (0xff9ff06f) j       pc - 0x8
core   0: 3 0x8000b3b8 (0xff9ff06f)
core   0: 0x8000b3b0 (0x00002f17) auipc   t5, 0x2
core   0: 3 0x8000b3b0 (0x00002f17) x30 0x8000d3b0
core   0: 0x8000b3b4 (0xc43f2823) sw      gp, -944(t5)
core   0: 3 0x8000b3b4 (0xc43f2823) mem 0x8000d000 0x00000001
core   0: 0x8000b3b8 (0xff9ff06f) j       pc - 0x8
core   0: 3 0x8000b3b8 (0xff9ff06f)
core   0: 0x8000b3b0 (0x00002f17) auipc   t5, 0x2
core   0: 3 0x8000b3b0 (0x00002f17) x30 0x8000d3b0
core   0: 0x8000b3b4 (0xc43f2823) sw      gp, -944(t5)
core   0: 3 0x8000b3b4 (0xc43f2823) mem 0x8000d000 0x00000001
core   0: 0x8000b3b8 (0xff9ff06f) j       pc - 0x8
core   0: 3 0x8000b3b8 (0xff9ff06f)
core   0: 0x8000b3b0 (0x00002f17) auipc   t5, 0x2
core   0: 3 0x8000b3b0 (0x00002f17) x30 0x8000d3b0
core   0: 0x8000b3b4 (0xc43f2823) sw      gp, -944(t5)
core   0: 3 0x8000b3b4 (0xc43f2823) mem 0x8000d000 0x00000001
core   0: 0x8000b3b8 (0xff9ff06f) j       pc - 0x8
core   0: 3 0x8000b3b8 (0xff9ff06f)
core   0: 0x8000b3b0 (0x00002f17) auipc   t5, 0x2
core   0: 3 0x8000b3b0 (0x00002f17) x30 0x8000d3b0
core   0: 0x8000b3b4 (0xc43f2823) sw      gp, -944(t5)
core   0: 3 0x8000b3b4 (0xc43f2823) mem 0x8000d000 0x00000001
core   0: 0x8000b3b8 (0xff9ff06f) j       pc - 0x8
core   0: 3 0x8000b3b8 (0xff9ff06f)
core   0: 0x8000b3b0 (0x00002f17) auipc   t5, 0x2
core   0: 3 0x8000b3b0 (0x00002f17) x30 0x8000d3b0
core   0: 0x8000b3b4 (0xc43f2823) sw      gp, -944(t5)
core   0: 3 0x8000b3b4 (0xc43f2823) mem 0x8000d000 0x00000001
core   0: 0x8000b3b8 (0xff9ff06f) j       pc - 0x8
core   0: 3 0x8000b3b8 (0xff9ff06f)
core   0: 0x8000b3b0 (0x00002f17) auipc   t5, 0x2
core   0: 3 0x8000b3b0 (0x00002f17) x30 0x8000d3b0
core   0: 0x8000b3b4 (0xc43f2823) sw      gp, -944(t5)
core   0: 3 0x8000b3b4 (0xc43f2823) mem 0x8000d000 0x00000001
core   0: 0x8000b3b8 (0xff9ff06f) j       pc - 0x8
core   0: 3 0x8000b3b8 (0xff9ff06f)
core   0: 0x8000b3b0 (0x00002f17) auipc   t5, 0x2
core   0: 3 0x8000b3b0 (0x00002f17) x30 0x8000d3b0
core   0: 0x8000b3b4 (0xc43f2823) sw      gp, -944(t5)
core   0: 3 0x8000b3b4 (0xc43f2823) mem 0x8000d000 0x00000001
core   0: 0x8000b3b8 (0xff9ff06f) j       pc - 0x8
core   0: 3 0x8000b3b8 (0xff9ff06f)
core   0: 0x8000b3b0 (0x00002f17) auipc   t5, 0x2
core   0: 3 0x8000b3b0 (0x00002f17) x30 0x8000d3b0
core   0: 0x8000b3b4 (0xc43f2823) sw      gp, -944(t5)
core   0: 3 0x8000b3b4 (0xc43f2823) mem 0x8000d000 0x00000001
core   0: 0x8000b3b8 (0xff9ff06f) j       pc - 0x8
core   0: 3 0x8000b3b8 (0xff9ff06f)
core   0: 0x8000b3b0 (0x00002f17) auipc   t5, 0x2
core   0: 3 0x8000b3b0 (0x00002f17) x30 0x8000d3b0
core   0: 0x8000b3b4 (0xc43f2823) sw      gp, -944(t5)
core   0: 3 0x8000b3b4 (0xc43f2823) mem 0x8000d000 0x00000001
core   0: 0x8000b3b8 (0xff9ff06f) j       pc - 0x8
core   0: 3 0x8000b3b8 (0xff9ff06f)
core   0: 0x8000b3b0 (0x00002f17) auipc   t5, 0x2
core   0: 3 0x8000b3b0 (0x00002f17) x30 0x8000d3b0
core   0: 0x8000b3b4 (0xc43f2823) sw      gp, -944(t5)
core   0: 3 0x8000b3b4 (0xc43f2823) mem 0x8000d000 0x00000001
core   0: 0x8000b3b8 (0xff9ff06f) j       pc - 0x8
core   0: 3 0x8000b3b8 (0xff9ff06f)
core   0: 0x8000b3b0 (0x00002f17) auipc   t5, 0x2
core   0: 3 0x8000b3b0 (0x00002f17) x30 0x8000d3b0
core   0: 0x8000b3b4 (0xc43f2823) sw      gp, -944(t5)
core   0: 3 0x8000b3b4 (0xc43f2823) mem 0x8000d000 0x00000001
core   0: 0x8000b3b8 (0xff9ff06f) j       pc - 0x8
core   0: 3 0x8000b3b8 (0xff9ff06f)
core   0: 0x8000b3b0 (0x00002f17) auipc   t5, 0x2
core   0: 3 0x8000b3b0 (0x00002f17) x30 0x8000d3b0
core   0: 0x8000b3b4 (0xc43f2823) sw      gp, -944(t5)
core   0: 3 0x8000b3b4 (0xc43f2823) mem 0x8000d000 0x00000001
core   0: 0x8000b3b8 (0xff9ff06f) j       pc - 0x8
core   0: 3 0x8000b3b8 (0xff9ff06f)
core   0: 0x8000b3b0 (0x00002f17) auipc   t5, 0x2
core   0: 3 0x8000b3b0 (0x00002f17) x30 0x8000d3b0
core   0: 0x8000b3b4 (0xc43f2823) sw      gp, -944(t5)
core   0: 3 0x8000b3b4 (0xc43f2823) mem 0x8000d000 0x00000001
core   0: 0x8000b3b8 (0xff9ff06f) j       pc - 0x8
core   0: 3 0x8000b3b8 (0xff9ff06f)
core   0: 0x8000b3b0 (0x00002f17) auipc   t5, 0x2
core   0: 3 0x8000b3b0 (0x00002f17) x30 0x8000d3b0
core   0: 0x8000b3b4 (0xc43f2823) sw      gp, -944(t5)
core   0: 3 0x8000b3b4 (0xc43f2823) mem 0x8000d000 0x00000001
core   0: 0x8000b3b8 (0xff9ff06f) j       pc - 0x8
core   0: 3 0x8000b3b8 (0xff9ff06f)
core   0: 0x8000b3b0 (0x00002f17) auipc   t5, 0x2
core   0: 3 0x8000b3b0 (0x00002f17) x30 0x8000d3b0
core   0: 0x8000b3b4 (0xc43f2823) sw      gp, -944(t5)
core   0: 3 0x8000b3b4 (0xc43f2823) mem 0x8000d000 0x00000001
core   0: 0x8000b3b8 (0xff9ff06f) j       pc - 0x8
core   0: 3 0x8000b3b8 (0xff9ff06f)
core   0: 0x8000b3b0 (0x00002f17) auipc   t5, 0x2
core   0: 3 0x8000b3b0 (0x00002f17) x30 0x8000d3b0
core   0: 0x8000b3b4 (0xc43f2823) sw      gp, -944(t5)
core   0: 3 0x8000b3b4 (0xc43f2823) mem 0x8000d000 0x00000001
core   0: 0x8000b3b8 (0xff9ff06f) j       pc - 0x8
core   0: 3 0x8000b3b8 (0xff9ff06f)
core   0: 0x8000b3b0 (0x00002f17) auipc   t5, 0x2
core   0: 3 0x8000b3b0 (0x00002f17) x30 0x8000d3b0
core   0: 0x8000b3b4 (0xc43f2823) sw      gp, -944(t5)
core   0: 3 0x8000b3b4 (0xc43f2823) mem 0x8000d000 0x00000001
core   0: 0x8000b3b8 (0xff9ff06f) j       pc - 0x8
core   0: 3 0x8000b3b8 (0xff9ff06f)
core   0: 0x8000b3b0 (0x00002f17) auipc   t5, 0x2
core   0: 3 0x8000b3b0 (0x00002f17) x30 0x8000d3b0
core   0: 0x8000b3b4 (0xc43f2823) sw      gp, -944(t5)
core   0: 3 0x8000b3b4 (0xc43f2823) mem 0x8000d000 0x00000001
core   0: 0x8000b3b8 (0xff9ff06f) j       pc - 0x8
core   0: 3 0x8000b3b8 (0xff9ff06f)
core   0: 0x8000b3b0 (0x00002f17) auipc   t5, 0x2
core   0: 3 0x8000b3b0 (0x00002f17) x30 0x8000d3b0
core   0: 0x8000b3b4 (0xc43f2823) sw      gp, -944(t5)
core   0: 3 0x8000b3b4 (0xc43f2823) mem 0x8000d000 0x00000001
core   0: 0x8000b3b8 (0xff9ff06f) j       pc - 0x8
core   0: 3 0x8000b3b8 (0xff9ff06f)
core   0: 0x8000b3b0 (0x00002f17) auipc   t5, 0x2
core   0: 3 0x8000b3b0 (0x00002f17) x30 0x8000d3b0
core   0: 0x8000b3b4 (0xc43f2823) sw      gp, -944(t5)
core   0: 3 0x8000b3b4 (0xc43f2823) mem 0x8000d000 0x00000001
core   0: 0x8000b3b8 (0xff9ff06f) j       pc - 0x8
core   0: 3 0x8000b3b8 (0xff9ff06f)
core   0: 0x8000b3b0 (0x00002f17) auipc   t5, 0x2
core   0: 3 0x8000b3b0 (0x00002f17) x30 0x8000d3b0
core   0: 0x8000b3b4 (0xc43f2823) sw      gp, -944(t5)
core   0: 3 0x8000b3b4 (0xc43f2823) mem 0x8000d000 0x00000001
core   0: 0x8000b3b8 (0xff9ff06f) j       pc - 0x8
core   0: 3 0x8000b3b8 (0xff9ff06f)
core   0: 0x8000b3b0 (0x00002f17) auipc   t5, 0x2
core   0: 3 0x8000b3b0 (0x00002f17) x30 0x8000d3b0
core   0: 0x8000b3b4 (0xc43f2823) sw      gp, -944(t5)
core   0: 3 0x8000b3b4 (0xc43f2823) mem 0x8000d000 0x00000001
core   0: 0x8000b3b8 (0xff9ff06f) j       pc - 0x8
core   0: 3 0x8000b3b8 (0xff9ff06f)
core   0: 0x8000b3b0 (0x00002f17) auipc   t5, 0x2
core   0: 3 0x8000b3b0 (0x00002f17) x30 0x8000d3b0
core   0: 0x8000b3b4 (0xc43f2823) sw      gp, -944(t5)
core   0: 3 0x8000b3b4 (0xc43f2823) mem 0x8000d000 0x00000001
core   0: 0x8000b3b8 (0xff9ff06f) j       pc - 0x8
core   0: 3 0x8000b3b8 (0xff9ff06f)
core   0: 0x8000b3b0 (0x00002f17) auipc   t5, 0x2
core   0: 3 0x8000b3b0 (0x00002f17) x30 0x8000d3b0
core   0: 0x8000b3b4 (0xc43f2823) sw      gp, -944(t5)
core   0: 3 0x8000b3b4 (0xc43f2823) mem 0x8000d000 0x00000001
core   0: 0x8000b3b8 (0xff9ff06f) j       pc - 0x8
core   0: 3 0x8000b3b8 (0xff9ff06f)
core   0: 0x8000b3b0 (0x00002f17) auipc   t5, 0x2
core   0: 3 0x8000b3b0 (0x00002f17) x30 0x8000d3b0
core   0: 0x8000b3b4 (0xc43f2823) sw      gp, -944(t5)
core   0: 3 0x8000b3b4 (0xc43f2823) mem 0x8000d000 0x00000001
core   0: 0x8000b3b8 (0xff9ff06f) j       pc - 0x8
core   0: 3 0x8000b3b8 (0xff9ff06f)
core   0: 0x8000b3b0 (0x00002f17) auipc   t5, 0x2
core   0: 3 0x8000b3b0 (0x00002f17) x30 0x8000d3b0
core   0: 0x8000b3b4 (0xc43f2823) sw      gp, -944(t5)
core   0: 3 0x8000b3b4 (0xc43f2823) mem 0x8000d000 0x00000001
core   0: 0x8000b3b8 (0xff9ff06f) j       pc - 0x8
core   0: 3 0x8000b3b8 (0xff9ff06f)
core   0: 0x8000b3b0 (0x00002f17) auipc   t5, 0x2
core   0: 3 0x8000b3b0 (0x00002f17) x30 0x8000d3b0
core   0: 0x8000b3b4 (0xc43f2823) sw      gp, -944(t5)
core   0: 3 0x8000b3b4 (0xc43f2823) mem 0x8000d000 0x00000001
core   0: 0x8000b3b8 (0xff9ff06f) j       pc - 0x8
core   0: 3 0x8000b3b8 (0xff9ff06f)
core   0: 0x8000b3b0 (0x00002f17) auipc   t5, 0x2
core   0: 3 0x8000b3b0 (0x00002f17) x30 0x8000d3b0
core   0: 0x8000b3b4 (0xc43f2823) sw      gp, -944(t5)
core   0: 3 0x8000b3b4 (0xc43f2823) mem 0x8000d000 0x00000001
core   0: 0x8000b3b8 (0xff9ff06f) j       pc - 0x8
core   0: 3 0x8000b3b8 (0xff9ff06f)
core   0: 0x8000b3b0 (0x00002f17) auipc   t5, 0x2
core   0: 3 0x8000b3b0 (0x00002f17) x30 0x8000d3b0
core   0: 0x8000b3b4 (0xc43f2823) sw      gp, -944(t5)
core   0: 3 0x8000b3b4 (0xc43f2823) mem 0x8000d000 0x00000001
core   0: 0x8000b3b8 (0xff9ff06f) j       pc - 0x8
core   0: 3 0x8000b3b8 (0xff9ff06f)
core   0: 0x8000b3b0 (0x00002f17) auipc   t5, 0x2
core   0: 3 0x8000b3b0 (0x00002f17) x30 0x8000d3b0
core   0: 0x8000b3b4 (0xc43f2823) sw      gp, -944(t5)
core   0: 3 0x8000b3b4 (0xc43f2823) mem 0x8000d000 0x00000001
core   0: 0x8000b3b8 (0xff9ff06f) j       pc - 0x8
core   0: 3 0x8000b3b8 (0xff9ff06f)
core   0: 0x8000b3b0 (0x00002f17) auipc   t5, 0x2
core   0: 3 0x8000b3b0 (0x00002f17) x30 0x8000d3b0
core   0: 0x8000b3b4 (0xc43f2823) sw      gp, -944(t5)
core   0: 3 0x8000b3b4 (0xc43f2823) mem 0x8000d000 0x00000001
core   0: 0x8000b3b8 (0xff9ff06f) j       pc - 0x8
core   0: 3 0x8000b3b8 (0xff9ff06f)
core   0: 0x8000b3b0 (0x00002f17) auipc   t5, 0x2
core   0: 3 0x8000b3b0 (0x00002f17) x30 0x8000d3b0
core   0: 0x8000b3b4 (0xc43f2823) sw      gp, -944(t5)
core   0: 3 0x8000b3b4 (0xc43f2823) mem 0x8000d000 0x00000001
core   0: 0x8000b3b8 (0xff9ff06f) j       pc - 0x8
core   0: 3 0x8000b3b8 (0xff9ff06f)
core   0: 0x8000b3b0 (0x00002f17) auipc   t5, 0x2
core   0: 3 0x8000b3b0 (0x00002f17) x30 0x8000d3b0
core   0: 0x8000b3b4 (0xc43f2823) sw      gp, -944(t5)
core   0: 3 0x8000b3b4 (0xc43f2823) mem 0x8000d000 0x00000001
core   0: 0x8000b3b8 (0xff9ff06f) j       pc - 0x8
core   0: 3 0x8000b3b8 (0xff9ff06f)
core   0: 0x8000b3b0 (0x00002f17) auipc   t5, 0x2
core   0: 3 0x8000b3b0 (0x00002f17) x30 0x8000d3b0
core   0: 0x8000b3b4 (0xc43f2823) sw      gp, -944(t5)
core   0: 3 0x8000b3b4 (0xc43f2823) mem 0x8000d000 0x00000001
core   0: 0x8000b3b8 (0xff9ff06f) j       pc - 0x8
core   0: 3 0x8000b3b8 (0xff9ff06f)
core   0: 0x8000b3b0 (0x00002f17) auipc   t5, 0x2
core   0: 3 0x8000b3b0 (0x00002f17) x30 0x8000d3b0
core   0: 0x8000b3b4 (0xc43f2823) sw      gp, -944(t5)
core   0: 3 0x8000b3b4 (0xc43f2823) mem 0x8000d000 0x00000001
core   0: 0x8000b3b8 (0xff9ff06f) j       pc - 0x8
core   0: 3 0x8000b3b8 (0xff9ff06f)
core   0: 0x8000b3b0 (0x00002f17) auipc   t5, 0x2
core   0: 3 0x8000b3b0 (0x00002f17) x30 0x8000d3b0
core   0: 0x8000b3b4 (0xc43f2823) sw      gp, -944(t5)
core   0: 3 0x8000b3b4 (0xc43f2823) mem 0x8000d000 0x00000001
core   0: 0x8000b3b8 (0xff9ff06f) j       pc - 0x8
core   0: 3 0x8000b3b8 (0xff9ff06f)
core   0: 0x8000b3b0 (0x00002f17) auipc   t5, 0x2
core   0: 3 0x8000b3b0 (0x00002f17) x30 0x8000d3b0
core   0: 0x8000b3b4 (0xc43f2823) sw      gp, -944(t5)
core   0: 3 0x8000b3b4 (0xc43f2823) mem 0x8000d000 0x00000001
core   0: 0x8000b3b8 (0xff9ff06f) j       pc - 0x8
core   0: 3 0x8000b3b8 (0xff9ff06f)
core   0: 0x8000b3b0 (0x00002f17) auipc   t5, 0x2
core   0: 3 0x8000b3b0 (0x00002f17) x30 0x8000d3b0
core   0: 0x8000b3b4 (0xc43f2823) sw      gp, -944(t5)
core   0: 3 0x8000b3b4 (0xc43f2823) mem 0x8000d000 0x00000001
core   0: 0x8000b3b8 (0xff9ff06f) j       pc - 0x8
core   0: 3 0x8000b3b8 (0xff9ff06f)
core   0: 0x8000b3b0 (0x00002f17) auipc   t5, 0x2
core   0: 3 0x8000b3b0 (0x00002f17) x30 0x8000d3b0
core   0: 0x8000b3b4 (0xc43f2823) sw      gp, -944(t5)
core   0: 3 0x8000b3b4 (0xc43f2823) mem 0x8000d000 0x00000001
core   0: 0x8000b3b8 (0xff9ff06f) j       pc - 0x8
core   0: 3 0x8000b3b8 (0xff9ff06f)
core   0: 0x8000b3b0 (0x00002f17) auipc   t5, 0x2
core   0: 3 0x8000b3b0 (0x00002f17) x30 0x8000d3b0
core   0: 0x8000b3b4 (0xc43f2823) sw      gp, -944(t5)
core   0: 3 0x8000b3b4 (0xc43f2823) mem 0x8000d000 0x00000001
core   0: 0x8000b3b8 (0xff9ff06f) j       pc - 0x8
core   0: 3 0x8000b3b8 (0xff9ff06f)
core   0: 0x8000b3b0 (0x00002f17) auipc   t5, 0x2
core   0: 3 0x8000b3b0 (0x00002f17) x30 0x8000d3b0
core   0: 0x8000b3b4 (0xc43f2823) sw      gp, -944(t5)
core   0: 3 0x8000b3b4 (0xc43f2823) mem 0x8000d000 0x00000001
core   0: 0x8000b3b8 (0xff9ff06f) j       pc - 0x8
core   0: 3 0x8000b3b8 (0xff9ff06f)
core   0: 0x8000b3b0 (0x00002f17) auipc   t5, 0x2
core   0: 3 0x8000b3b0 (0x00002f17) x30 0x8000d3b0
core   0: 0x8000b3b4 (0xc43f2823) sw      gp, -944(t5)
core   0: 3 0x8000b3b4 (0xc43f2823) mem 0x8000d000 0x00000001
core   0: 0x8000b3b8 (0xff9ff06f) j       pc - 0x8
core   0: 3 0x8000b3b8 (0xff9ff06f)
core   0: 0x8000b3b0 (0x00002f17) auipc   t5, 0x2
core   0: 3 0x8000b3b0 (0x00002f17) x30 0x8000d3b0
core   0: 0x8000b3b4 (0xc43f2823) sw      gp, -944(t5)
core   0: 3 0x8000b3b4 (0xc43f2823) mem 0x8000d000 0x00000001
core   0: 0x8000b3b8 (0xff9ff06f) j       pc - 0x8
core   0: 3 0x8000b3b8 (0xff9ff06f)
core   0: 0x8000b3b0 (0x00002f17) auipc   t5, 0x2
core   0: 3 0x8000b3b0 (0x00002f17) x30 0x8000d3b0
core   0: 0x8000b3b4 (0xc43f2823) sw      gp, -944(t5)
core   0: 3 0x8000b3b4 (0xc43f2823) mem 0x8000d000 0x00000001
core   0: 0x8000b3b8 (0xff9ff06f) j       pc - 0x8
core   0: 3 0x8000b3b8 (0xff9ff06f)
core   0: 0x8000b3b0 (0x00002f17) auipc   t5, 0x2
core   0: 3 0x8000b3b0 (0x00002f17) x30 0x8000d3b0
core   0: 0x8000b3b4 (0xc43f2823) sw      gp, -944(t5)
core   0: 3 0x8000b3b4 (0xc43f2823) mem 0x8000d000 0x00000001
core   0: 0x8000b3b8 (0xff9ff06f) j       pc - 0x8
core   0: 3 0x8000b3b8 (0xff9ff06f)
core   0: 0x8000b3b0 (0x00002f17) auipc   t5, 0x2
core   0: 3 0x8000b3b0 (0x00002f17) x30 0x8000d3b0
core   0: 0x8000b3b4 (0xc43f2823) sw      gp, -944(t5)
core   0: 3 0x8000b3b4 (0xc43f2823) mem 0x8000d000 0x00000001
core   0: 0x8000b3b8 (0xff9ff06f) j       pc - 0x8
core   0: 3 0x8000b3b8 (0xff9ff06f)
core   0: 0x8000b3b0 (0x00002f17) auipc   t5, 0x2
core   0: 3 0x8000b3b0 (0x00002f17) x30 0x8000d3b0
core   0: 0x8000b3b4 (0xc43f2823) sw      gp, -944(t5)
core   0: 3 0x8000b3b4 (0xc43f2823) mem 0x8000d000 0x00000001
core   0: 0x8000b3b8 (0xff9ff06f) j       pc - 0x8
core   0: 3 0x8000b3b8 (0xff9ff06f)
core   0: 0x8000b3b0 (0x00002f17) auipc   t5, 0x2
core   0: 3 0x8000b3b0 (0x00002f17) x30 0x8000d3b0
core   0: 0x8000b3b4 (0xc43f2823) sw      gp, -944(t5)
core   0: 3 0x8000b3b4 (0xc43f2823) mem 0x8000d000 0x00000001
core   0: 0x8000b3b8 (0xff9ff06f) j       pc - 0x8
core   0: 3 0x8000b3b8 (0xff9ff06f)
core   0: 0x8000b3b0 (0x00002f17) auipc   t5, 0x2
core   0: 3 0x8000b3b0 (0x00002f17) x30 0x8000d3b0
core   0: 0x8000b3b4 (0xc43f2823) sw      gp, -944(t5)
core   0: 3 0x8000b3b4 (0xc43f2823) mem 0x8000d000 0x00000001
core   0: 0x8000b3b8 (0xff9ff06f) j       pc - 0x8
core   0: 3 0x8000b3b8 (0xff9ff06f)
core   0: 0x8000b3b0 (0x00002f17) auipc   t5, 0x2
core   0: 3 0x8000b3b0 (0x00002f17) x30 0x8000d3b0
core   0: 0x8000b3b4 (0xc43f2823) sw      gp, -944(t5)
core   0: 3 0x8000b3b4 (0xc43f2823) mem 0x8000d000 0x00000001
core   0: 0x8000b3b8 (0xff9ff06f) j       pc - 0x8
core   0: 3 0x8000b3b8 (0xff9ff06f)
core   0: 0x8000b3b0 (0x00002f17) auipc   t5, 0x2
core   0: 3 0x8000b3b0 (0x00002f17) x30 0x8000d3b0
core   0: 0x8000b3b4 (0xc43f2823) sw      gp, -944(t5)
core   0: 3 0x8000b3b4 (0xc43f2823) mem 0x8000d000 0x00000001
core   0: 0x8000b3b8 (0xff9ff06f) j       pc - 0x8
core   0: 3 0x8000b3b8 (0xff9ff06f)
core   0: 0x8000b3b0 (0x00002f17) auipc   t5, 0x2
core   0: 3 0x8000b3b0 (0x00002f17) x30 0x8000d3b0
core   0: 0x8000b3b4 (0xc43f2823) sw      gp, -944(t5)
core   0: 3 0x8000b3b4 (0xc43f2823) mem 0x8000d000 0x00000001
core   0: 0x8000b3b8 (0xff9ff06f) j       pc - 0x8
core   0: 3 0x8000b3b8 (0xff9ff06f)
core   0: 0x8000b3b0 (0x00002f17) auipc   t5, 0x2
core   0: 3 0x8000b3b0 (0x00002f17) x30 0x8000d3b0
core   0: 0x8000b3b4 (0xc43f2823) sw      gp, -944(t5)
core   0: 3 0x8000b3b4 (0xc43f2823) mem 0x8000d000 0x00000001
core   0: 0x8000b3b8 (0xff9ff06f) j       pc - 0x8
core   0: 3 0x8000b3b8 (0xff9ff06f)
core   0: 0x8000b3b0 (0x00002f17) auipc   t5, 0x2
core   0: 3 0x8000b3b0 (0x00002f17) x30 0x8000d3b0
core   0: 0x8000b3b4 (0xc43f2823) sw      gp, -944(t5)
core   0: 3 0x8000b3b4 (0xc43f2823) mem 0x8000d000 0x00000001
core   0: 0x8000b3b8 (0xff9ff06f) j       pc - 0x8
core   0: 3 0x8000b3b8 (0xff9ff06f)
core   0: 0x8000b3b0 (0x00002f17) auipc   t5, 0x2
core   0: 3 0x8000b3b0 (0x00002f17) x30 0x8000d3b0
core   0: 0x8000b3b4 (0xc43f2823) sw      gp, -944(t5)
core   0: 3 0x8000b3b4 (0xc43f2823) mem 0x8000d000 0x00000001
core   0: 0x8000b3b8 (0xff9ff06f) j       pc - 0x8
core   0: 3 0x8000b3b8 (0xff9ff06f)
core   0: 0x8000b3b0 (0x00002f17) auipc   t5, 0x2
core   0: 3 0x8000b3b0 (0x00002f17) x30 0x8000d3b0
core   0: 0x8000b3b4 (0xc43f2823) sw      gp, -944(t5)
core   0: 3 0x8000b3b4 (0xc43f2823) mem 0x8000d000 0x00000001
core   0: 0x8000b3b8 (0xff9ff06f) j       pc - 0x8
core   0: 3 0x8000b3b8 (0xff9ff06f)
core   0: 0x8000b3b0 (0x00002f17) auipc   t5, 0x2
core   0: 3 0x8000b3b0 (0x00002f17) x30 0x8000d3b0
core   0: 0x8000b3b4 (0xc43f2823) sw      gp, -944(t5)
core   0: 3 0x8000b3b4 (0xc43f2823) mem 0x8000d000 0x00000001
core   0: 0x8000b3b8 (0xff9ff06f) j       pc - 0x8
core   0: 3 0x8000b3b8 (0xff9ff06f)
core   0: 0x8000b3b0 (0x00002f17) auipc   t5, 0x2
core   0: 3 0x8000b3b0 (0x00002f17) x30 0x8000d3b0
core   0: 0x8000b3b4 (0xc43f2823) sw      gp, -944(t5)
core   0: 3 0x8000b3b4 (0xc43f2823) mem 0x8000d000 0x00000001
core   0: 0x8000b3b8 (0xff9ff06f) j       pc - 0x8
core   0: 3 0x8000b3b8 (0xff9ff06f)
core   0: 0x8000b3b0 (0x00002f17) auipc   t5, 0x2
core   0: 3 0x8000b3b0 (0x00002f17) x30 0x8000d3b0
core   0: 0x8000b3b4 (0xc43f2823) sw      gp, -944(t5)
core   0: 3 0x8000b3b4 (0xc43f2823) mem 0x8000d000 0x00000001
core   0: 0x8000b3b8 (0xff9ff06f) j       pc - 0x8
core   0: 3 0x8000b3b8 (0xff9ff06f)
core   0: 0x8000b3b0 (0x00002f17) auipc   t5, 0x2
core   0: 3 0x8000b3b0 (0x00002f17) x30 0x8000d3b0
core   0: 0x8000b3b4 (0xc43f2823) sw      gp, -944(t5)
core   0: 3 0x8000b3b4 (0xc43f2823) mem 0x8000d000 0x00000001
core   0: 0x8000b3b8 (0xff9ff06f) j       pc - 0x8
core   0: 3 0x8000b3b8 (0xff9ff06f)
core   0: 0x8000b3b0 (0x00002f17) auipc   t5, 0x2
core   0: 3 0x8000b3b0 (0x00002f17) x30 0x8000d3b0
core   0: 0x8000b3b4 (0xc43f2823) sw      gp, -944(t5)
core   0: 3 0x8000b3b4 (0xc43f2823) mem 0x8000d000 0x00000001
core   0: 0x8000b3b8 (0xff9ff06f) j       pc - 0x8
core   0: 3 0x8000b3b8 (0xff9ff06f)
core   0: 0x8000b3b0 (0x00002f17) auipc   t5, 0x2
core   0: 3 0x8000b3b0 (0x00002f17) x30 0x8000d3b0
core   0: 0x8000b3b4 (0xc43f2823) sw      gp, -944(t5)
core   0: 3 0x8000b3b4 (0xc43f2823) mem 0x8000d000 0x00000001
core   0: 0x8000b3b8 (0xff9ff06f) j       pc - 0x8
core   0: 3 0x8000b3b8 (0xff9ff06f)
core   0: 0x8000b3b0 (0x00002f17) auipc   t5, 0x2
core   0: 3 0x8000b3b0 (0x00002f17) x30 0x8000d3b0
core   0: 0x8000b3b4 (0xc43f2823) sw      gp, -944(t5)
core   0: 3 0x8000b3b4 (0xc43f2823) mem 0x8000d000 0x00000001
core   0: 0x8000b3b8 (0xff9ff06f) j       pc - 0x8
core   0: 3 0x8000b3b8 (0xff9ff06f)
core   0: 0x8000b3b0 (0x00002f17) auipc   t5, 0x2
core   0: 3 0x8000b3b0 (0x00002f17) x30 0x8000d3b0
core   0: 0x8000b3b4 (0xc43f2823) sw      gp, -944(t5)
core   0: 3 0x8000b3b4 (0xc43f2823) mem 0x8000d000 0x00000001
core   0: 0x8000b3b8 (0xff9ff06f) j       pc - 0x8
core   0: 3 0x8000b3b8 (0xff9ff06f)
core   0: 0x8000b3b0 (0x00002f17) auipc   t5, 0x2
core   0: 3 0x8000b3b0 (0x00002f17) x30 0x8000d3b0
core   0: 0x8000b3b4 (0xc43f2823) sw      gp, -944(t5)
core   0: 3 0x8000b3b4 (0xc43f2823) mem 0x8000d000 0x00000001
core   0: 0x8000b3b8 (0xff9ff06f) j       pc - 0x8
core   0: 3 0x8000b3b8 (0xff9ff06f)
core   0: 0x8000b3b0 (0x00002f17) auipc   t5, 0x2
core   0: 3 0x8000b3b0 (0x00002f17) x30 0x8000d3b0
core   0: 0x8000b3b4 (0xc43f2823) sw      gp, -944(t5)
core   0: 3 0x8000b3b4 (0xc43f2823) mem 0x8000d000 0x00000001
core   0: 0x8000b3b8 (0xff9ff06f) j       pc - 0x8
core   0: 3 0x8000b3b8 (0xff9ff06f)
core   0: 0x8000b3b0 (0x00002f17) auipc   t5, 0x2
core   0: 3 0x8000b3b0 (0x00002f17) x30 0x8000d3b0
core   0: 0x8000b3b4 (0xc43f2823) sw      gp, -944(t5)
core   0: 3 0x8000b3b4 (0xc43f2823) mem 0x8000d000 0x00000001
core   0: 0x8000b3b8 (0xff9ff06f) j       pc - 0x8
core   0: 3 0x8000b3b8 (0xff9ff06f)
core   0: 0x8000b3b0 (0x00002f17) auipc   t5, 0x2
core   0: 3 0x8000b3b0 (0x00002f17) x30 0x8000d3b0
core   0: 0x8000b3b4 (0xc43f2823) sw      gp, -944(t5)
core   0: 3 0x8000b3b4 (0xc43f2823) mem 0x8000d000 0x00000001
core   0: 0x8000b3b8 (0xff9ff06f) j       pc - 0x8
core   0: 3 0x8000b3b8 (0xff9ff06f)
core   0: 0x8000b3b0 (0x00002f17) auipc   t5, 0x2
core   0: 3 0x8000b3b0 (0x00002f17) x30 0x8000d3b0
core   0: 0x8000b3b4 (0xc43f2823) sw      gp, -944(t5)
core   0: 3 0x8000b3b4 (0xc43f2823) mem 0x8000d000 0x00000001
core   0: 0x8000b3b8 (0xff9ff06f) j       pc - 0x8
core   0: 3 0x8000b3b8 (0xff9ff06f)
core   0: 0x8000b3b0 (0x00002f17) auipc   t5, 0x2
core   0: 3 0x8000b3b0 (0x00002f17) x30 0x8000d3b0
core   0: 0x8000b3b4 (0xc43f2823) sw      gp, -944(t5)
core   0: 3 0x8000b3b4 (0xc43f2823) mem 0x8000d000 0x00000001
core   0: 0x8000b3b8 (0xff9ff06f) j       pc - 0x8
core   0: 3 0x8000b3b8 (0xff9ff06f)
core   0: 0x8000b3b0 (0x00002f17) auipc   t5, 0x2
core   0: 3 0x8000b3b0 (0x00002f17) x30 0x8000d3b0
core   0: 0x8000b3b4 (0xc43f2823) sw      gp, -944(t5)
core   0: 3 0x8000b3b4 (0xc43f2823) mem 0x8000d000 0x00000001
core   0: 0x8000b3b8 (0xff9ff06f) j       pc - 0x8
core   0: 3 0x8000b3b8 (0xff9ff06f)
core   0: 0x8000b3b0 (0x00002f17) auipc   t5, 0x2
core   0: 3 0x8000b3b0 (0x00002f17) x30 0x8000d3b0
core   0: 0x8000b3b4 (0xc43f2823) sw      gp, -944(t5)
core   0: 3 0x8000b3b4 (0xc43f2823) mem 0x8000d000 0x00000001
core   0: 0x8000b3b8 (0xff9ff06f) j       pc - 0x8
core   0: 3 0x8000b3b8 (0xff9ff06f)
core   0: 0x8000b3b0 (0x00002f17) auipc   t5, 0x2
core   0: 3 0x8000b3b0 (0x00002f17) x30 0x8000d3b0
core   0: 0x8000b3b4 (0xc43f2823) sw      gp, -944(t5)
core   0: 3 0x8000b3b4 (0xc43f2823) mem 0x8000d000 0x00000001
core   0: 0x8000b3b8 (0xff9ff06f) j       pc - 0x8
core   0: 3 0x8000b3b8 (0xff9ff06f)
core   0: 0x8000b3b0 (0x00002f17) auipc   t5, 0x2
core   0: 3 0x8000b3b0 (0x00002f17) x30 0x8000d3b0
core   0: 0x8000b3b4 (0xc43f2823) sw      gp, -944(t5)
core   0: 3 0x8000b3b4 (0xc43f2823) mem 0x8000d000 0x00000001
core   0: 0x8000b3b8 (0xff9ff06f) j       pc - 0x8
core   0: 3 0x8000b3b8 (0xff9ff06f)
core   0: 0x8000b3b0 (0x00002f17) auipc   t5, 0x2
core   0: 3 0x8000b3b0 (0x00002f17) x30 0x8000d3b0
core   0: 0x8000b3b4 (0xc43f2823) sw      gp, -944(t5)
core   0: 3 0x8000b3b4 (0xc43f2823) mem 0x8000d000 0x00000001
core   0: 0x8000b3b8 (0xff9ff06f) j       pc - 0x8
core   0: 3 0x8000b3b8 (0xff9ff06f)
core   0: 0x8000b3b0 (0x00002f17) auipc   t5, 0x2
core   0: 3 0x8000b3b0 (0x00002f17) x30 0x8000d3b0
core   0: 0x8000b3b4 (0xc43f2823) sw      gp, -944(t5)
core   0: 3 0x8000b3b4 (0xc43f2823) mem 0x8000d000 0x00000001
core   0: 0x8000b3b8 (0xff9ff06f) j       pc - 0x8
core   0: 3 0x8000b3b8 (0xff9ff06f)
core   0: 0x8000b3b0 (0x00002f17) auipc   t5, 0x2
core   0: 3 0x8000b3b0 (0x00002f17) x30 0x8000d3b0
core   0: 0x8000b3b4 (0xc43f2823) sw      gp, -944(t5)
core   0: 3 0x8000b3b4 (0xc43f2823) mem 0x8000d000 0x00000001
core   0: 0x8000b3b8 (0xff9ff06f) j       pc - 0x8
core   0: 3 0x8000b3b8 (0xff9ff06f)
core   0: 0x8000b3b0 (0x00002f17) auipc   t5, 0x2
core   0: 3 0x8000b3b0 (0x00002f17) x30 0x8000d3b0
core   0: 0x8000b3b4 (0xc43f2823) sw      gp, -944(t5)
core   0: 3 0x8000b3b4 (0xc43f2823) mem 0x8000d000 0x00000001
core   0: 0x8000b3b8 (0xff9ff06f) j       pc - 0x8
core   0: 3 0x8000b3b8 (0xff9ff06f)
core   0: 0x8000b3b0 (0x00002f17) auipc   t5, 0x2
core   0: 3 0x8000b3b0 (0x00002f17) x30 0x8000d3b0
core   0: 0x8000b3b4 (0xc43f2823) sw      gp, -944(t5)
core   0: 3 0x8000b3b4 (0xc43f2823) mem 0x8000d000 0x00000001
core   0: 0x8000b3b8 (0xff9ff06f) j       pc - 0x8
core   0: 3 0x8000b3b8 (0xff9ff06f)
core   0: 0x8000b3b0 (0x00002f17) auipc   t5, 0x2
core   0: 3 0x8000b3b0 (0x00002f17) x30 0x8000d3b0
core   0: 0x8000b3b4 (0xc43f2823) sw      gp, -944(t5)
core   0: 3 0x8000b3b4 (0xc43f2823) mem 0x8000d000 0x00000001
core   0: 0x8000b3b8 (0xff9ff06f) j       pc - 0x8
core   0: 3 0x8000b3b8 (0xff9ff06f)
core   0: 0x8000b3b0 (0x00002f17) auipc   t5, 0x2
core   0: 3 0x8000b3b0 (0x00002f17) x30 0x8000d3b0
core   0: 0x8000b3b4 (0xc43f2823) sw      gp, -944(t5)
core   0: 3 0x8000b3b4 (0xc43f2823) mem 0x8000d000 0x00000001
core   0: 0x8000b3b8 (0xff9ff06f) j       pc - 0x8
core   0: 3 0x8000b3b8 (0xff9ff06f)
core   0: 0x8000b3b0 (0x00002f17) auipc   t5, 0x2
core   0: 3 0x8000b3b0 (0x00002f17) x30 0x8000d3b0
core   0: 0x8000b3b4 (0xc43f2823) sw      gp, -944(t5)
core   0: 3 0x8000b3b4 (0xc43f2823) mem 0x8000d000 0x00000001
core   0: 0x8000b3b8 (0xff9ff06f) j       pc - 0x8
core   0: 3 0x8000b3b8 (0xff9ff06f)
core   0: 0x8000b3b0 (0x00002f17) auipc   t5, 0x2
core   0: 3 0x8000b3b0 (0x00002f17) x30 0x8000d3b0
core   0: 0x8000b3b4 (0xc43f2823) sw      gp, -944(t5)
core   0: 3 0x8000b3b4 (0xc43f2823) mem 0x8000d000 0x00000001
core   0: 0x8000b3b8 (0xff9ff06f) j       pc - 0x8
core   0: 3 0x8000b3b8 (0xff9ff06f)
core   0: 0x8000b3b0 (0x00002f17) auipc   t5, 0x2
core   0: 3 0x8000b3b0 (0x00002f17) x30 0x8000d3b0
core   0: 0x8000b3b4 (0xc43f2823) sw      gp, -944(t5)
core   0: 3 0x8000b3b4 (0xc43f2823) mem 0x8000d000 0x00000001
core   0: 0x8000b3b8 (0xff9ff06f) j       pc - 0x8
core   0: 3 0x8000b3b8 (0xff9ff06f)
core   0: 0x8000b3b0 (0x00002f17) auipc   t5, 0x2
core   0: 3 0x8000b3b0 (0x00002f17) x30 0x8000d3b0
core   0: 0x8000b3b4 (0xc43f2823) sw      gp, -944(t5)
core   0: 3 0x8000b3b4 (0xc43f2823) mem 0x8000d000 0x00000001
core   0: 0x8000b3b8 (0xff9ff06f) j       pc - 0x8
core   0: 3 0x8000b3b8 (0xff9ff06f)
core   0: 0x8000b3b0 (0x00002f17) auipc   t5, 0x2
core   0: 3 0x8000b3b0 (0x00002f17) x30 0x8000d3b0
core   0: 0x8000b3b4 (0xc43f2823) sw      gp, -944(t5)
core   0: 3 0x8000b3b4 (0xc43f2823) mem 0x8000d000 0x00000001
core   0: 0x8000b3b8 (0xff9ff06f) j       pc - 0x8
core   0: 3 0x8000b3b8 (0xff9ff06f)
core   0: 0x8000b3b0 (0x00002f17) auipc   t5, 0x2
core   0: 3 0x8000b3b0 (0x00002f17) x30 0x8000d3b0
core   0: 0x8000b3b4 (0xc43f2823) sw      gp, -944(t5)
core   0: 3 0x8000b3b4 (0xc43f2823) mem 0x8000d000 0x00000001
core   0: 0x8000b3b8 (0xff9ff06f) j       pc - 0x8
core   0: 3 0x8000b3b8 (0xff9ff06f)
core   0: 0x8000b3b0 (0x00002f17) auipc   t5, 0x2
core   0: 3 0x8000b3b0 (0x00002f17) x30 0x8000d3b0
core   0: 0x8000b3b4 (0xc43f2823) sw      gp, -944(t5)
core   0: 3 0x8000b3b4 (0xc43f2823) mem 0x8000d000 0x00000001
core   0: 0x8000b3b8 (0xff9ff06f) j       pc - 0x8
core   0: 3 0x8000b3b8 (0xff9ff06f)
core   0: 0x8000b3b0 (0x00002f17) auipc   t5, 0x2
core   0: 3 0x8000b3b0 (0x00002f17) x30 0x8000d3b0
core   0: 0x8000b3b4 (0xc43f2823) sw      gp, -944(t5)
core   0: 3 0x8000b3b4 (0xc43f2823) mem 0x8000d000 0x00000001
core   0: 0x8000b3b8 (0xff9ff06f) j       pc - 0x8
core   0: 3 0x8000b3b8 (0xff9ff06f)
core   0: 0x8000b3b0 (0x00002f17) auipc   t5, 0x2
core   0: 3 0x8000b3b0 (0x00002f17) x30 0x8000d3b0
core   0: 0x8000b3b4 (0xc43f2823) sw      gp, -944(t5)
core   0: 3 0x8000b3b4 (0xc43f2823) mem 0x8000d000 0x00000001
core   0: 0x8000b3b8 (0xff9ff06f) j       pc - 0x8
core   0: 3 0x8000b3b8 (0xff9ff06f)
core   0: 0x8000b3b0 (0x00002f17) auipc   t5, 0x2
core   0: 3 0x8000b3b0 (0x00002f17) x30 0x8000d3b0
core   0: 0x8000b3b4 (0xc43f2823) sw      gp, -944(t5)
core   0: 3 0x8000b3b4 (0xc43f2823) mem 0x8000d000 0x00000001
core   0: 0x8000b3b8 (0xff9ff06f) j       pc - 0x8
core   0: 3 0x8000b3b8 (0xff9ff06f)
core   0: 0x8000b3b0 (0x00002f17) auipc   t5, 0x2
core   0: 3 0x8000b3b0 (0x00002f17) x30 0x8000d3b0
core   0: 0x8000b3b4 (0xc43f2823) sw      gp, -944(t5)
core   0: 3 0x8000b3b4 (0xc43f2823) mem 0x8000d000 0x00000001
core   0: 0x8000b3b8 (0xff9ff06f) j       pc - 0x8
core   0: 3 0x8000b3b8 (0xff9ff06f)
core   0: 0x8000b3b0 (0x00002f17) auipc   t5, 0x2
core   0: 3 0x8000b3b0 (0x00002f17) x30 0x8000d3b0
core   0: 0x8000b3b4 (0xc43f2823) sw      gp, -944(t5)
core   0: 3 0x8000b3b4 (0xc43f2823) mem 0x8000d000 0x00000001
core   0: 0x8000b3b8 (0xff9ff06f) j       pc - 0x8
core   0: 3 0x8000b3b8 (0xff9ff06f)
core   0: 0x8000b3b0 (0x00002f17) auipc   t5, 0x2
core   0: 3 0x8000b3b0 (0x00002f17) x30 0x8000d3b0
core   0: 0x8000b3b4 (0xc43f2823) sw      gp, -944(t5)
core   0: 3 0x8000b3b4 (0xc43f2823) mem 0x8000d000 0x00000001
core   0: 0x8000b3b8 (0xff9ff06f) j       pc - 0x8
core   0: 3 0x8000b3b8 (0xff9ff06f)
core   0: 0x8000b3b0 (0x00002f17) auipc   t5, 0x2
core   0: 3 0x8000b3b0 (0x00002f17) x30 0x8000d3b0
core   0: 0x8000b3b4 (0xc43f2823) sw      gp, -944(t5)
core   0: 3 0x8000b3b4 (0xc43f2823) mem 0x8000d000 0x00000001
core   0: 0x8000b3b8 (0xff9ff06f) j       pc - 0x8
core   0: 3 0x8000b3b8 (0xff9ff06f)
core   0: 0x8000b3b0 (0x00002f17) auipc   t5, 0x2
core   0: 3 0x8000b3b0 (0x00002f17) x30 0x8000d3b0
core   0: 0x8000b3b4 (0xc43f2823) sw      gp, -944(t5)
core   0: 3 0x8000b3b4 (0xc43f2823) mem 0x8000d000 0x00000001
core   0: 0x8000b3b8 (0xff9ff06f) j       pc - 0x8
core   0: 3 0x8000b3b8 (0xff9ff06f)
core   0: 0x8000b3b0 (0x00002f17) auipc   t5, 0x2
core   0: 3 0x8000b3b0 (0x00002f17) x30 0x8000d3b0
core   0: 0x8000b3b4 (0xc43f2823) sw      gp, -944(t5)
core   0: 3 0x8000b3b4 (0xc43f2823) mem 0x8000d000 0x00000001
core   0: 0x8000b3b8 (0xff9ff06f) j       pc - 0x8
core   0: 3 0x8000b3b8 (0xff9ff06f)
core   0: 0x8000b3b0 (0x00002f17) auipc   t5, 0x2
core   0: 3 0x8000b3b0 (0x00002f17) x30 0x8000d3b0
core   0: 0x8000b3b4 (0xc43f2823) sw      gp, -944(t5)
core   0: 3 0x8000b3b4 (0xc43f2823) mem 0x8000d000 0x00000001
core   0: 0x8000b3b8 (0xff9ff06f) j       pc - 0x8
core   0: 3 0x8000b3b8 (0xff9ff06f)
core   0: 0x8000b3b0 (0x00002f17) auipc   t5, 0x2
core   0: 3 0x8000b3b0 (0x00002f17) x30 0x8000d3b0
core   0: 0x8000b3b4 (0xc43f2823) sw      gp, -944(t5)
core   0: 3 0x8000b3b4 (0xc43f2823) mem 0x8000d000 0x00000001
core   0: 0x8000b3b8 (0xff9ff06f) j       pc - 0x8
core   0: 3 0x8000b3b8 (0xff9ff06f)
core   0: 0x8000b3b0 (0x00002f17) auipc   t5, 0x2
core   0: 3 0x8000b3b0 (0x00002f17) x30 0x8000d3b0
core   0: 0x8000b3b4 (0xc43f2823) sw      gp, -944(t5)
core   0: 3 0x8000b3b4 (0xc43f2823) mem 0x8000d000 0x00000001
core   0: 0x8000b3b8 (0xff9ff06f) j       pc - 0x8
core   0: 3 0x8000b3b8 (0xff9ff06f)
core   0: 0x8000b3b0 (0x00002f17) auipc   t5, 0x2
core   0: 3 0x8000b3b0 (0x00002f17) x30 0x8000d3b0
core   0: 0x8000b3b4 (0xc43f2823) sw      gp, -944(t5)
core   0: 3 0x8000b3b4 (0xc43f2823) mem 0x8000d000 0x00000001
core   0: 0x8000b3b8 (0xff9ff06f) j       pc - 0x8
core   0: 3 0x8000b3b8 (0xff9ff06f)
core   0: 0x8000b3b0 (0x00002f17) auipc   t5, 0x2
core   0: 3 0x8000b3b0 (0x00002f17) x30 0x8000d3b0
core   0: 0x8000b3b4 (0xc43f2823) sw      gp, -944(t5)
core   0: 3 0x8000b3b4 (0xc43f2823) mem 0x8000d000 0x00000001
core   0: 0x8000b3b8 (0xff9ff06f) j       pc - 0x8
core   0: 3 0x8000b3b8 (0xff9ff06f)
core   0: 0x8000b3b0 (0x00002f17) auipc   t5, 0x2
core   0: 3 0x8000b3b0 (0x00002f17) x30 0x8000d3b0
core   0: 0x8000b3b4 (0xc43f2823) sw      gp, -944(t5)
core   0: 3 0x8000b3b4 (0xc43f2823) mem 0x8000d000 0x00000001
core   0: 0x8000b3b8 (0xff9ff06f) j       pc - 0x8
core   0: 3 0x8000b3b8 (0xff9ff06f)
core   0: 0x8000b3b0 (0x00002f17) auipc   t5, 0x2
core   0: 3 0x8000b3b0 (0x00002f17) x30 0x8000d3b0
core   0: 0x8000b3b4 (0xc43f2823) sw      gp, -944(t5)
core   0: 3 0x8000b3b4 (0xc43f2823) mem 0x8000d000 0x00000001
core   0: 0x8000b3b8 (0xff9ff06f) j       pc - 0x8
core   0: 3 0x8000b3b8 (0xff9ff06f)
core   0: 0x8000b3b0 (0x00002f17) auipc   t5, 0x2
core   0: 3 0x8000b3b0 (0x00002f17) x30 0x8000d3b0
core   0: 0x8000b3b4 (0xc43f2823) sw      gp, -944(t5)
core   0: 3 0x8000b3b4 (0xc43f2823) mem 0x8000d000 0x00000001
core   0: 0x8000b3b8 (0xff9ff06f) j       pc - 0x8
core   0: 3 0x8000b3b8 (0xff9ff06f)
core   0: 0x8000b3b0 (0x00002f17) auipc   t5, 0x2
core   0: 3 0x8000b3b0 (0x00002f17) x30 0x8000d3b0
core   0: 0x8000b3b4 (0xc43f2823) sw      gp, -944(t5)
core   0: 3 0x8000b3b4 (0xc43f2823) mem 0x8000d000 0x00000001
core   0: 0x8000b3b8 (0xff9ff06f) j       pc - 0x8
core   0: 3 0x8000b3b8 (0xff9ff06f)
core   0: 0x8000b3b0 (0x00002f17) auipc   t5, 0x2
core   0: 3 0x8000b3b0 (0x00002f17) x30 0x8000d3b0
core   0: 0x8000b3b4 (0xc43f2823) sw      gp, -944(t5)
core   0: 3 0x8000b3b4 (0xc43f2823) mem 0x8000d000 0x00000001
core   0: 0x8000b3b8 (0xff9ff06f) j       pc - 0x8
core   0: 3 0x8000b3b8 (0xff9ff06f)
core   0: 0x8000b3b0 (0x00002f17) auipc   t5, 0x2
core   0: 3 0x8000b3b0 (0x00002f17) x30 0x8000d3b0
core   0: 0x8000b3b4 (0xc43f2823) sw      gp, -944(t5)
core   0: 3 0x8000b3b4 (0xc43f2823) mem 0x8000d000 0x00000001
core   0: 0x8000b3b8 (0xff9ff06f) j       pc - 0x8
core   0: 3 0x8000b3b8 (0xff9ff06f)
core   0: 0x8000b3b0 (0x00002f17) auipc   t5, 0x2
core   0: 3 0x8000b3b0 (0x00002f17) x30 0x8000d3b0
core   0: 0x8000b3b4 (0xc43f2823) sw      gp, -944(t5)
core   0: 3 0x8000b3b4 (0xc43f2823) mem 0x8000d000 0x00000001
core   0: 0x8000b3b8 (0xff9ff06f) j       pc - 0x8
core   0: 3 0x8000b3b8 (0xff9ff06f)
core   0: 0x8000b3b0 (0x00002f17) auipc   t5, 0x2
core   0: 3 0x8000b3b0 (0x00002f17) x30 0x8000d3b0
core   0: 0x8000b3b4 (0xc43f2823) sw      gp, -944(t5)
core   0: 3 0x8000b3b4 (0xc43f2823) mem 0x8000d000 0x00000001
core   0: 0x8000b3b8 (0xff9ff06f) j       pc - 0x8
core   0: 3 0x8000b3b8 (0xff9ff06f)
core   0: 0x8000b3b0 (0x00002f17) auipc   t5, 0x2
core   0: 3 0x8000b3b0 (0x00002f17) x30 0x8000d3b0
core   0: 0x8000b3b4 (0xc43f2823) sw      gp, -944(t5)
core   0: 3 0x8000b3b4 (0xc43f2823) mem 0x8000d000 0x00000001
core   0: 0x8000b3b8 (0xff9ff06f) j       pc - 0x8
core   0: 3 0x8000b3b8 (0xff9ff06f)
core   0: 0x8000b3b0 (0x00002f17) auipc   t5, 0x2
core   0: 3 0x8000b3b0 (0x00002f17) x30 0x8000d3b0
core   0: 0x8000b3b4 (0xc43f2823) sw      gp, -944(t5)
core   0: 3 0x8000b3b4 (0xc43f2823) mem 0x8000d000 0x00000001
core   0: 0x8000b3b8 (0xff9ff06f) j       pc - 0x8
core   0: 3 0x8000b3b8 (0xff9ff06f)
core   0: 0x8000b3b0 (0x00002f17) auipc   t5, 0x2
core   0: 3 0x8000b3b0 (0x00002f17) x30 0x8000d3b0
core   0: 0x8000b3b4 (0xc43f2823) sw      gp, -944(t5)
core   0: 3 0x8000b3b4 (0xc43f2823) mem 0x8000d000 0x00000001
core   0: 0x8000b3b8 (0xff9ff06f) j       pc - 0x8
core   0: 3 0x8000b3b8 (0xff9ff06f)
core   0: 0x8000b3b0 (0x00002f17) auipc   t5, 0x2
core   0: 3 0x8000b3b0 (0x00002f17) x30 0x8000d3b0
core   0: 0x8000b3b4 (0xc43f2823) sw      gp, -944(t5)
core   0: 3 0x8000b3b4 (0xc43f2823) mem 0x8000d000 0x00000001
core   0: 0x8000b3b8 (0xff9ff06f) j       pc - 0x8
core   0: 3 0x8000b3b8 (0xff9ff06f)
core   0: 0x8000b3b0 (0x00002f17) auipc   t5, 0x2
core   0: 3 0x8000b3b0 (0x00002f17) x30 0x8000d3b0
core   0: 0x8000b3b4 (0xc43f2823) sw      gp, -944(t5)
core   0: 3 0x8000b3b4 (0xc43f2823) mem 0x8000d000 0x00000001
core   0: 0x8000b3b8 (0xff9ff06f) j       pc - 0x8
core   0: 3 0x8000b3b8 (0xff9ff06f)
core   0: 0x8000b3b0 (0x00002f17) auipc   t5, 0x2
core   0: 3 0x8000b3b0 (0x00002f17) x30 0x8000d3b0
core   0: 0x8000b3b4 (0xc43f2823) sw      gp, -944(t5)
core   0: 3 0x8000b3b4 (0xc43f2823) mem 0x8000d000 0x00000001
core   0: 0x8000b3b8 (0xff9ff06f) j       pc - 0x8
core   0: 3 0x8000b3b8 (0xff9ff06f)
core   0: 0x8000b3b0 (0x00002f17) auipc   t5, 0x2
core   0: 3 0x8000b3b0 (0x00002f17) x30 0x8000d3b0
core   0: 0x8000b3b4 (0xc43f2823) sw      gp, -944(t5)
core   0: 3 0x8000b3b4 (0xc43f2823) mem 0x8000d000 0x00000001
core   0: 0x8000b3b8 (0xff9ff06f) j       pc - 0x8
core   0: 3 0x8000b3b8 (0xff9ff06f)
core   0: 0x8000b3b0 (0x00002f17) auipc   t5, 0x2
core   0: 3 0x8000b3b0 (0x00002f17) x30 0x8000d3b0
core   0: 0x8000b3b4 (0xc43f2823) sw      gp, -944(t5)
core   0: 3 0x8000b3b4 (0xc43f2823) mem 0x8000d000 0x00000001
core   0: 0x8000b3b8 (0xff9ff06f) j       pc - 0x8
core   0: 3 0x8000b3b8 (0xff9ff06f)
core   0: 0x8000b3b0 (0x00002f17) auipc   t5, 0x2
core   0: 3 0x8000b3b0 (0x00002f17) x30 0x8000d3b0
core   0: 0x8000b3b4 (0xc43f2823) sw      gp, -944(t5)
core   0: 3 0x8000b3b4 (0xc43f2823) mem 0x8000d000 0x00000001
core   0: 0x8000b3b8 (0xff9ff06f) j       pc - 0x8
core   0: 3 0x8000b3b8 (0xff9ff06f)
core   0: 0x8000b3b0 (0x00002f17) auipc   t5, 0x2
core   0: 3 0x8000b3b0 (0x00002f17) x30 0x8000d3b0
core   0: 0x8000b3b4 (0xc43f2823) sw      gp, -944(t5)
core   0: 3 0x8000b3b4 (0xc43f2823) mem 0x8000d000 0x00000001
core   0: 0x8000b3b8 (0xff9ff06f) j       pc - 0x8
core   0: 3 0x8000b3b8 (0xff9ff06f)
core   0: 0x8000b3b0 (0x00002f17) auipc   t5, 0x2
core   0: 3 0x8000b3b0 (0x00002f17) x30 0x8000d3b0
core   0: 0x8000b3b4 (0xc43f2823) sw      gp, -944(t5)
core   0: 3 0x8000b3b4 (0xc43f2823) mem 0x8000d000 0x00000001
core   0: 0x8000b3b8 (0xff9ff06f) j       pc - 0x8
core   0: 3 0x8000b3b8 (0xff9ff06f)
core   0: 0x8000b3b0 (0x00002f17) auipc   t5, 0x2
core   0: 3 0x8000b3b0 (0x00002f17) x30 0x8000d3b0
core   0: 0x8000b3b4 (0xc43f2823) sw      gp, -944(t5)
core   0: 3 0x8000b3b4 (0xc43f2823) mem 0x8000d000 0x00000001
core   0: 0x8000b3b8 (0xff9ff06f) j       pc - 0x8
core   0: 3 0x8000b3b8 (0xff9ff06f)
core   0: 0x8000b3b0 (0x00002f17) auipc   t5, 0x2
core   0: 3 0x8000b3b0 (0x00002f17) x30 0x8000d3b0
core   0: 0x8000b3b4 (0xc43f2823) sw      gp, -944(t5)
core   0: 3 0x8000b3b4 (0xc43f2823) mem 0x8000d000 0x00000001
core   0: 0x8000b3b8 (0xff9ff06f) j       pc - 0x8
core   0: 3 0x8000b3b8 (0xff9ff06f)
core   0: 0x8000b3b0 (0x00002f17) auipc   t5, 0x2
core   0: 3 0x8000b3b0 (0x00002f17) x30 0x8000d3b0
core   0: 0x8000b3b4 (0xc43f2823) sw      gp, -944(t5)
core   0: 3 0x8000b3b4 (0xc43f2823) mem 0x8000d000 0x00000001
core   0: 0x8000b3b8 (0xff9ff06f) j       pc - 0x8
core   0: 3 0x8000b3b8 (0xff9ff06f)
core   0: 0x8000b3b0 (0x00002f17) auipc   t5, 0x2
core   0: 3 0x8000b3b0 (0x00002f17) x30 0x8000d3b0
core   0: 0x8000b3b4 (0xc43f2823) sw      gp, -944(t5)
core   0: 3 0x8000b3b4 (0xc43f2823) mem 0x8000d000 0x00000001
core   0: 0x8000b3b8 (0xff9ff06f) j       pc - 0x8
core   0: 3 0x8000b3b8 (0xff9ff06f)
core   0: 0x8000b3b0 (0x00002f17) auipc   t5, 0x2
core   0: 3 0x8000b3b0 (0x00002f17) x30 0x8000d3b0
core   0: 0x8000b3b4 (0xc43f2823) sw      gp, -944(t5)
core   0: 3 0x8000b3b4 (0xc43f2823) mem 0x8000d000 0x00000001
core   0: 0x8000b3b8 (0xff9ff06f) j       pc - 0x8
core   0: 3 0x8000b3b8 (0xff9ff06f)
core   0: 0x8000b3b0 (0x00002f17) auipc   t5, 0x2
core   0: 3 0x8000b3b0 (0x00002f17) x30 0x8000d3b0
core   0: 0x8000b3b4 (0xc43f2823) sw      gp, -944(t5)
core   0: 3 0x8000b3b4 (0xc43f2823) mem 0x8000d000 0x00000001
core   0: 0x8000b3b8 (0xff9ff06f) j       pc - 0x8
core   0: 3 0x8000b3b8 (0xff9ff06f)
core   0: 0x8000b3b0 (0x00002f17) auipc   t5, 0x2
core   0: 3 0x8000b3b0 (0x00002f17) x30 0x8000d3b0
core   0: 0x8000b3b4 (0xc43f2823) sw      gp, -944(t5)
core   0: 3 0x8000b3b4 (0xc43f2823) mem 0x8000d000 0x00000001
core   0: 0x8000b3b8 (0xff9ff06f) j       pc - 0x8
core   0: 3 0x8000b3b8 (0xff9ff06f)
core   0: 0x8000b3b0 (0x00002f17) auipc   t5, 0x2
core   0: 3 0x8000b3b0 (0x00002f17) x30 0x8000d3b0
core   0: 0x8000b3b4 (0xc43f2823) sw      gp, -944(t5)
core   0: 3 0x8000b3b4 (0xc43f2823) mem 0x8000d000 0x00000001
core   0: 0x8000b3b8 (0xff9ff06f) j       pc - 0x8
core   0: 3 0x8000b3b8 (0xff9ff06f)
core   0: 0x8000b3b0 (0x00002f17) auipc   t5, 0x2
core   0: 3 0x8000b3b0 (0x00002f17) x30 0x8000d3b0
core   0: 0x8000b3b4 (0xc43f2823) sw      gp, -944(t5)
core   0: 3 0x8000b3b4 (0xc43f2823) mem 0x8000d000 0x00000001
core   0: 0x8000b3b8 (0xff9ff06f) j       pc - 0x8
core   0: 3 0x8000b3b8 (0xff9ff06f)
core   0: 0x8000b3b0 (0x00002f17) auipc   t5, 0x2
core   0: 3 0x8000b3b0 (0x00002f17) x30 0x8000d3b0
core   0: 0x8000b3b4 (0xc43f2823) sw      gp, -944(t5)
core   0: 3 0x8000b3b4 (0xc43f2823) mem 0x8000d000 0x00000001
core   0: 0x8000b3b8 (0xff9ff06f) j       pc - 0x8
core   0: 3 0x8000b3b8 (0xff9ff06f)
core   0: 0x8000b3b0 (0x00002f17) auipc   t5, 0x2
core   0: 3 0x8000b3b0 (0x00002f17) x30 0x8000d3b0
core   0: 0x8000b3b4 (0xc43f2823) sw      gp, -944(t5)
core   0: 3 0x8000b3b4 (0xc43f2823) mem 0x8000d000 0x00000001
core   0: 0x8000b3b8 (0xff9ff06f) j       pc - 0x8
core   0: 3 0x8000b3b8 (0xff9ff06f)
core   0: 0x8000b3b0 (0x00002f17) auipc   t5, 0x2
core   0: 3 0x8000b3b0 (0x00002f17) x30 0x8000d3b0
core   0: 0x8000b3b4 (0xc43f2823) sw      gp, -944(t5)
core   0: 3 0x8000b3b4 (0xc43f2823) mem 0x8000d000 0x00000001
core   0: 0x8000b3b8 (0xff9ff06f) j       pc - 0x8
core   0: 3 0x8000b3b8 (0xff9ff06f)
core   0: 0x8000b3b0 (0x00002f17) auipc   t5, 0x2
core   0: 3 0x8000b3b0 (0x00002f17) x30 0x8000d3b0
core   0: 0x8000b3b4 (0xc43f2823) sw      gp, -944(t5)
core   0: 3 0x8000b3b4 (0xc43f2823) mem 0x8000d000 0x00000001
core   0: 0x8000b3b8 (0xff9ff06f) j       pc - 0x8
core   0: 3 0x8000b3b8 (0xff9ff06f)
core   0: 0x8000b3b0 (0x00002f17) auipc   t5, 0x2
core   0: 3 0x8000b3b0 (0x00002f17) x30 0x8000d3b0
core   0: 0x8000b3b4 (0xc43f2823) sw      gp, -944(t5)
core   0: 3 0x8000b3b4 (0xc43f2823) mem 0x8000d000 0x00000001
core   0: 0x8000b3b8 (0xff9ff06f) j       pc - 0x8
core   0: 3 0x8000b3b8 (0xff9ff06f)
core   0: 0x8000b3b0 (0x00002f17) auipc   t5, 0x2
core   0: 3 0x8000b3b0 (0x00002f17) x30 0x8000d3b0
core   0: 0x8000b3b4 (0xc43f2823) sw      gp, -944(t5)
core   0: 3 0x8000b3b4 (0xc43f2823) mem 0x8000d000 0x00000001
core   0: 0x8000b3b8 (0xff9ff06f) j       pc - 0x8
core   0: 3 0x8000b3b8 (0xff9ff06f)
core   0: 0x8000b3b0 (0x00002f17) auipc   t5, 0x2
core   0: 3 0x8000b3b0 (0x00002f17) x30 0x8000d3b0
core   0: 0x8000b3b4 (0xc43f2823) sw      gp, -944(t5)
core   0: 3 0x8000b3b4 (0xc43f2823) mem 0x8000d000 0x00000001
core   0: 0x8000b3b8 (0xff9ff06f) j       pc - 0x8
core   0: 3 0x8000b3b8 (0xff9ff06f)
core   0: 0x8000b3b0 (0x00002f17) auipc   t5, 0x2
core   0: 3 0x8000b3b0 (0x00002f17) x30 0x8000d3b0
core   0: 0x8000b3b4 (0xc43f2823) sw      gp, -944(t5)
core   0: 3 0x8000b3b4 (0xc43f2823) mem 0x8000d000 0x00000001
core   0: 0x8000b3b8 (0xff9ff06f) j       pc - 0x8
core   0: 3 0x8000b3b8 (0xff9ff06f)
core   0: 0x8000b3b0 (0x00002f17) auipc   t5, 0x2
core   0: 3 0x8000b3b0 (0x00002f17) x30 0x8000d3b0
core   0: 0x8000b3b4 (0xc43f2823) sw      gp, -944(t5)
core   0: 3 0x8000b3b4 (0xc43f2823) mem 0x8000d000 0x00000001
core   0: 0x8000b3b8 (0xff9ff06f) j       pc - 0x8
core   0: 3 0x8000b3b8 (0xff9ff06f)
core   0: 0x8000b3b0 (0x00002f17) auipc   t5, 0x2
core   0: 3 0x8000b3b0 (0x00002f17) x30 0x8000d3b0
core   0: 0x8000b3b4 (0xc43f2823) sw      gp, -944(t5)
core   0: 3 0x8000b3b4 (0xc43f2823) mem 0x8000d000 0x00000001
core   0: 0x8000b3b8 (0xff9ff06f) j       pc - 0x8
core   0: 3 0x8000b3b8 (0xff9ff06f)
core   0: 0x8000b3b0 (0x00002f17) auipc   t5, 0x2
core   0: 3 0x8000b3b0 (0x00002f17) x30 0x8000d3b0
core   0: 0x8000b3b4 (0xc43f2823) sw      gp, -944(t5)
core   0: 3 0x8000b3b4 (0xc43f2823) mem 0x8000d000 0x00000001
core   0: 0x8000b3b8 (0xff9ff06f) j       pc - 0x8
core   0: 3 0x8000b3b8 (0xff9ff06f)
core   0: 0x8000b3b0 (0x00002f17) auipc   t5, 0x2
core   0: 3 0x8000b3b0 (0x00002f17) x30 0x8000d3b0
core   0: 0x8000b3b4 (0xc43f2823) sw      gp, -944(t5)
core   0: 3 0x8000b3b4 (0xc43f2823) mem 0x8000d000 0x00000001
core   0: 0x8000b3b8 (0xff9ff06f) j       pc - 0x8
core   0: 3 0x8000b3b8 (0xff9ff06f)
core   0: 0x8000b3b0 (0x00002f17) auipc   t5, 0x2
core   0: 3 0x8000b3b0 (0x00002f17) x30 0x8000d3b0
core   0: 0x8000b3b4 (0xc43f2823) sw      gp, -944(t5)
core   0: 3 0x8000b3b4 (0xc43f2823) mem 0x8000d000 0x00000001
core   0: 0x8000b3b8 (0xff9ff06f) j       pc - 0x8
core   0: 3 0x8000b3b8 (0xff9ff06f)
core   0: 0x8000b3b0 (0x00002f17) auipc   t5, 0x2
core   0: 3 0x8000b3b0 (0x00002f17) x30 0x8000d3b0
core   0: 0x8000b3b4 (0xc43f2823) sw      gp, -944(t5)
core   0: 3 0x8000b3b4 (0xc43f2823) mem 0x8000d000 0x00000001
core   0: 0x8000b3b8 (0xff9ff06f) j       pc - 0x8
core   0: 3 0x8000b3b8 (0xff9ff06f)
core   0: 0x8000b3b0 (0x00002f17) auipc   t5, 0x2
core   0: 3 0x8000b3b0 (0x00002f17) x30 0x8000d3b0
core   0: 0x8000b3b4 (0xc43f2823) sw      gp, -944(t5)
core   0: 3 0x8000b3b4 (0xc43f2823) mem 0x8000d000 0x00000001
core   0: 0x8000b3b8 (0xff9ff06f) j       pc - 0x8
core   0: 3 0x8000b3b8 (0xff9ff06f)
core   0: 0x8000b3b0 (0x00002f17) auipc   t5, 0x2
core   0: 3 0x8000b3b0 (0x00002f17) x30 0x8000d3b0
core   0: 0x8000b3b4 (0xc43f2823) sw      gp, -944(t5)
core   0: 3 0x8000b3b4 (0xc43f2823) mem 0x8000d000 0x00000001
core   0: 0x8000b3b8 (0xff9ff06f) j       pc - 0x8
core   0: 3 0x8000b3b8 (0xff9ff06f)
core   0: 0x8000b3b0 (0x00002f17) auipc   t5, 0x2
core   0: 3 0x8000b3b0 (0x00002f17) x30 0x8000d3b0
core   0: 0x8000b3b4 (0xc43f2823) sw      gp, -944(t5)
core   0: 3 0x8000b3b4 (0xc43f2823) mem 0x8000d000 0x00000001
core   0: 0x8000b3b8 (0xff9ff06f) j       pc - 0x8
core   0: 3 0x8000b3b8 (0xff9ff06f)
core   0: 0x8000b3b0 (0x00002f17) auipc   t5, 0x2
core   0: 3 0x8000b3b0 (0x00002f17) x30 0x8000d3b0
core   0: 0x8000b3b4 (0xc43f2823) sw      gp, -944(t5)
core   0: 3 0x8000b3b4 (0xc43f2823) mem 0x8000d000 0x00000001
core   0: 0x8000b3b8 (0xff9ff06f) j       pc - 0x8
core   0: 3 0x8000b3b8 (0xff9ff06f)
core   0: 0x8000b3b0 (0x00002f17) auipc   t5, 0x2
core   0: 3 0x8000b3b0 (0x00002f17) x30 0x8000d3b0
core   0: 0x8000b3b4 (0xc43f2823) sw      gp, -944(t5)
core   0: 3 0x8000b3b4 (0xc43f2823) mem 0x8000d000 0x00000001
core   0: 0x8000b3b8 (0xff9ff06f) j       pc - 0x8
core   0: 3 0x8000b3b8 (0xff9ff06f)
core   0: 0x8000b3b0 (0x00002f17) auipc   t5, 0x2
core   0: 3 0x8000b3b0 (0x00002f17) x30 0x8000d3b0
core   0: 0x8000b3b4 (0xc43f2823) sw      gp, -944(t5)
core   0: 3 0x8000b3b4 (0xc43f2823) mem 0x8000d000 0x00000001
core   0: 0x8000b3b8 (0xff9ff06f) j       pc - 0x8
core   0: 3 0x8000b3b8 (0xff9ff06f)
core   0: 0x8000b3b0 (0x00002f17) auipc   t5, 0x2
core   0: 3 0x8000b3b0 (0x00002f17) x30 0x8000d3b0
core   0: 0x8000b3b4 (0xc43f2823) sw      gp, -944(t5)
core   0: 3 0x8000b3b4 (0xc43f2823) mem 0x8000d000 0x00000001
core   0: 0x8000b3b8 (0xff9ff06f) j       pc - 0x8
core   0: 3 0x8000b3b8 (0xff9ff06f)
core   0: 0x8000b3b0 (0x00002f17) auipc   t5, 0x2
core   0: 3 0x8000b3b0 (0x00002f17) x30 0x8000d3b0
core   0: 0x8000b3b4 (0xc43f2823) sw      gp, -944(t5)
core   0: 3 0x8000b3b4 (0xc43f2823) mem 0x8000d000 0x00000001
core   0: 0x8000b3b8 (0xff9ff06f) j       pc - 0x8
core   0: 3 0x8000b3b8 (0xff9ff06f)
core   0: 0x8000b3b0 (0x00002f17) auipc   t5, 0x2
core   0: 3 0x8000b3b0 (0x00002f17) x30 0x8000d3b0
core   0: 0x8000b3b4 (0xc43f2823) sw      gp, -944(t5)
core   0: 3 0x8000b3b4 (0xc43f2823) mem 0x8000d000 0x00000001
core   0: 0x8000b3b8 (0xff9ff06f) j       pc - 0x8
core   0: 3 0x8000b3b8 (0xff9ff06f)
core   0: 0x8000b3b0 (0x00002f17) auipc   t5, 0x2
core   0: 3 0x8000b3b0 (0x00002f17) x30 0x8000d3b0
core   0: 0x8000b3b4 (0xc43f2823) sw      gp, -944(t5)
core   0: 3 0x8000b3b4 (0xc43f2823) mem 0x8000d000 0x00000001
core   0: 0x8000b3b8 (0xff9ff06f) j       pc - 0x8
core   0: 3 0x8000b3b8 (0xff9ff06f)
core   0: 0x8000b3b0 (0x00002f17) auipc   t5, 0x2
core   0: 3 0x8000b3b0 (0x00002f17) x30 0x8000d3b0
core   0: 0x8000b3b4 (0xc43f2823) sw      gp, -944(t5)
core   0: 3 0x8000b3b4 (0xc43f2823) mem 0x8000d000 0x00000001
core   0: 0x8000b3b8 (0xff9ff06f) j       pc - 0x8
core   0: 3 0x8000b3b8 (0xff9ff06f)
core   0: 0x8000b3b0 (0x00002f17) auipc   t5, 0x2
core   0: 3 0x8000b3b0 (0x00002f17) x30 0x8000d3b0
core   0: 0x8000b3b4 (0xc43f2823) sw      gp, -944(t5)
core   0: 3 0x8000b3b4 (0xc43f2823) mem 0x8000d000 0x00000001
core   0: 0x8000b3b8 (0xff9ff06f) j       pc - 0x8
core   0: 3 0x8000b3b8 (0xff9ff06f)
core   0: 0x8000b3b0 (0x00002f17) auipc   t5, 0x2
core   0: 3 0x8000b3b0 (0x00002f17) x30 0x8000d3b0
core   0: 0x8000b3b4 (0xc43f2823) sw      gp, -944(t5)
core   0: 3 0x8000b3b4 (0xc43f2823) mem 0x8000d000 0x00000001
core   0: 0x8000b3b8 (0xff9ff06f) j       pc - 0x8
core   0: 3 0x8000b3b8 (0xff9ff06f)
core   0: 0x8000b3b0 (0x00002f17) auipc   t5, 0x2
core   0: 3 0x8000b3b0 (0x00002f17) x30 0x8000d3b0
core   0: 0x8000b3b4 (0xc43f2823) sw      gp, -944(t5)
core   0: 3 0x8000b3b4 (0xc43f2823) mem 0x8000d000 0x00000001
core   0: 0x8000b3b8 (0xff9ff06f) j       pc - 0x8
core   0: 3 0x8000b3b8 (0xff9ff06f)
core   0: 0x8000b3b0 (0x00002f17) auipc   t5, 0x2
core   0: 3 0x8000b3b0 (0x00002f17) x30 0x8000d3b0
core   0: 0x8000b3b4 (0xc43f2823) sw      gp, -944(t5)
core   0: 3 0x8000b3b4 (0xc43f2823) mem 0x8000d000 0x00000001
core   0: 0x8000b3b8 (0xff9ff06f) j       pc - 0x8
core   0: 3 0x8000b3b8 (0xff9ff06f)
core   0: 0x8000b3b0 (0x00002f17) auipc   t5, 0x2
core   0: 3 0x8000b3b0 (0x00002f17) x30 0x8000d3b0
core   0: 0x8000b3b4 (0xc43f2823) sw      gp, -944(t5)
core   0: 3 0x8000b3b4 (0xc43f2823) mem 0x8000d000 0x00000001
core   0: 0x8000b3b8 (0xff9ff06f) j       pc - 0x8
core   0: 3 0x8000b3b8 (0xff9ff06f)
core   0: 0x8000b3b0 (0x00002f17) auipc   t5, 0x2
core   0: 3 0x8000b3b0 (0x00002f17) x30 0x8000d3b0
core   0: 0x8000b3b4 (0xc43f2823) sw      gp, -944(t5)
core   0: 3 0x8000b3b4 (0xc43f2823) mem 0x8000d000 0x00000001
core   0: 0x8000b3b8 (0xff9ff06f) j       pc - 0x8
core   0: 3 0x8000b3b8 (0xff9ff06f)
core   0: 0x8000b3b0 (0x00002f17) auipc   t5, 0x2
core   0: 3 0x8000b3b0 (0x00002f17) x30 0x8000d3b0
core   0: 0x8000b3b4 (0xc43f2823) sw      gp, -944(t5)
core   0: 3 0x8000b3b4 (0xc43f2823) mem 0x8000d000 0x00000001
core   0: 0x8000b3b8 (0xff9ff06f) j       pc - 0x8
core   0: 3 0x8000b3b8 (0xff9ff06f)
core   0: 0x8000b3b0 (0x00002f17) auipc   t5, 0x2
core   0: 3 0x8000b3b0 (0x00002f17) x30 0x8000d3b0
core   0: 0x8000b3b4 (0xc43f2823) sw      gp, -944(t5)
core   0: 3 0x8000b3b4 (0xc43f2823) mem 0x8000d000 0x00000001
core   0: 0x8000b3b8 (0xff9ff06f) j       pc - 0x8
core   0: 3 0x8000b3b8 (0xff9ff06f)
core   0: 0x8000b3b0 (0x00002f17) auipc   t5, 0x2
core   0: 3 0x8000b3b0 (0x00002f17) x30 0x8000d3b0
core   0: 0x8000b3b4 (0xc43f2823) sw      gp, -944(t5)
core   0: 3 0x8000b3b4 (0xc43f2823) mem 0x8000d000 0x00000001
core   0: 0x8000b3b8 (0xff9ff06f) j       pc - 0x8
core   0: 3 0x8000b3b8 (0xff9ff06f)
core   0: 0x8000b3b0 (0x00002f17) auipc   t5, 0x2
core   0: 3 0x8000b3b0 (0x00002f17) x30 0x8000d3b0
core   0: 0x8000b3b4 (0xc43f2823) sw      gp, -944(t5)
core   0: 3 0x8000b3b4 (0xc43f2823) mem 0x8000d000 0x00000001
core   0: 0x8000b3b8 (0xff9ff06f) j       pc - 0x8
core   0: 3 0x8000b3b8 (0xff9ff06f)
core   0: 0x8000b3b0 (0x00002f17) auipc   t5, 0x2
core   0: 3 0x8000b3b0 (0x00002f17) x30 0x8000d3b0
core   0: 0x8000b3b4 (0xc43f2823) sw      gp, -944(t5)
core   0: 3 0x8000b3b4 (0xc43f2823) mem 0x8000d000 0x00000001
core   0: 0x8000b3b8 (0xff9ff06f) j       pc - 0x8
core   0: 3 0x8000b3b8 (0xff9ff06f)
core   0: 0x8000b3b0 (0x00002f17) auipc   t5, 0x2
core   0: 3 0x8000b3b0 (0x00002f17) x30 0x8000d3b0
core   0: 0x8000b3b4 (0xc43f2823) sw      gp, -944(t5)
core   0: 3 0x8000b3b4 (0xc43f2823) mem 0x8000d000 0x00000001
core   0: 0x8000b3b8 (0xff9ff06f) j       pc - 0x8
core   0: 3 0x8000b3b8 (0xff9ff06f)
core   0: 0x8000b3b0 (0x00002f17) auipc   t5, 0x2
core   0: 3 0x8000b3b0 (0x00002f17) x30 0x8000d3b0
core   0: 0x8000b3b4 (0xc43f2823) sw      gp, -944(t5)
core   0: 3 0x8000b3b4 (0xc43f2823) mem 0x8000d000 0x00000001
core   0: 0x8000b3b8 (0xff9ff06f) j       pc - 0x8
core   0: 3 0x8000b3b8 (0xff9ff06f)
core   0: 0x8000b3b0 (0x00002f17) auipc   t5, 0x2
core   0: 3 0x8000b3b0 (0x00002f17) x30 0x8000d3b0
core   0: 0x8000b3b4 (0xc43f2823) sw      gp, -944(t5)
core   0: 3 0x8000b3b4 (0xc43f2823) mem 0x8000d000 0x00000001
core   0: 0x8000b3b8 (0xff9ff06f) j       pc - 0x8
core   0: 3 0x8000b3b8 (0xff9ff06f)
core   0: 0x8000b3b0 (0x00002f17) auipc   t5, 0x2
core   0: 3 0x8000b3b0 (0x00002f17) x30 0x8000d3b0
core   0: 0x8000b3b4 (0xc43f2823) sw      gp, -944(t5)
core   0: 3 0x8000b3b4 (0xc43f2823) mem 0x8000d000 0x00000001
core   0: 0x8000b3b8 (0xff9ff06f) j       pc - 0x8
core   0: 3 0x8000b3b8 (0xff9ff06f)
core   0: 0x8000b3b0 (0x00002f17) auipc   t5, 0x2
core   0: 3 0x8000b3b0 (0x00002f17) x30 0x8000d3b0
core   0: 0x8000b3b4 (0xc43f2823) sw      gp, -944(t5)
core   0: 3 0x8000b3b4 (0xc43f2823) mem 0x8000d000 0x00000001
core   0: 0x8000b3b8 (0xff9ff06f) j       pc - 0x8
core   0: 3 0x8000b3b8 (0xff9ff06f)
core   0: 0x8000b3b0 (0x00002f17) auipc   t5, 0x2
core   0: 3 0x8000b3b0 (0x00002f17) x30 0x8000d3b0
core   0: 0x8000b3b4 (0xc43f2823) sw      gp, -944(t5)
core   0: 3 0x8000b3b4 (0xc43f2823) mem 0x8000d000 0x00000001
core   0: 0x8000b3b8 (0xff9ff06f) j       pc - 0x8
core   0: 3 0x8000b3b8 (0xff9ff06f)
core   0: 0x8000b3b0 (0x00002f17) auipc   t5, 0x2
core   0: 3 0x8000b3b0 (0x00002f17) x30 0x8000d3b0
core   0: 0x8000b3b4 (0xc43f2823) sw      gp, -944(t5)
core   0: 3 0x8000b3b4 (0xc43f2823) mem 0x8000d000 0x00000001
core   0: 0x8000b3b8 (0xff9ff06f) j       pc - 0x8
core   0: 3 0x8000b3b8 (0xff9ff06f)
core   0: 0x8000b3b0 (0x00002f17) auipc   t5, 0x2
core   0: 3 0x8000b3b0 (0x00002f17) x30 0x8000d3b0
core   0: 0x8000b3b4 (0xc43f2823) sw      gp, -944(t5)
core   0: 3 0x8000b3b4 (0xc43f2823) mem 0x8000d000 0x00000001
core   0: 0x8000b3b8 (0xff9ff06f) j       pc - 0x8
core   0: 3 0x8000b3b8 (0xff9ff06f)
core   0: 0x8000b3b0 (0x00002f17) auipc   t5, 0x2
core   0: 3 0x8000b3b0 (0x00002f17) x30 0x8000d3b0
core   0: 0x8000b3b4 (0xc43f2823) sw      gp, -944(t5)
core   0: 3 0x8000b3b4 (0xc43f2823) mem 0x8000d000 0x00000001
core   0: 0x8000b3b8 (0xff9ff06f) j       pc - 0x8
core   0: 3 0x8000b3b8 (0xff9ff06f)
core   0: 0x8000b3b0 (0x00002f17) auipc   t5, 0x2
core   0: 3 0x8000b3b0 (0x00002f17) x30 0x8000d3b0
core   0: 0x8000b3b4 (0xc43f2823) sw      gp, -944(t5)
core   0: 3 0x8000b3b4 (0xc43f2823) mem 0x8000d000 0x00000001
core   0: 0x8000b3b8 (0xff9ff06f) j       pc - 0x8
core   0: 3 0x8000b3b8 (0xff9ff06f)
core   0: 0x8000b3b0 (0x00002f17) auipc   t5, 0x2
core   0: 3 0x8000b3b0 (0x00002f17) x30 0x8000d3b0
core   0: 0x8000b3b4 (0xc43f2823) sw      gp, -944(t5)
core   0: 3 0x8000b3b4 (0xc43f2823) mem 0x8000d000 0x00000001
core   0: 0x8000b3b8 (0xff9ff06f) j       pc - 0x8
core   0: 3 0x8000b3b8 (0xff9ff06f)
core   0: 0x8000b3b0 (0x00002f17) auipc   t5, 0x2
core   0: 3 0x8000b3b0 (0x00002f17) x30 0x8000d3b0
core   0: 0x8000b3b4 (0xc43f2823) sw      gp, -944(t5)
core   0: 3 0x8000b3b4 (0xc43f2823) mem 0x8000d000 0x00000001
core   0: 0x8000b3b8 (0xff9ff06f) j       pc - 0x8
core   0: 3 0x8000b3b8 (0xff9ff06f)
core   0: 0x8000b3b0 (0x00002f17) auipc   t5, 0x2
core   0: 3 0x8000b3b0 (0x00002f17) x30 0x8000d3b0
core   0: 0x8000b3b4 (0xc43f2823) sw      gp, -944(t5)
core   0: 3 0x8000b3b4 (0xc43f2823) mem 0x8000d000 0x00000001
core   0: 0x8000b3b8 (0xff9ff06f) j       pc - 0x8
core   0: 3 0x8000b3b8 (0xff9ff06f)
core   0: 0x8000b3b0 (0x00002f17) auipc   t5, 0x2
core   0: 3 0x8000b3b0 (0x00002f17) x30 0x8000d3b0
core   0: 0x8000b3b4 (0xc43f2823) sw      gp, -944(t5)
core   0: 3 0x8000b3b4 (0xc43f2823) mem 0x8000d000 0x00000001
core   0: 0x8000b3b8 (0xff9ff06f) j       pc - 0x8
core   0: 3 0x8000b3b8 (0xff9ff06f)
core   0: 0x8000b3b0 (0x00002f17) auipc   t5, 0x2
core   0: 3 0x8000b3b0 (0x00002f17) x30 0x8000d3b0
core   0: 0x8000b3b4 (0xc43f2823) sw      gp, -944(t5)
core   0: 3 0x8000b3b4 (0xc43f2823) mem 0x8000d000 0x00000001
core   0: 0x8000b3b8 (0xff9ff06f) j       pc - 0x8
core   0: 3 0x8000b3b8 (0xff9ff06f)
core   0: 0x8000b3b0 (0x00002f17) auipc   t5, 0x2
core   0: 3 0x8000b3b0 (0x00002f17) x30 0x8000d3b0
core   0: 0x8000b3b4 (0xc43f2823) sw      gp, -944(t5)
core   0: 3 0x8000b3b4 (0xc43f2823) mem 0x8000d000 0x00000001
core   0: 0x8000b3b8 (0xff9ff06f) j       pc - 0x8
core   0: 3 0x8000b3b8 (0xff9ff06f)
core   0: 0x8000b3b0 (0x00002f17) auipc   t5, 0x2
core   0: 3 0x8000b3b0 (0x00002f17) x30 0x8000d3b0
core   0: 0x8000b3b4 (0xc43f2823) sw      gp, -944(t5)
core   0: 3 0x8000b3b4 (0xc43f2823) mem 0x8000d000 0x00000001
core   0: 0x8000b3b8 (0xff9ff06f) j       pc - 0x8
core   0: 3 0x8000b3b8 (0xff9ff06f)
core   0: 0x8000b3b0 (0x00002f17) auipc   t5, 0x2
core   0: 3 0x8000b3b0 (0x00002f17) x30 0x8000d3b0
core   0: 0x8000b3b4 (0xc43f2823) sw      gp, -944(t5)
core   0: 3 0x8000b3b4 (0xc43f2823) mem 0x8000d000 0x00000001
core   0: 0x8000b3b8 (0xff9ff06f) j       pc - 0x8
core   0: 3 0x8000b3b8 (0xff9ff06f)
core   0: 0x8000b3b0 (0x00002f17) auipc   t5, 0x2
core   0: 3 0x8000b3b0 (0x00002f17) x30 0x8000d3b0
core   0: 0x8000b3b4 (0xc43f2823) sw      gp, -944(t5)
core   0: 3 0x8000b3b4 (0xc43f2823) mem 0x8000d000 0x00000001
core   0: 0x8000b3b8 (0xff9ff06f) j       pc - 0x8
core   0: 3 0x8000b3b8 (0xff9ff06f)
core   0: 0x8000b3b0 (0x00002f17) auipc   t5, 0x2
core   0: 3 0x8000b3b0 (0x00002f17) x30 0x8000d3b0
core   0: 0x8000b3b4 (0xc43f2823) sw      gp, -944(t5)
core   0: 3 0x8000b3b4 (0xc43f2823) mem 0x8000d000 0x00000001
core   0: 0x8000b3b8 (0xff9ff06f) j       pc - 0x8
core   0: 3 0x8000b3b8 (0xff9ff06f)
core   0: 0x8000b3b0 (0x00002f17) auipc   t5, 0x2
core   0: 3 0x8000b3b0 (0x00002f17) x30 0x8000d3b0
core   0: 0x8000b3b4 (0xc43f2823) sw      gp, -944(t5)
core   0: 3 0x8000b3b4 (0xc43f2823) mem 0x8000d000 0x00000001
core   0: 0x8000b3b8 (0xff9ff06f) j       pc - 0x8
core   0: 3 0x8000b3b8 (0xff9ff06f)
core   0: 0x8000b3b0 (0x00002f17) auipc   t5, 0x2
core   0: 3 0x8000b3b0 (0x00002f17) x30 0x8000d3b0
core   0: 0x8000b3b4 (0xc43f2823) sw      gp, -944(t5)
core   0: 3 0x8000b3b4 (0xc43f2823) mem 0x8000d000 0x00000001
core   0: 0x8000b3b8 (0xff9ff06f) j       pc - 0x8
core   0: 3 0x8000b3b8 (0xff9ff06f)
core   0: 0x8000b3b0 (0x00002f17) auipc   t5, 0x2
core   0: 3 0x8000b3b0 (0x00002f17) x30 0x8000d3b0
core   0: 0x8000b3b4 (0xc43f2823) sw      gp, -944(t5)
core   0: 3 0x8000b3b4 (0xc43f2823) mem 0x8000d000 0x00000001
core   0: 0x8000b3b8 (0xff9ff06f) j       pc - 0x8
core   0: 3 0x8000b3b8 (0xff9ff06f)
core   0: 0x8000b3b0 (0x00002f17) auipc   t5, 0x2
core   0: 3 0x8000b3b0 (0x00002f17) x30 0x8000d3b0
core   0: 0x8000b3b4 (0xc43f2823) sw      gp, -944(t5)
core   0: 3 0x8000b3b4 (0xc43f2823) mem 0x8000d000 0x00000001
core   0: 0x8000b3b8 (0xff9ff06f) j       pc - 0x8
core   0: 3 0x8000b3b8 (0xff9ff06f)
core   0: 0x8000b3b0 (0x00002f17) auipc   t5, 0x2
core   0: 3 0x8000b3b0 (0x00002f17) x30 0x8000d3b0
core   0: 0x8000b3b4 (0xc43f2823) sw      gp, -944(t5)
core   0: 3 0x8000b3b4 (0xc43f2823) mem 0x8000d000 0x00000001
core   0: 0x8000b3b8 (0xff9ff06f) j       pc - 0x8
core   0: 3 0x8000b3b8 (0xff9ff06f)
core   0: 0x8000b3b0 (0x00002f17) auipc   t5, 0x2
core   0: 3 0x8000b3b0 (0x00002f17) x30 0x8000d3b0
core   0: 0x8000b3b4 (0xc43f2823) sw      gp, -944(t5)
core   0: 3 0x8000b3b4 (0xc43f2823) mem 0x8000d000 0x00000001
core   0: 0x8000b3b8 (0xff9ff06f) j       pc - 0x8
core   0: 3 0x8000b3b8 (0xff9ff06f)
core   0: 0x8000b3b0 (0x00002f17) auipc   t5, 0x2
core   0: 3 0x8000b3b0 (0x00002f17) x30 0x8000d3b0
core   0: 0x8000b3b4 (0xc43f2823) sw      gp, -944(t5)
core   0: 3 0x8000b3b4 (0xc43f2823) mem 0x8000d000 0x00000001
core   0: 0x8000b3b8 (0xff9ff06f) j       pc - 0x8
core   0: 3 0x8000b3b8 (0xff9ff06f)
core   0: 0x8000b3b0 (0x00002f17) auipc   t5, 0x2
core   0: 3 0x8000b3b0 (0x00002f17) x30 0x8000d3b0
core   0: 0x8000b3b4 (0xc43f2823) sw      gp, -944(t5)
core   0: 3 0x8000b3b4 (0xc43f2823) mem 0x8000d000 0x00000001
core   0: 0x8000b3b8 (0xff9ff06f) j       pc - 0x8
core   0: 3 0x8000b3b8 (0xff9ff06f)
core   0: 0x8000b3b0 (0x00002f17) auipc   t5, 0x2
core   0: 3 0x8000b3b0 (0x00002f17) x30 0x8000d3b0
core   0: 0x8000b3b4 (0xc43f2823) sw      gp, -944(t5)
core   0: 3 0x8000b3b4 (0xc43f2823) mem 0x8000d000 0x00000001
core   0: 0x8000b3b8 (0xff9ff06f) j       pc - 0x8
core   0: 3 0x8000b3b8 (0xff9ff06f)
core   0: 0x8000b3b0 (0x00002f17) auipc   t5, 0x2
core   0: 3 0x8000b3b0 (0x00002f17) x30 0x8000d3b0
core   0: 0x8000b3b4 (0xc43f2823) sw      gp, -944(t5)
core   0: 3 0x8000b3b4 (0xc43f2823) mem 0x8000d000 0x00000001
core   0: 0x8000b3b8 (0xff9ff06f) j       pc - 0x8
core   0: 3 0x8000b3b8 (0xff9ff06f)
core   0: 0x8000b3b0 (0x00002f17) auipc   t5, 0x2
core   0: 3 0x8000b3b0 (0x00002f17) x30 0x8000d3b0
core   0: 0x8000b3b4 (0xc43f2823) sw      gp, -944(t5)
core   0: 3 0x8000b3b4 (0xc43f2823) mem 0x8000d000 0x00000001
core   0: 0x8000b3b8 (0xff9ff06f) j       pc - 0x8
core   0: 3 0x8000b3b8 (0xff9ff06f)
core   0: 0x8000b3b0 (0x00002f17) auipc   t5, 0x2
core   0: 3 0x8000b3b0 (0x00002f17) x30 0x8000d3b0
core   0: 0x8000b3b4 (0xc43f2823) sw      gp, -944(t5)
core   0: 3 0x8000b3b4 (0xc43f2823) mem 0x8000d000 0x00000001
core   0: 0x8000b3b8 (0xff9ff06f) j       pc - 0x8
core   0: 3 0x8000b3b8 (0xff9ff06f)
core   0: 0x8000b3b0 (0x00002f17) auipc   t5, 0x2
core   0: 3 0x8000b3b0 (0x00002f17) x30 0x8000d3b0
core   0: 0x8000b3b4 (0xc43f2823) sw      gp, -944(t5)
core   0: 3 0x8000b3b4 (0xc43f2823) mem 0x8000d000 0x00000001
core   0: 0x8000b3b8 (0xff9ff06f) j       pc - 0x8
core   0: 3 0x8000b3b8 (0xff9ff06f)
core   0: 0x8000b3b0 (0x00002f17) auipc   t5, 0x2
core   0: 3 0x8000b3b0 (0x00002f17) x30 0x8000d3b0
core   0: 0x8000b3b4 (0xc43f2823) sw      gp, -944(t5)
core   0: 3 0x8000b3b4 (0xc43f2823) mem 0x8000d000 0x00000001
core   0: 0x8000b3b8 (0xff9ff06f) j       pc - 0x8
core   0: 3 0x8000b3b8 (0xff9ff06f)
core   0: 0x8000b3b0 (0x00002f17) auipc   t5, 0x2
core   0: 3 0x8000b3b0 (0x00002f17) x30 0x8000d3b0
core   0: 0x8000b3b4 (0xc43f2823) sw      gp, -944(t5)
core   0: 3 0x8000b3b4 (0xc43f2823) mem 0x8000d000 0x00000001
core   0: 0x8000b3b8 (0xff9ff06f) j       pc - 0x8
core   0: 3 0x8000b3b8 (0xff9ff06f)
core   0: 0x8000b3b0 (0x00002f17) auipc   t5, 0x2
core   0: 3 0x8000b3b0 (0x00002f17) x30 0x8000d3b0
core   0: 0x8000b3b4 (0xc43f2823) sw      gp, -944(t5)
core   0: 3 0x8000b3b4 (0xc43f2823) mem 0x8000d000 0x00000001
core   0: 0x8000b3b8 (0xff9ff06f) j       pc - 0x8
core   0: 3 0x8000b3b8 (0xff9ff06f)
core   0: 0x8000b3b0 (0x00002f17) auipc   t5, 0x2
core   0: 3 0x8000b3b0 (0x00002f17) x30 0x8000d3b0
core   0: 0x8000b3b4 (0xc43f2823) sw      gp, -944(t5)
core   0: 3 0x8000b3b4 (0xc43f2823) mem 0x8000d000 0x00000001
core   0: 0x8000b3b8 (0xff9ff06f) j       pc - 0x8
core   0: 3 0x8000b3b8 (0xff9ff06f)
core   0: 0x8000b3b0 (0x00002f17) auipc   t5, 0x2
core   0: 3 0x8000b3b0 (0x00002f17) x30 0x8000d3b0
core   0: 0x8000b3b4 (0xc43f2823) sw      gp, -944(t5)
core   0: 3 0x8000b3b4 (0xc43f2823) mem 0x8000d000 0x00000001
core   0: 0x8000b3b8 (0xff9ff06f) j       pc - 0x8
core   0: 3 0x8000b3b8 (0xff9ff06f)
core   0: 0x8000b3b0 (0x00002f17) auipc   t5, 0x2
core   0: 3 0x8000b3b0 (0x00002f17) x30 0x8000d3b0
core   0: 0x8000b3b4 (0xc43f2823) sw      gp, -944(t5)
core   0: 3 0x8000b3b4 (0xc43f2823) mem 0x8000d000 0x00000001
core   0: 0x8000b3b8 (0xff9ff06f) j       pc - 0x8
core   0: 3 0x8000b3b8 (0xff9ff06f)
core   0: 0x8000b3b0 (0x00002f17) auipc   t5, 0x2
core   0: 3 0x8000b3b0 (0x00002f17) x30 0x8000d3b0
core   0: 0x8000b3b4 (0xc43f2823) sw      gp, -944(t5)
core   0: 3 0x8000b3b4 (0xc43f2823) mem 0x8000d000 0x00000001
core   0: 0x8000b3b8 (0xff9ff06f) j       pc - 0x8
core   0: 3 0x8000b3b8 (0xff9ff06f)
core   0: 0x8000b3b0 (0x00002f17) auipc   t5, 0x2
core   0: 3 0x8000b3b0 (0x00002f17) x30 0x8000d3b0
core   0: 0x8000b3b4 (0xc43f2823) sw      gp, -944(t5)
core   0: 3 0x8000b3b4 (0xc43f2823) mem 0x8000d000 0x00000001
core   0: 0x8000b3b8 (0xff9ff06f) j       pc - 0x8
core   0: 3 0x8000b3b8 (0xff9ff06f)
core   0: 0x8000b3b0 (0x00002f17) auipc   t5, 0x2
core   0: 3 0x8000b3b0 (0x00002f17) x30 0x8000d3b0
core   0: 0x8000b3b4 (0xc43f2823) sw      gp, -944(t5)
core   0: 3 0x8000b3b4 (0xc43f2823) mem 0x8000d000 0x00000001
core   0: 0x8000b3b8 (0xff9ff06f) j       pc - 0x8
core   0: 3 0x8000b3b8 (0xff9ff06f)
core   0: 0x8000b3b0 (0x00002f17) auipc   t5, 0x2
core   0: 3 0x8000b3b0 (0x00002f17) x30 0x8000d3b0
core   0: 0x8000b3b4 (0xc43f2823) sw      gp, -944(t5)
core   0: 3 0x8000b3b4 (0xc43f2823) mem 0x8000d000 0x00000001
core   0: 0x8000b3b8 (0xff9ff06f) j       pc - 0x8
core   0: 3 0x8000b3b8 (0xff9ff06f)
core   0: 0x8000b3b0 (0x00002f17) auipc   t5, 0x2
core   0: 3 0x8000b3b0 (0x00002f17) x30 0x8000d3b0
core   0: 0x8000b3b4 (0xc43f2823) sw      gp, -944(t5)
core   0: 3 0x8000b3b4 (0xc43f2823) mem 0x8000d000 0x00000001
core   0: 0x8000b3b8 (0xff9ff06f) j       pc - 0x8
core   0: 3 0x8000b3b8 (0xff9ff06f)
core   0: 0x8000b3b0 (0x00002f17) auipc   t5, 0x2
core   0: 3 0x8000b3b0 (0x00002f17) x30 0x8000d3b0
core   0: 0x8000b3b4 (0xc43f2823) sw      gp, -944(t5)
core   0: 3 0x8000b3b4 (0xc43f2823) mem 0x8000d000 0x00000001
core   0: 0x8000b3b8 (0xff9ff06f) j       pc - 0x8
core   0: 3 0x8000b3b8 (0xff9ff06f)
core   0: 0x8000b3b0 (0x00002f17) auipc   t5, 0x2
core   0: 3 0x8000b3b0 (0x00002f17) x30 0x8000d3b0
core   0: 0x8000b3b4 (0xc43f2823) sw      gp, -944(t5)
core   0: 3 0x8000b3b4 (0xc43f2823) mem 0x8000d000 0x00000001
core   0: 0x8000b3b8 (0xff9ff06f) j       pc - 0x8
core   0: 3 0x8000b3b8 (0xff9ff06f)
core   0: 0x8000b3b0 (0x00002f17) auipc   t5, 0x2
core   0: 3 0x8000b3b0 (0x00002f17) x30 0x8000d3b0
core   0: 0x8000b3b4 (0xc43f2823) sw      gp, -944(t5)
core   0: 3 0x8000b3b4 (0xc43f2823) mem 0x8000d000 0x00000001
core   0: 0x8000b3b8 (0xff9ff06f) j       pc - 0x8
core   0: 3 0x8000b3b8 (0xff9ff06f)
core   0: 0x8000b3b0 (0x00002f17) auipc   t5, 0x2
core   0: 3 0x8000b3b0 (0x00002f17) x30 0x8000d3b0
core   0: 0x8000b3b4 (0xc43f2823) sw      gp, -944(t5)
core   0: 3 0x8000b3b4 (0xc43f2823) mem 0x8000d000 0x00000001
core   0: 0x8000b3b8 (0xff9ff06f) j       pc - 0x8
core   0: 3 0x8000b3b8 (0xff9ff06f)
core   0: 0x8000b3b0 (0x00002f17) auipc   t5, 0x2
core   0: 3 0x8000b3b0 (0x00002f17) x30 0x8000d3b0
core   0: 0x8000b3b4 (0xc43f2823) sw      gp, -944(t5)
core   0: 3 0x8000b3b4 (0xc43f2823) mem 0x8000d000 0x00000001
core   0: 0x8000b3b8 (0xff9ff06f) j       pc - 0x8
core   0: 3 0x8000b3b8 (0xff9ff06f)
core   0: 0x8000b3b0 (0x00002f17) auipc   t5, 0x2
core   0: 3 0x8000b3b0 (0x00002f17) x30 0x8000d3b0
core   0: 0x8000b3b4 (0xc43f2823) sw      gp, -944(t5)
core   0: 3 0x8000b3b4 (0xc43f2823) mem 0x8000d000 0x00000001
core   0: 0x8000b3b8 (0xff9ff06f) j       pc - 0x8
core   0: 3 0x8000b3b8 (0xff9ff06f)
core   0: 0x8000b3b0 (0x00002f17) auipc   t5, 0x2
core   0: 3 0x8000b3b0 (0x00002f17) x30 0x8000d3b0
core   0: 0x8000b3b4 (0xc43f2823) sw      gp, -944(t5)
core   0: 3 0x8000b3b4 (0xc43f2823) mem 0x8000d000 0x00000001
core   0: 0x8000b3b8 (0xff9ff06f) j       pc - 0x8
core   0: 3 0x8000b3b8 (0xff9ff06f)
core   0: 0x8000b3b0 (0x00002f17) auipc   t5, 0x2
core   0: 3 0x8000b3b0 (0x00002f17) x30 0x8000d3b0
core   0: 0x8000b3b4 (0xc43f2823) sw      gp, -944(t5)
core   0: 3 0x8000b3b4 (0xc43f2823) mem 0x8000d000 0x00000001
core   0: 0x8000b3b8 (0xff9ff06f) j       pc - 0x8
core   0: 3 0x8000b3b8 (0xff9ff06f)
core   0: 0x8000b3b0 (0x00002f17) auipc   t5, 0x2
core   0: 3 0x8000b3b0 (0x00002f17) x30 0x8000d3b0
core   0: 0x8000b3b4 (0xc43f2823) sw      gp, -944(t5)
core   0: 3 0x8000b3b4 (0xc43f2823) mem 0x8000d000 0x00000001
core   0: 0x8000b3b8 (0xff9ff06f) j       pc - 0x8
core   0: 3 0x8000b3b8 (0xff9ff06f)
core   0: 0x8000b3b0 (0x00002f17) auipc   t5, 0x2
core   0: 3 0x8000b3b0 (0x00002f17) x30 0x8000d3b0
core   0: 0x8000b3b4 (0xc43f2823) sw      gp, -944(t5)
core   0: 3 0x8000b3b4 (0xc43f2823) mem 0x8000d000 0x00000001
core   0: 0x8000b3b8 (0xff9ff06f) j       pc - 0x8
core   0: 3 0x8000b3b8 (0xff9ff06f)
core   0: 0x8000b3b0 (0x00002f17) auipc   t5, 0x2
core   0: 3 0x8000b3b0 (0x00002f17) x30 0x8000d3b0
core   0: 0x8000b3b4 (0xc43f2823) sw      gp, -944(t5)
core   0: 3 0x8000b3b4 (0xc43f2823) mem 0x8000d000 0x00000001
core   0: 0x8000b3b8 (0xff9ff06f) j       pc - 0x8
core   0: 3 0x8000b3b8 (0xff9ff06f)
core   0: 0x8000b3b0 (0x00002f17) auipc   t5, 0x2
core   0: 3 0x8000b3b0 (0x00002f17) x30 0x8000d3b0
core   0: 0x8000b3b4 (0xc43f2823) sw      gp, -944(t5)
core   0: 3 0x8000b3b4 (0xc43f2823) mem 0x8000d000 0x00000001
core   0: 0x8000b3b8 (0xff9ff06f) j       pc - 0x8
core   0: 3 0x8000b3b8 (0xff9ff06f)
core   0: 0x8000b3b0 (0x00002f17) auipc   t5, 0x2
core   0: 3 0x8000b3b0 (0x00002f17) x30 0x8000d3b0
core   0: 0x8000b3b4 (0xc43f2823) sw      gp, -944(t5)
core   0: 3 0x8000b3b4 (0xc43f2823) mem 0x8000d000 0x00000001
core   0: 0x8000b3b8 (0xff9ff06f) j       pc - 0x8
core   0: 3 0x8000b3b8 (0xff9ff06f)
core   0: 0x8000b3b0 (0x00002f17) auipc   t5, 0x2
core   0: 3 0x8000b3b0 (0x00002f17) x30 0x8000d3b0
core   0: 0x8000b3b4 (0xc43f2823) sw      gp, -944(t5)
core   0: 3 0x8000b3b4 (0xc43f2823) mem 0x8000d000 0x00000001
core   0: 0x8000b3b8 (0xff9ff06f) j       pc - 0x8
core   0: 3 0x8000b3b8 (0xff9ff06f)
core   0: 0x8000b3b0 (0x00002f17) auipc   t5, 0x2
core   0: 3 0x8000b3b0 (0x00002f17) x30 0x8000d3b0
core   0: 0x8000b3b4 (0xc43f2823) sw      gp, -944(t5)
core   0: 3 0x8000b3b4 (0xc43f2823) mem 0x8000d000 0x00000001
core   0: 0x8000b3b8 (0xff9ff06f) j       pc - 0x8
core   0: 3 0x8000b3b8 (0xff9ff06f)
core   0: 0x8000b3b0 (0x00002f17) auipc   t5, 0x2
core   0: 3 0x8000b3b0 (0x00002f17) x30 0x8000d3b0
core   0: 0x8000b3b4 (0xc43f2823) sw      gp, -944(t5)
core   0: 3 0x8000b3b4 (0xc43f2823) mem 0x8000d000 0x00000001
core   0: 0x8000b3b8 (0xff9ff06f) j       pc - 0x8
core   0: 3 0x8000b3b8 (0xff9ff06f)
core   0: 0x8000b3b0 (0x00002f17) auipc   t5, 0x2
core   0: 3 0x8000b3b0 (0x00002f17) x30 0x8000d3b0
core   0: 0x8000b3b4 (0xc43f2823) sw      gp, -944(t5)
core   0: 3 0x8000b3b4 (0xc43f2823) mem 0x8000d000 0x00000001
core   0: 0x8000b3b8 (0xff9ff06f) j       pc - 0x8
core   0: 3 0x8000b3b8 (0xff9ff06f)
core   0: 0x8000b3b0 (0x00002f17) auipc   t5, 0x2
core   0: 3 0x8000b3b0 (0x00002f17) x30 0x8000d3b0
core   0: 0x8000b3b4 (0xc43f2823) sw      gp, -944(t5)
core   0: 3 0x8000b3b4 (0xc43f2823) mem 0x8000d000 0x00000001
core   0: 0x8000b3b8 (0xff9ff06f) j       pc - 0x8
core   0: 3 0x8000b3b8 (0xff9ff06f)
core   0: 0x8000b3b0 (0x00002f17) auipc   t5, 0x2
core   0: 3 0x8000b3b0 (0x00002f17) x30 0x8000d3b0
core   0: 0x8000b3b4 (0xc43f2823) sw      gp, -944(t5)
core   0: 3 0x8000b3b4 (0xc43f2823) mem 0x8000d000 0x00000001
core   0: 0x8000b3b8 (0xff9ff06f) j       pc - 0x8
core   0: 3 0x8000b3b8 (0xff9ff06f)
core   0: 0x8000b3b0 (0x00002f17) auipc   t5, 0x2
core   0: 3 0x8000b3b0 (0x00002f17) x30 0x8000d3b0
core   0: 0x8000b3b4 (0xc43f2823) sw      gp, -944(t5)
core   0: 3 0x8000b3b4 (0xc43f2823) mem 0x8000d000 0x00000001
core   0: 0x8000b3b8 (0xff9ff06f) j       pc - 0x8
core   0: 3 0x8000b3b8 (0xff9ff06f)
core   0: 0x8000b3b0 (0x00002f17) auipc   t5, 0x2
core   0: 3 0x8000b3b0 (0x00002f17) x30 0x8000d3b0
core   0: 0x8000b3b4 (0xc43f2823) sw      gp, -944(t5)
core   0: 3 0x8000b3b4 (0xc43f2823) mem 0x8000d000 0x00000001
core   0: 0x8000b3b8 (0xff9ff06f) j       pc - 0x8
core   0: 3 0x8000b3b8 (0xff9ff06f)
core   0: 0x8000b3b0 (0x00002f17) auipc   t5, 0x2
core   0: 3 0x8000b3b0 (0x00002f17) x30 0x8000d3b0
core   0: 0x8000b3b4 (0xc43f2823) sw      gp, -944(t5)
core   0: 3 0x8000b3b4 (0xc43f2823) mem 0x8000d000 0x00000001
core   0: 0x8000b3b8 (0xff9ff06f) j       pc - 0x8
core   0: 3 0x8000b3b8 (0xff9ff06f)
core   0: 0x8000b3b0 (0x00002f17) auipc   t5, 0x2
core   0: 3 0x8000b3b0 (0x00002f17) x30 0x8000d3b0
core   0: 0x8000b3b4 (0xc43f2823) sw      gp, -944(t5)
core   0: 3 0x8000b3b4 (0xc43f2823) mem 0x8000d000 0x00000001
core   0: 0x8000b3b8 (0xff9ff06f) j       pc - 0x8
core   0: 3 0x8000b3b8 (0xff9ff06f)
core   0: 0x8000b3b0 (0x00002f17) auipc   t5, 0x2
core   0: 3 0x8000b3b0 (0x00002f17) x30 0x8000d3b0
core   0: 0x8000b3b4 (0xc43f2823) sw      gp, -944(t5)
core   0: 3 0x8000b3b4 (0xc43f2823) mem 0x8000d000 0x00000001
core   0: 0x8000b3b8 (0xff9ff06f) j       pc - 0x8
core   0: 3 0x8000b3b8 (0xff9ff06f)
core   0: 0x8000b3b0 (0x00002f17) auipc   t5, 0x2
core   0: 3 0x8000b3b0 (0x00002f17) x30 0x8000d3b0
core   0: 0x8000b3b4 (0xc43f2823) sw      gp, -944(t5)
core   0: 3 0x8000b3b4 (0xc43f2823) mem 0x8000d000 0x00000001
core   0: 0x8000b3b8 (0xff9ff06f) j       pc - 0x8
core   0: 3 0x8000b3b8 (0xff9ff06f)
core   0: 0x8000b3b0 (0x00002f17) auipc   t5, 0x2
core   0: 3 0x8000b3b0 (0x00002f17) x30 0x8000d3b0
core   0: 0x8000b3b4 (0xc43f2823) sw      gp, -944(t5)
core   0: 3 0x8000b3b4 (0xc43f2823) mem 0x8000d000 0x00000001
core   0: 0x8000b3b8 (0xff9ff06f) j       pc - 0x8
core   0: 3 0x8000b3b8 (0xff9ff06f)
core   0: 0x8000b3b0 (0x00002f17) auipc   t5, 0x2
core   0: 3 0x8000b3b0 (0x00002f17) x30 0x8000d3b0
core   0: 0x8000b3b4 (0xc43f2823) sw      gp, -944(t5)
core   0: 3 0x8000b3b4 (0xc43f2823) mem 0x8000d000 0x00000001
core   0: 0x8000b3b8 (0xff9ff06f) j       pc - 0x8
core   0: 3 0x8000b3b8 (0xff9ff06f)
core   0: 0x8000b3b0 (0x00002f17) auipc   t5, 0x2
core   0: 3 0x8000b3b0 (0x00002f17) x30 0x8000d3b0
core   0: 0x8000b3b4 (0xc43f2823) sw      gp, -944(t5)
core   0: 3 0x8000b3b4 (0xc43f2823) mem 0x8000d000 0x00000001
core   0: 0x8000b3b8 (0xff9ff06f) j       pc - 0x8
core   0: 3 0x8000b3b8 (0xff9ff06f)
core   0: 0x8000b3b0 (0x00002f17) auipc   t5, 0x2
core   0: 3 0x8000b3b0 (0x00002f17) x30 0x8000d3b0
core   0: 0x8000b3b4 (0xc43f2823) sw      gp, -944(t5)
core   0: 3 0x8000b3b4 (0xc43f2823) mem 0x8000d000 0x00000001
core   0: 0x8000b3b8 (0xff9ff06f) j       pc - 0x8
core   0: 3 0x8000b3b8 (0xff9ff06f)
core   0: 0x8000b3b0 (0x00002f17) auipc   t5, 0x2
core   0: 3 0x8000b3b0 (0x00002f17) x30 0x8000d3b0
core   0: 0x8000b3b4 (0xc43f2823) sw      gp, -944(t5)
core   0: 3 0x8000b3b4 (0xc43f2823) mem 0x8000d000 0x00000001
core   0: 0x8000b3b8 (0xff9ff06f) j       pc - 0x8
core   0: 3 0x8000b3b8 (0xff9ff06f)
core   0: 0x8000b3b0 (0x00002f17) auipc   t5, 0x2
core   0: 3 0x8000b3b0 (0x00002f17) x30 0x8000d3b0
core   0: 0x8000b3b4 (0xc43f2823) sw      gp, -944(t5)
core   0: 3 0x8000b3b4 (0xc43f2823) mem 0x8000d000 0x00000001
core   0: 0x8000b3b8 (0xff9ff06f) j       pc - 0x8
core   0: 3 0x8000b3b8 (0xff9ff06f)
core   0: 0x8000b3b0 (0x00002f17) auipc   t5, 0x2
core   0: 3 0x8000b3b0 (0x00002f17) x30 0x8000d3b0
core   0: 0x8000b3b4 (0xc43f2823) sw      gp, -944(t5)
core   0: 3 0x8000b3b4 (0xc43f2823) mem 0x8000d000 0x00000001
core   0: 0x8000b3b8 (0xff9ff06f) j       pc - 0x8
core   0: 3 0x8000b3b8 (0xff9ff06f)
core   0: 0x8000b3b0 (0x00002f17) auipc   t5, 0x2
core   0: 3 0x8000b3b0 (0x00002f17) x30 0x8000d3b0
core   0: 0x8000b3b4 (0xc43f2823) sw      gp, -944(t5)
core   0: 3 0x8000b3b4 (0xc43f2823) mem 0x8000d000 0x00000001
core   0: 0x8000b3b8 (0xff9ff06f) j       pc - 0x8
core   0: 3 0x8000b3b8 (0xff9ff06f)
core   0: 0x8000b3b0 (0x00002f17) auipc   t5, 0x2
core   0: 3 0x8000b3b0 (0x00002f17) x30 0x8000d3b0
core   0: 0x8000b3b4 (0xc43f2823) sw      gp, -944(t5)
core   0: 3 0x8000b3b4 (0xc43f2823) mem 0x8000d000 0x00000001
core   0: 0x8000b3b8 (0xff9ff06f) j       pc - 0x8
core   0: 3 0x8000b3b8 (0xff9ff06f)
core   0: 0x8000b3b0 (0x00002f17) auipc   t5, 0x2
core   0: 3 0x8000b3b0 (0x00002f17) x30 0x8000d3b0
core   0: 0x8000b3b4 (0xc43f2823) sw      gp, -944(t5)
core   0: 3 0x8000b3b4 (0xc43f2823) mem 0x8000d000 0x00000001
core   0: 0x8000b3b8 (0xff9ff06f) j       pc - 0x8
core   0: 3 0x8000b3b8 (0xff9ff06f)
core   0: 0x8000b3b0 (0x00002f17) auipc   t5, 0x2
core   0: 3 0x8000b3b0 (0x00002f17) x30 0x8000d3b0
core   0: 0x8000b3b4 (0xc43f2823) sw      gp, -944(t5)
core   0: 3 0x8000b3b4 (0xc43f2823) mem 0x8000d000 0x00000001
core   0: 0x8000b3b8 (0xff9ff06f) j       pc - 0x8
core   0: 3 0x8000b3b8 (0xff9ff06f)
core   0: 0x8000b3b0 (0x00002f17) auipc   t5, 0x2
core   0: 3 0x8000b3b0 (0x00002f17) x30 0x8000d3b0
core   0: 0x8000b3b4 (0xc43f2823) sw      gp, -944(t5)
core   0: 3 0x8000b3b4 (0xc43f2823) mem 0x8000d000 0x00000001
core   0: 0x8000b3b8 (0xff9ff06f) j       pc - 0x8
core   0: 3 0x8000b3b8 (0xff9ff06f)
core   0: 0x8000b3b0 (0x00002f17) auipc   t5, 0x2
core   0: 3 0x8000b3b0 (0x00002f17) x30 0x8000d3b0
core   0: 0x8000b3b4 (0xc43f2823) sw      gp, -944(t5)
core   0: 3 0x8000b3b4 (0xc43f2823) mem 0x8000d000 0x00000001
core   0: 0x8000b3b8 (0xff9ff06f) j       pc - 0x8
core   0: 3 0x8000b3b8 (0xff9ff06f)
core   0: 0x8000b3b0 (0x00002f17) auipc   t5, 0x2
core   0: 3 0x8000b3b0 (0x00002f17) x30 0x8000d3b0
core   0: 0x8000b3b4 (0xc43f2823) sw      gp, -944(t5)
core   0: 3 0x8000b3b4 (0xc43f2823) mem 0x8000d000 0x00000001
core   0: 0x8000b3b8 (0xff9ff06f) j       pc - 0x8
core   0: 3 0x8000b3b8 (0xff9ff06f)
core   0: 0x8000b3b0 (0x00002f17) auipc   t5, 0x2
core   0: 3 0x8000b3b0 (0x00002f17) x30 0x8000d3b0
core   0: 0x8000b3b4 (0xc43f2823) sw      gp, -944(t5)
core   0: 3 0x8000b3b4 (0xc43f2823) mem 0x8000d000 0x00000001
core   0: 0x8000b3b8 (0xff9ff06f) j       pc - 0x8
core   0: 3 0x8000b3b8 (0xff9ff06f)
core   0: 0x8000b3b0 (0x00002f17) auipc   t5, 0x2
core   0: 3 0x8000b3b0 (0x00002f17) x30 0x8000d3b0
core   0: 0x8000b3b4 (0xc43f2823) sw      gp, -944(t5)
core   0: 3 0x8000b3b4 (0xc43f2823) mem 0x8000d000 0x00000001
core   0: 0x8000b3b8 (0xff9ff06f) j       pc - 0x8
core   0: 3 0x8000b3b8 (0xff9ff06f)
core   0: 0x8000b3b0 (0x00002f17) auipc   t5, 0x2
core   0: 3 0x8000b3b0 (0x00002f17) x30 0x8000d3b0
core   0: 0x8000b3b4 (0xc43f2823) sw      gp, -944(t5)
core   0: 3 0x8000b3b4 (0xc43f2823) mem 0x8000d000 0x00000001
core   0: 0x8000b3b8 (0xff9ff06f) j       pc - 0x8
core   0: 3 0x8000b3b8 (0xff9ff06f)
core   0: 0x8000b3b0 (0x00002f17) auipc   t5, 0x2
core   0: 3 0x8000b3b0 (0x00002f17) x30 0x8000d3b0
core   0: 0x8000b3b4 (0xc43f2823) sw      gp, -944(t5)
core   0: 3 0x8000b3b4 (0xc43f2823) mem 0x8000d000 0x00000001
core   0: 0x8000b3b8 (0xff9ff06f) j       pc - 0x8
core   0: 3 0x8000b3b8 (0xff9ff06f)
core   0: 0x8000b3b0 (0x00002f17) auipc   t5, 0x2
core   0: 3 0x8000b3b0 (0x00002f17) x30 0x8000d3b0
core   0: 0x8000b3b4 (0xc43f2823) sw      gp, -944(t5)
core   0: 3 0x8000b3b4 (0xc43f2823) mem 0x8000d000 0x00000001
core   0: 0x8000b3b8 (0xff9ff06f) j       pc - 0x8
core   0: 3 0x8000b3b8 (0xff9ff06f)
core   0: 0x8000b3b0 (0x00002f17) auipc   t5, 0x2
core   0: 3 0x8000b3b0 (0x00002f17) x30 0x8000d3b0
core   0: 0x8000b3b4 (0xc43f2823) sw      gp, -944(t5)
core   0: 3 0x8000b3b4 (0xc43f2823) mem 0x8000d000 0x00000001
core   0: 0x8000b3b8 (0xff9ff06f) j       pc - 0x8
core   0: 3 0x8000b3b8 (0xff9ff06f)
core   0: 0x8000b3b0 (0x00002f17) auipc   t5, 0x2
core   0: 3 0x8000b3b0 (0x00002f17) x30 0x8000d3b0
core   0: 0x8000b3b4 (0xc43f2823) sw      gp, -944(t5)
core   0: 3 0x8000b3b4 (0xc43f2823) mem 0x8000d000 0x00000001
core   0: 0x8000b3b8 (0xff9ff06f) j       pc - 0x8
core   0: 3 0x8000b3b8 (0xff9ff06f)
core   0: 0x8000b3b0 (0x00002f17) auipc   t5, 0x2
core   0: 3 0x8000b3b0 (0x00002f17) x30 0x8000d3b0
core   0: 0x8000b3b4 (0xc43f2823) sw      gp, -944(t5)
core   0: 3 0x8000b3b4 (0xc43f2823) mem 0x8000d000 0x00000001
core   0: 0x8000b3b8 (0xff9ff06f) j       pc - 0x8
core   0: 3 0x8000b3b8 (0xff9ff06f)
core   0: 0x8000b3b0 (0x00002f17) auipc   t5, 0x2
core   0: 3 0x8000b3b0 (0x00002f17) x30 0x8000d3b0
core   0: 0x8000b3b4 (0xc43f2823) sw      gp, -944(t5)
core   0: 3 0x8000b3b4 (0xc43f2823) mem 0x8000d000 0x00000001
core   0: 0x8000b3b8 (0xff9ff06f) j       pc - 0x8
core   0: 3 0x8000b3b8 (0xff9ff06f)
core   0: 0x8000b3b0 (0x00002f17) auipc   t5, 0x2
core   0: 3 0x8000b3b0 (0x00002f17) x30 0x8000d3b0
core   0: 0x8000b3b4 (0xc43f2823) sw      gp, -944(t5)
core   0: 3 0x8000b3b4 (0xc43f2823) mem 0x8000d000 0x00000001
core   0: 0x8000b3b8 (0xff9ff06f) j       pc - 0x8
core   0: 3 0x8000b3b8 (0xff9ff06f)
core   0: 0x8000b3b0 (0x00002f17) auipc   t5, 0x2
core   0: 3 0x8000b3b0 (0x00002f17) x30 0x8000d3b0
core   0: 0x8000b3b4 (0xc43f2823) sw      gp, -944(t5)
core   0: 3 0x8000b3b4 (0xc43f2823) mem 0x8000d000 0x00000001
core   0: 0x8000b3b8 (0xff9ff06f) j       pc - 0x8
core   0: 3 0x8000b3b8 (0xff9ff06f)
core   0: 0x8000b3b0 (0x00002f17) auipc   t5, 0x2
core   0: 3 0x8000b3b0 (0x00002f17) x30 0x8000d3b0
core   0: 0x8000b3b4 (0xc43f2823) sw      gp, -944(t5)
core   0: 3 0x8000b3b4 (0xc43f2823) mem 0x8000d000 0x00000001
core   0: 0x8000b3b8 (0xff9ff06f) j       pc - 0x8
core   0: 3 0x8000b3b8 (0xff9ff06f)
core   0: 0x8000b3b0 (0x00002f17) auipc   t5, 0x2
core   0: 3 0x8000b3b0 (0x00002f17) x30 0x8000d3b0
core   0: 0x8000b3b4 (0xc43f2823) sw      gp, -944(t5)
core   0: 3 0x8000b3b4 (0xc43f2823) mem 0x8000d000 0x00000001
core   0: 0x8000b3b8 (0xff9ff06f) j       pc - 0x8
core   0: 3 0x8000b3b8 (0xff9ff06f)
core   0: 0x8000b3b0 (0x00002f17) auipc   t5, 0x2
core   0: 3 0x8000b3b0 (0x00002f17) x30 0x8000d3b0
core   0: 0x8000b3b4 (0xc43f2823) sw      gp, -944(t5)
core   0: 3 0x8000b3b4 (0xc43f2823) mem 0x8000d000 0x00000001
core   0: 0x8000b3b8 (0xff9ff06f) j       pc - 0x8
core   0: 3 0x8000b3b8 (0xff9ff06f)
core   0: 0x8000b3b0 (0x00002f17) auipc   t5, 0x2
core   0: 3 0x8000b3b0 (0x00002f17) x30 0x8000d3b0
core   0: 0x8000b3b4 (0xc43f2823) sw      gp, -944(t5)
core   0: 3 0x8000b3b4 (0xc43f2823) mem 0x8000d000 0x00000001
core   0: 0x8000b3b8 (0xff9ff06f) j       pc - 0x8
core   0: 3 0x8000b3b8 (0xff9ff06f)
core   0: 0x8000b3b0 (0x00002f17) auipc   t5, 0x2
core   0: 3 0x8000b3b0 (0x00002f17) x30 0x8000d3b0
core   0: 0x8000b3b4 (0xc43f2823) sw      gp, -944(t5)
core   0: 3 0x8000b3b4 (0xc43f2823) mem 0x8000d000 0x00000001
core   0: 0x8000b3b8 (0xff9ff06f) j       pc - 0x8
core   0: 3 0x8000b3b8 (0xff9ff06f)
core   0: 0x8000b3b0 (0x00002f17) auipc   t5, 0x2
core   0: 3 0x8000b3b0 (0x00002f17) x30 0x8000d3b0
core   0: 0x8000b3b4 (0xc43f2823) sw      gp, -944(t5)
core   0: 3 0x8000b3b4 (0xc43f2823) mem 0x8000d000 0x00000001
core   0: 0x8000b3b8 (0xff9ff06f) j       pc - 0x8
core   0: 3 0x8000b3b8 (0xff9ff06f)
core   0: 0x8000b3b0 (0x00002f17) auipc   t5, 0x2
core   0: 3 0x8000b3b0 (0x00002f17) x30 0x8000d3b0
core   0: 0x8000b3b4 (0xc43f2823) sw      gp, -944(t5)
core   0: 3 0x8000b3b4 (0xc43f2823) mem 0x8000d000 0x00000001
core   0: 0x8000b3b8 (0xff9ff06f) j       pc - 0x8
core   0: 3 0x8000b3b8 (0xff9ff06f)
core   0: 0x8000b3b0 (0x00002f17) auipc   t5, 0x2
core   0: 3 0x8000b3b0 (0x00002f17) x30 0x8000d3b0
core   0: 0x8000b3b4 (0xc43f2823) sw      gp, -944(t5)
core   0: 3 0x8000b3b4 (0xc43f2823) mem 0x8000d000 0x00000001
core   0: 0x8000b3b8 (0xff9ff06f) j       pc - 0x8
core   0: 3 0x8000b3b8 (0xff9ff06f)
core   0: 0x8000b3b0 (0x00002f17) auipc   t5, 0x2
core   0: 3 0x8000b3b0 (0x00002f17) x30 0x8000d3b0
core   0: 0x8000b3b4 (0xc43f2823) sw      gp, -944(t5)
core   0: 3 0x8000b3b4 (0xc43f2823) mem 0x8000d000 0x00000001
core   0: 0x8000b3b8 (0xff9ff06f) j       pc - 0x8
core   0: 3 0x8000b3b8 (0xff9ff06f)
core   0: 0x8000b3b0 (0x00002f17) auipc   t5, 0x2
core   0: 3 0x8000b3b0 (0x00002f17) x30 0x8000d3b0
core   0: 0x8000b3b4 (0xc43f2823) sw      gp, -944(t5)
core   0: 3 0x8000b3b4 (0xc43f2823) mem 0x8000d000 0x00000001
core   0: 0x8000b3b8 (0xff9ff06f) j       pc - 0x8
core   0: 3 0x8000b3b8 (0xff9ff06f)
core   0: 0x8000b3b0 (0x00002f17) auipc   t5, 0x2
core   0: 3 0x8000b3b0 (0x00002f17) x30 0x8000d3b0
core   0: 0x8000b3b4 (0xc43f2823) sw      gp, -944(t5)
core   0: 3 0x8000b3b4 (0xc43f2823) mem 0x8000d000 0x00000001
core   0: 0x8000b3b8 (0xff9ff06f) j       pc - 0x8
core   0: 3 0x8000b3b8 (0xff9ff06f)
core   0: 0x8000b3b0 (0x00002f17) auipc   t5, 0x2
core   0: 3 0x8000b3b0 (0x00002f17) x30 0x8000d3b0
core   0: 0x8000b3b4 (0xc43f2823) sw      gp, -944(t5)
core   0: 3 0x8000b3b4 (0xc43f2823) mem 0x8000d000 0x00000001
core   0: 0x8000b3b8 (0xff9ff06f) j       pc - 0x8
core   0: 3 0x8000b3b8 (0xff9ff06f)
core   0: 0x8000b3b0 (0x00002f17) auipc   t5, 0x2
core   0: 3 0x8000b3b0 (0x00002f17) x30 0x8000d3b0
core   0: 0x8000b3b4 (0xc43f2823) sw      gp, -944(t5)
core   0: 3 0x8000b3b4 (0xc43f2823) mem 0x8000d000 0x00000001
core   0: 0x8000b3b8 (0xff9ff06f) j       pc - 0x8
core   0: 3 0x8000b3b8 (0xff9ff06f)
core   0: 0x8000b3b0 (0x00002f17) auipc   t5, 0x2
core   0: 3 0x8000b3b0 (0x00002f17) x30 0x8000d3b0
core   0: 0x8000b3b4 (0xc43f2823) sw      gp, -944(t5)
core   0: 3 0x8000b3b4 (0xc43f2823) mem 0x8000d000 0x00000001
core   0: 0x8000b3b8 (0xff9ff06f) j       pc - 0x8
core   0: 3 0x8000b3b8 (0xff9ff06f)
core   0: 0x8000b3b0 (0x00002f17) auipc   t5, 0x2
core   0: 3 0x8000b3b0 (0x00002f17) x30 0x8000d3b0
core   0: 0x8000b3b4 (0xc43f2823) sw      gp, -944(t5)
core   0: 3 0x8000b3b4 (0xc43f2823) mem 0x8000d000 0x00000001
core   0: 0x8000b3b8 (0xff9ff06f) j       pc - 0x8
core   0: 3 0x8000b3b8 (0xff9ff06f)
core   0: 0x8000b3b0 (0x00002f17) auipc   t5, 0x2
core   0: 3 0x8000b3b0 (0x00002f17) x30 0x8000d3b0
core   0: 0x8000b3b4 (0xc43f2823) sw      gp, -944(t5)
core   0: 3 0x8000b3b4 (0xc43f2823) mem 0x8000d000 0x00000001
core   0: 0x8000b3b8 (0xff9ff06f) j       pc - 0x8
core   0: 3 0x8000b3b8 (0xff9ff06f)
core   0: 0x8000b3b0 (0x00002f17) auipc   t5, 0x2
core   0: 3 0x8000b3b0 (0x00002f17) x30 0x8000d3b0
core   0: 0x8000b3b4 (0xc43f2823) sw      gp, -944(t5)
core   0: 3 0x8000b3b4 (0xc43f2823) mem 0x8000d000 0x00000001
core   0: 0x8000b3b8 (0xff9ff06f) j       pc - 0x8
core   0: 3 0x8000b3b8 (0xff9ff06f)
core   0: 0x8000b3b0 (0x00002f17) auipc   t5, 0x2
core   0: 3 0x8000b3b0 (0x00002f17) x30 0x8000d3b0
core   0: 0x8000b3b4 (0xc43f2823) sw      gp, -944(t5)
core   0: 3 0x8000b3b4 (0xc43f2823) mem 0x8000d000 0x00000001
core   0: 0x8000b3b8 (0xff9ff06f) j       pc - 0x8
core   0: 3 0x8000b3b8 (0xff9ff06f)
core   0: 0x8000b3b0 (0x00002f17) auipc   t5, 0x2
core   0: 3 0x8000b3b0 (0x00002f17) x30 0x8000d3b0
core   0: 0x8000b3b4 (0xc43f2823) sw      gp, -944(t5)
core   0: 3 0x8000b3b4 (0xc43f2823) mem 0x8000d000 0x00000001
core   0: 0x8000b3b8 (0xff9ff06f) j       pc - 0x8
core   0: 3 0x8000b3b8 (0xff9ff06f)
core   0: 0x8000b3b0 (0x00002f17) auipc   t5, 0x2
core   0: 3 0x8000b3b0 (0x00002f17) x30 0x8000d3b0
core   0: 0x8000b3b4 (0xc43f2823) sw      gp, -944(t5)
core   0: 3 0x8000b3b4 (0xc43f2823) mem 0x8000d000 0x00000001
core   0: 0x8000b3b8 (0xff9ff06f) j       pc - 0x8
core   0: 3 0x8000b3b8 (0xff9ff06f)
core   0: 0x8000b3b0 (0x00002f17) auipc   t5, 0x2
core   0: 3 0x8000b3b0 (0x00002f17) x30 0x8000d3b0
core   0: 0x8000b3b4 (0xc43f2823) sw      gp, -944(t5)
core   0: 3 0x8000b3b4 (0xc43f2823) mem 0x8000d000 0x00000001
core   0: 0x8000b3b8 (0xff9ff06f) j       pc - 0x8
core   0: 3 0x8000b3b8 (0xff9ff06f)
core   0: 0x8000b3b0 (0x00002f17) auipc   t5, 0x2
core   0: 3 0x8000b3b0 (0x00002f17) x30 0x8000d3b0
core   0: 0x8000b3b4 (0xc43f2823) sw      gp, -944(t5)
core   0: 3 0x8000b3b4 (0xc43f2823) mem 0x8000d000 0x00000001
core   0: 0x8000b3b8 (0xff9ff06f) j       pc - 0x8
core   0: 3 0x8000b3b8 (0xff9ff06f)
core   0: 0x8000b3b0 (0x00002f17) auipc   t5, 0x2
core   0: 3 0x8000b3b0 (0x00002f17) x30 0x8000d3b0
core   0: 0x8000b3b4 (0xc43f2823) sw      gp, -944(t5)
core   0: 3 0x8000b3b4 (0xc43f2823) mem 0x8000d000 0x00000001
core   0: 0x8000b3b8 (0xff9ff06f) j       pc - 0x8
core   0: 3 0x8000b3b8 (0xff9ff06f)
core   0: 0x8000b3b0 (0x00002f17) auipc   t5, 0x2
core   0: 3 0x8000b3b0 (0x00002f17) x30 0x8000d3b0
core   0: 0x8000b3b4 (0xc43f2823) sw      gp, -944(t5)
core   0: 3 0x8000b3b4 (0xc43f2823) mem 0x8000d000 0x00000001
core   0: 0x8000b3b8 (0xff9ff06f) j       pc - 0x8
core   0: 3 0x8000b3b8 (0xff9ff06f)
core   0: 0x8000b3b0 (0x00002f17) auipc   t5, 0x2
core   0: 3 0x8000b3b0 (0x00002f17) x30 0x8000d3b0
core   0: 0x8000b3b4 (0xc43f2823) sw      gp, -944(t5)
core   0: 3 0x8000b3b4 (0xc43f2823) mem 0x8000d000 0x00000001
core   0: 0x8000b3b8 (0xff9ff06f) j       pc - 0x8
core   0: 3 0x8000b3b8 (0xff9ff06f)
core   0: 0x8000b3b0 (0x00002f17) auipc   t5, 0x2
core   0: 3 0x8000b3b0 (0x00002f17) x30 0x8000d3b0
core   0: 0x8000b3b4 (0xc43f2823) sw      gp, -944(t5)
core   0: 3 0x8000b3b4 (0xc43f2823) mem 0x8000d000 0x00000001
core   0: 0x8000b3b8 (0xff9ff06f) j       pc - 0x8
core   0: 3 0x8000b3b8 (0xff9ff06f)
core   0: 0x8000b3b0 (0x00002f17) auipc   t5, 0x2
core   0: 3 0x8000b3b0 (0x00002f17) x30 0x8000d3b0
core   0: 0x8000b3b4 (0xc43f2823) sw      gp, -944(t5)
core   0: 3 0x8000b3b4 (0xc43f2823) mem 0x8000d000 0x00000001
core   0: 0x8000b3b8 (0xff9ff06f) j       pc - 0x8
core   0: 3 0x8000b3b8 (0xff9ff06f)
core   0: 0x8000b3b0 (0x00002f17) auipc   t5, 0x2
core   0: 3 0x8000b3b0 (0x00002f17) x30 0x8000d3b0
core   0: 0x8000b3b4 (0xc43f2823) sw      gp, -944(t5)
core   0: 3 0x8000b3b4 (0xc43f2823) mem 0x8000d000 0x00000001
core   0: 0x8000b3b8 (0xff9ff06f) j       pc - 0x8
core   0: 3 0x8000b3b8 (0xff9ff06f)
core   0: 0x8000b3b0 (0x00002f17) auipc   t5, 0x2
core   0: 3 0x8000b3b0 (0x00002f17) x30 0x8000d3b0
core   0: 0x8000b3b4 (0xc43f2823) sw      gp, -944(t5)
core   0: 3 0x8000b3b4 (0xc43f2823) mem 0x8000d000 0x00000001
core   0: 0x8000b3b8 (0xff9ff06f) j       pc - 0x8
core   0: 3 0x8000b3b8 (0xff9ff06f)
core   0: 0x8000b3b0 (0x00002f17) auipc   t5, 0x2
core   0: 3 0x8000b3b0 (0x00002f17) x30 0x8000d3b0
core   0: 0x8000b3b4 (0xc43f2823) sw      gp, -944(t5)
core   0: 3 0x8000b3b4 (0xc43f2823) mem 0x8000d000 0x00000001
core   0: 0x8000b3b8 (0xff9ff06f) j       pc - 0x8
core   0: 3 0x8000b3b8 (0xff9ff06f)
core   0: 0x8000b3b0 (0x00002f17) auipc   t5, 0x2
core   0: 3 0x8000b3b0 (0x00002f17) x30 0x8000d3b0
core   0: 0x8000b3b4 (0xc43f2823) sw      gp, -944(t5)
core   0: 3 0x8000b3b4 (0xc43f2823) mem 0x8000d000 0x00000001
core   0: 0x8000b3b8 (0xff9ff06f) j       pc - 0x8
core   0: 3 0x8000b3b8 (0xff9ff06f)
core   0: 0x8000b3b0 (0x00002f17) auipc   t5, 0x2
core   0: 3 0x8000b3b0 (0x00002f17) x30 0x8000d3b0
core   0: 0x8000b3b4 (0xc43f2823) sw      gp, -944(t5)
core   0: 3 0x8000b3b4 (0xc43f2823) mem 0x8000d000 0x00000001
core   0: 0x8000b3b8 (0xff9ff06f) j       pc - 0x8
core   0: 3 0x8000b3b8 (0xff9ff06f)
core   0: 0x8000b3b0 (0x00002f17) auipc   t5, 0x2
core   0: 3 0x8000b3b0 (0x00002f17) x30 0x8000d3b0
core   0: 0x8000b3b4 (0xc43f2823) sw      gp, -944(t5)
core   0: 3 0x8000b3b4 (0xc43f2823) mem 0x8000d000 0x00000001
core   0: 0x8000b3b8 (0xff9ff06f) j       pc - 0x8
core   0: 3 0x8000b3b8 (0xff9ff06f)
core   0: 0x8000b3b0 (0x00002f17) auipc   t5, 0x2
core   0: 3 0x8000b3b0 (0x00002f17) x30 0x8000d3b0
core   0: 0x8000b3b4 (0xc43f2823) sw      gp, -944(t5)
core   0: 3 0x8000b3b4 (0xc43f2823) mem 0x8000d000 0x00000001
core   0: 0x8000b3b8 (0xff9ff06f) j       pc - 0x8
core   0: 3 0x8000b3b8 (0xff9ff06f)
core   0: 0x8000b3b0 (0x00002f17) auipc   t5, 0x2
core   0: 3 0x8000b3b0 (0x00002f17) x30 0x8000d3b0
core   0: 0x8000b3b4 (0xc43f2823) sw      gp, -944(t5)
core   0: 3 0x8000b3b4 (0xc43f2823) mem 0x8000d000 0x00000001
core   0: 0x8000b3b8 (0xff9ff06f) j       pc - 0x8
core   0: 3 0x8000b3b8 (0xff9ff06f)
core   0: 0x8000b3b0 (0x00002f17) auipc   t5, 0x2
core   0: 3 0x8000b3b0 (0x00002f17) x30 0x8000d3b0
core   0: 0x8000b3b4 (0xc43f2823) sw      gp, -944(t5)
core   0: 3 0x8000b3b4 (0xc43f2823) mem 0x8000d000 0x00000001
core   0: 0x8000b3b8 (0xff9ff06f) j       pc - 0x8
core   0: 3 0x8000b3b8 (0xff9ff06f)
core   0: 0x8000b3b0 (0x00002f17) auipc   t5, 0x2
core   0: 3 0x8000b3b0 (0x00002f17) x30 0x8000d3b0
core   0: 0x8000b3b4 (0xc43f2823) sw      gp, -944(t5)
core   0: 3 0x8000b3b4 (0xc43f2823) mem 0x8000d000 0x00000001
core   0: 0x8000b3b8 (0xff9ff06f) j       pc - 0x8
core   0: 3 0x8000b3b8 (0xff9ff06f)
core   0: 0x8000b3b0 (0x00002f17) auipc   t5, 0x2
core   0: 3 0x8000b3b0 (0x00002f17) x30 0x8000d3b0
core   0: 0x8000b3b4 (0xc43f2823) sw      gp, -944(t5)
core   0: 3 0x8000b3b4 (0xc43f2823) mem 0x8000d000 0x00000001
core   0: 0x8000b3b8 (0xff9ff06f) j       pc - 0x8
core   0: 3 0x8000b3b8 (0xff9ff06f)
core   0: 0x8000b3b0 (0x00002f17) auipc   t5, 0x2
core   0: 3 0x8000b3b0 (0x00002f17) x30 0x8000d3b0
core   0: 0x8000b3b4 (0xc43f2823) sw      gp, -944(t5)
core   0: 3 0x8000b3b4 (0xc43f2823) mem 0x8000d000 0x00000001
core   0: 0x8000b3b8 (0xff9ff06f) j       pc - 0x8
core   0: 3 0x8000b3b8 (0xff9ff06f)
core   0: 0x8000b3b0 (0x00002f17) auipc   t5, 0x2
core   0: 3 0x8000b3b0 (0x00002f17) x30 0x8000d3b0
core   0: 0x8000b3b4 (0xc43f2823) sw      gp, -944(t5)
core   0: 3 0x8000b3b4 (0xc43f2823) mem 0x8000d000 0x00000001
core   0: 0x8000b3b8 (0xff9ff06f) j       pc - 0x8
core   0: 3 0x8000b3b8 (0xff9ff06f)
core   0: 0x8000b3b0 (0x00002f17) auipc   t5, 0x2
core   0: 3 0x8000b3b0 (0x00002f17) x30 0x8000d3b0
core   0: 0x8000b3b4 (0xc43f2823) sw      gp, -944(t5)
core   0: 3 0x8000b3b4 (0xc43f2823) mem 0x8000d000 0x00000001
core   0: 0x8000b3b8 (0xff9ff06f) j       pc - 0x8
core   0: 3 0x8000b3b8 (0xff9ff06f)
core   0: 0x8000b3b0 (0x00002f17) auipc   t5, 0x2
core   0: 3 0x8000b3b0 (0x00002f17) x30 0x8000d3b0
core   0: 0x8000b3b4 (0xc43f2823) sw      gp, -944(t5)
core   0: 3 0x8000b3b4 (0xc43f2823) mem 0x8000d000 0x00000001
core   0: 0x8000b3b8 (0xff9ff06f) j       pc - 0x8
core   0: 3 0x8000b3b8 (0xff9ff06f)
core   0: 0x8000b3b0 (0x00002f17) auipc   t5, 0x2
core   0: 3 0x8000b3b0 (0x00002f17) x30 0x8000d3b0
core   0: 0x8000b3b4 (0xc43f2823) sw      gp, -944(t5)
core   0: 3 0x8000b3b4 (0xc43f2823) mem 0x8000d000 0x00000001
core   0: 0x8000b3b8 (0xff9ff06f) j       pc - 0x8
core   0: 3 0x8000b3b8 (0xff9ff06f)
core   0: 0x8000b3b0 (0x00002f17) auipc   t5, 0x2
core   0: 3 0x8000b3b0 (0x00002f17) x30 0x8000d3b0
core   0: 0x8000b3b4 (0xc43f2823) sw      gp, -944(t5)
core   0: 3 0x8000b3b4 (0xc43f2823) mem 0x8000d000 0x00000001
core   0: 0x8000b3b8 (0xff9ff06f) j       pc - 0x8
core   0: 3 0x8000b3b8 (0xff9ff06f)
core   0: 0x8000b3b0 (0x00002f17) auipc   t5, 0x2
core   0: 3 0x8000b3b0 (0x00002f17) x30 0x8000d3b0
core   0: 0x8000b3b4 (0xc43f2823) sw      gp, -944(t5)
core   0: 3 0x8000b3b4 (0xc43f2823) mem 0x8000d000 0x00000001
core   0: 0x8000b3b8 (0xff9ff06f) j       pc - 0x8
core   0: 3 0x8000b3b8 (0xff9ff06f)
core   0: 0x8000b3b0 (0x00002f17) auipc   t5, 0x2
core   0: 3 0x8000b3b0 (0x00002f17) x30 0x8000d3b0
core   0: 0x8000b3b4 (0xc43f2823) sw      gp, -944(t5)
core   0: 3 0x8000b3b4 (0xc43f2823) mem 0x8000d000 0x00000001
core   0: 0x8000b3b8 (0xff9ff06f) j       pc - 0x8
core   0: 3 0x8000b3b8 (0xff9ff06f)
core   0: 0x8000b3b0 (0x00002f17) auipc   t5, 0x2
core   0: 3 0x8000b3b0 (0x00002f17) x30 0x8000d3b0
core   0: 0x8000b3b4 (0xc43f2823) sw      gp, -944(t5)
core   0: 3 0x8000b3b4 (0xc43f2823) mem 0x8000d000 0x00000001
core   0: 0x8000b3b8 (0xff9ff06f) j       pc - 0x8
core   0: 3 0x8000b3b8 (0xff9ff06f)
core   0: 0x8000b3b0 (0x00002f17) auipc   t5, 0x2
core   0: 3 0x8000b3b0 (0x00002f17) x30 0x8000d3b0
core   0: 0x8000b3b4 (0xc43f2823) sw      gp, -944(t5)
core   0: 3 0x8000b3b4 (0xc43f2823) mem 0x8000d000 0x00000001
core   0: 0x8000b3b8 (0xff9ff06f) j       pc - 0x8
core   0: 3 0x8000b3b8 (0xff9ff06f)
core   0: 0x8000b3b0 (0x00002f17) auipc   t5, 0x2
core   0: 3 0x8000b3b0 (0x00002f17) x30 0x8000d3b0
core   0: 0x8000b3b4 (0xc43f2823) sw      gp, -944(t5)
core   0: 3 0x8000b3b4 (0xc43f2823) mem 0x8000d000 0x00000001
core   0: 0x8000b3b8 (0xff9ff06f) j       pc - 0x8
core   0: 3 0x8000b3b8 (0xff9ff06f)
core   0: 0x8000b3b0 (0x00002f17) auipc   t5, 0x2
core   0: 3 0x8000b3b0 (0x00002f17) x30 0x8000d3b0
core   0: 0x8000b3b4 (0xc43f2823) sw      gp, -944(t5)
core   0: 3 0x8000b3b4 (0xc43f2823) mem 0x8000d000 0x00000001
core   0: 0x8000b3b8 (0xff9ff06f) j       pc - 0x8
core   0: 3 0x8000b3b8 (0xff9ff06f)
core   0: 0x8000b3b0 (0x00002f17) auipc   t5, 0x2
core   0: 3 0x8000b3b0 (0x00002f17) x30 0x8000d3b0
core   0: 0x8000b3b4 (0xc43f2823) sw      gp, -944(t5)
core   0: 3 0x8000b3b4 (0xc43f2823) mem 0x8000d000 0x00000001
core   0: 0x8000b3b8 (0xff9ff06f) j       pc - 0x8
core   0: 3 0x8000b3b8 (0xff9ff06f)
core   0: 0x8000b3b0 (0x00002f17) auipc   t5, 0x2
core   0: 3 0x8000b3b0 (0x00002f17) x30 0x8000d3b0
core   0: 0x8000b3b4 (0xc43f2823) sw      gp, -944(t5)
core   0: 3 0x8000b3b4 (0xc43f2823) mem 0x8000d000 0x00000001
core   0: 0x8000b3b8 (0xff9ff06f) j       pc - 0x8
core   0: 3 0x8000b3b8 (0xff9ff06f)
core   0: 0x8000b3b0 (0x00002f17) auipc   t5, 0x2
core   0: 3 0x8000b3b0 (0x00002f17) x30 0x8000d3b0
core   0: 0x8000b3b4 (0xc43f2823) sw      gp, -944(t5)
core   0: 3 0x8000b3b4 (0xc43f2823) mem 0x8000d000 0x00000001
core   0: 0x8000b3b8 (0xff9ff06f) j       pc - 0x8
core   0: 3 0x8000b3b8 (0xff9ff06f)
core   0: 0x8000b3b0 (0x00002f17) auipc   t5, 0x2
core   0: 3 0x8000b3b0 (0x00002f17) x30 0x8000d3b0
core   0: 0x8000b3b4 (0xc43f2823) sw      gp, -944(t5)
core   0: 3 0x8000b3b4 (0xc43f2823) mem 0x8000d000 0x00000001
core   0: 0x8000b3b8 (0xff9ff06f) j       pc - 0x8
core   0: 3 0x8000b3b8 (0xff9ff06f)
core   0: 0x8000b3b0 (0x00002f17) auipc   t5, 0x2
core   0: 3 0x8000b3b0 (0x00002f17) x30 0x8000d3b0
core   0: 0x8000b3b4 (0xc43f2823) sw      gp, -944(t5)
core   0: 3 0x8000b3b4 (0xc43f2823) mem 0x8000d000 0x00000001
core   0: 0x8000b3b8 (0xff9ff06f) j       pc - 0x8
core   0: 3 0x8000b3b8 (0xff9ff06f)
core   0: 0x8000b3b0 (0x00002f17) auipc   t5, 0x2
core   0: 3 0x8000b3b0 (0x00002f17) x30 0x8000d3b0
core   0: 0x8000b3b4 (0xc43f2823) sw      gp, -944(t5)
core   0: 3 0x8000b3b4 (0xc43f2823) mem 0x8000d000 0x00000001
core   0: 0x8000b3b8 (0xff9ff06f) j       pc - 0x8
core   0: 3 0x8000b3b8 (0xff9ff06f)
core   0: 0x8000b3b0 (0x00002f17) auipc   t5, 0x2
core   0: 3 0x8000b3b0 (0x00002f17) x30 0x8000d3b0
core   0: 0x8000b3b4 (0xc43f2823) sw      gp, -944(t5)
core   0: 3 0x8000b3b4 (0xc43f2823) mem 0x8000d000 0x00000001
core   0: 0x8000b3b8 (0xff9ff06f) j       pc - 0x8
core   0: 3 0x8000b3b8 (0xff9ff06f)
core   0: 0x8000b3b0 (0x00002f17) auipc   t5, 0x2
core   0: 3 0x8000b3b0 (0x00002f17) x30 0x8000d3b0
core   0: 0x8000b3b4 (0xc43f2823) sw      gp, -944(t5)
core   0: 3 0x8000b3b4 (0xc43f2823) mem 0x8000d000 0x00000001
core   0: 0x8000b3b8 (0xff9ff06f) j       pc - 0x8
core   0: 3 0x8000b3b8 (0xff9ff06f)
core   0: 0x8000b3b0 (0x00002f17) auipc   t5, 0x2
core   0: 3 0x8000b3b0 (0x00002f17) x30 0x8000d3b0
core   0: 0x8000b3b4 (0xc43f2823) sw      gp, -944(t5)
core   0: 3 0x8000b3b4 (0xc43f2823) mem 0x8000d000 0x00000001
core   0: 0x8000b3b8 (0xff9ff06f) j       pc - 0x8
core   0: 3 0x8000b3b8 (0xff9ff06f)
core   0: 0x8000b3b0 (0x00002f17) auipc   t5, 0x2
core   0: 3 0x8000b3b0 (0x00002f17) x30 0x8000d3b0
core   0: 0x8000b3b4 (0xc43f2823) sw      gp, -944(t5)
core   0: 3 0x8000b3b4 (0xc43f2823) mem 0x8000d000 0x00000001
core   0: 0x8000b3b8 (0xff9ff06f) j       pc - 0x8
core   0: 3 0x8000b3b8 (0xff9ff06f)
core   0: 0x8000b3b0 (0x00002f17) auipc   t5, 0x2
core   0: 3 0x8000b3b0 (0x00002f17) x30 0x8000d3b0
core   0: 0x8000b3b4 (0xc43f2823) sw      gp, -944(t5)
core   0: 3 0x8000b3b4 (0xc43f2823) mem 0x8000d000 0x00000001
core   0: 0x8000b3b8 (0xff9ff06f) j       pc - 0x8
core   0: 3 0x8000b3b8 (0xff9ff06f)
core   0: 0x8000b3b0 (0x00002f17) auipc   t5, 0x2
core   0: 3 0x8000b3b0 (0x00002f17) x30 0x8000d3b0
core   0: 0x8000b3b4 (0xc43f2823) sw      gp, -944(t5)
core   0: 3 0x8000b3b4 (0xc43f2823) mem 0x8000d000 0x00000001
core   0: 0x8000b3b8 (0xff9ff06f) j       pc - 0x8
core   0: 3 0x8000b3b8 (0xff9ff06f)
core   0: 0x8000b3b0 (0x00002f17) auipc   t5, 0x2
core   0: 3 0x8000b3b0 (0x00002f17) x30 0x8000d3b0
core   0: 0x8000b3b4 (0xc43f2823) sw      gp, -944(t5)
core   0: 3 0x8000b3b4 (0xc43f2823) mem 0x8000d000 0x00000001
core   0: 0x8000b3b8 (0xff9ff06f) j       pc - 0x8
core   0: 3 0x8000b3b8 (0xff9ff06f)
core   0: 0x8000b3b0 (0x00002f17) auipc   t5, 0x2
core   0: 3 0x8000b3b0 (0x00002f17) x30 0x8000d3b0
core   0: 0x8000b3b4 (0xc43f2823) sw      gp, -944(t5)
core   0: 3 0x8000b3b4 (0xc43f2823) mem 0x8000d000 0x00000001
core   0: 0x8000b3b8 (0xff9ff06f) j       pc - 0x8
core   0: 3 0x8000b3b8 (0xff9ff06f)
core   0: 0x8000b3b0 (0x00002f17) auipc   t5, 0x2
core   0: 3 0x8000b3b0 (0x00002f17) x30 0x8000d3b0
core   0: 0x8000b3b4 (0xc43f2823) sw      gp, -944(t5)
core   0: 3 0x8000b3b4 (0xc43f2823) mem 0x8000d000 0x00000001
core   0: 0x8000b3b8 (0xff9ff06f) j       pc - 0x8
core   0: 3 0x8000b3b8 (0xff9ff06f)
core   0: 0x8000b3b0 (0x00002f17) auipc   t5, 0x2
core   0: 3 0x8000b3b0 (0x00002f17) x30 0x8000d3b0
core   0: 0x8000b3b4 (0xc43f2823) sw      gp, -944(t5)
core   0: 3 0x8000b3b4 (0xc43f2823) mem 0x8000d000 0x00000001
core   0: 0x8000b3b8 (0xff9ff06f) j       pc - 0x8
core   0: 3 0x8000b3b8 (0xff9ff06f)
core   0: 0x8000b3b0 (0x00002f17) auipc   t5, 0x2
core   0: 3 0x8000b3b0 (0x00002f17) x30 0x8000d3b0
core   0: 0x8000b3b4 (0xc43f2823) sw      gp, -944(t5)
core   0: 3 0x8000b3b4 (0xc43f2823) mem 0x8000d000 0x00000001
core   0: 0x8000b3b8 (0xff9ff06f) j       pc - 0x8
core   0: 3 0x8000b3b8 (0xff9ff06f)
core   0: 0x8000b3b0 (0x00002f17) auipc   t5, 0x2
core   0: 3 0x8000b3b0 (0x00002f17) x30 0x8000d3b0
core   0: 0x8000b3b4 (0xc43f2823) sw      gp, -944(t5)
core   0: 3 0x8000b3b4 (0xc43f2823) mem 0x8000d000 0x00000001
core   0: 0x8000b3b8 (0xff9ff06f) j       pc - 0x8
core   0: 3 0x8000b3b8 (0xff9ff06f)
core   0: 0x8000b3b0 (0x00002f17) auipc   t5, 0x2
core   0: 3 0x8000b3b0 (0x00002f17) x30 0x8000d3b0
core   0: 0x8000b3b4 (0xc43f2823) sw      gp, -944(t5)
core   0: 3 0x8000b3b4 (0xc43f2823) mem 0x8000d000 0x00000001
core   0: 0x8000b3b8 (0xff9ff06f) j       pc - 0x8
core   0: 3 0x8000b3b8 (0xff9ff06f)
core   0: 0x8000b3b0 (0x00002f17) auipc   t5, 0x2
core   0: 3 0x8000b3b0 (0x00002f17) x30 0x8000d3b0
core   0: 0x8000b3b4 (0xc43f2823) sw      gp, -944(t5)
core   0: 3 0x8000b3b4 (0xc43f2823) mem 0x8000d000 0x00000001
core   0: 0x8000b3b8 (0xff9ff06f) j       pc - 0x8
core   0: 3 0x8000b3b8 (0xff9ff06f)
core   0: 0x8000b3b0 (0x00002f17) auipc   t5, 0x2
core   0: 3 0x8000b3b0 (0x00002f17) x30 0x8000d3b0
core   0: 0x8000b3b4 (0xc43f2823) sw      gp, -944(t5)
core   0: 3 0x8000b3b4 (0xc43f2823) mem 0x8000d000 0x00000001
core   0: 0x8000b3b8 (0xff9ff06f) j       pc - 0x8
core   0: 3 0x8000b3b8 (0xff9ff06f)
core   0: 0x8000b3b0 (0x00002f17) auipc   t5, 0x2
core   0: 3 0x8000b3b0 (0x00002f17) x30 0x8000d3b0
core   0: 0x8000b3b4 (0xc43f2823) sw      gp, -944(t5)
core   0: 3 0x8000b3b4 (0xc43f2823) mem 0x8000d000 0x00000001
core   0: 0x8000b3b8 (0xff9ff06f) j       pc - 0x8
core   0: 3 0x8000b3b8 (0xff9ff06f)
core   0: 0x8000b3b0 (0x00002f17) auipc   t5, 0x2
core   0: 3 0x8000b3b0 (0x00002f17) x30 0x8000d3b0
core   0: 0x8000b3b4 (0xc43f2823) sw      gp, -944(t5)
core   0: 3 0x8000b3b4 (0xc43f2823) mem 0x8000d000 0x00000001
core   0: 0x8000b3b8 (0xff9ff06f) j       pc - 0x8
core   0: 3 0x8000b3b8 (0xff9ff06f)
core   0: 0x8000b3b0 (0x00002f17) auipc   t5, 0x2
core   0: 3 0x8000b3b0 (0x00002f17) x30 0x8000d3b0
core   0: 0x8000b3b4 (0xc43f2823) sw      gp, -944(t5)
core   0: 3 0x8000b3b4 (0xc43f2823) mem 0x8000d000 0x00000001
core   0: 0x8000b3b8 (0xff9ff06f) j       pc - 0x8
core   0: 3 0x8000b3b8 (0xff9ff06f)
core   0: 0x8000b3b0 (0x00002f17) auipc   t5, 0x2
core   0: 3 0x8000b3b0 (0x00002f17) x30 0x8000d3b0
core   0: 0x8000b3b4 (0xc43f2823) sw      gp, -944(t5)
core   0: 3 0x8000b3b4 (0xc43f2823) mem 0x8000d000 0x00000001
core   0: 0x8000b3b8 (0xff9ff06f) j       pc - 0x8
core   0: 3 0x8000b3b8 (0xff9ff06f)
core   0: 0x8000b3b0 (0x00002f17) auipc   t5, 0x2
core   0: 3 0x8000b3b0 (0x00002f17) x30 0x8000d3b0
core   0: 0x8000b3b4 (0xc43f2823) sw      gp, -944(t5)
core   0: 3 0x8000b3b4 (0xc43f2823) mem 0x8000d000 0x00000001
core   0: 0x8000b3b8 (0xff9ff06f) j       pc - 0x8
core   0: 3 0x8000b3b8 (0xff9ff06f)
core   0: 0x8000b3b0 (0x00002f17) auipc   t5, 0x2
core   0: 3 0x8000b3b0 (0x00002f17) x30 0x8000d3b0
core   0: 0x8000b3b4 (0xc43f2823) sw      gp, -944(t5)
core   0: 3 0x8000b3b4 (0xc43f2823) mem 0x8000d000 0x00000001
core   0: 0x8000b3b8 (0xff9ff06f) j       pc - 0x8
core   0: 3 0x8000b3b8 (0xff9ff06f)
core   0: 0x8000b3b0 (0x00002f17) auipc   t5, 0x2
core   0: 3 0x8000b3b0 (0x00002f17) x30 0x8000d3b0
core   0: 0x8000b3b4 (0xc43f2823) sw      gp, -944(t5)
core   0: 3 0x8000b3b4 (0xc43f2823) mem 0x8000d000 0x00000001
core   0: 0x8000b3b8 (0xff9ff06f) j       pc - 0x8
core   0: 3 0x8000b3b8 (0xff9ff06f)
core   0: 0x8000b3b0 (0x00002f17) auipc   t5, 0x2
core   0: 3 0x8000b3b0 (0x00002f17) x30 0x8000d3b0
core   0: 0x8000b3b4 (0xc43f2823) sw      gp, -944(t5)
core   0: 3 0x8000b3b4 (0xc43f2823) mem 0x8000d000 0x00000001
core   0: 0x8000b3b8 (0xff9ff06f) j       pc - 0x8
core   0: 3 0x8000b3b8 (0xff9ff06f)
core   0: 0x8000b3b0 (0x00002f17) auipc   t5, 0x2
core   0: 3 0x8000b3b0 (0x00002f17) x30 0x8000d3b0
core   0: 0x8000b3b4 (0xc43f2823) sw      gp, -944(t5)
core   0: 3 0x8000b3b4 (0xc43f2823) mem 0x8000d000 0x00000001
core   0: 0x8000b3b8 (0xff9ff06f) j       pc - 0x8
core   0: 3 0x8000b3b8 (0xff9ff06f)
core   0: 0x8000b3b0 (0x00002f17) auipc   t5, 0x2
core   0: 3 0x8000b3b0 (0x00002f17) x30 0x8000d3b0
core   0: 0x8000b3b4 (0xc43f2823) sw      gp, -944(t5)
core   0: 3 0x8000b3b4 (0xc43f2823) mem 0x8000d000 0x00000001
core   0: 0x8000b3b8 (0xff9ff06f) j       pc - 0x8
core   0: 3 0x8000b3b8 (0xff9ff06f)
core   0: 0x8000b3b0 (0x00002f17) auipc   t5, 0x2
core   0: 3 0x8000b3b0 (0x00002f17) x30 0x8000d3b0
core   0: 0x8000b3b4 (0xc43f2823) sw      gp, -944(t5)
core   0: 3 0x8000b3b4 (0xc43f2823) mem 0x8000d000 0x00000001
core   0: 0x8000b3b8 (0xff9ff06f) j       pc - 0x8
core   0: 3 0x8000b3b8 (0xff9ff06f)
core   0: 0x8000b3b0 (0x00002f17) auipc   t5, 0x2
core   0: 3 0x8000b3b0 (0x00002f17) x30 0x8000d3b0
core   0: 0x8000b3b4 (0xc43f2823) sw      gp, -944(t5)
core   0: 3 0x8000b3b4 (0xc43f2823) mem 0x8000d000 0x00000001
core   0: 0x8000b3b8 (0xff9ff06f) j       pc - 0x8
core   0: 3 0x8000b3b8 (0xff9ff06f)
core   0: 0x8000b3b0 (0x00002f17) auipc   t5, 0x2
core   0: 3 0x8000b3b0 (0x00002f17) x30 0x8000d3b0
core   0: 0x8000b3b4 (0xc43f2823) sw      gp, -944(t5)
core   0: 3 0x8000b3b4 (0xc43f2823) mem 0x8000d000 0x00000001
core   0: 0x8000b3b8 (0xff9ff06f) j       pc - 0x8
core   0: 3 0x8000b3b8 (0xff9ff06f)
core   0: 0x8000b3b0 (0x00002f17) auipc   t5, 0x2
core   0: 3 0x8000b3b0 (0x00002f17) x30 0x8000d3b0
core   0: 0x8000b3b4 (0xc43f2823) sw      gp, -944(t5)
core   0: 3 0x8000b3b4 (0xc43f2823) mem 0x8000d000 0x00000001
core   0: 0x8000b3b8 (0xff9ff06f) j       pc - 0x8
core   0: 3 0x8000b3b8 (0xff9ff06f)
core   0: 0x8000b3b0 (0x00002f17) auipc   t5, 0x2
core   0: 3 0x8000b3b0 (0x00002f17) x30 0x8000d3b0
core   0: 0x8000b3b4 (0xc43f2823) sw      gp, -944(t5)
core   0: 3 0x8000b3b4 (0xc43f2823) mem 0x8000d000 0x00000001
core   0: 0x8000b3b8 (0xff9ff06f) j       pc - 0x8
core   0: 3 0x8000b3b8 (0xff9ff06f)
core   0: 0x8000b3b0 (0x00002f17) auipc   t5, 0x2
core   0: 3 0x8000b3b0 (0x00002f17) x30 0x8000d3b0
core   0: 0x8000b3b4 (0xc43f2823) sw      gp, -944(t5)
core   0: 3 0x8000b3b4 (0xc43f2823) mem 0x8000d000 0x00000001
core   0: 0x8000b3b8 (0xff9ff06f) j       pc - 0x8
core   0: 3 0x8000b3b8 (0xff9ff06f)
core   0: 0x8000b3b0 (0x00002f17) auipc   t5, 0x2
core   0: 3 0x8000b3b0 (0x00002f17) x30 0x8000d3b0
core   0: 0x8000b3b4 (0xc43f2823) sw      gp, -944(t5)
core   0: 3 0x8000b3b4 (0xc43f2823) mem 0x8000d000 0x00000001
core   0: 0x8000b3b8 (0xff9ff06f) j       pc - 0x8
core   0: 3 0x8000b3b8 (0xff9ff06f)
core   0: 0x8000b3b0 (0x00002f17) auipc   t5, 0x2
core   0: 3 0x8000b3b0 (0x00002f17) x30 0x8000d3b0
core   0: 0x8000b3b4 (0xc43f2823) sw      gp, -944(t5)
core   0: 3 0x8000b3b4 (0xc43f2823) mem 0x8000d000 0x00000001
core   0: 0x8000b3b8 (0xff9ff06f) j       pc - 0x8
core   0: 3 0x8000b3b8 (0xff9ff06f)
core   0: 0x8000b3b0 (0x00002f17) auipc   t5, 0x2
core   0: 3 0x8000b3b0 (0x00002f17) x30 0x8000d3b0
core   0: 0x8000b3b4 (0xc43f2823) sw      gp, -944(t5)
core   0: 3 0x8000b3b4 (0xc43f2823) mem 0x8000d000 0x00000001
core   0: 0x8000b3b8 (0xff9ff06f) j       pc - 0x8
core   0: 3 0x8000b3b8 (0xff9ff06f)
core   0: 0x8000b3b0 (0x00002f17) auipc   t5, 0x2
core   0: 3 0x8000b3b0 (0x00002f17) x30 0x8000d3b0
core   0: 0x8000b3b4 (0xc43f2823) sw      gp, -944(t5)
core   0: 3 0x8000b3b4 (0xc43f2823) mem 0x8000d000 0x00000001
core   0: 0x8000b3b8 (0xff9ff06f) j       pc - 0x8
core   0: 3 0x8000b3b8 (0xff9ff06f)
core   0: 0x8000b3b0 (0x00002f17) auipc   t5, 0x2
core   0: 3 0x8000b3b0 (0x00002f17) x30 0x8000d3b0
core   0: 0x8000b3b4 (0xc43f2823) sw      gp, -944(t5)
core   0: 3 0x8000b3b4 (0xc43f2823) mem 0x8000d000 0x00000001
core   0: 0x8000b3b8 (0xff9ff06f) j       pc - 0x8
core   0: 3 0x8000b3b8 (0xff9ff06f)
core   0: 0x8000b3b0 (0x00002f17) auipc   t5, 0x2
core   0: 3 0x8000b3b0 (0x00002f17) x30 0x8000d3b0
core   0: 0x8000b3b4 (0xc43f2823) sw      gp, -944(t5)
core   0: 3 0x8000b3b4 (0xc43f2823) mem 0x8000d000 0x00000001
core   0: 0x8000b3b8 (0xff9ff06f) j       pc - 0x8
core   0: 3 0x8000b3b8 (0xff9ff06f)
core   0: 0x8000b3b0 (0x00002f17) auipc   t5, 0x2
core   0: 3 0x8000b3b0 (0x00002f17) x30 0x8000d3b0
core   0: 0x8000b3b4 (0xc43f2823) sw      gp, -944(t5)
core   0: 3 0x8000b3b4 (0xc43f2823) mem 0x8000d000 0x00000001
core   0: 0x8000b3b8 (0xff9ff06f) j       pc - 0x8
core   0: 3 0x8000b3b8 (0xff9ff06f)
core   0: 0x8000b3b0 (0x00002f17) auipc   t5, 0x2
core   0: 3 0x8000b3b0 (0x00002f17) x30 0x8000d3b0
core   0: 0x8000b3b4 (0xc43f2823) sw      gp, -944(t5)
core   0: 3 0x8000b3b4 (0xc43f2823) mem 0x8000d000 0x00000001
core   0: 0x8000b3b8 (0xff9ff06f) j       pc - 0x8
core   0: 3 0x8000b3b8 (0xff9ff06f)
core   0: 0x8000b3b0 (0x00002f17) auipc   t5, 0x2
core   0: 3 0x8000b3b0 (0x00002f17) x30 0x8000d3b0
core   0: 0x8000b3b4 (0xc43f2823) sw      gp, -944(t5)
core   0: 3 0x8000b3b4 (0xc43f2823) mem 0x8000d000 0x00000001
core   0: 0x8000b3b8 (0xff9ff06f) j       pc - 0x8
core   0: 3 0x8000b3b8 (0xff9ff06f)
core   0: 0x8000b3b0 (0x00002f17) auipc   t5, 0x2
core   0: 3 0x8000b3b0 (0x00002f17) x30 0x8000d3b0
core   0: 0x8000b3b4 (0xc43f2823) sw      gp, -944(t5)
core   0: 3 0x8000b3b4 (0xc43f2823) mem 0x8000d000 0x00000001
core   0: 0x8000b3b8 (0xff9ff06f) j       pc - 0x8
core   0: 3 0x8000b3b8 (0xff9ff06f)
core   0: 0x8000b3b0 (0x00002f17) auipc   t5, 0x2
core   0: 3 0x8000b3b0 (0x00002f17) x30 0x8000d3b0
core   0: 0x8000b3b4 (0xc43f2823) sw      gp, -944(t5)
core   0: 3 0x8000b3b4 (0xc43f2823) mem 0x8000d000 0x00000001
core   0: 0x8000b3b8 (0xff9ff06f) j       pc - 0x8
core   0: 3 0x8000b3b8 (0xff9ff06f)
core   0: 0x8000b3b0 (0x00002f17) auipc   t5, 0x2
core   0: 3 0x8000b3b0 (0x00002f17) x30 0x8000d3b0
core   0: 0x8000b3b4 (0xc43f2823) sw      gp, -944(t5)
core   0: 3 0x8000b3b4 (0xc43f2823) mem 0x8000d000 0x00000001
core   0: 0x8000b3b8 (0xff9ff06f) j       pc - 0x8
core   0: 3 0x8000b3b8 (0xff9ff06f)
core   0: 0x8000b3b0 (0x00002f17) auipc   t5, 0x2
core   0: 3 0x8000b3b0 (0x00002f17) x30 0x8000d3b0
core   0: 0x8000b3b4 (0xc43f2823) sw      gp, -944(t5)
core   0: 3 0x8000b3b4 (0xc43f2823) mem 0x8000d000 0x00000001
core   0: 0x8000b3b8 (0xff9ff06f) j       pc - 0x8
core   0: 3 0x8000b3b8 (0xff9ff06f)
core   0: 0x8000b3b0 (0x00002f17) auipc   t5, 0x2
core   0: 3 0x8000b3b0 (0x00002f17) x30 0x8000d3b0
core   0: 0x8000b3b4 (0xc43f2823) sw      gp, -944(t5)
core   0: 3 0x8000b3b4 (0xc43f2823) mem 0x8000d000 0x00000001
core   0: 0x8000b3b8 (0xff9ff06f) j       pc - 0x8
core   0: 3 0x8000b3b8 (0xff9ff06f)
core   0: 0x8000b3b0 (0x00002f17) auipc   t5, 0x2
core   0: 3 0x8000b3b0 (0x00002f17) x30 0x8000d3b0
core   0: 0x8000b3b4 (0xc43f2823) sw      gp, -944(t5)
core   0: 3 0x8000b3b4 (0xc43f2823) mem 0x8000d000 0x00000001
core   0: 0x8000b3b8 (0xff9ff06f) j       pc - 0x8
core   0: 3 0x8000b3b8 (0xff9ff06f)
core   0: 0x8000b3b0 (0x00002f17) auipc   t5, 0x2
core   0: 3 0x8000b3b0 (0x00002f17) x30 0x8000d3b0
core   0: 0x8000b3b4 (0xc43f2823) sw      gp, -944(t5)
core   0: 3 0x8000b3b4 (0xc43f2823) mem 0x8000d000 0x00000001
core   0: 0x8000b3b8 (0xff9ff06f) j       pc - 0x8
core   0: 3 0x8000b3b8 (0xff9ff06f)
core   0: 0x8000b3b0 (0x00002f17) auipc   t5, 0x2
core   0: 3 0x8000b3b0 (0x00002f17) x30 0x8000d3b0
core   0: 0x8000b3b4 (0xc43f2823) sw      gp, -944(t5)
core   0: 3 0x8000b3b4 (0xc43f2823) mem 0x8000d000 0x00000001
core   0: 0x8000b3b8 (0xff9ff06f) j       pc - 0x8
core   0: 3 0x8000b3b8 (0xff9ff06f)
core   0: 0x8000b3b0 (0x00002f17) auipc   t5, 0x2
core   0: 3 0x8000b3b0 (0x00002f17) x30 0x8000d3b0
core   0: 0x8000b3b4 (0xc43f2823) sw      gp, -944(t5)
core   0: 3 0x8000b3b4 (0xc43f2823) mem 0x8000d000 0x00000001
core   0: 0x8000b3b8 (0xff9ff06f) j       pc - 0x8
core   0: 3 0x8000b3b8 (0xff9ff06f)
core   0: 0x8000b3b0 (0x00002f17) auipc   t5, 0x2
core   0: 3 0x8000b3b0 (0x00002f17) x30 0x8000d3b0
core   0: 0x8000b3b4 (0xc43f2823) sw      gp, -944(t5)
core   0: 3 0x8000b3b4 (0xc43f2823) mem 0x8000d000 0x00000001
core   0: 0x8000b3b8 (0xff9ff06f) j       pc - 0x8
core   0: 3 0x8000b3b8 (0xff9ff06f)
core   0: 0x8000b3b0 (0x00002f17) auipc   t5, 0x2
core   0: 3 0x8000b3b0 (0x00002f17) x30 0x8000d3b0
core   0: 0x8000b3b4 (0xc43f2823) sw      gp, -944(t5)
core   0: 3 0x8000b3b4 (0xc43f2823) mem 0x8000d000 0x00000001
core   0: 0x8000b3b8 (0xff9ff06f) j       pc - 0x8
core   0: 3 0x8000b3b8 (0xff9ff06f)
core   0: 0x8000b3b0 (0x00002f17) auipc   t5, 0x2
core   0: 3 0x8000b3b0 (0x00002f17) x30 0x8000d3b0
core   0: 0x8000b3b4 (0xc43f2823) sw      gp, -944(t5)
core   0: 3 0x8000b3b4 (0xc43f2823) mem 0x8000d000 0x00000001
core   0: 0x8000b3b8 (0xff9ff06f) j       pc - 0x8
core   0: 3 0x8000b3b8 (0xff9ff06f)
core   0: 0x8000b3b0 (0x00002f17) auipc   t5, 0x2
core   0: 3 0x8000b3b0 (0x00002f17) x30 0x8000d3b0
core   0: 0x8000b3b4 (0xc43f2823) sw      gp, -944(t5)
core   0: 3 0x8000b3b4 (0xc43f2823) mem 0x8000d000 0x00000001
core   0: 0x8000b3b8 (0xff9ff06f) j       pc - 0x8
core   0: 3 0x8000b3b8 (0xff9ff06f)
core   0: 0x8000b3b0 (0x00002f17) auipc   t5, 0x2
core   0: 3 0x8000b3b0 (0x00002f17) x30 0x8000d3b0
core   0: 0x8000b3b4 (0xc43f2823) sw      gp, -944(t5)
core   0: 3 0x8000b3b4 (0xc43f2823) mem 0x8000d000 0x00000001
core   0: 0x8000b3b8 (0xff9ff06f) j       pc - 0x8
core   0: 3 0x8000b3b8 (0xff9ff06f)
core   0: 0x8000b3b0 (0x00002f17) auipc   t5, 0x2
core   0: 3 0x8000b3b0 (0x00002f17) x30 0x8000d3b0
core   0: 0x8000b3b4 (0xc43f2823) sw      gp, -944(t5)
core   0: 3 0x8000b3b4 (0xc43f2823) mem 0x8000d000 0x00000001
core   0: 0x8000b3b8 (0xff9ff06f) j       pc - 0x8
core   0: 3 0x8000b3b8 (0xff9ff06f)
core   0: 0x8000b3b0 (0x00002f17) auipc   t5, 0x2
core   0: 3 0x8000b3b0 (0x00002f17) x30 0x8000d3b0
core   0: 0x8000b3b4 (0xc43f2823) sw      gp, -944(t5)
core   0: 3 0x8000b3b4 (0xc43f2823) mem 0x8000d000 0x00000001
core   0: 0x8000b3b8 (0xff9ff06f) j       pc - 0x8
core   0: 3 0x8000b3b8 (0xff9ff06f)
core   0: 0x8000b3b0 (0x00002f17) auipc   t5, 0x2
core   0: 3 0x8000b3b0 (0x00002f17) x30 0x8000d3b0
core   0: 0x8000b3b4 (0xc43f2823) sw      gp, -944(t5)
core   0: 3 0x8000b3b4 (0xc43f2823) mem 0x8000d000 0x00000001
core   0: 0x8000b3b8 (0xff9ff06f) j       pc - 0x8
core   0: 3 0x8000b3b8 (0xff9ff06f)
core   0: 0x8000b3b0 (0x00002f17) auipc   t5, 0x2
core   0: 3 0x8000b3b0 (0x00002f17) x30 0x8000d3b0
core   0: 0x8000b3b4 (0xc43f2823) sw      gp, -944(t5)
core   0: 3 0x8000b3b4 (0xc43f2823) mem 0x8000d000 0x00000001
core   0: 0x8000b3b8 (0xff9ff06f) j       pc - 0x8
core   0: 3 0x8000b3b8 (0xff9ff06f)
core   0: 0x8000b3b0 (0x00002f17) auipc   t5, 0x2
core   0: 3 0x8000b3b0 (0x00002f17) x30 0x8000d3b0
core   0: 0x8000b3b4 (0xc43f2823) sw      gp, -944(t5)
core   0: 3 0x8000b3b4 (0xc43f2823) mem 0x8000d000 0x00000001
core   0: 0x8000b3b8 (0xff9ff06f) j       pc - 0x8
core   0: 3 0x8000b3b8 (0xff9ff06f)
core   0: 0x8000b3b0 (0x00002f17) auipc   t5, 0x2
core   0: 3 0x8000b3b0 (0x00002f17) x30 0x8000d3b0
core   0: 0x8000b3b4 (0xc43f2823) sw      gp, -944(t5)
core   0: 3 0x8000b3b4 (0xc43f2823) mem 0x8000d000 0x00000001
core   0: 0x8000b3b8 (0xff9ff06f) j       pc - 0x8
core   0: 3 0x8000b3b8 (0xff9ff06f)
core   0: 0x8000b3b0 (0x00002f17) auipc   t5, 0x2
core   0: 3 0x8000b3b0 (0x00002f17) x30 0x8000d3b0
core   0: 0x8000b3b4 (0xc43f2823) sw      gp, -944(t5)
core   0: 3 0x8000b3b4 (0xc43f2823) mem 0x8000d000 0x00000001
core   0: 0x8000b3b8 (0xff9ff06f) j       pc - 0x8
core   0: 3 0x8000b3b8 (0xff9ff06f)
core   0: 0x8000b3b0 (0x00002f17) auipc   t5, 0x2
core   0: 3 0x8000b3b0 (0x00002f17) x30 0x8000d3b0
core   0: 0x8000b3b4 (0xc43f2823) sw      gp, -944(t5)
core   0: 3 0x8000b3b4 (0xc43f2823) mem 0x8000d000 0x00000001
core   0: 0x8000b3b8 (0xff9ff06f) j       pc - 0x8
core   0: 3 0x8000b3b8 (0xff9ff06f)
core   0: 0x8000b3b0 (0x00002f17) auipc   t5, 0x2
core   0: 3 0x8000b3b0 (0x00002f17) x30 0x8000d3b0
core   0: 0x8000b3b4 (0xc43f2823) sw      gp, -944(t5)
core   0: 3 0x8000b3b4 (0xc43f2823) mem 0x8000d000 0x00000001
core   0: 0x8000b3b8 (0xff9ff06f) j       pc - 0x8
core   0: 3 0x8000b3b8 (0xff9ff06f)
core   0: 0x8000b3b0 (0x00002f17) auipc   t5, 0x2
core   0: 3 0x8000b3b0 (0x00002f17) x30 0x8000d3b0
core   0: 0x8000b3b4 (0xc43f2823) sw      gp, -944(t5)
core   0: 3 0x8000b3b4 (0xc43f2823) mem 0x8000d000 0x00000001
core   0: 0x8000b3b8 (0xff9ff06f) j       pc - 0x8
core   0: 3 0x8000b3b8 (0xff9ff06f)
core   0: 0x8000b3b0 (0x00002f17) auipc   t5, 0x2
core   0: 3 0x8000b3b0 (0x00002f17) x30 0x8000d3b0
core   0: 0x8000b3b4 (0xc43f2823) sw      gp, -944(t5)
core   0: 3 0x8000b3b4 (0xc43f2823) mem 0x8000d000 0x00000001
core   0: 0x8000b3b8 (0xff9ff06f) j       pc - 0x8
core   0: 3 0x8000b3b8 (0xff9ff06f)
core   0: 0x8000b3b0 (0x00002f17) auipc   t5, 0x2
core   0: 3 0x8000b3b0 (0x00002f17) x30 0x8000d3b0
core   0: 0x8000b3b4 (0xc43f2823) sw      gp, -944(t5)
core   0: 3 0x8000b3b4 (0xc43f2823) mem 0x8000d000 0x00000001
core   0: 0x8000b3b8 (0xff9ff06f) j       pc - 0x8
core   0: 3 0x8000b3b8 (0xff9ff06f)
core   0: 0x8000b3b0 (0x00002f17) auipc   t5, 0x2
core   0: 3 0x8000b3b0 (0x00002f17) x30 0x8000d3b0
core   0: 0x8000b3b4 (0xc43f2823) sw      gp, -944(t5)
core   0: 3 0x8000b3b4 (0xc43f2823) mem 0x8000d000 0x00000001
core   0: 0x8000b3b8 (0xff9ff06f) j       pc - 0x8
core   0: 3 0x8000b3b8 (0xff9ff06f)
core   0: 0x8000b3b0 (0x00002f17) auipc   t5, 0x2
core   0: 3 0x8000b3b0 (0x00002f17) x30 0x8000d3b0
core   0: 0x8000b3b4 (0xc43f2823) sw      gp, -944(t5)
core   0: 3 0x8000b3b4 (0xc43f2823) mem 0x8000d000 0x00000001
core   0: 0x8000b3b8 (0xff9ff06f) j       pc - 0x8
core   0: 3 0x8000b3b8 (0xff9ff06f)
core   0: 0x8000b3b0 (0x00002f17) auipc   t5, 0x2
core   0: 3 0x8000b3b0 (0x00002f17) x30 0x8000d3b0
core   0: 0x8000b3b4 (0xc43f2823) sw      gp, -944(t5)
core   0: 3 0x8000b3b4 (0xc43f2823) mem 0x8000d000 0x00000001
core   0: 0x8000b3b8 (0xff9ff06f) j       pc - 0x8
core   0: 3 0x8000b3b8 (0xff9ff06f)
core   0: 0x8000b3b0 (0x00002f17) auipc   t5, 0x2
core   0: 3 0x8000b3b0 (0x00002f17) x30 0x8000d3b0
core   0: 0x8000b3b4 (0xc43f2823) sw      gp, -944(t5)
core   0: 3 0x8000b3b4 (0xc43f2823) mem 0x8000d000 0x00000001
core   0: 0x8000b3b8 (0xff9ff06f) j       pc - 0x8
core   0: 3 0x8000b3b8 (0xff9ff06f)
core   0: 0x8000b3b0 (0x00002f17) auipc   t5, 0x2
core   0: 3 0x8000b3b0 (0x00002f17) x30 0x8000d3b0
core   0: 0x8000b3b4 (0xc43f2823) sw      gp, -944(t5)
core   0: 3 0x8000b3b4 (0xc43f2823) mem 0x8000d000 0x00000001
core   0: 0x8000b3b8 (0xff9ff06f) j       pc - 0x8
core   0: 3 0x8000b3b8 (0xff9ff06f)
core   0: 0x8000b3b0 (0x00002f17) auipc   t5, 0x2
core   0: 3 0x8000b3b0 (0x00002f17) x30 0x8000d3b0
core   0: 0x8000b3b4 (0xc43f2823) sw      gp, -944(t5)
core   0: 3 0x8000b3b4 (0xc43f2823) mem 0x8000d000 0x00000001
core   0: 0x8000b3b8 (0xff9ff06f) j       pc - 0x8
core   0: 3 0x8000b3b8 (0xff9ff06f)
core   0: 0x8000b3b0 (0x00002f17) auipc   t5, 0x2
core   0: 3 0x8000b3b0 (0x00002f17) x30 0x8000d3b0
core   0: 0x8000b3b4 (0xc43f2823) sw      gp, -944(t5)
core   0: 3 0x8000b3b4 (0xc43f2823) mem 0x8000d000 0x00000001
core   0: 0x8000b3b8 (0xff9ff06f) j       pc - 0x8
core   0: 3 0x8000b3b8 (0xff9ff06f)
core   0: 0x8000b3b0 (0x00002f17) auipc   t5, 0x2
core   0: 3 0x8000b3b0 (0x00002f17) x30 0x8000d3b0
core   0: 0x8000b3b4 (0xc43f2823) sw      gp, -944(t5)
core   0: 3 0x8000b3b4 (0xc43f2823) mem 0x8000d000 0x00000001
core   0: 0x8000b3b8 (0xff9ff06f) j       pc - 0x8
core   0: 3 0x8000b3b8 (0xff9ff06f)
core   0: 0x8000b3b0 (0x00002f17) auipc   t5, 0x2
core   0: 3 0x8000b3b0 (0x00002f17) x30 0x8000d3b0
core   0: 0x8000b3b4 (0xc43f2823) sw      gp, -944(t5)
core   0: 3 0x8000b3b4 (0xc43f2823) mem 0x8000d000 0x00000001
core   0: 0x8000b3b8 (0xff9ff06f) j       pc - 0x8
core   0: 3 0x8000b3b8 (0xff9ff06f)
core   0: 0x8000b3b0 (0x00002f17) auipc   t5, 0x2
core   0: 3 0x8000b3b0 (0x00002f17) x30 0x8000d3b0
core   0: 0x8000b3b4 (0xc43f2823) sw      gp, -944(t5)
core   0: 3 0x8000b3b4 (0xc43f2823) mem 0x8000d000 0x00000001
core   0: 0x8000b3b8 (0xff9ff06f) j       pc - 0x8
core   0: 3 0x8000b3b8 (0xff9ff06f)
core   0: 0x8000b3b0 (0x00002f17) auipc   t5, 0x2
core   0: 3 0x8000b3b0 (0x00002f17) x30 0x8000d3b0
core   0: 0x8000b3b4 (0xc43f2823) sw      gp, -944(t5)
core   0: 3 0x8000b3b4 (0xc43f2823) mem 0x8000d000 0x00000001
core   0: 0x8000b3b8 (0xff9ff06f) j       pc - 0x8
core   0: 3 0x8000b3b8 (0xff9ff06f)
core   0: 0x8000b3b0 (0x00002f17) auipc   t5, 0x2
core   0: 3 0x8000b3b0 (0x00002f17) x30 0x8000d3b0
core   0: 0x8000b3b4 (0xc43f2823) sw      gp, -944(t5)
core   0: 3 0x8000b3b4 (0xc43f2823) mem 0x8000d000 0x00000001
core   0: 0x8000b3b8 (0xff9ff06f) j       pc - 0x8
core   0: 3 0x8000b3b8 (0xff9ff06f)
core   0: 0x8000b3b0 (0x00002f17) auipc   t5, 0x2
core   0: 3 0x8000b3b0 (0x00002f17) x30 0x8000d3b0
core   0: 0x8000b3b4 (0xc43f2823) sw      gp, -944(t5)
core   0: 3 0x8000b3b4 (0xc43f2823) mem 0x8000d000 0x00000001
core   0: 0x8000b3b8 (0xff9ff06f) j       pc - 0x8
core   0: 3 0x8000b3b8 (0xff9ff06f)
core   0: 0x8000b3b0 (0x00002f17) auipc   t5, 0x2
core   0: 3 0x8000b3b0 (0x00002f17) x30 0x8000d3b0
core   0: 0x8000b3b4 (0xc43f2823) sw      gp, -944(t5)
core   0: 3 0x8000b3b4 (0xc43f2823) mem 0x8000d000 0x00000001
core   0: 0x8000b3b8 (0xff9ff06f) j       pc - 0x8
core   0: 3 0x8000b3b8 (0xff9ff06f)
core   0: 0x8000b3b0 (0x00002f17) auipc   t5, 0x2
core   0: 3 0x8000b3b0 (0x00002f17) x30 0x8000d3b0
core   0: 0x8000b3b4 (0xc43f2823) sw      gp, -944(t5)
core   0: 3 0x8000b3b4 (0xc43f2823) mem 0x8000d000 0x00000001
core   0: 0x8000b3b8 (0xff9ff06f) j       pc - 0x8
core   0: 3 0x8000b3b8 (0xff9ff06f)
core   0: 0x8000b3b0 (0x00002f17) auipc   t5, 0x2
core   0: 3 0x8000b3b0 (0x00002f17) x30 0x8000d3b0
core   0: 0x8000b3b4 (0xc43f2823) sw      gp, -944(t5)
core   0: 3 0x8000b3b4 (0xc43f2823) mem 0x8000d000 0x00000001
core   0: 0x8000b3b8 (0xff9ff06f) j       pc - 0x8
core   0: 3 0x8000b3b8 (0xff9ff06f)
core   0: 0x8000b3b0 (0x00002f17) auipc   t5, 0x2
core   0: 3 0x8000b3b0 (0x00002f17) x30 0x8000d3b0
core   0: 0x8000b3b4 (0xc43f2823) sw      gp, -944(t5)
core   0: 3 0x8000b3b4 (0xc43f2823) mem 0x8000d000 0x00000001
core   0: 0x8000b3b8 (0xff9ff06f) j       pc - 0x8
core   0: 3 0x8000b3b8 (0xff9ff06f)
core   0: 0x8000b3b0 (0x00002f17) auipc   t5, 0x2
core   0: 3 0x8000b3b0 (0x00002f17) x30 0x8000d3b0
core   0: 0x8000b3b4 (0xc43f2823) sw      gp, -944(t5)
core   0: 3 0x8000b3b4 (0xc43f2823) mem 0x8000d000 0x00000001
core   0: 0x8000b3b8 (0xff9ff06f) j       pc - 0x8
core   0: 3 0x8000b3b8 (0xff9ff06f)
core   0: 0x8000b3b0 (0x00002f17) auipc   t5, 0x2
core   0: 3 0x8000b3b0 (0x00002f17) x30 0x8000d3b0
core   0: 0x8000b3b4 (0xc43f2823) sw      gp, -944(t5)
core   0: 3 0x8000b3b4 (0xc43f2823) mem 0x8000d000 0x00000001
core   0: 0x8000b3b8 (0xff9ff06f) j       pc - 0x8
core   0: 3 0x8000b3b8 (0xff9ff06f)
core   0: 0x8000b3b0 (0x00002f17) auipc   t5, 0x2
core   0: 3 0x8000b3b0 (0x00002f17) x30 0x8000d3b0
core   0: 0x8000b3b4 (0xc43f2823) sw      gp, -944(t5)
core   0: 3 0x8000b3b4 (0xc43f2823) mem 0x8000d000 0x00000001
core   0: 0x8000b3b8 (0xff9ff06f) j       pc - 0x8
core   0: 3 0x8000b3b8 (0xff9ff06f)
core   0: 0x8000b3b0 (0x00002f17) auipc   t5, 0x2
core   0: 3 0x8000b3b0 (0x00002f17) x30 0x8000d3b0
core   0: 0x8000b3b4 (0xc43f2823) sw      gp, -944(t5)
core   0: 3 0x8000b3b4 (0xc43f2823) mem 0x8000d000 0x00000001
core   0: 0x8000b3b8 (0xff9ff06f) j       pc - 0x8
core   0: 3 0x8000b3b8 (0xff9ff06f)
core   0: 0x8000b3b0 (0x00002f17) auipc   t5, 0x2
core   0: 3 0x8000b3b0 (0x00002f17) x30 0x8000d3b0
core   0: 0x8000b3b4 (0xc43f2823) sw      gp, -944(t5)
core   0: 3 0x8000b3b4 (0xc43f2823) mem 0x8000d000 0x00000001
core   0: 0x8000b3b8 (0xff9ff06f) j       pc - 0x8
core   0: 3 0x8000b3b8 (0xff9ff06f)
core   0: 0x8000b3b0 (0x00002f17) auipc   t5, 0x2
core   0: 3 0x8000b3b0 (0x00002f17) x30 0x8000d3b0
core   0: 0x8000b3b4 (0xc43f2823) sw      gp, -944(t5)
core   0: 3 0x8000b3b4 (0xc43f2823) mem 0x8000d000 0x00000001
core   0: 0x8000b3b8 (0xff9ff06f) j       pc - 0x8
core   0: 3 0x8000b3b8 (0xff9ff06f)
core   0: 0x8000b3b0 (0x00002f17) auipc   t5, 0x2
core   0: 3 0x8000b3b0 (0x00002f17) x30 0x8000d3b0
core   0: 0x8000b3b4 (0xc43f2823) sw      gp, -944(t5)
core   0: 3 0x8000b3b4 (0xc43f2823) mem 0x8000d000 0x00000001
core   0: 0x8000b3b8 (0xff9ff06f) j       pc - 0x8
core   0: 3 0x8000b3b8 (0xff9ff06f)
core   0: 0x8000b3b0 (0x00002f17) auipc   t5, 0x2
core   0: 3 0x8000b3b0 (0x00002f17) x30 0x8000d3b0
core   0: 0x8000b3b4 (0xc43f2823) sw      gp, -944(t5)
core   0: 3 0x8000b3b4 (0xc43f2823) mem 0x8000d000 0x00000001
core   0: 0x8000b3b8 (0xff9ff06f) j       pc - 0x8
core   0: 3 0x8000b3b8 (0xff9ff06f)
core   0: 0x8000b3b0 (0x00002f17) auipc   t5, 0x2
core   0: 3 0x8000b3b0 (0x00002f17) x30 0x8000d3b0
core   0: 0x8000b3b4 (0xc43f2823) sw      gp, -944(t5)
core   0: 3 0x8000b3b4 (0xc43f2823) mem 0x8000d000 0x00000001
core   0: 0x8000b3b8 (0xff9ff06f) j       pc - 0x8
core   0: 3 0x8000b3b8 (0xff9ff06f)
core   0: 0x8000b3b0 (0x00002f17) auipc   t5, 0x2
core   0: 3 0x8000b3b0 (0x00002f17) x30 0x8000d3b0
core   0: 0x8000b3b4 (0xc43f2823) sw      gp, -944(t5)
core   0: 3 0x8000b3b4 (0xc43f2823) mem 0x8000d000 0x00000001
core   0: 0x8000b3b8 (0xff9ff06f) j       pc - 0x8
core   0: 3 0x8000b3b8 (0xff9ff06f)
core   0: 0x8000b3b0 (0x00002f17) auipc   t5, 0x2
core   0: 3 0x8000b3b0 (0x00002f17) x30 0x8000d3b0
core   0: 0x8000b3b4 (0xc43f2823) sw      gp, -944(t5)
core   0: 3 0x8000b3b4 (0xc43f2823) mem 0x8000d000 0x00000001
core   0: 0x8000b3b8 (0xff9ff06f) j       pc - 0x8
core   0: 3 0x8000b3b8 (0xff9ff06f)
core   0: 0x8000b3b0 (0x00002f17) auipc   t5, 0x2
core   0: 3 0x8000b3b0 (0x00002f17) x30 0x8000d3b0
core   0: 0x8000b3b4 (0xc43f2823) sw      gp, -944(t5)
core   0: 3 0x8000b3b4 (0xc43f2823) mem 0x8000d000 0x00000001
core   0: 0x8000b3b8 (0xff9ff06f) j       pc - 0x8
core   0: 3 0x8000b3b8 (0xff9ff06f)
core   0: 0x8000b3b0 (0x00002f17) auipc   t5, 0x2
core   0: 3 0x8000b3b0 (0x00002f17) x30 0x8000d3b0
core   0: 0x8000b3b4 (0xc43f2823) sw      gp, -944(t5)
core   0: 3 0x8000b3b4 (0xc43f2823) mem 0x8000d000 0x00000001
core   0: 0x8000b3b8 (0xff9ff06f) j       pc - 0x8
core   0: 3 0x8000b3b8 (0xff9ff06f)
core   0: 0x8000b3b0 (0x00002f17) auipc   t5, 0x2
core   0: 3 0x8000b3b0 (0x00002f17) x30 0x8000d3b0
core   0: 0x8000b3b4 (0xc43f2823) sw      gp, -944(t5)
core   0: 3 0x8000b3b4 (0xc43f2823) mem 0x8000d000 0x00000001
core   0: 0x8000b3b8 (0xff9ff06f) j       pc - 0x8
core   0: 3 0x8000b3b8 (0xff9ff06f)
core   0: 0x8000b3b0 (0x00002f17) auipc   t5, 0x2
core   0: 3 0x8000b3b0 (0x00002f17) x30 0x8000d3b0
core   0: 0x8000b3b4 (0xc43f2823) sw      gp, -944(t5)
core   0: 3 0x8000b3b4 (0xc43f2823) mem 0x8000d000 0x00000001
core   0: 0x8000b3b8 (0xff9ff06f) j       pc - 0x8
core   0: 3 0x8000b3b8 (0xff9ff06f)
core   0: 0x8000b3b0 (0x00002f17) auipc   t5, 0x2
core   0: 3 0x8000b3b0 (0x00002f17) x30 0x8000d3b0
core   0: 0x8000b3b4 (0xc43f2823) sw      gp, -944(t5)
core   0: 3 0x8000b3b4 (0xc43f2823) mem 0x8000d000 0x00000001
core   0: 0x8000b3b8 (0xff9ff06f) j       pc - 0x8
core   0: 3 0x8000b3b8 (0xff9ff06f)
core   0: 0x8000b3b0 (0x00002f17) auipc   t5, 0x2
core   0: 3 0x8000b3b0 (0x00002f17) x30 0x8000d3b0
core   0: 0x8000b3b4 (0xc43f2823) sw      gp, -944(t5)
core   0: 3 0x8000b3b4 (0xc43f2823) mem 0x8000d000 0x00000001
core   0: 0x8000b3b8 (0xff9ff06f) j       pc - 0x8
core   0: 3 0x8000b3b8 (0xff9ff06f)
core   0: 0x8000b3b0 (0x00002f17) auipc   t5, 0x2
core   0: 3 0x8000b3b0 (0x00002f17) x30 0x8000d3b0
core   0: 0x8000b3b4 (0xc43f2823) sw      gp, -944(t5)
core   0: 3 0x8000b3b4 (0xc43f2823) mem 0x8000d000 0x00000001
core   0: 0x8000b3b8 (0xff9ff06f) j       pc - 0x8
core   0: 3 0x8000b3b8 (0xff9ff06f)
core   0: 0x8000b3b0 (0x00002f17) auipc   t5, 0x2
core   0: 3 0x8000b3b0 (0x00002f17) x30 0x8000d3b0
core   0: 0x8000b3b4 (0xc43f2823) sw      gp, -944(t5)
core   0: 3 0x8000b3b4 (0xc43f2823) mem 0x8000d000 0x00000001
core   0: 0x8000b3b8 (0xff9ff06f) j       pc - 0x8
core   0: 3 0x8000b3b8 (0xff9ff06f)
core   0: 0x8000b3b0 (0x00002f17) auipc   t5, 0x2
core   0: 3 0x8000b3b0 (0x00002f17) x30 0x8000d3b0
core   0: 0x8000b3b4 (0xc43f2823) sw      gp, -944(t5)
core   0: 3 0x8000b3b4 (0xc43f2823) mem 0x8000d000 0x00000001
core   0: 0x8000b3b8 (0xff9ff06f) j       pc - 0x8
core   0: 3 0x8000b3b8 (0xff9ff06f)
core   0: 0x8000b3b0 (0x00002f17) auipc   t5, 0x2
core   0: 3 0x8000b3b0 (0x00002f17) x30 0x8000d3b0
core   0: 0x8000b3b4 (0xc43f2823) sw      gp, -944(t5)
core   0: 3 0x8000b3b4 (0xc43f2823) mem 0x8000d000 0x00000001
core   0: 0x8000b3b8 (0xff9ff06f) j       pc - 0x8
core   0: 3 0x8000b3b8 (0xff9ff06f)
core   0: 0x8000b3b0 (0x00002f17) auipc   t5, 0x2
core   0: 3 0x8000b3b0 (0x00002f17) x30 0x8000d3b0
core   0: 0x8000b3b4 (0xc43f2823) sw      gp, -944(t5)
core   0: 3 0x8000b3b4 (0xc43f2823) mem 0x8000d000 0x00000001
core   0: 0x8000b3b8 (0xff9ff06f) j       pc - 0x8
core   0: 3 0x8000b3b8 (0xff9ff06f)
core   0: 0x8000b3b0 (0x00002f17) auipc   t5, 0x2
core   0: 3 0x8000b3b0 (0x00002f17) x30 0x8000d3b0
core   0: 0x8000b3b4 (0xc43f2823) sw      gp, -944(t5)
core   0: 3 0x8000b3b4 (0xc43f2823) mem 0x8000d000 0x00000001
core   0: 0x8000b3b8 (0xff9ff06f) j       pc - 0x8
core   0: 3 0x8000b3b8 (0xff9ff06f)
core   0: 0x8000b3b0 (0x00002f17) auipc   t5, 0x2
core   0: 3 0x8000b3b0 (0x00002f17) x30 0x8000d3b0
core   0: 0x8000b3b4 (0xc43f2823) sw      gp, -944(t5)
core   0: 3 0x8000b3b4 (0xc43f2823) mem 0x8000d000 0x00000001
core   0: 0x8000b3b8 (0xff9ff06f) j       pc - 0x8
core   0: 3 0x8000b3b8 (0xff9ff06f)
core   0: 0x8000b3b0 (0x00002f17) auipc   t5, 0x2
core   0: 3 0x8000b3b0 (0x00002f17) x30 0x8000d3b0
core   0: 0x8000b3b4 (0xc43f2823) sw      gp, -944(t5)
core   0: 3 0x8000b3b4 (0xc43f2823) mem 0x8000d000 0x00000001
core   0: 0x8000b3b8 (0xff9ff06f) j       pc - 0x8
core   0: 3 0x8000b3b8 (0xff9ff06f)
core   0: 0x8000b3b0 (0x00002f17) auipc   t5, 0x2
core   0: 3 0x8000b3b0 (0x00002f17) x30 0x8000d3b0
core   0: 0x8000b3b4 (0xc43f2823) sw      gp, -944(t5)
core   0: 3 0x8000b3b4 (0xc43f2823) mem 0x8000d000 0x00000001
core   0: 0x8000b3b8 (0xff9ff06f) j       pc - 0x8
core   0: 3 0x8000b3b8 (0xff9ff06f)
core   0: 0x8000b3b0 (0x00002f17) auipc   t5, 0x2
core   0: 3 0x8000b3b0 (0x00002f17) x30 0x8000d3b0
core   0: 0x8000b3b4 (0xc43f2823) sw      gp, -944(t5)
core   0: 3 0x8000b3b4 (0xc43f2823) mem 0x8000d000 0x00000001
core   0: 0x8000b3b8 (0xff9ff06f) j       pc - 0x8
core   0: 3 0x8000b3b8 (0xff9ff06f)
core   0: 0x8000b3b0 (0x00002f17) auipc   t5, 0x2
core   0: 3 0x8000b3b0 (0x00002f17) x30 0x8000d3b0
core   0: 0x8000b3b4 (0xc43f2823) sw      gp, -944(t5)
core   0: 3 0x8000b3b4 (0xc43f2823) mem 0x8000d000 0x00000001
core   0: 0x8000b3b8 (0xff9ff06f) j       pc - 0x8
core   0: 3 0x8000b3b8 (0xff9ff06f)
core   0: 0x8000b3b0 (0x00002f17) auipc   t5, 0x2
core   0: 3 0x8000b3b0 (0x00002f17) x30 0x8000d3b0
core   0: 0x8000b3b4 (0xc43f2823) sw      gp, -944(t5)
core   0: 3 0x8000b3b4 (0xc43f2823) mem 0x8000d000 0x00000001
core   0: 0x8000b3b8 (0xff9ff06f) j       pc - 0x8
core   0: 3 0x8000b3b8 (0xff9ff06f)
core   0: 0x8000b3b0 (0x00002f17) auipc   t5, 0x2
core   0: 3 0x8000b3b0 (0x00002f17) x30 0x8000d3b0
core   0: 0x8000b3b4 (0xc43f2823) sw      gp, -944(t5)
core   0: 3 0x8000b3b4 (0xc43f2823) mem 0x8000d000 0x00000001
core   0: 0x8000b3b8 (0xff9ff06f) j       pc - 0x8
core   0: 3 0x8000b3b8 (0xff9ff06f)
core   0: 0x8000b3b0 (0x00002f17) auipc   t5, 0x2
core   0: 3 0x8000b3b0 (0x00002f17) x30 0x8000d3b0
core   0: 0x8000b3b4 (0xc43f2823) sw      gp, -944(t5)
core   0: 3 0x8000b3b4 (0xc43f2823) mem 0x8000d000 0x00000001
core   0: 0x8000b3b8 (0xff9ff06f) j       pc - 0x8
core   0: 3 0x8000b3b8 (0xff9ff06f)
core   0: 0x8000b3b0 (0x00002f17) auipc   t5, 0x2
core   0: 3 0x8000b3b0 (0x00002f17) x30 0x8000d3b0
core   0: 0x8000b3b4 (0xc43f2823) sw      gp, -944(t5)
core   0: 3 0x8000b3b4 (0xc43f2823) mem 0x8000d000 0x00000001
core   0: 0x8000b3b8 (0xff9ff06f) j       pc - 0x8
core   0: 3 0x8000b3b8 (0xff9ff06f)
core   0: 0x8000b3b0 (0x00002f17) auipc   t5, 0x2
core   0: 3 0x8000b3b0 (0x00002f17) x30 0x8000d3b0
core   0: 0x8000b3b4 (0xc43f2823) sw      gp, -944(t5)
core   0: 3 0x8000b3b4 (0xc43f2823) mem 0x8000d000 0x00000001
core   0: 0x8000b3b8 (0xff9ff06f) j       pc - 0x8
core   0: 3 0x8000b3b8 (0xff9ff06f)
core   0: 0x8000b3b0 (0x00002f17) auipc   t5, 0x2
core   0: 3 0x8000b3b0 (0x00002f17) x30 0x8000d3b0
core   0: 0x8000b3b4 (0xc43f2823) sw      gp, -944(t5)
core   0: 3 0x8000b3b4 (0xc43f2823) mem 0x8000d000 0x00000001
core   0: 0x8000b3b8 (0xff9ff06f) j       pc - 0x8
core   0: 3 0x8000b3b8 (0xff9ff06f)
core   0: 0x8000b3b0 (0x00002f17) auipc   t5, 0x2
core   0: 3 0x8000b3b0 (0x00002f17) x30 0x8000d3b0
core   0: 0x8000b3b4 (0xc43f2823) sw      gp, -944(t5)
core   0: 3 0x8000b3b4 (0xc43f2823) mem 0x8000d000 0x00000001
core   0: 0x8000b3b8 (0xff9ff06f) j       pc - 0x8
core   0: 3 0x8000b3b8 (0xff9ff06f)
core   0: 0x8000b3b0 (0x00002f17) auipc   t5, 0x2
core   0: 3 0x8000b3b0 (0x00002f17) x30 0x8000d3b0
core   0: 0x8000b3b4 (0xc43f2823) sw      gp, -944(t5)
core   0: 3 0x8000b3b4 (0xc43f2823) mem 0x8000d000 0x00000001
core   0: 0x8000b3b8 (0xff9ff06f) j       pc - 0x8
core   0: 3 0x8000b3b8 (0xff9ff06f)
core   0: 0x8000b3b0 (0x00002f17) auipc   t5, 0x2
core   0: 3 0x8000b3b0 (0x00002f17) x30 0x8000d3b0
core   0: 0x8000b3b4 (0xc43f2823) sw      gp, -944(t5)
core   0: 3 0x8000b3b4 (0xc43f2823) mem 0x8000d000 0x00000001
core   0: 0x8000b3b8 (0xff9ff06f) j       pc - 0x8
core   0: 3 0x8000b3b8 (0xff9ff06f)
core   0: 0x8000b3b0 (0x00002f17) auipc   t5, 0x2
core   0: 3 0x8000b3b0 (0x00002f17) x30 0x8000d3b0
core   0: 0x8000b3b4 (0xc43f2823) sw      gp, -944(t5)
core   0: 3 0x8000b3b4 (0xc43f2823) mem 0x8000d000 0x00000001
core   0: 0x8000b3b8 (0xff9ff06f) j       pc - 0x8
core   0: 3 0x8000b3b8 (0xff9ff06f)
core   0: 0x8000b3b0 (0x00002f17) auipc   t5, 0x2
core   0: 3 0x8000b3b0 (0x00002f17) x30 0x8000d3b0
core   0: 0x8000b3b4 (0xc43f2823) sw      gp, -944(t5)
core   0: 3 0x8000b3b4 (0xc43f2823) mem 0x8000d000 0x00000001
core   0: 0x8000b3b8 (0xff9ff06f) j       pc - 0x8
core   0: 3 0x8000b3b8 (0xff9ff06f)
core   0: 0x8000b3b0 (0x00002f17) auipc   t5, 0x2
core   0: 3 0x8000b3b0 (0x00002f17) x30 0x8000d3b0
core   0: 0x8000b3b4 (0xc43f2823) sw      gp, -944(t5)
core   0: 3 0x8000b3b4 (0xc43f2823) mem 0x8000d000 0x00000001
core   0: 0x8000b3b8 (0xff9ff06f) j       pc - 0x8
core   0: 3 0x8000b3b8 (0xff9ff06f)
core   0: 0x8000b3b0 (0x00002f17) auipc   t5, 0x2
core   0: 3 0x8000b3b0 (0x00002f17) x30 0x8000d3b0
core   0: 0x8000b3b4 (0xc43f2823) sw      gp, -944(t5)
core   0: 3 0x8000b3b4 (0xc43f2823) mem 0x8000d000 0x00000001
core   0: 0x8000b3b8 (0xff9ff06f) j       pc - 0x8
core   0: 3 0x8000b3b8 (0xff9ff06f)
core   0: 0x8000b3b0 (0x00002f17) auipc   t5, 0x2
core   0: 3 0x8000b3b0 (0x00002f17) x30 0x8000d3b0
core   0: 0x8000b3b4 (0xc43f2823) sw      gp, -944(t5)
core   0: 3 0x8000b3b4 (0xc43f2823) mem 0x8000d000 0x00000001
core   0: 0x8000b3b8 (0xff9ff06f) j       pc - 0x8
core   0: 3 0x8000b3b8 (0xff9ff06f)
core   0: 0x8000b3b0 (0x00002f17) auipc   t5, 0x2
core   0: 3 0x8000b3b0 (0x00002f17) x30 0x8000d3b0
core   0: 0x8000b3b4 (0xc43f2823) sw      gp, -944(t5)
core   0: 3 0x8000b3b4 (0xc43f2823) mem 0x8000d000 0x00000001
core   0: 0x8000b3b8 (0xff9ff06f) j       pc - 0x8
core   0: 3 0x8000b3b8 (0xff9ff06f)
core   0: 0x8000b3b0 (0x00002f17) auipc   t5, 0x2
core   0: 3 0x8000b3b0 (0x00002f17) x30 0x8000d3b0
core   0: 0x8000b3b4 (0xc43f2823) sw      gp, -944(t5)
core   0: 3 0x8000b3b4 (0xc43f2823) mem 0x8000d000 0x00000001
core   0: 0x8000b3b8 (0xff9ff06f) j       pc - 0x8
core   0: 3 0x8000b3b8 (0xff9ff06f)
core   0: 0x8000b3b0 (0x00002f17) auipc   t5, 0x2
core   0: 3 0x8000b3b0 (0x00002f17) x30 0x8000d3b0
core   0: 0x8000b3b4 (0xc43f2823) sw      gp, -944(t5)
core   0: 3 0x8000b3b4 (0xc43f2823) mem 0x8000d000 0x00000001
core   0: 0x8000b3b8 (0xff9ff06f) j       pc - 0x8
core   0: 3 0x8000b3b8 (0xff9ff06f)
core   0: 0x8000b3b0 (0x00002f17) auipc   t5, 0x2
core   0: 3 0x8000b3b0 (0x00002f17) x30 0x8000d3b0
core   0: 0x8000b3b4 (0xc43f2823) sw      gp, -944(t5)
core   0: 3 0x8000b3b4 (0xc43f2823) mem 0x8000d000 0x00000001
core   0: 0x8000b3b8 (0xff9ff06f) j       pc - 0x8
core   0: 3 0x8000b3b8 (0xff9ff06f)
core   0: 0x8000b3b0 (0x00002f17) auipc   t5, 0x2
core   0: 3 0x8000b3b0 (0x00002f17) x30 0x8000d3b0
core   0: 0x8000b3b4 (0xc43f2823) sw      gp, -944(t5)
core   0: 3 0x8000b3b4 (0xc43f2823) mem 0x8000d000 0x00000001
core   0: 0x8000b3b8 (0xff9ff06f) j       pc - 0x8
core   0: 3 0x8000b3b8 (0xff9ff06f)
core   0: 0x8000b3b0 (0x00002f17) auipc   t5, 0x2
core   0: 3 0x8000b3b0 (0x00002f17) x30 0x8000d3b0
core   0: 0x8000b3b4 (0xc43f2823) sw      gp, -944(t5)
core   0: 3 0x8000b3b4 (0xc43f2823) mem 0x8000d000 0x00000001
core   0: 0x8000b3b8 (0xff9ff06f) j       pc - 0x8
core   0: 3 0x8000b3b8 (0xff9ff06f)
core   0: 0x8000b3b0 (0x00002f17) auipc   t5, 0x2
core   0: 3 0x8000b3b0 (0x00002f17) x30 0x8000d3b0
core   0: 0x8000b3b4 (0xc43f2823) sw      gp, -944(t5)
core   0: 3 0x8000b3b4 (0xc43f2823) mem 0x8000d000 0x00000001
core   0: 0x8000b3b8 (0xff9ff06f) j       pc - 0x8
core   0: 3 0x8000b3b8 (0xff9ff06f)
core   0: 0x8000b3b0 (0x00002f17) auipc   t5, 0x2
core   0: 3 0x8000b3b0 (0x00002f17) x30 0x8000d3b0
core   0: 0x8000b3b4 (0xc43f2823) sw      gp, -944(t5)
core   0: 3 0x8000b3b4 (0xc43f2823) mem 0x8000d000 0x00000001
core   0: 0x8000b3b8 (0xff9ff06f) j       pc - 0x8
core   0: 3 0x8000b3b8 (0xff9ff06f)
core   0: 0x8000b3b0 (0x00002f17) auipc   t5, 0x2
core   0: 3 0x8000b3b0 (0x00002f17) x30 0x8000d3b0
core   0: 0x8000b3b4 (0xc43f2823) sw      gp, -944(t5)
core   0: 3 0x8000b3b4 (0xc43f2823) mem 0x8000d000 0x00000001
core   0: 0x8000b3b8 (0xff9ff06f) j       pc - 0x8
core   0: 3 0x8000b3b8 (0xff9ff06f)
core   0: 0x8000b3b0 (0x00002f17) auipc   t5, 0x2
core   0: 3 0x8000b3b0 (0x00002f17) x30 0x8000d3b0
core   0: 0x8000b3b4 (0xc43f2823) sw      gp, -944(t5)
core   0: 3 0x8000b3b4 (0xc43f2823) mem 0x8000d000 0x00000001
core   0: 0x8000b3b8 (0xff9ff06f) j       pc - 0x8
core   0: 3 0x8000b3b8 (0xff9ff06f)
core   0: 0x8000b3b0 (0x00002f17) auipc   t5, 0x2
core   0: 3 0x8000b3b0 (0x00002f17) x30 0x8000d3b0
core   0: 0x8000b3b4 (0xc43f2823) sw      gp, -944(t5)
core   0: 3 0x8000b3b4 (0xc43f2823) mem 0x8000d000 0x00000001
core   0: 0x8000b3b8 (0xff9ff06f) j       pc - 0x8
core   0: 3 0x8000b3b8 (0xff9ff06f)
core   0: 0x8000b3b0 (0x00002f17) auipc   t5, 0x2
core   0: 3 0x8000b3b0 (0x00002f17) x30 0x8000d3b0
core   0: 0x8000b3b4 (0xc43f2823) sw      gp, -944(t5)
core   0: 3 0x8000b3b4 (0xc43f2823) mem 0x8000d000 0x00000001
core   0: 0x8000b3b8 (0xff9ff06f) j       pc - 0x8
core   0: 3 0x8000b3b8 (0xff9ff06f)
core   0: 0x8000b3b0 (0x00002f17) auipc   t5, 0x2
core   0: 3 0x8000b3b0 (0x00002f17) x30 0x8000d3b0
core   0: 0x8000b3b4 (0xc43f2823) sw      gp, -944(t5)
core   0: 3 0x8000b3b4 (0xc43f2823) mem 0x8000d000 0x00000001
core   0: 0x8000b3b8 (0xff9ff06f) j       pc - 0x8
core   0: 3 0x8000b3b8 (0xff9ff06f)
core   0: 0x8000b3b0 (0x00002f17) auipc   t5, 0x2
core   0: 3 0x8000b3b0 (0x00002f17) x30 0x8000d3b0
core   0: 0x8000b3b4 (0xc43f2823) sw      gp, -944(t5)
core   0: 3 0x8000b3b4 (0xc43f2823) mem 0x8000d000 0x00000001
core   0: 0x8000b3b8 (0xff9ff06f) j       pc - 0x8
core   0: 3 0x8000b3b8 (0xff9ff06f)
core   0: 0x8000b3b0 (0x00002f17) auipc   t5, 0x2
core   0: 3 0x8000b3b0 (0x00002f17) x30 0x8000d3b0
core   0: 0x8000b3b4 (0xc43f2823) sw      gp, -944(t5)
core   0: 3 0x8000b3b4 (0xc43f2823) mem 0x8000d000 0x00000001
core   0: 0x8000b3b8 (0xff9ff06f) j       pc - 0x8
core   0: 3 0x8000b3b8 (0xff9ff06f)
core   0: 0x8000b3b0 (0x00002f17) auipc   t5, 0x2
core   0: 3 0x8000b3b0 (0x00002f17) x30 0x8000d3b0
core   0: 0x8000b3b4 (0xc43f2823) sw      gp, -944(t5)
core   0: 3 0x8000b3b4 (0xc43f2823) mem 0x8000d000 0x00000001
core   0: 0x8000b3b8 (0xff9ff06f) j       pc - 0x8
core   0: 3 0x8000b3b8 (0xff9ff06f)
core   0: 0x8000b3b0 (0x00002f17) auipc   t5, 0x2
core   0: 3 0x8000b3b0 (0x00002f17) x30 0x8000d3b0
core   0: 0x8000b3b4 (0xc43f2823) sw      gp, -944(t5)
core   0: 3 0x8000b3b4 (0xc43f2823) mem 0x8000d000 0x00000001
core   0: 0x8000b3b8 (0xff9ff06f) j       pc - 0x8
core   0: 3 0x8000b3b8 (0xff9ff06f)
core   0: 0x8000b3b0 (0x00002f17) auipc   t5, 0x2
core   0: 3 0x8000b3b0 (0x00002f17) x30 0x8000d3b0
core   0: 0x8000b3b4 (0xc43f2823) sw      gp, -944(t5)
core   0: 3 0x8000b3b4 (0xc43f2823) mem 0x8000d000 0x00000001
core   0: 0x8000b3b8 (0xff9ff06f) j       pc - 0x8
core   0: 3 0x8000b3b8 (0xff9ff06f)
core   0: 0x8000b3b0 (0x00002f17) auipc   t5, 0x2
core   0: 3 0x8000b3b0 (0x00002f17) x30 0x8000d3b0
core   0: 0x8000b3b4 (0xc43f2823) sw      gp, -944(t5)
core   0: 3 0x8000b3b4 (0xc43f2823) mem 0x8000d000 0x00000001
core   0: 0x8000b3b8 (0xff9ff06f) j       pc - 0x8
core   0: 3 0x8000b3b8 (0xff9ff06f)
core   0: 0x8000b3b0 (0x00002f17) auipc   t5, 0x2
core   0: 3 0x8000b3b0 (0x00002f17) x30 0x8000d3b0
core   0: 0x8000b3b4 (0xc43f2823) sw      gp, -944(t5)
core   0: 3 0x8000b3b4 (0xc43f2823) mem 0x8000d000 0x00000001
core   0: 0x8000b3b8 (0xff9ff06f) j       pc - 0x8
core   0: 3 0x8000b3b8 (0xff9ff06f)
core   0: 0x8000b3b0 (0x00002f17) auipc   t5, 0x2
core   0: 3 0x8000b3b0 (0x00002f17) x30 0x8000d3b0
core   0: 0x8000b3b4 (0xc43f2823) sw      gp, -944(t5)
core   0: 3 0x8000b3b4 (0xc43f2823) mem 0x8000d000 0x00000001
core   0: 0x8000b3b8 (0xff9ff06f) j       pc - 0x8
core   0: 3 0x8000b3b8 (0xff9ff06f)
core   0: 0x8000b3b0 (0x00002f17) auipc   t5, 0x2
core   0: 3 0x8000b3b0 (0x00002f17) x30 0x8000d3b0
core   0: 0x8000b3b4 (0xc43f2823) sw      gp, -944(t5)
core   0: 3 0x8000b3b4 (0xc43f2823) mem 0x8000d000 0x00000001
core   0: 0x8000b3b8 (0xff9ff06f) j       pc - 0x8
core   0: 3 0x8000b3b8 (0xff9ff06f)
core   0: 0x8000b3b0 (0x00002f17) auipc   t5, 0x2
core   0: 3 0x8000b3b0 (0x00002f17) x30 0x8000d3b0
core   0: 0x8000b3b4 (0xc43f2823) sw      gp, -944(t5)
core   0: 3 0x8000b3b4 (0xc43f2823) mem 0x8000d000 0x00000001
core   0: 0x8000b3b8 (0xff9ff06f) j       pc - 0x8
core   0: 3 0x8000b3b8 (0xff9ff06f)
core   0: 0x8000b3b0 (0x00002f17) auipc   t5, 0x2
core   0: 3 0x8000b3b0 (0x00002f17) x30 0x8000d3b0
core   0: 0x8000b3b4 (0xc43f2823) sw      gp, -944(t5)
core   0: 3 0x8000b3b4 (0xc43f2823) mem 0x8000d000 0x00000001
core   0: 0x8000b3b8 (0xff9ff06f) j       pc - 0x8
core   0: 3 0x8000b3b8 (0xff9ff06f)
core   0: 0x8000b3b0 (0x00002f17) auipc   t5, 0x2
core   0: 3 0x8000b3b0 (0x00002f17) x30 0x8000d3b0
core   0: 0x8000b3b4 (0xc43f2823) sw      gp, -944(t5)
core   0: 3 0x8000b3b4 (0xc43f2823) mem 0x8000d000 0x00000001
core   0: 0x8000b3b8 (0xff9ff06f) j       pc - 0x8
core   0: 3 0x8000b3b8 (0xff9ff06f)
core   0: 0x8000b3b0 (0x00002f17) auipc   t5, 0x2
core   0: 3 0x8000b3b0 (0x00002f17) x30 0x8000d3b0
core   0: 0x8000b3b4 (0xc43f2823) sw      gp, -944(t5)
core   0: 3 0x8000b3b4 (0xc43f2823) mem 0x8000d000 0x00000001
core   0: 0x8000b3b8 (0xff9ff06f) j       pc - 0x8
core   0: 3 0x8000b3b8 (0xff9ff06f)
core   0: 0x8000b3b0 (0x00002f17) auipc   t5, 0x2
core   0: 3 0x8000b3b0 (0x00002f17) x30 0x8000d3b0
core   0: 0x8000b3b4 (0xc43f2823) sw      gp, -944(t5)
core   0: 3 0x8000b3b4 (0xc43f2823) mem 0x8000d000 0x00000001
core   0: 0x8000b3b8 (0xff9ff06f) j       pc - 0x8
core   0: 3 0x8000b3b8 (0xff9ff06f)
core   0: 0x8000b3b0 (0x00002f17) auipc   t5, 0x2
core   0: 3 0x8000b3b0 (0x00002f17) x30 0x8000d3b0
core   0: 0x8000b3b4 (0xc43f2823) sw      gp, -944(t5)
core   0: 3 0x8000b3b4 (0xc43f2823) mem 0x8000d000 0x00000001
core   0: 0x8000b3b8 (0xff9ff06f) j       pc - 0x8
core   0: 3 0x8000b3b8 (0xff9ff06f)
core   0: 0x8000b3b0 (0x00002f17) auipc   t5, 0x2
core   0: 3 0x8000b3b0 (0x00002f17) x30 0x8000d3b0
core   0: 0x8000b3b4 (0xc43f2823) sw      gp, -944(t5)
core   0: 3 0x8000b3b4 (0xc43f2823) mem 0x8000d000 0x00000001
core   0: 0x8000b3b8 (0xff9ff06f) j       pc - 0x8
core   0: 3 0x8000b3b8 (0xff9ff06f)
core   0: 0x8000b3b0 (0x00002f17) auipc   t5, 0x2
core   0: 3 0x8000b3b0 (0x00002f17) x30 0x8000d3b0
core   0: 0x8000b3b4 (0xc43f2823) sw      gp, -944(t5)
core   0: 3 0x8000b3b4 (0xc43f2823) mem 0x8000d000 0x00000001
core   0: 0x8000b3b8 (0xff9ff06f) j       pc - 0x8
core   0: 3 0x8000b3b8 (0xff9ff06f)
core   0: 0x8000b3b0 (0x00002f17) auipc   t5, 0x2
core   0: 3 0x8000b3b0 (0x00002f17) x30 0x8000d3b0
core   0: 0x8000b3b4 (0xc43f2823) sw      gp, -944(t5)
core   0: 3 0x8000b3b4 (0xc43f2823) mem 0x8000d000 0x00000001
core   0: 0x8000b3b8 (0xff9ff06f) j       pc - 0x8
core   0: 3 0x8000b3b8 (0xff9ff06f)
core   0: 0x8000b3b0 (0x00002f17) auipc   t5, 0x2
core   0: 3 0x8000b3b0 (0x00002f17) x30 0x8000d3b0
core   0: 0x8000b3b4 (0xc43f2823) sw      gp, -944(t5)
core   0: 3 0x8000b3b4 (0xc43f2823) mem 0x8000d000 0x00000001
core   0: 0x8000b3b8 (0xff9ff06f) j       pc - 0x8
core   0: 3 0x8000b3b8 (0xff9ff06f)
core   0: 0x8000b3b0 (0x00002f17) auipc   t5, 0x2
core   0: 3 0x8000b3b0 (0x00002f17) x30 0x8000d3b0
core   0: 0x8000b3b4 (0xc43f2823) sw      gp, -944(t5)
core   0: 3 0x8000b3b4 (0xc43f2823) mem 0x8000d000 0x00000001
core   0: 0x8000b3b8 (0xff9ff06f) j       pc - 0x8
core   0: 3 0x8000b3b8 (0xff9ff06f)
core   0: 0x8000b3b0 (0x00002f17) auipc   t5, 0x2
core   0: 3 0x8000b3b0 (0x00002f17) x30 0x8000d3b0
core   0: 0x8000b3b4 (0xc43f2823) sw      gp, -944(t5)
core   0: 3 0x8000b3b4 (0xc43f2823) mem 0x8000d000 0x00000001
core   0: 0x8000b3b8 (0xff9ff06f) j       pc - 0x8
core   0: 3 0x8000b3b8 (0xff9ff06f)
core   0: 0x8000b3b0 (0x00002f17) auipc   t5, 0x2
core   0: 3 0x8000b3b0 (0x00002f17) x30 0x8000d3b0
core   0: 0x8000b3b4 (0xc43f2823) sw      gp, -944(t5)
core   0: 3 0x8000b3b4 (0xc43f2823) mem 0x8000d000 0x00000001
core   0: 0x8000b3b8 (0xff9ff06f) j       pc - 0x8
core   0: 3 0x8000b3b8 (0xff9ff06f)
core   0: 0x8000b3b0 (0x00002f17) auipc   t5, 0x2
core   0: 3 0x8000b3b0 (0x00002f17) x30 0x8000d3b0
core   0: 0x8000b3b4 (0xc43f2823) sw      gp, -944(t5)
core   0: 3 0x8000b3b4 (0xc43f2823) mem 0x8000d000 0x00000001
core   0: 0x8000b3b8 (0xff9ff06f) j       pc - 0x8
core   0: 3 0x8000b3b8 (0xff9ff06f)
core   0: 0x8000b3b0 (0x00002f17) auipc   t5, 0x2
core   0: 3 0x8000b3b0 (0x00002f17) x30 0x8000d3b0
core   0: 0x8000b3b4 (0xc43f2823) sw      gp, -944(t5)
core   0: 3 0x8000b3b4 (0xc43f2823) mem 0x8000d000 0x00000001
core   0: 0x8000b3b8 (0xff9ff06f) j       pc - 0x8
core   0: 3 0x8000b3b8 (0xff9ff06f)
core   0: 0x8000b3b0 (0x00002f17) auipc   t5, 0x2
core   0: 3 0x8000b3b0 (0x00002f17) x30 0x8000d3b0
core   0: 0x8000b3b4 (0xc43f2823) sw      gp, -944(t5)
core   0: 3 0x8000b3b4 (0xc43f2823) mem 0x8000d000 0x00000001
core   0: 0x8000b3b8 (0xff9ff06f) j       pc - 0x8
core   0: 3 0x8000b3b8 (0xff9ff06f)
core   0: 0x8000b3b0 (0x00002f17) auipc   t5, 0x2
core   0: 3 0x8000b3b0 (0x00002f17) x30 0x8000d3b0
core   0: 0x8000b3b4 (0xc43f2823) sw      gp, -944(t5)
core   0: 3 0x8000b3b4 (0xc43f2823) mem 0x8000d000 0x00000001
core   0: 0x8000b3b8 (0xff9ff06f) j       pc - 0x8
core   0: 3 0x8000b3b8 (0xff9ff06f)
core   0: 0x8000b3b0 (0x00002f17) auipc   t5, 0x2
core   0: 3 0x8000b3b0 (0x00002f17) x30 0x8000d3b0
core   0: 0x8000b3b4 (0xc43f2823) sw      gp, -944(t5)
core   0: 3 0x8000b3b4 (0xc43f2823) mem 0x8000d000 0x00000001
core   0: 0x8000b3b8 (0xff9ff06f) j       pc - 0x8
core   0: 3 0x8000b3b8 (0xff9ff06f)
core   0: 0x8000b3b0 (0x00002f17) auipc   t5, 0x2
core   0: 3 0x8000b3b0 (0x00002f17) x30 0x8000d3b0
core   0: 0x8000b3b4 (0xc43f2823) sw      gp, -944(t5)
core   0: 3 0x8000b3b4 (0xc43f2823) mem 0x8000d000 0x00000001
core   0: 0x8000b3b8 (0xff9ff06f) j       pc - 0x8
core   0: 3 0x8000b3b8 (0xff9ff06f)
core   0: 0x8000b3b0 (0x00002f17) auipc   t5, 0x2
core   0: 3 0x8000b3b0 (0x00002f17) x30 0x8000d3b0
core   0: 0x8000b3b4 (0xc43f2823) sw      gp, -944(t5)
core   0: 3 0x8000b3b4 (0xc43f2823) mem 0x8000d000 0x00000001
core   0: 0x8000b3b8 (0xff9ff06f) j       pc - 0x8
core   0: 3 0x8000b3b8 (0xff9ff06f)
core   0: 0x8000b3b0 (0x00002f17) auipc   t5, 0x2
core   0: 3 0x8000b3b0 (0x00002f17) x30 0x8000d3b0
core   0: 0x8000b3b4 (0xc43f2823) sw      gp, -944(t5)
core   0: 3 0x8000b3b4 (0xc43f2823) mem 0x8000d000 0x00000001
core   0: 0x8000b3b8 (0xff9ff06f) j       pc - 0x8
core   0: 3 0x8000b3b8 (0xff9ff06f)
core   0: 0x8000b3b0 (0x00002f17) auipc   t5, 0x2
core   0: 3 0x8000b3b0 (0x00002f17) x30 0x8000d3b0
core   0: 0x8000b3b4 (0xc43f2823) sw      gp, -944(t5)
core   0: 3 0x8000b3b4 (0xc43f2823) mem 0x8000d000 0x00000001
core   0: 0x8000b3b8 (0xff9ff06f) j       pc - 0x8
core   0: 3 0x8000b3b8 (0xff9ff06f)
core   0: 0x8000b3b0 (0x00002f17) auipc   t5, 0x2
core   0: 3 0x8000b3b0 (0x00002f17) x30 0x8000d3b0
core   0: 0x8000b3b4 (0xc43f2823) sw      gp, -944(t5)
core   0: 3 0x8000b3b4 (0xc43f2823) mem 0x8000d000 0x00000001
core   0: 0x8000b3b8 (0xff9ff06f) j       pc - 0x8
core   0: 3 0x8000b3b8 (0xff9ff06f)
core   0: 0x8000b3b0 (0x00002f17) auipc   t5, 0x2
core   0: 3 0x8000b3b0 (0x00002f17) x30 0x8000d3b0
core   0: 0x8000b3b4 (0xc43f2823) sw      gp, -944(t5)
core   0: 3 0x8000b3b4 (0xc43f2823) mem 0x8000d000 0x00000001
core   0: 0x8000b3b8 (0xff9ff06f) j       pc - 0x8
core   0: 3 0x8000b3b8 (0xff9ff06f)
core   0: 0x8000b3b0 (0x00002f17) auipc   t5, 0x2
core   0: 3 0x8000b3b0 (0x00002f17) x30 0x8000d3b0
core   0: 0x8000b3b4 (0xc43f2823) sw      gp, -944(t5)
core   0: 3 0x8000b3b4 (0xc43f2823) mem 0x8000d000 0x00000001
core   0: 0x8000b3b8 (0xff9ff06f) j       pc - 0x8
core   0: 3 0x8000b3b8 (0xff9ff06f)
core   0: 0x8000b3b0 (0x00002f17) auipc   t5, 0x2
core   0: 3 0x8000b3b0 (0x00002f17) x30 0x8000d3b0
core   0: 0x8000b3b4 (0xc43f2823) sw      gp, -944(t5)
core   0: 3 0x8000b3b4 (0xc43f2823) mem 0x8000d000 0x00000001
core   0: 0x8000b3b8 (0xff9ff06f) j       pc - 0x8
core   0: 3 0x8000b3b8 (0xff9ff06f)
core   0: 0x8000b3b0 (0x00002f17) auipc   t5, 0x2
core   0: 3 0x8000b3b0 (0x00002f17) x30 0x8000d3b0
core   0: 0x8000b3b4 (0xc43f2823) sw      gp, -944(t5)
core   0: 3 0x8000b3b4 (0xc43f2823) mem 0x8000d000 0x00000001
core   0: 0x8000b3b8 (0xff9ff06f) j       pc - 0x8
core   0: 3 0x8000b3b8 (0xff9ff06f)
core   0: 0x8000b3b0 (0x00002f17) auipc   t5, 0x2
core   0: 3 0x8000b3b0 (0x00002f17) x30 0x8000d3b0
core   0: 0x8000b3b4 (0xc43f2823) sw      gp, -944(t5)
core   0: 3 0x8000b3b4 (0xc43f2823) mem 0x8000d000 0x00000001
core   0: 0x8000b3b8 (0xff9ff06f) j       pc - 0x8
core   0: 3 0x8000b3b8 (0xff9ff06f)
core   0: 0x8000b3b0 (0x00002f17) auipc   t5, 0x2
core   0: 3 0x8000b3b0 (0x00002f17) x30 0x8000d3b0
core   0: 0x8000b3b4 (0xc43f2823) sw      gp, -944(t5)
core   0: 3 0x8000b3b4 (0xc43f2823) mem 0x8000d000 0x00000001
core   0: 0x8000b3b8 (0xff9ff06f) j       pc - 0x8
core   0: 3 0x8000b3b8 (0xff9ff06f)
core   0: 0x8000b3b0 (0x00002f17) auipc   t5, 0x2
core   0: 3 0x8000b3b0 (0x00002f17) x30 0x8000d3b0
core   0: 0x8000b3b4 (0xc43f2823) sw      gp, -944(t5)
core   0: 3 0x8000b3b4 (0xc43f2823) mem 0x8000d000 0x00000001
core   0: 0x8000b3b8 (0xff9ff06f) j       pc - 0x8
core   0: 3 0x8000b3b8 (0xff9ff06f)
core   0: 0x8000b3b0 (0x00002f17) auipc   t5, 0x2
core   0: 3 0x8000b3b0 (0x00002f17) x30 0x8000d3b0
core   0: 0x8000b3b4 (0xc43f2823) sw      gp, -944(t5)
core   0: 3 0x8000b3b4 (0xc43f2823) mem 0x8000d000 0x00000001
core   0: 0x8000b3b8 (0xff9ff06f) j       pc - 0x8
core   0: 3 0x8000b3b8 (0xff9ff06f)
core   0: 0x8000b3b0 (0x00002f17) auipc   t5, 0x2
core   0: 3 0x8000b3b0 (0x00002f17) x30 0x8000d3b0
core   0: 0x8000b3b4 (0xc43f2823) sw      gp, -944(t5)
core   0: 3 0x8000b3b4 (0xc43f2823) mem 0x8000d000 0x00000001
core   0: 0x8000b3b8 (0xff9ff06f) j       pc - 0x8
core   0: 3 0x8000b3b8 (0xff9ff06f)
core   0: 0x8000b3b0 (0x00002f17) auipc   t5, 0x2
core   0: 3 0x8000b3b0 (0x00002f17) x30 0x8000d3b0
core   0: 0x8000b3b4 (0xc43f2823) sw      gp, -944(t5)
core   0: 3 0x8000b3b4 (0xc43f2823) mem 0x8000d000 0x00000001
core   0: 0x8000b3b8 (0xff9ff06f) j       pc - 0x8
core   0: 3 0x8000b3b8 (0xff9ff06f)
core   0: 0x8000b3b0 (0x00002f17) auipc   t5, 0x2
core   0: 3 0x8000b3b0 (0x00002f17) x30 0x8000d3b0
core   0: 0x8000b3b4 (0xc43f2823) sw      gp, -944(t5)
core   0: 3 0x8000b3b4 (0xc43f2823) mem 0x8000d000 0x00000001
core   0: 0x8000b3b8 (0xff9ff06f) j       pc - 0x8
core   0: 3 0x8000b3b8 (0xff9ff06f)
core   0: 0x8000b3b0 (0x00002f17) auipc   t5, 0x2
core   0: 3 0x8000b3b0 (0x00002f17) x30 0x8000d3b0
core   0: 0x8000b3b4 (0xc43f2823) sw      gp, -944(t5)
core   0: 3 0x8000b3b4 (0xc43f2823) mem 0x8000d000 0x00000001
core   0: 0x8000b3b8 (0xff9ff06f) j       pc - 0x8
core   0: 3 0x8000b3b8 (0xff9ff06f)
core   0: 0x8000b3b0 (0x00002f17) auipc   t5, 0x2
core   0: 3 0x8000b3b0 (0x00002f17) x30 0x8000d3b0
core   0: 0x8000b3b4 (0xc43f2823) sw      gp, -944(t5)
core   0: 3 0x8000b3b4 (0xc43f2823) mem 0x8000d000 0x00000001
core   0: 0x8000b3b8 (0xff9ff06f) j       pc - 0x8
core   0: 3 0x8000b3b8 (0xff9ff06f)
core   0: 0x8000b3b0 (0x00002f17) auipc   t5, 0x2
core   0: 3 0x8000b3b0 (0x00002f17) x30 0x8000d3b0
core   0: 0x8000b3b4 (0xc43f2823) sw      gp, -944(t5)
core   0: 3 0x8000b3b4 (0xc43f2823) mem 0x8000d000 0x00000001
core   0: 0x8000b3b8 (0xff9ff06f) j       pc - 0x8
core   0: 3 0x8000b3b8 (0xff9ff06f)
core   0: 0x8000b3b0 (0x00002f17) auipc   t5, 0x2
core   0: 3 0x8000b3b0 (0x00002f17) x30 0x8000d3b0
core   0: 0x8000b3b4 (0xc43f2823) sw      gp, -944(t5)
core   0: 3 0x8000b3b4 (0xc43f2823) mem 0x8000d000 0x00000001
core   0: 0x8000b3b8 (0xff9ff06f) j       pc - 0x8
core   0: 3 0x8000b3b8 (0xff9ff06f)
core   0: 0x8000b3b0 (0x00002f17) auipc   t5, 0x2
core   0: 3 0x8000b3b0 (0x00002f17) x30 0x8000d3b0
core   0: 0x8000b3b4 (0xc43f2823) sw      gp, -944(t5)
core   0: 3 0x8000b3b4 (0xc43f2823) mem 0x8000d000 0x00000001
core   0: 0x8000b3b8 (0xff9ff06f) j       pc - 0x8
core   0: 3 0x8000b3b8 (0xff9ff06f)
core   0: 0x8000b3b0 (0x00002f17) auipc   t5, 0x2
core   0: 3 0x8000b3b0 (0x00002f17) x30 0x8000d3b0
core   0: 0x8000b3b4 (0xc43f2823) sw      gp, -944(t5)
core   0: 3 0x8000b3b4 (0xc43f2823) mem 0x8000d000 0x00000001
core   0: 0x8000b3b8 (0xff9ff06f) j       pc - 0x8
core   0: 3 0x8000b3b8 (0xff9ff06f)
core   0: 0x8000b3b0 (0x00002f17) auipc   t5, 0x2
core   0: 3 0x8000b3b0 (0x00002f17) x30 0x8000d3b0
core   0: 0x8000b3b4 (0xc43f2823) sw      gp, -944(t5)
core   0: 3 0x8000b3b4 (0xc43f2823) mem 0x8000d000 0x00000001
core   0: 0x8000b3b8 (0xff9ff06f) j       pc - 0x8
core   0: 3 0x8000b3b8 (0xff9ff06f)
core   0: 0x8000b3b0 (0x00002f17) auipc   t5, 0x2
core   0: 3 0x8000b3b0 (0x00002f17) x30 0x8000d3b0
core   0: 0x8000b3b4 (0xc43f2823) sw      gp, -944(t5)
core   0: 3 0x8000b3b4 (0xc43f2823) mem 0x8000d000 0x00000001
core   0: 0x8000b3b8 (0xff9ff06f) j       pc - 0x8
core   0: 3 0x8000b3b8 (0xff9ff06f)
core   0: 0x8000b3b0 (0x00002f17) auipc   t5, 0x2
core   0: 3 0x8000b3b0 (0x00002f17) x30 0x8000d3b0
core   0: 0x8000b3b4 (0xc43f2823) sw      gp, -944(t5)
core   0: 3 0x8000b3b4 (0xc43f2823) mem 0x8000d000 0x00000001
core   0: 0x8000b3b8 (0xff9ff06f) j       pc - 0x8
core   0: 3 0x8000b3b8 (0xff9ff06f)
core   0: 0x8000b3b0 (0x00002f17) auipc   t5, 0x2
core   0: 3 0x8000b3b0 (0x00002f17) x30 0x8000d3b0
core   0: 0x8000b3b4 (0xc43f2823) sw      gp, -944(t5)
core   0: 3 0x8000b3b4 (0xc43f2823) mem 0x8000d000 0x00000001
core   0: 0x8000b3b8 (0xff9ff06f) j       pc - 0x8
core   0: 3 0x8000b3b8 (0xff9ff06f)
core   0: 0x8000b3b0 (0x00002f17) auipc   t5, 0x2
core   0: 3 0x8000b3b0 (0x00002f17) x30 0x8000d3b0
core   0: 0x8000b3b4 (0xc43f2823) sw      gp, -944(t5)
core   0: 3 0x8000b3b4 (0xc43f2823) mem 0x8000d000 0x00000001
core   0: 0x8000b3b8 (0xff9ff06f) j       pc - 0x8
core   0: 3 0x8000b3b8 (0xff9ff06f)
core   0: 0x8000b3b0 (0x00002f17) auipc   t5, 0x2
core   0: 3 0x8000b3b0 (0x00002f17) x30 0x8000d3b0
core   0: 0x8000b3b4 (0xc43f2823) sw      gp, -944(t5)
core   0: 3 0x8000b3b4 (0xc43f2823) mem 0x8000d000 0x00000001
core   0: 0x8000b3b8 (0xff9ff06f) j       pc - 0x8
core   0: 3 0x8000b3b8 (0xff9ff06f)
core   0: 0x8000b3b0 (0x00002f17) auipc   t5, 0x2
core   0: 3 0x8000b3b0 (0x00002f17) x30 0x8000d3b0
core   0: 0x8000b3b4 (0xc43f2823) sw      gp, -944(t5)
core   0: 3 0x8000b3b4 (0xc43f2823) mem 0x8000d000 0x00000001
core   0: 0x8000b3b8 (0xff9ff06f) j       pc - 0x8
core   0: 3 0x8000b3b8 (0xff9ff06f)
core   0: 0x8000b3b0 (0x00002f17) auipc   t5, 0x2
core   0: 3 0x8000b3b0 (0x00002f17) x30 0x8000d3b0
core   0: 0x8000b3b4 (0xc43f2823) sw      gp, -944(t5)
core   0: 3 0x8000b3b4 (0xc43f2823) mem 0x8000d000 0x00000001
core   0: 0x8000b3b8 (0xff9ff06f) j       pc - 0x8
core   0: 3 0x8000b3b8 (0xff9ff06f)
core   0: 0x8000b3b0 (0x00002f17) auipc   t5, 0x2
core   0: 3 0x8000b3b0 (0x00002f17) x30 0x8000d3b0
core   0: 0x8000b3b4 (0xc43f2823) sw      gp, -944(t5)
core   0: 3 0x8000b3b4 (0xc43f2823) mem 0x8000d000 0x00000001
core   0: 0x8000b3b8 (0xff9ff06f) j       pc - 0x8
core   0: 3 0x8000b3b8 (0xff9ff06f)
core   0: 0x8000b3b0 (0x00002f17) auipc   t5, 0x2
core   0: 3 0x8000b3b0 (0x00002f17) x30 0x8000d3b0
core   0: 0x8000b3b4 (0xc43f2823) sw      gp, -944(t5)
core   0: 3 0x8000b3b4 (0xc43f2823) mem 0x8000d000 0x00000001
core   0: 0x8000b3b8 (0xff9ff06f) j       pc - 0x8
core   0: 3 0x8000b3b8 (0xff9ff06f)
core   0: 0x8000b3b0 (0x00002f17) auipc   t5, 0x2
core   0: 3 0x8000b3b0 (0x00002f17) x30 0x8000d3b0
core   0: 0x8000b3b4 (0xc43f2823) sw      gp, -944(t5)
core   0: 3 0x8000b3b4 (0xc43f2823) mem 0x8000d000 0x00000001
core   0: 0x8000b3b8 (0xff9ff06f) j       pc - 0x8
core   0: 3 0x8000b3b8 (0xff9ff06f)
core   0: 0x8000b3b0 (0x00002f17) auipc   t5, 0x2
core   0: 3 0x8000b3b0 (0x00002f17) x30 0x8000d3b0
core   0: 0x8000b3b4 (0xc43f2823) sw      gp, -944(t5)
core   0: 3 0x8000b3b4 (0xc43f2823) mem 0x8000d000 0x00000001
core   0: 0x8000b3b8 (0xff9ff06f) j       pc - 0x8
core   0: 3 0x8000b3b8 (0xff9ff06f)
core   0: 0x8000b3b0 (0x00002f17) auipc   t5, 0x2
core   0: 3 0x8000b3b0 (0x00002f17) x30 0x8000d3b0
core   0: 0x8000b3b4 (0xc43f2823) sw      gp, -944(t5)
core   0: 3 0x8000b3b4 (0xc43f2823) mem 0x8000d000 0x00000001
core   0: 0x8000b3b8 (0xff9ff06f) j       pc - 0x8
core   0: 3 0x8000b3b8 (0xff9ff06f)
core   0: 0x8000b3b0 (0x00002f17) auipc   t5, 0x2
core   0: 3 0x8000b3b0 (0x00002f17) x30 0x8000d3b0
core   0: 0x8000b3b4 (0xc43f2823) sw      gp, -944(t5)
core   0: 3 0x8000b3b4 (0xc43f2823) mem 0x8000d000 0x00000001
core   0: 0x8000b3b8 (0xff9ff06f) j       pc - 0x8
core   0: 3 0x8000b3b8 (0xff9ff06f)
core   0: 0x8000b3b0 (0x00002f17) auipc   t5, 0x2
core   0: 3 0x8000b3b0 (0x00002f17) x30 0x8000d3b0
core   0: 0x8000b3b4 (0xc43f2823) sw      gp, -944(t5)
core   0: 3 0x8000b3b4 (0xc43f2823) mem 0x8000d000 0x00000001
core   0: 0x8000b3b8 (0xff9ff06f) j       pc - 0x8
core   0: 3 0x8000b3b8 (0xff9ff06f)
core   0: 0x8000b3b0 (0x00002f17) auipc   t5, 0x2
core   0: 3 0x8000b3b0 (0x00002f17) x30 0x8000d3b0
core   0: 0x8000b3b4 (0xc43f2823) sw      gp, -944(t5)
core   0: 3 0x8000b3b4 (0xc43f2823) mem 0x8000d000 0x00000001
core   0: 0x8000b3b8 (0xff9ff06f) j       pc - 0x8
core   0: 3 0x8000b3b8 (0xff9ff06f)
core   0: 0x8000b3b0 (0x00002f17) auipc   t5, 0x2
core   0: 3 0x8000b3b0 (0x00002f17) x30 0x8000d3b0
core   0: 0x8000b3b4 (0xc43f2823) sw      gp, -944(t5)
core   0: 3 0x8000b3b4 (0xc43f2823) mem 0x8000d000 0x00000001
core   0: 0x8000b3b8 (0xff9ff06f) j       pc - 0x8
core   0: 3 0x8000b3b8 (0xff9ff06f)
core   0: 0x8000b3b0 (0x00002f17) auipc   t5, 0x2
core   0: 3 0x8000b3b0 (0x00002f17) x30 0x8000d3b0
core   0: 0x8000b3b4 (0xc43f2823) sw      gp, -944(t5)
core   0: 3 0x8000b3b4 (0xc43f2823) mem 0x8000d000 0x00000001
core   0: 0x8000b3b8 (0xff9ff06f) j       pc - 0x8
core   0: 3 0x8000b3b8 (0xff9ff06f)
core   0: 0x8000b3b0 (0x00002f17) auipc   t5, 0x2
core   0: 3 0x8000b3b0 (0x00002f17) x30 0x8000d3b0
core   0: 0x8000b3b4 (0xc43f2823) sw      gp, -944(t5)
core   0: 3 0x8000b3b4 (0xc43f2823) mem 0x8000d000 0x00000001
core   0: 0x8000b3b8 (0xff9ff06f) j       pc - 0x8
core   0: 3 0x8000b3b8 (0xff9ff06f)
core   0: 0x8000b3b0 (0x00002f17) auipc   t5, 0x2
core   0: 3 0x8000b3b0 (0x00002f17) x30 0x8000d3b0
core   0: 0x8000b3b4 (0xc43f2823) sw      gp, -944(t5)
core   0: 3 0x8000b3b4 (0xc43f2823) mem 0x8000d000 0x00000001
core   0: 0x8000b3b8 (0xff9ff06f) j       pc - 0x8
core   0: 3 0x8000b3b8 (0xff9ff06f)
core   0: 0x8000b3b0 (0x00002f17) auipc   t5, 0x2
core   0: 3 0x8000b3b0 (0x00002f17) x30 0x8000d3b0
core   0: 0x8000b3b4 (0xc43f2823) sw      gp, -944(t5)
core   0: 3 0x8000b3b4 (0xc43f2823) mem 0x8000d000 0x00000001
core   0: 0x8000b3b8 (0xff9ff06f) j       pc - 0x8
core   0: 3 0x8000b3b8 (0xff9ff06f)
core   0: 0x8000b3b0 (0x00002f17) auipc   t5, 0x2
core   0: 3 0x8000b3b0 (0x00002f17) x30 0x8000d3b0
core   0: 0x8000b3b4 (0xc43f2823) sw      gp, -944(t5)
core   0: 3 0x8000b3b4 (0xc43f2823) mem 0x8000d000 0x00000001
core   0: 0x8000b3b8 (0xff9ff06f) j       pc - 0x8
core   0: 3 0x8000b3b8 (0xff9ff06f)
core   0: 0x8000b3b0 (0x00002f17) auipc   t5, 0x2
core   0: 3 0x8000b3b0 (0x00002f17) x30 0x8000d3b0
core   0: 0x8000b3b4 (0xc43f2823) sw      gp, -944(t5)
core   0: 3 0x8000b3b4 (0xc43f2823) mem 0x8000d000 0x00000001
core   0: 0x8000b3b8 (0xff9ff06f) j       pc - 0x8
core   0: 3 0x8000b3b8 (0xff9ff06f)
core   0: 0x8000b3b0 (0x00002f17) auipc   t5, 0x2
core   0: 3 0x8000b3b0 (0x00002f17) x30 0x8000d3b0
core   0: 0x8000b3b4 (0xc43f2823) sw      gp, -944(t5)
core   0: 3 0x8000b3b4 (0xc43f2823) mem 0x8000d000 0x00000001
core   0: 0x8000b3b8 (0xff9ff06f) j       pc - 0x8
core   0: 3 0x8000b3b8 (0xff9ff06f)
core   0: 0x8000b3b0 (0x00002f17) auipc   t5, 0x2
core   0: 3 0x8000b3b0 (0x00002f17) x30 0x8000d3b0
core   0: 0x8000b3b4 (0xc43f2823) sw      gp, -944(t5)
core   0: 3 0x8000b3b4 (0xc43f2823) mem 0x8000d000 0x00000001
core   0: 0x8000b3b8 (0xff9ff06f) j       pc - 0x8
core   0: 3 0x8000b3b8 (0xff9ff06f)
core   0: 0x8000b3b0 (0x00002f17) auipc   t5, 0x2
core   0: 3 0x8000b3b0 (0x00002f17) x30 0x8000d3b0
core   0: 0x8000b3b4 (0xc43f2823) sw      gp, -944(t5)
core   0: 3 0x8000b3b4 (0xc43f2823) mem 0x8000d000 0x00000001
core   0: 0x8000b3b8 (0xff9ff06f) j       pc - 0x8
core   0: 3 0x8000b3b8 (0xff9ff06f)
core   0: 0x8000b3b0 (0x00002f17) auipc   t5, 0x2
core   0: 3 0x8000b3b0 (0x00002f17) x30 0x8000d3b0
core   0: 0x8000b3b4 (0xc43f2823) sw      gp, -944(t5)
core   0: 3 0x8000b3b4 (0xc43f2823) mem 0x8000d000 0x00000001
core   0: 0x8000b3b8 (0xff9ff06f) j       pc - 0x8
core   0: 3 0x8000b3b8 (0xff9ff06f)
core   0: 0x8000b3b0 (0x00002f17) auipc   t5, 0x2
core   0: 3 0x8000b3b0 (0x00002f17) x30 0x8000d3b0
core   0: 0x8000b3b4 (0xc43f2823) sw      gp, -944(t5)
core   0: 3 0x8000b3b4 (0xc43f2823) mem 0x8000d000 0x00000001
core   0: 0x8000b3b8 (0xff9ff06f) j       pc - 0x8
core   0: 3 0x8000b3b8 (0xff9ff06f)
core   0: 0x8000b3b0 (0x00002f17) auipc   t5, 0x2
core   0: 3 0x8000b3b0 (0x00002f17) x30 0x8000d3b0
core   0: 0x8000b3b4 (0xc43f2823) sw      gp, -944(t5)
core   0: 3 0x8000b3b4 (0xc43f2823) mem 0x8000d000 0x00000001
core   0: 0x8000b3b8 (0xff9ff06f) j       pc - 0x8
core   0: 3 0x8000b3b8 (0xff9ff06f)
core   0: 0x8000b3b0 (0x00002f17) auipc   t5, 0x2
core   0: 3 0x8000b3b0 (0x00002f17) x30 0x8000d3b0
core   0: 0x8000b3b4 (0xc43f2823) sw      gp, -944(t5)
core   0: 3 0x8000b3b4 (0xc43f2823) mem 0x8000d000 0x00000001
core   0: 0x8000b3b8 (0xff9ff06f) j       pc - 0x8
core   0: 3 0x8000b3b8 (0xff9ff06f)
core   0: 0x8000b3b0 (0x00002f17) auipc   t5, 0x2
core   0: 3 0x8000b3b0 (0x00002f17) x30 0x8000d3b0
core   0: 0x8000b3b4 (0xc43f2823) sw      gp, -944(t5)
core   0: 3 0x8000b3b4 (0xc43f2823) mem 0x8000d000 0x00000001
core   0: 0x8000b3b8 (0xff9ff06f) j       pc - 0x8
core   0: 3 0x8000b3b8 (0xff9ff06f)
core   0: 0x8000b3b0 (0x00002f17) auipc   t5, 0x2
core   0: 3 0x8000b3b0 (0x00002f17) x30 0x8000d3b0
core   0: 0x8000b3b4 (0xc43f2823) sw      gp, -944(t5)
core   0: 3 0x8000b3b4 (0xc43f2823) mem 0x8000d000 0x00000001
core   0: 0x8000b3b8 (0xff9ff06f) j       pc - 0x8
core   0: 3 0x8000b3b8 (0xff9ff06f)
core   0: 0x8000b3b0 (0x00002f17) auipc   t5, 0x2
core   0: 3 0x8000b3b0 (0x00002f17) x30 0x8000d3b0
core   0: 0x8000b3b4 (0xc43f2823) sw      gp, -944(t5)
core   0: 3 0x8000b3b4 (0xc43f2823) mem 0x8000d000 0x00000001
core   0: 0x8000b3b8 (0xff9ff06f) j       pc - 0x8
core   0: 3 0x8000b3b8 (0xff9ff06f)
core   0: 0x8000b3b0 (0x00002f17) auipc   t5, 0x2
core   0: 3 0x8000b3b0 (0x00002f17) x30 0x8000d3b0
core   0: 0x8000b3b4 (0xc43f2823) sw      gp, -944(t5)
core   0: 3 0x8000b3b4 (0xc43f2823) mem 0x8000d000 0x00000001
core   0: 0x8000b3b8 (0xff9ff06f) j       pc - 0x8
core   0: 3 0x8000b3b8 (0xff9ff06f)
core   0: 0x8000b3b0 (0x00002f17) auipc   t5, 0x2
core   0: 3 0x8000b3b0 (0x00002f17) x30 0x8000d3b0
core   0: 0x8000b3b4 (0xc43f2823) sw      gp, -944(t5)
core   0: 3 0x8000b3b4 (0xc43f2823) mem 0x8000d000 0x00000001
core   0: 0x8000b3b8 (0xff9ff06f) j       pc - 0x8
core   0: 3 0x8000b3b8 (0xff9ff06f)
core   0: 0x8000b3b0 (0x00002f17) auipc   t5, 0x2
core   0: 3 0x8000b3b0 (0x00002f17) x30 0x8000d3b0
core   0: 0x8000b3b4 (0xc43f2823) sw      gp, -944(t5)
core   0: 3 0x8000b3b4 (0xc43f2823) mem 0x8000d000 0x00000001
core   0: 0x8000b3b8 (0xff9ff06f) j       pc - 0x8
core   0: 3 0x8000b3b8 (0xff9ff06f)
core   0: 0x8000b3b0 (0x00002f17) auipc   t5, 0x2
core   0: 3 0x8000b3b0 (0x00002f17) x30 0x8000d3b0
core   0: 0x8000b3b4 (0xc43f2823) sw      gp, -944(t5)
core   0: 3 0x8000b3b4 (0xc43f2823) mem 0x8000d000 0x00000001
core   0: 0x8000b3b8 (0xff9ff06f) j       pc - 0x8
core   0: 3 0x8000b3b8 (0xff9ff06f)
core   0: 0x8000b3b0 (0x00002f17) auipc   t5, 0x2
core   0: 3 0x8000b3b0 (0x00002f17) x30 0x8000d3b0
core   0: 0x8000b3b4 (0xc43f2823) sw      gp, -944(t5)
core   0: 3 0x8000b3b4 (0xc43f2823) mem 0x8000d000 0x00000001
core   0: 0x8000b3b8 (0xff9ff06f) j       pc - 0x8
core   0: 3 0x8000b3b8 (0xff9ff06f)
core   0: 0x8000b3b0 (0x00002f17) auipc   t5, 0x2
core   0: 3 0x8000b3b0 (0x00002f17) x30 0x8000d3b0
core   0: 0x8000b3b4 (0xc43f2823) sw      gp, -944(t5)
core   0: 3 0x8000b3b4 (0xc43f2823) mem 0x8000d000 0x00000001
core   0: 0x8000b3b8 (0xff9ff06f) j       pc - 0x8
core   0: 3 0x8000b3b8 (0xff9ff06f)
core   0: 0x8000b3b0 (0x00002f17) auipc   t5, 0x2
core   0: 3 0x8000b3b0 (0x00002f17) x30 0x8000d3b0
core   0: 0x8000b3b4 (0xc43f2823) sw      gp, -944(t5)
core   0: 3 0x8000b3b4 (0xc43f2823) mem 0x8000d000 0x00000001
core   0: 0x8000b3b8 (0xff9ff06f) j       pc - 0x8
core   0: 3 0x8000b3b8 (0xff9ff06f)
core   0: 0x8000b3b0 (0x00002f17) auipc   t5, 0x2
core   0: 3 0x8000b3b0 (0x00002f17) x30 0x8000d3b0
core   0: 0x8000b3b4 (0xc43f2823) sw      gp, -944(t5)
core   0: 3 0x8000b3b4 (0xc43f2823) mem 0x8000d000 0x00000001
core   0: 0x8000b3b8 (0xff9ff06f) j       pc - 0x8
core   0: 3 0x8000b3b8 (0xff9ff06f)
core   0: 0x8000b3b0 (0x00002f17) auipc   t5, 0x2
core   0: 3 0x8000b3b0 (0x00002f17) x30 0x8000d3b0
core   0: 0x8000b3b4 (0xc43f2823) sw      gp, -944(t5)
core   0: 3 0x8000b3b4 (0xc43f2823) mem 0x8000d000 0x00000001
core   0: 0x8000b3b8 (0xff9ff06f) j       pc - 0x8
core   0: 3 0x8000b3b8 (0xff9ff06f)
core   0: 0x8000b3b0 (0x00002f17) auipc   t5, 0x2
core   0: 3 0x8000b3b0 (0x00002f17) x30 0x8000d3b0
core   0: 0x8000b3b4 (0xc43f2823) sw      gp, -944(t5)
core   0: 3 0x8000b3b4 (0xc43f2823) mem 0x8000d000 0x00000001
core   0: 0x8000b3b8 (0xff9ff06f) j       pc - 0x8
core   0: 3 0x8000b3b8 (0xff9ff06f)
core   0: 0x8000b3b0 (0x00002f17) auipc   t5, 0x2
core   0: 3 0x8000b3b0 (0x00002f17) x30 0x8000d3b0
core   0: 0x8000b3b4 (0xc43f2823) sw      gp, -944(t5)
core   0: 3 0x8000b3b4 (0xc43f2823) mem 0x8000d000 0x00000001
core   0: 0x8000b3b8 (0xff9ff06f) j       pc - 0x8
core   0: 3 0x8000b3b8 (0xff9ff06f)
core   0: 0x8000b3b0 (0x00002f17) auipc   t5, 0x2
core   0: 3 0x8000b3b0 (0x00002f17) x30 0x8000d3b0
core   0: 0x8000b3b4 (0xc43f2823) sw      gp, -944(t5)
core   0: 3 0x8000b3b4 (0xc43f2823) mem 0x8000d000 0x00000001
core   0: 0x8000b3b8 (0xff9ff06f) j       pc - 0x8
core   0: 3 0x8000b3b8 (0xff9ff06f)
core   0: 0x8000b3b0 (0x00002f17) auipc   t5, 0x2
core   0: 3 0x8000b3b0 (0x00002f17) x30 0x8000d3b0
core   0: 0x8000b3b4 (0xc43f2823) sw      gp, -944(t5)
core   0: 3 0x8000b3b4 (0xc43f2823) mem 0x8000d000 0x00000001
core   0: 0x8000b3b8 (0xff9ff06f) j       pc - 0x8
core   0: 3 0x8000b3b8 (0xff9ff06f)
core   0: 0x8000b3b0 (0x00002f17) auipc   t5, 0x2
core   0: 3 0x8000b3b0 (0x00002f17) x30 0x8000d3b0
core   0: 0x8000b3b4 (0xc43f2823) sw      gp, -944(t5)
core   0: 3 0x8000b3b4 (0xc43f2823) mem 0x8000d000 0x00000001
core   0: 0x8000b3b8 (0xff9ff06f) j       pc - 0x8
core   0: 3 0x8000b3b8 (0xff9ff06f)
core   0: 0x8000b3b0 (0x00002f17) auipc   t5, 0x2
core   0: 3 0x8000b3b0 (0x00002f17) x30 0x8000d3b0
core   0: 0x8000b3b4 (0xc43f2823) sw      gp, -944(t5)
core   0: 3 0x8000b3b4 (0xc43f2823) mem 0x8000d000 0x00000001
core   0: 0x8000b3b8 (0xff9ff06f) j       pc - 0x8
core   0: 3 0x8000b3b8 (0xff9ff06f)
core   0: 0x8000b3b0 (0x00002f17) auipc   t5, 0x2
core   0: 3 0x8000b3b0 (0x00002f17) x30 0x8000d3b0
core   0: 0x8000b3b4 (0xc43f2823) sw      gp, -944(t5)
core   0: 3 0x8000b3b4 (0xc43f2823) mem 0x8000d000 0x00000001
core   0: 0x8000b3b8 (0xff9ff06f) j       pc - 0x8
core   0: 3 0x8000b3b8 (0xff9ff06f)
core   0: 0x8000b3b0 (0x00002f17) auipc   t5, 0x2
core   0: 3 0x8000b3b0 (0x00002f17) x30 0x8000d3b0
core   0: 0x8000b3b4 (0xc43f2823) sw      gp, -944(t5)
core   0: 3 0x8000b3b4 (0xc43f2823) mem 0x8000d000 0x00000001
core   0: 0x8000b3b8 (0xff9ff06f) j       pc - 0x8
core   0: 3 0x8000b3b8 (0xff9ff06f)
core   0: 0x8000b3b0 (0x00002f17) auipc   t5, 0x2
core   0: 3 0x8000b3b0 (0x00002f17) x30 0x8000d3b0
core   0: 0x8000b3b4 (0xc43f2823) sw      gp, -944(t5)
core   0: 3 0x8000b3b4 (0xc43f2823) mem 0x8000d000 0x00000001
core   0: 0x8000b3b8 (0xff9ff06f) j       pc - 0x8
core   0: 3 0x8000b3b8 (0xff9ff06f)
core   0: 0x8000b3b0 (0x00002f17) auipc   t5, 0x2
core   0: 3 0x8000b3b0 (0x00002f17) x30 0x8000d3b0
core   0: 0x8000b3b4 (0xc43f2823) sw      gp, -944(t5)
core   0: 3 0x8000b3b4 (0xc43f2823) mem 0x8000d000 0x00000001
core   0: 0x8000b3b8 (0xff9ff06f) j       pc - 0x8
core   0: 3 0x8000b3b8 (0xff9ff06f)
core   0: 0x8000b3b0 (0x00002f17) auipc   t5, 0x2
core   0: 3 0x8000b3b0 (0x00002f17) x30 0x8000d3b0
core   0: 0x8000b3b4 (0xc43f2823) sw      gp, -944(t5)
core   0: 3 0x8000b3b4 (0xc43f2823) mem 0x8000d000 0x00000001
core   0: 0x8000b3b8 (0xff9ff06f) j       pc - 0x8
core   0: 3 0x8000b3b8 (0xff9ff06f)
core   0: 0x8000b3b0 (0x00002f17) auipc   t5, 0x2
core   0: 3 0x8000b3b0 (0x00002f17) x30 0x8000d3b0
core   0: 0x8000b3b4 (0xc43f2823) sw      gp, -944(t5)
core   0: 3 0x8000b3b4 (0xc43f2823) mem 0x8000d000 0x00000001
core   0: 0x8000b3b8 (0xff9ff06f) j       pc - 0x8
core   0: 3 0x8000b3b8 (0xff9ff06f)
core   0: 0x8000b3b0 (0x00002f17) auipc   t5, 0x2
core   0: 3 0x8000b3b0 (0x00002f17) x30 0x8000d3b0
core   0: 0x8000b3b4 (0xc43f2823) sw      gp, -944(t5)
core   0: 3 0x8000b3b4 (0xc43f2823) mem 0x8000d000 0x00000001
core   0: 0x8000b3b8 (0xff9ff06f) j       pc - 0x8
core   0: 3 0x8000b3b8 (0xff9ff06f)
core   0: 0x8000b3b0 (0x00002f17) auipc   t5, 0x2
core   0: 3 0x8000b3b0 (0x00002f17) x30 0x8000d3b0
core   0: 0x8000b3b4 (0xc43f2823) sw      gp, -944(t5)
core   0: 3 0x8000b3b4 (0xc43f2823) mem 0x8000d000 0x00000001
core   0: 0x8000b3b8 (0xff9ff06f) j       pc - 0x8
core   0: 3 0x8000b3b8 (0xff9ff06f)
core   0: 0x8000b3b0 (0x00002f17) auipc   t5, 0x2
core   0: 3 0x8000b3b0 (0x00002f17) x30 0x8000d3b0
core   0: 0x8000b3b4 (0xc43f2823) sw      gp, -944(t5)
core   0: 3 0x8000b3b4 (0xc43f2823) mem 0x8000d000 0x00000001
core   0: 0x8000b3b8 (0xff9ff06f) j       pc - 0x8
core   0: 3 0x8000b3b8 (0xff9ff06f)
core   0: 0x8000b3b0 (0x00002f17) auipc   t5, 0x2
core   0: 3 0x8000b3b0 (0x00002f17) x30 0x8000d3b0
core   0: 0x8000b3b4 (0xc43f2823) sw      gp, -944(t5)
core   0: 3 0x8000b3b4 (0xc43f2823) mem 0x8000d000 0x00000001
core   0: 0x8000b3b8 (0xff9ff06f) j       pc - 0x8
core   0: 3 0x8000b3b8 (0xff9ff06f)
core   0: 0x8000b3b0 (0x00002f17) auipc   t5, 0x2
core   0: 3 0x8000b3b0 (0x00002f17) x30 0x8000d3b0
core   0: 0x8000b3b4 (0xc43f2823) sw      gp, -944(t5)
core   0: 3 0x8000b3b4 (0xc43f2823) mem 0x8000d000 0x00000001
core   0: 0x8000b3b8 (0xff9ff06f) j       pc - 0x8
core   0: 3 0x8000b3b8 (0xff9ff06f)
core   0: 0x8000b3b0 (0x00002f17) auipc   t5, 0x2
core   0: 3 0x8000b3b0 (0x00002f17) x30 0x8000d3b0
core   0: 0x8000b3b4 (0xc43f2823) sw      gp, -944(t5)
core   0: 3 0x8000b3b4 (0xc43f2823) mem 0x8000d000 0x00000001
core   0: 0x8000b3b8 (0xff9ff06f) j       pc - 0x8
core   0: 3 0x8000b3b8 (0xff9ff06f)
core   0: 0x8000b3b0 (0x00002f17) auipc   t5, 0x2
core   0: 3 0x8000b3b0 (0x00002f17) x30 0x8000d3b0
core   0: 0x8000b3b4 (0xc43f2823) sw      gp, -944(t5)
core   0: 3 0x8000b3b4 (0xc43f2823) mem 0x8000d000 0x00000001
core   0: 0x8000b3b8 (0xff9ff06f) j       pc - 0x8
core   0: 3 0x8000b3b8 (0xff9ff06f)
core   0: 0x8000b3b0 (0x00002f17) auipc   t5, 0x2
core   0: 3 0x8000b3b0 (0x00002f17) x30 0x8000d3b0
core   0: 0x8000b3b4 (0xc43f2823) sw      gp, -944(t5)
core   0: 3 0x8000b3b4 (0xc43f2823) mem 0x8000d000 0x00000001
core   0: 0x8000b3b8 (0xff9ff06f) j       pc - 0x8
core   0: 3 0x8000b3b8 (0xff9ff06f)
core   0: 0x8000b3b0 (0x00002f17) auipc   t5, 0x2
core   0: 3 0x8000b3b0 (0x00002f17) x30 0x8000d3b0
core   0: 0x8000b3b4 (0xc43f2823) sw      gp, -944(t5)
core   0: 3 0x8000b3b4 (0xc43f2823) mem 0x8000d000 0x00000001
core   0: 0x8000b3b8 (0xff9ff06f) j       pc - 0x8
core   0: 3 0x8000b3b8 (0xff9ff06f)
core   0: 0x8000b3b0 (0x00002f17) auipc   t5, 0x2
core   0: 3 0x8000b3b0 (0x00002f17) x30 0x8000d3b0
core   0: 0x8000b3b4 (0xc43f2823) sw      gp, -944(t5)
core   0: 3 0x8000b3b4 (0xc43f2823) mem 0x8000d000 0x00000001
core   0: 0x8000b3b8 (0xff9ff06f) j       pc - 0x8
core   0: 3 0x8000b3b8 (0xff9ff06f)
core   0: 0x8000b3b0 (0x00002f17) auipc   t5, 0x2
core   0: 3 0x8000b3b0 (0x00002f17) x30 0x8000d3b0
core   0: 0x8000b3b4 (0xc43f2823) sw      gp, -944(t5)
core   0: 3 0x8000b3b4 (0xc43f2823) mem 0x8000d000 0x00000001
core   0: 0x8000b3b8 (0xff9ff06f) j       pc - 0x8
core   0: 3 0x8000b3b8 (0xff9ff06f)
core   0: 0x8000b3b0 (0x00002f17) auipc   t5, 0x2
core   0: 3 0x8000b3b0 (0x00002f17) x30 0x8000d3b0
core   0: 0x8000b3b4 (0xc43f2823) sw      gp, -944(t5)
core   0: 3 0x8000b3b4 (0xc43f2823) mem 0x8000d000 0x00000001
core   0: 0x8000b3b8 (0xff9ff06f) j       pc - 0x8
core   0: 3 0x8000b3b8 (0xff9ff06f)
core   0: 0x8000b3b0 (0x00002f17) auipc   t5, 0x2
core   0: 3 0x8000b3b0 (0x00002f17) x30 0x8000d3b0
core   0: 0x8000b3b4 (0xc43f2823) sw      gp, -944(t5)
core   0: 3 0x8000b3b4 (0xc43f2823) mem 0x8000d000 0x00000001
core   0: 0x8000b3b8 (0xff9ff06f) j       pc - 0x8
core   0: 3 0x8000b3b8 (0xff9ff06f)
core   0: 0x8000b3b0 (0x00002f17) auipc   t5, 0x2
core   0: 3 0x8000b3b0 (0x00002f17) x30 0x8000d3b0
core   0: 0x8000b3b4 (0xc43f2823) sw      gp, -944(t5)
core   0: 3 0x8000b3b4 (0xc43f2823) mem 0x8000d000 0x00000001
core   0: 0x8000b3b8 (0xff9ff06f) j       pc - 0x8
core   0: 3 0x8000b3b8 (0xff9ff06f)
core   0: 0x8000b3b0 (0x00002f17) auipc   t5, 0x2
core   0: 3 0x8000b3b0 (0x00002f17) x30 0x8000d3b0
core   0: 0x8000b3b4 (0xc43f2823) sw      gp, -944(t5)
core   0: 3 0x8000b3b4 (0xc43f2823) mem 0x8000d000 0x00000001
core   0: 0x8000b3b8 (0xff9ff06f) j       pc - 0x8
core   0: 3 0x8000b3b8 (0xff9ff06f)
core   0: 0x8000b3b0 (0x00002f17) auipc   t5, 0x2
core   0: 3 0x8000b3b0 (0x00002f17) x30 0x8000d3b0
core   0: 0x8000b3b4 (0xc43f2823) sw      gp, -944(t5)
core   0: 3 0x8000b3b4 (0xc43f2823) mem 0x8000d000 0x00000001
core   0: 0x8000b3b8 (0xff9ff06f) j       pc - 0x8
core   0: 3 0x8000b3b8 (0xff9ff06f)
core   0: 0x8000b3b0 (0x00002f17) auipc   t5, 0x2
core   0: 3 0x8000b3b0 (0x00002f17) x30 0x8000d3b0
core   0: 0x8000b3b4 (0xc43f2823) sw      gp, -944(t5)
core   0: 3 0x8000b3b4 (0xc43f2823) mem 0x8000d000 0x00000001
core   0: 0x8000b3b8 (0xff9ff06f) j       pc - 0x8
core   0: 3 0x8000b3b8 (0xff9ff06f)
core   0: 0x8000b3b0 (0x00002f17) auipc   t5, 0x2
core   0: 3 0x8000b3b0 (0x00002f17) x30 0x8000d3b0
core   0: 0x8000b3b4 (0xc43f2823) sw      gp, -944(t5)
core   0: 3 0x8000b3b4 (0xc43f2823) mem 0x8000d000 0x00000001
core   0: 0x8000b3b8 (0xff9ff06f) j       pc - 0x8
core   0: 3 0x8000b3b8 (0xff9ff06f)
core   0: 0x8000b3b0 (0x00002f17) auipc   t5, 0x2
core   0: 3 0x8000b3b0 (0x00002f17) x30 0x8000d3b0
core   0: 0x8000b3b4 (0xc43f2823) sw      gp, -944(t5)
core   0: 3 0x8000b3b4 (0xc43f2823) mem 0x8000d000 0x00000001
core   0: 0x8000b3b8 (0xff9ff06f) j       pc - 0x8
core   0: 3 0x8000b3b8 (0xff9ff06f)
core   0: 0x8000b3b0 (0x00002f17) auipc   t5, 0x2
core   0: 3 0x8000b3b0 (0x00002f17) x30 0x8000d3b0
core   0: 0x8000b3b4 (0xc43f2823) sw      gp, -944(t5)
core   0: 3 0x8000b3b4 (0xc43f2823) mem 0x8000d000 0x00000001
core   0: 0x8000b3b8 (0xff9ff06f) j       pc - 0x8
core   0: 3 0x8000b3b8 (0xff9ff06f)
core   0: 0x8000b3b0 (0x00002f17) auipc   t5, 0x2
core   0: 3 0x8000b3b0 (0x00002f17) x30 0x8000d3b0
core   0: 0x8000b3b4 (0xc43f2823) sw      gp, -944(t5)
core   0: 3 0x8000b3b4 (0xc43f2823) mem 0x8000d000 0x00000001
core   0: 0x8000b3b8 (0xff9ff06f) j       pc - 0x8
core   0: 3 0x8000b3b8 (0xff9ff06f)
core   0: 0x8000b3b0 (0x00002f17) auipc   t5, 0x2
core   0: 3 0x8000b3b0 (0x00002f17) x30 0x8000d3b0
core   0: 0x8000b3b4 (0xc43f2823) sw      gp, -944(t5)
core   0: 3 0x8000b3b4 (0xc43f2823) mem 0x8000d000 0x00000001
core   0: 0x8000b3b8 (0xff9ff06f) j       pc - 0x8
core   0: 3 0x8000b3b8 (0xff9ff06f)
core   0: 0x8000b3b0 (0x00002f17) auipc   t5, 0x2
core   0: 3 0x8000b3b0 (0x00002f17) x30 0x8000d3b0
core   0: 0x8000b3b4 (0xc43f2823) sw      gp, -944(t5)
core   0: 3 0x8000b3b4 (0xc43f2823) mem 0x8000d000 0x00000001
core   0: 0x8000b3b8 (0xff9ff06f) j       pc - 0x8
core   0: 3 0x8000b3b8 (0xff9ff06f)
core   0: 0x8000b3b0 (0x00002f17) auipc   t5, 0x2
core   0: 3 0x8000b3b0 (0x00002f17) x30 0x8000d3b0
core   0: 0x8000b3b4 (0xc43f2823) sw      gp, -944(t5)
core   0: 3 0x8000b3b4 (0xc43f2823) mem 0x8000d000 0x00000001
core   0: 0x8000b3b8 (0xff9ff06f) j       pc - 0x8
core   0: 3 0x8000b3b8 (0xff9ff06f)
core   0: 0x8000b3b0 (0x00002f17) auipc   t5, 0x2
core   0: 3 0x8000b3b0 (0x00002f17) x30 0x8000d3b0
core   0: 0x8000b3b4 (0xc43f2823) sw      gp, -944(t5)
core   0: 3 0x8000b3b4 (0xc43f2823) mem 0x8000d000 0x00000001
core   0: 0x8000b3b8 (0xff9ff06f) j       pc - 0x8
core   0: 3 0x8000b3b8 (0xff9ff06f)
core   0: 0x8000b3b0 (0x00002f17) auipc   t5, 0x2
core   0: 3 0x8000b3b0 (0x00002f17) x30 0x8000d3b0
core   0: 0x8000b3b4 (0xc43f2823) sw      gp, -944(t5)
core   0: 3 0x8000b3b4 (0xc43f2823) mem 0x8000d000 0x00000001
core   0: 0x8000b3b8 (0xff9ff06f) j       pc - 0x8
core   0: 3 0x8000b3b8 (0xff9ff06f)
core   0: 0x8000b3b0 (0x00002f17) auipc   t5, 0x2
core   0: 3 0x8000b3b0 (0x00002f17) x30 0x8000d3b0
core   0: 0x8000b3b4 (0xc43f2823) sw      gp, -944(t5)
core   0: 3 0x8000b3b4 (0xc43f2823) mem 0x8000d000 0x00000001
core   0: 0x8000b3b8 (0xff9ff06f) j       pc - 0x8
core   0: 3 0x8000b3b8 (0xff9ff06f)
core   0: 0x8000b3b0 (0x00002f17) auipc   t5, 0x2
core   0: 3 0x8000b3b0 (0x00002f17) x30 0x8000d3b0
core   0: 0x8000b3b4 (0xc43f2823) sw      gp, -944(t5)
core   0: 3 0x8000b3b4 (0xc43f2823) mem 0x8000d000 0x00000001
core   0: 0x8000b3b8 (0xff9ff06f) j       pc - 0x8
core   0: 3 0x8000b3b8 (0xff9ff06f)
core   0: 0x8000b3b0 (0x00002f17) auipc   t5, 0x2
core   0: 3 0x8000b3b0 (0x00002f17) x30 0x8000d3b0
core   0: 0x8000b3b4 (0xc43f2823) sw      gp, -944(t5)
core   0: 3 0x8000b3b4 (0xc43f2823) mem 0x8000d000 0x00000001
core   0: 0x8000b3b8 (0xff9ff06f) j       pc - 0x8
core   0: 3 0x8000b3b8 (0xff9ff06f)
core   0: 0x8000b3b0 (0x00002f17) auipc   t5, 0x2
core   0: 3 0x8000b3b0 (0x00002f17) x30 0x8000d3b0
core   0: 0x8000b3b4 (0xc43f2823) sw      gp, -944(t5)
core   0: 3 0x8000b3b4 (0xc43f2823) mem 0x8000d000 0x00000001
core   0: 0x8000b3b8 (0xff9ff06f) j       pc - 0x8
core   0: 3 0x8000b3b8 (0xff9ff06f)
core   0: 0x8000b3b0 (0x00002f17) auipc   t5, 0x2
core   0: 3 0x8000b3b0 (0x00002f17) x30 0x8000d3b0
core   0: 0x8000b3b4 (0xc43f2823) sw      gp, -944(t5)
core   0: 3 0x8000b3b4 (0xc43f2823) mem 0x8000d000 0x00000001
core   0: 0x8000b3b8 (0xff9ff06f) j       pc - 0x8
core   0: 3 0x8000b3b8 (0xff9ff06f)
core   0: 0x8000b3b0 (0x00002f17) auipc   t5, 0x2
core   0: 3 0x8000b3b0 (0x00002f17) x30 0x8000d3b0
core   0: 0x8000b3b4 (0xc43f2823) sw      gp, -944(t5)
core   0: 3 0x8000b3b4 (0xc43f2823) mem 0x8000d000 0x00000001
core   0: 0x8000b3b8 (0xff9ff06f) j       pc - 0x8
core   0: 3 0x8000b3b8 (0xff9ff06f)
core   0: 0x8000b3b0 (0x00002f17) auipc   t5, 0x2
core   0: 3 0x8000b3b0 (0x00002f17) x30 0x8000d3b0
core   0: 0x8000b3b4 (0xc43f2823) sw      gp, -944(t5)
core   0: 3 0x8000b3b4 (0xc43f2823) mem 0x8000d000 0x00000001
core   0: 0x8000b3b8 (0xff9ff06f) j       pc - 0x8
core   0: 3 0x8000b3b8 (0xff9ff06f)
core   0: 0x8000b3b0 (0x00002f17) auipc   t5, 0x2
core   0: 3 0x8000b3b0 (0x00002f17) x30 0x8000d3b0
core   0: 0x8000b3b4 (0xc43f2823) sw      gp, -944(t5)
core   0: 3 0x8000b3b4 (0xc43f2823) mem 0x8000d000 0x00000001
core   0: 0x8000b3b8 (0xff9ff06f) j       pc - 0x8
core   0: 3 0x8000b3b8 (0xff9ff06f)
core   0: 0x8000b3b0 (0x00002f17) auipc   t5, 0x2
core   0: 3 0x8000b3b0 (0x00002f17) x30 0x8000d3b0
core   0: 0x8000b3b4 (0xc43f2823) sw      gp, -944(t5)
core   0: 3 0x8000b3b4 (0xc43f2823) mem 0x8000d000 0x00000001
core   0: 0x8000b3b8 (0xff9ff06f) j       pc - 0x8
core   0: 3 0x8000b3b8 (0xff9ff06f)
core   0: 0x8000b3b0 (0x00002f17) auipc   t5, 0x2
core   0: 3 0x8000b3b0 (0x00002f17) x30 0x8000d3b0
core   0: 0x8000b3b4 (0xc43f2823) sw      gp, -944(t5)
core   0: 3 0x8000b3b4 (0xc43f2823) mem 0x8000d000 0x00000001
core   0: 0x8000b3b8 (0xff9ff06f) j       pc - 0x8
core   0: 3 0x8000b3b8 (0xff9ff06f)
core   0: 0x8000b3b0 (0x00002f17) auipc   t5, 0x2
core   0: 3 0x8000b3b0 (0x00002f17) x30 0x8000d3b0
core   0: 0x8000b3b4 (0xc43f2823) sw      gp, -944(t5)
core   0: 3 0x8000b3b4 (0xc43f2823) mem 0x8000d000 0x00000001
core   0: 0x8000b3b8 (0xff9ff06f) j       pc - 0x8
core   0: 3 0x8000b3b8 (0xff9ff06f)
core   0: 0x8000b3b0 (0x00002f17) auipc   t5, 0x2
core   0: 3 0x8000b3b0 (0x00002f17) x30 0x8000d3b0
core   0: 0x8000b3b4 (0xc43f2823) sw      gp, -944(t5)
core   0: 3 0x8000b3b4 (0xc43f2823) mem 0x8000d000 0x00000001
core   0: 0x8000b3b8 (0xff9ff06f) j       pc - 0x8
core   0: 3 0x8000b3b8 (0xff9ff06f)
core   0: 0x8000b3b0 (0x00002f17) auipc   t5, 0x2
core   0: 3 0x8000b3b0 (0x00002f17) x30 0x8000d3b0
core   0: 0x8000b3b4 (0xc43f2823) sw      gp, -944(t5)
core   0: 3 0x8000b3b4 (0xc43f2823) mem 0x8000d000 0x00000001
core   0: 0x8000b3b8 (0xff9ff06f) j       pc - 0x8
core   0: 3 0x8000b3b8 (0xff9ff06f)
core   0: 0x8000b3b0 (0x00002f17) auipc   t5, 0x2
core   0: 3 0x8000b3b0 (0x00002f17) x30 0x8000d3b0
core   0: 0x8000b3b4 (0xc43f2823) sw      gp, -944(t5)
core   0: 3 0x8000b3b4 (0xc43f2823) mem 0x8000d000 0x00000001
core   0: 0x8000b3b8 (0xff9ff06f) j       pc - 0x8
core   0: 3 0x8000b3b8 (0xff9ff06f)
core   0: 0x8000b3b0 (0x00002f17) auipc   t5, 0x2
core   0: 3 0x8000b3b0 (0x00002f17) x30 0x8000d3b0
core   0: 0x8000b3b4 (0xc43f2823) sw      gp, -944(t5)
core   0: 3 0x8000b3b4 (0xc43f2823) mem 0x8000d000 0x00000001
core   0: 0x8000b3b8 (0xff9ff06f) j       pc - 0x8
core   0: 3 0x8000b3b8 (0xff9ff06f)
core   0: 0x8000b3b0 (0x00002f17) auipc   t5, 0x2
core   0: 3 0x8000b3b0 (0x00002f17) x30 0x8000d3b0
core   0: 0x8000b3b4 (0xc43f2823) sw      gp, -944(t5)
core   0: 3 0x8000b3b4 (0xc43f2823) mem 0x8000d000 0x00000001
core   0: 0x8000b3b8 (0xff9ff06f) j       pc - 0x8
core   0: 3 0x8000b3b8 (0xff9ff06f)
core   0: 0x8000b3b0 (0x00002f17) auipc   t5, 0x2
core   0: 3 0x8000b3b0 (0x00002f17) x30 0x8000d3b0
core   0: 0x8000b3b4 (0xc43f2823) sw      gp, -944(t5)
core   0: 3 0x8000b3b4 (0xc43f2823) mem 0x8000d000 0x00000001
core   0: 0x8000b3b8 (0xff9ff06f) j       pc - 0x8
core   0: 3 0x8000b3b8 (0xff9ff06f)
core   0: 0x8000b3b0 (0x00002f17) auipc   t5, 0x2
core   0: 3 0x8000b3b0 (0x00002f17) x30 0x8000d3b0
core   0: 0x8000b3b4 (0xc43f2823) sw      gp, -944(t5)
core   0: 3 0x8000b3b4 (0xc43f2823) mem 0x8000d000 0x00000001
core   0: 0x8000b3b8 (0xff9ff06f) j       pc - 0x8
core   0: 3 0x8000b3b8 (0xff9ff06f)
core   0: 0x8000b3b0 (0x00002f17) auipc   t5, 0x2
core   0: 3 0x8000b3b0 (0x00002f17) x30 0x8000d3b0
core   0: 0x8000b3b4 (0xc43f2823) sw      gp, -944(t5)
core   0: 3 0x8000b3b4 (0xc43f2823) mem 0x8000d000 0x00000001
core   0: 0x8000b3b8 (0xff9ff06f) j       pc - 0x8
core   0: 3 0x8000b3b8 (0xff9ff06f)
core   0: 0x8000b3b0 (0x00002f17) auipc   t5, 0x2
core   0: 3 0x8000b3b0 (0x00002f17) x30 0x8000d3b0
core   0: 0x8000b3b4 (0xc43f2823) sw      gp, -944(t5)
core   0: 3 0x8000b3b4 (0xc43f2823) mem 0x8000d000 0x00000001
core   0: 0x8000b3b8 (0xff9ff06f) j       pc - 0x8
core   0: 3 0x8000b3b8 (0xff9ff06f)
core   0: 0x8000b3b0 (0x00002f17) auipc   t5, 0x2
core   0: 3 0x8000b3b0 (0x00002f17) x30 0x8000d3b0
core   0: 0x8000b3b4 (0xc43f2823) sw      gp, -944(t5)
core   0: 3 0x8000b3b4 (0xc43f2823) mem 0x8000d000 0x00000001
core   0: 0x8000b3b8 (0xff9ff06f) j       pc - 0x8
core   0: 3 0x8000b3b8 (0xff9ff06f)
core   0: 0x8000b3b0 (0x00002f17) auipc   t5, 0x2
core   0: 3 0x8000b3b0 (0x00002f17) x30 0x8000d3b0
core   0: 0x8000b3b4 (0xc43f2823) sw      gp, -944(t5)
core   0: 3 0x8000b3b4 (0xc43f2823) mem 0x8000d000 0x00000001
core   0: 0x8000b3b8 (0xff9ff06f) j       pc - 0x8
core   0: 3 0x8000b3b8 (0xff9ff06f)
core   0: 0x8000b3b0 (0x00002f17) auipc   t5, 0x2
core   0: 3 0x8000b3b0 (0x00002f17) x30 0x8000d3b0
core   0: 0x8000b3b4 (0xc43f2823) sw      gp, -944(t5)
core   0: 3 0x8000b3b4 (0xc43f2823) mem 0x8000d000 0x00000001
core   0: 0x8000b3b8 (0xff9ff06f) j       pc - 0x8
core   0: 3 0x8000b3b8 (0xff9ff06f)
core   0: 0x8000b3b0 (0x00002f17) auipc   t5, 0x2
core   0: 3 0x8000b3b0 (0x00002f17) x30 0x8000d3b0
core   0: 0x8000b3b4 (0xc43f2823) sw      gp, -944(t5)
core   0: 3 0x8000b3b4 (0xc43f2823) mem 0x8000d000 0x00000001
core   0: 0x8000b3b8 (0xff9ff06f) j       pc - 0x8
core   0: 3 0x8000b3b8 (0xff9ff06f)
core   0: 0x8000b3b0 (0x00002f17) auipc   t5, 0x2
core   0: 3 0x8000b3b0 (0x00002f17) x30 0x8000d3b0
core   0: 0x8000b3b4 (0xc43f2823) sw      gp, -944(t5)
core   0: 3 0x8000b3b4 (0xc43f2823) mem 0x8000d000 0x00000001
core   0: 0x8000b3b8 (0xff9ff06f) j       pc - 0x8
core   0: 3 0x8000b3b8 (0xff9ff06f)
core   0: 0x8000b3b0 (0x00002f17) auipc   t5, 0x2
core   0: 3 0x8000b3b0 (0x00002f17) x30 0x8000d3b0
core   0: 0x8000b3b4 (0xc43f2823) sw      gp, -944(t5)
core   0: 3 0x8000b3b4 (0xc43f2823) mem 0x8000d000 0x00000001
core   0: 0x8000b3b8 (0xff9ff06f) j       pc - 0x8
core   0: 3 0x8000b3b8 (0xff9ff06f)
core   0: 0x8000b3b0 (0x00002f17) auipc   t5, 0x2
core   0: 3 0x8000b3b0 (0x00002f17) x30 0x8000d3b0
core   0: 0x8000b3b4 (0xc43f2823) sw      gp, -944(t5)
core   0: 3 0x8000b3b4 (0xc43f2823) mem 0x8000d000 0x00000001
core   0: 0x8000b3b8 (0xff9ff06f) j       pc - 0x8
core   0: 3 0x8000b3b8 (0xff9ff06f)
core   0: 0x8000b3b0 (0x00002f17) auipc   t5, 0x2
core   0: 3 0x8000b3b0 (0x00002f17) x30 0x8000d3b0
core   0: 0x8000b3b4 (0xc43f2823) sw      gp, -944(t5)
core   0: 3 0x8000b3b4 (0xc43f2823) mem 0x8000d000 0x00000001
core   0: 0x8000b3b8 (0xff9ff06f) j       pc - 0x8
core   0: 3 0x8000b3b8 (0xff9ff06f)
core   0: 0x8000b3b0 (0x00002f17) auipc   t5, 0x2
core   0: 3 0x8000b3b0 (0x00002f17) x30 0x8000d3b0
core   0: 0x8000b3b4 (0xc43f2823) sw      gp, -944(t5)
core   0: 3 0x8000b3b4 (0xc43f2823) mem 0x8000d000 0x00000001
core   0: 0x8000b3b8 (0xff9ff06f) j       pc - 0x8
core   0: 3 0x8000b3b8 (0xff9ff06f)
core   0: 0x8000b3b0 (0x00002f17) auipc   t5, 0x2
core   0: 3 0x8000b3b0 (0x00002f17) x30 0x8000d3b0
core   0: 0x8000b3b4 (0xc43f2823) sw      gp, -944(t5)
core   0: 3 0x8000b3b4 (0xc43f2823) mem 0x8000d000 0x00000001
core   0: 0x8000b3b8 (0xff9ff06f) j       pc - 0x8
core   0: 3 0x8000b3b8 (0xff9ff06f)
core   0: 0x8000b3b0 (0x00002f17) auipc   t5, 0x2
core   0: 3 0x8000b3b0 (0x00002f17) x30 0x8000d3b0
core   0: 0x8000b3b4 (0xc43f2823) sw      gp, -944(t5)
core   0: 3 0x8000b3b4 (0xc43f2823) mem 0x8000d000 0x00000001
core   0: 0x8000b3b8 (0xff9ff06f) j       pc - 0x8
core   0: 3 0x8000b3b8 (0xff9ff06f)
core   0: 0x8000b3b0 (0x00002f17) auipc   t5, 0x2
core   0: 3 0x8000b3b0 (0x00002f17) x30 0x8000d3b0
core   0: 0x8000b3b4 (0xc43f2823) sw      gp, -944(t5)
core   0: 3 0x8000b3b4 (0xc43f2823) mem 0x8000d000 0x00000001
core   0: 0x8000b3b8 (0xff9ff06f) j       pc - 0x8
core   0: 3 0x8000b3b8 (0xff9ff06f)
core   0: 0x8000b3b0 (0x00002f17) auipc   t5, 0x2
core   0: 3 0x8000b3b0 (0x00002f17) x30 0x8000d3b0
core   0: 0x8000b3b4 (0xc43f2823) sw      gp, -944(t5)
core   0: 3 0x8000b3b4 (0xc43f2823) mem 0x8000d000 0x00000001
core   0: 0x8000b3b8 (0xff9ff06f) j       pc - 0x8
core   0: 3 0x8000b3b8 (0xff9ff06f)
core   0: 0x8000b3b0 (0x00002f17) auipc   t5, 0x2
core   0: 3 0x8000b3b0 (0x00002f17) x30 0x8000d3b0
core   0: 0x8000b3b4 (0xc43f2823) sw      gp, -944(t5)
core   0: 3 0x8000b3b4 (0xc43f2823) mem 0x8000d000 0x00000001
core   0: 0x8000b3b8 (0xff9ff06f) j       pc - 0x8
core   0: 3 0x8000b3b8 (0xff9ff06f)
core   0: 0x8000b3b0 (0x00002f17) auipc   t5, 0x2
core   0: 3 0x8000b3b0 (0x00002f17) x30 0x8000d3b0
core   0: 0x8000b3b4 (0xc43f2823) sw      gp, -944(t5)
core   0: 3 0x8000b3b4 (0xc43f2823) mem 0x8000d000 0x00000001
core   0: 0x8000b3b8 (0xff9ff06f) j       pc - 0x8
core   0: 3 0x8000b3b8 (0xff9ff06f)
core   0: 0x8000b3b0 (0x00002f17) auipc   t5, 0x2
core   0: 3 0x8000b3b0 (0x00002f17) x30 0x8000d3b0
core   0: 0x8000b3b4 (0xc43f2823) sw      gp, -944(t5)
core   0: 3 0x8000b3b4 (0xc43f2823) mem 0x8000d000 0x00000001
core   0: 0x8000b3b8 (0xff9ff06f) j       pc - 0x8
core   0: 3 0x8000b3b8 (0xff9ff06f)
core   0: 0x8000b3b0 (0x00002f17) auipc   t5, 0x2
core   0: 3 0x8000b3b0 (0x00002f17) x30 0x8000d3b0
core   0: 0x8000b3b4 (0xc43f2823) sw      gp, -944(t5)
core   0: 3 0x8000b3b4 (0xc43f2823) mem 0x8000d000 0x00000001
core   0: 0x8000b3b8 (0xff9ff06f) j       pc - 0x8
core   0: 3 0x8000b3b8 (0xff9ff06f)
core   0: 0x8000b3b0 (0x00002f17) auipc   t5, 0x2
core   0: 3 0x8000b3b0 (0x00002f17) x30 0x8000d3b0
core   0: 0x8000b3b4 (0xc43f2823) sw      gp, -944(t5)
core   0: 3 0x8000b3b4 (0xc43f2823) mem 0x8000d000 0x00000001
core   0: 0x8000b3b8 (0xff9ff06f) j       pc - 0x8
core   0: 3 0x8000b3b8 (0xff9ff06f)
core   0: 0x8000b3b0 (0x00002f17) auipc   t5, 0x2
core   0: 3 0x8000b3b0 (0x00002f17) x30 0x8000d3b0
core   0: 0x8000b3b4 (0xc43f2823) sw      gp, -944(t5)
core   0: 3 0x8000b3b4 (0xc43f2823) mem 0x8000d000 0x00000001
core   0: 0x8000b3b8 (0xff9ff06f) j       pc - 0x8
core   0: 3 0x8000b3b8 (0xff9ff06f)
core   0: 0x8000b3b0 (0x00002f17) auipc   t5, 0x2
core   0: 3 0x8000b3b0 (0x00002f17) x30 0x8000d3b0
core   0: 0x8000b3b4 (0xc43f2823) sw      gp, -944(t5)
core   0: 3 0x8000b3b4 (0xc43f2823) mem 0x8000d000 0x00000001
core   0: 0x8000b3b8 (0xff9ff06f) j       pc - 0x8
core   0: 3 0x8000b3b8 (0xff9ff06f)
core   0: 0x8000b3b0 (0x00002f17) auipc   t5, 0x2
core   0: 3 0x8000b3b0 (0x00002f17) x30 0x8000d3b0
core   0: 0x8000b3b4 (0xc43f2823) sw      gp, -944(t5)
core   0: 3 0x8000b3b4 (0xc43f2823) mem 0x8000d000 0x00000001
core   0: 0x8000b3b8 (0xff9ff06f) j       pc - 0x8
core   0: 3 0x8000b3b8 (0xff9ff06f)
core   0: 0x8000b3b0 (0x00002f17) auipc   t5, 0x2
core   0: 3 0x8000b3b0 (0x00002f17) x30 0x8000d3b0
core   0: 0x8000b3b4 (0xc43f2823) sw      gp, -944(t5)
core   0: 3 0x8000b3b4 (0xc43f2823) mem 0x8000d000 0x00000001
core   0: 0x8000b3b8 (0xff9ff06f) j       pc - 0x8
core   0: 3 0x8000b3b8 (0xff9ff06f)
core   0: 0x8000b3b0 (0x00002f17) auipc   t5, 0x2
core   0: 3 0x8000b3b0 (0x00002f17) x30 0x8000d3b0
core   0: 0x8000b3b4 (0xc43f2823) sw      gp, -944(t5)
core   0: 3 0x8000b3b4 (0xc43f2823) mem 0x8000d000 0x00000001
core   0: 0x8000b3b8 (0xff9ff06f) j       pc - 0x8
core   0: 3 0x8000b3b8 (0xff9ff06f)
core   0: 0x8000b3b0 (0x00002f17) auipc   t5, 0x2
core   0: 3 0x8000b3b0 (0x00002f17) x30 0x8000d3b0
core   0: 0x8000b3b4 (0xc43f2823) sw      gp, -944(t5)
core   0: 3 0x8000b3b4 (0xc43f2823) mem 0x8000d000 0x00000001
core   0: 0x8000b3b8 (0xff9ff06f) j       pc - 0x8
core   0: 3 0x8000b3b8 (0xff9ff06f)
core   0: 0x8000b3b0 (0x00002f17) auipc   t5, 0x2
core   0: 3 0x8000b3b0 (0x00002f17) x30 0x8000d3b0
core   0: 0x8000b3b4 (0xc43f2823) sw      gp, -944(t5)
core   0: 3 0x8000b3b4 (0xc43f2823) mem 0x8000d000 0x00000001
core   0: 0x8000b3b8 (0xff9ff06f) j       pc - 0x8
core   0: 3 0x8000b3b8 (0xff9ff06f)
core   0: 0x8000b3b0 (0x00002f17) auipc   t5, 0x2
core   0: 3 0x8000b3b0 (0x00002f17) x30 0x8000d3b0
core   0: 0x8000b3b4 (0xc43f2823) sw      gp, -944(t5)
core   0: 3 0x8000b3b4 (0xc43f2823) mem 0x8000d000 0x00000001
core   0: 0x8000b3b8 (0xff9ff06f) j       pc - 0x8
core   0: 3 0x8000b3b8 (0xff9ff06f)
core   0: 0x8000b3b0 (0x00002f17) auipc   t5, 0x2
core   0: 3 0x8000b3b0 (0x00002f17) x30 0x8000d3b0
core   0: 0x8000b3b4 (0xc43f2823) sw      gp, -944(t5)
core   0: 3 0x8000b3b4 (0xc43f2823) mem 0x8000d000 0x00000001
core   0: 0x8000b3b8 (0xff9ff06f) j       pc - 0x8
core   0: 3 0x8000b3b8 (0xff9ff06f)
core   0: 0x8000b3b0 (0x00002f17) auipc   t5, 0x2
core   0: 3 0x8000b3b0 (0x00002f17) x30 0x8000d3b0
core   0: 0x8000b3b4 (0xc43f2823) sw      gp, -944(t5)
core   0: 3 0x8000b3b4 (0xc43f2823) mem 0x8000d000 0x00000001
core   0: 0x8000b3b8 (0xff9ff06f) j       pc - 0x8
core   0: 3 0x8000b3b8 (0xff9ff06f)
core   0: 0x8000b3b0 (0x00002f17) auipc   t5, 0x2
core   0: 3 0x8000b3b0 (0x00002f17) x30 0x8000d3b0
core   0: 0x8000b3b4 (0xc43f2823) sw      gp, -944(t5)
core   0: 3 0x8000b3b4 (0xc43f2823) mem 0x8000d000 0x00000001
core   0: 0x8000b3b8 (0xff9ff06f) j       pc - 0x8
core   0: 3 0x8000b3b8 (0xff9ff06f)
core   0: 0x8000b3b0 (0x00002f17) auipc   t5, 0x2
core   0: 3 0x8000b3b0 (0x00002f17) x30 0x8000d3b0
core   0: 0x8000b3b4 (0xc43f2823) sw      gp, -944(t5)
core   0: 3 0x8000b3b4 (0xc43f2823) mem 0x8000d000 0x00000001
core   0: 0x8000b3b8 (0xff9ff06f) j       pc - 0x8
core   0: 3 0x8000b3b8 (0xff9ff06f)
core   0: 0x8000b3b0 (0x00002f17) auipc   t5, 0x2
core   0: 3 0x8000b3b0 (0x00002f17) x30 0x8000d3b0
core   0: 0x8000b3b4 (0xc43f2823) sw      gp, -944(t5)
core   0: 3 0x8000b3b4 (0xc43f2823) mem 0x8000d000 0x00000001
core   0: 0x8000b3b8 (0xff9ff06f) j       pc - 0x8
core   0: 3 0x8000b3b8 (0xff9ff06f)
core   0: 0x8000b3b0 (0x00002f17) auipc   t5, 0x2
core   0: 3 0x8000b3b0 (0x00002f17) x30 0x8000d3b0
core   0: 0x8000b3b4 (0xc43f2823) sw      gp, -944(t5)
core   0: 3 0x8000b3b4 (0xc43f2823) mem 0x8000d000 0x00000001
core   0: 0x8000b3b8 (0xff9ff06f) j       pc - 0x8
core   0: 3 0x8000b3b8 (0xff9ff06f)
core   0: 0x8000b3b0 (0x00002f17) auipc   t5, 0x2
core   0: 3 0x8000b3b0 (0x00002f17) x30 0x8000d3b0
core   0: 0x8000b3b4 (0xc43f2823) sw      gp, -944(t5)
core   0: 3 0x8000b3b4 (0xc43f2823) mem 0x8000d000 0x00000001
core   0: 0x8000b3b8 (0xff9ff06f) j       pc - 0x8
core   0: 3 0x8000b3b8 (0xff9ff06f)
core   0: 0x8000b3b0 (0x00002f17) auipc   t5, 0x2
core   0: 3 0x8000b3b0 (0x00002f17) x30 0x8000d3b0
core   0: 0x8000b3b4 (0xc43f2823) sw      gp, -944(t5)
core   0: 3 0x8000b3b4 (0xc43f2823) mem 0x8000d000 0x00000001
core   0: 0x8000b3b8 (0xff9ff06f) j       pc - 0x8
core   0: 3 0x8000b3b8 (0xff9ff06f)
core   0: 0x8000b3b0 (0x00002f17) auipc   t5, 0x2
core   0: 3 0x8000b3b0 (0x00002f17) x30 0x8000d3b0
core   0: 0x8000b3b4 (0xc43f2823) sw      gp, -944(t5)
core   0: 3 0x8000b3b4 (0xc43f2823) mem 0x8000d000 0x00000001
core   0: 0x8000b3b8 (0xff9ff06f) j       pc - 0x8
core   0: 3 0x8000b3b8 (0xff9ff06f)
core   0: 0x8000b3b0 (0x00002f17) auipc   t5, 0x2
core   0: 3 0x8000b3b0 (0x00002f17) x30 0x8000d3b0
core   0: 0x8000b3b4 (0xc43f2823) sw      gp, -944(t5)
core   0: 3 0x8000b3b4 (0xc43f2823) mem 0x8000d000 0x00000001
core   0: 0x8000b3b8 (0xff9ff06f) j       pc - 0x8
core   0: 3 0x8000b3b8 (0xff9ff06f)
core   0: 0x8000b3b0 (0x00002f17) auipc   t5, 0x2
core   0: 3 0x8000b3b0 (0x00002f17) x30 0x8000d3b0
core   0: 0x8000b3b4 (0xc43f2823) sw      gp, -944(t5)
core   0: 3 0x8000b3b4 (0xc43f2823) mem 0x8000d000 0x00000001
core   0: 0x8000b3b8 (0xff9ff06f) j       pc - 0x8
core   0: 3 0x8000b3b8 (0xff9ff06f)
core   0: 0x8000b3b0 (0x00002f17) auipc   t5, 0x2
core   0: 3 0x8000b3b0 (0x00002f17) x30 0x8000d3b0
core   0: 0x8000b3b4 (0xc43f2823) sw      gp, -944(t5)
core   0: 3 0x8000b3b4 (0xc43f2823) mem 0x8000d000 0x00000001
core   0: 0x8000b3b8 (0xff9ff06f) j       pc - 0x8
core   0: 3 0x8000b3b8 (0xff9ff06f)
core   0: 0x8000b3b0 (0x00002f17) auipc   t5, 0x2
core   0: 3 0x8000b3b0 (0x00002f17) x30 0x8000d3b0
core   0: 0x8000b3b4 (0xc43f2823) sw      gp, -944(t5)
core   0: 3 0x8000b3b4 (0xc43f2823) mem 0x8000d000 0x00000001
core   0: 0x8000b3b8 (0xff9ff06f) j       pc - 0x8
core   0: 3 0x8000b3b8 (0xff9ff06f)
core   0: 0x8000b3b0 (0x00002f17) auipc   t5, 0x2
core   0: 3 0x8000b3b0 (0x00002f17) x30 0x8000d3b0
core   0: 0x8000b3b4 (0xc43f2823) sw      gp, -944(t5)
core   0: 3 0x8000b3b4 (0xc43f2823) mem 0x8000d000 0x00000001
core   0: 0x8000b3b8 (0xff9ff06f) j       pc - 0x8
core   0: 3 0x8000b3b8 (0xff9ff06f)
core   0: 0x8000b3b0 (0x00002f17) auipc   t5, 0x2
core   0: 3 0x8000b3b0 (0x00002f17) x30 0x8000d3b0
core   0: 0x8000b3b4 (0xc43f2823) sw      gp, -944(t5)
core   0: 3 0x8000b3b4 (0xc43f2823) mem 0x8000d000 0x00000001
core   0: 0x8000b3b8 (0xff9ff06f) j       pc - 0x8
core   0: 3 0x8000b3b8 (0xff9ff06f)
core   0: 0x8000b3b0 (0x00002f17) auipc   t5, 0x2
core   0: 3 0x8000b3b0 (0x00002f17) x30 0x8000d3b0
core   0: 0x8000b3b4 (0xc43f2823) sw      gp, -944(t5)
core   0: 3 0x8000b3b4 (0xc43f2823) mem 0x8000d000 0x00000001
core   0: 0x8000b3b8 (0xff9ff06f) j       pc - 0x8
core   0: 3 0x8000b3b8 (0xff9ff06f)
core   0: 0x8000b3b0 (0x00002f17) auipc   t5, 0x2
core   0: 3 0x8000b3b0 (0x00002f17) x30 0x8000d3b0
core   0: 0x8000b3b4 (0xc43f2823) sw      gp, -944(t5)
core   0: 3 0x8000b3b4 (0xc43f2823) mem 0x8000d000 0x00000001
core   0: 0x8000b3b8 (0xff9ff06f) j       pc - 0x8
core   0: 3 0x8000b3b8 (0xff9ff06f)
core   0: 0x8000b3b0 (0x00002f17) auipc   t5, 0x2
core   0: 3 0x8000b3b0 (0x00002f17) x30 0x8000d3b0
core   0: 0x8000b3b4 (0xc43f2823) sw      gp, -944(t5)
core   0: 3 0x8000b3b4 (0xc43f2823) mem 0x8000d000 0x00000001
core   0: 0x8000b3b8 (0xff9ff06f) j       pc - 0x8
core   0: 3 0x8000b3b8 (0xff9ff06f)
core   0: 0x8000b3b0 (0x00002f17) auipc   t5, 0x2
core   0: 3 0x8000b3b0 (0x00002f17) x30 0x8000d3b0
core   0: 0x8000b3b4 (0xc43f2823) sw      gp, -944(t5)
core   0: 3 0x8000b3b4 (0xc43f2823) mem 0x8000d000 0x00000001
core   0: 0x8000b3b8 (0xff9ff06f) j       pc - 0x8
core   0: 3 0x8000b3b8 (0xff9ff06f)
core   0: 0x8000b3b0 (0x00002f17) auipc   t5, 0x2
core   0: 3 0x8000b3b0 (0x00002f17) x30 0x8000d3b0
core   0: 0x8000b3b4 (0xc43f2823) sw      gp, -944(t5)
core   0: 3 0x8000b3b4 (0xc43f2823) mem 0x8000d000 0x00000001
core   0: 0x8000b3b8 (0xff9ff06f) j       pc - 0x8
core   0: 3 0x8000b3b8 (0xff9ff06f)
core   0: 0x8000b3b0 (0x00002f17) auipc   t5, 0x2
core   0: 3 0x8000b3b0 (0x00002f17) x30 0x8000d3b0
core   0: 0x8000b3b4 (0xc43f2823) sw      gp, -944(t5)
core   0: 3 0x8000b3b4 (0xc43f2823) mem 0x8000d000 0x00000001
core   0: 0x8000b3b8 (0xff9ff06f) j       pc - 0x8
core   0: 3 0x8000b3b8 (0xff9ff06f)
core   0: 0x8000b3b0 (0x00002f17) auipc   t5, 0x2
core   0: 3 0x8000b3b0 (0x00002f17) x30 0x8000d3b0
core   0: 0x8000b3b4 (0xc43f2823) sw      gp, -944(t5)
core   0: 3 0x8000b3b4 (0xc43f2823) mem 0x8000d000 0x00000001
core   0: 0x8000b3b8 (0xff9ff06f) j       pc - 0x8
core   0: 3 0x8000b3b8 (0xff9ff06f)
core   0: 0x8000b3b0 (0x00002f17) auipc   t5, 0x2
core   0: 3 0x8000b3b0 (0x00002f17) x30 0x8000d3b0
core   0: 0x8000b3b4 (0xc43f2823) sw      gp, -944(t5)
core   0: 3 0x8000b3b4 (0xc43f2823) mem 0x8000d000 0x00000001
core   0: 0x8000b3b8 (0xff9ff06f) j       pc - 0x8
core   0: 3 0x8000b3b8 (0xff9ff06f)
core   0: 0x8000b3b0 (0x00002f17) auipc   t5, 0x2
core   0: 3 0x8000b3b0 (0x00002f17) x30 0x8000d3b0
core   0: 0x8000b3b4 (0xc43f2823) sw      gp, -944(t5)
core   0: 3 0x8000b3b4 (0xc43f2823) mem 0x8000d000 0x00000001
core   0: 0x8000b3b8 (0xff9ff06f) j       pc - 0x8
core   0: 3 0x8000b3b8 (0xff9ff06f)
core   0: 0x8000b3b0 (0x00002f17) auipc   t5, 0x2
core   0: 3 0x8000b3b0 (0x00002f17) x30 0x8000d3b0
core   0: 0x8000b3b4 (0xc43f2823) sw      gp, -944(t5)
core   0: 3 0x8000b3b4 (0xc43f2823) mem 0x8000d000 0x00000001
core   0: 0x8000b3b8 (0xff9ff06f) j       pc - 0x8
core   0: 3 0x8000b3b8 (0xff9ff06f)
core   0: 0x8000b3b0 (0x00002f17) auipc   t5, 0x2
core   0: 3 0x8000b3b0 (0x00002f17) x30 0x8000d3b0
core   0: 0x8000b3b4 (0xc43f2823) sw      gp, -944(t5)
core   0: 3 0x8000b3b4 (0xc43f2823) mem 0x8000d000 0x00000001
core   0: 0x8000b3b8 (0xff9ff06f) j       pc - 0x8
core   0: 3 0x8000b3b8 (0xff9ff06f)
core   0: 0x8000b3b0 (0x00002f17) auipc   t5, 0x2
core   0: 3 0x8000b3b0 (0x00002f17) x30 0x8000d3b0
core   0: 0x8000b3b4 (0xc43f2823) sw      gp, -944(t5)
core   0: 3 0x8000b3b4 (0xc43f2823) mem 0x8000d000 0x00000001
core   0: 0x8000b3b8 (0xff9ff06f) j       pc - 0x8
core   0: 3 0x8000b3b8 (0xff9ff06f)
core   0: 0x8000b3b0 (0x00002f17) auipc   t5, 0x2
core   0: 3 0x8000b3b0 (0x00002f17) x30 0x8000d3b0
core   0: 0x8000b3b4 (0xc43f2823) sw      gp, -944(t5)
core   0: 3 0x8000b3b4 (0xc43f2823) mem 0x8000d000 0x00000001
core   0: 0x8000b3b8 (0xff9ff06f) j       pc - 0x8
core   0: 3 0x8000b3b8 (0xff9ff06f)
core   0: 0x8000b3b0 (0x00002f17) auipc   t5, 0x2
core   0: 3 0x8000b3b0 (0x00002f17) x30 0x8000d3b0
core   0: 0x8000b3b4 (0xc43f2823) sw      gp, -944(t5)
core   0: 3 0x8000b3b4 (0xc43f2823) mem 0x8000d000 0x00000001
core   0: 0x8000b3b8 (0xff9ff06f) j       pc - 0x8
core   0: 3 0x8000b3b8 (0xff9ff06f)
core   0: 0x8000b3b0 (0x00002f17) auipc   t5, 0x2
core   0: 3 0x8000b3b0 (0x00002f17) x30 0x8000d3b0
core   0: 0x8000b3b4 (0xc43f2823) sw      gp, -944(t5)
core   0: 3 0x8000b3b4 (0xc43f2823) mem 0x8000d000 0x00000001
core   0: 0x8000b3b8 (0xff9ff06f) j       pc - 0x8
core   0: 3 0x8000b3b8 (0xff9ff06f)
core   0: 0x8000b3b0 (0x00002f17) auipc   t5, 0x2
core   0: 3 0x8000b3b0 (0x00002f17) x30 0x8000d3b0
core   0: 0x8000b3b4 (0xc43f2823) sw      gp, -944(t5)
core   0: 3 0x8000b3b4 (0xc43f2823) mem 0x8000d000 0x00000001
core   0: 0x8000b3b8 (0xff9ff06f) j       pc - 0x8
core   0: 3 0x8000b3b8 (0xff9ff06f)
core   0: 0x8000b3b0 (0x00002f17) auipc   t5, 0x2
core   0: 3 0x8000b3b0 (0x00002f17) x30 0x8000d3b0
core   0: 0x8000b3b4 (0xc43f2823) sw      gp, -944(t5)
core   0: 3 0x8000b3b4 (0xc43f2823) mem 0x8000d000 0x00000001
core   0: 0x8000b3b8 (0xff9ff06f) j       pc - 0x8
core   0: 3 0x8000b3b8 (0xff9ff06f)
core   0: 0x8000b3b0 (0x00002f17) auipc   t5, 0x2
core   0: 3 0x8000b3b0 (0x00002f17) x30 0x8000d3b0
core   0: 0x8000b3b4 (0xc43f2823) sw      gp, -944(t5)
core   0: 3 0x8000b3b4 (0xc43f2823) mem 0x8000d000 0x00000001
core   0: 0x8000b3b8 (0xff9ff06f) j       pc - 0x8
core   0: 3 0x8000b3b8 (0xff9ff06f)
core   0: 0x8000b3b0 (0x00002f17) auipc   t5, 0x2
core   0: 3 0x8000b3b0 (0x00002f17) x30 0x8000d3b0
core   0: 0x8000b3b4 (0xc43f2823) sw      gp, -944(t5)
core   0: 3 0x8000b3b4 (0xc43f2823) mem 0x8000d000 0x00000001
core   0: 0x8000b3b8 (0xff9ff06f) j       pc - 0x8
core   0: 3 0x8000b3b8 (0xff9ff06f)
core   0: 0x8000b3b0 (0x00002f17) auipc   t5, 0x2
core   0: 3 0x8000b3b0 (0x00002f17) x30 0x8000d3b0
core   0: 0x8000b3b4 (0xc43f2823) sw      gp, -944(t5)
core   0: 3 0x8000b3b4 (0xc43f2823) mem 0x8000d000 0x00000001
core   0: 0x8000b3b8 (0xff9ff06f) j       pc - 0x8
core   0: 3 0x8000b3b8 (0xff9ff06f)
core   0: 0x8000b3b0 (0x00002f17) auipc   t5, 0x2
core   0: 3 0x8000b3b0 (0x00002f17) x30 0x8000d3b0
core   0: 0x8000b3b4 (0xc43f2823) sw      gp, -944(t5)
core   0: 3 0x8000b3b4 (0xc43f2823) mem 0x8000d000 0x00000001
core   0: 0x8000b3b8 (0xff9ff06f) j       pc - 0x8
core   0: 3 0x8000b3b8 (0xff9ff06f)
core   0: 0x8000b3b0 (0x00002f17) auipc   t5, 0x2
core   0: 3 0x8000b3b0 (0x00002f17) x30 0x8000d3b0
core   0: 0x8000b3b4 (0xc43f2823) sw      gp, -944(t5)
core   0: 3 0x8000b3b4 (0xc43f2823) mem 0x8000d000 0x00000001
core   0: 0x8000b3b8 (0xff9ff06f) j       pc - 0x8
core   0: 3 0x8000b3b8 (0xff9ff06f)
core   0: 0x8000b3b0 (0x00002f17) auipc   t5, 0x2
core   0: 3 0x8000b3b0 (0x00002f17) x30 0x8000d3b0
core   0: 0x8000b3b4 (0xc43f2823) sw      gp, -944(t5)
core   0: 3 0x8000b3b4 (0xc43f2823) mem 0x8000d000 0x00000001
core   0: 0x8000b3b8 (0xff9ff06f) j       pc - 0x8
core   0: 3 0x8000b3b8 (0xff9ff06f)
core   0: 0x8000b3b0 (0x00002f17) auipc   t5, 0x2
core   0: 3 0x8000b3b0 (0x00002f17) x30 0x8000d3b0
core   0: 0x8000b3b4 (0xc43f2823) sw      gp, -944(t5)
core   0: 3 0x8000b3b4 (0xc43f2823) mem 0x8000d000 0x00000001
core   0: 0x8000b3b8 (0xff9ff06f) j       pc - 0x8
core   0: 3 0x8000b3b8 (0xff9ff06f)
core   0: 0x8000b3b0 (0x00002f17) auipc   t5, 0x2
core   0: 3 0x8000b3b0 (0x00002f17) x30 0x8000d3b0
core   0: 0x8000b3b4 (0xc43f2823) sw      gp, -944(t5)
core   0: 3 0x8000b3b4 (0xc43f2823) mem 0x8000d000 0x00000001
core   0: 0x8000b3b8 (0xff9ff06f) j       pc - 0x8
core   0: 3 0x8000b3b8 (0xff9ff06f)
core   0: 0x8000b3b0 (0x00002f17) auipc   t5, 0x2
core   0: 3 0x8000b3b0 (0x00002f17) x30 0x8000d3b0
core   0: 0x8000b3b4 (0xc43f2823) sw      gp, -944(t5)
core   0: 3 0x8000b3b4 (0xc43f2823) mem 0x8000d000 0x00000001
core   0: 0x8000b3b8 (0xff9ff06f) j       pc - 0x8
core   0: 3 0x8000b3b8 (0xff9ff06f)
core   0: 0x8000b3b0 (0x00002f17) auipc   t5, 0x2
core   0: 3 0x8000b3b0 (0x00002f17) x30 0x8000d3b0
core   0: 0x8000b3b4 (0xc43f2823) sw      gp, -944(t5)
core   0: 3 0x8000b3b4 (0xc43f2823) mem 0x8000d000 0x00000001
core   0: 0x8000b3b8 (0xff9ff06f) j       pc - 0x8
core   0: 3 0x8000b3b8 (0xff9ff06f)
core   0: 0x8000b3b0 (0x00002f17) auipc   t5, 0x2
core   0: 3 0x8000b3b0 (0x00002f17) x30 0x8000d3b0
core   0: 0x8000b3b4 (0xc43f2823) sw      gp, -944(t5)
core   0: 3 0x8000b3b4 (0xc43f2823) mem 0x8000d000 0x00000001
core   0: 0x8000b3b8 (0xff9ff06f) j       pc - 0x8
core   0: 3 0x8000b3b8 (0xff9ff06f)
core   0: 0x8000b3b0 (0x00002f17) auipc   t5, 0x2
core   0: 3 0x8000b3b0 (0x00002f17) x30 0x8000d3b0
core   0: 0x8000b3b4 (0xc43f2823) sw      gp, -944(t5)
core   0: 3 0x8000b3b4 (0xc43f2823) mem 0x8000d000 0x00000001
core   0: 0x8000b3b8 (0xff9ff06f) j       pc - 0x8
core   0: 3 0x8000b3b8 (0xff9ff06f)
core   0: 0x8000b3b0 (0x00002f17) auipc   t5, 0x2
core   0: 3 0x8000b3b0 (0x00002f17) x30 0x8000d3b0
core   0: 0x8000b3b4 (0xc43f2823) sw      gp, -944(t5)
core   0: 3 0x8000b3b4 (0xc43f2823) mem 0x8000d000 0x00000001
core   0: 0x8000b3b8 (0xff9ff06f) j       pc - 0x8
core   0: 3 0x8000b3b8 (0xff9ff06f)
core   0: 0x8000b3b0 (0x00002f17) auipc   t5, 0x2
core   0: 3 0x8000b3b0 (0x00002f17) x30 0x8000d3b0
core   0: 0x8000b3b4 (0xc43f2823) sw      gp, -944(t5)
core   0: 3 0x8000b3b4 (0xc43f2823) mem 0x8000d000 0x00000001
core   0: 0x8000b3b8 (0xff9ff06f) j       pc - 0x8
core   0: 3 0x8000b3b8 (0xff9ff06f)
core   0: 0x8000b3b0 (0x00002f17) auipc   t5, 0x2
core   0: 3 0x8000b3b0 (0x00002f17) x30 0x8000d3b0
core   0: 0x8000b3b4 (0xc43f2823) sw      gp, -944(t5)
core   0: 3 0x8000b3b4 (0xc43f2823) mem 0x8000d000 0x00000001
core   0: 0x8000b3b8 (0xff9ff06f) j       pc - 0x8
core   0: 3 0x8000b3b8 (0xff9ff06f)
core   0: 0x8000b3b0 (0x00002f17) auipc   t5, 0x2
core   0: 3 0x8000b3b0 (0x00002f17) x30 0x8000d3b0
core   0: 0x8000b3b4 (0xc43f2823) sw      gp, -944(t5)
core   0: 3 0x8000b3b4 (0xc43f2823) mem 0x8000d000 0x00000001
core   0: 0x8000b3b8 (0xff9ff06f) j       pc - 0x8
core   0: 3 0x8000b3b8 (0xff9ff06f)
core   0: 0x8000b3b0 (0x00002f17) auipc   t5, 0x2
core   0: 3 0x8000b3b0 (0x00002f17) x30 0x8000d3b0
core   0: 0x8000b3b4 (0xc43f2823) sw      gp, -944(t5)
core   0: 3 0x8000b3b4 (0xc43f2823) mem 0x8000d000 0x00000001
core   0: 0x8000b3b8 (0xff9ff06f) j       pc - 0x8
core   0: 3 0x8000b3b8 (0xff9ff06f)
core   0: 0x8000b3b0 (0x00002f17) auipc   t5, 0x2
core   0: 3 0x8000b3b0 (0x00002f17) x30 0x8000d3b0
core   0: 0x8000b3b4 (0xc43f2823) sw      gp, -944(t5)
core   0: 3 0x8000b3b4 (0xc43f2823) mem 0x8000d000 0x00000001
core   0: 0x8000b3b8 (0xff9ff06f) j       pc - 0x8
core   0: 3 0x8000b3b8 (0xff9ff06f)
core   0: 0x8000b3b0 (0x00002f17) auipc   t5, 0x2
core   0: 3 0x8000b3b0 (0x00002f17) x30 0x8000d3b0
core   0: 0x8000b3b4 (0xc43f2823) sw      gp, -944(t5)
core   0: 3 0x8000b3b4 (0xc43f2823) mem 0x8000d000 0x00000001
core   0: 0x8000b3b8 (0xff9ff06f) j       pc - 0x8
core   0: 3 0x8000b3b8 (0xff9ff06f)
core   0: 0x8000b3b0 (0x00002f17) auipc   t5, 0x2
core   0: 3 0x8000b3b0 (0x00002f17) x30 0x8000d3b0
core   0: 0x8000b3b4 (0xc43f2823) sw      gp, -944(t5)
core   0: 3 0x8000b3b4 (0xc43f2823) mem 0x8000d000 0x00000001
core   0: 0x8000b3b8 (0xff9ff06f) j       pc - 0x8
core   0: 3 0x8000b3b8 (0xff9ff06f)
core   0: 0x8000b3b0 (0x00002f17) auipc   t5, 0x2
core   0: 3 0x8000b3b0 (0x00002f17) x30 0x8000d3b0
core   0: 0x8000b3b4 (0xc43f2823) sw      gp, -944(t5)
core   0: 3 0x8000b3b4 (0xc43f2823) mem 0x8000d000 0x00000001
core   0: 0x8000b3b8 (0xff9ff06f) j       pc - 0x8
core   0: 3 0x8000b3b8 (0xff9ff06f)
core   0: 0x8000b3b0 (0x00002f17) auipc   t5, 0x2
core   0: 3 0x8000b3b0 (0x00002f17) x30 0x8000d3b0
core   0: 0x8000b3b4 (0xc43f2823) sw      gp, -944(t5)
core   0: 3 0x8000b3b4 (0xc43f2823) mem 0x8000d000 0x00000001
core   0: 0x8000b3b8 (0xff9ff06f) j       pc - 0x8
core   0: 3 0x8000b3b8 (0xff9ff06f)
core   0: 0x8000b3b0 (0x00002f17) auipc   t5, 0x2
core   0: 3 0x8000b3b0 (0x00002f17) x30 0x8000d3b0
core   0: 0x8000b3b4 (0xc43f2823) sw      gp, -944(t5)
core   0: 3 0x8000b3b4 (0xc43f2823) mem 0x8000d000 0x00000001
core   0: 0x8000b3b8 (0xff9ff06f) j       pc - 0x8
core   0: 3 0x8000b3b8 (0xff9ff06f)
core   0: 0x8000b3b0 (0x00002f17) auipc   t5, 0x2
core   0: 3 0x8000b3b0 (0x00002f17) x30 0x8000d3b0
core   0: 0x8000b3b4 (0xc43f2823) sw      gp, -944(t5)
core   0: 3 0x8000b3b4 (0xc43f2823) mem 0x8000d000 0x00000001
core   0: 0x8000b3b8 (0xff9ff06f) j       pc - 0x8
core   0: 3 0x8000b3b8 (0xff9ff06f)
core   0: 0x8000b3b0 (0x00002f17) auipc   t5, 0x2
core   0: 3 0x8000b3b0 (0x00002f17) x30 0x8000d3b0
core   0: 0x8000b3b4 (0xc43f2823) sw      gp, -944(t5)
core   0: 3 0x8000b3b4 (0xc43f2823) mem 0x8000d000 0x00000001
core   0: 0x8000b3b8 (0xff9ff06f) j       pc - 0x8
core   0: 3 0x8000b3b8 (0xff9ff06f)
core   0: 0x8000b3b0 (0x00002f17) auipc   t5, 0x2
core   0: 3 0x8000b3b0 (0x00002f17) x30 0x8000d3b0
core   0: 0x8000b3b4 (0xc43f2823) sw      gp, -944(t5)
core   0: 3 0x8000b3b4 (0xc43f2823) mem 0x8000d000 0x00000001
core   0: 0x8000b3b8 (0xff9ff06f) j       pc - 0x8
core   0: 3 0x8000b3b8 (0xff9ff06f)
core   0: 0x8000b3b0 (0x00002f17) auipc   t5, 0x2
core   0: 3 0x8000b3b0 (0x00002f17) x30 0x8000d3b0
core   0: 0x8000b3b4 (0xc43f2823) sw      gp, -944(t5)
core   0: 3 0x8000b3b4 (0xc43f2823) mem 0x8000d000 0x00000001
core   0: 0x8000b3b8 (0xff9ff06f) j       pc - 0x8
core   0: 3 0x8000b3b8 (0xff9ff06f)
core   0: 0x8000b3b0 (0x00002f17) auipc   t5, 0x2
core   0: 3 0x8000b3b0 (0x00002f17) x30 0x8000d3b0
core   0: 0x8000b3b4 (0xc43f2823) sw      gp, -944(t5)
core   0: 3 0x8000b3b4 (0xc43f2823) mem 0x8000d000 0x00000001
core   0: 0x8000b3b8 (0xff9ff06f) j       pc - 0x8
core   0: 3 0x8000b3b8 (0xff9ff06f)
core   0: 0x8000b3b0 (0x00002f17) auipc   t5, 0x2
core   0: 3 0x8000b3b0 (0x00002f17) x30 0x8000d3b0
core   0: 0x8000b3b4 (0xc43f2823) sw      gp, -944(t5)
core   0: 3 0x8000b3b4 (0xc43f2823) mem 0x8000d000 0x00000001
core   0: 0x8000b3b8 (0xff9ff06f) j       pc - 0x8
core   0: 3 0x8000b3b8 (0xff9ff06f)
core   0: 0x8000b3b0 (0x00002f17) auipc   t5, 0x2
core   0: 3 0x8000b3b0 (0x00002f17) x30 0x8000d3b0
core   0: 0x8000b3b4 (0xc43f2823) sw      gp, -944(t5)
core   0: 3 0x8000b3b4 (0xc43f2823) mem 0x8000d000 0x00000001
core   0: 0x8000b3b8 (0xff9ff06f) j       pc - 0x8
core   0: 3 0x8000b3b8 (0xff9ff06f)
core   0: 0x8000b3b0 (0x00002f17) auipc   t5, 0x2
core   0: 3 0x8000b3b0 (0x00002f17) x30 0x8000d3b0
core   0: 0x8000b3b4 (0xc43f2823) sw      gp, -944(t5)
core   0: 3 0x8000b3b4 (0xc43f2823) mem 0x8000d000 0x00000001
core   0: 0x8000b3b8 (0xff9ff06f) j       pc - 0x8
core   0: 3 0x8000b3b8 (0xff9ff06f)
core   0: 0x8000b3b0 (0x00002f17) auipc   t5, 0x2
core   0: 3 0x8000b3b0 (0x00002f17) x30 0x8000d3b0
core   0: 0x8000b3b4 (0xc43f2823) sw      gp, -944(t5)
core   0: 3 0x8000b3b4 (0xc43f2823) mem 0x8000d000 0x00000001
core   0: 0x8000b3b8 (0xff9ff06f) j       pc - 0x8
core   0: 3 0x8000b3b8 (0xff9ff06f)
core   0: 0x8000b3b0 (0x00002f17) auipc   t5, 0x2
core   0: 3 0x8000b3b0 (0x00002f17) x30 0x8000d3b0
core   0: 0x8000b3b4 (0xc43f2823) sw      gp, -944(t5)
core   0: 3 0x8000b3b4 (0xc43f2823) mem 0x8000d000 0x00000001
core   0: 0x8000b3b8 (0xff9ff06f) j       pc - 0x8
core   0: 3 0x8000b3b8 (0xff9ff06f)
core   0: 0x8000b3b0 (0x00002f17) auipc   t5, 0x2
core   0: 3 0x8000b3b0 (0x00002f17) x30 0x8000d3b0
core   0: 0x8000b3b4 (0xc43f2823) sw      gp, -944(t5)
core   0: 3 0x8000b3b4 (0xc43f2823) mem 0x8000d000 0x00000001
core   0: 0x8000b3b8 (0xff9ff06f) j       pc - 0x8
core   0: 3 0x8000b3b8 (0xff9ff06f)
core   0: 0x8000b3b0 (0x00002f17) auipc   t5, 0x2
core   0: 3 0x8000b3b0 (0x00002f17) x30 0x8000d3b0
core   0: 0x8000b3b4 (0xc43f2823) sw      gp, -944(t5)
core   0: 3 0x8000b3b4 (0xc43f2823) mem 0x8000d000 0x00000001
core   0: 0x8000b3b8 (0xff9ff06f) j       pc - 0x8
core   0: 3 0x8000b3b8 (0xff9ff06f)
core   0: 0x8000b3b0 (0x00002f17) auipc   t5, 0x2
core   0: 3 0x8000b3b0 (0x00002f17) x30 0x8000d3b0
core   0: 0x8000b3b4 (0xc43f2823) sw      gp, -944(t5)
core   0: 3 0x8000b3b4 (0xc43f2823) mem 0x8000d000 0x00000001
core   0: 0x8000b3b8 (0xff9ff06f) j       pc - 0x8
core   0: 3 0x8000b3b8 (0xff9ff06f)
core   0: 0x8000b3b0 (0x00002f17) auipc   t5, 0x2
core   0: 3 0x8000b3b0 (0x00002f17) x30 0x8000d3b0
core   0: 0x8000b3b4 (0xc43f2823) sw      gp, -944(t5)
core   0: 3 0x8000b3b4 (0xc43f2823) mem 0x8000d000 0x00000001
core   0: 0x8000b3b8 (0xff9ff06f) j       pc - 0x8
core   0: 3 0x8000b3b8 (0xff9ff06f)
core   0: 0x8000b3b0 (0x00002f17) auipc   t5, 0x2
core   0: 3 0x8000b3b0 (0x00002f17) x30 0x8000d3b0
core   0: 0x8000b3b4 (0xc43f2823) sw      gp, -944(t5)
core   0: 3 0x8000b3b4 (0xc43f2823) mem 0x8000d000 0x00000001
core   0: 0x8000b3b8 (0xff9ff06f) j       pc - 0x8
core   0: 3 0x8000b3b8 (0xff9ff06f)
core   0: 0x8000b3b0 (0x00002f17) auipc   t5, 0x2
core   0: 3 0x8000b3b0 (0x00002f17) x30 0x8000d3b0
core   0: 0x8000b3b4 (0xc43f2823) sw      gp, -944(t5)
core   0: 3 0x8000b3b4 (0xc43f2823) mem 0x8000d000 0x00000001
core   0: 0x8000b3b8 (0xff9ff06f) j       pc - 0x8
core   0: 3 0x8000b3b8 (0xff9ff06f)
core   0: 0x8000b3b0 (0x00002f17) auipc   t5, 0x2
core   0: 3 0x8000b3b0 (0x00002f17) x30 0x8000d3b0
core   0: 0x8000b3b4 (0xc43f2823) sw      gp, -944(t5)
core   0: 3 0x8000b3b4 (0xc43f2823) mem 0x8000d000 0x00000001
core   0: 0x8000b3b8 (0xff9ff06f) j       pc - 0x8
core   0: 3 0x8000b3b8 (0xff9ff06f)
core   0: 0x8000b3b0 (0x00002f17) auipc   t5, 0x2
core   0: 3 0x8000b3b0 (0x00002f17) x30 0x8000d3b0
core   0: 0x8000b3b4 (0xc43f2823) sw      gp, -944(t5)
core   0: 3 0x8000b3b4 (0xc43f2823) mem 0x8000d000 0x00000001
core   0: 0x8000b3b8 (0xff9ff06f) j       pc - 0x8
core   0: 3 0x8000b3b8 (0xff9ff06f)
core   0: 0x8000b3b0 (0x00002f17) auipc   t5, 0x2
core   0: 3 0x8000b3b0 (0x00002f17) x30 0x8000d3b0
core   0: 0x8000b3b4 (0xc43f2823) sw      gp, -944(t5)
core   0: 3 0x8000b3b4 (0xc43f2823) mem 0x8000d000 0x00000001
core   0: 0x8000b3b8 (0xff9ff06f) j       pc - 0x8
core   0: 3 0x8000b3b8 (0xff9ff06f)
core   0: 0x8000b3b0 (0x00002f17) auipc   t5, 0x2
core   0: 3 0x8000b3b0 (0x00002f17) x30 0x8000d3b0
core   0: 0x8000b3b4 (0xc43f2823) sw      gp, -944(t5)
core   0: 3 0x8000b3b4 (0xc43f2823) mem 0x8000d000 0x00000001
core   0: 0x8000b3b8 (0xff9ff06f) j       pc - 0x8
core   0: 3 0x8000b3b8 (0xff9ff06f)
core   0: 0x8000b3b0 (0x00002f17) auipc   t5, 0x2
core   0: 3 0x8000b3b0 (0x00002f17) x30 0x8000d3b0
core   0: 0x8000b3b4 (0xc43f2823) sw      gp, -944(t5)
core   0: 3 0x8000b3b4 (0xc43f2823) mem 0x8000d000 0x00000001
core   0: 0x8000b3b8 (0xff9ff06f) j       pc - 0x8
core   0: 3 0x8000b3b8 (0xff9ff06f)
core   0: 0x8000b3b0 (0x00002f17) auipc   t5, 0x2
core   0: 3 0x8000b3b0 (0x00002f17) x30 0x8000d3b0
core   0: 0x8000b3b4 (0xc43f2823) sw      gp, -944(t5)
core   0: 3 0x8000b3b4 (0xc43f2823) mem 0x8000d000 0x00000001
core   0: 0x8000b3b8 (0xff9ff06f) j       pc - 0x8
core   0: 3 0x8000b3b8 (0xff9ff06f)
core   0: 0x8000b3b0 (0x00002f17) auipc   t5, 0x2
core   0: 3 0x8000b3b0 (0x00002f17) x30 0x8000d3b0
core   0: 0x8000b3b4 (0xc43f2823) sw      gp, -944(t5)
core   0: 3 0x8000b3b4 (0xc43f2823) mem 0x8000d000 0x00000001
core   0: 0x8000b3b8 (0xff9ff06f) j       pc - 0x8
core   0: 3 0x8000b3b8 (0xff9ff06f)
core   0: 0x8000b3b0 (0x00002f17) auipc   t5, 0x2
core   0: 3 0x8000b3b0 (0x00002f17) x30 0x8000d3b0
core   0: 0x8000b3b4 (0xc43f2823) sw      gp, -944(t5)
core   0: 3 0x8000b3b4 (0xc43f2823) mem 0x8000d000 0x00000001
core   0: 0x8000b3b8 (0xff9ff06f) j       pc - 0x8
core   0: 3 0x8000b3b8 (0xff9ff06f)
core   0: 0x8000b3b0 (0x00002f17) auipc   t5, 0x2
core   0: 3 0x8000b3b0 (0x00002f17) x30 0x8000d3b0
core   0: 0x8000b3b4 (0xc43f2823) sw      gp, -944(t5)
core   0: 3 0x8000b3b4 (0xc43f2823) mem 0x8000d000 0x00000001
core   0: 0x8000b3b8 (0xff9ff06f) j       pc - 0x8
core   0: 3 0x8000b3b8 (0xff9ff06f)
core   0: 0x8000b3b0 (0x00002f17) auipc   t5, 0x2
core   0: 3 0x8000b3b0 (0x00002f17) x30 0x8000d3b0
core   0: 0x8000b3b4 (0xc43f2823) sw      gp, -944(t5)
core   0: 3 0x8000b3b4 (0xc43f2823) mem 0x8000d000 0x00000001
core   0: 0x8000b3b8 (0xff9ff06f) j       pc - 0x8
core   0: 3 0x8000b3b8 (0xff9ff06f)
core   0: 0x8000b3b0 (0x00002f17) auipc   t5, 0x2
core   0: 3 0x8000b3b0 (0x00002f17) x30 0x8000d3b0
core   0: 0x8000b3b4 (0xc43f2823) sw      gp, -944(t5)
core   0: 3 0x8000b3b4 (0xc43f2823) mem 0x8000d000 0x00000001
core   0: 0x8000b3b8 (0xff9ff06f) j       pc - 0x8
core   0: 3 0x8000b3b8 (0xff9ff06f)
core   0: 0x8000b3b0 (0x00002f17) auipc   t5, 0x2
core   0: 3 0x8000b3b0 (0x00002f17) x30 0x8000d3b0
core   0: 0x8000b3b4 (0xc43f2823) sw      gp, -944(t5)
core   0: 3 0x8000b3b4 (0xc43f2823) mem 0x8000d000 0x00000001
core   0: 0x8000b3b8 (0xff9ff06f) j       pc - 0x8
core   0: 3 0x8000b3b8 (0xff9ff06f)
core   0: 0x8000b3b0 (0x00002f17) auipc   t5, 0x2
core   0: 3 0x8000b3b0 (0x00002f17) x30 0x8000d3b0
core   0: 0x8000b3b4 (0xc43f2823) sw      gp, -944(t5)
core   0: 3 0x8000b3b4 (0xc43f2823) mem 0x8000d000 0x00000001
core   0: 0x8000b3b8 (0xff9ff06f) j       pc - 0x8
core   0: 3 0x8000b3b8 (0xff9ff06f)
core   0: 0x8000b3b0 (0x00002f17) auipc   t5, 0x2
core   0: 3 0x8000b3b0 (0x00002f17) x30 0x8000d3b0
core   0: 0x8000b3b4 (0xc43f2823) sw      gp, -944(t5)
core   0: 3 0x8000b3b4 (0xc43f2823) mem 0x8000d000 0x00000001
core   0: 0x8000b3b8 (0xff9ff06f) j       pc - 0x8
core   0: 3 0x8000b3b8 (0xff9ff06f)
core   0: 0x8000b3b0 (0x00002f17) auipc   t5, 0x2
core   0: 3 0x8000b3b0 (0x00002f17) x30 0x8000d3b0
core   0: 0x8000b3b4 (0xc43f2823) sw      gp, -944(t5)
core   0: 3 0x8000b3b4 (0xc43f2823) mem 0x8000d000 0x00000001
core   0: 0x8000b3b8 (0xff9ff06f) j       pc - 0x8
core   0: 3 0x8000b3b8 (0xff9ff06f)
core   0: 0x8000b3b0 (0x00002f17) auipc   t5, 0x2
core   0: 3 0x8000b3b0 (0x00002f17) x30 0x8000d3b0
core   0: 0x8000b3b4 (0xc43f2823) sw      gp, -944(t5)
core   0: 3 0x8000b3b4 (0xc43f2823) mem 0x8000d000 0x00000001
core   0: 0x8000b3b8 (0xff9ff06f) j       pc - 0x8
core   0: 3 0x8000b3b8 (0xff9ff06f)
core   0: 0x8000b3b0 (0x00002f17) auipc   t5, 0x2
core   0: 3 0x8000b3b0 (0x00002f17) x30 0x8000d3b0
core   0: 0x8000b3b4 (0xc43f2823) sw      gp, -944(t5)
core   0: 3 0x8000b3b4 (0xc43f2823) mem 0x8000d000 0x00000001
core   0: 0x8000b3b8 (0xff9ff06f) j       pc - 0x8
core   0: 3 0x8000b3b8 (0xff9ff06f)
core   0: 0x8000b3b0 (0x00002f17) auipc   t5, 0x2
core   0: 3 0x8000b3b0 (0x00002f17) x30 0x8000d3b0
core   0: 0x8000b3b4 (0xc43f2823) sw      gp, -944(t5)
core   0: 3 0x8000b3b4 (0xc43f2823) mem 0x8000d000 0x00000001
core   0: 0x8000b3b8 (0xff9ff06f) j       pc - 0x8
core   0: 3 0x8000b3b8 (0xff9ff06f)
core   0: 0x8000b3b0 (0x00002f17) auipc   t5, 0x2
core   0: 3 0x8000b3b0 (0x00002f17) x30 0x8000d3b0
core   0: 0x8000b3b4 (0xc43f2823) sw      gp, -944(t5)
core   0: 3 0x8000b3b4 (0xc43f2823) mem 0x8000d000 0x00000001
core   0: 0x8000b3b8 (0xff9ff06f) j       pc - 0x8
core   0: 3 0x8000b3b8 (0xff9ff06f)
core   0: 0x8000b3b0 (0x00002f17) auipc   t5, 0x2
core   0: 3 0x8000b3b0 (0x00002f17) x30 0x8000d3b0
core   0: 0x8000b3b4 (0xc43f2823) sw      gp, -944(t5)
core   0: 3 0x8000b3b4 (0xc43f2823) mem 0x8000d000 0x00000001
core   0: 0x8000b3b8 (0xff9ff06f) j       pc - 0x8
core   0: 3 0x8000b3b8 (0xff9ff06f)
core   0: 0x8000b3b0 (0x00002f17) auipc   t5, 0x2
core   0: 3 0x8000b3b0 (0x00002f17) x30 0x8000d3b0
core   0: 0x8000b3b4 (0xc43f2823) sw      gp, -944(t5)
core   0: 3 0x8000b3b4 (0xc43f2823) mem 0x8000d000 0x00000001
core   0: 0x8000b3b8 (0xff9ff06f) j       pc - 0x8
core   0: 3 0x8000b3b8 (0xff9ff06f)
core   0: 0x8000b3b0 (0x00002f17) auipc   t5, 0x2
core   0: 3 0x8000b3b0 (0x00002f17) x30 0x8000d3b0
core   0: 0x8000b3b4 (0xc43f2823) sw      gp, -944(t5)
core   0: 3 0x8000b3b4 (0xc43f2823) mem 0x8000d000 0x00000001
core   0: 0x8000b3b8 (0xff9ff06f) j       pc - 0x8
core   0: 3 0x8000b3b8 (0xff9ff06f)
core   0: 0x8000b3b0 (0x00002f17) auipc   t5, 0x2
core   0: 3 0x8000b3b0 (0x00002f17) x30 0x8000d3b0
core   0: 0x8000b3b4 (0xc43f2823) sw      gp, -944(t5)
core   0: 3 0x8000b3b4 (0xc43f2823) mem 0x8000d000 0x00000001
core   0: 0x8000b3b8 (0xff9ff06f) j       pc - 0x8
core   0: 3 0x8000b3b8 (0xff9ff06f)
core   0: 0x8000b3b0 (0x00002f17) auipc   t5, 0x2
core   0: 3 0x8000b3b0 (0x00002f17) x30 0x8000d3b0
core   0: 0x8000b3b4 (0xc43f2823) sw      gp, -944(t5)
core   0: 3 0x8000b3b4 (0xc43f2823) mem 0x8000d000 0x00000001
core   0: 0x8000b3b8 (0xff9ff06f) j       pc - 0x8
core   0: 3 0x8000b3b8 (0xff9ff06f)
core   0: 0x8000b3b0 (0x00002f17) auipc   t5, 0x2
core   0: 3 0x8000b3b0 (0x00002f17) x30 0x8000d3b0
core   0: 0x8000b3b4 (0xc43f2823) sw      gp, -944(t5)
core   0: 3 0x8000b3b4 (0xc43f2823) mem 0x8000d000 0x00000001
core   0: 0x8000b3b8 (0xff9ff06f) j       pc - 0x8
core   0: 3 0x8000b3b8 (0xff9ff06f)
core   0: 0x8000b3b0 (0x00002f17) auipc   t5, 0x2
core   0: 3 0x8000b3b0 (0x00002f17) x30 0x8000d3b0
core   0: 0x8000b3b4 (0xc43f2823) sw      gp, -944(t5)
core   0: 3 0x8000b3b4 (0xc43f2823) mem 0x8000d000 0x00000001
core   0: 0x8000b3b8 (0xff9ff06f) j       pc - 0x8
core   0: 3 0x8000b3b8 (0xff9ff06f)
core   0: 0x8000b3b0 (0x00002f17) auipc   t5, 0x2
core   0: 3 0x8000b3b0 (0x00002f17) x30 0x8000d3b0
core   0: 0x8000b3b4 (0xc43f2823) sw      gp, -944(t5)
core   0: 3 0x8000b3b4 (0xc43f2823) mem 0x8000d000 0x00000001
core   0: 0x8000b3b8 (0xff9ff06f) j       pc - 0x8
core   0: 3 0x8000b3b8 (0xff9ff06f)
core   0: 0x8000b3b0 (0x00002f17) auipc   t5, 0x2
core   0: 3 0x8000b3b0 (0x00002f17) x30 0x8000d3b0
core   0: 0x8000b3b4 (0xc43f2823) sw      gp, -944(t5)
core   0: 3 0x8000b3b4 (0xc43f2823) mem 0x8000d000 0x00000001
core   0: 0x8000b3b8 (0xff9ff06f) j       pc - 0x8
core   0: 3 0x8000b3b8 (0xff9ff06f)
core   0: 0x8000b3b0 (0x00002f17) auipc   t5, 0x2
core   0: 3 0x8000b3b0 (0x00002f17) x30 0x8000d3b0
core   0: 0x8000b3b4 (0xc43f2823) sw      gp, -944(t5)
core   0: 3 0x8000b3b4 (0xc43f2823) mem 0x8000d000 0x00000001
core   0: 0x8000b3b8 (0xff9ff06f) j       pc - 0x8
core   0: 3 0x8000b3b8 (0xff9ff06f)
core   0: 0x8000b3b0 (0x00002f17) auipc   t5, 0x2
core   0: 3 0x8000b3b0 (0x00002f17) x30 0x8000d3b0
core   0: 0x8000b3b4 (0xc43f2823) sw      gp, -944(t5)
core   0: 3 0x8000b3b4 (0xc43f2823) mem 0x8000d000 0x00000001
core   0: 0x8000b3b8 (0xff9ff06f) j       pc - 0x8
core   0: 3 0x8000b3b8 (0xff9ff06f)
core   0: 0x8000b3b0 (0x00002f17) auipc   t5, 0x2
core   0: 3 0x8000b3b0 (0x00002f17) x30 0x8000d3b0
core   0: 0x8000b3b4 (0xc43f2823) sw      gp, -944(t5)
core   0: 3 0x8000b3b4 (0xc43f2823) mem 0x8000d000 0x00000001
core   0: 0x8000b3b8 (0xff9ff06f) j       pc - 0x8
core   0: 3 0x8000b3b8 (0xff9ff06f)
core   0: 0x8000b3b0 (0x00002f17) auipc   t5, 0x2
core   0: 3 0x8000b3b0 (0x00002f17) x30 0x8000d3b0
core   0: 0x8000b3b4 (0xc43f2823) sw      gp, -944(t5)
core   0: 3 0x8000b3b4 (0xc43f2823) mem 0x8000d000 0x00000001
core   0: 0x8000b3b8 (0xff9ff06f) j       pc - 0x8
core   0: 3 0x8000b3b8 (0xff9ff06f)
core   0: 0x8000b3b0 (0x00002f17) auipc   t5, 0x2
core   0: 3 0x8000b3b0 (0x00002f17) x30 0x8000d3b0
core   0: 0x8000b3b4 (0xc43f2823) sw      gp, -944(t5)
core   0: 3 0x8000b3b4 (0xc43f2823) mem 0x8000d000 0x00000001
core   0: 0x8000b3b8 (0xff9ff06f) j       pc - 0x8
core   0: 3 0x8000b3b8 (0xff9ff06f)
core   0: 0x8000b3b0 (0x00002f17) auipc   t5, 0x2
core   0: 3 0x8000b3b0 (0x00002f17) x30 0x8000d3b0
core   0: 0x8000b3b4 (0xc43f2823) sw      gp, -944(t5)
core   0: 3 0x8000b3b4 (0xc43f2823) mem 0x8000d000 0x00000001
core   0: 0x8000b3b8 (0xff9ff06f) j       pc - 0x8
core   0: 3 0x8000b3b8 (0xff9ff06f)
core   0: 0x8000b3b0 (0x00002f17) auipc   t5, 0x2
core   0: 3 0x8000b3b0 (0x00002f17) x30 0x8000d3b0
core   0: 0x8000b3b4 (0xc43f2823) sw      gp, -944(t5)
core   0: 3 0x8000b3b4 (0xc43f2823) mem 0x8000d000 0x00000001
core   0: 0x8000b3b8 (0xff9ff06f) j       pc - 0x8
core   0: 3 0x8000b3b8 (0xff9ff06f)
core   0: 0x8000b3b0 (0x00002f17) auipc   t5, 0x2
core   0: 3 0x8000b3b0 (0x00002f17) x30 0x8000d3b0
core   0: 0x8000b3b4 (0xc43f2823) sw      gp, -944(t5)
core   0: 3 0x8000b3b4 (0xc43f2823) mem 0x8000d000 0x00000001
core   0: 0x8000b3b8 (0xff9ff06f) j       pc - 0x8
core   0: 3 0x8000b3b8 (0xff9ff06f)
core   0: 0x8000b3b0 (0x00002f17) auipc   t5, 0x2
core   0: 3 0x8000b3b0 (0x00002f17) x30 0x8000d3b0
core   0: 0x8000b3b4 (0xc43f2823) sw      gp, -944(t5)
core   0: 3 0x8000b3b4 (0xc43f2823) mem 0x8000d000 0x00000001
core   0: 0x8000b3b8 (0xff9ff06f) j       pc - 0x8
core   0: 3 0x8000b3b8 (0xff9ff06f)
core   0: 0x8000b3b0 (0x00002f17) auipc   t5, 0x2
core   0: 3 0x8000b3b0 (0x00002f17) x30 0x8000d3b0
core   0: 0x8000b3b4 (0xc43f2823) sw      gp, -944(t5)
core   0: 3 0x8000b3b4 (0xc43f2823) mem 0x8000d000 0x00000001
core   0: 0x8000b3b8 (0xff9ff06f) j       pc - 0x8
core   0: 3 0x8000b3b8 (0xff9ff06f)
core   0: 0x8000b3b0 (0x00002f17) auipc   t5, 0x2
core   0: 3 0x8000b3b0 (0x00002f17) x30 0x8000d3b0
core   0: 0x8000b3b4 (0xc43f2823) sw      gp, -944(t5)
core   0: 3 0x8000b3b4 (0xc43f2823) mem 0x8000d000 0x00000001
core   0: 0x8000b3b8 (0xff9ff06f) j       pc - 0x8
core   0: 3 0x8000b3b8 (0xff9ff06f)
core   0: 0x8000b3b0 (0x00002f17) auipc   t5, 0x2
core   0: 3 0x8000b3b0 (0x00002f17) x30 0x8000d3b0
core   0: 0x8000b3b4 (0xc43f2823) sw      gp, -944(t5)
core   0: 3 0x8000b3b4 (0xc43f2823) mem 0x8000d000 0x00000001
core   0: 0x8000b3b8 (0xff9ff06f) j       pc - 0x8
core   0: 3 0x8000b3b8 (0xff9ff06f)
core   0: 0x8000b3b0 (0x00002f17) auipc   t5, 0x2
core   0: 3 0x8000b3b0 (0x00002f17) x30 0x8000d3b0
core   0: 0x8000b3b4 (0xc43f2823) sw      gp, -944(t5)
core   0: 3 0x8000b3b4 (0xc43f2823) mem 0x8000d000 0x00000001
core   0: 0x8000b3b8 (0xff9ff06f) j       pc - 0x8
core   0: 3 0x8000b3b8 (0xff9ff06f)
core   0: 0x8000b3b0 (0x00002f17) auipc   t5, 0x2
core   0: 3 0x8000b3b0 (0x00002f17) x30 0x8000d3b0
core   0: 0x8000b3b4 (0xc43f2823) sw      gp, -944(t5)
core   0: 3 0x8000b3b4 (0xc43f2823) mem 0x8000d000 0x00000001
core   0: 0x8000b3b8 (0xff9ff06f) j       pc - 0x8
core   0: 3 0x8000b3b8 (0xff9ff06f)
core   0: 0x8000b3b0 (0x00002f17) auipc   t5, 0x2
core   0: 3 0x8000b3b0 (0x00002f17) x30 0x8000d3b0
core   0: 0x8000b3b4 (0xc43f2823) sw      gp, -944(t5)
core   0: 3 0x8000b3b4 (0xc43f2823) mem 0x8000d000 0x00000001
core   0: 0x8000b3b8 (0xff9ff06f) j       pc - 0x8
core   0: 3 0x8000b3b8 (0xff9ff06f)
core   0: 0x8000b3b0 (0x00002f17) auipc   t5, 0x2
core   0: 3 0x8000b3b0 (0x00002f17) x30 0x8000d3b0
core   0: 0x8000b3b4 (0xc43f2823) sw      gp, -944(t5)
core   0: 3 0x8000b3b4 (0xc43f2823) mem 0x8000d000 0x00000001
core   0: 0x8000b3b8 (0xff9ff06f) j       pc - 0x8
core   0: 3 0x8000b3b8 (0xff9ff06f)
core   0: 0x8000b3b0 (0x00002f17) auipc   t5, 0x2
core   0: 3 0x8000b3b0 (0x00002f17) x30 0x8000d3b0
core   0: 0x8000b3b4 (0xc43f2823) sw      gp, -944(t5)
core   0: 3 0x8000b3b4 (0xc43f2823) mem 0x8000d000 0x00000001
core   0: 0x8000b3b8 (0xff9ff06f) j       pc - 0x8
core   0: 3 0x8000b3b8 (0xff9ff06f)
core   0: 0x8000b3b0 (0x00002f17) auipc   t5, 0x2
core   0: 3 0x8000b3b0 (0x00002f17) x30 0x8000d3b0
core   0: 0x8000b3b4 (0xc43f2823) sw      gp, -944(t5)
core   0: 3 0x8000b3b4 (0xc43f2823) mem 0x8000d000 0x00000001
core   0: 0x8000b3b8 (0xff9ff06f) j       pc - 0x8
core   0: 3 0x8000b3b8 (0xff9ff06f)
core   0: 0x8000b3b0 (0x00002f17) auipc   t5, 0x2
core   0: 3 0x8000b3b0 (0x00002f17) x30 0x8000d3b0
core   0: 0x8000b3b4 (0xc43f2823) sw      gp, -944(t5)
core   0: 3 0x8000b3b4 (0xc43f2823) mem 0x8000d000 0x00000001
core   0: 0x8000b3b8 (0xff9ff06f) j       pc - 0x8
core   0: 3 0x8000b3b8 (0xff9ff06f)
core   0: 0x8000b3b0 (0x00002f17) auipc   t5, 0x2
core   0: 3 0x8000b3b0 (0x00002f17) x30 0x8000d3b0
core   0: 0x8000b3b4 (0xc43f2823) sw      gp, -944(t5)
core   0: 3 0x8000b3b4 (0xc43f2823) mem 0x8000d000 0x00000001
core   0: 0x8000b3b8 (0xff9ff06f) j       pc - 0x8
core   0: 3 0x8000b3b8 (0xff9ff06f)
core   0: 0x8000b3b0 (0x00002f17) auipc   t5, 0x2
core   0: 3 0x8000b3b0 (0x00002f17) x30 0x8000d3b0
core   0: 0x8000b3b4 (0xc43f2823) sw      gp, -944(t5)
core   0: 3 0x8000b3b4 (0xc43f2823) mem 0x8000d000 0x00000001
core   0: 0x8000b3b8 (0xff9ff06f) j       pc - 0x8
core   0: 3 0x8000b3b8 (0xff9ff06f)
core   0: 0x8000b3b0 (0x00002f17) auipc   t5, 0x2
core   0: 3 0x8000b3b0 (0x00002f17) x30 0x8000d3b0
core   0: 0x8000b3b4 (0xc43f2823) sw      gp, -944(t5)
core   0: 3 0x8000b3b4 (0xc43f2823) mem 0x8000d000 0x00000001
core   0: 0x8000b3b8 (0xff9ff06f) j       pc - 0x8
core   0: 3 0x8000b3b8 (0xff9ff06f)
core   0: 0x8000b3b0 (0x00002f17) auipc   t5, 0x2
core   0: 3 0x8000b3b0 (0x00002f17) x30 0x8000d3b0
core   0: 0x8000b3b4 (0xc43f2823) sw      gp, -944(t5)
core   0: 3 0x8000b3b4 (0xc43f2823) mem 0x8000d000 0x00000001
core   0: 0x8000b3b8 (0xff9ff06f) j       pc - 0x8
core   0: 3 0x8000b3b8 (0xff9ff06f)
core   0: 0x8000b3b0 (0x00002f17) auipc   t5, 0x2
core   0: 3 0x8000b3b0 (0x00002f17) x30 0x8000d3b0
core   0: 0x8000b3b4 (0xc43f2823) sw      gp, -944(t5)
core   0: 3 0x8000b3b4 (0xc43f2823) mem 0x8000d000 0x00000001
core   0: 0x8000b3b8 (0xff9ff06f) j       pc - 0x8
core   0: 3 0x8000b3b8 (0xff9ff06f)
core   0: 0x8000b3b0 (0x00002f17) auipc   t5, 0x2
core   0: 3 0x8000b3b0 (0x00002f17) x30 0x8000d3b0
core   0: 0x8000b3b4 (0xc43f2823) sw      gp, -944(t5)
core   0: 3 0x8000b3b4 (0xc43f2823) mem 0x8000d000 0x00000001
core   0: 0x8000b3b8 (0xff9ff06f) j       pc - 0x8
core   0: 3 0x8000b3b8 (0xff9ff06f)
core   0: 0x8000b3b0 (0x00002f17) auipc   t5, 0x2
core   0: 3 0x8000b3b0 (0x00002f17) x30 0x8000d3b0
core   0: 0x8000b3b4 (0xc43f2823) sw      gp, -944(t5)
core   0: 3 0x8000b3b4 (0xc43f2823) mem 0x8000d000 0x00000001
core   0: 0x8000b3b8 (0xff9ff06f) j       pc - 0x8
core   0: 3 0x8000b3b8 (0xff9ff06f)
core   0: 0x8000b3b0 (0x00002f17) auipc   t5, 0x2
core   0: 3 0x8000b3b0 (0x00002f17) x30 0x8000d3b0
core   0: 0x8000b3b4 (0xc43f2823) sw      gp, -944(t5)
core   0: 3 0x8000b3b4 (0xc43f2823) mem 0x8000d000 0x00000001
core   0: 0x8000b3b8 (0xff9ff06f) j       pc - 0x8
core   0: 3 0x8000b3b8 (0xff9ff06f)
core   0: 0x8000b3b0 (0x00002f17) auipc   t5, 0x2
core   0: 3 0x8000b3b0 (0x00002f17) x30 0x8000d3b0
core   0: 0x8000b3b4 (0xc43f2823) sw      gp, -944(t5)
core   0: 3 0x8000b3b4 (0xc43f2823) mem 0x8000d000 0x00000001
core   0: 0x8000b3b8 (0xff9ff06f) j       pc - 0x8
core   0: 3 0x8000b3b8 (0xff9ff06f)
core   0: 0x8000b3b0 (0x00002f17) auipc   t5, 0x2
core   0: 3 0x8000b3b0 (0x00002f17) x30 0x8000d3b0
core   0: 0x8000b3b4 (0xc43f2823) sw      gp, -944(t5)
core   0: 3 0x8000b3b4 (0xc43f2823) mem 0x8000d000 0x00000001
core   0: 0x8000b3b8 (0xff9ff06f) j       pc - 0x8
core   0: 3 0x8000b3b8 (0xff9ff06f)
core   0: 0x8000b3b0 (0x00002f17) auipc   t5, 0x2
core   0: 3 0x8000b3b0 (0x00002f17) x30 0x8000d3b0
core   0: 0x8000b3b4 (0xc43f2823) sw      gp, -944(t5)
core   0: 3 0x8000b3b4 (0xc43f2823) mem 0x8000d000 0x00000001
core   0: 0x8000b3b8 (0xff9ff06f) j       pc - 0x8
core   0: 3 0x8000b3b8 (0xff9ff06f)
core   0: 0x8000b3b0 (0x00002f17) auipc   t5, 0x2
core   0: 3 0x8000b3b0 (0x00002f17) x30 0x8000d3b0
core   0: 0x8000b3b4 (0xc43f2823) sw      gp, -944(t5)
core   0: 3 0x8000b3b4 (0xc43f2823) mem 0x8000d000 0x00000001
core   0: 0x8000b3b8 (0xff9ff06f) j       pc - 0x8
core   0: 3 0x8000b3b8 (0xff9ff06f)
core   0: 0x8000b3b0 (0x00002f17) auipc   t5, 0x2
core   0: 3 0x8000b3b0 (0x00002f17) x30 0x8000d3b0
core   0: 0x8000b3b4 (0xc43f2823) sw      gp, -944(t5)
core   0: 3 0x8000b3b4 (0xc43f2823) mem 0x8000d000 0x00000001
core   0: 0x8000b3b8 (0xff9ff06f) j       pc - 0x8
core   0: 3 0x8000b3b8 (0xff9ff06f)
core   0: 0x8000b3b0 (0x00002f17) auipc   t5, 0x2
core   0: 3 0x8000b3b0 (0x00002f17) x30 0x8000d3b0
core   0: 0x8000b3b4 (0xc43f2823) sw      gp, -944(t5)
core   0: 3 0x8000b3b4 (0xc43f2823) mem 0x8000d000 0x00000001
core   0: 0x8000b3b8 (0xff9ff06f) j       pc - 0x8
core   0: 3 0x8000b3b8 (0xff9ff06f)
core   0: 0x8000b3b0 (0x00002f17) auipc   t5, 0x2
core   0: 3 0x8000b3b0 (0x00002f17) x30 0x8000d3b0
core   0: 0x8000b3b4 (0xc43f2823) sw      gp, -944(t5)
core   0: 3 0x8000b3b4 (0xc43f2823) mem 0x8000d000 0x00000001
core   0: 0x8000b3b8 (0xff9ff06f) j       pc - 0x8
core   0: 3 0x8000b3b8 (0xff9ff06f)
core   0: 0x8000b3b0 (0x00002f17) auipc   t5, 0x2
core   0: 3 0x8000b3b0 (0x00002f17) x30 0x8000d3b0
core   0: 0x8000b3b4 (0xc43f2823) sw      gp, -944(t5)
core   0: 3 0x8000b3b4 (0xc43f2823) mem 0x8000d000 0x00000001
core   0: 0x8000b3b8 (0xff9ff06f) j       pc - 0x8
core   0: 3 0x8000b3b8 (0xff9ff06f)
core   0: 0x8000b3b0 (0x00002f17) auipc   t5, 0x2
core   0: 3 0x8000b3b0 (0x00002f17) x30 0x8000d3b0
core   0: 0x8000b3b4 (0xc43f2823) sw      gp, -944(t5)
core   0: 3 0x8000b3b4 (0xc43f2823) mem 0x8000d000 0x00000001
core   0: 0x8000b3b8 (0xff9ff06f) j       pc - 0x8
core   0: 3 0x8000b3b8 (0xff9ff06f)
core   0: 0x8000b3b0 (0x00002f17) auipc   t5, 0x2
core   0: 3 0x8000b3b0 (0x00002f17) x30 0x8000d3b0
core   0: 0x8000b3b4 (0xc43f2823) sw      gp, -944(t5)
core   0: 3 0x8000b3b4 (0xc43f2823) mem 0x8000d000 0x00000001
core   0: 0x8000b3b8 (0xff9ff06f) j       pc - 0x8
core   0: 3 0x8000b3b8 (0xff9ff06f)
core   0: 0x8000b3b0 (0x00002f17) auipc   t5, 0x2
core   0: 3 0x8000b3b0 (0x00002f17) x30 0x8000d3b0
core   0: 0x8000b3b4 (0xc43f2823) sw      gp, -944(t5)
core   0: 3 0x8000b3b4 (0xc43f2823) mem 0x8000d000 0x00000001
core   0: 0x8000b3b8 (0xff9ff06f) j       pc - 0x8
core   0: 3 0x8000b3b8 (0xff9ff06f)
core   0: 0x8000b3b0 (0x00002f17) auipc   t5, 0x2
core   0: 3 0x8000b3b0 (0x00002f17) x30 0x8000d3b0
core   0: 0x8000b3b4 (0xc43f2823) sw      gp, -944(t5)
core   0: 3 0x8000b3b4 (0xc43f2823) mem 0x8000d000 0x00000001
core   0: 0x8000b3b8 (0xff9ff06f) j       pc - 0x8
core   0: 3 0x8000b3b8 (0xff9ff06f)
core   0: 0x8000b3b0 (0x00002f17) auipc   t5, 0x2
core   0: 3 0x8000b3b0 (0x00002f17) x30 0x8000d3b0
core   0: 0x8000b3b4 (0xc43f2823) sw      gp, -944(t5)
core   0: 3 0x8000b3b4 (0xc43f2823) mem 0x8000d000 0x00000001
core   0: 0x8000b3b8 (0xff9ff06f) j       pc - 0x8
core   0: 3 0x8000b3b8 (0xff9ff06f)
core   0: 0x8000b3b0 (0x00002f17) auipc   t5, 0x2
core   0: 3 0x8000b3b0 (0x00002f17) x30 0x8000d3b0
core   0: 0x8000b3b4 (0xc43f2823) sw      gp, -944(t5)
core   0: 3 0x8000b3b4 (0xc43f2823) mem 0x8000d000 0x00000001
core   0: 0x8000b3b8 (0xff9ff06f) j       pc - 0x8
core   0: 3 0x8000b3b8 (0xff9ff06f)
core   0: 0x8000b3b0 (0x00002f17) auipc   t5, 0x2
core   0: 3 0x8000b3b0 (0x00002f17) x30 0x8000d3b0
core   0: 0x8000b3b4 (0xc43f2823) sw      gp, -944(t5)
core   0: 3 0x8000b3b4 (0xc43f2823) mem 0x8000d000 0x00000001
core   0: 0x8000b3b8 (0xff9ff06f) j       pc - 0x8
core   0: 3 0x8000b3b8 (0xff9ff06f)
core   0: 0x8000b3b0 (0x00002f17) auipc   t5, 0x2
core   0: 3 0x8000b3b0 (0x00002f17) x30 0x8000d3b0
core   0: 0x8000b3b4 (0xc43f2823) sw      gp, -944(t5)
core   0: 3 0x8000b3b4 (0xc43f2823) mem 0x8000d000 0x00000001
core   0: 0x8000b3b8 (0xff9ff06f) j       pc - 0x8
core   0: 3 0x8000b3b8 (0xff9ff06f)
core   0: 0x8000b3b0 (0x00002f17) auipc   t5, 0x2
core   0: 3 0x8000b3b0 (0x00002f17) x30 0x8000d3b0
core   0: 0x8000b3b4 (0xc43f2823) sw      gp, -944(t5)
core   0: 3 0x8000b3b4 (0xc43f2823) mem 0x8000d000 0x00000001
core   0: 0x8000b3b8 (0xff9ff06f) j       pc - 0x8
core   0: 3 0x8000b3b8 (0xff9ff06f)
core   0: 0x8000b3b0 (0x00002f17) auipc   t5, 0x2
core   0: 3 0x8000b3b0 (0x00002f17) x30 0x8000d3b0
core   0: 0x8000b3b4 (0xc43f2823) sw      gp, -944(t5)
core   0: 3 0x8000b3b4 (0xc43f2823) mem 0x8000d000 0x00000001
core   0: 0x8000b3b8 (0xff9ff06f) j       pc - 0x8
core   0: 3 0x8000b3b8 (0xff9ff06f)
core   0: 0x8000b3b0 (0x00002f17) auipc   t5, 0x2
core   0: 3 0x8000b3b0 (0x00002f17) x30 0x8000d3b0
core   0: 0x8000b3b4 (0xc43f2823) sw      gp, -944(t5)
core   0: 3 0x8000b3b4 (0xc43f2823) mem 0x8000d000 0x00000001
core   0: 0x8000b3b8 (0xff9ff06f) j       pc - 0x8
core   0: 3 0x8000b3b8 (0xff9ff06f)
core   0: 0x8000b3b0 (0x00002f17) auipc   t5, 0x2
core   0: 3 0x8000b3b0 (0x00002f17) x30 0x8000d3b0
core   0: 0x8000b3b4 (0xc43f2823) sw      gp, -944(t5)
core   0: 3 0x8000b3b4 (0xc43f2823) mem 0x8000d000 0x00000001
core   0: 0x8000b3b8 (0xff9ff06f) j       pc - 0x8
core   0: 3 0x8000b3b8 (0xff9ff06f)
core   0: 0x8000b3b0 (0x00002f17) auipc   t5, 0x2
core   0: 3 0x8000b3b0 (0x00002f17) x30 0x8000d3b0
core   0: 0x8000b3b4 (0xc43f2823) sw      gp, -944(t5)
core   0: 3 0x8000b3b4 (0xc43f2823) mem 0x8000d000 0x00000001
core   0: 0x8000b3b8 (0xff9ff06f) j       pc - 0x8
core   0: 3 0x8000b3b8 (0xff9ff06f)
core   0: 0x8000b3b0 (0x00002f17) auipc   t5, 0x2
core   0: 3 0x8000b3b0 (0x00002f17) x30 0x8000d3b0
core   0: 0x8000b3b4 (0xc43f2823) sw      gp, -944(t5)
core   0: 3 0x8000b3b4 (0xc43f2823) mem 0x8000d000 0x00000001
core   0: 0x8000b3b8 (0xff9ff06f) j       pc - 0x8
core   0: 3 0x8000b3b8 (0xff9ff06f)
core   0: 0x8000b3b0 (0x00002f17) auipc   t5, 0x2
core   0: 3 0x8000b3b0 (0x00002f17) x30 0x8000d3b0
core   0: 0x8000b3b4 (0xc43f2823) sw      gp, -944(t5)
core   0: 3 0x8000b3b4 (0xc43f2823) mem 0x8000d000 0x00000001
core   0: 0x8000b3b8 (0xff9ff06f) j       pc - 0x8
core   0: 3 0x8000b3b8 (0xff9ff06f)
core   0: 0x8000b3b0 (0x00002f17) auipc   t5, 0x2
core   0: 3 0x8000b3b0 (0x00002f17) x30 0x8000d3b0
core   0: 0x8000b3b4 (0xc43f2823) sw      gp, -944(t5)
core   0: 3 0x8000b3b4 (0xc43f2823) mem 0x8000d000 0x00000001
core   0: 0x8000b3b8 (0xff9ff06f) j       pc - 0x8
core   0: 3 0x8000b3b8 (0xff9ff06f)
core   0: 0x8000b3b0 (0x00002f17) auipc   t5, 0x2
core   0: 3 0x8000b3b0 (0x00002f17) x30 0x8000d3b0
core   0: 0x8000b3b4 (0xc43f2823) sw      gp, -944(t5)
core   0: 3 0x8000b3b4 (0xc43f2823) mem 0x8000d000 0x00000001
core   0: 0x8000b3b8 (0xff9ff06f) j       pc - 0x8
core   0: 3 0x8000b3b8 (0xff9ff06f)
core   0: 0x8000b3b0 (0x00002f17) auipc   t5, 0x2
core   0: 3 0x8000b3b0 (0x00002f17) x30 0x8000d3b0
core   0: 0x8000b3b4 (0xc43f2823) sw      gp, -944(t5)
core   0: 3 0x8000b3b4 (0xc43f2823) mem 0x8000d000 0x00000001
core   0: 0x8000b3b8 (0xff9ff06f) j       pc - 0x8
core   0: 3 0x8000b3b8 (0xff9ff06f)
core   0: 0x8000b3b0 (0x00002f17) auipc   t5, 0x2
core   0: 3 0x8000b3b0 (0x00002f17) x30 0x8000d3b0
core   0: 0x8000b3b4 (0xc43f2823) sw      gp, -944(t5)
core   0: 3 0x8000b3b4 (0xc43f2823) mem 0x8000d000 0x00000001
core   0: 0x8000b3b8 (0xff9ff06f) j       pc - 0x8
core   0: 3 0x8000b3b8 (0xff9ff06f)
core   0: 0x8000b3b0 (0x00002f17) auipc   t5, 0x2
core   0: 3 0x8000b3b0 (0x00002f17) x30 0x8000d3b0
core   0: 0x8000b3b4 (0xc43f2823) sw      gp, -944(t5)
core   0: 3 0x8000b3b4 (0xc43f2823) mem 0x8000d000 0x00000001
core   0: 0x8000b3b8 (0xff9ff06f) j       pc - 0x8
core   0: 3 0x8000b3b8 (0xff9ff06f)
core   0: 0x8000b3b0 (0x00002f17) auipc   t5, 0x2
core   0: 3 0x8000b3b0 (0x00002f17) x30 0x8000d3b0
core   0: 0x8000b3b4 (0xc43f2823) sw      gp, -944(t5)
core   0: 3 0x8000b3b4 (0xc43f2823) mem 0x8000d000 0x00000001
core   0: 0x8000b3b8 (0xff9ff06f) j       pc - 0x8
core   0: 3 0x8000b3b8 (0xff9ff06f)
core   0: 0x8000b3b0 (0x00002f17) auipc   t5, 0x2
core   0: 3 0x8000b3b0 (0x00002f17) x30 0x8000d3b0
core   0: 0x8000b3b4 (0xc43f2823) sw      gp, -944(t5)
core   0: 3 0x8000b3b4 (0xc43f2823) mem 0x8000d000 0x00000001
core   0: 0x8000b3b8 (0xff9ff06f) j       pc - 0x8
core   0: 3 0x8000b3b8 (0xff9ff06f)
core   0: 0x8000b3b0 (0x00002f17) auipc   t5, 0x2
core   0: 3 0x8000b3b0 (0x00002f17) x30 0x8000d3b0
core   0: 0x8000b3b4 (0xc43f2823) sw      gp, -944(t5)
core   0: 3 0x8000b3b4 (0xc43f2823) mem 0x8000d000 0x00000001
core   0: 0x8000b3b8 (0xff9ff06f) j       pc - 0x8
core   0: 3 0x8000b3b8 (0xff9ff06f)
core   0: 0x8000b3b0 (0x00002f17) auipc   t5, 0x2
core   0: 3 0x8000b3b0 (0x00002f17) x30 0x8000d3b0
core   0: 0x8000b3b4 (0xc43f2823) sw      gp, -944(t5)
core   0: 3 0x8000b3b4 (0xc43f2823) mem 0x8000d000 0x00000001
core   0: 0x8000b3b8 (0xff9ff06f) j       pc - 0x8
core   0: 3 0x8000b3b8 (0xff9ff06f)
core   0: 0x8000b3b0 (0x00002f17) auipc   t5, 0x2
core   0: 3 0x8000b3b0 (0x00002f17) x30 0x8000d3b0
core   0: 0x8000b3b4 (0xc43f2823) sw      gp, -944(t5)
core   0: 3 0x8000b3b4 (0xc43f2823) mem 0x8000d000 0x00000001
core   0: 0x8000b3b8 (0xff9ff06f) j       pc - 0x8
core   0: 3 0x8000b3b8 (0xff9ff06f)
core   0: 0x8000b3b0 (0x00002f17) auipc   t5, 0x2
core   0: 3 0x8000b3b0 (0x00002f17) x30 0x8000d3b0
core   0: 0x8000b3b4 (0xc43f2823) sw      gp, -944(t5)
core   0: 3 0x8000b3b4 (0xc43f2823) mem 0x8000d000 0x00000001
core   0: 0x8000b3b8 (0xff9ff06f) j       pc - 0x8
core   0: 3 0x8000b3b8 (0xff9ff06f)
core   0: 0x8000b3b0 (0x00002f17) auipc   t5, 0x2
core   0: 3 0x8000b3b0 (0x00002f17) x30 0x8000d3b0
core   0: 0x8000b3b4 (0xc43f2823) sw      gp, -944(t5)
core   0: 3 0x8000b3b4 (0xc43f2823) mem 0x8000d000 0x00000001
core   0: 0x8000b3b8 (0xff9ff06f) j       pc - 0x8
core   0: 3 0x8000b3b8 (0xff9ff06f)
core   0: 0x8000b3b0 (0x00002f17) auipc   t5, 0x2
core   0: 3 0x8000b3b0 (0x00002f17) x30 0x8000d3b0
core   0: 0x8000b3b4 (0xc43f2823) sw      gp, -944(t5)
core   0: 3 0x8000b3b4 (0xc43f2823) mem 0x8000d000 0x00000001
core   0: 0x8000b3b8 (0xff9ff06f) j       pc - 0x8
core   0: 3 0x8000b3b8 (0xff9ff06f)
core   0: 0x8000b3b0 (0x00002f17) auipc   t5, 0x2
core   0: 3 0x8000b3b0 (0x00002f17) x30 0x8000d3b0
core   0: 0x8000b3b4 (0xc43f2823) sw      gp, -944(t5)
core   0: 3 0x8000b3b4 (0xc43f2823) mem 0x8000d000 0x00000001
core   0: 0x8000b3b8 (0xff9ff06f) j       pc - 0x8
core   0: 3 0x8000b3b8 (0xff9ff06f)
core   0: 0x8000b3b0 (0x00002f17) auipc   t5, 0x2
core   0: 3 0x8000b3b0 (0x00002f17) x30 0x8000d3b0
core   0: 0x8000b3b4 (0xc43f2823) sw      gp, -944(t5)
core   0: 3 0x8000b3b4 (0xc43f2823) mem 0x8000d000 0x00000001
core   0: 0x8000b3b8 (0xff9ff06f) j       pc - 0x8
core   0: 3 0x8000b3b8 (0xff9ff06f)
core   0: 0x8000b3b0 (0x00002f17) auipc   t5, 0x2
core   0: 3 0x8000b3b0 (0x00002f17) x30 0x8000d3b0
core   0: 0x8000b3b4 (0xc43f2823) sw      gp, -944(t5)
core   0: 3 0x8000b3b4 (0xc43f2823) mem 0x8000d000 0x00000001
core   0: 0x8000b3b8 (0xff9ff06f) j       pc - 0x8
core   0: 3 0x8000b3b8 (0xff9ff06f)
core   0: 0x8000b3b0 (0x00002f17) auipc   t5, 0x2
core   0: 3 0x8000b3b0 (0x00002f17) x30 0x8000d3b0
core   0: 0x8000b3b4 (0xc43f2823) sw      gp, -944(t5)
core   0: 3 0x8000b3b4 (0xc43f2823) mem 0x8000d000 0x00000001
core   0: 0x8000b3b8 (0xff9ff06f) j       pc - 0x8
core   0: 3 0x8000b3b8 (0xff9ff06f)
core   0: 0x8000b3b0 (0x00002f17) auipc   t5, 0x2
core   0: 3 0x8000b3b0 (0x00002f17) x30 0x8000d3b0
core   0: 0x8000b3b4 (0xc43f2823) sw      gp, -944(t5)
core   0: 3 0x8000b3b4 (0xc43f2823) mem 0x8000d000 0x00000001
core   0: 0x8000b3b8 (0xff9ff06f) j       pc - 0x8
core   0: 3 0x8000b3b8 (0xff9ff06f)
core   0: 0x8000b3b0 (0x00002f17) auipc   t5, 0x2
core   0: 3 0x8000b3b0 (0x00002f17) x30 0x8000d3b0
core   0: 0x8000b3b4 (0xc43f2823) sw      gp, -944(t5)
core   0: 3 0x8000b3b4 (0xc43f2823) mem 0x8000d000 0x00000001
core   0: 0x8000b3b8 (0xff9ff06f) j       pc - 0x8
core   0: 3 0x8000b3b8 (0xff9ff06f)
core   0: 0x8000b3b0 (0x00002f17) auipc   t5, 0x2
core   0: 3 0x8000b3b0 (0x00002f17) x30 0x8000d3b0
core   0: 0x8000b3b4 (0xc43f2823) sw      gp, -944(t5)
core   0: 3 0x8000b3b4 (0xc43f2823) mem 0x8000d000 0x00000001
core   0: 0x8000b3b8 (0xff9ff06f) j       pc - 0x8
core   0: 3 0x8000b3b8 (0xff9ff06f)
core   0: 0x8000b3b0 (0x00002f17) auipc   t5, 0x2
core   0: 3 0x8000b3b0 (0x00002f17) x30 0x8000d3b0
core   0: 0x8000b3b4 (0xc43f2823) sw      gp, -944(t5)
core   0: 3 0x8000b3b4 (0xc43f2823) mem 0x8000d000 0x00000001
core   0: 0x8000b3b8 (0xff9ff06f) j       pc - 0x8
core   0: 3 0x8000b3b8 (0xff9ff06f)
core   0: 0x8000b3b0 (0x00002f17) auipc   t5, 0x2
core   0: 3 0x8000b3b0 (0x00002f17) x30 0x8000d3b0
core   0: 0x8000b3b4 (0xc43f2823) sw      gp, -944(t5)
core   0: 3 0x8000b3b4 (0xc43f2823) mem 0x8000d000 0x00000001
core   0: 0x8000b3b8 (0xff9ff06f) j       pc - 0x8
core   0: 3 0x8000b3b8 (0xff9ff06f)
core   0: 0x8000b3b0 (0x00002f17) auipc   t5, 0x2
core   0: 3 0x8000b3b0 (0x00002f17) x30 0x8000d3b0
core   0: 0x8000b3b4 (0xc43f2823) sw      gp, -944(t5)
core   0: 3 0x8000b3b4 (0xc43f2823) mem 0x8000d000 0x00000001
core   0: 0x8000b3b8 (0xff9ff06f) j       pc - 0x8
core   0: 3 0x8000b3b8 (0xff9ff06f)
core   0: 0x8000b3b0 (0x00002f17) auipc   t5, 0x2
core   0: 3 0x8000b3b0 (0x00002f17) x30 0x8000d3b0
core   0: 0x8000b3b4 (0xc43f2823) sw      gp, -944(t5)
core   0: 3 0x8000b3b4 (0xc43f2823) mem 0x8000d000 0x00000001
core   0: 0x8000b3b8 (0xff9ff06f) j       pc - 0x8
core   0: 3 0x8000b3b8 (0xff9ff06f)
core   0: 0x8000b3b0 (0x00002f17) auipc   t5, 0x2
core   0: 3 0x8000b3b0 (0x00002f17) x30 0x8000d3b0
core   0: 0x8000b3b4 (0xc43f2823) sw      gp, -944(t5)
core   0: 3 0x8000b3b4 (0xc43f2823) mem 0x8000d000 0x00000001
core   0: 0x8000b3b8 (0xff9ff06f) j       pc - 0x8
core   0: 3 0x8000b3b8 (0xff9ff06f)
core   0: 0x8000b3b0 (0x00002f17) auipc   t5, 0x2
core   0: 3 0x8000b3b0 (0x00002f17) x30 0x8000d3b0
core   0: 0x8000b3b4 (0xc43f2823) sw      gp, -944(t5)
core   0: 3 0x8000b3b4 (0xc43f2823) mem 0x8000d000 0x00000001
core   0: 0x8000b3b8 (0xff9ff06f) j       pc - 0x8
core   0: 3 0x8000b3b8 (0xff9ff06f)
core   0: 0x8000b3b0 (0x00002f17) auipc   t5, 0x2
core   0: 3 0x8000b3b0 (0x00002f17) x30 0x8000d3b0
core   0: 0x8000b3b4 (0xc43f2823) sw      gp, -944(t5)
core   0: 3 0x8000b3b4 (0xc43f2823) mem 0x8000d000 0x00000001
core   0: 0x8000b3b8 (0xff9ff06f) j       pc - 0x8
core   0: 3 0x8000b3b8 (0xff9ff06f)
core   0: 0x8000b3b0 (0x00002f17) auipc   t5, 0x2
core   0: 3 0x8000b3b0 (0x00002f17) x30 0x8000d3b0
core   0: 0x8000b3b4 (0xc43f2823) sw      gp, -944(t5)
core   0: 3 0x8000b3b4 (0xc43f2823) mem 0x8000d000 0x00000001
core   0: 0x8000b3b8 (0xff9ff06f) j       pc - 0x8
core   0: 3 0x8000b3b8 (0xff9ff06f)
core   0: 0x8000b3b0 (0x00002f17) auipc   t5, 0x2
core   0: 3 0x8000b3b0 (0x00002f17) x30 0x8000d3b0
core   0: 0x8000b3b4 (0xc43f2823) sw      gp, -944(t5)
core   0: 3 0x8000b3b4 (0xc43f2823) mem 0x8000d000 0x00000001
core   0: 0x8000b3b8 (0xff9ff06f) j       pc - 0x8
core   0: 3 0x8000b3b8 (0xff9ff06f)
core   0: 0x8000b3b0 (0x00002f17) auipc   t5, 0x2
core   0: 3 0x8000b3b0 (0x00002f17) x30 0x8000d3b0
core   0: 0x8000b3b4 (0xc43f2823) sw      gp, -944(t5)
core   0: 3 0x8000b3b4 (0xc43f2823) mem 0x8000d000 0x00000001
core   0: 0x8000b3b8 (0xff9ff06f) j       pc - 0x8
core   0: 3 0x8000b3b8 (0xff9ff06f)
core   0: 0x8000b3b0 (0x00002f17) auipc   t5, 0x2
core   0: 3 0x8000b3b0 (0x00002f17) x30 0x8000d3b0
core   0: 0x8000b3b4 (0xc43f2823) sw      gp, -944(t5)
core   0: 3 0x8000b3b4 (0xc43f2823) mem 0x8000d000 0x00000001
core   0: 0x8000b3b8 (0xff9ff06f) j       pc - 0x8
core   0: 3 0x8000b3b8 (0xff9ff06f)
core   0: 0x8000b3b0 (0x00002f17) auipc   t5, 0x2
core   0: 3 0x8000b3b0 (0x00002f17) x30 0x8000d3b0
core   0: 0x8000b3b4 (0xc43f2823) sw      gp, -944(t5)
core   0: 3 0x8000b3b4 (0xc43f2823) mem 0x8000d000 0x00000001
core   0: 0x8000b3b8 (0xff9ff06f) j       pc - 0x8
core   0: 3 0x8000b3b8 (0xff9ff06f)
core   0: 0x8000b3b0 (0x00002f17) auipc   t5, 0x2
core   0: 3 0x8000b3b0 (0x00002f17) x30 0x8000d3b0
core   0: 0x8000b3b4 (0xc43f2823) sw      gp, -944(t5)
core   0: 3 0x8000b3b4 (0xc43f2823) mem 0x8000d000 0x00000001
core   0: 0x8000b3b8 (0xff9ff06f) j       pc - 0x8
core   0: 3 0x8000b3b8 (0xff9ff06f)
core   0: 0x8000b3b0 (0x00002f17) auipc   t5, 0x2
core   0: 3 0x8000b3b0 (0x00002f17) x30 0x8000d3b0
core   0: 0x8000b3b4 (0xc43f2823) sw      gp, -944(t5)
core   0: 3 0x8000b3b4 (0xc43f2823) mem 0x8000d000 0x00000001
core   0: 0x8000b3b8 (0xff9ff06f) j       pc - 0x8
core   0: 3 0x8000b3b8 (0xff9ff06f)
core   0: 0x8000b3b0 (0x00002f17) auipc   t5, 0x2
core   0: 3 0x8000b3b0 (0x00002f17) x30 0x8000d3b0
core   0: 0x8000b3b4 (0xc43f2823) sw      gp, -944(t5)
core   0: 3 0x8000b3b4 (0xc43f2823) mem 0x8000d000 0x00000001
core   0: 0x8000b3b8 (0xff9ff06f) j       pc - 0x8
core   0: 3 0x8000b3b8 (0xff9ff06f)
core   0: 0x8000b3b0 (0x00002f17) auipc   t5, 0x2
core   0: 3 0x8000b3b0 (0x00002f17) x30 0x8000d3b0
core   0: 0x8000b3b4 (0xc43f2823) sw      gp, -944(t5)
core   0: 3 0x8000b3b4 (0xc43f2823) mem 0x8000d000 0x00000001
core   0: 0x8000b3b8 (0xff9ff06f) j       pc - 0x8
core   0: 3 0x8000b3b8 (0xff9ff06f)
core   0: 0x8000b3b0 (0x00002f17) auipc   t5, 0x2
core   0: 3 0x8000b3b0 (0x00002f17) x30 0x8000d3b0
core   0: 0x8000b3b4 (0xc43f2823) sw      gp, -944(t5)
core   0: 3 0x8000b3b4 (0xc43f2823) mem 0x8000d000 0x00000001
core   0: 0x8000b3b8 (0xff9ff06f) j       pc - 0x8
core   0: 3 0x8000b3b8 (0xff9ff06f)
core   0: 0x8000b3b0 (0x00002f17) auipc   t5, 0x2
core   0: 3 0x8000b3b0 (0x00002f17) x30 0x8000d3b0
core   0: 0x8000b3b4 (0xc43f2823) sw      gp, -944(t5)
core   0: 3 0x8000b3b4 (0xc43f2823) mem 0x8000d000 0x00000001
core   0: 0x8000b3b8 (0xff9ff06f) j       pc - 0x8
core   0: 3 0x8000b3b8 (0xff9ff06f)
core   0: 0x8000b3b0 (0x00002f17) auipc   t5, 0x2
core   0: 3 0x8000b3b0 (0x00002f17) x30 0x8000d3b0
core   0: 0x8000b3b4 (0xc43f2823) sw      gp, -944(t5)
core   0: 3 0x8000b3b4 (0xc43f2823) mem 0x8000d000 0x00000001
core   0: 0x8000b3b8 (0xff9ff06f) j       pc - 0x8
core   0: 3 0x8000b3b8 (0xff9ff06f)
core   0: 0x8000b3b0 (0x00002f17) auipc   t5, 0x2
core   0: 3 0x8000b3b0 (0x00002f17) x30 0x8000d3b0
core   0: 0x8000b3b4 (0xc43f2823) sw      gp, -944(t5)
core   0: 3 0x8000b3b4 (0xc43f2823) mem 0x8000d000 0x00000001
core   0: 0x8000b3b8 (0xff9ff06f) j       pc - 0x8
core   0: 3 0x8000b3b8 (0xff9ff06f)
core   0: 0x8000b3b0 (0x00002f17) auipc   t5, 0x2
core   0: 3 0x8000b3b0 (0x00002f17) x30 0x8000d3b0
core   0: 0x8000b3b4 (0xc43f2823) sw      gp, -944(t5)
core   0: 3 0x8000b3b4 (0xc43f2823) mem 0x8000d000 0x00000001
core   0: 0x8000b3b8 (0xff9ff06f) j       pc - 0x8
core   0: 3 0x8000b3b8 (0xff9ff06f)
core   0: 0x8000b3b0 (0x00002f17) auipc   t5, 0x2
core   0: 3 0x8000b3b0 (0x00002f17) x30 0x8000d3b0
core   0: 0x8000b3b4 (0xc43f2823) sw      gp, -944(t5)
core   0: 3 0x8000b3b4 (0xc43f2823) mem 0x8000d000 0x00000001
core   0: 0x8000b3b8 (0xff9ff06f) j       pc - 0x8
core   0: 3 0x8000b3b8 (0xff9ff06f)
core   0: 0x8000b3b0 (0x00002f17) auipc   t5, 0x2
core   0: 3 0x8000b3b0 (0x00002f17) x30 0x8000d3b0
core   0: 0x8000b3b4 (0xc43f2823) sw      gp, -944(t5)
core   0: 3 0x8000b3b4 (0xc43f2823) mem 0x8000d000 0x00000001
core   0: 0x8000b3b8 (0xff9ff06f) j       pc - 0x8
core   0: 3 0x8000b3b8 (0xff9ff06f)
core   0: 0x8000b3b0 (0x00002f17) auipc   t5, 0x2
core   0: 3 0x8000b3b0 (0x00002f17) x30 0x8000d3b0
core   0: 0x8000b3b4 (0xc43f2823) sw      gp, -944(t5)
core   0: 3 0x8000b3b4 (0xc43f2823) mem 0x8000d000 0x00000001
core   0: 0x8000b3b8 (0xff9ff06f) j       pc - 0x8
core   0: 3 0x8000b3b8 (0xff9ff06f)
core   0: 0x8000b3b0 (0x00002f17) auipc   t5, 0x2
core   0: 3 0x8000b3b0 (0x00002f17) x30 0x8000d3b0
core   0: 0x8000b3b4 (0xc43f2823) sw      gp, -944(t5)
core   0: 3 0x8000b3b4 (0xc43f2823) mem 0x8000d000 0x00000001
core   0: 0x8000b3b8 (0xff9ff06f) j       pc - 0x8
core   0: 3 0x8000b3b8 (0xff9ff06f)
core   0: 0x8000b3b0 (0x00002f17) auipc   t5, 0x2
core   0: 3 0x8000b3b0 (0x00002f17) x30 0x8000d3b0
core   0: 0x8000b3b4 (0xc43f2823) sw      gp, -944(t5)
core   0: 3 0x8000b3b4 (0xc43f2823) mem 0x8000d000 0x00000001
core   0: 0x8000b3b8 (0xff9ff06f) j       pc - 0x8
core   0: 3 0x8000b3b8 (0xff9ff06f)
core   0: 0x8000b3b0 (0x00002f17) auipc   t5, 0x2
core   0: 3 0x8000b3b0 (0x00002f17) x30 0x8000d3b0
core   0: 0x8000b3b4 (0xc43f2823) sw      gp, -944(t5)
core   0: 3 0x8000b3b4 (0xc43f2823) mem 0x8000d000 0x00000001
core   0: 0x8000b3b8 (0xff9ff06f) j       pc - 0x8
core   0: 3 0x8000b3b8 (0xff9ff06f)
core   0: 0x8000b3b0 (0x00002f17) auipc   t5, 0x2
core   0: 3 0x8000b3b0 (0x00002f17) x30 0x8000d3b0
core   0: 0x8000b3b4 (0xc43f2823) sw      gp, -944(t5)
core   0: 3 0x8000b3b4 (0xc43f2823) mem 0x8000d000 0x00000001
core   0: 0x8000b3b8 (0xff9ff06f) j       pc - 0x8
core   0: 3 0x8000b3b8 (0xff9ff06f)
core   0: 0x8000b3b0 (0x00002f17) auipc   t5, 0x2
core   0: 3 0x8000b3b0 (0x00002f17) x30 0x8000d3b0
core   0: 0x8000b3b4 (0xc43f2823) sw      gp, -944(t5)
core   0: 3 0x8000b3b4 (0xc43f2823) mem 0x8000d000 0x00000001
core   0: 0x8000b3b8 (0xff9ff06f) j       pc - 0x8
core   0: 3 0x8000b3b8 (0xff9ff06f)
core   0: 0x8000b3b0 (0x00002f17) auipc   t5, 0x2
core   0: 3 0x8000b3b0 (0x00002f17) x30 0x8000d3b0
core   0: 0x8000b3b4 (0xc43f2823) sw      gp, -944(t5)
core   0: 3 0x8000b3b4 (0xc43f2823) mem 0x8000d000 0x00000001
core   0: 0x8000b3b8 (0xff9ff06f) j       pc - 0x8
core   0: 3 0x8000b3b8 (0xff9ff06f)
core   0: 0x8000b3b0 (0x00002f17) auipc   t5, 0x2
core   0: 3 0x8000b3b0 (0x00002f17) x30 0x8000d3b0
core   0: 0x8000b3b4 (0xc43f2823) sw      gp, -944(t5)
core   0: 3 0x8000b3b4 (0xc43f2823) mem 0x8000d000 0x00000001
core   0: 0x8000b3b8 (0xff9ff06f) j       pc - 0x8
core   0: 3 0x8000b3b8 (0xff9ff06f)
core   0: 0x8000b3b0 (0x00002f17) auipc   t5, 0x2
core   0: 3 0x8000b3b0 (0x00002f17) x30 0x8000d3b0
core   0: 0x8000b3b4 (0xc43f2823) sw      gp, -944(t5)
core   0: 3 0x8000b3b4 (0xc43f2823) mem 0x8000d000 0x00000001
core   0: 0x8000b3b8 (0xff9ff06f) j       pc - 0x8
core   0: 3 0x8000b3b8 (0xff9ff06f)
core   0: 0x8000b3b0 (0x00002f17) auipc   t5, 0x2
core   0: 3 0x8000b3b0 (0x00002f17) x30 0x8000d3b0
core   0: 0x8000b3b4 (0xc43f2823) sw      gp, -944(t5)
core   0: 3 0x8000b3b4 (0xc43f2823) mem 0x8000d000 0x00000001
core   0: 0x8000b3b8 (0xff9ff06f) j       pc - 0x8
core   0: 3 0x8000b3b8 (0xff9ff06f)
core   0: 0x8000b3b0 (0x00002f17) auipc   t5, 0x2
core   0: 3 0x8000b3b0 (0x00002f17) x30 0x8000d3b0
core   0: 0x8000b3b4 (0xc43f2823) sw      gp, -944(t5)
core   0: 3 0x8000b3b4 (0xc43f2823) mem 0x8000d000 0x00000001
core   0: 0x8000b3b8 (0xff9ff06f) j       pc - 0x8
core   0: 3 0x8000b3b8 (0xff9ff06f)
core   0: 0x8000b3b0 (0x00002f17) auipc   t5, 0x2
core   0: 3 0x8000b3b0 (0x00002f17) x30 0x8000d3b0
core   0: 0x8000b3b4 (0xc43f2823) sw      gp, -944(t5)
core   0: 3 0x8000b3b4 (0xc43f2823) mem 0x8000d000 0x00000001
core   0: 0x8000b3b8 (0xff9ff06f) j       pc - 0x8
core   0: 3 0x8000b3b8 (0xff9ff06f)
core   0: 0x8000b3b0 (0x00002f17) auipc   t5, 0x2
core   0: 3 0x8000b3b0 (0x00002f17) x30 0x8000d3b0
core   0: 0x8000b3b4 (0xc43f2823) sw      gp, -944(t5)
core   0: 3 0x8000b3b4 (0xc43f2823) mem 0x8000d000 0x00000001
core   0: 0x8000b3b8 (0xff9ff06f) j       pc - 0x8
core   0: 3 0x8000b3b8 (0xff9ff06f)
core   0: 0x8000b3b0 (0x00002f17) auipc   t5, 0x2
core   0: 3 0x8000b3b0 (0x00002f17) x30 0x8000d3b0
core   0: 0x8000b3b4 (0xc43f2823) sw      gp, -944(t5)
core   0: 3 0x8000b3b4 (0xc43f2823) mem 0x8000d000 0x00000001
core   0: 0x8000b3b8 (0xff9ff06f) j       pc - 0x8
core   0: 3 0x8000b3b8 (0xff9ff06f)
core   0: 0x8000b3b0 (0x00002f17) auipc   t5, 0x2
core   0: 3 0x8000b3b0 (0x00002f17) x30 0x8000d3b0
core   0: 0x8000b3b4 (0xc43f2823) sw      gp, -944(t5)
core   0: 3 0x8000b3b4 (0xc43f2823) mem 0x8000d000 0x00000001
core   0: 0x8000b3b8 (0xff9ff06f) j       pc - 0x8
core   0: 3 0x8000b3b8 (0xff9ff06f)
core   0: 0x8000b3b0 (0x00002f17) auipc   t5, 0x2
core   0: 3 0x8000b3b0 (0x00002f17) x30 0x8000d3b0
core   0: 0x8000b3b4 (0xc43f2823) sw      gp, -944(t5)
core   0: 3 0x8000b3b4 (0xc43f2823) mem 0x8000d000 0x00000001
core   0: 0x8000b3b8 (0xff9ff06f) j       pc - 0x8
core   0: 3 0x8000b3b8 (0xff9ff06f)
core   0: 0x8000b3b0 (0x00002f17) auipc   t5, 0x2
core   0: 3 0x8000b3b0 (0x00002f17) x30 0x8000d3b0
core   0: 0x8000b3b4 (0xc43f2823) sw      gp, -944(t5)
core   0: 3 0x8000b3b4 (0xc43f2823) mem 0x8000d000 0x00000001
core   0: 0x8000b3b8 (0xff9ff06f) j       pc - 0x8
core   0: 3 0x8000b3b8 (0xff9ff06f)
core   0: 0x8000b3b0 (0x00002f17) auipc   t5, 0x2
core   0: 3 0x8000b3b0 (0x00002f17) x30 0x8000d3b0
core   0: 0x8000b3b4 (0xc43f2823) sw      gp, -944(t5)
core   0: 3 0x8000b3b4 (0xc43f2823) mem 0x8000d000 0x00000001
core   0: 0x8000b3b8 (0xff9ff06f) j       pc - 0x8
core   0: 3 0x8000b3b8 (0xff9ff06f)
core   0: 0x8000b3b0 (0x00002f17) auipc   t5, 0x2
core   0: 3 0x8000b3b0 (0x00002f17) x30 0x8000d3b0
core   0: 0x8000b3b4 (0xc43f2823) sw      gp, -944(t5)
core   0: 3 0x8000b3b4 (0xc43f2823) mem 0x8000d000 0x00000001
core   0: 0x8000b3b8 (0xff9ff06f) j       pc - 0x8
core   0: 3 0x8000b3b8 (0xff9ff06f)
core   0: 0x8000b3b0 (0x00002f17) auipc   t5, 0x2
core   0: 3 0x8000b3b0 (0x00002f17) x30 0x8000d3b0
core   0: 0x8000b3b4 (0xc43f2823) sw      gp, -944(t5)
core   0: 3 0x8000b3b4 (0xc43f2823) mem 0x8000d000 0x00000001
core   0: 0x8000b3b8 (0xff9ff06f) j       pc - 0x8
core   0: 3 0x8000b3b8 (0xff9ff06f)
core   0: 0x8000b3b0 (0x00002f17) auipc   t5, 0x2
core   0: 3 0x8000b3b0 (0x00002f17) x30 0x8000d3b0
core   0: 0x8000b3b4 (0xc43f2823) sw      gp, -944(t5)
core   0: 3 0x8000b3b4 (0xc43f2823) mem 0x8000d000 0x00000001
core   0: 0x8000b3b8 (0xff9ff06f) j       pc - 0x8
core   0: 3 0x8000b3b8 (0xff9ff06f)
core   0: 0x8000b3b0 (0x00002f17) auipc   t5, 0x2
core   0: 3 0x8000b3b0 (0x00002f17) x30 0x8000d3b0
core   0: 0x8000b3b4 (0xc43f2823) sw      gp, -944(t5)
core   0: 3 0x8000b3b4 (0xc43f2823) mem 0x8000d000 0x00000001
core   0: 0x8000b3b8 (0xff9ff06f) j       pc - 0x8
core   0: 3 0x8000b3b8 (0xff9ff06f)
core   0: 0x8000b3b0 (0x00002f17) auipc   t5, 0x2
core   0: 3 0x8000b3b0 (0x00002f17) x30 0x8000d3b0
core   0: 0x8000b3b4 (0xc43f2823) sw      gp, -944(t5)
core   0: 3 0x8000b3b4 (0xc43f2823) mem 0x8000d000 0x00000001
core   0: 0x8000b3b8 (0xff9ff06f) j       pc - 0x8
core   0: 3 0x8000b3b8 (0xff9ff06f)
core   0: 0x8000b3b0 (0x00002f17) auipc   t5, 0x2
core   0: 3 0x8000b3b0 (0x00002f17) x30 0x8000d3b0
core   0: 0x8000b3b4 (0xc43f2823) sw      gp, -944(t5)
core   0: 3 0x8000b3b4 (0xc43f2823) mem 0x8000d000 0x00000001
core   0: 0x8000b3b8 (0xff9ff06f) j       pc - 0x8
core   0: 3 0x8000b3b8 (0xff9ff06f)
core   0: 0x8000b3b0 (0x00002f17) auipc   t5, 0x2
core   0: 3 0x8000b3b0 (0x00002f17) x30 0x8000d3b0
core   0: 0x8000b3b4 (0xc43f2823) sw      gp, -944(t5)
core   0: 3 0x8000b3b4 (0xc43f2823) mem 0x8000d000 0x00000001
core   0: 0x8000b3b8 (0xff9ff06f) j       pc - 0x8
core   0: 3 0x8000b3b8 (0xff9ff06f)
core   0: 0x8000b3b0 (0x00002f17) auipc   t5, 0x2
core   0: 3 0x8000b3b0 (0x00002f17) x30 0x8000d3b0
core   0: 0x8000b3b4 (0xc43f2823) sw      gp, -944(t5)
core   0: 3 0x8000b3b4 (0xc43f2823) mem 0x8000d000 0x00000001
core   0: 0x8000b3b8 (0xff9ff06f) j       pc - 0x8
core   0: 3 0x8000b3b8 (0xff9ff06f)
core   0: 0x8000b3b0 (0x00002f17) auipc   t5, 0x2
core   0: 3 0x8000b3b0 (0x00002f17) x30 0x8000d3b0
core   0: 0x8000b3b4 (0xc43f2823) sw      gp, -944(t5)
core   0: 3 0x8000b3b4 (0xc43f2823) mem 0x8000d000 0x00000001
core   0: 0x8000b3b8 (0xff9ff06f) j       pc - 0x8
core   0: 3 0x8000b3b8 (0xff9ff06f)
core   0: 0x8000b3b0 (0x00002f17) auipc   t5, 0x2
core   0: 3 0x8000b3b0 (0x00002f17) x30 0x8000d3b0
core   0: 0x8000b3b4 (0xc43f2823) sw      gp, -944(t5)
core   0: 3 0x8000b3b4 (0xc43f2823) mem 0x8000d000 0x00000001
core   0: 0x8000b3b8 (0xff9ff06f) j       pc - 0x8
core   0: 3 0x8000b3b8 (0xff9ff06f)
core   0: 0x8000b3b0 (0x00002f17) auipc   t5, 0x2
core   0: 3 0x8000b3b0 (0x00002f17) x30 0x8000d3b0
core   0: 0x8000b3b4 (0xc43f2823) sw      gp, -944(t5)
core   0: 3 0x8000b3b4 (0xc43f2823) mem 0x8000d000 0x00000001
core   0: 0x8000b3b8 (0xff9ff06f) j       pc - 0x8
core   0: 3 0x8000b3b8 (0xff9ff06f)
core   0: 0x8000b3b0 (0x00002f17) auipc   t5, 0x2
core   0: 3 0x8000b3b0 (0x00002f17) x30 0x8000d3b0
core   0: 0x8000b3b4 (0xc43f2823) sw      gp, -944(t5)
core   0: 3 0x8000b3b4 (0xc43f2823) mem 0x8000d000 0x00000001
core   0: 0x8000b3b8 (0xff9ff06f) j       pc - 0x8
core   0: 3 0x8000b3b8 (0xff9ff06f)
core   0: 0x8000b3b0 (0x00002f17) auipc   t5, 0x2
core   0: 3 0x8000b3b0 (0x00002f17) x30 0x8000d3b0
core   0: 0x8000b3b4 (0xc43f2823) sw      gp, -944(t5)
core   0: 3 0x8000b3b4 (0xc43f2823) mem 0x8000d000 0x00000001
core   0: 0x8000b3b8 (0xff9ff06f) j       pc - 0x8
core   0: 3 0x8000b3b8 (0xff9ff06f)
core   0: 0x8000b3b0 (0x00002f17) auipc   t5, 0x2
core   0: 3 0x8000b3b0 (0x00002f17) x30 0x8000d3b0
core   0: 0x8000b3b4 (0xc43f2823) sw      gp, -944(t5)
core   0: 3 0x8000b3b4 (0xc43f2823) mem 0x8000d000 0x00000001
core   0: 0x8000b3b8 (0xff9ff06f) j       pc - 0x8
core   0: 3 0x8000b3b8 (0xff9ff06f)
core   0: 0x8000b3b0 (0x00002f17) auipc   t5, 0x2
core   0: 3 0x8000b3b0 (0x00002f17) x30 0x8000d3b0
core   0: 0x8000b3b4 (0xc43f2823) sw      gp, -944(t5)
core   0: 3 0x8000b3b4 (0xc43f2823) mem 0x8000d000 0x00000001
core   0: 0x8000b3b8 (0xff9ff06f) j       pc - 0x8
core   0: 3 0x8000b3b8 (0xff9ff06f)
core   0: 0x8000b3b0 (0x00002f17) auipc   t5, 0x2
core   0: 3 0x8000b3b0 (0x00002f17) x30 0x8000d3b0
core   0: 0x8000b3b4 (0xc43f2823) sw      gp, -944(t5)
core   0: 3 0x8000b3b4 (0xc43f2823) mem 0x8000d000 0x00000001
core   0: 0x8000b3b8 (0xff9ff06f) j       pc - 0x8
core   0: 3 0x8000b3b8 (0xff9ff06f)
core   0: 0x8000b3b0 (0x00002f17) auipc   t5, 0x2
core   0: 3 0x8000b3b0 (0x00002f17) x30 0x8000d3b0
core   0: 0x8000b3b4 (0xc43f2823) sw      gp, -944(t5)
core   0: 3 0x8000b3b4 (0xc43f2823) mem 0x8000d000 0x00000001
core   0: 0x8000b3b8 (0xff9ff06f) j       pc - 0x8
core   0: 3 0x8000b3b8 (0xff9ff06f)
core   0: 0x8000b3b0 (0x00002f17) auipc   t5, 0x2
core   0: 3 0x8000b3b0 (0x00002f17) x30 0x8000d3b0
core   0: 0x8000b3b4 (0xc43f2823) sw      gp, -944(t5)
core   0: 3 0x8000b3b4 (0xc43f2823) mem 0x8000d000 0x00000001
core   0: 0x8000b3b8 (0xff9ff06f) j       pc - 0x8
core   0: 3 0x8000b3b8 (0xff9ff06f)
core   0: 0x8000b3b0 (0x00002f17) auipc   t5, 0x2
core   0: 3 0x8000b3b0 (0x00002f17) x30 0x8000d3b0
core   0: 0x8000b3b4 (0xc43f2823) sw      gp, -944(t5)
core   0: 3 0x8000b3b4 (0xc43f2823) mem 0x8000d000 0x00000001
core   0: 0x8000b3b8 (0xff9ff06f) j       pc - 0x8
core   0: 3 0x8000b3b8 (0xff9ff06f)
core   0: 0x8000b3b0 (0x00002f17) auipc   t5, 0x2
core   0: 3 0x8000b3b0 (0x00002f17) x30 0x8000d3b0
core   0: 0x8000b3b4 (0xc43f2823) sw      gp, -944(t5)
core   0: 3 0x8000b3b4 (0xc43f2823) mem 0x8000d000 0x00000001
core   0: 0x8000b3b8 (0xff9ff06f) j       pc - 0x8
core   0: 3 0x8000b3b8 (0xff9ff06f)
core   0: 0x8000b3b0 (0x00002f17) auipc   t5, 0x2
core   0: 3 0x8000b3b0 (0x00002f17) x30 0x8000d3b0
core   0: 0x8000b3b4 (0xc43f2823) sw      gp, -944(t5)
core   0: 3 0x8000b3b4 (0xc43f2823) mem 0x8000d000 0x00000001
core   0: 0x8000b3b8 (0xff9ff06f) j       pc - 0x8
core   0: 3 0x8000b3b8 (0xff9ff06f)
core   0: 0x8000b3b0 (0x00002f17) auipc   t5, 0x2
core   0: 3 0x8000b3b0 (0x00002f17) x30 0x8000d3b0
core   0: 0x8000b3b4 (0xc43f2823) sw      gp, -944(t5)
core   0: 3 0x8000b3b4 (0xc43f2823) mem 0x8000d000 0x00000001
core   0: 0x8000b3b8 (0xff9ff06f) j       pc - 0x8
core   0: 3 0x8000b3b8 (0xff9ff06f)
core   0: 0x8000b3b0 (0x00002f17) auipc   t5, 0x2
core   0: 3 0x8000b3b0 (0x00002f17) x30 0x8000d3b0
core   0: 0x8000b3b4 (0xc43f2823) sw      gp, -944(t5)
core   0: 3 0x8000b3b4 (0xc43f2823) mem 0x8000d000 0x00000001
core   0: 0x8000b3b8 (0xff9ff06f) j       pc - 0x8
core   0: 3 0x8000b3b8 (0xff9ff06f)
core   0: 0x8000b3b0 (0x00002f17) auipc   t5, 0x2
core   0: 3 0x8000b3b0 (0x00002f17) x30 0x8000d3b0
core   0: 0x8000b3b4 (0xc43f2823) sw      gp, -944(t5)
core   0: 3 0x8000b3b4 (0xc43f2823) mem 0x8000d000 0x00000001
core   0: 0x8000b3b8 (0xff9ff06f) j       pc - 0x8
core   0: 3 0x8000b3b8 (0xff9ff06f)
core   0: 0x8000b3b0 (0x00002f17) auipc   t5, 0x2
core   0: 3 0x8000b3b0 (0x00002f17) x30 0x8000d3b0
core   0: 0x8000b3b4 (0xc43f2823) sw      gp, -944(t5)
core   0: 3 0x8000b3b4 (0xc43f2823) mem 0x8000d000 0x00000001
core   0: 0x8000b3b8 (0xff9ff06f) j       pc - 0x8
core   0: 3 0x8000b3b8 (0xff9ff06f)
core   0: 0x8000b3b0 (0x00002f17) auipc   t5, 0x2
core   0: 3 0x8000b3b0 (0x00002f17) x30 0x8000d3b0
core   0: 0x8000b3b4 (0xc43f2823) sw      gp, -944(t5)
core   0: 3 0x8000b3b4 (0xc43f2823) mem 0x8000d000 0x00000001
core   0: 0x8000b3b8 (0xff9ff06f) j       pc - 0x8
core   0: 3 0x8000b3b8 (0xff9ff06f)
core   0: 0x8000b3b0 (0x00002f17) auipc   t5, 0x2
core   0: 3 0x8000b3b0 (0x00002f17) x30 0x8000d3b0
core   0: 0x8000b3b4 (0xc43f2823) sw      gp, -944(t5)
core   0: 3 0x8000b3b4 (0xc43f2823) mem 0x8000d000 0x00000001
core   0: 0x8000b3b8 (0xff9ff06f) j       pc - 0x8
core   0: 3 0x8000b3b8 (0xff9ff06f)
core   0: 0x8000b3b0 (0x00002f17) auipc   t5, 0x2
core   0: 3 0x8000b3b0 (0x00002f17) x30 0x8000d3b0
core   0: 0x8000b3b4 (0xc43f2823) sw      gp, -944(t5)
core   0: 3 0x8000b3b4 (0xc43f2823) mem 0x8000d000 0x00000001
core   0: 0x8000b3b8 (0xff9ff06f) j       pc - 0x8
core   0: 3 0x8000b3b8 (0xff9ff06f)
core   0: 0x8000b3b0 (0x00002f17) auipc   t5, 0x2
core   0: 3 0x8000b3b0 (0x00002f17) x30 0x8000d3b0
core   0: 0x8000b3b4 (0xc43f2823) sw      gp, -944(t5)
core   0: 3 0x8000b3b4 (0xc43f2823) mem 0x8000d000 0x00000001
core   0: 0x8000b3b8 (0xff9ff06f) j       pc - 0x8
core   0: 3 0x8000b3b8 (0xff9ff06f)
core   0: 0x8000b3b0 (0x00002f17) auipc   t5, 0x2
core   0: 3 0x8000b3b0 (0x00002f17) x30 0x8000d3b0
core   0: 0x8000b3b4 (0xc43f2823) sw      gp, -944(t5)
core   0: 3 0x8000b3b4 (0xc43f2823) mem 0x8000d000 0x00000001
core   0: 0x8000b3b8 (0xff9ff06f) j       pc - 0x8
core   0: 3 0x8000b3b8 (0xff9ff06f)
core   0: 0x8000b3b0 (0x00002f17) auipc   t5, 0x2
core   0: 3 0x8000b3b0 (0x00002f17) x30 0x8000d3b0
core   0: 0x8000b3b4 (0xc43f2823) sw      gp, -944(t5)
core   0: 3 0x8000b3b4 (0xc43f2823) mem 0x8000d000 0x00000001
core   0: 0x8000b3b8 (0xff9ff06f) j       pc - 0x8
core   0: 3 0x8000b3b8 (0xff9ff06f)
core   0: 0x8000b3b0 (0x00002f17) auipc   t5, 0x2
core   0: 3 0x8000b3b0 (0x00002f17) x30 0x8000d3b0
core   0: 0x8000b3b4 (0xc43f2823) sw      gp, -944(t5)
core   0: 3 0x8000b3b4 (0xc43f2823) mem 0x8000d000 0x00000001
core   0: 0x8000b3b8 (0xff9ff06f) j       pc - 0x8
core   0: 3 0x8000b3b8 (0xff9ff06f)
core   0: 0x8000b3b0 (0x00002f17) auipc   t5, 0x2
core   0: 3 0x8000b3b0 (0x00002f17) x30 0x8000d3b0
core   0: 0x8000b3b4 (0xc43f2823) sw      gp, -944(t5)
core   0: 3 0x8000b3b4 (0xc43f2823) mem 0x8000d000 0x00000001
core   0: 0x8000b3b8 (0xff9ff06f) j       pc - 0x8
core   0: 3 0x8000b3b8 (0xff9ff06f)
core   0: 0x8000b3b0 (0x00002f17) auipc   t5, 0x2
core   0: 3 0x8000b3b0 (0x00002f17) x30 0x8000d3b0
core   0: 0x8000b3b4 (0xc43f2823) sw      gp, -944(t5)
core   0: 3 0x8000b3b4 (0xc43f2823) mem 0x8000d000 0x00000001
core   0: 0x8000b3b8 (0xff9ff06f) j       pc - 0x8
core   0: 3 0x8000b3b8 (0xff9ff06f)
core   0: 0x8000b3b0 (0x00002f17) auipc   t5, 0x2
core   0: 3 0x8000b3b0 (0x00002f17) x30 0x8000d3b0
core   0: 0x8000b3b4 (0xc43f2823) sw      gp, -944(t5)
core   0: 3 0x8000b3b4 (0xc43f2823) mem 0x8000d000 0x00000001
core   0: 0x8000b3b8 (0xff9ff06f) j       pc - 0x8
core   0: 3 0x8000b3b8 (0xff9ff06f)
core   0: 0x8000b3b0 (0x00002f17) auipc   t5, 0x2
core   0: 3 0x8000b3b0 (0x00002f17) x30 0x8000d3b0
core   0: 0x8000b3b4 (0xc43f2823) sw      gp, -944(t5)
core   0: 3 0x8000b3b4 (0xc43f2823) mem 0x8000d000 0x00000001
core   0: 0x8000b3b8 (0xff9ff06f) j       pc - 0x8
core   0: 3 0x8000b3b8 (0xff9ff06f)
core   0: 0x8000b3b0 (0x00002f17) auipc   t5, 0x2
core   0: 3 0x8000b3b0 (0x00002f17) x30 0x8000d3b0
core   0: 0x8000b3b4 (0xc43f2823) sw      gp, -944(t5)
core   0: 3 0x8000b3b4 (0xc43f2823) mem 0x8000d000 0x00000001
core   0: 0x8000b3b8 (0xff9ff06f) j       pc - 0x8
core   0: 3 0x8000b3b8 (0xff9ff06f)
core   0: 0x8000b3b0 (0x00002f17) auipc   t5, 0x2
core   0: 3 0x8000b3b0 (0x00002f17) x30 0x8000d3b0
core   0: 0x8000b3b4 (0xc43f2823) sw      gp, -944(t5)
core   0: 3 0x8000b3b4 (0xc43f2823) mem 0x8000d000 0x00000001
core   0: 0x8000b3b8 (0xff9ff06f) j       pc - 0x8
core   0: 3 0x8000b3b8 (0xff9ff06f)
core   0: 0x8000b3b0 (0x00002f17) auipc   t5, 0x2
core   0: 3 0x8000b3b0 (0x00002f17) x30 0x8000d3b0
core   0: 0x8000b3b4 (0xc43f2823) sw      gp, -944(t5)
core   0: 3 0x8000b3b4 (0xc43f2823) mem 0x8000d000 0x00000001
core   0: 0x8000b3b8 (0xff9ff06f) j       pc - 0x8
core   0: 3 0x8000b3b8 (0xff9ff06f)
core   0: 0x8000b3b0 (0x00002f17) auipc   t5, 0x2
core   0: 3 0x8000b3b0 (0x00002f17) x30 0x8000d3b0
core   0: 0x8000b3b4 (0xc43f2823) sw      gp, -944(t5)
core   0: 3 0x8000b3b4 (0xc43f2823) mem 0x8000d000 0x00000001
core   0: 0x8000b3b8 (0xff9ff06f) j       pc - 0x8
core   0: 3 0x8000b3b8 (0xff9ff06f)
core   0: 0x8000b3b0 (0x00002f17) auipc   t5, 0x2
core   0: 3 0x8000b3b0 (0x00002f17) x30 0x8000d3b0
core   0: 0x8000b3b4 (0xc43f2823) sw      gp, -944(t5)
core   0: 3 0x8000b3b4 (0xc43f2823) mem 0x8000d000 0x00000001
core   0: 0x8000b3b8 (0xff9ff06f) j       pc - 0x8
core   0: 3 0x8000b3b8 (0xff9ff06f)
core   0: 0x8000b3b0 (0x00002f17) auipc   t5, 0x2
core   0: 3 0x8000b3b0 (0x00002f17) x30 0x8000d3b0
core   0: 0x8000b3b4 (0xc43f2823) sw      gp, -944(t5)
core   0: 3 0x8000b3b4 (0xc43f2823) mem 0x8000d000 0x00000001
core   0: 0x8000b3b8 (0xff9ff06f) j       pc - 0x8
core   0: 3 0x8000b3b8 (0xff9ff06f)
core   0: 0x8000b3b0 (0x00002f17) auipc   t5, 0x2
core   0: 3 0x8000b3b0 (0x00002f17) x30 0x8000d3b0
core   0: 0x8000b3b4 (0xc43f2823) sw      gp, -944(t5)
core   0: 3 0x8000b3b4 (0xc43f2823) mem 0x8000d000 0x00000001
core   0: 0x8000b3b8 (0xff9ff06f) j       pc - 0x8
core   0: 3 0x8000b3b8 (0xff9ff06f)
core   0: 0x8000b3b0 (0x00002f17) auipc   t5, 0x2
core   0: 3 0x8000b3b0 (0x00002f17) x30 0x8000d3b0
core   0: 0x8000b3b4 (0xc43f2823) sw      gp, -944(t5)
core   0: 3 0x8000b3b4 (0xc43f2823) mem 0x8000d000 0x00000001
core   0: 0x8000b3b8 (0xff9ff06f) j       pc - 0x8
core   0: 3 0x8000b3b8 (0xff9ff06f)
core   0: 0x8000b3b0 (0x00002f17) auipc   t5, 0x2
core   0: 3 0x8000b3b0 (0x00002f17) x30 0x8000d3b0
core   0: 0x8000b3b4 (0xc43f2823) sw      gp, -944(t5)
core   0: 3 0x8000b3b4 (0xc43f2823) mem 0x8000d000 0x00000001
core   0: 0x8000b3b8 (0xff9ff06f) j       pc - 0x8
core   0: 3 0x8000b3b8 (0xff9ff06f)
core   0: 0x8000b3b0 (0x00002f17) auipc   t5, 0x2
core   0: 3 0x8000b3b0 (0x00002f17) x30 0x8000d3b0
core   0: 0x8000b3b4 (0xc43f2823) sw      gp, -944(t5)
core   0: 3 0x8000b3b4 (0xc43f2823) mem 0x8000d000 0x00000001
core   0: 0x8000b3b8 (0xff9ff06f) j       pc - 0x8
core   0: 3 0x8000b3b8 (0xff9ff06f)
core   0: 0x8000b3b0 (0x00002f17) auipc   t5, 0x2
core   0: 3 0x8000b3b0 (0x00002f17) x30 0x8000d3b0
core   0: 0x8000b3b4 (0xc43f2823) sw      gp, -944(t5)
core   0: 3 0x8000b3b4 (0xc43f2823) mem 0x8000d000 0x00000001
core   0: 0x8000b3b8 (0xff9ff06f) j       pc - 0x8
core   0: 3 0x8000b3b8 (0xff9ff06f)
core   0: 0x8000b3b0 (0x00002f17) auipc   t5, 0x2
core   0: 3 0x8000b3b0 (0x00002f17) x30 0x8000d3b0
core   0: 0x8000b3b4 (0xc43f2823) sw      gp, -944(t5)
core   0: 3 0x8000b3b4 (0xc43f2823) mem 0x8000d000 0x00000001
core   0: 0x8000b3b8 (0xff9ff06f) j       pc - 0x8
core   0: 3 0x8000b3b8 (0xff9ff06f)
core   0: 0x8000b3b0 (0x00002f17) auipc   t5, 0x2
core   0: 3 0x8000b3b0 (0x00002f17) x30 0x8000d3b0
core   0: 0x8000b3b4 (0xc43f2823) sw      gp, -944(t5)
core   0: 3 0x8000b3b4 (0xc43f2823) mem 0x8000d000 0x00000001
core   0: 0x8000b3b8 (0xff9ff06f) j       pc - 0x8
core   0: 3 0x8000b3b8 (0xff9ff06f)
core   0: 0x8000b3b0 (0x00002f17) auipc   t5, 0x2
core   0: 3 0x8000b3b0 (0x00002f17) x30 0x8000d3b0
core   0: 0x8000b3b4 (0xc43f2823) sw      gp, -944(t5)
core   0: 3 0x8000b3b4 (0xc43f2823) mem 0x8000d000 0x00000001
core   0: 0x8000b3b8 (0xff9ff06f) j       pc - 0x8
core   0: 3 0x8000b3b8 (0xff9ff06f)
core   0: 0x8000b3b0 (0x00002f17) auipc   t5, 0x2
core   0: 3 0x8000b3b0 (0x00002f17) x30 0x8000d3b0
core   0: 0x8000b3b4 (0xc43f2823) sw      gp, -944(t5)
core   0: 3 0x8000b3b4 (0xc43f2823) mem 0x8000d000 0x00000001
core   0: 0x8000b3b8 (0xff9ff06f) j       pc - 0x8
core   0: 3 0x8000b3b8 (0xff9ff06f)
core   0: 0x8000b3b0 (0x00002f17) auipc   t5, 0x2
core   0: 3 0x8000b3b0 (0x00002f17) x30 0x8000d3b0
core   0: 0x8000b3b4 (0xc43f2823) sw      gp, -944(t5)
core   0: 3 0x8000b3b4 (0xc43f2823) mem 0x8000d000 0x00000001
core   0: 0x8000b3b8 (0xff9ff06f) j       pc - 0x8
core   0: 3 0x8000b3b8 (0xff9ff06f)
core   0: 0x8000b3b0 (0x00002f17) auipc   t5, 0x2
core   0: 3 0x8000b3b0 (0x00002f17) x30 0x8000d3b0
core   0: 0x8000b3b4 (0xc43f2823) sw      gp, -944(t5)
core   0: 3 0x8000b3b4 (0xc43f2823) mem 0x8000d000 0x00000001
core   0: 0x8000b3b8 (0xff9ff06f) j       pc - 0x8
core   0: 3 0x8000b3b8 (0xff9ff06f)
core   0: 0x8000b3b0 (0x00002f17) auipc   t5, 0x2
core   0: 3 0x8000b3b0 (0x00002f17) x30 0x8000d3b0
core   0: 0x8000b3b4 (0xc43f2823) sw      gp, -944(t5)
core   0: 3 0x8000b3b4 (0xc43f2823) mem 0x8000d000 0x00000001
core   0: 0x8000b3b8 (0xff9ff06f) j       pc - 0x8
core   0: 3 0x8000b3b8 (0xff9ff06f)
core   0: 0x8000b3b0 (0x00002f17) auipc   t5, 0x2
core   0: 3 0x8000b3b0 (0x00002f17) x30 0x8000d3b0
core   0: 0x8000b3b4 (0xc43f2823) sw      gp, -944(t5)
core   0: 3 0x8000b3b4 (0xc43f2823) mem 0x8000d000 0x00000001
core   0: 0x8000b3b8 (0xff9ff06f) j       pc - 0x8
core   0: 3 0x8000b3b8 (0xff9ff06f)
core   0: 0x8000b3b0 (0x00002f17) auipc   t5, 0x2
core   0: 3 0x8000b3b0 (0x00002f17) x30 0x8000d3b0
core   0: 0x8000b3b4 (0xc43f2823) sw      gp, -944(t5)
core   0: 3 0x8000b3b4 (0xc43f2823) mem 0x8000d000 0x00000001
core   0: 0x8000b3b8 (0xff9ff06f) j       pc - 0x8
core   0: 3 0x8000b3b8 (0xff9ff06f)
core   0: 0x8000b3b0 (0x00002f17) auipc   t5, 0x2
core   0: 3 0x8000b3b0 (0x00002f17) x30 0x8000d3b0
core   0: 0x8000b3b4 (0xc43f2823) sw      gp, -944(t5)
core   0: 3 0x8000b3b4 (0xc43f2823) mem 0x8000d000 0x00000001
core   0: 0x8000b3b8 (0xff9ff06f) j       pc - 0x8
core   0: 3 0x8000b3b8 (0xff9ff06f)
core   0: 0x8000b3b0 (0x00002f17) auipc   t5, 0x2
core   0: 3 0x8000b3b0 (0x00002f17) x30 0x8000d3b0
core   0: 0x8000b3b4 (0xc43f2823) sw      gp, -944(t5)
core   0: 3 0x8000b3b4 (0xc43f2823) mem 0x8000d000 0x00000001
core   0: 0x8000b3b8 (0xff9ff06f) j       pc - 0x8
core   0: 3 0x8000b3b8 (0xff9ff06f)
core   0: 0x8000b3b0 (0x00002f17) auipc   t5, 0x2
core   0: 3 0x8000b3b0 (0x00002f17) x30 0x8000d3b0
core   0: 0x8000b3b4 (0xc43f2823) sw      gp, -944(t5)
core   0: 3 0x8000b3b4 (0xc43f2823) mem 0x8000d000 0x00000001
core   0: 0x8000b3b8 (0xff9ff06f) j       pc - 0x8
core   0: 3 0x8000b3b8 (0xff9ff06f)
core   0: 0x8000b3b0 (0x00002f17) auipc   t5, 0x2
core   0: 3 0x8000b3b0 (0x00002f17) x30 0x8000d3b0
core   0: 0x8000b3b4 (0xc43f2823) sw      gp, -944(t5)
core   0: 3 0x8000b3b4 (0xc43f2823) mem 0x8000d000 0x00000001
core   0: 0x8000b3b8 (0xff9ff06f) j       pc - 0x8
core   0: 3 0x8000b3b8 (0xff9ff06f)
core   0: 0x8000b3b0 (0x00002f17) auipc   t5, 0x2
core   0: 3 0x8000b3b0 (0x00002f17) x30 0x8000d3b0
core   0: 0x8000b3b4 (0xc43f2823) sw      gp, -944(t5)
core   0: 3 0x8000b3b4 (0xc43f2823) mem 0x8000d000 0x00000001
core   0: 0x8000b3b8 (0xff9ff06f) j       pc - 0x8
core   0: 3 0x8000b3b8 (0xff9ff06f)
core   0: 0x8000b3b0 (0x00002f17) auipc   t5, 0x2
core   0: 3 0x8000b3b0 (0x00002f17) x30 0x8000d3b0
core   0: 0x8000b3b4 (0xc43f2823) sw      gp, -944(t5)
core   0: 3 0x8000b3b4 (0xc43f2823) mem 0x8000d000 0x00000001
core   0: 0x8000b3b8 (0xff9ff06f) j       pc - 0x8
core   0: 3 0x8000b3b8 (0xff9ff06f)
core   0: 0x8000b3b0 (0x00002f17) auipc   t5, 0x2
core   0: 3 0x8000b3b0 (0x00002f17) x30 0x8000d3b0
core   0: 0x8000b3b4 (0xc43f2823) sw      gp, -944(t5)
core   0: 3 0x8000b3b4 (0xc43f2823) mem 0x8000d000 0x00000001
core   0: 0x8000b3b8 (0xff9ff06f) j       pc - 0x8
core   0: 3 0x8000b3b8 (0xff9ff06f)
core   0: 0x8000b3b0 (0x00002f17) auipc   t5, 0x2
core   0: 3 0x8000b3b0 (0x00002f17) x30 0x8000d3b0
core   0: 0x8000b3b4 (0xc43f2823) sw      gp, -944(t5)
core   0: 3 0x8000b3b4 (0xc43f2823) mem 0x8000d000 0x00000001
core   0: 0x8000b3b8 (0xff9ff06f) j       pc - 0x8
core   0: 3 0x8000b3b8 (0xff9ff06f)
core   0: 0x8000b3b0 (0x00002f17) auipc   t5, 0x2
core   0: 3 0x8000b3b0 (0x00002f17) x30 0x8000d3b0
core   0: 0x8000b3b4 (0xc43f2823) sw      gp, -944(t5)
core   0: 3 0x8000b3b4 (0xc43f2823) mem 0x8000d000 0x00000001
core   0: 0x8000b3b8 (0xff9ff06f) j       pc - 0x8
core   0: 3 0x8000b3b8 (0xff9ff06f)
core   0: 0x8000b3b0 (0x00002f17) auipc   t5, 0x2
core   0: 3 0x8000b3b0 (0x00002f17) x30 0x8000d3b0
core   0: 0x8000b3b4 (0xc43f2823) sw      gp, -944(t5)
core   0: 3 0x8000b3b4 (0xc43f2823) mem 0x8000d000 0x00000001
core   0: 0x8000b3b8 (0xff9ff06f) j       pc - 0x8
core   0: 3 0x8000b3b8 (0xff9ff06f)
core   0: 0x8000b3b0 (0x00002f17) auipc   t5, 0x2
core   0: 3 0x8000b3b0 (0x00002f17) x30 0x8000d3b0
core   0: 0x8000b3b4 (0xc43f2823) sw      gp, -944(t5)
core   0: 3 0x8000b3b4 (0xc43f2823) mem 0x8000d000 0x00000001
core   0: 0x8000b3b8 (0xff9ff06f) j       pc - 0x8
core   0: 3 0x8000b3b8 (0xff9ff06f)
core   0: 0x8000b3b0 (0x00002f17) auipc   t5, 0x2
core   0: 3 0x8000b3b0 (0x00002f17) x30 0x8000d3b0
core   0: 0x8000b3b4 (0xc43f2823) sw      gp, -944(t5)
core   0: 3 0x8000b3b4 (0xc43f2823) mem 0x8000d000 0x00000001
core   0: 0x8000b3b8 (0xff9ff06f) j       pc - 0x8
core   0: 3 0x8000b3b8 (0xff9ff06f)
core   0: 0x8000b3b0 (0x00002f17) auipc   t5, 0x2
core   0: 3 0x8000b3b0 (0x00002f17) x30 0x8000d3b0
core   0: 0x8000b3b4 (0xc43f2823) sw      gp, -944(t5)
core   0: 3 0x8000b3b4 (0xc43f2823) mem 0x8000d000 0x00000001
core   0: 0x8000b3b8 (0xff9ff06f) j       pc - 0x8
core   0: 3 0x8000b3b8 (0xff9ff06f)
core   0: 0x8000b3b0 (0x00002f17) auipc   t5, 0x2
core   0: 3 0x8000b3b0 (0x00002f17) x30 0x8000d3b0
core   0: 0x8000b3b4 (0xc43f2823) sw      gp, -944(t5)
core   0: 3 0x8000b3b4 (0xc43f2823) mem 0x8000d000 0x00000001
core   0: 0x8000b3b8 (0xff9ff06f) j       pc - 0x8
core   0: 3 0x8000b3b8 (0xff9ff06f)
core   0: 0x8000b3b0 (0x00002f17) auipc   t5, 0x2
core   0: 3 0x8000b3b0 (0x00002f17) x30 0x8000d3b0
core   0: 0x8000b3b4 (0xc43f2823) sw      gp, -944(t5)
core   0: 3 0x8000b3b4 (0xc43f2823) mem 0x8000d000 0x00000001
core   0: 0x8000b3b8 (0xff9ff06f) j       pc - 0x8
core   0: 3 0x8000b3b8 (0xff9ff06f)
core   0: 0x8000b3b0 (0x00002f17) auipc   t5, 0x2
core   0: 3 0x8000b3b0 (0x00002f17) x30 0x8000d3b0
core   0: 0x8000b3b4 (0xc43f2823) sw      gp, -944(t5)
core   0: 3 0x8000b3b4 (0xc43f2823) mem 0x8000d000 0x00000001
core   0: 0x8000b3b8 (0xff9ff06f) j       pc - 0x8
core   0: 3 0x8000b3b8 (0xff9ff06f)
core   0: 0x8000b3b0 (0x00002f17) auipc   t5, 0x2
core   0: 3 0x8000b3b0 (0x00002f17) x30 0x8000d3b0
core   0: 0x8000b3b4 (0xc43f2823) sw      gp, -944(t5)
core   0: 3 0x8000b3b4 (0xc43f2823) mem 0x8000d000 0x00000001
core   0: 0x8000b3b8 (0xff9ff06f) j       pc - 0x8
core   0: 3 0x8000b3b8 (0xff9ff06f)
core   0: 0x8000b3b0 (0x00002f17) auipc   t5, 0x2
core   0: 3 0x8000b3b0 (0x00002f17) x30 0x8000d3b0
core   0: 0x8000b3b4 (0xc43f2823) sw      gp, -944(t5)
core   0: 3 0x8000b3b4 (0xc43f2823) mem 0x8000d000 0x00000001
core   0: 0x8000b3b8 (0xff9ff06f) j       pc - 0x8
core   0: 3 0x8000b3b8 (0xff9ff06f)
core   0: 0x8000b3b0 (0x00002f17) auipc   t5, 0x2
core   0: 3 0x8000b3b0 (0x00002f17) x30 0x8000d3b0
core   0: 0x8000b3b4 (0xc43f2823) sw      gp, -944(t5)
core   0: 3 0x8000b3b4 (0xc43f2823) mem 0x8000d000 0x00000001
core   0: 0x8000b3b8 (0xff9ff06f) j       pc - 0x8
core   0: 3 0x8000b3b8 (0xff9ff06f)
core   0: 0x8000b3b0 (0x00002f17) auipc   t5, 0x2
core   0: 3 0x8000b3b0 (0x00002f17) x30 0x8000d3b0
core   0: 0x8000b3b4 (0xc43f2823) sw      gp, -944(t5)
core   0: 3 0x8000b3b4 (0xc43f2823) mem 0x8000d000 0x00000001
core   0: 0x8000b3b8 (0xff9ff06f) j       pc - 0x8
core   0: 3 0x8000b3b8 (0xff9ff06f)
core   0: 0x8000b3b0 (0x00002f17) auipc   t5, 0x2
core   0: 3 0x8000b3b0 (0x00002f17) x30 0x8000d3b0
core   0: 0x8000b3b4 (0xc43f2823) sw      gp, -944(t5)
core   0: 3 0x8000b3b4 (0xc43f2823) mem 0x8000d000 0x00000001
core   0: 0x8000b3b8 (0xff9ff06f) j       pc - 0x8
core   0: 3 0x8000b3b8 (0xff9ff06f)
core   0: 0x8000b3b0 (0x00002f17) auipc   t5, 0x2
core   0: 3 0x8000b3b0 (0x00002f17) x30 0x8000d3b0
core   0: 0x8000b3b4 (0xc43f2823) sw      gp, -944(t5)
core   0: 3 0x8000b3b4 (0xc43f2823) mem 0x8000d000 0x00000001
core   0: 0x8000b3b8 (0xff9ff06f) j       pc - 0x8
core   0: 3 0x8000b3b8 (0xff9ff06f)
core   0: 0x8000b3b0 (0x00002f17) auipc   t5, 0x2
core   0: 3 0x8000b3b0 (0x00002f17) x30 0x8000d3b0
core   0: 0x8000b3b4 (0xc43f2823) sw      gp, -944(t5)
core   0: 3 0x8000b3b4 (0xc43f2823) mem 0x8000d000 0x00000001
core   0: 0x8000b3b8 (0xff9ff06f) j       pc - 0x8
core   0: 3 0x8000b3b8 (0xff9ff06f)
core   0: 0x8000b3b0 (0x00002f17) auipc   t5, 0x2
core   0: 3 0x8000b3b0 (0x00002f17) x30 0x8000d3b0
core   0: 0x8000b3b4 (0xc43f2823) sw      gp, -944(t5)
core   0: 3 0x8000b3b4 (0xc43f2823) mem 0x8000d000 0x00000001
core   0: 0x8000b3b8 (0xff9ff06f) j       pc - 0x8
core   0: 3 0x8000b3b8 (0xff9ff06f)
core   0: 0x8000b3b0 (0x00002f17) auipc   t5, 0x2
core   0: 3 0x8000b3b0 (0x00002f17) x30 0x8000d3b0
core   0: 0x8000b3b4 (0xc43f2823) sw      gp, -944(t5)
core   0: 3 0x8000b3b4 (0xc43f2823) mem 0x8000d000 0x00000001
core   0: 0x8000b3b8 (0xff9ff06f) j       pc - 0x8
core   0: 3 0x8000b3b8 (0xff9ff06f)
core   0: 0x8000b3b0 (0x00002f17) auipc   t5, 0x2
core   0: 3 0x8000b3b0 (0x00002f17) x30 0x8000d3b0
core   0: 0x8000b3b4 (0xc43f2823) sw      gp, -944(t5)
core   0: 3 0x8000b3b4 (0xc43f2823) mem 0x8000d000 0x00000001
core   0: 0x8000b3b8 (0xff9ff06f) j       pc - 0x8
core   0: 3 0x8000b3b8 (0xff9ff06f)
core   0: 0x8000b3b0 (0x00002f17) auipc   t5, 0x2
core   0: 3 0x8000b3b0 (0x00002f17) x30 0x8000d3b0
core   0: 0x8000b3b4 (0xc43f2823) sw      gp, -944(t5)
core   0: 3 0x8000b3b4 (0xc43f2823) mem 0x8000d000 0x00000001
core   0: 0x8000b3b8 (0xff9ff06f) j       pc - 0x8
core   0: 3 0x8000b3b8 (0xff9ff06f)
core   0: 0x8000b3b0 (0x00002f17) auipc   t5, 0x2
core   0: 3 0x8000b3b0 (0x00002f17) x30 0x8000d3b0
core   0: 0x8000b3b4 (0xc43f2823) sw      gp, -944(t5)
core   0: 3 0x8000b3b4 (0xc43f2823) mem 0x8000d000 0x00000001
core   0: 0x8000b3b8 (0xff9ff06f) j       pc - 0x8
core   0: 3 0x8000b3b8 (0xff9ff06f)
core   0: 0x8000b3b0 (0x00002f17) auipc   t5, 0x2
core   0: 3 0x8000b3b0 (0x00002f17) x30 0x8000d3b0
core   0: 0x8000b3b4 (0xc43f2823) sw      gp, -944(t5)
core   0: 3 0x8000b3b4 (0xc43f2823) mem 0x8000d000 0x00000001
core   0: 0x8000b3b8 (0xff9ff06f) j       pc - 0x8
core   0: 3 0x8000b3b8 (0xff9ff06f)
core   0: 0x8000b3b0 (0x00002f17) auipc   t5, 0x2
core   0: 3 0x8000b3b0 (0x00002f17) x30 0x8000d3b0
core   0: 0x8000b3b4 (0xc43f2823) sw      gp, -944(t5)
core   0: 3 0x8000b3b4 (0xc43f2823) mem 0x8000d000 0x00000001
core   0: 0x8000b3b8 (0xff9ff06f) j       pc - 0x8
core   0: 3 0x8000b3b8 (0xff9ff06f)
core   0: 0x8000b3b0 (0x00002f17) auipc   t5, 0x2
core   0: 3 0x8000b3b0 (0x00002f17) x30 0x8000d3b0
core   0: 0x8000b3b4 (0xc43f2823) sw      gp, -944(t5)
core   0: 3 0x8000b3b4 (0xc43f2823) mem 0x8000d000 0x00000001
core   0: 0x8000b3b8 (0xff9ff06f) j       pc - 0x8
core   0: 3 0x8000b3b8 (0xff9ff06f)
core   0: 0x8000b3b0 (0x00002f17) auipc   t5, 0x2
core   0: 3 0x8000b3b0 (0x00002f17) x30 0x8000d3b0
core   0: 0x8000b3b4 (0xc43f2823) sw      gp, -944(t5)
core   0: 3 0x8000b3b4 (0xc43f2823) mem 0x8000d000 0x00000001
core   0: 0x8000b3b8 (0xff9ff06f) j       pc - 0x8
core   0: 3 0x8000b3b8 (0xff9ff06f)
core   0: 0x8000b3b0 (0x00002f17) auipc   t5, 0x2
core   0: 3 0x8000b3b0 (0x00002f17) x30 0x8000d3b0
core   0: 0x8000b3b4 (0xc43f2823) sw      gp, -944(t5)
core   0: 3 0x8000b3b4 (0xc43f2823) mem 0x8000d000 0x00000001
core   0: 0x8000b3b8 (0xff9ff06f) j       pc - 0x8
core   0: 3 0x8000b3b8 (0xff9ff06f)
core   0: 0x8000b3b0 (0x00002f17) auipc   t5, 0x2
core   0: 3 0x8000b3b0 (0x00002f17) x30 0x8000d3b0
core   0: 0x8000b3b4 (0xc43f2823) sw      gp, -944(t5)
core   0: 3 0x8000b3b4 (0xc43f2823) mem 0x8000d000 0x00000001
core   0: 0x8000b3b8 (0xff9ff06f) j       pc - 0x8
core   0: 3 0x8000b3b8 (0xff9ff06f)
core   0: 0x8000b3b0 (0x00002f17) auipc   t5, 0x2
core   0: 3 0x8000b3b0 (0x00002f17) x30 0x8000d3b0
core   0: 0x8000b3b4 (0xc43f2823) sw      gp, -944(t5)
core   0: 3 0x8000b3b4 (0xc43f2823) mem 0x8000d000 0x00000001
core   0: 0x8000b3b8 (0xff9ff06f) j       pc - 0x8
core   0: 3 0x8000b3b8 (0xff9ff06f)
core   0: 0x8000b3b0 (0x00002f17) auipc   t5, 0x2
core   0: 3 0x8000b3b0 (0x00002f17) x30 0x8000d3b0
core   0: 0x8000b3b4 (0xc43f2823) sw      gp, -944(t5)
core   0: 3 0x8000b3b4 (0xc43f2823) mem 0x8000d000 0x00000001
core   0: 0x8000b3b8 (0xff9ff06f) j       pc - 0x8
core   0: 3 0x8000b3b8 (0xff9ff06f)
core   0: 0x8000b3b0 (0x00002f17) auipc   t5, 0x2
core   0: 3 0x8000b3b0 (0x00002f17) x30 0x8000d3b0
core   0: 0x8000b3b4 (0xc43f2823) sw      gp, -944(t5)
core   0: 3 0x8000b3b4 (0xc43f2823) mem 0x8000d000 0x00000001
core   0: 0x8000b3b8 (0xff9ff06f) j       pc - 0x8
core   0: 3 0x8000b3b8 (0xff9ff06f)
core   0: 0x8000b3b0 (0x00002f17) auipc   t5, 0x2
core   0: 3 0x8000b3b0 (0x00002f17) x30 0x8000d3b0
core   0: 0x8000b3b4 (0xc43f2823) sw      gp, -944(t5)
core   0: 3 0x8000b3b4 (0xc43f2823) mem 0x8000d000 0x00000001
core   0: 0x8000b3b8 (0xff9ff06f) j       pc - 0x8
core   0: 3 0x8000b3b8 (0xff9ff06f)
core   0: 0x8000b3b0 (0x00002f17) auipc   t5, 0x2
core   0: 3 0x8000b3b0 (0x00002f17) x30 0x8000d3b0
core   0: 0x8000b3b4 (0xc43f2823) sw      gp, -944(t5)
core   0: 3 0x8000b3b4 (0xc43f2823) mem 0x8000d000 0x00000001
core   0: 0x8000b3b8 (0xff9ff06f) j       pc - 0x8
core   0: 3 0x8000b3b8 (0xff9ff06f)
core   0: 0x8000b3b0 (0x00002f17) auipc   t5, 0x2
core   0: 3 0x8000b3b0 (0x00002f17) x30 0x8000d3b0
core   0: 0x8000b3b4 (0xc43f2823) sw      gp, -944(t5)
core   0: 3 0x8000b3b4 (0xc43f2823) mem 0x8000d000 0x00000001
core   0: 0x8000b3b8 (0xff9ff06f) j       pc - 0x8
core   0: 3 0x8000b3b8 (0xff9ff06f)
core   0: 0x8000b3b0 (0x00002f17) auipc   t5, 0x2
core   0: 3 0x8000b3b0 (0x00002f17) x30 0x8000d3b0
core   0: 0x8000b3b4 (0xc43f2823) sw      gp, -944(t5)
core   0: 3 0x8000b3b4 (0xc43f2823) mem 0x8000d000 0x00000001
core   0: 0x8000b3b8 (0xff9ff06f) j       pc - 0x8
core   0: 3 0x8000b3b8 (0xff9ff06f)
core   0: 0x8000b3b0 (0x00002f17) auipc   t5, 0x2
core   0: 3 0x8000b3b0 (0x00002f17) x30 0x8000d3b0
core   0: 0x8000b3b4 (0xc43f2823) sw      gp, -944(t5)
core   0: 3 0x8000b3b4 (0xc43f2823) mem 0x8000d000 0x00000001
core   0: 0x8000b3b8 (0xff9ff06f) j       pc - 0x8
core   0: 3 0x8000b3b8 (0xff9ff06f)
core   0: 0x8000b3b0 (0x00002f17) auipc   t5, 0x2
core   0: 3 0x8000b3b0 (0x00002f17) x30 0x8000d3b0
core   0: 0x8000b3b4 (0xc43f2823) sw      gp, -944(t5)
core   0: 3 0x8000b3b4 (0xc43f2823) mem 0x8000d000 0x00000001
core   0: 0x8000b3b8 (0xff9ff06f) j       pc - 0x8
core   0: 3 0x8000b3b8 (0xff9ff06f)
core   0: 0x8000b3b0 (0x00002f17) auipc   t5, 0x2
core   0: 3 0x8000b3b0 (0x00002f17) x30 0x8000d3b0
core   0: 0x8000b3b4 (0xc43f2823) sw      gp, -944(t5)
core   0: 3 0x8000b3b4 (0xc43f2823) mem 0x8000d000 0x00000001
core   0: 0x8000b3b8 (0xff9ff06f) j       pc - 0x8
core   0: 3 0x8000b3b8 (0xff9ff06f)
core   0: 0x8000b3b0 (0x00002f17) auipc   t5, 0x2
core   0: 3 0x8000b3b0 (0x00002f17) x30 0x8000d3b0
core   0: 0x8000b3b4 (0xc43f2823) sw      gp, -944(t5)
core   0: 3 0x8000b3b4 (0xc43f2823) mem 0x8000d000 0x00000001
core   0: 0x8000b3b8 (0xff9ff06f) j       pc - 0x8
core   0: 3 0x8000b3b8 (0xff9ff06f)
core   0: 0x8000b3b0 (0x00002f17) auipc   t5, 0x2
core   0: 3 0x8000b3b0 (0x00002f17) x30 0x8000d3b0
core   0: 0x8000b3b4 (0xc43f2823) sw      gp, -944(t5)
core   0: 3 0x8000b3b4 (0xc43f2823) mem 0x8000d000 0x00000001
core   0: 0x8000b3b8 (0xff9ff06f) j       pc - 0x8
core   0: 3 0x8000b3b8 (0xff9ff06f)
core   0: 0x8000b3b0 (0x00002f17) auipc   t5, 0x2
core   0: 3 0x8000b3b0 (0x00002f17) x30 0x8000d3b0
core   0: 0x8000b3b4 (0xc43f2823) sw      gp, -944(t5)
core   0: 3 0x8000b3b4 (0xc43f2823) mem 0x8000d000 0x00000001
core   0: 0x8000b3b8 (0xff9ff06f) j       pc - 0x8
core   0: 3 0x8000b3b8 (0xff9ff06f)
core   0: 0x8000b3b0 (0x00002f17) auipc   t5, 0x2
core   0: 3 0x8000b3b0 (0x00002f17) x30 0x8000d3b0
core   0: 0x8000b3b4 (0xc43f2823) sw      gp, -944(t5)
core   0: 3 0x8000b3b4 (0xc43f2823) mem 0x8000d000 0x00000001
core   0: 0x8000b3b8 (0xff9ff06f) j       pc - 0x8
core   0: 3 0x8000b3b8 (0xff9ff06f)
core   0: 0x8000b3b0 (0x00002f17) auipc   t5, 0x2
core   0: 3 0x8000b3b0 (0x00002f17) x30 0x8000d3b0
core   0: 0x8000b3b4 (0xc43f2823) sw      gp, -944(t5)
core   0: 3 0x8000b3b4 (0xc43f2823) mem 0x8000d000 0x00000001
core   0: 0x8000b3b8 (0xff9ff06f) j       pc - 0x8
core   0: 3 0x8000b3b8 (0xff9ff06f)
core   0: 0x8000b3b0 (0x00002f17) auipc   t5, 0x2
core   0: 3 0x8000b3b0 (0x00002f17) x30 0x8000d3b0
core   0: 0x8000b3b4 (0xc43f2823) sw      gp, -944(t5)
core   0: 3 0x8000b3b4 (0xc43f2823) mem 0x8000d000 0x00000001
core   0: 0x8000b3b8 (0xff9ff06f) j       pc - 0x8
core   0: 3 0x8000b3b8 (0xff9ff06f)
core   0: 0x8000b3b0 (0x00002f17) auipc   t5, 0x2
core   0: 3 0x8000b3b0 (0x00002f17) x30 0x8000d3b0
core   0: 0x8000b3b4 (0xc43f2823) sw      gp, -944(t5)
core   0: 3 0x8000b3b4 (0xc43f2823) mem 0x8000d000 0x00000001
core   0: 0x8000b3b8 (0xff9ff06f) j       pc - 0x8
core   0: 3 0x8000b3b8 (0xff9ff06f)
core   0: 0x8000b3b0 (0x00002f17) auipc   t5, 0x2
core   0: 3 0x8000b3b0 (0x00002f17) x30 0x8000d3b0
core   0: 0x8000b3b4 (0xc43f2823) sw      gp, -944(t5)
core   0: 3 0x8000b3b4 (0xc43f2823) mem 0x8000d000 0x00000001
core   0: 0x8000b3b8 (0xff9ff06f) j       pc - 0x8
core   0: 3 0x8000b3b8 (0xff9ff06f)
core   0: 0x8000b3b0 (0x00002f17) auipc   t5, 0x2
core   0: 3 0x8000b3b0 (0x00002f17) x30 0x8000d3b0
core   0: 0x8000b3b4 (0xc43f2823) sw      gp, -944(t5)
core   0: 3 0x8000b3b4 (0xc43f2823) mem 0x8000d000 0x00000001
core   0: 0x8000b3b8 (0xff9ff06f) j       pc - 0x8
core   0: 3 0x8000b3b8 (0xff9ff06f)
core   0: 0x8000b3b0 (0x00002f17) auipc   t5, 0x2
core   0: 3 0x8000b3b0 (0x00002f17) x30 0x8000d3b0
core   0: 0x8000b3b4 (0xc43f2823) sw      gp, -944(t5)
core   0: 3 0x8000b3b4 (0xc43f2823) mem 0x8000d000 0x00000001
core   0: 0x8000b3b8 (0xff9ff06f) j       pc - 0x8
core   0: 3 0x8000b3b8 (0xff9ff06f)
core   0: 0x8000b3b0 (0x00002f17) auipc   t5, 0x2
core   0: 3 0x8000b3b0 (0x00002f17) x30 0x8000d3b0
core   0: 0x8000b3b4 (0xc43f2823) sw      gp, -944(t5)
core   0: 3 0x8000b3b4 (0xc43f2823) mem 0x8000d000 0x00000001
core   0: 0x8000b3b8 (0xff9ff06f) j       pc - 0x8
core   0: 3 0x8000b3b8 (0xff9ff06f)
core   0: 0x8000b3b0 (0x00002f17) auipc   t5, 0x2
core   0: 3 0x8000b3b0 (0x00002f17) x30 0x8000d3b0
core   0: 0x8000b3b4 (0xc43f2823) sw      gp, -944(t5)
core   0: 3 0x8000b3b4 (0xc43f2823) mem 0x8000d000 0x00000001
core   0: 0x8000b3b8 (0xff9ff06f) j       pc - 0x8
core   0: 3 0x8000b3b8 (0xff9ff06f)
core   0: 0x8000b3b0 (0x00002f17) auipc   t5, 0x2
core   0: 3 0x8000b3b0 (0x00002f17) x30 0x8000d3b0
core   0: 0x8000b3b4 (0xc43f2823) sw      gp, -944(t5)
core   0: 3 0x8000b3b4 (0xc43f2823) mem 0x8000d000 0x00000001
core   0: 0x8000b3b8 (0xff9ff06f) j       pc - 0x8
core   0: 3 0x8000b3b8 (0xff9ff06f)
core   0: 0x8000b3b0 (0x00002f17) auipc   t5, 0x2
core   0: 3 0x8000b3b0 (0x00002f17) x30 0x8000d3b0
core   0: 0x8000b3b4 (0xc43f2823) sw      gp, -944(t5)
core   0: 3 0x8000b3b4 (0xc43f2823) mem 0x8000d000 0x00000001
core   0: 0x8000b3b8 (0xff9ff06f) j       pc - 0x8
core   0: 3 0x8000b3b8 (0xff9ff06f)
core   0: 0x8000b3b0 (0x00002f17) auipc   t5, 0x2
core   0: 3 0x8000b3b0 (0x00002f17) x30 0x8000d3b0
core   0: 0x8000b3b4 (0xc43f2823) sw      gp, -944(t5)
core   0: 3 0x8000b3b4 (0xc43f2823) mem 0x8000d000 0x00000001
core   0: 0x8000b3b8 (0xff9ff06f) j       pc - 0x8
core   0: 3 0x8000b3b8 (0xff9ff06f)
core   0: 0x8000b3b0 (0x00002f17) auipc   t5, 0x2
core   0: 3 0x8000b3b0 (0x00002f17) x30 0x8000d3b0
core   0: 0x8000b3b4 (0xc43f2823) sw      gp, -944(t5)
core   0: 3 0x8000b3b4 (0xc43f2823) mem 0x8000d000 0x00000001
core   0: 0x8000b3b8 (0xff9ff06f) j       pc - 0x8
core   0: 3 0x8000b3b8 (0xff9ff06f)
core   0: 0x8000b3b0 (0x00002f17) auipc   t5, 0x2
core   0: 3 0x8000b3b0 (0x00002f17) x30 0x8000d3b0
core   0: 0x8000b3b4 (0xc43f2823) sw      gp, -944(t5)
core   0: 3 0x8000b3b4 (0xc43f2823) mem 0x8000d000 0x00000001
core   0: 0x8000b3b8 (0xff9ff06f) j       pc - 0x8
core   0: 3 0x8000b3b8 (0xff9ff06f)
core   0: 0x8000b3b0 (0x00002f17) auipc   t5, 0x2
core   0: 3 0x8000b3b0 (0x00002f17) x30 0x8000d3b0
core   0: 0x8000b3b4 (0xc43f2823) sw      gp, -944(t5)
core   0: 3 0x8000b3b4 (0xc43f2823) mem 0x8000d000 0x00000001
core   0: 0x8000b3b8 (0xff9ff06f) j       pc - 0x8
core   0: 3 0x8000b3b8 (0xff9ff06f)
core   0: 0x8000b3b0 (0x00002f17) auipc   t5, 0x2
core   0: 3 0x8000b3b0 (0x00002f17) x30 0x8000d3b0
core   0: 0x8000b3b4 (0xc43f2823) sw      gp, -944(t5)
core   0: 3 0x8000b3b4 (0xc43f2823) mem 0x8000d000 0x00000001
core   0: 0x8000b3b8 (0xff9ff06f) j       pc - 0x8
core   0: 3 0x8000b3b8 (0xff9ff06f)
core   0: 0x8000b3b0 (0x00002f17) auipc   t5, 0x2
core   0: 3 0x8000b3b0 (0x00002f17) x30 0x8000d3b0
core   0: 0x8000b3b4 (0xc43f2823) sw      gp, -944(t5)
core   0: 3 0x8000b3b4 (0xc43f2823) mem 0x8000d000 0x00000001
core   0: 0x8000b3b8 (0xff9ff06f) j       pc - 0x8
core   0: 3 0x8000b3b8 (0xff9ff06f)
core   0: 0x8000b3b0 (0x00002f17) auipc   t5, 0x2
core   0: 3 0x8000b3b0 (0x00002f17) x30 0x8000d3b0
core   0: 0x8000b3b4 (0xc43f2823) sw      gp, -944(t5)
core   0: 3 0x8000b3b4 (0xc43f2823) mem 0x8000d000 0x00000001
core   0: 0x8000b3b8 (0xff9ff06f) j       pc - 0x8
core   0: 3 0x8000b3b8 (0xff9ff06f)
core   0: 0x8000b3b0 (0x00002f17) auipc   t5, 0x2
core   0: 3 0x8000b3b0 (0x00002f17) x30 0x8000d3b0
core   0: 0x8000b3b4 (0xc43f2823) sw      gp, -944(t5)
core   0: 3 0x8000b3b4 (0xc43f2823) mem 0x8000d000 0x00000001
core   0: 0x8000b3b8 (0xff9ff06f) j       pc - 0x8
core   0: 3 0x8000b3b8 (0xff9ff06f)
core   0: 0x8000b3b0 (0x00002f17) auipc   t5, 0x2
core   0: 3 0x8000b3b0 (0x00002f17) x30 0x8000d3b0
core   0: 0x8000b3b4 (0xc43f2823) sw      gp, -944(t5)
core   0: 3 0x8000b3b4 (0xc43f2823) mem 0x8000d000 0x00000001
core   0: 0x8000b3b8 (0xff9ff06f) j       pc - 0x8
core   0: 3 0x8000b3b8 (0xff9ff06f)
core   0: 0x8000b3b0 (0x00002f17) auipc   t5, 0x2
core   0: 3 0x8000b3b0 (0x00002f17) x30 0x8000d3b0
core   0: 0x8000b3b4 (0xc43f2823) sw      gp, -944(t5)
core   0: 3 0x8000b3b4 (0xc43f2823) mem 0x8000d000 0x00000001
core   0: 0x8000b3b8 (0xff9ff06f) j       pc - 0x8
core   0: 3 0x8000b3b8 (0xff9ff06f)
core   0: 0x8000b3b0 (0x00002f17) auipc   t5, 0x2
core   0: 3 0x8000b3b0 (0x00002f17) x30 0x8000d3b0
core   0: 0x8000b3b4 (0xc43f2823) sw      gp, -944(t5)
core   0: 3 0x8000b3b4 (0xc43f2823) mem 0x8000d000 0x00000001
core   0: 0x8000b3b8 (0xff9ff06f) j       pc - 0x8
core   0: 3 0x8000b3b8 (0xff9ff06f)
core   0: 0x8000b3b0 (0x00002f17) auipc   t5, 0x2
core   0: 3 0x8000b3b0 (0x00002f17) x30 0x8000d3b0
core   0: 0x8000b3b4 (0xc43f2823) sw      gp, -944(t5)
core   0: 3 0x8000b3b4 (0xc43f2823) mem 0x8000d000 0x00000001
core   0: 0x8000b3b8 (0xff9ff06f) j       pc - 0x8
core   0: 3 0x8000b3b8 (0xff9ff06f)
core   0: 0x8000b3b0 (0x00002f17) auipc   t5, 0x2
core   0: 3 0x8000b3b0 (0x00002f17) x30 0x8000d3b0
core   0: 0x8000b3b4 (0xc43f2823) sw      gp, -944(t5)
core   0: 3 0x8000b3b4 (0xc43f2823) mem 0x8000d000 0x00000001
core   0: 0x8000b3b8 (0xff9ff06f) j       pc - 0x8
core   0: 3 0x8000b3b8 (0xff9ff06f)
core   0: 0x8000b3b0 (0x00002f17) auipc   t5, 0x2
core   0: 3 0x8000b3b0 (0x00002f17) x30 0x8000d3b0
core   0: 0x8000b3b4 (0xc43f2823) sw      gp, -944(t5)
core   0: 3 0x8000b3b4 (0xc43f2823) mem 0x8000d000 0x00000001
core   0: 0x8000b3b8 (0xff9ff06f) j       pc - 0x8
core   0: 3 0x8000b3b8 (0xff9ff06f)
core   0: 0x8000b3b0 (0x00002f17) auipc   t5, 0x2
core   0: 3 0x8000b3b0 (0x00002f17) x30 0x8000d3b0
core   0: 0x8000b3b4 (0xc43f2823) sw      gp, -944(t5)
core   0: 3 0x8000b3b4 (0xc43f2823) mem 0x8000d000 0x00000001
core   0: 0x8000b3b8 (0xff9ff06f) j       pc - 0x8
core   0: 3 0x8000b3b8 (0xff9ff06f)
core   0: 0x8000b3b0 (0x00002f17) auipc   t5, 0x2
core   0: 3 0x8000b3b0 (0x00002f17) x30 0x8000d3b0
core   0: 0x8000b3b4 (0xc43f2823) sw      gp, -944(t5)
core   0: 3 0x8000b3b4 (0xc43f2823) mem 0x8000d000 0x00000001
core   0: 0x8000b3b8 (0xff9ff06f) j       pc - 0x8
core   0: 3 0x8000b3b8 (0xff9ff06f)
core   0: 0x8000b3b0 (0x00002f17) auipc   t5, 0x2
core   0: 3 0x8000b3b0 (0x00002f17) x30 0x8000d3b0
core   0: 0x8000b3b4 (0xc43f2823) sw      gp, -944(t5)
core   0: 3 0x8000b3b4 (0xc43f2823) mem 0x8000d000 0x00000001
core   0: 0x8000b3b8 (0xff9ff06f) j       pc - 0x8
core   0: 3 0x8000b3b8 (0xff9ff06f)
core   0: 0x8000b3b0 (0x00002f17) auipc   t5, 0x2
core   0: 3 0x8000b3b0 (0x00002f17) x30 0x8000d3b0
core   0: 0x8000b3b4 (0xc43f2823) sw      gp, -944(t5)
core   0: 3 0x8000b3b4 (0xc43f2823) mem 0x8000d000 0x00000001
core   0: 0x8000b3b8 (0xff9ff06f) j       pc - 0x8
core   0: 3 0x8000b3b8 (0xff9ff06f)
core   0: 0x8000b3b0 (0x00002f17) auipc   t5, 0x2
core   0: 3 0x8000b3b0 (0x00002f17) x30 0x8000d3b0
core   0: 0x8000b3b4 (0xc43f2823) sw      gp, -944(t5)
core   0: 3 0x8000b3b4 (0xc43f2823) mem 0x8000d000 0x00000001
core   0: 0x8000b3b8 (0xff9ff06f) j       pc - 0x8
core   0: 3 0x8000b3b8 (0xff9ff06f)
core   0: 0x8000b3b0 (0x00002f17) auipc   t5, 0x2
core   0: 3 0x8000b3b0 (0x00002f17) x30 0x8000d3b0
core   0: 0x8000b3b4 (0xc43f2823) sw      gp, -944(t5)
core   0: 3 0x8000b3b4 (0xc43f2823) mem 0x8000d000 0x00000001
core   0: 0x8000b3b8 (0xff9ff06f) j       pc - 0x8
core   0: 3 0x8000b3b8 (0xff9ff06f)
core   0: 0x8000b3b0 (0x00002f17) auipc   t5, 0x2
core   0: 3 0x8000b3b0 (0x00002f17) x30 0x8000d3b0
core   0: 0x8000b3b4 (0xc43f2823) sw      gp, -944(t5)
core   0: 3 0x8000b3b4 (0xc43f2823) mem 0x8000d000 0x00000001
core   0: 0x8000b3b8 (0xff9ff06f) j       pc - 0x8
core   0: 3 0x8000b3b8 (0xff9ff06f)
core   0: 0x8000b3b0 (0x00002f17) auipc   t5, 0x2
core   0: 3 0x8000b3b0 (0x00002f17) x30 0x8000d3b0
core   0: 0x8000b3b4 (0xc43f2823) sw      gp, -944(t5)
core   0: 3 0x8000b3b4 (0xc43f2823) mem 0x8000d000 0x00000001
core   0: 0x8000b3b8 (0xff9ff06f) j       pc - 0x8
core   0: 3 0x8000b3b8 (0xff9ff06f)
core   0: 0x8000b3b0 (0x00002f17) auipc   t5, 0x2
core   0: 3 0x8000b3b0 (0x00002f17) x30 0x8000d3b0
core   0: 0x8000b3b4 (0xc43f2823) sw      gp, -944(t5)
core   0: 3 0x8000b3b4 (0xc43f2823) mem 0x8000d000 0x00000001
core   0: 0x8000b3b8 (0xff9ff06f) j       pc - 0x8
core   0: 3 0x8000b3b8 (0xff9ff06f)
core   0: 0x8000b3b0 (0x00002f17) auipc   t5, 0x2
core   0: 3 0x8000b3b0 (0x00002f17) x30 0x8000d3b0
core   0: 0x8000b3b4 (0xc43f2823) sw      gp, -944(t5)
core   0: 3 0x8000b3b4 (0xc43f2823) mem 0x8000d000 0x00000001
core   0: 0x8000b3b8 (0xff9ff06f) j       pc - 0x8
core   0: 3 0x8000b3b8 (0xff9ff06f)
core   0: 0x8000b3b0 (0x00002f17) auipc   t5, 0x2
core   0: 3 0x8000b3b0 (0x00002f17) x30 0x8000d3b0
core   0: 0x8000b3b4 (0xc43f2823) sw      gp, -944(t5)
core   0: 3 0x8000b3b4 (0xc43f2823) mem 0x8000d000 0x00000001
core   0: 0x8000b3b8 (0xff9ff06f) j       pc - 0x8
core   0: 3 0x8000b3b8 (0xff9ff06f)
core   0: 0x8000b3b0 (0x00002f17) auipc   t5, 0x2
core   0: 3 0x8000b3b0 (0x00002f17) x30 0x8000d3b0
core   0: 0x8000b3b4 (0xc43f2823) sw      gp, -944(t5)
core   0: 3 0x8000b3b4 (0xc43f2823) mem 0x8000d000 0x00000001
core   0: 0x8000b3b8 (0xff9ff06f) j       pc - 0x8
core   0: 3 0x8000b3b8 (0xff9ff06f)
core   0: 0x8000b3b0 (0x00002f17) auipc   t5, 0x2
core   0: 3 0x8000b3b0 (0x00002f17) x30 0x8000d3b0
core   0: 0x8000b3b4 (0xc43f2823) sw      gp, -944(t5)
core   0: 3 0x8000b3b4 (0xc43f2823) mem 0x8000d000 0x00000001
core   0: 0x8000b3b8 (0xff9ff06f) j       pc - 0x8
core   0: 3 0x8000b3b8 (0xff9ff06f)
core   0: 0x8000b3b0 (0x00002f17) auipc   t5, 0x2
core   0: 3 0x8000b3b0 (0x00002f17) x30 0x8000d3b0
core   0: 0x8000b3b4 (0xc43f2823) sw      gp, -944(t5)
core   0: 3 0x8000b3b4 (0xc43f2823) mem 0x8000d000 0x00000001
core   0: 0x8000b3b8 (0xff9ff06f) j       pc - 0x8
core   0: 3 0x8000b3b8 (0xff9ff06f)
core   0: 0x8000b3b0 (0x00002f17) auipc   t5, 0x2
core   0: 3 0x8000b3b0 (0x00002f17) x30 0x8000d3b0
core   0: 0x8000b3b4 (0xc43f2823) sw      gp, -944(t5)
core   0: 3 0x8000b3b4 (0xc43f2823) mem 0x8000d000 0x00000001
core   0: 0x8000b3b8 (0xff9ff06f) j       pc - 0x8
core   0: 3 0x8000b3b8 (0xff9ff06f)
core   0: 0x8000b3b0 (0x00002f17) auipc   t5, 0x2
core   0: 3 0x8000b3b0 (0x00002f17) x30 0x8000d3b0
core   0: 0x8000b3b4 (0xc43f2823) sw      gp, -944(t5)
core   0: 3 0x8000b3b4 (0xc43f2823) mem 0x8000d000 0x00000001
core   0: 0x8000b3b8 (0xff9ff06f) j       pc - 0x8
core   0: 3 0x8000b3b8 (0xff9ff06f)
core   0: 0x8000b3b0 (0x00002f17) auipc   t5, 0x2
core   0: 3 0x8000b3b0 (0x00002f17) x30 0x8000d3b0
core   0: 0x8000b3b4 (0xc43f2823) sw      gp, -944(t5)
core   0: 3 0x8000b3b4 (0xc43f2823) mem 0x8000d000 0x00000001
core   0: 0x8000b3b8 (0xff9ff06f) j       pc - 0x8
core   0: 3 0x8000b3b8 (0xff9ff06f)
core   0: 0x8000b3b0 (0x00002f17) auipc   t5, 0x2
core   0: 3 0x8000b3b0 (0x00002f17) x30 0x8000d3b0
core   0: 0x8000b3b4 (0xc43f2823) sw      gp, -944(t5)
core   0: 3 0x8000b3b4 (0xc43f2823) mem 0x8000d000 0x00000001
core   0: 0x8000b3b8 (0xff9ff06f) j       pc - 0x8
core   0: 3 0x8000b3b8 (0xff9ff06f)
core   0: 0x8000b3b0 (0x00002f17) auipc   t5, 0x2
core   0: 3 0x8000b3b0 (0x00002f17) x30 0x8000d3b0
core   0: 0x8000b3b4 (0xc43f2823) sw      gp, -944(t5)
core   0: 3 0x8000b3b4 (0xc43f2823) mem 0x8000d000 0x00000001
core   0: 0x8000b3b8 (0xff9ff06f) j       pc - 0x8
core   0: 3 0x8000b3b8 (0xff9ff06f)
core   0: 0x8000b3b0 (0x00002f17) auipc   t5, 0x2
core   0: 3 0x8000b3b0 (0x00002f17) x30 0x8000d3b0
core   0: 0x8000b3b4 (0xc43f2823) sw      gp, -944(t5)
core   0: 3 0x8000b3b4 (0xc43f2823) mem 0x8000d000 0x00000001
core   0: 0x8000b3b8 (0xff9ff06f) j       pc - 0x8
core   0: 3 0x8000b3b8 (0xff9ff06f)
core   0: 0x8000b3b0 (0x00002f17) auipc   t5, 0x2
core   0: 3 0x8000b3b0 (0x00002f17) x30 0x8000d3b0
core   0: 0x8000b3b4 (0xc43f2823) sw      gp, -944(t5)
core   0: 3 0x8000b3b4 (0xc43f2823) mem 0x8000d000 0x00000001
core   0: 0x8000b3b8 (0xff9ff06f) j       pc - 0x8
core   0: 3 0x8000b3b8 (0xff9ff06f)
core   0: 0x8000b3b0 (0x00002f17) auipc   t5, 0x2
core   0: 3 0x8000b3b0 (0x00002f17) x30 0x8000d3b0
core   0: 0x8000b3b4 (0xc43f2823) sw      gp, -944(t5)
core   0: 3 0x8000b3b4 (0xc43f2823) mem 0x8000d000 0x00000001
core   0: 0x8000b3b8 (0xff9ff06f) j       pc - 0x8
core   0: 3 0x8000b3b8 (0xff9ff06f)
core   0: 0x8000b3b0 (0x00002f17) auipc   t5, 0x2
core   0: 3 0x8000b3b0 (0x00002f17) x30 0x8000d3b0
core   0: 0x8000b3b4 (0xc43f2823) sw      gp, -944(t5)
core   0: 3 0x8000b3b4 (0xc43f2823) mem 0x8000d000 0x00000001
core   0: 0x8000b3b8 (0xff9ff06f) j       pc - 0x8
core   0: 3 0x8000b3b8 (0xff9ff06f)
core   0: 0x8000b3b0 (0x00002f17) auipc   t5, 0x2
core   0: 3 0x8000b3b0 (0x00002f17) x30 0x8000d3b0
core   0: 0x8000b3b4 (0xc43f2823) sw      gp, -944(t5)
core   0: 3 0x8000b3b4 (0xc43f2823) mem 0x8000d000 0x00000001
core   0: 0x8000b3b8 (0xff9ff06f) j       pc - 0x8
core   0: 3 0x8000b3b8 (0xff9ff06f)
core   0: 0x8000b3b0 (0x00002f17) auipc   t5, 0x2
core   0: 3 0x8000b3b0 (0x00002f17) x30 0x8000d3b0
core   0: 0x8000b3b4 (0xc43f2823) sw      gp, -944(t5)
core   0: 3 0x8000b3b4 (0xc43f2823) mem 0x8000d000 0x00000001
core   0: 0x8000b3b8 (0xff9ff06f) j       pc - 0x8
core   0: 3 0x8000b3b8 (0xff9ff06f)
core   0: 0x8000b3b0 (0x00002f17) auipc   t5, 0x2
core   0: 3 0x8000b3b0 (0x00002f17) x30 0x8000d3b0
core   0: 0x8000b3b4 (0xc43f2823) sw      gp, -944(t5)
core   0: 3 0x8000b3b4 (0xc43f2823) mem 0x8000d000 0x00000001
core   0: 0x8000b3b8 (0xff9ff06f) j       pc - 0x8
core   0: 3 0x8000b3b8 (0xff9ff06f)
core   0: 0x8000b3b0 (0x00002f17) auipc   t5, 0x2
core   0: 3 0x8000b3b0 (0x00002f17) x30 0x8000d3b0
core   0: 0x8000b3b4 (0xc43f2823) sw      gp, -944(t5)
core   0: 3 0x8000b3b4 (0xc43f2823) mem 0x8000d000 0x00000001
core   0: 0x8000b3b8 (0xff9ff06f) j       pc - 0x8
core   0: 3 0x8000b3b8 (0xff9ff06f)
core   0: 0x8000b3b0 (0x00002f17) auipc   t5, 0x2
core   0: 3 0x8000b3b0 (0x00002f17) x30 0x8000d3b0
core   0: 0x8000b3b4 (0xc43f2823) sw      gp, -944(t5)
core   0: 3 0x8000b3b4 (0xc43f2823) mem 0x8000d000 0x00000001
core   0: 0x8000b3b8 (0xff9ff06f) j       pc - 0x8
core   0: 3 0x8000b3b8 (0xff9ff06f)
core   0: 0x8000b3b0 (0x00002f17) auipc   t5, 0x2
core   0: 3 0x8000b3b0 (0x00002f17) x30 0x8000d3b0
core   0: 0x8000b3b4 (0xc43f2823) sw      gp, -944(t5)
core   0: 3 0x8000b3b4 (0xc43f2823) mem 0x8000d000 0x00000001
core   0: 0x8000b3b8 (0xff9ff06f) j       pc - 0x8
core   0: 3 0x8000b3b8 (0xff9ff06f)
core   0: 0x8000b3b0 (0x00002f17) auipc   t5, 0x2
core   0: 3 0x8000b3b0 (0x00002f17) x30 0x8000d3b0
core   0: 0x8000b3b4 (0xc43f2823) sw      gp, -944(t5)
core   0: 3 0x8000b3b4 (0xc43f2823) mem 0x8000d000 0x00000001
core   0: 0x8000b3b8 (0xff9ff06f) j       pc - 0x8
core   0: 3 0x8000b3b8 (0xff9ff06f)
core   0: 0x8000b3b0 (0x00002f17) auipc   t5, 0x2
core   0: 3 0x8000b3b0 (0x00002f17) x30 0x8000d3b0
core   0: 0x8000b3b4 (0xc43f2823) sw      gp, -944(t5)
core   0: 3 0x8000b3b4 (0xc43f2823) mem 0x8000d000 0x00000001
core   0: 0x8000b3b8 (0xff9ff06f) j       pc - 0x8
core   0: 3 0x8000b3b8 (0xff9ff06f)
core   0: 0x8000b3b0 (0x00002f17) auipc   t5, 0x2
core   0: 3 0x8000b3b0 (0x00002f17) x30 0x8000d3b0
core   0: 0x8000b3b4 (0xc43f2823) sw      gp, -944(t5)
core   0: 3 0x8000b3b4 (0xc43f2823) mem 0x8000d000 0x00000001
core   0: 0x8000b3b8 (0xff9ff06f) j       pc - 0x8
core   0: 3 0x8000b3b8 (0xff9ff06f)
core   0: 0x8000b3b0 (0x00002f17) auipc   t5, 0x2
core   0: 3 0x8000b3b0 (0x00002f17) x30 0x8000d3b0
core   0: 0x8000b3b4 (0xc43f2823) sw      gp, -944(t5)
core   0: 3 0x8000b3b4 (0xc43f2823) mem 0x8000d000 0x00000001
core   0: 0x8000b3b8 (0xff9ff06f) j       pc - 0x8
core   0: 3 0x8000b3b8 (0xff9ff06f)
core   0: 0x8000b3b0 (0x00002f17) auipc   t5, 0x2
core   0: 3 0x8000b3b0 (0x00002f17) x30 0x8000d3b0
core   0: 0x8000b3b4 (0xc43f2823) sw      gp, -944(t5)
core   0: 3 0x8000b3b4 (0xc43f2823) mem 0x8000d000 0x00000001
core   0: 0x8000b3b8 (0xff9ff06f) j       pc - 0x8
core   0: 3 0x8000b3b8 (0xff9ff06f)
core   0: 0x8000b3b0 (0x00002f17) auipc   t5, 0x2
core   0: 3 0x8000b3b0 (0x00002f17) x30 0x8000d3b0
core   0: 0x8000b3b4 (0xc43f2823) sw      gp, -944(t5)
core   0: 3 0x8000b3b4 (0xc43f2823) mem 0x8000d000 0x00000001
core   0: 0x8000b3b8 (0xff9ff06f) j       pc - 0x8
core   0: 3 0x8000b3b8 (0xff9ff06f)
core   0: 0x8000b3b0 (0x00002f17) auipc   t5, 0x2
core   0: 3 0x8000b3b0 (0x00002f17) x30 0x8000d3b0
core   0: 0x8000b3b4 (0xc43f2823) sw      gp, -944(t5)
core   0: 3 0x8000b3b4 (0xc43f2823) mem 0x8000d000 0x00000001
core   0: 0x8000b3b8 (0xff9ff06f) j       pc - 0x8
core   0: 3 0x8000b3b8 (0xff9ff06f)
core   0: 0x8000b3b0 (0x00002f17) auipc   t5, 0x2
core   0: 3 0x8000b3b0 (0x00002f17) x30 0x8000d3b0
core   0: 0x8000b3b4 (0xc43f2823) sw      gp, -944(t5)
core   0: 3 0x8000b3b4 (0xc43f2823) mem 0x8000d000 0x00000001
core   0: 0x8000b3b8 (0xff9ff06f) j       pc - 0x8
core   0: 3 0x8000b3b8 (0xff9ff06f)
core   0: 0x8000b3b0 (0x00002f17) auipc   t5, 0x2
core   0: 3 0x8000b3b0 (0x00002f17) x30 0x8000d3b0
core   0: 0x8000b3b4 (0xc43f2823) sw      gp, -944(t5)
core   0: 3 0x8000b3b4 (0xc43f2823) mem 0x8000d000 0x00000001
core   0: 0x8000b3b8 (0xff9ff06f) j       pc - 0x8
core   0: 3 0x8000b3b8 (0xff9ff06f)
core   0: 0x8000b3b0 (0x00002f17) auipc   t5, 0x2
core   0: 3 0x8000b3b0 (0x00002f17) x30 0x8000d3b0
core   0: 0x8000b3b4 (0xc43f2823) sw      gp, -944(t5)
core   0: 3 0x8000b3b4 (0xc43f2823) mem 0x8000d000 0x00000001
core   0: 0x8000b3b8 (0xff9ff06f) j       pc - 0x8
core   0: 3 0x8000b3b8 (0xff9ff06f)
core   0: 0x8000b3b0 (0x00002f17) auipc   t5, 0x2
core   0: 3 0x8000b3b0 (0x00002f17) x30 0x8000d3b0
core   0: 0x8000b3b4 (0xc43f2823) sw      gp, -944(t5)
core   0: 3 0x8000b3b4 (0xc43f2823) mem 0x8000d000 0x00000001
core   0: 0x8000b3b8 (0xff9ff06f) j       pc - 0x8
core   0: 3 0x8000b3b8 (0xff9ff06f)
core   0: 0x8000b3b0 (0x00002f17) auipc   t5, 0x2
core   0: 3 0x8000b3b0 (0x00002f17) x30 0x8000d3b0
core   0: 0x8000b3b4 (0xc43f2823) sw      gp, -944(t5)
core   0: 3 0x8000b3b4 (0xc43f2823) mem 0x8000d000 0x00000001
core   0: 0x8000b3b8 (0xff9ff06f) j       pc - 0x8
core   0: 3 0x8000b3b8 (0xff9ff06f)
core   0: 0x8000b3b0 (0x00002f17) auipc   t5, 0x2
core   0: 3 0x8000b3b0 (0x00002f17) x30 0x8000d3b0
core   0: 0x8000b3b4 (0xc43f2823) sw      gp, -944(t5)
core   0: 3 0x8000b3b4 (0xc43f2823) mem 0x8000d000 0x00000001
core   0: 0x8000b3b8 (0xff9ff06f) j       pc - 0x8
core   0: 3 0x8000b3b8 (0xff9ff06f)
core   0: 0x8000b3b0 (0x00002f17) auipc   t5, 0x2
core   0: 3 0x8000b3b0 (0x00002f17) x30 0x8000d3b0
core   0: 0x8000b3b4 (0xc43f2823) sw      gp, -944(t5)
core   0: 3 0x8000b3b4 (0xc43f2823) mem 0x8000d000 0x00000001
core   0: 0x8000b3b8 (0xff9ff06f) j       pc - 0x8
core   0: 3 0x8000b3b8 (0xff9ff06f)
core   0: 0x8000b3b0 (0x00002f17) auipc   t5, 0x2
core   0: 3 0x8000b3b0 (0x00002f17) x30 0x8000d3b0
core   0: 0x8000b3b4 (0xc43f2823) sw      gp, -944(t5)
core   0: 3 0x8000b3b4 (0xc43f2823) mem 0x8000d000 0x00000001
core   0: 0x8000b3b8 (0xff9ff06f) j       pc - 0x8
core   0: 3 0x8000b3b8 (0xff9ff06f)
core   0: 0x8000b3b0 (0x00002f17) auipc   t5, 0x2
core   0: 3 0x8000b3b0 (0x00002f17) x30 0x8000d3b0
core   0: 0x8000b3b4 (0xc43f2823) sw      gp, -944(t5)
core   0: 3 0x8000b3b4 (0xc43f2823) mem 0x8000d000 0x00000001
core   0: 0x8000b3b8 (0xff9ff06f) j       pc - 0x8
core   0: 3 0x8000b3b8 (0xff9ff06f)
core   0: 0x8000b3b0 (0x00002f17) auipc   t5, 0x2
core   0: 3 0x8000b3b0 (0x00002f17) x30 0x8000d3b0
core   0: 0x8000b3b4 (0xc43f2823) sw      gp, -944(t5)
core   0: 3 0x8000b3b4 (0xc43f2823) mem 0x8000d000 0x00000001
core   0: 0x8000b3b8 (0xff9ff06f) j       pc - 0x8
core   0: 3 0x8000b3b8 (0xff9ff06f)
core   0: 0x8000b3b0 (0x00002f17) auipc   t5, 0x2
core   0: 3 0x8000b3b0 (0x00002f17) x30 0x8000d3b0
core   0: 0x8000b3b4 (0xc43f2823) sw      gp, -944(t5)
core   0: 3 0x8000b3b4 (0xc43f2823) mem 0x8000d000 0x00000001
core   0: 0x8000b3b8 (0xff9ff06f) j       pc - 0x8
core   0: 3 0x8000b3b8 (0xff9ff06f)
core   0: 0x8000b3b0 (0x00002f17) auipc   t5, 0x2
core   0: 3 0x8000b3b0 (0x00002f17) x30 0x8000d3b0
core   0: 0x8000b3b4 (0xc43f2823) sw      gp, -944(t5)
core   0: 3 0x8000b3b4 (0xc43f2823) mem 0x8000d000 0x00000001
core   0: 0x8000b3b8 (0xff9ff06f) j       pc - 0x8
core   0: 3 0x8000b3b8 (0xff9ff06f)
core   0: 0x8000b3b0 (0x00002f17) auipc   t5, 0x2
core   0: 3 0x8000b3b0 (0x00002f17) x30 0x8000d3b0
core   0: 0x8000b3b4 (0xc43f2823) sw      gp, -944(t5)
core   0: 3 0x8000b3b4 (0xc43f2823) mem 0x8000d000 0x00000001
core   0: 0x8000b3b8 (0xff9ff06f) j       pc - 0x8
core   0: 3 0x8000b3b8 (0xff9ff06f)
core   0: 0x8000b3b0 (0x00002f17) auipc   t5, 0x2
core   0: 3 0x8000b3b0 (0x00002f17) x30 0x8000d3b0
core   0: 0x8000b3b4 (0xc43f2823) sw      gp, -944(t5)
core   0: 3 0x8000b3b4 (0xc43f2823) mem 0x8000d000 0x00000001
core   0: 0x8000b3b8 (0xff9ff06f) j       pc - 0x8
core   0: 3 0x8000b3b8 (0xff9ff06f)
core   0: 0x8000b3b0 (0x00002f17) auipc   t5, 0x2
core   0: 3 0x8000b3b0 (0x00002f17) x30 0x8000d3b0
core   0: 0x8000b3b4 (0xc43f2823) sw      gp, -944(t5)
core   0: 3 0x8000b3b4 (0xc43f2823) mem 0x8000d000 0x00000001
core   0: 0x8000b3b8 (0xff9ff06f) j       pc - 0x8
core   0: 3 0x8000b3b8 (0xff9ff06f)
core   0: 0x8000b3b0 (0x00002f17) auipc   t5, 0x2
core   0: 3 0x8000b3b0 (0x00002f17) x30 0x8000d3b0
core   0: 0x8000b3b4 (0xc43f2823) sw      gp, -944(t5)
core   0: 3 0x8000b3b4 (0xc43f2823) mem 0x8000d000 0x00000001
core   0: 0x8000b3b8 (0xff9ff06f) j       pc - 0x8
core   0: 3 0x8000b3b8 (0xff9ff06f)
core   0: 0x8000b3b0 (0x00002f17) auipc   t5, 0x2
core   0: 3 0x8000b3b0 (0x00002f17) x30 0x8000d3b0
core   0: 0x8000b3b4 (0xc43f2823) sw      gp, -944(t5)
core   0: 3 0x8000b3b4 (0xc43f2823) mem 0x8000d000 0x00000001
core   0: 0x8000b3b8 (0xff9ff06f) j       pc - 0x8
core   0: 3 0x8000b3b8 (0xff9ff06f)
core   0: 0x8000b3b0 (0x00002f17) auipc   t5, 0x2
core   0: 3 0x8000b3b0 (0x00002f17) x30 0x8000d3b0
core   0: 0x8000b3b4 (0xc43f2823) sw      gp, -944(t5)
core   0: 3 0x8000b3b4 (0xc43f2823) mem 0x8000d000 0x00000001
core   0: 0x8000b3b8 (0xff9ff06f) j       pc - 0x8
core   0: 3 0x8000b3b8 (0xff9ff06f)
core   0: 0x8000b3b0 (0x00002f17) auipc   t5, 0x2
core   0: 3 0x8000b3b0 (0x00002f17) x30 0x8000d3b0
core   0: 0x8000b3b4 (0xc43f2823) sw      gp, -944(t5)
core   0: 3 0x8000b3b4 (0xc43f2823) mem 0x8000d000 0x00000001
core   0: 0x8000b3b8 (0xff9ff06f) j       pc - 0x8
core   0: 3 0x8000b3b8 (0xff9ff06f)
core   0: 0x8000b3b0 (0x00002f17) auipc   t5, 0x2
core   0: 3 0x8000b3b0 (0x00002f17) x30 0x8000d3b0
core   0: 0x8000b3b4 (0xc43f2823) sw      gp, -944(t5)
core   0: 3 0x8000b3b4 (0xc43f2823) mem 0x8000d000 0x00000001
core   0: 0x8000b3b8 (0xff9ff06f) j       pc - 0x8
core   0: 3 0x8000b3b8 (0xff9ff06f)
core   0: 0x8000b3b0 (0x00002f17) auipc   t5, 0x2
core   0: 3 0x8000b3b0 (0x00002f17) x30 0x8000d3b0
core   0: 0x8000b3b4 (0xc43f2823) sw      gp, -944(t5)
core   0: 3 0x8000b3b4 (0xc43f2823) mem 0x8000d000 0x00000001
core   0: 0x8000b3b8 (0xff9ff06f) j       pc - 0x8
core   0: 3 0x8000b3b8 (0xff9ff06f)
core   0: 0x8000b3b0 (0x00002f17) auipc   t5, 0x2
core   0: 3 0x8000b3b0 (0x00002f17) x30 0x8000d3b0
core   0: 0x8000b3b4 (0xc43f2823) sw      gp, -944(t5)
core   0: 3 0x8000b3b4 (0xc43f2823) mem 0x8000d000 0x00000001
core   0: 0x8000b3b8 (0xff9ff06f) j       pc - 0x8
core   0: 3 0x8000b3b8 (0xff9ff06f)
core   0: 0x8000b3b0 (0x00002f17) auipc   t5, 0x2
core   0: 3 0x8000b3b0 (0x00002f17) x30 0x8000d3b0
core   0: 0x8000b3b4 (0xc43f2823) sw      gp, -944(t5)
core   0: 3 0x8000b3b4 (0xc43f2823) mem 0x8000d000 0x00000001
core   0: 0x8000b3b8 (0xff9ff06f) j       pc - 0x8
core   0: 3 0x8000b3b8 (0xff9ff06f)
core   0: 0x8000b3b0 (0x00002f17) auipc   t5, 0x2
core   0: 3 0x8000b3b0 (0x00002f17) x30 0x8000d3b0
core   0: 0x8000b3b4 (0xc43f2823) sw      gp, -944(t5)
core   0: 3 0x8000b3b4 (0xc43f2823) mem 0x8000d000 0x00000001
core   0: 0x8000b3b8 (0xff9ff06f) j       pc - 0x8
core   0: 3 0x8000b3b8 (0xff9ff06f)
core   0: 0x8000b3b0 (0x00002f17) auipc   t5, 0x2
core   0: 3 0x8000b3b0 (0x00002f17) x30 0x8000d3b0
core   0: 0x8000b3b4 (0xc43f2823) sw      gp, -944(t5)
core   0: 3 0x8000b3b4 (0xc43f2823) mem 0x8000d000 0x00000001
core   0: 0x8000b3b8 (0xff9ff06f) j       pc - 0x8
core   0: 3 0x8000b3b8 (0xff9ff06f)
core   0: 0x8000b3b0 (0x00002f17) auipc   t5, 0x2
core   0: 3 0x8000b3b0 (0x00002f17) x30 0x8000d3b0
core   0: 0x8000b3b4 (0xc43f2823) sw      gp, -944(t5)
core   0: 3 0x8000b3b4 (0xc43f2823) mem 0x8000d000 0x00000001
core   0: 0x8000b3b8 (0xff9ff06f) j       pc - 0x8
core   0: 3 0x8000b3b8 (0xff9ff06f)
core   0: 0x8000b3b0 (0x00002f17) auipc   t5, 0x2
core   0: 3 0x8000b3b0 (0x00002f17) x30 0x8000d3b0
core   0: 0x8000b3b4 (0xc43f2823) sw      gp, -944(t5)
core   0: 3 0x8000b3b4 (0xc43f2823) mem 0x8000d000 0x00000001
core   0: 0x8000b3b8 (0xff9ff06f) j       pc - 0x8
core   0: 3 0x8000b3b8 (0xff9ff06f)
core   0: 0x8000b3b0 (0x00002f17) auipc   t5, 0x2
core   0: 3 0x8000b3b0 (0x00002f17) x30 0x8000d3b0
core   0: 0x8000b3b4 (0xc43f2823) sw      gp, -944(t5)
core   0: 3 0x8000b3b4 (0xc43f2823) mem 0x8000d000 0x00000001
core   0: 0x8000b3b8 (0xff9ff06f) j       pc - 0x8
core   0: 3 0x8000b3b8 (0xff9ff06f)
core   0: 0x8000b3b0 (0x00002f17) auipc   t5, 0x2
core   0: 3 0x8000b3b0 (0x00002f17) x30 0x8000d3b0
core   0: 0x8000b3b4 (0xc43f2823) sw      gp, -944(t5)
core   0: 3 0x8000b3b4 (0xc43f2823) mem 0x8000d000 0x00000001
core   0: 0x8000b3b8 (0xff9ff06f) j       pc - 0x8
core   0: 3 0x8000b3b8 (0xff9ff06f)
core   0: 0x8000b3b0 (0x00002f17) auipc   t5, 0x2
core   0: 3 0x8000b3b0 (0x00002f17) x30 0x8000d3b0
core   0: 0x8000b3b4 (0xc43f2823) sw      gp, -944(t5)
core   0: 3 0x8000b3b4 (0xc43f2823) mem 0x8000d000 0x00000001
core   0: 0x8000b3b8 (0xff9ff06f) j       pc - 0x8
core   0: 3 0x8000b3b8 (0xff9ff06f)
core   0: 0x8000b3b0 (0x00002f17) auipc   t5, 0x2
core   0: 3 0x8000b3b0 (0x00002f17) x30 0x8000d3b0
core   0: 0x8000b3b4 (0xc43f2823) sw      gp, -944(t5)
core   0: 3 0x8000b3b4 (0xc43f2823) mem 0x8000d000 0x00000001
core   0: 0x8000b3b8 (0xff9ff06f) j       pc - 0x8
core   0: 3 0x8000b3b8 (0xff9ff06f)
core   0: 0x8000b3b0 (0x00002f17) auipc   t5, 0x2
core   0: 3 0x8000b3b0 (0x00002f17) x30 0x8000d3b0
core   0: 0x8000b3b4 (0xc43f2823) sw      gp, -944(t5)
core   0: 3 0x8000b3b4 (0xc43f2823) mem 0x8000d000 0x00000001
core   0: 0x8000b3b8 (0xff9ff06f) j       pc - 0x8
core   0: 3 0x8000b3b8 (0xff9ff06f)
core   0: 0x8000b3b0 (0x00002f17) auipc   t5, 0x2
core   0: 3 0x8000b3b0 (0x00002f17) x30 0x8000d3b0
core   0: 0x8000b3b4 (0xc43f2823) sw      gp, -944(t5)
core   0: 3 0x8000b3b4 (0xc43f2823) mem 0x8000d000 0x00000001
core   0: 0x8000b3b8 (0xff9ff06f) j       pc - 0x8
core   0: 3 0x8000b3b8 (0xff9ff06f)
core   0: 0x8000b3b0 (0x00002f17) auipc   t5, 0x2
core   0: 3 0x8000b3b0 (0x00002f17) x30 0x8000d3b0
core   0: 0x8000b3b4 (0xc43f2823) sw      gp, -944(t5)
core   0: 3 0x8000b3b4 (0xc43f2823) mem 0x8000d000 0x00000001
core   0: 0x8000b3b8 (0xff9ff06f) j       pc - 0x8
core   0: 3 0x8000b3b8 (0xff9ff06f)
core   0: 0x8000b3b0 (0x00002f17) auipc   t5, 0x2
core   0: 3 0x8000b3b0 (0x00002f17) x30 0x8000d3b0
core   0: 0x8000b3b4 (0xc43f2823) sw      gp, -944(t5)
core   0: 3 0x8000b3b4 (0xc43f2823) mem 0x8000d000 0x00000001
core   0: 0x8000b3b8 (0xff9ff06f) j       pc - 0x8
core   0: 3 0x8000b3b8 (0xff9ff06f)
core   0: 0x8000b3b0 (0x00002f17) auipc   t5, 0x2
core   0: 3 0x8000b3b0 (0x00002f17) x30 0x8000d3b0
core   0: 0x8000b3b4 (0xc43f2823) sw      gp, -944(t5)
core   0: 3 0x8000b3b4 (0xc43f2823) mem 0x8000d000 0x00000001
core   0: 0x8000b3b8 (0xff9ff06f) j       pc - 0x8
core   0: 3 0x8000b3b8 (0xff9ff06f)
core   0: 0x8000b3b0 (0x00002f17) auipc   t5, 0x2
core   0: 3 0x8000b3b0 (0x00002f17) x30 0x8000d3b0
core   0: 0x8000b3b4 (0xc43f2823) sw      gp, -944(t5)
core   0: 3 0x8000b3b4 (0xc43f2823) mem 0x8000d000 0x00000001
core   0: 0x8000b3b8 (0xff9ff06f) j       pc - 0x8
core   0: 3 0x8000b3b8 (0xff9ff06f)
core   0: 0x8000b3b0 (0x00002f17) auipc   t5, 0x2
core   0: 3 0x8000b3b0 (0x00002f17) x30 0x8000d3b0
core   0: 0x8000b3b4 (0xc43f2823) sw      gp, -944(t5)
core   0: 3 0x8000b3b4 (0xc43f2823) mem 0x8000d000 0x00000001
core   0: 0x8000b3b8 (0xff9ff06f) j       pc - 0x8
core   0: 3 0x8000b3b8 (0xff9ff06f)
core   0: 0x8000b3b0 (0x00002f17) auipc   t5, 0x2
core   0: 3 0x8000b3b0 (0x00002f17) x30 0x8000d3b0
core   0: 0x8000b3b4 (0xc43f2823) sw      gp, -944(t5)
core   0: 3 0x8000b3b4 (0xc43f2823) mem 0x8000d000 0x00000001
core   0: 0x8000b3b8 (0xff9ff06f) j       pc - 0x8
core   0: 3 0x8000b3b8 (0xff9ff06f)
core   0: 0x8000b3b0 (0x00002f17) auipc   t5, 0x2
core   0: 3 0x8000b3b0 (0x00002f17) x30 0x8000d3b0
core   0: 0x8000b3b4 (0xc43f2823) sw      gp, -944(t5)
core   0: 3 0x8000b3b4 (0xc43f2823) mem 0x8000d000 0x00000001
core   0: 0x8000b3b8 (0xff9ff06f) j       pc - 0x8
core   0: 3 0x8000b3b8 (0xff9ff06f)
core   0: 0x8000b3b0 (0x00002f17) auipc   t5, 0x2
core   0: 3 0x8000b3b0 (0x00002f17) x30 0x8000d3b0
core   0: 0x8000b3b4 (0xc43f2823) sw      gp, -944(t5)
core   0: 3 0x8000b3b4 (0xc43f2823) mem 0x8000d000 0x00000001
core   0: 0x8000b3b8 (0xff9ff06f) j       pc - 0x8
core   0: 3 0x8000b3b8 (0xff9ff06f)
core   0: 0x8000b3b0 (0x00002f17) auipc   t5, 0x2
core   0: 3 0x8000b3b0 (0x00002f17) x30 0x8000d3b0
core   0: 0x8000b3b4 (0xc43f2823) sw      gp, -944(t5)
core   0: 3 0x8000b3b4 (0xc43f2823) mem 0x8000d000 0x00000001
core   0: 0x8000b3b8 (0xff9ff06f) j       pc - 0x8
core   0: 3 0x8000b3b8 (0xff9ff06f)
core   0: 0x8000b3b0 (0x00002f17) auipc   t5, 0x2
core   0: 3 0x8000b3b0 (0x00002f17) x30 0x8000d3b0
core   0: 0x8000b3b4 (0xc43f2823) sw      gp, -944(t5)
core   0: 3 0x8000b3b4 (0xc43f2823) mem 0x8000d000 0x00000001
core   0: 0x8000b3b8 (0xff9ff06f) j       pc - 0x8
core   0: 3 0x8000b3b8 (0xff9ff06f)
core   0: 0x8000b3b0 (0x00002f17) auipc   t5, 0x2
core   0: 3 0x8000b3b0 (0x00002f17) x30 0x8000d3b0
core   0: 0x8000b3b4 (0xc43f2823) sw      gp, -944(t5)
core   0: 3 0x8000b3b4 (0xc43f2823) mem 0x8000d000 0x00000001
core   0: 0x8000b3b8 (0xff9ff06f) j       pc - 0x8
core   0: 3 0x8000b3b8 (0xff9ff06f)
core   0: 0x8000b3b0 (0x00002f17) auipc   t5, 0x2
core   0: 3 0x8000b3b0 (0x00002f17) x30 0x8000d3b0
core   0: 0x8000b3b4 (0xc43f2823) sw      gp, -944(t5)
core   0: 3 0x8000b3b4 (0xc43f2823) mem 0x8000d000 0x00000001
core   0: 0x8000b3b8 (0xff9ff06f) j       pc - 0x8
core   0: 3 0x8000b3b8 (0xff9ff06f)
core   0: 0x8000b3b0 (0x00002f17) auipc   t5, 0x2
core   0: 3 0x8000b3b0 (0x00002f17) x30 0x8000d3b0
core   0: 0x8000b3b4 (0xc43f2823) sw      gp, -944(t5)
core   0: 3 0x8000b3b4 (0xc43f2823) mem 0x8000d000 0x00000001
core   0: 0x8000b3b8 (0xff9ff06f) j       pc - 0x8
core   0: 3 0x8000b3b8 (0xff9ff06f)
core   0: 0x8000b3b0 (0x00002f17) auipc   t5, 0x2
core   0: 3 0x8000b3b0 (0x00002f17) x30 0x8000d3b0
core   0: 0x8000b3b4 (0xc43f2823) sw      gp, -944(t5)
core   0: 3 0x8000b3b4 (0xc43f2823) mem 0x8000d000 0x00000001
core   0: 0x8000b3b8 (0xff9ff06f) j       pc - 0x8
core   0: 3 0x8000b3b8 (0xff9ff06f)
core   0: 0x8000b3b0 (0x00002f17) auipc   t5, 0x2
core   0: 3 0x8000b3b0 (0x00002f17) x30 0x8000d3b0
core   0: 0x8000b3b4 (0xc43f2823) sw      gp, -944(t5)
core   0: 3 0x8000b3b4 (0xc43f2823) mem 0x8000d000 0x00000001
core   0: 0x8000b3b8 (0xff9ff06f) j       pc - 0x8
core   0: 3 0x8000b3b8 (0xff9ff06f)
core   0: 0x8000b3b0 (0x00002f17) auipc   t5, 0x2
core   0: 3 0x8000b3b0 (0x00002f17) x30 0x8000d3b0
core   0: 0x8000b3b4 (0xc43f2823) sw      gp, -944(t5)
core   0: 3 0x8000b3b4 (0xc43f2823) mem 0x8000d000 0x00000001
core   0: 0x8000b3b8 (0xff9ff06f) j       pc - 0x8
core   0: 3 0x8000b3b8 (0xff9ff06f)
core   0: 0x8000b3b0 (0x00002f17) auipc   t5, 0x2
core   0: 3 0x8000b3b0 (0x00002f17) x30 0x8000d3b0
core   0: 0x8000b3b4 (0xc43f2823) sw      gp, -944(t5)
core   0: 3 0x8000b3b4 (0xc43f2823) mem 0x8000d000 0x00000001
core   0: 0x8000b3b8 (0xff9ff06f) j       pc - 0x8
core   0: 3 0x8000b3b8 (0xff9ff06f)
core   0: 0x8000b3b0 (0x00002f17) auipc   t5, 0x2
core   0: 3 0x8000b3b0 (0x00002f17) x30 0x8000d3b0
core   0: 0x8000b3b4 (0xc43f2823) sw      gp, -944(t5)
core   0: 3 0x8000b3b4 (0xc43f2823) mem 0x8000d000 0x00000001
core   0: 0x8000b3b8 (0xff9ff06f) j       pc - 0x8
core   0: 3 0x8000b3b8 (0xff9ff06f)
core   0: 0x8000b3b0 (0x00002f17) auipc   t5, 0x2
core   0: 3 0x8000b3b0 (0x00002f17) x30 0x8000d3b0
core   0: 0x8000b3b4 (0xc43f2823) sw      gp, -944(t5)
core   0: 3 0x8000b3b4 (0xc43f2823) mem 0x8000d000 0x00000001
core   0: 0x8000b3b8 (0xff9ff06f) j       pc - 0x8
core   0: 3 0x8000b3b8 (0xff9ff06f)
core   0: 0x8000b3b0 (0x00002f17) auipc   t5, 0x2
core   0: 3 0x8000b3b0 (0x00002f17) x30 0x8000d3b0
core   0: 0x8000b3b4 (0xc43f2823) sw      gp, -944(t5)
core   0: 3 0x8000b3b4 (0xc43f2823) mem 0x8000d000 0x00000001
core   0: 0x8000b3b8 (0xff9ff06f) j       pc - 0x8
core   0: 3 0x8000b3b8 (0xff9ff06f)
core   0: 0x8000b3b0 (0x00002f17) auipc   t5, 0x2
core   0: 3 0x8000b3b0 (0x00002f17) x30 0x8000d3b0
core   0: 0x8000b3b4 (0xc43f2823) sw      gp, -944(t5)
core   0: 3 0x8000b3b4 (0xc43f2823) mem 0x8000d000 0x00000001
core   0: 0x8000b3b8 (0xff9ff06f) j       pc - 0x8
core   0: 3 0x8000b3b8 (0xff9ff06f)
core   0: 0x8000b3b0 (0x00002f17) auipc   t5, 0x2
core   0: 3 0x8000b3b0 (0x00002f17) x30 0x8000d3b0
core   0: 0x8000b3b4 (0xc43f2823) sw      gp, -944(t5)
core   0: 3 0x8000b3b4 (0xc43f2823) mem 0x8000d000 0x00000001
core   0: 0x8000b3b8 (0xff9ff06f) j       pc - 0x8
core   0: 3 0x8000b3b8 (0xff9ff06f)
core   0: 0x8000b3b0 (0x00002f17) auipc   t5, 0x2
core   0: 3 0x8000b3b0 (0x00002f17) x30 0x8000d3b0
core   0: 0x8000b3b4 (0xc43f2823) sw      gp, -944(t5)
core   0: 3 0x8000b3b4 (0xc43f2823) mem 0x8000d000 0x00000001
core   0: 0x8000b3b8 (0xff9ff06f) j       pc - 0x8
core   0: 3 0x8000b3b8 (0xff9ff06f)
core   0: 0x8000b3b0 (0x00002f17) auipc   t5, 0x2
core   0: 3 0x8000b3b0 (0x00002f17) x30 0x8000d3b0
core   0: 0x8000b3b4 (0xc43f2823) sw      gp, -944(t5)
core   0: 3 0x8000b3b4 (0xc43f2823) mem 0x8000d000 0x00000001
core   0: 0x8000b3b8 (0xff9ff06f) j       pc - 0x8
core   0: 3 0x8000b3b8 (0xff9ff06f)
core   0: 0x8000b3b0 (0x00002f17) auipc   t5, 0x2
core   0: 3 0x8000b3b0 (0x00002f17) x30 0x8000d3b0
core   0: 0x8000b3b4 (0xc43f2823) sw      gp, -944(t5)
core   0: 3 0x8000b3b4 (0xc43f2823) mem 0x8000d000 0x00000001
core   0: 0x8000b3b8 (0xff9ff06f) j       pc - 0x8
core   0: 3 0x8000b3b8 (0xff9ff06f)
core   0: 0x8000b3b0 (0x00002f17) auipc   t5, 0x2
core   0: 3 0x8000b3b0 (0x00002f17) x30 0x8000d3b0
core   0: 0x8000b3b4 (0xc43f2823) sw      gp, -944(t5)
core   0: 3 0x8000b3b4 (0xc43f2823) mem 0x8000d000 0x00000001
core   0: 0x8000b3b8 (0xff9ff06f) j       pc - 0x8
core   0: 3 0x8000b3b8 (0xff9ff06f)
core   0: 0x8000b3b0 (0x00002f17) auipc   t5, 0x2
core   0: 3 0x8000b3b0 (0x00002f17) x30 0x8000d3b0
core   0: 0x8000b3b4 (0xc43f2823) sw      gp, -944(t5)
core   0: 3 0x8000b3b4 (0xc43f2823) mem 0x8000d000 0x00000001
core   0: 0x8000b3b8 (0xff9ff06f) j       pc - 0x8
core   0: 3 0x8000b3b8 (0xff9ff06f)
core   0: 0x8000b3b0 (0x00002f17) auipc   t5, 0x2
core   0: 3 0x8000b3b0 (0x00002f17) x30 0x8000d3b0
core   0: 0x8000b3b4 (0xc43f2823) sw      gp, -944(t5)
core   0: 3 0x8000b3b4 (0xc43f2823) mem 0x8000d000 0x00000001
core   0: 0x8000b3b8 (0xff9ff06f) j       pc - 0x8
core   0: 3 0x8000b3b8 (0xff9ff06f)
core   0: 0x8000b3b0 (0x00002f17) auipc   t5, 0x2
core   0: 3 0x8000b3b0 (0x00002f17) x30 0x8000d3b0
core   0: 0x8000b3b4 (0xc43f2823) sw      gp, -944(t5)
core   0: 3 0x8000b3b4 (0xc43f2823) mem 0x8000d000 0x00000001
core   0: 0x8000b3b8 (0xff9ff06f) j       pc - 0x8
core   0: 3 0x8000b3b8 (0xff9ff06f)
core   0: 0x8000b3b0 (0x00002f17) auipc   t5, 0x2
core   0: 3 0x8000b3b0 (0x00002f17) x30 0x8000d3b0
core   0: 0x8000b3b4 (0xc43f2823) sw      gp, -944(t5)
core   0: 3 0x8000b3b4 (0xc43f2823) mem 0x8000d000 0x00000001
core   0: 0x8000b3b8 (0xff9ff06f) j       pc - 0x8
core   0: 3 0x8000b3b8 (0xff9ff06f)
core   0: 0x8000b3b0 (0x00002f17) auipc   t5, 0x2
core   0: 3 0x8000b3b0 (0x00002f17) x30 0x8000d3b0
core   0: 0x8000b3b4 (0xc43f2823) sw      gp, -944(t5)
core   0: 3 0x8000b3b4 (0xc43f2823) mem 0x8000d000 0x00000001
core   0: 0x8000b3b8 (0xff9ff06f) j       pc - 0x8
core   0: 3 0x8000b3b8 (0xff9ff06f)
core   0: 0x8000b3b0 (0x00002f17) auipc   t5, 0x2
core   0: 3 0x8000b3b0 (0x00002f17) x30 0x8000d3b0
core   0: 0x8000b3b4 (0xc43f2823) sw      gp, -944(t5)
core   0: 3 0x8000b3b4 (0xc43f2823) mem 0x8000d000 0x00000001
core   0: 0x8000b3b8 (0xff9ff06f) j       pc - 0x8
core   0: 3 0x8000b3b8 (0xff9ff06f)
core   0: 0x8000b3b0 (0x00002f17) auipc   t5, 0x2
core   0: 3 0x8000b3b0 (0x00002f17) x30 0x8000d3b0
core   0: 0x8000b3b4 (0xc43f2823) sw      gp, -944(t5)
core   0: 3 0x8000b3b4 (0xc43f2823) mem 0x8000d000 0x00000001
core   0: 0x8000b3b8 (0xff9ff06f) j       pc - 0x8
core   0: 3 0x8000b3b8 (0xff9ff06f)
core   0: 0x8000b3b0 (0x00002f17) auipc   t5, 0x2
core   0: 3 0x8000b3b0 (0x00002f17) x30 0x8000d3b0
core   0: 0x8000b3b4 (0xc43f2823) sw      gp, -944(t5)
core   0: 3 0x8000b3b4 (0xc43f2823) mem 0x8000d000 0x00000001
core   0: 0x8000b3b8 (0xff9ff06f) j       pc - 0x8
core   0: 3 0x8000b3b8 (0xff9ff06f)
core   0: 0x8000b3b0 (0x00002f17) auipc   t5, 0x2
core   0: 3 0x8000b3b0 (0x00002f17) x30 0x8000d3b0
core   0: 0x8000b3b4 (0xc43f2823) sw      gp, -944(t5)
core   0: 3 0x8000b3b4 (0xc43f2823) mem 0x8000d000 0x00000001
core   0: 0x8000b3b8 (0xff9ff06f) j       pc - 0x8
core   0: 3 0x8000b3b8 (0xff9ff06f)
core   0: 0x8000b3b0 (0x00002f17) auipc   t5, 0x2
core   0: 3 0x8000b3b0 (0x00002f17) x30 0x8000d3b0
core   0: 0x8000b3b4 (0xc43f2823) sw      gp, -944(t5)
core   0: 3 0x8000b3b4 (0xc43f2823) mem 0x8000d000 0x00000001
core   0: 0x8000b3b8 (0xff9ff06f) j       pc - 0x8
core   0: 3 0x8000b3b8 (0xff9ff06f)
core   0: 0x8000b3b0 (0x00002f17) auipc   t5, 0x2
core   0: 3 0x8000b3b0 (0x00002f17) x30 0x8000d3b0
core   0: 0x8000b3b4 (0xc43f2823) sw      gp, -944(t5)
core   0: 3 0x8000b3b4 (0xc43f2823) mem 0x8000d000 0x00000001
core   0: 0x8000b3b8 (0xff9ff06f) j       pc - 0x8
core   0: 3 0x8000b3b8 (0xff9ff06f)
core   0: 0x8000b3b0 (0x00002f17) auipc   t5, 0x2
core   0: 3 0x8000b3b0 (0x00002f17) x30 0x8000d3b0
core   0: 0x8000b3b4 (0xc43f2823) sw      gp, -944(t5)
core   0: 3 0x8000b3b4 (0xc43f2823) mem 0x8000d000 0x00000001
core   0: 0x8000b3b8 (0xff9ff06f) j       pc - 0x8
core   0: 3 0x8000b3b8 (0xff9ff06f)
core   0: 0x8000b3b0 (0x00002f17) auipc   t5, 0x2
core   0: 3 0x8000b3b0 (0x00002f17) x30 0x8000d3b0
core   0: 0x8000b3b4 (0xc43f2823) sw      gp, -944(t5)
core   0: 3 0x8000b3b4 (0xc43f2823) mem 0x8000d000 0x00000001
core   0: 0x8000b3b8 (0xff9ff06f) j       pc - 0x8
core   0: 3 0x8000b3b8 (0xff9ff06f)
core   0: 0x8000b3b0 (0x00002f17) auipc   t5, 0x2
core   0: 3 0x8000b3b0 (0x00002f17) x30 0x8000d3b0
core   0: 0x8000b3b4 (0xc43f2823) sw      gp, -944(t5)
core   0: 3 0x8000b3b4 (0xc43f2823) mem 0x8000d000 0x00000001
core   0: 0x8000b3b8 (0xff9ff06f) j       pc - 0x8
core   0: 3 0x8000b3b8 (0xff9ff06f)
core   0: 0x8000b3b0 (0x00002f17) auipc   t5, 0x2
core   0: 3 0x8000b3b0 (0x00002f17) x30 0x8000d3b0
core   0: 0x8000b3b4 (0xc43f2823) sw      gp, -944(t5)
core   0: 3 0x8000b3b4 (0xc43f2823) mem 0x8000d000 0x00000001
core   0: 0x8000b3b8 (0xff9ff06f) j       pc - 0x8
core   0: 3 0x8000b3b8 (0xff9ff06f)
core   0: 0x8000b3b0 (0x00002f17) auipc   t5, 0x2
core   0: 3 0x8000b3b0 (0x00002f17) x30 0x8000d3b0
core   0: 0x8000b3b4 (0xc43f2823) sw      gp, -944(t5)
core   0: 3 0x8000b3b4 (0xc43f2823) mem 0x8000d000 0x00000001
core   0: 0x8000b3b8 (0xff9ff06f) j       pc - 0x8
core   0: 3 0x8000b3b8 (0xff9ff06f)
core   0: 0x8000b3b0 (0x00002f17) auipc   t5, 0x2
core   0: 3 0x8000b3b0 (0x00002f17) x30 0x8000d3b0
core   0: 0x8000b3b4 (0xc43f2823) sw      gp, -944(t5)
core   0: 3 0x8000b3b4 (0xc43f2823) mem 0x8000d000 0x00000001
core   0: 0x8000b3b8 (0xff9ff06f) j       pc - 0x8
core   0: 3 0x8000b3b8 (0xff9ff06f)
core   0: 0x8000b3b0 (0x00002f17) auipc   t5, 0x2
core   0: 3 0x8000b3b0 (0x00002f17) x30 0x8000d3b0
core   0: 0x8000b3b4 (0xc43f2823) sw      gp, -944(t5)
core   0: 3 0x8000b3b4 (0xc43f2823) mem 0x8000d000 0x00000001
core   0: 0x8000b3b8 (0xff9ff06f) j       pc - 0x8
core   0: 3 0x8000b3b8 (0xff9ff06f)
core   0: 0x8000b3b0 (0x00002f17) auipc   t5, 0x2
core   0: 3 0x8000b3b0 (0x00002f17) x30 0x8000d3b0
core   0: 0x8000b3b4 (0xc43f2823) sw      gp, -944(t5)
core   0: 3 0x8000b3b4 (0xc43f2823) mem 0x8000d000 0x00000001
core   0: 0x8000b3b8 (0xff9ff06f) j       pc - 0x8
core   0: 3 0x8000b3b8 (0xff9ff06f)
core   0: 0x8000b3b0 (0x00002f17) auipc   t5, 0x2
core   0: 3 0x8000b3b0 (0x00002f17) x30 0x8000d3b0
core   0: 0x8000b3b4 (0xc43f2823) sw      gp, -944(t5)
core   0: 3 0x8000b3b4 (0xc43f2823) mem 0x8000d000 0x00000001
core   0: 0x8000b3b8 (0xff9ff06f) j       pc - 0x8
core   0: 3 0x8000b3b8 (0xff9ff06f)
core   0: 0x8000b3b0 (0x00002f17) auipc   t5, 0x2
core   0: 3 0x8000b3b0 (0x00002f17) x30 0x8000d3b0
core   0: 0x8000b3b4 (0xc43f2823) sw      gp, -944(t5)
core   0: 3 0x8000b3b4 (0xc43f2823) mem 0x8000d000 0x00000001
core   0: 0x8000b3b8 (0xff9ff06f) j       pc - 0x8
core   0: 3 0x8000b3b8 (0xff9ff06f)
core   0: 0x8000b3b0 (0x00002f17) auipc   t5, 0x2
core   0: 3 0x8000b3b0 (0x00002f17) x30 0x8000d3b0
core   0: 0x8000b3b4 (0xc43f2823) sw      gp, -944(t5)
core   0: 3 0x8000b3b4 (0xc43f2823) mem 0x8000d000 0x00000001
core   0: 0x8000b3b8 (0xff9ff06f) j       pc - 0x8
core   0: 3 0x8000b3b8 (0xff9ff06f)
core   0: 0x8000b3b0 (0x00002f17) auipc   t5, 0x2
core   0: 3 0x8000b3b0 (0x00002f17) x30 0x8000d3b0
core   0: 0x8000b3b4 (0xc43f2823) sw      gp, -944(t5)
core   0: 3 0x8000b3b4 (0xc43f2823) mem 0x8000d000 0x00000001
core   0: 0x8000b3b8 (0xff9ff06f) j       pc - 0x8
core   0: 3 0x8000b3b8 (0xff9ff06f)
core   0: 0x8000b3b0 (0x00002f17) auipc   t5, 0x2
core   0: 3 0x8000b3b0 (0x00002f17) x30 0x8000d3b0
core   0: 0x8000b3b4 (0xc43f2823) sw      gp, -944(t5)
core   0: 3 0x8000b3b4 (0xc43f2823) mem 0x8000d000 0x00000001
core   0: 0x8000b3b8 (0xff9ff06f) j       pc - 0x8
core   0: 3 0x8000b3b8 (0xff9ff06f)
core   0: 0x8000b3b0 (0x00002f17) auipc   t5, 0x2
core   0: 3 0x8000b3b0 (0x00002f17) x30 0x8000d3b0
core   0: 0x8000b3b4 (0xc43f2823) sw      gp, -944(t5)
core   0: 3 0x8000b3b4 (0xc43f2823) mem 0x8000d000 0x00000001
core   0: 0x8000b3b8 (0xff9ff06f) j       pc - 0x8
core   0: 3 0x8000b3b8 (0xff9ff06f)
core   0: 0x8000b3b0 (0x00002f17) auipc   t5, 0x2
core   0: 3 0x8000b3b0 (0x00002f17) x30 0x8000d3b0
core   0: 0x8000b3b4 (0xc43f2823) sw      gp, -944(t5)
core   0: 3 0x8000b3b4 (0xc43f2823) mem 0x8000d000 0x00000001
core   0: 0x8000b3b8 (0xff9ff06f) j       pc - 0x8
core   0: 3 0x8000b3b8 (0xff9ff06f)
core   0: 0x8000b3b0 (0x00002f17) auipc   t5, 0x2
core   0: 3 0x8000b3b0 (0x00002f17) x30 0x8000d3b0
core   0: 0x8000b3b4 (0xc43f2823) sw      gp, -944(t5)
core   0: 3 0x8000b3b4 (0xc43f2823) mem 0x8000d000 0x00000001
core   0: 0x8000b3b8 (0xff9ff06f) j       pc - 0x8
core   0: 3 0x8000b3b8 (0xff9ff06f)
core   0: 0x8000b3b0 (0x00002f17) auipc   t5, 0x2
core   0: 3 0x8000b3b0 (0x00002f17) x30 0x8000d3b0
core   0: 0x8000b3b4 (0xc43f2823) sw      gp, -944(t5)
core   0: 3 0x8000b3b4 (0xc43f2823) mem 0x8000d000 0x00000001
core   0: 0x8000b3b8 (0xff9ff06f) j       pc - 0x8
core   0: 3 0x8000b3b8 (0xff9ff06f)
core   0: 0x8000b3b0 (0x00002f17) auipc   t5, 0x2
core   0: 3 0x8000b3b0 (0x00002f17) x30 0x8000d3b0
core   0: 0x8000b3b4 (0xc43f2823) sw      gp, -944(t5)
core   0: 3 0x8000b3b4 (0xc43f2823) mem 0x8000d000 0x00000001
core   0: 0x8000b3b8 (0xff9ff06f) j       pc - 0x8
core   0: 3 0x8000b3b8 (0xff9ff06f)
core   0: 0x8000b3b0 (0x00002f17) auipc   t5, 0x2
core   0: 3 0x8000b3b0 (0x00002f17) x30 0x8000d3b0
core   0: 0x8000b3b4 (0xc43f2823) sw      gp, -944(t5)
core   0: 3 0x8000b3b4 (0xc43f2823) mem 0x8000d000 0x00000001
core   0: 0x8000b3b8 (0xff9ff06f) j       pc - 0x8
core   0: 3 0x8000b3b8 (0xff9ff06f)
core   0: 0x8000b3b0 (0x00002f17) auipc   t5, 0x2
core   0: 3 0x8000b3b0 (0x00002f17) x30 0x8000d3b0
core   0: 0x8000b3b4 (0xc43f2823) sw      gp, -944(t5)
core   0: 3 0x8000b3b4 (0xc43f2823) mem 0x8000d000 0x00000001
core   0: 0x8000b3b8 (0xff9ff06f) j       pc - 0x8
core   0: 3 0x8000b3b8 (0xff9ff06f)
core   0: 0x8000b3b0 (0x00002f17) auipc   t5, 0x2
core   0: 3 0x8000b3b0 (0x00002f17) x30 0x8000d3b0
core   0: 0x8000b3b4 (0xc43f2823) sw      gp, -944(t5)
core   0: 3 0x8000b3b4 (0xc43f2823) mem 0x8000d000 0x00000001
core   0: 0x8000b3b8 (0xff9ff06f) j       pc - 0x8
core   0: 3 0x8000b3b8 (0xff9ff06f)
core   0: 0x8000b3b0 (0x00002f17) auipc   t5, 0x2
core   0: 3 0x8000b3b0 (0x00002f17) x30 0x8000d3b0
core   0: 0x8000b3b4 (0xc43f2823) sw      gp, -944(t5)
core   0: 3 0x8000b3b4 (0xc43f2823) mem 0x8000d000 0x00000001
core   0: 0x8000b3b8 (0xff9ff06f) j       pc - 0x8
core   0: 3 0x8000b3b8 (0xff9ff06f)
core   0: 0x8000b3b0 (0x00002f17) auipc   t5, 0x2
core   0: 3 0x8000b3b0 (0x00002f17) x30 0x8000d3b0
core   0: 0x8000b3b4 (0xc43f2823) sw      gp, -944(t5)
core   0: 3 0x8000b3b4 (0xc43f2823) mem 0x8000d000 0x00000001
core   0: 0x8000b3b8 (0xff9ff06f) j       pc - 0x8
core   0: 3 0x8000b3b8 (0xff9ff06f)
core   0: 0x8000b3b0 (0x00002f17) auipc   t5, 0x2
core   0: 3 0x8000b3b0 (0x00002f17) x30 0x8000d3b0
core   0: 0x8000b3b4 (0xc43f2823) sw      gp, -944(t5)
core   0: 3 0x8000b3b4 (0xc43f2823) mem 0x8000d000 0x00000001
core   0: 0x8000b3b8 (0xff9ff06f) j       pc - 0x8
core   0: 3 0x8000b3b8 (0xff9ff06f)
core   0: 0x8000b3b0 (0x00002f17) auipc   t5, 0x2
core   0: 3 0x8000b3b0 (0x00002f17) x30 0x8000d3b0
core   0: 0x8000b3b4 (0xc43f2823) sw      gp, -944(t5)
core   0: 3 0x8000b3b4 (0xc43f2823) mem 0x8000d000 0x00000001
core   0: 0x8000b3b8 (0xff9ff06f) j       pc - 0x8
core   0: 3 0x8000b3b8 (0xff9ff06f)
core   0: 0x8000b3b0 (0x00002f17) auipc   t5, 0x2
core   0: 3 0x8000b3b0 (0x00002f17) x30 0x8000d3b0
core   0: 0x8000b3b4 (0xc43f2823) sw      gp, -944(t5)
core   0: 3 0x8000b3b4 (0xc43f2823) mem 0x8000d000 0x00000001
core   0: 0x8000b3b8 (0xff9ff06f) j       pc - 0x8
core   0: 3 0x8000b3b8 (0xff9ff06f)
core   0: 0x8000b3b0 (0x00002f17) auipc   t5, 0x2
core   0: 3 0x8000b3b0 (0x00002f17) x30 0x8000d3b0
core   0: 0x8000b3b4 (0xc43f2823) sw      gp, -944(t5)
core   0: 3 0x8000b3b4 (0xc43f2823) mem 0x8000d000 0x00000001
core   0: 0x8000b3b8 (0xff9ff06f) j       pc - 0x8
core   0: 3 0x8000b3b8 (0xff9ff06f)
core   0: 0x8000b3b0 (0x00002f17) auipc   t5, 0x2
core   0: 3 0x8000b3b0 (0x00002f17) x30 0x8000d3b0
core   0: 0x8000b3b4 (0xc43f2823) sw      gp, -944(t5)
core   0: 3 0x8000b3b4 (0xc43f2823) mem 0x8000d000 0x00000001
core   0: 0x8000b3b8 (0xff9ff06f) j       pc - 0x8
core   0: 3 0x8000b3b8 (0xff9ff06f)
core   0: 0x8000b3b0 (0x00002f17) auipc   t5, 0x2
core   0: 3 0x8000b3b0 (0x00002f17) x30 0x8000d3b0
core   0: 0x8000b3b4 (0xc43f2823) sw      gp, -944(t5)
core   0: 3 0x8000b3b4 (0xc43f2823) mem 0x8000d000 0x00000001
core   0: 0x8000b3b8 (0xff9ff06f) j       pc - 0x8
core   0: 3 0x8000b3b8 (0xff9ff06f)
core   0: 0x8000b3b0 (0x00002f17) auipc   t5, 0x2
core   0: 3 0x8000b3b0 (0x00002f17) x30 0x8000d3b0
core   0: 0x8000b3b4 (0xc43f2823) sw      gp, -944(t5)
core   0: 3 0x8000b3b4 (0xc43f2823) mem 0x8000d000 0x00000001
core   0: 0x8000b3b8 (0xff9ff06f) j       pc - 0x8
core   0: 3 0x8000b3b8 (0xff9ff06f)
core   0: 0x8000b3b0 (0x00002f17) auipc   t5, 0x2
core   0: 3 0x8000b3b0 (0x00002f17) x30 0x8000d3b0
core   0: 0x8000b3b4 (0xc43f2823) sw      gp, -944(t5)
core   0: 3 0x8000b3b4 (0xc43f2823) mem 0x8000d000 0x00000001
core   0: 0x8000b3b8 (0xff9ff06f) j       pc - 0x8
core   0: 3 0x8000b3b8 (0xff9ff06f)
core   0: 0x8000b3b0 (0x00002f17) auipc   t5, 0x2
core   0: 3 0x8000b3b0 (0x00002f17) x30 0x8000d3b0
core   0: 0x8000b3b4 (0xc43f2823) sw      gp, -944(t5)
core   0: 3 0x8000b3b4 (0xc43f2823) mem 0x8000d000 0x00000001
core   0: 0x8000b3b8 (0xff9ff06f) j       pc - 0x8
core   0: 3 0x8000b3b8 (0xff9ff06f)
core   0: 0x8000b3b0 (0x00002f17) auipc   t5, 0x2
core   0: 3 0x8000b3b0 (0x00002f17) x30 0x8000d3b0
core   0: 0x8000b3b4 (0xc43f2823) sw      gp, -944(t5)
core   0: 3 0x8000b3b4 (0xc43f2823) mem 0x8000d000 0x00000001
core   0: 0x8000b3b8 (0xff9ff06f) j       pc - 0x8
core   0: 3 0x8000b3b8 (0xff9ff06f)
core   0: 0x8000b3b0 (0x00002f17) auipc   t5, 0x2
core   0: 3 0x8000b3b0 (0x00002f17) x30 0x8000d3b0
core   0: 0x8000b3b4 (0xc43f2823) sw      gp, -944(t5)
core   0: 3 0x8000b3b4 (0xc43f2823) mem 0x8000d000 0x00000001
core   0: 0x8000b3b8 (0xff9ff06f) j       pc - 0x8
core   0: 3 0x8000b3b8 (0xff9ff06f)
core   0: 0x8000b3b0 (0x00002f17) auipc   t5, 0x2
core   0: 3 0x8000b3b0 (0x00002f17) x30 0x8000d3b0
core   0: 0x8000b3b4 (0xc43f2823) sw      gp, -944(t5)
core   0: 3 0x8000b3b4 (0xc43f2823) mem 0x8000d000 0x00000001
core   0: 0x8000b3b8 (0xff9ff06f) j       pc - 0x8
core   0: 3 0x8000b3b8 (0xff9ff06f)
core   0: 0x8000b3b0 (0x00002f17) auipc   t5, 0x2
core   0: 3 0x8000b3b0 (0x00002f17) x30 0x8000d3b0
core   0: 0x8000b3b4 (0xc43f2823) sw      gp, -944(t5)
core   0: 3 0x8000b3b4 (0xc43f2823) mem 0x8000d000 0x00000001
core   0: 0x8000b3b8 (0xff9ff06f) j       pc - 0x8
core   0: 3 0x8000b3b8 (0xff9ff06f)
core   0: 0x8000b3b0 (0x00002f17) auipc   t5, 0x2
core   0: 3 0x8000b3b0 (0x00002f17) x30 0x8000d3b0
core   0: 0x8000b3b4 (0xc43f2823) sw      gp, -944(t5)
core   0: 3 0x8000b3b4 (0xc43f2823) mem 0x8000d000 0x00000001
core   0: 0x8000b3b8 (0xff9ff06f) j       pc - 0x8
core   0: 3 0x8000b3b8 (0xff9ff06f)
core   0: 0x8000b3b0 (0x00002f17) auipc   t5, 0x2
core   0: 3 0x8000b3b0 (0x00002f17) x30 0x8000d3b0
core   0: 0x8000b3b4 (0xc43f2823) sw      gp, -944(t5)
core   0: 3 0x8000b3b4 (0xc43f2823) mem 0x8000d000 0x00000001
core   0: 0x8000b3b8 (0xff9ff06f) j       pc - 0x8
core   0: 3 0x8000b3b8 (0xff9ff06f)
core   0: 0x8000b3b0 (0x00002f17) auipc   t5, 0x2
core   0: 3 0x8000b3b0 (0x00002f17) x30 0x8000d3b0
core   0: 0x8000b3b4 (0xc43f2823) sw      gp, -944(t5)
core   0: 3 0x8000b3b4 (0xc43f2823) mem 0x8000d000 0x00000001
core   0: 0x8000b3b8 (0xff9ff06f) j       pc - 0x8
core   0: 3 0x8000b3b8 (0xff9ff06f)
core   0: 0x8000b3b0 (0x00002f17) auipc   t5, 0x2
core   0: 3 0x8000b3b0 (0x00002f17) x30 0x8000d3b0
core   0: 0x8000b3b4 (0xc43f2823) sw      gp, -944(t5)
core   0: 3 0x8000b3b4 (0xc43f2823) mem 0x8000d000 0x00000001
core   0: 0x8000b3b8 (0xff9ff06f) j       pc - 0x8
core   0: 3 0x8000b3b8 (0xff9ff06f)
core   0: 0x8000b3b0 (0x00002f17) auipc   t5, 0x2
core   0: 3 0x8000b3b0 (0x00002f17) x30 0x8000d3b0
core   0: 0x8000b3b4 (0xc43f2823) sw      gp, -944(t5)
core   0: 3 0x8000b3b4 (0xc43f2823) mem 0x8000d000 0x00000001
core   0: 0x8000b3b8 (0xff9ff06f) j       pc - 0x8
core   0: 3 0x8000b3b8 (0xff9ff06f)
core   0: 0x8000b3b0 (0x00002f17) auipc   t5, 0x2
core   0: 3 0x8000b3b0 (0x00002f17) x30 0x8000d3b0
core   0: 0x8000b3b4 (0xc43f2823) sw      gp, -944(t5)
core   0: 3 0x8000b3b4 (0xc43f2823) mem 0x8000d000 0x00000001
core   0: 0x8000b3b8 (0xff9ff06f) j       pc - 0x8
core   0: 3 0x8000b3b8 (0xff9ff06f)
core   0: 0x8000b3b0 (0x00002f17) auipc   t5, 0x2
core   0: 3 0x8000b3b0 (0x00002f17) x30 0x8000d3b0
core   0: 0x8000b3b4 (0xc43f2823) sw      gp, -944(t5)
core   0: 3 0x8000b3b4 (0xc43f2823) mem 0x8000d000 0x00000001
core   0: 0x8000b3b8 (0xff9ff06f) j       pc - 0x8
core   0: 3 0x8000b3b8 (0xff9ff06f)
core   0: 0x8000b3b0 (0x00002f17) auipc   t5, 0x2
core   0: 3 0x8000b3b0 (0x00002f17) x30 0x8000d3b0
core   0: 0x8000b3b4 (0xc43f2823) sw      gp, -944(t5)
core   0: 3 0x8000b3b4 (0xc43f2823) mem 0x8000d000 0x00000001
core   0: 0x8000b3b8 (0xff9ff06f) j       pc - 0x8
core   0: 3 0x8000b3b8 (0xff9ff06f)
core   0: 0x8000b3b0 (0x00002f17) auipc   t5, 0x2
core   0: 3 0x8000b3b0 (0x00002f17) x30 0x8000d3b0
core   0: 0x8000b3b4 (0xc43f2823) sw      gp, -944(t5)
core   0: 3 0x8000b3b4 (0xc43f2823) mem 0x8000d000 0x00000001
core   0: 0x8000b3b8 (0xff9ff06f) j       pc - 0x8
core   0: 3 0x8000b3b8 (0xff9ff06f)
core   0: 0x8000b3b0 (0x00002f17) auipc   t5, 0x2
core   0: 3 0x8000b3b0 (0x00002f17) x30 0x8000d3b0
core   0: 0x8000b3b4 (0xc43f2823) sw      gp, -944(t5)
core   0: 3 0x8000b3b4 (0xc43f2823) mem 0x8000d000 0x00000001
core   0: 0x8000b3b8 (0xff9ff06f) j       pc - 0x8
core   0: 3 0x8000b3b8 (0xff9ff06f)
core   0: 0x8000b3b0 (0x00002f17) auipc   t5, 0x2
core   0: 3 0x8000b3b0 (0x00002f17) x30 0x8000d3b0
core   0: 0x8000b3b4 (0xc43f2823) sw      gp, -944(t5)
core   0: 3 0x8000b3b4 (0xc43f2823) mem 0x8000d000 0x00000001
core   0: 0x8000b3b8 (0xff9ff06f) j       pc - 0x8
core   0: 3 0x8000b3b8 (0xff9ff06f)
core   0: 0x8000b3b0 (0x00002f17) auipc   t5, 0x2
core   0: 3 0x8000b3b0 (0x00002f17) x30 0x8000d3b0
core   0: 0x8000b3b4 (0xc43f2823) sw      gp, -944(t5)
core   0: 3 0x8000b3b4 (0xc43f2823) mem 0x8000d000 0x00000001
core   0: 0x8000b3b8 (0xff9ff06f) j       pc - 0x8
core   0: 3 0x8000b3b8 (0xff9ff06f)
core   0: 0x8000b3b0 (0x00002f17) auipc   t5, 0x2
core   0: 3 0x8000b3b0 (0x00002f17) x30 0x8000d3b0
core   0: 0x8000b3b4 (0xc43f2823) sw      gp, -944(t5)
core   0: 3 0x8000b3b4 (0xc43f2823) mem 0x8000d000 0x00000001
core   0: 0x8000b3b8 (0xff9ff06f) j       pc - 0x8
core   0: 3 0x8000b3b8 (0xff9ff06f)
core   0: 0x8000b3b0 (0x00002f17) auipc   t5, 0x2
core   0: 3 0x8000b3b0 (0x00002f17) x30 0x8000d3b0
core   0: 0x8000b3b4 (0xc43f2823) sw      gp, -944(t5)
core   0: 3 0x8000b3b4 (0xc43f2823) mem 0x8000d000 0x00000001
core   0: 0x8000b3b8 (0xff9ff06f) j       pc - 0x8
core   0: 3 0x8000b3b8 (0xff9ff06f)
core   0: 0x8000b3b0 (0x00002f17) auipc   t5, 0x2
core   0: 3 0x8000b3b0 (0x00002f17) x30 0x8000d3b0
core   0: 0x8000b3b4 (0xc43f2823) sw      gp, -944(t5)
core   0: 3 0x8000b3b4 (0xc43f2823) mem 0x8000d000 0x00000001
core   0: 0x8000b3b8 (0xff9ff06f) j       pc - 0x8
core   0: 3 0x8000b3b8 (0xff9ff06f)
core   0: 0x8000b3b0 (0x00002f17) auipc   t5, 0x2
core   0: 3 0x8000b3b0 (0x00002f17) x30 0x8000d3b0
core   0: 0x8000b3b4 (0xc43f2823) sw      gp, -944(t5)
core   0: 3 0x8000b3b4 (0xc43f2823) mem 0x8000d000 0x00000001
core   0: 0x8000b3b8 (0xff9ff06f) j       pc - 0x8
core   0: 3 0x8000b3b8 (0xff9ff06f)
core   0: 0x8000b3b0 (0x00002f17) auipc   t5, 0x2
core   0: 3 0x8000b3b0 (0x00002f17) x30 0x8000d3b0
core   0: 0x8000b3b4 (0xc43f2823) sw      gp, -944(t5)
core   0: 3 0x8000b3b4 (0xc43f2823) mem 0x8000d000 0x00000001
core   0: 0x8000b3b8 (0xff9ff06f) j       pc - 0x8
core   0: 3 0x8000b3b8 (0xff9ff06f)
core   0: 0x8000b3b0 (0x00002f17) auipc   t5, 0x2
core   0: 3 0x8000b3b0 (0x00002f17) x30 0x8000d3b0
core   0: 0x8000b3b4 (0xc43f2823) sw      gp, -944(t5)
core   0: 3 0x8000b3b4 (0xc43f2823) mem 0x8000d000 0x00000001
core   0: 0x8000b3b8 (0xff9ff06f) j       pc - 0x8
core   0: 3 0x8000b3b8 (0xff9ff06f)
core   0: 0x8000b3b0 (0x00002f17) auipc   t5, 0x2
core   0: 3 0x8000b3b0 (0x00002f17) x30 0x8000d3b0
core   0: 0x8000b3b4 (0xc43f2823) sw      gp, -944(t5)
core   0: 3 0x8000b3b4 (0xc43f2823) mem 0x8000d000 0x00000001
core   0: 0x8000b3b8 (0xff9ff06f) j       pc - 0x8
core   0: 3 0x8000b3b8 (0xff9ff06f)
core   0: 0x8000b3b0 (0x00002f17) auipc   t5, 0x2
core   0: 3 0x8000b3b0 (0x00002f17) x30 0x8000d3b0
core   0: 0x8000b3b4 (0xc43f2823) sw      gp, -944(t5)
core   0: 3 0x8000b3b4 (0xc43f2823) mem 0x8000d000 0x00000001
core   0: 0x8000b3b8 (0xff9ff06f) j       pc - 0x8
core   0: 3 0x8000b3b8 (0xff9ff06f)
core   0: 0x8000b3b0 (0x00002f17) auipc   t5, 0x2
core   0: 3 0x8000b3b0 (0x00002f17) x30 0x8000d3b0
core   0: 0x8000b3b4 (0xc43f2823) sw      gp, -944(t5)
core   0: 3 0x8000b3b4 (0xc43f2823) mem 0x8000d000 0x00000001
core   0: 0x8000b3b8 (0xff9ff06f) j       pc - 0x8
core   0: 3 0x8000b3b8 (0xff9ff06f)
core   0: 0x8000b3b0 (0x00002f17) auipc   t5, 0x2
core   0: 3 0x8000b3b0 (0x00002f17) x30 0x8000d3b0
core   0: 0x8000b3b4 (0xc43f2823) sw      gp, -944(t5)
core   0: 3 0x8000b3b4 (0xc43f2823) mem 0x8000d000 0x00000001
core   0: 0x8000b3b8 (0xff9ff06f) j       pc - 0x8
core   0: 3 0x8000b3b8 (0xff9ff06f)
core   0: 0x8000b3b0 (0x00002f17) auipc   t5, 0x2
core   0: 3 0x8000b3b0 (0x00002f17) x30 0x8000d3b0
core   0: 0x8000b3b4 (0xc43f2823) sw      gp, -944(t5)
core   0: 3 0x8000b3b4 (0xc43f2823) mem 0x8000d000 0x00000001
core   0: 0x8000b3b8 (0xff9ff06f) j       pc - 0x8
core   0: 3 0x8000b3b8 (0xff9ff06f)
core   0: 0x8000b3b0 (0x00002f17) auipc   t5, 0x2
core   0: 3 0x8000b3b0 (0x00002f17) x30 0x8000d3b0
core   0: 0x8000b3b4 (0xc43f2823) sw      gp, -944(t5)
core   0: 3 0x8000b3b4 (0xc43f2823) mem 0x8000d000 0x00000001
core   0: 0x8000b3b8 (0xff9ff06f) j       pc - 0x8
core   0: 3 0x8000b3b8 (0xff9ff06f)
core   0: 0x8000b3b0 (0x00002f17) auipc   t5, 0x2
core   0: 3 0x8000b3b0 (0x00002f17) x30 0x8000d3b0
core   0: 0x8000b3b4 (0xc43f2823) sw      gp, -944(t5)
core   0: 3 0x8000b3b4 (0xc43f2823) mem 0x8000d000 0x00000001
core   0: 0x8000b3b8 (0xff9ff06f) j       pc - 0x8
core   0: 3 0x8000b3b8 (0xff9ff06f)
core   0: 0x8000b3b0 (0x00002f17) auipc   t5, 0x2
core   0: 3 0x8000b3b0 (0x00002f17) x30 0x8000d3b0
core   0: 0x8000b3b4 (0xc43f2823) sw      gp, -944(t5)
core   0: 3 0x8000b3b4 (0xc43f2823) mem 0x8000d000 0x00000001
