core   0: 0x00001000 (0x00000297) auipc   t0, 0x0
core   0: 3 0x00001000 (0x00000297) x 5 0x00001000
core   0: 0x00001004 (0x02028593) addi    a1, t0, 32
core   0: 3 0x00001004 (0x02028593) x11 0x00001020
core   0: 0x00001008 (0xf1402573) csrr    a0, mhartid
core   0: 3 0x00001008 (0xf1402573) x10 0x00000000
core   0: 0x0000100c (0x0182a283) lw      t0, 24(t0)
core   0: 3 0x0000100c (0x0182a283) x 5 0x80000000 mem 0x00001018
core   0: 0x00001010 (0x00028067) jr      t0
core   0: 3 0x00001010 (0x00028067)
core   0: 0x80000000 (0xf14022f3) csrr    t0, mhartid
core   0: 3 0x80000000 (0xf14022f3) x 5 0x00000000
core   0: 0x80000004 (0x00000313) li      t1, 0
core   0: 3 0x80000004 (0x00000313) x 6 0x00000000
core   0: 0x80000008 (0x00628263) beq     t0, t1, pc + 4
core   0: 3 0x80000008 (0x00628263)
core   0: 0x8000000c (0x00000a97) auipc   s5, 0x0
core   0: 3 0x8000000c (0x00000a97) x21 0x8000000c
core   0: 0x80000010 (0x00ca8a93) addi    s5, s5, 12
core   0: 3 0x80000010 (0x00ca8a93) x21 0x80000018
core   0: 0x80000014 (0x000a8067) jr      s5
core   0: 3 0x80000014 (0x000a8067)
core   0: 0x80000018 (0x40000cb7) lui     s9, 0x40000
core   0: 3 0x80000018 (0x40000cb7) x25 0x40000000
core   0: 0x8000001c (0x100c8c93) addi    s9, s9, 256
core   0: 3 0x8000001c (0x100c8c93) x25 0x40000100
core   0: 0x80000020 (0x301c9073) csrw    misa, s9
core   0: 3 0x80000020 (0x301c9073) c769_misa 0x40140100
core   0: 0x80000024 (0x0002c497) auipc   s1, 0x2c
core   0: 3 0x80000024 (0x0002c497) x 9 0x8002c024
core   0: 0x80000028 (0xcc048493) addi    s1, s1, -832
core   0: 3 0x80000028 (0xcc048493) x 9 0x8002bce4
core   0: 0x8000002c (0x00011c97) auipc   s9, 0x11
core   0: 3 0x8000002c (0x00011c97) x25 0x8001102c
core   0: 0x80000030 (0x548c8c93) addi    s9, s9, 1352
core   0: 3 0x80000030 (0x548c8c93) x25 0x80011574
core   0: 0x80000034 (0x000cec93) ori     s9, s9, 0
core   0: 3 0x80000034 (0x000cec93) x25 0x80011574
core   0: 0x80000038 (0x305c9073) csrw    mtvec, s9
core   0: 3 0x80000038 (0x305c9073) c773_mtvec 0x80011574
core   0: 0x8000003c (0x00000c97) auipc   s9, 0x0
core   0: 3 0x8000003c (0x00000c97) x25 0x8000003c
core   0: 0x80000040 (0x028c8c93) addi    s9, s9, 40
core   0: 3 0x80000040 (0x028c8c93) x25 0x80000064
core   0: 0x80000044 (0x341c9073) csrw    mepc, s9
core   0: 3 0x80000044 (0x341c9073) c833_mepc 0x80000064
core   0: 0x80000048 (0x00000013) nop
core   0: 3 0x80000048 (0x00000013)
core   0: 0x8000004c (0x00002cb7) lui     s9, 0x2
core   0: 3 0x8000004c (0x00002cb7) x25 0x00002000
core   0: 0x80000050 (0x800c8c93) addi    s9, s9, -2048
core   0: 3 0x80000050 (0x800c8c93) x25 0x00001800
core   0: 0x80000054 (0x300c9073) csrw    mstatus, s9
core   0: 3 0x80000054 (0x300c9073) c768_mstatus 0x00001800
core   0: 0x80000058 (0x00000c93) li      s9, 0
core   0: 3 0x80000058 (0x00000c93) x25 0x00000000
core   0: 0x8000005c (0x304c9073) csrw    mie, s9
core   0: 3 0x8000005c (0x304c9073) c772_mie 0x00000000
core   0: 0x80000060 (0x30200073) mret
core   0: 3 0x80000060 (0x30200073) c768_mstatus 0x00000080
core   0: >>>>  init
core   0: 0x80000064 (0x80000037) lui     zero, 0x80000
core   0: 3 0x80000064 (0x80000037)
core   0: 0x80000068 (0x00000013) nop
core   0: 3 0x80000068 (0x00000013)
core   0: 0x8000006c (0x00600093) li      ra, 6
core   0: 3 0x8000006c (0x00600093) x 1 0x00000006
core   0: 0x80000070 (0xfd272137) lui     sp, 0xfd272
core   0: 3 0x80000070 (0xfd272137) x 2 0xfd272000
core   0: 0x80000074 (0xf3a10113) addi    sp, sp, -198
core   0: 3 0x80000074 (0xf3a10113) x 2 0xfd271f3a
core   0: 0x80000078 (0x00000193) li      gp, 0
core   0: 3 0x80000078 (0x00000193) x 3 0x00000000
core   0: 0x8000007c (0xb45e4237) lui     tp, 0xb45e4
core   0: 3 0x8000007c (0xb45e4237) x 4 0xb45e4000
core   0: 0x80000080 (0xa7820213) addi    tp, tp, -1416
core   0: 3 0x80000080 (0xa7820213) x 4 0xb45e3a78
core   0: 0x80000084 (0xf35392b7) lui     t0, 0xf3539
core   0: 3 0x80000084 (0xf35392b7) x 5 0xf3539000
core   0: 0x80000088 (0x44628293) addi    t0, t0, 1094
core   0: 3 0x80000088 (0x44628293) x 5 0xf3539446
core   0: 0x8000008c (0x80000337) lui     t1, 0x80000
core   0: 3 0x8000008c (0x80000337) x 6 0x80000000
core   0: 0x80000090 (0x800003b7) lui     t2, 0x80000
core   0: 3 0x80000090 (0x800003b7) x 7 0x80000000
core   0: 0x80000094 (0x970c2437) lui     s0, 0x970c2
core   0: 3 0x80000094 (0x970c2437) x 8 0x970c2000
core   0: 0x80000098 (0x03e40413) addi    s0, s0, 62
core   0: 3 0x80000098 (0x03e40413) x 8 0x970c203e
core   0: 0x8000009c (0xfb2ea537) lui     a0, 0xfb2ea
core   0: 3 0x8000009c (0xfb2ea537) x10 0xfb2ea000
core   0: 0x800000a0 (0x4f650513) addi    a0, a0, 1270
core   0: 3 0x800000a0 (0x4f650513) x10 0xfb2ea4f6
core   0: 0x800000a4 (0x4056b5b7) lui     a1, 0x4056b
core   0: 3 0x800000a4 (0x4056b5b7) x11 0x4056b000
core   0: 0x800000a8 (0x39058593) addi    a1, a1, 912
core   0: 3 0x800000a8 (0x39058593) x11 0x4056b390
core   0: 0x800000ac (0xf862d637) lui     a2, 0xf862d
core   0: 3 0x800000ac (0xf862d637) x12 0xf862d000
core   0: 0x800000b0 (0xdf060613) addi    a2, a2, -528
core   0: 3 0x800000b0 (0xdf060613) x12 0xf862cdf0
core   0: 0x800000b4 (0x31ce16b7) lui     a3, 0x31ce1
core   0: 3 0x800000b4 (0x31ce16b7) x13 0x31ce1000
core   0: 0x800000b8 (0x97368693) addi    a3, a3, -1677
core   0: 3 0x800000b8 (0x97368693) x13 0x31ce0973
core   0: 0x800000bc (0xc0108737) lui     a4, 0xc0108
core   0: 3 0x800000bc (0xc0108737) x14 0xc0108000
core   0: 0x800000c0 (0xc9070713) addi    a4, a4, -880
core   0: 3 0x800000c0 (0xc9070713) x14 0xc0107c90
core   0: 0x800000c4 (0xff4ea7b7) lui     a5, 0xff4ea
core   0: 3 0x800000c4 (0xff4ea7b7) x15 0xff4ea000
core   0: 0x800000c8 (0xb7e78793) addi    a5, a5, -1154
core   0: 3 0x800000c8 (0xb7e78793) x15 0xff4e9b7e
core   0: 0x800000cc (0x80000837) lui     a6, 0x80000
core   0: 3 0x800000cc (0x80000837) x16 0x80000000
core   0: 0x800000d0 (0xf1dca8b7) lui     a7, 0xf1dca
core   0: 3 0x800000d0 (0xf1dca8b7) x17 0xf1dca000
core   0: 0x800000d4 (0x2a388893) addi    a7, a7, 675
core   0: 3 0x800000d4 (0x2a388893) x17 0xf1dca2a3
core   0: 0x800000d8 (0x00e00913) li      s2, 14
core   0: 3 0x800000d8 (0x00e00913) x18 0x0000000e
core   0: 0x800000dc (0xfb3fd9b7) lui     s3, 0xfb3fd
core   0: 3 0x800000dc (0xfb3fd9b7) x19 0xfb3fd000
core   0: 0x800000e0 (0xf3698993) addi    s3, s3, -202
core   0: 3 0x800000e0 (0xf3698993) x19 0xfb3fcf36
core   0: 0x800000e4 (0x80000a37) lui     s4, 0x80000
core   0: 3 0x800000e4 (0x80000a37) x20 0x80000000
core   0: 0x800000e8 (0xfdb01ab7) lui     s5, 0xfdb01
core   0: 3 0x800000e8 (0xfdb01ab7) x21 0xfdb01000
core   0: 0x800000ec (0x2bba8a93) addi    s5, s5, 699
core   0: 3 0x800000ec (0x2bba8a93) x21 0xfdb012bb
core   0: 0x800000f0 (0xf3eaeb37) lui     s6, 0xf3eae
core   0: 3 0x800000f0 (0xf3eaeb37) x22 0xf3eae000
core   0: 0x800000f4 (0xba7b0b13) addi    s6, s6, -1113
core   0: 3 0x800000f4 (0xba7b0b13) x22 0xf3eadba7
core   0: 0x800000f8 (0x00900c13) li      s8, 9
core   0: 3 0x800000f8 (0x00900c13) x24 0x00000009
core   0: 0x800000fc (0x80000cb7) lui     s9, 0x80000
core   0: 3 0x800000fc (0x80000cb7) x25 0x80000000
core   0: 0x80000100 (0x00800d13) li      s10, 8
core   0: 3 0x80000100 (0x00800d13) x26 0x00000008
core   0: 0x80000104 (0x00000d93) li      s11, 0
core   0: 3 0x80000104 (0x00000d93) x27 0x00000000
core   0: 0x80000108 (0xfe838e37) lui     t3, 0xfe838
core   0: 3 0x80000108 (0xfe838e37) x28 0xfe838000
core   0: 0x8000010c (0x6bde0e13) addi    t3, t3, 1725
core   0: 3 0x8000010c (0x6bde0e13) x28 0xfe8386bd
core   0: 0x80000110 (0x00000e93) li      t4, 0
core   0: 3 0x80000110 (0x00000e93) x29 0x00000000
core   0: 0x80000114 (0x00000f13) li      t5, 0
core   0: 3 0x80000114 (0x00000f13) x30 0x00000000
core   0: 0x80000118 (0x80000fb7) lui     t6, 0x80000
core   0: 3 0x80000118 (0x80000fb7) x31 0x80000000
core   0: 0x8000011c (0x00028b97) auipc   s7, 0x28
core   0: 3 0x8000011c (0x00028b97) x23 0x8002811c
core   0: 0x80000120 (0xd48b8b93) addi    s7, s7, -696
core   0: 3 0x80000120 (0xd48b8b93) x23 0x80027e64
core   0: 0x80000124 (0xc20ee113) ori     sp, t4, -992
core   0: 3 0x80000124 (0xc20ee113) x 2 0xfffffc20
core   0: 0x80000128 (0x00957cb3) and     s9, a0, s1
core   0: 3 0x80000128 (0x00957cb3) x25 0x8002a4e4
core   0: 0x8000012c (0x01c70133) add     sp, a4, t3
core   0: 3 0x8000012c (0x01c70133) x 2 0xbe94034d
core   0: 0x80000130 (0x0140a5b3) slt     a1, ra, s4
core   0: 3 0x80000130 (0x0140a5b3) x11 0x00000000
core   0: 0x80000134 (0x01957833) and     a6, a0, s9
core   0: 3 0x80000134 (0x01957833) x16 0x8002a4e4
core   0: 0x80000138 (0x0000a317) auipc   t1, 0xa
core   0: 3 0x80000138 (0x0000a317) x 6 0x8000a138
core   0: 0x8000013c (0x54830313) addi    t1, t1, 1352
core   0: 3 0x8000013c (0x54830313) x 6 0x8000a680
core   0: 0x80000140 (0xf6130313) addi    t1, t1, -159
core   0: 3 0x80000140 (0xf6130313) x 6 0x8000a5e1
core   0: 0x80000144 (0x00d515b3) sll     a1, a0, a3
core   0: 3 0x80000144 (0x00d515b3) x11 0x27b00000
core   0: 0x80000148 (0x09f307e7) jalr    a5, t1, 159
core   0: 3 0x80000148 (0x09f307e7) x15 0x8000014c
core   0: 0x8000a680 (0x00313eb3) sltu    t4, sp, gp
core   0: 3 0x8000a680 (0x00313eb3) x29 0x00000000
core   0: 0x8000a684 (0x014f40b3) xor     ra, t5, s4
core   0: 3 0x8000a684 (0x014f40b3) x 1 0x80000000
core   0: 0x8000a688 (0x859ca393) slti    t2, s9, -1959
core   0: 3 0x8000a688 (0x859ca393) x 7 0x00000001
core   0: 0x8000a68c (0x011d4a63) blt     s10, a7, pc + 20
core   0: 3 0x8000a68c (0x011d4a63)
core   0: 0x8000a690 (0x00b54e33) xor     t3, a0, a1
core   0: 3 0x8000a690 (0x00b54e33) x28 0xdc9ea4f6
core   0: 0x8000a694 (0xf735d5b7) lui     a1, 0xf735d
core   0: 3 0x8000a694 (0xf735d5b7) x11 0xf735d000
core   0: 0x8000a698 (0x01d1d733) srl     a4, gp, t4
core   0: 3 0x8000a698 (0x01d1d733) x14 0x00000000
core   0: 0x8000a69c (0x01cf1f93) slli    t6, t5, 28
core   0: 3 0x8000a69c (0x01cf1f93) x31 0x00000000
core   0: 0x8000a6a0 (0xff0b8b93) addi    s7, s7, -16
core   0: 3 0x8000a6a0 (0xff0b8b93) x23 0x80027e54
core   0: 0x8000a6a4 (0x00fba223) sw      a5, 4(s7)
core   0: 3 0x8000a6a4 (0x00fba223) mem 0x80027e58 0x8000014c
core   0: 0x8000a6a8 (0x00000013) nop
core   0: 3 0x8000a6a8 (0x00000013)
core   0: 0x8000a6ac (0x4f6def13) ori     t5, s11, 1270
core   0: 3 0x8000a6ac (0x4f6def13) x30 0x000004f6
core   0: 0x8000a6b0 (0x002d4933) xor     s2, s10, sp
core   0: 3 0x8000a6b0 (0x002d4933) x18 0xbe940345
core   0: 0x8000a6b4 (0x00008e97) auipc   t4, 0x8
core   0: 3 0x8000a6b4 (0x00008e97) x29 0x800126b4
core   0: 0x8000a6b8 (0x16be8e93) addi    t4, t4, 363
core   0: 3 0x8000a6b8 (0x16be8e93) x29 0x8001281f
core   0: 0x8000a6bc (0x00009d17) auipc   s10, 0x9
core   0: 3 0x8000a6bc (0x00009d17) x26 0x800136bc
core   0: 0x8000a6c0 (0x805d0d13) addi    s10, s10, -2043
core   0: 3 0x8000a6c0 (0x805d0d13) x26 0x80012ec1
core   0: 0x8000a6c4 (0x00009a17) auipc   s4, 0x9
core   0: 3 0x8000a6c4 (0x00009a17) x20 0x800136c4
core   0: 0x8000a6c8 (0x961a0a13) addi    s4, s4, -1695
core   0: 3 0x8000a6c8 (0x961a0a13) x20 0x80013025
core   0: 0x8000a6cc (0x01fd23a3) sw      t6, 7(s10)
core   0: 3 0x8000a6cc (0x01fd23a3) mem 0x80012ec8 0x00000000
core   0: 0x8000a6d0 (0xb17a5e03) lhu     t3, -1257(s4)
core   0: 3 0x8000a6d0 (0xb17a5e03) x28 0x00000000 mem 0x80012b3c
core   0: 0x8000a6d4 (0x080e8f83) lb      t6, 128(t4)
core   0: 3 0x8000a6d4 (0x080e8f83) x31 0x00000000 mem 0x8001289f
core   0: 0x8000a6d8 (0x00ed0f83) lb      t6, 14(s10)
core   0: 3 0x8000a6d8 (0x00ed0f83) x31 0x00000000 mem 0x80012ecf
core   0: 0x8000a6dc (0xd68a0803) lb      a6, -664(s4)
core   0: 3 0x8000a6dc (0xd68a0803) x16 0x00000000 mem 0x80012d8d
core   0: 0x8000a6e0 (0x01dd02a3) sb      t4, 5(s10)
core   0: 3 0x8000a6e0 (0x01dd02a3) mem 0x80012ec6 0x1f
core   0: 0x8000a6e4 (0x0dee8783) lb      a5, 222(t4)
core   0: 3 0x8000a6e4 (0x0dee8783) x15 0x00000000 mem 0x800128fd
core   0: 0x8000a6e8 (0xfd2a4603) lbu     a2, -46(s4)
core   0: 3 0x8000a6e8 (0xfd2a4603) x12 0x00000000 mem 0x80012ff7
core   0: 0x8000a6ec (0xe9da5983) lhu     s3, -355(s4)
core   0: 3 0x8000a6ec (0xe9da5983) x19 0x00000000 mem 0x80012ec2
core   0: 0x8000a6f0 (0xf73edc83) lhu     s9, -141(t4)
core   0: 3 0x8000a6f0 (0xf73edc83) x25 0x00000000 mem 0x80012792
core   0: 0x8000a6f4 (0xff6d4d83) lbu     s11, -10(s10)
core   0: 3 0x8000a6f4 (0xff6d4d83) x27 0x00000000 mem 0x80012eb7
core   0: 0x8000a6f8 (0x824a4c03) lbu     s8, -2012(s4)
core   0: 3 0x8000a6f8 (0x824a4c03) x24 0x00000000 mem 0x80012849
core   0: 0x8000a6fc (0x0dae97a3) sh      s10, 207(t4)
core   0: 3 0x8000a6fc (0x0dae97a3) mem 0x800128ee 0x2ec1
core   0: 0x8000a700 (0x064e8983) lb      s3, 100(t4)
core   0: 3 0x8000a700 (0x064e8983) x19 0x00000000 mem 0x80012883
core   0: 0x8000a704 (0x018d0323) sb      s8, 6(s10)
core   0: 3 0x8000a704 (0x018d0323) mem 0x80012ec7 0x0
core   0: 0x8000a708 (0x009d1f03) lh      t5, 9(s10)
core   0: 3 0x8000a708 (0x009d1f03) x30 0x00000000 mem 0x80012eca
core   0: 0x8000a70c (0x049e9083) lh      ra, 73(t4)
core   0: 3 0x8000a70c (0x049e9083) x 1 0x00000000 mem 0x80012868
core   0: 0x8000a710 (0xdbba4e03) lbu     t3, -581(s4)
core   0: 3 0x8000a710 (0xdbba4e03) x28 0x00000000 mem 0x80012de0
core   0: 0x8000a714 (0xfe8d0b23) sb      s0, -10(s10)
core   0: 3 0x8000a714 (0xfe8d0b23) mem 0x80012eb7 0x3e
core   0: 0x8000a718 (0x008d4983) lbu     s3, 8(s10)
core   0: 3 0x8000a718 (0x008d4983) x19 0x00000000 mem 0x80012ec9
core   0: 0x8000a71c (0xe42a0e23) sb      sp, -420(s4)
core   0: 3 0x8000a71c (0xe42a0e23) mem 0x80012e81 0x4d
core   0: 0x8000a720 (0x078e89a3) sb      s8, 115(t4)
core   0: 3 0x8000a720 (0x078e89a3) mem 0x80012892 0x0
core   0: 0x8000a724 (0xc31a0f03) lb      t5, -975(s4)
core   0: 3 0x8000a724 (0xc31a0f03) x30 0x00000000 mem 0x80012c56
core   0: 0x8000a728 (0xf87ec383) lbu     t2, -121(t4)
core   0: 3 0x8000a728 (0xf87ec383) x 7 0x00000000 mem 0x800127a6
core   0: 0x8000a72c (0x00ce8403) lb      s0, 12(t4)
core   0: 3 0x8000a72c (0x00ce8403) x 8 0x00000000 mem 0x8001282b
core   0: 0x8000a730 (0xffbd1783) lh      a5, -5(s10)
core   0: 3 0x8000a730 (0xffbd1783) x15 0x00000000 mem 0x80012ebc
core   0: 0x8000a734 (0x9e2a0c83) lb      s9, -1566(s4)
core   0: 3 0x8000a734 (0x9e2a0c83) x25 0x00000000 mem 0x80012a07
core   0: 0x8000a738 (0xffb00f13) li      t5, -5
core   0: 3 0x8000a738 (0xffb00f13) x30 0xfffffffb
core   0: 0x8000a73c (0xff300d93) li      s11, -13
core   0: 3 0x8000a73c (0xff300d93) x27 0xfffffff3
core   0: 0x8000a740 (0x016a7433) and     s0, s4, s6
core   0: 3 0x8000a740 (0x016a7433) x 8 0x80001025
core   0: 0x8000a744 (0xffcf0f13) addi    t5, t5, -4
core   0: 3 0x8000a744 (0xffcf0f13) x30 0xfffffff7
core   0: 0x8000a748 (0xffbf1ce3) bne     t5, s11, pc - 8
core   0: 3 0x8000a748 (0xffbf1ce3)
core   0: 0x8000a740 (0x016a7433) and     s0, s4, s6
core   0: 3 0x8000a740 (0x016a7433) x 8 0x80001025
core   0: 0x8000a744 (0xffcf0f13) addi    t5, t5, -4
core   0: 3 0x8000a744 (0xffcf0f13) x30 0xfffffff3
core   0: 0x8000a748 (0xffbf1ce3) bne     t5, s11, pc - 8
core   0: 3 0x8000a748 (0xffbf1ce3)
core   0: 0x8000a74c (0x023b7093) andi    ra, s6, 35
core   0: 3 0x8000a74c (0x023b7093) x 1 0x00000023
core   0: 0x8000a750 (0x018007ef) jal     a5, pc + 0x18
core   0: 3 0x8000a750 (0x018007ef) x15 0x8000a754
core   0: 0x8000a768 (0x028000ef) jal     pc + 0x28
core   0: 3 0x8000a768 (0x028000ef) x 1 0x8000a76c
core   0: 0x8000a790 (0xfd5ff0ef) jal     pc - 0x2c
core   0: 3 0x8000a790 (0xfd5ff0ef) x 1 0x8000a794
core   0: 0x8000a764 (0xff5ff0ef) jal     pc - 0xc
core   0: 3 0x8000a764 (0xff5ff0ef) x 1 0x8000a768
core   0: 0x8000a758 (0x0300036f) jal     t1, pc + 0x30
core   0: 3 0x8000a758 (0x0300036f) x 6 0x8000a75c
core   0: 0x8000a788 (0xfd5ff0ef) jal     pc - 0x2c
core   0: 3 0x8000a788 (0xfd5ff0ef) x 1 0x8000a78c
core   0: 0x8000a75c (0x014007ef) jal     a5, pc + 0x14
core   0: 3 0x8000a75c (0x014007ef) x15 0x8000a760
core   0: 0x8000a770 (0xffdff8ef) jal     a7, pc - 0x4
core   0: 3 0x8000a770 (0xffdff8ef) x17 0x8000a774
core   0: 0x8000a76c (0xff5ff0ef) jal     pc - 0xc
core   0: 3 0x8000a76c (0xff5ff0ef) x 1 0x8000a770
core   0: 0x8000a760 (0x018000ef) jal     pc + 0x18
core   0: 3 0x8000a760 (0x018000ef) x 1 0x8000a764
core   0: 0x8000a778 (0x00c000ef) jal     pc + 0xc
core   0: 3 0x8000a778 (0x00c000ef) x 1 0x8000a77c
core   0: 0x8000a784 (0xff9ff0ef) jal     pc - 0x8
core   0: 3 0x8000a784 (0xff9ff0ef) x 1 0x8000a788
core   0: 0x8000a77c (0x004000ef) jal     pc + 0x4
core   0: 3 0x8000a77c (0x004000ef) x 1 0x8000a780
core   0: 0x8000a780 (0xff5ff36f) jal     t1, pc - 0xc
core   0: 3 0x8000a780 (0xff5ff36f) x 6 0x8000a784
core   0: 0x8000a774 (0x01800a6f) jal     s4, pc + 0x18
core   0: 3 0x8000a774 (0x01800a6f) x20 0x8000a778
core   0: 0x8000a78c (0xfc9ff0ef) jal     pc - 0x38
core   0: 3 0x8000a78c (0xfc9ff0ef) x 1 0x8000a790
core   0: 0x8000a754 (0x0400036f) jal     t1, pc + 0x40
core   0: 3 0x8000a754 (0x0400036f) x 6 0x8000a758
core   0: 0x8000a794 (0x00d7a2b3) slt     t0, a5, a3
core   0: 3 0x8000a794 (0x00d7a2b3) x 5 0x00000001
core   0: 0x8000a798 (0x0000b917) auipc   s2, 0xb
core   0: 3 0x8000a798 (0x0000b917) x18 0x80015798
core   0: 0x8000a79c (0x69490913) addi    s2, s2, 1684
core   0: 3 0x8000a79c (0x69490913) x18 0x80015e2c
core   0: 0x8000a7a0 (0x0000eb17) auipc   s6, 0xe
core   0: 3 0x8000a7a0 (0x0000eb17) x22 0x800187a0
core   0: 0x8000a7a4 (0x896b0b13) addi    s6, s6, -1898
core   0: 3 0x8000a7a4 (0x896b0b13) x22 0x80018036
core   0: 0x8000a7a8 (0x00012897) auipc   a7, 0x12
core   0: 3 0x8000a7a8 (0x00012897) x17 0x8001c7a8
core   0: 0x8000a7ac (0x8ff88893) addi    a7, a7, -1793
core   0: 3 0x8000a7ac (0x8ff88893) x17 0x8001c0a7
core   0: 0x8000a7b0 (0x0000aa17) auipc   s4, 0xa
core   0: 3 0x8000a7b0 (0x0000aa17) x20 0x800147b0
core   0: 0x8000a7b4 (0xbcfa0a13) addi    s4, s4, -1073
core   0: 3 0x8000a7b4 (0xbcfa0a13) x20 0x8001437f
core   0: 0x8000a7b8 (0x019b0723) sb      s9, 14(s6)
core   0: 3 0x8000a7b8 (0x019b0723) mem 0x80018044 0x0
core   0: 0x8000a7bc (0x0ea88d03) lb      s10, 234(a7)
core   0: 3 0x8000a7bc (0x0ea88d03) x26 0x00000000 mem 0x8001c191
core   0: 0x8000a7c0 (0x00fb1423) sh      a5, 8(s6)
core   0: 3 0x8000a7c0 (0x00fb1423) mem 0x8001803e 0xa760
core   0: 0x8000a7c4 (0x00013197) auipc   gp, 0x13
core   0: 3 0x8000a7c4 (0x00013197) x 3 0x8001d7c4
core   0: 0x8000a7c8 (0x2ee18193) addi    gp, gp, 750
core   0: 3 0x8000a7c8 (0x2ee18193) x 3 0x8001dab2
core   0: 0x8000a7cc (0xf0189783) lh      a5, -255(a7)
core   0: 3 0x8000a7cc (0xf0189783) x15 0x00000000 mem 0x8001bfa8
core   0: 0x8000a7d0 (0xf5b19c23) sh      s11, -168(gp)
core   0: 3 0x8000a7d0 (0xf5b19c23) mem 0x8001da0a 0xfff3
core   0: 0x8000a7d4 (0x03b1c803) lbu     a6, 59(gp)
core   0: 3 0x8000a7d4 (0x03b1c803) x16 0x00000000 mem 0x8001daed
core   0: 0x8000a7d8 (0x648a4983) lbu     s3, 1608(s4)
core   0: 3 0x8000a7d8 (0x648a4983) x19 0x00000000 mem 0x800149c7
core   0: 0x8000a7dc (0xf8295983) lhu     s3, -126(s2)
core   0: 3 0x8000a7dc (0xf8295983) x19 0x00000000 mem 0x80015dae
core   0: 0x8000a7e0 (0x00b19b23) sh      a1, 22(gp)
core   0: 3 0x8000a7e0 (0x00b19b23) mem 0x8001dac8 0xd000
core   0: 0x8000a7e4 (0x00eb2523) sw      a4, 10(s6)
core   0: 3 0x8000a7e4 (0x00eb2523) mem 0x80018040 0x00000000
core   0: 0x8000a7e8 (0x421a2783) lw      a5, 1057(s4)
core   0: 3 0x8000a7e8 (0x421a2783) x15 0x00000000 mem 0x800147a0
core   0: 0x8000a7ec (0x00ab1523) sh      a0, 10(s6)
core   0: 3 0x8000a7ec (0x00ab1523) mem 0x80018040 0xa4f6
core   0: 0x8000a7f0 (0x6c8a4083) lbu     ra, 1736(s4)
core   0: 3 0x8000a7f0 (0x6c8a4083) x 1 0x00000000 mem 0x80014a47
core   0: 0x8000a7f4 (0x003b0283) lb      t0, 3(s6)
core   0: 3 0x8000a7f4 (0x003b0283) x 5 0x00000000 mem 0x80018039
core   0: 0x8000a7f8 (0x0d819303) lh      t1, 216(gp)
core   0: 3 0x8000a7f8 (0x0d819303) x 6 0x00000000 mem 0x8001db8a
core   0: 0x8000a7fc (0xfdd1cc83) lbu     s9, -35(gp)
core   0: 3 0x8000a7fc (0xfdd1cc83) x25 0x00000000 mem 0x8001da8f
core   0: 0x8000a800 (0xf151c583) lbu     a1, -235(gp)
core   0: 3 0x8000a800 (0xf151c583) x11 0x00000000 mem 0x8001d9c7
core   0: 0x8000a804 (0x03695383) lhu     t2, 54(s2)
core   0: 3 0x8000a804 (0x03695383) x 7 0x00000000 mem 0x80015e62
core   0: 0x8000a808 (0x9b9a1d83) lh      s11, -1607(s4)
core   0: 3 0x8000a808 (0x9b9a1d83) x27 0x00000000 mem 0x80013d38
core   0: 0x8000a80c (0xff88c783) lbu     a5, -8(a7)
core   0: 3 0x8000a80c (0xff88c783) x15 0x00000000 mem 0x8001c09f
core   0: 0x8000a810 (0x0b694c83) lbu     s9, 182(s2)
core   0: 3 0x8000a810 (0x0b694c83) x25 0x00000000 mem 0x80015ee2
core   0: 0x8000a814 (0x0a51c303) lbu     t1, 165(gp)
core   0: 3 0x8000a814 (0x0a51c303) x 6 0x00000000 mem 0x8001db57
core   0: 0x8000a818 (0x0e594f03) lbu     t5, 229(s2)
core   0: 3 0x8000a818 (0x0e594f03) x30 0x00000000 mem 0x80015f11
core   0: 0x8000a81c (0x0af90023) sb      a5, 160(s2)
core   0: 3 0x8000a81c (0x0af90023) mem 0x80015ecc 0x0
core   0: 0x8000a820 (0x87ca4983) lbu     s3, -1924(s4)
core   0: 3 0x8000a820 (0x87ca4983) x19 0x00000000 mem 0x80013bfb
core   0: 0x8000a824 (0x115a4c83) lbu     s9, 277(s4)
core   0: 3 0x8000a824 (0x115a4c83) x25 0x00000000 mem 0x80014494
core   0: 0x8000a828 (0x09d89683) lh      a3, 157(a7)
core   0: 3 0x8000a828 (0x09d89683) x13 0x00000000 mem 0x8001c144
core   0: 0x8000a82c (0x0eb8c583) lbu     a1, 235(a7)
core   0: 3 0x8000a82c (0x0eb8c583) x11 0x00000000 mem 0x8001c192
core   0: 0x8000a830 (0xff5b0da3) sb      s5, -5(s6)
core   0: 3 0x8000a830 (0xff5b0da3) mem 0x80018031 0xbb
core   0: 0x8000a834 (0x31ba4383) lbu     t2, 795(s4)
core   0: 3 0x8000a834 (0x31ba4383) x 7 0x00000000 mem 0x8001469a
core   0: 0x8000a838 (0x00008417) auipc   s0, 0x8
core   0: 3 0x8000a838 (0x00008417) x 8 0x80012838
core   0: 0x8000a83c (0x68e40413) addi    s0, s0, 1678
core   0: 3 0x8000a83c (0x68e40413) x 8 0x80012ec6
core   0: 0x8000a840 (0x00017817) auipc   a6, 0x17
core   0: 3 0x8000a840 (0x00017817) x16 0x80021840
core   0: 0x8000a844 (0x66280813) addi    a6, a6, 1634
core   0: 3 0x8000a844 (0x66280813) x16 0x80021ea2
core   0: 0x8000a848 (0x006407a3) sb      t1, 15(s0)
core   0: 3 0x8000a848 (0x006407a3) mem 0x80012ed5 0x0
core   0: 0x8000a84c (0x3f4804a3) sb      s4, 1001(a6)
core   0: 3 0x8000a84c (0x3f4804a3) mem 0x8002228b 0x7f
core   0: 0x8000a850 (0x01242723) sw      s2, 14(s0)
core   0: 3 0x8000a850 (0x01242723) mem 0x80012ed4 0x80015e2c
core   0: 0x8000a854 (0x08c85283) lhu     t0, 140(a6)
core   0: 3 0x8000a854 (0x08c85283) x 5 0x00000000 mem 0x80021f2e
core   0: 0x8000a858 (0x39c807a3) sb      t3, 911(a6)
core   0: 3 0x8000a858 (0x39c807a3) mem 0x80022231 0x0
core   0: 0x8000a85c (0xfe940d23) sb      s1, -6(s0)
core   0: 3 0x8000a85c (0xfe940d23) mem 0x80012ec0 0xe4
core   0: 0x8000a860 (0xa7384883) lbu     a7, -1421(a6)
core   0: 3 0x8000a860 (0xa7384883) x17 0x00000000 mem 0x80021915
core   0: 0x8000a864 (0xcaf84c03) lbu     s8, -849(a6)
core   0: 3 0x8000a864 (0xcaf84c03) x24 0x00000000 mem 0x80021b51
core   0: 0x8000a868 (0x00c44383) lbu     t2, 12(s0)
core   0: 3 0x8000a868 (0x00c44383) x 7 0x00000000 mem 0x80012ed2
core   0: 0x8000a86c (0xf9282303) lw      t1, -110(a6)
core   0: 3 0x8000a86c (0xf9282303) x 6 0x00000000 mem 0x80021e34
core   0: 0x8000a870 (0xfff40b23) sb      t6, -10(s0)
core   0: 3 0x8000a870 (0xfff40b23) mem 0x80012ebc 0x0
core   0: 0x8000a874 (0xbfc85f03) lhu     t5, -1028(a6)
core   0: 3 0x8000a874 (0xbfc85f03) x30 0x00000000 mem 0x80021a9e
core   0: 0x8000a878 (0x5a784383) lbu     t2, 1447(a6)
core   0: 3 0x8000a878 (0x5a784383) x 7 0x00000000 mem 0x80022449
core   0: 0x8000a87c (0x00009117) auipc   sp, 0x9
core   0: 3 0x8000a87c (0x00009117) x 2 0x8001387c
core   0: 0x8000a880 (0xee210113) addi    sp, sp, -286
core   0: 3 0x8000a880 (0xee210113) x 2 0x8001375e
core   0: 0x8000a884 (0x9b610ba3) sb      s6, -1609(sp)
core   0: 3 0x8000a884 (0x9b610ba3) mem 0x80013115 0x36
core   0: 0x8000a888 (0x9a210ba3) sb      sp, -1609(sp)
core   0: 3 0x8000a888 (0x9a210ba3) mem 0x80013115 0x5e
core   0: 0x8000a88c (0x74710903) lb      s2, 1863(sp)
core   0: 3 0x8000a88c (0x74710903) x18 0x00000000 mem 0x80013ea5
core   0: 0x8000a890 (0x75e103a3) sb      t5, 1863(sp)
core   0: 3 0x8000a890 (0x75e103a3) mem 0x80013ea5 0x0
core   0: 0x8000a894 (0x51510d03) lb      s10, 1301(sp)
core   0: 3 0x8000a894 (0x51510d03) x26 0x00000000 mem 0x80013c73
core   0: 0x8000a898 (0x51510703) lb      a4, 1301(sp)
core   0: 3 0x8000a898 (0x51510703) x14 0x00000000 mem 0x80013c73
core   0: 0x8000a89c (0x01e65e93) srli    t4, a2, 30
core   0: 3 0x8000a89c (0x01e65e93) x29 0x00000000
core   0: 0x8000a8a0 (0x50c10aa3) sb      a2, 1301(sp)
core   0: 3 0x8000a8a0 (0x50c10aa3) mem 0x80013c73 0x0
core   0: 0x8000a8a4 (0x51514783) lbu     a5, 1301(sp)
core   0: 3 0x8000a8a4 (0x51514783) x15 0x00000000 mem 0x80013c73
core   0: 0x8000a8a8 (0x51510883) lb      a7, 1301(sp)
core   0: 3 0x8000a8a8 (0x51510883) x17 0x00000000 mem 0x80013c73
core   0: 0x8000a8ac (0x51514f03) lbu     t5, 1301(sp)
core   0: 3 0x8000a8ac (0x51514f03) x30 0x00000000 mem 0x80013c73
core   0: 0x8000a8b0 (0x51510903) lb      s2, 1301(sp)
core   0: 3 0x8000a8b0 (0x51510903) x18 0x00000000 mem 0x80013c73
core   0: 0x8000a8b4 (0x51514c03) lbu     s8, 1301(sp)
core   0: 3 0x8000a8b4 (0x51514c03) x24 0x00000000 mem 0x80013c73
core   0: 0x8000a8b8 (0x9b815d83) lhu     s11, -1608(sp)
core   0: 3 0x8000a8b8 (0x9b815d83) x27 0x00000000 mem 0x80013116
core   0: 0x8000a8bc (0xee114003) lbu     zero, -287(sp)
core   0: 3 0x8000a8bc (0xee114003) mem 0x8001363f
core   0: 0x8000a8c0 (0xee110b03) lb      s6, -287(sp)
core   0: 3 0x8000a8c0 (0xee110b03) x22 0x00000000 mem 0x8001363f
core   0: 0x8000a8c4 (0xee2100a3) sb      sp, -287(sp)
core   0: 3 0x8000a8c4 (0xee2100a3) mem 0x8001363f 0x5e
core   0: 0x8000a8c8 (0x00000313) li      t1, 0
core   0: 3 0x8000a8c8 (0x00000313) x 6 0x00000000
core   0: 0x8000a8cc (0xff700913) li      s2, -9
core   0: 3 0x8000a8cc (0xff700913) x18 0xfffffff7
core   0: 0x8000a8d0 (0x2f718c13) addi    s8, gp, 759
core   0: 3 0x8000a8d0 (0x2f718c13) x24 0x8001dda9
core   0: 0x8000a8d4 (0xff730313) addi    t1, t1, -9
core   0: 3 0x8000a8d4 (0xff730313) x 6 0xfffffff7
core   0: 0x8000a8d8 (0xff231ce3) bne     t1, s2, pc - 8
core   0: 3 0x8000a8d8 (0xff231ce3)
core   0: 0x8000a8dc (0xb01e2093) slti    ra, t3, -1279
core   0: 3 0x8000a8dc (0xb01e2093) x 1 0x00000000
core   0: 0x8000a8e0 (0x00008117) auipc   sp, 0x8
core   0: 3 0x8000a8e0 (0x00008117) x 2 0x800128e0
core   0: 0x8000a8e4 (0x82b10113) addi    sp, sp, -2005
core   0: 3 0x8000a8e4 (0x82b10113) x 2 0x8001210b
core   0: 0x8000a8e8 (0x01d3e5b3) or      a1, t2, t4
core   0: 3 0x8000a8e8 (0x01d3e5b3) x11 0x00000000
core   0: 0x8000a8ec (0x01087db3) and     s11, a6, a6
core   0: 3 0x8000a8ec (0x01087db3) x27 0x80021ea2
core   0: 0x8000a8f0 (0x01d84833) xor     a6, a6, t4
core   0: 3 0x8000a8f0 (0x01d84833) x16 0x80021ea2
core   0: 0x8000a8f4 (0x0000100f) fence.i
core   0: 3 0x8000a8f4 (0x0000100f)
core   0: 0x8000a8f8 (0x03610703) lb      a4, 54(sp)
core   0: 3 0x8000a8f8 (0x03610703) x14 0x00000000 mem 0x80012141
core   0: 0x8000a8fc (0x00b3c3b3) xor     t2, t2, a1
core   0: 3 0x8000a8fc (0x00b3c3b3) x 7 0x00000000
core   0: 0x8000a900 (0x00b10423) sb      a1, 8(sp)
core   0: 3 0x8000a900 (0x00b10423) mem 0x80012113 0x0
core   0: 0x8000a904 (0xfde10703) lb      a4, -34(sp)
core   0: 3 0x8000a904 (0xfde10703) x14 0x00000000 mem 0x800120e9
core   0: 0x8000a908 (0x2c6db713) sltiu   a4, s11, 710
core   0: 3 0x8000a908 (0x2c6db713) x14 0x00000000
core   0: 0x8000a90c (0x0a0eb813) sltiu   a6, t4, 160
core   0: 3 0x8000a90c (0x0a0eb813) x16 0x00000001
core   0: 0x8000a910 (0xfcb14703) lbu     a4, -53(sp)
core   0: 3 0x8000a910 (0xfcb14703) x14 0x00000000 mem 0x800120d6
core   0: 0x8000a914 (0x01d10023) sb      t4, 0(sp)
core   0: 3 0x8000a914 (0x01d10023) mem 0x8001210b 0x0
core   0: 0x8000a918 (0xc177ddb7) lui     s11, 0xc177d
core   0: 3 0x8000a918 (0xc177ddb7) x27 0xc177d000
core   0: 0x8000a91c (0xfce14803) lbu     a6, -50(sp)
core   0: 3 0x8000a91c (0xfce14803) x16 0x00000000 mem 0x800120d9
core   0: 0x8000a920 (0x00e87733) and     a4, a6, a4
core   0: 3 0x8000a920 (0x00e87733) x14 0x00000000
core   0: 0x8000a924 (0x839fd837) lui     a6, 0x839fd
core   0: 3 0x8000a924 (0x839fd837) x16 0x839fd000
core   0: 0x8000a928 (0xfde14d83) lbu     s11, -34(sp)
core   0: 3 0x8000a928 (0xfde14d83) x27 0x00000000 mem 0x800120e9
core   0: 0x8000a92c (0xfcf15e83) lhu     t4, -49(sp)
core   0: 3 0x8000a92c (0xfcf15e83) x29 0x00000000 mem 0x800120da
core   0: 0x8000a930 (0xff814e83) lbu     t4, -8(sp)
core   0: 3 0x8000a930 (0xff814e83) x29 0x00000000 mem 0x80012103
core   0: 0x8000a934 (0x15e64597) auipc   a1, 0x15e64
core   0: 3 0x8000a934 (0x15e64597) x11 0x95e6e934
core   0: 0x8000a938 (0xfc310e83) lb      t4, -61(sp)
core   0: 3 0x8000a938 (0xfc310e83) x29 0x00000000 mem 0x800120ce
core   0: 0x8000a93c (0xfee10923) sb      a4, -14(sp)
core   0: 3 0x8000a93c (0xfee10923) mem 0x800120fd 0x0
core   0: 0x8000a940 (0xffd103a3) sb      t4, -25(sp)
core   0: 3 0x8000a940 (0xffd103a3) mem 0x800120f2 0x0
core   0: 0x8000a944 (0x01becdb3) xor     s11, t4, s11
core   0: 3 0x8000a944 (0x01becdb3) x27 0x00000000
core   0: 0x8000a948 (0xfc414703) lbu     a4, -60(sp)
core   0: 3 0x8000a948 (0xfc414703) x14 0x00000000 mem 0x800120cf
core   0: 0x8000a94c (0x02d12803) lw      a6, 45(sp)
core   0: 3 0x8000a94c (0x02d12803) x16 0x00000000 mem 0x80012138
core   0: 0x8000a950 (0x44287393) andi    t2, a6, 1090
core   0: 3 0x8000a950 (0x44287393) x 7 0x00000000
core   0: 0x8000a954 (0x40b383b3) sub     t2, t2, a1
core   0: 3 0x8000a954 (0x40b383b3) x 7 0x6a1916cc
core   0: 0x8000a958 (0xfe710b23) sb      t2, -10(sp)
core   0: 3 0x8000a958 (0xfe710b23) mem 0x80012101 0xcc
core   0: 0x8000a95c (0x41d80eb3) sub     t4, a6, t4
core   0: 3 0x8000a95c (0x41d80eb3) x29 0x00000000
core   0: 0x8000a960 (0x00310803) lb      a6, 3(sp)
core   0: 3 0x8000a960 (0x00310803) x16 0x00000000 mem 0x8001210e
core   0: 0x8000a964 (0xfd414803) lbu     a6, -44(sp)
core   0: 3 0x8000a964 (0xfd414803) x16 0x00000000 mem 0x800120df
core   0: 0x8000a968 (0x00112703) lw      a4, 1(sp)
core   0: 3 0x8000a968 (0x00112703) x14 0x00000000 mem 0x8001210c
core   0: 0x8000a96c (0x03b100a3) sb      s11, 33(sp)
core   0: 3 0x8000a96c (0x03b100a3) mem 0x8001212c 0x0
core   0: 0x8000a970 (0x00214d83) lbu     s11, 2(sp)
core   0: 3 0x8000a970 (0x00214d83) x27 0x00000000 mem 0x8001210d
core   0: 0x8000a974 (0x40e85833) sra     a6, a6, a4
core   0: 3 0x8000a974 (0x40e85833) x16 0x00000000
core   0: 0x8000a978 (0xbe1d4817) auipc   a6, 0xbe1d4
core   0: 3 0x8000a978 (0xbe1d4817) x16 0x3e1de978
core   0: 0x8000a97c (0x0000100f) fence.i
core   0: 3 0x8000a97c (0x0000100f)
core   0: 0x8000a980 (0x01b107a3) sb      s11, 15(sp)
core   0: 3 0x8000a980 (0x01b107a3) mem 0x8001211a 0x0
core   0: 0x8000a984 (0x007e93b3) sll     t2, t4, t2
core   0: 3 0x8000a984 (0x007e93b3) x 7 0x00000000
core   0: 0x8000a988 (0x03b11703) lh      a4, 59(sp)
core   0: 3 0x8000a988 (0x03b11703) x14 0x00000000 mem 0x80012146
core   0: 0x8000a98c (0x0105aeb3) slt     t4, a1, a6
core   0: 3 0x8000a98c (0x0105aeb3) x29 0x00000001
core   0: 0x8000a990 (0xff714d83) lbu     s11, -9(sp)
core   0: 3 0x8000a990 (0xff714d83) x27 0x00000000 mem 0x80012102
core   0: 0x8000a994 (0xbccdde97) auipc   t4, 0xbccdd
core   0: 3 0x8000a994 (0xbccdde97) x29 0x3cce7994
core   0: 0x8000a998 (0x40bed833) sra     a6, t4, a1
core   0: 3 0x8000a998 (0x40bed833) x16 0x000003cc
core   0: 0x8000a99c (0x03014e83) lbu     t4, 48(sp)
core   0: 3 0x8000a99c (0x03014e83) x29 0x00000000 mem 0x8001213b
core   0: 0x8000a9a0 (0xfe115703) lhu     a4, -31(sp)
core   0: 3 0x8000a9a0 (0xfe115703) x14 0x00000000 mem 0x800120ec
core   0: 0x8000a9a4 (0x0ff0000f) fence   iorw,iorw
core   0: 3 0x8000a9a4 (0x0ff0000f)
core   0: 0x8000a9a8 (0xcfe80e93) addi    t4, a6, -770
core   0: 3 0x8000a9a8 (0xcfe80e93) x29 0x000000ca
core   0: 0x8000a9ac (0x4ae76393) ori     t2, a4, 1198
core   0: 3 0x8000a9ac (0x4ae76393) x 7 0x000004ae
core   0: 0x8000a9b0 (0x0073adb3) slt     s11, t2, t2
core   0: 3 0x8000a9b0 (0x0073adb3) x27 0x00000000
core   0: 0x8000a9b4 (0x00bdc733) xor     a4, s11, a1
core   0: 3 0x8000a9b4 (0x00bdc733) x14 0x95e6e934
core   0: 0x8000a9b8 (0x559363b7) lui     t2, 0x55936
core   0: 3 0x8000a9b8 (0x559363b7) x 7 0x55936000
core   0: 0x8000a9bc (0xfe7118a3) sh      t2, -15(sp)
core   0: 3 0x8000a9bc (0xfe7118a3) mem 0x800120fc 0x6000
core   0: 0x8000a9c0 (0xfeb10583) lb      a1, -21(sp)
core   0: 3 0x8000a9c0 (0xfeb10583) x11 0x00000000 mem 0x800120f6
core   0: 0x8000a9c4 (0x00016697) auipc   a3, 0x16
core   0: 3 0x8000a9c4 (0x00016697) x13 0x800209c4
core   0: 0x8000a9c8 (0xbe468693) addi    a3, a3, -1052
core   0: 3 0x8000a9c8 (0xbe468693) x13 0x800205a8
core   0: 0x8000a9cc (0x00016817) auipc   a6, 0x16
core   0: 3 0x8000a9cc (0x00016817) x16 0x800209cc
core   0: 0x8000a9d0 (0x2f180813) addi    a6, a6, 753
core   0: 3 0x8000a9d0 (0x2f180813) x16 0x80020cbd
core   0: 0x8000a9d4 (0x00017797) auipc   a5, 0x17
core   0: 3 0x8000a9d4 (0x00017797) x15 0x800219d4
core   0: 0x8000a9d8 (0x1fa78793) addi    a5, a5, 506
core   0: 3 0x8000a9d8 (0x1fa78793) x15 0x80021bce
core   0: 0x8000a9dc (0x00578583) lb      a1, 5(a5)
core   0: 3 0x8000a9dc (0x00578583) x11 0x00000000 mem 0x80021bd3
core   0: 0x8000a9e0 (0xff378fa3) sb      s3, -1(a5)
core   0: 3 0x8000a9e0 (0xff378fa3) mem 0x80021bcd 0x0
core   0: 0x8000a9e4 (0xfe778ca3) sb      t2, -7(a5)
core   0: 3 0x8000a9e4 (0xfe778ca3) mem 0x80021bc7 0x0
core   0: 0x8000a9e8 (0xffa84883) lbu     a7, -6(a6)
core   0: 3 0x8000a9e8 (0xffa84883) x17 0x00000000 mem 0x80020cb7
core   0: 0x8000a9ec (0x01680023) sb      s6, 0(a6)
core   0: 3 0x8000a9ec (0x01680023) mem 0x80020cbd 0x0
core   0: 0x8000a9f0 (0x0037c203) lbu     tp, 3(a5)
core   0: 3 0x8000a9f0 (0x0037c203) x 4 0x00000000 mem 0x80021bd1
core   0: 0x8000a9f4 (0x011685a3) sb      a7, 11(a3)
core   0: 3 0x8000a9f4 (0x011685a3) mem 0x800205b3 0x0
core   0: 0x8000a9f8 (0x00c84d83) lbu     s11, 12(a6)
core   0: 3 0x8000a9f8 (0x00c84d83) x27 0x00000000 mem 0x80020cc9
core   0: 0x8000a9fc (0x00d85103) lhu     sp, 13(a6)
core   0: 3 0x8000a9fc (0x00d85103) x 2 0x00000000 mem 0x80020cca
core   0: 0x8000aa00 (0xff67d583) lhu     a1, -10(a5)
core   0: 3 0x8000aa00 (0xff67d583) x11 0x00000000 mem 0x80021bc4
core   0: 0x8000aa04 (0xfc96c603) lbu     a2, -55(a3)
core   0: 3 0x8000aa04 (0xfc96c603) x12 0x00000000 mem 0x80020571
core   0: 0x8000aa08 (0xff578b03) lb      s6, -11(a5)
core   0: 3 0x8000aa08 (0xff578b03) x22 0x00000000 mem 0x80021bc3
core   0: 0x8000aa0c (0xff66c283) lbu     t0, -10(a3)
core   0: 3 0x8000aa0c (0xff66c283) x 5 0x00000000 mem 0x8002059e
core   0: 0x8000aa10 (0xff282fa3) sw      s2, -1(a6)
core   0: 3 0x8000aa10 (0xff282fa3) mem 0x80020cbc 0xfffffff7
core   0: 0x8000aa14 (0xfe580c23) sb      t0, -8(a6)
core   0: 3 0x8000aa14 (0xfe580c23) mem 0x80020cb5 0x0
core   0: 0x8000aa18 (0xfe36cf83) lbu     t6, -29(a3)
core   0: 3 0x8000aa18 (0xfe36cf83) x31 0x00000000 mem 0x8002058b
core   0: 0x8000aa1c (0x0107d383) lhu     t2, 16(a5)
core   0: 3 0x8000aa1c (0x0107d383) x 7 0x00000000 mem 0x80021bde
core   0: 0x8000aa20 (0x0286ab03) lw      s6, 40(a3)
core   0: 3 0x8000aa20 (0x0286ab03) x22 0x00000000 mem 0x800205d0
core   0: 0x8000aa24 (0xff281aa3) sh      s2, -11(a6)
core   0: 3 0x8000aa24 (0xff281aa3) mem 0x80020cb2 0xfff7
core   0: 0x8000aa28 (0x016783a3) sb      s6, 7(a5)
core   0: 3 0x8000aa28 (0x016783a3) mem 0x80021bd5 0x0
core   0: 0x8000aa2c (0x00d801a3) sb      a3, 3(a6)
core   0: 3 0x8000aa2c (0x00d801a3) mem 0x80020cc0 0xa8
core   0: 0x8000aa30 (0x00c84903) lbu     s2, 12(a6)
core   0: 3 0x8000aa30 (0x00c84903) x18 0x00000000 mem 0x80020cc9
core   0: 0x8000aa34 (0xfed78ea3) sb      a3, -3(a5)
core   0: 3 0x8000aa34 (0xfed78ea3) mem 0x80021bcb 0xa8
core   0: 0x8000aa38 (0x00015697) auipc   a3, 0x15
core   0: 3 0x8000aa38 (0x00015697) x13 0x8001fa38
core   0: 0x8000aa3c (0x58c68693) addi    a3, a3, 1420
core   0: 3 0x8000aa3c (0x58c68693) x13 0x8001ffc4
core   0: 0x8000aa40 (0x88168103) lb      sp, -1919(a3)
core   0: 3 0x8000aa40 (0x88168103) x 2 0x00000000 mem 0x8001f845
core   0: 0x8000aa44 (0x78b689a3) sb      a1, 1939(a3)
core   0: 3 0x8000aa44 (0x78b689a3) mem 0x80020757 0x0
core   0: 0x8000aa48 (0xe46b0593) addi    a1, s6, -442
core   0: 3 0x8000aa48 (0xe46b0593) x11 0xfffffe46
core   0: 0x8000aa4c (0xc5e69783) lh      a5, -930(a3)
core   0: 3 0x8000aa4c (0xc5e69783) x15 0x00000000 mem 0x8001fc22
core   0: 0x8000aa50 (0x49b68503) lb      a0, 1179(a3)
core   0: 3 0x8000aa50 (0x49b68503) x10 0x00000000 mem 0x8002045f
core   0: 0x8000aa54 (0x00b2d293) srli    t0, t0, 11
core   0: 3 0x8000aa54 (0x00b2d293) x 5 0x00000000
core   0: 0x8000aa58 (0x4116c283) lbu     t0, 1041(a3)
core   0: 3 0x8000aa58 (0x4116c283) x 5 0x00000000 mem 0x800203d5
core   0: 0x8000aa5c (0x40f2d2b3) sra     t0, t0, a5
core   0: 3 0x8000aa5c (0x40f2d2b3) x 5 0x00000000
core   0: 0x8000aa60 (0x2426db03) lhu     s6, 578(a3)
core   0: 3 0x8000aa60 (0x2426db03) x22 0x00000000 mem 0x80020206
core   0: 0x8000aa64 (0x0ff0000f) fence   iorw,iorw
core   0: 3 0x8000aa64 (0x0ff0000f)
core   0: 0x8000aa68 (0x1aa68fa3) sb      a0, 447(a3)
core   0: 3 0x8000aa68 (0x1aa68fa3) mem 0x80020183 0x0
core   0: 0x8000aa6c (0xde5687a3) sb      t0, -529(a3)
core   0: 3 0x8000aa6c (0xde5687a3) mem 0x8001fdb3 0x0
core   0: 0x8000aa70 (0x00b2bb33) sltu    s6, t0, a1
core   0: 3 0x8000aa70 (0x00b2bb33) x22 0x00000001
core   0: 0x8000aa74 (0x6b928113) addi    sp, t0, 1721
core   0: 3 0x8000aa74 (0x6b928113) x 2 0x000006b9
core   0: 0x8000aa78 (0x8666d283) lhu     t0, -1946(a3)
core   0: 3 0x8000aa78 (0x8666d283) x 5 0x00000000 mem 0x8001f82a
core   0: 0x8000aa7c (0x0ff0000f) fence   iorw,iorw
core   0: 3 0x8000aa7c (0x0ff0000f)
core   0: 0x8000aa80 (0x01654533) xor     a0, a0, s6
core   0: 3 0x8000aa80 (0x01654533) x10 0x00000001
core   0: 0x8000aa84 (0xe84afb37) lui     s6, 0xe84af
core   0: 3 0x8000aa84 (0xe84afb37) x22 0xe84af000
core   0: 0x8000aa88 (0xc3017297) auipc   t0, 0xc3017
core   0: 3 0x8000aa88 (0xc3017297) x 5 0x43021a88
core   0: 0x8000aa8c (0x41655533) sra     a0, a0, s6
core   0: 3 0x8000aa8c (0x41655533) x10 0x00000001
core   0: 0x8000aa90 (0x4025d5b3) sra     a1, a1, sp
core   0: 3 0x8000aa90 (0x4025d5b3) x11 0xffffffff
core   0: 0x8000aa94 (0x0025db33) srl     s6, a1, sp
core   0: 3 0x8000aa94 (0x0025db33) x22 0x0000007f
core   0: 0x8000aa98 (0xb0668783) lb      a5, -1274(a3)
core   0: 3 0x8000aa98 (0xb0668783) x15 0x00000000 mem 0x8001faca
core   0: 0x8000aa9c (0xe4168583) lb      a1, -447(a3)
core   0: 3 0x8000aa9c (0xe4168583) x11 0x00000000 mem 0x8001fe05
core   0: 0x8000aaa0 (0x5965c793) xori    a5, a1, 1430
core   0: 3 0x8000aaa0 (0x5965c793) x15 0x00000596
core   0: 0x8000aaa4 (0x3a868b03) lb      s6, 936(a3)
core   0: 3 0x8000aaa4 (0x3a868b03) x22 0x00000000 mem 0x8002036c
core   0: 0x8000aaa8 (0x5fa6c583) lbu     a1, 1530(a3)
core   0: 3 0x8000aaa8 (0x5fa6c583) x11 0x00000000 mem 0x800205be
core   0: 0x8000aaac (0x00a11b33) sll     s6, sp, a0
core   0: 3 0x8000aaac (0x00a11b33) x22 0x00000d72
core   0: 0x8000aab0 (0xf746a583) lw      a1, -140(a3)
core   0: 3 0x8000aab0 (0xf746a583) x11 0x00000000 mem 0x8001ff38
core   0: 0x8000aab4 (0x0ff0000f) fence   iorw,iorw
core   0: 3 0x8000aab4 (0x0ff0000f)
core   0: 0x8000aab8 (0x21c6a283) lw      t0, 540(a3)
core   0: 3 0x8000aab8 (0x21c6a283) x 5 0x00000000 mem 0x800201e0
core   0: 0x8000aabc (0x002127b3) slt     a5, sp, sp
core   0: 3 0x8000aabc (0x002127b3) x15 0x00000000
core   0: 0x8000aac0 (0x0027b2b3) sltu    t0, a5, sp
core   0: 3 0x8000aac0 (0x0027b2b3) x 5 0x00000001
core   0: 0x8000aac4 (0x0000100f) fence.i
core   0: 3 0x8000aac4 (0x0000100f)
core   0: 0x8000aac8 (0x00611513) slli    a0, sp, 6
core   0: 3 0x8000aac8 (0x00611513) x10 0x0001ae40
core   0: 0x8000aacc (0x00b285b3) add     a1, t0, a1
core   0: 3 0x8000aacc (0x00b285b3) x11 0x00000001
core   0: 0x8000aad0 (0x0396c783) lbu     a5, 57(a3)
core   0: 3 0x8000aad0 (0x0396c783) x15 0x00000000 mem 0x8001fffd
core   0: 0x8000aad4 (0x02f68aa3) sb      a5, 53(a3)
core   0: 3 0x8000aad4 (0x02f68aa3) mem 0x8001fff9 0x0
core   0: 0x8000aad8 (0x01729293) slli    t0, t0, 23
core   0: 3 0x8000aad8 (0x01729293) x 5 0x00800000
core   0: 0x8000aadc (0x00f5c533) xor     a0, a1, a5
core   0: 3 0x8000aadc (0x00f5c533) x10 0x00000001
core   0: 0x8000aae0 (0x00b2a2b3) slt     t0, t0, a1
core   0: 3 0x8000aae0 (0x00b2a2b3) x 5 0x00000000
core   0: 0x8000aae4 (0x98b68ba3) sb      a1, -1641(a3)
core   0: 3 0x8000aae4 (0x98b68ba3) mem 0x8001f95b 0x1
core   0: 0x8000aae8 (0x65869b03) lh      s6, 1624(a3)
core   0: 3 0x8000aae8 (0x65869b03) x22 0x00000000 mem 0x8002061c
core   0: 0x8000aaec (0x0027c133) xor     sp, a5, sp
core   0: 3 0x8000aaec (0x0027c133) x 2 0x000006b9
core   0: 0x8000aaf0 (0x4092db13) srai    s6, t0, 9
core   0: 3 0x8000aaf0 (0x4092db13) x22 0x00000000
core   0: 0x8000aaf4 (0x4055db33) sra     s6, a1, t0
core   0: 3 0x8000aaf4 (0x4055db33) x22 0x00000001
core   0: 0x8000aaf8 (0x00000013) nop
core   0: 3 0x8000aaf8 (0x00000013)
core   0: 0x8000aafc (0x01259293) slli    t0, a1, 18
core   0: 3 0x8000aafc (0x01259293) x 5 0x00040000
core   0: 0x8000ab00 (0x40fb5b13) srai    s6, s6, 15
core   0: 3 0x8000ab00 (0x40fb5b13) x22 0x00000000
core   0: 0x8000ab04 (0xae26a023) sw      sp, -1312(a3)
core   0: 3 0x8000ab04 (0xae26a023) mem 0x8001faa4 0x000006b9
core   0: 0x8000ab08 (0x9826c283) lbu     t0, -1662(a3)
core   0: 3 0x8000ab08 (0x9826c283) x 5 0x00000000 mem 0x8001f946
core   0: 0x8000ab0c (0x26f68fa3) sb      a5, 639(a3)
core   0: 3 0x8000ab0c (0x26f68fa3) mem 0x80020243 0x0
core   0: 0x8000ab10 (0x7e869b03) lh      s6, 2024(a3)
core   0: 3 0x8000ab10 (0x7e869b03) x22 0x00000000 mem 0x800207ac
core   0: 0x8000ab14 (0x00008697) auipc   a3, 0x8
core   0: 3 0x8000ab14 (0x00008697) x13 0x80012b14
core   0: 0x8000ab18 (0xecb68693) addi    a3, a3, -309
core   0: 3 0x8000ab18 (0xecb68693) x13 0x800129df
core   0: 0x8000ab1c (0x09f68223) sb      t6, 132(a3)
core   0: 3 0x8000ab1c (0x09f68223) mem 0x80012a63 0x0
core   0: 0x8000ab20 (0xf9f6d203) lhu     tp, -97(a3)
core   0: 3 0x8000ab20 (0xf9f6d203) x 4 0x00000000 mem 0x8001297e
core   0: 0x8000ab24 (0x00ac1313) slli    t1, s8, 10
core   0: 3 0x8000ab24 (0x00ac1313) x 6 0x0776a400
core   0: 0x8000ab28 (0x01468a23) sb      s4, 20(a3)
core   0: 3 0x8000ab28 (0x01468a23) mem 0x800129f3 0x7f
core   0: 0x8000ab2c (0xfac68383) lb      t2, -84(a3)
core   0: 3 0x8000ab2c (0xfac68383) x 7 0x00000000 mem 0x8001298b
core   0: 0x8000ab30 (0x016d67b3) or      a5, s10, s6
core   0: 3 0x8000ab30 (0x016d67b3) x15 0x00000000
core   0: 0x8000ab34 (0x00968323) sb      s1, 6(a3)
core   0: 3 0x8000ab34 (0x00968323) mem 0x800129e5 0xe4
core   0: 0x8000ab38 (0x001d1f33) sll     t5, s10, ra
core   0: 3 0x8000ab38 (0x001d1f33) x30 0x00000000
core   0: 0x8000ab3c (0x5e8a1a37) lui     s4, 0x5e8a1
core   0: 3 0x8000ab3c (0x5e8a1a37) x20 0x5e8a1000
core   0: 0x8000ab40 (0xf9268f03) lb      t5, -110(a3)
core   0: 3 0x8000ab40 (0xf9268f03) x30 0x00000000 mem 0x80012971
core   0: 0x8000ab44 (0x007491b3) sll     gp, s1, t2
core   0: 3 0x8000ab44 (0x007491b3) x 3 0x8002bce4
core   0: 0x8000ab48 (0x0a573113) sltiu   sp, a4, 165
core   0: 3 0x8000ab48 (0x0a573113) x 2 0x00000000
core   0: 0x8000ab4c (0x0a66cd03) lbu     s10, 166(a3)
core   0: 3 0x8000ab4c (0x0a66cd03) x26 0x00000000 mem 0x80012a85
core   0: 0x8000ab50 (0x0156d0b3) srl     ra, a3, s5
core   0: 3 0x8000ab50 (0x0156d0b3) x 1 0x00000010
core   0: 0x8000ab54 (0x06568e03) lb      t3, 101(a3)
core   0: 3 0x8000ab54 (0x06568e03) x28 0x00000000 mem 0x80012a44
core   0: 0x8000ab58 (0x405a8633) sub     a2, s5, t0
core   0: 3 0x8000ab58 (0x405a8633) x12 0xfdb012bb
core   0: 0x8000ab5c (0x0000100f) fence.i
core   0: 3 0x8000ab5c (0x0000100f)
core   0: 0x8000ab60 (0x0ff0000f) fence   iorw,iorw
core   0: 3 0x8000ab60 (0x0ff0000f)
core   0: 0x8000ab64 (0xa500b113) sltiu   sp, ra, -1456
core   0: 3 0x8000ab64 (0xa500b113) x 2 0x00000001
core   0: 0x8000ab68 (0xfec6ce03) lbu     t3, -20(a3)
core   0: 3 0x8000ab68 (0xfec6ce03) x28 0x00000000 mem 0x800129cb
core   0: 0x8000ab6c (0x01753133) sltu    sp, a0, s7
core   0: 3 0x8000ab6c (0x01753133) x 2 0x00000001
core   0: 0x8000ab70 (0x0ff0000f) fence   iorw,iorw
core   0: 3 0x8000ab70 (0x0ff0000f)
core   0: 0x8000ab74 (0x05f68723) sb      t6, 78(a3)
core   0: 3 0x8000ab74 (0x05f68723) mem 0x80012a2d 0x0
core   0: 0x8000ab78 (0xf9568003) lb      zero, -107(a3)
core   0: 3 0x8000ab78 (0xf9568003) mem 0x80012974
core   0: 0x8000ab7c (0xf147e513) ori     a0, a5, -236
core   0: 3 0x8000ab7c (0xf147e513) x10 0xffffff14
core   0: 0x8000ab80 (0x001dd433) srl     s0, s11, ra
core   0: 3 0x8000ab80 (0x001dd433) x 8 0x00000000
core   0: 0x8000ab84 (0x0000100f) fence.i
core   0: 3 0x8000ab84 (0x0000100f)
core   0: 0x8000ab88 (0x01f21fb3) sll     t6, tp, t6
core   0: 3 0x8000ab88 (0x01f21fb3) x31 0x00000000
core   0: 0x8000ab8c (0x7a98ca37) lui     s4, 0x7a98c
core   0: 3 0x8000ab8c (0x7a98ca37) x20 0x7a98c000
core   0: 0x8000ab90 (0x462fea13) ori     s4, t6, 1122
core   0: 3 0x8000ab90 (0x462fea13) x20 0x00000462
core   0: 0x8000ab94 (0xfdb68183) lb      gp, -37(a3)
core   0: 3 0x8000ab94 (0xfdb68183) x 3 0x00000000 mem 0x800129ba
core   0: 0x8000ab98 (0x01ed5613) srli    a2, s10, 30
core   0: 3 0x8000ab98 (0x01ed5613) x12 0x00000000
core   0: 0x8000ab9c (0x0b257f93) andi    t6, a0, 178
core   0: 3 0x8000ab9c (0x0b257f93) x31 0x00000010
core   0: 0x8000aba0 (0x673b6917) auipc   s2, 0x673b6
core   0: 3 0x8000aba0 (0x673b6917) x18 0xe73c0ba0
core   0: 0x8000aba4 (0x02169b03) lh      s6, 33(a3)
core   0: 3 0x8000aba4 (0x02169b03) x22 0x00000000 mem 0x80012a00
core   0: 0x8000aba8 (0x0000100f) fence.i
core   0: 3 0x8000aba8 (0x0000100f)
core   0: 0x8000abac (0x01357a33) and     s4, a0, s3
core   0: 3 0x8000abac (0x01357a33) x20 0x00000000
core   0: 0x8000abb0 (0x0c468983) lb      s3, 196(a3)
core   0: 3 0x8000abb0 (0x0c468983) x19 0x00000000 mem 0x80012aa3
core   0: 0x8000abb4 (0x00f7d333) srl     t1, a5, a5
core   0: 3 0x8000abb4 (0x00f7d333) x 6 0x00000000
core   0: 0x8000abb8 (0x01bd6cb3) or      s9, s10, s11
core   0: 3 0x8000abb8 (0x01bd6cb3) x25 0x00000000
core   0: 0x8000abbc (0x00b09d13) slli    s10, ra, 11
core   0: 3 0x8000abbc (0x00b09d13) x26 0x00008000
core   0: 0x8000abc0 (0xf4068b23) sb      zero, -170(a3)
core   0: 3 0x8000abc0 (0xf4068b23) mem 0x80012935 0x0
core   0: 0x8000abc4 (0x008007ef) jal     a5, pc + 0x8
core   0: 3 0x8000abc4 (0x008007ef) x15 0x8000abc8
core   0: 0x8000abcc (0x038000ef) jal     pc + 0x38
core   0: 3 0x8000abcc (0x038000ef) x 1 0x8000abd0
core   0: 0x8000ac04 (0xfd1ff0ef) jal     pc - 0x30
core   0: 3 0x8000ac04 (0xfd1ff0ef) x 1 0x8000ac08
core   0: 0x8000abd4 (0x05c009ef) jal     s3, pc + 0x5c
core   0: 3 0x8000abd4 (0x05c009ef) x19 0x8000abd8
core   0: 0x8000ac30 (0x0040066f) jal     a2, pc + 0x4
core   0: 3 0x8000ac30 (0x0040066f) x12 0x8000ac34
core   0: 0x8000ac34 (0xfd9ff96f) jal     s2, pc - 0x28
core   0: 3 0x8000ac34 (0xfd9ff96f) x18 0x8000ac38
core   0: 0x8000ac0c (0xfddff0ef) jal     pc - 0x24
core   0: 3 0x8000ac0c (0xfddff0ef) x 1 0x8000ac10
core   0: 0x8000abe8 (0x014000ef) jal     pc + 0x14
core   0: 3 0x8000abe8 (0x014000ef) x 1 0x8000abec
core   0: 0x8000abfc (0xffdff0ef) jal     pc - 0x4
core   0: 3 0x8000abfc (0xffdff0ef) x 1 0x8000ac00
core   0: 0x8000abf8 (0x01c000ef) jal     pc + 0x1c
core   0: 3 0x8000abf8 (0x01c000ef) x 1 0x8000abfc
core   0: 0x8000ac14 (0xfd1ff0ef) jal     pc - 0x30
core   0: 3 0x8000ac14 (0xfd1ff0ef) x 1 0x8000ac18
core   0: 0x8000abe4 (0x040000ef) jal     pc + 0x40
core   0: 3 0x8000abe4 (0x040000ef) x 1 0x8000abe8
core   0: 0x8000ac24 (0x004000ef) jal     pc + 0x4
core   0: 3 0x8000ac24 (0x004000ef) x 1 0x8000ac28
core   0: 0x8000ac28 (0xfe1ff0ef) jal     pc - 0x20
core   0: 3 0x8000ac28 (0xfe1ff0ef) x 1 0x8000ac2c
core   0: 0x8000ac08 (0x018000ef) jal     pc + 0x18
core   0: 3 0x8000ac08 (0x018000ef) x 1 0x8000ac0c
core   0: 0x8000ac20 (0xfb1ff0ef) jal     pc - 0x50
core   0: 3 0x8000ac20 (0xfb1ff0ef) x 1 0x8000ac24
core   0: 0x8000abd0 (0x0080096f) jal     s2, pc + 0x8
core   0: 3 0x8000abd0 (0x0080096f) x18 0x8000abd4
core   0: 0x8000abd8 (0x0180036f) jal     t1, pc + 0x18
core   0: 3 0x8000abd8 (0x0180036f) x 6 0x8000abdc
core   0: 0x8000abf0 (0x028000ef) jal     pc + 0x28
core   0: 3 0x8000abf0 (0x028000ef) x 1 0x8000abf4
core   0: 0x8000ac18 (0xfd5ff0ef) jal     pc - 0x2c
core   0: 3 0x8000ac18 (0xfd5ff0ef) x 1 0x8000ac1c
core   0: 0x8000abec (0x040000ef) jal     pc + 0x40
core   0: 3 0x8000abec (0x040000ef) x 1 0x8000abf0
core   0: 0x8000ac2c (0xfd5ff36f) jal     t1, pc - 0x2c
core   0: 3 0x8000ac2c (0xfd5ff36f) x 6 0x8000ac30
core   0: 0x8000ac00 (0xfc9fffef) jal     t6, pc - 0x38
core   0: 3 0x8000ac00 (0xfc9fffef) x31 0x8000ac04
core   0: 0x8000abc8 (0x0480036f) jal     t1, pc + 0x48
core   0: 3 0x8000abc8 (0x0480036f) x 6 0x8000abcc
core   0: 0x8000ac10 (0xfcdff5ef) jal     a1, pc - 0x34
core   0: 3 0x8000ac10 (0xfcdff5ef) x11 0x8000ac14
core   0: 0x8000abdc (0x018000ef) jal     pc + 0x18
core   0: 3 0x8000abdc (0x018000ef) x 1 0x8000abe0
core   0: 0x8000abf4 (0xfedff0ef) jal     pc - 0x14
core   0: 3 0x8000abf4 (0xfedff0ef) x 1 0x8000abf8
core   0: 0x8000abe0 (0x03c00def) jal     s11, pc + 0x3c
core   0: 3 0x8000abe0 (0x03c00def) x27 0x8000abe4
core   0: 0x8000ac1c (0x01c000ef) jal     pc + 0x1c
core   0: 3 0x8000ac1c (0x01c000ef) x 1 0x8000ac20
core   0: 0x8000ac38 (0xfc2b8f93) addi    t6, s7, -62
core   0: 3 0x8000ac38 (0xfc2b8f93) x31 0x80027e16
core   0: 0x8000ac3c (0x00007b17) auipc   s6, 0x7
core   0: 3 0x8000ac3c (0x00007b17) x22 0x80011c3c
core   0: 0x8000ac40 (0x536b0b13) addi    s6, s6, 1334
core   0: 3 0x8000ac40 (0x536b0b13) x22 0x80012172
core   0: 0x8000ac44 (0x01ab0383) lb      t2, 26(s6)
core   0: 3 0x8000ac44 (0x01ab0383) x 7 0x00000000 mem 0x8001218c
core   0: 0x8000ac48 (0x00721e33) sll     t3, tp, t2
core   0: 3 0x8000ac48 (0x00721e33) x28 0x00000000
core   0: 0x8000ac4c (0x0ff0000f) fence   iorw,iorw
core   0: 3 0x8000ac4c (0x0ff0000f)
core   0: 0x8000ac50 (0x00db0fa3) sb      a3, 31(s6)
core   0: 3 0x8000ac50 (0x00db0fa3) mem 0x80012191 0xdf
core   0: 0x8000ac54 (0x030b1e03) lh      t3, 48(s6)
core   0: 3 0x8000ac54 (0x030b1e03) x28 0x00000000 mem 0x800121a2
core   0: 0x8000ac58 (0x00de1393) slli    t2, t3, 13
core   0: 3 0x8000ac58 (0x00de1393) x 7 0x00000000
core   0: 0x8000ac5c (0x023b0e03) lb      t3, 35(s6)
core   0: 3 0x8000ac5c (0x023b0e03) x28 0x00000000 mem 0x80012195
core   0: 0x8000ac60 (0x004783b3) add     t2, a5, tp
core   0: 3 0x8000ac60 (0x004783b3) x 7 0x8000abc8
core   0: 0x8000ac64 (0x00dd0d33) add     s10, s10, a3
core   0: 3 0x8000ac64 (0x00dd0d33) x26 0x8001a9df
core   0: 0x8000ac68 (0x02db0383) lb      t2, 45(s6)
core   0: 3 0x8000ac68 (0x02db0383) x 7 0x00000000 mem 0x8001219f
core   0: 0x8000ac6c (0x40de57b3) sra     a5, t3, a3
core   0: 3 0x8000ac6c (0x40de57b3) x15 0x00000000
core   0: 0x8000ac70 (0xfcfb0623) sb      a5, -52(s6)
core   0: 3 0x8000ac70 (0xfcfb0623) mem 0x8001213e 0x0
core   0: 0x8000ac74 (0x32ef07b7) lui     a5, 0x32ef0
core   0: 3 0x8000ac74 (0x32ef07b7) x15 0x32ef0000
core   0: 0x8000ac78 (0x4433ed13) ori     s10, t2, 1091
core   0: 3 0x8000ac78 (0x4433ed13) x26 0x00000443
core   0: 0x8000ac7c (0x004b4383) lbu     t2, 4(s6)
core   0: 3 0x8000ac7c (0x004b4383) x 7 0x00000000 mem 0x80012176
core   0: 0x8000ac80 (0xfdcb0d23) sb      t3, -38(s6)
core   0: 3 0x8000ac80 (0xfdcb0d23) mem 0x8001214c 0x0
core   0: 0x8000ac84 (0x1e0a2e37) lui     t3, 0x1e0a2
core   0: 3 0x8000ac84 (0x1e0a2e37) x28 0x1e0a2000
core   0: 0x8000ac88 (0x007b0323) sb      t2, 6(s6)
core   0: 3 0x8000ac88 (0x007b0323) mem 0x80012178 0x0
core   0: 0x8000ac8c (0xfe0b1203) lh      tp, -32(s6)
core   0: 3 0x8000ac8c (0xfe0b1203) x 4 0x00000000 mem 0x80012152
core   0: 0x8000ac90 (0x032b0e03) lb      t3, 50(s6)
core   0: 3 0x8000ac90 (0x032b0e03) x28 0x00000000 mem 0x800121a4
core   0: 0x8000ac94 (0x009d1213) slli    tp, s10, 9
core   0: 3 0x8000ac94 (0x009d1213) x 4 0x00088600
core   0: 0x8000ac98 (0xfc4b03a3) sb      tp, -57(s6)
core   0: 3 0x8000ac98 (0xfc4b03a3) mem 0x80012139 0x0
core   0: 0x8000ac9c (0x01ad6d33) or      s10, s10, s10
core   0: 3 0x8000ac9c (0x01ad6d33) x26 0x00000443
core   0: 0x8000aca0 (0xff8b5683) lhu     a3, -8(s6)
core   0: 3 0x8000aca0 (0xff8b5683) x13 0x00000000 mem 0x8001216a
core   0: 0x8000aca4 (0x01cb1e23) sh      t3, 28(s6)
core   0: 3 0x8000aca4 (0x01cb1e23) mem 0x8001218e 0x0000
core   0: 0x8000aca8 (0x36b6fd13) andi    s10, a3, 875
core   0: 3 0x8000aca8 (0x36b6fd13) x26 0x00000000
core   0: 0x8000acac (0x00000013) nop
core   0: 3 0x8000acac (0x00000013)
core   0: 0x8000acb0 (0x00423e33) sltu    t3, tp, tp
core   0: 3 0x8000acb0 (0x00423e33) x28 0x00000000
core   0: 0x8000acb4 (0x73678393) addi    t2, a5, 1846
core   0: 3 0x8000acb4 (0x73678393) x 7 0x32ef0736
core   0: 0x8000acb8 (0xff8b1d03) lh      s10, -8(s6)
core   0: 3 0x8000acb8 (0xff8b1d03) x26 0x00000000 mem 0x8001216a
core   0: 0x8000acbc (0xfefb03a3) sb      a5, -25(s6)
core   0: 3 0x8000acbc (0xfefb03a3) mem 0x80012159 0x0
core   0: 0x8000acc0 (0x01ad47b3) xor     a5, s10, s10
core   0: 3 0x8000acc0 (0x01ad47b3) x15 0x00000000
core   0: 0x8000acc4 (0xfefb0d03) lb      s10, -17(s6)
core   0: 3 0x8000acc4 (0xfefb0d03) x26 0x00000000 mem 0x80012161
core   0: 0x8000acc8 (0xfc4b1d03) lh      s10, -60(s6)
core   0: 3 0x8000acc8 (0xfc4b1d03) x26 0x00000000 mem 0x80012136
core   0: 0x8000accc (0x018b4d03) lbu     s10, 24(s6)
core   0: 3 0x8000accc (0x018b4d03) x26 0x00000000 mem 0x8001218a
core   0: 0x8000acd0 (0x6c77e793) ori     a5, a5, 1735
core   0: 3 0x8000acd0 (0x6c77e793) x15 0x000006c7
core   0: 0x8000acd4 (0x0000100f) fence.i
core   0: 3 0x8000acd4 (0x0000100f)
core   0: 0x8000acd8 (0x02db0ea3) sb      a3, 61(s6)
core   0: 3 0x8000acd8 (0x02db0ea3) mem 0x800121af 0x0
core   0: 0x8000acdc (0x0043ed33) or      s10, t2, tp
core   0: 3 0x8000acdc (0x0043ed33) x26 0x32ef8736
core   0: 0x8000ace0 (0x021b4383) lbu     t2, 33(s6)
core   0: 3 0x8000ace0 (0x021b4383) x 7 0x00000000 mem 0x80012193
core   0: 0x8000ace4 (0x007b0623) sb      t2, 12(s6)
core   0: 3 0x8000ace4 (0x007b0623) mem 0x8001217e 0x0
core   0: 0x8000ace8 (0x5eb36d37) lui     s10, 0x5eb36
core   0: 3 0x8000ace8 (0x5eb36d37) x26 0x5eb36000
core   0: 0x8000acec (0xfebb4e03) lbu     t3, -21(s6)
core   0: 3 0x8000acec (0xfebb4e03) x28 0x00000000 mem 0x8001215d
core   0: 0x8000acf0 (0xfe9b4203) lbu     tp, -23(s6)
core   0: 3 0x8000acf0 (0xfe9b4203) x 4 0x00000000 mem 0x8001215b
core   0: 0x8000acf4 (0xfe7b0fa3) sb      t2, -1(s6)
core   0: 3 0x8000acf4 (0xfe7b0fa3) mem 0x80012171 0x0
core   0: 0x8000acf8 (0xfcab2d03) lw      s10, -54(s6)
core   0: 3 0x8000acf8 (0xfcab2d03) x26 0x00000000 mem 0x8001213c
core   0: 0x8000acfc (0x00fb4383) lbu     t2, 15(s6)
core   0: 3 0x8000acfc (0x00fb4383) x 7 0x00000000 mem 0x80012181
core   0: 0x8000ad00 (0xff800413) li      s0, -8
core   0: 3 0x8000ad00 (0xff800413) x 8 0xfffffff8
core   0: 0x8000ad04 (0x00100f13) li      t5, 1
core   0: 3 0x8000ad04 (0x00100f13) x30 0x00000001
core   0: 0x8000ad08 (0x00bd3a33) sltu    s4, s10, a1
core   0: 3 0x8000ad08 (0x00bd3a33) x20 0x00000001
core   0: 0x8000ad0c (0xf2c22b13) slti    s6, tp, -212
core   0: 3 0x8000ad0c (0xf2c22b13) x22 0x00000000
core   0: 0x8000ad10 (0x00140413) addi    s0, s0, 1
core   0: 3 0x8000ad10 (0x00140413) x 8 0xfffffff9
core   0: 0x8000ad14 (0x00100713) li      a4, 1
core   0: 3 0x8000ad14 (0x00100713) x14 0x00000001
core   0: 0x8000ad18 (0x00200993) li      s3, 2
core   0: 3 0x8000ad18 (0x00200993) x19 0x00000002
core   0: 0x8000ad1c (0x16462d93) slti    s11, a2, 356
core   0: 3 0x8000ad1c (0x16462d93) x27 0x00000001
core   0: 0x8000ad20 (0x00170713) addi    a4, a4, 1
core   0: 3 0x8000ad20 (0x00170713) x14 0x00000002
core   0: 0x8000ad24 (0xff371ce3) bne     a4, s3, pc - 8
core   0: 3 0x8000ad24 (0xff371ce3)
core   0: 0x8000ad28 (0xffe462e3) bltu    s0, t5, pc - 28
core   0: 3 0x8000ad28 (0xffe462e3)
core   0: 0x8000ad2c (0x00f200b3) add     ra, tp, a5
core   0: 3 0x8000ad2c (0x00f200b3) x 1 0x000006c7
core   0: 0x8000ad30 (0x00015117) auipc   sp, 0x15
core   0: 3 0x8000ad30 (0x00015117) x 2 0x8001fd30
core   0: 0x8000ad34 (0xc5710113) addi    sp, sp, -937
core   0: 3 0x8000ad34 (0xc5710113) x 2 0x8001f987
core   0: 0x8000ad38 (0x00da61b3) or      gp, s4, a3
core   0: 3 0x8000ad38 (0x00da61b3) x 3 0x00000001
core   0: 0x8000ad3c (0x40d6da33) sra     s4, a3, a3
core   0: 3 0x8000ad3c (0x40d6da33) x20 0x00000000
core   0: 0x8000ad40 (0x0031c433) xor     s0, gp, gp
core   0: 3 0x8000ad40 (0x0031c433) x 8 0x00000000
core   0: 0x8000ad44 (0x07510383) lb      t2, 117(sp)
core   0: 3 0x8000ad44 (0x07510383) x 7 0x00000000 mem 0x8001f9fc
core   0: 0x8000ad48 (0xf5410a03) lb      s4, -172(sp)
core   0: 3 0x8000ad48 (0xf5410a03) x20 0x00000000 mem 0x8001f8db
core   0: 0x8000ad4c (0x4146d3b3) sra     t2, a3, s4
core   0: 3 0x8000ad4c (0x4146d3b3) x 7 0x00000000
core   0: 0x8000ad50 (0xbbf10f23) sb      t6, -1090(sp)
core   0: 3 0x8000ad50 (0xbbf10f23) mem 0x8001f545 0x16
core   0: 0x8000ad54 (0x86710623) sb      t2, -1940(sp)
core   0: 3 0x8000ad54 (0x86710623) mem 0x8001f1f3 0x0
core   0: 0x8000ad58 (0x88ba0193) addi    gp, s4, -1909
core   0: 3 0x8000ad58 (0x88ba0193) x 3 0xfffff88b
core   0: 0x8000ad5c (0x903101a3) sb      gp, -1789(sp)
core   0: 3 0x8000ad5c (0x903101a3) mem 0x8001f28a 0x8b
core   0: 0x8000ad60 (0x00000013) nop
core   0: 3 0x8000ad60 (0x00000013)
core   0: 0x8000ad64 (0x014f96b3) sll     a3, t6, s4
core   0: 3 0x8000ad64 (0x014f96b3) x13 0x80027e16
core   0: 0x8000ad68 (0x00000013) nop
core   0: 3 0x8000ad68 (0x00000013)
core   0: 0x8000ad6c (0x43f10323) sb      t6, 1062(sp)
core   0: 3 0x8000ad6c (0x43f10323) mem 0x8001fdad 0x16
core   0: 0x8000ad70 (0xa5c10a03) lb      s4, -1444(sp)
core   0: 3 0x8000ad70 (0xa5c10a03) x20 0x00000000 mem 0x8001f3e3
core   0: 0x8000ad74 (0x74314f83) lbu     t6, 1859(sp)
core   0: 3 0x8000ad74 (0x74314f83) x31 0x00000000 mem 0x800200ca
core   0: 0x8000ad78 (0xd0515183) lhu     gp, -763(sp)
core   0: 3 0x8000ad78 (0xd0515183) x 3 0x00000000 mem 0x8001f68c
core   0: 0x8000ad7c (0x169a0193) addi    gp, s4, 361
core   0: 3 0x8000ad7c (0x169a0193) x 3 0x00000169
core   0: 0x8000ad80 (0x51d10683) lb      a3, 1309(sp)
core   0: 3 0x8000ad80 (0x51d10683) x13 0x00000000 mem 0x8001fea4
core   0: 0x8000ad84 (0x13f10723) sb      t6, 302(sp)
core   0: 3 0x8000ad84 (0x13f10723) mem 0x8001fab5 0x0
core   0: 0x8000ad88 (0xe40f8193) addi    gp, t6, -448
core   0: 3 0x8000ad88 (0xe40f8193) x 3 0xfffffe40
core   0: 0x8000ad8c (0xbb1f8193) addi    gp, t6, -1103
core   0: 3 0x8000ad8c (0xbb1f8193) x 3 0xfffffbb1
core   0: 0x8000ad90 (0x2ac43693) sltiu   a3, s0, 684
core   0: 3 0x8000ad90 (0x2ac43693) x13 0x00000001
core   0: 0x8000ad94 (0x01441fb3) sll     t6, s0, s4
core   0: 3 0x8000ad94 (0x01441fb3) x31 0x00000000
core   0: 0x8000ad98 (0x0036aa33) slt     s4, a3, gp
core   0: 3 0x8000ad98 (0x0036aa33) x20 0x00000000
core   0: 0x8000ad9c (0xdea10a03) lb      s4, -534(sp)
core   0: 3 0x8000ad9c (0xdea10a03) x20 0x00000000 mem 0x8001f771
core   0: 0x8000ada0 (0x007a6a33) or      s4, s4, t2
core   0: 3 0x8000ada0 (0x007a6a33) x20 0x00000000
core   0: 0x8000ada4 (0xbd014383) lbu     t2, -1072(sp)
core   0: 3 0x8000ada4 (0xbd014383) x 7 0x00000000 mem 0x8001f557
core   0: 0x8000ada8 (0x26810723) sb      s0, 622(sp)
core   0: 3 0x8000ada8 (0x26810723) mem 0x8001fbf5 0x0
core   0: 0x8000adac (0x01442a33) slt     s4, s0, s4
core   0: 3 0x8000adac (0x01442a33) x20 0x00000000
core   0: 0x8000adb0 (0x41fa5a33) sra     s4, s4, t6
core   0: 3 0x8000adb0 (0x41fa5a33) x20 0x00000000
core   0: 0x8000adb4 (0x30715683) lhu     a3, 775(sp)
core   0: 3 0x8000adb4 (0x30715683) x13 0x00000000 mem 0x8001fc8e
core   0: 0x8000adb8 (0xba710a23) sb      t2, -1100(sp)
core   0: 3 0x8000adb8 (0xba710a23) mem 0x8001f53b 0x0
core   0: 0x8000adbc (0x0031f6b3) and     a3, gp, gp
core   0: 3 0x8000adbc (0x0031f6b3) x13 0xfffffbb1
core   0: 0x8000adc0 (0x00839a13) slli    s4, t2, 8
core   0: 3 0x8000adc0 (0x00839a13) x20 0x00000000
core   0: 0x8000adc4 (0x00d6afb3) slt     t6, a3, a3
core   0: 3 0x8000adc4 (0x00d6afb3) x31 0x00000000
core   0: 0x8000adc8 (0x97110f83) lb      t6, -1679(sp)
core   0: 3 0x8000adc8 (0x97110f83) x31 0x00000000 mem 0x8001f2f8
core   0: 0x8000adcc (0xe79a6f93) ori     t6, s4, -391
core   0: 3 0x8000adcc (0xe79a6f93) x31 0xfffffe79
core   0: 0x8000add0 (0x01da5193) srli    gp, s4, 29
core   0: 3 0x8000add0 (0x01da5193) x 3 0x00000000
core   0: 0x8000add4 (0x8c310423) sb      gp, -1848(sp)
core   0: 3 0x8000add4 (0x8c310423) mem 0x8001f24f 0x0
core   0: 0x8000add8 (0x008a1fb3) sll     t6, s4, s0
core   0: 3 0x8000add8 (0x008a1fb3) x31 0x00000000
core   0: 0x8000addc (0x003fc3b3) xor     t2, t6, gp
core   0: 3 0x8000addc (0x003fc3b3) x 7 0x00000000
core   0: 0x8000ade0 (0x4cb10183) lb      gp, 1227(sp)
core   0: 3 0x8000ade0 (0x4cb10183) x 3 0x00000000 mem 0x8001fe52
core   0: 0x8000ade4 (0x7c410a03) lb      s4, 1988(sp)
core   0: 3 0x8000ade4 (0x7c410a03) x20 0x00000000 mem 0x8002014b
core   0: 0x8000ade8 (0xc4b14403) lbu     s0, -949(sp)
core   0: 3 0x8000ade8 (0xc4b14403) x 8 0x00000000 mem 0x8001f5d2
core   0: 0x8000adec (0x41f3dfb3) sra     t6, t2, t6
core   0: 3 0x8000adec (0x41f3dfb3) x31 0x00000000
core   0: 0x8000adf0 (0x114102a3) sb      s4, 261(sp)
core   0: 3 0x8000adf0 (0x114102a3) mem 0x8001fa8c 0x0
core   0: 0x8000adf4 (0x40d6dfb3) sra     t6, a3, a3
core   0: 3 0x8000adf4 (0x40d6dfb3) x31 0xffffffff
core   0: 0x8000adf8 (0x5cd111a3) sh      a3, 1475(sp)
core   0: 3 0x8000adf8 (0x5cd111a3) mem 0x8001ff4a 0xfbb1
core   0: 0x8000adfc (0xc7411ca3) sh      s4, -903(sp)
core   0: 3 0x8000adfc (0xc7411ca3) mem 0x8001f600 0x0000
core   0: 0x8000ae00 (0x6e810923) sb      s0, 1778(sp)
core   0: 3 0x8000ae00 (0x6e810923) mem 0x80020079 0x0
core   0: 0x8000ae04 (0x0ff0000f) fence   iorw,iorw
core   0: 3 0x8000ae04 (0x0ff0000f)
core   0: 0x8000ae08 (0xfac10383) lb      t2, -84(sp)
core   0: 3 0x8000ae08 (0xfac10383) x 7 0x00000000 mem 0x8001f933
core   0: 0x8000ae0c (0x40c45693) srai    a3, s0, 12
core   0: 3 0x8000ae0c (0x40c45693) x13 0x00000000
core   0: 0x8000ae10 (0x40645413) srai    s0, s0, 6
core   0: 3 0x8000ae10 (0x40645413) x 8 0x00000000
core   0: 0x8000ae14 (0x08b6c393) xori    t2, a3, 139
core   0: 3 0x8000ae14 (0x08b6c393) x 7 0x0000008b
core   0: 0x8000ae18 (0x48810623) sb      s0, 1164(sp)
core   0: 3 0x8000ae18 (0x48810623) mem 0x8001fe13 0x0
core   0: 0x8000ae1c (0x00008717) auipc   a4, 0x8
core   0: 3 0x8000ae1c (0x00008717) x14 0x80012e1c
core   0: 0x8000ae20 (0x95f70713) addi    a4, a4, -1697
core   0: 3 0x8000ae20 (0x95f70713) x14 0x8001277b
core   0: 0x8000ae24 (0x00010d97) auipc   s11, 0x10
core   0: 3 0x8000ae24 (0x00010d97) x27 0x8001ae24
core   0: 0x8000ae28 (0x033d8d93) addi    s11, s11, 51
core   0: 3 0x8000ae28 (0x033d8d93) x27 0x8001ae57
core   0: 0x8000ae2c (0xfd370b23) sb      s3, -42(a4)
core   0: 3 0x8000ae2c (0xfd370b23) mem 0x80012751 0x2
core   0: 0x8000ae30 (0x05774783) lbu     a5, 87(a4)
core   0: 3 0x8000ae30 (0x05774783) x15 0x00000000 mem 0x800127d2
core   0: 0x8000ae34 (0x2d7dcf83) lbu     t6, 727(s11)
core   0: 3 0x8000ae34 (0x2d7dcf83) x31 0x00000000 mem 0x8001b12e
core   0: 0x8000ae38 (0x733d99a3) sh      s3, 1843(s11)
core   0: 3 0x8000ae38 (0x733d99a3) mem 0x8001b58a 0x0002
core   0: 0x8000ae3c (0x07770e03) lb      t3, 119(a4)
core   0: 3 0x8000ae3c (0x07770e03) x28 0x00000000 mem 0x800127f2
core   0: 0x8000ae40 (0xfba74e03) lbu     t3, -70(a4)
core   0: 3 0x8000ae40 (0xfba74e03) x28 0x00000000 mem 0x80012735
core   0: 0x8000ae44 (0xe4bdc783) lbu     a5, -437(s11)
core   0: 3 0x8000ae44 (0xe4bdc783) x15 0x00000000 mem 0x8001aca2
core   0: 0x8000ae48 (0x0d474783) lbu     a5, 212(a4)
core   0: 3 0x8000ae48 (0x0d474783) x15 0x00000000 mem 0x8001284f
core   0: 0x8000ae4c (0xf9b71603) lh      a2, -101(a4)
core   0: 3 0x8000ae4c (0xf9b71603) x12 0x00000000 mem 0x80012716
core   0: 0x8000ae50 (0x443dc403) lbu     s0, 1091(s11)
core   0: 3 0x8000ae50 (0x443dc403) x 8 0x00000000 mem 0x8001b29a
core   0: 0x8000ae54 (0x07970b23) sb      s9, 118(a4)
core   0: 3 0x8000ae54 (0x07970b23) mem 0x800127f1 0x0
core   0: 0x8000ae58 (0xf7074383) lbu     t2, -144(a4)
core   0: 3 0x8000ae58 (0xf7074383) x 7 0x00000000 mem 0x800126eb
core   0: 0x8000ae5c (0xb51dd783) lhu     a5, -1199(s11)
core   0: 3 0x8000ae5c (0xb51dd783) x15 0x00000000 mem 0x8001a9a8
core   0: 0x8000ae60 (0xfa572aa3) sw      t0, -75(a4)
core   0: 3 0x8000ae60 (0xfa572aa3) mem 0x80012730 0x00000000
core   0: 0x8000ae64 (0x8f8d8303) lb      t1, -1800(s11)
core   0: 3 0x8000ae64 (0x8f8d8303) x 6 0x00000000 mem 0x8001a74f
core   0: 0x8000ae68 (0x00018117) auipc   sp, 0x18
core   0: 3 0x8000ae68 (0x00018117) x 2 0x80022e68
core   0: 0x8000ae6c (0xaa010113) addi    sp, sp, -1376
core   0: 3 0x8000ae6c (0xaa010113) x 2 0x80022908
core   0: 0x8000ae70 (0x40f12c23) sw      a5, 1048(sp)
core   0: 3 0x8000ae70 (0x40f12c23) mem 0x80022d20 0x00000000
core   0: 0x8000ae74 (0x41810e83) lb      t4, 1048(sp)
core   0: 3 0x8000ae74 (0x41810e83) x29 0x00000000 mem 0x80022d20
core   0: 0x8000ae78 (0x41a12c23) sw      s10, 1048(sp)
core   0: 3 0x8000ae78 (0x41a12c23) mem 0x80022d20 0x00000000
core   0: 0x8000ae7c (0xdf6eaa13) slti    s4, t4, -522
core   0: 3 0x8000ae7c (0xdf6eaa13) x20 0x00000000
core   0: 0x8000ae80 (0x0ff0000f) fence   iorw,iorw
core   0: 3 0x8000ae80 (0x0ff0000f)
core   0: 0x8000ae84 (0x41811403) lh      s0, 1048(sp)
core   0: 3 0x8000ae84 (0x41811403) x 8 0x00000000 mem 0x80022d20
core   0: 0x8000ae88 (0x40f98533) sub     a0, s3, a5
core   0: 3 0x8000ae88 (0x40f98533) x10 0x00000002
core   0: 0x8000ae8c (0x41815d83) lhu     s11, 1048(sp)
core   0: 3 0x8000ae8c (0x41815d83) x27 0x00000000 mem 0x80022d20
core   0: 0x8000ae90 (0x01d69e33) sll     t3, a3, t4
core   0: 3 0x8000ae90 (0x01d69e33) x28 0x00000000
core   0: 0x8000ae94 (0x41815f03) lhu     t5, 1048(sp)
core   0: 3 0x8000ae94 (0x41815f03) x30 0x00000000 mem 0x80022d20
core   0: 0x8000ae98 (0xf12601b7) lui     gp, 0xf1260
core   0: 3 0x8000ae98 (0xf12601b7) x 3 0xf1260000
core   0: 0x8000ae9c (0x41814303) lbu     t1, 1048(sp)
core   0: 3 0x8000ae9c (0x41814303) x 6 0x00000000 mem 0x80022d20
core   0: 0x8000aea0 (0x415d0333) sub     t1, s10, s5
core   0: 3 0x8000aea0 (0x415d0333) x 6 0x024fed45
core   0: 0x8000aea4 (0x41810603) lb      a2, 1048(sp)
core   0: 3 0x8000aea4 (0x41810603) x12 0x00000000 mem 0x80022d20
core   0: 0x8000aea8 (0x41c10c23) sb      t3, 1048(sp)
core   0: 3 0x8000aea8 (0x41c10c23) mem 0x80022d20 0x0
core   0: 0x8000aeac (0x41812283) lw      t0, 1048(sp)
core   0: 3 0x8000aeac (0x41812283) x 5 0x00000000 mem 0x80022d20
core   0: 0x8000aeb0 (0x00013117) auipc   sp, 0x13
core   0: 3 0x8000aeb0 (0x00013117) x 2 0x8001deb0
core   0: 0x8000aeb4 (0x92f10113) addi    sp, sp, -1745
core   0: 3 0x8000aeb4 (0x92f10113) x 2 0x8001d7df
core   0: 0x8000aeb8 (0x0000100f) fence.i
core   0: 3 0x8000aeb8 (0x0000100f)
core   0: 0x8000aebc (0xf7515983) lhu     s3, -139(sp)
core   0: 3 0x8000aebc (0xf7515983) x19 0x00000000 mem 0x8001d754
core   0: 0x8000aec0 (0x00175b13) srli    s6, a4, 1
core   0: 3 0x8000aec0 (0x00175b13) x22 0x400093bd
core   0: 0x8000aec4 (0x00000013) nop
core   0: 3 0x8000aec4 (0x00000013)
core   0: 0x8000aec8 (0x0000100f) fence.i
core   0: 3 0x8000aec8 (0x0000100f)
core   0: 0x8000aecc (0x22d15d03) lhu     s10, 557(sp)
core   0: 3 0x8000aecc (0x22d15d03) x26 0x00000000 mem 0x8001da0c
core   0: 0x8000aed0 (0x22d15383) lhu     t2, 557(sp)
core   0: 3 0x8000aed0 (0x22d15383) x 7 0x00000000 mem 0x8001da0c
core   0: 0x8000aed4 (0xf5f111a3) sh      t6, -189(sp)
core   0: 3 0x8000aed4 (0xf5f111a3) mem 0x8001d722 0x0000
core   0: 0x8000aed8 (0xf4310383) lb      t2, -189(sp)
core   0: 3 0x8000aed8 (0xf4310383) x 7 0x00000000 mem 0x8001d722
core   0: 0x8000aedc (0xf5f111a3) sh      t6, -189(sp)
core   0: 3 0x8000aedc (0xf5f111a3) mem 0x8001d722 0x0000
core   0: 0x8000aee0 (0xf4311503) lh      a0, -189(sp)
core   0: 3 0x8000aee0 (0xf4311503) x10 0x00000000 mem 0x8001d722
core   0: 0x8000aee4 (0xf58111a3) sh      s8, -189(sp)
core   0: 3 0x8000aee4 (0xf58111a3) mem 0x8001d722 0xdda9
core   0: 0x8000aee8 (0xf48111a3) sh      s0, -189(sp)
core   0: 3 0x8000aee8 (0xf48111a3) mem 0x8001d722 0x0000
core   0: 0x8000aeec (0x01135293) srli    t0, t1, 17
core   0: 3 0x8000aeec (0x01135293) x 5 0x00000127
core   0: 0x8000aef0 (0xf41101a3) sb      ra, -189(sp)
core   0: 3 0x8000aef0 (0xf41101a3) mem 0x8001d722 0xc7
core   0: 0x8000aef4 (0xf51111a3) sh      a7, -189(sp)
core   0: 3 0x8000aef4 (0xf51111a3) mem 0x8001d722 0x0000
core   0: 0x8000aef8 (0x020007ef) jal     a5, pc + 0x20
core   0: 3 0x8000aef8 (0x020007ef) x15 0x8000aefc
core   0: 0x8000af18 (0x024000ef) jal     pc + 0x24
core   0: 3 0x8000af18 (0x024000ef) x 1 0x8000af1c
core   0: 0x8000af3c (0xff5ff36f) jal     t1, pc - 0xc
core   0: 3 0x8000af3c (0xff5ff36f) x 6 0x8000af40
core   0: 0x8000af30 (0x024000ef) jal     pc + 0x24
core   0: 3 0x8000af30 (0x024000ef) x 1 0x8000af34
core   0: 0x8000af54 (0xfe5ff0ef) jal     pc - 0x1c
core   0: 3 0x8000af54 (0xfe5ff0ef) x 1 0x8000af58
core   0: 0x8000af38 (0xfd9ff0ef) jal     pc - 0x28
core   0: 3 0x8000af38 (0xfd9ff0ef) x 1 0x8000af3c
core   0: 0x8000af10 (0xff9ff16f) jal     sp, pc - 0x8
core   0: 3 0x8000af10 (0xff9ff16f) x 2 0x8000af14
core   0: 0x8000af08 (0x01c000ef) jal     pc + 0x1c
core   0: 3 0x8000af08 (0x01c000ef) x 1 0x8000af0c
core   0: 0x8000af24 (0x028000ef) jal     pc + 0x28
core   0: 3 0x8000af24 (0x028000ef) x 1 0x8000af28
core   0: 0x8000af4c (0xffdff0ef) jal     pc - 0x4
core   0: 3 0x8000af4c (0xffdff0ef) x 1 0x8000af50
core   0: 0x8000af48 (0xff9ff0ef) jal     pc - 0x8
core   0: 3 0x8000af48 (0xff9ff0ef) x 1 0x8000af4c
core   0: 0x8000af40 (0xff5ff36f) jal     t1, pc - 0xc
core   0: 3 0x8000af40 (0xff5ff36f) x 6 0x8000af44
core   0: 0x8000af34 (0xfe9ff0ef) jal     pc - 0x18
core   0: 3 0x8000af34 (0xfe9ff0ef) x 1 0x8000af38
core   0: 0x8000af1c (0xfe1ffcef) jal     s9, pc - 0x20
core   0: 3 0x8000af1c (0xfe1ffcef) x25 0x8000af20
core   0: 0x8000aefc (0x02c0026f) jal     tp, pc + 0x2c
core   0: 3 0x8000aefc (0x02c0026f) x 4 0x8000af00
core   0: 0x8000af28 (0xfd9ff36f) jal     t1, pc - 0x28
core   0: 3 0x8000af28 (0xfd9ff36f) x 6 0x8000af2c
core   0: 0x8000af00 (0x0500036f) jal     t1, pc + 0x50
core   0: 3 0x8000af00 (0x0500036f) x 6 0x8000af04
core   0: 0x8000af50 (0xfd1ffe6f) jal     t3, pc - 0x30
core   0: 3 0x8000af50 (0xfd1ffe6f) x28 0x8000af54
core   0: 0x8000af20 (0xff5ff36f) jal     t1, pc - 0xc
core   0: 3 0x8000af20 (0xff5ff36f) x 6 0x8000af24
core   0: 0x8000af14 (0xff9ff36f) jal     t1, pc - 0x8
core   0: 3 0x8000af14 (0xff9ff36f) x 6 0x8000af18
core   0: 0x8000af0c (0xff9ff0ef) jal     pc - 0x8
core   0: 3 0x8000af0c (0xff9ff0ef) x 1 0x8000af10
core   0: 0x8000af04 (0x028000ef) jal     pc + 0x28
core   0: 3 0x8000af04 (0x028000ef) x 1 0x8000af08
core   0: 0x8000af2c (0x018000ef) jal     pc + 0x18
core   0: 3 0x8000af2c (0x018000ef) x 1 0x8000af30
core   0: 0x8000af44 (0x014000ef) jal     pc + 0x14
core   0: 3 0x8000af44 (0x014000ef) x 1 0x8000af48
core   0: 0x8000af58 (0x4100df93) srai    t6, ra, 16
core   0: 3 0x8000af58 (0x4100df93) x31 0xffff8000
core   0: 0x8000af5c (0x00008597) auipc   a1, 0x8
core   0: 3 0x8000af5c (0x00008597) x11 0x80012f5c
core   0: 0x8000af60 (0xb6158593) addi    a1, a1, -1183
core   0: 3 0x8000af60 (0xb6158593) x11 0x80012abd
core   0: 0x8000af64 (0x4c35ca03) lbu     s4, 1219(a1)
core   0: 3 0x8000af64 (0x4c35ca03) x20 0x00000000 mem 0x80012f80
core   0: 0x8000af68 (0x00008e17) auipc   t3, 0x8
core   0: 3 0x8000af68 (0x00008e17) x28 0x80012f68
core   0: 0x8000af6c (0x049e0e13) addi    t3, t3, 73
core   0: 3 0x8000af6c (0x049e0e13) x28 0x80012fb1
core   0: 0x8000af70 (0xbdfe4083) lbu     ra, -1057(t3)
core   0: 3 0x8000af70 (0xbdfe4083) x 1 0x00000000 mem 0x80012b90
core   0: 0x8000af74 (0x014e09a3) sb      s4, 19(t3)
core   0: 3 0x8000af74 (0x014e09a3) mem 0x80012fc4 0x0
core   0: 0x8000af78 (0x11a5c903) lbu     s2, 282(a1)
core   0: 3 0x8000af78 (0x11a5c903) x18 0x00000000 mem 0x80012bd7
core   0: 0x8000af7c (0x3d359ea3) sh      s3, 989(a1)
core   0: 3 0x8000af7c (0x3d359ea3) mem 0x80012e9a 0x0000
core   0: 0x8000af80 (0x9d4e4503) lbu     a0, -1580(t3)
core   0: 3 0x8000af80 (0x9d4e4503) x10 0x00000000 mem 0x80012985
core   0: 0x8000af84 (0x99fe0803) lb      a6, -1633(t3)
core   0: 3 0x8000af84 (0x99fe0803) x16 0x00000000 mem 0x80012950
core   0: 0x8000af88 (0xd2de1b03) lh      s6, -723(t3)
core   0: 3 0x8000af88 (0xd2de1b03) x22 0x00000000 mem 0x80012cde
core   0: 0x8000af8c (0xdf45ca03) lbu     s4, -524(a1)
core   0: 3 0x8000af8c (0xdf45ca03) x20 0x00000000 mem 0x800128b1
core   0: 0x8000af90 (0xef0e4303) lbu     t1, -272(t3)
core   0: 3 0x8000af90 (0xef0e4303) x 6 0x00000000 mem 0x80012ea1
core   0: 0x8000af94 (0xb5058c23) sb      a6, -1192(a1)
core   0: 3 0x8000af94 (0xb5058c23) mem 0x80012615 0x0
core   0: 0x8000af98 (0xb63e2703) lw      a4, -1181(t3)
core   0: 3 0x8000af98 (0xb63e2703) x14 0x00000000 mem 0x80012b14
core   0: 0x8000af9c (0x3b759aa3) sh      s7, 949(a1)
core   0: 3 0x8000af9c (0x3b759aa3) mem 0x80012e72 0x7e54
core   0: 0x8000afa0 (0x0000a597) auipc   a1, 0xa
core   0: 3 0x8000afa0 (0x0000a597) x11 0x80014fa0
core   0: 0x8000afa4 (0x70258593) addi    a1, a1, 1794
core   0: 3 0x8000afa4 (0x70258593) x11 0x800156a2
core   0: 0x8000afa8 (0x00c5d903) lhu     s2, 12(a1)
core   0: 3 0x8000afa8 (0x00c5d903) x18 0x00000000 mem 0x800156ae
core   0: 0x8000afac (0x00008a17) auipc   s4, 0x8
core   0: 3 0x8000afac (0x00008a17) x20 0x80012fac
core   0: 0x8000afb0 (0xee6a0a13) addi    s4, s4, -282
core   0: 3 0x8000afb0 (0xee6a0a13) x20 0x80012e92
core   0: 0x8000afb4 (0x001584a3) sb      ra, 9(a1)
core   0: 3 0x8000afb4 (0x001584a3) mem 0x800156ab 0x0
core   0: 0x8000afb8 (0xf2da0183) lb      gp, -211(s4)
core   0: 3 0x8000afb8 (0xf2da0183) x 3 0x00000000 mem 0x80012dbf
core   0: 0x8000afbc (0x003a0983) lb      s3, 3(s4)
core   0: 3 0x8000afbc (0x003a0983) x19 0x00000000 mem 0x80012e95
core   0: 0x8000afc0 (0xff259003) lh      zero, -14(a1)
core   0: 3 0x8000afc0 (0xff259003) mem 0x80015694
core   0: 0x8000afc4 (0x004582a3) sb      tp, 5(a1)
core   0: 3 0x8000afc4 (0x004582a3) mem 0x800156a7 0x0
core   0: 0x8000afc8 (0x01059523) sh      a6, 10(a1)
core   0: 3 0x8000afc8 (0x01059523) mem 0x800156ac 0x0000
core   0: 0x8000afcc (0xf44a4e03) lbu     t3, -188(s4)
core   0: 3 0x8000afcc (0xf44a4e03) x28 0x00000000 mem 0x80012dd6
core   0: 0x8000afd0 (0xffe5a283) lw      t0, -2(a1)
core   0: 3 0x8000afd0 (0xffe5a283) x 5 0x00000000 mem 0x800156a0
core   0: 0x8000afd4 (0x00c5c983) lbu     s3, 12(a1)
core   0: 3 0x8000afd4 (0x00c5c983) x19 0x00000000 mem 0x800156ae
core   0: 0x8000afd8 (0x042a4883) lbu     a7, 66(s4)
core   0: 3 0x8000afd8 (0x042a4883) x17 0x0000002c mem 0x80012ed4
core   0: 0x8000afdc (0x0095c383) lbu     t2, 9(a1)
core   0: 3 0x8000afdc (0x0095c383) x 7 0x00000000 mem 0x800156ab
core   0: 0x8000afe0 (0x014a5c03) lhu     s8, 20(s4)
core   0: 3 0x8000afe0 (0x014a5c03) x24 0x00000000 mem 0x80012ea6
core   0: 0x8000afe4 (0x00007217) auipc   tp, 0x7
core   0: 3 0x8000afe4 (0x00007217) x 4 0x80011fe4
core   0: 0x8000afe8 (0x1e420213) addi    tp, tp, 484
core   0: 3 0x8000afe8 (0x1e420213) x 4 0x800121c8
core   0: 0x8000afec (0xed7f6a37) lui     s4, 0xed7f6
core   0: 3 0x8000afec (0xed7f6a37) x20 0xed7f6000
core   0: 0x8000aff0 (0x25822103) lw      sp, 600(tp)
core   0: 3 0x8000aff0 (0x25822103) x 2 0x00000000 mem 0x80012420
core   0: 0x8000aff4 (0x24521c23) sh      t0, 600(tp)
core   0: 3 0x8000aff4 (0x24521c23) mem 0x80012420 0x0000
core   0: 0x8000aff8 (0x400b5eb3) sra     t4, s6, zero
core   0: 3 0x8000aff8 (0x400b5eb3) x29 0x00000000
core   0: 0x8000affc (0x25820e83) lb      t4, 600(tp)
core   0: 3 0x8000affc (0x25820e83) x29 0x00000000 mem 0x80012420
core   0: 0x8000b000 (0x21124103) lbu     sp, 529(tp)
core   0: 3 0x8000b000 (0x21124103) x 2 0x00000000 mem 0x800123d9
core   0: 0x8000b004 (0x29d20503) lb      a0, 669(tp)
core   0: 3 0x8000b004 (0x29d20503) x10 0x00000000 mem 0x80012465
core   0: 0x8000b008 (0x00415013) srli    zero, sp, 4
core   0: 3 0x8000b008 (0x00415013)
core   0: 0x8000b00c (0x29420ea3) sb      s4, 669(tp)
core   0: 3 0x8000b00c (0x29420ea3) mem 0x80012465 0x0
core   0: 0x8000b010 (0x6d520383) lb      t2, 1749(tp)
core   0: 3 0x8000b010 (0x6d520383) x 7 0x00000000 mem 0x8001289d
core   0: 0x8000b014 (0x6d520383) lb      t2, 1749(tp)
core   0: 3 0x8000b014 (0x6d520383) x 7 0x00000000 mem 0x8001289d
core   0: 0x8000b018 (0x37c20b03) lb      s6, 892(tp)
core   0: 3 0x8000b018 (0x37c20b03) x22 0x00000000 mem 0x80012544
core   0: 0x8000b01c (0x37c20003) lb      zero, 892(tp)
core   0: 3 0x8000b01c (0x37c20003) mem 0x80012544
core   0: 0x8000b020 (0x37c25e03) lhu     t3, 892(tp)
core   0: 3 0x8000b020 (0x37c25e03) x28 0x00000000 mem 0x80012544
core   0: 0x8000b024 (0x51d20103) lb      sp, 1309(tp)
core   0: 3 0x8000b024 (0x51d20103) x 2 0x00000000 mem 0x800126e5
core   0: 0x8000b028 (0x51d20383) lb      t2, 1309(tp)
core   0: 3 0x8000b028 (0x51d20383) x 7 0x00000000 mem 0x800126e5
core   0: 0x8000b02c (0x00a91f33) sll     t5, s2, a0
core   0: 3 0x8000b02c (0x00a91f33) x30 0x00000000
core   0: 0x8000b030 (0x51520ea3) sb      s5, 1309(tp)
core   0: 3 0x8000b030 (0x51520ea3) mem 0x800126e5 0xbb
core   0: 0x8000b034 (0x0193a1b3) slt     gp, t2, s9
core   0: 3 0x8000b034 (0x0193a1b3) x 3 0x00000000
core   0: 0x8000b038 (0x50a20ea3) sb      a0, 1309(tp)
core   0: 3 0x8000b038 (0x50a20ea3) mem 0x800126e5 0x0
core   0: 0x8000b03c (0x6b620123) sb      s6, 1698(tp)
core   0: 3 0x8000b03c (0x6b620123) mem 0x8001286a 0x0
core   0: 0x8000b040 (0x6ba20123) sb      s10, 1698(tp)
core   0: 3 0x8000b040 (0x6ba20123) mem 0x8001286a 0x0
core   0: 0x8000b044 (0x73124283) lbu     t0, 1841(tp)
core   0: 3 0x8000b044 (0x73124283) x 5 0x00000000 mem 0x800128f9
core   0: 0x8000b048 (0xea324e03) lbu     t3, -349(tp)
core   0: 3 0x8000b048 (0xea324e03) x28 0x00000000 mem 0x8001206b
core   0: 0x8000b04c (0x4b622093) slti    ra, tp, 1206
core   0: 3 0x8000b04c (0x4b622093) x 1 0x00000001
core   0: 0x8000b050 (0xea324f03) lbu     t5, -349(tp)
core   0: 3 0x8000b050 (0xea324f03) x30 0x00000000 mem 0x8001206b
core   0: 0x8000b054 (0x058007ef) jal     a5, pc + 0x58
core   0: 3 0x8000b054 (0x058007ef) x15 0x8000b058
core   0: 0x8000b0ac (0xfc1ff36f) jal     t1, pc - 0x40
core   0: 3 0x8000b0ac (0xfc1ff36f) x 6 0x8000b0b0
core   0: 0x8000b06c (0xff1ff0ef) jal     pc - 0x10
core   0: 3 0x8000b06c (0xff1ff0ef) x 1 0x8000b070
core   0: 0x8000b05c (0x048000ef) jal     pc + 0x48
core   0: 3 0x8000b05c (0x048000ef) x 1 0x8000b060
core   0: 0x8000b0a4 (0xff9ff0ef) jal     pc - 0x8
core   0: 3 0x8000b0a4 (0xff9ff0ef) x 1 0x8000b0a8
core   0: 0x8000b09c (0xfe5ff0ef) jal     pc - 0x1c
core   0: 3 0x8000b09c (0xfe5ff0ef) x 1 0x8000b0a0
core   0: 0x8000b080 (0xff1ff0ef) jal     pc - 0x10
core   0: 3 0x8000b080 (0xff1ff0ef) x 1 0x8000b084
core   0: 0x8000b070 (0x024000ef) jal     pc + 0x24
core   0: 3 0x8000b070 (0x024000ef) x 1 0x8000b074
core   0: 0x8000b094 (0xff5ff0ef) jal     pc - 0xc
core   0: 3 0x8000b094 (0xff5ff0ef) x 1 0x8000b098
core   0: 0x8000b088 (0xfd9ff1ef) jal     gp, pc - 0x28
core   0: 3 0x8000b088 (0xfd9ff1ef) x 3 0x8000b08c
core   0: 0x8000b060 (0x02c000ef) jal     pc + 0x2c
core   0: 3 0x8000b060 (0x02c000ef) x 1 0x8000b064
core   0: 0x8000b08c (0x01c0036f) jal     t1, pc + 0x1c
core   0: 3 0x8000b08c (0x01c0036f) x 6 0x8000b090
core   0: 0x8000b0a8 (0xfddff0ef) jal     pc - 0x24
core   0: 3 0x8000b0a8 (0xfddff0ef) x 1 0x8000b0ac
core   0: 0x8000b084 (0xff5ff0ef) jal     pc - 0xc
core   0: 3 0x8000b084 (0xff5ff0ef) x 1 0x8000b088
core   0: 0x8000b078 (0x020000ef) jal     pc + 0x20
core   0: 3 0x8000b078 (0x020000ef) x 1 0x8000b07c
core   0: 0x8000b098 (0xfcdff0ef) jal     pc - 0x34
core   0: 3 0x8000b098 (0xfcdff0ef) x 1 0x8000b09c
core   0: 0x8000b064 (0x03c0036f) jal     t1, pc + 0x3c
core   0: 3 0x8000b064 (0x03c0036f) x 6 0x8000b068
core   0: 0x8000b0a0 (0xff1ff0ef) jal     pc - 0x10
core   0: 3 0x8000b0a0 (0xff1ff0ef) x 1 0x8000b0a4
core   0: 0x8000b090 (0xfd9ff0ef) jal     pc - 0x28
core   0: 3 0x8000b090 (0xfd9ff0ef) x 1 0x8000b094
core   0: 0x8000b068 (0x0480036f) jal     t1, pc + 0x48
core   0: 3 0x8000b068 (0x0480036f) x 6 0x8000b06c
core   0: 0x8000b0b0 (0xfc5ff36f) jal     t1, pc - 0x3c
core   0: 3 0x8000b0b0 (0xfc5ff36f) x 6 0x8000b0b4
core   0: 0x8000b074 (0x008000ef) jal     pc + 0x8
core   0: 3 0x8000b074 (0x008000ef) x 1 0x8000b078
core   0: 0x8000b07c (0xfddff36f) jal     t1, pc - 0x24
core   0: 3 0x8000b07c (0xfddff36f) x 6 0x8000b080
core   0: 0x8000b058 (0x05c007ef) jal     a5, pc + 0x5c
core   0: 3 0x8000b058 (0x05c007ef) x15 0x8000b05c
core   0: 0x8000b0b4 (0x62cc2f93) slti    t6, s8, 1580
core   0: 3 0x8000b0b4 (0x62cc2f93) x31 0x00000001
core   0: 0x8000b0b8 (0x011afeb3) and     t4, s5, a7
core   0: 3 0x8000b0b8 (0x011afeb3) x29 0x00000028
core   0: 0x8000b0bc (0x0188c463) blt     a7, s8, pc + 8
core   0: 3 0x8000b0bc (0x0188c463)
core   0: 0x8000b0c0 (0xf6a5a593) slti    a1, a1, -150
core   0: 3 0x8000b0c0 (0xf6a5a593) x11 0x00000001
core   0: 0x8000b0c4 (0x0498f263) bgeu    a7, s1, pc + 68
core   0: 3 0x8000b0c4 (0x0498f263)
core   0: 0x8000b0c8 (0x00000013) nop
core   0: 3 0x8000b0c8 (0x00000013)
core   0: 0x8000b0cc (0x001c1793) slli    a5, s8, 1
core   0: 3 0x8000b0cc (0x001c1793) x15 0x00000000
core   0: 0x8000b0d0 (0x400083b3) sub     t2, ra, zero
core   0: 3 0x8000b0d0 (0x400083b3) x 7 0x8000b078
core   0: 0x8000b0d4 (0x01aa1213) slli    tp, s4, 26
core   0: 3 0x8000b0d4 (0x01aa1213) x 4 0x00000000
core   0: 0x8000b0d8 (0x0ff0000f) fence   iorw,iorw
core   0: 3 0x8000b0d8 (0x0ff0000f)
core   0: 0x8000b0dc (0x0ff0000f) fence   iorw,iorw
core   0: 3 0x8000b0dc (0x0ff0000f)
core   0: 0x8000b0e0 (0x00d023b3) slt     t2, zero, a3
core   0: 3 0x8000b0e0 (0x00d023b3) x 7 0x00000000
core   0: 0x8000b0e4 (0x01de2d33) slt     s10, t3, t4
core   0: 3 0x8000b0e4 (0x01de2d33) x26 0x00000001
core   0: 0x8000b0e8 (0x053e2313) slti    t1, t3, 83
core   0: 3 0x8000b0e8 (0x053e2313) x 6 0x00000001
core   0: 0x8000b0ec (0x02df8663) beq     t6, a3, pc + 44
core   0: 3 0x8000b0ec (0x02df8663)
core   0: 0x8000b0f0 (0x0000100f) fence.i
core   0: 3 0x8000b0f0 (0x0000100f)
core   0: 0x8000b0f4 (0x693b4113) xori    sp, s6, 1683
core   0: 3 0x8000b0f4 (0x693b4113) x 2 0x00000693
core   0: 0x8000b0f8 (0x013adeb3) srl     t4, s5, s3
core   0: 3 0x8000b0f8 (0x013adeb3) x29 0xfdb012bb
core   0: 0x8000b0fc (0x00cdea63) bltu    s11, a2, pc + 20
core   0: 3 0x8000b0fc (0x00cdea63)
core   0: 0x8000b100 (0xd12c6993) ori     s3, s8, -750
core   0: 3 0x8000b100 (0xd12c6993) x19 0xfffffd12
core   0: 0x8000b104 (0x0000100f) fence.i
core   0: 3 0x8000b104 (0x0000100f)
core   0: 0x8000b108 (0x00321a63) bne     tp, gp, pc + 20
core   0: 3 0x8000b108 (0x00321a63)
core   0: 0x8000b11c (0x01ce9213) slli    tp, t4, 28
core   0: 3 0x8000b11c (0x01ce9213) x 4 0xb0000000
core   0: 0x8000b120 (0x00acab33) slt     s6, s9, a0
core   0: 3 0x8000b120 (0x00acab33) x22 0x00000001
core   0: 0x8000b124 (0x019e0533) add     a0, t3, s9
core   0: 3 0x8000b124 (0x019e0533) x10 0x8000af20
core   0: 0x8000b128 (0x03941663) bne     s0, s9, pc + 44
core   0: 3 0x8000b128 (0x03941663)
core   0: 0x8000b154 (0x0ff0000f) fence   iorw,iorw
core   0: 3 0x8000b154 (0x0ff0000f)
core   0: 0x8000b158 (0x41940433) sub     s0, s0, s9
core   0: 3 0x8000b158 (0x41940433) x 8 0x7fff50e0
core   0: 0x8000b15c (0x0fa28463) beq     t0, s10, pc + 232
core   0: 3 0x8000b15c (0x0fa28463)
core   0: 0x8000b160 (0x41bb0993) addi    s3, s6, 1051
core   0: 3 0x8000b160 (0x41bb0993) x19 0x0000041c
core   0: 0x8000b164 (0x8c1c3993) sltiu   s3, s8, -1855
core   0: 3 0x8000b164 (0x8c1c3993) x19 0x00000001
core   0: 0x8000b168 (0x01efb833) sltu    a6, t6, t5
core   0: 3 0x8000b168 (0x01efb833) x16 0x00000000
core   0: 0x8000b16c (0x77976813) ori     a6, a4, 1913
core   0: 3 0x8000b16c (0x77976813) x16 0x00000779
core   0: 0x8000b170 (0x00012f97) auipc   t6, 0x12
core   0: 3 0x8000b170 (0x00012f97) x31 0x8001d170
core   0: 0x8000b174 (0x233f8f93) addi    t6, t6, 563
core   0: 3 0x8000b174 (0x233f8f93) x31 0x8001d3a3
core   0: 0x8000b178 (0x01a4a6b3) slt     a3, s1, s10
core   0: 3 0x8000b178 (0x01a4a6b3) x13 0x00000001
core   0: 0x8000b17c (0x0ff0000f) fence   iorw,iorw
core   0: 3 0x8000b17c (0x0ff0000f)
core   0: 0x8000b180 (0x00afc103) lbu     sp, 10(t6)
core   0: 3 0x8000b180 (0x00afc103) x 2 0x00000000 mem 0x8001d3ad
core   0: 0x8000b184 (0x2f613213) sltiu   tp, sp, 758
core   0: 3 0x8000b184 (0x2f613213) x 4 0x00000001
core   0: 0x8000b188 (0x0ff0000f) fence   iorw,iorw
core   0: 3 0x8000b188 (0x0ff0000f)
core   0: 0x8000b18c (0x00000013) nop
core   0: 3 0x8000b18c (0x00000013)
core   0: 0x8000b190 (0x0089e133) or      sp, s3, s0
core   0: 3 0x8000b190 (0x0089e133) x 2 0x7fff50e1
core   0: 0x8000b194 (0x019f8b23) sb      s9, 22(t6)
core   0: 3 0x8000b194 (0x019f8b23) mem 0x8001d3b9 0x20
core   0: 0x8000b198 (0x018a6eb3) or      t4, s4, s8
core   0: 3 0x8000b198 (0x018a6eb3) x29 0xed7f6000
core   0: 0x8000b19c (0xff9faa03) lw      s4, -7(t6)
core   0: 3 0x8000b19c (0xff9faa03) x20 0x00000000 mem 0x8001d39c
core   0: 0x8000b1a0 (0x00c0bdb3) sltu    s11, ra, a2
core   0: 3 0x8000b1a0 (0x00c0bdb3) x27 0x00000000
core   0: 0x8000b1a4 (0x41f00633) sub     a2, zero, t6
core   0: 3 0x8000b1a4 (0x41f00633) x12 0x7ffe2c5d
core   0: 0x8000b1a8 (0x039f9003) lh      zero, 57(t6)
core   0: 3 0x8000b1a8 (0x039f9003) mem 0x8001d3dc
core   0: 0x8000b1ac (0xfdff8983) lb      s3, -33(t6)
core   0: 3 0x8000b1ac (0xfdff8983) x19 0x00000000 mem 0x8001d382
core   0: 0x8000b1b0 (0x600eb593) sltiu   a1, t4, 1536
core   0: 3 0x8000b1b0 (0x600eb593) x11 0x00000000
core   0: 0x8000b1b4 (0x00f9e933) or      s2, s3, a5
core   0: 3 0x8000b1b4 (0x00f9e933) x18 0x00000000
core   0: 0x8000b1b8 (0x018fc003) lbu     zero, 24(t6)
core   0: 3 0x8000b1b8 (0x018fc003) mem 0x8001d3bb
core   0: 0x8000b1bc (0x41b7de93) srai    t4, a5, 27
core   0: 3 0x8000b1bc (0x41b7de93) x29 0x00000000
core   0: 0x8000b1c0 (0x00555db3) srl     s11, a0, t0
core   0: 3 0x8000b1c0 (0x00555db3) x27 0x8000af20
core   0: 0x8000b1c4 (0x01c35013) srli    zero, t1, 28
core   0: 3 0x8000b1c4 (0x01c35013)
core   0: 0x8000b1c8 (0x03afc683) lbu     a3, 58(t6)
core   0: 3 0x8000b1c8 (0x03afc683) x13 0x00000000 mem 0x8001d3dd
core   0: 0x8000b1cc (0x0000100f) fence.i
core   0: 3 0x8000b1cc (0x0000100f)
core   0: 0x8000b1d0 (0x01ebe033) or      zero, s7, t5
core   0: 3 0x8000b1d0 (0x01ebe033)
core   0: 0x8000b1d4 (0xfe7fa8a3) sw      t2, -15(t6)
core   0: 3 0x8000b1d4 (0xfe7fa8a3) mem 0x8001d394 0x00000000
core   0: 0x8000b1d8 (0x004bd593) srli    a1, s7, 4
core   0: 3 0x8000b1d8 (0x004bd593) x11 0x080027e5
core   0: 0x8000b1dc (0x008f6a33) or      s4, t5, s0
core   0: 3 0x8000b1dc (0x008f6a33) x20 0x7fff50e0
core   0: 0x8000b1e0 (0x8b3c3d13) sltiu   s10, s8, -1869
core   0: 3 0x8000b1e0 (0x8b3c3d13) x26 0x00000001
core   0: 0x8000b1e4 (0x876ed537) lui     a0, 0x876ed
core   0: 3 0x8000b1e4 (0x876ed537) x10 0x876ed000
core   0: 0x8000b1e8 (0xd8e1ac13) slti    s8, gp, -626
core   0: 3 0x8000b1e8 (0xd8e1ac13) x24 0x00000001
core   0: 0x8000b1ec (0x0ff0000f) fence   iorw,iorw
core   0: 3 0x8000b1ec (0x0ff0000f)
core   0: 0x8000b1f0 (0x7539b193) sltiu   gp, s3, 1875
core   0: 3 0x8000b1f0 (0x7539b193) x 3 0x00000001
core   0: 0x8000b1f4 (0x01c0da13) srli    s4, ra, 28
core   0: 3 0x8000b1f4 (0x01c0da13) x20 0x00000008
core   0: 0x8000b1f8 (0xff7f9c03) lh      s8, -9(t6)
core   0: 3 0x8000b1f8 (0xff7f9c03) x24 0x00000000 mem 0x8001d39a
core   0: 0x8000b1fc (0x00d1d313) srli    t1, gp, 13
core   0: 3 0x8000b1fc (0x00d1d313) x 6 0x00000000
core   0: 0x8000b200 (0x43937e37) lui     t3, 0x43937
core   0: 3 0x8000b200 (0x43937e37) x28 0x43937000
core   0: 0x8000b204 (0x02df8323) sb      a3, 38(t6)
core   0: 3 0x8000b204 (0x02df8323) mem 0x8001d3c9 0x0
core   0: 0x8000b208 (0xfd5fa803) lw      a6, -43(t6)
core   0: 3 0x8000b208 (0xfd5fa803) x16 0x00000000 mem 0x8001d378
core   0: 0x8000b20c (0x03bf8523) sb      s11, 42(t6)
core   0: 3 0x8000b20c (0x03bf8523) mem 0x8001d3cd 0x20
core   0: 0x8000b210 (0x022f8203) lb      tp, 34(t6)
core   0: 3 0x8000b210 (0x022f8203) x 4 0x00000000 mem 0x8001d3c5
core   0: 0x8000b214 (0x02afcc83) lbu     s9, 42(t6)
core   0: 3 0x8000b214 (0x02afcc83) x25 0x00000020 mem 0x8001d3cd
core   0: 0x8000b218 (0x01dbf9b3) and     s3, s7, t4
core   0: 3 0x8000b218 (0x01dbf9b3) x19 0x00000000
core   0: 0x8000b21c (0xd32a4293) xori    t0, s4, -718
core   0: 3 0x8000b21c (0xd32a4293) x 5 0xfffffd3a
core   0: 0x8000b220 (0x011f8f03) lb      t5, 17(t6)
core   0: 3 0x8000b220 (0x011f8f03) x30 0x00000000 mem 0x8001d3b4
core   0: 0x8000b224 (0x00adb5b3) sltu    a1, s11, a0
core   0: 3 0x8000b224 (0x00adb5b3) x11 0x00000001
core   0: 0x8000b228 (0x41b20f33) sub     t5, tp, s11
core   0: 3 0x8000b228 (0x41b20f33) x30 0x7fff50e0
core   0: 0x8000b22c (0x02ae4e63) blt     t3, a0, pc + 60
core   0: 3 0x8000b22c (0x02ae4e63)
core   0: 0x8000b230 (0x05e01663) bne     zero, t5, pc + 76
core   0: 3 0x8000b230 (0x05e01663)
core   0: 0x8000b27c (0xe30b82b7) lui     t0, 0xe30b8
core   0: 3 0x8000b27c (0xe30b82b7) x 5 0xe30b8000
core   0: 0x8000b280 (0x402a8a33) sub     s4, s5, sp
core   0: 3 0x8000b280 (0x402a8a33) x20 0x7db0c1da
core   0: 0x8000b284 (0x0199ccb3) xor     s9, s3, s9
core   0: 3 0x8000b284 (0x0199ccb3) x25 0x00000020
core   0: 0x8000b288 (0x014072b3) and     t0, zero, s4
core   0: 3 0x8000b288 (0x014072b3) x 5 0x00000000
core   0: 0x8000b28c (0xd2394893) xori    a7, s2, -733
core   0: 3 0x8000b28c (0xd2394893) x17 0xfffffd23
core   0: 0x8000b290 (0x010f9c33) sll     s8, t6, a6
core   0: 3 0x8000b290 (0x010f9c33) x24 0x8001d3a3
core   0: 0x8000b294 (0x009c77b3) and     a5, s8, s1
core   0: 3 0x8000b294 (0x009c77b3) x15 0x800090a0
core   0: 0x8000b298 (0x0104ae33) slt     t3, s1, a6
core   0: 3 0x8000b298 (0x0104ae33) x28 0x00000001
core   0: 0x8000b29c (0xf109a793) slti    a5, s3, -240
core   0: 3 0x8000b29c (0xf109a793) x15 0x00000000
core   0: 0x8000b2a0 (0x7b72c3b7) lui     t2, 0x7b72c
core   0: 3 0x8000b2a0 (0x7b72c3b7) x 7 0x7b72c000
core   0: 0x8000b2a4 (0x619fc693) xori    a3, t6, 1561
core   0: 3 0x8000b2a4 (0x619fc693) x13 0x8001d5ba
core   0: 0x8000b2a8 (0x01135293) srli    t0, t1, 17
core   0: 3 0x8000b2a8 (0x01135293) x 5 0x00000000
core   0: 0x8000b2ac (0x05c91663) bne     s2, t3, pc + 76
core   0: 3 0x8000b2ac (0x05c91663)
core   0: 0x8000b2f8 (0x01e977b3) and     a5, s2, t5
core   0: 3 0x8000b2f8 (0x01e977b3) x15 0x00000000
core   0: 0x8000b2fc (0x414b0933) sub     s2, s6, s4
core   0: 3 0x8000b2fc (0x414b0933) x18 0x824f3e27
core   0: 0x8000b300 (0x00825db3) srl     s11, tp, s0
core   0: 3 0x8000b300 (0x00825db3) x27 0x00000000
core   0: 0x8000b304 (0x00000013) nop
core   0: 3 0x8000b304 (0x00000013)
core   0: 0x8000b308 (0x004fcb33) xor     s6, t6, tp
core   0: 3 0x8000b308 (0x004fcb33) x22 0x8001d3a3
core   0: 0x8000b30c (0x03e90a63) beq     s2, t5, pc + 52
core   0: 3 0x8000b30c (0x03e90a63)
core   0: 0x8000b310 (0xc041b937) lui     s2, 0xc041b
core   0: 3 0x8000b310 (0xc041b937) x18 0xc041b000
core   0: 0x8000b314 (0x2f123993) sltiu   s3, tp, 753
core   0: 3 0x8000b314 (0x2f123993) x19 0x00000001
core   0: 0x8000b318 (0xd1ba2213) slti    tp, s4, -741
core   0: 3 0x8000b318 (0xd1ba2213) x 4 0x00000000
core   0: 0x8000b31c (0x6167be13) sltiu   t3, a5, 1558
core   0: 3 0x8000b31c (0x6167be13) x28 0x00000001
core   0: 0x8000b320 (0x016f9193) slli    gp, t6, 22
core   0: 3 0x8000b320 (0x016f9193) x 3 0xe8c00000
core   0: 0x8000b324 (0x00bbc263) blt     s7, a1, pc + 4
core   0: 3 0x8000b324 (0x00bbc263)
core   0: 0x8000b328 (0x00000013) nop
core   0: 3 0x8000b328 (0x00000013)
core   0: 0x8000b32c (0x0000100f) fence.i
core   0: 3 0x8000b32c (0x0000100f)
core   0: 0x8000b330 (0x00a65233) srl     tp, a2, a0
core   0: 3 0x8000b330 (0x00a65233) x 4 0x7ffe2c5d
core   0: 0x8000b334 (0x00021c63) bnez    tp, pc + 24
core   0: 3 0x8000b334 (0x00021c63)
core   0: 0x8000b34c (0x0ff0000f) fence   iorw,iorw
core   0: 3 0x8000b34c (0x0ff0000f)
core   0: 0x8000b350 (0x059a8863) beq     s5, s9, pc + 80
core   0: 3 0x8000b350 (0x059a8863)
core   0: 0x8000b354 (0x0106f533) and     a0, a3, a6
core   0: 3 0x8000b354 (0x0106f533) x10 0x00000000
core   0: 0x8000b358 (0x02cd9863) bne     s11, a2, pc + 48
core   0: 3 0x8000b358 (0x02cd9863)
core   0: 0x8000b388 (0x020c4663) bltz    s8, pc + 44
core   0: 3 0x8000b388 (0x020c4663)
core   0: 0x8000b3b4 (0x0d51ea63) bltu    gp, s5, pc + 212
core   0: 3 0x8000b3b4 (0x0d51ea63)
core   0: 0x8000b488 (0x21c7e717) auipc   a4, 0x21c7e
core   0: 3 0x8000b488 (0x21c7e717) x14 0xa1c89488
core   0: 0x8000b48c (0x46402b17) auipc   s6, 0x46402
core   0: 3 0x8000b48c (0x46402b17) x22 0xc640d48c
core   0: 0x8000b490 (0x77f90613) addi    a2, s2, 1919
core   0: 3 0x8000b490 (0x77f90613) x12 0xc041b77f
core   0: 0x8000b494 (0x01f05c33) srl     s8, zero, t6
core   0: 3 0x8000b494 (0x01f05c33) x24 0x00000000
core   0: 0x8000b498 (0x01e8e263) bltu    a7, t5, pc + 4
core   0: 3 0x8000b498 (0x01e8e263)
core   0: 0x8000b49c (0x019b5b13) srli    s6, s6, 25
core   0: 3 0x8000b49c (0x019b5b13) x22 0x00000063
core   0: 0x8000b4a0 (0x00526463) bltu    tp, t0, pc + 8
core   0: 3 0x8000b4a0 (0x00526463)
core   0: 0x8000b4a4 (0x0062deb3) srl     t4, t0, t1
core   0: 3 0x8000b4a4 (0x0062deb3) x29 0x00000000
core   0: 0x8000b4a8 (0x00000013) nop
core   0: 3 0x8000b4a8 (0x00000013)
core   0: 0x8000b4ac (0x00564e33) xor     t3, a2, t0
core   0: 3 0x8000b4ac (0x00564e33) x28 0xc041b77f
core   0: 0x8000b4b0 (0xbacdde97) auipc   t4, 0xbacdd
core   0: 3 0x8000b4b0 (0xbacdde97) x29 0x3ace84b0
core   0: 0x8000b4b4 (0x0000100f) fence.i
core   0: 3 0x8000b4b4 (0x0000100f)
core   0: 0x8000b4b8 (0x0140ec63) bltu    ra, s4, pc + 24
core   0: 3 0x8000b4b8 (0x0140ec63)
core   0: 0x8000b4bc (0x831d6213) ori     tp, s10, -1999
core   0: 3 0x8000b4bc (0x831d6213) x 4 0xfffff831
core   0: 0x8000b4c0 (0x01ad3533) sltu    a0, s10, s10
core   0: 3 0x8000b4c0 (0x01ad3533) x10 0x00000000
core   0: 0x8000b4c4 (0x008c6f33) or      t5, s8, s0
core   0: 3 0x8000b4c4 (0x008c6f33) x30 0x7fff50e0
core   0: 0x8000b4c8 (0x00000013) nop
core   0: 3 0x8000b4c8 (0x00000013)
core   0: 0x8000b4cc (0x00907733) and     a4, zero, s1
core   0: 3 0x8000b4cc (0x00907733) x14 0x00000000
core   0: 0x8000b4d0 (0x0ff0000f) fence   iorw,iorw
core   0: 3 0x8000b4d0 (0x0ff0000f)
core   0: 0x8000b4d4 (0x0070f263) bgeu    ra, t2, pc + 4
core   0: 3 0x8000b4d4 (0x0070f263)
core   0: 0x8000b4d8 (0xe0f52893) slti    a7, a0, -497
core   0: 3 0x8000b4d8 (0xe0f52893) x17 0x00000000
core   0: 0x8000b4dc (0x00eebb33) sltu    s6, t4, a4
core   0: 3 0x8000b4dc (0x00eebb33) x22 0x00000000
core   0: 0x8000b4e0 (0xb6ec2e93) slti    t4, s8, -1170
core   0: 3 0x8000b4e0 (0xb6ec2e93) x29 0x00000000
core   0: 0x8000b4e4 (0x010f58b3) srl     a7, t5, a6
core   0: 3 0x8000b4e4 (0x010f58b3) x17 0x7fff50e0
core   0: 0x8000b4e8 (0x0154f3b3) and     t2, s1, s5
core   0: 3 0x8000b4e8 (0x0154f3b3) x 7 0x800010a0
core   0: 0x8000b4ec (0x01d2b8b3) sltu    a7, t0, t4
core   0: 3 0x8000b4ec (0x01d2b8b3) x17 0x00000000
core   0: 0x8000b4f0 (0x5068e893) ori     a7, a7, 1286
core   0: 3 0x8000b4f0 (0x5068e893) x17 0x00000506
core   0: 0x8000b4f4 (0x04494663) blt     s2, tp, pc + 76
core   0: 3 0x8000b4f4 (0x04494663)
core   0: 0x8000b540 (0x0000100f) fence.i
core   0: 3 0x8000b540 (0x0000100f)
core   0: 0x8000b544 (0x0139f8b3) and     a7, s3, s3
core   0: 3 0x8000b544 (0x0139f8b3) x17 0x00000001
core   0: 0x8000b548 (0x01b80e33) add     t3, a6, s11
core   0: 3 0x8000b548 (0x01b80e33) x28 0x00000000
core   0: 0x8000b54c (0x009b9a63) bne     s7, s1, pc + 20
core   0: 3 0x8000b54c (0x009b9a63)
core   0: 0x8000b560 (0xc06bfb13) andi    s6, s7, -1018
core   0: 3 0x8000b560 (0xc06bfb13) x22 0x80027c04
core   0: 0x8000b564 (0x8cb9e993) ori     s3, s3, -1845
core   0: 3 0x8000b564 (0x8cb9e993) x19 0xfffff8cb
core   0: 0x8000b568 (0x00fed133) srl     sp, t4, a5
core   0: 3 0x8000b568 (0x00fed133) x 2 0x00000000
core   0: 0x8000b56c (0x01fc8033) add     zero, s9, t6
core   0: 3 0x8000b56c (0x01fc8033)
core   0: 0x8000b570 (0x01ee06b3) add     a3, t3, t5
core   0: 3 0x8000b570 (0x01ee06b3) x13 0x7fff50e0
core   0: 0x8000b574 (0x00a5fdb3) and     s11, a1, a0
core   0: 3 0x8000b574 (0x00a5fdb3) x27 0x00000000
core   0: 0x8000b578 (0x00bfd7b3) srl     a5, t6, a1
core   0: 3 0x8000b578 (0x00bfd7b3) x15 0x4000e9d1
core   0: 0x8000b57c (0x00f496b3) sll     a3, s1, a5
core   0: 3 0x8000b57c (0x00f496b3) x13 0x79c80000
core   0: 0x8000b580 (0x004d1613) slli    a2, s10, 4
core   0: 3 0x8000b580 (0x004d1613) x12 0x00000010
core   0: 0x8000b584 (0x4158d233) sra     tp, a7, s5
core   0: 3 0x8000b584 (0x4158d233) x 4 0x00000000
core   0: 0x8000b588 (0x401d55b3) sra     a1, s10, ra
core   0: 3 0x8000b588 (0x401d55b3) x11 0x00000000
core   0: 0x8000b58c (0x0000100f) fence.i
core   0: 3 0x8000b58c (0x0000100f)
core   0: 0x8000b590 (0x864d4093) xori    ra, s10, -1948
core   0: 3 0x8000b590 (0x864d4093) x 1 0xfffff865
core   0: 0x8000b594 (0x41ebde33) sra     t3, s7, t5
core   0: 3 0x8000b594 (0x41ebde33) x28 0x80027e54
core   0: 0x8000b598 (0x0195ffb3) and     t6, a1, s9
core   0: 3 0x8000b598 (0x0195ffb3) x31 0x00000000
core   0: 0x8000b59c (0x7a7f8117) auipc   sp, 0x7a7f8
core   0: 3 0x8000b59c (0x7a7f8117) x 2 0xfa80359c
core   0: 0x8000b5a0 (0x0104dd33) srl     s10, s1, a6
core   0: 3 0x8000b5a0 (0x0104dd33) x26 0x8002bce4
core   0: 0x8000b5a4 (0x23caed13) ori     s10, s5, 572
core   0: 3 0x8000b5a4 (0x23caed13) x26 0xfdb012bf
core   0: 0x8000b5a8 (0x013cf333) and     t1, s9, s3
core   0: 3 0x8000b5a8 (0x013cf333) x 6 0x00000000
core   0: 0x8000b5ac (0x01fa33b3) sltu    t2, s4, t6
core   0: 3 0x8000b5ac (0x01fa33b3) x 7 0x00000000
core   0: 0x8000b5b0 (0x009e5863) bge     t3, s1, pc + 16
core   0: 3 0x8000b5b0 (0x009e5863)
core   0: 0x8000b5b4 (0x006031b3) snez    gp, t1
core   0: 3 0x8000b5b4 (0x006031b3) x 3 0x00000000
core   0: 0x8000b5b8 (0x0019a833) slt     a6, s3, ra
core   0: 3 0x8000b5b8 (0x0019a833) x16 0x00000000
core   0: 0x8000b5bc (0x23be6e13) ori     t3, t3, 571
core   0: 3 0x8000b5bc (0x23be6e13) x28 0x80027e7f
core   0: 0x8000b5c0 (0x94d9ba13) sltiu   s4, s3, -1715
core   0: 3 0x8000b5c0 (0x94d9ba13) x20 0x00000001
core   0: 0x8000b5c4 (0x09bf1863) bne     t5, s11, pc + 144
core   0: 3 0x8000b5c4 (0x09bf1863)
core   0: 0x8000b654 (0x0ff0000f) fence   iorw,iorw
core   0: 3 0x8000b654 (0x0ff0000f)
core   0: 0x8000b658 (0x00000013) nop
core   0: 3 0x8000b658 (0x00000013)
core   0: 0x8000b65c (0xf3e86f13) ori     t5, a6, -194
core   0: 3 0x8000b65c (0xf3e86f13) x30 0xffffff3e
core   0: 0x8000b660 (0x00902033) slt     zero, zero, s1
core   0: 3 0x8000b660 (0x00902033)
core   0: 0x8000b664 (0x41c35013) srai    zero, t1, 28
core   0: 3 0x8000b664 (0x41c35013)
core   0: 0x8000b668 (0x0226ca63) blt     a3, sp, pc + 52
core   0: 3 0x8000b668 (0x0226ca63)
core   0: 0x8000b66c (0x0ff0000f) fence   iorw,iorw
core   0: 3 0x8000b66c (0x0ff0000f)
core   0: 0x8000b670 (0x00000013) nop
core   0: 3 0x8000b670 (0x00000013)
core   0: 0x8000b674 (0x9741a593) slti    a1, gp, -1676
core   0: 3 0x8000b674 (0x9741a593) x11 0x00000000
core   0: 0x8000b678 (0x407782b3) sub     t0, a5, t2
core   0: 3 0x8000b678 (0x407782b3) x 5 0x4000e9d1
core   0: 0x8000b67c (0x013d45b3) xor     a1, s10, s3
core   0: 3 0x8000b67c (0x013d45b3) x11 0x024fea74
core   0: 0x8000b680 (0x4118d9b3) sra     s3, a7, a7
core   0: 3 0x8000b680 (0x4118d9b3) x19 0x00000000
core   0: 0x8000b684 (0x000c9c63) bnez    s9, pc + 24
core   0: 3 0x8000b684 (0x000c9c63)
core   0: 0x8000b69c (0x41515313) srai    t1, sp, 21
core   0: 3 0x8000b69c (0x41515313) x 6 0xffffffd4
core   0: 0x8000b6a0 (0x001b7933) and     s2, s6, ra
core   0: 3 0x8000b6a0 (0x001b7933) x18 0x80027804
core   0: 0x8000b6a4 (0x01c9e833) or      a6, s3, t3
core   0: 3 0x8000b6a4 (0x01c9e833) x16 0x80027e7f
core   0: 0x8000b6a8 (0x0037f263) bgeu    a5, gp, pc + 4
core   0: 3 0x8000b6a8 (0x0037f263)
core   0: 0x8000b6ac (0x97e8fa13) andi    s4, a7, -1666
core   0: 3 0x8000b6ac (0x97e8fa13) x20 0x00000000
core   0: 0x8000b6b0 (0x1c828b13) addi    s6, t0, 456
core   0: 3 0x8000b6b0 (0x1c828b13) x22 0x4000eb99
core   0: 0x8000b6b4 (0x40ed89b3) sub     s3, s11, a4
core   0: 3 0x8000b6b4 (0x40ed89b3) x19 0x00000000
core   0: 0x8000b6b8 (0x0ff0000f) fence   iorw,iorw
core   0: 3 0x8000b6b8 (0x0ff0000f)
core   0: 0x8000b6bc (0x03a19a63) bne     gp, s10, pc + 52
core   0: 3 0x8000b6bc (0x03a19a63)
core   0: 0x8000b6f0 (0x01dd36b3) sltu    a3, s10, t4
core   0: 3 0x8000b6f0 (0x01dd36b3) x13 0x00000000
core   0: 0x8000b6f4 (0x41ebd1b3) sra     gp, s7, t5
core   0: 3 0x8000b6f4 (0x41ebd1b3) x 3 0xfffffffe
core   0: 0x8000b6f8 (0x00d5f633) and     a2, a1, a3
core   0: 3 0x8000b6f8 (0x00d5f633) x12 0x00000000
core   0: 0x8000b6fc (0x4e6b6b13) ori     s6, s6, 1254
core   0: 3 0x8000b6fc (0x4e6b6b13) x22 0x4000efff
core   0: 0x8000b700 (0x00000013) nop
core   0: 3 0x8000b700 (0x00000013)
core   0: 0x8000b704 (0x0ff0000f) fence   iorw,iorw
core   0: 3 0x8000b704 (0x0ff0000f)
core   0: 0x8000b708 (0x403bd113) srai    sp, s7, 3
core   0: 3 0x8000b708 (0x403bd113) x 2 0xf0004fca
core   0: 0x8000b70c (0x7c49a137) lui     sp, 0x7c49a
core   0: 3 0x8000b70c (0x7c49a137) x 2 0x7c49a000
core   0: 0x8000b710 (0x003c8c63) beq     s9, gp, pc + 24
core   0: 3 0x8000b710 (0x003c8c63)
core   0: 0x8000b714 (0x004d66b3) or      a3, s10, tp
core   0: 3 0x8000b714 (0x004d66b3) x13 0xfdb012bf
core   0: 0x8000b718 (0x6e803113) sltiu   sp, zero, 1768
core   0: 3 0x8000b718 (0x6e803113) x 2 0x00000001
core   0: 0x8000b71c (0x40eede33) sra     t3, t4, a4
core   0: 3 0x8000b71c (0x40eede33) x28 0x00000000
core   0: 0x8000b720 (0x57292f13) slti    t5, s2, 1394
core   0: 3 0x8000b720 (0x57292f13) x30 0x00000001
core   0: 0x8000b724 (0x0ff0000f) fence   iorw,iorw
core   0: 3 0x8000b724 (0x0ff0000f)
core   0: 0x8000b728 (0x01b96a33) or      s4, s2, s11
core   0: 3 0x8000b728 (0x01b96a33) x20 0x80027804
core   0: 0x8000b72c (0x01695e33) srl     t3, s2, s6
core   0: 3 0x8000b72c (0x01695e33) x28 0x00000001
core   0: 0x8000b730 (0x00a6c833) xor     a6, a3, a0
core   0: 3 0x8000b730 (0x00a6c833) x16 0xfdb012bf
core   0: 0x8000b734 (0x60518e93) addi    t4, gp, 1541
core   0: 3 0x8000b734 (0x60518e93) x29 0x00000603
core   0: 0x8000b738 (0x017c5333) srl     t1, s8, s7
core   0: 3 0x8000b738 (0x017c5333) x 6 0x00000000
core   0: 0x8000b73c (0x6c190e93) addi    t4, s2, 1729
core   0: 3 0x8000b73c (0x6c190e93) x29 0x80027ec5
core   0: 0x8000b740 (0x857f2593) slti    a1, t5, -1961
core   0: 3 0x8000b740 (0x857f2593) x11 0x00000000
core   0: 0x8000b744 (0x00e56263) bltu    a0, a4, pc + 4
core   0: 3 0x8000b744 (0x00e56263)
core   0: 0x8000b748 (0x037cf663) bgeu    s9, s7, pc + 44
core   0: 3 0x8000b748 (0x037cf663)
core   0: 0x8000b74c (0x035a4e63) blt     s4, s5, pc + 60
core   0: 3 0x8000b74c (0x035a4e63)
core   0: 0x8000b788 (0x01159c63) bne     a1, a7, pc + 24
core   0: 3 0x8000b788 (0x01159c63)
core   0: 0x8000b7a0 (0x413b03b3) sub     t2, s6, s3
core   0: 3 0x8000b7a0 (0x413b03b3) x 7 0x4000efff
core   0: 0x8000b7a4 (0x01a46a33) or      s4, s0, s10
core   0: 3 0x8000b7a4 (0x01a46a33) x20 0xffff52ff
core   0: 0x8000b7a8 (0x03f04e63) blt     zero, t6, pc + 60
core   0: 3 0x8000b7a8 (0x03f04e63)
core   0: 0x8000b7ac (0x0ff0000f) fence   iorw,iorw
core   0: 3 0x8000b7ac (0x0ff0000f)
core   0: 0x8000b7b0 (0x0ff0000f) fence   iorw,iorw
core   0: 3 0x8000b7b0 (0x0ff0000f)
core   0: 0x8000b7b4 (0x0336e263) bltu    a3, s3, pc + 36
core   0: 3 0x8000b7b4 (0x0336e263)
core   0: 0x8000b7b8 (0x0ff0000f) fence   iorw,iorw
core   0: 3 0x8000b7b8 (0x0ff0000f)
core   0: 0x8000b7bc (0x00000013) nop
core   0: 3 0x8000b7bc (0x00000013)
core   0: 0x8000b7c0 (0x01b8db13) srli    s6, a7, 27
core   0: 3 0x8000b7c0 (0x01b8db13) x22 0x00000000
core   0: 0x8000b7c4 (0xf99aef13) ori     t5, s5, -103
core   0: 3 0x8000b7c4 (0xf99aef13) x30 0xffffffbb
core   0: 0x8000b7c8 (0x6e07ad93) slti    s11, a5, 1760
core   0: 3 0x8000b7c8 (0x6e07ad93) x27 0x00000000
core   0: 0x8000b7cc (0x041e9263) bne     t4, ra, pc + 68
core   0: 3 0x8000b7cc (0x041e9263)
core   0: 0x8000b810 (0x0029fd33) and     s10, s3, sp
core   0: 3 0x8000b810 (0x0029fd33) x26 0x00000000
core   0: 0x8000b814 (0x00e90863) beq     s2, a4, pc + 16
core   0: 3 0x8000b814 (0x00e90863)
core   0: 0x8000b818 (0x03b56663) bltu    a0, s11, pc + 44
core   0: 3 0x8000b818 (0x03b56663)
core   0: 0x8000b81c (0x01cba7b3) slt     a5, s7, t3
core   0: 3 0x8000b81c (0x01cba7b3) x15 0x00000001
core   0: 0x8000b820 (0x0376d663) bge     a3, s7, pc + 44
core   0: 3 0x8000b820 (0x0376d663)
core   0: 0x8000b84c (0x014ea9b3) slt     s3, t4, s4
core   0: 3 0x8000b84c (0x014ea9b3) x19 0x00000001
core   0: 0x8000b850 (0x40ac00b3) sub     ra, s8, a0
core   0: 3 0x8000b850 (0x40ac00b3) x 1 0x00000000
core   0: 0x8000b854 (0x409f0eb3) sub     t4, t5, s1
core   0: 3 0x8000b854 (0x409f0eb3) x29 0x7ffd42d7
core   0: 0x8000b858 (0x9225d217) auipc   tp, 0x9225d
core   0: 3 0x8000b858 (0x9225d217) x 4 0x12268858
core   0: 0x8000b85c (0x0d096863) bltu    s2, a6, pc + 208
core   0: 3 0x8000b85c (0x0d096863)
core   0: 0x8000b92c (0x40e48fb3) sub     t6, s1, a4
core   0: 3 0x8000b92c (0x40e48fb3) x31 0x8002bce4
core   0: 0x8000b930 (0x01a55eb3) srl     t4, a0, s10
core   0: 3 0x8000b930 (0x01a55eb3) x29 0x00000000
core   0: 0x8000b934 (0x0ff0000f) fence   iorw,iorw
core   0: 3 0x8000b934 (0x0ff0000f)
core   0: 0x8000b938 (0x01ed5413) srli    s0, s10, 30
core   0: 3 0x8000b938 (0x01ed5413) x 8 0x00000000
core   0: 0x8000b93c (0x0064d6b3) srl     a3, s1, t1
core   0: 3 0x8000b93c (0x0064d6b3) x13 0x8002bce4
core   0: 0x8000b940 (0x1809ecb7) lui     s9, 0x1809e
core   0: 3 0x8000b940 (0x1809ecb7) x25 0x1809e000
core   0: 0x8000b944 (0xafe9d837) lui     a6, 0xafe9d
core   0: 3 0x8000b944 (0xafe9d837) x16 0xafe9d000
core   0: 0x8000b948 (0x00f72333) slt     t1, a4, a5
core   0: 3 0x8000b948 (0x00f72333) x 6 0x00000001
core   0: 0x8000b94c (0x006898b3) sll     a7, a7, t1
core   0: 3 0x8000b94c (0x006898b3) x17 0x00000002
core   0: 0x8000b950 (0x00c82db3) slt     s11, a6, a2
core   0: 3 0x8000b950 (0x00c82db3) x27 0x00000001
core   0: 0x8000b954 (0xf101f013) andi    zero, gp, -240
core   0: 3 0x8000b954 (0xf101f013)
core   0: 0x8000b958 (0x68402413) slti    s0, zero, 1668
core   0: 3 0x8000b958 (0x68402413) x 8 0x00000001
core   0: 0x8000b95c (0x05641663) bne     s0, s6, pc + 76
core   0: 3 0x8000b95c (0x05641663)
core   0: 0x8000b9a8 (0x0b8d7437) lui     s0, 0xb8d7
core   0: 3 0x8000b9a8 (0x0b8d7437) x 8 0x0b8d7000
core   0: 0x8000b9ac (0x2b4ffb17) auipc   s6, 0x2b4ff
core   0: 3 0x8000b9ac (0x2b4ffb17) x22 0xab50a9ac
core   0: 0x8000b9b0 (0x012cbe33) sltu    t3, s9, s2
core   0: 3 0x8000b9b0 (0x012cbe33) x28 0x00000001
core   0: 0x8000b9b4 (0x00a9acb3) slt     s9, s3, a0
core   0: 3 0x8000b9b4 (0x00a9acb3) x25 0x00000000
core   0: 0x8000b9b8 (0x00b4da33) srl     s4, s1, a1
core   0: 3 0x8000b9b8 (0x00b4da33) x20 0x8002bce4
core   0: 0x8000b9bc (0x409853b3) sra     t2, a6, s1
core   0: 3 0x8000b9bc (0x409853b3) x 7 0xfafe9d00
core   0: 0x8000b9c0 (0x01dc5593) srli    a1, s8, 29
core   0: 3 0x8000b9c0 (0x01dc5593) x11 0x00000000
core   0: 0x8000b9c4 (0x03188863) beq     a7, a7, pc + 48
core   0: 3 0x8000b9c4 (0x03188863)
core   0: 0x8000b9f4 (0x00000013) nop
core   0: 3 0x8000b9f4 (0x00000013)
core   0: 0x8000b9f8 (0x2c89ec93) ori     s9, s3, 712
core   0: 3 0x8000b9f8 (0x2c89ec93) x25 0x000002c9
core   0: 0x8000b9fc (0x22e6b337) lui     t1, 0x22e6b
core   0: 3 0x8000b9fc (0x22e6b337) x 6 0x22e6b000
core   0: 0x8000ba00 (0x001c22b3) slt     t0, s8, ra
core   0: 3 0x8000ba00 (0x001c22b3) x 5 0x00000000
core   0: 0x8000ba04 (0x00021793) slli    a5, tp, 0
core   0: 3 0x8000ba04 (0x00021793) x15 0x12268858
core   0: 0x8000ba08 (0x00665263) bge     a2, t1, pc + 4
core   0: 3 0x8000ba08 (0x00665263)
core   0: 0x8000ba0c (0x395b3393) sltiu   t2, s6, 917
core   0: 3 0x8000ba0c (0x395b3393) x 7 0x00000000
core   0: 0x8000ba10 (0x02be5a63) bge     t3, a1, pc + 52
core   0: 3 0x8000ba10 (0x02be5a63)
core   0: 0x8000ba44 (0x409cddb3) sra     s11, s9, s1
core   0: 3 0x8000ba44 (0x409cddb3) x27 0x0000002c
core   0: 0x8000ba48 (0x41375e13) srai    t3, a4, 19
core   0: 3 0x8000ba48 (0x41375e13) x28 0x00000000
core   0: 0x8000ba4c (0xd1ab3813) sltiu   a6, s6, -742
core   0: 3 0x8000ba4c (0xd1ab3813) x16 0x00000001
core   0: 0x8000ba50 (0x04e25663) bge     tp, a4, pc + 76
core   0: 3 0x8000ba50 (0x04e25663)
core   0: 0x8000ba9c (0x01fdd893) srli    a7, s11, 31
core   0: 3 0x8000ba9c (0x01fdd893) x17 0x00000000
core   0: 0x8000baa0 (0x0ff0000f) fence   iorw,iorw
core   0: 3 0x8000baa0 (0x0ff0000f)
core   0: 0x8000baa4 (0x02dbde63) bge     s7, a3, pc + 60
core   0: 3 0x8000baa4 (0x02dbde63)
core   0: 0x8000baa8 (0x2e620393) addi    t2, tp, 742
core   0: 3 0x8000baa8 (0x2e620393) x 7 0x12268b3e
core   0: 0x8000baac (0x05c34663) blt     t1, t3, pc + 76
core   0: 3 0x8000baac (0x05c34663)
core   0: 0x8000bab0 (0x002bfe63) bgeu    s7, sp, pc + 28
core   0: 3 0x8000bab0 (0x002bfe63)
core   0: 0x8000bacc (0x0ff0000f) fence   iorw,iorw
core   0: 3 0x8000bacc (0x0ff0000f)
core   0: 0x8000bad0 (0xfeb96817) auipc   a6, 0xfeb96
core   0: 3 0x8000bad0 (0xfeb96817) x16 0x7eba1ad0
core   0: 0x8000bad4 (0x7bf66f97) auipc   t6, 0x7bf66
core   0: 3 0x8000bad4 (0x7bf66f97) x31 0xfbf71ad4
core   0: 0x8000bad8 (0x0ff0000f) fence   iorw,iorw
core   0: 3 0x8000bad8 (0x0ff0000f)
core   0: 0x8000badc (0x02b51a63) bne     a0, a1, pc + 52
core   0: 3 0x8000badc (0x02b51a63)
core   0: 0x8000bae0 (0x0000100f) fence.i
core   0: 3 0x8000bae0 (0x0000100f)
core   0: 0x8000bae4 (0x00fc16b3) sll     a3, s8, a5
core   0: 3 0x8000bae4 (0x00fc16b3) x13 0x00000000
core   0: 0x8000bae8 (0x0192a933) slt     s2, t0, s9
core   0: 3 0x8000bae8 (0x0192a933) x18 0x00000001
core   0: 0x8000baec (0x01d691b3) sll     gp, a3, t4
core   0: 3 0x8000baec (0x01d691b3) x 3 0x00000000
core   0: 0x8000baf0 (0x0000100f) fence.i
core   0: 3 0x8000baf0 (0x0000100f)
core   0: 0x8000baf4 (0x0ff0000f) fence   iorw,iorw
core   0: 3 0x8000baf4 (0x0ff0000f)
core   0: 0x8000baf8 (0x05279863) bne     a5, s2, pc + 80
core   0: 3 0x8000baf8 (0x05279863)
core   0: 0x8000bb48 (0xc3394213) xori    tp, s2, -973
core   0: 3 0x8000bb48 (0xc3394213) x 4 0xfffffc32
core   0: 0x8000bb4c (0x01563f13) sltiu   t5, a2, 21
core   0: 3 0x8000bb4c (0x01563f13) x30 0x00000001
core   0: 0x8000bb50 (0x05dcf863) bgeu    s9, t4, pc + 80
core   0: 3 0x8000bb50 (0x05dcf863)
core   0: 0x8000bba0 (0x0000100f) fence.i
core   0: 3 0x8000bba0 (0x0000100f)
core   0: 0x8000bba4 (0x00000013) nop
core   0: 3 0x8000bba4 (0x00000013)
core   0: 0x8000bba8 (0xc305bf13) sltiu   t5, a1, -976
core   0: 3 0x8000bba8 (0xc305bf13) x30 0x00000001
core   0: 0x8000bbac (0x0ab02593) slti    a1, zero, 171
core   0: 3 0x8000bbac (0x0ab02593) x11 0x00000001
core   0: 0x8000bbb0 (0x000e9eb3) sll     t4, t4, zero
core   0: 3 0x8000bbb0 (0x000e9eb3) x29 0x00000000
core   0: 0x8000bbb4 (0x44cd3713) sltiu   a4, s10, 1100
core   0: 3 0x8000bbb4 (0x44cd3713) x14 0x00000001
core   0: 0x8000bbb8 (0xe1f72313) slti    t1, a4, -481
core   0: 3 0x8000bbb8 (0xe1f72313) x 6 0x00000000
core   0: 0x8000bbbc (0x007e9463) bne     t4, t2, pc + 8
core   0: 3 0x8000bbbc (0x007e9463)
core   0: 0x8000bbc4 (0xe1f5b093) sltiu   ra, a1, -481
core   0: 3 0x8000bbc4 (0xe1f5b093) x 1 0x00000001
core   0: 0x8000bbc8 (0x01f0c2b3) xor     t0, ra, t6
core   0: 3 0x8000bbc8 (0x01f0c2b3) x 5 0xfbf71ad5
core   0: 0x8000bbcc (0x40fe83b3) sub     t2, t4, a5
core   0: 3 0x8000bbcc (0x40fe83b3) x 7 0xedd977a8
core   0: 0x8000bbd0 (0x05b45663) bge     s0, s11, pc + 76
core   0: 3 0x8000bbd0 (0x05b45663)
core   0: 0x8000bc1c (0x41e08db3) sub     s11, ra, t5
core   0: 3 0x8000bc1c (0x41e08db3) x27 0x00000000
core   0: 0x8000bc20 (0x33bf7413) andi    s0, t5, 827
core   0: 3 0x8000bc20 (0x33bf7413) x 8 0x00000001
core   0: 0x8000bc24 (0x3741c913) xori    s2, gp, 884
core   0: 3 0x8000bc24 (0x3741c913) x18 0x00000374
core   0: 0x8000bc28 (0x00afda63) bge     t6, a0, pc + 20
core   0: 3 0x8000bc28 (0x00afda63)
core   0: 0x8000bc2c (0x416c50b3) sra     ra, s8, s6
core   0: 3 0x8000bc2c (0x416c50b3) x 1 0x00000000
core   0: 0x8000bc30 (0x018a0e63) beq     s4, s8, pc + 28
core   0: 3 0x8000bc30 (0x018a0e63)
core   0: 0x8000bc34 (0x33daa793) slti    a5, s5, 829
core   0: 3 0x8000bc34 (0x33daa793) x15 0x00000001
core   0: 0x8000bc38 (0x40f85d13) srai    s10, a6, 15
core   0: 3 0x8000bc38 (0x40f85d13) x26 0x0000fd74
core   0: 0x8000bc3c (0x00c400b3) add     ra, s0, a2
core   0: 3 0x8000bc3c (0x00c400b3) x 1 0x00000001
core   0: 0x8000bc40 (0xe9cf2893) slti    a7, t5, -356
core   0: 3 0x8000bc40 (0xe9cf2893) x17 0x00000000
core   0: 0x8000bc44 (0x404f5b33) sra     s6, t5, tp
core   0: 3 0x8000bc44 (0x404f5b33) x22 0x00000000
core   0: 0x8000bc48 (0x00198b33) add     s6, s3, ra
core   0: 3 0x8000bc48 (0x00198b33) x22 0x00000002
core   0: 0x8000bc4c (0x9c44fe93) andi    t4, s1, -1596
core   0: 3 0x8000bc4c (0x9c44fe93) x29 0x8002b8c4
core   0: 0x8000bc50 (0x003fd913) srli    s2, t6, 3
core   0: 3 0x8000bc50 (0x003fd913) x18 0x1f7ee35a
core   0: 0x8000bc54 (0x35a9bc93) sltiu   s9, s3, 858
core   0: 3 0x8000bc54 (0x35a9bc93) x25 0x00000001
core   0: 0x8000bc58 (0x00f7f333) and     t1, a5, a5
core   0: 3 0x8000bc58 (0x00f7f333) x 6 0x00000001
core   0: 0x8000bc5c (0x03906e63) bltu    zero, s9, pc + 60
core   0: 3 0x8000bc5c (0x03906e63)
core   0: 0x8000bc98 (0xb7fcff37) lui     t5, 0xb7fcf
core   0: 3 0x8000bc98 (0xb7fcff37) x30 0xb7fcf000
core   0: 0x8000bc9c (0x52295f97) auipc   t6, 0x52295
core   0: 3 0x8000bc9c (0x52295f97) x31 0xd22a0c9c
core   0: 0x8000bca0 (0xedc3c613) xori    a2, t2, -292
core   0: 3 0x8000bca0 (0xedc3c613) x12 0x12268974
core   0: 0x8000bca4 (0x0020e6b3) or      a3, ra, sp
core   0: 3 0x8000bca4 (0x0020e6b3) x13 0x00000001
core   0: 0x8000bca8 (0x51fc4c37) lui     s8, 0x51fc4
core   0: 3 0x8000bca8 (0x51fc4c37) x24 0x51fc4000
core   0: 0x8000bcac (0x007057b3) srl     a5, zero, t2
core   0: 3 0x8000bcac (0x007057b3) x15 0x00000000
core   0: 0x8000bcb0 (0x4b7a7893) andi    a7, s4, 1207
core   0: 3 0x8000bcb0 (0x4b7a7893) x17 0x000004a4
core   0: 0x8000bcb4 (0x03aeea63) bltu    t4, s10, pc + 52
core   0: 3 0x8000bcb4 (0x03aeea63)
core   0: 0x8000bcb8 (0x02bb1863) bne     s6, a1, pc + 48
core   0: 3 0x8000bcb8 (0x02bb1863)
core   0: 0x8000bce8 (0x4117d9b3) sra     s3, a5, a7
core   0: 3 0x8000bce8 (0x4117d9b3) x19 0x00000000
core   0: 0x8000bcec (0x41608b33) sub     s6, ra, s6
core   0: 3 0x8000bcec (0x41608b33) x22 0xffffffff
core   0: 0x8000bcf0 (0x01fef1b3) and     gp, t4, t6
core   0: 3 0x8000bcf0 (0x01fef1b3) x 3 0x80020884
core   0: 0x8000bcf4 (0x01ac40b3) xor     ra, s8, s10
core   0: 3 0x8000bcf4 (0x01ac40b3) x 1 0x51fcbd74
core   0: 0x8000bcf8 (0x00dd3433) sltu    s0, s10, a3
core   0: 3 0x8000bcf8 (0x00dd3433) x 8 0x00000000
core   0: 0x8000bcfc (0x00000013) nop
core   0: 3 0x8000bcfc (0x00000013)
core   0: 0x8000bd00 (0x020e9663) bnez    t4, pc + 44
core   0: 3 0x8000bd00 (0x020e9663)
core   0: 0x8000bd2c (0x00ee25b3) slt     a1, t3, a4
core   0: 3 0x8000bd2c (0x00ee25b3) x11 0x00000001
core   0: 0x8000bd30 (0x01149eb3) sll     t4, s1, a7
core   0: 3 0x8000bd30 (0x01149eb3) x29 0x002bce40
core   0: 0x8000bd34 (0xb3fe03b7) lui     t2, 0xb3fe0
core   0: 3 0x8000bd34 (0xb3fe03b7) x 7 0xb3fe0000
core   0: 0x8000bd38 (0x016aa533) slt     a0, s5, s6
core   0: 3 0x8000bd38 (0x016aa533) x10 0x00000001
core   0: 0x8000bd3c (0x00359a63) bne     a1, gp, pc + 20
core   0: 3 0x8000bd3c (0x00359a63)
core   0: 0x8000bd50 (0x41f15593) srai    a1, sp, 31
core   0: 3 0x8000bd50 (0x41f15593) x11 0x00000000
core   0: 0x8000bd54 (0x04dfc663) blt     t6, a3, pc + 76
core   0: 3 0x8000bd54 (0x04dfc663)
core   0: 0x8000bda0 (0x0000100f) fence.i
core   0: 3 0x8000bda0 (0x0000100f)
core   0: 0x8000bda4 (0x157c3237) lui     tp, 0x157c3
core   0: 3 0x8000bda4 (0x157c3237) x 4 0x157c3000
core   0: 0x8000bda8 (0x00b2a433) slt     s0, t0, a1
core   0: 3 0x8000bda8 (0x00b2a433) x 8 0x00000001
core   0: 0x8000bdac (0x015c9db3) sll     s11, s9, s5
core   0: 3 0x8000bdac (0x015c9db3) x27 0x08000000
core   0: 0x8000bdb0 (0x805337b7) lui     a5, 0x80533
core   0: 3 0x8000bdb0 (0x805337b7) x15 0x80533000
core   0: 0x8000bdb4 (0x0000100f) fence.i
core   0: 3 0x8000bdb4 (0x0000100f)
core   0: 0x8000bdb8 (0x91f68db7) lui     s11, 0x91f68
core   0: 3 0x8000bdb8 (0x91f68db7) x27 0x91f68000
core   0: 0x8000bdbc (0x018bd263) bge     s7, s8, pc + 4
core   0: 3 0x8000bdbc (0x018bd263)
core   0: 0x8000bdc0 (0x00195f33) srl     t5, s2, ra
core   0: 3 0x8000bdc0 (0x00195f33) x30 0x000001f7
core   0: 0x8000bdc4 (0x05328263) beq     t0, s3, pc + 68
core   0: 3 0x8000bdc4 (0x05328263)
core   0: 0x8000bdc8 (0x04845863) bge     s0, s0, pc + 80
core   0: 3 0x8000bdc8 (0x04845863)
core   0: 0x8000be18 (0x318385b7) lui     a1, 0x31838
core   0: 3 0x8000be18 (0x318385b7) x11 0x31838000
core   0: 0x8000be1c (0x018bac33) slt     s8, s7, s8
core   0: 3 0x8000be1c (0x018bac33) x24 0x00000001
core   0: 0x8000be20 (0x00000013) nop
core   0: 3 0x8000be20 (0x00000013)
core   0: 0x8000be24 (0x5af8a113) slti    sp, a7, 1455
core   0: 3 0x8000be24 (0x5af8a113) x 2 0x00000001
core   0: 0x8000be28 (0x011e4933) xor     s2, t3, a7
core   0: 3 0x8000be28 (0x011e4933) x18 0x000004a4
core   0: 0x8000be2c (0x031dd663) bge     s11, a7, pc + 44
core   0: 3 0x8000be2c (0x031dd663)
core   0: 0x8000be30 (0x02cb7e63) bgeu    s6, a2, pc + 60
core   0: 3 0x8000be30 (0x02cb7e63)
core   0: 0x8000be6c (0x0109d293) srli    t0, s3, 16
core   0: 3 0x8000be6c (0x0109d293) x 5 0x00000000
core   0: 0x8000be70 (0x03781c63) bne     a6, s7, pc + 56
core   0: 3 0x8000be70 (0x03781c63)
core   0: 0x8000bea8 (0x00b67333) and     t1, a2, a1
core   0: 3 0x8000bea8 (0x00b67333) x 6 0x10028000
core   0: 0x8000beac (0x0000100f) fence.i
core   0: 3 0x8000beac (0x0000100f)
core   0: 0x8000beb0 (0x001ed7b3) srl     a5, t4, ra
core   0: 3 0x8000beb0 (0x001ed7b3) x15 0x00000002
core   0: 0x8000beb4 (0x01cb86b3) add     a3, s7, t3
core   0: 3 0x8000beb4 (0x01cb86b3) x13 0x80027e54
core   0: 0x8000beb8 (0x009d89b3) add     s3, s11, s1
core   0: 3 0x8000beb8 (0x009d89b3) x19 0x11f93ce4
core   0: 0x8000bebc (0x012e99b3) sll     s3, t4, s2
core   0: 3 0x8000bebc (0x012e99b3) x19 0x02bce400
core   0: 0x8000bec0 (0x30100413) li      s0, 769
core   0: 3 0x8000bec0 (0x30100413) x 8 0x00000301
core   0: 0x8000bec4 (0x373f3f93) sltiu   t6, t5, 883
core   0: 3 0x8000bec4 (0x373f3f93) x31 0x00000001
core   0: 0x8000bec8 (0x00000013) nop
core   0: 3 0x8000bec8 (0x00000013)
core   0: 0x8000becc (0x418150b3) sra     ra, sp, s8
core   0: 3 0x8000becc (0x418150b3) x 1 0x00000000
core   0: 0x8000bed0 (0x00c82733) slt     a4, a6, a2
core   0: 3 0x8000bed0 (0x00c82733) x14 0x00000000
core   0: 0x8000bed4 (0x05f65663) bge     a2, t6, pc + 76
core   0: 3 0x8000bed4 (0x05f65663)
core   0: 0x8000bf20 (0x284d8897) auipc   a7, 0x284d8
core   0: 3 0x8000bf20 (0x284d8897) x17 0xa84e3f20
core   0: 0x8000bf24 (0x85f10f93) addi    t6, sp, -1953
core   0: 3 0x8000bf24 (0x85f10f93) x31 0xfffff860
core   0: 0x8000bf28 (0x0b034813) xori    a6, t1, 176
core   0: 3 0x8000bf28 (0x0b034813) x16 0x100280b0
core   0: 0x8000bf2c (0x0115e733) or      a4, a1, a7
core   0: 3 0x8000bf2c (0x0115e733) x14 0xb9cfbf20
core   0: 0x8000bf30 (0x019e1633) sll     a2, t3, s9
core   0: 3 0x8000bf30 (0x019e1633) x12 0x00000000
core   0: 0x8000bf34 (0x039dfa63) bgeu    s11, s9, pc + 52
core   0: 3 0x8000bf34 (0x039dfa63)
core   0: 0x8000bf68 (0x011d7333) and     t1, s10, a7
core   0: 3 0x8000bf68 (0x011d7333) x 6 0x00003d20
core   0: 0x8000bf6c (0x009662b3) or      t0, a2, s1
core   0: 3 0x8000bf6c (0x009662b3) x 5 0x8002bce4
core   0: 0x8000bf70 (0x01459533) sll     a0, a1, s4
core   0: 3 0x8000bf70 (0x01459533) x10 0x18380000
core   0: 0x8000bf74 (0x016a9863) bne     s5, s6, pc + 16
core   0: 3 0x8000bf74 (0x016a9863)
core   0: 0x8000bf84 (0xd6a7ed93) ori     s11, a5, -662
core   0: 3 0x8000bf84 (0xd6a7ed93) x27 0xfffffd6a
core   0: 0x8000bf88 (0x02639063) bne     t2, t1, pc + 32
core   0: 3 0x8000bf88 (0x02639063)
core   0: 0x8000bfa8 (0x017fd393) srli    t2, t6, 23
core   0: 3 0x8000bfa8 (0x017fd393) x 7 0x000001ff
core   0: 0x8000bfac (0xe2dcdeb7) lui     t4, 0xe2dcd
core   0: 3 0x8000bfac (0xe2dcdeb7) x29 0xe2dcd000
core   0: 0x8000bfb0 (0x00007817) auipc   a6, 0x7
core   0: 3 0x8000bfb0 (0x00007817) x16 0x80012fb0
core   0: 0x8000bfb4 (0xd3580813) addi    a6, a6, -715
core   0: 3 0x8000bfb4 (0xd3580813) x16 0x80012ce5
core   0: 0x8000bfb8 (0x35484c03) lbu     s8, 852(a6)
core   0: 3 0x8000bfb8 (0x35484c03) x24 0x00000000 mem 0x80013039
core   0: 0x8000bfbc (0x0000ee17) auipc   t3, 0xe
core   0: 3 0x8000bfbc (0x0000ee17) x28 0x80019fbc
core   0: 0x8000bfc0 (0x3d0e0e13) addi    t3, t3, 976
core   0: 3 0x8000bfc0 (0x3d0e0e13) x28 0x8001a38c
core   0: 0x8000bfc4 (0x2ab819a3) sh      a1, 691(a6)
core   0: 3 0x8000bfc4 (0x2ab819a3) mem 0x80012f98 0x8000
core   0: 0x8000bfc8 (0x894804a3) sb      s4, -1911(a6)
core   0: 3 0x8000bfc8 (0x894804a3) mem 0x8001256e 0xe4
core   0: 0x8000bfcc (0x013e1723) sh      s3, 14(t3)
core   0: 3 0x8000bfcc (0x013e1723) mem 0x8001a39a 0xe400
core   0: 0x8000bfd0 (0x010e1e83) lh      t4, 16(t3)
core   0: 3 0x8000bfd0 (0x010e1e83) x29 0x00000000 mem 0x8001a39c
core   0: 0x8000bfd4 (0xcb880383) lb      t2, -840(a6)
core   0: 3 0x8000bfd4 (0xcb880383) x 7 0x00000000 mem 0x8001299d
core   0: 0x8000bfd8 (0xff8e2d03) lw      s10, -8(t3)
core   0: 3 0x8000bfd8 (0xff8e2d03) x26 0x00000000 mem 0x8001a384
core   0: 0x8000bfdc (0x00ae03a3) sb      a0, 7(t3)
core   0: 3 0x8000bfdc (0x00ae03a3) mem 0x8001a393 0x0
core   0: 0x8000bfe0 (0x008e2983) lw      s3, 8(t3)
core   0: 3 0x8000bfe0 (0x008e2983) x19 0x00000000 mem 0x8001a394
core   0: 0x8000bfe4 (0xd9e84c83) lbu     s9, -610(a6)
core   0: 3 0x8000bfe4 (0xd9e84c83) x25 0x00000000 mem 0x80012a83
core   0: 0x8000bfe8 (0xff5e0d03) lb      s10, -11(t3)
core   0: 3 0x8000bfe8 (0xff5e0d03) x26 0x00000000 mem 0x8001a381
core   0: 0x8000bfec (0x98184083) lbu     ra, -1663(a6)
core   0: 3 0x8000bfec (0x98184083) x 1 0x00000000 mem 0x80012666
core   0: 0x8000bff0 (0xfe3e1d23) sh      gp, -6(t3)
core   0: 3 0x8000bff0 (0xfe3e1d23) mem 0x8001a386 0x0884
core   0: 0x8000bff4 (0xf6080e23) sb      zero, -132(a6)
core   0: 3 0x8000bff4 (0xf6080e23) mem 0x80012c61 0x0
core   0: 0x8000bff8 (0xfffe0e83) lb      t4, -1(t3)
core   0: 3 0x8000bff8 (0xfffe0e83) x29 0x00000000 mem 0x8001a38b
core   0: 0x8000bffc (0x8eb85183) lhu     gp, -1813(a6)
core   0: 3 0x8000bffc (0x8eb85183) x 3 0x00000000 mem 0x800125d0
core   0: 0x8000c000 (0xff9e0b03) lb      s6, -7(t3)
core   0: 3 0x8000c000 (0xff9e0b03) x22 0x00000000 mem 0x8001a385
core   0: 0x8000c004 (0xff3e2a23) sw      s3, -12(t3)
core   0: 3 0x8000c004 (0xff3e2a23) mem 0x8001a380 0x00000000
core   0: 0x8000c008 (0x00859c63) bne     a1, s0, pc + 24
core   0: 3 0x8000c008 (0x00859c63)
core   0: 0x8000c020 (0x559e0393) addi    t2, t3, 1369
core   0: 3 0x8000c020 (0x559e0393) x 7 0x8001a8e5
core   0: 0x8000c024 (0x0192fa63) bgeu    t0, s9, pc + 20
core   0: 3 0x8000c024 (0x0192fa63)
core   0: 0x8000c038 (0xaa08b013) sltiu   zero, a7, -1376
core   0: 3 0x8000c038 (0xaa08b013)
core   0: 0x8000c03c (0x00a16e63) bltu    sp, a0, pc + 28
core   0: 3 0x8000c03c (0x00a16e63)
core   0: 0x8000c058 (0x0000100f) fence.i
core   0: 3 0x8000c058 (0x0000100f)
core   0: 0x8000c05c (0x0c812f13) slti    t5, sp, 200
core   0: 3 0x8000c05c (0x0c812f13) x30 0x00000001
core   0: 0x8000c060 (0x012a10b3) sll     ra, s4, s2
core   0: 3 0x8000c060 (0x012a10b3) x 1 0x002bce40
core   0: 0x8000c064 (0x9ec00013) li      zero, -1556
core   0: 3 0x8000c064 (0x9ec00013)
core   0: 0x8000c068 (0x6f66ae93) slti    t4, a3, 1782
core   0: 3 0x8000c068 (0x6f66ae93) x29 0x00000001
core   0: 0x8000c06c (0xf1346993) ori     s3, s0, -237
core   0: 3 0x8000c06c (0xf1346993) x19 0xffffff13
core   0: 0x8000c070 (0x05eb1863) bne     s6, t5, pc + 80
core   0: 3 0x8000c070 (0x05eb1863)
core   0: 0x8000c0c0 (0xa593c9b7) lui     s3, 0xa593c
core   0: 3 0x8000c0c0 (0xa593c9b7) x19 0xa593c000
core   0: 0x8000c0c4 (0xe8c9ba13) sltiu   s4, s3, -372
core   0: 3 0x8000c0c4 (0xe8c9ba13) x20 0x00000001
core   0: 0x8000c0c8 (0x01286eb3) or      t4, a6, s2
core   0: 3 0x8000c0c8 (0x01286eb3) x29 0x80012ce5
core   0: 0x8000c0cc (0x013d1c93) slli    s9, s10, 19
core   0: 3 0x8000c0cc (0x013d1c93) x25 0x00000000
core   0: 0x8000c0d0 (0x41d65433) sra     s0, a2, t4
core   0: 3 0x8000c0d0 (0x41d65433) x 8 0x00000000
core   0: 0x8000c0d4 (0x97d6c613) xori    a2, a3, -1667
core   0: 3 0x8000c0d4 (0x97d6c613) x12 0x7ffd8729
core   0: 0x8000c0d8 (0x010e8a33) add     s4, t4, a6
core   0: 3 0x8000c0d8 (0x010e8a33) x20 0x000259ca
core   0: 0x8000c0dc (0x0000100f) fence.i
core   0: 3 0x8000c0dc (0x0000100f)
core   0: 0x8000c0e0 (0xcbeef993) andi    s3, t4, -834
core   0: 3 0x8000c0e0 (0xcbeef993) x19 0x80012ca4
core   0: 0x8000c0e4 (0xabf67d93) andi    s11, a2, -1345
core   0: 3 0x8000c0e4 (0xabf67d93) x27 0x7ffd8229
core   0: 0x8000c0e8 (0x05d66263) bltu    a2, t4, pc + 68
core   0: 3 0x8000c0e8 (0x05d66263)
core   0: 0x8000c12c (0x01337c63) bgeu    t1, s3, pc + 24
core   0: 3 0x8000c12c (0x01337c63)
core   0: 0x8000c130 (0x3e284613) xori    a2, a6, 994
core   0: 3 0x8000c130 (0x3e284613) x12 0x80012f07
core   0: 0x8000c134 (0x01c15613) srli    a2, sp, 28
core   0: 3 0x8000c134 (0x01c15613) x12 0x00000000
core   0: 0x8000c138 (0x40d780b3) sub     ra, a5, a3
core   0: 3 0x8000c138 (0x40d780b3) x 1 0x7ffd81ae
core   0: 0x8000c13c (0x0ff0000f) fence   iorw,iorw
core   0: 3 0x8000c13c (0x0ff0000f)
core   0: 0x8000c140 (0x4775c593) xori    a1, a1, 1143
core   0: 3 0x8000c140 (0x4775c593) x11 0x31838477
core   0: 0x8000c144 (0xe0462013) slti    zero, a2, -508
core   0: 3 0x8000c144 (0xe0462013)
core   0: 0x8000c148 (0x0d3ef913) andi    s2, t4, 211
core   0: 3 0x8000c148 (0x0d3ef913) x18 0x000000c1
core   0: 0x8000c14c (0x0142a233) slt     tp, t0, s4
core   0: 3 0x8000c14c (0x0142a233) x 4 0x00000001
core   0: 0x8000c150 (0x00041a33) sll     s4, s0, zero
core   0: 3 0x8000c150 (0x00041a33) x20 0x00000000
core   0: 0x8000c154 (0x408cd513) srai    a0, s9, 8
core   0: 3 0x8000c154 (0x408cd513) x10 0x00000000
core   0: 0x8000c158 (0xa10a03b7) lui     t2, 0xa10a0
core   0: 3 0x8000c158 (0xa10a03b7) x 7 0xa10a0000
core   0: 0x8000c15c (0x00c1ca63) blt     gp, a2, pc + 20
core   0: 3 0x8000c15c (0x00c1ca63)
core   0: 0x8000c160 (0x01531993) slli    s3, t1, 21
core   0: 3 0x8000c160 (0x01531993) x19 0xa4000000
core   0: 0x8000c164 (0xb7772893) slti    a7, a4, -1161
core   0: 3 0x8000c164 (0xb7772893) x17 0x00000001
core   0: 0x8000c168 (0x40a05713) srai    a4, zero, 10
core   0: 3 0x8000c168 (0x40a05713) x14 0x00000000
core   0: 0x8000c16c (0x01447b33) and     s6, s0, s4
core   0: 3 0x8000c16c (0x01447b33) x22 0x00000000
core   0: 0x8000c170 (0x02adf063) bgeu    s11, a0, pc + 32
core   0: 3 0x8000c170 (0x02adf063)
core   0: 0x8000c190 (0x05505663) bge     zero, s5, pc + 76
core   0: 3 0x8000c190 (0x05505663)
core   0: 0x8000c1dc (0x00951a63) bne     a0, s1, pc + 20
core   0: 3 0x8000c1dc (0x00951a63)
core   0: 0x8000c1f0 (0xb88bd697) auipc   a3, 0xb88bd
core   0: 3 0x8000c1f0 (0xb88bd697) x13 0x388c91f0
core   0: 0x8000c1f4 (0x00c67f33) and     t5, a2, a2
core   0: 3 0x8000c1f4 (0x00c67f33) x30 0x00000000
core   0: 0x8000c1f8 (0x01ab9c13) slli    s8, s7, 26
core   0: 3 0x8000c1f8 (0x01ab9c13) x24 0x50000000
core   0: 0x8000c1fc (0x01d9dc63) bge     s3, t4, pc + 24
core   0: 3 0x8000c1fc (0x01d9dc63)
core   0: 0x8000c214 (0x01daaf33) slt     t5, s5, t4
core   0: 3 0x8000c214 (0x01daaf33) x30 0x00000000
core   0: 0x8000c218 (0x03d28e63) beq     t0, t4, pc + 60
core   0: 3 0x8000c218 (0x03d28e63)
core   0: 0x8000c21c (0x00cb8833) add     a6, s7, a2
core   0: 3 0x8000c21c (0x00cb8833) x16 0x80027e54
core   0: 0x8000c220 (0x00fd1c13) slli    s8, s10, 15
core   0: 3 0x8000c220 (0x00fd1c13) x24 0x00000000
core   0: 0x8000c224 (0x52c73f93) sltiu   t6, a4, 1324
core   0: 3 0x8000c224 (0x52c73f93) x31 0x00000001
core   0: 0x8000c228 (0x6cf0f613) andi    a2, ra, 1743
core   0: 3 0x8000c228 (0x6cf0f613) x12 0x0000008e
core   0: 0x8000c22c (0x4cfb99b7) lui     s3, 0x4cfb9
core   0: 3 0x8000c22c (0x4cfb99b7) x19 0x4cfb9000
core   0: 0x8000c230 (0x01cf27b3) slt     a5, t5, t3
core   0: 3 0x8000c230 (0x01cf27b3) x15 0x00000000
core   0: 0x8000c234 (0x005292b3) sll     t0, t0, t0
core   0: 3 0x8000c234 (0x005292b3) x 5 0x002bce40
core   0: 0x8000c238 (0x403adfb3) sra     t6, s5, gp
core   0: 3 0x8000c238 (0x403adfb3) x31 0xfdb012bb
core   0: 0x8000c23c (0x417a0133) sub     sp, s4, s7
core   0: 3 0x8000c23c (0x417a0133) x 2 0x7ffd81ac
core   0: 0x8000c240 (0x06508f93) addi    t6, ra, 101
core   0: 3 0x8000c240 (0x06508f93) x31 0x7ffd8213
core   0: 0x8000c244 (0x01eb1db3) sll     s11, s6, t5
core   0: 3 0x8000c244 (0x01eb1db3) x27 0x00000000
core   0: 0x8000c248 (0x4108d713) srai    a4, a7, 16
core   0: 3 0x8000c248 (0x4108d713) x14 0x00000000
core   0: 0x8000c24c (0x0020db33) srl     s6, ra, sp
core   0: 3 0x8000c24c (0x0020db33) x22 0x0007ffd8
core   0: 0x8000c250 (0x01092db3) slt     s11, s2, a6
core   0: 3 0x8000c250 (0x01092db3) x27 0x00000000
core   0: 0x8000c254 (0x718a6f93) ori     t6, s4, 1816
core   0: 3 0x8000c254 (0x718a6f93) x31 0x00000718
core   0: 0x8000c258 (0x00a011b3) sll     gp, zero, a0
core   0: 3 0x8000c258 (0x00a011b3) x 3 0x00000000
core   0: 0x8000c25c (0x0113b2b3) sltu    t0, t2, a7
core   0: 3 0x8000c25c (0x0113b2b3) x 5 0x00000000
core   0: 0x8000c260 (0x9e07f197) auipc   gp, 0x9e07f
core   0: 3 0x8000c260 (0x9e07f197) x 3 0x1e08b260
core   0: 0x8000c264 (0xba029637) lui     a2, 0xba029
core   0: 3 0x8000c264 (0xba029637) x12 0xba029000
core   0: 0x8000c268 (0x40eb5db3) sra     s11, s6, a4
core   0: 3 0x8000c268 (0x40eb5db3) x27 0x0007ffd8
core   0: 0x8000c26c (0x01dc5413) srli    s0, s8, 29
core   0: 3 0x8000c26c (0x01dc5413) x 8 0x00000000
core   0: 0x8000c270 (0x880fb693) sltiu   a3, t6, -1920
core   0: 3 0x8000c270 (0x880fb693) x13 0x00000001
core   0: 0x8000c274 (0x002c5013) srli    zero, s8, 2
core   0: 3 0x8000c274 (0x002c5013)
core   0: 0x8000c278 (0x4374ab13) slti    s6, s1, 1079
core   0: 3 0x8000c278 (0x4374ab13) x22 0x00000001
core   0: 0x8000c27c (0x00000013) nop
core   0: 3 0x8000c27c (0x00000013)
core   0: 0x8000c280 (0x03415a63) bge     sp, s4, pc + 52
core   0: 3 0x8000c280 (0x03415a63)
core   0: 0x8000c2b4 (0x0116da13) srli    s4, a3, 17
core   0: 3 0x8000c2b4 (0x0116da13) x20 0x00000000
core   0: 0x8000c2b8 (0x00e70c63) beq     a4, a4, pc + 24
core   0: 3 0x8000c2b8 (0x00e70c63)
core   0: 0x8000c2d0 (0x2ac49e97) auipc   t4, 0x2ac49
core   0: 3 0x8000c2d0 (0x2ac49e97) x29 0xaac552d0
core   0: 0x8000c2d4 (0x0000100f) fence.i
core   0: 3 0x8000c2d4 (0x0000100f)
core   0: 0x8000c2d8 (0x0023b933) sltu    s2, t2, sp
core   0: 3 0x8000c2d8 (0x0023b933) x18 0x00000000
core   0: 0x8000c2dc (0x018b4a33) xor     s4, s6, s8
core   0: 3 0x8000c2dc (0x018b4a33) x20 0x00000001
core   0: 0x8000c2e0 (0x019e5c33) srl     s8, t3, s9
core   0: 3 0x8000c2e0 (0x019e5c33) x24 0x8001a38c
core   0: 0x8000c2e4 (0x5bfe2e13) slti    t3, t3, 1471
core   0: 3 0x8000c2e4 (0x5bfe2e13) x28 0x00000001
core   0: 0x8000c2e8 (0x019858b3) srl     a7, a6, s9
core   0: 3 0x8000c2e8 (0x019858b3) x17 0x80027e54
core   0: 0x8000c2ec (0x272c7d93) andi    s11, s8, 626
core   0: 3 0x8000c2ec (0x272c7d93) x27 0x00000200
core   0: 0x8000c2f0 (0x00a35693) srli    a3, t1, 10
core   0: 3 0x8000c2f0 (0x00a35693) x13 0x0000000f
core   0: 0x8000c2f4 (0x2ece0693) addi    a3, t3, 748
core   0: 3 0x8000c2f4 (0x2ece0693) x13 0x000002ed
core   0: 0x8000c2f8 (0x01c39c13) slli    s8, t2, 28
core   0: 3 0x8000c2f8 (0x01c39c13) x24 0x00000000
core   0: 0x8000c2fc (0x0ebd7613) andi    a2, s10, 235
core   0: 3 0x8000c2fc (0x0ebd7613) x12 0x00000000
core   0: 0x8000c300 (0x00000013) nop
core   0: 3 0x8000c300 (0x00000013)
core   0: 0x8000c304 (0x01d25263) bge     tp, t4, pc + 4
core   0: 3 0x8000c304 (0x01d25263)
core   0: 0x8000c308 (0x41295a33) sra     s4, s2, s2
core   0: 3 0x8000c308 (0x41295a33) x20 0x00000000
core   0: 0x8000c30c (0x40505d93) srai    s11, zero, 5
core   0: 3 0x8000c30c (0x40505d93) x27 0x00000000
core   0: 0x8000c310 (0x01af77b3) and     a5, t5, s10
core   0: 3 0x8000c310 (0x01af77b3) x15 0x00000000
core   0: 0x8000c314 (0x00000013) nop
core   0: 3 0x8000c314 (0x00000013)
core   0: 0x8000c318 (0x00de4c33) xor     s8, t3, a3
core   0: 3 0x8000c318 (0x00de4c33) x24 0x000002ec
core   0: 0x8000c31c (0x011a82b3) add     t0, s5, a7
core   0: 3 0x8000c31c (0x011a82b3) x 5 0x7db2910f
core   0: 0x8000c320 (0x004ba783) lw      a5, 4(s7)
core   0: 3 0x8000c320 (0x004ba783) x15 0x8000014c mem 0x80027e58
core   0: 0x8000c324 (0x00e46eb3) or      t4, s0, a4
core   0: 3 0x8000c324 (0x00e46eb3) x29 0x00000000
core   0: 0x8000c328 (0x010b8b93) addi    s7, s7, 16
core   0: 3 0x8000c328 (0x010b8b93) x23 0x80027e64
core   0: 0x8000c32c (0x0142a8b3) slt     a7, t0, s4
core   0: 3 0x8000c32c (0x0142a8b3) x17 0x00000000
core   0: 0x8000c330 (0x00178e13) addi    t3, a5, 1
core   0: 3 0x8000c330 (0x00178e13) x28 0x8000014d
core   0: 0x8000c334 (0x000e0e67) jalr    t3, t3, 0
core   0: 3 0x8000c334 (0x000e0e67) x28 0x8000c338
core   0: 0x8000014c (0x00021f97) auipc   t6, 0x21
core   0: 3 0x8000014c (0x00021f97) x31 0x8002114c
core   0: 0x80000150 (0xbc5f8f93) addi    t6, t6, -1083
core   0: 3 0x80000150 (0xbc5f8f93) x31 0x80020d11
core   0: 0x80000154 (0x0001d897) auipc   a7, 0x1d
core   0: 3 0x80000154 (0x0001d897) x17 0x8001d154
core   0: 0x80000158 (0x00088893) mv      a7, a7
core   0: 3 0x80000158 (0x00088893) x17 0x8001d154
core   0: 0x8000015c (0x00020217) auipc   tp, 0x20
core   0: 3 0x8000015c (0x00020217) x 4 0x8002015c
core   0: 0x80000160 (0x46720213) addi    tp, tp, 1127
core   0: 3 0x80000160 (0x46720213) x 4 0x800205c3
core   0: 0x80000164 (0x00020317) auipc   t1, 0x20
core   0: 3 0x80000164 (0x00020317) x 6 0x80020164
core   0: 0x80000168 (0x34a30313) addi    t1, t1, 842
core   0: 3 0x80000168 (0x34a30313) x 6 0x800204ae
core   0: 0x8000016c (0xf288a283) lw      t0, -216(a7)
core   0: 3 0x8000016c (0xf288a283) x 5 0x00000000 mem 0x8001d07c
core   0: 0x80000170 (0x00c30a03) lb      s4, 12(t1)
core   0: 3 0x80000170 (0x00c30a03) x20 0x00000000 mem 0x800204ba
core   0: 0x80000174 (0xf6b24983) lbu     s3, -149(tp)
core   0: 3 0x80000174 (0xf6b24983) x19 0x00000000 mem 0x8002052e
core   0: 0x80000178 (0xf228d603) lhu     a2, -222(a7)
core   0: 3 0x80000178 (0xf228d603) x12 0x00000000 mem 0x8001d076
core   0: 0x8000017c (0x022214a3) sh      sp, 41(tp)
core   0: 3 0x8000017c (0x022214a3) mem 0x800205ec 0x81ac
core   0: 0x80000180 (0x001f9283) lh      t0, 1(t6)
core   0: 3 0x80000180 (0x001f9283) x 5 0x00000000 mem 0x80020d12
core   0: 0x80000184 (0x0dd8cb03) lbu     s6, 221(a7)
core   0: 3 0x80000184 (0x0dd8cb03) x22 0x00000000 mem 0x8001d231
core   0: 0x80000188 (0xff932b23) sw      s9, -10(t1)
core   0: 3 0x80000188 (0xff932b23) mem 0x800204a4 0x00000000
core   0: 0x8000018c (0xf3c20523) sb      t3, -214(tp)
core   0: 3 0x8000018c (0xf3c20523) mem 0x800204ed 0x38
core   0: 0x80000190 (0x01689903) lh      s2, 22(a7)
core   0: 3 0x80000190 (0x01689903) x18 0x00000000 mem 0x8001d16a
core   0: 0x80000194 (0x00031783) lh      a5, 0(t1)
core   0: 3 0x80000194 (0x00031783) x15 0x00000000 mem 0x800204ae
core   0: 0x80000198 (0x00afce03) lbu     t3, 10(t6)
core   0: 3 0x80000198 (0x00afce03) x28 0x00000000 mem 0x80020d1b
core   0: 0x8000019c (0x01532523) sw      s5, 10(t1)
core   0: 3 0x8000019c (0x01532523) mem 0x800204b8 0xfdb012bb
core   0: 0x800001a0 (0xfe525783) lhu     a5, -27(tp)
core   0: 3 0x800001a0 (0xfe525783) x15 0x00000000 mem 0x800205a8
core   0: 0x800001a4 (0x00c34103) lbu     sp, 12(t1)
core   0: 3 0x800001a4 (0x00c34103) x 2 0x000000b0 mem 0x800204ba
core   0: 0x800001a8 (0x0fc8a103) lw      sp, 252(a7)
core   0: 3 0x800001a8 (0x0fc8a103) x 2 0x00000000 mem 0x8001d250
core   0: 0x800001ac (0xff0f8fa3) sb      a6, -1(t6)
core   0: 3 0x800001ac (0xff0f8fa3) mem 0x80020d10 0x54
core   0: 0x800001b0 (0xff5fc703) lbu     a4, -11(t6)
core   0: 3 0x800001b0 (0xff5fc703) x14 0x00000000 mem 0x80020d06
core   0: 0x800001b4 (0xfef308a3) sb      a5, -15(t1)
core   0: 3 0x800001b4 (0xfef308a3) mem 0x8002049f 0x0
core   0: 0x800001b8 (0xff824903) lbu     s2, -8(tp)
core   0: 3 0x800001b8 (0xff824903) x18 0x00000000 mem 0x800205bb
core   0: 0x800001bc (0x0498c403) lbu     s0, 73(a7)
core   0: 3 0x800001bc (0x0498c403) x 8 0x00000000 mem 0x8001d19d
core   0: 0x800001c0 (0x0668ce83) lbu     t4, 102(a7)
core   0: 3 0x800001c0 (0x0668ce83) x29 0x00000000 mem 0x8001d1ba
core   0: 0x800001c4 (0x018222a3) sw      s8, 5(tp)
core   0: 3 0x800001c4 (0x018222a3) mem 0x800205c8 0x000002ec
core   0: 0x800001c8 (0xff132923) sw      a7, -14(t1)
core   0: 3 0x800001c8 (0xff132923) mem 0x800204a0 0x8001d154
core   0: 0x800001cc (0xff9f8103) lb      sp, -7(t6)
core   0: 3 0x800001cc (0xff9f8103) x 2 0x00000000 mem 0x80020d0a
core   0: 0x800001d0 (0xf0b20b03) lb      s6, -245(tp)
core   0: 3 0x800001d0 (0xf0b20b03) x22 0x00000000 mem 0x800204ce
core   0: 0x800001d4 (0x049883a3) sb      s1, 71(a7)
core   0: 3 0x800001d4 (0x049883a3) mem 0x8001d19b 0xe4
core   0: 0x800001d8 (0x00012517) auipc   a0, 0x12
core   0: 3 0x800001d8 (0x00012517) x10 0x800121d8
core   0: 0x800001dc (0x31250513) addi    a0, a0, 786
core   0: 3 0x800001dc (0x31250513) x10 0x800124ea
core   0: 0x800001e0 (0x03150403) lb      s0, 49(a0)
core   0: 3 0x800001e0 (0x03150403) x 8 0x00000000 mem 0x8001251b
core   0: 0x800001e4 (0x00012c97) auipc   s9, 0x12
core   0: 3 0x800001e4 (0x00012c97) x25 0x800121e4
core   0: 0x800001e8 (0xe86c8c93) addi    s9, s9, -378
core   0: 3 0x800001e8 (0xe86c8c93) x25 0x8001206a
core   0: 0x800001ec (0x00012797) auipc   a5, 0x12
core   0: 3 0x800001ec (0x00012797) x15 0x800121ec
core   0: 0x800001f0 (0xfbb78793) addi    a5, a5, -69
core   0: 3 0x800001f0 (0xfbb78793) x15 0x800121a7
core   0: 0x800001f4 (0x00013697) auipc   a3, 0x13
core   0: 3 0x800001f4 (0x00013697) x13 0x800131f4
core   0: 0x800001f8 (0xc1168693) addi    a3, a3, -1007
core   0: 3 0x800001f8 (0xc1168693) x13 0x80012e05
core   0: 0x800001fc (0x00012d17) auipc   s10, 0x12
core   0: 3 0x800001fc (0x00012d17) x26 0x800121fc
core   0: 0x80000200 (0x11cd0d13) addi    s10, s10, 284
core   0: 3 0x80000200 (0x11cd0d13) x26 0x80012318
core   0: 0x80000204 (0x010c8e03) lb      t3, 16(s9)
core   0: 3 0x80000204 (0x010c8e03) x28 0x00000000 mem 0x8001207a
core   0: 0x80000208 (0x073c8323) sb      s3, 102(s9)
core   0: 3 0x80000208 (0x073c8323) mem 0x800120d0 0x0
core   0: 0x8000020c (0x06ac8c23) sb      a0, 120(s9)
core   0: 3 0x8000020c (0x06ac8c23) mem 0x800120e2 0xea
core   0: 0x80000210 (0x002cc003) lbu     zero, 2(s9)
core   0: 3 0x80000210 (0x002cc003) mem 0x8001206c
core   0: 0x80000214 (0x00455003) lhu     zero, 4(a0)
core   0: 3 0x80000214 (0x00455003) mem 0x800124ee
core   0: 0x80000218 (0xae869ca3) sh      s0, -1287(a3)
core   0: 3 0x80000218 (0xae869ca3) mem 0x800128fe 0x0000
core   0: 0x8000021c (0x0bb79aa3) sh      s11, 181(a5)
core   0: 3 0x8000021c (0x0bb79aa3) mem 0x8001225c 0x0000
core   0: 0x80000220 (0x0f668e23) sb      s6, 252(a3)
core   0: 3 0x80000220 (0x0f668e23) mem 0x80012f01 0x0
core   0: 0x80000224 (0x016ccd83) lbu     s11, 22(s9)
core   0: 3 0x80000224 (0x016ccd83) x27 0x00000000 mem 0x80012080
core   0: 0x80000228 (0x66f78403) lb      s0, 1647(a5)
core   0: 3 0x80000228 (0x66f78403) x 8 0x00000000 mem 0x80012816
core   0: 0x8000022c (0x1c27c103) lbu     sp, 450(a5)
core   0: 3 0x8000022c (0x1c27c103) x 2 0x00000000 mem 0x80012369
core   0: 0x80000230 (0xfcdd0383) lb      t2, -51(s10)
core   0: 3 0x80000230 (0xfcdd0383) x 7 0x00000000 mem 0x800122e5
core   0: 0x80000234 (0x02bc8ca3) sb      a1, 57(s9)
core   0: 3 0x80000234 (0x02bc8ca3) mem 0x800120a3 0x77
core   0: 0x80000238 (0xfeed4c03) lbu     s8, -18(s10)
core   0: 3 0x80000238 (0xfeed4c03) x24 0x00000000 mem 0x80012306
core   0: 0x8000023c (0xc0c6c383) lbu     t2, -1012(a3)
core   0: 3 0x8000023c (0xc0c6c383) x 7 0x00000000 mem 0x80012a11
core   0: 0x80000240 (0x81269aa3) sh      s2, -2027(a3)
core   0: 3 0x80000240 (0x81269aa3) mem 0x8001261a 0x0000
core   0: 0x80000244 (0x0bfc8ba3) sb      t6, 183(s9)
core   0: 3 0x80000244 (0x0bfc8ba3) mem 0x80012121 0x11
core   0: 0x80000248 (0xff6d4403) lbu     s0, -10(s10)
core   0: 3 0x80000248 (0xff6d4403) x 8 0x00000000 mem 0x8001230e
core   0: 0x8000024c (0x073795a3) sh      s3, 107(a5)
core   0: 3 0x8000024c (0x073795a3) mem 0x80012212 0x0000
core   0: 0x80000250 (0xa4d693a3) sh      a3, -1465(a3)
core   0: 3 0x80000250 (0xa4d693a3) mem 0x8001284c 0x2e05
core   0: 0x80000254 (0xfe5d0e83) lb      t4, -27(s10)
core   0: 3 0x80000254 (0xfe5d0e83) x29 0x00000000 mem 0x800122fd
core   0: 0x80000258 (0x01252703) lw      a4, 18(a0)
core   0: 3 0x80000258 (0x01252703) x14 0x00000000 mem 0x800124fc
core   0: 0x8000025c (0xfe054103) lbu     sp, -32(a0)
core   0: 3 0x8000025c (0xfe054103) x 2 0x00000000 mem 0x800124ca
core   0: 0x80000260 (0xff8d2903) lw      s2, -8(s10)
core   0: 3 0x80000260 (0xff8d2903) x18 0x00000000 mem 0x80012310
core   0: 0x80000264 (0xfc252f03) lw      t5, -62(a0)
core   0: 3 0x80000264 (0xfc252f03) x30 0x00000000 mem 0x800124ac
core   0: 0x80000268 (0x84168983) lb      s3, -1983(a3)
core   0: 3 0x80000268 (0x84168983) x19 0x00000000 mem 0x80012646
core   0: 0x8000026c (0x05ecc183) lbu     gp, 94(s9)
core   0: 3 0x8000026c (0x05ecc183) x 3 0x00000000 mem 0x800120c8
core   0: 0x80000270 (0x00450d23) sb      tp, 26(a0)
core   0: 3 0x80000270 (0x00450d23) mem 0x80012504 0xc3
core   0: 0x80000274 (0xfce50023) sb      a4, -64(a0)
core   0: 3 0x80000274 (0xfce50023) mem 0x800124aa 0x0
core   0: 0x80000278 (0xa1668383) lb      t2, -1514(a3)
core   0: 3 0x80000278 (0xa1668383) x 7 0x00000000 mem 0x8001281b
core   0: 0x8000027c (0x1cb7c003) lbu     zero, 459(a5)
core   0: 3 0x8000027c (0x1cb7c003) mem 0x80012372
core   0: 0x80000280 (0x03750a03) lb      s4, 55(a0)
core   0: 3 0x80000280 (0x03750a03) x20 0x00000000 mem 0x80012521
core   0: 0x80000284 (0x1037cd83) lbu     s11, 259(a5)
core   0: 3 0x80000284 (0x1037cd83) x27 0x00000000 mem 0x800122aa
core   0: 0x80000288 (0x22b6a583) lw      a1, 555(a3)
core   0: 3 0x80000288 (0x22b6a583) x11 0x00000000 mem 0x80013030
core   0: 0x8000028c (0x00013797) auipc   a5, 0x13
core   0: 3 0x8000028c (0x00013797) x15 0x8001328c
core   0: 0x80000290 (0xd3478793) addi    a5, a5, -716
core   0: 3 0x80000290 (0xd3478793) x15 0x80012fc0
core   0: 0x80000294 (0x004efa33) and     s4, t4, tp
core   0: 3 0x80000294 (0x004efa33) x20 0x00000000
core   0: 0x80000298 (0x01c31693) slli    a3, t1, 28
core   0: 3 0x80000298 (0x01c31693) x13 0xe0000000
core   0: 0x8000029c (0x01d25393) srli    t2, tp, 29
core   0: 3 0x8000029c (0x01d25393) x 7 0x00000004
core   0: 0x800002a0 (0xff87d683) lhu     a3, -8(a5)
core   0: 3 0x800002a0 (0xff87d683) x13 0x00000000 mem 0x80012fb8
core   0: 0x800002a4 (0xfef78ea3) sb      a5, -3(a5)
core   0: 3 0x800002a4 (0xfef78ea3) mem 0x80012fbd 0xc0
core   0: 0x800002a8 (0xfff78803) lb      a6, -1(a5)
core   0: 3 0x800002a8 (0xfff78803) x16 0x00000000 mem 0x80012fbf
core   0: 0x800002ac (0x416a5e13) srai    t3, s4, 22
core   0: 3 0x800002ac (0x416a5e13) x28 0x00000000
core   0: 0x800002b0 (0x2c70c397) auipc   t2, 0x2c70c
core   0: 3 0x800002b0 (0x2c70c397) x 7 0xac70c2b0
core   0: 0x800002b4 (0x01d718b3) sll     a7, a4, t4
core   0: 3 0x800002b4 (0x01d718b3) x17 0x00000000
core   0: 0x800002b8 (0x01fd4333) xor     t1, s10, t6
core   0: 3 0x800002b8 (0x01fd4333) x 6 0x00032e09
core   0: 0x800002bc (0xffa79803) lh      a6, -6(a5)
core   0: 3 0x800002bc (0xffa79803) x16 0x00000000 mem 0x80012fba
core   0: 0x800002c0 (0x1dc60893) addi    a7, a2, 476
core   0: 3 0x800002c0 (0x1dc60893) x17 0x000001dc
core   0: 0x800002c4 (0x00939733) sll     a4, t2, s1
core   0: 3 0x800002c4 (0x00939733) x14 0xc70c2b00
core   0: 0x800002c8 (0x014c1a13) slli    s4, s8, 20
core   0: 3 0x800002c8 (0x014c1a13) x20 0x00000000
core   0: 0x800002cc (0x41045033) sra     zero, s0, a6
core   0: 3 0x800002cc (0x41045033)
core   0: 0x800002d0 (0x00396733) or      a4, s2, gp
core   0: 3 0x800002d0 (0x00396733) x14 0x00000000
core   0: 0x800002d4 (0x00178403) lb      s0, 1(a5)
core   0: 3 0x800002d4 (0x00178403) x 8 0x00000000 mem 0x80012fc1
core   0: 0x800002d8 (0xfe378c23) sb      gp, -8(a5)
core   0: 3 0x800002d8 (0xfe378c23) mem 0x80012fb8 0x0
core   0: 0x800002dc (0x4979c013) xori    zero, s3, 1175
core   0: 3 0x800002dc (0x4979c013)
core   0: 0x800002e0 (0x33c7fe93) andi    t4, a5, 828
core   0: 3 0x800002e0 (0x33c7fe93) x29 0x00000300
core   0: 0x800002e4 (0x00b7c683) lbu     a3, 11(a5)
core   0: 3 0x800002e4 (0x00b7c683) x13 0x00000000 mem 0x80012fcb
core   0: 0x800002e8 (0x00a7d583) lhu     a1, 10(a5)
core   0: 3 0x800002e8 (0x00a7d583) x11 0x00000000 mem 0x80012fca
core   0: 0x800002ec (0x01edbe33) sltu    t3, s11, t5
core   0: 3 0x800002ec (0x01edbe33) x28 0x00000000
core   0: 0x800002f0 (0xff57c183) lbu     gp, -11(a5)
core   0: 3 0x800002f0 (0xff57c183) x 3 0x00000000 mem 0x80012fb5
core   0: 0x800002f4 (0x0094a0b3) slt     ra, s1, s1
core   0: 3 0x800002f4 (0x0094a0b3) x 1 0x00000000
core   0: 0x800002f8 (0x00000013) nop
core   0: 3 0x800002f8 (0x00000013)
core   0: 0x800002fc (0x00a79203) lh      tp, 10(a5)
core   0: 3 0x800002fc (0x00a79203) x 4 0x00000000 mem 0x80012fca
core   0: 0x80000300 (0xff17c183) lbu     gp, -15(a5)
core   0: 3 0x80000300 (0xff17c183) x 3 0x00000000 mem 0x80012fb1
core   0: 0x80000304 (0x00013617) auipc   a2, 0x13
core   0: 3 0x80000304 (0x00013617) x12 0x80013304
core   0: 0x80000308 (0xd1960613) addi    a2, a2, -743
core   0: 3 0x80000308 (0xd1960613) x12 0x8001301d
core   0: 0x8000030c (0xb1f61ba3) sh      t6, -1257(a2)
core   0: 3 0x8000030c (0xb1f61ba3) mem 0x80012b34 0x0d11
core   0: 0x80000310 (0xb8f60703) lb      a4, -1137(a2)
core   0: 3 0x80000310 (0xb8f60703) x14 0x00000000 mem 0x80012bac
core   0: 0x80000314 (0xb2860083) lb      ra, -1240(a2)
core   0: 3 0x80000314 (0xb2860083) x 1 0x00000000 mem 0x80012b45
core   0: 0x80000318 (0x00012c97) auipc   s9, 0x12
core   0: 3 0x80000318 (0x00012c97) x25 0x80012318
core   0: 0x8000031c (0x63bc8c93) addi    s9, s9, 1595
core   0: 3 0x8000031c (0x63bc8c93) x25 0x80012953
core   0: 0x80000320 (0x00013a17) auipc   s4, 0x13
core   0: 3 0x80000320 (0x00013a17) x20 0x80013320
core   0: 0x80000324 (0xb79a0a13) addi    s4, s4, -1159
core   0: 3 0x80000324 (0xb79a0a13) x20 0x80012e99
core   0: 0x80000328 (0x90864683) lbu     a3, -1784(a2)
core   0: 3 0x80000328 (0x90864683) x13 0x00000000 mem 0x80012925
core   0: 0x8000032c (0x00012297) auipc   t0, 0x12
core   0: 3 0x8000032c (0x00012297) x 5 0x8001232c
core   0: 0x80000330 (0xe0228293) addi    t0, t0, -510
core   0: 3 0x80000330 (0xe0228293) x 5 0x8001212e
core   0: 0x80000334 (0xa07a4683) lbu     a3, -1529(s4)
core   0: 3 0x80000334 (0xa07a4683) x13 0x00000000 mem 0x800128a0
core   0: 0x80000338 (0xb0d60983) lb      s3, -1267(a2)
core   0: 3 0x80000338 (0xb0d60983) x19 0x00000000 mem 0x80012b2a
core   0: 0x8000033c (0xf65c8723) sb      t0, -146(s9)
core   0: 3 0x8000033c (0xf65c8723) mem 0x800128c1 0x2e
core   0: 0x80000340 (0xf6f28fa3) sb      a5, -129(t0)
core   0: 3 0x80000340 (0xf6f28fa3) mem 0x800120ad 0xc0
core   0: 0x80000344 (0x049c91a3) sh      s1, 67(s9)
core   0: 3 0x80000344 (0x049c91a3) mem 0x80012996 0xbce4
core   0: 0x80000348 (0x90f61783) lh      a5, -1777(a2)
core   0: 3 0x80000348 (0x90f61783) x15 0x00000000 mem 0x8001292c
core   0: 0x8000034c (0x07f2c703) lbu     a4, 127(t0)
core   0: 3 0x8000034c (0x07f2c703) x14 0x00000000 mem 0x800121ad
core   0: 0x80000350 (0xf2ec8e03) lb      t3, -210(s9)
core   0: 3 0x80000350 (0xf2ec8e03) x28 0x00000000 mem 0x80012881
core   0: 0x80000354 (0x80aa0123) sb      a0, -2046(s4)
core   0: 3 0x80000354 (0x80aa0123) mem 0x8001269b 0xea
core   0: 0x80000358 (0xa7565d83) lhu     s11, -1419(a2)
core   0: 3 0x80000358 (0xa7565d83) x27 0x00000000 mem 0x80012a92
core   0: 0x8000035c (0xfa1c8403) lb      s0, -95(s9)
core   0: 3 0x8000035c (0xfa1c8403) x 8 0x00000000 mem 0x800128f4
core   0: 0x80000360 (0x078a0523) sb      s8, 106(s4)
core   0: 3 0x80000360 (0x078a0523) mem 0x80012f03 0x0
core   0: 0x80000364 (0xf3a60c23) sb      s10, -200(a2)
core   0: 3 0x80000364 (0xf3a60c23) mem 0x80012f55 0x18
core   0: 0x80000368 (0xa3a60083) lb      ra, -1478(a2)
core   0: 3 0x80000368 (0xa3a60083) x 1 0x00000000 mem 0x80012a57
core   0: 0x8000036c (0x07c282a3) sb      t3, 101(t0)
core   0: 3 0x8000036c (0x07c282a3) mem 0x80012193 0x0
core   0: 0x80000370 (0x075c9883) lh      a7, 117(s9)
core   0: 3 0x80000370 (0x075c9883) x17 0x00000000 mem 0x800129c8
core   0: 0x80000374 (0x0d528183) lb      gp, 213(t0)
core   0: 3 0x80000374 (0x0d528183) x 3 0x00000000 mem 0x80012203
core   0: 0x80000378 (0x001c9fa3) sh      ra, 31(s9)
core   0: 3 0x80000378 (0x001c9fa3) mem 0x80012972 0x0000
core   0: 0x8000037c (0xc4da1ea3) sh      a3, -931(s4)
core   0: 3 0x8000037c (0xc4da1ea3) mem 0x80012af6 0x0000
core   0: 0x80000380 (0xf2acc983) lbu     s3, -214(s9)
core   0: 3 0x80000380 (0xf2acc983) x19 0x00000000 mem 0x8001287d
core   0: 0x80000384 (0x0dec8383) lb      t2, 222(s9)
core   0: 3 0x80000384 (0x0dec8383) x 7 0x00000000 mem 0x80012a31
core   0: 0x80000388 (0x848a0023) sb      s0, -1984(s4)
core   0: 3 0x80000388 (0x848a0023) mem 0x800126d9 0x0
core   0: 0x8000038c (0xf6229e03) lh      t3, -158(t0)
core   0: 3 0x8000038c (0xf6229e03) x28 0x00000000 mem 0x80012090
core   0: 0x80000390 (0x00012217) auipc   tp, 0x12
core   0: 3 0x80000390 (0x00012217) x 4 0x80012390
core   0: 0x80000394 (0xd0820213) addi    tp, tp, -760
core   0: 3 0x80000394 (0xd0820213) x 4 0x80012098
core   0: 0x80000398 (0x00012697) auipc   a3, 0x12
core   0: 3 0x80000398 (0x00012697) x13 0x80012398
core   0: 0x8000039c (0x0c468693) addi    a3, a3, 196
core   0: 3 0x8000039c (0x0c468693) x13 0x8001245c
core   0: 0x800003a0 (0xfc420703) lb      a4, -60(tp)
core   0: 3 0x800003a0 (0xfc420703) x14 0x00000000 mem 0x8001205c
core   0: 0x800003a4 (0x00012597) auipc   a1, 0x12
core   0: 3 0x800003a4 (0x00012597) x11 0x800123a4
core   0: 0x800003a8 (0xff558593) addi    a1, a1, -11
core   0: 3 0x800003a8 (0xff558593) x11 0x80012399
core   0: 0x800003ac (0x03224503) lbu     a0, 50(tp)
core   0: 3 0x800003ac (0x03224503) x10 0x00000000 mem 0x800120ca
core   0: 0x800003b0 (0x00013617) auipc   a2, 0x13
core   0: 3 0x800003b0 (0x00013617) x12 0x800133b0
core   0: 0x800003b4 (0xc1560613) addi    a2, a2, -1003
core   0: 3 0x800003b4 (0xc1560613) x12 0x80012fc5
core   0: 0x800003b8 (0x00012e17) auipc   t3, 0x12
core   0: 3 0x800003b8 (0x00012e17) x28 0x800123b8
core   0: 0x800003bc (0x700e0e13) addi    t3, t3, 1792
core   0: 3 0x800003bc (0x700e0e13) x28 0x80012ab8
core   0: 0x800003c0 (0xfd120983) lb      s3, -47(tp)
core   0: 3 0x800003c0 (0xfd120983) x19 0x00000000 mem 0x80012069
core   0: 0x800003c4 (0x00b68083) lb      ra, 11(a3)
core   0: 3 0x800003c4 (0x00b68083) x 1 0x00000000 mem 0x80012467
core   0: 0x800003c8 (0x00fe0c03) lb      s8, 15(t3)
core   0: 3 0x800003c8 (0x00fe0c03) x24 0x00000000 mem 0x80012ac7
core   0: 0x800003cc (0x01be05a3) sb      s11, 11(t3)
core   0: 3 0x800003cc (0x01be05a3) mem 0x80012ac3 0x0
core   0: 0x800003d0 (0x03a5cc83) lbu     s9, 58(a1)
core   0: 3 0x800003d0 (0x03a5cc83) x25 0x00000000 mem 0x800123d3
core   0: 0x800003d4 (0xfe4e09a3) sb      tp, -13(t3)
core   0: 3 0x800003d4 (0xfe4e09a3) mem 0x80012aab 0x98
core   0: 0x800003d8 (0xfece0923) sb      a2, -14(t3)
core   0: 3 0x800003d8 (0xfece0923) mem 0x80012aaa 0xc5
core   0: 0x800003dc (0x01422983) lw      s3, 20(tp)
core   0: 3 0x800003dc (0x01422983) x19 0x0000c000 mem 0x800120ac
core   0: 0x800003e0 (0x09a6dc03) lhu     s8, 154(a3)
core   0: 3 0x800003e0 (0x09a6dc03) x24 0x00000000 mem 0x800124f6
core   0: 0x800003e4 (0xfed64403) lbu     s0, -19(a2)
core   0: 3 0x800003e4 (0xfed64403) x 8 0x00000000 mem 0x80012fb2
core   0: 0x800003e8 (0xffe69303) lh      t1, -2(a3)
core   0: 3 0x800003e8 (0xffe69303) x 6 0x00000000 mem 0x8001245a
core   0: 0x800003ec (0x03720c23) sb      s7, 56(tp)
core   0: 3 0x800003ec (0x03720c23) mem 0x800120d0 0x64
core   0: 0x800003f0 (0xfe9611a3) sh      s1, -29(a2)
core   0: 3 0x800003f0 (0xfe9611a3) mem 0x80012fa8 0xbce4
core   0: 0x800003f4 (0x03f24983) lbu     s3, 63(tp)
core   0: 3 0x800003f4 (0x03f24983) x19 0x00000000 mem 0x800120d7
core   0: 0x800003f8 (0xf4058123) sb      zero, -190(a1)
core   0: 3 0x800003f8 (0xf4058123) mem 0x800122db 0x0
core   0: 0x800003fc (0xfcb590a3) sh      a1, -63(a1)
core   0: 3 0x800003fc (0xfcb590a3) mem 0x8001235a 0x2399
core   0: 0x80000400 (0x02762b03) lw      s6, 39(a2)
core   0: 3 0x80000400 (0x02762b03) x22 0x00000000 mem 0x80012fec
core   0: 0x80000404 (0xffce2e83) lw      t4, -4(t3)
core   0: 3 0x80000404 (0xffce2e83) x29 0x00000000 mem 0x80012ab4
core   0: 0x80000408 (0x08a6d403) lhu     s0, 138(a3)
core   0: 3 0x80000408 (0x08a6d403) x 8 0x00000000 mem 0x800124e6
core   0: 0x8000040c (0xf346d883) lhu     a7, -204(a3)
core   0: 3 0x8000040c (0xf346d883) x17 0x00000000 mem 0x80012390
core   0: 0x80000410 (0x00120783) lb      a5, 1(tp)
core   0: 3 0x80000410 (0x00120783) x15 0x00000000 mem 0x80012099
core   0: 0x80000414 (0x00be4103) lbu     sp, 11(t3)
core   0: 3 0x80000414 (0x00be4103) x 2 0x00000000 mem 0x80012ac3
core   0: 0x80000418 (0xffd65283) lhu     t0, -3(a2)
core   0: 3 0x80000418 (0xffd65283) x 5 0x00000000 mem 0x80012fc2
core   0: 0x8000041c (0x007e4883) lbu     a7, 7(t3)
core   0: 3 0x8000041c (0x007e4883) x17 0x00000000 mem 0x80012abf
core   0: 0x80000420 (0xf2758ca3) sb      t2, -199(a1)
core   0: 3 0x80000420 (0xf2758ca3) mem 0x800122d2 0x0
core   0: 0x80000424 (0xfd160e23) sb      a7, -36(a2)
core   0: 3 0x80000424 (0xfd160e23) mem 0x80012fa1 0x0
core   0: 0x80000428 (0xfde25503) lhu     a0, -34(tp)
core   0: 3 0x80000428 (0xfde25503) x10 0x00000000 mem 0x80012076
core   0: 0x8000042c (0x00ee1f83) lh      t6, 14(t3)
core   0: 3 0x8000042c (0x00ee1f83) x31 0x00000000 mem 0x80012ac6
core   0: 0x80000430 (0x03260223) sb      s2, 36(a2)
core   0: 3 0x80000430 (0x03260223) mem 0x80012fe9 0x0
core   0: 0x80000434 (0xff2e0d23) sb      s2, -6(t3)
core   0: 3 0x80000434 (0xff2e0d23) mem 0x80012ab2 0x0
core   0: 0x80000438 (0xfa359f83) lh      t6, -93(a1)
core   0: 3 0x80000438 (0xfa359f83) x31 0x00000000 mem 0x8001233c
core   0: 0x8000043c (0xfe5688a3) sb      t0, -15(a3)
core   0: 3 0x8000043c (0xfe5688a3) mem 0x8001244d 0x0
core   0: 0x80000440 (0xf7668083) lb      ra, -138(a3)
core   0: 3 0x80000440 (0xf7668083) x 1 0x00000000 mem 0x800123d2
core   0: 0x80000444 (0xf6358d23) sb      gp, -134(a1)
core   0: 3 0x80000444 (0xf6358d23) mem 0x80012313 0x0
core   0: 0x80000448 (0xff868ea3) sb      s8, -3(a3)
core   0: 3 0x80000448 (0xff868ea3) mem 0x80012459 0x0
core   0: 0x8000044c (0x00de4283) lbu     t0, 13(t3)
core   0: 3 0x8000044c (0x00de4283) x 5 0x00000000 mem 0x80012ac5
core   0: 0x80000450 (0xf0168b23) sb      ra, -234(a3)
core   0: 3 0x80000450 (0xf0168b23) mem 0x80012372 0x0
core   0: 0x80000454 (0x00013b17) auipc   s6, 0x13
core   0: 3 0x80000454 (0x00013b17) x22 0x80013454
core   0: 0x80000458 (0xb2bb0b13) addi    s6, s6, -1237
core   0: 3 0x80000458 (0xb2bb0b13) x22 0x80012f7f
core   0: 0x8000045c (0xfe6b0783) lb      a5, -26(s6)
core   0: 3 0x8000045c (0xfe6b0783) x15 0x00000000 mem 0x80012f65
core   0: 0x80000460 (0xfe6b4183) lbu     gp, -26(s6)
core   0: 3 0x80000460 (0xfe6b4183) x 3 0x00000000 mem 0x80012f65
core   0: 0x80000464 (0x01257133) and     sp, a0, s2
core   0: 3 0x80000464 (0x01257133) x 2 0x00000000
core   0: 0x80000468 (0x028b0103) lb      sp, 40(s6)
core   0: 3 0x80000468 (0x028b0103) x 2 0x00000000 mem 0x80012fa7
core   0: 0x8000046c (0xfcab4a03) lbu     s4, -54(s6)
core   0: 3 0x8000046c (0xfcab4a03) x20 0x00000000 mem 0x80012f49
core   0: 0x80000470 (0xfccb0523) sb      a2, -54(s6)
core   0: 3 0x80000470 (0xfccb0523) mem 0x80012f49 0xc5
core   0: 0x80000474 (0x6ea73797) auipc   a5, 0x6ea73
core   0: 3 0x80000474 (0x6ea73797) x15 0xeea73474
core   0: 0x80000478 (0x017efeb3) and     t4, t4, s7
core   0: 3 0x80000478 (0x017efeb3) x29 0x00000000
core   0: 0x8000047c (0xfe1b5d83) lhu     s11, -31(s6)
core   0: 3 0x8000047c (0xfe1b5d83) x27 0x00000000 mem 0x80012f60
core   0: 0x80000480 (0x0000100f) fence.i
core   0: 3 0x80000480 (0x0000100f)
core   0: 0x80000484 (0x03ab4003) lbu     zero, 58(s6)
core   0: 3 0x80000484 (0x03ab4003) mem 0x80012fb9
core   0: 0x80000488 (0x019b5403) lhu     s0, 25(s6)
core   0: 3 0x80000488 (0x019b5403) x 8 0x00008000 mem 0x80012f98
core   0: 0x8000048c (0x019b5c83) lhu     s9, 25(s6)
core   0: 3 0x8000048c (0x019b5c83) x25 0x00008000 mem 0x80012f98
core   0: 0x80000490 (0x4f53fd93) andi    s11, t2, 1269
core   0: 3 0x80000490 (0x4f53fd93) x27 0x00000000
core   0: 0x80000494 (0x01ab0403) lb      s0, 26(s6)
core   0: 3 0x80000494 (0x01ab0403) x 8 0xffffff80 mem 0x80012f99
core   0: 0x80000498 (0x01ab0883) lb      a7, 26(s6)
core   0: 3 0x80000498 (0x01ab0883) x17 0xffffff80 mem 0x80012f99
core   0: 0x8000049c (0x007b03a3) sb      t2, 7(s6)
core   0: 3 0x8000049c (0x007b03a3) mem 0x80012f86 0x0
core   0: 0x800004a0 (0x4fd7de17) auipc   t3, 0x4fd7d
core   0: 3 0x800004a0 (0x4fd7de17) x28 0xcfd7d4a0
core   0: 0x800004a4 (0x007b1383) lh      t2, 7(s6)
core   0: 3 0x800004a4 (0x007b1383) x 7 0x00000000 mem 0x80012f86
core   0: 0x800004a8 (0xfecb4303) lbu     t1, -20(s6)
core   0: 3 0x800004a8 (0xfecb4303) x 6 0x00000000 mem 0x80012f6b
core   0: 0x800004ac (0x013b1883) lh      a7, 19(s6)
core   0: 3 0x800004ac (0x013b1883) x17 0x00000000 mem 0x80012f92
core   0: 0x800004b0 (0x0001c117) auipc   sp, 0x1c
core   0: 3 0x800004b0 (0x0001c117) x 2 0x8001c4b0
core   0: 0x800004b4 (0xa2110113) addi    sp, sp, -1503
core   0: 3 0x800004b4 (0xa2110113) x 2 0x8001bed1
core   0: 0x800004b8 (0x03d14a03) lbu     s4, 61(sp)
core   0: 3 0x800004b8 (0x03d14a03) x20 0x00000000 mem 0x8001bf0e
core   0: 0x800004bc (0x00b10a23) sb      a1, 20(sp)
core   0: 3 0x800004bc (0x00b10a23) mem 0x8001bee5 0x99
core   0: 0x800004c0 (0x0ee14c03) lbu     s8, 238(sp)
core   0: 3 0x800004c0 (0x0ee14c03) x24 0x00000000 mem 0x8001bfbf
core   0: 0x800004c4 (0xfec10583) lb      a1, -20(sp)
core   0: 3 0x800004c4 (0xfec10583) x11 0x00000000 mem 0x8001bebd
core   0: 0x800004c8 (0x0185e433) or      s0, a1, s8
core   0: 3 0x800004c8 (0x0185e433) x 8 0x00000000
core   0: 0x800004cc (0x0f010a03) lb      s4, 240(sp)
core   0: 3 0x800004cc (0x0f010a03) x20 0x00000000 mem 0x8001bfc1
core   0: 0x800004d0 (0x09811ca3) sh      s8, 153(sp)
core   0: 3 0x800004d0 (0x09811ca3) mem 0x8001bf6a 0x0000
core   0: 0x800004d4 (0x00e76eb3) or      t4, a4, a4
core   0: 3 0x800004d4 (0x00e76eb3) x29 0x00000000
core   0: 0x800004d8 (0x701a6593) ori     a1, s4, 1793
core   0: 3 0x800004d8 (0x701a6593) x11 0x00000701
core   0: 0x800004dc (0xf3410523) sb      s4, -214(sp)
core   0: 3 0x800004dc (0xf3410523) mem 0x8001bdfb 0x0
core   0: 0x800004e0 (0xf5ba8597) auipc   a1, 0xf5ba8
core   0: 3 0x800004e0 (0xf5ba8597) x11 0x75ba84e0
core   0: 0x800004e4 (0x408a5733) sra     a4, s4, s0
core   0: 3 0x800004e4 (0x408a5733) x14 0x00000000
core   0: 0x800004e8 (0xfeb111a3) sh      a1, -29(sp)
core   0: 3 0x800004e8 (0xfeb111a3) mem 0x8001beb4 0x84e0
core   0: 0x800004ec (0x00bc3a33) sltu    s4, s8, a1
core   0: 3 0x800004ec (0x00bc3a33) x20 0x00000001
core   0: 0x800004f0 (0xf2a10703) lb      a4, -214(sp)
core   0: 3 0x800004f0 (0xf2a10703) x14 0x00000000 mem 0x8001bdfb
core   0: 0x800004f4 (0xf8b10423) sb      a1, -120(sp)
core   0: 3 0x800004f4 (0xf8b10423) mem 0x8001be59 0xe0
core   0: 0x800004f8 (0x00e5c5b3) xor     a1, a1, a4
core   0: 3 0x800004f8 (0x00e5c5b3) x11 0x75ba84e0
core   0: 0x800004fc (0x0f010a03) lb      s4, 240(sp)
core   0: 3 0x800004fc (0x0f010a03) x20 0x00000000 mem 0x8001bfc1
core   0: 0x80000500 (0x01da0c33) add     s8, s4, t4
core   0: 3 0x80000500 (0x01da0c33) x24 0x00000000
core   0: 0x80000504 (0xf06a0713) addi    a4, s4, -250
core   0: 3 0x80000504 (0xf06a0713) x14 0xffffff06
core   0: 0x80000508 (0x01410323) sb      s4, 6(sp)
core   0: 3 0x80000508 (0x01410323) mem 0x8001bed7 0x0
core   0: 0x8000050c (0x03110583) lb      a1, 49(sp)
core   0: 3 0x8000050c (0x03110583) x11 0x00000000 mem 0x8001bf02
core   0: 0x80000510 (0x0a811ca3) sh      s0, 185(sp)
core   0: 3 0x80000510 (0x0a811ca3) mem 0x8001bf8a 0x0000
core   0: 0x80000514 (0x0fd10023) sb      t4, 224(sp)
core   0: 3 0x80000514 (0x0fd10023) mem 0x8001bfb1 0x0
core   0: 0x80000518 (0x40bc5593) srai    a1, s8, 11
core   0: 3 0x80000518 (0x40bc5593) x11 0x00000000
core   0: 0x8000051c (0x0b810583) lb      a1, 184(sp)
core   0: 3 0x8000051c (0x0b810583) x11 0x00000000 mem 0x8001bf89
core   0: 0x80000520 (0x68943c13) sltiu   s8, s0, 1673
core   0: 3 0x80000520 (0x68943c13) x24 0x00000001
core   0: 0x80000524 (0xf88123a3) sw      s0, -121(sp)
core   0: 3 0x80000524 (0xf88123a3) mem 0x8001be58 0x00000000
core   0: 0x80000528 (0x014ec5b3) xor     a1, t4, s4
core   0: 3 0x80000528 (0x014ec5b3) x11 0x00000000
core   0: 0x8000052c (0x018ecc33) xor     s8, t4, s8
core   0: 3 0x8000052c (0x018ecc33) x24 0x00000001
core   0: 0x80000530 (0xf7111e83) lh      t4, -143(sp)
core   0: 3 0x80000530 (0xf7111e83) x29 0x00000000 mem 0x8001be42
core   0: 0x80000534 (0x01d44a33) xor     s4, s0, t4
core   0: 3 0x80000534 (0x01d44a33) x20 0x00000000
core   0: 0x80000538 (0x03e10703) lb      a4, 62(sp)
core   0: 3 0x80000538 (0x03e10703) x14 0x00000000 mem 0x8001bf0f
core   0: 0x8000053c (0xfa4c0593) addi    a1, s8, -92
core   0: 3 0x8000053c (0xfa4c0593) x11 0xffffffa5
core   0: 0x80000540 (0x05714a03) lbu     s4, 87(sp)
core   0: 3 0x80000540 (0x05714a03) x20 0x00000000 mem 0x8001bf28
core   0: 0x80000544 (0xf9410723) sb      s4, -114(sp)
core   0: 3 0x80000544 (0xf9410723) mem 0x8001be5f 0x0
core   0: 0x80000548 (0x408c5c33) sra     s8, s8, s0
core   0: 3 0x80000548 (0x408c5c33) x24 0x00000001
core   0: 0x8000054c (0x418a5eb3) sra     t4, s4, s8
core   0: 3 0x8000054c (0x418a5eb3) x29 0x00000000
core   0: 0x80000550 (0x0000100f) fence.i
core   0: 3 0x80000550 (0x0000100f)
core   0: 0x80000554 (0x00b77733) and     a4, a4, a1
core   0: 3 0x80000554 (0x00b77733) x14 0x00000000
core   0: 0x80000558 (0xfb410623) sb      s4, -84(sp)
core   0: 3 0x80000558 (0xfb410623) mem 0x8001be7d 0x0
core   0: 0x8000055c (0x09f10e83) lb      t4, 159(sp)
core   0: 3 0x8000055c (0x09f10e83) x29 0x00000000 mem 0x8001bf70
core   0: 0x80000560 (0xf1511e83) lh      t4, -235(sp)
core   0: 3 0x80000560 (0xf1511e83) x29 0x00000000 mem 0x8001bde6
core   0: 0x80000564 (0x67ac6713) ori     a4, s8, 1658
core   0: 3 0x80000564 (0x67ac6713) x14 0x0000067b
core   0: 0x80000568 (0xffd11c03) lh      s8, -3(sp)
core   0: 3 0x80000568 (0xffd11c03) x24 0x00000000 mem 0x8001bece
core   0: 0x8000056c (0xfe8123a3) sw      s0, -25(sp)
core   0: 3 0x8000056c (0xfe8123a3) mem 0x8001beb8 0x00000000
core   0: 0x80000570 (0x05c10e83) lb      t4, 92(sp)
core   0: 3 0x80000570 (0x05c10e83) x29 0x00000000 mem 0x8001bf2d
core   0: 0x80000574 (0x0145f5b3) and     a1, a1, s4
core   0: 3 0x80000574 (0x0145f5b3) x11 0x00000000
core   0: 0x80000578 (0x01dc35b3) sltu    a1, s8, t4
core   0: 3 0x80000578 (0x01dc35b3) x11 0x00000000
core   0: 0x8000057c (0x01dc15b3) sll     a1, s8, t4
core   0: 3 0x8000057c (0x01dc15b3) x11 0x00000000
core   0: 0x80000580 (0xf4812da3) sw      s0, -165(sp)
core   0: 3 0x80000580 (0xf4812da3) mem 0x8001be2c 0x00000000
core   0: 0x80000584 (0xf08106a3) sb      s0, -243(sp)
core   0: 3 0x80000584 (0xf08106a3) mem 0x8001bdde 0x0
core   0: 0x80000588 (0x00ba3a33) sltu    s4, s4, a1
core   0: 3 0x80000588 (0x00ba3a33) x20 0x00000000
core   0: 0x8000058c (0x018a35b3) sltu    a1, s4, s8
core   0: 3 0x8000058c (0x018a35b3) x11 0x00000000
core   0: 0x80000590 (0x6b0ec593) xori    a1, t4, 1712
core   0: 3 0x80000590 (0x6b0ec593) x11 0x000006b0
core   0: 0x80000594 (0x40b75a33) sra     s4, a4, a1
core   0: 3 0x80000594 (0x40b75a33) x20 0x00000000
core   0: 0x80000598 (0xfe910e83) lb      t4, -23(sp)
core   0: 3 0x80000598 (0xfe910e83) x29 0x00000000 mem 0x8001beba
core   0: 0x8000059c (0x00a00d93) li      s11, 10
core   0: 3 0x8000059c (0x00a00d93) x27 0x0000000a
core   0: 0x800005a0 (0x00000013) nop
core   0: 3 0x800005a0 (0x00000013)
core   0: 0x800005a4 (0x01360633) add     a2, a2, s3
core   0: 3 0x800005a4 (0x01360633) x12 0x80012fc5
core   0: 0x800005a8 (0x0000100f) fence.i
core   0: 3 0x800005a8 (0x0000100f)
core   0: 0x800005ac (0x00800c93) li      s9, 8
core   0: 3 0x800005ac (0x00800c93) x25 0x00000008
core   0: 0x800005b0 (0xce0da1b7) lui     gp, 0xce0da
core   0: 3 0x800005b0 (0xce0da1b7) x 3 0xce0da000
core   0: 0x800005b4 (0x01fbdf13) srli    t5, s7, 31
core   0: 3 0x800005b4 (0x01fbdf13) x30 0x00000001
core   0: 0x800005b8 (0x010e31b3) sltu    gp, t3, a6
core   0: 3 0x800005b8 (0x010e31b3) x 3 0x00000000
core   0: 0x800005bc (0x01d62a33) slt     s4, a2, t4
core   0: 3 0x800005bc (0x01d62a33) x20 0x00000001
core   0: 0x800005c0 (0x2105a313) slti    t1, a1, 528
core   0: 3 0x800005c0 (0x2105a313) x 6 0x00000000
core   0: 0x800005c4 (0x01627833) and     a6, tp, s6
core   0: 3 0x800005c4 (0x01627833) x16 0x80012018
core   0: 0x800005c8 (0x01048eb3) add     t4, s1, a6
core   0: 3 0x800005c8 (0x01048eb3) x29 0x0003dcfc
core   0: 0x800005cc (0x56ee0eb7) lui     t4, 0x56ee0
core   0: 3 0x800005cc (0x56ee0eb7) x29 0x56ee0000
core   0: 0x800005d0 (0xfffd8d93) addi    s11, s11, -1
core   0: 3 0x800005d0 (0xfffd8d93) x27 0x00000009
core   0: 0x800005d4 (0x0064a5b3) slt     a1, s1, t1
core   0: 3 0x800005d4 (0x0064a5b3) x11 0x00000001
core   0: 0x800005d8 (0x00000013) nop
core   0: 3 0x800005d8 (0x00000013)
core   0: 0x800005dc (0xff9d96e3) bne     s11, s9, pc - 20
core   0: 3 0x800005dc (0xff9d96e3)
core   0: 0x800005c8 (0x01048eb3) add     t4, s1, a6
core   0: 3 0x800005c8 (0x01048eb3) x29 0x0003dcfc
core   0: 0x800005cc (0x56ee0eb7) lui     t4, 0x56ee0
core   0: 3 0x800005cc (0x56ee0eb7) x29 0x56ee0000
core   0: 0x800005d0 (0xfffd8d93) addi    s11, s11, -1
core   0: 3 0x800005d0 (0xfffd8d93) x27 0x00000008
core   0: 0x800005d4 (0x0064a5b3) slt     a1, s1, t1
core   0: 3 0x800005d4 (0x0064a5b3) x11 0x00000001
core   0: 0x800005d8 (0x00000013) nop
core   0: 3 0x800005d8 (0x00000013)
core   0: 0x800005dc (0xff9d96e3) bne     s11, s9, pc - 20
core   0: 3 0x800005dc (0xff9d96e3)
core   0: 0x800005e0 (0x01e35833) srl     a6, t1, t5
core   0: 3 0x800005e0 (0x01e35833) x16 0x00000000
core   0: 0x800005e4 (0x00013917) auipc   s2, 0x13
core   0: 3 0x800005e4 (0x00013917) x18 0x800135e4
core   0: 0x800005e8 (0x9bb90913) addi    s2, s2, -1605
core   0: 3 0x800005e8 (0x9bb90913) x18 0x80012f9f
core   0: 0x800005ec (0xff790023) sb      s7, -32(s2)
core   0: 3 0x800005ec (0xff790023) mem 0x80012f7f 0x64
core   0: 0x800005f0 (0xfe090d03) lb      s10, -32(s2)
core   0: 3 0x800005f0 (0xfe090d03) x26 0x00000064 mem 0x80012f7f
core   0: 0x800005f4 (0xfed90023) sb      a3, -32(s2)
core   0: 3 0x800005f4 (0xfed90023) mem 0x80012f7f 0x5c
core   0: 0x800005f8 (0xfe090183) lb      gp, -32(s2)
core   0: 3 0x800005f8 (0xfe090183) x 3 0x0000005c mem 0x80012f7f
core   0: 0x800005fc (0xfe090a03) lb      s4, -32(s2)
core   0: 3 0x800005fc (0xfe090a03) x20 0x0000005c mem 0x80012f7f
core   0: 0x80000600 (0x0068c733) xor     a4, a7, t1
core   0: 3 0x80000600 (0x0068c733) x14 0x00000000
core   0: 0x80000604 (0xffe90023) sb      t5, -32(s2)
core   0: 3 0x80000604 (0xffe90023) mem 0x80012f7f 0x1
core   0: 0x80000608 (0xfe090f83) lb      t6, -32(s2)
core   0: 3 0x80000608 (0xfe090f83) x31 0x00000001 mem 0x80012f7f
core   0: 0x8000060c (0xfe094183) lbu     gp, -32(s2)
core   0: 3 0x8000060c (0xfe094183) x 3 0x00000001 mem 0x80012f7f
core   0: 0x80000610 (0xfe790023) sb      t2, -32(s2)
core   0: 3 0x80000610 (0xfe790023) mem 0x80012f7f 0x0
core   0: 0x80000614 (0xffa90023) sb      s10, -32(s2)
core   0: 3 0x80000614 (0xffa90023) mem 0x80012f7f 0x64
core   0: 0x80000618 (0xff590023) sb      s5, -32(s2)
core   0: 3 0x80000618 (0xff590023) mem 0x80012f7f 0xbb
core   0: 0x8000061c (0xfe094383) lbu     t2, -32(s2)
core   0: 3 0x8000061c (0xfe094383) x 7 0x000000bb mem 0x80012f7f
core   0: 0x80000620 (0x00000013) nop
core   0: 3 0x80000620 (0x00000013)
core   0: 0x80000624 (0xff690023) sb      s6, -32(s2)
core   0: 3 0x80000624 (0xff690023) mem 0x80012f7f 0x7f
core   0: 0x80000628 (0x0001e897) auipc   a7, 0x1e
core   0: 3 0x80000628 (0x0001e897) x17 0x8001e628
core   0: 0x8000062c (0xf3188893) addi    a7, a7, -207
core   0: 3 0x8000062c (0xf3188893) x17 0x8001e559
core   0: 0x80000630 (0x04b8a983) lw      s3, 75(a7)
core   0: 3 0x80000630 (0x04b8a983) x19 0x00000000 mem 0x8001e5a4
core   0: 0x80000634 (0x04688783) lb      a5, 70(a7)
core   0: 3 0x80000634 (0x04688783) x15 0x00000000 mem 0x8001e59f
core   0: 0x80000638 (0x00012617) auipc   a2, 0x12
core   0: 3 0x80000638 (0x00012617) x12 0x80012638
core   0: 0x8000063c (0x66a60613) addi    a2, a2, 1642
core   0: 3 0x8000063c (0x66a60613) x12 0x80012ca2
core   0: 0x80000640 (0x0b388083) lb      ra, 179(a7)
core   0: 3 0x80000640 (0x0b388083) x 1 0x00000000 mem 0x8001e60c
core   0: 0x80000644 (0xf34606a3) sb      s4, -211(a2)
core   0: 3 0x80000644 (0xf34606a3) mem 0x80012bcf 0x5c
core   0: 0x80000648 (0x0ae88e23) sb      a4, 188(a7)
core   0: 3 0x80000648 (0x0ae88e23) mem 0x8001e615 0x0
core   0: 0x8000064c (0xe17603a3) sb      s7, -505(a2)
core   0: 3 0x8000064c (0xe17603a3) mem 0x80012aa9 0x64
core   0: 0x80000650 (0xf4262783) lw      a5, -190(a2)
core   0: 3 0x80000650 (0xf4262783) x15 0x00000000 mem 0x80012be4
core   0: 0x80000654 (0xd1a65303) lhu     t1, -742(a2)
core   0: 3 0x80000654 (0xd1a65303) x 6 0x00000000 mem 0x800129bc
core   0: 0x80000658 (0x07c88903) lb      s2, 124(a7)
core   0: 3 0x80000658 (0x07c88903) x18 0x00000000 mem 0x8001e5d5
core   0: 0x8000065c (0x14560803) lb      a6, 325(a2)
core   0: 3 0x8000065c (0x14560803) x16 0x00000000 mem 0x80012de7
core   0: 0x80000660 (0xf3189c83) lh      s9, -207(a7)
core   0: 3 0x80000660 (0xf3189c83) x25 0x00000000 mem 0x8001e48a
core   0: 0x80000664 (0x020007ef) jal     a5, pc + 0x20
core   0: 3 0x80000664 (0x020007ef) x15 0x80000668
core   0: 0x80000684 (0x0180016f) jal     sp, pc + 0x18
core   0: 3 0x80000684 (0x0180016f) x 2 0x80000688
core   0: 0x8000069c (0xffdff0ef) jal     pc - 0x4
core   0: 3 0x8000069c (0xffdff0ef) x 1 0x800006a0
core   0: 0x80000698 (0xfd1ff0ef) jal     pc - 0x30
core   0: 3 0x80000698 (0xfd1ff0ef) x 1 0x8000069c
core   0: 0x80000668 (0x0080036f) jal     t1, pc + 0x8
core   0: 3 0x80000668 (0x0080036f) x 6 0x8000066c
core   0: 0x80000670 (0x040000ef) jal     pc + 0x40
core   0: 3 0x80000670 (0x040000ef) x 1 0x80000674
core   0: 0x800006b0 (0xff5ff8ef) jal     a7, pc - 0xc
core   0: 3 0x800006b0 (0xff5ff8ef) x17 0x800006b4
core   0: 0x800006a4 (0xffdff36f) jal     t1, pc - 0x4
core   0: 3 0x800006a4 (0xffdff36f) x 6 0x800006a8
core   0: 0x800006a0 (0x018000ef) jal     pc + 0x18
core   0: 3 0x800006a0 (0x018000ef) x 1 0x800006a4
core   0: 0x800006b8 (0xfb5ff0ef) jal     pc - 0x4c
core   0: 3 0x800006b8 (0xfb5ff0ef) x 1 0x800006bc
core   0: 0x8000066c (0x020001ef) jal     gp, pc + 0x20
core   0: 3 0x8000066c (0x020001ef) x 3 0x80000670
core   0: 0x8000068c (0xfe9ff2ef) jal     t0, pc - 0x18
core   0: 3 0x8000068c (0xfe9ff2ef) x 5 0x80000690
core   0: 0x80000674 (0x0400036f) jal     t1, pc + 0x40
core   0: 3 0x80000674 (0x0400036f) x 6 0x80000678
core   0: 0x800006b4 (0xff5ff6ef) jal     a3, pc - 0xc
core   0: 3 0x800006b4 (0xff5ff6ef) x13 0x800006b8
core   0: 0x800006a8 (0xfe9ff0ef) jal     pc - 0x18
core   0: 3 0x800006a8 (0xfe9ff0ef) x 1 0x800006ac
core   0: 0x80000690 (0x004001ef) jal     gp, pc + 0x4
core   0: 3 0x80000690 (0x004001ef) x 3 0x80000694
core   0: 0x80000694 (0xfe5ff0ef) jal     pc - 0x1c
core   0: 3 0x80000694 (0xfe5ff0ef) x 1 0x80000698
core   0: 0x80000678 (0x048005ef) jal     a1, pc + 0x48
core   0: 3 0x80000678 (0x048005ef) x11 0x8000067c
core   0: 0x800006c0 (0xfedff36f) jal     t1, pc - 0x14
core   0: 3 0x800006c0 (0xfedff36f) x 6 0x800006c4
core   0: 0x800006ac (0xfd1ff0ef) jal     pc - 0x30
core   0: 3 0x800006ac (0xfd1ff0ef) x 1 0x800006b0
core   0: 0x8000067c (0x00c0036f) jal     t1, pc + 0xc
core   0: 3 0x8000067c (0x00c0036f) x 6 0x80000680
core   0: 0x80000688 (0x03400f6f) jal     t5, pc + 0x34
core   0: 3 0x80000688 (0x03400f6f) x30 0x8000068c
core   0: 0x800006bc (0x008000ef) jal     pc + 0x8
core   0: 3 0x800006bc (0x008000ef) x 1 0x800006c0
core   0: 0x800006c4 (0xfbdff0ef) jal     pc - 0x44
core   0: 3 0x800006c4 (0xfbdff0ef) x 1 0x800006c8
core   0: 0x80000680 (0x0480016f) jal     sp, pc + 0x48
core   0: 3 0x80000680 (0x0480016f) x 2 0x80000684
core   0: 0x800006c8 (0x003f50b3) srl     ra, t5, gp
core   0: 3 0x800006c8 (0x003f50b3) x 1 0x00000800
core   0: 0x800006cc (0xffb00a13) li      s4, -5
core   0: 3 0x800006cc (0xffb00a13) x20 0xfffffffb
core   0: 0x800006d0 (0xf98f7717) auipc   a4, 0xf98f7
core   0: 3 0x800006d0 (0xf98f7717) x14 0x798f76d0
core   0: 0x800006d4 (0x40a15613) srai    a2, sp, 10
core   0: 3 0x800006d4 (0x40a15613) x12 0xffe00001
core   0: 0x800006d8 (0x00b00193) li      gp, 11
core   0: 3 0x800006d8 (0x00b00193) x 3 0x0000000b
core   0: 0x800006dc (0x25c96093) ori     ra, s2, 604
core   0: 3 0x800006dc (0x25c96093) x 1 0x0000025c
core   0: 0x800006e0 (0x00ae78b3) and     a7, t3, a0
core   0: 3 0x800006e0 (0x00ae78b3) x17 0x00000000
core   0: 0x800006e4 (0x00000013) nop
core   0: 3 0x800006e4 (0x00000013)
core   0: 0x800006e8 (0xf3c63393) sltiu   t2, a2, -196
core   0: 3 0x800006e8 (0xf3c63393) x 7 0x00000001
core   0: 0x800006ec (0x002a0a13) addi    s4, s4, 2
core   0: 3 0x800006ec (0x002a0a13) x20 0xfffffffd
core   0: 0x800006f0 (0x92c10217) auipc   tp, 0x92c10
core   0: 3 0x800006f0 (0x92c10217) x 4 0x12c106f0
core   0: 0x800006f4 (0x4ca5b693) sltiu   a3, a1, 1226
core   0: 3 0x800006f4 (0x4ca5b693) x13 0x00000000
core   0: 0x800006f8 (0x00700793) li      a5, 7
core   0: 3 0x800006f8 (0x00700793) x15 0x00000007
core   0: 0x800006fc (0x0000100f) fence.i
core   0: 3 0x800006fc (0x0000100f)
core   0: 0x80000700 (0x01321e93) slli    t4, tp, 19
core   0: 3 0x80000700 (0x01321e93) x29 0x37800000
core   0: 0x80000704 (0x00300813) li      a6, 3
core   0: 3 0x80000704 (0x00300813) x16 0x00000003
core   0: 0x80000708 (0x0161a433) slt     s0, gp, s6
core   0: 3 0x80000708 (0x0161a433) x 8 0x00000000
core   0: 0x8000070c (0x01aa2633) slt     a2, s4, s10
core   0: 3 0x8000070c (0x01aa2633) x12 0x00000001
core   0: 0x80000710 (0x10604397) auipc   t2, 0x10604
core   0: 3 0x80000710 (0x10604397) x 7 0x90604710
core   0: 0x80000714 (0xfff78793) addi    a5, a5, -1
core   0: 3 0x80000714 (0xfff78793) x15 0x00000006
core   0: 0x80000718 (0xff07fae3) bgeu    a5, a6, pc - 12
core   0: 3 0x80000718 (0xff07fae3)
core   0: 0x8000070c (0x01aa2633) slt     a2, s4, s10
core   0: 3 0x8000070c (0x01aa2633) x12 0x00000001
core   0: 0x80000710 (0x10604397) auipc   t2, 0x10604
core   0: 3 0x80000710 (0x10604397) x 7 0x90604710
core   0: 0x80000714 (0xfff78793) addi    a5, a5, -1
core   0: 3 0x80000714 (0xfff78793) x15 0x00000005
core   0: 0x80000718 (0xff07fae3) bgeu    a5, a6, pc - 12
core   0: 3 0x80000718 (0xff07fae3)
core   0: 0x8000070c (0x01aa2633) slt     a2, s4, s10
core   0: 3 0x8000070c (0x01aa2633) x12 0x00000001
core   0: 0x80000710 (0x10604397) auipc   t2, 0x10604
core   0: 3 0x80000710 (0x10604397) x 7 0x90604710
core   0: 0x80000714 (0xfff78793) addi    a5, a5, -1
core   0: 3 0x80000714 (0xfff78793) x15 0x00000004
core   0: 0x80000718 (0xff07fae3) bgeu    a5, a6, pc - 12
core   0: 3 0x80000718 (0xff07fae3)
core   0: 0x8000070c (0x01aa2633) slt     a2, s4, s10
core   0: 3 0x8000070c (0x01aa2633) x12 0x00000001
core   0: 0x80000710 (0x10604397) auipc   t2, 0x10604
core   0: 3 0x80000710 (0x10604397) x 7 0x90604710
core   0: 0x80000714 (0xfff78793) addi    a5, a5, -1
core   0: 3 0x80000714 (0xfff78793) x15 0x00000003
core   0: 0x80000718 (0xff07fae3) bgeu    a5, a6, pc - 12
core   0: 3 0x80000718 (0xff07fae3)
core   0: 0x8000070c (0x01aa2633) slt     a2, s4, s10
core   0: 3 0x8000070c (0x01aa2633) x12 0x00000001
core   0: 0x80000710 (0x10604397) auipc   t2, 0x10604
core   0: 3 0x80000710 (0x10604397) x 7 0x90604710
core   0: 0x80000714 (0xfff78793) addi    a5, a5, -1
core   0: 3 0x80000714 (0xfff78793) x15 0x00000002
core   0: 0x80000718 (0xff07fae3) bgeu    a5, a6, pc - 12
core   0: 3 0x80000718 (0xff07fae3)
core   0: 0x8000071c (0xc4344e93) xori    t4, s0, -957
core   0: 3 0x8000071c (0xc4344e93) x29 0xfffffc43
core   0: 0x80000720 (0x7540af97) auipc   t6, 0x7540a
core   0: 3 0x80000720 (0x7540af97) x31 0xf540a720
core   0: 0x80000724 (0xfa3a6ee3) bltu    s4, gp, pc - 68
core   0: 3 0x80000724 (0xfa3a6ee3)
core   0: 0x80000728 (0x4e748617) auipc   a2, 0x4e748
core   0: 3 0x80000728 (0x4e748617) x12 0xce748728
core   0: 0x8000072c (0xffd00913) li      s2, -3
core   0: 3 0x8000072c (0xffd00913) x18 0xfffffffd
core   0: 0x80000730 (0x01100813) li      a6, 17
core   0: 3 0x80000730 (0x01100813) x16 0x00000011
core   0: 0x80000734 (0xdf966893) ori     a7, a2, -519
core   0: 3 0x80000734 (0xdf966893) x17 0xfffffff9
core   0: 0x80000738 (0x400bd413) srai    s0, s7, 0
core   0: 3 0x80000738 (0x400bd413) x 8 0x80027e64
core   0: 0x8000073c (0x00790913) addi    s2, s2, 7
core   0: 3 0x8000073c (0x00790913) x18 0x00000004
core   0: 0x80000740 (0x00800713) li      a4, 8
core   0: 3 0x80000740 (0x00800713) x14 0x00000008
core   0: 0x80000744 (0x001c9a13) slli    s4, s9, 1
core   0: 3 0x80000744 (0x001c9a13) x20 0x00000000
core   0: 0x80000748 (0x00700c13) li      s8, 7
core   0: 3 0x80000748 (0x00700c13) x24 0x00000007
core   0: 0x8000074c (0x0173ceb3) xor     t4, t2, s7
core   0: 3 0x8000074c (0x0173ceb3) x29 0x10623974
core   0: 0x80000750 (0x9669cd93) xori    s11, s3, -1690
core   0: 3 0x80000750 (0x9669cd93) x27 0xfffff966
core   0: 0x80000754 (0xffc70713) addi    a4, a4, -4
core   0: 3 0x80000754 (0xffc70713) x14 0x00000004
core   0: 0x80000758 (0x00782033) slt     zero, a6, t2
core   0: 3 0x80000758 (0x00782033)
core   0: 0x8000075c (0xff877ae3) bgeu    a4, s8, pc - 12
core   0: 3 0x8000075c (0xff877ae3)
core   0: 0x80000760 (0xfd096ae3) bltu    s2, a6, pc - 44
core   0: 3 0x80000760 (0xfd096ae3)
core   0: 0x80000734 (0xdf966893) ori     a7, a2, -519
core   0: 3 0x80000734 (0xdf966893) x17 0xfffffff9
core   0: 0x80000738 (0x400bd413) srai    s0, s7, 0
core   0: 3 0x80000738 (0x400bd413) x 8 0x80027e64
core   0: 0x8000073c (0x00790913) addi    s2, s2, 7
core   0: 3 0x8000073c (0x00790913) x18 0x0000000b
core   0: 0x80000740 (0x00800713) li      a4, 8
core   0: 3 0x80000740 (0x00800713) x14 0x00000008
core   0: 0x80000744 (0x001c9a13) slli    s4, s9, 1
core   0: 3 0x80000744 (0x001c9a13) x20 0x00000000
core   0: 0x80000748 (0x00700c13) li      s8, 7
core   0: 3 0x80000748 (0x00700c13) x24 0x00000007
core   0: 0x8000074c (0x0173ceb3) xor     t4, t2, s7
core   0: 3 0x8000074c (0x0173ceb3) x29 0x10623974
core   0: 0x80000750 (0x9669cd93) xori    s11, s3, -1690
core   0: 3 0x80000750 (0x9669cd93) x27 0xfffff966
core   0: 0x80000754 (0xffc70713) addi    a4, a4, -4
core   0: 3 0x80000754 (0xffc70713) x14 0x00000004
core   0: 0x80000758 (0x00782033) slt     zero, a6, t2
core   0: 3 0x80000758 (0x00782033)
core   0: 0x8000075c (0xff877ae3) bgeu    a4, s8, pc - 12
core   0: 3 0x8000075c (0xff877ae3)
core   0: 0x80000760 (0xfd096ae3) bltu    s2, a6, pc - 44
core   0: 3 0x80000760 (0xfd096ae3)
core   0: 0x80000734 (0xdf966893) ori     a7, a2, -519
core   0: 3 0x80000734 (0xdf966893) x17 0xfffffff9
core   0: 0x80000738 (0x400bd413) srai    s0, s7, 0
core   0: 3 0x80000738 (0x400bd413) x 8 0x80027e64
core   0: 0x8000073c (0x00790913) addi    s2, s2, 7
core   0: 3 0x8000073c (0x00790913) x18 0x00000012
core   0: 0x80000740 (0x00800713) li      a4, 8
core   0: 3 0x80000740 (0x00800713) x14 0x00000008
core   0: 0x80000744 (0x001c9a13) slli    s4, s9, 1
core   0: 3 0x80000744 (0x001c9a13) x20 0x00000000
core   0: 0x80000748 (0x00700c13) li      s8, 7
core   0: 3 0x80000748 (0x00700c13) x24 0x00000007
core   0: 0x8000074c (0x0173ceb3) xor     t4, t2, s7
core   0: 3 0x8000074c (0x0173ceb3) x29 0x10623974
core   0: 0x80000750 (0x9669cd93) xori    s11, s3, -1690
core   0: 3 0x80000750 (0x9669cd93) x27 0xfffff966
core   0: 0x80000754 (0xffc70713) addi    a4, a4, -4
core   0: 3 0x80000754 (0xffc70713) x14 0x00000004
core   0: 0x80000758 (0x00782033) slt     zero, a6, t2
core   0: 3 0x80000758 (0x00782033)
core   0: 0x8000075c (0xff877ae3) bgeu    a4, s8, pc - 12
core   0: 3 0x8000075c (0xff877ae3)
core   0: 0x80000760 (0xfd096ae3) bltu    s2, a6, pc - 44
core   0: 3 0x80000760 (0xfd096ae3)
core   0: 0x80000764 (0x014ab9b3) sltu    s3, s5, s4
core   0: 3 0x80000764 (0x014ab9b3) x19 0x00000000
core   0: 0x80000768 (0xffc00693) li      a3, -4
core   0: 3 0x80000768 (0xffc00693) x13 0xfffffffc
core   0: 0x8000076c (0x0000100f) fence.i
core   0: 3 0x8000076c (0x0000100f)
core   0: 0x80000770 (0x00da0c33) add     s8, s4, a3
core   0: 3 0x80000770 (0x00da0c33) x24 0xfffffffc
core   0: 0x80000774 (0x4c720c13) addi    s8, tp, 1223
core   0: 3 0x80000774 (0x4c720c13) x24 0x12c10bb7
core   0: 0x80000778 (0x01300f93) li      t6, 19
core   0: 3 0x80000778 (0x01300f93) x31 0x00000013
core   0: 0x8000077c (0x4fcfe837) lui     a6, 0x4fcfe
core   0: 3 0x8000077c (0x4fcfe837) x16 0x4fcfe000
core   0: 0x80000780 (0xcd4a8313) addi    t1, s5, -812
core   0: 3 0x80000780 (0xcd4a8313) x 6 0xfdb00f8f
core   0: 0x80000784 (0x00e51eb3) sll     t4, a0, a4
core   0: 3 0x80000784 (0x00e51eb3) x29 0x00000000
core   0: 0x80000788 (0xca654213) xori    tp, a0, -858
core   0: 3 0x80000788 (0xca654213) x 4 0xfffffca6
core   0: 0x8000078c (0x00468693) addi    a3, a3, 4
core   0: 3 0x8000078c (0x00468693) x13 0x00000000
core   0: 0x80000790 (0x012bd193) srli    gp, s7, 18
core   0: 3 0x80000790 (0x012bd193) x 3 0x00002000
core   0: 0x80000794 (0x00400413) li      s0, 4
core   0: 3 0x80000794 (0x00400413) x 8 0x00000004
core   0: 0x80000798 (0x01200113) li      sp, 18
core   0: 3 0x80000798 (0x01200113) x 2 0x00000012
core   0: 0x8000079c (0x0077dcb3) srl     s9, a5, t2
core   0: 3 0x8000079c (0x0077dcb3) x25 0x00000000
core   0: 0x800007a0 (0x01d03733) snez    a4, t4
core   0: 3 0x800007a0 (0x01d03733) x14 0x00000000
core   0: 0x800007a4 (0x0990fe13) andi    t3, ra, 153
core   0: 3 0x800007a4 (0x0990fe13) x28 0x00000018
core   0: 0x800007a8 (0x4cdea613) slti    a2, t4, 1229
core   0: 3 0x800007a8 (0x4cdea613) x12 0x00000001
core   0: 0x800007ac (0x00740413) addi    s0, s0, 7
core   0: 3 0x800007ac (0x00740413) x 8 0x0000000b
core   0: 0x800007b0 (0x0ff0000f) fence   iorw,iorw
core   0: 3 0x800007b0 (0x0ff0000f)
core   0: 0x800007b4 (0xfe2446e3) blt     s0, sp, pc - 20
core   0: 3 0x800007b4 (0xfe2446e3)
core   0: 0x800007a0 (0x01d03733) snez    a4, t4
core   0: 3 0x800007a0 (0x01d03733) x14 0x00000000
core   0: 0x800007a4 (0x0990fe13) andi    t3, ra, 153
core   0: 3 0x800007a4 (0x0990fe13) x28 0x00000018
core   0: 0x800007a8 (0x4cdea613) slti    a2, t4, 1229
core   0: 3 0x800007a8 (0x4cdea613) x12 0x00000001
core   0: 0x800007ac (0x00740413) addi    s0, s0, 7
core   0: 3 0x800007ac (0x00740413) x 8 0x00000012
core   0: 0x800007b0 (0x0ff0000f) fence   iorw,iorw
core   0: 3 0x800007b0 (0x0ff0000f)
core   0: 0x800007b4 (0xfe2446e3) blt     s0, sp, pc - 20
core   0: 3 0x800007b4 (0xfe2446e3)
core   0: 0x800007b8 (0x418c8f33) sub     t5, s9, s8
core   0: 3 0x800007b8 (0x418c8f33) x30 0xed3ef449
core   0: 0x800007bc (0x01fe07b3) add     a5, t3, t6
core   0: 3 0x800007bc (0x01fe07b3) x15 0x0000002b
core   0: 0x800007c0 (0xfdf6e0e3) bltu    a3, t6, pc - 64
core   0: 3 0x800007c0 (0xfdf6e0e3)
core   0: 0x80000780 (0xcd4a8313) addi    t1, s5, -812
core   0: 3 0x80000780 (0xcd4a8313) x 6 0xfdb00f8f
core   0: 0x80000784 (0x00e51eb3) sll     t4, a0, a4
core   0: 3 0x80000784 (0x00e51eb3) x29 0x00000000
core   0: 0x80000788 (0xca654213) xori    tp, a0, -858
core   0: 3 0x80000788 (0xca654213) x 4 0xfffffca6
core   0: 0x8000078c (0x00468693) addi    a3, a3, 4
core   0: 3 0x8000078c (0x00468693) x13 0x00000004
core   0: 0x80000790 (0x012bd193) srli    gp, s7, 18
core   0: 3 0x80000790 (0x012bd193) x 3 0x00002000
core   0: 0x80000794 (0x00400413) li      s0, 4
core   0: 3 0x80000794 (0x00400413) x 8 0x00000004
core   0: 0x80000798 (0x01200113) li      sp, 18
core   0: 3 0x80000798 (0x01200113) x 2 0x00000012
core   0: 0x8000079c (0x0077dcb3) srl     s9, a5, t2
core   0: 3 0x8000079c (0x0077dcb3) x25 0x00000000
core   0: 0x800007a0 (0x01d03733) snez    a4, t4
core   0: 3 0x800007a0 (0x01d03733) x14 0x00000000
core   0: 0x800007a4 (0x0990fe13) andi    t3, ra, 153
core   0: 3 0x800007a4 (0x0990fe13) x28 0x00000018
core   0: 0x800007a8 (0x4cdea613) slti    a2, t4, 1229
core   0: 3 0x800007a8 (0x4cdea613) x12 0x00000001
core   0: 0x800007ac (0x00740413) addi    s0, s0, 7
core   0: 3 0x800007ac (0x00740413) x 8 0x0000000b
core   0: 0x800007b0 (0x0ff0000f) fence   iorw,iorw
core   0: 3 0x800007b0 (0x0ff0000f)
core   0: 0x800007b4 (0xfe2446e3) blt     s0, sp, pc - 20
core   0: 3 0x800007b4 (0xfe2446e3)
core   0: 0x800007a0 (0x01d03733) snez    a4, t4
core   0: 3 0x800007a0 (0x01d03733) x14 0x00000000
core   0: 0x800007a4 (0x0990fe13) andi    t3, ra, 153
core   0: 3 0x800007a4 (0x0990fe13) x28 0x00000018
core   0: 0x800007a8 (0x4cdea613) slti    a2, t4, 1229
core   0: 3 0x800007a8 (0x4cdea613) x12 0x00000001
core   0: 0x800007ac (0x00740413) addi    s0, s0, 7
core   0: 3 0x800007ac (0x00740413) x 8 0x00000012
core   0: 0x800007b0 (0x0ff0000f) fence   iorw,iorw
core   0: 3 0x800007b0 (0x0ff0000f)
core   0: 0x800007b4 (0xfe2446e3) blt     s0, sp, pc - 20
core   0: 3 0x800007b4 (0xfe2446e3)
core   0: 0x800007b8 (0x418c8f33) sub     t5, s9, s8
core   0: 3 0x800007b8 (0x418c8f33) x30 0xed3ef449
core   0: 0x800007bc (0x01fe07b3) add     a5, t3, t6
core   0: 3 0x800007bc (0x01fe07b3) x15 0x0000002b
core   0: 0x800007c0 (0xfdf6e0e3) bltu    a3, t6, pc - 64
core   0: 3 0x800007c0 (0xfdf6e0e3)
core   0: 0x80000780 (0xcd4a8313) addi    t1, s5, -812
core   0: 3 0x80000780 (0xcd4a8313) x 6 0xfdb00f8f
core   0: 0x80000784 (0x00e51eb3) sll     t4, a0, a4
core   0: 3 0x80000784 (0x00e51eb3) x29 0x00000000
core   0: 0x80000788 (0xca654213) xori    tp, a0, -858
core   0: 3 0x80000788 (0xca654213) x 4 0xfffffca6
core   0: 0x8000078c (0x00468693) addi    a3, a3, 4
core   0: 3 0x8000078c (0x00468693) x13 0x00000008
core   0: 0x80000790 (0x012bd193) srli    gp, s7, 18
core   0: 3 0x80000790 (0x012bd193) x 3 0x00002000
core   0: 0x80000794 (0x00400413) li      s0, 4
core   0: 3 0x80000794 (0x00400413) x 8 0x00000004
core   0: 0x80000798 (0x01200113) li      sp, 18
core   0: 3 0x80000798 (0x01200113) x 2 0x00000012
core   0: 0x8000079c (0x0077dcb3) srl     s9, a5, t2
core   0: 3 0x8000079c (0x0077dcb3) x25 0x00000000
core   0: 0x800007a0 (0x01d03733) snez    a4, t4
core   0: 3 0x800007a0 (0x01d03733) x14 0x00000000
core   0: 0x800007a4 (0x0990fe13) andi    t3, ra, 153
core   0: 3 0x800007a4 (0x0990fe13) x28 0x00000018
core   0: 0x800007a8 (0x4cdea613) slti    a2, t4, 1229
core   0: 3 0x800007a8 (0x4cdea613) x12 0x00000001
core   0: 0x800007ac (0x00740413) addi    s0, s0, 7
core   0: 3 0x800007ac (0x00740413) x 8 0x0000000b
core   0: 0x800007b0 (0x0ff0000f) fence   iorw,iorw
core   0: 3 0x800007b0 (0x0ff0000f)
core   0: 0x800007b4 (0xfe2446e3) blt     s0, sp, pc - 20
core   0: 3 0x800007b4 (0xfe2446e3)
core   0: 0x800007a0 (0x01d03733) snez    a4, t4
core   0: 3 0x800007a0 (0x01d03733) x14 0x00000000
core   0: 0x800007a4 (0x0990fe13) andi    t3, ra, 153
core   0: 3 0x800007a4 (0x0990fe13) x28 0x00000018
core   0: 0x800007a8 (0x4cdea613) slti    a2, t4, 1229
core   0: 3 0x800007a8 (0x4cdea613) x12 0x00000001
core   0: 0x800007ac (0x00740413) addi    s0, s0, 7
core   0: 3 0x800007ac (0x00740413) x 8 0x00000012
core   0: 0x800007b0 (0x0ff0000f) fence   iorw,iorw
core   0: 3 0x800007b0 (0x0ff0000f)
core   0: 0x800007b4 (0xfe2446e3) blt     s0, sp, pc - 20
core   0: 3 0x800007b4 (0xfe2446e3)
core   0: 0x800007b8 (0x418c8f33) sub     t5, s9, s8
core   0: 3 0x800007b8 (0x418c8f33) x30 0xed3ef449
core   0: 0x800007bc (0x01fe07b3) add     a5, t3, t6
core   0: 3 0x800007bc (0x01fe07b3) x15 0x0000002b
core   0: 0x800007c0 (0xfdf6e0e3) bltu    a3, t6, pc - 64
core   0: 3 0x800007c0 (0xfdf6e0e3)
core   0: 0x80000780 (0xcd4a8313) addi    t1, s5, -812
core   0: 3 0x80000780 (0xcd4a8313) x 6 0xfdb00f8f
core   0: 0x80000784 (0x00e51eb3) sll     t4, a0, a4
core   0: 3 0x80000784 (0x00e51eb3) x29 0x00000000
core   0: 0x80000788 (0xca654213) xori    tp, a0, -858
core   0: 3 0x80000788 (0xca654213) x 4 0xfffffca6
core   0: 0x8000078c (0x00468693) addi    a3, a3, 4
core   0: 3 0x8000078c (0x00468693) x13 0x0000000c
core   0: 0x80000790 (0x012bd193) srli    gp, s7, 18
core   0: 3 0x80000790 (0x012bd193) x 3 0x00002000
core   0: 0x80000794 (0x00400413) li      s0, 4
core   0: 3 0x80000794 (0x00400413) x 8 0x00000004
core   0: 0x80000798 (0x01200113) li      sp, 18
core   0: 3 0x80000798 (0x01200113) x 2 0x00000012
core   0: 0x8000079c (0x0077dcb3) srl     s9, a5, t2
core   0: 3 0x8000079c (0x0077dcb3) x25 0x00000000
core   0: 0x800007a0 (0x01d03733) snez    a4, t4
core   0: 3 0x800007a0 (0x01d03733) x14 0x00000000
core   0: 0x800007a4 (0x0990fe13) andi    t3, ra, 153
core   0: 3 0x800007a4 (0x0990fe13) x28 0x00000018
core   0: 0x800007a8 (0x4cdea613) slti    a2, t4, 1229
core   0: 3 0x800007a8 (0x4cdea613) x12 0x00000001
core   0: 0x800007ac (0x00740413) addi    s0, s0, 7
core   0: 3 0x800007ac (0x00740413) x 8 0x0000000b
core   0: 0x800007b0 (0x0ff0000f) fence   iorw,iorw
core   0: 3 0x800007b0 (0x0ff0000f)
core   0: 0x800007b4 (0xfe2446e3) blt     s0, sp, pc - 20
core   0: 3 0x800007b4 (0xfe2446e3)
core   0: 0x800007a0 (0x01d03733) snez    a4, t4
core   0: 3 0x800007a0 (0x01d03733) x14 0x00000000
core   0: 0x800007a4 (0x0990fe13) andi    t3, ra, 153
core   0: 3 0x800007a4 (0x0990fe13) x28 0x00000018
core   0: 0x800007a8 (0x4cdea613) slti    a2, t4, 1229
core   0: 3 0x800007a8 (0x4cdea613) x12 0x00000001
core   0: 0x800007ac (0x00740413) addi    s0, s0, 7
core   0: 3 0x800007ac (0x00740413) x 8 0x00000012
core   0: 0x800007b0 (0x0ff0000f) fence   iorw,iorw
core   0: 3 0x800007b0 (0x0ff0000f)
core   0: 0x800007b4 (0xfe2446e3) blt     s0, sp, pc - 20
core   0: 3 0x800007b4 (0xfe2446e3)
core   0: 0x800007b8 (0x418c8f33) sub     t5, s9, s8
core   0: 3 0x800007b8 (0x418c8f33) x30 0xed3ef449
core   0: 0x800007bc (0x01fe07b3) add     a5, t3, t6
core   0: 3 0x800007bc (0x01fe07b3) x15 0x0000002b
core   0: 0x800007c0 (0xfdf6e0e3) bltu    a3, t6, pc - 64
core   0: 3 0x800007c0 (0xfdf6e0e3)
core   0: 0x80000780 (0xcd4a8313) addi    t1, s5, -812
core   0: 3 0x80000780 (0xcd4a8313) x 6 0xfdb00f8f
core   0: 0x80000784 (0x00e51eb3) sll     t4, a0, a4
core   0: 3 0x80000784 (0x00e51eb3) x29 0x00000000
core   0: 0x80000788 (0xca654213) xori    tp, a0, -858
core   0: 3 0x80000788 (0xca654213) x 4 0xfffffca6
core   0: 0x8000078c (0x00468693) addi    a3, a3, 4
core   0: 3 0x8000078c (0x00468693) x13 0x00000010
core   0: 0x80000790 (0x012bd193) srli    gp, s7, 18
core   0: 3 0x80000790 (0x012bd193) x 3 0x00002000
core   0: 0x80000794 (0x00400413) li      s0, 4
core   0: 3 0x80000794 (0x00400413) x 8 0x00000004
core   0: 0x80000798 (0x01200113) li      sp, 18
core   0: 3 0x80000798 (0x01200113) x 2 0x00000012
core   0: 0x8000079c (0x0077dcb3) srl     s9, a5, t2
core   0: 3 0x8000079c (0x0077dcb3) x25 0x00000000
core   0: 0x800007a0 (0x01d03733) snez    a4, t4
core   0: 3 0x800007a0 (0x01d03733) x14 0x00000000
core   0: 0x800007a4 (0x0990fe13) andi    t3, ra, 153
core   0: 3 0x800007a4 (0x0990fe13) x28 0x00000018
core   0: 0x800007a8 (0x4cdea613) slti    a2, t4, 1229
core   0: 3 0x800007a8 (0x4cdea613) x12 0x00000001
core   0: 0x800007ac (0x00740413) addi    s0, s0, 7
core   0: 3 0x800007ac (0x00740413) x 8 0x0000000b
core   0: 0x800007b0 (0x0ff0000f) fence   iorw,iorw
core   0: 3 0x800007b0 (0x0ff0000f)
core   0: 0x800007b4 (0xfe2446e3) blt     s0, sp, pc - 20
core   0: 3 0x800007b4 (0xfe2446e3)
core   0: 0x800007a0 (0x01d03733) snez    a4, t4
core   0: 3 0x800007a0 (0x01d03733) x14 0x00000000
core   0: 0x800007a4 (0x0990fe13) andi    t3, ra, 153
core   0: 3 0x800007a4 (0x0990fe13) x28 0x00000018
core   0: 0x800007a8 (0x4cdea613) slti    a2, t4, 1229
core   0: 3 0x800007a8 (0x4cdea613) x12 0x00000001
core   0: 0x800007ac (0x00740413) addi    s0, s0, 7
core   0: 3 0x800007ac (0x00740413) x 8 0x00000012
core   0: 0x800007b0 (0x0ff0000f) fence   iorw,iorw
core   0: 3 0x800007b0 (0x0ff0000f)
core   0: 0x800007b4 (0xfe2446e3) blt     s0, sp, pc - 20
core   0: 3 0x800007b4 (0xfe2446e3)
core   0: 0x800007b8 (0x418c8f33) sub     t5, s9, s8
core   0: 3 0x800007b8 (0x418c8f33) x30 0xed3ef449
core   0: 0x800007bc (0x01fe07b3) add     a5, t3, t6
core   0: 3 0x800007bc (0x01fe07b3) x15 0x0000002b
core   0: 0x800007c0 (0xfdf6e0e3) bltu    a3, t6, pc - 64
core   0: 3 0x800007c0 (0xfdf6e0e3)
core   0: 0x80000780 (0xcd4a8313) addi    t1, s5, -812
core   0: 3 0x80000780 (0xcd4a8313) x 6 0xfdb00f8f
core   0: 0x80000784 (0x00e51eb3) sll     t4, a0, a4
core   0: 3 0x80000784 (0x00e51eb3) x29 0x00000000
core   0: 0x80000788 (0xca654213) xori    tp, a0, -858
core   0: 3 0x80000788 (0xca654213) x 4 0xfffffca6
core   0: 0x8000078c (0x00468693) addi    a3, a3, 4
core   0: 3 0x8000078c (0x00468693) x13 0x00000014
core   0: 0x80000790 (0x012bd193) srli    gp, s7, 18
core   0: 3 0x80000790 (0x012bd193) x 3 0x00002000
core   0: 0x80000794 (0x00400413) li      s0, 4
core   0: 3 0x80000794 (0x00400413) x 8 0x00000004
core   0: 0x80000798 (0x01200113) li      sp, 18
core   0: 3 0x80000798 (0x01200113) x 2 0x00000012
core   0: 0x8000079c (0x0077dcb3) srl     s9, a5, t2
core   0: 3 0x8000079c (0x0077dcb3) x25 0x00000000
core   0: 0x800007a0 (0x01d03733) snez    a4, t4
core   0: 3 0x800007a0 (0x01d03733) x14 0x00000000
core   0: 0x800007a4 (0x0990fe13) andi    t3, ra, 153
core   0: 3 0x800007a4 (0x0990fe13) x28 0x00000018
core   0: 0x800007a8 (0x4cdea613) slti    a2, t4, 1229
core   0: 3 0x800007a8 (0x4cdea613) x12 0x00000001
core   0: 0x800007ac (0x00740413) addi    s0, s0, 7
core   0: 3 0x800007ac (0x00740413) x 8 0x0000000b
core   0: 0x800007b0 (0x0ff0000f) fence   iorw,iorw
core   0: 3 0x800007b0 (0x0ff0000f)
core   0: 0x800007b4 (0xfe2446e3) blt     s0, sp, pc - 20
core   0: 3 0x800007b4 (0xfe2446e3)
core   0: 0x800007a0 (0x01d03733) snez    a4, t4
core   0: 3 0x800007a0 (0x01d03733) x14 0x00000000
core   0: 0x800007a4 (0x0990fe13) andi    t3, ra, 153
core   0: 3 0x800007a4 (0x0990fe13) x28 0x00000018
core   0: 0x800007a8 (0x4cdea613) slti    a2, t4, 1229
core   0: 3 0x800007a8 (0x4cdea613) x12 0x00000001
core   0: 0x800007ac (0x00740413) addi    s0, s0, 7
core   0: 3 0x800007ac (0x00740413) x 8 0x00000012
core   0: 0x800007b0 (0x0ff0000f) fence   iorw,iorw
core   0: 3 0x800007b0 (0x0ff0000f)
core   0: 0x800007b4 (0xfe2446e3) blt     s0, sp, pc - 20
core   0: 3 0x800007b4 (0xfe2446e3)
core   0: 0x800007b8 (0x418c8f33) sub     t5, s9, s8
core   0: 3 0x800007b8 (0x418c8f33) x30 0xed3ef449
core   0: 0x800007bc (0x01fe07b3) add     a5, t3, t6
core   0: 3 0x800007bc (0x01fe07b3) x15 0x0000002b
core   0: 0x800007c0 (0xfdf6e0e3) bltu    a3, t6, pc - 64
core   0: 3 0x800007c0 (0xfdf6e0e3)
core   0: 0x800007c4 (0x415a5013) srai    zero, s4, 21
core   0: 3 0x800007c4 (0x415a5013)
core   0: 0x800007c8 (0x00014397) auipc   t2, 0x14
core   0: 3 0x800007c8 (0x00014397) x 7 0x800147c8
core   0: 0x800007cc (0x56c38393) addi    t2, t2, 1388
core   0: 3 0x800007cc (0x56c38393) x 7 0x80014d34
core   0: 0x800007d0 (0xb8d38423) sb      a3, -1144(t2)
core   0: 3 0x800007d0 (0xb8d38423) mem 0x800148bc 0x14
core   0: 0x800007d4 (0x00012b17) auipc   s6, 0x12
core   0: 3 0x800007d4 (0x00012b17) x22 0x800127d4
core   0: 0x800007d8 (0x286b0b13) addi    s6, s6, 646
core   0: 3 0x800007d8 (0x286b0b13) x22 0x80012a5a
core   0: 0x800007dc (0x9b73ca03) lbu     s4, -1609(t2)
core   0: 3 0x800007dc (0x9b73ca03) x20 0x00000000 mem 0x800146eb
core   0: 0x800007e0 (0x3ae38183) lb      gp, 942(t2)
core   0: 3 0x800007e0 (0x3ae38183) x 3 0x00000000 mem 0x800150e2
core   0: 0x800007e4 (0xfcdb4983) lbu     s3, -51(s6)
core   0: 3 0x800007e4 (0xfcdb4983) x19 0x00000000 mem 0x80012a27
core   0: 0x800007e8 (0xc0d38f83) lb      t6, -1011(t2)
core   0: 3 0x800007e8 (0xc0d38f83) x31 0x00000000 mem 0x80014941
core   0: 0x800007ec (0x387b0da3) sb      t2, 923(s6)
core   0: 3 0x800007ec (0x387b0da3) mem 0x80012df5 0x34
core   0: 0x800007f0 (0xe29b4283) lbu     t0, -471(s6)
core   0: 3 0x800007f0 (0xe29b4283) x 5 0x00000000 mem 0x80012883
core   0: 0x800007f4 (0xc263d683) lhu     a3, -986(t2)
core   0: 3 0x800007f4 (0xc263d683) x13 0x00000000 mem 0x8001495a
core   0: 0x800007f8 (0x28039083) lh      ra, 640(t2)
core   0: 3 0x800007f8 (0x28039083) x 1 0x00000000 mem 0x80014fb4
core   0: 0x800007fc (0x877b1b23) sh      s7, -1930(s6)
core   0: 3 0x800007fc (0x877b1b23) mem 0x800122d0 0x7e64
core   0: 0x80000800 (0x20038103) lb      sp, 512(t2)
core   0: 3 0x80000800 (0x20038103) x 2 0x00000000 mem 0x80014f34
core   0: 0x80000804 (0xf14b4083) lbu     ra, -236(s6)
core   0: 3 0x80000804 (0xf14b4083) x 1 0x00000000 mem 0x8001296e
core   0: 0x80000808 (0x00900613) li      a2, 9
core   0: 3 0x80000808 (0x00900613) x12 0x00000009
core   0: 0x8000080c (0x00700593) li      a1, 7
core   0: 3 0x8000080c (0x00700593) x11 0x00000007
core   0: 0x80000810 (0x00d6b7b3) sltu    a5, a3, a3
core   0: 3 0x80000810 (0x00d6b7b3) x15 0x00000000
core   0: 0x80000814 (0xecf50393) addi    t2, a0, -305
core   0: 3 0x80000814 (0xecf50393) x 7 0xfffffecf
core   0: 0x80000818 (0xffa60613) addi    a2, a2, -6
core   0: 3 0x80000818 (0xffa60613) x12 0x00000003
core   0: 0x8000081c (0xfeb67ce3) bgeu    a2, a1, pc - 8
core   0: 3 0x8000081c (0xfeb67ce3)
core   0: 0x80000820 (0x0037ed33) or      s10, a5, gp
core   0: 3 0x80000820 (0x0037ed33) x26 0x00000000
core   0: 0x80000824 (0x0001e817) auipc   a6, 0x1e
core   0: 3 0x80000824 (0x0001e817) x16 0x8001e824
core   0: 0x80000828 (0xe2d80813) addi    a6, a6, -467
core   0: 3 0x80000828 (0xe2d80813) x16 0x8001e651
core   0: 0x8000082c (0x21d0b093) sltiu   ra, ra, 541
core   0: 3 0x8000082c (0x21d0b093) x 1 0x00000001
core   0: 0x80000830 (0xcbb58117) auipc   sp, 0xcbb58
core   0: 3 0x80000830 (0xcbb58117) x 2 0x4bb58830
core   0: 0x80000834 (0x00280723) sb      sp, 14(a6)
core   0: 3 0x80000834 (0x00280723) mem 0x8001e65f 0x30
core   0: 0x80000838 (0x00380083) lb      ra, 3(a6)
core   0: 3 0x80000838 (0x00380083) x 1 0x00000000 mem 0x8001e654
core   0: 0x8000083c (0x00a80583) lb      a1, 10(a6)
core   0: 3 0x8000083c (0x00a80583) x11 0x00000000 mem 0x8001e65b
core   0: 0x80000840 (0xdc93fa37) lui     s4, 0xdc93f
core   0: 3 0x80000840 (0xdc93fa37) x20 0xdc93f000
core   0: 0x80000844 (0x016406b3) add     a3, s0, s6
core   0: 3 0x80000844 (0x016406b3) x13 0x80012a6c
core   0: 0x80000848 (0x004f5e93) srli    t4, t5, 4
core   0: 3 0x80000848 (0x004f5e93) x29 0x0ed3ef44
core   0: 0x8000084c (0xffd84c83) lbu     s9, -3(a6)
core   0: 3 0x8000084c (0xffd84c83) x25 0x00000000 mem 0x8001e64e
core   0: 0x80000850 (0xc153e217) auipc   tp, 0xc153e
core   0: 3 0x80000850 (0xc153e217) x 4 0x4153e850
core   0: 0x80000854 (0x00c80123) sb      a2, 2(a6)
core   0: 3 0x80000854 (0x00c80123) mem 0x8001e653 0x3
core   0: 0x80000858 (0xaac50993) addi    s3, a0, -1364
core   0: 3 0x80000858 (0xaac50993) x19 0xfffffaac
core   0: 0x8000085c (0xff380b23) sb      s3, -10(a6)
core   0: 3 0x8000085c (0xff380b23) mem 0x8001e647 0xac
core   0: 0x80000860 (0x00a80423) sb      a0, 8(a6)
core   0: 3 0x80000860 (0x00a80423) mem 0x8001e659 0x0
core   0: 0x80000864 (0x00381083) lh      ra, 3(a6)
core   0: 3 0x80000864 (0x00381083) x 1 0x00000000 mem 0x8001e654
core   0: 0x80000868 (0xffc80e83) lb      t4, -4(a6)
core   0: 3 0x80000868 (0xffc80e83) x29 0x00000000 mem 0x8001e64d
core   0: 0x8000086c (0x41eb82b3) sub     t0, s7, t5
core   0: 3 0x8000086c (0x41eb82b3) x 5 0x92c38a1b
core   0: 0x80000870 (0xfea80f23) sb      a0, -2(a6)
core   0: 3 0x80000870 (0xfea80f23) mem 0x8001e64f 0x0
core   0: 0x80000874 (0xff7808a3) sb      s7, -15(a6)
core   0: 3 0x80000874 (0xff7808a3) mem 0x8001e642 0x64
core   0: 0x80000878 (0x402f07b3) sub     a5, t5, sp
core   0: 3 0x80000878 (0x402f07b3) x15 0xa1896c19
core   0: 0x8000087c (0xffa80ea3) sb      s10, -3(a6)
core   0: 3 0x8000087c (0xffa80ea3) mem 0x8001e64e 0x0
core   0: 0x80000880 (0x0000100f) fence.i
core   0: 3 0x80000880 (0x0000100f)
core   0: 0x80000884 (0x9f4c2113) slti    sp, s8, -1548
core   0: 3 0x80000884 (0x9f4c2113) x 2 0x00000000
core   0: 0x80000888 (0x004646b3) xor     a3, a2, tp
core   0: 3 0x80000888 (0x004646b3) x13 0x4153e853
core   0: 0x8000088c (0x00b84103) lbu     sp, 11(a6)
core   0: 3 0x8000088c (0x00b84103) x 2 0x00000000 mem 0x8001e65c
core   0: 0x80000890 (0x00d85f83) lhu     t6, 13(a6)
core   0: 3 0x80000890 (0x00d85f83) x31 0x00003000 mem 0x8001e65e
core   0: 0x80000894 (0x0f86e213) ori     tp, a3, 248
core   0: 3 0x80000894 (0x0f86e213) x 4 0x4153e8fb
core   0: 0x80000898 (0xffa80403) lb      s0, -6(a6)
core   0: 3 0x80000898 (0xffa80403) x 8 0x00000000 mem 0x8001e64b
core   0: 0x8000089c (0x00f80123) sb      a5, 2(a6)
core   0: 3 0x8000089c (0x00f80123) mem 0x8001e653 0x19
core   0: 0x800008a0 (0x5fac7a13) andi    s4, s8, 1530
core   0: 3 0x800008a0 (0x5fac7a13) x20 0x000001b2
core   0: 0x800008a4 (0xff980683) lb      a3, -7(a6)
core   0: 3 0x800008a4 (0xff980683) x13 0x00000000 mem 0x8001e64a
core   0: 0x800008a8 (0xffd82da3) sw      t4, -5(a6)
core   0: 3 0x800008a8 (0xffd82da3) mem 0x8001e64c 0x00000000
core   0: 0x800008ac (0x417bdf93) srai    t6, s7, 23
core   0: 3 0x800008ac (0x417bdf93) x31 0xffffff00
core   0: 0x800008b0 (0x00084103) lbu     sp, 0(a6)
core   0: 3 0x800008b0 (0x00084103) x 2 0x00000000 mem 0x8001e651
core   0: 0x800008b4 (0x005bb8b3) sltu    a7, s7, t0
core   0: 3 0x800008b4 (0x005bb8b3) x17 0x00000001
core   0: 0x800008b8 (0x00981983) lh      s3, 9(a6)
core   0: 3 0x800008b8 (0x00981983) x19 0x00000000 mem 0x8001e65a
core   0: 0x800008bc (0xffa80283) lb      t0, -6(a6)
core   0: 3 0x800008bc (0xffa80283) x 5 0x00000000 mem 0x8001e64b
core   0: 0x800008c0 (0xbf22b593) sltiu   a1, t0, -1038
core   0: 3 0x800008c0 (0xbf22b593) x11 0x00000001
core   0: 0x800008c4 (0x04986597) auipc   a1, 0x4986
core   0: 3 0x800008c4 (0x04986597) x11 0x849868c4
core   0: 0x800008c8 (0x00000013) nop
core   0: 3 0x800008c8 (0x00000013)
core   0: 0x800008cc (0x016b4933) xor     s2, s6, s6
core   0: 3 0x800008cc (0x016b4933) x18 0x00000000
core   0: 0x800008d0 (0xff985383) lhu     t2, -7(a6)
core   0: 3 0x800008d0 (0xff985383) x 7 0x00000000 mem 0x8001e64a
core   0: 0x800008d4 (0xff581503) lh      a0, -11(a6)
core   0: 3 0x800008d4 (0xff581503) x10 0xffffac00 mem 0x8001e646
core   0: 0x800008d8 (0xff185d83) lhu     s11, -15(a6)
core   0: 3 0x800008d8 (0xff185d83) x27 0x00000064 mem 0x8001e642
core   0: 0x800008dc (0x00581883) lh      a7, 5(a6)
core   0: 3 0x800008dc (0x00581883) x17 0x00000000 mem 0x8001e656
core   0: 0x800008e0 (0x0ff0000f) fence   iorw,iorw
core   0: 3 0x800008e0 (0x0ff0000f)
core   0: 0x800008e4 (0xffc80e83) lb      t4, -4(a6)
core   0: 3 0x800008e4 (0xffc80e83) x29 0x00000000 mem 0x8001e64d
core   0: 0x800008e8 (0x00cff533) and     a0, t6, a2
core   0: 3 0x800008e8 (0x00cff533) x10 0x00000000
core   0: 0x800008ec (0x01c3ae33) slt     t3, t2, t3
core   0: 3 0x800008ec (0x01c3ae33) x28 0x00000001
core   0: 0x800008f0 (0x00284c03) lbu     s8, 2(a6)
core   0: 3 0x800008f0 (0x00284c03) x24 0x00000019 mem 0x8001e653
core   0: 0x800008f4 (0x00480603) lb      a2, 4(a6)
core   0: 3 0x800008f4 (0x00480603) x12 0x00000000 mem 0x8001e655
core   0: 0x800008f8 (0xff985f03) lhu     t5, -7(a6)
core   0: 3 0x800008f8 (0xff985f03) x30 0x00000000 mem 0x8001e64a
core   0: 0x800008fc (0x016630b3) sltu    ra, a2, s6
core   0: 3 0x800008fc (0x016630b3) x 1 0x00000001
core   0: 0x80000900 (0x411dde13) srai    t3, s11, 17
core   0: 3 0x80000900 (0x411dde13) x28 0x00000000
core   0: 0x80000904 (0x01561513) slli    a0, a2, 21
core   0: 3 0x80000904 (0x01561513) x10 0x00000000
core   0: 0x80000908 (0x00484183) lbu     gp, 4(a6)
core   0: 3 0x80000908 (0x00484183) x 3 0x00000000 mem 0x8001e655
core   0: 0x8000090c (0x034007ef) jal     a5, pc + 0x34
core   0: 3 0x8000090c (0x034007ef) x15 0x80000910
core   0: 0x80000940 (0x014000ef) jal     pc + 0x14
core   0: 3 0x80000940 (0x014000ef) x 1 0x80000944
core   0: 0x80000954 (0xfcdff1ef) jal     gp, pc - 0x34
core   0: 3 0x80000954 (0xfcdff1ef) x 3 0x80000958
core   0: 0x80000920 (0x018000ef) jal     pc + 0x18
core   0: 3 0x80000920 (0x018000ef) x 1 0x80000924
core   0: 0x80000938 (0xfedff0ef) jal     pc - 0x14
core   0: 3 0x80000938 (0xfedff0ef) x 1 0x8000093c
core   0: 0x80000924 (0x00c001ef) jal     gp, pc + 0xc
core   0: 3 0x80000924 (0x00c001ef) x 3 0x80000928
core   0: 0x80000930 (0x00c000ef) jal     pc + 0xc
core   0: 3 0x80000930 (0x00c000ef) x 1 0x80000934
core   0: 0x8000093c (0xff1ff0ef) jal     pc - 0x10
core   0: 3 0x8000093c (0xff1ff0ef) x 1 0x80000940
core   0: 0x8000092c (0x0380016f) jal     sp, pc + 0x38
core   0: 3 0x8000092c (0x0380016f) x 2 0x80000930
core   0: 0x80000964 (0xfadff1ef) jal     gp, pc - 0x54
core   0: 3 0x80000964 (0xfadff1ef) x 3 0x80000968
core   0: 0x80000910 (0x0640036f) jal     t1, pc + 0x64
core   0: 3 0x80000910 (0x0640036f) x 6 0x80000914
core   0: 0x80000974 (0xfc1ff96f) jal     s2, pc - 0x40
core   0: 3 0x80000974 (0xfc1ff96f) x18 0x80000978
core   0: 0x80000934 (0x048000ef) jal     pc + 0x48
core   0: 3 0x80000934 (0x048000ef) x 1 0x80000938
core   0: 0x8000097c (0xfc9ff0ef) jal     pc - 0x38
core   0: 3 0x8000097c (0xfc9ff0ef) x 1 0x80000980
core   0: 0x80000944 (0x014000ef) jal     pc + 0x14
core   0: 3 0x80000944 (0x014000ef) x 1 0x80000948
core   0: 0x80000958 (0x004000ef) jal     pc + 0x4
core   0: 3 0x80000958 (0x004000ef) x 1 0x8000095c
core   0: 0x8000095c (0x0140036f) jal     t1, pc + 0x14
core   0: 3 0x8000095c (0x0140036f) x 6 0x80000960
core   0: 0x80000970 (0xfd9ff2ef) jal     t0, pc - 0x28
core   0: 3 0x80000970 (0xfd9ff2ef) x 5 0x80000974
core   0: 0x80000948 (0x0200036f) jal     t1, pc + 0x20
core   0: 3 0x80000948 (0x0200036f) x 6 0x8000094c
core   0: 0x80000968 (0xfadff0ef) jal     pc - 0x54
core   0: 3 0x80000968 (0xfadff0ef) x 1 0x8000096c
core   0: 0x80000914 (0x014006ef) jal     a3, pc + 0x14
core   0: 3 0x80000914 (0x014006ef) x13 0x80000918
core   0: 0x80000928 (0xff5ff0ef) jal     pc - 0xc
core   0: 3 0x80000928 (0xff5ff0ef) x 1 0x8000092c
core   0: 0x8000091c (0x050000ef) jal     pc + 0x50
core   0: 3 0x8000091c (0x050000ef) x 1 0x80000920
core   0: 0x8000096c (0x00c006ef) jal     a3, pc + 0xc
core   0: 3 0x8000096c (0x00c006ef) x13 0x80000970
core   0: 0x80000978 (0xfd5ff0ef) jal     pc - 0x2c
core   0: 3 0x80000978 (0xfd5ff0ef) x 1 0x8000097c
core   0: 0x8000094c (0x0140036f) jal     t1, pc + 0x14
core   0: 3 0x8000094c (0x0140036f) x 6 0x80000950
core   0: 0x80000960 (0xff1ff76f) jal     a4, pc - 0x10
core   0: 3 0x80000960 (0xff1ff76f) x14 0x80000964
core   0: 0x80000950 (0xfc9ff76f) jal     a4, pc - 0x38
core   0: 3 0x80000950 (0xfc9ff76f) x14 0x80000954
core   0: 0x80000918 (0x0680036f) jal     t1, pc + 0x68
core   0: 3 0x80000918 (0x0680036f) x 6 0x8000091c
core   0: 0x80000980 (0xa06309b7) lui     s3, 0xa0630
core   0: 3 0x80000980 (0xa06309b7) x19 0xa0630000
core   0: 0x80000984 (0xffa00293) li      t0, -6
core   0: 3 0x80000984 (0xffa00293) x 5 0xfffffffa
core   0: 0x80000988 (0x0198df93) srli    t6, a7, 25
core   0: 3 0x80000988 (0x0198df93) x31 0x00000000
core   0: 0x8000098c (0xff100313) li      t1, -15
core   0: 3 0x8000098c (0xff100313) x 6 0xfffffff1
core   0: 0x80000990 (0x00b52433) slt     s0, a0, a1
core   0: 3 0x80000990 (0x00b52433) x 8 0x00000000
core   0: 0x80000994 (0xab314e93) xori    t4, sp, -1357
core   0: 3 0x80000994 (0xab314e93) x29 0x7ffff383
core   0: 0x80000998 (0xffd28293) addi    t0, t0, -3
core   0: 3 0x80000998 (0xffd28293) x 5 0xfffffff7
core   0: 0x8000099c (0xffe00613) li      a2, -2
core   0: 3 0x8000099c (0xffe00613) x12 0xfffffffe
core   0: 0x800009a0 (0xa9f52513) slti    a0, a0, -1377
core   0: 3 0x800009a0 (0xa9f52513) x10 0x00000000
core   0: 0x800009a4 (0x01400113) li      sp, 20
core   0: 3 0x800009a4 (0x01400113) x 2 0x00000014
core   0: 0x800009a8 (0x0097ed33) or      s10, a5, s1
core   0: 3 0x800009a8 (0x0097ed33) x26 0x8002bdf4
core   0: 0x800009ac (0x00260613) addi    a2, a2, 2
core   0: 3 0x800009ac (0x00260613) x12 0x00000000
core   0: 0x800009b0 (0xfe264ce3) blt     a2, sp, pc - 8
core   0: 3 0x800009b0 (0xfe264ce3)
core   0: 0x800009a8 (0x0097ed33) or      s10, a5, s1
core   0: 3 0x800009a8 (0x0097ed33) x26 0x8002bdf4
core   0: 0x800009ac (0x00260613) addi    a2, a2, 2
core   0: 3 0x800009ac (0x00260613) x12 0x00000002
core   0: 0x800009b0 (0xfe264ce3) blt     a2, sp, pc - 8
core   0: 3 0x800009b0 (0xfe264ce3)
core   0: 0x800009a8 (0x0097ed33) or      s10, a5, s1
core   0: 3 0x800009a8 (0x0097ed33) x26 0x8002bdf4
core   0: 0x800009ac (0x00260613) addi    a2, a2, 2
core   0: 3 0x800009ac (0x00260613) x12 0x00000004
core   0: 0x800009b0 (0xfe264ce3) blt     a2, sp, pc - 8
core   0: 3 0x800009b0 (0xfe264ce3)
core   0: 0x800009a8 (0x0097ed33) or      s10, a5, s1
core   0: 3 0x800009a8 (0x0097ed33) x26 0x8002bdf4
core   0: 0x800009ac (0x00260613) addi    a2, a2, 2
core   0: 3 0x800009ac (0x00260613) x12 0x00000006
core   0: 0x800009b0 (0xfe264ce3) blt     a2, sp, pc - 8
core   0: 3 0x800009b0 (0xfe264ce3)
core   0: 0x800009a8 (0x0097ed33) or      s10, a5, s1
core   0: 3 0x800009a8 (0x0097ed33) x26 0x8002bdf4
core   0: 0x800009ac (0x00260613) addi    a2, a2, 2
core   0: 3 0x800009ac (0x00260613) x12 0x00000008
core   0: 0x800009b0 (0xfe264ce3) blt     a2, sp, pc - 8
core   0: 3 0x800009b0 (0xfe264ce3)
core   0: 0x800009a8 (0x0097ed33) or      s10, a5, s1
core   0: 3 0x800009a8 (0x0097ed33) x26 0x8002bdf4
core   0: 0x800009ac (0x00260613) addi    a2, a2, 2
core   0: 3 0x800009ac (0x00260613) x12 0x0000000a
core   0: 0x800009b0 (0xfe264ce3) blt     a2, sp, pc - 8
core   0: 3 0x800009b0 (0xfe264ce3)
core   0: 0x800009a8 (0x0097ed33) or      s10, a5, s1
core   0: 3 0x800009a8 (0x0097ed33) x26 0x8002bdf4
core   0: 0x800009ac (0x00260613) addi    a2, a2, 2
core   0: 3 0x800009ac (0x00260613) x12 0x0000000c
core   0: 0x800009b0 (0xfe264ce3) blt     a2, sp, pc - 8
core   0: 3 0x800009b0 (0xfe264ce3)
core   0: 0x800009a8 (0x0097ed33) or      s10, a5, s1
core   0: 3 0x800009a8 (0x0097ed33) x26 0x8002bdf4
core   0: 0x800009ac (0x00260613) addi    a2, a2, 2
core   0: 3 0x800009ac (0x00260613) x12 0x0000000e
core   0: 0x800009b0 (0xfe264ce3) blt     a2, sp, pc - 8
core   0: 3 0x800009b0 (0xfe264ce3)
core   0: 0x800009a8 (0x0097ed33) or      s10, a5, s1
core   0: 3 0x800009a8 (0x0097ed33) x26 0x8002bdf4
core   0: 0x800009ac (0x00260613) addi    a2, a2, 2
core   0: 3 0x800009ac (0x00260613) x12 0x00000010
core   0: 0x800009b0 (0xfe264ce3) blt     a2, sp, pc - 8
core   0: 3 0x800009b0 (0xfe264ce3)
core   0: 0x800009a8 (0x0097ed33) or      s10, a5, s1
core   0: 3 0x800009a8 (0x0097ed33) x26 0x8002bdf4
core   0: 0x800009ac (0x00260613) addi    a2, a2, 2
core   0: 3 0x800009ac (0x00260613) x12 0x00000012
core   0: 0x800009b0 (0xfe264ce3) blt     a2, sp, pc - 8
core   0: 3 0x800009b0 (0xfe264ce3)
core   0: 0x800009a8 (0x0097ed33) or      s10, a5, s1
core   0: 3 0x800009a8 (0x0097ed33) x26 0x8002bdf4
core   0: 0x800009ac (0x00260613) addi    a2, a2, 2
core   0: 3 0x800009ac (0x00260613) x12 0x00000014
core   0: 0x800009b0 (0xfe264ce3) blt     a2, sp, pc - 8
core   0: 3 0x800009b0 (0xfe264ce3)
core   0: 0x800009b4 (0xfc629ee3) bne     t0, t1, pc - 36
core   0: 3 0x800009b4 (0xfc629ee3)
core   0: 0x80000990 (0x00b52433) slt     s0, a0, a1
core   0: 3 0x80000990 (0x00b52433) x 8 0x00000000
core   0: 0x80000994 (0xab314e93) xori    t4, sp, -1357
core   0: 3 0x80000994 (0xab314e93) x29 0xfffffaa7
core   0: 0x80000998 (0xffd28293) addi    t0, t0, -3
core   0: 3 0x80000998 (0xffd28293) x 5 0xfffffff4
core   0: 0x8000099c (0xffe00613) li      a2, -2
core   0: 3 0x8000099c (0xffe00613) x12 0xfffffffe
core   0: 0x800009a0 (0xa9f52513) slti    a0, a0, -1377
core   0: 3 0x800009a0 (0xa9f52513) x10 0x00000000
core   0: 0x800009a4 (0x01400113) li      sp, 20
core   0: 3 0x800009a4 (0x01400113) x 2 0x00000014
core   0: 0x800009a8 (0x0097ed33) or      s10, a5, s1
core   0: 3 0x800009a8 (0x0097ed33) x26 0x8002bdf4
core   0: 0x800009ac (0x00260613) addi    a2, a2, 2
core   0: 3 0x800009ac (0x00260613) x12 0x00000000
core   0: 0x800009b0 (0xfe264ce3) blt     a2, sp, pc - 8
core   0: 3 0x800009b0 (0xfe264ce3)
core   0: 0x800009a8 (0x0097ed33) or      s10, a5, s1
core   0: 3 0x800009a8 (0x0097ed33) x26 0x8002bdf4
core   0: 0x800009ac (0x00260613) addi    a2, a2, 2
core   0: 3 0x800009ac (0x00260613) x12 0x00000002
core   0: 0x800009b0 (0xfe264ce3) blt     a2, sp, pc - 8
core   0: 3 0x800009b0 (0xfe264ce3)
core   0: 0x800009a8 (0x0097ed33) or      s10, a5, s1
core   0: 3 0x800009a8 (0x0097ed33) x26 0x8002bdf4
core   0: 0x800009ac (0x00260613) addi    a2, a2, 2
core   0: 3 0x800009ac (0x00260613) x12 0x00000004
core   0: 0x800009b0 (0xfe264ce3) blt     a2, sp, pc - 8
core   0: 3 0x800009b0 (0xfe264ce3)
core   0: 0x800009a8 (0x0097ed33) or      s10, a5, s1
core   0: 3 0x800009a8 (0x0097ed33) x26 0x8002bdf4
core   0: 0x800009ac (0x00260613) addi    a2, a2, 2
core   0: 3 0x800009ac (0x00260613) x12 0x00000006
core   0: 0x800009b0 (0xfe264ce3) blt     a2, sp, pc - 8
core   0: 3 0x800009b0 (0xfe264ce3)
core   0: 0x800009a8 (0x0097ed33) or      s10, a5, s1
core   0: 3 0x800009a8 (0x0097ed33) x26 0x8002bdf4
core   0: 0x800009ac (0x00260613) addi    a2, a2, 2
core   0: 3 0x800009ac (0x00260613) x12 0x00000008
core   0: 0x800009b0 (0xfe264ce3) blt     a2, sp, pc - 8
core   0: 3 0x800009b0 (0xfe264ce3)
core   0: 0x800009a8 (0x0097ed33) or      s10, a5, s1
core   0: 3 0x800009a8 (0x0097ed33) x26 0x8002bdf4
core   0: 0x800009ac (0x00260613) addi    a2, a2, 2
core   0: 3 0x800009ac (0x00260613) x12 0x0000000a
core   0: 0x800009b0 (0xfe264ce3) blt     a2, sp, pc - 8
core   0: 3 0x800009b0 (0xfe264ce3)
core   0: 0x800009a8 (0x0097ed33) or      s10, a5, s1
core   0: 3 0x800009a8 (0x0097ed33) x26 0x8002bdf4
core   0: 0x800009ac (0x00260613) addi    a2, a2, 2
core   0: 3 0x800009ac (0x00260613) x12 0x0000000c
core   0: 0x800009b0 (0xfe264ce3) blt     a2, sp, pc - 8
core   0: 3 0x800009b0 (0xfe264ce3)
core   0: 0x800009a8 (0x0097ed33) or      s10, a5, s1
core   0: 3 0x800009a8 (0x0097ed33) x26 0x8002bdf4
core   0: 0x800009ac (0x00260613) addi    a2, a2, 2
core   0: 3 0x800009ac (0x00260613) x12 0x0000000e
core   0: 0x800009b0 (0xfe264ce3) blt     a2, sp, pc - 8
core   0: 3 0x800009b0 (0xfe264ce3)
core   0: 0x800009a8 (0x0097ed33) or      s10, a5, s1
core   0: 3 0x800009a8 (0x0097ed33) x26 0x8002bdf4
core   0: 0x800009ac (0x00260613) addi    a2, a2, 2
core   0: 3 0x800009ac (0x00260613) x12 0x00000010
core   0: 0x800009b0 (0xfe264ce3) blt     a2, sp, pc - 8
core   0: 3 0x800009b0 (0xfe264ce3)
core   0: 0x800009a8 (0x0097ed33) or      s10, a5, s1
core   0: 3 0x800009a8 (0x0097ed33) x26 0x8002bdf4
core   0: 0x800009ac (0x00260613) addi    a2, a2, 2
core   0: 3 0x800009ac (0x00260613) x12 0x00000012
core   0: 0x800009b0 (0xfe264ce3) blt     a2, sp, pc - 8
core   0: 3 0x800009b0 (0xfe264ce3)
core   0: 0x800009a8 (0x0097ed33) or      s10, a5, s1
core   0: 3 0x800009a8 (0x0097ed33) x26 0x8002bdf4
core   0: 0x800009ac (0x00260613) addi    a2, a2, 2
core   0: 3 0x800009ac (0x00260613) x12 0x00000014
core   0: 0x800009b0 (0xfe264ce3) blt     a2, sp, pc - 8
core   0: 3 0x800009b0 (0xfe264ce3)
core   0: 0x800009b4 (0xfc629ee3) bne     t0, t1, pc - 36
core   0: 3 0x800009b4 (0xfc629ee3)
core   0: 0x80000990 (0x00b52433) slt     s0, a0, a1
core   0: 3 0x80000990 (0x00b52433) x 8 0x00000000
core   0: 0x80000994 (0xab314e93) xori    t4, sp, -1357
core   0: 3 0x80000994 (0xab314e93) x29 0xfffffaa7
core   0: 0x80000998 (0xffd28293) addi    t0, t0, -3
core   0: 3 0x80000998 (0xffd28293) x 5 0xfffffff1
core   0: 0x8000099c (0xffe00613) li      a2, -2
core   0: 3 0x8000099c (0xffe00613) x12 0xfffffffe
core   0: 0x800009a0 (0xa9f52513) slti    a0, a0, -1377
core   0: 3 0x800009a0 (0xa9f52513) x10 0x00000000
core   0: 0x800009a4 (0x01400113) li      sp, 20
core   0: 3 0x800009a4 (0x01400113) x 2 0x00000014
core   0: 0x800009a8 (0x0097ed33) or      s10, a5, s1
core   0: 3 0x800009a8 (0x0097ed33) x26 0x8002bdf4
core   0: 0x800009ac (0x00260613) addi    a2, a2, 2
core   0: 3 0x800009ac (0x00260613) x12 0x00000000
core   0: 0x800009b0 (0xfe264ce3) blt     a2, sp, pc - 8
core   0: 3 0x800009b0 (0xfe264ce3)
core   0: 0x800009a8 (0x0097ed33) or      s10, a5, s1
core   0: 3 0x800009a8 (0x0097ed33) x26 0x8002bdf4
core   0: 0x800009ac (0x00260613) addi    a2, a2, 2
core   0: 3 0x800009ac (0x00260613) x12 0x00000002
core   0: 0x800009b0 (0xfe264ce3) blt     a2, sp, pc - 8
core   0: 3 0x800009b0 (0xfe264ce3)
core   0: 0x800009a8 (0x0097ed33) or      s10, a5, s1
core   0: 3 0x800009a8 (0x0097ed33) x26 0x8002bdf4
core   0: 0x800009ac (0x00260613) addi    a2, a2, 2
core   0: 3 0x800009ac (0x00260613) x12 0x00000004
core   0: 0x800009b0 (0xfe264ce3) blt     a2, sp, pc - 8
core   0: 3 0x800009b0 (0xfe264ce3)
core   0: 0x800009a8 (0x0097ed33) or      s10, a5, s1
core   0: 3 0x800009a8 (0x0097ed33) x26 0x8002bdf4
core   0: 0x800009ac (0x00260613) addi    a2, a2, 2
core   0: 3 0x800009ac (0x00260613) x12 0x00000006
core   0: 0x800009b0 (0xfe264ce3) blt     a2, sp, pc - 8
core   0: 3 0x800009b0 (0xfe264ce3)
core   0: 0x800009a8 (0x0097ed33) or      s10, a5, s1
core   0: 3 0x800009a8 (0x0097ed33) x26 0x8002bdf4
core   0: 0x800009ac (0x00260613) addi    a2, a2, 2
core   0: 3 0x800009ac (0x00260613) x12 0x00000008
core   0: 0x800009b0 (0xfe264ce3) blt     a2, sp, pc - 8
core   0: 3 0x800009b0 (0xfe264ce3)
core   0: 0x800009a8 (0x0097ed33) or      s10, a5, s1
core   0: 3 0x800009a8 (0x0097ed33) x26 0x8002bdf4
core   0: 0x800009ac (0x00260613) addi    a2, a2, 2
core   0: 3 0x800009ac (0x00260613) x12 0x0000000a
core   0: 0x800009b0 (0xfe264ce3) blt     a2, sp, pc - 8
core   0: 3 0x800009b0 (0xfe264ce3)
core   0: 0x800009a8 (0x0097ed33) or      s10, a5, s1
core   0: 3 0x800009a8 (0x0097ed33) x26 0x8002bdf4
core   0: 0x800009ac (0x00260613) addi    a2, a2, 2
core   0: 3 0x800009ac (0x00260613) x12 0x0000000c
core   0: 0x800009b0 (0xfe264ce3) blt     a2, sp, pc - 8
core   0: 3 0x800009b0 (0xfe264ce3)
core   0: 0x800009a8 (0x0097ed33) or      s10, a5, s1
core   0: 3 0x800009a8 (0x0097ed33) x26 0x8002bdf4
core   0: 0x800009ac (0x00260613) addi    a2, a2, 2
core   0: 3 0x800009ac (0x00260613) x12 0x0000000e
core   0: 0x800009b0 (0xfe264ce3) blt     a2, sp, pc - 8
core   0: 3 0x800009b0 (0xfe264ce3)
core   0: 0x800009a8 (0x0097ed33) or      s10, a5, s1
core   0: 3 0x800009a8 (0x0097ed33) x26 0x8002bdf4
core   0: 0x800009ac (0x00260613) addi    a2, a2, 2
core   0: 3 0x800009ac (0x00260613) x12 0x00000010
core   0: 0x800009b0 (0xfe264ce3) blt     a2, sp, pc - 8
core   0: 3 0x800009b0 (0xfe264ce3)
core   0: 0x800009a8 (0x0097ed33) or      s10, a5, s1
core   0: 3 0x800009a8 (0x0097ed33) x26 0x8002bdf4
core   0: 0x800009ac (0x00260613) addi    a2, a2, 2
core   0: 3 0x800009ac (0x00260613) x12 0x00000012
core   0: 0x800009b0 (0xfe264ce3) blt     a2, sp, pc - 8
core   0: 3 0x800009b0 (0xfe264ce3)
core   0: 0x800009a8 (0x0097ed33) or      s10, a5, s1
core   0: 3 0x800009a8 (0x0097ed33) x26 0x8002bdf4
core   0: 0x800009ac (0x00260613) addi    a2, a2, 2
core   0: 3 0x800009ac (0x00260613) x12 0x00000014
core   0: 0x800009b0 (0xfe264ce3) blt     a2, sp, pc - 8
core   0: 3 0x800009b0 (0xfe264ce3)
core   0: 0x800009b4 (0xfc629ee3) bne     t0, t1, pc - 36
core   0: 3 0x800009b4 (0xfc629ee3)
core   0: 0x800009b8 (0xd2fd4393) xori    t2, s10, -721
core   0: 3 0x800009b8 (0xd2fd4393) x 7 0x7ffd40db
core   0: 0x800009bc (0x0001d897) auipc   a7, 0x1d
core   0: 3 0x800009bc (0x0001d897) x17 0x8001d9bc
core   0: 0x800009c0 (0x0b088893) addi    a7, a7, 176
core   0: 3 0x800009c0 (0x0b088893) x17 0x8001da6c
core   0: 0x800009c4 (0xc9e88c23) sb      t5, -872(a7)
core   0: 3 0x800009c4 (0xc9e88c23) mem 0x8001d704 0x0
core   0: 0x800009c8 (0x6dc88683) lb      a3, 1756(a7)
core   0: 3 0x800009c8 (0x6dc88683) x13 0x00000000 mem 0x8001e148
core   0: 0x800009cc (0x004541b3) xor     gp, a0, tp
core   0: 3 0x800009cc (0x004541b3) x 3 0x4153e8fb
core   0: 0x800009d0 (0x84c88983) lb      s3, -1972(a7)
core   0: 3 0x800009d0 (0x84c88983) x19 0x00000000 mem 0x8001d2b8
core   0: 0x800009d4 (0x0088bb33) sltu    s6, a7, s0
core   0: 3 0x800009d4 (0x0088bb33) x22 0x00000000
core   0: 0x800009d8 (0x006c43b3) xor     t2, s8, t1
core   0: 3 0x800009d8 (0x006c43b3) x 7 0xffffffe8
core   0: 0x800009dc (0x0ff0000f) fence   iorw,iorw
core   0: 3 0x800009dc (0x0ff0000f)
core   0: 0x800009e0 (0x1888c983) lbu     s3, 392(a7)
core   0: 3 0x800009e0 (0x1888c983) x19 0x00000000 mem 0x8001dbf4
core   0: 0x800009e4 (0x3af884a3) sb      a5, 937(a7)
core   0: 3 0x800009e4 (0x3af884a3) mem 0x8001de15 0x10
core   0: 0x800009e8 (0x0ec8d003) lhu     zero, 236(a7)
core   0: 3 0x800009e8 (0x0ec8d003) mem 0x8001db58
core   0: 0x800009ec (0x8a58a223) sw      t0, -1884(a7)
core   0: 3 0x800009ec (0x8a58a223) mem 0x8001d310 0xfffffff1
core   0: 0x800009f0 (0x9a4885a3) sb      tp, -1621(a7)
core   0: 3 0x800009f0 (0x9a4885a3) mem 0x8001d417 0xfb
core   0: 0x800009f4 (0x44013f13) sltiu   t5, sp, 1088
core   0: 3 0x800009f4 (0x44013f13) x30 0x00000001
core   0: 0x800009f8 (0xb9288783) lb      a5, -1134(a7)
core   0: 3 0x800009f8 (0xb9288783) x15 0x00000000 mem 0x8001d5fe
core   0: 0x800009fc (0x0ff0000f) fence   iorw,iorw
core   0: 3 0x800009fc (0x0ff0000f)
core   0: 0x80000a00 (0x8f78c283) lbu     t0, -1801(a7)
core   0: 3 0x80000a00 (0x8f78c283) x 5 0x00000000 mem 0x8001d363
core   0: 0x80000a04 (0x358884a3) sb      s8, 841(a7)
core   0: 3 0x80000a04 (0x358884a3) mem 0x8001ddb5 0x19
core   0: 0x80000a08 (0x006880b3) add     ra, a7, t1
core   0: 3 0x80000a08 (0x006880b3) x 1 0x8001da5d
core   0: 0x80000a0c (0xe7938317) auipc   t1, 0xe7938
core   0: 3 0x80000a0c (0xe7938317) x 6 0x67938a0c
core   0: 0x80000a10 (0x10f88103) lb      sp, 271(a7)
core   0: 3 0x80000a10 (0x10f88103) x 2 0x00000000 mem 0x8001db7b
core   0: 0x80000a14 (0xbaa89a03) lh      s4, -1110(a7)
core   0: 3 0x80000a14 (0xbaa89a03) x20 0x00000000 mem 0x8001d616
core   0: 0x80000a18 (0x007650b3) srl     ra, a2, t2
core   0: 3 0x80000a18 (0x007650b3) x 1 0x00000000
core   0: 0x80000a1c (0x01c8b233) sltu    tp, a7, t3
core   0: 3 0x80000a1c (0x01c8b233) x 4 0x00000000
core   0: 0x80000a20 (0x99289a03) lh      s4, -1646(a7)
core   0: 3 0x80000a20 (0x99289a03) x20 0x00000000 mem 0x8001d3fe
core   0: 0x80000a24 (0x00120d33) add     s10, tp, ra
core   0: 3 0x80000a24 (0x00120d33) x26 0x00000000
core   0: 0x80000a28 (0xb248d603) lhu     a2, -1244(a7)
core   0: 3 0x80000a28 (0xb248d603) x12 0x00000000 mem 0x8001d590
core   0: 0x80000a2c (0xe2d88c03) lb      s8, -467(a7)
core   0: 3 0x80000a2c (0xe2d88c03) x24 0x00000000 mem 0x8001d899
core   0: 0x80000a30 (0xb6c88383) lb      t2, -1172(a7)
core   0: 3 0x80000a30 (0xb6c88383) x 7 0x00000000 mem 0x8001d5d8
core   0: 0x80000a34 (0xfdf88f03) lb      t5, -33(a7)
core   0: 3 0x80000a34 (0xfdf88f03) x30 0x00000000 mem 0x8001da4b
core   0: 0x80000a38 (0x05988d83) lb      s11, 89(a7)
core   0: 3 0x80000a38 (0x05988d83) x27 0x00000000 mem 0x8001dac5
core   0: 0x80000a3c (0x5d389c23) sh      s3, 1496(a7)
core   0: 3 0x80000a3c (0x5d389c23) mem 0x8001e044 0x0000
core   0: 0x80000a40 (0x8448df83) lhu     t6, -1980(a7)
core   0: 3 0x80000a40 (0x8448df83) x31 0x00000000 mem 0x8001d2b0
core   0: 0x80000a44 (0xa8d8cd03) lbu     s10, -1395(a7)
core   0: 3 0x80000a44 (0xa8d8cd03) x26 0x00000000 mem 0x8001d4f9
core   0: 0x80000a48 (0x31b88d83) lb      s11, 795(a7)
core   0: 3 0x80000a48 (0x31b88d83) x27 0x00000000 mem 0x8001dd87
core   0: 0x80000a4c (0x7f988823) sb      s9, 2032(a7)
core   0: 3 0x80000a4c (0x7f988823) mem 0x8001e25c 0x0
core   0: 0x80000a50 (0x00016117) auipc   sp, 0x16
core   0: 3 0x80000a50 (0x00016117) x 2 0x80016a50
core   0: 0x80000a54 (0x1be10113) addi    sp, sp, 446
core   0: 3 0x80000a54 (0x1be10113) x 2 0x80016c0e
core   0: 0x80000a58 (0x40c6db13) srai    s6, a3, 12
core   0: 3 0x80000a58 (0x40c6db13) x22 0x00000000
core   0: 0x80000a5c (0x77b14403) lbu     s0, 1915(sp)
core   0: 3 0x80000a5c (0x77b14403) x 8 0x00000000 mem 0x80017389
core   0: 0x80000a60 (0xf3114683) lbu     a3, -207(sp)
core   0: 3 0x80000a60 (0xf3114683) x13 0x00000000 mem 0x80016b3f
core   0: 0x80000a64 (0x36e6f693) andi    a3, a3, 878
core   0: 3 0x80000a64 (0x36e6f693) x13 0x00000000
core   0: 0x80000a68 (0x24e10623) sb      a4, 588(sp)
core   0: 3 0x80000a68 (0x24e10623) mem 0x80016e5a 0x54
core   0: 0x80000a6c (0x414b0733) sub     a4, s6, s4
core   0: 3 0x80000a6c (0x414b0733) x14 0x00000000
core   0: 0x80000a70 (0xde810aa3) sb      s0, -523(sp)
core   0: 3 0x80000a70 (0xde810aa3) mem 0x80016a03 0x0
core   0: 0x80000a74 (0x6f114703) lbu     a4, 1777(sp)
core   0: 3 0x80000a74 (0x6f114703) x14 0x00000000 mem 0x800172ff
core   0: 0x80000a78 (0x00e426b3) slt     a3, s0, a4
core   0: 3 0x80000a78 (0x00e426b3) x13 0x00000000
core   0: 0x80000a7c (0x48276693) ori     a3, a4, 1154
core   0: 3 0x80000a7c (0x48276693) x13 0x00000482
core   0: 0x80000a80 (0x40e70433) sub     s0, a4, a4
core   0: 3 0x80000a80 (0x40e70433) x 8 0x00000000
core   0: 0x80000a84 (0xfb9102a3) sb      s9, -91(sp)
core   0: 3 0x80000a84 (0xfb9102a3) mem 0x80016bb3 0x0
core   0: 0x80000a88 (0x22510a03) lb      s4, 549(sp)
core   0: 3 0x80000a88 (0x22510a03) x20 0x00000000 mem 0x80016e33
core   0: 0x80000a8c (0x00e6e6b3) or      a3, a3, a4
core   0: 3 0x80000a8c (0x00e6e6b3) x13 0x00000482
core   0: 0x80000a90 (0x41a75713) srai    a4, a4, 26
core   0: 3 0x80000a90 (0x41a75713) x14 0x00000000
core   0: 0x80000a94 (0x4cd12523) sw      a3, 1226(sp)
core   0: 3 0x80000a94 (0x4cd12523) mem 0x800170d8 0x00000482
core   0: 0x80000a98 (0xda114b03) lbu     s6, -607(sp)
core   0: 3 0x80000a98 (0xda114b03) x22 0x00000000 mem 0x800169af
core   0: 0x80000a9c (0x0086e6b3) or      a3, a3, s0
core   0: 3 0x80000a9c (0x0086e6b3) x13 0x00000482
core   0: 0x80000aa0 (0x016736b3) sltu    a3, a4, s6
core   0: 3 0x80000aa0 (0x016736b3) x13 0x00000000
core   0: 0x80000aa4 (0x50bc8713) addi    a4, s9, 1291
core   0: 3 0x80000aa4 (0x50bc8713) x14 0x0000050b
core   0: 0x80000aa8 (0x00d6c6b3) xor     a3, a3, a3
core   0: 3 0x80000aa8 (0x00d6c6b3) x13 0x00000000
core   0: 0x80000aac (0x36b6ba13) sltiu   s4, a3, 875
core   0: 3 0x80000aac (0x36b6ba13) x20 0x00000001
core   0: 0x80000ab0 (0x4ec14a03) lbu     s4, 1260(sp)
core   0: 3 0x80000ab0 (0x4ec14a03) x20 0x00000000 mem 0x800170fa
core   0: 0x80000ab4 (0x0ff0000f) fence   iorw,iorw
core   0: 3 0x80000ab4 (0x0ff0000f)
core   0: 0x80000ab8 (0x012c9c93) slli    s9, s9, 18
core   0: 3 0x80000ab8 (0x012c9c93) x25 0x00000000
core   0: 0x80000abc (0x48d14403) lbu     s0, 1165(sp)
core   0: 3 0x80000abc (0x48d14403) x 8 0x00000000 mem 0x8001709b
core   0: 0x80000ac0 (0xf0514703) lbu     a4, -251(sp)
core   0: 3 0x80000ac0 (0xf0514703) x14 0x00000000 mem 0x80016b13
core   0: 0x80000ac4 (0x40745713) srai    a4, s0, 7
core   0: 3 0x80000ac4 (0x40745713) x14 0x00000000
core   0: 0x80000ac8 (0x00000013) nop
core   0: 3 0x80000ac8 (0x00000013)
core   0: 0x80000acc (0xc85cfb37) lui     s6, 0xc85cf
core   0: 3 0x80000acc (0xc85cfb37) x22 0xc85cf000
core   0: 0x80000ad0 (0x01775b13) srli    s6, a4, 23
core   0: 3 0x80000ad0 (0x01775b13) x22 0x00000000
core   0: 0x80000ad4 (0xc0510683) lb      a3, -1019(sp)
core   0: 3 0x80000ad4 (0xc0510683) x13 0x00000000 mem 0x80016813
core   0: 0x80000ad8 (0x40275c93) srai    s9, a4, 2
core   0: 3 0x80000ad8 (0x40275c93) x25 0x00000000
core   0: 0x80000adc (0x00db7733) and     a4, s6, a3
core   0: 3 0x80000adc (0x00db7733) x14 0x00000000
core   0: 0x80000ae0 (0x9cc74693) xori    a3, a4, -1588
core   0: 3 0x80000ae0 (0x9cc74693) x13 0xfffff9cc
core   0: 0x80000ae4 (0xfcd10da3) sb      a3, -37(sp)
core   0: 3 0x80000ae4 (0xfcd10da3) mem 0x80016be9 0xcc
core   0: 0x80000ae8 (0x0ad10ca3) sb      a3, 185(sp)
core   0: 3 0x80000ae8 (0x0ad10ca3) mem 0x80016cc7 0xcc
core   0: 0x80000aec (0x02b14a03) lbu     s4, 43(sp)
core   0: 3 0x80000aec (0x02b14a03) x20 0x00000000 mem 0x80016c39
core   0: 0x80000af0 (0xc7611823) sh      s6, -912(sp)
core   0: 3 0x80000af0 (0xc7611823) mem 0x8001687e 0x0000
core   0: 0x80000af4 (0xbd368693) addi    a3, a3, -1069
core   0: 3 0x80000af4 (0xbd368693) x13 0xfffff59f
core   0: 0x80000af8 (0x0166db33) srl     s6, a3, s6
core   0: 3 0x80000af8 (0x0166db33) x22 0xfffff59f
core   0: 0x80000afc (0xd4e15403) lhu     s0, -690(sp)
core   0: 3 0x80000afc (0xd4e15403) x 8 0x00000000 mem 0x8001695c
core   0: 0x80000b00 (0x01f69a13) slli    s4, a3, 31
core   0: 3 0x80000b00 (0x01f69a13) x20 0x80000000
core   0: 0x80000b04 (0xb0914703) lbu     a4, -1271(sp)
core   0: 3 0x80000b04 (0xb0914703) x14 0x00000000 mem 0x80016717
core   0: 0x80000b08 (0x4b611223) sh      s6, 1188(sp)
core   0: 3 0x80000b08 (0x4b611223) mem 0x800170b2 0xf59f
core   0: 0x80000b0c (0x07615a03) lhu     s4, 118(sp)
core   0: 3 0x80000b0c (0x07615a03) x20 0x00000000 mem 0x80016c84
core   0: 0x80000b10 (0xffa00413) li      s0, -6
core   0: 3 0x80000b10 (0xffa00413) x 8 0xfffffffa
core   0: 0x80000b14 (0x01000c13) li      s8, 16
core   0: 3 0x80000b14 (0x01000c13) x24 0x00000010
core   0: 0x80000b18 (0x018c4533) xor     a0, s8, s8
core   0: 3 0x80000b18 (0x018c4533) x10 0x00000000
core   0: 0x80000b1c (0xe131c793) xori    a5, gp, -493
core   0: 3 0x80000b1c (0xe131c793) x15 0xbeac16e8
core   0: 0x80000b20 (0x00140413) addi    s0, s0, 1
core   0: 3 0x80000b20 (0x00140413) x 8 0xfffffffb
core   0: 0x80000b24 (0xff846ae3) bltu    s0, s8, pc - 12
core   0: 3 0x80000b24 (0xff846ae3)
core   0: 0x80000b28 (0x0075a7b3) slt     a5, a1, t2
core   0: 3 0x80000b28 (0x0075a7b3) x15 0x00000001
core   0: 0x80000b2c (0x00022c17) auipc   s8, 0x22
core   0: 3 0x80000b2c (0x00022c17) x24 0x80022b2c
core   0: 0x80000b30 (0xa8fc0c13) addi    s8, s8, -1393
core   0: 3 0x80000b30 (0xa8fc0c13) x24 0x800225bb
core   0: 0x80000b34 (0xffac4a03) lbu     s4, -6(s8)
core   0: 3 0x80000b34 (0xffac4a03) x20 0x00000000 mem 0x800225b5
core   0: 0x80000b38 (0xff6c0d23) sb      s6, -6(s8)
core   0: 3 0x80000b38 (0xff6c0d23) mem 0x800225b5 0x9f
core   0: 0x80000b3c (0x00012f97) auipc   t6, 0x12
core   0: 3 0x80000b3c (0x00012f97) x31 0x80012b3c
core   0: 0x80000b40 (0x3f6f8f93) addi    t6, t6, 1014
core   0: 3 0x80000b40 (0x3f6f8f93) x31 0x80012f32
core   0: 0x80000b44 (0xff0c0883) lb      a7, -16(s8)
core   0: 3 0x80000b44 (0xff0c0883) x17 0x00000000 mem 0x800225ab
core   0: 0x80000b48 (0xa64fca03) lbu     s4, -1436(t6)
core   0: 3 0x80000b48 (0xa64fca03) x20 0x000000e4 mem 0x80012996
core   0: 0x80000b4c (0x001c1583) lh      a1, 1(s8)
core   0: 3 0x80000b4c (0x001c1583) x11 0x00000000 mem 0x800225bc
core   0: 0x80000b50 (0xebff9023) sh      t6, -352(t6)
core   0: 3 0x80000b50 (0xebff9023) mem 0x80012dd2 0x2f32
core   0: 0x80000b54 (0xe31fc983) lbu     s3, -463(t6)
core   0: 3 0x80000b54 (0xe31fc983) x19 0x00000000 mem 0x80012d63
core   0: 0x80000b58 (0x025f8683) lb      a3, 37(t6)
core   0: 3 0x80000b58 (0x025f8683) x13 0x00000000 mem 0x80012f57
core   0: 0x80000b5c (0x905f8983) lb      s3, -1787(t6)
core   0: 3 0x80000b5c (0x905f8983) x19 0x00000000 mem 0x80012837
core   0: 0x80000b60 (0xd7bf8283) lb      t0, -645(t6)
core   0: 3 0x80000b60 (0xd7bf8283) x 5 0x00000000 mem 0x80012cad
core   0: 0x80000b64 (0x001c0823) sb      ra, 16(s8)
core   0: 3 0x80000b64 (0x001c0823) mem 0x800225cb 0x0
core   0: 0x80000b68 (0xbc7f8203) lb      tp, -1081(t6)
core   0: 3 0x80000b68 (0xbc7f8203) x 4 0x00000000 mem 0x80012af9
core   0: 0x80000b6c (0x007f8e03) lb      t3, 7(t6)
core   0: 3 0x80000b6c (0x007f8e03) x28 0x00000000 mem 0x80012f39
core   0: 0x80000b70 (0x011c26a3) sw      a7, 13(s8)
core   0: 3 0x80000b70 (0x011c26a3) mem 0x800225c8 0x00000000
core   0: 0x80000b74 (0xff9c0a23) sb      s9, -12(s8)
core   0: 3 0x80000b74 (0xff9c0a23) mem 0x800225af 0x0
core   0: 0x80000b78 (0x91afa523) sw      s10, -1782(t6)
core   0: 3 0x80000b78 (0x91afa523) mem 0x8001283c 0x00000000
core   0: 0x80000b7c (0xa9ffab23) sw      t6, -1386(t6)
core   0: 3 0x80000b7c (0xa9ffab23) mem 0x800129c8 0x80012f32
core   0: 0x80000b80 (0x00012817) auipc   a6, 0x12
core   0: 3 0x80000b80 (0x00012817) x16 0x80012b80
core   0: 0x80000b84 (0xe4080813) addi    a6, a6, -448
core   0: 3 0x80000b84 (0xe4080813) x16 0x800129c0
core   0: 0x80000b88 (0xff780f83) lb      t6, -9(a6)
core   0: 3 0x80000b88 (0xff780f83) x31 0x00000000 mem 0x800129b7
core   0: 0x80000b8c (0x00021397) auipc   t2, 0x21
core   0: 3 0x80000b8c (0x00021397) x 7 0x80021b8c
core   0: 0x80000b90 (0x92938393) addi    t2, t2, -1751
core   0: 3 0x80000b90 (0x92938393) x 7 0x800214b5
core   0: 0x80000b94 (0x59438203) lb      tp, 1428(t2)
core   0: 3 0x80000b94 (0x59438203) x 4 0x00000000 mem 0x80021a49
core   0: 0x80000b98 (0xfdb80183) lb      gp, -37(a6)
core   0: 3 0x80000b98 (0xfdb80183) x 3 0x00000000 mem 0x8001299b
core   0: 0x80000b9c (0x01f80e03) lb      t3, 31(a6)
core   0: 3 0x80000b9c (0x01f80e03) x28 0x00000000 mem 0x800129df
core   0: 0x80000ba0 (0xfe980403) lb      s0, -23(a6)
core   0: 3 0x80000ba0 (0xfe980403) x 8 0x00000000 mem 0x800129a9
core   0: 0x80000ba4 (0x2f138683) lb      a3, 753(t2)
core   0: 3 0x80000ba4 (0x2f138683) x13 0x00000000 mem 0x800217a6
core   0: 0x80000ba8 (0xfc738fa3) sb      t2, -33(t2)
core   0: 3 0x80000ba8 (0xfc738fa3) mem 0x80021494 0xb5
core   0: 0x80000bac (0x4d8389a3) sb      s8, 1235(t2)
core   0: 3 0x80000bac (0x4d8389a3) mem 0x80021988 0xbb
core   0: 0x80000bb0 (0xfff84a03) lbu     s4, -1(a6)
core   0: 3 0x80000bb0 (0xfff84a03) x20 0x00000000 mem 0x800129bf
core   0: 0x80000bb4 (0xfa33c883) lbu     a7, -93(t2)
core   0: 3 0x80000bb4 (0xfa33c883) x17 0x00000000 mem 0x80021458
core   0: 0x80000bb8 (0x21138123) sb      a7, 514(t2)
core   0: 3 0x80000bb8 (0x21138123) mem 0x800216b7 0x0
core   0: 0x80000bbc (0x02e81203) lh      tp, 46(a6)
core   0: 3 0x80000bbc (0x02e81203) x 4 0x00000000 mem 0x800129ee
core   0: 0x80000bc0 (0x74e38f23) sb      a4, 1886(t2)
core   0: 3 0x80000bc0 (0x74e38f23) mem 0x80021c13 0x0
core   0: 0x80000bc4 (0x5bb3d503) lhu     a0, 1467(t2)
core   0: 3 0x80000bc4 (0x5bb3d503) x10 0x00000000 mem 0x80021a70
core   0: 0x80000bc8 (0xfe281323) sh      sp, -26(a6)
core   0: 3 0x80000bc8 (0xfe281323) mem 0x800129a6 0x6c0e
core   0: 0x80000bcc (0xe5338f23) sb      s3, -418(t2)
core   0: 3 0x80000bcc (0xe5338f23) mem 0x80021313 0x0
core   0: 0x80000bd0 (0xfd180703) lb      a4, -47(a6)
core   0: 3 0x80000bd0 (0xfd180703) x14 0x00000000 mem 0x80012991
core   0: 0x80000bd4 (0x17f39783) lh      a5, 383(t2)
core   0: 3 0x80000bd4 (0x17f39783) x15 0x00000000 mem 0x80021634
core   0: 0x80000bd8 (0xfe0801a3) sb      zero, -29(a6)
core   0: 3 0x80000bd8 (0xfe0801a3) mem 0x800129a3 0x0
core   0: 0x80000bdc (0x00012117) auipc   sp, 0x12
core   0: 3 0x80000bdc (0x00012117) x 2 0x80012bdc
core   0: 0x80000be0 (0xc3410113) addi    sp, sp, -972
core   0: 3 0x80000be0 (0xc3410113) x 2 0x80012810
core   0: 0x80000be4 (0xff610f83) lb      t6, -10(sp)
core   0: 3 0x80000be4 (0xff610f83) x31 0x00000000 mem 0x80012806
core   0: 0x80000be8 (0xfec10ea3) sb      a2, -3(sp)
core   0: 3 0x80000be8 (0xfec10ea3) mem 0x8001280d 0x0
core   0: 0x80000bec (0xfd415603) lhu     a2, -44(sp)
core   0: 3 0x80000bec (0xfd415603) x12 0x00000000 mem 0x800127e4
core   0: 0x80000bf0 (0x02914e83) lbu     t4, 41(sp)
core   0: 3 0x80000bf0 (0x02914e83) x29 0x00000000 mem 0x80012839
core   0: 0x80000bf4 (0xfc314983) lbu     s3, -61(sp)
core   0: 3 0x80000bf4 (0xfc314983) x19 0x00000000 mem 0x800127d3
core   0: 0x80000bf8 (0x02b10503) lb      a0, 43(sp)
core   0: 3 0x80000bf8 (0x02b10503) x10 0x00000000 mem 0x8001283b
core   0: 0x80000bfc (0x000558b3) srl     a7, a0, zero
core   0: 3 0x80000bfc (0x000558b3) x17 0x00000000
core   0: 0x80000c00 (0x018f72b3) and     t0, t5, s8
core   0: 3 0x80000c00 (0x018f72b3) x 5 0x00000000
core   0: 0x80000c04 (0x0111de93) srli    t4, gp, 17
core   0: 3 0x80000c04 (0x0111de93) x29 0x00000000
core   0: 0x80000c08 (0x03f14283) lbu     t0, 63(sp)
core   0: 3 0x80000c08 (0x03f14283) x 5 0x00000000 mem 0x8001284f
core   0: 0x80000c0c (0x01e280b3) add     ra, t0, t5
core   0: 3 0x80000c0c (0x01e280b3) x 1 0x00000000
core   0: 0x80000c10 (0x00e10723) sb      a4, 14(sp)
core   0: 3 0x80000c10 (0x00e10723) mem 0x8001281e 0x0
core   0: 0x80000c14 (0x40b95cb3) sra     s9, s2, a1
core   0: 3 0x80000c14 (0x40b95cb3) x25 0x80000978
core   0: 0x80000c18 (0x07636613) ori     a2, t1, 118
core   0: 3 0x80000c18 (0x07636613) x12 0x67938a7e
core   0: 0x80000c1c (0x01189fb3) sll     t6, a7, a7
core   0: 3 0x80000c1c (0x01189fb3) x31 0x00000000
core   0: 0x80000c20 (0xfdd10d83) lb      s11, -35(sp)
core   0: 3 0x80000c20 (0xfdd10d83) x27 0x00000000 mem 0x800127ed
core   0: 0x80000c24 (0x0071b7b3) sltu    a5, gp, t2
core   0: 3 0x80000c24 (0x0071b7b3) x15 0x00000001
core   0: 0x80000c28 (0x99e8c293) xori    t0, a7, -1634
core   0: 3 0x80000c28 (0x99e8c293) x 5 0xfffff99e
core   0: 0x80000c2c (0x006e18b3) sll     a7, t3, t1
core   0: 3 0x80000c2c (0x006e18b3) x17 0x00000000
core   0: 0x80000c30 (0x005e3e33) sltu    t3, t3, t0
core   0: 3 0x80000c30 (0x005e3e33) x28 0x00000001
core   0: 0x80000c34 (0xae242693) slti    a3, s0, -1310
core   0: 3 0x80000c34 (0xae242693) x13 0x00000000
core   0: 0x80000c38 (0x0087ba33) sltu    s4, a5, s0
core   0: 3 0x80000c38 (0x0087ba33) x20 0x00000000
core   0: 0x80000c3c (0x01ab5993) srli    s3, s6, 26
core   0: 3 0x80000c3c (0x01ab5993) x19 0x0000003f
core   0: 0x80000c40 (0x40816413) ori     s0, sp, 1032
core   0: 3 0x80000c40 (0x40816413) x 8 0x80012c18
core   0: 0x80000c44 (0xfcd14903) lbu     s2, -51(sp)
core   0: 3 0x80000c44 (0xfcd14903) x18 0x00000000 mem 0x800127dd
core   0: 0x80000c48 (0xfe811d83) lh      s11, -24(sp)
core   0: 3 0x80000c48 (0xfe811d83) x27 0x00000000 mem 0x800127f8
core   0: 0x80000c4c (0x00510723) sb      t0, 14(sp)
core   0: 3 0x80000c4c (0x00510723) mem 0x8001281e 0x9e
core   0: 0x80000c50 (0x01410e03) lb      t3, 20(sp)
core   0: 3 0x80000c50 (0x01410e03) x28 0x00000000 mem 0x80012824
core   0: 0x80000c54 (0x00f10983) lb      s3, 15(sp)
core   0: 3 0x80000c54 (0x00f10983) x19 0x00000000 mem 0x8001281f
core   0: 0x80000c58 (0xd7023513) sltiu   a0, tp, -656
core   0: 3 0x80000c58 (0xd7023513) x10 0x00000001
core   0: 0x80000c5c (0xff610603) lb      a2, -10(sp)
core   0: 3 0x80000c5c (0xff610603) x12 0x00000000 mem 0x80012806
core   0: 0x80000c60 (0x92bc5a17) auipc   s4, 0x92bc5
core   0: 3 0x80000c60 (0x92bc5a17) x20 0x12bc5c60
core   0: 0x80000c64 (0x00912c23) sw      s1, 24(sp)
core   0: 3 0x80000c64 (0x00912c23) mem 0x80012828 0x8002bce4
core   0: 0x80000c68 (0x00000013) nop
core   0: 3 0x80000c68 (0x00000013)
core   0: 0x80000c6c (0xfd011e03) lh      t3, -48(sp)
core   0: 3 0x80000c6c (0xfd011e03) x28 0x00000000 mem 0x800127e0
core   0: 0x80000c70 (0x533ca813) slti    a6, s9, 1331
core   0: 3 0x80000c70 (0x533ca813) x16 0x00000001
core   0: 0x80000c74 (0x00b910b3) sll     ra, s2, a1
core   0: 3 0x80000c74 (0x00b910b3) x 1 0x00000000
core   0: 0x80000c78 (0x01ea1893) slli    a7, s4, 30
core   0: 3 0x80000c78 (0x01ea1893) x17 0x00000000
core   0: 0x80000c7c (0x03510283) lb      t0, 53(sp)
core   0: 3 0x80000c7c (0x03510283) x 5 0x00000000 mem 0x80012845
core   0: 0x80000c80 (0xff88fd93) andi    s11, a7, -8
core   0: 3 0x80000c80 (0xff88fd93) x27 0x00000000
core   0: 0x80000c84 (0x72d7fe93) andi    t4, a5, 1837
core   0: 3 0x80000c84 (0x72d7fe93) x29 0x00000001
core   0: 0x80000c88 (0x0ff0000f) fence   iorw,iorw
core   0: 3 0x80000c88 (0x0ff0000f)
core   0: 0x80000c8c (0xfcb10f83) lb      t6, -53(sp)
core   0: 3 0x80000c8c (0xfcb10f83) x31 0x00000000 mem 0x800127db
core   0: 0x80000c90 (0xfc314283) lbu     t0, -61(sp)
core   0: 3 0x80000c90 (0xfc314283) x 5 0x00000000 mem 0x800127d3
core   0: 0x80000c94 (0xfc510da3) sb      t0, -37(sp)
core   0: 3 0x80000c94 (0xfc510da3) mem 0x800127eb 0x0
core   0: 0x80000c98 (0x03412503) lw      a0, 52(sp)
core   0: 3 0x80000c98 (0x03412503) x10 0x00000000 mem 0x80012844
core   0: 0x80000c9c (0xfc714f83) lbu     t6, -57(sp)
core   0: 3 0x80000c9c (0xfc714f83) x31 0x00000000 mem 0x800127d7
core   0: 0x80000ca0 (0x01115c13) srli    s8, sp, 17
core   0: 3 0x80000ca0 (0x01115c13) x24 0x00004000
core   0: 0x80000ca4 (0xfdd11e23) sh      t4, -36(sp)
core   0: 3 0x80000ca4 (0xfdd11e23) mem 0x800127ec 0x0001
core   0: 0x80000ca8 (0xfdb103a3) sb      s11, -57(sp)
core   0: 3 0x80000ca8 (0xfdb103a3) mem 0x800127d7 0x0
core   0: 0x80000cac (0xfd210023) sb      s2, -64(sp)
core   0: 3 0x80000cac (0xfd210023) mem 0x800127d0 0x0
core   0: 0x80000cb0 (0x00012117) auipc   sp, 0x12
core   0: 3 0x80000cb0 (0x00012117) x 2 0x80012cb0
core   0: 0x80000cb4 (0x2f610113) addi    sp, sp, 758
core   0: 3 0x80000cb4 (0x2f610113) x 2 0x80012fa6
core   0: 0x80000cb8 (0xc7c109a3) sb      t3, -909(sp)
core   0: 3 0x80000cb8 (0xc7c109a3) mem 0x80012c19 0x0
core   0: 0x80000cbc (0xb68108a3) sb      s0, -1167(sp)
core   0: 3 0x80000cbc (0xb68108a3) mem 0x80012b17 0x18
core   0: 0x80000cc0 (0x96180c13) addi    s8, a6, -1695
core   0: 3 0x80000cc0 (0x96180c13) x24 0xfffff962
core   0: 0x80000cc4 (0x401b0033) sub     zero, s6, ra
core   0: 3 0x80000cc4 (0x401b0033)
core   0: 0x80000cc8 (0x97710d83) lb      s11, -1673(sp)
core   0: 3 0x80000cc8 (0x97710d83) x27 0x00000000 mem 0x8001291d
core   0: 0x80000ccc (0x0000100f) fence.i
core   0: 3 0x80000ccc (0x0000100f)
core   0: 0x80000cd0 (0x004d7533) and     a0, s10, tp
core   0: 3 0x80000cd0 (0x004d7533) x10 0x00000000
core   0: 0x80000cd4 (0xbd814903) lbu     s2, -1064(sp)
core   0: 3 0x80000cd4 (0xbd814903) x18 0x00000000 mem 0x80012b7e
core   0: 0x80000cd8 (0xf1d10aa3) sb      t4, -235(sp)
core   0: 3 0x80000cd8 (0xf1d10aa3) mem 0x80012ebb 0x1
core   0: 0x80000cdc (0x016977b3) and     a5, s2, s6
core   0: 3 0x80000cdc (0x016977b3) x15 0x00000000
core   0: 0x80000ce0 (0x8ae58993) addi    s3, a1, -1874
core   0: 3 0x80000ce0 (0x8ae58993) x19 0xfffff8ae
core   0: 0x80000ce4 (0xecf10603) lb      a2, -305(sp)
core   0: 3 0x80000ce4 (0xecf10603) x12 0x00000000 mem 0x80012e75
core   0: 0x80000ce8 (0x01b450b3) srl     ra, s0, s11
core   0: 3 0x80000ce8 (0x01b450b3) x 1 0x80012c18
core   0: 0x80000cec (0x01b9ea33) or      s4, s3, s11
core   0: 3 0x80000cec (0x01b9ea33) x20 0xfffff8ae
core   0: 0x80000cf0 (0xb7015883) lhu     a7, -1168(sp)
core   0: 3 0x80000cf0 (0xb7015883) x17 0x00001800 mem 0x80012b16
core   0: 0x80000cf4 (0xa4015d83) lhu     s11, -1472(sp)
core   0: 3 0x80000cf4 (0xa4015d83) x27 0x00000000 mem 0x800129e6
core   0: 0x80000cf8 (0x012a31b3) sltu    gp, s4, s2
core   0: 3 0x80000cf8 (0x012a31b3) x 3 0x00000000
core   0: 0x80000cfc (0x0ff0000f) fence   iorw,iorw
core   0: 3 0x80000cfc (0x0ff0000f)
core   0: 0x80000d00 (0x0027ae33) slt     t3, a5, sp
core   0: 3 0x80000d00 (0x0027ae33) x28 0x00000000
core   0: 0x80000d04 (0x001d9993) slli    s3, s11, 1
core   0: 3 0x80000d04 (0x001d9993) x19 0x00000000
core   0: 0x80000d08 (0xfd5103a3) sb      s5, -57(sp)
core   0: 3 0x80000d08 (0xfd5103a3) mem 0x80012f6d 0xbb
core   0: 0x80000d0c (0x012eb433) sltu    s0, t4, s2
core   0: 3 0x80000d0c (0x012eb433) x 8 0x00000000
core   0: 0x80000d10 (0x98a12303) lw      t1, -1654(sp)
core   0: 3 0x80000d10 (0x98a12303) x 6 0x00000000 mem 0x80012930
core   0: 0x80000d14 (0xae010ca3) sb      zero, -1287(sp)
core   0: 3 0x80000d14 (0xae010ca3) mem 0x80012a9f 0x0
core   0: 0x80000d18 (0xe63108a3) sb      gp, -399(sp)
core   0: 3 0x80000d18 (0xe63108a3) mem 0x80012e17 0x0
core   0: 0x80000d1c (0x01801893) slli    a7, zero, 24
core   0: 3 0x80000d1c (0x01801893) x17 0x00000000
core   0: 0x80000d20 (0x01a85593) srli    a1, a6, 26
core   0: 3 0x80000d20 (0x01a85593) x11 0x00000000
core   0: 0x80000d24 (0x00000013) nop
core   0: 3 0x80000d24 (0x00000013)
core   0: 0x80000d28 (0x8df14203) lbu     tp, -1825(sp)
core   0: 3 0x80000d28 (0x8df14203) x 4 0x00000000 mem 0x80012885
core   0: 0x80000d2c (0x01632033) slt     zero, t1, s6
core   0: 3 0x80000d2c (0x01632033)
core   0: 0x80000d30 (0x41f48eb3) sub     t4, s1, t6
core   0: 3 0x80000d30 (0x41f48eb3) x29 0x8002bce4
core   0: 0x80000d34 (0x9f510303) lb      t1, -1547(sp)
core   0: 3 0x80000d34 (0x9f510303) x 6 0x00000000 mem 0x8001299b
core   0: 0x80000d38 (0x00000013) nop
core   0: 3 0x80000d38 (0x00000013)
core   0: 0x80000d3c (0xe1f14c83) lbu     s9, -481(sp)
core   0: 3 0x80000d3c (0xe1f14c83) x25 0x00000000 mem 0x80012dc5
core   0: 0x80000d40 (0x01ecbfb3) sltu    t6, s9, t5
core   0: 3 0x80000d40 (0x01ecbfb3) x31 0x00000000
core   0: 0x80000d44 (0x00948633) add     a2, s1, s1
core   0: 3 0x80000d44 (0x00948633) x12 0x000579c8
core   0: 0x80000d48 (0x01f743b3) xor     t2, a4, t6
core   0: 3 0x80000d48 (0x01f743b3) x 7 0x00000000
core   0: 0x80000d4c (0x00fb7e33) and     t3, s6, a5
core   0: 3 0x80000d4c (0x00fb7e33) x28 0x00000000
core   0: 0x80000d50 (0xd9815003) lhu     zero, -616(sp)
core   0: 3 0x80000d50 (0xd9815003) mem 0x80012d3e
core   0: 0x80000d54 (0x00000013) nop
core   0: 3 0x80000d54 (0x00000013)
core   0: 0x80000d58 (0x4d187713) andi    a4, a6, 1233
core   0: 3 0x80000d58 (0x4d187713) x14 0x00000001
core   0: 0x80000d5c (0x0ff0000f) fence   iorw,iorw
core   0: 3 0x80000d5c (0x0ff0000f)
core   0: 0x80000d60 (0x8b415583) lhu     a1, -1868(sp)
core   0: 3 0x80000d60 (0x8b415583) x11 0x00000000 mem 0x8001285a
core   0: 0x80000d64 (0x024007ef) jal     a5, pc + 0x24
core   0: 3 0x80000d64 (0x024007ef) x15 0x80000d68
core   0: 0x80000d88 (0xff9ff0ef) jal     pc - 0x8
core   0: 3 0x80000d88 (0xff9ff0ef) x 1 0x80000d8c
core   0: 0x80000d80 (0x034005ef) jal     a1, pc + 0x34
core   0: 3 0x80000d80 (0x034005ef) x11 0x80000d84
core   0: 0x80000db4 (0xfc5ff0ef) jal     pc - 0x3c
core   0: 3 0x80000db4 (0xfc5ff0ef) x 1 0x80000db8
core   0: 0x80000d78 (0xff9ff0ef) jal     pc - 0x8
core   0: 3 0x80000d78 (0xff9ff0ef) x 1 0x80000d7c
core   0: 0x80000d70 (0xff9ff0ef) jal     pc - 0x8
core   0: 3 0x80000d70 (0xff9ff0ef) x 1 0x80000d74
core   0: 0x80000d68 (0x00c0026f) jal     tp, pc + 0xc
core   0: 3 0x80000d68 (0x00c0026f) x 4 0x80000d6c
core   0: 0x80000d74 (0x020000ef) jal     pc + 0x20
core   0: 3 0x80000d74 (0x020000ef) x 1 0x80000d78
core   0: 0x80000d94 (0xfe9ff36f) jal     t1, pc - 0x18
core   0: 3 0x80000d94 (0xfe9ff36f) x 6 0x80000d98
core   0: 0x80000d7c (0x0280026f) jal     tp, pc + 0x28
core   0: 3 0x80000d7c (0x0280026f) x 4 0x80000d80
core   0: 0x80000da4 (0xfe9ffcef) jal     s9, pc - 0x18
core   0: 3 0x80000da4 (0xfe9ffcef) x25 0x80000da8
core   0: 0x80000d8c (0x00c0016f) jal     sp, pc + 0xc
core   0: 3 0x80000d8c (0x00c0016f) x 2 0x80000d90
core   0: 0x80000d98 (0x0240036f) jal     t1, pc + 0x24
core   0: 3 0x80000d98 (0x0240036f) x 6 0x80000d9c
core   0: 0x80000dbc (0xff5ff0ef) jal     pc - 0xc
core   0: 3 0x80000dbc (0xff5ff0ef) x 1 0x80000dc0
core   0: 0x80000db0 (0xff9ff36f) jal     t1, pc - 0x8
core   0: 3 0x80000db0 (0xff9ff36f) x 6 0x80000db4
core   0: 0x80000da8 (0xff9ffcef) jal     s9, pc - 0x8
core   0: 3 0x80000da8 (0xff9ffcef) x25 0x80000dac
core   0: 0x80000da0 (0x00c000ef) jal     pc + 0xc
core   0: 3 0x80000da0 (0x00c000ef) x 1 0x80000da4
core   0: 0x80000dac (0xfe5ff1ef) jal     gp, pc - 0x1c
core   0: 3 0x80000dac (0xfe5ff1ef) x 3 0x80000db0
core   0: 0x80000d90 (0xfddff86f) jal     a6, pc - 0x24
core   0: 3 0x80000d90 (0xfddff86f) x16 0x80000d94
core   0: 0x80000d6c (0x04c00fef) jal     t6, pc + 0x4c
core   0: 3 0x80000d6c (0x04c00fef) x31 0x80000d70
core   0: 0x80000db8 (0xfcdff36f) jal     t1, pc - 0x34
core   0: 3 0x80000db8 (0xfcdff36f) x 6 0x80000dbc
core   0: 0x80000d84 (0x0180036f) jal     t1, pc + 0x18
core   0: 3 0x80000d84 (0x0180036f) x 6 0x80000d88
core   0: 0x80000d9c (0x024000ef) jal     pc + 0x24
core   0: 3 0x80000d9c (0x024000ef) x 1 0x80000da0
core   0: 0x80000dc0 (0x0040036f) jal     t1, pc + 0x4
core   0: 3 0x80000dc0 (0x0040036f) x 6 0x80000dc4
core   0: 0x80000dc4 (0x00000013) nop
core   0: 3 0x80000dc4 (0x00000013)
core   0: 0x80000dc8 (0x00012617) auipc   a2, 0x12
core   0: 3 0x80000dc8 (0x00012617) x12 0x80012dc8
core   0: 0x80000dcc (0x21260613) addi    a2, a2, 530
core   0: 3 0x80000dcc (0x21260613) x12 0x80012fda
core   0: 0x80000dd0 (0x013605a3) sb      s3, 11(a2)
core   0: 3 0x80000dd0 (0x013605a3) mem 0x80012fe5 0x0
core   0: 0x80000dd4 (0x00b60a03) lb      s4, 11(a2)
core   0: 3 0x80000dd4 (0x00b60a03) x20 0x00000000 mem 0x80012fe5
core   0: 0x80000dd8 (0x00b64903) lbu     s2, 11(a2)
core   0: 3 0x80000dd8 (0x00b64903) x18 0x00000000 mem 0x80012fe5
core   0: 0x80000ddc (0xfe460da3) sb      tp, -5(a2)
core   0: 3 0x80000ddc (0xfe460da3) mem 0x80012fd5 0x80
core   0: 0x80000de0 (0xfe961f23) sh      s1, -2(a2)
core   0: 3 0x80000de0 (0xfe961f23) mem 0x80012fd8 0xbce4
core   0: 0x80000de4 (0x00b60103) lb      sp, 11(a2)
core   0: 3 0x80000de4 (0x00b60103) x 2 0x00000000 mem 0x80012fe5
core   0: 0x80000de8 (0x0ff0000f) fence   iorw,iorw
core   0: 3 0x80000de8 (0x0ff0000f)
core   0: 0x80000dec (0x00564883) lbu     a7, 5(a2)
core   0: 3 0x80000dec (0x00564883) x17 0x00000000 mem 0x80012fdf
core   0: 0x80000df0 (0x01372833) slt     a6, a4, s3
core   0: 3 0x80000df0 (0x01372833) x16 0x00000000
core   0: 0x80000df4 (0x546f7e17) auipc   t3, 0x546f7
core   0: 3 0x80000df4 (0x546f7e17) x28 0xd46f7df4
core   0: 0x80000df8 (0x00b9f133) and     sp, s3, a1
core   0: 3 0x80000df8 (0x00b9f133) x 2 0x00000000
core   0: 0x80000dfc (0x01b60823) sb      s11, 16(a2)
core   0: 3 0x80000dfc (0x01b60823) mem 0x80012fea 0x0
core   0: 0x80000e00 (0x01060203) lb      tp, 16(a2)
core   0: 3 0x80000e00 (0x01060203) x 4 0x00000000 mem 0x80012fea
core   0: 0x80000e04 (0x01f61423) sh      t6, 8(a2)
core   0: 3 0x80000e04 (0x01f61423) mem 0x80012fe2 0x0d70
core   0: 0x80000e08 (0x00560983) lb      s3, 5(a2)
core   0: 3 0x80000e08 (0x00560983) x19 0x00000000 mem 0x80012fdf
core   0: 0x80000e0c (0x8e9f8193) addi    gp, t6, -1815
core   0: 3 0x80000e0c (0x8e9f8193) x 3 0x80000659
core   0: 0x80000e10 (0x0116d693) srli    a3, a3, 17
core   0: 3 0x80000e10 (0x0116d693) x13 0x00000000
core   0: 0x80000e14 (0x00000013) nop
core   0: 3 0x80000e14 (0x00000013)
core   0: 0x80000e18 (0x00564d03) lbu     s10, 5(a2)
core   0: 3 0x80000e18 (0x00564d03) x26 0x00000000 mem 0x80012fdf
core   0: 0x80000e1c (0x00860423) sb      s0, 8(a2)
core   0: 3 0x80000e1c (0x00860423) mem 0x80012fe2 0x0
core   0: 0x80000e20 (0xff364e83) lbu     t4, -13(a2)
core   0: 3 0x80000e20 (0xff364e83) x29 0x00000000 mem 0x80012fcd
core   0: 0x80000e24 (0xff564903) lbu     s2, -11(a2)
core   0: 3 0x80000e24 (0xff564903) x18 0x00000000 mem 0x80012fcf
core   0: 0x80000e28 (0x00019897) auipc   a7, 0x19
core   0: 3 0x80000e28 (0x00019897) x17 0x80019e28
core   0: 0x80000e2c (0x61488893) addi    a7, a7, 1556
core   0: 3 0x80000e2c (0x61488893) x17 0x8001a43c
core   0: 0x80000e30 (0x01188523) sb      a7, 10(a7)
core   0: 3 0x80000e30 (0x01188523) mem 0x8001a446 0x3c
core   0: 0x80000e34 (0xff38c983) lbu     s3, -13(a7)
core   0: 3 0x80000e34 (0xff38c983) x19 0x00000000 mem 0x8001a42f
core   0: 0x80000e38 (0x0078c303) lbu     t1, 7(a7)
core   0: 3 0x80000e38 (0x0078c303) x 6 0x00000000 mem 0x8001a443
core   0: 0x80000e3c (0x0183d293) srli    t0, t2, 24
core   0: 3 0x80000e3c (0x0183d293) x 5 0x00000000
core   0: 0x80000e40 (0xffc8d383) lhu     t2, -4(a7)
core   0: 3 0x80000e40 (0xffc8d383) x 7 0x00000000 mem 0x8001a438
core   0: 0x80000e44 (0x403b8a33) sub     s4, s7, gp
core   0: 3 0x80000e44 (0x403b8a33) x20 0x0002780b
core   0: 0x80000e48 (0x97962013) slti    zero, a2, -1671
core   0: 3 0x80000e48 (0x97962013)
core   0: 0x80000e4c (0x0018c203) lbu     tp, 1(a7)
core   0: 3 0x80000e4c (0x0018c203) x 4 0x00000000 mem 0x8001a43d
core   0: 0x80000e50 (0x006dd033) srl     zero, s11, t1
core   0: 3 0x80000e50 (0x006dd033)
core   0: 0x80000e54 (0x00588f03) lb      t5, 5(a7)
core   0: 3 0x80000e54 (0x00588f03) x30 0x00000000 mem 0x8001a441
core   0: 0x80000e58 (0x01ca7733) and     a4, s4, t3
core   0: 3 0x80000e58 (0x01ca7733) x14 0x00027800
core   0: 0x80000e5c (0x017886a3) sb      s7, 13(a7)
core   0: 3 0x80000e5c (0x017886a3) mem 0x8001a449 0x64
core   0: 0x80000e60 (0xff88a983) lw      s3, -8(a7)
core   0: 3 0x80000e60 (0xff88a983) x19 0x00000000 mem 0x8001a434
core   0: 0x80000e64 (0xff08ac03) lw      s8, -16(a7)
core   0: 3 0x80000e64 (0xff08ac03) x24 0x00000000 mem 0x8001a42c
core   0: 0x80000e68 (0x00288e03) lb      t3, 2(a7)
core   0: 3 0x80000e68 (0x00288e03) x28 0x00000000 mem 0x8001a43e
core   0: 0x80000e6c (0x0038ce83) lbu     t4, 3(a7)
core   0: 3 0x80000e6c (0x0038ce83) x29 0x00000000 mem 0x8001a43f
core   0: 0x80000e70 (0xff688f23) sb      s6, -2(a7)
core   0: 3 0x80000e70 (0xff688f23) mem 0x8001a43a 0x9f
core   0: 0x80000e74 (0x004cf9b3) and     s3, s9, tp
core   0: 3 0x80000e74 (0x004cf9b3) x19 0x00000000
core   0: 0x80000e78 (0xff88c403) lbu     s0, -8(a7)
core   0: 3 0x80000e78 (0xff88c403) x 8 0x00000000 mem 0x8001a434
core   0: 0x80000e7c (0x011e5693) srli    a3, t3, 17
core   0: 3 0x80000e7c (0x011e5693) x13 0x00000000
core   0: 0x80000e80 (0x00c8c203) lbu     tp, 12(a7)
core   0: 3 0x80000e80 (0x00c8c203) x 4 0x00000000 mem 0x8001a448
core   0: 0x80000e84 (0x019bc1b3) xor     gp, s7, s9
core   0: 3 0x80000e84 (0x019bc1b3) x 3 0x000273c8
core   0: 0x80000e88 (0x00c88a03) lb      s4, 12(a7)
core   0: 3 0x80000e88 (0x00c88a03) x20 0x00000000 mem 0x8001a448
core   0: 0x80000e8c (0x0069afb3) slt     t6, s3, t1
core   0: 3 0x80000e8c (0x0069afb3) x31 0x00000000
core   0: 0x80000e90 (0x55306c93) ori     s9, zero, 1363
core   0: 3 0x80000e90 (0x55306c93) x25 0x00000553
core   0: 0x80000e94 (0x01c6dcb3) srl     s9, a3, t3
core   0: 3 0x80000e94 (0x01c6dcb3) x25 0x00000000
core   0: 0x80000e98 (0xff788983) lb      s3, -9(a7)
core   0: 3 0x80000e98 (0xff788983) x19 0x00000000 mem 0x8001a433
core   0: 0x80000e9c (0x00a8ce03) lbu     t3, 10(a7)
core   0: 3 0x80000e9c (0x00a8ce03) x28 0x0000003c mem 0x8001a446
core   0: 0x80000ea0 (0x64ef23b7) lui     t2, 0x64ef2
core   0: 3 0x80000ea0 (0x64ef23b7) x 7 0x64ef2000
core   0: 0x80000ea4 (0x3f8ea697) auipc   a3, 0x3f8ea
core   0: 3 0x80000ea4 (0x3f8ea697) x13 0xbf8eaea4
core   0: 0x80000ea8 (0x00319c93) slli    s9, gp, 3
core   0: 3 0x80000ea8 (0x00319c93) x25 0x00139e40
core   0: 0x80000eac (0xff08a303) lw      t1, -16(a7)
core   0: 3 0x80000eac (0xff08a303) x 6 0x00000000 mem 0x8001a42c
core   0: 0x80000eb0 (0x00000013) nop
core   0: 3 0x80000eb0 (0x00000013)
core   0: 0x80000eb4 (0xffd88c83) lb      s9, -3(a7)
core   0: 3 0x80000eb4 (0xffd88c83) x25 0x00000000 mem 0x8001a439
core   0: 0x80000eb8 (0xff188983) lb      s3, -15(a7)
core   0: 3 0x80000eb8 (0xff188983) x19 0x00000000 mem 0x8001a42d
core   0: 0x80000ebc (0x0ff0000f) fence   iorw,iorw
core   0: 3 0x80000ebc (0x0ff0000f)
core   0: 0x80000ec0 (0xff88a603) lw      a2, -8(a7)
core   0: 3 0x80000ec0 (0xff88a603) x12 0x00000000 mem 0x8001a434
core   0: 0x80000ec4 (0x2a958993) addi    s3, a1, 681
core   0: 3 0x80000ec4 (0x2a958993) x19 0x8000102d
core   0: 0x80000ec8 (0x006aafb3) slt     t6, s5, t1
core   0: 3 0x80000ec8 (0x006aafb3) x31 0x00000001
core   0: 0x80000ecc (0xfef888a3) sb      a5, -15(a7)
core   0: 3 0x80000ecc (0xfef888a3) mem 0x8001a42d 0x68
core   0: 0x80000ed0 (0x00013117) auipc   sp, 0x13
core   0: 3 0x80000ed0 (0x00013117) x 2 0x80013ed0
core   0: 0x80000ed4 (0x93210113) addi    sp, sp, -1742
core   0: 3 0x80000ed4 (0x93210113) x 2 0x80013802
core   0: 0x80000ed8 (0x46710583) lb      a1, 1127(sp)
core   0: 3 0x80000ed8 (0x46710583) x11 0x00000000 mem 0x80013c69
core   0: 0x80000edc (0x46710d03) lb      s10, 1127(sp)
core   0: 3 0x80000edc (0x46710d03) x26 0x00000000 mem 0x80013c69
core   0: 0x80000ee0 (0x46714883) lbu     a7, 1127(sp)
core   0: 3 0x80000ee0 (0x46714883) x17 0x00000000 mem 0x80013c69
core   0: 0x80000ee4 (0x4b083313) sltiu   t1, a6, 1200
core   0: 3 0x80000ee4 (0x4b083313) x 6 0x00000001
core   0: 0x80000ee8 (0xb3b14a03) lbu     s4, -1221(sp)
core   0: 3 0x80000ee8 (0xb3b14a03) x20 0x00000000 mem 0x8001333d
core   0: 0x80000eec (0xb3b10b03) lb      s6, -1221(sp)
core   0: 3 0x80000eec (0xb3b10b03) x22 0x00000000 mem 0x8001333d
core   0: 0x80000ef0 (0xa9b11c23) sh      s11, -1384(sp)
core   0: 3 0x80000ef0 (0xa9b11c23) mem 0x8001329a 0x0000
core   0: 0x80000ef4 (0xa8410c23) sb      tp, -1384(sp)
core   0: 3 0x80000ef4 (0xa8410c23) mem 0x8001329a 0x0
core   0: 0x80000ef8 (0x19410e83) lb      t4, 404(sp)
core   0: 3 0x80000ef8 (0x19410e83) x29 0x00000000 mem 0x80013996
core   0: 0x80000efc (0x19410003) lb      zero, 404(sp)
core   0: 3 0x80000efc (0x19410003) mem 0x80013996
core   0: 0x80000f00 (0xb7011e83) lh      t4, -1168(sp)
core   0: 3 0x80000f00 (0xb7011e83) x29 0x00000000 mem 0x80013372
core   0: 0x80000f04 (0xb6510823) sb      t0, -1168(sp)
core   0: 3 0x80000f04 (0xb6510823) mem 0x80013372 0x0
core   0: 0x80000f08 (0xb7011783) lh      a5, -1168(sp)
core   0: 3 0x80000f08 (0xb7011783) x15 0x00000000 mem 0x80013372
core   0: 0x80000f0c (0xb3910ea3) sb      s9, -1219(sp)
core   0: 3 0x80000f0c (0xb3910ea3) mem 0x8001333f 0x0
core   0: 0x80000f10 (0x41cd8333) sub     t1, s11, t3
core   0: 3 0x80000f10 (0x41cd8333) x 6 0xffffffc4
core   0: 0x80000f14 (0x0000100f) fence.i
core   0: 3 0x80000f14 (0x0000100f)
core   0: 0x80000f18 (0xb3f10ea3) sb      t6, -1219(sp)
core   0: 3 0x80000f18 (0xb3f10ea3) mem 0x8001333f 0x1
core   0: 0x80000f1c (0x01975893) srli    a7, a4, 25
core   0: 3 0x80000f1c (0x01975893) x17 0x00000000
core   0: 0x80000f20 (0xb3d14403) lbu     s0, -1219(sp)
core   0: 3 0x80000f20 (0xb3d14403) x 8 0x00000001 mem 0x8001333f
core   0: 0x80000f24 (0xaae106a3) sb      a4, -1363(sp)
core   0: 3 0x80000f24 (0xaae106a3) mem 0x800132af 0x0
core   0: 0x80000f28 (0xaaf106a3) sb      a5, -1363(sp)
core   0: 3 0x80000f28 (0xaaf106a3) mem 0x800132af 0x0
core   0: 0x80000f2c (0xab6106a3) sb      s6, -1363(sp)
core   0: 3 0x80000f2c (0xab6106a3) mem 0x800132af 0x0
core   0: 0x80000f30 (0xaad14e03) lbu     t3, -1363(sp)
core   0: 3 0x80000f30 (0xaad14e03) x28 0x00000000 mem 0x800132af
core   0: 0x80000f34 (0x014400b3) add     ra, s0, s4
core   0: 3 0x80000f34 (0x014400b3) x 1 0x00000001
core   0: 0x80000f38 (0xdfd14f83) lbu     t6, -515(sp)
core   0: 3 0x80000f38 (0xdfd14f83) x31 0x00000000 mem 0x800135ff
core   0: 0x80000f3c (0x00012397) auipc   t2, 0x12
core   0: 3 0x80000f3c (0x00012397) x 7 0x80012f3c
core   0: 0x80000f40 (0xca938393) addi    t2, t2, -855
core   0: 3 0x80000f40 (0xca938393) x 7 0x80012be5
core   0: 0x80000f44 (0x41ff8933) sub     s2, t6, t6
core   0: 3 0x80000f44 (0x41ff8933) x18 0x00000000
core   0: 0x80000f48 (0x20938783) lb      a5, 521(t2)
core   0: 3 0x80000f48 (0x20938783) x15 0x00000000 mem 0x80012dee
core   0: 0x80000f4c (0x4781f293) andi    t0, gp, 1144
core   0: 3 0x80000f4c (0x4781f293) x 5 0x00000048
core   0: 0x80000f50 (0x8f438683) lb      a3, -1804(t2)
core   0: 3 0x80000f50 (0x8f438683) x13 0x00000000 mem 0x800124d9
core   0: 0x80000f54 (0x00f22cb3) slt     s9, tp, a5
core   0: 3 0x80000f54 (0x00f22cb3) x25 0x00000000
core   0: 0x80000f58 (0x9f8389a3) sb      s8, -1549(t2)
core   0: 3 0x80000f58 (0x9f8389a3) mem 0x800125d8 0x0
core   0: 0x80000f5c (0x00000013) nop
core   0: 3 0x80000f5c (0x00000013)
core   0: 0x80000f60 (0xee739d03) lh      s10, -281(t2)
core   0: 3 0x80000f60 (0xee739d03) x26 0x00000000 mem 0x80012acc
core   0: 0x80000f64 (0xbfc38723) sb      t3, -1042(t2)
core   0: 3 0x80000f64 (0xbfc38723) mem 0x800127d3 0x0
core   0: 0x80000f68 (0xb1d8bd13) sltiu   s10, a7, -1251
core   0: 3 0x80000f68 (0xb1d8bd13) x26 0x00000001
core   0: 0x80000f6c (0xe4438523) sb      tp, -438(t2)
core   0: 3 0x80000f6c (0xe4438523) mem 0x80012a2f 0x0
core   0: 0x80000f70 (0xfbe3ce83) lbu     t4, -66(t2)
core   0: 3 0x80000f70 (0xfbe3ce83) x29 0x00000000 mem 0x80012ba3
core   0: 0x80000f74 (0x9c53c183) lbu     gp, -1595(t2)
core   0: 3 0x80000f74 (0x9c53c183) x 3 0x00000000 mem 0x800125aa
core   0: 0x80000f78 (0x01b4a1b3) slt     gp, s1, s11
core   0: 3 0x80000f78 (0x01b4a1b3) x 3 0x00000001
core   0: 0x80000f7c (0x0ece4d97) auipc   s11, 0xece4
core   0: 3 0x80000f7c (0x0ece4d97) x27 0x8ece4f7c
core   0: 0x80000f80 (0xfac38903) lb      s2, -84(t2)
core   0: 3 0x80000f80 (0xfac38903) x18 0x00000000 mem 0x80012b91
core   0: 0x80000f84 (0x41395f93) srai    t6, s2, 19
core   0: 3 0x80000f84 (0x41395f93) x31 0x00000000
core   0: 0x80000f88 (0xb5238103) lb      sp, -1198(t2)
core   0: 3 0x80000f88 (0xb5238103) x 2 0x00000000 mem 0x80012737
core   0: 0x80000f8c (0x1493d503) lhu     a0, 329(t2)
core   0: 3 0x80000f8c (0x1493d503) x10 0x00000000 mem 0x80012d2e
core   0: 0x80000f90 (0xcd13d083) lhu     ra, -815(t2)
core   0: 3 0x80000f90 (0xcd13d083) x 1 0x00000000 mem 0x800128b6
core   0: 0x80000f94 (0x0dd3c803) lbu     a6, 221(t2)
core   0: 3 0x80000f94 (0x0dd3c803) x16 0x00000000 mem 0x80012cc2
core   0: 0x80000f98 (0xb2e9ee13) ori     t3, s3, -1234
core   0: 3 0x80000f98 (0xb2e9ee13) x28 0xfffffb2f
core   0: 0x80000f9c (0x03f30637) lui     a2, 0x3f30
core   0: 3 0x80000f9c (0x03f30637) x12 0x03f30000
core   0: 0x80000fa0 (0x40ab5013) srai    zero, s6, 10
core   0: 3 0x80000fa0 (0x40ab5013)
core   0: 0x80000fa4 (0x31b38823) sb      s11, 784(t2)
core   0: 3 0x80000fa4 (0x31b38823) mem 0x80012ef5 0x7c
core   0: 0x80000fa8 (0x003c3833) sltu    a6, s8, gp
core   0: 3 0x80000fa8 (0x003c3833) x16 0x00000001
core   0: 0x80000fac (0x9ab3c083) lbu     ra, -1621(t2)
core   0: 3 0x80000fac (0x9ab3c083) x 1 0x00000000 mem 0x80012590
core   0: 0x80000fb0 (0x8cf39883) lh      a7, -1841(t2)
core   0: 3 0x80000fb0 (0x8cf39883) x17 0x00000000 mem 0x800124b4
core   0: 0x80000fb4 (0x59872f17) auipc   t5, 0x59872
core   0: 3 0x80000fb4 (0x59872f17) x30 0xd9872fb4
core   0: 0x80000fb8 (0x8643cc03) lbu     s8, -1948(t2)
core   0: 3 0x80000fb8 (0x8643cc03) x24 0x00000000 mem 0x80012449
core   0: 0x80000fbc (0x0130c033) xor     zero, ra, s3
core   0: 3 0x80000fbc (0x0130c033)
core   0: 0x80000fc0 (0xcb938023) sb      s9, -864(t2)
core   0: 3 0x80000fc0 (0xcb938023) mem 0x80012885 0x0
core   0: 0x80000fc4 (0xdbf38683) lb      a3, -577(t2)
core   0: 3 0x80000fc4 (0xdbf38683) x13 0x00000000 mem 0x800129a4
core   0: 0x80000fc8 (0xc4538e23) sb      t0, -932(t2)
core   0: 3 0x80000fc8 (0xc4538e23) mem 0x80012841 0x48
core   0: 0x80000fcc (0xa743c303) lbu     t1, -1420(t2)
core   0: 3 0x80000fcc (0xa743c303) x 6 0x00000000 mem 0x80012659
core   0: 0x80000fd0 (0x39238903) lb      s2, 914(t2)
core   0: 3 0x80000fd0 (0x39238903) x18 0x00000000 mem 0x80012f77
core   0: 0x80000fd4 (0x2bc38983) lb      s3, 700(t2)
core   0: 3 0x80000fd4 (0x2bc38983) x19 0x00000000 mem 0x80012ea1
core   0: 0x80000fd8 (0x00000013) nop
core   0: 3 0x80000fd8 (0x00000013)
core   0: 0x80000fdc (0x3a49a713) slti    a4, s3, 932
core   0: 3 0x80000fdc (0x3a49a713) x14 0x00000001
core   0: 0x80000fe0 (0x06b3cf83) lbu     t6, 107(t2)
core   0: 3 0x80000fe0 (0x06b3cf83) x31 0x00000000 mem 0x80012c50
core   0: 0x80000fe4 (0x03c3cf03) lbu     t5, 60(t2)
core   0: 3 0x80000fe4 (0x03c3cf03) x30 0x00000000 mem 0x80012c21
core   0: 0x80000fe8 (0x90038003) lb      zero, -1792(t2)
core   0: 3 0x80000fe8 (0x90038003) mem 0x800124e5
core   0: 0x80000fec (0x002559b3) srl     s3, a0, sp
core   0: 3 0x80000fec (0x002559b3) x19 0x00000000
core   0: 0x80000ff0 (0x01269a13) slli    s4, a3, 18
core   0: 3 0x80000ff0 (0x01269a13) x20 0x00000000
core   0: 0x80000ff4 (0xffa38b03) lb      s6, -6(t2)
core   0: 3 0x80000ff4 (0xffa38b03) x22 0x00000000 mem 0x80012bdf
core   0: 0x80000ff8 (0xced38ca3) sb      a3, -775(t2)
core   0: 3 0x80000ff8 (0xced38ca3) mem 0x800128de 0x0
core   0: 0x80000ffc (0x01b89eb3) sll     t4, a7, s11
core   0: 3 0x80000ffc (0x01b89eb3) x29 0x00000000
core   0: 0x80001000 (0x40b389a3) sb      a1, 1043(t2)
core   0: 3 0x80001000 (0x40b389a3) mem 0x80012ff8 0x0
core   0: 0x80001004 (0xffc00293) li      t0, -4
core   0: 3 0x80001004 (0xffc00293) x 5 0xfffffffc
core   0: 0x80001008 (0x406c0033) sub     zero, s8, t1
core   0: 3 0x80001008 (0x406c0033)
core   0: 0x8000100c (0xe3c9c213) xori    tp, s3, -452
core   0: 3 0x8000100c (0xe3c9c213) x 4 0xfffffe3c
core   0: 0x80001010 (0x01173c33) sltu    s8, a4, a7
core   0: 3 0x80001010 (0x01173c33) x24 0x00000000
core   0: 0x80001014 (0x054ca813) slti    a6, s9, 84
core   0: 3 0x80001014 (0x054ca813) x16 0x00000001
core   0: 0x80001018 (0x015fbdb3) sltu    s11, t6, s5
core   0: 3 0x80001018 (0x015fbdb3) x27 0x00000001
core   0: 0x8000101c (0x01824db3) xor     s11, tp, s8
core   0: 3 0x8000101c (0x01824db3) x27 0xfffffe3c
core   0: 0x80001020 (0xe2e4b393) sltiu   t2, s1, -466
core   0: 3 0x80001020 (0xe2e4b393) x 7 0x00000001
core   0: 0x80001024 (0x0dd92713) slti    a4, s2, 221
core   0: 3 0x80001024 (0x0dd92713) x14 0x00000001
core   0: 0x80001028 (0xff000c93) li      s9, -16
core   0: 3 0x80001028 (0xff000c93) x25 0xfffffff0
core   0: 0x8000102c (0x0108d133) srl     sp, a7, a6
core   0: 3 0x8000102c (0x0108d133) x 2 0x00000000
core   0: 0x80001030 (0x477de313) ori     t1, s11, 1143
core   0: 3 0x80001030 (0x477de313) x 6 0xfffffe7f
core   0: 0x80001034 (0xc826bd93) sltiu   s11, a3, -894
core   0: 3 0x80001034 (0xc826bd93) x27 0x00000001
core   0: 0x80001038 (0x015dc333) xor     t1, s11, s5
core   0: 3 0x80001038 (0x015dc333) x 6 0xfdb012ba
core   0: 0x8000103c (0xb048f013) andi    zero, a7, -1276
core   0: 3 0x8000103c (0xb048f013)
core   0: 0x80001040 (0xffb28293) addi    t0, t0, -5
core   0: 3 0x80001040 (0xffb28293) x 5 0xfffffff7
core   0: 0x80001044 (0xff92dae3) bge     t0, s9, pc - 12
core   0: 3 0x80001044 (0xff92dae3)
core   0: 0x80001038 (0x015dc333) xor     t1, s11, s5
core   0: 3 0x80001038 (0x015dc333) x 6 0xfdb012ba
core   0: 0x8000103c (0xb048f013) andi    zero, a7, -1276
core   0: 3 0x8000103c (0xb048f013)
core   0: 0x80001040 (0xffb28293) addi    t0, t0, -5
core   0: 3 0x80001040 (0xffb28293) x 5 0xfffffff2
core   0: 0x80001044 (0xff92dae3) bge     t0, s9, pc - 12
core   0: 3 0x80001044 (0xff92dae3)
core   0: 0x80001038 (0x015dc333) xor     t1, s11, s5
core   0: 3 0x80001038 (0x015dc333) x 6 0xfdb012ba
core   0: 0x8000103c (0xb048f013) andi    zero, a7, -1276
core   0: 3 0x8000103c (0xb048f013)
core   0: 0x80001040 (0xffb28293) addi    t0, t0, -5
core   0: 3 0x80001040 (0xffb28293) x 5 0xffffffed
core   0: 0x80001044 (0xff92dae3) bge     t0, s9, pc - 12
core   0: 3 0x80001044 (0xff92dae3)
core   0: 0x80001048 (0x019f3c33) sltu    s8, t5, s9
core   0: 3 0x80001048 (0x019f3c33) x24 0x00000001
core   0: 0x8000104c (0x00011717) auipc   a4, 0x11
core   0: 3 0x8000104c (0x00011717) x14 0x8001204c
core   0: 0x80001050 (0x76670713) addi    a4, a4, 1894
core   0: 3 0x80001050 (0x76670713) x14 0x800127b2
core   0: 0x80001054 (0x0ff0000f) fence   iorw,iorw
core   0: 3 0x80001054 (0x0ff0000f)
core   0: 0x80001058 (0xff272b03) lw      s6, -14(a4)
core   0: 3 0x80001058 (0xff272b03) x22 0x00000000 mem 0x800127a4
core   0: 0x8000105c (0x01e36cb3) or      s9, t1, t5
core   0: 3 0x8000105c (0x01e36cb3) x25 0xfdb012ba
core   0: 0x80001060 (0xff274e83) lbu     t4, -14(a4)
core   0: 3 0x80001060 (0xff274e83) x29 0x00000000 mem 0x800127a4
core   0: 0x80001064 (0xffd74603) lbu     a2, -3(a4)
core   0: 3 0x80001064 (0xffd74603) x12 0x00000000 mem 0x800127af
core   0: 0x80001068 (0xff770b23) sb      s7, -10(a4)
core   0: 3 0x80001068 (0xff770b23) mem 0x800127a8 0x64
core   0: 0x8000106c (0x00574d83) lbu     s11, 5(a4)
core   0: 3 0x8000106c (0x00574d83) x27 0x00000000 mem 0x800127b7
core   0: 0x80001070 (0xe8c40f13) addi    t5, s0, -372
core   0: 3 0x80001070 (0xe8c40f13) x30 0xfffffe8d
core   0: 0x80001074 (0x019ea2b3) slt     t0, t4, s9
core   0: 3 0x80001074 (0x019ea2b3) x 5 0x00000000
core   0: 0x80001078 (0x003061b3) or      gp, zero, gp
core   0: 3 0x80001078 (0x003061b3) x 3 0x00000001
core   0: 0x8000107c (0x01fc79b3) and     s3, s8, t6
core   0: 3 0x8000107c (0x01fc79b3) x19 0x00000000
core   0: 0x80001080 (0x018702a3) sb      s8, 5(a4)
core   0: 3 0x80001080 (0x018702a3) mem 0x800127b7 0x1
core   0: 0x80001084 (0xffb70203) lb      tp, -5(a4)
core   0: 3 0x80001084 (0xffb70203) x 4 0x00000000 mem 0x800127ad
core   0: 0x80001088 (0xffb74603) lbu     a2, -5(a4)
core   0: 3 0x80001088 (0xffb74603) x12 0x00000000 mem 0x800127ad
core   0: 0x8000108c (0x00371423) sh      gp, 8(a4)
core   0: 3 0x8000108c (0x00371423) mem 0x800127ba 0x0001
core   0: 0x80001090 (0xff270fa3) sb      s2, -1(a4)
core   0: 3 0x80001090 (0xff270fa3) mem 0x800127b1 0x0
core   0: 0x80001094 (0x00019e17) auipc   t3, 0x19
core   0: 3 0x80001094 (0x00019e17) x28 0x8001a094
core   0: 0x80001098 (0xfe3e0e13) addi    t3, t3, -29
core   0: 3 0x80001098 (0xfe3e0e13) x28 0x8001a077
core   0: 0x8000109c (0xf38e4a03) lbu     s4, -200(t3)
core   0: 3 0x8000109c (0xf38e4a03) x20 0x00000000 mem 0x80019faf
core   0: 0x800010a0 (0x0176ba33) sltu    s4, a3, s7
core   0: 3 0x800010a0 (0x0176ba33) x20 0x00000001
core   0: 0x800010a4 (0xf38e0383) lb      t2, -200(t3)
core   0: 3 0x800010a4 (0xf38e0383) x 7 0x00000000 mem 0x80019faf
core   0: 0x800010a8 (0x0c1e1b03) lh      s6, 193(t3)
core   0: 3 0x800010a8 (0x0c1e1b03) x22 0x00000000 mem 0x8001a138
core   0: 0x800010ac (0x0dae20a3) sw      s10, 193(t3)
core   0: 3 0x800010ac (0x0dae20a3) mem 0x8001a138 0x00000001
core   0: 0x800010b0 (0x009772b3) and     t0, a4, s1
core   0: 3 0x800010b0 (0x009772b3) x 5 0x800024a0
core   0: 0x800010b4 (0x0c1e4703) lbu     a4, 193(t3)
core   0: 3 0x800010b4 (0x0c1e4703) x14 0x00000001 mem 0x8001a138
core   0: 0x800010b8 (0xf0fe5e83) lhu     t4, -241(t3)
core   0: 3 0x800010b8 (0xf0fe5e83) x29 0x00000000 mem 0x80019f86
core   0: 0x800010bc (0x0100f6b3) and     a3, ra, a6
core   0: 3 0x800010bc (0x0100f6b3) x13 0x00000000
core   0: 0x800010c0 (0xf0fe1883) lh      a7, -241(t3)
core   0: 3 0x800010c0 (0xf0fe1883) x17 0x00000000 mem 0x80019f86
core   0: 0x800010c4 (0xf0fe1c83) lh      s9, -241(t3)
core   0: 3 0x800010c4 (0xf0fe1c83) x25 0x00000000 mem 0x80019f86
core   0: 0x800010c8 (0xf00e0c83) lb      s9, -256(t3)
core   0: 3 0x800010c8 (0xf00e0c83) x25 0x00000000 mem 0x80019f77
core   0: 0x800010cc (0x0a6e0603) lb      a2, 166(t3)
core   0: 3 0x800010cc (0x0a6e0603) x12 0x00000000 mem 0x8001a11d
core   0: 0x800010d0 (0x0a6e0f03) lb      t5, 166(t3)
core   0: 3 0x800010d0 (0x0a6e0f03) x30 0x00000000 mem 0x8001a11d
core   0: 0x800010d4 (0x0a6e0103) lb      sp, 166(t3)
core   0: 3 0x800010d4 (0x0a6e0103) x 2 0x00000000 mem 0x8001a11d
core   0: 0x800010d8 (0x0001d697) auipc   a3, 0x1d
core   0: 3 0x800010d8 (0x0001d697) x13 0x8001e0d8
core   0: 0x800010dc (0x1c868693) addi    a3, a3, 456
core   0: 3 0x800010dc (0x1c868693) x13 0x8001e2a0
core   0: 0x800010e0 (0x00012b17) auipc   s6, 0x12
core   0: 3 0x800010e0 (0x00012b17) x22 0x800130e0
core   0: 0x800010e4 (0xaf1b0b13) addi    s6, s6, -1295
core   0: 3 0x800010e4 (0xaf1b0b13) x22 0x80012bd1
core   0: 0x800010e8 (0xcd468ea3) sb      s4, -803(a3)
core   0: 3 0x800010e8 (0xcd468ea3) mem 0x8001df7d 0x1
core   0: 0x800010ec (0xd646d503) lhu     a0, -668(a3)
core   0: 3 0x800010ec (0xd646d503) x10 0x00000000 mem 0x8001e004
core   0: 0x800010f0 (0xf32b0e83) lb      t4, -206(s6)
core   0: 3 0x800010f0 (0xf32b0e83) x29 0x00000000 mem 0x80012b03
core   0: 0x800010f4 (0x160b0e23) sb      zero, 380(s6)
core   0: 3 0x800010f4 (0x160b0e23) mem 0x80012d4d 0x0
core   0: 0x800010f8 (0x96368383) lb      t2, -1693(a3)
core   0: 3 0x800010f8 (0x96368383) x 7 0x00000000 mem 0x8001dc03
core   0: 0x800010fc (0xdacb0983) lb      s3, -596(s6)
core   0: 3 0x800010fc (0xdacb0983) x19 0x00000000 mem 0x8001297d
core   0: 0x80001100 (0xdceb0523) sb      a4, -566(s6)
core   0: 3 0x80001100 (0xdceb0523) mem 0x8001299b 0x1
core   0: 0x80001104 (0xd1c688a3) sb      t3, -751(a3)
core   0: 3 0x80001104 (0xd1c688a3) mem 0x8001dfb1 0x77
core   0: 0x80001108 (0x9ed68d03) lb      s10, -1555(a3)
core   0: 3 0x80001108 (0x9ed68d03) x26 0x00000000 mem 0x8001dc8d
core   0: 0x8000110c (0x2fab4783) lbu     a5, 762(s6)
core   0: 3 0x8000110c (0x2fab4783) x15 0x00000000 mem 0x80012ecb
core   0: 0x80001110 (0x00019717) auipc   a4, 0x19
core   0: 3 0x80001110 (0x00019717) x14 0x8001a110
core   0: 0x80001114 (0xe0070713) addi    a4, a4, -512
core   0: 3 0x80001114 (0xe0070713) x14 0x80019f10
core   0: 0x80001118 (0x0f270883) lb      a7, 242(a4)
core   0: 3 0x80001118 (0x0f270883) x17 0x00000000 mem 0x8001a002
core   0: 0x8000111c (0x0001f517) auipc   a0, 0x1f
core   0: 3 0x8000111c (0x0001f517) x10 0x8002011c
core   0: 0x80001120 (0xc9f50513) addi    a0, a0, -865
core   0: 3 0x80001120 (0xc9f50513) x10 0x8001fdbb
core   0: 0x80001124 (0x0e770183) lb      gp, 231(a4)
core   0: 3 0x80001124 (0x0e770183) x 3 0x00000000 mem 0x80019ff7
core   0: 0x80001128 (0x00012997) auipc   s3, 0x12
core   0: 3 0x80001128 (0x00012997) x19 0x80013128
core   0: 0x8000112c (0x37098993) addi    s3, s3, 880
core   0: 3 0x8000112c (0x37098993) x19 0x80013498
core   0: 0x80001130 (0x43898da3) sb      s8, 1083(s3)
core   0: 3 0x80001130 (0x43898da3) mem 0x800138d3 0x1
core   0: 0x80001134 (0x3729de83) lhu     t4, 882(s3)
core   0: 3 0x80001134 (0x3729de83) x29 0x00000000 mem 0x8001380a
core   0: 0x80001138 (0xf1f71f23) sh      t6, -226(a4)
core   0: 3 0x80001138 (0xf1f71f23) mem 0x80019e2e 0x0000
core   0: 0x8000113c (0xf569ac23) sw      s6, -168(s3)
core   0: 3 0x8000113c (0xf569ac23) mem 0x800133f0 0x80012bd1
core   0: 0x80001140 (0x6f054c03) lbu     s8, 1776(a0)
core   0: 3 0x80001140 (0x6f054c03) x24 0x00000000 mem 0x800204ab
core   0: 0x80001144 (0x6f950523) sb      s9, 1770(a0)
core   0: 3 0x80001144 (0x6f950523) mem 0x800204a5 0x0
core   0: 0x80001148 (0x77a50923) sb      s10, 1906(a0)
core   0: 3 0x80001148 (0x77a50923) mem 0x8002052d 0x0
core   0: 0x8000114c (0xfb098b23) sb      a6, -74(s3)
core   0: 3 0x8000114c (0xfb098b23) mem 0x8001344e 0x1
core   0: 0x80001150 (0x48454183) lbu     gp, 1156(a0)
core   0: 3 0x80001150 (0x48454183) x 3 0x00000000 mem 0x8002023f
core   0: 0x80001154 (0x9aa54283) lbu     t0, -1622(a0)
core   0: 3 0x80001154 (0x9aa54283) x 5 0x00000000 mem 0x8001f765
core   0: 0x80001158 (0xf9671883) lh      a7, -106(a4)
core   0: 3 0x80001158 (0xf9671883) x17 0x00000000 mem 0x80019ea6
core   0: 0x8000115c (0x06370a03) lb      s4, 99(a4)
core   0: 3 0x8000115c (0x06370a03) x20 0x00000000 mem 0x80019f73
core   0: 0x80001160 (0x18950883) lb      a7, 393(a0)
core   0: 3 0x80001160 (0x18950883) x17 0x00000000 mem 0x8001ff44
core   0: 0x80001164 (0xf44704a3) sb      tp, -183(a4)
core   0: 3 0x80001164 (0xf44704a3) mem 0x80019e59 0x0
core   0: 0x80001168 (0x5aa98da3) sb      a0, 1467(s3)
core   0: 3 0x80001168 (0x5aa98da3) mem 0x80013a53 0xbb
core   0: 0x8000116c (0x25e51aa3) sh      t5, 597(a0)
core   0: 3 0x8000116c (0x25e51aa3) mem 0x80020010 0x0000
core   0: 0x80001170 (0x4e19c383) lbu     t2, 1249(s3)
core   0: 3 0x80001170 (0x4e19c383) x 7 0x00000000 mem 0x80013979
core   0: 0x80001174 (0x39054183) lbu     gp, 912(a0)
core   0: 3 0x80001174 (0x39054183) x 3 0x00000000 mem 0x8002014b
core   0: 0x80001178 (0xc7398603) lb      a2, -909(s3)
core   0: 3 0x80001178 (0xc7398603) x12 0x00000000 mem 0x8001310b
core   0: 0x8000117c (0xb7050303) lb      t1, -1168(a0)
core   0: 3 0x8000117c (0xb7050303) x 6 0x00000000 mem 0x8001f92b
core   0: 0x80001180 (0xd359c083) lbu     ra, -715(s3)
core   0: 3 0x80001180 (0xd359c083) x 1 0x00000000 mem 0x800131cd
core   0: 0x80001184 (0x5f39c003) lbu     zero, 1523(s3)
core   0: 3 0x80001184 (0x5f39c003) mem 0x80013a8b
core   0: 0x80001188 (0xfc774403) lbu     s0, -57(a4)
core   0: 3 0x80001188 (0xfc774403) x 8 0x00000000 mem 0x80019ed7
core   0: 0x8000118c (0x80050f83) lb      t6, -2048(a0)
core   0: 3 0x8000118c (0x80050f83) x31 0x00000000 mem 0x8001f5bb
core   0: 0x80001190 (0x00011117) auipc   sp, 0x11
core   0: 3 0x80001190 (0x00011117) x 2 0x80012190
core   0: 0x80001194 (0x01c10113) addi    sp, sp, 28
core   0: 3 0x80001194 (0x01c10113) x 2 0x800121ac
core   0: 0x80001198 (0x01415803) lhu     a6, 20(sp)
core   0: 3 0x80001198 (0x01415803) x16 0x00000000 mem 0x800121c0
core   0: 0x8000119c (0x0be14d83) lbu     s11, 190(sp)
core   0: 3 0x8000119c (0x0be14d83) x27 0x00000000 mem 0x8001226a
core   0: 0x800011a0 (0xf4611603) lh      a2, -186(sp)
core   0: 3 0x800011a0 (0xf4611603) x12 0x00000000 mem 0x800120f2
core   0: 0x800011a4 (0xd2583c93) sltiu   s9, a6, -731
core   0: 3 0x800011a4 (0xd2583c93) x25 0x00000001
core   0: 0x800011a8 (0x0d714003) lbu     zero, 215(sp)
core   0: 3 0x800011a8 (0x0d714003) mem 0x80012283
core   0: 0x800011ac (0x01b86633) or      a2, a6, s11
core   0: 3 0x800011ac (0x01b86633) x12 0x00000000
core   0: 0x800011b0 (0x00c64db3) xor     s11, a2, a2
core   0: 3 0x800011b0 (0x00c64db3) x27 0x00000000
core   0: 0x800011b4 (0xfde10d83) lb      s11, -34(sp)
core   0: 3 0x800011b4 (0xfde10d83) x27 0x00000000 mem 0x8001218a
core   0: 0x800011b8 (0xf1010223) sb      a6, -252(sp)
core   0: 3 0x800011b8 (0xf1010223) mem 0x800120b0 0x0
core   0: 0x800011bc (0x01bdcdb3) xor     s11, s11, s11
core   0: 3 0x800011bc (0x01bdcdb3) x27 0x00000000
core   0: 0x800011c0 (0xfcc10223) sb      a2, -60(sp)
core   0: 3 0x800011c0 (0xfcc10223) mem 0x80012170 0x0
core   0: 0x800011c4 (0x00067db3) and     s11, a2, zero
core   0: 3 0x800011c4 (0x00067db3) x27 0x00000000
core   0: 0x800011c8 (0x001d8633) add     a2, s11, ra
core   0: 3 0x800011c8 (0x001d8633) x12 0x00000000
core   0: 0x800011cc (0xf7b0c613) xori    a2, ra, -133
core   0: 3 0x800011cc (0xf7b0c613) x12 0xffffff7b
core   0: 0x800011d0 (0xf8211c83) lh      s9, -126(sp)
core   0: 3 0x800011d0 (0xf8211c83) x25 0x00000000 mem 0x8001212e
core   0: 0x800011d4 (0x1c8cac93) slti    s9, s9, 456
core   0: 3 0x800011d4 (0x1c8cac93) x25 0x00000001
core   0: 0x800011d8 (0x0a615803) lhu     a6, 166(sp)
core   0: 3 0x800011d8 (0x0a615803) x16 0x00000000 mem 0x80012252
core   0: 0x800011dc (0x019109a3) sb      s9, 19(sp)
core   0: 3 0x800011dc (0x019109a3) mem 0x800121bf 0x1
core   0: 0x800011e0 (0x01661093) slli    ra, a2, 22
core   0: 3 0x800011e0 (0x01661093) x 1 0xdec00000
core   0: 0x800011e4 (0xfc210603) lb      a2, -62(sp)
core   0: 3 0x800011e4 (0xfc210603) x12 0x00000000 mem 0x8001216e
core   0: 0x800011e8 (0x0000dcb3) srl     s9, ra, zero
core   0: 3 0x800011e8 (0x0000dcb3) x25 0xdec00000
core   0: 0x800011ec (0x578cbd93) sltiu   s11, s9, 1400
core   0: 3 0x800011ec (0x578cbd93) x27 0x00000000
core   0: 0x800011f0 (0xf3414d83) lbu     s11, -204(sp)
core   0: 3 0x800011f0 (0xf3414d83) x27 0x00000000 mem 0x800120e0
core   0: 0x800011f4 (0x00009633) sll     a2, ra, zero
core   0: 3 0x800011f4 (0x00009633) x12 0xdec00000
core   0: 0x800011f8 (0xffb10da3) sb      s11, -5(sp)
core   0: 3 0x800011f8 (0xffb10da3) mem 0x800121a7 0x0
core   0: 0x800011fc (0xf7910223) sb      s9, -156(sp)
core   0: 3 0x800011fc (0xf7910223) mem 0x80012110 0x0
core   0: 0x80001200 (0x40160633) sub     a2, a2, ra
core   0: 3 0x80001200 (0x40160633) x12 0x00000000
core   0: 0x80001204 (0x97d82d93) slti    s11, a6, -1667
core   0: 3 0x80001204 (0x97d82d93) x27 0x00000000
core   0: 0x80001208 (0x00509013) slli    zero, ra, 5
core   0: 3 0x80001208 (0x00509013)
core   0: 0x8000120c (0xf1e10803) lb      a6, -226(sp)
core   0: 3 0x8000120c (0xf1e10803) x16 0x00000000 mem 0x800120ca
core   0: 0x80001210 (0x04111323) sh      ra, 70(sp)
core   0: 3 0x80001210 (0x04111323) mem 0x800121f2 0x0000
core   0: 0x80001214 (0x00011117) auipc   sp, 0x11
core   0: 3 0x80001214 (0x00011117) x 2 0x80012214
core   0: 0x80001218 (0x22b10113) addi    sp, sp, 555
core   0: 3 0x80001218 (0x22b10113) x 2 0x8001243f
core   0: 0x8000121c (0x89372213) slti    tp, a4, -1901
core   0: 3 0x8000121c (0x89372213) x 4 0x00000001
core   0: 0x80001220 (0x00a97733) and     a4, s2, a0
core   0: 3 0x80001220 (0x00a97733) x14 0x00000000
core   0: 0x80001224 (0x00f10c03) lb      s8, 15(sp)
core   0: 3 0x80001224 (0x00f10c03) x24 0x00000000 mem 0x8001244e
core   0: 0x80001228 (0x0345e217) auipc   tp, 0x345e
core   0: 3 0x80001228 (0x0345e217) x 4 0x8345f228
core   0: 0x8000122c (0xfe810423) sb      s0, -24(sp)
core   0: 3 0x8000122c (0xfe810423) mem 0x80012427 0x0
core   0: 0x80001230 (0x01244233) xor     tp, s0, s2
core   0: 3 0x80001230 (0x01244233) x 4 0x00000000
core   0: 0x80001234 (0x8dc74c13) xori    s8, a4, -1828
core   0: 3 0x80001234 (0x8dc74c13) x24 0xfffff8dc
core   0: 0x80001238 (0x00827533) and     a0, tp, s0
core   0: 3 0x80001238 (0x00827533) x10 0x00000000
core   0: 0x8000123c (0x86096513) ori     a0, s2, -1952
core   0: 3 0x8000123c (0x86096513) x10 0xfffff860
core   0: 0x80001240 (0x41b95c13) srai    s8, s2, 27
core   0: 3 0x80001240 (0x41b95c13) x24 0x00000000
core   0: 0x80001244 (0x00c10403) lb      s0, 12(sp)
core   0: 3 0x80001244 (0x00c10403) x 8 0x00000000 mem 0x8001244b
core   0: 0x80001248 (0x01a10503) lb      a0, 26(sp)
core   0: 3 0x80001248 (0x01a10503) x10 0x00000000 mem 0x80012459
core   0: 0x8000124c (0x0ff0000f) fence   iorw,iorw
core   0: 3 0x8000124c (0x0ff0000f)
core   0: 0x80001250 (0xfea10523) sb      a0, -22(sp)
core   0: 3 0x80001250 (0xfea10523) mem 0x80012429 0x0
core   0: 0x80001254 (0x00e95913) srli    s2, s2, 14
core   0: 3 0x80001254 (0x00e95913) x18 0x00000000
core   0: 0x80001258 (0x40e50733) sub     a4, a0, a4
core   0: 3 0x80001258 (0x40e50733) x14 0x00000000
core   0: 0x8000125c (0xfde14c03) lbu     s8, -34(sp)
core   0: 3 0x8000125c (0xfde14c03) x24 0x00000000 mem 0x8001241d
core   0: 0x80001260 (0x6cbc7213) andi    tp, s8, 1739
core   0: 3 0x80001260 (0x6cbc7213) x 4 0x00000000
core   0: 0x80001264 (0xfe610903) lb      s2, -26(sp)
core   0: 3 0x80001264 (0xfe610903) x18 0x00000000 mem 0x80012425
core   0: 0x80001268 (0x00893433) sltu    s0, s2, s0
core   0: 3 0x80001268 (0x00893433) x 8 0x00000000
core   0: 0x8000126c (0xfdf10503) lb      a0, -33(sp)
core   0: 3 0x8000126c (0xfdf10503) x10 0x00000000 mem 0x8001241e
core   0: 0x80001270 (0x0000100f) fence.i
core   0: 3 0x80001270 (0x0000100f)
core   0: 0x80001274 (0x004c5433) srl     s0, s8, tp
core   0: 3 0x80001274 (0x004c5433) x 8 0x00000000
core   0: 0x80001278 (0xfd810c23) sb      s8, -40(sp)
core   0: 3 0x80001278 (0xfd810c23) mem 0x80012417 0x0
core   0: 0x8000127c (0xdeb27713) andi    a4, tp, -533
core   0: 3 0x8000127c (0xdeb27713) x14 0x00000000
core   0: 0x80001280 (0x01025513) srli    a0, tp, 16
core   0: 3 0x80001280 (0x01025513) x10 0x00000000
core   0: 0x80001284 (0x0ff0000f) fence   iorw,iorw
core   0: 3 0x80001284 (0x0ff0000f)
core   0: 0x80001288 (0x40a55c33) sra     s8, a0, a0
core   0: 3 0x80001288 (0x40a55c33) x24 0x00000000
core   0: 0x8000128c (0x00475c33) srl     s8, a4, tp
core   0: 3 0x8000128c (0x00475c33) x24 0x00000000
core   0: 0x80001290 (0x032103a3) sb      s2, 39(sp)
core   0: 3 0x80001290 (0x032103a3) mem 0x80012466 0x0
core   0: 0x80001294 (0x40895433) sra     s0, s2, s0
core   0: 3 0x80001294 (0x40895433) x 8 0x00000000
core   0: 0x80001298 (0x0000100f) fence.i
core   0: 3 0x80001298 (0x0000100f)
core   0: 0x8000129c (0x00876733) or      a4, a4, s0
core   0: 3 0x8000129c (0x00876733) x14 0x00000000
core   0: 0x800012a0 (0x01714903) lbu     s2, 23(sp)
core   0: 3 0x800012a0 (0x01714903) x18 0x00000000 mem 0x80012456
core   0: 0x800012a4 (0x3a2c6c13) ori     s8, s8, 930
core   0: 3 0x800012a4 (0x3a2c6c13) x24 0x000003a2
core   0: 0x800012a8 (0xfcd15903) lhu     s2, -51(sp)
core   0: 3 0x800012a8 (0xfcd15903) x18 0x00000000 mem 0x8001240c
core   0: 0x800012ac (0x03f15c03) lhu     s8, 63(sp)
core   0: 3 0x800012ac (0x03f15c03) x24 0x00000000 mem 0x8001247e
core   0: 0x800012b0 (0x00e97533) and     a0, s2, a4
core   0: 3 0x800012b0 (0x00e97533) x10 0x00000000
core   0: 0x800012b4 (0xfe810523) sb      s0, -22(sp)
core   0: 3 0x800012b4 (0xfe810523) mem 0x80012429 0x0
core   0: 0x800012b8 (0x02810a23) sb      s0, 52(sp)
core   0: 3 0x800012b8 (0x02810a23) mem 0x80012473 0x0
core   0: 0x800012bc (0x01823c33) sltu    s8, tp, s8
core   0: 3 0x800012bc (0x01823c33) x24 0x00000000
core   0: 0x800012c0 (0x0000100f) fence.i
core   0: 3 0x800012c0 (0x0000100f)
core   0: 0x800012c4 (0x40a70c33) sub     s8, a4, a0
core   0: 3 0x800012c4 (0x40a70c33) x24 0x00000000
core   0: 0x800012c8 (0x00ec0233) add     tp, s8, a4
core   0: 3 0x800012c8 (0x00ec0233) x 4 0x00000000
core   0: 0x800012cc (0xfc410a23) sb      tp, -44(sp)
core   0: 3 0x800012cc (0xfc410a23) mem 0x80012413 0x0
core   0: 0x800012d0 (0x0001da17) auipc   s4, 0x1d
core   0: 3 0x800012d0 (0x0001da17) x20 0x8001e2d0
core   0: 0x800012d4 (0x599a0a13) addi    s4, s4, 1433
core   0: 3 0x800012d4 (0x599a0a13) x20 0x8001e869
core   0: 0x800012d8 (0xfd0a4583) lbu     a1, -48(s4)
core   0: 3 0x800012d8 (0xfd0a4583) x11 0x00000000 mem 0x8001e839
core   0: 0x800012dc (0xfd4a0823) sb      s4, -48(s4)
core   0: 3 0x800012dc (0xfd4a0823) mem 0x8001e839 0x69
core   0: 0x800012e0 (0xff3a5383) lhu     t2, -13(s4)
core   0: 3 0x800012e0 (0xff3a5383) x 7 0x00000000 mem 0x8001e85c
core   0: 0x800012e4 (0x010c7c33) and     s8, s8, a6
core   0: 3 0x800012e4 (0x010c7c33) x24 0x00000000
core   0: 0x800012e8 (0xfd7a0823) sb      s7, -48(s4)
core   0: 3 0x800012e8 (0xfd7a0823) mem 0x8001e839 0x64
core   0: 0x800012ec (0x000cc133) xor     sp, s9, zero
core   0: 3 0x800012ec (0x000cc133) x 2 0xdec00000
core   0: 0x800012f0 (0xfc53b293) sltiu   t0, t2, -59
core   0: 3 0x800012f0 (0xfc53b293) x 5 0x00000001
core   0: 0x800012f4 (0xfd0a0003) lb      zero, -48(s4)
core   0: 3 0x800012f4 (0xfd0a0003) mem 0x8001e839
core   0: 0x800012f8 (0x00e37fb3) and     t6, t1, a4
core   0: 3 0x800012f8 (0x00e37fb3) x31 0x00000000
core   0: 0x800012fc (0xfd0a0903) lb      s2, -48(s4)
core   0: 3 0x800012fc (0xfd0a0903) x18 0x00000064 mem 0x8001e839
core   0: 0x80001300 (0xfd0a4703) lbu     a4, -48(s4)
core   0: 3 0x80001300 (0xfd0a4703) x14 0x00000064 mem 0x8001e839
core   0: 0x80001304 (0x0ff0000f) fence   iorw,iorw
core   0: 3 0x80001304 (0x0ff0000f)
core   0: 0x80001308 (0x40c48833) sub     a6, s1, a2
core   0: 3 0x80001308 (0x40c48833) x16 0x8002bce4
core   0: 0x8000130c (0xfd0a4103) lbu     sp, -48(s4)
core   0: 3 0x8000130c (0xfd0a4103) x 2 0x00000064 mem 0x8001e839
core   0: 0x80001310 (0xfd0a0d83) lb      s11, -48(s4)
core   0: 3 0x80001310 (0xfd0a0d83) x27 0x00000064 mem 0x8001e839
core   0: 0x80001314 (0xff2a0623) sb      s2, -20(s4)
core   0: 3 0x80001314 (0xff2a0623) mem 0x8001e855 0x64
core   0: 0x80001318 (0xfeca0683) lb      a3, -20(s4)
core   0: 3 0x80001318 (0xfeca0683) x13 0x00000064 mem 0x8001e855
core   0: 0x8000131c (0x00963c33) sltu    s8, a2, s1
core   0: 3 0x8000131c (0x00963c33) x24 0x00000001
core   0: 0x80001320 (0xfeca0183) lb      gp, -20(s4)
core   0: 3 0x80001320 (0xfeca0183) x 3 0x00000064 mem 0x8001e855
core   0: 0x80001324 (0xfeca4d03) lbu     s10, -20(s4)
core   0: 3 0x80001324 (0xfeca4d03) x26 0x00000064 mem 0x8001e855
core   0: 0x80001328 (0xfeca0c83) lb      s9, -20(s4)
core   0: 3 0x80001328 (0xfeca0c83) x25 0x00000064 mem 0x8001e855
core   0: 0x8000132c (0x02ca4783) lbu     a5, 44(s4)
core   0: 3 0x8000132c (0x02ca4783) x15 0x00000000 mem 0x8001e895
core   0: 0x80001330 (0x00011717) auipc   a4, 0x11
core   0: 3 0x80001330 (0x00011717) x14 0x80012330
core   0: 0x80001334 (0x29170713) addi    a4, a4, 657
core   0: 3 0x80001334 (0x29170713) x14 0x800125c1
core   0: 0x80001338 (0x00670883) lb      a7, 6(a4)
core   0: 3 0x80001338 (0x00670883) x17 0x00000000 mem 0x800125c7
core   0: 0x8000133c (0x004fdfb3) srl     t6, t6, tp
core   0: 3 0x8000133c (0x004fdfb3) x31 0x00000000
core   0: 0x80001340 (0xffe70fa3) sb      t5, -1(a4)
core   0: 3 0x80001340 (0xffe70fa3) mem 0x800125c0 0x0
core   0: 0x80001344 (0xfe771fa3) sh      t2, -1(a4)
core   0: 3 0x80001344 (0xfe771fa3) mem 0x800125c0 0x0000
core   0: 0x80001348 (0xff771fa3) sh      s7, -1(a4)
core   0: 3 0x80001348 (0xff771fa3) mem 0x800125c0 0x7e64
core   0: 0x8000134c (0x00270123) sb      sp, 2(a4)
core   0: 3 0x8000134c (0x00270123) mem 0x800125c3 0x64
core   0: 0x80001350 (0x01570123) sb      s5, 2(a4)
core   0: 3 0x80001350 (0x01570123) mem 0x800125c3 0xbb
core   0: 0x80001354 (0xa549e793) ori     a5, s3, -1452
core   0: 3 0x80001354 (0xa549e793) x15 0xfffffedc
core   0: 0x80001358 (0xfff72503) lw      a0, -1(a4)
core   0: 3 0x80001358 (0xfff72503) x10 0xbb007e64 mem 0x800125c0
core   0: 0x8000135c (0xff871fa3) sh      s8, -1(a4)
core   0: 3 0x8000135c (0xff871fa3) mem 0x800125c0 0x0001
core   0: 0x80001360 (0x6d15ee93) ori     t4, a1, 1745
core   0: 3 0x80001360 (0x6d15ee93) x29 0x000006d1
core   0: 0x80001364 (0xfa933613) sltiu   a2, t1, -87
core   0: 3 0x80001364 (0xfa933613) x12 0x00000001
core   0: 0x80001368 (0xff171fa3) sh      a7, -1(a4)
core   0: 3 0x80001368 (0xff171fa3) mem 0x800125c0 0x0000
core   0: 0x8000136c (0xfff75283) lhu     t0, -1(a4)
core   0: 3 0x8000136c (0xfff75283) x 5 0x00000000 mem 0x800125c0
core   0: 0x80001370 (0x010007ef) jal     a5, pc + 0x10
core   0: 3 0x80001370 (0x010007ef) x15 0x80001374
core   0: 0x80001380 (0x014000ef) jal     pc + 0x14
core   0: 3 0x80001380 (0x014000ef) x 1 0x80001384
core   0: 0x80001394 (0xff5ffb6f) jal     s6, pc - 0xc
core   0: 3 0x80001394 (0xff5ffb6f) x22 0x80001398
core   0: 0x80001388 (0xfedff0ef) jal     pc - 0x14
core   0: 3 0x80001388 (0xfedff0ef) x 1 0x8000138c
core   0: 0x80001374 (0x02c0036f) jal     t1, pc + 0x2c
core   0: 3 0x80001374 (0x02c0036f) x 6 0x80001378
core   0: 0x800013a0 (0xfddff0ef) jal     pc - 0x24
core   0: 3 0x800013a0 (0xfddff0ef) x 1 0x800013a4
core   0: 0x8000137c (0x014000ef) jal     pc + 0x14
core   0: 3 0x8000137c (0x014000ef) x 1 0x80001380
core   0: 0x80001390 (0xffdff0ef) jal     pc - 0x4
core   0: 3 0x80001390 (0xffdff0ef) x 1 0x80001394
core   0: 0x8000138c (0x010000ef) jal     pc + 0x10
core   0: 3 0x8000138c (0x010000ef) x 1 0x80001390
core   0: 0x8000139c (0xfe9ff36f) jal     t1, pc - 0x18
core   0: 3 0x8000139c (0xfe9ff36f) x 6 0x800013a0
core   0: 0x80001384 (0xff5ff36f) jal     t1, pc - 0xc
core   0: 3 0x80001384 (0xff5ff36f) x 6 0x80001388
core   0: 0x80001378 (0x02c001ef) jal     gp, pc + 0x2c
core   0: 3 0x80001378 (0x02c001ef) x 3 0x8000137c
core   0: 0x800013a4 (0xff5ff0ef) jal     pc - 0xc
core   0: 3 0x800013a4 (0xff5ff0ef) x 1 0x800013a8
core   0: 0x80001398 (0x010005ef) jal     a1, pc + 0x10
core   0: 3 0x80001398 (0x010005ef) x11 0x8000139c
core   0: 0x800013a8 (0x004001ef) jal     gp, pc + 0x4
core   0: 3 0x800013a8 (0x004001ef) x 3 0x800013ac
core   0: 0x800013ac (0x0178a533) slt     a0, a7, s7
core   0: 3 0x800013ac (0x0178a533) x10 0x00000000
core   0: 0x800013b0 (0x0001e617) auipc   a2, 0x1e
core   0: 3 0x800013b0 (0x0001e617) x12 0x8001f3b0
core   0: 0x800013b4 (0xb3060613) addi    a2, a2, -1232
core   0: 3 0x800013b4 (0xb3060613) x12 0x8001eee0
core   0: 0x800013b8 (0x00011917) auipc   s2, 0x11
core   0: 3 0x800013b8 (0x00011917) x18 0x800123b8
core   0: 0x800013bc (0x1ca90913) addi    s2, s2, 458
core   0: 3 0x800013bc (0x1ca90913) x18 0x80012582
core   0: 0x800013c0 (0xfee609a3) sb      a4, -13(a2)
core   0: 3 0x800013c0 (0xfee609a3) mem 0x8001eed3 0xc1
core   0: 0x800013c4 (0xfdb90983) lb      s3, -37(s2)
core   0: 3 0x800013c4 (0xfdb90983) x19 0x00000000 mem 0x8001255d
core   0: 0x800013c8 (0x03262223) sw      s2, 36(a2)
core   0: 3 0x800013c8 (0x03262223) mem 0x8001ef04 0x80012582
core   0: 0x800013cc (0x009903a3) sb      s1, 7(s2)
core   0: 3 0x800013cc (0x009903a3) mem 0x80012589 0xe4
core   0: 0x800013d0 (0xfcc602a3) sb      a2, -59(a2)
core   0: 3 0x800013d0 (0xfcc602a3) mem 0x8001eea5 0xe0
core   0: 0x800013d4 (0xfd292383) lw      t2, -46(s2)
core   0: 3 0x800013d4 (0xfd292383) x 7 0x00000000 mem 0x80012554
core   0: 0x800013d8 (0xff160083) lb      ra, -15(a2)
core   0: 3 0x800013d8 (0xff160083) x 1 0x00000000 mem 0x8001eed1
core   0: 0x800013dc (0x03f60523) sb      t6, 42(a2)
core   0: 3 0x800013dc (0x03f60523) mem 0x8001ef0a 0x0
core   0: 0x800013e0 (0xff164983) lbu     s3, -15(a2)
core   0: 3 0x800013e0 (0xff164983) x19 0x00000000 mem 0x8001eed1
core   0: 0x800013e4 (0x01f94e83) lbu     t4, 31(s2)
core   0: 3 0x800013e4 (0x01f94e83) x29 0x00000000 mem 0x800125a1
core   0: 0x800013e8 (0xfdf64803) lbu     a6, -33(a2)
core   0: 3 0x800013e8 (0xfdf64803) x16 0x00000000 mem 0x8001eebf
core   0: 0x800013ec (0x03160983) lb      s3, 49(a2)
core   0: 3 0x800013ec (0x03160983) x19 0x00000000 mem 0x8001ef11
core   0: 0x800013f0 (0x03590803) lb      a6, 53(s2)
core   0: 3 0x800013f0 (0x03590803) x16 0x00000000 mem 0x800125b7
core   0: 0x800013f4 (0xfec601a3) sb      a2, -29(a2)
core   0: 3 0x800013f4 (0xfec601a3) mem 0x8001eec3 0xe0
core   0: 0x800013f8 (0xfd360aa3) sb      s3, -43(a2)
core   0: 3 0x800013f8 (0xfd360aa3) mem 0x8001eeb5 0x0
core   0: 0x800013fc (0xfdf90383) lb      t2, -33(s2)
core   0: 3 0x800013fc (0xfdf90383) x 7 0x00000000 mem 0x80012561
core   0: 0x80001400 (0x00014b17) auipc   s6, 0x14
core   0: 3 0x80001400 (0x00014b17) x22 0x80015400
core   0: 0x80001404 (0x9f2b0b13) addi    s6, s6, -1550
core   0: 3 0x80001404 (0x9f2b0b13) x22 0x80014df2
core   0: 0x80001408 (0xb063b993) sltiu   s3, t2, -1274
core   0: 3 0x80001408 (0xb063b993) x19 0x00000001
core   0: 0x8000140c (0x014b1823) sh      s4, 16(s6)
core   0: 3 0x8000140c (0x014b1823) mem 0x80014e02 0xe869
core   0: 0x80001410 (0xfecb0923) sb      a2, -14(s6)
core   0: 3 0x80001410 (0xfecb0923) mem 0x80014de4 0xe0
core   0: 0x80001414 (0xff9b4583) lbu     a1, -7(s6)
core   0: 3 0x80001414 (0xff9b4583) x11 0x00000000 mem 0x80014deb
core   0: 0x80001418 (0xff7b4283) lbu     t0, -9(s6)
core   0: 3 0x80001418 (0xff7b4283) x 5 0x00000000 mem 0x80014de9
core   0: 0x8000141c (0x009b01a3) sb      s1, 3(s6)
core   0: 3 0x8000141c (0x009b01a3) mem 0x80014df5 0xe4
core   0: 0x80001420 (0x00db05a3) sb      a3, 11(s6)
core   0: 3 0x80001420 (0x00db05a3) mem 0x80014dfd 0x64
core   0: 0x80001424 (0xffeb0e03) lb      t3, -2(s6)
core   0: 3 0x80001424 (0xffeb0e03) x28 0x00000000 mem 0x80014df0
core   0: 0x80001428 (0xff1b0183) lb      gp, -15(s6)
core   0: 3 0x80001428 (0xff1b0183) x 3 0x00000000 mem 0x80014de3
core   0: 0x8000142c (0x413c5713) srai    a4, s8, 19
core   0: 3 0x8000142c (0x413c5713) x14 0x00000000
core   0: 0x80001430 (0x006b5003) lhu     zero, 6(s6)
core   0: 3 0x80001430 (0x006b5003) mem 0x80014df8
core   0: 0x80001434 (0x40458d33) sub     s10, a1, tp
core   0: 3 0x80001434 (0x40458d33) x26 0x00000000
core   0: 0x80001438 (0xff1b0583) lb      a1, -15(s6)
core   0: 3 0x80001438 (0xff1b0583) x11 0x00000000 mem 0x80014de3
core   0: 0x8000143c (0x00ab2983) lw      s3, 10(s6)
core   0: 3 0x8000143c (0x00ab2983) x19 0x00006400 mem 0x80014dfc
core   0: 0x80001440 (0xff1b4f03) lbu     t5, -15(s6)
core   0: 3 0x80001440 (0xff1b4f03) x30 0x00000000 mem 0x80014de3
core   0: 0x80001444 (0x003b4f83) lbu     t6, 3(s6)
core   0: 3 0x80001444 (0x003b4f83) x31 0x000000e4 mem 0x80014df5
core   0: 0x80001448 (0x005b0423) sb      t0, 8(s6)
core   0: 3 0x80001448 (0x005b0423) mem 0x80014dfa 0x0
core   0: 0x8000144c (0x01b8d413) srli    s0, a7, 27
core   0: 3 0x8000144c (0x01b8d413) x 8 0x00000000
core   0: 0x80001450 (0x0ff0000f) fence   iorw,iorw
core   0: 3 0x80001450 (0x0ff0000f)
core   0: 0x80001454 (0x00ab4803) lbu     a6, 10(s6)
core   0: 3 0x80001454 (0x00ab4803) x16 0x00000000 mem 0x80014dfc
core   0: 0x80001458 (0xfe0b0ea3) sb      zero, -3(s6)
core   0: 3 0x80001458 (0xfe0b0ea3) mem 0x80014def 0x0
core   0: 0x8000145c (0xff5b4e83) lbu     t4, -11(s6)
core   0: 3 0x8000145c (0xff5b4e83) x29 0x00000000 mem 0x80014de7
core   0: 0x80001460 (0xff4b1823) sh      s4, -16(s6)
core   0: 3 0x80001460 (0xff4b1823) mem 0x80014de2 0xe869
core   0: 0x80001464 (0xff2b1d03) lh      s10, -14(s6)
core   0: 3 0x80001464 (0xff2b1d03) x26 0x000000e0 mem 0x80014de4
core   0: 0x80001468 (0x01910a33) add     s4, sp, s9
core   0: 3 0x80001468 (0x01910a33) x20 0x000000c8
core   0: 0x8000146c (0xc4e06193) ori     gp, zero, -946
core   0: 3 0x8000146c (0xc4e06193) x 3 0xfffffc4e
core   0: 0x80001470 (0xff7b0583) lb      a1, -9(s6)
core   0: 3 0x80001470 (0xff7b0583) x11 0x00000000 mem 0x80014de9
core   0: 0x80001474 (0x0ff0000f) fence   iorw,iorw
core   0: 3 0x80001474 (0x0ff0000f)
core   0: 0x80001478 (0xff1b4e83) lbu     t4, -15(s6)
core   0: 3 0x80001478 (0xff1b4e83) x29 0x000000e8 mem 0x80014de3
core   0: 0x8000147c (0x0170df13) srli    t5, ra, 23
core   0: 3 0x8000147c (0x0170df13) x30 0x00000000
core   0: 0x80001480 (0x8a34e793) ori     a5, s1, -1885
core   0: 3 0x80001480 (0x8a34e793) x15 0xfffffce7
core   0: 0x80001484 (0x008b5a03) lhu     s4, 8(s6)
core   0: 3 0x80001484 (0x008b5a03) x20 0x00000000 mem 0x80014dfa
core   0: 0x80001488 (0x00db0d83) lb      s11, 13(s6)
core   0: 3 0x80001488 (0x00db0d83) x27 0x00000000 mem 0x80014dff
core   0: 0x8000148c (0xdb3c7a13) andi    s4, s8, -589
core   0: 3 0x8000148c (0xdb3c7a13) x20 0x00000001
core   0: 0x80001490 (0x00bb0a03) lb      s4, 11(s6)
core   0: 3 0x80001490 (0x00bb0a03) x20 0x00000064 mem 0x80014dfd
core   0: 0x80001494 (0x002b1a03) lh      s4, 2(s6)
core   0: 3 0x80001494 (0x002b1a03) x20 0xffffe400 mem 0x80014df4
core   0: 0x80001498 (0xffcb0e03) lb      t3, -4(s6)
core   0: 3 0x80001498 (0xffcb0e03) x28 0x00000000 mem 0x80014dee
core   0: 0x8000149c (0xff5b4d83) lbu     s11, -11(s6)
core   0: 3 0x8000149c (0xff5b4d83) x27 0x00000000 mem 0x80014de7
core   0: 0x800014a0 (0xe17aa593) slti    a1, s5, -489
core   0: 3 0x800014a0 (0xe17aa593) x11 0x00000001
core   0: 0x800014a4 (0xfffb0803) lb      a6, -1(s6)
core   0: 3 0x800014a4 (0xfffb0803) x16 0x00000000 mem 0x80014df1
core   0: 0x800014a8 (0x00eb1423) sh      a4, 8(s6)
core   0: 3 0x800014a8 (0x00eb1423) mem 0x80014dfa 0x0000
core   0: 0x800014ac (0x009550b3) srl     ra, a0, s1
core   0: 3 0x800014ac (0x009550b3) x 1 0x00000000
core   0: 0x800014b0 (0xff7b0083) lb      ra, -9(s6)
core   0: 3 0x800014b0 (0xff7b0083) x 1 0x00000000 mem 0x80014de9
core   0: 0x800014b4 (0x00a00613) li      a2, 10
core   0: 3 0x800014b4 (0x00a00613) x12 0x0000000a
core   0: 0x800014b8 (0x00605393) srli    t2, zero, 6
core   0: 3 0x800014b8 (0x00605393) x 7 0x00000000
core   0: 0x800014bc (0x00a00693) li      a3, 10
core   0: 3 0x800014bc (0x00a00693) x13 0x0000000a
core   0: 0x800014c0 (0xda4a4d13) xori    s10, s4, -604
core   0: 3 0x800014c0 (0xda4a4d13) x26 0x000019a4
core   0: 0x800014c4 (0x3f794c93) xori    s9, s2, 1015
core   0: 3 0x800014c4 (0x3f794c93) x25 0x80012675
core   0: 0x800014c8 (0x7eb45037) lui     zero, 0x7eb45
core   0: 3 0x800014c8 (0x7eb45037)
core   0: 0x800014cc (0xffd60613) addi    a2, a2, -3
core   0: 3 0x800014cc (0xffd60613) x12 0x00000007
core   0: 0x800014d0 (0x015a1e13) slli    t3, s4, 21
core   0: 3 0x800014d0 (0x015a1e13) x28 0x80000000
core   0: 0x800014d4 (0xfed678e3) bgeu    a2, a3, pc - 16
core   0: 3 0x800014d4 (0xfed678e3)
core   0: 0x800014d8 (0x0ff0000f) fence   iorw,iorw
core   0: 3 0x800014d8 (0x0ff0000f)
core   0: 0x800014dc (0x00011097) auipc   ra, 0x11
core   0: 3 0x800014dc (0x00011097) x 1 0x800124dc
core   0: 0x800014e0 (0x43408093) addi    ra, ra, 1076
core   0: 3 0x800014e0 (0x43408093) x 1 0x80012910
core   0: 0x800014e4 (0x004aeeb3) or      t4, s5, tp
core   0: 3 0x800014e4 (0x004aeeb3) x29 0xfdb012bb
core   0: 0x800014e8 (0x015356b3) srl     a3, t1, s5
core   0: 3 0x800014e8 (0x015356b3) x13 0x00000010
core   0: 0x800014ec (0xfdd083a3) sb      t4, -57(ra)
core   0: 3 0x800014ec (0xfdd083a3) mem 0x800128d7 0xbb
core   0: 0x800014f0 (0xfc108ea3) sb      ra, -35(ra)
core   0: 3 0x800014f0 (0xfc108ea3) mem 0x800128ed 0x10
core   0: 0x800014f4 (0xfd308403) lb      s0, -45(ra)
core   0: 3 0x800014f4 (0xfd308403) x 8 0x00000000 mem 0x800128e3
core   0: 0x800014f8 (0x004a9713) slli    a4, s5, 4
core   0: 3 0x800014f8 (0x004a9713) x14 0xdb012bb0
core   0: 0x800014fc (0x5210b917) auipc   s2, 0x5210b
core   0: 3 0x800014fc (0x5210b917) x18 0xd210c4fc
core   0: 0x80001500 (0x03c0ae03) lw      t3, 60(ra)
core   0: 3 0x80001500 (0x03c0ae03) x28 0x00000000 mem 0x8001294c
core   0: 0x80001504 (0x01708d83) lb      s11, 23(ra)
core   0: 3 0x80001504 (0x01708d83) x27 0x00000000 mem 0x80012927
core   0: 0x80001508 (0x0000100f) fence.i
core   0: 3 0x80001508 (0x0000100f)
core   0: 0x8000150c (0x416009b3) sub     s3, zero, s6
core   0: 3 0x8000150c (0x416009b3) x19 0x7ffeb20e
core   0: 0x80001510 (0x01308d03) lb      s10, 19(ra)
core   0: 3 0x80001510 (0x01308d03) x26 0x00000000 mem 0x80012923
core   0: 0x80001514 (0x01ad5693) srli    a3, s10, 26
core   0: 3 0x80001514 (0x01ad5693) x13 0x00000000
core   0: 0x80001518 (0x5fe0c697) auipc   a3, 0x5fe0c
core   0: 3 0x80001518 (0x5fe0c697) x13 0xdfe0d518
core   0: 0x8000151c (0xb2c2bd13) sltiu   s10, t0, -1236
core   0: 3 0x8000151c (0xb2c2bd13) x26 0x00000001
core   0: 0x80001520 (0x01899693) slli    a3, s3, 24
core   0: 3 0x80001520 (0x01899693) x13 0x0e000000
core   0: 0x80001524 (0x00725533) srl     a0, tp, t2
core   0: 3 0x80001524 (0x00725533) x10 0x00000000
core   0: 0x80001528 (0x1a44b293) sltiu   t0, s1, 420
core   0: 3 0x80001528 (0x1a44b293) x 5 0x00000000
core   0: 0x8000152c (0x0010c183) lbu     gp, 1(ra)
core   0: 3 0x8000152c (0x0010c183) x 3 0x00000000 mem 0x80012911
core   0: 0x80001530 (0x00b08a03) lb      s4, 11(ra)
core   0: 3 0x80001530 (0x00b08a03) x20 0x00000000 mem 0x8001291b
core   0: 0x80001534 (0x20524613) xori    a2, tp, 517
core   0: 3 0x80001534 (0x20524613) x12 0x00000205
core   0: 0x80001538 (0x00afe033) or      zero, t6, a0
core   0: 3 0x80001538 (0x00afe033)
core   0: 0x8000153c (0xd0cde413) ori     s0, s11, -756
core   0: 3 0x8000153c (0xd0cde413) x 8 0xfffffd0c
core   0: 0x80001540 (0xfe708383) lb      t2, -25(ra)
core   0: 3 0x80001540 (0xfe708383) x 7 0x00000000 mem 0x800128f7
core   0: 0x80001544 (0x00f0cf83) lbu     t6, 15(ra)
core   0: 3 0x80001544 (0x00f0cf83) x31 0x00000000 mem 0x8001291f
core   0: 0x80001548 (0x01b0ce03) lbu     t3, 27(ra)
core   0: 3 0x80001548 (0x01b0ce03) x28 0x00000000 mem 0x8001292b
core   0: 0x8000154c (0x00017f97) auipc   t6, 0x17
core   0: 3 0x8000154c (0x00017f97) x31 0x8001854c
core   0: 0x80001550 (0x447f8f93) addi    t6, t6, 1095
core   0: 3 0x80001550 (0x447f8f93) x31 0x80018993
core   0: 0x80001554 (0x00011c17) auipc   s8, 0x11
core   0: 3 0x80001554 (0x00011c17) x24 0x80012554
core   0: 0x80001558 (0xb81c0c13) addi    s8, s8, -1151
core   0: 3 0x80001558 (0xb81c0c13) x24 0x800120d5
core   0: 0x8000155c (0xfc8c4883) lbu     a7, -56(s8)
core   0: 3 0x8000155c (0xfc8c4883) x17 0x00000000 mem 0x8001209d
core   0: 0x80001560 (0xffdf8e83) lb      t4, -3(t6)
core   0: 3 0x80001560 (0xffdf8e83) x29 0x00000000 mem 0x80018990
core   0: 0x80001564 (0x0afc4603) lbu     a2, 175(s8)
core   0: 3 0x80001564 (0x0afc4603) x12 0x00000000 mem 0x80012184
core   0: 0x80001568 (0x006fca03) lbu     s4, 6(t6)
core   0: 3 0x80001568 (0x006fca03) x20 0x00000000 mem 0x80018999
core   0: 0x8000156c (0xfaec4403) lbu     s0, -82(s8)
core   0: 3 0x8000156c (0xfaec4403) x 8 0x00000000 mem 0x80012083
core   0: 0x80001570 (0x0bac0d83) lb      s11, 186(s8)
core   0: 3 0x80001570 (0x0bac0d83) x27 0x00000000 mem 0x8001218f
core   0: 0x80001574 (0x017c4d83) lbu     s11, 23(s8)
core   0: 3 0x80001574 (0x017c4d83) x27 0x00000000 mem 0x800120ec
core   0: 0x80001578 (0xff6fcd83) lbu     s11, -10(t6)
core   0: 3 0x80001578 (0xff6fcd83) x27 0x00000000 mem 0x80018989
core   0: 0x8000157c (0x06ec4d83) lbu     s11, 110(s8)
core   0: 3 0x8000157c (0x06ec4d83) x27 0x00000000 mem 0x80012143
core   0: 0x80001580 (0xff1f8383) lb      t2, -15(t6)
core   0: 3 0x80001580 (0xff1f8383) x 7 0x00000000 mem 0x80018984
core   0: 0x80001584 (0xff5f9903) lh      s2, -11(t6)
core   0: 3 0x80001584 (0xff5f9903) x18 0x00000000 mem 0x80018988
core   0: 0x80001588 (0x0e8c0803) lb      a6, 232(s8)
core   0: 3 0x80001588 (0x0e8c0803) x16 0x00000000 mem 0x800121bd
core   0: 0x8000158c (0x00011097) auipc   ra, 0x11
core   0: 3 0x8000158c (0x00011097) x 1 0x8001258c
core   0: 0x80001590 (0xb4d08093) addi    ra, ra, -1203
core   0: 3 0x80001590 (0xb4d08093) x 1 0x800120d9
core   0: 0x80001594 (0x00011217) auipc   tp, 0x11
core   0: 3 0x80001594 (0x00011217) x 4 0x80012594
core   0: 0x80001598 (0x26720213) addi    tp, tp, 615
core   0: 3 0x80001598 (0x26720213) x 4 0x800127fb
core   0: 0x8000159c (0x00011d97) auipc   s11, 0x11
core   0: 3 0x8000159c (0x00011d97) x27 0x8001259c
core   0: 0x800015a0 (0x7a5d8d93) addi    s11, s11, 1957
core   0: 3 0x800015a0 (0x7a5d8d93) x27 0x80012d41
core   0: 0x800015a4 (0x00011717) auipc   a4, 0x11
core   0: 3 0x800015a4 (0x00011717) x14 0x800125a4
core   0: 0x800015a8 (0xb2a70713) addi    a4, a4, -1238
core   0: 3 0x800015a8 (0xb2a70713) x14 0x800120ce
core   0: 0x800015ac (0x04808783) lb      a5, 72(ra)
core   0: 3 0x800015ac (0x04808783) x15 0x00000011 mem 0x80012121
core   0: 0x800015b0 (0x00011a17) auipc   s4, 0x11
core   0: 3 0x800015b0 (0x00011a17) x20 0x800125b0
core   0: 0x800015b4 (0x44ba0a13) addi    s4, s4, 1099
core   0: 3 0x800015b4 (0x44ba0a13) x20 0x800129fb
core   0: 0x800015b8 (0x0c170b03) lb      s6, 193(a4)
core   0: 3 0x800015b8 (0x0c170b03) x22 0x00000000 mem 0x8001218f
core   0: 0x800015bc (0xfdd0c783) lbu     a5, -35(ra)
core   0: 3 0x800015bc (0xfdd0c783) x15 0x00000000 mem 0x800120b6
core   0: 0x800015c0 (0x001a4e83) lbu     t4, 1(s4)
core   0: 3 0x800015c0 (0x001a4e83) x29 0x00000000 mem 0x800129fc
core   0: 0x800015c4 (0x02720fa3) sb      t2, 63(tp)
core   0: 3 0x800015c4 (0x02720fa3) mem 0x8001283a 0x0
core   0: 0x800015c8 (0xfd4a0e83) lb      t4, -44(s4)
core   0: 3 0x800015c8 (0xfd4a0e83) x29 0x00000000 mem 0x800129cf
core   0: 0x800015cc (0xffca0883) lb      a7, -4(s4)
core   0: 3 0x800015cc (0xffca0883) x17 0x00000000 mem 0x800129f7
core   0: 0x800015d0 (0xb0fda983) lw      s3, -1265(s11)
core   0: 3 0x800015d0 (0xb0fda983) x19 0x00000000 mem 0x80012850
core   0: 0x800015d4 (0xfe874983) lbu     s3, -24(a4)
core   0: 3 0x800015d4 (0xfe874983) x19 0x00000000 mem 0x800120b6
core   0: 0x800015d8 (0x137dc903) lbu     s2, 311(s11)
core   0: 3 0x800015d8 (0x137dc903) x18 0x00000000 mem 0x80012e78
core   0: 0x800015dc (0xcfbdab03) lw      s6, -773(s11)
core   0: 3 0x800015dc (0xcfbdab03) x22 0x00000000 mem 0x80012a3c
core   0: 0x800015e0 (0xfe774903) lbu     s2, -25(a4)
core   0: 3 0x800015e0 (0xfe774903) x18 0x00000000 mem 0x800120b5
core   0: 0x800015e4 (0xe6cdce03) lbu     t3, -404(s11)
core   0: 3 0x800015e4 (0xe6cdce03) x28 0x00000000 mem 0x80012bad
core   0: 0x800015e8 (0x0f174d03) lbu     s10, 241(a4)
core   0: 3 0x800015e8 (0x0f174d03) x26 0x00000001 mem 0x800121bf
core   0: 0x800015ec (0x01f24183) lbu     gp, 31(tp)
core   0: 3 0x800015ec (0x01f24183) x 3 0x00000000 mem 0x8001281a
core   0: 0x800015f0 (0xffa20c03) lb      s8, -6(tp)
core   0: 3 0x800015f0 (0xffa20c03) x24 0x00000000 mem 0x800127f5
core   0: 0x800015f4 (0xfe0a4403) lbu     s0, -32(s4)
core   0: 3 0x800015f4 (0xfe0a4403) x 8 0x00000000 mem 0x800129db
core   0: 0x800015f8 (0xfcb0c983) lbu     s3, -53(ra)
core   0: 3 0x800015f8 (0xfcb0c983) x19 0x00000000 mem 0x800120a4
core   0: 0x800015fc (0xbdad8623) sb      s10, -1076(s11)
core   0: 3 0x800015fc (0xbdad8623) mem 0x8001290d 0x1
core   0: 0x80001600 (0x00ea0003) lb      zero, 14(s4)
core   0: 3 0x80001600 (0x00ea0003) mem 0x80012a09
core   0: 0x80001604 (0xe4adc403) lbu     s0, -438(s11)
core   0: 3 0x80001604 (0xe4adc403) x 8 0x00000000 mem 0x80012b8b
core   0: 0x80001608 (0x0cc70403) lb      s0, 204(a4)
core   0: 3 0x80001608 (0x0cc70403) x 8 0x00000000 mem 0x8001219a
core   0: 0x8000160c (0x02aa0223) sb      a0, 36(s4)
core   0: 3 0x8000160c (0x02aa0223) mem 0x80012a1f 0x0
core   0: 0x80001610 (0xfb471a23) sh      s4, -76(a4)
core   0: 3 0x80001610 (0xfb471a23) mem 0x80012082 0x29fb
core   0: 0x80001614 (0x02671183) lh      gp, 38(a4)
core   0: 3 0x80001614 (0x02671183) x 3 0x00000000 mem 0x800120f4
core   0: 0x80001618 (0xfd90ce03) lbu     t3, -39(ra)
core   0: 3 0x80001618 (0xfd90ce03) x28 0x00000000 mem 0x800120b2
core   0: 0x8000161c (0x0f470023) sb      s4, 224(a4)
core   0: 3 0x8000161c (0x0f470023) mem 0x800121ae 0xfb
core   0: 0x80001620 (0x0d608823) sb      s6, 208(ra)
core   0: 3 0x80001620 (0x0d608823) mem 0x800121a9 0x0
core   0: 0x80001624 (0xf6b20c23) sb      a1, -136(tp)
core   0: 3 0x80001624 (0xf6b20c23) mem 0x80012773 0x1
core   0: 0x80001628 (0x949d91a3) sh      s1, -1725(s11)
core   0: 3 0x80001628 (0x949d91a3) mem 0x80012684 0xbce4
core   0: 0x8000162c (0xf5f20383) lb      t2, -161(tp)
core   0: 3 0x8000162c (0xf5f20383) x 7 0x00000000 mem 0x8001275a
core   0: 0x80001630 (0x04c08723) sb      a2, 78(ra)
core   0: 3 0x80001630 (0x04c08723) mem 0x80012127 0x0
core   0: 0x80001634 (0x0bd24883) lbu     a7, 189(tp)
core   0: 3 0x80001634 (0x0bd24883) x17 0x00000000 mem 0x800128b8
core   0: 0x80001638 (0x01209ea3) sh      s2, 29(ra)
core   0: 3 0x80001638 (0x01209ea3) mem 0x800120f6 0x0000
core   0: 0x8000163c (0xd06d8023) sb      t1, -768(s11)
core   0: 3 0x8000163c (0xd06d8023) mem 0x80012a41 0x88
core   0: 0x80001640 (0xf6c70ea3) sb      a2, -131(a4)
core   0: 3 0x80001640 (0xf6c70ea3) mem 0x8001204b 0x0
core   0: 0x80001644 (0x0e2093a3) sh      sp, 231(ra)
core   0: 3 0x80001644 (0x0e2093a3) mem 0x800121c0 0x0064
core   0: 0x80001648 (0x0470cd03) lbu     s10, 71(ra)
core   0: 3 0x80001648 (0x0470cd03) x26 0x00000000 mem 0x80012120
core   0: 0x8000164c (0xfcda0283) lb      t0, -51(s4)
core   0: 3 0x8000164c (0xfcda0283) x 5 0x00000032 mem 0x800129c8
core   0: 0x80001650 (0xf3c24283) lbu     t0, -196(tp)
core   0: 3 0x80001650 (0xf3c24283) x 5 0x00000000 mem 0x80012737
core   0: 0x80001654 (0x0d974883) lbu     a7, 217(a4)
core   0: 3 0x80001654 (0x0d974883) x17 0x00000000 mem 0x800121a7
core   0: 0x80001658 (0x00019297) auipc   t0, 0x19
core   0: 3 0x80001658 (0x00019297) x 5 0x8001a658
core   0: 0x8000165c (0xa3428293) addi    t0, t0, -1484
core   0: 3 0x8000165c (0xa3428293) x 5 0x8001a08c
core   0: 0x80001660 (0xb0aafd93) andi    s11, s5, -1270
core   0: 3 0x80001660 (0xb0aafd93) x27 0xfdb0120a
core   0: 0x80001664 (0x018bd313) srli    t1, s7, 24
core   0: 3 0x80001664 (0x018bd313) x 6 0x00000080
core   0: 0x80001668 (0x0000100f) fence.i
core   0: 3 0x80001668 (0x0000100f)
core   0: 0x8000166c (0x01fbe6b3) or      a3, s7, t6
core   0: 3 0x8000166c (0x01fbe6b3) x13 0x8003fff7
core   0: 0x80001670 (0xc942ad03) lw      s10, -876(t0)
core   0: 3 0x80001670 (0xc942ad03) x26 0x00000000 mem 0x80019d20
core   0: 0x80001674 (0xbf52c703) lbu     a4, -1035(t0)
core   0: 3 0x80001674 (0xbf52c703) x14 0x00000000 mem 0x80019c81
core   0: 0x80001678 (0x664c6213) ori     tp, s8, 1636
core   0: 3 0x80001678 (0x664c6213) x 4 0x00000664
core   0: 0x8000167c (0x09b28fa3) sb      s11, 159(t0)
core   0: 3 0x8000167c (0x09b28fa3) mem 0x8001a12b 0xa
core   0: 0x80001680 (0x0c82ae03) lw      t3, 200(t0)
core   0: 3 0x80001680 (0x0c82ae03) x28 0x00000000 mem 0x8001a154
core   0: 0x80001684 (0x014f9713) slli    a4, t6, 20
core   0: 3 0x80001684 (0x014f9713) x14 0x99300000
core   0: 0x80001688 (0x41725e93) srai    t4, tp, 23
core   0: 3 0x80001688 (0x41725e93) x29 0x00000000
core   0: 0x8000168c (0xb1428b23) sb      s4, -1258(t0)
core   0: 3 0x8000168c (0xb1428b23) mem 0x80019ba2 0xfb
core   0: 0x80001690 (0x000f9d33) sll     s10, t6, zero
core   0: 3 0x80001690 (0x000f9d33) x26 0x80018993
core   0: 0x80001694 (0x017b3d33) sltu    s10, s6, s7
core   0: 3 0x80001694 (0x017b3d33) x26 0x00000001
core   0: 0x80001698 (0x01b5c9b3) xor     s3, a1, s11
core   0: 3 0x80001698 (0x01b5c9b3) x19 0xfdb0120b
core   0: 0x8000169c (0xea34e393) ori     t2, s1, -349
core   0: 3 0x8000169c (0xea34e393) x 7 0xfffffee7
core   0: 0x800016a0 (0xf551f213) andi    tp, gp, -171
core   0: 3 0x800016a0 (0xf551f213) x 4 0x00000000
core   0: 0x800016a4 (0x00000013) nop
core   0: 3 0x800016a4 (0x00000013)
core   0: 0x800016a8 (0x412f86b3) sub     a3, t6, s2
core   0: 3 0x800016a8 (0x412f86b3) x13 0x80018993
core   0: 0x800016ac (0x0ff0000f) fence   iorw,iorw
core   0: 3 0x800016ac (0x0ff0000f)
core   0: 0x800016b0 (0x017a1113) slli    sp, s4, 23
core   0: 3 0x800016b0 (0x017a1113) x 2 0xfd800000
core   0: 0x800016b4 (0xf7128503) lb      a0, -143(t0)
core   0: 3 0x800016b4 (0xf7128503) x10 0x00000000 mem 0x80019ffd
core   0: 0x800016b8 (0xc2428c03) lb      s8, -988(t0)
core   0: 3 0x800016b8 (0xc2428c03) x24 0x00000000 mem 0x80019cb0
core   0: 0x800016bc (0x00e3d3b3) srl     t2, t2, a4
core   0: 3 0x800016bc (0x00e3d3b3) x 7 0xfffffee7
core   0: 0x800016c0 (0x66028e83) lb      t4, 1632(t0)
core   0: 3 0x800016c0 (0x66028e83) x29 0x00000000 mem 0x8001a6ec
core   0: 0x800016c4 (0x00f033b3) snez    t2, a5
core   0: 3 0x800016c4 (0x00f033b3) x 7 0x00000000
core   0: 0x800016c8 (0xfa72ca03) lbu     s4, -89(t0)
core   0: 3 0x800016c8 (0xfa72ca03) x20 0x00000000 mem 0x8001a033
core   0: 0x800016cc (0x9262cf83) lbu     t6, -1754(t0)
core   0: 3 0x800016cc (0x9262cf83) x31 0x00000000 mem 0x800199b2
core   0: 0x800016d0 (0xa0c2d383) lhu     t2, -1524(t0)
core   0: 3 0x800016d0 (0xa0c2d383) x 7 0x00000000 mem 0x80019a98
core   0: 0x800016d4 (0x01beaeb3) slt     t4, t4, s11
core   0: 3 0x800016d4 (0x01beaeb3) x29 0x00000000
core   0: 0x800016d8 (0xc02bc513) xori    a0, s7, -1022
core   0: 3 0x800016d8 (0xc02bc513) x10 0x7ffd8266
core   0: 0x800016dc (0x01c7b1b3) sltu    gp, a5, t3
core   0: 3 0x800016dc (0x01c7b1b3) x 3 0x00000000
core   0: 0x800016e0 (0x0132ae23) sw      s3, 28(t0)
core   0: 3 0x800016e0 (0x0132ae23) mem 0x8001a0a8 0xfdb0120b
core   0: 0x800016e4 (0x00000013) nop
core   0: 3 0x800016e4 (0x00000013)
core   0: 0x800016e8 (0x00737cb3) and     s9, t1, t2
core   0: 3 0x800016e8 (0x00737cb3) x25 0x00000000
core   0: 0x800016ec (0xa282d803) lhu     a6, -1496(t0)
core   0: 3 0x800016ec (0xa282d803) x16 0x00000000 mem 0x80019ab4
core   0: 0x800016f0 (0x01a5bd33) sltu    s10, a1, s10
core   0: 3 0x800016f0 (0x01a5bd33) x26 0x00000000
core   0: 0x800016f4 (0x566b5037) lui     zero, 0x566b5
core   0: 3 0x800016f4 (0x566b5037)
core   0: 0x800016f8 (0x658a3cb7) lui     s9, 0x658a3
core   0: 3 0x800016f8 (0x658a3cb7) x25 0x658a3000
core   0: 0x800016fc (0x0116a8b3) slt     a7, a3, a7
core   0: 3 0x800016fc (0x0116a8b3) x17 0x00000001
core   0: 0x80001700 (0x01cea633) slt     a2, t4, t3
core   0: 3 0x80001700 (0x01cea633) x12 0x00000000
core   0: 0x80001704 (0xd362d203) lhu     tp, -714(t0)
core   0: 3 0x80001704 (0xd362d203) x 4 0x00000000 mem 0x80019dc2
core   0: 0x80001708 (0x00600993) li      s3, 6
core   0: 3 0x80001708 (0x00600993) x19 0x00000006
core   0: 0x8000170c (0x2140b713) sltiu   a4, ra, 532
core   0: 3 0x8000170c (0x2140b713) x14 0x00000000
core   0: 0x80001710 (0x018dd813) srli    a6, s11, 24
core   0: 3 0x80001710 (0x018dd813) x16 0x000000fd
core   0: 0x80001714 (0x00300313) li      t1, 3
core   0: 3 0x80001714 (0x00300313) x 6 0x00000003
core   0: 0x80001718 (0x40260a33) sub     s4, a2, sp
core   0: 3 0x80001718 (0x40260a33) x20 0x02800000
core   0: 0x8000171c (0x9384ec93) ori     s9, s1, -1736
core   0: 3 0x8000171c (0x9384ec93) x25 0xfffffdfc
core   0: 0x80001720 (0x2d8a7f93) andi    t6, s4, 728
core   0: 3 0x80001720 (0x2d8a7f93) x31 0x00000000
core   0: 0x80001724 (0x00ad5833) srl     a6, s10, a0
core   0: 3 0x80001724 (0x00ad5833) x16 0x00000000
core   0: 0x80001728 (0x88e4c437) lui     s0, 0x88e4c
core   0: 3 0x80001728 (0x88e4c437) x 8 0x88e4c000
core   0: 0x8000172c (0x2a866513) ori     a0, a2, 680
core   0: 3 0x8000172c (0x2a866513) x10 0x000002a8
core   0: 0x80001730 (0x004f26b3) slt     a3, t5, tp
core   0: 3 0x80001730 (0x004f26b3) x13 0x00000000
core   0: 0x80001734 (0xa0dc7193) andi    gp, s8, -1523
core   0: 3 0x80001734 (0xa0dc7193) x 3 0x00000000
core   0: 0x80001738 (0xfff98993) addi    s3, s3, -1
core   0: 3 0x80001738 (0xfff98993) x19 0x00000005
core   0: 0x8000173c (0x41a4ddb3) sra     s11, s1, s10
core   0: 3 0x8000173c (0x41a4ddb3) x27 0x8002bce4
core   0: 0x80001740 (0x008bc8b3) xor     a7, s7, s0
core   0: 3 0x80001740 (0x008bc8b3) x17 0x08e6be64
core   0: 0x80001744 (0x019d1b33) sll     s6, s10, s9
core   0: 3 0x80001744 (0x019d1b33) x22 0x00000000
core   0: 0x80001748 (0x51802193) slti    gp, zero, 1304
core   0: 3 0x80001748 (0x51802193) x 3 0x00000001
core   0: 0x8000174c (0xfc69f8e3) bgeu    s3, t1, pc - 48
core   0: 3 0x8000174c (0xfc69f8e3)
core   0: 0x8000171c (0x9384ec93) ori     s9, s1, -1736
core   0: 3 0x8000171c (0x9384ec93) x25 0xfffffdfc
core   0: 0x80001720 (0x2d8a7f93) andi    t6, s4, 728
core   0: 3 0x80001720 (0x2d8a7f93) x31 0x00000000
core   0: 0x80001724 (0x00ad5833) srl     a6, s10, a0
core   0: 3 0x80001724 (0x00ad5833) x16 0x00000000
core   0: 0x80001728 (0x88e4c437) lui     s0, 0x88e4c
core   0: 3 0x80001728 (0x88e4c437) x 8 0x88e4c000
core   0: 0x8000172c (0x2a866513) ori     a0, a2, 680
core   0: 3 0x8000172c (0x2a866513) x10 0x000002a8
core   0: 0x80001730 (0x004f26b3) slt     a3, t5, tp
core   0: 3 0x80001730 (0x004f26b3) x13 0x00000000
core   0: 0x80001734 (0xa0dc7193) andi    gp, s8, -1523
core   0: 3 0x80001734 (0xa0dc7193) x 3 0x00000000
core   0: 0x80001738 (0xfff98993) addi    s3, s3, -1
core   0: 3 0x80001738 (0xfff98993) x19 0x00000004
core   0: 0x8000173c (0x41a4ddb3) sra     s11, s1, s10
core   0: 3 0x8000173c (0x41a4ddb3) x27 0x8002bce4
core   0: 0x80001740 (0x008bc8b3) xor     a7, s7, s0
core   0: 3 0x80001740 (0x008bc8b3) x17 0x08e6be64
core   0: 0x80001744 (0x019d1b33) sll     s6, s10, s9
core   0: 3 0x80001744 (0x019d1b33) x22 0x00000000
core   0: 0x80001748 (0x51802193) slti    gp, zero, 1304
core   0: 3 0x80001748 (0x51802193) x 3 0x00000001
core   0: 0x8000174c (0xfc69f8e3) bgeu    s3, t1, pc - 48
core   0: 3 0x8000174c (0xfc69f8e3)
core   0: 0x8000171c (0x9384ec93) ori     s9, s1, -1736
core   0: 3 0x8000171c (0x9384ec93) x25 0xfffffdfc
core   0: 0x80001720 (0x2d8a7f93) andi    t6, s4, 728
core   0: 3 0x80001720 (0x2d8a7f93) x31 0x00000000
core   0: 0x80001724 (0x00ad5833) srl     a6, s10, a0
core   0: 3 0x80001724 (0x00ad5833) x16 0x00000000
core   0: 0x80001728 (0x88e4c437) lui     s0, 0x88e4c
core   0: 3 0x80001728 (0x88e4c437) x 8 0x88e4c000
core   0: 0x8000172c (0x2a866513) ori     a0, a2, 680
core   0: 3 0x8000172c (0x2a866513) x10 0x000002a8
core   0: 0x80001730 (0x004f26b3) slt     a3, t5, tp
core   0: 3 0x80001730 (0x004f26b3) x13 0x00000000
core   0: 0x80001734 (0xa0dc7193) andi    gp, s8, -1523
core   0: 3 0x80001734 (0xa0dc7193) x 3 0x00000000
core   0: 0x80001738 (0xfff98993) addi    s3, s3, -1
core   0: 3 0x80001738 (0xfff98993) x19 0x00000003
core   0: 0x8000173c (0x41a4ddb3) sra     s11, s1, s10
core   0: 3 0x8000173c (0x41a4ddb3) x27 0x8002bce4
core   0: 0x80001740 (0x008bc8b3) xor     a7, s7, s0
core   0: 3 0x80001740 (0x008bc8b3) x17 0x08e6be64
core   0: 0x80001744 (0x019d1b33) sll     s6, s10, s9
core   0: 3 0x80001744 (0x019d1b33) x22 0x00000000
core   0: 0x80001748 (0x51802193) slti    gp, zero, 1304
core   0: 3 0x80001748 (0x51802193) x 3 0x00000001
core   0: 0x8000174c (0xfc69f8e3) bgeu    s3, t1, pc - 48
core   0: 3 0x8000174c (0xfc69f8e3)
core   0: 0x8000171c (0x9384ec93) ori     s9, s1, -1736
core   0: 3 0x8000171c (0x9384ec93) x25 0xfffffdfc
core   0: 0x80001720 (0x2d8a7f93) andi    t6, s4, 728
core   0: 3 0x80001720 (0x2d8a7f93) x31 0x00000000
core   0: 0x80001724 (0x00ad5833) srl     a6, s10, a0
core   0: 3 0x80001724 (0x00ad5833) x16 0x00000000
core   0: 0x80001728 (0x88e4c437) lui     s0, 0x88e4c
core   0: 3 0x80001728 (0x88e4c437) x 8 0x88e4c000
core   0: 0x8000172c (0x2a866513) ori     a0, a2, 680
core   0: 3 0x8000172c (0x2a866513) x10 0x000002a8
core   0: 0x80001730 (0x004f26b3) slt     a3, t5, tp
core   0: 3 0x80001730 (0x004f26b3) x13 0x00000000
core   0: 0x80001734 (0xa0dc7193) andi    gp, s8, -1523
core   0: 3 0x80001734 (0xa0dc7193) x 3 0x00000000
core   0: 0x80001738 (0xfff98993) addi    s3, s3, -1
core   0: 3 0x80001738 (0xfff98993) x19 0x00000002
core   0: 0x8000173c (0x41a4ddb3) sra     s11, s1, s10
core   0: 3 0x8000173c (0x41a4ddb3) x27 0x8002bce4
core   0: 0x80001740 (0x008bc8b3) xor     a7, s7, s0
core   0: 3 0x80001740 (0x008bc8b3) x17 0x08e6be64
core   0: 0x80001744 (0x019d1b33) sll     s6, s10, s9
core   0: 3 0x80001744 (0x019d1b33) x22 0x00000000
core   0: 0x80001748 (0x51802193) slti    gp, zero, 1304
core   0: 3 0x80001748 (0x51802193) x 3 0x00000001
core   0: 0x8000174c (0xfc69f8e3) bgeu    s3, t1, pc - 48
core   0: 3 0x8000174c (0xfc69f8e3)
core   0: 0x80001750 (0x00549e33) sll     t3, s1, t0
core   0: 3 0x80001750 (0x00549e33) x28 0x2bce4000
core   0: 0x80001754 (0x00011617) auipc   a2, 0x11
core   0: 3 0x80001754 (0x00011617) x12 0x80012754
core   0: 0x80001758 (0xc8f60613) addi    a2, a2, -881
core   0: 3 0x80001758 (0xc8f60613) x12 0x800123e3
core   0: 0x8000175c (0x00011297) auipc   t0, 0x11
core   0: 3 0x8000175c (0x00011297) x 5 0x8001275c
core   0: 0x80001760 (0x7ca28293) addi    t0, t0, 1994
core   0: 3 0x80001760 (0x7ca28293) x 5 0x80012f26
core   0: 0x80001764 (0xfa565f83) lhu     t6, -91(a2)
core   0: 3 0x80001764 (0xfa565f83) x31 0x00000000 mem 0x80012388
core   0: 0x80001768 (0x00011997) auipc   s3, 0x11
core   0: 3 0x80001768 (0x00011997) x19 0x80012768
core   0: 0x8000176c (0x79a98993) addi    s3, s3, 1946
core   0: 3 0x8000176c (0x79a98993) x19 0x80012f02
core   0: 0x80001770 (0xf1328d83) lb      s11, -237(t0)
core   0: 3 0x80001770 (0xf1328d83) x27 0x00000000 mem 0x80012e39
core   0: 0x80001774 (0x0e460f03) lb      t5, 228(a2)
core   0: 3 0x80001774 (0x0e460f03) x30 0x00000000 mem 0x800124c7
core   0: 0x80001778 (0x00011317) auipc   t1, 0x11
core   0: 3 0x80001778 (0x00011317) x 6 0x80012778
core   0: 0x8000177c (0x7d130313) addi    t1, t1, 2001
core   0: 3 0x8000177c (0x7d130313) x 6 0x80012f49
core   0: 0x80001780 (0xf5161ca3) sh      a7, -167(a2)
core   0: 3 0x80001780 (0xf5161ca3) mem 0x8001233c 0xbe64
core   0: 0x80001784 (0x0ed30123) sb      a3, 226(t1)
core   0: 3 0x80001784 (0x0ed30123) mem 0x8001302b 0x0
core   0: 0x80001788 (0xf2260203) lb      tp, -222(a2)
core   0: 3 0x80001788 (0xf2260203) x 4 0x00000000 mem 0x80012305
core   0: 0x8000178c (0xfd099503) lh      a0, -48(s3)
core   0: 3 0x8000178c (0xfd099503) x10 0x00000000 mem 0x80012ed2
core   0: 0x80001790 (0xfd09db03) lhu     s6, -48(s3)
core   0: 3 0x80001790 (0xfd09db03) x22 0x00000000 mem 0x80012ed2
core   0: 0x80001794 (0x06931703) lh      a4, 105(t1)
core   0: 3 0x80001794 (0x06931703) x14 0x00000000 mem 0x80012fb2
core   0: 0x80001798 (0x01629e03) lh      t3, 22(t0)
core   0: 3 0x80001798 (0x01629e03) x28 0x00000000 mem 0x80012f3c
core   0: 0x8000179c (0xfff30523) sb      t6, -22(t1)
core   0: 3 0x8000179c (0xfff30523) mem 0x80012f33 0x0
core   0: 0x800017a0 (0x03d32fa3) sw      t4, 63(t1)
core   0: 3 0x800017a0 (0x03d32fa3) mem 0x80012f88 0x00000000
core   0: 0x800017a4 (0xf0534d03) lbu     s10, -251(t1)
core   0: 3 0x800017a4 (0xf0534d03) x26 0x00000000 mem 0x80012e4e
core   0: 0x800017a8 (0x0a72c883) lbu     a7, 167(t0)
core   0: 3 0x800017a8 (0x0a72c883) x17 0x00000000 mem 0x80012fcd
core   0: 0x800017ac (0xf9264c83) lbu     s9, -110(a2)
core   0: 3 0x800017ac (0xf9264c83) x25 0x00000000 mem 0x80012375
core   0: 0x800017b0 (0x01699103) lh      sp, 22(s3)
core   0: 3 0x800017b0 (0x01699103) x 2 0x00000000 mem 0x80012f18
core   0: 0x800017b4 (0xfa434403) lbu     s0, -92(t1)
core   0: 3 0x800017b4 (0xfa434403) x 8 0x00000000 mem 0x80012eed
core   0: 0x800017b8 (0x02598023) sb      t0, 32(s3)
core   0: 3 0x800017b8 (0x02598023) mem 0x80012f22 0x26
core   0: 0x800017bc (0x03030403) lb      s0, 48(t1)
core   0: 3 0x800017bc (0x03030403) x 8 0x00000000 mem 0x80012f79
core   0: 0x800017c0 (0xfc499c03) lh      s8, -60(s3)
core   0: 3 0x800017c0 (0xfc499c03) x24 0x0000001f mem 0x80012ec6
core   0: 0x800017c4 (0x03e9c183) lbu     gp, 62(s3)
core   0: 3 0x800017c4 (0x03e9c183) x 3 0x00000000 mem 0x80012f40
core   0: 0x800017c8 (0xfe198083) lb      ra, -31(s3)
core   0: 3 0x800017c8 (0xfe198083) x 1 0x00000000 mem 0x80012ee3
core   0: 0x800017cc (0xf6130623) sb      ra, -148(t1)
core   0: 3 0x800017cc (0xf6130623) mem 0x80012eb5 0x0
core   0: 0x800017d0 (0x0c02ce83) lbu     t4, 192(t0)
core   0: 3 0x800017d0 (0x0c02ce83) x29 0x00000000 mem 0x80012fe6
core   0: 0x800017d4 (0xfc998183) lb      gp, -55(s3)
core   0: 3 0x800017d4 (0xfc998183) x 3 0x00000000 mem 0x80012ecb
core   0: 0x800017d8 (0xf82607a3) sb      sp, -113(a2)
core   0: 3 0x800017d8 (0xf82607a3) mem 0x80012372 0x0
core   0: 0x800017dc (0x0d528f03) lb      t5, 213(t0)
core   0: 3 0x800017dc (0x0d528f03) x30 0x00000000 mem 0x80012ffb
core   0: 0x800017e0 (0x02732083) lw      ra, 39(t1)
core   0: 3 0x800017e0 (0x02732083) x 1 0x00000000 mem 0x80012f70
core   0: 0x800017e4 (0xf0b28f03) lb      t5, -245(t0)
core   0: 3 0x800017e4 (0xf0b28f03) x30 0x00000000 mem 0x80012e31
core   0: 0x800017e8 (0x02030923) sb      zero, 50(t1)
core   0: 3 0x800017e8 (0x02030923) mem 0x80012f7b 0x0
core   0: 0x800017ec (0x00011117) auipc   sp, 0x11
core   0: 3 0x800017ec (0x00011117) x 2 0x800127ec
core   0: 0x800017f0 (0xfee10113) addi    sp, sp, -18
core   0: 3 0x800017f0 (0xfee10113) x 2 0x800127da
core   0: 0x800017f4 (0x71ce2393) slti    t2, t3, 1820
core   0: 3 0x800017f4 (0x71ce2393) x 7 0x00000001
core   0: 0x800017f8 (0x6e31ed93) ori     s11, gp, 1763
core   0: 3 0x800017f8 (0x6e31ed93) x27 0x000006e3
core   0: 0x800017fc (0x06f10b03) lb      s6, 111(sp)
core   0: 3 0x800017fc (0x06f10b03) x22 0x00000000 mem 0x80012849
core   0: 0x80001800 (0x59e10513) addi    a0, sp, 1438
core   0: 3 0x80001800 (0x59e10513) x10 0x80012d78
core   0: 0x80001804 (0x41955893) srai    a7, a0, 25
core   0: 3 0x80001804 (0x41955893) x17 0xffffffc0
core   0: 0x80001808 (0x00eabcb3) sltu    s9, s5, a4
core   0: 3 0x80001808 (0x00eabcb3) x25 0x00000000
core   0: 0x8000180c (0x02e10723) sb      a4, 46(sp)
core   0: 3 0x8000180c (0x02e10723) mem 0x80012808 0x0
core   0: 0x80001810 (0x0f7bb997) auipc   s3, 0xf7bb
core   0: 3 0x80001810 (0x0f7bb997) x19 0x8f7bc810
core   0: 0x80001814 (0x01b11923) sh      s11, 18(sp)
core   0: 3 0x80001814 (0x01b11923) mem 0x800127ec 0x06e3
core   0: 0x80001818 (0x4076d093) srai    ra, a3, 7
core   0: 3 0x80001818 (0x4076d093) x 1 0x00000000
core   0: 0x8000181c (0x7922c213) xori    tp, t0, 1938
core   0: 3 0x8000181c (0x7922c213) x 4 0x800128b4
core   0: 0x80001820 (0x017bfe33) and     t3, s7, s7
core   0: 3 0x80001820 (0x017bfe33) x28 0x80027e64
core   0: 0x80001824 (0x4cbee293) ori     t0, t4, 1227
core   0: 3 0x80001824 (0x4cbee293) x 5 0x000004cb
core   0: 0x80001828 (0x003abfb3) sltu    t6, s5, gp
core   0: 3 0x80001828 (0x003abfb3) x31 0x00000000
core   0: 0x8000182c (0x017837b3) sltu    a5, a6, s7
core   0: 3 0x8000182c (0x017837b3) x15 0x00000001
core   0: 0x80001830 (0x73a97517) auipc   a0, 0x73a97
core   0: 3 0x80001830 (0x73a97517) x10 0xf3a98830
core   0: 0x80001834 (0xf3d10523) sb      t4, -214(sp)
core   0: 3 0x80001834 (0xf3d10523) mem 0x80012704 0x0
core   0: 0x80001838 (0x418ed193) srai    gp, t4, 24
core   0: 3 0x80001838 (0x418ed193) x 3 0x00000000
core   0: 0x8000183c (0x00b105a3) sb      a1, 11(sp)
core   0: 3 0x8000183c (0x00b105a3) mem 0x800127e5 0x1
core   0: 0x80001840 (0x00910c23) sb      s1, 24(sp)
core   0: 3 0x80001840 (0x00910c23) mem 0x800127f2 0xe4
core   0: 0x80001844 (0x01a6ac33) slt     s8, a3, s10
core   0: 3 0x80001844 (0x01a6ac33) x24 0x00000000
core   0: 0x80001848 (0x0d7109a3) sb      s7, 211(sp)
core   0: 3 0x80001848 (0x0d7109a3) mem 0x800128ad 0x64
core   0: 0x8000184c (0xf1711723) sh      s7, -242(sp)
core   0: 3 0x8000184c (0xf1711723) mem 0x800126e8 0x7e64
core   0: 0x80001850 (0x01a65533) srl     a0, a2, s10
core   0: 3 0x80001850 (0x01a65533) x10 0x800123e3
core   0: 0x80001854 (0x3d48b893) sltiu   a7, a7, 980
core   0: 3 0x80001854 (0x3d48b893) x17 0x00000000
core   0: 0x80001858 (0x01ddbb33) sltu    s6, s11, t4
core   0: 3 0x80001858 (0x01ddbb33) x22 0x00000000
core   0: 0x8000185c (0x2ad30993) addi    s3, t1, 685
core   0: 3 0x8000185c (0x2ad30993) x19 0x800131f6
core   0: 0x80001860 (0xff015d83) lhu     s11, -16(sp)
core   0: 3 0x80001860 (0xff015d83) x27 0x00000000 mem 0x800127ca
core   0: 0x80001864 (0x01211283) lh      t0, 18(sp)
core   0: 3 0x80001864 (0x01211283) x 5 0x000006e3 mem 0x800127ec
core   0: 0x80001868 (0x00011597) auipc   a1, 0x11
core   0: 3 0x80001868 (0x00011597) x11 0x80012868
core   0: 0x8000186c (0x59c58593) addi    a1, a1, 1436
core   0: 3 0x8000186c (0x59c58593) x11 0x80012e04
core   0: 0x80001870 (0x00011c97) auipc   s9, 0x11
core   0: 3 0x80001870 (0x00011c97) x25 0x80012870
core   0: 0x80001874 (0x219c8c93) addi    s9, s9, 537
core   0: 3 0x80001874 (0x219c8c93) x25 0x80012a89
core   0: 0x80001878 (0x00011e97) auipc   t4, 0x11
core   0: 3 0x80001878 (0x00011e97) x29 0x80012878
core   0: 0x8000187c (0xb6ae8e93) addi    t4, t4, -1174
core   0: 3 0x8000187c (0xb6ae8e93) x29 0x800123e2
core   0: 0x80001880 (0x00158683) lb      a3, 1(a1)
core   0: 3 0x80001880 (0x00158683) x13 0x00000000 mem 0x80012e05
core   0: 0x80001884 (0xffe58ba3) sb      t5, -9(a1)
core   0: 3 0x80001884 (0xffe58ba3) mem 0x80012dfb 0x0
core   0: 0x80001888 (0xff35c983) lbu     s3, -13(a1)
core   0: 3 0x80001888 (0xff35c983) x19 0x00000000 mem 0x80012df7
core   0: 0x8000188c (0xfc2c8683) lb      a3, -62(s9)
core   0: 3 0x8000188c (0xfc2c8683) x13 0x00000000 mem 0x80012a4b
core   0: 0x80001890 (0x52ee8f23) sb      a4, 1342(t4)
core   0: 3 0x80001890 (0x52ee8f23) mem 0x80012920 0x0
core   0: 0x80001894 (0xff158c03) lb      s8, -15(a1)
core   0: 3 0x80001894 (0xff158c03) x24 0x00000034 mem 0x80012df5
core   0: 0x80001898 (0x44ae9823) sh      a0, 1104(t4)
core   0: 3 0x80001898 (0x44ae9823) mem 0x80012832 0x23e3
core   0: 0x8000189c (0x0b4cc903) lbu     s2, 180(s9)
core   0: 3 0x8000189c (0x0b4cc903) x18 0x00000000 mem 0x80012b3d
core   0: 0x800018a0 (0x00c5af03) lw      t5, 12(a1)
core   0: 3 0x800018a0 (0x00c5af03) x30 0x00000000 mem 0x80012e10
core   0: 0x800018a4 (0x615e8383) lb      t2, 1557(t4)
core   0: 3 0x800018a4 (0x615e8383) x 7 0x00000000 mem 0x800129f7
core   0: 0x800018a8 (0xf10cc303) lbu     t1, -240(s9)
core   0: 3 0x800018a8 (0xf10cc303) x 6 0x00000000 mem 0x80012999
core   0: 0x800018ac (0x25cec083) lbu     ra, 604(t4)
core   0: 3 0x800018ac (0x25cec083) x 1 0x00000000 mem 0x8001263e
core   0: 0x800018b0 (0x00f58c03) lb      s8, 15(a1)
core   0: 3 0x800018b0 (0x00f58c03) x24 0x00000000 mem 0x80012e13
core   0: 0x800018b4 (0x01058303) lb      t1, 16(a1)
core   0: 3 0x800018b4 (0x01058303) x 6 0x00000000 mem 0x80012e14
core   0: 0x800018b8 (0x050ec303) lbu     t1, 80(t4)
core   0: 3 0x800018b8 (0x050ec303) x 6 0x00000000 mem 0x80012432
core   0: 0x800018bc (0x0bec8903) lb      s2, 190(s9)
core   0: 3 0x800018bc (0x0bec8903) x18 0x00000000 mem 0x80012b47
core   0: 0x800018c0 (0xff958983) lb      s3, -7(a1)
core   0: 3 0x800018c0 (0xff958983) x19 0x00000000 mem 0x80012dfd
core   0: 0x800018c4 (0xf36c8a03) lb      s4, -202(s9)
core   0: 3 0x800018c4 (0xf36c8a03) x20 0x00000000 mem 0x800129bf
core   0: 0x800018c8 (0x00011d97) auipc   s11, 0x11
core   0: 3 0x800018c8 (0x00011d97) x27 0x800128c8
core   0: 0x800018cc (0xbbfd8d93) addi    s11, s11, -1089
core   0: 3 0x800018cc (0xbbfd8d93) x27 0x80012487
core   0: 0x800018d0 (0x00503a33) snez    s4, t0
core   0: 3 0x800018d0 (0x00503a33) x20 0x00000001
core   0: 0x800018d4 (0xf3bdd203) lhu     tp, -197(s11)
core   0: 3 0x800018d4 (0xf3bdd203) x 4 0x00000000 mem 0x800123c2
core   0: 0x800018d8 (0x3f7dc383) lbu     t2, 1015(s11)
core   0: 3 0x800018d8 (0x3f7dc383) x 7 0x00000000 mem 0x8001287e
core   0: 0x800018dc (0x08bd8fa3) sb      a1, 159(s11)
core   0: 3 0x800018dc (0x08bd8fa3) mem 0x80012526 0x4
core   0: 0x800018e0 (0x011b9d13) slli    s10, s7, 17
core   0: 3 0x800018e0 (0x011b9d13) x26 0xfcc80000
core   0: 0x800018e4 (0x01a0a733) slt     a4, ra, s10
core   0: 3 0x800018e4 (0x01a0a733) x14 0x00000000
core   0: 0x800018e8 (0x7bed8983) lb      s3, 1982(s11)
core   0: 3 0x800018e8 (0x7bed8983) x19 0x00000000 mem 0x80012c45
core   0: 0x800018ec (0xbfad9ea3) sh      s10, -1027(s11)
core   0: 3 0x800018ec (0xbfad9ea3) mem 0x80012084 0x0000
core   0: 0x800018f0 (0x0000100f) fence.i
core   0: 3 0x800018f0 (0x0000100f)
core   0: 0x800018f4 (0xd2cdf793) andi    a5, s11, -724
core   0: 3 0x800018f4 (0xd2cdf793) x15 0x80012404
core   0: 0x800018f8 (0xd65d8b03) lb      s6, -667(s11)
core   0: 3 0x800018f8 (0xd65d8b03) x22 0x00000000 mem 0x800121ec
core   0: 0x800018fc (0xd13dcc83) lbu     s9, -749(s11)
core   0: 3 0x800018fc (0xd13dcc83) x25 0x00000000 mem 0x8001219a
core   0: 0x80001900 (0xc0bd8da3) sb      a1, -997(s11)
core   0: 3 0x80001900 (0xc0bd8da3) mem 0x800120a2 0x4
core   0: 0x80001904 (0xbd416b37) lui     s6, 0xbd416
core   0: 3 0x80001904 (0xbd416b37) x22 0xbd416000
core   0: 0x80001908 (0x168d8283) lb      t0, 360(s11)
core   0: 3 0x80001908 (0x168d8283) x 5 0x00000000 mem 0x800125ef
core   0: 0x8000190c (0x000d8203) lb      tp, 0(s11)
core   0: 3 0x8000190c (0x000d8203) x 4 0x00000000 mem 0x80012487
core   0: 0x80001910 (0x002e8033) add     zero, t4, sp
core   0: 3 0x80001910 (0x002e8033)
core   0: 0x80001914 (0x684d91a3) sh      tp, 1667(s11)
core   0: 3 0x80001914 (0x684d91a3) mem 0x80012b0a 0x0000
core   0: 0x80001918 (0xd1b0e013) ori     zero, ra, -741
core   0: 3 0x80001918 (0xd1b0e013)
core   0: 0x8000191c (0x00dc5013) srli    zero, s8, 13
core   0: 3 0x8000191c (0x00dc5013)
core   0: 0x80001920 (0x7fdd9da3) sh      t4, 2043(s11)
core   0: 3 0x80001920 (0x7fdd9da3) mem 0x80012c82 0x23e2
core   0: 0x80001924 (0xc1f22993) slti    s3, tp, -993
core   0: 3 0x80001924 (0xc1f22993) x19 0x00000000
core   0: 0x80001928 (0x604d8ba3) sb      tp, 1559(s11)
core   0: 3 0x80001928 (0x604d8ba3) mem 0x80012a9e 0x0
core   0: 0x8000192c (0xef8daaa3) sw      s8, -267(s11)
core   0: 3 0x8000192c (0xef8daaa3) mem 0x8001237c 0x00000000
core   0: 0x80001930 (0x01b50433) add     s0, a0, s11
core   0: 3 0x80001930 (0x01b50433) x 8 0x0002486a
core   0: 0x80001934 (0x25fdd283) lhu     t0, 607(s11)
core   0: 3 0x80001934 (0x25fdd283) x 5 0x00000000 mem 0x800126e6
core   0: 0x80001938 (0xcf0d8803) lb      a6, -784(s11)
core   0: 3 0x80001938 (0xcf0d8803) x16 0x00000000 mem 0x80012177
core   0: 0x8000193c (0x52284717) auipc   a4, 0x52284
core   0: 3 0x8000193c (0x52284717) x14 0xd228593c
core   0: 0x80001940 (0x50fd8c83) lb      s9, 1295(s11)
core   0: 3 0x80001940 (0x50fd8c83) x25 0xffffffe4 mem 0x80012996
core   0: 0x80001944 (0x002fb5b3) sltu    a1, t6, sp
core   0: 3 0x80001944 (0x002fb5b3) x11 0x00000001
core   0: 0x80001948 (0x2c1e1e17) auipc   t3, 0x2c1e1
core   0: 3 0x80001948 (0x2c1e1e17) x28 0xac1e2948
core   0: 0x8000194c (0x48fd8f03) lb      t5, 1167(s11)
core   0: 3 0x8000194c (0x48fd8f03) x30 0x00000000 mem 0x80012916
core   0: 0x80001950 (0x0125b6b3) sltu    a3, a1, s2
core   0: 3 0x80001950 (0x0125b6b3) x13 0x00000000
core   0: 0x80001954 (0x007498b3) sll     a7, s1, t2
core   0: 3 0x80001954 (0x007498b3) x17 0x8002bce4
core   0: 0x80001958 (0x734dc103) lbu     sp, 1844(s11)
core   0: 3 0x80001958 (0x734dc103) x 2 0x00000000 mem 0x80012bbb
core   0: 0x8000195c (0xe30d89a3) sb      a6, -461(s11)
core   0: 3 0x8000195c (0xe30d89a3) mem 0x800122ba 0x0
core   0: 0x80001960 (0xfedd8903) lb      s2, -19(s11)
core   0: 3 0x80001960 (0xfedd8903) x18 0x00000000 mem 0x80012474
core   0: 0x80001964 (0x0ff0000f) fence   iorw,iorw
core   0: 3 0x80001964 (0x0ff0000f)
core   0: 0x80001968 (0x4051de93) srai    t4, gp, 5
core   0: 3 0x80001968 (0x4051de93) x29 0x00000000
core   0: 0x8000196c (0x35ed8f03) lb      t5, 862(s11)
core   0: 3 0x8000196c (0x35ed8f03) x30 0x00000001 mem 0x800127e5
core   0: 0x80001970 (0x985c6793) ori     a5, s8, -1659
core   0: 3 0x80001970 (0x985c6793) x15 0xfffff985
core   0: 0x80001974 (0x272d8503) lb      a0, 626(s11)
core   0: 3 0x80001974 (0x272d8503) x10 0x00000000 mem 0x800126f9
core   0: 0x80001978 (0xe99d9303) lh      t1, -359(s11)
core   0: 3 0x80001978 (0xe99d9303) x 6 0x00000000 mem 0x80012320
core   0: 0x8000197c (0x7bcd8323) sb      t3, 1958(s11)
core   0: 3 0x8000197c (0x7bcd8323) mem 0x80012c2d 0x48
core   0: 0x80001980 (0x0eedaea3) sw      a4, 253(s11)
core   0: 3 0x80001980 (0x0eedaea3) mem 0x80012584 0xd228593c
core   0: 0x80001984 (0xe78d8803) lb      a6, -392(s11)
core   0: 3 0x80001984 (0xe78d8803) x16 0x00000000 mem 0x800122ff
core   0: 0x80001988 (0x01723533) sltu    a0, tp, s7
core   0: 3 0x80001988 (0x01723533) x10 0x00000001
core   0: 0x8000198c (0x080d8883) lb      a7, 128(s11)
core   0: 3 0x8000198c (0x080d8883) x17 0x00000000 mem 0x80012507
core   0: 0x80001990 (0xeead8903) lb      s2, -278(s11)
core   0: 3 0x80001990 (0xeead8903) x18 0x00000000 mem 0x80012371
core   0: 0x80001994 (0x054007ef) jal     a5, pc + 0x54
core   0: 3 0x80001994 (0x054007ef) x15 0x80001998
core   0: 0x800019e8 (0xff1ff2ef) jal     t0, pc - 0x10
core   0: 3 0x800019e8 (0xff1ff2ef) x 5 0x800019ec
core   0: 0x800019d8 (0xff9ffeef) jal     t4, pc - 0x8
core   0: 3 0x800019d8 (0xff9ffeef) x29 0x800019dc
core   0: 0x800019d0 (0xfedff0ef) jal     pc - 0x14
core   0: 3 0x800019d0 (0xfedff0ef) x 1 0x800019d4
core   0: 0x800019bc (0x034000ef) jal     pc + 0x34
core   0: 3 0x800019bc (0x034000ef) x 1 0x800019c0
core   0: 0x800019f0 (0xfbdff36f) jal     t1, pc - 0x44
core   0: 3 0x800019f0 (0xfbdff36f) x 6 0x800019f4
core   0: 0x800019ac (0xfedff0ef) jal     pc - 0x14
core   0: 3 0x800019ac (0xfedff0ef) x 1 0x800019b0
core   0: 0x80001998 (0x060000ef) jal     pc + 0x60
core   0: 3 0x80001998 (0x060000ef) x 1 0x8000199c
core   0: 0x800019f8 (0xff5ff0ef) jal     pc - 0xc
core   0: 3 0x800019f8 (0xff5ff0ef) x 1 0x800019fc
core   0: 0x800019ec (0xff9ff0ef) jal     pc - 0x8
core   0: 3 0x800019ec (0xff9ff0ef) x 1 0x800019f0
core   0: 0x800019e4 (0xffdfff6f) jal     t5, pc - 0x4
core   0: 3 0x800019e4 (0xffdfff6f) x30 0x800019e8
core   0: 0x800019e0 (0xfc9ff0ef) jal     pc - 0x38
core   0: 3 0x800019e0 (0xfc9ff0ef) x 1 0x800019e4
core   0: 0x800019a8 (0x04c000ef) jal     pc + 0x4c
core   0: 3 0x800019a8 (0x04c000ef) x 1 0x800019ac
core   0: 0x800019f4 (0xfd9ff36f) jal     t1, pc - 0x28
core   0: 3 0x800019f4 (0xfd9ff36f) x 6 0x800019f8
core   0: 0x800019cc (0xfd9ff2ef) jal     t0, pc - 0x28
core   0: 3 0x800019cc (0xfd9ff2ef) x 5 0x800019d0
core   0: 0x800019a4 (0x00c000ef) jal     pc + 0xc
core   0: 3 0x800019a4 (0x00c000ef) x 1 0x800019a8
core   0: 0x800019b0 (0x018002ef) jal     t0, pc + 0x18
core   0: 3 0x800019b0 (0x018002ef) x 5 0x800019b4
core   0: 0x800019c8 (0x00c000ef) jal     pc + 0xc
core   0: 3 0x800019c8 (0x00c000ef) x 1 0x800019cc
core   0: 0x800019d4 (0xfe1ff2ef) jal     t0, pc - 0x20
core   0: 3 0x800019d4 (0xfe1ff2ef) x 5 0x800019d8
core   0: 0x800019b4 (0x0040036f) jal     t1, pc + 0x4
core   0: 3 0x800019b4 (0x0040036f) x 6 0x800019b8
core   0: 0x800019b8 (0xfe9ff36f) jal     t1, pc - 0x18
core   0: 3 0x800019b8 (0xfe9ff36f) x 6 0x800019bc
core   0: 0x800019a0 (0x024000ef) jal     pc + 0x24
core   0: 3 0x800019a0 (0x024000ef) x 1 0x800019a4
core   0: 0x800019c4 (0x03c000ef) jal     pc + 0x3c
core   0: 3 0x800019c4 (0x03c000ef) x 1 0x800019c8
core   0: 0x80001a00 (0xffdfffef) jal     t6, pc - 0x4
core   0: 3 0x80001a00 (0xffdfffef) x31 0x80001a04
core   0: 0x800019fc (0xfa1ff0ef) jal     pc - 0x60
core   0: 3 0x800019fc (0xfa1ff0ef) x 1 0x80001a00
core   0: 0x8000199c (0x0240076f) jal     a4, pc + 0x24
core   0: 3 0x8000199c (0x0240076f) x14 0x800019a0
core   0: 0x800019c0 (0x01c0056f) jal     a0, pc + 0x1c
core   0: 3 0x800019c0 (0x01c0056f) x10 0x800019c4
core   0: 0x800019dc (0x028000ef) jal     pc + 0x28
core   0: 3 0x800019dc (0x028000ef) x 1 0x800019e0
core   0: 0x80001a04 (0x01fcda13) srli    s4, s9, 31
core   0: 3 0x80001a04 (0x01fcda13) x20 0x00000001
core   0: 0x80001a08 (0x00010617) auipc   a2, 0x10
core   0: 3 0x80001a08 (0x00010617) x12 0x80011a08
core   0: 0x80001a0c (0x78e60613) addi    a2, a2, 1934
core   0: 3 0x80001a0c (0x78e60613) x12 0x80012196
core   0: 0x80001a10 (0x0be65503) lhu     a0, 190(a2)
core   0: 3 0x80001a10 (0x0be65503) x10 0x00000000 mem 0x80012254
core   0: 0x80001a14 (0xfa9609a3) sb      s1, -77(a2)
core   0: 3 0x80001a14 (0xfa9609a3) mem 0x80012149 0xe4
core   0: 0x80001a18 (0x03861323) sh      s8, 38(a2)
core   0: 3 0x80001a18 (0x03861323) mem 0x800121bc 0x0000
core   0: 0x80001a1c (0x01364203) lbu     tp, 19(a2)
core   0: 3 0x80001a1c (0x01364203) x 4 0x00000000 mem 0x800121a9
core   0: 0x80001a20 (0x00000013) nop
core   0: 3 0x80001a20 (0x00000013)
core   0: 0x80001a24 (0xba5d8313) addi    t1, s11, -1115
core   0: 3 0x80001a24 (0xba5d8313) x 6 0x8001202c
core   0: 0x80001a28 (0x0ff0000f) fence   iorw,iorw
core   0: 3 0x80001a28 (0x0ff0000f)
core   0: 0x80001a2c (0x05064103) lbu     sp, 80(a2)
core   0: 3 0x80001a2c (0x05064103) x 2 0x00000000 mem 0x800121e6
core   0: 0x80001a30 (0xfbd64783) lbu     a5, -67(a2)
core   0: 3 0x80001a30 (0xfbd64783) x15 0x00000000 mem 0x80012153
core   0: 0x80001a34 (0x018d2a33) slt     s4, s10, s8
core   0: 3 0x80001a34 (0x018d2a33) x20 0x00000001
core   0: 0x80001a38 (0x00c51833) sll     a6, a0, a2
core   0: 3 0x80001a38 (0x00c51833) x16 0x00000000
core   0: 0x80001a3c (0xf1364783) lbu     a5, -237(a2)
core   0: 3 0x80001a3c (0xf1364783) x15 0x00000000 mem 0x800120a9
core   0: 0x80001a40 (0x871ff993) andi    s3, t6, -1935
core   0: 3 0x80001a40 (0x871ff993) x19 0x80001800
core   0: 0x80001a44 (0x015d9093) slli    ra, s11, 21
core   0: 3 0x80001a44 (0x015d9093) x 1 0x90e00000
core   0: 0x80001a48 (0xfba60ca3) sb      s10, -71(a2)
core   0: 3 0x80001a48 (0xfba60ca3) mem 0x8001214f 0x0
core   0: 0x80001a4c (0x01959333) sll     t1, a1, s9
core   0: 3 0x80001a4c (0x01959333) x 6 0x00000010
core   0: 0x80001a50 (0xf0f60983) lb      s3, -241(a2)
core   0: 3 0x80001a50 (0xf0f60983) x19 0x00000000 mem 0x800120a5
core   0: 0x80001a54 (0xfa060fa3) sb      zero, -65(a2)
core   0: 3 0x80001a54 (0xfa060fa3) mem 0x80012155 0x0
core   0: 0x80001a58 (0xf6a65f83) lhu     t6, -150(a2)
core   0: 3 0x80001a58 (0xf6a65f83) x31 0x0000cc00 mem 0x80012100
core   0: 0x80001a5c (0x0ff0000f) fence   iorw,iorw
core   0: 3 0x80001a5c (0x0ff0000f)
core   0: 0x80001a60 (0x0be605a3) sb      t5, 171(a2)
core   0: 3 0x80001a60 (0x0be605a3) mem 0x80012241 0xe8
core   0: 0x80001a64 (0xe4770313) addi    t1, a4, -441
core   0: 3 0x80001a64 (0xe4770313) x 6 0x800017e7
core   0: 0x80001a68 (0x79564e13) xori    t3, a2, 1941
core   0: 3 0x80001a68 (0x79564e13) x28 0x80012603
core   0: 0x80001a6c (0xf3461b03) lh      s6, -204(a2)
core   0: 3 0x80001a6c (0xf3461b03) x22 0x00000000 mem 0x800120ca
core   0: 0x80001a70 (0x0126c033) xor     zero, a3, s2
core   0: 3 0x80001a70 (0x0126c033)
core   0: 0x80001a74 (0x07a64803) lbu     a6, 122(a2)
core   0: 3 0x80001a74 (0x07a64803) x16 0x00000000 mem 0x80012210
core   0: 0x80001a78 (0x40fb0b33) sub     s6, s6, a5
core   0: 3 0x80001a78 (0x40fb0b33) x22 0x00000000
core   0: 0x80001a7c (0x021605a3) sb      ra, 43(a2)
core   0: 3 0x80001a7c (0x021605a3) mem 0x800121c1 0x0
core   0: 0x80001a80 (0x03064903) lbu     s2, 48(a2)
core   0: 3 0x80001a80 (0x03064903) x18 0x00000000 mem 0x800121c6
core   0: 0x80001a84 (0x05864003) lbu     zero, 88(a2)
core   0: 3 0x80001a84 (0x05864003) mem 0x800121ee
core   0: 0x80001a88 (0x016ef333) and     t1, t4, s6
core   0: 3 0x80001a88 (0x016ef333) x 6 0x00000000
core   0: 0x80001a8c (0x04e61a23) sh      a4, 84(a2)
core   0: 3 0x80001a8c (0x04e61a23) mem 0x800121ea 0x19a0
core   0: 0x80001a90 (0x06a64e03) lbu     t3, 106(a2)
core   0: 3 0x80001a90 (0x06a64e03) x28 0x00000000 mem 0x80012200
core   0: 0x80001a94 (0x01ee8d33) add     s10, t4, t5
core   0: 3 0x80001a94 (0x01ee8d33) x26 0x000033c4
core   0: 0x80001a98 (0x09964083) lbu     ra, 153(a2)
core   0: 3 0x80001a98 (0x09964083) x 1 0x00000000 mem 0x8001222f
core   0: 0x80001a9c (0x409d5993) srai    s3, s10, 9
core   0: 3 0x80001a9c (0x409d5993) x19 0x00000019
core   0: 0x80001aa0 (0x01c61303) lh      t1, 28(a2)
core   0: 3 0x80001aa0 (0x01c61303) x 6 0x00000000 mem 0x800121b2
core   0: 0x80001aa4 (0x03c007ef) jal     a5, pc + 0x3c
core   0: 3 0x80001aa4 (0x03c007ef) x15 0x80001aa8
core   0: 0x80001ae0 (0xfedff6ef) jal     a3, pc - 0x14
core   0: 3 0x80001ae0 (0xfedff6ef) x13 0x80001ae4
core   0: 0x80001acc (0xff5ff0ef) jal     pc - 0xc
core   0: 3 0x80001acc (0xff5ff0ef) x 1 0x80001ad0
core   0: 0x80001ac0 (0xffdff0ef) jal     pc - 0x4
core   0: 3 0x80001ac0 (0xffdff0ef) x 1 0x80001ac4
core   0: 0x80001abc (0xff9ff0ef) jal     pc - 0x8
core   0: 3 0x80001abc (0xff9ff0ef) x 1 0x80001ac0
core   0: 0x80001ab4 (0x01c0036f) jal     t1, pc + 0x1c
core   0: 3 0x80001ab4 (0x01c0036f) x 6 0x80001ab8
core   0: 0x80001ad0 (0xff5ff0ef) jal     pc - 0xc
core   0: 3 0x80001ad0 (0xff5ff0ef) x 1 0x80001ad4
core   0: 0x80001ac4 (0xfe9ff0ef) jal     pc - 0x18
core   0: 3 0x80001ac4 (0xfe9ff0ef) x 1 0x80001ac8
core   0: 0x80001aac (0x044000ef) jal     pc + 0x44
core   0: 3 0x80001aac (0x044000ef) x 1 0x80001ab0
core   0: 0x80001af0 (0xfc1ff8ef) jal     a7, pc - 0x40
core   0: 3 0x80001af0 (0xfc1ff8ef) x17 0x80001af4
core   0: 0x80001ab0 (0x034000ef) jal     pc + 0x34
core   0: 3 0x80001ab0 (0x034000ef) x 1 0x80001ab4
core   0: 0x80001ae4 (0xfc5ff16f) jal     sp, pc - 0x3c
core   0: 3 0x80001ae4 (0xfc5ff16f) x 2 0x80001ae8
core   0: 0x80001aa8 (0x0100036f) jal     t1, pc + 0x10
core   0: 3 0x80001aa8 (0x0100036f) x 6 0x80001aac
core   0: 0x80001ab8 (0x020000ef) jal     pc + 0x20
core   0: 3 0x80001ab8 (0x020000ef) x 1 0x80001abc
core   0: 0x80001ad8 (0x0240036f) jal     t1, pc + 0x24
core   0: 3 0x80001ad8 (0x0240036f) x 6 0x80001adc
core   0: 0x80001afc (0xfedff1ef) jal     gp, pc - 0x14
core   0: 3 0x80001afc (0xfedff1ef) x 3 0x80001b00
core   0: 0x80001ae8 (0x00c0036f) jal     t1, pc + 0xc
core   0: 3 0x80001ae8 (0x00c0036f) x 6 0x80001aec
core   0: 0x80001af4 (0x00c000ef) jal     pc + 0xc
core   0: 3 0x80001af4 (0x00c000ef) x 1 0x80001af8
core   0: 0x80001b00 (0xfedff0ef) jal     pc - 0x14
core   0: 3 0x80001b00 (0xfedff0ef) x 1 0x80001b04
core   0: 0x80001aec (0x00c000ef) jal     pc + 0xc
core   0: 3 0x80001aec (0x00c000ef) x 1 0x80001af0
core   0: 0x80001af8 (0xfddff0ef) jal     pc - 0x24
core   0: 3 0x80001af8 (0xfddff0ef) x 1 0x80001afc
core   0: 0x80001ad4 (0x00800eef) jal     t4, pc + 0x8
core   0: 3 0x80001ad4 (0x00800eef) x29 0x80001ad8
core   0: 0x80001adc (0xfedff1ef) jal     gp, pc - 0x14
core   0: 3 0x80001adc (0xfedff1ef) x 3 0x80001ae0
core   0: 0x80001ac8 (0x03c000ef) jal     pc + 0x3c
core   0: 3 0x80001ac8 (0x03c000ef) x 1 0x80001acc
core   0: 0x80001b04 (0xeefead13) slti    s10, t4, -273
core   0: 3 0x80001b04 (0xeefead13) x26 0x00000001
core   0: 0x80001b08 (0x00011097) auipc   ra, 0x11
core   0: 3 0x80001b08 (0x00011097) x 1 0x80012b08
core   0: 0x80001b0c (0x60b08093) addi    ra, ra, 1547
core   0: 3 0x80001b0c (0x60b08093) x 1 0x80013113
core   0: 0x80001b10 (0x00015517) auipc   a0, 0x15
core   0: 3 0x80001b10 (0x00015517) x10 0x80016b10
core   0: 0x80001b14 (0x9e650513) addi    a0, a0, -1562
core   0: 3 0x80001b14 (0x9e650513) x10 0x800164f6
core   0: 0x80001b18 (0x05751023) sh      s7, 64(a0)
core   0: 3 0x80001b18 (0x05751023) mem 0x80016536 0x7e64
core   0: 0x80001b1c (0x0001fd17) auipc   s10, 0x1f
core   0: 3 0x80001b1c (0x0001fd17) x26 0x80020b1c
core   0: 0x80001b20 (0xb95d0d13) addi    s10, s10, -1131
core   0: 3 0x80001b20 (0xb95d0d13) x26 0x800206b1
core   0: 0x80001b24 (0xfe550823) sb      t0, -16(a0)
core   0: 3 0x80001b24 (0xfe550823) mem 0x800164e6 0xd8
core   0: 0x80001b28 (0x03050fa3) sb      a6, 63(a0)
core   0: 3 0x80001b28 (0x03050fa3) mem 0x80016535 0x0
core   0: 0x80001b2c (0x00f093a3) sh      a5, 7(ra)
core   0: 3 0x80001b2c (0x00f093a3) mem 0x8001311a 0x1aa8
core   0: 0x80001b30 (0xffdd1903) lh      s2, -3(s10)
core   0: 3 0x80001b30 (0xffdd1903) x18 0x00000000 mem 0x800206ae
core   0: 0x80001b34 (0x016500a3) sb      s6, 1(a0)
core   0: 3 0x80001b34 (0x016500a3) mem 0x800164f7 0x0
core   0: 0x80001b38 (0x005d0103) lb      sp, 5(s10)
core   0: 3 0x80001b38 (0x005d0103) x 2 0x00000000 mem 0x800206b6
core   0: 0x80001b3c (0xff208383) lb      t2, -14(ra)
core   0: 3 0x80001b3c (0xff208383) x 7 0x00000000 mem 0x80013105
core   0: 0x80001b40 (0xfd252d83) lw      s11, -46(a0)
core   0: 3 0x80001b40 (0xfd252d83) x27 0x00000000 mem 0x800164c8
core   0: 0x80001b44 (0x00d08223) sb      a3, 4(ra)
core   0: 3 0x80001b44 (0x00d08223) mem 0x80013117 0xe4
core   0: 0x80001b48 (0xff2d4283) lbu     t0, -14(s10)
core   0: 3 0x80001b48 (0xff2d4283) x 5 0x00000000 mem 0x800206a3
core   0: 0x80001b4c (0x00bd5703) lhu     a4, 11(s10)
core   0: 3 0x80001b4c (0x00bd5703) x14 0x00000000 mem 0x800206bc
core   0: 0x80001b50 (0x01808723) sb      s8, 14(ra)
core   0: 3 0x80001b50 (0x01808723) mem 0x80013121 0x0
core   0: 0x80001b54 (0x01b08323) sb      s11, 6(ra)
core   0: 3 0x80001b54 (0x01b08323) mem 0x80013119 0x0
core   0: 0x80001b58 (0xfcf50ba3) sb      a5, -41(a0)
core   0: 3 0x80001b58 (0xfcf50ba3) mem 0x800164cd 0xa8
core   0: 0x80001b5c (0x02950283) lb      t0, 41(a0)
core   0: 3 0x80001b5c (0x02950283) x 5 0x00000000 mem 0x8001651f
core   0: 0x80001b60 (0x013d21a3) sw      s3, 3(s10)
core   0: 3 0x80001b60 (0x013d21a3) mem 0x800206b4 0x00000019
core   0: 0x80001b64 (0x00000513) li      a0, 0
core   0: 3 0x80001b64 (0x00000513) x10 0x00000000
core   0: 0x80001b68 (0x78c38893) addi    a7, t2, 1932
core   0: 3 0x80001b68 (0x78c38893) x17 0x0000078c
core   0: 0x80001b6c (0x013de6b3) or      a3, s11, s3
core   0: 3 0x80001b6c (0x013de6b3) x13 0x00000019
core   0: 0x80001b70 (0xff400393) li      t2, -12
core   0: 3 0x80001b70 (0xff400393) x 7 0xfffffff4
core   0: 0x80001b74 (0x01f4b033) sltu    zero, s1, t6
core   0: 3 0x80001b74 (0x01f4b033)
core   0: 0x80001b78 (0x01993a33) sltu    s4, s2, s9
core   0: 3 0x80001b78 (0x01993a33) x20 0x00000001
core   0: 0x80001b7c (0x282ca913) slti    s2, s9, 642
core   0: 3 0x80001b7c (0x282ca913) x18 0x00000001
core   0: 0x80001b80 (0x00d31cb3) sll     s9, t1, a3
core   0: 3 0x80001b80 (0x00d31cb3) x25 0xd8000000
core   0: 0x80001b84 (0xffa50513) addi    a0, a0, -6
core   0: 3 0x80001b84 (0xffa50513) x10 0xfffffffa
core   0: 0x80001b88 (0x01e7dc33) srl     s8, a5, t5
core   0: 3 0x80001b88 (0x01e7dc33) x24 0x0080001a
core   0: 0x80001b8c (0x03bfc193) xori    gp, t6, 59
core   0: 3 0x80001b8c (0x03bfc193) x 3 0x0000cc3b
core   0: 0x80001b90 (0xd202a713) slti    a4, t0, -736
core   0: 3 0x80001b90 (0xd202a713) x14 0x00000000
core   0: 0x80001b94 (0x0ff0000f) fence   iorw,iorw
core   0: 3 0x80001b94 (0x0ff0000f)
core   0: 0x80001b98 (0x000cfdb3) and     s11, s9, zero
core   0: 3 0x80001b98 (0x000cfdb3) x27 0x00000000
core   0: 0x80001b9c (0x13ba2293) slti    t0, s4, 315
core   0: 3 0x80001b9c (0x13ba2293) x 5 0x00000001
core   0: 0x80001ba0 (0x4034d813) srai    a6, s1, 3
core   0: 3 0x80001ba0 (0x4034d813) x16 0xf000579c
core   0: 0x80001ba4 (0x6c89c593) xori    a1, s3, 1736
core   0: 3 0x80001ba4 (0x6c89c593) x11 0x000006d1
core   0: 0x80001ba8 (0x01856c33) or      s8, a0, s8
core   0: 3 0x80001ba8 (0x01856c33) x24 0xfffffffa
core   0: 0x80001bac (0xfc7508e3) beq     a0, t2, pc - 48
core   0: 3 0x80001bac (0xfc7508e3)
core   0: 0x80001bb0 (0x0ff0000f) fence   iorw,iorw
core   0: 3 0x80001bb0 (0x0ff0000f)
core   0: 0x80001bb4 (0x054007ef) jal     a5, pc + 0x54
core   0: 3 0x80001bb4 (0x054007ef) x15 0x80001bb8
core   0: 0x80001c08 (0xffdff0ef) jal     pc - 0x4
core   0: 3 0x80001c08 (0xffdff0ef) x 1 0x80001c0c
core   0: 0x80001c04 (0xff5ff0ef) jal     pc - 0xc
core   0: 3 0x80001c04 (0xff5ff0ef) x 1 0x80001c08
core   0: 0x80001bf8 (0xff1ff7ef) jal     a5, pc - 0x10
core   0: 3 0x80001bf8 (0xff1ff7ef) x15 0x80001bfc
core   0: 0x80001be8 (0xfd5ff0ef) jal     pc - 0x2c
core   0: 3 0x80001be8 (0xfd5ff0ef) x 1 0x80001bec
core   0: 0x80001bbc (0xffdff0ef) jal     pc - 0x4
core   0: 3 0x80001bbc (0xffdff0ef) x 1 0x80001bc0
core   0: 0x80001bb8 (0x038000ef) jal     pc + 0x38
core   0: 3 0x80001bb8 (0x038000ef) x 1 0x80001bbc
core   0: 0x80001bf0 (0x0280036f) jal     t1, pc + 0x28
core   0: 3 0x80001bf0 (0x0280036f) x 6 0x80001bf4
core   0: 0x80001c18 (0xfd5ffc6f) jal     s8, pc - 0x2c
core   0: 3 0x80001c18 (0xfd5ffc6f) x24 0x80001c1c
core   0: 0x80001bec (0x0300036f) jal     t1, pc + 0x30
core   0: 3 0x80001bec (0x0300036f) x 6 0x80001bf0
core   0: 0x80001c1c (0xfd9ff0ef) jal     pc - 0x28
core   0: 3 0x80001c1c (0xfd9ff0ef) x 1 0x80001c20
core   0: 0x80001bf4 (0xfcdff96f) jal     s2, pc - 0x34
core   0: 3 0x80001bf4 (0xfcdff96f) x18 0x80001bf8
core   0: 0x80001bc0 (0x0540076f) jal     a4, pc + 0x54
core   0: 3 0x80001bc0 (0x0540076f) x14 0x80001bc4
core   0: 0x80001c14 (0xfc5ff6ef) jal     a3, pc - 0x3c
core   0: 3 0x80001c14 (0xfc5ff6ef) x13 0x80001c18
core   0: 0x80001bd8 (0xfedff16f) jal     sp, pc - 0x14
core   0: 3 0x80001bd8 (0xfedff16f) x 2 0x80001bdc
core   0: 0x80001bc4 (0x03c000ef) jal     pc + 0x3c
core   0: 3 0x80001bc4 (0x03c000ef) x 1 0x80001bc8
core   0: 0x80001c00 (0xfddff0ef) jal     pc - 0x24
core   0: 3 0x80001c00 (0xfddff0ef) x 1 0x80001c04
core   0: 0x80001bdc (0x004000ef) jal     pc + 0x4
core   0: 3 0x80001bdc (0x004000ef) x 1 0x80001be0
core   0: 0x80001be0 (0x01c000ef) jal     pc + 0x1c
core   0: 3 0x80001be0 (0x01c000ef) x 1 0x80001be4
core   0: 0x80001bfc (0x014000ef) jal     pc + 0x14
core   0: 3 0x80001bfc (0x014000ef) x 1 0x80001c00
core   0: 0x80001c10 (0xffdff0ef) jal     pc - 0x4
core   0: 3 0x80001c10 (0xffdff0ef) x 1 0x80001c14
core   0: 0x80001c0c (0xfbdff0ef) jal     pc - 0x44
core   0: 3 0x80001c0c (0xfbdff0ef) x 1 0x80001c10
core   0: 0x80001bc8 (0x004000ef) jal     pc + 0x4
core   0: 3 0x80001bc8 (0x004000ef) x 1 0x80001bcc
core   0: 0x80001bcc (0x004000ef) jal     pc + 0x4
core   0: 3 0x80001bcc (0x004000ef) x 1 0x80001bd0
core   0: 0x80001bd0 (0x0040026f) jal     tp, pc + 0x4
core   0: 3 0x80001bd0 (0x0040026f) x 4 0x80001bd4
core   0: 0x80001bd4 (0x0100066f) jal     a2, pc + 0x10
core   0: 3 0x80001bd4 (0x0100066f) x12 0x80001bd8
core   0: 0x80001be4 (0x03c0036f) jal     t1, pc + 0x3c
core   0: 3 0x80001be4 (0x03c0036f) x 6 0x80001be8
core   0: 0x80001c20 (0x004000ef) jal     pc + 0x4
core   0: 3 0x80001c20 (0x004000ef) x 1 0x80001c24
core   0: 0x80001c24 (0x0062d9b3) srl     s3, t0, t1
core   0: 3 0x80001c24 (0x0062d9b3) x19 0x00000000
core   0: 0x80001c28 (0x0001b117) auipc   sp, 0x1b
core   0: 3 0x80001c28 (0x0001b117) x 2 0x8001cc28
core   0: 0x80001c2c (0x96710113) addi    sp, sp, -1689
core   0: 3 0x80001c2c (0x96710113) x 2 0x8001c58f
core   0: 0x80001c30 (0x01f01233) sll     tp, zero, t6
core   0: 3 0x80001c30 (0x01f01233) x 4 0x00000000
core   0: 0x80001c34 (0xfca10523) sb      a0, -54(sp)
core   0: 3 0x80001c34 (0xfca10523) mem 0x8001c559 0xfa
core   0: 0x80001c38 (0xfca14d03) lbu     s10, -54(sp)
core   0: 3 0x80001c38 (0xfca14d03) x26 0x000000fa mem 0x8001c559
core   0: 0x80001c3c (0xff2107a3) sb      s2, -17(sp)
core   0: 3 0x80001c3c (0xff2107a3) mem 0x8001c57e 0xf8
core   0: 0x80001c40 (0x03d11983) lh      s3, 61(sp)
core   0: 3 0x80001c40 (0x03d11983) x19 0x00000000 mem 0x8001c5cc
core   0: 0x80001c44 (0x03d10003) lb      zero, 61(sp)
core   0: 3 0x80001c44 (0x03d10003) mem 0x8001c5cc
core   0: 0x80001c48 (0x40ded5b3) sra     a1, t4, a3
core   0: 3 0x80001c48 (0x40ded5b3) x11 0xffffff80
core   0: 0x80001c4c (0x03c10203) lb      tp, 60(sp)
core   0: 3 0x80001c4c (0x03c10203) x 4 0x00000000 mem 0x8001c5cb
core   0: 0x80001c50 (0x00a10c03) lb      s8, 10(sp)
core   0: 3 0x80001c50 (0x00a10c03) x24 0x00000000 mem 0x8001c599
core   0: 0x80001c54 (0x01910523) sb      s9, 10(sp)
core   0: 3 0x80001c54 (0x01910523) mem 0x8001c599 0x0
core   0: 0x80001c58 (0xffc10f83) lb      t6, -4(sp)
core   0: 3 0x80001c58 (0xffc10f83) x31 0x00000000 mem 0x8001c58b
core   0: 0x80001c5c (0x00d77433) and     s0, a4, a3
core   0: 3 0x80001c5c (0x00d77433) x 8 0x80001800
core   0: 0x80001c60 (0xffc14303) lbu     t1, -4(sp)
core   0: 3 0x80001c60 (0xffc14303) x 6 0x00000000 mem 0x8001c58b
core   0: 0x80001c64 (0xffc14403) lbu     s0, -4(sp)
core   0: 3 0x80001c64 (0xffc14403) x 8 0x00000000 mem 0x8001c58b
core   0: 0x80001c68 (0x0ff0000f) fence   iorw,iorw
core   0: 3 0x80001c68 (0x0ff0000f)
core   0: 0x80001c6c (0xff610e23) sb      s6, -4(sp)
core   0: 3 0x80001c6c (0xff610e23) mem 0x8001c58b 0x0
core   0: 0x80001c70 (0x01071593) slli    a1, a4, 16
core   0: 3 0x80001c70 (0x01071593) x11 0x1bc40000
core   0: 0x80001c74 (0xffc10f83) lb      t6, -4(sp)
core   0: 3 0x80001c74 (0xffc10f83) x31 0x00000000 mem 0x8001c58b
core   0: 0x80001c78 (0xffc10703) lb      a4, -4(sp)
core   0: 3 0x80001c78 (0xffc10703) x14 0x00000000 mem 0x8001c58b
core   0: 0x80001c7c (0xfe214203) lbu     tp, -30(sp)
core   0: 3 0x80001c7c (0xfe214203) x 4 0x00000000 mem 0x8001c571
core   0: 0x80001c80 (0x00011897) auipc   a7, 0x11
core   0: 3 0x80001c80 (0x00011897) x17 0x80012c80
core   0: 0x80001c84 (0xf9188893) addi    a7, a7, -111
core   0: 3 0x80001c84 (0xf9188893) x17 0x80012c11
core   0: 0x80001c88 (0x00189183) lh      gp, 1(a7)
core   0: 3 0x80001c88 (0x00189183) x 3 0x00000000 mem 0x80012c12
core   0: 0x80001c8c (0x0018c083) lbu     ra, 1(a7)
core   0: 3 0x80001c8c (0x0018c083) x 1 0x00000000 mem 0x80012c12
core   0: 0x80001c90 (0xffd8d983) lhu     s3, -3(a7)
core   0: 3 0x80001c90 (0xffd8d983) x19 0x00000000 mem 0x80012c0e
core   0: 0x80001c94 (0x018f5613) srli    a2, t5, 24
core   0: 3 0x80001c94 (0x018f5613) x12 0x00000080
core   0: 0x80001c98 (0xff389c03) lh      s8, -13(a7)
core   0: 3 0x80001c98 (0xff389c03) x24 0x00000000 mem 0x80012c04
core   0: 0x80001c9c (0xff38ce83) lbu     t4, -13(a7)
core   0: 3 0x80001c9c (0xff38ce83) x29 0x00000000 mem 0x80012c04
core   0: 0x80001ca0 (0xff5889a3) sb      s5, -13(a7)
core   0: 3 0x80001ca0 (0xff5889a3) mem 0x80012c04 0xbb
core   0: 0x80001ca4 (0xffe889a3) sb      t5, -13(a7)
core   0: 3 0x80001ca4 (0xffe889a3) mem 0x80012c04 0xe8
core   0: 0x80001ca8 (0xff38c903) lbu     s2, -13(a7)
core   0: 3 0x80001ca8 (0xff38c903) x18 0x000000e8 mem 0x80012c04
core   0: 0x80001cac (0x40255533) sra     a0, a0, sp
core   0: 3 0x80001cac (0x40255533) x10 0xffffffff
core   0: 0x80001cb0 (0x403bd113) srai    sp, s7, 3
core   0: 3 0x80001cb0 (0x403bd113) x 2 0xf0004fcc
core   0: 0x80001cb4 (0xff388c03) lb      s8, -13(a7)
core   0: 3 0x80001cb4 (0xff388c03) x24 0xffffffe8 mem 0x80012c04
core   0: 0x80001cb8 (0xff389703) lh      a4, -13(a7)
core   0: 3 0x80001cb8 (0xff389703) x14 0x000000e8 mem 0x80012c04
core   0: 0x80001cbc (0xff38a803) lw      a6, -13(a7)
core   0: 3 0x80001cbc (0xff38a803) x16 0x000000e8 mem 0x80012c04
core   0: 0x80001cc0 (0x00f88223) sb      a5, 4(a7)
core   0: 3 0x80001cc0 (0x00f88223) mem 0x80012c15 0xfc
core   0: 0x80001cc4 (0x00488d83) lb      s11, 4(a7)
core   0: 3 0x80001cc4 (0x00488d83) x27 0xfffffffc mem 0x80012c15
core   0: 0x80001cc8 (0x00011117) auipc   sp, 0x11
core   0: 3 0x80001cc8 (0x00011117) x 2 0x80012cc8
core   0: 0x80001ccc (0x12910113) addi    sp, sp, 297
core   0: 3 0x80001ccc (0x12910113) x 2 0x80012df1
core   0: 0x80001cd0 (0x016ad593) srli    a1, s5, 22
core   0: 3 0x80001cd0 (0x016ad593) x11 0x000003f6
core   0: 0x80001cd4 (0xfe810823) sb      s0, -16(sp)
core   0: 3 0x80001cd4 (0xfe810823) mem 0x80012de1 0x0
core   0: 0x80001cd8 (0xffa14e83) lbu     t4, -6(sp)
core   0: 3 0x80001cd8 (0xffa14e83) x29 0x00000000 mem 0x80012deb
core   0: 0x80001cdc (0x01c14583) lbu     a1, 28(sp)
core   0: 3 0x80001cdc (0x01c14583) x11 0x00000000 mem 0x80012e0d
core   0: 0x80001ce0 (0x04ec8c93) addi    s9, s9, 78
core   0: 3 0x80001ce0 (0x04ec8c93) x25 0xd800004e
core   0: 0x80001ce4 (0xfd711ca3) sh      s7, -39(sp)
core   0: 3 0x80001ce4 (0xfd711ca3) mem 0x80012dca 0x7e64
core   0: 0x80001ce8 (0xc4c7a1b7) lui     gp, 0xc4c7a
core   0: 3 0x80001ce8 (0xc4c7a1b7) x 3 0xc4c7a000
core   0: 0x80001cec (0xfd610303) lb      t1, -42(sp)
core   0: 3 0x80001cec (0xfd610303) x 6 0x00000000 mem 0x80012dc7
core   0: 0x80001cf0 (0x00c100b3) add     ra, sp, a2
core   0: 3 0x80001cf0 (0x00c100b3) x 1 0x80012e71
core   0: 0x80001cf4 (0x032bb313) sltiu   t1, s7, 50
core   0: 3 0x80001cf4 (0x032bb313) x 6 0x00000000
core   0: 0x80001cf8 (0xdb4d4893) xori    a7, s10, -588
core   0: 3 0x80001cf8 (0xdb4d4893) x17 0xfffffd4e
core   0: 0x80001cfc (0x401fd893) srai    a7, t6, 1
core   0: 3 0x80001cfc (0x401fd893) x17 0x00000000
core   0: 0x80001d00 (0x03f10aa3) sb      t6, 53(sp)
core   0: 3 0x80001d00 (0x03f10aa3) mem 0x80012e26 0x0
core   0: 0x80001d04 (0x002125a3) sw      sp, 11(sp)
core   0: 3 0x80001d04 (0x002125a3) mem 0x80012dfc 0x80012df1
core   0: 0x80001d08 (0xfd010923) sb      a6, -46(sp)
core   0: 3 0x80001d08 (0xfd010923) mem 0x80012dc3 0xe8
core   0: 0x80001d0c (0x41ea0533) sub     a0, s4, t5
core   0: 3 0x80001d0c (0x41ea0533) x10 0x7fffe619
core   0: 0x80001d10 (0xb096d917) auipc   s2, 0xb096d
core   0: 3 0x80001d10 (0xb096d917) x18 0x3096ed10
core   0: 0x80001d14 (0x02914403) lbu     s0, 41(sp)
core   0: 3 0x80001d14 (0x02914403) x 8 0x00000000 mem 0x80012e1a
core   0: 0x80001d18 (0x03410303) lb      t1, 52(sp)
core   0: 3 0x80001d18 (0x03410303) x 6 0x00000000 mem 0x80012e25
core   0: 0x80001d1c (0xfff14403) lbu     s0, -1(sp)
core   0: 3 0x80001d1c (0xfff14403) x 8 0x00000000 mem 0x80012df0
core   0: 0x80001d20 (0x008127a3) sw      s0, 15(sp)
core   0: 3 0x80001d20 (0x008127a3) mem 0x80012e00 0x00000000
core   0: 0x80001d24 (0x00000013) nop
core   0: 3 0x80001d24 (0x00000013)
core   0: 0x80001d28 (0x00689733) sll     a4, a7, t1
core   0: 3 0x80001d28 (0x00689733) x14 0x00000000
core   0: 0x80001d2c (0x063aff93) andi    t6, s5, 99
core   0: 3 0x80001d2c (0x063aff93) x31 0x00000023
core   0: 0x80001d30 (0x03f10c03) lb      s8, 63(sp)
core   0: 3 0x80001d30 (0x03f10c03) x24 0x00000000 mem 0x80012e30
core   0: 0x80001d34 (0x02610383) lb      t2, 38(sp)
core   0: 3 0x80001d34 (0x02610383) x 7 0x00000000 mem 0x80012e17
core   0: 0x80001d38 (0x01010183) lb      gp, 16(sp)
core   0: 3 0x80001d38 (0x01010183) x 3 0x00000000 mem 0x80012e01
core   0: 0x80001d3c (0x0ff0000f) fence   iorw,iorw
core   0: 3 0x80001d3c (0x0ff0000f)
core   0: 0x80001d40 (0x40fa88b3) sub     a7, s5, a5
core   0: 3 0x80001d40 (0x40fa88b3) x17 0x7daff6bf
core   0: 0x80001d44 (0x0191e933) or      s2, gp, s9
core   0: 3 0x80001d44 (0x0191e933) x18 0xd800004e
core   0: 0x80001d48 (0x40a35533) sra     a0, t1, a0
core   0: 3 0x80001d48 (0x40a35533) x10 0x00000000
core   0: 0x80001d4c (0x01d0dfb3) srl     t6, ra, t4
core   0: 3 0x80001d4c (0x01d0dfb3) x31 0x80012e71
core   0: 0x80001d50 (0x03710223) sb      s7, 36(sp)
core   0: 3 0x80001d50 (0x03710223) mem 0x80012e15 0x64
core   0: 0x80001d54 (0x00000013) nop
core   0: 3 0x80001d54 (0x00000013)
core   0: 0x80001d58 (0x40480cb3) sub     s9, a6, tp
core   0: 3 0x80001d58 (0x40480cb3) x25 0x000000e8
core   0: 0x80001d5c (0x010132b3) sltu    t0, sp, a6
core   0: 3 0x80001d5c (0x010132b3) x 5 0x00000000
core   0: 0x80001d60 (0x02114203) lbu     tp, 33(sp)
core   0: 3 0x80001d60 (0x02114203) x 4 0x00000000 mem 0x80012e12
core   0: 0x80001d64 (0xfc410303) lb      t1, -60(sp)
core   0: 3 0x80001d64 (0xfc410303) x 6 0x00000000 mem 0x80012db5
core   0: 0x80001d68 (0x0143d733) srl     a4, t2, s4
core   0: 3 0x80001d68 (0x0143d733) x14 0x00000000
core   0: 0x80001d6c (0xfea14e83) lbu     t4, -22(sp)
core   0: 3 0x80001d6c (0xfea14e83) x29 0x00000000 mem 0x80012ddb
core   0: 0x80001d70 (0x010007ef) jal     a5, pc + 0x10
core   0: 3 0x80001d70 (0x010007ef) x15 0x80001d74
core   0: 0x80001d80 (0x014000ef) jal     pc + 0x14
core   0: 3 0x80001d80 (0x014000ef) x 1 0x80001d84
core   0: 0x80001d94 (0x01800fef) jal     t6, pc + 0x18
core   0: 3 0x80001d94 (0x01800fef) x31 0x80001d98
core   0: 0x80001dac (0xfddff0ef) jal     pc - 0x24
core   0: 3 0x80001dac (0xfddff0ef) x 1 0x80001db0
core   0: 0x80001d88 (0xffdff0ef) jal     pc - 0x4
core   0: 3 0x80001d88 (0xffdff0ef) x 1 0x80001d8c
core   0: 0x80001d84 (0x014000ef) jal     pc + 0x14
core   0: 3 0x80001d84 (0x014000ef) x 1 0x80001d88
core   0: 0x80001d98 (0xfddff36f) jal     t1, pc - 0x24
core   0: 3 0x80001d98 (0xfddff36f) x 6 0x80001d9c
core   0: 0x80001d74 (0x0180036f) jal     t1, pc + 0x18
core   0: 3 0x80001d74 (0x0180036f) x 6 0x80001d78
core   0: 0x80001d8c (0x01000f6f) jal     t5, pc + 0x10
core   0: 3 0x80001d8c (0x01000f6f) x30 0x80001d90
core   0: 0x80001d9c (0xfe1ff0ef) jal     pc - 0x20
core   0: 3 0x80001d9c (0xfe1ff0ef) x 1 0x80001da0
core   0: 0x80001d7c (0x02c00b6f) jal     s6, pc + 0x2c
core   0: 3 0x80001d7c (0x02c00b6f) x22 0x80001d80
core   0: 0x80001da8 (0xff9ff0ef) jal     pc - 0x8
core   0: 3 0x80001da8 (0xff9ff0ef) x 1 0x80001dac
core   0: 0x80001da0 (0x0040036f) jal     t1, pc + 0x4
core   0: 3 0x80001da0 (0x0040036f) x 6 0x80001da4
core   0: 0x80001da4 (0xfd5ff56f) jal     a0, pc - 0x2c
core   0: 3 0x80001da4 (0xfd5ff56f) x10 0x80001da8
core   0: 0x80001d78 (0x018000ef) jal     pc + 0x18
core   0: 3 0x80001d78 (0x018000ef) x 1 0x80001d7c
core   0: 0x80001d90 (0x020000ef) jal     pc + 0x20
core   0: 3 0x80001d90 (0x020000ef) x 1 0x80001d94
core   0: 0x80001db0 (0x01ba9e93) slli    t4, s5, 27
core   0: 3 0x80001db0 (0x01ba9e93) x29 0xd8000000
core   0: 0x80001db4 (0x00011f17) auipc   t5, 0x11
core   0: 3 0x80001db4 (0x00011f17) x30 0x80012db4
core   0: 0x80001db8 (0x114f0f13) addi    t5, t5, 276
core   0: 3 0x80001db8 (0x114f0f13) x30 0x80012ec8
core   0: 0x80001dbc (0x0001d597) auipc   a1, 0x1d
core   0: 3 0x80001dbc (0x0001d597) x11 0x8001edbc
core   0: 0x80001dc0 (0xaba58593) addi    a1, a1, -1350
core   0: 3 0x80001dc0 (0xaba58593) x11 0x8001e876
core   0: 0x80001dc4 (0x0035cb03) lbu     s6, 3(a1)
core   0: 3 0x80001dc4 (0x0035cb03) x22 0x00000000 mem 0x8001e879
core   0: 0x80001dc8 (0x01bf1923) sh      s11, 18(t5)
core   0: 3 0x80001dc8 (0x01bf1923) mem 0x80012eda 0xfffc
core   0: 0x80001dcc (0xff05c083) lbu     ra, -16(a1)
core   0: 3 0x80001dcc (0xff05c083) x 1 0x00000000 mem 0x8001e866
core   0: 0x80001dd0 (0x038f0f23) sb      s8, 62(t5)
core   0: 3 0x80001dd0 (0x038f0f23) mem 0x80012f06 0x0
core   0: 0x80001dd4 (0x03ef1603) lh      a2, 62(t5)
core   0: 3 0x80001dd4 (0x03ef1603) x12 0x00000000 mem 0x80012f06
core   0: 0x80001dd8 (0x01ef0083) lb      ra, 30(t5)
core   0: 3 0x80001dd8 (0x01ef0083) x 1 0x00000000 mem 0x80012ee6
core   0: 0x80001ddc (0xff45da03) lhu     s4, -12(a1)
core   0: 3 0x80001ddc (0xff45da03) x20 0x00000000 mem 0x8001e86a
core   0: 0x80001de0 (0x01b581a3) sb      s11, 3(a1)
core   0: 3 0x80001de0 (0x01b581a3) mem 0x8001e879 0xfc
core   0: 0x80001de4 (0x03df4703) lbu     a4, 61(t5)
core   0: 3 0x80001de4 (0x03df4703) x14 0x00000000 mem 0x80012f05
core   0: 0x80001de8 (0xfdbf1523) sh      s11, -54(t5)
core   0: 3 0x80001de8 (0xfdbf1523) mem 0x80012e92 0xfffc
core   0: 0x80001dec (0x01c58523) sb      t3, 10(a1)
core   0: 3 0x80001dec (0x01c58523) mem 0x8001e880 0x0
core   0: 0x80001df0 (0x000f2083) lw      ra, 0(t5)
core   0: 3 0x80001df0 (0x000f2083) x 1 0x00000000 mem 0x80012ec8
core   0: 0x80001df4 (0x00011417) auipc   s0, 0x11
core   0: 3 0x80001df4 (0x00011417) x 8 0x80012df4
core   0: 0x80001df8 (0x1b540413) addi    s0, s0, 437
core   0: 3 0x80001df8 (0x1b540413) x 8 0x80012fa9
core   0: 0x80001dfc (0x0001a197) auipc   gp, 0x1a
core   0: 3 0x80001dfc (0x0001a197) x 3 0x8001bdfc
core   0: 0x80001e00 (0x06718193) addi    gp, gp, 103
core   0: 3 0x80001e00 (0x06718193) x 3 0x8001be63
core   0: 0x80001e04 (0x0721aca3) sw      s2, 121(gp)
core   0: 3 0x80001e04 (0x0721aca3) mem 0x8001bedc 0xd800004e
core   0: 0x80001e08 (0xa6b45f83) lhu     t6, -1429(s0)
core   0: 3 0x80001e08 (0xa6b45f83) x31 0x00000000 mem 0x80012a14
core   0: 0x80001e0c (0xf8c18723) sb      a2, -114(gp)
core   0: 3 0x80001e0c (0xf8c18723) mem 0x8001bdf1 0x0
core   0: 0x80001e10 (0xf3118823) sb      a7, -208(gp)
core   0: 3 0x80001e10 (0xf3118823) mem 0x8001bd93 0xbf
core   0: 0x80001e14 (0x0381c803) lbu     a6, 56(gp)
core   0: 3 0x80001e14 (0x0381c803) x16 0x00000000 mem 0x8001be9b
core   0: 0x80001e18 (0x0d018623) sb      a6, 204(gp)
core   0: 3 0x80001e18 (0x0d018623) mem 0x8001bf2f 0x0
core   0: 0x80001e1c (0xd2a40b03) lb      s6, -726(s0)
core   0: 3 0x80001e1c (0xd2a40b03) x22 0x00000000 mem 0x80012cd3
core   0: 0x80001e20 (0xfd919f03) lh      t5, -39(gp)
core   0: 3 0x80001e20 (0xfd919f03) x30 0x00000000 mem 0x8001be3c
core   0: 0x80001e24 (0xe4844c83) lbu     s9, -440(s0)
core   0: 3 0x80001e24 (0xe4844c83) x25 0x00000000 mem 0x80012df1
core   0: 0x80001e28 (0xd46406a3) sb      t1, -691(s0)
core   0: 3 0x80001e28 (0xd46406a3) mem 0x80012cf6 0xa4
core   0: 0x80001e2c (0x0ac19ba3) sh      a2, 183(gp)
core   0: 3 0x80001e2c (0x0ac19ba3) mem 0x8001bf1a 0x0000
core   0: 0x80001e30 (0x85644503) lbu     a0, -1962(s0)
core   0: 3 0x80001e30 (0x85644503) x10 0x00000000 mem 0x800127ff
core   0: 0x80001e34 (0xb9f40623) sb      t6, -1140(s0)
core   0: 3 0x80001e34 (0xb9f40623) mem 0x80012b35 0x0
core   0: 0x80001e38 (0xfb91cc03) lbu     s8, -71(gp)
core   0: 3 0x80001e38 (0xfb91cc03) x24 0x00000000 mem 0x8001be1c
core   0: 0x80001e3c (0xc6240b23) sb      sp, -906(s0)
core   0: 3 0x80001e3c (0xc6240b23) mem 0x80012c1f 0xf1
core   0: 0x80001e40 (0xf0018c83) lb      s9, -256(gp)
core   0: 3 0x80001e40 (0xf0018c83) x25 0x00000000 mem 0x8001bd63
core   0: 0x80001e44 (0xcd240003) lb      zero, -814(s0)
core   0: 3 0x80001e44 (0xcd240003) mem 0x80012c7b
core   0: 0x80001e48 (0x02c007ef) jal     a5, pc + 0x2c
core   0: 3 0x80001e48 (0x02c007ef) x15 0x80001e4c
core   0: 0x80001e74 (0xfddff0ef) jal     pc - 0x24
core   0: 3 0x80001e74 (0xfddff0ef) x 1 0x80001e78
core   0: 0x80001e50 (0x02c0056f) jal     a0, pc + 0x2c
core   0: 3 0x80001e50 (0x02c0056f) x10 0x80001e54
core   0: 0x80001e7c (0x00c000ef) jal     pc + 0xc
core   0: 3 0x80001e7c (0x00c000ef) x 1 0x80001e80
core   0: 0x80001e88 (0xfd1ff0ef) jal     pc - 0x30
core   0: 3 0x80001e88 (0xfd1ff0ef) x 1 0x80001e8c
core   0: 0x80001e58 (0x020000ef) jal     pc + 0x20
core   0: 3 0x80001e58 (0x020000ef) x 1 0x80001e5c
core   0: 0x80001e78 (0x014000ef) jal     pc + 0x14
core   0: 3 0x80001e78 (0x014000ef) x 1 0x80001e7c
core   0: 0x80001e8c (0xfe5ff0ef) jal     pc - 0x1c
core   0: 3 0x80001e8c (0xfe5ff0ef) x 1 0x80001e90
core   0: 0x80001e70 (0xff1ff0ef) jal     pc - 0x10
core   0: 3 0x80001e70 (0xff1ff0ef) x 1 0x80001e74
core   0: 0x80001e60 (0x02000eef) jal     t4, pc + 0x20
core   0: 3 0x80001e60 (0x02000eef) x29 0x80001e64
core   0: 0x80001e80 (0xfedff0ef) jal     pc - 0x14
core   0: 3 0x80001e80 (0xfedff0ef) x 1 0x80001e84
core   0: 0x80001e6c (0x018006ef) jal     a3, pc + 0x18
core   0: 3 0x80001e6c (0x018006ef) x13 0x80001e70
core   0: 0x80001e84 (0xfd9ff2ef) jal     t0, pc - 0x28
core   0: 3 0x80001e84 (0xfd9ff2ef) x 5 0x80001e88
core   0: 0x80001e5c (0xff1ff0ef) jal     pc - 0x10
core   0: 3 0x80001e5c (0xff1ff0ef) x 1 0x80001e60
core   0: 0x80001e4c (0x00800b6f) jal     s6, pc + 0x8
core   0: 3 0x80001e4c (0x00800b6f) x22 0x80001e50
core   0: 0x80001e54 (0x01400a6f) jal     s4, pc + 0x14
core   0: 3 0x80001e54 (0x01400a6f) x20 0x80001e58
core   0: 0x80001e68 (0xffdff0ef) jal     pc - 0x4
core   0: 3 0x80001e68 (0xffdff0ef) x 1 0x80001e6c
core   0: 0x80001e64 (0x02c000ef) jal     pc + 0x2c
core   0: 3 0x80001e64 (0x02c000ef) x 1 0x80001e68
core   0: 0x80001e90 (0x418b5db3) sra     s11, s6, s8
core   0: 3 0x80001e90 (0x418b5db3) x27 0x80001e50
core   0: 0x80001e94 (0x0001b397) auipc   t2, 0x1b
core   0: 3 0x80001e94 (0x0001b397) x 7 0x8001ce94
core   0: 0x80001e98 (0xc8738393) addi    t2, t2, -889
core   0: 3 0x80001e98 (0xc8738393) x 7 0x8001cb1b
core   0: 0x80001e9c (0xecf388a3) sb      a5, -303(t2)
core   0: 3 0x80001e9c (0xecf388a3) mem 0x8001c9ec 0x4c
core   0: 0x80001ea0 (0xed13ab03) lw      s6, -303(t2)
core   0: 3 0x80001ea0 (0xed13ab03) x22 0x0000004c mem 0x8001c9ec
core   0: 0x80001ea4 (0xed13cb03) lbu     s6, -303(t2)
core   0: 3 0x80001ea4 (0xed13cb03) x22 0x0000004c mem 0x8001c9ec
core   0: 0x80001ea8 (0xd7438683) lb      a3, -652(t2)
core   0: 3 0x80001ea8 (0xd7438683) x13 0x00000000 mem 0x8001c88f
core   0: 0x80001eac (0x7063b693) sltiu   a3, t2, 1798
core   0: 3 0x80001eac (0x7063b693) x13 0x00000000
core   0: 0x80001eb0 (0xd743c583) lbu     a1, -652(t2)
core   0: 3 0x80001eb0 (0xd743c583) x11 0x00000000 mem 0x8001c88f
core   0: 0x80001eb4 (0x0ff0000f) fence   iorw,iorw
core   0: 3 0x80001eb4 (0x0ff0000f)
core   0: 0x80001eb8 (0xd6438a23) sb      tp, -652(t2)
core   0: 3 0x80001eb8 (0xd6438a23) mem 0x8001c88f 0x0
core   0: 0x80001ebc (0xc5939103) lh      sp, -935(t2)
core   0: 3 0x80001ebc (0xc5939103) x 2 0x00000000 mem 0x8001c774
core   0: 0x80001ec0 (0x0044e733) or      a4, s1, tp
core   0: 3 0x80001ec0 (0x0044e733) x14 0x8002bce4
core   0: 0x80001ec4 (0x2213db03) lhu     s6, 545(t2)
core   0: 3 0x80001ec4 (0x2213db03) x22 0x00000000 mem 0x8001cd3c
core   0: 0x80001ec8 (0x22139a03) lh      s4, 545(t2)
core   0: 3 0x80001ec8 (0x22139a03) x20 0x00000000 mem 0x8001cd3c
core   0: 0x80001ecc (0x22138c83) lb      s9, 545(t2)
core   0: 3 0x80001ecc (0x22138c83) x25 0x00000000 mem 0x8001cd3c
core   0: 0x80001ed0 (0x22139283) lh      t0, 545(t2)
core   0: 3 0x80001ed0 (0x22139283) x 5 0x00000000 mem 0x8001cd3c
core   0: 0x80001ed4 (0x22138703) lb      a4, 545(t2)
core   0: 3 0x80001ed4 (0x22138703) x14 0x00000000 mem 0x8001cd3c
core   0: 0x80001ed8 (0x23c380a3) sb      t3, 545(t2)
core   0: 3 0x80001ed8 (0x23c380a3) mem 0x8001cd3c 0x0
core   0: 0x80001edc (0x2213c583) lbu     a1, 545(t2)
core   0: 3 0x80001edc (0x2213c583) x11 0x00000000 mem 0x8001cd3c
core   0: 0x80001ee0 (0x22138e03) lb      t3, 545(t2)
core   0: 3 0x80001ee0 (0x22138e03) x28 0x00000000 mem 0x8001cd3c
core   0: 0x80001ee4 (0x2bd3dd83) lhu     s11, 701(t2)
core   0: 3 0x80001ee4 (0x2bd3dd83) x27 0x00000000 mem 0x8001cdd8
core   0: 0x80001ee8 (0x00011c97) auipc   s9, 0x11
core   0: 3 0x80001ee8 (0x00011c97) x25 0x80012ee8
core   0: 0x80001eec (0xc06c8c93) addi    s9, s9, -1018
core   0: 3 0x80001eec (0xc06c8c93) x25 0x80012aee
core   0: 0x80001ef0 (0x00011997) auipc   s3, 0x11
core   0: 3 0x80001ef0 (0x00011997) x19 0x80012ef0
core   0: 0x80001ef4 (0xcd498993) addi    s3, s3, -812
core   0: 3 0x80001ef4 (0xcd498993) x19 0x80012bc4
core   0: 0x80001ef8 (0x9ddc8ea3) sb      t4, -1571(s9)
core   0: 3 0x80001ef8 (0x9ddc8ea3) mem 0x800124cb 0x64
core   0: 0x80001efc (0x00010897) auipc   a7, 0x10
core   0: 3 0x80001efc (0x00010897) x17 0x80011efc
core   0: 0x80001f00 (0x2be88893) addi    a7, a7, 702
core   0: 3 0x80001f00 (0x2be88893) x17 0x800121ba
core   0: 0x80001f04 (0xabcc89a3) sb      t3, -1357(s9)
core   0: 3 0x80001f04 (0xabcc89a3) mem 0x800125a1 0x0
core   0: 0x80001f08 (0x0b2885a3) sb      s2, 171(a7)
core   0: 3 0x80001f08 (0x0b2885a3) mem 0x80012265 0x4e
core   0: 0x80001f0c (0xd6ec8ca3) sb      a4, -647(s9)
core   0: 3 0x80001f0c (0xd6ec8ca3) mem 0x80012867 0x0
core   0: 0x80001f10 (0x6738c903) lbu     s2, 1651(a7)
core   0: 3 0x80001f10 (0x6738c903) x18 0x00000000 mem 0x8001282d
core   0: 0x80001f14 (0xa2ac8903) lb      s2, -1494(s9)
core   0: 3 0x80001f14 (0xa2ac8903) x18 0x00000000 mem 0x80012518
core   0: 0x80001f18 (0xf729dd03) lhu     s10, -142(s3)
core   0: 3 0x80001f18 (0xf729dd03) x26 0x00000000 mem 0x80012b36
core   0: 0x80001f1c (0x3a088e23) sb      zero, 956(a7)
core   0: 3 0x80001f1c (0x3a088e23) mem 0x80012576 0x0
core   0: 0x80001f20 (0xff19c083) lbu     ra, -15(s3)
core   0: 3 0x80001f20 (0xff19c083) x 1 0x00000000 mem 0x80012bb5
core   0: 0x80001f24 (0x021981a3) sb      ra, 35(s3)
core   0: 3 0x80001f24 (0x021981a3) mem 0x80012be7 0x0
core   0: 0x80001f28 (0x10c8de03) lhu     t3, 268(a7)
core   0: 3 0x80001f28 (0x10c8de03) x28 0x00000000 mem 0x800122c6
core   0: 0x80001f2c (0xf9f9c503) lbu     a0, -97(s3)
core   0: 3 0x80001f2c (0xf9f9c503) x10 0x00000000 mem 0x80012b63
core   0: 0x80001f30 (0xfbecdb03) lhu     s6, -66(s9)
core   0: 3 0x80001f30 (0xfbecdb03) x22 0x00000000 mem 0x80012aac
core   0: 0x80001f34 (0x0bd98e83) lb      t4, 189(s3)
core   0: 3 0x80001f34 (0x0bd98e83) x29 0x00000000 mem 0x80012c81
core   0: 0x80001f38 (0x19aca183) lw      gp, 410(s9)
core   0: 3 0x80001f38 (0x19aca183) x 3 0x00000000 mem 0x80012c88
core   0: 0x80001f3c (0x47f88a03) lb      s4, 1151(a7)
core   0: 3 0x80001f3c (0x47f88a03) x20 0x00000000 mem 0x80012639
core   0: 0x80001f40 (0xab3c8083) lb      ra, -1357(s9)
core   0: 3 0x80001f40 (0xab3c8083) x 1 0x00000000 mem 0x800125a1
core   0: 0x80001f44 (0xf209dd03) lhu     s10, -224(s3)
core   0: 3 0x80001f44 (0xf209dd03) x26 0x00000000 mem 0x80012ae4
core   0: 0x80001f48 (0x330ccb03) lbu     s6, 816(s9)
core   0: 3 0x80001f48 (0x330ccb03) x22 0x00000000 mem 0x80012e1e
core   0: 0x80001f4c (0x4dfc8103) lb      sp, 1247(s9)
core   0: 3 0x80001f4c (0x4dfc8103) x 2 0x00000000 mem 0x80012fcd
core   0: 0x80001f50 (0x18d8c803) lbu     a6, 397(a7)
core   0: 3 0x80001f50 (0x18d8c803) x16 0x00000000 mem 0x80012347
core   0: 0x80001f54 (0x54bc83a3) sb      a1, 1351(s9)
core   0: 3 0x80001f54 (0x54bc83a3) mem 0x80013035 0x0
core   0: 0x80001f58 (0x66f88f23) sb      a5, 1662(a7)
core   0: 3 0x80001f58 (0x66f88f23) mem 0x80012838 0x4c
core   0: 0x80001f5c (0x00700213) li      tp, 7
core   0: 3 0x80001f5c (0x00700213) x 4 0x00000007
core   0: 0x80001f60 (0x015522b3) slt     t0, a0, s5
core   0: 3 0x80001f60 (0x015522b3) x 5 0x00000000
core   0: 0x80001f64 (0x00b00c93) li      s9, 11
core   0: 3 0x80001f64 (0x00b00c93) x25 0x0000000b
core   0: 0x80001f68 (0x014d6333) or      t1, s10, s4
core   0: 3 0x80001f68 (0x014d6333) x 6 0x00000000
core   0: 0x80001f6c (0x0ff0000f) fence   iorw,iorw
core   0: 3 0x80001f6c (0x0ff0000f)
core   0: 0x80001f70 (0x00120213) addi    tp, tp, 1
core   0: 3 0x80001f70 (0x00120213) x 4 0x00000008
core   0: 0x80001f74 (0x00700693) li      a3, 7
core   0: 3 0x80001f74 (0x00700693) x13 0x00000007
core   0: 0x80001f78 (0x00000f13) li      t5, 0
core   0: 3 0x80001f78 (0x00000f13) x30 0x00000000
core   0: 0x80001f7c (0x00909433) sll     s0, ra, s1
core   0: 3 0x80001f7c (0x00909433) x 8 0x00000000
core   0: 0x80001f80 (0xa93c4197) auipc   gp, 0xa93c4
core   0: 3 0x80001f80 (0xa93c4197) x 3 0x293c5f80
core   0: 0x80001f84 (0xff968693) addi    a3, a3, -7
core   0: 3 0x80001f84 (0xff968693) x13 0x00000000
core   0: 0x80001f88 (0xffe69ce3) bne     a3, t5, pc - 8
core   0: 3 0x80001f88 (0xffe69ce3)
core   0: 0x80001f8c (0xfd921ee3) bne     tp, s9, pc - 36
core   0: 3 0x80001f8c (0xfd921ee3)
core   0: 0x80001f68 (0x014d6333) or      t1, s10, s4
core   0: 3 0x80001f68 (0x014d6333) x 6 0x00000000
core   0: 0x80001f6c (0x0ff0000f) fence   iorw,iorw
core   0: 3 0x80001f6c (0x0ff0000f)
core   0: 0x80001f70 (0x00120213) addi    tp, tp, 1
core   0: 3 0x80001f70 (0x00120213) x 4 0x00000009
core   0: 0x80001f74 (0x00700693) li      a3, 7
core   0: 3 0x80001f74 (0x00700693) x13 0x00000007
core   0: 0x80001f78 (0x00000f13) li      t5, 0
core   0: 3 0x80001f78 (0x00000f13) x30 0x00000000
core   0: 0x80001f7c (0x00909433) sll     s0, ra, s1
core   0: 3 0x80001f7c (0x00909433) x 8 0x00000000
core   0: 0x80001f80 (0xa93c4197) auipc   gp, 0xa93c4
core   0: 3 0x80001f80 (0xa93c4197) x 3 0x293c5f80
core   0: 0x80001f84 (0xff968693) addi    a3, a3, -7
core   0: 3 0x80001f84 (0xff968693) x13 0x00000000
core   0: 0x80001f88 (0xffe69ce3) bne     a3, t5, pc - 8
core   0: 3 0x80001f88 (0xffe69ce3)
core   0: 0x80001f8c (0xfd921ee3) bne     tp, s9, pc - 36
core   0: 3 0x80001f8c (0xfd921ee3)
core   0: 0x80001f68 (0x014d6333) or      t1, s10, s4
core   0: 3 0x80001f68 (0x014d6333) x 6 0x00000000
core   0: 0x80001f6c (0x0ff0000f) fence   iorw,iorw
core   0: 3 0x80001f6c (0x0ff0000f)
core   0: 0x80001f70 (0x00120213) addi    tp, tp, 1
core   0: 3 0x80001f70 (0x00120213) x 4 0x0000000a
core   0: 0x80001f74 (0x00700693) li      a3, 7
core   0: 3 0x80001f74 (0x00700693) x13 0x00000007
core   0: 0x80001f78 (0x00000f13) li      t5, 0
core   0: 3 0x80001f78 (0x00000f13) x30 0x00000000
core   0: 0x80001f7c (0x00909433) sll     s0, ra, s1
core   0: 3 0x80001f7c (0x00909433) x 8 0x00000000
core   0: 0x80001f80 (0xa93c4197) auipc   gp, 0xa93c4
core   0: 3 0x80001f80 (0xa93c4197) x 3 0x293c5f80
core   0: 0x80001f84 (0xff968693) addi    a3, a3, -7
core   0: 3 0x80001f84 (0xff968693) x13 0x00000000
core   0: 0x80001f88 (0xffe69ce3) bne     a3, t5, pc - 8
core   0: 3 0x80001f88 (0xffe69ce3)
core   0: 0x80001f8c (0xfd921ee3) bne     tp, s9, pc - 36
core   0: 3 0x80001f8c (0xfd921ee3)
core   0: 0x80001f68 (0x014d6333) or      t1, s10, s4
core   0: 3 0x80001f68 (0x014d6333) x 6 0x00000000
core   0: 0x80001f6c (0x0ff0000f) fence   iorw,iorw
core   0: 3 0x80001f6c (0x0ff0000f)
core   0: 0x80001f70 (0x00120213) addi    tp, tp, 1
core   0: 3 0x80001f70 (0x00120213) x 4 0x0000000b
core   0: 0x80001f74 (0x00700693) li      a3, 7
core   0: 3 0x80001f74 (0x00700693) x13 0x00000007
core   0: 0x80001f78 (0x00000f13) li      t5, 0
core   0: 3 0x80001f78 (0x00000f13) x30 0x00000000
core   0: 0x80001f7c (0x00909433) sll     s0, ra, s1
core   0: 3 0x80001f7c (0x00909433) x 8 0x00000000
core   0: 0x80001f80 (0xa93c4197) auipc   gp, 0xa93c4
core   0: 3 0x80001f80 (0xa93c4197) x 3 0x293c5f80
core   0: 0x80001f84 (0xff968693) addi    a3, a3, -7
core   0: 3 0x80001f84 (0xff968693) x13 0x00000000
core   0: 0x80001f88 (0xffe69ce3) bne     a3, t5, pc - 8
core   0: 3 0x80001f88 (0xffe69ce3)
core   0: 0x80001f8c (0xfd921ee3) bne     tp, s9, pc - 36
core   0: 3 0x80001f8c (0xfd921ee3)
core   0: 0x80001f90 (0x6d1c6d17) auipc   s10, 0x6d1c6
core   0: 3 0x80001f90 (0x6d1c6d17) x26 0xed1c7f90
core   0: 0x80001f94 (0x00700413) li      s0, 7
core   0: 3 0x80001f94 (0x00700413) x 8 0x00000007
core   0: 0x80001f98 (0xff300213) li      tp, -13
core   0: 3 0x80001f98 (0xff300213) x 4 0xfffffff3
core   0: 0x80001f9c (0x00000013) nop
core   0: 3 0x80001f9c (0x00000013)
core   0: 0x80001fa0 (0xffc40413) addi    s0, s0, -4
core   0: 3 0x80001fa0 (0xffc40413) x 8 0x00000003
core   0: 0x80001fa4 (0xffc00713) li      a4, -4
core   0: 3 0x80001fa4 (0xffc00713) x14 0xfffffffc
core   0: 0x80001fa8 (0xff900f13) li      t5, -7
core   0: 3 0x80001fa8 (0xff900f13) x30 0xfffffff9
core   0: 0x80001fac (0x08ba0517) auipc   a0, 0x8ba0
core   0: 3 0x80001fac (0x08ba0517) x10 0x88ba1fac
core   0: 0x80001fb0 (0xff670713) addi    a4, a4, -10
core   0: 3 0x80001fb0 (0xff670713) x14 0xfffffff2
core   0: 0x80001fb4 (0xffe75ce3) bge     a4, t5, pc - 8
core   0: 3 0x80001fb4 (0xffe75ce3)
core   0: 0x80001fb8 (0xfe4452e3) bge     s0, tp, pc - 28
core   0: 3 0x80001fb8 (0xfe4452e3)
core   0: 0x80001f9c (0x00000013) nop
core   0: 3 0x80001f9c (0x00000013)
core   0: 0x80001fa0 (0xffc40413) addi    s0, s0, -4
core   0: 3 0x80001fa0 (0xffc40413) x 8 0xffffffff
core   0: 0x80001fa4 (0xffc00713) li      a4, -4
core   0: 3 0x80001fa4 (0xffc00713) x14 0xfffffffc
core   0: 0x80001fa8 (0xff900f13) li      t5, -7
core   0: 3 0x80001fa8 (0xff900f13) x30 0xfffffff9
core   0: 0x80001fac (0x08ba0517) auipc   a0, 0x8ba0
core   0: 3 0x80001fac (0x08ba0517) x10 0x88ba1fac
core   0: 0x80001fb0 (0xff670713) addi    a4, a4, -10
core   0: 3 0x80001fb0 (0xff670713) x14 0xfffffff2
core   0: 0x80001fb4 (0xffe75ce3) bge     a4, t5, pc - 8
core   0: 3 0x80001fb4 (0xffe75ce3)
core   0: 0x80001fb8 (0xfe4452e3) bge     s0, tp, pc - 28
core   0: 3 0x80001fb8 (0xfe4452e3)
core   0: 0x80001f9c (0x00000013) nop
core   0: 3 0x80001f9c (0x00000013)
core   0: 0x80001fa0 (0xffc40413) addi    s0, s0, -4
core   0: 3 0x80001fa0 (0xffc40413) x 8 0xfffffffb
core   0: 0x80001fa4 (0xffc00713) li      a4, -4
core   0: 3 0x80001fa4 (0xffc00713) x14 0xfffffffc
core   0: 0x80001fa8 (0xff900f13) li      t5, -7
core   0: 3 0x80001fa8 (0xff900f13) x30 0xfffffff9
core   0: 0x80001fac (0x08ba0517) auipc   a0, 0x8ba0
core   0: 3 0x80001fac (0x08ba0517) x10 0x88ba1fac
core   0: 0x80001fb0 (0xff670713) addi    a4, a4, -10
core   0: 3 0x80001fb0 (0xff670713) x14 0xfffffff2
core   0: 0x80001fb4 (0xffe75ce3) bge     a4, t5, pc - 8
core   0: 3 0x80001fb4 (0xffe75ce3)
core   0: 0x80001fb8 (0xfe4452e3) bge     s0, tp, pc - 28
core   0: 3 0x80001fb8 (0xfe4452e3)
core   0: 0x80001f9c (0x00000013) nop
core   0: 3 0x80001f9c (0x00000013)
core   0: 0x80001fa0 (0xffc40413) addi    s0, s0, -4
core   0: 3 0x80001fa0 (0xffc40413) x 8 0xfffffff7
core   0: 0x80001fa4 (0xffc00713) li      a4, -4
core   0: 3 0x80001fa4 (0xffc00713) x14 0xfffffffc
core   0: 0x80001fa8 (0xff900f13) li      t5, -7
core   0: 3 0x80001fa8 (0xff900f13) x30 0xfffffff9
core   0: 0x80001fac (0x08ba0517) auipc   a0, 0x8ba0
core   0: 3 0x80001fac (0x08ba0517) x10 0x88ba1fac
core   0: 0x80001fb0 (0xff670713) addi    a4, a4, -10
core   0: 3 0x80001fb0 (0xff670713) x14 0xfffffff2
core   0: 0x80001fb4 (0xffe75ce3) bge     a4, t5, pc - 8
core   0: 3 0x80001fb4 (0xffe75ce3)
core   0: 0x80001fb8 (0xfe4452e3) bge     s0, tp, pc - 28
core   0: 3 0x80001fb8 (0xfe4452e3)
core   0: 0x80001f9c (0x00000013) nop
core   0: 3 0x80001f9c (0x00000013)
core   0: 0x80001fa0 (0xffc40413) addi    s0, s0, -4
core   0: 3 0x80001fa0 (0xffc40413) x 8 0xfffffff3
core   0: 0x80001fa4 (0xffc00713) li      a4, -4
core   0: 3 0x80001fa4 (0xffc00713) x14 0xfffffffc
core   0: 0x80001fa8 (0xff900f13) li      t5, -7
core   0: 3 0x80001fa8 (0xff900f13) x30 0xfffffff9
core   0: 0x80001fac (0x08ba0517) auipc   a0, 0x8ba0
core   0: 3 0x80001fac (0x08ba0517) x10 0x88ba1fac
core   0: 0x80001fb0 (0xff670713) addi    a4, a4, -10
core   0: 3 0x80001fb0 (0xff670713) x14 0xfffffff2
core   0: 0x80001fb4 (0xffe75ce3) bge     a4, t5, pc - 8
core   0: 3 0x80001fb4 (0xffe75ce3)
core   0: 0x80001fb8 (0xfe4452e3) bge     s0, tp, pc - 28
core   0: 3 0x80001fb8 (0xfe4452e3)
core   0: 0x80001f9c (0x00000013) nop
core   0: 3 0x80001f9c (0x00000013)
core   0: 0x80001fa0 (0xffc40413) addi    s0, s0, -4
core   0: 3 0x80001fa0 (0xffc40413) x 8 0xffffffef
core   0: 0x80001fa4 (0xffc00713) li      a4, -4
core   0: 3 0x80001fa4 (0xffc00713) x14 0xfffffffc
core   0: 0x80001fa8 (0xff900f13) li      t5, -7
core   0: 3 0x80001fa8 (0xff900f13) x30 0xfffffff9
core   0: 0x80001fac (0x08ba0517) auipc   a0, 0x8ba0
core   0: 3 0x80001fac (0x08ba0517) x10 0x88ba1fac
core   0: 0x80001fb0 (0xff670713) addi    a4, a4, -10
core   0: 3 0x80001fb0 (0xff670713) x14 0xfffffff2
core   0: 0x80001fb4 (0xffe75ce3) bge     a4, t5, pc - 8
core   0: 3 0x80001fb4 (0xffe75ce3)
core   0: 0x80001fb8 (0xfe4452e3) bge     s0, tp, pc - 28
core   0: 3 0x80001fb8 (0xfe4452e3)
core   0: 0x80001fbc (0x004958b3) srl     a7, s2, tp
core   0: 3 0x80001fbc (0x004958b3) x17 0x00000000
core   0: 0x80001fc0 (0x00014717) auipc   a4, 0x14
core   0: 3 0x80001fc0 (0x00014717) x14 0x80015fc0
core   0: 0x80001fc4 (0xccc70713) addi    a4, a4, -820
core   0: 3 0x80001fc4 (0xccc70713) x14 0x80015c8c
core   0: 0x80001fc8 (0x00011d97) auipc   s11, 0x11
core   0: 3 0x80001fc8 (0x00011d97) x27 0x80012fc8
core   0: 0x80001fcc (0x81ad8d93) addi    s11, s11, -2022
core   0: 3 0x80001fcc (0x81ad8d93) x27 0x800127e2
core   0: 0x80001fd0 (0x09fd9723) sh      t6, 142(s11)
core   0: 3 0x80001fd0 (0x09fd9723) mem 0x80012870 0x0000
core   0: 0x80001fd4 (0xffd74f03) lbu     t5, -3(a4)
core   0: 3 0x80001fd4 (0xffd74f03) x30 0x00000000 mem 0x80015c89
core   0: 0x80001fd8 (0x07cd8ca3) sb      t3, 121(s11)
core   0: 3 0x80001fd8 (0x07cd8ca3) mem 0x8001285b 0x0
core   0: 0x80001fdc (0x03a702a3) sb      s10, 37(a4)
core   0: 3 0x80001fdc (0x03a702a3) mem 0x80015cb1 0x90
core   0: 0x80001fe0 (0x02974603) lbu     a2, 41(a4)
core   0: 3 0x80001fe0 (0x02974603) x12 0x00000000 mem 0x80015cb5
core   0: 0x80001fe4 (0xfb3dc403) lbu     s0, -77(s11)
core   0: 3 0x80001fe4 (0xfb3dc403) x 8 0x00000000 mem 0x80012795
core   0: 0x80001fe8 (0x00370223) sb      gp, 4(a4)
core   0: 3 0x80001fe8 (0x00370223) mem 0x80015c90 0x80
core   0: 0x80001fec (0x00472983) lw      s3, 4(a4)
core   0: 3 0x80001fec (0x00472983) x19 0x00000080 mem 0x80015c90
core   0: 0x80001ff0 (0x0c1dc303) lbu     t1, 193(s11)
core   0: 3 0x80001ff0 (0x0c1dc303) x 6 0x00000000 mem 0x800128a3
core   0: 0x80001ff4 (0xf25d81a3) sb      t0, -221(s11)
core   0: 3 0x80001ff4 (0xf25d81a3) mem 0x80012705 0x0
core   0: 0x80001ff8 (0xffd74383) lbu     t2, -3(a4)
core   0: 3 0x80001ff8 (0xffd74383) x 7 0x00000000 mem 0x80015c89
core   0: 0x80001ffc (0x01e75003) lhu     zero, 30(a4)
core   0: 3 0x80001ffc (0x01e75003) mem 0x80015caa
core   0: 0x80002000 (0xfe2dac03) lw      s8, -30(s11)
core   0: 3 0x80002000 (0xfe2dac03) x24 0x00000000 mem 0x800127c4
core   0: 0x80002004 (0x00015297) auipc   t0, 0x15
core   0: 3 0x80002004 (0x00015297) x 5 0x80017004
core   0: 0x80002008 (0x93628293) addi    t0, t0, -1738
core   0: 3 0x80002008 (0x93628293) x 5 0x8001693a
core   0: 0x8000200c (0x0001a097) auipc   ra, 0x1a
core   0: 3 0x8000200c (0x0001a097) x 1 0x8001c00c
core   0: 0x80002010 (0x67908093) addi    ra, ra, 1657
core   0: 3 0x80002010 (0x67908093) x 1 0x8001c685
core   0: 0x80002014 (0x00020f17) auipc   t5, 0x20
core   0: 3 0x80002014 (0x00020f17) x30 0x80022014
core   0: 0x80002018 (0x960f0f13) addi    t5, t5, -1696
core   0: 3 0x80002018 (0x960f0f13) x30 0x80021974
core   0: 0x8000201c (0xff00ce03) lbu     t3, -16(ra)
core   0: 3 0x8000201c (0xff00ce03) x28 0x00000000 mem 0x8001c675
core   0: 0x80002020 (0x0272c183) lbu     gp, 39(t0)
core   0: 3 0x80002020 (0x0272c183) x 3 0x00000000 mem 0x80016961
core   0: 0x80002024 (0x00128e03) lb      t3, 1(t0)
core   0: 3 0x80002024 (0x00128e03) x28 0x00000000 mem 0x8001693b
core   0: 0x80002028 (0xfb4f06a3) sb      s4, -83(t5)
core   0: 3 0x80002028 (0xfb4f06a3) mem 0x80021921 0x0
core   0: 0x8000202c (0x01c08f83) lb      t6, 28(ra)
core   0: 3 0x8000202c (0x01c08f83) x31 0x00000000 mem 0x8001c6a1
core   0: 0x80002030 (0xfcb08583) lb      a1, -53(ra)
core   0: 3 0x80002030 (0xfcb08583) x11 0x00000000 mem 0x8001c650
core   0: 0x80002034 (0x02a08623) sb      a0, 44(ra)
core   0: 3 0x80002034 (0x02a08623) mem 0x8001c6b1 0xac
core   0: 0x80002038 (0xfd029303) lh      t1, -48(t0)
core   0: 3 0x80002038 (0xfd029303) x 6 0x00000000 mem 0x8001690a
core   0: 0x8000203c (0x00908203) lb      tp, 9(ra)
core   0: 3 0x8000203c (0x00908203) x 4 0x00000000 mem 0x8001c68e
core   0: 0x80002040 (0xf4ff2c23) sw      a5, -168(t5)
core   0: 3 0x80002040 (0xf4ff2c23) mem 0x800218cc 0x80001e4c
core   0: 0x80002044 (0xfe508e83) lb      t4, -27(ra)
core   0: 3 0x80002044 (0xfe508e83) x29 0x00000000 mem 0x8001c66a
core   0: 0x80002048 (0xfe208603) lb      a2, -30(ra)
core   0: 3 0x80002048 (0xfe208603) x12 0x00000000 mem 0x8001c667
core   0: 0x8000204c (0xfeb2c603) lbu     a2, -21(t0)
core   0: 3 0x8000204c (0xfeb2c603) x12 0x00000000 mem 0x80016925
core   0: 0x80002050 (0x02208903) lb      s2, 34(ra)
core   0: 3 0x80002050 (0x02208903) x18 0x00000000 mem 0x8001c6a7
core   0: 0x80002054 (0x0b6f0683) lb      a3, 182(t5)
core   0: 3 0x80002054 (0x0b6f0683) x13 0x00000000 mem 0x80021a2a
core   0: 0x80002058 (0x014281a3) sb      s4, 3(t0)
core   0: 3 0x80002058 (0x014281a3) mem 0x8001693d 0x0
core   0: 0x8000205c (0xfc228603) lb      a2, -62(t0)
core   0: 3 0x8000205c (0xfc228603) x12 0x00000000 mem 0x800168fc
core   0: 0x80002060 (0x0d8f5383) lhu     t2, 216(t5)
core   0: 3 0x80002060 (0x0d8f5383) x 7 0x00000000 mem 0x80021a4c
core   0: 0x80002064 (0x01e29c83) lh      s9, 30(t0)
core   0: 3 0x80002064 (0x01e29c83) x25 0x00000000 mem 0x80016958
core   0: 0x80002068 (0xfd4281a3) sb      s4, -61(t0)
core   0: 3 0x80002068 (0xfd4281a3) mem 0x800168fd 0x0
core   0: 0x8000206c (0x0280afa3) sw      s0, 63(ra)
core   0: 3 0x8000206c (0x0280afa3) mem 0x8001c6c4 0x00000000
core   0: 0x80002070 (0xf07f09a3) sb      t2, -237(t5)
core   0: 3 0x80002070 (0xf07f09a3) mem 0x80021887 0x0
core   0: 0x80002074 (0xfd42c703) lbu     a4, -44(t0)
core   0: 3 0x80002074 (0xfd42c703) x14 0x00000000 mem 0x8001690e
core   0: 0x80002078 (0xf23f01a3) sb      gp, -221(t5)
core   0: 3 0x80002078 (0xf23f01a3) mem 0x80021897 0x0
core   0: 0x8000207c (0xff628423) sb      s6, -24(t0)
core   0: 3 0x8000207c (0xff628423) mem 0x80016922 0x0
core   0: 0x80002080 (0x00011e97) auipc   t4, 0x11
core   0: 3 0x80002080 (0x00011e97) x29 0x80013080
core   0: 0x80002084 (0xa5ce8e93) addi    t4, t4, -1444
core   0: 3 0x80002084 (0xa5ce8e93) x29 0x80012adc
core   0: 0x80002088 (0x00010c97) auipc   s9, 0x10
core   0: 3 0x80002088 (0x00010c97) x25 0x80012088
core   0: 0x8000208c (0x202c8c93) addi    s9, s9, 514
core   0: 3 0x8000208c (0x202c8c93) x25 0x8001228a
core   0: 0x80002090 (0x00011897) auipc   a7, 0x11
core   0: 3 0x80002090 (0x00011897) x17 0x80013090
core   0: 0x80002094 (0xc7188893) addi    a7, a7, -911
core   0: 3 0x80002094 (0xc7188893) x17 0x80012d01
core   0: 0x80002098 (0xf14cc583) lbu     a1, -236(s9)
core   0: 3 0x80002098 (0xf14cc583) x11 0x00000000 mem 0x8001219e
core   0: 0x8000209c (0x00010917) auipc   s2, 0x10
core   0: 3 0x8000209c (0x00010917) x18 0x8001209c
core   0: 0x800020a0 (0x76990913) addi    s2, s2, 1897
core   0: 3 0x800020a0 (0x76990913) x18 0x80012805
core   0: 0x800020a4 (0x070cc583) lbu     a1, 112(s9)
core   0: 3 0x800020a4 (0x070cc583) x11 0x00000000 mem 0x800122fa
core   0: 0x800020a8 (0x0ebe8703) lb      a4, 235(t4)
core   0: 3 0x800020a8 (0x0ebe8703) x14 0x00000000 mem 0x80012bc7
core   0: 0x800020ac (0xf2bc8283) lb      t0, -213(s9)
core   0: 3 0x800020ac (0xf2bc8283) x 5 0x00000000 mem 0x800121b5
core   0: 0x800020b0 (0xe8a90ca3) sb      a0, -359(s2)
core   0: 3 0x800020b0 (0xe8a90ca3) mem 0x8001269e 0xac
core   0: 0x800020b4 (0xf83e9423) sh      gp, -120(t4)
core   0: 3 0x800020b4 (0xf83e9423) mem 0x80012a64 0x0000
core   0: 0x800020b8 (0x4ce90003) lb      zero, 1230(s2)
core   0: 3 0x800020b8 (0x4ce90003) mem 0x80012cd3
core   0: 0x800020bc (0x85b91da3) sh      s11, -1957(s2)
core   0: 3 0x800020bc (0x85b91da3) mem 0x80012060 0x27e2
core   0: 0x800020c0 (0xbb688e23) sb      s6, -1092(a7)
core   0: 3 0x800020c0 (0xbb688e23) mem 0x800128bd 0x0
core   0: 0x800020c4 (0xfa38d183) lhu     gp, -93(a7)
core   0: 3 0x800020c4 (0xfa38d183) x 3 0x00000000 mem 0x80012ca4
core   0: 0x800020c8 (0xffbccf83) lbu     t6, -5(s9)
core   0: 3 0x800020c8 (0xffbccf83) x31 0x00000000 mem 0x80012285
core   0: 0x800020cc (0xa5c94183) lbu     gp, -1444(s2)
core   0: 3 0x800020cc (0xa5c94183) x 3 0x00000000 mem 0x80012261
core   0: 0x800020d0 (0x0e1ccf83) lbu     t6, 225(s9)
core   0: 3 0x800020d0 (0x0e1ccf83) x31 0x00000000 mem 0x8001236b
core   0: 0x800020d4 (0xf8090623) sb      zero, -116(s2)
core   0: 3 0x800020d4 (0xf8090623) mem 0x80012791 0x0
core   0: 0x800020d8 (0xf68cc703) lbu     a4, -152(s9)
core   0: 3 0x800020d8 (0xf68cc703) x14 0x00000000 mem 0x800121f2
core   0: 0x800020dc (0xfa3c81a3) sb      gp, -93(s9)
core   0: 3 0x800020dc (0xfa3c81a3) mem 0x8001222d 0x0
core   0: 0x800020e0 (0x050e8983) lb      s3, 80(t4)
core   0: 3 0x800020e0 (0x050e8983) x19 0x00000000 mem 0x80012b2c
core   0: 0x800020e4 (0xd7d88823) sb      t4, -656(a7)
core   0: 3 0x800020e4 (0xd7d88823) mem 0x80012a71 0xdc
core   0: 0x800020e8 (0xbd488f83) lb      t6, -1068(a7)
core   0: 3 0x800020e8 (0xbd488f83) x31 0x00000000 mem 0x800128d5
core   0: 0x800020ec (0xfe5e8b03) lb      s6, -27(t4)
core   0: 3 0x800020ec (0xfe5e8b03) x22 0x00000000 mem 0x80012ac1
core   0: 0x800020f0 (0x0fccdf83) lhu     t6, 252(s9)
core   0: 3 0x800020f0 (0x0fccdf83) x31 0x00000000 mem 0x80012386
core   0: 0x800020f4 (0x19491ea3) sh      s4, 413(s2)
core   0: 3 0x800020f4 (0x19491ea3) mem 0x800129a2 0x0000
core   0: 0x800020f8 (0xfdceab03) lw      s6, -36(t4)
core   0: 3 0x800020f8 (0xfdceab03) x22 0x00000000 mem 0x80012ab8
core   0: 0x800020fc (0xf1dcc283) lbu     t0, -227(s9)
core   0: 3 0x800020fc (0xf1dcc283) x 5 0x00000000 mem 0x800121a7
core   0: 0x80002100 (0x03ae87a3) sb      s10, 47(t4)
core   0: 3 0x80002100 (0x03ae87a3) mem 0x80012b0b 0x90
core   0: 0x80002104 (0xc2a8a9a3) sw      a0, -973(a7)
core   0: 3 0x80002104 (0xc2a8a9a3) mem 0x80012934 0x88ba1fac
core   0: 0x80002108 (0xfa3e8d03) lb      s10, -93(t4)
core   0: 3 0x80002108 (0xfa3e8d03) x26 0x00000000 mem 0x80012a7f
core   0: 0x8000210c (0xdeb95303) lhu     t1, -533(s2)
core   0: 3 0x8000210c (0xdeb95303) x 6 0x00000000 mem 0x800125f0
core   0: 0x80002110 (0xe1d88303) lb      t1, -483(a7)
core   0: 3 0x80002110 (0xe1d88303) x 6 0x00000000 mem 0x80012b1e
core   0: 0x80002114 (0x0f8e8783) lb      a5, 248(t4)
core   0: 3 0x80002114 (0x0f8e8783) x15 0x00000000 mem 0x80012bd4
core   0: 0x80002118 (0xd5894683) lbu     a3, -680(s2)
core   0: 3 0x80002118 (0xd5894683) x13 0x00000000 mem 0x8001255d
core   0: 0x8000211c (0xb6589183) lh      gp, -1179(a7)
core   0: 3 0x8000211c (0xb6589183) x 3 0x00000000 mem 0x80012866
core   0: 0x80002120 (0x0caec083) lbu     ra, 202(t4)
core   0: 3 0x80002120 (0x0caec083) x 1 0x00000000 mem 0x80012ba6
core   0: 0x80002124 (0x0e4c86a3) sb      tp, 237(s9)
core   0: 3 0x80002124 (0x0e4c86a3) mem 0x80012377 0x0
core   0: 0x80002128 (0x34f91ca3) sh      a5, 857(s2)
core   0: 3 0x80002128 (0x34f91ca3) mem 0x80012b5e 0x0000
core   0: 0x8000212c (0x1298d803) lhu     a6, 297(a7)
core   0: 3 0x8000212c (0x1298d803) x16 0x00000000 mem 0x80012e2a
core   0: 0x80002130 (0x01c007ef) jal     a5, pc + 0x1c
core   0: 3 0x80002130 (0x01c007ef) x15 0x80002134
core   0: 0x8000214c (0x0040036f) jal     t1, pc + 0x4
core   0: 3 0x8000214c (0x0040036f) x 6 0x80002150
core   0: 0x80002150 (0x008002ef) jal     t0, pc + 0x8
core   0: 3 0x80002150 (0x008002ef) x 5 0x80002154
core   0: 0x80002158 (0x008000ef) jal     pc + 0x8
core   0: 3 0x80002158 (0x008000ef) x 1 0x8000215c
core   0: 0x80002160 (0xfe9ff56f) jal     a0, pc - 0x18
core   0: 3 0x80002160 (0xfe9ff56f) x10 0x80002164
core   0: 0x80002148 (0x00c0036f) jal     t1, pc + 0xc
core   0: 3 0x80002148 (0x00c0036f) x 6 0x8000214c
core   0: 0x80002154 (0xfedff0ef) jal     pc - 0x14
core   0: 3 0x80002154 (0xfedff0ef) x 1 0x80002158
core   0: 0x80002140 (0x01c0036f) jal     t1, pc + 0x1c
core   0: 3 0x80002140 (0x01c0036f) x 6 0x80002144
core   0: 0x8000215c (0x008002ef) jal     t0, pc + 0x8
core   0: 3 0x8000215c (0x008002ef) x 5 0x80002160
core   0: 0x80002164 (0x0040016f) jal     sp, pc + 0x4
core   0: 3 0x80002164 (0x0040016f) x 2 0x80002168
core   0: 0x80002168 (0xfcdff36f) jal     t1, pc - 0x34
core   0: 3 0x80002168 (0xfcdff36f) x 6 0x8000216c
core   0: 0x80002134 (0x008000ef) jal     pc + 0x8
core   0: 3 0x80002134 (0x008000ef) x 1 0x80002138
core   0: 0x8000213c (0xffdff0ef) jal     pc - 0x4
core   0: 3 0x8000213c (0xffdff0ef) x 1 0x80002140
core   0: 0x80002138 (0x00c000ef) jal     pc + 0xc
core   0: 3 0x80002138 (0x00c000ef) x 1 0x8000213c
core   0: 0x80002144 (0x02800b6f) jal     s6, pc + 0x28
core   0: 3 0x80002144 (0x02800b6f) x22 0x80002148
core   0: 0x8000216c (0x01cc1b13) slli    s6, s8, 28
core   0: 3 0x8000216c (0x01cc1b13) x22 0x00000000
core   0: 0x80002170 (0x00010397) auipc   t2, 0x10
core   0: 3 0x80002170 (0x00010397) x 7 0x80012170
core   0: 0x80002174 (0xfa238393) addi    t2, t2, -94
core   0: 3 0x80002174 (0xfa238393) x 7 0x80012112
core   0: 0x80002178 (0x3bb3cc03) lbu     s8, 955(t2)
core   0: 3 0x80002178 (0x3bb3cc03) x24 0x00000000 mem 0x800124cd
core   0: 0x8000217c (0x3a438da3) sb      tp, 955(t2)
core   0: 3 0x8000217c (0x3a438da3) mem 0x800124cd 0x0
core   0: 0x80002180 (0x32b3c003) lbu     zero, 811(t2)
core   0: 3 0x80002180 (0x32b3c003) mem 0x8001243d
core   0: 0x80002184 (0x01069d13) slli    s10, a3, 16
core   0: 3 0x80002184 (0x01069d13) x26 0x00000000
core   0: 0x80002188 (0x32f385a3) sb      a5, 811(t2)
core   0: 3 0x80002188 (0x32f385a3) mem 0x8001243d 0x34
core   0: 0x8000218c (0x32b38e03) lb      t3, 811(t2)
core   0: 3 0x8000218c (0x32b38e03) x28 0x00000034 mem 0x8001243d
core   0: 0x80002190 (0x335385a3) sb      s5, 811(t2)
core   0: 3 0x80002190 (0x335385a3) mem 0x8001243d 0xbb
core   0: 0x80002194 (0x32b3c303) lbu     t1, 811(t2)
core   0: 3 0x80002194 (0x32b3c303) x 6 0x000000bb mem 0x8001243d
core   0: 0x80002198 (0x33a385a3) sb      s10, 811(t2)
core   0: 3 0x80002198 (0x33a385a3) mem 0x8001243d 0x0
core   0: 0x8000219c (0x339385a3) sb      s9, 811(t2)
core   0: 3 0x8000219c (0x339385a3) mem 0x8001243d 0x8a
core   0: 0x800021a0 (0x32b3c603) lbu     a2, 811(t2)
core   0: 3 0x800021a0 (0x32b3c603) x12 0x0000008a mem 0x8001243d
core   0: 0x800021a4 (0x32b38303) lb      t1, 811(t2)
core   0: 3 0x800021a4 (0x32b38303) x 6 0xffffff8a mem 0x8001243d
core   0: 0x800021a8 (0x32b38003) lb      zero, 811(t2)
core   0: 3 0x800021a8 (0x32b38003) mem 0x8001243d
core   0: 0x800021ac (0x64d3cf03) lbu     t5, 1613(t2)
core   0: 3 0x800021ac (0x64d3cf03) x30 0x00000000 mem 0x8001275f
core   0: 0x800021b0 (0x0823d303) lhu     t1, 130(t2)
core   0: 3 0x800021b0 (0x0823d303) x 6 0x00000000 mem 0x80012194
core   0: 0x800021b4 (0x0963a123) sw      s6, 130(t2)
core   0: 3 0x800021b4 (0x0963a123) mem 0x80012194 0x00000000
core   0: 0x800021b8 (0x00015a17) auipc   s4, 0x15
core   0: 3 0x800021b8 (0x00015a17) x20 0x800171b8
core   0: 0x800021bc (0xabea0a13) addi    s4, s4, -1346
core   0: 3 0x800021bc (0xabea0a13) x20 0x80016c76
core   0: 0x800021c0 (0xff3a4d83) lbu     s11, -13(s4)
core   0: 3 0x800021c0 (0xff3a4d83) x27 0x00000000 mem 0x80016c69
core   0: 0x800021c4 (0x00011697) auipc   a3, 0x11
core   0: 3 0x800021c4 (0x00011697) x13 0x800131c4
core   0: 0x800021c8 (0xdd968693) addi    a3, a3, -551
core   0: 3 0x800021c8 (0xdd968693) x13 0x80012f9d
core   0: 0x800021cc (0xfe7a1723) sh      t2, -18(s4)
core   0: 3 0x800021cc (0xfe7a1723) mem 0x80016c64 0x2112
core   0: 0x800021d0 (0x08968503) lb      a0, 137(a3)
core   0: 3 0x800021d0 (0x08968503) x10 0x00000000 mem 0x80013026
core   0: 0x800021d4 (0x01ba0f83) lb      t6, 27(s4)
core   0: 3 0x800021d4 (0x01ba0f83) x31 0x00000000 mem 0x80016c91
core   0: 0x800021d8 (0x001a4b03) lbu     s6, 1(s4)
core   0: 3 0x800021d8 (0x001a4b03) x22 0x00000000 mem 0x80016c77
core   0: 0x800021dc (0xf2d69f83) lh      t6, -211(a3)
core   0: 3 0x800021dc (0xf2d69f83) x31 0x00000000 mem 0x80012eca
core   0: 0x800021e0 (0xfc7a0a23) sb      t2, -44(s4)
core   0: 3 0x800021e0 (0xfc7a0a23) mem 0x80016c4a 0x12
core   0: 0x800021e4 (0xfb369383) lh      t2, -77(a3)
core   0: 3 0x800021e4 (0xfb369383) x 7 0x00000000 mem 0x80012f50
core   0: 0x800021e8 (0xfdaa07a3) sb      s10, -49(s4)
core   0: 3 0x800021e8 (0xfdaa07a3) mem 0x80016c45 0x0
core   0: 0x800021ec (0x03f6df83) lhu     t6, 63(a3)
core   0: 3 0x800021ec (0x03f6df83) x31 0x00000000 mem 0x80012fdc
core   0: 0x800021f0 (0x0546ce83) lbu     t4, 84(a3)
core   0: 3 0x800021f0 (0x0546ce83) x29 0x00000000 mem 0x80012ff1
core   0: 0x800021f4 (0xff4a0183) lb      gp, -12(s4)
core   0: 3 0x800021f4 (0xff4a0183) x 3 0x00000000 mem 0x80016c6a
core   0: 0x800021f8 (0x01da4703) lbu     a4, 29(s4)
core   0: 3 0x800021f8 (0x01da4703) x14 0x00000000 mem 0x80016c93
core   0: 0x800021fc (0xf8e6c383) lbu     t2, -114(a3)
core   0: 3 0x800021fc (0xf8e6c383) x 7 0x00000000 mem 0x80012f2b
core   0: 0x80002200 (0xf126c383) lbu     t2, -238(a3)
core   0: 3 0x80002200 (0xf126c383) x 7 0x00000000 mem 0x80012eaf
core   0: 0x80002204 (0x017a4f03) lbu     t5, 23(s4)
core   0: 3 0x80002204 (0x017a4f03) x30 0x00000000 mem 0x80016c8d
core   0: 0x80002208 (0xfd2a5003) lhu     zero, -46(s4)
core   0: 3 0x80002208 (0xfd2a5003) mem 0x80016c48
core   0: 0x8000220c (0xf24682a3) sb      tp, -219(a3)
core   0: 3 0x8000220c (0xf24682a3) mem 0x80012ec2 0x0
core   0: 0x80002210 (0xff800393) li      t2, -8
core   0: 3 0x80002210 (0xff800393) x 7 0xfffffff8
core   0: 0x80002214 (0x0ff0000f) fence   iorw,iorw
core   0: 3 0x80002214 (0x0ff0000f)
core   0: 0x80002218 (0x003e4d33) xor     s10, t3, gp
core   0: 3 0x80002218 (0x003e4d33) x26 0x00000034
core   0: 0x8000221c (0x6ca22d13) slti    s10, tp, 1738
core   0: 3 0x8000221c (0x6ca22d13) x26 0x00000001
core   0: 0x80002220 (0x0006d733) srl     a4, a3, zero
core   0: 3 0x80002220 (0x0006d733) x14 0x80012f9d
core   0: 0x80002224 (0x0ff0000f) fence   iorw,iorw
core   0: 3 0x80002224 (0x0ff0000f)
core   0: 0x80002228 (0x01300893) li      a7, 19
core   0: 3 0x80002228 (0x01300893) x17 0x00000013
core   0: 0x8000222c (0x01acde33) srl     t3, s9, s10
core   0: 3 0x8000222c (0x01acde33) x28 0x40009145
core   0: 0x80002230 (0x001e69b3) or      s3, t3, ra
core   0: 3 0x80002230 (0x001e69b3) x19 0xc000b17d
core   0: 0x80002234 (0x03705a17) auipc   s4, 0x3705
core   0: 3 0x80002234 (0x03705a17) x20 0x83707234
core   0: 0x80002238 (0x00a38393) addi    t2, t2, 10
core   0: 3 0x80002238 (0x00a38393) x 7 0x00000002
core   0: 0x8000223c (0x39074e93) xori    t4, a4, 912
core   0: 3 0x8000223c (0x39074e93) x29 0x80012c0d
core   0: 0x80002240 (0xffc00c93) li      s9, -4
core   0: 3 0x80002240 (0xffc00c93) x25 0xfffffffc
core   0: 0x80002244 (0xffc00113) li      sp, -4
core   0: 3 0x80002244 (0xffc00113) x 2 0xfffffffc
core   0: 0x80002248 (0x2a7a3293) sltiu   t0, s4, 679
core   0: 3 0x80002248 (0x2a7a3293) x 5 0x00000000
core   0: 0x8000224c (0x0c7abf13) sltiu   t5, s5, 199
core   0: 3 0x8000224c (0x0c7abf13) x30 0x00000000
core   0: 0x80002250 (0x00b00f33) add     t5, zero, a1
core   0: 3 0x80002250 (0x00b00f33) x30 0x00000000
core   0: 0x80002254 (0xff6c8c93) addi    s9, s9, -10
core   0: 3 0x80002254 (0xff6c8c93) x25 0xfffffff2
core   0: 0x80002258 (0x01d4b333) sltu    t1, s1, t4
core   0: 3 0x80002258 (0x01d4b333) x 6 0x00000000
core   0: 0x8000225c (0x00ac7933) and     s2, s8, a0
core   0: 3 0x8000225c (0x00ac7933) x18 0x00000000
core   0: 0x80002260 (0x43dc7913) andi    s2, s8, 1085
core   0: 3 0x80002260 (0x43dc7913) x18 0x00000000
core   0: 0x80002264 (0xd8413993) sltiu   s3, sp, -636
core   0: 3 0x80002264 (0xd8413993) x19 0x00000000
core   0: 0x80002268 (0x5e34e517) auipc   a0, 0x5e34e
core   0: 3 0x80002268 (0x5e34e517) x10 0xde350268
core   0: 0x8000226c (0x012f0db3) add     s11, t5, s2
core   0: 3 0x8000226c (0x012f0db3) x27 0x00000000
core   0: 0x80002270 (0x001f7033) and     zero, t5, ra
core   0: 3 0x80002270 (0x001f7033)
core   0: 0x80002274 (0xfc2cdce3) bge     s9, sp, pc - 40
core   0: 3 0x80002274 (0xfc2cdce3)
core   0: 0x80002278 (0x413982b3) sub     t0, s3, s3
core   0: 3 0x80002278 (0x413982b3) x 5 0x00000000
core   0: 0x8000227c (0xfb13eae3) bltu    t2, a7, pc - 76
core   0: 3 0x8000227c (0xfb13eae3)
core   0: 0x80002230 (0x001e69b3) or      s3, t3, ra
core   0: 3 0x80002230 (0x001e69b3) x19 0xc000b17d
core   0: 0x80002234 (0x03705a17) auipc   s4, 0x3705
core   0: 3 0x80002234 (0x03705a17) x20 0x83707234
core   0: 0x80002238 (0x00a38393) addi    t2, t2, 10
core   0: 3 0x80002238 (0x00a38393) x 7 0x0000000c
core   0: 0x8000223c (0x39074e93) xori    t4, a4, 912
core   0: 3 0x8000223c (0x39074e93) x29 0x80012c0d
core   0: 0x80002240 (0xffc00c93) li      s9, -4
core   0: 3 0x80002240 (0xffc00c93) x25 0xfffffffc
core   0: 0x80002244 (0xffc00113) li      sp, -4
core   0: 3 0x80002244 (0xffc00113) x 2 0xfffffffc
core   0: 0x80002248 (0x2a7a3293) sltiu   t0, s4, 679
core   0: 3 0x80002248 (0x2a7a3293) x 5 0x00000000
core   0: 0x8000224c (0x0c7abf13) sltiu   t5, s5, 199
core   0: 3 0x8000224c (0x0c7abf13) x30 0x00000000
core   0: 0x80002250 (0x00b00f33) add     t5, zero, a1
core   0: 3 0x80002250 (0x00b00f33) x30 0x00000000
core   0: 0x80002254 (0xff6c8c93) addi    s9, s9, -10
core   0: 3 0x80002254 (0xff6c8c93) x25 0xfffffff2
core   0: 0x80002258 (0x01d4b333) sltu    t1, s1, t4
core   0: 3 0x80002258 (0x01d4b333) x 6 0x00000000
core   0: 0x8000225c (0x00ac7933) and     s2, s8, a0
core   0: 3 0x8000225c (0x00ac7933) x18 0x00000000
core   0: 0x80002260 (0x43dc7913) andi    s2, s8, 1085
core   0: 3 0x80002260 (0x43dc7913) x18 0x00000000
core   0: 0x80002264 (0xd8413993) sltiu   s3, sp, -636
core   0: 3 0x80002264 (0xd8413993) x19 0x00000000
core   0: 0x80002268 (0x5e34e517) auipc   a0, 0x5e34e
core   0: 3 0x80002268 (0x5e34e517) x10 0xde350268
core   0: 0x8000226c (0x012f0db3) add     s11, t5, s2
core   0: 3 0x8000226c (0x012f0db3) x27 0x00000000
core   0: 0x80002270 (0x001f7033) and     zero, t5, ra
core   0: 3 0x80002270 (0x001f7033)
core   0: 0x80002274 (0xfc2cdce3) bge     s9, sp, pc - 40
core   0: 3 0x80002274 (0xfc2cdce3)
core   0: 0x80002278 (0x413982b3) sub     t0, s3, s3
core   0: 3 0x80002278 (0x413982b3) x 5 0x00000000
core   0: 0x8000227c (0xfb13eae3) bltu    t2, a7, pc - 76
core   0: 3 0x8000227c (0xfb13eae3)
core   0: 0x80002230 (0x001e69b3) or      s3, t3, ra
core   0: 3 0x80002230 (0x001e69b3) x19 0xc000b17d
core   0: 0x80002234 (0x03705a17) auipc   s4, 0x3705
core   0: 3 0x80002234 (0x03705a17) x20 0x83707234
core   0: 0x80002238 (0x00a38393) addi    t2, t2, 10
core   0: 3 0x80002238 (0x00a38393) x 7 0x00000016
core   0: 0x8000223c (0x39074e93) xori    t4, a4, 912
core   0: 3 0x8000223c (0x39074e93) x29 0x80012c0d
core   0: 0x80002240 (0xffc00c93) li      s9, -4
core   0: 3 0x80002240 (0xffc00c93) x25 0xfffffffc
core   0: 0x80002244 (0xffc00113) li      sp, -4
core   0: 3 0x80002244 (0xffc00113) x 2 0xfffffffc
core   0: 0x80002248 (0x2a7a3293) sltiu   t0, s4, 679
core   0: 3 0x80002248 (0x2a7a3293) x 5 0x00000000
core   0: 0x8000224c (0x0c7abf13) sltiu   t5, s5, 199
core   0: 3 0x8000224c (0x0c7abf13) x30 0x00000000
core   0: 0x80002250 (0x00b00f33) add     t5, zero, a1
core   0: 3 0x80002250 (0x00b00f33) x30 0x00000000
core   0: 0x80002254 (0xff6c8c93) addi    s9, s9, -10
core   0: 3 0x80002254 (0xff6c8c93) x25 0xfffffff2
core   0: 0x80002258 (0x01d4b333) sltu    t1, s1, t4
core   0: 3 0x80002258 (0x01d4b333) x 6 0x00000000
core   0: 0x8000225c (0x00ac7933) and     s2, s8, a0
core   0: 3 0x8000225c (0x00ac7933) x18 0x00000000
core   0: 0x80002260 (0x43dc7913) andi    s2, s8, 1085
core   0: 3 0x80002260 (0x43dc7913) x18 0x00000000
core   0: 0x80002264 (0xd8413993) sltiu   s3, sp, -636
core   0: 3 0x80002264 (0xd8413993) x19 0x00000000
core   0: 0x80002268 (0x5e34e517) auipc   a0, 0x5e34e
core   0: 3 0x80002268 (0x5e34e517) x10 0xde350268
core   0: 0x8000226c (0x012f0db3) add     s11, t5, s2
core   0: 3 0x8000226c (0x012f0db3) x27 0x00000000
core   0: 0x80002270 (0x001f7033) and     zero, t5, ra
core   0: 3 0x80002270 (0x001f7033)
core   0: 0x80002274 (0xfc2cdce3) bge     s9, sp, pc - 40
core   0: 3 0x80002274 (0xfc2cdce3)
core   0: 0x80002278 (0x413982b3) sub     t0, s3, s3
core   0: 3 0x80002278 (0x413982b3) x 5 0x00000000
core   0: 0x8000227c (0xfb13eae3) bltu    t2, a7, pc - 76
core   0: 3 0x8000227c (0xfb13eae3)
core   0: 0x80002280 (0x81467513) andi    a0, a2, -2028
core   0: 3 0x80002280 (0x81467513) x10 0x00000000
core   0: 0x80002284 (0x00c007ef) jal     a5, pc + 0xc
core   0: 3 0x80002284 (0x00c007ef) x15 0x80002288
core   0: 0x80002290 (0x0340026f) jal     tp, pc + 0x34
core   0: 3 0x80002290 (0x0340026f) x 4 0x80002294
core   0: 0x800022c4 (0xfe9ff2ef) jal     t0, pc - 0x18
core   0: 3 0x800022c4 (0xfe9ff2ef) x 5 0x800022c8
core   0: 0x800022ac (0x008000ef) jal     pc + 0x8
core   0: 3 0x800022ac (0x008000ef) x 1 0x800022b0
core   0: 0x800022b4 (0x008000ef) jal     pc + 0x8
core   0: 3 0x800022b4 (0x008000ef) x 1 0x800022b8
core   0: 0x800022bc (0x01000e6f) jal     t3, pc + 0x10
core   0: 3 0x800022bc (0x01000e6f) x28 0x800022c0
core   0: 0x800022cc (0xfe5ff0ef) jal     pc - 0x1c
core   0: 3 0x800022cc (0xfe5ff0ef) x 1 0x800022d0
core   0: 0x800022b0 (0x008000ef) jal     pc + 0x8
core   0: 3 0x800022b0 (0x008000ef) x 1 0x800022b4
core   0: 0x800022b8 (0xfe1ff0ef) jal     pc - 0x20
core   0: 3 0x800022b8 (0xfe1ff0ef) x 1 0x800022bc
core   0: 0x80002298 (0x028000ef) jal     pc + 0x28
core   0: 3 0x80002298 (0x028000ef) x 1 0x8000229c
core   0: 0x800022c0 (0xfc9ff0ef) jal     pc - 0x38
core   0: 3 0x800022c0 (0xfc9ff0ef) x 1 0x800022c4
core   0: 0x80002288 (0x0140036f) jal     t1, pc + 0x14
core   0: 3 0x80002288 (0x0140036f) x 6 0x8000228c
core   0: 0x8000229c (0xff1ff0ef) jal     pc - 0x10
core   0: 3 0x8000229c (0xff1ff0ef) x 1 0x800022a0
core   0: 0x8000228c (0x018000ef) jal     pc + 0x18
core   0: 3 0x8000228c (0x018000ef) x 1 0x80002290
core   0: 0x800022a4 (0x024000ef) jal     pc + 0x24
core   0: 3 0x800022a4 (0x024000ef) x 1 0x800022a8
core   0: 0x800022c8 (0xfd9ff36f) jal     t1, pc - 0x28
core   0: 3 0x800022c8 (0xfd9ff36f) x 6 0x800022cc
core   0: 0x800022a0 (0xff5ff36f) jal     t1, pc - 0xc
core   0: 3 0x800022a0 (0xff5ff36f) x 6 0x800022a4
core   0: 0x80002294 (0x014000ef) jal     pc + 0x14
core   0: 3 0x80002294 (0x014000ef) x 1 0x80002298
core   0: 0x800022a8 (0x028000ef) jal     pc + 0x28
core   0: 3 0x800022a8 (0x028000ef) x 1 0x800022ac
core   0: 0x800022d0 (0x011ca433) slt     s0, s9, a7
core   0: 3 0x800022d0 (0x011ca433) x 8 0x00000001
core   0: 0x800022d4 (0x044007ef) jal     a5, pc + 0x44
core   0: 3 0x800022d4 (0x044007ef) x15 0x800022d8
core   0: 0x80002318 (0xfe5ff0ef) jal     pc - 0x1c
core   0: 3 0x80002318 (0xfe5ff0ef) x 1 0x8000231c
core   0: 0x800022fc (0xfe1ff2ef) jal     t0, pc - 0x20
core   0: 3 0x800022fc (0xfe1ff2ef) x 5 0x80002300
core   0: 0x800022dc (0x0380036f) jal     t1, pc + 0x38
core   0: 3 0x800022dc (0x0380036f) x 6 0x800022e0
core   0: 0x80002314 (0xfd1ff36f) jal     t1, pc - 0x30
core   0: 3 0x80002314 (0xfd1ff36f) x 6 0x80002318
core   0: 0x800022e4 (0x0200026f) jal     tp, pc + 0x20
core   0: 3 0x800022e4 (0x0200026f) x 4 0x800022e8
core   0: 0x80002304 (0x01c0036f) jal     t1, pc + 0x1c
core   0: 3 0x80002304 (0x01c0036f) x 6 0x80002308
core   0: 0x80002320 (0x02000b6f) jal     s6, pc + 0x20
core   0: 3 0x80002320 (0x02000b6f) x22 0x80002324
core   0: 0x80002340 (0xff5ff0ef) jal     pc - 0xc
core   0: 3 0x80002340 (0xff5ff0ef) x 1 0x80002344
core   0: 0x80002334 (0xfc5ff0ef) jal     pc - 0x3c
core   0: 3 0x80002334 (0xfc5ff0ef) x 1 0x80002338
core   0: 0x800022f8 (0x02c000ef) jal     pc + 0x2c
core   0: 3 0x800022f8 (0x02c000ef) x 1 0x800022fc
core   0: 0x80002324 (0x014000ef) jal     pc + 0x14
core   0: 3 0x80002324 (0x014000ef) x 1 0x80002328
core   0: 0x80002338 (0xfa9ff0ef) jal     pc - 0x58
core   0: 3 0x80002338 (0xfa9ff0ef) x 1 0x8000233c
core   0: 0x800022e0 (0x05000def) jal     s11, pc + 0x50
core   0: 3 0x800022e0 (0x05000def) x27 0x800022e4
core   0: 0x80002330 (0xfddff36f) jal     t1, pc - 0x24
core   0: 3 0x80002330 (0xfddff36f) x 6 0x80002334
core   0: 0x8000230c (0x030000ef) jal     pc + 0x30
core   0: 3 0x8000230c (0x030000ef) x 1 0x80002310
core   0: 0x8000233c (0xfedff36f) jal     t1, pc - 0x14
core   0: 3 0x8000233c (0xfedff36f) x 6 0x80002340
core   0: 0x80002328 (0xfe9ff0ef) jal     pc - 0x18
core   0: 3 0x80002328 (0xfe9ff0ef) x 1 0x8000232c
core   0: 0x80002310 (0xfe1ff0ef) jal     pc - 0x20
core   0: 3 0x80002310 (0xfe1ff0ef) x 1 0x80002314
core   0: 0x800022f0 (0xff9ffb6f) jal     s6, pc - 0x8
core   0: 3 0x800022f0 (0xff9ffb6f) x22 0x800022f4
core   0: 0x800022e8 (0x020000ef) jal     pc + 0x20
core   0: 3 0x800022e8 (0x020000ef) x 1 0x800022ec
core   0: 0x80002308 (0x02400fef) jal     t6, pc + 0x24
core   0: 3 0x80002308 (0x02400fef) x31 0x8000230c
core   0: 0x8000232c (0xfd5ff2ef) jal     t0, pc - 0x2c
core   0: 3 0x8000232c (0xfd5ff2ef) x 5 0x80002330
core   0: 0x80002300 (0xfedff36f) jal     t1, pc - 0x14
core   0: 3 0x80002300 (0xfedff36f) x 6 0x80002304
core   0: 0x800022ec (0x030000ef) jal     pc + 0x30
core   0: 3 0x800022ec (0x030000ef) x 1 0x800022f0
core   0: 0x8000231c (0xfd9ff0ef) jal     pc - 0x28
core   0: 3 0x8000231c (0xfd9ff0ef) x 1 0x80002320
core   0: 0x800022f4 (0x050000ef) jal     pc + 0x50
core   0: 3 0x800022f4 (0x050000ef) x 1 0x800022f8
core   0: 0x80002344 (0xf95ff36f) jal     t1, pc - 0x6c
core   0: 3 0x80002344 (0xf95ff36f) x 6 0x80002348
core   0: 0x800022d8 (0x0700026f) jal     tp, pc + 0x70
core   0: 3 0x800022d8 (0x0700026f) x 4 0x800022dc
core   0: 0x80002348 (0xe9ad6437) lui     s0, 0xe9ad6
core   0: 3 0x80002348 (0xe9ad6437) x 8 0xe9ad6000
core   0: 0x8000234c (0x044007ef) jal     a5, pc + 0x44
core   0: 3 0x8000234c (0x044007ef) x15 0x80002350
core   0: 0x80002390 (0xfe5ff0ef) jal     pc - 0x1c
core   0: 3 0x80002390 (0xfe5ff0ef) x 1 0x80002394
core   0: 0x80002374 (0x01800fef) jal     t6, pc + 0x18
core   0: 3 0x80002374 (0x01800fef) x31 0x80002378
core   0: 0x8000238c (0xfe1ffa6f) jal     s4, pc - 0x20
core   0: 3 0x8000238c (0xfe1ffa6f) x20 0x80002390
core   0: 0x8000236c (0x034000ef) jal     pc + 0x34
core   0: 3 0x8000236c (0x034000ef) x 1 0x80002370
core   0: 0x800023a0 (0xfddff26f) jal     tp, pc - 0x24
core   0: 3 0x800023a0 (0xfddff26f) x 4 0x800023a4
core   0: 0x8000237c (0x004002ef) jal     t0, pc + 0x4
core   0: 3 0x8000237c (0x004002ef) x 5 0x80002380
core   0: 0x80002380 (0xfe5ff9ef) jal     s3, pc - 0x1c
core   0: 3 0x80002380 (0xfe5ff9ef) x19 0x80002384
core   0: 0x80002364 (0x014000ef) jal     pc + 0x14
core   0: 3 0x80002364 (0x014000ef) x 1 0x80002368
core   0: 0x80002378 (0xff9ff7ef) jal     a5, pc - 0x8
core   0: 3 0x80002378 (0xff9ff7ef) x15 0x8000237c
core   0: 0x80002370 (0x02400eef) jal     t4, pc + 0x24
core   0: 3 0x80002370 (0x02400eef) x29 0x80002374
core   0: 0x80002394 (0xff5ff36f) jal     t1, pc - 0xc
core   0: 3 0x80002394 (0xff5ff36f) x 6 0x80002398
core   0: 0x80002388 (0xfc9ff36f) jal     t1, pc - 0x38
core   0: 3 0x80002388 (0xfc9ff36f) x 6 0x8000238c
core   0: 0x80002350 (0x0080036f) jal     t1, pc + 0x8
core   0: 3 0x80002350 (0x0080036f) x 6 0x80002354
core   0: 0x80002358 (0x04c000ef) jal     pc + 0x4c
core   0: 3 0x80002358 (0x04c000ef) x 1 0x8000235c
core   0: 0x800023a4 (0xfbdff0ef) jal     pc - 0x44
core   0: 3 0x800023a4 (0xfbdff0ef) x 1 0x800023a8
core   0: 0x80002360 (0x03c00f6f) jal     t5, pc + 0x3c
core   0: 3 0x80002360 (0x03c00f6f) x30 0x80002364
core   0: 0x8000239c (0xfcdff0ef) jal     pc - 0x34
core   0: 3 0x8000239c (0xfcdff0ef) x 1 0x800023a0
core   0: 0x80002368 (0x0440036f) jal     t1, pc + 0x44
core   0: 3 0x80002368 (0x0440036f) x 6 0x8000236c
core   0: 0x800023ac (0xfa9ffa6f) jal     s4, pc - 0x58
core   0: 3 0x800023ac (0xfa9ffa6f) x20 0x800023b0
core   0: 0x80002354 (0x054000ef) jal     pc + 0x54
core   0: 3 0x80002354 (0x054000ef) x 1 0x80002358
core   0: 0x800023a8 (0xff1ff1ef) jal     gp, pc - 0x10
core   0: 3 0x800023a8 (0xff1ff1ef) x 3 0x800023ac
core   0: 0x80002398 (0xfedff0ef) jal     pc - 0x14
core   0: 3 0x80002398 (0xfedff0ef) x 1 0x8000239c
core   0: 0x80002384 (0xfd9ff0ef) jal     pc - 0x28
core   0: 3 0x80002384 (0xfd9ff0ef) x 1 0x80002388
core   0: 0x8000235c (0x05400a6f) jal     s4, pc + 0x54
core   0: 3 0x8000235c (0x05400a6f) x20 0x80002360
core   0: 0x800023b0 (0x01b4dd13) srli    s10, s1, 27
core   0: 3 0x800023b0 (0x01b4dd13) x26 0x00000010
core   0: 0x800023b4 (0x00014817) auipc   a6, 0x14
core   0: 3 0x800023b4 (0x00014817) x16 0x800163b4
core   0: 0x800023b8 (0x4e480813) addi    a6, a6, 1252
core   0: 3 0x800023b8 (0x4e480813) x16 0x80016898
core   0: 0x800023bc (0x0001ec17) auipc   s8, 0x1e
core   0: 3 0x800023bc (0x0001ec17) x24 0x800203bc
core   0: 0x800023c0 (0x4f3c0c13) addi    s8, s8, 1267
core   0: 3 0x800023c0 (0x4f3c0c13) x24 0x800208af
core   0: 0x800023c4 (0xea180883) lb      a7, -351(a6)
core   0: 3 0x800023c4 (0xea180883) x17 0x00000000 mem 0x80016739
core   0: 0x800023c8 (0xfcec4e03) lbu     t3, -50(s8)
core   0: 3 0x800023c8 (0xfcec4e03) x28 0x00000000 mem 0x8002087d
core   0: 0x800023cc (0x00ec4183) lbu     gp, 14(s8)
core   0: 3 0x800023cc (0x00ec4183) x 3 0x00000000 mem 0x800208bd
core   0: 0x800023d0 (0x2de80c83) lb      s9, 734(a6)
core   0: 3 0x800023d0 (0x2de80c83) x25 0x00000000 mem 0x80016b76
core   0: 0x800023d4 (0x594807a3) sb      s4, 1423(a6)
core   0: 3 0x800023d4 (0x594807a3) mem 0x80016e27 0x60
core   0: 0x800023d8 (0xfd6c1da3) sh      s6, -37(s8)
core   0: 3 0x800023d8 (0xfd6c1da3) mem 0x8002088a 0x22f4
core   0: 0x800023dc (0xfd7c4683) lbu     a3, -41(s8)
core   0: 3 0x800023dc (0xfd7c4683) x13 0x00000000 mem 0x80020886
core   0: 0x800023e0 (0x92084583) lbu     a1, -1760(a6)
core   0: 3 0x800023e0 (0x92084583) x11 0x00000000 mem 0x800161b8
core   0: 0x800023e4 (0xfe2c0da3) sb      sp, -5(s8)
core   0: 3 0x800023e4 (0xfe2c0da3) mem 0x800208aa 0xfc
core   0: 0x800023e8 (0xfd1c0d23) sb      a7, -38(s8)
core   0: 3 0x800023e8 (0xfd1c0d23) mem 0x80020889 0x0
core   0: 0x800023ec (0xaba81d23) sh      s10, -1350(a6)
core   0: 3 0x800023ec (0xaba81d23) mem 0x80016352 0x0010
core   0: 0x800023f0 (0xfd3c0503) lb      a0, -45(s8)
core   0: 3 0x800023f0 (0xfd3c0503) x10 0x00000000 mem 0x80020882
core   0: 0x800023f4 (0x546802a3) sb      t1, 1349(a6)
core   0: 3 0x800023f4 (0x546802a3) mem 0x80016ddd 0x6c
core   0: 0x800023f8 (0x015c0e83) lb      t4, 21(s8)
core   0: 3 0x800023f8 (0x015c0e83) x29 0x00000000 mem 0x800208c4
core   0: 0x800023fc (0x003c5603) lhu     a2, 3(s8)
core   0: 3 0x800023fc (0x003c5603) x12 0x00000000 mem 0x800208b2
core   0: 0x80002400 (0x79580ca3) sb      s5, 1945(a6)
core   0: 3 0x80002400 (0x79580ca3) mem 0x80017031 0xbb
core   0: 0x80002404 (0x000c0583) lb      a1, 0(s8)
core   0: 3 0x80002404 (0x000c0583) x11 0x00000000 mem 0x800208af
core   0: 0x80002408 (0x01c007ef) jal     a5, pc + 0x1c
core   0: 3 0x80002408 (0x01c007ef) x15 0x8000240c
core   0: 0x80002424 (0xff9ff0ef) jal     pc - 0x8
core   0: 3 0x80002424 (0xff9ff0ef) x 1 0x80002428
core   0: 0x8000241c (0x03c000ef) jal     pc + 0x3c
core   0: 3 0x8000241c (0x03c000ef) x 1 0x80002420
core   0: 0x80002458 (0xfe5ff0ef) jal     pc - 0x1c
core   0: 3 0x80002458 (0xfe5ff0ef) x 1 0x8000245c
core   0: 0x8000243c (0x01800e6f) jal     t3, pc + 0x18
core   0: 3 0x8000243c (0x01800e6f) x28 0x80002440
core   0: 0x80002454 (0xfcdff36f) jal     t1, pc - 0x34
core   0: 3 0x80002454 (0xfcdff36f) x 6 0x80002458
core   0: 0x80002420 (0x0500036f) jal     t1, pc + 0x50
core   0: 3 0x80002420 (0x0500036f) x 6 0x80002424
core   0: 0x80002470 (0xffdff66f) jal     a2, pc - 0x4
core   0: 3 0x80002470 (0xffdff66f) x12 0x80002474
core   0: 0x8000246c (0xfcdff0ef) jal     pc - 0x34
core   0: 3 0x8000246c (0xfcdff0ef) x 1 0x80002470
core   0: 0x80002438 (0xffdff0ef) jal     pc - 0x4
core   0: 3 0x80002438 (0xffdff0ef) x 1 0x8000243c
core   0: 0x80002434 (0xfe5ff0ef) jal     pc - 0x1c
core   0: 3 0x80002434 (0xfe5ff0ef) x 1 0x80002438
core   0: 0x80002418 (0x0180036f) jal     t1, pc + 0x18
core   0: 3 0x80002418 (0x0180036f) x 6 0x8000241c
core   0: 0x80002430 (0xff9ff0ef) jal     pc - 0x8
core   0: 3 0x80002430 (0xff9ff0ef) x 1 0x80002434
core   0: 0x80002428 (0x034000ef) jal     pc + 0x34
core   0: 3 0x80002428 (0x034000ef) x 1 0x8000242c
core   0: 0x8000245c (0xfb1ff0ef) jal     pc - 0x50
core   0: 3 0x8000245c (0xfb1ff0ef) x 1 0x80002460
core   0: 0x8000240c (0x0440036f) jal     t1, pc + 0x44
core   0: 3 0x8000240c (0x0440036f) x 6 0x80002410
core   0: 0x80002450 (0xfc5ff36f) jal     t1, pc - 0x3c
core   0: 3 0x80002450 (0xfc5ff36f) x 6 0x80002454
core   0: 0x80002414 (0x038000ef) jal     pc + 0x38
core   0: 3 0x80002414 (0x038000ef) x 1 0x80002418
core   0: 0x8000244c (0x0180036f) jal     t1, pc + 0x18
core   0: 3 0x8000244c (0x0180036f) x 6 0x80002450
core   0: 0x80002464 (0xfc9ff0ef) jal     pc - 0x38
core   0: 3 0x80002464 (0xfc9ff0ef) x 1 0x80002468
core   0: 0x8000242c (0x03c00def) jal     s11, pc + 0x3c
core   0: 3 0x8000242c (0x03c00def) x27 0x80002430
core   0: 0x80002468 (0xfddff0ef) jal     pc - 0x24
core   0: 3 0x80002468 (0xfddff0ef) x 1 0x8000246c
core   0: 0x80002444 (0x01c0036f) jal     t1, pc + 0x1c
core   0: 3 0x80002444 (0x01c0036f) x 6 0x80002448
core   0: 0x80002460 (0xfe9ff16f) jal     sp, pc - 0x18
core   0: 3 0x80002460 (0xfe9ff16f) x 2 0x80002464
core   0: 0x80002448 (0xff9ff36f) jal     t1, pc - 0x8
core   0: 3 0x80002448 (0xff9ff36f) x 6 0x8000244c
core   0: 0x80002440 (0xfd1ffc6f) jal     s8, pc - 0x30
core   0: 3 0x80002440 (0xfd1ffc6f) x24 0x80002444
core   0: 0x80002410 (0x06400fef) jal     t6, pc + 0x64
core   0: 3 0x80002410 (0x06400fef) x31 0x80002414
core   0: 0x80002474 (0x019cc0b3) xor     ra, s9, s9
core   0: 3 0x80002474 (0x019cc0b3) x 1 0x00000000
core   0: 0x80002478 (0x00010117) auipc   sp, 0x10
core   0: 3 0x80002478 (0x00010117) x 2 0x80012478
core   0: 0x8000247c (0xf1a10113) addi    sp, sp, -230
core   0: 3 0x8000247c (0xf1a10113) x 2 0x80012392
core   0: 0x80002480 (0x06615603) lhu     a2, 102(sp)
core   0: 3 0x80002480 (0x06615603) x12 0x00000000 mem 0x800123f8
core   0: 0x80002484 (0x0000100f) fence.i
core   0: 3 0x80002484 (0x0000100f)
core   0: 0x80002488 (0x54752893) slti    a7, a0, 1351
core   0: 3 0x80002488 (0x54752893) x17 0x00000001
core   0: 0x8000248c (0x011bd8b3) srl     a7, s7, a7
core   0: 3 0x8000248c (0x011bd8b3) x17 0x40013f32
core   0: 0x80002490 (0x42b32e93) slti    t4, t1, 1067
core   0: 3 0x80002490 (0x42b32e93) x29 0x00000001
core   0: 0x80002494 (0x02b14903) lbu     s2, 43(sp)
core   0: 3 0x80002494 (0x02b14903) x18 0x00000000 mem 0x800123bd
core   0: 0x80002498 (0xf4b11023) sh      a1, -192(sp)
core   0: 3 0x80002498 (0xf4b11023) mem 0x800122d2 0x0000
core   0: 0x8000249c (0x3da96393) ori     t2, s2, 986
core   0: 3 0x8000249c (0x3da96393) x 7 0x000003da
core   0: 0x800024a0 (0xfe014983) lbu     s3, -32(sp)
core   0: 3 0x800024a0 (0xfe014983) x19 0x00000000 mem 0x80012372
core   0: 0x800024a4 (0xf9e10983) lb      s3, -98(sp)
core   0: 3 0x800024a4 (0xf9e10983) x19 0x00000000 mem 0x80012330
core   0: 0x800024a8 (0x013c0e33) add     t3, s8, s3
core   0: 3 0x800024a8 (0x013c0e33) x28 0x80002444
core   0: 0x800024ac (0x0ff0000f) fence   iorw,iorw
core   0: 3 0x800024ac (0x0ff0000f)
core   0: 0x800024b0 (0x04d104a3) sb      a3, 73(sp)
core   0: 3 0x800024b0 (0x04d104a3) mem 0x800123db 0x0
core   0: 0x800024b4 (0xf4612d03) lw      s10, -186(sp)
core   0: 3 0x800024b4 (0xf4612d03) x26 0x00000000 mem 0x800122d8
core   0: 0x800024b8 (0x06911623) sh      s1, 108(sp)
core   0: 3 0x800024b8 (0x06911623) mem 0x800123fe 0xbce4
core   0: 0x800024bc (0xfe2100a3) sb      sp, -31(sp)
core   0: 3 0x800024bc (0xfe2100a3) mem 0x80012373 0x92
core   0: 0x800024c0 (0x05212083) lw      ra, 82(sp)
core   0: 3 0x800024c0 (0x05212083) x 1 0x00000000 mem 0x800123e4
core   0: 0x800024c4 (0x0ff0000f) fence   iorw,iorw
core   0: 3 0x800024c4 (0x0ff0000f)
core   0: 0x800024c8 (0x01010f03) lb      t5, 16(sp)
core   0: 3 0x800024c8 (0x01010f03) x30 0x00000000 mem 0x800123a2
core   0: 0x800024cc (0xfd611e83) lh      t4, -42(sp)
core   0: 3 0x800024cc (0xfd611e83) x29 0x00000000 mem 0x80012368
core   0: 0x800024d0 (0x04a11503) lh      a0, 74(sp)
core   0: 3 0x800024d0 (0x04a11503) x10 0x00000000 mem 0x800123dc
core   0: 0x800024d4 (0xf0d10703) lb      a4, -243(sp)
core   0: 3 0x800024d4 (0xf0d10703) x14 0x00000000 mem 0x8001229f
core   0: 0x800024d8 (0x05010183) lb      gp, 80(sp)
core   0: 3 0x800024d8 (0x05010183) x 3 0x00000000 mem 0x800123e2
core   0: 0x800024dc (0xf5710ea3) sb      s7, -163(sp)
core   0: 3 0x800024dc (0xf5710ea3) mem 0x800122ef 0x64
core   0: 0x800024e0 (0xf9414f83) lbu     t6, -108(sp)
core   0: 3 0x800024e0 (0xf9414f83) x31 0x00000000 mem 0x80012326
core   0: 0x800024e4 (0xf8d10203) lb      tp, -115(sp)
core   0: 3 0x800024e4 (0xf8d10203) x 4 0x00000000 mem 0x8001231f
core   0: 0x800024e8 (0x07bfac93) slti    s9, t6, 123
core   0: 3 0x800024e8 (0x07bfac93) x25 0x00000001
core   0: 0x800024ec (0x00d0eb33) or      s6, ra, a3
core   0: 3 0x800024ec (0x00d0eb33) x22 0x00000000
core   0: 0x800024f0 (0x407758b3) sra     a7, a4, t2
core   0: 3 0x800024f0 (0x407758b3) x17 0x00000000
core   0: 0x800024f4 (0x0c010983) lb      s3, 192(sp)
core   0: 3 0x800024f4 (0x0c010983) x19 0x00000000 mem 0x80012452
core   0: 0x800024f8 (0xfc210da3) sb      sp, -37(sp)
core   0: 3 0x800024f8 (0xfc210da3) mem 0x8001236d 0x92
core   0: 0x800024fc (0x0e312523) sw      gp, 234(sp)
core   0: 3 0x800024fc (0x0e312523) mem 0x8001247c 0x00000000
core   0: 0x80002500 (0x05410ea3) sb      s4, 93(sp)
core   0: 3 0x80002500 (0x05410ea3) mem 0x800123ef 0x60
core   0: 0x80002504 (0xf4a15f83) lhu     t6, -182(sp)
core   0: 3 0x80002504 (0xf4a15f83) x31 0x00000000 mem 0x800122dc
core   0: 0x80002508 (0xcce5a537) lui     a0, 0xcce5a
core   0: 3 0x80002508 (0xcce5a537) x10 0xcce5a000
core   0: 0x8000250c (0x407f8a33) sub     s4, t6, t2
core   0: 3 0x8000250c (0x407f8a33) x20 0xfffffc26
core   0: 0x80002510 (0xfd212383) lw      t2, -46(sp)
core   0: 3 0x80002510 (0xfd212383) x 7 0x00000000 mem 0x80012364
core   0: 0x80002514 (0x02815603) lhu     a2, 40(sp)
core   0: 3 0x80002514 (0x02815603) x12 0x00000000 mem 0x800123ba
core   0: 0x80002518 (0x01da1fb3) sll     t6, s4, t4
core   0: 3 0x80002518 (0x01da1fb3) x31 0xfffffc26
core   0: 0x8000251c (0x01c837b3) sltu    a5, a6, t3
core   0: 3 0x8000251c (0x01c837b3) x15 0x00000000
core   0: 0x80002520 (0x91134413) xori    s0, t1, -1775
core   0: 3 0x80002520 (0x91134413) x 8 0x7fffdd5d
core   0: 0x80002524 (0xf5614d03) lbu     s10, -170(sp)
core   0: 3 0x80002524 (0xf5614d03) x26 0x00000000 mem 0x800122e8
core   0: 0x80002528 (0x01314e83) lbu     t4, 19(sp)
core   0: 3 0x80002528 (0x01314e83) x29 0x00000000 mem 0x800123a5
core   0: 0x8000252c (0xe7cc79b7) lui     s3, 0xe7cc7
core   0: 3 0x8000252c (0xe7cc79b7) x19 0xe7cc7000
core   0: 0x80002530 (0xfd710203) lb      tp, -41(sp)
core   0: 3 0x80002530 (0xfd710203) x 4 0x00000000 mem 0x80012369
core   0: 0x80002534 (0x005b21b3) slt     gp, s6, t0
core   0: 3 0x80002534 (0x005b21b3) x 3 0x00000000
core   0: 0x80002538 (0xfb612283) lw      t0, -74(sp)
core   0: 3 0x80002538 (0xfb612283) x 5 0x00000000 mem 0x80012348
core   0: 0x8000253c (0x004007ef) jal     a5, pc + 0x4
core   0: 3 0x8000253c (0x004007ef) x15 0x80002540
core   0: 0x80002540 (0x030001ef) jal     gp, pc + 0x30
core   0: 3 0x80002540 (0x030001ef) x 3 0x80002544
core   0: 0x80002570 (0x02c0016f) jal     sp, pc + 0x2c
core   0: 3 0x80002570 (0x02c0016f) x 2 0x80002574
core   0: 0x8000259c (0xfbdff0ef) jal     pc - 0x44
core   0: 3 0x8000259c (0xfbdff0ef) x 1 0x800025a0
core   0: 0x80002558 (0x038000ef) jal     pc + 0x38
core   0: 3 0x80002558 (0x038000ef) x 1 0x8000255c
core   0: 0x80002590 (0xfc5ff0ef) jal     pc - 0x3c
core   0: 3 0x80002590 (0xfc5ff0ef) x 1 0x80002594
core   0: 0x80002554 (0xff9ffdef) jal     s11, pc - 0x8
core   0: 3 0x80002554 (0xff9ffdef) x27 0x80002558
core   0: 0x8000254c (0x0300046f) jal     s0, pc + 0x30
core   0: 3 0x8000254c (0x0300046f) x 8 0x80002550
core   0: 0x8000257c (0x004000ef) jal     pc + 0x4
core   0: 3 0x8000257c (0x004000ef) x 1 0x80002580
core   0: 0x80002580 (0xff9ff0ef) jal     pc - 0x8
core   0: 3 0x80002580 (0xff9ff0ef) x 1 0x80002584
core   0: 0x80002578 (0xfd1ff0ef) jal     pc - 0x30
core   0: 3 0x80002578 (0xfd1ff0ef) x 1 0x8000257c
core   0: 0x80002548 (0x04c000ef) jal     pc + 0x4c
core   0: 3 0x80002548 (0x04c000ef) x 1 0x8000254c
core   0: 0x80002594 (0xfc9ff46f) jal     s0, pc - 0x38
core   0: 3 0x80002594 (0xfc9ff46f) x 8 0x80002598
core   0: 0x8000255c (0x008000ef) jal     pc + 0x8
core   0: 3 0x8000255c (0x008000ef) x 1 0x80002560
core   0: 0x80002564 (0x034000ef) jal     pc + 0x34
core   0: 3 0x80002564 (0x034000ef) x 1 0x80002568
core   0: 0x80002598 (0xfadff0ef) jal     pc - 0x54
core   0: 3 0x80002598 (0xfadff0ef) x 1 0x8000259c
core   0: 0x80002544 (0x00c000ef) jal     pc + 0xc
core   0: 3 0x80002544 (0x00c000ef) x 1 0x80002548
core   0: 0x80002550 (0x024000ef) jal     pc + 0x24
core   0: 3 0x80002550 (0x024000ef) x 1 0x80002554
core   0: 0x80002574 (0x014000ef) jal     pc + 0x14
core   0: 3 0x80002574 (0x014000ef) x 1 0x80002578
core   0: 0x80002588 (0xfe5fff6f) jal     t5, pc - 0x1c
core   0: 3 0x80002588 (0xfe5fff6f) x30 0x8000258c
core   0: 0x8000256c (0xffdff0ef) jal     pc - 0x4
core   0: 3 0x8000256c (0xffdff0ef) x 1 0x80002570
core   0: 0x80002568 (0x024000ef) jal     pc + 0x24
core   0: 3 0x80002568 (0x024000ef) x 1 0x8000256c
core   0: 0x8000258c (0xff9ff7ef) jal     a5, pc - 0x8
core   0: 3 0x8000258c (0xff9ff7ef) x15 0x80002590
core   0: 0x80002584 (0xfddff2ef) jal     t0, pc - 0x24
core   0: 3 0x80002584 (0xfddff2ef) x 5 0x80002588
core   0: 0x80002560 (0x0400036f) jal     t1, pc + 0x40
core   0: 3 0x80002560 (0x0400036f) x 6 0x80002564
core   0: 0x800025a0 (0x3c120113) addi    sp, tp, 961
core   0: 3 0x800025a0 (0x3c120113) x 2 0x000003c1
core   0: 0x800025a4 (0x0001b317) auipc   t1, 0x1b
core   0: 3 0x800025a4 (0x0001b317) x 6 0x8001d5a4
core   0: 0x800025a8 (0x97a30313) addi    t1, t1, -1670
core   0: 3 0x800025a8 (0x97a30313) x 6 0x8001cf1e
core   0: 0x800025ac (0x419ddcb3) sra     s9, s11, s9
core   0: 3 0x800025ac (0x419ddcb3) x25 0xc00012ac
core   0: 0x800025b0 (0x9fb306a3) sb      s11, -1555(t1)
core   0: 3 0x800025b0 (0x9fb306a3) mem 0x8001c90b 0x58
core   0: 0x800025b4 (0x56c31c23) sh      a2, 1400(t1)
core   0: 3 0x800025b4 (0x56c31c23) mem 0x8001d496 0x0000
core   0: 0x800025b8 (0xf01dfc93) andi    s9, s11, -255
core   0: 3 0x800025b8 (0xf01dfc93) x25 0x80002500
core   0: 0x800025bc (0x40a95913) srai    s2, s2, 10
core   0: 3 0x800025bc (0x40a95913) x18 0x00000000
core   0: 0x800025c0 (0x414a5633) sra     a2, s4, s4
core   0: 3 0x800025c0 (0x414a5633) x12 0xfffffff0
core   0: 0x800025c4 (0x00d6f6b3) and     a3, a3, a3
core   0: 3 0x800025c4 (0x00d6f6b3) x13 0x00000000
core   0: 0x800025c8 (0x80831a03) lh      s4, -2040(t1)
core   0: 3 0x800025c8 (0x80831a03) x20 0x00000000 mem 0x8001c726
core   0: 0x800025cc (0x01bda6b3) slt     a3, s11, s11
core   0: 3 0x800025cc (0x01bda6b3) x13 0x00000000
core   0: 0x800025d0 (0xfb134903) lbu     s2, -79(t1)
core   0: 3 0x800025d0 (0xfb134903) x18 0x00000000 mem 0x8001cecf
core   0: 0x800025d4 (0x0ff0000f) fence   iorw,iorw
core   0: 3 0x800025d4 (0x0ff0000f)
core   0: 0x800025d8 (0x41a6d693) srai    a3, a3, 26
core   0: 3 0x800025d8 (0x41a6d693) x13 0x00000000
core   0: 0x800025dc (0x9e030903) lb      s2, -1568(t1)
core   0: 3 0x800025dc (0x9e030903) x18 0x00000000 mem 0x8001c8fe
core   0: 0x800025e0 (0xd7931e23) sh      s9, -644(t1)
core   0: 3 0x800025e0 (0xd7931e23) mem 0x8001cc9a 0x2500
core   0: 0x800025e4 (0x944a3913) sltiu   s2, s4, -1724
core   0: 3 0x800025e4 (0x944a3913) x18 0x00000001
core   0: 0x800025e8 (0x012cb6b3) sltu    a3, s9, s2
core   0: 3 0x800025e8 (0x012cb6b3) x13 0x00000000
core   0: 0x800025ec (0x00cdacb3) slt     s9, s11, a2
core   0: 3 0x800025ec (0x00cdacb3) x25 0x00000001
core   0: 0x800025f0 (0xf5330a03) lb      s4, -173(t1)
core   0: 3 0x800025f0 (0xf5330a03) x20 0x00000000 mem 0x8001ce71
core   0: 0x800025f4 (0x1b231523) sh      s2, 426(t1)
core   0: 3 0x800025f4 (0x1b231523) mem 0x8001d0c8 0x0001
core   0: 0x800025f8 (0x00da6933) or      s2, s4, a3
core   0: 3 0x800025f8 (0x00da6933) x18 0x00000000
core   0: 0x800025fc (0x9cd30523) sb      a3, -1590(t1)
core   0: 3 0x800025fc (0x9cd30523) mem 0x8001c8e8 0x0
core   0: 0x80002600 (0xc0431603) lh      a2, -1020(t1)
core   0: 3 0x80002600 (0xc0431603) x12 0x00000000 mem 0x8001cb22
core   0: 0x80002604 (0x0000100f) fence.i
core   0: 3 0x80002604 (0x0000100f)
core   0: 0x80002608 (0xdcdca613) slti    a2, s9, -563
core   0: 3 0x80002608 (0xdcdca613) x12 0x00000000
core   0: 0x8000260c (0xb8060c93) addi    s9, a2, -1152
core   0: 3 0x8000260c (0xb8060c93) x25 0xfffffb80
core   0: 0x80002610 (0xa2c30e23) sb      a2, -1476(t1)
core   0: 3 0x80002610 (0xa2c30e23) mem 0x8001c95a 0x0
core   0: 0x80002614 (0xd8f34c83) lbu     s9, -625(t1)
core   0: 3 0x80002614 (0xd8f34c83) x25 0x00000000 mem 0x8001ccad
core   0: 0x80002618 (0xe7727a17) auipc   s4, 0xe7727
core   0: 3 0x80002618 (0xe7727a17) x20 0x67729618
core   0: 0x8000261c (0x01b97db3) and     s11, s2, s11
core   0: 3 0x8000261c (0x01b97db3) x27 0x00000000
core   0: 0x80002620 (0x0cd12d97) auipc   s11, 0xcd12
core   0: 3 0x80002620 (0x0cd12d97) x27 0x8cd14620
core   0: 0x80002624 (0x0ff0000f) fence   iorw,iorw
core   0: 3 0x80002624 (0x0ff0000f)
core   0: 0x80002628 (0xe9a34a03) lbu     s4, -358(t1)
core   0: 3 0x80002628 (0xe9a34a03) x20 0x00000000 mem 0x8001cdb8
core   0: 0x8000262c (0x00c95db3) srl     s11, s2, a2
core   0: 3 0x8000262c (0x00c95db3) x27 0x00000000
core   0: 0x80002630 (0x40cdd633) sra     a2, s11, a2
core   0: 3 0x80002630 (0x40cdd633) x12 0x00000000
core   0: 0x80002634 (0x01b95a33) srl     s4, s2, s11
core   0: 3 0x80002634 (0x01b95a33) x20 0x00000000
core   0: 0x80002638 (0xfa8ded93) ori     s11, s11, -88
core   0: 3 0x80002638 (0xfa8ded93) x27 0xffffffa8
core   0: 0x8000263c (0x41065913) srai    s2, a2, 16
core   0: 3 0x8000263c (0x41065913) x18 0x00000000
core   0: 0x80002640 (0x00991a13) slli    s4, s2, 9
core   0: 3 0x80002640 (0x00991a13) x20 0x00000000
core   0: 0x80002644 (0x0000100f) fence.i
core   0: 3 0x80002644 (0x0000100f)
core   0: 0x80002648 (0x1e630603) lb      a2, 486(t1)
core   0: 3 0x80002648 (0x1e630603) x12 0x00000000 mem 0x8001d104
core   0: 0x8000264c (0x00010197) auipc   gp, 0x10
core   0: 3 0x8000264c (0x00010197) x 3 0x8001264c
core   0: 0x80002650 (0x5ff18193) addi    gp, gp, 1535
core   0: 3 0x80002650 (0x5ff18193) x 3 0x80012c4b
core   0: 0x80002654 (0x02e18ea3) sb      a4, 61(gp)
core   0: 3 0x80002654 (0x02e18ea3) mem 0x80012c88 0x0
core   0: 0x80002658 (0xfde1aca3) sw      t5, -39(gp)
core   0: 3 0x80002658 (0xfde1aca3) mem 0x80012c24 0x8000258c
core   0: 0x8000265c (0xa25e5617) auipc   a2, 0xa25e5
core   0: 3 0x8000265c (0xa25e5617) x12 0x225e765c
core   0: 0x80002660 (0xfd919883) lh      a7, -39(gp)
core   0: 3 0x80002660 (0xfd919883) x17 0x0000258c mem 0x80012c24
core   0: 0x80002664 (0x01da5b13) srli    s6, s4, 29
core   0: 3 0x80002664 (0x01da5b13) x22 0x00000000
core   0: 0x80002668 (0xfd91db03) lhu     s6, -39(gp)
core   0: 3 0x80002668 (0xfd91db03) x22 0x0000258c mem 0x80012c24
core   0: 0x8000266c (0xfd618923) sb      s6, -46(gp)
core   0: 3 0x8000266c (0xfd618923) mem 0x80012c1d 0x8c
core   0: 0x80002670 (0xfd418923) sb      s4, -46(gp)
core   0: 3 0x80002670 (0xfd418923) mem 0x80012c1d 0x0
core   0: 0x80002674 (0x62b7cf13) xori    t5, a5, 1579
core   0: 3 0x80002674 (0x62b7cf13) x30 0x800023bb
core   0: 0x80002678 (0xfcb18923) sb      a1, -46(gp)
core   0: 3 0x80002678 (0xfcb18923) mem 0x80012c1d 0x0
core   0: 0x8000267c (0xfd918923) sb      s9, -46(gp)
core   0: 3 0x8000267c (0xfd918923) mem 0x80012c1d 0x0
core   0: 0x80002680 (0xfc718923) sb      t2, -46(gp)
core   0: 3 0x80002680 (0xfc718923) mem 0x80012c1d 0x0
core   0: 0x80002684 (0xfc818923) sb      s0, -46(gp)
core   0: 3 0x80002684 (0xfc818923) mem 0x80012c1d 0x98
core   0: 0x80002688 (0xfd21cf83) lbu     t6, -46(gp)
core   0: 3 0x80002688 (0xfd21cf83) x31 0x00000098 mem 0x80012c1d
core   0: 0x8000268c (0xfdb18923) sb      s11, -46(gp)
core   0: 3 0x8000268c (0xfdb18923) mem 0x80012c1d 0xa8
core   0: 0x80002690 (0x02a19ca3) sh      a0, 57(gp)
core   0: 3 0x80002690 (0x02a19ca3) mem 0x80012c84 0xa000
core   0: 0x80002694 (0x02c1aca3) sw      a2, 57(gp)
core   0: 3 0x80002694 (0x02c1aca3) mem 0x80012c84 0x225e765c
core   0: 0x80002698 (0x00017d17) auipc   s10, 0x17
core   0: 3 0x80002698 (0x00017d17) x26 0x80019698
core   0: 0x8000269c (0x05cd0d13) addi    s10, s10, 92
core   0: 3 0x8000269c (0x05cd0d13) x26 0x800196f4
core   0: 0x800026a0 (0x00017117) auipc   sp, 0x17
core   0: 3 0x800026a0 (0x00017117) x 2 0x800196a0
core   0: 0x800026a4 (0x3bb10113) addi    sp, sp, 955
core   0: 3 0x800026a4 (0x3bb10113) x 2 0x80019a5b
core   0: 0x800026a8 (0x0001c717) auipc   a4, 0x1c
core   0: 3 0x800026a8 (0x0001c717) x14 0x8001e6a8
core   0: 0x800026ac (0x20170713) addi    a4, a4, 513
core   0: 3 0x800026ac (0x20170713) x14 0x8001e8a9
core   0: 0x800026b0 (0x9fc74803) lbu     a6, -1540(a4)
core   0: 3 0x800026b0 (0x9fc74803) x16 0x00000000 mem 0x8001e2a5
core   0: 0x800026b4 (0x0dbd0fa3) sb      s11, 223(s10)
core   0: 3 0x800026b4 (0x0dbd0fa3) mem 0x800197d3 0xa8
core   0: 0x800026b8 (0x59e70083) lb      ra, 1438(a4)
core   0: 3 0x800026b8 (0x59e70083) x 1 0x00000000 mem 0x8001ee47
core   0: 0x800026bc (0x00810f83) lb      t6, 8(sp)
core   0: 3 0x800026bc (0x00810f83) x31 0x00000000 mem 0x80019a63
core   0: 0x800026c0 (0xdf470583) lb      a1, -524(a4)
core   0: 3 0x800026c0 (0xdf470583) x11 0x00000000 mem 0x8001e69d
core   0: 0x800026c4 (0x997d0083) lb      ra, -1641(s10)
core   0: 3 0x800026c4 (0x997d0083) x 1 0x00000000 mem 0x8001908b
core   0: 0x800026c8 (0xffb10523) sb      s11, -22(sp)
core   0: 3 0x800026c8 (0xffb10523) mem 0x80019a45 0xa8
core   0: 0x800026cc (0x5b5711a3) sh      s5, 1443(a4)
core   0: 3 0x800026cc (0x5b5711a3) mem 0x8001ee4c 0x12bb
core   0: 0x800026d0 (0x2b4d2183) lw      gp, 692(s10)
core   0: 3 0x800026d0 (0x2b4d2183) x 3 0x00000000 mem 0x800199a8
core   0: 0x800026d4 (0x33270883) lb      a7, 818(a4)
core   0: 3 0x800026d4 (0x33270883) x17 0x00000000 mem 0x8001ebdb
core   0: 0x800026d8 (0x6fed0c03) lb      s8, 1790(s10)
core   0: 3 0x800026d8 (0x6fed0c03) x24 0x00000000 mem 0x80019df2
core   0: 0x800026dc (0x30674983) lbu     s3, 774(a4)
core   0: 3 0x800026dc (0x30674983) x19 0x00000000 mem 0x8001ebaf
core   0: 0x800026e0 (0x0db75203) lhu     tp, 219(a4)
core   0: 3 0x800026e0 (0x0db75203) x 4 0x00000000 mem 0x8001e984
core   0: 0x800026e4 (0x038117a3) sh      s8, 47(sp)
core   0: 3 0x800026e4 (0x038117a3) mem 0x80019a8a 0x0000
core   0: 0x800026e8 (0xfc714a03) lbu     s4, -57(sp)
core   0: 3 0x800026e8 (0xfc714a03) x20 0x00000000 mem 0x80019a22
core   0: 0x800026ec (0x46d70903) lb      s2, 1133(a4)
core   0: 3 0x800026ec (0x46d70903) x18 0x00000000 mem 0x8001ed16
core   0: 0x800026f0 (0x03c10fa3) sb      t3, 63(sp)
core   0: 3 0x800026f0 (0x03c10fa3) mem 0x80019a9a 0x44
core   0: 0x800026f4 (0xfe8d1583) lh      a1, -24(s10)
core   0: 3 0x800026f4 (0xfe8d1583) x11 0x00000000 mem 0x800196dc
core   0: 0x800026f8 (0xcb670283) lb      t0, -842(a4)
core   0: 3 0x800026f8 (0xcb670283) x 5 0x00000000 mem 0x8001e55f
core   0: 0x800026fc (0xfcf10503) lb      a0, -49(sp)
core   0: 3 0x800026fc (0xfcf10503) x10 0x00000000 mem 0x80019a2a
core   0: 0x80002700 (0x27e70423) sb      t5, 616(a4)
core   0: 3 0x80002700 (0x27e70423) mem 0x8001eb11 0xbb
core   0: 0x80002704 (0xba5d1123) sh      t0, -1118(s10)
core   0: 3 0x80002704 (0xba5d1123) mem 0x80019296 0x0000
core   0: 0x80002708 (0xfff00d13) li      s10, -1
core   0: 3 0x80002708 (0xfff00d13) x26 0xffffffff
core   0: 0x8000270c (0x6126be13) sltiu   t3, a3, 1554
core   0: 3 0x8000270c (0x6126be13) x28 0x00000001
core   0: 0x80002710 (0x0153fb33) and     s6, t2, s5
core   0: 3 0x80002710 (0x0153fb33) x22 0x00000000
core   0: 0x80002714 (0x004ad093) srli    ra, s5, 4
core   0: 3 0x80002714 (0x004ad093) x 1 0x0fdb012b
core   0: 0x80002718 (0x01a388b3) add     a7, t2, s10
core   0: 3 0x80002718 (0x01a388b3) x17 0xffffffff
core   0: 0x8000271c (0x01ff1eb3) sll     t4, t5, t6
core   0: 3 0x8000271c (0x01ff1eb3) x29 0x800023bb
core   0: 0x80002720 (0xd70a1197) auipc   gp, 0xd70a1
core   0: 3 0x80002720 (0xd70a1197) x 3 0x570a3720
core   0: 0x80002724 (0x00800593) li      a1, 8
core   0: 3 0x80002724 (0x00800593) x11 0x00000008
core   0: 0x80002728 (0x000cd893) srli    a7, s9, 0
core   0: 3 0x80002728 (0x000cd893) x17 0x00000000
core   0: 0x8000272c (0x50f1c417) auipc   s0, 0x50f1c
core   0: 3 0x8000272c (0x50f1c417) x 8 0xd0f1e72c
core   0: 0x80002730 (0x04346e13) ori     t3, s0, 67
core   0: 3 0x80002730 (0x04346e13) x28 0xd0f1e76f
core   0: 0x80002734 (0x0000100f) fence.i
core   0: 3 0x80002734 (0x0000100f)
core   0: 0x80002738 (0xbb13b813) sltiu   a6, t2, -1103
core   0: 3 0x80002738 (0xbb13b813) x16 0x00000001
core   0: 0x8000273c (0x009d0d13) addi    s10, s10, 9
core   0: 3 0x8000273c (0x009d0d13) x26 0x00000008
core   0: 0x80002740 (0x01ef20b3) slt     ra, t5, t5
core   0: 3 0x80002740 (0x01ef20b3) x 1 0x00000000
core   0: 0x80002744 (0x00500693) li      a3, 5
core   0: 3 0x80002744 (0x00500693) x13 0x00000005
core   0: 0x80002748 (0x01c94cb3) xor     s9, s2, t3
core   0: 3 0x80002748 (0x01c94cb3) x25 0xd0f1e76f
core   0: 0x8000274c (0x01100513) li      a0, 17
core   0: 3 0x8000274c (0x01100513) x10 0x00000011
core   0: 0x80002750 (0x00000013) nop
core   0: 3 0x80002750 (0x00000013)
core   0: 0x80002754 (0x00a68693) addi    a3, a3, 10
core   0: 3 0x80002754 (0x00a68693) x13 0x0000000f
core   0: 0x80002758 (0x0000100f) fence.i
core   0: 3 0x80002758 (0x0000100f)
core   0: 0x8000275c (0xfea6eae3) bltu    a3, a0, pc - 12
core   0: 3 0x8000275c (0xfea6eae3)
core   0: 0x80002750 (0x00000013) nop
core   0: 3 0x80002750 (0x00000013)
core   0: 0x80002754 (0x00a68693) addi    a3, a3, 10
core   0: 3 0x80002754 (0x00a68693) x13 0x00000019
core   0: 0x80002758 (0x0000100f) fence.i
core   0: 3 0x80002758 (0x0000100f)
core   0: 0x8000275c (0xfea6eae3) bltu    a3, a0, pc - 12
core   0: 3 0x8000275c (0xfea6eae3)
core   0: 0x80002760 (0x009f1433) sll     s0, t5, s1
core   0: 3 0x80002760 (0x009f1433) x 8 0x00023bb0
core   0: 0x80002764 (0xdcd9b793) sltiu   a5, s3, -563
core   0: 3 0x80002764 (0xdcd9b793) x15 0x00000001
core   0: 0x80002768 (0x009b39b3) sltu    s3, s6, s1
core   0: 3 0x80002768 (0x009b39b3) x19 0x00000001
core   0: 0x8000276c (0x0000100f) fence.i
core   0: 3 0x8000276c (0x0000100f)
core   0: 0x80002770 (0x00416733) or      a4, sp, tp
core   0: 3 0x80002770 (0x00416733) x14 0x80019a5b
core   0: 0x80002774 (0x00000013) nop
core   0: 3 0x80002774 (0x00000013)
core   0: 0x80002778 (0xd70c8c13) addi    s8, s9, -656
core   0: 3 0x80002778 (0xd70c8c13) x24 0xd0f1e4df
core   0: 0x8000277c (0xad3d4cb7) lui     s9, 0xad3d4
core   0: 3 0x8000277c (0xad3d4cb7) x25 0xad3d4000
core   0: 0x80002780 (0x019a62b3) or      t0, s4, s9
core   0: 3 0x80002780 (0x019a62b3) x 5 0xad3d4000
core   0: 0x80002784 (0xfabd16e3) bne     s10, a1, pc - 84
core   0: 3 0x80002784 (0xfabd16e3)
core   0: 0x80002788 (0x01c2deb3) srl     t4, t0, t3
core   0: 3 0x80002788 (0x01c2deb3) x29 0x00015a7a
core   0: 0x8000278c (0xff600e13) li      t3, -10
core   0: 3 0x8000278c (0xff600e13) x28 0xfffffff6
core   0: 0x80002790 (0x803c2c13) slti    s8, s8, -2045
core   0: 3 0x80002790 (0x803c2c13) x24 0x00000001
core   0: 0x80002794 (0x34f7ff93) andi    t6, a5, 847
core   0: 3 0x80002794 (0x34f7ff93) x31 0x00000001
core   0: 0x80002798 (0x4141d233) sra     tp, gp, s4
core   0: 3 0x80002798 (0x4141d233) x 4 0x570a3720
core   0: 0x8000279c (0x01bd32b3) sltu    t0, s10, s11
core   0: 3 0x8000279c (0x01bd32b3) x 5 0x00000001
core   0: 0x800027a0 (0x0000100f) fence.i
core   0: 3 0x800027a0 (0x0000100f)
core   0: 0x800027a4 (0xfff00a13) li      s4, -1
core   0: 3 0x800027a4 (0xfff00a13) x20 0xffffffff
core   0: 0x800027a8 (0x000ebf33) sltu    t5, t4, zero
core   0: 3 0x800027a8 (0x000ebf33) x30 0x00000000
core   0: 0x800027ac (0x009e0e13) addi    t3, t3, 9
core   0: 3 0x800027ac (0x009e0e13) x28 0xffffffff
core   0: 0x800027b0 (0x00a00613) li      a2, 10
core   0: 3 0x800027b0 (0x00a00613) x12 0x0000000a
core   0: 0x800027b4 (0x00000013) nop
core   0: 3 0x800027b4 (0x00000013)
core   0: 0x800027b8 (0x00b00d93) li      s11, 11
core   0: 3 0x800027b8 (0x00b00d93) x27 0x0000000b
core   0: 0x800027bc (0x00f2b033) sltu    zero, t0, a5
core   0: 3 0x800027bc (0x00f2b033)
core   0: 0x800027c0 (0xf81f1197) auipc   gp, 0xf81f1
core   0: 3 0x800027c0 (0xf81f1197) x 3 0x781f37c0
core   0: 0x800027c4 (0x0085af33) slt     t5, a1, s0
core   0: 3 0x800027c4 (0x0085af33) x30 0x00000001
core   0: 0x800027c8 (0x164a6293) ori     t0, s4, 356
core   0: 3 0x800027c8 (0x164a6293) x 5 0xffffffff
core   0: 0x800027cc (0x00360613) addi    a2, a2, 3
core   0: 3 0x800027cc (0x00360613) x12 0x0000000d
core   0: 0x800027d0 (0xc95f10b7) lui     ra, 0xc95f1
core   0: 3 0x800027d0 (0xc95f10b7) x 1 0xc95f1000
core   0: 0x800027d4 (0x0ff0000f) fence   iorw,iorw
core   0: 3 0x800027d4 (0x0ff0000f)
core   0: 0x800027d8 (0xffb666e3) bltu    a2, s11, pc - 20
core   0: 3 0x800027d8 (0xffb666e3)
core   0: 0x800027dc (0x41d50093) addi    ra, a0, 1053
core   0: 3 0x800027dc (0x41d50093) x 1 0x0000042e
core   0: 0x800027e0 (0xfd4e14e3) bne     t3, s4, pc - 56
core   0: 3 0x800027e0 (0xfd4e14e3)
core   0: 0x800027e4 (0x4c528e93) addi    t4, t0, 1221
core   0: 3 0x800027e4 (0x4c528e93) x29 0x000004c4
core   0: 0x800027e8 (0x00019317) auipc   t1, 0x19
core   0: 3 0x800027e8 (0x00019317) x 6 0x8001b7e8
core   0: 0x800027ec (0x79730313) addi    t1, t1, 1943
core   0: 3 0x800027ec (0x79730313) x 6 0x8001bf7f
core   0: 0x800027f0 (0x00013117) auipc   sp, 0x13
core   0: 3 0x800027f0 (0x00013117) x 2 0x800157f0
core   0: 0x800027f4 (0x96110113) addi    sp, sp, -1695
core   0: 3 0x800027f4 (0x96110113) x 2 0x80015151
core   0: 0x800027f8 (0x0001f797) auipc   a5, 0x1f
core   0: 3 0x800027f8 (0x0001f797) x15 0x800217f8
core   0: 0x800027fc (0xfd578793) addi    a5, a5, -43
core   0: 3 0x800027fc (0xfd578793) x15 0x800217cd
core   0: 0x80002800 (0x00015d17) auipc   s10, 0x15
core   0: 3 0x80002800 (0x00015d17) x26 0x80017800
core   0: 0x80002804 (0xca0d0d13) addi    s10, s10, -864
core   0: 3 0x80002804 (0xca0d0d13) x26 0x800174a0
core   0: 0x80002808 (0xfec78ca3) sb      a2, -7(a5)
core   0: 3 0x80002808 (0xfec78ca3) mem 0x800217c6 0xd
core   0: 0x8000280c (0x03b14683) lbu     a3, 59(sp)
core   0: 3 0x8000280c (0x03b14683) x13 0x00000000 mem 0x8001518c
core   0: 0x80002810 (0x9b0d2083) lw      ra, -1616(s10)
core   0: 3 0x80002810 (0x9b0d2083) x 1 0x00000000 mem 0x80016e50
core   0: 0x80002814 (0x94c30803) lb      a6, -1716(t1)
core   0: 3 0x80002814 (0x94c30803) x16 0x00000000 mem 0x8001b8cb
core   0: 0x80002818 (0x237d1323) sh      s7, 550(s10)
core   0: 3 0x80002818 (0x237d1323) mem 0x800176c6 0x7e64
core   0: 0x8000281c (0x84ad1703) lh      a4, -1974(s10)
core   0: 3 0x8000281c (0x84ad1703) x14 0x00000000 mem 0x80016cea
core   0: 0x80002820 (0x02a10683) lb      a3, 42(sp)
core   0: 3 0x80002820 (0x02a10683) x13 0x00000000 mem 0x8001517b
core   0: 0x80002824 (0xff57dc83) lhu     s9, -11(a5)
core   0: 3 0x80002824 (0xff57dc83) x25 0x00000000 mem 0x800217c2
core   0: 0x80002828 (0xfe410c03) lb      s8, -28(sp)
core   0: 3 0x80002828 (0xfe410c03) x24 0x00000000 mem 0x80015135
core   0: 0x8000282c (0xffa7c503) lbu     a0, -6(a5)
core   0: 3 0x8000282c (0xffa7c503) x10 0x00000000 mem 0x800217c7
core   0: 0x80002830 (0xfff79aa3) sh      t6, -11(a5)
core   0: 3 0x80002830 (0xfff79aa3) mem 0x800217c2 0x0001
core   0: 0x80002834 (0x3f034e83) lbu     t4, 1008(t1)
core   0: 3 0x80002834 (0x3f034e83) x29 0x00000000 mem 0x8001c36f
core   0: 0x80002838 (0xfc210883) lb      a7, -62(sp)
core   0: 3 0x80002838 (0xfc210883) x17 0x00000000 mem 0x80015113
core   0: 0x8000283c (0x00c14b03) lbu     s6, 12(sp)
core   0: 3 0x8000283c (0x00c14b03) x22 0x00000000 mem 0x8001515d
core   0: 0x80002840 (0x7d4d5703) lhu     a4, 2004(s10)
core   0: 3 0x80002840 (0x7d4d5703) x14 0x00000000 mem 0x80017c74
core   0: 0x80002844 (0x00979683) lh      a3, 9(a5)
core   0: 3 0x80002844 (0x00979683) x13 0x00000000 mem 0x800217d6
core   0: 0x80002848 (0x02a10703) lb      a4, 42(sp)
core   0: 3 0x80002848 (0x02a10703) x14 0x00000000 mem 0x8001517b
core   0: 0x8000284c (0xfda10703) lb      a4, -38(sp)
core   0: 3 0x8000284c (0xfda10703) x14 0x00000000 mem 0x8001512b
core   0: 0x80002850 (0x65834c03) lbu     s8, 1624(t1)
core   0: 3 0x80002850 (0x65834c03) x24 0x00000000 mem 0x8001c5d7
core   0: 0x80002854 (0xff478d23) sb      s4, -6(a5)
core   0: 3 0x80002854 (0xff478d23) mem 0x800217c7 0xff
core   0: 0x80002858 (0xb5fd4803) lbu     a6, -1185(s10)
core   0: 3 0x80002858 (0xb5fd4803) x16 0x00000000 mem 0x80016fff
core   0: 0x8000285c (0x71335f83) lhu     t6, 1811(t1)
core   0: 3 0x8000285c (0x71335f83) x31 0x00000000 mem 0x8001c692
core   0: 0x80002860 (0xffd78883) lb      a7, -3(a5)
core   0: 3 0x80002860 (0xffd78883) x17 0x00000000 mem 0x800217ca
core   0: 0x80002864 (0x374d06a3) sb      s4, 877(s10)
core   0: 3 0x80002864 (0x374d06a3) mem 0x8001780d 0xff
core   0: 0x80002868 (0x48b31c03) lh      s8, 1163(t1)
core   0: 3 0x80002868 (0x48b31c03) x24 0x00000000 mem 0x8001c40a
core   0: 0x8000286c (0x00018717) auipc   a4, 0x18
core   0: 3 0x8000286c (0x00018717) x14 0x8001a86c
core   0: 0x80002870 (0x60b70713) addi    a4, a4, 1547
core   0: 3 0x80002870 (0x60b70713) x14 0x8001ae77
core   0: 0x80002874 (0xf83703a3) sb      gp, -121(a4)
core   0: 3 0x80002874 (0xf83703a3) mem 0x8001adfe 0xc0
core   0: 0x80002878 (0xf2374583) lbu     a1, -221(a4)
core   0: 3 0x80002878 (0xf2374583) x11 0x00000000 mem 0x8001ad9a
core   0: 0x8000287c (0x0ceaee17) auipc   t3, 0xceae
core   0: 3 0x8000287c (0x0ceaee17) x28 0x8ceb087c
core   0: 0x80002880 (0xfe772ca3) sw      t2, -7(a4)
core   0: 3 0x80002880 (0xfe772ca3) mem 0x8001ae70 0x00000000
core   0: 0x80002884 (0xf6d74583) lbu     a1, -147(a4)
core   0: 3 0x80002884 (0xf6d74583) x11 0x00000000 mem 0x8001ade4
core   0: 0x80002888 (0xf0470e03) lb      t3, -252(a4)
core   0: 3 0x80002888 (0xf0470e03) x28 0x00000000 mem 0x8001ad7b
core   0: 0x8000288c (0x0b571b03) lh      s6, 181(a4)
core   0: 3 0x8000288c (0x0b571b03) x22 0x00000000 mem 0x8001af2c
core   0: 0x80002890 (0xfd474583) lbu     a1, -44(a4)
core   0: 3 0x80002890 (0xfd474583) x11 0x00000000 mem 0x8001ae4b
core   0: 0x80002894 (0xf7571383) lh      t2, -139(a4)
core   0: 3 0x80002894 (0xf7571383) x 7 0x00000000 mem 0x8001adec
core   0: 0x80002898 (0x1c91b393) sltiu   t2, gp, 457
core   0: 3 0x80002898 (0x1c91b393) x 7 0x00000000
core   0: 0x8000289c (0x40318b33) sub     s6, gp, gp
core   0: 3 0x8000289c (0x40318b33) x22 0x00000000
core   0: 0x800028a0 (0x0b870b03) lb      s6, 184(a4)
core   0: 3 0x800028a0 (0x0b870b03) x22 0x00000000 mem 0x8001af2f
core   0: 0x800028a4 (0x01070583) lb      a1, 16(a4)
core   0: 3 0x800028a4 (0x01070583) x11 0x00000000 mem 0x8001ae87
core   0: 0x800028a8 (0x411e5b13) srai    s6, t3, 17
core   0: 3 0x800028a8 (0x411e5b13) x22 0x00000000
core   0: 0x800028ac (0xf5f70b03) lb      s6, -161(a4)
core   0: 3 0x800028ac (0xf5f70b03) x22 0x00000000 mem 0x8001add6
core   0: 0x800028b0 (0x9249fe13) andi    t3, s3, -1756
core   0: 3 0x800028b0 (0x9249fe13) x28 0x00000000
core   0: 0x800028b4 (0xf4770583) lb      a1, -185(a4)
core   0: 3 0x800028b4 (0xf4770583) x11 0x00000000 mem 0x8001adbe
core   0: 0x800028b8 (0x00000013) nop
core   0: 3 0x800028b8 (0x00000013)
core   0: 0x800028bc (0x592ad197) auipc   gp, 0x592ad
core   0: 3 0x800028bc (0x592ad197) x 3 0xd92af8bc
core   0: 0x800028c0 (0x087713a3) sh      t2, 135(a4)
core   0: 3 0x800028c0 (0x087713a3) mem 0x8001aefe 0x0000
core   0: 0x800028c4 (0xf1474b03) lbu     s6, -236(a4)
core   0: 3 0x800028c4 (0xf1474b03) x22 0x00000000 mem 0x8001ad8b
core   0: 0x800028c8 (0x0000100f) fence.i
core   0: 3 0x800028c8 (0x0000100f)
core   0: 0x800028cc (0x007191b3) sll     gp, gp, t2
core   0: 3 0x800028cc (0x007191b3) x 3 0xd92af8bc
core   0: 0x800028d0 (0x00b5fb33) and     s6, a1, a1
core   0: 3 0x800028d0 (0x00b5fb33) x22 0x00000000
core   0: 0x800028d4 (0xab73ee13) ori     t3, t2, -1353
core   0: 3 0x800028d4 (0xab73ee13) x28 0xfffffab7
core   0: 0x800028d8 (0x0fb71383) lh      t2, 251(a4)
core   0: 3 0x800028d8 (0x0fb71383) x 7 0x00000000 mem 0x8001af72
core   0: 0x800028dc (0x0000100f) fence.i
core   0: 3 0x800028dc (0x0000100f)
core   0: 0x800028e0 (0x02e70983) lb      s3, 46(a4)
core   0: 3 0x800028e0 (0x02e70983) x19 0x00000000 mem 0x8001aea5
core   0: 0x800028e4 (0x07670aa3) sb      s6, 117(a4)
core   0: 3 0x800028e4 (0x07670aa3) mem 0x8001aeec 0x0
core   0: 0x800028e8 (0xfe171e03) lh      t3, -31(a4)
core   0: 3 0x800028e8 (0xfe171e03) x28 0x00000000 mem 0x8001ae58
core   0: 0x800028ec (0xf0b70aa3) sb      a1, -235(a4)
core   0: 3 0x800028ec (0xf0b70aa3) mem 0x8001ad8c 0x0
core   0: 0x800028f0 (0xf4d70383) lb      t2, -179(a4)
core   0: 3 0x800028f0 (0xf4d70383) x 7 0x00000000 mem 0x8001adc4
core   0: 0x800028f4 (0x00010117) auipc   sp, 0x10
core   0: 3 0x800028f4 (0x00010117) x 2 0x800128f4
core   0: 0x800028f8 (0x04510113) addi    sp, sp, 69
core   0: 3 0x800028f8 (0x04510113) x 2 0x80012939
core   0: 0x800028fc (0x0000100f) fence.i
core   0: 3 0x800028fc (0x0000100f)
core   0: 0x80002900 (0x00375793) srli    a5, a4, 3
core   0: 3 0x80002900 (0x00375793) x15 0x100035ce
core   0: 0x80002904 (0xf6b33797) auipc   a5, 0xf6b33
core   0: 3 0x80002904 (0xf6b33797) x15 0x76b35904
core   0: 0x80002908 (0x00ff3a33) sltu    s4, t5, a5
core   0: 3 0x80002908 (0x00ff3a33) x20 0x00000001
core   0: 0x8000290c (0x5adf6a13) ori     s4, t5, 1453
core   0: 3 0x8000290c (0x5adf6a13) x20 0x000005ad
core   0: 0x80002910 (0x0ff0000f) fence   iorw,iorw
core   0: 3 0x80002910 (0x0ff0000f)
core   0: 0x80002914 (0xd1296a13) ori     s4, s2, -750
core   0: 3 0x80002914 (0xd1296a13) x20 0xfffffd12
core   0: 0x80002918 (0x012907b3) add     a5, s2, s2
core   0: 3 0x80002918 (0x012907b3) x15 0x00000000
core   0: 0x8000291c (0x00fa5733) srl     a4, s4, a5
core   0: 3 0x8000291c (0x00fa5733) x14 0xfffffd12
core   0: 0x80002920 (0x00810a03) lb      s4, 8(sp)
core   0: 3 0x80002920 (0x00810a03) x20 0x00000000 mem 0x80012941
core   0: 0x80002924 (0x01210723) sb      s2, 14(sp)
core   0: 3 0x80002924 (0x01210723) mem 0x80012947 0x0
core   0: 0x80002928 (0x00e10703) lb      a4, 14(sp)
core   0: 3 0x80002928 (0x00e10703) x14 0x00000000 mem 0x80012947
core   0: 0x8000292c (0x00f967b3) or      a5, s2, a5
core   0: 3 0x8000292c (0x00f967b3) x15 0x00000000
core   0: 0x80002930 (0xff310703) lb      a4, -13(sp)
core   0: 3 0x80002930 (0xff310703) x14 0x00000000 mem 0x8001292c
core   0: 0x80002934 (0x87c96793) ori     a5, s2, -1924
core   0: 3 0x80002934 (0x87c96793) x15 0xfffff87c
core   0: 0x80002938 (0x00410a03) lb      s4, 4(sp)
core   0: 3 0x80002938 (0x00410a03) x20 0x00000000 mem 0x8001293d
core   0: 0x8000293c (0x0000100f) fence.i
core   0: 3 0x8000293c (0x0000100f)
core   0: 0x80002940 (0xff810903) lb      s2, -8(sp)
core   0: 3 0x80002940 (0xff810903) x18 0x00000000 mem 0x80012931
core   0: 0x80002944 (0x4eda3713) sltiu   a4, s4, 1261
core   0: 3 0x80002944 (0x4eda3713) x14 0x00000001
core   0: 0x80002948 (0x00e73933) sltu    s2, a4, a4
core   0: 3 0x80002948 (0x00e73933) x18 0x00000000
core   0: 0x8000294c (0x1def2913) slti    s2, t5, 478
core   0: 3 0x8000294c (0x1def2913) x18 0x00000001
core   0: 0x80002950 (0x01e94733) xor     a4, s2, t5
core   0: 3 0x80002950 (0x01e94733) x14 0x00000000
core   0: 0x80002954 (0xdb4bb737) lui     a4, 0xdb4bb
core   0: 3 0x80002954 (0xdb4bb737) x14 0xdb4bb000
core   0: 0x80002958 (0x00610783) lb      a5, 6(sp)
core   0: 3 0x80002958 (0x00610783) x15 0x00000000 mem 0x8001293f
core   0: 0x8000295c (0xfef119a3) sh      a5, -13(sp)
core   0: 3 0x8000295c (0xfef119a3) mem 0x8001292c 0x0000
core   0: 0x80002960 (0x01210723) sb      s2, 14(sp)
core   0: 3 0x80002960 (0x01210723) mem 0x80012947 0x1
core   0: 0x80002964 (0x0127e7b3) or      a5, a5, s2
core   0: 3 0x80002964 (0x0127e7b3) x15 0x00000001
core   0: 0x80002968 (0x4effef13) ori     t5, t6, 1263
core   0: 3 0x80002968 (0x4effef13) x30 0x000004ef
core   0: 0x8000296c (0xffe10a03) lb      s4, -2(sp)
core   0: 3 0x8000296c (0xffe10a03) x20 0xffffff88 mem 0x80012937
core   0: 0x80002970 (0xfef10a23) sb      a5, -12(sp)
core   0: 3 0x80002970 (0xfef10a23) mem 0x8001292d 0x1
core   0: 0x80002974 (0x01014f83) lbu     t6, 16(sp)
core   0: 3 0x80002974 (0x01014f83) x31 0x00000000 mem 0x80012949
core   0: 0x80002978 (0x01210023) sb      s2, 0(sp)
core   0: 3 0x80002978 (0x01210023) mem 0x80012939 0x1
core   0: 0x8000297c (0x01f127a3) sw      t6, 15(sp)
core   0: 3 0x8000297c (0x01f127a3) mem 0x80012948 0x00000000
core   0: 0x80002980 (0x0001e117) auipc   sp, 0x1e
core   0: 3 0x80002980 (0x0001e117) x 2 0x80020980
core   0: 0x80002984 (0xffc10113) addi    sp, sp, -4
core   0: 3 0x80002984 (0xffc10113) x 2 0x8002097c
core   0: 0x80002988 (0xfb911f23) sh      s9, -66(sp)
core   0: 3 0x80002988 (0xfb911f23) mem 0x8002093a 0x0000
core   0: 0x8000298c (0xf3d12423) sw      t4, -216(sp)
core   0: 3 0x8000298c (0xf3d12423) mem 0x800208a4 0x00000000
core   0: 0x80002990 (0x00000013) nop
core   0: 3 0x80002990 (0x00000013)
core   0: 0x80002994 (0x0bdcf337) lui     t1, 0xbdcf
core   0: 3 0x80002994 (0x0bdcf337) x 6 0x0bdcf000
core   0: 0x80002998 (0x01fc9c93) slli    s9, s9, 31
core   0: 3 0x80002998 (0x01fc9c93) x25 0x00000000
core   0: 0x8000299c (0x02510403) lb      s0, 37(sp)
core   0: 3 0x8000299c (0x02510403) x 8 0x00000000 mem 0x800209a1
core   0: 0x800029a0 (0x04714f83) lbu     t6, 71(sp)
core   0: 3 0x800029a0 (0x04714f83) x31 0x00000000 mem 0x800209c3
core   0: 0x800029a4 (0xf6a15f83) lhu     t6, -150(sp)
core   0: 3 0x800029a4 (0xf6a15f83) x31 0x00000000 mem 0x800208e6
core   0: 0x800029a8 (0x41040cb3) sub     s9, s0, a6
core   0: 3 0x800029a8 (0x41040cb3) x25 0x00000000
core   0: 0x800029ac (0x0f911423) sh      s9, 232(sp)
core   0: 3 0x800029ac (0x0f911423) mem 0x80020a64 0x0000
core   0: 0x800029b0 (0xf2e11f83) lh      t6, -210(sp)
core   0: 3 0x800029b0 (0xf2e11f83) x31 0x000000fc mem 0x800208aa
core   0: 0x800029b4 (0xf8810e83) lb      t4, -120(sp)
core   0: 3 0x800029b4 (0xf8810e83) x29 0x00000000 mem 0x80020904
core   0: 0x800029b8 (0x0f911423) sh      s9, 232(sp)
core   0: 3 0x800029b8 (0x0f911423) mem 0x80020a64 0x0000
core   0: 0x800029bc (0xf6410403) lb      s0, -156(sp)
core   0: 3 0x800029bc (0xf6410403) x 8 0x00000000 mem 0x800208e0
core   0: 0x800029c0 (0xfed14f83) lbu     t6, -19(sp)
core   0: 3 0x800029c0 (0xfed14f83) x31 0x00000000 mem 0x80020969
core   0: 0x800029c4 (0x0b812403) lw      s0, 184(sp)
core   0: 3 0x800029c4 (0x0b812403) x 8 0x00000000 mem 0x80020a34
core   0: 0x800029c8 (0x07015c83) lhu     s9, 112(sp)
core   0: 3 0x800029c8 (0x07015c83) x25 0x00000000 mem 0x800209ec
core   0: 0x800029cc (0x08810ea3) sb      s0, 157(sp)
core   0: 3 0x800029cc (0x08810ea3) mem 0x80020a19 0x0
core   0: 0x800029d0 (0x03910ba3) sb      s9, 55(sp)
core   0: 3 0x800029d0 (0x03910ba3) mem 0x800209b3 0x0
core   0: 0x800029d4 (0xff811f83) lh      t6, -8(sp)
core   0: 3 0x800029d4 (0xff811f83) x31 0x00000000 mem 0x80020974
core   0: 0x800029d8 (0xebf30c93) addi    s9, t1, -321
core   0: 3 0x800029d8 (0xebf30c93) x25 0x0bdceebf
core   0: 0x800029dc (0x00000013) nop
core   0: 3 0x800029dc (0x00000013)
core   0: 0x800029e0 (0x0ff0000f) fence   iorw,iorw
core   0: 3 0x800029e0 (0x0ff0000f)
core   0: 0x800029e4 (0xfd215c83) lhu     s9, -46(sp)
core   0: 3 0x800029e4 (0xfd215c83) x25 0x00000000 mem 0x8002094e
core   0: 0x800029e8 (0x0f710403) lb      s0, 247(sp)
core   0: 3 0x800029e8 (0x0f710403) x 8 0x00000000 mem 0x80020a73
core   0: 0x800029ec (0xf133feb7) lui     t4, 0xf133f
core   0: 3 0x800029ec (0xf133feb7) x29 0xf133f000
core   0: 0x800029f0 (0xf4714803) lbu     a6, -185(sp)
core   0: 3 0x800029f0 (0xf4714803) x16 0x00000000 mem 0x800208c3
core   0: 0x800029f4 (0x0f010e23) sb      a6, 252(sp)
core   0: 3 0x800029f4 (0x0f010e23) mem 0x80020a78 0x0
core   0: 0x800029f8 (0x41940333) sub     t1, s0, s9
core   0: 3 0x800029f8 (0x41940333) x 6 0x00000000
core   0: 0x800029fc (0x05815e83) lhu     t4, 88(sp)
core   0: 3 0x800029fc (0x05815e83) x29 0x00000000 mem 0x800209d4
core   0: 0x80002a00 (0x0dd109a3) sb      t4, 211(sp)
core   0: 3 0x80002a00 (0x0dd109a3) mem 0x80020a4f 0x0
core   0: 0x80002a04 (0x08710803) lb      a6, 135(sp)
core   0: 3 0x80002a04 (0x08710803) x16 0x00000000 mem 0x80020a03
core   0: 0x80002a08 (0x01f45333) srl     t1, s0, t6
core   0: 3 0x80002a08 (0x01f45333) x 6 0x00000000
core   0: 0x80002a0c (0x01ff8833) add     a6, t6, t6
core   0: 3 0x80002a0c (0x01ff8833) x16 0x00000000
core   0: 0x80002a10 (0x06310e83) lb      t4, 99(sp)
core   0: 3 0x80002a10 (0x06310e83) x29 0x00000000 mem 0x800209df
core   0: 0x80002a14 (0x00020097) auipc   ra, 0x20
core   0: 3 0x80002a14 (0x00020097) x 1 0x80022a14
core   0: 0x80002a18 (0x5d308093) addi    ra, ra, 1491
core   0: 3 0x80002a18 (0x5d308093) x 1 0x80022fe7
core   0: 0x80002a1c (0xfcb08623) sb      a1, -52(ra)
core   0: 3 0x80002a1c (0xfcb08623) mem 0x80022fb3 0x0
core   0: 0x80002a20 (0x005c9f93) slli    t6, s9, 5
core   0: 3 0x80002a20 (0x005c9f93) x31 0x00000000
core   0: 0x80002a24 (0xfcc08903) lb      s2, -52(ra)
core   0: 3 0x80002a24 (0xfcc08903) x18 0x00000000 mem 0x80022fb3
core   0: 0x80002a28 (0xfcc08103) lb      sp, -52(ra)
core   0: 3 0x80002a28 (0xfcc08103) x 2 0x00000000 mem 0x80022fb3
core   0: 0x80002a2c (0x00000013) nop
core   0: 3 0x80002a2c (0x00000013)
core   0: 0x80002a30 (0x0230c383) lbu     t2, 35(ra)
core   0: 3 0x80002a30 (0x0230c383) x 7 0x00000000 mem 0x8002300a
core   0: 0x80002a34 (0x02309503) lh      a0, 35(ra)
core   0: 3 0x80002a34 (0x02309503) x10 0x00000000 mem 0x8002300a
core   0: 0x80002a38 (0x0270c783) lbu     a5, 39(ra)
core   0: 3 0x80002a38 (0x0270c783) x15 0x00000000 mem 0x8002300e
core   0: 0x80002a3c (0x02709c03) lh      s8, 39(ra)
core   0: 3 0x80002a3c (0x02709c03) x24 0x00000000 mem 0x8002300e
core   0: 0x80002a40 (0x0270c183) lbu     gp, 39(ra)
core   0: 3 0x80002a40 (0x0270c183) x 3 0x00000000 mem 0x8002300e
core   0: 0x80002a44 (0x01d08d23) sb      t4, 26(ra)
core   0: 3 0x80002a44 (0x01d08d23) mem 0x80023001 0x0
core   0: 0x80002a48 (0x0000100f) fence.i
core   0: 3 0x80002a48 (0x0000100f)
core   0: 0x80002a4c (0xfc408703) lb      a4, -60(ra)
core   0: 3 0x80002a4c (0xfc408703) x14 0x00000000 mem 0x80022fab
core   0: 0x80002a50 (0x016336b3) sltu    a3, t1, s6
core   0: 3 0x80002a50 (0x016336b3) x13 0x00000000
core   0: 0x80002a54 (0xfd908223) sb      s9, -60(ra)
core   0: 3 0x80002a54 (0xfd908223) mem 0x80022fab 0x0
core   0: 0x80002a58 (0xfc40c683) lbu     a3, -60(ra)
core   0: 3 0x80002a58 (0xfc40c683) x13 0x00000000 mem 0x80022fab
core   0: 0x80002a5c (0x01309f03) lh      t5, 19(ra)
core   0: 3 0x80002a5c (0x01309f03) x30 0x00000000 mem 0x80022ffa
core   0: 0x80002a60 (0x01308883) lb      a7, 19(ra)
core   0: 3 0x80002a60 (0x01308883) x17 0x00000000 mem 0x80022ffa
core   0: 0x80002a64 (0xfc80ce03) lbu     t3, -56(ra)
core   0: 3 0x80002a64 (0xfc80ce03) x28 0x00000000 mem 0x80022faf
core   0: 0x80002a68 (0x00010e97) auipc   t4, 0x10
core   0: 3 0x80002a68 (0x00010e97) x29 0x80012a68
core   0: 0x80002a6c (0xc3ee8e93) addi    t4, t4, -962
core   0: 3 0x80002a6c (0xc3ee8e93) x29 0x800126a6
core   0: 0x80002a70 (0xf0ce8aa3) sb      a2, -235(t4)
core   0: 3 0x80002a70 (0xf0ce8aa3) mem 0x800125bb 0xd
core   0: 0x80002a74 (0x00010417) auipc   s0, 0x10
core   0: 3 0x80002a74 (0x00010417) x 8 0x80012a74
core   0: 0x80002a78 (0xef440413) addi    s0, s0, -268
core   0: 3 0x80002a78 (0xef440413) x 8 0x80012968
core   0: 0x80002a7c (0xf96ecd83) lbu     s11, -106(t4)
core   0: 3 0x80002a7c (0xf96ecd83) x27 0x00000000 mem 0x8001263c
core   0: 0x80002a80 (0x00010197) auipc   gp, 0x10
core   0: 3 0x80002a80 (0x00010197) x 3 0x80012a80
core   0: 0x80002a84 (0x9d018193) addi    gp, gp, -1584
core   0: 3 0x80002a84 (0x9d018193) x 3 0x80012450
core   0: 0x80002a88 (0xffe1c003) lbu     zero, -2(gp)
core   0: 3 0x80002a88 (0xffe1c003) mem 0x8001244e
core   0: 0x80002a8c (0xdc142223) sw      ra, -572(s0)
core   0: 3 0x80002a8c (0xdc142223) mem 0x8001272c 0x80022fe7
core   0: 0x80002a90 (0x082e8f83) lb      t6, 130(t4)
core   0: 3 0x80002a90 (0x082e8f83) x31 0x00000000 mem 0x80012728
core   0: 0x80002a94 (0x024e8aa3) sb      tp, 53(t4)
core   0: 3 0x80002a94 (0x024e8aa3) mem 0x800126db 0x20
core   0: 0x80002a98 (0x03f18c83) lb      s9, 63(gp)
core   0: 3 0x80002a98 (0x03f18c83) x25 0x00000000 mem 0x8001248f
core   0: 0x80002a9c (0x2ec42103) lw      sp, 748(s0)
core   0: 3 0x80002a9c (0x2ec42103) x 2 0x00000000 mem 0x80012c54
core   0: 0x80002aa0 (0x02e19b23) sh      a4, 54(gp)
core   0: 3 0x80002aa0 (0x02e19b23) mem 0x80012486 0x0000
core   0: 0x80002aa4 (0xc2c42203) lw      tp, -980(s0)
core   0: 3 0x80002aa4 (0xc2c42203) x 4 0x00000000 mem 0x80012594
core   0: 0x80002aa8 (0xedf44a03) lbu     s4, -289(s0)
core   0: 3 0x80002aa8 (0xedf44a03) x20 0x00000000 mem 0x80012847
core   0: 0x80002aac (0x01618283) lb      t0, 22(gp)
core   0: 3 0x80002aac (0x01618283) x 5 0x00000000 mem 0x80012466
core   0: 0x80002ab0 (0x02bec503) lbu     a0, 43(t4)
core   0: 3 0x80002ab0 (0x02bec503) x10 0x00000000 mem 0x800126d1
core   0: 0x80002ab4 (0x01be8f03) lb      t5, 27(t4)
core   0: 3 0x80002ab4 (0x01be8f03) x30 0x00000000 mem 0x800126c1
core   0: 0x80002ab8 (0xfe21c103) lbu     sp, -30(gp)
core   0: 3 0x80002ab8 (0xfe21c103) x 2 0x00000000 mem 0x80012432
core   0: 0x80002abc (0x44140383) lb      t2, 1089(s0)
core   0: 3 0x80002abc (0x44140383) x 7 0x00000000 mem 0x80012da9
core   0: 0x80002ac0 (0x063ea923) sw      gp, 114(t4)
core   0: 3 0x80002ac0 (0x063ea923) mem 0x80012718 0x80012450
core   0: 0x80002ac4 (0x0381db03) lhu     s6, 56(gp)
core   0: 3 0x80002ac4 (0x0381db03) x22 0x00000000 mem 0x80012488
core   0: 0x80002ac8 (0x16740a03) lb      s4, 359(s0)
core   0: 3 0x80002ac8 (0x16740a03) x20 0x00000000 mem 0x80012acf
core   0: 0x80002acc (0x02a1cd83) lbu     s11, 42(gp)
core   0: 3 0x80002acc (0x02a1cd83) x27 0x00000000 mem 0x8001247a
core   0: 0x80002ad0 (0xf1dec383) lbu     t2, -227(t4)
core   0: 3 0x80002ad0 (0xf1dec383) x 7 0x000000bb mem 0x800125c3
core   0: 0x80002ad4 (0xfeb18f23) sb      a1, -2(gp)
core   0: 3 0x80002ad4 (0xfeb18f23) mem 0x8001244e 0x0
core   0: 0x80002ad8 (0xb7940603) lb      a2, -1159(s0)
core   0: 3 0x80002ad8 (0xb7940603) x12 0x00000000 mem 0x800124e1
core   0: 0x80002adc (0x056eca03) lbu     s4, 86(t4)
core   0: 3 0x80002adc (0x056eca03) x20 0x00000000 mem 0x800126fc
core   0: 0x80002ae0 (0x00014797) auipc   a5, 0x14
core   0: 3 0x80002ae0 (0x00014797) x15 0x80016ae0
core   0: 0x80002ae4 (0xe0978793) addi    a5, a5, -503
core   0: 3 0x80002ae4 (0xe0978793) x15 0x800168e9
core   0: 0x80002ae8 (0x7e628113) addi    sp, t0, 2022
core   0: 3 0x80002ae8 (0x7e628113) x 2 0x000007e6
core   0: 0x80002aec (0x0000100f) fence.i
core   0: 3 0x80002aec (0x0000100f)
core   0: 0x80002af0 (0xcd47c583) lbu     a1, -812(a5)
core   0: 3 0x80002af0 (0xcd47c583) x11 0x00000000 mem 0x800165bd
core   0: 0x80002af4 (0x0000100f) fence.i
core   0: 3 0x80002af4 (0x0000100f)
core   0: 0x80002af8 (0x0168d733) srl     a4, a7, s6
core   0: 3 0x80002af8 (0x0168d733) x14 0x00000000
core   0: 0x80002afc (0x014e8fb3) add     t6, t4, s4
core   0: 3 0x80002afc (0x014e8fb3) x31 0x800126a6
core   0: 0x80002b00 (0x35e7c003) lbu     zero, 862(a5)
core   0: 3 0x80002b00 (0x35e7c003) mem 0x80016c47
core   0: 0x80002b04 (0x00c29cb3) sll     s9, t0, a2
core   0: 3 0x80002b04 (0x00c29cb3) x25 0x00000000
core   0: 0x80002b08 (0xecf62713) slti    a4, a2, -305
core   0: 3 0x80002b08 (0xecf62713) x14 0x00000000
core   0: 0x80002b0c (0x00474133) xor     sp, a4, tp
core   0: 3 0x80002b0c (0x00474133) x 2 0x00000000
core   0: 0x80002b10 (0x4060df93) srai    t6, ra, 6
core   0: 3 0x80002b10 (0x4060df93) x31 0xfe0008bf
core   0: 0x80002b14 (0x5b78c137) lui     sp, 0x5b78c
core   0: 3 0x80002b14 (0x5b78c137) x 2 0x5b78c000
core   0: 0x80002b18 (0x7fdd6e97) auipc   t4, 0x7fdd6
core   0: 3 0x80002b18 (0x7fdd6e97) x29 0xffdd8b18
core   0: 0x80002b1c (0xce57dc03) lhu     s8, -795(a5)
core   0: 3 0x80002b1c (0xce57dc03) x24 0x00000000 mem 0x800165ce
core   0: 0x80002b20 (0x008448b3) xor     a7, s0, s0
core   0: 3 0x80002b20 (0x008448b3) x17 0x00000000
core   0: 0x80002b24 (0x418889b3) sub     s3, a7, s8
core   0: 3 0x80002b24 (0x418889b3) x19 0x00000000
core   0: 0x80002b28 (0x00a94733) xor     a4, s2, a0
core   0: 3 0x80002b28 (0x00a94733) x14 0x00000000
core   0: 0x80002b2c (0x0000100f) fence.i
core   0: 3 0x80002b2c (0x0000100f)
core   0: 0x80002b30 (0x01594eb3) xor     t4, s2, s5
core   0: 3 0x80002b30 (0x01594eb3) x29 0xfdb012bb
core   0: 0x80002b34 (0x00c040b3) xor     ra, zero, a2
core   0: 3 0x80002b34 (0x00c040b3) x 1 0x00000000
core   0: 0x80002b38 (0xf9024697) auipc   a3, 0xf9024
core   0: 3 0x80002b38 (0xf9024697) x13 0x79026b38
core   0: 0x80002b3c (0x0010d393) srli    t2, ra, 1
core   0: 3 0x80002b3c (0x0010d393) x 7 0x00000000
core   0: 0x80002b40 (0x41455e13) srai    t3, a0, 20
core   0: 3 0x80002b40 (0x41455e13) x28 0x00000000
core   0: 0x80002b44 (0xf6e78e23) sb      a4, -132(a5)
core   0: 3 0x80002b44 (0xf6e78e23) mem 0x80016865 0x0
core   0: 0x80002b48 (0x01119313) slli    t1, gp, 17
core   0: 3 0x80002b48 (0x01119313) x 6 0x48a00000
core   0: 0x80002b4c (0x1bd7c503) lbu     a0, 445(a5)
core   0: 3 0x80002b4c (0x1bd7c503) x10 0x00000000 mem 0x80016aa6
core   0: 0x80002b50 (0xbdc78283) lb      t0, -1060(a5)
core   0: 3 0x80002b50 (0xbdc78283) x 5 0x00000000 mem 0x800164c5
core   0: 0x80002b54 (0x2405f993) andi    s3, a1, 576
core   0: 3 0x80002b54 (0x2405f993) x19 0x00000000
core   0: 0x80002b58 (0x7e779583) lh      a1, 2023(a5)
core   0: 3 0x80002b58 (0x7e779583) x11 0x00000000 mem 0x800170d0
core   0: 0x80002b5c (0x000cdd33) srl     s10, s9, zero
core   0: 3 0x80002b5c (0x000cdd33) x26 0x00000000
core   0: 0x80002b60 (0x854062b7) lui     t0, 0x85406
core   0: 3 0x80002b60 (0x854062b7) x 5 0x85406000
core   0: 0x80002b64 (0x01178323) sb      a7, 6(a5)
core   0: 3 0x80002b64 (0x01178323) mem 0x800168ef 0x0
core   0: 0x80002b68 (0x5027c203) lbu     tp, 1282(a5)
core   0: 3 0x80002b68 (0x5027c203) x 4 0x00000000 mem 0x80016deb
core   0: 0x80002b6c (0x41888633) sub     a2, a7, s8
core   0: 3 0x80002b6c (0x41888633) x12 0x00000000
core   0: 0x80002b70 (0xdf67c183) lbu     gp, -522(a5)
core   0: 3 0x80002b70 (0xdf67c183) x 3 0x00000000 mem 0x800166df
core   0: 0x80002b74 (0x00012f17) auipc   t5, 0x12
core   0: 3 0x80002b74 (0x00012f17) x30 0x80014b74
core   0: 0x80002b78 (0x462f0f13) addi    t5, t5, 1122
core   0: 3 0x80002b78 (0x462f0f13) x30 0x80014fd6
core   0: 0x80002b7c (0x5121f693) andi    a3, gp, 1298
core   0: 3 0x80002b7c (0x5121f693) x13 0x00000000
core   0: 0x80002b80 (0x00000013) nop
core   0: 3 0x80002b80 (0x00000013)
core   0: 0x80002b84 (0x3356c193) xori    gp, a3, 821
core   0: 3 0x80002b84 (0x3356c193) x 3 0x00000335
core   0: 0x80002b88 (0xebbf4783) lbu     a5, -325(t5)
core   0: 3 0x80002b88 (0xebbf4783) x15 0x00000000 mem 0x80014e91
core   0: 0x80002b8c (0x406f0fa3) sb      t1, 1055(t5)
core   0: 3 0x80002b8c (0x406f0fa3) mem 0x800153f5 0x0
core   0: 0x80002b90 (0x44cf0303) lb      t1, 1100(t5)
core   0: 3 0x80002b90 (0x44cf0303) x 6 0x00000000 mem 0x80015422
core   0: 0x80002b94 (0x38af09a3) sb      a0, 915(t5)
core   0: 3 0x80002b94 (0x38af09a3) mem 0x80015369 0x0
core   0: 0x80002b98 (0x00f1c333) xor     t1, gp, a5
core   0: 3 0x80002b98 (0x00f1c333) x 6 0x00000335
core   0: 0x80002b9c (0x28f6c313) xori    t1, a3, 655
core   0: 3 0x80002b9c (0x28f6c313) x 6 0x0000028f
core   0: 0x80002ba0 (0x0031e333) or      t1, gp, gp
core   0: 3 0x80002ba0 (0x0031e333) x 6 0x00000335
core   0: 0x80002ba4 (0x738f4303) lbu     t1, 1848(t5)
core   0: 3 0x80002ba4 (0x738f4303) x 6 0x00000000 mem 0x8001570e
core   0: 0x80002ba8 (0x386f05a3) sb      t1, 907(t5)
core   0: 3 0x80002ba8 (0x386f05a3) mem 0x80015361 0x0
core   0: 0x80002bac (0xf706f593) andi    a1, a3, -144
core   0: 3 0x80002bac (0xf706f593) x11 0x00000000
core   0: 0x80002bb0 (0x00b1b1b3) sltu    gp, gp, a1
core   0: 3 0x80002bb0 (0x00b1b1b3) x 3 0x00000000
core   0: 0x80002bb4 (0x74ef2503) lw      a0, 1870(t5)
core   0: 3 0x80002bb4 (0x74ef2503) x10 0x00000000 mem 0x80015724
core   0: 0x80002bb8 (0x00a5c6b3) xor     a3, a1, a0
core   0: 3 0x80002bb8 (0x00a5c6b3) x13 0x00000000
core   0: 0x80002bbc (0x40635793) srai    a5, t1, 6
core   0: 3 0x80002bbc (0x40635793) x15 0x00000000
core   0: 0x80002bc0 (0xf77f4683) lbu     a3, -137(t5)
core   0: 3 0x80002bc0 (0xf77f4683) x13 0x00000000 mem 0x80014f4d
core   0: 0x80002bc4 (0x4fef2583) lw      a1, 1278(t5)
core   0: 3 0x80002bc4 (0x4fef2583) x11 0x00000000 mem 0x800154d4
core   0: 0x80002bc8 (0x2105a193) slti    gp, a1, 528
core   0: 3 0x80002bc8 (0x2105a193) x 3 0x00000001
core   0: 0x80002bcc (0x603f1123) sh      gp, 1538(t5)
core   0: 3 0x80002bcc (0x603f1123) mem 0x800155d8 0x0001
core   0: 0x80002bd0 (0xbfaf1183) lh      gp, -1030(t5)
core   0: 3 0x80002bd0 (0xbfaf1183) x 3 0x00000000 mem 0x80014bd0
core   0: 0x80002bd4 (0x19ef1503) lh      a0, 414(t5)
core   0: 3 0x80002bd4 (0x19ef1503) x10 0x00000000 mem 0x80015174
core   0: 0x80002bd8 (0xeadf4583) lbu     a1, -339(t5)
core   0: 3 0x80002bd8 (0xeadf4583) x11 0x00000000 mem 0x80014e83
core   0: 0x80002bdc (0x48bf09a3) sb      a1, 1171(t5)
core   0: 3 0x80002bdc (0x48bf09a3) mem 0x80015469 0x0
core   0: 0x80002be0 (0xc03f03a3) sb      gp, -1017(t5)
core   0: 3 0x80002be0 (0xc03f03a3) mem 0x80014bdd 0x0
core   0: 0x80002be4 (0x88b57513) andi    a0, a0, -1909
core   0: 3 0x80002be4 (0x88b57513) x10 0x00000000
core   0: 0x80002be8 (0xb8af5783) lhu     a5, -1142(t5)
core   0: 3 0x80002be8 (0xb8af5783) x15 0x00000000 mem 0x80014b60
core   0: 0x80002bec (0x6bd32513) slti    a0, t1, 1725
core   0: 3 0x80002bec (0x6bd32513) x10 0x00000001
core   0: 0x80002bf0 (0x6c630693) addi    a3, t1, 1734
core   0: 3 0x80002bf0 (0x6c630693) x13 0x000006c6
core   0: 0x80002bf4 (0x406351b3) sra     gp, t1, t1
core   0: 3 0x80002bf4 (0x406351b3) x 3 0x00000000
core   0: 0x80002bf8 (0x863f0623) sb      gp, -1940(t5)
core   0: 3 0x80002bf8 (0x863f0623) mem 0x80014842 0x0
core   0: 0x80002bfc (0x0000100f) fence.i
core   0: 3 0x80002bfc (0x0000100f)
core   0: 0x80002c00 (0xc03f1123) sh      gp, -1022(t5)
core   0: 3 0x80002c00 (0xc03f1123) mem 0x80014bd8 0x0000
core   0: 0x80002c04 (0x00d31333) sll     t1, t1, a3
core   0: 3 0x80002c04 (0x00d31333) x 6 0x00000000
core   0: 0x80002c08 (0xfc6f5683) lhu     a3, -58(t5)
core   0: 3 0x80002c08 (0xfc6f5683) x13 0x00000000 mem 0x80014f9c
core   0: 0x80002c0c (0x203f06a3) sb      gp, 525(t5)
core   0: 3 0x80002c0c (0x203f06a3) mem 0x800151e3 0x0
core   0: 0x80002c10 (0x00016117) auipc   sp, 0x16
core   0: 3 0x80002c10 (0x00016117) x 2 0x80018c10
core   0: 0x80002c14 (0x53410113) addi    sp, sp, 1332
core   0: 3 0x80002c14 (0x53410113) x 2 0x80019144
core   0: 0x80002c18 (0x013f1a13) slli    s4, t5, 19
core   0: 3 0x80002c18 (0x013f1a13) x20 0x7eb00000
core   0: 0x80002c1c (0xfd811003) lh      zero, -40(sp)
core   0: 3 0x80002c1c (0xfd811003) mem 0x8001911c
core   0: 0x80002c20 (0x03614383) lbu     t2, 54(sp)
core   0: 3 0x80002c20 (0x03614383) x 7 0x00000000 mem 0x8001917a
core   0: 0x80002c24 (0x40475933) sra     s2, a4, tp
core   0: 3 0x80002c24 (0x40475933) x18 0x00000000
core   0: 0x80002c28 (0xfdf14503) lbu     a0, -33(sp)
core   0: 3 0x80002c28 (0xfdf14503) x10 0x00000000 mem 0x80019123
core   0: 0x80002c2c (0xfc812b03) lw      s6, -56(sp)
core   0: 3 0x80002c2c (0xfc812b03) x22 0x00000000 mem 0x8001910c
core   0: 0x80002c30 (0xd3ba0913) addi    s2, s4, -709
core   0: 3 0x80002c30 (0xd3ba0913) x18 0x7eaffd3b
core   0: 0x80002c34 (0x6c76c397) auipc   t2, 0x6c76c
core   0: 3 0x80002c34 (0x6c76c397) x 7 0xec76ec34
core   0: 0x80002c38 (0xff914e03) lbu     t3, -7(sp)
core   0: 3 0x80002c38 (0xff914e03) x28 0x00000000 mem 0x8001913d
core   0: 0x80002c3c (0x038103a3) sb      s8, 39(sp)
core   0: 3 0x80002c3c (0x038103a3) mem 0x8001916b 0x0
core   0: 0x80002c40 (0x00adbb33) sltu    s6, s11, a0
core   0: 3 0x80002c40 (0x00adbb33) x22 0x00000000
core   0: 0x80002c44 (0x01810aa3) sb      s8, 21(sp)
core   0: 3 0x80002c44 (0x01810aa3) mem 0x80019159 0x0
core   0: 0x80002c48 (0x00542033) slt     zero, s0, t0
core   0: 3 0x80002c48 (0x00542033)
core   0: 0x80002c4c (0x59780d37) lui     s10, 0x59780
core   0: 3 0x80002c4c (0x59780d37) x26 0x59780000
core   0: 0x80002c50 (0x03f10f83) lb      t6, 63(sp)
core   0: 3 0x80002c50 (0x03f10f83) x31 0x00000000 mem 0x80019183
core   0: 0x80002c54 (0x0000100f) fence.i
core   0: 3 0x80002c54 (0x0000100f)
core   0: 0x80002c58 (0x0057cd33) xor     s10, a5, t0
core   0: 3 0x80002c58 (0x0057cd33) x26 0x85406000
core   0: 0x80002c5c (0x01b4aeb3) slt     t4, s1, s11
core   0: 3 0x80002c5c (0x01b4aeb3) x29 0x00000001
core   0: 0x80002c60 (0x01dc41b3) xor     gp, s8, t4
core   0: 3 0x80002c60 (0x01dc41b3) x 3 0x00000001
core   0: 0x80002c64 (0x019d26b3) slt     a3, s10, s9
core   0: 3 0x80002c64 (0x019d26b3) x13 0x00000001
core   0: 0x80002c68 (0x03210883) lb      a7, 50(sp)
core   0: 3 0x80002c68 (0x03210883) x17 0x00000000 mem 0x80019176
core   0: 0x80002c6c (0x408bd413) srai    s0, s7, 8
core   0: 3 0x80002c6c (0x408bd413) x 8 0xff80027e
core   0: 0x80002c70 (0xc7f27817) auipc   a6, 0xc7f27
core   0: 3 0x80002c70 (0xc7f27817) x16 0x47f29c70
core   0: 0x80002c74 (0x01a8a633) slt     a2, a7, s10
core   0: 3 0x80002c74 (0x01a8a633) x12 0x00000000
core   0: 0x80002c78 (0xfc411f03) lh      t5, -60(sp)
core   0: 3 0x80002c78 (0xfc411f03) x30 0x00000000 mem 0x80019108
core   0: 0x80002c7c (0xfe310583) lb      a1, -29(sp)
core   0: 3 0x80002c7c (0xfe310583) x11 0x00000000 mem 0x80019127
core   0: 0x80002c80 (0x0006c5b3) xor     a1, a3, zero
core   0: 3 0x80002c80 (0x0006c5b3) x11 0x00000001
core   0: 0x80002c84 (0x00b10503) lb      a0, 11(sp)
core   0: 3 0x80002c84 (0x00b10503) x10 0x00000000 mem 0x8001914f
core   0: 0x80002c88 (0xed0db213) sltiu   tp, s11, -304
core   0: 3 0x80002c88 (0xed0db213) x 4 0x00000001
core   0: 0x80002c8c (0x02f14783) lbu     a5, 47(sp)
core   0: 3 0x80002c8c (0x02f14783) x15 0x00000000 mem 0x80019173
core   0: 0x80002c90 (0xfe215983) lhu     s3, -30(sp)
core   0: 3 0x80002c90 (0xfe215983) x19 0x00000000 mem 0x80019126
core   0: 0x80002c94 (0x41680933) sub     s2, a6, s6
core   0: 3 0x80002c94 (0x41680933) x18 0x47f29c70
core   0: 0x80002c98 (0x00110183) lb      gp, 1(sp)
core   0: 3 0x80002c98 (0x00110183) x 3 0x00000000 mem 0x80019145
core   0: 0x80002c9c (0xfd410ba3) sb      s4, -41(sp)
core   0: 3 0x80002c9c (0xfd410ba3) mem 0x8001911b 0x0
core   0: 0x80002ca0 (0x00224db3) xor     s11, tp, sp
core   0: 3 0x80002ca0 (0x00224db3) x27 0x80019145
core   0: 0x80002ca4 (0xb6593893) sltiu   a7, s2, -1179
core   0: 3 0x80002ca4 (0xb6593893) x17 0x00000001
core   0: 0x80002ca8 (0x016102a3) sb      s6, 5(sp)
core   0: 3 0x80002ca8 (0x016102a3) mem 0x80019149 0x0
core   0: 0x80002cac (0x00010d97) auipc   s11, 0x10
core   0: 3 0x80002cac (0x00010d97) x27 0x80012cac
core   0: 0x80002cb0 (0x0f7d8d93) addi    s11, s11, 247
core   0: 3 0x80002cb0 (0x0f7d8d93) x27 0x80012da3
core   0: 0x80002cb4 (0x005e6e33) or      t3, t3, t0
core   0: 3 0x80002cb4 (0x005e6e33) x28 0x85406000
core   0: 0x80002cb8 (0x005e4133) xor     sp, t3, t0
core   0: 3 0x80002cb8 (0x005e4133) x 2 0x00000000
core   0: 0x80002cbc (0x9a4dc283) lbu     t0, -1628(s11)
core   0: 3 0x80002cbc (0x9a4dc283) x 5 0x00000000 mem 0x80012747
core   0: 0x80002cc0 (0x00000013) nop
core   0: 3 0x80002cc0 (0x00000013)
core   0: 0x80002cc4 (0x4f112113) slti    sp, sp, 1265
core   0: 3 0x80002cc4 (0x4f112113) x 2 0x00000001
core   0: 0x80002cc8 (0x4071d293) srai    t0, gp, 7
core   0: 3 0x80002cc8 (0x4071d293) x 5 0x00000000
core   0: 0x80002ccc (0xccbdd283) lhu     t0, -821(s11)
core   0: 3 0x80002ccc (0xccbdd283) x 5 0x00000000 mem 0x80012a6e
core   0: 0x80002cd0 (0x01ce6133) or      sp, t3, t3
core   0: 3 0x80002cd0 (0x01ce6133) x 2 0x85406000
core   0: 0x80002cd4 (0x0000100f) fence.i
core   0: 3 0x80002cd4 (0x0000100f)
core   0: 0x80002cd8 (0x102dc183) lbu     gp, 258(s11)
core   0: 3 0x80002cd8 (0x102dc183) x 3 0x00000000 mem 0x80012ea5
core   0: 0x80002cdc (0xbe3dce03) lbu     t3, -1053(s11)
core   0: 3 0x80002cdc (0xbe3dce03) x28 0x00000000 mem 0x80012986
core   0: 0x80002ce0 (0x002402b3) add     t0, s0, sp
core   0: 3 0x80002ce0 (0x002402b3) x 5 0x84c0627e
core   0: 0x80002ce4 (0xf8ad8183) lb      gp, -118(s11)
core   0: 3 0x80002ce4 (0xf8ad8183) x 3 0x00000000 mem 0x80012d2d
core   0: 0x80002ce8 (0xd2d47293) andi    t0, s0, -723
core   0: 3 0x80002ce8 (0xd2d47293) x 5 0xff80002c
core   0: 0x80002cec (0x43093eb7) lui     t4, 0x43093
core   0: 3 0x80002cec (0x43093eb7) x29 0x43093000
core   0: 0x80002cf0 (0xcbcd8523) sb      t3, -854(s11)
core   0: 3 0x80002cf0 (0xcbcd8523) mem 0x80012a4d 0x0
core   0: 0x80002cf4 (0x145d8a23) sb      t0, 340(s11)
core   0: 3 0x80002cf4 (0x145d8a23) mem 0x80012ef7 0x2c
core   0: 0x80002cf8 (0x01d14133) xor     sp, sp, t4
core   0: 3 0x80002cf8 (0x01d14133) x 2 0xc6495000
core   0: 0x80002cfc (0x01c2b133) sltu    sp, t0, t3
core   0: 3 0x80002cfc (0x01c2b133) x 2 0x00000000
core   0: 0x80002d00 (0x3de1be13) sltiu   t3, gp, 990
core   0: 3 0x80002d00 (0x3de1be13) x28 0x00000001
core   0: 0x80002d04 (0x29cd8e83) lb      t4, 668(s11)
core   0: 3 0x80002d04 (0x29cd8e83) x29 0x00000000 mem 0x8001303f
core   0: 0x80002d08 (0x951dc403) lbu     s0, -1711(s11)
core   0: 3 0x80002d08 (0x951dc403) x 8 0x00000000 mem 0x800126f4
core   0: 0x80002d0c (0x82fd8183) lb      gp, -2001(s11)
core   0: 3 0x80002d0c (0x82fd8183) x 3 0x00000000 mem 0x800125d2
core   0: 0x80002d10 (0x00817133) and     sp, sp, s0
core   0: 3 0x80002d10 (0x00817133) x 2 0x00000000
core   0: 0x80002d14 (0xd032fe13) andi    t3, t0, -765
core   0: 3 0x80002d14 (0xd032fe13) x28 0xff800000
core   0: 0x80002d18 (0x00000013) nop
core   0: 3 0x80002d18 (0x00000013)
core   0: 0x80002d1c (0x00816433) or      s0, sp, s0
core   0: 3 0x80002d1c (0x00816433) x 8 0x00000000
core   0: 0x80002d20 (0x003e81b3) add     gp, t4, gp
core   0: 3 0x80002d20 (0x003e81b3) x 3 0x00000000
core   0: 0x80002d24 (0x002ea133) slt     sp, t4, sp
core   0: 3 0x80002d24 (0x002ea133) x 2 0x00000000
core   0: 0x80002d28 (0x87cefe13) andi    t3, t4, -1924
core   0: 3 0x80002d28 (0x87cefe13) x28 0x00000000
core   0: 0x80002d2c (0x7cd14e93) xori    t4, sp, 1997
core   0: 3 0x80002d2c (0x7cd14e93) x29 0x000007cd
core   0: 0x80002d30 (0x00319133) sll     sp, gp, gp
core   0: 3 0x80002d30 (0x00319133) x 2 0x00000000
core   0: 0x80002d34 (0xd02d8523) sb      sp, -758(s11)
core   0: 3 0x80002d34 (0xd02d8523) mem 0x80012aad 0x0
core   0: 0x80002d38 (0x05dd8823) sb      t4, 80(s11)
core   0: 3 0x80002d38 (0x05dd8823) mem 0x80012df3 0xcd
core   0: 0x80002d3c (0x00000013) nop
core   0: 3 0x80002d3c (0x00000013)
core   0: 0x80002d40 (0x0f2dce83) lbu     t4, 242(s11)
core   0: 3 0x80002d40 (0x0f2dce83) x29 0x00000000 mem 0x80012e95
core   0: 0x80002d44 (0xa25d8823) sb      t0, -1488(s11)
core   0: 3 0x80002d44 (0xa25d8823) mem 0x800127d3 0x2c
core   0: 0x80002d48 (0x002442b3) xor     t0, s0, sp
core   0: 3 0x80002d48 (0x002442b3) x 5 0x00000000
core   0: 0x80002d4c (0xf25d8323) sb      t0, -218(s11)
core   0: 3 0x80002d4c (0xf25d8323) mem 0x80012cc9 0x0
core   0: 0x80002d50 (0x952d8e03) lb      t3, -1710(s11)
core   0: 3 0x80002d50 (0x952d8e03) x28 0x00000000 mem 0x800126f5
core   0: 0x80002d54 (0x97cd83a3) sb      t3, -1689(s11)
core   0: 3 0x80002d54 (0x97cd83a3) mem 0x8001270a 0x0
core   0: 0x80002d58 (0x96d1fe13) andi    t3, gp, -1683
core   0: 3 0x80002d58 (0x96d1fe13) x28 0x00000000
core   0: 0x80002d5c (0x92dd9e03) lh      t3, -1747(s11)
core   0: 3 0x80002d5c (0x92dd9e03) x28 0x00000000 mem 0x800126d0
core   0: 0x80002d60 (0x01845193) srli    gp, s0, 24
core   0: 3 0x80002d60 (0x01845193) x 3 0x00000000
core   0: 0x80002d64 (0x00000013) nop
core   0: 3 0x80002d64 (0x00000013)
core   0: 0x80002d68 (0xdf31a413) slti    s0, gp, -525
core   0: 3 0x80002d68 (0xdf31a413) x 8 0x00000000
core   0: 0x80002d6c (0x002e4133) xor     sp, t3, sp
core   0: 3 0x80002d6c (0x002e4133) x 2 0x00000000
core   0: 0x80002d70 (0xd70d8403) lb      s0, -656(s11)
core   0: 3 0x80002d70 (0xd70d8403) x 8 0x00000000 mem 0x80012b13
core   0: 0x80002d74 (0xc56e3e13) sltiu   t3, t3, -938
core   0: 3 0x80002d74 (0xc56e3e13) x28 0x00000001
core   0: 0x80002d78 (0x103d8e03) lb      t3, 259(s11)
core   0: 3 0x80002d78 (0x103d8e03) x28 0x00000000 mem 0x80012ea6
core   0: 0x80002d7c (0x0c8d9ca3) sh      s0, 217(s11)
core   0: 3 0x80002d7c (0x0c8d9ca3) mem 0x80012e7c 0x0000
core   0: 0x80002d80 (0x8f9dd403) lhu     s0, -1799(s11)
core   0: 3 0x80002d80 (0x8f9dd403) x 8 0x00000000 mem 0x8001269c
core   0: 0x80002d84 (0x018007ef) jal     a5, pc + 0x18
core   0: 3 0x80002d84 (0x018007ef) x15 0x80002d88
core   0: 0x80002d9c (0xffdff0ef) jal     pc - 0x4
core   0: 3 0x80002d9c (0xffdff0ef) x 1 0x80002da0
core   0: 0x80002d98 (0x020000ef) jal     pc + 0x20
core   0: 3 0x80002d98 (0x020000ef) x 1 0x80002d9c
core   0: 0x80002db8 (0xfedff0ef) jal     pc - 0x14
core   0: 3 0x80002db8 (0xfedff0ef) x 1 0x80002dbc
core   0: 0x80002da4 (0xfe5ff0ef) jal     pc - 0x1c
core   0: 3 0x80002da4 (0xfe5ff0ef) x 1 0x80002da8
core   0: 0x80002d88 (0x02000d6f) jal     s10, pc + 0x20
core   0: 3 0x80002d88 (0x02000d6f) x26 0x80002d8c
core   0: 0x80002da8 (0xfedff0ef) jal     pc - 0x14
core   0: 3 0x80002da8 (0xfedff0ef) x 1 0x80002dac
core   0: 0x80002d94 (0x018000ef) jal     pc + 0x18
core   0: 3 0x80002d94 (0x018000ef) x 1 0x80002d98
core   0: 0x80002dac (0xfe1ffb6f) jal     s6, pc - 0x20
core   0: 3 0x80002dac (0xfe1ffb6f) x22 0x80002db0
core   0: 0x80002d8c (0x014001ef) jal     gp, pc + 0x14
core   0: 3 0x80002d8c (0x014001ef) x 3 0x80002d90
core   0: 0x80002da0 (0x014000ef) jal     pc + 0x14
core   0: 3 0x80002da0 (0x014000ef) x 1 0x80002da4
core   0: 0x80002db4 (0xfddff0ef) jal     pc - 0x24
core   0: 3 0x80002db4 (0xfddff0ef) x 1 0x80002db8
core   0: 0x80002d90 (0x020000ef) jal     pc + 0x20
core   0: 3 0x80002d90 (0x020000ef) x 1 0x80002d94
core   0: 0x80002db0 (0x00c0036f) jal     t1, pc + 0xc
core   0: 3 0x80002db0 (0x00c0036f) x 6 0x80002db4
core   0: 0x80002dbc (0x00c56433) or      s0, a0, a2
core   0: 3 0x80002dbc (0x00c56433) x 8 0x00000000
core   0: 0x80002dc0 (0x01c007ef) jal     a5, pc + 0x1c
core   0: 3 0x80002dc0 (0x01c007ef) x15 0x80002dc4
core   0: 0x80002ddc (0xfedff0ef) jal     pc - 0x14
core   0: 3 0x80002ddc (0xfedff0ef) x 1 0x80002de0
core   0: 0x80002dc8 (0x00c00a6f) jal     s4, pc + 0xc
core   0: 3 0x80002dc8 (0x00c00a6f) x20 0x80002dcc
core   0: 0x80002dd4 (0x020000ef) jal     pc + 0x20
core   0: 3 0x80002dd4 (0x020000ef) x 1 0x80002dd8
core   0: 0x80002df4 (0xff9ff36f) jal     t1, pc - 0x8
core   0: 3 0x80002df4 (0xff9ff36f) x 6 0x80002df8
core   0: 0x80002dec (0x0040056f) jal     a0, pc + 0x4
core   0: 3 0x80002dec (0x0040056f) x10 0x80002df0
core   0: 0x80002df0 (0xfe1ff36f) jal     t1, pc - 0x20
core   0: 3 0x80002df0 (0xfe1ff36f) x 6 0x80002df4
core   0: 0x80002dd0 (0x014000ef) jal     pc + 0x14
core   0: 3 0x80002dd0 (0x014000ef) x 1 0x80002dd4
core   0: 0x80002de4 (0x014000ef) jal     pc + 0x14
core   0: 3 0x80002de4 (0x014000ef) x 1 0x80002de8
core   0: 0x80002df8 (0xff1ff0ef) jal     pc - 0x10
core   0: 3 0x80002df8 (0xff1ff0ef) x 1 0x80002dfc
core   0: 0x80002de8 (0xff9ffcef) jal     s9, pc - 0x8
core   0: 3 0x80002de8 (0xff9ffcef) x25 0x80002dec
core   0: 0x80002de0 (0xff9ff36f) jal     t1, pc - 0x8
core   0: 3 0x80002de0 (0xff9ff36f) x 6 0x80002de4
core   0: 0x80002dd8 (0xff5ff0ef) jal     pc - 0xc
core   0: 3 0x80002dd8 (0xff5ff0ef) x 1 0x80002ddc
core   0: 0x80002dcc (0xff9ff0ef) jal     pc - 0x8
core   0: 3 0x80002dcc (0xff9ff0ef) x 1 0x80002dd0
core   0: 0x80002dc4 (0x038000ef) jal     pc + 0x38
core   0: 3 0x80002dc4 (0x038000ef) x 1 0x80002dc8
core   0: 0x80002dfc (0x010e9333) sll     t1, t4, a6
core   0: 3 0x80002dfc (0x010e9333) x 6 0x00000000
core   0: 0x80002e00 (0x00010d17) auipc   s10, 0x10
core   0: 3 0x80002e00 (0x00010d17) x26 0x80012e00
core   0: 0x80002e04 (0xacbd0d13) addi    s10, s10, -1333
core   0: 3 0x80002e04 (0xacbd0d13) x26 0x800128cb
core   0: 0x80002e08 (0x019d01a3) sb      s9, 3(s10)
core   0: 3 0x80002e08 (0x019d01a3) mem 0x800128ce 0xec
core   0: 0x80002e0c (0x00020897) auipc   a7, 0x20
core   0: 3 0x80002e0c (0x00020897) x17 0x80022e0c
core   0: 0x80002e10 (0xe5488893) addi    a7, a7, -428
core   0: 3 0x80002e10 (0xe5488893) x17 0x80022c60
core   0: 0x80002e14 (0xf03886a3) sb      gp, -243(a7)
core   0: 3 0x80002e14 (0xf03886a3) mem 0x80022b6d 0x90
core   0: 0x80002e18 (0x00ed0403) lb      s0, 14(s10)
core   0: 3 0x80002e18 (0x00ed0403) x 8 0x00000000 mem 0x800128d9
core   0: 0x80002e1c (0x24088ca3) sb      zero, 601(a7)
core   0: 3 0x80002e1c (0x24088ca3) mem 0x80022eb9 0x0
core   0: 0x80002e20 (0xff1d2ea3) sw      a7, -3(s10)
core   0: 3 0x80002e20 (0xff1d2ea3) mem 0x800128c8 0x80022c60
core   0: 0x80002e24 (0x003d0123) sb      gp, 2(s10)
core   0: 3 0x80002e24 (0x003d0123) mem 0x800128cd 0x90
core   0: 0x80002e28 (0x00bd5c83) lhu     s9, 11(s10)
core   0: 3 0x80002e28 (0x00bd5c83) x25 0x0000bb00 mem 0x800128d6
core   0: 0x80002e2c (0xb99884a3) sb      s9, -1143(a7)
core   0: 3 0x80002e2c (0xb99884a3) mem 0x800227e9 0x0
core   0: 0x80002e30 (0x29f89f23) sh      t6, 670(a7)
core   0: 3 0x80002e30 (0x29f89f23) mem 0x80022efe 0x0000
core   0: 0x80002e34 (0x99488a03) lb      s4, -1644(a7)
core   0: 3 0x80002e34 (0x99488a03) x20 0x00000000 mem 0x800225f4
core   0: 0x80002e38 (0xff2d0a23) sb      s2, -12(s10)
core   0: 3 0x80002e38 (0xff2d0a23) mem 0x800128bf 0x70
core   0: 0x80002e3c (0x00011597) auipc   a1, 0x11
core   0: 3 0x80002e3c (0x00011597) x11 0x80013e3c
core   0: 0x80002e40 (0xdfc58593) addi    a1, a1, -516
core   0: 3 0x80002e40 (0xdfc58593) x11 0x80013c38
core   0: 0x80002e44 (0x0000f217) auipc   tp, 0xf
core   0: 3 0x80002e44 (0x0000f217) x 4 0x80011e44
core   0: 0x80002e48 (0x6e220213) addi    tp, tp, 1762
core   0: 3 0x80002e48 (0x6e220213) x 4 0x80012526
core   0: 0x80002e4c (0x0125d183) lhu     gp, 18(a1)
core   0: 3 0x80002e4c (0x0125d183) x 3 0x00000000 mem 0x80013c4a
core   0: 0x80002e50 (0xff8580a3) sb      s8, -31(a1)
core   0: 3 0x80002e50 (0xff8580a3) mem 0x80013c19 0x0
core   0: 0x80002e54 (0x08221403) lh      s0, 130(tp)
core   0: 3 0x80002e54 (0x08221403) x 8 0x00000000 mem 0x800125a8
core   0: 0x80002e58 (0x03c5db03) lhu     s6, 60(a1)
core   0: 3 0x80002e58 (0x03c5db03) x22 0x00000000 mem 0x80013c74
core   0: 0x80002e5c (0xf3520323) sb      s5, -218(tp)
core   0: 3 0x80002e5c (0xf3520323) mem 0x8001244c 0xbb
core   0: 0x80002e60 (0xfe221623) sh      sp, -20(tp)
core   0: 3 0x80002e60 (0xfe221623) mem 0x80012512 0x0000
core   0: 0x80002e64 (0x0b224903) lbu     s2, 178(tp)
core   0: 3 0x80002e64 (0x0b224903) x18 0x00000000 mem 0x800125d8
core   0: 0x80002e68 (0xf0b20d03) lb      s10, -245(tp)
core   0: 3 0x80002e68 (0xf0b20d03) x26 0x00000000 mem 0x80012431
core   0: 0x80002e6c (0xff8586a3) sb      s8, -19(a1)
core   0: 3 0x80002e6c (0xff8586a3) mem 0x80013c25 0x0
core   0: 0x80002e70 (0x00e59783) lh      a5, 14(a1)
core   0: 3 0x80002e70 (0x00e59783) x15 0x00000000 mem 0x80013c46
core   0: 0x80002e74 (0xf6a25c83) lhu     s9, -150(tp)
core   0: 3 0x80002e74 (0xf6a25c83) x25 0x00000000 mem 0x80012490
core   0: 0x80002e78 (0x03f5cd03) lbu     s10, 63(a1)
core   0: 3 0x80002e78 (0x03f5cd03) x26 0x00000000 mem 0x80013c77
core   0: 0x80002e7c (0xfc358a03) lb      s4, -61(a1)
core   0: 3 0x80002e7c (0xfc358a03) x20 0x00000000 mem 0x80013bfb
core   0: 0x80002e80 (0x01321f23) sh      s3, 30(tp)
core   0: 3 0x80002e80 (0x01321f23) mem 0x80012544 0x0000
core   0: 0x80002e84 (0x09920383) lb      t2, 153(tp)
core   0: 3 0x80002e84 (0x09920383) x 7 0x00000000 mem 0x800125bf
core   0: 0x80002e88 (0x01a59f83) lh      t6, 26(a1)
core   0: 3 0x80002e88 (0x01a59f83) x31 0x00000000 mem 0x80013c52
core   0: 0x80002e8c (0xf5221183) lh      gp, -174(tp)
core   0: 3 0x80002e8c (0xf5221183) x 3 0x00000000 mem 0x80012478
core   0: 0x80002e90 (0x03e59f83) lh      t6, 62(a1)
core   0: 3 0x80002e90 (0x03e59f83) x31 0x00000000 mem 0x80013c76
core   0: 0x80002e94 (0x03f20b03) lb      s6, 63(tp)
core   0: 3 0x80002e94 (0x03f20b03) x22 0x00000000 mem 0x80012565
core   0: 0x80002e98 (0xfc158983) lb      s3, -63(a1)
core   0: 3 0x80002e98 (0xfc158983) x19 0x00000000 mem 0x80013bf9
core   0: 0x80002e9c (0x00010917) auipc   s2, 0x10
core   0: 3 0x80002e9c (0x00010917) x18 0x80012e9c
core   0: 0x80002ea0 (0xb6590913) addi    s2, s2, -1179
core   0: 3 0x80002ea0 (0xb6590913) x18 0x80012a01
core   0: 0x80002ea4 (0x01de9a33) sll     s4, t4, t4
core   0: 3 0x80002ea4 (0x01de9a33) x20 0x00000000
core   0: 0x80002ea8 (0xd1392e83) lw      t4, -749(s2)
core   0: 3 0x80002ea8 (0xd1392e83) x29 0x00000000 mem 0x80012714
core   0: 0x80002eac (0x85a90a03) lb      s4, -1958(s2)
core   0: 3 0x80002eac (0x85a90a03) x20 0x00000000 mem 0x8001225b
core   0: 0x80002eb0 (0x00000013) nop
core   0: 3 0x80002eb0 (0x00000013)
core   0: 0x80002eb4 (0x0000100f) fence.i
core   0: 3 0x80002eb4 (0x0000100f)
core   0: 0x80002eb8 (0x74098993) addi    s3, s3, 1856
core   0: 3 0x80002eb8 (0x74098993) x19 0x00000740
core   0: 0x80002ebc (0x96290f83) lb      t6, -1694(s2)
core   0: 3 0x80002ebc (0x96290f83) x31 0x00000000 mem 0x80012363
core   0: 0x80002ec0 (0x00c619b3) sll     s3, a2, a2
core   0: 3 0x80002ec0 (0x00c619b3) x19 0x00000000
core   0: 0x80002ec4 (0x0ff0000f) fence   iorw,iorw
core   0: 3 0x80002ec4 (0x0ff0000f)
core   0: 0x80002ec8 (0xe7490123) sb      s4, -414(s2)
core   0: 3 0x80002ec8 (0xe7490123) mem 0x80012863 0x0
core   0: 0x80002ecc (0xc3d90023) sb      t4, -992(s2)
core   0: 3 0x80002ecc (0xc3d90023) mem 0x80012621 0x0
core   0: 0x80002ed0 (0x01fecfb3) xor     t6, t4, t6
core   0: 3 0x80002ed0 (0x01fecfb3) x31 0x00000000
core   0: 0x80002ed4 (0x05062993) slti    s3, a2, 80
core   0: 3 0x80002ed4 (0x05062993) x19 0x00000001
core   0: 0x80002ed8 (0x05b92983) lw      s3, 91(s2)
core   0: 3 0x80002ed8 (0x05b92983) x19 0x00000000 mem 0x80012a5c
core   0: 0x80002edc (0x01f9f9b3) and     s3, s3, t6
core   0: 3 0x80002edc (0x01f9f9b3) x19 0x00000000
core   0: 0x80002ee0 (0x41d98eb3) sub     t4, s3, t4
core   0: 3 0x80002ee0 (0x41d98eb3) x29 0x00000000
core   0: 0x80002ee4 (0x0139f633) and     a2, s3, s3
core   0: 3 0x80002ee4 (0x0139f633) x12 0x00000000
core   0: 0x80002ee8 (0x48c94683) lbu     a3, 1164(s2)
core   0: 3 0x80002ee8 (0x48c94683) x13 0x00000000 mem 0x80012e8d
core   0: 0x80002eec (0x00d609b3) add     s3, a2, a3
core   0: 3 0x80002eec (0x00d609b3) x19 0x00000000
core   0: 0x80002ef0 (0xa3991603) lh      a2, -1479(s2)
core   0: 3 0x80002ef0 (0xa3991603) x12 0x00000000 mem 0x8001243a
core   0: 0x80002ef4 (0xc5f90983) lb      s3, -929(s2)
core   0: 3 0x80002ef4 (0xc5f90983) x19 0x00000000 mem 0x80012660
core   0: 0x80002ef8 (0xcc5b39b7) lui     s3, 0xcc5b3
core   0: 3 0x80002ef8 (0xcc5b39b7) x19 0xcc5b3000
core   0: 0x80002efc (0x00c6afb3) slt     t6, a3, a2
core   0: 3 0x80002efc (0x00c6afb3) x31 0x00000000
core   0: 0x80002f00 (0xf00fe993) ori     s3, t6, -256
core   0: 3 0x80002f00 (0xf00fe993) x19 0xffffff00
core   0: 0x80002f04 (0x271a6a13) ori     s4, s4, 625
core   0: 3 0x80002f04 (0x271a6a13) x20 0x00000271
core   0: 0x80002f08 (0x34090603) lb      a2, 832(s2)
core   0: 3 0x80002f08 (0x34090603) x12 0x00000000 mem 0x80012d41
core   0: 0x80002f0c (0x4ed908a3) sb      a3, 1265(s2)
core   0: 3 0x80002f0c (0x4ed908a3) mem 0x80012ef2 0x0
core   0: 0x80002f10 (0x153913a3) sh      s3, 327(s2)
core   0: 3 0x80002f10 (0x153913a3) mem 0x80012b48 0xff00
core   0: 0x80002f14 (0x61560a37) lui     s4, 0x61560
core   0: 3 0x80002f14 (0x61560a37) x20 0x61560000
core   0: 0x80002f18 (0x01f606b3) add     a3, a2, t6
core   0: 3 0x80002f18 (0x01f606b3) x13 0x00000000
core   0: 0x80002f1c (0x26da6697) auipc   a3, 0x26da6
core   0: 3 0x80002f1c (0x26da6697) x13 0xa6da8f1c
core   0: 0x80002f20 (0x0d0d6fb7) lui     t6, 0xd0d6
core   0: 3 0x80002f20 (0x0d0d6fb7) x31 0x0d0d6000
core   0: 0x80002f24 (0x95e94f83) lbu     t6, -1698(s2)
core   0: 3 0x80002f24 (0x95e94f83) x31 0x00000000 mem 0x8001235f
core   0: 0x80002f28 (0x0089da13) srli    s4, s3, 8
core   0: 3 0x80002f28 (0x0089da13) x20 0x00ffffff
core   0: 0x80002f2c (0x013a1eb3) sll     t4, s4, s3
core   0: 3 0x80002f2c (0x013a1eb3) x29 0x00ffffff
core   0: 0x80002f30 (0x01dee9b3) or      s3, t4, t4
core   0: 3 0x80002f30 (0x01dee9b3) x19 0x00ffffff
core   0: 0x80002f34 (0x094ff993) andi    s3, t6, 148
core   0: 3 0x80002f34 (0x094ff993) x19 0x00000000
core   0: 0x80002f38 (0x00c6b9b3) sltu    s3, a3, a2
core   0: 3 0x80002f38 (0x00c6b9b3) x19 0x00000000
core   0: 0x80002f3c (0x0b3913a3) sh      s3, 167(s2)
core   0: 3 0x80002f3c (0x0b3913a3) mem 0x80012aa8 0x0000
core   0: 0x80002f40 (0x0000f717) auipc   a4, 0xf
core   0: 3 0x80002f40 (0x0000f717) x14 0x80011f40
core   0: 0x80002f44 (0x69a70713) addi    a4, a4, 1690
core   0: 3 0x80002f44 (0x69a70713) x14 0x800125da
core   0: 0x80002f48 (0x0001f817) auipc   a6, 0x1f
core   0: 3 0x80002f48 (0x0001f817) x16 0x80021f48
core   0: 0x80002f4c (0xc3d80813) addi    a6, a6, -963
core   0: 3 0x80002f4c (0xc3d80813) x16 0x80021b85
core   0: 0x80002f50 (0xcea74903) lbu     s2, -790(a4)
core   0: 3 0x80002f50 (0xcea74903) x18 0x00000000 mem 0x800122c4
core   0: 0x80002f54 (0x26380903) lb      s2, 611(a6)
core   0: 3 0x80002f54 (0x26380903) x18 0x00000000 mem 0x80021de8
core   0: 0x80002f58 (0xd8b80423) sb      a1, -632(a6)
core   0: 3 0x80002f58 (0xd8b80423) mem 0x8002190d 0x38
core   0: 0x80002f5c (0x7e674603) lbu     a2, 2022(a4)
core   0: 3 0x80002f5c (0x7e674603) x12 0x00000000 mem 0x80012dc0
core   0: 0x80002f60 (0x2c271a23) sh      sp, 724(a4)
core   0: 3 0x80002f60 (0x2c271a23) mem 0x800128ae 0x0000
core   0: 0x80002f64 (0x86280323) sb      sp, -1946(a6)
core   0: 3 0x80002f64 (0x86280323) mem 0x800213eb 0x0
core   0: 0x80002f68 (0x98180283) lb      t0, -1663(a6)
core   0: 3 0x80002f68 (0x98180283) x 5 0x00000000 mem 0x80021506
core   0: 0x80002f6c (0xe0e704a3) sb      a4, -503(a4)
core   0: 3 0x80002f6c (0xe0e704a3) mem 0x800123e3 0xda
core   0: 0x80002f70 (0x28f815a3) sh      a5, 651(a6)
core   0: 3 0x80002f70 (0x28f815a3) mem 0x80021e10 0x0000
core   0: 0x80002f74 (0xc3585f03) lhu     t5, -971(a6)
core   0: 3 0x80002f74 (0xc3585f03) x30 0x00000000 mem 0x800217ba
core   0: 0x80002f78 (0x5eb70683) lb      a3, 1515(a4)
core   0: 3 0x80002f78 (0x5eb70683) x13 0x00000000 mem 0x80012bc5
core   0: 0x80002f7c (0x17275683) lhu     a3, 370(a4)
core   0: 3 0x80002f7c (0x17275683) x13 0x00000000 mem 0x8001274c
core   0: 0x80002f80 (0x00013c97) auipc   s9, 0x13
core   0: 3 0x80002f80 (0x00013c97) x25 0x80015f80
core   0: 0x80002f84 (0x048c8c93) addi    s9, s9, 72
core   0: 3 0x80002f84 (0x048c8c93) x25 0x80015fc8
core   0: 0x80002f88 (0x032cd903) lhu     s2, 50(s9)
core   0: 3 0x80002f88 (0x032cd903) x18 0x00000000 mem 0x80015ffa
core   0: 0x80002f8c (0x004b0033) add     zero, s6, tp
core   0: 3 0x80002f8c (0x004b0033)
core   0: 0x80002f90 (0x032c8e03) lb      t3, 50(s9)
core   0: 3 0x80002f90 (0x032c8e03) x28 0x00000000 mem 0x80015ffa
core   0: 0x80002f94 (0x032cda03) lhu     s4, 50(s9)
core   0: 3 0x80002f94 (0x032cda03) x20 0x00000000 mem 0x80015ffa
core   0: 0x80002f98 (0x00ec5a33) srl     s4, s8, a4
core   0: 3 0x80002f98 (0x00ec5a33) x20 0x00000000
core   0: 0x80002f9c (0x032c8783) lb      a5, 50(s9)
core   0: 3 0x80002f9c (0x032c8783) x15 0x00000000 mem 0x80015ffa
core   0: 0x80002fa0 (0x032cd583) lhu     a1, 50(s9)
core   0: 3 0x80002fa0 (0x032cd583) x11 0x00000000 mem 0x80015ffa
core   0: 0x80002fa4 (0x032cc003) lbu     zero, 50(s9)
core   0: 3 0x80002fa4 (0x032cc003) mem 0x80015ffa
core   0: 0x80002fa8 (0x032cc783) lbu     a5, 50(s9)
core   0: 3 0x80002fa8 (0x032cc783) x15 0x00000000 mem 0x80015ffa
core   0: 0x80002fac (0x032cdc03) lhu     s8, 50(s9)
core   0: 3 0x80002fac (0x032cdc03) x24 0x00000000 mem 0x80015ffa
core   0: 0x80002fb0 (0x033c9923) sh      s3, 50(s9)
core   0: 3 0x80002fb0 (0x033c9923) mem 0x80015ffa 0x0000
core   0: 0x80002fb4 (0x032cd203) lhu     tp, 50(s9)
core   0: 3 0x80002fb4 (0x032cd203) x 4 0x00000000 mem 0x80015ffa
core   0: 0x80002fb8 (0x032c8883) lb      a7, 50(s9)
core   0: 3 0x80002fb8 (0x032c8883) x17 0x00000000 mem 0x80015ffa
core   0: 0x80002fbc (0x032c8503) lb      a0, 50(s9)
core   0: 3 0x80002fbc (0x032c8503) x10 0x00000000 mem 0x80015ffa
core   0: 0x80002fc0 (0x032cde83) lhu     t4, 50(s9)
core   0: 3 0x80002fc0 (0x032cde83) x29 0x00000000 mem 0x80015ffa
core   0: 0x80002fc4 (0x029c8923) sb      s1, 50(s9)
core   0: 3 0x80002fc4 (0x029c8923) mem 0x80015ffa 0xe4
core   0: 0x80002fc8 (0x032cc283) lbu     t0, 50(s9)
core   0: 3 0x80002fc8 (0x032cc283) x 5 0x000000e4 mem 0x80015ffa
core   0: 0x80002fcc (0x032c9403) lh      s0, 50(s9)
core   0: 3 0x80002fcc (0x032c9403) x 8 0x000000e4 mem 0x80015ffa
core   0: 0x80002fd0 (0x032cda03) lhu     s4, 50(s9)
core   0: 3 0x80002fd0 (0x032cda03) x20 0x000000e4 mem 0x80015ffa
core   0: 0x80002fd4 (0x00010817) auipc   a6, 0x10
core   0: 3 0x80002fd4 (0x00010817) x16 0x80012fd4
core   0: 0x80002fd8 (0xa7380813) addi    a6, a6, -1421
core   0: 3 0x80002fd8 (0xa7380813) x16 0x80012a47
core   0: 0x80002fdc (0xcb563893) sltiu   a7, a2, -843
core   0: 3 0x80002fdc (0xcb563893) x17 0x00000001
core   0: 0x80002fe0 (0x01f80223) sb      t6, 4(a6)
core   0: 3 0x80002fe0 (0x01f80223) mem 0x80012a4b 0x0
core   0: 0x80002fe4 (0x00381f03) lh      t5, 3(a6)
core   0: 3 0x80002fe4 (0x00381f03) x30 0x00000000 mem 0x80012a4a
core   0: 0x80002fe8 (0x01d80f03) lb      t5, 29(a6)
core   0: 3 0x80002fe8 (0x01d80f03) x30 0x00000000 mem 0x80012a64
core   0: 0x80002fec (0x00d445b3) xor     a1, s0, a3
core   0: 3 0x80002fec (0x00d445b3) x11 0x000000e4
core   0: 0x80002ff0 (0x00b811a3) sh      a1, 3(a6)
core   0: 3 0x80002ff0 (0x00b811a3) mem 0x80012a4a 0x00e4
core   0: 0x80002ff4 (0x02982003) lw      zero, 41(a6)
core   0: 3 0x80002ff4 (0x02982003) mem 0x80012a70
core   0: 0x80002ff8 (0x00080a03) lb      s4, 0(a6)
core   0: 3 0x80002ff8 (0x00080a03) x20 0x00000000 mem 0x80012a47
core   0: 0x80002ffc (0x00a84f83) lbu     t6, 10(a6)
core   0: 3 0x80002ffc (0x00a84f83) x31 0x00000000 mem 0x80012a51
core   0: 0x80003000 (0xfc785403) lhu     s0, -57(a6)
core   0: 3 0x80003000 (0xfc785403) x 8 0x00000000 mem 0x80012a0e
core   0: 0x80003004 (0x01280283) lb      t0, 18(a6)
core   0: 3 0x80003004 (0x01280283) x 5 0x00000000 mem 0x80012a59
core   0: 0x80003008 (0x4de9a193) slti    gp, s3, 1246
core   0: 3 0x80003008 (0x4de9a193) x 3 0x00000001
core   0: 0x8000300c (0x5d49cc13) xori    s8, s3, 1492
core   0: 3 0x8000300c (0x5d49cc13) x24 0x000005d4
core   0: 0x80003010 (0xfd781003) lh      zero, -41(a6)
core   0: 3 0x80003010 (0xfd781003) mem 0x80012a1e
core   0: 0x80003014 (0x41e2d593) srai    a1, t0, 30
core   0: 3 0x80003014 (0x41e2d593) x11 0x00000000
core   0: 0x80003018 (0x011ccfb3) xor     t6, s9, a7
core   0: 3 0x80003018 (0x011ccfb3) x31 0x80015fc9
core   0: 0x8000301c (0x019483b3) add     t2, s1, s9
core   0: 3 0x8000301c (0x019483b3) x 7 0x00041cac
core   0: 0x80003020 (0x01880223) sb      s8, 4(a6)
core   0: 3 0x80003020 (0x01880223) mem 0x80012a4b 0xd4
core   0: 0x80003024 (0x18eee893) ori     a7, t4, 398
core   0: 3 0x80003024 (0x18eee893) x17 0x0000018e
core   0: 0x80003028 (0x408e0933) sub     s2, t3, s0
core   0: 3 0x80003028 (0x408e0933) x18 0x00000000
core   0: 0x8000302c (0x02c80f03) lb      t5, 44(a6)
core   0: 3 0x8000302c (0x02c80f03) x30 0x00000000 mem 0x80012a73
core   0: 0x80003030 (0x008e9233) sll     tp, t4, s0
core   0: 3 0x80003030 (0x008e9233) x 4 0x00000000
core   0: 0x80003034 (0x41e85a13) srai    s4, a6, 30
core   0: 3 0x80003034 (0x41e85a13) x20 0xfffffffe
core   0: 0x80003038 (0x41fd02b3) sub     t0, s10, t6
core   0: 3 0x80003038 (0x41fd02b3) x 5 0x7ffea037
core   0: 0x8000303c (0x00339393) slli    t2, t2, 3
core   0: 3 0x8000303c (0x00339393) x 7 0x0020e560
core   0: 0x80003040 (0x03280003) lb      zero, 50(a6)
core   0: 3 0x80003040 (0x03280003) mem 0x80012a79
core   0: 0x80003044 (0x03e80383) lb      t2, 62(a6)
core   0: 3 0x80003044 (0x03e80383) x 7 0x00000000 mem 0x80012a85
core   0: 0x80003048 (0xfe180023) sb      ra, -32(a6)
core   0: 3 0x80003048 (0xfe180023) mem 0x80012a27 0xc8
core   0: 0x8000304c (0x01cc8cb3) add     s9, s9, t3
core   0: 3 0x8000304c (0x01cc8cb3) x25 0x80015fc8
core   0: 0x80003050 (0x00023cb3) sltu    s9, tp, zero
core   0: 3 0x80003050 (0x00023cb3) x25 0x00000000
core   0: 0x80003054 (0xfc080183) lb      gp, -64(a6)
core   0: 3 0x80003054 (0xfc080183) x 3 0x00000000 mem 0x80012a07
core   0: 0x80003058 (0x00010997) auipc   s3, 0x10
core   0: 3 0x80003058 (0x00010997) x19 0x80013058
core   0: 0x8000305c (0xdef98993) addi    s3, s3, -529
core   0: 3 0x8000305c (0xdef98993) x19 0x80012e47
core   0: 0x80003060 (0x01d98423) sb      t4, 8(s3)
core   0: 3 0x80003060 (0x01d98423) mem 0x80012e4f 0x0
core   0: 0x80003064 (0x00016c97) auipc   s9, 0x16
core   0: 3 0x80003064 (0x00016c97) x25 0x80019064
core   0: 0x80003068 (0x0e9c8c93) addi    s9, s9, 233
core   0: 3 0x80003068 (0x0e9c8c93) x25 0x8001914d
core   0: 0x8000306c (0x0069c303) lbu     t1, 6(s3)
core   0: 3 0x8000306c (0x0069c303) x 6 0x00000000 mem 0x80012e4d
core   0: 0x80003070 (0x00898f03) lb      t5, 8(s3)
core   0: 3 0x80003070 (0x00898f03) x30 0x00000000 mem 0x80012e4f
core   0: 0x80003074 (0xfe1c9503) lh      a0, -31(s9)
core   0: 3 0x80003074 (0xfe1c9503) x10 0x00000000 mem 0x8001912e
core   0: 0x80003078 (0xff39dd03) lhu     s10, -13(s3)
core   0: 3 0x80003078 (0xff39dd03) x26 0x00000000 mem 0x80012e3a
core   0: 0x8000307c (0x03ac94a3) sh      s10, 41(s9)
core   0: 3 0x8000307c (0x03ac94a3) mem 0x80019176 0x0000
core   0: 0x80003080 (0xfed98923) sb      a3, -14(s3)
core   0: 3 0x80003080 (0xfed98923) mem 0x80012e39 0x0
core   0: 0x80003084 (0x017c89a3) sb      s7, 19(s9)
core   0: 3 0x80003084 (0x017c89a3) mem 0x80019160 0x64
core   0: 0x80003088 (0x00b9c083) lbu     ra, 11(s3)
core   0: 3 0x80003088 (0x00b9c083) x 1 0x00000000 mem 0x80012e52
core   0: 0x8000308c (0xff7c81a3) sb      s7, -29(s9)
core   0: 3 0x8000308c (0xff7c81a3) mem 0x80019130 0x64
core   0: 0x80003090 (0x01998723) sb      s9, 14(s3)
core   0: 3 0x80003090 (0x01998723) mem 0x80012e55 0x4d
core   0: 0x80003094 (0x011c8023) sb      a7, 0(s9)
core   0: 3 0x80003094 (0x011c8023) mem 0x8001914d 0x8e
core   0: 0x80003098 (0x00010117) auipc   sp, 0x10
core   0: 3 0x80003098 (0x00010117) x 2 0x80013098
core   0: 0x8000309c (0x97310113) addi    sp, sp, -1677
core   0: 3 0x8000309c (0x97310113) x 2 0x80012a0b
core   0: 0x800030a0 (0x0e414503) lbu     a0, 228(sp)
core   0: 3 0x800030a0 (0x0e414503) x10 0x00000000 mem 0x80012aef
core   0: 0x800030a4 (0x0e414b03) lbu     s6, 228(sp)
core   0: 3 0x800030a4 (0x0e414b03) x22 0x00000000 mem 0x80012aef
core   0: 0x800030a8 (0x0f410223) sb      s4, 228(sp)
core   0: 3 0x800030a8 (0x0f410223) mem 0x80012aef 0xfe
core   0: 0x800030ac (0x4153d433) sra     s0, t2, s5
core   0: 3 0x800030ac (0x4153d433) x 8 0x00000000
core   0: 0x800030b0 (0x0fd10223) sb      t4, 228(sp)
core   0: 3 0x800030b0 (0x0fd10223) mem 0x80012aef 0x0
core   0: 0x800030b4 (0x0e710223) sb      t2, 228(sp)
core   0: 3 0x800030b4 (0x0e710223) mem 0x80012aef 0x0
core   0: 0x800030b8 (0x0ec10223) sb      a2, 228(sp)
core   0: 3 0x800030b8 (0x0ec10223) mem 0x80012aef 0x0
core   0: 0x800030bc (0x0e414d83) lbu     s11, 228(sp)
core   0: 3 0x800030bc (0x0e414d83) x27 0x00000000 mem 0x80012aef
core   0: 0x800030c0 (0x0f410223) sb      s4, 228(sp)
core   0: 3 0x800030c0 (0x0f410223) mem 0x80012aef 0xfe
core   0: 0x800030c4 (0x0e410a03) lb      s4, 228(sp)
core   0: 3 0x800030c4 (0x0e410a03) x20 0xfffffffe mem 0x80012aef
core   0: 0x800030c8 (0x0ff10223) sb      t6, 228(sp)
core   0: 3 0x800030c8 (0x0ff10223) mem 0x80012aef 0xc9
core   0: 0x800030cc (0x0f010223) sb      a6, 228(sp)
core   0: 3 0x800030cc (0x0f010223) mem 0x80012aef 0x47
core   0: 0x800030d0 (0x0e410223) sb      tp, 228(sp)
core   0: 3 0x800030d0 (0x0e410223) mem 0x80012aef 0x0
core   0: 0x800030d4 (0x0e414803) lbu     a6, 228(sp)
core   0: 3 0x800030d4 (0x0e414803) x16 0x00000000 mem 0x80012aef
core   0: 0x800030d8 (0x0ef10223) sb      a5, 228(sp)
core   0: 3 0x800030d8 (0x0ef10223) mem 0x80012aef 0x0
core   0: 0x800030dc (0x00010317) auipc   t1, 0x10
core   0: 3 0x800030dc (0x00010317) x 6 0x800130dc
core   0: 0x800030e0 (0x62530313) addi    t1, t1, 1573
core   0: 3 0x800030e0 (0x62530313) x 6 0x80013701
core   0: 0x800030e4 (0x0106c6b3) xor     a3, a3, a6
core   0: 3 0x800030e4 (0x0106c6b3) x13 0x00000000
core   0: 0x800030e8 (0x01616b33) or      s6, sp, s6
core   0: 3 0x800030e8 (0x01616b33) x22 0x80012a0b
core   0: 0x800030ec (0xc0d31ca3) sh      a3, -999(t1)
core   0: 3 0x800030ec (0xc0d31ca3) mem 0x8001331a 0x0000
core   0: 0x800030f0 (0xae534683) lbu     a3, -1307(t1)
core   0: 3 0x800030f0 (0xae534683) x13 0x00000000 mem 0x800131e6
core   0: 0x800030f4 (0x002b6133) or      sp, s6, sp
core   0: 3 0x800030f4 (0x002b6133) x 2 0x80012a0b
core   0: 0x800030f8 (0x3b630823) sb      s6, 944(t1)
core   0: 3 0x800030f8 (0x3b630823) mem 0x80013ab1 0xb
core   0: 0x800030fc (0xe7c34503) lbu     a0, -388(t1)
core   0: 3 0x800030fc (0xe7c34503) x10 0x00000000 mem 0x8001357d
core   0: 0x80003100 (0x01671733) sll     a4, a4, s6
core   0: 3 0x80003100 (0x01671733) x14 0x092ed000
core   0: 0x80003104 (0x1d234683) lbu     a3, 466(t1)
core   0: 3 0x80003104 (0x1d234683) x13 0x00000001 mem 0x800138d3
core   0: 0x80003108 (0xf4534683) lbu     a3, -187(t1)
core   0: 3 0x80003108 (0xf4534683) x13 0x00000000 mem 0x80013646
core   0: 0x8000310c (0x34f30803) lb      a6, 847(t1)
core   0: 3 0x8000310c (0x34f30803) x16 0x00000000 mem 0x80013a50
core   0: 0x80003110 (0xccd84693) xori    a3, a6, -819
core   0: 3 0x80003110 (0xccd84693) x13 0xfffffccd
core   0: 0x80003114 (0x40eb5733) sra     a4, s6, a4
core   0: 3 0x80003114 (0x40eb5733) x14 0x80012a0b
core   0: 0x80003118 (0x590325a3) sw      a6, 1419(t1)
core   0: 3 0x80003118 (0x590325a3) mem 0x80013c8c 0x00000000
core   0: 0x8000311c (0x4b26a813) slti    a6, a3, 1202
core   0: 3 0x8000311c (0x4b26a813) x16 0x00000001
core   0: 0x80003120 (0x1ed30683) lb      a3, 493(t1)
core   0: 3 0x80003120 (0x1ed30683) x13 0x00000000 mem 0x800138ee
core   0: 0x80003124 (0x00000013) nop
core   0: 3 0x80003124 (0x00000013)
core   0: 0x80003128 (0x43934803) lbu     a6, 1081(t1)
core   0: 3 0x80003128 (0x43934803) x16 0x00000000 mem 0x80013b3a
core   0: 0x8000312c (0x0106ab33) slt     s6, a3, a6
core   0: 3 0x8000312c (0x0106ab33) x22 0x00000000
core   0: 0x80003130 (0xbc230823) sb      sp, -1072(t1)
core   0: 3 0x80003130 (0xbc230823) mem 0x800132d1 0xb
core   0: 0x80003134 (0x40175713) srai    a4, a4, 1
core   0: 3 0x80003134 (0x40175713) x14 0xc0009505
core   0: 0x80003138 (0x5a634b03) lbu     s6, 1446(t1)
core   0: 3 0x80003138 (0x5a634b03) x22 0x00000000 mem 0x80013ca7
core   0: 0x8000313c (0x73430103) lb      sp, 1844(t1)
core   0: 3 0x8000313c (0x73430103) x 2 0x00000000 mem 0x80013e35
core   0: 0x80003140 (0xd5934503) lbu     a0, -679(t1)
core   0: 3 0x80003140 (0xd5934503) x10 0x00000000 mem 0x8001345a
core   0: 0x80003144 (0x2c634803) lbu     a6, 710(t1)
core   0: 3 0x80003144 (0x2c634803) x16 0x00000000 mem 0x800139c7
core   0: 0x80003148 (0x0000100f) fence.i
core   0: 3 0x80003148 (0x0000100f)
core   0: 0x8000314c (0x26430803) lb      a6, 612(t1)
core   0: 3 0x8000314c (0x26430803) x16 0x00000000 mem 0x80013965
core   0: 0x80003150 (0xb5c84b13) xori    s6, a6, -1188
core   0: 3 0x80003150 (0xb5c84b13) x22 0xfffffb5c
core   0: 0x80003154 (0x00b82117) auipc   sp, 0xb82
core   0: 3 0x80003154 (0x00b82117) x 2 0x80b85154
core   0: 0x80003158 (0x01650833) add     a6, a0, s6
core   0: 3 0x80003158 (0x01650833) x16 0xfffffb5c
core   0: 0x8000315c (0x0ff0000f) fence   iorw,iorw
core   0: 3 0x8000315c (0x0ff0000f)
core   0: 0x80003160 (0x72e30523) sb      a4, 1834(t1)
core   0: 3 0x80003160 (0x72e30523) mem 0x80013e2b 0x5
core   0: 0x80003164 (0x65e34103) lbu     sp, 1630(t1)
core   0: 3 0x80003164 (0x65e34103) x 2 0x00000000 mem 0x80013d5f
core   0: 0x80003168 (0x2cd34803) lbu     a6, 717(t1)
core   0: 3 0x80003168 (0x2cd34803) x16 0x00000000 mem 0x800139ce
core   0: 0x8000316c (0x66a30623) sb      a0, 1644(t1)
core   0: 3 0x8000316c (0x66a30623) mem 0x80013d6d 0x0
core   0: 0x80003170 (0x0ff0000f) fence   iorw,iorw
core   0: 3 0x80003170 (0x0ff0000f)
core   0: 0x80003174 (0xa9c30683) lb      a3, -1380(t1)
core   0: 3 0x80003174 (0xa9c30683) x13 0x00000000 mem 0x8001319d
core   0: 0x80003178 (0x0000f817) auipc   a6, 0xf
core   0: 3 0x80003178 (0x0000f817) x16 0x80012178
core   0: 0x8000317c (0x08680813) addi    a6, a6, 134
core   0: 3 0x8000317c (0x08680813) x16 0x800121fe
core   0: 0x80003180 (0x0000100f) fence.i
core   0: 3 0x80003180 (0x0000100f)
core   0: 0x80003184 (0xc829f197) auipc   gp, 0xc829f
core   0: 3 0x80003184 (0xc829f197) x 3 0x482a2184
core   0: 0x80003188 (0x003538b3) sltu    a7, a0, gp
core   0: 3 0x80003188 (0x003538b3) x17 0x00000001
core   0: 0x8000318c (0x00352633) slt     a2, a0, gp
core   0: 3 0x8000318c (0x00352633) x12 0x00000001
core   0: 0x80003190 (0xd9b13513) sltiu   a0, sp, -613
core   0: 3 0x80003190 (0xd9b13513) x10 0x00000001
core   0: 0x80003194 (0x01164133) xor     sp, a2, a7
core   0: 3 0x80003194 (0x01164133) x 2 0x00000000
core   0: 0x80003198 (0x683d7637) lui     a2, 0x683d7
core   0: 3 0x80003198 (0x683d7637) x12 0x683d7000
core   0: 0x8000319c (0x0000100f) fence.i
core   0: 3 0x8000319c (0x0000100f)
core   0: 0x800031a0 (0x01d1d893) srli    a7, gp, 29
core   0: 3 0x800031a0 (0x01d1d893) x17 0x00000002
core   0: 0x800031a4 (0xff580883) lb      a7, -11(a6)
core   0: 3 0x800031a4 (0xff580883) x17 0x00000000 mem 0x800121f3
core   0: 0x800031a8 (0xb4863893) sltiu   a7, a2, -1208
core   0: 3 0x800031a8 (0xb4863893) x17 0x00000001
core   0: 0x800031ac (0x35e1a893) slti    a7, gp, 862
core   0: 3 0x800031ac (0x35e1a893) x17 0x00000000
core   0: 0x800031b0 (0x40045113) srai    sp, s0, 0
core   0: 3 0x800031b0 (0x40045113) x 2 0x00000000
core   0: 0x800031b4 (0x39f70137) lui     sp, 0x39f70
core   0: 3 0x800031b4 (0x39f70137) x 2 0x39f70000
core   0: 0x800031b8 (0x00780103) lb      sp, 7(a6)
core   0: 3 0x800031b8 (0x00780103) x 2 0x00000000 mem 0x80012205
core   0: 0x800031bc (0xffc85403) lhu     s0, -4(a6)
core   0: 3 0x800031bc (0xffc85403) x 8 0x00000000 mem 0x800121fa
core   0: 0x800031c0 (0x00c81323) sh      a2, 6(a6)
core   0: 3 0x800031c0 (0x00c81323) mem 0x80012204 0x7000
core   0: 0x800031c4 (0x00000013) nop
core   0: 3 0x800031c4 (0x00000013)
core   0: 0x800031c8 (0x00889633) sll     a2, a7, s0
core   0: 3 0x800031c8 (0x00889633) x12 0x00000000
core   0: 0x800031cc (0x002802a3) sb      sp, 5(a6)
core   0: 3 0x800031cc (0x002802a3) mem 0x80012203 0x0
core   0: 0x800031d0 (0xbaf87897) auipc   a7, 0xbaf87
core   0: 3 0x800031d0 (0xbaf87897) x17 0x3af8a1d0
core   0: 0x800031d4 (0xff784883) lbu     a7, -9(a6)
core   0: 3 0x800031d4 (0xff784883) x17 0x00000000 mem 0x800121f5
core   0: 0x800031d8 (0xff184103) lbu     sp, -15(a6)
core   0: 3 0x800031d8 (0xff184103) x 2 0x00000000 mem 0x800121ef
core   0: 0x800031dc (0x00d80883) lb      a7, 13(a6)
core   0: 3 0x800031dc (0x00d80883) x17 0x00000000 mem 0x8001220b
core   0: 0x800031e0 (0xab08e193) ori     gp, a7, -1360
core   0: 3 0x800031e0 (0xab08e193) x 3 0xfffffab0
core   0: 0x800031e4 (0x15352113) slti    sp, a0, 339
core   0: 3 0x800031e4 (0x15352113) x 2 0x00000001
core   0: 0x800031e8 (0xff384403) lbu     s0, -13(a6)
core   0: 3 0x800031e8 (0xff384403) x 8 0x00000000 mem 0x800121f1
core   0: 0x800031ec (0xfe380fa3) sb      gp, -1(a6)
core   0: 3 0x800031ec (0xfe380fa3) mem 0x800121fd 0xb0
core   0: 0x800031f0 (0xe7764513) xori    a0, a2, -393
core   0: 3 0x800031f0 (0xe7764513) x10 0xfffffe77
core   0: 0x800031f4 (0xfe880ca3) sb      s0, -7(a6)
core   0: 3 0x800031f4 (0xfe880ca3) mem 0x800121f7 0x0
core   0: 0x800031f8 (0x00b15613) srli    a2, sp, 11
core   0: 3 0x800031f8 (0x00b15613) x12 0x00000000
core   0: 0x800031fc (0x00315893) srli    a7, sp, 3
core   0: 3 0x800031fc (0x00315893) x17 0x00000000
core   0: 0x80003200 (0xfff84403) lbu     s0, -1(a6)
core   0: 3 0x80003200 (0xfff84403) x 8 0x000000b0 mem 0x800121fd
core   0: 0x80003204 (0x00000013) nop
core   0: 3 0x80003204 (0x00000013)
core   0: 0x80003208 (0x40f8d893) srai    a7, a7, 15
core   0: 3 0x80003208 (0x40f8d893) x17 0x00000000
core   0: 0x8000320c (0x0ff0000f) fence   iorw,iorw
core   0: 3 0x8000320c (0x0ff0000f)
core   0: 0x80003210 (0x003638b3) sltu    a7, a2, gp
core   0: 3 0x80003210 (0x003638b3) x17 0x00000001
core   0: 0x80003214 (0x00681883) lh      a7, 6(a6)
core   0: 3 0x80003214 (0x00681883) x17 0x00007000 mem 0x80012204
core   0: 0x80003218 (0x01180023) sb      a7, 0(a6)
core   0: 3 0x80003218 (0x01180023) mem 0x800121fe 0x0
core   0: 0x8000321c (0x41150433) sub     s0, a0, a7
core   0: 3 0x8000321c (0x41150433) x 8 0xffff8e77
core   0: 0x80003220 (0x00984603) lbu     a2, 9(a6)
core   0: 3 0x80003220 (0x00984603) x12 0x00000000 mem 0x80012207
core   0: 0x80003224 (0xfe382923) sw      gp, -14(a6)
core   0: 3 0x80003224 (0xfe382923) mem 0x800121f0 0xfffffab0
core   0: 0x80003228 (0xff580183) lb      gp, -11(a6)
core   0: 3 0x80003228 (0xff580183) x 3 0xffffffff mem 0x800121f3
core   0: 0x8000322c (0x0021d533) srl     a0, gp, sp
core   0: 3 0x8000322c (0x0021d533) x10 0x7fffffff
core   0: 0x80003230 (0x00184183) lbu     gp, 1(a6)
core   0: 3 0x80003230 (0x00184183) x 3 0x00000000 mem 0x800121ff
core   0: 0x80003234 (0x00014f97) auipc   t6, 0x14
core   0: 3 0x80003234 (0x00014f97) x31 0x80017234
core   0: 0x80003238 (0x943f8f93) addi    t6, t6, -1725
core   0: 3 0x80003238 (0x943f8f93) x31 0x80016b77
core   0: 0x8000323c (0x0001b397) auipc   t2, 0x1b
core   0: 3 0x8000323c (0x0001b397) x 7 0x8001e23c
core   0: 0x80003240 (0xe1b38393) addi    t2, t2, -485
core   0: 3 0x80003240 (0xe1b38393) x 7 0x8001e057
core   0: 0x80003244 (0x032fa0a3) sw      s2, 33(t6)
core   0: 3 0x80003244 (0x032fa0a3) mem 0x80016b98 0x00000000
core   0: 0x80003248 (0x0f238d83) lb      s11, 242(t2)
core   0: 3 0x80003248 (0x0f238d83) x27 0x00000000 mem 0x8001e149
core   0: 0x8000324c (0x00011217) auipc   tp, 0x11
core   0: 3 0x8000324c (0x00011217) x 4 0x8001424c
core   0: 0x80003250 (0x8b620213) addi    tp, tp, -1866
core   0: 3 0x80003250 (0x8b620213) x 4 0x80013b02
core   0: 0x80003254 (0x52538223) sb      t0, 1316(t2)
core   0: 3 0x80003254 (0x52538223) mem 0x8001e57b 0x37
core   0: 0x80003258 (0x004fcf03) lbu     t5, 4(t6)
core   0: 3 0x80003258 (0x004fcf03) x30 0x00000000 mem 0x80016b7b
core   0: 0x8000325c (0x031f95a3) sh      a7, 43(t6)
core   0: 3 0x8000325c (0x031f95a3) mem 0x80016ba2 0x7000
core   0: 0x80003260 (0xa20384a3) sb      zero, -1495(t2)
core   0: 3 0x80003260 (0xa20384a3) mem 0x8001da80 0x0
core   0: 0x80003264 (0x62e3c303) lbu     t1, 1582(t2)
core   0: 3 0x80003264 (0x62e3c303) x 6 0x00000000 mem 0x8001e685
core   0: 0x80003268 (0x07124783) lbu     a5, 113(tp)
core   0: 3 0x80003268 (0x07124783) x15 0x00000000 mem 0x80013b73
core   0: 0x8000326c (0x015fd783) lhu     a5, 21(t6)
core   0: 3 0x8000326c (0x015fd783) x15 0x00000000 mem 0x80016b8c
core   0: 0x80003270 (0xd4f38883) lb      a7, -689(t2)
core   0: 3 0x80003270 (0xd4f38883) x17 0x00000000 mem 0x8001dda6
core   0: 0x80003274 (0x00efc083) lbu     ra, 14(t6)
core   0: 3 0x80003274 (0x00efc083) x 1 0x00000000 mem 0x80016b85
core   0: 0x80003278 (0xcc038003) lb      zero, -832(t2)
core   0: 3 0x80003278 (0xcc038003) mem 0x8001dd17
core   0: 0x8000327c (0xf37205a3) sb      s7, -213(tp)
core   0: 3 0x8000327c (0xf37205a3) mem 0x80013a2d 0x64
core   0: 0x80003280 (0x0ff22123) sw      t6, 226(tp)
core   0: 3 0x80003280 (0x0ff22123) mem 0x80013be4 0x80016b77
core   0: 0x80003284 (0x93638323) sb      s6, -1754(t2)
core   0: 3 0x80003284 (0x93638323) mem 0x8001d97d 0x5c
core   0: 0x80003288 (0xfb421723) sh      s4, -82(tp)
core   0: 3 0x80003288 (0xfb421723) mem 0x80013ab0 0xfffe
core   0: 0x8000328c (0x03920403) lb      s0, 57(tp)
core   0: 3 0x8000328c (0x03920403) x 8 0x00000000 mem 0x80013b3b
core   0: 0x80003290 (0xf7520503) lb      a0, -139(tp)
core   0: 3 0x80003290 (0xf7520503) x10 0x00000000 mem 0x80013a77
core   0: 0x80003294 (0xfcd24e83) lbu     t4, -51(tp)
core   0: 3 0x80003294 (0xfcd24e83) x29 0x00000000 mem 0x80013acf
core   0: 0x80003298 (0x04720fa3) sb      t2, 95(tp)
core   0: 3 0x80003298 (0x04720fa3) mem 0x80013b61 0x57
core   0: 0x8000329c (0x75439ca3) sh      s4, 1881(t2)
core   0: 3 0x8000329c (0x75439ca3) mem 0x8001e7b0 0xfffe
core   0: 0x800032a0 (0xfcffd503) lhu     a0, -49(t6)
core   0: 3 0x800032a0 (0xfcffd503) x10 0x00000000 mem 0x80016b46
core   0: 0x800032a4 (0xfc0f8083) lb      ra, -64(t6)
core   0: 3 0x800032a4 (0xfc0f8083) x 1 0x00000000 mem 0x80016b37
core   0: 0x800032a8 (0x68c3c183) lbu     gp, 1676(t2)
core   0: 3 0x800032a8 (0x68c3c183) x 3 0x00000000 mem 0x8001e6e3
core   0: 0x800032ac (0x032f8d23) sb      s2, 58(t6)
core   0: 3 0x800032ac (0x032f8d23) mem 0x80016bb1 0x0
core   0: 0x800032b0 (0x01820ca3) sb      s8, 25(tp)
core   0: 3 0x800032b0 (0x01820ca3) mem 0x80013b1b 0xd4
core   0: 0x800032b4 (0x00010b17) auipc   s6, 0x10
core   0: 3 0x800032b4 (0x00010b17) x22 0x800132b4
core   0: 0x800032b8 (0x9d4b0b13) addi    s6, s6, -1580
core   0: 3 0x800032b8 (0x9d4b0b13) x22 0x80012c88
core   0: 0x800032bc (0x096b5503) lhu     a0, 150(s6)
core   0: 3 0x800032bc (0x096b5503) x10 0x00000000 mem 0x80012d1e
core   0: 0x800032c0 (0x8cf98093) addi    ra, s3, -1841
core   0: 3 0x800032c0 (0x8cf98093) x 1 0x80012716
core   0: 0x800032c4 (0xff9b0f83) lb      t6, -7(s6)
core   0: 3 0x800032c4 (0xff9b0f83) x31 0x00000000 mem 0x80012c81
core   0: 0x800032c8 (0xff9b4f83) lbu     t6, -7(s6)
core   0: 3 0x800032c8 (0xff9b4f83) x31 0x00000000 mem 0x80012c81
core   0: 0x800032cc (0xff9b4303) lbu     t1, -7(s6)
core   0: 3 0x800032cc (0xff9b4303) x 6 0x00000000 mem 0x80012c81
core   0: 0x800032d0 (0xf7db08a3) sb      t4, -143(s6)
core   0: 3 0x800032d0 (0xf7db08a3) mem 0x80012bf9 0x0
core   0: 0x800032d4 (0xf7cb08a3) sb      t3, -143(s6)
core   0: 3 0x800032d4 (0xf7cb08a3) mem 0x80012bf9 0x0
core   0: 0x800032d8 (0xf71b0583) lb      a1, -143(s6)
core   0: 3 0x800032d8 (0xf71b0583) x11 0x00000000 mem 0x80012bf9
core   0: 0x800032dc (0xf71b0603) lb      a2, -143(s6)
core   0: 3 0x800032dc (0xf71b0603) x12 0x00000000 mem 0x80012bf9
core   0: 0x800032e0 (0x0adb0403) lb      s0, 173(s6)
core   0: 3 0x800032e0 (0x0adb0403) x 8 0x00000000 mem 0x80012d35
core   0: 0x800032e4 (0x098b2f83) lw      t6, 152(s6)
core   0: 3 0x800032e4 (0x098b2f83) x31 0x00000000 mem 0x80012d20
core   0: 0x800032e8 (0x098b5183) lhu     gp, 152(s6)
core   0: 3 0x800032e8 (0x098b5183) x 3 0x00000000 mem 0x80012d20
core   0: 0x800032ec (0x40470133) sub     sp, a4, tp
core   0: 3 0x800032ec (0x40470133) x 2 0x3fff5a03
core   0: 0x800032f0 (0xf0fb0183) lb      gp, -241(s6)
core   0: 3 0x800032f0 (0xf0fb0183) x 3 0x00000000 mem 0x80012b97
core   0: 0x800032f4 (0xf1ab07a3) sb      s10, -241(s6)
core   0: 3 0x800032f4 (0xf1ab07a3) mem 0x80012b97 0x0
core   0: 0x800032f8 (0x03cb08a3) sb      t3, 49(s6)
core   0: 3 0x800032f8 (0x03cb08a3) mem 0x80012cb9 0x0
core   0: 0x800032fc (0xfd6b1203) lh      tp, -42(s6)
core   0: 3 0x800032fc (0xfd6b1203) x 4 0x00000000 mem 0x80012c5e
core   0: 0x80003300 (0xfd6b5e83) lhu     t4, -42(s6)
core   0: 3 0x80003300 (0xfd6b5e83) x29 0x00000000 mem 0x80012c5e
core   0: 0x80003304 (0xfc2b1a03) lh      s4, -62(s6)
core   0: 3 0x80003304 (0xfc2b1a03) x20 0x00000000 mem 0x80012c4a
core   0: 0x80003308 (0xf0fb04a3) sb      a5, -247(s6)
core   0: 3 0x80003308 (0xf0fb04a3) mem 0x80012b91 0x0
core   0: 0x8000330c (0xf09b4603) lbu     a2, -247(s6)
core   0: 3 0x8000330c (0xf09b4603) x12 0x00000000 mem 0x80012b91
core   0: 0x80003310 (0xfefb0103) lb      sp, -17(s6)
core   0: 3 0x80003310 (0xfefb0103) x 2 0x00000000 mem 0x80012c77
core   0: 0x80003314 (0x0001e397) auipc   t2, 0x1e
core   0: 3 0x80003314 (0x0001e397) x 7 0x80021314
core   0: 0x80003318 (0x6f238393) addi    t2, t2, 1778
core   0: 3 0x80003318 (0x6f238393) x 7 0x80021a06
core   0: 0x8000331c (0xc2539523) sh      t0, -982(t2)
core   0: 3 0x8000331c (0xc2539523) mem 0x80021630 0xa037
core   0: 0x80003320 (0x001289b3) add     s3, t0, ra
core   0: 3 0x80003320 (0x001289b3) x19 0xffffc74d
core   0: 0x80003324 (0xe4caffb7) lui     t6, 0xe4caf
core   0: 3 0x80003324 (0xe4caffb7) x31 0xe4caf000
core   0: 0x80003328 (0xc273a523) sw      t2, -982(t2)
core   0: 3 0x80003328 (0xc273a523) mem 0x80021630 0x80021a06
core   0: 0x8000332c (0x31a39123) sh      s10, 770(t2)
core   0: 3 0x8000332c (0x31a39123) mem 0x80021d08 0x0000
core   0: 0x80003330 (0x018e9813) slli    a6, t4, 24
core   0: 3 0x80003330 (0x018e9813) x16 0x00000000
core   0: 0x80003334 (0x8df385a3) sb      t6, -1845(t2)
core   0: 3 0x80003334 (0x8df385a3) mem 0x800212d1 0x0
core   0: 0x80003338 (0xec48b093) sltiu   ra, a7, -316
core   0: 3 0x80003338 (0xec48b093) x 1 0x00000001
core   0: 0x8000333c (0xc17e7d13) andi    s10, t3, -1001
core   0: 3 0x8000333c (0xc17e7d13) x26 0x00000000
core   0: 0x80003340 (0x8cb3c683) lbu     a3, -1845(t2)
core   0: 3 0x80003340 (0x8cb3c683) x13 0x00000000 mem 0x800212d1
core   0: 0x80003344 (0x01829613) slli    a2, t0, 24
core   0: 3 0x80003344 (0x01829613) x12 0x37000000
core   0: 0x80003348 (0x8cb3c983) lbu     s3, -1845(t2)
core   0: 3 0x80003348 (0x8cb3c983) x19 0x00000000 mem 0x800212d1
core   0: 0x8000334c (0x8cb38203) lb      tp, -1845(t2)
core   0: 3 0x8000334c (0x8cb38203) x 4 0x00000000 mem 0x800212d1
core   0: 0x80003350 (0x8cb38983) lb      s3, -1845(t2)
core   0: 3 0x80003350 (0x8cb38983) x19 0x00000000 mem 0x800212d1
core   0: 0x80003354 (0xfdadb997) auipc   s3, 0xfdadb
core   0: 3 0x80003354 (0xfdadb997) x19 0x7dade354
core   0: 0x80003358 (0xd8a38ba3) sb      a0, -617(t2)
core   0: 3 0x80003358 (0xd8a38ba3) mem 0x8002179d 0x0
core   0: 0x8000335c (0xd973cc03) lbu     s8, -617(t2)
core   0: 3 0x8000335c (0xd973cc03) x24 0x00000000 mem 0x8002179d
core   0: 0x80003360 (0xd973c203) lbu     tp, -617(t2)
core   0: 3 0x80003360 (0xd973c203) x 4 0x00000000 mem 0x8002179d
core   0: 0x80003364 (0x0001cf97) auipc   t6, 0x1c
core   0: 3 0x80003364 (0x0001cf97) x31 0x8001f364
core   0: 0x80003368 (0x561f8f93) addi    t6, t6, 1377
core   0: 3 0x80003368 (0x561f8f93) x31 0x8001f8c5
core   0: 0x8000336c (0x0000f917) auipc   s2, 0xf
core   0: 3 0x8000336c (0x0000f917) x18 0x8001236c
core   0: 0x80003370 (0x01090913) addi    s2, s2, 16
core   0: 3 0x80003370 (0x01090913) x18 0x8001237c
core   0: 0x80003374 (0xfdafcc03) lbu     s8, -38(t6)
core   0: 3 0x80003374 (0xfdafcc03) x24 0x00000000 mem 0x8001f89f
core   0: 0x80003378 (0x032f8983) lb      s3, 50(t6)
core   0: 3 0x80003378 (0x032f8983) x19 0x00000000 mem 0x8001f8f7
core   0: 0x8000337c (0xff6f8683) lb      a3, -10(t6)
core   0: 3 0x8000337c (0xff6f8683) x13 0x00000000 mem 0x8001f8bb
core   0: 0x80003380 (0x00594a03) lbu     s4, 5(s2)
core   0: 3 0x80003380 (0x00594a03) x20 0x00000000 mem 0x80012381
core   0: 0x80003384 (0xff892183) lw      gp, -8(s2)
core   0: 3 0x80003384 (0xff892183) x 3 0x00000000 mem 0x80012374
core   0: 0x80003388 (0xfcbf92a3) sh      a1, -59(t6)
core   0: 3 0x80003388 (0xfcbf92a3) mem 0x8001f88a 0x0000
core   0: 0x8000338c (0x02af8583) lb      a1, 42(t6)
core   0: 3 0x8000338c (0x02af8583) x11 0x00000000 mem 0x8001f8ef
core   0: 0x80003390 (0x00f90403) lb      s0, 15(s2)
core   0: 3 0x80003390 (0x00f90403) x 8 0x00000000 mem 0x8001238b
core   0: 0x80003394 (0x033f99a3) sh      s3, 51(t6)
core   0: 3 0x80003394 (0x033f99a3) mem 0x8001f8f8 0x0000
core   0: 0x80003398 (0xff590923) sb      s5, -14(s2)
core   0: 3 0x80003398 (0xff590923) mem 0x8001236e 0xbb
core   0: 0x8000339c (0xff7f8723) sb      s7, -18(t6)
core   0: 3 0x8000339c (0xff7f8723) mem 0x8001f8b3 0x64
core   0: 0x800033a0 (0xfc1f9d83) lh      s11, -63(t6)
core   0: 3 0x800033a0 (0xfc1f9d83) x27 0x00000000 mem 0x8001f886
core   0: 0x800033a4 (0xfea90fa3) sb      a0, -1(s2)
core   0: 3 0x800033a4 (0xfea90fa3) mem 0x8001237b 0x0
core   0: 0x800033a8 (0x00010117) auipc   sp, 0x10
core   0: 3 0x800033a8 (0x00010117) x 2 0x800133a8
core   0: 0x800033ac (0x9b710113) addi    sp, sp, -1609
core   0: 3 0x800033ac (0x9b710113) x 2 0x80012d5f
core   0: 0x800033b0 (0x015889b3) add     s3, a7, s5
core   0: 3 0x800033b0 (0x015889b3) x19 0xfdb012bb
core   0: 0x800033b4 (0x09f10583) lb      a1, 159(sp)
core   0: 3 0x800033b4 (0x09f10583) x11 0x00000001 mem 0x80012dfe
core   0: 0x800033b8 (0x9ab77813) andi    a6, a4, -1621
core   0: 3 0x800033b8 (0x9ab77813) x16 0xc0009101
core   0: 0x800033bc (0x01f9ddb3) srl     s11, s3, t6
core   0: 3 0x800033bc (0x01f9ddb3) x27 0x07ed8095
core   0: 0x800033c0 (0x02810723) sb      s0, 46(sp)
core   0: 3 0x800033c0 (0x02810723) mem 0x80012d8d 0x0
core   0: 0x800033c4 (0x09a14503) lbu     a0, 154(sp)
core   0: 3 0x800033c4 (0x09a14503) x10 0x00000000 mem 0x80012df9
core   0: 0x800033c8 (0x087106a3) sb      t2, 141(sp)
core   0: 3 0x800033c8 (0x087106a3) mem 0x80012dec 0x6
core   0: 0x800033cc (0x402cd313) srai    t1, s9, 2
core   0: 3 0x800033cc (0x402cd313) x 6 0xe0006453
core   0: 0x800033d0 (0x03e11da3) sh      t5, 59(sp)
core   0: 3 0x800033d0 (0x03e11da3) mem 0x80012d9a 0x0000
core   0: 0x800033d4 (0x09414903) lbu     s2, 148(sp)
core   0: 3 0x800033d4 (0x09414903) x18 0x000000cd mem 0x80012df3
core   0: 0x800033d8 (0xf7510523) sb      s5, -150(sp)
core   0: 3 0x800033d8 (0xf7510523) mem 0x80012cc9 0xbb
core   0: 0x800033dc (0x05510f23) sb      s5, 94(sp)
core   0: 3 0x800033dc (0x05510f23) mem 0x80012dbd 0xbb
core   0: 0x800033e0 (0x419602b3) sub     t0, a2, s9
core   0: 3 0x800033e0 (0x419602b3) x 5 0xb6fe6eb3
core   0: 0x800033e4 (0x0ba10383) lb      t2, 186(sp)
core   0: 3 0x800033e4 (0x0ba10383) x 7 0x00000000 mem 0x80012e19
core   0: 0x800033e8 (0xfd8112a3) sh      s8, -59(sp)
core   0: 3 0x800033e8 (0xfd8112a3) mem 0x80012d24 0x0000
core   0: 0x800033ec (0x4033dd93) srai    s11, t2, 3
core   0: 3 0x800033ec (0x4033dd93) x27 0x00000000
core   0: 0x800033f0 (0xfe010503) lb      a0, -32(sp)
core   0: 3 0x800033f0 (0xfe010503) x10 0x00000000 mem 0x80012d3f
core   0: 0x800033f4 (0x06714603) lbu     a2, 103(sp)
core   0: 3 0x800033f4 (0x06714603) x12 0x00000000 mem 0x80012dc6
core   0: 0x800033f8 (0x07f10b23) sb      t6, 118(sp)
core   0: 3 0x800033f8 (0x07f10b23) mem 0x80012dd5 0xc5
core   0: 0x800033fc (0x03310603) lb      a2, 51(sp)
core   0: 3 0x800033fc (0x03310603) x12 0x00000000 mem 0x80012d92
core   0: 0x80003400 (0xf0514683) lbu     a3, -251(sp)
core   0: 3 0x80003400 (0xf0514683) x13 0x00000000 mem 0x80012c64
core   0: 0x80003404 (0xfd315603) lhu     a2, -45(sp)
core   0: 3 0x80003404 (0xfd315603) x12 0x00000000 mem 0x80012d32
core   0: 0x80003408 (0x01571733) sll     a4, a4, s5
core   0: 3 0x80003408 (0x01571733) x14 0x28000000
core   0: 0x8000340c (0x07b14903) lbu     s2, 123(sp)
core   0: 3 0x8000340c (0x07b14903) x18 0x00000000 mem 0x80012dda
core   0: 0x80003410 (0xf1a10883) lb      a7, -230(sp)
core   0: 3 0x80003410 (0xf1a10883) x17 0x00000000 mem 0x80012c79
core   0: 0x80003414 (0x40a85813) srai    a6, a6, 10
core   0: 3 0x80003414 (0x40a85813) x16 0xfff00024
core   0: 0x80003418 (0x0c110183) lb      gp, 193(sp)
core   0: 3 0x80003418 (0x0c110183) x 3 0x00000000 mem 0x80012e20
core   0: 0x8000341c (0xf1410b23) sb      s4, -234(sp)
core   0: 3 0x8000341c (0xf1410b23) mem 0x80012c75 0x0
core   0: 0x80003420 (0xdd2ac693) xori    a3, s5, -558
core   0: 3 0x80003420 (0xdd2ac693) x13 0x024fef69
core   0: 0x80003424 (0x00c10c23) sb      a2, 24(sp)
core   0: 3 0x80003424 (0x00c10c23) mem 0x80012d77 0x0
core   0: 0x80003428 (0xf6214183) lbu     gp, -158(sp)
core   0: 3 0x80003428 (0xf6214183) x 3 0x00000000 mem 0x80012cc1
core   0: 0x8000342c (0x92e16713) ori     a4, sp, -1746
core   0: 3 0x8000342c (0x92e16713) x14 0xfffffd7f
core   0: 0x80003430 (0x0e014d03) lbu     s10, 224(sp)
core   0: 3 0x80003430 (0x0e014d03) x26 0x00000000 mem 0x80012e3f
core   0: 0x80003434 (0xfac92b13) slti    s6, s2, -84
core   0: 3 0x80003434 (0xfac92b13) x22 0x00000000
core   0: 0x80003438 (0x0c814c03) lbu     s8, 200(sp)
core   0: 3 0x80003438 (0x0c814c03) x24 0x00000000 mem 0x80012e27
core   0: 0x8000343c (0x00314e83) lbu     t4, 3(sp)
core   0: 3 0x8000343c (0x00314e83) x29 0x00000000 mem 0x80012d62
core   0: 0x80003440 (0xfbe10b03) lb      s6, -66(sp)
core   0: 3 0x80003440 (0xfbe10b03) x22 0x00000000 mem 0x80012d1d
core   0: 0x80003444 (0xf6614803) lbu     a6, -154(sp)
core   0: 3 0x80003444 (0xf6614803) x16 0x00000000 mem 0x80012cc5
core   0: 0x80003448 (0x00010117) auipc   sp, 0x10
core   0: 3 0x80003448 (0x00010117) x 2 0x80013448
core   0: 0x8000344c (0xb1810113) addi    sp, sp, -1256
core   0: 3 0x8000344c (0xb1810113) x 2 0x80012f60
core   0: 0x80003450 (0x00000013) nop
core   0: 3 0x80003450 (0x00000013)
core   0: 0x80003454 (0xff414703) lbu     a4, -12(sp)
core   0: 3 0x80003454 (0xff414703) x14 0x00000000 mem 0x80012f54
core   0: 0x80003458 (0xa8e0b713) sltiu   a4, ra, -1394
core   0: 3 0x80003458 (0xa8e0b713) x14 0x00000001
core   0: 0x8000345c (0x01a0e3b3) or      t2, ra, s10
core   0: 3 0x8000345c (0x01a0e3b3) x 7 0x00000001
core   0: 0x80003460 (0x91a5f793) andi    a5, a1, -1766
core   0: 3 0x80003460 (0x91a5f793) x15 0x00000000
core   0: 0x80003464 (0xff310583) lb      a1, -13(sp)
core   0: 3 0x80003464 (0xff310583) x11 0x00000000 mem 0x80012f53
core   0: 0x80003468 (0x40138d33) sub     s10, t2, ra
core   0: 3 0x80003468 (0x40138d33) x26 0x00000000
core   0: 0x8000346c (0x41a0d3b3) sra     t2, ra, s10
core   0: 3 0x8000346c (0x41a0d3b3) x 7 0x00000001
core   0: 0x80003470 (0x014d5713) srli    a4, s10, 20
core   0: 3 0x80003470 (0x014d5713) x14 0x00000000
core   0: 0x80003474 (0x48b0c713) xori    a4, ra, 1163
core   0: 3 0x80003474 (0x48b0c713) x14 0x0000048a
core   0: 0x80003478 (0xff614d03) lbu     s10, -10(sp)
core   0: 3 0x80003478 (0xff614d03) x26 0x00000000 mem 0x80012f56
core   0: 0x8000347c (0xff714383) lbu     t2, -9(sp)
core   0: 3 0x8000347c (0xff714383) x 7 0x00000000 mem 0x80012f57
core   0: 0x80003480 (0x00ed5d33) srl     s10, s10, a4
core   0: 3 0x80003480 (0x00ed5d33) x26 0x00000000
core   0: 0x80003484 (0xfe710aa3) sb      t2, -11(sp)
core   0: 3 0x80003484 (0xfe710aa3) mem 0x80012f55 0x0
core   0: 0x80003488 (0x007d50b3) srl     ra, s10, t2
core   0: 3 0x80003488 (0x007d50b3) x 1 0x00000000
core   0: 0x8000348c (0xfeb10923) sb      a1, -14(sp)
core   0: 3 0x8000348c (0xfeb10923) mem 0x80012f52 0x0
core   0: 0x80003490 (0xffa14083) lbu     ra, -6(sp)
core   0: 3 0x80003490 (0xffa14083) x 1 0x00000000 mem 0x80012f5a
core   0: 0x80003494 (0x00e12623) sw      a4, 12(sp)
core   0: 3 0x80003494 (0x00e12623) mem 0x80012f6c 0x0000048a
core   0: 0x80003498 (0xfeb108a3) sb      a1, -15(sp)
core   0: 3 0x80003498 (0xfeb108a3) mem 0x80012f51 0x0
core   0: 0x8000349c (0xff215d03) lhu     s10, -14(sp)
core   0: 3 0x8000349c (0xff215d03) x26 0x00000000 mem 0x80012f52
core   0: 0x800034a0 (0x00e710b3) sll     ra, a4, a4
core   0: 3 0x800034a0 (0x00e710b3) x 1 0x00122800
core   0: 0x800034a4 (0xa71d0d13) addi    s10, s10, -1423
core   0: 3 0x800034a4 (0xa71d0d13) x26 0xfffffa71
core   0: 0x800034a8 (0x40f38d33) sub     s10, t2, a5
core   0: 3 0x800034a8 (0x40f38d33) x26 0x00000000
core   0: 0x800034ac (0xff214083) lbu     ra, -14(sp)
core   0: 3 0x800034ac (0xff214083) x 1 0x00000000 mem 0x80012f52
core   0: 0x800034b0 (0xff914703) lbu     a4, -7(sp)
core   0: 3 0x800034b0 (0xff914703) x14 0x00000000 mem 0x80012f59
core   0: 0x800034b4 (0xd3376713) ori     a4, a4, -717
core   0: 3 0x800034b4 (0xd3376713) x14 0xfffffd33
core   0: 0x800034b8 (0x00f10823) sb      a5, 16(sp)
core   0: 3 0x800034b8 (0x00f10823) mem 0x80012f70 0x0
core   0: 0x800034bc (0x00010817) auipc   a6, 0x10
core   0: 3 0x800034bc (0x00010817) x16 0x800134bc
core   0: 0x800034c0 (0x98f80813) addi    a6, a6, -1649
core   0: 3 0x800034c0 (0x98f80813) x16 0x80012e4b
core   0: 0x800034c4 (0x00010597) auipc   a1, 0x10
core   0: 3 0x800034c4 (0x00010597) x11 0x800134c4
core   0: 0x800034c8 (0x8ea58593) addi    a1, a1, -1814
core   0: 3 0x800034c8 (0x8ea58593) x11 0x80012dae
core   0: 0x800034cc (0x17058783) lb      a5, 368(a1)
core   0: 3 0x800034cc (0x17058783) x15 0x00000000 mem 0x80012f1e
core   0: 0x800034d0 (0x0000fa17) auipc   s4, 0xf
core   0: 3 0x800034d0 (0x0000fa17) x20 0x800124d0
core   0: 0x800034d4 (0xca7a0a13) addi    s4, s4, -857
core   0: 3 0x800034d4 (0xca7a0a13) x20 0x80012177
core   0: 0x800034d8 (0x0000f517) auipc   a0, 0xf
core   0: 3 0x800034d8 (0x0000f517) x10 0x800124d8
core   0: 0x800034dc (0xc0f50513) addi    a0, a0, -1009
core   0: 3 0x800034dc (0xc0f50513) x10 0x800120e7
core   0: 0x800034e0 (0x0000f897) auipc   a7, 0xf
core   0: 3 0x800034e0 (0x0000f897) x17 0x800124e0
core   0: 0x800034e4 (0x6a688893) addi    a7, a7, 1702
core   0: 3 0x800034e4 (0x6a688893) x17 0x80012b86
core   0: 0x800034e8 (0xfbf80223) sb      t6, -92(a6)
core   0: 3 0x800034e8 (0xfbf80223) mem 0x80012def 0xc5
core   0: 0x800034ec (0xfd089b03) lh      s6, -48(a7)
core   0: 3 0x800034ec (0xfd089b03) x22 0x00000000 mem 0x80012b56
core   0: 0x800034f0 (0xf2e5d783) lhu     a5, -210(a1)
core   0: 3 0x800034f0 (0xf2e5d783) x15 0x00000000 mem 0x80012cdc
core   0: 0x800034f4 (0x00350783) lb      a5, 3(a0)
core   0: 3 0x800034f4 (0x00350783) x15 0x00000000 mem 0x800120ea
core   0: 0x800034f8 (0xb4a5a103) lw      sp, -1206(a1)
core   0: 3 0x800034f8 (0xb4a5a103) x 2 0x00000000 mem 0x800128f8
core   0: 0x800034fc (0xfe858383) lb      t2, -24(a1)
core   0: 3 0x800034fc (0xfe858383) x 7 0x00000000 mem 0x80012d96
core   0: 0x80003500 (0x00f8cf83) lbu     t6, 15(a7)
core   0: 3 0x80003500 (0x00f8cf83) x31 0x00000000 mem 0x80012b95
core   0: 0x80003504 (0xff5a5703) lhu     a4, -11(s4)
core   0: 3 0x80003504 (0xff5a5703) x14 0x00000000 mem 0x8001216c
core   0: 0x80003508 (0x03f8c203) lbu     tp, 63(a7)
core   0: 3 0x80003508 (0x03f8c203) x 4 0x00000000 mem 0x80012bc5
core   0: 0x8000350c (0xa1459d03) lh      s10, -1516(a1)
core   0: 3 0x8000350c (0xa1459d03) x26 0x00000000 mem 0x800127c2
core   0: 0x80003510 (0x96958783) lb      a5, -1687(a1)
core   0: 3 0x80003510 (0x96958783) x15 0x00000000 mem 0x80012717
core   0: 0x80003514 (0xfed88ba3) sb      a3, -9(a7)
core   0: 3 0x80003514 (0xfed88ba3) mem 0x80012b7d 0x69
core   0: 0x80003518 (0xfe155383) lhu     t2, -31(a0)
core   0: 3 0x80003518 (0xfe155383) x 7 0x00000000 mem 0x800120c8
core   0: 0x8000351c (0x018581a3) sb      s8, 3(a1)
core   0: 3 0x8000351c (0x018581a3) mem 0x80012db1 0x0
core   0: 0x80003520 (0x08280d23) sb      sp, 154(a6)
core   0: 3 0x80003520 (0x08280d23) mem 0x80012ee5 0x0
core   0: 0x80003524 (0xc89587a3) sb      s1, -881(a1)
core   0: 3 0x80003524 (0xc89587a3) mem 0x80012a3d 0xe4
core   0: 0x80003528 (0xff1a1903) lh      s2, -15(s4)
core   0: 3 0x80003528 (0xff1a1903) x18 0x00000000 mem 0x80012168
core   0: 0x8000352c (0x003a0123) sb      gp, 2(s4)
core   0: 3 0x8000352c (0x003a0123) mem 0x80012179 0x0
core   0: 0x80003530 (0x0348c603) lbu     a2, 52(a7)
core   0: 3 0x80003530 (0x0348c603) x12 0x00000000 mem 0x80012bba
core   0: 0x80003534 (0xf8f80383) lb      t2, -113(a6)
core   0: 3 0x80003534 (0xf8f80383) x 7 0x00000000 mem 0x80012dda
core   0: 0x80003538 (0xfd588da3) sb      s5, -37(a7)
core   0: 3 0x80003538 (0xfd588da3) mem 0x80012b61 0xbb
core   0: 0x8000353c (0xfa859203) lh      tp, -88(a1)
core   0: 3 0x8000353c (0xfa859203) x 4 0x00000000 mem 0x80012d56
core   0: 0x80003540 (0x004a0203) lb      tp, 4(s4)
core   0: 3 0x80003540 (0x004a0203) x 4 0x00000000 mem 0x8001217b
core   0: 0x80003544 (0x02388983) lb      s3, 35(a7)
core   0: 3 0x80003544 (0x02388983) x19 0x00000000 mem 0x80012ba9
core   0: 0x80003548 (0x00e528a3) sw      a4, 17(a0)
core   0: 3 0x80003548 (0x00e528a3) mem 0x800120f8 0x00000000
core   0: 0x8000354c (0xffba5103) lhu     sp, -5(s4)
core   0: 3 0x8000354c (0xffba5103) x 2 0x00000000 mem 0x80012172
core   0: 0x80003550 (0x0cc80003) lb      zero, 204(a6)
core   0: 3 0x80003550 (0x0cc80003) mem 0x80012f17
core   0: 0x80003554 (0x02189123) sh      ra, 34(a7)
core   0: 3 0x80003554 (0x02189123) mem 0x80012ba8 0x0000
core   0: 0x80003558 (0x003a5e03) lhu     t3, 3(s4)
core   0: 3 0x80003558 (0x003a5e03) x28 0x00000000 mem 0x8001217a
core   0: 0x8000355c (0xfc952ca3) sw      s1, -39(a0)
core   0: 3 0x8000355c (0xfc952ca3) mem 0x800120c0 0x8002bce4
core   0: 0x80003560 (0xcc258fa3) sb      sp, -801(a1)
core   0: 3 0x80003560 (0xcc258fa3) mem 0x80012a8d 0x0
core   0: 0x80003564 (0x0cf84d83) lbu     s11, 207(a6)
core   0: 3 0x80003564 (0x0cf84d83) x27 0x00000000 mem 0x80012f1a
core   0: 0x80003568 (0xfe154203) lbu     tp, -31(a0)
core   0: 3 0x80003568 (0xfe154203) x 4 0x00000000 mem 0x800120c8
core   0: 0x8000356c (0x0000f117) auipc   sp, 0xf
core   0: 3 0x8000356c (0x0000f117) x 2 0x8001256c
core   0: 0x80003570 (0xcd610113) addi    sp, sp, -810
core   0: 3 0x80003570 (0xcd610113) x 2 0x80012242
core   0: 0x80003574 (0x0019d893) srli    a7, s3, 1
core   0: 3 0x80003574 (0x0019d893) x17 0x00000000
core   0: 0x80003578 (0x63b14f83) lbu     t6, 1595(sp)
core   0: 3 0x80003578 (0x63b14f83) x31 0x00000000 mem 0x8001287d
core   0: 0x8000357c (0x00000013) nop
core   0: 3 0x8000357c (0x00000013)
core   0: 0x80003580 (0x59d10aa3) sb      t4, 1429(sp)
core   0: 3 0x80003580 (0x59d10aa3) mem 0x800127d7 0x0
core   0: 0x80003584 (0xee2b2513) slti    a0, s6, -286
core   0: 3 0x80003584 (0xee2b2513) x10 0x00000000
core   0: 0x80003588 (0x0024d293) srli    t0, s1, 2
core   0: 3 0x80003588 (0x0024d293) x 5 0x2000af39
core   0: 0x8000358c (0x466109a3) sb      t1, 1139(sp)
core   0: 3 0x8000358c (0x466109a3) mem 0x800126b5 0x53
core   0: 0x80003590 (0x33310da3) sb      s3, 827(sp)
core   0: 3 0x80003590 (0x33310da3) mem 0x8001257d 0x0
core   0: 0x80003594 (0x72815083) lhu     ra, 1832(sp)
core   0: 3 0x80003594 (0x72815083) x 1 0x00000000 mem 0x8001296a
core   0: 0x80003598 (0x15728617) auipc   a2, 0x15728
core   0: 3 0x80003598 (0x15728617) x12 0x9572b598
core   0: 0x8000359c (0x41c30fb3) sub     t6, t1, t3
core   0: 3 0x8000359c (0x41c30fb3) x31 0xe0006453
core   0: 0x800035a0 (0xf5e14383) lbu     t2, -162(sp)
core   0: 3 0x800035a0 (0xf5e14383) x 7 0x00000000 mem 0x800121a0
core   0: 0x800035a4 (0x0004aeb3) slt     t4, s1, zero
core   0: 3 0x800035a4 (0x0004aeb3) x29 0x00000001
core   0: 0x800035a8 (0x47b11123) sh      s11, 1122(sp)
core   0: 3 0x800035a8 (0x47b11123) mem 0x800126a4 0x0000
core   0: 0x800035ac (0xef688293) addi    t0, a7, -266
core   0: 3 0x800035ac (0xef688293) x 5 0xfffffef6
core   0: 0x800035b0 (0xd2406993) ori     s3, zero, -732
core   0: 3 0x800035b0 (0xd2406993) x19 0xfffffd24
core   0: 0x800035b4 (0x00b39313) slli    t1, t2, 11
core   0: 3 0x800035b4 (0x00b39313) x 6 0x00000000
core   0: 0x800035b8 (0x61212203) lw      tp, 1554(sp)
core   0: 3 0x800035b8 (0x61212203) x 4 0x00000000 mem 0x80012854
core   0: 0x800035bc (0x28110323) sb      ra, 646(sp)
core   0: 3 0x800035bc (0x28110323) mem 0x800124c8 0x0
core   0: 0x800035c0 (0x1c910c83) lb      s9, 457(sp)
core   0: 3 0x800035c0 (0x1c910c83) x25 0x00000000 mem 0x8001240b
core   0: 0x800035c4 (0x01569a13) slli    s4, a3, 21
core   0: 3 0x800035c4 (0x01569a13) x20 0xed200000
core   0: 0x800035c8 (0x01ac88b3) add     a7, s9, s10
core   0: 3 0x800035c8 (0x01ac88b3) x17 0x00000000
core   0: 0x800035cc (0x01ef99b3) sll     s3, t6, t5
core   0: 3 0x800035cc (0x01ef99b3) x19 0xe0006453
core   0: 0x800035d0 (0xa62bf693) andi    a3, s7, -1438
core   0: 3 0x800035d0 (0xa62bf693) x13 0x80027a60
core   0: 0x800035d4 (0x00ff4633) xor     a2, t5, a5
core   0: 3 0x800035d4 (0x00ff4633) x12 0x00000000
core   0: 0x800035d8 (0x01eadfb3) srl     t6, s5, t5
core   0: 3 0x800035d8 (0x01eadfb3) x31 0xfdb012bb
core   0: 0x800035dc (0x6ec104a3) sb      a2, 1769(sp)
core   0: 3 0x800035dc (0x6ec104a3) mem 0x8001292b 0x0
core   0: 0x800035e0 (0x2134d1b7) lui     gp, 0x2134d
core   0: 3 0x800035e0 (0x2134d1b7) x 3 0x2134d000
core   0: 0x800035e4 (0x16110da3) sb      ra, 379(sp)
core   0: 3 0x800035e4 (0x16110da3) mem 0x800123bd 0x0
core   0: 0x800035e8 (0xfb714b03) lbu     s6, -73(sp)
core   0: 3 0x800035e8 (0xfb714b03) x22 0x00000000 mem 0x800121f9
core   0: 0x800035ec (0x34b10f03) lb      t5, 843(sp)
core   0: 3 0x800035ec (0x34b10f03) x30 0x00000000 mem 0x8001258d
core   0: 0x800035f0 (0x0001b397) auipc   t2, 0x1b
core   0: 3 0x800035f0 (0x0001b397) x 7 0x8001e5f0
core   0: 0x800035f4 (0x94538393) addi    t2, t2, -1723
core   0: 3 0x800035f4 (0x94538393) x 7 0x8001df35
core   0: 0x800035f8 (0xfad395a3) sh      a3, -85(t2)
core   0: 3 0x800035f8 (0xfad395a3) mem 0x8001dee0 0x7a60
core   0: 0x800035fc (0x05838183) lb      gp, 88(t2)
core   0: 3 0x800035fc (0x05838183) x 3 0x00000000 mem 0x8001df8d
core   0: 0x80003600 (0x0001cc97) auipc   s9, 0x1c
core   0: 3 0x80003600 (0x0001cc97) x25 0x8001f600
core   0: 0x80003604 (0x8e4c8c93) addi    s9, s9, -1820
core   0: 3 0x80003604 (0x8e4c8c93) x25 0x8001eee4
core   0: 0x80003608 (0x0cacc003) lbu     zero, 202(s9)
core   0: 3 0x80003608 (0x0cacc003) mem 0x8001efae
core   0: 0x8000360c (0x0d7392a3) sh      s7, 197(t2)
core   0: 3 0x8000360c (0x0d7392a3) mem 0x8001dffa 0x7e64
core   0: 0x80003610 (0xf6d38923) sb      a3, -142(t2)
core   0: 3 0x80003610 (0xf6d38923) mem 0x8001dea7 0x60
core   0: 0x80003614 (0xfacc8a23) sb      a2, -76(s9)
core   0: 3 0x80003614 (0xfacc8a23) mem 0x8001ee98 0x0
core   0: 0x80003618 (0x041c8a03) lb      s4, 65(s9)
core   0: 3 0x80003618 (0x041c8a03) x20 0x00000000 mem 0x8001ef25
core   0: 0x8000361c (0xf7e38703) lb      a4, -130(t2)
core   0: 3 0x8000361c (0xf7e38703) x14 0x00000000 mem 0x8001deb3
core   0: 0x80003620 (0x0bac8783) lb      a5, 186(s9)
core   0: 3 0x80003620 (0x0bac8783) x15 0x00000000 mem 0x8001ef9e
core   0: 0x80003624 (0xf44c9303) lh      t1, -188(s9)
core   0: 3 0x80003624 (0xf44c9303) x 6 0x00000000 mem 0x8001ee28
core   0: 0x80003628 (0x07838003) lb      zero, 120(t2)
core   0: 3 0x80003628 (0x07838003) mem 0x8001dfad
core   0: 0x8000362c (0xf69383a3) sb      s1, -153(t2)
core   0: 3 0x8000362c (0xf69383a3) mem 0x8001de9c 0xe4
core   0: 0x80003630 (0xfadc8da3) sb      a3, -69(s9)
core   0: 3 0x80003630 (0xfadc8da3) mem 0x8001ee9f 0x60
core   0: 0x80003634 (0xfdd39d03) lh      s10, -35(t2)
core   0: 3 0x80003634 (0xfdd39d03) x26 0x00000000 mem 0x8001df12
core   0: 0x80003638 (0xf91c8683) lb      a3, -111(s9)
core   0: 3 0x80003638 (0xf91c8683) x13 0x00000000 mem 0x8001ee75
core   0: 0x8000363c (0x00018417) auipc   s0, 0x18
core   0: 3 0x8000363c (0x00018417) x 8 0x8001b63c
core   0: 0x80003640 (0x71640413) addi    s0, s0, 1814
core   0: 3 0x80003640 (0x71640413) x 8 0x8001bd52
core   0: 0x80003644 (0x0000f897) auipc   a7, 0xf
core   0: 3 0x80003644 (0x0000f897) x17 0x80012644
core   0: 0x80003648 (0x6d288893) addi    a7, a7, 1746
core   0: 3 0x80003648 (0x6d288893) x17 0x80012d16
core   0: 0x8000364c (0x01340e83) lb      t4, 19(s0)
core   0: 3 0x8000364c (0x01340e83) x29 0x00000000 mem 0x8001bd65
core   0: 0x80003650 (0xfe9409a3) sb      s1, -13(s0)
core   0: 3 0x80003650 (0xfe9409a3) mem 0x8001bd45 0xe4
core   0: 0x80003654 (0xfa788083) lb      ra, -89(a7)
core   0: 3 0x80003654 (0xfa788083) x 1 0x00000000 mem 0x80012cbd
core   0: 0x80003658 (0xfc5406a3) sb      t0, -51(s0)
core   0: 3 0x80003658 (0xfc5406a3) mem 0x8001bd1f 0xf6
core   0: 0x8000365c (0xfc442523) sw      tp, -54(s0)
core   0: 3 0x8000365c (0xfc442523) mem 0x8001bd1c 0x00000000
core   0: 0x80003660 (0xfce40ea3) sb      a4, -35(s0)
core   0: 3 0x80003660 (0xfce40ea3) mem 0x8001bd2f 0x0
core   0: 0x80003664 (0x01242203) lw      tp, 18(s0)
core   0: 3 0x80003664 (0x01242203) x 4 0x00000000 mem 0x8001bd64
core   0: 0x80003668 (0x02340683) lb      a3, 35(s0)
core   0: 3 0x80003668 (0x02340683) x13 0x00000000 mem 0x8001bd75
core   0: 0x8000366c (0xfe941423) sh      s1, -24(s0)
core   0: 3 0x8000366c (0xfe941423) mem 0x8001bd3a 0xbce4
core   0: 0x80003670 (0x08188283) lb      t0, 129(a7)
core   0: 3 0x80003670 (0x08188283) x 5 0x00000000 mem 0x80012d97
core   0: 0x80003674 (0xfea8ce83) lbu     t4, -22(a7)
core   0: 3 0x80003674 (0xfea8ce83) x29 0x00000000 mem 0x80012d00
core   0: 0x80003678 (0x07e88283) lb      t0, 126(a7)
core   0: 3 0x80003678 (0x07e88283) x 5 0x00000000 mem 0x80012d94
core   0: 0x8000367c (0xffb8cc03) lbu     s8, -5(a7)
core   0: 3 0x8000367c (0xffb8cc03) x24 0x00000000 mem 0x80012d11
core   0: 0x80003680 (0xfff40e83) lb      t4, -1(s0)
core   0: 3 0x80003680 (0xfff40e83) x29 0x00000000 mem 0x8001bd51
core   0: 0x80003684 (0xffe42903) lw      s2, -2(s0)
core   0: 3 0x80003684 (0xffe42903) x18 0x00000000 mem 0x8001bd50
core   0: 0x80003688 (0x024007ef) jal     a5, pc + 0x24
core   0: 3 0x80003688 (0x024007ef) x15 0x8000368c
core   0: 0x800036ac (0xfe9ff0ef) jal     pc - 0x18
core   0: 3 0x800036ac (0xfe9ff0ef) x 1 0x800036b0
core   0: 0x80003694 (0x03c000ef) jal     pc + 0x3c
core   0: 3 0x80003694 (0x03c000ef) x 1 0x80003698
core   0: 0x800036d0 (0xfe1ff1ef) jal     gp, pc - 0x20
core   0: 3 0x800036d0 (0xfe1ff1ef) x 3 0x800036d4
core   0: 0x800036b0 (0x00c000ef) jal     pc + 0xc
core   0: 3 0x800036b0 (0x00c000ef) x 1 0x800036b4
core   0: 0x800036bc (0xffdff0ef) jal     pc - 0x4
core   0: 3 0x800036bc (0xffdff0ef) x 1 0x800036c0
core   0: 0x800036b8 (0xffdff36f) jal     t1, pc - 0x4
core   0: 3 0x800036b8 (0xffdff36f) x 6 0x800036bc
core   0: 0x800036b4 (0xfd9ff36f) jal     t1, pc - 0x28
core   0: 3 0x800036b4 (0xfd9ff36f) x 6 0x800036b8
core   0: 0x8000368c (0x01c0016f) jal     sp, pc + 0x1c
core   0: 3 0x8000368c (0x01c0016f) x 2 0x80003690
core   0: 0x800036a8 (0xfe9ff0ef) jal     pc - 0x18
core   0: 3 0x800036a8 (0xfe9ff0ef) x 1 0x800036ac
core   0: 0x80003690 (0x0340086f) jal     a6, pc + 0x34
core   0: 3 0x80003690 (0x0340086f) x16 0x80003694
core   0: 0x800036c4 (0xffdffc6f) jal     s8, pc - 0x4
core   0: 3 0x800036c4 (0xffdffc6f) x24 0x800036c8
core   0: 0x800036c0 (0xfe5ff36f) jal     t1, pc - 0x1c
core   0: 3 0x800036c0 (0xfe5ff36f) x 6 0x800036c4
core   0: 0x800036a4 (0xff9ff0ef) jal     pc - 0x8
core   0: 3 0x800036a4 (0xff9ff0ef) x 1 0x800036a8
core   0: 0x8000369c (0x004000ef) jal     pc + 0x4
core   0: 3 0x8000369c (0x004000ef) x 1 0x800036a0
core   0: 0x800036a0 (0xff9ff66f) jal     a2, pc - 0x8
core   0: 3 0x800036a0 (0xff9ff66f) x12 0x800036a4
core   0: 0x80003698 (0x0340046f) jal     s0, pc + 0x34
core   0: 3 0x80003698 (0x0340046f) x 8 0x8000369c
core   0: 0x800036cc (0xffdff0ef) jal     pc - 0x4
core   0: 3 0x800036cc (0xffdff0ef) x 1 0x800036d0
core   0: 0x800036c8 (0x00c000ef) jal     pc + 0xc
core   0: 3 0x800036c8 (0x00c000ef) x 1 0x800036cc
core   0: 0x800036d4 (0x01b89f13) slli    t5, a7, 27
core   0: 3 0x800036d4 (0x01b89f13) x30 0xb0000000
core   0: 0x800036d8 (0x0000f117) auipc   sp, 0xf
core   0: 3 0x800036d8 (0x0000f117) x 2 0x800126d8
core   0: 0x800036dc (0xb6110113) addi    sp, sp, -1183
core   0: 3 0x800036dc (0xb6110113) x 2 0x80012239
core   0: 0x800036e0 (0x00cd0233) add     tp, s10, a2
core   0: 3 0x800036e0 (0x00cd0233) x 4 0x800036a4
core   0: 0x800036e4 (0x00c59233) sll     tp, a1, a2
core   0: 3 0x800036e4 (0x00c59233) x 4 0x0012dae0
core   0: 0x800036e8 (0x00b65d33) srl     s10, a2, a1
core   0: 3 0x800036e8 (0x00b65d33) x26 0x00020000
core   0: 0x800036ec (0xf4a20613) addi    a2, tp, -182
core   0: 3 0x800036ec (0xf4a20613) x12 0x0012da2a
core   0: 0x800036f0 (0x01ad5733) srl     a4, s10, s10
core   0: 3 0x800036f0 (0x01ad5733) x14 0x00020000
core   0: 0x800036f4 (0x40e5d593) srai    a1, a1, 14
core   0: 3 0x800036f4 (0x40e5d593) x11 0xfffe0004
core   0: 0x800036f8 (0x00b67d33) and     s10, a2, a1
core   0: 3 0x800036f8 (0x00b67d33) x26 0x00120000
core   0: 0x800036fc (0xfee10fa3) sb      a4, -1(sp)
core   0: 3 0x800036fc (0xfee10fa3) mem 0x80012238 0x0
core   0: 0x80003700 (0x4165dd13) srai    s10, a1, 22
core   0: 3 0x80003700 (0x4165dd13) x26 0xffffffff
core   0: 0x80003704 (0x00bd3333) sltu    t1, s10, a1
core   0: 3 0x80003704 (0x00bd3333) x 6 0x00000000
core   0: 0x80003708 (0x41125d13) srai    s10, tp, 17
core   0: 3 0x80003708 (0x41125d13) x26 0x00000009
core   0: 0x8000370c (0x01ad5633) srl     a2, s10, s10
core   0: 3 0x8000370c (0x01ad5633) x12 0x00000000
core   0: 0x80003710 (0xfe610b23) sb      t1, -10(sp)
core   0: 3 0x80003710 (0xfe610b23) mem 0x8001222f 0x0
core   0: 0x80003714 (0x00b10823) sb      a1, 16(sp)
core   0: 3 0x80003714 (0x00b10823) mem 0x80012249 0x4
core   0: 0x80003718 (0x41a305b3) sub     a1, t1, s10
core   0: 3 0x80003718 (0x41a305b3) x11 0xfffffff7
core   0: 0x8000371c (0xcbf5a593) slti    a1, a1, -833
core   0: 3 0x8000371c (0xcbf5a593) x11 0x00000000
core   0: 0x80003720 (0x00459333) sll     t1, a1, tp
core   0: 3 0x80003720 (0x00459333) x 6 0x00000000
core   0: 0x80003724 (0x004655b3) srl     a1, a2, tp
core   0: 3 0x80003724 (0x004655b3) x11 0x00000000
core   0: 0x80003728 (0x32c5a593) slti    a1, a1, 812
core   0: 3 0x80003728 (0x32c5a593) x11 0x00000001
core   0: 0x8000372c (0xffe14583) lbu     a1, -2(sp)
core   0: 3 0x8000372c (0xffe14583) x11 0x00000000 mem 0x80012237
core   0: 0x80003730 (0xff210d03) lb      s10, -14(sp)
core   0: 3 0x80003730 (0xff210d03) x26 0x00000000 mem 0x8001222b
core   0: 0x80003734 (0xdcdcf237) lui     tp, 0xdcdcf
core   0: 3 0x80003734 (0xdcdcf237) x 4 0xdcdcf000
core   0: 0x80003738 (0x00214d03) lbu     s10, 2(sp)
core   0: 3 0x80003738 (0x00214d03) x26 0x00000000 mem 0x8001223b
core   0: 0x8000373c (0x00c10323) sb      a2, 6(sp)
core   0: 3 0x8000373c (0x00c10323) mem 0x8001223f 0x0
core   0: 0x80003740 (0x00d11303) lh      t1, 13(sp)
core   0: 3 0x80003740 (0x00d11303) x 6 0x00000000 mem 0x80012246
core   0: 0x80003744 (0xff110303) lb      t1, -15(sp)
core   0: 3 0x80003744 (0xff110303) x 6 0x00000000 mem 0x8001222a
core   0: 0x80003748 (0xf4260313) addi    t1, a2, -190
core   0: 3 0x80003748 (0xf4260313) x 6 0xffffff42
core   0: 0x8000374c (0x00614303) lbu     t1, 6(sp)
core   0: 3 0x8000374c (0x00614303) x 6 0x00000000 mem 0x8001223f
core   0: 0x80003750 (0xffa00713) li      a4, -6
core   0: 3 0x80003750 (0xffa00713) x14 0xfffffffa
core   0: 0x80003754 (0x00feb7b3) sltu    a5, t4, a5
core   0: 3 0x80003754 (0x00feb7b3) x15 0x00000001
core   0: 0x80003758 (0x21d90413) addi    s0, s2, 541
core   0: 3 0x80003758 (0x21d90413) x 8 0x0000021d
core   0: 0x8000375c (0xff600d93) li      s11, -10
core   0: 3 0x8000375c (0xff600d93) x27 0xfffffff6
core   0: 0x80003760 (0xe40fe513) ori     a0, t6, -448
core   0: 3 0x80003760 (0xe40fe513) x10 0xfffffefb
core   0: 0x80003764 (0x01236fb3) or      t6, t1, s2
core   0: 3 0x80003764 (0x01236fb3) x31 0x00000000
core   0: 0x80003768 (0xffd70713) addi    a4, a4, -3
core   0: 3 0x80003768 (0xffd70713) x14 0xfffffff7
core   0: 0x8000376c (0x01e93393) sltiu   t2, s2, 30
core   0: 3 0x8000376c (0x01e93393) x 7 0x00000001
core   0: 0x80003770 (0x00000013) nop
core   0: 3 0x80003770 (0x00000013)
core   0: 0x80003774 (0x00000e13) li      t3, 0
core   0: 3 0x80003774 (0x00000e13) x28 0x00000000
core   0: 0x80003778 (0x406e0c33) sub     s8, t3, t1
core   0: 3 0x80003778 (0x406e0c33) x24 0x00000000
core   0: 0x8000377c (0xff900813) li      a6, -7
core   0: 3 0x8000377c (0xff900813) x16 0xfffffff9
core   0: 0x80003780 (0x00017333) and     t1, sp, zero
core   0: 3 0x80003780 (0x00017333) x 6 0x00000000
core   0: 0x80003784 (0x00b107b3) add     a5, sp, a1
core   0: 3 0x80003784 (0x00b107b3) x15 0x80012239
core   0: 0x80003788 (0x017970b3) and     ra, s2, s7
core   0: 3 0x80003788 (0x017970b3) x 1 0x00000000
core   0: 0x8000378c (0xff9e0e13) addi    t3, t3, -7
core   0: 3 0x8000378c (0xff9e0e13) x28 0xfffffff9
core   0: 0x80003790 (0xff0e0ae3) beq     t3, a6, pc - 12
core   0: 3 0x80003790 (0xff0e0ae3)
core   0: 0x80003784 (0x00b107b3) add     a5, sp, a1
core   0: 3 0x80003784 (0x00b107b3) x15 0x80012239
core   0: 0x80003788 (0x017970b3) and     ra, s2, s7
core   0: 3 0x80003788 (0x017970b3) x 1 0x00000000
core   0: 0x8000378c (0xff9e0e13) addi    t3, t3, -7
core   0: 3 0x8000378c (0xff9e0e13) x28 0xfffffff2
core   0: 0x80003790 (0xff0e0ae3) beq     t3, a6, pc - 12
core   0: 3 0x80003790 (0xff0e0ae3)
core   0: 0x80003794 (0x01d03033) snez    zero, t4
core   0: 3 0x80003794 (0x01d03033)
core   0: 0x80003798 (0x40d1d393) srai    t2, gp, 13
core   0: 3 0x80003798 (0x40d1d393) x 7 0xfffc0001
core   0: 0x8000379c (0xfdb754e3) bge     a4, s11, pc - 56
core   0: 3 0x8000379c (0xfdb754e3)
core   0: 0x80003764 (0x01236fb3) or      t6, t1, s2
core   0: 3 0x80003764 (0x01236fb3) x31 0x00000000
core   0: 0x80003768 (0xffd70713) addi    a4, a4, -3
core   0: 3 0x80003768 (0xffd70713) x14 0xfffffff4
core   0: 0x8000376c (0x01e93393) sltiu   t2, s2, 30
core   0: 3 0x8000376c (0x01e93393) x 7 0x00000001
core   0: 0x80003770 (0x00000013) nop
core   0: 3 0x80003770 (0x00000013)
core   0: 0x80003774 (0x00000e13) li      t3, 0
core   0: 3 0x80003774 (0x00000e13) x28 0x00000000
core   0: 0x80003778 (0x406e0c33) sub     s8, t3, t1
core   0: 3 0x80003778 (0x406e0c33) x24 0x00000000
core   0: 0x8000377c (0xff900813) li      a6, -7
core   0: 3 0x8000377c (0xff900813) x16 0xfffffff9
core   0: 0x80003780 (0x00017333) and     t1, sp, zero
core   0: 3 0x80003780 (0x00017333) x 6 0x00000000
core   0: 0x80003784 (0x00b107b3) add     a5, sp, a1
core   0: 3 0x80003784 (0x00b107b3) x15 0x80012239
core   0: 0x80003788 (0x017970b3) and     ra, s2, s7
core   0: 3 0x80003788 (0x017970b3) x 1 0x00000000
core   0: 0x8000378c (0xff9e0e13) addi    t3, t3, -7
core   0: 3 0x8000378c (0xff9e0e13) x28 0xfffffff9
core   0: 0x80003790 (0xff0e0ae3) beq     t3, a6, pc - 12
core   0: 3 0x80003790 (0xff0e0ae3)
core   0: 0x80003784 (0x00b107b3) add     a5, sp, a1
core   0: 3 0x80003784 (0x00b107b3) x15 0x80012239
core   0: 0x80003788 (0x017970b3) and     ra, s2, s7
core   0: 3 0x80003788 (0x017970b3) x 1 0x00000000
core   0: 0x8000378c (0xff9e0e13) addi    t3, t3, -7
core   0: 3 0x8000378c (0xff9e0e13) x28 0xfffffff2
core   0: 0x80003790 (0xff0e0ae3) beq     t3, a6, pc - 12
core   0: 3 0x80003790 (0xff0e0ae3)
core   0: 0x80003794 (0x01d03033) snez    zero, t4
core   0: 3 0x80003794 (0x01d03033)
core   0: 0x80003798 (0x40d1d393) srai    t2, gp, 13
core   0: 3 0x80003798 (0x40d1d393) x 7 0xfffc0001
core   0: 0x8000379c (0xfdb754e3) bge     a4, s11, pc - 56
core   0: 3 0x8000379c (0xfdb754e3)
core   0: 0x800037a0 (0x00820c33) add     s8, tp, s0
core   0: 3 0x800037a0 (0x00820c33) x24 0xdcdcf21d
core   0: 0x800037a4 (0x0000f397) auipc   t2, 0xf
core   0: 3 0x800037a4 (0x0000f397) x 7 0x800127a4
core   0: 0x800037a8 (0xe7f38393) addi    t2, t2, -385
core   0: 3 0x800037a8 (0xe7f38393) x 7 0x80012623
core   0: 0x800037ac (0x3ae38583) lb      a1, 942(t2)
core   0: 3 0x800037ac (0x3ae38583) x11 0x00000000 mem 0x800129d1
core   0: 0x800037b0 (0x3ab3ca03) lbu     s4, 939(t2)
core   0: 3 0x800037b0 (0x3ab3ca03) x20 0x00000000 mem 0x800129ce
core   0: 0x800037b4 (0x0e638d23) sb      t1, 250(t2)
core   0: 3 0x800037b4 (0x0e638d23) mem 0x8001271d 0x0
core   0: 0x800037b8 (0xd6a5bb13) sltiu   s6, a1, -662
core   0: 3 0x800037b8 (0xd6a5bb13) x22 0x00000001
core   0: 0x800037bc (0xb613d583) lhu     a1, -1183(t2)
core   0: 3 0x800037bc (0xb613d583) x11 0x00000000 mem 0x80012184
core   0: 0x800037c0 (0x6653ab03) lw      s6, 1637(t2)
core   0: 3 0x800037c0 (0x6653ab03) x22 0x00000000 mem 0x80012c88
core   0: 0x800037c4 (0x32b38223) sb      a1, 804(t2)
core   0: 3 0x800037c4 (0x32b38223) mem 0x80012947 0x0
core   0: 0x800037c8 (0x0ff0000f) fence   iorw,iorw
core   0: 3 0x800037c8 (0x0ff0000f)
core   0: 0x800037cc (0x84a25817) auipc   a6, 0x84a25
core   0: 3 0x800037cc (0x84a25817) x16 0x04a287cc
core   0: 0x800037d0 (0x00ba78b3) and     a7, s4, a1
core   0: 3 0x800037d0 (0x00ba78b3) x17 0x00000000
core   0: 0x800037d4 (0x00634a33) xor     s4, t1, t1
core   0: 3 0x800037d4 (0x00634a33) x20 0x00000000
core   0: 0x800037d8 (0x4148d5b3) sra     a1, a7, s4
core   0: 3 0x800037d8 (0x4148d5b3) x11 0x00000000
core   0: 0x800037dc (0x40b5d333) sra     t1, a1, a1
core   0: 3 0x800037dc (0x40b5d333) x 6 0x00000000
core   0: 0x800037e0 (0xdc638623) sb      t1, -564(t2)
core   0: 3 0x800037e0 (0xdc638623) mem 0x800123ef 0x0
core   0: 0x800037e4 (0x01085a33) srl     s4, a6, a6
core   0: 3 0x800037e4 (0x01085a33) x20 0x00004a28
core   0: 0x800037e8 (0x0145f5b3) and     a1, a1, s4
core   0: 3 0x800037e8 (0x0145f5b3) x11 0x00000000
core   0: 0x800037ec (0x00b5b333) sltu    t1, a1, a1
core   0: 3 0x800037ec (0x00b5b333) x 6 0x00000000
core   0: 0x800037f0 (0xbe538303) lb      t1, -1051(t2)
core   0: 3 0x800037f0 (0xbe538303) x 6 0x00000000 mem 0x80012208
core   0: 0x800037f4 (0x3d13a803) lw      a6, 977(t2)
core   0: 3 0x800037f4 (0x3d13a803) x16 0x00000000 mem 0x800129f4
core   0: 0x800037f8 (0xb7638a23) sb      s6, -1164(t2)
core   0: 3 0x800037f8 (0xb7638a23) mem 0x80012197 0x0
core   0: 0x800037fc (0xfd630593) addi    a1, t1, -42
core   0: 3 0x800037fc (0xfd630593) x11 0xffffffd6
core   0: 0x80003800 (0x04b38323) sb      a1, 70(t2)
core   0: 3 0x80003800 (0x04b38323) mem 0x80012669 0xd6
core   0: 0x80003804 (0x870adb37) lui     s6, 0x870ad
core   0: 3 0x80003804 (0x870adb37) x22 0x870ad000
core   0: 0x80003808 (0xfab396a3) sh      a1, -83(t2)
core   0: 3 0x80003808 (0xfab396a3) mem 0x800125d0 0xffd6
core   0: 0x8000380c (0x4115d333) sra     t1, a1, a7
core   0: 3 0x8000380c (0x4115d333) x 6 0xffffffd6
core   0: 0x80003810 (0x6d438583) lb      a1, 1748(t2)
core   0: 3 0x80003810 (0x6d438583) x11 0x00000000 mem 0x80012cf7
core   0: 0x80003814 (0x3dd38a03) lb      s4, 989(t2)
core   0: 3 0x80003814 (0x3dd38a03) x20 0x00000000 mem 0x80012a00
core   0: 0x80003818 (0x0065b333) sltu    t1, a1, t1
core   0: 3 0x80003818 (0x0065b333) x 6 0x00000001
core   0: 0x8000381c (0x40b35333) sra     t1, t1, a1
core   0: 3 0x8000381c (0x40b35333) x 6 0x00000001
core   0: 0x80003820 (0xcdca7313) andi    t1, s4, -804
core   0: 3 0x80003820 (0xcdca7313) x 6 0x00000000
core   0: 0x80003824 (0x416b55b3) sra     a1, s6, s6
core   0: 3 0x80003824 (0x416b55b3) x11 0x870ad000
core   0: 0x80003828 (0x0cc38303) lb      t1, 204(t2)
core   0: 3 0x80003828 (0x0cc38303) x 6 0x00000000 mem 0x800126ef
core   0: 0x8000382c (0x0ff0000f) fence   iorw,iorw
core   0: 3 0x8000382c (0x0ff0000f)
core   0: 0x80003830 (0x7ae3ca03) lbu     s4, 1966(t2)
core   0: 3 0x80003830 (0x7ae3ca03) x20 0x00000000 mem 0x80012dd1
core   0: 0x80003834 (0xa4938a03) lb      s4, -1463(t2)
core   0: 3 0x80003834 (0xa4938a03) x20 0x00000000 mem 0x8001206c
core   0: 0x80003838 (0x3293db03) lhu     s6, 809(t2)
core   0: 3 0x80003838 (0x3293db03) x22 0x00000000 mem 0x8001294c
core   0: 0x8000383c (0x4b738303) lb      t1, 1207(t2)
core   0: 3 0x8000383c (0x4b738303) x 6 0x00000000 mem 0x80012ada
core   0: 0x80003840 (0x1fb3d883) lhu     a7, 507(t2)
core   0: 3 0x80003840 (0x1fb3d883) x17 0x0000009e mem 0x8001281e
core   0: 0x80003844 (0x0001b797) auipc   a5, 0x1b
core   0: 3 0x80003844 (0x0001b797) x15 0x8001e844
core   0: 0x80003848 (0xb8b78793) addi    a5, a5, -1141
core   0: 3 0x80003848 (0xb8b78793) x15 0x8001e3cf
core   0: 0x8000384c (0x0000f517) auipc   a0, 0xf
core   0: 3 0x8000384c (0x0000f517) x10 0x8001284c
core   0: 0x80003850 (0xf3250513) addi    a0, a0, -206
core   0: 3 0x80003850 (0xf3250513) x10 0x8001277e
core   0: 0x80003854 (0xb3c51583) lh      a1, -1220(a0)
core   0: 3 0x80003854 (0xb3c51583) x11 0x00000000 mem 0x800122ba
core   0: 0x80003858 (0xfa87cb03) lbu     s6, -88(a5)
core   0: 3 0x80003858 (0xfa87cb03) x22 0x00000000 mem 0x8001e377
core   0: 0x8000385c (0x54d50403) lb      s0, 1357(a0)
core   0: 3 0x8000385c (0x54d50403) x 8 0x00000000 mem 0x80012ccb
core   0: 0x80003860 (0xffb54e83) lbu     t4, -5(a0)
core   0: 3 0x80003860 (0xffb54e83) x29 0x00000000 mem 0x80012779
core   0: 0x80003864 (0x07778703) lb      a4, 119(a5)
core   0: 3 0x80003864 (0x07778703) x14 0x00000000 mem 0x8001e446
core   0: 0x80003868 (0x0cc78423) sb      a2, 200(a5)
core   0: 3 0x80003868 (0x0cc78423) mem 0x8001e497 0x0
core   0: 0x8000386c (0x7de51383) lh      t2, 2014(a0)
core   0: 3 0x8000386c (0x7de51383) x 7 0x00000000 mem 0x80012f5c
core   0: 0x80003870 (0xf267c683) lbu     a3, -218(a5)
core   0: 3 0x80003870 (0xf267c683) x13 0x00000000 mem 0x8001e2f5
core   0: 0x80003874 (0x05c78d23) sb      t3, 90(a5)
core   0: 3 0x80003874 (0x05c78d23) mem 0x8001e429 0xf2
core   0: 0x80003878 (0x8d350403) lb      s0, -1837(a0)
core   0: 3 0x80003878 (0x8d350403) x 8 0x00000000 mem 0x80012051
core   0: 0x8000387c (0xaaa506a3) sb      a0, -1363(a0)
core   0: 3 0x8000387c (0xaaa506a3) mem 0x8001222b 0x7e
core   0: 0x80003880 (0x01378c83) lb      s9, 19(a5)
core   0: 3 0x80003880 (0x01378c83) x25 0x00000000 mem 0x8001e3e2
core   0: 0x80003884 (0xf8178423) sb      ra, -120(a5)
core   0: 3 0x80003884 (0xf8178423) mem 0x8001e357 0x0
core   0: 0x80003888 (0xf8154203) lbu     tp, -127(a0)
core   0: 3 0x80003888 (0xf8154203) x 4 0x00000000 mem 0x800126ff
core   0: 0x8000388c (0x014007ef) jal     a5, pc + 0x14
core   0: 3 0x8000388c (0x014007ef) x15 0x80003890
core   0: 0x800038a0 (0x0240036f) jal     t1, pc + 0x24
core   0: 3 0x800038a0 (0x0240036f) x 6 0x800038a4
core   0: 0x800038c4 (0x0100036f) jal     t1, pc + 0x10
core   0: 3 0x800038c4 (0x0100036f) x 6 0x800038c8
core   0: 0x800038d4 (0x008000ef) jal     pc + 0x8
core   0: 3 0x800038d4 (0x008000ef) x 1 0x800038d8
core   0: 0x800038dc (0xfc1ff36f) jal     t1, pc - 0x40
core   0: 3 0x800038dc (0xfc1ff36f) x 6 0x800038e0
core   0: 0x8000389c (0x008000ef) jal     pc + 0x8
core   0: 3 0x8000389c (0x008000ef) x 1 0x800038a0
core   0: 0x800038a4 (0x02c000ef) jal     pc + 0x2c
core   0: 3 0x800038a4 (0x02c000ef) x 1 0x800038a8
core   0: 0x800038d0 (0x0140036f) jal     t1, pc + 0x14
core   0: 3 0x800038d0 (0x0140036f) x 6 0x800038d4
core   0: 0x800038e4 (0xffdff9ef) jal     s3, pc - 0x4
core   0: 3 0x800038e4 (0xffdff9ef) x19 0x800038e8
core   0: 0x800038e0 (0x008000ef) jal     pc + 0x8
core   0: 3 0x800038e0 (0x008000ef) x 1 0x800038e4
core   0: 0x800038e8 (0xfadff16f) jal     sp, pc - 0x54
core   0: 3 0x800038e8 (0xfadff16f) x 2 0x800038ec
core   0: 0x80003894 (0x038000ef) jal     pc + 0x38
core   0: 3 0x80003894 (0x038000ef) x 1 0x80003898
core   0: 0x800038cc (0xff5ff56f) jal     a0, pc - 0xc
core   0: 3 0x800038cc (0xff5ff56f) x10 0x800038d0
core   0: 0x800038c0 (0xfe9ff0ef) jal     pc - 0x18
core   0: 3 0x800038c0 (0xfe9ff0ef) x 1 0x800038c4
core   0: 0x800038a8 (0x0100096f) jal     s2, pc + 0x10
core   0: 3 0x800038a8 (0x0100096f) x18 0x800038ac
core   0: 0x800038b8 (0xff5ff0ef) jal     pc - 0xc
core   0: 3 0x800038b8 (0xff5ff0ef) x 1 0x800038bc
core   0: 0x800038ac (0x02c0036f) jal     t1, pc + 0x2c
core   0: 3 0x800038ac (0x02c0036f) x 6 0x800038b0
core   0: 0x800038d8 (0xff1ff0ef) jal     pc - 0x10
core   0: 3 0x800038d8 (0xff1ff0ef) x 1 0x800038dc
core   0: 0x800038c8 (0x02c0036f) jal     t1, pc + 0x2c
core   0: 3 0x800038c8 (0x02c0036f) x 6 0x800038cc
core   0: 0x800038f4 (0xfc9ff0ef) jal     pc - 0x38
core   0: 3 0x800038f4 (0xfc9ff0ef) x 1 0x800038f8
core   0: 0x800038bc (0xff9ff0ef) jal     pc - 0x8
core   0: 3 0x800038bc (0xff9ff0ef) x 1 0x800038c0
core   0: 0x800038b4 (0x044000ef) jal     pc + 0x44
core   0: 3 0x800038b4 (0x044000ef) x 1 0x800038b8
core   0: 0x800038f8 (0xfa1ff0ef) jal     pc - 0x60
core   0: 3 0x800038f8 (0xfa1ff0ef) x 1 0x800038fc
core   0: 0x80003898 (0x058000ef) jal     pc + 0x58
core   0: 3 0x80003898 (0x058000ef) x 1 0x8000389c
core   0: 0x800038f0 (0xffdff0ef) jal     pc - 0x4
core   0: 3 0x800038f0 (0xffdff0ef) x 1 0x800038f4
core   0: 0x800038ec (0xfa5ff36f) jal     t1, pc - 0x5c
core   0: 3 0x800038ec (0xfa5ff36f) x 6 0x800038f0
core   0: 0x80003890 (0x0200086f) jal     a6, pc + 0x20
core   0: 3 0x80003890 (0x0200086f) x16 0x80003894
core   0: 0x800038b0 (0x04c000ef) jal     pc + 0x4c
core   0: 3 0x800038b0 (0x04c000ef) x 1 0x800038b4
core   0: 0x800038fc (0x8426fe93) andi    t4, a3, -1982
core   0: 3 0x800038fc (0x8426fe93) x29 0x00000000
core   0: 0x80003900 (0x00014117) auipc   sp, 0x14
core   0: 3 0x80003900 (0x00014117) x 2 0x80017900
core   0: 0x80003904 (0x76110113) addi    sp, sp, 1889
core   0: 3 0x80003904 (0x76110113) x 2 0x80018061
core   0: 0x80003908 (0x00000013) nop
core   0: 3 0x80003908 (0x00000013)
core   0: 0x8000390c (0x01ff7b33) and     s6, t5, t6
core   0: 3 0x8000390c (0x01ff7b33) x22 0x00000000
core   0: 0x80003910 (0x01dcf5b3) and     a1, s9, t4
core   0: 3 0x80003910 (0x01dcf5b3) x11 0x00000000
core   0: 0x80003914 (0xd8510b03) lb      s6, -635(sp)
core   0: 3 0x80003914 (0xd8510b03) x22 0x00000000 mem 0x80017de6
core   0: 0x80003918 (0xc3c14583) lbu     a1, -964(sp)
core   0: 3 0x80003918 (0xc3c14583) x11 0x00000000 mem 0x80017c9d
core   0: 0x8000391c (0x0ff0000f) fence   iorw,iorw
core   0: 3 0x8000391c (0x0ff0000f)
core   0: 0x80003920 (0x75a14e83) lbu     t4, 1882(sp)
core   0: 3 0x80003920 (0x75a14e83) x29 0x00000000 mem 0x800187bb
core   0: 0x80003924 (0xad1101a3) sb      a7, -1341(sp)
core   0: 3 0x80003924 (0xad1101a3) mem 0x80017b24 0x9e
core   0: 0x80003928 (0x41500db3) sub     s11, zero, s5
core   0: 3 0x80003928 (0x41500db3) x27 0x024fed45
core   0: 0x8000392c (0x14010723) sb      zero, 334(sp)
core   0: 3 0x8000392c (0x14010723) mem 0x800181af 0x0
core   0: 0x80003930 (0x342113a3) sh      sp, 839(sp)
core   0: 3 0x80003930 (0x342113a3) mem 0x800183a8 0x8061
core   0: 0x80003934 (0x51414403) lbu     s0, 1300(sp)
core   0: 3 0x80003934 (0x51414403) x 8 0x00000000 mem 0x80018575
core   0: 0x80003938 (0x893c0a13) addi    s4, s8, -1901
core   0: 3 0x80003938 (0x893c0a13) x20 0xdcdceab0
core   0: 0x8000393c (0x018e13b3) sll     t2, t3, s8
core   0: 3 0x8000393c (0x018e13b3) x 7 0x40000000
core   0: 0x80003940 (0x0ff0000f) fence   iorw,iorw
core   0: 3 0x80003940 (0x0ff0000f)
core   0: 0x80003944 (0xeba10203) lb      tp, -326(sp)
core   0: 3 0x80003944 (0xeba10203) x 4 0x00000000 mem 0x80017f1b
core   0: 0x80003948 (0x01c649b3) xor     s3, a2, t3
core   0: 3 0x80003948 (0x01c649b3) x19 0xfffffff2
core   0: 0x8000394c (0x6ec10c23) sb      a2, 1784(sp)
core   0: 3 0x8000394c (0x6ec10c23) mem 0x80018759 0x0
core   0: 0x80003950 (0x47cb2913) slti    s2, s6, 1148
core   0: 3 0x80003950 (0x47cb2913) x18 0x00000001
core   0: 0x80003954 (0x3f7e2c13) slti    s8, t3, 1015
core   0: 3 0x80003954 (0x3f7e2c13) x24 0x00000001
core   0: 0x80003958 (0xee5bfc93) andi    s9, s7, -283
core   0: 3 0x80003958 (0xee5bfc93) x25 0x80027e64
core   0: 0x8000395c (0xc0b3c093) xori    ra, t2, -1013
core   0: 3 0x8000395c (0xc0b3c093) x 1 0xbffffc0b
core   0: 0x80003960 (0xdfb10423) sb      s11, -536(sp)
core   0: 3 0x80003960 (0xdfb10423) mem 0x80017e49 0x45
core   0: 0x80003964 (0x0e614403) lbu     s0, 230(sp)
core   0: 3 0x80003964 (0x0e614403) x 8 0x00000000 mem 0x80018147
core   0: 0x80003968 (0x0000f297) auipc   t0, 0xf
core   0: 3 0x80003968 (0x0000f297) x 5 0x80012968
core   0: 0x8000396c (0xd7a28293) addi    t0, t0, -646
core   0: 3 0x8000396c (0xd7a28293) x 5 0x800126e2
core   0: 0x80003970 (0x00016617) auipc   a2, 0x16
core   0: 3 0x80003970 (0x00016617) x12 0x80019970
core   0: 0x80003974 (0x28460613) addi    a2, a2, 644
core   0: 3 0x80003974 (0x28460613) x12 0x80019bf4
core   0: 0x80003978 (0x036604a3) sb      s6, 41(a2)
core   0: 3 0x80003978 (0x036604a3) mem 0x80019c1d 0x0
core   0: 0x8000397c (0xfdd64183) lbu     gp, -35(a2)
core   0: 3 0x8000397c (0xfdd64183) x 3 0x00000000 mem 0x80019bd1
core   0: 0x80003980 (0xf97289a3) sb      s7, -109(t0)
core   0: 3 0x80003980 (0xf97289a3) mem 0x80012675 0x64
core   0: 0x80003984 (0xffe60ea3) sb      t5, -3(a2)
core   0: 3 0x80003984 (0xffe60ea3) mem 0x80019bf1 0x0
core   0: 0x80003988 (0x0462c303) lbu     t1, 70(t0)
core   0: 3 0x80003988 (0x0462c303) x 6 0x00000000 mem 0x80012728
core   0: 0x8000398c (0xfc560f83) lb      t6, -59(a2)
core   0: 3 0x8000398c (0xfc560f83) x31 0x00000000 mem 0x80019bb9
core   0: 0x80003990 (0x08c29783) lh      a5, 140(t0)
core   0: 3 0x80003990 (0x08c29783) x15 0x00000000 mem 0x8001276e
core   0: 0x80003994 (0xf27280a3) sb      t2, -223(t0)
core   0: 3 0x80003994 (0xf27280a3) mem 0x80012603 0x0
core   0: 0x80003998 (0xf9928983) lb      s3, -103(t0)
core   0: 3 0x80003998 (0xf9928983) x19 0x00000000 mem 0x8001267b
core   0: 0x8000399c (0xf7228ea3) sb      s2, -131(t0)
core   0: 3 0x8000399c (0xf7228ea3) mem 0x8001265f 0x1
core   0: 0x800039a0 (0xfa32c203) lbu     tp, -93(t0)
core   0: 3 0x800039a0 (0xfa32c203) x 4 0x000000bc mem 0x80012685
core   0: 0x800039a4 (0x0a229303) lh      t1, 162(t0)
core   0: 3 0x800039a4 (0x0a229303) x 6 0x00000000 mem 0x80012784
core   0: 0x800039a8 (0x03760083) lb      ra, 55(a2)
core   0: 3 0x800039a8 (0x03760083) x 1 0x00000000 mem 0x80019c2b
core   0: 0x800039ac (0xfe060983) lb      s3, -32(a2)
core   0: 3 0x800039ac (0xfe060983) x19 0x00000000 mem 0x80019bd4
core   0: 0x800039b0 (0x00a601a3) sb      a0, 3(a2)
core   0: 3 0x800039b0 (0x00a601a3) mem 0x80019bf7 0xd0
core   0: 0x800039b4 (0xf3928883) lb      a7, -199(t0)
core   0: 3 0x800039b4 (0xf3928883) x17 0x00000000 mem 0x8001261b
core   0: 0x800039b8 (0xffe00713) li      a4, -2
core   0: 3 0x800039b8 (0xffe00713) x14 0xfffffffe
core   0: 0x800039bc (0x016bd8b3) srl     a7, s7, s6
core   0: 3 0x800039bc (0x016bd8b3) x17 0x80027e64
core   0: 0x800039c0 (0x13452d13) slti    s10, a0, 308
core   0: 3 0x800039c0 (0x13452d13) x26 0x00000001
core   0: 0x800039c4 (0x0000100f) fence.i
core   0: 3 0x800039c4 (0x0000100f)
core   0: 0x800039c8 (0x0160feb3) and     t4, ra, s6
core   0: 3 0x800039c8 (0x0160feb3) x29 0x00000000
core   0: 0x800039cc (0x0128c6b3) xor     a3, a7, s2
core   0: 3 0x800039cc (0x0128c6b3) x13 0x80027e65
core   0: 0x800039d0 (0x00000013) nop
core   0: 3 0x800039d0 (0x00000013)
core   0: 0x800039d4 (0x01300c13) li      s8, 19
core   0: 3 0x800039d4 (0x01300c13) x24 0x00000013
core   0: 0x800039d8 (0x00825913) srli    s2, tp, 8
core   0: 3 0x800039d8 (0x00825913) x18 0x00000000
core   0: 0x800039dc (0xadd9fd37) lui     s10, 0xadd9f
core   0: 3 0x800039dc (0xadd9fd37) x26 0xadd9f000
core   0: 0x800039e0 (0xee61e413) ori     s0, gp, -282
core   0: 3 0x800039e0 (0xee61e413) x 8 0xfffffee6
core   0: 0x800039e4 (0x00116cb3) or      s9, sp, ra
core   0: 3 0x800039e4 (0x00116cb3) x25 0x80018061
core   0: 0x800039e8 (0x04c36e97) auipc   t4, 0x4c36
core   0: 3 0x800039e8 (0x04c36e97) x29 0x84c399e8
core   0: 0x800039ec (0x00370713) addi    a4, a4, 3
core   0: 3 0x800039ec (0x00370713) x14 0x00000001
core   0: 0x800039f0 (0x4102d5b3) sra     a1, t0, a6
core   0: 3 0x800039f0 (0x4102d5b3) x11 0xfffff800
core   0: 0x800039f4 (0x01115913) srli    s2, sp, 17
core   0: 3 0x800039f4 (0x01115913) x18 0x00004000
core   0: 0x800039f8 (0x41cb06b3) sub     a3, s6, t3
core   0: 3 0x800039f8 (0x41cb06b3) x13 0x0000000e
core   0: 0x800039fc (0x00439513) slli    a0, t2, 4
core   0: 3 0x800039fc (0x00439513) x10 0x00000000
core   0: 0x80003a00 (0x2aac6813) ori     a6, s8, 682
core   0: 3 0x80003a00 (0x2aac6813) x16 0x000002bb
core   0: 0x80003a04 (0xfd876ce3) bltu    a4, s8, pc - 40
core   0: 3 0x80003a04 (0xfd876ce3)
core   0: 0x800039dc (0xadd9fd37) lui     s10, 0xadd9f
core   0: 3 0x800039dc (0xadd9fd37) x26 0xadd9f000
core   0: 0x800039e0 (0xee61e413) ori     s0, gp, -282
core   0: 3 0x800039e0 (0xee61e413) x 8 0xfffffee6
core   0: 0x800039e4 (0x00116cb3) or      s9, sp, ra
core   0: 3 0x800039e4 (0x00116cb3) x25 0x80018061
core   0: 0x800039e8 (0x04c36e97) auipc   t4, 0x4c36
core   0: 3 0x800039e8 (0x04c36e97) x29 0x84c399e8
core   0: 0x800039ec (0x00370713) addi    a4, a4, 3
core   0: 3 0x800039ec (0x00370713) x14 0x00000004
core   0: 0x800039f0 (0x4102d5b3) sra     a1, t0, a6
core   0: 3 0x800039f0 (0x4102d5b3) x11 0xfffffff0
core   0: 0x800039f4 (0x01115913) srli    s2, sp, 17
core   0: 3 0x800039f4 (0x01115913) x18 0x00004000
core   0: 0x800039f8 (0x41cb06b3) sub     a3, s6, t3
core   0: 3 0x800039f8 (0x41cb06b3) x13 0x0000000e
core   0: 0x800039fc (0x00439513) slli    a0, t2, 4
core   0: 3 0x800039fc (0x00439513) x10 0x00000000
core   0: 0x80003a00 (0x2aac6813) ori     a6, s8, 682
core   0: 3 0x80003a00 (0x2aac6813) x16 0x000002bb
core   0: 0x80003a04 (0xfd876ce3) bltu    a4, s8, pc - 40
core   0: 3 0x80003a04 (0xfd876ce3)
core   0: 0x800039dc (0xadd9fd37) lui     s10, 0xadd9f
core   0: 3 0x800039dc (0xadd9fd37) x26 0xadd9f000
core   0: 0x800039e0 (0xee61e413) ori     s0, gp, -282
core   0: 3 0x800039e0 (0xee61e413) x 8 0xfffffee6
core   0: 0x800039e4 (0x00116cb3) or      s9, sp, ra
core   0: 3 0x800039e4 (0x00116cb3) x25 0x80018061
core   0: 0x800039e8 (0x04c36e97) auipc   t4, 0x4c36
core   0: 3 0x800039e8 (0x04c36e97) x29 0x84c399e8
core   0: 0x800039ec (0x00370713) addi    a4, a4, 3
core   0: 3 0x800039ec (0x00370713) x14 0x00000007
core   0: 0x800039f0 (0x4102d5b3) sra     a1, t0, a6
core   0: 3 0x800039f0 (0x4102d5b3) x11 0xfffffff0
core   0: 0x800039f4 (0x01115913) srli    s2, sp, 17
core   0: 3 0x800039f4 (0x01115913) x18 0x00004000
core   0: 0x800039f8 (0x41cb06b3) sub     a3, s6, t3
core   0: 3 0x800039f8 (0x41cb06b3) x13 0x0000000e
core   0: 0x800039fc (0x00439513) slli    a0, t2, 4
core   0: 3 0x800039fc (0x00439513) x10 0x00000000
core   0: 0x80003a00 (0x2aac6813) ori     a6, s8, 682
core   0: 3 0x80003a00 (0x2aac6813) x16 0x000002bb
core   0: 0x80003a04 (0xfd876ce3) bltu    a4, s8, pc - 40
core   0: 3 0x80003a04 (0xfd876ce3)
core   0: 0x800039dc (0xadd9fd37) lui     s10, 0xadd9f
core   0: 3 0x800039dc (0xadd9fd37) x26 0xadd9f000
core   0: 0x800039e0 (0xee61e413) ori     s0, gp, -282
core   0: 3 0x800039e0 (0xee61e413) x 8 0xfffffee6
core   0: 0x800039e4 (0x00116cb3) or      s9, sp, ra
core   0: 3 0x800039e4 (0x00116cb3) x25 0x80018061
core   0: 0x800039e8 (0x04c36e97) auipc   t4, 0x4c36
core   0: 3 0x800039e8 (0x04c36e97) x29 0x84c399e8
core   0: 0x800039ec (0x00370713) addi    a4, a4, 3
core   0: 3 0x800039ec (0x00370713) x14 0x0000000a
core   0: 0x800039f0 (0x4102d5b3) sra     a1, t0, a6
core   0: 3 0x800039f0 (0x4102d5b3) x11 0xfffffff0
core   0: 0x800039f4 (0x01115913) srli    s2, sp, 17
core   0: 3 0x800039f4 (0x01115913) x18 0x00004000
core   0: 0x800039f8 (0x41cb06b3) sub     a3, s6, t3
core   0: 3 0x800039f8 (0x41cb06b3) x13 0x0000000e
core   0: 0x800039fc (0x00439513) slli    a0, t2, 4
core   0: 3 0x800039fc (0x00439513) x10 0x00000000
core   0: 0x80003a00 (0x2aac6813) ori     a6, s8, 682
core   0: 3 0x80003a00 (0x2aac6813) x16 0x000002bb
core   0: 0x80003a04 (0xfd876ce3) bltu    a4, s8, pc - 40
core   0: 3 0x80003a04 (0xfd876ce3)
core   0: 0x800039dc (0xadd9fd37) lui     s10, 0xadd9f
core   0: 3 0x800039dc (0xadd9fd37) x26 0xadd9f000
core   0: 0x800039e0 (0xee61e413) ori     s0, gp, -282
core   0: 3 0x800039e0 (0xee61e413) x 8 0xfffffee6
core   0: 0x800039e4 (0x00116cb3) or      s9, sp, ra
core   0: 3 0x800039e4 (0x00116cb3) x25 0x80018061
core   0: 0x800039e8 (0x04c36e97) auipc   t4, 0x4c36
core   0: 3 0x800039e8 (0x04c36e97) x29 0x84c399e8
core   0: 0x800039ec (0x00370713) addi    a4, a4, 3
core   0: 3 0x800039ec (0x00370713) x14 0x0000000d
core   0: 0x800039f0 (0x4102d5b3) sra     a1, t0, a6
core   0: 3 0x800039f0 (0x4102d5b3) x11 0xfffffff0
core   0: 0x800039f4 (0x01115913) srli    s2, sp, 17
core   0: 3 0x800039f4 (0x01115913) x18 0x00004000
core   0: 0x800039f8 (0x41cb06b3) sub     a3, s6, t3
core   0: 3 0x800039f8 (0x41cb06b3) x13 0x0000000e
core   0: 0x800039fc (0x00439513) slli    a0, t2, 4
core   0: 3 0x800039fc (0x00439513) x10 0x00000000
core   0: 0x80003a00 (0x2aac6813) ori     a6, s8, 682
core   0: 3 0x80003a00 (0x2aac6813) x16 0x000002bb
core   0: 0x80003a04 (0xfd876ce3) bltu    a4, s8, pc - 40
core   0: 3 0x80003a04 (0xfd876ce3)
core   0: 0x800039dc (0xadd9fd37) lui     s10, 0xadd9f
core   0: 3 0x800039dc (0xadd9fd37) x26 0xadd9f000
core   0: 0x800039e0 (0xee61e413) ori     s0, gp, -282
core   0: 3 0x800039e0 (0xee61e413) x 8 0xfffffee6
core   0: 0x800039e4 (0x00116cb3) or      s9, sp, ra
core   0: 3 0x800039e4 (0x00116cb3) x25 0x80018061
core   0: 0x800039e8 (0x04c36e97) auipc   t4, 0x4c36
core   0: 3 0x800039e8 (0x04c36e97) x29 0x84c399e8
core   0: 0x800039ec (0x00370713) addi    a4, a4, 3
core   0: 3 0x800039ec (0x00370713) x14 0x00000010
core   0: 0x800039f0 (0x4102d5b3) sra     a1, t0, a6
core   0: 3 0x800039f0 (0x4102d5b3) x11 0xfffffff0
core   0: 0x800039f4 (0x01115913) srli    s2, sp, 17
core   0: 3 0x800039f4 (0x01115913) x18 0x00004000
core   0: 0x800039f8 (0x41cb06b3) sub     a3, s6, t3
core   0: 3 0x800039f8 (0x41cb06b3) x13 0x0000000e
core   0: 0x800039fc (0x00439513) slli    a0, t2, 4
core   0: 3 0x800039fc (0x00439513) x10 0x00000000
core   0: 0x80003a00 (0x2aac6813) ori     a6, s8, 682
core   0: 3 0x80003a00 (0x2aac6813) x16 0x000002bb
core   0: 0x80003a04 (0xfd876ce3) bltu    a4, s8, pc - 40
core   0: 3 0x80003a04 (0xfd876ce3)
core   0: 0x800039dc (0xadd9fd37) lui     s10, 0xadd9f
core   0: 3 0x800039dc (0xadd9fd37) x26 0xadd9f000
core   0: 0x800039e0 (0xee61e413) ori     s0, gp, -282
core   0: 3 0x800039e0 (0xee61e413) x 8 0xfffffee6
core   0: 0x800039e4 (0x00116cb3) or      s9, sp, ra
core   0: 3 0x800039e4 (0x00116cb3) x25 0x80018061
core   0: 0x800039e8 (0x04c36e97) auipc   t4, 0x4c36
core   0: 3 0x800039e8 (0x04c36e97) x29 0x84c399e8
core   0: 0x800039ec (0x00370713) addi    a4, a4, 3
core   0: 3 0x800039ec (0x00370713) x14 0x00000013
core   0: 0x800039f0 (0x4102d5b3) sra     a1, t0, a6
core   0: 3 0x800039f0 (0x4102d5b3) x11 0xfffffff0
core   0: 0x800039f4 (0x01115913) srli    s2, sp, 17
core   0: 3 0x800039f4 (0x01115913) x18 0x00004000
core   0: 0x800039f8 (0x41cb06b3) sub     a3, s6, t3
core   0: 3 0x800039f8 (0x41cb06b3) x13 0x0000000e
core   0: 0x800039fc (0x00439513) slli    a0, t2, 4
core   0: 3 0x800039fc (0x00439513) x10 0x00000000
core   0: 0x80003a00 (0x2aac6813) ori     a6, s8, 682
core   0: 3 0x80003a00 (0x2aac6813) x16 0x000002bb
core   0: 0x80003a04 (0xfd876ce3) bltu    a4, s8, pc - 40
core   0: 3 0x80003a04 (0xfd876ce3)
core   0: 0x80003a08 (0x6ded10b7) lui     ra, 0x6ded1
core   0: 3 0x80003a08 (0x6ded10b7) x 1 0x6ded1000
core   0: 0x80003a0c (0x00018817) auipc   a6, 0x18
core   0: 3 0x80003a0c (0x00018817) x16 0x8001ba0c
core   0: 0x80003a10 (0xbc680813) addi    a6, a6, -1082
core   0: 3 0x80003a10 (0xbc680813) x16 0x8001b5d2
core   0: 0x80003a14 (0x0000f797) auipc   a5, 0xf
core   0: 3 0x80003a14 (0x0000f797) x15 0x80012a14
core   0: 0x80003a18 (0x43e78793) addi    a5, a5, 1086
core   0: 3 0x80003a18 (0x43e78793) x15 0x80012e52
core   0: 0x80003a1c (0xfa880083) lb      ra, -88(a6)
core   0: 3 0x80003a1c (0xfa880083) x 1 0x00000000 mem 0x8001b57a
core   0: 0x80003a20 (0x0fa7c283) lbu     t0, 250(a5)
core   0: 3 0x80003a20 (0x0fa7c283) x 5 0x00000000 mem 0x80012f4c
core   0: 0x80003a24 (0x08c84703) lbu     a4, 140(a6)
core   0: 3 0x80003a24 (0x08c84703) x14 0x00000000 mem 0x8001b65e
core   0: 0x80003a28 (0xf5381923) sh      s3, -174(a6)
core   0: 3 0x80003a28 (0xf5381923) mem 0x8001b524 0x0000
core   0: 0x80003a2c (0xf09787a3) sb      s1, -241(a5)
core   0: 3 0x80003a2c (0xf09787a3) mem 0x80012d61 0xe4
core   0: 0x80003a30 (0xfb77ce03) lbu     t3, -73(a5)
core   0: 3 0x80003a30 (0xfb77ce03) x28 0x00000000 mem 0x80012e09
core   0: 0x80003a34 (0x0cb78583) lb      a1, 203(a5)
core   0: 3 0x80003a34 (0x0cb78583) x11 0x00000000 mem 0x80012f1d
core   0: 0x80003a38 (0x0e980ba3) sb      s1, 247(a6)
core   0: 3 0x80003a38 (0x0e980ba3) mem 0x8001b6c9 0xe4
core   0: 0x80003a3c (0xf4878ea3) sb      s0, -163(a5)
core   0: 3 0x80003a3c (0xf4878ea3) mem 0x80012daf 0xe6
core   0: 0x80003a40 (0x07d80f03) lb      t5, 125(a6)
core   0: 3 0x80003a40 (0x07d80f03) x30 0x00000000 mem 0x8001b64f
core   0: 0x80003a44 (0x06b80da3) sb      a1, 123(a6)
core   0: 3 0x80003a44 (0x06b80da3) mem 0x8001b64d 0x0
core   0: 0x80003a48 (0x00f7c083) lbu     ra, 15(a5)
core   0: 3 0x80003a48 (0x00f7c083) x 1 0x00000000 mem 0x80012e61
core   0: 0x80003a4c (0x09682183) lw      gp, 150(a6)
core   0: 3 0x80003a4c (0x09682183) x 3 0x00000000 mem 0x8001b668
core   0: 0x80003a50 (0xf9f7c403) lbu     s0, -97(a5)
core   0: 3 0x80003a50 (0xf9f7c403) x 8 0x00000000 mem 0x80012df1
core   0: 0x80003a54 (0x0001fb17) auipc   s6, 0x1f
core   0: 3 0x80003a54 (0x0001fb17) x22 0x80022a54
core   0: 0x80003a58 (0xd31b0b13) addi    s6, s6, -719
core   0: 3 0x80003a58 (0xd31b0b13) x22 0x80022785
core   0: 0x80003a5c (0xfe5b0e23) sb      t0, -4(s6)
core   0: 3 0x80003a5c (0xfe5b0e23) mem 0x80022781 0x0
core   0: 0x80003a60 (0xffcb0583) lb      a1, -4(s6)
core   0: 3 0x80003a60 (0xffcb0583) x11 0x00000000 mem 0x80022781
core   0: 0x80003a64 (0x005b4703) lbu     a4, 5(s6)
core   0: 3 0x80003a64 (0x005b4703) x14 0x00000000 mem 0x8002278a
core   0: 0x80003a68 (0x225a7a37) lui     s4, 0x225a7
core   0: 3 0x80003a68 (0x225a7a37) x20 0x225a7000
core   0: 0x80003a6c (0x0025e6b3) or      a3, a1, sp
core   0: 3 0x80003a6c (0x0025e6b3) x13 0x80018061
core   0: 0x80003a70 (0x006b0e03) lb      t3, 6(s6)
core   0: 3 0x80003a70 (0x006b0e03) x28 0x00000000 mem 0x8002278b
core   0: 0x80003a74 (0x400bd333) sra     t1, s7, zero
core   0: 3 0x80003a74 (0x400bd333) x 6 0x80027e64
core   0: 0x80003a78 (0x006b4583) lbu     a1, 6(s6)
core   0: 3 0x80003a78 (0x006b4583) x11 0x00000000 mem 0x8002278b
core   0: 0x80003a7c (0x006b4f83) lbu     t6, 6(s6)
core   0: 3 0x80003a7c (0x006b4f83) x31 0x00000000 mem 0x8002278b
core   0: 0x80003a80 (0x006b4d83) lbu     s11, 6(s6)
core   0: 3 0x80003a80 (0x006b4d83) x27 0x00000000 mem 0x8002278b
core   0: 0x80003a84 (0xffeb0e03) lb      t3, -2(s6)
core   0: 3 0x80003a84 (0xffeb0e03) x28 0x00000000 mem 0x80022783
core   0: 0x80003a88 (0xc4fce917) auipc   s2, 0xc4fce
core   0: 3 0x80003a88 (0xc4fce917) x18 0x44fd1a88
core   0: 0x80003a8c (0x41ccdc93) srai    s9, s9, 28
core   0: 3 0x80003a8c (0x41ccdc93) x25 0xfffffff8
core   0: 0x80003a90 (0xffeb4003) lbu     zero, -2(s6)
core   0: 3 0x80003a90 (0xffeb4003) mem 0x80022783
core   0: 0x80003a94 (0xfe5b0f23) sb      t0, -2(s6)
core   0: 3 0x80003a94 (0xfe5b0f23) mem 0x80022783 0x0
core   0: 0x80003a98 (0x002b0883) lb      a7, 2(s6)
core   0: 3 0x80003a98 (0x002b0883) x17 0x00000000 mem 0x80022787
core   0: 0x80003a9c (0x016b0123) sb      s6, 2(s6)
core   0: 3 0x80003a9c (0x016b0123) mem 0x80022787 0x85
core   0: 0x80003aa0 (0xffbb0da3) sb      s11, -5(s6)
core   0: 3 0x80003aa0 (0xffbb0da3) mem 0x80022780 0x0
core   0: 0x80003aa4 (0xffbb2103) lw      sp, -5(s6)
core   0: 3 0x80003aa4 (0xffbb2103) x 2 0x00000000 mem 0x80022780
core   0: 0x80003aa8 (0x0001d917) auipc   s2, 0x1d
core   0: 3 0x80003aa8 (0x0001d917) x18 0x80020aa8
core   0: 0x80003aac (0xea090913) addi    s2, s2, -352
core   0: 3 0x80003aac (0xea090913) x18 0x80020948
core   0: 0x80003ab0 (0x82ccf693) andi    a3, s9, -2004
core   0: 3 0x80003ab0 (0x82ccf693) x13 0xfffff828
core   0: 0x80003ab4 (0xf8094703) lbu     a4, -128(s2)
core   0: 3 0x80003ab4 (0xf8094703) x14 0x00000000 mem 0x800208c8
core   0: 0x80003ab8 (0x40ac5733) sra     a4, s8, a0
core   0: 3 0x80003ab8 (0x40ac5733) x14 0x00000013
core   0: 0x80003abc (0x7fe55337) lui     t1, 0x7fe55
core   0: 3 0x80003abc (0x7fe55337) x 6 0x7fe55000
core   0: 0x80003ac0 (0x01d95413) srli    s0, s2, 29
core   0: 3 0x80003ac0 (0x01d95413) x 8 0x00000004
core   0: 0x80003ac4 (0xf1794303) lbu     t1, -233(s2)
core   0: 3 0x80003ac4 (0xf1794303) x 6 0x00000000 mem 0x8002085f
core   0: 0x80003ac8 (0x04594c83) lbu     s9, 69(s2)
core   0: 3 0x80003ac8 (0x04594c83) x25 0x00000000 mem 0x8002098d
core   0: 0x80003acc (0x0c394e83) lbu     t4, 195(s2)
core   0: 3 0x80003acc (0x0c394e83) x29 0x00000000 mem 0x80020a0b
core   0: 0x80003ad0 (0xba2cb413) sltiu   s0, s9, -1118
core   0: 3 0x80003ad0 (0xba2cb413) x 8 0x00000001
core   0: 0x80003ad4 (0x007eff33) and     t5, t4, t2
core   0: 3 0x80003ad4 (0x007eff33) x30 0x00000000
core   0: 0x80003ad8 (0x406fd733) sra     a4, t6, t1
core   0: 3 0x80003ad8 (0x406fd733) x14 0x00000000
core   0: 0x80003adc (0xfb590ba3) sb      s5, -73(s2)
core   0: 3 0x80003adc (0xfb590ba3) mem 0x800208ff 0xbb
core   0: 0x80003ae0 (0xf5695883) lhu     a7, -170(s2)
core   0: 3 0x80003ae0 (0xf5695883) x17 0x00000000 mem 0x8002089e
core   0: 0x80003ae4 (0x524eb893) sltiu   a7, t4, 1316
core   0: 3 0x80003ae4 (0x524eb893) x17 0x00000001
core   0: 0x80003ae8 (0x4172deb3) sra     t4, t0, s7
core   0: 3 0x80003ae8 (0x4172deb3) x29 0x00000000
core   0: 0x80003aec (0x009a5213) srli    tp, s4, 9
core   0: 3 0x80003aec (0x009a5213) x 4 0x00112d38
core   0: 0x80003af0 (0x016a4cb3) xor     s9, s4, s6
core   0: 3 0x80003af0 (0x016a4cb3) x25 0xa2585785
core   0: 0x80003af4 (0x08e90123) sb      a4, 130(s2)
core   0: 3 0x80003af4 (0x08e90123) mem 0x800209ca 0x0
core   0: 0x80003af8 (0x00f63a33) sltu    s4, a2, a5
core   0: 3 0x80003af8 (0x00f63a33) x20 0x00000000
core   0: 0x80003afc (0x0162e6b3) or      a3, t0, s6
core   0: 3 0x80003afc (0x0162e6b3) x13 0x80022785
core   0: 0x80003b00 (0x67d3f213) andi    tp, t2, 1661
core   0: 3 0x80003b00 (0x67d3f213) x 4 0x00000000
core   0: 0x80003b04 (0xf6d94783) lbu     a5, -147(s2)
core   0: 3 0x80003b04 (0xf6d94783) x15 0x00000000 mem 0x800208b5
core   0: 0x80003b08 (0xf4190c03) lb      s8, -191(s2)
core   0: 3 0x80003b08 (0xf4190c03) x24 0x00000000 mem 0x80020889
core   0: 0x80003b0c (0x01754133) xor     sp, a0, s7
core   0: 3 0x80003b0c (0x01754133) x 2 0x80027e64
core   0: 0x80003b10 (0xf8e90283) lb      t0, -114(s2)
core   0: 3 0x80003b10 (0xf8e90283) x 5 0x00000000 mem 0x800208d6
core   0: 0x80003b14 (0x01ca93b3) sll     t2, s5, t3
core   0: 3 0x80003b14 (0x01ca93b3) x 7 0xfdb012bb
core   0: 0x80003b18 (0x01f94203) lbu     tp, 31(s2)
core   0: 3 0x80003b18 (0x01f94203) x 4 0x00000000 mem 0x80020967
core   0: 0x80003b1c (0xf6fec213) xori    tp, t4, -145
core   0: 3 0x80003b1c (0xf6fec213) x 4 0xffffff6f
core   0: 0x80003b20 (0x414a08b3) sub     a7, s4, s4
core   0: 3 0x80003b20 (0x414a08b3) x17 0x00000000
core   0: 0x80003b24 (0x0169e133) or      sp, s3, s6
core   0: 3 0x80003b24 (0x0169e133) x 2 0x80022785
core   0: 0x80003b28 (0x008ce3b3) or      t2, s9, s0
core   0: 3 0x80003b28 (0x008ce3b3) x 7 0xa2585785
core   0: 0x80003b2c (0x08a95d03) lhu     s10, 138(s2)
core   0: 3 0x80003b2c (0x08a95d03) x26 0x00000000 mem 0x800209d2
core   0: 0x80003b30 (0xf5d90aa3) sb      t4, -171(s2)
core   0: 3 0x80003b30 (0xf5d90aa3) mem 0x8002089d 0x0
core   0: 0x80003b34 (0xfba90623) sb      s10, -84(s2)
core   0: 3 0x80003b34 (0xfba90623) mem 0x800208f4 0x0
core   0: 0x80003b38 (0xce94f993) andi    s3, s1, -791
core   0: 3 0x80003b38 (0xce94f993) x19 0x8002bce0
core   0: 0x80003b3c (0x004ed6b3) srl     a3, t4, tp
core   0: 3 0x80003b3c (0x004ed6b3) x13 0x00000000
core   0: 0x80003b40 (0x04b94683) lbu     a3, 75(s2)
core   0: 3 0x80003b40 (0x04b94683) x13 0x00000000 mem 0x80020993
core   0: 0x80003b44 (0xf4f91623) sh      a5, -180(s2)
core   0: 3 0x80003b44 (0xf4f91623) mem 0x80020894 0x0000
core   0: 0x80003b48 (0xa0eab713) sltiu   a4, s5, -1522
core   0: 3 0x80003b48 (0xa0eab713) x14 0x00000001
core   0: 0x80003b4c (0x05095283) lhu     t0, 80(s2)
core   0: 3 0x80003b4c (0x05095283) x 5 0x00000000 mem 0x80020998
core   0: 0x80003b50 (0x06590da3) sb      t0, 123(s2)
core   0: 3 0x80003b50 (0x06590da3) mem 0x800209c3 0x0
core   0: 0x80003b54 (0x013673b3) and     t2, a2, s3
core   0: 3 0x80003b54 (0x013673b3) x 7 0x800098e0
core   0: 0x80003b58 (0x08f94603) lbu     a2, 143(s2)
core   0: 3 0x80003b58 (0x08f94603) x12 0x00000000 mem 0x800209d7
core   0: 0x80003b5c (0x00000013) nop
core   0: 3 0x80003b5c (0x00000013)
core   0: 0x80003b60 (0x07e90983) lb      s3, 126(s2)
core   0: 3 0x80003b60 (0x07e90983) x19 0x00000000 mem 0x800209c6
core   0: 0x80003b64 (0xefede837) lui     a6, 0xefede
core   0: 3 0x80003b64 (0xefede837) x16 0xefede000
core   0: 0x80003b68 (0x00992623) sw      s1, 12(s2)
core   0: 3 0x80003b68 (0x00992623) mem 0x80020954 0x8002bce4
core   0: 0x80003b6c (0x06a94383) lbu     t2, 106(s2)
core   0: 3 0x80003b6c (0x06a94383) x 7 0x00000000 mem 0x800209b2
core   0: 0x80003b70 (0x016f08b3) add     a7, t5, s6
core   0: 3 0x80003b70 (0x016f08b3) x17 0x80022785
core   0: 0x80003b74 (0x016af833) and     a6, s5, s6
core   0: 3 0x80003b74 (0x016af833) x16 0x80000281
core   0: 0x80003b78 (0x168fcc93) xori    s9, t6, 360
core   0: 3 0x80003b78 (0x168fcc93) x25 0x00000168
core   0: 0x80003b7c (0xf7790e03) lb      t3, -137(s2)
core   0: 3 0x80003b7c (0xf7790e03) x28 0x00000000 mem 0x800208bf
core   0: 0x80003b80 (0x00700d93) li      s11, 7
core   0: 3 0x80003b80 (0x00700d93) x27 0x00000007
core   0: 0x80003b84 (0x4868a7b7) lui     a5, 0x4868a
core   0: 3 0x80003b84 (0x4868a7b7) x15 0x4868a000
core   0: 0x80003b88 (0x01ad5e33) srl     t3, s10, s10
core   0: 3 0x80003b88 (0x01ad5e33) x28 0x00000000
core   0: 0x80003b8c (0x00900413) li      s0, 9
core   0: 3 0x80003b8c (0x00900413) x 8 0x00000009
core   0: 0x80003b90 (0x9c914e13) xori    t3, sp, -1591
core   0: 3 0x80003b90 (0x9c914e13) x28 0x7ffdde4c
core   0: 0x80003b94 (0x14408d13) addi    s10, ra, 324
core   0: 3 0x80003b94 (0x14408d13) x26 0x00000144
core   0: 0x80003b98 (0xe5c48f37) lui     t5, 0xe5c48
core   0: 3 0x80003b98 (0xe5c48f37) x30 0xe5c48000
core   0: 0x80003b9c (0x00ad8d93) addi    s11, s11, 10
core   0: 3 0x80003b9c (0x00ad8d93) x27 0x00000011
core   0: 0x80003ba0 (0x0000100f) fence.i
core   0: 3 0x80003ba0 (0x0000100f)
core   0: 0x80003ba4 (0xe0ec7913) andi    s2, s8, -498
core   0: 3 0x80003ba4 (0xe0ec7913) x18 0x00000000
core   0: 0x80003ba8 (0xffa00b13) li      s6, -6
core   0: 3 0x80003ba8 (0xffa00b13) x22 0xfffffffa
core   0: 0x80003bac (0x00ac4eb3) xor     t4, s8, a0
core   0: 3 0x80003bac (0x00ac4eb3) x29 0x00000000
core   0: 0x80003bb0 (0x00a00c13) li      s8, 10
core   0: 3 0x80003bb0 (0x00a00c13) x24 0x0000000a
core   0: 0x80003bb4 (0x01acd913) srli    s2, s9, 26
core   0: 3 0x80003bb4 (0x01acd913) x18 0x00000000
core   0: 0x80003bb8 (0xad59a293) slti    t0, s3, -1323
core   0: 3 0x80003bb8 (0xad59a293) x 5 0x00000000
core   0: 0x80003bbc (0x3e4ded13) ori     s10, s11, 996
core   0: 3 0x80003bbc (0x3e4ded13) x26 0x000003f5
core   0: 0x80003bc0 (0x00af2933) slt     s2, t5, a0
core   0: 3 0x80003bc0 (0x00af2933) x18 0x00000001
core   0: 0x80003bc4 (0x850ccf93) xori    t6, s9, -1968
core   0: 3 0x80003bc4 (0x850ccf93) x31 0xfffff938
core   0: 0x80003bc8 (0x00469a33) sll     s4, a3, tp
core   0: 3 0x80003bc8 (0x00469a33) x20 0x00000000
core   0: 0x80003bcc (0xeb0a4313) xori    t1, s4, -336
core   0: 3 0x80003bcc (0xeb0a4313) x 6 0xfffffeb0
core   0: 0x80003bd0 (0x01f11fb3) sll     t6, sp, t6
core   0: 3 0x80003bd0 (0x01f11fb3) x31 0x85000000
core   0: 0x80003bd4 (0x0005f5b3) and     a1, a1, zero
core   0: 3 0x80003bd4 (0x0005f5b3) x11 0x00000000
core   0: 0x80003bd8 (0x06628093) addi    ra, t0, 102
core   0: 3 0x80003bd8 (0x06628093) x 1 0x00000066
core   0: 0x80003bdc (0x008b0b13) addi    s6, s6, 8
core   0: 3 0x80003bdc (0x008b0b13) x22 0x00000002
core   0: 0x80003be0 (0x003e50b3) srl     ra, t3, gp
core   0: 3 0x80003be0 (0x003e50b3) x 1 0x7ffdde4c
core   0: 0x80003be4 (0xfd8b1ce3) bne     s6, s8, pc - 40
core   0: 3 0x80003be4 (0xfd8b1ce3)
core   0: 0x80003bbc (0x3e4ded13) ori     s10, s11, 996
core   0: 3 0x80003bbc (0x3e4ded13) x26 0x000003f5
core   0: 0x80003bc0 (0x00af2933) slt     s2, t5, a0
core   0: 3 0x80003bc0 (0x00af2933) x18 0x00000001
core   0: 0x80003bc4 (0x850ccf93) xori    t6, s9, -1968
core   0: 3 0x80003bc4 (0x850ccf93) x31 0xfffff938
core   0: 0x80003bc8 (0x00469a33) sll     s4, a3, tp
core   0: 3 0x80003bc8 (0x00469a33) x20 0x00000000
core   0: 0x80003bcc (0xeb0a4313) xori    t1, s4, -336
core   0: 3 0x80003bcc (0xeb0a4313) x 6 0xfffffeb0
core   0: 0x80003bd0 (0x01f11fb3) sll     t6, sp, t6
core   0: 3 0x80003bd0 (0x01f11fb3) x31 0x85000000
core   0: 0x80003bd4 (0x0005f5b3) and     a1, a1, zero
core   0: 3 0x80003bd4 (0x0005f5b3) x11 0x00000000
core   0: 0x80003bd8 (0x06628093) addi    ra, t0, 102
core   0: 3 0x80003bd8 (0x06628093) x 1 0x00000066
core   0: 0x80003bdc (0x008b0b13) addi    s6, s6, 8
core   0: 3 0x80003bdc (0x008b0b13) x22 0x0000000a
core   0: 0x80003be0 (0x003e50b3) srl     ra, t3, gp
core   0: 3 0x80003be0 (0x003e50b3) x 1 0x7ffdde4c
core   0: 0x80003be4 (0xfd8b1ce3) bne     s6, s8, pc - 40
core   0: 3 0x80003be4 (0xfd8b1ce3)
core   0: 0x80003be8 (0xfa8dc6e3) blt     s11, s0, pc - 84
core   0: 3 0x80003be8 (0xfa8dc6e3)
core   0: 0x80003bec (0x0000100f) fence.i
core   0: 3 0x80003bec (0x0000100f)
core   0: 0x80003bf0 (0x0000f117) auipc   sp, 0xf
core   0: 3 0x80003bf0 (0x0000f117) x 2 0x80012bf0
core   0: 0x80003bf4 (0xd7210113) addi    sp, sp, -654
core   0: 3 0x80003bf4 (0xd7210113) x 2 0x80012962
core   0: 0x80003bf8 (0xf6c101a3) sb      a2, -157(sp)
core   0: 3 0x80003bf8 (0xf6c101a3) mem 0x800128c5 0x0
core   0: 0x80003bfc (0xfba14783) lbu     a5, -70(sp)
core   0: 3 0x80003bfc (0xfba14783) x15 0x00000000 mem 0x8001291c
core   0: 0x80003c00 (0x04611603) lh      a2, 70(sp)
core   0: 3 0x80003c00 (0x04611603) x12 0x00000000 mem 0x800129a8
core   0: 0x80003c04 (0xf0111123) sh      ra, -254(sp)
core   0: 3 0x80003c04 (0xf0111123) mem 0x80012864 0xde4c
core   0: 0x80003c08 (0x0f615183) lhu     gp, 246(sp)
core   0: 3 0x80003c08 (0x0f615183) x 3 0x00000000 mem 0x80012a58
core   0: 0x80003c0c (0x007391b3) sll     gp, t2, t2
core   0: 3 0x80003c0c (0x007391b3) x 3 0x00000000
core   0: 0x80003c10 (0xfd41a613) slti    a2, gp, -44
core   0: 3 0x80003c10 (0xfd41a613) x12 0x00000000
core   0: 0x80003c14 (0xf7612603) lw      a2, -138(sp)
core   0: 3 0x80003c14 (0xf7612603) x12 0x00000000 mem 0x800128d8
core   0: 0x80003c18 (0x00a10603) lb      a2, 10(sp)
core   0: 3 0x80003c18 (0x00a10603) x12 0x00000000 mem 0x8001296c
core   0: 0x80003c1c (0x84d7e613) ori     a2, a5, -1971
core   0: 3 0x80003c1c (0x84d7e613) x12 0xfffff84d
core   0: 0x80003c20 (0x02714083) lbu     ra, 39(sp)
core   0: 3 0x80003c20 (0x02714083) x 1 0x00000000 mem 0x80012989
core   0: 0x80003c24 (0x06c12523) sw      a2, 106(sp)
core   0: 3 0x80003c24 (0x06c12523) mem 0x800129cc 0xfffff84d
core   0: 0x80003c28 (0x00000013) nop
core   0: 3 0x80003c28 (0x00000013)
core   0: 0x80003c2c (0x00c7c1b3) xor     gp, a5, a2
core   0: 3 0x80003c2c (0x00c7c1b3) x 3 0xfffff84d
core   0: 0x80003c30 (0x41c70793) addi    a5, a4, 1052
core   0: 3 0x80003c30 (0x41c70793) x15 0x0000041d
core   0: 0x80003c34 (0x0000100f) fence.i
core   0: 3 0x80003c34 (0x0000100f)
core   0: 0x80003c38 (0x407753b3) sra     t2, a4, t2
core   0: 3 0x80003c38 (0x407753b3) x 7 0x00000001
core   0: 0x80003c3c (0x4147d093) srai    ra, a5, 20
core   0: 3 0x80003c3c (0x4147d093) x 1 0x00000000
core   0: 0x80003c40 (0x00000013) nop
core   0: 3 0x80003c40 (0x00000013)
core   0: 0x80003c44 (0xfe814703) lbu     a4, -24(sp)
core   0: 3 0x80003c44 (0xfe814703) x14 0x00000000 mem 0x8001294a
core   0: 0x80003c48 (0x00e11423) sh      a4, 8(sp)
core   0: 3 0x80003c48 (0x00e11423) mem 0x8001296a 0x0000
core   0: 0x80003c4c (0x0bc11603) lh      a2, 188(sp)
core   0: 3 0x80003c4c (0x0bc11603) x12 0x00000000 mem 0x80012a1e
core   0: 0x80003c50 (0x0ec10023) sb      a2, 224(sp)
core   0: 3 0x80003c50 (0x0ec10023) mem 0x80012a42 0x0
core   0: 0x80003c54 (0x04415083) lhu     ra, 68(sp)
core   0: 3 0x80003c54 (0x04415083) x 1 0x00006c0e mem 0x800129a6
core   0: 0x80003c58 (0x407600b3) sub     ra, a2, t2
core   0: 3 0x80003c58 (0x407600b3) x 1 0xffffffff
core   0: 0x80003c5c (0x00f673b3) and     t2, a2, a5
core   0: 3 0x80003c5c (0x00f673b3) x 7 0x00000000
core   0: 0x80003c60 (0x01d0d713) srli    a4, ra, 29
core   0: 3 0x80003c60 (0x01d0d713) x14 0x00000007
core   0: 0x80003c64 (0x00b0d093) srli    ra, ra, 11
core   0: 3 0x80003c64 (0x00b0d093) x 1 0x001fffff
core   0: 0x80003c68 (0x09f10083) lb      ra, 159(sp)
core   0: 3 0x80003c68 (0x09f10083) x 1 0x00000000 mem 0x80012a01
core   0: 0x80003c6c (0xf8615083) lhu     ra, -122(sp)
core   0: 3 0x80003c6c (0xf8615083) x 1 0x00000000 mem 0x800128e8
core   0: 0x80003c70 (0xb8138393) addi    t2, t2, -1151
core   0: 3 0x80003c70 (0xb8138393) x 7 0xfffffb81
core   0: 0x80003c74 (0xed576093) ori     ra, a4, -299
core   0: 3 0x80003c74 (0xed576093) x 1 0xfffffed7
core   0: 0x80003c78 (0x02514603) lbu     a2, 37(sp)
core   0: 3 0x80003c78 (0x02514603) x12 0x00000000 mem 0x80012987
core   0: 0x80003c7c (0x00c3b733) sltu    a4, t2, a2
core   0: 3 0x80003c7c (0x00c3b733) x14 0x00000000
core   0: 0x80003c80 (0xfe314603) lbu     a2, -29(sp)
core   0: 3 0x80003c80 (0xfe314603) x12 0x00000000 mem 0x80012945
core   0: 0x80003c84 (0x00e1f733) and     a4, gp, a4
core   0: 3 0x80003c84 (0x00e1f733) x14 0x00000000
core   0: 0x80003c88 (0x0d214183) lbu     gp, 210(sp)
core   0: 3 0x80003c88 (0x0d214183) x 3 0x00000000 mem 0x80012a34
core   0: 0x80003c8c (0x00c0a633) slt     a2, ra, a2
core   0: 3 0x80003c8c (0x00c0a633) x12 0x00000001
core   0: 0x80003c90 (0x40f1d3b3) sra     t2, gp, a5
core   0: 3 0x80003c90 (0x40f1d3b3) x 7 0x00000000
core   0: 0x80003c94 (0xf2e15783) lhu     a5, -210(sp)
core   0: 3 0x80003c94 (0xf2e15783) x15 0x00000000 mem 0x80012890
core   0: 0x80003c98 (0x0ff0000f) fence   iorw,iorw
core   0: 3 0x80003c98 (0x0ff0000f)
core   0: 0x80003c9c (0xf8110da3) sb      ra, -101(sp)
core   0: 3 0x80003c9c (0xf8110da3) mem 0x800128fd 0xd7
core   0: 0x80003ca0 (0x2d6c3797) auipc   a5, 0x2d6c3
core   0: 3 0x80003ca0 (0x2d6c3797) x15 0xad6c6ca0
core   0: 0x80003ca4 (0x2ebab397) auipc   t2, 0x2ebab
core   0: 3 0x80003ca4 (0x2ebab397) x 7 0xaebaeca4
core   0: 0x80003ca8 (0x05815603) lhu     a2, 88(sp)
core   0: 3 0x80003ca8 (0x05815603) x12 0x00000000 mem 0x800129ba
core   0: 0x80003cac (0x05710083) lb      ra, 87(sp)
core   0: 3 0x80003cac (0x05710083) x 1 0x00000000 mem 0x800129b9
core   0: 0x80003cb0 (0xf1714183) lbu     gp, -233(sp)
core   0: 3 0x80003cb0 (0xf1714183) x 3 0x00000000 mem 0x80012879
core   0: 0x80003cb4 (0xf8514703) lbu     a4, -123(sp)
core   0: 3 0x80003cb4 (0xf8514703) x14 0x00000000 mem 0x800128e7
core   0: 0x80003cb8 (0x05114703) lbu     a4, 81(sp)
core   0: 3 0x80003cb8 (0x05114703) x14 0x00000000 mem 0x800129b3
core   0: 0x80003cbc (0x40e183b3) sub     t2, gp, a4
core   0: 3 0x80003cbc (0x40e183b3) x 7 0x00000000
core   0: 0x80003cc0 (0x003603b3) add     t2, a2, gp
core   0: 3 0x80003cc0 (0x003603b3) x 7 0x00000000
core   0: 0x80003cc4 (0xf1067713) andi    a4, a2, -240
core   0: 3 0x80003cc4 (0xf1067713) x14 0x00000000
core   0: 0x80003cc8 (0x00000013) nop
core   0: 3 0x80003cc8 (0x00000013)
core   0: 0x80003ccc (0x40e387b3) sub     a5, t2, a4
core   0: 3 0x80003ccc (0x40e387b3) x15 0x00000000
core   0: 0x80003cd0 (0x02e11823) sh      a4, 48(sp)
core   0: 3 0x80003cd0 (0x02e11823) mem 0x80012992 0x0000
core   0: 0x80003cd4 (0x01610083) lb      ra, 22(sp)
core   0: 3 0x80003cd4 (0x01610083) x 1 0x00000000 mem 0x80012978
core   0: 0x80003cd8 (0xc283f713) andi    a4, t2, -984
core   0: 3 0x80003cd8 (0xc283f713) x14 0x00000000
core   0: 0x80003cdc (0x0ac10c23) sb      a2, 184(sp)
core   0: 3 0x80003cdc (0x0ac10c23) mem 0x80012a1a 0x0
core   0: 0x80003ce0 (0x0000ed17) auipc   s10, 0xe
core   0: 3 0x80003ce0 (0x0000ed17) x26 0x80011ce0
core   0: 0x80003ce4 (0x55fd0d13) addi    s10, s10, 1375
core   0: 3 0x80003ce4 (0x55fd0d13) x26 0x8001223f
core   0: 0x80003ce8 (0x0000f097) auipc   ra, 0xf
core   0: 3 0x80003ce8 (0x0000f097) x 1 0x80012ce8
core   0: 0x80003cec (0x19c08093) addi    ra, ra, 412
core   0: 3 0x80003cec (0x19c08093) x 1 0x80012e84
core   0: 0x80003cf0 (0x0000e217) auipc   tp, 0xe
core   0: 3 0x80003cf0 (0x0000e217) x 4 0x80011cf0
core   0: 0x80003cf4 (0x68120213) addi    tp, tp, 1665
core   0: 3 0x80003cf4 (0x68120213) x 4 0x80012371
core   0: 0x80003cf8 (0xf25d2783) lw      a5, -219(s10)
core   0: 3 0x80003cf8 (0xf25d2783) x15 0x00000000 mem 0x80012164
core   0: 0x80003cfc (0x84408d83) lb      s11, -1980(ra)
core   0: 3 0x80003cfc (0x84408d83) x27 0x00000000 mem 0x800126c8
core   0: 0x80003d00 (0xfed25183) lhu     gp, -19(tp)
core   0: 3 0x80003d00 (0xfed25183) x 3 0x00000000 mem 0x8001235e
core   0: 0x80003d04 (0x01125003) lhu     zero, 17(tp)
core   0: 3 0x80003d04 (0x01125003) mem 0x80012382
core   0: 0x80003d08 (0x0f1d5903) lhu     s2, 241(s10)
core   0: 3 0x80003d08 (0x0f1d5903) x18 0x00000000 mem 0x80012330
core   0: 0x80003d0c (0x01f213a3) sh      t6, 7(tp)
core   0: 3 0x80003d0c (0x01f213a3) mem 0x80012378 0x0000
core   0: 0x80003d10 (0xfc320c03) lb      s8, -61(tp)
core   0: 3 0x80003d10 (0xfc320c03) x24 0x00000000 mem 0x80012334
core   0: 0x80003d14 (0x0000f817) auipc   a6, 0xf
core   0: 3 0x80003d14 (0x0000f817) x16 0x80012d14
core   0: 0x80003d18 (0xc5b80813) addi    a6, a6, -933
core   0: 3 0x80003d18 (0xc5b80813) x16 0x8001296f
core   0: 0x80003d1c (0x0a10cc83) lbu     s9, 161(ra)
core   0: 3 0x80003d1c (0x0a10cc83) x25 0x00000000 mem 0x80012f25
core   0: 0x80003d20 (0xba00af03) lw      t5, -1120(ra)
core   0: 3 0x80003d20 (0xba00af03) x30 0xc8000000 mem 0x80012a24
core   0: 0x80003d24 (0xf52813a3) sh      s2, -185(a6)
core   0: 3 0x80003d24 (0xf52813a3) mem 0x800128b6 0x0000
core   0: 0x80003d28 (0x0f0d0383) lb      t2, 240(s10)
core   0: 3 0x80003d28 (0x0f0d0383) x 7 0x00000000 mem 0x8001232f
core   0: 0x80003d2c (0x02dd1e83) lh      t4, 45(s10)
core   0: 3 0x80003d2c (0x02dd1e83) x29 0x00000000 mem 0x8001226c
core   0: 0x80003d30 (0x125081a3) sb      t0, 291(ra)
core   0: 3 0x80003d30 (0x125081a3) mem 0x80012fa7 0x0
core   0: 0x80003d34 (0xff820403) lb      s0, -8(tp)
core   0: 3 0x80003d34 (0xff820403) x 8 0x00000000 mem 0x80012369
core   0: 0x80003d38 (0x07e84403) lbu     s0, 126(a6)
core   0: 3 0x80003d38 (0x07e84403) x 8 0x00000000 mem 0x800129ed
core   0: 0x80003d3c (0xf2d85b03) lhu     s6, -211(a6)
core   0: 3 0x80003d3c (0xf2d85b03) x22 0x00000000 mem 0x8001289c
core   0: 0x80003d40 (0xff120c03) lb      s8, -15(tp)
core   0: 3 0x80003d40 (0xff120c03) x24 0x00000000 mem 0x80012362
core   0: 0x80003d44 (0xf25d4d83) lbu     s11, -219(s10)
core   0: 3 0x80003d44 (0xf25d4d83) x27 0x00000000 mem 0x80012164
core   0: 0x80003d48 (0xa160d783) lhu     a5, -1514(ra)
core   0: 3 0x80003d48 (0xa160d783) x15 0x00000000 mem 0x8001289a
core   0: 0x80003d4c (0x0a9d4903) lbu     s2, 169(s10)
core   0: 3 0x80003d4c (0x0a9d4903) x18 0x00000000 mem 0x800122e8
core   0: 0x80003d50 (0xfd920783) lb      a5, -39(tp)
core   0: 3 0x80003d50 (0xfd920783) x15 0x00000000 mem 0x8001234a
core   0: 0x80003d54 (0xf0084903) lbu     s2, -256(a6)
core   0: 3 0x80003d54 (0xf0084903) x18 0x00000000 mem 0x8001286f
core   0: 0x80003d58 (0x038d4c83) lbu     s9, 56(s10)
core   0: 3 0x80003d58 (0x038d4c83) x25 0x00000000 mem 0x80012277
core   0: 0x80003d5c (0xfee214a3) sh      a4, -23(tp)
core   0: 3 0x80003d5c (0xfee214a3) mem 0x8001235a 0x0000
core   0: 0x80003d60 (0x076819a3) sh      s6, 115(a6)
core   0: 3 0x80003d60 (0x076819a3) mem 0x800129e2 0x0000
core   0: 0x80003d64 (0x94d0c883) lbu     a7, -1715(ra)
core   0: 3 0x80003d64 (0x94d0c883) x17 0x00000000 mem 0x800127d1
core   0: 0x80003d68 (0xac70c683) lbu     a3, -1337(ra)
core   0: 3 0x80003d68 (0xac70c683) x13 0x00000000 mem 0x8001294b
core   0: 0x80003d6c (0xf9e80903) lb      s2, -98(a6)
core   0: 3 0x80003d6c (0xf9e80903) x18 0x00000001 mem 0x8001290d
core   0: 0x80003d70 (0x03720283) lb      t0, 55(tp)
core   0: 3 0x80003d70 (0x03720283) x 5 0x00000000 mem 0x800123a8
core   0: 0x80003d74 (0xfe30ca03) lbu     s4, -29(ra)
core   0: 3 0x80003d74 (0xfe30ca03) x20 0x00000000 mem 0x80012e67
core   0: 0x80003d78 (0x00a00513) li      a0, 10
core   0: 3 0x80003d78 (0x00a00513) x10 0x0000000a
core   0: 0x80003d7c (0xfec00093) li      ra, -20
core   0: 3 0x80003d7c (0xfec00093) x 1 0xffffffec
core   0: 0x80003d80 (0x52e24d93) xori    s11, tp, 1326
core   0: 3 0x80003d80 (0x52e24d93) x27 0x8001265f
core   0: 0x80003d84 (0xff750513) addi    a0, a0, -9
core   0: 3 0x80003d84 (0xff750513) x10 0x00000001
core   0: 0x80003d88 (0xfff00693) li      a3, -1
core   0: 3 0x80003d88 (0xfff00693) x13 0xffffffff
core   0: 0x80003d8c (0x00200593) li      a1, 2
core   0: 3 0x80003d8c (0x00200593) x11 0x00000002
core   0: 0x80003d90 (0x8f984793) xori    a5, a6, -1799
core   0: 3 0x80003d90 (0x8f984793) x15 0x7ffed196
core   0: 0x80003d94 (0x00a68693) addi    a3, a3, 10
core   0: 3 0x80003d94 (0x00a68693) x13 0x00000009
core   0: 0x80003d98 (0xfeb6ece3) bltu    a3, a1, pc - 8
core   0: 3 0x80003d98 (0xfeb6ece3)
core   0: 0x80003d9c (0xfe1552e3) bge     a0, ra, pc - 28
core   0: 3 0x80003d9c (0xfe1552e3)
core   0: 0x80003d80 (0x52e24d93) xori    s11, tp, 1326
core   0: 3 0x80003d80 (0x52e24d93) x27 0x8001265f
core   0: 0x80003d84 (0xff750513) addi    a0, a0, -9
core   0: 3 0x80003d84 (0xff750513) x10 0xfffffff8
core   0: 0x80003d88 (0xfff00693) li      a3, -1
core   0: 3 0x80003d88 (0xfff00693) x13 0xffffffff
core   0: 0x80003d8c (0x00200593) li      a1, 2
core   0: 3 0x80003d8c (0x00200593) x11 0x00000002
core   0: 0x80003d90 (0x8f984793) xori    a5, a6, -1799
core   0: 3 0x80003d90 (0x8f984793) x15 0x7ffed196
core   0: 0x80003d94 (0x00a68693) addi    a3, a3, 10
core   0: 3 0x80003d94 (0x00a68693) x13 0x00000009
core   0: 0x80003d98 (0xfeb6ece3) bltu    a3, a1, pc - 8
core   0: 3 0x80003d98 (0xfeb6ece3)
core   0: 0x80003d9c (0xfe1552e3) bge     a0, ra, pc - 28
core   0: 3 0x80003d9c (0xfe1552e3)
core   0: 0x80003d80 (0x52e24d93) xori    s11, tp, 1326
core   0: 3 0x80003d80 (0x52e24d93) x27 0x8001265f
core   0: 0x80003d84 (0xff750513) addi    a0, a0, -9
core   0: 3 0x80003d84 (0xff750513) x10 0xffffffef
core   0: 0x80003d88 (0xfff00693) li      a3, -1
core   0: 3 0x80003d88 (0xfff00693) x13 0xffffffff
core   0: 0x80003d8c (0x00200593) li      a1, 2
core   0: 3 0x80003d8c (0x00200593) x11 0x00000002
core   0: 0x80003d90 (0x8f984793) xori    a5, a6, -1799
core   0: 3 0x80003d90 (0x8f984793) x15 0x7ffed196
core   0: 0x80003d94 (0x00a68693) addi    a3, a3, 10
core   0: 3 0x80003d94 (0x00a68693) x13 0x00000009
core   0: 0x80003d98 (0xfeb6ece3) bltu    a3, a1, pc - 8
core   0: 3 0x80003d98 (0xfeb6ece3)
core   0: 0x80003d9c (0xfe1552e3) bge     a0, ra, pc - 28
core   0: 3 0x80003d9c (0xfe1552e3)
core   0: 0x80003d80 (0x52e24d93) xori    s11, tp, 1326
core   0: 3 0x80003d80 (0x52e24d93) x27 0x8001265f
core   0: 0x80003d84 (0xff750513) addi    a0, a0, -9
core   0: 3 0x80003d84 (0xff750513) x10 0xffffffe6
core   0: 0x80003d88 (0xfff00693) li      a3, -1
core   0: 3 0x80003d88 (0xfff00693) x13 0xffffffff
core   0: 0x80003d8c (0x00200593) li      a1, 2
core   0: 3 0x80003d8c (0x00200593) x11 0x00000002
core   0: 0x80003d90 (0x8f984793) xori    a5, a6, -1799
core   0: 3 0x80003d90 (0x8f984793) x15 0x7ffed196
core   0: 0x80003d94 (0x00a68693) addi    a3, a3, 10
core   0: 3 0x80003d94 (0x00a68693) x13 0x00000009
core   0: 0x80003d98 (0xfeb6ece3) bltu    a3, a1, pc - 8
core   0: 3 0x80003d98 (0xfeb6ece3)
core   0: 0x80003d9c (0xfe1552e3) bge     a0, ra, pc - 28
core   0: 3 0x80003d9c (0xfe1552e3)
core   0: 0x80003da0 (0xea5bc113) xori    sp, s7, -347
core   0: 3 0x80003da0 (0xea5bc113) x 2 0x7ffd80c1
core   0: 0x80003da4 (0x0001e297) auipc   t0, 0x1e
core   0: 3 0x80003da4 (0x0001e297) x 5 0x80021da4
core   0: 0x80003da8 (0xfcd28293) addi    t0, t0, -51
core   0: 3 0x80003da8 (0xfcd28293) x 5 0x80021d71
core   0: 0x80003dac (0x6b69ce93) xori    t4, s3, 1718
core   0: 3 0x80003dac (0x6b69ce93) x29 0x000006b6
core   0: 0x80003db0 (0x02828723) sb      s0, 46(t0)
core   0: 3 0x80003db0 (0x02828723) mem 0x80021d9f 0x0
core   0: 0x80003db4 (0x401400b3) sub     ra, s0, ra
core   0: 3 0x80003db4 (0x401400b3) x 1 0x00000014
core   0: 0x80003db8 (0x600e0e13) addi    t3, t3, 1536
core   0: 3 0x80003db8 (0x600e0e13) x28 0x7ffde44c
core   0: 0x80003dbc (0x00329083) lh      ra, 3(t0)
core   0: 3 0x80003dbc (0x00329083) x 1 0x00000000 mem 0x80021d74
core   0: 0x80003dc0 (0x5a0a2413) slti    s0, s4, 1440
core   0: 3 0x80003dc0 (0x5a0a2413) x 8 0x00000001
core   0: 0x80003dc4 (0xfd328523) sb      s3, -54(t0)
core   0: 3 0x80003dc4 (0xfd328523) mem 0x80021d3b 0x0
core   0: 0x80003dc8 (0x0140f9b3) and     s3, ra, s4
core   0: 3 0x80003dc8 (0x0140f9b3) x19 0x00000000
core   0: 0x80003dcc (0x42e9c993) xori    s3, s3, 1070
core   0: 3 0x80003dcc (0x42e9c993) x19 0x0000042e
core   0: 0x80003dd0 (0x01c9aa33) slt     s4, s3, t3
core   0: 3 0x80003dd0 (0x01c9aa33) x20 0x00000001
core   0: 0x80003dd4 (0x03a2c403) lbu     s0, 58(t0)
core   0: 3 0x80003dd4 (0x03a2c403) x 8 0x00000000 mem 0x80021dab
core   0: 0x80003dd8 (0x0970c093) xori    ra, ra, 151
core   0: 3 0x80003dd8 (0x0970c093) x 1 0x00000097
core   0: 0x80003ddc (0x01028e83) lb      t4, 16(t0)
core   0: 3 0x80003ddc (0x01028e83) x29 0x00000000 mem 0x80021d81
core   0: 0x80003de0 (0xeaf80097) auipc   ra, 0xeaf80
core   0: 3 0x80003de0 (0xeaf80097) x 1 0x6af83de0
core   0: 0x80003de4 (0xff928083) lb      ra, -7(t0)
core   0: 3 0x80003de4 (0xff928083) x 1 0x00000000 mem 0x80021d6a
core   0: 0x80003de8 (0xfc128ea3) sb      ra, -35(t0)
core   0: 3 0x80003de8 (0xfc128ea3) mem 0x80021d4e 0x0
core   0: 0x80003dec (0x0ff0000f) fence   iorw,iorw
core   0: 3 0x80003dec (0x0ff0000f)
core   0: 0x80003df0 (0x00000013) nop
core   0: 3 0x80003df0 (0x00000013)
core   0: 0x80003df4 (0x00c9d093) srli    ra, s3, 12
core   0: 3 0x80003df4 (0x00c9d093) x 1 0x00000000
core   0: 0x80003df8 (0x01345093) srli    ra, s0, 19
core   0: 3 0x80003df8 (0x01345093) x 1 0x00000000
core   0: 0x80003dfc (0xfe929403) lh      s0, -23(t0)
core   0: 3 0x80003dfc (0xfe929403) x 8 0x00000000 mem 0x80021d5a
core   0: 0x80003e00 (0x0080beb3) sltu    t4, ra, s0
core   0: 3 0x80003e00 (0x0080beb3) x29 0x00000000
core   0: 0x80003e04 (0x00e2c403) lbu     s0, 14(t0)
core   0: 3 0x80003e04 (0x00e2c403) x 8 0x00000000 mem 0x80021d7f
core   0: 0x80003e08 (0x4139deb3) sra     t4, s3, s3
core   0: 3 0x80003e08 (0x4139deb3) x29 0x00000000
core   0: 0x80003e0c (0x008a19b3) sll     s3, s4, s0
core   0: 3 0x80003e0c (0x008a19b3) x19 0x00000001
core   0: 0x80003e10 (0x01c9c9b3) xor     s3, s3, t3
core   0: 3 0x80003e10 (0x01c9c9b3) x19 0x7ffde44d
core   0: 0x80003e14 (0x414ed433) sra     s0, t4, s4
core   0: 3 0x80003e14 (0x414ed433) x 8 0x00000000
core   0: 0x80003e18 (0x41498a33) sub     s4, s3, s4
core   0: 3 0x80003e18 (0x41498a33) x20 0x7ffde44c
core   0: 0x80003e1c (0x00b2ae03) lw      t3, 11(t0)
core   0: 3 0x80003e1c (0x00b2ae03) x28 0x00000000 mem 0x80021d7c
core   0: 0x80003e20 (0xff129a03) lh      s4, -15(t0)
core   0: 3 0x80003e20 (0xff129a03) x20 0x00000000 mem 0x80021d62
core   0: 0x80003e24 (0x0272c403) lbu     s0, 39(t0)
core   0: 3 0x80003e24 (0x0272c403) x 8 0x00000000 mem 0x80021d98
core   0: 0x80003e28 (0x0019feb3) and     t4, s3, ra
core   0: 3 0x80003e28 (0x0019feb3) x29 0x00000000
core   0: 0x80003e2c (0x0242c983) lbu     s3, 36(t0)
core   0: 3 0x80003e2c (0x0242c983) x19 0x00000000 mem 0x80021d95
core   0: 0x80003e30 (0xfdd2a3a3) sw      t4, -57(t0)
core   0: 3 0x80003e30 (0xfdd2a3a3) mem 0x80021d38 0x00000000
core   0: 0x80003e34 (0xff428d23) sb      s4, -6(t0)
core   0: 3 0x80003e34 (0xff428d23) mem 0x80021d6b 0x0
core   0: 0x80003e38 (0xe7708993) addi    s3, ra, -393
core   0: 3 0x80003e38 (0xe7708993) x19 0xfffffe77
core   0: 0x80003e3c (0x01529983) lh      s3, 21(t0)
core   0: 3 0x80003e3c (0x01529983) x19 0x00000000 mem 0x80021d86
core   0: 0x80003e40 (0x0000f297) auipc   t0, 0xf
core   0: 3 0x80003e40 (0x0000f297) x 5 0x80012e40
core   0: 0x80003e44 (0xd5f28293) addi    t0, t0, -673
core   0: 3 0x80003e44 (0xd5f28293) x 5 0x80012b9f
core   0: 0x80003e48 (0x98bf3d93) sltiu   s11, t5, -1653
core   0: 3 0x80003e48 (0x98bf3d93) x27 0x00000001
core   0: 0x80003e4c (0x2f82c403) lbu     s0, 760(t0)
core   0: 3 0x80003e4c (0x2f82c403) x 8 0x00000000 mem 0x80012e97
core   0: 0x80003e50 (0x00741413) slli    s0, s0, 7
core   0: 3 0x80003e50 (0x00741413) x 8 0x00000000
core   0: 0x80003e54 (0x8c82a4a3) sw      s0, -1847(t0)
core   0: 3 0x80003e54 (0x8c82a4a3) mem 0x80012468 0x00000000
core   0: 0x80003e58 (0xea758413) addi    s0, a1, -345
core   0: 3 0x80003e58 (0xea758413) x 8 0xfffffea9
core   0: 0x80003e5c (0x7bdf1e17) auipc   t3, 0x7bdf1
core   0: 3 0x80003e5c (0x7bdf1e17) x28 0xfbdf4e5c
core   0: 0x80003e60 (0x2f828583) lb      a1, 760(t0)
core   0: 3 0x80003e60 (0x2f828583) x11 0x00000000 mem 0x80012e97
core   0: 0x80003e64 (0x0ff0000f) fence   iorw,iorw
core   0: 3 0x80003e64 (0x0ff0000f)
core   0: 0x80003e68 (0xc882a8a3) sw      s0, -879(t0)
core   0: 3 0x80003e68 (0xc882a8a3) mem 0x80012830 0xfffffea9
core   0: 0x80003e6c (0xfa928f03) lb      t5, -87(t0)
core   0: 3 0x80003e6c (0xfa928f03) x30 0x00000000 mem 0x80012b48
core   0: 0x80003e70 (0x0be28e03) lb      t3, 190(t0)
core   0: 3 0x80003e70 (0x0be28e03) x28 0x00000000 mem 0x80012c5d
core   0: 0x80003e74 (0x84a2c403) lbu     s0, -1974(t0)
core   0: 3 0x80003e74 (0x84a2c403) x 8 0x00000000 mem 0x800123e9
core   0: 0x80003e78 (0x88728403) lb      s0, -1913(t0)
core   0: 3 0x80003e78 (0x88728403) x 8 0x00000000 mem 0x80012426
core   0: 0x80003e7c (0x41b58eb3) sub     t4, a1, s11
core   0: 3 0x80003e7c (0x41b58eb3) x29 0xffffffff
core   0: 0x80003e80 (0x0ff0000f) fence   iorw,iorw
core   0: 3 0x80003e80 (0x0ff0000f)
core   0: 0x80003e84 (0xbe428403) lb      s0, -1052(t0)
core   0: 3 0x80003e84 (0xbe428403) x 8 0x00000000 mem 0x80012783
core   0: 0x80003e88 (0xb5c295a3) sh      t3, -1205(t0)
core   0: 3 0x80003e88 (0xb5c295a3) mem 0x800126ea 0x0000
core   0: 0x80003e8c (0x26828523) sb      s0, 618(t0)
core   0: 3 0x80003e8c (0x26828523) mem 0x80012e09 0x0
core   0: 0x80003e90 (0x0ff0000f) fence   iorw,iorw
core   0: 3 0x80003e90 (0x0ff0000f)
core   0: 0x80003e94 (0x0000100f) fence.i
core   0: 3 0x80003e94 (0x0000100f)
core   0: 0x80003e98 (0xbcf29f03) lh      t5, -1073(t0)
core   0: 3 0x80003e98 (0xbcf29f03) x30 0x00000000 mem 0x8001276e
core   0: 0x80003e9c (0xe7c28da3) sb      t3, -389(t0)
core   0: 3 0x80003e9c (0xe7c28da3) mem 0x80012a1a 0x0
core   0: 0x80003ea0 (0xbfb28123) sb      s11, -1054(t0)
core   0: 3 0x80003ea0 (0xbfb28123) mem 0x80012781 0x1
core   0: 0x80003ea4 (0x9aa2c583) lbu     a1, -1622(t0)
core   0: 3 0x80003ea4 (0x9aa2c583) x11 0x00000000 mem 0x80012549
core   0: 0x80003ea8 (0x0000100f) fence.i
core   0: 3 0x80003ea8 (0x0000100f)
core   0: 0x80003eac (0x5d0d8593) addi    a1, s11, 1488
core   0: 3 0x80003eac (0x5d0d8593) x11 0x000005d1
core   0: 0x80003eb0 (0xbc246f13) ori     t5, s0, -1086
core   0: 3 0x80003eb0 (0xbc246f13) x30 0xfffffbc2
core   0: 0x80003eb4 (0x268291a3) sh      s0, 611(t0)
core   0: 3 0x80003eb4 (0x268291a3) mem 0x80012e02 0x0000
core   0: 0x80003eb8 (0xdbb28523) sb      s11, -598(t0)
core   0: 3 0x80003eb8 (0xdbb28523) mem 0x80012949 0x1
core   0: 0x80003ebc (0xe6328403) lb      s0, -413(t0)
core   0: 3 0x80003ebc (0xe6328403) x 8 0x00000000 mem 0x80012a02
core   0: 0x80003ec0 (0xe242cf03) lbu     t5, -476(t0)
core   0: 3 0x80003ec0 (0xe242cf03) x30 0x00000000 mem 0x800129c3
core   0: 0x80003ec4 (0x14728403) lb      s0, 327(t0)
core   0: 3 0x80003ec4 (0x14728403) x 8 0x00000000 mem 0x80012ce6
core   0: 0x80003ec8 (0xfcf28e03) lb      t3, -49(t0)
core   0: 3 0x80003ec8 (0xfcf28e03) x28 0x00000000 mem 0x80012b6e
core   0: 0x80003ecc (0x7eee4e93) xori    t4, t3, 2030
core   0: 3 0x80003ecc (0x7eee4e93) x29 0x000007ee
core   0: 0x80003ed0 (0x01be6eb3) or      t4, t3, s11
core   0: 3 0x80003ed0 (0x01be6eb3) x29 0x00000001
core   0: 0x80003ed4 (0x2dc2c403) lbu     s0, 732(t0)
core   0: 3 0x80003ed4 (0x2dc2c403) x 8 0x00000000 mem 0x80012e7b
core   0: 0x80003ed8 (0xa8828c23) sb      s0, -1384(t0)
core   0: 3 0x80003ed8 (0xa8828c23) mem 0x80012637 0x0
core   0: 0x80003edc (0xcfd2d403) lhu     s0, -771(t0)
core   0: 3 0x80003edc (0xcfd2d403) x 8 0x00000000 mem 0x8001289c
core   0: 0x80003ee0 (0x0000f117) auipc   sp, 0xf
core   0: 3 0x80003ee0 (0x0000f117) x 2 0x80012ee0
core   0: 0x80003ee4 (0xcfe10113) addi    sp, sp, -770
core   0: 3 0x80003ee4 (0xcfe10113) x 2 0x80012bde
core   0: 0x80003ee8 (0x0000e697) auipc   a3, 0xe
core   0: 3 0x80003ee8 (0x0000e697) x13 0x80011ee8
core   0: 0x80003eec (0x2d568693) addi    a3, a3, 725
core   0: 3 0x80003eec (0x2d568693) x13 0x800121bd
core   0: 0x80003ef0 (0xfc668583) lb      a1, -58(a3)
core   0: 3 0x80003ef0 (0xfc668583) x11 0x00000000 mem 0x80012183
core   0: 0x80003ef4 (0x0000f097) auipc   ra, 0xf
core   0: 3 0x80003ef4 (0x0000f097) x 1 0x80012ef4
core   0: 0x80003ef8 (0xc7108093) addi    ra, ra, -911
core   0: 3 0x80003ef8 (0xc7108093) x 1 0x80012b65
core   0: 0x80003efc (0x0000f197) auipc   gp, 0xf
core   0: 3 0x80003efc (0x0000f197) x 3 0x80012efc
core   0: 0x80003f00 (0xa1118193) addi    gp, gp, -1519
core   0: 3 0x80003f00 (0xa1118193) x 3 0x8001290d
core   0: 0x80003f04 (0x0010c403) lbu     s0, 1(ra)
core   0: 3 0x80003f04 (0x0010c403) x 8 0x00000000 mem 0x80012b66
core   0: 0x80003f08 (0x0000f917) auipc   s2, 0xf
core   0: 3 0x80003f08 (0x0000f917) x18 0x80012f08
core   0: 0x80003f0c (0x87c90913) addi    s2, s2, -1924
core   0: 3 0x80003f0c (0x87c90913) x18 0x80012784
core   0: 0x80003f10 (0xfe4098a3) sh      tp, -15(ra)
core   0: 3 0x80003f10 (0xfe4098a3) mem 0x80012b56 0x2371
core   0: 0x80003f14 (0xfc668c83) lb      s9, -58(a3)
core   0: 3 0x80003f14 (0xfc668c83) x25 0x00000000 mem 0x80012183
core   0: 0x80003f18 (0xdbd1c283) lbu     t0, -579(gp)
core   0: 3 0x80003f18 (0xdbd1c283) x 5 0x00000000 mem 0x800126ca
core   0: 0x80003f1c (0x01111223) sh      a7, 4(sp)
core   0: 3 0x80003f1c (0x01111223) mem 0x80012be2 0x0000
core   0: 0x80003f20 (0x984192a3) sh      tp, -1659(gp)
core   0: 3 0x80003f20 (0x984192a3) mem 0x80012292 0x2371
core   0: 0x80003f24 (0x00f14703) lbu     a4, 15(sp)
core   0: 3 0x80003f24 (0x00f14703) x14 0x00000000 mem 0x80012bed
core   0: 0x80003f28 (0xfff69983) lh      s3, -1(a3)
core   0: 3 0x80003f28 (0xfff69983) x19 0x00000000 mem 0x800121bc
core   0: 0x80003f2c (0x3ad199a3) sh      a3, 947(gp)
core   0: 3 0x80003f2c (0x3ad199a3) mem 0x80012cc0 0x21bd
core   0: 0x80003f30 (0x01011223) sh      a6, 4(sp)
core   0: 3 0x80003f30 (0x01011223) mem 0x80012be2 0x296f
core   0: 0x80003f34 (0xfeb696a3) sh      a1, -19(a3)
core   0: 3 0x80003f34 (0xfeb696a3) mem 0x800121aa 0x0000
core   0: 0x80003f38 (0xfe092383) lw      t2, -32(s2)
core   0: 3 0x80003f38 (0xfe092383) x 7 0x00000000 mem 0x80012764
core   0: 0x80003f3c (0xb3618d03) lb      s10, -1226(gp)
core   0: 3 0x80003f3c (0xb3618d03) x26 0x00000000 mem 0x80012443
core   0: 0x80003f40 (0x07390e03) lb      t3, 115(s2)
core   0: 3 0x80003f40 (0x07390e03) x28 0x00000000 mem 0x800127f7
core   0: 0x80003f44 (0xff508c23) sb      s5, -8(ra)
core   0: 3 0x80003f44 (0xff508c23) mem 0x80012b5d 0xbb
core   0: 0x80003f48 (0xf4b94f83) lbu     t6, -181(s2)
core   0: 3 0x80003f48 (0xf4b94f83) x31 0x00000000 mem 0x800126cf
core   0: 0x80003f4c (0xfee08a23) sb      a4, -12(ra)
core   0: 3 0x80003f4c (0xfee08a23) mem 0x80012b59 0x0
core   0: 0x80003f50 (0xfd868d03) lb      s10, -40(a3)
core   0: 3 0x80003f50 (0xfd868d03) x26 0x00000000 mem 0x80012195
core   0: 0x80003f54 (0xf0a95a03) lhu     s4, -246(s2)
core   0: 3 0x80003f54 (0xf0a95a03) x20 0x00000000 mem 0x8001268e
core   0: 0x80003f58 (0xff710ea3) sb      s7, -3(sp)
core   0: 3 0x80003f58 (0xff710ea3) mem 0x80012bdb 0x64
core   0: 0x80003f5c (0x02169f03) lh      t5, 33(a3)
core   0: 3 0x80003f5c (0x02169f03) x30 0x00000000 mem 0x800121de
core   0: 0x80003f60 (0x00f0cc03) lbu     s8, 15(ra)
core   0: 3 0x80003f60 (0x00f0cc03) x24 0x00000000 mem 0x80012b74
core   0: 0x80003f64 (0x03a68e83) lb      t4, 58(a3)
core   0: 3 0x80003f64 (0x03a68e83) x29 0x00000000 mem 0x800121f7
core   0: 0x80003f68 (0xc1b1a783) lw      a5, -997(gp)
core   0: 3 0x80003f68 (0xc1b1a783) x15 0x00000000 mem 0x80012528
core   0: 0x80003f6c (0x00608003) lb      zero, 6(ra)
core   0: 3 0x80003f6c (0x00608003) mem 0x80012b6b
core   0: 0x80003f70 (0xff910283) lb      t0, -7(sp)
core   0: 3 0x80003f70 (0xff910283) x 5 0x00000000 mem 0x80012bd7
core   0: 0x80003f74 (0xfff69ca3) sh      t6, -7(a3)
core   0: 3 0x80003f74 (0xfff69ca3) mem 0x800121b6 0x0000
core   0: 0x80003f78 (0xffe109a3) sb      t5, -13(sp)
core   0: 3 0x80003f78 (0xffe109a3) mem 0x80012bd1 0x0
core   0: 0x80003f7c (0x00811c03) lh      s8, 8(sp)
core   0: 3 0x80003f7c (0x00811c03) x24 0x00000000 mem 0x80012be6
core   0: 0x80003f80 (0x08018003) lb      zero, 128(gp)
core   0: 3 0x80003f80 (0x08018003) mem 0x8001298d
core   0: 0x80003f84 (0x00068983) lb      s3, 0(a3)
core   0: 3 0x80003f84 (0x00068983) x19 0x00000000 mem 0x800121bd
core   0: 0x80003f88 (0x03a94383) lbu     t2, 58(s2)
core   0: 3 0x80003f88 (0x03a94383) x 7 0x00000000 mem 0x800127be
core   0: 0x80003f8c (0xff310983) lb      s3, -13(sp)
core   0: 3 0x80003f8c (0xff310983) x19 0x00000000 mem 0x80012bd1
core   0: 0x80003f90 (0x016080a3) sb      s6, 1(ra)
core   0: 3 0x80003f90 (0x016080a3) mem 0x80012b66 0x0
core   0: 0x80003f94 (0xffb08583) lb      a1, -5(ra)
core   0: 3 0x80003f94 (0xffb08583) x11 0x00000000 mem 0x80012b60
core   0: 0x80003f98 (0x12618a03) lb      s4, 294(gp)
core   0: 3 0x80003f98 (0x12618a03) x20 0x00000000 mem 0x80012a33
core   0: 0x80003f9c (0xdf618983) lb      s3, -522(gp)
core   0: 3 0x80003f9c (0xdf618983) x19 0x00000000 mem 0x80012703
core   0: 0x80003fa0 (0xaeeb6d93) ori     s11, s6, -1298
core   0: 3 0x80003fa0 (0xaeeb6d93) x27 0xfffffaee
core   0: 0x80003fa4 (0x419b59b3) sra     s3, s6, s9
core   0: 3 0x80003fa4 (0x419b59b3) x19 0x00000000
core   0: 0x80003fa8 (0x0025b133) sltu    sp, a1, sp
core   0: 3 0x80003fa8 (0x0025b133) x 2 0x00000001
core   0: 0x80003fac (0x005e1d93) slli    s11, t3, 5
core   0: 3 0x80003fac (0x005e1d93) x27 0x00000000
core   0: 0x80003fb0 (0x01e5ed33) or      s10, a1, t5
core   0: 3 0x80003fb0 (0x01e5ed33) x26 0x00000000
core   0: 0x80003fb4 (0x00032433) slt     s0, t1, zero
core   0: 3 0x80003fb4 (0x00032433) x 8 0x00000001
core   0: 0x80003fb8 (0x0122e263) bltu    t0, s2, pc + 4
core   0: 3 0x80003fb8 (0x0122e263)
core   0: 0x80003fbc (0x01104133) xor     sp, zero, a7
core   0: 3 0x80003fbc (0x01104133) x 2 0x00000000
core   0: 0x80003fc0 (0x0000100f) fence.i
core   0: 3 0x80003fc0 (0x0000100f)
core   0: 0x80003fc4 (0x01dc9c93) slli    s9, s9, 29
core   0: 3 0x80003fc4 (0x01dc9c93) x25 0x00000000
core   0: 0x80003fc8 (0x01d33b33) sltu    s6, t1, t4
core   0: 3 0x80003fc8 (0x01d33b33) x22 0x00000000
core   0: 0x80003fcc (0x01021d33) sll     s10, tp, a6
core   0: 3 0x80003fcc (0x01021d33) x26 0x91b88000
core   0: 0x80003fd0 (0x40adc093) xori    ra, s11, 1034
core   0: 3 0x80003fd0 (0x40adc093) x 1 0x0000040a
core   0: 0x80003fd4 (0x4a50bf17) auipc   t5, 0x4a50b
core   0: 3 0x80003fd4 (0x4a50bf17) x30 0xca50efd4
core   0: 0x80003fd8 (0x037dfa63) bgeu    s11, s7, pc + 52
core   0: 3 0x80003fd8 (0x037dfa63)
core   0: 0x80003fdc (0x0148c433) xor     s0, a7, s4
core   0: 3 0x80003fdc (0x0148c433) x 8 0x00000000
core   0: 0x80003fe0 (0x03247863) bgeu    s0, s2, pc + 48
core   0: 3 0x80003fe0 (0x03247863)
core   0: 0x80003fe4 (0x01909f33) sll     t5, ra, s9
core   0: 3 0x80003fe4 (0x01909f33) x30 0x0000040a
core   0: 0x80003fe8 (0x000f0d33) add     s10, t5, zero
core   0: 3 0x80003fe8 (0x000f0d33) x26 0x0000040a
core   0: 0x80003fec (0x003bb633) sltu    a2, s7, gp
core   0: 3 0x80003fec (0x003bb633) x12 0x00000000
core   0: 0x80003ff0 (0x0000100f) fence.i
core   0: 3 0x80003ff0 (0x0000100f)
core   0: 0x80003ff4 (0x41fa8433) sub     s0, s5, t6
core   0: 3 0x80003ff4 (0x41fa8433) x 8 0xfdb012bb
core   0: 0x80003ff8 (0x40f00533) sub     a0, zero, a5
core   0: 3 0x80003ff8 (0x40f00533) x10 0x00000000
core   0: 0x80003ffc (0x00289cb3) sll     s9, a7, sp
core   0: 3 0x80003ffc (0x00289cb3) x25 0x00000000
core   0: 0x80004000 (0x00ffd613) srli    a2, t6, 15
core   0: 3 0x80004000 (0x00ffd613) x12 0x00000000
core   0: 0x80004004 (0x413a8033) sub     zero, s5, s3
core   0: 3 0x80004004 (0x413a8033)
core   0: 0x80004008 (0x40fd0d33) sub     s10, s10, a5
core   0: 3 0x80004008 (0x40fd0d33) x26 0x0000040a
core   0: 0x8000400c (0x00c679b3) and     s3, a2, a2
core   0: 3 0x8000400c (0x00c679b3) x19 0x00000000
core   0: 0x80004010 (0x3f00a993) slti    s3, ra, 1008
core   0: 3 0x80004010 (0x3f00a993) x19 0x00000000
core   0: 0x80004014 (0x41f45933) sra     s2, s0, t6
core   0: 3 0x80004014 (0x41f45933) x18 0xfdb012bb
core   0: 0x80004018 (0x0161dc93) srli    s9, gp, 22
core   0: 3 0x80004018 (0x0161dc93) x25 0x00000200
core   0: 0x8000401c (0x03e6ec63) bltu    a3, t5, pc + 56
core   0: 3 0x8000401c (0x03e6ec63)
core   0: 0x80004020 (0x28dc7fb7) lui     t6, 0x28dc7
core   0: 3 0x80004020 (0x28dc7fb7) x31 0x28dc7000
core   0: 0x80004024 (0x0194ce63) blt     s1, s9, pc + 28
core   0: 3 0x80004024 (0x0194ce63)
core   0: 0x80004040 (0x00e99693) slli    a3, s3, 14
core   0: 3 0x80004040 (0x00e99693) x13 0x00000000
core   0: 0x80004044 (0x00865b33) srl     s6, a2, s0
core   0: 3 0x80004044 (0x00865b33) x22 0x00000000
core   0: 0x80004048 (0x4054db13) srai    s6, s1, 5
core   0: 3 0x80004048 (0x4054db13) x22 0xfc0015e7
core   0: 0x8000404c (0x024ef463) bgeu    t4, tp, pc + 40
core   0: 3 0x8000404c (0x024ef463)
core   0: 0x80004050 (0xf91abe93) sltiu   t4, s5, -111
core   0: 3 0x80004050 (0xf91abe93) x29 0x00000001
core   0: 0x80004054 (0x005fe1b3) or      gp, t6, t0
core   0: 3 0x80004054 (0x005fe1b3) x 3 0x28dc7000
core   0: 0x80004058 (0xca4d8693) addi    a3, s11, -860
core   0: 3 0x80004058 (0xca4d8693) x13 0xfffffca4
core   0: 0x8000405c (0x05b47463) bgeu    s0, s11, pc + 72
core   0: 3 0x8000405c (0x05b47463)
core   0: 0x800040a4 (0x00a7ca33) xor     s4, a5, a0
core   0: 3 0x800040a4 (0x00a7ca33) x20 0x00000000
core   0: 0x800040a8 (0xe7793817) auipc   a6, 0xe7793
core   0: 3 0x800040a8 (0xe7793817) x16 0x677970a8
core   0: 0x800040ac (0x00bf1d93) slli    s11, t5, 11
core   0: 3 0x800040ac (0x00bf1d93) x27 0x00205000
core   0: 0x800040b0 (0x4159dd33) sra     s10, s3, s5
core   0: 3 0x800040b0 (0x4159dd33) x26 0x00000000
core   0: 0x800040b4 (0x006887b3) add     a5, a7, t1
core   0: 3 0x800040b4 (0x006887b3) x15 0xfffffeb0
core   0: 0x800040b8 (0x00000013) nop
core   0: 3 0x800040b8 (0x00000013)
core   0: 0x800040bc (0x0139c1b3) xor     gp, s3, s3
core   0: 3 0x800040bc (0x0139c1b3) x 3 0x00000000
core   0: 0x800040c0 (0x015dd3b3) srl     t2, s11, s5
core   0: 3 0x800040c0 (0x015dd3b3) x 7 0x00000000
core   0: 0x800040c4 (0x00493e33) sltu    t3, s2, tp
core   0: 3 0x800040c4 (0x00493e33) x28 0x00000000
core   0: 0x800040c8 (0x00d38a63) beq     t2, a3, pc + 20
core   0: 3 0x800040c8 (0x00d38a63)
core   0: 0x800040cc (0x4100bd17) auipc   s10, 0x4100b
core   0: 3 0x800040cc (0x4100bd17) x26 0xc100f0cc
core   0: 0x800040d0 (0x0000100f) fence.i
core   0: 3 0x800040d0 (0x0000100f)
core   0: 0x800040d4 (0x4034d213) srai    tp, s1, 3
core   0: 3 0x800040d4 (0x4034d213) x 4 0xf000579c
core   0: 0x800040d8 (0x0000100f) fence.i
core   0: 3 0x800040d8 (0x0000100f)
core   0: 0x800040dc (0x40d75293) srai    t0, a4, 13
core   0: 3 0x800040dc (0x40d75293) x 5 0x00000000
core   0: 0x800040e0 (0x9058f793) andi    a5, a7, -1787
core   0: 3 0x800040e0 (0x9058f793) x15 0x00000000
core   0: 0x800040e4 (0x00522a33) slt     s4, tp, t0
core   0: 3 0x800040e4 (0x00522a33) x20 0x00000001
core   0: 0x800040e8 (0x018a28b3) slt     a7, s4, s8
core   0: 3 0x800040e8 (0x018a28b3) x17 0x00000000
core   0: 0x800040ec (0x005371b3) and     gp, t1, t0
core   0: 3 0x800040ec (0x005371b3) x 3 0x00000000
core   0: 0x800040f0 (0x01dabcb3) sltu    s9, s5, t4
core   0: 3 0x800040f0 (0x01dabcb3) x25 0x00000000
core   0: 0x800040f4 (0x01d7f333) and     t1, a5, t4
core   0: 3 0x800040f4 (0x01d7f333) x 6 0x00000000
core   0: 0x800040f8 (0x6c6aa313) slti    t1, s5, 1734
core   0: 3 0x800040f8 (0x6c6aa313) x 6 0x00000001
core   0: 0x800040fc (0x01711663) bne     sp, s7, pc + 12
core   0: 3 0x800040fc (0x01711663)
core   0: 0x80004108 (0x00b33833) sltu    a6, t1, a1
core   0: 3 0x80004108 (0x00b33833) x16 0x00000000
core   0: 0x8000410c (0x001efeb3) and     t4, t4, ra
core   0: 3 0x8000410c (0x001efeb3) x29 0x00000000
core   0: 0x80004110 (0x00e5fcb3) and     s9, a1, a4
core   0: 3 0x80004110 (0x00e5fcb3) x25 0x00000000
core   0: 0x80004114 (0x00c62fb3) slt     t6, a2, a2
core   0: 3 0x80004114 (0x00c62fb3) x31 0x00000000
core   0: 0x80004118 (0x003aee33) or      t3, s5, gp
core   0: 3 0x80004118 (0x003aee33) x28 0xfdb012bb
core   0: 0x8000411c (0x0092b9b3) sltu    s3, t0, s1
core   0: 3 0x8000411c (0x0092b9b3) x19 0x00000001
core   0: 0x80004120 (0x02614063) blt     sp, t1, pc + 32
core   0: 3 0x80004120 (0x02614063)
core   0: 0x80004140 (0x0000100f) fence.i
core   0: 3 0x80004140 (0x0000100f)
core   0: 0x80004144 (0x00000013) nop
core   0: 3 0x80004144 (0x00000013)
core   0: 0x80004148 (0x2914f593) andi    a1, s1, 657
core   0: 3 0x80004148 (0x2914f593) x11 0x00000080
core   0: 0x8000414c (0x01046533) or      a0, s0, a6
core   0: 3 0x8000414c (0x01046533) x10 0xfdb012bb
core   0: 0x80004150 (0x02311463) bne     sp, gp, pc + 40
core   0: 3 0x80004150 (0x02311463)
core   0: 0x80004154 (0x0067d0b3) srl     ra, a5, t1
core   0: 3 0x80004154 (0x0067d0b3) x 1 0x00000000
core   0: 0x80004158 (0x014eea33) or      s4, t4, s4
core   0: 3 0x80004158 (0x014eea33) x20 0x00000001
core   0: 0x8000415c (0x0ff0000f) fence   iorw,iorw
core   0: 3 0x8000415c (0x0ff0000f)
core   0: 0x80004160 (0x02a8d263) bge     a7, a0, pc + 36
core   0: 3 0x80004160 (0x02a8d263)
core   0: 0x80004184 (0x00240c63) beq     s0, sp, pc + 24
core   0: 3 0x80004184 (0x00240c63)
core   0: 0x80004188 (0x00000013) nop
core   0: 3 0x80004188 (0x00000013)
core   0: 0x8000418c (0x03e38663) beq     t2, t5, pc + 44
core   0: 3 0x8000418c (0x03e38663)
core   0: 0x80004190 (0x54363db7) lui     s11, 0x54363
core   0: 3 0x80004190 (0x54363db7) x27 0x54363000
core   0: 0x80004194 (0x0000100f) fence.i
core   0: 3 0x80004194 (0x0000100f)
core   0: 0x80004198 (0x00340663) beq     s0, gp, pc + 12
core   0: 3 0x80004198 (0x00340663)
core   0: 0x8000419c (0x0107dc13) srli    s8, a5, 16
core   0: 3 0x8000419c (0x0107dc13) x24 0x00000000
core   0: 0x800041a0 (0x414306b3) sub     a3, t1, s4
core   0: 3 0x800041a0 (0x414306b3) x13 0x00000000
core   0: 0x800041a4 (0x02ab8c63) beq     s7, a0, pc + 56
core   0: 3 0x800041a4 (0x02ab8c63)
core   0: 0x800041a8 (0x02d81e63) bne     a6, a3, pc + 60
core   0: 3 0x800041a8 (0x02d81e63)
core   0: 0x800041ac (0x00e8a733) slt     a4, a7, a4
core   0: 3 0x800041ac (0x00e8a733) x14 0x00000000
core   0: 0x800041b0 (0x05a8d463) bge     a7, s10, pc + 72
core   0: 3 0x800041b0 (0x05a8d463)
core   0: 0x800041f8 (0x0198e733) or      a4, a7, s9
core   0: 3 0x800041f8 (0x0198e733) x14 0x00000000
core   0: 0x800041fc (0x00d25813) srli    a6, tp, 13
core   0: 3 0x800041fc (0x00d25813) x16 0x00078002
core   0: 0x80004200 (0x13cc2393) slti    t2, s8, 316
core   0: 3 0x80004200 (0x13cc2393) x 7 0x00000001
core   0: 0x80004204 (0x00731cb3) sll     s9, t1, t2
core   0: 3 0x80004204 (0x00731cb3) x25 0x00000002
core   0: 0x80004208 (0x04904463) blt     zero, s1, pc + 72
core   0: 3 0x80004208 (0x04904463)
core   0: 0x8000420c (0x021e0463) beq     t3, ra, pc + 40
core   0: 3 0x8000420c (0x021e0463)
core   0: 0x80004210 (0x408cd2b3) sra     t0, s9, s0
core   0: 3 0x80004210 (0x408cd2b3) x 5 0x00000000
core   0: 0x80004214 (0x01335e13) srli    t3, t1, 19
core   0: 3 0x80004214 (0x01335e13) x28 0x00000000
core   0: 0x80004218 (0x00c595b3) sll     a1, a1, a2
core   0: 3 0x80004218 (0x00c595b3) x11 0x00000080
core   0: 0x8000421c (0x00000013) nop
core   0: 3 0x8000421c (0x00000013)
core   0: 0x80004220 (0x05e3d463) bge     t2, t5, pc + 72
core   0: 3 0x80004220 (0x05e3d463)
core   0: 0x80004224 (0xcd0cafb7) lui     t6, 0xcd0ca
core   0: 3 0x80004224 (0xcd0cafb7) x31 0xcd0ca000
core   0: 0x80004228 (0x0ff0000f) fence   iorw,iorw
core   0: 3 0x80004228 (0x0ff0000f)
core   0: 0x8000422c (0x0fb8e913) ori     s2, a7, 251
core   0: 3 0x8000422c (0x0fb8e913) x18 0x000000fb
core   0: 0x80004230 (0x01758f33) add     t5, a1, s7
core   0: 3 0x80004230 (0x01758f33) x30 0x80027ee4
core   0: 0x80004234 (0x00049893) slli    a7, s1, 0
core   0: 3 0x80004234 (0x00049893) x17 0x8002bce4
core   0: 0x80004238 (0x00fffe63) bgeu    t6, a5, pc + 28
core   0: 3 0x80004238 (0x00fffe63)
core   0: 0x80004254 (0x79e36993) ori     s3, t1, 1950
core   0: 3 0x80004254 (0x79e36993) x19 0x0000079f
core   0: 0x80004258 (0x02815863) bge     sp, s0, pc + 48
core   0: 3 0x80004258 (0x02815863)
core   0: 0x80004288 (0xe81729b7) lui     s3, 0xe8172
core   0: 3 0x80004288 (0xe81729b7) x19 0xe8172000
core   0: 0x8000428c (0x41fa5b33) sra     s6, s4, t6
core   0: 3 0x8000428c (0x41fa5b33) x22 0x00000001
core   0: 0x80004290 (0x005ff433) and     s0, t6, t0
core   0: 3 0x80004290 (0x005ff433) x 8 0x00000000
core   0: 0x80004294 (0x007a8433) add     s0, s5, t2
core   0: 3 0x80004294 (0x007a8433) x 8 0xfdb012bc
core   0: 0x80004298 (0x01897b33) and     s6, s2, s8
core   0: 3 0x80004298 (0x01897b33) x22 0x00000000
core   0: 0x8000429c (0x0169f433) and     s0, s3, s6
core   0: 3 0x8000429c (0x0169f433) x 8 0x00000000
core   0: 0x800042a0 (0x7ca88713) addi    a4, a7, 1994
core   0: 3 0x800042a0 (0x7ca88713) x14 0x8002c4ae
core   0: 0x800042a4 (0x03cbc263) blt     s7, t3, pc + 36
core   0: 3 0x800042a4 (0x03cbc263)
core   0: 0x800042c8 (0x95705b17) auipc   s6, 0x95705
core   0: 3 0x800042c8 (0x95705b17) x22 0x157092c8
core   0: 0x800042cc (0x00000013) nop
core   0: 3 0x800042cc (0x00000013)
core   0: 0x800042d0 (0x02f28c63) beq     t0, a5, pc + 56
core   0: 3 0x800042d0 (0x02f28c63)
core   0: 0x80004308 (0x0186a8b3) slt     a7, a3, s8
core   0: 3 0x80004308 (0x0186a8b3) x17 0x00000000
core   0: 0x8000430c (0x0126ad33) slt     s10, a3, s2
core   0: 3 0x8000430c (0x0126ad33) x26 0x00000001
core   0: 0x80004310 (0x00000013) nop
core   0: 3 0x80004310 (0x00000013)
core   0: 0x80004314 (0x029f9663) bne     t6, s1, pc + 44
core   0: 3 0x80004314 (0x029f9663)
core   0: 0x80004340 (0x0002d663) bgez    t0, pc + 12
core   0: 3 0x80004340 (0x0002d663)
core   0: 0x8000434c (0x57a52693) slti    a3, a0, 1402
core   0: 3 0x8000434c (0x57a52693) x13 0x00000001
core   0: 0x80004350 (0x40d80eb3) sub     t4, a6, a3
core   0: 3 0x80004350 (0x40d80eb3) x29 0x00078001
core   0: 0x80004354 (0x0124e333) or      t1, s1, s2
core   0: 3 0x80004354 (0x0124e333) x 6 0x8002bcff
core   0: 0x80004358 (0x0ff0000f) fence   iorw,iorw
core   0: 3 0x80004358 (0x0ff0000f)
core   0: 0x8000435c (0x0ff0000f) fence   iorw,iorw
core   0: 3 0x8000435c (0x0ff0000f)
core   0: 0x80004360 (0x00b516b3) sll     a3, a0, a1
core   0: 3 0x80004360 (0x00b516b3) x13 0xfdb012bb
core   0: 0x80004364 (0x76a7c217) auipc   tp, 0x76a7c
core   0: 3 0x80004364 (0x76a7c217) x 4 0xf6a80364
core   0: 0x80004368 (0x01898433) add     s0, s3, s8
core   0: 3 0x80004368 (0x01898433) x 8 0xe8172000
core   0: 0x8000436c (0x0000100f) fence.i
core   0: 3 0x8000436c (0x0000100f)
core   0: 0x80004370 (0x0089da33) srl     s4, s3, s0
core   0: 3 0x80004370 (0x0089da33) x20 0xe8172000
core   0: 0x80004374 (0x00c178b3) and     a7, sp, a2
core   0: 3 0x80004374 (0x00c178b3) x17 0x00000000
core   0: 0x80004378 (0x40a30b33) sub     s6, t1, a0
core   0: 3 0x80004378 (0x40a30b33) x22 0x8252aa44
core   0: 0x8000437c (0x0ff0000f) fence   iorw,iorw
core   0: 3 0x8000437c (0x0ff0000f)
core   0: 0x80004380 (0x0329ec63) bltu    s3, s2, pc + 56
core   0: 3 0x80004380 (0x0329ec63)
core   0: 0x80004384 (0x01b59663) bne     a1, s11, pc + 12
core   0: 3 0x80004384 (0x01b59663)
core   0: 0x80004390 (0x00e2f5b3) and     a1, t0, a4
core   0: 3 0x80004390 (0x00e2f5b3) x11 0x00000000
core   0: 0x80004394 (0xa8ae6a17) auipc   s4, 0xa8ae6
core   0: 3 0x80004394 (0xa8ae6a17) x20 0x28aea394
core   0: 0x80004398 (0x0066f9b3) and     s3, a3, t1
core   0: 3 0x80004398 (0x0066f9b3) x19 0x800010bb
core   0: 0x8000439c (0x00b7a833) slt     a6, a5, a1
core   0: 3 0x8000439c (0x00b7a833) x16 0x00000000
core   0: 0x800043a0 (0xbde35397) auipc   t2, 0xbde35
core   0: 3 0x800043a0 (0xbde35397) x 7 0x3de393a0
core   0: 0x800043a4 (0x003c1b33) sll     s6, s8, gp
core   0: 3 0x800043a4 (0x003c1b33) x22 0x00000000
core   0: 0x800043a8 (0x006bd593) srli    a1, s7, 6
core   0: 3 0x800043a8 (0x006bd593) x11 0x020009f9
core   0: 0x800043ac (0x58c94193) xori    gp, s2, 1420
core   0: 3 0x800043ac (0x58c94193) x 3 0x00000577
core   0: 0x800043b0 (0x01588cb3) add     s9, a7, s5
core   0: 3 0x800043b0 (0x01588cb3) x25 0xfdb012bb
core   0: 0x800043b4 (0x03607663) bgeu    zero, s6, pc + 44
core   0: 3 0x800043b4 (0x03607663)
core   0: 0x800043e0 (0x0b5a7e93) andi    t4, s4, 181
core   0: 3 0x800043e0 (0x0b5a7e93) x29 0x00000094
core   0: 0x800043e4 (0xf8244313) xori    t1, s0, -126
core   0: 3 0x800043e4 (0xf8244313) x 6 0x17e8df82
core   0: 0x800043e8 (0x01a1d663) bge     gp, s10, pc + 12
core   0: 3 0x800043e8 (0x01a1d663)
core   0: 0x800043f4 (0x01c7d993) srli    s3, a5, 28
core   0: 3 0x800043f4 (0x01c7d993) x19 0x00000000
core   0: 0x800043f8 (0x00737a63) bgeu    t1, t2, pc + 20
core   0: 3 0x800043f8 (0x00737a63)
core   0: 0x800043fc (0x38d67d13) andi    s10, a2, 909
core   0: 3 0x800043fc (0x38d67d13) x26 0x00000000
core   0: 0x80004400 (0x03a10e63) beq     sp, s10, pc + 60
core   0: 3 0x80004400 (0x03a10e63)
core   0: 0x8000443c (0x909a0113) addi    sp, s4, -1783
core   0: 3 0x8000443c (0x909a0113) x 2 0x28ae9c9d
core   0: 0x80004440 (0x00fc8263) beq     s9, a5, pc + 4
core   0: 3 0x80004440 (0x00fc8263)
core   0: 0x80004444 (0x4095ddb3) sra     s11, a1, s1
core   0: 3 0x80004444 (0x4095ddb3) x27 0x0020009f
core   0: 0x80004448 (0x02e6d863) bge     a3, a4, pc + 48
core   0: 3 0x80004448 (0x02e6d863)
core   0: 0x80004478 (0x013170b3) and     ra, sp, s3
core   0: 3 0x80004478 (0x013170b3) x 1 0x00000000
core   0: 0x8000447c (0x7060cfb7) lui     t6, 0x7060c
core   0: 3 0x8000447c (0x7060cfb7) x31 0x7060c000
core   0: 0x80004480 (0x002502b3) add     t0, a0, sp
core   0: 3 0x80004480 (0x002502b3) x 5 0x265eaf58
core   0: 0x80004484 (0x0ff0000f) fence   iorw,iorw
core   0: 3 0x80004484 (0x0ff0000f)
core   0: 0x80004488 (0x01d40933) add     s2, s0, t4
core   0: 3 0x80004488 (0x01d40933) x18 0xe8172094
core   0: 0x8000448c (0x0383ec63) bltu    t2, s8, pc + 56
core   0: 3 0x8000448c (0x0383ec63)
core   0: 0x80004490 (0x00000013) nop
core   0: 3 0x80004490 (0x00000013)
core   0: 0x80004494 (0x03ee4463) blt     t3, t5, pc + 40
core   0: 3 0x80004494 (0x03ee4463)
core   0: 0x80004498 (0x00e9ddb3) srl     s11, s3, a4
core   0: 3 0x80004498 (0x00e9ddb3) x27 0x00000000
core   0: 0x8000449c (0xb670d7b7) lui     a5, 0xb670d
core   0: 3 0x8000449c (0xb670d7b7) x15 0xb670d000
core   0: 0x800044a0 (0x00000013) nop
core   0: 3 0x800044a0 (0x00000013)
core   0: 0x800044a4 (0x02a58263) beq     a1, a0, pc + 36
core   0: 3 0x800044a4 (0x02a58263)
core   0: 0x800044a8 (0x01e6d013) srli    zero, a3, 30
core   0: 3 0x800044a8 (0x01e6d013)
core   0: 0x800044ac (0x9176b393) sltiu   t2, a3, -1769
core   0: 3 0x800044ac (0x9176b393) x 7 0x00000001
core   0: 0x800044b0 (0xea39d0b7) lui     ra, 0xea39d
core   0: 3 0x800044b0 (0xea39d0b7) x 1 0xea39d000
core   0: 0x800044b4 (0xcd2af613) andi    a2, s5, -814
core   0: 3 0x800044b4 (0xcd2af613) x12 0xfdb01092
core   0: 0x800044b8 (0x00ab93b3) sll     t2, s7, a0
core   0: 3 0x800044b8 (0x00ab93b3) x 7 0x20000000
core   0: 0x800044bc (0x00c040b3) xor     ra, zero, a2
core   0: 3 0x800044bc (0x00c040b3) x 1 0xfdb01092
core   0: 0x800044c0 (0x051dee63) bltu    s11, a7, pc + 92
core   0: 3 0x800044c0 (0x051dee63)
core   0: 0x800044c4 (0x005ebb33) sltu    s6, t4, t0
core   0: 3 0x800044c4 (0x005ebb33) x22 0x00000001
core   0: 0x800044c8 (0x04ce6c63) bltu    t3, a2, pc + 88
core   0: 3 0x800044c8 (0x04ce6c63)
core   0: 0x80004520 (0xc1227b13) andi    s6, tp, -1006
core   0: 3 0x80004520 (0xc1227b13) x22 0xf6a80000
core   0: 0x80004524 (0x00000013) nop
core   0: 3 0x80004524 (0x00000013)
core   0: 0x80004528 (0x016fde93) srli    t4, t6, 22
core   0: 3 0x80004528 (0x016fde93) x29 0x000001c1
core   0: 0x8000452c (0xbc6d3093) sltiu   ra, s10, -1082
core   0: 3 0x8000452c (0xbc6d3093) x 1 0x00000001
core   0: 0x80004530 (0x41ad5013) srai    zero, s10, 26
core   0: 3 0x80004530 (0x41ad5013)
core   0: 0x80004534 (0xe50dc813) xori    a6, s11, -432
core   0: 3 0x80004534 (0xe50dc813) x16 0xfffffe50
core   0: 0x80004538 (0xb4eda913) slti    s2, s11, -1202
core   0: 3 0x80004538 (0xb4eda913) x18 0x00000000
core   0: 0x8000453c (0x015bf663) bgeu    s7, s5, pc + 12
core   0: 3 0x8000453c (0x015bf663)
core   0: 0x80004540 (0x7b1fee93) ori     t4, t6, 1969
core   0: 3 0x80004540 (0x7b1fee93) x29 0x7060c7b1
core   0: 0x80004544 (0x0000100f) fence.i
core   0: 3 0x80004544 (0x0000100f)
core   0: 0x80004548 (0x05636063) bltu    t1, s6, pc + 64
core   0: 3 0x80004548 (0x05636063)
core   0: 0x80004588 (0x00000013) nop
core   0: 3 0x80004588 (0x00000013)
core   0: 0x8000458c (0x00382c33) slt     s8, a6, gp
core   0: 3 0x8000458c (0x00382c33) x24 0x00000001
core   0: 0x80004590 (0x366ca013) slti    zero, s9, 870
core   0: 3 0x80004590 (0x366ca013)
core   0: 0x80004594 (0x003999b3) sll     s3, s3, gp
core   0: 3 0x80004594 (0x003999b3) x19 0x00000000
core   0: 0x80004598 (0x033a7c63) bgeu    s4, s3, pc + 56
core   0: 3 0x80004598 (0x033a7c63)
core   0: 0x800045d0 (0x013e9893) slli    a7, t4, 19
core   0: 3 0x800045d0 (0x013e9893) x17 0x3d880000
core   0: 0x800045d4 (0x01518663) beq     gp, s5, pc + 12
core   0: 3 0x800045d4 (0x01518663)
core   0: 0x800045d8 (0x40ecdfb3) sra     t6, s9, a4
core   0: 3 0x800045d8 (0x40ecdfb3) x31 0xfffff6c0
core   0: 0x800045dc (0xab27e013) ori     zero, a5, -1358
core   0: 3 0x800045dc (0xab27e013)
core   0: 0x800045e0 (0x0ff0000f) fence   iorw,iorw
core   0: 3 0x800045e0 (0x0ff0000f)
core   0: 0x800045e4 (0x7c032113) slti    sp, t1, 1984
core   0: 3 0x800045e4 (0x7c032113) x 2 0x00000000
core   0: 0x800045e8 (0x04ab5463) bge     s6, a0, pc + 72
core   0: 3 0x800045e8 (0x04ab5463)
core   0: 0x800045ec (0x0ff0000f) fence   iorw,iorw
core   0: 3 0x800045ec (0x0ff0000f)
core   0: 0x800045f0 (0x0ff0000f) fence   iorw,iorw
core   0: 3 0x800045f0 (0x0ff0000f)
core   0: 0x800045f4 (0x0125fe33) and     t3, a1, s2
core   0: 3 0x800045f4 (0x0125fe33) x28 0x00000000
core   0: 0x800045f8 (0xcdc9cb13) xori    s6, s3, -804
core   0: 3 0x800045f8 (0xcdc9cb13) x22 0xfffffcdc
core   0: 0x800045fc (0x01eb5593) srli    a1, s6, 30
core   0: 3 0x800045fc (0x01eb5593) x11 0x00000003
core   0: 0x80004600 (0x00389133) sll     sp, a7, gp
core   0: 3 0x80004600 (0x00389133) x 2 0x00000000
core   0: 0x80004604 (0x4bda7097) auipc   ra, 0x4bda7
core   0: 3 0x80004604 (0x4bda7097) x 1 0xcbdab604
core   0: 0x80004608 (0x03969063) bne     a3, s9, pc + 32
core   0: 3 0x80004608 (0x03969063)
core   0: 0x8000460c (0xd638f397) auipc   t2, 0xd638f
core   0: 3 0x8000460c (0xd638f397) x 7 0x5639360c
core   0: 0x80004610 (0xd0953393) sltiu   t2, a0, -759
core   0: 3 0x80004610 (0xd0953393) x 7 0x00000001
core   0: 0x80004614 (0x0055d933) srl     s2, a1, t0
core   0: 3 0x80004614 (0x0055d933) x18 0x00000000
core   0: 0x80004618 (0x18de8413) addi    s0, t4, 397
core   0: 3 0x80004618 (0x18de8413) x 8 0x7060c93e
core   0: 0x8000461c (0x3d192193) slti    gp, s2, 977
core   0: 3 0x8000461c (0x3d192193) x 3 0x00000001
core   0: 0x80004620 (0x40bdd513) srai    a0, s11, 11
core   0: 3 0x80004620 (0x40bdd513) x10 0x00000000
core   0: 0x80004624 (0x01118433) add     s0, gp, a7
core   0: 3 0x80004624 (0x01118433) x 8 0x3d880001
core   0: 0x80004628 (0x010d13b3) sll     t2, s10, a6
core   0: 3 0x80004628 (0x010d13b3) x 7 0x00000000
core   0: 0x8000462c (0x0172cfb3) xor     t6, t0, s7
core   0: 3 0x8000462c (0x0172cfb3) x31 0xa65cd13c
core   0: 0x80004630 (0x02877463) bgeu    a4, s0, pc + 40
core   0: 3 0x80004630 (0x02877463)
core   0: 0x80004658 (0x01b963b3) or      t2, s2, s11
core   0: 3 0x80004658 (0x01b963b3) x 7 0x00000000
core   0: 0x8000465c (0xfd4e4d97) auipc   s11, 0xfd4e4
core   0: 3 0x8000465c (0xfd4e4d97) x27 0x7d4e865c
core   0: 0x80004660 (0x02615663) bge     sp, t1, pc + 44
core   0: 3 0x80004660 (0x02615663)
core   0: 0x80004664 (0x7eb60397) auipc   t2, 0x7eb60
core   0: 3 0x80004664 (0x7eb60397) x 7 0xfeb64664
core   0: 0x80004668 (0x03c85e63) bge     a6, t3, pc + 60
core   0: 3 0x80004668 (0x03c85e63)
core   0: 0x8000466c (0x41addf33) sra     t5, s11, s10
core   0: 3 0x8000466c (0x41addf33) x30 0x7d4e865c
core   0: 0x80004670 (0x017cca33) xor     s4, s9, s7
core   0: 3 0x80004670 (0x017cca33) x20 0x7db26cdf
core   0: 0x80004674 (0x00000013) nop
core   0: 3 0x80004674 (0x00000013)
core   0: 0x80004678 (0x40b4db33) sra     s6, s1, a1
core   0: 3 0x80004678 (0x40b4db33) x22 0xf000579c
core   0: 0x8000467c (0x00f206b3) add     a3, tp, a5
core   0: 3 0x8000467c (0x00f206b3) x13 0xad18d364
core   0: 0x80004680 (0x02b9f863) bgeu    s3, a1, pc + 48
core   0: 3 0x80004680 (0x02b9f863)
core   0: 0x80004684 (0x914f0e13) addi    t3, t5, -1772
core   0: 3 0x80004684 (0x914f0e13) x28 0x7d4e7f70
core   0: 0x80004688 (0x00834e63) blt     t1, s0, pc + 28
core   0: 3 0x80004688 (0x00834e63)
core   0: 0x800046a4 (0x407a8133) sub     sp, s5, t2
core   0: 3 0x800046a4 (0x407a8133) x 2 0xfef9cc57
core   0: 0x800046a8 (0x85ef2913) slti    s2, t5, -1954
core   0: 3 0x800046a8 (0x85ef2913) x18 0x00000000
core   0: 0x800046ac (0x00f57cb3) and     s9, a0, a5
core   0: 3 0x800046ac (0x00f57cb3) x25 0x00000000
core   0: 0x800046b0 (0x62658f93) addi    t6, a1, 1574
core   0: 3 0x800046b0 (0x62658f93) x31 0x00000629
core   0: 0x800046b4 (0xe8d8b113) sltiu   sp, a7, -371
core   0: 3 0x800046b4 (0xe8d8b113) x 2 0x00000001
core   0: 0x800046b8 (0x0109cb33) xor     s6, s3, a6
core   0: 3 0x800046b8 (0x0109cb33) x22 0xfffffe50
core   0: 0x800046bc (0x41ae5db3) sra     s11, t3, s10
core   0: 3 0x800046bc (0x41ae5db3) x27 0x7d4e7f70
core   0: 0x800046c0 (0x067c4e63) blt     s8, t2, pc + 124
core   0: 3 0x800046c0 (0x067c4e63)
core   0: 0x800046c4 (0x000d4933) xor     s2, s10, zero
core   0: 3 0x800046c4 (0x000d4933) x18 0x00000000
core   0: 0x800046c8 (0x01caa133) slt     sp, s5, t3
core   0: 3 0x800046c8 (0x01caa133) x 2 0x00000001
core   0: 0x800046cc (0x41585133) sra     sp, a6, s5
core   0: 3 0x800046cc (0x41585133) x 2 0xffffffff
core   0: 0x800046d0 (0x01a8dc63) bge     a7, s10, pc + 24
core   0: 3 0x800046d0 (0x01a8dc63)
core   0: 0x800046e8 (0x41badc33) sra     s8, s5, s11
core   0: 3 0x800046e8 (0x41badc33) x24 0xfffffdb0
core   0: 0x800046ec (0x0ff0000f) fence   iorw,iorw
core   0: 3 0x800046ec (0x0ff0000f)
core   0: 0x800046f0 (0xd9d463b7) lui     t2, 0xd9d46
core   0: 3 0x800046f0 (0xd9d463b7) x 7 0xd9d46000
core   0: 0x800046f4 (0x410f6093) ori     ra, t5, 1040
core   0: 3 0x800046f4 (0x410f6093) x 1 0x7d4e865c
core   0: 0x800046f8 (0x00a02eb3) slt     t4, zero, a0
core   0: 3 0x800046f8 (0x00a02eb3) x29 0x00000000
core   0: 0x800046fc (0xffb00693) li      a3, -5
core   0: 3 0x800046fc (0xffb00693) x13 0xfffffffb
core   0: 0x80004700 (0x64973313) sltiu   t1, a4, 1609
core   0: 3 0x80004700 (0x64973313) x 6 0x00000000
core   0: 0x80004704 (0x41c3d293) srai    t0, t2, 28
core   0: 3 0x80004704 (0x41c3d293) x 5 0xfffffffd
core   0: 0x80004708 (0x415a8a33) sub     s4, s5, s5
core   0: 3 0x80004708 (0x415a8a33) x20 0x00000000
core   0: 0x8000470c (0x00000793) li      a5, 0
core   0: 3 0x8000470c (0x00000793) x15 0x00000000
core   0: 0x80004710 (0xbb5468b7) lui     a7, 0xbb546
core   0: 3 0x80004710 (0xbb5468b7) x17 0xbb546000
core   0: 0x80004714 (0x0ee07313) andi    t1, zero, 238
core   0: 3 0x80004714 (0x0ee07313) x 6 0x00000000
core   0: 0x80004718 (0x0150f433) and     s0, ra, s5
core   0: 3 0x80004718 (0x0150f433) x 8 0x7d000218
core   0: 0x8000471c (0xa7c76c97) auipc   s9, 0xa7c76
core   0: 3 0x8000471c (0xa7c76c97) x25 0x27c7a71c
core   0: 0x80004720 (0xb1099d97) auipc   s11, 0xb1099
core   0: 3 0x80004720 (0xb1099d97) x27 0x3109d720
core   0: 0x80004724 (0x00168693) addi    a3, a3, 1
core   0: 3 0x80004724 (0x00168693) x13 0xfffffffc
core   0: 0x80004728 (0x018a4933) xor     s2, s4, s8
core   0: 3 0x80004728 (0x018a4933) x18 0xfffffdb0
core   0: 0x8000472c (0x38423593) sltiu   a1, tp, 900
core   0: 3 0x8000472c (0x38423593) x11 0x00000000
core   0: 0x80004730 (0x895b6597) auipc   a1, 0x895b6
core   0: 3 0x80004730 (0x895b6597) x11 0x095ba730
core   0: 0x80004734 (0xfef6c2e3) blt     a3, a5, pc - 28
core   0: 3 0x80004734 (0xfef6c2e3)
core   0: 0x80004718 (0x0150f433) and     s0, ra, s5
core   0: 3 0x80004718 (0x0150f433) x 8 0x7d000218
core   0: 0x8000471c (0xa7c76c97) auipc   s9, 0xa7c76
core   0: 3 0x8000471c (0xa7c76c97) x25 0x27c7a71c
core   0: 0x80004720 (0xb1099d97) auipc   s11, 0xb1099
core   0: 3 0x80004720 (0xb1099d97) x27 0x3109d720
core   0: 0x80004724 (0x00168693) addi    a3, a3, 1
core   0: 3 0x80004724 (0x00168693) x13 0xfffffffd
core   0: 0x80004728 (0x018a4933) xor     s2, s4, s8
core   0: 3 0x80004728 (0x018a4933) x18 0xfffffdb0
core   0: 0x8000472c (0x38423593) sltiu   a1, tp, 900
core   0: 3 0x8000472c (0x38423593) x11 0x00000000
core   0: 0x80004730 (0x895b6597) auipc   a1, 0x895b6
core   0: 3 0x80004730 (0x895b6597) x11 0x095ba730
core   0: 0x80004734 (0xfef6c2e3) blt     a3, a5, pc - 28
core   0: 3 0x80004734 (0xfef6c2e3)
core   0: 0x80004718 (0x0150f433) and     s0, ra, s5
core   0: 3 0x80004718 (0x0150f433) x 8 0x7d000218
core   0: 0x8000471c (0xa7c76c97) auipc   s9, 0xa7c76
core   0: 3 0x8000471c (0xa7c76c97) x25 0x27c7a71c
core   0: 0x80004720 (0xb1099d97) auipc   s11, 0xb1099
core   0: 3 0x80004720 (0xb1099d97) x27 0x3109d720
core   0: 0x80004724 (0x00168693) addi    a3, a3, 1
core   0: 3 0x80004724 (0x00168693) x13 0xfffffffe
core   0: 0x80004728 (0x018a4933) xor     s2, s4, s8
core   0: 3 0x80004728 (0x018a4933) x18 0xfffffdb0
core   0: 0x8000472c (0x38423593) sltiu   a1, tp, 900
core   0: 3 0x8000472c (0x38423593) x11 0x00000000
core   0: 0x80004730 (0x895b6597) auipc   a1, 0x895b6
core   0: 3 0x80004730 (0x895b6597) x11 0x095ba730
core   0: 0x80004734 (0xfef6c2e3) blt     a3, a5, pc - 28
core   0: 3 0x80004734 (0xfef6c2e3)
core   0: 0x80004718 (0x0150f433) and     s0, ra, s5
core   0: 3 0x80004718 (0x0150f433) x 8 0x7d000218
core   0: 0x8000471c (0xa7c76c97) auipc   s9, 0xa7c76
core   0: 3 0x8000471c (0xa7c76c97) x25 0x27c7a71c
core   0: 0x80004720 (0xb1099d97) auipc   s11, 0xb1099
core   0: 3 0x80004720 (0xb1099d97) x27 0x3109d720
core   0: 0x80004724 (0x00168693) addi    a3, a3, 1
core   0: 3 0x80004724 (0x00168693) x13 0xffffffff
core   0: 0x80004728 (0x018a4933) xor     s2, s4, s8
core   0: 3 0x80004728 (0x018a4933) x18 0xfffffdb0
core   0: 0x8000472c (0x38423593) sltiu   a1, tp, 900
core   0: 3 0x8000472c (0x38423593) x11 0x00000000
core   0: 0x80004730 (0x895b6597) auipc   a1, 0x895b6
core   0: 3 0x80004730 (0x895b6597) x11 0x095ba730
core   0: 0x80004734 (0xfef6c2e3) blt     a3, a5, pc - 28
core   0: 3 0x80004734 (0xfef6c2e3)
core   0: 0x80004718 (0x0150f433) and     s0, ra, s5
core   0: 3 0x80004718 (0x0150f433) x 8 0x7d000218
core   0: 0x8000471c (0xa7c76c97) auipc   s9, 0xa7c76
core   0: 3 0x8000471c (0xa7c76c97) x25 0x27c7a71c
core   0: 0x80004720 (0xb1099d97) auipc   s11, 0xb1099
core   0: 3 0x80004720 (0xb1099d97) x27 0x3109d720
core   0: 0x80004724 (0x00168693) addi    a3, a3, 1
core   0: 3 0x80004724 (0x00168693) x13 0x00000000
core   0: 0x80004728 (0x018a4933) xor     s2, s4, s8
core   0: 3 0x80004728 (0x018a4933) x18 0xfffffdb0
core   0: 0x8000472c (0x38423593) sltiu   a1, tp, 900
core   0: 3 0x8000472c (0x38423593) x11 0x00000000
core   0: 0x80004730 (0x895b6597) auipc   a1, 0x895b6
core   0: 3 0x80004730 (0x895b6597) x11 0x095ba730
core   0: 0x80004734 (0xfef6c2e3) blt     a3, a5, pc - 28
core   0: 3 0x80004734 (0xfef6c2e3)
core   0: 0x80004738 (0x0ff0000f) fence   iorw,iorw
core   0: 3 0x80004738 (0x0ff0000f)
core   0: 0x8000473c (0x95377093) andi    ra, a4, -1709
core   0: 3 0x8000473c (0x95377093) x 1 0x8002c002
core   0: 0x80004740 (0xfb1bf713) andi    a4, s7, -79
core   0: 3 0x80004740 (0xfb1bf713) x14 0x80027e20
core   0: 0x80004744 (0x24938893) addi    a7, t2, 585
core   0: 3 0x80004744 (0x24938893) x17 0xd9d46249
core   0: 0x80004748 (0x0d108f97) auipc   t6, 0xd108
core   0: 3 0x80004748 (0x0d108f97) x31 0x8d10c748
core   0: 0x8000474c (0x4062d093) srai    ra, t0, 6
core   0: 3 0x8000474c (0x4062d093) x 1 0xffffffff
core   0: 0x80004750 (0x01f21863) bne     tp, t6, pc + 16
core   0: 3 0x80004750 (0x01f21863)
core   0: 0x80004760 (0x016500b3) add     ra, a0, s6
core   0: 3 0x80004760 (0x016500b3) x 1 0xfffffe50
core   0: 0x80004764 (0x15b92513) slti    a0, s2, 347
core   0: 3 0x80004764 (0x15b92513) x10 0x00000001
core   0: 0x80004768 (0x0000100f) fence.i
core   0: 3 0x80004768 (0x0000100f)
core   0: 0x8000476c (0x00cd86b3) add     a3, s11, a2
core   0: 3 0x8000476c (0x00cd86b3) x13 0x2eb9e7b2
core   0: 0x80004770 (0xbf4ac393) xori    t2, s5, -1036
core   0: 3 0x80004770 (0xbf4ac393) x 7 0x024fe94f
core   0: 0x80004774 (0xd0894c93) xori    s9, s2, -760
core   0: 3 0x80004774 (0xd0894c93) x25 0x000000b8
core   0: 0x80004778 (0x01fa25b3) slt     a1, s4, t6
core   0: 3 0x80004778 (0x01fa25b3) x11 0x00000000
core   0: 0x8000477c (0x406657b3) sra     a5, a2, t1
core   0: 3 0x8000477c (0x406657b3) x15 0xfdb01092
core   0: 0x80004780 (0x03da8663) beq     s5, t4, pc + 44
core   0: 3 0x80004780 (0x03da8663)
core   0: 0x80004784 (0x0ff0000f) fence   iorw,iorw
core   0: 3 0x80004784 (0x0ff0000f)
core   0: 0x80004788 (0x0000100f) fence.i
core   0: 3 0x80004788 (0x0000100f)
core   0: 0x8000478c (0x01759033) sll     zero, a1, s7
core   0: 3 0x8000478c (0x01759033)
core   0: 0x80004790 (0x40625a13) srai    s4, tp, 6
core   0: 3 0x80004790 (0x40625a13) x20 0xffdaa00d
core   0: 0x80004794 (0x05fb0463) beq     s6, t6, pc + 72
core   0: 3 0x80004794 (0x05fb0463)
core   0: 0x80004798 (0x5a3bc393) xori    t2, s7, 1443
core   0: 3 0x80004798 (0x5a3bc393) x 7 0x80027bc7
core   0: 0x8000479c (0x01689a63) bne     a7, s6, pc + 20
core   0: 3 0x8000479c (0x01689a63)
core   0: 0x800047b0 (0xeaef3013) sltiu   zero, t5, -338
core   0: 3 0x800047b0 (0xeaef3013)
core   0: 0x800047b4 (0x020fee63) bltu    t6, zero, pc + 60
core   0: 3 0x800047b4 (0x020fee63)
core   0: 0x800047b8 (0x00049713) slli    a4, s1, 0
core   0: 3 0x800047b8 (0x00049713) x14 0x8002bce4
core   0: 0x800047bc (0x03ca8863) beq     s5, t3, pc + 48
core   0: 3 0x800047bc (0x03ca8863)
core   0: 0x800047c0 (0x1a340713) addi    a4, s0, 419
core   0: 3 0x800047c0 (0x1a340713) x14 0x7d0003bb
core   0: 0x800047c4 (0x01714663) blt     sp, s7, pc + 12
core   0: 3 0x800047c4 (0x01714663)
core   0: 0x800047c8 (0x004af663) bgeu    s5, tp, pc + 12
core   0: 3 0x800047c8 (0x004af663)
core   0: 0x800047d4 (0x884aa093) slti    ra, s5, -1916
core   0: 3 0x800047d4 (0x884aa093) x 1 0x00000001
core   0: 0x800047d8 (0x015d6a63) bltu    s10, s5, pc + 20
core   0: 3 0x800047d8 (0x015d6a63)
core   0: 0x800047ec (0x9dd167b7) lui     a5, 0x9dd16
core   0: 3 0x800047ec (0x9dd167b7) x15 0x9dd16000
core   0: 0x800047f0 (0x87230313) addi    t1, t1, -1934
core   0: 3 0x800047f0 (0x87230313) x 6 0xfffff872
core   0: 0x800047f4 (0x21618e93) addi    t4, gp, 534
core   0: 3 0x800047f4 (0x21618e93) x29 0x00000217
core   0: 0x800047f8 (0x3fb7a697) auipc   a3, 0x3fb7a
core   0: 3 0x800047f8 (0x3fb7a697) x13 0xbfb7e7f8
core   0: 0x800047fc (0x01efce63) blt     t6, t5, pc + 28
core   0: 3 0x800047fc (0x01efce63)
core   0: 0x80004818 (0x0053eeb3) or      t4, t2, t0
core   0: 3 0x80004818 (0x0053eeb3) x29 0xffffffff
core   0: 0x8000481c (0x9ccfe993) ori     s3, t6, -1588
core   0: 3 0x8000481c (0x9ccfe993) x19 0xffffffcc
core   0: 0x80004820 (0x02461a63) bne     a2, tp, pc + 52
core   0: 3 0x80004820 (0x02461a63)
core   0: 0x80004854 (0x259c9fb7) lui     t6, 0x259c9
core   0: 3 0x80004854 (0x259c9fb7) x31 0x259c9000
core   0: 0x80004858 (0x3291e537) lui     a0, 0x3291e
core   0: 3 0x80004858 (0x3291e537) x10 0x3291e000
core   0: 0x8000485c (0x0ff0000f) fence   iorw,iorw
core   0: 3 0x8000485c (0x0ff0000f)
core   0: 0x80004860 (0x413ed2b3) sra     t0, t4, s3
core   0: 3 0x80004860 (0x413ed2b3) x 5 0xffffffff
core   0: 0x80004864 (0xe302e393) ori     t2, t0, -464
core   0: 3 0x80004864 (0xe302e393) x 7 0xffffffff
core   0: 0x80004868 (0x034af263) bgeu    s5, s4, pc + 36
core   0: 3 0x80004868 (0x034af263)
core   0: 0x8000486c (0x0048cc33) xor     s8, a7, tp
core   0: 3 0x8000486c (0x0048cc33) x24 0x2f7c612d
core   0: 0x80004870 (0x007ec733) xor     a4, t4, t2
core   0: 3 0x80004870 (0x007ec733) x14 0x00000000
core   0: 0x80004874 (0x0000100f) fence.i
core   0: 3 0x80004874 (0x0000100f)
core   0: 0x80004878 (0x0ff0000f) fence   iorw,iorw
core   0: 3 0x80004878 (0x0ff0000f)
core   0: 0x8000487c (0xadeaca13) xori    s4, s5, -1314
core   0: 3 0x8000487c (0xadeaca13) x20 0x024fe865
core   0: 0x80004880 (0xdf56c093) xori    ra, a3, -523
core   0: 3 0x80004880 (0xdf56c093) x 1 0x40481a0d
core   0: 0x80004884 (0x030dd463) bge     s11, a6, pc + 40
core   0: 3 0x80004884 (0x030dd463)
core   0: 0x800048ac (0x00580eb3) add     t4, a6, t0
core   0: 3 0x800048ac (0x00580eb3) x29 0xfffffe4f
core   0: 0x800048b0 (0xef8e0993) addi    s3, t3, -264
core   0: 3 0x800048b0 (0xef8e0993) x19 0x7d4e7e68
core   0: 0x800048b4 (0x01ad5633) srl     a2, s10, s10
core   0: 3 0x800048b4 (0x01ad5633) x12 0x00000000
core   0: 0x800048b8 (0xa7a87213) andi    tp, a6, -1414
core   0: 3 0x800048b8 (0xa7a87213) x 4 0xfffffa50
core   0: 0x800048bc (0x00000013) nop
core   0: 3 0x800048bc (0x00000013)
core   0: 0x800048c0 (0x0159efb3) or      t6, s3, s5
core   0: 3 0x800048c0 (0x0159efb3) x31 0xfdfe7efb
core   0: 0x800048c4 (0x0046ab33) slt     s6, a3, tp
core   0: 3 0x800048c4 (0x0046ab33) x22 0x00000001
core   0: 0x800048c8 (0x0000100f) fence.i
core   0: 3 0x800048c8 (0x0000100f)
core   0: 0x800048cc (0x019da1b3) slt     gp, s11, s9
core   0: 3 0x800048cc (0x019da1b3) x 3 0x00000000
core   0: 0x800048d0 (0x1ffbb737) lui     a4, 0x1ffbb
core   0: 3 0x800048d0 (0x1ffbb737) x14 0x1ffbb000
core   0: 0x800048d4 (0x01761d93) slli    s11, a2, 23
core   0: 3 0x800048d4 (0x01761d93) x27 0x00000000
core   0: 0x800048d8 (0x01791413) slli    s0, s2, 23
core   0: 3 0x800048d8 (0x01791413) x 8 0xd8000000
core   0: 0x800048dc (0x4096de13) srai    t3, a3, 9
core   0: 3 0x800048dc (0x4096de13) x28 0xffdfdbf3
core   0: 0x800048e0 (0x0393fc63) bgeu    t2, s9, pc + 56
core   0: 3 0x800048e0 (0x0393fc63)
core   0: 0x80004918 (0x41618eb3) sub     t4, gp, s6
core   0: 3 0x80004918 (0x41618eb3) x29 0xffffffff
core   0: 0x8000491c (0x01addc33) srl     s8, s11, s10
core   0: 3 0x8000491c (0x01addc33) x24 0x00000000
core   0: 0x80004920 (0x414a0233) sub     tp, s4, s4
core   0: 3 0x80004920 (0x414a0233) x 4 0x00000000
core   0: 0x80004924 (0x01a17a33) and     s4, sp, s10
core   0: 3 0x80004924 (0x01a17a33) x20 0x00000000
core   0: 0x80004928 (0x01a30663) beq     t1, s10, pc + 12
core   0: 3 0x80004928 (0x01a30663)
core   0: 0x8000492c (0x5a73fa13) andi    s4, t2, 1447
core   0: 3 0x8000492c (0x5a73fa13) x20 0x000005a7
core   0: 0x80004930 (0x00d1b733) sltu    a4, gp, a3
core   0: 3 0x80004930 (0x00d1b733) x14 0x00000001
core   0: 0x80004934 (0xd4588e93) addi    t4, a7, -699
core   0: 3 0x80004934 (0xd4588e93) x29 0xd9d45f8e
core   0: 0x80004938 (0x01e66a63) bltu    a2, t5, pc + 20
core   0: 3 0x80004938 (0x01e66a63)
core   0: 0x8000494c (0x01bc3733) sltu    a4, s8, s11
core   0: 3 0x8000494c (0x01bc3733) x14 0x00000000
core   0: 0x80004950 (0x01920663) beq     tp, s9, pc + 12
core   0: 3 0x80004950 (0x01920663)
core   0: 0x80004954 (0x02421463) bne     tp, tp, pc + 40
core   0: 3 0x80004954 (0x02421463)
core   0: 0x80004958 (0x0281dc63) bge     gp, s0, pc + 56
core   0: 3 0x80004958 (0x0281dc63)
core   0: 0x80004990 (0x00ac9393) slli    t2, s9, 10
core   0: 3 0x80004990 (0x00ac9393) x 7 0x0002e000
core   0: 0x80004994 (0x011de8b3) or      a7, s11, a7
core   0: 3 0x80004994 (0x011de8b3) x17 0xd9d46249
core   0: 0x80004998 (0x0000100f) fence.i
core   0: 3 0x80004998 (0x0000100f)
core   0: 0x8000499c (0x01bd8eb3) add     t4, s11, s11
core   0: 3 0x8000499c (0x01bd8eb3) x29 0x00000000
core   0: 0x800049a0 (0x0149c663) blt     s3, s4, pc + 12
core   0: 3 0x800049a0 (0x0149c663)
core   0: 0x800049a4 (0x013f1833) sll     a6, t5, s3
core   0: 3 0x800049a4 (0x013f1833) x16 0x4e865c00
core   0: 0x800049a8 (0x938d1db7) lui     s11, 0x938d1
core   0: 3 0x800049a8 (0x938d1db7) x27 0x938d1000
core   0: 0x800049ac (0x03d18063) beq     gp, t4, pc + 32
core   0: 3 0x800049ac (0x03d18063)
core   0: 0x800049cc (0x01dc1833) sll     a6, s8, t4
core   0: 3 0x800049cc (0x01dc1833) x16 0x00000000
core   0: 0x800049d0 (0x012aecb3) or      s9, s5, s2
core   0: 3 0x800049d0 (0x012aecb3) x25 0xffffffbb
core   0: 0x800049d4 (0x002c48b3) xor     a7, s8, sp
core   0: 3 0x800049d4 (0x002c48b3) x17 0xffffffff
core   0: 0x800049d8 (0x018ed663) bge     t4, s8, pc + 12
core   0: 3 0x800049d8 (0x018ed663)
core   0: 0x800049e4 (0x00f35c93) srli    s9, t1, 15
core   0: 3 0x800049e4 (0x00f35c93) x25 0x0001ffff
core   0: 0x800049e8 (0x0039f5b3) and     a1, s3, gp
core   0: 3 0x800049e8 (0x0039f5b3) x11 0x00000000
core   0: 0x800049ec (0x406d0b33) sub     s6, s10, t1
core   0: 3 0x800049ec (0x406d0b33) x22 0x0000078e
core   0: 0x800049f0 (0x01dce333) or      t1, s9, t4
core   0: 3 0x800049f0 (0x01dce333) x 6 0x0001ffff
core   0: 0x800049f4 (0x005d5c63) bge     s10, t0, pc + 24
core   0: 3 0x800049f4 (0x005d5c63)
core   0: 0x80004a0c (0x41e20233) sub     tp, tp, t5
core   0: 3 0x80004a0c (0x41e20233) x 4 0x82b179a4
core   0: 0x80004a10 (0x8d7aa913) slti    s2, s5, -1833
core   0: 3 0x80004a10 (0x8d7aa913) x18 0x00000001
core   0: 0x80004a14 (0x3186b397) auipc   t2, 0x3186b
core   0: 3 0x80004a14 (0x3186b397) x 7 0xb186fa14
core   0: 0x80004a18 (0x006d0e33) add     t3, s10, t1
core   0: 3 0x80004a18 (0x006d0e33) x28 0x0001ffff
core   0: 0x80004a1c (0x0173f533) and     a0, t2, s7
core   0: 3 0x80004a1c (0x0173f533) x10 0x80027a04
core   0: 0x80004a20 (0x0177a933) slt     s2, a5, s7
core   0: 3 0x80004a20 (0x0177a933) x18 0x00000000
core   0: 0x80004a24 (0x002a7533) and     a0, s4, sp
core   0: 3 0x80004a24 (0x002a7533) x10 0x000005a7
core   0: 0x80004a28 (0xd44cc513) xori    a0, s9, -700
core   0: 3 0x80004a28 (0xd44cc513) x10 0xfffe02bb
core   0: 0x80004a2c (0x40dfd313) srai    t1, t6, 13
core   0: 3 0x80004a2c (0x40dfd313) x 6 0xffffeff3
core   0: 0x80004a30 (0x00000013) nop
core   0: 3 0x80004a30 (0x00000013)
core   0: 0x80004a34 (0x00ba6263) bltu    s4, a1, pc + 4
core   0: 3 0x80004a34 (0x00ba6263)
core   0: 0x80004a38 (0x0018f833) and     a6, a7, ra
core   0: 3 0x80004a38 (0x0018f833) x16 0x40481a0d
core   0: 0x80004a3c (0x0000100f) fence.i
core   0: 3 0x80004a3c (0x0000100f)
core   0: 0x80004a40 (0x01ee9c33) sll     s8, t4, t5
core   0: 3 0x80004a40 (0x01ee9c33) x24 0x00000000
core   0: 0x80004a44 (0x3c94f193) andi    gp, s1, 969
core   0: 3 0x80004a44 (0x3c94f193) x 3 0x000000c0
core   0: 0x80004a48 (0x9856bf93) sltiu   t6, a3, -1659
core   0: 3 0x80004a48 (0x9856bf93) x31 0x00000001
core   0: 0x80004a4c (0x008f60b3) or      ra, t5, s0
core   0: 3 0x80004a4c (0x008f60b3) x 1 0xfd4e865c
core   0: 0x80004a50 (0x015b18b3) sll     a7, s6, s5
core   0: 3 0x80004a50 (0x015b18b3) x17 0x70000000
core   0: 0x80004a54 (0x0157bd33) sltu    s10, a5, s5
core   0: 3 0x80004a54 (0x0157bd33) x26 0x00000001
core   0: 0x80004a58 (0x2c9e4093) xori    ra, t3, 713
core   0: 3 0x80004a58 (0x2c9e4093) x 1 0x0001fd36
core   0: 0x80004a5c (0x04fac463) blt     s5, a5, pc + 72
core   0: 3 0x80004a5c (0x04fac463)
core   0: 0x80004a60 (0x015e29b3) slt     s3, t3, s5
core   0: 3 0x80004a60 (0x015e29b3) x19 0x00000000
core   0: 0x80004a64 (0x03431663) bne     t1, s4, pc + 44
core   0: 3 0x80004a64 (0x03431663)
core   0: 0x80004a90 (0x01d528b3) slt     a7, a0, t4
core   0: 3 0x80004a90 (0x01d528b3) x17 0x00000001
core   0: 0x80004a94 (0x01f38b33) add     s6, t2, t6
core   0: 3 0x80004a94 (0x01f38b33) x22 0xb186fa15
core   0: 0x80004a98 (0x1d17e897) auipc   a7, 0x1d17e
core   0: 3 0x80004a98 (0x1d17e897) x17 0x9d182a98
core   0: 0x80004a9c (0x00000013) nop
core   0: 3 0x80004a9c (0x00000013)
core   0: 0x80004aa0 (0x0215ce63) blt     a1, ra, pc + 60
core   0: 3 0x80004aa0 (0x0215ce63)
core   0: 0x80004adc (0xf71e2e93) slti    t4, t3, -143
core   0: 3 0x80004adc (0xf71e2e93) x29 0x00000000
core   0: 0x80004ae0 (0x4d878897) auipc   a7, 0x4d878
core   0: 3 0x80004ae0 (0x4d878897) x17 0xcd87cae0
core   0: 0x80004ae4 (0xa8786b37) lui     s6, 0xa8786
core   0: 3 0x80004ae4 (0xa8786b37) x22 0xa8786000
core   0: 0x80004ae8 (0x0ff0000f) fence   iorw,iorw
core   0: 3 0x80004ae8 (0x0ff0000f)
core   0: 0x80004aec (0x0000100f) fence.i
core   0: 3 0x80004aec (0x0000100f)
core   0: 0x80004af0 (0x012d1993) slli    s3, s10, 18
core   0: 3 0x80004af0 (0x012d1993) x19 0x00040000
core   0: 0x80004af4 (0x012b39b3) sltu    s3, s6, s2
core   0: 3 0x80004af4 (0x012b39b3) x19 0x00000000
core   0: 0x80004af8 (0x408dd313) srai    t1, s11, 8
core   0: 3 0x80004af8 (0x408dd313) x 6 0xff938d10
core   0: 0x80004afc (0x017f5233) srl     tp, t5, s7
core   0: 3 0x80004afc (0x017f5233) x 4 0x07d4e865
core   0: 0x80004b00 (0xfabe0313) addi    t1, t3, -85
core   0: 3 0x80004b00 (0xfabe0313) x 6 0x0001ffaa
core   0: 0x80004b04 (0x00698733) add     a4, s3, t1
core   0: 3 0x80004b04 (0x00698733) x14 0x0001ffaa
core   0: 0x80004b08 (0xa3122c93) slti    s9, tp, -1487
core   0: 3 0x80004b08 (0xa3122c93) x25 0x00000000
core   0: 0x80004b0c (0x009cf3b3) and     t2, s9, s1
core   0: 3 0x80004b0c (0x009cf3b3) x 7 0x00000000
core   0: 0x80004b10 (0x01877733) and     a4, a4, s8
core   0: 3 0x80004b10 (0x01877733) x14 0x00000000
core   0: 0x80004b14 (0x010563b3) or      t2, a0, a6
core   0: 3 0x80004b14 (0x010563b3) x 7 0xfffe1abf
core   0: 0x80004b18 (0x22f59eb7) lui     t4, 0x22f59
core   0: 3 0x80004b18 (0x22f59eb7) x29 0x22f59000
core   0: 0x80004b1c (0xa0e3ba13) sltiu   s4, t2, -1522
core   0: 3 0x80004b1c (0xa0e3ba13) x20 0x00000001
core   0: 0x80004b20 (0x00075033) srl     zero, a4, zero
core   0: 3 0x80004b20 (0x00075033)
core   0: 0x80004b24 (0x01f27eb3) and     t4, tp, t6
core   0: 3 0x80004b24 (0x01f27eb3) x29 0x00000001
core   0: 0x80004b28 (0x4f81a593) slti    a1, gp, 1272
core   0: 3 0x80004b28 (0x4f81a593) x11 0x00000001
core   0: 0x80004b2c (0x00332633) slt     a2, t1, gp
core   0: 3 0x80004b2c (0x00332633) x12 0x00000000
core   0: 0x80004b30 (0x00c62933) slt     s2, a2, a2
core   0: 3 0x80004b30 (0x00c62933) x18 0x00000000
core   0: 0x80004b34 (0x00c14e33) xor     t3, sp, a2
core   0: 3 0x80004b34 (0x00c14e33) x28 0xffffffff
core   0: 0x80004b38 (0x05766463) bltu    a2, s7, pc + 72
core   0: 3 0x80004b38 (0x05766463)
core   0: 0x80004b80 (0x40d651b3) sra     gp, a2, a3
core   0: 3 0x80004b80 (0x40d651b3) x 3 0x00000000
core   0: 0x80004b84 (0x035f7663) bgeu    t5, s5, pc + 44
core   0: 3 0x80004b84 (0x035f7663)
core   0: 0x80004b88 (0x03507263) bgeu    zero, s5, pc + 36
core   0: 3 0x80004b88 (0x03507263)
core   0: 0x80004b8c (0x01bf18b3) sll     a7, t5, s11
core   0: 3 0x80004b8c (0x01bf18b3) x17 0x7d4e865c
core   0: 0x80004b90 (0x0000100f) fence.i
core   0: 3 0x80004b90 (0x0000100f)
core   0: 0x80004b94 (0x0ff0000f) fence   iorw,iorw
core   0: 3 0x80004b94 (0x0ff0000f)
core   0: 0x80004b98 (0x414ed933) sra     s2, t4, s4
core   0: 3 0x80004b98 (0x414ed933) x18 0x00000000
core   0: 0x80004b9c (0x0000100f) fence.i
core   0: 3 0x80004b9c (0x0000100f)
core   0: 0x80004ba0 (0x1bff2913) slti    s2, t5, 447
core   0: 3 0x80004ba0 (0x1bff2913) x18 0x00000000
core   0: 0x80004ba4 (0x9a4f5f97) auipc   t6, 0x9a4f5
core   0: 3 0x80004ba4 (0x9a4f5f97) x31 0x1a4f9ba4
core   0: 0x80004ba8 (0x41dadeb3) sra     t4, s5, t4
core   0: 3 0x80004ba8 (0x41dadeb3) x29 0xfed8095d
core   0: 0x80004bac (0x0007e933) or      s2, a5, zero
core   0: 3 0x80004bac (0x0007e933) x18 0x9dd16000
core   0: 0x80004bb0 (0xd1bdc793) xori    a5, s11, -741
core   0: 3 0x80004bb0 (0xd1bdc793) x15 0x6c72ed1b
core   0: 0x80004bb4 (0x0040fc33) and     s8, ra, tp
core   0: 3 0x80004bb4 (0x0040fc33) x24 0x0000e824
core   0: 0x80004bb8 (0x018fc3b3) xor     t2, t6, s8
core   0: 3 0x80004bb8 (0x018fc3b3) x 7 0x1a4f7380
core   0: 0x80004bbc (0x00c7d513) srli    a0, a5, 12
core   0: 3 0x80004bbc (0x00c7d513) x10 0x0006c72e
core   0: 0x80004bc0 (0xd196af13) slti    t5, a3, -743
core   0: 3 0x80004bc0 (0xd196af13) x30 0x00000001
core   0: 0x80004bc4 (0x00ded513) srli    a0, t4, 13
core   0: 3 0x80004bc4 (0x00ded513) x10 0x0007f6c0
core   0: 0x80004bc8 (0x00000013) nop
core   0: 3 0x80004bc8 (0x00000013)
core   0: 0x80004bcc (0xa1c93e13) sltiu   t3, s2, -1508
core   0: 3 0x80004bcc (0xa1c93e13) x28 0x00000001
core   0: 0x80004bd0 (0x41de5393) srai    t2, t3, 29
core   0: 3 0x80004bd0 (0x41de5393) x 7 0x00000000
core   0: 0x80004bd4 (0x417d07b3) sub     a5, s10, s7
core   0: 3 0x80004bd4 (0x417d07b3) x15 0x7ffd819d
core   0: 0x80004bd8 (0x00000013) nop
core   0: 3 0x80004bd8 (0x00000013)
core   0: 0x80004bdc (0x01ea5733) srl     a4, s4, t5
core   0: 3 0x80004bdc (0x01ea5733) x14 0x00000000
core   0: 0x80004be0 (0x0379d463) bge     s3, s7, pc + 40
core   0: 3 0x80004be0 (0x0379d463)
core   0: 0x80004c08 (0x00b2e663) bltu    t0, a1, pc + 12
core   0: 3 0x80004c08 (0x00b2e663)
core   0: 0x80004c0c (0x00748b33) add     s6, s1, t2
core   0: 3 0x80004c0c (0x00748b33) x22 0x8002bce4
core   0: 0x80004c10 (0x01f81993) slli    s3, a6, 31
core   0: 3 0x80004c10 (0x01f81993) x19 0x80000000
core   0: 0x80004c14 (0x0002f233) and     tp, t0, zero
core   0: 3 0x80004c14 (0x0002f233) x 4 0x00000000
core   0: 0x80004c18 (0xd36bf793) andi    a5, s7, -714
core   0: 3 0x80004c18 (0xd36bf793) x15 0x80027c24
core   0: 0x80004c1c (0x02b34463) blt     t1, a1, pc + 40
core   0: 3 0x80004c1c (0x02b34463)
core   0: 0x80004c20 (0x00b44e63) blt     s0, a1, pc + 28
core   0: 3 0x80004c20 (0x00b44e63)
core   0: 0x80004c3c (0x405cd933) sra     s2, s9, t0
core   0: 3 0x80004c3c (0x405cd933) x18 0x00000000
core   0: 0x80004c40 (0xf413ae13) slti    t3, t2, -191
core   0: 3 0x80004c40 (0xf413ae13) x28 0x00000000
core   0: 0x80004c44 (0x0ff0000f) fence   iorw,iorw
core   0: 3 0x80004c44 (0x0ff0000f)
core   0: 0x80004c48 (0x01561eb3) sll     t4, a2, s5
core   0: 3 0x80004c48 (0x01561eb3) x29 0x00000000
core   0: 0x80004c4c (0x70097e93) andi    t4, s2, 1792
core   0: 3 0x80004c4c (0x70097e93) x29 0x00000000
core   0: 0x80004c50 (0x581bed13) ori     s10, s7, 1409
core   0: 3 0x80004c50 (0x581bed13) x26 0x80027fe5
core   0: 0x80004c54 (0x00bcd233) srl     tp, s9, a1
core   0: 3 0x80004c54 (0x00bcd233) x 4 0x00000000
core   0: 0x80004c58 (0x007502b3) add     t0, a0, t2
core   0: 3 0x80004c58 (0x007502b3) x 5 0x0007f6c0
core   0: 0x80004c5c (0x01c6c7b3) xor     a5, a3, t3
core   0: 3 0x80004c5c (0x01c6c7b3) x15 0xbfb7e7f8
core   0: 0x80004c60 (0x0ff0000f) fence   iorw,iorw
core   0: 3 0x80004c60 (0x0ff0000f)
core   0: 0x80004c64 (0xcb37fe93) andi    t4, a5, -845
core   0: 3 0x80004c64 (0xcb37fe93) x29 0xbfb7e4b0
core   0: 0x80004c68 (0x016ba733) slt     a4, s7, s6
core   0: 3 0x80004c68 (0x016ba733) x14 0x00000001
core   0: 0x80004c6c (0x00751db3) sll     s11, a0, t2
core   0: 3 0x80004c6c (0x00751db3) x27 0x0007f6c0
core   0: 0x80004c70 (0x00a07eb3) and     t4, zero, a0
core   0: 3 0x80004c70 (0x00a07eb3) x29 0x00000000
core   0: 0x80004c74 (0x88782113) slti    sp, a6, -1913
core   0: 3 0x80004c74 (0x88782113) x 2 0x00000000
core   0: 0x80004c78 (0xfee18513) addi    a0, gp, -18
core   0: 3 0x80004c78 (0xfee18513) x10 0xffffffee
core   0: 0x80004c7c (0x0000100f) fence.i
core   0: 3 0x80004c7c (0x0000100f)
core   0: 0x80004c80 (0x9dcdaf37) lui     t5, 0x9dcda
core   0: 3 0x80004c80 (0x9dcdaf37) x30 0x9dcda000
core   0: 0x80004c84 (0x03ecce63) blt     s9, t5, pc + 60
core   0: 3 0x80004c84 (0x03ecce63)
core   0: 0x80004c88 (0x0000100f) fence.i
core   0: 3 0x80004c88 (0x0000100f)
core   0: 0x80004c8c (0x0ff0000f) fence   iorw,iorw
core   0: 3 0x80004c8c (0x0ff0000f)
core   0: 0x80004c90 (0x00e386b3) add     a3, t2, a4
core   0: 3 0x80004c90 (0x00e386b3) x13 0x00000001
core   0: 0x80004c94 (0xc31bb713) sltiu   a4, s7, -975
core   0: 3 0x80004c94 (0xc31bb713) x14 0x00000001
core   0: 0x80004c98 (0x01d7c263) blt     a5, t4, pc + 4
core   0: 3 0x80004c98 (0x01d7c263)
core   0: 0x80004c9c (0x00c1c5b3) xor     a1, gp, a2
core   0: 3 0x80004c9c (0x00c1c5b3) x11 0x00000000
core   0: 0x80004ca0 (0x018fda13) srli    s4, t6, 24
core   0: 3 0x80004ca0 (0x018fda13) x20 0x0000001a
core   0: 0x80004ca4 (0x0268e063) bltu    a7, t1, pc + 32
core   0: 3 0x80004ca4 (0x0268e063)
core   0: 0x80004ca8 (0x01e7da63) bge     a5, t5, pc + 20
core   0: 3 0x80004ca8 (0x01e7da63)
core   0: 0x80004cbc (0x41dbd093) srai    ra, s7, 29
core   0: 3 0x80004cbc (0x41dbd093) x 1 0xfffffffc
core   0: 0x80004cc0 (0x0171f663) bgeu    gp, s7, pc + 12
core   0: 3 0x80004cc0 (0x0171f663)
core   0: 0x80004cc4 (0x01165b33) srl     s6, a2, a7
core   0: 3 0x80004cc4 (0x01165b33) x22 0x00000000
core   0: 0x80004cc8 (0x0ff0000f) fence   iorw,iorw
core   0: 3 0x80004cc8 (0x0ff0000f)
core   0: 0x80004ccc (0x00154b33) xor     s6, a0, ra
core   0: 3 0x80004ccc (0x00154b33) x22 0x00000012
core   0: 0x80004cd0 (0x00c56933) or      s2, a0, a2
core   0: 3 0x80004cd0 (0x00c56933) x18 0xffffffee
core   0: 0x80004cd4 (0x01328c63) beq     t0, s3, pc + 24
core   0: 3 0x80004cd4 (0x01328c63)
core   0: 0x80004cd8 (0x0000100f) fence.i
core   0: 3 0x80004cd8 (0x0000100f)
core   0: 0x80004cdc (0x04e24463) blt     tp, a4, pc + 72
core   0: 3 0x80004cdc (0x04e24463)
core   0: 0x80004d24 (0x00571a33) sll     s4, a4, t0
core   0: 3 0x80004d24 (0x00571a33) x20 0x00000001
core   0: 0x80004d28 (0x41618133) sub     sp, gp, s6
core   0: 3 0x80004d28 (0x41618133) x 2 0xffffffee
core   0: 0x80004d2c (0x8c6eb893) sltiu   a7, t4, -1850
core   0: 3 0x80004d2c (0x8c6eb893) x17 0x00000001
core   0: 0x80004d30 (0xf3612b13) slti    s6, sp, -202
core   0: 3 0x80004d30 (0xf3612b13) x22 0x00000000
core   0: 0x80004d34 (0x02c5ec63) bltu    a1, a2, pc + 56
core   0: 3 0x80004d34 (0x02c5ec63)
core   0: 0x80004d38 (0x35b74f93) xori    t6, a4, 859
core   0: 3 0x80004d38 (0x35b74f93) x31 0x0000035a
core   0: 0x80004d3c (0x01c4c233) xor     tp, s1, t3
core   0: 3 0x80004d3c (0x01c4c233) x 4 0x8002bce4
core   0: 0x80004d40 (0x40b55033) sra     zero, a0, a1
core   0: 3 0x80004d40 (0x40b55033)
core   0: 0x80004d44 (0x41f800b3) sub     ra, a6, t6
core   0: 3 0x80004d44 (0x41f800b3) x 1 0x404816b3
core   0: 0x80004d48 (0xe437c793) xori    a5, a5, -445
core   0: 3 0x80004d48 (0xe437c793) x15 0x404819bb
core   0: 0x80004d4c (0x00ed93b3) sll     t2, s11, a4
core   0: 3 0x80004d4c (0x00ed93b3) x 7 0x000fed80
core   0: 0x80004d50 (0x017f6b33) or      s6, t5, s7
core   0: 3 0x80004d50 (0x017f6b33) x22 0x9dcffe64
core   0: 0x80004d54 (0x4a71a293) slti    t0, gp, 1191
core   0: 3 0x80004d54 (0x4a71a293) x 5 0x00000001
core   0: 0x80004d58 (0x412e81b3) sub     gp, t4, s2
core   0: 3 0x80004d58 (0x412e81b3) x 3 0x00000012
core   0: 0x80004d5c (0x02fbce63) blt     s7, a5, pc + 60
core   0: 3 0x80004d5c (0x02fbce63)
core   0: 0x80004d98 (0x0021eeb3) or      t4, gp, sp
core   0: 3 0x80004d98 (0x0021eeb3) x29 0xfffffffe
core   0: 0x80004d9c (0xc2718793) addi    a5, gp, -985
core   0: 3 0x80004d9c (0xc2718793) x15 0xfffffc39
core   0: 0x80004da0 (0x03bd4a63) blt     s10, s11, pc + 52
core   0: 3 0x80004da0 (0x03bd4a63)
core   0: 0x80004dd4 (0x0185ab33) slt     s6, a1, s8
core   0: 3 0x80004dd4 (0x0185ab33) x22 0x00000001
core   0: 0x80004dd8 (0x01790663) beq     s2, s7, pc + 12
core   0: 3 0x80004dd8 (0x01790663)
core   0: 0x80004ddc (0x0ff0000f) fence   iorw,iorw
core   0: 3 0x80004ddc (0x0ff0000f)
core   0: 0x80004de0 (0x03aa1a63) bne     s4, s10, pc + 52
core   0: 3 0x80004de0 (0x03aa1a63)
core   0: 0x80004e14 (0x4049df13) srai    t5, s3, 4
core   0: 3 0x80004e14 (0x4049df13) x30 0xf8000000
core   0: 0x80004e18 (0x00539013) slli    zero, t2, 5
core   0: 3 0x80004e18 (0x00539013)
core   0: 0x80004e1c (0x41b38433) sub     s0, t2, s11
core   0: 3 0x80004e1c (0x41b38433) x 8 0x0007f6c0
core   0: 0x80004e20 (0x01dcd9b3) srl     s3, s9, t4
core   0: 3 0x80004e20 (0x01dcd9b3) x19 0x00000000
core   0: 0x80004e24 (0x0ff0000f) fence   iorw,iorw
core   0: 3 0x80004e24 (0x0ff0000f)
core   0: 0x80004e28 (0x014458b3) srl     a7, s0, s4
core   0: 3 0x80004e28 (0x014458b3) x17 0x0003fb60
core   0: 0x80004e2c (0x03a1d463) bge     gp, s10, pc + 40
core   0: 3 0x80004e2c (0x03a1d463)
core   0: 0x80004e54 (0x41685f93) srai    t6, a6, 22
core   0: 3 0x80004e54 (0x41685f93) x31 0x00000101
core   0: 0x80004e58 (0x78514713) xori    a4, sp, 1925
core   0: 3 0x80004e58 (0x78514713) x14 0xfffff86b
core   0: 0x80004e5c (0x010958b3) srl     a7, s2, a6
core   0: 3 0x80004e5c (0x010958b3) x17 0x0007ffff
core   0: 0x80004e60 (0x00cae433) or      s0, s5, a2
core   0: 3 0x80004e60 (0x00cae433) x 8 0xfdb012bb
core   0: 0x80004e64 (0x85c44c97) auipc   s9, 0x85c44
core   0: 3 0x80004e64 (0x85c44c97) x25 0x05c48e64
core   0: 0x80004e68 (0x31cc4f37) lui     t5, 0x31cc4
core   0: 3 0x80004e68 (0x31cc4f37) x30 0x31cc4000
core   0: 0x80004e6c (0x01fd4233) xor     tp, s10, t6
core   0: 3 0x80004e6c (0x01fd4233) x 4 0x80027ee4
core   0: 0x80004e70 (0x002752b3) srl     t0, a4, sp
core   0: 3 0x80004e70 (0x002752b3) x 5 0x0003ffff
core   0: 0x80004e74 (0x0167df33) srl     t5, a5, s6
core   0: 3 0x80004e74 (0x0167df33) x30 0x7ffffe1c
core   0: 0x80004e78 (0x0028fa33) and     s4, a7, sp
core   0: 3 0x80004e78 (0x0028fa33) x20 0x0007ffee
core   0: 0x80004e7c (0x401b5113) srai    sp, s6, 1
core   0: 3 0x80004e7c (0x401b5113) x 2 0x00000000
core   0: 0x80004e80 (0x01ea35b3) sltu    a1, s4, t5
core   0: 3 0x80004e80 (0x01ea35b3) x11 0x00000001
core   0: 0x80004e84 (0x01d6adb3) slt     s11, a3, t4
core   0: 3 0x80004e84 (0x01d6adb3) x27 0x00000000
core   0: 0x80004e88 (0x00000013) nop
core   0: 3 0x80004e88 (0x00000013)
core   0: 0x80004e8c (0xdccba313) slti    t1, s7, -564
core   0: 3 0x80004e8c (0xdccba313) x 6 0x00000001
core   0: 0x80004e90 (0x0352e063) bltu    t0, s5, pc + 32
core   0: 3 0x80004e90 (0x0352e063)
core   0: 0x80004eb0 (0x095b8c63) beq     s7, s5, pc + 152
core   0: 3 0x80004eb0 (0x095b8c63)
core   0: 0x80004eb4 (0x00014117) auipc   sp, 0x14
core   0: 3 0x80004eb4 (0x00014117) x 2 0x80018eb4
core   0: 0x80004eb8 (0x98510113) addi    sp, sp, -1659
core   0: 3 0x80004eb8 (0x98510113) x 2 0x80018839
core   0: 0x80004ebc (0x00f12203) lw      tp, 15(sp)
core   0: 3 0x80004ebc (0x00f12203) x 4 0x00000000 mem 0x80018848
core   0: 0x80004ec0 (0x004127a3) sw      tp, 15(sp)
core   0: 3 0x80004ec0 (0x004127a3) mem 0x80018848 0x00000000
core   0: 0x80004ec4 (0xff410183) lb      gp, -12(sp)
core   0: 3 0x80004ec4 (0xff410183) x 3 0x00000000 mem 0x8001882d
core   0: 0x80004ec8 (0x46cd4197) auipc   gp, 0x46cd4
core   0: 3 0x80004ec8 (0x46cd4197) x 3 0xc6cd8ec8
core   0: 0x80004ecc (0x00f25893) srli    a7, tp, 15
core   0: 3 0x80004ecc (0x00f25893) x17 0x00000000
core   0: 0x80004ed0 (0xff414683) lbu     a3, -12(sp)
core   0: 3 0x80004ed0 (0xff414683) x13 0x00000000 mem 0x8001882d
core   0: 0x80004ed4 (0xffb11883) lh      a7, -5(sp)
core   0: 3 0x80004ed4 (0xffb11883) x17 0x00000000 mem 0x80018834
core   0: 0x80004ed8 (0x00511883) lh      a7, 5(sp)
core   0: 3 0x80004ed8 (0x00511883) x17 0x00000000 mem 0x8001883e
core   0: 0x80004edc (0x00079193) slli    gp, a5, 0
core   0: 3 0x80004edc (0x00079193) x 3 0xfffffc39
core   0: 0x80004ee0 (0x4ac20193) addi    gp, tp, 1196
core   0: 3 0x80004ee0 (0x4ac20193) x 3 0x000004ac
core   0: 0x80004ee4 (0x00e10783) lb      a5, 14(sp)
core   0: 3 0x80004ee4 (0x00e10783) x15 0x00000000 mem 0x80018847
core   0: 0x80004ee8 (0x00014203) lbu     tp, 0(sp)
core   0: 3 0x80004ee8 (0x00014203) x 4 0x00000000 mem 0x80018839
core   0: 0x80004eec (0x00e14203) lbu     tp, 14(sp)
core   0: 3 0x80004eec (0x00e14203) x 4 0x00000000 mem 0x80018847
core   0: 0x80004ef0 (0x00a10803) lb      a6, 10(sp)
core   0: 3 0x80004ef0 (0x00a10803) x16 0x00000000 mem 0x80018843
core   0: 0x80004ef4 (0x68a1e693) ori     a3, gp, 1674
core   0: 3 0x80004ef4 (0x68a1e693) x13 0x000006ae
core   0: 0x80004ef8 (0x0036d1b3) srl     gp, a3, gp
core   0: 3 0x80004ef8 (0x0036d1b3) x 3 0x00000000
core   0: 0x80004efc (0xd63731b7) lui     gp, 0xd6373
core   0: 3 0x80004efc (0xd63731b7) x 3 0xd6373000
core   0: 0x80004f00 (0x00000013) nop
core   0: 3 0x80004f00 (0x00000013)
core   0: 0x80004f04 (0x0000100f) fence.i
core   0: 3 0x80004f04 (0x0000100f)
core   0: 0x80004f08 (0x73088893) addi    a7, a7, 1840
core   0: 3 0x80004f08 (0x73088893) x17 0x00000730
core   0: 0x80004f0c (0xff010683) lb      a3, -16(sp)
core   0: 3 0x80004f0c (0xff010683) x13 0x00000000 mem 0x80018829
core   0: 0x80004f10 (0xff910203) lb      tp, -7(sp)
core   0: 3 0x80004f10 (0xff910203) x 4 0x00000000 mem 0x80018832
core   0: 0x80004f14 (0xffe14883) lbu     a7, -2(sp)
core   0: 3 0x80004f14 (0xffe14883) x17 0x00000000 mem 0x80018837
core   0: 0x80004f18 (0x00d6d1b3) srl     gp, a3, a3
core   0: 3 0x80004f18 (0x00d6d1b3) x 3 0x00000000
core   0: 0x80004f1c (0xb8668193) addi    gp, a3, -1146
core   0: 3 0x80004f1c (0xb8668193) x 3 0xfffffb86
core   0: 0x80004f20 (0xffa14203) lbu     tp, -6(sp)
core   0: 3 0x80004f20 (0xffa14203) x 4 0x00000000 mem 0x80018833
core   0: 0x80004f24 (0xfef12ba3) sw      a5, -9(sp)
core   0: 3 0x80004f24 (0xfef12ba3) mem 0x80018830 0x00000000
core   0: 0x80004f28 (0xff514183) lbu     gp, -11(sp)
core   0: 3 0x80004f28 (0xff514183) x 3 0x00000000 mem 0x8001882e
core   0: 0x80004f2c (0xffa10883) lb      a7, -6(sp)
core   0: 3 0x80004f2c (0xffa10883) x17 0x00000000 mem 0x80018833
core   0: 0x80004f30 (0x00814203) lbu     tp, 8(sp)
core   0: 3 0x80004f30 (0x00814203) x 4 0x00000000 mem 0x80018841
core   0: 0x80004f34 (0x000c52b3) srl     t0, s8, zero
core   0: 3 0x80004f34 (0x000c52b3) x 5 0x0000e824
core   0: 0x80004f38 (0x41665093) srai    ra, a2, 22
core   0: 3 0x80004f38 (0x41665093) x 1 0x00000000
core   0: 0x80004f3c (0x38003db7) lui     s11, 0x38003
core   0: 3 0x80004f3c (0x38003db7) x27 0x38003000
core   0: 0x80004f40 (0x0094a6b3) slt     a3, s1, s1
core   0: 3 0x80004f40 (0x0094a6b3) x13 0x00000000
core   0: 0x80004f44 (0x345ca193) slti    gp, s9, 837
core   0: 3 0x80004f44 (0x345ca193) x 3 0x00000000
core   0: 0x80004f48 (0x01e2f663) bgeu    t0, t5, pc + 12
core   0: 3 0x80004f48 (0x01e2f663)
core   0: 0x80004f4c (0x01211713) slli    a4, sp, 18
core   0: 3 0x80004f4c (0x01211713) x14 0x20e40000
core   0: 0x80004f50 (0x039de263) bltu    s11, s9, pc + 36
core   0: 3 0x80004f50 (0x039de263)
core   0: 0x80004f54 (0x045a9463) bne     s5, t0, pc + 72
core   0: 3 0x80004f54 (0x045a9463)
core   0: 0x80004f9c (0x003dc2b3) xor     t0, s11, gp
core   0: 3 0x80004f9c (0x003dc2b3) x 5 0x38003000
core   0: 0x80004fa0 (0x00dd7f33) and     t5, s10, a3
core   0: 3 0x80004fa0 (0x00dd7f33) x30 0x00000000
core   0: 0x80004fa4 (0x4819b613) sltiu   a2, s3, 1153
core   0: 3 0x80004fa4 (0x4819b613) x12 0x00000001
core   0: 0x80004fa8 (0x09ecee63) bltu    s9, t5, pc + 156
core   0: 3 0x80004fa8 (0x09ecee63)
core   0: 0x80004fac (0x005b1e63) bne     s6, t0, pc + 28
core   0: 3 0x80004fac (0x005b1e63)
core   0: 0x80004fc8 (0x53882113) slti    sp, a6, 1336
core   0: 3 0x80004fc8 (0x53882113) x 2 0x00000001
core   0: 0x80004fcc (0x003018b3) sll     a7, zero, gp
core   0: 3 0x80004fcc (0x003018b3) x17 0x00000000
core   0: 0x80004fd0 (0x00018117) auipc   sp, 0x18
core   0: 3 0x80004fd0 (0x00018117) x 2 0x8001cfd0
core   0: 0x80004fd4 (0x31810113) addi    sp, sp, 792
core   0: 3 0x80004fd4 (0x31810113) x 2 0x8001d2e8
core   0: 0x80004fd8 (0x03514f03) lbu     t5, 53(sp)
core   0: 3 0x80004fd8 (0x03514f03) x30 0x00000000 mem 0x8001d31d
core   0: 0x80004fdc (0xcd89b993) sltiu   s3, s3, -808
core   0: 3 0x80004fdc (0xcd89b993) x19 0x00000001
core   0: 0x80004fe0 (0x0000100f) fence.i
core   0: 3 0x80004fe0 (0x0000100f)
core   0: 0x80004fe4 (0xfcd10983) lb      s3, -51(sp)
core   0: 3 0x80004fe4 (0xfcd10983) x19 0x00000000 mem 0x8001d2b5
core   0: 0x80004fe8 (0xfdc10f03) lb      t5, -36(sp)
core   0: 3 0x80004fe8 (0xfdc10f03) x30 0x00000000 mem 0x8001d2c4
core   0: 0x80004fec (0x00e44db3) xor     s11, s0, a4
core   0: 3 0x80004fec (0x00e44db3) x27 0xdd5412bb
core   0: 0x80004ff0 (0x01ef19b3) sll     s3, t5, t5
core   0: 3 0x80004ff0 (0x01ef19b3) x19 0x00000000
core   0: 0x80004ff4 (0xfd310523) sb      s3, -54(sp)
core   0: 3 0x80004ff4 (0xfd310523) mem 0x8001d2b2 0x0
core   0: 0x80004ff8 (0xfd914983) lbu     s3, -39(sp)
core   0: 3 0x80004ff8 (0xfd914983) x19 0x00000000 mem 0x8001d2c1
core   0: 0x80004ffc (0x902f0213) addi    tp, t5, -1790
core   0: 3 0x80004ffc (0x902f0213) x 4 0xfffff902
core   0: 0x80005000 (0x013d8733) add     a4, s11, s3
core   0: 3 0x80005000 (0x013d8733) x14 0xdd5412bb
core   0: 0x80005004 (0x01210203) lb      tp, 18(sp)
core   0: 3 0x80005004 (0x01210203) x 4 0x00000000 mem 0x8001d2fa
core   0: 0x80005008 (0xfd410983) lb      s3, -44(sp)
core   0: 3 0x80005008 (0xfd410983) x19 0x00000000 mem 0x8001d2bc
core   0: 0x8000500c (0x41e989b3) sub     s3, s3, t5
core   0: 3 0x8000500c (0x41e989b3) x19 0x00000000
core   0: 0x80005010 (0x03e10023) sb      t5, 32(sp)
core   0: 3 0x80005010 (0x03e10023) mem 0x8001d308 0x0
core   0: 0x80005014 (0x03b12a23) sw      s11, 52(sp)
core   0: 3 0x80005014 (0x03b12a23) mem 0x8001d31c 0xdd5412bb
core   0: 0x80005018 (0xc9c9c713) xori    a4, s3, -868
core   0: 3 0x80005018 (0xc9c9c713) x14 0xfffffc9c
core   0: 0x8000501c (0x00214403) lbu     s0, 2(sp)
core   0: 3 0x8000501c (0x00214403) x 8 0x00000000 mem 0x8001d2ea
core   0: 0x80005020 (0x0ff0000f) fence   iorw,iorw
core   0: 3 0x80005020 (0x0ff0000f)
core   0: 0x80005024 (0x02b10703) lb      a4, 43(sp)
core   0: 3 0x80005024 (0x02b10703) x14 0xffffffff mem 0x8001d313
core   0: 0x80005028 (0x40425733) sra     a4, tp, tp
core   0: 3 0x80005028 (0x40425733) x14 0x00000000
core   0: 0x8000502c (0xfc410a23) sb      tp, -44(sp)
core   0: 3 0x8000502c (0xfc410a23) mem 0x8001d2bc 0x0
core   0: 0x80005030 (0x00abca63) blt     s7, a0, pc + 20
core   0: 3 0x80005030 (0x00abca63)
core   0: 0x80005044 (0x02657463) bgeu    a0, t1, pc + 40
core   0: 3 0x80005044 (0x02657463)
core   0: 0x8000506c (0x0000100f) fence.i
core   0: 3 0x8000506c (0x0000100f)
core   0: 0x80005070 (0x000b1093) slli    ra, s6, 0
core   0: 3 0x80005070 (0x000b1093) x 1 0x00000001
core   0: 0x80005074 (0x01b80663) beq     a6, s11, pc + 12
core   0: 3 0x80005074 (0x01b80663)
core   0: 0x80005078 (0x038b4c63) blt     s6, s8, pc + 56
core   0: 3 0x80005078 (0x038b4c63)
core   0: 0x800050b0 (0xcb903813) sltiu   a6, zero, -839
core   0: 3 0x800050b0 (0xcb903813) x16 0x00000001
core   0: 0x800050b4 (0x40815613) srai    a2, sp, 8
core   0: 3 0x800050b4 (0x40815613) x12 0xff8001d2
core   0: 0x800050b8 (0x014f21b3) slt     gp, t5, s4
core   0: 3 0x800050b8 (0x014f21b3) x 3 0x00000001
core   0: 0x800050bc (0x009f0033) add     zero, t5, s1
core   0: 3 0x800050bc (0x009f0033)
core   0: 0x800050c0 (0x77413eb7) lui     t4, 0x77413
core   0: 3 0x800050c0 (0x77413eb7) x29 0x77413000
core   0: 0x800050c4 (0x02bd4263) blt     s10, a1, pc + 36
core   0: 3 0x800050c4 (0x02bd4263)
core   0: 0x800050e8 (0x41b3d793) srai    a5, t2, 27
core   0: 3 0x800050e8 (0x41b3d793) x15 0x00000000
core   0: 0x800050ec (0x0078d6b3) srl     a3, a7, t2
core   0: 3 0x800050ec (0x0078d6b3) x13 0x00000000
core   0: 0x800050f0 (0x017ed993) srli    s3, t4, 23
core   0: 3 0x800050f0 (0x017ed993) x19 0x000000ee
core   0: 0x800050f4 (0x030d0c63) beq     s10, a6, pc + 56
core   0: 3 0x800050f4 (0x030d0c63)
core   0: 0x800050f8 (0x02aec463) blt     t4, a0, pc + 40
core   0: 3 0x800050f8 (0x02aec463)
core   0: 0x800050fc (0x03ae6663) bltu    t3, s10, pc + 44
core   0: 3 0x800050fc (0x03ae6663)
core   0: 0x80005128 (0x4062d033) sra     zero, t0, t1
core   0: 3 0x80005128 (0x4062d033)
core   0: 0x8000512c (0x00af7133) and     sp, t5, a0
core   0: 3 0x8000512c (0x00af7133) x 2 0x00000000
core   0: 0x80005130 (0x00c53f33) sltu    t5, a0, a2
core   0: 3 0x80005130 (0x00c53f33) x30 0x00000000
core   0: 0x80005134 (0x00a410b3) sll     ra, s0, a0
core   0: 3 0x80005134 (0x00a410b3) x 1 0x00000000
core   0: 0x80005138 (0x286dd637) lui     a2, 0x286dd
core   0: 3 0x80005138 (0x286dd637) x12 0x286dd000
core   0: 0x8000513c (0xc8918c93) addi    s9, gp, -887
core   0: 3 0x8000513c (0xc8918c93) x25 0xfffffc8a
core   0: 0x80005140 (0x66701117) auipc   sp, 0x66701
core   0: 3 0x80005140 (0x66701117) x 2 0xe6706140
core   0: 0x80005144 (0x00461a33) sll     s4, a2, tp
core   0: 3 0x80005144 (0x00461a33) x20 0x286dd000
core   0: 0x80005148 (0x01cc8533) add     a0, s9, t3
core   0: 3 0x80005148 (0x01cc8533) x10 0xfffffc8a
core   0: 0x8000514c (0x01ba8a63) beq     s5, s11, pc + 20
core   0: 3 0x8000514c (0x01ba8a63)
core   0: 0x80005150 (0x0000100f) fence.i
core   0: 3 0x80005150 (0x0000100f)
core   0: 0x80005154 (0x02220c63) beq     tp, sp, pc + 56
core   0: 3 0x80005154 (0x02220c63)
core   0: 0x80005158 (0xbfdd7093) andi    ra, s10, -1027
core   0: 3 0x80005158 (0xbfdd7093) x 1 0x80027be5
core   0: 0x8000515c (0x008b1533) sll     a0, s6, s0
core   0: 3 0x8000515c (0x008b1533) x10 0x00000001
core   0: 0x80005160 (0x007cd633) srl     a2, s9, t2
core   0: 3 0x80005160 (0x007cd633) x12 0xfffffc8a
core   0: 0x80005164 (0x01d289b3) add     s3, t0, t4
core   0: 3 0x80005164 (0x01d289b3) x19 0xaf416000
core   0: 0x80005168 (0xfca2b793) sltiu   a5, t0, -54
core   0: 3 0x80005168 (0xfca2b793) x15 0x00000001
core   0: 0x8000516c (0x6db4a513) slti    a0, s1, 1755
core   0: 3 0x8000516c (0x6db4a513) x10 0x00000001
core   0: 0x80005170 (0xce2f6193) ori     gp, t5, -798
core   0: 3 0x80005170 (0xce2f6193) x 3 0xfffffce2
core   0: 0x80005174 (0x017fdd93) srli    s11, t6, 23
core   0: 3 0x80005174 (0x017fdd93) x27 0x00000000
core   0: 0x80005178 (0x0106ff33) and     t5, a3, a6
core   0: 3 0x80005178 (0x0106ff33) x30 0x00000000
core   0: 0x8000517c (0x00339e63) bne     t2, gp, pc + 28
core   0: 3 0x8000517c (0x00339e63)
core   0: 0x80005198 (0x01dffeb3) and     t4, t6, t4
core   0: 3 0x80005198 (0x01dffeb3) x29 0x00000000
core   0: 0x8000519c (0x54f29e97) auipc   t4, 0x54f29
core   0: 3 0x8000519c (0x54f29e97) x29 0xd4f2e19c
core   0: 0x800051a0 (0x0282d863) bge     t0, s0, pc + 48
core   0: 3 0x800051a0 (0x0282d863)
core   0: 0x800051d0 (0x01a05533) srl     a0, zero, s10
core   0: 3 0x800051d0 (0x01a05533) x10 0x00000000
core   0: 0x800051d4 (0x00000013) nop
core   0: 3 0x800051d4 (0x00000013)
core   0: 0x800051d8 (0x4134d0b3) sra     ra, s1, s3
core   0: 3 0x800051d8 (0x4134d0b3) x 1 0x8002bce4
core   0: 0x800051dc (0x009c8263) beq     s9, s1, pc + 4
core   0: 3 0x800051dc (0x009c8263)
core   0: 0x800051e0 (0xe8cf6d13) ori     s10, t5, -372
core   0: 3 0x800051e0 (0xe8cf6d13) x26 0xfffffe8c
core   0: 0x800051e4 (0x02ce7263) bgeu    t3, a2, pc + 36
core   0: 3 0x800051e4 (0x02ce7263)
core   0: 0x800051e8 (0x2900ad37) lui     s10, 0x2900a
core   0: 3 0x800051e8 (0x2900ad37) x26 0x2900a000
core   0: 0x800051ec (0x006fceb3) xor     t4, t6, t1
core   0: 3 0x800051ec (0x006fceb3) x29 0x00000100
core   0: 0x800051f0 (0x40d38433) sub     s0, t2, a3
core   0: 3 0x800051f0 (0x40d38433) x 8 0x000fed80
core   0: 0x800051f4 (0x9f9aed93) ori     s11, s5, -1543
core   0: 3 0x800051f4 (0x9f9aed93) x27 0xfffffbfb
core   0: 0x800051f8 (0x01f35a63) bge     t1, t6, pc + 20
core   0: 3 0x800051f8 (0x01f35a63)
core   0: 0x800051fc (0x006c7663) bgeu    s8, t1, pc + 12
core   0: 3 0x800051fc (0x006c7663)
core   0: 0x80005208 (0x154c95b7) lui     a1, 0x154c9
core   0: 3 0x80005208 (0x154c95b7) x11 0x154c9000
core   0: 0x8000520c (0x51e1a913) slti    s2, gp, 1310
core   0: 3 0x8000520c (0x51e1a913) x18 0x00000001
core   0: 0x80005210 (0xaae3a193) slti    gp, t2, -1362
core   0: 3 0x80005210 (0xaae3a193) x 3 0x00000000
core   0: 0x80005214 (0x031a8463) beq     s5, a7, pc + 40
core   0: 3 0x80005214 (0x031a8463)
core   0: 0x80005218 (0x0000100f) fence.i
core   0: 3 0x80005218 (0x0000100f)
core   0: 0x8000521c (0x00cb8db3) add     s11, s7, a2
core   0: 3 0x8000521c (0x00cb8db3) x27 0x80027aee
core   0: 0x80005220 (0x9ac06793) ori     a5, zero, -1620
core   0: 3 0x80005220 (0x9ac06793) x15 0xfffff9ac
core   0: 0x80005224 (0x018ad213) srli    tp, s5, 24
core   0: 3 0x80005224 (0x018ad213) x 4 0x000000fd
core   0: 0x80005228 (0x0ff0000f) fence   iorw,iorw
core   0: 3 0x80005228 (0x0ff0000f)
core   0: 0x8000522c (0xd72976b7) lui     a3, 0xd7297
core   0: 3 0x8000522c (0xd72976b7) x13 0xd7297000
core   0: 0x80005230 (0x03d5ee63) bltu    a1, t4, pc + 60
core   0: 3 0x80005230 (0x03d5ee63)
core   0: 0x80005234 (0x01bb7a33) and     s4, s6, s11
core   0: 3 0x80005234 (0x01bb7a33) x20 0x00000000
core   0: 0x80005238 (0x00c0eeb3) or      t4, ra, a2
core   0: 3 0x80005238 (0x00c0eeb3) x29 0xfffffcee
core   0: 0x8000523c (0x009ee233) or      tp, t4, s1
core   0: 3 0x8000523c (0x009ee233) x 4 0xfffffcee
core   0: 0x80005240 (0x012f71b3) and     gp, t5, s2
core   0: 3 0x80005240 (0x012f71b3) x 3 0x00000000
core   0: 0x80005244 (0x78a1a213) slti    tp, gp, 1930
core   0: 3 0x80005244 (0x78a1a213) x 4 0x00000001
core   0: 0x80005248 (0x00000013) nop
core   0: 3 0x80005248 (0x00000013)
core   0: 0x8000524c (0x00c39333) sll     t1, t2, a2
core   0: 3 0x8000524c (0x00c39333) x 6 0x3fb60000
core   0: 0x80005250 (0x00e56f33) or      t5, a0, a4
core   0: 3 0x80005250 (0x00e56f33) x30 0x00000000
core   0: 0x80005254 (0x01d18663) beq     gp, t4, pc + 12
core   0: 3 0x80005254 (0x01d18663)
core   0: 0x80005258 (0x0000100f) fence.i
core   0: 3 0x80005258 (0x0000100f)
core   0: 0x8000525c (0x01de6fb3) or      t6, t3, t4
core   0: 3 0x8000525c (0x01de6fb3) x31 0xfffffcee
core   0: 0x80005260 (0x00b22e33) slt     t3, tp, a1
core   0: 3 0x80005260 (0x00b22e33) x28 0x00000001
core   0: 0x80005264 (0x008be733) or      a4, s7, s0
core   0: 3 0x80005264 (0x008be733) x14 0x800fffe4
core   0: 0x80005268 (0x000d1933) sll     s2, s10, zero
core   0: 3 0x80005268 (0x000d1933) x18 0x2900a000
core   0: 0x8000526c (0xb1e6cb13) xori    s6, a3, -1250
core   0: 3 0x8000526c (0xb1e6cb13) x22 0x28d68b1e
core   0: 0x80005270 (0x41255093) srai    ra, a0, 18
core   0: 3 0x80005270 (0x41255093) x 1 0x00000000
core   0: 0x80005274 (0x030e0463) beq     t3, a6, pc + 40
core   0: 3 0x80005274 (0x030e0463)
core   0: 0x8000529c (0x9097c393) xori    t2, a5, -1783
core   0: 3 0x8000529c (0x9097c393) x 7 0x000000a5
core   0: 0x800052a0 (0x0000100f) fence.i
core   0: 3 0x800052a0 (0x0000100f)
core   0: 0x800052a4 (0x00000013) nop
core   0: 3 0x800052a4 (0x00000013)
core   0: 0x800052a8 (0x01a1dc93) srli    s9, gp, 26
core   0: 3 0x800052a8 (0x01a1dc93) x25 0x00000000
core   0: 0x800052ac (0x04bcf063) bgeu    s9, a1, pc + 64
core   0: 3 0x800052ac (0x04bcf063)
core   0: 0x800052b0 (0xa9828413) addi    s0, t0, -1384
core   0: 3 0x800052b0 (0xa9828413) x 8 0x38002a98
core   0: 0x800052b4 (0x016d1cb3) sll     s9, s10, s6
core   0: 3 0x800052b4 (0x016d1cb3) x25 0x00000000
core   0: 0x800052b8 (0x7fc9e213) ori     tp, s3, 2044
core   0: 3 0x800052b8 (0x7fc9e213) x 4 0xaf4167fc
core   0: 0x800052bc (0x712cce93) xori    t4, s9, 1810
core   0: 3 0x800052bc (0x712cce93) x29 0x00000712
core   0: 0x800052c0 (0x00d12e17) auipc   t3, 0xd12
core   0: 3 0x800052c0 (0x00d12e17) x28 0x80d172c0
core   0: 0x800052c4 (0x0ff0000f) fence   iorw,iorw
core   0: 3 0x800052c4 (0x0ff0000f)
core   0: 0x800052c8 (0x64584113) xori    sp, a6, 1605
core   0: 3 0x800052c8 (0x64584113) x 2 0x00000644
core   0: 0x800052cc (0x00177e33) and     t3, a4, ra
core   0: 3 0x800052cc (0x00177e33) x28 0x00000000
core   0: 0x800052d0 (0x01697eb3) and     t4, s2, s6
core   0: 3 0x800052d0 (0x01697eb3) x29 0x28008000
core   0: 0x800052d4 (0x01efaa33) slt     s4, t6, t5
core   0: 3 0x800052d4 (0x01efaa33) x20 0x00000001
core   0: 0x800052d8 (0x0e3e5897) auipc   a7, 0xe3e5
core   0: 3 0x800052d8 (0x0e3e5897) x17 0x8e3ea2d8
core   0: 0x800052dc (0x002087b3) add     a5, ra, sp
core   0: 3 0x800052dc (0x002087b3) x15 0x00000644
core   0: 0x800052e0 (0x00711513) slli    a0, sp, 7
core   0: 3 0x800052e0 (0x00711513) x10 0x00032200
core   0: 0x800052e4 (0x414d5d93) srai    s11, s10, 20
core   0: 3 0x800052e4 (0x414d5d93) x27 0x00000290
core   0: 0x800052e8 (0x0ff0000f) fence   iorw,iorw
core   0: 3 0x800052e8 (0x0ff0000f)
core   0: 0x800052ec (0x00870333) add     t1, a4, s0
core   0: 3 0x800052ec (0x00870333) x 6 0xb8102a7c
core   0: 0x800052f0 (0x554806b7) lui     a3, 0x55480
core   0: 3 0x800052f0 (0x554806b7) x13 0x55480000
core   0: 0x800052f4 (0x035b1e63) bne     s6, s5, pc + 60
core   0: 3 0x800052f4 (0x035b1e63)
core   0: 0x80005330 (0x42dd0093) addi    ra, s10, 1069
core   0: 3 0x80005330 (0x42dd0093) x 1 0x2900a42d
core   0: 0x80005334 (0x02020463) beqz    tp, pc + 40
core   0: 3 0x80005334 (0x02020463)
core   0: 0x80005338 (0x40ef5cb3) sra     s9, t5, a4
core   0: 3 0x80005338 (0x40ef5cb3) x25 0x00000000
core   0: 0x8000533c (0x17486f13) ori     t5, a6, 372
core   0: 3 0x8000533c (0x17486f13) x30 0x00000175
core   0: 0x80005340 (0x01537e63) bgeu    t1, s5, pc + 28
core   0: 3 0x80005340 (0x01537e63)
core   0: 0x80005344 (0x01675f93) srli    t6, a4, 22
core   0: 3 0x80005344 (0x01675f93) x31 0x00000200
core   0: 0x80005348 (0x00000013) nop
core   0: 3 0x80005348 (0x00000013)
core   0: 0x8000534c (0x0328da63) bge     a7, s2, pc + 52
core   0: 3 0x8000534c (0x0328da63)
core   0: 0x80005350 (0x00fd6db3) or      s11, s10, a5
core   0: 3 0x80005350 (0x00fd6db3) x27 0x2900a644
core   0: 0x80005354 (0x03d8e463) bltu    a7, t4, pc + 40
core   0: 3 0x80005354 (0x03d8e463)
core   0: 0x80005358 (0x66f28413) addi    s0, t0, 1647
core   0: 3 0x80005358 (0x66f28413) x 8 0x3800366f
core   0: 0x8000535c (0x417cd7b3) sra     a5, s9, s7
core   0: 3 0x8000535c (0x417cd7b3) x15 0x00000000
core   0: 0x80005360 (0x38affb13) andi    s6, t6, 906
core   0: 3 0x80005360 (0x38affb13) x22 0x00000200
core   0: 0x80005364 (0x775ecc93) xori    s9, t4, 1909
core   0: 3 0x80005364 (0x775ecc93) x25 0x28008775
core   0: 0x80005368 (0x00c02533) slt     a0, zero, a2
core   0: 3 0x80005368 (0x00c02533) x10 0x00000000
core   0: 0x8000536c (0x011a8933) add     s2, s5, a7
core   0: 3 0x8000536c (0x011a8933) x18 0x8beeb593
core   0: 0x80005370 (0x01e5e3b3) or      t2, a1, t5
core   0: 3 0x80005370 (0x01e5e3b3) x 7 0x154c9175
core   0: 0x80005374 (0xaee18913) addi    s2, gp, -1298
core   0: 3 0x80005374 (0xaee18913) x18 0xfffffaee
core   0: 0x80005378 (0x015971b3) and     gp, s2, s5
core   0: 3 0x80005378 (0x015971b3) x 3 0xfdb012aa
core   0: 0x8000537c (0x407c5593) srai    a1, s8, 7
core   0: 3 0x8000537c (0x407c5593) x11 0x000001d0
core   0: 0x80005380 (0x26701297) auipc   t0, 0x26701
core   0: 3 0x80005380 (0x26701297) x 5 0xa6706380
core   0: 0x80005384 (0x008a86b3) add     a3, s5, s0
core   0: 3 0x80005384 (0x008a86b3) x13 0x35b0492a
core   0: 0x80005388 (0x016fc663) blt     t6, s6, pc + 12
core   0: 3 0x80005388 (0x016fc663)
core   0: 0x8000538c (0x017cf3b3) and     t2, s9, s7
core   0: 3 0x8000538c (0x017cf3b3) x 7 0x00000664
core   0: 0x80005390 (0x37ba3993) sltiu   s3, s4, 891
core   0: 3 0x80005390 (0x37ba3993) x19 0x00000001
core   0: 0x80005394 (0x03736e63) bltu    t1, s7, pc + 60
core   0: 3 0x80005394 (0x03736e63)
core   0: 0x80005398 (0x5ee2e393) ori     t2, t0, 1518
core   0: 3 0x80005398 (0x5ee2e393) x 7 0xa67067ee
core   0: 0x8000539c (0x03c7cc63) blt     a5, t3, pc + 56
core   0: 3 0x8000539c (0x03c7cc63)
core   0: 0x800053a0 (0x01bb9033) sll     zero, s7, s11
core   0: 3 0x800053a0 (0x01bb9033)
core   0: 0x800053a4 (0x0448d463) bge     a7, tp, pc + 72
core   0: 3 0x800053a4 (0x0448d463)
core   0: 0x800053a8 (0x00637663) bgeu    t1, t1, pc + 12
core   0: 3 0x800053a8 (0x00637663)
core   0: 0x800053b4 (0x4069d713) srai    a4, s3, 6
core   0: 3 0x800053b4 (0x4069d713) x14 0x00000000
core   0: 0x800053b8 (0x41335eb3) sra     t4, t1, s3
core   0: 3 0x800053b8 (0x41335eb3) x29 0xdc08153e
core   0: 0x800053bc (0x58a67237) lui     tp, 0x58a67
core   0: 3 0x800053bc (0x58a67237) x 4 0x58a67000
core   0: 0x800053c0 (0x3eaf90b7) lui     ra, 0x3eaf9
core   0: 3 0x800053c0 (0x3eaf90b7) x 1 0x3eaf9000
core   0: 0x800053c4 (0x00000013) nop
core   0: 3 0x800053c4 (0x00000013)
core   0: 0x800053c8 (0x033c7663) bgeu    s8, s3, pc + 44
core   0: 3 0x800053c8 (0x033c7663)
core   0: 0x800053f4 (0x01daa933) slt     s2, s5, t4
core   0: 3 0x800053f4 (0x01daa933) x18 0x00000000
core   0: 0x800053f8 (0x00259133) sll     sp, a1, sp
core   0: 3 0x800053f8 (0x00259133) x 2 0x00001d00
core   0: 0x800053fc (0x00bc13b3) sll     t2, s8, a1
core   0: 3 0x800053fc (0x00bc13b3) x 7 0xe8240000
core   0: 0x80005400 (0xf779b937) lui     s2, 0xf779b
core   0: 3 0x80005400 (0xf779b937) x18 0xf779b000
core   0: 0x80005404 (0x00000013) nop
core   0: 3 0x80005404 (0x00000013)
core   0: 0x80005408 (0x00b85013) srli    zero, a6, 11
core   0: 3 0x80005408 (0x00b85013)
core   0: 0x8000540c (0x415b80b3) sub     ra, s7, s5
core   0: 3 0x8000540c (0x415b80b3) x 1 0x82526ba9
core   0: 0x80005410 (0x0ff0000f) fence   iorw,iorw
core   0: 3 0x80005410 (0x0ff0000f)
core   0: 0x80005414 (0x032bc863) blt     s7, s2, pc + 48
core   0: 3 0x80005414 (0x032bc863)
core   0: 0x80005444 (0x0000100f) fence.i
core   0: 3 0x80005444 (0x0000100f)
core   0: 0x80005448 (0x00604933) xor     s2, zero, t1
core   0: 3 0x80005448 (0x00604933) x18 0xb8102a7c
core   0: 0x8000544c (0x02a3d263) bge     t2, a0, pc + 36
core   0: 3 0x8000544c (0x02a3d263)
core   0: 0x80005450 (0x01abd333) srl     t1, s7, s10
core   0: 3 0x80005450 (0x01abd333) x 6 0x80027e64
core   0: 0x80005454 (0x00b60263) beq     a2, a1, pc + 4
core   0: 3 0x80005454 (0x00b60263)
core   0: 0x80005458 (0x404083b3) sub     t2, ra, tp
core   0: 3 0x80005458 (0x404083b3) x 7 0x29abfba9
core   0: 0x8000545c (0x00fdaa33) slt     s4, s11, a5
core   0: 3 0x8000545c (0x00fdaa33) x20 0x00000000
core   0: 0x80005460 (0x7aab0293) addi    t0, s6, 1962
core   0: 3 0x80005460 (0x7aab0293) x 5 0x000009aa
core   0: 0x80005464 (0x01aad6b3) srl     a3, s5, s10
core   0: 3 0x80005464 (0x01aad6b3) x13 0xfdb012bb
core   0: 0x80005468 (0x00350eb3) add     t4, a0, gp
core   0: 3 0x80005468 (0x00350eb3) x29 0xfdb012aa
core   0: 0x8000546c (0x009e5eb3) srl     t4, t3, s1
core   0: 3 0x8000546c (0x009e5eb3) x29 0x00000000
core   0: 0x80005470 (0x01e05c33) srl     s8, zero, t5
core   0: 3 0x80005470 (0x01e05c33) x24 0x00000000
core   0: 0x80005474 (0x01c1c6b3) xor     a3, gp, t3
core   0: 3 0x80005474 (0x01c1c6b3) x13 0xfdb012aa
core   0: 0x80005478 (0x74f74613) xori    a2, a4, 1871
core   0: 3 0x80005478 (0x74f74613) x12 0x0000074f
core   0: 0x8000547c (0x013cd593) srli    a1, s9, 19
core   0: 3 0x8000547c (0x013cd593) x11 0x00000500
core   0: 0x80005480 (0x00228033) add     zero, t0, sp
core   0: 3 0x80005480 (0x00228033)
core   0: 0x80005484 (0x9344c313) xori    t1, s1, -1740
core   0: 3 0x80005484 (0x9344c313) x 6 0x7ffd45d0
core   0: 0x80005488 (0x1f2f8093) addi    ra, t6, 498
core   0: 3 0x80005488 (0x1f2f8093) x 1 0x000003f2
core   0: 0x8000548c (0x3cc62113) slti    sp, a2, 972
core   0: 3 0x8000548c (0x3cc62113) x 2 0x00000000
core   0: 0x80005490 (0xf8338637) lui     a2, 0xf8338
core   0: 3 0x80005490 (0xf8338637) x12 0xf8338000
core   0: 0x80005494 (0x01e3de93) srli    t4, t2, 30
core   0: 3 0x80005494 (0x01e3de93) x29 0x00000000
core   0: 0x80005498 (0x05fb9063) bne     s7, t6, pc + 64
core   0: 3 0x80005498 (0x05fb9063)
core   0: 0x800054d8 (0x40b4d9b3) sra     s3, s1, a1
core   0: 3 0x800054d8 (0x40b4d9b3) x19 0x8002bce4
core   0: 0x800054dc (0x0157a233) slt     tp, a5, s5
core   0: 3 0x800054dc (0x0157a233) x 4 0x00000000
core   0: 0x800054e0 (0x0ff0000f) fence   iorw,iorw
core   0: 3 0x800054e0 (0x0ff0000f)
core   0: 0x800054e4 (0x0139efb3) or      t6, s3, s3
core   0: 3 0x800054e4 (0x0139efb3) x31 0x8002bce4
core   0: 0x800054e8 (0x7abe2213) slti    tp, t3, 1963
core   0: 3 0x800054e8 (0x7abe2213) x 4 0x00000001
core   0: 0x800054ec (0x00108c63) beq     ra, ra, pc + 24
core   0: 3 0x800054ec (0x00108c63)
core   0: 0x80005504 (0x02e9d463) bge     s3, a4, pc + 40
core   0: 3 0x80005504 (0x02e9d463)
core   0: 0x80005508 (0x4162d713) srai    a4, t0, 22
core   0: 3 0x80005508 (0x4162d713) x14 0x00000000
core   0: 0x8000550c (0x008bd213) srli    tp, s7, 8
core   0: 3 0x8000550c (0x008bd213) x 4 0x0080027e
core   0: 0x80005510 (0x5d7981b7) lui     gp, 0x5d798
core   0: 3 0x80005510 (0x5d7981b7) x 3 0x5d798000
core   0: 0x80005514 (0x41dfdeb3) sra     t4, t6, t4
core   0: 3 0x80005514 (0x41dfdeb3) x29 0x8002bce4
core   0: 0x80005518 (0x0152d933) srl     s2, t0, s5
core   0: 3 0x80005518 (0x0152d933) x18 0x00000000
core   0: 0x8000551c (0x01a51d93) slli    s11, a0, 26
core   0: 3 0x8000551c (0x01a51d93) x27 0x00000000
core   0: 0x80005520 (0x0000100f) fence.i
core   0: 3 0x80005520 (0x0000100f)
core   0: 0x80005524 (0x6ee1f813) andi    a6, gp, 1774
core   0: 3 0x80005524 (0x6ee1f813) x16 0x00000000
core   0: 0x80005528 (0x0055df33) srl     t5, a1, t0
core   0: 3 0x80005528 (0x0055df33) x30 0x00000001
core   0: 0x8000552c (0x4099dfb3) sra     t6, s3, s1
core   0: 3 0x8000552c (0x4099dfb3) x31 0xf8002bce
core   0: 0x80005530 (0xdf41e913) ori     s2, gp, -524
core   0: 3 0x80005530 (0xdf41e913) x18 0xfffffdf4
core   0: 0x80005534 (0x0ff0000f) fence   iorw,iorw
core   0: 3 0x80005534 (0x0ff0000f)
core   0: 0x80005538 (0x0ff0000f) fence   iorw,iorw
core   0: 3 0x80005538 (0x0ff0000f)
core   0: 0x8000553c (0x008192b3) sll     t0, gp, s0
core   0: 3 0x8000553c (0x008192b3) x 5 0xc0000000
core   0: 0x80005540 (0x0597e463) bltu    a5, s9, pc + 72
core   0: 3 0x80005540 (0x0597e463)
core   0: 0x80005588 (0xc0fff993) andi    s3, t6, -1009
core   0: 3 0x80005588 (0xc0fff993) x19 0xf800280e
core   0: 0x8000558c (0x619afa37) lui     s4, 0x619af
core   0: 3 0x8000558c (0x619afa37) x20 0x619af000
core   0: 0x80005590 (0xaa43a593) slti    a1, t2, -1372
core   0: 3 0x80005590 (0xaa43a593) x11 0x00000000
core   0: 0x80005594 (0x6188e693) ori     a3, a7, 1560
core   0: 3 0x80005594 (0x6188e693) x13 0x8e3ea6d8
core   0: 0x80005598 (0x4cdac613) xori    a2, s5, 1229
core   0: 3 0x80005598 (0x4cdac613) x12 0xfdb01676
core   0: 0x8000559c (0x04c1e063) bltu    gp, a2, pc + 64
core   0: 3 0x8000559c (0x04c1e063)
core   0: 0x800055dc (0x874ac793) xori    a5, s5, -1932
core   0: 3 0x800055dc (0x874ac793) x15 0x024feacf
core   0: 0x800055e0 (0x01274663) blt     a4, s2, pc + 12
core   0: 3 0x800055e0 (0x01274663)
core   0: 0x800055e4 (0x024c4263) blt     s8, tp, pc + 36
core   0: 3 0x800055e4 (0x024c4263)
core   0: 0x80005608 (0xd4ed5597) auipc   a1, 0xd4ed5
core   0: 3 0x80005608 (0xd4ed5597) x11 0x54eda608
core   0: 0x8000560c (0x47f96193) ori     gp, s2, 1151
core   0: 3 0x8000560c (0x47f96193) x 3 0xfffffdff
core   0: 0x80005610 (0x01509813) slli    a6, ra, 21
core   0: 3 0x80005610 (0x01509813) x16 0x7e400000
core   0: 0x80005614 (0x09d04013) xori    zero, zero, 157
core   0: 3 0x80005614 (0x09d04013)
core   0: 0x80005618 (0x038d9663) bne     s11, s8, pc + 44
core   0: 3 0x80005618 (0x038d9663)
core   0: 0x8000561c (0x01424a63) blt     tp, s4, pc + 20
core   0: 3 0x8000561c (0x01424a63)
core   0: 0x80005630 (0x042ec293) xori    t0, t4, 66
core   0: 3 0x80005630 (0x042ec293) x 5 0x8002bca6
core   0: 0x80005634 (0x406c80b3) sub     ra, s9, t1
core   0: 3 0x80005634 (0x406c80b3) x 1 0xa80341a5
core   0: 0x80005638 (0x411b87b3) sub     a5, s7, a7
core   0: 3 0x80005638 (0x411b87b3) x15 0xf1c3db8c
core   0: 0x8000563c (0x77c58093) addi    ra, a1, 1916
core   0: 3 0x8000563c (0x77c58093) x 1 0x54edad84
core   0: 0x80005640 (0x46248c13) addi    s8, s1, 1122
core   0: 3 0x80005640 (0x46248c13) x24 0x8002c146
core   0: 0x80005644 (0xdc3e4d13) xori    s10, t3, -573
core   0: 3 0x80005644 (0xdc3e4d13) x26 0xfffffdc3
core   0: 0x80005648 (0x4649a693) slti    a3, s3, 1124
core   0: 3 0x80005648 (0x4649a693) x13 0x00000001
core   0: 0x8000564c (0x415587b3) sub     a5, a1, s5
core   0: 3 0x8000564c (0x415587b3) x15 0x573d934d
core   0: 0x80005650 (0x37a1c593) xori    a1, gp, 890
core   0: 3 0x80005650 (0x37a1c593) x11 0xfffffe85
core   0: 0x80005654 (0x74cbb617) auipc   a2, 0x74cbb
core   0: 3 0x80005654 (0x74cbb617) x12 0xf4cc0654
core   0: 0x80005658 (0x78a2a013) slti    zero, t0, 1930
core   0: 3 0x80005658 (0x78a2a013)
core   0: 0x8000565c (0x0ff0000f) fence   iorw,iorw
core   0: 3 0x8000565c (0x0ff0000f)
core   0: 0x80005660 (0x51ac3113) sltiu   sp, s8, 1306
core   0: 3 0x80005660 (0x51ac3113) x 2 0x00000000
core   0: 0x80005664 (0x03179063) bne     a5, a7, pc + 32
core   0: 3 0x80005664 (0x03179063)
core   0: 0x80005684 (0x0191fcb3) and     s9, gp, s9
core   0: 3 0x80005684 (0x0191fcb3) x25 0x28008575
core   0: 0x80005688 (0x61d52e93) slti    t4, a0, 1565
core   0: 3 0x80005688 (0x61d52e93) x29 0x00000001
core   0: 0x8000568c (0x038b0263) beq     s6, s8, pc + 36
core   0: 3 0x8000568c (0x038b0263)
core   0: 0x80005690 (0x01be3133) sltu    sp, t3, s11
core   0: 3 0x80005690 (0x01be3133) x 2 0x00000000
core   0: 0x80005694 (0x00745713) srli    a4, s0, 7
core   0: 3 0x80005694 (0x00745713) x14 0x0070006c
core   0: 0x80005698 (0x01794433) xor     s0, s2, s7
core   0: 3 0x80005698 (0x01794433) x 8 0x7ffd8390
core   0: 0x8000569c (0x019b6193) ori     gp, s6, 25
core   0: 3 0x8000569c (0x019b6193) x 3 0x00000219
core   0: 0x800056a0 (0x409af293) andi    t0, s5, 1033
core   0: 3 0x800056a0 (0x409af293) x 5 0x00000009
core   0: 0x800056a4 (0x018b6663) bltu    s6, s8, pc + 12
core   0: 3 0x800056a4 (0x018b6663)
core   0: 0x800056b0 (0x0189b5b3) sltu    a1, s3, s8
core   0: 3 0x800056b0 (0x0189b5b3) x11 0x00000000
core   0: 0x800056b4 (0xf8af4013) xori    zero, t5, -118
core   0: 3 0x800056b4 (0xf8af4013)
core   0: 0x800056b8 (0x657f3a13) sltiu   s4, t5, 1623
core   0: 3 0x800056b8 (0x657f3a13) x20 0x00000001
core   0: 0x800056bc (0x408357b3) sra     a5, t1, s0
core   0: 3 0x800056bc (0x408357b3) x15 0x00007ffd
core   0: 0x800056c0 (0x01c5ca63) blt     a1, t3, pc + 20
core   0: 3 0x800056c0 (0x01c5ca63)
core   0: 0x800056c4 (0x00f51233) sll     tp, a0, a5
core   0: 3 0x800056c4 (0x00f51233) x 4 0x00000000
core   0: 0x800056c8 (0x05129463) bne     t0, a7, pc + 72
core   0: 3 0x800056c8 (0x05129463)
core   0: 0x80005710 (0x0000100f) fence.i
core   0: 3 0x80005710 (0x0000100f)
core   0: 0x80005714 (0x0000100f) fence.i
core   0: 3 0x80005714 (0x0000100f)
core   0: 0x80005718 (0x416685b3) sub     a1, a3, s6
core   0: 3 0x80005718 (0x416685b3) x11 0xfffffe01
core   0: 0x8000571c (0xad510413) addi    s0, sp, -1323
core   0: 3 0x8000571c (0xad510413) x 8 0xfffffad5
core   0: 0x80005720 (0x00175e63) bge     a4, ra, pc + 28
core   0: 3 0x80005720 (0x00175e63)
core   0: 0x80005724 (0x009d6033) or      zero, s10, s1
core   0: 3 0x80005724 (0x009d6033)
core   0: 0x80005728 (0x525879b7) lui     s3, 0x52587
core   0: 3 0x80005728 (0x525879b7) x19 0x52587000
core   0: 0x8000572c (0x321b0b13) addi    s6, s6, 801
core   0: 3 0x8000572c (0x321b0b13) x22 0x00000521
core   0: 0x80005730 (0x00477cb3) and     s9, a4, tp
core   0: 3 0x80005730 (0x00477cb3) x25 0x00000000
core   0: 0x80005734 (0x153a7713) andi    a4, s4, 339
core   0: 3 0x80005734 (0x153a7713) x14 0x00000001
core   0: 0x80005738 (0xa866ef13) ori     t5, a3, -1402
core   0: 3 0x80005738 (0xa866ef13) x30 0xfffffa87
core   0: 0x8000573c (0x03c10863) beq     sp, t3, pc + 48
core   0: 3 0x8000573c (0x03c10863)
core   0: 0x8000576c (0x009d48b3) xor     a7, s10, s1
core   0: 3 0x8000576c (0x009d48b3) x17 0x7ffd4127
core   0: 0x80005770 (0x019c3833) sltu    a6, s8, s9
core   0: 3 0x80005770 (0x019c3833) x16 0x00000000
core   0: 0x80005774 (0x01651333) sll     t1, a0, s6
core   0: 3 0x80005774 (0x01651333) x 6 0x00000000
core   0: 0x80005778 (0x02498463) beq     s3, tp, pc + 40
core   0: 3 0x80005778 (0x02498463)
core   0: 0x8000577c (0x01b9b433) sltu    s0, s3, s11
core   0: 3 0x8000577c (0x01b9b433) x 8 0x00000000
core   0: 0x80005780 (0xb2f37397) auipc   t2, 0xb2f37
core   0: 3 0x80005780 (0xb2f37397) x 7 0x32f3c780
core   0: 0x80005784 (0x002fcd33) xor     s10, t6, sp
core   0: 3 0x80005784 (0x002fcd33) x26 0xf8002bce
core   0: 0x80005788 (0x009743b3) xor     t2, a4, s1
core   0: 3 0x80005788 (0x009743b3) x 7 0x8002bce5
core   0: 0x8000578c (0xed4f2c13) slti    s8, t5, -300
core   0: 3 0x8000578c (0xed4f2c13) x24 0x00000001
core   0: 0x80005790 (0x00aa1c93) slli    s9, s4, 10
core   0: 3 0x80005790 (0x00aa1c93) x25 0x00000400
core   0: 0x80005794 (0x0859eb13) ori     s6, s3, 133
core   0: 3 0x80005794 (0x0859eb13) x22 0x52587085
core   0: 0x80005798 (0x405155b3) sra     a1, sp, t0
core   0: 3 0x80005798 (0x405155b3) x11 0x00000000
core   0: 0x8000579c (0x01161cb3) sll     s9, a2, a7
core   0: 3 0x8000579c (0x01161cb3) x25 0x66032a00
core   0: 0x800057a0 (0x00311413) slli    s0, sp, 3
core   0: 3 0x800057a0 (0x00311413) x 8 0x00000000
core   0: 0x800057a4 (0x0ff0000f) fence   iorw,iorw
core   0: 3 0x800057a4 (0x0ff0000f)
core   0: 0x800057a8 (0x40268433) sub     s0, a3, sp
core   0: 3 0x800057a8 (0x40268433) x 8 0x00000001
core   0: 0x800057ac (0x3b03c693) xori    a3, t2, 944
core   0: 3 0x800057ac (0x3b03c693) x13 0x8002bf55
core   0: 0x800057b0 (0x0183e133) or      sp, t2, s8
core   0: 3 0x800057b0 (0x0183e133) x 2 0x8002bce5
core   0: 0x800057b4 (0x00d38a33) add     s4, t2, a3
core   0: 3 0x800057b4 (0x00d38a33) x20 0x00057c3a
core   0: 0x800057b8 (0x004196b3) sll     a3, gp, tp
core   0: 3 0x800057b8 (0x004196b3) x13 0x00000219
core   0: 0x800057bc (0x00f6d033) srl     zero, a3, a5
core   0: 3 0x800057bc (0x00f6d033)
core   0: 0x800057c0 (0x04929063) bne     t0, s1, pc + 64
core   0: 3 0x800057c0 (0x04929063)
core   0: 0x80005800 (0x40c680b3) sub     ra, a3, a2
core   0: 3 0x80005800 (0x40c680b3) x 1 0x0b33fbc5
core   0: 0x80005804 (0x00000013) nop
core   0: 3 0x80005804 (0x00000013)
core   0: 0x80005808 (0x0159aeb3) slt     t4, s3, s5
core   0: 3 0x80005808 (0x0159aeb3) x29 0x00000000
core   0: 0x8000580c (0xa9761217) auipc   tp, 0xa9761
core   0: 3 0x8000580c (0xa9761217) x 4 0x2976680c
core   0: 0x80005810 (0x01396663) bltu    s2, s3, pc + 12
core   0: 3 0x80005810 (0x01396663)
core   0: 0x80005814 (0x3bca0f93) addi    t6, s4, 956
core   0: 3 0x80005814 (0x3bca0f93) x31 0x00057ff6
core   0: 0x80005818 (0x007d2f33) slt     t5, s10, t2
core   0: 3 0x80005818 (0x007d2f33) x30 0x00000000
core   0: 0x8000581c (0x01d03eb3) snez    t4, t4
core   0: 3 0x8000581c (0x01d03eb3) x29 0x00000000
core   0: 0x80005820 (0x00185663) bge     a6, ra, pc + 12
core   0: 3 0x80005820 (0x00185663)
core   0: 0x80005824 (0x015c5393) srli    t2, s8, 21
core   0: 3 0x80005824 (0x015c5393) x 7 0x00000000
core   0: 0x80005828 (0x01782eb3) slt     t4, a6, s7
core   0: 3 0x80005828 (0x01782eb3) x29 0x00000000
core   0: 0x8000582c (0x9d3876b7) lui     a3, 0x9d387
core   0: 3 0x8000582c (0x9d3876b7) x13 0x9d387000
core   0: 0x80005830 (0x00000013) nop
core   0: 3 0x80005830 (0x00000013)
core   0: 0x80005834 (0x009ee2b3) or      t0, t4, s1
core   0: 3 0x80005834 (0x009ee2b3) x 5 0x8002bce4
core   0: 0x80005838 (0x98070713) addi    a4, a4, -1664
core   0: 3 0x80005838 (0x98070713) x14 0xfffff981
core   0: 0x8000583c (0x04020463) beqz    tp, pc + 72
core   0: 3 0x8000583c (0x04020463)
core   0: 0x80005840 (0x6ef49597) auipc   a1, 0x6ef49
core   0: 3 0x80005840 (0x6ef49597) x11 0xeef4e840
core   0: 0x80005844 (0x61aa7f93) andi    t6, s4, 1562
core   0: 3 0x80005844 (0x61aa7f93) x31 0x0000041a
core   0: 0x80005848 (0x0004dc13) srli    s8, s1, 0
core   0: 3 0x80005848 (0x0004dc13) x24 0x8002bce4
core   0: 0x8000584c (0xbf758393) addi    t2, a1, -1033
core   0: 3 0x8000584c (0xbf758393) x 7 0xeef4e437
core   0: 0x80005850 (0xf87dc993) xori    s3, s11, -121
core   0: 3 0x80005850 (0xf87dc993) x19 0xffffff87
core   0: 0x80005854 (0x9994f393) andi    t2, s1, -1639
core   0: 3 0x80005854 (0x9994f393) x 7 0x8002b880
core   0: 0x80005858 (0x02bd8c63) beq     s11, a1, pc + 56
core   0: 3 0x80005858 (0x02bd8c63)
core   0: 0x8000585c (0x0300e263) bltu    ra, a6, pc + 36
core   0: 3 0x8000585c (0x0300e263)
core   0: 0x80005860 (0xf9d0b393) sltiu   t2, ra, -99
core   0: 3 0x80005860 (0xf9d0b393) x 7 0x00000001
core   0: 0x80005864 (0xe391f317) auipc   t1, 0xe391f
core   0: 3 0x80005864 (0xe391f317) x 6 0x63924864
core   0: 0x80005868 (0x0028d313) srli    t1, a7, 2
core   0: 3 0x80005868 (0x0028d313) x 6 0x1fff5049
core   0: 0x8000586c (0x3f2e2f17) auipc   t5, 0x3f2e2
core   0: 3 0x8000586c (0x3f2e2f17) x30 0xbf2e786c
core   0: 0x80005870 (0x9bf4f213) andi    tp, s1, -1601
core   0: 3 0x80005870 (0x9bf4f213) x 4 0x8002b8a4
core   0: 0x80005874 (0xd1327293) andi    t0, tp, -749
core   0: 3 0x80005874 (0xd1327293) x 5 0x8002b800
core   0: 0x80005878 (0x0197c433) xor     s0, a5, s9
core   0: 3 0x80005878 (0x0197c433) x 8 0x660355fd
core   0: 0x8000587c (0x0111cdb3) xor     s11, gp, a7
core   0: 3 0x8000587c (0x0111cdb3) x27 0x7ffd433e
core   0: 0x80005880 (0x00809f13) slli    t5, ra, 8
core   0: 3 0x80005880 (0x00809f13) x30 0x33fbc500
core   0: 0x80005884 (0x00f2c6b3) xor     a3, t0, a5
core   0: 3 0x80005884 (0x00f2c6b3) x13 0x8002c7fd
core   0: 0x80005888 (0x0000100f) fence.i
core   0: 3 0x80005888 (0x0000100f)
core   0: 0x8000588c (0x016e4b33) xor     s6, t3, s6
core   0: 3 0x8000588c (0x016e4b33) x22 0x52587085
core   0: 0x80005890 (0x0268c463) blt     a7, t1, pc + 40
core   0: 3 0x80005890 (0x0268c463)
core   0: 0x80005894 (0x058df463) bgeu    s11, s8, pc + 72
core   0: 3 0x80005894 (0x058df463)
core   0: 0x80005898 (0x40bd8cb3) sub     s9, s11, a1
core   0: 3 0x80005898 (0x40bd8cb3) x25 0x91085afe
core   0: 0x8000589c (0x04d49463) bne     s1, a3, pc + 72
core   0: 3 0x8000589c (0x04d49463)
core   0: 0x800058e4 (0xbf2df013) andi    zero, s11, -1038
core   0: 3 0x800058e4 (0xbf2df013)
core   0: 0x800058e8 (0xd5d06e13) ori     t3, zero, -675
core   0: 3 0x800058e8 (0xd5d06e13) x28 0xfffffd5d
core   0: 0x800058ec (0x00000013) nop
core   0: 3 0x800058ec (0x00000013)
core   0: 0x800058f0 (0x01cd5263) bge     s10, t3, pc + 4
core   0: 3 0x800058f0 (0x01cd5263)
core   0: 0x800058f4 (0x010c68b3) or      a7, s8, a6
core   0: 3 0x800058f4 (0x010c68b3) x17 0x8002bce4
core   0: 0x800058f8 (0xfa670293) addi    t0, a4, -90
core   0: 3 0x800058f8 (0xfa670293) x 5 0xfffff927
core   0: 0x800058fc (0x40a1d9b3) sra     s3, gp, a0
core   0: 3 0x800058fc (0x40a1d9b3) x19 0x00000219
core   0: 0x80005900 (0x7135e293) ori     t0, a1, 1811
core   0: 3 0x80005900 (0x7135e293) x 5 0xeef4ef53
core   0: 0x80005904 (0x0000100f) fence.i
core   0: 3 0x80005904 (0x0000100f)
core   0: 0x80005908 (0x41095e33) sra     t3, s2, a6
core   0: 3 0x80005908 (0x41095e33) x28 0xfffffdf4
core   0: 0x8000590c (0x01c0c2b3) xor     t0, ra, t3
core   0: 3 0x8000590c (0x01c0c2b3) x 5 0xf4cc0631
core   0: 0x80005910 (0x0000100f) fence.i
core   0: 3 0x80005910 (0x0000100f)
core   0: 0x80005914 (0xe5bcb693) sltiu   a3, s9, -421
core   0: 3 0x80005914 (0xe5bcb693) x13 0x00000001
core   0: 0x80005918 (0x012f6133) or      sp, t5, s2
core   0: 3 0x80005918 (0x012f6133) x 2 0xfffffdf4
core   0: 0x8000591c (0xb705cf93) xori    t6, a1, -1168
core   0: 3 0x8000591c (0xb705cf93) x31 0x110b1330
core   0: 0x80005920 (0x01f91213) slli    tp, s2, 31
core   0: 3 0x80005920 (0x01f91213) x 4 0x00000000
core   0: 0x80005924 (0x03b8e463) bltu    a7, s11, pc + 40
core   0: 3 0x80005924 (0x03b8e463)
core   0: 0x80005928 (0x0000100f) fence.i
core   0: 3 0x80005928 (0x0000100f)
core   0: 0x8000592c (0x00000013) nop
core   0: 3 0x8000592c (0x00000013)
core   0: 0x80005930 (0x0b156663) bltu    a0, a7, pc + 172
core   0: 3 0x80005930 (0x0b156663)
core   0: 0x800059dc (0x00000013) nop
core   0: 3 0x800059dc (0x00000013)
core   0: 0x800059e0 (0xf26f0b13) addi    s6, t5, -218
core   0: 3 0x800059e0 (0xf26f0b13) x22 0x33fbc426
core   0: 0x800059e4 (0xc5264d93) xori    s11, a2, -942
core   0: 3 0x800059e4 (0xc5264d93) x27 0x0b33fa06
core   0: 0x800059e8 (0x00b64663) blt     a2, a1, pc + 12
core   0: 3 0x800059e8 (0x00b64663)
core   0: 0x800059ec (0x00967863) bgeu    a2, s1, pc + 16
core   0: 3 0x800059ec (0x00967863)
core   0: 0x800059fc (0x0000100f) fence.i
core   0: 3 0x800059fc (0x0000100f)
core   0: 0x80005a00 (0x00c95c33) srl     s8, s2, a2
core   0: 3 0x80005a00 (0x00c95c33) x24 0x00000fff
core   0: 0x80005a04 (0x00000013) nop
core   0: 3 0x80005a04 (0x00000013)
core   0: 0x80005a08 (0x0000100f) fence.i
core   0: 3 0x80005a08 (0x0000100f)
core   0: 0x80005a0c (0x003f4fb3) xor     t6, t5, gp
core   0: 3 0x80005a0c (0x003f4fb3) x31 0x33fbc719
core   0: 0x80005a10 (0x0da79fb7) lui     t6, 0xda79
core   0: 3 0x80005a10 (0x0da79fb7) x31 0x0da79000
core   0: 0x80005a14 (0x009c6733) or      a4, s8, s1
core   0: 3 0x80005a14 (0x009c6733) x14 0x8002bfff
core   0: 0x80005a18 (0x00171c63) bne     a4, ra, pc + 24
core   0: 3 0x80005a18 (0x00171c63)
core   0: 0x80005a30 (0x0042eeb3) or      t4, t0, tp
core   0: 3 0x80005a30 (0x0042eeb3) x29 0xf4cc0631
core   0: 0x80005a34 (0xb3c0b513) sltiu   a0, ra, -1220
core   0: 3 0x80005a34 (0xb3c0b513) x10 0x00000001
core   0: 0x80005a38 (0x67d32013) slti    zero, t1, 1661
core   0: 3 0x80005a38 (0x67d32013)
core   0: 0x80005a3c (0x01d18a33) add     s4, gp, t4
core   0: 3 0x80005a3c (0x01d18a33) x20 0xf4cc084a
core   0: 0x80005a40 (0x003ac333) xor     t1, s5, gp
core   0: 3 0x80005a40 (0x003ac333) x 6 0xfdb010a2
core   0: 0x80005a44 (0x03405263) bge     zero, s4, pc + 36
core   0: 3 0x80005a44 (0x03405263)
core   0: 0x80005a68 (0x00e71f33) sll     t5, a4, a4
core   0: 3 0x80005a68 (0x00e71f33) x30 0x80000000
core   0: 0x80005a6c (0x418385b3) sub     a1, t2, s8
core   0: 3 0x80005a6c (0x418385b3) x11 0xfffff002
core   0: 0x80005a70 (0x017376b3) and     a3, t1, s7
core   0: 3 0x80005a70 (0x017376b3) x13 0x80001020
core   0: 0x80005a74 (0x003252b3) srl     t0, tp, gp
core   0: 3 0x80005a74 (0x003252b3) x 5 0x00000000
core   0: 0x80005a78 (0x92f5fe13) andi    t3, a1, -1745
core   0: 3 0x80005a78 (0x92f5fe13) x28 0xfffff002
core   0: 0x80005a7c (0x48b855b7) lui     a1, 0x48b85
core   0: 3 0x80005a7c (0x48b855b7) x11 0x48b85000
core   0: 0x80005a80 (0x019b5b33) srl     s6, s6, s9
core   0: 3 0x80005a80 (0x019b5b33) x22 0x00000000
core   0: 0x80005a84 (0x01c6d1b3) srl     gp, a3, t3
core   0: 3 0x80005a84 (0x01c6d1b3) x 3 0x20000408
core   0: 0x80005a88 (0x009989b3) add     s3, s3, s1
core   0: 3 0x80005a88 (0x009989b3) x19 0x8002befd
core   0: 0x80005a8c (0x00000013) nop
core   0: 3 0x80005a8c (0x00000013)
core   0: 0x80005a90 (0x87758c93) addi    s9, a1, -1929
core   0: 3 0x80005a90 (0x87758c93) x25 0x48b84877
core   0: 0x80005a94 (0x01ca61b3) or      gp, s4, t3
core   0: 3 0x80005a94 (0x01ca61b3) x 3 0xfffff84a
core   0: 0x80005a98 (0x01990eb3) add     t4, s2, s9
core   0: 3 0x80005a98 (0x01990eb3) x29 0x48b8466b
core   0: 0x80005a9c (0x928bf513) andi    a0, s7, -1752
core   0: 3 0x80005a9c (0x928bf513) x10 0x80027820
core   0: 0x80005aa0 (0x092c5263) bge     s8, s2, pc + 132
core   0: 3 0x80005aa0 (0x092c5263)
core   0: 0x80005b24 (0x01636233) or      tp, t1, s6
core   0: 3 0x80005b24 (0x01636233) x 4 0xfdb010a2
core   0: 0x80005b28 (0x7ca89f37) lui     t5, 0x7ca89
core   0: 3 0x80005b28 (0x7ca89f37) x30 0x7ca89000
core   0: 0x80005b2c (0x00a19eb3) sll     t4, gp, a0
core   0: 3 0x80005b2c (0x00a19eb3) x29 0xfffff84a
core   0: 0x80005b30 (0x02dc0263) beq     s8, a3, pc + 36
core   0: 3 0x80005b30 (0x02dc0263)
core   0: 0x80005b34 (0x02c45e63) bge     s0, a2, pc + 60
core   0: 3 0x80005b34 (0x02c45e63)
core   0: 0x80005b70 (0x006d3d33) sltu    s10, s10, t1
core   0: 3 0x80005b70 (0x006d3d33) x26 0x00000001
core   0: 0x80005b74 (0x01a8c633) xor     a2, a7, s10
core   0: 3 0x80005b74 (0x01a8c633) x12 0x8002bce5
core   0: 0x80005b78 (0xc6350e13) addi    t3, a0, -925
core   0: 3 0x80005b78 (0xc6350e13) x28 0x80027483
core   0: 0x80005b7c (0x014ad333) srl     t1, s5, s4
core   0: 3 0x80005b7c (0x014ad333) x 6 0x003f6c04
core   0: 0x80005b80 (0x389f02b7) lui     t0, 0x389f0
core   0: 3 0x80005b80 (0x389f02b7) x 5 0x389f0000
core   0: 0x80005b84 (0x011c1433) sll     s0, s8, a7
core   0: 3 0x80005b84 (0x011c1433) x 8 0x0000fff0
core   0: 0x80005b88 (0x00441993) slli    s3, s0, 4
core   0: 3 0x80005b88 (0x00441993) x19 0x000fff00
core   0: 0x80005b8c (0x00c94833) xor     a6, s2, a2
core   0: 3 0x80005b8c (0x00c94833) x16 0x7ffd4111
core   0: 0x80005b90 (0x2f34c893) xori    a7, s1, 755
core   0: 3 0x80005b90 (0x2f34c893) x17 0x8002be17
core   0: 0x80005b94 (0x01119d13) slli    s10, gp, 17
core   0: 3 0x80005b94 (0x01119d13) x26 0xf0940000
core   0: 0x80005b98 (0x013ad113) srli    sp, s5, 19
core   0: 3 0x80005b98 (0x013ad113) x 2 0x00001fb6
core   0: 0x80005b9c (0x00bd8a63) beq     s11, a1, pc + 20
core   0: 3 0x80005b9c (0x00bd8a63)
core   0: 0x80005ba0 (0x005db0b3) sltu    ra, s11, t0
core   0: 3 0x80005ba0 (0x005db0b3) x 1 0x00000001
core   0: 0x80005ba4 (0x02bd4e63) blt     s10, a1, pc + 60
core   0: 3 0x80005ba4 (0x02bd4e63)
core   0: 0x80005be0 (0x8a27ed13) ori     s10, a5, -1886
core   0: 3 0x80005be0 (0x8a27ed13) x26 0xffffffff
core   0: 0x80005be4 (0x009392b3) sll     t0, t2, s1
core   0: 3 0x80005be4 (0x009392b3) x 5 0x00000010
core   0: 0x80005be8 (0x00d2c233) xor     tp, t0, a3
core   0: 3 0x80005be8 (0x00d2c233) x 4 0x80001030
core   0: 0x80005bec (0x04015463) bgez    sp, pc + 72
core   0: 3 0x80005bec (0x04015463)
core   0: 0x80005c34 (0x0b720313) addi    t1, tp, 183
core   0: 3 0x80005c34 (0x0b720313) x 6 0x800010e7
core   0: 0x80005c38 (0x03211463) bne     sp, s2, pc + 40
core   0: 3 0x80005c38 (0x03211463)
core   0: 0x80005c60 (0x01061d33) sll     s10, a2, a6
core   0: 3 0x80005c60 (0x01061d33) x26 0x79ca0000
core   0: 0x80005c64 (0x01a11793) slli    a5, sp, 26
core   0: 3 0x80005c64 (0x01a11793) x15 0xd8000000
core   0: 0x80005c68 (0x01092633) slt     a2, s2, a6
core   0: 3 0x80005c68 (0x01092633) x12 0x00000001
core   0: 0x80005c6c (0xbc96b013) sltiu   zero, a3, -1079
core   0: 3 0x80005c6c (0xbc96b013)
core   0: 0x80005c70 (0x0108de63) bge     a7, a6, pc + 28
core   0: 3 0x80005c70 (0x0108de63)
core   0: 0x80005c74 (0x0047b9b3) sltu    s3, a5, tp
core   0: 3 0x80005c74 (0x0047b9b3) x19 0x00000000
core   0: 0x80005c78 (0xcd2d3a17) auipc   s4, 0xcd2d3
core   0: 3 0x80005c78 (0xcd2d3a17) x20 0x4d2d8c78
core   0: 0x80005c7c (0x00709933) sll     s2, ra, t2
core   0: 3 0x80005c7c (0x00709933) x18 0x00000002
core   0: 0x80005c80 (0x41a109b3) sub     s3, sp, s10
core   0: 3 0x80005c80 (0x41a109b3) x19 0x86361fb6
core   0: 0x80005c84 (0xdf4ade17) auipc   t3, 0xdf4ad
core   0: 3 0x80005c84 (0xdf4ade17) x28 0x5f4b2c84
core   0: 0x80005c88 (0x00fc81b3) add     gp, s9, a5
core   0: 3 0x80005c88 (0x00fc81b3) x 3 0x20b84877
core   0: 0x80005c8c (0x006fd733) srl     a4, t6, t1
core   0: 3 0x80005c8c (0x006fd733) x14 0x001b4f20
core   0: 0x80005c90 (0x3c6f77b7) lui     a5, 0x3c6f7
core   0: 3 0x80005c90 (0x3c6f77b7) x15 0x3c6f7000
core   0: 0x80005c94 (0xa809b613) sltiu   a2, s3, -1408
core   0: 3 0x80005c94 (0xa809b613) x12 0x00000001
core   0: 0x80005c98 (0x0d1fbd93) sltiu   s11, t6, 209
core   0: 3 0x80005c98 (0x0d1fbd93) x27 0x00000000
core   0: 0x80005c9c (0x0eb90f93) addi    t6, s2, 235
core   0: 3 0x80005c9c (0x0eb90f93) x31 0x000000ed
core   0: 0x80005ca0 (0x001e07b3) add     a5, t3, ra
core   0: 3 0x80005ca0 (0x001e07b3) x15 0x5f4b2c85
core   0: 0x80005ca4 (0xde723893) sltiu   a7, tp, -537
core   0: 3 0x80005ca4 (0xde723893) x17 0x00000001
core   0: 0x80005ca8 (0x00000013) nop
core   0: 3 0x80005ca8 (0x00000013)
core   0: 0x80005cac (0x0ff0000f) fence   iorw,iorw
core   0: 3 0x80005cac (0x0ff0000f)
core   0: 0x80005cb0 (0x026f1063) bne     t5, t1, pc + 32
core   0: 3 0x80005cb0 (0x026f1063)
core   0: 0x80005cd0 (0x009528b3) slt     a7, a0, s1
core   0: 3 0x80005cd0 (0x009528b3) x17 0x00000001
core   0: 0x80005cd4 (0x00a063b3) or      t2, zero, a0
core   0: 3 0x80005cd4 (0x00a063b3) x 7 0x80027820
core   0: 0x80005cd8 (0x41b1d513) srai    a0, gp, 27
core   0: 3 0x80005cd8 (0x41b1d513) x10 0x00000004
core   0: 0x80005cdc (0x00050333) add     t1, a0, zero
core   0: 3 0x80005cdc (0x00050333) x 6 0x00000004
core   0: 0x80005ce0 (0x8bc5bf93) sltiu   t6, a1, -1860
core   0: 3 0x80005ce0 (0x8bc5bf93) x31 0x00000001
core   0: 0x80005ce4 (0x41d188b3) sub     a7, gp, t4
core   0: 3 0x80005ce4 (0x41d188b3) x17 0x20b8502d
core   0: 0x80005ce8 (0x0ff0000f) fence   iorw,iorw
core   0: 3 0x80005ce8 (0x0ff0000f)
core   0: 0x80005cec (0xb5b8db17) auipc   s6, 0xb5b8d
core   0: 3 0x80005cec (0xb5b8db17) x22 0x35b92cec
core   0: 0x80005cf0 (0xfb67a297) auipc   t0, 0xfb67a
core   0: 3 0x80005cf0 (0xfb67a297) x 5 0x7b67fcf0
core   0: 0x80005cf4 (0x004d81b3) add     gp, s11, tp
core   0: 3 0x80005cf4 (0x004d81b3) x 3 0x80001030
core   0: 0x80005cf8 (0x41425633) sra     a2, tp, s4
core   0: 3 0x80005cf8 (0x41425633) x12 0xffffff80
core   0: 0x80005cfc (0x013a6eb3) or      t4, s4, s3
core   0: 3 0x80005cfc (0x013a6eb3) x29 0xcf3f9ffe
core   0: 0x80005d00 (0x00d879b3) and     s3, a6, a3
core   0: 3 0x80005d00 (0x00d879b3) x19 0x00000000
core   0: 0x80005d04 (0x0000100f) fence.i
core   0: 3 0x80005d04 (0x0000100f)
core   0: 0x80005d08 (0x459d5f17) auipc   t5, 0x459d5
core   0: 3 0x80005d08 (0x459d5f17) x30 0xc59dad08
core   0: 0x80005d0c (0x013c69b3) or      s3, s8, s3
core   0: 3 0x80005d0c (0x013c69b3) x19 0x00000fff
core   0: 0x80005d10 (0x7b078f17) auipc   t5, 0x7b078
core   0: 3 0x80005d10 (0x7b078f17) x30 0xfb07dd10
core   0: 0x80005d14 (0x0001cd97) auipc   s11, 0x1c
core   0: 3 0x80005d14 (0x0001cd97) x27 0x80021d14
core   0: 0x80005d18 (0x4c4d8d93) addi    s11, s11, 1220
core   0: 3 0x80005d18 (0x4c4d8d93) x27 0x800221d8
core   0: 0x80005d1c (0x01d39a33) sll     s4, t2, t4
core   0: 3 0x80005d1c (0x01d39a33) x20 0x00000000
core   0: 0x80005d20 (0x0e0d8d03) lb      s10, 224(s11)
core   0: 3 0x80005d20 (0x0e0d8d03) x26 0x00000000 mem 0x800222b8
core   0: 0x80005d24 (0xf57dcf03) lbu     t5, -169(s11)
core   0: 3 0x80005d24 (0xf57dcf03) x30 0x00000000 mem 0x8002212f
core   0: 0x80005d28 (0xf27d9923) sh      t2, -206(s11)
core   0: 3 0x80005d28 (0xf27d9923) mem 0x8002210a 0x7820
core   0: 0x80005d2c (0xf84d9e03) lh      t3, -124(s11)
core   0: 3 0x80005d2c (0xf84d9e03) x28 0x00000000 mem 0x8002215c
core   0: 0x80005d30 (0x01ed4fb3) xor     t6, s10, t5
core   0: 3 0x80005d30 (0x01ed4fb3) x31 0x00000000
core   0: 0x80005d34 (0x0000100f) fence.i
core   0: 3 0x80005d34 (0x0000100f)
core   0: 0x80005d38 (0xf0adc983) lbu     s3, -246(s11)
core   0: 3 0x80005d38 (0xf0adc983) x19 0x00000000 mem 0x800220e2
core   0: 0x80005d3c (0xf9edae23) sw      t5, -100(s11)
core   0: 3 0x80005d3c (0xf9edae23) mem 0x80022174 0x00000000
core   0: 0x80005d40 (0x040d8d03) lb      s10, 64(s11)
core   0: 3 0x80005d40 (0x040d8d03) x26 0x00000000 mem 0x80022218
core   0: 0x80005d44 (0x405b5133) sra     sp, s6, t0
core   0: 3 0x80005d44 (0x405b5133) x 2 0x000035b9
core   0: 0x80005d48 (0x045d8583) lb      a1, 69(s11)
core   0: 3 0x80005d48 (0x045d8583) x11 0x00000000 mem 0x8002221d
core   0: 0x80005d4c (0x02fd8b03) lb      s6, 47(s11)
core   0: 3 0x80005d4c (0x02fd8b03) x22 0x00000000 mem 0x80022207
core   0: 0x80005d50 (0xf1ed8923) sb      t5, -238(s11)
core   0: 3 0x80005d50 (0xf1ed8923) mem 0x800220ea 0x0
core   0: 0x80005d54 (0x015f90b3) sll     ra, t6, s5
core   0: 3 0x80005d54 (0x015f90b3) x 1 0x00000000
core   0: 0x80005d58 (0x00dfa5b3) slt     a1, t6, a3
core   0: 3 0x80005d58 (0x00dfa5b3) x11 0x00000000
core   0: 0x80005d5c (0x95fcff93) andi    t6, s9, -1697
core   0: 3 0x80005d5c (0x95fcff93) x31 0x48b84857
core   0: 0x80005d60 (0x014ad663) bge     s5, s4, pc + 12
core   0: 3 0x80005d60 (0x014ad663)
core   0: 0x80005d64 (0x006c1863) bne     s8, t1, pc + 16
core   0: 3 0x80005d64 (0x006c1863)
core   0: 0x80005d74 (0x41b0d2b3) sra     t0, ra, s11
core   0: 3 0x80005d74 (0x41b0d2b3) x 5 0x00000000
core   0: 0x80005d78 (0x00ad8433) add     s0, s11, a0
core   0: 3 0x80005d78 (0x00ad8433) x 8 0x800221dc
core   0: 0x80005d7c (0x0b7c90b7) lui     ra, 0xb7c9
core   0: 3 0x80005d7c (0x0b7c90b7) x 1 0x0b7c9000
core   0: 0x80005d80 (0x001cd393) srli    t2, s9, 1
core   0: 3 0x80005d80 (0x001cd393) x 7 0x245c243b
core   0: 0x80005d84 (0x4cbb8c93) addi    s9, s7, 1227
core   0: 3 0x80005d84 (0x4cbb8c93) x25 0x8002832f
core   0: 0x80005d88 (0xf47f3193) sltiu   gp, t5, -185
core   0: 3 0x80005d88 (0xf47f3193) x 3 0x00000001
core   0: 0x80005d8c (0x408287b3) sub     a5, t0, s0
core   0: 3 0x80005d8c (0x408287b3) x15 0x7ffdde24
core   0: 0x80005d90 (0x00139893) slli    a7, t2, 1
core   0: 3 0x80005d90 (0x00139893) x17 0x48b84876
core   0: 0x80005d94 (0x0090bdb3) sltu    s11, ra, s1
core   0: 3 0x80005d94 (0x0090bdb3) x27 0x00000001
core   0: 0x80005d98 (0x0ef17713) andi    a4, sp, 239
core   0: 3 0x80005d98 (0x0ef17713) x14 0x000000a9
core   0: 0x80005d9c (0x02ab9663) bne     s7, a0, pc + 44
core   0: 3 0x80005d9c (0x02ab9663)
core   0: 0x80005dc8 (0x011c3633) sltu    a2, s8, a7
core   0: 3 0x80005dc8 (0x011c3633) x12 0x00000001
core   0: 0x80005dcc (0x9bb9fd97) auipc   s11, 0x9bb9f
core   0: 3 0x80005dcc (0x9bb9fd97) x27 0x1bba4dcc
core   0: 0x80005dd0 (0x0ff0000f) fence   iorw,iorw
core   0: 3 0x80005dd0 (0x0ff0000f)
core   0: 0x80005dd4 (0x01d1e233) or      tp, gp, t4
core   0: 3 0x80005dd4 (0x01d1e233) x 4 0xcf3f9fff
core   0: 0x80005dd8 (0x004f9393) slli    t2, t6, 4
core   0: 3 0x80005dd8 (0x004f9393) x 7 0x8b848570
core   0: 0x80005ddc (0x5ece7837) lui     a6, 0x5ece7
core   0: 3 0x80005ddc (0x5ece7837) x16 0x5ece7000
core   0: 0x80005de0 (0x01bb63b3) or      t2, s6, s11
core   0: 3 0x80005de0 (0x01bb63b3) x 7 0x1bba4dcc
core   0: 0x80005de4 (0x001a56b3) srl     a3, s4, ra
core   0: 3 0x80005de4 (0x001a56b3) x13 0x00000000
core   0: 0x80005de8 (0x6dcc0e93) addi    t4, s8, 1756
core   0: 3 0x80005de8 (0x6dcc0e93) x29 0x000016db
core   0: 0x80005dec (0x00000013) nop
core   0: 3 0x80005dec (0x00000013)
core   0: 0x80005df0 (0x41a781b3) sub     gp, a5, s10
core   0: 3 0x80005df0 (0x41a781b3) x 3 0x7ffdde24
core   0: 0x80005df4 (0x050fd463) bge     t6, a6, pc + 72
core   0: 3 0x80005df4 (0x050fd463)
core   0: 0x80005df8 (0x00000013) nop
core   0: 3 0x80005df8 (0x00000013)
core   0: 0x80005dfc (0x41e1d6b3) sra     a3, gp, t5
core   0: 3 0x80005dfc (0x41e1d6b3) x13 0x7ffdde24
core   0: 0x80005e00 (0x03e3d863) bge     t2, t5, pc + 48
core   0: 3 0x80005e00 (0x03e3d863)
core   0: 0x80005e30 (0x05605063) bge     zero, s6, pc + 64
core   0: 3 0x80005e30 (0x05605063)
core   0: 0x80005e70 (0x00b09863) bne     ra, a1, pc + 16
core   0: 3 0x80005e70 (0x00b09863)
core   0: 0x80005e80 (0x40018a33) sub     s4, gp, zero
core   0: 3 0x80005e80 (0x40018a33) x20 0x7ffdde24
core   0: 0x80005e84 (0xa2a7c337) lui     t1, 0xa2a7c
core   0: 3 0x80005e84 (0xa2a7c337) x 6 0xa2a7c000
core   0: 0x80005e88 (0x7b614113) xori    sp, sp, 1974
core   0: 3 0x80005e88 (0x7b614113) x 2 0x0000320f
core   0: 0x80005e8c (0x00593133) sltu    sp, s2, t0
core   0: 3 0x80005e8c (0x00593133) x 2 0x00000000
core   0: 0x80005e90 (0x005743b3) xor     t2, a4, t0
core   0: 3 0x80005e90 (0x005743b3) x 7 0x000000a9
core   0: 0x80005e94 (0x41ad5733) sra     a4, s10, s10
core   0: 3 0x80005e94 (0x41ad5733) x14 0x00000000
core   0: 0x80005e98 (0x01e110b3) sll     ra, sp, t5
core   0: 3 0x80005e98 (0x01e110b3) x 1 0x00000000
core   0: 0x80005e9c (0x06bc2e13) slti    t3, s8, 107
core   0: 3 0x80005e9c (0x06bc2e13) x28 0x00000000
core   0: 0x80005ea0 (0x015a3fb3) sltu    t6, s4, s5
core   0: 3 0x80005ea0 (0x015a3fb3) x31 0x00000001
core   0: 0x80005ea4 (0x400d5233) sra     tp, s10, zero
core   0: 3 0x80005ea4 (0x400d5233) x 4 0x00000000
core   0: 0x80005ea8 (0x006d9c63) bne     s11, t1, pc + 24
core   0: 3 0x80005ea8 (0x006d9c63)
core   0: 0x80005ec0 (0x01b85713) srli    a4, a6, 27
core   0: 3 0x80005ec0 (0x01b85713) x14 0x0000000b
core   0: 0x80005ec4 (0x0ff0000f) fence   iorw,iorw
core   0: 3 0x80005ec4 (0x0ff0000f)
core   0: 0x80005ec8 (0x00e3dc93) srli    s9, t2, 14
core   0: 3 0x80005ec8 (0x00e3dc93) x25 0x00000000
core   0: 0x80005ecc (0x01b480b3) add     ra, s1, s11
core   0: 3 0x80005ecc (0x01b480b3) x 1 0x9bbd0ab0
core   0: 0x80005ed0 (0x0000100f) fence.i
core   0: 3 0x80005ed0 (0x0000100f)
core   0: 0x80005ed4 (0x01e87eb3) and     t4, a6, t5
core   0: 3 0x80005ed4 (0x01e87eb3) x29 0x00000000
core   0: 0x80005ed8 (0x01de17b3) sll     a5, t3, t4
core   0: 3 0x80005ed8 (0x01de17b3) x15 0x00000000
core   0: 0x80005edc (0x00000013) nop
core   0: 3 0x80005edc (0x00000013)
core   0: 0x80005ee0 (0x00c6ca33) xor     s4, a3, a2
core   0: 3 0x80005ee0 (0x00c6ca33) x20 0x7ffdde25
core   0: 0x80005ee4 (0x408d5cb3) sra     s9, s10, s0
core   0: 3 0x80005ee4 (0x408d5cb3) x25 0x00000000
core   0: 0x80005ee8 (0x010333b3) sltu    t2, t1, a6
core   0: 3 0x80005ee8 (0x010333b3) x 7 0x00000000
core   0: 0x80005eec (0x00b9cb33) xor     s6, s3, a1
core   0: 3 0x80005eec (0x00b9cb33) x22 0x00000000
core   0: 0x80005ef0 (0x008f7f33) and     t5, t5, s0
core   0: 3 0x80005ef0 (0x008f7f33) x30 0x00000000
core   0: 0x80005ef4 (0x00356333) or      t1, a0, gp
core   0: 3 0x80005ef4 (0x00356333) x 6 0x7ffdde24
core   0: 0x80005ef8 (0x009b4833) xor     a6, s6, s1
core   0: 3 0x80005ef8 (0x009b4833) x16 0x8002bce4
core   0: 0x80005efc (0x027b5c63) bge     s6, t2, pc + 56
core   0: 3 0x80005efc (0x027b5c63)
core   0: 0x80005f34 (0x0032f133) and     sp, t0, gp
core   0: 3 0x80005f34 (0x0032f133) x 2 0x00000000
core   0: 0x80005f38 (0x4e80bf13) sltiu   t5, ra, 1256
core   0: 3 0x80005f38 (0x4e80bf13) x30 0x00000000
core   0: 0x80005f3c (0x27806413) ori     s0, zero, 632
core   0: 3 0x80005f3c (0x27806413) x 8 0x00000278
core   0: 0x80005f40 (0x03586863) bltu    a6, s5, pc + 48
core   0: 3 0x80005f40 (0x03586863)
core   0: 0x80005f70 (0x00aa7c33) and     s8, s4, a0
core   0: 3 0x80005f70 (0x00aa7c33) x24 0x00000004
core   0: 0x80005f74 (0x00262333) slt     t1, a2, sp
core   0: 3 0x80005f74 (0x00262333) x 6 0x00000000
core   0: 0x80005f78 (0xcce08513) addi    a0, ra, -818
core   0: 3 0x80005f78 (0xcce08513) x10 0x9bbd077e
core   0: 0x80005f7c (0x00012133) slt     sp, sp, zero
core   0: 3 0x80005f7c (0x00012133) x 2 0x00000000
core   0: 0x80005f80 (0x0177ee33) or      t3, a5, s7
core   0: 3 0x80005f80 (0x0177ee33) x28 0x80027e64
core   0: 0x80005f84 (0x25cf8713) addi    a4, t6, 604
core   0: 3 0x80005f84 (0x25cf8713) x14 0x0000025d
core   0: 0x80005f88 (0x01e04a63) blt     zero, t5, pc + 20
core   0: 3 0x80005f88 (0x01e04a63)
core   0: 0x80005f8c (0x40165eb3) sra     t4, a2, ra
core   0: 3 0x80005f8c (0x40165eb3) x29 0x00000000
core   0: 0x80005f90 (0x0ff0000f) fence   iorw,iorw
core   0: 3 0x80005f90 (0x0ff0000f)
core   0: 0x80005f94 (0x01c7d613) srli    a2, a5, 28
core   0: 3 0x80005f94 (0x01c7d613) x12 0x00000000
core   0: 0x80005f98 (0x0504f063) bgeu    s1, a6, pc + 64
core   0: 3 0x80005f98 (0x0504f063)
core   0: 0x80005fd8 (0x009b28b3) slt     a7, s6, s1
core   0: 3 0x80005fd8 (0x009b28b3) x17 0x00000000
core   0: 0x80005fdc (0x003788b3) add     a7, a5, gp
core   0: 3 0x80005fdc (0x003788b3) x17 0x7ffdde24
core   0: 0x80005fe0 (0x0d97e063) bltu    a5, s9, pc + 192
core   0: 3 0x80005fe0 (0x0d97e063)
core   0: 0x80005fe4 (0x200f8b13) addi    s6, t6, 512
core   0: 3 0x80005fe4 (0x200f8b13) x22 0x00000201
core   0: 0x80005fe8 (0x0a73cc63) blt     t2, t2, pc + 184
core   0: 3 0x80005fe8 (0x0a73cc63)
core   0: 0x80005fec (0x7cfd0393) addi    t2, s10, 1999
core   0: 3 0x80005fec (0x7cfd0393) x 7 0x000007cf
core   0: 0x80005ff0 (0x0a8b9263) bne     s7, s0, pc + 164
core   0: 3 0x80005ff0 (0x0a8b9263)
core   0: 0x80006094 (0x01f458b3) srl     a7, s0, t6
core   0: 3 0x80006094 (0x01f458b3) x17 0x0000013c
core   0: 0x80006098 (0x00e1ff33) and     t5, gp, a4
core   0: 3 0x80006098 (0x00e1ff33) x30 0x00000204
core   0: 0x8000609c (0x929ec393) xori    t2, t4, -1751
core   0: 3 0x8000609c (0x929ec393) x 7 0xfffff929
core   0: 0x800060a0 (0x05b34463) blt     t1, s11, pc + 72
core   0: 3 0x800060a0 (0x05b34463)
core   0: 0x800060e8 (0x050a5463) bge     s4, a6, pc + 72
core   0: 3 0x800060e8 (0x050a5463)
core   0: 0x80006130 (0x2f39e293) ori     t0, s3, 755
core   0: 3 0x80006130 (0x2f39e293) x 5 0x000002f3
core   0: 0x80006134 (0x41ca59b3) sra     s3, s4, t3
core   0: 3 0x80006134 (0x41ca59b3) x19 0x07ffdde2
core   0: 0x80006138 (0x0050c333) xor     t1, ra, t0
core   0: 3 0x80006138 (0x0050c333) x 6 0x9bbd0843
core   0: 0x8000613c (0x02598063) beq     s3, t0, pc + 32
core   0: 3 0x8000613c (0x02598063)
core   0: 0x80006140 (0x02b56a63) bltu    a0, a1, pc + 52
core   0: 3 0x80006140 (0x02b56a63)
core   0: 0x80006144 (0x00759513) slli    a0, a1, 7
core   0: 3 0x80006144 (0x00759513) x10 0x00000000
core   0: 0x80006148 (0x0ff0000f) fence   iorw,iorw
core   0: 3 0x80006148 (0x0ff0000f)
core   0: 0x8000614c (0x01ee7d33) and     s10, t3, t5
core   0: 3 0x8000614c (0x01ee7d33) x26 0x00000204
core   0: 0x80006150 (0x0059f663) bgeu    s3, t0, pc + 12
core   0: 3 0x80006150 (0x0059f663)
core   0: 0x8000615c (0x40025133) sra     sp, tp, zero
core   0: 3 0x8000615c (0x40025133) x 2 0x00000000
core   0: 0x80006160 (0xf7968813) addi    a6, a3, -135
core   0: 3 0x80006160 (0xf7968813) x16 0x7ffddd9d
core   0: 0x80006164 (0x49d50f93) addi    t6, a0, 1181
core   0: 3 0x80006164 (0x49d50f93) x31 0x0000049d
core   0: 0x80006168 (0x00000013) nop
core   0: 3 0x80006168 (0x00000013)
core   0: 0x8000616c (0x0095b733) sltu    a4, a1, s1
core   0: 3 0x8000616c (0x0095b733) x14 0x00000001
core   0: 0x80006170 (0x0001e433) or      s0, gp, zero
core   0: 3 0x80006170 (0x0001e433) x 8 0x7ffdde24
core   0: 0x80006174 (0xaa467b13) andi    s6, a2, -1372
core   0: 3 0x80006174 (0xaa467b13) x22 0x00000000
core   0: 0x80006178 (0x001e97b3) sll     a5, t4, ra
core   0: 3 0x80006178 (0x001e97b3) x15 0x00000000
core   0: 0x8000617c (0xd1727e13) andi    t3, tp, -745
core   0: 3 0x8000617c (0xd1727e13) x28 0x00000000
core   0: 0x80006180 (0x51d96b13) ori     s6, s2, 1309
core   0: 3 0x80006180 (0x51d96b13) x22 0x0000051f
core   0: 0x80006184 (0x002aaeb3) slt     t4, s5, sp
core   0: 3 0x80006184 (0x002aaeb3) x29 0x00000001
core   0: 0x80006188 (0x4f5bf393) andi    t2, s7, 1269
core   0: 3 0x80006188 (0x4f5bf393) x 7 0x00000464
core   0: 0x8000618c (0x6918e013) ori     zero, a7, 1681
core   0: 3 0x8000618c (0x6918e013)
core   0: 0x80006190 (0x41b186b3) sub     a3, gp, s11
core   0: 3 0x80006190 (0x41b186b3) x13 0x64439058
core   0: 0x80006194 (0x6bfe4413) xori    s0, t3, 1727
core   0: 3 0x80006194 (0x6bfe4413) x 8 0x000006bf
core   0: 0x80006198 (0x03134863) blt     t1, a7, pc + 48
core   0: 3 0x80006198 (0x03134863)
core   0: 0x800061c8 (0x01689813) slli    a6, a7, 22
core   0: 3 0x800061c8 (0x01689813) x16 0x4f000000
core   0: 0x800061cc (0x05237463) bgeu    t1, s2, pc + 72
core   0: 3 0x800061cc (0x05237463)
core   0: 0x80006214 (0x017d62b3) or      t0, s10, s7
core   0: 3 0x80006214 (0x017d62b3) x 5 0x80027e64
core   0: 0x80006218 (0x0ff0000f) fence   iorw,iorw
core   0: 3 0x80006218 (0x0ff0000f)
core   0: 0x8000621c (0x00f68f33) add     t5, a3, a5
core   0: 3 0x8000621c (0x00f68f33) x30 0x64439058
core   0: 0x80006220 (0x00470db3) add     s11, a4, tp
core   0: 3 0x80006220 (0x00470db3) x27 0x00000001
core   0: 0x80006224 (0x409fd3b3) sra     t2, t6, s1
core   0: 3 0x80006224 (0x409fd3b3) x 7 0x00000049
core   0: 0x80006228 (0x01611b13) slli    s6, sp, 22
core   0: 3 0x80006228 (0x01611b13) x22 0x00000000
core   0: 0x8000622c (0x01669913) slli    s2, a3, 22
core   0: 3 0x8000622c (0x01669913) x18 0x16000000
core   0: 0x80006230 (0x01e1fa33) and     s4, gp, t5
core   0: 3 0x80006230 (0x01e1fa33) x20 0x64419000
core   0: 0x80006234 (0x01ca9a63) bne     s5, t3, pc + 20
core   0: 3 0x80006234 (0x01ca9a63)
core   0: 0x80006248 (0x9ce47893) andi    a7, s0, -1586
core   0: 3 0x80006248 (0x9ce47893) x17 0x0000008e
core   0: 0x8000624c (0x4186d733) sra     a4, a3, s8
core   0: 3 0x8000624c (0x4186d733) x14 0x06443905
core   0: 0x80006250 (0x011e92b3) sll     t0, t4, a7
core   0: 3 0x80006250 (0x011e92b3) x 5 0x00004000
core   0: 0x80006254 (0x89647393) andi    t2, s0, -1898
core   0: 3 0x80006254 (0x89647393) x 7 0x00000096
core   0: 0x80006258 (0xdc8cde97) auipc   t4, 0xdc8cd
core   0: 3 0x80006258 (0xdc8cde97) x29 0x5c8d3258
core   0: 0x8000625c (0x3b1e9337) lui     t1, 0x3b1e9
core   0: 3 0x8000625c (0x3b1e9337) x 6 0x3b1e9000
core   0: 0x80006260 (0x00a4d833) srl     a6, s1, a0
core   0: 3 0x80006260 (0x00a4d833) x16 0x8002bce4
core   0: 0x80006264 (0x00000013) nop
core   0: 3 0x80006264 (0x00000013)
core   0: 0x80006268 (0x007a16b3) sll     a3, s4, t2
core   0: 3 0x80006268 (0x007a16b3) x13 0x00000000
core   0: 0x8000626c (0x011ce9b3) or      s3, s9, a7
core   0: 3 0x8000626c (0x011ce9b3) x19 0x0000008e
core   0: 0x80006270 (0x00000013) nop
core   0: 3 0x80006270 (0x00000013)
core   0: 0x80006274 (0x0ff0000f) fence   iorw,iorw
core   0: 3 0x80006274 (0x0ff0000f)
core   0: 0x80006278 (0x0159d133) srl     sp, s3, s5
core   0: 3 0x80006278 (0x0159d133) x 2 0x00000000
core   0: 0x8000627c (0x11f6e313) ori     t1, a3, 287
core   0: 3 0x8000627c (0x11f6e313) x 6 0x0000011f
core   0: 0x80006280 (0x00d56663) bltu    a0, a3, pc + 12
core   0: 3 0x80006280 (0x00d56663)
core   0: 0x80006284 (0x00b2b333) sltu    t1, t0, a1
core   0: 3 0x80006284 (0x00b2b333) x 6 0x00000000
core   0: 0x80006288 (0xe441dd17) auipc   s10, 0xe441d
core   0: 3 0x80006288 (0xe441dd17) x26 0x64423288
core   0: 0x8000628c (0x5f003393) sltiu   t2, zero, 1520
core   0: 3 0x8000628c (0x5f003393) x 7 0x00000001
core   0: 0x80006290 (0x40770533) sub     a0, a4, t2
core   0: 3 0x80006290 (0x40770533) x10 0x06443904
core   0: 0x80006294 (0x8920ba37) lui     s4, 0x8920b
core   0: 3 0x80006294 (0x8920ba37) x20 0x8920b000
core   0: 0x80006298 (0x00000013) nop
core   0: 3 0x80006298 (0x00000013)
core   0: 0x8000629c (0x00011333) sll     t1, sp, zero
core   0: 3 0x8000629c (0x00011333) x 6 0x00000000
core   0: 0x800062a0 (0x40ab5d93) srai    s11, s6, 10
core   0: 3 0x800062a0 (0x40ab5d93) x27 0x00000000
core   0: 0x800062a4 (0x0000100f) fence.i
core   0: 3 0x800062a4 (0x0000100f)
core   0: 0x800062a8 (0x0116a533) slt     a0, a3, a7
core   0: 3 0x800062a8 (0x0116a533) x10 0x00000001
core   0: 0x800062ac (0x76fa6213) ori     tp, s4, 1903
core   0: 3 0x800062ac (0x76fa6213) x 4 0x8920b76f
core   0: 0x800062b0 (0x00000013) nop
core   0: 3 0x800062b0 (0x00000013)
core   0: 0x800062b4 (0x038eec63) bltu    t4, s8, pc + 56
core   0: 3 0x800062b4 (0x038eec63)
core   0: 0x800062b8 (0x00000013) nop
core   0: 3 0x800062b8 (0x00000013)
core   0: 0x800062bc (0x03de8263) beq     t4, t4, pc + 36
core   0: 3 0x800062bc (0x03de8263)
core   0: 0x800062e0 (0x01717a33) and     s4, sp, s7
core   0: 3 0x800062e0 (0x01717a33) x20 0x00000000
core   0: 0x800062e4 (0x02be7263) bgeu    t3, a1, pc + 36
core   0: 3 0x800062e4 (0x02be7263)
core   0: 0x80006308 (0x05bc4463) blt     s8, s11, pc + 72
core   0: 3 0x80006308 (0x05bc4463)
core   0: 0x8000630c (0x01a33633) sltu    a2, t1, s10
core   0: 3 0x8000630c (0x01a33633) x12 0x00000001
core   0: 0x80006310 (0x01129113) slli    sp, t0, 17
core   0: 3 0x80006310 (0x01129113) x 2 0x80000000
core   0: 0x80006314 (0xd2378513) addi    a0, a5, -733
core   0: 3 0x80006314 (0xd2378513) x10 0xfffffd23
core   0: 0x80006318 (0xabeb6913) ori     s2, s6, -1346
core   0: 3 0x80006318 (0xabeb6913) x18 0xfffffabe
core   0: 0x8000631c (0x00000013) nop
core   0: 3 0x8000631c (0x00000013)
core   0: 0x80006320 (0x4035d533) sra     a0, a1, gp
core   0: 3 0x80006320 (0x4035d533) x10 0x00000000
core   0: 0x80006324 (0x019170b3) and     ra, sp, s9
core   0: 3 0x80006324 (0x019170b3) x 1 0x00000000
core   0: 0x80006328 (0x0000100f) fence.i
core   0: 3 0x80006328 (0x0000100f)
core   0: 0x8000632c (0x01094e63) blt     s2, a6, pc + 28
core   0: 3 0x8000632c (0x01094e63)
core   0: 0x80006330 (0x04315063) bge     sp, gp, pc + 64
core   0: 3 0x80006330 (0x04315063)
core   0: 0x80006334 (0x00110733) add     a4, sp, ra
core   0: 3 0x80006334 (0x00110733) x14 0x80000000
core   0: 0x80006338 (0x41d45d33) sra     s10, s0, t4
core   0: 3 0x80006338 (0x41d45d33) x26 0x00000000
core   0: 0x8000633c (0x89a8e097) auipc   ra, 0x89a8e
core   0: 3 0x8000633c (0x89a8e097) x 1 0x09a9433c
core   0: 0x80006340 (0x2769c393) xori    t2, s3, 630
core   0: 3 0x80006340 (0x2769c393) x 7 0x000002f8
core   0: 0x80006344 (0x00d402b3) add     t0, s0, a3
core   0: 3 0x80006344 (0x00d402b3) x 5 0x000006bf
core   0: 0x80006348 (0x02376c63) bltu    a4, gp, pc + 56
core   0: 3 0x80006348 (0x02376c63)
core   0: 0x8000634c (0xa27077b7) lui     a5, 0xa2707
core   0: 3 0x8000634c (0xa27077b7) x15 0xa2707000
core   0: 0x80006350 (0x58618593) addi    a1, gp, 1414
core   0: 3 0x80006350 (0x58618593) x11 0x7ffde3aa
core   0: 0x80006354 (0x00950f33) add     t5, a0, s1
core   0: 3 0x80006354 (0x00950f33) x30 0x8002bce4
core   0: 0x80006358 (0x006887b3) add     a5, a7, t1
core   0: 3 0x80006358 (0x006887b3) x15 0x0000008e
core   0: 0x8000635c (0x409d03b3) sub     t2, s10, s1
core   0: 3 0x8000635c (0x409d03b3) x 7 0x7ffd431c
core   0: 0x80006360 (0xcc288197) auipc   gp, 0xcc288
core   0: 3 0x80006360 (0xcc288197) x 3 0x4c28e360
core   0: 0x80006364 (0x00000013) nop
core   0: 3 0x80006364 (0x00000013)
core   0: 0x80006368 (0x000d59b3) srl     s3, s10, zero
core   0: 3 0x80006368 (0x000d59b3) x19 0x00000000
core   0: 0x8000636c (0x00804233) xor     tp, zero, s0
core   0: 3 0x8000636c (0x00804233) x 4 0x000006bf
core   0: 0x80006370 (0x0ff0000f) fence   iorw,iorw
core   0: 3 0x80006370 (0x0ff0000f)
core   0: 0x80006374 (0x00000013) nop
core   0: 3 0x80006374 (0x00000013)
core   0: 0x80006378 (0x4a60fa13) andi    s4, ra, 1190
core   0: 3 0x80006378 (0x4a60fa13) x20 0x00000024
core   0: 0x8000637c (0x00000013) nop
core   0: 3 0x8000637c (0x00000013)
core   0: 0x80006380 (0x00679263) bne     a5, t1, pc + 4
core   0: 3 0x80006380 (0x00679263)
core   0: 0x80006384 (0x0000100f) fence.i
core   0: 3 0x80006384 (0x0000100f)
core   0: 0x80006388 (0x015257b3) srl     a5, tp, s5
core   0: 3 0x80006388 (0x015257b3) x15 0x00000000
core   0: 0x8000638c (0x01a7c633) xor     a2, a5, s10
core   0: 3 0x8000638c (0x01a7c633) x12 0x00000000
core   0: 0x80006390 (0x0005f033) and     zero, a1, zero
core   0: 3 0x80006390 (0x0005f033)
core   0: 0x80006394 (0x0ff0000f) fence   iorw,iorw
core   0: 3 0x80006394 (0x0ff0000f)
core   0: 0x80006398 (0x26730213) addi    tp, t1, 615
core   0: 3 0x80006398 (0x26730213) x 4 0x00000267
core   0: 0x8000639c (0x0165fb33) and     s6, a1, s6
core   0: 3 0x8000639c (0x0165fb33) x22 0x00000000
core   0: 0x800063a0 (0x02199663) bne     s3, ra, pc + 44
core   0: 3 0x800063a0 (0x02199663)
core   0: 0x800063cc (0x007569b3) or      s3, a0, t2
core   0: 3 0x800063cc (0x007569b3) x19 0x7ffd431c
core   0: 0x800063d0 (0x02289863) bne     a7, sp, pc + 48
core   0: 3 0x800063d0 (0x02289863)
core   0: 0x80006400 (0x60d80e17) auipc   t3, 0x60d80
core   0: 3 0x80006400 (0x60d80e17) x28 0xe0d86400
core   0: 0x80006404 (0x40bbd2b3) sra     t0, s7, a1
core   0: 3 0x80006404 (0x40bbd2b3) x 5 0xffe0009f
core   0: 0x80006408 (0x006d9663) bne     s11, t1, pc + 12
core   0: 3 0x80006408 (0x006d9663)
core   0: 0x8000640c (0x16fc2513) slti    a0, s8, 367
core   0: 3 0x8000640c (0x16fc2513) x10 0x00000001
core   0: 0x80006410 (0xacfa7f13) andi    t5, s4, -1329
core   0: 3 0x80006410 (0xacfa7f13) x30 0x00000004
core   0: 0x80006414 (0x02efcc63) blt     t6, a4, pc + 56
core   0: 3 0x80006414 (0x02efcc63)
core   0: 0x80006418 (0x03381c63) bne     a6, s3, pc + 56
core   0: 3 0x80006418 (0x03381c63)
core   0: 0x80006450 (0x00a4db33) srl     s6, s1, a0
core   0: 3 0x80006450 (0x00a4db33) x22 0x40015e72
core   0: 0x80006454 (0x03231863) bne     t1, s2, pc + 48
core   0: 3 0x80006454 (0x03231863)
core   0: 0x80006484 (0x0000100f) fence.i
core   0: 3 0x80006484 (0x0000100f)
core   0: 0x80006488 (0x0079d133) srl     sp, s3, t2
core   0: 3 0x80006488 (0x0079d133) x 2 0x00000007
core   0: 0x8000648c (0x4133df93) srai    t6, t2, 19
core   0: 3 0x8000648c (0x4133df93) x31 0x00000fff
core   0: 0x80006490 (0x188bb793) sltiu   a5, s7, 392
core   0: 3 0x80006490 (0x188bb793) x15 0x00000000
core   0: 0x80006494 (0x038ffe63) bgeu    t6, s8, pc + 60
core   0: 3 0x80006494 (0x038ffe63)
core   0: 0x800064d0 (0x47612013) slti    zero, sp, 1142
core   0: 3 0x800064d0 (0x47612013)
core   0: 0x800064d4 (0x80116e13) ori     t3, sp, -2047
core   0: 3 0x800064d4 (0x80116e13) x28 0xfffff807
core   0: 0x800064d8 (0x6ab33393) sltiu   t2, t1, 1707
core   0: 3 0x800064d8 (0x6ab33393) x 7 0x00000001
core   0: 0x800064dc (0x095cdc63) bge     s9, s5, pc + 152
core   0: 3 0x800064dc (0x095cdc63)
core   0: 0x80006574 (0x3ad3a713) slti    a4, t2, 941
core   0: 3 0x80006574 (0x3ad3a713) x14 0x00000001
core   0: 0x80006578 (0xd2bf6693) ori     a3, t5, -725
core   0: 3 0x80006578 (0xd2bf6693) x13 0xfffffd2f
core   0: 0x8000657c (0x2945a293) slti    t0, a1, 660
core   0: 3 0x8000657c (0x2945a293) x 5 0x00000000
core   0: 0x80006580 (0x0000100f) fence.i
core   0: 3 0x80006580 (0x0000100f)
core   0: 0x80006584 (0x417d8933) sub     s2, s11, s7
core   0: 3 0x80006584 (0x417d8933) x18 0x7ffd819c
core   0: 0x80006588 (0xc21c4a13) xori    s4, s8, -991
core   0: 3 0x80006588 (0xc21c4a13) x20 0xfffffc25
core   0: 0x8000658c (0x0001c797) auipc   a5, 0x1c
core   0: 3 0x8000658c (0x0001c797) x15 0x8002258c
core   0: 0x80006590 (0x6dc78793) addi    a5, a5, 1756
core   0: 3 0x80006590 (0x6dc78793) x15 0x80022c68
core   0: 0x80006594 (0x0000c417) auipc   s0, 0xc
core   0: 3 0x80006594 (0x0000c417) x 8 0x80012594
core   0: 0x80006598 (0xdf040413) addi    s0, s0, -528
core   0: 3 0x80006598 (0xdf040413) x 8 0x80012384
core   0: 0x8000659c (0x93b78003) lb      zero, -1733(a5)
core   0: 3 0x8000659c (0x93b78003) mem 0x800225a3
core   0: 0x800065a0 (0x00940683) lb      a3, 9(s0)
core   0: 3 0x800065a0 (0x00940683) x13 0x00000000 mem 0x8001238d
core   0: 0x800065a4 (0x00a45303) lhu     t1, 10(s0)
core   0: 3 0x800065a4 (0x00a45303) x 6 0x00000000 mem 0x8001238e
core   0: 0x800065a8 (0xe4f78ca3) sb      a5, -423(a5)
core   0: 3 0x800065a8 (0xe4f78ca3) mem 0x80022ac1 0x68
core   0: 0x800065ac (0x00640f83) lb      t6, 6(s0)
core   0: 3 0x800065ac (0x00640f83) x31 0x00000000 mem 0x8001238a
core   0: 0x800065b0 (0x00941223) sh      s1, 4(s0)
core   0: 3 0x800065b0 (0x00941223) mem 0x80012388 0xbce4
core   0: 0x800065b4 (0xd207d303) lhu     t1, -736(a5)
core   0: 3 0x800065b4 (0xd207d303) x 6 0x00000000 mem 0x80022988
core   0: 0x800065b8 (0x00c41f03) lh      t5, 12(s0)
core   0: 3 0x800065b8 (0x00c41f03) x30 0x00000000 mem 0x80012390
core   0: 0x800065bc (0x00744283) lbu     t0, 7(s0)
core   0: 3 0x800065bc (0x00744283) x 5 0x00000000 mem 0x8001238b
core   0: 0x800065c0 (0x3d578503) lb      a0, 981(a5)
core   0: 3 0x800065c0 (0x3d578503) x10 0x00000000 mem 0x8002303d
core   0: 0x800065c4 (0xa7c78fa3) sb      t3, -1409(a5)
core   0: 3 0x800065c4 (0xa7c78fa3) mem 0x800226e7 0x7
core   0: 0x800065c8 (0x26a78323) sb      a0, 614(a5)
core   0: 3 0x800065c8 (0x26a78323) mem 0x80022ece 0x0
core   0: 0x800065cc (0x0000100f) fence.i
core   0: 3 0x800065cc (0x0000100f)
core   0: 0x800065d0 (0x00e3b133) sltu    sp, t2, a4
core   0: 3 0x800065d0 (0x00e3b133) x 2 0x00000000
core   0: 0x800065d4 (0x04d0c463) blt     ra, a3, pc + 72
core   0: 3 0x800065d4 (0x04d0c463)
core   0: 0x800065d8 (0xd5582d93) slti    s11, a6, -683
core   0: 3 0x800065d8 (0xd5582d93) x27 0x00000001
core   0: 0x800065dc (0x0343d463) bge     t2, s4, pc + 40
core   0: 3 0x800065dc (0x0343d463)
core   0: 0x80006604 (0x002d6863) bltu    s10, sp, pc + 16
core   0: 3 0x80006604 (0x002d6863)
core   0: 0x80006608 (0x0143d393) srli    t2, t2, 20
core   0: 3 0x80006608 (0x0143d393) x 7 0x00000000
core   0: 0x8000660c (0x0264f663) bgeu    s1, t1, pc + 44
core   0: 3 0x8000660c (0x0264f663)
core   0: 0x80006638 (0x00349663) bne     s1, gp, pc + 12
core   0: 3 0x80006638 (0x00349663)
core   0: 0x80006644 (0x0000100f) fence.i
core   0: 3 0x80006644 (0x0000100f)
core   0: 0x80006648 (0x6e61ec37) lui     s8, 0x6e61e
core   0: 3 0x80006648 (0x6e61ec37) x24 0x6e61e000
core   0: 0x8000664c (0x00310233) add     tp, sp, gp
core   0: 3 0x8000664c (0x00310233) x 4 0x4c28e360
core   0: 0x80006650 (0x00695293) srli    t0, s2, 6
core   0: 3 0x80006650 (0x00695293) x 5 0x01fff606
core   0: 0x80006654 (0x017149b3) xor     s3, sp, s7
core   0: 3 0x80006654 (0x017149b3) x19 0x80027e64
core   0: 0x80006658 (0x01c73b33) sltu    s6, a4, t3
core   0: 3 0x80006658 (0x01c73b33) x22 0x00000001
core   0: 0x8000665c (0xb95f2db7) lui     s11, 0xb95f2
core   0: 3 0x8000665c (0xb95f2db7) x27 0xb95f2000
core   0: 0x80006660 (0x016149b3) xor     s3, sp, s6
core   0: 3 0x80006660 (0x016149b3) x19 0x00000001
core   0: 0x80006664 (0x03d3ca63) blt     t2, t4, pc + 52
core   0: 3 0x80006664 (0x03d3ca63)
core   0: 0x80006698 (0x00977433) and     s0, a4, s1
core   0: 3 0x80006698 (0x00977433) x 8 0x00000000
core   0: 0x8000669c (0xb3d10c37) lui     s8, 0xb3d10
core   0: 3 0x8000669c (0xb3d10c37) x24 0xb3d10000
core   0: 0x800066a0 (0x00000013) nop
core   0: 3 0x800066a0 (0x00000013)
core   0: 0x800066a4 (0x0000100f) fence.i
core   0: 3 0x800066a4 (0x0000100f)
core   0: 0x800066a8 (0x0000100f) fence.i
core   0: 3 0x800066a8 (0x0000100f)
core   0: 0x800066ac (0x007180b3) add     ra, gp, t2
core   0: 3 0x800066ac (0x007180b3) x 1 0x4c28e360
core   0: 0x800066b0 (0x5f47a213) slti    tp, a5, 1524
core   0: 3 0x800066b0 (0x5f47a213) x 4 0x00000001
core   0: 0x800066b4 (0x015be263) bltu    s7, s5, pc + 4
core   0: 3 0x800066b4 (0x015be263)
core   0: 0x800066b8 (0x00a3d5b3) srl     a1, t2, a0
core   0: 3 0x800066b8 (0x00a3d5b3) x11 0x00000000
core   0: 0x800066bc (0xaff72193) slti    gp, a4, -1281
core   0: 3 0x800066bc (0xaff72193) x 3 0x00000000
core   0: 0x800066c0 (0x01831c63) bne     t1, s8, pc + 24
core   0: 3 0x800066c0 (0x01831c63)
core   0: 0x800066d8 (0x0c0ca693) slti    a3, s9, 192
core   0: 3 0x800066d8 (0x0c0ca693) x13 0x00000001
core   0: 0x800066dc (0x01b5db33) srl     s6, a1, s11
core   0: 3 0x800066dc (0x01b5db33) x22 0x00000000
core   0: 0x800066e0 (0x81e56f93) ori     t6, a0, -2018
core   0: 3 0x800066e0 (0x81e56f93) x31 0xfffff81e
core   0: 0x800066e4 (0x01b71813) slli    a6, a4, 27
core   0: 3 0x800066e4 (0x01b71813) x16 0x08000000
core   0: 0x800066e8 (0x4d262993) slti    s3, a2, 1234
core   0: 3 0x800066e8 (0x4d262993) x19 0x00000001
core   0: 0x800066ec (0xf0a32813) slti    a6, t1, -246
core   0: 3 0x800066ec (0xf0a32813) x16 0x00000000
core   0: 0x800066f0 (0x00665db3) srl     s11, a2, t1
core   0: 3 0x800066f0 (0x00665db3) x27 0x00000000
core   0: 0x800066f4 (0x691f5e97) auipc   t4, 0x691f5
core   0: 3 0x800066f4 (0x691f5e97) x29 0xe91fb6f4
core   0: 0x800066f8 (0x00218333) add     t1, gp, sp
core   0: 3 0x800066f8 (0x00218333) x 6 0x00000000
core   0: 0x800066fc (0x00aba533) slt     a0, s7, a0
core   0: 3 0x800066fc (0x00aba533) x10 0x00000001
core   0: 0x80006700 (0x0542c063) blt     t0, s4, pc + 64
core   0: 3 0x80006700 (0x0542c063)
core   0: 0x80006704 (0x0246dc63) bge     a3, tp, pc + 56
core   0: 3 0x80006704 (0x0246dc63)
core   0: 0x8000673c (0x059c4463) blt     s8, s9, pc + 72
core   0: 3 0x8000673c (0x059c4463)
core   0: 0x80006784 (0x03998663) beq     s3, s9, pc + 44
core   0: 3 0x80006784 (0x03998663)
core   0: 0x80006788 (0x41870f33) sub     t5, a4, s8
core   0: 3 0x80006788 (0x41870f33) x30 0x4c2f0001
core   0: 0x8000678c (0x40ca5fb3) sra     t6, s4, a2
core   0: 3 0x8000678c (0x40ca5fb3) x31 0xfffffc25
core   0: 0x80006790 (0x0000100f) fence.i
core   0: 3 0x80006790 (0x0000100f)
core   0: 0x80006794 (0x0011f433) and     s0, gp, ra
core   0: 3 0x80006794 (0x0011f433) x 8 0x00000000
core   0: 0x80006798 (0x02044513) xori    a0, s0, 32
core   0: 3 0x80006798 (0x02044513) x10 0x00000020
core   0: 0x8000679c (0x0000100f) fence.i
core   0: 3 0x8000679c (0x0000100f)
core   0: 0x800067a0 (0x00b65393) srli    t2, a2, 11
core   0: 3 0x800067a0 (0x00b65393) x 7 0x00000000
core   0: 0x800067a4 (0x008cf5b3) and     a1, s9, s0
core   0: 3 0x800067a4 (0x008cf5b3) x11 0x00000000
core   0: 0x800067a8 (0x15850f93) addi    t6, a0, 344
core   0: 3 0x800067a8 (0x15850f93) x31 0x00000178
core   0: 0x800067ac (0x00d0c433) xor     s0, ra, a3
core   0: 3 0x800067ac (0x00d0c433) x 8 0x4c28e361
core   0: 0x800067b0 (0xcace4e93) xori    t4, t3, -852
core   0: 3 0x800067b0 (0xcace4e93) x29 0x000004ab
core   0: 0x800067b4 (0x2829a993) slti    s3, s3, 642
core   0: 3 0x800067b4 (0x2829a993) x19 0x00000001
core   0: 0x800067b8 (0x0086e533) or      a0, a3, s0
core   0: 3 0x800067b8 (0x0086e533) x10 0x4c28e361
core   0: 0x800067bc (0x40ffa513) slti    a0, t6, 1039
core   0: 3 0x800067bc (0x40ffa513) x10 0x00000001
core   0: 0x800067c0 (0xd088e013) ori     zero, a7, -760
core   0: 3 0x800067c0 (0xd088e013)
core   0: 0x800067c4 (0x0000100f) fence.i
core   0: 3 0x800067c4 (0x0000100f)
core   0: 0x800067c8 (0x0453c463) blt     t2, t0, pc + 72
core   0: 3 0x800067c8 (0x0453c463)
core   0: 0x80006810 (0x93ebcf37) lui     t5, 0x93ebc
core   0: 3 0x80006810 (0x93ebcf37) x30 0x93ebc000
core   0: 0x80006814 (0x02a24863) blt     tp, a0, pc + 48
core   0: 3 0x80006814 (0x02a24863)
core   0: 0x80006818 (0x025d4c63) blt     s10, t0, pc + 56
core   0: 3 0x80006818 (0x025d4c63)
core   0: 0x80006850 (0x00559fb3) sll     t6, a1, t0
core   0: 3 0x80006850 (0x00559fb3) x31 0x00000000
core   0: 0x80006854 (0x40a90333) sub     t1, s2, a0
core   0: 3 0x80006854 (0x40a90333) x 6 0x7ffd819b
core   0: 0x80006858 (0x40a6d393) srai    t2, a3, 10
core   0: 3 0x80006858 (0x40a6d393) x 7 0x00000000
core   0: 0x8000685c (0x3cfc1f97) auipc   t6, 0x3cfc1
core   0: 3 0x8000685c (0x3cfc1f97) x31 0xbcfc785c
core   0: 0x80006860 (0x02f05263) bge     zero, a5, pc + 36
core   0: 3 0x80006860 (0x02f05263)
core   0: 0x80006884 (0x00c738b3) sltu    a7, a4, a2
core   0: 3 0x80006884 (0x00c738b3) x17 0x00000000
core   0: 0x80006888 (0x0ff0000f) fence   iorw,iorw
core   0: 3 0x80006888 (0x0ff0000f)
core   0: 0x8000688c (0x04fb7193) andi    gp, s6, 79
core   0: 3 0x8000688c (0x04fb7193) x 3 0x00000000
core   0: 0x80006890 (0x00000013) nop
core   0: 3 0x80006890 (0x00000013)
core   0: 0x80006894 (0x2ddf8993) addi    s3, t6, 733
core   0: 3 0x80006894 (0x2ddf8993) x19 0xbcfc7b39
core   0: 0x80006898 (0x0000100f) fence.i
core   0: 3 0x80006898 (0x0000100f)
core   0: 0x8000689c (0x69960c93) addi    s9, a2, 1689
core   0: 3 0x8000689c (0x69960c93) x25 0x00000699
core   0: 0x800068a0 (0x0295f063) bgeu    a1, s1, pc + 32
core   0: 3 0x800068a0 (0x0295f063)
core   0: 0x800068a4 (0x202cf613) andi    a2, s9, 514
core   0: 3 0x800068a4 (0x202cf613) x12 0x00000200
core   0: 0x800068a8 (0x3aac6c13) ori     s8, s8, 938
core   0: 3 0x800068a8 (0x3aac6c13) x24 0xb3d103aa
core   0: 0x800068ac (0x02429e63) bne     t0, tp, pc + 60
core   0: 3 0x800068ac (0x02429e63)
core   0: 0x800068e8 (0x03a98c63) beq     s3, s10, pc + 56
core   0: 3 0x800068e8 (0x03a98c63)
core   0: 0x800068ec (0xae1c6f13) ori     t5, s8, -1311
core   0: 3 0x800068ec (0xae1c6f13) x30 0xfffffbeb
core   0: 0x800068f0 (0x5b3f8613) addi    a2, t6, 1459
core   0: 3 0x800068f0 (0x5b3f8613) x12 0xbcfc7e0f
core   0: 0x800068f4 (0x6d99c193) xori    gp, s3, 1753
core   0: 3 0x800068f4 (0x6d99c193) x 3 0xbcfc7de0
core   0: 0x800068f8 (0x0ff0000f) fence   iorw,iorw
core   0: 3 0x800068f8 (0x0ff0000f)
core   0: 0x800068fc (0x01fc4a63) blt     s8, t6, pc + 20
core   0: 3 0x800068fc (0x01fc4a63)
core   0: 0x80006910 (0x450bf393) andi    t2, s7, 1104
core   0: 3 0x80006910 (0x450bf393) x 7 0x00000440
core   0: 0x80006914 (0x2efd3593) sltiu   a1, s10, 751
core   0: 3 0x80006914 (0x2efd3593) x11 0x00000001
core   0: 0x80006918 (0x0175e9b3) or      s3, a1, s7
core   0: 3 0x80006918 (0x0175e9b3) x19 0x80027e65
core   0: 0x8000691c (0x00bc6833) or      a6, s8, a1
core   0: 3 0x8000691c (0x00bc6833) x16 0xb3d103ab
core   0: 0x80006920 (0x00ae9793) slli    a5, t4, 10
core   0: 3 0x80006920 (0x00ae9793) x15 0x0012ac00
core   0: 0x80006924 (0x004992b3) sll     t0, s3, tp
core   0: 3 0x80006924 (0x004992b3) x 5 0x0004fcca
core   0: 0x80006928 (0x02847a63) bgeu    s0, s0, pc + 52
core   0: 3 0x80006928 (0x02847a63)
core   0: 0x8000695c (0x0348d063) bge     a7, s4, pc + 32
core   0: 3 0x8000695c (0x0348d063)
core   0: 0x8000697c (0x011ea5b3) slt     a1, t4, a7
core   0: 3 0x8000697c (0x011ea5b3) x11 0x00000000
core   0: 0x80006980 (0x002c2633) slt     a2, s8, sp
core   0: 3 0x80006980 (0x002c2633) x12 0x00000001
core   0: 0x80006984 (0x008d8533) add     a0, s11, s0
core   0: 3 0x80006984 (0x008d8533) x10 0x4c28e361
core   0: 0x80006988 (0xd3fb6413) ori     s0, s6, -705
core   0: 3 0x80006988 (0xd3fb6413) x 8 0xfffffd3f
core   0: 0x8000698c (0xe3a9b013) sltiu   zero, s3, -454
core   0: 3 0x8000698c (0xe3a9b013)
core   0: 0x80006990 (0x00fe3fb3) sltu    t6, t3, a5
core   0: 3 0x80006990 (0x00fe3fb3) x31 0x00000000
core   0: 0x80006994 (0x03714463) blt     sp, s7, pc + 40
core   0: 3 0x80006994 (0x03714463)
core   0: 0x80006998 (0x002fbcb3) sltu    s9, t6, sp
core   0: 3 0x80006998 (0x002fbcb3) x25 0x00000000
core   0: 0x8000699c (0x414edcb3) sra     s9, t4, s4
core   0: 3 0x8000699c (0x414edcb3) x25 0x00000025
core   0: 0x800069a0 (0x01998eb3) add     t4, s3, s9
core   0: 3 0x800069a0 (0x01998eb3) x29 0x80027e8a
core   0: 0x800069a4 (0x00c1e233) or      tp, gp, a2
core   0: 3 0x800069a4 (0x00c1e233) x 4 0xbcfc7de1
core   0: 0x800069a8 (0x04b2e463) bltu    t0, a1, pc + 72
core   0: 3 0x800069a8 (0x04b2e463)
core   0: 0x800069ac (0xf64ba413) slti    s0, s7, -156
core   0: 3 0x800069ac (0xf64ba413) x 8 0x00000001
core   0: 0x800069b0 (0x0137c433) xor     s0, a5, s3
core   0: 3 0x800069b0 (0x0137c433) x 8 0x8010d265
core   0: 0x800069b4 (0x0ff0000f) fence   iorw,iorw
core   0: 3 0x800069b4 (0x0ff0000f)
core   0: 0x800069b8 (0x029e6663) bltu    t3, s1, pc + 44
core   0: 3 0x800069b8 (0x029e6663)
core   0: 0x800069bc (0x00edaa33) slt     s4, s11, a4
core   0: 3 0x800069bc (0x00edaa33) x20 0x00000001
core   0: 0x800069c0 (0x40f80033) sub     zero, a6, a5
core   0: 3 0x800069c0 (0x40f80033)
core   0: 0x800069c4 (0x01eb9293) slli    t0, s7, 30
core   0: 3 0x800069c4 (0x01eb9293) x 5 0x00000000
core   0: 0x800069c8 (0x00285213) srli    tp, a6, 2
core   0: 3 0x800069c8 (0x00285213) x 4 0x2cf440ea
core   0: 0x800069cc (0x00ec3433) sltu    s0, s8, a4
core   0: 3 0x800069cc (0x00ec3433) x 8 0x00000000
core   0: 0x800069d0 (0x01ff5f93) srli    t6, t5, 31
core   0: 3 0x800069d0 (0x01ff5f93) x31 0x00000001
core   0: 0x800069d4 (0x01759993) slli    s3, a1, 23
core   0: 3 0x800069d4 (0x01759993) x19 0x00000000
core   0: 0x800069d8 (0x00edc433) xor     s0, s11, a4
core   0: 3 0x800069d8 (0x00edc433) x 8 0x00000001
core   0: 0x800069dc (0x4d794e13) xori    t3, s2, 1239
core   0: 3 0x800069dc (0x4d794e13) x28 0x7ffd854b
core   0: 0x800069e0 (0x0359e263) bltu    s3, s5, pc + 36
core   0: 3 0x800069e0 (0x0359e263)
core   0: 0x80006a04 (0x01575593) srli    a1, a4, 21
core   0: 3 0x80006a04 (0x01575593) x11 0x00000000
core   0: 0x80006a08 (0xb73c9f37) lui     t5, 0xb73c9
core   0: 3 0x80006a08 (0xb73c9f37) x30 0xb73c9000
core   0: 0x80006a0c (0x027e4463) blt     t3, t2, pc + 40
core   0: 3 0x80006a0c (0x027e4463)
core   0: 0x80006a10 (0x02f47c63) bgeu    s0, a5, pc + 56
core   0: 3 0x80006a10 (0x02f47c63)
core   0: 0x80006a14 (0x0382f263) bgeu    t0, s8, pc + 36
core   0: 3 0x80006a14 (0x0382f263)
core   0: 0x80006a18 (0x0147adb3) slt     s11, a5, s4
core   0: 3 0x80006a18 (0x0147adb3) x27 0x00000000
core   0: 0x80006a1c (0x013fc2b3) xor     t0, t6, s3
core   0: 3 0x80006a1c (0x013fc2b3) x 5 0x00000001
core   0: 0x80006a20 (0x01aecc63) blt     t4, s10, pc + 24
core   0: 3 0x80006a20 (0x01aecc63)
core   0: 0x80006a38 (0x41e05b13) srai    s6, zero, 30
core   0: 3 0x80006a38 (0x41e05b13) x22 0x00000000
core   0: 0x80006a3c (0x403e5533) sra     a0, t3, gp
core   0: 3 0x80006a3c (0x403e5533) x10 0x7ffd854b
core   0: 0x80006a40 (0x000a5513) srli    a0, s4, 0
core   0: 3 0x80006a40 (0x000a5513) x10 0x00000001
core   0: 0x80006a44 (0x05408463) beq     ra, s4, pc + 72
core   0: 3 0x80006a44 (0x05408463)
core   0: 0x80006a48 (0x05884063) blt     a6, s8, pc + 64
core   0: 3 0x80006a48 (0x05884063)
core   0: 0x80006a4c (0xa3c4ef13) ori     t5, s1, -1476
core   0: 3 0x80006a4c (0xa3c4ef13) x30 0xfffffefc
core   0: 0x80006a50 (0x018b9433) sll     s0, s7, s8
core   0: 3 0x80006a50 (0x018b9433) x 8 0x09f99000
core   0: 0x80006a54 (0x4121ddb3) sra     s11, gp, s2
core   0: 3 0x80006a54 (0x4121ddb3) x27 0xfffffffb
core   0: 0x80006a58 (0x00d1c6b3) xor     a3, gp, a3
core   0: 3 0x80006a58 (0x00d1c6b3) x13 0xbcfc7de1
core   0: 0x80006a5c (0x00181fb3) sll     t6, a6, ra
core   0: 3 0x80006a5c (0x00181fb3) x31 0xb3d103ab
core   0: 0x80006a60 (0x01ef1863) bne     t5, t5, pc + 16
core   0: 3 0x80006a60 (0x01ef1863)
core   0: 0x80006a64 (0x01f942b3) xor     t0, s2, t6
core   0: 3 0x80006a64 (0x01f942b3) x 5 0xcc2c8237
core   0: 0x80006a68 (0x0038bd33) sltu    s10, a7, gp
core   0: 3 0x80006a68 (0x0038bd33) x26 0x00000001
core   0: 0x80006a6c (0x01c7ea63) bltu    a5, t3, pc + 20
core   0: 3 0x80006a6c (0x01c7ea63)
core   0: 0x80006a80 (0x00b99393) slli    t2, s3, 11
core   0: 3 0x80006a80 (0x00b99393) x 7 0x00000000
core   0: 0x80006a84 (0x00000013) nop
core   0: 3 0x80006a84 (0x00000013)
core   0: 0x80006a88 (0x03e74c63) blt     a4, t5, pc + 56
core   0: 3 0x80006a88 (0x03e74c63)
core   0: 0x80006a8c (0x00000013) nop
core   0: 3 0x80006a8c (0x00000013)
core   0: 0x80006a90 (0x406dd7b3) sra     a5, s11, t1
core   0: 3 0x80006a90 (0x406dd7b3) x15 0xffffffff
core   0: 0x80006a94 (0x00307263) bgeu    zero, gp, pc + 4
core   0: 3 0x80006a94 (0x00307263)
core   0: 0x80006a98 (0x03d5d463) bge     a1, t4, pc + 40
core   0: 3 0x80006a98 (0x03d5d463)
core   0: 0x80006ac0 (0x00b99cb3) sll     s9, s3, a1
core   0: 3 0x80006ac0 (0x00b99cb3) x25 0x00000000
core   0: 0x80006ac4 (0x02777e63) bgeu    a4, t2, pc + 60
core   0: 3 0x80006ac4 (0x02777e63)
core   0: 0x80006b00 (0x0141ce33) xor     t3, gp, s4
core   0: 3 0x80006b00 (0x0141ce33) x28 0xbcfc7de1
core   0: 0x80006b04 (0x015839b3) sltu    s3, a6, s5
core   0: 3 0x80006b04 (0x015839b3) x19 0x00000001
core   0: 0x80006b08 (0x013c0b33) add     s6, s8, s3
core   0: 3 0x80006b08 (0x013c0b33) x22 0xb3d103ab
core   0: 0x80006b0c (0x9e548693) addi    a3, s1, -1563
core   0: 3 0x80006b0c (0x9e548693) x13 0x8002b6c9
core   0: 0x80006b10 (0x01be9c13) slli    s8, t4, 27
core   0: 3 0x80006b10 (0x01be9c13) x24 0x50000000
core   0: 0x80006b14 (0x03fbf863) bgeu    s7, t6, pc + 48
core   0: 3 0x80006b14 (0x03fbf863)
core   0: 0x80006b18 (0x057a4063) blt     s4, s7, pc + 64
core   0: 3 0x80006b18 (0x057a4063)
core   0: 0x80006b1c (0x42713f97) auipc   t6, 0x42713
core   0: 3 0x80006b1c (0x42713f97) x31 0xc2719b1c
core   0: 0x80006b20 (0x6e562913) slti    s2, a2, 1765
core   0: 3 0x80006b20 (0x6e562913) x18 0x00000001
core   0: 0x80006b24 (0x00ad0a63) beq     s10, a0, pc + 20
core   0: 3 0x80006b24 (0x00ad0a63)
core   0: 0x80006b38 (0x83ee0d93) addi    s11, t3, -1986
core   0: 3 0x80006b38 (0x83ee0d93) x27 0xbcfc761f
core   0: 0x80006b3c (0x02edec63) bltu    s11, a4, pc + 56
core   0: 3 0x80006b3c (0x02edec63)
core   0: 0x80006b40 (0x00000013) nop
core   0: 3 0x80006b40 (0x00000013)
core   0: 0x80006b44 (0x0052d193) srli    gp, t0, 5
core   0: 3 0x80006b44 (0x0052d193) x 3 0x06616411
core   0: 0x80006b48 (0x0ff0000f) fence   iorw,iorw
core   0: 3 0x80006b48 (0x0ff0000f)
core   0: 0x80006b4c (0x00580433) add     s0, a6, t0
core   0: 3 0x80006b4c (0x00580433) x 8 0x7ffd85e2
core   0: 0x80006b50 (0x0000b333) sltu    t1, ra, zero
core   0: 3 0x80006b50 (0x0000b333) x 6 0x00000000
core   0: 0x80006b54 (0x6ac33813) sltiu   a6, t1, 1708
core   0: 3 0x80006b54 (0x6ac33813) x16 0x00000001
core   0: 0x80006b58 (0x402a82b3) sub     t0, s5, sp
core   0: 3 0x80006b58 (0x402a82b3) x 5 0xfdb012bb
core   0: 0x80006b5c (0x003e1fb3) sll     t6, t3, gp
core   0: 3 0x80006b5c (0x003e1fb3) x31 0xfbc20000
core   0: 0x80006b60 (0x7598f093) andi    ra, a7, 1881
core   0: 3 0x80006b60 (0x7598f093) x 1 0x00000000
core   0: 0x80006b64 (0x003588b3) add     a7, a1, gp
core   0: 3 0x80006b64 (0x003588b3) x17 0x06616411
core   0: 0x80006b68 (0x0020ae33) slt     t3, ra, sp
core   0: 3 0x80006b68 (0x0020ae33) x28 0x00000000
core   0: 0x80006b6c (0x010c09b3) add     s3, s8, a6
core   0: 3 0x80006b6c (0x010c09b3) x19 0x50000001
core   0: 0x80006b70 (0x403a0d33) sub     s10, s4, gp
core   0: 3 0x80006b70 (0x403a0d33) x26 0xf99e9bf0
core   0: 0x80006b74 (0x00000013) nop
core   0: 3 0x80006b74 (0x00000013)
core   0: 0x80006b78 (0x01c3bdb3) sltu    s11, t2, t3
core   0: 3 0x80006b78 (0x01c3bdb3) x27 0x00000000
core   0: 0x80006b7c (0x7fdb7813) andi    a6, s6, 2045
core   0: 3 0x80006b7c (0x7fdb7813) x16 0x000003a9
core   0: 0x80006b80 (0x7556f997) auipc   s3, 0x7556f
core   0: 3 0x80006b80 (0x7556f997) x19 0xf5575b80
core   0: 0x80006b84 (0x416802b3) sub     t0, a6, s6
core   0: 3 0x80006b84 (0x416802b3) x 5 0x4c2efffe
core   0: 0x80006b88 (0x018ed833) srl     a6, t4, s8
core   0: 3 0x80006b88 (0x018ed833) x16 0x80027e8a
core   0: 0x80006b8c (0x00b792b3) sll     t0, a5, a1
core   0: 3 0x80006b8c (0x00b792b3) x 5 0xffffffff
core   0: 0x80006b90 (0x014cf663) bgeu    s9, s4, pc + 12
core   0: 3 0x80006b90 (0x014cf663)
core   0: 0x80006b94 (0x01d15693) srli    a3, sp, 29
core   0: 3 0x80006b94 (0x01d15693) x13 0x00000000
core   0: 0x80006b98 (0x03c75663) bge     a4, t3, pc + 44
core   0: 3 0x80006b98 (0x03c75663)
core   0: 0x80006bc4 (0x9abbef93) ori     t6, s7, -1621
core   0: 3 0x80006bc4 (0x9abbef93) x31 0xffffffef
core   0: 0x80006bc8 (0x017c48b3) xor     a7, s8, s7
core   0: 3 0x80006bc8 (0x017c48b3) x17 0xd0027e64
core   0: 0x80006bcc (0x4051de13) srai    t3, gp, 5
core   0: 3 0x80006bcc (0x4051de13) x28 0x00330b20
core   0: 0x80006bd0 (0x004bc663) blt     s7, tp, pc + 12
core   0: 3 0x80006bd0 (0x004bc663)
core   0: 0x80006bdc (0x01dfbdb3) sltu    s11, t6, t4
core   0: 3 0x80006bdc (0x01dfbdb3) x27 0x00000000
core   0: 0x80006be0 (0x91397593) andi    a1, s2, -1773
core   0: 3 0x80006be0 (0x91397593) x11 0x00000001
core   0: 0x80006be4 (0x00000013) nop
core   0: 3 0x80006be4 (0x00000013)
core   0: 0x80006be8 (0x01248333) add     t1, s1, s2
core   0: 3 0x80006be8 (0x01248333) x 6 0x8002bce5
core   0: 0x80006bec (0x018b58b3) srl     a7, s6, s8
core   0: 3 0x80006bec (0x018b58b3) x17 0xb3d103ab
core   0: 0x80006bf0 (0x01d19db3) sll     s11, gp, t4
core   0: 3 0x80006bf0 (0x01d19db3) x27 0x85904400
core   0: 0x80006bf4 (0x41c45533) sra     a0, s0, t3
core   0: 3 0x80006bf4 (0x41c45533) x10 0x7ffd85e2
core   0: 0x80006bf8 (0x794c6693) ori     a3, s8, 1940
core   0: 3 0x80006bf8 (0x794c6693) x13 0x50000794
core   0: 0x80006bfc (0x016ac2b3) xor     t0, s5, s6
core   0: 3 0x80006bfc (0x016ac2b3) x 5 0x4e611110
core   0: 0x80006c00 (0x011936b3) sltu    a3, s2, a7
core   0: 3 0x80006c00 (0x011936b3) x13 0x00000001
core   0: 0x80006c04 (0x006d0eb3) add     t4, s10, t1
core   0: 3 0x80006c04 (0x006d0eb3) x29 0x79a158d5
core   0: 0x80006c08 (0x01023433) sltu    s0, tp, a6
core   0: 3 0x80006c08 (0x01023433) x 8 0x00000001
core   0: 0x80006c0c (0x00ec9a63) bne     s9, a4, pc + 20
core   0: 3 0x80006c0c (0x00ec9a63)
core   0: 0x80006c20 (0x0000100f) fence.i
core   0: 3 0x80006c20 (0x0000100f)
core   0: 0x80006c24 (0x4044d233) sra     tp, s1, tp
core   0: 3 0x80006c24 (0x4044d233) x 4 0xffe000af
core   0: 0x80006c28 (0x01b7c263) blt     a5, s11, pc + 4
core   0: 3 0x80006c28 (0x01b7c263)
core   0: 0x80006c2c (0x02ab7663) bgeu    s6, a0, pc + 44
core   0: 3 0x80006c2c (0x02ab7663)
core   0: 0x80006c58 (0xb4b0ca13) xori    s4, ra, -1205
core   0: 3 0x80006c58 (0xb4b0ca13) x20 0xfffffb4b
core   0: 0x80006c5c (0x058be463) bltu    s7, s8, pc + 72
core   0: 3 0x80006c5c (0x058be463)
core   0: 0x80006c60 (0x00f2d863) bge     t0, a5, pc + 16
core   0: 3 0x80006c60 (0x00f2d863)
core   0: 0x80006c70 (0x00164533) xor     a0, a2, ra
core   0: 3 0x80006c70 (0x00164533) x10 0x00000001
core   0: 0x80006c74 (0x54180c93) addi    s9, a6, 1345
core   0: 3 0x80006c74 (0x54180c93) x25 0x800283cb
core   0: 0x80006c78 (0x00fd1713) slli    a4, s10, 15
core   0: 3 0x80006c78 (0x00fd1713) x14 0x4df80000
core   0: 0x80006c7c (0x400251b3) sra     gp, tp, zero
core   0: 3 0x80006c7c (0x400251b3) x 3 0xffe000af
core   0: 0x80006c80 (0x417b5613) srai    a2, s6, 23
core   0: 3 0x80006c80 (0x417b5613) x12 0xffffff67
core   0: 0x80006c84 (0x73d4ef13) ori     t5, s1, 1853
core   0: 3 0x80006c84 (0x73d4ef13) x30 0x8002bffd
core   0: 0x80006c88 (0x402e5b13) srai    s6, t3, 2
core   0: 3 0x80006c88 (0x402e5b13) x22 0x000cc2c8
core   0: 0x80006c8c (0x01bfee63) bltu    t6, s11, pc + 28
core   0: 3 0x80006c8c (0x01bfee63)
core   0: 0x80006c90 (0x02217e63) bgeu    sp, sp, pc + 60
core   0: 3 0x80006c90 (0x02217e63)
core   0: 0x80006ccc (0x1a08e113) ori     sp, a7, 416
core   0: 3 0x80006ccc (0x1a08e113) x 2 0xb3d103ab
core   0: 0x80006cd0 (0x02551a63) bne     a0, t0, pc + 52
core   0: 3 0x80006cd0 (0x02551a63)
core   0: 0x80006d04 (0x533f6913) ori     s2, t5, 1331
core   0: 3 0x80006d04 (0x533f6913) x18 0x8002bfff
core   0: 0x80006d08 (0x01d35333) srl     t1, t1, t4
core   0: 3 0x80006d08 (0x01d35333) x 6 0x00000400
core   0: 0x80006d0c (0xf4103c37) lui     s8, 0xf4103
core   0: 3 0x80006d0c (0xf4103c37) x24 0xf4103000
core   0: 0x80006d10 (0x8cfc4293) xori    t0, s8, -1841
core   0: 3 0x80006d10 (0x8cfc4293) x 5 0x0befc8cf
core   0: 0x80006d14 (0x00afbc33) sltu    s8, t6, a0
core   0: 3 0x80006d14 (0x00afbc33) x24 0x00000000
core   0: 0x80006d18 (0x00a2a233) slt     tp, t0, a0
core   0: 3 0x80006d18 (0x00a2a233) x 4 0x00000000
core   0: 0x80006d1c (0x00b21213) slli    tp, tp, 11
core   0: 3 0x80006d1c (0x00b21213) x 4 0x00000000
core   0: 0x80006d20 (0x00e07833) and     a6, zero, a4
core   0: 3 0x80006d20 (0x00e07833) x16 0x00000000
core   0: 0x80006d24 (0x04f49463) bne     s1, a5, pc + 72
core   0: 3 0x80006d24 (0x04f49463)
core   0: 0x80006d6c (0x47836913) ori     s2, t1, 1144
core   0: 3 0x80006d6c (0x47836913) x18 0x00000478
core   0: 0x80006d70 (0x00000013) nop
core   0: 3 0x80006d70 (0x00000013)
core   0: 0x80006d74 (0x41b78c33) sub     s8, a5, s11
core   0: 3 0x80006d74 (0x41b78c33) x24 0x7a6fbbff
core   0: 0x80006d78 (0x04d45063) bge     s0, a3, pc + 64
core   0: 3 0x80006d78 (0x04d45063)
core   0: 0x80006db8 (0x01518cb3) add     s9, gp, s5
core   0: 3 0x80006db8 (0x01518cb3) x25 0xfd90136a
core   0: 0x80006dbc (0x03ccc863) blt     s9, t3, pc + 48
core   0: 3 0x80006dbc (0x03ccc863)
core   0: 0x80006dec (0x01711433) sll     s0, sp, s7
core   0: 3 0x80006dec (0x01711433) x 8 0x3d103ab0
core   0: 0x80006df0 (0x0dfdd463) bge     s11, t6, pc + 200
core   0: 3 0x80006df0 (0x0dfdd463)
core   0: 0x80006df4 (0x00018717) auipc   a4, 0x18
core   0: 3 0x80006df4 (0x00018717) x14 0x8001edf4
core   0: 0x80006df8 (0x77870713) addi    a4, a4, 1912
core   0: 3 0x80006df8 (0x77870713) x14 0x8001f56c
core   0: 0x80006dfc (0x07270883) lb      a7, 114(a4)
core   0: 3 0x80006dfc (0x07270883) x17 0x00000000 mem 0x8001f5de
core   0: 0x80006e00 (0xfaf71823) sh      a5, -80(a4)
core   0: 3 0x80006e00 (0xfaf71823) mem 0x8001f51c 0xffff
core   0: 0x80006e04 (0x40c3d633) sra     a2, t2, a2
core   0: 3 0x80006e04 (0x40c3d633) x12 0x00000000
core   0: 0x80006e08 (0xfaf702a3) sb      a5, -91(a4)
core   0: 3 0x80006e08 (0xfaf702a3) mem 0x8001f511 0xff
core   0: 0x80006e0c (0x0000100f) fence.i
core   0: 3 0x80006e0c (0x0000100f)
core   0: 0x80006e10 (0x4079d9b3) sra     s3, s3, t2
core   0: 3 0x80006e10 (0x4079d9b3) x19 0xf5575b80
core   0: 0x80006e14 (0x713e6393) ori     t2, t3, 1811
core   0: 3 0x80006e14 (0x713e6393) x 7 0x00330f33
core   0: 0x80006e18 (0x64f8e393) ori     t2, a7, 1615
core   0: 3 0x80006e18 (0x64f8e393) x 7 0x0000064f
core   0: 0x80006e1c (0x03c72a23) sw      t3, 52(a4)
core   0: 3 0x80006e1c (0x03c72a23) mem 0x8001f5a0 0x00330b20
core   0: 0x80006e20 (0x4078de33) sra     t3, a7, t2
core   0: 3 0x80006e20 (0x4078de33) x28 0x00000000
core   0: 0x80006e24 (0xfa675e03) lhu     t3, -90(a4)
core   0: 3 0x80006e24 (0xfa675e03) x28 0x00000000 mem 0x8001f512
core   0: 0x80006e28 (0xfde74603) lbu     a2, -34(a4)
core   0: 3 0x80006e28 (0xfde74603) x12 0x00000000 mem 0x8001f54a
core   0: 0x80006e2c (0x0be9a893) slti    a7, s3, 190
core   0: 3 0x80006e2c (0x0be9a893) x17 0x00000001
core   0: 0x80006e30 (0xa2d3e893) ori     a7, t2, -1491
core   0: 3 0x80006e30 (0xa2d3e893) x17 0xfffffe6f
core   0: 0x80006e34 (0x4079d893) srai    a7, s3, 7
core   0: 3 0x80006e34 (0x4079d893) x17 0xffeaaeb7
core   0: 0x80006e38 (0x00c669b3) or      s3, a2, a2
core   0: 3 0x80006e38 (0x00c669b3) x19 0x00000000
core   0: 0x80006e3c (0x011617b3) sll     a5, a2, a7
core   0: 3 0x80006e3c (0x011617b3) x15 0x00000000
core   0: 0x80006e40 (0xf4071983) lh      s3, -192(a4)
core   0: 3 0x80006e40 (0xf4071983) x19 0x00000000 mem 0x8001f4ac
core   0: 0x80006e44 (0x00439993) slli    s3, t2, 4
core   0: 3 0x80006e44 (0x00439993) x19 0x000064f0
core   0: 0x80006e48 (0x00c8ae33) slt     t3, a7, a2
core   0: 3 0x80006e48 (0x00c8ae33) x28 0x00000001
core   0: 0x80006e4c (0x411389b3) sub     s3, t2, a7
core   0: 3 0x80006e4c (0x411389b3) x19 0x00155798
core   0: 0x80006e50 (0x00f3e9b3) or      s3, t2, a5
core   0: 3 0x80006e50 (0x00f3e9b3) x19 0x0000064f
core   0: 0x80006e54 (0x4188d393) srai    t2, a7, 24
core   0: 3 0x80006e54 (0x4188d393) x 7 0xffffffff
core   0: 0x80006e58 (0xfac709a3) sb      a2, -77(a4)
core   0: 3 0x80006e58 (0xfac709a3) mem 0x8001f51f 0x0
core   0: 0x80006e5c (0x01179393) slli    t2, a5, 17
core   0: 3 0x80006e5c (0x01179393) x 7 0x00000000
core   0: 0x80006e60 (0x00c898b3) sll     a7, a7, a2
core   0: 3 0x80006e60 (0x00c898b3) x17 0xffeaaeb7
core   0: 0x80006e64 (0xfcc75e03) lhu     t3, -52(a4)
core   0: 3 0x80006e64 (0xfcc75e03) x28 0x00000000 mem 0x8001f538
core   0: 0x80006e68 (0x00000013) nop
core   0: 3 0x80006e68 (0x00000013)
core   0: 0x80006e6c (0x01c9f8b3) and     a7, s3, t3
core   0: 3 0x80006e6c (0x01c9f8b3) x17 0x00000000
core   0: 0x80006e70 (0x01b9d793) srli    a5, s3, 27
core   0: 3 0x80006e70 (0x01b9d793) x15 0x00000000
core   0: 0x80006e74 (0x00b7de13) srli    t3, a5, 11
core   0: 3 0x80006e74 (0x00b7de13) x28 0x00000000
core   0: 0x80006e78 (0x00b61893) slli    a7, a2, 11
core   0: 3 0x80006e78 (0x00b61893) x17 0x00000000
core   0: 0x80006e7c (0xf6675383) lhu     t2, -154(a4)
core   0: 3 0x80006e7c (0xf6675383) x 7 0x00000000 mem 0x8001f4d2
core   0: 0x80006e80 (0x7ef3a613) slti    a2, t2, 2031
core   0: 3 0x80006e80 (0x7ef3a613) x12 0x00000001
core   0: 0x80006e84 (0xf4f70983) lb      s3, -177(a4)
core   0: 3 0x80006e84 (0xf4f70983) x19 0x00000000 mem 0x8001f4bb
core   0: 0x80006e88 (0x00e76e33) or      t3, a4, a4
core   0: 3 0x80006e88 (0x00e76e33) x28 0x8001f56c
core   0: 0x80006e8c (0x40d65393) srai    t2, a2, 13
core   0: 3 0x80006e8c (0x40d65393) x 7 0x00000000
core   0: 0x80006e90 (0x014a7b33) and     s6, s4, s4
core   0: 3 0x80006e90 (0x014a7b33) x22 0xfffffb4b
core   0: 0x80006e94 (0x0ff0000f) fence   iorw,iorw
core   0: 3 0x80006e94 (0x0ff0000f)
core   0: 0x80006e98 (0x01024a33) xor     s4, tp, a6
core   0: 3 0x80006e98 (0x01024a33) x20 0x00000000
core   0: 0x80006e9c (0x004557b3) srl     a5, a0, tp
core   0: 3 0x80006e9c (0x004557b3) x15 0x00000001
core   0: 0x80006ea0 (0x28bda913) slti    s2, s11, 651
core   0: 3 0x80006ea0 (0x28bda913) x18 0x00000001
core   0: 0x80006ea4 (0x0075deb3) srl     t4, a1, t2
core   0: 3 0x80006ea4 (0x0075deb3) x29 0x00000001
core   0: 0x80006ea8 (0xe1658b13) addi    s6, a1, -490
core   0: 3 0x80006ea8 (0xe1658b13) x22 0xfffffe17
core   0: 0x80006eac (0xe9895297) auipc   t0, 0xe9895
core   0: 3 0x80006eac (0xe9895297) x 5 0x6989beac
core   0: 0x80006eb0 (0x02697c63) bgeu    s2, t1, pc + 56
core   0: 3 0x80006eb0 (0x02697c63)
core   0: 0x80006eb4 (0x0165d093) srli    ra, a1, 22
core   0: 3 0x80006eb4 (0x0165d093) x 1 0x00000000
core   0: 0x80006eb8 (0x01e10233) add     tp, sp, t5
core   0: 3 0x80006eb8 (0x01e10233) x 4 0x33d3c3a8
core   0: 0x80006ebc (0xa806cc13) xori    s8, a3, -1408
core   0: 3 0x80006ebc (0xa806cc13) x24 0xfffffa81
core   0: 0x80006ec0 (0x04bc8463) beq     s9, a1, pc + 72
core   0: 3 0x80006ec0 (0x04bc8463)
core   0: 0x80006ec4 (0x0019c663) blt     s3, ra, pc + 12
core   0: 3 0x80006ec4 (0x0019c663)
core   0: 0x80006ec8 (0x005fdf13) srli    t5, t6, 5
core   0: 3 0x80006ec8 (0x005fdf13) x30 0x07ffffff
core   0: 0x80006ecc (0x00000013) nop
core   0: 3 0x80006ecc (0x00000013)
core   0: 0x80006ed0 (0x010eca63) blt     t4, a6, pc + 20
core   0: 3 0x80006ed0 (0x010eca63)
core   0: 0x80006ed4 (0x0a91b593) sltiu   a1, gp, 169
core   0: 3 0x80006ed4 (0x0a91b593) x11 0x00000000
core   0: 0x80006ed8 (0x015f6fb3) or      t6, t5, s5
core   0: 3 0x80006ed8 (0x015f6fb3) x31 0xffffffff
core   0: 0x80006edc (0x6e77bf93) sltiu   t6, a5, 1767
core   0: 3 0x80006edc (0x6e77bf93) x31 0x00000001
core   0: 0x80006ee0 (0x06924693) xori    a3, tp, 105
core   0: 3 0x80006ee0 (0x06924693) x13 0x33d3c3c1
core   0: 0x80006ee4 (0x02880e63) beq     a6, s0, pc + 60
core   0: 3 0x80006ee4 (0x02880e63)
core   0: 0x80006ee8 (0x01419613) slli    a2, gp, 20
core   0: 3 0x80006ee8 (0x01419613) x12 0x0af00000
core   0: 0x80006eec (0x2bcbe397) auipc   t2, 0x2bcbe
core   0: 3 0x80006eec (0x2bcbe397) x 7 0xabcc4eec
core   0: 0x80006ef0 (0x00149f13) slli    t5, s1, 1
core   0: 3 0x80006ef0 (0x00149f13) x30 0x000579c8
core   0: 0x80006ef4 (0x01e9b833) sltu    a6, s3, t5
core   0: 3 0x80006ef4 (0x01e9b833) x16 0x00000001
core   0: 0x80006ef8 (0x0ff0000f) fence   iorw,iorw
core   0: 3 0x80006ef8 (0x0ff0000f)
core   0: 0x80006efc (0x952c2893) slti    a7, s8, -1710
core   0: 3 0x80006efc (0x952c2893) x17 0x00000000
core   0: 0x80006f00 (0x40c05093) srai    ra, zero, 12
core   0: 3 0x80006f00 (0x40c05093) x 1 0x00000000
core   0: 0x80006f04 (0x004ed2b3) srl     t0, t4, tp
core   0: 3 0x80006f04 (0x004ed2b3) x 5 0x00000000
core   0: 0x80006f08 (0xbfdca593) slti    a1, s9, -1027
core   0: 3 0x80006f08 (0xbfdca593) x11 0x00000001
core   0: 0x80006f0c (0x0153a333) slt     t1, t2, s5
core   0: 3 0x80006f0c (0x0153a333) x 6 0x00000001
core   0: 0x80006f10 (0x035c0f13) addi    t5, s8, 53
core   0: 3 0x80006f10 (0x035c0f13) x30 0xfffffab6
core   0: 0x80006f14 (0x0452f463) bgeu    t0, t0, pc + 72
core   0: 3 0x80006f14 (0x0452f463)
core   0: 0x80006f5c (0x404006b3) sub     a3, zero, tp
core   0: 3 0x80006f5c (0x404006b3) x13 0xcc2c3c58
core   0: 0x80006f60 (0x01ca67b3) or      a5, s4, t3
core   0: 3 0x80006f60 (0x01ca67b3) x15 0x8001f56c
core   0: 0x80006f64 (0x493bfd13) andi    s10, s7, 1171
core   0: 3 0x80006f64 (0x493bfd13) x26 0x00000400
core   0: 0x80006f68 (0x00dcfe63) bgeu    s9, a3, pc + 28
core   0: 3 0x80006f68 (0x00dcfe63)
core   0: 0x80006f84 (0xee5b7593) andi    a1, s6, -283
core   0: 3 0x80006f84 (0xee5b7593) x11 0xfffffe05
core   0: 0x80006f88 (0x018363b3) or      t2, t1, s8
core   0: 3 0x80006f88 (0x018363b3) x 7 0xfffffa81
core   0: 0x80006f8c (0xd7534713) xori    a4, t1, -651
core   0: 3 0x80006f8c (0xd7534713) x14 0xfffffd74
core   0: 0x80006f90 (0x40c20413) addi    s0, tp, 1036
core   0: 3 0x80006f90 (0x40c20413) x 8 0x33d3c7b4
core   0: 0x80006f94 (0x0255cc63) blt     a1, t0, pc + 56
core   0: 3 0x80006f94 (0x0255cc63)
core   0: 0x80006fcc (0x0171a0b3) slt     ra, gp, s7
core   0: 3 0x80006fcc (0x0171a0b3) x 1 0x00000000
core   0: 0x80006fd0 (0x03c47e63) bgeu    s0, t3, pc + 60
core   0: 3 0x80006fd0 (0x03c47e63)
core   0: 0x80006fd4 (0x02e8e663) bltu    a7, a4, pc + 44
core   0: 3 0x80006fd4 (0x02e8e663)
core   0: 0x80007000 (0x5b21bc13) sltiu   s8, gp, 1458
core   0: 3 0x80007000 (0x5b21bc13) x24 0x00000000
core   0: 0x80007004 (0x0ff0000f) fence   iorw,iorw
core   0: 3 0x80007004 (0x0ff0000f)
core   0: 0x80007008 (0x0b7c5463) bge     s8, s7, pc + 168
core   0: 3 0x80007008 (0x0b7c5463)
core   0: 0x800070b0 (0x00b85633) srl     a2, a6, a1
core   0: 3 0x800070b0 (0x00b85633) x12 0x00000000
core   0: 0x800070b4 (0x00000013) nop
core   0: 3 0x800070b4 (0x00000013)
core   0: 0x800070b8 (0x6bda0c13) addi    s8, s4, 1725
core   0: 3 0x800070b8 (0x6bda0c13) x24 0x000006bd
core   0: 0x800070bc (0x21020513) addi    a0, tp, 528
core   0: 3 0x800070bc (0x21020513) x10 0x33d3c5b8
core   0: 0x800070c0 (0x00daed33) or      s10, s5, a3
core   0: 3 0x800070c0 (0x00daed33) x26 0xfdbc3efb
core   0: 0x800070c4 (0x017bda63) bge     s7, s7, pc + 20
core   0: 3 0x800070c4 (0x017bda63)
core   0: 0x800070d8 (0x05738063) beq     t2, s7, pc + 64
core   0: 3 0x800070d8 (0x05738063)
core   0: 0x800070dc (0x41c1dc13) srai    s8, gp, 28
core   0: 3 0x800070dc (0x41c1dc13) x24 0xffffffff
core   0: 0x800070e0 (0x01c7b2b3) sltu    t0, a5, t3
core   0: 3 0x800070e0 (0x01c7b2b3) x 5 0x00000000
core   0: 0x800070e4 (0x007a1413) slli    s0, s4, 7
core   0: 3 0x800070e4 (0x007a1413) x 8 0x00000000
core   0: 0x800070e8 (0xd622b913) sltiu   s2, t0, -670
core   0: 3 0x800070e8 (0xd622b913) x18 0x00000001
core   0: 0x800070ec (0x02504663) blt     zero, t0, pc + 44
core   0: 3 0x800070ec (0x02504663)
core   0: 0x800070f0 (0x047b0463) beq     s6, t2, pc + 72
core   0: 3 0x800070f0 (0x047b0463)
core   0: 0x800070f4 (0x4d2df593) andi    a1, s11, 1234
core   0: 3 0x800070f4 (0x4d2df593) x11 0x00000400
core   0: 0x800070f8 (0x00000013) nop
core   0: 3 0x800070f8 (0x00000013)
core   0: 0x800070fc (0x0ff0000f) fence   iorw,iorw
core   0: 3 0x800070fc (0x0ff0000f)
core   0: 0x80007100 (0x0020c933) xor     s2, ra, sp
core   0: 3 0x80007100 (0x0020c933) x18 0xb3d103ab
core   0: 0x80007104 (0x03255c63) bge     a0, s2, pc + 56
core   0: 3 0x80007104 (0x03255c63)
core   0: 0x8000713c (0xd05f6413) ori     s0, t5, -763
core   0: 3 0x8000713c (0xd05f6413) x 8 0xffffffb7
core   0: 0x80007140 (0x0212ea63) bltu    t0, ra, pc + 52
core   0: 3 0x80007140 (0x0212ea63)
core   0: 0x80007144 (0x01129f13) slli    t5, t0, 17
core   0: 3 0x80007144 (0x01129f13) x30 0x00000000
core   0: 0x80007148 (0x02a2c463) blt     t0, a0, pc + 40
core   0: 3 0x80007148 (0x02a2c463)
core   0: 0x80007170 (0x01bfda63) bge     t6, s11, pc + 20
core   0: 3 0x80007170 (0x01bfda63)
core   0: 0x80007184 (0x5b3d7713) andi    a4, s10, 1459
core   0: 3 0x80007184 (0x5b3d7713) x14 0x000004b3
core   0: 0x80007188 (0x00000013) nop
core   0: 3 0x80007188 (0x00000013)
core   0: 0x8000718c (0x90c97c13) andi    s8, s2, -1780
core   0: 3 0x8000718c (0x90c97c13) x24 0xb3d10108
core   0: 0x80007190 (0x026bc663) blt     s7, t1, pc + 44
core   0: 3 0x80007190 (0x026bc663)
core   0: 0x800071bc (0x40d48433) sub     s0, s1, a3
core   0: 3 0x800071bc (0x40d48433) x 8 0xb3d6808c
core   0: 0x800071c0 (0x3e3aca13) xori    s4, s5, 995
core   0: 3 0x800071c0 (0x3e3aca13) x20 0xfdb01158
core   0: 0x800071c4 (0x003afc63) bgeu    s5, gp, pc + 24
core   0: 3 0x800071c4 (0x003afc63)
core   0: 0x800071c8 (0x00d20fb3) add     t6, tp, a3
core   0: 3 0x800071c8 (0x00d20fb3) x31 0x00000000
core   0: 0x800071cc (0x013d6033) or      zero, s10, s3
core   0: 3 0x800071cc (0x013d6033)
core   0: 0x800071d0 (0x6fb0b613) sltiu   a2, ra, 1787
core   0: 3 0x800071d0 (0x6fb0b613) x12 0x00000001
core   0: 0x800071d4 (0x9e5cf113) andi    sp, s9, -1563
core   0: 3 0x800071d4 (0x9e5cf113) x 2 0xfd901160
core   0: 0x800071d8 (0x01d7d093) srli    ra, a5, 29
core   0: 3 0x800071d8 (0x01d7d093) x 1 0x00000004
core   0: 0x800071dc (0x01d3d513) srli    a0, t2, 29
core   0: 3 0x800071dc (0x01d3d513) x10 0x00000007
core   0: 0x800071e0 (0x01e025b3) slt     a1, zero, t5
core   0: 3 0x800071e0 (0x01e025b3) x11 0x00000000
core   0: 0x800071e4 (0x0114ff33) and     t5, s1, a7
core   0: 3 0x800071e4 (0x0114ff33) x30 0x00000000
core   0: 0x800071e8 (0x00c51813) slli    a6, a0, 12
core   0: 3 0x800071e8 (0x00c51813) x16 0x00007000
core   0: 0x800071ec (0x003a5c33) srl     s8, s4, gp
core   0: 3 0x800071ec (0x003a5c33) x24 0x0001fb60
core   0: 0x800071f0 (0x0000100f) fence.i
core   0: 3 0x800071f0 (0x0000100f)
core   0: 0x800071f4 (0x0482f463) bgeu    t0, s0, pc + 72
core   0: 3 0x800071f4 (0x0482f463)
core   0: 0x800071f8 (0x01e6b833) sltu    a6, a3, t5
core   0: 3 0x800071f8 (0x01e6b833) x16 0x00000000
core   0: 0x800071fc (0x0130f3b3) and     t2, ra, s3
core   0: 3 0x800071fc (0x0130f3b3) x 7 0x00000000
core   0: 0x80007200 (0x61e09f97) auipc   t6, 0x61e09
core   0: 3 0x80007200 (0x61e09f97) x31 0xe1e10200
core   0: 0x80007204 (0x25a39d17) auipc   s10, 0x25a39
core   0: 3 0x80007204 (0x25a39d17) x26 0xa5a40204
core   0: 0x80007208 (0x0ff0000f) fence   iorw,iorw
core   0: 3 0x80007208 (0x0ff0000f)
core   0: 0x8000720c (0x017383b3) add     t2, t2, s7
core   0: 3 0x8000720c (0x017383b3) x 7 0x80027e64
core   0: 0x80007210 (0x405ad133) sra     sp, s5, t0
core   0: 3 0x80007210 (0x405ad133) x 2 0xfdb012bb
core   0: 0x80007214 (0x017a1513) slli    a0, s4, 23
core   0: 3 0x80007214 (0x017a1513) x10 0xac000000
core   0: 0x80007218 (0x03e80e63) beq     a6, t5, pc + 60
core   0: 3 0x80007218 (0x03e80e63)
core   0: 0x80007254 (0x007b0db3) add     s11, s6, t2
core   0: 3 0x80007254 (0x007b0db3) x27 0x80027c7b
core   0: 0x80007258 (0x00acd233) srl     tp, s9, a0
core   0: 3 0x80007258 (0x00acd233) x 4 0xfd90136a
core   0: 0x8000725c (0x00f203b3) add     t2, tp, a5
core   0: 3 0x8000725c (0x00f203b3) x 7 0x7d9208d6
core   0: 0x80007260 (0x0000100f) fence.i
core   0: 3 0x80007260 (0x0000100f)
core   0: 0x80007264 (0x00675113) srli    sp, a4, 6
core   0: 3 0x80007264 (0x00675113) x 2 0x00000012
core   0: 0x80007268 (0x41545693) srai    a3, s0, 21
core   0: 3 0x80007268 (0x41545693) x13 0xfffffd9e
core   0: 0x8000726c (0x41950633) sub     a2, a0, s9
core   0: 3 0x8000726c (0x41950633) x12 0xae6fec96
core   0: 0x80007270 (0x019efd33) and     s10, t4, s9
core   0: 3 0x80007270 (0x019efd33) x26 0x00000000
core   0: 0x80007274 (0x0ff0000f) fence   iorw,iorw
core   0: 3 0x80007274 (0x0ff0000f)
core   0: 0x80007278 (0x0000100f) fence.i
core   0: 3 0x80007278 (0x0000100f)
core   0: 0x8000727c (0x016419b3) sll     s3, s0, s6
core   0: 3 0x8000727c (0x016419b3) x19 0x46000000
core   0: 0x80007280 (0x418b7513) andi    a0, s6, 1048
core   0: 3 0x80007280 (0x418b7513) x10 0x00000410
core   0: 0x80007284 (0x41635913) srai    s2, t1, 22
core   0: 3 0x80007284 (0x41635913) x18 0x00000000
core   0: 0x80007288 (0x00000013) nop
core   0: 3 0x80007288 (0x00000013)
core   0: 0x8000728c (0x001d1db3) sll     s11, s10, ra
core   0: 3 0x8000728c (0x001d1db3) x27 0x00000000
core   0: 0x80007290 (0x00640663) beq     s0, t1, pc + 12
core   0: 3 0x80007290 (0x00640663)
core   0: 0x80007294 (0x01daf5b3) and     a1, s5, t4
core   0: 3 0x80007294 (0x01daf5b3) x11 0x00000001
core   0: 0x80007298 (0x00c17533) and     a0, sp, a2
core   0: 3 0x80007298 (0x00c17533) x10 0x00000012
core   0: 0x8000729c (0x5f307b13) andi    s6, zero, 1523
core   0: 3 0x8000729c (0x5f307b13) x22 0x00000000
core   0: 0x800072a0 (0x02fde463) bltu    s11, a5, pc + 40
core   0: 3 0x800072a0 (0x02fde463)
core   0: 0x800072c8 (0x016303b3) add     t2, t1, s6
core   0: 3 0x800072c8 (0x016303b3) x 7 0x00000001
core   0: 0x800072cc (0x0005d933) srl     s2, a1, zero
core   0: 3 0x800072cc (0x0005d933) x18 0x00000001
core   0: 0x800072d0 (0x00ed9eb3) sll     t4, s11, a4
core   0: 3 0x800072d0 (0x00ed9eb3) x29 0x00000000
core   0: 0x800072d4 (0x52ed3313) sltiu   t1, s10, 1326
core   0: 3 0x800072d4 (0x52ed3313) x 6 0x00000001
core   0: 0x800072d8 (0x00000013) nop
core   0: 3 0x800072d8 (0x00000013)
core   0: 0x800072dc (0x00a14733) xor     a4, sp, a0
core   0: 3 0x800072dc (0x00a14733) x14 0x00000000
core   0: 0x800072e0 (0x00000013) nop
core   0: 3 0x800072e0 (0x00000013)
core   0: 0x800072e4 (0x0ff0000f) fence   iorw,iorw
core   0: 3 0x800072e4 (0x0ff0000f)
core   0: 0x800072e8 (0x0151d663) bge     gp, s5, pc + 12
core   0: 3 0x800072e8 (0x0151d663)
core   0: 0x800072f4 (0x01dd8263) beq     s11, t4, pc + 4
core   0: 3 0x800072f4 (0x01dd8263)
core   0: 0x800072f8 (0x02c2dc63) bge     t0, a2, pc + 56
core   0: 3 0x800072f8 (0x02c2dc63)
core   0: 0x80007330 (0x0005e033) or      zero, a1, zero
core   0: 3 0x80007330 (0x0005e033)
core   0: 0x80007334 (0x3186e313) ori     t1, a3, 792
core   0: 3 0x80007334 (0x3186e313) x 6 0xffffff9e
core   0: 0x80007338 (0x000b9eb3) sll     t4, s7, zero
core   0: 3 0x80007338 (0x000b9eb3) x29 0x80027e64
core   0: 0x8000733c (0x007b2a33) slt     s4, s6, t2
core   0: 3 0x8000733c (0x007b2a33) x20 0x00000001
core   0: 0x80007340 (0xffcd8b17) auipc   s6, 0xffcd8
core   0: 3 0x80007340 (0xffcd8b17) x22 0x7fcdf340
core   0: 0x80007344 (0x0000100f) fence.i
core   0: 3 0x80007344 (0x0000100f)
core   0: 0x80007348 (0xe1e28d13) addi    s10, t0, -482
core   0: 3 0x80007348 (0xe1e28d13) x26 0xfffffe1e
core   0: 0x8000734c (0x0ff0000f) fence   iorw,iorw
core   0: 3 0x8000734c (0x0ff0000f)
core   0: 0x80007350 (0x000ddeb3) srl     t4, s11, zero
core   0: 3 0x80007350 (0x000ddeb3) x29 0x00000000
core   0: 0x80007354 (0x0172ce33) xor     t3, t0, s7
core   0: 3 0x80007354 (0x0172ce33) x28 0x80027e64
core   0: 0x80007358 (0x02784263) blt     a6, t2, pc + 36
core   0: 3 0x80007358 (0x02784263)
core   0: 0x8000737c (0x0000100f) fence.i
core   0: 3 0x8000737c (0x0000100f)
core   0: 0x80007380 (0x02837e63) bgeu    t1, s0, pc + 60
core   0: 3 0x80007380 (0x02837e63)
core   0: 0x800073bc (0x00170863) beq     a4, ra, pc + 16
core   0: 3 0x800073bc (0x00170863)
core   0: 0x800073c0 (0x9121f393) andi    t2, gp, -1774
core   0: 3 0x800073c0 (0x9121f393) x 7 0xffe00002
core   0: 0x800073c4 (0x007ed0b3) srl     ra, t4, t2
core   0: 3 0x800073c4 (0x007ed0b3) x 1 0x00000000
core   0: 0x800073c8 (0xfe3df613) andi    a2, s11, -29
core   0: 3 0x800073c8 (0xfe3df613) x12 0x00000000
core   0: 0x800073cc (0x4145dc13) srai    s8, a1, 20
core   0: 3 0x800073cc (0x4145dc13) x24 0x00000000
core   0: 0x800073d0 (0x00025e63) bgez    tp, pc + 28
core   0: 3 0x800073d0 (0x00025e63)
core   0: 0x800073d4 (0xcd534e13) xori    t3, t1, -811
core   0: 3 0x800073d4 (0xcd534e13) x28 0x0000034b
core   0: 0x800073d8 (0x00a29233) sll     tp, t0, a0
core   0: 3 0x800073d8 (0x00a29233) x 4 0x00000000
core   0: 0x800073dc (0x441cf293) andi    t0, s9, 1089
core   0: 3 0x800073dc (0x441cf293) x 5 0x00000040
core   0: 0x800073e0 (0x00000013) nop
core   0: 3 0x800073e0 (0x00000013)
core   0: 0x800073e4 (0x0000100f) fence.i
core   0: 3 0x800073e4 (0x0000100f)
core   0: 0x800073e8 (0x00adc533) xor     a0, s11, a0
core   0: 3 0x800073e8 (0x00adc533) x10 0x00000012
core   0: 0x800073ec (0x0ff0000f) fence   iorw,iorw
core   0: 3 0x800073ec (0x0ff0000f)
core   0: 0x800073f0 (0x00228f33) add     t5, t0, sp
core   0: 3 0x800073f0 (0x00228f33) x30 0x00000052
core   0: 0x800073f4 (0x0162d663) bge     t0, s6, pc + 12
core   0: 3 0x800073f4 (0x0162d663)
core   0: 0x800073f8 (0x7eec9217) auipc   tp, 0x7eec9
core   0: 3 0x800073f8 (0x7eec9217) x 4 0xfeed03f8
core   0: 0x800073fc (0x403b8db3) sub     s11, s7, gp
core   0: 3 0x800073fc (0x403b8db3) x27 0x80227db5
core   0: 0x80007400 (0x02bcd463) bge     s9, a1, pc + 40
core   0: 3 0x80007400 (0x02bcd463)
core   0: 0x80007404 (0x01c79cb3) sll     s9, a5, t3
core   0: 3 0x80007404 (0x01c79cb3) x25 0x0fab6000
core   0: 0x80007408 (0x010f8c33) add     s8, t6, a6
core   0: 3 0x80007408 (0x010f8c33) x24 0xe1e10200
core   0: 0x8000740c (0x01fbd5b3) srl     a1, s7, t6
core   0: 3 0x8000740c (0x01fbd5b3) x11 0x80027e64
core   0: 0x80007410 (0x01600663) beq     zero, s6, pc + 12
core   0: 3 0x80007410 (0x01600663)
core   0: 0x80007414 (0x01137cb3) and     s9, t1, a7
core   0: 3 0x80007414 (0x01137cb3) x25 0x00000000
core   0: 0x80007418 (0x00e096b3) sll     a3, ra, a4
core   0: 3 0x80007418 (0x00e096b3) x13 0x00000000
core   0: 0x8000741c (0x006fca63) blt     t6, t1, pc + 20
core   0: 3 0x8000741c (0x006fca63)
core   0: 0x80007430 (0x02b68463) beq     a3, a1, pc + 40
core   0: 3 0x80007430 (0x02b68463)
core   0: 0x80007434 (0x0ff0000f) fence   iorw,iorw
core   0: 3 0x80007434 (0x0ff0000f)
core   0: 0x80007438 (0x0ff0000f) fence   iorw,iorw
core   0: 3 0x80007438 (0x0ff0000f)
core   0: 0x8000743c (0x03564c63) blt     a2, s5, pc + 56
core   0: 3 0x8000743c (0x03564c63)
core   0: 0x80007440 (0x00000013) nop
core   0: 3 0x80007440 (0x00000013)
core   0: 0x80007444 (0x01c89293) slli    t0, a7, 28
core   0: 3 0x80007444 (0x01c89293) x 5 0x00000000
core   0: 0x80007448 (0x00a69b33) sll     s6, a3, a0
core   0: 3 0x80007448 (0x00a69b33) x22 0x00000000
core   0: 0x8000744c (0x00f04033) xor     zero, zero, a5
core   0: 3 0x8000744c (0x00f04033)
core   0: 0x80007450 (0xab45c393) xori    t2, a1, -1356
core   0: 3 0x80007450 (0xab45c393) x 7 0x7ffd84d0
core   0: 0x80007454 (0x001ed313) srli    t1, t4, 1
core   0: 3 0x80007454 (0x001ed313) x 6 0x00000000
core   0: 0x80007458 (0x64c23593) sltiu   a1, tp, 1612
core   0: 3 0x80007458 (0x64c23593) x11 0x00000000
core   0: 0x8000745c (0xeda6cd93) xori    s11, a3, -294
core   0: 3 0x8000745c (0xeda6cd93) x27 0xfffffeda
core   0: 0x80007460 (0x0014d263) bge     s1, ra, pc + 4
core   0: 3 0x80007460 (0x0014d263)
core   0: 0x80007464 (0x015b05b3) add     a1, s6, s5
core   0: 3 0x80007464 (0x015b05b3) x11 0xfdb012bb
core   0: 0x80007468 (0x0000100f) fence.i
core   0: 3 0x80007468 (0x0000100f)
core   0: 0x8000746c (0x006d6e33) or      t3, s10, t1
core   0: 3 0x8000746c (0x006d6e33) x28 0xfffffe1e
core   0: 0x80007470 (0xa6d93d93) sltiu   s11, s2, -1427
core   0: 3 0x80007470 (0xa6d93d93) x27 0x00000001
core   0: 0x80007474 (0x02278463) beq     a5, sp, pc + 40
core   0: 3 0x80007474 (0x02278463)
core   0: 0x80007478 (0x0da59797) auipc   a5, 0xda59
core   0: 3 0x80007478 (0x0da59797) x15 0x8da60478
core   0: 0x8000747c (0x0ff0000f) fence   iorw,iorw
core   0: 3 0x8000747c (0x0ff0000f)
core   0: 0x80007480 (0x416bd8b3) sra     a7, s7, s6
core   0: 3 0x80007480 (0x416bd8b3) x17 0x80027e64
core   0: 0x80007484 (0xd36ee893) ori     a7, t4, -714
core   0: 3 0x80007484 (0xd36ee893) x17 0xfffffd36
core   0: 0x80007488 (0xa11ac213) xori    tp, s5, -1519
core   0: 3 0x80007488 (0xa11ac213) x 4 0x024fe8aa
core   0: 0x8000748c (0x02f6d663) bge     a3, a5, pc + 44
core   0: 3 0x8000748c (0x02f6d663)
core   0: 0x800074b8 (0x015f99b3) sll     s3, t6, s5
core   0: 3 0x800074b8 (0x015f99b3) x19 0x00000000
core   0: 0x800074bc (0xda93cd17) auipc   s10, 0xda93c
core   0: 3 0x800074bc (0xda93cd17) x26 0x5a9434bc
core   0: 0x800074c0 (0xdbefa097) auipc   ra, 0xdbefa
core   0: 3 0x800074c0 (0xdbefa097) x 1 0x5bf014c0
core   0: 0x800074c4 (0xed4d0e93) addi    t4, s10, -300
core   0: 3 0x800074c4 (0xed4d0e93) x29 0x5a943390
core   0: 0x800074c8 (0x00000013) nop
core   0: 3 0x800074c8 (0x00000013)
core   0: 0x800074cc (0x53ceb897) auipc   a7, 0x53ceb
core   0: 3 0x800074cc (0x53ceb897) x17 0xd3cf24cc
core   0: 0x800074d0 (0x0ff0000f) fence   iorw,iorw
core   0: 3 0x800074d0 (0x0ff0000f)
core   0: 0x800074d4 (0x1f5e4d13) xori    s10, t3, 501
core   0: 3 0x800074d4 (0x1f5e4d13) x26 0xffffffeb
core   0: 0x800074d8 (0x00000013) nop
core   0: 3 0x800074d8 (0x00000013)
core   0: 0x800074dc (0x0172a233) slt     tp, t0, s7
core   0: 3 0x800074dc (0x0172a233) x 4 0x00000000
core   0: 0x800074e0 (0x006892b3) sll     t0, a7, t1
core   0: 3 0x800074e0 (0x006892b3) x 5 0xd3cf24cc
core   0: 0x800074e4 (0x67403293) sltiu   t0, zero, 1652
core   0: 3 0x800074e4 (0x67403293) x 5 0x00000001
core   0: 0x800074e8 (0x0b930263) beq     t1, s9, pc + 164
core   0: 3 0x800074e8 (0x0b930263)
core   0: 0x8000758c (0x01c3ad33) slt     s10, t2, t3
core   0: 3 0x8000758c (0x01c3ad33) x26 0x00000000
core   0: 0x80007590 (0x00000013) nop
core   0: 3 0x80007590 (0x00000013)
core   0: 0x80007594 (0x8c533c97) auipc   s9, 0x8c533
core   0: 3 0x80007594 (0x8c533c97) x25 0x0c53a594
core   0: 0x80007598 (0x039cd463) bge     s9, s9, pc + 40
core   0: 3 0x80007598 (0x039cd463)
core   0: 0x800075c0 (0x01255513) srli    a0, a0, 18
core   0: 3 0x800075c0 (0x01255513) x10 0x00000000
core   0: 0x800075c4 (0x4059d933) sra     s2, s3, t0
core   0: 3 0x800075c4 (0x4059d933) x18 0x00000000
core   0: 0x800075c8 (0x00329a63) bne     t0, gp, pc + 20
core   0: 3 0x800075c8 (0x00329a63)
core   0: 0x800075dc (0x403f5c93) srai    s9, t5, 3
core   0: 3 0x800075dc (0x403f5c93) x25 0x0000000a
core   0: 0x800075e0 (0xb8ee7013) andi    zero, t3, -1138
core   0: 3 0x800075e0 (0xb8ee7013)
core   0: 0x800075e4 (0x01ddbf33) sltu    t5, s11, t4
core   0: 3 0x800075e4 (0x01ddbf33) x30 0x00000001
core   0: 0x800075e8 (0x002e5733) srl     a4, t3, sp
core   0: 3 0x800075e8 (0x002e5733) x14 0x00003fff
core   0: 0x800075ec (0x0000100f) fence.i
core   0: 3 0x800075ec (0x0000100f)
core   0: 0x800075f0 (0x01fa4b33) xor     s6, s4, t6
core   0: 3 0x800075f0 (0x01fa4b33) x22 0xe1e10201
core   0: 0x800075f4 (0x01486a33) or      s4, a6, s4
core   0: 3 0x800075f4 (0x01486a33) x20 0x00000001
core   0: 0x800075f8 (0x41d680b3) sub     ra, a3, t4
core   0: 3 0x800075f8 (0x41d680b3) x 1 0xa56bcc70
core   0: 0x800075fc (0x0939d2b7) lui     t0, 0x939d
core   0: 3 0x800075fc (0x0939d2b7) x 5 0x0939d000
core   0: 0x80007600 (0x406906b3) sub     a3, s2, t1
core   0: 3 0x80007600 (0x406906b3) x13 0x00000000
core   0: 0x80007604 (0x59d2a593) slti    a1, t0, 1437
core   0: 3 0x80007604 (0x59d2a593) x11 0x00000000
core   0: 0x80007608 (0x03084463) blt     a6, a6, pc + 40
core   0: 3 0x80007608 (0x03084463)
core   0: 0x8000760c (0x67834c13) xori    s8, t1, 1656
core   0: 3 0x8000760c (0x67834c13) x24 0x00000678
core   0: 0x80007610 (0x0182e263) bltu    t0, s8, pc + 4
core   0: 3 0x80007610 (0x0182e263)
core   0: 0x80007614 (0xd719f313) andi    t1, s3, -655
core   0: 3 0x80007614 (0xd719f313) x 6 0x00000000
core   0: 0x80007618 (0x00571663) bne     a4, t0, pc + 12
core   0: 3 0x80007618 (0x00571663)
core   0: 0x80007624 (0x7af6ba17) auipc   s4, 0x7af6b
core   0: 3 0x80007624 (0x7af6ba17) x20 0xfaf72624
core   0: 0x80007628 (0x02b25463) bge     tp, a1, pc + 40
core   0: 3 0x80007628 (0x02b25463)
core   0: 0x80007650 (0x00d5ad33) slt     s10, a1, a3
core   0: 3 0x80007650 (0x00d5ad33) x26 0x00000000
core   0: 0x80007654 (0x014ea1b3) slt     gp, t4, s4
core   0: 3 0x80007654 (0x014ea1b3) x 3 0x00000000
core   0: 0x80007658 (0x011b9fb3) sll     t6, s7, a7
core   0: 3 0x80007658 (0x011b9fb3) x31 0x27e64000
core   0: 0x8000765c (0x014b4433) xor     s0, s6, s4
core   0: 3 0x8000765c (0x014b4433) x 8 0x1b162425
core   0: 0x80007660 (0x0353ce63) blt     t2, s5, pc + 60
core   0: 3 0x80007660 (0x0353ce63)
core   0: 0x80007664 (0x0ff0000f) fence   iorw,iorw
core   0: 3 0x80007664 (0x0ff0000f)
core   0: 0x80007668 (0x12cc0d17) auipc   s10, 0x12cc0
core   0: 3 0x80007668 (0x12cc0d17) x26 0x92cc7668
core   0: 0x8000766c (0x310b7913) andi    s2, s6, 784
core   0: 3 0x8000766c (0x310b7913) x18 0x00000200
core   0: 0x80007670 (0x019039b3) snez    s3, s9
core   0: 3 0x80007670 (0x019039b3) x19 0x00000001
core   0: 0x80007674 (0x4c3a20b7) lui     ra, 0x4c3a2
core   0: 3 0x80007674 (0x4c3a20b7) x 1 0x4c3a2000
core   0: 0x80007678 (0x00000013) nop
core   0: 3 0x80007678 (0x00000013)
core   0: 0x8000767c (0x009637b3) sltu    a5, a2, s1
core   0: 3 0x8000767c (0x009637b3) x15 0x00000001
core   0: 0x80007680 (0x7b80e113) ori     sp, ra, 1976
core   0: 3 0x80007680 (0x7b80e113) x 2 0x4c3a27b8
core   0: 0x80007684 (0x014bd793) srli    a5, s7, 20
core   0: 3 0x80007684 (0x014bd793) x15 0x00000800
core   0: 0x80007688 (0xe2786897) auipc   a7, 0xe2786
core   0: 3 0x80007688 (0xe2786897) x17 0x6278d688
core   0: 0x8000768c (0x01a72533) slt     a0, a4, s10
core   0: 3 0x8000768c (0x01a72533) x10 0x00000000
core   0: 0x80007690 (0x0000100f) fence.i
core   0: 3 0x80007690 (0x0000100f)
core   0: 0x80007694 (0x05d06063) bltu    zero, t4, pc + 64
core   0: 3 0x80007694 (0x05d06063)
core   0: 0x800076d4 (0x0450f463) bgeu    ra, t0, pc + 72
core   0: 3 0x800076d4 (0x0450f463)
core   0: 0x8000771c (0xeeefbf97) auipc   t6, 0xeeefb
core   0: 3 0x8000771c (0xeeefbf97) x31 0x6ef0271c
core   0: 0x80007720 (0xbd9de837) lui     a6, 0xbd9de
core   0: 3 0x80007720 (0xbd9de837) x16 0xbd9de000
core   0: 0x80007724 (0x40c10533) sub     a0, sp, a2
core   0: 3 0x80007724 (0x40c10533) x10 0x4c3a27b8
core   0: 0x80007728 (0x0000100f) fence.i
core   0: 3 0x80007728 (0x0000100f)
core   0: 0x8000772c (0x013a5e33) srl     t3, s4, s3
core   0: 3 0x8000772c (0x013a5e33) x28 0x7d7b9312
core   0: 0x80007730 (0x959b7313) andi    t1, s6, -1703
core   0: 3 0x80007730 (0x959b7313) x 6 0xe1e10001
core   0: 0x80007734 (0x00883933) sltu    s2, a6, s0
core   0: 3 0x80007734 (0x00883933) x18 0x00000000
core   0: 0x80007738 (0x00c26fb3) or      t6, tp, a2
core   0: 3 0x80007738 (0x00c26fb3) x31 0x00000000
core   0: 0x8000773c (0x001d5663) bge     s10, ra, pc + 12
core   0: 3 0x8000773c (0x001d5663)
core   0: 0x80007740 (0x014be863) bltu    s7, s4, pc + 16
core   0: 3 0x80007740 (0x014be863)
core   0: 0x80007750 (0x0109be33) sltu    t3, s3, a6
core   0: 3 0x80007750 (0x0109be33) x28 0x00000001
core   0: 0x80007754 (0x0cdb5063) bge     s6, a3, pc + 192
core   0: 3 0x80007754 (0x0cdb5063)
core   0: 0x80007758 (0x0000b697) auipc   a3, 0xb
core   0: 3 0x80007758 (0x0000b697) x13 0x80012758
core   0: 0x8000775c (0xdba68693) addi    a3, a3, -582
core   0: 3 0x8000775c (0xdba68693) x13 0x80012512
core   0: 0x80007760 (0x0000b217) auipc   tp, 0xb
core   0: 3 0x80007760 (0x0000b217) x 4 0x80012760
core   0: 0x80007764 (0xefa20213) addi    tp, tp, -262
core   0: 3 0x80007764 (0xefa20213) x 4 0x8001265a
core   0: 0x80007768 (0xfd320623) sb      s3, -52(tp)
core   0: 3 0x80007768 (0xfd320623) mem 0x80012626 0x1
core   0: 0x8000776c (0x0096cb03) lbu     s6, 9(a3)
core   0: 3 0x8000776c (0x0096cb03) x22 0x00000000 mem 0x8001251b
core   0: 0x80007770 (0x0000b397) auipc   t2, 0xb
core   0: 3 0x80007770 (0x0000b397) x 7 0x80012770
core   0: 0x80007774 (0x90038393) addi    t2, t2, -1792
core   0: 3 0x80007774 (0x90038393) x 7 0x80012070
core   0: 0x80007778 (0x01a39703) lh      a4, 26(t2)
core   0: 3 0x80007778 (0x01a39703) x14 0x00000000 mem 0x8001208a
core   0: 0x8000777c (0x0000bd17) auipc   s10, 0xb
core   0: 3 0x8000777c (0x0000bd17) x26 0x8001277c
core   0: 0x80007780 (0xce9d0d13) addi    s10, s10, -791
core   0: 3 0x80007780 (0xce9d0d13) x26 0x80012465
core   0: 0x80007784 (0x014204a3) sb      s4, 9(tp)
core   0: 3 0x80007784 (0x014204a3) mem 0x80012663 0x24
core   0: 0x80007788 (0xff6d4003) lbu     zero, -10(s10)
core   0: 3 0x80007788 (0xff6d4003) mem 0x8001245b
core   0: 0x8000778c (0x00620d23) sb      t1, 26(tp)
core   0: 3 0x8000778c (0x00620d23) mem 0x80012674 0x1
core   0: 0x80007790 (0xffad4f83) lbu     t6, -6(s10)
core   0: 3 0x80007790 (0xffad4f83) x31 0x00000000 mem 0x8001245f
core   0: 0x80007794 (0x0016a523) sw      ra, 10(a3)
core   0: 3 0x80007794 (0x0016a523) mem 0x8001251c 0x4c3a2000
core   0: 0x80007798 (0xffa39723) sh      s10, -18(t2)
core   0: 3 0x80007798 (0xffa39723) mem 0x8001205e 0x2465
core   0: 0x8000779c (0x00b6c303) lbu     t1, 11(a3)
core   0: 3 0x8000779c (0x00b6c303) x 6 0x00000020 mem 0x8001251d
core   0: 0x800077a0 (0xffdd4583) lbu     a1, -3(s10)
core   0: 3 0x800077a0 (0xffdd4583) x11 0x00000000 mem 0x80012462
core   0: 0x800077a4 (0x00bd4083) lbu     ra, 11(s10)
core   0: 3 0x800077a4 (0x00bd4083) x 1 0x00000000 mem 0x80012470
core   0: 0x800077a8 (0x00120c83) lb      s9, 1(tp)
core   0: 3 0x800077a8 (0x00120c83) x25 0x00000000 mem 0x8001265b
core   0: 0x800077ac (0x00368583) lb      a1, 3(a3)
core   0: 3 0x800077ac (0x00368583) x11 0x00000000 mem 0x80012515
core   0: 0x800077b0 (0xff8d0503) lb      a0, -8(s10)
core   0: 3 0x800077b0 (0xff8d0503) x10 0x00000000 mem 0x8001245d
core   0: 0x800077b4 (0x03238e83) lb      t4, 50(t2)
core   0: 3 0x800077b4 (0x03238e83) x29 0x00000004 mem 0x800120a2
core   0: 0x800077b8 (0xffc6c783) lbu     a5, -4(a3)
core   0: 3 0x800077b8 (0xffc6c783) x15 0x00000000 mem 0x8001250e
core   0: 0x800077bc (0x00938ca3) sb      s1, 25(t2)
core   0: 3 0x800077bc (0x00938ca3) mem 0x80012089 0xe4
core   0: 0x800077c0 (0xfde22123) sw      t5, -62(tp)
core   0: 3 0x800077c0 (0xfde22123) mem 0x8001261c 0x00000001
core   0: 0x800077c4 (0xfe120103) lb      sp, -31(tp)
core   0: 3 0x800077c4 (0xfe120103) x 2 0x00000000 mem 0x8001263b
core   0: 0x800077c8 (0xffed4083) lbu     ra, -2(s10)
core   0: 3 0x800077c8 (0xffed4083) x 1 0x00000000 mem 0x80012463
core   0: 0x800077cc (0x0303d983) lhu     s3, 48(t2)
core   0: 3 0x800077cc (0x0303d983) x19 0x00000000 mem 0x800120a0
core   0: 0x800077d0 (0x00a6b8b3) sltu    a7, a3, a0
core   0: 3 0x800077d0 (0x00a6b8b3) x17 0x00000000
core   0: 0x800077d4 (0x01f89093) slli    ra, a7, 31
core   0: 3 0x800077d4 (0x01f89093) x 1 0x00000000
core   0: 0x800077d8 (0x03454c63) blt     a0, s4, pc + 56
core   0: 3 0x800077d8 (0x03454c63)
core   0: 0x800077dc (0x01cdd663) bge     s11, t3, pc + 12
core   0: 3 0x800077dc (0x01cdd663)
core   0: 0x800077e8 (0x02060e63) beqz    a2, pc + 60
core   0: 3 0x800077e8 (0x02060e63)
core   0: 0x80007824 (0xfaa37693) andi    a3, t1, -86
core   0: 3 0x80007824 (0xfaa37693) x13 0x00000020
core   0: 0x80007828 (0x00f0a1b3) slt     gp, ra, a5
core   0: 3 0x80007828 (0x00f0a1b3) x 3 0x00000000
core   0: 0x8000782c (0x409153b3) sra     t2, sp, s1
core   0: 3 0x8000782c (0x409153b3) x 7 0x00000000
core   0: 0x80007830 (0x00836b33) or      s6, t1, s0
core   0: 3 0x80007830 (0x00836b33) x22 0x1b162425
core   0: 0x80007834 (0x00141613) slli    a2, s0, 1
core   0: 3 0x80007834 (0x00141613) x12 0x362c484a
core   0: 0x80007838 (0xc6057793) andi    a5, a0, -928
core   0: 3 0x80007838 (0xc6057793) x15 0x00000000
core   0: 0x8000783c (0x006f9393) slli    t2, t6, 6
core   0: 3 0x8000783c (0x006f9393) x 7 0x00000000
core   0: 0x80007840 (0x0000100f) fence.i
core   0: 3 0x80007840 (0x0000100f)
core   0: 0x80007844 (0xf518e213) ori     tp, a7, -175
core   0: 3 0x80007844 (0xf518e213) x 4 0xffffff51
core   0: 0x80007848 (0x3d81f893) andi    a7, gp, 984
core   0: 3 0x80007848 (0x3d81f893) x17 0x00000000
core   0: 0x8000784c (0x03d29a63) bne     t0, t4, pc + 52
core   0: 3 0x8000784c (0x03d29a63)
core   0: 0x80007880 (0x00000013) nop
core   0: 3 0x80007880 (0x00000013)
core   0: 0x80007884 (0x02d45463) bge     s0, a3, pc + 40
core   0: 3 0x80007884 (0x02d45463)
core   0: 0x800078ac (0xb20b7813) andi    a6, s6, -1248
core   0: 3 0x800078ac (0xb20b7813) x16 0x1b162020
core   0: 0x800078b0 (0x400d5fb3) sra     t6, s10, zero
core   0: 3 0x800078b0 (0x400d5fb3) x31 0x80012465
core   0: 0x800078b4 (0x412c09b3) sub     s3, s8, s2
core   0: 3 0x800078b4 (0x412c09b3) x19 0x00000678
core   0: 0x800078b8 (0x4090d7b3) sra     a5, ra, s1
core   0: 3 0x800078b8 (0x4090d7b3) x15 0x00000000
core   0: 0x800078bc (0x00455c13) srli    s8, a0, 4
core   0: 3 0x800078bc (0x00455c13) x24 0x00000000
core   0: 0x800078c0 (0x74002593) slti    a1, zero, 1856
core   0: 3 0x800078c0 (0x74002593) x11 0x00000001
core   0: 0x800078c4 (0x006c7833) and     a6, s8, t1
core   0: 3 0x800078c4 (0x006c7833) x16 0x00000000
core   0: 0x800078c8 (0x0000100f) fence.i
core   0: 3 0x800078c8 (0x0000100f)
core   0: 0x800078cc (0xb837f513) andi    a0, a5, -1149
core   0: 3 0x800078cc (0xb837f513) x10 0x00000000
core   0: 0x800078d0 (0xd37a3f13) sltiu   t5, s4, -713
core   0: 3 0x800078d0 (0xd37a3f13) x30 0x00000001
core   0: 0x800078d4 (0xb81eaf93) slti    t6, t4, -1151
core   0: 3 0x800078d4 (0xb81eaf93) x31 0x00000000
core   0: 0x800078d8 (0x02ea7063) bgeu    s4, a4, pc + 32
core   0: 3 0x800078d8 (0x02ea7063)
core   0: 0x800078f8 (0x0ff34f93) xori    t6, t1, 255
core   0: 3 0x800078f8 (0x0ff34f93) x31 0x000000df
core   0: 0x800078fc (0x6969ce13) xori    t3, s3, 1686
core   0: 3 0x800078fc (0x6969ce13) x28 0x000000ee
core   0: 0x80007900 (0x01eb17b3) sll     a5, s6, t5
core   0: 3 0x80007900 (0x01eb17b3) x15 0x362c484a
core   0: 0x80007904 (0x01590863) beq     s2, s5, pc + 16
core   0: 3 0x80007904 (0x01590863)
core   0: 0x80007908 (0x01b35f93) srli    t6, t1, 27
core   0: 3 0x80007908 (0x01b35f93) x31 0x00000000
core   0: 0x8000790c (0x41a55133) sra     sp, a0, s10
core   0: 3 0x8000790c (0x41a55133) x 2 0x00000000
core   0: 0x80007910 (0x010f0a63) beq     t5, a6, pc + 20
core   0: 3 0x80007910 (0x010f0a63)
core   0: 0x80007914 (0x1e6f6e93) ori     t4, t5, 486
core   0: 3 0x80007914 (0x1e6f6e93) x29 0x000001e7
core   0: 0x80007918 (0x01e3fa33) and     s4, t2, t5
core   0: 3 0x80007918 (0x01e3fa33) x20 0x00000000
core   0: 0x8000791c (0x406450b3) sra     ra, s0, t1
core   0: 3 0x8000791c (0x406450b3) x 1 0x1b162425
core   0: 0x80007920 (0x005ad2b3) srl     t0, s5, t0
core   0: 3 0x80007920 (0x005ad2b3) x 5 0xfdb012bb
core   0: 0x80007924 (0x00ef9f13) slli    t5, t6, 14
core   0: 3 0x80007924 (0x00ef9f13) x30 0x00000000
core   0: 0x80007928 (0x67ed0f13) addi    t5, s10, 1662
core   0: 3 0x80007928 (0x67ed0f13) x30 0x80012ae3
core   0: 0x8000792c (0x00c09c93) slli    s9, ra, 12
core   0: 3 0x8000792c (0x00c09c93) x25 0x62425000
core   0: 0x80007930 (0x2806b513) sltiu   a0, a3, 640
core   0: 3 0x80007930 (0x2806b513) x10 0x00000001
core   0: 0x80007934 (0x036b6663) bltu    s6, s6, pc + 44
core   0: 3 0x80007934 (0x036b6663)
core   0: 0x80007938 (0x05ff9063) bne     t6, t6, pc + 64
core   0: 3 0x80007938 (0x05ff9063)
core   0: 0x8000793c (0x01a48663) beq     s1, s10, pc + 12
core   0: 3 0x8000793c (0x01a48663)
core   0: 0x80007940 (0xa9c42e13) slti    t3, s0, -1380
core   0: 3 0x80007940 (0xa9c42e13) x28 0x00000000
core   0: 0x80007944 (0xd2ae7313) andi    t1, t3, -726
core   0: 3 0x80007944 (0xd2ae7313) x 6 0x00000000
core   0: 0x80007948 (0x01385293) srli    t0, a6, 19
core   0: 3 0x80007948 (0x01385293) x 5 0x00000000
core   0: 0x8000794c (0x048af463) bgeu    s5, s0, pc + 72
core   0: 3 0x8000794c (0x048af463)
core   0: 0x80007994 (0x01655893) srli    a7, a0, 22
core   0: 3 0x80007994 (0x01655893) x17 0x00000000
core   0: 0x80007998 (0x00b94733) xor     a4, s2, a1
core   0: 3 0x80007998 (0x00b94733) x14 0x00000001
core   0: 0x8000799c (0x40b1d093) srai    ra, gp, 11
core   0: 3 0x8000799c (0x40b1d093) x 1 0x00000000
core   0: 0x800079a0 (0x40100333) sub     t1, zero, ra
core   0: 3 0x800079a0 (0x40100333) x 6 0x00000000
core   0: 0x800079a4 (0x03ac6c63) bltu    s8, s10, pc + 56
core   0: 3 0x800079a4 (0x03ac6c63)
core   0: 0x800079dc (0x00e755b3) srl     a1, a4, a4
core   0: 3 0x800079dc (0x00e755b3) x11 0x00000000
core   0: 0x800079e0 (0x0000100f) fence.i
core   0: 3 0x800079e0 (0x0000100f)
core   0: 0x800079e4 (0x401b5233) sra     tp, s6, ra
core   0: 3 0x800079e4 (0x401b5233) x 4 0x1b162425
core   0: 0x800079e8 (0x006fa3b3) slt     t2, t6, t1
core   0: 3 0x800079e8 (0x006fa3b3) x 7 0x00000000
core   0: 0x800079ec (0x00f09093) slli    ra, ra, 15
core   0: 3 0x800079ec (0x00f09093) x 1 0x00000000
core   0: 0x800079f0 (0x00000013) nop
core   0: 3 0x800079f0 (0x00000013)
core   0: 0x800079f4 (0x065c4513) xori    a0, s8, 101
core   0: 3 0x800079f4 (0x065c4513) x10 0x00000065
core   0: 0x800079f8 (0x00757c63) bgeu    a0, t2, pc + 24
core   0: 3 0x800079f8 (0x00757c63)
core   0: 0x80007a10 (0x016cfb33) and     s6, s9, s6
core   0: 3 0x80007a10 (0x016cfb33) x22 0x02020000
core   0: 0x80007a14 (0x0024bc33) sltu    s8, s1, sp
core   0: 3 0x80007a14 (0x0024bc33) x24 0x00000000
core   0: 0x80007a18 (0x011239b3) sltu    s3, tp, a7
core   0: 3 0x80007a18 (0x011239b3) x19 0x00000000
core   0: 0x80007a1c (0x0111de63) bge     gp, a7, pc + 28
core   0: 3 0x80007a1c (0x0111de63)
core   0: 0x80007a38 (0x03f30663) beq     t1, t6, pc + 44
core   0: 3 0x80007a38 (0x03f30663)
core   0: 0x80007a64 (0x0000100f) fence.i
core   0: 3 0x80007a64 (0x0000100f)
core   0: 0x80007a68 (0xece68413) addi    s0, a3, -306
core   0: 3 0x80007a68 (0xece68413) x 8 0xfffffeee
core   0: 0x80007a6c (0x011c02b3) add     t0, s8, a7
core   0: 3 0x80007a6c (0x011c02b3) x 5 0x00000000
core   0: 0x80007a70 (0x002b6c33) or      s8, s6, sp
core   0: 3 0x80007a70 (0x002b6c33) x24 0x02020000
core   0: 0x80007a74 (0x00ec08b3) add     a7, s8, a4
core   0: 3 0x80007a74 (0x00ec08b3) x17 0x02020001
core   0: 0x80007a78 (0x00f156b3) srl     a3, sp, a5
core   0: 3 0x80007a78 (0x00f156b3) x13 0x00000000
core   0: 0x80007a7c (0x038c5c63) bge     s8, s8, pc + 56
core   0: 3 0x80007a7c (0x038c5c63)
core   0: 0x80007ab4 (0x020d9063) bnez    s11, pc + 32
core   0: 3 0x80007ab4 (0x020d9063)
core   0: 0x80007ad4 (0x93307f93) andi    t6, zero, -1741
core   0: 3 0x80007ad4 (0x93307f93) x31 0x00000000
core   0: 0x80007ad8 (0x01fd4fb3) xor     t6, s10, t6
core   0: 3 0x80007ad8 (0x01fd4fb3) x31 0x80012465
core   0: 0x80007adc (0x0032a433) slt     s0, t0, gp
core   0: 3 0x80007adc (0x0032a433) x 8 0x00000000
core   0: 0x80007ae0 (0x0ff0000f) fence   iorw,iorw
core   0: 3 0x80007ae0 (0x0ff0000f)
core   0: 0x80007ae4 (0x48863637) lui     a2, 0x48863
core   0: 3 0x80007ae4 (0x48863637) x12 0x48863000
core   0: 0x80007ae8 (0x00000013) nop
core   0: 3 0x80007ae8 (0x00000013)
core   0: 0x80007aec (0x0e1f2113) slti    sp, t5, 225
core   0: 3 0x80007aec (0x0e1f2113) x 2 0x00000001
core   0: 0x80007af0 (0x4078d913) srai    s2, a7, 7
core   0: 3 0x80007af0 (0x4078d913) x18 0x00040400
core   0: 0x80007af4 (0x013b8663) beq     s7, s3, pc + 12
core   0: 3 0x80007af4 (0x013b8663)
core   0: 0x80007af8 (0xe75e1597) auipc   a1, 0xe75e1
core   0: 3 0x80007af8 (0xe75e1597) x11 0x675e8af8
core   0: 0x80007afc (0x003577b3) and     a5, a0, gp
core   0: 3 0x80007afc (0x003577b3) x15 0x00000000
core   0: 0x80007b00 (0x00000013) nop
core   0: 3 0x80007b00 (0x00000013)
core   0: 0x80007b04 (0x02429463) bne     t0, tp, pc + 40
core   0: 3 0x80007b04 (0x02429463)
core   0: 0x80007b2c (0xc5772e13) slti    t3, a4, -937
core   0: 3 0x80007b2c (0xc5772e13) x28 0x00000000
core   0: 0x80007b30 (0x4d910413) addi    s0, sp, 1241
core   0: 3 0x80007b30 (0x4d910413) x 8 0x000004da
core   0: 0x80007b34 (0x055e1463) bne     t3, s5, pc + 72
core   0: 3 0x80007b34 (0x055e1463)
core   0: 0x80007b7c (0x0630c693) xori    a3, ra, 99
core   0: 3 0x80007b7c (0x0630c693) x13 0x00000063
core   0: 0x80007b80 (0x0250ea63) bltu    ra, t0, pc + 52
core   0: 3 0x80007b80 (0x0250ea63)
core   0: 0x80007b84 (0xbd58dc37) lui     s8, 0xbd58d
core   0: 3 0x80007b84 (0xbd58dc37) x24 0xbd58d000
core   0: 0x80007b88 (0x0ff0000f) fence   iorw,iorw
core   0: 3 0x80007b88 (0x0ff0000f)
core   0: 0x80007b8c (0x01af69b3) or      s3, t5, s10
core   0: 3 0x80007b8c (0x01af69b3) x19 0x80012ee7
core   0: 0x80007b90 (0x0000100f) fence.i
core   0: 3 0x80007b90 (0x0000100f)
core   0: 0x80007b94 (0x043f1463) bne     t5, gp, pc + 72
core   0: 3 0x80007b94 (0x043f1463)
core   0: 0x80007bdc (0x778c4593) xori    a1, s8, 1912
core   0: 3 0x80007bdc (0x778c4593) x11 0xbd58d778
core   0: 0x80007be0 (0x00000013) nop
core   0: 3 0x80007be0 (0x00000013)
core   0: 0x80007be4 (0x76c4b113) sltiu   sp, s1, 1900
core   0: 3 0x80007be4 (0x76c4b113) x 2 0x00000000
core   0: 0x80007be8 (0x00ef5633) srl     a2, t5, a4
core   0: 3 0x80007be8 (0x00ef5633) x12 0x40009571
core   0: 0x80007bec (0x00cb20b3) slt     ra, s6, a2
core   0: 3 0x80007bec (0x00cb20b3) x 1 0x00000001
core   0: 0x80007bf0 (0x00eadd13) srli    s10, s5, 14
core   0: 3 0x80007bf0 (0x00eadd13) x26 0x0003f6c0
core   0: 0x80007bf4 (0x0149e6b3) or      a3, s3, s4
core   0: 3 0x80007bf4 (0x0149e6b3) x13 0x80012ee7
core   0: 0x80007bf8 (0x01d58e33) add     t3, a1, t4
core   0: 3 0x80007bf8 (0x01d58e33) x28 0xbd58d95f
core   0: 0x80007bfc (0x0121b5b3) sltu    a1, gp, s2
core   0: 3 0x80007bfc (0x0121b5b3) x11 0x00000001
core   0: 0x80007c00 (0x014c1293) slli    t0, s8, 20
core   0: 3 0x80007c00 (0x014c1293) x 5 0x00000000
core   0: 0x80007c04 (0x02bb7263) bgeu    s6, a1, pc + 36
core   0: 3 0x80007c04 (0x02bb7263)
core   0: 0x80007c28 (0x00b752b3) srl     t0, a4, a1
core   0: 3 0x80007c28 (0x00b752b3) x 5 0x00000000
core   0: 0x80007c2c (0x00ca22b3) slt     t0, s4, a2
core   0: 3 0x80007c2c (0x00ca22b3) x 5 0x00000001
core   0: 0x80007c30 (0x5865bf93) sltiu   t6, a1, 1414
core   0: 3 0x80007c30 (0x5865bf93) x31 0x00000001
core   0: 0x80007c34 (0x00e90663) beq     s2, a4, pc + 12
core   0: 3 0x80007c34 (0x00e90663)
core   0: 0x80007c38 (0x00dc2f33) slt     t5, s8, a3
core   0: 3 0x80007c38 (0x00dc2f33) x30 0x00000000
core   0: 0x80007c3c (0x26cdc893) xori    a7, s11, 620
core   0: 3 0x80007c3c (0x26cdc893) x17 0x0000026d
core   0: 0x80007c40 (0x4183d733) sra     a4, t2, s8
core   0: 3 0x80007c40 (0x4183d733) x14 0x00000000
core   0: 0x80007c44 (0x5e9cec93) ori     s9, s9, 1513
core   0: 3 0x80007c44 (0x5e9cec93) x25 0x624255e9
core   0: 0x80007c48 (0x41f49297) auipc   t0, 0x41f49
core   0: 3 0x80007c48 (0x41f49297) x 5 0xc1f50c48
core   0: 0x80007c4c (0x40b90033) sub     zero, s2, a1
core   0: 3 0x80007c4c (0x40b90033)
core   0: 0x80007c50 (0x02bea093) slti    ra, t4, 43
core   0: 3 0x80007c50 (0x02bea093) x 1 0x00000000
core   0: 0x80007c54 (0x0000100f) fence.i
core   0: 3 0x80007c54 (0x0000100f)
core   0: 0x80007c58 (0x01879d93) slli    s11, a5, 24
core   0: 3 0x80007c58 (0x01879d93) x27 0x00000000
core   0: 0x80007c5c (0x9698d117) auipc   sp, 0x9698d
core   0: 3 0x80007c5c (0x9698d117) x 2 0x16994c5c
core   0: 0x80007c60 (0x00004cb3) xor     s9, zero, zero
core   0: 3 0x80007c60 (0x00004cb3) x25 0x00000000
core   0: 0x80007c64 (0x03ccee63) bltu    s9, t3, pc + 60
core   0: 3 0x80007c64 (0x03ccee63)
core   0: 0x80007ca0 (0x5d22ae13) slti    t3, t0, 1490
core   0: 3 0x80007ca0 (0x5d22ae13) x28 0x00000001
core   0: 0x80007ca4 (0x044a1463) bne     s4, tp, pc + 72
core   0: 3 0x80007ca4 (0x044a1463)
core   0: 0x80007cec (0x01f45b33) srl     s6, s0, t6
core   0: 3 0x80007cec (0x01f45b33) x22 0x0000026d
core   0: 0x80007cf0 (0x006c5f93) srli    t6, s8, 6
core   0: 3 0x80007cf0 (0x006c5f93) x31 0x02f56340
core   0: 0x80007cf4 (0x00e209b3) add     s3, tp, a4
core   0: 3 0x80007cf4 (0x00e209b3) x19 0x1b162425
core   0: 0x80007cf8 (0x00d21933) sll     s2, tp, a3
core   0: 3 0x80007cf8 (0x00d21933) x18 0x8b121280
core   0: 0x80007cfc (0x41a25893) srai    a7, tp, 26
core   0: 3 0x80007cfc (0x41a25893) x17 0x00000006
core   0: 0x80007d00 (0x00645cb3) srl     s9, s0, t1
core   0: 3 0x80007d00 (0x00645cb3) x25 0x000004da
core   0: 0x80007d04 (0x00f49013) slli    zero, s1, 15
core   0: 3 0x80007d04 (0x00f49013)
core   0: 0x80007d08 (0x02269863) bne     a3, sp, pc + 48
core   0: 3 0x80007d08 (0x02269863)
core   0: 0x80007d38 (0x0121df93) srli    t6, gp, 18
core   0: 3 0x80007d38 (0x0121df93) x31 0x00000000
core   0: 0x80007d3c (0x01301d13) slli    s10, zero, 19
core   0: 3 0x80007d3c (0x01301d13) x26 0x00000000
core   0: 0x80007d40 (0x00d279b3) and     s3, tp, a3
core   0: 3 0x80007d40 (0x00d279b3) x19 0x00002425
core   0: 0x80007d44 (0x73fb0313) addi    t1, s6, 1855
core   0: 3 0x80007d44 (0x73fb0313) x 6 0x000009ac
core   0: 0x80007d48 (0x0234e863) bltu    s1, gp, pc + 48
core   0: 3 0x80007d48 (0x0234e863)
core   0: 0x80007d4c (0x4f852c93) slti    s9, a0, 1272
core   0: 3 0x80007d4c (0x4f852c93) x25 0x00000001
core   0: 0x80007d50 (0x01b34b33) xor     s6, t1, s11
core   0: 3 0x80007d50 (0x01b34b33) x22 0x000009ac
core   0: 0x80007d54 (0x40ad8db3) sub     s11, s11, a0
core   0: 3 0x80007d54 (0x40ad8db3) x27 0xffffff9b
core   0: 0x80007d58 (0xbf59ef93) ori     t6, s3, -1035
core   0: 3 0x80007d58 (0xbf59ef93) x31 0xfffffff5
core   0: 0x80007d5c (0x016b2a33) slt     s4, s6, s6
core   0: 3 0x80007d5c (0x016b2a33) x20 0x00000000
core   0: 0x80007d60 (0x01f1da63) bge     gp, t6, pc + 20
core   0: 3 0x80007d60 (0x01f1da63)
core   0: 0x80007d74 (0x0125de93) srli    t4, a1, 18
core   0: 3 0x80007d74 (0x0125de93) x29 0x00000000
core   0: 0x80007d78 (0x02771063) bne     a4, t2, pc + 32
core   0: 3 0x80007d78 (0x02771063)
core   0: 0x80007d7c (0x40045fb3) sra     t6, s0, zero
core   0: 3 0x80007d7c (0x40045fb3) x31 0x000004da
core   0: 0x80007d80 (0x00a87933) and     s2, a6, a0
core   0: 3 0x80007d80 (0x00a87933) x18 0x00000000
core   0: 0x80007d84 (0x016349b3) xor     s3, t1, s6
core   0: 3 0x80007d84 (0x016349b3) x19 0x00000000
core   0: 0x80007d88 (0x00000013) nop
core   0: 3 0x80007d88 (0x00000013)
core   0: 0x80007d8c (0x012e5f93) srli    t6, t3, 18
core   0: 3 0x80007d8c (0x012e5f93) x31 0x00000000
core   0: 0x80007d90 (0x00bfbfb3) sltu    t6, t6, a1
core   0: 3 0x80007d90 (0x00bfbfb3) x31 0x00000001
core   0: 0x80007d94 (0x01678663) beq     a5, s6, pc + 12
core   0: 3 0x80007d94 (0x01678663)
core   0: 0x80007d98 (0x82888513) addi    a0, a7, -2008
core   0: 3 0x80007d98 (0x82888513) x10 0xfffff82e
core   0: 0x80007d9c (0x0ff0000f) fence   iorw,iorw
core   0: 3 0x80007d9c (0x0ff0000f)
core   0: 0x80007da0 (0x405c80b3) sub     ra, s9, t0
core   0: 3 0x80007da0 (0x405c80b3) x 1 0x3e0af3b9
core   0: 0x80007da4 (0x00bad193) srli    gp, s5, 11
core   0: 3 0x80007da4 (0x00bad193) x 3 0x001fb602
core   0: 0x80007da8 (0x03b56463) bltu    a0, s11, pc + 40
core   0: 3 0x80007da8 (0x03b56463)
core   0: 0x80007dd0 (0x00089f93) slli    t6, a7, 0
core   0: 3 0x80007dd0 (0x00089f93) x31 0x00000006
core   0: 0x80007dd4 (0x01ebd113) srli    sp, s7, 30
core   0: 3 0x80007dd4 (0x01ebd113) x 2 0x00000002
core   0: 0x80007dd8 (0x0136a933) slt     s2, a3, s3
core   0: 3 0x80007dd8 (0x0136a933) x18 0x00000001
core   0: 0x80007ddc (0x0109e8b3) or      a7, s3, a6
core   0: 3 0x80007ddc (0x0109e8b3) x17 0x00000000
core   0: 0x80007de0 (0xd0350c37) lui     s8, 0xd0350
core   0: 3 0x80007de0 (0xd0350c37) x24 0xd0350000
core   0: 0x80007de4 (0x002c36b3) sltu    a3, s8, sp
core   0: 3 0x80007de4 (0x002c36b3) x13 0x00000000
core   0: 0x80007de8 (0x4170d613) srai    a2, ra, 23
core   0: 3 0x80007de8 (0x4170d613) x12 0x0000007c
core   0: 0x80007dec (0x002f4db3) xor     s11, t5, sp
core   0: 3 0x80007dec (0x002f4db3) x27 0x00000002
core   0: 0x80007df0 (0x0185b9b3) sltu    s3, a1, s8
core   0: 3 0x80007df0 (0x0185b9b3) x19 0x00000001
core   0: 0x80007df4 (0x015fea33) or      s4, t6, s5
core   0: 3 0x80007df4 (0x015fea33) x20 0xfdb012bf
core   0: 0x80007df8 (0xec420193) addi    gp, tp, -316
core   0: 3 0x80007df8 (0xec420193) x 3 0x1b1622e9
core   0: 0x80007dfc (0x0000100f) fence.i
core   0: 3 0x80007dfc (0x0000100f)
core   0: 0x80007e00 (0x4f3a6413) ori     s0, s4, 1267
core   0: 3 0x80007e00 (0x4f3a6413) x 8 0xfdb016ff
core   0: 0x80007e04 (0x0353e263) bltu    t2, s5, pc + 36
core   0: 3 0x80007e04 (0x0353e263)
core   0: 0x80007e28 (0xfc36f417) auipc   s0, 0xfc36f
core   0: 3 0x80007e28 (0xfc36f417) x 8 0x7c376e28
core   0: 0x80007e2c (0x013a39b3) sltu    s3, s4, s3
core   0: 3 0x80007e2c (0x013a39b3) x19 0x00000000
core   0: 0x80007e30 (0x00a6f033) and     zero, a3, a0
core   0: 3 0x80007e30 (0x00a6f033)
core   0: 0x80007e34 (0x0ff0000f) fence   iorw,iorw
core   0: 3 0x80007e34 (0x0ff0000f)
core   0: 0x80007e38 (0x03939663) bne     t2, s9, pc + 44
core   0: 3 0x80007e38 (0x03939663)
core   0: 0x80007e64 (0x031cf463) bgeu    s9, a7, pc + 40
core   0: 3 0x80007e64 (0x031cf463)
core   0: 0x80007e8c (0x00720663) beq     tp, t2, pc + 12
core   0: 3 0x80007e8c (0x00720663)
core   0: 0x80007e90 (0x018fa6b3) slt     a3, t6, s8
core   0: 3 0x80007e90 (0x018fa6b3) x13 0x00000000
core   0: 0x80007e94 (0x043c7463) bgeu    s8, gp, pc + 72
core   0: 3 0x80007e94 (0x043c7463)
core   0: 0x80007edc (0xea66e813) ori     a6, a3, -346
core   0: 3 0x80007edc (0xea66e813) x16 0xfffffea6
core   0: 0x80007ee0 (0x008eceb3) xor     t4, t4, s0
core   0: 3 0x80007ee0 (0x008eceb3) x29 0x7c376e28
core   0: 0x80007ee4 (0x3a227437) lui     s0, 0x3a227
core   0: 3 0x80007ee4 (0x3a227437) x 8 0x3a227000
core   0: 0x80007ee8 (0x4048d033) sra     zero, a7, tp
core   0: 3 0x80007ee8 (0x4048d033)
core   0: 0x80007eec (0x77674b37) lui     s6, 0x77674
core   0: 3 0x80007eec (0x77674b37) x22 0x77674000
core   0: 0x80007ef0 (0x38f1cc13) xori    s8, gp, 911
core   0: 3 0x80007ef0 (0x38f1cc13) x24 0x1b162166
core   0: 0x80007ef4 (0x00000013) nop
core   0: 3 0x80007ef4 (0x00000013)
core   0: 0x80007ef8 (0xc12e82b7) lui     t0, 0xc12e8
core   0: 3 0x80007ef8 (0xc12e82b7) x 5 0xc12e8000
core   0: 0x80007efc (0x00b1f533) and     a0, gp, a1
core   0: 3 0x80007efc (0x00b1f533) x10 0x00000001
core   0: 0x80007f00 (0x011ecc33) xor     s8, t4, a7
core   0: 3 0x80007f00 (0x011ecc33) x24 0x7c376e28
core   0: 0x80007f04 (0x4e38a113) slti    sp, a7, 1251
core   0: 3 0x80007f04 (0x4e38a113) x 2 0x00000001
core   0: 0x80007f08 (0x00656cb3) or      s9, a0, t1
core   0: 3 0x80007f08 (0x00656cb3) x25 0x000009ad
core   0: 0x80007f0c (0x014a2c33) slt     s8, s4, s4
core   0: 3 0x80007f0c (0x014a2c33) x24 0x00000000
core   0: 0x80007f10 (0x00000013) nop
core   0: 3 0x80007f10 (0x00000013)
core   0: 0x80007f14 (0xad103093) sltiu   ra, zero, -1327
core   0: 3 0x80007f14 (0xad103093) x 1 0x00000001
core   0: 0x80007f18 (0x40f2d633) sra     a2, t0, a5
core   0: 3 0x80007f18 (0x40f2d633) x12 0xc12e8000
core   0: 0x80007f1c (0x645a6393) ori     t2, s4, 1605
core   0: 3 0x80007f1c (0x645a6393) x 7 0xfdb016ff
core   0: 0x80007f20 (0x0198a633) slt     a2, a7, s9
core   0: 3 0x80007f20 (0x0198a633) x12 0x00000001
core   0: 0x80007f24 (0x0a5a4263) blt     s4, t0, pc + 164
core   0: 3 0x80007f24 (0x0a5a4263)
core   0: 0x80007f28 (0x00199333) sll     t1, s3, ra
core   0: 3 0x80007f28 (0x00199333) x 6 0x00000000
core   0: 0x80007f2c (0x01e6c533) xor     a0, a3, t5
core   0: 3 0x80007f2c (0x01e6c533) x10 0x00000000
core   0: 0x80007f30 (0x71f27f13) andi    t5, tp, 1823
core   0: 3 0x80007f30 (0x71f27f13) x30 0x00000405
core   0: 0x80007f34 (0x4a926f97) auipc   t6, 0x4a926
core   0: 3 0x80007f34 (0x4a926f97) x31 0xca92df34
core   0: 0x80007f38 (0x79f74637) lui     a2, 0x79f74
core   0: 3 0x80007f38 (0x79f74637) x12 0x79f74000
core   0: 0x80007f3c (0x43ad3d17) auipc   s10, 0x43ad3
core   0: 3 0x80007f3c (0x43ad3d17) x26 0xc3adaf3c
core   0: 0x80007f40 (0x095b0a63) beq     s6, s5, pc + 148
core   0: 3 0x80007f40 (0x095b0a63)
core   0: 0x80007f44 (0x00635893) srli    a7, t1, 6
core   0: 3 0x80007f44 (0x00635893) x17 0x00000000
core   0: 0x80007f48 (0x08d2e063) bltu    t0, a3, pc + 128
core   0: 3 0x80007f48 (0x08d2e063)
core   0: 0x80007f4c (0x04a74837) lui     a6, 0x4a74
core   0: 3 0x80007f4c (0x04a74837) x16 0x04a74000
core   0: 0x80007f50 (0x40460433) sub     s0, a2, tp
core   0: 3 0x80007f50 (0x40460433) x 8 0x5ee11bdb
core   0: 0x80007f54 (0x005b37b3) sltu    a5, s6, t0
core   0: 3 0x80007f54 (0x005b37b3) x15 0x00000001
core   0: 0x80007f58 (0x028007ef) jal     a5, pc + 0x28
core   0: 3 0x80007f58 (0x028007ef) x15 0x80007f5c
core   0: 0x80007f80 (0x0340046f) jal     s0, pc + 0x34
core   0: 3 0x80007f80 (0x0340046f) x 8 0x80007f84
core   0: 0x80007fb4 (0xff5ff36f) jal     t1, pc - 0xc
core   0: 3 0x80007fb4 (0xff5ff36f) x 6 0x80007fb8
core   0: 0x80007fa8 (0xfe1ff36f) jal     t1, pc - 0x20
core   0: 3 0x80007fa8 (0xfe1ff36f) x 6 0x80007fac
core   0: 0x80007f88 (0x030000ef) jal     pc + 0x30
core   0: 3 0x80007f88 (0x030000ef) x 1 0x80007f8c
core   0: 0x80007fb8 (0xfc1ff0ef) jal     pc - 0x40
core   0: 3 0x80007fb8 (0xfc1ff0ef) x 1 0x80007fbc
core   0: 0x80007f78 (0x00c000ef) jal     pc + 0xc
core   0: 3 0x80007f78 (0x00c000ef) x 1 0x80007f7c
core   0: 0x80007f84 (0xfd9ff0ef) jal     pc - 0x28
core   0: 3 0x80007f84 (0xfd9ff0ef) x 1 0x80007f88
core   0: 0x80007f5c (0x050000ef) jal     pc + 0x50
core   0: 3 0x80007f5c (0x050000ef) x 1 0x80007f60
core   0: 0x80007fac (0xfc1ff76f) jal     a4, pc - 0x40
core   0: 3 0x80007fac (0xfc1ff76f) x14 0x80007fb0
core   0: 0x80007f6c (0x004000ef) jal     pc + 0x4
core   0: 3 0x80007f6c (0x004000ef) x 1 0x80007f70
core   0: 0x80007f70 (0xff5ff0ef) jal     pc - 0xc
core   0: 3 0x80007f70 (0xff5ff0ef) x 1 0x80007f74
core   0: 0x80007f64 (0x0300096f) jal     s2, pc + 0x30
core   0: 3 0x80007f64 (0x0300096f) x18 0x80007f68
core   0: 0x80007f94 (0x01c0086f) jal     a6, pc + 0x1c
core   0: 3 0x80007f94 (0x01c0086f) x16 0x80007f98
core   0: 0x80007fb0 (0xfb1ff0ef) jal     pc - 0x50
core   0: 3 0x80007fb0 (0xfb1ff0ef) x 1 0x80007fb4
core   0: 0x80007f60 (0x008005ef) jal     a1, pc + 0x8
core   0: 3 0x80007f60 (0x008005ef) x11 0x80007f64
core   0: 0x80007f68 (0x0240036f) jal     t1, pc + 0x24
core   0: 3 0x80007f68 (0x0240036f) x 6 0x80007f6c
core   0: 0x80007f8c (0x01400e6f) jal     t3, pc + 0x14
core   0: 3 0x80007f8c (0x01400e6f) x28 0x80007f90
core   0: 0x80007fa0 (0x01c000ef) jal     pc + 0x1c
core   0: 3 0x80007fa0 (0x01c000ef) x 1 0x80007fa4
core   0: 0x80007fbc (0xfd5fff6f) jal     t5, pc - 0x2c
core   0: 3 0x80007fbc (0xfd5fff6f) x30 0x80007fc0
core   0: 0x80007f90 (0xfedff0ef) jal     pc - 0x14
core   0: 3 0x80007f90 (0xfedff0ef) x 1 0x80007f94
core   0: 0x80007f7c (0x01c0066f) jal     a2, pc + 0x1c
core   0: 3 0x80007f7c (0x01c0066f) x12 0x80007f80
core   0: 0x80007f98 (0x004000ef) jal     pc + 0x4
core   0: 3 0x80007f98 (0x004000ef) x 1 0x80007f9c
core   0: 0x80007f9c (0x008000ef) jal     pc + 0x8
core   0: 3 0x80007f9c (0x008000ef) x 1 0x80007fa0
core   0: 0x80007fa4 (0xfd1ff0ef) jal     pc - 0x30
core   0: 3 0x80007fa4 (0xfd1ff0ef) x 1 0x80007fa8
core   0: 0x80007f74 (0x04c000ef) jal     pc + 0x4c
core   0: 3 0x80007f74 (0x04c000ef) x 1 0x80007f78
core   0: 0x80007fc0 (0x0054a2b3) slt     t0, s1, t0
core   0: 3 0x80007fc0 (0x0054a2b3) x 5 0x00000001
core   0: 0x80007fc4 (0xb19ccf93) xori    t6, s9, -1255
core   0: 3 0x80007fc4 (0xb19ccf93) x31 0xfffff2b4
core   0: 0x80007fc8 (0xb0c44013) xori    zero, s0, -1268
core   0: 3 0x80007fc8 (0xb0c44013)
core   0: 0x80007fcc (0x01560d33) add     s10, a2, s5
core   0: 3 0x80007fcc (0x01560d33) x26 0x7db0923b
core   0: 0x80007fd0 (0xf89c0693) addi    a3, s8, -119
core   0: 3 0x80007fd0 (0xf89c0693) x13 0xffffff89
core   0: 0x80007fd4 (0x0007ee63) bltu    a5, zero, pc + 28
core   0: 3 0x80007fd4 (0x0007ee63)
core   0: 0x80007fd8 (0x001830b3) sltu    ra, a6, ra
core   0: 3 0x80007fd8 (0x001830b3) x 1 0x00000000
core   0: 0x80007fdc (0x0000100f) fence.i
core   0: 3 0x80007fdc (0x0000100f)
core   0: 0x80007fe0 (0x03d2e863) bltu    t0, t4, pc + 48
core   0: 3 0x80007fe0 (0x03d2e863)
core   0: 0x80008010 (0x659ee293) ori     t0, t4, 1625
core   0: 3 0x80008010 (0x659ee293) x 5 0x7c376e79
core   0: 0x80008014 (0x0000100f) fence.i
core   0: 3 0x80008014 (0x0000100f)
core   0: 0x80008018 (0x419ed793) srai    a5, t4, 25
core   0: 3 0x80008018 (0x419ed793) x15 0x0000003e
core   0: 0x8000801c (0x004a9593) slli    a1, s5, 4
core   0: 3 0x8000801c (0x004a9593) x11 0xdb012bb0
core   0: 0x80008020 (0x95e84593) xori    a1, a6, -1698
core   0: 3 0x80008020 (0x95e84593) x11 0x7fff86c6
core   0: 0x80008024 (0x00887863) bgeu    a6, s0, pc + 16
core   0: 3 0x80008024 (0x00887863)
core   0: 0x80008034 (0x39486213) ori     tp, a6, 916
core   0: 3 0x80008034 (0x39486213) x 4 0x80007f9c
core   0: 0x80008038 (0xd124e797) auipc   a5, 0xd124e
core   0: 3 0x80008038 (0xd124e797) x15 0x51256038
core   0: 0x8000803c (0x01e61663) bne     a2, t5, pc + 12
core   0: 3 0x8000803c (0x01e61663)
core   0: 0x80008048 (0xad044913) xori    s2, s0, -1328
core   0: 3 0x80008048 (0xad044913) x18 0x7fff8554
core   0: 0x8000804c (0x012432b3) sltu    t0, s0, s2
core   0: 3 0x8000804c (0x012432b3) x 5 0x00000000
core   0: 0x80008050 (0x02eece63) blt     t4, a4, pc + 60
core   0: 3 0x80008050 (0x02eece63)
core   0: 0x80008054 (0xb2e68c93) addi    s9, a3, -1234
core   0: 3 0x80008054 (0xb2e68c93) x25 0xfffffab7
core   0: 0x80008058 (0x0c7ec397) auipc   t2, 0xc7ec
core   0: 3 0x80008058 (0x0c7ec397) x 7 0x8c7f4058
core   0: 0x8000805c (0x41b9ceb7) lui     t4, 0x41b9c
core   0: 3 0x8000805c (0x41b9ceb7) x29 0x41b9c000
core   0: 0x80008060 (0x0ff0000f) fence   iorw,iorw
core   0: 3 0x80008060 (0x0ff0000f)
core   0: 0x80008064 (0x00805013) srli    zero, zero, 8
core   0: 3 0x80008064 (0x00805013)
core   0: 0x80008068 (0x01571833) sll     a6, a4, s5
core   0: 3 0x80008068 (0x01571833) x16 0x80000000
core   0: 0x8000806c (0x007372b3) and     t0, t1, t2
core   0: 3 0x8000806c (0x007372b3) x 5 0x80004048
core   0: 0x80008070 (0x01fdc933) xor     s2, s11, t6
core   0: 3 0x80008070 (0x01fdc933) x18 0xfffff2b6
core   0: 0x80008074 (0x006b9db3) sll     s11, s7, t1
core   0: 3 0x80008074 (0x006b9db3) x27 0x27e64000
core   0: 0x80008078 (0x00a221b3) slt     gp, tp, a0
core   0: 3 0x80008078 (0x00a221b3) x 3 0x00000001
core   0: 0x8000807c (0x32da6093) ori     ra, s4, 813
core   0: 3 0x8000807c (0x32da6093) x 1 0xfdb013bf
core   0: 0x80008080 (0x3c92fa13) andi    s4, t0, 969
core   0: 3 0x80008080 (0x3c92fa13) x20 0x00000048
core   0: 0x80008084 (0xf0f87913) andi    s2, a6, -241
core   0: 3 0x80008084 (0xf0f87913) x18 0x80000000
core   0: 0x80008088 (0x01c902b3) add     t0, s2, t3
core   0: 3 0x80008088 (0x01c902b3) x 5 0x00007f90
core   0: 0x8000808c (0x33c26913) ori     s2, tp, 828
core   0: 3 0x8000808c (0x33c26913) x18 0x80007fbc
core   0: 0x80008090 (0x01184533) xor     a0, a6, a7
core   0: 3 0x80008090 (0x01184533) x10 0x80000000
core   0: 0x80008094 (0x01b52cb3) slt     s9, a0, s11
core   0: 3 0x80008094 (0x01b52cb3) x25 0x00000001
core   0: 0x80008098 (0xae7aa193) slti    gp, s5, -1305
core   0: 3 0x80008098 (0xae7aa193) x 3 0x00000001
core   0: 0x8000809c (0x01549033) sll     zero, s1, s5
core   0: 3 0x8000809c (0x01549033)
core   0: 0x800080a0 (0x0013f663) bgeu    t2, ra, pc + 12
core   0: 3 0x800080a0 (0x0013f663)
core   0: 0x800080a4 (0x03466263) bltu    a2, s4, pc + 36
core   0: 3 0x800080a4 (0x03466263)
core   0: 0x800080a8 (0x403c5b33) sra     s6, s8, gp
core   0: 3 0x800080a8 (0x403c5b33) x22 0x00000000
core   0: 0x800080ac (0x0000100f) fence.i
core   0: 3 0x800080ac (0x0000100f)
core   0: 0x800080b0 (0x01f2d033) srl     zero, t0, t6
core   0: 3 0x800080b0 (0x01f2d033)
core   0: 0x800080b4 (0x0ff0000f) fence   iorw,iorw
core   0: 3 0x800080b4 (0x0ff0000f)
core   0: 0x800080b8 (0x9fbd8893) addi    a7, s11, -1541
core   0: 3 0x800080b8 (0x9fbd8893) x17 0x27e639fb
core   0: 0x800080bc (0x012606b3) add     a3, a2, s2
core   0: 3 0x800080bc (0x012606b3) x13 0x0000ff3c
core   0: 0x800080c0 (0x331df813) andi    a6, s11, 817
core   0: 3 0x800080c0 (0x331df813) x16 0x00000000
core   0: 0x800080c4 (0x8ae9a693) slti    a3, s3, -1874
core   0: 3 0x800080c4 (0x8ae9a693) x13 0x00000000
core   0: 0x800080c8 (0x1776e893) ori     a7, a3, 375
core   0: 3 0x800080c8 (0x1776e893) x17 0x00000177
core   0: 0x800080cc (0x2015a893) slti    a7, a1, 513
core   0: 3 0x800080cc (0x2015a893) x17 0x00000000
core   0: 0x800080d0 (0xffc64e13) xori    t3, a2, -4
core   0: 3 0x800080d0 (0xffc64e13) x28 0x7fff807c
core   0: 0x800080d4 (0x025c9e63) bne     s9, t0, pc + 60
core   0: 3 0x800080d4 (0x025c9e63)
core   0: 0x80008110 (0x8501bd93) sltiu   s11, gp, -1968
core   0: 3 0x80008110 (0x8501bd93) x27 0x00000001
core   0: 0x80008114 (0x00000013) nop
core   0: 3 0x80008114 (0x00000013)
core   0: 0x80008118 (0x002903b3) add     t2, s2, sp
core   0: 3 0x80008118 (0x002903b3) x 7 0x80007fbd
core   0: 0x8000811c (0xbdb2a093) slti    ra, t0, -1061
core   0: 3 0x8000811c (0xbdb2a093) x 1 0x00000000
core   0: 0x80008120 (0x0ff0000f) fence   iorw,iorw
core   0: 3 0x80008120 (0x0ff0000f)
core   0: 0x80008124 (0x04cc7463) bgeu    s8, a2, pc + 72
core   0: 3 0x80008124 (0x04cc7463)
core   0: 0x80008128 (0x01f576b3) and     a3, a0, t6
core   0: 3 0x80008128 (0x01f576b3) x13 0x80000000
core   0: 0x8000812c (0x019c1263) bne     s8, s9, pc + 4
core   0: 3 0x8000812c (0x019c1263)
core   0: 0x80008130 (0x00cb5a63) bge     s6, a2, pc + 20
core   0: 3 0x80008130 (0x00cb5a63)
core   0: 0x80008144 (0x00dc1633) sll     a2, s8, a3
core   0: 3 0x80008144 (0x00dc1633) x12 0x00000000
core   0: 0x80008148 (0x015f1a33) sll     s4, t5, s5
core   0: 3 0x80008148 (0x015f1a33) x20 0x00000000
core   0: 0x8000814c (0x0067bcb3) sltu    s9, a5, t1
core   0: 3 0x8000814c (0x0067bcb3) x25 0x00000001
core   0: 0x80008150 (0x01c75213) srli    tp, a4, 28
core   0: 3 0x80008150 (0x01c75213) x 4 0x00000008
core   0: 0x80008154 (0x002baf33) slt     t5, s7, sp
core   0: 3 0x80008154 (0x002baf33) x30 0x00000001
core   0: 0x80008158 (0x01f9e8b3) or      a7, s3, t6
core   0: 3 0x80008158 (0x01f9e8b3) x17 0xfffff2b4
core   0: 0x8000815c (0x03e86463) bltu    a6, t5, pc + 40
core   0: 3 0x8000815c (0x03e86463)
core   0: 0x80008184 (0x018f5293) srli    t0, t5, 24
core   0: 3 0x80008184 (0x018f5293) x 5 0x00000000
core   0: 0x80008188 (0x95658113) addi    sp, a1, -1706
core   0: 3 0x80008188 (0x95658113) x 2 0x7fff801c
core   0: 0x8000818c (0x00447663) bgeu    s0, tp, pc + 12
core   0: 3 0x8000818c (0x00447663)
core   0: 0x80008198 (0x4f5d8e13) addi    t3, s11, 1269
core   0: 3 0x80008198 (0x4f5d8e13) x28 0x000004f6
core   0: 0x8000819c (0x01b9e233) or      tp, s3, s11
core   0: 3 0x8000819c (0x01b9e233) x 4 0x00000001
core   0: 0x800081a0 (0x0182e533) or      a0, t0, s8
core   0: 3 0x800081a0 (0x0182e533) x10 0x00000000
core   0: 0x800081a4 (0x011c2433) slt     s0, s8, a7
core   0: 3 0x800081a4 (0x011c2433) x 8 0x00000000
core   0: 0x800081a8 (0x0ff0000f) fence   iorw,iorw
core   0: 3 0x800081a8 (0x0ff0000f)
core   0: 0x800081ac (0x019a9913) slli    s2, s5, 25
core   0: 3 0x800081ac (0x019a9913) x18 0x76000000
core   0: 0x800081b0 (0x272f4c93) xori    s9, t5, 626
core   0: 3 0x800081b0 (0x272f4c93) x25 0x00000273
core   0: 0x800081b4 (0x0099b333) sltu    t1, s3, s1
core   0: 3 0x800081b4 (0x0099b333) x 6 0x00000001
core   0: 0x800081b8 (0x13c1a913) slti    s2, gp, 316
core   0: 3 0x800081b8 (0x13c1a913) x18 0x00000001
core   0: 0x800081bc (0x019bed33) or      s10, s7, s9
core   0: 3 0x800081bc (0x019bed33) x26 0x80027e77
core   0: 0x800081c0 (0xabce6f13) ori     t5, t3, -1348
core   0: 3 0x800081c0 (0xabce6f13) x30 0xfffffefe
core   0: 0x800081c4 (0x02dcd463) bge     s9, a3, pc + 40
core   0: 3 0x800081c4 (0x02dcd463)
core   0: 0x800081ec (0x01e5cc63) blt     a1, t5, pc + 24
core   0: 3 0x800081ec (0x01e5cc63)
core   0: 0x800081f0 (0x01fc4663) blt     s8, t6, pc + 12
core   0: 3 0x800081f0 (0x01fc4663)
core   0: 0x800081f4 (0x95034f93) xori    t6, t1, -1712
core   0: 3 0x800081f4 (0x95034f93) x31 0xfffff951
core   0: 0x800081f8 (0x01ecfb33) and     s6, s9, t5
core   0: 3 0x800081f8 (0x01ecfb33) x22 0x00000272
core   0: 0x800081fc (0xec4aa413) slti    s0, s5, -316
core   0: 3 0x800081fc (0xec4aa413) x 8 0x00000001
core   0: 0x80008200 (0x0109de63) bge     s3, a6, pc + 28
core   0: 3 0x80008200 (0x0109de63)
core   0: 0x8000821c (0x021d0263) beq     s10, ra, pc + 36
core   0: 3 0x8000821c (0x021d0263)
core   0: 0x80008220 (0x006551b3) srl     gp, a0, t1
core   0: 3 0x80008220 (0x006551b3) x 3 0x00000000
core   0: 0x80008224 (0xaab40813) addi    a6, s0, -1365
core   0: 3 0x80008224 (0xaab40813) x16 0xfffffaac
core   0: 0x80008228 (0xcdc86393) ori     t2, a6, -804
core   0: 3 0x80008228 (0xcdc86393) x 7 0xfffffefc
core   0: 0x8000822c (0x905c4513) xori    a0, s8, -1787
core   0: 3 0x8000822c (0x905c4513) x10 0xfffff905
core   0: 0x80008230 (0x0031d033) srl     zero, gp, gp
core   0: 3 0x80008230 (0x0031d033)
core   0: 0x80008234 (0x9762bb13) sltiu   s6, t0, -1674
core   0: 3 0x80008234 (0x9762bb13) x22 0x00000001
core   0: 0x80008238 (0x01b89413) slli    s0, a7, 27
core   0: 3 0x80008238 (0x01b89413) x 8 0xa0000000
core   0: 0x8000823c (0x02b84c63) blt     a6, a1, pc + 56
core   0: 3 0x8000823c (0x02b84c63)
core   0: 0x80008274 (0x58c63a37) lui     s4, 0x58c63
core   0: 3 0x80008274 (0x58c63a37) x20 0x58c63000
core   0: 0x80008278 (0x00efbb33) sltu    s6, t6, a4
core   0: 3 0x80008278 (0x00efbb33) x22 0x00000000
core   0: 0x8000827c (0x05466463) bltu    a2, s4, pc + 72
core   0: 3 0x8000827c (0x05466463)
core   0: 0x800082c4 (0x0022cb33) xor     s6, t0, sp
core   0: 3 0x800082c4 (0x0022cb33) x22 0x7fff801c
core   0: 0x800082c8 (0xa15af797) auipc   a5, 0xa15af
core   0: 3 0x800082c8 (0xa15af797) x15 0x215b72c8
core   0: 0x800082cc (0x02517a63) bgeu    sp, t0, pc + 52
core   0: 3 0x800082cc (0x02517a63)
core   0: 0x80008300 (0x00000013) nop
core   0: 3 0x80008300 (0x00000013)
core   0: 0x80008304 (0x01d2d213) srli    tp, t0, 29
core   0: 3 0x80008304 (0x01d2d213) x 4 0x00000000
core   0: 0x80008308 (0xcf0fac13) slti    s8, t6, -784
core   0: 3 0x80008308 (0xcf0fac13) x24 0x00000001
core   0: 0x8000830c (0x05239463) bne     t2, s2, pc + 72
core   0: 3 0x8000830c (0x05239463)
core   0: 0x80008354 (0x00862cb3) slt     s9, a2, s0
core   0: 3 0x80008354 (0x00862cb3) x25 0x00000000
core   0: 0x80008358 (0x037d9c63) bne     s11, s7, pc + 56
core   0: 3 0x80008358 (0x037d9c63)
core   0: 0x80008390 (0x009cfd33) and     s10, s9, s1
core   0: 3 0x80008390 (0x009cfd33) x26 0x00000000
core   0: 0x80008394 (0x391ea813) slti    a6, t4, 913
core   0: 3 0x80008394 (0x391ea813) x16 0x00000000
core   0: 0x80008398 (0x416f5833) sra     a6, t5, s6
core   0: 3 0x80008398 (0x416f5833) x16 0xffffffff
core   0: 0x8000839c (0x01cafe33) and     t3, s5, t3
core   0: 3 0x8000839c (0x01cafe33) x28 0x000000b2
core   0: 0x800083a0 (0x0f9afe13) andi    t3, s5, 249
core   0: 3 0x800083a0 (0x0f9afe13) x28 0x000000b9
core   0: 0x800083a4 (0x0122dc33) srl     s8, t0, s2
core   0: 3 0x800083a4 (0x0122dc33) x24 0x00000000
core   0: 0x800083a8 (0x59ab2593) slti    a1, s6, 1434
core   0: 3 0x800083a8 (0x59ab2593) x11 0x00000000
core   0: 0x800083ac (0x025a9263) bne     s5, t0, pc + 36
core   0: 3 0x800083ac (0x025a9263)
core   0: 0x800083d0 (0x43662b13) slti    s6, a2, 1078
core   0: 3 0x800083d0 (0x43662b13) x22 0x00000001
core   0: 0x800083d4 (0x9d62fd13) andi    s10, t0, -1578
core   0: 3 0x800083d4 (0x9d62fd13) x26 0x00000000
core   0: 0x800083d8 (0x0211ce63) blt     gp, ra, pc + 60
core   0: 3 0x800083d8 (0x0211ce63)
core   0: 0x800083dc (0x0000100f) fence.i
core   0: 3 0x800083dc (0x0000100f)
core   0: 0x800083e0 (0x00000013) nop
core   0: 3 0x800083e0 (0x00000013)
core   0: 0x800083e4 (0x00ec99b3) sll     s3, s9, a4
core   0: 3 0x800083e4 (0x00ec99b3) x19 0x00000000
core   0: 0x800083e8 (0xc5df4193) xori    gp, t5, -931
core   0: 3 0x800083e8 (0xc5df4193) x 3 0x000002a3
core   0: 0x800083ec (0x0000100f) fence.i
core   0: 3 0x800083ec (0x0000100f)
core   0: 0x800083f0 (0x5eedf093) andi    ra, s11, 1518
core   0: 3 0x800083f0 (0x5eedf093) x 1 0x00000000
core   0: 0x800083f4 (0x0d416e63) bltu    sp, s4, pc + 220
core   0: 3 0x800083f4 (0x0d416e63)
core   0: 0x800083f8 (0x01e7ffb3) and     t6, a5, t5
core   0: 3 0x800083f8 (0x01e7ffb3) x31 0x215b72c8
core   0: 0x800083fc (0x6a6e2f13) slti    t5, t3, 1702
core   0: 3 0x800083fc (0x6a6e2f13) x30 0x00000001
core   0: 0x80008400 (0x00000013) nop
core   0: 3 0x80008400 (0x00000013)
core   0: 0x80008404 (0x0c74d863) bge     s1, t2, pc + 208
core   0: 3 0x80008404 (0x0c74d863)
core   0: 0x80008408 (0x013d9e63) bne     s11, s3, pc + 28
core   0: 3 0x80008408 (0x013d9e63)
core   0: 0x80008424 (0x40ce81b3) sub     gp, t4, a2
core   0: 3 0x80008424 (0x40ce81b3) x 3 0x41b9c000
core   0: 0x80008428 (0x0000b817) auipc   a6, 0xb
core   0: 3 0x80008428 (0x0000b817) x16 0x80013428
core   0: 0x8000842c (0x85d80813) addi    a6, a6, -1955
core   0: 3 0x8000842c (0x85d80813) x16 0x80012c85
core   0: 0x80008430 (0x019800a3) sb      s9, 1(a6)
core   0: 3 0x80008430 (0x019800a3) mem 0x80012c86 0x0
core   0: 0x80008434 (0x419c8433) sub     s0, s9, s9
core   0: 3 0x80008434 (0x419c8433) x 8 0x00000000
core   0: 0x80008438 (0x00833cb3) sltu    s9, t1, s0
core   0: 3 0x80008438 (0x00833cb3) x25 0x00000000
core   0: 0x8000843c (0xffb85c83) lhu     s9, -5(a6)
core   0: 3 0x8000843c (0xffb85c83) x25 0x00000000 mem 0x80012c80
core   0: 0x80008440 (0xff084303) lbu     t1, -16(a6)
core   0: 3 0x80008440 (0xff084303) x 6 0x00000000 mem 0x80012c75
core   0: 0x80008444 (0x00680103) lb      sp, 6(a6)
core   0: 3 0x80008444 (0x00680103) x 2 0x00000000 mem 0x80012c8b
core   0: 0x80008448 (0xe46db437) lui     s0, 0xe46db
core   0: 3 0x80008448 (0xe46db437) x 8 0xe46db000
core   0: 0x8000844c (0x00837433) and     s0, t1, s0
core   0: 3 0x8000844c (0x00837433) x 8 0x00000000
core   0: 0x80008450 (0x006807a3) sb      t1, 15(a6)
core   0: 3 0x80008450 (0x006807a3) mem 0x80012c94 0x0
core   0: 0x80008454 (0x006c9133) sll     sp, s9, t1
core   0: 3 0x80008454 (0x006c9133) x 2 0x00000000
core   0: 0x80008458 (0x00181c83) lh      s9, 1(a6)
core   0: 3 0x80008458 (0x00181c83) x25 0x00002200 mem 0x80012c86
core   0: 0x8000845c (0xfe280aa3) sb      sp, -11(a6)
core   0: 3 0x8000845c (0xfe280aa3) mem 0x80012c7a 0x0
core   0: 0x80008460 (0x006801a3) sb      t1, 3(a6)
core   0: 3 0x80008460 (0x006801a3) mem 0x80012c88 0x0
core   0: 0x80008464 (0xffb84583) lbu     a1, -5(a6)
core   0: 3 0x80008464 (0xffb84583) x11 0x00000000 mem 0x80012c80
core   0: 0x80008468 (0x0195d133) srl     sp, a1, s9
core   0: 3 0x80008468 (0x0195d133) x 2 0x00000000
core   0: 0x8000846c (0xfeb80fa3) sb      a1, -1(a6)
core   0: 3 0x8000846c (0xfeb80fa3) mem 0x80012c84 0x0
core   0: 0x80008470 (0xfe880ea3) sb      s0, -3(a6)
core   0: 3 0x80008470 (0xfe880ea3) mem 0x80012c82 0x0
core   0: 0x80008474 (0x013cd593) srli    a1, s9, 19
core   0: 3 0x80008474 (0x013cd593) x11 0x00000000
core   0: 0x80008478 (0x00180c83) lb      s9, 1(a6)
core   0: 3 0x80008478 (0x00180c83) x25 0x00000000 mem 0x80012c86
core   0: 0x8000847c (0x00385103) lhu     sp, 3(a6)
core   0: 3 0x8000847c (0x00385103) x 2 0x00000000 mem 0x80012c88
core   0: 0x80008480 (0x00480103) lb      sp, 4(a6)
core   0: 3 0x80008480 (0x00480103) x 2 0x00000000 mem 0x80012c89
core   0: 0x80008484 (0x00e5f333) and     t1, a1, a4
core   0: 3 0x80008484 (0x00e5f333) x 6 0x00000000
core   0: 0x80008488 (0x62e33413) sltiu   s0, t1, 1582
core   0: 3 0x80008488 (0x62e33413) x 8 0x00000001
core   0: 0x8000848c (0xb5b70313) addi    t1, a4, -1189
core   0: 3 0x8000848c (0xb5b70313) x 6 0x80007b0b
core   0: 0x80008490 (0xffe84703) lbu     a4, -2(a6)
core   0: 3 0x80008490 (0xffe84703) x14 0x00000023 mem 0x80012c83
core   0: 0x80008494 (0xff684403) lbu     s0, -10(a6)
core   0: 3 0x80008494 (0xff684403) x 8 0x00000000 mem 0x80012c7b
core   0: 0x80008498 (0x0ff0000f) fence   iorw,iorw
core   0: 3 0x80008498 (0x0ff0000f)
core   0: 0x8000849c (0xff980b23) sb      s9, -10(a6)
core   0: 3 0x8000849c (0xff980b23) mem 0x80012c7b 0x0
core   0: 0x800084a0 (0x00b42733) slt     a4, s0, a1
core   0: 3 0x800084a0 (0x00b42733) x14 0x00000000
core   0: 0x800084a4 (0xa3247c93) andi    s9, s0, -1486
core   0: 3 0x800084a4 (0xa3247c93) x25 0x00000000
core   0: 0x800084a8 (0x00680023) sb      t1, 0(a6)
core   0: 3 0x800084a8 (0x00680023) mem 0x80012c85 0xb
core   0: 0x800084ac (0x00c84703) lbu     a4, 12(a6)
core   0: 3 0x800084ac (0x00c84703) x14 0x00000000 mem 0x80012c91
core   0: 0x800084b0 (0x41c5d713) srai    a4, a1, 28
core   0: 3 0x800084b0 (0x41c5d713) x14 0x00000000
core   0: 0x800084b4 (0x00b82c83) lw      s9, 11(a6)
core   0: 3 0x800084b4 (0x00b82c83) x25 0x00000000 mem 0x80012c90
core   0: 0x800084b8 (0x00b315b3) sll     a1, t1, a1
core   0: 3 0x800084b8 (0x00b315b3) x11 0x80007b0b
core   0: 0x800084bc (0x00280623) sb      sp, 12(a6)
core   0: 3 0x800084bc (0x00280623) mem 0x80012c91 0x0
core   0: 0x800084c0 (0x00a80c83) lb      s9, 10(a6)
core   0: 3 0x800084c0 (0x00a80c83) x25 0x00000000 mem 0x80012c8f
core   0: 0x800084c4 (0xff381103) lh      sp, -13(a6)
core   0: 3 0x800084c4 (0xff381103) x 2 0x00000000 mem 0x80012c78
core   0: 0x800084c8 (0x058f6463) bltu    t5, s8, pc + 72
core   0: 3 0x800084c8 (0x058f6463)
core   0: 0x800084cc (0x01746b33) or      s6, s0, s7
core   0: 3 0x800084cc (0x01746b33) x22 0x80027e64
core   0: 0x800084d0 (0x6d044713) xori    a4, s0, 1744
core   0: 3 0x800084d0 (0x6d044713) x14 0x000006d0
core   0: 0x800084d4 (0x007c93b3) sll     t2, s9, t2
core   0: 3 0x800084d4 (0x007c93b3) x 7 0x00000000
core   0: 0x800084d8 (0x00d12233) slt     tp, sp, a3
core   0: 3 0x800084d8 (0x00d12233) x 4 0x00000000
core   0: 0x800084dc (0x001dda33) srl     s4, s11, ra
core   0: 3 0x800084dc (0x001dda33) x20 0x00000001
core   0: 0x800084e0 (0xb1deae93) slti    t4, t4, -1251
core   0: 3 0x800084e0 (0xb1deae93) x29 0x00000000
core   0: 0x800084e4 (0x00ba8b33) add     s6, s5, a1
core   0: 3 0x800084e4 (0x00ba8b33) x22 0x7db08dc6
core   0: 0x800084e8 (0x0000100f) fence.i
core   0: 3 0x800084e8 (0x0000100f)
core   0: 0x800084ec (0x417ed633) sra     a2, t4, s7
core   0: 3 0x800084ec (0x417ed633) x12 0x00000000
core   0: 0x800084f0 (0x0000100f) fence.i
core   0: 3 0x800084f0 (0x0000100f)
core   0: 0x800084f4 (0x0069b433) sltu    s0, s3, t1
core   0: 3 0x800084f4 (0x0069b433) x 8 0x00000001
core   0: 0x800084f8 (0x01038133) add     sp, t2, a6
core   0: 3 0x800084f8 (0x01038133) x 2 0x80012c85
core   0: 0x800084fc (0x0098fc33) and     s8, a7, s1
core   0: 3 0x800084fc (0x0098fc33) x24 0x8002b0a4
core   0: 0x80008500 (0x01b8c833) xor     a6, a7, s11
core   0: 3 0x80008500 (0x01b8c833) x16 0xfffff2b5
core   0: 0x80008504 (0x0051e663) bltu    gp, t0, pc + 12
core   0: 3 0x80008504 (0x0051e663)
core   0: 0x80008508 (0x01959893) slli    a7, a1, 25
core   0: 3 0x80008508 (0x01959893) x17 0x16000000
core   0: 0x8000850c (0x4d6f4213) xori    tp, t5, 1238
core   0: 3 0x8000850c (0x4d6f4213) x 4 0x000004d7
core   0: 0x80008510 (0x01eb79b3) and     s3, s6, t5
core   0: 3 0x80008510 (0x01eb79b3) x19 0x00000000
core   0: 0x80008514 (0x540e8713) addi    a4, t4, 1344
core   0: 3 0x80008514 (0x540e8713) x14 0x00000540
core   0: 0x80008518 (0xb3d4cd93) xori    s11, s1, -1219
core   0: 3 0x80008518 (0xb3d4cd93) x27 0x7ffd47d9
core   0: 0x8000851c (0x002a1c63) bne     s4, sp, pc + 24
core   0: 3 0x8000851c (0x002a1c63)
core   0: 0x80008534 (0x06418a63) beq     gp, tp, pc + 116
core   0: 3 0x80008534 (0x06418a63)
core   0: 0x80008538 (0x00010117) auipc   sp, 0x10
core   0: 3 0x80008538 (0x00010117) x 2 0x80018538
core   0: 0x8000853c (0x86a10113) addi    sp, sp, -1942
core   0: 3 0x8000853c (0x86a10113) x 2 0x80017da2
core   0: 0x80008540 (0x00052db3) slt     s11, a0, zero
core   0: 3 0x80008540 (0x00052db3) x27 0x00000001
core   0: 0x80008544 (0x0ba10203) lb      tp, 186(sp)
core   0: 3 0x80008544 (0x0ba10203) x 4 0x00000000 mem 0x80017e5c
core   0: 0x80008548 (0x0ba12983) lw      s3, 186(sp)
core   0: 3 0x80008548 (0x0ba12983) x19 0x00000000 mem 0x80017e5c
core   0: 0x8000854c (0x0ba10d83) lb      s11, 186(sp)
core   0: 3 0x8000854c (0x0ba10d83) x27 0x00000000 mem 0x80017e5c
core   0: 0x80008550 (0x0ac12d23) sw      a2, 186(sp)
core   0: 3 0x80008550 (0x0ac12d23) mem 0x80017e5c 0x00000000
core   0: 0x80008554 (0x0ba12003) lw      zero, 186(sp)
core   0: 3 0x80008554 (0x0ba12003) mem 0x80017e5c
core   0: 0x80008558 (0x00b4aa33) slt     s4, s1, a1
core   0: 3 0x80008558 (0x00b4aa33) x20 0x00000000
core   0: 0x8000855c (0x0bf11d23) sh      t6, 186(sp)
core   0: 3 0x8000855c (0x0bf11d23) mem 0x80017e5c 0x72c8
core   0: 0x80008560 (0x0ba14403) lbu     s0, 186(sp)
core   0: 3 0x80008560 (0x0ba14403) x 8 0x000000c8 mem 0x80017e5c
core   0: 0x80008564 (0x0bc12d23) sw      t3, 186(sp)
core   0: 3 0x80008564 (0x0bc12d23) mem 0x80017e5c 0x000000b9
core   0: 0x80008568 (0x0a910d23) sb      s1, 186(sp)
core   0: 3 0x80008568 (0x0a910d23) mem 0x80017e5c 0xe4
core   0: 0x8000856c (0x00c32233) slt     tp, t1, a2
core   0: 3 0x8000856c (0x00c32233) x 4 0x00000001
core   0: 0x80008570 (0x40e7d693) srai    a3, a5, 14
core   0: 3 0x80008570 (0x40e7d693) x13 0x0000856d
core   0: 0x80008574 (0x0ba12f03) lw      t5, 186(sp)
core   0: 3 0x80008574 (0x0ba12f03) x30 0x000000e4 mem 0x80017e5c
core   0: 0x80008578 (0x0ff0000f) fence   iorw,iorw
core   0: 3 0x80008578 (0x0ff0000f)
core   0: 0x8000857c (0x00761893) slli    a7, a2, 7
core   0: 3 0x8000857c (0x00761893) x17 0x00000000
core   0: 0x80008580 (0x032b8663) beq     s7, s2, pc + 44
core   0: 3 0x80008580 (0x032b8663)
core   0: 0x80008584 (0x030d0663) beq     s10, a6, pc + 44
core   0: 3 0x80008584 (0x030d0663)
core   0: 0x80008588 (0x017b5133) srl     sp, s6, s7
core   0: 3 0x80008588 (0x017b5133) x 2 0x07db08dc
core   0: 0x8000858c (0x07462693) slti    a3, a2, 116
core   0: 3 0x8000858c (0x07462693) x13 0x00000001
core   0: 0x80008590 (0x01429a63) bne     t0, s4, pc + 20
core   0: 3 0x80008590 (0x01429a63)
core   0: 0x80008594 (0x0138e1b3) or      gp, a7, s3
core   0: 3 0x80008594 (0x0138e1b3) x 3 0x00000000
core   0: 0x80008598 (0x6975f513) andi    a0, a1, 1687
core   0: 3 0x80008598 (0x6975f513) x10 0x00000203
core   0: 0x8000859c (0x408401b3) sub     gp, s0, s0
core   0: 3 0x8000859c (0x408401b3) x 3 0x00000000
core   0: 0x800085a0 (0x0000100f) fence.i
core   0: 3 0x800085a0 (0x0000100f)
core   0: 0x800085a4 (0x408ade93) srai    t4, s5, 8
core   0: 3 0x800085a4 (0x408ade93) x29 0xfffdb012
core   0: 0x800085a8 (0x01468fb3) add     t6, a3, s4
core   0: 3 0x800085a8 (0x01468fb3) x31 0x00000001
core   0: 0x800085ac (0x0ff0000f) fence   iorw,iorw
core   0: 3 0x800085ac (0x0ff0000f)
core   0: 0x800085b0 (0x01547b33) and     s6, s0, s5
core   0: 3 0x800085b0 (0x01547b33) x22 0x00000088
core   0: 0x800085b4 (0x204c4d93) xori    s11, s8, 516
core   0: 3 0x800085b4 (0x204c4d93) x27 0x8002b2a0
core   0: 0x800085b8 (0x01176733) or      a4, a4, a7
core   0: 3 0x800085b8 (0x01176733) x14 0x00000540
core   0: 0x800085bc (0x01e18633) add     a2, gp, t5
core   0: 3 0x800085bc (0x01e18633) x12 0x000000e4
core   0: 0x800085c0 (0x01991113) slli    sp, s2, 25
core   0: 3 0x800085c0 (0x01991113) x 2 0x02000000
core   0: 0x800085c4 (0x01c07f33) and     t5, zero, t3
core   0: 3 0x800085c4 (0x01c07f33) x30 0x00000000
core   0: 0x800085c8 (0x0000100f) fence.i
core   0: 3 0x800085c8 (0x0000100f)
core   0: 0x800085cc (0x019abb13) sltiu   s6, s5, 25
core   0: 3 0x800085cc (0x019abb13) x22 0x00000000
core   0: 0x800085d0 (0x41aa5eb3) sra     t4, s4, s10
core   0: 3 0x800085d0 (0x41aa5eb3) x29 0x00000000
core   0: 0x800085d4 (0x01cbbcb3) sltu    s9, s7, t3
core   0: 3 0x800085d4 (0x01cbbcb3) x25 0x00000000
core   0: 0x800085d8 (0x01a695b3) sll     a1, a3, s10
core   0: 3 0x800085d8 (0x01a695b3) x11 0x00000001
core   0: 0x800085dc (0x01266fb3) or      t6, a2, s2
core   0: 3 0x800085dc (0x01266fb3) x31 0x000000e5
core   0: 0x800085e0 (0x010e1f33) sll     t5, t3, a6
core   0: 3 0x800085e0 (0x010e1f33) x30 0x17200000
core   0: 0x800085e4 (0x0ff0000f) fence   iorw,iorw
core   0: 3 0x800085e4 (0x0ff0000f)
core   0: 0x800085e8 (0x40a45933) sra     s2, s0, a0
core   0: 3 0x800085e8 (0x40a45933) x18 0x00000019
core   0: 0x800085ec (0x01d8dc13) srli    s8, a7, 29
core   0: 3 0x800085ec (0x01d8dc13) x24 0x00000000
core   0: 0x800085f0 (0x61778d93) addi    s11, a5, 1559
core   0: 3 0x800085f0 (0x61778d93) x27 0x215b78df
core   0: 0x800085f4 (0x00b35e13) srli    t3, t1, 11
core   0: 3 0x800085f4 (0x00b35e13) x28 0x0010000f
core   0: 0x800085f8 (0x0ff0000f) fence   iorw,iorw
core   0: 3 0x800085f8 (0x0ff0000f)
core   0: 0x800085fc (0x01ca1533) sll     a0, s4, t3
core   0: 3 0x800085fc (0x01ca1533) x10 0x00000000
core   0: 0x80008600 (0x0480e463) bltu    ra, s0, pc + 72
core   0: 3 0x80008600 (0x0480e463)
core   0: 0x80008648 (0x09afea63) bltu    t6, s10, pc + 148
core   0: 3 0x80008648 (0x09afea63)
core   0: 0x8000864c (0x0ff0000f) fence   iorw,iorw
core   0: 3 0x8000864c (0x0ff0000f)
core   0: 0x80008650 (0x00c99913) slli    s2, s3, 12
core   0: 3 0x80008650 (0x00c99913) x18 0x00000000
core   0: 0x80008654 (0xec7fa013) slti    zero, t6, -313
core   0: 3 0x80008654 (0xec7fa013)
core   0: 0x80008658 (0x0043c333) xor     t1, t2, tp
core   0: 3 0x80008658 (0x0043c333) x 6 0x00000001
core   0: 0x8000865c (0x010d6033) or      zero, s10, a6
core   0: 3 0x8000865c (0x010d6033)
core   0: 0x80008660 (0x18942613) slti    a2, s0, 393
core   0: 3 0x80008660 (0x18942613) x12 0x00000001
core   0: 0x80008664 (0x07914e63) blt     sp, s9, pc + 124
core   0: 3 0x80008664 (0x07914e63)
core   0: 0x80008668 (0x0000a217) auipc   tp, 0xa
core   0: 3 0x80008668 (0x0000a217) x 4 0x80012668
core   0: 0x8000866c (0xcea20213) addi    tp, tp, -790
core   0: 3 0x8000866c (0xcea20213) x 4 0x80012352
core   0: 0x80008670 (0x00120383) lb      t2, 1(tp)
core   0: 3 0x80008670 (0x00120383) x 7 0x00000000 mem 0x80012353
core   0: 0x80008674 (0xfff24103) lbu     sp, -1(tp)
core   0: 3 0x80008674 (0xfff24103) x 2 0x00000000 mem 0x80012351
core   0: 0x80008678 (0x00011817) auipc   a6, 0x11
core   0: 3 0x80008678 (0x00011817) x16 0x80019678
core   0: 0x8000867c (0x72a80813) addi    a6, a6, 1834
core   0: 3 0x8000867c (0x72a80813) x16 0x80019da2
core   0: 0x80008680 (0x00c81283) lh      t0, 12(a6)
core   0: 3 0x80008680 (0x00c81283) x 5 0x00000000 mem 0x80019dae
core   0: 0x80008684 (0x00024c83) lbu     s9, 0(tp)
core   0: 3 0x80008684 (0x00024c83) x25 0x00000000 mem 0x80012352
core   0: 0x80008688 (0xff825f83) lhu     t6, -8(tp)
core   0: 3 0x80008688 (0xff825f83) x31 0x00000000 mem 0x8001234a
core   0: 0x8000868c (0xff480503) lb      a0, -12(a6)
core   0: 3 0x8000868c (0xff480503) x10 0x00000000 mem 0x80019d96
core   0: 0x80008690 (0x00a81223) sh      a0, 4(a6)
core   0: 3 0x80008690 (0x00a81223) mem 0x80019da6 0x0000
core   0: 0x80008694 (0x01220623) sb      s2, 12(tp)
core   0: 3 0x80008694 (0x01220623) mem 0x8001235e 0x0
core   0: 0x80008698 (0xff124503) lbu     a0, -15(tp)
core   0: 3 0x80008698 (0xff124503) x10 0x00000000 mem 0x80012343
core   0: 0x8000869c (0x01980083) lb      ra, 25(a6)
core   0: 3 0x8000869c (0x01980083) x 1 0x00000000 mem 0x80019dbb
core   0: 0x800086a0 (0x00d24083) lbu     ra, 13(tp)
core   0: 3 0x800086a0 (0x00d24083) x 1 0x00000000 mem 0x8001235f
core   0: 0x800086a4 (0x00021623) sh      zero, 12(tp)
core   0: 3 0x800086a4 (0x00021623) mem 0x8001235e 0x0000
core   0: 0x800086a8 (0xffe21c03) lh      s8, -2(tp)
core   0: 3 0x800086a8 (0xffe21c03) x24 0x00000000 mem 0x80012350
core   0: 0x800086ac (0x00d24b03) lbu     s6, 13(tp)
core   0: 3 0x800086ac (0x00d24b03) x22 0x00000000 mem 0x8001235f
core   0: 0x800086b0 (0xfc180223) sb      ra, -60(a6)
core   0: 3 0x800086b0 (0xfc180223) mem 0x80019d66 0x0
core   0: 0x800086b4 (0x017ab733) sltu    a4, s5, s7
core   0: 3 0x800086b4 (0x017ab733) x14 0x00000000
core   0: 0x800086b8 (0x002bef33) or      t5, s7, sp
core   0: 3 0x800086b8 (0x002bef33) x30 0x80027e64
core   0: 0x800086bc (0x00f4ca33) xor     s4, s1, a5
core   0: 3 0x800086bc (0x00f4ca33) x20 0xa159ce2c
core   0: 0x800086c0 (0x00000013) nop
core   0: 3 0x800086c0 (0x00000013)
core   0: 0x800086c4 (0x01cf4233) xor     tp, t5, t3
core   0: 3 0x800086c4 (0x01cf4233) x 4 0x80127e6b
core   0: 0x800086c8 (0x0388c463) blt     a7, s8, pc + 40
core   0: 3 0x800086c8 (0x0388c463)
core   0: 0x800086cc (0x0178e263) bltu    a7, s7, pc + 4
core   0: 3 0x800086cc (0x0178e263)
core   0: 0x800086d0 (0x00e080b3) add     ra, ra, a4
core   0: 3 0x800086d0 (0x00e080b3) x 1 0x00000000
core   0: 0x800086d4 (0x02034e63) bltz    t1, pc + 60
core   0: 3 0x800086d4 (0x02034e63)
core   0: 0x800086d8 (0x0111ee63) bltu    gp, a7, pc + 28
core   0: 3 0x800086d8 (0x0111ee63)
core   0: 0x800086dc (0x01ab93b3) sll     t2, s7, s10
core   0: 3 0x800086dc (0x01ab93b3) x 7 0x80027e64
core   0: 0x800086e0 (0x02045263) bgez    s0, pc + 36
core   0: 3 0x800086e0 (0x02045263)
core   0: 0x80008704 (0x00000013) nop
core   0: 3 0x80008704 (0x00000013)
core   0: 0x80008708 (0x0352da63) bge     t0, s5, pc + 52
core   0: 3 0x80008708 (0x0352da63)
core   0: 0x8000873c (0x11604613) xori    a2, zero, 278
core   0: 3 0x8000873c (0x11604613) x12 0x00000116
core   0: 0x80008740 (0x010ca333) slt     t1, s9, a6
core   0: 3 0x80008740 (0x010ca333) x 6 0x00000000
core   0: 0x80008744 (0x00a39663) bne     t2, a0, pc + 12
core   0: 3 0x80008744 (0x00a39663)
core   0: 0x80008750 (0x03ffd863) bge     t6, t6, pc + 48
core   0: 3 0x80008750 (0x03ffd863)
core   0: 0x80008780 (0x59062793) slti    a5, a2, 1424
core   0: 3 0x80008780 (0x59062793) x15 0x00000001
core   0: 0x80008784 (0x00d19833) sll     a6, gp, a3
core   0: 3 0x80008784 (0x00d19833) x16 0x00000000
core   0: 0x80008788 (0x0429f463) bgeu    s3, sp, pc + 72
core   0: 3 0x80008788 (0x0429f463)
core   0: 0x800087d0 (0x03346663) bltu    s0, s3, pc + 44
core   0: 3 0x800087d0 (0x03346663)
core   0: 0x800087d4 (0x402506b3) sub     a3, a0, sp
core   0: 3 0x800087d4 (0x402506b3) x13 0x00000000
core   0: 0x800087d8 (0x03e99c63) bne     s3, t5, pc + 56
core   0: 3 0x800087d8 (0x03e99c63)
core   0: 0x80008810 (0x0ff0000f) fence   iorw,iorw
core   0: 3 0x80008810 (0x0ff0000f)
core   0: 0x80008814 (0x89f7c513) xori    a0, a5, -1889
core   0: 3 0x80008814 (0x89f7c513) x10 0xfffff89e
core   0: 0x80008818 (0x000f13b3) sll     t2, t5, zero
core   0: 3 0x80008818 (0x000f13b3) x 7 0x80027e64
core   0: 0x8000881c (0x019059b3) srl     s3, zero, s9
core   0: 3 0x8000881c (0x019059b3) x19 0x00000000
core   0: 0x80008820 (0x0026c433) xor     s0, a3, sp
core   0: 3 0x80008820 (0x0026c433) x 8 0x00000000
core   0: 0x80008824 (0x025d7663) bgeu    s10, t0, pc + 44
core   0: 3 0x80008824 (0x025d7663)
core   0: 0x80008850 (0x00000013) nop
core   0: 3 0x80008850 (0x00000013)
core   0: 0x80008854 (0x40a05193) srai    gp, zero, 10
core   0: 3 0x80008854 (0x40a05193) x 3 0x00000000
core   0: 0x80008858 (0x0074b233) sltu    tp, s1, t2
core   0: 3 0x80008858 (0x0074b233) x 4 0x00000000
core   0: 0x8000885c (0xfd7cfb13) andi    s6, s9, -41
core   0: 3 0x8000885c (0xfd7cfb13) x22 0x00000000
core   0: 0x80008860 (0x00000013) nop
core   0: 3 0x80008860 (0x00000013)
core   0: 0x80008864 (0x3d633513) sltiu   a0, t1, 982
core   0: 3 0x80008864 (0x3d633513) x10 0x00000001
core   0: 0x80008868 (0x03836463) bltu    t1, s8, pc + 40
core   0: 3 0x80008868 (0x03836463)
core   0: 0x8000886c (0x19f32c13) slti    s8, t1, 415
core   0: 3 0x8000886c (0x19f32c13) x24 0x00000001
core   0: 0x80008870 (0x00a8f733) and     a4, a7, a0
core   0: 3 0x80008870 (0x00a8f733) x14 0x00000000
core   0: 0x80008874 (0xfe3f2d93) slti    s11, t5, -29
core   0: 3 0x80008874 (0xfe3f2d93) x27 0x00000001
core   0: 0x80008878 (0xae0d8437) lui     s0, 0xae0d8
core   0: 3 0x80008878 (0xae0d8437) x 8 0xae0d8000
core   0: 0x8000887c (0xf9709b17) auipc   s6, 0xf9709
core   0: 3 0x8000887c (0xf9709b17) x22 0x7971187c
core   0: 0x80008880 (0xb472c913) xori    s2, t0, -1209
core   0: 3 0x80008880 (0xb472c913) x18 0xfffffb47
core   0: 0x80008884 (0x40770e33) sub     t3, a4, t2
core   0: 3 0x80008884 (0x40770e33) x28 0x7ffd819c
core   0: 0x80008888 (0x0179dfb3) srl     t6, s3, s7
core   0: 3 0x80008888 (0x0179dfb3) x31 0x00000000
core   0: 0x8000888c (0x41d3d513) srai    a0, t2, 29
core   0: 3 0x8000888c (0x41d3d513) x10 0xfffffffc
core   0: 0x80008890 (0x00276663) bltu    a4, sp, pc + 12
core   0: 3 0x80008890 (0x00276663)
core   0: 0x80008894 (0x00000013) nop
core   0: 3 0x80008894 (0x00000013)
core   0: 0x80008898 (0x02ab7c63) bgeu    s6, a0, pc + 56
core   0: 3 0x80008898 (0x02ab7c63)
core   0: 0x8000889c (0x005d8cb3) add     s9, s11, t0
core   0: 3 0x8000889c (0x005d8cb3) x25 0x00000001
core   0: 0x800088a0 (0xb62605b7) lui     a1, 0xb6260
core   0: 3 0x800088a0 (0xb62605b7) x11 0xb6260000
core   0: 0x800088a4 (0x410ddb33) sra     s6, s11, a6
core   0: 3 0x800088a4 (0x410ddb33) x22 0x00000001
core   0: 0x800088a8 (0x00628cb3) add     s9, t0, t1
core   0: 3 0x800088a8 (0x00628cb3) x25 0x00000000
core   0: 0x800088ac (0xd9cb22b7) lui     t0, 0xd9cb2
core   0: 3 0x800088ac (0xd9cb22b7) x 5 0xd9cb2000
core   0: 0x800088b0 (0x0ff0000f) fence   iorw,iorw
core   0: 3 0x800088b0 (0x0ff0000f)
core   0: 0x800088b4 (0x00aa7663) bgeu    s4, a0, pc + 12
core   0: 3 0x800088b4 (0x00aa7663)
core   0: 0x800088b8 (0x018af733) and     a4, s5, s8
core   0: 3 0x800088b8 (0x018af733) x14 0x00000001
core   0: 0x800088bc (0x031f1463) bne     t5, a7, pc + 40
core   0: 3 0x800088bc (0x031f1463)
core   0: 0x800088e4 (0x680b2793) slti    a5, s6, 1664
core   0: 3 0x800088e4 (0x680b2793) x15 0x00000001
core   0: 0x800088e8 (0x01bbd2b3) srl     t0, s7, s11
core   0: 3 0x800088e8 (0x01bbd2b3) x 5 0x40013f32
core   0: 0x800088ec (0x016c99b3) sll     s3, s9, s6
core   0: 3 0x800088ec (0x016c99b3) x19 0x00000000
core   0: 0x800088f0 (0x05ea0463) beq     s4, t5, pc + 72
core   0: 3 0x800088f0 (0x05ea0463)
core   0: 0x800088f4 (0x02cb8c63) beq     s7, a2, pc + 56
core   0: 3 0x800088f4 (0x02cb8c63)
core   0: 0x800088f8 (0x0000100f) fence.i
core   0: 3 0x800088f8 (0x0000100f)
core   0: 0x800088fc (0x0345c463) blt     a1, s4, pc + 40
core   0: 3 0x800088fc (0x0345c463)
core   0: 0x80008900 (0x0188fdb3) and     s11, a7, s8
core   0: 3 0x80008900 (0x0188fdb3) x27 0x00000000
core   0: 0x80008904 (0x01705633) srl     a2, zero, s7
core   0: 3 0x80008904 (0x01705633) x12 0x00000000
core   0: 0x80008908 (0x0000100f) fence.i
core   0: 3 0x80008908 (0x0000100f)
core   0: 0x8000890c (0x00301663) bne     zero, gp, pc + 12
core   0: 3 0x8000890c (0x00301663)
core   0: 0x80008910 (0xd27b0917) auipc   s2, 0xd27b0
core   0: 3 0x80008910 (0xd27b0917) x18 0x527b8910
core   0: 0x80008914 (0x419b8eb3) sub     t4, s7, s9
core   0: 3 0x80008914 (0x419b8eb3) x29 0x80027e64
core   0: 0x80008918 (0x0000100f) fence.i
core   0: 3 0x80008918 (0x0000100f)
core   0: 0x8000891c (0x01609993) slli    s3, ra, 22
core   0: 3 0x8000891c (0x01609993) x19 0x00000000
core   0: 0x80008920 (0x02a16863) bltu    sp, a0, pc + 48
core   0: 3 0x80008920 (0x02a16863)
core   0: 0x80008950 (0x00d022b3) slt     t0, zero, a3
core   0: 3 0x80008950 (0x00d022b3) x 5 0x00000000
core   0: 0x80008954 (0x0000a997) auipc   s3, 0xa
core   0: 3 0x80008954 (0x0000a997) x19 0x80012954
core   0: 0x80008958 (0x00e98993) addi    s3, s3, 14
core   0: 3 0x80008958 (0x00e98993) x19 0x80012962
core   0: 0x8000895c (0x0359a323) sw      s5, 38(s3)
core   0: 3 0x8000895c (0x0359a323) mem 0x80012988 0xfdb012bb
core   0: 0x80008960 (0x02699583) lh      a1, 38(s3)
core   0: 3 0x80008960 (0x02699583) x11 0x000012bb mem 0x80012988
core   0: 0x80008964 (0x0269c883) lbu     a7, 38(s3)
core   0: 3 0x80008964 (0x0269c883) x17 0x000000bb mem 0x80012988
core   0: 0x80008968 (0xfc398a03) lb      s4, -61(s3)
core   0: 3 0x80008968 (0xfc398a03) x20 0x00000000 mem 0x80012925
core   0: 0x8000896c (0xfc398283) lb      t0, -61(s3)
core   0: 3 0x8000896c (0xfc398283) x 5 0x00000000 mem 0x80012925
core   0: 0x80008970 (0x009247b3) xor     a5, tp, s1
core   0: 3 0x80008970 (0x009247b3) x15 0x8002bce4
core   0: 0x80008974 (0xfc398883) lb      a7, -61(s3)
core   0: 3 0x80008974 (0xfc398883) x17 0x00000000 mem 0x80012925
core   0: 0x80008978 (0xfc39c903) lbu     s2, -61(s3)
core   0: 3 0x80008978 (0xfc39c903) x18 0x00000000 mem 0x80012925
core   0: 0x8000897c (0xfc7981a3) sb      t2, -61(s3)
core   0: 3 0x8000897c (0xfc7981a3) mem 0x80012925 0x64
core   0: 0x80008980 (0xfc398703) lb      a4, -61(s3)
core   0: 3 0x80008980 (0xfc398703) x14 0x00000064 mem 0x80012925
core   0: 0x80008984 (0xfcd981a3) sb      a3, -61(s3)
core   0: 3 0x80008984 (0xfcd981a3) mem 0x80012925 0x0
core   0: 0x80008988 (0xfc398e03) lb      t3, -61(s3)
core   0: 3 0x80008988 (0xfc398e03) x28 0x00000000 mem 0x80012925
core   0: 0x8000898c (0x28ede913) ori     s2, s11, 654
core   0: 3 0x8000898c (0x28ede913) x18 0x0000028e
core   0: 0x80008990 (0xfc398003) lb      zero, -61(s3)
core   0: 3 0x80008990 (0xfc398003) mem 0x80012925
core   0: 0x80008994 (0x4e180337) lui     t1, 0x4e180
core   0: 3 0x80008994 (0x4e180337) x 6 0x4e180000
core   0: 0x80008998 (0xfc398183) lb      gp, -61(s3)
core   0: 3 0x80008998 (0xfc398183) x 3 0x00000000 mem 0x80012925
core   0: 0x8000899c (0xfc39c883) lbu     a7, -61(s3)
core   0: 3 0x8000899c (0xfc39c883) x17 0x00000000 mem 0x80012925
core   0: 0x800089a0 (0x0f654693) xori    a3, a0, 246
core   0: 3 0x800089a0 (0x0f654693) x13 0xffffff0a
core   0: 0x800089a4 (0x00a9a903) lw      s2, 10(s3)
core   0: 3 0x800089a4 (0x00a9a903) x18 0x00000000 mem 0x8001296c
core   0: 0x800089a8 (0x014ccfb3) xor     t6, s9, s4
core   0: 3 0x800089a8 (0x014ccfb3) x31 0x00000000
core   0: 0x800089ac (0x00a9d283) lhu     t0, 10(s3)
core   0: 3 0x800089ac (0x00a9d283) x 5 0x00000000 mem 0x8001296c
core   0: 0x800089b0 (0x41930b33) sub     s6, t1, s9
core   0: 3 0x800089b0 (0x41930b33) x22 0x4e180000
core   0: 0x800089b4 (0x01a28333) add     t1, t0, s10
core   0: 3 0x800089b4 (0x01a28333) x 6 0x00000000
core   0: 0x800089b8 (0x00db5093) srli    ra, s6, 13
core   0: 3 0x800089b8 (0x00db5093) x 1 0x000270c0
core   0: 0x800089bc (0x01dd5693) srli    a3, s10, 29
core   0: 3 0x800089bc (0x01dd5693) x13 0x00000000
core   0: 0x800089c0 (0x005ea6b3) slt     a3, t4, t0
core   0: 3 0x800089c0 (0x005ea6b3) x13 0x00000001
core   0: 0x800089c4 (0x00000013) nop
core   0: 3 0x800089c4 (0x00000013)
core   0: 0x800089c8 (0x0188ea63) bltu    a7, s8, pc + 20
core   0: 3 0x800089c8 (0x0188ea63)
core   0: 0x800089dc (0x00295213) srli    tp, s2, 2
core   0: 3 0x800089dc (0x00295213) x 4 0x00000000
core   0: 0x800089e0 (0x016aa5b3) slt     a1, s5, s6
core   0: 3 0x800089e0 (0x016aa5b3) x11 0x00000001
core   0: 0x800089e4 (0xeb780437) lui     s0, 0xeb780
core   0: 3 0x800089e4 (0xeb780437) x 8 0xeb780000
core   0: 0x800089e8 (0x08a0b937) lui     s2, 0x8a0b
core   0: 3 0x800089e8 (0x08a0b937) x18 0x08a0b000
core   0: 0x800089ec (0x0158ee33) or      t3, a7, s5
core   0: 3 0x800089ec (0x0158ee33) x28 0xfdb012bb
core   0: 0x800089f0 (0x2242f717) auipc   a4, 0x2242f
core   0: 3 0x800089f0 (0x2242f717) x14 0xa24379f0
core   0: 0x800089f4 (0xccdb3d93) sltiu   s11, s6, -819
core   0: 3 0x800089f4 (0xccdb3d93) x27 0x00000001
core   0: 0x800089f8 (0x3f92f293) andi    t0, t0, 1017
core   0: 3 0x800089f8 (0x3f92f293) x 5 0x00000000
core   0: 0x800089fc (0x5d26a593) slti    a1, a3, 1490
core   0: 3 0x800089fc (0x5d26a593) x11 0x00000001
core   0: 0x80008a00 (0x832ca513) slti    a0, s9, -1998
core   0: 3 0x80008a00 (0x832ca513) x10 0x00000000
core   0: 0x80008a04 (0x01399d13) slli    s10, s3, 19
core   0: 3 0x80008a04 (0x01399d13) x26 0x4b100000
core   0: 0x80008a08 (0x024a5063) bge     s4, tp, pc + 32
core   0: 3 0x80008a08 (0x024a5063)
core   0: 0x80008a28 (0xe08d3213) sltiu   tp, s10, -504
core   0: 3 0x80008a28 (0xe08d3213) x 4 0x00000001
core   0: 0x80008a2c (0x058e1463) bne     t3, s8, pc + 72
core   0: 3 0x80008a2c (0x058e1463)
core   0: 0x80008a74 (0x03a47e63) bgeu    s0, s10, pc + 60
core   0: 3 0x80008a74 (0x03a47e63)
core   0: 0x80008ab0 (0x0cac8313) addi    t1, s9, 202
core   0: 3 0x80008ab0 (0x0cac8313) x 6 0x000000ca
core   0: 0x80008ab4 (0xd531a193) slti    gp, gp, -685
core   0: 3 0x80008ab4 (0xd531a193) x 3 0x00000000
core   0: 0x80008ab8 (0x01fe4233) xor     tp, t3, t6
core   0: 3 0x80008ab8 (0x01fe4233) x 4 0xfdb012bb
core   0: 0x80008abc (0x030cc663) blt     s9, a6, pc + 44
core   0: 3 0x80008abc (0x030cc663)
core   0: 0x80008ac0 (0x01259793) slli    a5, a1, 18
core   0: 3 0x80008ac0 (0x01259793) x15 0x00040000
core   0: 0x80008ac4 (0x41345c33) sra     s8, s0, s3
core   0: 3 0x80008ac4 (0x41345c33) x24 0xfade0000
core   0: 0x80008ac8 (0x24aeb313) sltiu   t1, t4, 586
core   0: 3 0x80008ac8 (0x24aeb313) x 6 0x00000000
core   0: 0x80008acc (0x004868b3) or      a7, a6, tp
core   0: 3 0x80008acc (0x004868b3) x17 0xfdb012bb
core   0: 0x80008ad0 (0x0f156913) ori     s2, a0, 241
core   0: 3 0x80008ad0 (0x0f156913) x18 0x000000f1
core   0: 0x80008ad4 (0xcd5dac13) slti    s8, s11, -811
core   0: 3 0x80008ad4 (0xcd5dac13) x24 0x00000000
core   0: 0x80008ad8 (0x01205993) srli    s3, zero, 18
core   0: 3 0x80008ad8 (0x01205993) x19 0x00000000
core   0: 0x80008adc (0x02868463) beq     a3, s0, pc + 40
core   0: 3 0x80008adc (0x02868463)
core   0: 0x80008ae0 (0x014ff663) bgeu    t6, s4, pc + 12
core   0: 3 0x80008ae0 (0x014ff663)
core   0: 0x80008aec (0x402ed0b3) sra     ra, t4, sp
core   0: 3 0x80008aec (0x402ed0b3) x 1 0x80027e64
core   0: 0x80008af0 (0x0ff0000f) fence   iorw,iorw
core   0: 3 0x80008af0 (0x0ff0000f)
core   0: 0x80008af4 (0x1f207113) andi    sp, zero, 498
core   0: 3 0x80008af4 (0x1f207113) x 2 0x00000000
core   0: 0x80008af8 (0x59e47c93) andi    s9, s0, 1438
core   0: 3 0x80008af8 (0x59e47c93) x25 0x00000000
core   0: 0x80008afc (0x0046b7b3) sltu    a5, a3, tp
core   0: 3 0x80008afc (0x0046b7b3) x15 0x00000001
core   0: 0x80008b00 (0x00ab27b3) slt     a5, s6, a0
core   0: 3 0x80008b00 (0x00ab27b3) x15 0x00000000
core   0: 0x80008b04 (0x016e0d33) add     s10, t3, s6
core   0: 3 0x80008b04 (0x016e0d33) x26 0x4bc812bb
core   0: 0x80008b08 (0x00c64333) xor     t1, a2, a2
core   0: 3 0x80008b08 (0x00c64333) x 6 0x00000000
core   0: 0x80008b0c (0x413851b3) sra     gp, a6, s3
core   0: 3 0x80008b0c (0x413851b3) x 3 0x00000000
core   0: 0x80008b10 (0x0ff0000f) fence   iorw,iorw
core   0: 3 0x80008b10 (0x0ff0000f)
core   0: 0x80008b14 (0xa80c3a13) sltiu   s4, s8, -1408
core   0: 3 0x80008b14 (0xa80c3a13) x20 0x00000001
core   0: 0x80008b18 (0xa30a3713) sltiu   a4, s4, -1488
core   0: 3 0x80008b18 (0xa30a3713) x14 0x00000001
core   0: 0x80008b1c (0x8d65bb13) sltiu   s6, a1, -1834
core   0: 3 0x80008b1c (0x8d65bb13) x22 0x00000001
core   0: 0x80008b20 (0x52912397) auipc   t2, 0x52912
core   0: 3 0x80008b20 (0x52912397) x 7 0xd291ab20
core   0: 0x80008b24 (0xc3074797) auipc   a5, 0xc3074
core   0: 3 0x80008b24 (0xc3074797) x15 0x4307cb24
core   0: 0x80008b28 (0x003b5fb3) srl     t6, s6, gp
core   0: 3 0x80008b28 (0x003b5fb3) x31 0x00000001
core   0: 0x80008b2c (0x005acb33) xor     s6, s5, t0
core   0: 3 0x80008b2c (0x005acb33) x22 0xfdb012bb
core   0: 0x80008b30 (0x598fb597) auipc   a1, 0x598fb
core   0: 3 0x80008b30 (0x598fb597) x11 0xd9903b30
core   0: 0x80008b34 (0xeb6a7d93) andi    s11, s4, -330
core   0: 3 0x80008b34 (0xeb6a7d93) x27 0x00000000
core   0: 0x80008b38 (0x0000100f) fence.i
core   0: 3 0x80008b38 (0x0000100f)
core   0: 0x80008b3c (0x419e5393) srai    t2, t3, 25
core   0: 3 0x80008b3c (0x419e5393) x 7 0xfffffffe
core   0: 0x80008b40 (0x018f98b3) sll     a7, t6, s8
core   0: 3 0x80008b40 (0x018f98b3) x17 0x00000001
core   0: 0x80008b44 (0x0ff0000f) fence   iorw,iorw
core   0: 3 0x80008b44 (0x0ff0000f)
core   0: 0x80008b48 (0x0ff0000f) fence   iorw,iorw
core   0: 3 0x80008b48 (0x0ff0000f)
core   0: 0x80008b4c (0x0ff0000f) fence   iorw,iorw
core   0: 3 0x80008b4c (0x0ff0000f)
core   0: 0x80008b50 (0x01676db3) or      s11, a4, s6
core   0: 3 0x80008b50 (0x01676db3) x27 0xfdb012bb
core   0: 0x80008b54 (0x0142de93) srli    t4, t0, 20
core   0: 3 0x80008b54 (0x0142de93) x29 0x00000000
core   0: 0x80008b58 (0x418a50b3) sra     ra, s4, s8
core   0: 3 0x80008b58 (0x418a50b3) x 1 0x00000001
core   0: 0x80008b5c (0x01beda33) srl     s4, t4, s11
core   0: 3 0x80008b5c (0x01beda33) x20 0x00000000
core   0: 0x80008b60 (0x00c14a63) blt     sp, a2, pc + 20
core   0: 3 0x80008b60 (0x00c14a63)
core   0: 0x80008b64 (0x41fd56b3) sra     a3, s10, t6
core   0: 3 0x80008b64 (0x41fd56b3) x13 0x25e4095d
core   0: 0x80008b68 (0x0261fa63) bgeu    gp, t1, pc + 52
core   0: 3 0x80008b68 (0x0261fa63)
core   0: 0x80008b9c (0xbd61c0b7) lui     ra, 0xbd61c
core   0: 3 0x80008b9c (0xbd61c0b7) x 1 0xbd61c000
core   0: 0x80008ba0 (0x00a8ed33) or      s10, a7, a0
core   0: 3 0x80008ba0 (0x00a8ed33) x26 0x00000001
core   0: 0x80008ba4 (0x01ab0c33) add     s8, s6, s10
core   0: 3 0x80008ba4 (0x01ab0c33) x24 0xfdb012bc
core   0: 0x80008ba8 (0x41a1d193) srai    gp, gp, 26
core   0: 3 0x80008ba8 (0x41a1d193) x 3 0x00000000
core   0: 0x80008bac (0x406b8633) sub     a2, s7, t1
core   0: 3 0x80008bac (0x406b8633) x12 0x80027e64
core   0: 0x80008bb0 (0x2bb0fc93) andi    s9, ra, 699
core   0: 3 0x80008bb0 (0x2bb0fc93) x25 0x00000000
core   0: 0x80008bb4 (0x420f0837) lui     a6, 0x420f0
core   0: 3 0x80008bb4 (0x420f0837) x16 0x420f0000
core   0: 0x80008bb8 (0x00cf7a63) bgeu    t5, a2, pc + 20
core   0: 3 0x80008bb8 (0x00cf7a63)
core   0: 0x80008bcc (0x03f69e63) bne     a3, t6, pc + 60
core   0: 3 0x80008bcc (0x03f69e63)
core   0: 0x80008c08 (0x0392d463) bge     t0, s9, pc + 40
core   0: 3 0x80008c08 (0x0392d463)
core   0: 0x80008c30 (0xcc6aae13) slti    t3, s5, -826
core   0: 3 0x80008c30 (0xcc6aae13) x28 0x00000001
core   0: 0x80008c34 (0x004cdd13) srli    s10, s9, 4
core   0: 3 0x80008c34 (0x004cdd13) x26 0x00000000
core   0: 0x80008c38 (0x01527db3) and     s11, tp, s5
core   0: 3 0x80008c38 (0x01527db3) x27 0xfdb012bb
core   0: 0x80008c3c (0x40350f33) sub     t5, a0, gp
core   0: 3 0x80008c3c (0x40350f33) x30 0x00000000
core   0: 0x80008c40 (0x03d2e463) bltu    t0, t4, pc + 40
core   0: 3 0x80008c40 (0x03d2e463)
core   0: 0x80008c44 (0x41ca0433) sub     s0, s4, t3
core   0: 3 0x80008c44 (0x41ca0433) x 8 0xffffffff
core   0: 0x80008c48 (0x563ec897) auipc   a7, 0x563ec
core   0: 3 0x80008c48 (0x563ec897) x17 0xd63f4c48
core   0: 0x80008c4c (0xf818de97) auipc   t4, 0xf818d
core   0: 3 0x80008c4c (0xf818de97) x29 0x78195c4c
core   0: 0x80008c50 (0x01632533) slt     a0, t1, s6
core   0: 3 0x80008c50 (0x01632533) x10 0x00000000
core   0: 0x80008c54 (0x0088dd33) srl     s10, a7, s0
core   0: 3 0x80008c54 (0x0088dd33) x26 0x00000001
core   0: 0x80008c58 (0x4053d3b3) sra     t2, t2, t0
core   0: 3 0x80008c58 (0x4053d3b3) x 7 0xfffffffe
core   0: 0x80008c5c (0x021b6663) bltu    s6, ra, pc + 44
core   0: 3 0x80008c5c (0x021b6663)
core   0: 0x80008c60 (0x6709f993) andi    s3, s3, 1648
core   0: 3 0x80008c60 (0x6709f993) x19 0x00000000
core   0: 0x80008c64 (0xc7377793) andi    a5, a4, -909
core   0: 3 0x80008c64 (0xc7377793) x15 0x00000001
core   0: 0x80008c68 (0x40e15533) sra     a0, sp, a4
core   0: 3 0x80008c68 (0x40e15533) x10 0x00000000
core   0: 0x80008c6c (0x02d34263) blt     t1, a3, pc + 36
core   0: 3 0x80008c6c (0x02d34263)
core   0: 0x80008c90 (0xdbab6713) ori     a4, s6, -582
core   0: 3 0x80008c90 (0xdbab6713) x14 0xffffffbb
core   0: 0x80008c94 (0x00000013) nop
core   0: 3 0x80008c94 (0x00000013)
core   0: 0x80008c98 (0x41ab0a33) sub     s4, s6, s10
core   0: 3 0x80008c98 (0x41ab0a33) x20 0xfdb012ba
core   0: 0x80008c9c (0x01c09c13) slli    s8, ra, 28
core   0: 3 0x80008c9c (0x01c09c13) x24 0x00000000
core   0: 0x80008ca0 (0x00e6dfb3) srl     t6, a3, a4
core   0: 3 0x80008ca0 (0x00e6dfb3) x31 0x00000004
core   0: 0x80008ca4 (0x0ff0000f) fence   iorw,iorw
core   0: 3 0x80008ca4 (0x0ff0000f)
core   0: 0x80008ca8 (0x03abc863) blt     s7, s10, pc + 48
core   0: 3 0x80008ca8 (0x03abc863)
core   0: 0x80008cd8 (0x047de463) bltu    s11, t2, pc + 72
core   0: 3 0x80008cd8 (0x047de463)
core   0: 0x80008d20 (0x01c398b3) sll     a7, t2, t3
core   0: 3 0x80008d20 (0x01c398b3) x17 0xfffffffc
core   0: 0x80008d24 (0x01379663) bne     a5, s3, pc + 12
core   0: 3 0x80008d24 (0x01379663)
core   0: 0x80008d30 (0x8b317f93) andi    t6, sp, -1869
core   0: 3 0x80008d30 (0x8b317f93) x31 0x00000000
core   0: 0x80008d34 (0x404cd533) sra     a0, s9, tp
core   0: 3 0x80008d34 (0x404cd533) x10 0x00000000
core   0: 0x80008d38 (0x00e4d713) srli    a4, s1, 14
core   0: 3 0x80008d38 (0x00e4d713) x14 0x0002000a
core   0: 0x80008d3c (0x02681863) bne     a6, t1, pc + 48
core   0: 3 0x80008d3c (0x02681863)
core   0: 0x80008d6c (0x03eada63) bge     s5, t5, pc + 52
core   0: 3 0x80008d6c (0x03eada63)
core   0: 0x80008d70 (0x00308b33) add     s6, ra, gp
core   0: 3 0x80008d70 (0x00308b33) x22 0xbd61c000
core   0: 0x80008d74 (0x01a2f733) and     a4, t0, s10
core   0: 3 0x80008d74 (0x01a2f733) x14 0x00000000
core   0: 0x80008d78 (0x0109de63) bge     s3, a6, pc + 28
core   0: 3 0x80008d78 (0x0109de63)
core   0: 0x80008d7c (0x93213813) sltiu   a6, sp, -1742
core   0: 3 0x80008d7c (0x93213813) x16 0x00000001
core   0: 0x80008d80 (0x0054cfb3) xor     t6, s1, t0
core   0: 3 0x80008d80 (0x0054cfb3) x31 0x8002bce4
core   0: 0x80008d84 (0x014b63b3) or      t2, s6, s4
core   0: 3 0x80008d84 (0x014b63b3) x 7 0xfdf1d2ba
core   0: 0x80008d88 (0x01935d33) srl     s10, t1, s9
core   0: 3 0x80008d88 (0x01935d33) x26 0x00000000
core   0: 0x80008d8c (0xeeb07e93) andi    t4, zero, -277
core   0: 3 0x80008d8c (0xeeb07e93) x29 0x00000000
core   0: 0x80008d90 (0x01b5e863) bltu    a1, s11, pc + 16
core   0: 3 0x80008d90 (0x01b5e863)
core   0: 0x80008da0 (0x00000013) nop
core   0: 3 0x80008da0 (0x00000013)
core   0: 0x80008da4 (0x4060de93) srai    t4, ra, 6
core   0: 3 0x80008da4 (0x4060de93) x29 0xfef58700
core   0: 0x80008da8 (0x0345c463) blt     a1, s4, pc + 40
core   0: 3 0x80008da8 (0x0345c463)
core   0: 0x80008dd0 (0x0100beb3) sltu    t4, ra, a6
core   0: 3 0x80008dd0 (0x0100beb3) x29 0x00000000
core   0: 0x80008dd4 (0x00c039b3) snez    s3, a2
core   0: 3 0x80008dd4 (0x00c039b3) x19 0x00000001
core   0: 0x80008dd8 (0x0000100f) fence.i
core   0: 3 0x80008dd8 (0x0000100f)
core   0: 0x80008ddc (0x00e20a63) beq     tp, a4, pc + 20
core   0: 3 0x80008ddc (0x00e20a63)
core   0: 0x80008de0 (0x01d9dcb3) srl     s9, s3, t4
core   0: 3 0x80008de0 (0x01d9dcb3) x25 0x00000001
core   0: 0x80008de4 (0x01f9d8b3) srl     a7, s3, t6
core   0: 3 0x80008de4 (0x01f9d8b3) x17 0x00000000
core   0: 0x80008de8 (0x01519b33) sll     s6, gp, s5
core   0: 3 0x80008de8 (0x01519b33) x22 0x00000000
core   0: 0x80008dec (0x00000013) nop
core   0: 3 0x80008dec (0x00000013)
core   0: 0x80008df0 (0x92c9af13) slti    t5, s3, -1748
core   0: 3 0x80008df0 (0x92c9af13) x30 0x00000000
core   0: 0x80008df4 (0x01508a33) add     s4, ra, s5
core   0: 3 0x80008df4 (0x01508a33) x20 0xbb11d2bb
core   0: 0x80008df8 (0x01df46b3) xor     a3, t5, t4
core   0: 3 0x80008df8 (0x01df46b3) x13 0x00000000
core   0: 0x80008dfc (0x01992633) slt     a2, s2, s9
core   0: 3 0x80008dfc (0x01992633) x12 0x00000000
core   0: 0x80008e00 (0x017d1db3) sll     s11, s10, s7
core   0: 3 0x80008e00 (0x017d1db3) x27 0x00000000
core   0: 0x80008e04 (0x01a75993) srli    s3, a4, 26
core   0: 3 0x80008e04 (0x01a75993) x19 0x00000000
core   0: 0x80008e08 (0xdb40c593) xori    a1, ra, -588
core   0: 3 0x80008e08 (0xdb40c593) x11 0x429e3db4
core   0: 0x80008e0c (0x00e81313) slli    t1, a6, 14
core   0: 3 0x80008e0c (0x00e81313) x 6 0x00004000
core   0: 0x80008e10 (0xde415e97) auipc   t4, 0xde415
core   0: 3 0x80008e10 (0xde415e97) x29 0x5e41de10
core   0: 0x80008e14 (0x4a6a3393) sltiu   t2, s4, 1190
core   0: 3 0x80008e14 (0x4a6a3393) x 7 0x00000000
core   0: 0x80008e18 (0xff71b713) sltiu   a4, gp, -9
core   0: 3 0x80008e18 (0xff71b713) x14 0x00000001
core   0: 0x80008e1c (0x00a55333) srl     t1, a0, a0
core   0: 3 0x80008e1c (0x00a55333) x 6 0x00000000
core   0: 0x80008e20 (0x0220f663) bgeu    ra, sp, pc + 44
core   0: 3 0x80008e20 (0x0220f663)
core   0: 0x80008e4c (0x05865463) bge     a2, s8, pc + 72
core   0: 3 0x80008e4c (0x05865463)
core   0: 0x80008e94 (0x007c1b13) slli    s6, s8, 7
core   0: 3 0x80008e94 (0x007c1b13) x22 0x00000000
core   0: 0x80008e98 (0x00e40433) add     s0, s0, a4
core   0: 3 0x80008e98 (0x00e40433) x 8 0x00000000
core   0: 0x80008e9c (0x04d31463) bne     t1, a3, pc + 72
core   0: 3 0x80008e9c (0x04d31463)
core   0: 0x80008ea0 (0x0103b333) sltu    t1, t2, a6
core   0: 3 0x80008ea0 (0x0103b333) x 6 0x00000001
core   0: 0x80008ea4 (0x030afc63) bgeu    s5, a6, pc + 56
core   0: 3 0x80008ea4 (0x030afc63)
core   0: 0x80008edc (0x01153833) sltu    a6, a0, a7
core   0: 3 0x80008edc (0x01153833) x16 0x00000000
core   0: 0x80008ee0 (0xe341a193) slti    gp, gp, -460
core   0: 3 0x80008ee0 (0xe341a193) x 3 0x00000000
core   0: 0x80008ee4 (0x4118d133) sra     sp, a7, a7
core   0: 3 0x80008ee4 (0x4118d133) x 2 0x00000000
core   0: 0x80008ee8 (0x40345433) sra     s0, s0, gp
core   0: 3 0x80008ee8 (0x40345433) x 8 0x00000000
core   0: 0x80008eec (0x404a5c93) srai    s9, s4, 4
core   0: 3 0x80008eec (0x404a5c93) x25 0xfbb11d2b
core   0: 0x80008ef0 (0x0218d063) bge     a7, ra, pc + 32
core   0: 3 0x80008ef0 (0x0218d063)
core   0: 0x80008f10 (0x9f862117) auipc   sp, 0x9f862
core   0: 3 0x80008f10 (0x9f862117) x 2 0x1f86af10
core   0: 0x80008f14 (0x00da8eb3) add     t4, s5, a3
core   0: 3 0x80008f14 (0x00da8eb3) x29 0xfdb012bb
core   0: 0x80008f18 (0x0000100f) fence.i
core   0: 3 0x80008f18 (0x0000100f)
core   0: 0x80008f1c (0xc55c8e13) addi    t3, s9, -939
core   0: 3 0x80008f1c (0xc55c8e13) x28 0xfbb11980
core   0: 0x80008f20 (0x4bbe0193) addi    gp, t3, 1211
core   0: 3 0x80008f20 (0x4bbe0193) x 3 0xfbb11e3b
core   0: 0x80008f24 (0x002d3533) sltu    a0, s10, sp
core   0: 3 0x80008f24 (0x002d3533) x10 0x00000001
core   0: 0x80008f28 (0x014946b3) xor     a3, s2, s4
core   0: 3 0x80008f28 (0x014946b3) x13 0xbb11d24a
core   0: 0x80008f2c (0x00f51c63) bne     a0, a5, pc + 24
core   0: 3 0x80008f2c (0x00f51c63)
core   0: 0x80008f30 (0x007c78b3) and     a7, s8, t2
core   0: 3 0x80008f30 (0x007c78b3) x17 0x00000000
core   0: 0x80008f34 (0xb9b83793) sltiu   a5, a6, -1125
core   0: 3 0x80008f34 (0xb9b83793) x15 0x00000001
core   0: 0x80008f38 (0x6d27bc13) sltiu   s8, a5, 1746
core   0: 3 0x80008f38 (0x6d27bc13) x24 0x00000001
core   0: 0x80008f3c (0x00dd0663) beq     s10, a3, pc + 12
core   0: 3 0x80008f3c (0x00dd0663)
core   0: 0x80008f40 (0x4092d6b3) sra     a3, t0, s1
core   0: 3 0x80008f40 (0x4092d6b3) x13 0x00000000
core   0: 0x80008f44 (0x4048d193) srai    gp, a7, 4
core   0: 3 0x80008f44 (0x4048d193) x 3 0x00000000
core   0: 0x80008f48 (0x72613793) sltiu   a5, sp, 1830
core   0: 3 0x80008f48 (0x72613793) x15 0x00000000
core   0: 0x80008f4c (0xdcb148b7) lui     a7, 0xdcb14
core   0: 3 0x80008f4c (0xdcb148b7) x17 0xdcb14000
core   0: 0x80008f50 (0x01699233) sll     tp, s3, s6
core   0: 3 0x80008f50 (0x01699233) x 4 0x00000000
core   0: 0x80008f54 (0x00105d33) srl     s10, zero, ra
core   0: 3 0x80008f54 (0x00105d33) x26 0x00000000
core   0: 0x80008f58 (0x021be863) bltu    s7, ra, pc + 48
core   0: 3 0x80008f58 (0x021be863)
core   0: 0x80008f88 (0xad164c93) xori    s9, a2, -1327
core   0: 3 0x80008f88 (0xad164c93) x25 0xfffffad1
core   0: 0x80008f8c (0x001d6263) bltu    s10, ra, pc + 4
core   0: 3 0x80008f8c (0x001d6263)
core   0: 0x80008f90 (0x41a0d333) sra     t1, ra, s10
core   0: 3 0x80008f90 (0x41a0d333) x 6 0xbd61c000
core   0: 0x80008f94 (0x0000100f) fence.i
core   0: 3 0x80008f94 (0x0000100f)
core   0: 0x80008f98 (0x008bb133) sltu    sp, s7, s0
core   0: 3 0x80008f98 (0x008bb133) x 2 0x00000000
core   0: 0x80008f9c (0x01b9e263) bltu    s3, s11, pc + 4
core   0: 3 0x80008f9c (0x01b9e263)
core   0: 0x80008fa0 (0x5b6add17) auipc   s10, 0x5b6ad
core   0: 3 0x80008fa0 (0x5b6add17) x26 0xdb6b5fa0
core   0: 0x80008fa4 (0x002f0663) beq     t5, sp, pc + 12
core   0: 3 0x80008fa4 (0x002f0663)
core   0: 0x80008fb0 (0x01339113) slli    sp, t2, 19
core   0: 3 0x80008fb0 (0x01339113) x 2 0x00000000
core   0: 0x80008fb4 (0x0f620d13) addi    s10, tp, 246
core   0: 3 0x80008fb4 (0x0f620d13) x26 0x000000f6
core   0: 0x80008fb8 (0x01ff9993) slli    s3, t6, 31
core   0: 3 0x80008fb8 (0x01ff9993) x19 0x00000000
core   0: 0x80008fbc (0x0021e6b3) or      a3, gp, sp
core   0: 3 0x80008fbc (0x0021e6b3) x13 0x00000000
core   0: 0x80008fc0 (0x00eb1793) slli    a5, s6, 14
core   0: 3 0x80008fc0 (0x00eb1793) x15 0x00000000
core   0: 0x80008fc4 (0x4089d813) srai    a6, s3, 8
core   0: 3 0x80008fc4 (0x4089d813) x16 0x00000000
core   0: 0x80008fc8 (0x7fdcbf93) sltiu   t6, s9, 2045
core   0: 3 0x80008fc8 (0x7fdcbf93) x31 0x00000000
core   0: 0x80008fcc (0xa528f013) andi    zero, a7, -1454
core   0: 3 0x80008fcc (0xa528f013)
core   0: 0x80008fd0 (0x01136633) or      a2, t1, a7
core   0: 3 0x80008fd0 (0x01136633) x12 0xfdf1c000
core   0: 0x80008fd4 (0x5a1a6293) ori     t0, s4, 1441
core   0: 3 0x80008fd4 (0x5a1a6293) x 5 0xbb11d7bb
core   0: 0x80008fd8 (0x048007ef) jal     a5, pc + 0x48
core   0: 3 0x80008fd8 (0x048007ef) x15 0x80008fdc
core   0: 0x80009020 (0x0180076f) jal     a4, pc + 0x18
core   0: 3 0x80009020 (0x0180076f) x14 0x80009024
core   0: 0x80009038 (0xffdff7ef) jal     a5, pc - 0x4
core   0: 3 0x80009038 (0xffdff7ef) x15 0x8000903c
core   0: 0x80009034 (0xfc9ff0ef) jal     pc - 0x38
core   0: 3 0x80009034 (0xfc9ff0ef) x 1 0x80009038
core   0: 0x80008ffc (0xff1ff0ef) jal     pc - 0x10
core   0: 3 0x80008ffc (0xff1ff0ef) x 1 0x80009000
core   0: 0x80008fec (0xff9ff0ef) jal     pc - 0x8
core   0: 3 0x80008fec (0xff9ff0ef) x 1 0x80008ff0
core   0: 0x80008fe4 (0x034006ef) jal     a3, pc + 0x34
core   0: 3 0x80008fe4 (0x034006ef) x13 0x80008fe8
core   0: 0x80009018 (0xff1ff0ef) jal     pc - 0x10
core   0: 3 0x80009018 (0xff1ff0ef) x 1 0x8000901c
core   0: 0x80009008 (0x01c000ef) jal     pc + 0x1c
core   0: 3 0x80009008 (0x01c000ef) x 1 0x8000900c
core   0: 0x80009024 (0xff1ff0ef) jal     pc - 0x10
core   0: 3 0x80009024 (0xff1ff0ef) x 1 0x80009028
core   0: 0x80009014 (0x0080036f) jal     t1, pc + 0x8
core   0: 3 0x80009014 (0x0080036f) x 6 0x80009018
core   0: 0x8000901c (0xfc5ff0ef) jal     pc - 0x3c
core   0: 3 0x8000901c (0xfc5ff0ef) x 1 0x80009020
core   0: 0x80008fe0 (0x04c000ef) jal     pc + 0x4c
core   0: 3 0x80008fe0 (0x04c000ef) x 1 0x80008fe4
core   0: 0x8000902c (0xfe5ff8ef) jal     a7, pc - 0x1c
core   0: 3 0x8000902c (0xfe5ff8ef) x17 0x80009030
core   0: 0x80009010 (0xfcdff0ef) jal     pc - 0x34
core   0: 3 0x80009010 (0xfcdff0ef) x 1 0x80009014
core   0: 0x80008fdc (0x01c000ef) jal     pc + 0x1c
core   0: 3 0x80008fdc (0x01c000ef) x 1 0x80008fe0
core   0: 0x80008ff8 (0x0300086f) jal     a6, pc + 0x30
core   0: 3 0x80008ff8 (0x0300086f) x16 0x80008ffc
core   0: 0x80009028 (0xfc1ff0ef) jal     pc - 0x40
core   0: 3 0x80009028 (0xfc1ff0ef) x 1 0x8000902c
core   0: 0x80008fe8 (0x0240036f) jal     t1, pc + 0x24
core   0: 3 0x80008fe8 (0x0240036f) x 6 0x80008fec
core   0: 0x8000900c (0xff9ff0ef) jal     pc - 0x8
core   0: 3 0x8000900c (0xff9ff0ef) x 1 0x80009010
core   0: 0x80009004 (0xffdff1ef) jal     gp, pc - 0x4
core   0: 3 0x80009004 (0xffdff1ef) x 3 0x80009008
core   0: 0x80009000 (0xff5ff0ef) jal     pc - 0xc
core   0: 3 0x80009000 (0xff5ff0ef) x 1 0x80009004
core   0: 0x80008ff4 (0x03c000ef) jal     pc + 0x3c
core   0: 3 0x80008ff4 (0x03c000ef) x 1 0x80008ff8
core   0: 0x80009030 (0xfc1ff96f) jal     s2, pc - 0x40
core   0: 3 0x80009030 (0xfc1ff96f) x18 0x80009034
core   0: 0x80008ff0 (0x04c000ef) jal     pc + 0x4c
core   0: 3 0x80008ff0 (0x04c000ef) x 1 0x80008ff4
core   0: 0x8000903c (0x7e514e13) xori    t3, sp, 2021
core   0: 3 0x8000903c (0x7e514e13) x28 0x000007e5
core   0: 0x80009040 (0x02fe6863) bltu    t3, a5, pc + 48
core   0: 3 0x80009040 (0x02fe6863)
core   0: 0x80009070 (0x006c7c33) and     s8, s8, t1
core   0: 3 0x80009070 (0x006c7c33) x24 0x00000000
core   0: 0x80009074 (0x1edd8f93) addi    t6, s11, 493
core   0: 3 0x80009074 (0x1edd8f93) x31 0x000001ed
core   0: 0x80009078 (0x0ce1e3b7) lui     t2, 0xce1e
core   0: 3 0x80009078 (0x0ce1e3b7) x 7 0x0ce1e000
core   0: 0x8000907c (0x786d6c93) ori     s9, s10, 1926
core   0: 3 0x8000907c (0x786d6c93) x25 0x000007f6
core   0: 0x80009080 (0x01ec4393) xori    t2, s8, 30
core   0: 3 0x80009080 (0x01ec4393) x 7 0x0000001e
core   0: 0x80009084 (0x025f4463) blt     t5, t0, pc + 40
core   0: 3 0x80009084 (0x025f4463)
core   0: 0x80009088 (0x01531a13) slli    s4, t1, 21
core   0: 3 0x80009088 (0x01531a13) x20 0xfd800000
core   0: 0x8000908c (0x0bf2eb13) ori     s6, t0, 191
core   0: 3 0x8000908c (0x0bf2eb13) x22 0xbb11d7bf
core   0: 0x80009090 (0x40ab06b3) sub     a3, s6, a0
core   0: 3 0x80009090 (0x40ab06b3) x13 0xbb11d7be
core   0: 0x80009094 (0x00b9de63) bge     s3, a1, pc + 28
core   0: 3 0x80009094 (0x00b9de63)
core   0: 0x80009098 (0x4121d213) srai    tp, gp, 18
core   0: 3 0x80009098 (0x4121d213) x 4 0xffffe000
core   0: 0x8000909c (0x4131d333) sra     t1, gp, s3
core   0: 3 0x8000909c (0x4131d333) x 6 0x80009008
core   0: 0x800090a0 (0x02a77463) bgeu    a4, a0, pc + 40
core   0: 3 0x800090a0 (0x02a77463)
core   0: 0x800090c8 (0x40080e33) sub     t3, a6, zero
core   0: 3 0x800090c8 (0x40080e33) x28 0x80008ffc
core   0: 0x800090cc (0x41b15913) srai    s2, sp, 27
core   0: 3 0x800090cc (0x41b15913) x18 0x00000000
core   0: 0x800090d0 (0x41c25293) srai    t0, tp, 28
core   0: 3 0x800090d0 (0x41c25293) x 5 0xffffffff
core   0: 0x800090d4 (0x0ff0000f) fence   iorw,iorw
core   0: 3 0x800090d4 (0x0ff0000f)
core   0: 0x800090d8 (0x01c6f2b3) and     t0, a3, t3
core   0: 3 0x800090d8 (0x01c6f2b3) x 5 0x800087bc
core   0: 0x800090dc (0x979fb617) auipc   a2, 0x979fb
core   0: 3 0x800090dc (0x979fb617) x12 0x17a040dc
core   0: 0x800090e0 (0x20c8c393) xori    t2, a7, 524
core   0: 3 0x800090e0 (0x20c8c393) x 7 0x8000923c
core   0: 0x800090e4 (0x0000100f) fence.i
core   0: 3 0x800090e4 (0x0000100f)
core   0: 0x800090e8 (0xec1a7093) andi    ra, s4, -319
core   0: 3 0x800090e8 (0xec1a7093) x 1 0xfd800000
core   0: 0x800090ec (0x415f88b3) sub     a7, t6, s5
core   0: 3 0x800090ec (0x415f88b3) x17 0x024fef32
core   0: 0x800090f0 (0x0ff0000f) fence   iorw,iorw
core   0: 3 0x800090f0 (0x0ff0000f)
core   0: 0x800090f4 (0x019a5933) srl     s2, s4, s9
core   0: 3 0x800090f4 (0x019a5933) x18 0x000003f6
core   0: 0x800090f8 (0x4491ed13) ori     s10, gp, 1097
core   0: 3 0x800090f8 (0x4491ed13) x26 0x80009449
core   0: 0x800090fc (0x5747a337) lui     t1, 0x5747a
core   0: 3 0x800090fc (0x5747a337) x 6 0x5747a000
core   0: 0x80009100 (0x03c66c63) bltu    a2, t3, pc + 56
core   0: 3 0x80009100 (0x03c66c63)
core   0: 0x80009138 (0x034e0863) beq     t3, s4, pc + 48
core   0: 3 0x80009138 (0x034e0863)
core   0: 0x8000913c (0x00a21663) bne     tp, a0, pc + 12
core   0: 3 0x8000913c (0x00a21663)
core   0: 0x80009148 (0x01e69d33) sll     s10, a3, t5
core   0: 3 0x80009148 (0x01e69d33) x26 0xbb11d7be
core   0: 0x8000914c (0x00d19133) sll     sp, gp, a3
core   0: 3 0x8000914c (0x00d19133) x 2 0x00000000
core   0: 0x80009150 (0x406709b3) sub     s3, a4, t1
core   0: 3 0x80009150 (0x406709b3) x19 0x28b8f024
core   0: 0x80009154 (0x013a53b3) srl     t2, s4, s3
core   0: 3 0x80009154 (0x013a53b3) x 7 0x0fd80000
core   0: 0x80009158 (0x03f29063) bne     t0, t6, pc + 32
core   0: 3 0x80009158 (0x03f29063)
core   0: 0x80009178 (0x014122b3) slt     t0, sp, s4
core   0: 3 0x80009178 (0x014122b3) x 5 0x00000000
core   0: 0x8000917c (0x01fda6b3) slt     a3, s11, t6
core   0: 3 0x8000917c (0x01fda6b3) x13 0x00000001
core   0: 0x80009180 (0xcbc276b7) lui     a3, 0xcbc27
core   0: 3 0x80009180 (0xcbc276b7) x13 0xcbc27000
core   0: 0x80009184 (0x01d8c033) xor     zero, a7, t4
core   0: 3 0x80009184 (0x01d8c033)
core   0: 0x80009188 (0x00767c63) bgeu    a2, t2, pc + 24
core   0: 3 0x80009188 (0x00767c63)
core   0: 0x800091a0 (0x27384093) xori    ra, a6, 627
core   0: 3 0x800091a0 (0x27384093) x 1 0x80008d8f
core   0: 0x800091a4 (0x419c5713) srai    a4, s8, 25
core   0: 3 0x800091a4 (0x419c5713) x14 0x00000000
core   0: 0x800091a8 (0x0113bfb3) sltu    t6, t2, a7
core   0: 3 0x800091a8 (0x0113bfb3) x31 0x00000000
core   0: 0x800091ac (0x022c1263) bne     s8, sp, pc + 36
core   0: 3 0x800091ac (0x022c1263)
core   0: 0x800091b0 (0xe50ea8b7) lui     a7, 0xe50ea
core   0: 3 0x800091b0 (0xe50ea8b7) x17 0xe50ea000
core   0: 0x800091b4 (0xdf3c3a13) sltiu   s4, s8, -525
core   0: 3 0x800091b4 (0xdf3c3a13) x20 0x00000001
core   0: 0x800091b8 (0xf4883393) sltiu   t2, a6, -184
core   0: 3 0x800091b8 (0xf4883393) x 7 0x00000001
core   0: 0x800091bc (0x01493fb3) sltu    t6, s2, s4
core   0: 3 0x800091bc (0x01493fb3) x31 0x00000000
core   0: 0x800091c0 (0x822ce393) ori     t2, s9, -2014
core   0: 3 0x800091c0 (0x822ce393) x 7 0xfffffff6
core   0: 0x800091c4 (0x0006b9b3) sltu    s3, a3, zero
core   0: 3 0x800091c4 (0x0006b9b3) x19 0x00000000
core   0: 0x800091c8 (0x007319b3) sll     s3, t1, t2
core   0: 3 0x800091c8 (0x007319b3) x19 0x00000000
core   0: 0x800091cc (0x00935893) srli    a7, t1, 9
core   0: 3 0x800091cc (0x00935893) x17 0x002ba3d0
core   0: 0x800091d0 (0x021ffc63) bgeu    t6, ra, pc + 56
core   0: 3 0x800091d0 (0x021ffc63)
core   0: 0x800091d4 (0x01c33333) sltu    t1, t1, t3
core   0: 3 0x800091d4 (0x01c33333) x 6 0x00000001
core   0: 0x800091d8 (0x00059c33) sll     s8, a1, zero
core   0: 3 0x800091d8 (0x00059c33) x24 0x429e3db4
core   0: 0x800091dc (0x64cb7597) auipc   a1, 0x64cb7
core   0: 3 0x800091dc (0x64cb7597) x11 0xe4cc01dc
core   0: 0x800091e0 (0x90e4ed93) ori     s11, s1, -1778
core   0: 3 0x800091e0 (0x90e4ed93) x27 0xfffffdee
core   0: 0x800091e4 (0x00b96f33) or      t5, s2, a1
core   0: 3 0x800091e4 (0x00b96f33) x30 0xe4cc03fe
core   0: 0x800091e8 (0x003838b3) sltu    a7, a6, gp
core   0: 3 0x800091e8 (0x003838b3) x17 0x00000001
core   0: 0x800091ec (0x022f9e63) bne     t6, sp, pc + 60
core   0: 3 0x800091ec (0x022f9e63)
core   0: 0x800091f0 (0x008780b3) add     ra, a5, s0
core   0: 3 0x800091f0 (0x008780b3) x 1 0x8000903c
core   0: 0x800091f4 (0x00b75663) bge     a4, a1, pc + 12
core   0: 3 0x800091f4 (0x00b75663)
core   0: 0x80009200 (0x017ebeb3) sltu    t4, t4, s7
core   0: 3 0x80009200 (0x017ebeb3) x29 0x00000000
core   0: 0x80009204 (0x00030b33) add     s6, t1, zero
core   0: 3 0x80009204 (0x00030b33) x22 0x00000001
core   0: 0x80009208 (0x5d9b0593) addi    a1, s6, 1497
core   0: 3 0x80009208 (0x5d9b0593) x11 0x000005da
core   0: 0x8000920c (0x0000100f) fence.i
core   0: 3 0x8000920c (0x0000100f)
core   0: 0x80009210 (0x01b01f13) slli    t5, zero, 27
core   0: 3 0x80009210 (0x01b01f13) x30 0x00000000
core   0: 0x80009214 (0x01b56433) or      s0, a0, s11
core   0: 3 0x80009214 (0x01b56433) x 8 0xfffffdef
core   0: 0x80009218 (0xb186bd13) sltiu   s10, a3, -1256
core   0: 3 0x80009218 (0xb186bd13) x26 0x00000001
core   0: 0x8000921c (0x018fa3b3) slt     t2, t6, s8
core   0: 3 0x8000921c (0x018fa3b3) x 7 0x00000001
core   0: 0x80009220 (0x0147b733) sltu    a4, a5, s4
core   0: 3 0x80009220 (0x0147b733) x14 0x00000000
core   0: 0x80009224 (0x04c97463) bgeu    s2, a2, pc + 72
core   0: 3 0x80009224 (0x04c97463)
core   0: 0x80009228 (0x00f43533) sltu    a0, s0, a5
core   0: 3 0x80009228 (0x00f43533) x10 0x00000000
core   0: 0x8000922c (0x04958463) beq     a1, s1, pc + 72
core   0: 3 0x8000922c (0x04958463)
core   0: 0x80009230 (0x40d0d733) sra     a4, ra, a3
core   0: 3 0x80009230 (0x40d0d733) x14 0x8000903c
core   0: 0x80009234 (0x8ae9fa17) auipc   s4, 0x8ae9f
core   0: 3 0x80009234 (0x8ae9fa17) x20 0x0aea8234
core   0: 0x80009238 (0x0301d263) bge     gp, a6, pc + 36
core   0: 3 0x80009238 (0x0301d263)
core   0: 0x8000925c (0x3359f593) andi    a1, s3, 821
core   0: 3 0x8000925c (0x3359f593) x11 0x00000000
core   0: 0x80009260 (0x064b7663) bgeu    s6, tp, pc + 108
core   0: 3 0x80009260 (0x064b7663)
core   0: 0x80009264 (0x40125a13) srai    s4, tp, 1
core   0: 3 0x80009264 (0x40125a13) x20 0xfffff000
core   0: 0x80009268 (0xf1763813) sltiu   a6, a2, -233
core   0: 3 0x80009268 (0xf1763813) x16 0x00000001
core   0: 0x8000926c (0x01d91013) slli    zero, s2, 29
core   0: 3 0x8000926c (0x01d91013)
core   0: 0x80009270 (0x01196133) or      sp, s2, a7
core   0: 3 0x80009270 (0x01196133) x 2 0x000003f7
core   0: 0x80009274 (0x0630ca63) blt     ra, gp, pc + 116
core   0: 3 0x80009274 (0x0630ca63)
core   0: 0x80009278 (0x06be5463) bge     t3, a1, pc + 104
core   0: 3 0x80009278 (0x06be5463)
core   0: 0x8000927c (0x00000013) nop
core   0: 3 0x8000927c (0x00000013)
core   0: 0x80009280 (0x0ff0000f) fence   iorw,iorw
core   0: 3 0x80009280 (0x0ff0000f)
core   0: 0x80009284 (0x7d45f993) andi    s3, a1, 2004
core   0: 3 0x80009284 (0x7d45f993) x19 0x00000000
core   0: 0x80009288 (0x01a4a8b3) slt     a7, s1, s10
core   0: 3 0x80009288 (0x01a4a8b3) x17 0x00000001
core   0: 0x8000928c (0x400fdc93) srai    s9, t6, 0
core   0: 3 0x8000928c (0x400fdc93) x25 0x00000000
core   0: 0x80009290 (0x01c64f33) xor     t5, a2, t3
core   0: 3 0x80009290 (0x01c64f33) x30 0x97a0cf20
core   0: 0x80009294 (0x00439313) slli    t1, t2, 4
core   0: 3 0x80009294 (0x00439313) x 6 0x00000010
core   0: 0x80009298 (0x3678f013) andi    zero, a7, 871
core   0: 3 0x80009298 (0x3678f013)
core   0: 0x8000929c (0x00abbcb3) sltu    s9, s7, a0
core   0: 3 0x8000929c (0x00abbcb3) x25 0x00000000
core   0: 0x800092a0 (0x3dea68b7) lui     a7, 0x3dea6
core   0: 3 0x800092a0 (0x3dea68b7) x17 0x3dea6000
core   0: 0x800092a4 (0x0000100f) fence.i
core   0: 3 0x800092a4 (0x0000100f)
core   0: 0x800092a8 (0x00006797) auipc   a5, 0x6
core   0: 3 0x800092a8 (0x00006797) x15 0x8000f2a8
core   0: 0x800092ac (0x54078793) addi    a5, a5, 1344
core   0: 3 0x800092ac (0x54078793) x15 0x8000f7e8
core   0: 0x800092b0 (0x67ef8c13) addi    s8, t6, 1662
core   0: 3 0x800092b0 (0x67ef8c13) x24 0x0000067e
core   0: 0x800092b4 (0xde878793) addi    a5, a5, -536
core   0: 3 0x800092b4 (0xde878793) x15 0x8000f5d0
core   0: 0x800092b8 (0x0eed4c93) xori    s9, s10, 238
core   0: 3 0x800092b8 (0x0eed4c93) x25 0x000000ef
core   0: 0x800092bc (0x219787e7) jalr    a5, a5, 537
core   0: 3 0x800092bc (0x219787e7) x15 0x800092c0
core   0: 0x8000f7e8 (0x005cd463) bge     s9, t0, pc + 8
core   0: 3 0x8000f7e8 (0x005cd463)
core   0: 0x8000f7f0 (0xfd4b8b93) addi    s7, s7, -44
core   0: 3 0x8000f7f0 (0xfd4b8b93) x23 0x80027e38
core   0: 0x8000f7f4 (0x00fba223) sw      a5, 4(s7)
core   0: 3 0x8000f7f4 (0x00fba223) mem 0x80027e3c 0x800092c0
core   0: 0x8000f7f8 (0x0013b633) sltu    a2, t2, ra
core   0: 3 0x8000f7f8 (0x0013b633) x12 0x00000001
core   0: 0x8000f7fc (0x01072db3) slt     s11, a4, a6
core   0: 3 0x8000f7fc (0x01072db3) x27 0x00000001
core   0: 0x8000f800 (0x00003397) auipc   t2, 0x3
core   0: 3 0x8000f800 (0x00003397) x 7 0x80012800
core   0: 0x8000f804 (0x7d738393) addi    t2, t2, 2007
core   0: 3 0x8000f804 (0x7d738393) x 7 0x80012fd7
core   0: 0x8000f808 (0x019a3a33) sltu    s4, s4, s9
core   0: 3 0x8000f808 (0x019a3a33) x20 0x00000000
core   0: 0x8000f80c (0x001b3a33) sltu    s4, s6, ra
core   0: 3 0x8000f80c (0x001b3a33) x20 0x00000001
core   0: 0x8000f810 (0xffa38083) lb      ra, -6(t2)
core   0: 3 0x8000f810 (0xffa38083) x 1 0x00000000 mem 0x80012fd1
core   0: 0x8000f814 (0xa0f7bb37) lui     s6, 0xa0f7b
core   0: 3 0x8000f814 (0xa0f7bb37) x22 0xa0f7b000
core   0: 0x8000f818 (0x019508b3) add     a7, a0, s9
core   0: 3 0x8000f818 (0x019508b3) x17 0x000000ef
core   0: 0x8000f81c (0xfe338c83) lb      s9, -29(t2)
core   0: 3 0x8000f81c (0xfe338c83) x25 0x00000000 mem 0x80012fba
core   0: 0x8000f820 (0x0010a533) slt     a0, ra, ra
core   0: 3 0x8000f820 (0x0010a533) x10 0x00000000
core   0: 0x8000f824 (0x0193aaa3) sw      s9, 21(t2)
core   0: 3 0x8000f824 (0x0193aaa3) mem 0x80012fec 0x00000000
core   0: 0x8000f828 (0x01157a33) and     s4, a0, a7
core   0: 3 0x8000f828 (0x01157a33) x20 0x00000000
core   0: 0x8000f82c (0x0060dc93) srli    s9, ra, 6
core   0: 3 0x8000f82c (0x0060dc93) x25 0x00000000
core   0: 0x8000f830 (0x01650b33) add     s6, a0, s6
core   0: 3 0x8000f830 (0x01650b33) x22 0xa0f7b000
core   0: 0x8000f834 (0x00000013) nop
core   0: 3 0x8000f834 (0x00000013)
core   0: 0x8000f838 (0xfca38523) sb      a0, -54(t2)
core   0: 3 0x8000f838 (0xfca38523) mem 0x80012fa1 0x0
core   0: 0x8000f83c (0x00aa2b33) slt     s6, s4, a0
core   0: 3 0x8000f83c (0x00aa2b33) x22 0x00000000
core   0: 0x8000f840 (0x01f3da03) lhu     s4, 31(t2)
core   0: 3 0x8000f840 (0x01f3da03) x20 0x00000000 mem 0x80012ff6
core   0: 0x8000f844 (0x41e8d513) srai    a0, a7, 30
core   0: 3 0x8000f844 (0x41e8d513) x10 0x00000000
core   0: 0x8000f848 (0xfc43cb03) lbu     s6, -60(t2)
core   0: 3 0x8000f848 (0xfc43cb03) x22 0x00000000 mem 0x80012f9b
core   0: 0x8000f84c (0xff63a8a3) sw      s6, -15(t2)
core   0: 3 0x8000f84c (0xff63a8a3) mem 0x80012fc8 0x00000000
core   0: 0x8000f850 (0xeeb0eb13) ori     s6, ra, -277
core   0: 3 0x8000f850 (0xeeb0eb13) x22 0xfffffeeb
core   0: 0x8000f854 (0x02a38fa3) sb      a0, 63(t2)
core   0: 3 0x8000f854 (0x02a38fa3) mem 0x80013016 0x0
core   0: 0x8000f858 (0x00a56533) or      a0, a0, a0
core   0: 3 0x8000f858 (0x00a56533) x10 0x00000000
core   0: 0x8000f85c (0xff6383a3) sb      s6, -25(t2)
core   0: 3 0x8000f85c (0xff6383a3) mem 0x80012fbe 0xeb
core   0: 0x8000f860 (0xfd4381a3) sb      s4, -61(t2)
core   0: 3 0x8000f860 (0xfd4381a3) mem 0x80012f9a 0x0
core   0: 0x8000f864 (0x00000013) nop
core   0: 3 0x8000f864 (0x00000013)
core   0: 0x8000f868 (0x011c9a33) sll     s4, s9, a7
core   0: 3 0x8000f868 (0x011c9a33) x20 0x00000000
core   0: 0x8000f86c (0xfe33db03) lhu     s6, -29(t2)
core   0: 3 0x8000f86c (0xfe33db03) x22 0x00000000 mem 0x80012fba
core   0: 0x8000f870 (0x0110b0b3) sltu    ra, ra, a7
core   0: 3 0x8000f870 (0x0110b0b3) x 1 0x00000001
core   0: 0x8000f874 (0xfdc3cb03) lbu     s6, -36(t2)
core   0: 3 0x8000f874 (0xfdc3cb03) x22 0x00000000 mem 0x80012fb3
core   0: 0x8000f878 (0xfd238a03) lb      s4, -46(t2)
core   0: 3 0x8000f878 (0xfd238a03) x20 0xffffffbc mem 0x80012fa9
core   0: 0x8000f87c (0x0000a117) auipc   sp, 0xa
core   0: 3 0x8000f87c (0x0000a117) x 2 0x8001987c
core   0: 0x8000f880 (0x42010113) addi    sp, sp, 1056
core   0: 3 0x8000f880 (0x42010113) x 2 0x80019c9c
core   0: 0x8000f884 (0x61b11a23) sh      s11, 1556(sp)
core   0: 3 0x8000f884 (0x61b11a23) mem 0x8001a2b0 0x0001
core   0: 0x8000f888 (0x01962333) slt     t1, a2, s9
core   0: 3 0x8000f888 (0x01962333) x 6 0x00000000
core   0: 0x8000f88c (0xbb62f993) andi    s3, t0, -1098
core   0: 3 0x8000f88c (0xbb62f993) x19 0x00000000
core   0: 0x8000f890 (0x00000013) nop
core   0: 3 0x8000f890 (0x00000013)
core   0: 0x8000f894 (0x37411703) lh      a4, 884(sp)
core   0: 3 0x8000f894 (0x37411703) x14 0x00000000 mem 0x8001a010
core   0: 0x8000f898 (0x0000100f) fence.i
core   0: 3 0x8000f898 (0x0000100f)
core   0: 0x8000f89c (0xd5f97e13) andi    t3, s2, -673
core   0: 3 0x8000f89c (0xd5f97e13) x28 0x00000156
core   0: 0x8000f8a0 (0x0eef7293) andi    t0, t5, 238
core   0: 3 0x8000f8a0 (0x0eef7293) x 5 0x00000020
core   0: 0x8000f8a4 (0x1e56ec93) ori     s9, a3, 485
core   0: 3 0x8000f8a4 (0x1e56ec93) x25 0xcbc271e5
core   0: 0x8000f8a8 (0x857100a3) sb      s7, -1983(sp)
core   0: 3 0x8000f8a8 (0x857100a3) mem 0x800194dd 0x38
core   0: 0x8000f8ac (0x41b0d993) srai    s3, ra, 27
core   0: 3 0x8000f8ac (0x41b0d993) x19 0x00000000
core   0: 0x8000f8b0 (0xe2614f03) lbu     t5, -474(sp)
core   0: 3 0x8000f8b0 (0xe2614f03) x30 0x00000000 mem 0x80019ac2
core   0: 0x8000f8b4 (0xb3110d23) sb      a7, -1222(sp)
core   0: 3 0x8000f8b4 (0xb3110d23) mem 0x800197d6 0xef
core   0: 0x8000f8b8 (0x0067a633) slt     a2, a5, t1
core   0: 3 0x8000f8b8 (0x0067a633) x12 0x00000001
core   0: 0x8000f8bc (0x40578cb3) sub     s9, a5, t0
core   0: 3 0x8000f8bc (0x40578cb3) x25 0x800092a0
core   0: 0x8000f8c0 (0x00998833) add     a6, s3, s1
core   0: 3 0x8000f8c0 (0x00998833) x16 0x8002bce4
core   0: 0x8000f8c4 (0x0160fd33) and     s10, ra, s6
core   0: 3 0x8000f8c4 (0x0160fd33) x26 0x00000000
core   0: 0x8000f8c8 (0x00000013) nop
core   0: 3 0x8000f8c8 (0x00000013)
core   0: 0x8000f8cc (0xa69109a3) sb      s1, -1421(sp)
core   0: 3 0x8000f8cc (0xa69109a3) mem 0x8001970f 0xe4
core   0: 0x8000f8d0 (0x01b961b3) or      gp, s2, s11
core   0: 3 0x8000f8d0 (0x01b961b3) x 3 0x000003f7
core   0: 0x8000f8d4 (0x73611f03) lh      t5, 1846(sp)
core   0: 3 0x8000f8d4 (0x73611f03) x30 0x00000000 mem 0x8001a3d2
core   0: 0x8000f8d8 (0x00c543b3) xor     t2, a0, a2
core   0: 3 0x8000f8d8 (0x00c543b3) x 7 0x00000001
core   0: 0x8000f8dc (0x67814683) lbu     a3, 1656(sp)
core   0: 3 0x8000f8dc (0x67814683) x13 0x00000000 mem 0x8001a314
core   0: 0x8000f8e0 (0x002bb9b3) sltu    s3, s7, sp
core   0: 3 0x8000f8e0 (0x002bb9b3) x19 0x00000000
core   0: 0x8000f8e4 (0x00156eb3) or      t4, a0, ra
core   0: 3 0x8000f8e4 (0x00156eb3) x29 0x00000001
core   0: 0x8000f8e8 (0x22e11823) sh      a4, 560(sp)
core   0: 3 0x8000f8e8 (0x22e11823) mem 0x80019ecc 0x0000
core   0: 0x8000f8ec (0x08d14203) lbu     tp, 141(sp)
core   0: 3 0x8000f8ec (0x08d14203) x 4 0x00000000 mem 0x80019d29
core   0: 0x8000f8f0 (0x43711023) sh      s7, 1056(sp)
core   0: 3 0x8000f8f0 (0x43711023) mem 0x8001a0bc 0x7e38
core   0: 0x8000f8f4 (0x00500813) li      a6, 5
core   0: 3 0x8000f8f4 (0x00500813) x16 0x00000005
core   0: 0x8000f8f8 (0x01b950b3) srl     ra, s2, s11
core   0: 3 0x8000f8f8 (0x01b950b3) x 1 0x000001fb
core   0: 0x8000f8fc (0x00b936b3) sltu    a3, s2, a1
core   0: 3 0x8000f8fc (0x00b936b3) x13 0x00000000
core   0: 0x8000f900 (0x0000100f) fence.i
core   0: 3 0x8000f900 (0x0000100f)
core   0: 0x8000f904 (0x00000013) nop
core   0: 3 0x8000f904 (0x00000013)
core   0: 0x8000f908 (0x01265e33) srl     t3, a2, s2
core   0: 3 0x8000f908 (0x01265e33) x28 0x00000000
core   0: 0x8000f90c (0x02e4b093) sltiu   ra, s1, 46
core   0: 3 0x8000f90c (0x02e4b093) x 1 0x00000000
core   0: 0x8000f910 (0xff500e93) li      t4, -11
core   0: 3 0x8000f910 (0xff500e93) x29 0xfffffff5
core   0: 0x8000f914 (0x01f0b533) sltu    a0, ra, t6
core   0: 3 0x8000f914 (0x01f0b533) x10 0x00000000
core   0: 0x8000f918 (0x018d73b3) and     t2, s10, s8
core   0: 3 0x8000f918 (0x018d73b3) x 7 0x00000000
core   0: 0x8000f91c (0x952ec417) auipc   s0, 0x952ec
core   0: 3 0x8000f91c (0x952ec417) x 8 0x152fb91c
core   0: 0x8000f920 (0x2694bf93) sltiu   t6, s1, 617
core   0: 3 0x8000f920 (0x2694bf93) x31 0x00000000
core   0: 0x8000f924 (0x0000100f) fence.i
core   0: 3 0x8000f924 (0x0000100f)
core   0: 0x8000f928 (0xfff80813) addi    a6, a6, -1
core   0: 3 0x8000f928 (0xfff80813) x16 0x00000004
core   0: 0x8000f92c (0x00000013) nop
core   0: 3 0x8000f92c (0x00000013)
core   0: 0x8000f930 (0x01945013) srli    zero, s0, 25
core   0: 3 0x8000f930 (0x01945013)
core   0: 0x8000f934 (0x8cdcf513) andi    a0, s9, -1843
core   0: 3 0x8000f934 (0x8cdcf513) x10 0x80009080
core   0: 0x8000f938 (0x00000013) nop
core   0: 3 0x8000f938 (0x00000013)
core   0: 0x8000f93c (0x01931f93) slli    t6, t1, 25
core   0: 3 0x8000f93c (0x01931f93) x31 0x00000000
core   0: 0x8000f940 (0xfdd85ce3) bge     a6, t4, pc - 40
core   0: 3 0x8000f940 (0xfdd85ce3)
core   0: 0x8000f918 (0x018d73b3) and     t2, s10, s8
core   0: 3 0x8000f918 (0x018d73b3) x 7 0x00000000
core   0: 0x8000f91c (0x952ec417) auipc   s0, 0x952ec
core   0: 3 0x8000f91c (0x952ec417) x 8 0x152fb91c
core   0: 0x8000f920 (0x2694bf93) sltiu   t6, s1, 617
core   0: 3 0x8000f920 (0x2694bf93) x31 0x00000000
core   0: 0x8000f924 (0x0000100f) fence.i
core   0: 3 0x8000f924 (0x0000100f)
core   0: 0x8000f928 (0xfff80813) addi    a6, a6, -1
core   0: 3 0x8000f928 (0xfff80813) x16 0x00000003
core   0: 0x8000f92c (0x00000013) nop
core   0: 3 0x8000f92c (0x00000013)
core   0: 0x8000f930 (0x01945013) srli    zero, s0, 25
core   0: 3 0x8000f930 (0x01945013)
core   0: 0x8000f934 (0x8cdcf513) andi    a0, s9, -1843
core   0: 3 0x8000f934 (0x8cdcf513) x10 0x80009080
core   0: 0x8000f938 (0x00000013) nop
core   0: 3 0x8000f938 (0x00000013)
core   0: 0x8000f93c (0x01931f93) slli    t6, t1, 25
core   0: 3 0x8000f93c (0x01931f93) x31 0x00000000
core   0: 0x8000f940 (0xfdd85ce3) bge     a6, t4, pc - 40
core   0: 3 0x8000f940 (0xfdd85ce3)
core   0: 0x8000f918 (0x018d73b3) and     t2, s10, s8
core   0: 3 0x8000f918 (0x018d73b3) x 7 0x00000000
core   0: 0x8000f91c (0x952ec417) auipc   s0, 0x952ec
core   0: 3 0x8000f91c (0x952ec417) x 8 0x152fb91c
core   0: 0x8000f920 (0x2694bf93) sltiu   t6, s1, 617
core   0: 3 0x8000f920 (0x2694bf93) x31 0x00000000
core   0: 0x8000f924 (0x0000100f) fence.i
core   0: 3 0x8000f924 (0x0000100f)
core   0: 0x8000f928 (0xfff80813) addi    a6, a6, -1
core   0: 3 0x8000f928 (0xfff80813) x16 0x00000002
core   0: 0x8000f92c (0x00000013) nop
core   0: 3 0x8000f92c (0x00000013)
core   0: 0x8000f930 (0x01945013) srli    zero, s0, 25
core   0: 3 0x8000f930 (0x01945013)
core   0: 0x8000f934 (0x8cdcf513) andi    a0, s9, -1843
core   0: 3 0x8000f934 (0x8cdcf513) x10 0x80009080
core   0: 0x8000f938 (0x00000013) nop
core   0: 3 0x8000f938 (0x00000013)
core   0: 0x8000f93c (0x01931f93) slli    t6, t1, 25
core   0: 3 0x8000f93c (0x01931f93) x31 0x00000000
core   0: 0x8000f940 (0xfdd85ce3) bge     a6, t4, pc - 40
core   0: 3 0x8000f940 (0xfdd85ce3)
core   0: 0x8000f918 (0x018d73b3) and     t2, s10, s8
core   0: 3 0x8000f918 (0x018d73b3) x 7 0x00000000
core   0: 0x8000f91c (0x952ec417) auipc   s0, 0x952ec
core   0: 3 0x8000f91c (0x952ec417) x 8 0x152fb91c
core   0: 0x8000f920 (0x2694bf93) sltiu   t6, s1, 617
core   0: 3 0x8000f920 (0x2694bf93) x31 0x00000000
core   0: 0x8000f924 (0x0000100f) fence.i
core   0: 3 0x8000f924 (0x0000100f)
core   0: 0x8000f928 (0xfff80813) addi    a6, a6, -1
core   0: 3 0x8000f928 (0xfff80813) x16 0x00000001
core   0: 0x8000f92c (0x00000013) nop
core   0: 3 0x8000f92c (0x00000013)
core   0: 0x8000f930 (0x01945013) srli    zero, s0, 25
core   0: 3 0x8000f930 (0x01945013)
core   0: 0x8000f934 (0x8cdcf513) andi    a0, s9, -1843
core   0: 3 0x8000f934 (0x8cdcf513) x10 0x80009080
core   0: 0x8000f938 (0x00000013) nop
core   0: 3 0x8000f938 (0x00000013)
core   0: 0x8000f93c (0x01931f93) slli    t6, t1, 25
core   0: 3 0x8000f93c (0x01931f93) x31 0x00000000
core   0: 0x8000f940 (0xfdd85ce3) bge     a6, t4, pc - 40
core   0: 3 0x8000f940 (0xfdd85ce3)
core   0: 0x8000f918 (0x018d73b3) and     t2, s10, s8
core   0: 3 0x8000f918 (0x018d73b3) x 7 0x00000000
core   0: 0x8000f91c (0x952ec417) auipc   s0, 0x952ec
core   0: 3 0x8000f91c (0x952ec417) x 8 0x152fb91c
core   0: 0x8000f920 (0x2694bf93) sltiu   t6, s1, 617
core   0: 3 0x8000f920 (0x2694bf93) x31 0x00000000
core   0: 0x8000f924 (0x0000100f) fence.i
core   0: 3 0x8000f924 (0x0000100f)
core   0: 0x8000f928 (0xfff80813) addi    a6, a6, -1
core   0: 3 0x8000f928 (0xfff80813) x16 0x00000000
core   0: 0x8000f92c (0x00000013) nop
core   0: 3 0x8000f92c (0x00000013)
core   0: 0x8000f930 (0x01945013) srli    zero, s0, 25
core   0: 3 0x8000f930 (0x01945013)
core   0: 0x8000f934 (0x8cdcf513) andi    a0, s9, -1843
core   0: 3 0x8000f934 (0x8cdcf513) x10 0x80009080
core   0: 0x8000f938 (0x00000013) nop
core   0: 3 0x8000f938 (0x00000013)
core   0: 0x8000f93c (0x01931f93) slli    t6, t1, 25
core   0: 3 0x8000f93c (0x01931f93) x31 0x00000000
core   0: 0x8000f940 (0xfdd85ce3) bge     a6, t4, pc - 40
core   0: 3 0x8000f940 (0xfdd85ce3)
core   0: 0x8000f918 (0x018d73b3) and     t2, s10, s8
core   0: 3 0x8000f918 (0x018d73b3) x 7 0x00000000
core   0: 0x8000f91c (0x952ec417) auipc   s0, 0x952ec
core   0: 3 0x8000f91c (0x952ec417) x 8 0x152fb91c
core   0: 0x8000f920 (0x2694bf93) sltiu   t6, s1, 617
core   0: 3 0x8000f920 (0x2694bf93) x31 0x00000000
core   0: 0x8000f924 (0x0000100f) fence.i
core   0: 3 0x8000f924 (0x0000100f)
core   0: 0x8000f928 (0xfff80813) addi    a6, a6, -1
core   0: 3 0x8000f928 (0xfff80813) x16 0xffffffff
core   0: 0x8000f92c (0x00000013) nop
core   0: 3 0x8000f92c (0x00000013)
core   0: 0x8000f930 (0x01945013) srli    zero, s0, 25
core   0: 3 0x8000f930 (0x01945013)
core   0: 0x8000f934 (0x8cdcf513) andi    a0, s9, -1843
core   0: 3 0x8000f934 (0x8cdcf513) x10 0x80009080
core   0: 0x8000f938 (0x00000013) nop
core   0: 3 0x8000f938 (0x00000013)
core   0: 0x8000f93c (0x01931f93) slli    t6, t1, 25
core   0: 3 0x8000f93c (0x01931f93) x31 0x00000000
core   0: 0x8000f940 (0xfdd85ce3) bge     a6, t4, pc - 40
core   0: 3 0x8000f940 (0xfdd85ce3)
core   0: 0x8000f918 (0x018d73b3) and     t2, s10, s8
core   0: 3 0x8000f918 (0x018d73b3) x 7 0x00000000
core   0: 0x8000f91c (0x952ec417) auipc   s0, 0x952ec
core   0: 3 0x8000f91c (0x952ec417) x 8 0x152fb91c
core   0: 0x8000f920 (0x2694bf93) sltiu   t6, s1, 617
core   0: 3 0x8000f920 (0x2694bf93) x31 0x00000000
core   0: 0x8000f924 (0x0000100f) fence.i
core   0: 3 0x8000f924 (0x0000100f)
core   0: 0x8000f928 (0xfff80813) addi    a6, a6, -1
core   0: 3 0x8000f928 (0xfff80813) x16 0xfffffffe
core   0: 0x8000f92c (0x00000013) nop
core   0: 3 0x8000f92c (0x00000013)
core   0: 0x8000f930 (0x01945013) srli    zero, s0, 25
core   0: 3 0x8000f930 (0x01945013)
core   0: 0x8000f934 (0x8cdcf513) andi    a0, s9, -1843
core   0: 3 0x8000f934 (0x8cdcf513) x10 0x80009080
core   0: 0x8000f938 (0x00000013) nop
core   0: 3 0x8000f938 (0x00000013)
core   0: 0x8000f93c (0x01931f93) slli    t6, t1, 25
core   0: 3 0x8000f93c (0x01931f93) x31 0x00000000
core   0: 0x8000f940 (0xfdd85ce3) bge     a6, t4, pc - 40
core   0: 3 0x8000f940 (0xfdd85ce3)
core   0: 0x8000f918 (0x018d73b3) and     t2, s10, s8
core   0: 3 0x8000f918 (0x018d73b3) x 7 0x00000000
core   0: 0x8000f91c (0x952ec417) auipc   s0, 0x952ec
core   0: 3 0x8000f91c (0x952ec417) x 8 0x152fb91c
core   0: 0x8000f920 (0x2694bf93) sltiu   t6, s1, 617
core   0: 3 0x8000f920 (0x2694bf93) x31 0x00000000
core   0: 0x8000f924 (0x0000100f) fence.i
core   0: 3 0x8000f924 (0x0000100f)
core   0: 0x8000f928 (0xfff80813) addi    a6, a6, -1
core   0: 3 0x8000f928 (0xfff80813) x16 0xfffffffd
core   0: 0x8000f92c (0x00000013) nop
core   0: 3 0x8000f92c (0x00000013)
core   0: 0x8000f930 (0x01945013) srli    zero, s0, 25
core   0: 3 0x8000f930 (0x01945013)
core   0: 0x8000f934 (0x8cdcf513) andi    a0, s9, -1843
core   0: 3 0x8000f934 (0x8cdcf513) x10 0x80009080
core   0: 0x8000f938 (0x00000013) nop
core   0: 3 0x8000f938 (0x00000013)
core   0: 0x8000f93c (0x01931f93) slli    t6, t1, 25
core   0: 3 0x8000f93c (0x01931f93) x31 0x00000000
core   0: 0x8000f940 (0xfdd85ce3) bge     a6, t4, pc - 40
core   0: 3 0x8000f940 (0xfdd85ce3)
core   0: 0x8000f918 (0x018d73b3) and     t2, s10, s8
core   0: 3 0x8000f918 (0x018d73b3) x 7 0x00000000
core   0: 0x8000f91c (0x952ec417) auipc   s0, 0x952ec
core   0: 3 0x8000f91c (0x952ec417) x 8 0x152fb91c
core   0: 0x8000f920 (0x2694bf93) sltiu   t6, s1, 617
core   0: 3 0x8000f920 (0x2694bf93) x31 0x00000000
core   0: 0x8000f924 (0x0000100f) fence.i
core   0: 3 0x8000f924 (0x0000100f)
core   0: 0x8000f928 (0xfff80813) addi    a6, a6, -1
core   0: 3 0x8000f928 (0xfff80813) x16 0xfffffffc
core   0: 0x8000f92c (0x00000013) nop
core   0: 3 0x8000f92c (0x00000013)
core   0: 0x8000f930 (0x01945013) srli    zero, s0, 25
core   0: 3 0x8000f930 (0x01945013)
core   0: 0x8000f934 (0x8cdcf513) andi    a0, s9, -1843
core   0: 3 0x8000f934 (0x8cdcf513) x10 0x80009080
core   0: 0x8000f938 (0x00000013) nop
core   0: 3 0x8000f938 (0x00000013)
core   0: 0x8000f93c (0x01931f93) slli    t6, t1, 25
core   0: 3 0x8000f93c (0x01931f93) x31 0x00000000
core   0: 0x8000f940 (0xfdd85ce3) bge     a6, t4, pc - 40
core   0: 3 0x8000f940 (0xfdd85ce3)
core   0: 0x8000f918 (0x018d73b3) and     t2, s10, s8
core   0: 3 0x8000f918 (0x018d73b3) x 7 0x00000000
core   0: 0x8000f91c (0x952ec417) auipc   s0, 0x952ec
core   0: 3 0x8000f91c (0x952ec417) x 8 0x152fb91c
core   0: 0x8000f920 (0x2694bf93) sltiu   t6, s1, 617
core   0: 3 0x8000f920 (0x2694bf93) x31 0x00000000
core   0: 0x8000f924 (0x0000100f) fence.i
core   0: 3 0x8000f924 (0x0000100f)
core   0: 0x8000f928 (0xfff80813) addi    a6, a6, -1
core   0: 3 0x8000f928 (0xfff80813) x16 0xfffffffb
core   0: 0x8000f92c (0x00000013) nop
core   0: 3 0x8000f92c (0x00000013)
core   0: 0x8000f930 (0x01945013) srli    zero, s0, 25
core   0: 3 0x8000f930 (0x01945013)
core   0: 0x8000f934 (0x8cdcf513) andi    a0, s9, -1843
core   0: 3 0x8000f934 (0x8cdcf513) x10 0x80009080
core   0: 0x8000f938 (0x00000013) nop
core   0: 3 0x8000f938 (0x00000013)
core   0: 0x8000f93c (0x01931f93) slli    t6, t1, 25
core   0: 3 0x8000f93c (0x01931f93) x31 0x00000000
core   0: 0x8000f940 (0xfdd85ce3) bge     a6, t4, pc - 40
core   0: 3 0x8000f940 (0xfdd85ce3)
core   0: 0x8000f918 (0x018d73b3) and     t2, s10, s8
core   0: 3 0x8000f918 (0x018d73b3) x 7 0x00000000
core   0: 0x8000f91c (0x952ec417) auipc   s0, 0x952ec
core   0: 3 0x8000f91c (0x952ec417) x 8 0x152fb91c
core   0: 0x8000f920 (0x2694bf93) sltiu   t6, s1, 617
core   0: 3 0x8000f920 (0x2694bf93) x31 0x00000000
core   0: 0x8000f924 (0x0000100f) fence.i
core   0: 3 0x8000f924 (0x0000100f)
core   0: 0x8000f928 (0xfff80813) addi    a6, a6, -1
core   0: 3 0x8000f928 (0xfff80813) x16 0xfffffffa
core   0: 0x8000f92c (0x00000013) nop
core   0: 3 0x8000f92c (0x00000013)
core   0: 0x8000f930 (0x01945013) srli    zero, s0, 25
core   0: 3 0x8000f930 (0x01945013)
core   0: 0x8000f934 (0x8cdcf513) andi    a0, s9, -1843
core   0: 3 0x8000f934 (0x8cdcf513) x10 0x80009080
core   0: 0x8000f938 (0x00000013) nop
core   0: 3 0x8000f938 (0x00000013)
core   0: 0x8000f93c (0x01931f93) slli    t6, t1, 25
core   0: 3 0x8000f93c (0x01931f93) x31 0x00000000
core   0: 0x8000f940 (0xfdd85ce3) bge     a6, t4, pc - 40
core   0: 3 0x8000f940 (0xfdd85ce3)
core   0: 0x8000f918 (0x018d73b3) and     t2, s10, s8
core   0: 3 0x8000f918 (0x018d73b3) x 7 0x00000000
core   0: 0x8000f91c (0x952ec417) auipc   s0, 0x952ec
core   0: 3 0x8000f91c (0x952ec417) x 8 0x152fb91c
core   0: 0x8000f920 (0x2694bf93) sltiu   t6, s1, 617
core   0: 3 0x8000f920 (0x2694bf93) x31 0x00000000
core   0: 0x8000f924 (0x0000100f) fence.i
core   0: 3 0x8000f924 (0x0000100f)
core   0: 0x8000f928 (0xfff80813) addi    a6, a6, -1
core   0: 3 0x8000f928 (0xfff80813) x16 0xfffffff9
core   0: 0x8000f92c (0x00000013) nop
core   0: 3 0x8000f92c (0x00000013)
core   0: 0x8000f930 (0x01945013) srli    zero, s0, 25
core   0: 3 0x8000f930 (0x01945013)
core   0: 0x8000f934 (0x8cdcf513) andi    a0, s9, -1843
core   0: 3 0x8000f934 (0x8cdcf513) x10 0x80009080
core   0: 0x8000f938 (0x00000013) nop
core   0: 3 0x8000f938 (0x00000013)
core   0: 0x8000f93c (0x01931f93) slli    t6, t1, 25
core   0: 3 0x8000f93c (0x01931f93) x31 0x00000000
core   0: 0x8000f940 (0xfdd85ce3) bge     a6, t4, pc - 40
core   0: 3 0x8000f940 (0xfdd85ce3)
core   0: 0x8000f918 (0x018d73b3) and     t2, s10, s8
core   0: 3 0x8000f918 (0x018d73b3) x 7 0x00000000
core   0: 0x8000f91c (0x952ec417) auipc   s0, 0x952ec
core   0: 3 0x8000f91c (0x952ec417) x 8 0x152fb91c
core   0: 0x8000f920 (0x2694bf93) sltiu   t6, s1, 617
core   0: 3 0x8000f920 (0x2694bf93) x31 0x00000000
core   0: 0x8000f924 (0x0000100f) fence.i
core   0: 3 0x8000f924 (0x0000100f)
core   0: 0x8000f928 (0xfff80813) addi    a6, a6, -1
core   0: 3 0x8000f928 (0xfff80813) x16 0xfffffff8
core   0: 0x8000f92c (0x00000013) nop
core   0: 3 0x8000f92c (0x00000013)
core   0: 0x8000f930 (0x01945013) srli    zero, s0, 25
core   0: 3 0x8000f930 (0x01945013)
core   0: 0x8000f934 (0x8cdcf513) andi    a0, s9, -1843
core   0: 3 0x8000f934 (0x8cdcf513) x10 0x80009080
core   0: 0x8000f938 (0x00000013) nop
core   0: 3 0x8000f938 (0x00000013)
core   0: 0x8000f93c (0x01931f93) slli    t6, t1, 25
core   0: 3 0x8000f93c (0x01931f93) x31 0x00000000
core   0: 0x8000f940 (0xfdd85ce3) bge     a6, t4, pc - 40
core   0: 3 0x8000f940 (0xfdd85ce3)
core   0: 0x8000f918 (0x018d73b3) and     t2, s10, s8
core   0: 3 0x8000f918 (0x018d73b3) x 7 0x00000000
core   0: 0x8000f91c (0x952ec417) auipc   s0, 0x952ec
core   0: 3 0x8000f91c (0x952ec417) x 8 0x152fb91c
core   0: 0x8000f920 (0x2694bf93) sltiu   t6, s1, 617
core   0: 3 0x8000f920 (0x2694bf93) x31 0x00000000
core   0: 0x8000f924 (0x0000100f) fence.i
core   0: 3 0x8000f924 (0x0000100f)
core   0: 0x8000f928 (0xfff80813) addi    a6, a6, -1
core   0: 3 0x8000f928 (0xfff80813) x16 0xfffffff7
core   0: 0x8000f92c (0x00000013) nop
core   0: 3 0x8000f92c (0x00000013)
core   0: 0x8000f930 (0x01945013) srli    zero, s0, 25
core   0: 3 0x8000f930 (0x01945013)
core   0: 0x8000f934 (0x8cdcf513) andi    a0, s9, -1843
core   0: 3 0x8000f934 (0x8cdcf513) x10 0x80009080
core   0: 0x8000f938 (0x00000013) nop
core   0: 3 0x8000f938 (0x00000013)
core   0: 0x8000f93c (0x01931f93) slli    t6, t1, 25
core   0: 3 0x8000f93c (0x01931f93) x31 0x00000000
core   0: 0x8000f940 (0xfdd85ce3) bge     a6, t4, pc - 40
core   0: 3 0x8000f940 (0xfdd85ce3)
core   0: 0x8000f918 (0x018d73b3) and     t2, s10, s8
core   0: 3 0x8000f918 (0x018d73b3) x 7 0x00000000
core   0: 0x8000f91c (0x952ec417) auipc   s0, 0x952ec
core   0: 3 0x8000f91c (0x952ec417) x 8 0x152fb91c
core   0: 0x8000f920 (0x2694bf93) sltiu   t6, s1, 617
core   0: 3 0x8000f920 (0x2694bf93) x31 0x00000000
core   0: 0x8000f924 (0x0000100f) fence.i
core   0: 3 0x8000f924 (0x0000100f)
core   0: 0x8000f928 (0xfff80813) addi    a6, a6, -1
core   0: 3 0x8000f928 (0xfff80813) x16 0xfffffff6
core   0: 0x8000f92c (0x00000013) nop
core   0: 3 0x8000f92c (0x00000013)
core   0: 0x8000f930 (0x01945013) srli    zero, s0, 25
core   0: 3 0x8000f930 (0x01945013)
core   0: 0x8000f934 (0x8cdcf513) andi    a0, s9, -1843
core   0: 3 0x8000f934 (0x8cdcf513) x10 0x80009080
core   0: 0x8000f938 (0x00000013) nop
core   0: 3 0x8000f938 (0x00000013)
core   0: 0x8000f93c (0x01931f93) slli    t6, t1, 25
core   0: 3 0x8000f93c (0x01931f93) x31 0x00000000
core   0: 0x8000f940 (0xfdd85ce3) bge     a6, t4, pc - 40
core   0: 3 0x8000f940 (0xfdd85ce3)
core   0: 0x8000f918 (0x018d73b3) and     t2, s10, s8
core   0: 3 0x8000f918 (0x018d73b3) x 7 0x00000000
core   0: 0x8000f91c (0x952ec417) auipc   s0, 0x952ec
core   0: 3 0x8000f91c (0x952ec417) x 8 0x152fb91c
core   0: 0x8000f920 (0x2694bf93) sltiu   t6, s1, 617
core   0: 3 0x8000f920 (0x2694bf93) x31 0x00000000
core   0: 0x8000f924 (0x0000100f) fence.i
core   0: 3 0x8000f924 (0x0000100f)
core   0: 0x8000f928 (0xfff80813) addi    a6, a6, -1
core   0: 3 0x8000f928 (0xfff80813) x16 0xfffffff5
core   0: 0x8000f92c (0x00000013) nop
core   0: 3 0x8000f92c (0x00000013)
core   0: 0x8000f930 (0x01945013) srli    zero, s0, 25
core   0: 3 0x8000f930 (0x01945013)
core   0: 0x8000f934 (0x8cdcf513) andi    a0, s9, -1843
core   0: 3 0x8000f934 (0x8cdcf513) x10 0x80009080
core   0: 0x8000f938 (0x00000013) nop
core   0: 3 0x8000f938 (0x00000013)
core   0: 0x8000f93c (0x01931f93) slli    t6, t1, 25
core   0: 3 0x8000f93c (0x01931f93) x31 0x00000000
core   0: 0x8000f940 (0xfdd85ce3) bge     a6, t4, pc - 40
core   0: 3 0x8000f940 (0xfdd85ce3)
core   0: 0x8000f918 (0x018d73b3) and     t2, s10, s8
core   0: 3 0x8000f918 (0x018d73b3) x 7 0x00000000
core   0: 0x8000f91c (0x952ec417) auipc   s0, 0x952ec
core   0: 3 0x8000f91c (0x952ec417) x 8 0x152fb91c
core   0: 0x8000f920 (0x2694bf93) sltiu   t6, s1, 617
core   0: 3 0x8000f920 (0x2694bf93) x31 0x00000000
core   0: 0x8000f924 (0x0000100f) fence.i
core   0: 3 0x8000f924 (0x0000100f)
core   0: 0x8000f928 (0xfff80813) addi    a6, a6, -1
core   0: 3 0x8000f928 (0xfff80813) x16 0xfffffff4
core   0: 0x8000f92c (0x00000013) nop
core   0: 3 0x8000f92c (0x00000013)
core   0: 0x8000f930 (0x01945013) srli    zero, s0, 25
core   0: 3 0x8000f930 (0x01945013)
core   0: 0x8000f934 (0x8cdcf513) andi    a0, s9, -1843
core   0: 3 0x8000f934 (0x8cdcf513) x10 0x80009080
core   0: 0x8000f938 (0x00000013) nop
core   0: 3 0x8000f938 (0x00000013)
core   0: 0x8000f93c (0x01931f93) slli    t6, t1, 25
core   0: 3 0x8000f93c (0x01931f93) x31 0x00000000
core   0: 0x8000f940 (0xfdd85ce3) bge     a6, t4, pc - 40
core   0: 3 0x8000f940 (0xfdd85ce3)
core   0: 0x8000f944 (0x002ab9b3) sltu    s3, s5, sp
core   0: 3 0x8000f944 (0x002ab9b3) x19 0x00000000
core   0: 0x8000f948 (0x00005117) auipc   sp, 0x5
core   0: 3 0x8000f948 (0x00005117) x 2 0x80014948
core   0: 0x8000f94c (0x1ee10113) addi    sp, sp, 494
core   0: 3 0x8000f94c (0x1ee10113) x 2 0x80014b36
core   0: 0x8000f950 (0xba415903) lhu     s2, -1116(sp)
core   0: 3 0x8000f950 (0xba415903) x18 0x00000000 mem 0x800146da
core   0: 0x8000f954 (0x77e10f23) sb      t5, 1918(sp)
core   0: 3 0x8000f954 (0x77e10f23) mem 0x800152b4 0x0
core   0: 0x8000f958 (0x4bf10683) lb      a3, 1215(sp)
core   0: 3 0x8000f958 (0x4bf10683) x13 0x00000000 mem 0x80014ff5
core   0: 0x8000f95c (0x72d10023) sb      a3, 1824(sp)
core   0: 3 0x8000f95c (0x72d10023) mem 0x80015256 0x0
core   0: 0x8000f960 (0xc2035037) lui     zero, 0xc2035
core   0: 3 0x8000f960 (0xc2035037)
core   0: 0x8000f964 (0xa6b44313) xori    t1, s0, -1429
core   0: 3 0x8000f964 (0xa6b44313) x 6 0xead04377
core   0: 0x8000f968 (0x0000100f) fence.i
core   0: 3 0x8000f968 (0x0000100f)
core   0: 0x8000f96c (0x3bd10683) lb      a3, 957(sp)
core   0: 3 0x8000f96c (0x3bd10683) x13 0x00000000 mem 0x80014ef3
core   0: 0x8000f970 (0x41d4df33) sra     t5, s1, t4
core   0: 3 0x8000f970 (0x41d4df33) x30 0xfffffc00
core   0: 0x8000f974 (0x41914783) lbu     a5, 1049(sp)
core   0: 3 0x8000f974 (0x41914783) x15 0x00000000 mem 0x80014f4f
core   0: 0x8000f978 (0x73612303) lw      t1, 1846(sp)
core   0: 3 0x8000f978 (0x73612303) x 6 0x00000000 mem 0x8001526c
core   0: 0x8000f97c (0xe0c11a03) lh      s4, -500(sp)
core   0: 3 0x8000f97c (0xe0c11a03) x20 0x00000000 mem 0x80014942
core   0: 0x8000f980 (0x0ff0000f) fence   iorw,iorw
core   0: 3 0x8000f980 (0x0ff0000f)
core   0: 0x8000f984 (0x7340aa13) slti    s4, ra, 1844
core   0: 3 0x8000f984 (0x7340aa13) x20 0x00000001
core   0: 0x8000f988 (0x7ca14f03) lbu     t5, 1994(sp)
core   0: 3 0x8000f988 (0x7ca14f03) x30 0x00000000 mem 0x80015300
core   0: 0x8000f98c (0x6ba12c83) lw      s9, 1722(sp)
core   0: 3 0x8000f98c (0x6ba12c83) x25 0x00000000 mem 0x800151f0
core   0: 0x8000f990 (0x95810b03) lb      s6, -1704(sp)
core   0: 3 0x8000f990 (0x95810b03) x22 0x00000000 mem 0x8001448e
core   0: 0x8000f994 (0x00a81d93) slli    s11, a6, 10
core   0: 3 0x8000f994 (0x00a81d93) x27 0xffffd000
core   0: 0x8000f998 (0xea314c83) lbu     s9, -349(sp)
core   0: 3 0x8000f998 (0xea314c83) x25 0x00000000 mem 0x800149d9
core   0: 0x8000f99c (0x87012d23) sw      a6, -1926(sp)
core   0: 3 0x8000f99c (0x87012d23) mem 0x800143b0 0xfffffff4
core   0: 0x8000f9a0 (0x41655b33) sra     s6, a0, s6
core   0: 3 0x8000f9a0 (0x41655b33) x22 0x80009080
core   0: 0x8000f9a4 (0xae510da3) sb      t0, -1285(sp)
core   0: 3 0x8000f9a4 (0xae510da3) mem 0x80014631 0x20
core   0: 0x8000f9a8 (0x016c8c33) add     s8, s9, s6
core   0: 3 0x8000f9a8 (0x016c8c33) x24 0x80009080
core   0: 0x8000f9ac (0x41e7deb3) sra     t4, a5, t5
core   0: 3 0x8000f9ac (0x41e7deb3) x29 0x00000000
core   0: 0x8000f9b0 (0x0311df97) auipc   t6, 0x311d
core   0: 3 0x8000f9b0 (0x0311df97) x31 0x8312c9b0
core   0: 0x8000f9b4 (0x41d65c33) sra     s8, a2, t4
core   0: 3 0x8000f9b4 (0x41d65c33) x24 0x00000001
core   0: 0x8000f9b8 (0x95914183) lbu     gp, -1703(sp)
core   0: 3 0x8000f9b8 (0x95914183) x 3 0x00000000 mem 0x8001448f
core   0: 0x8000f9bc (0xca937d37) lui     s10, 0xca937
core   0: 3 0x8000f9bc (0xca937d37) x26 0xca937000
core   0: 0x8000f9c0 (0xf5511b23) sh      s5, -170(sp)
core   0: 3 0x8000f9c0 (0xf5511b23) mem 0x80014a8c 0x12bb
core   0: 0x8000f9c4 (0xf0710aa3) sb      t2, -235(sp)
core   0: 3 0x8000f9c4 (0xf0710aa3) mem 0x80014a4b 0x0
core   0: 0x8000f9c8 (0x401f5813) srai    a6, t5, 1
core   0: 3 0x8000f9c8 (0x401f5813) x16 0x00000000
core   0: 0x8000f9cc (0x4d010983) lb      s3, 1232(sp)
core   0: 3 0x8000f9cc (0x4d010983) x19 0x00000000 mem 0x80015006
core   0: 0x8000f9d0 (0xffb00f93) li      t6, -5
core   0: 3 0x8000f9d0 (0xffb00f93) x31 0xfffffffb
core   0: 0x8000f9d4 (0x40dfd733) sra     a4, t6, a3
core   0: 3 0x8000f9d4 (0x40dfd733) x14 0xfffffffb
core   0: 0x8000f9d8 (0x00a00d93) li      s11, 10
core   0: 3 0x8000f9d8 (0x00a00d93) x27 0x0000000a
core   0: 0x8000f9dc (0x41400733) sub     a4, zero, s4
core   0: 3 0x8000f9dc (0x41400733) x14 0xffffffff
core   0: 0x8000f9e0 (0x01305093) srli    ra, zero, 19
core   0: 3 0x8000f9e0 (0x01305093) x 1 0x00000000
core   0: 0x8000f9e4 (0x002f8f93) addi    t6, t6, 2
core   0: 3 0x8000f9e4 (0x002f8f93) x31 0xfffffffd
core   0: 0x8000f9e8 (0xffbfcae3) blt     t6, s11, pc - 12
core   0: 3 0x8000f9e8 (0xffbfcae3)
core   0: 0x8000f9dc (0x41400733) sub     a4, zero, s4
core   0: 3 0x8000f9dc (0x41400733) x14 0xffffffff
core   0: 0x8000f9e0 (0x01305093) srli    ra, zero, 19
core   0: 3 0x8000f9e0 (0x01305093) x 1 0x00000000
core   0: 0x8000f9e4 (0x002f8f93) addi    t6, t6, 2
core   0: 3 0x8000f9e4 (0x002f8f93) x31 0xffffffff
core   0: 0x8000f9e8 (0xffbfcae3) blt     t6, s11, pc - 12
core   0: 3 0x8000f9e8 (0xffbfcae3)
core   0: 0x8000f9dc (0x41400733) sub     a4, zero, s4
core   0: 3 0x8000f9dc (0x41400733) x14 0xffffffff
core   0: 0x8000f9e0 (0x01305093) srli    ra, zero, 19
core   0: 3 0x8000f9e0 (0x01305093) x 1 0x00000000
core   0: 0x8000f9e4 (0x002f8f93) addi    t6, t6, 2
core   0: 3 0x8000f9e4 (0x002f8f93) x31 0x00000001
core   0: 0x8000f9e8 (0xffbfcae3) blt     t6, s11, pc - 12
core   0: 3 0x8000f9e8 (0xffbfcae3)
core   0: 0x8000f9dc (0x41400733) sub     a4, zero, s4
core   0: 3 0x8000f9dc (0x41400733) x14 0xffffffff
core   0: 0x8000f9e0 (0x01305093) srli    ra, zero, 19
core   0: 3 0x8000f9e0 (0x01305093) x 1 0x00000000
core   0: 0x8000f9e4 (0x002f8f93) addi    t6, t6, 2
core   0: 3 0x8000f9e4 (0x002f8f93) x31 0x00000003
core   0: 0x8000f9e8 (0xffbfcae3) blt     t6, s11, pc - 12
core   0: 3 0x8000f9e8 (0xffbfcae3)
core   0: 0x8000f9dc (0x41400733) sub     a4, zero, s4
core   0: 3 0x8000f9dc (0x41400733) x14 0xffffffff
core   0: 0x8000f9e0 (0x01305093) srli    ra, zero, 19
core   0: 3 0x8000f9e0 (0x01305093) x 1 0x00000000
core   0: 0x8000f9e4 (0x002f8f93) addi    t6, t6, 2
core   0: 3 0x8000f9e4 (0x002f8f93) x31 0x00000005
core   0: 0x8000f9e8 (0xffbfcae3) blt     t6, s11, pc - 12
core   0: 3 0x8000f9e8 (0xffbfcae3)
core   0: 0x8000f9dc (0x41400733) sub     a4, zero, s4
core   0: 3 0x8000f9dc (0x41400733) x14 0xffffffff
core   0: 0x8000f9e0 (0x01305093) srli    ra, zero, 19
core   0: 3 0x8000f9e0 (0x01305093) x 1 0x00000000
core   0: 0x8000f9e4 (0x002f8f93) addi    t6, t6, 2
core   0: 3 0x8000f9e4 (0x002f8f93) x31 0x00000007
core   0: 0x8000f9e8 (0xffbfcae3) blt     t6, s11, pc - 12
core   0: 3 0x8000f9e8 (0xffbfcae3)
core   0: 0x8000f9dc (0x41400733) sub     a4, zero, s4
core   0: 3 0x8000f9dc (0x41400733) x14 0xffffffff
core   0: 0x8000f9e0 (0x01305093) srli    ra, zero, 19
core   0: 3 0x8000f9e0 (0x01305093) x 1 0x00000000
core   0: 0x8000f9e4 (0x002f8f93) addi    t6, t6, 2
core   0: 3 0x8000f9e4 (0x002f8f93) x31 0x00000009
core   0: 0x8000f9e8 (0xffbfcae3) blt     t6, s11, pc - 12
core   0: 3 0x8000f9e8 (0xffbfcae3)
core   0: 0x8000f9dc (0x41400733) sub     a4, zero, s4
core   0: 3 0x8000f9dc (0x41400733) x14 0xffffffff
core   0: 0x8000f9e0 (0x01305093) srli    ra, zero, 19
core   0: 3 0x8000f9e0 (0x01305093) x 1 0x00000000
core   0: 0x8000f9e4 (0x002f8f93) addi    t6, t6, 2
core   0: 3 0x8000f9e4 (0x002f8f93) x31 0x0000000b
core   0: 0x8000f9e8 (0xffbfcae3) blt     t6, s11, pc - 12
core   0: 3 0x8000f9e8 (0xffbfcae3)
core   0: 0x8000f9ec (0x01a61f13) slli    t5, a2, 26
core   0: 3 0x8000f9ec (0x01a61f13) x30 0x04000000
core   0: 0x8000f9f0 (0x00003617) auipc   a2, 0x3
core   0: 3 0x8000f9f0 (0x00003617) x12 0x800129f0
core   0: 0x8000f9f4 (0x97660613) addi    a2, a2, -1674
core   0: 3 0x8000f9f4 (0x97660613) x12 0x80012366
core   0: 0x8000f9f8 (0x00160303) lb      t1, 1(a2)
core   0: 3 0x8000f9f8 (0x00160303) x 6 0x00000000 mem 0x80012367
core   0: 0x8000f9fc (0xfd065d83) lhu     s11, -48(a2)
core   0: 3 0x8000f9fc (0xfd065d83) x27 0x00000000 mem 0x80012336
core   0: 0x8000fa00 (0x00660da3) sb      t1, 27(a2)
core   0: 3 0x8000fa00 (0x00660da3) mem 0x80012381 0x0
core   0: 0x8000fa04 (0x01460da3) sb      s4, 27(a2)
core   0: 3 0x8000fa04 (0x01460da3) mem 0x80012381 0x1
core   0: 0x8000fa08 (0x01b64103) lbu     sp, 27(a2)
core   0: 3 0x8000fa08 (0x01b64103) x 2 0x00000001 mem 0x80012381
core   0: 0x8000fa0c (0x01b64303) lbu     t1, 27(a2)
core   0: 3 0x8000fa0c (0x01b64303) x 6 0x00000001 mem 0x80012381
core   0: 0x8000fa10 (0x01b60003) lb      zero, 27(a2)
core   0: 3 0x8000fa10 (0x01b60003) mem 0x80012381
core   0: 0x8000fa14 (0x01b64c83) lbu     s9, 27(a2)
core   0: 3 0x8000fa14 (0x01b64c83) x25 0x00000001 mem 0x80012381
core   0: 0x8000fa18 (0xf3f3b993) sltiu   s3, t2, -193
core   0: 3 0x8000fa18 (0xf3f3b993) x19 0x00000001
core   0: 0x8000fa1c (0x00260da3) sb      sp, 27(a2)
core   0: 3 0x8000fa1c (0x00260da3) mem 0x80012381 0x1
core   0: 0x8000fa20 (0x01b64b03) lbu     s6, 27(a2)
core   0: 3 0x8000fa20 (0x01b64b03) x22 0x00000001 mem 0x80012381
core   0: 0x8000fa24 (0x009c7fb3) and     t6, s8, s1
core   0: 3 0x8000fa24 (0x009c7fb3) x31 0x00000000
core   0: 0x8000fa28 (0x03161323) sh      a7, 38(a2)
core   0: 3 0x8000fa28 (0x03161323) mem 0x8001238c 0x00ef
core   0: 0x8000fa2c (0x02662a03) lw      s4, 38(a2)
core   0: 3 0x8000fa2c (0x02662a03) x20 0x000000ef mem 0x8001238c
core   0: 0x8000fa30 (0xfe861183) lh      gp, -24(a2)
core   0: 3 0x8000fa30 (0xfe861183) x 3 0x00000000 mem 0x8001234e
core   0: 0x8000fa34 (0xfe860083) lb      ra, -24(a2)
core   0: 3 0x8000fa34 (0xfe860083) x 1 0x00000000 mem 0x8001234e
core   0: 0x8000fa38 (0xff961423) sh      s9, -24(a2)
core   0: 3 0x8000fa38 (0xff961423) mem 0x8001234e 0x0001
core   0: 0x8000fa3c (0xfe161423) sh      ra, -24(a2)
core   0: 3 0x8000fa3c (0xfe161423) mem 0x8001234e 0x0000
core   0: 0x8000fa40 (0xfe865783) lhu     a5, -24(a2)
core   0: 3 0x8000fa40 (0xfe865783) x15 0x00000000 mem 0x8001234e
core   0: 0x8000fa44 (0xffc60423) sb      t3, -24(a2)
core   0: 3 0x8000fa44 (0xffc60423) mem 0x8001234e 0x0
core   0: 0x8000fa48 (0x00010097) auipc   ra, 0x10
core   0: 3 0x8000fa48 (0x00010097) x 1 0x8001fa48
core   0: 0x8000fa4c (0xcf208093) addi    ra, ra, -782
core   0: 3 0x8000fa4c (0xcf208093) x 1 0x8001f73a
core   0: 0x8000fa50 (0x00013b17) auipc   s6, 0x13
core   0: 3 0x8000fa50 (0x00013b17) x22 0x80022a50
core   0: 0x8000fa54 (0x904b0b13) addi    s6, s6, -1788
core   0: 3 0x8000fa54 (0x904b0b13) x22 0x80022354
core   0: 0x8000fa58 (0x00005197) auipc   gp, 0x5
core   0: 3 0x8000fa58 (0x00005197) x 3 0x80014a58
core   0: 0x8000fa5c (0x81318193) addi    gp, gp, -2029
core   0: 3 0x8000fa5c (0x81318193) x 3 0x8001426b
core   0: 0x8000fa60 (0x00418303) lb      t1, 4(gp)
core   0: 3 0x8000fa60 (0x00418303) x 6 0x00000000 mem 0x8001426f
core   0: 0x8000fa64 (0x822b5803) lhu     a6, -2014(s6)
core   0: 3 0x8000fa64 (0x822b5803) x16 0x00000000 mem 0x80021b76
core   0: 0x8000fa68 (0x0000df97) auipc   t6, 0xd
core   0: 3 0x8000fa68 (0x0000df97) x31 0x8001ca68
core   0: 0x8000fa6c (0x1cbf8f93) addi    t6, t6, 459
core   0: 3 0x8000fa6c (0x1cbf8f93) x31 0x8001cc33
core   0: 0x8000fa70 (0x02b1c703) lbu     a4, 43(gp)
core   0: 3 0x8000fa70 (0x02b1c703) x14 0x00000000 mem 0x80014296
core   0: 0x8000fa74 (0x9b1080a3) sb      a7, -1631(ra)
core   0: 3 0x8000fa74 (0x9b1080a3) mem 0x8001f0db 0xef
core   0: 0x8000fa78 (0xfcffdd83) lhu     s11, -49(t6)
core   0: 3 0x8000fa78 (0xfcffdd83) x27 0x00000000 mem 0x8001cc02
core   0: 0x8000fa7c (0x006f8903) lb      s2, 6(t6)
core   0: 3 0x8000fa7c (0x006f8903) x18 0x00000000 mem 0x8001cc39
core   0: 0x8000fa80 (0x002f8283) lb      t0, 2(t6)
core   0: 3 0x8000fa80 (0x002f8283) x 5 0x00000000 mem 0x8001cc35
core   0: 0x8000fa84 (0x5cb09323) sh      a1, 1478(ra)
core   0: 3 0x8000fa84 (0x5cb09323) mem 0x8001fd00 0x0000
core   0: 0x8000fa88 (0xfd1f81a3) sb      a7, -61(t6)
core   0: 3 0x8000fa88 (0xfd1f81a3) mem 0x8001cbf6 0xef
core   0: 0x8000fa8c (0xfcf18823) sb      a5, -48(gp)
core   0: 3 0x8000fa8c (0xfcf18823) mem 0x8001423b 0x0
core   0: 0x8000fa90 (0xc9b08c23) sb      s11, -872(ra)
core   0: 3 0x8000fa90 (0xc9b08c23) mem 0x8001f3d2 0x0
core   0: 0x8000fa94 (0x9fbb0603) lb      a2, -1541(s6)
core   0: 3 0x8000fa94 (0x9fbb0603) x12 0x00000000 mem 0x80021d4f
core   0: 0x8000fa98 (0x7fa089a3) sb      s10, 2035(ra)
core   0: 3 0x8000fa98 (0x7fa089a3) mem 0x8001ff2d 0x0
core   0: 0x8000fa9c (0x033b4783) lbu     a5, 51(s6)
core   0: 3 0x8000fa9c (0x033b4783) x15 0x00000000 mem 0x80022387
core   0: 0x8000faa0 (0x01af8c03) lb      s8, 26(t6)
core   0: 3 0x8000faa0 (0x01af8c03) x24 0x00000000 mem 0x8001cc4d
core   0: 0x8000faa4 (0x575b4e83) lbu     t4, 1397(s6)
core   0: 3 0x8000faa4 (0x575b4e83) x29 0x00000000 mem 0x800228c9
core   0: 0x8000faa8 (0xfe119c03) lh      s8, -31(gp)
core   0: 3 0x8000faa8 (0xfe119c03) x24 0x00000000 mem 0x8001424c
core   0: 0x8000faac (0xfebfc503) lbu     a0, -21(t6)
core   0: 3 0x8000faac (0xfebfc503) x10 0x00000000 mem 0x8001cc1e
core   0: 0x8000fab0 (0x5fdb4c83) lbu     s9, 1533(s6)
core   0: 3 0x8000fab0 (0x5fdb4c83) x25 0x00000000 mem 0x80022951
core   0: 0x8000fab4 (0x01018023) sb      a6, 0(gp)
core   0: 3 0x8000fab4 (0x01018023) mem 0x8001426b 0x0
core   0: 0x8000fab8 (0x21808883) lb      a7, 536(ra)
core   0: 3 0x8000fab8 (0x21808883) x17 0x00000000 mem 0x8001f952
core   0: 0x8000fabc (0xfe3fdd03) lhu     s10, -29(t6)
core   0: 3 0x8000fabc (0xfe3fdd03) x26 0x00000000 mem 0x8001cc16
core   0: 0x8000fac0 (0x038f8f03) lb      t5, 56(t6)
core   0: 3 0x8000fac0 (0x038f8f03) x30 0x00000000 mem 0x8001cc6b
core   0: 0x8000fac4 (0x47708383) lb      t2, 1143(ra)
core   0: 3 0x8000fac4 (0x47708383) x 7 0x00000000 mem 0x8001fbb1
core   0: 0x8000fac8 (0x0000ce17) auipc   t3, 0xc
core   0: 3 0x8000fac8 (0x0000ce17) x28 0x8001bac8
core   0: 0x8000facc (0xfcce0e13) addi    t3, t3, -52
core   0: 3 0x8000facc (0xfcce0e13) x28 0x8001ba94
core   0: 0x8000fad0 (0x0000b817) auipc   a6, 0xb
core   0: 3 0x8000fad0 (0x0000b817) x16 0x8001aad0
core   0: 0x8000fad4 (0x48780813) addi    a6, a6, 1159
core   0: 3 0x8000fad4 (0x48780813) x16 0x8001af57
core   0: 0x8000fad8 (0x00007c97) auipc   s9, 0x7
core   0: 3 0x8000fad8 (0x00007c97) x25 0x80016ad8
core   0: 0x8000fadc (0xa4cc8c93) addi    s9, s9, -1460
core   0: 3 0x8000fadc (0xa4cc8c93) x25 0x80016524
core   0: 0x8000fae0 (0x030e0da3) sb      a6, 59(t3)
core   0: 3 0x8000fae0 (0x030e0da3) mem 0x8001bacf 0x57
core   0: 0x8000fae4 (0xfe5c9e23) sh      t0, -4(s9)
core   0: 3 0x8000fae4 (0xfe5c9e23) mem 0x80016520 0x0000
core   0: 0x8000fae8 (0x00013d17) auipc   s10, 0x13
core   0: 3 0x8000fae8 (0x00013d17) x26 0x80022ae8
core   0: 0x8000faec (0xc7dd0d13) addi    s10, s10, -899
core   0: 3 0x8000faec (0xc7dd0d13) x26 0x80022765
core   0: 0x8000faf0 (0xdb380603) lb      a2, -589(a6)
core   0: 3 0x8000faf0 (0xdb380603) x12 0x00000000 mem 0x8001ad0a
core   0: 0x8000faf4 (0x024e5503) lhu     a0, 36(t3)
core   0: 3 0x8000faf4 (0x024e5503) x10 0x00000000 mem 0x8001bab8
core   0: 0x8000faf8 (0x00ad0c03) lb      s8, 10(s10)
core   0: 3 0x8000faf8 (0x00ad0c03) x24 0x00000000 mem 0x8002276f
core   0: 0x8000fafc (0xff7c8aa3) sb      s7, -11(s9)
core   0: 3 0x8000fafc (0xff7c8aa3) mem 0x80016519 0x38
core   0: 0x8000fb00 (0xe1585083) lhu     ra, -491(a6)
core   0: 3 0x8000fb00 (0xe1585083) x 1 0x00000000 mem 0x8001ad6c
core   0: 0x8000fb04 (0x005d1783) lh      a5, 5(s10)
core   0: 3 0x8000fb04 (0x005d1783) x15 0x00000000 mem 0x8002276a
core   0: 0x8000fb08 (0x0000a397) auipc   t2, 0xa
core   0: 3 0x8000fb08 (0x0000a397) x 7 0x80019b08
core   0: 0x8000fb0c (0x9d738393) addi    t2, t2, -1577
core   0: 3 0x8000fb0c (0x9d738393) x 7 0x800194df
core   0: 0x8000fb10 (0x00fd0323) sb      a5, 6(s10)
core   0: 3 0x8000fb10 (0x00fd0323) mem 0x8002276b 0x0
core   0: 0x8000fb14 (0xfd8e5c03) lhu     s8, -40(t3)
core   0: 3 0x8000fb14 (0xfd8e5c03) x24 0x00000000 mem 0x8001ba6c
core   0: 0x8000fb18 (0x007c8403) lb      s0, 7(s9)
core   0: 3 0x8000fb18 (0x007c8403) x 8 0x00000000 mem 0x8001652b
core   0: 0x8000fb1c (0xfca3c883) lbu     a7, -54(t2)
core   0: 3 0x8000fb1c (0xfca3c883) x17 0x00000000 mem 0x800194a9
core   0: 0x8000fb20 (0x008d4603) lbu     a2, 8(s10)
core   0: 3 0x8000fb20 (0x008d4603) x12 0x00000000 mem 0x8002276d
core   0: 0x8000fb24 (0xfe838083) lb      ra, -24(t2)
core   0: 3 0x8000fb24 (0xfe838083) x 1 0x00000000 mem 0x800194c7
core   0: 0x8000fb28 (0x010d4e83) lbu     t4, 16(s10)
core   0: 3 0x8000fb28 (0x010d4e83) x29 0x00000000 mem 0x80022775
core   0: 0x8000fb2c (0x00be4283) lbu     t0, 11(t3)
core   0: 3 0x8000fb2c (0x00be4283) x 5 0x00000000 mem 0x8001ba9f
core   0: 0x8000fb30 (0x94284a03) lbu     s4, -1726(a6)
core   0: 3 0x8000fb30 (0x94284a03) x20 0x00000000 mem 0x8001a899
core   0: 0x8000fb34 (0x014e0fa3) sb      s4, 31(t3)
core   0: 3 0x8000fb34 (0x014e0fa3) mem 0x8001bab3 0x0
core   0: 0x8000fb38 (0xffee08a3) sb      t5, -15(t3)
core   0: 3 0x8000fb38 (0xffee08a3) mem 0x8001ba85 0x0
core   0: 0x8000fb3c (0xfcf38123) sb      a5, -62(t2)
core   0: 3 0x8000fb3c (0xfcf38123) mem 0x800194a1 0x0
core   0: 0x8000fb40 (0xfd038f23) sb      a6, -34(t2)
core   0: 3 0x8000fb40 (0xfd038f23) mem 0x800194bd 0x57
core   0: 0x8000fb44 (0xb8080f23) sb      zero, -1122(a6)
core   0: 3 0x8000fb44 (0xb8080f23) mem 0x8001aaf5 0x0
core   0: 0x8000fb48 (0xb0980a03) lb      s4, -1271(a6)
core   0: 3 0x8000fb48 (0xb0980a03) x20 0x00000000 mem 0x8001aa60
core   0: 0x8000fb4c (0x00ecd103) lhu     sp, 14(s9)
core   0: 3 0x8000fb4c (0x00ecd103) x 2 0x00000000 mem 0x80016532
core   0: 0x8000fb50 (0x008e2223) sw      s0, 4(t3)
core   0: 3 0x8000fb50 (0x008e2223) mem 0x8001ba98 0x00000000
core   0: 0x8000fb54 (0x63e84183) lbu     gp, 1598(a6)
core   0: 3 0x8000fb54 (0x63e84183) x 3 0x00000000 mem 0x8001b595
core   0: 0x8000fb58 (0x03ae0aa3) sb      s10, 53(t3)
core   0: 3 0x8000fb58 (0x03ae0aa3) mem 0x8001bac9 0x65
core   0: 0x8000fb5c (0x00f38783) lb      a5, 15(t2)
core   0: 3 0x8000fb5c (0x00f38783) x15 0x00000000 mem 0x800194ee
core   0: 0x8000fb60 (0xfcae4703) lbu     a4, -54(t3)
core   0: 3 0x8000fb60 (0xfcae4703) x14 0x00000000 mem 0x8001ba5e
core   0: 0x8000fb64 (0xfe1d0da3) sb      ra, -5(s10)
core   0: 3 0x8000fb64 (0xfe1d0da3) mem 0x80022760 0x0
core   0: 0x8000fb68 (0x03d3c003) lbu     zero, 61(t2)
core   0: 3 0x8000fb68 (0x03d3c003) mem 0x8001951c
core   0: 0x8000fb6c (0x016ca823) sw      s6, 16(s9)
core   0: 3 0x8000fb6c (0x016ca823) mem 0x80016534 0x80022354
core   0: 0x8000fb70 (0x032e00a3) sb      s2, 33(t3)
core   0: 3 0x8000fb70 (0x032e00a3) mem 0x8001bab5 0x0
core   0: 0x8000fb74 (0x59f81983) lh      s3, 1439(a6)
core   0: 3 0x8000fb74 (0x59f81983) x19 0x00000000 mem 0x8001b4f6
core   0: 0x8000fb78 (0x00006517) auipc   a0, 0x6
core   0: 3 0x8000fb78 (0x00006517) x10 0x80015b78
core   0: 0x8000fb7c (0x9d650513) addi    a0, a0, -1578
core   0: 3 0x8000fb7c (0x9d650513) x10 0x8001554e
core   0: 0x8000fb80 (0x982f0c97) auipc   s9, 0x982f0
core   0: 3 0x8000fb80 (0x982f0c97) x25 0x182ffb80
core   0: 0x8000fb84 (0xff854c83) lbu     s9, -8(a0)
core   0: 3 0x8000fb84 (0xff854c83) x25 0x00000000 mem 0x80015546
core   0: 0x8000fb88 (0x6969b6b7) lui     a3, 0x6969b
core   0: 3 0x8000fb88 (0x6969b6b7) x13 0x6969b000
core   0: 0x8000fb8c (0x01c54c83) lbu     s9, 28(a0)
core   0: 3 0x8000fb8c (0x01c54c83) x25 0x00000000 mem 0x8001556a
core   0: 0x8000fb90 (0x01d50f03) lb      t5, 29(a0)
core   0: 3 0x8000fb90 (0x01d50f03) x30 0x00000000 mem 0x8001556b
core   0: 0x8000fb94 (0x0196ef33) or      t5, a3, s9
core   0: 3 0x8000fb94 (0x0196ef33) x30 0x6969b000
core   0: 0x8000fb98 (0x02252f03) lw      t5, 34(a0)
core   0: 3 0x8000fb98 (0x02252f03) x30 0x00000000 mem 0x80015570
core   0: 0x8000fb9c (0xfe550c83) lb      s9, -27(a0)
core   0: 3 0x8000fb9c (0xfe550c83) x25 0x00000000 mem 0x80015533
core   0: 0x8000fba0 (0x002f0f33) add     t5, t5, sp
core   0: 3 0x8000fba0 (0x002f0f33) x30 0x00000000
core   0: 0x8000fba4 (0x01203cb3) snez    s9, s2
core   0: 3 0x8000fba4 (0x01203cb3) x25 0x00000000
core   0: 0x8000fba8 (0x6e5f6113) ori     sp, t5, 1765
core   0: 3 0x8000fba8 (0x6e5f6113) x 2 0x000006e5
core   0: 0x8000fbac (0x01d50683) lb      a3, 29(a0)
core   0: 3 0x8000fbac (0x01d50683) x13 0x00000000 mem 0x8001556b
core   0: 0x8000fbb0 (0x00094f33) xor     t5, s2, zero
core   0: 3 0x8000fbb0 (0x00094f33) x30 0x00000000
core   0: 0x8000fbb4 (0x01e509a3) sb      t5, 19(a0)
core   0: 3 0x8000fbb4 (0x01e509a3) mem 0x80015561 0x0
core   0: 0x8000fbb8 (0x37f16913) ori     s2, sp, 895
core   0: 3 0x8000fbb8 (0x37f16913) x18 0x000007ff
core   0: 0x8000fbbc (0x07aca013) slti    zero, s9, 122
core   0: 3 0x8000fbbc (0x07aca013)
core   0: 0x8000fbc0 (0x578f0f13) addi    t5, t5, 1400
core   0: 3 0x8000fbc0 (0x578f0f13) x30 0x00000578
core   0: 0x8000fbc4 (0x41e68033) sub     zero, a3, t5
core   0: 3 0x8000fbc4 (0x41e68033)
core   0: 0x8000fbc8 (0xfd554c83) lbu     s9, -43(a0)
core   0: 3 0x8000fbc8 (0xfd554c83) x25 0x00000000 mem 0x80015523
core   0: 0x8000fbcc (0x01a05113) srli    sp, zero, 26
core   0: 3 0x8000fbcc (0x01a05113) x 2 0x00000000
core   0: 0x8000fbd0 (0x000f1f33) sll     t5, t5, zero
core   0: 3 0x8000fbd0 (0x000f1f33) x30 0x00000578
core   0: 0x8000fbd4 (0x012046b3) xor     a3, zero, s2
core   0: 3 0x8000fbd4 (0x012046b3) x13 0x000007ff
core   0: 0x8000fbd8 (0x01e12cb3) slt     s9, sp, t5
core   0: 3 0x8000fbd8 (0x01e12cb3) x25 0x00000001
core   0: 0x8000fbdc (0xfd9500a3) sb      s9, -63(a0)
core   0: 3 0x8000fbdc (0xfd9500a3) mem 0x8001550f 0x1
core   0: 0x8000fbe0 (0x0000100f) fence.i
core   0: 3 0x8000fbe0 (0x0000100f)
core   0: 0x8000fbe4 (0xfc250b23) sb      sp, -42(a0)
core   0: 3 0x8000fbe4 (0xfc250b23) mem 0x80015524 0x0
core   0: 0x8000fbe8 (0x00216cb3) or      s9, sp, sp
core   0: 3 0x8000fbe8 (0x00216cb3) x25 0x00000000
core   0: 0x8000fbec (0x0ff0000f) fence   iorw,iorw
core   0: 3 0x8000fbec (0x0ff0000f)
core   0: 0x8000fbf0 (0x400cd6b3) sra     a3, s9, zero
core   0: 3 0x8000fbf0 (0x400cd6b3) x13 0x00000000
core   0: 0x8000fbf4 (0xd5b6cf13) xori    t5, a3, -677
core   0: 3 0x8000fbf4 (0xd5b6cf13) x30 0xfffffd5b
core   0: 0x8000fbf8 (0xf6c6b693) sltiu   a3, a3, -148
core   0: 3 0x8000fbf8 (0xf6c6b693) x13 0x00000001
core   0: 0x8000fbfc (0x02e52103) lw      sp, 46(a0)
core   0: 3 0x8000fbfc (0x02e52103) x 2 0x00000000 mem 0x8001557c
core   0: 0x8000fc00 (0x07acaf13) slti    t5, s9, 122
core   0: 3 0x8000fc00 (0x07acaf13) x30 0x00000001
core   0: 0x8000fc04 (0x01ef0133) add     sp, t5, t5
core   0: 3 0x8000fc04 (0x01ef0133) x 2 0x00000002
core   0: 0x8000fc08 (0x01605f13) srli    t5, zero, 22
core   0: 3 0x8000fc08 (0x01605f13) x30 0x00000000
core   0: 0x8000fc0c (0xffd54103) lbu     sp, -3(a0)
core   0: 3 0x8000fc0c (0xffd54103) x 2 0x00000000 mem 0x8001554b
core   0: 0x8000fc10 (0x054007ef) jal     a5, pc + 0x54
core   0: 3 0x8000fc10 (0x054007ef) x15 0x8000fc14
core   0: 0x8000fc64 (0xfc1ff1ef) jal     gp, pc - 0x40
core   0: 3 0x8000fc64 (0xfc1ff1ef) x 3 0x8000fc68
core   0: 0x8000fc24 (0xffdff2ef) jal     t0, pc - 0x4
core   0: 3 0x8000fc24 (0xffdff2ef) x 5 0x8000fc28
core   0: 0x8000fc20 (0x00c0086f) jal     a6, pc + 0xc
core   0: 3 0x8000fc20 (0x00c0086f) x16 0x8000fc24
core   0: 0x8000fc2c (0x004000ef) jal     pc + 0x4
core   0: 3 0x8000fc2c (0x004000ef) x 1 0x8000fc30
core   0: 0x8000fc30 (0xff9ff36f) jal     t1, pc - 0x8
core   0: 3 0x8000fc30 (0xff9ff36f) x 6 0x8000fc34
core   0: 0x8000fc28 (0x020000ef) jal     pc + 0x20
core   0: 3 0x8000fc28 (0x020000ef) x 1 0x8000fc2c
core   0: 0x8000fc48 (0xff5ff0ef) jal     pc - 0xc
core   0: 3 0x8000fc48 (0xff5ff0ef) x 1 0x8000fc4c
core   0: 0x8000fc3c (0x02c000ef) jal     pc + 0x2c
core   0: 3 0x8000fc3c (0x02c000ef) x 1 0x8000fc40
core   0: 0x8000fc68 (0xfd9ff36f) jal     t1, pc - 0x28
core   0: 3 0x8000fc68 (0xfd9ff36f) x 6 0x8000fc6c
core   0: 0x8000fc40 (0x010000ef) jal     pc + 0x10
core   0: 3 0x8000fc40 (0x010000ef) x 1 0x8000fc44
core   0: 0x8000fc50 (0xfc9ffdef) jal     s11, pc - 0x38
core   0: 3 0x8000fc50 (0xfc9ffdef) x27 0x8000fc54
core   0: 0x8000fc18 (0x004000ef) jal     pc + 0x4
core   0: 3 0x8000fc18 (0x004000ef) x 1 0x8000fc1c
core   0: 0x8000fc1c (0x040000ef) jal     pc + 0x40
core   0: 3 0x8000fc1c (0x040000ef) x 1 0x8000fc20
core   0: 0x8000fc5c (0xfe9ff36f) jal     t1, pc - 0x18
core   0: 3 0x8000fc5c (0xfe9ff36f) x 6 0x8000fc60
core   0: 0x8000fc44 (0xff1ff0ef) jal     pc - 0x10
core   0: 3 0x8000fc44 (0xff1ff0ef) x 1 0x8000fc48
core   0: 0x8000fc34 (0x020000ef) jal     pc + 0x20
core   0: 3 0x8000fc34 (0x020000ef) x 1 0x8000fc38
core   0: 0x8000fc54 (0xfc1ff0ef) jal     pc - 0x40
core   0: 3 0x8000fc54 (0xfc1ff0ef) x 1 0x8000fc58
core   0: 0x8000fc14 (0x044000ef) jal     pc + 0x44
core   0: 3 0x8000fc14 (0x044000ef) x 1 0x8000fc18
core   0: 0x8000fc58 (0xfe1ff0ef) jal     pc - 0x20
core   0: 3 0x8000fc58 (0xfe1ff0ef) x 1 0x8000fc5c
core   0: 0x8000fc38 (0x028000ef) jal     pc + 0x28
core   0: 3 0x8000fc38 (0x028000ef) x 1 0x8000fc3c
core   0: 0x8000fc60 (0xfedff8ef) jal     a7, pc - 0x14
core   0: 3 0x8000fc60 (0xfedff8ef) x17 0x8000fc64
core   0: 0x8000fc4c (0x0200036f) jal     t1, pc + 0x20
core   0: 3 0x8000fc4c (0x0200036f) x 6 0x8000fc50
core   0: 0x8000fc6c (0xe1c26313) ori     t1, tp, -484
core   0: 3 0x8000fc6c (0xe1c26313) x 6 0xfffffe1c
core   0: 0x8000fc70 (0x00002117) auipc   sp, 0x2
core   0: 3 0x8000fc70 (0x00002117) x 2 0x80011c70
core   0: 0x8000fc74 (0x75410113) addi    sp, sp, 1876
core   0: 3 0x8000fc74 (0x75410113) x 2 0x800123c4
core   0: 0x8000fc78 (0x019678b3) and     a7, a2, s9
core   0: 3 0x8000fc78 (0x019678b3) x17 0x00000000
core   0: 0x8000fc7c (0xdf5b4f13) xori    t5, s6, -523
core   0: 3 0x8000fc7c (0xdf5b4f13) x30 0x7ffddea1
core   0: 0x8000fc80 (0x00412b03) lw      s6, 4(sp)
core   0: 3 0x8000fc80 (0x00412b03) x22 0x00000000 mem 0x800123c8
core   0: 0x8000fc84 (0xed293293) sltiu   t0, s2, -302
core   0: 3 0x8000fc84 (0xed293293) x 5 0x00000001
core   0: 0x8000fc88 (0x015bd3b3) srl     t2, s7, s5
core   0: 3 0x8000fc88 (0x015bd3b3) x 7 0x00000010
core   0: 0x8000fc8c (0x014d6db3) or      s11, s10, s4
core   0: 3 0x8000fc8c (0x014d6db3) x27 0x80022765
core   0: 0x8000fc90 (0x00b100a3) sb      a1, 1(sp)
core   0: 3 0x8000fc90 (0x00b100a3) mem 0x800123c5 0x0
core   0: 0x8000fc94 (0x00bfd993) srli    s3, t6, 11
core   0: 3 0x8000fc94 (0x00bfd993) x19 0x00100039
core   0: 0x8000fc98 (0x00997f33) and     t5, s2, s1
core   0: 3 0x8000fc98 (0x00997f33) x30 0x000004e4
core   0: 0x8000fc9c (0x0146b733) sltu    a4, a3, s4
core   0: 3 0x8000fc9c (0x0146b733) x14 0x00000000
core   0: 0x8000fca0 (0x00f14903) lbu     s2, 15(sp)
core   0: 3 0x8000fca0 (0x00f14903) x18 0x00000000 mem 0x800123d3
core   0: 0x8000fca4 (0x01014183) lbu     gp, 16(sp)
core   0: 3 0x8000fca4 (0x01014183) x 3 0x00000000 mem 0x800123d4
core   0: 0x8000fca8 (0x15b411b7) lui     gp, 0x15b41
core   0: 3 0x8000fca8 (0x15b411b7) x 3 0x15b41000
core   0: 0x8000fcac (0x00a15183) lhu     gp, 10(sp)
core   0: 3 0x8000fcac (0x00a15183) x 3 0x00000000 mem 0x800123ce
core   0: 0x8000fcb0 (0xffb14983) lbu     s3, -5(sp)
core   0: 3 0x8000fcb0 (0xffb14983) x19 0x00000000 mem 0x800123bf
core   0: 0x8000fcb4 (0xff410c23) sb      s4, -8(sp)
core   0: 3 0x8000fcb4 (0xff410c23) mem 0x800123bc 0x0
core   0: 0x8000fcb8 (0xff310803) lb      a6, -13(sp)
core   0: 3 0x8000fcb8 (0xff310803) x16 0x00000000 mem 0x800123b7
core   0: 0x8000fcbc (0xff511d23) sh      s5, -6(sp)
core   0: 3 0x8000fcbc (0xff511d23) mem 0x800123be 0x12bb
core   0: 0x8000fcc0 (0x01910823) sb      s9, 16(sp)
core   0: 3 0x8000fcc0 (0x01910823) mem 0x800123d4 0x0
core   0: 0x8000fcc4 (0x0ff0000f) fence   iorw,iorw
core   0: 3 0x8000fcc4 (0x0ff0000f)
core   0: 0x8000fcc8 (0x0173d233) srl     tp, t2, s7
core   0: 3 0x8000fcc8 (0x0173d233) x 4 0x00000000
core   0: 0x8000fccc (0x413283b3) sub     t2, t0, s3
core   0: 3 0x8000fccc (0x413283b3) x 7 0x00000001
core   0: 0x8000fcd0 (0xfef10b23) sb      a5, -10(sp)
core   0: 3 0x8000fcd0 (0xfef10b23) mem 0x800123ba 0x14
core   0: 0x8000fcd4 (0x01353eb3) sltu    t4, a0, s3
core   0: 3 0x8000fcd4 (0x01353eb3) x29 0x00000000
core   0: 0x8000fcd8 (0xf002ba13) sltiu   s4, t0, -256
core   0: 3 0x8000fcd8 (0xf002ba13) x20 0x00000001
core   0: 0x8000fcdc (0x410282b3) sub     t0, t0, a6
core   0: 3 0x8000fcdc (0x410282b3) x 5 0x00000001
core   0: 0x8000fce0 (0x00214803) lbu     a6, 2(sp)
core   0: 3 0x8000fce0 (0x00214803) x16 0x00000000 mem 0x800123c6
core   0: 0x8000fce4 (0x00003617) auipc   a2, 0x3
core   0: 3 0x8000fce4 (0x00003617) x12 0x80012ce4
core   0: 0x8000fce8 (0xc9d60613) addi    a2, a2, -867
core   0: 3 0x8000fce8 (0xc9d60613) x12 0x80012981
core   0: 0x8000fcec (0x00004b17) auipc   s6, 0x4
core   0: 3 0x8000fcec (0x00004b17) x22 0x80013cec
core   0: 0x8000fcf0 (0x456b0b13) addi    s6, s6, 1110
core   0: 3 0x8000fcf0 (0x456b0b13) x22 0x80014142
core   0: 0x8000fcf4 (0x01bb0303) lb      t1, 27(s6)
core   0: 3 0x8000fcf4 (0x01bb0303) x 6 0x00000000 mem 0x8001415d
core   0: 0x8000fcf8 (0xfcdb0083) lb      ra, -51(s6)
core   0: 3 0x8000fcf8 (0xfcdb0083) x 1 0x00000000 mem 0x8001410f
core   0: 0x8000fcfc (0x004615a3) sh      tp, 11(a2)
core   0: 3 0x8000fcfc (0x004615a3) mem 0x8001298c 0x0000
core   0: 0x8000fd00 (0xffeb1383) lh      t2, -2(s6)
core   0: 3 0x8000fd00 (0xffeb1383) x 7 0x00000000 mem 0x80014140
core   0: 0x8000fd04 (0xff4b5d03) lhu     s10, -12(s6)
core   0: 3 0x8000fd04 (0xff4b5d03) x26 0x00000000 mem 0x80014136
core   0: 0x8000fd08 (0x014621a3) sw      s4, 3(a2)
core   0: 3 0x8000fd08 (0x014621a3) mem 0x80012984 0x00000001
core   0: 0x8000fd0c (0xff860183) lb      gp, -8(a2)
core   0: 3 0x8000fd0c (0xff860183) x 3 0x00000000 mem 0x80012979
core   0: 0x8000fd10 (0xfcdb4883) lbu     a7, -51(s6)
core   0: 3 0x8000fd10 (0xfcdb4883) x17 0x00000000 mem 0x8001410f
core   0: 0x8000fd14 (0x00f62883) lw      a7, 15(a2)
core   0: 3 0x8000fd14 (0x00f62883) x17 0x00000000 mem 0x80012990
core   0: 0x8000fd18 (0xff564583) lbu     a1, -11(a2)
core   0: 3 0x8000fd18 (0xff564583) x11 0x00000000 mem 0x80012976
core   0: 0x8000fd1c (0xff264e83) lbu     t4, -14(a2)
core   0: 3 0x8000fd1c (0xff264e83) x29 0x00000000 mem 0x80012973
core   0: 0x8000fd20 (0xfe1b1923) sh      ra, -14(s6)
core   0: 3 0x8000fd20 (0xfe1b1923) mem 0x80014134 0x0000
core   0: 0x8000fd24 (0x00e64683) lbu     a3, 14(a2)
core   0: 3 0x8000fd24 (0x00e64683) x13 0x00000000 mem 0x8001298f
core   0: 0x8000fd28 (0xffa64683) lbu     a3, -6(a2)
core   0: 3 0x8000fd28 (0xffa64683) x13 0x00000000 mem 0x8001297b
core   0: 0x8000fd2c (0xfe8b5f83) lhu     t6, -24(s6)
core   0: 3 0x8000fd2c (0xfe8b5f83) x31 0x00000000 mem 0x8001412a
core   0: 0x8000fd30 (0x02eb07a3) sb      a4, 47(s6)
core   0: 3 0x8000fd30 (0x02eb07a3) mem 0x80014171 0x0
core   0: 0x8000fd34 (0x01860123) sb      s8, 2(a2)
core   0: 3 0x8000fd34 (0x01860123) mem 0x80012983 0x0
core   0: 0x8000fd38 (0x0000c897) auipc   a7, 0xc
core   0: 3 0x8000fd38 (0x0000c897) x17 0x8001bd38
core   0: 0x8000fd3c (0xd6088893) addi    a7, a7, -672
core   0: 3 0x8000fd3c (0xd6088893) x17 0x8001ba98
core   0: 0x8000fd40 (0x00003c17) auipc   s8, 0x3
core   0: 3 0x8000fd40 (0x00003c17) x24 0x80012d40
core   0: 0x8000fd44 (0xa57c0c13) addi    s8, s8, -1449
core   0: 3 0x8000fd44 (0xa57c0c13) x24 0x80012797
core   0: 0x8000fd48 (0xf7cc4c83) lbu     s9, -132(s8)
core   0: 3 0x8000fd48 (0xf7cc4c83) x25 0x00000000 mem 0x80012713
core   0: 0x8000fd4c (0xf2588a03) lb      s4, -219(a7)
core   0: 3 0x8000fd4c (0xf2588a03) x20 0x00000000 mem 0x8001b9bd
core   0: 0x8000fd50 (0x05e89b23) sh      t5, 86(a7)
core   0: 3 0x8000fd50 (0x05e89b23) mem 0x8001baee 0x04e4
core   0: 0x8000fd54 (0xf368ce03) lbu     t3, -202(a7)
core   0: 3 0x8000fd54 (0xf368ce03) x28 0x00000000 mem 0x8001b9ce
core   0: 0x8000fd58 (0xf8c8c083) lbu     ra, -116(a7)
core   0: 3 0x8000fd58 (0xf8c8c083) x 1 0x00000000 mem 0x8001ba24
core   0: 0x8000fd5c (0xf32c0d23) sb      s2, -198(s8)
core   0: 3 0x8000fd5c (0xf32c0d23) mem 0x800126d1 0x0
core   0: 0x8000fd60 (0x02289103) lh      sp, 34(a7)
core   0: 3 0x8000fd60 (0x02289103) x 2 0x00000000 mem 0x8001baba
core   0: 0x8000fd64 (0x000c0d83) lb      s11, 0(s8)
core   0: 3 0x8000fd64 (0x000c0d83) x27 0x00000000 mem 0x80012797
core   0: 0x8000fd68 (0x0d688803) lb      a6, 214(a7)
core   0: 3 0x8000fd68 (0x0d688803) x16 0x00000000 mem 0x8001bb6e
core   0: 0x8000fd6c (0x026c4783) lbu     a5, 38(s8)
core   0: 3 0x8000fd6c (0x026c4783) x15 0x00000000 mem 0x800127bd
core   0: 0x8000fd70 (0x08589f23) sh      t0, 158(a7)
core   0: 3 0x8000fd70 (0x08589f23) mem 0x8001bb36 0x0001
core   0: 0x8000fd74 (0x0f08a703) lw      a4, 240(a7)
core   0: 3 0x8000fd74 (0x0f08a703) x14 0x00000000 mem 0x8001bb88
core   0: 0x8000fd78 (0xf7fc5f03) lhu     t5, -129(s8)
core   0: 3 0x8000fd78 (0xf7fc5f03) x30 0x00000000 mem 0x80012716
core   0: 0x8000fd7c (0x0d1884a3) sb      a7, 201(a7)
core   0: 3 0x8000fd7c (0x0d1884a3) mem 0x8001bb61 0x98
core   0: 0x8000fd80 (0xf53c0e83) lb      t4, -173(s8)
core   0: 3 0x8000fd80 (0xf53c0e83) x29 0x00000000 mem 0x800126ea
core   0: 0x8000fd84 (0x00006d97) auipc   s11, 0x6
core   0: 3 0x8000fd84 (0x00006d97) x27 0x80015d84
core   0: 0x8000fd88 (0x1d3d8d93) addi    s11, s11, 467
core   0: 3 0x8000fd88 (0x1d3d8d93) x27 0x80015f57
core   0: 0x8000fd8c (0x01293533) sltu    a0, s2, s2
core   0: 3 0x8000fd8c (0x01293533) x10 0x00000000
core   0: 0x8000fd90 (0x00edc203) lbu     tp, 14(s11)
core   0: 3 0x8000fd90 (0x00edc203) x 4 0x00000000 mem 0x80015f65
core   0: 0x8000fd94 (0x01bd5613) srli    a2, s10, 27
core   0: 3 0x8000fd94 (0x01bd5613) x12 0x00000000
core   0: 0x8000fd98 (0x0ff0000f) fence   iorw,iorw
core   0: 3 0x8000fd98 (0x0ff0000f)
core   0: 0x8000fd9c (0x00edc803) lbu     a6, 14(s11)
core   0: 3 0x8000fd9c (0x00edc803) x16 0x00000000 mem 0x80015f65
core   0: 0x8000fda0 (0xffcdca03) lbu     s4, -4(s11)
core   0: 3 0x8000fda0 (0xffcdca03) x20 0x00000000 mem 0x80015f53
core   0: 0x8000fda4 (0xfe9d8e23) sb      s1, -4(s11)
core   0: 3 0x8000fda4 (0xfe9d8e23) mem 0x80015f53 0xe4
core   0: 0x8000fda8 (0xffcdc383) lbu     t2, -4(s11)
core   0: 3 0x8000fda8 (0xffcdc383) x 7 0x000000e4 mem 0x80015f53
core   0: 0x8000fdac (0x0000100f) fence.i
core   0: 3 0x8000fdac (0x0000100f)
core   0: 0x8000fdb0 (0xffcdc183) lbu     gp, -4(s11)
core   0: 3 0x8000fdb0 (0xffcdc183) x 3 0x000000e4 mem 0x80015f53
core   0: 0x8000fdb4 (0x40de51b3) sra     gp, t3, a3
core   0: 3 0x8000fdb4 (0x40de51b3) x 3 0x00000000
core   0: 0x8000fdb8 (0x003dd403) lhu     s0, 3(s11)
core   0: 3 0x8000fdb8 (0x003dd403) x 8 0x00000000 mem 0x80015f5a
core   0: 0x8000fdbc (0x003dc803) lbu     a6, 3(s11)
core   0: 3 0x8000fdbc (0x003dc803) x16 0x00000000 mem 0x80015f5a
core   0: 0x8000fdc0 (0xff2d8283) lb      t0, -14(s11)
core   0: 3 0x8000fdc0 (0xff2d8283) x 5 0x00000000 mem 0x80015f49
core   0: 0x8000fdc4 (0xff2d8903) lb      s2, -14(s11)
core   0: 3 0x8000fdc4 (0xff2d8903) x18 0x00000000 mem 0x80015f49
core   0: 0x8000fdc8 (0x4131df93) srai    t6, gp, 19
core   0: 3 0x8000fdc8 (0x4131df93) x31 0x00000000
core   0: 0x8000fdcc (0xfe1d8923) sb      ra, -14(s11)
core   0: 3 0x8000fdcc (0xfe1d8923) mem 0x80015f49 0x0
core   0: 0x8000fdd0 (0x005fcb33) xor     s6, t6, t0
core   0: 3 0x8000fdd0 (0x005fcb33) x22 0x00000000
core   0: 0x8000fdd4 (0xffdd8783) lb      a5, -3(s11)
core   0: 3 0x8000fdd4 (0xffdd8783) x15 0x00000000 mem 0x80015f54
core   0: 0x8000fdd8 (0xfe7daea3) sw      t2, -3(s11)
core   0: 3 0x8000fdd8 (0xfe7daea3) mem 0x80015f54 0x000000e4
core   0: 0x8000fddc (0xff2daea3) sw      s2, -3(s11)
core   0: 3 0x8000fddc (0xff2daea3) mem 0x80015f54 0x00000000
core   0: 0x8000fde0 (0x00002517) auipc   a0, 0x2
core   0: 3 0x8000fde0 (0x00002517) x10 0x80011de0
core   0: 0x8000fde4 (0x78250513) addi    a0, a0, 1922
core   0: 3 0x8000fde4 (0x78250513) x10 0x80012562
core   0: 0x8000fde8 (0x00003117) auipc   sp, 0x3
core   0: 3 0x8000fde8 (0x00003117) x 2 0x80012de8
core   0: 0x8000fdec (0xfe810113) addi    sp, sp, -24
core   0: 3 0x8000fdec (0xfe810113) x 2 0x80012dd0
core   0: 0x8000fdf0 (0x00003a17) auipc   s4, 0x3
core   0: 3 0x8000fdf0 (0x00003a17) x20 0x80012df0
core   0: 0x8000fdf4 (0x997a0a13) addi    s4, s4, -1641
core   0: 3 0x8000fdf4 (0x997a0a13) x20 0x80012787
core   0: 0x8000fdf8 (0x00003717) auipc   a4, 0x3
core   0: 3 0x8000fdf8 (0x00003717) x14 0x80012df8
core   0: 0x8000fdfc (0x91470713) addi    a4, a4, -1772
core   0: 3 0x8000fdfc (0x91470713) x14 0x8001270c
core   0: 0x8000fe00 (0x00003c17) auipc   s8, 0x3
core   0: 3 0x8000fe00 (0x00003c17) x24 0x80012e00
core   0: 0x8000fe04 (0xac8c0c13) addi    s8, s8, -1336
core   0: 3 0x8000fe04 (0xac8c0c13) x24 0x800128c8
core   0: 0x8000fe08 (0xa1dc4903) lbu     s2, -1507(s8)
core   0: 3 0x8000fe08 (0xa1dc4903) x18 0x00000000 mem 0x800122e5
core   0: 0x8000fe0c (0x00071303) lh      t1, 0(a4)
core   0: 3 0x8000fe0c (0x00071303) x 6 0x00000000 mem 0x8001270c
core   0: 0x8000fe10 (0xfce14083) lbu     ra, -50(sp)
core   0: 3 0x8000fe10 (0xfce14083) x 1 0x00000000 mem 0x80012d9e
core   0: 0x8000fe14 (0x00854083) lbu     ra, 8(a0)
core   0: 3 0x8000fe14 (0x00854083) x 1 0x00000000 mem 0x8001256a
core   0: 0x8000fe18 (0x01070da3) sb      a6, 27(a4)
core   0: 3 0x8000fe18 (0x01070da3) mem 0x80012727 0x0
core   0: 0x8000fe1c (0xffd14183) lbu     gp, -3(sp)
core   0: 3 0x8000fe1c (0xffd14183) x 3 0x00000000 mem 0x80012dcd
core   0: 0x8000fe20 (0x42bc0583) lb      a1, 1067(s8)
core   0: 3 0x8000fe20 (0x42bc0583) x11 0x00000000 mem 0x80012cf3
core   0: 0x8000fe24 (0x009a22a3) sw      s1, 5(s4)
core   0: 3 0x8000fe24 (0x009a22a3) mem 0x8001278c 0x8002bce4
core   0: 0x8000fe28 (0x02f10883) lb      a7, 47(sp)
core   0: 3 0x8000fe28 (0x02f10883) x17 0xffffff80 mem 0x80012dff
core   0: 0x8000fe2c (0xfec74803) lbu     a6, -20(a4)
core   0: 3 0x8000fe2c (0xfec74803) x16 0x00000000 mem 0x800126f8
core   0: 0x8000fe30 (0x034a0783) lb      a5, 52(s4)
core   0: 3 0x8000fe30 (0x034a0783) x15 0x00000000 mem 0x800127bb
core   0: 0x8000fe34 (0x00754c83) lbu     s9, 7(a0)
core   0: 3 0x8000fe34 (0x00754c83) x25 0x00000000 mem 0x80012569
core   0: 0x8000fe38 (0xff1a1c83) lh      s9, -15(s4)
core   0: 3 0x8000fe38 (0xff1a1c83) x25 0x00000000 mem 0x80012778
core   0: 0x8000fe3c (0x030a0803) lb      a6, 48(s4)
core   0: 3 0x8000fe3c (0x030a0803) x16 0x00000001 mem 0x800127b7
core   0: 0x8000fe40 (0xc91c0803) lb      a6, -879(s8)
core   0: 3 0x8000fe40 (0xc91c0803) x16 0x00000000 mem 0x80012559
core   0: 0x8000fe44 (0x027107a3) sb      t2, 47(sp)
core   0: 3 0x8000fe44 (0x027107a3) mem 0x80012dff 0xe4
core   0: 0x8000fe48 (0xb5dc0403) lb      s0, -1187(s8)
core   0: 3 0x8000fe48 (0xb5dc0403) x 8 0x00000000 mem 0x80012425
core   0: 0x8000fe4c (0x00671883) lh      a7, 6(a4)
core   0: 3 0x8000fe4c (0x00671883) x17 0x00000000 mem 0x80012712
core   0: 0x8000fe50 (0xff210b23) sb      s2, -10(sp)
core   0: 3 0x8000fe50 (0xff210b23) mem 0x80012dc6 0x0
core   0: 0x8000fe54 (0x871c4903) lbu     s2, -1935(s8)
core   0: 3 0x8000fe54 (0x871c4903) x18 0x00000000 mem 0x80012139
core   0: 0x8000fe58 (0xfd7a17a3) sh      s7, -49(s4)
core   0: 3 0x8000fe58 (0xfd7a17a3) mem 0x80012756 0x7e38
core   0: 0x8000fe5c (0xff954283) lbu     t0, -7(a0)
core   0: 3 0x8000fe5c (0xff954283) x 5 0x00000000 mem 0x8001255b
core   0: 0x8000fe60 (0x5ddc0ea3) sb      t4, 1501(s8)
core   0: 3 0x8000fe60 (0x5ddc0ea3) mem 0x80012ea5 0x0
core   0: 0x8000fe64 (0xff0a0583) lb      a1, -16(s4)
core   0: 3 0x8000fe64 (0xff0a0583) x11 0x00000000 mem 0x80012777
core   0: 0x8000fe68 (0xfdb74903) lbu     s2, -37(a4)
core   0: 3 0x8000fe68 (0xfdb74903) x18 0x00000000 mem 0x800126e7
core   0: 0x8000fe6c (0xfce11f23) sh      a4, -34(sp)
core   0: 3 0x8000fe6c (0xfce11f23) mem 0x80012dae 0x270c
core   0: 0x8000fe70 (0xfe6a0603) lb      a2, -26(s4)
core   0: 3 0x8000fe70 (0xfe6a0603) x12 0x00000000 mem 0x8001276d
core   0: 0x8000fe74 (0xfe412e03) lw      t3, -28(sp)
core   0: 3 0x8000fe74 (0xfe412e03) x28 0x00000000 mem 0x80012db4
core   0: 0x8000fe78 (0xfd570023) sb      s5, -64(a4)
core   0: 3 0x8000fe78 (0xfd570023) mem 0x800126cc 0xbb
core   0: 0x8000fe7c (0xff5107a3) sb      s5, -17(sp)
core   0: 3 0x8000fe7c (0xff5107a3) mem 0x80012dbf 0xbb
core   0: 0x8000fe80 (0x00451303) lh      t1, 4(a0)
core   0: 3 0x8000fe80 (0x00451303) x 6 0x00000000 mem 0x80012566
core   0: 0x8000fe84 (0x01ca4683) lbu     a3, 28(s4)
core   0: 3 0x8000fe84 (0x01ca4683) x13 0x00000000 mem 0x800127a3
core   0: 0x8000fe88 (0x03374803) lbu     a6, 51(a4)
core   0: 3 0x8000fe88 (0x03374803) x16 0x00000000 mem 0x8001273f
core   0: 0x8000fe8c (0x015703a3) sb      s5, 7(a4)
core   0: 3 0x8000fe8c (0x015703a3) mem 0x80012713 0xbb
core   0: 0x8000fe90 (0x161c1f23) sh      ra, 382(s8)
core   0: 3 0x8000fe90 (0x161c1f23) mem 0x80012a46 0x0000
core   0: 0x8000fe94 (0x03314903) lbu     s2, 51(sp)
core   0: 3 0x8000fe94 (0x03314903) x18 0x00000000 mem 0x80012e03
core   0: 0x8000fe98 (0x00b50083) lb      ra, 11(a0)
core   0: 3 0x8000fe98 (0x00b50083) x 1 0x00000000 mem 0x8001256d
core   0: 0x8000fe9c (0x01170883) lb      a7, 17(a4)
core   0: 3 0x8000fe9c (0x01170883) x17 0x00000000 mem 0x8001271d
core   0: 0x8000fea0 (0x030a4403) lbu     s0, 48(s4)
core   0: 3 0x8000fea0 (0x030a4403) x 8 0x00000001 mem 0x800127b7
core   0: 0x8000fea4 (0xffb52f23) sw      s11, -2(a0)
core   0: 3 0x8000fea4 (0xffb52f23) mem 0x80012560 0x80015f57
core   0: 0x8000fea8 (0x010007ef) jal     a5, pc + 0x10
core   0: 3 0x8000fea8 (0x010007ef) x15 0x8000feac
core   0: 0x8000feb8 (0x024000ef) jal     pc + 0x24
core   0: 3 0x8000feb8 (0x024000ef) x 1 0x8000febc
core   0: 0x8000fedc (0xfd9ff0ef) jal     pc - 0x28
core   0: 3 0x8000fedc (0xfd9ff0ef) x 1 0x8000fee0
core   0: 0x8000feb4 (0x008000ef) jal     pc + 0x8
core   0: 3 0x8000feb4 (0x008000ef) x 1 0x8000feb8
core   0: 0x8000febc (0x0140036f) jal     t1, pc + 0x14
core   0: 3 0x8000febc (0x0140036f) x 6 0x8000fec0
core   0: 0x8000fed0 (0xfddff26f) jal     tp, pc - 0x24
core   0: 3 0x8000fed0 (0xfddff26f) x 4 0x8000fed4
core   0: 0x8000feac (0x014000ef) jal     pc + 0x14
core   0: 3 0x8000feac (0x014000ef) x 1 0x8000feb0
core   0: 0x8000fec0 (0x0080026f) jal     tp, pc + 0x8
core   0: 3 0x8000fec0 (0x0080026f) x 4 0x8000fec4
core   0: 0x8000fec8 (0xffdff0ef) jal     pc - 0x4
core   0: 3 0x8000fec8 (0xffdff0ef) x 1 0x8000fecc
core   0: 0x8000fec4 (0x01c0046f) jal     s0, pc + 0x1c
core   0: 3 0x8000fec4 (0x01c0046f) x 8 0x8000fec8
core   0: 0x8000fee0 (0xff5ff0ef) jal     pc - 0xc
core   0: 3 0x8000fee0 (0xff5ff0ef) x 1 0x8000fee4
core   0: 0x8000fed4 (0xff9ff36f) jal     t1, pc - 0x8
core   0: 3 0x8000fed4 (0xff9ff36f) x 6 0x8000fed8
core   0: 0x8000fecc (0xfe5ff46f) jal     s0, pc - 0x1c
core   0: 3 0x8000fecc (0xfe5ff46f) x 8 0x8000fed0
core   0: 0x8000feb0 (0x0280036f) jal     t1, pc + 0x28
core   0: 3 0x8000feb0 (0x0280036f) x 6 0x8000feb4
core   0: 0x8000fed8 (0x00c0066f) jal     a2, pc + 0xc
core   0: 3 0x8000fed8 (0x00c0066f) x12 0x8000fedc
core   0: 0x8000fee4 (0x5764c193) xori    gp, s1, 1398
core   0: 3 0x8000fee4 (0x5764c193) x 3 0x8002b992
core   0: 0x8000fee8 (0x010007ef) jal     a5, pc + 0x10
core   0: 3 0x8000fee8 (0x010007ef) x15 0x8000feec
core   0: 0x8000fef8 (0x038000ef) jal     pc + 0x38
core   0: 3 0x8000fef8 (0x038000ef) x 1 0x8000fefc
core   0: 0x8000ff30 (0xfddff36f) jal     t1, pc - 0x24
core   0: 3 0x8000ff30 (0xfddff36f) x 6 0x8000ff34
core   0: 0x8000ff0c (0xffdff36f) jal     t1, pc - 0x4
core   0: 3 0x8000ff0c (0xffdff36f) x 6 0x8000ff10
core   0: 0x8000ff08 (0x0240036f) jal     t1, pc + 0x24
core   0: 3 0x8000ff08 (0x0240036f) x 6 0x8000ff0c
core   0: 0x8000ff2c (0xfd1ff0ef) jal     pc - 0x30
core   0: 3 0x8000ff2c (0xfd1ff0ef) x 1 0x8000ff30
core   0: 0x8000fefc (0x03c000ef) jal     pc + 0x3c
core   0: 3 0x8000fefc (0x03c000ef) x 1 0x8000ff00
core   0: 0x8000ff38 (0xfbdff86f) jal     a6, pc - 0x44
core   0: 3 0x8000ff38 (0xfbdff86f) x16 0x8000ff3c
core   0: 0x8000fef4 (0x01c000ef) jal     pc + 0x1c
core   0: 3 0x8000fef4 (0x01c000ef) x 1 0x8000fef8
core   0: 0x8000ff10 (0xff1ff1ef) jal     gp, pc - 0x10
core   0: 3 0x8000ff10 (0xff1ff1ef) x 3 0x8000ff14
core   0: 0x8000ff00 (0x01c0036f) jal     t1, pc + 0x1c
core   0: 3 0x8000ff00 (0x01c0036f) x 6 0x8000ff04
core   0: 0x8000ff1c (0xfe9ff26f) jal     tp, pc - 0x18
core   0: 3 0x8000ff1c (0xfe9ff26f) x 4 0x8000ff20
core   0: 0x8000ff04 (0x0240016f) jal     sp, pc + 0x24
core   0: 3 0x8000ff04 (0x0240016f) x 2 0x8000ff08
core   0: 0x8000ff28 (0xfedff0ef) jal     pc - 0x14
core   0: 3 0x8000ff28 (0xfedff0ef) x 1 0x8000ff2c
core   0: 0x8000ff14 (0x020000ef) jal     pc + 0x20
core   0: 3 0x8000ff14 (0x020000ef) x 1 0x8000ff18
core   0: 0x8000ff34 (0xfb9ff0ef) jal     pc - 0x48
core   0: 3 0x8000ff34 (0xfb9ff0ef) x 1 0x8000ff38
core   0: 0x8000feec (0x038000ef) jal     pc + 0x38
core   0: 3 0x8000feec (0x038000ef) x 1 0x8000fef0
core   0: 0x8000ff24 (0xffdff2ef) jal     t0, pc - 0x4
core   0: 3 0x8000ff24 (0xffdff2ef) x 5 0x8000ff28
core   0: 0x8000ff20 (0xff9ff36f) jal     t1, pc - 0x8
core   0: 3 0x8000ff20 (0xff9ff36f) x 6 0x8000ff24
core   0: 0x8000ff18 (0xfd9ff26f) jal     tp, pc - 0x28
core   0: 3 0x8000ff18 (0xfd9ff26f) x 4 0x8000ff1c
core   0: 0x8000fef0 (0x04c0026f) jal     tp, pc + 0x4c
core   0: 3 0x8000fef0 (0x04c0026f) x 4 0x8000fef4
core   0: 0x8000ff3c (0xbf7f0e13) addi    t3, t5, -1033
core   0: 3 0x8000ff3c (0xbf7f0e13) x28 0xfffffbf7
core   0: 0x8000ff40 (0x00100513) li      a0, 1
core   0: 3 0x8000ff40 (0x00100513) x10 0x00000001
core   0: 0x8000ff44 (0x0131fa33) and     s4, gp, s3
core   0: 3 0x8000ff44 (0x0131fa33) x20 0x00000000
core   0: 0x8000ff48 (0x0034bfb3) sltu    t6, s1, gp
core   0: 3 0x8000ff48 (0x0034bfb3) x31 0x00000000
core   0: 0x8000ff4c (0x01cc5913) srli    s2, s8, 28
core   0: 3 0x8000ff4c (0x01cc5913) x18 0x00000008
core   0: 0x8000ff50 (0xfed00793) li      a5, -19
core   0: 3 0x8000ff50 (0xfed00793) x15 0xffffffed
core   0: 0x8000ff54 (0x85548713) addi    a4, s1, -1963
core   0: 3 0x8000ff54 (0x85548713) x14 0x8002b539
core   0: 0x8000ff58 (0x0043c233) xor     tp, t2, tp
core   0: 3 0x8000ff58 (0x0043c233) x 4 0x8000fe10
core   0: 0x8000ff5c (0x0000100f) fence.i
core   0: 3 0x8000ff5c (0x0000100f)
core   0: 0x8000ff60 (0xca4c8b17) auipc   s6, 0xca4c8
core   0: 3 0x8000ff60 (0xca4c8b17) x22 0x4a4d7f60
core   0: 0x8000ff64 (0x0ff0000f) fence   iorw,iorw
core   0: 3 0x8000ff64 (0x0ff0000f)
core   0: 0x8000ff68 (0x421c1e17) auipc   t3, 0x421c1
core   0: 3 0x8000ff68 (0x421c1e17) x28 0xc21d0f68
core   0: 0x8000ff6c (0xfff50513) addi    a0, a0, -1
core   0: 3 0x8000ff6c (0xfff50513) x10 0x00000000
core   0: 0x8000ff70 (0x0016d993) srli    s3, a3, 1
core   0: 3 0x8000ff70 (0x0016d993) x19 0x00000000
core   0: 0x8000ff74 (0x01fe18b3) sll     a7, t3, t6
core   0: 3 0x8000ff74 (0x01fe18b3) x17 0xc21d0f68
core   0: 0x8000ff78 (0x440fb293) sltiu   t0, t6, 1088
core   0: 3 0x8000ff78 (0x440fb293) x 5 0x00000001
core   0: 0x8000ff7c (0xff600693) li      a3, -10
core   0: 3 0x8000ff7c (0xff600693) x13 0xfffffff6
core   0: 0x8000ff80 (0x46b17913) andi    s2, sp, 1131
core   0: 3 0x8000ff80 (0x46b17913) x18 0x00000408
core   0: 0x8000ff84 (0xffd00d13) li      s10, -3
core   0: 3 0x8000ff84 (0xffd00d13) x26 0xfffffffd
core   0: 0x8000ff88 (0x00e7ee33) or      t3, a5, a4
core   0: 3 0x8000ff88 (0x00e7ee33) x28 0xfffffffd
core   0: 0x8000ff8c (0x0013f633) and     a2, t2, ra
core   0: 3 0x8000ff8c (0x0013f633) x12 0x000000e0
core   0: 0x8000ff90 (0x00968693) addi    a3, a3, 9
core   0: 3 0x8000ff90 (0x00968693) x13 0xffffffff
core   0: 0x8000ff94 (0xffa6cce3) blt     a3, s10, pc - 8
core   0: 3 0x8000ff94 (0xffa6cce3)
core   0: 0x8000ff98 (0x3369f193) andi    gp, s3, 822
core   0: 3 0x8000ff98 (0x3369f193) x 3 0x00000000
core   0: 0x8000ff9c (0xfcf502e3) beq     a0, a5, pc - 60
core   0: 3 0x8000ff9c (0xfcf502e3)
core   0: 0x8000ffa0 (0x9be60097) auipc   ra, 0x9be60
core   0: 3 0x8000ffa0 (0x9be60097) x 1 0x1be6ffa0
core   0: 0x8000ffa4 (0x00002617) auipc   a2, 0x2
core   0: 3 0x8000ffa4 (0x00002617) x12 0x80011fa4
core   0: 0x8000ffa8 (0x2d160613) addi    a2, a2, 721
core   0: 3 0x8000ffa8 (0x2d160613) x12 0x80012275
core   0: 0x8000ffac (0xffa60003) lb      zero, -6(a2)
core   0: 3 0x8000ffac (0xffa60003) mem 0x8001226f
core   0: 0x8000ffb0 (0x0020d433) srl     s0, ra, sp
core   0: 3 0x8000ffb0 (0x0020d433) x 8 0x001be6ff
core   0: 0x8000ffb4 (0xffa60883) lb      a7, -6(a2)
core   0: 3 0x8000ffb4 (0xffa60883) x17 0x00000000 mem 0x8001226f
core   0: 0x8000ffb8 (0xffa60f83) lb      t6, -6(a2)
core   0: 3 0x8000ffb8 (0xffa60f83) x31 0x00000000 mem 0x8001226f
core   0: 0x8000ffbc (0xfef60d23) sb      a5, -6(a2)
core   0: 3 0x8000ffbc (0xfef60d23) mem 0x8001226f 0xed
core   0: 0x8000ffc0 (0xffe64203) lbu     tp, -2(a2)
core   0: 3 0x8000ffc0 (0xffe64203) x 4 0x00000000 mem 0x80012273
core   0: 0x8000ffc4 (0xe40e7013) andi    zero, t3, -448
core   0: 3 0x8000ffc4 (0xe40e7013)
core   0: 0x8000ffc8 (0xff960f23) sb      s9, -2(a2)
core   0: 3 0x8000ffc8 (0xff960f23) mem 0x80012273 0x0
core   0: 0x8000ffcc (0xfea61ea3) sh      a0, -3(a2)
core   0: 3 0x8000ffcc (0xfea61ea3) mem 0x80012272 0x0000
core   0: 0x8000ffd0 (0x0ff0000f) fence   iorw,iorw
core   0: 3 0x8000ffd0 (0x0ff0000f)
core   0: 0x8000ffd4 (0x013d1c93) slli    s9, s10, 19
core   0: 3 0x8000ffd4 (0x013d1c93) x25 0xffe80000
core   0: 0x8000ffd8 (0xfeb60ea3) sb      a1, -3(a2)
core   0: 3 0x8000ffd8 (0xfeb60ea3) mem 0x80012272 0x0
core   0: 0x8000ffdc (0x00965c83) lhu     s9, 9(a2)
core   0: 3 0x8000ffdc (0x00965c83) x25 0x00000000 mem 0x8001227e
core   0: 0x8000ffe0 (0x00961203) lh      tp, 9(a2)
core   0: 3 0x8000ffe0 (0x00961203) x 4 0x00000000 mem 0x8001227e
core   0: 0x8000ffe4 (0x00965d03) lhu     s10, 9(a2)
core   0: 3 0x8000ffe4 (0x00965d03) x26 0x00000000 mem 0x8001227e
core   0: 0x8000ffe8 (0xffe64303) lbu     t1, -2(a2)
core   0: 3 0x8000ffe8 (0xffe64303) x 6 0x00000000 mem 0x80012273
core   0: 0x8000ffec (0xff060b03) lb      s6, -16(a2)
core   0: 3 0x8000ffec (0xff060b03) x22 0x0000004e mem 0x80012265
core   0: 0x8000fff0 (0xeff68793) addi    a5, a3, -257
core   0: 3 0x8000fff0 (0xeff68793) x15 0xfffffefe
core   0: 0x8000fff4 (0x01f88733) add     a4, a7, t6
core   0: 3 0x8000fff4 (0x01f88733) x14 0x00000000
core   0: 0x8000fff8 (0xff660e03) lb      t3, -10(a2)
core   0: 3 0x8000fff8 (0xff660e03) x28 0x00000000 mem 0x8001226b
core   0: 0x8000fffc (0x00e60203) lb      tp, 14(a2)
core   0: 3 0x8000fffc (0x00e60203) x 4 0x00000000 mem 0x80012283
core   0: 0x80010000 (0x00012117) auipc   sp, 0x12
core   0: 3 0x80010000 (0x00012117) x 2 0x80022000
core   0: 0x80010004 (0x27510113) addi    sp, sp, 629
core   0: 3 0x80010004 (0x27510113) x 2 0x80022275
core   0: 0x80010008 (0x016940b3) xor     ra, s2, s6
core   0: 3 0x80010008 (0x016940b3) x 1 0x00000446
core   0: 0x8001000c (0x63292913) slti    s2, s2, 1586
core   0: 3 0x8001000c (0x63292913) x18 0x00000001
core   0: 0x80010010 (0x95311903) lh      s2, -1709(sp)
core   0: 3 0x80010010 (0x95311903) x18 0x00000000 mem 0x80021bc8
core   0: 0x80010014 (0x0110c633) xor     a2, ra, a7
core   0: 3 0x80010014 (0x0110c633) x12 0x00000446
core   0: 0x80010018 (0xb4396b13) ori     s6, s2, -1213
core   0: 3 0x80010018 (0xb4396b13) x22 0xfffffb43
core   0: 0x8001001c (0x4ab60613) addi    a2, a2, 1195
core   0: 3 0x8001001c (0x4ab60613) x12 0x000008f1
core   0: 0x80010020 (0x00000013) nop
core   0: 3 0x80010020 (0x00000013)
core   0: 0x80010024 (0x7a814603) lbu     a2, 1960(sp)
core   0: 3 0x80010024 (0x7a814603) x12 0x00000000 mem 0x80022a1d
core   0: 0x80010028 (0xec587b13) andi    s6, a6, -315
core   0: 3 0x80010028 (0xec587b13) x22 0x8000fe04
core   0: 0x8001002c (0x00e91b13) slli    s6, s2, 14
core   0: 3 0x8001002c (0x00e91b13) x22 0x00000000
core   0: 0x80010030 (0xd1910083) lb      ra, -743(sp)
core   0: 3 0x80010030 (0xd1910083) x 1 0x00000000 mem 0x80021f8e
core   0: 0x80010034 (0x00c650b3) srl     ra, a2, a2
core   0: 3 0x80010034 (0x00c650b3) x 1 0x00000000
core   0: 0x80010038 (0xa0862613) slti    a2, a2, -1528
core   0: 3 0x80010038 (0xa0862613) x12 0x00000000
core   0: 0x8001003c (0x4db12603) lw      a2, 1243(sp)
core   0: 3 0x8001003c (0x4db12603) x12 0x00000000 mem 0x80022750
core   0: 0x80010040 (0x011098b3) sll     a7, ra, a7
core   0: 3 0x80010040 (0x011098b3) x17 0x00000000
core   0: 0x80010044 (0x999b6613) ori     a2, s6, -1639
core   0: 3 0x80010044 (0x999b6613) x12 0xfffff999
core   0: 0x80010048 (0x416b0633) sub     a2, s6, s6
core   0: 3 0x80010048 (0x416b0633) x12 0x00000000
core   0: 0x8001004c (0x0ff0000f) fence   iorw,iorw
core   0: 3 0x8001004c (0x0ff0000f)
core   0: 0x80010050 (0x34a14903) lbu     s2, 842(sp)
core   0: 3 0x80010050 (0x34a14903) x18 0x00000000 mem 0x800225bf
core   0: 0x80010054 (0x0160fb33) and     s6, ra, s6
core   0: 3 0x80010054 (0x0160fb33) x22 0x00000000
core   0: 0x80010058 (0x016898b3) sll     a7, a7, s6
core   0: 3 0x80010058 (0x016898b3) x17 0x00000000
core   0: 0x8001005c (0x156102a3) sb      s6, 325(sp)
core   0: 3 0x8001005c (0x156102a3) mem 0x800223ba 0x0
core   0: 0x80010060 (0x17b10b03) lb      s6, 379(sp)
core   0: 3 0x80010060 (0x17b10b03) x22 0x00000000 mem 0x800223f0
core   0: 0x80010064 (0xee50b893) sltiu   a7, ra, -283
core   0: 3 0x80010064 (0xee50b893) x17 0x00000001
core   0: 0x80010068 (0x01661933) sll     s2, a2, s6
core   0: 3 0x80010068 (0x01661933) x18 0x00000000
core   0: 0x8001006c (0xee515083) lhu     ra, -283(sp)
core   0: 3 0x8001006c (0xee515083) x 1 0x00000000 mem 0x8002215a
core   0: 0x80010070 (0x6b314903) lbu     s2, 1715(sp)
core   0: 3 0x80010070 (0x6b314903) x18 0x00000000 mem 0x80022928
core   0: 0x80010074 (0xdd0103a3) sb      a6, -569(sp)
core   0: 3 0x80010074 (0xdd0103a3) mem 0x8002203c 0x3c
core   0: 0x80010078 (0x01184633) xor     a2, a6, a7
core   0: 3 0x80010078 (0x01184633) x12 0x8000ff3d
core   0: 0x8001007c (0x001b58b3) srl     a7, s6, ra
core   0: 3 0x8001007c (0x001b58b3) x17 0x00000000
core   0: 0x80010080 (0x40c900b3) sub     ra, s2, a2
core   0: 3 0x80010080 (0x40c900b3) x 1 0x7fff00c3
core   0: 0x80010084 (0xc7010e23) sb      a6, -900(sp)
core   0: 3 0x80010084 (0xc7010e23) mem 0x80021ef1 0x3c
core   0: 0x80010088 (0x01287b33) and     s6, a6, s2
core   0: 3 0x80010088 (0x01287b33) x22 0x00000000
core   0: 0x8001008c (0x3e110c23) sb      ra, 1016(sp)
core   0: 3 0x8001008c (0x3e110c23) mem 0x8002266d 0xc3
core   0: 0x80010090 (0x0000b397) auipc   t2, 0xb
core   0: 3 0x80010090 (0x0000b397) x 7 0x8001b090
core   0: 0x80010094 (0x2da38393) addi    t2, t2, 730
core   0: 3 0x80010094 (0x2da38393) x 7 0x8001b36a
core   0: 0x80010098 (0x0000100f) fence.i
core   0: 3 0x80010098 (0x0000100f)
core   0: 0x8001009c (0x6e1f6c93) ori     s9, t5, 1761
core   0: 3 0x8001009c (0x6e1f6c93) x25 0x000006e1
core   0: 0x800100a0 (0x01fc9e93) slli    t4, s9, 31
core   0: 3 0x800100a0 (0x01fc9e93) x29 0x80000000
core   0: 0x800100a4 (0x0253ce03) lbu     t3, 37(t2)
core   0: 3 0x800100a4 (0x0253ce03) x28 0x00000000 mem 0x8001b38f
core   0: 0x800100a8 (0x04138f03) lb      t5, 65(t2)
core   0: 3 0x800100a8 (0x04138f03) x30 0x00000000 mem 0x8001b3ab
core   0: 0x800100ac (0xf143de03) lhu     t3, -236(t2)
core   0: 3 0x800100ac (0xf143de03) x28 0x00000000 mem 0x8001b27e
core   0: 0x800100b0 (0xf2d38e03) lb      t3, -211(t2)
core   0: 3 0x800100b0 (0xf2d38e03) x28 0x00000000 mem 0x8001b297
core   0: 0x800100b4 (0x28f82217) auipc   tp, 0x28f82
core   0: 3 0x800100b4 (0x28f82217) x 4 0xa8f920b4
core   0: 0x800100b8 (0x00321713) slli    a4, tp, 3
core   0: 3 0x800100b8 (0x00321713) x14 0x47c905a0
core   0: 0x800100bc (0xf8338203) lb      tp, -125(t2)
core   0: 3 0x800100bc (0xf8338203) x 4 0x00000000 mem 0x8001b2ed
core   0: 0x800100c0 (0x01cebe33) sltu    t3, t4, t3
core   0: 3 0x800100c0 (0x01cebe33) x28 0x00000000
core   0: 0x800100c4 (0x0d738203) lb      tp, 215(t2)
core   0: 3 0x800100c4 (0x0d738203) x 4 0x00000000 mem 0x8001b441
core   0: 0x800100c8 (0x0fc386a3) sb      t3, 237(t2)
core   0: 3 0x800100c8 (0x0fc386a3) mem 0x8001b457 0x0
core   0: 0x800100cc (0xfb33ce03) lbu     t3, -77(t2)
core   0: 3 0x800100cc (0xfb33ce03) x28 0x00000000 mem 0x8001b31d
core   0: 0x800100d0 (0x01cf5cb3) srl     s9, t5, t3
core   0: 3 0x800100d0 (0x01cf5cb3) x25 0x00000000
core   0: 0x800100d4 (0x09138c83) lb      s9, 145(t2)
core   0: 3 0x800100d4 (0x09138c83) x25 0x00000000 mem 0x8001b3fb
core   0: 0x800100d8 (0x01dedc93) srli    s9, t4, 29
core   0: 3 0x800100d8 (0x01dedc93) x25 0x00000004
core   0: 0x800100dc (0xfdd38ba3) sb      t4, -41(t2)
core   0: 3 0x800100dc (0xfdd38ba3) mem 0x8001b341 0x0
core   0: 0x800100e0 (0x01df7cb3) and     s9, t5, t4
core   0: 3 0x800100e0 (0x01df7cb3) x25 0x00000000
core   0: 0x800100e4 (0x00473e33) sltu    t3, a4, tp
core   0: 3 0x800100e4 (0x00473e33) x28 0x00000000
core   0: 0x800100e8 (0x0083cf03) lbu     t5, 8(t2)
core   0: 3 0x800100e8 (0x0083cf03) x30 0x00000000 mem 0x8001b372
core   0: 0x800100ec (0xfb639e83) lh      t4, -74(t2)
core   0: 3 0x800100ec (0xfb639e83) x29 0x00000000 mem 0x8001b320
core   0: 0x800100f0 (0x41cc8f33) sub     t5, s9, t3
core   0: 3 0x800100f0 (0x41cc8f33) x30 0x00000000
core   0: 0x800100f4 (0x7f8ece93) xori    t4, t4, 2040
core   0: 3 0x800100f4 (0x7f8ece93) x29 0x000007f8
core   0: 0x800100f8 (0x41925f33) sra     t5, tp, s9
core   0: 3 0x800100f8 (0x41925f33) x30 0x00000000
core   0: 0x800100fc (0xf1538203) lb      tp, -235(t2)
core   0: 3 0x800100fc (0xf1538203) x 4 0x00000000 mem 0x8001b27f
core   0: 0x80010100 (0x01cca733) slt     a4, s9, t3
core   0: 3 0x80010100 (0x01cca733) x14 0x00000000
core   0: 0x80010104 (0x0d738e83) lb      t4, 215(t2)
core   0: 3 0x80010104 (0x0d738e83) x29 0x00000000 mem 0x8001b441
core   0: 0x80010108 (0x01eeacb3) slt     s9, t4, t5
core   0: 3 0x80010108 (0x01eeacb3) x25 0x00000000
core   0: 0x8001010c (0x0b738e83) lb      t4, 183(t2)
core   0: 3 0x8001010c (0x0b738e83) x29 0x00000000 mem 0x8001b421
core   0: 0x80010110 (0xfa13ce03) lbu     t3, -95(t2)
core   0: 3 0x80010110 (0xfa13ce03) x28 0x00000000 mem 0x8001b30b
core   0: 0x80010114 (0xf1c39f23) sh      t3, -226(t2)
core   0: 3 0x80010114 (0xf1c39f23) mem 0x8001b288 0x0000
core   0: 0x80010118 (0xfbc3a123) sw      t3, -94(t2)
core   0: 3 0x80010118 (0xfbc3a123) mem 0x8001b30c 0x00000000
core   0: 0x8001011c (0x2b8f7213) andi    tp, t5, 696
core   0: 3 0x8001011c (0x2b8f7213) x 4 0x00000000
core   0: 0x80010120 (0x005ed213) srli    tp, t4, 5
core   0: 3 0x80010120 (0x005ed213) x 4 0x00000000
core   0: 0x80010124 (0x0e738203) lb      tp, 231(t2)
core   0: 3 0x80010124 (0x0e738203) x 4 0x00000000 mem 0x8001b451
core   0: 0x80010128 (0xf9e38aa3) sb      t5, -107(t2)
core   0: 3 0x80010128 (0xf9e38aa3) mem 0x8001b2ff 0x0
core   0: 0x8001012c (0x00ecdf33) srl     t5, s9, a4
core   0: 3 0x8001012c (0x00ecdf33) x30 0x00000000
core   0: 0x80010130 (0x01c26eb3) or      t4, tp, t3
core   0: 3 0x80010130 (0x01c26eb3) x29 0x00000000
core   0: 0x80010134 (0x019edcb3) srl     s9, t4, s9
core   0: 3 0x80010134 (0x019edcb3) x25 0x00000000
core   0: 0x80010138 (0x1d677713) andi    a4, a4, 470
core   0: 3 0x80010138 (0x1d677713) x14 0x00000000
core   0: 0x8001013c (0x01e27233) and     tp, tp, t5
core   0: 3 0x8001013c (0x01e27233) x 4 0x00000000
core   0: 0x80010140 (0x04438823) sb      tp, 80(t2)
core   0: 3 0x80010140 (0x04438823) mem 0x8001b3ba 0x0
core   0: 0x80010144 (0x00e3a203) lw      tp, 14(t2)
core   0: 3 0x80010144 (0x00e3a203) x 4 0x00000000 mem 0x8001b378
core   0: 0x80010148 (0x00e70eb3) add     t4, a4, a4
core   0: 3 0x80010148 (0x00e70eb3) x29 0x00000000
core   0: 0x8001014c (0xf4f38c83) lb      s9, -177(t2)
core   0: 3 0x8001014c (0xf4f38c83) x25 0x00000000 mem 0x8001b2b9
core   0: 0x80010150 (0x0bc39823) sh      t3, 176(t2)
core   0: 3 0x80010150 (0x0bc39823) mem 0x8001b41a 0x0000
core   0: 0x80010154 (0x3e537f37) lui     t5, 0x3e537
core   0: 3 0x80010154 (0x3e537f37) x30 0x3e537000
core   0: 0x80010158 (0x09338c83) lb      s9, 147(t2)
core   0: 3 0x80010158 (0x09338c83) x25 0x00000000 mem 0x8001b3fd
core   0: 0x8001015c (0x0ff0000f) fence   iorw,iorw
core   0: 3 0x8001015c (0x0ff0000f)
core   0: 0x80010160 (0x0cf38e83) lb      t4, 207(t2)
core   0: 3 0x80010160 (0x0cf38e83) x29 0x00000000 mem 0x8001b439
core   0: 0x80010164 (0xf3d38123) sb      t4, -222(t2)
core   0: 3 0x80010164 (0xf3d38123) mem 0x8001b28c 0x0
core   0: 0x80010168 (0x01e77233) and     tp, a4, t5
core   0: 3 0x80010168 (0x01e77233) x 4 0x00000000
core   0: 0x8001016c (0x00df5c93) srli    s9, t5, 13
core   0: 3 0x8001016c (0x00df5c93) x25 0x0001f29b
core   0: 0x80010170 (0xfef3c203) lbu     tp, -17(t2)
core   0: 3 0x80010170 (0xfef3c203) x 4 0x00000000 mem 0x8001b359
core   0: 0x80010174 (0xffe00593) li      a1, -2
core   0: 3 0x80010174 (0xffe00593) x11 0xfffffffe
core   0: 0x80010178 (0xfe383393) sltiu   t2, a6, -29
core   0: 3 0x80010178 (0xfe383393) x 7 0x00000001
core   0: 0x8001017c (0xffe00213) li      tp, -2
core   0: 3 0x8001017c (0xffe00213) x 4 0xfffffffe
core   0: 0x80010180 (0x00bf37b3) sltu    a5, t5, a1
core   0: 3 0x80010180 (0x00bf37b3) x15 0x00000001
core   0: 0x80010184 (0x0ff0000f) fence   iorw,iorw
core   0: 3 0x80010184 (0x0ff0000f)
core   0: 0x80010188 (0x73f7a093) slti    ra, a5, 1855
core   0: 3 0x80010188 (0x73f7a093) x 1 0x00000001
core   0: 0x8001018c (0x918f0893) addi    a7, t5, -1768
core   0: 3 0x8001018c (0x918f0893) x17 0x3e536918
core   0: 0x80010190 (0x41e357b3) sra     a5, t1, t5
core   0: 3 0x80010190 (0x41e357b3) x15 0x00000000
core   0: 0x80010194 (0xffd58593) addi    a1, a1, -3
core   0: 3 0x80010194 (0xffd58593) x11 0xfffffffb
core   0: 0x80010198 (0xfe45dae3) bge     a1, tp, pc - 12
core   0: 3 0x80010198 (0xfe45dae3)
core   0: 0x8001019c (0x01ad62b3) or      t0, s10, s10
core   0: 3 0x8001019c (0x01ad62b3) x 5 0x00000000
core   0: 0x800101a0 (0x00005597) auipc   a1, 0x5
core   0: 3 0x800101a0 (0x00005597) x11 0x800151a0
core   0: 0x800101a4 (0x1d758593) addi    a1, a1, 471
core   0: 3 0x800101a4 (0x1d758593) x11 0x80015377
core   0: 0x800101a8 (0x00002d97) auipc   s11, 0x2
core   0: 3 0x800101a8 (0x00002d97) x27 0x800121a8
core   0: 0x800101ac (0x292d8d93) addi    s11, s11, 658
core   0: 3 0x800101ac (0x292d8d93) x27 0x8001243a
core   0: 0x800101b0 (0x007dc183) lbu     gp, 7(s11)
core   0: 3 0x800101b0 (0x007dc183) x 3 0x00000000 mem 0x80012441
core   0: 0x800101b4 (0x00bdc683) lbu     a3, 11(s11)
core   0: 3 0x800101b4 (0x00bdc683) x13 0x00000000 mem 0x80012445
core   0: 0x800101b8 (0xff65c503) lbu     a0, -10(a1)
core   0: 3 0x800101b8 (0xff65c503) x10 0x00000000 mem 0x8001536d
core   0: 0x800101bc (0x00b58c03) lb      s8, 11(a1)
core   0: 3 0x800101bc (0x00b58c03) x24 0x00000000 mem 0x80015382
core   0: 0x800101c0 (0xff3dc283) lbu     t0, -13(s11)
core   0: 3 0x800101c0 (0xff3dc283) x 5 0x00000000 mem 0x8001242d
core   0: 0x800101c4 (0xfff59e03) lh      t3, -1(a1)
core   0: 3 0x800101c4 (0xfff59e03) x28 0x00000000 mem 0x80015376
core   0: 0x800101c8 (0x00ddc783) lbu     a5, 13(s11)
core   0: 3 0x800101c8 (0x00ddc783) x15 0x00000000 mem 0x80012447
core   0: 0x800101cc (0x006dc503) lbu     a0, 6(s11)
core   0: 3 0x800101cc (0x006dc503) x10 0x00000000 mem 0x80012440
core   0: 0x800101d0 (0xffe58d03) lb      s10, -2(a1)
core   0: 3 0x800101d0 (0xffe58d03) x26 0x00000000 mem 0x80015375
core   0: 0x800101d4 (0xff8dc283) lbu     t0, -8(s11)
core   0: 3 0x800101d4 (0xff8dc283) x 5 0x00000000 mem 0x80012432
core   0: 0x800101d8 (0x012582a3) sb      s2, 5(a1)
core   0: 3 0x800101d8 (0x012582a3) mem 0x8001537c 0x0
core   0: 0x800101dc (0xff0dd083) lhu     ra, -16(s11)
core   0: 3 0x800101dc (0xff0dd083) x 1 0x00000000 mem 0x8001242a
core   0: 0x800101e0 (0x0005c403) lbu     s0, 0(a1)
core   0: 3 0x800101e0 (0x0005c403) x 8 0x00000000 mem 0x80015377
core   0: 0x800101e4 (0x00758603) lb      a2, 7(a1)
core   0: 3 0x800101e4 (0x00758603) x12 0x00000000 mem 0x8001537e
core   0: 0x800101e8 (0x00008817) auipc   a6, 0x8
core   0: 3 0x800101e8 (0x00008817) x16 0x800181e8
core   0: 0x800101ec (0x7e680813) addi    a6, a6, 2022
core   0: 3 0x800101ec (0x7e680813) x16 0x800189ce
core   0: 0x800101f0 (0x0f820b13) addi    s6, tp, 248
core   0: 3 0x800101f0 (0x0f820b13) x22 0x000000f6
core   0: 0x800101f4 (0xff184983) lbu     s3, -15(a6)
core   0: 3 0x800101f4 (0xff184983) x19 0x00000000 mem 0x800189bf
core   0: 0x800101f8 (0xff580103) lb      sp, -11(a6)
core   0: 3 0x800101f8 (0xff580103) x 2 0x00000000 mem 0x800189c3
core   0: 0x800101fc (0x4049db13) srai    s6, s3, 4
core   0: 3 0x800101fc (0x4049db13) x22 0x00000000
core   0: 0x80010200 (0xfef80aa3) sb      a5, -11(a6)
core   0: 3 0x80010200 (0xfef80aa3) mem 0x800189c3 0x0
core   0: 0x80010204 (0x411f0cb3) sub     s9, t5, a7
core   0: 3 0x80010204 (0x411f0cb3) x25 0x000006e8
core   0: 0x80010208 (0x00000013) nop
core   0: 3 0x80010208 (0x00000013)
core   0: 0x8001020c (0x01681823) sh      s6, 16(a6)
core   0: 3 0x8001020c (0x01681823) mem 0x800189de 0x0000
core   0: 0x80010210 (0x014801a3) sb      s4, 3(a6)
core   0: 3 0x80010210 (0x014801a3) mem 0x800189d1 0x0
core   0: 0x80010214 (0x00485183) lhu     gp, 4(a6)
core   0: 3 0x80010214 (0x00485183) x 3 0x00000000 mem 0x800189d2
core   0: 0x80010218 (0x019804a3) sb      s9, 9(a6)
core   0: 3 0x80010218 (0x019804a3) mem 0x800189d7 0xe8
core   0: 0x8001021c (0x00a82523) sw      a0, 10(a6)
core   0: 3 0x8001021c (0x00a82523) mem 0x800189d8 0x00000000
core   0: 0x80010220 (0x1517e793) ori     a5, a5, 337
core   0: 3 0x80010220 (0x1517e793) x15 0x00000151
core   0: 0x80010224 (0x005e2433) slt     s0, t3, t0
core   0: 3 0x80010224 (0x005e2433) x 8 0x00000000
core   0: 0x80010228 (0xff580283) lb      t0, -11(a6)
core   0: 3 0x80010228 (0xff580283) x 5 0x00000000 mem 0x800189c3
core   0: 0x8001022c (0xfe781923) sh      t2, -14(a6)
core   0: 3 0x8001022c (0xfe781923) mem 0x800189c0 0x0001
core   0: 0x80010230 (0x0ff0000f) fence   iorw,iorw
core   0: 3 0x80010230 (0x0ff0000f)
core   0: 0x80010234 (0x01960b33) add     s6, a2, s9
core   0: 3 0x80010234 (0x01960b33) x22 0x000006e8
core   0: 0x80010238 (0x41425093) srai    ra, tp, 20
core   0: 3 0x80010238 (0x41425093) x 1 0xffffffff
core   0: 0x8001023c (0x01fa5033) srl     zero, s4, t6
core   0: 3 0x8001023c (0x01fa5033)
core   0: 0x80010240 (0xff781923) sh      s7, -14(a6)
core   0: 3 0x80010240 (0xff781923) mem 0x800189c0 0x7e38
core   0: 0x80010244 (0xc6c9ce93) xori    t4, s3, -916
core   0: 3 0x80010244 (0xc6c9ce93) x29 0xfffffc6c
core   0: 0x80010248 (0xffc81403) lh      s0, -4(a6)
core   0: 3 0x80010248 (0xffc81403) x 8 0x00000000 mem 0x800189ca
core   0: 0x8001024c (0x00000013) nop
core   0: 3 0x8001024c (0x00000013)
core   0: 0x80010250 (0x41875393) srai    t2, a4, 24
core   0: 3 0x80010250 (0x41875393) x 7 0x00000000
core   0: 0x80010254 (0x3b004213) xori    tp, zero, 944
core   0: 3 0x80010254 (0x3b004213) x 4 0x000003b0
core   0: 0x80010258 (0x011804a3) sb      a7, 9(a6)
core   0: 3 0x80010258 (0x011804a3) mem 0x800189d7 0x18
core   0: 0x8001025c (0x0000100f) fence.i
core   0: 3 0x8001025c (0x0000100f)
core   0: 0x80010260 (0x00682703) lw      a4, 6(a6)
core   0: 3 0x80010260 (0x00682703) x14 0x18000000 mem 0x800189d4
core   0: 0x80010264 (0x00780123) sb      t2, 2(a6)
core   0: 3 0x80010264 (0x00780123) mem 0x800189d0 0x0
core   0: 0x80010268 (0x0000a817) auipc   a6, 0xa
core   0: 3 0x80010268 (0x0000a817) x16 0x8001a268
core   0: 0x8001026c (0x0eb80813) addi    a6, a6, 235
core   0: 3 0x8001026c (0x0eb80813) x16 0x8001a353
core   0: 0x80010270 (0x00003f17) auipc   t5, 0x3
core   0: 3 0x80010270 (0x00003f17) x30 0x80013270
core   0: 0x80010274 (0xabaf0f13) addi    t5, t5, -1350
core   0: 3 0x80010274 (0xabaf0f13) x30 0x80012d2a
core   0: 0x80010278 (0x6f484403) lbu     s0, 1780(a6)
core   0: 3 0x80010278 (0x6f484403) x 8 0x00000000 mem 0x8001aa47
core   0: 0x8001027c (0x028f04a3) sb      s0, 41(t5)
core   0: 3 0x8001027c (0x028f04a3) mem 0x80012d53 0x0
core   0: 0x80010280 (0xa9580123) sb      s5, -1406(a6)
core   0: 3 0x80010280 (0xa9580123) mem 0x80019dd5 0xbb
core   0: 0x80010284 (0x038f0183) lb      gp, 56(t5)
core   0: 3 0x80010284 (0x038f0183) x 3 0x00000000 mem 0x80012d62
core   0: 0x80010288 (0xcd680723) sb      s6, -818(a6)
core   0: 3 0x80010288 (0xcd680723) mem 0x8001a021 0xe8
core   0: 0x8001028c (0x4bf84083) lbu     ra, 1215(a6)
core   0: 3 0x8001028c (0x4bf84083) x 1 0x00000000 mem 0x8001a812
core   0: 0x80010290 (0x91280083) lb      ra, -1774(a6)
core   0: 3 0x80010290 (0x91280083) x 1 0x00000000 mem 0x80019c65
core   0: 0x80010294 (0x05bf1023) sh      s11, 64(t5)
core   0: 3 0x80010294 (0x05bf1023) mem 0x80012d6a 0x243a
core   0: 0x80010298 (0xfe1f4d03) lbu     s10, -31(t5)
core   0: 3 0x80010298 (0xfe1f4d03) x26 0x00000000 mem 0x80012d0b
core   0: 0x8001029c (0x040f0283) lb      t0, 64(t5)
core   0: 3 0x8001029c (0x040f0283) x 5 0x0000003a mem 0x80012d6a
core   0: 0x800102a0 (0xfc9f4503) lbu     a0, -55(t5)
core   0: 3 0x800102a0 (0xfc9f4503) x10 0x00000000 mem 0x80012cf3
core   0: 0x800102a4 (0x00005717) auipc   a4, 0x5
core   0: 3 0x800102a4 (0x00005717) x14 0x800152a4
core   0: 0x800102a8 (0xfa670713) addi    a4, a4, -90
core   0: 3 0x800102a8 (0xfa670713) x14 0x8001524a
core   0: 0x800102ac (0x014ea7b3) slt     a5, t4, s4
core   0: 3 0x800102ac (0x014ea7b3) x15 0x00000001
core   0: 0x800102b0 (0x00c70e03) lb      t3, 12(a4)
core   0: 3 0x800102b0 (0x00c70e03) x28 0x00000000 mem 0x80015256
core   0: 0x800102b4 (0x00c70e83) lb      t4, 12(a4)
core   0: 3 0x800102b4 (0x00c70e83) x29 0x00000000 mem 0x80015256
core   0: 0x800102b8 (0x0000100f) fence.i
core   0: 3 0x800102b8 (0x0000100f)
core   0: 0x800102bc (0xfe670ea3) sb      t1, -3(a4)
core   0: 3 0x800102bc (0xfe670ea3) mem 0x80015247 0x0
core   0: 0x800102c0 (0xfe570ea3) sb      t0, -3(a4)
core   0: 3 0x800102c0 (0xfe570ea3) mem 0x80015247 0x3a
core   0: 0x800102c4 (0xff670ea3) sb      s6, -3(a4)
core   0: 3 0x800102c4 (0xff670ea3) mem 0x80015247 0xe8
core   0: 0x800102c8 (0xff870203) lb      tp, -8(a4)
core   0: 3 0x800102c8 (0xff870203) x 4 0x00000000 mem 0x80015242
core   0: 0x800102cc (0xfe271c23) sh      sp, -8(a4)
core   0: 3 0x800102cc (0xfe271c23) mem 0x80015242 0x0000
core   0: 0x800102d0 (0xff371c23) sh      s3, -8(a4)
core   0: 3 0x800102d0 (0xff371c23) mem 0x80015242 0x0000
core   0: 0x800102d4 (0x00e70023) sb      a4, 0(a4)
core   0: 3 0x800102d4 (0x00e70023) mem 0x8001524a 0x4a
core   0: 0x800102d8 (0x412bd533) sra     a0, s7, s2
core   0: 3 0x800102d8 (0x412bd533) x10 0x80027e38
core   0: 0x800102dc (0xff272303) lw      t1, -14(a4)
core   0: 3 0x800102dc (0xff272303) x 6 0x00000000 mem 0x8001523c
core   0: 0x800102e0 (0x00074c03) lbu     s8, 0(a4)
core   0: 3 0x800102e0 (0x00074c03) x24 0x0000004a mem 0x8001524a
core   0: 0x800102e4 (0xffd70a23) sb      t4, -12(a4)
core   0: 3 0x800102e4 (0xffd70a23) mem 0x8001523e 0x0
core   0: 0x800102e8 (0xff470383) lb      t2, -12(a4)
core   0: 3 0x800102e8 (0xff470383) x 7 0x00000000 mem 0x8001523e
core   0: 0x800102ec (0xff370e03) lb      t3, -13(a4)
core   0: 3 0x800102ec (0xff370e03) x28 0x00000000 mem 0x8001523d
core   0: 0x800102f0 (0xff374903) lbu     s2, -13(a4)
core   0: 3 0x800102f0 (0xff374903) x18 0x00000000 mem 0x8001523d
core   0: 0x800102f4 (0xff370983) lb      s3, -13(a4)
core   0: 3 0x800102f4 (0xff370983) x19 0x00000000 mem 0x8001523d
core   0: 0x800102f8 (0xff370283) lb      t0, -13(a4)
core   0: 3 0x800102f8 (0xff370283) x 5 0x00000000 mem 0x8001523d
core   0: 0x800102fc (0x00374403) lbu     s0, 3(a4)
core   0: 3 0x800102fc (0x00374403) x 8 0x00000000 mem 0x8001524d
core   0: 0x80010300 (0x00370f03) lb      t5, 3(a4)
core   0: 3 0x80010300 (0x00370f03) x30 0x00000000 mem 0x8001524d
core   0: 0x80010304 (0x00370603) lb      a2, 3(a4)
core   0: 3 0x80010304 (0x00370603) x12 0x00000000 mem 0x8001524d
core   0: 0x80010308 (0x00012797) auipc   a5, 0x12
core   0: 3 0x80010308 (0x00012797) x15 0x80022308
core   0: 0x8001030c (0xd8078793) addi    a5, a5, -640
core   0: 3 0x8001030c (0xd8078793) x15 0x80022088
core   0: 0x80010310 (0x0000b597) auipc   a1, 0xb
core   0: 3 0x80010310 (0x0000b597) x11 0x8001b310
core   0: 0x80010314 (0xc3658593) addi    a1, a1, -970
core   0: 3 0x80010314 (0xc3658593) x11 0x8001af46
core   0: 0x80010318 (0xfcd78803) lb      a6, -51(a5)
core   0: 3 0x80010318 (0xfcd78803) x16 0x00000000 mem 0x80022055
core   0: 0x8001031c (0x00009197) auipc   gp, 0x9
core   0: 3 0x8001031c (0x00009197) x 3 0x8001931c
core   0: 0x80010320 (0xbfc18193) addi    gp, gp, -1028
core   0: 3 0x80010320 (0xbfc18193) x 3 0x80018f18
core   0: 0x80010324 (0x0000a717) auipc   a4, 0xa
core   0: 3 0x80010324 (0x0000a717) x14 0x8001a324
core   0: 0x80010328 (0x10770713) addi    a4, a4, 263
core   0: 3 0x80010328 (0x10770713) x14 0x8001a42b
core   0: 0x8001032c (0xfc07a803) lw      a6, -64(a5)
core   0: 3 0x8001032c (0xfc07a803) x16 0x00000000 mem 0x80022048
core   0: 0x80010330 (0xff918ea3) sb      s9, -3(gp)
core   0: 3 0x80010330 (0xff918ea3) mem 0x80018f15 0xe8
core   0: 0x80010334 (0xf5b5c883) lbu     a7, -165(a1)
core   0: 3 0x80010334 (0xf5b5c883) x17 0x00000000 mem 0x8001aea1
core   0: 0x80010338 (0xfef589a3) sb      a5, -13(a1)
core   0: 3 0x80010338 (0xfef589a3) mem 0x8001af39 0x88
core   0: 0x8001033c (0xf3e5d303) lhu     t1, -194(a1)
core   0: 3 0x8001033c (0xf3e5d303) x 6 0x00000000 mem 0x8001ae84
core   0: 0x80010340 (0x00678d23) sb      t1, 26(a5)
core   0: 3 0x80010340 (0x00678d23) mem 0x800220a2 0x0
core   0: 0x80010344 (0x4bf74803) lbu     a6, 1215(a4)
core   0: 3 0x80010344 (0x4bf74803) x16 0x00000000 mem 0x8001a8ea
core   0: 0x80010348 (0xfb65a983) lw      s3, -74(a1)
core   0: 3 0x80010348 (0xfb65a983) x19 0x00000000 mem 0x8001aefc
core   0: 0x8001034c (0x08c72ca3) sw      a2, 153(a4)
core   0: 3 0x8001034c (0x08c72ca3) mem 0x8001a4c4 0x00000000
core   0: 0x80010350 (0xfc278e03) lb      t3, -62(a5)
core   0: 3 0x80010350 (0xfc278e03) x28 0x00000000 mem 0x8002204a
core   0: 0x80010354 (0xfc878323) sb      s0, -58(a5)
core   0: 3 0x80010354 (0xfc878323) mem 0x8002204e 0x0
core   0: 0x80010358 (0xfff18da3) sb      t6, -5(gp)
core   0: 3 0x80010358 (0xfff18da3) mem 0x80018f13 0x0
core   0: 0x8001035c (0x0037cd03) lbu     s10, 3(a5)
core   0: 3 0x8001035c (0x0037cd03) x26 0x00000000 mem 0x8002208b
core   0: 0x80010360 (0x18e704a3) sb      a4, 393(a4)
core   0: 3 0x80010360 (0x18e704a3) mem 0x8001a5b4 0x2b
core   0: 0x80010364 (0x02f5c283) lbu     t0, 47(a1)
core   0: 3 0x80010364 (0x02f5c283) x 5 0x00000000 mem 0x8001af75
core   0: 0x80010368 (0xa6874383) lbu     t2, -1432(a4)
core   0: 3 0x80010368 (0xa6874383) x 7 0x00000000 mem 0x80019e93
core   0: 0x8001036c (0xb17704a3) sb      s7, -1271(a4)
core   0: 3 0x8001036c (0xb17704a3) mem 0x80019f34 0x38
core   0: 0x80010370 (0x4ee711a3) sh      a4, 1251(a4)
core   0: 3 0x80010370 (0x4ee711a3) mem 0x8001a90e 0xa42b
core   0: 0x80010374 (0xfed18b23) sb      a3, -10(gp)
core   0: 3 0x80010374 (0xfed18b23) mem 0x80018f0e 0x0
core   0: 0x80010378 (0x0137c983) lbu     s3, 19(a5)
core   0: 3 0x80010378 (0x0137c983) x19 0x00000000 mem 0x8002209b
core   0: 0x8001037c (0x0ce5c383) lbu     t2, 206(a1)
core   0: 3 0x8001037c (0x0ce5c383) x 7 0x00000000 mem 0x8001b014
core   0: 0x80010380 (0x01918523) sb      s9, 10(gp)
core   0: 3 0x80010380 (0x01918523) mem 0x80018f22 0xe8
core   0: 0x80010384 (0xff919923) sh      s9, -14(gp)
core   0: 3 0x80010384 (0xff919923) mem 0x80018f0a 0x06e8
core   0: 0x80010388 (0x0267df03) lhu     t5, 38(a5)
core   0: 3 0x80010388 (0x0267df03) x30 0x00000000 mem 0x800220ae
core   0: 0x8001038c (0xf7f58903) lb      s2, -129(a1)
core   0: 3 0x8001038c (0xf7f58903) x18 0x00000000 mem 0x8001aec5
core   0: 0x80010390 (0x70170723) sb      ra, 1806(a4)
core   0: 3 0x80010390 (0x70170723) mem 0x8001ab39 0x0
core   0: 0x80010394 (0x0345d603) lhu     a2, 52(a1)
core   0: 3 0x80010394 (0x0345d603) x12 0x00000000 mem 0x8001af7a
core   0: 0x80010398 (0x011789a3) sb      a7, 19(a5)
core   0: 3 0x80010398 (0x011789a3) mem 0x8002209b 0x0
core   0: 0x8001039c (0x55f71803) lh      a6, 1375(a4)
core   0: 3 0x8001039c (0x55f71803) x16 0x00000000 mem 0x8001a98a
core   0: 0x800103a0 (0x03d7cd03) lbu     s10, 61(a5)
core   0: 3 0x800103a0 (0x03d7cd03) x26 0x00000000 mem 0x800220c5
core   0: 0x800103a4 (0xf1d58383) lb      t2, -227(a1)
core   0: 3 0x800103a4 (0xf1d58383) x 7 0x00000000 mem 0x8001ae63
core   0: 0x800103a8 (0x96a70f03) lb      t5, -1686(a4)
core   0: 3 0x800103a8 (0x96a70f03) x30 0x00000000 mem 0x80019d95
core   0: 0x800103ac (0xa1070d83) lb      s11, -1520(a4)
core   0: 3 0x800103ac (0xa1070d83) x27 0x00000000 mem 0x80019e3b
core   0: 0x800103b0 (0x00d39233) sll     tp, t2, a3
core   0: 3 0x800103b0 (0x00d39233) x 4 0x00000000
core   0: 0x800103b4 (0x84ffc393) xori    t2, t6, -1969
core   0: 3 0x800103b4 (0x84ffc393) x 7 0xfffff84f
core   0: 0x800103b8 (0x012c7fb3) and     t6, s8, s2
core   0: 3 0x800103b8 (0x012c7fb3) x31 0x00000000
core   0: 0x800103bc (0x00c6fa33) and     s4, a3, a2
core   0: 3 0x800103bc (0x00c6fa33) x20 0x00000000
core   0: 0x800103c0 (0xd09d4293) xori    t0, s10, -759
core   0: 3 0x800103c0 (0xd09d4293) x 5 0xfffffd09
core   0: 0x800103c4 (0x01cb9393) slli    t2, s7, 28
core   0: 3 0x800103c4 (0x01cb9393) x 7 0x80000000
core   0: 0x800103c8 (0x4cc90e13) addi    t3, s2, 1228
core   0: 3 0x800103c8 (0x4cc90e13) x28 0x000004cc
core   0: 0x800103cc (0x0064de93) srli    t4, s1, 6
core   0: 3 0x800103cc (0x0064de93) x29 0x02000af3
core   0: 0x800103d0 (0x000d6263) bltu    s10, zero, pc + 4
core   0: 3 0x800103d0 (0x000d6263)
core   0: 0x800103d4 (0x2361f893) andi    a7, gp, 566
core   0: 3 0x800103d4 (0x2361f893) x17 0x00000210
core   0: 0x800103d8 (0x017455b3) srl     a1, s0, s7
core   0: 3 0x800103d8 (0x017455b3) x11 0x00000000
core   0: 0x800103dc (0x011468b3) or      a7, s0, a7
core   0: 3 0x800103dc (0x011468b3) x17 0x00000210
core   0: 0x800103e0 (0xc18a2e13) slti    t3, s4, -1000
core   0: 3 0x800103e0 (0xc18a2e13) x28 0x00000000
core   0: 0x800103e4 (0x00c44eb3) xor     t4, s0, a2
core   0: 3 0x800103e4 (0x00c44eb3) x29 0x00000000
core   0: 0x800103e8 (0x0ff0000f) fence   iorw,iorw
core   0: 3 0x800103e8 (0x0ff0000f)
core   0: 0x800103ec (0x0469c663) blt     s3, t1, pc + 76
core   0: 3 0x800103ec (0x0469c663)
core   0: 0x800103f0 (0x4055d893) srai    a7, a1, 5
core   0: 3 0x800103f0 (0x4055d893) x17 0x00000000
core   0: 0x800103f4 (0x00c4d0b3) srl     ra, s1, a2
core   0: 3 0x800103f4 (0x00c4d0b3) x 1 0x8002bce4
core   0: 0x800103f8 (0x0ff0000f) fence   iorw,iorw
core   0: 3 0x800103f8 (0x0ff0000f)
core   0: 0x800103fc (0x03cb7863) bgeu    s6, t3, pc + 48
core   0: 3 0x800103fc (0x03cb7863)
core   0: 0x8001042c (0x41a45993) srai    s3, s0, 26
core   0: 3 0x8001042c (0x41a45993) x19 0x00000000
core   0: 0x80010430 (0x03ab1663) bne     s6, s10, pc + 44
core   0: 3 0x80010430 (0x03ab1663)
core   0: 0x8001045c (0xfe937093) andi    ra, t1, -23
core   0: 3 0x8001045c (0xfe937093) x 1 0x00000000
core   0: 0x80010460 (0x002b4a63) blt     s6, sp, pc + 20
core   0: 3 0x80010460 (0x002b4a63)
core   0: 0x80010464 (0x01eb8033) add     zero, s7, t5
core   0: 3 0x80010464 (0x01eb8033)
core   0: 0x80010468 (0x023e7a63) bgeu    t3, gp, pc + 52
core   0: 3 0x80010468 (0x023e7a63)
core   0: 0x8001046c (0x006b3c33) sltu    s8, s6, t1
core   0: 3 0x8001046c (0x006b3c33) x24 0x00000000
core   0: 0x80010470 (0x00e5f3b3) and     t2, a1, a4
core   0: 3 0x80010470 (0x00e5f3b3) x 7 0x00000000
core   0: 0x80010474 (0x01428d33) add     s10, t0, s4
core   0: 3 0x80010474 (0x01428d33) x26 0xfffffd09
core   0: 0x80010478 (0x4090d733) sra     a4, ra, s1
core   0: 3 0x80010478 (0x4090d733) x14 0x00000000
core   0: 0x8001047c (0x05d76263) bltu    a4, t4, pc + 68
core   0: 3 0x8001047c (0x05d76263)
core   0: 0x80010480 (0x04aad863) bge     s5, a0, pc + 80
core   0: 3 0x80010480 (0x04aad863)
core   0: 0x800104d0 (0x0101edb3) or      s11, gp, a6
core   0: 3 0x800104d0 (0x0101edb3) x27 0x80018f18
core   0: 0x800104d4 (0x28546993) ori     s3, s0, 645
core   0: 3 0x800104d4 (0x28546993) x19 0x00000285
core   0: 0x800104d8 (0x004b2233) slt     tp, s6, tp
core   0: 3 0x800104d8 (0x004b2233) x 4 0x00000000
core   0: 0x800104dc (0x50184913) xori    s2, a6, 1281
core   0: 3 0x800104dc (0x50184913) x18 0x00000501
core   0: 0x800104e0 (0xf5f5fd37) lui     s10, 0xf5f5f
core   0: 3 0x800104e0 (0xf5f5fd37) x26 0xf5f5f000
core   0: 0x800104e4 (0x05f9d463) bge     s3, t6, pc + 72
core   0: 3 0x800104e4 (0x05f9d463)
core   0: 0x8001052c (0xdd51c6b7) lui     a3, 0xdd51c
core   0: 3 0x8001052c (0xdd51c6b7) x13 0xdd51c000
core   0: 0x80010530 (0x40b4dd13) srai    s10, s1, 11
core   0: 3 0x80010530 (0x40b4dd13) x26 0xfff00057
core   0: 0x80010534 (0x01e898b3) sll     a7, a7, t5
core   0: 3 0x80010534 (0x01e898b3) x17 0x00000000
core   0: 0x80010538 (0xc63d1b37) lui     s6, 0xc63d1
core   0: 3 0x80010538 (0xc63d1b37) x22 0xc63d1000
core   0: 0x8001053c (0x0000100f) fence.i
core   0: 3 0x8001053c (0x0000100f)
core   0: 0x80010540 (0xa4cd0997) auipc   s3, 0xa4cd0
core   0: 3 0x80010540 (0xa4cd0997) x19 0x24ce0540
core   0: 0x80010544 (0xf31e4737) lui     a4, 0xf31e4
core   0: 3 0x80010544 (0xf31e4737) x14 0xf31e4000
core   0: 0x80010548 (0xf0b6b213) sltiu   tp, a3, -245
core   0: 3 0x80010548 (0xf0b6b213) x 4 0x00000001
core   0: 0x8001054c (0x00000013) nop
core   0: 3 0x8001054c (0x00000013)
core   0: 0x80010550 (0x01542db3) slt     s11, s0, s5
core   0: 3 0x80010550 (0x01542db3) x27 0x00000000
core   0: 0x80010554 (0x0120fcb3) and     s9, ra, s2
core   0: 3 0x80010554 (0x0120fcb3) x25 0x00000000
core   0: 0x80010558 (0xd7578e13) addi    t3, a5, -651
core   0: 3 0x80010558 (0xd7578e13) x28 0x80021dfd
core   0: 0x8001055c (0x527ac937) lui     s2, 0x527ac
core   0: 3 0x8001055c (0x527ac937) x18 0x527ac000
core   0: 0x80010560 (0x00000013) nop
core   0: 3 0x80010560 (0x00000013)
core   0: 0x80010564 (0x00579db3) sll     s11, a5, t0
core   0: 3 0x80010564 (0x00579db3) x27 0x04411000
core   0: 0x80010568 (0x0ff0000f) fence   iorw,iorw
core   0: 3 0x80010568 (0x0ff0000f)
core   0: 0x8001056c (0x0ff0000f) fence   iorw,iorw
core   0: 3 0x8001056c (0x0ff0000f)
core   0: 0x80010570 (0x00000013) nop
core   0: 3 0x80010570 (0x00000013)
core   0: 0x80010574 (0x4131d313) srai    t1, gp, 19
core   0: 3 0x80010574 (0x4131d313) x 6 0xfffff000
core   0: 0x80010578 (0x41f15b13) srai    s6, sp, 31
core   0: 3 0x80010578 (0x41f15b13) x22 0x00000000
core   0: 0x8001057c (0x00388b33) add     s6, a7, gp
core   0: 3 0x8001057c (0x00388b33) x22 0x80018f18
core   0: 0x80010580 (0x641e3313) sltiu   t1, t3, 1601
core   0: 3 0x80010580 (0x641e3313) x 6 0x00000000
core   0: 0x80010584 (0x9041f413) andi    s0, gp, -1788
core   0: 3 0x80010584 (0x9041f413) x 8 0x80018900
core   0: 0x80010588 (0x4150df13) srai    t5, ra, 21
core   0: 3 0x80010588 (0x4150df13) x30 0x00000000
core   0: 0x8001058c (0x415955b3) sra     a1, s2, s5
core   0: 3 0x8001058c (0x415955b3) x11 0x0000000a
core   0: 0x80010590 (0x58e40513) addi    a0, s0, 1422
core   0: 3 0x80010590 (0x58e40513) x10 0x80018e8e
core   0: 0x80010594 (0x000958b3) srl     a7, s2, zero
core   0: 3 0x80010594 (0x000958b3) x17 0x527ac000
core   0: 0x80010598 (0x006e6863) bltu    t3, t1, pc + 16
core   0: 3 0x80010598 (0x006e6863)
core   0: 0x8001059c (0x01ce9e63) bne     t4, t3, pc + 28
core   0: 3 0x8001059c (0x01ce9e63)
core   0: 0x800105b8 (0x007830b3) sltu    ra, a6, t2
core   0: 3 0x800105b8 (0x007830b3) x 1 0x00000000
core   0: 0x800105bc (0x020f0c63) beqz    t5, pc + 56
core   0: 3 0x800105bc (0x020f0c63)
core   0: 0x800105f4 (0x02f87c63) bgeu    a6, a5, pc + 56
core   0: 3 0x800105f4 (0x02f87c63)
core   0: 0x800105f8 (0x00419863) bne     gp, tp, pc + 16
core   0: 3 0x800105f8 (0x00419863)
core   0: 0x80010608 (0x1e997913) andi    s2, s2, 489
core   0: 3 0x80010608 (0x1e997913) x18 0x00000000
core   0: 0x8001060c (0x02b5e263) bltu    a1, a1, pc + 36
core   0: 3 0x8001060c (0x02b5e263)
core   0: 0x80010610 (0x4032d093) srai    ra, t0, 3
core   0: 3 0x80010610 (0x4032d093) x 1 0xffffffa1
core   0: 0x80010614 (0x18b38693) addi    a3, t2, 395
core   0: 3 0x80010614 (0x18b38693) x13 0x0000018b
core   0: 0x80010618 (0x007a5833) srl     a6, s4, t2
core   0: 3 0x80010618 (0x007a5833) x16 0x00000000
core   0: 0x8001061c (0x4f4e0813) addi    a6, t3, 1268
core   0: 3 0x8001061c (0x4f4e0813) x16 0x800222f1
core   0: 0x80010620 (0x00073033) sltu    zero, a4, zero
core   0: 3 0x80010620 (0x00073033)
core   0: 0x80010624 (0x03aa7e63) bgeu    s4, s10, pc + 60
core   0: 3 0x80010624 (0x03aa7e63)
core   0: 0x80010628 (0x83a83713) sltiu   a4, a6, -1990
core   0: 3 0x80010628 (0x83a83713) x14 0x00000001
core   0: 0x8001062c (0x40a9d033) sra     zero, s3, a0
core   0: 3 0x8001062c (0x40a9d033)
core   0: 0x80010630 (0x0195fe63) bgeu    a1, s9, pc + 28
core   0: 3 0x80010630 (0x0195fe63)
core   0: 0x8001064c (0x401652b3) sra     t0, a2, ra
core   0: 3 0x8001064c (0x401652b3) x 5 0x00000000
core   0: 0x80010650 (0x002718b3) sll     a7, a4, sp
core   0: 3 0x80010650 (0x002718b3) x17 0x00000001
core   0: 0x80010654 (0x0524e663) bltu    s1, s2, pc + 76
core   0: 3 0x80010654 (0x0524e663)
core   0: 0x80010658 (0x010a38b3) sltu    a7, s4, a6
core   0: 3 0x80010658 (0x010a38b3) x17 0x00000001
core   0: 0x8001065c (0xe4883993) sltiu   s3, a6, -440
core   0: 3 0x8001065c (0xe4883993) x19 0x00000001
core   0: 0x80010660 (0x0ff0000f) fence   iorw,iorw
core   0: 3 0x80010660 (0x0ff0000f)
core   0: 0x80010664 (0x016c5863) bge     s8, s6, pc + 16
core   0: 3 0x80010664 (0x016c5863)
core   0: 0x80010674 (0x007a9593) slli    a1, s5, 7
core   0: 3 0x80010674 (0x007a9593) x11 0xd8095d80
core   0: 0x80010678 (0xf53eb637) lui     a2, 0xf53eb
core   0: 3 0x80010678 (0xf53eb637) x12 0xf53eb000
core   0: 0x8001067c (0x0146ef13) ori     t5, a3, 20
core   0: 3 0x8001067c (0x0146ef13) x30 0x0000019f
core   0: 0x80010680 (0x014b9693) slli    a3, s7, 20
core   0: 3 0x80010680 (0x014b9693) x13 0xe3800000
core   0: 0x80010684 (0x0ff0000f) fence   iorw,iorw
core   0: 3 0x80010684 (0x0ff0000f)
core   0: 0x80010688 (0x00000013) nop
core   0: 3 0x80010688 (0x00000013)
core   0: 0x8001068c (0x01d58433) add     s0, a1, t4
core   0: 3 0x8001068c (0x01d58433) x 8 0xd8095d80
core   0: 0x80010690 (0x0000100f) fence.i
core   0: 3 0x80010690 (0x0000100f)
core   0: 0x80010694 (0x00000013) nop
core   0: 3 0x80010694 (0x00000013)
core   0: 0x80010698 (0x0000100f) fence.i
core   0: 3 0x80010698 (0x0000100f)
core   0: 0x8001069c (0xd9fff713) andi    a4, t6, -609
core   0: 3 0x8001069c (0xd9fff713) x14 0x00000000
core   0: 0x800106a0 (0x000d1f33) sll     t5, s10, zero
core   0: 3 0x800106a0 (0x000d1f33) x30 0xfff00057
core   0: 0x800106a4 (0xa3778293) addi    t0, a5, -1481
core   0: 3 0x800106a4 (0xa3778293) x 5 0x80021abf
core   0: 0x800106a8 (0x615c8e93) addi    t4, s9, 1557
core   0: 3 0x800106a8 (0x615c8e93) x29 0x00000615
core   0: 0x800106ac (0x03da0c63) beq     s4, t4, pc + 56
core   0: 3 0x800106ac (0x03da0c63)
core   0: 0x800106b0 (0x0091efb3) or      t6, gp, s1
core   0: 3 0x800106b0 (0x0091efb3) x31 0x8003bffc
core   0: 0x800106b4 (0xaae56e93) ori     t4, a0, -1362
core   0: 3 0x800106b4 (0xaae56e93) x29 0xfffffeae
core   0: 0x800106b8 (0x00d8cf33) xor     t5, a7, a3
core   0: 3 0x800106b8 (0x00d8cf33) x30 0xe3800001
core   0: 0x800106bc (0x00e602b3) add     t0, a2, a4
core   0: 3 0x800106bc (0x00e602b3) x 5 0xf53eb000
core   0: 0x800106c0 (0x01f09033) sll     zero, ra, t6
core   0: 3 0x800106c0 (0x01f09033)
core   0: 0x800106c4 (0x007f75b3) and     a1, t5, t2
core   0: 3 0x800106c4 (0x007f75b3) x11 0x00000000
core   0: 0x800106c8 (0x405203b3) sub     t2, tp, t0
core   0: 3 0x800106c8 (0x405203b3) x 7 0x0ac15001
core   0: 0x800106cc (0x4176d113) srai    sp, a3, 23
core   0: 3 0x800106cc (0x4176d113) x 2 0xffffffc7
core   0: 0x800106d0 (0x22f78913) addi    s2, a5, 559
core   0: 3 0x800106d0 (0x22f78913) x18 0x800222b7
core   0: 0x800106d4 (0x01526b33) or      s6, tp, s5
core   0: 3 0x800106d4 (0x01526b33) x22 0xfdb012bb
core   0: 0x800106d8 (0x013dc733) xor     a4, s11, s3
core   0: 3 0x800106d8 (0x013dc733) x14 0x04411001
core   0: 0x800106dc (0x005e2333) slt     t1, t3, t0
core   0: 3 0x800106dc (0x005e2333) x 6 0x00000001
core   0: 0x800106e0 (0xa12e2513) slti    a0, t3, -1518
core   0: 3 0x800106e0 (0xa12e2513) x10 0x00000001
core   0: 0x800106e4 (0xc60ac093) xori    ra, s5, -928
core   0: 3 0x800106e4 (0xc60ac093) x 1 0x024feedb
core   0: 0x800106e8 (0x00afd193) srli    gp, t6, 10
core   0: 3 0x800106e8 (0x00afd193) x 3 0x002000ef
core   0: 0x800106ec (0x54588c93) addi    s9, a7, 1349
core   0: 3 0x800106ec (0x54588c93) x25 0x00000546
core   0: 0x800106f0 (0xd983f913) andi    s2, t2, -616
core   0: 3 0x800106f0 (0xd983f913) x18 0x0ac15000
core   0: 0x800106f4 (0x00a09f33) sll     t5, ra, a0
core   0: 3 0x800106f4 (0x00a09f33) x30 0x049fddb6
core   0: 0x800106f8 (0x00157233) and     tp, a0, ra
core   0: 3 0x800106f8 (0x00157233) x 4 0x00000001
core   0: 0x800106fc (0x02f58c63) beq     a1, a5, pc + 56
core   0: 3 0x800106fc (0x02f58c63)
core   0: 0x80010700 (0x0000100f) fence.i
core   0: 3 0x80010700 (0x0000100f)
core   0: 0x80010704 (0x00d55d93) srli    s11, a0, 13
core   0: 3 0x80010704 (0x00d55d93) x27 0x00000000
core   0: 0x80010708 (0x03adea63) bltu    s11, s10, pc + 52
core   0: 3 0x80010708 (0x03adea63)
core   0: 0x8001073c (0x00000013) nop
core   0: 3 0x8001073c (0x00000013)
core   0: 0x80010740 (0x0173ceb3) xor     t4, t2, s7
core   0: 3 0x80010740 (0x0173ceb3) x29 0x8ac32e39
core   0: 0x80010744 (0x00c9a233) slt     tp, s3, a2
core   0: 3 0x80010744 (0x00c9a233) x 4 0x00000000
core   0: 0x80010748 (0x00e7cfb3) xor     t6, a5, a4
core   0: 3 0x80010748 (0x00e7cfb3) x31 0x84433089
core   0: 0x8001074c (0x00000013) nop
core   0: 3 0x8001074c (0x00000013)
core   0: 0x80010750 (0x40ad88b3) sub     a7, s11, a0
core   0: 3 0x80010750 (0x40ad88b3) x17 0xffffffff
core   0: 0x80010754 (0x000a7e63) bgeu    s4, zero, pc + 28
core   0: 3 0x80010754 (0x000a7e63)
core   0: 0x80010770 (0x015152b3) srl     t0, sp, s5
core   0: 3 0x80010770 (0x015152b3) x 5 0x0000001f
core   0: 0x80010774 (0x00a40b33) add     s6, s0, a0
core   0: 3 0x80010774 (0x00a40b33) x22 0xd8095d81
core   0: 0x80010778 (0x00b0a2b3) slt     t0, ra, a1
core   0: 3 0x80010778 (0x00b0a2b3) x 5 0x00000000
core   0: 0x8001077c (0x01dd9a13) slli    s4, s11, 29
core   0: 3 0x8001077c (0x01dd9a13) x20 0x00000000
core   0: 0x80010780 (0xf7902997) auipc   s3, 0xf7902
core   0: 3 0x80010780 (0xf7902997) x19 0x77912780
core   0: 0x80010784 (0x0ff0000f) fence   iorw,iorw
core   0: 3 0x80010784 (0x0ff0000f)
core   0: 0x80010788 (0x0000100f) fence.i
core   0: 3 0x80010788 (0x0000100f)
core   0: 0x8001078c (0x00949293) slli    t0, s1, 9
core   0: 3 0x8001078c (0x00949293) x 5 0x0579c800
core   0: 0x80010790 (0x4527fb13) andi    s6, a5, 1106
core   0: 3 0x80010790 (0x4527fb13) x22 0x00000000
core   0: 0x80010794 (0x01565a33) srl     s4, a2, s5
core   0: 3 0x80010794 (0x01565a33) x20 0x0000001e
core   0: 0x80010798 (0x40c806b3) sub     a3, a6, a2
core   0: 3 0x80010798 (0x40c806b3) x13 0x8ac372f1
core   0: 0x8001079c (0xc60f3a13) sltiu   s4, t5, -928
core   0: 3 0x8001079c (0xc60f3a13) x20 0x00000001
core   0: 0x800107a0 (0x2a06af97) auipc   t6, 0x2a06a
core   0: 3 0x800107a0 (0x2a06af97) x31 0xaa07a7a0
core   0: 0x800107a4 (0x0ff0000f) fence   iorw,iorw
core   0: 3 0x800107a4 (0x0ff0000f)
core   0: 0x800107a8 (0x013fb133) sltu    sp, t6, s3
core   0: 3 0x800107a8 (0x013fb133) x 2 0x00000000
core   0: 0x800107ac (0x5619b113) sltiu   sp, s3, 1377
core   0: 3 0x800107ac (0x5619b113) x 2 0x00000000
core   0: 0x800107b0 (0x41cfda13) srai    s4, t6, 28
core   0: 3 0x800107b0 (0x41cfda13) x20 0xfffffffa
core   0: 0x800107b4 (0x0ff0000f) fence   iorw,iorw
core   0: 3 0x800107b4 (0x0ff0000f)
core   0: 0x800107b8 (0x04116863) bltu    sp, ra, pc + 80
core   0: 3 0x800107b8 (0x04116863)
core   0: 0x80010808 (0x41a35d93) srai    s11, t1, 26
core   0: 3 0x80010808 (0x41a35d93) x27 0x00000000
core   0: 0x8001080c (0x978ba293) slti    t0, s7, -1672
core   0: 3 0x8001080c (0x978ba293) x 5 0x00000001
core   0: 0x80010810 (0x0ff0000f) fence   iorw,iorw
core   0: 3 0x80010810 (0x0ff0000f)
core   0: 0x80010814 (0x0ff0000f) fence   iorw,iorw
core   0: 3 0x80010814 (0x0ff0000f)
core   0: 0x80010818 (0x0000100f) fence.i
core   0: 3 0x80010818 (0x0000100f)
core   0: 0x8001081c (0x4137d7b3) sra     a5, a5, s3
core   0: 3 0x8001081c (0x4137d7b3) x15 0x80022088
core   0: 0x80010820 (0x15330813) addi    a6, t1, 339
core   0: 3 0x80010820 (0x15330813) x16 0x00000154
core   0: 0x80010824 (0x00a7a8b3) slt     a7, a5, a0
core   0: 3 0x80010824 (0x00a7a8b3) x17 0x00000001
core   0: 0x80010828 (0x1f713e97) auipc   t4, 0x1f713
core   0: 3 0x80010828 (0x1f713e97) x29 0x9f723828
core   0: 0x8001082c (0x015940b3) xor     ra, s2, s5
core   0: 3 0x8001082c (0x015940b3) x 1 0xf77142bb
core   0: 0x80010830 (0x00804733) xor     a4, zero, s0
core   0: 3 0x80010830 (0x00804733) x14 0xd8095d80
core   0: 0x80010834 (0x00fd26b3) slt     a3, s10, a5
core   0: 3 0x80010834 (0x00fd26b3) x13 0x00000000
core   0: 0x80010838 (0x00678a33) add     s4, a5, t1
core   0: 3 0x80010838 (0x00678a33) x20 0x80022089
core   0: 0x8001083c (0x01085593) srli    a1, a6, 16
core   0: 3 0x8001083c (0x01085593) x11 0x00000000
core   0: 0x80010840 (0x0305c263) blt     a1, a6, pc + 36
core   0: 3 0x80010840 (0x0305c263)
core   0: 0x80010864 (0x045d8463) beq     s11, t0, pc + 72
core   0: 3 0x80010864 (0x045d8463)
core   0: 0x80010868 (0x47d7e513) ori     a0, a5, 1149
core   0: 3 0x80010868 (0x47d7e513) x10 0x800224fd
core   0: 0x8001086c (0x00355c33) srl     s8, a0, gp
core   0: 3 0x8001086c (0x00355c33) x24 0x00010004
core   0: 0x80010870 (0x02a40863) beq     s0, a0, pc + 48
core   0: 3 0x80010870 (0x02a40863)
core   0: 0x80010874 (0x032e9263) bne     t4, s2, pc + 36
core   0: 3 0x80010874 (0x032e9263)
core   0: 0x80010898 (0xb010a613) slti    a2, ra, -1279
core   0: 3 0x80010898 (0xb010a613) x12 0x00000001
core   0: 0x8001089c (0xd53a3c93) sltiu   s9, s4, -685
core   0: 3 0x8001089c (0xd53a3c93) x25 0x00000001
core   0: 0x800108a0 (0x111620b7) lui     ra, 0x11162
core   0: 3 0x800108a0 (0x111620b7) x 1 0x11162000
core   0: 0x800108a4 (0x229f0413) addi    s0, t5, 553
core   0: 3 0x800108a4 (0x229f0413) x 8 0x049fdfdf
core   0: 0x800108a8 (0x00481a63) bne     a6, tp, pc + 20
core   0: 3 0x800108a8 (0x00481a63)
core   0: 0x800108bc (0x01ccab33) slt     s6, s9, t3
core   0: 3 0x800108bc (0x01ccab33) x22 0x00000000
core   0: 0x800108c0 (0x41a00333) sub     t1, zero, s10
core   0: 3 0x800108c0 (0x41a00333) x 6 0x000fffa9
core   0: 0x800108c4 (0x018e1d33) sll     s10, t3, s8
core   0: 3 0x800108c4 (0x018e1d33) x26 0x0021dfd0
core   0: 0x800108c8 (0x05ccdb37) lui     s6, 0x5ccd
core   0: 3 0x800108c8 (0x05ccdb37) x22 0x05ccd000
core   0: 0x800108cc (0x00e2d8b3) srl     a7, t0, a4
core   0: 3 0x800108cc (0x00e2d8b3) x17 0x00000001
core   0: 0x800108d0 (0x4e3ff393) andi    t2, t6, 1251
core   0: 3 0x800108d0 (0x4e3ff393) x 7 0x000004a0
core   0: 0x800108d4 (0x01304533) xor     a0, zero, s3
core   0: 3 0x800108d4 (0x01304533) x10 0x77912780
core   0: 0x800108d8 (0xe5c32d17) auipc   s10, 0xe5c32
core   0: 3 0x800108d8 (0xe5c32d17) x26 0x65c428d8
core   0: 0x800108dc (0x0000100f) fence.i
core   0: 3 0x800108dc (0x0000100f)
core   0: 0x800108e0 (0x00f72433) slt     s0, a4, a5
core   0: 3 0x800108e0 (0x00f72433) x 8 0x00000000
core   0: 0x800108e4 (0x017811b3) sll     gp, a6, s7
core   0: 3 0x800108e4 (0x017811b3) x 3 0x54000000
core   0: 0x800108e8 (0x015d4863) blt     s10, s5, pc + 16
core   0: 3 0x800108e8 (0x015d4863)
core   0: 0x800108ec (0x01f24233) xor     tp, tp, t6
core   0: 3 0x800108ec (0x01f24233) x 4 0xaa07a7a0
core   0: 0x800108f0 (0x02540463) beq     s0, t0, pc + 40
core   0: 3 0x800108f0 (0x02540463)
core   0: 0x800108f4 (0x044f8863) beq     t6, tp, pc + 80
core   0: 3 0x800108f4 (0x044f8863)
core   0: 0x80010944 (0x01057033) and     zero, a0, a6
core   0: 3 0x80010944 (0x01057033)
core   0: 0x80010948 (0x007b7863) bgeu    s6, t2, pc + 16
core   0: 3 0x80010948 (0x007b7863)
core   0: 0x80010958 (0x1e392db7) lui     s11, 0x1e392
core   0: 3 0x80010958 (0x1e392db7) x27 0x1e392000
core   0: 0x8001095c (0x01529d13) slli    s10, t0, 21
core   0: 3 0x8001095c (0x01529d13) x26 0x00200000
core   0: 0x80010960 (0x00fbf033) and     zero, s7, a5
core   0: 3 0x80010960 (0x00fbf033)
core   0: 0x80010964 (0x24f8f813) andi    a6, a7, 591
core   0: 3 0x80010964 (0x24f8f813) x16 0x00000001
core   0: 0x80010968 (0x02fdf463) bgeu    s11, a5, pc + 40
core   0: 3 0x80010968 (0x02fdf463)
core   0: 0x8001096c (0x001142b3) xor     t0, sp, ra
core   0: 3 0x8001096c (0x001142b3) x 5 0x11162000
core   0: 0x80010970 (0x01c8a6b3) slt     a3, a7, t3
core   0: 3 0x80010970 (0x01c8a6b3) x13 0x00000000
core   0: 0x80010974 (0xb7299897) auipc   a7, 0xb7299
core   0: 3 0x80010974 (0xb7299897) x17 0x372a9974
core   0: 0x80010978 (0x008db5b3) sltu    a1, s11, s0
core   0: 3 0x80010978 (0x008db5b3) x11 0x00000000
core   0: 0x8001097c (0x8dba4913) xori    s2, s4, -1829
core   0: 3 0x8001097c (0x8dba4913) x18 0x7ffdd852
core   0: 0x80010980 (0x2accef37) lui     t5, 0x2acce
core   0: 3 0x80010980 (0x2accef37) x30 0x2acce000
core   0: 0x80010984 (0x413ed3b3) sra     t2, t4, s3
core   0: 3 0x80010984 (0x413ed3b3) x 7 0x9f723828
core   0: 0x80010988 (0xca75aa13) slti    s4, a1, -857
core   0: 3 0x80010988 (0xca75aa13) x20 0x00000000
core   0: 0x8001098c (0x22dbf513) andi    a0, s7, 557
core   0: 3 0x8001098c (0x22dbf513) x10 0x00000228
core   0: 0x80010990 (0x40ae0933) sub     s2, t3, a0
core   0: 3 0x80010990 (0x40ae0933) x18 0x80021bd5
core   0: 0x80010994 (0x01776a33) or      s4, a4, s7
core   0: 3 0x80010994 (0x01776a33) x20 0xd80b7fb8
core   0: 0x80010998 (0x6b69f837) lui     a6, 0x6b69f
core   0: 3 0x80010998 (0x6b69f837) x16 0x6b69f000
core   0: 0x8001099c (0xcf552093) slti    ra, a0, -779
core   0: 3 0x8001099c (0xcf552093) x 1 0x00000000
core   0: 0x800109a0 (0x00555a33) srl     s4, a0, t0
core   0: 3 0x800109a0 (0x00555a33) x20 0x00000228
core   0: 0x800109a4 (0x92d0ea13) ori     s4, ra, -1747
core   0: 3 0x800109a4 (0x92d0ea13) x20 0xfffff92d
core   0: 0x800109a8 (0x87be3c97) auipc   s9, 0x87be3
core   0: 3 0x800109a8 (0x87be3c97) x25 0x07bf39a8
core   0: 0x800109ac (0x00823033) sltu    zero, tp, s0
core   0: 3 0x800109ac (0x00823033)
core   0: 0x800109b0 (0xa1b1fc93) andi    s9, gp, -1509
core   0: 3 0x800109b0 (0xa1b1fc93) x25 0x54000000
core   0: 0x800109b4 (0x411b5f13) srai    t5, s6, 17
core   0: 3 0x800109b4 (0x411b5f13) x30 0x000002e6
core   0: 0x800109b8 (0x00000013) nop
core   0: 3 0x800109b8 (0x00000013)
core   0: 0x800109bc (0x05a5d663) bge     a1, s10, pc + 76
core   0: 3 0x800109bc (0x05a5d663)
core   0: 0x800109c0 (0x01979133) sll     sp, a5, s9
core   0: 3 0x800109c0 (0x01979133) x 2 0x80022088
core   0: 0x800109c4 (0xaafc7337) lui     t1, 0xaafc7
core   0: 3 0x800109c4 (0xaafc7337) x 6 0xaafc7000
core   0: 0x800109c8 (0x247e2d93) slti    s11, t3, 583
core   0: 3 0x800109c8 (0x247e2d93) x27 0x00000001
core   0: 0x800109cc (0x59ddc113) xori    sp, s11, 1437
core   0: 3 0x800109cc (0x59ddc113) x 2 0x0000059c
core   0: 0x800109d0 (0x40cc5933) sra     s2, s8, a2
core   0: 3 0x800109d0 (0x40cc5933) x18 0x00008002
core   0: 0x800109d4 (0x4effc713) xori    a4, t6, 1263
core   0: 3 0x800109d4 (0x4effc713) x14 0xaa07a34f
core   0: 0x800109d8 (0x011025b3) slt     a1, zero, a7
core   0: 3 0x800109d8 (0x011025b3) x11 0x00000001
core   0: 0x800109dc (0x016a1813) slli    a6, s4, 22
core   0: 3 0x800109dc (0x016a1813) x16 0x4b400000
core   0: 0x800109e0 (0xb710bc93) sltiu   s9, ra, -1167
core   0: 3 0x800109e0 (0xb710bc93) x25 0x00000001
core   0: 0x800109e4 (0x40d38f33) sub     t5, t2, a3
core   0: 3 0x800109e4 (0x40d38f33) x30 0x9f723828
core   0: 0x800109e8 (0x0031ffb3) and     t6, gp, gp
core   0: 3 0x800109e8 (0x0031ffb3) x31 0x54000000
core   0: 0x800109ec (0x01fb2e33) slt     t3, s6, t6
core   0: 3 0x800109ec (0x01fb2e33) x28 0x00000001
core   0: 0x800109f0 (0x005753b3) srl     t2, a4, t0
core   0: 3 0x800109f0 (0x005753b3) x 7 0xaa07a34f
core   0: 0x800109f4 (0x00acbb33) sltu    s6, s9, a0
core   0: 3 0x800109f4 (0x00acbb33) x22 0x00000001
core   0: 0x800109f8 (0x00000013) nop
core   0: 3 0x800109f8 (0x00000013)
core   0: 0x800109fc (0x00d86b33) or      s6, a6, a3
core   0: 3 0x800109fc (0x00d86b33) x22 0x4b400000
core   0: 0x80010a00 (0x013aa733) slt     a4, s5, s3
core   0: 3 0x80010a00 (0x013aa733) x14 0x00000001
core   0: 0x80010a04 (0x00e458b3) srl     a7, s0, a4
core   0: 3 0x80010a04 (0x00e458b3) x17 0x00000000
core   0: 0x80010a08 (0xaaeac293) xori    t0, s5, -1362
core   0: 3 0x80010a08 (0xaaeac293) x 5 0x024fe815
core   0: 0x80010a0c (0x01b5e263) bltu    a1, s11, pc + 4
core   0: 3 0x80010a0c (0x01b5e263)
core   0: 0x80010a10 (0xe7d18713) addi    a4, gp, -387
core   0: 3 0x80010a10 (0xe7d18713) x14 0x53fffe7d
core   0: 0x80010a14 (0x13bec693) xori    a3, t4, 315
core   0: 3 0x80010a14 (0x13bec693) x13 0x9f723913
core   0: 0x80010a18 (0x012a9e63) bne     s5, s2, pc + 28
core   0: 3 0x80010a18 (0x012a9e63)
core   0: 0x80010a34 (0x01205313) srli    t1, zero, 18
core   0: 3 0x80010a34 (0x01205313) x 6 0x00000000
core   0: 0x80010a38 (0x00bf5f93) srli    t6, t5, 11
core   0: 3 0x80010a38 (0x00bf5f93) x31 0x0013ee47
core   0: 0x80010a3c (0x01efea63) bltu    t6, t5, pc + 20
core   0: 3 0x80010a3c (0x01efea63)
core   0: 0x80010a50 (0x01b3eb33) or      s6, t2, s11
core   0: 3 0x80010a50 (0x01b3eb33) x22 0xaa07a34f
core   0: 0x80010a54 (0x01606233) or      tp, zero, s6
core   0: 3 0x80010a54 (0x01606233) x 4 0xaa07a34f
core   0: 0x80010a58 (0x41a0d793) srai    a5, ra, 26
core   0: 3 0x80010a58 (0x41a0d793) x15 0x00000000
core   0: 0x80010a5c (0x0381e263) bltu    gp, s8, pc + 36
core   0: 3 0x80010a5c (0x0381e263)
core   0: 0x80010a60 (0x02504c63) blt     zero, t0, pc + 56
core   0: 3 0x80010a60 (0x02504c63)
core   0: 0x80010a98 (0x000a7733) and     a4, s4, zero
core   0: 3 0x80010a98 (0x000a7733) x14 0x00000000
core   0: 0x80010a9c (0x75728013) addi    zero, t0, 1879
core   0: 3 0x80010a9c (0x75728013)
core   0: 0x80010aa0 (0x04ed6463) bltu    s10, a4, pc + 72
core   0: 3 0x80010aa0 (0x04ed6463)
core   0: 0x80010aa4 (0x00b6f133) and     sp, a3, a1
core   0: 3 0x80010aa4 (0x00b6f133) x 2 0x00000001
core   0: 0x80010aa8 (0x94508d17) auipc   s10, 0x94508
core   0: 3 0x80010aa8 (0x94508d17) x26 0x14518aa8
core   0: 0x80010aac (0x0120c0b3) xor     ra, ra, s2
core   0: 3 0x80010aac (0x0120c0b3) x 1 0x00008002
core   0: 0x80010ab0 (0xa9f56593) ori     a1, a0, -1377
core   0: 3 0x80010ab0 (0xa9f56593) x11 0xfffffabf
core   0: 0x80010ab4 (0x0033d713) srli    a4, t2, 3
core   0: 3 0x80010ab4 (0x0033d713) x14 0x1540f469
core   0: 0x80010ab8 (0x00c6b1b3) sltu    gp, a3, a2
core   0: 3 0x80010ab8 (0x00c6b1b3) x 3 0x00000000
core   0: 0x80010abc (0x5c8d3093) sltiu   ra, s10, 1480
core   0: 3 0x80010abc (0x5c8d3093) x 1 0x00000000
core   0: 0x80010ac0 (0x00516e63) bltu    sp, t0, pc + 28
core   0: 3 0x80010ac0 (0x00516e63)
core   0: 0x80010adc (0x0000100f) fence.i
core   0: 3 0x80010adc (0x0000100f)
core   0: 0x80010ae0 (0x010c3933) sltu    s2, s8, a6
core   0: 3 0x80010ae0 (0x010c3933) x18 0x00000001
core   0: 0x80010ae4 (0x004f8e33) add     t3, t6, tp
core   0: 3 0x80010ae4 (0x004f8e33) x28 0xaa1b9196
core   0: 0x80010ae8 (0x57dcab13) slti    s6, s9, 1405
core   0: 3 0x80010ae8 (0x57dcab13) x22 0x00000001
core   0: 0x80010aec (0xb4294793) xori    a5, s2, -1214
core   0: 3 0x80010aec (0xb4294793) x15 0xfffffb43
core   0: 0x80010af0 (0x0000100f) fence.i
core   0: 3 0x80010af0 (0x0000100f)
core   0: 0x80010af4 (0x014a21b3) slt     gp, s4, s4
core   0: 3 0x80010af4 (0x014a21b3) x 3 0x00000000
core   0: 0x80010af8 (0x012e1093) slli    ra, t3, 18
core   0: 3 0x80010af8 (0x012e1093) x 1 0x46580000
core   0: 0x80010afc (0x949e6513) ori     a0, t3, -1719
core   0: 3 0x80010afc (0x949e6513) x10 0xfffff9df
core   0: 0x80010b00 (0x19658313) addi    t1, a1, 406
core   0: 3 0x80010b00 (0x19658313) x 6 0xfffffc55
core   0: 0x80010b04 (0xe06d8793) addi    a5, s11, -506
core   0: 3 0x80010b04 (0xe06d8793) x15 0xfffffe07
core   0: 0x80010b08 (0x00de5333) srl     t1, t3, a3
core   0: 3 0x80010b08 (0x00de5333) x 6 0x00001543
core   0: 0x80010b0c (0x01aa03b3) add     t2, s4, s10
core   0: 3 0x80010b0c (0x01aa03b3) x 7 0x145183d5
core   0: 0x80010b10 (0x057f5863) bge     t5, s7, pc + 80
core   0: 3 0x80010b10 (0x057f5863)
core   0: 0x80010b60 (0x01d85793) srli    a5, a6, 29
core   0: 3 0x80010b60 (0x01d85793) x15 0x00000002
core   0: 0x80010b64 (0x018db533) sltu    a0, s11, s8
core   0: 3 0x80010b64 (0x018db533) x10 0x00000001
core   0: 0x80010b68 (0x04a41263) bne     s0, a0, pc + 68
core   0: 3 0x80010b68 (0x04a41263)
core   0: 0x80010bac (0x01171a63) bne     a4, a7, pc + 20
core   0: 3 0x80010bac (0x01171a63)
core   0: 0x80010bc0 (0x05e29463) bne     t0, t5, pc + 72
core   0: 3 0x80010bc0 (0x05e29463)
core   0: 0x80010c08 (0x019bc733) xor     a4, s7, s9
core   0: 3 0x80010c08 (0x019bc733) x14 0x80027e39
core   0: 0x80010c0c (0x9b91b613) sltiu   a2, gp, -1607
core   0: 3 0x80010c0c (0x9b91b613) x12 0x00000001
core   0: 0x80010c10 (0x01d195b3) sll     a1, gp, t4
core   0: 3 0x80010c10 (0x01d195b3) x11 0x00000000
core   0: 0x80010c14 (0x0174d433) srl     s0, s1, s7
core   0: 3 0x80010c14 (0x0174d433) x 8 0x00000080
core   0: 0x80010c18 (0x00732a33) slt     s4, t1, t2
core   0: 3 0x80010c18 (0x00732a33) x20 0x00000001
core   0: 0x80010c1c (0x0297c863) blt     a5, s1, pc + 48
core   0: 3 0x80010c1c (0x0297c863)
core   0: 0x80010c20 (0x00000013) nop
core   0: 3 0x80010c20 (0x00000013)
core   0: 0x80010c24 (0xfb164693) xori    a3, a2, -79
core   0: 3 0x80010c24 (0xfb164693) x13 0xffffffb0
core   0: 0x80010c28 (0x01959f93) slli    t6, a1, 25
core   0: 3 0x80010c28 (0x01959f93) x31 0x00000000
core   0: 0x80010c2c (0x95062713) slti    a4, a2, -1712
core   0: 3 0x80010c2c (0x95062713) x14 0x00000000
core   0: 0x80010c30 (0x3c19b293) sltiu   t0, s3, 961
core   0: 3 0x80010c30 (0x3c19b293) x 5 0x00000000
core   0: 0x80010c34 (0x013fea63) bltu    t6, s3, pc + 20
core   0: 3 0x80010c34 (0x013fea63)
core   0: 0x80010c48 (0xc635ef13) ori     t5, a1, -925
core   0: 3 0x80010c48 (0xc635ef13) x30 0xfffffc63
core   0: 0x80010c4c (0x00e9c8b3) xor     a7, s3, a4
core   0: 3 0x80010c4c (0x00e9c8b3) x17 0x77912780
core   0: 0x80010c50 (0xcdab2417) auipc   s0, 0xcdab2
core   0: 3 0x80010c50 (0xcdab2417) x 8 0x4dac2c50
core   0: 0x80010c54 (0x417d8eb3) sub     t4, s11, s7
core   0: 3 0x80010c54 (0x417d8eb3) x29 0x7ffd81c9
core   0: 0x80010c58 (0x001529b3) slt     s3, a0, ra
core   0: 3 0x80010c58 (0x001529b3) x19 0x00000001
core   0: 0x80010c5c (0x00ee9b33) sll     s6, t4, a4
core   0: 3 0x80010c5c (0x00ee9b33) x22 0x7ffd81c9
core   0: 0x80010c60 (0x0000100f) fence.i
core   0: 3 0x80010c60 (0x0000100f)
core   0: 0x80010c64 (0x00000013) nop
core   0: 3 0x80010c64 (0x00000013)
core   0: 0x80010c68 (0x0ff0000f) fence   iorw,iorw
core   0: 3 0x80010c68 (0x0ff0000f)
core   0: 0x80010c6c (0x0000100f) fence.i
core   0: 3 0x80010c6c (0x0000100f)
core   0: 0x80010c70 (0x4a267913) andi    s2, a2, 1186
core   0: 3 0x80010c70 (0x4a267913) x18 0x00000000
core   0: 0x80010c74 (0x2df00d13) li      s10, 735
core   0: 3 0x80010c74 (0x2df00d13) x26 0x000002df
core   0: 0x80010c78 (0x21bb7a13) andi    s4, s6, 539
core   0: 3 0x80010c78 (0x21bb7a13) x20 0x00000009
core   0: 0x80010c7c (0x41f0dc13) srai    s8, ra, 31
core   0: 3 0x80010c7c (0x41f0dc13) x24 0x00000000
core   0: 0x80010c80 (0x00000013) nop
core   0: 3 0x80010c80 (0x00000013)
core   0: 0x80010c84 (0x05115463) bge     sp, a7, pc + 72
core   0: 3 0x80010c84 (0x05115463)
core   0: 0x80010c88 (0x406b52b3) sra     t0, s6, t1
core   0: 3 0x80010c88 (0x406b52b3) x 5 0x0fffb039
core   0: 0x80010c8c (0xa7d63693) sltiu   a3, a2, -1411
core   0: 3 0x80010c8c (0xa7d63693) x13 0x00000001
core   0: 0x80010c90 (0x95423e93) sltiu   t4, tp, -1708
core   0: 3 0x80010c90 (0x95423e93) x29 0x00000001
core   0: 0x80010c94 (0x0000100f) fence.i
core   0: 3 0x80010c94 (0x0000100f)
core   0: 0x80010c98 (0x01cd5413) srli    s0, s10, 28
core   0: 3 0x80010c98 (0x01cd5413) x 8 0x00000000
core   0: 0x80010c9c (0x01eee863) bltu    t4, t5, pc + 16
core   0: 3 0x80010c9c (0x01eee863)
core   0: 0x80010cac (0x41c68a33) sub     s4, a3, t3
core   0: 3 0x80010cac (0x41c68a33) x20 0x55e46e6b
core   0: 0x80010cb0 (0x01804533) xor     a0, zero, s8
core   0: 3 0x80010cb0 (0x01804533) x10 0x00000000
core   0: 0x80010cb4 (0x00000013) nop
core   0: 3 0x80010cb4 (0x00000013)
core   0: 0x80010cb8 (0x03275663) bge     a4, s2, pc + 44
core   0: 3 0x80010cb8 (0x03275663)
core   0: 0x80010ce4 (0x00e5d1b3) srl     gp, a1, a4
core   0: 3 0x80010ce4 (0x00e5d1b3) x 3 0x00000000
core   0: 0x80010ce8 (0x4e177f13) andi    t5, a4, 1249
core   0: 3 0x80010ce8 (0x4e177f13) x30 0x00000000
core   0: 0x80010cec (0x0231ca63) blt     gp, gp, pc + 52
core   0: 3 0x80010cec (0x0231ca63)
core   0: 0x80010cf0 (0x01979733) sll     a4, a5, s9
core   0: 3 0x80010cf0 (0x01979733) x14 0x00000004
core   0: 0x80010cf4 (0x0ff0000f) fence   iorw,iorw
core   0: 3 0x80010cf4 (0x0ff0000f)
core   0: 0x80010cf8 (0x01d15863) bge     sp, t4, pc + 16
core   0: 3 0x80010cf8 (0x01d15863)
core   0: 0x80010d08 (0x0069dc33) srl     s8, s3, t1
core   0: 3 0x80010d08 (0x0069dc33) x24 0x00000000
core   0: 0x80010d0c (0x019dd413) srli    s0, s11, 25
core   0: 3 0x80010d0c (0x019dd413) x 8 0x00000000
core   0: 0x80010d10 (0x40d10833) sub     a6, sp, a3
core   0: 3 0x80010d10 (0x40d10833) x16 0x00000000
core   0: 0x80010d14 (0x05d51263) bne     a0, t4, pc + 68
core   0: 3 0x80010d14 (0x05d51263)
core   0: 0x80010d58 (0x3d74a993) slti    s3, s1, 983
core   0: 3 0x80010d58 (0x3d74a993) x19 0x00000001
core   0: 0x80010d5c (0x013a4263) blt     s4, s3, pc + 4
core   0: 3 0x80010d5c (0x013a4263)
core   0: 0x80010d60 (0x59557593) andi    a1, a0, 1429
core   0: 3 0x80010d60 (0x59557593) x11 0x00000000
core   0: 0x80010d64 (0x41688d33) sub     s10, a7, s6
core   0: 3 0x80010d64 (0x41688d33) x26 0xf793a5b7
core   0: 0x80010d68 (0x004876b3) and     a3, a6, tp
core   0: 3 0x80010d68 (0x004876b3) x13 0x00000000
core   0: 0x80010d6c (0x403d8433) sub     s0, s11, gp
core   0: 3 0x80010d6c (0x403d8433) x 8 0x00000001
core   0: 0x80010d70 (0x014a1263) bne     s4, s4, pc + 4
core   0: 3 0x80010d70 (0x014a1263)
core   0: 0x80010d74 (0x01746133) or      sp, s0, s7
core   0: 3 0x80010d74 (0x01746133) x 2 0x80027e39
core   0: 0x80010d78 (0x01662833) slt     a6, a2, s6
core   0: 3 0x80010d78 (0x01662833) x16 0x00000001
core   0: 0x80010d7c (0x012fe833) or      a6, t6, s2
core   0: 3 0x80010d7c (0x012fe833) x16 0x00000000
core   0: 0x80010d80 (0x00000013) nop
core   0: 3 0x80010d80 (0x00000013)
core   0: 0x80010d84 (0x005ab6b3) sltu    a3, s5, t0
core   0: 3 0x80010d84 (0x005ab6b3) x13 0x00000000
core   0: 0x80010d88 (0x8d50b413) sltiu   s0, ra, -1835
core   0: 3 0x80010d88 (0x8d50b413) x 8 0x00000001
core   0: 0x80010d8c (0x00255193) srli    gp, a0, 2
core   0: 3 0x80010d8c (0x00255193) x 3 0x00000000
core   0: 0x80010d90 (0x0000100f) fence.i
core   0: 3 0x80010d90 (0x0000100f)
core   0: 0x80010d94 (0x04b68863) beq     a3, a1, pc + 80
core   0: 3 0x80010d94 (0x04b68863)
core   0: 0x80010de4 (0x00000013) nop
core   0: 3 0x80010de4 (0x00000013)
core   0: 0x80010de8 (0x01e5d0b3) srl     ra, a1, t5
core   0: 3 0x80010de8 (0x01e5d0b3) x 1 0x00000000
core   0: 0x80010dec (0x001a7eb3) and     t4, s4, ra
core   0: 3 0x80010dec (0x001a7eb3) x29 0x00000000
core   0: 0x80010df0 (0x00b53b33) sltu    s6, a0, a1
core   0: 3 0x80010df0 (0x00b53b33) x22 0x00000000
core   0: 0x80010df4 (0x01a790b3) sll     ra, a5, s10
core   0: 3 0x80010df4 (0x01a790b3) x 1 0x01000000
core   0: 0x80010df8 (0x00ef87b3) add     a5, t6, a4
core   0: 3 0x80010df8 (0x00ef87b3) x15 0x00000004
core   0: 0x80010dfc (0x0ff0000f) fence   iorw,iorw
core   0: 3 0x80010dfc (0x0ff0000f)
core   0: 0x80010e00 (0x00461663) bne     a2, tp, pc + 12
core   0: 3 0x80010e00 (0x00461663)
core   0: 0x80010e0c (0x419286b3) sub     a3, t0, s9
core   0: 3 0x80010e0c (0x419286b3) x13 0x0fffb038
core   0: 0x80010e10 (0x0ff0000f) fence   iorw,iorw
core   0: 3 0x80010e10 (0x0ff0000f)
core   0: 0x80010e14 (0x0000100f) fence.i
core   0: 3 0x80010e14 (0x0000100f)
core   0: 0x80010e18 (0x00bead33) slt     s10, t4, a1
core   0: 3 0x80010e18 (0x00bead33) x26 0x00000000
core   0: 0x80010e1c (0x0ff0000f) fence   iorw,iorw
core   0: 3 0x80010e1c (0x0ff0000f)
core   0: 0x80010e20 (0x018ff333) and     t1, t6, s8
core   0: 3 0x80010e20 (0x018ff333) x 6 0x00000000
core   0: 0x80010e24 (0x044cc863) blt     s9, tp, pc + 80
core   0: 3 0x80010e24 (0x044cc863)
core   0: 0x80010e28 (0x01ab38b3) sltu    a7, s6, s10
core   0: 3 0x80010e28 (0x01ab38b3) x17 0x00000000
core   0: 0x80010e2c (0x40975b33) sra     s6, a4, s1
core   0: 3 0x80010e2c (0x40975b33) x22 0x00000000
core   0: 0x80010e30 (0x9fceae93) slti    t4, t4, -1540
core   0: 3 0x80010e30 (0x9fceae93) x29 0x00000000
core   0: 0x80010e34 (0x01f47863) bgeu    s0, t6, pc + 16
core   0: 3 0x80010e34 (0x01f47863)
core   0: 0x80010e44 (0x04a00663) beq     zero, a0, pc + 76
core   0: 3 0x80010e44 (0x04a00663)
core   0: 0x80010e90 (0x4155d033) sra     zero, a1, s5
core   0: 3 0x80010e90 (0x4155d033)
core   0: 0x80010e94 (0xf73fc693) xori    a3, t6, -141
core   0: 3 0x80010e94 (0xf73fc693) x13 0xffffff73
core   0: 0x80010e98 (0x21ff4413) xori    s0, t5, 543
core   0: 3 0x80010e98 (0x21ff4413) x 8 0x0000021f
core   0: 0x80010e9c (0x01685433) srl     s0, a6, s6
core   0: 3 0x80010e9c (0x01685433) x 8 0x00000000
core   0: 0x80010ea0 (0x08522293) slti    t0, tp, 133
core   0: 3 0x80010ea0 (0x08522293) x 5 0x00000001
core   0: 0x80010ea4 (0x03f60263) beq     a2, t6, pc + 36
core   0: 3 0x80010ea4 (0x03f60263)
core   0: 0x80010ea8 (0xa0462d93) slti    s11, a2, -1532
core   0: 3 0x80010ea8 (0xa0462d93) x27 0x00000000
core   0: 0x80010eac (0xebf3c213) xori    tp, t2, -321
core   0: 3 0x80010eac (0xebf3c213) x 4 0xebae7d6a
core   0: 0x80010eb0 (0x89b30593) addi    a1, t1, -1893
core   0: 3 0x80010eb0 (0x89b30593) x11 0xfffff89b
core   0: 0x80010eb4 (0x00d04a63) blt     zero, a3, pc + 20
core   0: 3 0x80010eb4 (0x00d04a63)
core   0: 0x80010eb8 (0x4e843513) sltiu   a0, s0, 1256
core   0: 3 0x80010eb8 (0x4e843513) x10 0x00000001
core   0: 0x80010ebc (0x413b8eb3) sub     t4, s7, s3
core   0: 3 0x80010ebc (0x413b8eb3) x29 0x80027e37
core   0: 0x80010ec0 (0x69b9f593) andi    a1, s3, 1691
core   0: 3 0x80010ec0 (0x69b9f593) x11 0x00000001
core   0: 0x80010ec4 (0x01a62433) slt     s0, a2, s10
core   0: 3 0x80010ec4 (0x01a62433) x 8 0x00000000
core   0: 0x80010ec8 (0xb3fcee93) ori     t4, s9, -1217
core   0: 3 0x80010ec8 (0xb3fcee93) x29 0xfffffb3f
core   0: 0x80010ecc (0xa285ba13) sltiu   s4, a1, -1496
core   0: 3 0x80010ecc (0xa285ba13) x20 0x00000001
core   0: 0x80010ed0 (0x00c4dcb3) srl     s9, s1, a2
core   0: 3 0x80010ed0 (0x00c4dcb3) x25 0x40015e72
core   0: 0x80010ed4 (0xf74d8e93) addi    t4, s11, -140
core   0: 3 0x80010ed4 (0xf74d8e93) x29 0xffffff74
core   0: 0x80010ed8 (0x01c469b3) or      s3, s0, t3
core   0: 3 0x80010ed8 (0x01c469b3) x19 0xaa1b9196
core   0: 0x80010edc (0x0159c5b3) xor     a1, s3, s5
core   0: 3 0x80010edc (0x0159c5b3) x11 0x57ab832d
core   0: 0x80010ee0 (0x02b77c63) bgeu    a4, a1, pc + 56
core   0: 3 0x80010ee0 (0x02b77c63)
core   0: 0x80010ee4 (0x00415863) bge     sp, tp, pc + 16
core   0: 3 0x80010ee4 (0x00415863)
core   0: 0x80010ee8 (0x0000100f) fence.i
core   0: 3 0x80010ee8 (0x0000100f)
core   0: 0x80010eec (0x03e28663) beq     t0, t5, pc + 44
core   0: 3 0x80010eec (0x03e28663)
core   0: 0x80010ef0 (0xb25f7f93) andi    t6, t5, -1243
core   0: 3 0x80010ef0 (0xb25f7f93) x31 0x00000000
core   0: 0x80010ef4 (0x01585a33) srl     s4, a6, s5
core   0: 3 0x80010ef4 (0x01585a33) x20 0x00000000
core   0: 0x80010ef8 (0x01641a33) sll     s4, s0, s6
core   0: 3 0x80010ef8 (0x01641a33) x20 0x00000000
core   0: 0x80010efc (0x02a67263) bgeu    a2, a0, pc + 36
core   0: 3 0x80010efc (0x02a67263)
core   0: 0x80010f20 (0x00000013) nop
core   0: 3 0x80010f20 (0x00000013)
core   0: 0x80010f24 (0x01154a33) xor     s4, a0, a7
core   0: 3 0x80010f24 (0x01154a33) x20 0x00000001
core   0: 0x80010f28 (0x00904863) blt     zero, s1, pc + 16
core   0: 3 0x80010f28 (0x00904863)
core   0: 0x80010f2c (0x013d9a63) bne     s11, s3, pc + 20
core   0: 3 0x80010f2c (0x013d9a63)
core   0: 0x80010f40 (0x1da88a17) auipc   s4, 0x1da88
core   0: 3 0x80010f40 (0x1da88a17) x20 0x9da98f40
core   0: 0x80010f44 (0x00b13a33) sltu    s4, sp, a1
core   0: 3 0x80010f44 (0x00b13a33) x20 0x00000000
core   0: 0x80010f48 (0x0589d863) bge     s3, s8, pc + 80
core   0: 3 0x80010f48 (0x0589d863)
core   0: 0x80010f4c (0x006e8c33) add     s8, t4, t1
core   0: 3 0x80010f4c (0x006e8c33) x24 0xffffff74
core   0: 0x80010f50 (0x00275093) srli    ra, a4, 2
core   0: 3 0x80010f50 (0x00275093) x 1 0x00000001
core   0: 0x80010f54 (0x016b1cb3) sll     s9, s6, s6
core   0: 3 0x80010f54 (0x016b1cb3) x25 0x00000000
core   0: 0x80010f58 (0x030bec63) bltu    s7, a6, pc + 56
core   0: 3 0x80010f58 (0x030bec63)
core   0: 0x80010f5c (0x00ef55b3) srl     a1, t5, a4
core   0: 3 0x80010f5c (0x00ef55b3) x11 0x00000000
core   0: 0x80010f60 (0x51530797) auipc   a5, 0x51530
core   0: 3 0x80010f60 (0x51530797) x15 0xd1540f60
core   0: 0x80010f64 (0x0124e233) or      tp, s1, s2
core   0: 3 0x80010f64 (0x0124e233) x 4 0x8002bce4
core   0: 0x80010f68 (0x00000013) nop
core   0: 3 0x80010f68 (0x00000013)
core   0: 0x80010f6c (0x000e6033) or      zero, t3, zero
core   0: 3 0x80010f6c (0x000e6033)
core   0: 0x80010f70 (0x05ba9663) bne     s5, s11, pc + 76
core   0: 3 0x80010f70 (0x05ba9663)
core   0: 0x80010fbc (0x00cbe833) or      a6, s7, a2
core   0: 3 0x80010fbc (0x00cbe833) x16 0x80027e39
core   0: 0x80010fc0 (0x02867263) bgeu    a2, s0, pc + 36
core   0: 3 0x80010fc0 (0x02867263)
core   0: 0x80010fe4 (0xbfdb8a13) addi    s4, s7, -1027
core   0: 3 0x80010fe4 (0xbfdb8a13) x20 0x80027a35
core   0: 0x80010fe8 (0xbd9d3313) sltiu   t1, s10, -1063
core   0: 3 0x80010fe8 (0xbd9d3313) x 6 0x00000001
core   0: 0x80010fec (0xbd777e13) andi    t3, a4, -1065
core   0: 3 0x80010fec (0xbd777e13) x28 0x00000004
core   0: 0x80010ff0 (0x6d0ee397) auipc   t2, 0x6d0ee
core   0: 3 0x80010ff0 (0x6d0ee397) x 7 0xed0feff0
core   0: 0x80010ff4 (0x03649463) bne     s1, s6, pc + 40
core   0: 3 0x80010ff4 (0x03649463)
core   0: 0x8001101c (0x01f23933) sltu    s2, tp, t6
core   0: 3 0x8001101c (0x01f23933) x18 0x00000000
core   0: 0x80011020 (0x005f8cb3) add     s9, t6, t0
core   0: 3 0x80011020 (0x005f8cb3) x25 0x00000001
core   0: 0x80011024 (0x0000100f) fence.i
core   0: 3 0x80011024 (0x0000100f)
core   0: 0x80011028 (0x05316863) bltu    sp, s3, pc + 80
core   0: 3 0x80011028 (0x05316863)
core   0: 0x80011078 (0x0160a133) slt     sp, ra, s6
core   0: 3 0x80011078 (0x0160a133) x 2 0x00000000
core   0: 0x8001107c (0x1748b593) sltiu   a1, a7, 372
core   0: 3 0x8001107c (0x1748b593) x11 0x00000001
core   0: 0x80011080 (0x00000013) nop
core   0: 3 0x80011080 (0x00000013)
core   0: 0x80011084 (0xa4bfc213) xori    tp, t6, -1461
core   0: 3 0x80011084 (0xa4bfc213) x 4 0xfffffa4b
core   0: 0x80011088 (0x00000013) nop
core   0: 3 0x80011088 (0x00000013)
core   0: 0x8001108c (0x00dcdcb3) srl     s9, s9, a3
core   0: 3 0x8001108c (0x00dcdcb3) x25 0x00000000
core   0: 0x80011090 (0x06775663) bge     a4, t2, pc + 108
core   0: 3 0x80011090 (0x06775663)
core   0: 0x800110fc (0x0ff0000f) fence   iorw,iorw
core   0: 3 0x800110fc (0x0ff0000f)
core   0: 0x80011100 (0x03490063) beq     s2, s4, pc + 32
core   0: 3 0x80011100 (0x03490063)
core   0: 0x80011104 (0x00986333) or      t1, a6, s1
core   0: 3 0x80011104 (0x00986333) x 6 0x8002fefd
core   0: 0x80011108 (0x407202b3) sub     t0, tp, t2
core   0: 3 0x80011108 (0x407202b3) x 5 0x12f00a5b
core   0: 0x8001110c (0x0d92b293) sltiu   t0, t0, 217
core   0: 3 0x8001110c (0x0d92b293) x 5 0x00000000
core   0: 0x80011110 (0x00000013) nop
core   0: 3 0x80011110 (0x00000013)
core   0: 0x80011114 (0x03df1a63) bne     t5, t4, pc + 52
core   0: 3 0x80011114 (0x03df1a63)
core   0: 0x80011148 (0x01f99863) bne     s3, t6, pc + 16
core   0: 3 0x80011148 (0x01f99863)
core   0: 0x80011158 (0x00000013) nop
core   0: 3 0x80011158 (0x00000013)
core   0: 0x8001115c (0x000dd8b3) srl     a7, s11, zero
core   0: 3 0x8001115c (0x000dd8b3) x17 0x00000000
core   0: 0x80011160 (0x01c95593) srli    a1, s2, 28
core   0: 3 0x80011160 (0x01c95593) x11 0x00000000
core   0: 0x80011164 (0x03a49c63) bne     s1, s10, pc + 56
core   0: 3 0x80011164 (0x03a49c63)
core   0: 0x8001119c (0x00f6fb33) and     s6, a3, a5
core   0: 3 0x8001119c (0x00f6fb33) x22 0xd1540f60
core   0: 0x800111a0 (0x0175c133) xor     sp, a1, s7
core   0: 3 0x800111a0 (0x0175c133) x 2 0x80027e38
core   0: 0x800111a4 (0x00000013) nop
core   0: 3 0x800111a4 (0x00000013)
core   0: 0x800111a8 (0x0ff0000f) fence   iorw,iorw
core   0: 3 0x800111a8 (0x0ff0000f)
core   0: 0x800111ac (0x055ae863) bltu    s5, s5, pc + 80
core   0: 3 0x800111ac (0x055ae863)
core   0: 0x800111b0 (0x009a5f13) srli    t5, s4, 9
core   0: 3 0x800111b0 (0x009a5f13) x30 0x0040013d
core   0: 0x800111b4 (0x0ff0000f) fence   iorw,iorw
core   0: 3 0x800111b4 (0x0ff0000f)
core   0: 0x800111b8 (0x03e21263) bne     tp, t5, pc + 36
core   0: 3 0x800111b8 (0x03e21263)
core   0: 0x800111dc (0x01251b13) slli    s6, a0, 18
core   0: 3 0x800111dc (0x01251b13) x22 0x00040000
core   0: 0x800111e0 (0x0096fa63) bgeu    a3, s1, pc + 20
core   0: 3 0x800111e0 (0x0096fa63)
core   0: 0x800111f4 (0x01cd6cb3) or      s9, s10, t3
core   0: 3 0x800111f4 (0x01cd6cb3) x25 0x00000004
core   0: 0x800111f8 (0x0598c663) blt     a7, s9, pc + 76
core   0: 3 0x800111f8 (0x0598c663)
core   0: 0x80011244 (0x01b9de13) srli    t3, s3, 27
core   0: 3 0x80011244 (0x01b9de13) x28 0x00000015
core   0: 0x80011248 (0x4143de33) sra     t3, t2, s4
core   0: 3 0x80011248 (0x4143de33) x28 0xffffff68
core   0: 0x8001124c (0x0ff0000f) fence   iorw,iorw
core   0: 3 0x8001124c (0x0ff0000f)
core   0: 0x80011250 (0x196e8d13) addi    s10, t4, 406
core   0: 3 0x80011250 (0x196e8d13) x26 0x0000010a
core   0: 0x80011254 (0x0c4d4393) xori    t2, s10, 196
core   0: 3 0x80011254 (0x0c4d4393) x 7 0x000001ce
core   0: 0x80011258 (0x0000100f) fence.i
core   0: 3 0x80011258 (0x0000100f)
core   0: 0x8001125c (0xe874f213) andi    tp, s1, -377
core   0: 3 0x8001125c (0xe874f213) x 4 0x8002bc84
core   0: 0x80011260 (0xeb0d4593) xori    a1, s10, -336
core   0: 3 0x80011260 (0xeb0d4593) x11 0xffffffba
core   0: 0x80011264 (0x40048f33) sub     t5, s1, zero
core   0: 3 0x80011264 (0x40048f33) x30 0x8002bce4
core   0: 0x80011268 (0x01584e63) blt     a6, s5, pc + 28
core   0: 3 0x80011268 (0x01584e63)
core   0: 0x80011284 (0x00c33413) sltiu   s0, t1, 12
core   0: 3 0x80011284 (0x00c33413) x 8 0x00000000
core   0: 0x80011288 (0x4083d713) srai    a4, t2, 8
core   0: 3 0x80011288 (0x4083d713) x14 0x00000001
core   0: 0x8001128c (0xb3cbab13) slti    s6, s7, -1220
core   0: 3 0x8001128c (0xb3cbab13) x22 0x00000001
core   0: 0x80011290 (0x401ad033) sra     zero, s5, ra
core   0: 3 0x80011290 (0x401ad033)
core   0: 0x80011294 (0x006e33b3) sltu    t2, t3, t1
core   0: 3 0x80011294 (0x006e33b3) x 7 0x00000000
core   0: 0x80011298 (0x5c0fa993) slti    s3, t6, 1472
core   0: 3 0x80011298 (0x5c0fa993) x19 0x00000001
core   0: 0x8001129c (0xeaa94613) xori    a2, s2, -342
core   0: 3 0x8001129c (0xeaa94613) x12 0xfffffeaa
core   0: 0x800112a0 (0x1103a293) slti    t0, t2, 272
core   0: 3 0x800112a0 (0x1103a293) x 5 0x00000001
core   0: 0x800112a4 (0xfebc3f37) lui     t5, 0xfebc3
core   0: 3 0x800112a4 (0xfebc3f37) x30 0xfebc3000
core   0: 0x800112a8 (0x20f34313) xori    t1, t1, 527
core   0: 3 0x800112a8 (0x20f34313) x 6 0x8002fcf2
core   0: 0x800112ac (0x01695a63) bge     s2, s6, pc + 20
core   0: 3 0x800112ac (0x01695a63)
core   0: 0x800112b0 (0x00c35e63) bge     t1, a2, pc + 28
core   0: 3 0x800112b0 (0x00c35e63)
core   0: 0x800112b4 (0x411705b3) sub     a1, a4, a7
core   0: 3 0x800112b4 (0x411705b3) x11 0x00000001
core   0: 0x800112b8 (0x016d9fb3) sll     t6, s11, s6
core   0: 3 0x800112b8 (0x016d9fb3) x31 0x00000000
core   0: 0x800112bc (0xfce47c37) lui     s8, 0xfce47
core   0: 3 0x800112bc (0xfce47c37) x24 0xfce47000
core   0: 0x800112c0 (0x8e291f17) auipc   t5, 0x8e291
core   0: 3 0x800112c0 (0x8e291f17) x30 0x0e2a22c0
core   0: 0x800112c4 (0x9b0f8f93) addi    t6, t6, -1616
core   0: 3 0x800112c4 (0x9b0f8f93) x31 0xfffff9b0
core   0: 0x800112c8 (0x8e8fa093) slti    ra, t6, -1816
core   0: 3 0x800112c8 (0x8e8fa093) x 1 0x00000000
core   0: 0x800112cc (0x413f81b3) sub     gp, t6, s3
core   0: 3 0x800112cc (0x413f81b3) x 3 0xfffff9af
core   0: 0x800112d0 (0x007d0c33) add     s8, s10, t2
core   0: 3 0x800112d0 (0x007d0c33) x24 0x0000010a
core   0: 0x800112d4 (0x0ff0000f) fence   iorw,iorw
core   0: 3 0x800112d4 (0x0ff0000f)
core   0: 0x800112d8 (0x04384263) blt     a6, gp, pc + 68
core   0: 3 0x800112d8 (0x04384263)
core   0: 0x8001131c (0x39c3bf13) sltiu   t5, t2, 924
core   0: 3 0x8001131c (0x39c3bf13) x30 0x00000001
core   0: 0x80011320 (0x033b1663) bne     s6, s3, pc + 44
core   0: 3 0x80011320 (0x033b1663)
core   0: 0x80011324 (0x0166dcb3) srl     s9, a3, s6
core   0: 3 0x80011324 (0x0166dcb3) x25 0x7fffffb9
core   0: 0x80011328 (0x00000013) nop
core   0: 3 0x80011328 (0x00000013)
core   0: 0x8001132c (0x02546863) bltu    s0, t0, pc + 48
core   0: 3 0x8001132c (0x02546863)
core   0: 0x8001135c (0x1d3ea193) slti    gp, t4, 467
core   0: 3 0x8001135c (0x1d3ea193) x 3 0x00000001
core   0: 0x80011360 (0x0000100f) fence.i
core   0: 3 0x80011360 (0x0000100f)
core   0: 0x80011364 (0x4076d313) srai    t1, a3, 7
core   0: 3 0x80011364 (0x4076d313) x 6 0xfffffffe
core   0: 0x80011368 (0xd08f8393) addi    t2, t6, -760
core   0: 3 0x80011368 (0xd08f8393) x 7 0xfffff6b8
core   0: 0x8001136c (0x0ff0000f) fence   iorw,iorw
core   0: 3 0x8001136c (0x0ff0000f)
core   0: 0x80011370 (0x415b85b3) sub     a1, s7, s5
core   0: 3 0x80011370 (0x415b85b3) x11 0x82526b7d
core   0: 0x80011374 (0x0000100f) fence.i
core   0: 3 0x80011374 (0x0000100f)
core   0: 0x80011378 (0x7dd7f393) andi    t2, a5, 2013
core   0: 3 0x80011378 (0x7dd7f393) x 7 0x00000740
core   0: 0x8001137c (0x030b0c63) beq     s6, a6, pc + 56
core   0: 3 0x8001137c (0x030b0c63)
core   0: 0x80011380 (0x318648b7) lui     a7, 0x31864
core   0: 3 0x80011380 (0x318648b7) x17 0x31864000
core   0: 0x80011384 (0x015e1b33) sll     s6, t3, s5
core   0: 3 0x80011384 (0x015e1b33) x22 0x40000000
core   0: 0x80011388 (0x02898263) beq     s3, s0, pc + 36
core   0: 3 0x80011388 (0x02898263)
core   0: 0x8001138c (0x813d0313) addi    t1, s10, -2029
core   0: 3 0x8001138c (0x813d0313) x 6 0xfffff91d
core   0: 0x80011390 (0x0161a433) slt     s0, gp, s6
core   0: 3 0x80011390 (0x0161a433) x 8 0x00000001
core   0: 0x80011394 (0x01b31693) slli    a3, t1, 27
core   0: 3 0x80011394 (0x01b31693) x13 0xe8000000
core   0: 0x80011398 (0xc378a113) slti    sp, a7, -969
core   0: 3 0x80011398 (0xc378a113) x 2 0x00000000
core   0: 0x8001139c (0x40770e33) sub     t3, a4, t2
core   0: 3 0x8001139c (0x40770e33) x28 0xfffff8c1
core   0: 0x800113a0 (0x01535d33) srl     s10, t1, s5
core   0: 3 0x800113a0 (0x01535d33) x26 0x0000001f
core   0: 0x800113a4 (0x009ed6b3) srl     a3, t4, s1
core   0: 3 0x800113a4 (0x009ed6b3) x13 0x0ffffff7
core   0: 0x800113a8 (0x01b4fa33) and     s4, s1, s11
core   0: 3 0x800113a8 (0x01b4fa33) x20 0x00000000
core   0: 0x800113ac (0x01c5a933) slt     s2, a1, t3
core   0: 3 0x800113ac (0x01c5a933) x18 0x00000001
core   0: 0x800113b0 (0x00fac263) blt     s5, a5, pc + 4
core   0: 3 0x800113b0 (0x00fac263)
core   0: 0x800113b4 (0xb5ebc713) xori    a4, s7, -1186
core   0: 3 0x800113b4 (0xb5ebc713) x14 0x7ffd8566
core   0: 0x800113b8 (0x41375f93) srai    t6, a4, 19
core   0: 3 0x800113b8 (0x41375f93) x31 0x00000fff
core   0: 0x800113bc (0x0000100f) fence.i
core   0: 3 0x800113bc (0x0000100f)
core   0: 0x800113c0 (0x057e9463) bne     t4, s7, pc + 72
core   0: 3 0x800113c0 (0x057e9463)
core   0: 0x80011408 (0x00558c33) add     s8, a1, t0
core   0: 3 0x80011408 (0x00558c33) x24 0x82526b7e
core   0: 0x8001140c (0x01ce9a63) bne     t4, t3, pc + 20
core   0: 3 0x8001140c (0x01ce9a63)
core   0: 0x80011420 (0x0000100f) fence.i
core   0: 3 0x80011420 (0x0000100f)
core   0: 0x80011424 (0x4e230913) addi    s2, t1, 1250
core   0: 3 0x80011424 (0x4e230913) x18 0xfffffdff
core   0: 0x80011428 (0x047a4663) blt     s4, t2, pc + 76
core   0: 3 0x80011428 (0x047a4663)
core   0: 0x80011474 (0x007581b3) add     gp, a1, t2
core   0: 3 0x80011474 (0x007581b3) x 3 0x825272bd
core   0: 0x80011478 (0x0165bf33) sltu    t5, a1, s6
core   0: 3 0x80011478 (0x0165bf33) x30 0x00000000
core   0: 0x8001147c (0x0060b6b3) sltu    a3, ra, t1
core   0: 3 0x8001147c (0x0060b6b3) x13 0x00000001
core   0: 0x80011480 (0x01edfa33) and     s4, s11, t5
core   0: 3 0x80011480 (0x01edfa33) x20 0x00000000
core   0: 0x80011484 (0x007ca033) slt     zero, s9, t2
core   0: 3 0x80011484 (0x007ca033)
core   0: 0x80011488 (0x0383dc63) bge     t2, s8, pc + 56
core   0: 3 0x80011488 (0x0383dc63)
core   0: 0x800114c0 (0x40095b33) sra     s6, s2, zero
core   0: 3 0x800114c0 (0x40095b33) x22 0xfffffdff
core   0: 0x800114c4 (0x0ff0000f) fence   iorw,iorw
core   0: 3 0x800114c4 (0x0ff0000f)
core   0: 0x800114c8 (0x00789263) bne     a7, t2, pc + 4
core   0: 3 0x800114c8 (0x00789263)
core   0: 0x800114cc (0x00753733) sltu    a4, a0, t2
core   0: 3 0x800114cc (0x00753733) x14 0x00000001
core   0: 0x800114d0 (0x00000013) nop
core   0: 3 0x800114d0 (0x00000013)
core   0: 0x800114d4 (0x01d11e13) slli    t3, sp, 29
core   0: 3 0x800114d4 (0x01d11e13) x28 0x00000000
core   0: 0x800114d8 (0x00000013) nop
core   0: 3 0x800114d8 (0x00000013)
core   0: 0x800114dc (0x009980b3) add     ra, s3, s1
core   0: 3 0x800114dc (0x009980b3) x 1 0x8002bce5
core   0: 0x800114e0 (0x00a0d293) srli    t0, ra, 10
core   0: 3 0x800114e0 (0x00a0d293) x 5 0x002000af
core   0: 0x800114e4 (0x0081e233) or      tp, gp, s0
core   0: 3 0x800114e4 (0x0081e233) x 4 0x825272bd
core   0: 0x800114e8 (0x00000013) nop
core   0: 3 0x800114e8 (0x00000013)
core   0: 0x800114ec (0x3b312b13) slti    s6, sp, 947
core   0: 3 0x800114ec (0x3b312b13) x22 0x00000001
core   0: 0x800114f0 (0x01680e63) beq     a6, s6, pc + 28
core   0: 3 0x800114f0 (0x01680e63)
core   0: 0x800114f4 (0x01b89133) sll     sp, a7, s11
core   0: 3 0x800114f4 (0x01b89133) x 2 0x31864000
core   0: 0x800114f8 (0xb01bd2b7) lui     t0, 0xb01bd
core   0: 3 0x800114f8 (0xb01bd2b7) x 5 0xb01bd000
core   0: 0x800114fc (0x002a3233) sltu    tp, s4, sp
core   0: 3 0x800114fc (0x002a3233) x 4 0x00000001
core   0: 0x80011500 (0x01c31fb3) sll     t6, t1, t3
core   0: 3 0x80011500 (0x01c31fb3) x31 0xfffff91d
core   0: 0x80011504 (0x04c68063) beq     a3, a2, pc + 64
core   0: 3 0x80011504 (0x04c68063)
core   0: 0x80011508 (0x01733533) sltu    a0, t1, s7
core   0: 3 0x80011508 (0x01733533) x10 0x00000000
core   0: 0x8001150c (0x3831b993) sltiu   s3, gp, 899
core   0: 3 0x8001150c (0x3831b993) x19 0x00000000
core   0: 0x80011510 (0xc1eca0b7) lui     ra, 0xc1eca
core   0: 3 0x80011510 (0xc1eca0b7) x 1 0xc1eca000
core   0: 0x80011514 (0xb5b5ab13) slti    s6, a1, -1189
core   0: 3 0x80011514 (0xb5b5ab13) x22 0x00000001
core   0: 0x80011518 (0x039f9663) bne     t6, s9, pc + 44
core   0: 3 0x80011518 (0x039f9663)
core   0: 0x80011544 (0x00000013) nop
core   0: 3 0x80011544 (0x00000013)
core   0: 0x80011548 (0xfa2760b7) lui     ra, 0xfa276
core   0: 3 0x80011548 (0xfa2760b7) x 1 0xfa276000
core   0: 0x8001154c (0x004ba783) lw      a5, 4(s7)
core   0: 3 0x8001154c (0x004ba783) x15 0x800092c0 mem 0x80027e3c
core   0: 0x80011550 (0x6f912e93) slti    t4, sp, 1785
core   0: 3 0x80011550 (0x6f912e93) x29 0x00000000
core   0: 0x80011554 (0x02cb8b93) addi    s7, s7, 44
core   0: 3 0x80011554 (0x02cb8b93) x23 0x80027e64
core   0: 0x80011558 (0x09c66213) ori     tp, a2, 156
core   0: 3 0x80011558 (0x09c66213) x 4 0xfffffebe
core   0: 0x8001155c (0x00078e93) mv      t4, a5
core   0: 3 0x8001155c (0x00078e93) x29 0x800092c0
core   0: 0x80011560 (0x000e8ee7) jalr    t4, t4, 0
core   0: 3 0x80011560 (0x000e8ee7) x29 0x80011564
core   0: 0x800092c0 (0x00c72233) slt     tp, a4, a2
core   0: 3 0x800092c0 (0x00c72233) x 4 0x00000000
core   0: 0x800092c4 (0x1ade8613) addi    a2, t4, 429
core   0: 3 0x800092c4 (0x1ade8613) x12 0x80011711
core   0: 0x800092c8 (0x572a8913) addi    s2, s5, 1394
core   0: 3 0x800092c8 (0x572a8913) x18 0xfdb0182d
core   0: 0x800092cc (0x41390f33) sub     t5, s2, s3
core   0: 3 0x800092cc (0x41390f33) x30 0xfdb0182d
core   0: 0x800092d0 (0xcf2ba9b7) lui     s3, 0xcf2ba
core   0: 3 0x800092d0 (0xcf2ba9b7) x19 0xcf2ba000
core   0: 0x800092d4 (0x0044b033) sltu    zero, s1, tp
core   0: 3 0x800092d4 (0x0044b033)
core   0: 0x800092d8 (0xd4c9b297) auipc   t0, 0xd4c9b
core   0: 3 0x800092d8 (0xd4c9b297) x 5 0x54ca42d8
core   0: 0x800092dc (0x0149c5b3) xor     a1, s3, s4
core   0: 3 0x800092dc (0x0149c5b3) x11 0xcf2ba000
core   0: 0x800092e0 (0x00000013) nop
core   0: 3 0x800092e0 (0x00000013)
core   0: 0x800092e4 (0x01cf13b3) sll     t2, t5, t3
core   0: 3 0x800092e4 (0x01cf13b3) x 7 0xfdb0182d
core   0: 0x800092e8 (0x0000100f) fence.i
core   0: 3 0x800092e8 (0x0000100f)
core   0: 0x800092ec (0x41988f33) sub     t5, a7, s9
core   0: 3 0x800092ec (0x41988f33) x30 0xb1864047
core   0: 0x800092f0 (0x017f70b3) and     ra, t5, s7
core   0: 3 0x800092f0 (0x017f70b3) x 1 0x80024044
core   0: 0x800092f4 (0xed17e393) ori     t2, a5, -303
core   0: 3 0x800092f4 (0xed17e393) x 7 0xfffffed1
core   0: 0x800092f8 (0x0015fa63) bgeu    a1, ra, pc + 20
core   0: 3 0x800092f8 (0x0015fa63)
core   0: 0x8000930c (0x0054f663) bgeu    s1, t0, pc + 12
core   0: 3 0x8000930c (0x0054f663)
core   0: 0x80009318 (0x00d96a33) or      s4, s2, a3
core   0: 3 0x80009318 (0x00d96a33) x20 0xfdb0182d
core   0: 0x8000931c (0x8817cb13) xori    s6, a5, -1919
core   0: 3 0x8000931c (0x8817cb13) x22 0x7fff6a41
core   0: 0x80009320 (0xdb65af13) slti    t5, a1, -586
core   0: 3 0x80009320 (0xdb65af13) x30 0x00000001
core   0: 0x80009324 (0xd2197f13) andi    t5, s2, -735
core   0: 3 0x80009324 (0xd2197f13) x30 0xfdb01821
core   0: 0x80009328 (0x035d9063) bne     s11, s5, pc + 32
core   0: 3 0x80009328 (0x035d9063)
core   0: 0x80009348 (0xac2ee193) ori     gp, t4, -1342
core   0: 3 0x80009348 (0xac2ee193) x 3 0xffffffe6
core   0: 0x8000934c (0x0149da63) bge     s3, s4, pc + 20
core   0: 3 0x8000934c (0x0149da63)
core   0: 0x80009350 (0x01d0ef33) or      t5, ra, t4
core   0: 3 0x80009350 (0x01d0ef33) x30 0x80035564
core   0: 0x80009354 (0x2c4fbf93) sltiu   t6, t6, 708
core   0: 3 0x80009354 (0x2c4fbf93) x31 0x00000000
core   0: 0x80009358 (0x0c39bd93) sltiu   s11, s3, 195
core   0: 3 0x80009358 (0x0c39bd93) x27 0x00000000
core   0: 0x8000935c (0x00000013) nop
core   0: 3 0x8000935c (0x00000013)
core   0: 0x80009360 (0x0ff0000f) fence   iorw,iorw
core   0: 3 0x80009360 (0x0ff0000f)
core   0: 0x80009364 (0x2bf04893) xori    a7, zero, 703
core   0: 3 0x80009364 (0x2bf04893) x17 0x000002bf
core   0: 0x80009368 (0x00696233) or      tp, s2, t1
core   0: 3 0x80009368 (0x00696233) x 4 0xfffff93d
core   0: 0x8000936c (0x01adceb3) xor     t4, s11, s10
core   0: 3 0x8000936c (0x01adceb3) x29 0x0000001f
core   0: 0x80009370 (0x74308613) addi    a2, ra, 1859
core   0: 3 0x80009370 (0x74308613) x12 0x80024787
core   0: 0x80009374 (0x0046a533) slt     a0, a3, tp
core   0: 3 0x80009374 (0x0046a533) x10 0x00000000
core   0: 0x80009378 (0x234b0813) addi    a6, s6, 564
core   0: 3 0x80009378 (0x234b0813) x16 0x7fff6c75
core   0: 0x8000937c (0x0000100f) fence.i
core   0: 3 0x8000937c (0x0000100f)
core   0: 0x80009380 (0xbe2d40b7) lui     ra, 0xbe2d4
core   0: 3 0x80009380 (0xbe2d40b7) x 1 0xbe2d4000
core   0: 0x80009384 (0x382b0937) lui     s2, 0x382b0
core   0: 3 0x80009384 (0x382b0937) x18 0x382b0000
core   0: 0x80009388 (0x00dbd533) srl     a0, s7, a3
core   0: 3 0x80009388 (0x00dbd533) x10 0x40013f32
core   0: 0x8000938c (0x00ed9a63) bne     s11, a4, pc + 20
core   0: 3 0x8000938c (0x00ed9a63)
core   0: 0x800093a0 (0x003d6e33) or      t3, s10, gp
core   0: 3 0x800093a0 (0x003d6e33) x28 0xffffffff
core   0: 0x800093a4 (0x01ad1f93) slli    t6, s10, 26
core   0: 3 0x800093a4 (0x01ad1f93) x31 0x7c000000
core   0: 0x800093a8 (0x82e4a613) slti    a2, s1, -2002
core   0: 3 0x800093a8 (0x82e4a613) x12 0x00000001
core   0: 0x800093ac (0x2e98c897) auipc   a7, 0x2e98c
core   0: 3 0x800093ac (0x2e98c897) x17 0xae9953ac
core   0: 0x800093b0 (0x03240a63) beq     s0, s2, pc + 52
core   0: 3 0x800093b0 (0x03240a63)
core   0: 0x800093b4 (0xf914c113) xori    sp, s1, -111
core   0: 3 0x800093b4 (0xf914c113) x 2 0x7ffd4375
core   0: 0x800093b8 (0x40ae0eb3) sub     t4, t3, a0
core   0: 3 0x800093b8 (0x40ae0eb3) x29 0xbffec0cd
core   0: 0x800093bc (0xa27e0693) addi    a3, t3, -1497
core   0: 3 0x800093bc (0xa27e0693) x13 0xfffffa26
core   0: 0x800093c0 (0x00d11c63) bne     sp, a3, pc + 24
core   0: 3 0x800093c0 (0x00d11c63)
core   0: 0x800093d8 (0x0376fc63) bgeu    a3, s7, pc + 56
core   0: 3 0x800093d8 (0x0376fc63)
core   0: 0x80009410 (0x01896233) or      tp, s2, s8
core   0: 3 0x80009410 (0x01896233) x 4 0xba7b6b7e
core   0: 0x80009414 (0x016669b3) or      s3, a2, s6
core   0: 3 0x80009414 (0x016669b3) x19 0x7fff6a41
core   0: 0x80009418 (0x41818033) sub     zero, gp, s8
core   0: 3 0x80009418 (0x41818033)
core   0: 0x8000941c (0x00909593) slli    a1, ra, 9
core   0: 3 0x8000941c (0x00909593) x11 0x5a800000
core   0: 0x80009420 (0x41e28233) sub     tp, t0, t5
core   0: 3 0x80009420 (0x41e28233) x 4 0xd4c6ed74
core   0: 0x80009424 (0x01f30533) add     a0, t1, t6
core   0: 3 0x80009424 (0x01f30533) x10 0x7bfff91d
core   0: 0x80009428 (0x6ffc8813) addi    a6, s9, 1791
core   0: 3 0x80009428 (0x6ffc8813) x16 0x800006b8
core   0: 0x8000942c (0x01b1f663) bgeu    gp, s11, pc + 12
core   0: 3 0x8000942c (0x01b1f663)
core   0: 0x80009438 (0xa80b3017) auipc   zero, 0xa80b3
core   0: 3 0x80009438 (0xa80b3017)
core   0: 0x8000943c (0x0c9a5237) lui     tp, 0xc9a5
core   0: 3 0x8000943c (0x0c9a5237) x 4 0x0c9a5000
core   0: 0x80009440 (0x005badb3) slt     s11, s7, t0
core   0: 3 0x80009440 (0x005badb3) x27 0x00000001
core   0: 0x80009444 (0x00b9f863) bgeu    s3, a1, pc + 16
core   0: 3 0x80009444 (0x00b9f863)
core   0: 0x80009454 (0x40e456b3) sra     a3, s0, a4
core   0: 3 0x80009454 (0x40e456b3) x13 0x00000000
core   0: 0x80009458 (0x00db9663) bne     s7, a3, pc + 12
core   0: 3 0x80009458 (0x00db9663)
core   0: 0x80009464 (0x0063af33) slt     t5, t2, t1
core   0: 3 0x80009464 (0x0063af33) x30 0x00000000
core   0: 0x80009468 (0x8ad6e013) ori     zero, a3, -1875
core   0: 3 0x80009468 (0x8ad6e013)
core   0: 0x8000946c (0x00721433) sll     s0, tp, t2
core   0: 3 0x8000946c (0x00721433) x 8 0xa0000000
core   0: 0x80009470 (0x01015693) srli    a3, sp, 16
core   0: 3 0x80009470 (0x01015693) x13 0x00007ffd
core   0: 0x80009474 (0x0071d193) srli    gp, gp, 7
core   0: 3 0x80009474 (0x0071d193) x 3 0x01ffffff
core   0: 0x80009478 (0x4008d8b3) sra     a7, a7, zero
core   0: 3 0x80009478 (0x4008d8b3) x17 0xae9953ac
core   0: 0x8000947c (0x1551fd13) andi    s10, gp, 341
core   0: 3 0x8000947c (0x1551fd13) x26 0x00000155
core   0: 0x80009480 (0x9e14ceb7) lui     t4, 0x9e14c
core   0: 3 0x80009480 (0x9e14ceb7) x29 0x9e14c000
core   0: 0x80009484 (0x00ef0663) beq     t5, a4, pc + 12
core   0: 3 0x80009484 (0x00ef0663)
core   0: 0x80009488 (0x042c9463) bne     s9, sp, pc + 72
core   0: 3 0x80009488 (0x042c9463)
core   0: 0x800094d0 (0x00c6c533) xor     a0, a3, a2
core   0: 3 0x800094d0 (0x00c6c533) x10 0x00007ffc
core   0: 0x800094d4 (0x01ee6db3) or      s11, t3, t5
core   0: 3 0x800094d4 (0x01ee6db3) x27 0xffffffff
core   0: 0x800094d8 (0x415d0133) sub     sp, s10, s5
core   0: 3 0x800094d8 (0x415d0133) x 2 0x024fee9a
core   0: 0x800094dc (0x0109a533) slt     a0, s3, a6
core   0: 3 0x800094dc (0x0109a533) x10 0x00000000
core   0: 0x800094e0 (0x404bd113) srai    sp, s7, 4
core   0: 3 0x800094e0 (0x404bd113) x 2 0xf80027e6
core   0: 0x800094e4 (0x02a86c63) bltu    a6, a0, pc + 56
core   0: 3 0x800094e4 (0x02a86c63)
core   0: 0x800094e8 (0x02e8e463) bltu    a7, a4, pc + 40
core   0: 3 0x800094e8 (0x02e8e463)
core   0: 0x800094ec (0x005e4133) xor     sp, t3, t0
core   0: 3 0x800094ec (0x005e4133) x 2 0xab35bd27
core   0: 0x800094f0 (0x01fb80b3) add     ra, s7, t6
core   0: 3 0x800094f0 (0x01fb80b3) x 1 0xfc027e64
core   0: 0x800094f4 (0x1b750c13) addi    s8, a0, 439
core   0: 3 0x800094f4 (0x1b750c13) x24 0x000001b7
core   0: 0x800094f8 (0x41348c33) sub     s8, s1, s3
core   0: 3 0x800094f8 (0x41348c33) x24 0x000352a3
core   0: 0x800094fc (0x41ded813) srai    a6, t4, 29
core   0: 3 0x800094fc (0x41ded813) x16 0xfffffffc
core   0: 0x80009500 (0x0223dc63) bge     t2, sp, pc + 56
core   0: 3 0x80009500 (0x0223dc63)
core   0: 0x80009538 (0x61adb297) auipc   t0, 0x61adb
core   0: 3 0x80009538 (0x61adb297) x 5 0xe1ae4538
core   0: 0x8000953c (0x00000013) nop
core   0: 3 0x8000953c (0x00000013)
core   0: 0x80009540 (0x007a9193) slli    gp, s5, 7
core   0: 3 0x80009540 (0x007a9193) x 3 0xd8095d80
core   0: 0x80009544 (0x40f1d093) srai    ra, gp, 15
core   0: 3 0x80009544 (0x40f1d093) x 1 0xffffb012
core   0: 0x80009548 (0x01fb15b3) sll     a1, s6, t6
core   0: 3 0x80009548 (0x01fb15b3) x11 0x7fff6a41
core   0: 0x8000954c (0x01f2cdb3) xor     s11, t0, t6
core   0: 3 0x8000954c (0x01f2cdb3) x27 0x9dae4538
core   0: 0x80009550 (0x6a240e97) auipc   t4, 0x6a240
core   0: 3 0x80009550 (0x6a240e97) x29 0xea249550
core   0: 0x80009554 (0xf5d37d13) andi    s10, t1, -163
core   0: 3 0x80009554 (0xf5d37d13) x26 0xfffff91d
core   0: 0x80009558 (0x416155b3) sra     a1, sp, s6
core   0: 3 0x80009558 (0x416155b3) x11 0xd59ade93
core   0: 0x8000955c (0x0134fdb3) and     s11, s1, s3
core   0: 3 0x8000955c (0x0134fdb3) x27 0x00022840
core   0: 0x80009560 (0x003899b3) sll     s3, a7, gp
core   0: 3 0x80009560 (0x003899b3) x19 0xae9953ac
core   0: 0x80009564 (0x02e68863) beq     a3, a4, pc + 48
core   0: 3 0x80009564 (0x02e68863)
core   0: 0x80009568 (0x00025e93) srli    t4, tp, 0
core   0: 3 0x80009568 (0x00025e93) x29 0x0c9a5000
core   0: 0x8000956c (0x012550b3) srl     ra, a0, s2
core   0: 3 0x8000956c (0x012550b3) x 1 0x00000000
core   0: 0x80009570 (0x0190bfb3) sltu    t6, ra, s9
core   0: 3 0x80009570 (0x0190bfb3) x31 0x00000001
core   0: 0x80009574 (0x00221993) slli    s3, tp, 2
core   0: 3 0x80009574 (0x00221993) x19 0x32694000
core   0: 0x80009578 (0x694be193) ori     gp, s7, 1684
core   0: 3 0x80009578 (0x694be193) x 3 0x80027ef4
core   0: 0x8000957c (0x00db1e63) bne     s6, a3, pc + 28
core   0: 3 0x8000957c (0x00db1e63)
core   0: 0x80009598 (0x002f5233) srl     tp, t5, sp
core   0: 3 0x80009598 (0x002f5233) x 4 0x00000000
core   0: 0x8000959c (0x014b9993) slli    s3, s7, 20
core   0: 3 0x8000959c (0x014b9993) x19 0xe6400000
core   0: 0x800095a0 (0x0093fc63) bgeu    t2, s1, pc + 24
core   0: 3 0x800095a0 (0x0093fc63)
core   0: 0x800095b8 (0xd3292e93) slti    t4, s2, -718
core   0: 3 0x800095b8 (0xd3292e93) x29 0x00000000
core   0: 0x800095bc (0x00dbd3b3) srl     t2, s7, a3
core   0: 3 0x800095bc (0x00dbd3b3) x 7 0x00000004
core   0: 0x800095c0 (0x41f78733) sub     a4, a5, t6
core   0: 3 0x800095c0 (0x41f78733) x14 0x800092bf
core   0: 0x800095c4 (0x00ecda13) srli    s4, s9, 14
core   0: 3 0x800095c4 (0x00ecda13) x20 0x0001ffff
core   0: 0x800095c8 (0x41045433) sra     s0, s0, a6
core   0: 3 0x800095c8 (0x41045433) x 8 0xfffffffa
core   0: 0x800095cc (0x75f6f013) andi    zero, a3, 1887
core   0: 3 0x800095cc (0x75f6f013)
core   0: 0x800095d0 (0x013223b3) slt     t2, tp, s3
core   0: 3 0x800095d0 (0x013223b3) x 7 0x00000000
core   0: 0x800095d4 (0x01a9a033) slt     zero, s3, s10
core   0: 3 0x800095d4 (0x01a9a033)
core   0: 0x800095d8 (0x0008c2b3) xor     t0, a7, zero
core   0: 3 0x800095d8 (0x0008c2b3) x 5 0xae9953ac
core   0: 0x800095dc (0x03565e63) bge     a2, s5, pc + 60
core   0: 3 0x800095dc (0x03565e63)
core   0: 0x80009618 (0x00951a33) sll     s4, a0, s1
core   0: 3 0x80009618 (0x00951a33) x20 0x00000000
core   0: 0x8000961c (0x01d63b33) sltu    s6, a2, t4
core   0: 3 0x8000961c (0x01d63b33) x22 0x00000000
core   0: 0x80009620 (0x405e5cb3) sra     s9, t3, t0
core   0: 3 0x80009620 (0x405e5cb3) x25 0xffffffff
core   0: 0x80009624 (0x02ffd463) bge     t6, a5, pc + 40
core   0: 3 0x80009624 (0x02ffd463)
core   0: 0x8000964c (0x00000013) nop
core   0: 3 0x8000964c (0x00000013)
core   0: 0x80009650 (0x00fe1c33) sll     s8, t3, a5
core   0: 3 0x80009650 (0x00fe1c33) x24 0xffffffff
core   0: 0x80009654 (0x00000013) nop
core   0: 3 0x80009654 (0x00000013)
core   0: 0x80009658 (0x00a2d333) srl     t1, t0, a0
core   0: 3 0x80009658 (0x00a2d333) x 6 0xae9953ac
core   0: 0x8000965c (0x00b228b3) slt     a7, tp, a1
core   0: 3 0x8000965c (0x00b228b3) x17 0x00000000
core   0: 0x80009660 (0x03b68663) beq     a3, s11, pc + 44
core   0: 3 0x80009660 (0x03b68663)
core   0: 0x80009664 (0x00892633) slt     a2, s2, s0
core   0: 3 0x80009664 (0x00892633) x12 0x00000000
core   0: 0x80009668 (0x684c7313) andi    t1, s8, 1668
core   0: 3 0x80009668 (0x684c7313) x 6 0x00000684
core   0: 0x8000966c (0x31e4c3b7) lui     t2, 0x31e4c
core   0: 3 0x8000966c (0x31e4c3b7) x 7 0x31e4c000
core   0: 0x80009670 (0x0291e463) bltu    gp, s1, pc + 40
core   0: 3 0x80009670 (0x0291e463)
core   0: 0x80009698 (0x0461e063) bltu    gp, t1, pc + 64
core   0: 3 0x80009698 (0x0461e063)
core   0: 0x8000969c (0x01c6e833) or      a6, a3, t3
core   0: 3 0x8000969c (0x01c6e833) x16 0xffffffff
core   0: 0x800096a0 (0x0097d893) srli    a7, a5, 9
core   0: 3 0x800096a0 (0x0097d893) x17 0x00400049
core   0: 0x800096a4 (0x01f07a63) bgeu    zero, t6, pc + 20
core   0: 3 0x800096a4 (0x01f07a63)
core   0: 0x800096a8 (0x00b15e93) srli    t4, sp, 11
core   0: 3 0x800096a8 (0x00b15e93) x29 0x001566b7
core   0: 0x800096ac (0x7720c193) xori    gp, ra, 1906
core   0: 3 0x800096ac (0x7720c193) x 3 0x00000772
core   0: 0x800096b0 (0x0085ac33) slt     s8, a1, s0
core   0: 3 0x800096b0 (0x0085ac33) x24 0x00000001
core   0: 0x800096b4 (0x0105c663) blt     a1, a6, pc + 12
core   0: 3 0x800096b4 (0x0105c663)
core   0: 0x800096c0 (0xab662f13) slti    t5, a2, -1354
core   0: 3 0x800096c0 (0xab662f13) x30 0x00000000
core   0: 0x800096c4 (0x00c71033) sll     zero, a4, a2
core   0: 3 0x800096c4 (0x00c71033)
core   0: 0x800096c8 (0x0ff0000f) fence   iorw,iorw
core   0: 3 0x800096c8 (0x0ff0000f)
core   0: 0x800096cc (0x410b0833) sub     a6, s6, a6
core   0: 3 0x800096cc (0x410b0833) x16 0x00000001
core   0: 0x800096d0 (0x0000100f) fence.i
core   0: 3 0x800096d0 (0x0000100f)
core   0: 0x800096d4 (0x01101113) slli    sp, zero, 17
core   0: 3 0x800096d4 (0x01101113) x 2 0x00000000
core   0: 0x800096d8 (0x406e81b3) sub     gp, t4, t1
core   0: 3 0x800096d8 (0x406e81b3) x 3 0x00156033
core   0: 0x800096dc (0x89e6ec13) ori     s8, a3, -1890
core   0: 3 0x800096dc (0x89e6ec13) x24 0xffffffff
core   0: 0x800096e0 (0x01071693) slli    a3, a4, 16
core   0: 3 0x800096e0 (0x01071693) x13 0x92bf0000
core   0: 0x800096e4 (0x02370063) beq     a4, gp, pc + 32
core   0: 3 0x800096e4 (0x02370063)
core   0: 0x800096e8 (0x00a86a33) or      s4, a6, a0
core   0: 3 0x800096e8 (0x00a86a33) x20 0x00000001
core   0: 0x800096ec (0x049bc893) xori    a7, s7, 73
core   0: 3 0x800096ec (0x049bc893) x17 0x80027e2d
core   0: 0x800096f0 (0x40c38b33) sub     s6, t2, a2
core   0: 3 0x800096f0 (0x40c38b33) x22 0x31e4c000
core   0: 0x800096f4 (0x00ea7233) and     tp, s4, a4
core   0: 3 0x800096f4 (0x00ea7233) x 4 0x00000001
core   0: 0x800096f8 (0x022d4c63) blt     s10, sp, pc + 56
core   0: 3 0x800096f8 (0x022d4c63)
core   0: 0x80009730 (0x01ec5133) srl     sp, s8, t5
core   0: 3 0x80009730 (0x01ec5133) x 2 0xffffffff
core   0: 0x80009734 (0x195d9897) auipc   a7, 0x195d9
core   0: 3 0x80009734 (0x195d9897) x17 0x995e2734
core   0: 0x80009738 (0x0e83cc13) xori    s8, t2, 232
core   0: 3 0x80009738 (0x0e83cc13) x24 0x31e4c0e8
core   0: 0x8000973c (0x03f41863) bne     s0, t6, pc + 48
core   0: 3 0x8000973c (0x03f41863)
core   0: 0x8000976c (0x0045f333) and     t1, a1, tp
core   0: 3 0x8000976c (0x0045f333) x 6 0x00000001
core   0: 0x80009770 (0x004c5a13) srli    s4, s8, 4
core   0: 3 0x80009770 (0x004c5a13) x20 0x031e4c0e
core   0: 0x80009774 (0x017a5263) bge     s4, s7, pc + 4
core   0: 3 0x80009774 (0x017a5263)
core   0: 0x80009778 (0x00000013) nop
core   0: 3 0x80009778 (0x00000013)
core   0: 0x8000977c (0x00d5d813) srli    a6, a1, 13
core   0: 3 0x8000977c (0x00d5d813) x16 0x0006acd6
core   0: 0x80009780 (0x01329cb3) sll     s9, t0, s3
core   0: 3 0x80009780 (0x01329cb3) x25 0xae9953ac
core   0: 0x80009784 (0x052f6593) ori     a1, t5, 82
core   0: 3 0x80009784 (0x052f6593) x11 0x00000052
core   0: 0x80009788 (0x4070de33) sra     t3, ra, t2
core   0: 3 0x80009788 (0x4070de33) x28 0x00000000
core   0: 0x8000978c (0x00000013) nop
core   0: 3 0x8000978c (0x00000013)
core   0: 0x80009790 (0x01af7333) and     t1, t5, s10
core   0: 3 0x80009790 (0x01af7333) x 6 0x00000000
core   0: 0x80009794 (0x00b93f33) sltu    t5, s2, a1
core   0: 3 0x80009794 (0x00b93f33) x30 0x00000000
core   0: 0x80009798 (0x00d55693) srli    a3, a0, 13
core   0: 3 0x80009798 (0x00d55693) x13 0x00000000
core   0: 0x8000979c (0x3f6ca017) auipc   zero, 0x3f6ca
core   0: 3 0x8000979c (0x3f6ca017)
core   0: 0x800097a0 (0x00fa2533) slt     a0, s4, a5
core   0: 3 0x800097a0 (0x00fa2533) x10 0x00000000
core   0: 0x800097a4 (0x013bc663) blt     s7, s3, pc + 12
core   0: 3 0x800097a4 (0x013bc663)
core   0: 0x800097b0 (0x0356cc63) blt     a3, s5, pc + 56
core   0: 3 0x800097b0 (0x0356cc63)
core   0: 0x800097b4 (0x007ec1b3) xor     gp, t4, t2
core   0: 3 0x800097b4 (0x007ec1b3) x 3 0x31f1a6b7
core   0: 0x800097b8 (0x40f45cb3) sra     s9, s0, a5
core   0: 3 0x800097b8 (0x40f45cb3) x25 0xfffffffa
core   0: 0x800097bc (0x00211c63) bne     sp, sp, pc + 24
core   0: 3 0x800097bc (0x00211c63)
core   0: 0x800097c0 (0x01519d33) sll     s10, gp, s5
core   0: 3 0x800097c0 (0x01519d33) x26 0xb8000000
core   0: 0x800097c4 (0x01aa7233) and     tp, s4, s10
core   0: 3 0x800097c4 (0x01aa7233) x 4 0x00000000
core   0: 0x800097c8 (0x419651b3) sra     gp, a2, s9
core   0: 3 0x800097c8 (0x419651b3) x 3 0x00000000
core   0: 0x800097cc (0x00000013) nop
core   0: 3 0x800097cc (0x00000013)
core   0: 0x800097d0 (0x41ac58b3) sra     a7, s8, s10
core   0: 3 0x800097d0 (0x41ac58b3) x17 0x31e4c0e8
core   0: 0x800097d4 (0x40425893) srai    a7, tp, 4
core   0: 3 0x800097d4 (0x40425893) x17 0x00000000
core   0: 0x800097d8 (0x26a5f693) andi    a3, a1, 618
core   0: 3 0x800097d8 (0x26a5f693) x13 0x00000042
core   0: 0x800097dc (0x00000013) nop
core   0: 3 0x800097dc (0x00000013)
core   0: 0x800097e0 (0x416d5f93) srai    t6, s10, 22
core   0: 3 0x800097e0 (0x416d5f93) x31 0xfffffee0
core   0: 0x800097e4 (0x4b07f313) andi    t1, a5, 1200
core   0: 3 0x800097e4 (0x4b07f313) x 6 0x00000080
core   0: 0x800097e8 (0xe729ec97) auipc   s9, 0xe729e
core   0: 3 0x800097e8 (0xe729ec97) x25 0x672a77e8
core   0: 0x800097ec (0x04fa4063) blt     s4, a5, pc + 64
core   0: 3 0x800097ec (0x04fa4063)
core   0: 0x800097f0 (0x00000013) nop
core   0: 3 0x800097f0 (0x00000013)
core   0: 0x800097f4 (0x07048f93) addi    t6, s1, 112
core   0: 3 0x800097f4 (0x07048f93) x31 0x8002bd54
core   0: 0x800097f8 (0x01971e63) bne     a4, s9, pc + 28
core   0: 3 0x800097f8 (0x01971e63)
core   0: 0x80009814 (0x00ed5093) srli    ra, s10, 14
core   0: 3 0x80009814 (0x00ed5093) x 1 0x0002e000
core   0: 0x80009818 (0x0cc7a013) slti    zero, a5, 204
core   0: 3 0x80009818 (0x0cc7a013)
core   0: 0x8000981c (0x01d36b33) or      s6, t1, t4
core   0: 3 0x8000981c (0x01d36b33) x22 0x001566b7
core   0: 0x80009820 (0x40ff8733) sub     a4, t6, a5
core   0: 3 0x80009820 (0x40ff8733) x14 0x00022a94
core   0: 0x80009824 (0x405e80b3) sub     ra, t4, t0
core   0: 3 0x80009824 (0x405e80b3) x 1 0x517c130b
core   0: 0x80009828 (0x0385cc63) blt     a1, s8, pc + 56
core   0: 3 0x80009828 (0x0385cc63)
core   0: 0x80009860 (0x019862b3) or      t0, a6, s9
core   0: 3 0x80009860 (0x019862b3) x 5 0x672efffe
core   0: 0x80009864 (0x0000100f) fence.i
core   0: 3 0x80009864 (0x0000100f)
core   0: 0x80009868 (0x41328933) sub     s2, t0, s3
core   0: 3 0x80009868 (0x41328933) x18 0x80eefffe
core   0: 0x8000986c (0x408b81b3) sub     gp, s7, s0
core   0: 3 0x8000986c (0x408b81b3) x 3 0x80027e6a
core   0: 0x80009870 (0x009858b3) srl     a7, a6, s1
core   0: 3 0x80009870 (0x009858b3) x17 0x00006acd
core   0: 0x80009874 (0x8233e7b7) lui     a5, 0x8233e
core   0: 3 0x80009874 (0x8233e7b7) x15 0x8233e000
core   0: 0x80009878 (0x825ae693) ori     a3, s5, -2011
core   0: 3 0x80009878 (0x825ae693) x13 0xfffffabf
core   0: 0x8000987c (0x0107ea63) bltu    a5, a6, pc + 20
core   0: 3 0x8000987c (0x0107ea63)
core   0: 0x80009880 (0x014a5413) srli    s0, s4, 20
core   0: 3 0x80009880 (0x014a5413) x 8 0x00000031
core   0: 0x80009884 (0x00b25d13) srli    s10, tp, 11
core   0: 3 0x80009884 (0x00b25d13) x26 0x00000000
core   0: 0x80009888 (0x0ff0000f) fence   iorw,iorw
core   0: 3 0x80009888 (0x0ff0000f)
core   0: 0x8000988c (0x40fd8633) sub     a2, s11, a5
core   0: 3 0x8000988c (0x40fd8633) x12 0x7dce4840
core   0: 0x80009890 (0x029d9063) bne     s11, s1, pc + 32
core   0: 3 0x80009890 (0x029d9063)
core   0: 0x800098b0 (0x03b3d663) bge     t2, s11, pc + 44
core   0: 3 0x800098b0 (0x03b3d663)
core   0: 0x800098dc (0x01cfc133) xor     sp, t6, t3
core   0: 3 0x800098dc (0x01cfc133) x 2 0x8002bd54
core   0: 0x800098e0 (0x014df633) and     a2, s11, s4
core   0: 3 0x800098e0 (0x014df633) x12 0x00020800
core   0: 0x800098e4 (0x38c13213) sltiu   tp, sp, 908
core   0: 3 0x800098e4 (0x38c13213) x 4 0x00000000
core   0: 0x800098e8 (0x00311313) slli    t1, sp, 3
core   0: 3 0x800098e8 (0x00311313) x 6 0x0015eaa0
core   0: 0x800098ec (0x008c2833) slt     a6, s8, s0
core   0: 3 0x800098ec (0x008c2833) x16 0x00000000
core   0: 0x800098f0 (0xc54cff93) andi    t6, s9, -940
core   0: 3 0x800098f0 (0xc54cff93) x31 0x672a7440
core   0: 0x800098f4 (0x406dd693) srai    a3, s11, 6
core   0: 3 0x800098f4 (0x406dd693) x13 0x000008a1
core   0: 0x800098f8 (0x41428d33) sub     s10, t0, s4
core   0: 3 0x800098f8 (0x41428d33) x26 0x6410b3f0
core   0: 0x800098fc (0x009542b3) xor     t0, a0, s1
core   0: 3 0x800098fc (0x009542b3) x 5 0x8002bce4
core   0: 0x80009900 (0x01a0f863) bgeu    ra, s10, pc + 16
core   0: 3 0x80009900 (0x01a0f863)
core   0: 0x80009904 (0x00b0c5b3) xor     a1, ra, a1
core   0: 3 0x80009904 (0x00b0c5b3) x11 0x517c1359
core   0: 0x80009908 (0x01bd9913) slli    s2, s11, 27
core   0: 3 0x80009908 (0x01bd9913) x18 0x00000000
core   0: 0x8000990c (0x229ee037) lui     zero, 0x229ee
core   0: 3 0x8000990c (0x229ee037)
core   0: 0x80009910 (0x00082fb3) slt     t6, a6, zero
core   0: 3 0x80009910 (0x00082fb3) x31 0x00000000
core   0: 0x80009914 (0x02ba0a63) beq     s4, a1, pc + 52
core   0: 3 0x80009914 (0x02ba0a63)
core   0: 0x80009918 (0x418ad9b3) sra     s3, s5, s8
core   0: 3 0x80009918 (0x418ad9b3) x19 0xfffdb012
core   0: 0x8000991c (0x17afcd13) xori    s10, t6, 378
core   0: 3 0x8000991c (0x17afcd13) x26 0x0000017a
core   0: 0x80009920 (0x40310f33) sub     t5, sp, gp
core   0: 3 0x80009920 (0x40310f33) x30 0x00003eea
core   0: 0x80009924 (0x0000100f) fence.i
core   0: 3 0x80009924 (0x0000100f)
core   0: 0x80009928 (0x003b82b3) add     t0, s7, gp
core   0: 3 0x80009928 (0x003b82b3) x 5 0x0004fcce
core   0: 0x8000992c (0x001107b3) add     a5, sp, ra
core   0: 3 0x8000992c (0x001107b3) x15 0xd17ed05f
core   0: 0x80009930 (0x400c5f93) srai    t6, s8, 0
core   0: 3 0x80009930 (0x400c5f93) x31 0x31e4c0e8
core   0: 0x80009934 (0x40cad813) srai    a6, s5, 12
core   0: 3 0x80009934 (0x40cad813) x16 0xffffdb01
core   0: 0x80009938 (0x41fbdcb3) sra     s9, s7, t6
core   0: 3 0x80009938 (0x41fbdcb3) x25 0xff80027e
core   0: 0x8000993c (0x60d9e293) ori     t0, s3, 1549
core   0: 3 0x8000993c (0x60d9e293) x 5 0xfffdb61f
core   0: 0x80009940 (0x036d0863) beq     s10, s6, pc + 48
core   0: 3 0x80009940 (0x036d0863)
core   0: 0x80009944 (0xb9114937) lui     s2, 0xb9114
core   0: 3 0x80009944 (0xb9114937) x18 0xb9114000
core   0: 0x80009948 (0x01c35233) srl     tp, t1, t3
core   0: 3 0x80009948 (0x01c35233) x 4 0x0015eaa0
core   0: 0x8000994c (0x007df8b3) and     a7, s11, t2
core   0: 3 0x8000994c (0x007df8b3) x17 0x00000000
core   0: 0x80009950 (0x5cd27c37) lui     s8, 0x5cd27
core   0: 3 0x80009950 (0x5cd27c37) x24 0x5cd27000
core   0: 0x80009954 (0x0000100f) fence.i
core   0: 3 0x80009954 (0x0000100f)
core   0: 0x80009958 (0x01469f33) sll     t5, a3, s4
core   0: 3 0x80009958 (0x01469f33) x30 0x02284000
core   0: 0x8000995c (0x01609663) bne     ra, s6, pc + 12
core   0: 3 0x8000995c (0x01609663)
core   0: 0x80009968 (0x03415463) bge     sp, s4, pc + 40
core   0: 3 0x80009968 (0x03415463)
core   0: 0x8000996c (0x01840e33) add     t3, s0, s8
core   0: 3 0x8000996c (0x01840e33) x28 0x5cd27031
core   0: 0x80009970 (0x412ddc93) srai    s9, s11, 18
core   0: 3 0x80009970 (0x412ddc93) x25 0x00000000
core   0: 0x80009974 (0x008c1e13) slli    t3, s8, 8
core   0: 3 0x80009974 (0x008c1e13) x28 0xd2700000
core   0: 0x80009978 (0x0000100f) fence.i
core   0: 3 0x80009978 (0x0000100f)
core   0: 0x8000997c (0x01f629b3) slt     s3, a2, t6
core   0: 3 0x8000997c (0x01f629b3) x19 0x00000001
core   0: 0x80009980 (0x413e8cb3) sub     s9, t4, s3
core   0: 3 0x80009980 (0x413e8cb3) x25 0x001566b6
core   0: 0x80009984 (0x0024f533) and     a0, s1, sp
core   0: 3 0x80009984 (0x0024f533) x10 0x8002bc44
core   0: 0x80009988 (0x24abfb13) andi    s6, s7, 586
core   0: 3 0x80009988 (0x24abfb13) x22 0x00000240
core   0: 0x8000998c (0x028ac663) blt     s5, s0, pc + 44
core   0: 3 0x8000998c (0x028ac663)
core   0: 0x800099b8 (0x00b381b3) add     gp, t2, a1
core   0: 3 0x800099b8 (0x00b381b3) x 3 0x8360d359
core   0: 0x800099bc (0x007c8e33) add     t3, s9, t2
core   0: 3 0x800099bc (0x007c8e33) x28 0x31fa26b6
core   0: 0x800099c0 (0x01dd9663) bne     s11, t4, pc + 12
core   0: 3 0x800099c0 (0x01dd9663)
core   0: 0x800099cc (0x001afc33) and     s8, s5, ra
core   0: 3 0x800099cc (0x001afc33) x24 0x5130120b
core   0: 0x800099d0 (0xb893b697) auipc   a3, 0xb893b
core   0: 3 0x800099d0 (0xb893b697) x13 0x389449d0
core   0: 0x800099d4 (0x00561e93) slli    t4, a2, 5
core   0: 3 0x800099d4 (0x00561e93) x29 0x00410000
core   0: 0x800099d8 (0x05104463) blt     zero, a7, pc + 72
core   0: 3 0x800099d8 (0x05104463)
core   0: 0x800099dc (0x84cae213) ori     tp, s5, -1972
core   0: 3 0x800099dc (0x84cae213) x 4 0xfffffaff
core   0: 0x800099e0 (0x888eed13) ori     s10, t4, -1912
core   0: 3 0x800099e0 (0x888eed13) x26 0xfffff888
core   0: 0x800099e4 (0x41c28cb3) sub     s9, t0, t3
core   0: 3 0x800099e4 (0x41c28cb3) x25 0xce038f69
core   0: 0x800099e8 (0xcafdae93) slti    t4, s11, -849
core   0: 3 0x800099e8 (0xcafdae93) x29 0x00000000
core   0: 0x800099ec (0x2f3af893) andi    a7, s5, 755
core   0: 3 0x800099ec (0x2f3af893) x17 0x000002b3
core   0: 0x800099f0 (0x0360de63) bge     ra, s6, pc + 60
core   0: 3 0x800099f0 (0x0360de63)
core   0: 0x80009a2c (0x00cfae33) slt     t3, t6, a2
core   0: 3 0x80009a2c (0x00cfae33) x28 0x00000000
core   0: 0x80009a30 (0x01886133) or      sp, a6, s8
core   0: 3 0x80009a30 (0x01886133) x 2 0xffffdb0b
core   0: 0x80009a34 (0x009550b3) srl     ra, a0, s1
core   0: 3 0x80009a34 (0x009550b3) x 1 0x08002bc4
core   0: 0x80009a38 (0x00cbdc93) srli    s9, s7, 12
core   0: 3 0x80009a38 (0x00cbdc93) x25 0x00080027
core   0: 0x80009a3c (0x00cfd433) srl     s0, t6, a2
core   0: 3 0x80009a3c (0x00cfd433) x 8 0x31e4c0e8
core   0: 0x80009a40 (0x01125f13) srli    t5, tp, 17
core   0: 3 0x80009a40 (0x01125f13) x30 0x00007fff
core   0: 0x80009a44 (0x9be3f397) auipc   t2, 0x9be3f
core   0: 3 0x80009a44 (0x9be3f397) x 7 0x1be48a44
core   0: 0x80009a48 (0x01b34333) xor     t1, t1, s11
core   0: 3 0x80009a48 (0x01b34333) x 6 0x0017c2e0
core   0: 0x80009a4c (0x417002b3) sub     t0, zero, s7
core   0: 3 0x80009a4c (0x417002b3) x 5 0x7ffd819c
core   0: 0x80009a50 (0x0000100f) fence.i
core   0: 3 0x80009a50 (0x0000100f)
core   0: 0x80009a54 (0x03291463) bne     s2, s2, pc + 40
core   0: 3 0x80009a54 (0x03291463)
core   0: 0x80009a58 (0x5595b593) sltiu   a1, a1, 1369
core   0: 3 0x80009a58 (0x5595b593) x11 0x00000000
core   0: 0x80009a5c (0xff54d5b7) lui     a1, 0xff54d
core   0: 3 0x80009a5c (0xff54d5b7) x11 0xff54d000
core   0: 0x80009a60 (0x0158da33) srl     s4, a7, s5
core   0: 3 0x80009a60 (0x0158da33) x20 0x00000000
core   0: 0x80009a64 (0x03931863) bne     t1, s9, pc + 48
core   0: 3 0x80009a64 (0x03931863)
core   0: 0x80009a94 (0x9283b137) lui     sp, 0x9283b
core   0: 3 0x80009a94 (0x9283b137) x 2 0x9283b000
core   0: 0x80009a98 (0x03e2de63) bge     t0, t5, pc + 60
core   0: 3 0x80009a98 (0x03e2de63)
core   0: 0x80009ad4 (0x01a92533) slt     a0, s2, s10
core   0: 3 0x80009ad4 (0x01a92533) x10 0x00000001
core   0: 0x80009ad8 (0x00421eb3) sll     t4, tp, tp
core   0: 3 0x80009ad8 (0x00421eb3) x29 0x80000000
core   0: 0x80009adc (0x0126e8b3) or      a7, a3, s2
core   0: 3 0x80009adc (0x0126e8b3) x17 0xb99549d0
core   0: 0x80009ae0 (0x008000b3) add     ra, zero, s0
core   0: 3 0x80009ae0 (0x008000b3) x 1 0x31e4c0e8
core   0: 0x80009ae4 (0x1a4c0413) addi    s0, s8, 420
core   0: 3 0x80009ae4 (0x1a4c0413) x 8 0x513013af
core   0: 0x80009ae8 (0x5caeb013) sltiu   zero, t4, 1482
core   0: 3 0x80009ae8 (0x5caeb013)
core   0: 0x80009aec (0x0000100f) fence.i
core   0: 3 0x80009aec (0x0000100f)
core   0: 0x80009af0 (0x0059fb33) and     s6, s3, t0
core   0: 3 0x80009af0 (0x0059fb33) x22 0x00000000
core   0: 0x80009af4 (0x53c47693) andi    a3, s0, 1340
core   0: 3 0x80009af4 (0x53c47693) x13 0x0000012c
core   0: 0x80009af8 (0x001dcc33) xor     s8, s11, ra
core   0: 3 0x80009af8 (0x001dcc33) x24 0x31e6e8a8
core   0: 0x80009afc (0xac268293) addi    t0, a3, -1342
core   0: 3 0x80009afc (0xac268293) x 5 0xfffffbee
core   0: 0x80009b00 (0x001bd693) srli    a3, s7, 1
core   0: 3 0x80009b00 (0x001bd693) x13 0x40013f32
core   0: 0x80009b04 (0x8db44513) xori    a0, s0, -1829
core   0: 3 0x80009b04 (0x8db44513) x10 0xaecfeb74
core   0: 0x80009b08 (0x0053bfb3) sltu    t6, t2, t0
core   0: 3 0x80009b08 (0x0053bfb3) x31 0x00000001
core   0: 0x80009b0c (0x014590b3) sll     ra, a1, s4
core   0: 3 0x80009b0c (0x014590b3) x 1 0xff54d000
core   0: 0x80009b10 (0x004f36b3) sltu    a3, t5, tp
core   0: 3 0x80009b10 (0x004f36b3) x13 0x00000001
core   0: 0x80009b14 (0x01550c63) beq     a0, s5, pc + 24
core   0: 3 0x80009b14 (0x01550c63)
core   0: 0x80009b18 (0x3d7fc893) xori    a7, t6, 983
core   0: 3 0x80009b18 (0x3d7fc893) x17 0x000003d6
core   0: 0x80009b1c (0xd6bbb113) sltiu   sp, s7, -661
core   0: 3 0x80009b1c (0xd6bbb113) x 2 0x00000001
core   0: 0x80009b20 (0x4010d833) sra     a6, ra, ra
core   0: 3 0x80009b20 (0x4010d833) x16 0xff54d000
core   0: 0x80009b24 (0x008cd833) srl     a6, s9, s0
core   0: 3 0x80009b24 (0x008cd833) x16 0x00000010
core   0: 0x80009b28 (0x01b47b33) and     s6, s0, s11
core   0: 3 0x80009b28 (0x01b47b33) x22 0x00000000
core   0: 0x80009b2c (0x014c1813) slli    a6, s8, 20
core   0: 3 0x80009b2c (0x014c1813) x16 0x8a800000
core   0: 0x80009b30 (0x00000013) nop
core   0: 3 0x80009b30 (0x00000013)
core   0: 0x80009b34 (0x58622813) slti    a6, tp, 1414
core   0: 3 0x80009b34 (0x58622813) x16 0x00000001
core   0: 0x80009b38 (0x03d5c463) blt     a1, t4, pc + 40
core   0: 3 0x80009b38 (0x03d5c463)
core   0: 0x80009b3c (0x001151b3) srl     gp, sp, ra
core   0: 3 0x80009b3c (0x001151b3) x 3 0x00000001
core   0: 0x80009b40 (0x0ff0000f) fence   iorw,iorw
core   0: 3 0x80009b40 (0x0ff0000f)
core   0: 0x80009b44 (0x40eb5d93) srai    s11, s6, 14
core   0: 3 0x80009b44 (0x40eb5d93) x27 0x00000000
core   0: 0x80009b48 (0x03e58863) beq     a1, t5, pc + 48
core   0: 3 0x80009b48 (0x03e58863)
core   0: 0x80009b4c (0x016d7333) and     t1, s10, s6
core   0: 3 0x80009b4c (0x016d7333) x 6 0x00000000
core   0: 0x80009b50 (0xb1bdbc93) sltiu   s9, s11, -1253
core   0: 3 0x80009b50 (0xb1bdbc93) x25 0x00000001
core   0: 0x80009b54 (0x415f56b3) sra     a3, t5, s5
core   0: 3 0x80009b54 (0x415f56b3) x13 0x00000000
core   0: 0x80009b58 (0x00e16c33) or      s8, sp, a4
core   0: 3 0x80009b58 (0x00e16c33) x24 0x00022a95
core   0: 0x80009b5c (0x249b0d13) addi    s10, s6, 585
core   0: 3 0x80009b5c (0x249b0d13) x26 0x00000249
core   0: 0x80009b60 (0xf6158613) addi    a2, a1, -159
core   0: 3 0x80009b60 (0xf6158613) x12 0xff54cf61
core   0: 0x80009b64 (0x114af093) andi    ra, s5, 276
core   0: 3 0x80009b64 (0x114af093) x 1 0x00000010
core   0: 0x80009b68 (0x014d5093) srli    ra, s10, 20
core   0: 3 0x80009b68 (0x014d5093) x 1 0x00000000
core   0: 0x80009b6c (0x02046e63) bltu    s0, zero, pc + 60
core   0: 3 0x80009b6c (0x02046e63)
core   0: 0x80009b70 (0x1297a393) slti    t2, a5, 297
core   0: 3 0x80009b70 (0x1297a393) x 7 0x00000001
core   0: 0x80009b74 (0x00ac5e33) srl     t3, s8, a0
core   0: 3 0x80009b74 (0x00ac5e33) x28 0x00000000
core   0: 0x80009b78 (0x7c8d7513) andi    a0, s10, 1992
core   0: 3 0x80009b78 (0x7c8d7513) x10 0x00000248
core   0: 0x80009b7c (0x78a50893) addi    a7, a0, 1930
core   0: 3 0x80009b7c (0x78a50893) x17 0x000009d2
core   0: 0x80009b80 (0x00000013) nop
core   0: 3 0x80009b80 (0x00000013)
core   0: 0x80009b84 (0xa692f293) andi    t0, t0, -1431
core   0: 3 0x80009b84 (0xa692f293) x 5 0xfffffa68
core   0: 0x80009b88 (0x00c29b33) sll     s6, t0, a2
core   0: 3 0x80009b88 (0x00c29b33) x22 0xfffff4d0
core   0: 0x80009b8c (0x01edf2b3) and     t0, s11, t5
core   0: 3 0x80009b8c (0x01edf2b3) x 5 0x00000000
core   0: 0x80009b90 (0x0b95a593) slti    a1, a1, 185
core   0: 3 0x80009b90 (0x0b95a593) x11 0x00000001
core   0: 0x80009b94 (0xe2a8ae13) slti    t3, a7, -470
core   0: 3 0x80009b94 (0xe2a8ae13) x28 0x00000000
core   0: 0x80009b98 (0xc6aa3113) sltiu   sp, s4, -918
core   0: 3 0x80009b98 (0xc6aa3113) x 2 0x00000001
core   0: 0x80009b9c (0x0072c0b3) xor     ra, t0, t2
core   0: 3 0x80009b9c (0x0072c0b3) x 1 0x00000001
core   0: 0x80009ba0 (0x00ed72b3) and     t0, s10, a4
core   0: 3 0x80009ba0 (0x00ed72b3) x 5 0x00000200
core   0: 0x80009ba4 (0xd91b2113) slti    sp, s6, -623
core   0: 3 0x80009ba4 (0xd91b2113) x 2 0x00000001
core   0: 0x80009ba8 (0x146a4213) xori    tp, s4, 326
core   0: 3 0x80009ba8 (0x146a4213) x 4 0x00000146
core   0: 0x80009bac (0xc1cac993) xori    s3, s5, -996
core   0: 3 0x80009bac (0xc1cac993) x19 0x024feea7
core   0: 0x80009bb0 (0x00859693) slli    a3, a1, 8
core   0: 3 0x80009bb0 (0x00859693) x13 0x00000100
core   0: 0x80009bb4 (0x416d09b3) sub     s3, s10, s6
core   0: 3 0x80009bb4 (0x416d09b3) x19 0x00000d79
core   0: 0x80009bb8 (0x231c0d93) addi    s11, s8, 561
core   0: 3 0x80009bb8 (0x231c0d93) x27 0x00022cc6
core   0: 0x80009bbc (0xc0556d13) ori     s10, a0, -1019
core   0: 3 0x80009bbc (0xc0556d13) x26 0xfffffe4d
core   0: 0x80009bc0 (0x41295a33) sra     s4, s2, s2
core   0: 3 0x80009bc0 (0x41295a33) x20 0xb9114000
core   0: 0x80009bc4 (0x09c71063) bne     a4, t3, pc + 128
core   0: 3 0x80009bc4 (0x09c71063)
core   0: 0x80009c44 (0xb851f093) andi    ra, gp, -1147
core   0: 3 0x80009c44 (0xb851f093) x 1 0x00000001
core   0: 0x80009c48 (0x00656f33) or      t5, a0, t1
core   0: 3 0x80009c48 (0x00656f33) x30 0x00000248
core   0: 0x80009c4c (0x003a4833) xor     a6, s4, gp
core   0: 3 0x80009c4c (0x003a4833) x16 0xb9114001
core   0: 0x80009c50 (0x744ada37) lui     s4, 0x744ad
core   0: 3 0x80009c50 (0x744ada37) x20 0x744ad000
core   0: 0x80009c54 (0x00000013) nop
core   0: 3 0x80009c54 (0x00000013)
core   0: 0x80009c58 (0x02f59c63) bne     a1, a5, pc + 56
core   0: 3 0x80009c58 (0x02f59c63)
core   0: 0x80009c90 (0x013ca433) slt     s0, s9, s3
core   0: 3 0x80009c90 (0x013ca433) x 8 0x00000001
core   0: 0x80009c94 (0x3c78cf93) xori    t6, a7, 967
core   0: 3 0x80009c94 (0x3c78cf93) x31 0x00000a15
core   0: 0x80009c98 (0x5642a113) slti    sp, t0, 1380
core   0: 3 0x80009c98 (0x5642a113) x 2 0x00000001
core   0: 0x80009c9c (0x01801833) sll     a6, zero, s8
core   0: 3 0x80009c9c (0x01801833) x16 0x00000000
core   0: 0x80009ca0 (0x04109463) bne     ra, ra, pc + 72
core   0: 3 0x80009ca0 (0x04109463)
core   0: 0x80009ca4 (0x003c5593) srli    a1, s8, 3
core   0: 3 0x80009ca4 (0x003c5593) x11 0x00004552
core   0: 0x80009ca8 (0x403cd513) srai    a0, s9, 3
core   0: 3 0x80009ca8 (0x403cd513) x10 0x00000000
core   0: 0x80009cac (0x01113d33) sltu    s10, sp, a7
core   0: 3 0x80009cac (0x01113d33) x26 0x00000001
core   0: 0x80009cb0 (0x036ca097) auipc   ra, 0x36ca
core   0: 3 0x80009cb0 (0x036ca097) x 1 0x836d3cb0
core   0: 0x80009cb4 (0x00ece663) bltu    s9, a4, pc + 12
core   0: 3 0x80009cb4 (0x00ece663)
core   0: 0x80009cc0 (0x40d59c97) auipc   s9, 0x40d59
core   0: 3 0x80009cc0 (0x40d59c97) x25 0xc0d62cc0
core   0: 0x80009cc4 (0x405858b3) sra     a7, a6, t0
core   0: 3 0x80009cc4 (0x405858b3) x17 0x00000000
core   0: 0x80009cc8 (0x428abb13) sltiu   s6, s5, 1064
core   0: 3 0x80009cc8 (0x428abb13) x22 0x00000000
core   0: 0x80009ccc (0x2bfc8f93) addi    t6, s9, 703
core   0: 3 0x80009ccc (0x2bfc8f93) x31 0xc0d62f7f
core   0: 0x80009cd0 (0x03550e63) beq     a0, s5, pc + 60
core   0: 3 0x80009cd0 (0x03550e63)
core   0: 0x80009cd4 (0x4072d793) srai    a5, t0, 7
core   0: 3 0x80009cd4 (0x4072d793) x15 0x00000004
core   0: 0x80009cd8 (0x92abf093) andi    ra, s7, -1750
core   0: 3 0x80009cd8 (0x92abf093) x 1 0x80027820
core   0: 0x80009cdc (0x40938f33) sub     t5, t2, s1
core   0: 3 0x80009cdc (0x40938f33) x30 0x7ffd431d
core   0: 0x80009ce0 (0x4148d2b3) sra     t0, a7, s4
core   0: 3 0x80009ce0 (0x4148d2b3) x 5 0x00000000
core   0: 0x80009ce4 (0x01968933) add     s2, a3, s9
core   0: 3 0x80009ce4 (0x01968933) x18 0xc0d62dc0
core   0: 0x80009ce8 (0x01cea5b3) slt     a1, t4, t3
core   0: 3 0x80009ce8 (0x01cea5b3) x11 0x00000001
core   0: 0x80009cec (0x0328e663) bltu    a7, s2, pc + 44
core   0: 3 0x80009cec (0x0328e663)
core   0: 0x80009d18 (0x02b9ec63) bltu    s3, a1, pc + 56
core   0: 3 0x80009d18 (0x02b9ec63)
core   0: 0x80009d1c (0x01338663) beq     t2, s3, pc + 12
core   0: 3 0x80009d1c (0x01338663)
core   0: 0x80009d20 (0x03635263) bge     t1, s6, pc + 36
core   0: 3 0x80009d20 (0x03635263)
core   0: 0x80009d44 (0x006629b3) slt     s3, a2, t1
core   0: 3 0x80009d44 (0x006629b3) x19 0x00000001
core   0: 0x80009d48 (0x405ced13) ori     s10, s9, 1029
core   0: 3 0x80009d48 (0x405ced13) x26 0xc0d62cc5
core   0: 0x80009d4c (0x00e03433) snez    s0, a4
core   0: 3 0x80009d4c (0x00e03433) x 8 0x00000001
core   0: 0x80009d50 (0x0118de13) srli    t3, a7, 17
core   0: 3 0x80009d50 (0x0118de13) x28 0x00000000
core   0: 0x80009d54 (0x001accb3) xor     s9, s5, ra
core   0: 3 0x80009d54 (0x001accb3) x25 0x7db26a9b
core   0: 0x80009d58 (0x00b5ecb3) or      s9, a1, a1
core   0: 3 0x80009d58 (0x00b5ecb3) x25 0x00000001
core   0: 0x80009d5c (0x31126c13) ori     s8, tp, 785
core   0: 3 0x80009d5c (0x31126c13) x24 0x00000357
core   0: 0x80009d60 (0x52fc3813) sltiu   a6, s8, 1327
core   0: 3 0x80009d60 (0x52fc3813) x16 0x00000001
core   0: 0x80009d64 (0xd29ec093) xori    ra, t4, -727
core   0: 3 0x80009d64 (0xd29ec093) x 1 0x7ffffd29
core   0: 0x80009d68 (0x0ff0000f) fence   iorw,iorw
core   0: 3 0x80009d68 (0x0ff0000f)
core   0: 0x80009d6c (0x01783933) sltu    s2, a6, s7
core   0: 3 0x80009d6c (0x01783933) x18 0x00000001
core   0: 0x80009d70 (0x01e2a9b3) slt     s3, t0, t5
core   0: 3 0x80009d70 (0x01e2a9b3) x19 0x00000001
core   0: 0x80009d74 (0xac94be93) sltiu   t4, s1, -1335
core   0: 3 0x80009d74 (0xac94be93) x29 0x00000001
core   0: 0x80009d78 (0x00000013) nop
core   0: 3 0x80009d78 (0x00000013)
core   0: 0x80009d7c (0x00ce58b3) srl     a7, t3, a2
core   0: 3 0x80009d7c (0x00ce58b3) x17 0x00000000
core   0: 0x80009d80 (0x009a2eb3) slt     t4, s4, s1
core   0: 3 0x80009d80 (0x009a2eb3) x29 0x00000000
core   0: 0x80009d84 (0x01779e63) bne     a5, s7, pc + 28
core   0: 3 0x80009d84 (0x01779e63)
core   0: 0x80009da0 (0xbee60c93) addi    s9, a2, -1042
core   0: 3 0x80009da0 (0xbee60c93) x25 0xff54cb4f
core   0: 0x80009da4 (0x0065d933) srl     s2, a1, t1
core   0: 3 0x80009da4 (0x0065d933) x18 0x00000001
core   0: 0x80009da8 (0x01595533) srl     a0, s2, s5
core   0: 3 0x80009da8 (0x01595533) x10 0x00000000
core   0: 0x80009dac (0x00dc2933) slt     s2, s8, a3
core   0: 3 0x80009dac (0x00dc2933) x18 0x00000000
core   0: 0x80009db0 (0xa6a37793) andi    a5, t1, -1430
core   0: 3 0x80009db0 (0xa6a37793) x15 0x00000000
core   0: 0x80009db4 (0x00cc6663) bltu    s8, a2, pc + 12
core   0: 3 0x80009db4 (0x00cc6663)
core   0: 0x80009dc0 (0x412e56b3) sra     a3, t3, s2
core   0: 3 0x80009dc0 (0x412e56b3) x13 0x00000000
core   0: 0x80009dc4 (0x4035d6b3) sra     a3, a1, gp
core   0: 3 0x80009dc4 (0x4035d6b3) x13 0x00000000
core   0: 0x80009dc8 (0x415b0fb3) sub     t6, s6, s5
core   0: 3 0x80009dc8 (0x415b0fb3) x31 0x024fed45
core   0: 0x80009dcc (0x00660663) beq     a2, t1, pc + 12
core   0: 3 0x80009dcc (0x00660663)
core   0: 0x80009dd0 (0x22e98e17) auipc   t3, 0x22e98
core   0: 3 0x80009dd0 (0x22e98e17) x28 0xa2ea1dd0
core   0: 0x80009dd4 (0x0000100f) fence.i
core   0: 3 0x80009dd4 (0x0000100f)
core   0: 0x80009dd8 (0x0451c463) blt     gp, t0, pc + 72
core   0: 3 0x80009dd8 (0x0451c463)
core   0: 0x80009ddc (0x01739813) slli    a6, t2, 23
core   0: 3 0x80009ddc (0x01739813) x16 0x00800000
core   0: 0x80009de0 (0x00000013) nop
core   0: 3 0x80009de0 (0x00000013)
core   0: 0x80009de4 (0x04cd4463) blt     s10, a2, pc + 72
core   0: 3 0x80009de4 (0x04cd4463)
core   0: 0x80009e2c (0x41d8db13) srai    s6, a7, 29
core   0: 3 0x80009e2c (0x41d8db13) x22 0x00000000
core   0: 0x80009e30 (0x02b96863) bltu    s2, a1, pc + 48
core   0: 3 0x80009e30 (0x02b96863)
core   0: 0x80009e60 (0x01f40a63) beq     s0, t6, pc + 20
core   0: 3 0x80009e60 (0x01f40a63)
core   0: 0x80009e64 (0x001dcfb3) xor     t6, s11, ra
core   0: 3 0x80009e64 (0x001dcfb3) x31 0x7ffdd1ef
core   0: 0x80009e68 (0x8e76e313) ori     t1, a3, -1817
core   0: 3 0x80009e68 (0x8e76e313) x 6 0xfffff8e7
core   0: 0x80009e6c (0x55fc8c37) lui     s8, 0x55fc8
core   0: 3 0x80009e6c (0x55fc8c37) x24 0x55fc8000
core   0: 0x80009e70 (0x0000100f) fence.i
core   0: 3 0x80009e70 (0x0000100f)
core   0: 0x80009e74 (0x01edfa13) andi    s4, s11, 30
core   0: 3 0x80009e74 (0x01edfa13) x20 0x00000006
core   0: 0x80009e78 (0x4a99bd93) sltiu   s11, s3, 1193
core   0: 3 0x80009e78 (0x4a99bd93) x27 0x00000001
core   0: 0x80009e7c (0x0ff0000f) fence   iorw,iorw
core   0: 3 0x80009e7c (0x0ff0000f)
core   0: 0x80009e80 (0x0ff0000f) fence   iorw,iorw
core   0: 3 0x80009e80 (0x0ff0000f)
core   0: 0x80009e84 (0x0ff0000f) fence   iorw,iorw
core   0: 3 0x80009e84 (0x0ff0000f)
core   0: 0x80009e88 (0x00093133) sltu    sp, s2, zero
core   0: 3 0x80009e88 (0x00093133) x 2 0x00000000
core   0: 0x80009e8c (0x00810c63) beq     sp, s0, pc + 24
core   0: 3 0x80009e8c (0x00810c63)
core   0: 0x80009e90 (0x00b9d2b3) srl     t0, s3, a1
core   0: 3 0x80009e90 (0x00b9d2b3) x 5 0x00000000
core   0: 0x80009e94 (0x02975863) bge     a4, s1, pc + 48
core   0: 3 0x80009e94 (0x02975863)
core   0: 0x80009ec4 (0x014652b3) srl     t0, a2, s4
core   0: 3 0x80009ec4 (0x014652b3) x 5 0x03fd533d
core   0: 0x80009ec8 (0x01f02b33) slt     s6, zero, t6
core   0: 3 0x80009ec8 (0x01f02b33) x22 0x00000001
core   0: 0x80009ecc (0x20babe13) sltiu   t3, s5, 523
core   0: 3 0x80009ecc (0x20babe13) x28 0x00000000
core   0: 0x80009ed0 (0x9c132593) slti    a1, t1, -1599
core   0: 3 0x80009ed0 (0x9c132593) x11 0x00000001
core   0: 0x80009ed4 (0x67d38697) auipc   a3, 0x67d38
core   0: 3 0x80009ed4 (0x67d38697) x13 0xe7d41ed4
core   0: 0x80009ed8 (0x0ff0000f) fence   iorw,iorw
core   0: 3 0x80009ed8 (0x0ff0000f)
core   0: 0x80009edc (0x026dc463) blt     s11, t1, pc + 40
core   0: 3 0x80009edc (0x026dc463)
core   0: 0x80009ee0 (0x0026f863) bgeu    a3, sp, pc + 16
core   0: 3 0x80009ee0 (0x0026f863)
core   0: 0x80009ef0 (0x9772f093) andi    ra, t0, -1673
core   0: 3 0x80009ef0 (0x9772f093) x 1 0x03fd5135
core   0: 0x80009ef4 (0x543c3813) sltiu   a6, s8, 1347
core   0: 3 0x80009ef4 (0x543c3813) x16 0x00000000
core   0: 0x80009ef8 (0x02155c63) bge     a0, ra, pc + 56
core   0: 3 0x80009ef8 (0x02155c63)
core   0: 0x80009efc (0x030ed263) bge     t4, a6, pc + 36
core   0: 3 0x80009efc (0x030ed263)
core   0: 0x80009f20 (0x34812d13) slti    s10, sp, 840
core   0: 3 0x80009f20 (0x34812d13) x26 0x00000001
core   0: 0x80009f24 (0x01c05933) srl     s2, zero, t3
core   0: 3 0x80009f24 (0x01c05933) x18 0x00000000
core   0: 0x80009f28 (0x026f1863) bne     t5, t1, pc + 48
core   0: 3 0x80009f28 (0x026f1863)
core   0: 0x80009f58 (0x01362f33) slt     t5, a2, s3
core   0: 3 0x80009f58 (0x01362f33) x30 0x00000001
core   0: 0x80009f5c (0x418ed133) sra     sp, t4, s8
core   0: 3 0x80009f5c (0x418ed133) x 2 0x00000000
core   0: 0x80009f60 (0x2ca46813) ori     a6, s0, 714
core   0: 3 0x80009f60 (0x2ca46813) x16 0x000002cb
core   0: 0x80009f64 (0x0242de63) bge     t0, tp, pc + 60
core   0: 3 0x80009f64 (0x0242de63)
core   0: 0x80009fa0 (0x01ea0733) add     a4, s4, t5
core   0: 3 0x80009fa0 (0x01ea0733) x14 0x00000007
core   0: 0x80009fa4 (0x41f25b13) srai    s6, tp, 31
core   0: 3 0x80009fa4 (0x41f25b13) x22 0x00000000
core   0: 0x80009fa8 (0x00ffdd93) srli    s11, t6, 15
core   0: 3 0x80009fa8 (0x00ffdd93) x27 0x0000fffb
core   0: 0x80009fac (0x03067e63) bgeu    a2, a6, pc + 60
core   0: 3 0x80009fac (0x03067e63)
core   0: 0x80009fe8 (0x0ff0000f) fence   iorw,iorw
core   0: 3 0x80009fe8 (0x0ff0000f)
core   0: 0x80009fec (0x01c25593) srli    a1, tp, 28
core   0: 3 0x80009fec (0x01c25593) x11 0x00000000
core   0: 0x80009ff0 (0x00069f13) slli    t5, a3, 0
core   0: 3 0x80009ff0 (0x00069f13) x30 0xe7d41ed4
core   0: 0x80009ff4 (0x00dab133) sltu    sp, s5, a3
core   0: 3 0x80009ff4 (0x00dab133) x 2 0x00000000
core   0: 0x80009ff8 (0x0000100f) fence.i
core   0: 3 0x80009ff8 (0x0000100f)
core   0: 0x80009ffc (0x0068b1b3) sltu    gp, a7, t1
core   0: 3 0x80009ffc (0x0068b1b3) x 3 0x00000001
core   0: 0x8000a000 (0x009bb6b3) sltu    a3, s7, s1
core   0: 3 0x8000a000 (0x009bb6b3) x13 0x00000001
core   0: 0x8000a004 (0x4f8de693) ori     a3, s11, 1272
core   0: 3 0x8000a004 (0x4f8de693) x13 0x0000fffb
core   0: 0x8000a008 (0x7def3713) sltiu   a4, t5, 2014
core   0: 3 0x8000a008 (0x7def3713) x14 0x00000000
core   0: 0x8000a00c (0x00000013) nop
core   0: 3 0x8000a00c (0x00000013)
core   0: 0x8000a010 (0x00801f93) slli    t6, zero, 8
core   0: 3 0x8000a010 (0x00801f93) x31 0x00000000
core   0: 0x8000a014 (0x0000100f) fence.i
core   0: 3 0x8000a014 (0x0000100f)
core   0: 0x8000a018 (0xa2c27993) andi    s3, tp, -1492
core   0: 3 0x8000a018 (0xa2c27993) x19 0x00000004
core   0: 0x8000a01c (0x00ed5693) srli    a3, s10, 14
core   0: 3 0x8000a01c (0x00ed5693) x13 0x00000000
core   0: 0x8000a020 (0xb8052593) slti    a1, a0, -1152
core   0: 3 0x8000a020 (0xb8052593) x11 0x00000000
core   0: 0x8000a024 (0x001d5833) srl     a6, s10, ra
core   0: 3 0x8000a024 (0x001d5833) x16 0x00000000
core   0: 0x8000a028 (0xe0bf8893) addi    a7, t6, -501
core   0: 3 0x8000a028 (0xe0bf8893) x17 0xfffffe0b
core   0: 0x8000a02c (0xeb36b093) sltiu   ra, a3, -333
core   0: 3 0x8000a02c (0xeb36b093) x 1 0x00000001
core   0: 0x8000a030 (0x00532a33) slt     s4, t1, t0
core   0: 3 0x8000a030 (0x00532a33) x20 0x00000001
core   0: 0x8000a034 (0x40bb5cb3) sra     s9, s6, a1
core   0: 3 0x8000a034 (0x40bb5cb3) x25 0x00000000
core   0: 0x8000a038 (0x0000100f) fence.i
core   0: 3 0x8000a038 (0x0000100f)
core   0: 0x8000a03c (0x00000013) nop
core   0: 3 0x8000a03c (0x00000013)
core   0: 0x8000a040 (0x19e13297) auipc   t0, 0x19e13
core   0: 3 0x8000a040 (0x19e13297) x 5 0x99e1d040
core   0: 0x8000a044 (0x017072b3) and     t0, zero, s7
core   0: 3 0x8000a044 (0x017072b3) x 5 0x00000000
core   0: 0x8000a048 (0x009f1b33) sll     s6, t5, s1
core   0: 3 0x8000a048 (0x009f1b33) x22 0x7d41ed40
core   0: 0x8000a04c (0x007523b3) slt     t2, a0, t2
core   0: 3 0x8000a04c (0x007523b3) x 7 0x00000001
core   0: 0x8000a050 (0xe74a8993) addi    s3, s5, -396
core   0: 3 0x8000a050 (0xe74a8993) x19 0xfdb0112f
core   0: 0x8000a054 (0xa51dee93) ori     t4, s11, -1455
core   0: 3 0x8000a054 (0xa51dee93) x29 0xfffffffb
core   0: 0x8000a058 (0x001962b3) or      t0, s2, ra
core   0: 3 0x8000a058 (0x001962b3) x 5 0x00000001
core   0: 0x8000a05c (0x0ff0000f) fence   iorw,iorw
core   0: 3 0x8000a05c (0x0ff0000f)
core   0: 0x8000a060 (0x357f4593) xori    a1, t5, 855
core   0: 3 0x8000a060 (0x357f4593) x11 0xe7d41d83
core   0: 0x8000a064 (0x00c6ecb3) or      s9, a3, a2
core   0: 3 0x8000a064 (0x00c6ecb3) x25 0xff54cf61
core   0: 0x8000a068 (0xc5db7c13) andi    s8, s6, -931
core   0: 3 0x8000a068 (0xc5db7c13) x24 0x7d41ec40
core   0: 0x8000a06c (0x00cfc333) xor     t1, t6, a2
core   0: 3 0x8000a06c (0x00cfc333) x 6 0xff54cf61
core   0: 0x8000a070 (0x010871b3) and     gp, a6, a6
core   0: 3 0x8000a070 (0x010871b3) x 3 0x00000000
core   0: 0x8000a074 (0x01e89fb3) sll     t6, a7, t5
core   0: 3 0x8000a074 (0x01e89fb3) x31 0xe0b00000
core   0: 0x8000a078 (0x0021d293) srli    t0, gp, 2
core   0: 3 0x8000a078 (0x0021d293) x 5 0x00000000
core   0: 0x8000a07c (0x6d942313) slti    t1, s0, 1753
core   0: 3 0x8000a07c (0x6d942313) x 6 0x00000001
core   0: 0x8000a080 (0x0196e7b3) or      a5, a3, s9
core   0: 3 0x8000a080 (0x0196e7b3) x15 0xff54cf61
core   0: 0x8000a084 (0x5ba4c213) xori    tp, s1, 1466
core   0: 3 0x8000a084 (0x5ba4c213) x 4 0x8002b95e
core   0: 0x8000a088 (0xdf107993) andi    s3, zero, -527
core   0: 3 0x8000a088 (0xdf107993) x19 0x00000000
core   0: 0x8000a08c (0x017b6433) or      s0, s6, s7
core   0: 3 0x8000a08c (0x017b6433) x 8 0xfd43ff64
core   0: 0x8000a090 (0x78bb7a13) andi    s4, s6, 1931
core   0: 3 0x8000a090 (0x78bb7a13) x20 0x00000500
core   0: 0x8000a094 (0x004a2e33) slt     t3, s4, tp
core   0: 3 0x8000a094 (0x004a2e33) x28 0x00000000
core   0: 0x8000a098 (0xe0332693) slti    a3, t1, -509
core   0: 3 0x8000a098 (0xe0332693) x13 0x00000000
core   0: 0x8000a09c (0x007346b3) xor     a3, t1, t2
core   0: 3 0x8000a09c (0x007346b3) x13 0x00000000
core   0: 0x8000a0a0 (0x4027d533) sra     a0, a5, sp
core   0: 3 0x8000a0a0 (0x4027d533) x10 0xff54cf61
core   0: 0x8000a0a4 (0x41e4d693) srai    a3, s1, 30
core   0: 3 0x8000a0a4 (0x41e4d693) x13 0xfffffffe
core   0: 0x8000a0a8 (0x0057beb3) sltu    t4, a5, t0
core   0: 3 0x8000a0a8 (0x0057beb3) x29 0x00000000
core   0: 0x8000a0ac (0xb8e3fd97) auipc   s11, 0xb8e3f
core   0: 3 0x8000a0ac (0xb8e3fd97) x27 0x38e490ac
core   0: 0x8000a0b0 (0x0174d333) srl     t1, s1, s7
core   0: 3 0x8000a0b0 (0x0174d333) x 6 0x08002bce
core   0: 0x8000a0b4 (0x1453bd97) auipc   s11, 0x1453b
core   0: 3 0x8000a0b4 (0x1453bd97) x27 0x945450b4
core   0: 0x8000a0b8 (0x40d0dc33) sra     s8, ra, a3
core   0: 3 0x8000a0b8 (0x40d0dc33) x24 0x00000000
core   0: 0x8000a0bc (0x0000100f) fence.i
core   0: 3 0x8000a0bc (0x0000100f)
core   0: 0x8000a0c0 (0x1756b713) sltiu   a4, a3, 373
core   0: 3 0x8000a0c0 (0x1756b713) x14 0x00000000
core   0: 0x8000a0c4 (0x009a7fb3) and     t6, s4, s1
core   0: 3 0x8000a0c4 (0x009a7fb3) x31 0x00000400
core   0: 0x8000a0c8 (0x0050c9b3) xor     s3, ra, t0
core   0: 3 0x8000a0c8 (0x0050c9b3) x19 0x00000001
core   0: 0x8000a0cc (0x01e60333) add     t1, a2, t5
core   0: 3 0x8000a0cc (0x01e60333) x 6 0xe728ee35
core   0: 0x8000a0d0 (0x00d91fb3) sll     t6, s2, a3
core   0: 3 0x8000a0d0 (0x00d91fb3) x31 0x00000000
core   0: 0x8000a0d4 (0x41e08c33) sub     s8, ra, t5
core   0: 3 0x8000a0d4 (0x41e08c33) x24 0x182be12d
core   0: 0x8000a0d8 (0x11e94393) xori    t2, s2, 286
core   0: 3 0x8000a0d8 (0x11e94393) x 7 0x0000011e
core   0: 0x8000a0dc (0x27a14437) lui     s0, 0x27a14
core   0: 3 0x8000a0dc (0x27a14437) x 8 0x27a14000
core   0: 0x8000a0e0 (0x03f98663) beq     s3, t6, pc + 44
core   0: 3 0x8000a0e0 (0x03f98663)
core   0: 0x8000a0e4 (0x065c4a63) blt     s8, t0, pc + 116
core   0: 3 0x8000a0e4 (0x065c4a63)
core   0: 0x8000a0e8 (0x012d19b3) sll     s3, s10, s2
core   0: 3 0x8000a0e8 (0x012d19b3) x19 0x00000001
core   0: 0x8000a0ec (0xd35e8513) addi    a0, t4, -715
core   0: 3 0x8000a0ec (0xd35e8513) x10 0xfffffd35
core   0: 0x8000a0f0 (0x02ab8663) beq     s7, a0, pc + 44
core   0: 3 0x8000a0f0 (0x02ab8663)
core   0: 0x8000a0f4 (0x3a240e93) addi    t4, s0, 930
core   0: 3 0x8000a0f4 (0x3a240e93) x29 0x27a143a2
core   0: 0x8000a0f8 (0x0ff0000f) fence   iorw,iorw
core   0: 3 0x8000a0f8 (0x0ff0000f)
core   0: 0x8000a0fc (0xf97c4993) xori    s3, s8, -105
core   0: 3 0x8000a0fc (0xf97c4993) x19 0xe7d41eba
core   0: 0x8000a100 (0x00997663) bgeu    s2, s1, pc + 12
core   0: 3 0x8000a100 (0x00997663)
core   0: 0x8000a104 (0x59bebe97) auipc   t4, 0x59beb
core   0: 3 0x8000a104 (0x59bebe97) x29 0xd9bf5104
core   0: 0x8000a108 (0x3c515fb7) lui     t6, 0x3c515
core   0: 3 0x8000a108 (0x3c515fb7) x31 0x3c515000
core   0: 0x8000a10c (0xa95f4d93) xori    s11, t5, -1387
core   0: 3 0x8000a10c (0xa95f4d93) x27 0x182be441
core   0: 0x8000a110 (0x00101093) slli    ra, zero, 1
core   0: 3 0x8000a110 (0x00101093) x 1 0x00000000
core   0: 0x8000a114 (0x41895613) srai    a2, s2, 24
core   0: 3 0x8000a114 (0x41895613) x12 0x00000000
core   0: 0x8000a118 (0x0000100f) fence.i
core   0: 3 0x8000a118 (0x0000100f)
core   0: 0x8000a11c (0x009869b3) or      s3, a6, s1
core   0: 3 0x8000a11c (0x009869b3) x19 0x8002bce4
core   0: 0x8000a120 (0xa21f0a13) addi    s4, t5, -1503
core   0: 3 0x8000a120 (0xa21f0a13) x20 0xe7d418f5
core   0: 0x8000a124 (0x0206ca13) xori    s4, a3, 32
core   0: 3 0x8000a124 (0x0206ca13) x20 0xffffffde
core   0: 0x8000a128 (0x01609d33) sll     s10, ra, s6
core   0: 3 0x8000a128 (0x01609d33) x26 0x00000000
core   0: 0x8000a12c (0x0125e933) or      s2, a1, s2
core   0: 3 0x8000a12c (0x0125e933) x18 0xe7d41d83
core   0: 0x8000a130 (0x00bbf3b3) and     t2, s7, a1
core   0: 3 0x8000a130 (0x00bbf3b3) x 7 0x80001c00
core   0: 0x8000a134 (0x00002517) auipc   a0, 0x2
core   0: 3 0x8000a134 (0x00002517) x10 0x8000c134
core   0: 0x8000a138 (0x20450513) addi    a0, a0, 516
core   0: 3 0x8000a138 (0x20450513) x10 0x8000c338
core   0: 0x8000a13c (0x01f091b3) sll     gp, ra, t6
core   0: 3 0x8000a13c (0x01f091b3) x 3 0x00000000
core   0: 0x8000a140 (0x13a50513) addi    a0, a0, 314
core   0: 3 0x8000a140 (0x13a50513) x10 0x8000c472
core   0: 0x8000a144 (0x0ff0000f) fence   iorw,iorw
core   0: 3 0x8000a144 (0x0ff0000f)
core   0: 0x8000a148 (0xde215b17) auipc   s6, 0xde215
core   0: 3 0x8000a148 (0xde215b17) x22 0x5e21f148
core   0: 0x8000a14c (0xec7507e7) jalr    a5, a0, -313
core   0: 3 0x8000a14c (0xec7507e7) x15 0x8000a150
core   0: 0x8000c338 (0x3ea3c997) auipc   s3, 0x3ea3c
core   0: 3 0x8000c338 (0x3ea3c997) x19 0xbea48338
core   0: 0x8000c33c (0x008a7263) bgeu    s4, s0, pc + 4
core   0: 3 0x8000c33c (0x008a7263)
core   0: 0x8000c340 (0xfe4b8b93) addi    s7, s7, -28
core   0: 3 0x8000c340 (0xfe4b8b93) x23 0x80027e48
core   0: 0x8000c344 (0x0132e633) or      a2, t0, s3
core   0: 3 0x8000c344 (0x0132e633) x12 0xbea48338
core   0: 0x8000c348 (0x00fba223) sw      a5, 4(s7)
core   0: 3 0x8000c348 (0x00fba223) mem 0x80027e4c 0x8000a150
core   0: 0x8000c34c (0x374b6417) auipc   s0, 0x374b6
core   0: 3 0x8000c34c (0x374b6417) x 8 0xb74c234c
core   0: 0x8000c350 (0xf4a8e013) ori     zero, a7, -182
core   0: 3 0x8000c350 (0xf4a8e013)
core   0: 0x8000c354 (0x0ff0000f) fence   iorw,iorw
core   0: 3 0x8000c354 (0x0ff0000f)
core   0: 0x8000c358 (0x00006c17) auipc   s8, 0x6
core   0: 3 0x8000c358 (0x00006c17) x24 0x80012358
core   0: 0x8000c35c (0x482c0c13) addi    s8, s8, 1154
core   0: 3 0x8000c35c (0x482c0c13) x24 0x800127da
core   0: 0x8000c360 (0xfc9c4a03) lbu     s4, -55(s8)
core   0: 3 0x8000c360 (0xfc9c4a03) x20 0x00000000 mem 0x800127a3
core   0: 0x8000c364 (0x0000ff97) auipc   t6, 0xf
core   0: 3 0x8000c364 (0x0000ff97) x31 0x8001b364
core   0: 0x8000c368 (0xd68f8f93) addi    t6, t6, -664
core   0: 3 0x8000c368 (0xd68f8f93) x31 0x8001b0cc
core   0: 0x8000c36c (0x60ef82a3) sb      a4, 1541(t6)
core   0: 3 0x8000c36c (0x60ef82a3) mem 0x8001b6d1 0x0
core   0: 0x8000c370 (0xfcbc06a3) sb      a1, -51(s8)
core   0: 3 0x8000c370 (0xfcbc06a3) mem 0x800127a7 0x83
core   0: 0x8000c374 (0x001fc683) lbu     a3, 1(t6)
core   0: 3 0x8000c374 (0x001fc683) x13 0x00000000 mem 0x8001b0cd
core   0: 0x8000c378 (0xfc8c5803) lhu     a6, -56(s8)
core   0: 3 0x8000c378 (0xfc8c5803) x16 0x00000000 mem 0x800127a2
core   0: 0x8000c37c (0xff6c2683) lw      a3, -10(s8)
core   0: 3 0x8000c37c (0xff6c2683) x13 0x2c000000 mem 0x800127d0
core   0: 0x8000c380 (0xbb5f8e03) lb      t3, -1099(t6)
core   0: 3 0x8000c380 (0xbb5f8e03) x28 0x00000000 mem 0x8001ac81
core   0: 0x8000c384 (0xfd5c4883) lbu     a7, -43(s8)
core   0: 3 0x8000c384 (0xfd5c4883) x17 0x00000000 mem 0x800127af
core   0: 0x8000c388 (0x6aaf8fa3) sb      a0, 1727(t6)
core   0: 3 0x8000c388 (0x6aaf8fa3) mem 0x8001b78b 0x72
core   0: 0x8000c38c (0x000c5603) lhu     a2, 0(s8)
core   0: 3 0x8000c38c (0x000c5603) x12 0x00000000 mem 0x800127da
core   0: 0x8000c390 (0x01dc0983) lb      s3, 29(s8)
core   0: 3 0x8000c390 (0x01dc0983) x19 0x00000000 mem 0x800127f7
core   0: 0x8000c394 (0xd55f8183) lb      gp, -683(t6)
core   0: 3 0x8000c394 (0xd55f8183) x 3 0x00000000 mem 0x8001ae21
core   0: 0x8000c398 (0xfdbc4783) lbu     a5, -37(s8)
core   0: 3 0x8000c398 (0xfdbc4783) x15 0x00000000 mem 0x800127b5
core   0: 0x8000c39c (0x001c4083) lbu     ra, 1(s8)
core   0: 3 0x8000c39c (0x001c4083) x 1 0x00000000 mem 0x800127db
core   0: 0x8000c3a0 (0xe57fc383) lbu     t2, -425(t6)
core   0: 3 0x8000c3a0 (0xe57fc383) x 7 0x00000000 mem 0x8001af23
core   0: 0x8000c3a4 (0xfeec2383) lw      t2, -18(s8)
core   0: 3 0x8000c3a4 (0xfeec2383) x 7 0x00000000 mem 0x800127c8
core   0: 0x8000c3a8 (0x24df8003) lb      zero, 589(t6)
core   0: 3 0x8000c3a8 (0x24df8003) mem 0x8001b319
core   0: 0x8000c3ac (0x00006f97) auipc   t6, 0x6
core   0: 3 0x8000c3ac (0x00006f97) x31 0x800123ac
core   0: 0x8000c3b0 (0x576f8f93) addi    t6, t6, 1398
core   0: 3 0x8000c3b0 (0x576f8f93) x31 0x80012922
core   0: 0x8000c3b4 (0x00016c17) auipc   s8, 0x16
core   0: 3 0x8000c3b4 (0x00016c17) x24 0x800223b4
core   0: 0x8000c3b8 (0xe2dc0c13) addi    s8, s8, -467
core   0: 3 0x8000c3b8 (0xe2dc0c13) x24 0x800221e1
core   0: 0x8000c3bc (0x03dc4603) lbu     a2, 61(s8)
core   0: 3 0x8000c3bc (0x03dc4603) x12 0x00000000 mem 0x8002221e
core   0: 0x8000c3c0 (0x054fd703) lhu     a4, 84(t6)
core   0: 3 0x8000c3c0 (0x054fd703) x14 0x00000000 mem 0x80012976
core   0: 0x8000c3c4 (0xffec2da3) sw      t5, -5(s8)
core   0: 3 0x8000c3c4 (0xffec2da3) mem 0x800221dc 0xe7d41ed4
core   0: 0x8000c3c8 (0xfd1f8c83) lb      s9, -47(t6)
core   0: 3 0x8000c3c8 (0xfd1f8c83) x25 0x00000000 mem 0x800128f3
core   0: 0x8000c3cc (0x0e5c1b03) lh      s6, 229(s8)
core   0: 3 0x8000c3cc (0x0e5c1b03) x22 0x00000000 mem 0x800222c6
core   0: 0x8000c3d0 (0x05df8103) lb      sp, 93(t6)
core   0: 3 0x8000c3d0 (0x05df8103) x 2 0x00000000 mem 0x8001297f
core   0: 0x8000c3d4 (0x0a2c11a3) sh      sp, 163(s8)
core   0: 3 0x8000c3d4 (0x0a2c11a3) mem 0x80022284 0x0000
core   0: 0x8000c3d8 (0x08bf86a3) sb      a1, 141(t6)
core   0: 3 0x8000c3d8 (0x08bf86a3) mem 0x800129af 0x83
core   0: 0x8000c3dc (0xf83c21a3) sw      gp, -125(s8)
core   0: 3 0x8000c3dc (0xf83c21a3) mem 0x80022164 0x00000000
core   0: 0x8000c3e0 (0xfeafd883) lhu     a7, -22(t6)
core   0: 3 0x8000c3e0 (0xfeafd883) x17 0x00000100 mem 0x8001290c
core   0: 0x8000c3e4 (0x0a9c0503) lb      a0, 169(s8)
core   0: 3 0x8000c3e4 (0x0a9c0503) x10 0x00000000 mem 0x8002228a
core   0: 0x8000c3e8 (0xfb4c0323) sb      s4, -90(s8)
core   0: 3 0x8000c3e8 (0xfb4c0323) mem 0x80022187 0x0
core   0: 0x8000c3ec (0xfbdfc103) lbu     sp, -67(t6)
core   0: 3 0x8000c3ec (0xfbdfc103) x 2 0x00000000 mem 0x800128df
core   0: 0x8000c3f0 (0x0eac0603) lb      a2, 234(s8)
core   0: 3 0x8000c3f0 (0x0eac0603) x12 0x00000000 mem 0x800222cb
core   0: 0x8000c3f4 (0xf56f88a3) sb      s6, -175(t6)
core   0: 3 0x8000c3f4 (0xf56f88a3) mem 0x80012873 0x0
core   0: 0x8000c3f8 (0x00011097) auipc   ra, 0x11
core   0: 3 0x8000c3f8 (0x00011097) x 1 0x8001d3f8
core   0: 0x8000c3fc (0xb1008093) addi    ra, ra, -1264
core   0: 3 0x8000c3fc (0xb1008093) x 1 0x8001cf08
core   0: 0x8000c400 (0x0000a317) auipc   t1, 0xa
core   0: 3 0x8000c400 (0x0000a317) x 6 0x80016400
core   0: 0x8000c404 (0x42830313) addi    t1, t1, 1064
core   0: 3 0x8000c404 (0x42830313) x 6 0x80016828
core   0: 0x8000c408 (0x0000f297) auipc   t0, 0xf
core   0: 3 0x8000c408 (0x0000f297) x 5 0x8001b408
core   0: 0x8000c40c (0x9b628293) addi    t0, t0, -1610
core   0: 3 0x8000c40c (0x9b628293) x 5 0x8001adbe
core   0: 0x8000c410 (0x018085a3) sb      s8, 11(ra)
core   0: 3 0x8000c410 (0x018085a3) mem 0x8001cf13 0xe1
core   0: 0x8000c414 (0x00b34c03) lbu     s8, 11(t1)
core   0: 3 0x8000c414 (0x00b34c03) x24 0x00000000 mem 0x80016833
core   0: 0x8000c418 (0xfcf31b23) sh      a5, -42(t1)
core   0: 3 0x8000c418 (0xfcf31b23) mem 0x800167fe 0x0000
core   0: 0x8000c41c (0x01008e03) lb      t3, 16(ra)
core   0: 3 0x8000c41c (0x01008e03) x28 0x00000000 mem 0x8001cf18
core   0: 0x8000c420 (0xfd930603) lb      a2, -39(t1)
core   0: 3 0x8000c420 (0xfd930603) x12 0x00000000 mem 0x80016801
core   0: 0x8000c424 (0xffd2c383) lbu     t2, -3(t0)
core   0: 3 0x8000c424 (0xffd2c383) x 7 0x00000000 mem 0x8001adbb
core   0: 0x8000c428 (0x01730583) lb      a1, 23(t1)
core   0: 3 0x8000c428 (0x01730583) x11 0x00000000 mem 0x8001683f
core   0: 0x8000c42c (0x03f30223) sb      t6, 36(t1)
core   0: 3 0x8000c42c (0x03f30223) mem 0x8001684c 0x22
core   0: 0x8000c430 (0x0020c003) lbu     zero, 2(ra)
core   0: 3 0x8000c430 (0x0020c003) mem 0x8001cf0a
core   0: 0x8000c434 (0xffe28183) lb      gp, -2(t0)
core   0: 3 0x8000c434 (0xffe28183) x 3 0x00000000 mem 0x8001adbc
core   0: 0x8000c438 (0x00c30383) lb      t2, 12(t1)
core   0: 3 0x8000c438 (0x00c30383) x 7 0x00000000 mem 0x80016834
core   0: 0x8000c43c (0xff62d383) lhu     t2, -10(t0)
core   0: 3 0x8000c43c (0xff62d383) x 7 0x00000000 mem 0x8001adb4
core   0: 0x8000c440 (0xff608ea3) sb      s6, -3(ra)
core   0: 3 0x8000c440 (0xff608ea3) mem 0x8001cf05 0x0
core   0: 0x8000c444 (0xff934103) lbu     sp, -7(t1)
core   0: 3 0x8000c444 (0xff934103) x 2 0x00000000 mem 0x80016821
core   0: 0x8000c448 (0xffb28d83) lb      s11, -5(t0)
core   0: 3 0x8000c448 (0xffb28d83) x27 0x00000000 mem 0x8001adb9
core   0: 0x8000c44c (0xfdf31d23) sh      t6, -38(t1)
core   0: 3 0x8000c44c (0xfdf31d23) mem 0x80016802 0x2922
core   0: 0x8000c450 (0x00a0c183) lbu     gp, 10(ra)
core   0: 3 0x8000c450 (0x00a0c183) x 3 0x00000000 mem 0x8001cf12
core   0: 0x8000c454 (0xfff0c803) lbu     a6, -1(ra)
core   0: 3 0x8000c454 (0xfff0c803) x16 0x00000000 mem 0x8001cf07
core   0: 0x8000c458 (0xffb08f03) lb      t5, -5(ra)
core   0: 3 0x8000c458 (0xffb08f03) x30 0x00000000 mem 0x8001cf03
core   0: 0x8000c45c (0xfd434203) lbu     tp, -44(t1)
core   0: 3 0x8000c45c (0xfd434203) x 4 0x00000000 mem 0x800167fc
core   0: 0x8000c460 (0x00a09323) sh      a0, 6(ra)
core   0: 3 0x8000c460 (0x00a09323) mem 0x8001cf0e 0x0000
core   0: 0x8000c464 (0xff928383) lb      t2, -7(t0)
core   0: 3 0x8000c464 (0xff928383) x 7 0x00000000 mem 0x8001adb7
core   0: 0x8000c468 (0x03631983) lh      s3, 54(t1)
core   0: 3 0x8000c468 (0x03631983) x19 0x00000000 mem 0x8001685e
core   0: 0x8000c46c (0x044007ef) jal     a5, pc + 0x44
core   0: 3 0x8000c46c (0x044007ef) x15 0x8000c470
core   0: 0x8000c4b0 (0xffdff0ef) jal     pc - 0x4
core   0: 3 0x8000c4b0 (0xffdff0ef) x 1 0x8000c4b4
core   0: 0x8000c4ac (0x0180036f) jal     t1, pc + 0x18
core   0: 3 0x8000c4ac (0x0180036f) x 6 0x8000c4b0
core   0: 0x8000c4c4 (0xfadff0ef) jal     pc - 0x54
core   0: 3 0x8000c4c4 (0xfadff0ef) x 1 0x8000c4c8
core   0: 0x8000c470 (0x038000ef) jal     pc + 0x38
core   0: 3 0x8000c470 (0x038000ef) x 1 0x8000c474
core   0: 0x8000c4a8 (0xfe1ff36f) jal     t1, pc - 0x20
core   0: 3 0x8000c4a8 (0xfe1ff36f) x 6 0x8000c4ac
core   0: 0x8000c488 (0x018000ef) jal     pc + 0x18
core   0: 3 0x8000c488 (0x018000ef) x 1 0x8000c48c
core   0: 0x8000c4a0 (0xfe5ff0ef) jal     pc - 0x1c
core   0: 3 0x8000c4a0 (0xfe5ff0ef) x 1 0x8000c4a4
core   0: 0x8000c484 (0x00c003ef) jal     t2, pc + 0xc
core   0: 3 0x8000c484 (0x00c003ef) x 7 0x8000c488
core   0: 0x8000c490 (0x038000ef) jal     pc + 0x38
core   0: 3 0x8000c490 (0x038000ef) x 1 0x8000c494
core   0: 0x8000c4c8 (0xff9ff0ef) jal     pc - 0x8
core   0: 3 0x8000c4c8 (0xff9ff0ef) x 1 0x8000c4cc
core   0: 0x8000c4c0 (0xff5ff0ef) jal     pc - 0xc
core   0: 3 0x8000c4c0 (0xff5ff0ef) x 1 0x8000c4c4
core   0: 0x8000c4b4 (0xff1ff3ef) jal     t2, pc - 0x10
core   0: 3 0x8000c4b4 (0xff1ff3ef) x 7 0x8000c4b8
core   0: 0x8000c4a4 (0xfd9ff0ef) jal     pc - 0x28
core   0: 3 0x8000c4a4 (0xfd9ff0ef) x 1 0x8000c4a8
core   0: 0x8000c47c (0x010000ef) jal     pc + 0x10
core   0: 3 0x8000c47c (0x010000ef) x 1 0x8000c480
core   0: 0x8000c48c (0xfe9ff36f) jal     t1, pc - 0x18
core   0: 3 0x8000c48c (0xfe9ff36f) x 6 0x8000c490
core   0: 0x8000c474 (0x024000ef) jal     pc + 0x24
core   0: 3 0x8000c474 (0x024000ef) x 1 0x8000c478
core   0: 0x8000c498 (0x024000ef) jal     pc + 0x24
core   0: 3 0x8000c498 (0x024000ef) x 1 0x8000c49c
core   0: 0x8000c4bc (0xfe1ff36f) jal     t1, pc - 0x20
core   0: 3 0x8000c4bc (0xfe1ff36f) x 6 0x8000c4c0
core   0: 0x8000c49c (0x01c009ef) jal     s3, pc + 0x1c
core   0: 3 0x8000c49c (0x01c009ef) x19 0x8000c4a0
core   0: 0x8000c4b8 (0xfc9ff36f) jal     t1, pc - 0x38
core   0: 3 0x8000c4b8 (0xfc9ff36f) x 6 0x8000c4bc
core   0: 0x8000c480 (0x0140056f) jal     a0, pc + 0x14
core   0: 3 0x8000c480 (0x0140056f) x10 0x8000c484
core   0: 0x8000c494 (0xfe5fff6f) jal     t5, pc - 0x1c
core   0: 3 0x8000c494 (0xfe5fff6f) x30 0x8000c498
core   0: 0x8000c478 (0x0540036f) jal     t1, pc + 0x54
core   0: 3 0x8000c478 (0x0540036f) x 6 0x8000c47c
core   0: 0x8000c4cc (0x01cd6433) or      s0, s10, t3
core   0: 3 0x8000c4cc (0x01cd6433) x 8 0x00000000
core   0: 0x8000c4d0 (0x00600c93) li      s9, 6
core   0: 3 0x8000c4d0 (0x00600c93) x25 0x00000006
core   0: 0x8000c4d4 (0x407adeb3) sra     t4, s5, t2
core   0: 3 0x8000c4d4 (0x407adeb3) x29 0xfffffffd
core   0: 0x8000c4d8 (0x00900293) li      t0, 9
core   0: 3 0x8000c4d8 (0x00900293) x 5 0x00000009
core   0: 0x8000c4dc (0x05be9437) lui     s0, 0x5be9
core   0: 3 0x8000c4dc (0x05be9437) x 8 0x05be9000
core   0: 0x8000c4e0 (0x001c8c93) addi    s9, s9, 1
core   0: 3 0x8000c4e0 (0x001c8c93) x25 0x00000007
core   0: 0x8000c4e4 (0x8b88c713) xori    a4, a7, -1864
core   0: 3 0x8000c4e4 (0x8b88c713) x14 0xfffff9b8
core   0: 0x8000c4e8 (0x0044d913) srli    s2, s1, 4
core   0: 3 0x8000c4e8 (0x0044d913) x18 0x08002bce
core   0: 0x8000c4ec (0x01794433) xor     s0, s2, s7
core   0: 3 0x8000c4ec (0x01794433) x 8 0x88025586
core   0: 0x8000c4f0 (0x0ff0000f) fence   iorw,iorw
core   0: 3 0x8000c4f0 (0x0ff0000f)
core   0: 0x8000c4f4 (0x0ff0000f) fence   iorw,iorw
core   0: 3 0x8000c4f4 (0x0ff0000f)
core   0: 0x8000c4f8 (0xed20e137) lui     sp, 0xed20e
core   0: 3 0x8000c4f8 (0xed20e137) x 2 0xed20e000
core   0: 0x8000c4fc (0x818db193) sltiu   gp, s11, -2024
core   0: 3 0x8000c4fc (0x818db193) x 3 0x00000001
core   0: 0x8000c500 (0xd17528b7) lui     a7, 0xd1752
core   0: 3 0x8000c500 (0xd17528b7) x17 0xd1752000
core   0: 0x8000c504 (0x00000013) nop
core   0: 3 0x8000c504 (0x00000013)
core   0: 0x8000c508 (0x00000013) nop
core   0: 3 0x8000c508 (0x00000013)
core   0: 0x8000c50c (0xb95e8313) addi    t1, t4, -1131
core   0: 3 0x8000c50c (0xb95e8313) x 6 0xfffffb92
core   0: 0x8000c510 (0xe0b84213) xori    tp, a6, -501
core   0: 3 0x8000c510 (0xe0b84213) x 4 0xfffffe0b
core   0: 0x8000c514 (0x41d1d333) sra     t1, gp, t4
core   0: 3 0x8000c514 (0x41d1d333) x 6 0x00000000
core   0: 0x8000c518 (0x3d6ec613) xori    a2, t4, 982
core   0: 3 0x8000c518 (0x3d6ec613) x12 0xfffffc2b
core   0: 0x8000c51c (0x00bb88b3) add     a7, s7, a1
core   0: 3 0x8000c51c (0x00bb88b3) x17 0x80027e48
core   0: 0x8000c520 (0x246b48b7) lui     a7, 0x246b4
core   0: 3 0x8000c520 (0x246b48b7) x17 0x246b4000
core   0: 0x8000c524 (0x000886b3) add     a3, a7, zero
core   0: 3 0x8000c524 (0x000886b3) x13 0x246b4000
core   0: 0x8000c528 (0xfa5ccae3) blt     s9, t0, pc - 76
core   0: 3 0x8000c528 (0xfa5ccae3)
core   0: 0x8000c4dc (0x05be9437) lui     s0, 0x5be9
core   0: 3 0x8000c4dc (0x05be9437) x 8 0x05be9000
core   0: 0x8000c4e0 (0x001c8c93) addi    s9, s9, 1
core   0: 3 0x8000c4e0 (0x001c8c93) x25 0x00000008
core   0: 0x8000c4e4 (0x8b88c713) xori    a4, a7, -1864
core   0: 3 0x8000c4e4 (0x8b88c713) x14 0xdb94b8b8
core   0: 0x8000c4e8 (0x0044d913) srli    s2, s1, 4
core   0: 3 0x8000c4e8 (0x0044d913) x18 0x08002bce
core   0: 0x8000c4ec (0x01794433) xor     s0, s2, s7
core   0: 3 0x8000c4ec (0x01794433) x 8 0x88025586
core   0: 0x8000c4f0 (0x0ff0000f) fence   iorw,iorw
core   0: 3 0x8000c4f0 (0x0ff0000f)
core   0: 0x8000c4f4 (0x0ff0000f) fence   iorw,iorw
core   0: 3 0x8000c4f4 (0x0ff0000f)
core   0: 0x8000c4f8 (0xed20e137) lui     sp, 0xed20e
core   0: 3 0x8000c4f8 (0xed20e137) x 2 0xed20e000
core   0: 0x8000c4fc (0x818db193) sltiu   gp, s11, -2024
core   0: 3 0x8000c4fc (0x818db193) x 3 0x00000001
core   0: 0x8000c500 (0xd17528b7) lui     a7, 0xd1752
core   0: 3 0x8000c500 (0xd17528b7) x17 0xd1752000
core   0: 0x8000c504 (0x00000013) nop
core   0: 3 0x8000c504 (0x00000013)
core   0: 0x8000c508 (0x00000013) nop
core   0: 3 0x8000c508 (0x00000013)
core   0: 0x8000c50c (0xb95e8313) addi    t1, t4, -1131
core   0: 3 0x8000c50c (0xb95e8313) x 6 0xfffffb92
core   0: 0x8000c510 (0xe0b84213) xori    tp, a6, -501
core   0: 3 0x8000c510 (0xe0b84213) x 4 0xfffffe0b
core   0: 0x8000c514 (0x41d1d333) sra     t1, gp, t4
core   0: 3 0x8000c514 (0x41d1d333) x 6 0x00000000
core   0: 0x8000c518 (0x3d6ec613) xori    a2, t4, 982
core   0: 3 0x8000c518 (0x3d6ec613) x12 0xfffffc2b
core   0: 0x8000c51c (0x00bb88b3) add     a7, s7, a1
core   0: 3 0x8000c51c (0x00bb88b3) x17 0x80027e48
core   0: 0x8000c520 (0x246b48b7) lui     a7, 0x246b4
core   0: 3 0x8000c520 (0x246b48b7) x17 0x246b4000
core   0: 0x8000c524 (0x000886b3) add     a3, a7, zero
core   0: 3 0x8000c524 (0x000886b3) x13 0x246b4000
core   0: 0x8000c528 (0xfa5ccae3) blt     s9, t0, pc - 76
core   0: 3 0x8000c528 (0xfa5ccae3)
core   0: 0x8000c4dc (0x05be9437) lui     s0, 0x5be9
core   0: 3 0x8000c4dc (0x05be9437) x 8 0x05be9000
core   0: 0x8000c4e0 (0x001c8c93) addi    s9, s9, 1
core   0: 3 0x8000c4e0 (0x001c8c93) x25 0x00000009
core   0: 0x8000c4e4 (0x8b88c713) xori    a4, a7, -1864
core   0: 3 0x8000c4e4 (0x8b88c713) x14 0xdb94b8b8
core   0: 0x8000c4e8 (0x0044d913) srli    s2, s1, 4
core   0: 3 0x8000c4e8 (0x0044d913) x18 0x08002bce
core   0: 0x8000c4ec (0x01794433) xor     s0, s2, s7
core   0: 3 0x8000c4ec (0x01794433) x 8 0x88025586
core   0: 0x8000c4f0 (0x0ff0000f) fence   iorw,iorw
core   0: 3 0x8000c4f0 (0x0ff0000f)
core   0: 0x8000c4f4 (0x0ff0000f) fence   iorw,iorw
core   0: 3 0x8000c4f4 (0x0ff0000f)
core   0: 0x8000c4f8 (0xed20e137) lui     sp, 0xed20e
core   0: 3 0x8000c4f8 (0xed20e137) x 2 0xed20e000
core   0: 0x8000c4fc (0x818db193) sltiu   gp, s11, -2024
core   0: 3 0x8000c4fc (0x818db193) x 3 0x00000001
core   0: 0x8000c500 (0xd17528b7) lui     a7, 0xd1752
core   0: 3 0x8000c500 (0xd17528b7) x17 0xd1752000
core   0: 0x8000c504 (0x00000013) nop
core   0: 3 0x8000c504 (0x00000013)
core   0: 0x8000c508 (0x00000013) nop
core   0: 3 0x8000c508 (0x00000013)
core   0: 0x8000c50c (0xb95e8313) addi    t1, t4, -1131
core   0: 3 0x8000c50c (0xb95e8313) x 6 0xfffffb92
core   0: 0x8000c510 (0xe0b84213) xori    tp, a6, -501
core   0: 3 0x8000c510 (0xe0b84213) x 4 0xfffffe0b
core   0: 0x8000c514 (0x41d1d333) sra     t1, gp, t4
core   0: 3 0x8000c514 (0x41d1d333) x 6 0x00000000
core   0: 0x8000c518 (0x3d6ec613) xori    a2, t4, 982
core   0: 3 0x8000c518 (0x3d6ec613) x12 0xfffffc2b
core   0: 0x8000c51c (0x00bb88b3) add     a7, s7, a1
core   0: 3 0x8000c51c (0x00bb88b3) x17 0x80027e48
core   0: 0x8000c520 (0x246b48b7) lui     a7, 0x246b4
core   0: 3 0x8000c520 (0x246b48b7) x17 0x246b4000
core   0: 0x8000c524 (0x000886b3) add     a3, a7, zero
core   0: 3 0x8000c524 (0x000886b3) x13 0x246b4000
core   0: 0x8000c528 (0xfa5ccae3) blt     s9, t0, pc - 76
core   0: 3 0x8000c528 (0xfa5ccae3)
core   0: 0x8000c52c (0x5d944db7) lui     s11, 0x5d944
core   0: 3 0x8000c52c (0x5d944db7) x27 0x5d944000
core   0: 0x8000c530 (0x0000f817) auipc   a6, 0xf
core   0: 3 0x8000c530 (0x0000f817) x16 0x8001b530
core   0: 0x8000c534 (0xe9380813) addi    a6, a6, -365
core   0: 3 0x8000c534 (0xe9380813) x16 0x8001b3c3
core   0: 0x8000c538 (0xf1e84613) xori    a2, a6, -226
core   0: 3 0x8000c538 (0xf1e84613) x12 0x7ffe4cdd
core   0: 0x8000c53c (0x00462b33) slt     s6, a2, tp
core   0: 3 0x8000c53c (0x00462b33) x22 0x00000000
core   0: 0x8000c540 (0xfd780203) lb      tp, -41(a6)
core   0: 3 0x8000c540 (0xfd780203) x 4 0x00000000 mem 0x8001b39a
core   0: 0x8000c544 (0xfd785383) lhu     t2, -41(a6)
core   0: 3 0x8000c544 (0xfd785383) x 7 0x00000000 mem 0x8001b39a
core   0: 0x8000c548 (0xfc780ba3) sb      t2, -41(a6)
core   0: 3 0x8000c548 (0xfc780ba3) mem 0x8001b39a 0x0
core   0: 0x8000c54c (0x00581da3) sh      t0, 27(a6)
core   0: 3 0x8000c54c (0x00581da3) mem 0x8001b3de 0x0009
core   0: 0x8000c550 (0xfe282ca3) sw      sp, -7(a6)
core   0: 3 0x8000c550 (0xfe282ca3) mem 0x8001b3bc 0xed20e000
core   0: 0x8000c554 (0xe727fd17) auipc   s10, 0xe727f
core   0: 3 0x8000c554 (0xe727fd17) x26 0x6728b554
core   0: 0x8000c558 (0x01a8f5b3) and     a1, a7, s10
core   0: 3 0x8000c558 (0x01a8f5b3) x11 0x24280000
core   0: 0x8000c55c (0xb42af593) andi    a1, s5, -1214
core   0: 3 0x8000c55c (0xb42af593) x11 0xfdb01202
core   0: 0x8000c560 (0xff980903) lb      s2, -7(a6)
core   0: 3 0x8000c560 (0xff980903) x18 0x00000000 mem 0x8001b3bc
core   0: 0x8000c564 (0x03b82ca3) sw      s11, 57(a6)
core   0: 3 0x8000c564 (0x03b82ca3) mem 0x8001b3fc 0x5d944000
core   0: 0x8000c568 (0x02480ca3) sb      tp, 57(a6)
core   0: 3 0x8000c568 (0x02480ca3) mem 0x8001b3fc 0x0
core   0: 0x8000c56c (0x03981ca3) sh      s9, 57(a6)
core   0: 3 0x8000c56c (0x03981ca3) mem 0x8001b3fc 0x0009
core   0: 0x8000c570 (0x03985d83) lhu     s11, 57(a6)
core   0: 3 0x8000c570 (0x03985d83) x27 0x00000009 mem 0x8001b3fc
core   0: 0x8000c574 (0x03a81ca3) sh      s10, 57(a6)
core   0: 3 0x8000c574 (0x03a81ca3) mem 0x8001b3fc 0xb554
core   0: 0x8000c578 (0x4128dd13) srai    s10, a7, 18
core   0: 3 0x8000c578 (0x4128dd13) x26 0x0000091a
core   0: 0x8000c57c (0x03981b03) lh      s6, 57(a6)
core   0: 3 0x8000c57c (0x03981b03) x22 0xffffb554 mem 0x8001b3fc
core   0: 0x8000c580 (0x0ff0000f) fence   iorw,iorw
core   0: 3 0x8000c580 (0x0ff0000f)
core   0: 0x8000c584 (0xfd684383) lbu     t2, -42(a6)
core   0: 3 0x8000c584 (0xfd684383) x 7 0x00000000 mem 0x8001b399
core   0: 0x8000c588 (0xfd880b23) sb      s8, -42(a6)
core   0: 3 0x8000c588 (0xfd880b23) mem 0x8001b399 0x0
core   0: 0x8000c58c (0xfd680383) lb      t2, -42(a6)
core   0: 3 0x8000c58c (0xfd680383) x 7 0x00000000 mem 0x8001b399
core   0: 0x8000c590 (0xfde80b23) sb      t5, -42(a6)
core   0: 3 0x8000c590 (0xfde80b23) mem 0x8001b399 0x98
core   0: 0x8000c594 (0x024007ef) jal     a5, pc + 0x24
core   0: 3 0x8000c594 (0x024007ef) x15 0x8000c598
core   0: 0x8000c5b8 (0x030000ef) jal     pc + 0x30
core   0: 3 0x8000c5b8 (0x030000ef) x 1 0x8000c5bc
core   0: 0x8000c5e8 (0xfcdff36f) jal     t1, pc - 0x34
core   0: 3 0x8000c5e8 (0xfcdff36f) x 6 0x8000c5ec
core   0: 0x8000c5b4 (0x018000ef) jal     pc + 0x18
core   0: 3 0x8000c5b4 (0x018000ef) x 1 0x8000c5b8
core   0: 0x8000c5cc (0xfe1fffef) jal     t6, pc - 0x20
core   0: 3 0x8000c5cc (0xfe1fffef) x31 0x8000c5d0
core   0: 0x8000c5ac (0x028000ef) jal     pc + 0x28
core   0: 3 0x8000c5ac (0x028000ef) x 1 0x8000c5b0
core   0: 0x8000c5d4 (0xfddff36f) jal     t1, pc - 0x24
core   0: 3 0x8000c5d4 (0xfddff36f) x 6 0x8000c5d8
core   0: 0x8000c5b0 (0x020000ef) jal     pc + 0x20
core   0: 3 0x8000c5b0 (0x020000ef) x 1 0x8000c5b4
core   0: 0x8000c5d0 (0xfd1ff36f) jal     t1, pc - 0x30
core   0: 3 0x8000c5d0 (0xfd1ff36f) x 6 0x8000c5d4
core   0: 0x8000c5a0 (0x01c00c6f) jal     s8, pc + 0x1c
core   0: 3 0x8000c5a0 (0x01c00c6f) x24 0x8000c5a4
core   0: 0x8000c5bc (0x008000ef) jal     pc + 0x8
core   0: 3 0x8000c5bc (0x008000ef) x 1 0x8000c5c0
core   0: 0x8000c5c4 (0xfd9fff6f) jal     t5, pc - 0x28
core   0: 3 0x8000c5c4 (0xfd9fff6f) x30 0x8000c5c8
core   0: 0x8000c59c (0x054000ef) jal     pc + 0x54
core   0: 3 0x8000c59c (0x054000ef) x 1 0x8000c5a0
core   0: 0x8000c5f0 (0xffdff0ef) jal     pc - 0x4
core   0: 3 0x8000c5f0 (0xffdff0ef) x 1 0x8000c5f4
core   0: 0x8000c5ec (0xfbdff0ef) jal     pc - 0x44
core   0: 3 0x8000c5ec (0xfbdff0ef) x 1 0x8000c5f0
core   0: 0x8000c5a8 (0x0300046f) jal     s0, pc + 0x30
core   0: 3 0x8000c5a8 (0x0300046f) x 8 0x8000c5ac
core   0: 0x8000c5d8 (0x00c000ef) jal     pc + 0xc
core   0: 3 0x8000c5d8 (0x00c000ef) x 1 0x8000c5dc
core   0: 0x8000c5e4 (0xfe5ff0ef) jal     pc - 0x1c
core   0: 3 0x8000c5e4 (0xfe5ff0ef) x 1 0x8000c5e8
core   0: 0x8000c5c8 (0x018000ef) jal     pc + 0x18
core   0: 3 0x8000c5c8 (0x018000ef) x 1 0x8000c5cc
core   0: 0x8000c5e0 (0xffdff1ef) jal     gp, pc - 0x4
core   0: 3 0x8000c5e0 (0xffdff1ef) x 3 0x8000c5e4
core   0: 0x8000c5dc (0x0180036f) jal     t1, pc + 0x18
core   0: 3 0x8000c5dc (0x0180036f) x 6 0x8000c5e0
core   0: 0x8000c5f4 (0xfb1ff56f) jal     a0, pc - 0x50
core   0: 3 0x8000c5f4 (0xfb1ff56f) x10 0x8000c5f8
core   0: 0x8000c5a4 (0x01c0036f) jal     t1, pc + 0x1c
core   0: 3 0x8000c5a4 (0x01c0036f) x 6 0x8000c5a8
core   0: 0x8000c5c0 (0xfd9ff36f) jal     t1, pc - 0x28
core   0: 3 0x8000c5c0 (0xfd9ff36f) x 6 0x8000c5c4
core   0: 0x8000c598 (0x060000ef) jal     pc + 0x60
core   0: 3 0x8000c598 (0x060000ef) x 1 0x8000c59c
core   0: 0x8000c5f8 (0x00ea1213) slli    tp, s4, 14
core   0: 3 0x8000c5f8 (0x00ea1213) x 4 0x00000000
core   0: 0x8000c5fc (0x00008917) auipc   s2, 0x8
core   0: 3 0x8000c5fc (0x00008917) x18 0x800145fc
core   0: 0x8000c600 (0x85190913) addi    s2, s2, -1967
core   0: 3 0x8000c600 (0x85190913) x18 0x80013e4d
core   0: 0x8000c604 (0x00006717) auipc   a4, 0x6
core   0: 3 0x8000c604 (0x00006717) x14 0x80012604
core   0: 0x8000c608 (0x41970713) addi    a4, a4, 1049
core   0: 3 0x8000c608 (0x41970713) x14 0x80012a1d
core   0: 0x8000c60c (0x01670b03) lb      s6, 22(a4)
core   0: 3 0x8000c60c (0x01670b03) x22 0x00000000 mem 0x80012a33
core   0: 0x8000c610 (0x01a90523) sb      s10, 10(s2)
core   0: 3 0x8000c610 (0x01a90523) mem 0x80013e57 0x1a
core   0: 0x8000c614 (0xfef71803) lh      a6, -17(a4)
core   0: 3 0x8000c614 (0xfef71803) x16 0x00000000 mem 0x80012a0c
core   0: 0x8000c618 (0xff990983) lb      s3, -7(s2)
core   0: 3 0x8000c618 (0xff990983) x19 0x00000000 mem 0x80013e46
core   0: 0x8000c61c (0x00c90d03) lb      s10, 12(s2)
core   0: 3 0x8000c61c (0x00c90d03) x26 0x00000000 mem 0x80013e59
core   0: 0x8000c620 (0xff690d83) lb      s11, -10(s2)
core   0: 3 0x8000c620 (0xff690d83) x27 0x00000000 mem 0x80013e43
core   0: 0x8000c624 (0xfdb70923) sb      s11, -46(a4)
core   0: 3 0x8000c624 (0xfdb70923) mem 0x800129ef 0x0
core   0: 0x8000c628 (0x00990783) lb      a5, 9(s2)
core   0: 3 0x8000c628 (0x00990783) x15 0x00000000 mem 0x80013e56
core   0: 0x8000c62c (0x01571403) lh      s0, 21(a4)
core   0: 3 0x8000c62c (0x01571403) x 8 0x00000000 mem 0x80012a32
core   0: 0x8000c630 (0xffc94683) lbu     a3, -4(s2)
core   0: 3 0x8000c630 (0xffc94683) x13 0x00000000 mem 0x80013e49
core   0: 0x8000c634 (0xfee90aa3) sb      a4, -11(s2)
core   0: 3 0x8000c634 (0xfee90aa3) mem 0x80013e42 0x1d
core   0: 0x8000c638 (0x00f95c83) lhu     s9, 15(s2)
core   0: 3 0x8000c638 (0x00f95c83) x25 0x00000000 mem 0x80013e5c
core   0: 0x8000c63c (0xfcc74283) lbu     t0, -52(a4)
core   0: 3 0x8000c63c (0xfcc74283) x 5 0x00000000 mem 0x800129e9
core   0: 0x8000c640 (0x00690583) lb      a1, 6(s2)
core   0: 3 0x8000c640 (0x00690583) x11 0x00000000 mem 0x80013e53
core   0: 0x8000c644 (0xfff72283) lw      t0, -1(a4)
core   0: 3 0x8000c644 (0xfff72283) x 5 0x00000000 mem 0x80012a1c
core   0: 0x8000c648 (0xff700693) li      a3, -9
core   0: 3 0x8000c648 (0xff700693) x13 0xfffffff7
core   0: 0x8000c64c (0xf6c74713) xori    a4, a4, -148
core   0: 3 0x8000c64c (0xf6c74713) x14 0x7ffed571
core   0: 0x8000c650 (0x0196e3b3) or      t2, a3, s9
core   0: 3 0x8000c650 (0x0196e3b3) x 7 0xfffffff7
core   0: 0x8000c654 (0xfef00793) li      a5, -17
core   0: 3 0x8000c654 (0xfef00793) x15 0xffffffef
core   0: 0x8000c658 (0x6609da37) lui     s4, 0x6609d
core   0: 3 0x8000c658 (0x6609da37) x20 0x6609d000
core   0: 0x8000c65c (0xea4bd337) lui     t1, 0xea4bd
core   0: 3 0x8000c65c (0xea4bd337) x 6 0xea4bd000
core   0: 0x8000c660 (0x0047cfb3) xor     t6, a5, tp
core   0: 3 0x8000c660 (0x0047cfb3) x31 0xffffffef
core   0: 0x8000c664 (0xb15e7413) andi    s0, t3, -1259
core   0: 3 0x8000c664 (0xb15e7413) x 8 0x00000000
core   0: 0x8000c668 (0x00000013) nop
core   0: 3 0x8000c668 (0x00000013)
core   0: 0x8000c66c (0x00492633) slt     a2, s2, tp
core   0: 3 0x8000c66c (0x00492633) x12 0x00000001
core   0: 0x8000c670 (0xff868693) addi    a3, a3, -8
core   0: 3 0x8000c670 (0xff868693) x13 0xffffffef
core   0: 0x8000c674 (0x01250a33) add     s4, a0, s2
core   0: 3 0x8000c674 (0x01250a33) x20 0x00020445
core   0: 0x8000c678 (0x79d025b7) lui     a1, 0x79d02
core   0: 3 0x8000c678 (0x79d025b7) x11 0x79d02000
core   0: 0x8000c67c (0x01396b33) or      s6, s2, s3
core   0: 3 0x8000c67c (0x01396b33) x22 0x80013e4d
core   0: 0x8000c680 (0x4077d633) sra     a2, a5, t2
core   0: 3 0x8000c680 (0x4077d633) x12 0xffffffff
core   0: 0x8000c684 (0x8a329597) auipc   a1, 0x8a329
core   0: 3 0x8000c684 (0x8a329597) x11 0x0a335684
core   0: 0x8000c688 (0x1ea5e593) ori     a1, a1, 490
core   0: 3 0x8000c688 (0x1ea5e593) x11 0x0a3357ee
core   0: 0x8000c68c (0x00642cb3) slt     s9, s0, t1
core   0: 3 0x8000c68c (0x00642cb3) x25 0x00000000
core   0: 0x8000c690 (0x00e89393) slli    t2, a7, 14
core   0: 3 0x8000c690 (0x00e89393) x 7 0xd0000000
core   0: 0x8000c694 (0x445d0f93) addi    t6, s10, 1093
core   0: 3 0x8000c694 (0x445d0f93) x31 0x00000445
core   0: 0x8000c698 (0x417ede93) srai    t4, t4, 23
core   0: 3 0x8000c698 (0x417ede93) x29 0xffffffff
core   0: 0x8000c69c (0x01995613) srli    a2, s2, 25
core   0: 3 0x8000c69c (0x01995613) x12 0x00000040
core   0: 0x8000c6a0 (0x60523b13) sltiu   s6, tp, 1541
core   0: 3 0x8000c6a0 (0x60523b13) x22 0x00000001
core   0: 0x8000c6a4 (0xfaf69ce3) bne     a3, a5, pc - 72
core   0: 3 0x8000c6a4 (0xfaf69ce3)
core   0: 0x8000c6a8 (0x41ced413) srai    s0, t4, 28
core   0: 3 0x8000c6a8 (0x41ced413) x 8 0xffffffff
core   0: 0x8000c6ac (0x00016717) auipc   a4, 0x16
core   0: 3 0x8000c6ac (0x00016717) x14 0x800226ac
core   0: 0x8000c6b0 (0x32470713) addi    a4, a4, 804
core   0: 3 0x8000c6b0 (0x32470713) x14 0x800229d0
core   0: 0x8000c6b4 (0xc2e74803) lbu     a6, -978(a4)
core   0: 3 0x8000c6b4 (0xc2e74803) x16 0x00000000 mem 0x800225fe
core   0: 0x8000c6b8 (0xe9f74803) lbu     a6, -353(a4)
core   0: 3 0x8000c6b8 (0xe9f74803) x16 0x00000000 mem 0x8002286f
core   0: 0x8000c6bc (0x28d70ea3) sb      a3, 669(a4)
core   0: 3 0x8000c6bc (0x28d70ea3) mem 0x80022c6d 0xef
core   0: 0x8000c6c0 (0x00420833) add     a6, tp, tp
core   0: 3 0x8000c6c0 (0x00420833) x16 0x00000000
core   0: 0x8000c6c4 (0x4017d813) srai    a6, a5, 1
core   0: 3 0x8000c6c4 (0x4017d813) x16 0xfffffff7
core   0: 0x8000c6c8 (0x6986cf13) xori    t5, a3, 1688
core   0: 3 0x8000c6c8 (0x6986cf13) x30 0xfffff977
core   0: 0x8000c6cc (0x53770803) lb      a6, 1335(a4)
core   0: 3 0x8000c6cc (0x53770803) x16 0x00000000 mem 0x80022f07
core   0: 0x8000c6d0 (0x43df3693) sltiu   a3, t5, 1085
core   0: 3 0x8000c6d0 (0x43df3693) x13 0x00000000
core   0: 0x8000c6d4 (0xfd670d23) sb      s6, -38(a4)
core   0: 3 0x8000c6d4 (0xfd670d23) mem 0x800229aa 0x1
core   0: 0x8000c6d8 (0xc2374203) lbu     tp, -989(a4)
core   0: 3 0x8000c6d8 (0xc2374203) x 4 0x00000000 mem 0x800225f3
core   0: 0x8000c6dc (0xa2370f03) lb      t5, -1501(a4)
core   0: 3 0x8000c6dc (0xa2370f03) x30 0x00000000 mem 0x800223f3
core   0: 0x8000c6e0 (0x0167a233) slt     tp, a5, s6
core   0: 3 0x8000c6e0 (0x0167a233) x 4 0x00000001
core   0: 0x8000c6e4 (0x01e807b3) add     a5, a6, t5
core   0: 3 0x8000c6e4 (0x01e807b3) x15 0x00000000
core   0: 0x8000c6e8 (0x00f69833) sll     a6, a3, a5
core   0: 3 0x8000c6e8 (0x00f69833) x16 0x00000000
core   0: 0x8000c6ec (0x2c675683) lhu     a3, 710(a4)
core   0: 3 0x8000c6ec (0x2c675683) x13 0x00000000 mem 0x80022c96
core   0: 0x8000c6f0 (0x0ff0000f) fence   iorw,iorw
core   0: 3 0x8000c6f0 (0x0ff0000f)
core   0: 0x8000c6f4 (0x86b74803) lbu     a6, -1941(a4)
core   0: 3 0x8000c6f4 (0x86b74803) x16 0x00000000 mem 0x8002223b
core   0: 0x8000c6f8 (0x00c25813) srli    a6, tp, 12
core   0: 3 0x8000c6f8 (0x00c25813) x16 0x00000000
core   0: 0x8000c6fc (0xe2f70da3) sb      a5, -453(a4)
core   0: 3 0x8000c6fc (0xe2f70da3) mem 0x8002280b 0x0
core   0: 0x8000c700 (0x36f704a3) sb      a5, 873(a4)
core   0: 3 0x8000c700 (0x36f704a3) mem 0x80022d39 0x0
core   0: 0x8000c704 (0xe0570803) lb      a6, -507(a4)
core   0: 3 0x8000c704 (0xe0570803) x16 0x00000000 mem 0x800227d5
core   0: 0x8000c708 (0xf8c75803) lhu     a6, -116(a4)
core   0: 3 0x8000c708 (0xf8c75803) x16 0x00000000 mem 0x8002295c
core   0: 0x8000c70c (0x0ff0000f) fence   iorw,iorw
core   0: 3 0x8000c70c (0x0ff0000f)
core   0: 0x8000c710 (0x8ef704a3) sb      a5, -1815(a4)
core   0: 3 0x8000c710 (0x8ef704a3) mem 0x800222b9 0x0
core   0: 0x8000c714 (0x35974683) lbu     a3, 857(a4)
core   0: 3 0x8000c714 (0x35974683) x13 0x00000000 mem 0x80022d29
core   0: 0x8000c718 (0x78826793) ori     a5, tp, 1928
core   0: 3 0x8000c718 (0x78826793) x15 0x00000789
core   0: 0x8000c71c (0xd3071c23) sh      a6, -712(a4)
core   0: 3 0x8000c71c (0xd3071c23) mem 0x80022708 0x0000
core   0: 0x8000c720 (0x97c78693) addi    a3, a5, -1668
core   0: 3 0x8000c720 (0x97c78693) x13 0x00000105
core   0: 0x8000c724 (0x14475203) lhu     tp, 324(a4)
core   0: 3 0x8000c724 (0x14475203) x 4 0x00000000 mem 0x80022b14
core   0: 0x8000c728 (0x97075803) lhu     a6, -1680(a4)
core   0: 3 0x8000c728 (0x97075803) x16 0x00000000 mem 0x80022340
core   0: 0x8000c72c (0x00006117) auipc   sp, 0x6
core   0: 3 0x8000c72c (0x00006117) x 2 0x8001272c
core   0: 0x8000c730 (0x1b210113) addi    sp, sp, 434
core   0: 3 0x8000c730 (0x1b210113) x 2 0x800128de
core   0: 0x8000c734 (0x53810e23) sb      s8, 1340(sp)
core   0: 3 0x8000c734 (0x53810e23) mem 0x80012e1a 0xa4
core   0: 0x8000c738 (0x93514883) lbu     a7, -1739(sp)
core   0: 3 0x8000c738 (0x93514883) x17 0x00000000 mem 0x80012213
core   0: 0x8000c73c (0xf0414583) lbu     a1, -252(sp)
core   0: 3 0x8000c73c (0xf0414583) x11 0x00000000 mem 0x800127e2
core   0: 0x8000c740 (0x06314183) lbu     gp, 99(sp)
core   0: 3 0x8000c740 (0x06314183) x 3 0x00000000 mem 0x80012941
core   0: 0x8000c744 (0x5ae14f83) lbu     t6, 1454(sp)
core   0: 3 0x8000c744 (0x5ae14f83) x31 0x00000000 mem 0x80012e8c
core   0: 0x8000c748 (0xf0914803) lbu     a6, -247(sp)
core   0: 3 0x8000c748 (0xf0914803) x16 0x00000000 mem 0x800127e7
core   0: 0x8000c74c (0x2e5105a3) sb      t0, 747(sp)
core   0: 3 0x8000c74c (0x2e5105a3) mem 0x80012bc9 0x0
core   0: 0x8000c750 (0x22110083) lb      ra, 545(sp)
core   0: 3 0x8000c750 (0x22110083) x 1 0x00000000 mem 0x80012aff
core   0: 0x8000c754 (0x42610883) lb      a7, 1062(sp)
core   0: 3 0x8000c754 (0x42610883) x17 0x00000000 mem 0x80012d04
core   0: 0x8000c758 (0x00ed6533) or      a0, s10, a4
core   0: 3 0x8000c758 (0x00ed6533) x10 0x800229d0
core   0: 0x8000c75c (0x41ec8633) sub     a2, s9, t5
core   0: 3 0x8000c75c (0x41ec8633) x12 0x00000000
core   0: 0x8000c760 (0x35d10403) lb      s0, 861(sp)
core   0: 3 0x8000c760 (0x35d10403) x 8 0x00000000 mem 0x80012c3b
core   0: 0x8000c764 (0x0000100f) fence.i
core   0: 3 0x8000c764 (0x0000100f)
core   0: 0x8000c768 (0xf5111623) sh      a7, -180(sp)
core   0: 3 0x8000c768 (0xf5111623) mem 0x8001282a 0x0000
core   0: 0x8000c76c (0x3b211623) sh      s2, 940(sp)
core   0: 3 0x8000c76c (0x3b211623) mem 0x80012c8a 0x3e4d
core   0: 0x8000c770 (0xd7311723) sh      s3, -658(sp)
core   0: 3 0x8000c770 (0xd7311723) mem 0x8001264c 0x0000
core   0: 0x8000c774 (0x015b4db3) xor     s11, s6, s5
core   0: 3 0x8000c774 (0x015b4db3) x27 0xfdb012ba
core   0: 0x8000c778 (0x9a510983) lb      s3, -1627(sp)
core   0: 3 0x8000c778 (0x9a510983) x19 0x00000000 mem 0x80012283
core   0: 0x8000c77c (0xefb14b03) lbu     s6, -261(sp)
core   0: 3 0x8000c77c (0xefb14b03) x22 0x00000000 mem 0x800127d9
core   0: 0x8000c780 (0xb4b101a3) sb      a1, -1213(sp)
core   0: 3 0x8000c780 (0xb4b101a3) mem 0x80012421 0x0
core   0: 0x8000c784 (0x189dadb7) lui     s11, 0x189da
core   0: 3 0x8000c784 (0x189dadb7) x27 0x189da000
core   0: 0x8000c788 (0xa0015e03) lhu     t3, -1536(sp)
core   0: 3 0x8000c788 (0xa0015e03) x28 0x00000000 mem 0x800122de
core   0: 0x8000c78c (0x50ea2797) auipc   a5, 0x50ea2
core   0: 3 0x8000c78c (0x50ea2797) x15 0xd0eae78c
core   0: 0x8000c790 (0x84510883) lb      a7, -1979(sp)
core   0: 3 0x8000c790 (0x84510883) x17 0x00000000 mem 0x80012123
core   0: 0x8000c794 (0xefb11c23) sh      s11, -264(sp)
core   0: 3 0x8000c794 (0xefb11c23) mem 0x800127d6 0xa000
core   0: 0x8000c798 (0x4f110983) lb      s3, 1265(sp)
core   0: 3 0x8000c798 (0x4f110983) x19 0x00000000 mem 0x80012dcf
core   0: 0x8000c79c (0x02411383) lh      t2, 36(sp)
core   0: 3 0x8000c79c (0x02411383) x 7 0x00000000 mem 0x80012902
core   0: 0x8000c7a0 (0x92514883) lbu     a7, -1755(sp)
core   0: 3 0x8000c7a0 (0x92514883) x17 0x00000000 mem 0x80012203
core   0: 0x8000c7a4 (0xad6102a3) sb      s6, -1339(sp)
core   0: 3 0x8000c7a4 (0xad6102a3) mem 0x800123a3 0x0
core   0: 0x8000c7a8 (0xa07a0c93) addi    s9, s4, -1529
core   0: 3 0x8000c7a8 (0xa07a0c93) x25 0x0001fe4c
core   0: 0x8000c7ac (0x00b90cb3) add     s9, s2, a1
core   0: 3 0x8000c7ac (0x00b90cb3) x25 0x80013e4d
core   0: 0x8000c7b0 (0x83b11f23) sh      s11, -1986(sp)
core   0: 3 0x8000c7b0 (0x83b11f23) mem 0x8001211c 0xa000
core   0: 0x8000c7b4 (0xc5211e03) lh      t3, -942(sp)
core   0: 3 0x8000c7b4 (0xc5211e03) x28 0x00000000 mem 0x80012530
core   0: 0x8000c7b8 (0xfecbdd97) auipc   s11, 0xfecbd
core   0: 3 0x8000c7b8 (0xfecbdd97) x27 0x7ecc97b8
core   0: 0x8000c7bc (0xc4714003) lbu     zero, -953(sp)
core   0: 3 0x8000c7bc (0xc4714003) mem 0x80012525
core   0: 0x8000c7c0 (0x50f14f03) lbu     t5, 1295(sp)
core   0: 3 0x8000c7c0 (0x50f14f03) x30 0x00000000 mem 0x80012ded
core   0: 0x8000c7c4 (0x00cc1933) sll     s2, s8, a2
core   0: 3 0x8000c7c4 (0x00cc1933) x18 0x8000c5a4
core   0: 0x8000c7c8 (0xf4552913) slti    s2, a0, -187
core   0: 3 0x8000c7c8 (0xf4552913) x18 0x00000001
core   0: 0x8000c7cc (0x0db10c03) lb      s8, 219(sp)
core   0: 3 0x8000c7cc (0x0db10c03) x24 0x00000000 mem 0x800129b9
core   0: 0x8000c7d0 (0x00681813) slli    a6, a6, 6
core   0: 3 0x8000c7d0 (0x00681813) x16 0x00000000
core   0: 0x8000c7d4 (0x65110183) lb      gp, 1617(sp)
core   0: 3 0x8000c7d4 (0x65110183) x 3 0x00000000 mem 0x80012f2f
core   0: 0x8000c7d8 (0xffa00313) li      t1, -6
core   0: 3 0x8000c7d8 (0xffa00313) x 6 0xfffffffa
core   0: 0x8000c7dc (0xf5f4c393) xori    t2, s1, -161
core   0: 3 0x8000c7dc (0xf5f4c393) x 7 0x7ffd43bb
core   0: 0x8000c7e0 (0x405658b3) sra     a7, a2, t0
core   0: 3 0x8000c7e0 (0x405658b3) x17 0x00000000
core   0: 0x8000c7e4 (0x4014df13) srai    t5, s1, 1
core   0: 3 0x8000c7e4 (0x4014df13) x30 0xc0015e72
core   0: 0x8000c7e8 (0xff200713) li      a4, -14
core   0: 3 0x8000c7e8 (0xff200713) x14 0xfffffff2
core   0: 0x8000c7ec (0x2eca0413) addi    s0, s4, 748
core   0: 3 0x8000c7ec (0x2eca0413) x 8 0x00020731
core   0: 0x8000c7f0 (0x000c83b3) add     t2, s9, zero
core   0: 3 0x8000c7f0 (0x000c83b3) x 7 0x80013e4d
core   0: 0x8000c7f4 (0xff830313) addi    t1, t1, -8
core   0: 3 0x8000c7f4 (0xff830313) x 6 0xfffffff2
core   0: 0x8000c7f8 (0x00e21d13) slli    s10, tp, 14
core   0: 3 0x8000c7f8 (0x00e21d13) x26 0x00000000
core   0: 0x8000c7fc (0x00300d93) li      s11, 3
core   0: 3 0x8000c7fc (0x00300d93) x27 0x00000003
core   0: 0x8000c800 (0x01400793) li      a5, 20
core   0: 3 0x8000c800 (0x01400793) x15 0x00000014
core   0: 0x8000c804 (0x00191133) sll     sp, s2, ra
core   0: 3 0x8000c804 (0x00191133) x 2 0x00000001
core   0: 0x8000c808 (0x5c2b3c93) sltiu   s9, s6, 1474
core   0: 3 0x8000c808 (0x5c2b3c93) x25 0x00000001
core   0: 0x8000c80c (0x01469993) slli    s3, a3, 20
core   0: 3 0x8000c80c (0x01469993) x19 0x10500000
core   0: 0x8000c810 (0x004d8d93) addi    s11, s11, 4
core   0: 3 0x8000c810 (0x004d8d93) x27 0x00000007
core   0: 0x8000c814 (0x401dd113) srai    sp, s11, 1
core   0: 3 0x8000c814 (0x401dd113) x 2 0x00000003
core   0: 0x8000c818 (0xfefde8e3) bltu    s11, a5, pc - 16
core   0: 3 0x8000c818 (0xfefde8e3)
core   0: 0x8000c808 (0x5c2b3c93) sltiu   s9, s6, 1474
core   0: 3 0x8000c808 (0x5c2b3c93) x25 0x00000001
core   0: 0x8000c80c (0x01469993) slli    s3, a3, 20
core   0: 3 0x8000c80c (0x01469993) x19 0x10500000
core   0: 0x8000c810 (0x004d8d93) addi    s11, s11, 4
core   0: 3 0x8000c810 (0x004d8d93) x27 0x0000000b
core   0: 0x8000c814 (0x401dd113) srai    sp, s11, 1
core   0: 3 0x8000c814 (0x401dd113) x 2 0x00000005
core   0: 0x8000c818 (0xfefde8e3) bltu    s11, a5, pc - 16
core   0: 3 0x8000c818 (0xfefde8e3)
core   0: 0x8000c808 (0x5c2b3c93) sltiu   s9, s6, 1474
core   0: 3 0x8000c808 (0x5c2b3c93) x25 0x00000001
core   0: 0x8000c80c (0x01469993) slli    s3, a3, 20
core   0: 3 0x8000c80c (0x01469993) x19 0x10500000
core   0: 0x8000c810 (0x004d8d93) addi    s11, s11, 4
core   0: 3 0x8000c810 (0x004d8d93) x27 0x0000000f
core   0: 0x8000c814 (0x401dd113) srai    sp, s11, 1
core   0: 3 0x8000c814 (0x401dd113) x 2 0x00000007
core   0: 0x8000c818 (0xfefde8e3) bltu    s11, a5, pc - 16
core   0: 3 0x8000c818 (0xfefde8e3)
core   0: 0x8000c808 (0x5c2b3c93) sltiu   s9, s6, 1474
core   0: 3 0x8000c808 (0x5c2b3c93) x25 0x00000001
core   0: 0x8000c80c (0x01469993) slli    s3, a3, 20
core   0: 3 0x8000c80c (0x01469993) x19 0x10500000
core   0: 0x8000c810 (0x004d8d93) addi    s11, s11, 4
core   0: 3 0x8000c810 (0x004d8d93) x27 0x00000013
core   0: 0x8000c814 (0x401dd113) srai    sp, s11, 1
core   0: 3 0x8000c814 (0x401dd113) x 2 0x00000009
core   0: 0x8000c818 (0xfefde8e3) bltu    s11, a5, pc - 16
core   0: 3 0x8000c818 (0xfefde8e3)
core   0: 0x8000c808 (0x5c2b3c93) sltiu   s9, s6, 1474
core   0: 3 0x8000c808 (0x5c2b3c93) x25 0x00000001
core   0: 0x8000c80c (0x01469993) slli    s3, a3, 20
core   0: 3 0x8000c80c (0x01469993) x19 0x10500000
core   0: 0x8000c810 (0x004d8d93) addi    s11, s11, 4
core   0: 3 0x8000c810 (0x004d8d93) x27 0x00000017
core   0: 0x8000c814 (0x401dd113) srai    sp, s11, 1
core   0: 3 0x8000c814 (0x401dd113) x 2 0x0000000b
core   0: 0x8000c818 (0xfefde8e3) bltu    s11, a5, pc - 16
core   0: 3 0x8000c818 (0xfefde8e3)
core   0: 0x8000c81c (0x00186533) or      a0, a6, ra
core   0: 3 0x8000c81c (0x00186533) x10 0x00000000
core   0: 0x8000c820 (0x37073393) sltiu   t2, a4, 880
core   0: 3 0x8000c820 (0x37073393) x 7 0x00000000
core   0: 0x8000c824 (0x00000013) nop
core   0: 3 0x8000c824 (0x00000013)
core   0: 0x8000c828 (0x7ca8ab13) slti    s6, a7, 1994
core   0: 3 0x8000c828 (0x7ca8ab13) x22 0x00000001
core   0: 0x8000c82c (0xfce300e3) beq     t1, a4, pc - 64
core   0: 3 0x8000c82c (0xfce300e3)
core   0: 0x8000c7ec (0x2eca0413) addi    s0, s4, 748
core   0: 3 0x8000c7ec (0x2eca0413) x 8 0x00020731
core   0: 0x8000c7f0 (0x000c83b3) add     t2, s9, zero
core   0: 3 0x8000c7f0 (0x000c83b3) x 7 0x00000001
core   0: 0x8000c7f4 (0xff830313) addi    t1, t1, -8
core   0: 3 0x8000c7f4 (0xff830313) x 6 0xffffffea
core   0: 0x8000c7f8 (0x00e21d13) slli    s10, tp, 14
core   0: 3 0x8000c7f8 (0x00e21d13) x26 0x00000000
core   0: 0x8000c7fc (0x00300d93) li      s11, 3
core   0: 3 0x8000c7fc (0x00300d93) x27 0x00000003
core   0: 0x8000c800 (0x01400793) li      a5, 20
core   0: 3 0x8000c800 (0x01400793) x15 0x00000014
core   0: 0x8000c804 (0x00191133) sll     sp, s2, ra
core   0: 3 0x8000c804 (0x00191133) x 2 0x00000001
core   0: 0x8000c808 (0x5c2b3c93) sltiu   s9, s6, 1474
core   0: 3 0x8000c808 (0x5c2b3c93) x25 0x00000001
core   0: 0x8000c80c (0x01469993) slli    s3, a3, 20
core   0: 3 0x8000c80c (0x01469993) x19 0x10500000
core   0: 0x8000c810 (0x004d8d93) addi    s11, s11, 4
core   0: 3 0x8000c810 (0x004d8d93) x27 0x00000007
core   0: 0x8000c814 (0x401dd113) srai    sp, s11, 1
core   0: 3 0x8000c814 (0x401dd113) x 2 0x00000003
core   0: 0x8000c818 (0xfefde8e3) bltu    s11, a5, pc - 16
core   0: 3 0x8000c818 (0xfefde8e3)
core   0: 0x8000c808 (0x5c2b3c93) sltiu   s9, s6, 1474
core   0: 3 0x8000c808 (0x5c2b3c93) x25 0x00000001
core   0: 0x8000c80c (0x01469993) slli    s3, a3, 20
core   0: 3 0x8000c80c (0x01469993) x19 0x10500000
core   0: 0x8000c810 (0x004d8d93) addi    s11, s11, 4
core   0: 3 0x8000c810 (0x004d8d93) x27 0x0000000b
core   0: 0x8000c814 (0x401dd113) srai    sp, s11, 1
core   0: 3 0x8000c814 (0x401dd113) x 2 0x00000005
core   0: 0x8000c818 (0xfefde8e3) bltu    s11, a5, pc - 16
core   0: 3 0x8000c818 (0xfefde8e3)
core   0: 0x8000c808 (0x5c2b3c93) sltiu   s9, s6, 1474
core   0: 3 0x8000c808 (0x5c2b3c93) x25 0x00000001
core   0: 0x8000c80c (0x01469993) slli    s3, a3, 20
core   0: 3 0x8000c80c (0x01469993) x19 0x10500000
core   0: 0x8000c810 (0x004d8d93) addi    s11, s11, 4
core   0: 3 0x8000c810 (0x004d8d93) x27 0x0000000f
core   0: 0x8000c814 (0x401dd113) srai    sp, s11, 1
core   0: 3 0x8000c814 (0x401dd113) x 2 0x00000007
core   0: 0x8000c818 (0xfefde8e3) bltu    s11, a5, pc - 16
core   0: 3 0x8000c818 (0xfefde8e3)
core   0: 0x8000c808 (0x5c2b3c93) sltiu   s9, s6, 1474
core   0: 3 0x8000c808 (0x5c2b3c93) x25 0x00000001
core   0: 0x8000c80c (0x01469993) slli    s3, a3, 20
core   0: 3 0x8000c80c (0x01469993) x19 0x10500000
core   0: 0x8000c810 (0x004d8d93) addi    s11, s11, 4
core   0: 3 0x8000c810 (0x004d8d93) x27 0x00000013
core   0: 0x8000c814 (0x401dd113) srai    sp, s11, 1
core   0: 3 0x8000c814 (0x401dd113) x 2 0x00000009
core   0: 0x8000c818 (0xfefde8e3) bltu    s11, a5, pc - 16
core   0: 3 0x8000c818 (0xfefde8e3)
core   0: 0x8000c808 (0x5c2b3c93) sltiu   s9, s6, 1474
core   0: 3 0x8000c808 (0x5c2b3c93) x25 0x00000001
core   0: 0x8000c80c (0x01469993) slli    s3, a3, 20
core   0: 3 0x8000c80c (0x01469993) x19 0x10500000
core   0: 0x8000c810 (0x004d8d93) addi    s11, s11, 4
core   0: 3 0x8000c810 (0x004d8d93) x27 0x00000017
core   0: 0x8000c814 (0x401dd113) srai    sp, s11, 1
core   0: 3 0x8000c814 (0x401dd113) x 2 0x0000000b
core   0: 0x8000c818 (0xfefde8e3) bltu    s11, a5, pc - 16
core   0: 3 0x8000c818 (0xfefde8e3)
core   0: 0x8000c81c (0x00186533) or      a0, a6, ra
core   0: 3 0x8000c81c (0x00186533) x10 0x00000000
core   0: 0x8000c820 (0x37073393) sltiu   t2, a4, 880
core   0: 3 0x8000c820 (0x37073393) x 7 0x00000000
core   0: 0x8000c824 (0x00000013) nop
core   0: 3 0x8000c824 (0x00000013)
core   0: 0x8000c828 (0x7ca8ab13) slti    s6, a7, 1994
core   0: 3 0x8000c828 (0x7ca8ab13) x22 0x00000001
core   0: 0x8000c82c (0xfce300e3) beq     t1, a4, pc - 64
core   0: 3 0x8000c82c (0xfce300e3)
core   0: 0x8000c830 (0x400385b3) sub     a1, t2, zero
core   0: 3 0x8000c830 (0x400385b3) x11 0x00000000
core   0: 0x8000c834 (0x00a00793) li      a5, 10
core   0: 3 0x8000c834 (0x00a00793) x15 0x0000000a
core   0: 0x8000c838 (0x00a00613) li      a2, 10
core   0: 3 0x8000c838 (0x00a00613) x12 0x0000000a
core   0: 0x8000c83c (0x00415eb3) srl     t4, sp, tp
core   0: 3 0x8000c83c (0x00415eb3) x29 0x0000000b
core   0: 0x8000c840 (0x00000013) nop
core   0: 3 0x8000c840 (0x00000013)
core   0: 0x8000c844 (0x80194893) xori    a7, s2, -2047
core   0: 3 0x8000c844 (0x80194893) x17 0xfffff800
core   0: 0x8000c848 (0x0000100f) fence.i
core   0: 3 0x8000c848 (0x0000100f)
core   0: 0x8000c84c (0x00d57933) and     s2, a0, a3
core   0: 3 0x8000c84c (0x00d57933) x18 0x00000000
core   0: 0x8000c850 (0x00e45713) srli    a4, s0, 14
core   0: 3 0x8000c850 (0x00e45713) x14 0x00000008
core   0: 0x8000c854 (0x2f212313) slti    t1, sp, 754
core   0: 3 0x8000c854 (0x2f212313) x 6 0x00000001
core   0: 0x8000c858 (0x01ffdf13) srli    t5, t6, 31
core   0: 3 0x8000c858 (0x01ffdf13) x30 0x00000000
core   0: 0x8000c85c (0xff778793) addi    a5, a5, -9
core   0: 3 0x8000c85c (0xff778793) x15 0x00000001
core   0: 0x8000c860 (0x00247333) and     t1, s0, sp
core   0: 3 0x8000c860 (0x00247333) x 6 0x00000001
core   0: 0x8000c864 (0x0029ca33) xor     s4, s3, sp
core   0: 3 0x8000c864 (0x0029ca33) x20 0x1050000b
core   0: 0x8000c868 (0x40a18933) sub     s2, gp, a0
core   0: 3 0x8000c868 (0x40a18933) x18 0x00000000
core   0: 0x8000c86c (0x01995933) srl     s2, s2, s9
core   0: 3 0x8000c86c (0x01995933) x18 0x00000000
core   0: 0x8000c870 (0x01bdf033) and     zero, s11, s11
core   0: 3 0x8000c870 (0x01bdf033)
core   0: 0x8000c874 (0x00700f93) li      t6, 7
core   0: 3 0x8000c874 (0x00700f93) x31 0x00000007
core   0: 0x8000c878 (0x00e39b33) sll     s6, t2, a4
core   0: 3 0x8000c878 (0x00e39b33) x22 0x00000000
core   0: 0x8000c87c (0x019a76b3) and     a3, s4, s9
core   0: 3 0x8000c87c (0x019a76b3) x13 0x00000001
core   0: 0x8000c880 (0x5c4c3893) sltiu   a7, s8, 1476
core   0: 3 0x8000c880 (0x5c4c3893) x17 0x00000001
core   0: 0x8000c884 (0x0179cf33) xor     t5, s3, s7
core   0: 3 0x8000c884 (0x0179cf33) x30 0x90527e48
core   0: 0x8000c888 (0xfee00813) li      a6, -18
core   0: 3 0x8000c888 (0xfee00813) x16 0xffffffee
core   0: 0x8000c88c (0x52278237) lui     tp, 0x52278
core   0: 3 0x8000c88c (0x52278237) x 4 0x52278000
core   0: 0x8000c890 (0x012f08b3) add     a7, t5, s2
core   0: 3 0x8000c890 (0x012f08b3) x17 0x90527e48
core   0: 0x8000c894 (0x0153e933) or      s2, t2, s5
core   0: 3 0x8000c894 (0x0153e933) x18 0xfdb012bb
core   0: 0x8000c898 (0x41705b13) srai    s6, zero, 23
core   0: 3 0x8000c898 (0x41705b13) x22 0x00000000
core   0: 0x8000c89c (0x40665db3) sra     s11, a2, t1
core   0: 3 0x8000c89c (0x40665db3) x27 0x00000005
core   0: 0x8000c8a0 (0x013ce733) or      a4, s9, s3
core   0: 3 0x8000c8a0 (0x013ce733) x14 0x10500001
core   0: 0x8000c8a4 (0x00dfab33) slt     s6, t6, a3
core   0: 3 0x8000c8a4 (0x00dfab33) x22 0x00000000
core   0: 0x8000c8a8 (0xbd43f593) andi    a1, t2, -1068
core   0: 3 0x8000c8a8 (0xbd43f593) x11 0x00000000
core   0: 0x8000c8ac (0xff6f8f93) addi    t6, t6, -10
core   0: 3 0x8000c8ac (0xff6f8f93) x31 0xfffffffd
core   0: 0x8000c8b0 (0xff0fd2e3) bge     t6, a6, pc - 28
core   0: 3 0x8000c8b0 (0xff0fd2e3)
core   0: 0x8000c894 (0x0153e933) or      s2, t2, s5
core   0: 3 0x8000c894 (0x0153e933) x18 0xfdb012bb
core   0: 0x8000c898 (0x41705b13) srai    s6, zero, 23
core   0: 3 0x8000c898 (0x41705b13) x22 0x00000000
core   0: 0x8000c89c (0x40665db3) sra     s11, a2, t1
core   0: 3 0x8000c89c (0x40665db3) x27 0x00000005
core   0: 0x8000c8a0 (0x013ce733) or      a4, s9, s3
core   0: 3 0x8000c8a0 (0x013ce733) x14 0x10500001
core   0: 0x8000c8a4 (0x00dfab33) slt     s6, t6, a3
core   0: 3 0x8000c8a4 (0x00dfab33) x22 0x00000001
core   0: 0x8000c8a8 (0xbd43f593) andi    a1, t2, -1068
core   0: 3 0x8000c8a8 (0xbd43f593) x11 0x00000000
core   0: 0x8000c8ac (0xff6f8f93) addi    t6, t6, -10
core   0: 3 0x8000c8ac (0xff6f8f93) x31 0xfffffff3
core   0: 0x8000c8b0 (0xff0fd2e3) bge     t6, a6, pc - 28
core   0: 3 0x8000c8b0 (0xff0fd2e3)
core   0: 0x8000c894 (0x0153e933) or      s2, t2, s5
core   0: 3 0x8000c894 (0x0153e933) x18 0xfdb012bb
core   0: 0x8000c898 (0x41705b13) srai    s6, zero, 23
core   0: 3 0x8000c898 (0x41705b13) x22 0x00000000
core   0: 0x8000c89c (0x40665db3) sra     s11, a2, t1
core   0: 3 0x8000c89c (0x40665db3) x27 0x00000005
core   0: 0x8000c8a0 (0x013ce733) or      a4, s9, s3
core   0: 3 0x8000c8a0 (0x013ce733) x14 0x10500001
core   0: 0x8000c8a4 (0x00dfab33) slt     s6, t6, a3
core   0: 3 0x8000c8a4 (0x00dfab33) x22 0x00000001
core   0: 0x8000c8a8 (0xbd43f593) andi    a1, t2, -1068
core   0: 3 0x8000c8a8 (0xbd43f593) x11 0x00000000
core   0: 0x8000c8ac (0xff6f8f93) addi    t6, t6, -10
core   0: 3 0x8000c8ac (0xff6f8f93) x31 0xffffffe9
core   0: 0x8000c8b0 (0xff0fd2e3) bge     t6, a6, pc - 28
core   0: 3 0x8000c8b0 (0xff0fd2e3)
core   0: 0x8000c8b4 (0x40a20d33) sub     s10, tp, a0
core   0: 3 0x8000c8b4 (0x40a20d33) x26 0x52278000
core   0: 0x8000c8b8 (0xf8c7f6e3) bgeu    a5, a2, pc - 116
core   0: 3 0x8000c8b8 (0xf8c7f6e3)
core   0: 0x8000c8bc (0x01720233) add     tp, tp, s7
core   0: 3 0x8000c8bc (0x01720233) x 4 0xd229fe48
core   0: 0x8000c8c0 (0x00008417) auipc   s0, 0x8
core   0: 3 0x8000c8c0 (0x00008417) x 8 0x800148c0
core   0: 0x8000c8c4 (0x0fa40413) addi    s0, s0, 250
core   0: 3 0x8000c8c4 (0x0fa40413) x 8 0x800149ba
core   0: 0x8000c8c8 (0x00006317) auipc   t1, 0x6
core   0: 3 0x8000c8c8 (0x00006317) x 6 0x800128c8
core   0: 0x8000c8cc (0x98130313) addi    t1, t1, -1663
core   0: 3 0x8000c8cc (0x98130313) x 6 0x80012249
core   0: 0x8000c8d0 (0x05e40423) sb      t5, 72(s0)
core   0: 3 0x8000c8d0 (0x05e40423) mem 0x80014a02 0x48
core   0: 0x8000c8d4 (0x67a30223) sb      s10, 1636(t1)
core   0: 3 0x8000c8d4 (0x67a30223) mem 0x800128ad 0x0
core   0: 0x8000c8d8 (0x08a45703) lhu     a4, 138(s0)
core   0: 3 0x8000c8d8 (0x08a45703) x14 0x00000000 mem 0x80014a44
core   0: 0x8000c8dc (0xe1a30603) lb      a2, -486(t1)
core   0: 3 0x8000c8dc (0xe1a30603) x12 0x00000000 mem 0x80012063
core   0: 0x8000c8e0 (0xfec41283) lh      t0, -20(s0)
core   0: 3 0x8000c8e0 (0xfec41283) x 5 0x00000000 mem 0x800149a6
core   0: 0x8000c8e4 (0xfdd35a03) lhu     s4, -35(t1)
core   0: 3 0x8000c8e4 (0xfdd35a03) x20 0x00000000 mem 0x80012226
core   0: 0x8000c8e8 (0x07230023) sb      s2, 96(t1)
core   0: 3 0x8000c8e8 (0x07230023) mem 0x800122a9 0xbb
core   0: 0x8000c8ec (0x0ce405a3) sb      a4, 203(s0)
core   0: 3 0x8000c8ec (0x0ce405a3) mem 0x80014a85 0x0
core   0: 0x8000c8f0 (0x03144183) lbu     gp, 49(s0)
core   0: 3 0x8000c8f0 (0x03144183) x 3 0x00000000 mem 0x800149eb
core   0: 0x8000c8f4 (0x41130a23) sb      a7, 1044(t1)
core   0: 3 0x8000c8f4 (0x41130a23) mem 0x8001265d 0x48
core   0: 0x8000c8f8 (0x15230723) sb      s2, 334(t1)
core   0: 3 0x8000c8f8 (0x15230723) mem 0x80012397 0xbb
core   0: 0x8000c8fc (0x13d325a3) sw      t4, 299(t1)
core   0: 3 0x8000c8fc (0x13d325a3) mem 0x80012374 0x0000000b
core   0: 0x8000c900 (0x0b244f03) lbu     t5, 178(s0)
core   0: 3 0x8000c900 (0x0b244f03) x30 0x00000000 mem 0x80014a6c
core   0: 0x8000c904 (0x03445d83) lhu     s11, 52(s0)
core   0: 3 0x8000c904 (0x03445d83) x27 0x00000000 mem 0x800149ee
core   0: 0x8000c908 (0xed230ea3) sb      s2, -291(t1)
core   0: 3 0x8000c908 (0xed230ea3) mem 0x80012126 0xbb
core   0: 0x8000c90c (0xfaf407a3) sb      a5, -81(s0)
core   0: 3 0x8000c90c (0xfaf407a3) mem 0x80014969 0x1
core   0: 0x8000c910 (0xfcc40203) lb      tp, -52(s0)
core   0: 3 0x8000c910 (0xfcc40203) x 4 0x00000000 mem 0x80014986
core   0: 0x8000c914 (0xe3832da3) sw      s8, -453(t1)
core   0: 3 0x8000c914 (0xe3832da3) mem 0x80012084 0x00000000
core   0: 0x8000c918 (0x00006117) auipc   sp, 0x6
core   0: 3 0x8000c918 (0x00006117) x 2 0x80012918
core   0: 0x8000c91c (0xd0910113) addi    sp, sp, -759
core   0: 3 0x8000c91c (0xd0910113) x 2 0x80012621
core   0: 0x8000c920 (0x00eb67b3) or      a5, s6, a4
core   0: 3 0x8000c920 (0x00eb67b3) x15 0x00000001
core   0: 0x8000c924 (0x005b2733) slt     a4, s6, t0
core   0: 3 0x8000c924 (0x005b2733) x14 0x00000000
core   0: 0x8000c928 (0x013952b3) srl     t0, s2, s3
core   0: 3 0x8000c928 (0x013952b3) x 5 0xfdb012bb
core   0: 0x8000c92c (0x0000100f) fence.i
core   0: 3 0x8000c92c (0x0000100f)
core   0: 0x8000c930 (0x0000100f) fence.i
core   0: 3 0x8000c930 (0x0000100f)
core   0: 0x8000c934 (0xff3103a3) sb      s3, -25(sp)
core   0: 3 0x8000c934 (0xff3103a3) mem 0x80012608 0x0
core   0: 0x8000c938 (0x02614703) lbu     a4, 38(sp)
core   0: 3 0x8000c938 (0x02614703) x14 0x00000000 mem 0x80012647
core   0: 0x8000c93c (0x0127d9b3) srl     s3, a5, s2
core   0: 3 0x8000c93c (0x0127d9b3) x19 0x00000000
core   0: 0x8000c940 (0x00729793) slli    a5, t0, 7
core   0: 3 0x8000c940 (0x00729793) x15 0xd8095d80
core   0: 0x8000c944 (0x00f912b3) sll     t0, s2, a5
core   0: 3 0x8000c944 (0x00f912b3) x 5 0xfdb012bb
core   0: 0x8000c948 (0xfd310423) sb      s3, -56(sp)
core   0: 3 0x8000c948 (0xfd310423) mem 0x800125e9 0x0
core   0: 0x8000c94c (0xfff14703) lbu     a4, -1(sp)
core   0: 3 0x8000c94c (0xfff14703) x14 0x00000000 mem 0x80012620
core   0: 0x8000c950 (0xff3109a3) sb      s3, -13(sp)
core   0: 3 0x8000c950 (0xff3109a3) mem 0x80012614 0x0
core   0: 0x8000c954 (0xfe510f23) sb      t0, -2(sp)
core   0: 3 0x8000c954 (0xfe510f23) mem 0x8001261f 0xbb
core   0: 0x8000c958 (0xfdb11283) lh      t0, -37(sp)
core   0: 3 0x8000c958 (0xfdb11283) x 5 0x00000000 mem 0x800125fc
core   0: 0x8000c95c (0x91da29b7) lui     s3, 0x91da2
core   0: 3 0x8000c95c (0x91da29b7) x19 0x91da2000
core   0: 0x8000c960 (0x00fb69b3) or      s3, s6, a5
core   0: 3 0x8000c960 (0x00fb69b3) x19 0xd8095d81
core   0: 0x8000c964 (0xfe511ea3) sh      t0, -3(sp)
core   0: 3 0x8000c964 (0xfe511ea3) mem 0x8001261e 0x0000
core   0: 0x8000c968 (0x03911903) lh      s2, 57(sp)
core   0: 3 0x8000c968 (0x03911903) x18 0x00000000 mem 0x8001265a
core   0: 0x8000c96c (0x03610b23) sb      s6, 54(sp)
core   0: 3 0x8000c96c (0x03610b23) mem 0x80012657 0x1
core   0: 0x8000c970 (0xff610423) sb      s6, -24(sp)
core   0: 3 0x8000c970 (0xff610423) mem 0x80012609 0x1
core   0: 0x8000c974 (0x4052d9b3) sra     s3, t0, t0
core   0: 3 0x8000c974 (0x4052d9b3) x19 0x00000000
core   0: 0x8000c978 (0xfcc14283) lbu     t0, -52(sp)
core   0: 3 0x8000c978 (0xfcc14283) x 5 0x00000000 mem 0x800125ed
core   0: 0x8000c97c (0x00006f97) auipc   t6, 0x6
core   0: 3 0x8000c97c (0x00006f97) x31 0x8001297c
core   0: 0x8000c980 (0xe42f8f93) addi    t6, t6, -446
core   0: 3 0x8000c980 (0xe42f8f93) x31 0x800127be
core   0: 0x8000c984 (0xffcf8683) lb      a3, -4(t6)
core   0: 3 0x8000c984 (0xffcf8683) x13 0x00000001 mem 0x800127ba
core   0: 0x8000c988 (0xffcfd903) lhu     s2, -4(t6)
core   0: 3 0x8000c988 (0xffcfd903) x18 0x00000001 mem 0x800127ba
core   0: 0x8000c98c (0xfecf9e23) sh      a2, -4(t6)
core   0: 3 0x8000c98c (0xfecf9e23) mem 0x800127ba 0x0000
core   0: 0x8000c990 (0x2481e013) ori     zero, gp, 584
core   0: 3 0x8000c990 (0x2481e013)
core   0: 0x8000c994 (0xfe7f9e23) sh      t2, -4(t6)
core   0: 3 0x8000c994 (0xfe7f9e23) mem 0x800127ba 0x0000
core   0: 0x8000c998 (0xffcf9803) lh      a6, -4(t6)
core   0: 3 0x8000c998 (0xffcf9803) x16 0x00000000 mem 0x800127ba
core   0: 0x8000c99c (0xfe2f8e23) sb      sp, -4(t6)
core   0: 3 0x8000c99c (0xfe2f8e23) mem 0x800127ba 0x21
core   0: 0x8000c9a0 (0x41435293) srai    t0, t1, 20
core   0: 3 0x8000c9a0 (0x41435293) x 5 0xfffff800
core   0: 0x8000c9a4 (0xffcf9d03) lh      s10, -4(t6)
core   0: 3 0x8000c9a4 (0xffcf9d03) x26 0x00000021 mem 0x800127ba
core   0: 0x8000c9a8 (0xffcf9383) lh      t2, -4(t6)
core   0: 3 0x8000c9a8 (0xffcf9383) x 7 0x00000021 mem 0x800127ba
core   0: 0x8000c9ac (0xce073f13) sltiu   t5, a4, -800
core   0: 3 0x8000c9ac (0xce073f13) x30 0x00000001
core   0: 0x8000c9b0 (0xffcfda03) lhu     s4, -4(t6)
core   0: 3 0x8000c9b0 (0xffcfda03) x20 0x00000021 mem 0x800127ba
core   0: 0x8000c9b4 (0x01ac5433) srl     s0, s8, s10
core   0: 3 0x8000c9b4 (0x01ac5433) x 8 0x00000000
core   0: 0x8000c9b8 (0xffcfde03) lhu     t3, -4(t6)
core   0: 3 0x8000c9b8 (0xffcfde03) x28 0x00000021 mem 0x800127ba
core   0: 0x8000c9bc (0x9c647713) andi    a4, s0, -1594
core   0: 3 0x8000c9bc (0x9c647713) x14 0x00000000
core   0: 0x8000c9c0 (0xfe1f8e23) sb      ra, -4(t6)
core   0: 3 0x8000c9c0 (0xfe1f8e23) mem 0x800127ba 0x0
core   0: 0x8000c9c4 (0xffcfdd03) lhu     s10, -4(t6)
core   0: 3 0x8000c9c4 (0xffcfdd03) x26 0x00000000 mem 0x800127ba
core   0: 0x8000c9c8 (0xffcfca03) lbu     s4, -4(t6)
core   0: 3 0x8000c9c8 (0xffcfca03) x20 0x00000000 mem 0x800127ba
core   0: 0x8000c9cc (0x01f9e933) or      s2, s3, t6
core   0: 3 0x8000c9cc (0x01f9e933) x18 0x800127be
core   0: 0x8000c9d0 (0xffcfcc03) lbu     s8, -4(t6)
core   0: 3 0x8000c9d0 (0xffcfcc03) x24 0x00000000 mem 0x800127ba
core   0: 0x8000c9d4 (0xffcfda03) lhu     s4, -4(t6)
core   0: 3 0x8000c9d4 (0xffcfda03) x20 0x00000000 mem 0x800127ba
core   0: 0x8000c9d8 (0xffaf9e23) sh      s10, -4(t6)
core   0: 3 0x8000c9d8 (0xffaf9e23) mem 0x800127ba 0x0000
core   0: 0x8000c9dc (0xffcfd083) lhu     ra, -4(t6)
core   0: 3 0x8000c9dc (0xffcfd083) x 1 0x00000000 mem 0x800127ba
core   0: 0x8000c9e0 (0xff3f8e23) sb      s3, -4(t6)
core   0: 3 0x8000c9e0 (0xff3f8e23) mem 0x800127ba 0x0
core   0: 0x8000c9e4 (0xfeef9e23) sh      a4, -4(t6)
core   0: 3 0x8000c9e4 (0xfeef9e23) mem 0x800127ba 0x0000
core   0: 0x8000c9e8 (0xffcfd503) lhu     a0, -4(t6)
core   0: 3 0x8000c9e8 (0xffcfd503) x10 0x00000000 mem 0x800127ba
core   0: 0x8000c9ec (0x00005c97) auipc   s9, 0x5
core   0: 3 0x8000c9ec (0x00005c97) x25 0x800119ec
core   0: 0x8000c9f0 (0x795c8c93) addi    s9, s9, 1941
core   0: 3 0x8000c9f0 (0x795c8c93) x25 0x80012181
core   0: 0x8000c9f4 (0x00006717) auipc   a4, 0x6
core   0: 3 0x8000c9f4 (0x00006717) x14 0x800129f4
core   0: 0x8000c9f8 (0x55270713) addi    a4, a4, 1362
core   0: 3 0x8000c9f8 (0x55270713) x14 0x80012f46
core   0: 0x8000c9fc (0x00006517) auipc   a0, 0x6
core   0: 3 0x8000c9fc (0x00006517) x10 0x800129fc
core   0: 0x8000ca00 (0x3aa50513) addi    a0, a0, 938
core   0: 3 0x8000ca00 (0x3aa50513) x10 0x80012da6
core   0: 0x8000ca04 (0x00006897) auipc   a7, 0x6
core   0: 3 0x8000ca04 (0x00006897) x17 0x80012a04
core   0: 0x8000ca08 (0x82d88893) addi    a7, a7, -2003
core   0: 3 0x8000ca08 (0x82d88893) x17 0x80012231
core   0: 0x8000ca0c (0xcb374683) lbu     a3, -845(a4)
core   0: 3 0x8000ca0c (0xcb374683) x13 0x00000000 mem 0x80012bf9
core   0: 0x8000ca10 (0xfc5c85a3) sb      t0, -53(s9)
core   0: 3 0x8000ca10 (0xfc5c85a3) mem 0x8001214c 0x0
core   0: 0x8000ca14 (0xfe489ca3) sh      tp, -7(a7)
core   0: 3 0x8000ca14 (0xfe489ca3) mem 0x8001222a 0x0000
core   0: 0x8000ca18 (0xfddc8a03) lb      s4, -35(s9)
core   0: 3 0x8000ca18 (0xfddc8a03) x20 0x00000000 mem 0x8001215e
core   0: 0x8000ca1c (0xffc8c003) lbu     zero, -4(a7)
core   0: 3 0x8000ca1c (0xffc8c003) mem 0x8001222d
core   0: 0x8000ca20 (0xfcf51b23) sh      a5, -42(a0)
core   0: 3 0x8000ca20 (0xfcf51b23) mem 0x80012d7c 0x5d80
core   0: 0x8000ca24 (0x00006617) auipc   a2, 0x6
core   0: 3 0x8000ca24 (0x00006617) x12 0x80012a24
core   0: 0x8000ca28 (0x19660613) addi    a2, a2, 406
core   0: 3 0x8000ca28 (0x19660613) x12 0x80012bba
core   0: 0x8000ca2c (0xeae71983) lh      s3, -338(a4)
core   0: 3 0x8000ca2c (0xeae71983) x19 0x00003400 mem 0x80012df4
core   0: 0x8000ca30 (0xff7c9d03) lh      s10, -9(s9)
core   0: 3 0x8000ca30 (0xff7c9d03) x26 0x00000000 mem 0x80012178
core   0: 0x8000ca34 (0xfefca283) lw      t0, -17(s9)
core   0: 3 0x8000ca34 (0xfefca283) x 5 0x00000000 mem 0x80012170
core   0: 0x8000ca38 (0xfca60303) lb      t1, -54(a2)
core   0: 3 0x8000ca38 (0xfca60303) x 6 0x00000000 mem 0x80012b84
core   0: 0x8000ca3c (0x02cc8403) lb      s0, 44(s9)
core   0: 3 0x8000ca3c (0x02cc8403) x 8 0x00000000 mem 0x800121ad
core   0: 0x8000ca40 (0x0078a103) lw      sp, 7(a7)
core   0: 3 0x8000ca40 (0x0078a103) x 2 0x00000000 mem 0x80012238
core   0: 0x8000ca44 (0x0ba55d83) lhu     s11, 186(a0)
core   0: 3 0x8000ca44 (0x0ba55d83) x27 0x00000000 mem 0x80012e60
core   0: 0x8000ca48 (0x0e060ca3) sb      zero, 249(a2)
core   0: 3 0x8000ca48 (0x0e060ca3) mem 0x80012cb3 0x0
core   0: 0x8000ca4c (0x014c8e83) lb      t4, 20(s9)
core   0: 3 0x8000ca4c (0x014c8e83) x29 0x00000000 mem 0x80012195
core   0: 0x8000ca50 (0xf7a50d23) sb      s10, -134(a0)
core   0: 3 0x8000ca50 (0xf7a50d23) mem 0x80012d20 0x0
core   0: 0x8000ca54 (0x00a88583) lb      a1, 10(a7)
core   0: 3 0x8000ca54 (0x00a88583) x11 0x00000000 mem 0x8001223b
core   0: 0x8000ca58 (0xffa88f83) lb      t6, -6(a7)
core   0: 3 0x8000ca58 (0xffa88f83) x31 0x00000000 mem 0x8001222b
core   0: 0x8000ca5c (0x05051d23) sh      a6, 90(a0)
core   0: 3 0x8000ca5c (0x05051d23) mem 0x80012e00 0x0000
core   0: 0x8000ca60 (0x0e374803) lbu     a6, 227(a4)
core   0: 3 0x8000ca60 (0x0e374803) x16 0x00000000 mem 0x80013029
core   0: 0x8000ca64 (0x81370583) lb      a1, -2029(a4)
core   0: 3 0x8000ca64 (0x81370583) x11 0x00000000 mem 0x80012759
core   0: 0x8000ca68 (0xff589403) lh      s0, -11(a7)
core   0: 3 0x8000ca68 (0xff589403) x 8 0x00000000 mem 0x80012226
core   0: 0x8000ca6c (0x02fc9683) lh      a3, 47(s9)
core   0: 3 0x8000ca6c (0x02fc9683) x13 0x00000000 mem 0x800121b0
core   0: 0x8000ca70 (0x007c9ca3) sh      t2, 25(s9)
core   0: 3 0x8000ca70 (0x007c9ca3) mem 0x8001219a 0x0021
core   0: 0x8000ca74 (0x0b465903) lhu     s2, 180(a2)
core   0: 3 0x8000ca74 (0x0b465903) x18 0x00000000 mem 0x80012c6e
core   0: 0x8000ca78 (0x00c8c583) lbu     a1, 12(a7)
core   0: 3 0x8000ca78 (0x00c8c583) x11 0x00000000 mem 0x8001223d
core   0: 0x8000ca7c (0x008c96a3) sh      s0, 13(s9)
core   0: 3 0x8000ca7c (0x008c96a3) mem 0x8001218e 0x0000
core   0: 0x8000ca80 (0x0ee62d23) sw      a4, 250(a2)
core   0: 3 0x8000ca80 (0x0ee62d23) mem 0x80012cb4 0x80012f46
core   0: 0x8000ca84 (0x9a1708a3) sb      ra, -1615(a4)
core   0: 3 0x8000ca84 (0x9a1708a3) mem 0x800128f7 0x0
core   0: 0x8000ca88 (0xf3460103) lb      sp, -204(a2)
core   0: 3 0x8000ca88 (0xf3460103) x 2 0x00000000 mem 0x80012aee
core   0: 0x8000ca8c (0xf5954b03) lbu     s6, -167(a0)
core   0: 3 0x8000ca8c (0xf5954b03) x22 0x00000000 mem 0x80012cff
core   0: 0x8000ca90 (0xfeb88c23) sb      a1, -8(a7)
core   0: 3 0x8000ca90 (0xfeb88c23) mem 0x80012229 0x0
core   0: 0x8000ca94 (0x95d701a3) sb      t4, -1725(a4)
core   0: 3 0x8000ca94 (0x95d701a3) mem 0x80012889 0x0
core   0: 0x8000ca98 (0x0000dd17) auipc   s10, 0xd
core   0: 3 0x8000ca98 (0x0000dd17) x26 0x80019a98
core   0: 0x8000ca9c (0xc28d0d13) addi    s10, s10, -984
core   0: 3 0x8000ca9c (0xc28d0d13) x26 0x800196c0
core   0: 0x8000caa0 (0x0000d317) auipc   t1, 0xd
core   0: 3 0x8000caa0 (0x0000d317) x 6 0x80019aa0
core   0: 0x8000caa4 (0x95b30313) addi    t1, t1, -1701
core   0: 3 0x8000caa4 (0x95b30313) x 6 0x800193fb
core   0: 0x8000caa8 (0x00011797) auipc   a5, 0x11
core   0: 3 0x8000caa8 (0x00011797) x15 0x8001daa8
core   0: 0x8000caac (0x4f678793) addi    a5, a5, 1270
core   0: 3 0x8000caac (0x4f678793) x15 0x8001df9e
core   0: 0x8000cab0 (0x0000c397) auipc   t2, 0xc
core   0: 3 0x8000cab0 (0x0000c397) x 7 0x80018ab0
core   0: 0x8000cab4 (0x22238393) addi    t2, t2, 546
core   0: 3 0x8000cab4 (0x22238393) x 7 0x80018cd2
core   0: 0x8000cab8 (0xffdd09a3) sb      t4, -13(s10)
core   0: 3 0x8000cab8 (0xffdd09a3) mem 0x800196b3 0x0
core   0: 0x8000cabc (0xff6d1203) lh      tp, -10(s10)
core   0: 3 0x8000cabc (0xff6d1203) x 4 0x00000000 mem 0x800196b6
core   0: 0x8000cac0 (0x0000ca17) auipc   s4, 0xc
core   0: 3 0x8000cac0 (0x0000ca17) x20 0x80018ac0
core   0: 0x8000cac4 (0x3e1a0a13) addi    s4, s4, 993
core   0: 3 0x8000cac4 (0x3e1a0a13) x20 0x80018ea1
core   0: 0x8000cac8 (0xfef302a3) sb      a5, -27(t1)
core   0: 3 0x8000cac8 (0xfef302a3) mem 0x800193e0 0x9e
core   0: 0x8000cacc (0x0bb31e83) lh      t4, 187(t1)
core   0: 3 0x8000cacc (0x0bb31e83) x29 0x00000000 mem 0x800194b6
core   0: 0x8000cad0 (0xfd679d23) sh      s6, -38(a5)
core   0: 3 0x8000cad0 (0xfd679d23) mem 0x8001df78 0x0000
core   0: 0x8000cad4 (0x0e6a0823) sb      t1, 240(s4)
core   0: 3 0x8000cad4 (0x0e6a0823) mem 0x80018f91 0xfb
core   0: 0x8000cad8 (0xfc330d83) lb      s11, -61(t1)
core   0: 3 0x8000cad8 (0xfc330d83) x27 0x00000000 mem 0x800193be
core   0: 0x8000cadc (0x0337c703) lbu     a4, 51(a5)
core   0: 3 0x8000cadc (0x0337c703) x14 0x00000000 mem 0x8001dfd1
core   0: 0x8000cae0 (0xbc938703) lb      a4, -1079(t2)
core   0: 3 0x8000cae0 (0xbc938703) x14 0x00000000 mem 0x8001889b
core   0: 0x8000cae4 (0xefb380a3) sb      s11, -287(t2)
core   0: 3 0x8000cae4 (0xefb380a3) mem 0x80018bb3 0x0
core   0: 0x8000cae8 (0xf58a0da3) sb      s8, -165(s4)
core   0: 3 0x8000cae8 (0xf58a0da3) mem 0x80018dfc 0x0
core   0: 0x8000caec (0x0a2a0e03) lb      t3, 162(s4)
core   0: 3 0x8000caec (0x0a2a0e03) x28 0x00000000 mem 0x80018f43
core   0: 0x8000caf0 (0xfe67c283) lbu     t0, -26(a5)
core   0: 3 0x8000caf0 (0xfe67c283) x 5 0x00000000 mem 0x8001df84
core   0: 0x8000caf4 (0x00cd00a3) sb      a2, 1(s10)
core   0: 3 0x8000caf4 (0x00cd00a3) mem 0x800196c1 0xba
core   0: 0x8000caf8 (0xffed1403) lh      s0, -2(s10)
core   0: 3 0x8000caf8 (0xffed1403) x 8 0x00000000 mem 0x800196be
core   0: 0x8000cafc (0xc8d3c203) lbu     tp, -883(t2)
core   0: 3 0x8000cafc (0xc8d3c203) x 4 0x00000000 mem 0x8001895f
core   0: 0x8000cb00 (0x034a4503) lbu     a0, 52(s4)
core   0: 3 0x8000cb00 (0x034a4503) x10 0x00000000 mem 0x80018ed5
core   0: 0x8000cb04 (0x0a234103) lbu     sp, 162(t1)
core   0: 3 0x8000cb04 (0x0a234103) x 2 0x00000000 mem 0x8001949d
core   0: 0x8000cb08 (0x023a0103) lb      sp, 35(s4)
core   0: 3 0x8000cb08 (0x023a0103) x 2 0x00000000 mem 0x80018ec4
core   0: 0x8000cb0c (0xf4ca4f83) lbu     t6, -180(s4)
core   0: 3 0x8000cb0c (0xf4ca4f83) x31 0x00000000 mem 0x80018ded
core   0: 0x8000cb10 (0xff1d1a23) sh      a7, -12(s10)
core   0: 3 0x8000cb10 (0xff1d1a23) mem 0x800196b4 0x2231
core   0: 0x8000cb14 (0x02178723) sb      ra, 46(a5)
core   0: 3 0x8000cb14 (0x02178723) mem 0x8001dfcc 0x0
core   0: 0x8000cb18 (0x99538f83) lb      t6, -1643(t2)
core   0: 3 0x8000cb18 (0x99538f83) x31 0x00000000 mem 0x80018667
core   0: 0x8000cb1c (0x008d4283) lbu     t0, 8(s10)
core   0: 3 0x8000cb1c (0x008d4283) x 5 0x00000000 mem 0x800196c8
core   0: 0x8000cb20 (0x26f38123) sb      a5, 610(t2)
core   0: 3 0x8000cb20 (0x26f38123) mem 0x80018f34 0x9e
core   0: 0x8000cb24 (0x003a1c03) lh      s8, 3(s4)
core   0: 3 0x8000cb24 (0x003a1c03) x24 0x00000000 mem 0x80018ea4
core   0: 0x8000cb28 (0x54038403) lb      s0, 1344(t2)
core   0: 3 0x8000cb28 (0x54038403) x 8 0x00000000 mem 0x80019212
core   0: 0x8000cb2c (0x0baa06a3) sb      s10, 173(s4)
core   0: 3 0x8000cb2c (0x0baa06a3) mem 0x80018f4e 0xc0
core   0: 0x8000cb30 (0xf0d30423) sb      a3, -248(t1)
core   0: 3 0x8000cb30 (0xf0d30423) mem 0x80019303 0x0
core   0: 0x8000cb34 (0xc7e39a23) sh      t5, -908(t2)
core   0: 3 0x8000cb34 (0xc7e39a23) mem 0x80018946 0x0001
core   0: 0x8000cb38 (0xff8d0083) lb      ra, -8(s10)
core   0: 3 0x8000cb38 (0xff8d0083) x 1 0x00000000 mem 0x800196b8
core   0: 0x8000cb3c (0x079a5e03) lhu     t3, 121(s4)
core   0: 3 0x8000cb3c (0x079a5e03) x28 0x00000000 mem 0x80018f1a
core   0: 0x8000cb40 (0xfe434d83) lbu     s11, -28(t1)
core   0: 3 0x8000cb40 (0xfe434d83) x27 0x00000000 mem 0x800193df
core   0: 0x8000cb44 (0x083a4203) lbu     tp, 131(s4)
core   0: 3 0x8000cb44 (0x083a4203) x 4 0x00000000 mem 0x80018f24
core   0: 0x8000cb48 (0x017d2023) sw      s7, 0(s10)
core   0: 3 0x8000cb48 (0x017d2023) mem 0x800196c0 0x80027e48
core   0: 0x8000cb4c (0x32638183) lb      gp, 806(t2)
core   0: 3 0x8000cb4c (0x32638183) x 3 0x00000000 mem 0x80018ff8
core   0: 0x8000cb50 (0x003306a3) sb      gp, 13(t1)
core   0: 3 0x8000cb50 (0x003306a3) mem 0x80019408 0x0
core   0: 0x8000cb54 (0xe113c183) lbu     gp, -495(t2)
core   0: 3 0x8000cb54 (0xe113c183) x 3 0x00000000 mem 0x80018ae3
core   0: 0x8000cb58 (0xffad0fa3) sb      s10, -1(s10)
core   0: 3 0x8000cb58 (0xffad0fa3) mem 0x800196bf 0xc0
core   0: 0x8000cb5c (0x00378703) lb      a4, 3(a5)
core   0: 3 0x8000cb5c (0x00378703) x14 0x00000000 mem 0x8001dfa1
core   0: 0x8000cb60 (0xfe731e03) lh      t3, -25(t1)
core   0: 3 0x8000cb60 (0xfe731e03) x28 0x00000000 mem 0x800193e2
core   0: 0x8000cb64 (0x020007ef) jal     a5, pc + 0x20
core   0: 3 0x8000cb64 (0x020007ef) x15 0x8000cb68
core   0: 0x8000cb84 (0x0380026f) jal     tp, pc + 0x38
core   0: 3 0x8000cb84 (0x0380026f) x 4 0x8000cb88
core   0: 0x8000cbbc (0xffdff36f) jal     t1, pc - 0x4
core   0: 3 0x8000cbbc (0xffdff36f) x 6 0x8000cbc0
core   0: 0x8000cbb8 (0xfc9ff0ef) jal     pc - 0x38
core   0: 3 0x8000cbb8 (0xfc9ff0ef) x 1 0x8000cbbc
core   0: 0x8000cb80 (0x018005ef) jal     a1, pc + 0x18
core   0: 3 0x8000cb80 (0x018005ef) x11 0x8000cb84
core   0: 0x8000cb98 (0x00c00e6f) jal     t3, pc + 0xc
core   0: 3 0x8000cb98 (0x00c00e6f) x28 0x8000cb9c
core   0: 0x8000cba4 (0xff1ff36f) jal     t1, pc - 0x10
core   0: 3 0x8000cba4 (0xff1ff36f) x 6 0x8000cba8
core   0: 0x8000cb94 (0xfddff8ef) jal     a7, pc - 0x24
core   0: 3 0x8000cb94 (0xfddff8ef) x17 0x8000cb98
core   0: 0x8000cb70 (0x02c00eef) jal     t4, pc + 0x2c
core   0: 3 0x8000cb70 (0x02c00eef) x29 0x8000cb74
core   0: 0x8000cb9c (0x018000ef) jal     pc + 0x18
core   0: 3 0x8000cb9c (0x018000ef) x 1 0x8000cba0
core   0: 0x8000cbb4 (0xfd5ff16f) jal     sp, pc - 0x2c
core   0: 3 0x8000cbb4 (0xfd5ff16f) x 2 0x8000cbb8
core   0: 0x8000cb88 (0x024000ef) jal     pc + 0x24
core   0: 3 0x8000cb88 (0x024000ef) x 1 0x8000cb8c
core   0: 0x8000cbac (0xfc1ff36f) jal     t1, pc - 0x40
core   0: 3 0x8000cbac (0xfc1ff36f) x 6 0x8000cbb0
core   0: 0x8000cb6c (0x0340036f) jal     t1, pc + 0x34
core   0: 3 0x8000cb6c (0x0340036f) x 6 0x8000cb70
core   0: 0x8000cba0 (0x0100046f) jal     s0, pc + 0x10
core   0: 3 0x8000cba0 (0x0100046f) x 8 0x8000cba4
core   0: 0x8000cbb0 (0xff9ff0ef) jal     pc - 0x8
core   0: 3 0x8000cbb0 (0xff9ff0ef) x 1 0x8000cbb4
core   0: 0x8000cba8 (0xfe9ff36f) jal     t1, pc - 0x18
core   0: 3 0x8000cba8 (0xfe9ff36f) x 6 0x8000cbac
core   0: 0x8000cb90 (0xfedff0ef) jal     pc - 0x14
core   0: 3 0x8000cb90 (0xfedff0ef) x 1 0x8000cb94
core   0: 0x8000cb7c (0x010000ef) jal     pc + 0x10
core   0: 3 0x8000cb7c (0x010000ef) x 1 0x8000cb80
core   0: 0x8000cb8c (0xfddff7ef) jal     a5, pc - 0x24
core   0: 3 0x8000cb8c (0xfddff7ef) x15 0x8000cb90
core   0: 0x8000cb68 (0x00c000ef) jal     pc + 0xc
core   0: 3 0x8000cb68 (0x00c000ef) x 1 0x8000cb6c
core   0: 0x8000cb74 (0x004000ef) jal     pc + 0x4
core   0: 3 0x8000cb74 (0x004000ef) x 1 0x8000cb78
core   0: 0x8000cb78 (0x048002ef) jal     t0, pc + 0x48
core   0: 3 0x8000cb78 (0x048002ef) x 5 0x8000cb7c
core   0: 0x8000cbc0 (0x40b859b3) sra     s3, a6, a1
core   0: 3 0x8000cbc0 (0x40b859b3) x19 0x00000000
core   0: 0x8000cbc4 (0x00006297) auipc   t0, 0x6
core   0: 3 0x8000cbc4 (0x00006297) x 5 0x80012bc4
core   0: 0x8000cbc8 (0x10d28293) addi    t0, t0, 269
core   0: 3 0x8000cbc8 (0x10d28293) x 5 0x80012cd1
core   0: 0x8000cbcc (0xfb12d703) lhu     a4, -79(t0)
core   0: 3 0x8000cbcc (0xfb12d703) x14 0x00002300 mem 0x80012c82
core   0: 0x8000cbd0 (0x01975b33) srl     s6, a4, s9
core   0: 3 0x8000cbd0 (0x01975b33) x22 0x00001180
core   0: 0x8000cbd4 (0x06a29ca3) sh      a0, 121(t0)
core   0: 3 0x8000cbd4 (0x06a29ca3) mem 0x80012d4a 0x0000
core   0: 0x8000cbd8 (0xfca295a3) sh      a0, -53(t0)
core   0: 3 0x8000cbd8 (0xfca295a3) mem 0x80012c9c 0x0000
core   0: 0x8000cbdc (0x03a2cb03) lbu     s6, 58(t0)
core   0: 3 0x8000cbdc (0x03a2cb03) x22 0x00000000 mem 0x80012d0b
core   0: 0x8000cbe0 (0x00628e03) lb      t3, 6(t0)
core   0: 3 0x8000cbe0 (0x00628e03) x28 0x00000000 mem 0x80012cd7
core   0: 0x8000cbe4 (0x66670e13) addi    t3, a4, 1638
core   0: 3 0x8000cbe4 (0x66670e13) x28 0x00002966
core   0: 0x8000cbe8 (0x0ff0000f) fence   iorw,iorw
core   0: 3 0x8000cbe8 (0x0ff0000f)
core   0: 0x8000cbec (0x416559b3) sra     s3, a0, s6
core   0: 3 0x8000cbec (0x416559b3) x19 0x00000000
core   0: 0x8000cbf0 (0xb0ee7713) andi    a4, t3, -1266
core   0: 3 0x8000cbf0 (0xb0ee7713) x14 0x00002906
core   0: 0x8000cbf4 (0xf1628f23) sb      s6, -226(t0)
core   0: 3 0x8000cbf4 (0xf1628f23) mem 0x80012bef 0x0
core   0: 0x8000cbf8 (0x02d2db03) lhu     s6, 45(t0)
core   0: 3 0x8000cbf8 (0x02d2db03) x22 0x00000000 mem 0x80012cfe
core   0: 0x8000cbfc (0x0312d983) lhu     s3, 49(t0)
core   0: 3 0x8000cbfc (0x0312d983) x19 0x00000000 mem 0x80012d02
core   0: 0x8000cc00 (0x01f9db13) srli    s6, s3, 31
core   0: 3 0x8000cc00 (0x01f9db13) x22 0x00000000
core   0: 0x8000cc04 (0x00671713) slli    a4, a4, 6
core   0: 3 0x8000cc04 (0x00671713) x14 0x000a4180
core   0: 0x8000cc08 (0x0bc286a3) sb      t3, 173(t0)
core   0: 3 0x8000cc08 (0x0bc286a3) mem 0x80012d7e 0x66
core   0: 0x8000cc0c (0xcd6b2b13) slti    s6, s6, -810
core   0: 3 0x8000cc0c (0xcd6b2b13) x22 0x00000000
core   0: 0x8000cc10 (0x016cae33) slt     t3, s9, s6
core   0: 3 0x8000cc10 (0x016cae33) x28 0x00000001
core   0: 0x8000cc14 (0x419e5cb3) sra     s9, t3, s9
core   0: 3 0x8000cc14 (0x419e5cb3) x25 0x00000000
core   0: 0x8000cc18 (0x0362c703) lbu     a4, 54(t0)
core   0: 3 0x8000cc18 (0x0362c703) x14 0x00000000 mem 0x80012d07
core   0: 0x8000cc1c (0x09328e23) sb      s3, 156(t0)
core   0: 3 0x8000cc1c (0x09328e23) mem 0x80012d6d 0x0
core   0: 0x8000cc20 (0xfa02c703) lbu     a4, -96(t0)
core   0: 3 0x8000cc20 (0xfa02c703) x14 0x00000000 mem 0x80012c71
core   0: 0x8000cc24 (0x40fe5e13) srai    t3, t3, 15
core   0: 3 0x8000cc24 (0x40fe5e13) x28 0x00000000
core   0: 0x8000cc28 (0xf0e28e23) sb      a4, -228(t0)
core   0: 3 0x8000cc28 (0xf0e28e23) mem 0x80012bed 0x0
core   0: 0x8000cc2c (0xf5728b03) lb      s6, -169(t0)
core   0: 3 0x8000cc2c (0xf5728b03) x22 0x00000000 mem 0x80012c28
core   0: 0x8000cc30 (0x02128e03) lb      t3, 33(t0)
core   0: 3 0x8000cc30 (0x02128e03) x28 0x00000000 mem 0x80012cf2
core   0: 0x8000cc34 (0xf3629fa3) sh      s6, -193(t0)
core   0: 3 0x8000cc34 (0xf3629fa3) mem 0x80012c10 0x0000
core   0: 0x8000cc38 (0xb719fe13) andi    t3, s3, -1167
core   0: 3 0x8000cc38 (0xb719fe13) x28 0x00000000
core   0: 0x8000cc3c (0xf5c28f23) sb      t3, -162(t0)
core   0: 3 0x8000cc3c (0xf5c28f23) mem 0x80012c2f 0x0
core   0: 0x8000cc40 (0x33656717) auipc   a4, 0x33656
core   0: 3 0x8000cc40 (0x33656717) x14 0xb3662c40
core   0: 0x8000cc44 (0xf5628223) sb      s6, -188(t0)
core   0: 3 0x8000cc44 (0xf5628223) mem 0x80012c15 0x0
core   0: 0x8000cc48 (0x404b5c93) srai    s9, s6, 4
core   0: 3 0x8000cc48 (0x404b5c93) x25 0x00000000
core   0: 0x8000cc4c (0x01ccfcb3) and     s9, s9, t3
core   0: 3 0x8000cc4c (0x01ccfcb3) x25 0x00000000
core   0: 0x8000cc50 (0x41c989b3) sub     s3, s3, t3
core   0: 3 0x8000cc50 (0x41c989b3) x19 0x00000000
core   0: 0x8000cc54 (0x0292de03) lhu     t3, 41(t0)
core   0: 3 0x8000cc54 (0x0292de03) x28 0x00000000 mem 0x80012cfa
core   0: 0x8000cc58 (0x013e4733) xor     a4, t3, s3
core   0: 3 0x8000cc58 (0x013e4733) x14 0x00000000
core   0: 0x8000cc5c (0x79773b37) lui     s6, 0x79773
core   0: 3 0x8000cc5c (0x79773b37) x22 0x79773000
core   0: 0x8000cc60 (0x89db4513) xori    a0, s6, -1891
core   0: 3 0x8000cc60 (0x89db4513) x10 0x8688c89d
core   0: 0x8000cc64 (0x0a929983) lh      s3, 169(t0)
core   0: 3 0x8000cc64 (0x0a929983) x19 0x00000000 mem 0x80012d7a
core   0: 0x8000cc68 (0x0b628c23) sb      s6, 184(t0)
core   0: 3 0x8000cc68 (0x0b628c23) mem 0x80012d89 0x0
core   0: 0x8000cc6c (0x00a9bcb3) sltu    s9, s3, a0
core   0: 3 0x8000cc6c (0x00a9bcb3) x25 0x00000001
core   0: 0x8000cc70 (0x0c129983) lh      s3, 193(t0)
core   0: 3 0x8000cc70 (0x0c129983) x19 0x00000000 mem 0x80012d92
core   0: 0x8000cc74 (0x4199dc93) srai    s9, s3, 25
core   0: 3 0x8000cc74 (0x4199dc93) x25 0x00000000
core   0: 0x8000cc78 (0x00e519b3) sll     s3, a0, a4
core   0: 3 0x8000cc78 (0x00e519b3) x19 0x8688c89d
core   0: 0x8000cc7c (0x0b32ac83) lw      s9, 179(t0)
core   0: 3 0x8000cc7c (0x0b32ac83) x25 0x00000000 mem 0x80012d84
core   0: 0x8000cc80 (0x0000100f) fence.i
core   0: 3 0x8000cc80 (0x0000100f)
core   0: 0x8000cc84 (0x00e72cb3) slt     s9, a4, a4
core   0: 3 0x8000cc84 (0x00e72cb3) x25 0x00000000
core   0: 0x8000cc88 (0xfcc9ae17) auipc   t3, 0xfcc9a
core   0: 3 0x8000cc88 (0xfcc9ae17) x28 0x7cca6c88
core   0: 0x8000cc8c (0xfd928a23) sb      s9, -44(t0)
core   0: 3 0x8000cc8c (0xfd928a23) mem 0x80012ca5 0x0
core   0: 0x8000cc90 (0xfa82cb03) lbu     s6, -88(t0)
core   0: 3 0x8000cc90 (0xfa82cb03) x22 0x00000000 mem 0x80012c79
core   0: 0x8000cc94 (0x019e3e33) sltu    t3, t3, s9
core   0: 3 0x8000cc94 (0x019e3e33) x28 0x00000000
core   0: 0x8000cc98 (0x0a92d703) lhu     a4, 169(t0)
core   0: 3 0x8000cc98 (0x0a92d703) x14 0x00000000 mem 0x80012d7a
core   0: 0x8000cc9c (0x111b7e13) andi    t3, s6, 273
core   0: 3 0x8000cc9c (0x111b7e13) x28 0x00000000
core   0: 0x8000cca0 (0x0d62a3a3) sw      s6, 199(t0)
core   0: 3 0x8000cca0 (0x0d62a3a3) mem 0x80012d98 0x00000000
core   0: 0x8000cca4 (0xfb32cc83) lbu     s9, -77(t0)
core   0: 3 0x8000cca4 (0xfb32cc83) x25 0x00000000 mem 0x80012c84
core   0: 0x8000cca8 (0xa719e513) ori     a0, s3, -1423
core   0: 3 0x8000cca8 (0xa719e513) x10 0xfffffafd
core   0: 0x8000ccac (0xfd72c503) lbu     a0, -41(t0)
core   0: 3 0x8000ccac (0xfd72c503) x10 0x00000000 mem 0x80012ca8
core   0: 0x8000ccb0 (0x00005117) auipc   sp, 0x5
core   0: 3 0x8000ccb0 (0x00005117) x 2 0x80011cb0
core   0: 0x8000ccb4 (0x58910113) addi    sp, sp, 1417
core   0: 3 0x8000ccb4 (0x58910113) x 2 0x80012239
core   0: 0x8000ccb8 (0xfd414683) lbu     a3, -44(sp)
core   0: 3 0x8000ccb8 (0xfd414683) x13 0x00000000 mem 0x8001220d
core   0: 0x8000ccbc (0x03010803) lb      a6, 48(sp)
core   0: 3 0x8000ccbc (0x03010803) x16 0x00000000 mem 0x80012269
core   0: 0x8000ccc0 (0x018c3c33) sltu    s8, s8, s8
core   0: 3 0x8000ccc0 (0x018c3c33) x24 0x00000000
core   0: 0x8000ccc4 (0xfe814283) lbu     t0, -24(sp)
core   0: 3 0x8000ccc4 (0xfe814283) x 5 0x00000000 mem 0x80012221
core   0: 0x8000ccc8 (0xfc510183) lb      gp, -59(sp)
core   0: 3 0x8000ccc8 (0xfc510183) x 3 0x00000000 mem 0x800121fe
core   0: 0x8000cccc (0xfcf129a3) sw      a5, -45(sp)
core   0: 3 0x8000cccc (0xfcf129a3) mem 0x8001220c 0x8000cb90
core   0: 0x8000ccd0 (0x03510fa3) sb      s5, 63(sp)
core   0: 3 0x8000ccd0 (0x03510fa3) mem 0x80012278 0xbb
core   0: 0x8000ccd4 (0xfe110e83) lb      t4, -31(sp)
core   0: 3 0x8000ccd4 (0xfe110e83) x29 0x00000000 mem 0x8001221a
core   0: 0x8000ccd8 (0xfe910683) lb      a3, -23(sp)
core   0: 3 0x8000ccd8 (0xfe910683) x13 0x00000000 mem 0x80012222
core   0: 0x8000ccdc (0x0144d5b3) srl     a1, s1, s4
core   0: 3 0x8000ccdc (0x0144d5b3) x11 0x40015e72
core   0: 0x8000cce0 (0xfe210323) sb      sp, -26(sp)
core   0: 3 0x8000cce0 (0xfe210323) mem 0x8001221f 0x39
core   0: 0x8000cce4 (0xcda13593) sltiu   a1, sp, -806
core   0: 3 0x8000cce4 (0xcda13593) x11 0x00000001
core   0: 0x8000cce8 (0xfe614c03) lbu     s8, -26(sp)
core   0: 3 0x8000cce8 (0xfe614c03) x24 0x00000039 mem 0x8001221f
core   0: 0x8000ccec (0x03814783) lbu     a5, 56(sp)
core   0: 3 0x8000ccec (0x03814783) x15 0x00000000 mem 0x80012271
core   0: 0x8000ccf0 (0xfd214c83) lbu     s9, -46(sp)
core   0: 3 0x8000ccf0 (0xfd214c83) x25 0x00000000 mem 0x8001220b
core   0: 0x8000ccf4 (0x01a10283) lb      t0, 26(sp)
core   0: 3 0x8000ccf4 (0x01a10283) x 5 0x00000000 mem 0x80012253
core   0: 0x8000ccf8 (0xfd410c83) lb      s9, -44(sp)
core   0: 3 0x8000ccf8 (0xfd410c83) x25 0xffffffcb mem 0x8001220d
core   0: 0x8000ccfc (0x01edd433) srl     s0, s11, t5
core   0: 3 0x8000ccfc (0x01edd433) x 8 0x00000000
core   0: 0x8000cd00 (0x01f125a3) sw      t6, 11(sp)
core   0: 3 0x8000cd00 (0x01f125a3) mem 0x80012244 0x00000000
core   0: 0x8000cd04 (0x079bbe13) sltiu   t3, s7, 121
core   0: 3 0x8000cd04 (0x079bbe13) x28 0x00000000
core   0: 0x8000cd08 (0x8791e193) ori     gp, gp, -1927
core   0: 3 0x8000cd08 (0x8791e193) x 3 0xfffff879
core   0: 0x8000cd0c (0xae6a7513) andi    a0, s4, -1306
core   0: 3 0x8000cd0c (0xae6a7513) x10 0x80018aa0
core   0: 0x8000cd10 (0x03d14903) lbu     s2, 61(sp)
core   0: 3 0x8000cd10 (0x03d14903) x18 0x00000000 mem 0x80012276
core   0: 0x8000cd14 (0x8eb17f13) andi    t5, sp, -1813
core   0: 3 0x8000cd14 (0x8eb17f13) x30 0x80012029
core   0: 0x8000cd18 (0xff312583) lw      a1, -13(sp)
core   0: 3 0x8000cd18 (0xff312583) x11 0x00000000 mem 0x8001222c
core   0: 0x8000cd1c (0x00971293) slli    t0, a4, 9
core   0: 3 0x8000cd1c (0x00971293) x 5 0x00000000
core   0: 0x8000cd20 (0x000ff7b3) and     a5, t6, zero
core   0: 3 0x8000cd20 (0x000ff7b3) x15 0x00000000
core   0: 0x8000cd24 (0x01c14d83) lbu     s11, 28(sp)
core   0: 3 0x8000cd24 (0x01c14d83) x27 0x00000000 mem 0x80012255
core   0: 0x8000cd28 (0x02c14603) lbu     a2, 44(sp)
core   0: 3 0x8000cd28 (0x02c14603) x12 0x0000004e mem 0x80012265
core   0: 0x8000cd2c (0x00d15983) lhu     s3, 13(sp)
core   0: 3 0x8000cd2c (0x00d15983) x19 0x00000000 mem 0x80012246
core   0: 0x8000cd30 (0x00605693) srli    a3, zero, 6
core   0: 3 0x8000cd30 (0x00605693) x13 0x00000000
core   0: 0x8000cd34 (0x007e9393) slli    t2, t4, 7
core   0: 3 0x8000cd34 (0x007e9393) x 7 0x00000000
core   0: 0x8000cd38 (0x5c5193b7) lui     t2, 0x5c519
core   0: 3 0x8000cd38 (0x5c5193b7) x 7 0x5c519000
core   0: 0x8000cd3c (0xfd514803) lbu     a6, -43(sp)
core   0: 3 0x8000cd3c (0xfd514803) x16 0x00000000 mem 0x8001220e
core   0: 0x8000cd40 (0x03d10523) sb      t4, 42(sp)
core   0: 3 0x8000cd40 (0x03d10523) mem 0x80012263 0x0
core   0: 0x8000cd44 (0xffc14303) lbu     t1, -4(sp)
core   0: 3 0x8000cd44 (0xffc14303) x 6 0x00000000 mem 0x80012235
core   0: 0x8000cd48 (0xfd610203) lb      tp, -42(sp)
core   0: 3 0x8000cd48 (0xfd610203) x 4 0xffffff80 mem 0x8001220f
core   0: 0x8000cd4c (0x00010397) auipc   t2, 0x10
core   0: 3 0x8000cd4c (0x00010397) x 7 0x8001cd4c
core   0: 0x8000cd50 (0x22138393) addi    t2, t2, 545
core   0: 3 0x8000cd50 (0x22138393) x 7 0x8001cf6d
core   0: 0x8000cd54 (0xfc63c503) lbu     a0, -58(t2)
core   0: 3 0x8000cd54 (0xfc63c503) x10 0x00000000 mem 0x8001cf33
core   0: 0x8000cd58 (0x0ff0000f) fence   iorw,iorw
core   0: 3 0x8000cd58 (0x0ff0000f)
core   0: 0x8000cd5c (0x08838aa3) sb      s0, 149(t2)
core   0: 3 0x8000cd5c (0x08838aa3) mem 0x8001d002 0x0
core   0: 0x8000cd60 (0x00000013) nop
core   0: 3 0x8000cd60 (0x00000013)
core   0: 0x8000cd64 (0x03a38603) lb      a2, 58(t2)
core   0: 3 0x8000cd64 (0x03a38603) x12 0x00000000 mem 0x8001cfa7
core   0: 0x8000cd68 (0x06c3ce83) lbu     t4, 108(t2)
core   0: 3 0x8000cd68 (0x06c3ce83) x29 0x00000000 mem 0x8001cfd9
core   0: 0x8000cd6c (0xdacca693) slti    a3, s9, -596
core   0: 3 0x8000cd6c (0xdacca693) x13 0x00000000
core   0: 0x8000cd70 (0xfcf39da3) sh      a5, -37(t2)
core   0: 3 0x8000cd70 (0xfcf39da3) mem 0x8001cf48 0x0000
core   0: 0x8000cd74 (0xf7838983) lb      s3, -136(t2)
core   0: 3 0x8000cd74 (0xf7838983) x19 0x00000000 mem 0x8001cee5
core   0: 0x8000cd78 (0x483d3e93) sltiu   t4, s10, 1155
core   0: 3 0x8000cd78 (0x483d3e93) x29 0x00000000
core   0: 0x8000cd7c (0x0119f933) and     s2, s3, a7
core   0: 3 0x8000cd7c (0x0119f933) x18 0x00000000
core   0: 0x8000cd80 (0xf7438c23) sb      s4, -136(t2)
core   0: 3 0x8000cd80 (0xf7438c23) mem 0x8001cee5 0xa1
core   0: 0x8000cd84 (0x01fd1633) sll     a2, s10, t6
core   0: 3 0x8000cd84 (0x01fd1633) x12 0x800196c0
core   0: 0x8000cd88 (0xf113afa3) sw      a7, -225(t2)
core   0: 3 0x8000cd88 (0xf113afa3) mem 0x8001ce8c 0x8000cb98
core   0: 0x8000cd8c (0x0d539a03) lh      s4, 213(t2)
core   0: 3 0x8000cd8c (0x0d539a03) x20 0x00000000 mem 0x8001d042
core   0: 0x8000cd90 (0x0d43cc83) lbu     s9, 212(t2)
core   0: 3 0x8000cd90 (0x0d43cc83) x25 0x00000000 mem 0x8001d041
core   0: 0x8000cd94 (0x002393a3) sh      sp, 7(t2)
core   0: 3 0x8000cd94 (0x002393a3) mem 0x8001cf74 0x2239
core   0: 0x8000cd98 (0xf4939e03) lh      t3, -183(t2)
core   0: 3 0x8000cd98 (0xf4939e03) x28 0x00000000 mem 0x8001ceb6
core   0: 0x8000cd9c (0x00006c97) auipc   s9, 0x6
core   0: 3 0x8000cd9c (0x00006c97) x25 0x80012d9c
core   0: 0x8000cda0 (0xf50c8c93) addi    s9, s9, -176
core   0: 3 0x8000cda0 (0xf50c8c93) x25 0x80012cec
core   0: 0x8000cda4 (0xffec8da3) sb      t5, -5(s9)
core   0: 3 0x8000cda4 (0xffec8da3) mem 0x80012ce7 0x29
core   0: 0x8000cda8 (0x2d8ce897) auipc   a7, 0x2d8ce
core   0: 3 0x8000cda8 (0x2d8ce897) x17 0xad8dada8
core   0: 0x8000cdac (0xffbc8583) lb      a1, -5(s9)
core   0: 3 0x8000cdac (0xffbc8583) x11 0x00000029 mem 0x80012ce7
core   0: 0x8000cdb0 (0x00fcc083) lbu     ra, 15(s9)
core   0: 3 0x8000cdb0 (0x00fcc083) x 1 0x00000000 mem 0x80012cfb
core   0: 0x8000cdb4 (0xff9c8b03) lb      s6, -7(s9)
core   0: 3 0x8000cdb4 (0xff9c8b03) x22 0x00000000 mem 0x80012ce5
core   0: 0x8000cdb8 (0x00d61d93) slli    s11, a2, 13
core   0: 3 0x8000cdb8 (0x00d61d93) x27 0x32d80000
core   0: 0x8000cdbc (0x00ac9283) lh      t0, 10(s9)
core   0: 3 0x8000cdbc (0x00ac9283) x 5 0x000000a4 mem 0x80012cf6
core   0: 0x8000cdc0 (0x00acd803) lhu     a6, 10(s9)
core   0: 3 0x8000cdc0 (0x00acd803) x16 0x000000a4 mem 0x80012cf6
core   0: 0x8000cdc4 (0xfffcc503) lbu     a0, -1(s9)
core   0: 3 0x8000cdc4 (0xfffcc503) x10 0x00000000 mem 0x80012ceb
core   0: 0x8000cdc8 (0x014c85a3) sb      s4, 11(s9)
core   0: 3 0x8000cdc8 (0x014c85a3) mem 0x80012cf7 0x0
core   0: 0x8000cdcc (0xfe7c8c23) sb      t2, -8(s9)
core   0: 3 0x8000cdcc (0xfe7c8c23) mem 0x80012ce4 0x6d
core   0: 0x8000cdd0 (0xff9cac23) sw      s9, -8(s9)
core   0: 3 0x8000cdd0 (0xff9cac23) mem 0x80012ce4 0x80012cec
core   0: 0x8000cdd4 (0x015358b3) srl     a7, t1, s5
core   0: 3 0x8000cdd4 (0x015358b3) x17 0x00000000
core   0: 0x8000cdd8 (0x007cc583) lbu     a1, 7(s9)
core   0: 3 0x8000cdd8 (0x007cc583) x11 0x00000000 mem 0x80012cf3
core   0: 0x8000cddc (0x007c8583) lb      a1, 7(s9)
core   0: 3 0x8000cddc (0x007c8583) x11 0x00000000 mem 0x80012cf3
core   0: 0x8000cde0 (0x004ca603) lw      a2, 4(s9)
core   0: 3 0x8000cde0 (0x004ca603) x12 0x00000000 mem 0x80012cf0
core   0: 0x8000cde4 (0x016ca223) sw      s6, 4(s9)
core   0: 3 0x8000cde4 (0x016ca223) mem 0x80012cf0 0x00000000
core   0: 0x8000cde8 (0xff9cc703) lbu     a4, -7(s9)
core   0: 3 0x8000cde8 (0xff9cc703) x14 0x0000002c mem 0x80012ce5
core   0: 0x8000cdec (0x0121c5b3) xor     a1, gp, s2
core   0: 3 0x8000cdec (0x0121c5b3) x11 0xfffff879
core   0: 0x8000cdf0 (0xff9cc083) lbu     ra, -7(s9)
core   0: 3 0x8000cdf0 (0xff9cc083) x 1 0x0000002c mem 0x80012ce5
core   0: 0x8000cdf4 (0xfeac8ca3) sb      a0, -7(s9)
core   0: 3 0x8000cdf4 (0xfeac8ca3) mem 0x80012ce5 0x0
core   0: 0x8000cdf8 (0xff7c8703) lb      a4, -9(s9)
core   0: 3 0x8000cdf8 (0xff7c8703) x14 0x00000000 mem 0x80012ce3
core   0: 0x8000cdfc (0x0104a633) slt     a2, s1, a6
core   0: 3 0x8000cdfc (0x0104a633) x12 0x00000001
core   0: 0x8000ce00 (0xffcc8ba3) sb      t3, -9(s9)
core   0: 3 0x8000ce00 (0xffcc8ba3) mem 0x80012ce3 0x0
core   0: 0x8000ce04 (0x00006c17) auipc   s8, 0x6
core   0: 3 0x8000ce04 (0x00006c17) x24 0x80012e04
core   0: 0x8000ce08 (0x182c0c13) addi    s8, s8, 386
core   0: 3 0x8000ce08 (0x182c0c13) x24 0x80012f86
core   0: 0x8000ce0c (0x003c4c83) lbu     s9, 3(s8)
core   0: 3 0x8000ce0c (0x003c4c83) x25 0x00000000 mem 0x80012f89
core   0: 0x8000ce10 (0x008c5f03) lhu     t5, 8(s8)
core   0: 3 0x8000ce10 (0x008c5f03) x30 0x00000000 mem 0x80012f8e
core   0: 0x8000ce14 (0x0000d317) auipc   t1, 0xd
core   0: 3 0x8000ce14 (0x0000d317) x 6 0x80019e14
core   0: 0x8000ce18 (0x33d30313) addi    t1, t1, 829
core   0: 3 0x8000ce18 (0x33d30313) x 6 0x8001a151
core   0: 0x8000ce1c (0xffac2d23) sw      s10, -6(s8)
core   0: 3 0x8000ce1c (0xffac2d23) mem 0x80012f80 0x800196c0
core   0: 0x8000ce20 (0x00fc4283) lbu     t0, 15(s8)
core   0: 3 0x8000ce20 (0x00fc4283) x 5 0x00000000 mem 0x80012f95
core   0: 0x8000ce24 (0xfd830a03) lb      s4, -40(t1)
core   0: 3 0x8000ce24 (0xfd830a03) x20 0x00000000 mem 0x8001a129
core   0: 0x8000ce28 (0xffdc0c83) lb      s9, -3(s8)
core   0: 3 0x8000ce28 (0xffdc0c83) x25 0xffffff80 mem 0x80012f83
core   0: 0x8000ce2c (0x010c4803) lbu     a6, 16(s8)
core   0: 3 0x8000ce2c (0x010c4803) x16 0x00000000 mem 0x80012f96
core   0: 0x8000ce30 (0xf5834103) lbu     sp, -168(t1)
core   0: 3 0x8000ce30 (0xf5834103) x 2 0x00000012 mem 0x8001a0a9
core   0: 0x8000ce34 (0x00ac4203) lbu     tp, 10(s8)
core   0: 3 0x8000ce34 (0x00ac4203) x 4 0x00000000 mem 0x80012f90
core   0: 0x8000ce38 (0xf0234383) lbu     t2, -254(t1)
core   0: 3 0x8000ce38 (0xf0234383) x 7 0x00000000 mem 0x8001a053
core   0: 0x8000ce3c (0xffdc0683) lb      a3, -3(s8)
core   0: 3 0x8000ce3c (0xffdc0683) x13 0xffffff80 mem 0x80012f83
core   0: 0x8000ce40 (0xfc931d03) lh      s10, -55(t1)
core   0: 3 0x8000ce40 (0xfc931d03) x26 0x00000000 mem 0x8001a11a
core   0: 0x8000ce44 (0xff3c1e23) sh      s3, -4(s8)
core   0: 3 0x8000ce44 (0xff3c1e23) mem 0x80012f82 0x0000
core   0: 0x8000ce48 (0x0b930823) sb      s9, 176(t1)
core   0: 3 0x8000ce48 (0x0b930823) mem 0x8001a201 0x80
core   0: 0x8000ce4c (0x00011597) auipc   a1, 0x11
core   0: 3 0x8000ce4c (0x00011597) x11 0x8001de4c
core   0: 0x8000ce50 (0xbc958593) addi    a1, a1, -1079
core   0: 3 0x8000ce50 (0xbc958593) x11 0x8001da15
core   0: 0x8000ce54 (0x0d4e4e13) xori    t3, t3, 212
core   0: 3 0x8000ce54 (0x0d4e4e13) x28 0x000000d4
core   0: 0x8000ce58 (0x56abde17) auipc   t3, 0x56abd
core   0: 3 0x8000ce58 (0x56abde17) x28 0xd6ac9e58
core   0: 0x8000ce5c (0x01cc82b3) add     t0, s9, t3
core   0: 3 0x8000ce5c (0x01cc82b3) x 5 0xd6ac9dd8
core   0: 0x8000ce60 (0x019cd2b3) srl     t0, s9, s9
core   0: 3 0x8000ce60 (0x019cd2b3) x 5 0xffffff80
core   0: 0x8000ce64 (0xa455cd03) lbu     s10, -1467(a1)
core   0: 3 0x8000ce64 (0xa455cd03) x26 0x00000000 mem 0x8001d45a
core   0: 0x8000ce68 (0x89c2e293) ori     t0, t0, -1892
core   0: 3 0x8000ce68 (0x89c2e293) x 5 0xffffff9c
core   0: 0x8000ce6c (0x0000100f) fence.i
core   0: 3 0x8000ce6c (0x0000100f)
core   0: 0x8000ce70 (0xca5589a3) sb      t0, -845(a1)
core   0: 3 0x8000ce70 (0xca5589a3) mem 0x8001d6c8 0x9c
core   0: 0x8000ce74 (0x2ff596a3) sh      t6, 749(a1)
core   0: 3 0x8000ce74 (0x2ff596a3) mem 0x8001dd02 0x0000
core   0: 0x8000ce78 (0xff65cc83) lbu     s9, -10(a1)
core   0: 3 0x8000ce78 (0xff65cc83) x25 0x000000ff mem 0x8001da0b
core   0: 0x8000ce7c (0x042d3293) sltiu   t0, s10, 66
core   0: 3 0x8000ce7c (0x042d3293) x 5 0x00000001
core   0: 0x8000ce80 (0x405e5cb3) sra     s9, t3, t0
core   0: 3 0x8000ce80 (0x405e5cb3) x25 0xeb564f2c
core   0: 0x8000ce84 (0x90b5d283) lhu     t0, -1781(a1)
core   0: 3 0x8000ce84 (0x90b5d283) x 5 0x00000000 mem 0x8001d320
core   0: 0x8000ce88 (0x0122dd13) srli    s10, t0, 18
core   0: 3 0x8000ce88 (0x0122dd13) x26 0x00000000
core   0: 0x8000ce8c (0x01fe1d33) sll     s10, t3, t6
core   0: 3 0x8000ce8c (0x01fe1d33) x26 0xd6ac9e58
core   0: 0x8000ce90 (0x5bc58023) sb      t3, 1440(a1)
core   0: 3 0x8000ce90 (0x5bc58023) mem 0x8001dfb5 0x58
core   0: 0x8000ce94 (0xc8c5cf83) lbu     t6, -884(a1)
core   0: 3 0x8000ce94 (0xc8c5cf83) x31 0x00000000 mem 0x8001d6a1
core   0: 0x8000ce98 (0xe45589a3) sb      t0, -429(a1)
core   0: 3 0x8000ce98 (0xe45589a3) mem 0x8001d868 0x0
core   0: 0x8000ce9c (0x43c5ce03) lbu     t3, 1084(a1)
core   0: 3 0x8000ce9c (0x43c5ce03) x28 0x00000000 mem 0x8001de51
core   0: 0x8000cea0 (0x600fec93) ori     s9, t6, 1536
core   0: 3 0x8000cea0 (0x600fec93) x25 0x00000600
core   0: 0x8000cea4 (0x01a472b3) and     t0, s0, s10
core   0: 3 0x8000cea4 (0x01a472b3) x 5 0x00000000
core   0: 0x8000cea8 (0xbc858223) sb      s0, -1084(a1)
core   0: 3 0x8000cea8 (0xbc858223) mem 0x8001d5d9 0x0
core   0: 0x8000ceac (0x8c52fc93) andi    s9, t0, -1851
core   0: 3 0x8000ceac (0x8c52fc93) x25 0x00000000
core   0: 0x8000ceb0 (0x1952a413) slti    s0, t0, 405
core   0: 3 0x8000ceb0 (0x1952a413) x 8 0x00000001
core   0: 0x8000ceb4 (0x00000013) nop
core   0: 3 0x8000ceb4 (0x00000013)
core   0: 0x8000ceb8 (0x005d6fb3) or      t6, s10, t0
core   0: 3 0x8000ceb8 (0x005d6fb3) x31 0xd6ac9e58
core   0: 0x8000cebc (0x03c598a3) sh      t3, 49(a1)
core   0: 3 0x8000cebc (0x03c598a3) mem 0x8001da46 0x0000
core   0: 0x8000cec0 (0x41ae0d33) sub     s10, t3, s10
core   0: 3 0x8000cec0 (0x41ae0d33) x26 0x295361a8
core   0: 0x8000cec4 (0xa2b59283) lh      t0, -1493(a1)
core   0: 3 0x8000cec4 (0xa2b59283) x 5 0x00000000 mem 0x8001d440
core   0: 0x8000cec8 (0x1e4fbe13) sltiu   t3, t6, 484
core   0: 3 0x8000cec8 (0x1e4fbe13) x28 0x00000000
core   0: 0x8000cecc (0x8db58f83) lb      t6, -1829(a1)
core   0: 3 0x8000cecc (0x8db58f83) x31 0x00000000 mem 0x8001d2f0
core   0: 0x8000ced0 (0x59a58e03) lb      t3, 1434(a1)
core   0: 3 0x8000ced0 (0x59a58e03) x28 0x00000000 mem 0x8001dfaf
core   0: 0x8000ced4 (0xbe75df83) lhu     t6, -1049(a1)
core   0: 3 0x8000ced4 (0xbe75df83) x31 0x00000000 mem 0x8001d5fc
core   0: 0x8000ced8 (0x00000013) nop
core   0: 3 0x8000ced8 (0x00000013)
core   0: 0x8000cedc (0x0ff0000f) fence   iorw,iorw
core   0: 3 0x8000cedc (0x0ff0000f)
core   0: 0x8000cee0 (0x41546293) ori     t0, s0, 1045
core   0: 3 0x8000cee0 (0x41546293) x 5 0x00000415
core   0: 0x8000cee4 (0x3c55de03) lhu     t3, 965(a1)
core   0: 3 0x8000cee4 (0x3c55de03) x28 0x00000000 mem 0x8001ddda
core   0: 0x8000cee8 (0x0000100f) fence.i
core   0: 3 0x8000cee8 (0x0000100f)
core   0: 0x8000ceec (0x019e12b3) sll     t0, t3, s9
core   0: 3 0x8000ceec (0x019e12b3) x 5 0x00000000
core   0: 0x8000cef0 (0x8b92a293) slti    t0, t0, -1863
core   0: 3 0x8000cef0 (0x8b92a293) x 5 0x00000000
core   0: 0x8000cef4 (0x25d5d283) lhu     t0, 605(a1)
core   0: 3 0x8000cef4 (0x25d5d283) x 5 0x00000000 mem 0x8001dc72
core   0: 0x8000cef8 (0x0000100f) fence.i
core   0: 3 0x8000cef8 (0x0000100f)
core   0: 0x8000cefc (0x007d5293) srli    t0, s10, 7
core   0: 3 0x8000cefc (0x007d5293) x 5 0x0052a6c3
core   0: 0x8000cf00 (0x409cdd13) srai    s10, s9, 9
core   0: 3 0x8000cf00 (0x409cdd13) x26 0x00000000
core   0: 0x8000cf04 (0x41ffde13) srai    t3, t6, 31
core   0: 3 0x8000cf04 (0x41ffde13) x28 0x00000000
core   0: 0x8000cf08 (0x8d958d23) sb      s9, -1830(a1)
core   0: 3 0x8000cf08 (0x8d958d23) mem 0x8001d2ef 0x0
core   0: 0x8000cf0c (0x8cffbe13) sltiu   t3, t6, -1841
core   0: 3 0x8000cf0c (0x8cffbe13) x28 0x00000001
core   0: 0x8000cf10 (0x74b5d403) lhu     s0, 1867(a1)
core   0: 3 0x8000cf10 (0x74b5d403) x 8 0x00000000 mem 0x8001e160
core   0: 0x8000cf14 (0xde558e03) lb      t3, -539(a1)
core   0: 3 0x8000cf14 (0xde558e03) x28 0x00000000 mem 0x8001d7fa
core   0: 0x8000cf18 (0x40958e03) lb      t3, 1033(a1)
core   0: 3 0x8000cf18 (0x40958e03) x28 0x00000000 mem 0x8001de1e
core   0: 0x8000cf1c (0x00006117) auipc   sp, 0x6
core   0: 3 0x8000cf1c (0x00006117) x 2 0x80012f1c
core   0: 0x8000cf20 (0xfd510113) addi    sp, sp, -43
core   0: 3 0x8000cf20 (0xfd510113) x 2 0x80012ef1
core   0: 0x8000cf24 (0xc2711e83) lh      t4, -985(sp)
core   0: 3 0x8000cf24 (0xc2711e83) x29 0x00000000 mem 0x80012b18
core   0: 0x8000cf28 (0xf4510123) sb      t0, -190(sp)
core   0: 3 0x8000cf28 (0xf4510123) mem 0x80012e33 0xc3
core   0: 0x8000cf2c (0x003dd513) srli    a0, s11, 3
core   0: 3 0x8000cf2c (0x003dd513) x10 0x065b0000
core   0: 0x8000cf30 (0xd5315883) lhu     a7, -685(sp)
core   0: 3 0x8000cf30 (0xd5315883) x17 0x00000000 mem 0x80012c44
core   0: 0x8000cf34 (0x1f827d93) andi    s11, tp, 504
core   0: 3 0x8000cf34 (0x1f827d93) x27 0x00000000
core   0: 0x8000cf38 (0x41a2da13) srai    s4, t0, 26
core   0: 3 0x8000cf38 (0x41a2da13) x20 0x00000000
core   0: 0x8000cf3c (0x01395e93) srli    t4, s2, 19
core   0: 3 0x8000cf3c (0x01395e93) x29 0x00000000
core   0: 0x8000cf40 (0xd4884f93) xori    t6, a6, -696
core   0: 3 0x8000cf40 (0xd4884f93) x31 0xfffffd48
core   0: 0x8000cf44 (0xd9510503) lb      a0, -619(sp)
core   0: 3 0x8000cf44 (0xd9510503) x10 0x00000000 mem 0x80012c86
core   0: 0x8000cf48 (0x81e10283) lb      t0, -2018(sp)
core   0: 3 0x8000cf48 (0x81e10283) x 5 0x00000000 mem 0x8001270f
core   0: 0x8000cf4c (0x011dd693) srli    a3, s11, 17
core   0: 3 0x8000cf4c (0x011dd693) x13 0x00000000
core   0: 0x8000cf50 (0x40c4d0b3) sra     ra, s1, a2
core   0: 3 0x8000cf50 (0x40c4d0b3) x 1 0xc0015e72
core   0: 0x8000cf54 (0x0000100f) fence.i
core   0: 3 0x8000cf54 (0x0000100f)
core   0: 0x8000cf58 (0xa6f11283) lh      t0, -1425(sp)
core   0: 3 0x8000cf58 (0xa6f11283) x 5 0x00000000 mem 0x80012960
core   0: 0x8000cf5c (0x010fd813) srli    a6, t6, 16
core   0: 3 0x8000cf5c (0x010fd813) x16 0x0000ffff
core   0: 0x8000cf60 (0x000320b3) slt     ra, t1, zero
core   0: 3 0x8000cf60 (0x000320b3) x 1 0x00000001
core   0: 0x8000cf64 (0x01811a13) slli    s4, sp, 24
core   0: 3 0x8000cf64 (0x01811a13) x20 0xf1000000
core   0: 0x8000cf68 (0xb3d14f03) lbu     t5, -1219(sp)
core   0: 3 0x8000cf68 (0xb3d14f03) x30 0x00000000 mem 0x80012a2e
core   0: 0x8000cf6c (0x01377533) and     a0, a4, s3
core   0: 3 0x8000cf6c (0x01377533) x10 0x00000000
core   0: 0x8000cf70 (0x87e10903) lb      s2, -1922(sp)
core   0: 3 0x8000cf70 (0x87e10903) x18 0x00000000 mem 0x8001276f
core   0: 0x8000cf74 (0x2350bc13) sltiu   s8, ra, 565
core   0: 3 0x8000cf74 (0x2350bc13) x24 0x00000001
core   0: 0x8000cf78 (0xf0e11da3) sh      a4, -229(sp)
core   0: 3 0x8000cf78 (0xf0e11da3) mem 0x80012e0c 0x0000
core   0: 0x8000cf7c (0xa3fc3f13) sltiu   t5, s8, -1473
core   0: 3 0x8000cf7c (0xa3fc3f13) x30 0x00000001
core   0: 0x8000cf80 (0xf0c14383) lbu     t2, -244(sp)
core   0: 3 0x8000cf80 (0xf0c14383) x 7 0x0000002d mem 0x80012dfd
core   0: 0x8000cf84 (0xbde7f913) andi    s2, a5, -1058
core   0: 3 0x8000cf84 (0xbde7f913) x18 0x00000000
core   0: 0x8000cf88 (0xeca14d03) lbu     s10, -310(sp)
core   0: 3 0x8000cf88 (0xeca14d03) x26 0x00000000 mem 0x80012dbb
core   0: 0x8000cf8c (0x01854f33) xor     t5, a0, s8
core   0: 3 0x8000cf8c (0x01854f33) x30 0x00000001
core   0: 0x8000cf90 (0xa1110883) lb      a7, -1519(sp)
core   0: 3 0x8000cf90 (0xa1110883) x17 0x00000000 mem 0x80012902
core   0: 0x8000cf94 (0x8fa47513) andi    a0, s0, -1798
core   0: 3 0x8000cf94 (0x8fa47513) x10 0x00000000
core   0: 0x8000cf98 (0xd4aa3eb7) lui     t4, 0xd4aa3
core   0: 3 0x8000cf98 (0xd4aa3eb7) x29 0xd4aa3000
core   0: 0x8000cf9c (0xaab10723) sb      a1, -1362(sp)
core   0: 3 0x8000cf9c (0xaab10723) mem 0x8001299f 0x15
core   0: 0x8000cfa0 (0x485076b7) lui     a3, 0x48507
core   0: 3 0x8000cfa0 (0x485076b7) x13 0x48507000
core   0: 0x8000cfa4 (0xf1a14003) lbu     zero, -230(sp)
core   0: 3 0x8000cfa4 (0xf1a14003) mem 0x80012e0b
core   0: 0x8000cfa8 (0x01439033) sll     zero, t2, s4
core   0: 3 0x8000cfa8 (0x01439033)
core   0: 0x8000cfac (0xf62ef893) andi    a7, t4, -158
core   0: 3 0x8000cfac (0xf62ef893) x17 0xd4aa3000
core   0: 0x8000cfb0 (0x8d315303) lhu     t1, -1837(sp)
core   0: 3 0x8000cfb0 (0x8d315303) x 6 0x00000000 mem 0x800127c4
core   0: 0x8000cfb4 (0xc4312283) lw      t0, -957(sp)
core   0: 3 0x8000cfb4 (0xc4312283) x 5 0x00000011 mem 0x80012b34
core   0: 0x8000cfb8 (0x00006597) auipc   a1, 0x6
core   0: 3 0x8000cfb8 (0x00006597) x11 0x80012fb8
core   0: 0x8000cfbc (0xadd58593) addi    a1, a1, -1315
core   0: 3 0x8000cfbc (0xadd58593) x11 0x80012a95
core   0: 0x8000cfc0 (0x00005397) auipc   t2, 0x5
core   0: 3 0x8000cfc0 (0x00005397) x 7 0x80011fc0
core   0: 0x8000cfc4 (0x52538393) addi    t2, t2, 1317
core   0: 3 0x8000cfc4 (0x52538393) x 7 0x800124e5
core   0: 0x8000cfc8 (0x00006797) auipc   a5, 0x6
core   0: 3 0x8000cfc8 (0x00006797) x15 0x80012fc8
core   0: 0x8000cfcc (0xc0c78793) addi    a5, a5, -1012
core   0: 3 0x8000cfcc (0xc0c78793) x15 0x80012bd4
core   0: 0x8000cfd0 (0xfe938023) sb      s1, -32(t2)
core   0: 3 0x8000cfd0 (0xfe938023) mem 0x800124c5 0xe4
core   0: 0x8000cfd4 (0x00006b17) auipc   s6, 0x6
core   0: 3 0x8000cfd4 (0x00006b17) x22 0x80012fd4
core   0: 0x8000cfd8 (0xe46b0b13) addi    s6, s6, -442
core   0: 3 0x8000cfd8 (0xe46b0b13) x22 0x80012e1a
core   0: 0x8000cfdc (0xff4b4303) lbu     t1, -12(s6)
core   0: 3 0x8000cfdc (0xff4b4303) x 6 0x00000000 mem 0x80012e0e
core   0: 0x8000cfe0 (0x00005697) auipc   a3, 0x5
core   0: 3 0x8000cfe0 (0x00005697) x13 0x80011fe0
core   0: 0x8000cfe4 (0x3c368693) addi    a3, a3, 963
core   0: 3 0x8000cfe4 (0x3c368693) x13 0x800123a3
core   0: 0x8000cfe8 (0x0a85cd03) lbu     s10, 168(a1)
core   0: 3 0x8000cfe8 (0x0a85cd03) x26 0x00000000 mem 0x80012b3d
core   0: 0x8000cfec (0xffd78803) lb      a6, -3(a5)
core   0: 3 0x8000cfec (0xffd78803) x16 0x00000000 mem 0x80012bd1
core   0: 0x8000cff0 (0x0047cd83) lbu     s11, 4(a5)
core   0: 3 0x8000cff0 (0x0047cd83) x27 0x00000000 mem 0x80012bd8
core   0: 0x8000cff4 (0x7056d883) lhu     a7, 1797(a3)
core   0: 3 0x8000cff4 (0x7056d883) x17 0x00000000 mem 0x80012aa8
core   0: 0x8000cff8 (0xfc538f23) sb      t0, -34(t2)
core   0: 3 0x8000cff8 (0xfc538f23) mem 0x800124c3 0x11
core   0: 0x8000cffc (0x09c5c003) lbu     zero, 156(a1)
core   0: 3 0x8000cffc (0x09c5c003) mem 0x80012b31
core   0: 0x8000d000 (0xff0b4303) lbu     t1, -16(s6)
core   0: 3 0x8000d000 (0xff0b4303) x 6 0x00000000 mem 0x80012e0a
core   0: 0x8000d004 (0xfe158183) lb      gp, -31(a1)
core   0: 3 0x8000d004 (0xfe158183) x 3 0x00000000 mem 0x80012a76
core   0: 0x8000d008 (0x7d668723) sb      s6, 1998(a3)
core   0: 3 0x8000d008 (0x7d668723) mem 0x80012b71 0x1a
core   0: 0x8000d00c (0xfe868283) lb      t0, -24(a3)
core   0: 3 0x8000d00c (0xfe868283) x 5 0x00000000 mem 0x8001238b
core   0: 0x8000d010 (0xfc3590a3) sh      gp, -63(a1)
core   0: 3 0x8000d010 (0xfc3590a3) mem 0x80012a56 0x0000
core   0: 0x8000d014 (0x013b1123) sh      s3, 2(s6)
core   0: 3 0x8000d014 (0x013b1123) mem 0x80012e1c 0x0000
core   0: 0x8000d018 (0xfe9580a3) sb      s1, -31(a1)
core   0: 3 0x8000d018 (0xfe9580a3) mem 0x80012a76 0xe4
core   0: 0x8000d01c (0xfe438d83) lb      s11, -28(t2)
core   0: 3 0x8000d01c (0xfe438d83) x27 0x00000000 mem 0x800124c9
core   0: 0x8000d020 (0x00ab07a3) sb      a0, 15(s6)
core   0: 3 0x8000d020 (0x00ab07a3) mem 0x80012e29 0x0
core   0: 0x8000d024 (0x02e58303) lb      t1, 46(a1)
core   0: 3 0x8000d024 (0x02e58303) x 6 0x00000000 mem 0x80012ac3
core   0: 0x8000d028 (0xff9b0283) lb      t0, -7(s6)
core   0: 3 0x8000d028 (0xff9b0283) x 5 0x00000000 mem 0x80012e13
core   0: 0x8000d02c (0x56f68c23) sb      a5, 1400(a3)
core   0: 3 0x8000d02c (0x56f68c23) mem 0x8001291b 0xd4
core   0: 0x8000d030 (0x018785a3) sb      s8, 11(a5)
core   0: 3 0x8000d030 (0x018785a3) mem 0x80012bdf 0x1
core   0: 0x8000d034 (0x0e05c403) lbu     s0, 224(a1)
core   0: 3 0x8000d034 (0x0e05c403) x 8 0x00000000 mem 0x80012b75
core   0: 0x8000d038 (0x00fb4283) lbu     t0, 15(s6)
core   0: 3 0x8000d038 (0x00fb4283) x 5 0x00000000 mem 0x80012e29
core   0: 0x8000d03c (0x00458423) sb      tp, 8(a1)
core   0: 3 0x8000d03c (0x00458423) mem 0x80012a9d 0x0
core   0: 0x8000d040 (0xffeb4283) lbu     t0, -2(s6)
core   0: 3 0x8000d040 (0xffeb4283) x 5 0x00000000 mem 0x80012e18
core   0: 0x8000d044 (0x0047df03) lhu     t5, 4(a5)
core   0: 3 0x8000d044 (0x0047df03) x30 0x00000000 mem 0x80012bd8
core   0: 0x8000d048 (0x03238903) lb      s2, 50(t2)
core   0: 3 0x8000d048 (0x03238903) x18 0x00000000 mem 0x80012517
core   0: 0x8000d04c (0x25068283) lb      t0, 592(a3)
core   0: 3 0x8000d04c (0x25068283) x 5 0x00000000 mem 0x800125f3
core   0: 0x8000d050 (0x00838423) sb      s0, 8(t2)
core   0: 3 0x8000d050 (0x00838423) mem 0x800124ed 0x0
core   0: 0x8000d054 (0x00ab2e83) lw      t4, 10(s6)
core   0: 3 0x8000d054 (0x00ab2e83) x29 0x00000000 mem 0x80012e24
core   0: 0x8000d058 (0xfffb0aa3) sb      t6, -11(s6)
core   0: 3 0x8000d058 (0xfffb0aa3) mem 0x80012e0f 0x48
core   0: 0x8000d05c (0x00f78723) sb      a5, 14(a5)
core   0: 3 0x8000d05c (0x00f78723) mem 0x80012be2 0xd4
core   0: 0x8000d060 (0x0000b617) auipc   a2, 0xb
core   0: 3 0x8000d060 (0x0000b617) x12 0x80018060
core   0: 0x8000d064 (0xd2e60613) addi    a2, a2, -722
core   0: 3 0x8000d064 (0xd2e60613) x12 0x80017d8e
core   0: 0x8000d068 (0xffc60c23) sb      t3, -8(a2)
core   0: 3 0x8000d068 (0xffc60c23) mem 0x80017d86 0x0
core   0: 0x8000d06c (0x00d4dc93) srli    s9, s1, 13
core   0: 3 0x8000d06c (0x00d4dc93) x25 0x00040015
core   0: 0x8000d070 (0xfed60fa3) sb      a3, -1(a2)
core   0: 3 0x8000d070 (0xfed60fa3) mem 0x80017d8d 0xa3
core   0: 0x8000d074 (0x41120c33) sub     s8, tp, a7
core   0: 3 0x8000d074 (0x41120c33) x24 0x00000000
core   0: 0x8000d078 (0x00a60683) lb      a3, 10(a2)
core   0: 3 0x8000d078 (0x00a60683) x13 0x00000000 mem 0x80017d98
core   0: 0x8000d07c (0x00465d03) lhu     s10, 4(a2)
core   0: 3 0x8000d07c (0x00465d03) x26 0x00000000 mem 0x80017d92
core   0: 0x8000d080 (0xff364983) lbu     s3, -13(a2)
core   0: 3 0x8000d080 (0xff364983) x19 0x00000000 mem 0x80017d81
core   0: 0x8000d084 (0xff364d03) lbu     s10, -13(a2)
core   0: 3 0x8000d084 (0xff364d03) x26 0x00000000 mem 0x80017d81
core   0: 0x8000d088 (0xffc609a3) sb      t3, -13(a2)
core   0: 3 0x8000d088 (0xffc609a3) mem 0x80017d81 0x0
core   0: 0x8000d08c (0xff1609a3) sb      a7, -13(a2)
core   0: 3 0x8000d08c (0xff1609a3) mem 0x80017d81 0x0
core   0: 0x8000d090 (0x00061703) lh      a4, 0(a2)
core   0: 3 0x8000d090 (0x00061703) x14 0x00000000 mem 0x80017d8e
core   0: 0x8000d094 (0x00561023) sh      t0, 0(a2)
core   0: 3 0x8000d094 (0x00561023) mem 0x80017d8e 0x0000
core   0: 0x8000d098 (0xff265203) lhu     tp, -14(a2)
core   0: 3 0x8000d098 (0xff265203) x 4 0x00000000 mem 0x80017d80
core   0: 0x8000d09c (0xffb64683) lbu     a3, -5(a2)
core   0: 3 0x8000d09c (0xffb64683) x13 0x00000000 mem 0x80017d89
core   0: 0x8000d0a0 (0x00da9333) sll     t1, s5, a3
core   0: 3 0x8000d0a0 (0x00da9333) x 6 0xfdb012bb
core   0: 0x8000d0a4 (0x00916e33) or      t3, sp, s1
core   0: 3 0x8000d0a4 (0x00916e33) x28 0x8003bef5
core   0: 0x8000d0a8 (0xffb60aa3) sb      s11, -11(a2)
core   0: 3 0x8000d0a8 (0xffb60aa3) mem 0x80017d83 0x0
core   0: 0x8000d0ac (0x0f660597) auipc   a1, 0xf660
core   0: 3 0x8000d0ac (0x0f660597) x11 0x8f66d0ac
core   0: 0x8000d0b0 (0xff064303) lbu     t1, -16(a2)
core   0: 3 0x8000d0b0 (0xff064303) x 6 0x00000000 mem 0x80017d7e
core   0: 0x8000d0b4 (0x00d61423) sh      a3, 8(a2)
core   0: 3 0x8000d0b4 (0x00d61423) mem 0x80017d96 0x0000
core   0: 0x8000d0b8 (0x00f60e03) lb      t3, 15(a2)
core   0: 3 0x8000d0b8 (0x00f60e03) x28 0x00000000 mem 0x80017d9d
core   0: 0x8000d0bc (0x00760383) lb      t2, 7(a2)
core   0: 3 0x8000d0bc (0x00760383) x 7 0x00000000 mem 0x80017d95
core   0: 0x8000d0c0 (0x00821693) slli    a3, tp, 8
core   0: 3 0x8000d0c0 (0x00821693) x13 0x00000000
core   0: 0x8000d0c4 (0x00d64083) lbu     ra, 13(a2)
core   0: 3 0x8000d0c4 (0x00d64083) x 1 0x00000000 mem 0x80017d9b
core   0: 0x8000d0c8 (0xffd00913) li      s2, -3
core   0: 3 0x8000d0c8 (0xffd00913) x18 0xfffffffd
core   0: 0x8000d0cc (0x0000100f) fence.i
core   0: 3 0x8000d0cc (0x0000100f)
core   0: 0x8000d0d0 (0x01179433) sll     s0, a5, a7
core   0: 3 0x8000d0d0 (0x01179433) x 8 0x80012bd4
core   0: 0x8000d0d4 (0x005869b3) or      s3, a6, t0
core   0: 3 0x8000d0d4 (0x005869b3) x19 0x00000000
core   0: 0x8000d0d8 (0x00000693) li      a3, 0
core   0: 3 0x8000d0d8 (0x00000693) x13 0x00000000
core   0: 0x8000d0dc (0x01dd5593) srli    a1, s10, 29
core   0: 3 0x8000d0dc (0x01dd5593) x11 0x00000000
core   0: 0x8000d0e0 (0x014b0733) add     a4, s6, s4
core   0: 3 0x8000d0e0 (0x014b0733) x14 0x71012e1a
core   0: 0x8000d0e4 (0x007b97b3) sll     a5, s7, t2
core   0: 3 0x8000d0e4 (0x007b97b3) x15 0x80027e48
core   0: 0x8000d0e8 (0x40f587b3) sub     a5, a1, a5
core   0: 3 0x8000d0e8 (0x40f587b3) x15 0x7ffd81b8
core   0: 0x8000d0ec (0x0ff0000f) fence   iorw,iorw
core   0: 3 0x8000d0ec (0x0ff0000f)
core   0: 0x8000d0f0 (0x00690913) addi    s2, s2, 6
core   0: 3 0x8000d0f0 (0x00690913) x18 0x00000003
core   0: 0x8000d0f4 (0x00c9a633) slt     a2, s3, a2
core   0: 3 0x8000d0f4 (0x00c9a633) x12 0x00000000
core   0: 0x8000d0f8 (0x00f8cdb3) xor     s11, a7, a5
core   0: 3 0x8000d0f8 (0x00f8cdb3) x27 0x7ffd81b8
core   0: 0x8000d0fc (0x19938113) addi    sp, t2, 409
core   0: 3 0x8000d0fc (0x19938113) x 2 0x00000199
core   0: 0x8000d100 (0x013075b3) and     a1, zero, s3
core   0: 3 0x8000d100 (0x013075b3) x11 0x00000000
core   0: 0x8000d104 (0x0000100f) fence.i
core   0: 3 0x8000d104 (0x0000100f)
core   0: 0x8000d108 (0x41c80e33) sub     t3, a6, t3
core   0: 3 0x8000d108 (0x41c80e33) x28 0x00000000
core   0: 0x8000d10c (0x41740333) sub     t1, s0, s7
core   0: 3 0x8000d10c (0x41740333) x 6 0xfffead8c
core   0: 0x8000d110 (0x0070da13) srli    s4, ra, 7
core   0: 3 0x8000d110 (0x0070da13) x20 0x00000000
core   0: 0x8000d114 (0x70ed9f37) lui     t5, 0x70ed9
core   0: 3 0x8000d114 (0x70ed9f37) x30 0x70ed9000
core   0: 0x8000d118 (0xc5e16d93) ori     s11, sp, -930
core   0: 3 0x8000d118 (0xc5e16d93) x27 0xfffffddf
core   0: 0x8000d11c (0x0107da33) srl     s4, a5, a6
core   0: 3 0x8000d11c (0x0107da33) x20 0x7ffd81b8
core   0: 0x8000d120 (0xfcd940e3) blt     s2, a3, pc - 64
core   0: 3 0x8000d120 (0xfcd940e3)
core   0: 0x8000d124 (0x615d3d93) sltiu   s11, s10, 1557
core   0: 3 0x8000d124 (0x615d3d93) x27 0x00000001
core   0: 0x8000d128 (0x0000ff17) auipc   t5, 0xf
core   0: 3 0x8000d128 (0x0000ff17) x30 0x8001c128
core   0: 0x8000d12c (0xbb6f0f13) addi    t5, t5, -1098
core   0: 3 0x8000d12c (0xbb6f0f13) x30 0x8001bcde
core   0: 0x8000d130 (0x0ff0000f) fence   iorw,iorw
core   0: 3 0x8000d130 (0x0ff0000f)
core   0: 0x8000d134 (0x0997e893) ori     a7, a5, 153
core   0: 3 0x8000d134 (0x0997e893) x17 0x7ffd81b9
core   0: 0x8000d138 (0xffbf0f23) sb      s11, -2(t5)
core   0: 3 0x8000d138 (0xffbf0f23) mem 0x8001bcdc 0x1
core   0: 0x8000d13c (0x03cf06a3) sb      t3, 45(t5)
core   0: 3 0x8000d13c (0x03cf06a3) mem 0x8001bd0b 0x0
core   0: 0x8000d140 (0x00b09533) sll     a0, ra, a1
core   0: 3 0x8000d140 (0x00b09533) x10 0x00000000
core   0: 0x8000d144 (0xfc6f02a3) sb      t1, -59(t5)
core   0: 3 0x8000d144 (0xfc6f02a3) mem 0x8001bca3 0x8c
core   0: 0x8000d148 (0xff6f2003) lw      zero, -10(t5)
core   0: 3 0x8000d148 (0xff6f2003) mem 0x8001bcd4
core   0: 0x8000d14c (0xff5f0883) lb      a7, -11(t5)
core   0: 3 0x8000d14c (0xff5f0883) x17 0x00000000 mem 0x8001bcd3
core   0: 0x8000d150 (0x003b8033) add     zero, s7, gp
core   0: 3 0x8000d150 (0x003b8033)
core   0: 0x8000d154 (0x0000100f) fence.i
core   0: 3 0x8000d154 (0x0000100f)
core   0: 0x8000d158 (0x009f04a3) sb      s1, 9(t5)
core   0: 3 0x8000d158 (0x009f04a3) mem 0x8001bce7 0xe4
core   0: 0x8000d15c (0x03cf0323) sb      t3, 38(t5)
core   0: 3 0x8000d15c (0x03cf0323) mem 0x8001bd04 0x0
core   0: 0x8000d160 (0x02fc7713) andi    a4, s8, 47
core   0: 3 0x8000d160 (0x02fc7713) x14 0x00000000
core   0: 0x8000d164 (0x01ef5903) lhu     s2, 30(t5)
core   0: 3 0x8000d164 (0x01ef5903) x18 0x00000000 mem 0x8001bcfc
core   0: 0x8000d168 (0x3e853f93) sltiu   t6, a0, 1000
core   0: 3 0x8000d168 (0x3e853f93) x31 0x00000001
core   0: 0x8000d16c (0x40765c93) srai    s9, a2, 7
core   0: 3 0x8000d16c (0x40765c93) x25 0x00000000
core   0: 0x8000d170 (0x01d8e033) or      zero, a7, t4
core   0: 3 0x8000d170 (0x01d8e033)
core   0: 0x8000d174 (0x00367133) and     sp, a2, gp
core   0: 3 0x8000d174 (0x00367133) x 2 0x00000000
core   0: 0x8000d178 (0xfc4f5103) lhu     sp, -60(t5)
core   0: 3 0x8000d178 (0xfc4f5103) x 2 0x00008c00 mem 0x8001bca2
core   0: 0x8000d17c (0x01d35333) srl     t1, t1, t4
core   0: 3 0x8000d17c (0x01d35333) x 6 0xfffead8c
core   0: 0x8000d180 (0x01a7e6b3) or      a3, a5, s10
core   0: 3 0x8000d180 (0x01a7e6b3) x13 0x7ffd81b8
core   0: 0x8000d184 (0x018773b3) and     t2, a4, s8
core   0: 3 0x8000d184 (0x018773b3) x 7 0x00000000
core   0: 0x8000d188 (0xffcf1123) sh      t3, -30(t5)
core   0: 3 0x8000d188 (0xffcf1123) mem 0x8001bcc0 0x0000
core   0: 0x8000d18c (0x017f0ba3) sb      s7, 23(t5)
core   0: 3 0x8000d18c (0x017f0ba3) mem 0x8001bcf5 0x48
core   0: 0x8000d190 (0x00f759b3) srl     s3, a4, a5
core   0: 3 0x8000d190 (0x00f759b3) x19 0x00000000
core   0: 0x8000d194 (0x01a7dd13) srli    s10, a5, 26
core   0: 3 0x8000d194 (0x01a7dd13) x26 0x0000001f
core   0: 0x8000d198 (0x4af40b13) addi    s6, s0, 1199
core   0: 3 0x8000d198 (0x4af40b13) x22 0x80013083
core   0: 0x8000d19c (0x0ff0000f) fence   iorw,iorw
core   0: 3 0x8000d19c (0x0ff0000f)
core   0: 0x8000d1a0 (0x0118d133) srl     sp, a7, a7
core   0: 3 0x8000d1a0 (0x0118d133) x 2 0x00000000
core   0: 0x8000d1a4 (0xf3b6b697) auipc   a3, 0xf3b6b
core   0: 3 0x8000d1a4 (0xf3b6b697) x13 0x73b781a4
core   0: 0x8000d1a8 (0x020f1e83) lh      t4, 32(t5)
core   0: 3 0x8000d1a8 (0x020f1e83) x29 0x00000000 mem 0x8001bcfe
core   0: 0x8000d1ac (0x95a17093) andi    ra, sp, -1702
core   0: 3 0x8000d1ac (0x95a17093) x 1 0x00000000
core   0: 0x8000d1b0 (0xfe5f0223) sb      t0, -28(t5)
core   0: 3 0x8000d1b0 (0xfe5f0223) mem 0x8001bcc2 0x0
core   0: 0x8000d1b4 (0x00826b33) or      s6, tp, s0
core   0: 3 0x8000d1b4 (0x00826b33) x22 0x80012bd4
core   0: 0x8000d1b8 (0x00df0c83) lb      s9, 13(t5)
core   0: 3 0x8000d1b8 (0x00df0c83) x25 0x00000000 mem 0x8001bceb
core   0: 0x8000d1bc (0x002f5883) lhu     a7, 2(t5)
core   0: 3 0x8000d1bc (0x002f5883) x17 0x00000000 mem 0x8001bce0
core   0: 0x8000d1c0 (0x002d8897) auipc   a7, 0x2d8
core   0: 3 0x8000d1c0 (0x002d8897) x17 0x802e51c0
core   0: 0x8000d1c4 (0x00e505b3) add     a1, a0, a4
core   0: 3 0x8000d1c4 (0x00e505b3) x11 0x00000000
core   0: 0x8000d1c8 (0x80b40093) addi    ra, s0, -2037
core   0: 3 0x8000d1c8 (0x80b40093) x 1 0x800123df
core   0: 0x8000d1cc (0x03ef1c23) sh      t5, 56(t5)
core   0: 3 0x8000d1cc (0x03ef1c23) mem 0x8001bd16 0xbcde
core   0: 0x8000d1d0 (0x019f0583) lb      a1, 25(t5)
core   0: 3 0x8000d1d0 (0x019f0583) x11 0x00000000 mem 0x8001bcf7
core   0: 0x8000d1d4 (0x88834393) xori    t2, t1, -1912
core   0: 3 0x8000d1d4 (0x88834393) x 7 0x00015504
core   0: 0x8000d1d8 (0xfc3f4f83) lbu     t6, -61(t5)
core   0: 3 0x8000d1d8 (0xfc3f4f83) x31 0x00000000 mem 0x8001bca1
core   0: 0x8000d1dc (0x00c007ef) jal     a5, pc + 0xc
core   0: 3 0x8000d1dc (0x00c007ef) x15 0x8000d1e0
core   0: 0x8000d1e8 (0x024000ef) jal     pc + 0x24
core   0: 3 0x8000d1e8 (0x024000ef) x 1 0x8000d1ec
core   0: 0x8000d20c (0xff1ff36f) jal     t1, pc - 0x10
core   0: 3 0x8000d20c (0xff1ff36f) x 6 0x8000d210
core   0: 0x8000d1fc (0xff1ff36f) jal     t1, pc - 0x10
core   0: 3 0x8000d1fc (0xff1ff36f) x 6 0x8000d200
core   0: 0x8000d1ec (0x00c000ef) jal     pc + 0xc
core   0: 3 0x8000d1ec (0x00c000ef) x 1 0x8000d1f0
core   0: 0x8000d1f8 (0xfedff56f) jal     a0, pc - 0x14
core   0: 3 0x8000d1f8 (0xfedff56f) x10 0x8000d1fc
core   0: 0x8000d1e4 (0x010001ef) jal     gp, pc + 0x10
core   0: 3 0x8000d1e4 (0x010001ef) x 3 0x8000d1e8
core   0: 0x8000d1f4 (0xffdff6ef) jal     a3, pc - 0x4
core   0: 3 0x8000d1f4 (0xffdff6ef) x13 0x8000d1f8
core   0: 0x8000d1f0 (0xff1ff36f) jal     t1, pc - 0x10
core   0: 3 0x8000d1f0 (0xff1ff36f) x 6 0x8000d1f4
core   0: 0x8000d1e0 (0x0280036f) jal     t1, pc + 0x28
core   0: 3 0x8000d1e0 (0x0280036f) x 6 0x8000d1e4
core   0: 0x8000d208 (0xffdff36f) jal     t1, pc - 0x4
core   0: 3 0x8000d208 (0xffdff36f) x 6 0x8000d20c
core   0: 0x8000d204 (0x00c0036f) jal     t1, pc + 0xc
core   0: 3 0x8000d204 (0x00c0036f) x 6 0x8000d208
core   0: 0x8000d210 (0xff1ff2ef) jal     t0, pc - 0x10
core   0: 3 0x8000d210 (0xff1ff2ef) x 5 0x8000d214
core   0: 0x8000d200 (0x0140076f) jal     a4, pc + 0x14
core   0: 3 0x8000d200 (0x0140076f) x14 0x8000d204
core   0: 0x8000d214 (0x01949813) slli    a6, s1, 25
core   0: 3 0x8000d214 (0x01949813) x16 0xc8000000
core   0: 0x8000d218 (0x0000b617) auipc   a2, 0xb
core   0: 3 0x8000d218 (0x0000b617) x12 0x80018218
core   0: 0x8000d21c (0x5b360613) addi    a2, a2, 1459
core   0: 3 0x8000d21c (0x5b360613) x12 0x800187cb
core   0: 0x8000d220 (0x0000f417) auipc   s0, 0xf
core   0: 3 0x8000d220 (0x0000f417) x 8 0x8001c220
core   0: 0x8000d224 (0x5f940413) addi    s0, s0, 1529
core   0: 3 0x8000d224 (0x5f940413) x 8 0x8001c819
core   0: 0x8000d228 (0x00013f17) auipc   t5, 0x13
core   0: 3 0x8000d228 (0x00013f17) x30 0x80020228
core   0: 0x8000d22c (0x08ff0f13) addi    t5, t5, 143
core   0: 3 0x8000d22c (0x08ff0f13) x30 0x800202b7
core   0: 0x8000d230 (0x59342e03) lw      t3, 1427(s0)
core   0: 3 0x8000d230 (0x59342e03) x28 0x00000000 mem 0x8001cdac
core   0: 0x8000d234 (0xfe060e23) sb      zero, -4(a2)
core   0: 3 0x8000d234 (0xfe060e23) mem 0x800187c7 0x0
core   0: 0x8000d238 (0x00ef0323) sb      a4, 6(t5)
core   0: 3 0x8000d238 (0x00ef0323) mem 0x800202bd 0x4
core   0: 0x8000d23c (0xff0f0e03) lb      t3, -16(t5)
core   0: 3 0x8000d23c (0xff0f0e03) x28 0x00000000 mem 0x800202a7
core   0: 0x8000d240 (0xff162a03) lw      s4, -15(a2)
core   0: 3 0x8000d240 (0xff162a03) x20 0x00000000 mem 0x800187bc
core   0: 0x8000d244 (0xfed60da3) sb      a3, -5(a2)
core   0: 3 0x8000d244 (0xfed60da3) mem 0x800187c6 0xf8
core   0: 0x8000d248 (0x1e440ea3) sb      tp, 509(s0)
core   0: 3 0x8000d248 (0x1e440ea3) mem 0x8001ca16 0x0
core   0: 0x8000d24c (0xff7608a3) sb      s7, -15(a2)
core   0: 3 0x8000d24c (0xff7608a3) mem 0x800187bc 0x48
core   0: 0x8000d250 (0x007f5103) lhu     sp, 7(t5)
core   0: 3 0x8000d250 (0x007f5103) x 2 0x00000000 mem 0x800202be
core   0: 0x8000d254 (0x00c612a3) sh      a2, 5(a2)
core   0: 3 0x8000d254 (0x00c612a3) mem 0x800187d0 0x87cb
core   0: 0x8000d258 (0xfa940f83) lb      t6, -87(s0)
core   0: 3 0x8000d258 (0xfa940f83) x31 0x00000000 mem 0x8001c7c2
core   0: 0x8000d25c (0x9df40a03) lb      s4, -1569(s0)
core   0: 3 0x8000d25c (0x9df40a03) x20 0x00000000 mem 0x8001c1f8
core   0: 0x8000d260 (0x000f0103) lb      sp, 0(t5)
core   0: 3 0x8000d260 (0x000f0103) x 2 0x00000000 mem 0x800202b7
core   0: 0x8000d264 (0xb4345183) lhu     gp, -1213(s0)
core   0: 3 0x8000d264 (0xb4345183) x 3 0x00000000 mem 0x8001c35c
core   0: 0x8000d268 (0x00260c83) lb      s9, 2(a2)
core   0: 3 0x8000d268 (0x00260c83) x25 0x00000000 mem 0x800187cd
core   0: 0x8000d26c (0x01f622a3) sw      t6, 5(a2)
core   0: 3 0x8000d26c (0x01f622a3) mem 0x800187d0 0x00000000
core   0: 0x8000d270 (0x00bf0723) sb      a1, 14(t5)
core   0: 3 0x8000d270 (0x00bf0723) mem 0x800202c5 0x0
core   0: 0x8000d274 (0x2a340223) sb      gp, 676(s0)
core   0: 3 0x8000d274 (0x2a340223) mem 0x8001cabd 0x0
core   0: 0x8000d278 (0x00165003) lhu     zero, 1(a2)
core   0: 3 0x8000d278 (0x00165003) mem 0x800187cc
core   0: 0x8000d27c (0xb51405a3) sb      a7, -1205(s0)
core   0: 3 0x8000d27c (0xb51405a3) mem 0x8001c364 0xc0
core   0: 0x8000d280 (0xff760923) sb      s7, -14(a2)
core   0: 3 0x8000d280 (0xff760923) mem 0x800187bd 0x48
core   0: 0x8000d284 (0x70540983) lb      s3, 1797(s0)
core   0: 3 0x8000d284 (0x70540983) x19 0x00000000 mem 0x8001cf1e
core   0: 0x8000d288 (0x22644903) lbu     s2, 550(s0)
core   0: 3 0x8000d288 (0x22644903) x18 0x00000000 mem 0x8001ca3f
core   0: 0x8000d28c (0x00260883) lb      a7, 2(a2)
core   0: 3 0x8000d28c (0x00260883) x17 0x00000000 mem 0x800187cd
core   0: 0x8000d290 (0xffdf0ca3) sb      t4, -7(t5)
core   0: 3 0x8000d290 (0xffdf0ca3) mem 0x800202b0 0x0
core   0: 0x8000d294 (0x00005b17) auipc   s6, 0x5
core   0: 3 0x8000d294 (0x00005b17) x22 0x80012294
core   0: 0x8000d298 (0x316b0b13) addi    s6, s6, 790
core   0: 3 0x8000d298 (0x316b0b13) x22 0x800125aa
core   0: 0x8000d29c (0x00006997) auipc   s3, 0x6
core   0: 3 0x8000d29c (0x00006997) x19 0x8001329c
core   0: 0x8000d2a0 (0xc3098993) addi    s3, s3, -976
core   0: 3 0x8000d2a0 (0xc3098993) x19 0x80012ecc
core   0: 0x8000d2a4 (0x01eb0d23) sb      t5, 26(s6)
core   0: 3 0x8000d2a4 (0x01eb0d23) mem 0x800125c4 0xb7
core   0: 0x8000d2a8 (0x01c99123) sh      t3, 2(s3)
core   0: 3 0x8000d2a8 (0x01c99123) mem 0x80012ece 0x0000
core   0: 0x8000d2ac (0xfffb0603) lb      a2, -1(s6)
core   0: 3 0x8000d2ac (0xfffb0603) x12 0x00000000 mem 0x800125a9
core   0: 0x8000d2b0 (0x00e98403) lb      s0, 14(s3)
core   0: 3 0x8000d2b0 (0x00e98403) x 8 0xfffffffc mem 0x80012eda
core   0: 0x8000d2b4 (0xfefb0fa3) sb      a5, -1(s6)
core   0: 3 0x8000d2b4 (0xfefb0fa3) mem 0x800125a9 0xe0
core   0: 0x8000d2b8 (0x00a98723) sb      a0, 14(s3)
core   0: 3 0x8000d2b8 (0x00a98723) mem 0x80012eda 0xfc
core   0: 0x8000d2bc (0x03398503) lb      a0, 51(s3)
core   0: 3 0x8000d2bc (0x03398503) x10 0x00000000 mem 0x80012eff
core   0: 0x8000d2c0 (0xff398403) lb      s0, -13(s3)
core   0: 3 0x8000d2c0 (0xff398403) x 8 0x00000000 mem 0x80012ebf
core   0: 0x8000d2c4 (0xfe1b4e03) lbu     t3, -31(s6)
core   0: 3 0x8000d2c4 (0xfe1b4e03) x28 0x00000000 mem 0x8001258b
core   0: 0x8000d2c8 (0xffeb2523) sw      t5, -22(s6)
core   0: 3 0x8000d2c8 (0xffeb2523) mem 0x80012594 0x800202b7
core   0: 0x8000d2cc (0xfe5986a3) sb      t0, -19(s3)
core   0: 3 0x8000d2cc (0xfe5986a3) mem 0x80012eb9 0x14
core   0: 0x8000d2d0 (0x010007ef) jal     a5, pc + 0x10
core   0: 3 0x8000d2d0 (0x010007ef) x15 0x8000d2d4
core   0: 0x8000d2e0 (0x0040036f) jal     t1, pc + 0x4
core   0: 3 0x8000d2e0 (0x0040036f) x 6 0x8000d2e4
core   0: 0x8000d2e4 (0x02c0036f) jal     t1, pc + 0x2c
core   0: 3 0x8000d2e4 (0x02c0036f) x 6 0x8000d2e8
core   0: 0x8000d310 (0xfe5ff0ef) jal     pc - 0x1c
core   0: 3 0x8000d310 (0xfe5ff0ef) x 1 0x8000d314
core   0: 0x8000d2f4 (0x018000ef) jal     pc + 0x18
core   0: 3 0x8000d2f4 (0x018000ef) x 1 0x8000d2f8
core   0: 0x8000d30c (0xff1ff0ef) jal     pc - 0x10
core   0: 3 0x8000d30c (0xff1ff0ef) x 1 0x8000d310
core   0: 0x8000d2fc (0xffdff0ef) jal     pc - 0x4
core   0: 3 0x8000d2fc (0xffdff0ef) x 1 0x8000d300
core   0: 0x8000d2f8 (0xff5ff46f) jal     s0, pc - 0xc
core   0: 3 0x8000d2f8 (0xff5ff46f) x 8 0x8000d2fc
core   0: 0x8000d2ec (0x0040036f) jal     t1, pc + 0x4
core   0: 3 0x8000d2ec (0x0040036f) x 6 0x8000d2f0
core   0: 0x8000d2f0 (0x014000ef) jal     pc + 0x14
core   0: 3 0x8000d2f0 (0x014000ef) x 1 0x8000d2f4
core   0: 0x8000d304 (0x0040036f) jal     t1, pc + 0x4
core   0: 3 0x8000d304 (0x0040036f) x 6 0x8000d308
core   0: 0x8000d308 (0xff9ff6ef) jal     a3, pc - 0x8
core   0: 3 0x8000d308 (0xff9ff6ef) x13 0x8000d30c
core   0: 0x8000d300 (0xfddff76f) jal     a4, pc - 0x24
core   0: 3 0x8000d300 (0xfddff76f) x14 0x8000d304
core   0: 0x8000d2dc (0xff9ff0ef) jal     pc - 0x8
core   0: 3 0x8000d2dc (0xff9ff0ef) x 1 0x8000d2e0
core   0: 0x8000d2d4 (0x014000ef) jal     pc + 0x14
core   0: 3 0x8000d2d4 (0x014000ef) x 1 0x8000d2d8
core   0: 0x8000d2e8 (0xff1ff0ef) jal     pc - 0x10
core   0: 3 0x8000d2e8 (0xff1ff0ef) x 1 0x8000d2ec
core   0: 0x8000d2d8 (0x03c000ef) jal     pc + 0x3c
core   0: 3 0x8000d2d8 (0x03c000ef) x 1 0x8000d2dc
core   0: 0x8000d314 (0x018708b3) add     a7, a4, s8
core   0: 3 0x8000d314 (0x018708b3) x17 0x8000d304
core   0: 0x8000d318 (0x0000d117) auipc   sp, 0xd
core   0: 3 0x8000d318 (0x0000d117) x 2 0x8001a318
core   0: 0x8000d31c (0x3d410113) addi    sp, sp, 980
core   0: 3 0x8000d31c (0x3d410113) x 2 0x8001a6ec
core   0: 0x8000d320 (0xff810003) lb      zero, -8(sp)
core   0: 3 0x8000d320 (0xff810003) mem 0x8001a6e4
core   0: 0x8000d324 (0x40f652b3) sra     t0, a2, a5
core   0: 3 0x8000d324 (0x40f652b3) x 5 0x00000000
core   0: 0x8000d328 (0x01f5e9b3) or      s3, a1, t6
core   0: 3 0x8000d328 (0x01f5e9b3) x19 0x00000000
core   0: 0x8000d32c (0xff815183) lhu     gp, -8(sp)
core   0: 3 0x8000d32c (0xff815183) x 3 0x00000000 mem 0x8001a6e4
core   0: 0x8000d330 (0x00ad5393) srli    t2, s10, 10
core   0: 3 0x8000d330 (0x00ad5393) x 7 0x00000000
core   0: 0x8000d334 (0x01ee9e33) sll     t3, t4, t5
core   0: 3 0x8000d334 (0x01ee9e33) x28 0x00000000
core   0: 0x8000d338 (0xff710fa3) sb      s7, -1(sp)
core   0: 3 0x8000d338 (0xff710fa3) mem 0x8001a6eb 0x48
core   0: 0x8000d33c (0xff012403) lw      s0, -16(sp)
core   0: 3 0x8000d33c (0xff012403) x 8 0x00000000 mem 0x8001a6dc
core   0: 0x8000d340 (0x0035b7b3) sltu    a5, a1, gp
core   0: 3 0x8000d340 (0x0035b7b3) x15 0x00000000
core   0: 0x8000d344 (0x00414883) lbu     a7, 4(sp)
core   0: 3 0x8000d344 (0x00414883) x17 0x00000000 mem 0x8001a6f0
core   0: 0x8000d348 (0x40590b33) sub     s6, s2, t0
core   0: 3 0x8000d348 (0x40590b33) x22 0x00000000
core   0: 0x8000d34c (0x59186993) ori     s3, a6, 1425
core   0: 3 0x8000d34c (0x59186993) x19 0xc8000591
core   0: 0x8000d350 (0x19f16f93) ori     t6, sp, 415
core   0: 3 0x8000d350 (0x19f16f93) x31 0x8001a7ff
core   0: 0x8000d354 (0x00d2e5b3) or      a1, t0, a3
core   0: 3 0x8000d354 (0x00d2e5b3) x11 0x8000d30c
core   0: 0x8000d358 (0x01612423) sw      s6, 8(sp)
core   0: 3 0x8000d358 (0x01612423) mem 0x8001a6f4 0x00000000
core   0: 0x8000d35c (0x01c35233) srl     tp, t1, t3
core   0: 3 0x8000d35c (0x01c35233) x 4 0x8000d308
core   0: 0x8000d360 (0x0000100f) fence.i
core   0: 3 0x8000d360 (0x0000100f)
core   0: 0x8000d364 (0x0ff0000f) fence   iorw,iorw
core   0: 3 0x8000d364 (0x0ff0000f)
core   0: 0x8000d368 (0x74e24913) xori    s2, tp, 1870
core   0: 3 0x8000d368 (0x74e24913) x18 0x8000d446
core   0: 0x8000d36c (0x414457b3) sra     a5, s0, s4
core   0: 3 0x8000d36c (0x414457b3) x15 0x00000000
core   0: 0x8000d370 (0x0118df33) srl     t5, a7, a7
core   0: 3 0x8000d370 (0x0118df33) x30 0x00000000
core   0: 0x8000d374 (0x00210883) lb      a7, 2(sp)
core   0: 3 0x8000d374 (0x00210883) x17 0x00000000 mem 0x8001a6ee
core   0: 0x8000d378 (0xfff10f03) lb      t5, -1(sp)
core   0: 3 0x8000d378 (0xfff10f03) x30 0x00000048 mem 0x8001a6eb
core   0: 0x8000d37c (0x01110723) sb      a7, 14(sp)
core   0: 3 0x8000d37c (0x01110723) mem 0x8001a6fa 0x0
core   0: 0x8000d380 (0x7fd0bf13) sltiu   t5, ra, 2045
core   0: 3 0x8000d380 (0x7fd0bf13) x30 0x00000000
core   0: 0x8000d384 (0xdd664537) lui     a0, 0xdd664
core   0: 3 0x8000d384 (0xdd664537) x10 0xdd664000
core   0: 0x8000d388 (0x00350433) add     s0, a0, gp
core   0: 3 0x8000d388 (0x00350433) x 8 0xdd664000
core   0: 0x8000d38c (0x01835233) srl     tp, t1, s8
core   0: 3 0x8000d38c (0x01835233) x 4 0x8000d308
core   0: 0x8000d390 (0xff910823) sb      s9, -16(sp)
core   0: 3 0x8000d390 (0xff910823) mem 0x8001a6dc 0x0
core   0: 0x8000d394 (0x00817eb3) and     t4, sp, s0
core   0: 3 0x8000d394 (0x00817eb3) x29 0x80000000
core   0: 0x8000d398 (0xff415183) lhu     gp, -12(sp)
core   0: 3 0x8000d398 (0xff415183) x 3 0x00000000 mem 0x8001a6e0
core   0: 0x8000d39c (0x76a96837) lui     a6, 0x76a96
core   0: 3 0x8000d39c (0x76a96837) x16 0x76a96000
core   0: 0x8000d3a0 (0xffb10d83) lb      s11, -5(sp)
core   0: 3 0x8000d3a0 (0xffb10d83) x27 0x00000000 mem 0x8001a6e7
core   0: 0x8000d3a4 (0xffb14e83) lbu     t4, -5(sp)
core   0: 3 0x8000d3a4 (0xffb14e83) x29 0x00000000 mem 0x8001a6e7
core   0: 0x8000d3a8 (0x00815703) lhu     a4, 8(sp)
core   0: 3 0x8000d3a8 (0x00815703) x14 0x00000000 mem 0x8001a6f4
core   0: 0x8000d3ac (0x00b8b9b3) sltu    s3, a7, a1
core   0: 3 0x8000d3ac (0x00b8b9b3) x19 0x00000001
core   0: 0x8000d3b0 (0x00d101a3) sb      a3, 3(sp)
core   0: 3 0x8000d3b0 (0x00d101a3) mem 0x8001a6ef 0xc
core   0: 0x8000d3b4 (0x00910023) sb      s1, 0(sp)
core   0: 3 0x8000d3b4 (0x00910023) mem 0x8001a6ec 0xe4
core   0: 0x8000d3b8 (0x01010f03) lb      t5, 16(sp)
core   0: 3 0x8000d3b8 (0x01010f03) x30 0x00000000 mem 0x8001a6fc
core   0: 0x8000d3bc (0xff110f03) lb      t5, -15(sp)
core   0: 3 0x8000d3bc (0xff110f03) x30 0x00000000 mem 0x8001a6dd
core   0: 0x8000d3c0 (0x8b8cbe93) sltiu   t4, s9, -1864
core   0: 3 0x8000d3c0 (0x8b8cbe93) x29 0x00000001
core   0: 0x8000d3c4 (0x00810403) lb      s0, 8(sp)
core   0: 3 0x8000d3c4 (0x00810403) x 8 0x00000000 mem 0x8001a6f4
core   0: 0x8000d3c8 (0x00b10183) lb      gp, 11(sp)
core   0: 3 0x8000d3c8 (0x00b10183) x 3 0x00000000 mem 0x8001a6f7
core   0: 0x8000d3cc (0xffd10303) lb      t1, -3(sp)
core   0: 3 0x8000d3cc (0xffd10303) x 6 0x00000000 mem 0x8001a6e9
core   0: 0x8000d3d0 (0x00f14383) lbu     t2, 15(sp)
core   0: 3 0x8000d3d0 (0x00f14383) x 7 0x00000000 mem 0x8001a6fb
core   0: 0x8000d3d4 (0x542f4893) xori    a7, t5, 1346
core   0: 3 0x8000d3d4 (0x542f4893) x17 0x00000542
core   0: 0x8000d3d8 (0x00110eb3) add     t4, sp, ra
core   0: 3 0x8000d3d8 (0x00110eb3) x29 0x000279c8
core   0: 0x8000d3dc (0x01d101a3) sb      t4, 3(sp)
core   0: 3 0x8000d3dc (0x01d101a3) mem 0x8001a6ef 0xc8
core   0: 0x8000d3e0 (0x205c6613) ori     a2, s8, 517
core   0: 3 0x8000d3e0 (0x205c6613) x12 0x00000205
core   0: 0x8000d3e4 (0x01eb9513) slli    a0, s7, 30
core   0: 3 0x8000d3e4 (0x01eb9513) x10 0x00000000
core   0: 0x8000d3e8 (0xfe410aa3) sb      tp, -11(sp)
core   0: 3 0x8000d3e8 (0xfe410aa3) mem 0x8001a6e1 0x8
core   0: 0x8000d3ec (0x0ff0000f) fence   iorw,iorw
core   0: 3 0x8000d3ec (0x0ff0000f)
core   0: 0x8000d3f0 (0xff110fa3) sb      a7, -1(sp)
core   0: 3 0x8000d3f0 (0xff110fa3) mem 0x8001a6eb 0x42
core   0: 0x8000d3f4 (0x00005f97) auipc   t6, 0x5
core   0: 3 0x8000d3f4 (0x00005f97) x31 0x800123f4
core   0: 0x8000d3f8 (0x176f8f93) addi    t6, t6, 374
core   0: 3 0x8000d3f8 (0x176f8f93) x31 0x8001256a
core   0: 0x8000d3fc (0x00011617) auipc   a2, 0x11
core   0: 3 0x8000d3fc (0x00011617) x12 0x8001e3fc
core   0: 0x8000d400 (0x32e60613) addi    a2, a2, 814
core   0: 3 0x8000d400 (0x32e60613) x12 0x8001e72a
core   0: 0x8000d404 (0x6f2f85a3) sb      s2, 1771(t6)
core   0: 3 0x8000d404 (0x6f2f85a3) mem 0x80012c55 0x46
core   0: 0x8000d408 (0xb4bf8aa3) sb      a1, -1195(t6)
core   0: 3 0x8000d408 (0xb4bf8aa3) mem 0x800120bf 0xc
core   0: 0x8000d40c (0xc4a601a3) sb      a0, -957(a2)
core   0: 3 0x8000d40c (0xc4a601a3) mem 0x8001e36d 0x0
core   0: 0x8000d410 (0x6d7f88a3) sb      s7, 1745(t6)
core   0: 3 0x8000d410 (0x6d7f88a3) mem 0x80012c3b 0x48
core   0: 0x8000d414 (0x2db61723) sh      s11, 718(a2)
core   0: 3 0x8000d414 (0x2db61723) mem 0x8001e9f8 0x0000
core   0: 0x8000d418 (0x1b7f9723) sh      s7, 430(t6)
core   0: 3 0x8000d418 (0x1b7f9723) mem 0x80012718 0x7e48
core   0: 0x8000d41c (0x394f87a3) sb      s4, 911(t6)
core   0: 3 0x8000d41c (0x394f87a3) mem 0x800128f9 0x0
core   0: 0x8000d420 (0x54260023) sb      sp, 1344(a2)
core   0: 3 0x8000d420 (0x54260023) mem 0x8001ec6a 0xec
core   0: 0x8000d424 (0x060f8883) lb      a7, 96(t6)
core   0: 3 0x8000d424 (0x060f8883) x17 0x00000000 mem 0x800125ca
core   0: 0x8000d428 (0x132f9183) lh      gp, 306(t6)
core   0: 3 0x8000d428 (0x132f9183) x 3 0x00000000 mem 0x8001269c
core   0: 0x8000d42c (0x98564103) lbu     sp, -1659(a2)
core   0: 3 0x8000d42c (0x98564103) x 2 0x00000000 mem 0x8001e0af
core   0: 0x8000d430 (0x3b9fcf03) lbu     t5, 953(t6)
core   0: 3 0x8000d430 (0x3b9fcf03) x30 0x00000000 mem 0x80012923
core   0: 0x8000d434 (0x3ca60d03) lb      s10, 970(a2)
core   0: 3 0x8000d434 (0x3ca60d03) x26 0x00000000 mem 0x8001eaf4
core   0: 0x8000d438 (0x98464083) lbu     ra, -1660(a2)
core   0: 3 0x8000d438 (0x98464083) x 1 0x00000000 mem 0x8001e0ae
core   0: 0x8000d43c (0x00005417) auipc   s0, 0x5
core   0: 3 0x8000d43c (0x00005417) x 8 0x8001243c
core   0: 0x8000d440 (0x07340413) addi    s0, s0, 115
core   0: 3 0x8000d440 (0x07340413) x 8 0x800124af
core   0: 0x8000d444 (0x046405a3) sb      t1, 75(s0)
core   0: 3 0x8000d444 (0x046405a3) mem 0x800124fa 0x0
core   0: 0x8000d448 (0x28a40e03) lb      t3, 650(s0)
core   0: 3 0x8000d448 (0x28a40e03) x28 0x00000000 mem 0x80012739
core   0: 0x8000d44c (0xbe840303) lb      t1, -1048(s0)
core   0: 3 0x8000d44c (0xbe840303) x 6 0x00000000 mem 0x80012097
core   0: 0x8000d450 (0x0dd41903) lh      s2, 221(s0)
core   0: 3 0x8000d450 (0x0dd41903) x18 0x00000000 mem 0x8001258c
core   0: 0x8000d454 (0x7f844883) lbu     a7, 2040(s0)
core   0: 3 0x8000d454 (0x7f844883) x17 0x00000000 mem 0x80012ca7
core   0: 0x8000d458 (0x42941e03) lh      t3, 1065(s0)
core   0: 3 0x8000d458 (0x42941e03) x28 0x00000000 mem 0x800128d8
core   0: 0x8000d45c (0x424414a3) sh      tp, 1065(s0)
core   0: 3 0x8000d45c (0x424414a3) mem 0x800128d8 0xd308
core   0: 0x8000d460 (0xc3740d23) sb      s7, -966(s0)
core   0: 3 0x8000d460 (0xc3740d23) mem 0x800120e9 0x48
core   0: 0x8000d464 (0xf2c40983) lb      s3, -212(s0)
core   0: 3 0x8000d464 (0xf2c40983) x19 0x00000000 mem 0x800123db
core   0: 0x8000d468 (0xf2c44183) lbu     gp, -212(s0)
core   0: 3 0x8000d468 (0xf2c44183) x 3 0x00000000 mem 0x800123db
core   0: 0x8000d46c (0xfef41a03) lh      s4, -17(s0)
core   0: 3 0x8000d46c (0xfef41a03) x20 0x00000000 mem 0x8001249e
core   0: 0x8000d470 (0xc7b40383) lb      t2, -901(s0)
core   0: 3 0x8000d470 (0xc7b40383) x 7 0x00000000 mem 0x8001212a
core   0: 0x8000d474 (0x01508233) add     tp, ra, s5
core   0: 3 0x8000d474 (0x01508233) x 4 0xfdb012bb
core   0: 0x8000d478 (0xf9040883) lb      a7, -112(s0)
core   0: 3 0x8000d478 (0xf9040883) x17 0x00000000 mem 0x8001243f
core   0: 0x8000d47c (0xcf240503) lb      a0, -782(s0)
core   0: 3 0x8000d47c (0xcf240503) x10 0x00000000 mem 0x800121a1
core   0: 0x8000d480 (0x019e7463) bgeu    t3, s9, pc + 8
core   0: 3 0x8000d480 (0x019e7463)
core   0: 0x8000d488 (0x4aeea137) lui     sp, 0x4aeea
core   0: 3 0x8000d488 (0x4aeea137) x 2 0x4aeea000
core   0: 0x8000d48c (0x5aee0013) addi    zero, t3, 1454
core   0: 3 0x8000d48c (0x5aee0013)
core   0: 0x8000d490 (0x01749e93) slli    t4, s1, 23
core   0: 3 0x8000d490 (0x01749e93) x29 0x72000000
core   0: 0x8000d494 (0xfdbfea13) ori     s4, t6, -37
core   0: 3 0x8000d494 (0xfdbfea13) x20 0xfffffffb
core   0: 0x8000d498 (0xd872a193) slti    gp, t0, -633
core   0: 3 0x8000d498 (0xd872a193) x 3 0x00000000
core   0: 0x8000d49c (0x14356313) ori     t1, a0, 323
core   0: 3 0x8000d49c (0x14356313) x 6 0x00000143
core   0: 0x8000d4a0 (0x0000100f) fence.i
core   0: 3 0x8000d4a0 (0x0000100f)
core   0: 0x8000d4a4 (0x42bdb393) sltiu   t2, s11, 1067
core   0: 3 0x8000d4a4 (0x42bdb393) x 7 0x00000001
core   0: 0x8000d4a8 (0x0037b3b3) sltu    t2, a5, gp
core   0: 3 0x8000d4a8 (0x0037b3b3) x 7 0x00000000
core   0: 0x8000d4ac (0x14e4a837) lui     a6, 0x14e4a
core   0: 3 0x8000d4ac (0x14e4a837) x16 0x14e4a000
core   0: 0x8000d4b0 (0x0ff0000f) fence   iorw,iorw
core   0: 3 0x8000d4b0 (0x0ff0000f)
core   0: 0x8000d4b4 (0x01a17533) and     a0, sp, s10
core   0: 3 0x8000d4b4 (0x01a17533) x10 0x00000000
core   0: 0x8000d4b8 (0xd6720e13) addi    t3, tp, -665
core   0: 3 0x8000d4b8 (0xd6720e13) x28 0xfdb01022
core   0: 0x8000d4bc (0x01ad1e13) slli    t3, s10, 26
core   0: 3 0x8000d4bc (0x01ad1e13) x28 0x00000000
core   0: 0x8000d4c0 (0xd8b76e93) ori     t4, a4, -629
core   0: 3 0x8000d4c0 (0xd8b76e93) x29 0xfffffd8b
core   0: 0x8000d4c4 (0x50954613) xori    a2, a0, 1289
core   0: 3 0x8000d4c4 (0x50954613) x12 0x00000509
core   0: 0x8000d4c8 (0x01850013) addi    zero, a0, 24
core   0: 3 0x8000d4c8 (0x01850013)
core   0: 0x8000d4cc (0x0460f663) bgeu    ra, t1, pc + 76
core   0: 3 0x8000d4cc (0x0460f663)
core   0: 0x8000d4d0 (0xa8f9d797) auipc   a5, 0xa8f9d
core   0: 3 0x8000d4d0 (0xa8f9d797) x15 0x28faa4d0
core   0: 0x8000d4d4 (0x415a5433) sra     s0, s4, s5
core   0: 3 0x8000d4d4 (0x415a5433) x 8 0xffffffff
core   0: 0x8000d4d8 (0x404207b3) sub     a5, tp, tp
core   0: 3 0x8000d4d8 (0x404207b3) x15 0x00000000
core   0: 0x8000d4dc (0x40382893) slti    a7, a6, 1027
core   0: 3 0x8000d4dc (0x40382893) x17 0x00000000
core   0: 0x8000d4e0 (0x04f3c663) blt     t2, a5, pc + 76
core   0: 3 0x8000d4e0 (0x04f3c663)
core   0: 0x8000d4e4 (0x0054d633) srl     a2, s1, t0
core   0: 3 0x8000d4e4 (0x0054d633) x12 0x8002bce4
core   0: 0x8000d4e8 (0x00357233) and     tp, a0, gp
core   0: 3 0x8000d4e8 (0x00357233) x 4 0x00000000
core   0: 0x8000d4ec (0x01301293) slli    t0, zero, 19
core   0: 3 0x8000d4ec (0x01301293) x 5 0x00000000
core   0: 0x8000d4f0 (0xb7366513) ori     a0, a2, -1165
core   0: 3 0x8000d4f0 (0xb7366513) x10 0xfffffff7
core   0: 0x8000d4f4 (0x002fae33) slt     t3, t6, sp
core   0: 3 0x8000d4f4 (0x002fae33) x28 0x00000001
core   0: 0x8000d4f8 (0x00c6db13) srli    s6, a3, 12
core   0: 3 0x8000d4f8 (0x00c6db13) x22 0x0008000d
core   0: 0x8000d4fc (0x4132d733) sra     a4, t0, s3
core   0: 3 0x8000d4fc (0x4132d733) x14 0x00000000
core   0: 0x8000d500 (0x0a3a3a13) sltiu   s4, s4, 163
core   0: 3 0x8000d500 (0x0a3a3a13) x20 0x00000000
core   0: 0x8000d504 (0x010ed033) srl     zero, t4, a6
core   0: 3 0x8000d504 (0x010ed033)
core   0: 0x8000d508 (0x697a8e93) addi    t4, s5, 1687
core   0: 3 0x8000d508 (0x697a8e93) x29 0xfdb01952
core   0: 0x8000d50c (0x40fed3b3) sra     t2, t4, a5
core   0: 3 0x8000d50c (0x40fed3b3) x 7 0xfdb01952
core   0: 0x8000d510 (0x0000100f) fence.i
core   0: 3 0x8000d510 (0x0000100f)
core   0: 0x8000d514 (0xbe4eb0b7) lui     ra, 0xbe4eb
core   0: 3 0x8000d514 (0xbe4eb0b7) x 1 0xbe4eb000
core   0: 0x8000d518 (0x40735b33) sra     s6, t1, t2
core   0: 3 0x8000d518 (0x40735b33) x22 0x00000000
core   0: 0x8000d51c (0x34fa3513) sltiu   a0, s4, 847
core   0: 3 0x8000d51c (0x34fa3513) x10 0x00000001
core   0: 0x8000d520 (0x28471117) auipc   sp, 0x28471
core   0: 3 0x8000d520 (0x28471117) x 2 0xa847e520
core   0: 0x8000d524 (0x00f8e8b3) or      a7, a7, a5
core   0: 3 0x8000d524 (0x00f8e8b3) x17 0x00000000
core   0: 0x8000d528 (0x0179ad33) slt     s10, s3, s7
core   0: 3 0x8000d528 (0x0179ad33) x26 0x00000000
core   0: 0x8000d52c (0x0c9fc793) xori    a5, t6, 201
core   0: 3 0x8000d52c (0x0c9fc793) x15 0x800125a3
core   0: 0x8000d530 (0x0000100f) fence.i
core   0: 3 0x8000d530 (0x0000100f)
core   0: 0x8000d534 (0x41208433) sub     s0, ra, s2
core   0: 3 0x8000d534 (0x41208433) x 8 0xbe4eb000
core   0: 0x8000d538 (0x01dc0cb3) add     s9, s8, t4
core   0: 3 0x8000d538 (0x01dc0cb3) x25 0xfdb01952
core   0: 0x8000d53c (0x0000100f) fence.i
core   0: 3 0x8000d53c (0x0000100f)
core   0: 0x8000d540 (0x0ff0000f) fence   iorw,iorw
core   0: 3 0x8000d540 (0x0ff0000f)
core   0: 0x8000d544 (0x0ff0000f) fence   iorw,iorw
core   0: 3 0x8000d544 (0x0ff0000f)
core   0: 0x8000d548 (0x41d589b3) sub     s3, a1, t4
core   0: 3 0x8000d548 (0x41d589b3) x19 0x8250b9ba
core   0: 0x8000d54c (0x4181d0b3) sra     ra, gp, s8
core   0: 3 0x8000d54c (0x4181d0b3) x 1 0x00000000
core   0: 0x8000d550 (0x41520e33) sub     t3, tp, s5
core   0: 3 0x8000d550 (0x41520e33) x28 0x024fed45
core   0: 0x8000d554 (0x00ea6c63) bltu    s4, a4, pc + 24
core   0: 3 0x8000d554 (0x00ea6c63)
core   0: 0x8000d558 (0x005e59b3) srl     s3, t3, t0
core   0: 3 0x8000d558 (0x005e59b3) x19 0x024fed45
core   0: 0x8000d55c (0x0000100f) fence.i
core   0: 3 0x8000d55c (0x0000100f)
core   0: 0x8000d560 (0x055d1863) bne     s10, s5, pc + 80
core   0: 3 0x8000d560 (0x055d1863)
core   0: 0x8000d5b0 (0x01213333) sltu    t1, sp, s2
core   0: 3 0x8000d5b0 (0x01213333) x 6 0x00000000
core   0: 0x8000d5b4 (0x00179833) sll     a6, a5, ra
core   0: 3 0x8000d5b4 (0x00179833) x16 0x800125a3
core   0: 0x8000d5b8 (0x014cc0b3) xor     ra, s9, s4
core   0: 3 0x8000d5b8 (0x014cc0b3) x 1 0xfdb01952
core   0: 0x8000d5bc (0x02b46c63) bltu    s0, a1, pc + 56
core   0: 3 0x8000d5bc (0x02b46c63)
core   0: 0x8000d5c0 (0x007d78b3) and     a7, s10, t2
core   0: 3 0x8000d5c0 (0x007d78b3) x17 0x00000000
core   0: 0x8000d5c4 (0x60cc5b17) auipc   s6, 0x60cc5
core   0: 3 0x8000d5c4 (0x60cc5b17) x22 0xe0cd25c4
core   0: 0x8000d5c8 (0x01631263) bne     t1, s6, pc + 4
core   0: 3 0x8000d5c8 (0x01631263)
core   0: 0x8000d5cc (0x40bd8033) sub     zero, s11, a1
core   0: 3 0x8000d5cc (0x40bd8033)
core   0: 0x8000d5d0 (0x012757b3) srl     a5, a4, s2
core   0: 3 0x8000d5d0 (0x012757b3) x15 0x00000000
core   0: 0x8000d5d4 (0x62888093) addi    ra, a7, 1576
core   0: 3 0x8000d5d4 (0x62888093) x 1 0x00000628
core   0: 0x8000d5d8 (0x1ee32093) slti    ra, t1, 494
core   0: 3 0x8000d5d8 (0x1ee32093) x 1 0x00000001
core   0: 0x8000d5dc (0x26bd9797) auipc   a5, 0x26bd9
core   0: 3 0x8000d5dc (0x26bd9797) x15 0xa6be65dc
core   0: 0x8000d5e0 (0x7eb43093) sltiu   ra, s0, 2027
core   0: 3 0x8000d5e0 (0x7eb43093) x 1 0x00000000
core   0: 0x8000d5e4 (0x4075dc93) srai    s9, a1, 7
core   0: 3 0x8000d5e4 (0x4075dc93) x25 0xff0001a6
core   0: 0x8000d5e8 (0x0074db13) srli    s6, s1, 7
core   0: 3 0x8000d5e8 (0x0074db13) x22 0x01000579
core   0: 0x8000d5ec (0x01e08933) add     s2, ra, t5
core   0: 3 0x8000d5ec (0x01e08933) x18 0x00000000
core   0: 0x8000d5f0 (0x01fa4263) blt     s4, t6, pc + 4
core   0: 3 0x8000d5f0 (0x01fa4263)
core   0: 0x8000d5f4 (0xa27ce393) ori     t2, s9, -1497
core   0: 3 0x8000d5f4 (0xa27ce393) x 7 0xfffffba7
core   0: 0x8000d5f8 (0x01dc5933) srl     s2, s8, t4
core   0: 3 0x8000d5f8 (0x01dc5933) x18 0x00000000
core   0: 0x8000d5fc (0x622a4393) xori    t2, s4, 1570
core   0: 3 0x8000d5fc (0x622a4393) x 7 0x00000622
core   0: 0x8000d600 (0x61278793) addi    a5, a5, 1554
core   0: 3 0x8000d600 (0x61278793) x15 0xa6be6bee
core   0: 0x8000d604 (0x05d9d863) bge     s3, t4, pc + 80
core   0: 3 0x8000d604 (0x05d9d863)
core   0: 0x8000d654 (0x8d67b293) sltiu   t0, a5, -1834
core   0: 3 0x8000d654 (0x8d67b293) x 5 0x00000001
core   0: 0x8000d658 (0x039bde63) bge     s7, s9, pc + 60
core   0: 3 0x8000d658 (0x039bde63)
core   0: 0x8000d65c (0x0056c9b3) xor     s3, a3, t0
core   0: 3 0x8000d65c (0x0056c9b3) x19 0x8000d30d
core   0: 0x8000d660 (0x01524463) blt     tp, s5, pc + 8
core   0: 3 0x8000d660 (0x01524463)
core   0: 0x8000d664 (0x004138b3) sltu    a7, sp, tp
core   0: 3 0x8000d664 (0x004138b3) x17 0x00000000
core   0: 0x8000d668 (0xe13fed13) ori     s10, t6, -493
core   0: 3 0x8000d668 (0xe13fed13) x26 0xffffff7b
core   0: 0x8000d66c (0x05a21263) bne     tp, s10, pc + 68
core   0: 3 0x8000d66c (0x05a21263)
core   0: 0x8000d6b0 (0xd880f337) lui     t1, 0xd880f
core   0: 3 0x8000d6b0 (0xd880f337) x 6 0xd880f000
core   0: 0x8000d6b4 (0x00000013) nop
core   0: 3 0x8000d6b4 (0x00000013)
core   0: 0x8000d6b8 (0x00a31313) slli    t1, t1, 10
core   0: 3 0x8000d6b8 (0x00a31313) x 6 0x03c00000
core   0: 0x8000d6bc (0x0c4d6613) ori     a2, s10, 196
core   0: 3 0x8000d6bc (0x0c4d6613) x12 0xffffffff
core   0: 0x8000d6c0 (0x00e29193) slli    gp, t0, 14
core   0: 3 0x8000d6c0 (0x00e29193) x 3 0x00004000
core   0: 0x8000d6c4 (0x00832833) slt     a6, t1, s0
core   0: 3 0x8000d6c4 (0x00832833) x16 0x00000000
core   0: 0x8000d6c8 (0x01c319b3) sll     s3, t1, t3
core   0: 3 0x8000d6c8 (0x01c319b3) x19 0x78000000
core   0: 0x8000d6cc (0x40b5d433) sra     s0, a1, a1
core   0: 3 0x8000d6cc (0x40b5d433) x 8 0xfff8000d
core   0: 0x8000d6d0 (0x0ff0000f) fence   iorw,iorw
core   0: 3 0x8000d6d0 (0x0ff0000f)
core   0: 0x8000d6d4 (0x00ed1b13) slli    s6, s10, 14
core   0: 3 0x8000d6d4 (0x00ed1b13) x22 0xffdec000
core   0: 0x8000d6d8 (0x40555733) sra     a4, a0, t0
core   0: 3 0x8000d6d8 (0x40555733) x14 0x00000000
core   0: 0x8000d6dc (0x05f51097) auipc   ra, 0x5f51
core   0: 3 0x8000d6dc (0x05f51097) x 1 0x85f5e6dc
core   0: 0x8000d6e0 (0x01d4db33) srl     s6, s1, t4
core   0: 3 0x8000d6e0 (0x01d4db33) x22 0x00002000
core   0: 0x8000d6e4 (0x58184237) lui     tp, 0x58184
core   0: 3 0x8000d6e4 (0x58184237) x 4 0x58184000
core   0: 0x8000d6e8 (0x038d0063) beq     s10, s8, pc + 32
core   0: 3 0x8000d6e8 (0x038d0063)
core   0: 0x8000d6ec (0x1ce1c237) lui     tp, 0x1ce1c
core   0: 3 0x8000d6ec (0x1ce1c237) x 4 0x1ce1c000
core   0: 0x8000d6f0 (0x01f911b3) sll     gp, s2, t6
core   0: 3 0x8000d6f0 (0x01f911b3) x 3 0x00000000
core   0: 0x8000d6f4 (0x0184ab33) slt     s6, s1, s8
core   0: 3 0x8000d6f4 (0x0184ab33) x22 0x00000001
core   0: 0x8000d6f8 (0x0ff0000f) fence   iorw,iorw
core   0: 3 0x8000d6f8 (0x0ff0000f)
core   0: 0x8000d6fc (0x0101af33) slt     t5, gp, a6
core   0: 3 0x8000d6fc (0x0101af33) x30 0x00000000
core   0: 0x8000d700 (0x62e8b917) auipc   s2, 0x62e8b
core   0: 3 0x8000d700 (0x62e8b917) x18 0xe2e98700
core   0: 0x8000d704 (0x018f6263) bltu    t5, s8, pc + 4
core   0: 3 0x8000d704 (0x018f6263)
core   0: 0x8000d708 (0x401e5013) srai    zero, t3, 1
core   0: 3 0x8000d708 (0x401e5013)
core   0: 0x8000d70c (0x019ca5b3) slt     a1, s9, s9
core   0: 3 0x8000d70c (0x019ca5b3) x11 0x00000000
core   0: 0x8000d710 (0x014b6463) bltu    s6, s4, pc + 8
core   0: 3 0x8000d710 (0x014b6463)
core   0: 0x8000d714 (0x8f41f093) andi    ra, gp, -1804
core   0: 3 0x8000d714 (0x8f41f093) x 1 0x00000000
core   0: 0x8000d718 (0x405f83b3) sub     t2, t6, t0
core   0: 3 0x8000d718 (0x405f83b3) x 7 0x80012569
core   0: 0x8000d71c (0x0ff0000f) fence   iorw,iorw
core   0: 3 0x8000d71c (0x0ff0000f)
core   0: 0x8000d720 (0x006b0633) add     a2, s6, t1
core   0: 3 0x8000d720 (0x006b0633) x12 0x03c00001
core   0: 0x8000d724 (0x011c1913) slli    s2, s8, 17
core   0: 3 0x8000d724 (0x011c1913) x18 0x00000000
core   0: 0x8000d728 (0x004ac463) blt     s5, tp, pc + 8
core   0: 3 0x8000d728 (0x004ac463)
core   0: 0x8000d730 (0x00000013) nop
core   0: 3 0x8000d730 (0x00000013)
core   0: 0x8000d734 (0x01166033) or      zero, a2, a7
core   0: 3 0x8000d734 (0x01166033)
core   0: 0x8000d738 (0xf2d6ab13) slti    s6, a3, -211
core   0: 3 0x8000d738 (0xf2d6ab13) x22 0x00000001
core   0: 0x8000d73c (0xfda2a093) slti    ra, t0, -38
core   0: 3 0x8000d73c (0xfda2a093) x 1 0x00000000
core   0: 0x8000d740 (0x004b4863) blt     s6, tp, pc + 16
core   0: 3 0x8000d740 (0x004b4863)
core   0: 0x8000d750 (0x40fc0f33) sub     t5, s8, a5
core   0: 3 0x8000d750 (0x40fc0f33) x30 0x59419412
core   0: 0x8000d754 (0x004aaeb3) slt     t4, s5, tp
core   0: 3 0x8000d754 (0x004aaeb3) x29 0x00000001
core   0: 0x8000d758 (0x00000013) nop
core   0: 3 0x8000d758 (0x00000013)
core   0: 0x8000d75c (0x41e55a13) srai    s4, a0, 30
core   0: 3 0x8000d75c (0x41e55a13) x20 0x00000000
core   0: 0x8000d760 (0x02bf6a63) bltu    t5, a1, pc + 52
core   0: 3 0x8000d760 (0x02bf6a63)
core   0: 0x8000d764 (0x32628c13) addi    s8, t0, 806
core   0: 3 0x8000d764 (0x32628c13) x24 0x00000327
core   0: 0x8000d768 (0x00000013) nop
core   0: 3 0x8000d768 (0x00000013)
core   0: 0x8000d76c (0x00a12133) slt     sp, sp, a0
core   0: 3 0x8000d76c (0x00a12133) x 2 0x00000001
core   0: 0x8000d770 (0x015f1993) slli    s3, t5, 21
core   0: 3 0x8000d770 (0x015f1993) x19 0x82400000
core   0: 0x8000d774 (0x0000100f) fence.i
core   0: 3 0x8000d774 (0x0000100f)
core   0: 0x8000d778 (0x00c7d893) srli    a7, a5, 12
core   0: 3 0x8000d778 (0x00c7d893) x17 0x000a6be6
core   0: 0x8000d77c (0x0ff0000f) fence   iorw,iorw
core   0: 3 0x8000d77c (0x0ff0000f)
core   0: 0x8000d780 (0xaa13b413) sltiu   s0, t2, -1375
core   0: 3 0x8000d780 (0xaa13b413) x 8 0x00000001
core   0: 0x8000d784 (0x00000013) nop
core   0: 3 0x8000d784 (0x00000013)
core   0: 0x8000d788 (0x8a0fceb7) lui     t4, 0x8a0fc
core   0: 3 0x8000d788 (0x8a0fceb7) x29 0x8a0fc000
core   0: 0x8000d78c (0xe0c99c17) auipc   s8, 0xe0c99
core   0: 3 0x8000d78c (0xe0c99c17) x24 0x60ca678c
core   0: 0x8000d790 (0x014db6b3) sltu    a3, s11, s4
core   0: 3 0x8000d790 (0x014db6b3) x13 0x00000000
core   0: 0x8000d794 (0x01b03633) snez    a2, s11
core   0: 3 0x8000d794 (0x01b03633) x12 0x00000000
core   0: 0x8000d798 (0x0a5e3c93) sltiu   s9, t3, 165
core   0: 3 0x8000d798 (0x0a5e3c93) x25 0x00000000
core   0: 0x8000d79c (0x02959463) bne     a1, s1, pc + 40
core   0: 3 0x8000d79c (0x02959463)
core   0: 0x8000d7c4 (0x003141b3) xor     gp, sp, gp
core   0: 3 0x8000d7c4 (0x003141b3) x 3 0x00000001
core   0: 0x8000d7c8 (0x405250b3) sra     ra, tp, t0
core   0: 3 0x8000d7c8 (0x405250b3) x 1 0x0e70e000
core   0: 0x8000d7cc (0xc9172c93) slti    s9, a4, -879
core   0: 3 0x8000d7cc (0xc9172c93) x25 0x00000000
core   0: 0x8000d7d0 (0x01eb02b3) add     t0, s6, t5
core   0: 3 0x8000d7d0 (0x01eb02b3) x 5 0x59419413
core   0: 0x8000d7d4 (0x40126c93) ori     s9, tp, 1025
core   0: 3 0x8000d7d4 (0x40126c93) x25 0x1ce1c401
core   0: 0x8000d7d8 (0x411d0733) sub     a4, s10, a7
core   0: 3 0x8000d7d8 (0x411d0733) x14 0xfff59395
core   0: 0x8000d7dc (0x015db433) sltu    s0, s11, s5
core   0: 3 0x8000d7dc (0x015db433) x 8 0x00000001
core   0: 0x8000d7e0 (0x00665263) bge     a2, t1, pc + 4
core   0: 3 0x8000d7e0 (0x00665263)
core   0: 0x8000d7e4 (0x6811e137) lui     sp, 0x6811e
core   0: 3 0x8000d7e4 (0x6811e137) x 2 0x6811e000
core   0: 0x8000d7e8 (0x01b1fc33) and     s8, gp, s11
core   0: 3 0x8000d7e8 (0x01b1fc33) x24 0x00000000
core   0: 0x8000d7ec (0x03b54263) blt     a0, s11, pc + 36
core   0: 3 0x8000d7ec (0x03b54263)
core   0: 0x8000d7f0 (0x41a406b3) sub     a3, s0, s10
core   0: 3 0x8000d7f0 (0x41a406b3) x13 0x00000086
core   0: 0x8000d7f4 (0x0000100f) fence.i
core   0: 3 0x8000d7f4 (0x0000100f)
core   0: 0x8000d7f8 (0x00000013) nop
core   0: 3 0x8000d7f8 (0x00000013)
core   0: 0x8000d7fc (0x8e4c2813) slti    a6, s8, -1820
core   0: 3 0x8000d7fc (0x8e4c2813) x16 0x00000000
core   0: 0x8000d800 (0xe178a313) slti    t1, a7, -489
core   0: 3 0x8000d800 (0xe178a313) x 6 0x00000000
core   0: 0x8000d804 (0x0189bf33) sltu    t5, s3, s8
core   0: 3 0x8000d804 (0x0189bf33) x30 0x00000000
core   0: 0x8000d808 (0x1c531d37) lui     s10, 0x1c531
core   0: 3 0x8000d808 (0x1c531d37) x26 0x1c531000
core   0: 0x8000d80c (0x405f5113) srai    sp, t5, 5
core   0: 3 0x8000d80c (0x405f5113) x 2 0x00000000
core   0: 0x8000d810 (0x044a1863) bne     s4, tp, pc + 80
core   0: 3 0x8000d810 (0x044a1863)
core   0: 0x8000d860 (0x013aeeb3) or      t4, s5, s3
core   0: 3 0x8000d860 (0x013aeeb3) x29 0xfff012bb
core   0: 0x8000d864 (0x0310fe63) bgeu    ra, a7, pc + 60
core   0: 3 0x8000d864 (0x0310fe63)
core   0: 0x8000d8a0 (0x00cb5e93) srli    t4, s6, 12
core   0: 3 0x8000d8a0 (0x00cb5e93) x29 0x00000000
core   0: 0x8000d8a4 (0x01444933) xor     s2, s0, s4
core   0: 3 0x8000d8a4 (0x01444933) x18 0x00000001
core   0: 0x8000d8a8 (0x49f53613) sltiu   a2, a0, 1183
core   0: 3 0x8000d8a8 (0x49f53613) x12 0x00000001
core   0: 0x8000d8ac (0x580b3237) lui     tp, 0x580b3
core   0: 3 0x8000d8ac (0x580b3237) x 4 0x580b3000
core   0: 0x8000d8b0 (0x0093c263) blt     t2, s1, pc + 4
core   0: 3 0x8000d8b0 (0x0093c263)
core   0: 0x8000d8b4 (0x00864fb3) xor     t6, a2, s0
core   0: 3 0x8000d8b4 (0x00864fb3) x31 0x00000000
core   0: 0x8000d8b8 (0x01135463) bge     t1, a7, pc + 8
core   0: 3 0x8000d8b8 (0x01135463)
core   0: 0x8000d8bc (0x7be1e393) ori     t2, gp, 1982
core   0: 3 0x8000d8bc (0x7be1e393) x 7 0x000007bf
core   0: 0x8000d8c0 (0x00115c93) srli    s9, sp, 1
core   0: 3 0x8000d8c0 (0x00115c93) x25 0x00000000
core   0: 0x8000d8c4 (0x000051b3) srl     gp, zero, zero
core   0: 3 0x8000d8c4 (0x000051b3) x 3 0x00000000
core   0: 0x8000d8c8 (0x02a20063) beq     tp, a0, pc + 32
core   0: 3 0x8000d8c8 (0x02a20063)
core   0: 0x8000d8cc (0xcf3d6913) ori     s2, s10, -781
core   0: 3 0x8000d8cc (0xcf3d6913) x18 0xfffffcf3
core   0: 0x8000d8d0 (0x056b9263) bne     s7, s6, pc + 68
core   0: 3 0x8000d8d0 (0x056b9263)
core   0: 0x8000d914 (0x0030ffb3) and     t6, ra, gp
core   0: 3 0x8000d914 (0x0030ffb3) x31 0x00000000
core   0: 0x8000d918 (0xfc707893) andi    a7, zero, -57
core   0: 3 0x8000d918 (0xfc707893) x17 0x00000000
core   0: 0x8000d91c (0x01021463) bne     tp, a6, pc + 8
core   0: 3 0x8000d91c (0x01021463)
core   0: 0x8000d924 (0x03c48463) beq     s1, t3, pc + 40
core   0: 3 0x8000d924 (0x03c48463)
core   0: 0x8000d928 (0x0ff0000f) fence   iorw,iorw
core   0: 3 0x8000d928 (0x0ff0000f)
core   0: 0x8000d92c (0xb59cbf93) sltiu   t6, s9, -1191
core   0: 3 0x8000d92c (0xb59cbf93) x31 0x00000001
core   0: 0x8000d930 (0x00000013) nop
core   0: 3 0x8000d930 (0x00000013)
core   0: 0x8000d934 (0x000fe433) or      s0, t6, zero
core   0: 3 0x8000d934 (0x000fe433) x 8 0x00000001
core   0: 0x8000d938 (0x05608463) beq     ra, s6, pc + 72
core   0: 3 0x8000d938 (0x05608463)
core   0: 0x8000d93c (0x01b09093) slli    ra, ra, 27
core   0: 3 0x8000d93c (0x01b09093) x 1 0x00000000
core   0: 0x8000d940 (0x7c6c4993) xori    s3, s8, 1990
core   0: 3 0x8000d940 (0x7c6c4993) x19 0x000007c6
core   0: 0x8000d944 (0x2b3415b7) lui     a1, 0x2b341
core   0: 3 0x8000d944 (0x2b3415b7) x11 0x2b341000
core   0: 0x8000d948 (0x0093de93) srli    t4, t2, 9
core   0: 3 0x8000d948 (0x0093de93) x29 0x00000003
core   0: 0x8000d94c (0x242e7a13) andi    s4, t3, 578
core   0: 3 0x8000d94c (0x242e7a13) x20 0x00000040
core   0: 0x8000d950 (0x01011a33) sll     s4, sp, a6
core   0: 3 0x8000d950 (0x01011a33) x20 0x00000000
core   0: 0x8000d954 (0xa1939037) lui     zero, 0xa1939
core   0: 3 0x8000d954 (0xa1939037)
core   0: 0x8000d958 (0x008b4663) blt     s6, s0, pc + 12
core   0: 3 0x8000d958 (0x008b4663)
core   0: 0x8000d95c (0x40a65e93) srai    t4, a2, 10
core   0: 3 0x8000d95c (0x40a65e93) x29 0x00000000
core   0: 0x8000d960 (0x02e7ce63) blt     a5, a4, pc + 60
core   0: 3 0x8000d960 (0x02e7ce63)
core   0: 0x8000d99c (0x0537e863) bltu    a5, s3, pc + 80
core   0: 3 0x8000d99c (0x0537e863)
core   0: 0x8000d9a0 (0x0000100f) fence.i
core   0: 3 0x8000d9a0 (0x0000100f)
core   0: 0x8000d9a4 (0x0050bcb3) sltu    s9, ra, t0
core   0: 3 0x8000d9a4 (0x0050bcb3) x25 0x00000001
core   0: 0x8000d9a8 (0x00f56a33) or      s4, a0, a5
core   0: 3 0x8000d9a8 (0x00f56a33) x20 0xa6be6bef
core   0: 0x8000d9ac (0xa576d8b7) lui     a7, 0xa576d
core   0: 3 0x8000d9ac (0xa576d8b7) x17 0xa576d000
core   0: 0x8000d9b0 (0x000d0663) beqz    s10, pc + 12
core   0: 3 0x8000d9b0 (0x000d0663)
core   0: 0x8000d9b4 (0x010a1113) slli    sp, s4, 16
core   0: 3 0x8000d9b4 (0x010a1113) x 2 0x6bef0000
core   0: 0x8000d9b8 (0x01f1ac33) slt     s8, gp, t6
core   0: 3 0x8000d9b8 (0x01f1ac33) x24 0x00000001
core   0: 0x8000d9bc (0x00339933) sll     s2, t2, gp
core   0: 3 0x8000d9bc (0x00339933) x18 0x000007bf
core   0: 0x8000d9c0 (0x4102d3b3) sra     t2, t0, a6
core   0: 3 0x8000d9c0 (0x4102d3b3) x 7 0x59419413
core   0: 0x8000d9c4 (0x05405263) bge     zero, s4, pc + 68
core   0: 3 0x8000d9c4 (0x05405263)
core   0: 0x8000da08 (0x00f21593) slli    a1, tp, 15
core   0: 3 0x8000da08 (0x00f21593) x11 0x98000000
core   0: 0x8000da0c (0x01d30cb3) add     s9, t1, t4
core   0: 3 0x8000da0c (0x01d30cb3) x25 0x00000000
core   0: 0x8000da10 (0x01cc9213) slli    tp, s9, 28
core   0: 3 0x8000da10 (0x01cc9213) x 4 0x00000000
core   0: 0x8000da14 (0x41635193) srai    gp, t1, 22
core   0: 3 0x8000da14 (0x41635193) x 3 0x00000000
core   0: 0x8000da18 (0x01badc63) bge     s5, s11, pc + 24
core   0: 3 0x8000da18 (0x01badc63)
core   0: 0x8000da1c (0x2e470613) addi    a2, a4, 740
core   0: 3 0x8000da1c (0x2e470613) x12 0xfff59679
core   0: 0x8000da20 (0x01af27b3) slt     a5, t5, s10
core   0: 3 0x8000da20 (0x01af27b3) x15 0x00000001
core   0: 0x8000da24 (0x0ff0000f) fence   iorw,iorw
core   0: 3 0x8000da24 (0x0ff0000f)
core   0: 0x8000da28 (0x017daa33) slt     s4, s11, s7
core   0: 3 0x8000da28 (0x017daa33) x20 0x00000000
core   0: 0x8000da2c (0x00a19b33) sll     s6, gp, a0
core   0: 3 0x8000da2c (0x00a19b33) x22 0x00000000
core   0: 0x8000da30 (0x056cf863) bgeu    s9, s6, pc + 80
core   0: 3 0x8000da30 (0x056cf863)
core   0: 0x8000da80 (0xec7ba013) slti    zero, s7, -313
core   0: 3 0x8000da80 (0xec7ba013)
core   0: 0x8000da84 (0x039dee63) bltu    s11, s9, pc + 60
core   0: 3 0x8000da84 (0x039dee63)
core   0: 0x8000da88 (0x1fbfec13) ori     s8, t6, 507
core   0: 3 0x8000da88 (0x1fbfec13) x24 0x000001fb
core   0: 0x8000da8c (0x0ff0000f) fence   iorw,iorw
core   0: 3 0x8000da8c (0x0ff0000f)
core   0: 0x8000da90 (0x03aa7463) bgeu    s4, s10, pc + 40
core   0: 3 0x8000da90 (0x03aa7463)
core   0: 0x8000da94 (0x542fb893) sltiu   a7, t6, 1346
core   0: 3 0x8000da94 (0x542fb893) x17 0x00000001
core   0: 0x8000da98 (0x01fa9093) slli    ra, s5, 31
core   0: 3 0x8000da98 (0x01fa9093) x 1 0x80000000
core   0: 0x8000da9c (0x012b5cb3) srl     s9, s6, s2
core   0: 3 0x8000da9c (0x012b5cb3) x25 0x00000000
core   0: 0x8000daa0 (0x2b258697) auipc   a3, 0x2b258
core   0: 3 0x8000daa0 (0x2b258697) x13 0xab265aa0
core   0: 0x8000daa4 (0x9a2c8013) addi    zero, s9, -1630
core   0: 3 0x8000daa4 (0x9a2c8013)
core   0: 0x8000daa8 (0x024e1c63) bne     t3, tp, pc + 56
core   0: 3 0x8000daa8 (0x024e1c63)
core   0: 0x8000dae0 (0x3507e393) ori     t2, a5, 848
core   0: 3 0x8000dae0 (0x3507e393) x 7 0x00000351
core   0: 0x8000dae4 (0x83eefeb7) lui     t4, 0x83eef
core   0: 3 0x8000dae4 (0x83eefeb7) x29 0x83eef000
core   0: 0x8000dae8 (0x00be1463) bne     t3, a1, pc + 8
core   0: 3 0x8000dae8 (0x00be1463)
core   0: 0x8000daf0 (0x018e75b3) and     a1, t3, s8
core   0: 3 0x8000daf0 (0x018e75b3) x11 0x00000141
core   0: 0x8000daf4 (0x5869cc93) xori    s9, s3, 1414
core   0: 3 0x8000daf4 (0x5869cc93) x25 0x00000240
core   0: 0x8000daf8 (0x00dd21b3) slt     gp, s10, a3
core   0: 3 0x8000daf8 (0x00dd21b3) x 3 0x00000000
core   0: 0x8000dafc (0x00709133) sll     sp, ra, t2
core   0: 3 0x8000dafc (0x00709133) x 2 0x00000000
core   0: 0x8000db00 (0xd3cfc693) xori    a3, t6, -708
core   0: 3 0x8000db00 (0xd3cfc693) x13 0xfffffd3d
core   0: 0x8000db04 (0x03295263) bge     s2, s2, pc + 36
core   0: 3 0x8000db04 (0x03295263)
core   0: 0x8000db28 (0x00c95863) bge     s2, a2, pc + 16
core   0: 3 0x8000db28 (0x00c95863)
core   0: 0x8000db38 (0x3643e293) ori     t0, t2, 868
core   0: 3 0x8000db38 (0x3643e293) x 5 0x00000375
core   0: 0x8000db3c (0x00f9ca33) xor     s4, s3, a5
core   0: 3 0x8000db3c (0x00f9ca33) x20 0x000007c7
core   0: 0x8000db40 (0xa027ed13) ori     s10, a5, -1534
core   0: 3 0x8000db40 (0xa027ed13) x26 0xfffffa03
core   0: 0x8000db44 (0x008565b3) or      a1, a0, s0
core   0: 3 0x8000db44 (0x008565b3) x11 0x00000001
core   0: 0x8000db48 (0x00c55e93) srli    t4, a0, 12
core   0: 3 0x8000db48 (0x00c55e93) x29 0x00000000
core   0: 0x8000db4c (0xd61e3813) sltiu   a6, t3, -671
core   0: 3 0x8000db4c (0xd61e3813) x16 0x00000001
core   0: 0x8000db50 (0xafbeb813) sltiu   a6, t4, -1285
core   0: 3 0x8000db50 (0xafbeb813) x16 0x00000001
core   0: 0x8000db54 (0x03348a63) beq     s1, s3, pc + 52
core   0: 3 0x8000db54 (0x03348a63)
core   0: 0x8000db58 (0x03b2ce63) blt     t0, s11, pc + 60
core   0: 3 0x8000db58 (0x03b2ce63)
core   0: 0x8000db5c (0x0166d393) srli    t2, a3, 22
core   0: 3 0x8000db5c (0x0166d393) x 7 0x000003ff
core   0: 0x8000db60 (0x3f657c13) andi    s8, a0, 1014
core   0: 3 0x8000db60 (0x3f657c13) x24 0x00000000
core   0: 0x8000db64 (0x09c9ea63) bltu    s3, t3, pc + 148
core   0: 3 0x8000db64 (0x09c9ea63)
core   0: 0x8000dbf8 (0x14b4ae93) slti    t4, s1, 331
core   0: 3 0x8000dbf8 (0x14b4ae93) x29 0x00000001
core   0: 0x8000dbfc (0x01d9a333) slt     t1, s3, t4
core   0: 3 0x8000dbfc (0x01d9a333) x 6 0x00000000
core   0: 0x8000dc00 (0x00000013) nop
core   0: 3 0x8000dc00 (0x00000013)
core   0: 0x8000dc04 (0xaf357837) lui     a6, 0xaf357
core   0: 3 0x8000dc04 (0xaf357837) x16 0xaf357000
core   0: 0x8000dc08 (0x00762633) slt     a2, a2, t2
core   0: 3 0x8000dc08 (0x00762633) x12 0x00000001
core   0: 0x8000dc0c (0x00000013) nop
core   0: 3 0x8000dc0c (0x00000013)
core   0: 0x8000dc10 (0x5b8cee37) lui     t3, 0x5b8ce
core   0: 3 0x8000dc10 (0x5b8cee37) x28 0x5b8ce000
core   0: 0x8000dc14 (0x009fcf33) xor     t5, t6, s1
core   0: 3 0x8000dc14 (0x009fcf33) x30 0x8002bce5
core   0: 0x8000dc18 (0x00466533) or      a0, a2, tp
core   0: 3 0x8000dc18 (0x00466533) x10 0x00000001
core   0: 0x8000dc1c (0x004e0533) add     a0, t3, tp
core   0: 3 0x8000dc1c (0x004e0533) x10 0x5b8ce000
core   0: 0x8000dc20 (0x28eab293) sltiu   t0, s5, 654
core   0: 3 0x8000dc20 (0x28eab293) x 5 0x00000000
core   0: 0x8000dc24 (0x04311863) bne     sp, gp, pc + 80
core   0: 3 0x8000dc24 (0x04311863)
core   0: 0x8000dc28 (0x01536fb3) or      t6, t1, s5
core   0: 3 0x8000dc28 (0x01536fb3) x31 0xfdb012bb
core   0: 0x8000dc2c (0x00000013) nop
core   0: 3 0x8000dc2c (0x00000013)
core   0: 0x8000dc30 (0x015c8533) add     a0, s9, s5
core   0: 3 0x8000dc30 (0x015c8533) x10 0xfdb014fb
core   0: 0x8000dc34 (0x01851d93) slli    s11, a0, 24
core   0: 3 0x8000dc34 (0x01851d93) x27 0xfb000000
core   0: 0x8000dc38 (0x41f8d893) srai    a7, a7, 31
core   0: 3 0x8000dc38 (0x41f8d893) x17 0x00000000
core   0: 0x8000dc3c (0x00748463) beq     s1, t2, pc + 8
core   0: 3 0x8000dc3c (0x00748463)
core   0: 0x8000dc40 (0x00000013) nop
core   0: 3 0x8000dc40 (0x00000013)
core   0: 0x8000dc44 (0x41e1dd13) srai    s10, gp, 30
core   0: 3 0x8000dc44 (0x41e1dd13) x26 0x00000000
core   0: 0x8000dc48 (0x01618d33) add     s10, gp, s6
core   0: 3 0x8000dc48 (0x01618d33) x26 0x00000000
core   0: 0x8000dc4c (0x00fd4263) blt     s10, a5, pc + 4
core   0: 3 0x8000dc4c (0x00fd4263)
core   0: 0x8000dc50 (0x0040e833) or      a6, ra, tp
core   0: 3 0x8000dc50 (0x0040e833) x16 0x80000000
core   0: 0x8000dc54 (0x015d0233) add     tp, s10, s5
core   0: 3 0x8000dc54 (0x015d0233) x 4 0xfdb012bb
core   0: 0x8000dc58 (0x00a8b133) sltu    sp, a7, a0
core   0: 3 0x8000dc58 (0x00a8b133) x 2 0x00000001
core   0: 0x8000dc5c (0x036cec63) bltu    s9, s6, pc + 56
core   0: 3 0x8000dc5c (0x036cec63)
core   0: 0x8000dc60 (0x417309b3) sub     s3, t1, s7
core   0: 3 0x8000dc60 (0x417309b3) x19 0x7ffd81b8
core   0: 0x8000dc64 (0x400789b3) sub     s3, a5, zero
core   0: 3 0x8000dc64 (0x400789b3) x19 0x00000001
core   0: 0x8000dc68 (0x01a1ad33) slt     s10, gp, s10
core   0: 3 0x8000dc68 (0x01a1ad33) x26 0x00000000
core   0: 0x8000dc6c (0x405708b3) sub     a7, a4, t0
core   0: 3 0x8000dc6c (0x405708b3) x17 0xfff59395
core   0: 0x8000dc70 (0x00d0a5b3) slt     a1, ra, a3
core   0: 3 0x8000dc70 (0x00d0a5b3) x11 0x00000001
core   0: 0x8000dc74 (0x014e5693) srli    a3, t3, 20
core   0: 3 0x8000dc74 (0x014e5693) x13 0x000005b8
core   0: 0x8000dc78 (0x000a69b3) or      s3, s4, zero
core   0: 3 0x8000dc78 (0x000a69b3) x19 0x000007c7
core   0: 0x8000dc7c (0x018b22b3) slt     t0, s6, s8
core   0: 3 0x8000dc7c (0x018b22b3) x 5 0x00000000
core   0: 0x8000dc80 (0x4c738237) lui     tp, 0x4c738
core   0: 3 0x8000dc80 (0x4c738237) x 4 0x4c738000
core   0: 0x8000dc84 (0x01645663) bge     s0, s6, pc + 12
core   0: 3 0x8000dc84 (0x01645663)
core   0: 0x8000dc90 (0x016b9793) slli    a5, s7, 22
core   0: 3 0x8000dc90 (0x016b9793) x15 0x92000000
core   0: 0x8000dc94 (0x006367b3) or      a5, t1, t1
core   0: 3 0x8000dc94 (0x006367b3) x15 0x00000000
core   0: 0x8000dc98 (0x012d4c63) blt     s10, s2, pc + 24
core   0: 3 0x8000dc98 (0x012d4c63)
core   0: 0x8000dcb0 (0x00000013) nop
core   0: 3 0x8000dcb0 (0x00000013)
core   0: 0x8000dcb4 (0x0183efb3) or      t6, t2, s8
core   0: 3 0x8000dcb4 (0x0183efb3) x31 0x000003ff
core   0: 0x8000dcb8 (0x40098b33) sub     s6, s3, zero
core   0: 3 0x8000dcb8 (0x40098b33) x22 0x000007c7
core   0: 0x8000dcbc (0x41fe5993) srai    s3, t3, 31
core   0: 3 0x8000dcbc (0x41fe5993) x19 0x00000000
core   0: 0x8000dcc0 (0xf951f1b7) lui     gp, 0xf951f
core   0: 3 0x8000dcc0 (0xf951f1b7) x 3 0xf951f000
core   0: 0x8000dcc4 (0x0000100f) fence.i
core   0: 3 0x8000dcc4 (0x0000100f)
core   0: 0x8000dcc8 (0x00000013) nop
core   0: 3 0x8000dcc8 (0x00000013)
core   0: 0x8000dccc (0x11b0c863) blt     ra, s11, pc + 272
core   0: 3 0x8000dccc (0x11b0c863)
core   0: 0x8000dddc (0x01bb1293) slli    t0, s6, 27
core   0: 3 0x8000dddc (0x01bb1293) x 5 0x38000000
core   0: 0x8000dde0 (0x0ff0000f) fence   iorw,iorw
core   0: 3 0x8000dde0 (0x0ff0000f)
core   0: 0x8000dde4 (0x00fc1213) slli    tp, s8, 15
core   0: 3 0x8000dde4 (0x00fc1213) x 4 0x00000000
core   0: 0x8000dde8 (0x01af16b3) sll     a3, t5, s10
core   0: 3 0x8000dde8 (0x01af16b3) x13 0x8002bce5
core   0: 0x8000ddec (0x41285fb3) sra     t6, a6, s2
core   0: 3 0x8000ddec (0x41285fb3) x31 0xffffffff
core   0: 0x8000ddf0 (0x5191b397) auipc   t2, 0x5191b
core   0: 3 0x8000ddf0 (0x5191b397) x 7 0xd1928df0
core   0: 0x8000ddf4 (0x7aa78993) addi    s3, a5, 1962
core   0: 3 0x8000ddf4 (0x7aa78993) x19 0x000007aa
core   0: 0x8000ddf8 (0x01496333) or      t1, s2, s4
core   0: 3 0x8000ddf8 (0x01496333) x 6 0x000007ff
core   0: 0x8000ddfc (0x01f94663) blt     s2, t6, pc + 12
core   0: 3 0x8000ddfc (0x01f94663)
core   0: 0x8000de00 (0x002ed213) srli    tp, t4, 2
core   0: 3 0x8000de00 (0x002ed213) x 4 0x00000000
core   0: 0x8000de04 (0x05d7f463) bgeu    a5, t4, pc + 72
core   0: 3 0x8000de04 (0x05d7f463)
core   0: 0x8000de08 (0xe00b0693) addi    a3, s6, -512
core   0: 3 0x8000de08 (0xe00b0693) x13 0x000005c7
core   0: 0x8000de0c (0x04919663) bne     gp, s1, pc + 76
core   0: 3 0x8000de0c (0x04919663)
core   0: 0x8000de58 (0x00e2edb3) or      s11, t0, a4
core   0: 3 0x8000de58 (0x00e2edb3) x27 0xfff59395
core   0: 0x8000de5c (0x5be38193) addi    gp, t2, 1470
core   0: 3 0x8000de5c (0x5be38193) x 3 0xd19293ae
core   0: 0x8000de60 (0x016f1993) slli    s3, t5, 22
core   0: 3 0x8000de60 (0x016f1993) x19 0x39400000
core   0: 0x8000de64 (0x01701213) slli    tp, zero, 23
core   0: 3 0x8000de64 (0x01701213) x 4 0x00000000
core   0: 0x8000de68 (0x04390863) beq     s2, gp, pc + 80
core   0: 3 0x8000de68 (0x04390863)
core   0: 0x8000de6c (0x01247fb3) and     t6, s0, s2
core   0: 3 0x8000de6c (0x01247fb3) x31 0x00000001
core   0: 0x8000de70 (0xffffc297) auipc   t0, 0xffffc
core   0: 3 0x8000de70 (0xffffc297) x 5 0x80009e70
core   0: 0x8000de74 (0x65c28293) addi    t0, t0, 1628
core   0: 3 0x8000de74 (0x65c28293) x 5 0x8000a4cc
core   0: 0x8000de78 (0x29c28293) addi    t0, t0, 668
core   0: 3 0x8000de78 (0x29c28293) x 5 0x8000a768
core   0: 0x8000de7c (0x831840b7) lui     ra, 0x83184
core   0: 3 0x8000de7c (0x831840b7) x 1 0x83184000
core   0: 0x8000de80 (0x4c477017) auipc   zero, 0x4c477
core   0: 3 0x8000de80 (0x4c477017)
core   0: 0x8000de84 (0x41970133) sub     sp, a4, s9
core   0: 3 0x8000de84 (0x41970133) x 2 0xfff59155
core   0: 0x8000de88 (0x00dc0333) add     t1, s8, a3
core   0: 3 0x8000de88 (0x00dc0333) x 6 0x000005c7
core   0: 0x8000de8c (0x00f475b3) and     a1, s0, a5
core   0: 3 0x8000de8c (0x00f475b3) x11 0x00000000
core   0: 0x8000de90 (0x01be8463) beq     t4, s11, pc + 8
core   0: 3 0x8000de90 (0x01be8463)
core   0: 0x8000de94 (0x95d90f97) auipc   t6, 0x95d90
core   0: 3 0x8000de94 (0x95d90f97) x31 0x15d9de94
core   0: 0x8000de98 (0xd65287e7) jalr    a5, t0, -667
core   0: 3 0x8000de98 (0xd65287e7) x15 0x8000de9c
core   0: 0x8000a4cc (0xfecb8b93) addi    s7, s7, -20
core   0: 3 0x8000a4cc (0xfecb8b93) x23 0x80027e34
core   0: 0x8000a4d0 (0x00fba223) sw      a5, 4(s7)
core   0: 3 0x8000a4d0 (0x00fba223) mem 0x80027e38 0x8000de9c
core   0: 0x8000a4d4 (0x01e25c93) srli    s9, tp, 30
core   0: 3 0x8000a4d4 (0x01e25c93) x25 0x00000000
core   0: 0x8000a4d8 (0x97d6f593) andi    a1, a3, -1667
core   0: 3 0x8000a4d8 (0x97d6f593) x11 0x00000145
core   0: 0x8000a4dc (0x01da39b3) sltu    s3, s4, t4
core   0: 3 0x8000a4dc (0x01da39b3) x19 0x00000000
core   0: 0x8000a4e0 (0x40048133) sub     sp, s1, zero
core   0: 3 0x8000a4e0 (0x40048133) x 2 0x8002bce4
core   0: 0x8000a4e4 (0xfead8993) addi    s3, s11, -22
core   0: 3 0x8000a4e4 (0xfead8993) x19 0xfff5937f
core   0: 0x8000a4e8 (0xcfdb6293) ori     t0, s6, -771
core   0: 3 0x8000a4e8 (0xcfdb6293) x 5 0xffffffff
core   0: 0x8000a4ec (0x00319033) sll     zero, gp, gp
core   0: 3 0x8000a4ec (0x00319033)
core   0: 0x8000a4f0 (0x41735113) srai    sp, t1, 23
core   0: 3 0x8000a4f0 (0x41735113) x 2 0x00000000
core   0: 0x8000a4f4 (0x00005197) auipc   gp, 0x5
core   0: 3 0x8000a4f4 (0x00005197) x 3 0x8000f4f4
core   0: 0x8000a4f8 (0xa4018193) addi    gp, gp, -1472
core   0: 3 0x8000a4f8 (0xa4018193) x 3 0x8000ef34
core   0: 0x8000a4fc (0x2a018193) addi    gp, gp, 672
core   0: 3 0x8000a4fc (0x2a018193) x 3 0x8000f1d4
core   0: 0x8000a500 (0xe8893f13) sltiu   t5, s2, -376
core   0: 3 0x8000a500 (0xe8893f13) x30 0x00000001
core   0: 0x8000a504 (0x002b8933) add     s2, s7, sp
core   0: 3 0x8000a504 (0x002b8933) x18 0x80027e34
core   0: 0x8000a508 (0x01dcd463) bge     s9, t4, pc + 8
core   0: 3 0x8000a508 (0x01dcd463)
core   0: 0x8000a50c (0x002b9d13) slli    s10, s7, 2
core   0: 3 0x8000a50c (0x002b9d13) x26 0x0009f8d0
core   0: 0x8000a510 (0xd60187e7) jalr    a5, gp, -672
core   0: 3 0x8000a510 (0xd60187e7) x15 0x8000a514
core   0: 0x8000ef34 (0xb418b693) sltiu   a3, a7, -1215
core   0: 3 0x8000ef34 (0xb418b693) x13 0x00000001
core   0: 0x8000ef38 (0xff4b8b93) addi    s7, s7, -12
core   0: 3 0x8000ef38 (0xff4b8b93) x23 0x80027e28
core   0: 0x8000ef3c (0x00fba223) sw      a5, 4(s7)
core   0: 3 0x8000ef3c (0x00fba223) mem 0x80027e2c 0x8000a514
core   0: 0x8000ef40 (0x0120a733) slt     a4, ra, s2
core   0: 3 0x8000ef40 (0x0120a733) x14 0x00000000
core   0: 0x8000ef44 (0x0000100f) fence.i
core   0: 3 0x8000ef44 (0x0000100f)
core   0: 0x8000ef48 (0x00de12b3) sll     t0, t3, a3
core   0: 3 0x8000ef48 (0x00de12b3) x 5 0xb719c000
core   0: 0x8000ef4c (0xc6148913) addi    s2, s1, -927
core   0: 3 0x8000ef4c (0xc6148913) x18 0x8002b945
core   0: 0x8000ef50 (0x01cbcf33) xor     t5, s7, t3
core   0: 3 0x8000ef50 (0x01cbcf33) x30 0xdb8e9e28
core   0: 0x8000ef54 (0x0127b133) sltu    sp, a5, s2
core   0: 3 0x8000ef54 (0x0127b133) x 2 0x00000001
core   0: 0x8000ef58 (0xb0944d13) xori    s10, s0, -1271
core   0: 3 0x8000ef58 (0xb0944d13) x26 0xfffffb08
core   0: 0x8000ef5c (0x0000fe17) auipc   t3, 0xf
core   0: 3 0x8000ef5c (0x0000fe17) x28 0x8001df5c
core   0: 0x8000ef60 (0x65ee0e13) addi    t3, t3, 1630
core   0: 3 0x8000ef60 (0x65ee0e13) x28 0x8001e5ba
core   0: 0x8000ef64 (0x00004817) auipc   a6, 0x4
core   0: 3 0x8000ef64 (0x00004817) x16 0x80012f64
core   0: 0x8000ef68 (0xe7a80813) addi    a6, a6, -390
core   0: 3 0x8000ef68 (0xe7a80813) x16 0x80012dde
core   0: 0x8000ef6c (0xf0581523) sh      t0, -246(a6)
core   0: 3 0x8000ef6c (0xf0581523) mem 0x80012ce8 0xc000
core   0: 0x8000ef70 (0xfa8e1e83) lh      t4, -88(t3)
core   0: 3 0x8000ef70 (0xfa8e1e83) x29 0x00000000 mem 0x8001e562
core   0: 0x8000ef74 (0x02085c03) lhu     s8, 32(a6)
core   0: 3 0x8000ef74 (0x02085c03) x24 0x0000e401 mem 0x80012dfe
core   0: 0x8000ef78 (0xfffe4903) lbu     s2, -1(t3)
core   0: 3 0x8000ef78 (0xfffe4903) x18 0x00000000 mem 0x8001e5b9
core   0: 0x8000ef7c (0xf5480ba3) sb      s4, -169(a6)
core   0: 3 0x8000ef7c (0xf5480ba3) mem 0x80012d35 0xc7
core   0: 0x8000ef80 (0xf88e1603) lh      a2, -120(t3)
core   0: 3 0x8000ef80 (0xf88e1603) x12 0x00000000 mem 0x8001e542
core   0: 0x8000ef84 (0xf9780503) lb      a0, -105(a6)
core   0: 3 0x8000ef84 (0xf9780503) x10 0x00000000 mem 0x80012d75
core   0: 0x8000ef88 (0x05684703) lbu     a4, 86(a6)
core   0: 3 0x8000ef88 (0x05684703) x14 0x00000000 mem 0x80012e34
core   0: 0x8000ef8c (0x06c803a3) sb      a2, 103(a6)
core   0: 3 0x8000ef8c (0x06c803a3) mem 0x80012e45 0x0
core   0: 0x8000ef90 (0xf9be0183) lb      gp, -101(t3)
core   0: 3 0x8000ef90 (0xf9be0183) x 3 0x00000000 mem 0x8001e555
core   0: 0x8000ef94 (0xf1184283) lbu     t0, -239(a6)
core   0: 3 0x8000ef94 (0xf1184283) x 5 0x00000000 mem 0x80012cef
core   0: 0x8000ef98 (0x0e5801a3) sb      t0, 227(a6)
core   0: 3 0x8000ef98 (0x0e5801a3) mem 0x80012ec1 0x0
core   0: 0x8000ef9c (0xf4685083) lhu     ra, -186(a6)
core   0: 3 0x8000ef9c (0xf4685083) x 1 0x00000000 mem 0x80012d24
core   0: 0x8000efa0 (0x0cce1083) lh      ra, 204(t3)
core   0: 3 0x8000efa0 (0x0cce1083) x 1 0x00000000 mem 0x8001e686
core   0: 0x8000efa4 (0x00013b17) auipc   s6, 0x13
core   0: 3 0x8000efa4 (0x00013b17) x22 0x80021fa4
core   0: 0x8000efa8 (0x340b0b13) addi    s6, s6, 832
core   0: 3 0x8000efa8 (0x340b0b13) x22 0x800222e4
core   0: 0x8000efac (0x02db0a03) lb      s4, 45(s6)
core   0: 3 0x8000efac (0x02db0a03) x20 0x00000000 mem 0x80022311
core   0: 0x8000efb0 (0x014a9f13) slli    t5, s5, 20
core   0: 3 0x8000efb0 (0x014a9f13) x30 0x2bb00000
core   0: 0x8000efb4 (0x60a30a13) addi    s4, t1, 1546
core   0: 3 0x8000efb4 (0x60a30a13) x20 0x00000bd1
core   0: 0x8000efb8 (0x02db0e03) lb      t3, 45(s6)
core   0: 3 0x8000efb8 (0x02db0e03) x28 0x00000000 mem 0x80022311
core   0: 0x8000efbc (0x0d1b1723) sh      a7, 206(s6)
core   0: 3 0x8000efbc (0x0d1b1723) mem 0x800223b2 0x9395
core   0: 0x8000efc0 (0x73f978b7) lui     a7, 0x73f97
core   0: 3 0x8000efc0 (0x73f978b7) x17 0x73f97000
core   0: 0x8000efc4 (0x00583a33) sltu    s4, a6, t0
core   0: 3 0x8000efc4 (0x00583a33) x20 0x00000000
core   0: 0x8000efc8 (0x41e25313) srai    t1, tp, 30
core   0: 3 0x8000efc8 (0x41e25313) x 6 0x00000000
core   0: 0x8000efcc (0x00f77333) and     t1, a4, a5
core   0: 3 0x8000efcc (0x00f77333) x 6 0x00000000
core   0: 0x8000efd0 (0x0ceb4103) lbu     sp, 206(s6)
core   0: 3 0x8000efd0 (0x0ceb4103) x 2 0x00000095 mem 0x800223b2
core   0: 0x8000efd4 (0xc275e193) ori     gp, a1, -985
core   0: 3 0x8000efd4 (0xc275e193) x 3 0xfffffd67
core   0: 0x8000efd8 (0x001b4583) lbu     a1, 1(s6)
core   0: 3 0x8000efd8 (0x001b4583) x11 0x00000000 mem 0x800222e5
core   0: 0x8000efdc (0x058b4083) lbu     ra, 88(s6)
core   0: 3 0x8000efdc (0x058b4083) x 1 0x00000000 mem 0x8002233c
core   0: 0x8000efe0 (0x058b2383) lw      t2, 88(s6)
core   0: 3 0x8000efe0 (0x058b2383) x 7 0x00000000 mem 0x8002233c
core   0: 0x8000efe4 (0x058b4983) lbu     s3, 88(s6)
core   0: 3 0x8000efe4 (0x058b4983) x19 0x00000000 mem 0x8002233c
core   0: 0x8000efe8 (0x047b0c23) sb      t2, 88(s6)
core   0: 3 0x8000efe8 (0x047b0c23) mem 0x8002233c 0x0
core   0: 0x8000efec (0x058b5103) lhu     sp, 88(s6)
core   0: 3 0x8000efec (0x058b5103) x 2 0x00000000 mem 0x8002233c
core   0: 0x8000eff0 (0x058b1903) lh      s2, 88(s6)
core   0: 3 0x8000eff0 (0x058b1903) x18 0x00000000 mem 0x8002233c
core   0: 0x8000eff4 (0xfb4b1223) sh      s4, -92(s6)
core   0: 3 0x8000eff4 (0xfb4b1223) mem 0x80022288 0x0000
core   0: 0x8000eff8 (0xfa8b1223) sh      s0, -92(s6)
core   0: 3 0x8000eff8 (0xfa8b1223) mem 0x80022288 0x0001
core   0: 0x8000effc (0x088b5783) lhu     a5, 136(s6)
core   0: 3 0x8000effc (0x088b5783) x15 0x00000000 mem 0x8002236c
core   0: 0x8000f000 (0x088b5503) lhu     a0, 136(s6)
core   0: 3 0x8000f000 (0x088b5503) x10 0x00000000 mem 0x8002236c
core   0: 0x8000f004 (0x00013597) auipc   a1, 0x13
core   0: 3 0x8000f004 (0x00013597) x11 0x80022004
core   0: 0x8000f008 (0x31f58593) addi    a1, a1, 799
core   0: 3 0x8000f008 (0x31f58593) x11 0x80022323
core   0: 0x8000f00c (0x5cd5d383) lhu     t2, 1485(a1)
core   0: 3 0x8000f00c (0x5cd5d383) x 7 0x00000000 mem 0x800228f0
core   0: 0x8000f010 (0x9e25ce03) lbu     t3, -1566(a1)
core   0: 3 0x8000f010 (0x9e25ce03) x28 0x00000000 mem 0x80021d05
core   0: 0x8000f014 (0x00250eb3) add     t4, a0, sp
core   0: 3 0x8000f014 (0x00250eb3) x29 0x00000000
core   0: 0x8000f018 (0x012bb833) sltu    a6, s7, s2
core   0: 3 0x8000f018 (0x012bb833) x16 0x00000000
core   0: 0x8000f01c (0xe8058503) lb      a0, -384(a1)
core   0: 3 0x8000f01c (0xe8058503) x10 0x00000000 mem 0x800221a3
core   0: 0x8000f020 (0x5d452293) slti    t0, a0, 1492
core   0: 3 0x8000f020 (0x5d452293) x 5 0x00000001
core   0: 0x8000f024 (0x41559283) lh      t0, 1045(a1)
core   0: 3 0x8000f024 (0x41559283) x 5 0x00000000 mem 0x80022738
core   0: 0x8000f028 (0xd0d31d97) auipc   s11, 0xd0d31
core   0: 3 0x8000f028 (0xd0d31d97) x27 0x50d40028
core   0: 0x8000f02c (0xc63af893) andi    a7, s5, -925
core   0: 3 0x8000f02c (0xc63af893) x17 0xfdb01023
core   0: 0x8000f030 (0x1885aca3) sw      s0, 409(a1)
core   0: 3 0x8000f030 (0x1885aca3) mem 0x800224bc 0x00000001
core   0: 0x8000f034 (0x5c7a4113) xori    sp, s4, 1479
core   0: 3 0x8000f034 (0x5c7a4113) x 2 0x000005c7
core   0: 0x8000f038 (0x2025f797) auipc   a5, 0x2025f
core   0: 3 0x8000f038 (0x2025f797) x15 0xa026e038
core   0: 0x8000f03c (0x33f59ba3) sh      t6, 823(a1)
core   0: 3 0x8000f03c (0x33f59ba3) mem 0x8002265a 0xde94
core   0: 0x8000f040 (0xaf65c703) lbu     a4, -1290(a1)
core   0: 3 0x8000f040 (0xaf65c703) x14 0x00000000 mem 0x80021e19
core   0: 0x8000f044 (0x00e0c733) xor     a4, ra, a4
core   0: 3 0x8000f044 (0x00e0c733) x14 0x00000000
core   0: 0x8000f048 (0x4af59d03) lh      s10, 1199(a1)
core   0: 3 0x8000f048 (0x4af59d03) x26 0x00000000 mem 0x800227d2
core   0: 0x8000f04c (0x5f059fa3) sh      a6, 1535(a1)
core   0: 3 0x8000f04c (0x5f059fa3) mem 0x80022922 0x0000
core   0: 0x8000f050 (0xdfe58a23) sb      t5, -524(a1)
core   0: 3 0x8000f050 (0xdfe58a23) mem 0x80022117 0x0
core   0: 0x8000f054 (0xde758683) lb      a3, -537(a1)
core   0: 3 0x8000f054 (0xde758683) x13 0x00000020 mem 0x8002210a
core   0: 0x8000f058 (0x56858283) lb      t0, 1384(a1)
core   0: 3 0x8000f058 (0x56858283) x 5 0x00000000 mem 0x8002288b
core   0: 0x8000f05c (0x00f39093) slli    ra, t2, 15
core   0: 3 0x8000f05c (0x00f39093) x 1 0x00000000
core   0: 0x8000f060 (0xa0a5c503) lbu     a0, -1526(a1)
core   0: 3 0x8000f060 (0xa0a5c503) x10 0x00000000 mem 0x80021d2d
core   0: 0x8000f064 (0x00000013) nop
core   0: 3 0x8000f064 (0x00000013)
core   0: 0x8000f068 (0xe0658c83) lb      s9, -506(a1)
core   0: 3 0x8000f068 (0xe0658c83) x25 0x00000000 mem 0x80022129
core   0: 0x8000f06c (0x01f463b3) or      t2, s0, t6
core   0: 3 0x8000f06c (0x01f463b3) x 7 0x15d9de95
core   0: 0x8000f070 (0x2a358023) sb      gp, 672(a1)
core   0: 3 0x8000f070 (0x2a358023) mem 0x800225c3 0x67
core   0: 0x8000f074 (0x01886733) or      a4, a6, s8
core   0: 3 0x8000f074 (0x01886733) x14 0x0000e401
core   0: 0x8000f078 (0xfd213813) sltiu   a6, sp, -46
core   0: 3 0x8000f078 (0xfd213813) x16 0x00000001
core   0: 0x8000f07c (0x00bcd3b3) srl     t2, s9, a1
core   0: 3 0x8000f07c (0x00bcd3b3) x 7 0x00000000
core   0: 0x8000f080 (0x5df5d503) lhu     a0, 1503(a1)
core   0: 3 0x8000f080 (0x5df5d503) x10 0x00000000 mem 0x80022902
core   0: 0x8000f084 (0x0000100f) fence.i
core   0: 3 0x8000f084 (0x0000100f)
core   0: 0x8000f088 (0x0cfa0993) addi    s3, s4, 207
core   0: 3 0x8000f088 (0x0cfa0993) x19 0x000000cf
core   0: 0x8000f08c (0x66559ca3) sh      t0, 1657(a1)
core   0: 3 0x8000f08c (0x66559ca3) mem 0x8002299c 0x0000
core   0: 0x8000f090 (0xb2758523) sb      t2, -1238(a1)
core   0: 3 0x8000f090 (0xb2758523) mem 0x80021e4d 0x0
core   0: 0x8000f094 (0x3835c603) lbu     a2, 899(a1)
core   0: 3 0x8000f094 (0x3835c603) x12 0x00000000 mem 0x800226a6
core   0: 0x8000f098 (0x410a5f33) sra     t5, s4, a6
core   0: 3 0x8000f098 (0x410a5f33) x30 0x00000000
core   0: 0x8000f09c (0x411fdd33) sra     s10, t6, a7
core   0: 3 0x8000f09c (0x411fdd33) x26 0x02bb3bd2
core   0: 0x8000f0a0 (0xf125a0a3) sw      s2, -255(a1)
core   0: 3 0x8000f0a0 (0xf125a0a3) mem 0x80022224 0x00000000
core   0: 0x8000f0a4 (0xb9c3ec37) lui     s8, 0xb9c3e
core   0: 3 0x8000f0a4 (0xb9c3ec37) x24 0xb9c3e000
core   0: 0x8000f0a8 (0x007073b3) and     t2, zero, t2
core   0: 3 0x8000f0a8 (0x007073b3) x 7 0x00000000
core   0: 0x8000f0ac (0x96f58f23) sb      a5, -1666(a1)
core   0: 3 0x8000f0ac (0x96f58f23) mem 0x80021ca1 0x38
core   0: 0x8000f0b0 (0xcafb5037) lui     zero, 0xcafb5
core   0: 3 0x8000f0b0 (0xcafb5037)
core   0: 0x8000f0b4 (0x2d25c383) lbu     t2, 722(a1)
core   0: 3 0x8000f0b4 (0x2d25c383) x 7 0x00000000 mem 0x800225f5
core   0: 0x8000f0b8 (0x5e858923) sb      s0, 1522(a1)
core   0: 3 0x8000f0b8 (0x5e858923) mem 0x80022915 0x1
core   0: 0x8000f0bc (0x0ff0000f) fence   iorw,iorw
core   0: 3 0x8000f0bc (0x0ff0000f)
core   0: 0x8000f0c0 (0xefc585a3) sb      t3, -277(a1)
core   0: 3 0x8000f0c0 (0xefc585a3) mem 0x8002220e 0x0
core   0: 0x8000f0c4 (0xcf4587a3) sb      s4, -785(a1)
core   0: 3 0x8000f0c4 (0xcf4587a3) mem 0x80022012 0x0
core   0: 0x8000f0c8 (0xabf58f03) lb      t5, -1345(a1)
core   0: 3 0x8000f0c8 (0xabf58f03) x30 0x00000000 mem 0x80021de2
core   0: 0x8000f0cc (0x80f5aaa3) sw      a5, -2027(a1)
core   0: 3 0x8000f0cc (0x80f5aaa3) mem 0x80021b38 0xa026e038
core   0: 0x8000f0d0 (0x00300213) li      tp, 3
core   0: 3 0x8000f0d0 (0x00300213) x 4 0x00000003
core   0: 0x8000f0d4 (0x40e48733) sub     a4, s1, a4
core   0: 3 0x8000f0d4 (0x40e48733) x14 0x8001d8e3
core   0: 0x8000f0d8 (0xb4787793) andi    a5, a6, -1209
core   0: 3 0x8000f0d8 (0xb4787793) x15 0x00000001
core   0: 0x8000f0dc (0x400ed913) srai    s2, t4, 0
core   0: 3 0x8000f0dc (0x400ed913) x18 0x00000000
core   0: 0x8000f0e0 (0xa73e2093) slti    ra, t3, -1421
core   0: 3 0x8000f0e0 (0xa73e2093) x 1 0x00000000
core   0: 0x8000f0e4 (0xa187ed13) ori     s10, a5, -1512
core   0: 3 0x8000f0e4 (0xa187ed13) x26 0xfffffa19
core   0: 0x8000f0e8 (0xff500f13) li      t5, -11
core   0: 3 0x8000f0e8 (0xff500f13) x30 0xfffffff5
core   0: 0x8000f0ec (0x0000100f) fence.i
core   0: 3 0x8000f0ec (0x0000100f)
core   0: 0x8000f0f0 (0x0073a9b3) slt     s3, t2, t2
core   0: 3 0x8000f0f0 (0x0073a9b3) x19 0x00000000
core   0: 0x8000f0f4 (0x00a59393) slli    t2, a1, 10
core   0: 3 0x8000f0f4 (0x00a59393) x 7 0x088c8c00
core   0: 0x8000f0f8 (0x961fa293) slti    t0, t6, -1695
core   0: 3 0x8000f0f8 (0x961fa293) x 5 0x00000000
core   0: 0x8000f0fc (0x6736a993) slti    s3, a3, 1651
core   0: 3 0x8000f0fc (0x6736a993) x19 0x00000001
core   0: 0x8000f100 (0x00ba2933) slt     s2, s4, a1
core   0: 3 0x8000f100 (0x00ba2933) x18 0x00000000
core   0: 0x8000f104 (0xe8843893) sltiu   a7, s0, -376
core   0: 3 0x8000f104 (0xe8843893) x17 0x00000001
core   0: 0x8000f108 (0xaff63197) auipc   gp, 0xaff63
core   0: 3 0x8000f108 (0xaff63197) x 3 0x2ff72108
core   0: 0x8000f10c (0xffe20213) addi    tp, tp, -2
core   0: 3 0x8000f10c (0xffe20213) x 4 0x00000001
core   0: 0x8000f110 (0x0000100f) fence.i
core   0: 3 0x8000f110 (0x0000100f)
core   0: 0x8000f114 (0x01d4f9b3) and     s3, s1, t4
core   0: 3 0x8000f114 (0x01d4f9b3) x19 0x00000000
core   0: 0x8000f118 (0x0ff0000f) fence   iorw,iorw
core   0: 3 0x8000f118 (0x0ff0000f)
core   0: 0x8000f11c (0x6148cc13) xori    s8, a7, 1556
core   0: 3 0x8000f11c (0x6148cc13) x24 0x00000615
core   0: 0x8000f120 (0xfde20ee3) beq     tp, t5, pc - 36
core   0: 3 0x8000f120 (0xfde20ee3)
core   0: 0x8000f124 (0x01728db3) add     s11, t0, s7
core   0: 3 0x8000f124 (0x01728db3) x27 0x80027e28
core   0: 0x8000f128 (0x00008a17) auipc   s4, 0x8
core   0: 3 0x8000f128 (0x00008a17) x20 0x80017128
core   0: 0x8000f12c (0xb94a0a13) addi    s4, s4, -1132
core   0: 3 0x8000f12c (0xb94a0a13) x20 0x80016cbc
core   0: 0x8000f130 (0x00009217) auipc   tp, 0x9
core   0: 3 0x8000f130 (0x00009217) x 4 0x80018130
core   0: 0x8000f134 (0x74c20213) addi    tp, tp, 1868
core   0: 3 0x8000f134 (0x74c20213) x 4 0x8001887c
core   0: 0x8000f138 (0x00006117) auipc   sp, 0x6
core   0: 3 0x8000f138 (0x00006117) x 2 0x80015138
core   0: 0x8000f13c (0x85110113) addi    sp, sp, -1967
core   0: 3 0x8000f13c (0x85110113) x 2 0x80014989
core   0: 0x8000f140 (0x2cea0ba3) sb      a4, 727(s4)
core   0: 3 0x8000f140 (0x2cea0ba3) mem 0x80016f93 0xe3
core   0: 0x8000f144 (0x92520c83) lb      s9, -1755(tp)
core   0: 3 0x8000f144 (0x92520c83) x25 0x00000000 mem 0x800181a1
core   0: 0x8000f148 (0x00008e97) auipc   t4, 0x8
core   0: 3 0x8000f148 (0x00008e97) x29 0x80017148
core   0: 0x8000f14c (0xcfbe8e93) addi    t4, t4, -773
core   0: 3 0x8000f14c (0xcfbe8e93) x29 0x80016e43
core   0: 0x8000f150 (0x54b20f83) lb      t6, 1355(tp)
core   0: 3 0x8000f150 (0x54b20f83) x31 0x00000000 mem 0x80018dc7
core   0: 0x8000f154 (0x0a810723) sb      s0, 174(sp)
core   0: 3 0x8000f154 (0x0a810723) mem 0x80014a37 0x1
core   0: 0x8000f158 (0x3ffe8c23) sb      t6, 1016(t4)
core   0: 3 0x8000f158 (0x3ffe8c23) mem 0x8001723b 0x0
core   0: 0x8000f15c (0x4fb24983) lbu     s3, 1275(tp)
core   0: 3 0x8000f15c (0x4fb24983) x19 0x00000000 mem 0x80018d77
core   0: 0x8000f160 (0xf4e117a3) sh      a4, -177(sp)
core   0: 3 0x8000f160 (0xf4e117a3) mem 0x800148d8 0xd8e3
core   0: 0x8000f164 (0xa61a0903) lb      s2, -1439(s4)
core   0: 3 0x8000f164 (0xa61a0903) x18 0x00000000 mem 0x8001671d
core   0: 0x8000f168 (0xfb514083) lbu     ra, -75(sp)
core   0: 3 0x8000f168 (0xfb514083) x 1 0x00000000 mem 0x8001493e
core   0: 0x8000f16c (0x123a4303) lbu     t1, 291(s4)
core   0: 3 0x8000f16c (0x123a4303) x 6 0x00000000 mem 0x80016ddf
core   0: 0x8000f170 (0x05311f83) lh      t6, 83(sp)
core   0: 3 0x8000f170 (0x05311f83) x31 0x00000000 mem 0x800149dc
core   0: 0x8000f174 (0xa1420503) lb      a0, -1516(tp)
core   0: 3 0x8000f174 (0xa1420503) x10 0x00000000 mem 0x80018290
core   0: 0x8000f178 (0x108200a3) sb      s0, 257(tp)
core   0: 3 0x8000f178 (0x108200a3) mem 0x8001897d 0x1
core   0: 0x8000f17c (0x11de8d23) sb      t4, 282(t4)
core   0: 3 0x8000f17c (0x11de8d23) mem 0x80016f5d 0x43
core   0: 0x8000f180 (0x06414e03) lbu     t3, 100(sp)
core   0: 3 0x8000f180 (0x06414e03) x28 0x00000000 mem 0x800149ed
core   0: 0x8000f184 (0x8f3a4f03) lbu     t5, -1805(s4)
core   0: 3 0x8000f184 (0x8f3a4f03) x30 0x00000000 mem 0x800165af
core   0: 0x8000f188 (0x0b4e8183) lb      gp, 180(t4)
core   0: 3 0x8000f188 (0x0b4e8183) x 3 0x00000000 mem 0x80016ef7
core   0: 0x8000f18c (0x55c24783) lbu     a5, 1372(tp)
core   0: 3 0x8000f18c (0x55c24783) x15 0x00000000 mem 0x80018dd8
core   0: 0x8000f190 (0xe5820fa3) sb      s8, -417(tp)
core   0: 3 0x8000f190 (0xe5820fa3) mem 0x800186db 0x15
core   0: 0x8000f194 (0xef320e03) lb      t3, -269(tp)
core   0: 3 0x8000f194 (0xef320e03) x28 0x00000000 mem 0x8001876f
core   0: 0x8000f198 (0xfc312383) lw      t2, -61(sp)
core   0: 3 0x8000f198 (0xfc312383) x 7 0x00000000 mem 0x8001494c
core   0: 0x8000f19c (0xe40a4903) lbu     s2, -448(s4)
core   0: 3 0x8000f19c (0xe40a4903) x18 0x00000000 mem 0x80016afc
core   0: 0x8000f1a0 (0x0a1ea883) lw      a7, 161(t4)
core   0: 3 0x8000f1a0 (0x0a1ea883) x17 0x00000000 mem 0x80016ee4
core   0: 0x8000f1a4 (0xacf20603) lb      a2, -1329(tp)
core   0: 3 0x8000f1a4 (0xacf20603) x12 0x00000000 mem 0x8001834b
core   0: 0x8000f1a8 (0xf17107a3) sb      s7, -241(sp)
core   0: 3 0x8000f1a8 (0xf17107a3) mem 0x80014898 0x28
core   0: 0x8000f1ac (0x2d820083) lb      ra, 728(tp)
core   0: 3 0x8000f1ac (0x2d820083) x 1 0x00000000 mem 0x80018b54
core   0: 0x8000f1b0 (0xc9ee98a3) sh      t5, -879(t4)
core   0: 3 0x8000f1b0 (0xc9ee98a3) mem 0x80016ad4 0x0000
core   0: 0x8000f1b4 (0x01b20733) add     a4, tp, s11
core   0: 3 0x8000f1b4 (0x01b20733) x14 0x000406a4
core   0: 0x8000f1b8 (0x01addf33) srl     t5, s11, s10
core   0: 3 0x8000f1b8 (0x01addf33) x30 0x00000040
core   0: 0x8000f1bc (0x057b0713) addi    a4, s6, 87
core   0: 3 0x8000f1bc (0x057b0713) x14 0x8002233b
core   0: 0x8000f1c0 (0x00dc0033) add     zero, s8, a3
core   0: 3 0x8000f1c0 (0x00dc0033)
core   0: 0x8000f1c4 (0x0151db13) srli    s6, gp, 21
core   0: 3 0x8000f1c4 (0x0151db13) x22 0x00000000
core   0: 0x8000f1c8 (0x02f81a63) bne     a6, a5, pc + 52
core   0: 3 0x8000f1c8 (0x02f81a63)
core   0: 0x8000f1fc (0x00cb1813) slli    a6, s6, 12
core   0: 3 0x8000f1fc (0x00cb1813) x16 0x00000000
core   0: 0x8000f200 (0x0155ccb3) xor     s9, a1, s5
core   0: 3 0x8000f200 (0x0155ccb3) x25 0x7db23198
core   0: 0x8000f204 (0x014311b3) sll     gp, t1, s4
core   0: 3 0x8000f204 (0x014311b3) x 3 0x00000000
core   0: 0x8000f208 (0x0ff0000f) fence   iorw,iorw
core   0: 3 0x8000f208 (0x0ff0000f)
core   0: 0x8000f20c (0x00000013) nop
core   0: 3 0x8000f20c (0x00000013)
core   0: 0x8000f210 (0x007bdc13) srli    s8, s7, 7
core   0: 3 0x8000f210 (0x007bdc13) x24 0x010004fc
core   0: 0x8000f214 (0x016a5f13) srli    t5, s4, 22
core   0: 3 0x8000f214 (0x016a5f13) x30 0x00000200
core   0: 0x8000f218 (0x41798533) sub     a0, s3, s7
core   0: 3 0x8000f218 (0x41798533) x10 0x7ffd81d8
core   0: 0x8000f21c (0x01d68fb3) add     t6, a3, t4
core   0: 3 0x8000f21c (0x01d68fb3) x31 0x80016e63
core   0: 0x8000f220 (0x00a586b3) add     a3, a1, a0
core   0: 3 0x8000f220 (0x00a586b3) x13 0xffffa4fb
core   0: 0x8000f224 (0x69da4c93) xori    s9, s4, 1693
core   0: 3 0x8000f224 (0x69da4c93) x25 0x80016a21
core   0: 0x8000f228 (0x0123f033) and     zero, t2, s2
core   0: 3 0x8000f228 (0x0123f033)
core   0: 0x8000f22c (0x7f9c7c13) andi    s8, s8, 2041
core   0: 3 0x8000f22c (0x7f9c7c13) x24 0x000004f8
core   0: 0x8000f230 (0x50a6e393) ori     t2, a3, 1290
core   0: 3 0x8000f230 (0x50a6e393) x 7 0xffffa5fb
core   0: 0x8000f234 (0x0000100f) fence.i
core   0: 3 0x8000f234 (0x0000100f)
core   0: 0x8000f238 (0xea89e693) ori     a3, s3, -344
core   0: 3 0x8000f238 (0xea89e693) x13 0xfffffea8
core   0: 0x8000f23c (0x00000013) nop
core   0: 3 0x8000f23c (0x00000013)
core   0: 0x8000f240 (0x48f31d37) lui     s10, 0x48f31
core   0: 3 0x8000f240 (0x48f31d37) x26 0x48f31000
core   0: 0x8000f244 (0x01200233) add     tp, zero, s2
core   0: 3 0x8000f244 (0x01200233) x 4 0x00000000
core   0: 0x8000f248 (0x02c69863) bne     a3, a2, pc + 48
core   0: 3 0x8000f248 (0x02c69863)
core   0: 0x8000f278 (0x01b2b5b3) sltu    a1, t0, s11
core   0: 3 0x8000f278 (0x01b2b5b3) x11 0x00000001
core   0: 0x8000f27c (0x015bed33) or      s10, s7, s5
core   0: 3 0x8000f27c (0x015bed33) x26 0xfdb27ebb
core   0: 0x8000f280 (0x004bf8b3) and     a7, s7, tp
core   0: 3 0x8000f280 (0x004bf8b3) x17 0x00000000
core   0: 0x8000f284 (0xf97c1f37) lui     t5, 0xf97c1
core   0: 3 0x8000f284 (0xf97c1f37) x30 0xf97c1000
core   0: 0x8000f288 (0x0ff0000f) fence   iorw,iorw
core   0: 3 0x8000f288 (0x0ff0000f)
core   0: 0x8000f28c (0x00b35993) srli    s3, t1, 11
core   0: 3 0x8000f28c (0x00b35993) x19 0x00000000
core   0: 0x8000f290 (0x01378463) beq     a5, s3, pc + 8
core   0: 3 0x8000f290 (0x01378463)
core   0: 0x8000f298 (0x419c5f33) sra     t5, s8, s9
core   0: 3 0x8000f298 (0x419c5f33) x30 0x0000027c
core   0: 0x8000f29c (0x0b94fe63) bgeu    s1, s9, pc + 188
core   0: 3 0x8000f29c (0x0b94fe63)
core   0: 0x8000f358 (0x03b1ee63) bltu    gp, s11, pc + 60
core   0: 3 0x8000f358 (0x03b1ee63)
core   0: 0x8000f394 (0x007f1463) bne     t5, t2, pc + 8
core   0: 3 0x8000f394 (0x007f1463)
core   0: 0x8000f39c (0x017fc133) xor     sp, t6, s7
core   0: 3 0x8000f39c (0x017fc133) x 2 0x0003104b
core   0: 0x8000f3a0 (0x00c007ef) jal     a5, pc + 0xc
core   0: 3 0x8000f3a0 (0x00c007ef) x15 0x8000f3a4
core   0: 0x8000f3ac (0x0280036f) jal     t1, pc + 0x28
core   0: 3 0x8000f3ac (0x0280036f) x 6 0x8000f3b0
core   0: 0x8000f3d4 (0x01000def) jal     s11, pc + 0x10
core   0: 3 0x8000f3d4 (0x01000def) x27 0x8000f3d8
core   0: 0x8000f3e4 (0xfc1ff0ef) jal     pc - 0x40
core   0: 3 0x8000f3e4 (0xfc1ff0ef) x 1 0x8000f3e8
core   0: 0x8000f3a4 (0x020000ef) jal     pc + 0x20
core   0: 3 0x8000f3a4 (0x020000ef) x 1 0x8000f3a8
core   0: 0x8000f3c4 (0x0040036f) jal     t1, pc + 0x4
core   0: 3 0x8000f3c4 (0x0040036f) x 6 0x8000f3c8
core   0: 0x8000f3c8 (0x038000ef) jal     pc + 0x38
core   0: 3 0x8000f3c8 (0x038000ef) x 1 0x8000f3cc
core   0: 0x8000f400 (0xff5ff0ef) jal     pc - 0xc
core   0: 3 0x8000f400 (0xff5ff0ef) x 1 0x8000f404
core   0: 0x8000f3f4 (0x010000ef) jal     pc + 0x10
core   0: 3 0x8000f3f4 (0x010000ef) x 1 0x8000f3f8
core   0: 0x8000f404 (0xfadff0ef) jal     pc - 0x54
core   0: 3 0x8000f404 (0xfadff0ef) x 1 0x8000f408
core   0: 0x8000f3b0 (0x0400026f) jal     tp, pc + 0x40
core   0: 3 0x8000f3b0 (0x0400026f) x 4 0x8000f3b4
core   0: 0x8000f3f0 (0xfc5ff0ef) jal     pc - 0x3c
core   0: 3 0x8000f3f0 (0xfc5ff0ef) x 1 0x8000f3f4
core   0: 0x8000f3b4 (0x054000ef) jal     pc + 0x54
core   0: 3 0x8000f3b4 (0x054000ef) x 1 0x8000f3b8
core   0: 0x8000f408 (0xfc5ff36f) jal     t1, pc - 0x3c
core   0: 3 0x8000f408 (0xfc5ff36f) x 6 0x8000f40c
core   0: 0x8000f3cc (0x0140046f) jal     s0, pc + 0x14
core   0: 3 0x8000f3cc (0x0140046f) x 8 0x8000f3d0
core   0: 0x8000f3e0 (0xff1ff46f) jal     s0, pc - 0x10
core   0: 3 0x8000f3e0 (0xff1ff46f) x 8 0x8000f3e4
core   0: 0x8000f3d0 (0xfd9ff0ef) jal     pc - 0x28
core   0: 3 0x8000f3d0 (0xfd9ff0ef) x 1 0x8000f3d4
core   0: 0x8000f3a8 (0x034000ef) jal     pc + 0x34
core   0: 3 0x8000f3a8 (0x034000ef) x 1 0x8000f3ac
core   0: 0x8000f3dc (0xffdff0ef) jal     pc - 0x4
core   0: 3 0x8000f3dc (0xffdff0ef) x 1 0x8000f3e0
core   0: 0x8000f3d8 (0x010000ef) jal     pc + 0x10
core   0: 3 0x8000f3d8 (0x010000ef) x 1 0x8000f3dc
core   0: 0x8000f3e8 (0x004000ef) jal     pc + 0x4
core   0: 3 0x8000f3e8 (0x004000ef) x 1 0x8000f3ec
core   0: 0x8000f3ec (0xfcdffeef) jal     t4, pc - 0x34
core   0: 3 0x8000f3ec (0xfcdffeef) x29 0x8000f3f0
core   0: 0x8000f3b8 (0x0080036f) jal     t1, pc + 0x8
core   0: 3 0x8000f3b8 (0x0080036f) x 6 0x8000f3bc
core   0: 0x8000f3c0 (0x038000ef) jal     pc + 0x38
core   0: 3 0x8000f3c0 (0x038000ef) x 1 0x8000f3c4
core   0: 0x8000f3f8 (0x004006ef) jal     a3, pc + 0x4
core   0: 3 0x8000f3f8 (0x004006ef) x13 0x8000f3fc
core   0: 0x8000f3fc (0xfc1ff0ef) jal     pc - 0x40
core   0: 3 0x8000f3fc (0xfc1ff0ef) x 1 0x8000f400
core   0: 0x8000f3bc (0x0500036f) jal     t1, pc + 0x50
core   0: 3 0x8000f3bc (0x0500036f) x 6 0x8000f3c0
core   0: 0x8000f40c (0x00596233) or      tp, s2, t0
core   0: 3 0x8000f40c (0x00596233) x 4 0x00000000
core   0: 0x8000f410 (0x006bb9b3) sltu    s3, s7, t1
core   0: 3 0x8000f410 (0x006bb9b3) x19 0x00000000
core   0: 0x8000f414 (0x01abfc63) bgeu    s7, s10, pc + 24
core   0: 3 0x8000f414 (0x01abfc63)
core   0: 0x8000f418 (0x040b5663) bgez    s6, pc + 76
core   0: 3 0x8000f418 (0x040b5663)
core   0: 0x8000f464 (0x4168d613) srai    a2, a7, 22
core   0: 3 0x8000f464 (0x4168d613) x12 0x00000000
core   0: 0x8000f468 (0x40df8eb3) sub     t4, t6, a3
core   0: 3 0x8000f468 (0x40df8eb3) x29 0x00007a67
core   0: 0x8000f46c (0x00006033) or      zero, zero, zero
core   0: 3 0x8000f46c (0x00006033)
core   0: 0x8000f470 (0x0ff0000f) fence   iorw,iorw
core   0: 3 0x8000f470 (0x0ff0000f)
core   0: 0x8000f474 (0x01c21833) sll     a6, tp, t3
core   0: 3 0x8000f474 (0x01c21833) x16 0x00000000
core   0: 0x8000f478 (0x05ed2793) slti    a5, s10, 94
core   0: 3 0x8000f478 (0x05ed2793) x15 0x00000001
core   0: 0x8000f47c (0xca6faf93) slti    t6, t6, -858
core   0: 3 0x8000f47c (0xca6faf93) x31 0x00000001
core   0: 0x8000f480 (0x04175663) bge     a4, ra, pc + 76
core   0: 3 0x8000f480 (0x04175663)
core   0: 0x8000f4cc (0x0117e933) or      s2, a5, a7
core   0: 3 0x8000f4cc (0x0117e933) x18 0x00000001
core   0: 0x8000f4d0 (0x00e3afb3) slt     t6, t2, a4
core   0: 3 0x8000f4d0 (0x00e3afb3) x31 0x00000000
core   0: 0x8000f4d4 (0xc851d937) lui     s2, 0xc851d
core   0: 3 0x8000f4d4 (0xc851d937) x18 0xc851d000
core   0: 0x8000f4d8 (0x00964233) xor     tp, a2, s1
core   0: 3 0x8000f4d8 (0x00964233) x 4 0x8002bce4
core   0: 0x8000f4dc (0x03670a63) beq     a4, s6, pc + 52
core   0: 3 0x8000f4dc (0x03670a63)
core   0: 0x8000f4e0 (0x416e8db3) sub     s11, t4, s6
core   0: 3 0x8000f4e0 (0x416e8db3) x27 0x00007a67
core   0: 0x8000f4e4 (0x0028a8b3) slt     a7, a7, sp
core   0: 3 0x8000f4e4 (0x0028a8b3) x17 0x00000001
core   0: 0x8000f4e8 (0x4522fe93) andi    t4, t0, 1106
core   0: 3 0x8000f4e8 (0x4522fe93) x29 0x00000000
core   0: 0x8000f4ec (0x016023b3) slt     t2, zero, s6
core   0: 3 0x8000f4ec (0x016023b3) x 7 0x00000000
core   0: 0x8000f4f0 (0x0011c3b3) xor     t2, gp, ra
core   0: 3 0x8000f4f0 (0x0011c3b3) x 7 0x8000f400
core   0: 0x8000f4f4 (0x6349ed93) ori     s11, s3, 1588
core   0: 3 0x8000f4f4 (0x6349ed93) x27 0x00000634
core   0: 0x8000f4f8 (0x412ede33) sra     t3, t4, s2
core   0: 3 0x8000f4f8 (0x412ede33) x28 0x00000000
core   0: 0x8000f4fc (0x0ff0000f) fence   iorw,iorw
core   0: 3 0x8000f4fc (0x0ff0000f)
core   0: 0x8000f500 (0x03dc1a63) bne     s8, t4, pc + 52
core   0: 3 0x8000f500 (0x03dc1a63)
core   0: 0x8000f534 (0xd6284413) xori    s0, a6, -670
core   0: 3 0x8000f534 (0xd6284413) x 8 0xfffffd62
core   0: 0x8000f538 (0x006d9a63) bne     s11, t1, pc + 20
core   0: 3 0x8000f538 (0x006d9a63)
core   0: 0x8000f54c (0x00000013) nop
core   0: 3 0x8000f54c (0x00000013)
core   0: 0x8000f550 (0x0ff0000f) fence   iorw,iorw
core   0: 3 0x8000f550 (0x0ff0000f)
core   0: 0x8000f554 (0xdf045637) lui     a2, 0xdf045
core   0: 3 0x8000f554 (0xdf045637) x12 0xdf045000
core   0: 0x8000f558 (0xa9c4c017) auipc   zero, 0xa9c4c
core   0: 3 0x8000f558 (0xa9c4c017)
core   0: 0x8000f55c (0x01601eb3) sll     t4, zero, s6
core   0: 3 0x8000f55c (0x01601eb3) x29 0x00000000
core   0: 0x8000f560 (0x2b894fb7) lui     t6, 0x2b894
core   0: 3 0x8000f560 (0x2b894fb7) x31 0x2b894000
core   0: 0x8000f564 (0x8ebfe137) lui     sp, 0x8ebfe
core   0: 3 0x8000f564 (0x8ebfe137) x 2 0x8ebfe000
core   0: 0x8000f568 (0x408ed793) srai    a5, t4, 8
core   0: 3 0x8000f568 (0x408ed793) x15 0x00000000
core   0: 0x8000f56c (0x05a70863) beq     a4, s10, pc + 80
core   0: 3 0x8000f56c (0x05a70863)
core   0: 0x8000f570 (0x05919663) bne     gp, s9, pc + 76
core   0: 3 0x8000f570 (0x05919663)
core   0: 0x8000f5bc (0x0141fd33) and     s10, gp, s4
core   0: 3 0x8000f5bc (0x0141fd33) x26 0x00000000
core   0: 0x8000f5c0 (0x0084d413) srli    s0, s1, 8
core   0: 3 0x8000f5c0 (0x0084d413) x 8 0x008002bc
core   0: 0x8000f5c4 (0x00dcbc33) sltu    s8, s9, a3
core   0: 3 0x8000f5c4 (0x00dcbc33) x24 0x00000000
core   0: 0x8000f5c8 (0x0048f833) and     a6, a7, tp
core   0: 3 0x8000f5c8 (0x0048f833) x16 0x00000000
core   0: 0x8000f5cc (0x00f97333) and     t1, s2, a5
core   0: 3 0x8000f5cc (0x00f97333) x 6 0x00000000
core   0: 0x8000f5d0 (0x5a034913) xori    s2, t1, 1440
core   0: 3 0x8000f5d0 (0x5a034913) x18 0x000005a0
core   0: 0x8000f5d4 (0x02e98a63) beq     s3, a4, pc + 52
core   0: 3 0x8000f5d4 (0x02e98a63)
core   0: 0x8000f5d8 (0x017f0033) add     zero, t5, s7
core   0: 3 0x8000f5d8 (0x017f0033)
core   0: 0x8000f5dc (0x00ecd013) srli    zero, s9, 14
core   0: 3 0x8000f5dc (0x00ecd013)
core   0: 0x8000f5e0 (0x011c1c63) bne     s8, a7, pc + 24
core   0: 3 0x8000f5e0 (0x011c1c63)
core   0: 0x8000f5f8 (0x404e03b3) sub     t2, t3, tp
core   0: 3 0x8000f5f8 (0x404e03b3) x 7 0x7ffd431c
core   0: 0x8000f5fc (0x97e6bc93) sltiu   s9, a3, -1666
core   0: 3 0x8000f5fc (0x97e6bc93) x25 0x00000001
core   0: 0x8000f600 (0x311b2f13) slti    t5, s6, 785
core   0: 3 0x8000f600 (0x311b2f13) x30 0x00000001
core   0: 0x8000f604 (0xec3de793) ori     a5, s11, -317
core   0: 3 0x8000f604 (0xec3de793) x15 0xfffffef7
core   0: 0x8000f608 (0x016a3833) sltu    a6, s4, s6
core   0: 3 0x8000f608 (0x016a3833) x16 0x00000000
core   0: 0x8000f60c (0x4087dcb3) sra     s9, a5, s0
core   0: 3 0x8000f60c (0x4087dcb3) x25 0xffffffff
core   0: 0x8000f610 (0x4ea66013) ori     zero, a2, 1258
core   0: 3 0x8000f610 (0x4ea66013)
core   0: 0x8000f614 (0x00a55cb3) srl     s9, a0, a0
core   0: 3 0x8000f614 (0x00a55cb3) x25 0x0000007f
core   0: 0x8000f618 (0x04e0e663) bltu    ra, a4, pc + 76
core   0: 3 0x8000f618 (0x04e0e663)
core   0: 0x8000f664 (0x2e4830b7) lui     ra, 0x2e483
core   0: 3 0x8000f664 (0x2e4830b7) x 1 0x2e483000
core   0: 0x8000f668 (0x41e68833) sub     a6, a3, t5
core   0: 3 0x8000f668 (0x41e68833) x16 0x8000f3fb
core   0: 0x8000f66c (0x001dad33) slt     s10, s11, ra
core   0: 3 0x8000f66c (0x001dad33) x26 0x00000001
core   0: 0x8000f670 (0x0497c263) blt     a5, s1, pc + 68
core   0: 3 0x8000f670 (0x0497c263)
core   0: 0x8000f674 (0x40755c93) srai    s9, a0, 7
core   0: 3 0x8000f674 (0x40755c93) x25 0x00fffb03
core   0: 0x8000f678 (0x003fff33) and     t5, t6, gp
core   0: 3 0x8000f678 (0x003fff33) x30 0x00000000
core   0: 0x8000f67c (0x01935a33) srl     s4, t1, s9
core   0: 3 0x8000f67c (0x01935a33) x20 0x00000000
core   0: 0x8000f680 (0x00000013) nop
core   0: 3 0x8000f680 (0x00000013)
core   0: 0x8000f684 (0x00b1da63) bge     gp, a1, pc + 20
core   0: 3 0x8000f684 (0x00b1da63)
core   0: 0x8000f688 (0x004b4933) xor     s2, s6, tp
core   0: 3 0x8000f688 (0x004b4933) x18 0x8002bce4
core   0: 0x8000f68c (0x0eb10593) addi    a1, sp, 235
core   0: 3 0x8000f68c (0x0eb10593) x11 0x8ebfe0eb
core   0: 0x8000f690 (0x0033ea33) or      s4, t2, gp
core   0: 3 0x8000f690 (0x0033ea33) x20 0x7ffd431c
core   0: 0x8000f694 (0xde643393) sltiu   t2, s0, -538
core   0: 3 0x8000f694 (0xde643393) x 7 0x00000001
core   0: 0x8000f698 (0x00f8d193) srli    gp, a7, 15
core   0: 3 0x8000f698 (0x00f8d193) x 3 0x00000000
core   0: 0x8000f69c (0x0ff0000f) fence   iorw,iorw
core   0: 3 0x8000f69c (0x0ff0000f)
core   0: 0x8000f6a0 (0x6182d017) auipc   zero, 0x6182d
core   0: 3 0x8000f6a0 (0x6182d017)
core   0: 0x8000f6a4 (0x0bf34893) xori    a7, t1, 191
core   0: 3 0x8000f6a4 (0x0bf34893) x17 0x000000bf
core   0: 0x8000f6a8 (0x00d59d33) sll     s10, a1, a3
core   0: 3 0x8000f6a8 (0x00d59d33) x26 0xb0000000
core   0: 0x8000f6ac (0x00000013) nop
core   0: 3 0x8000f6ac (0x00000013)
core   0: 0x8000f6b0 (0x01296013) ori     zero, s2, 18
core   0: 3 0x8000f6b0 (0x01296013)
core   0: 0x8000f6b4 (0x12342517) auipc   a0, 0x12342
core   0: 3 0x8000f6b4 (0x12342517) x10 0x923516b4
core   0: 0x8000f6b8 (0x02e95a63) bge     s2, a4, pc + 52
core   0: 3 0x8000f6b8 (0x02e95a63)
core   0: 0x8000f6ec (0x0ff0000f) fence   iorw,iorw
core   0: 3 0x8000f6ec (0x0ff0000f)
core   0: 0x8000f6f0 (0x000fda33) srl     s4, t6, zero
core   0: 3 0x8000f6f0 (0x000fda33) x20 0x2b894000
core   0: 0x8000f6f4 (0x00ea5213) srli    tp, s4, 14
core   0: 3 0x8000f6f4 (0x00ea5213) x 4 0x0000ae25
core   0: 0x8000f6f8 (0x01d91263) bne     s2, t4, pc + 4
core   0: 3 0x8000f6f8 (0x01d91263)
core   0: 0x8000f6fc (0x03094a63) blt     s2, a6, pc + 52
core   0: 3 0x8000f6fc (0x03094a63)
core   0: 0x8000f700 (0x0ff0000f) fence   iorw,iorw
core   0: 3 0x8000f700 (0x0ff0000f)
core   0: 0x8000f704 (0x0086a8b3) slt     a7, a3, s0
core   0: 3 0x8000f704 (0x0086a8b3) x17 0x00000001
core   0: 0x8000f708 (0x00616133) or      sp, sp, t1
core   0: 3 0x8000f708 (0x00616133) x 2 0x8ebfe000
core   0: 0x8000f70c (0x41ff5b33) sra     s6, t5, t6
core   0: 3 0x8000f70c (0x41ff5b33) x22 0x00000000
core   0: 0x8000f710 (0x97acee13) ori     t3, s9, -1670
core   0: 3 0x8000f710 (0x97acee13) x28 0xfffffb7b
core   0: 0x8000f714 (0x00cf73b3) and     t2, t5, a2
core   0: 3 0x8000f714 (0x00cf73b3) x 7 0x00000000
core   0: 0x8000f718 (0x000ec633) xor     a2, t4, zero
core   0: 3 0x8000f718 (0x000ec633) x12 0x00000000
core   0: 0x8000f71c (0x016029b3) slt     s3, zero, s6
core   0: 3 0x8000f71c (0x016029b3) x19 0x00000000
core   0: 0x8000f720 (0x1b53c113) xori    sp, t2, 437
core   0: 3 0x8000f720 (0x1b53c113) x 2 0x000001b5
core   0: 0x8000f724 (0x95412813) slti    a6, sp, -1708
core   0: 3 0x8000f724 (0x95412813) x16 0x00000000
core   0: 0x8000f728 (0x25a7b913) sltiu   s2, a5, 602
core   0: 3 0x8000f728 (0x25a7b913) x18 0x00000000
core   0: 0x8000f72c (0x4045da33) sra     s4, a1, tp
core   0: 3 0x8000f72c (0x4045da33) x20 0xfc75ff07
core   0: 0x8000f730 (0x0688f813) andi    a6, a7, 104
core   0: 3 0x8000f730 (0x0688f813) x16 0x00000000
core   0: 0x8000f734 (0x00aadc33) srl     s8, s5, a0
core   0: 3 0x8000f734 (0x00aadc33) x24 0x00000fdb
core   0: 0x8000f738 (0x40140033) sub     zero, s0, ra
core   0: 3 0x8000f738 (0x40140033)
core   0: 0x8000f73c (0x0265ca63) blt     a1, t1, pc + 52
core   0: 3 0x8000f73c (0x0265ca63)
core   0: 0x8000f770 (0x6f01c117) auipc   sp, 0x6f01c
core   0: 3 0x8000f770 (0x6f01c117) x 2 0xef02b770
core   0: 0x8000f774 (0x00c89463) bne     a7, a2, pc + 8
core   0: 3 0x8000f774 (0x00c89463)
core   0: 0x8000f77c (0x03d24463) blt     tp, t4, pc + 40
core   0: 3 0x8000f77c (0x03d24463)
core   0: 0x8000f780 (0x01f9d633) srl     a2, s3, t6
core   0: 3 0x8000f780 (0x01f9d633) x12 0x00000000
core   0: 0x8000f784 (0x41465c93) srai    s9, a2, 20
core   0: 3 0x8000f784 (0x41465c93) x25 0x00000000
core   0: 0x8000f788 (0x00bf6c63) bltu    t5, a1, pc + 24
core   0: 3 0x8000f788 (0x00bf6c63)
core   0: 0x8000f7a0 (0x40ea53b3) sra     t2, s4, a4
core   0: 3 0x8000f7a0 (0x40ea53b3) x 7 0xffffffff
core   0: 0x8000f7a4 (0x41b95d33) sra     s10, s2, s11
core   0: 3 0x8000f7a4 (0x41b95d33) x26 0x00000000
core   0: 0x8000f7a8 (0x01046a33) or      s4, s0, a6
core   0: 3 0x8000f7a8 (0x01046a33) x20 0x008002bc
core   0: 0x8000f7ac (0x00ed3db3) sltu    s11, s10, a4
core   0: 3 0x8000f7ac (0x00ed3db3) x27 0x00000001
core   0: 0x8000f7b0 (0x00f06eb3) or      t4, zero, a5
core   0: 3 0x8000f7b0 (0x00f06eb3) x29 0xfffffef7
core   0: 0x8000f7b4 (0x00977a63) bgeu    a4, s1, pc + 20
core   0: 3 0x8000f7b4 (0x00977a63)
core   0: 0x8000f7b8 (0x21be3713) sltiu   a4, t3, 539
core   0: 3 0x8000f7b8 (0x21be3713) x14 0x00000000
core   0: 0x8000f7bc (0x00ce6663) bltu    t3, a2, pc + 12
core   0: 3 0x8000f7bc (0x00ce6663)
core   0: 0x8000f7c0 (0x01a30463) beq     t1, s10, pc + 8
core   0: 3 0x8000f7c0 (0x01a30463)
core   0: 0x8000f7c8 (0x01e913b3) sll     t2, s2, t5
core   0: 3 0x8000f7c8 (0x01e913b3) x 7 0x00000000
core   0: 0x8000f7cc (0x004ba783) lw      a5, 4(s7)
core   0: 3 0x8000f7cc (0x004ba783) x15 0x8000a514 mem 0x80027e2c
core   0: 0x8000f7d0 (0x0f7e8013) addi    zero, t4, 247
core   0: 3 0x8000f7d0 (0x0f7e8013)
core   0: 0x8000f7d4 (0x00cb8b93) addi    s7, s7, 12
core   0: 3 0x8000f7d4 (0x00cb8b93) x23 0x80027e34
core   0: 0x8000f7d8 (0x30b3c597) auipc   a1, 0x30b3c
core   0: 3 0x8000f7d8 (0x30b3c597) x11 0xb0b4b7d8
core   0: 0x8000f7dc (0x01e815b3) sll     a1, a6, t5
core   0: 3 0x8000f7dc (0x01e815b3) x11 0x00000000
core   0: 0x8000f7e0 (0x00078613) mv      a2, a5
core   0: 3 0x8000f7e0 (0x00078613) x12 0x8000a514
core   0: 0x8000f7e4 (0x00060667) jalr    a2, a2, 0
core   0: 3 0x8000f7e4 (0x00060667) x12 0x8000f7e8
core   0: 0x8000a514 (0x7de97893) andi    a7, s2, 2014
core   0: 3 0x8000a514 (0x7de97893) x17 0x00000000
core   0: 0x8000a518 (0x00005797) auipc   a5, 0x5
core   0: 3 0x8000a518 (0x00005797) x15 0x8000f518
core   0: 0x8000a51c (0xa1c78793) addi    a5, a5, -1508
core   0: 3 0x8000a51c (0xa1c78793) x15 0x8000ef34
core   0: 0x8000a520 (0x00c91633) sll     a2, s2, a2
core   0: 3 0x8000a520 (0x00c91633) x12 0x00000000
core   0: 0x8000a524 (0x406bd133) sra     sp, s7, t1
core   0: 3 0x8000a524 (0x406bd133) x 2 0x80027e34
core   0: 0x8000a528 (0x03178793) addi    a5, a5, 49
core   0: 3 0x8000a528 (0x03178793) x15 0x8000ef65
core   0: 0x8000a52c (0xaefece93) xori    t4, t4, -1297
core   0: 3 0x8000a52c (0xaefece93) x29 0x00000418
core   0: 0x8000a530 (0x00000013) nop
core   0: 3 0x8000a530 (0x00000013)
core   0: 0x8000a534 (0xfd0787e7) jalr    a5, a5, -48
core   0: 3 0x8000a534 (0xfd0787e7) x15 0x8000a538
core   0: 0x8000ef34 (0xb418b693) sltiu   a3, a7, -1215
core   0: 3 0x8000ef34 (0xb418b693) x13 0x00000001
core   0: 0x8000ef38 (0xff4b8b93) addi    s7, s7, -12
core   0: 3 0x8000ef38 (0xff4b8b93) x23 0x80027e28
core   0: 0x8000ef3c (0x00fba223) sw      a5, 4(s7)
core   0: 3 0x8000ef3c (0x00fba223) mem 0x80027e2c 0x8000a538
core   0: 0x8000ef40 (0x0120a733) slt     a4, ra, s2
core   0: 3 0x8000ef40 (0x0120a733) x14 0x00000000
core   0: 0x8000ef44 (0x0000100f) fence.i
core   0: 3 0x8000ef44 (0x0000100f)
core   0: 0x8000ef48 (0x00de12b3) sll     t0, t3, a3
core   0: 3 0x8000ef48 (0x00de12b3) x 5 0xfffff6f6
core   0: 0x8000ef4c (0xc6148913) addi    s2, s1, -927
core   0: 3 0x8000ef4c (0xc6148913) x18 0x8002b945
core   0: 0x8000ef50 (0x01cbcf33) xor     t5, s7, t3
core   0: 3 0x8000ef50 (0x01cbcf33) x30 0x7ffd8553
core   0: 0x8000ef54 (0x0127b133) sltu    sp, a5, s2
core   0: 3 0x8000ef54 (0x0127b133) x 2 0x00000001
core   0: 0x8000ef58 (0xb0944d13) xori    s10, s0, -1271
core   0: 3 0x8000ef58 (0xb0944d13) x26 0xff7ff9b5
core   0: 0x8000ef5c (0x0000fe17) auipc   t3, 0xf
core   0: 3 0x8000ef5c (0x0000fe17) x28 0x8001df5c
core   0: 0x8000ef60 (0x65ee0e13) addi    t3, t3, 1630
core   0: 3 0x8000ef60 (0x65ee0e13) x28 0x8001e5ba
core   0: 0x8000ef64 (0x00004817) auipc   a6, 0x4
core   0: 3 0x8000ef64 (0x00004817) x16 0x80012f64
core   0: 0x8000ef68 (0xe7a80813) addi    a6, a6, -390
core   0: 3 0x8000ef68 (0xe7a80813) x16 0x80012dde
core   0: 0x8000ef6c (0xf0581523) sh      t0, -246(a6)
core   0: 3 0x8000ef6c (0xf0581523) mem 0x80012ce8 0xf6f6
core   0: 0x8000ef70 (0xfa8e1e83) lh      t4, -88(t3)
core   0: 3 0x8000ef70 (0xfa8e1e83) x29 0x00000000 mem 0x8001e562
core   0: 0x8000ef74 (0x02085c03) lhu     s8, 32(a6)
core   0: 3 0x8000ef74 (0x02085c03) x24 0x0000e401 mem 0x80012dfe
core   0: 0x8000ef78 (0xfffe4903) lbu     s2, -1(t3)
core   0: 3 0x8000ef78 (0xfffe4903) x18 0x00000000 mem 0x8001e5b9
core   0: 0x8000ef7c (0xf5480ba3) sb      s4, -169(a6)
core   0: 3 0x8000ef7c (0xf5480ba3) mem 0x80012d35 0xbc
core   0: 0x8000ef80 (0xf88e1603) lh      a2, -120(t3)
core   0: 3 0x8000ef80 (0xf88e1603) x12 0x00000000 mem 0x8001e542
core   0: 0x8000ef84 (0xf9780503) lb      a0, -105(a6)
core   0: 3 0x8000ef84 (0xf9780503) x10 0x00000000 mem 0x80012d75
core   0: 0x8000ef88 (0x05684703) lbu     a4, 86(a6)
core   0: 3 0x8000ef88 (0x05684703) x14 0x00000000 mem 0x80012e34
core   0: 0x8000ef8c (0x06c803a3) sb      a2, 103(a6)
core   0: 3 0x8000ef8c (0x06c803a3) mem 0x80012e45 0x0
core   0: 0x8000ef90 (0xf9be0183) lb      gp, -101(t3)
core   0: 3 0x8000ef90 (0xf9be0183) x 3 0x00000000 mem 0x8001e555
core   0: 0x8000ef94 (0xf1184283) lbu     t0, -239(a6)
core   0: 3 0x8000ef94 (0xf1184283) x 5 0x00000000 mem 0x80012cef
core   0: 0x8000ef98 (0x0e5801a3) sb      t0, 227(a6)
core   0: 3 0x8000ef98 (0x0e5801a3) mem 0x80012ec1 0x0
core   0: 0x8000ef9c (0xf4685083) lhu     ra, -186(a6)
core   0: 3 0x8000ef9c (0xf4685083) x 1 0x00000000 mem 0x80012d24
core   0: 0x8000efa0 (0x0cce1083) lh      ra, 204(t3)
core   0: 3 0x8000efa0 (0x0cce1083) x 1 0x00000000 mem 0x8001e686
core   0: 0x8000efa4 (0x00013b17) auipc   s6, 0x13
core   0: 3 0x8000efa4 (0x00013b17) x22 0x80021fa4
core   0: 0x8000efa8 (0x340b0b13) addi    s6, s6, 832
core   0: 3 0x8000efa8 (0x340b0b13) x22 0x800222e4
core   0: 0x8000efac (0x02db0a03) lb      s4, 45(s6)
core   0: 3 0x8000efac (0x02db0a03) x20 0x00000000 mem 0x80022311
core   0: 0x8000efb0 (0x014a9f13) slli    t5, s5, 20
core   0: 3 0x8000efb0 (0x014a9f13) x30 0x2bb00000
core   0: 0x8000efb4 (0x60a30a13) addi    s4, t1, 1546
core   0: 3 0x8000efb4 (0x60a30a13) x20 0x0000060a
core   0: 0x8000efb8 (0x02db0e03) lb      t3, 45(s6)
core   0: 3 0x8000efb8 (0x02db0e03) x28 0x00000000 mem 0x80022311
core   0: 0x8000efbc (0x0d1b1723) sh      a7, 206(s6)
core   0: 3 0x8000efbc (0x0d1b1723) mem 0x800223b2 0x0000
core   0: 0x8000efc0 (0x73f978b7) lui     a7, 0x73f97
core   0: 3 0x8000efc0 (0x73f978b7) x17 0x73f97000
core   0: 0x8000efc4 (0x00583a33) sltu    s4, a6, t0
core   0: 3 0x8000efc4 (0x00583a33) x20 0x00000000
core   0: 0x8000efc8 (0x41e25313) srai    t1, tp, 30
core   0: 3 0x8000efc8 (0x41e25313) x 6 0x00000000
core   0: 0x8000efcc (0x00f77333) and     t1, a4, a5
core   0: 3 0x8000efcc (0x00f77333) x 6 0x00000000
core   0: 0x8000efd0 (0x0ceb4103) lbu     sp, 206(s6)
core   0: 3 0x8000efd0 (0x0ceb4103) x 2 0x00000000 mem 0x800223b2
core   0: 0x8000efd4 (0xc275e193) ori     gp, a1, -985
core   0: 3 0x8000efd4 (0xc275e193) x 3 0xfffffc27
core   0: 0x8000efd8 (0x001b4583) lbu     a1, 1(s6)
core   0: 3 0x8000efd8 (0x001b4583) x11 0x00000000 mem 0x800222e5
core   0: 0x8000efdc (0x058b4083) lbu     ra, 88(s6)
core   0: 3 0x8000efdc (0x058b4083) x 1 0x00000000 mem 0x8002233c
core   0: 0x8000efe0 (0x058b2383) lw      t2, 88(s6)
core   0: 3 0x8000efe0 (0x058b2383) x 7 0x00000000 mem 0x8002233c
core   0: 0x8000efe4 (0x058b4983) lbu     s3, 88(s6)
core   0: 3 0x8000efe4 (0x058b4983) x19 0x00000000 mem 0x8002233c
core   0: 0x8000efe8 (0x047b0c23) sb      t2, 88(s6)
core   0: 3 0x8000efe8 (0x047b0c23) mem 0x8002233c 0x0
core   0: 0x8000efec (0x058b5103) lhu     sp, 88(s6)
core   0: 3 0x8000efec (0x058b5103) x 2 0x00000000 mem 0x8002233c
core   0: 0x8000eff0 (0x058b1903) lh      s2, 88(s6)
core   0: 3 0x8000eff0 (0x058b1903) x18 0x00000000 mem 0x8002233c
core   0: 0x8000eff4 (0xfb4b1223) sh      s4, -92(s6)
core   0: 3 0x8000eff4 (0xfb4b1223) mem 0x80022288 0x0000
core   0: 0x8000eff8 (0xfa8b1223) sh      s0, -92(s6)
core   0: 3 0x8000eff8 (0xfa8b1223) mem 0x80022288 0x02bc
core   0: 0x8000effc (0x088b5783) lhu     a5, 136(s6)
core   0: 3 0x8000effc (0x088b5783) x15 0x00000000 mem 0x8002236c
core   0: 0x8000f000 (0x088b5503) lhu     a0, 136(s6)
core   0: 3 0x8000f000 (0x088b5503) x10 0x00000000 mem 0x8002236c
core   0: 0x8000f004 (0x00013597) auipc   a1, 0x13
core   0: 3 0x8000f004 (0x00013597) x11 0x80022004
core   0: 0x8000f008 (0x31f58593) addi    a1, a1, 799
core   0: 3 0x8000f008 (0x31f58593) x11 0x80022323
core   0: 0x8000f00c (0x5cd5d383) lhu     t2, 1485(a1)
core   0: 3 0x8000f00c (0x5cd5d383) x 7 0x00000000 mem 0x800228f0
core   0: 0x8000f010 (0x9e25ce03) lbu     t3, -1566(a1)
core   0: 3 0x8000f010 (0x9e25ce03) x28 0x00000000 mem 0x80021d05
core   0: 0x8000f014 (0x00250eb3) add     t4, a0, sp
core   0: 3 0x8000f014 (0x00250eb3) x29 0x00000000
core   0: 0x8000f018 (0x012bb833) sltu    a6, s7, s2
core   0: 3 0x8000f018 (0x012bb833) x16 0x00000000
core   0: 0x8000f01c (0xe8058503) lb      a0, -384(a1)
core   0: 3 0x8000f01c (0xe8058503) x10 0x00000000 mem 0x800221a3
core   0: 0x8000f020 (0x5d452293) slti    t0, a0, 1492
core   0: 3 0x8000f020 (0x5d452293) x 5 0x00000001
core   0: 0x8000f024 (0x41559283) lh      t0, 1045(a1)
core   0: 3 0x8000f024 (0x41559283) x 5 0x00000000 mem 0x80022738
core   0: 0x8000f028 (0xd0d31d97) auipc   s11, 0xd0d31
core   0: 3 0x8000f028 (0xd0d31d97) x27 0x50d40028
core   0: 0x8000f02c (0xc63af893) andi    a7, s5, -925
core   0: 3 0x8000f02c (0xc63af893) x17 0xfdb01023
core   0: 0x8000f030 (0x1885aca3) sw      s0, 409(a1)
core   0: 3 0x8000f030 (0x1885aca3) mem 0x800224bc 0x008002bc
core   0: 0x8000f034 (0x5c7a4113) xori    sp, s4, 1479
core   0: 3 0x8000f034 (0x5c7a4113) x 2 0x000005c7
core   0: 0x8000f038 (0x2025f797) auipc   a5, 0x2025f
core   0: 3 0x8000f038 (0x2025f797) x15 0xa026e038
core   0: 0x8000f03c (0x33f59ba3) sh      t6, 823(a1)
core   0: 3 0x8000f03c (0x33f59ba3) mem 0x8002265a 0x4000
core   0: 0x8000f040 (0xaf65c703) lbu     a4, -1290(a1)
core   0: 3 0x8000f040 (0xaf65c703) x14 0x00000000 mem 0x80021e19
core   0: 0x8000f044 (0x00e0c733) xor     a4, ra, a4
core   0: 3 0x8000f044 (0x00e0c733) x14 0x00000000
core   0: 0x8000f048 (0x4af59d03) lh      s10, 1199(a1)
core   0: 3 0x8000f048 (0x4af59d03) x26 0x00000000 mem 0x800227d2
core   0: 0x8000f04c (0x5f059fa3) sh      a6, 1535(a1)
core   0: 3 0x8000f04c (0x5f059fa3) mem 0x80022922 0x0000
core   0: 0x8000f050 (0xdfe58a23) sb      t5, -524(a1)
core   0: 3 0x8000f050 (0xdfe58a23) mem 0x80022117 0x0
core   0: 0x8000f054 (0xde758683) lb      a3, -537(a1)
core   0: 3 0x8000f054 (0xde758683) x13 0x00000020 mem 0x8002210a
core   0: 0x8000f058 (0x56858283) lb      t0, 1384(a1)
core   0: 3 0x8000f058 (0x56858283) x 5 0x00000000 mem 0x8002288b
core   0: 0x8000f05c (0x00f39093) slli    ra, t2, 15
core   0: 3 0x8000f05c (0x00f39093) x 1 0x00000000
core   0: 0x8000f060 (0xa0a5c503) lbu     a0, -1526(a1)
core   0: 3 0x8000f060 (0xa0a5c503) x10 0x00000000 mem 0x80021d2d
core   0: 0x8000f064 (0x00000013) nop
core   0: 3 0x8000f064 (0x00000013)
core   0: 0x8000f068 (0xe0658c83) lb      s9, -506(a1)
core   0: 3 0x8000f068 (0xe0658c83) x25 0x00000000 mem 0x80022129
core   0: 0x8000f06c (0x01f463b3) or      t2, s0, t6
core   0: 3 0x8000f06c (0x01f463b3) x 7 0x2b8942bc
core   0: 0x8000f070 (0x2a358023) sb      gp, 672(a1)
core   0: 3 0x8000f070 (0x2a358023) mem 0x800225c3 0x27
core   0: 0x8000f074 (0x01886733) or      a4, a6, s8
core   0: 3 0x8000f074 (0x01886733) x14 0x0000e401
core   0: 0x8000f078 (0xfd213813) sltiu   a6, sp, -46
core   0: 3 0x8000f078 (0xfd213813) x16 0x00000001
core   0: 0x8000f07c (0x00bcd3b3) srl     t2, s9, a1
core   0: 3 0x8000f07c (0x00bcd3b3) x 7 0x00000000
core   0: 0x8000f080 (0x5df5d503) lhu     a0, 1503(a1)
core   0: 3 0x8000f080 (0x5df5d503) x10 0x00000000 mem 0x80022902
core   0: 0x8000f084 (0x0000100f) fence.i
core   0: 3 0x8000f084 (0x0000100f)
core   0: 0x8000f088 (0x0cfa0993) addi    s3, s4, 207
core   0: 3 0x8000f088 (0x0cfa0993) x19 0x000000cf
core   0: 0x8000f08c (0x66559ca3) sh      t0, 1657(a1)
core   0: 3 0x8000f08c (0x66559ca3) mem 0x8002299c 0x0000
core   0: 0x8000f090 (0xb2758523) sb      t2, -1238(a1)
core   0: 3 0x8000f090 (0xb2758523) mem 0x80021e4d 0x0
core   0: 0x8000f094 (0x3835c603) lbu     a2, 899(a1)
core   0: 3 0x8000f094 (0x3835c603) x12 0x00000000 mem 0x800226a6
core   0: 0x8000f098 (0x410a5f33) sra     t5, s4, a6
core   0: 3 0x8000f098 (0x410a5f33) x30 0x00000000
core   0: 0x8000f09c (0x411fdd33) sra     s10, t6, a7
core   0: 3 0x8000f09c (0x411fdd33) x26 0x05712800
core   0: 0x8000f0a0 (0xf125a0a3) sw      s2, -255(a1)
core   0: 3 0x8000f0a0 (0xf125a0a3) mem 0x80022224 0x00000000
core   0: 0x8000f0a4 (0xb9c3ec37) lui     s8, 0xb9c3e
core   0: 3 0x8000f0a4 (0xb9c3ec37) x24 0xb9c3e000
core   0: 0x8000f0a8 (0x007073b3) and     t2, zero, t2
core   0: 3 0x8000f0a8 (0x007073b3) x 7 0x00000000
core   0: 0x8000f0ac (0x96f58f23) sb      a5, -1666(a1)
core   0: 3 0x8000f0ac (0x96f58f23) mem 0x80021ca1 0x38
core   0: 0x8000f0b0 (0xcafb5037) lui     zero, 0xcafb5
core   0: 3 0x8000f0b0 (0xcafb5037)
core   0: 0x8000f0b4 (0x2d25c383) lbu     t2, 722(a1)
core   0: 3 0x8000f0b4 (0x2d25c383) x 7 0x00000000 mem 0x800225f5
core   0: 0x8000f0b8 (0x5e858923) sb      s0, 1522(a1)
core   0: 3 0x8000f0b8 (0x5e858923) mem 0x80022915 0xbc
core   0: 0x8000f0bc (0x0ff0000f) fence   iorw,iorw
core   0: 3 0x8000f0bc (0x0ff0000f)
core   0: 0x8000f0c0 (0xefc585a3) sb      t3, -277(a1)
core   0: 3 0x8000f0c0 (0xefc585a3) mem 0x8002220e 0x0
core   0: 0x8000f0c4 (0xcf4587a3) sb      s4, -785(a1)
core   0: 3 0x8000f0c4 (0xcf4587a3) mem 0x80022012 0x0
core   0: 0x8000f0c8 (0xabf58f03) lb      t5, -1345(a1)
core   0: 3 0x8000f0c8 (0xabf58f03) x30 0x00000000 mem 0x80021de2
core   0: 0x8000f0cc (0x80f5aaa3) sw      a5, -2027(a1)
core   0: 3 0x8000f0cc (0x80f5aaa3) mem 0x80021b38 0xa026e038
core   0: 0x8000f0d0 (0x00300213) li      tp, 3
core   0: 3 0x8000f0d0 (0x00300213) x 4 0x00000003
core   0: 0x8000f0d4 (0x40e48733) sub     a4, s1, a4
core   0: 3 0x8000f0d4 (0x40e48733) x14 0x8001d8e3
core   0: 0x8000f0d8 (0xb4787793) andi    a5, a6, -1209
core   0: 3 0x8000f0d8 (0xb4787793) x15 0x00000001
core   0: 0x8000f0dc (0x400ed913) srai    s2, t4, 0
core   0: 3 0x8000f0dc (0x400ed913) x18 0x00000000
core   0: 0x8000f0e0 (0xa73e2093) slti    ra, t3, -1421
core   0: 3 0x8000f0e0 (0xa73e2093) x 1 0x00000000
core   0: 0x8000f0e4 (0xa187ed13) ori     s10, a5, -1512
core   0: 3 0x8000f0e4 (0xa187ed13) x26 0xfffffa19
core   0: 0x8000f0e8 (0xff500f13) li      t5, -11
core   0: 3 0x8000f0e8 (0xff500f13) x30 0xfffffff5
core   0: 0x8000f0ec (0x0000100f) fence.i
core   0: 3 0x8000f0ec (0x0000100f)
core   0: 0x8000f0f0 (0x0073a9b3) slt     s3, t2, t2
core   0: 3 0x8000f0f0 (0x0073a9b3) x19 0x00000000
core   0: 0x8000f0f4 (0x00a59393) slli    t2, a1, 10
core   0: 3 0x8000f0f4 (0x00a59393) x 7 0x088c8c00
core   0: 0x8000f0f8 (0x961fa293) slti    t0, t6, -1695
core   0: 3 0x8000f0f8 (0x961fa293) x 5 0x00000000
core   0: 0x8000f0fc (0x6736a993) slti    s3, a3, 1651
core   0: 3 0x8000f0fc (0x6736a993) x19 0x00000001
core   0: 0x8000f100 (0x00ba2933) slt     s2, s4, a1
core   0: 3 0x8000f100 (0x00ba2933) x18 0x00000000
core   0: 0x8000f104 (0xe8843893) sltiu   a7, s0, -376
core   0: 3 0x8000f104 (0xe8843893) x17 0x00000001
core   0: 0x8000f108 (0xaff63197) auipc   gp, 0xaff63
core   0: 3 0x8000f108 (0xaff63197) x 3 0x2ff72108
core   0: 0x8000f10c (0xffe20213) addi    tp, tp, -2
core   0: 3 0x8000f10c (0xffe20213) x 4 0x00000001
core   0: 0x8000f110 (0x0000100f) fence.i
core   0: 3 0x8000f110 (0x0000100f)
core   0: 0x8000f114 (0x01d4f9b3) and     s3, s1, t4
core   0: 3 0x8000f114 (0x01d4f9b3) x19 0x00000000
core   0: 0x8000f118 (0x0ff0000f) fence   iorw,iorw
core   0: 3 0x8000f118 (0x0ff0000f)
core   0: 0x8000f11c (0x6148cc13) xori    s8, a7, 1556
core   0: 3 0x8000f11c (0x6148cc13) x24 0x00000615
core   0: 0x8000f120 (0xfde20ee3) beq     tp, t5, pc - 36
core   0: 3 0x8000f120 (0xfde20ee3)
core   0: 0x8000f124 (0x01728db3) add     s11, t0, s7
core   0: 3 0x8000f124 (0x01728db3) x27 0x80027e28
core   0: 0x8000f128 (0x00008a17) auipc   s4, 0x8
core   0: 3 0x8000f128 (0x00008a17) x20 0x80017128
core   0: 0x8000f12c (0xb94a0a13) addi    s4, s4, -1132
core   0: 3 0x8000f12c (0xb94a0a13) x20 0x80016cbc
core   0: 0x8000f130 (0x00009217) auipc   tp, 0x9
core   0: 3 0x8000f130 (0x00009217) x 4 0x80018130
core   0: 0x8000f134 (0x74c20213) addi    tp, tp, 1868
core   0: 3 0x8000f134 (0x74c20213) x 4 0x8001887c
core   0: 0x8000f138 (0x00006117) auipc   sp, 0x6
core   0: 3 0x8000f138 (0x00006117) x 2 0x80015138
core   0: 0x8000f13c (0x85110113) addi    sp, sp, -1967
core   0: 3 0x8000f13c (0x85110113) x 2 0x80014989
core   0: 0x8000f140 (0x2cea0ba3) sb      a4, 727(s4)
core   0: 3 0x8000f140 (0x2cea0ba3) mem 0x80016f93 0xe3
core   0: 0x8000f144 (0x92520c83) lb      s9, -1755(tp)
core   0: 3 0x8000f144 (0x92520c83) x25 0x00000000 mem 0x800181a1
core   0: 0x8000f148 (0x00008e97) auipc   t4, 0x8
core   0: 3 0x8000f148 (0x00008e97) x29 0x80017148
core   0: 0x8000f14c (0xcfbe8e93) addi    t4, t4, -773
core   0: 3 0x8000f14c (0xcfbe8e93) x29 0x80016e43
core   0: 0x8000f150 (0x54b20f83) lb      t6, 1355(tp)
core   0: 3 0x8000f150 (0x54b20f83) x31 0x00000000 mem 0x80018dc7
core   0: 0x8000f154 (0x0a810723) sb      s0, 174(sp)
core   0: 3 0x8000f154 (0x0a810723) mem 0x80014a37 0xbc
core   0: 0x8000f158 (0x3ffe8c23) sb      t6, 1016(t4)
core   0: 3 0x8000f158 (0x3ffe8c23) mem 0x8001723b 0x0
core   0: 0x8000f15c (0x4fb24983) lbu     s3, 1275(tp)
core   0: 3 0x8000f15c (0x4fb24983) x19 0x00000000 mem 0x80018d77
core   0: 0x8000f160 (0xf4e117a3) sh      a4, -177(sp)
core   0: 3 0x8000f160 (0xf4e117a3) mem 0x800148d8 0xd8e3
core   0: 0x8000f164 (0xa61a0903) lb      s2, -1439(s4)
core   0: 3 0x8000f164 (0xa61a0903) x18 0x00000000 mem 0x8001671d
core   0: 0x8000f168 (0xfb514083) lbu     ra, -75(sp)
core   0: 3 0x8000f168 (0xfb514083) x 1 0x00000000 mem 0x8001493e
core   0: 0x8000f16c (0x123a4303) lbu     t1, 291(s4)
core   0: 3 0x8000f16c (0x123a4303) x 6 0x00000000 mem 0x80016ddf
core   0: 0x8000f170 (0x05311f83) lh      t6, 83(sp)
core   0: 3 0x8000f170 (0x05311f83) x31 0x00000000 mem 0x800149dc
core   0: 0x8000f174 (0xa1420503) lb      a0, -1516(tp)
core   0: 3 0x8000f174 (0xa1420503) x10 0x00000000 mem 0x80018290
core   0: 0x8000f178 (0x108200a3) sb      s0, 257(tp)
core   0: 3 0x8000f178 (0x108200a3) mem 0x8001897d 0xbc
core   0: 0x8000f17c (0x11de8d23) sb      t4, 282(t4)
core   0: 3 0x8000f17c (0x11de8d23) mem 0x80016f5d 0x43
core   0: 0x8000f180 (0x06414e03) lbu     t3, 100(sp)
core   0: 3 0x8000f180 (0x06414e03) x28 0x00000000 mem 0x800149ed
core   0: 0x8000f184 (0x8f3a4f03) lbu     t5, -1805(s4)
core   0: 3 0x8000f184 (0x8f3a4f03) x30 0x00000000 mem 0x800165af
core   0: 0x8000f188 (0x0b4e8183) lb      gp, 180(t4)
core   0: 3 0x8000f188 (0x0b4e8183) x 3 0x00000000 mem 0x80016ef7
core   0: 0x8000f18c (0x55c24783) lbu     a5, 1372(tp)
core   0: 3 0x8000f18c (0x55c24783) x15 0x00000000 mem 0x80018dd8
core   0: 0x8000f190 (0xe5820fa3) sb      s8, -417(tp)
core   0: 3 0x8000f190 (0xe5820fa3) mem 0x800186db 0x15
core   0: 0x8000f194 (0xef320e03) lb      t3, -269(tp)
core   0: 3 0x8000f194 (0xef320e03) x28 0x00000000 mem 0x8001876f
core   0: 0x8000f198 (0xfc312383) lw      t2, -61(sp)
core   0: 3 0x8000f198 (0xfc312383) x 7 0x00000000 mem 0x8001494c
core   0: 0x8000f19c (0xe40a4903) lbu     s2, -448(s4)
core   0: 3 0x8000f19c (0xe40a4903) x18 0x00000000 mem 0x80016afc
core   0: 0x8000f1a0 (0x0a1ea883) lw      a7, 161(t4)
core   0: 3 0x8000f1a0 (0x0a1ea883) x17 0x00000000 mem 0x80016ee4
core   0: 0x8000f1a4 (0xacf20603) lb      a2, -1329(tp)
core   0: 3 0x8000f1a4 (0xacf20603) x12 0x00000000 mem 0x8001834b
core   0: 0x8000f1a8 (0xf17107a3) sb      s7, -241(sp)
core   0: 3 0x8000f1a8 (0xf17107a3) mem 0x80014898 0x28
core   0: 0x8000f1ac (0x2d820083) lb      ra, 728(tp)
core   0: 3 0x8000f1ac (0x2d820083) x 1 0x00000000 mem 0x80018b54
core   0: 0x8000f1b0 (0xc9ee98a3) sh      t5, -879(t4)
core   0: 3 0x8000f1b0 (0xc9ee98a3) mem 0x80016ad4 0x0000
core   0: 0x8000f1b4 (0x01b20733) add     a4, tp, s11
core   0: 3 0x8000f1b4 (0x01b20733) x14 0x000406a4
core   0: 0x8000f1b8 (0x01addf33) srl     t5, s11, s10
core   0: 3 0x8000f1b8 (0x01addf33) x30 0x00000040
core   0: 0x8000f1bc (0x057b0713) addi    a4, s6, 87
core   0: 3 0x8000f1bc (0x057b0713) x14 0x8002233b
core   0: 0x8000f1c0 (0x00dc0033) add     zero, s8, a3
core   0: 3 0x8000f1c0 (0x00dc0033)
core   0: 0x8000f1c4 (0x0151db13) srli    s6, gp, 21
core   0: 3 0x8000f1c4 (0x0151db13) x22 0x00000000
core   0: 0x8000f1c8 (0x02f81a63) bne     a6, a5, pc + 52
core   0: 3 0x8000f1c8 (0x02f81a63)
core   0: 0x8000f1fc (0x00cb1813) slli    a6, s6, 12
core   0: 3 0x8000f1fc (0x00cb1813) x16 0x00000000
core   0: 0x8000f200 (0x0155ccb3) xor     s9, a1, s5
core   0: 3 0x8000f200 (0x0155ccb3) x25 0x7db23198
core   0: 0x8000f204 (0x014311b3) sll     gp, t1, s4
core   0: 3 0x8000f204 (0x014311b3) x 3 0x00000000
core   0: 0x8000f208 (0x0ff0000f) fence   iorw,iorw
core   0: 3 0x8000f208 (0x0ff0000f)
core   0: 0x8000f20c (0x00000013) nop
core   0: 3 0x8000f20c (0x00000013)
core   0: 0x8000f210 (0x007bdc13) srli    s8, s7, 7
core   0: 3 0x8000f210 (0x007bdc13) x24 0x010004fc
core   0: 0x8000f214 (0x016a5f13) srli    t5, s4, 22
core   0: 3 0x8000f214 (0x016a5f13) x30 0x00000200
core   0: 0x8000f218 (0x41798533) sub     a0, s3, s7
core   0: 3 0x8000f218 (0x41798533) x10 0x7ffd81d8
core   0: 0x8000f21c (0x01d68fb3) add     t6, a3, t4
core   0: 3 0x8000f21c (0x01d68fb3) x31 0x80016e63
core   0: 0x8000f220 (0x00a586b3) add     a3, a1, a0
core   0: 3 0x8000f220 (0x00a586b3) x13 0xffffa4fb
core   0: 0x8000f224 (0x69da4c93) xori    s9, s4, 1693
core   0: 3 0x8000f224 (0x69da4c93) x25 0x80016a21
core   0: 0x8000f228 (0x0123f033) and     zero, t2, s2
core   0: 3 0x8000f228 (0x0123f033)
core   0: 0x8000f22c (0x7f9c7c13) andi    s8, s8, 2041
core   0: 3 0x8000f22c (0x7f9c7c13) x24 0x000004f8
core   0: 0x8000f230 (0x50a6e393) ori     t2, a3, 1290
core   0: 3 0x8000f230 (0x50a6e393) x 7 0xffffa5fb
core   0: 0x8000f234 (0x0000100f) fence.i
core   0: 3 0x8000f234 (0x0000100f)
core   0: 0x8000f238 (0xea89e693) ori     a3, s3, -344
core   0: 3 0x8000f238 (0xea89e693) x13 0xfffffea8
core   0: 0x8000f23c (0x00000013) nop
core   0: 3 0x8000f23c (0x00000013)
core   0: 0x8000f240 (0x48f31d37) lui     s10, 0x48f31
core   0: 3 0x8000f240 (0x48f31d37) x26 0x48f31000
core   0: 0x8000f244 (0x01200233) add     tp, zero, s2
core   0: 3 0x8000f244 (0x01200233) x 4 0x00000000
core   0: 0x8000f248 (0x02c69863) bne     a3, a2, pc + 48
core   0: 3 0x8000f248 (0x02c69863)
core   0: 0x8000f278 (0x01b2b5b3) sltu    a1, t0, s11
core   0: 3 0x8000f278 (0x01b2b5b3) x11 0x00000001
core   0: 0x8000f27c (0x015bed33) or      s10, s7, s5
core   0: 3 0x8000f27c (0x015bed33) x26 0xfdb27ebb
core   0: 0x8000f280 (0x004bf8b3) and     a7, s7, tp
core   0: 3 0x8000f280 (0x004bf8b3) x17 0x00000000
core   0: 0x8000f284 (0xf97c1f37) lui     t5, 0xf97c1
core   0: 3 0x8000f284 (0xf97c1f37) x30 0xf97c1000
core   0: 0x8000f288 (0x0ff0000f) fence   iorw,iorw
core   0: 3 0x8000f288 (0x0ff0000f)
core   0: 0x8000f28c (0x00b35993) srli    s3, t1, 11
core   0: 3 0x8000f28c (0x00b35993) x19 0x00000000
core   0: 0x8000f290 (0x01378463) beq     a5, s3, pc + 8
core   0: 3 0x8000f290 (0x01378463)
core   0: 0x8000f298 (0x419c5f33) sra     t5, s8, s9
core   0: 3 0x8000f298 (0x419c5f33) x30 0x0000027c
core   0: 0x8000f29c (0x0b94fe63) bgeu    s1, s9, pc + 188
core   0: 3 0x8000f29c (0x0b94fe63)
core   0: 0x8000f358 (0x03b1ee63) bltu    gp, s11, pc + 60
core   0: 3 0x8000f358 (0x03b1ee63)
core   0: 0x8000f394 (0x007f1463) bne     t5, t2, pc + 8
core   0: 3 0x8000f394 (0x007f1463)
core   0: 0x8000f39c (0x017fc133) xor     sp, t6, s7
core   0: 3 0x8000f39c (0x017fc133) x 2 0x0003104b
core   0: 0x8000f3a0 (0x00c007ef) jal     a5, pc + 0xc
core   0: 3 0x8000f3a0 (0x00c007ef) x15 0x8000f3a4
core   0: 0x8000f3ac (0x0280036f) jal     t1, pc + 0x28
core   0: 3 0x8000f3ac (0x0280036f) x 6 0x8000f3b0
core   0: 0x8000f3d4 (0x01000def) jal     s11, pc + 0x10
core   0: 3 0x8000f3d4 (0x01000def) x27 0x8000f3d8
core   0: 0x8000f3e4 (0xfc1ff0ef) jal     pc - 0x40
core   0: 3 0x8000f3e4 (0xfc1ff0ef) x 1 0x8000f3e8
core   0: 0x8000f3a4 (0x020000ef) jal     pc + 0x20
core   0: 3 0x8000f3a4 (0x020000ef) x 1 0x8000f3a8
core   0: 0x8000f3c4 (0x0040036f) jal     t1, pc + 0x4
core   0: 3 0x8000f3c4 (0x0040036f) x 6 0x8000f3c8
core   0: 0x8000f3c8 (0x038000ef) jal     pc + 0x38
core   0: 3 0x8000f3c8 (0x038000ef) x 1 0x8000f3cc
core   0: 0x8000f400 (0xff5ff0ef) jal     pc - 0xc
core   0: 3 0x8000f400 (0xff5ff0ef) x 1 0x8000f404
core   0: 0x8000f3f4 (0x010000ef) jal     pc + 0x10
core   0: 3 0x8000f3f4 (0x010000ef) x 1 0x8000f3f8
core   0: 0x8000f404 (0xfadff0ef) jal     pc - 0x54
core   0: 3 0x8000f404 (0xfadff0ef) x 1 0x8000f408
core   0: 0x8000f3b0 (0x0400026f) jal     tp, pc + 0x40
core   0: 3 0x8000f3b0 (0x0400026f) x 4 0x8000f3b4
core   0: 0x8000f3f0 (0xfc5ff0ef) jal     pc - 0x3c
core   0: 3 0x8000f3f0 (0xfc5ff0ef) x 1 0x8000f3f4
core   0: 0x8000f3b4 (0x054000ef) jal     pc + 0x54
core   0: 3 0x8000f3b4 (0x054000ef) x 1 0x8000f3b8
core   0: 0x8000f408 (0xfc5ff36f) jal     t1, pc - 0x3c
core   0: 3 0x8000f408 (0xfc5ff36f) x 6 0x8000f40c
core   0: 0x8000f3cc (0x0140046f) jal     s0, pc + 0x14
core   0: 3 0x8000f3cc (0x0140046f) x 8 0x8000f3d0
core   0: 0x8000f3e0 (0xff1ff46f) jal     s0, pc - 0x10
core   0: 3 0x8000f3e0 (0xff1ff46f) x 8 0x8000f3e4
core   0: 0x8000f3d0 (0xfd9ff0ef) jal     pc - 0x28
core   0: 3 0x8000f3d0 (0xfd9ff0ef) x 1 0x8000f3d4
core   0: 0x8000f3a8 (0x034000ef) jal     pc + 0x34
core   0: 3 0x8000f3a8 (0x034000ef) x 1 0x8000f3ac
core   0: 0x8000f3dc (0xffdff0ef) jal     pc - 0x4
core   0: 3 0x8000f3dc (0xffdff0ef) x 1 0x8000f3e0
core   0: 0x8000f3d8 (0x010000ef) jal     pc + 0x10
core   0: 3 0x8000f3d8 (0x010000ef) x 1 0x8000f3dc
core   0: 0x8000f3e8 (0x004000ef) jal     pc + 0x4
core   0: 3 0x8000f3e8 (0x004000ef) x 1 0x8000f3ec
core   0: 0x8000f3ec (0xfcdffeef) jal     t4, pc - 0x34
core   0: 3 0x8000f3ec (0xfcdffeef) x29 0x8000f3f0
core   0: 0x8000f3b8 (0x0080036f) jal     t1, pc + 0x8
core   0: 3 0x8000f3b8 (0x0080036f) x 6 0x8000f3bc
core   0: 0x8000f3c0 (0x038000ef) jal     pc + 0x38
core   0: 3 0x8000f3c0 (0x038000ef) x 1 0x8000f3c4
core   0: 0x8000f3f8 (0x004006ef) jal     a3, pc + 0x4
core   0: 3 0x8000f3f8 (0x004006ef) x13 0x8000f3fc
core   0: 0x8000f3fc (0xfc1ff0ef) jal     pc - 0x40
core   0: 3 0x8000f3fc (0xfc1ff0ef) x 1 0x8000f400
core   0: 0x8000f3bc (0x0500036f) jal     t1, pc + 0x50
core   0: 3 0x8000f3bc (0x0500036f) x 6 0x8000f3c0
core   0: 0x8000f40c (0x00596233) or      tp, s2, t0
core   0: 3 0x8000f40c (0x00596233) x 4 0x00000000
core   0: 0x8000f410 (0x006bb9b3) sltu    s3, s7, t1
core   0: 3 0x8000f410 (0x006bb9b3) x19 0x00000000
core   0: 0x8000f414 (0x01abfc63) bgeu    s7, s10, pc + 24
core   0: 3 0x8000f414 (0x01abfc63)
core   0: 0x8000f418 (0x040b5663) bgez    s6, pc + 76
core   0: 3 0x8000f418 (0x040b5663)
core   0: 0x8000f464 (0x4168d613) srai    a2, a7, 22
core   0: 3 0x8000f464 (0x4168d613) x12 0x00000000
core   0: 0x8000f468 (0x40df8eb3) sub     t4, t6, a3
core   0: 3 0x8000f468 (0x40df8eb3) x29 0x00007a67
core   0: 0x8000f46c (0x00006033) or      zero, zero, zero
core   0: 3 0x8000f46c (0x00006033)
core   0: 0x8000f470 (0x0ff0000f) fence   iorw,iorw
core   0: 3 0x8000f470 (0x0ff0000f)
core   0: 0x8000f474 (0x01c21833) sll     a6, tp, t3
core   0: 3 0x8000f474 (0x01c21833) x16 0x00000000
core   0: 0x8000f478 (0x05ed2793) slti    a5, s10, 94
core   0: 3 0x8000f478 (0x05ed2793) x15 0x00000001
core   0: 0x8000f47c (0xca6faf93) slti    t6, t6, -858
core   0: 3 0x8000f47c (0xca6faf93) x31 0x00000001
core   0: 0x8000f480 (0x04175663) bge     a4, ra, pc + 76
core   0: 3 0x8000f480 (0x04175663)
core   0: 0x8000f4cc (0x0117e933) or      s2, a5, a7
core   0: 3 0x8000f4cc (0x0117e933) x18 0x00000001
core   0: 0x8000f4d0 (0x00e3afb3) slt     t6, t2, a4
core   0: 3 0x8000f4d0 (0x00e3afb3) x31 0x00000000
core   0: 0x8000f4d4 (0xc851d937) lui     s2, 0xc851d
core   0: 3 0x8000f4d4 (0xc851d937) x18 0xc851d000
core   0: 0x8000f4d8 (0x00964233) xor     tp, a2, s1
core   0: 3 0x8000f4d8 (0x00964233) x 4 0x8002bce4
core   0: 0x8000f4dc (0x03670a63) beq     a4, s6, pc + 52
core   0: 3 0x8000f4dc (0x03670a63)
core   0: 0x8000f4e0 (0x416e8db3) sub     s11, t4, s6
core   0: 3 0x8000f4e0 (0x416e8db3) x27 0x00007a67
core   0: 0x8000f4e4 (0x0028a8b3) slt     a7, a7, sp
core   0: 3 0x8000f4e4 (0x0028a8b3) x17 0x00000001
core   0: 0x8000f4e8 (0x4522fe93) andi    t4, t0, 1106
core   0: 3 0x8000f4e8 (0x4522fe93) x29 0x00000000
core   0: 0x8000f4ec (0x016023b3) slt     t2, zero, s6
core   0: 3 0x8000f4ec (0x016023b3) x 7 0x00000000
core   0: 0x8000f4f0 (0x0011c3b3) xor     t2, gp, ra
core   0: 3 0x8000f4f0 (0x0011c3b3) x 7 0x8000f400
core   0: 0x8000f4f4 (0x6349ed93) ori     s11, s3, 1588
core   0: 3 0x8000f4f4 (0x6349ed93) x27 0x00000634
core   0: 0x8000f4f8 (0x412ede33) sra     t3, t4, s2
core   0: 3 0x8000f4f8 (0x412ede33) x28 0x00000000
core   0: 0x8000f4fc (0x0ff0000f) fence   iorw,iorw
core   0: 3 0x8000f4fc (0x0ff0000f)
core   0: 0x8000f500 (0x03dc1a63) bne     s8, t4, pc + 52
core   0: 3 0x8000f500 (0x03dc1a63)
core   0: 0x8000f534 (0xd6284413) xori    s0, a6, -670
core   0: 3 0x8000f534 (0xd6284413) x 8 0xfffffd62
core   0: 0x8000f538 (0x006d9a63) bne     s11, t1, pc + 20
core   0: 3 0x8000f538 (0x006d9a63)
core   0: 0x8000f54c (0x00000013) nop
core   0: 3 0x8000f54c (0x00000013)
core   0: 0x8000f550 (0x0ff0000f) fence   iorw,iorw
core   0: 3 0x8000f550 (0x0ff0000f)
core   0: 0x8000f554 (0xdf045637) lui     a2, 0xdf045
core   0: 3 0x8000f554 (0xdf045637) x12 0xdf045000
core   0: 0x8000f558 (0xa9c4c017) auipc   zero, 0xa9c4c
core   0: 3 0x8000f558 (0xa9c4c017)
core   0: 0x8000f55c (0x01601eb3) sll     t4, zero, s6
core   0: 3 0x8000f55c (0x01601eb3) x29 0x00000000
core   0: 0x8000f560 (0x2b894fb7) lui     t6, 0x2b894
core   0: 3 0x8000f560 (0x2b894fb7) x31 0x2b894000
core   0: 0x8000f564 (0x8ebfe137) lui     sp, 0x8ebfe
core   0: 3 0x8000f564 (0x8ebfe137) x 2 0x8ebfe000
core   0: 0x8000f568 (0x408ed793) srai    a5, t4, 8
core   0: 3 0x8000f568 (0x408ed793) x15 0x00000000
core   0: 0x8000f56c (0x05a70863) beq     a4, s10, pc + 80
core   0: 3 0x8000f56c (0x05a70863)
core   0: 0x8000f570 (0x05919663) bne     gp, s9, pc + 76
core   0: 3 0x8000f570 (0x05919663)
core   0: 0x8000f5bc (0x0141fd33) and     s10, gp, s4
core   0: 3 0x8000f5bc (0x0141fd33) x26 0x00000000
core   0: 0x8000f5c0 (0x0084d413) srli    s0, s1, 8
core   0: 3 0x8000f5c0 (0x0084d413) x 8 0x008002bc
core   0: 0x8000f5c4 (0x00dcbc33) sltu    s8, s9, a3
core   0: 3 0x8000f5c4 (0x00dcbc33) x24 0x00000000
core   0: 0x8000f5c8 (0x0048f833) and     a6, a7, tp
core   0: 3 0x8000f5c8 (0x0048f833) x16 0x00000000
core   0: 0x8000f5cc (0x00f97333) and     t1, s2, a5
core   0: 3 0x8000f5cc (0x00f97333) x 6 0x00000000
core   0: 0x8000f5d0 (0x5a034913) xori    s2, t1, 1440
core   0: 3 0x8000f5d0 (0x5a034913) x18 0x000005a0
core   0: 0x8000f5d4 (0x02e98a63) beq     s3, a4, pc + 52
core   0: 3 0x8000f5d4 (0x02e98a63)
core   0: 0x8000f5d8 (0x017f0033) add     zero, t5, s7
core   0: 3 0x8000f5d8 (0x017f0033)
core   0: 0x8000f5dc (0x00ecd013) srli    zero, s9, 14
core   0: 3 0x8000f5dc (0x00ecd013)
core   0: 0x8000f5e0 (0x011c1c63) bne     s8, a7, pc + 24
core   0: 3 0x8000f5e0 (0x011c1c63)
core   0: 0x8000f5f8 (0x404e03b3) sub     t2, t3, tp
core   0: 3 0x8000f5f8 (0x404e03b3) x 7 0x7ffd431c
core   0: 0x8000f5fc (0x97e6bc93) sltiu   s9, a3, -1666
core   0: 3 0x8000f5fc (0x97e6bc93) x25 0x00000001
core   0: 0x8000f600 (0x311b2f13) slti    t5, s6, 785
core   0: 3 0x8000f600 (0x311b2f13) x30 0x00000001
core   0: 0x8000f604 (0xec3de793) ori     a5, s11, -317
core   0: 3 0x8000f604 (0xec3de793) x15 0xfffffef7
core   0: 0x8000f608 (0x016a3833) sltu    a6, s4, s6
core   0: 3 0x8000f608 (0x016a3833) x16 0x00000000
core   0: 0x8000f60c (0x4087dcb3) sra     s9, a5, s0
core   0: 3 0x8000f60c (0x4087dcb3) x25 0xffffffff
core   0: 0x8000f610 (0x4ea66013) ori     zero, a2, 1258
core   0: 3 0x8000f610 (0x4ea66013)
core   0: 0x8000f614 (0x00a55cb3) srl     s9, a0, a0
core   0: 3 0x8000f614 (0x00a55cb3) x25 0x0000007f
core   0: 0x8000f618 (0x04e0e663) bltu    ra, a4, pc + 76
core   0: 3 0x8000f618 (0x04e0e663)
core   0: 0x8000f664 (0x2e4830b7) lui     ra, 0x2e483
core   0: 3 0x8000f664 (0x2e4830b7) x 1 0x2e483000
core   0: 0x8000f668 (0x41e68833) sub     a6, a3, t5
core   0: 3 0x8000f668 (0x41e68833) x16 0x8000f3fb
core   0: 0x8000f66c (0x001dad33) slt     s10, s11, ra
core   0: 3 0x8000f66c (0x001dad33) x26 0x00000001
core   0: 0x8000f670 (0x0497c263) blt     a5, s1, pc + 68
core   0: 3 0x8000f670 (0x0497c263)
core   0: 0x8000f674 (0x40755c93) srai    s9, a0, 7
core   0: 3 0x8000f674 (0x40755c93) x25 0x00fffb03
core   0: 0x8000f678 (0x003fff33) and     t5, t6, gp
core   0: 3 0x8000f678 (0x003fff33) x30 0x00000000
core   0: 0x8000f67c (0x01935a33) srl     s4, t1, s9
core   0: 3 0x8000f67c (0x01935a33) x20 0x00000000
core   0: 0x8000f680 (0x00000013) nop
core   0: 3 0x8000f680 (0x00000013)
core   0: 0x8000f684 (0x00b1da63) bge     gp, a1, pc + 20
core   0: 3 0x8000f684 (0x00b1da63)
core   0: 0x8000f688 (0x004b4933) xor     s2, s6, tp
core   0: 3 0x8000f688 (0x004b4933) x18 0x8002bce4
core   0: 0x8000f68c (0x0eb10593) addi    a1, sp, 235
core   0: 3 0x8000f68c (0x0eb10593) x11 0x8ebfe0eb
core   0: 0x8000f690 (0x0033ea33) or      s4, t2, gp
core   0: 3 0x8000f690 (0x0033ea33) x20 0x7ffd431c
core   0: 0x8000f694 (0xde643393) sltiu   t2, s0, -538
core   0: 3 0x8000f694 (0xde643393) x 7 0x00000001
core   0: 0x8000f698 (0x00f8d193) srli    gp, a7, 15
core   0: 3 0x8000f698 (0x00f8d193) x 3 0x00000000
core   0: 0x8000f69c (0x0ff0000f) fence   iorw,iorw
core   0: 3 0x8000f69c (0x0ff0000f)
core   0: 0x8000f6a0 (0x6182d017) auipc   zero, 0x6182d
core   0: 3 0x8000f6a0 (0x6182d017)
core   0: 0x8000f6a4 (0x0bf34893) xori    a7, t1, 191
core   0: 3 0x8000f6a4 (0x0bf34893) x17 0x000000bf
core   0: 0x8000f6a8 (0x00d59d33) sll     s10, a1, a3
core   0: 3 0x8000f6a8 (0x00d59d33) x26 0xb0000000
core   0: 0x8000f6ac (0x00000013) nop
core   0: 3 0x8000f6ac (0x00000013)
core   0: 0x8000f6b0 (0x01296013) ori     zero, s2, 18
core   0: 3 0x8000f6b0 (0x01296013)
core   0: 0x8000f6b4 (0x12342517) auipc   a0, 0x12342
core   0: 3 0x8000f6b4 (0x12342517) x10 0x923516b4
core   0: 0x8000f6b8 (0x02e95a63) bge     s2, a4, pc + 52
core   0: 3 0x8000f6b8 (0x02e95a63)
core   0: 0x8000f6ec (0x0ff0000f) fence   iorw,iorw
core   0: 3 0x8000f6ec (0x0ff0000f)
core   0: 0x8000f6f0 (0x000fda33) srl     s4, t6, zero
core   0: 3 0x8000f6f0 (0x000fda33) x20 0x2b894000
core   0: 0x8000f6f4 (0x00ea5213) srli    tp, s4, 14
core   0: 3 0x8000f6f4 (0x00ea5213) x 4 0x0000ae25
core   0: 0x8000f6f8 (0x01d91263) bne     s2, t4, pc + 4
core   0: 3 0x8000f6f8 (0x01d91263)
core   0: 0x8000f6fc (0x03094a63) blt     s2, a6, pc + 52
core   0: 3 0x8000f6fc (0x03094a63)
core   0: 0x8000f700 (0x0ff0000f) fence   iorw,iorw
core   0: 3 0x8000f700 (0x0ff0000f)
core   0: 0x8000f704 (0x0086a8b3) slt     a7, a3, s0
core   0: 3 0x8000f704 (0x0086a8b3) x17 0x00000001
core   0: 0x8000f708 (0x00616133) or      sp, sp, t1
core   0: 3 0x8000f708 (0x00616133) x 2 0x8ebfe000
core   0: 0x8000f70c (0x41ff5b33) sra     s6, t5, t6
core   0: 3 0x8000f70c (0x41ff5b33) x22 0x00000000
core   0: 0x8000f710 (0x97acee13) ori     t3, s9, -1670
core   0: 3 0x8000f710 (0x97acee13) x28 0xfffffb7b
core   0: 0x8000f714 (0x00cf73b3) and     t2, t5, a2
core   0: 3 0x8000f714 (0x00cf73b3) x 7 0x00000000
core   0: 0x8000f718 (0x000ec633) xor     a2, t4, zero
core   0: 3 0x8000f718 (0x000ec633) x12 0x00000000
core   0: 0x8000f71c (0x016029b3) slt     s3, zero, s6
core   0: 3 0x8000f71c (0x016029b3) x19 0x00000000
core   0: 0x8000f720 (0x1b53c113) xori    sp, t2, 437
core   0: 3 0x8000f720 (0x1b53c113) x 2 0x000001b5
core   0: 0x8000f724 (0x95412813) slti    a6, sp, -1708
core   0: 3 0x8000f724 (0x95412813) x16 0x00000000
core   0: 0x8000f728 (0x25a7b913) sltiu   s2, a5, 602
core   0: 3 0x8000f728 (0x25a7b913) x18 0x00000000
core   0: 0x8000f72c (0x4045da33) sra     s4, a1, tp
core   0: 3 0x8000f72c (0x4045da33) x20 0xfc75ff07
core   0: 0x8000f730 (0x0688f813) andi    a6, a7, 104
core   0: 3 0x8000f730 (0x0688f813) x16 0x00000000
core   0: 0x8000f734 (0x00aadc33) srl     s8, s5, a0
core   0: 3 0x8000f734 (0x00aadc33) x24 0x00000fdb
core   0: 0x8000f738 (0x40140033) sub     zero, s0, ra
core   0: 3 0x8000f738 (0x40140033)
core   0: 0x8000f73c (0x0265ca63) blt     a1, t1, pc + 52
core   0: 3 0x8000f73c (0x0265ca63)
core   0: 0x8000f770 (0x6f01c117) auipc   sp, 0x6f01c
core   0: 3 0x8000f770 (0x6f01c117) x 2 0xef02b770
core   0: 0x8000f774 (0x00c89463) bne     a7, a2, pc + 8
core   0: 3 0x8000f774 (0x00c89463)
core   0: 0x8000f77c (0x03d24463) blt     tp, t4, pc + 40
core   0: 3 0x8000f77c (0x03d24463)
core   0: 0x8000f780 (0x01f9d633) srl     a2, s3, t6
core   0: 3 0x8000f780 (0x01f9d633) x12 0x00000000
core   0: 0x8000f784 (0x41465c93) srai    s9, a2, 20
core   0: 3 0x8000f784 (0x41465c93) x25 0x00000000
core   0: 0x8000f788 (0x00bf6c63) bltu    t5, a1, pc + 24
core   0: 3 0x8000f788 (0x00bf6c63)
core   0: 0x8000f7a0 (0x40ea53b3) sra     t2, s4, a4
core   0: 3 0x8000f7a0 (0x40ea53b3) x 7 0xffffffff
core   0: 0x8000f7a4 (0x41b95d33) sra     s10, s2, s11
core   0: 3 0x8000f7a4 (0x41b95d33) x26 0x00000000
core   0: 0x8000f7a8 (0x01046a33) or      s4, s0, a6
core   0: 3 0x8000f7a8 (0x01046a33) x20 0x008002bc
core   0: 0x8000f7ac (0x00ed3db3) sltu    s11, s10, a4
core   0: 3 0x8000f7ac (0x00ed3db3) x27 0x00000001
core   0: 0x8000f7b0 (0x00f06eb3) or      t4, zero, a5
core   0: 3 0x8000f7b0 (0x00f06eb3) x29 0xfffffef7
core   0: 0x8000f7b4 (0x00977a63) bgeu    a4, s1, pc + 20
core   0: 3 0x8000f7b4 (0x00977a63)
core   0: 0x8000f7b8 (0x21be3713) sltiu   a4, t3, 539
core   0: 3 0x8000f7b8 (0x21be3713) x14 0x00000000
core   0: 0x8000f7bc (0x00ce6663) bltu    t3, a2, pc + 12
core   0: 3 0x8000f7bc (0x00ce6663)
core   0: 0x8000f7c0 (0x01a30463) beq     t1, s10, pc + 8
core   0: 3 0x8000f7c0 (0x01a30463)
core   0: 0x8000f7c8 (0x01e913b3) sll     t2, s2, t5
core   0: 3 0x8000f7c8 (0x01e913b3) x 7 0x00000000
core   0: 0x8000f7cc (0x004ba783) lw      a5, 4(s7)
core   0: 3 0x8000f7cc (0x004ba783) x15 0x8000a538 mem 0x80027e2c
core   0: 0x8000f7d0 (0x0f7e8013) addi    zero, t4, 247
core   0: 3 0x8000f7d0 (0x0f7e8013)
core   0: 0x8000f7d4 (0x00cb8b93) addi    s7, s7, 12
core   0: 3 0x8000f7d4 (0x00cb8b93) x23 0x80027e34
core   0: 0x8000f7d8 (0x30b3c597) auipc   a1, 0x30b3c
core   0: 3 0x8000f7d8 (0x30b3c597) x11 0xb0b4b7d8
core   0: 0x8000f7dc (0x01e815b3) sll     a1, a6, t5
core   0: 3 0x8000f7dc (0x01e815b3) x11 0x00000000
core   0: 0x8000f7e0 (0x00078613) mv      a2, a5
core   0: 3 0x8000f7e0 (0x00078613) x12 0x8000a538
core   0: 0x8000f7e4 (0x00060667) jalr    a2, a2, 0
core   0: 3 0x8000f7e4 (0x00060667) x12 0x8000f7e8
core   0: 0x8000a538 (0x04f40263) beq     s0, a5, pc + 68
core   0: 3 0x8000a538 (0x04f40263)
core   0: 0x8000a53c (0x96a72a13) slti    s4, a4, -1686
core   0: 3 0x8000a53c (0x96a72a13) x20 0x00000000
core   0: 0x8000a540 (0x007b1233) sll     tp, s6, t2
core   0: 3 0x8000a540 (0x007b1233) x 4 0x00000000
core   0: 0x8000a544 (0x02a9ca63) blt     s3, a0, pc + 52
core   0: 3 0x8000a544 (0x02a9ca63)
core   0: 0x8000a548 (0x7524ce13) xori    t3, s1, 1874
core   0: 3 0x8000a548 (0x7524ce13) x28 0x8002bbb6
core   0: 0x8000a54c (0x03431863) bne     t1, s4, pc + 48
core   0: 3 0x8000a54c (0x03431863)
core   0: 0x8000a550 (0x0ff0000f) fence   iorw,iorw
core   0: 3 0x8000a550 (0x0ff0000f)
core   0: 0x8000a554 (0xe7b3f393) andi    t2, t2, -389
core   0: 3 0x8000a554 (0xe7b3f393) x 7 0x00000000
core   0: 0x8000a558 (0xf89bcf93) xori    t6, s7, -119
core   0: 3 0x8000a558 (0xf89bcf93) x31 0x7ffd81bd
core   0: 0x8000a55c (0x000b00b3) add     ra, s6, zero
core   0: 3 0x8000a55c (0x000b00b3) x 1 0x00000000
core   0: 0x8000a560 (0x004707b3) add     a5, a4, tp
core   0: 3 0x8000a560 (0x004707b3) x15 0x00000000
core   0: 0x8000a564 (0x170e3013) sltiu   zero, t3, 368
core   0: 3 0x8000a564 (0x170e3013)
core   0: 0x8000a568 (0x0165ab33) slt     s6, a1, s6
core   0: 3 0x8000a568 (0x0165ab33) x22 0x00000000
core   0: 0x8000a56c (0x03a01a63) bne     zero, s10, pc + 52
core   0: 3 0x8000a56c (0x03a01a63)
core   0: 0x8000a570 (0x413ad633) sra     a2, s5, s3
core   0: 3 0x8000a570 (0x413ad633) x12 0xfdb012bb
core   0: 0x8000a574 (0x6dfcc113) xori    sp, s9, 1759
core   0: 3 0x8000a574 (0x6dfcc113) x 2 0x000006df
core   0: 0x8000a578 (0x0000100f) fence.i
core   0: 3 0x8000a578 (0x0000100f)
core   0: 0x8000a57c (0x0148c2b3) xor     t0, a7, s4
core   0: 3 0x8000a57c (0x0148c2b3) x 5 0x00000001
core   0: 0x8000a580 (0x80d76eb7) lui     t4, 0x80d76
core   0: 3 0x8000a580 (0x80d76eb7) x29 0x80d76000
core   0: 0x8000a584 (0x0ff0000f) fence   iorw,iorw
core   0: 3 0x8000a584 (0x0ff0000f)
core   0: 0x8000a588 (0xb54c87b7) lui     a5, 0xb54c8
core   0: 3 0x8000a588 (0xb54c87b7) x15 0xb54c8000
core   0: 0x8000a58c (0x037fd863) bge     t6, s7, pc + 48
core   0: 3 0x8000a58c (0x037fd863)
core   0: 0x8000a5bc (0x01fff663) bgeu    t6, t6, pc + 12
core   0: 3 0x8000a5bc (0x01fff663)
core   0: 0x8000a5c8 (0x013ec9b3) xor     s3, t4, s3
core   0: 3 0x8000a5c8 (0x013ec9b3) x19 0x80d76000
core   0: 0x8000a5cc (0x02d91063) bne     s2, a3, pc + 32
core   0: 3 0x8000a5cc (0x02d91063)
core   0: 0x8000a5ec (0x01789333) sll     t1, a7, s7
core   0: 3 0x8000a5ec (0x01789333) x 6 0x00100000
core   0: 0x8000a5f0 (0x4b136013) ori     zero, t1, 1201
core   0: 3 0x8000a5f0 (0x4b136013)
core   0: 0x8000a5f4 (0x03417063) bgeu    sp, s4, pc + 32
core   0: 3 0x8000a5f4 (0x03417063)
core   0: 0x8000a614 (0x45a06113) ori     sp, zero, 1114
core   0: 3 0x8000a614 (0x45a06113) x 2 0x0000045a
core   0: 0x8000a618 (0x01458a63) beq     a1, s4, pc + 20
core   0: 3 0x8000a618 (0x01458a63)
core   0: 0x8000a62c (0xaa9aac93) slti    s9, s5, -1367
core   0: 3 0x8000a62c (0xaa9aac93) x25 0x00000001
core   0: 0x8000a630 (0x02561863) bne     a2, t0, pc + 48
core   0: 3 0x8000a630 (0x02561863)
core   0: 0x8000a660 (0x155a6713) ori     a4, s4, 341
core   0: 3 0x8000a660 (0x155a6713) x14 0x00000155
core   0: 0x8000a664 (0xd8bf7f93) andi    t6, t5, -629
core   0: 3 0x8000a664 (0xd8bf7f93) x31 0x00000000
core   0: 0x8000a668 (0x0000100f) fence.i
core   0: 3 0x8000a668 (0x0000100f)
core   0: 0x8000a66c (0x004ba783) lw      a5, 4(s7)
core   0: 3 0x8000a66c (0x004ba783) x15 0x8000de9c mem 0x80027e38
core   0: 0x8000a670 (0x014b8b93) addi    s7, s7, 20
core   0: 3 0x8000a670 (0x014b8b93) x23 0x80027e48
core   0: 0x8000a674 (0x45afee13) ori     t3, t6, 1114
core   0: 3 0x8000a674 (0x45afee13) x28 0x0000045a
core   0: 0x8000a678 (0x00178513) addi    a0, a5, 1
core   0: 3 0x8000a678 (0x00178513) x10 0x8000de9d
core   0: 0x8000a67c (0x00050567) jalr    a0, a0, 0
core   0: 3 0x8000a67c (0x00050567) x10 0x8000a680
core   0: 0x8000de9c (0x4e35c5b7) lui     a1, 0x4e35c
core   0: 3 0x8000de9c (0x4e35c5b7) x11 0x4e35c000
core   0: 0x8000dea0 (0x0ff0000f) fence   iorw,iorw
core   0: 3 0x8000dea0 (0x0ff0000f)
core   0: 0x8000dea4 (0x0170d813) srli    a6, ra, 23
core   0: 3 0x8000dea4 (0x0170d813) x16 0x00000000
core   0: 0x8000dea8 (0x4b95e193) ori     gp, a1, 1209
core   0: 3 0x8000dea8 (0x4b95e193) x 3 0x4e35c4b9
core   0: 0x8000deac (0x1759e893) ori     a7, s3, 373
core   0: 3 0x8000deac (0x1759e893) x17 0x80d76175
core   0: 0x8000deb0 (0x009d7733) and     a4, s10, s1
core   0: 3 0x8000deb0 (0x009d7733) x14 0x00000000
core   0: 0x8000deb4 (0x89d4f893) andi    a7, s1, -1891
core   0: 3 0x8000deb4 (0x89d4f893) x17 0x8002b884
core   0: 0x8000deb8 (0x01720463) beq     tp, s7, pc + 8
core   0: 3 0x8000deb8 (0x01720463)
core   0: 0x8000debc (0x41548133) sub     sp, s1, s5
core   0: 3 0x8000debc (0x41548133) x 2 0x8252aa29
core   0: 0x8000dec0 (0xf9348c13) addi    s8, s1, -109
core   0: 3 0x8000dec0 (0xf9348c13) x24 0x8002bc77
core   0: 0x8000dec4 (0x03426063) bltu    tp, s4, pc + 32
core   0: 3 0x8000dec4 (0x03426063)
core   0: 0x8000dec8 (0x001391b3) sll     gp, t2, ra
core   0: 3 0x8000dec8 (0x001391b3) x 3 0x00000000
core   0: 0x8000decc (0xd93c6813) ori     a6, s8, -621
core   0: 3 0x8000decc (0xd93c6813) x16 0xfffffdf7
core   0: 0x8000ded0 (0x407c5a13) srai    s4, s8, 7
core   0: 3 0x8000ded0 (0x407c5a13) x20 0xff000578
core   0: 0x8000ded4 (0x018678b3) and     a7, a2, s8
core   0: 3 0x8000ded4 (0x018678b3) x17 0x80001033
core   0: 0x8000ded8 (0x1a584937) lui     s2, 0x1a584
core   0: 3 0x8000ded8 (0x1a584937) x18 0x1a584000
core   0: 0x8000dedc (0x03afc463) blt     t6, s10, pc + 40
core   0: 3 0x8000dedc (0x03afc463)
core   0: 0x8000dee0 (0xd18e0793) addi    a5, t3, -744
core   0: 3 0x8000dee0 (0xd18e0793) x15 0x00000172
core   0: 0x8000dee4 (0x01526c63) bltu    tp, s5, pc + 24
core   0: 3 0x8000dee4 (0x01526c63)
core   0: 0x8000defc (0x01502d33) slt     s10, zero, s5
core   0: 3 0x8000defc (0x01502d33) x26 0x00000000
core   0: 0x8000df00 (0x001e6cb3) or      s9, t3, ra
core   0: 3 0x8000df00 (0x001e6cb3) x25 0x0000045a
core   0: 0x8000df04 (0x02674a63) blt     a4, t1, pc + 52
core   0: 3 0x8000df04 (0x02674a63)
core   0: 0x8000df38 (0x40fb5e93) srai    t4, s6, 15
core   0: 3 0x8000df38 (0x40fb5e93) x29 0x00000000
core   0: 0x8000df3c (0x417787b3) sub     a5, a5, s7
core   0: 3 0x8000df3c (0x417787b3) x15 0x7ffd832a
core   0: 0x8000df40 (0x001b7663) bgeu    s6, ra, pc + 12
core   0: 3 0x8000df40 (0x001b7663)
core   0: 0x8000df4c (0xd8b16893) ori     a7, sp, -629
core   0: 3 0x8000df4c (0xd8b16893) x17 0xffffffab
core   0: 0x8000df50 (0x05917313) andi    t1, sp, 89
core   0: 3 0x8000df50 (0x05917313) x 6 0x00000009
core   0: 0x8000df54 (0x0197d3b3) srl     t2, a5, s9
core   0: 3 0x8000df54 (0x0197d3b3) x 7 0x0000001f
core   0: 0x8000df58 (0x40bfd693) srai    a3, t6, 11
core   0: 3 0x8000df58 (0x40bfd693) x13 0x00000000
core   0: 0x8000df5c (0x048c0663) beq     s8, s0, pc + 76
core   0: 3 0x8000df5c (0x048c0663)
core   0: 0x8000df60 (0x0177d0b3) srl     ra, a5, s7
core   0: 3 0x8000df60 (0x0177d0b3) x 1 0x007ffd83
core   0: 0x8000df64 (0x01fe8463) beq     t4, t6, pc + 8
core   0: 3 0x8000df64 (0x01fe8463)
core   0: 0x8000df6c (0x02145c63) bge     s0, ra, pc + 56
core   0: 3 0x8000df6c (0x02145c63)
core   0: 0x8000dfa4 (0x03074c63) blt     a4, a6, pc + 56
core   0: 3 0x8000dfa4 (0x03074c63)
core   0: 0x8000dfa8 (0x0156aeb3) slt     t4, a3, s5
core   0: 3 0x8000dfa8 (0x0156aeb3) x29 0x00000000
core   0: 0x8000dfac (0x0ff0000f) fence   iorw,iorw
core   0: 3 0x8000dfac (0x0ff0000f)
core   0: 0x8000dfb0 (0x41abd633) sra     a2, s7, s10
core   0: 3 0x8000dfb0 (0x41abd633) x12 0x80027e48
core   0: 0x8000dfb4 (0x0000100f) fence.i
core   0: 3 0x8000dfb4 (0x0000100f)
core   0: 0x8000dfb8 (0x005c9663) bne     s9, t0, pc + 12
core   0: 3 0x8000dfb8 (0x005c9663)
core   0: 0x8000dfc4 (0x01cf79b3) and     s3, t5, t3
core   0: 3 0x8000dfc4 (0x01cf79b3) x19 0x00000000
core   0: 0x8000dfc8 (0x2da98813) addi    a6, s3, 730
core   0: 3 0x8000dfc8 (0x2da98813) x16 0x000002da
core   0: 0x8000dfcc (0x413553b3) sra     t2, a0, s3
core   0: 3 0x8000dfcc (0x413553b3) x 7 0x8000a680
core   0: 0x8000dfd0 (0x0105d0b3) srl     ra, a1, a6
core   0: 3 0x8000dfd0 (0x0105d0b3) x 1 0x00000013
core   0: 0x8000dfd4 (0x05ab5863) bge     s6, s10, pc + 80
core   0: 3 0x8000dfd4 (0x05ab5863)
core   0: 0x8000e024 (0x054d7663) bgeu    s10, s4, pc + 76
core   0: 3 0x8000e024 (0x054d7663)
core   0: 0x8000e028 (0x01d25693) srli    a3, tp, 29
core   0: 3 0x8000e028 (0x01d25693) x13 0x00000000
core   0: 0x8000e02c (0x00224c63) blt     tp, sp, pc + 24
core   0: 3 0x8000e02c (0x00224c63)
core   0: 0x8000e030 (0x01bdc9b3) xor     s3, s11, s11
core   0: 3 0x8000e030 (0x01bdc9b3) x19 0x00000000
core   0: 0x8000e034 (0xe69ca513) slti    a0, s9, -407
core   0: 3 0x8000e034 (0xe69ca513) x10 0x00000000
core   0: 0x8000e038 (0x0000100f) fence.i
core   0: 3 0x8000e038 (0x0000100f)
core   0: 0x8000e03c (0x2815aa13) slti    s4, a1, 641
core   0: 3 0x8000e03c (0x2815aa13) x20 0x00000000
core   0: 0x8000e040 (0x701fbd93) sltiu   s11, t6, 1793
core   0: 3 0x8000e040 (0x701fbd93) x27 0x00000001
core   0: 0x8000e044 (0x04f8e463) bltu    a7, a5, pc + 72
core   0: 3 0x8000e044 (0x04f8e463)
core   0: 0x8000e048 (0x00000013) nop
core   0: 3 0x8000e048 (0x00000013)
core   0: 0x8000e04c (0x00189233) sll     tp, a7, ra
core   0: 3 0x8000e04c (0x00189233) x 4 0xfd580000
core   0: 0x8000e050 (0x00e85693) srli    a3, a6, 14
core   0: 3 0x8000e050 (0x00e85693) x13 0x00000000
core   0: 0x8000e054 (0x012fe463) bltu    t6, s2, pc + 8
core   0: 3 0x8000e054 (0x012fe463)
core   0: 0x8000e05c (0x00eb9663) bne     s7, a4, pc + 12
core   0: 3 0x8000e05c (0x00eb9663)
core   0: 0x8000e068 (0x26507113) andi    sp, zero, 613
core   0: 3 0x8000e068 (0x26507113) x 2 0x00000000
core   0: 0x8000e06c (0x3c5ee513) ori     a0, t4, 965
core   0: 3 0x8000e06c (0x3c5ee513) x10 0x000003c5
core   0: 0x8000e070 (0x405b0d33) sub     s10, s6, t0
core   0: 3 0x8000e070 (0x405b0d33) x26 0xffffffff
core   0: 0x8000e074 (0x53c77337) lui     t1, 0x53c77
core   0: 3 0x8000e074 (0x53c77337) x 6 0x53c77000
core   0: 0x8000e078 (0x03c91a63) bne     s2, t3, pc + 52
core   0: 3 0x8000e078 (0x03c91a63)
core   0: 0x8000e0ac (0x00bc8cb3) add     s9, s9, a1
core   0: 3 0x8000e0ac (0x00bc8cb3) x25 0x4e35c45a
core   0: 0x8000e0b0 (0x0011cf33) xor     t5, gp, ra
core   0: 3 0x8000e0b0 (0x0011cf33) x30 0x00000013
core   0: 0x8000e0b4 (0x015e6263) bltu    t3, s5, pc + 4
core   0: 3 0x8000e0b4 (0x015e6263)
core   0: 0x8000e0b8 (0x04945663) bge     s0, s1, pc + 76
core   0: 3 0x8000e0b8 (0x04945663)
core   0: 0x8000e104 (0x00000013) nop
core   0: 3 0x8000e104 (0x00000013)
core   0: 0x8000e108 (0x05e5f663) bgeu    a1, t5, pc + 76
core   0: 3 0x8000e108 (0x05e5f663)
core   0: 0x8000e154 (0x0112e033) or      zero, t0, a7
core   0: 3 0x8000e154 (0x0112e033)
core   0: 0x8000e158 (0x0000100f) fence.i
core   0: 3 0x8000e158 (0x0000100f)
core   0: 0x8000e15c (0x685f7293) andi    t0, t5, 1669
core   0: 3 0x8000e15c (0x685f7293) x 5 0x00000001
core   0: 0x8000e160 (0xb04f6c13) ori     s8, t5, -1276
core   0: 3 0x8000e160 (0xb04f6c13) x24 0xfffffb17
core   0: 0x8000e164 (0x014d0633) add     a2, s10, s4
core   0: 3 0x8000e164 (0x014d0633) x12 0xffffffff
core   0: 0x8000e168 (0x0b824993) xori    s3, tp, 184
core   0: 3 0x8000e168 (0x0b824993) x19 0xfd5800b8
core   0: 0x8000e16c (0x0333dc63) bge     t2, s3, pc + 56
core   0: 3 0x8000e16c (0x0333dc63)
core   0: 0x8000e170 (0x00afa3b3) slt     t2, t6, a0
core   0: 3 0x8000e170 (0x00afa3b3) x 7 0x00000001
core   0: 0x8000e174 (0x029cde63) bge     s9, s1, pc + 60
core   0: 3 0x8000e174 (0x029cde63)
core   0: 0x8000e1b0 (0x0688bf13) sltiu   t5, a7, 104
core   0: 3 0x8000e1b0 (0x0688bf13) x30 0x00000000
core   0: 0x8000e1b4 (0x03270e63) beq     a4, s2, pc + 60
core   0: 3 0x8000e1b4 (0x03270e63)
core   0: 0x8000e1b8 (0x40110cb3) sub     s9, sp, ra
core   0: 3 0x8000e1b8 (0x40110cb3) x25 0xffffffed
core   0: 0x8000e1bc (0x01039813) slli    a6, t2, 16
core   0: 3 0x8000e1bc (0x01039813) x16 0x00010000
core   0: 0x8000e1c0 (0x0ff0000f) fence   iorw,iorw
core   0: 3 0x8000e1c0 (0x0ff0000f)
core   0: 0x8000e1c4 (0xa33ec693) xori    a3, t4, -1485
core   0: 3 0x8000e1c4 (0xa33ec693) x13 0xfffffa33
core   0: 0x8000e1c8 (0x00c99213) slli    tp, s3, 12
core   0: 3 0x8000e1c8 (0x00c99213) x 4 0x800b8000
core   0: 0x8000e1cc (0x0000100f) fence.i
core   0: 3 0x8000e1cc (0x0000100f)
core   0: 0x8000e1d0 (0x019c5db3) srl     s11, s8, s9
core   0: 3 0x8000e1d0 (0x019c5db3) x27 0x0007ffff
core   0: 0x8000e1d4 (0x0181c2b3) xor     t0, gp, s8
core   0: 3 0x8000e1d4 (0x0181c2b3) x 5 0xfffffb17
core   0: 0x8000e1d8 (0x0a5f4713) xori    a4, t5, 165
core   0: 3 0x8000e1d8 (0x0a5f4713) x14 0x000000a5
core   0: 0x8000e1dc (0x015185b3) add     a1, gp, s5
core   0: 3 0x8000e1dc (0x015185b3) x11 0xfdb012bb
core   0: 0x8000e1e0 (0x00289d93) slli    s11, a7, 2
core   0: 3 0x8000e1e0 (0x00289d93) x27 0xfffffeac
core   0: 0x8000e1e4 (0x00000013) nop
core   0: 3 0x8000e1e4 (0x00000013)
core   0: 0x8000e1e8 (0x213ef813) andi    a6, t4, 531
core   0: 3 0x8000e1e8 (0x213ef813) x16 0x00000000
core   0: 0x8000e1ec (0x00ddb0b3) sltu    ra, s11, a3
core   0: 3 0x8000e1ec (0x00ddb0b3) x 1 0x00000000
core   0: 0x8000e1f0 (0x00688263) beq     a7, t1, pc + 4
core   0: 3 0x8000e1f0 (0x00688263)
core   0: 0x8000e1f4 (0x000a4833) xor     a6, s4, zero
core   0: 3 0x8000e1f4 (0x000a4833) x16 0x00000000
core   0: 0x8000e1f8 (0x006bf263) bgeu    s7, t1, pc + 4
core   0: 3 0x8000e1f8 (0x006bf263)
core   0: 0x8000e1fc (0x0032fdb3) and     s11, t0, gp
core   0: 3 0x8000e1fc (0x0032fdb3) x27 0x00000000
core   0: 0x8000e200 (0x00ddd663) bge     s11, a3, pc + 12
core   0: 3 0x8000e200 (0x00ddd663)
core   0: 0x8000e20c (0x0078f463) bgeu    a7, t2, pc + 8
core   0: 3 0x8000e20c (0x0078f463)
core   0: 0x8000e214 (0x04876663) bltu    a4, s0, pc + 76
core   0: 3 0x8000e214 (0x04876663)
core   0: 0x8000e260 (0x0154d733) srl     a4, s1, s5
core   0: 3 0x8000e260 (0x0154d733) x14 0x00000010
core   0: 0x8000e264 (0x99f12e13) slti    t3, sp, -1633
core   0: 3 0x8000e264 (0x99f12e13) x28 0x00000000
core   0: 0x8000e268 (0x01121db3) sll     s11, tp, a7
core   0: 3 0x8000e268 (0x01121db3) x27 0x5c000000
core   0: 0x8000e26c (0x01704e33) xor     t3, zero, s7
core   0: 3 0x8000e26c (0x01704e33) x28 0x80027e48
core   0: 0x8000e270 (0x78583c13) sltiu   s8, a6, 1925
core   0: 3 0x8000e270 (0x78583c13) x24 0x00000001
core   0: 0x8000e274 (0x65090d17) auipc   s10, 0x65090
core   0: 3 0x8000e274 (0x65090d17) x26 0xe509e274
core   0: 0x8000e278 (0x0023f3b3) and     t2, t2, sp
core   0: 3 0x8000e278 (0x0023f3b3) x 7 0x00000000
core   0: 0x8000e27c (0x00ffa833) slt     a6, t6, a5
core   0: 3 0x8000e27c (0x00ffa833) x16 0x00000001
core   0: 0x8000e280 (0x41e70033) sub     zero, a4, t5
core   0: 3 0x8000e280 (0x41e70033)
core   0: 0x8000e284 (0x414a8c33) sub     s8, s5, s4
core   0: 3 0x8000e284 (0x414a8c33) x24 0xfdb012bb
core   0: 0x8000e288 (0x03d80063) beq     a6, t4, pc + 32
core   0: 3 0x8000e288 (0x03d80063)
core   0: 0x8000e28c (0x03e09263) bne     ra, t5, pc + 36
core   0: 3 0x8000e28c (0x03e09263)
core   0: 0x8000e290 (0x415583b3) sub     t2, a1, s5
core   0: 3 0x8000e290 (0x415583b3) x 7 0x00000000
core   0: 0x8000e294 (0x00cc89b3) add     s3, s9, a2
core   0: 3 0x8000e294 (0x00cc89b3) x19 0xffffffec
core   0: 0x8000e298 (0x41f2da13) srai    s4, t0, 31
core   0: 3 0x8000e298 (0x41f2da13) x20 0xffffffff
core   0: 0x8000e29c (0xf23e8293) addi    t0, t4, -221
core   0: 3 0x8000e29c (0xf23e8293) x 5 0xffffff23
core   0: 0x8000e2a0 (0x01cd0863) beq     s10, t3, pc + 16
core   0: 3 0x8000e2a0 (0x01cd0863)
core   0: 0x8000e2a4 (0xf2558693) addi    a3, a1, -219
core   0: 3 0x8000e2a4 (0xf2558693) x13 0xfdb011e0
core   0: 0x8000e2a8 (0x0ff0000f) fence   iorw,iorw
core   0: 3 0x8000e2a8 (0x0ff0000f)
core   0: 0x8000e2ac (0x9f417a17) auipc   s4, 0x9f417
core   0: 3 0x8000e2ac (0x9f417a17) x20 0x1f4252ac
core   0: 0x8000e2b0 (0xf5486a13) ori     s4, a6, -172
core   0: 3 0x8000e2b0 (0xf5486a13) x20 0xffffff55
core   0: 0x8000e2b4 (0x05168863) beq     a3, a7, pc + 80
core   0: 3 0x8000e2b4 (0x05168863)
core   0: 0x8000e2b8 (0x40c98733) sub     a4, s3, a2
core   0: 3 0x8000e2b8 (0x40c98733) x14 0xffffffed
core   0: 0x8000e2bc (0x191d3937) lui     s2, 0x191d3
core   0: 3 0x8000e2bc (0x191d3937) x18 0x191d3000
core   0: 0x8000e2c0 (0x40700b33) sub     s6, zero, t2
core   0: 3 0x8000e2c0 (0x40700b33) x22 0x00000000
core   0: 0x8000e2c4 (0x00371993) slli    s3, a4, 3
core   0: 3 0x8000e2c4 (0x00371993) x19 0xffffff68
core   0: 0x8000e2c8 (0x41535993) srai    s3, t1, 21
core   0: 3 0x8000e2c8 (0x41535993) x19 0x0000029e
core   0: 0x8000e2cc (0x0000100f) fence.i
core   0: 3 0x8000e2cc (0x0000100f)
core   0: 0x8000e2d0 (0x010bd463) bge     s7, a6, pc + 8
core   0: 3 0x8000e2d0 (0x010bd463)
core   0: 0x8000e2d4 (0x0000100f) fence.i
core   0: 3 0x8000e2d4 (0x0000100f)
core   0: 0x8000e2d8 (0x40888cb3) sub     s9, a7, s0
core   0: 3 0x8000e2d8 (0x40888cb3) x25 0xff7ffcef
core   0: 0x8000e2dc (0x8a09fe37) lui     t3, 0x8a09f
core   0: 3 0x8000e2dc (0x8a09fe37) x28 0x8a09f000
core   0: 0x8000e2e0 (0x017c88b3) add     a7, s9, s7
core   0: 3 0x8000e2e0 (0x017c88b3) x17 0x7f827b37
core   0: 0x8000e2e4 (0x0192b7b3) sltu    a5, t0, s9
core   0: 3 0x8000e2e4 (0x0192b7b3) x15 0x00000000
core   0: 0x8000e2e8 (0x007177b3) and     a5, sp, t2
core   0: 3 0x8000e2e8 (0x007177b3) x15 0x00000000
core   0: 0x8000e2ec (0x00ab5093) srli    ra, s6, 10
core   0: 3 0x8000e2ec (0x00ab5093) x 1 0x00000000
core   0: 0x8000e2f0 (0xc8666813) ori     a6, a2, -890
core   0: 3 0x8000e2f0 (0xc8666813) x16 0xffffffff
core   0: 0x8000e2f4 (0x402d0fb3) sub     t6, s10, sp
core   0: 3 0x8000e2f4 (0x402d0fb3) x31 0xe509e274
core   0: 0x8000e2f8 (0x00f73fb3) sltu    t6, a4, a5
core   0: 3 0x8000e2f8 (0x00f73fb3) x31 0x00000000
core   0: 0x8000e2fc (0x01d7b0b3) sltu    ra, a5, t4
core   0: 3 0x8000e2fc (0x01d7b0b3) x 1 0x00000000
core   0: 0x8000e300 (0x00271193) slli    gp, a4, 2
core   0: 3 0x8000e300 (0x00271193) x 3 0xffffffb4
core   0: 0x8000e304 (0x0000100f) fence.i
core   0: 3 0x8000e304 (0x0000100f)
core   0: 0x8000e308 (0x00ef0c63) beq     t5, a4, pc + 24
core   0: 3 0x8000e308 (0x00ef0c63)
core   0: 0x8000e30c (0x4cd88a13) addi    s4, a7, 1229
core   0: 3 0x8000e30c (0x4cd88a13) x20 0x7f828004
core   0: 0x8000e310 (0x006705b3) add     a1, a4, t1
core   0: 3 0x8000e310 (0x006705b3) x11 0x53c76fed
core   0: 0x8000e314 (0x88392613) slti    a2, s2, -1917
core   0: 3 0x8000e314 (0x88392613) x12 0x00000000
core   0: 0x8000e318 (0x69dba413) slti    s0, s7, 1693
core   0: 3 0x8000e318 (0x69dba413) x 8 0x00000001
core   0: 0x8000e31c (0x01f6e463) bltu    a3, t6, pc + 8
core   0: 3 0x8000e31c (0x01f6e463)
core   0: 0x8000e320 (0x004a6cb3) or      s9, s4, tp
core   0: 3 0x8000e320 (0x004a6cb3) x25 0xff8b8004
core   0: 0x8000e324 (0x05879863) bne     a5, s8, pc + 80
core   0: 3 0x8000e324 (0x05879863)
core   0: 0x8000e374 (0x01ad9c63) bne     s11, s10, pc + 24
core   0: 3 0x8000e374 (0x01ad9c63)
core   0: 0x8000e38c (0x41be5613) srai    a2, t3, 27
core   0: 3 0x8000e38c (0x41be5613) x12 0xfffffff1
core   0: 0x8000e390 (0x95cbc793) xori    a5, s7, -1700
core   0: 3 0x8000e390 (0x95cbc793) x15 0x7ffd8714
core   0: 0x8000e394 (0xf3487d93) andi    s11, a6, -204
core   0: 3 0x8000e394 (0xf3487d93) x27 0xffffff34
core   0: 0x8000e398 (0x004e2b33) slt     s6, t3, tp
core   0: 3 0x8000e398 (0x004e2b33) x22 0x00000000
core   0: 0x8000e39c (0x00394463) blt     s2, gp, pc + 8
core   0: 3 0x8000e39c (0x00394463)
core   0: 0x8000e3a0 (0xf3b56013) ori     zero, a0, -197
core   0: 3 0x8000e3a0 (0xf3b56013)
core   0: 0x8000e3a4 (0x1b6ec113) xori    sp, t4, 438
core   0: 3 0x8000e3a4 (0x1b6ec113) x 2 0x000001b6
core   0: 0x8000e3a8 (0x032f4e63) blt     t5, s2, pc + 60
core   0: 3 0x8000e3a8 (0x032f4e63)
core   0: 0x8000e3e4 (0x01ff3a13) sltiu   s4, t5, 31
core   0: 3 0x8000e3e4 (0x01ff3a13) x20 0x00000001
core   0: 0x8000e3e8 (0x0157b1b3) sltu    gp, a5, s5
core   0: 3 0x8000e3e8 (0x0157b1b3) x 3 0x00000001
core   0: 0x8000e3ec (0x015e1033) sll     zero, t3, s5
core   0: 3 0x8000e3ec (0x015e1033)
core   0: 0x8000e3f0 (0x0000f2b3) and     t0, ra, zero
core   0: 3 0x8000e3f0 (0x0000f2b3) x 5 0x00000000
core   0: 0x8000e3f4 (0x016db1b3) sltu    gp, s11, s6
core   0: 3 0x8000e3f4 (0x016db1b3) x 3 0x00000000
core   0: 0x8000e3f8 (0x01037663) bgeu    t1, a6, pc + 12
core   0: 3 0x8000e3f8 (0x01037663)
core   0: 0x8000e3fc (0x019153b3) srl     t2, sp, s9
core   0: 3 0x8000e3fc (0x019153b3) x 7 0x0000001b
core   0: 0x8000e400 (0xa0092613) slti    a2, s2, -1536
core   0: 3 0x8000e400 (0xa0092613) x12 0x00000000
core   0: 0x8000e404 (0x01609513) slli    a0, ra, 22
core   0: 3 0x8000e404 (0x01609513) x10 0x00000000
core   0: 0x8000e408 (0x00bb2e33) slt     t3, s6, a1
core   0: 3 0x8000e408 (0x00bb2e33) x28 0x00000001
core   0: 0x8000e40c (0x031dcc63) blt     s11, a7, pc + 56
core   0: 3 0x8000e40c (0x031dcc63)
core   0: 0x8000e444 (0x013af033) and     zero, s5, s3
core   0: 3 0x8000e444 (0x013af033)
core   0: 0x8000e448 (0x0ff0000f) fence   iorw,iorw
core   0: 3 0x8000e448 (0x0ff0000f)
core   0: 0x8000e44c (0x992ee613) ori     a2, t4, -1646
core   0: 3 0x8000e44c (0x992ee613) x12 0xfffff992
core   0: 0x8000e450 (0x004ad933) srl     s2, s5, tp
core   0: 3 0x8000e450 (0x004ad933) x18 0xfdb012bb
core   0: 0x8000e454 (0x022a7063) bgeu    s4, sp, pc + 32
core   0: 3 0x8000e454 (0x022a7063)
core   0: 0x8000e458 (0x05f2f863) bgeu    t0, t6, pc + 80
core   0: 3 0x8000e458 (0x05f2f863)
core   0: 0x8000e4a8 (0x4052d513) srai    a0, t0, 5
core   0: 3 0x8000e4a8 (0x4052d513) x10 0x00000000
core   0: 0x8000e4ac (0x01f68463) beq     a3, t6, pc + 8
core   0: 3 0x8000e4ac (0x01f68463)
core   0: 0x8000e4b0 (0xf7b8c2b7) lui     t0, 0xf7b8c
core   0: 3 0x8000e4b0 (0xf7b8c2b7) x 5 0xf7b8c000
core   0: 0x8000e4b4 (0x415edf33) sra     t5, t4, s5
core   0: 3 0x8000e4b4 (0x415edf33) x30 0x00000000
core   0: 0x8000e4b8 (0x00961633) sll     a2, a2, s1
core   0: 3 0x8000e4b8 (0x00961633) x12 0xffff9920
core   0: 0x8000e4bc (0x00499f13) slli    t5, s3, 4
core   0: 3 0x8000e4bc (0x00499f13) x30 0x000029e0
core   0: 0x8000e4c0 (0x0164dc63) bge     s1, s6, pc + 24
core   0: 3 0x8000e4c0 (0x0164dc63)
core   0: 0x8000e4c4 (0x41c25293) srai    t0, tp, 28
core   0: 3 0x8000e4c4 (0x41c25293) x 5 0xfffffff8
core   0: 0x8000e4c8 (0x00761263) bne     a2, t2, pc + 4
core   0: 3 0x8000e4c8 (0x00761263)
core   0: 0x8000e4cc (0x01a8d263) bge     a7, s10, pc + 4
core   0: 3 0x8000e4cc (0x01a8d263)
core   0: 0x8000e4d0 (0x02686463) bltu    a6, t1, pc + 40
core   0: 3 0x8000e4d0 (0x02686463)
core   0: 0x8000e4d4 (0x523eb537) lui     a0, 0x523eb
core   0: 3 0x8000e4d4 (0x523eb537) x10 0x523eb000
core   0: 0x8000e4d8 (0x016f61b3) or      gp, t5, s6
core   0: 3 0x8000e4d8 (0x016f61b3) x 3 0x000029e0
core   0: 0x8000e4dc (0x0053f433) and     s0, t2, t0
core   0: 3 0x8000e4dc (0x0053f433) x 8 0x00000018
core   0: 0x8000e4e0 (0x0e0adc63) bgez    s5, pc + 248
core   0: 3 0x8000e4e0 (0x0e0adc63)
core   0: 0x8000e4e4 (0x01c11413) slli    s0, sp, 28
core   0: 3 0x8000e4e4 (0x01c11413) x 8 0x60000000
core   0: 0x8000e4e8 (0x00dbdeb3) srl     t4, s7, a3
core   0: 3 0x8000e4e8 (0x00dbdeb3) x29 0x80027e48
core   0: 0x8000e4ec (0x00cb6463) bltu    s6, a2, pc + 8
core   0: 3 0x8000e4ec (0x00cb6463)
core   0: 0x8000e4f4 (0x00000013) nop
core   0: 3 0x8000e4f4 (0x00000013)
core   0: 0x8000e4f8 (0x01438463) beq     t2, s4, pc + 8
core   0: 3 0x8000e4f8 (0x01438463)
core   0: 0x8000e4fc (0x01438a33) add     s4, t2, s4
core   0: 3 0x8000e4fc (0x01438a33) x20 0x0000001c
core   0: 0x8000e500 (0x00395663) bge     s2, gp, pc + 12
core   0: 3 0x8000e500 (0x00395663)
core   0: 0x8000e504 (0x00121513) slli    a0, tp, 1
core   0: 3 0x8000e504 (0x00121513) x10 0x00170000
core   0: 0x8000e508 (0x407b8e33) sub     t3, s7, t2
core   0: 3 0x8000e508 (0x407b8e33) x28 0x80027e2d
core   0: 0x8000e50c (0x0cbfc663) blt     t6, a1, pc + 204
core   0: 3 0x8000e50c (0x0cbfc663)
core   0: 0x8000e5d8 (0x00ee5893) srli    a7, t3, 14
core   0: 3 0x8000e5d8 (0x00ee5893) x17 0x00020009
core   0: 0x8000e5dc (0x01c98133) add     sp, s3, t3
core   0: 3 0x8000e5dc (0x01c98133) x 2 0x800280cb
core   0: 0x8000e5e0 (0x71c6a393) slti    t2, a3, 1820
core   0: 3 0x8000e5e0 (0x71c6a393) x 7 0x00000001
core   0: 0x8000e5e4 (0x962acb17) auipc   s6, 0x962ac
core   0: 3 0x8000e5e4 (0x962acb17) x22 0x162ba5e4
core   0: 0x8000e5e8 (0x00325933) srl     s2, tp, gp
core   0: 3 0x8000e5e8 (0x00325933) x18 0x800b8000
core   0: 0x8000e5ec (0x01b5f233) and     tp, a1, s11
core   0: 3 0x8000e5ec (0x01b5f233) x 4 0x53c76f24
core   0: 0x8000e5f0 (0x0008d093) srli    ra, a7, 0
core   0: 3 0x8000e5f0 (0x0008d093) x 1 0x00020009
core   0: 0x8000e5f4 (0x32198693) addi    a3, s3, 801
core   0: 3 0x8000e5f4 (0x32198693) x13 0x000005bf
core   0: 0x8000e5f8 (0xf04a4d13) xori    s10, s4, -252
core   0: 3 0x8000e5f8 (0xf04a4d13) x26 0xffffff18
core   0: 0x8000e5fc (0x9c6f7037) lui     zero, 0x9c6f7
core   0: 3 0x8000e5fc (0x9c6f7037)
core   0: 0x8000e600 (0x01ca1233) sll     tp, s4, t3
core   0: 3 0x8000e600 (0x01ca1233) x 4 0x00038000
core   0: 0x8000e604 (0x01818433) add     s0, gp, s8
core   0: 3 0x8000e604 (0x01818433) x 8 0xfdb03c9b
core   0: 0x8000e608 (0xf74a0f93) addi    t6, s4, -140
core   0: 3 0x8000e608 (0xf74a0f93) x31 0xffffff90
core   0: 0x8000e60c (0xf2eb4e17) auipc   t3, 0xf2eb4
core   0: 3 0x8000e60c (0xf2eb4e17) x28 0x72ec260c
core   0: 0x8000e610 (0x011223b3) slt     t2, tp, a7
core   0: 3 0x8000e610 (0x011223b3) x 7 0x00000000
core   0: 0x8000e614 (0x0ff0000f) fence   iorw,iorw
core   0: 3 0x8000e614 (0x0ff0000f)
core   0: 0x8000e618 (0xbbdbe893) ori     a7, s7, -1091
core   0: 3 0x8000e618 (0xbbdbe893) x17 0xfffffffd
core   0: 0x8000e61c (0x01163c33) sltu    s8, a2, a7
core   0: 3 0x8000e61c (0x01163c33) x24 0x00000001
core   0: 0x8000e620 (0x000f8eb3) add     t4, t6, zero
core   0: 3 0x8000e620 (0x000f8eb3) x29 0xffffff90
core   0: 0x8000e624 (0x01c05293) srli    t0, zero, 28
core   0: 3 0x8000e624 (0x01c05293) x 5 0x00000000
core   0: 0x8000e628 (0x020c7a63) bgeu    s8, zero, pc + 52
core   0: 3 0x8000e628 (0x020c7a63)
core   0: 0x8000e65c (0x0cf1a797) auipc   a5, 0xcf1a
core   0: 3 0x8000e65c (0x0cf1a797) x15 0x8cf2865c
core   0: 0x8000e660 (0x051bd663) bge     s7, a7, pc + 76
core   0: 3 0x8000e660 (0x051bd663)
core   0: 0x8000e664 (0x04439863) bne     t2, tp, pc + 80
core   0: 3 0x8000e664 (0x04439863)
core   0: 0x8000e6b4 (0x01ba50b3) srl     ra, s4, s11
core   0: 3 0x8000e6b4 (0x01ba50b3) x 1 0x00000000
core   0: 0x8000e6b8 (0x414107b3) sub     a5, sp, s4
core   0: 3 0x8000e6b8 (0x414107b3) x15 0x800280af
core   0: 0x8000e6bc (0x00000013) nop
core   0: 3 0x8000e6bc (0x00000013)
core   0: 0x8000e6c0 (0x96df0c13) addi    s8, t5, -1683
core   0: 3 0x8000e6c0 (0x96df0c13) x24 0x0000234d
core   0: 0x8000e6c4 (0x01ebecb3) or      s9, s7, t5
core   0: 3 0x8000e6c4 (0x01ebecb3) x25 0x80027fe8
core   0: 0x8000e6c8 (0x0000100f) fence.i
core   0: 3 0x8000e6c8 (0x0000100f)
core   0: 0x8000e6cc (0xb9c013b7) lui     t2, 0xb9c01
core   0: 3 0x8000e6cc (0xb9c013b7) x 7 0xb9c01000
core   0: 0x8000e6d0 (0x01bf0c33) add     s8, t5, s11
core   0: 3 0x8000e6d0 (0x01bf0c33) x24 0x00002914
core   0: 0x8000e6d4 (0x02ef6e63) bltu    t5, a4, pc + 60
core   0: 3 0x8000e6d4 (0x02ef6e63)
core   0: 0x8000e710 (0x016fd013) srli    zero, t6, 22
core   0: 3 0x8000e710 (0x016fd013)
core   0: 0x8000e714 (0xc3248e13) addi    t3, s1, -974
core   0: 3 0x8000e714 (0xc3248e13) x28 0x8002b916
core   0: 0x8000e718 (0x05255263) bge     a0, s2, pc + 68
core   0: 3 0x8000e718 (0x05255263)
core   0: 0x8000e75c (0x005c5c13) srli    s8, s8, 5
core   0: 3 0x8000e75c (0x005c5c13) x24 0x00000148
core   0: 0x8000e760 (0x53bbcc97) auipc   s9, 0x53bbc
core   0: 3 0x8000e760 (0x53bbcc97) x25 0xd3bca760
core   0: 0x8000e764 (0x0ff0000f) fence   iorw,iorw
core   0: 3 0x8000e764 (0x0ff0000f)
core   0: 0x8000e768 (0xb84c3813) sltiu   a6, s8, -1148
core   0: 3 0x8000e768 (0xb84c3813) x16 0x00000001
core   0: 0x8000e76c (0x96496e93) ori     t4, s2, -1692
core   0: 3 0x8000e76c (0x96496e93) x29 0xfffff964
core   0: 0x8000e770 (0x8024e397) auipc   t2, 0x8024e
core   0: 3 0x8000e770 (0x8024e397) x 7 0x0025c770
core   0: 0x8000e774 (0xa771df97) auipc   t6, 0xa771d
core   0: 3 0x8000e774 (0xa771df97) x31 0x2772b774
core   0: 0x8000e778 (0xb5a24d13) xori    s10, tp, -1190
core   0: 3 0x8000e778 (0xb5a24d13) x26 0xfffc7b5a
core   0: 0x8000e77c (0x04d0e863) bltu    ra, a3, pc + 80
core   0: 3 0x8000e77c (0x04d0e863)
core   0: 0x8000e7cc (0x12a84e93) xori    t4, a6, 298
core   0: 3 0x8000e7cc (0x12a84e93) x29 0x0000012b
core   0: 0x8000e7d0 (0x38744393) xori    t2, s0, 903
core   0: 3 0x8000e7d0 (0x38744393) x 7 0xfdb03f1c
core   0: 0x8000e7d4 (0x41d58633) sub     a2, a1, t4
core   0: 3 0x8000e7d4 (0x41d58633) x12 0x53c76ec2
core   0: 0x8000e7d8 (0x03401c63) bne     zero, s4, pc + 56
core   0: 3 0x8000e7d8 (0x03401c63)
core   0: 0x8000e810 (0x412c56b3) sra     a3, s8, s2
core   0: 3 0x8000e810 (0x412c56b3) x13 0x00000148
core   0: 0x8000e814 (0x05cbc663) blt     s7, t3, pc + 76
core   0: 3 0x8000e814 (0x05cbc663)
core   0: 0x8000e860 (0x04246863) bltu    s0, sp, pc + 80
core   0: 3 0x8000e860 (0x04246863)
core   0: 0x8000e864 (0x0074d2b3) srl     t0, s1, t2
core   0: 3 0x8000e864 (0x0074d2b3) x 5 0x00000008
core   0: 0x8000e868 (0x41ea0033) sub     zero, s4, t5
core   0: 3 0x8000e868 (0x41ea0033)
core   0: 0x8000e86c (0xe7716593) ori     a1, sp, -393
core   0: 3 0x8000e86c (0xe7716593) x11 0xfffffeff
core   0: 0x8000e870 (0x00ac6663) bltu    s8, a0, pc + 12
core   0: 3 0x8000e870 (0x00ac6663)
core   0: 0x8000e87c (0x41da58b3) sra     a7, s4, t4
core   0: 3 0x8000e87c (0x41da58b3) x17 0x00000000
core   0: 0x8000e880 (0x417b0b33) sub     s6, s6, s7
core   0: 3 0x8000e880 (0x417b0b33) x22 0x9629279c
core   0: 0x8000e884 (0x28e66713) ori     a4, a2, 654
core   0: 3 0x8000e884 (0x28e66713) x14 0x53c76ece
core   0: 0x8000e888 (0x665d0b13) addi    s6, s10, 1637
core   0: 3 0x8000e888 (0x665d0b13) x22 0xfffc81bf
core   0: 0x8000e88c (0xc931a937) lui     s2, 0xc931a
core   0: 3 0x8000e88c (0xc931a937) x18 0xc931a000
core   0: 0x8000e890 (0x04011863) bnez    sp, pc + 80
core   0: 3 0x8000e890 (0x04011863)
core   0: 0x8000e8e0 (0x02f11063) bne     sp, a5, pc + 32
core   0: 3 0x8000e8e0 (0x02f11063)
core   0: 0x8000e900 (0x019b8e33) add     t3, s7, s9
core   0: 3 0x8000e900 (0x019b8e33) x28 0x53bf25a8
core   0: 0x8000e904 (0x05410663) beq     sp, s4, pc + 76
core   0: 3 0x8000e904 (0x05410663)
core   0: 0x8000e908 (0x073e6593) ori     a1, t3, 115
core   0: 3 0x8000e908 (0x073e6593) x11 0x53bf25fb
core   0: 0x8000e90c (0x015f10b3) sll     ra, t5, s5
core   0: 3 0x8000e90c (0x015f10b3) x 1 0x00000000
core   0: 0x8000e910 (0x00b8e0b3) or      ra, a7, a1
core   0: 3 0x8000e910 (0x00b8e0b3) x 1 0x53bf25fb
core   0: 0x8000e914 (0x4037d9b3) sra     s3, a5, gp
core   0: 3 0x8000e914 (0x4037d9b3) x19 0x800280af
core   0: 0x8000e918 (0xf42af393) andi    t2, s5, -190
core   0: 3 0x8000e918 (0xf42af393) x 7 0xfdb01202
core   0: 0x8000e91c (0x0054bf33) sltu    t5, s1, t0
core   0: 3 0x8000e91c (0x0054bf33) x30 0x00000000
core   0: 0x8000e920 (0x0000e433) or      s0, ra, zero
core   0: 3 0x8000e920 (0x0000e433) x 8 0x53bf25fb
core   0: 0x8000e924 (0x01527663) bgeu    tp, s5, pc + 12
core   0: 3 0x8000e924 (0x01527663)
core   0: 0x8000e928 (0x006e5863) bge     t3, t1, pc + 16
core   0: 3 0x8000e928 (0x006e5863)
core   0: 0x8000e92c (0x461f3113) sltiu   sp, t5, 1121
core   0: 3 0x8000e92c (0x461f3113) x 2 0x00000001
core   0: 0x8000e930 (0x00465433) srl     s0, a2, tp
core   0: 3 0x8000e930 (0x00465433) x 8 0x53c76ec2
core   0: 0x8000e934 (0x008ef2b3) and     t0, t4, s0
core   0: 3 0x8000e934 (0x008ef2b3) x 5 0x00000002
core   0: 0x8000e938 (0x2bc67b13) andi    s6, a2, 700
core   0: 3 0x8000e938 (0x2bc67b13) x22 0x00000280
core   0: 0x8000e93c (0x01119633) sll     a2, gp, a7
core   0: 3 0x8000e93c (0x01119633) x12 0x000029e0
core   0: 0x8000e940 (0x0164ec63) bltu    s1, s6, pc + 24
core   0: 3 0x8000e940 (0x0164ec63)
core   0: 0x8000e944 (0x01e84fb3) xor     t6, a6, t5
core   0: 3 0x8000e944 (0x01e84fb3) x31 0x00000001
core   0: 0x8000e948 (0x002a46b3) xor     a3, s4, sp
core   0: 3 0x8000e948 (0x002a46b3) x13 0x0000001d
core   0: 0x8000e94c (0x00c192b3) sll     t0, gp, a2
core   0: 3 0x8000e94c (0x00c192b3) x 5 0x000029e0
core   0: 0x8000e950 (0x01cdf5b3) and     a1, s11, t3
core   0: 3 0x8000e950 (0x01cdf5b3) x11 0x53bf2520
core   0: 0x8000e954 (0x00214f33) xor     t5, sp, sp
core   0: 3 0x8000e954 (0x00214f33) x30 0x00000000
core   0: 0x8000e958 (0x43830713) addi    a4, t1, 1080
core   0: 3 0x8000e958 (0x43830713) x14 0x53c77438
core   0: 0x8000e95c (0x01226833) or      a6, tp, s2
core   0: 3 0x8000e95c (0x01226833) x16 0xc933a000
core   0: 0x8000e960 (0xcb423393) sltiu   t2, tp, -844
core   0: 3 0x8000e960 (0xcb423393) x 7 0x00000001
core   0: 0x8000e964 (0x00000013) nop
core   0: 3 0x8000e964 (0x00000013)
core   0: 0x8000e968 (0x7eb10093) addi    ra, sp, 2027
core   0: 3 0x8000e968 (0x7eb10093) x 1 0x000007ec
core   0: 0x8000e96c (0x00a94233) xor     tp, s2, a0
core   0: 3 0x8000e96c (0x00a94233) x 4 0xc926a000
core   0: 0x8000e970 (0x400057b3) sra     a5, zero, zero
core   0: 3 0x8000e970 (0x400057b3) x15 0x00000000
core   0: 0x8000e974 (0x00bb12b3) sll     t0, s6, a1
core   0: 3 0x8000e974 (0x00bb12b3) x 5 0x00000280
core   0: 0x8000e978 (0x001bc463) blt     s7, ra, pc + 8
core   0: 3 0x8000e978 (0x001bc463)
core   0: 0x8000e980 (0x0000100f) fence.i
core   0: 3 0x8000e980 (0x0000100f)
core   0: 0x8000e984 (0xc191f193) andi    gp, gp, -999
core   0: 3 0x8000e984 (0xc191f193) x 3 0x00002800
core   0: 0x8000e988 (0x04fde813) ori     a6, s11, 79
core   0: 3 0x8000e988 (0x04fde813) x16 0xffffff7f
core   0: 0x8000e98c (0x13856a13) ori     s4, a0, 312
core   0: 3 0x8000e98c (0x13856a13) x20 0x00170138
core   0: 0x8000e990 (0x04458863) beq     a1, tp, pc + 80
core   0: 3 0x8000e990 (0x04458863)
core   0: 0x8000e994 (0xb716c693) xori    a3, a3, -1167
core   0: 3 0x8000e994 (0xb716c693) x13 0xfffffb6c
core   0: 0x8000e998 (0x014b5013) srli    zero, s6, 20
core   0: 3 0x8000e998 (0x014b5013)
core   0: 0x8000e99c (0x0177edb3) or      s11, a5, s7
core   0: 3 0x8000e99c (0x0177edb3) x27 0x80027e48
core   0: 0x8000e9a0 (0x00000013) nop
core   0: 3 0x8000e9a0 (0x00000013)
core   0: 0x8000e9a4 (0x00715933) srl     s2, sp, t2
core   0: 3 0x8000e9a4 (0x00715933) x18 0x00000000
core   0: 0x8000e9a8 (0x03427c63) bgeu    tp, s4, pc + 56
core   0: 3 0x8000e9a8 (0x03427c63)
core   0: 0x8000e9e0 (0x4a72f813) andi    a6, t0, 1191
core   0: 3 0x8000e9e0 (0x4a72f813) x16 0x00000080
core   0: 0x8000e9e4 (0x412adf13) srai    t5, s5, 18
core   0: 3 0x8000e9e4 (0x412adf13) x30 0xffffff6c
core   0: 0x8000e9e8 (0x00f16663) bltu    sp, a5, pc + 12
core   0: 3 0x8000e9e8 (0x00f16663)
core   0: 0x8000e9ec (0x00218213) addi    tp, gp, 2
core   0: 3 0x8000e9ec (0x00218213) x 4 0x00002802
core   0: 0x8000e9f0 (0x0000100f) fence.i
core   0: 3 0x8000e9f0 (0x0000100f)
core   0: 0x8000e9f4 (0x01fd1b33) sll     s6, s10, t6
core   0: 3 0x8000e9f4 (0x01fd1b33) x22 0xfff8f6b4
core   0: 0x8000e9f8 (0x00003797) auipc   a5, 0x3
core   0: 3 0x8000e9f8 (0x00003797) x15 0x800119f8
core   0: 0x8000e9fc (0x7f478793) addi    a5, a5, 2036
core   0: 3 0x8000e9fc (0x7f478793) x15 0x800121ec
core   0: 0x8000ea00 (0x81ccc193) xori    gp, s9, -2020
core   0: 3 0x8000ea00 (0x81ccc193) x 3 0x2c435f7c
core   0: 0x8000ea04 (0x0000100f) fence.i
core   0: 3 0x8000ea04 (0x0000100f)
core   0: 0x8000ea08 (0xfd67dc83) lhu     s9, -42(a5)
core   0: 3 0x8000ea08 (0xfd67dc83) x25 0x00000000 mem 0x800121c2
core   0: 0x8000ea0c (0x22ada193) slti    gp, s11, 554
core   0: 3 0x8000ea0c (0x22ada193) x 3 0x00000001
core   0: 0x8000ea10 (0x0287a423) sw      s0, 40(a5)
core   0: 3 0x8000ea10 (0x0287a423) mem 0x80012214 0x53c76ec2
core   0: 0x8000ea14 (0x00378c23) sb      gp, 24(a5)
core   0: 3 0x8000ea14 (0x00378c23) mem 0x80012204 0x1
core   0: 0x8000ea18 (0x69765637) lui     a2, 0x69765
core   0: 3 0x8000ea18 (0x69765637) x12 0x69765000
core   0: 0x8000ea1c (0x00e7c083) lbu     ra, 14(a5)
core   0: 3 0x8000ea1c (0x00e7c083) x 1 0x00000000 mem 0x800121fa
core   0: 0x8000ea20 (0x0011ccb3) xor     s9, gp, ra
core   0: 3 0x8000ea20 (0x0011ccb3) x25 0x00000001
core   0: 0x8000ea24 (0xfc379223) sh      gp, -60(a5)
core   0: 3 0x8000ea24 (0xfc379223) mem 0x800121b0 0x0001
core   0: 0x8000ea28 (0xfc278183) lb      gp, -62(a5)
core   0: 3 0x8000ea28 (0xfc278183) x 3 0xfffffffb mem 0x800121ae
core   0: 0x8000ea2c (0x01918db3) add     s11, gp, s9
core   0: 3 0x8000ea2c (0x01918db3) x27 0xfffffffc
core   0: 0x8000ea30 (0x59066093) ori     ra, a2, 1424
core   0: 3 0x8000ea30 (0x59066093) x 1 0x69765590
core   0: 0x8000ea34 (0x02d7cd83) lbu     s11, 45(a5)
core   0: 3 0x8000ea34 (0x02d7cd83) x27 0x00000000 mem 0x80012219
core   0: 0x8000ea38 (0xfd07d603) lhu     a2, -48(a5)
core   0: 3 0x8000ea38 (0xfd07d603) x12 0x00000000 mem 0x800121bc
core   0: 0x8000ea3c (0x01941633) sll     a2, s0, s9
core   0: 3 0x8000ea3c (0x01941633) x12 0xa78edd84
core   0: 0x8000ea40 (0xea166613) ori     a2, a2, -351
core   0: 3 0x8000ea40 (0xea166613) x12 0xffffffa5
core   0: 0x8000ea44 (0x03b78603) lb      a2, 59(a5)
core   0: 3 0x8000ea44 (0x03b78603) x12 0x00000000 mem 0x80012227
core   0: 0x8000ea48 (0x02e78c83) lb      s9, 46(a5)
core   0: 3 0x8000ea48 (0x02e78c83) x25 0x00000000 mem 0x8001221a
core   0: 0x8000ea4c (0x0081d1b3) srl     gp, gp, s0
core   0: 3 0x8000ea4c (0x0081d1b3) x 3 0x3ffffffe
core   0: 0x8000ea50 (0x00878b23) sb      s0, 22(a5)
core   0: 3 0x8000ea50 (0x00878b23) mem 0x80012202 0xc2
core   0: 0x8000ea54 (0x00aac463) blt     s5, a0, pc + 8
core   0: 3 0x8000ea54 (0x00aac463)
core   0: 0x8000ea5c (0x45ab6a37) lui     s4, 0x45ab6
core   0: 3 0x8000ea5c (0x45ab6a37) x20 0x45ab6000
core   0: 0x8000ea60 (0x00125463) bge     tp, ra, pc + 8
core   0: 3 0x8000ea60 (0x00125463)
core   0: 0x8000ea64 (0x00034533) xor     a0, t1, zero
core   0: 3 0x8000ea64 (0x00034533) x10 0x53c77000
core   0: 0x8000ea68 (0x01b729b3) slt     s3, a4, s11
core   0: 3 0x8000ea68 (0x01b729b3) x19 0x00000000
core   0: 0x8000ea6c (0x413e8833) sub     a6, t4, s3
core   0: 3 0x8000ea6c (0x413e8833) x16 0x0000012b
core   0: 0x8000ea70 (0x5a16a293) slti    t0, a3, 1441
core   0: 3 0x8000ea70 (0x5a16a293) x 5 0x00000001
core   0: 0x8000ea74 (0x403b57b3) sra     a5, s6, gp
core   0: 3 0x8000ea74 (0x403b57b3) x15 0xffffffff
core   0: 0x8000ea78 (0x00a82fb3) slt     t6, a6, a0
core   0: 3 0x8000ea78 (0x00a82fb3) x31 0x00000001
core   0: 0x8000ea7c (0x3a172b13) slti    s6, a4, 929
core   0: 3 0x8000ea7c (0x3a172b13) x22 0x00000000
core   0: 0x8000ea80 (0xe6744d13) xori    s10, s0, -409
core   0: 3 0x8000ea80 (0xe6744d13) x26 0xac3890a5
core   0: 0x8000ea84 (0x00487c33) and     s8, a6, tp
core   0: 3 0x8000ea84 (0x00487c33) x24 0x00000002
core   0: 0x8000ea88 (0x017c73b3) and     t2, s8, s7
core   0: 3 0x8000ea88 (0x017c73b3) x 7 0x00000000
core   0: 0x8000ea8c (0x9f133717) auipc   a4, 0x9f133
core   0: 3 0x8000ea8c (0x9f133717) x14 0x1f141a8c
core   0: 0x8000ea90 (0x8d3b3793) sltiu   a5, s6, -1837
core   0: 3 0x8000ea90 (0x8d3b3793) x15 0x00000001
core   0: 0x8000ea94 (0x0173d293) srli    t0, t2, 23
core   0: 3 0x8000ea94 (0x0173d293) x 5 0x00000000
core   0: 0x8000ea98 (0x7a3fc193) xori    gp, t6, 1955
core   0: 3 0x8000ea98 (0x7a3fc193) x 3 0x000007a2
core   0: 0x8000ea9c (0x3c4bdb37) lui     s6, 0x3c4bd
core   0: 3 0x8000ea9c (0x3c4bdb37) x22 0x3c4bd000
core   0: 0x8000eaa0 (0x0046e833) or      a6, a3, tp
core   0: 3 0x8000eaa0 (0x0046e833) x16 0xfffffb6e
core   0: 0x8000eaa4 (0x00ca1263) bne     s4, a2, pc + 4
core   0: 3 0x8000eaa4 (0x00ca1263)
core   0: 0x8000eaa8 (0x41a85c13) srai    s8, a6, 26
core   0: 3 0x8000eaa8 (0x41a85c13) x24 0xffffffff
core   0: 0x8000eaac (0x00d621b3) slt     gp, a2, a3
core   0: 3 0x8000eaac (0x00d621b3) x 3 0x00000000
core   0: 0x8000eab0 (0x00760e33) add     t3, a2, t2
core   0: 3 0x8000eab0 (0x00760e33) x28 0x00000000
core   0: 0x8000eab4 (0x00f4cfb3) xor     t6, s1, a5
core   0: 3 0x8000eab4 (0x00f4cfb3) x31 0x8002bce5
core   0: 0x8000eab8 (0x01511b13) slli    s6, sp, 21
core   0: 3 0x8000eab8 (0x01511b13) x22 0x00200000
core   0: 0x8000eabc (0x00a00893) li      a7, 10
core   0: 3 0x8000eabc (0x00a00893) x17 0x0000000a
core   0: 0x8000eac0 (0x01b5de93) srli    t4, a1, 27
core   0: 3 0x8000eac0 (0x01b5de93) x29 0x0000000a
core   0: 0x8000eac4 (0x403a5093) srai    ra, s4, 3
core   0: 3 0x8000eac4 (0x403a5093) x 1 0x08b56c00
core   0: 0x8000eac8 (0x41ccd133) sra     sp, s9, t3
core   0: 3 0x8000eac8 (0x41ccd133) x 2 0x00000000
core   0: 0x8000eacc (0x028669b7) lui     s3, 0x2866
core   0: 3 0x8000eacc (0x028669b7) x19 0x02866000
core   0: 0x8000ead0 (0x00a00393) li      t2, 10
core   0: 3 0x8000ead0 (0x00a00393) x 7 0x0000000a
core   0: 0x8000ead4 (0x001cefb3) or      t6, s9, ra
core   0: 3 0x8000ead4 (0x001cefb3) x31 0x08b56c00
core   0: 0x8000ead8 (0x69a34e17) auipc   t3, 0x69a34
core   0: 3 0x8000ead8 (0x69a34e17) x28 0xe9a42ad8
core   0: 0x8000eadc (0xff788893) addi    a7, a7, -9
core   0: 3 0x8000eadc (0xff788893) x17 0x00000001
core   0: 0x8000eae0 (0x003fb433) sltu    s0, t6, gp
core   0: 3 0x8000eae0 (0x003fb433) x 8 0x00000000
core   0: 0x8000eae4 (0x003987b3) add     a5, s3, gp
core   0: 3 0x8000eae4 (0x003987b3) x15 0x02866000
core   0: 0x8000eae8 (0xcdd30193) addi    gp, t1, -803
core   0: 3 0x8000eae8 (0xcdd30193) x 3 0x53c76cdd
core   0: 0x8000eaec (0x0ff0000f) fence   iorw,iorw
core   0: 3 0x8000eaec (0x0ff0000f)
core   0: 0x8000eaf0 (0x00399cb3) sll     s9, s3, gp
core   0: 3 0x8000eaf0 (0x00399cb3) x25 0x00000000
core   0: 0x8000eaf4 (0x01237b33) and     s6, t1, s2
core   0: 3 0x8000eaf4 (0x01237b33) x22 0x00000000
core   0: 0x8000eaf8 (0x00565593) srli    a1, a2, 5
core   0: 3 0x8000eaf8 (0x00565593) x11 0x00000000
core   0: 0x8000eafc (0xfc78fee3) bgeu    a7, t2, pc - 36
core   0: 3 0x8000eafc (0xfc78fee3)
core   0: 0x8000eb00 (0xadf12a13) slti    s4, sp, -1313
core   0: 3 0x8000eb00 (0xadf12a13) x20 0x00000000
core   0: 0x8000eb04 (0x0ff0000f) fence   iorw,iorw
core   0: 3 0x8000eb04 (0x0ff0000f)
core   0: 0x8000eb08 (0x00000013) nop
core   0: 3 0x8000eb08 (0x00000013)
core   0: 0x8000eb0c (0x8d924513) xori    a0, tp, -1831
core   0: 3 0x8000eb0c (0x8d924513) x10 0xffffd0db
core   0: 0x8000eb10 (0xf099e413) ori     s0, s3, -247
core   0: 3 0x8000eb10 (0xf099e413) x 8 0xffffff09
core   0: 0x8000eb14 (0xf34d0893) addi    a7, s10, -204
core   0: 3 0x8000eb14 (0xf34d0893) x17 0xac388fd9
core   0: 0x8000eb18 (0x01b2d593) srli    a1, t0, 27
core   0: 3 0x8000eb18 (0x01b2d593) x11 0x00000000
core   0: 0x8000eb1c (0x02a29e63) bne     t0, a0, pc + 60
core   0: 3 0x8000eb1c (0x02a29e63)
core   0: 0x8000eb58 (0x00000013) nop
core   0: 3 0x8000eb58 (0x00000013)
core   0: 0x8000eb5c (0x403d56b3) sra     a3, s10, gp
core   0: 3 0x8000eb5c (0x403d56b3) x13 0xfffffffd
core   0: 0x8000eb60 (0x0020d293) srli    t0, ra, 2
core   0: 3 0x8000eb60 (0x0020d293) x 5 0x022d5b00
core   0: 0x8000eb64 (0x033f7a63) bgeu    t5, s3, pc + 52
core   0: 3 0x8000eb64 (0x033f7a63)
core   0: 0x8000eb98 (0xd0558f93) addi    t6, a1, -763
core   0: 3 0x8000eb98 (0xd0558f93) x31 0xfffffd05
core   0: 0x8000eb9c (0xd5114d13) xori    s10, sp, -687
core   0: 3 0x8000eb9c (0xd5114d13) x26 0xfffffd51
core   0: 0x8000eba0 (0x00f71e33) sll     t3, a4, a5
core   0: 3 0x8000eba0 (0x00f71e33) x28 0x1f141a8c
core   0: 0x8000eba4 (0x5ba00693) li      a3, 1466
core   0: 3 0x8000eba4 (0x5ba00693) x13 0x000005ba
core   0: 0x8000eba8 (0x41cb0733) sub     a4, s6, t3
core   0: 3 0x8000eba8 (0x41cb0733) x14 0xe0ebe574
core   0: 0x8000ebac (0x01061a33) sll     s4, a2, a6
core   0: 3 0x8000ebac (0x01061a33) x20 0x00000000
core   0: 0x8000ebb0 (0x046d9663) bne     s11, t1, pc + 76
core   0: 3 0x8000ebb0 (0x046d9663)
core   0: 0x8000ebfc (0x427ff0b7) lui     ra, 0x427ff
core   0: 3 0x8000ebfc (0x427ff0b7) x 1 0x427ff000
core   0: 0x8000ec00 (0x0ff0000f) fence   iorw,iorw
core   0: 3 0x8000ec00 (0x0ff0000f)
core   0: 0x8000ec04 (0x41f20cb3) sub     s9, tp, t6
core   0: 3 0x8000ec04 (0x41f20cb3) x25 0x00002afd
core   0: 0x8000ec08 (0x038ae263) bltu    s5, s8, pc + 36
core   0: 3 0x8000ec08 (0x038ae263)
core   0: 0x8000ec2c (0x01825b33) srl     s6, tp, s8
core   0: 3 0x8000ec2c (0x01825b33) x22 0x00000000
core   0: 0x8000ec30 (0x013df463) bgeu    s11, s3, pc + 8
core   0: 3 0x8000ec30 (0x013df463)
core   0: 0x8000ec34 (0x00e01433) sll     s0, zero, a4
core   0: 3 0x8000ec34 (0x00e01433) x 8 0x00000000
core   0: 0x8000ec38 (0xdb7e8393) addi    t2, t4, -585
core   0: 3 0x8000ec38 (0xdb7e8393) x 7 0xfffffdc1
core   0: 0x8000ec3c (0x40405093) srai    ra, zero, 4
core   0: 3 0x8000ec3c (0x40405093) x 1 0x00000000
core   0: 0x8000ec40 (0x01f19c63) bne     gp, t6, pc + 24
core   0: 3 0x8000ec40 (0x01f19c63)
core   0: 0x8000ec58 (0x012355b3) srl     a1, t1, s2
core   0: 3 0x8000ec58 (0x012355b3) x11 0x53c77000
core   0: 0x8000ec5c (0x01ad2333) slt     t1, s10, s10
core   0: 3 0x8000ec5c (0x01ad2333) x 6 0x00000000
core   0: 0x8000ec60 (0x009bf663) bgeu    s7, s1, pc + 12
core   0: 3 0x8000ec60 (0x009bf663)
core   0: 0x8000ec64 (0x56ed8b17) auipc   s6, 0x56ed8
core   0: 3 0x8000ec64 (0x56ed8b17) x22 0xd6ee6c64
core   0: 0x8000ec68 (0x00539b13) slli    s6, t2, 5
core   0: 3 0x8000ec68 (0x00539b13) x22 0xffffb820
core   0: 0x8000ec6c (0x4098d7b3) sra     a5, a7, s1
core   0: 3 0x8000ec6c (0x4098d7b3) x15 0xfac388fd
core   0: 0x8000ec70 (0x00ded293) srli    t0, t4, 13
core   0: 3 0x8000ec70 (0x00ded293) x 5 0x00000000
core   0: 0x8000ec74 (0x000cc263) bltz    s9, pc + 4
core   0: 3 0x8000ec74 (0x000cc263)
core   0: 0x8000ec78 (0x419d81b3) sub     gp, s11, s9
core   0: 3 0x8000ec78 (0x419d81b3) x 3 0xffffd503
core   0: 0x8000ec7c (0x00a5c863) blt     a1, a0, pc + 16
core   0: 3 0x8000ec7c (0x00a5c863)
core   0: 0x8000ec80 (0x5b442413) slti    s0, s0, 1460
core   0: 3 0x8000ec80 (0x5b442413) x 8 0x00000001
core   0: 0x8000ec84 (0x00000013) nop
core   0: 3 0x8000ec84 (0x00000013)
core   0: 0x8000ec88 (0x018cfc33) and     s8, s9, s8
core   0: 3 0x8000ec88 (0x018cfc33) x24 0x00002afd
core   0: 0x8000ec8c (0x0009d8b3) srl     a7, s3, zero
core   0: 3 0x8000ec8c (0x0009d8b3) x17 0x02866000
core   0: 0x8000ec90 (0xf4500d13) li      s10, -187
core   0: 3 0x8000ec90 (0xf4500d13) x26 0xffffff45
core   0: 0x8000ec94 (0x5e444697) auipc   a3, 0x5e444
core   0: 3 0x8000ec94 (0x5e444697) x13 0xde452c94
core   0: 0x8000ec98 (0x03556e63) bltu    a0, s5, pc + 60
core   0: 3 0x8000ec98 (0x03556e63)
core   0: 0x8000ec9c (0x5fc08413) addi    s0, ra, 1532
core   0: 3 0x8000ec9c (0x5fc08413) x 8 0x000005fc
core   0: 0x8000eca0 (0x00605433) srl     s0, zero, t1
core   0: 3 0x8000eca0 (0x00605433) x 8 0x00000000
core   0: 0x8000eca4 (0x035c0e63) beq     s8, s5, pc + 60
core   0: 3 0x8000eca4 (0x035c0e63)
core   0: 0x8000eca8 (0x0000100f) fence.i
core   0: 3 0x8000eca8 (0x0000100f)
core   0: 0x8000ecac (0x01fd0733) add     a4, s10, t6
core   0: 3 0x8000ecac (0x01fd0733) x14 0xfffffc4a
core   0: 0x8000ecb0 (0x40048433) sub     s0, s1, zero
core   0: 3 0x8000ecb0 (0x40048433) x 8 0x8002bce4
core   0: 0x8000ecb4 (0x05b28863) beq     t0, s11, pc + 80
core   0: 3 0x8000ecb4 (0x05b28863)
core   0: 0x8000ed04 (0x01af8db3) add     s11, t6, s10
core   0: 3 0x8000ed04 (0x01af8db3) x27 0xfffffc4a
core   0: 0x8000ed08 (0x00ca7733) and     a4, s4, a2
core   0: 3 0x8000ed08 (0x00ca7733) x14 0x00000000
core   0: 0x8000ed0c (0x00751463) bne     a0, t2, pc + 8
core   0: 3 0x8000ed0c (0x00751463)
core   0: 0x8000ed14 (0x99dcc093) xori    ra, s9, -1635
core   0: 3 0x8000ed14 (0x99dcc093) x 1 0xffffd360
core   0: 0x8000ed18 (0x00927c63) bgeu    tp, s1, pc + 24
core   0: 3 0x8000ed18 (0x00927c63)
core   0: 0x8000ed1c (0x07cde513) ori     a0, s11, 124
core   0: 3 0x8000ed1c (0x07cde513) x10 0xfffffc7e
core   0: 0x8000ed20 (0x018a88b3) add     a7, s5, s8
core   0: 3 0x8000ed20 (0x018a88b3) x17 0xfdb03db8
core   0: 0x8000ed24 (0x0000100f) fence.i
core   0: 3 0x8000ed24 (0x0000100f)
core   0: 0x8000ed28 (0x04e96263) bltu    s2, a4, pc + 68
core   0: 3 0x8000ed28 (0x04e96263)
core   0: 0x8000ed2c (0x01349463) bne     s1, s3, pc + 8
core   0: 3 0x8000ed2c (0x01349463)
core   0: 0x8000ed34 (0x03cdcc63) blt     s11, t3, pc + 56
core   0: 3 0x8000ed34 (0x03cdcc63)
core   0: 0x8000ed6c (0x046e4663) blt     t3, t1, pc + 76
core   0: 3 0x8000ed6c (0x046e4663)
core   0: 0x8000ed70 (0x0000100f) fence.i
core   0: 3 0x8000ed70 (0x0000100f)
core   0: 0x8000ed74 (0x96e0c593) xori    a1, ra, -1682
core   0: 3 0x8000ed74 (0x96e0c593) x11 0x00002a0e
core   0: 0x8000ed78 (0x96a3a693) slti    a3, t2, -1686
core   0: 3 0x8000ed78 (0x96a3a693) x13 0x00000000
core   0: 0x8000ed7c (0xa9698f13) addi    t5, s3, -1386
core   0: 3 0x8000ed7c (0xa9698f13) x30 0x02865a96
core   0: 0x8000ed80 (0x01e9a133) slt     sp, s3, t5
core   0: 3 0x8000ed80 (0x01e9a133) x 2 0x00000000
core   0: 0x8000ed84 (0x0615c993) xori    s3, a1, 97
core   0: 3 0x8000ed84 (0x0615c993) x19 0x00002a6f
core   0: 0x8000ed88 (0x005d9913) slli    s2, s11, 5
core   0: 3 0x8000ed88 (0x005d9913) x18 0xffff8940
core   0: 0x8000ed8c (0x05470863) beq     a4, s4, pc + 80
core   0: 3 0x8000ed8c (0x05470863)
core   0: 0x8000eddc (0x0ff0000f) fence   iorw,iorw
core   0: 3 0x8000eddc (0x0ff0000f)
core   0: 0x8000ede0 (0x00645813) srli    a6, s0, 6
core   0: 3 0x8000ede0 (0x00645813) x16 0x02000af3
core   0: 0x8000ede4 (0x00819863) bne     gp, s0, pc + 16
core   0: 3 0x8000ede4 (0x00819863)
core   0: 0x8000edf4 (0x012af397) auipc   t2, 0x12af
core   0: 3 0x8000edf4 (0x012af397) x 7 0x812bddf4
core   0: 0x8000edf8 (0xbbb1e793) ori     a5, gp, -1093
core   0: 3 0x8000edf8 (0xbbb1e793) x15 0xffffffbb
core   0: 0x8000edfc (0x4078d093) srai    ra, a7, 7
core   0: 3 0x8000edfc (0x4078d093) x 1 0xfffb607b
core   0: 0x8000ee00 (0x01dcadb3) slt     s11, s9, t4
core   0: 3 0x8000ee00 (0x01dcadb3) x27 0x00000000
core   0: 0x8000ee04 (0x76428d13) addi    s10, t0, 1892
core   0: 3 0x8000ee04 (0x76428d13) x26 0x00000764
core   0: 0x8000ee08 (0x6ce0f093) andi    ra, ra, 1742
core   0: 3 0x8000ee08 (0x6ce0f093) x 1 0x0000004a
core   0: 0x8000ee0c (0x00ec0463) beq     s8, a4, pc + 8
core   0: 3 0x8000ee0c (0x00ec0463)
core   0: 0x8000ee10 (0xf4de3c13) sltiu   s8, t3, -179
core   0: 3 0x8000ee10 (0xf4de3c13) x24 0x00000001
core   0: 0x8000ee14 (0x05fcc863) blt     s9, t6, pc + 80
core   0: 3 0x8000ee14 (0x05fcc863)
core   0: 0x8000ee18 (0x414d5793) srai    a5, s10, 20
core   0: 3 0x8000ee18 (0x414d5793) x15 0x00000000
core   0: 0x8000ee1c (0x010c5463) bge     s8, a6, pc + 8
core   0: 3 0x8000ee1c (0x010c5463)
core   0: 0x8000ee20 (0x011f0f33) add     t5, t5, a7
core   0: 3 0x8000ee20 (0x011f0f33) x30 0x0036984e
core   0: 0x8000ee24 (0x00a080b3) add     ra, ra, a0
core   0: 3 0x8000ee24 (0x00a080b3) x 1 0xfffffcc8
core   0: 0x8000ee28 (0x00d65463) bge     a2, a3, pc + 8
core   0: 3 0x8000ee28 (0x00d65463)
core   0: 0x8000ee30 (0x9cab0813) addi    a6, s6, -1590
core   0: 3 0x8000ee30 (0x9cab0813) x16 0xffffb1ea
core   0: 0x8000ee34 (0x0017eeb3) or      t4, a5, ra
core   0: 3 0x8000ee34 (0x0017eeb3) x29 0xfffffcc8
core   0: 0x8000ee38 (0x00000013) nop
core   0: 3 0x8000ee38 (0x00000013)
core   0: 0x8000ee3c (0x01a75e13) srli    t3, a4, 26
core   0: 3 0x8000ee3c (0x01a75e13) x28 0x00000000
core   0: 0x8000ee40 (0x00000013) nop
core   0: 3 0x8000ee40 (0x00000013)
core   0: 0x8000ee44 (0x01014c63) blt     sp, a6, pc + 24
core   0: 3 0x8000ee44 (0x01014c63)
core   0: 0x8000ee48 (0x004cf3b3) and     t2, s9, tp
core   0: 3 0x8000ee48 (0x004cf3b3) x 7 0x00002800
core   0: 0x8000ee4c (0x00000013) nop
core   0: 3 0x8000ee4c (0x00000013)
core   0: 0x8000ee50 (0x95762213) slti    tp, a2, -1705
core   0: 3 0x8000ee50 (0x95762213) x 4 0x00000000
core   0: 0x8000ee54 (0x41e2df13) srai    t5, t0, 30
core   0: 3 0x8000ee54 (0x41e2df13) x30 0x00000000
core   0: 0x8000ee58 (0x01268633) add     a2, a3, s2
core   0: 3 0x8000ee58 (0x01268633) x12 0xffff8940
core   0: 0x8000ee5c (0x03039c63) bne     t2, a6, pc + 56
core   0: 3 0x8000ee5c (0x03039c63)
core   0: 0x8000ee94 (0x91a20c13) addi    s8, tp, -1766
core   0: 3 0x8000ee94 (0x91a20c13) x24 0xfffff91a
core   0: 0x8000ee98 (0x016cf933) and     s2, s9, s6
core   0: 3 0x8000ee98 (0x016cf933) x18 0x00002820
core   0: 0x8000ee9c (0x3b417c13) andi    s8, sp, 948
core   0: 3 0x8000ee9c (0x3b417c13) x24 0x00000000
core   0: 0x8000eea0 (0x011ddc63) bge     s11, a7, pc + 24
core   0: 3 0x8000eea0 (0x011ddc63)
core   0: 0x8000eeb8 (0x007dfdb3) and     s11, s11, t2
core   0: 3 0x8000eeb8 (0x007dfdb3) x27 0x00000000
core   0: 0x8000eebc (0x001a5eb3) srl     t4, s4, ra
core   0: 3 0x8000eebc (0x001a5eb3) x29 0x00000000
core   0: 0x8000eec0 (0x41ab09b3) sub     s3, s6, s10
core   0: 3 0x8000eec0 (0x41ab09b3) x19 0xffffb0bc
core   0: 0x8000eec4 (0x01975463) bge     a4, s9, pc + 8
core   0: 3 0x8000eec4 (0x01975463)
core   0: 0x8000eec8 (0x3ae7e913) ori     s2, a5, 942
core   0: 3 0x8000eec8 (0x3ae7e913) x18 0x000003ae
core   0: 0x8000eecc (0x415a5a33) sra     s4, s4, s5
core   0: 3 0x8000eecc (0x415a5a33) x20 0x00000000
core   0: 0x8000eed0 (0x00b686b3) add     a3, a3, a1
core   0: 3 0x8000eed0 (0x00b686b3) x13 0x00002a0e
core   0: 0x8000eed4 (0x00d921b3) slt     gp, s2, a3
core   0: 3 0x8000eed4 (0x00d921b3) x 3 0x00000001
core   0: 0x8000eed8 (0x013125b3) slt     a1, sp, s3
core   0: 3 0x8000eed8 (0x013125b3) x11 0x00000000
core   0: 0x8000eedc (0x0080d263) bge     ra, s0, pc + 4
core   0: 3 0x8000eedc (0x0080d263)
core   0: 0x8000eee0 (0x411f5313) srai    t1, t5, 17
core   0: 3 0x8000eee0 (0x411f5313) x 6 0x00000000
core   0: 0x8000eee4 (0x014a9293) slli    t0, s5, 20
core   0: 3 0x8000eee4 (0x014a9293) x 5 0x2bb00000
core   0: 0x8000eee8 (0x004e6d33) or      s10, t3, tp
core   0: 3 0x8000eee8 (0x004e6d33) x26 0x00000000
core   0: 0x8000eeec (0xa93db713) sltiu   a4, s11, -1389
core   0: 3 0x8000eeec (0xa93db713) x14 0x00000001
core   0: 0x8000eef0 (0x02d74263) blt     a4, a3, pc + 36
core   0: 3 0x8000eef0 (0x02d74263)
core   0: 0x8000ef14 (0x40f15b33) sra     s6, sp, a5
core   0: 3 0x8000ef14 (0x40f15b33) x22 0x00000000
core   0: 0x8000ef18 (0x004ba783) lw      a5, 4(s7)
core   0: 3 0x8000ef18 (0x004ba783) x15 0x8000a150 mem 0x80027e4c
core   0: 0x8000ef1c (0x4e5b6e17) auipc   t3, 0x4e5b6
core   0: 3 0x8000ef1c (0x4e5b6e17) x28 0xce5c4f1c
core   0: 0x8000ef20 (0x01cb8b93) addi    s7, s7, 28
core   0: 3 0x8000ef20 (0x01cb8b93) x23 0x80027e64
core   0: 0x8000ef24 (0x014b7833) and     a6, s6, s4
core   0: 3 0x8000ef24 (0x014b7833) x16 0x00000000
core   0: 0x8000ef28 (0x00ad1e13) slli    t3, s10, 10
core   0: 3 0x8000ef28 (0x00ad1e13) x28 0x00000000
core   0: 0x8000ef2c (0x00178d13) addi    s10, a5, 1
core   0: 3 0x8000ef2c (0x00178d13) x26 0x8000a151
core   0: 0x8000ef30 (0x000d0d67) jalr    s10, s10, 0
core   0: 3 0x8000ef30 (0x000d0d67) x26 0x8000ef34
core   0: 0x8000a150 (0x01bdd093) srli    ra, s11, 27
core   0: 3 0x8000a150 (0x01bdd093) x 1 0x00000000
core   0: 0x8000a154 (0x01f978b3) and     a7, s2, t6
core   0: 3 0x8000a154 (0x01f978b3) x17 0x00000104
core   0: 0x8000a158 (0x00000013) nop
core   0: 3 0x8000a158 (0x00000013)
core   0: 0x8000a15c (0x0081ba33) sltu    s4, gp, s0
core   0: 3 0x8000a15c (0x0081ba33) x20 0x00000001
core   0: 0x8000a160 (0x004e7c33) and     s8, t3, tp
core   0: 3 0x8000a160 (0x004e7c33) x24 0x00000000
core   0: 0x8000a164 (0x4c03a913) slti    s2, t2, 1216
core   0: 3 0x8000a164 (0x4c03a913) x18 0x00000000
core   0: 0x8000a168 (0x00e56133) or      sp, a0, a4
core   0: 3 0x8000a168 (0x00e56133) x 2 0xfffffc7f
core   0: 0x8000a16c (0x0000100f) fence.i
core   0: 3 0x8000a16c (0x0000100f)
core   0: 0x8000a170 (0x059f1063) bne     t5, s9, pc + 64
core   0: 3 0x8000a170 (0x059f1063)
core   0: 0x8000a1b0 (0x00d99a63) bne     s3, a3, pc + 20
core   0: 3 0x8000a1b0 (0x00d99a63)
core   0: 0x8000a1c4 (0x01adfd33) and     s10, s11, s10
core   0: 3 0x8000a1c4 (0x01adfd33) x26 0x00000000
core   0: 0x8000a1c8 (0xafd6e597) auipc   a1, 0xafd6e
core   0: 3 0x8000a1c8 (0xafd6e597) x11 0x2fd781c8
core   0: 0x8000a1cc (0x00abb133) sltu    sp, s7, a0
core   0: 3 0x8000a1cc (0x00abb133) x 2 0x00000001
core   0: 0x8000a1d0 (0x0ff0000f) fence   iorw,iorw
core   0: 3 0x8000a1d0 (0x0ff0000f)
core   0: 0x8000a1d4 (0x41b38b33) sub     s6, t2, s11
core   0: 3 0x8000a1d4 (0x41b38b33) x22 0x00002800
core   0: 0x8000a1d8 (0x402cd833) sra     a6, s9, sp
core   0: 3 0x8000a1d8 (0x402cd833) x16 0x0000157e
core   0: 0x8000a1dc (0x05e34463) blt     t1, t5, pc + 72
core   0: 3 0x8000a1dc (0x05e34463)
core   0: 0x8000a1e0 (0x402085b3) sub     a1, ra, sp
core   0: 3 0x8000a1e0 (0x402085b3) x11 0xffffffff
core   0: 0x8000a1e4 (0x00b24b33) xor     s6, tp, a1
core   0: 3 0x8000a1e4 (0x00b24b33) x22 0xffffffff
core   0: 0x8000a1e8 (0x01377eb3) and     t4, a4, s3
core   0: 3 0x8000a1e8 (0x01377eb3) x29 0x00000000
core   0: 0x8000a1ec (0x01b12633) slt     a2, sp, s11
core   0: 3 0x8000a1ec (0x01b12633) x12 0x00000000
core   0: 0x8000a1f0 (0xd901a593) slti    a1, gp, -624
core   0: 3 0x8000a1f0 (0xd901a593) x11 0x00000000
core   0: 0x8000a1f4 (0x00f45793) srli    a5, s0, 15
core   0: 3 0x8000a1f4 (0x00f45793) x15 0x00010005
core   0: 0x8000a1f8 (0x00509693) slli    a3, ra, 5
core   0: 3 0x8000a1f8 (0x00509693) x13 0x00000000
core   0: 0x8000a1fc (0xbd6f7293) andi    t0, t5, -1066
core   0: 3 0x8000a1fc (0xbd6f7293) x 5 0x00000000
core   0: 0x8000a200 (0x0000100f) fence.i
core   0: 3 0x8000a200 (0x0000100f)
core   0: 0x8000a204 (0x01779863) bne     a5, s7, pc + 16
core   0: 3 0x8000a204 (0x01779863)
core   0: 0x8000a214 (0x03db8463) beq     s7, t4, pc + 40
core   0: 3 0x8000a214 (0x03db8463)
core   0: 0x8000a218 (0x009b2cb3) slt     s9, s6, s1
core   0: 3 0x8000a218 (0x009b2cb3) x25 0x00000000
core   0: 0x8000a21c (0x4214f513) andi    a0, s1, 1057
core   0: 3 0x8000a21c (0x4214f513) x10 0x00000420
core   0: 0x8000a220 (0x415fd433) sra     s0, t6, s5
core   0: 3 0x8000a220 (0x415fd433) x 8 0xffffffff
core   0: 0x8000a224 (0x168a4093) xori    ra, s4, 360
core   0: 3 0x8000a224 (0x168a4093) x 1 0x00000169
core   0: 0x8000a228 (0x03ca8463) beq     s5, t3, pc + 40
core   0: 3 0x8000a228 (0x03ca8463)
core   0: 0x8000a22c (0x01bab433) sltu    s0, s5, s11
core   0: 3 0x8000a22c (0x01bab433) x 8 0x00000000
core   0: 0x8000a230 (0x000a1fb3) sll     t6, s4, zero
core   0: 3 0x8000a230 (0x000a1fb3) x31 0x00000001
core   0: 0x8000a234 (0x00acd3b3) srl     t2, s9, a0
core   0: 3 0x8000a234 (0x00acd3b3) x 7 0x00000000
core   0: 0x8000a238 (0x0185b6b3) sltu    a3, a1, s8
core   0: 3 0x8000a238 (0x0185b6b3) x13 0x00000000
core   0: 0x8000a23c (0x009f5433) srl     s0, t5, s1
core   0: 3 0x8000a23c (0x009f5433) x 8 0x00000000
core   0: 0x8000a240 (0x0069d893) srli    a7, s3, 6
core   0: 3 0x8000a240 (0x0069d893) x17 0x03fffec2
core   0: 0x8000a244 (0xa5bb7e93) andi    t4, s6, -1445
core   0: 3 0x8000a244 (0xa5bb7e93) x29 0xfffffa5b
core   0: 0x8000a248 (0x01511d93) slli    s11, sp, 21
core   0: 3 0x8000a248 (0x01511d93) x27 0x00200000
core   0: 0x8000a24c (0x0ff0000f) fence   iorw,iorw
core   0: 3 0x8000a24c (0x0ff0000f)
core   0: 0x8000a250 (0x00000013) nop
core   0: 3 0x8000a250 (0x00000013)
core   0: 0x8000a254 (0x00532533) slt     a0, t1, t0
core   0: 3 0x8000a254 (0x00532533) x10 0x00000000
core   0: 0x8000a258 (0xcdf86c93) ori     s9, a6, -801
core   0: 3 0x8000a258 (0xcdf86c93) x25 0xfffffdff
core   0: 0x8000a25c (0x02ff7863) bgeu    t5, a5, pc + 48
core   0: 3 0x8000a25c (0x02ff7863)
core   0: 0x8000a260 (0x013ec5b3) xor     a1, t4, s3
core   0: 3 0x8000a260 (0x013ec5b3) x11 0x00004ae7
core   0: 0x8000a264 (0x01437933) and     s2, t1, s4
core   0: 3 0x8000a264 (0x01437933) x18 0x00000000
core   0: 0x8000a268 (0x013ebcb3) sltu    s9, t4, s3
core   0: 3 0x8000a268 (0x013ebcb3) x25 0x00000000
core   0: 0x8000a26c (0x40ab06b3) sub     a3, s6, a0
core   0: 3 0x8000a26c (0x40ab06b3) x13 0xffffffff
core   0: 0x8000a270 (0x03004a63) blt     zero, a6, pc + 52
core   0: 3 0x8000a270 (0x03004a63)
core   0: 0x8000a2a4 (0x02dcf413) andi    s0, s9, 45
core   0: 3 0x8000a2a4 (0x02dcf413) x 8 0x00000000
core   0: 0x8000a2a8 (0x01b64f33) xor     t5, a2, s11
core   0: 3 0x8000a2a8 (0x01b64f33) x30 0x00200000
core   0: 0x8000a2ac (0x00017d33) and     s10, sp, zero
core   0: 3 0x8000a2ac (0x00017d33) x26 0x00000000
core   0: 0x8000a2b0 (0x053c8463) beq     s9, s3, pc + 72
core   0: 3 0x8000a2b0 (0x053c8463)
core   0: 0x8000a2b4 (0x0ff0000f) fence   iorw,iorw
core   0: 3 0x8000a2b4 (0x0ff0000f)
core   0: 0x8000a2b8 (0x0198a6b3) slt     a3, a7, s9
core   0: 3 0x8000a2b8 (0x0198a6b3) x13 0x00000000
core   0: 0x8000a2bc (0x00630cb3) add     s9, t1, t1
core   0: 3 0x8000a2bc (0x00630cb3) x25 0x00000000
core   0: 0x8000a2c0 (0x8d636713) ori     a4, t1, -1834
core   0: 3 0x8000a2c0 (0x8d636713) x14 0xfffff8d6
core   0: 0x8000a2c4 (0x03a05e63) bge     zero, s10, pc + 60
core   0: 3 0x8000a2c4 (0x03a05e63)
core   0: 0x8000a300 (0x53ceb093) sltiu   ra, t4, 1340
core   0: 3 0x8000a300 (0x53ceb093) x 1 0x00000000
core   0: 0x8000a304 (0x01909193) slli    gp, ra, 25
core   0: 3 0x8000a304 (0x01909193) x 3 0x00000000
core   0: 0x8000a308 (0x02f59c63) bne     a1, a5, pc + 56
core   0: 3 0x8000a308 (0x02f59c63)
core   0: 0x8000a340 (0x010f1e33) sll     t3, t5, a6
core   0: 3 0x8000a340 (0x010f1e33) x28 0x00000000
core   0: 0x8000a344 (0xd3ce6fb7) lui     t6, 0xd3ce6
core   0: 3 0x8000a344 (0xd3ce6fb7) x31 0xd3ce6000
core   0: 0x8000a348 (0x00c65833) srl     a6, a2, a2
core   0: 3 0x8000a348 (0x00c65833) x16 0x00000000
core   0: 0x8000a34c (0x04465463) bge     a2, tp, pc + 72
core   0: 3 0x8000a34c (0x04465463)
core   0: 0x8000a394 (0x407cd633) sra     a2, s9, t2
core   0: 3 0x8000a394 (0x407cd633) x12 0x00000000
core   0: 0x8000a398 (0x9d6ef417) auipc   s0, 0x9d6ef
core   0: 3 0x8000a398 (0x9d6ef417) x 8 0x1d6f9398
core   0: 0x8000a39c (0x414cd393) srai    t2, s9, 20
core   0: 3 0x8000a39c (0x414cd393) x 7 0x00000000
core   0: 0x8000a3a0 (0x00ffe033) or      zero, t6, a5
core   0: 3 0x8000a3a0 (0x00ffe033)
core   0: 0x8000a3a4 (0x03808263) beq     ra, s8, pc + 36
core   0: 3 0x8000a3a4 (0x03808263)
core   0: 0x8000a3c8 (0x0093d633) srl     a2, t2, s1
core   0: 3 0x8000a3c8 (0x0093d633) x12 0x00000000
core   0: 0x8000a3cc (0x7c594993) xori    s3, s2, 1989
core   0: 3 0x8000a3cc (0x7c594993) x19 0x000007c5
core   0: 0x8000a3d0 (0x03781c63) bne     a6, s7, pc + 56
core   0: 3 0x8000a3d0 (0x03781c63)
core   0: 0x8000a408 (0xaeceb213) sltiu   tp, t4, -1300
core   0: 3 0x8000a408 (0xaeceb213) x 4 0x00000001
core   0: 0x8000a40c (0xc0b68913) addi    s2, a3, -1013
core   0: 3 0x8000a40c (0xc0b68913) x18 0xfffffc0b
core   0: 0x8000a410 (0x01f86663) bltu    a6, t6, pc + 12
core   0: 3 0x8000a410 (0x01f86663)
core   0: 0x8000a41c (0x0127c633) xor     a2, a5, s2
core   0: 3 0x8000a41c (0x0127c633) x12 0xfffefc0e
core   0: 0x8000a420 (0x011a78b3) and     a7, s4, a7
core   0: 3 0x8000a420 (0x011a78b3) x17 0x00000000
core   0: 0x8000a424 (0x01423433) sltu    s0, tp, s4
core   0: 3 0x8000a424 (0x01423433) x 8 0x00000000
core   0: 0x8000a428 (0xd34cf393) andi    t2, s9, -716
core   0: 3 0x8000a428 (0xd34cf393) x 7 0x00000000
core   0: 0x8000a42c (0x01f4f8b3) and     a7, s1, t6
core   0: 3 0x8000a42c (0x01f4f8b3) x17 0x80022000
core   0: 0x8000a430 (0x004f1a33) sll     s4, t5, tp
core   0: 3 0x8000a430 (0x004f1a33) x20 0x00400000
core   0: 0x8000a434 (0x0112de93) srli    t4, t0, 17
core   0: 3 0x8000a434 (0x0112de93) x29 0x00000000
core   0: 0x8000a438 (0x0141fa63) bgeu    gp, s4, pc + 20
core   0: 3 0x8000a438 (0x0141fa63)
core   0: 0x8000a43c (0x41d08733) sub     a4, ra, t4
core   0: 3 0x8000a43c (0x41d08733) x14 0x00000000
core   0: 0x8000a440 (0x00326b33) or      s6, tp, gp
core   0: 3 0x8000a440 (0x00326b33) x22 0x00000001
core   0: 0x8000a444 (0x00000013) nop
core   0: 3 0x8000a444 (0x00000013)
core   0: 0x8000a448 (0xb8f46b13) ori     s6, s0, -1137
core   0: 3 0x8000a448 (0xb8f46b13) x22 0xfffffb8f
core   0: 0x8000a44c (0x00000013) nop
core   0: 3 0x8000a44c (0x00000013)
core   0: 0x8000a450 (0x01c9ff33) and     t5, s3, t3
core   0: 3 0x8000a450 (0x01c9ff33) x30 0x00000000
core   0: 0x8000a454 (0x00da2e33) slt     t3, s4, a3
core   0: 3 0x8000a454 (0x00da2e33) x28 0x00000000
core   0: 0x8000a458 (0xe0434513) xori    a0, t1, -508
core   0: 3 0x8000a458 (0xe0434513) x10 0xfffffe04
core   0: 0x8000a45c (0x40f0dcb3) sra     s9, ra, a5
core   0: 3 0x8000a45c (0x40f0dcb3) x25 0x00000000
core   0: 0x8000a460 (0x7691a693) slti    a3, gp, 1897
core   0: 3 0x8000a460 (0x7691a693) x13 0x00000001
core   0: 0x8000a464 (0x004ec5b3) xor     a1, t4, tp
core   0: 3 0x8000a464 (0x004ec5b3) x11 0x00000001
core   0: 0x8000a468 (0x0000100f) fence.i
core   0: 3 0x8000a468 (0x0000100f)
core   0: 0x8000a46c (0x01489693) slli    a3, a7, 20
core   0: 3 0x8000a46c (0x01489693) x13 0x00000000
core   0: 0x8000a470 (0xce128417) auipc   s0, 0xce128
core   0: 3 0x8000a470 (0xce128417) x 8 0x4e132470
core   0: 0x8000a474 (0x00c08e63) beq     ra, a2, pc + 28
core   0: 3 0x8000a474 (0x00c08e63)
core   0: 0x8000a478 (0x01ca0b33) add     s6, s4, t3
core   0: 3 0x8000a478 (0x01ca0b33) x22 0x00400000
core   0: 0x8000a47c (0x01259c13) slli    s8, a1, 18
core   0: 3 0x8000a47c (0x01259c13) x24 0x00040000
core   0: 0x8000a480 (0x00117833) and     a6, sp, ra
core   0: 3 0x8000a480 (0x00117833) x16 0x00000000
core   0: 0x8000a484 (0x00171893) slli    a7, a4, 1
core   0: 3 0x8000a484 (0x00171893) x17 0x00000000
core   0: 0x8000a488 (0x00eef9b3) and     s3, t4, a4
core   0: 3 0x8000a488 (0x00eef9b3) x19 0x00000000
core   0: 0x8000a48c (0x40df5093) srai    ra, t5, 13
core   0: 3 0x8000a48c (0x40df5093) x 1 0x00000000
core   0: 0x8000a490 (0x01e5acb3) slt     s9, a1, t5
core   0: 3 0x8000a490 (0x01e5acb3) x25 0x00000000
core   0: 0x8000a494 (0x008cb8b3) sltu    a7, s9, s0
core   0: 3 0x8000a494 (0x008cb8b3) x17 0x00000001
core   0: 0x8000a498 (0x038df317) auipc   t1, 0x38df
core   0: 3 0x8000a498 (0x038df317) x 6 0x838e9498
core   0: 0x8000a49c (0x011e0c63) beq     t3, a7, pc + 24
core   0: 3 0x8000a49c (0x011e0c63)
core   0: 0x8000a4a0 (0x0033e863) bltu    t2, gp, pc + 16
core   0: 3 0x8000a4a0 (0x0033e863)
core   0: 0x8000a4a4 (0x1d6a3fb7) lui     t6, 0x1d6a3
core   0: 3 0x8000a4a4 (0x1d6a3fb7) x31 0x1d6a3000
core   0: 0x8000a4a8 (0x1ff4b313) sltiu   t1, s1, 511
core   0: 3 0x8000a4a8 (0x1ff4b313) x 6 0x00000000
core   0: 0x8000a4ac (0x88751737) lui     a4, 0x88751
core   0: 3 0x8000a4ac (0x88751737) x14 0x88751000
core   0: 0x8000a4b0 (0x0113e263) bltu    t2, a7, pc + 4
core   0: 3 0x8000a4b0 (0x0113e263)
core   0: 0x8000a4b4 (0xdeebb197) auipc   gp, 0xdeebb
core   0: 3 0x8000a4b4 (0xdeebb197) x 3 0x5eec54b4
core   0: 0x8000a4b8 (0x00000a97) auipc   s5, 0x0
core   0: 3 0x8000a4b8 (0x00000a97) x21 0x8000a4b8
core   0: 0x8000a4bc (0x00ca8a93) addi    s5, s5, 12
core   0: 3 0x8000a4bc (0x00ca8a93) x21 0x8000a4c4
core   0: 0x8000a4c0 (0x000a8067) jr      s5
core   0: 3 0x8000a4c0 (0x000a8067)
core   0: 0x8000a4c4 (0x00100193) li      gp, 1
core   0: 3 0x8000a4c4 (0x00100193) x 3 0x00000001
core   0: 0x8000a4c8 (0x00000073) ecall
core   0: exception trap_machine_ecall, epc 0x8000a4c8
core   0: >>>>  mtvec_handler
core   0: 0x80011574 (0xffc48493) addi    s1, s1, -4
core   0: 3 0x80011574 (0xffc48493) x 9 0x8002bce0
core   0: 0x80011578 (0x0174a023) sw      s7, 0(s1)
core   0: 3 0x80011578 (0x0174a023) mem 0x8002bce0 0x80027e64
core   0: 0x8001157c (0x00048bb3) add     s7, s1, zero
core   0: 3 0x8001157c (0x00048bb3) x23 0x8002bce0
core   0: 0x80011580 (0xf80b8b93) addi    s7, s7, -128
core   0: 3 0x80011580 (0xf80b8b93) x23 0x8002bc60
core   0: 0x80011584 (0x001ba223) sw      ra, 4(s7)
core   0: 3 0x80011584 (0x001ba223) mem 0x8002bc64 0x00000000
core   0: 0x80011588 (0x002ba423) sw      sp, 8(s7)
core   0: 3 0x80011588 (0x002ba423) mem 0x8002bc68 0x00000001
core   0: 0x8001158c (0x003ba623) sw      gp, 12(s7)
core   0: 3 0x8001158c (0x003ba623) mem 0x8002bc6c 0x00000001
core   0: 0x80011590 (0x004ba823) sw      tp, 16(s7)
core   0: 3 0x80011590 (0x004ba823) mem 0x8002bc70 0x00000001
core   0: 0x80011594 (0x005baa23) sw      t0, 20(s7)
core   0: 3 0x80011594 (0x005baa23) mem 0x8002bc74 0x00000000
core   0: 0x80011598 (0x006bac23) sw      t1, 24(s7)
core   0: 3 0x80011598 (0x006bac23) mem 0x8002bc78 0x00000000
core   0: 0x8001159c (0x007bae23) sw      t2, 28(s7)
core   0: 3 0x8001159c (0x007bae23) mem 0x8002bc7c 0x00000000
core   0: 0x800115a0 (0x028ba023) sw      s0, 32(s7)
core   0: 3 0x800115a0 (0x028ba023) mem 0x8002bc80 0x4e132470
core   0: 0x800115a4 (0x029ba223) sw      s1, 36(s7)
core   0: 3 0x800115a4 (0x029ba223) mem 0x8002bc84 0x8002bce0
core   0: 0x800115a8 (0x02aba423) sw      a0, 40(s7)
core   0: 3 0x800115a8 (0x02aba423) mem 0x8002bc88 0xfffffe04
core   0: 0x800115ac (0x02bba623) sw      a1, 44(s7)
core   0: 3 0x800115ac (0x02bba623) mem 0x8002bc8c 0x00000001
core   0: 0x800115b0 (0x02cba823) sw      a2, 48(s7)
core   0: 3 0x800115b0 (0x02cba823) mem 0x8002bc90 0xfffefc0e
core   0: 0x800115b4 (0x02dbaa23) sw      a3, 52(s7)
core   0: 3 0x800115b4 (0x02dbaa23) mem 0x8002bc94 0x00000000
core   0: 0x800115b8 (0x02ebac23) sw      a4, 56(s7)
core   0: 3 0x800115b8 (0x02ebac23) mem 0x8002bc98 0x88751000
core   0: 0x800115bc (0x02fbae23) sw      a5, 60(s7)
core   0: 3 0x800115bc (0x02fbae23) mem 0x8002bc9c 0x00010005
core   0: 0x800115c0 (0x050ba023) sw      a6, 64(s7)
core   0: 3 0x800115c0 (0x050ba023) mem 0x8002bca0 0x00000000
core   0: 0x800115c4 (0x051ba223) sw      a7, 68(s7)
core   0: 3 0x800115c4 (0x051ba223) mem 0x8002bca4 0x00000001
core   0: 0x800115c8 (0x052ba423) sw      s2, 72(s7)
core   0: 3 0x800115c8 (0x052ba423) mem 0x8002bca8 0xfffffc0b
core   0: 0x800115cc (0x053ba623) sw      s3, 76(s7)
core   0: 3 0x800115cc (0x053ba623) mem 0x8002bcac 0x00000000
core   0: 0x800115d0 (0x054ba823) sw      s4, 80(s7)
core   0: 3 0x800115d0 (0x054ba823) mem 0x8002bcb0 0x00400000
core   0: 0x800115d4 (0x055baa23) sw      s5, 84(s7)
core   0: 3 0x800115d4 (0x055baa23) mem 0x8002bcb4 0x8000a4c4
core   0: 0x800115d8 (0x056bac23) sw      s6, 88(s7)
core   0: 3 0x800115d8 (0x056bac23) mem 0x8002bcb8 0x00400000
core   0: 0x800115dc (0x057bae23) sw      s7, 92(s7)
core   0: 3 0x800115dc (0x057bae23) mem 0x8002bcbc 0x8002bc60
core   0: 0x800115e0 (0x078ba023) sw      s8, 96(s7)
core   0: 3 0x800115e0 (0x078ba023) mem 0x8002bcc0 0x00040000
core   0: 0x800115e4 (0x079ba223) sw      s9, 100(s7)
core   0: 3 0x800115e4 (0x079ba223) mem 0x8002bcc4 0x00000000
core   0: 0x800115e8 (0x07aba423) sw      s10, 104(s7)
core   0: 3 0x800115e8 (0x07aba423) mem 0x8002bcc8 0x00000000
core   0: 0x800115ec (0x07bba623) sw      s11, 108(s7)
core   0: 3 0x800115ec (0x07bba623) mem 0x8002bccc 0x00200000
core   0: 0x800115f0 (0x07cba823) sw      t3, 112(s7)
core   0: 3 0x800115f0 (0x07cba823) mem 0x8002bcd0 0x00000000
core   0: 0x800115f4 (0x07dbaa23) sw      t4, 116(s7)
core   0: 3 0x800115f4 (0x07dbaa23) mem 0x8002bcd4 0x00000000
core   0: 0x800115f8 (0x07ebac23) sw      t5, 120(s7)
core   0: 3 0x800115f8 (0x07ebac23) mem 0x8002bcd8 0x00000000
core   0: 0x800115fc (0x07fbae23) sw      t6, 124(s7)
core   0: 3 0x800115fc (0x07fbae23) mem 0x8002bcdc 0x1d6a3000
core   0: 0x80011600 (0x000b84b3) add     s1, s7, zero
core   0: 3 0x80011600 (0x000b84b3) x 9 0x8002bc60
core   0: 0x80011604 (0x30002cf3) csrr    s9, mstatus
core   0: 3 0x80011604 (0x30002cf3) x25 0x00001800
core   0: 0x80011608 (0x34202cf3) csrr    s9, mcause
core   0: 3 0x80011608 (0x34202cf3) x25 0x0000000b
core   0: 0x8001160c (0x01fcdc93) srli    s9, s9, 31
core   0: 3 0x8001160c (0x01fcdc93) x25 0x00000000
core   0: 0x80011610 (0x400c9463) bnez    s9, pc + 1032
core   0: 3 0x80011610 (0x400c9463)
core   0: 0x80011614 (0x34102cf3) csrr    s9, mepc
core   0: 3 0x80011614 (0x34102cf3) x25 0x8000a4c8
core   0: 0x80011618 (0x34202cf3) csrr    s9, mcause
core   0: 3 0x80011618 (0x34202cf3) x25 0x0000000b
core   0: 0x8001161c (0x00300413) li      s0, 3
core   0: 3 0x8001161c (0x00300413) x 8 0x00000003
core   0: 0x80011620 (0x2a8c8a63) beq     s9, s0, pc + 692
core   0: 3 0x80011620 (0x2a8c8a63)
core   0: 0x80011624 (0x00800413) li      s0, 8
core   0: 3 0x80011624 (0x00800413) x 8 0x00000008
core   0: 0x80011628 (0x048c8e63) beq     s9, s0, pc + 92
core   0: 3 0x80011628 (0x048c8e63)
core   0: 0x8001162c (0x00900413) li      s0, 9
core   0: 3 0x8001162c (0x00900413) x 8 0x00000009
core   0: 0x80011630 (0x048c8a63) beq     s9, s0, pc + 84
core   0: 3 0x80011630 (0x048c8a63)
core   0: 0x80011634 (0x00b00413) li      s0, 11
core   0: 3 0x80011634 (0x00b00413) x 8 0x0000000b
core   0: 0x80011638 (0x048c8663) beq     s9, s0, pc + 76
core   0: 3 0x80011638 (0x048c8663)
core   0: 0x80011684 (0xfffefc97) auipc   s9, 0xfffef
core   0: 3 0x80011684 (0xfffefc97) x25 0x80000684
core   0: 0x80011688 (0x97cc8c93) addi    s9, s9, -1668
core   0: 3 0x80011688 (0x97cc8c93) x25 0x80000000
core   0: 0x8001168c (0x000ca023) sw      zero, 0(s9)
core   0: 3 0x8001168c (0x000ca023) mem 0x80000000 0x00000000
core   0: 0x80011690 (0x001ca223) sw      ra, 4(s9)
core   0: 3 0x80011690 (0x001ca223) mem 0x80000004 0x00000000
core   0: 0x80011694 (0x002ca423) sw      sp, 8(s9)
core   0: 3 0x80011694 (0x002ca423) mem 0x80000008 0x00000001
core   0: 0x80011698 (0x003ca623) sw      gp, 12(s9)
core   0: 3 0x80011698 (0x003ca623) mem 0x8000000c 0x00000001
core   0: 0x8001169c (0x004ca823) sw      tp, 16(s9)
core   0: 3 0x8001169c (0x004ca823) mem 0x80000010 0x00000001
core   0: 0x800116a0 (0x005caa23) sw      t0, 20(s9)
core   0: 3 0x800116a0 (0x005caa23) mem 0x80000014 0x00000000
core   0: 0x800116a4 (0x006cac23) sw      t1, 24(s9)
core   0: 3 0x800116a4 (0x006cac23) mem 0x80000018 0x00000000
core   0: 0x800116a8 (0x007cae23) sw      t2, 28(s9)
core   0: 3 0x800116a8 (0x007cae23) mem 0x8000001c 0x00000000
core   0: 0x800116ac (0x028ca023) sw      s0, 32(s9)
core   0: 3 0x800116ac (0x028ca023) mem 0x80000020 0x0000000b
core   0: 0x800116b0 (0x029ca223) sw      s1, 36(s9)
core   0: 3 0x800116b0 (0x029ca223) mem 0x80000024 0x8002bc60
core   0: 0x800116b4 (0x02aca423) sw      a0, 40(s9)
core   0: 3 0x800116b4 (0x02aca423) mem 0x80000028 0xfffffe04
core   0: 0x800116b8 (0x02bca623) sw      a1, 44(s9)
core   0: 3 0x800116b8 (0x02bca623) mem 0x8000002c 0x00000001
core   0: 0x800116bc (0x02cca823) sw      a2, 48(s9)
core   0: 3 0x800116bc (0x02cca823) mem 0x80000030 0xfffefc0e
core   0: 0x800116c0 (0x02dcaa23) sw      a3, 52(s9)
core   0: 3 0x800116c0 (0x02dcaa23) mem 0x80000034 0x00000000
core   0: 0x800116c4 (0x02ecac23) sw      a4, 56(s9)
core   0: 3 0x800116c4 (0x02ecac23) mem 0x80000038 0x88751000
core   0: 0x800116c8 (0x02fcae23) sw      a5, 60(s9)
core   0: 3 0x800116c8 (0x02fcae23) mem 0x8000003c 0x00010005
core   0: 0x800116cc (0x050ca023) sw      a6, 64(s9)
core   0: 3 0x800116cc (0x050ca023) mem 0x80000040 0x00000000
core   0: 0x800116d0 (0x051ca223) sw      a7, 68(s9)
core   0: 3 0x800116d0 (0x051ca223) mem 0x80000044 0x00000001
core   0: 0x800116d4 (0x052ca423) sw      s2, 72(s9)
core   0: 3 0x800116d4 (0x052ca423) mem 0x80000048 0xfffffc0b
core   0: 0x800116d8 (0x053ca623) sw      s3, 76(s9)
core   0: 3 0x800116d8 (0x053ca623) mem 0x8000004c 0x00000000
core   0: 0x800116dc (0x054ca823) sw      s4, 80(s9)
core   0: 3 0x800116dc (0x054ca823) mem 0x80000050 0x00400000
core   0: 0x800116e0 (0x055caa23) sw      s5, 84(s9)
core   0: 3 0x800116e0 (0x055caa23) mem 0x80000054 0x8000a4c4
core   0: 0x800116e4 (0x056cac23) sw      s6, 88(s9)
core   0: 3 0x800116e4 (0x056cac23) mem 0x80000058 0x00400000
core   0: 0x800116e8 (0x057cae23) sw      s7, 92(s9)
core   0: 3 0x800116e8 (0x057cae23) mem 0x8000005c 0x8002bc60
core   0: 0x800116ec (0x078ca023) sw      s8, 96(s9)
core   0: 3 0x800116ec (0x078ca023) mem 0x80000060 0x00040000
core   0: 0x800116f0 (0x079ca223) sw      s9, 100(s9)
core   0: 3 0x800116f0 (0x079ca223) mem 0x80000064 0x80000000
core   0: 0x800116f4 (0x07aca423) sw      s10, 104(s9)
core   0: 3 0x800116f4 (0x07aca423) mem 0x80000068 0x00000000
core   0: 0x800116f8 (0x07bca623) sw      s11, 108(s9)
core   0: 3 0x800116f8 (0x07bca623) mem 0x8000006c 0x00200000
core   0: 0x800116fc (0x07cca823) sw      t3, 112(s9)
core   0: 3 0x800116fc (0x07cca823) mem 0x80000070 0x00000000
core   0: 0x80011700 (0x07dcaa23) sw      t4, 116(s9)
core   0: 3 0x80011700 (0x07dcaa23) mem 0x80000074 0x00000000
core   0: 0x80011704 (0x07ecac23) sw      t5, 120(s9)
core   0: 3 0x80011704 (0x07ecac23) mem 0x80000078 0x00000000
core   0: 0x80011708 (0x07fcae23) sw      t6, 124(s9)
core   0: 3 0x80011708 (0x07fcae23) mem 0x8000007c 0x1d6a3000
core   0: 0x8001170c (0x00000a97) auipc   s5, 0x0
core   0: 3 0x8001170c (0x00000a97) x21 0x8001170c
core   0: 0x80011710 (0xe58a8a93) addi    s5, s5, -424
core   0: 3 0x80011710 (0xe58a8a93) x21 0x80011564
core   0: 0x80011714 (0x000a8067) jr      s5
core   0: 3 0x80011714 (0x000a8067)
core   0: 0x80011564 (0x00001f17) auipc   t5, 0x1
core   0: 3 0x80011564 (0x00001f17) x30 0x80012564
core   0: 0x80011568 (0xa83f2e23) sw      gp, -1380(t5)
core   0: 3 0x80011568 (0xa83f2e23) mem 0x80012000 0x00000001
core   0: 0x8001156c (0xff9ff06f) j       pc - 0x8
core   0: 3 0x8001156c (0xff9ff06f)
core   0: 0x80011564 (0x00001f17) auipc   t5, 0x1
core   0: 3 0x80011564 (0x00001f17) x30 0x80012564
core   0: 0x80011568 (0xa83f2e23) sw      gp, -1380(t5)
core   0: 3 0x80011568 (0xa83f2e23) mem 0x80012000 0x00000001
core   0: 0x8001156c (0xff9ff06f) j       pc - 0x8
core   0: 3 0x8001156c (0xff9ff06f)
core   0: 0x80011564 (0x00001f17) auipc   t5, 0x1
core   0: 3 0x80011564 (0x00001f17) x30 0x80012564
core   0: 0x80011568 (0xa83f2e23) sw      gp, -1380(t5)
core   0: 3 0x80011568 (0xa83f2e23) mem 0x80012000 0x00000001
core   0: 0x8001156c (0xff9ff06f) j       pc - 0x8
core   0: 3 0x8001156c (0xff9ff06f)
core   0: 0x80011564 (0x00001f17) auipc   t5, 0x1
core   0: 3 0x80011564 (0x00001f17) x30 0x80012564
core   0: 0x80011568 (0xa83f2e23) sw      gp, -1380(t5)
core   0: 3 0x80011568 (0xa83f2e23) mem 0x80012000 0x00000001
core   0: 0x8001156c (0xff9ff06f) j       pc - 0x8
core   0: 3 0x8001156c (0xff9ff06f)
core   0: 0x80011564 (0x00001f17) auipc   t5, 0x1
core   0: 3 0x80011564 (0x00001f17) x30 0x80012564
core   0: 0x80011568 (0xa83f2e23) sw      gp, -1380(t5)
core   0: 3 0x80011568 (0xa83f2e23) mem 0x80012000 0x00000001
core   0: 0x8001156c (0xff9ff06f) j       pc - 0x8
core   0: 3 0x8001156c (0xff9ff06f)
core   0: 0x80011564 (0x00001f17) auipc   t5, 0x1
core   0: 3 0x80011564 (0x00001f17) x30 0x80012564
core   0: 0x80011568 (0xa83f2e23) sw      gp, -1380(t5)
core   0: 3 0x80011568 (0xa83f2e23) mem 0x80012000 0x00000001
core   0: 0x8001156c (0xff9ff06f) j       pc - 0x8
core   0: 3 0x8001156c (0xff9ff06f)
core   0: 0x80011564 (0x00001f17) auipc   t5, 0x1
core   0: 3 0x80011564 (0x00001f17) x30 0x80012564
core   0: 0x80011568 (0xa83f2e23) sw      gp, -1380(t5)
core   0: 3 0x80011568 (0xa83f2e23) mem 0x80012000 0x00000001
core   0: 0x8001156c (0xff9ff06f) j       pc - 0x8
core   0: 3 0x8001156c (0xff9ff06f)
core   0: 0x80011564 (0x00001f17) auipc   t5, 0x1
core   0: 3 0x80011564 (0x00001f17) x30 0x80012564
core   0: 0x80011568 (0xa83f2e23) sw      gp, -1380(t5)
core   0: 3 0x80011568 (0xa83f2e23) mem 0x80012000 0x00000001
core   0: 0x8001156c (0xff9ff06f) j       pc - 0x8
core   0: 3 0x8001156c (0xff9ff06f)
core   0: 0x80011564 (0x00001f17) auipc   t5, 0x1
core   0: 3 0x80011564 (0x00001f17) x30 0x80012564
core   0: 0x80011568 (0xa83f2e23) sw      gp, -1380(t5)
core   0: 3 0x80011568 (0xa83f2e23) mem 0x80012000 0x00000001
core   0: 0x8001156c (0xff9ff06f) j       pc - 0x8
core   0: 3 0x8001156c (0xff9ff06f)
core   0: 0x80011564 (0x00001f17) auipc   t5, 0x1
core   0: 3 0x80011564 (0x00001f17) x30 0x80012564
core   0: 0x80011568 (0xa83f2e23) sw      gp, -1380(t5)
core   0: 3 0x80011568 (0xa83f2e23) mem 0x80012000 0x00000001
core   0: 0x8001156c (0xff9ff06f) j       pc - 0x8
core   0: 3 0x8001156c (0xff9ff06f)
core   0: 0x80011564 (0x00001f17) auipc   t5, 0x1
core   0: 3 0x80011564 (0x00001f17) x30 0x80012564
core   0: 0x80011568 (0xa83f2e23) sw      gp, -1380(t5)
core   0: 3 0x80011568 (0xa83f2e23) mem 0x80012000 0x00000001
core   0: 0x8001156c (0xff9ff06f) j       pc - 0x8
core   0: 3 0x8001156c (0xff9ff06f)
core   0: 0x80011564 (0x00001f17) auipc   t5, 0x1
core   0: 3 0x80011564 (0x00001f17) x30 0x80012564
core   0: 0x80011568 (0xa83f2e23) sw      gp, -1380(t5)
core   0: 3 0x80011568 (0xa83f2e23) mem 0x80012000 0x00000001
core   0: 0x8001156c (0xff9ff06f) j       pc - 0x8
core   0: 3 0x8001156c (0xff9ff06f)
core   0: 0x80011564 (0x00001f17) auipc   t5, 0x1
core   0: 3 0x80011564 (0x00001f17) x30 0x80012564
core   0: 0x80011568 (0xa83f2e23) sw      gp, -1380(t5)
core   0: 3 0x80011568 (0xa83f2e23) mem 0x80012000 0x00000001
core   0: 0x8001156c (0xff9ff06f) j       pc - 0x8
core   0: 3 0x8001156c (0xff9ff06f)
core   0: 0x80011564 (0x00001f17) auipc   t5, 0x1
core   0: 3 0x80011564 (0x00001f17) x30 0x80012564
core   0: 0x80011568 (0xa83f2e23) sw      gp, -1380(t5)
core   0: 3 0x80011568 (0xa83f2e23) mem 0x80012000 0x00000001
core   0: 0x8001156c (0xff9ff06f) j       pc - 0x8
core   0: 3 0x8001156c (0xff9ff06f)
core   0: 0x80011564 (0x00001f17) auipc   t5, 0x1
core   0: 3 0x80011564 (0x00001f17) x30 0x80012564
core   0: 0x80011568 (0xa83f2e23) sw      gp, -1380(t5)
core   0: 3 0x80011568 (0xa83f2e23) mem 0x80012000 0x00000001
core   0: 0x8001156c (0xff9ff06f) j       pc - 0x8
core   0: 3 0x8001156c (0xff9ff06f)
core   0: 0x80011564 (0x00001f17) auipc   t5, 0x1
core   0: 3 0x80011564 (0x00001f17) x30 0x80012564
core   0: 0x80011568 (0xa83f2e23) sw      gp, -1380(t5)
core   0: 3 0x80011568 (0xa83f2e23) mem 0x80012000 0x00000001
core   0: 0x8001156c (0xff9ff06f) j       pc - 0x8
core   0: 3 0x8001156c (0xff9ff06f)
core   0: 0x80011564 (0x00001f17) auipc   t5, 0x1
core   0: 3 0x80011564 (0x00001f17) x30 0x80012564
core   0: 0x80011568 (0xa83f2e23) sw      gp, -1380(t5)
core   0: 3 0x80011568 (0xa83f2e23) mem 0x80012000 0x00000001
core   0: 0x8001156c (0xff9ff06f) j       pc - 0x8
core   0: 3 0x8001156c (0xff9ff06f)
core   0: 0x80011564 (0x00001f17) auipc   t5, 0x1
core   0: 3 0x80011564 (0x00001f17) x30 0x80012564
core   0: 0x80011568 (0xa83f2e23) sw      gp, -1380(t5)
core   0: 3 0x80011568 (0xa83f2e23) mem 0x80012000 0x00000001
core   0: 0x8001156c (0xff9ff06f) j       pc - 0x8
core   0: 3 0x8001156c (0xff9ff06f)
core   0: 0x80011564 (0x00001f17) auipc   t5, 0x1
core   0: 3 0x80011564 (0x00001f17) x30 0x80012564
core   0: 0x80011568 (0xa83f2e23) sw      gp, -1380(t5)
core   0: 3 0x80011568 (0xa83f2e23) mem 0x80012000 0x00000001
core   0: 0x8001156c (0xff9ff06f) j       pc - 0x8
core   0: 3 0x8001156c (0xff9ff06f)
core   0: 0x80011564 (0x00001f17) auipc   t5, 0x1
core   0: 3 0x80011564 (0x00001f17) x30 0x80012564
core   0: 0x80011568 (0xa83f2e23) sw      gp, -1380(t5)
core   0: 3 0x80011568 (0xa83f2e23) mem 0x80012000 0x00000001
core   0: 0x8001156c (0xff9ff06f) j       pc - 0x8
core   0: 3 0x8001156c (0xff9ff06f)
core   0: 0x80011564 (0x00001f17) auipc   t5, 0x1
core   0: 3 0x80011564 (0x00001f17) x30 0x80012564
core   0: 0x80011568 (0xa83f2e23) sw      gp, -1380(t5)
core   0: 3 0x80011568 (0xa83f2e23) mem 0x80012000 0x00000001
core   0: 0x8001156c (0xff9ff06f) j       pc - 0x8
core   0: 3 0x8001156c (0xff9ff06f)
core   0: 0x80011564 (0x00001f17) auipc   t5, 0x1
core   0: 3 0x80011564 (0x00001f17) x30 0x80012564
core   0: 0x80011568 (0xa83f2e23) sw      gp, -1380(t5)
core   0: 3 0x80011568 (0xa83f2e23) mem 0x80012000 0x00000001
core   0: 0x8001156c (0xff9ff06f) j       pc - 0x8
core   0: 3 0x8001156c (0xff9ff06f)
core   0: 0x80011564 (0x00001f17) auipc   t5, 0x1
core   0: 3 0x80011564 (0x00001f17) x30 0x80012564
core   0: 0x80011568 (0xa83f2e23) sw      gp, -1380(t5)
core   0: 3 0x80011568 (0xa83f2e23) mem 0x80012000 0x00000001
core   0: 0x8001156c (0xff9ff06f) j       pc - 0x8
core   0: 3 0x8001156c (0xff9ff06f)
core   0: 0x80011564 (0x00001f17) auipc   t5, 0x1
core   0: 3 0x80011564 (0x00001f17) x30 0x80012564
core   0: 0x80011568 (0xa83f2e23) sw      gp, -1380(t5)
core   0: 3 0x80011568 (0xa83f2e23) mem 0x80012000 0x00000001
core   0: 0x8001156c (0xff9ff06f) j       pc - 0x8
core   0: 3 0x8001156c (0xff9ff06f)
core   0: 0x80011564 (0x00001f17) auipc   t5, 0x1
core   0: 3 0x80011564 (0x00001f17) x30 0x80012564
core   0: 0x80011568 (0xa83f2e23) sw      gp, -1380(t5)
core   0: 3 0x80011568 (0xa83f2e23) mem 0x80012000 0x00000001
core   0: 0x8001156c (0xff9ff06f) j       pc - 0x8
core   0: 3 0x8001156c (0xff9ff06f)
core   0: 0x80011564 (0x00001f17) auipc   t5, 0x1
core   0: 3 0x80011564 (0x00001f17) x30 0x80012564
core   0: 0x80011568 (0xa83f2e23) sw      gp, -1380(t5)
core   0: 3 0x80011568 (0xa83f2e23) mem 0x80012000 0x00000001
core   0: 0x8001156c (0xff9ff06f) j       pc - 0x8
core   0: 3 0x8001156c (0xff9ff06f)
core   0: 0x80011564 (0x00001f17) auipc   t5, 0x1
core   0: 3 0x80011564 (0x00001f17) x30 0x80012564
core   0: 0x80011568 (0xa83f2e23) sw      gp, -1380(t5)
core   0: 3 0x80011568 (0xa83f2e23) mem 0x80012000 0x00000001
core   0: 0x8001156c (0xff9ff06f) j       pc - 0x8
core   0: 3 0x8001156c (0xff9ff06f)
core   0: 0x80011564 (0x00001f17) auipc   t5, 0x1
core   0: 3 0x80011564 (0x00001f17) x30 0x80012564
core   0: 0x80011568 (0xa83f2e23) sw      gp, -1380(t5)
core   0: 3 0x80011568 (0xa83f2e23) mem 0x80012000 0x00000001
core   0: 0x8001156c (0xff9ff06f) j       pc - 0x8
core   0: 3 0x8001156c (0xff9ff06f)
core   0: 0x80011564 (0x00001f17) auipc   t5, 0x1
core   0: 3 0x80011564 (0x00001f17) x30 0x80012564
core   0: 0x80011568 (0xa83f2e23) sw      gp, -1380(t5)
core   0: 3 0x80011568 (0xa83f2e23) mem 0x80012000 0x00000001
core   0: 0x8001156c (0xff9ff06f) j       pc - 0x8
core   0: 3 0x8001156c (0xff9ff06f)
core   0: 0x80011564 (0x00001f17) auipc   t5, 0x1
core   0: 3 0x80011564 (0x00001f17) x30 0x80012564
core   0: 0x80011568 (0xa83f2e23) sw      gp, -1380(t5)
core   0: 3 0x80011568 (0xa83f2e23) mem 0x80012000 0x00000001
core   0: 0x8001156c (0xff9ff06f) j       pc - 0x8
core   0: 3 0x8001156c (0xff9ff06f)
core   0: 0x80011564 (0x00001f17) auipc   t5, 0x1
core   0: 3 0x80011564 (0x00001f17) x30 0x80012564
core   0: 0x80011568 (0xa83f2e23) sw      gp, -1380(t5)
core   0: 3 0x80011568 (0xa83f2e23) mem 0x80012000 0x00000001
core   0: 0x8001156c (0xff9ff06f) j       pc - 0x8
core   0: 3 0x8001156c (0xff9ff06f)
core   0: 0x80011564 (0x00001f17) auipc   t5, 0x1
core   0: 3 0x80011564 (0x00001f17) x30 0x80012564
core   0: 0x80011568 (0xa83f2e23) sw      gp, -1380(t5)
core   0: 3 0x80011568 (0xa83f2e23) mem 0x80012000 0x00000001
core   0: 0x8001156c (0xff9ff06f) j       pc - 0x8
core   0: 3 0x8001156c (0xff9ff06f)
core   0: 0x80011564 (0x00001f17) auipc   t5, 0x1
core   0: 3 0x80011564 (0x00001f17) x30 0x80012564
core   0: 0x80011568 (0xa83f2e23) sw      gp, -1380(t5)
core   0: 3 0x80011568 (0xa83f2e23) mem 0x80012000 0x00000001
core   0: 0x8001156c (0xff9ff06f) j       pc - 0x8
core   0: 3 0x8001156c (0xff9ff06f)
core   0: 0x80011564 (0x00001f17) auipc   t5, 0x1
core   0: 3 0x80011564 (0x00001f17) x30 0x80012564
core   0: 0x80011568 (0xa83f2e23) sw      gp, -1380(t5)
core   0: 3 0x80011568 (0xa83f2e23) mem 0x80012000 0x00000001
core   0: 0x8001156c (0xff9ff06f) j       pc - 0x8
core   0: 3 0x8001156c (0xff9ff06f)
core   0: 0x80011564 (0x00001f17) auipc   t5, 0x1
core   0: 3 0x80011564 (0x00001f17) x30 0x80012564
core   0: 0x80011568 (0xa83f2e23) sw      gp, -1380(t5)
core   0: 3 0x80011568 (0xa83f2e23) mem 0x80012000 0x00000001
core   0: 0x8001156c (0xff9ff06f) j       pc - 0x8
core   0: 3 0x8001156c (0xff9ff06f)
core   0: 0x80011564 (0x00001f17) auipc   t5, 0x1
core   0: 3 0x80011564 (0x00001f17) x30 0x80012564
core   0: 0x80011568 (0xa83f2e23) sw      gp, -1380(t5)
core   0: 3 0x80011568 (0xa83f2e23) mem 0x80012000 0x00000001
core   0: 0x8001156c (0xff9ff06f) j       pc - 0x8
core   0: 3 0x8001156c (0xff9ff06f)
core   0: 0x80011564 (0x00001f17) auipc   t5, 0x1
core   0: 3 0x80011564 (0x00001f17) x30 0x80012564
core   0: 0x80011568 (0xa83f2e23) sw      gp, -1380(t5)
core   0: 3 0x80011568 (0xa83f2e23) mem 0x80012000 0x00000001
core   0: 0x8001156c (0xff9ff06f) j       pc - 0x8
core   0: 3 0x8001156c (0xff9ff06f)
core   0: 0x80011564 (0x00001f17) auipc   t5, 0x1
core   0: 3 0x80011564 (0x00001f17) x30 0x80012564
core   0: 0x80011568 (0xa83f2e23) sw      gp, -1380(t5)
core   0: 3 0x80011568 (0xa83f2e23) mem 0x80012000 0x00000001
core   0: 0x8001156c (0xff9ff06f) j       pc - 0x8
core   0: 3 0x8001156c (0xff9ff06f)
core   0: 0x80011564 (0x00001f17) auipc   t5, 0x1
core   0: 3 0x80011564 (0x00001f17) x30 0x80012564
core   0: 0x80011568 (0xa83f2e23) sw      gp, -1380(t5)
core   0: 3 0x80011568 (0xa83f2e23) mem 0x80012000 0x00000001
core   0: 0x8001156c (0xff9ff06f) j       pc - 0x8
core   0: 3 0x8001156c (0xff9ff06f)
core   0: 0x80011564 (0x00001f17) auipc   t5, 0x1
core   0: 3 0x80011564 (0x00001f17) x30 0x80012564
core   0: 0x80011568 (0xa83f2e23) sw      gp, -1380(t5)
core   0: 3 0x80011568 (0xa83f2e23) mem 0x80012000 0x00000001
core   0: 0x8001156c (0xff9ff06f) j       pc - 0x8
core   0: 3 0x8001156c (0xff9ff06f)
core   0: 0x80011564 (0x00001f17) auipc   t5, 0x1
core   0: 3 0x80011564 (0x00001f17) x30 0x80012564
core   0: 0x80011568 (0xa83f2e23) sw      gp, -1380(t5)
core   0: 3 0x80011568 (0xa83f2e23) mem 0x80012000 0x00000001
core   0: 0x8001156c (0xff9ff06f) j       pc - 0x8
core   0: 3 0x8001156c (0xff9ff06f)
core   0: 0x80011564 (0x00001f17) auipc   t5, 0x1
core   0: 3 0x80011564 (0x00001f17) x30 0x80012564
core   0: 0x80011568 (0xa83f2e23) sw      gp, -1380(t5)
core   0: 3 0x80011568 (0xa83f2e23) mem 0x80012000 0x00000001
core   0: 0x8001156c (0xff9ff06f) j       pc - 0x8
core   0: 3 0x8001156c (0xff9ff06f)
core   0: 0x80011564 (0x00001f17) auipc   t5, 0x1
core   0: 3 0x80011564 (0x00001f17) x30 0x80012564
core   0: 0x80011568 (0xa83f2e23) sw      gp, -1380(t5)
core   0: 3 0x80011568 (0xa83f2e23) mem 0x80012000 0x00000001
core   0: 0x8001156c (0xff9ff06f) j       pc - 0x8
core   0: 3 0x8001156c (0xff9ff06f)
core   0: 0x80011564 (0x00001f17) auipc   t5, 0x1
core   0: 3 0x80011564 (0x00001f17) x30 0x80012564
core   0: 0x80011568 (0xa83f2e23) sw      gp, -1380(t5)
core   0: 3 0x80011568 (0xa83f2e23) mem 0x80012000 0x00000001
core   0: 0x8001156c (0xff9ff06f) j       pc - 0x8
core   0: 3 0x8001156c (0xff9ff06f)
core   0: 0x80011564 (0x00001f17) auipc   t5, 0x1
core   0: 3 0x80011564 (0x00001f17) x30 0x80012564
core   0: 0x80011568 (0xa83f2e23) sw      gp, -1380(t5)
core   0: 3 0x80011568 (0xa83f2e23) mem 0x80012000 0x00000001
core   0: 0x8001156c (0xff9ff06f) j       pc - 0x8
core   0: 3 0x8001156c (0xff9ff06f)
core   0: 0x80011564 (0x00001f17) auipc   t5, 0x1
core   0: 3 0x80011564 (0x00001f17) x30 0x80012564
core   0: 0x80011568 (0xa83f2e23) sw      gp, -1380(t5)
core   0: 3 0x80011568 (0xa83f2e23) mem 0x80012000 0x00000001
core   0: 0x8001156c (0xff9ff06f) j       pc - 0x8
core   0: 3 0x8001156c (0xff9ff06f)
core   0: 0x80011564 (0x00001f17) auipc   t5, 0x1
core   0: 3 0x80011564 (0x00001f17) x30 0x80012564
core   0: 0x80011568 (0xa83f2e23) sw      gp, -1380(t5)
core   0: 3 0x80011568 (0xa83f2e23) mem 0x80012000 0x00000001
core   0: 0x8001156c (0xff9ff06f) j       pc - 0x8
core   0: 3 0x8001156c (0xff9ff06f)
core   0: 0x80011564 (0x00001f17) auipc   t5, 0x1
core   0: 3 0x80011564 (0x00001f17) x30 0x80012564
core   0: 0x80011568 (0xa83f2e23) sw      gp, -1380(t5)
core   0: 3 0x80011568 (0xa83f2e23) mem 0x80012000 0x00000001
core   0: 0x8001156c (0xff9ff06f) j       pc - 0x8
core   0: 3 0x8001156c (0xff9ff06f)
core   0: 0x80011564 (0x00001f17) auipc   t5, 0x1
core   0: 3 0x80011564 (0x00001f17) x30 0x80012564
core   0: 0x80011568 (0xa83f2e23) sw      gp, -1380(t5)
core   0: 3 0x80011568 (0xa83f2e23) mem 0x80012000 0x00000001
core   0: 0x8001156c (0xff9ff06f) j       pc - 0x8
core   0: 3 0x8001156c (0xff9ff06f)
core   0: 0x80011564 (0x00001f17) auipc   t5, 0x1
core   0: 3 0x80011564 (0x00001f17) x30 0x80012564
core   0: 0x80011568 (0xa83f2e23) sw      gp, -1380(t5)
core   0: 3 0x80011568 (0xa83f2e23) mem 0x80012000 0x00000001
core   0: 0x8001156c (0xff9ff06f) j       pc - 0x8
core   0: 3 0x8001156c (0xff9ff06f)
core   0: 0x80011564 (0x00001f17) auipc   t5, 0x1
core   0: 3 0x80011564 (0x00001f17) x30 0x80012564
core   0: 0x80011568 (0xa83f2e23) sw      gp, -1380(t5)
core   0: 3 0x80011568 (0xa83f2e23) mem 0x80012000 0x00000001
core   0: 0x8001156c (0xff9ff06f) j       pc - 0x8
core   0: 3 0x8001156c (0xff9ff06f)
core   0: 0x80011564 (0x00001f17) auipc   t5, 0x1
core   0: 3 0x80011564 (0x00001f17) x30 0x80012564
core   0: 0x80011568 (0xa83f2e23) sw      gp, -1380(t5)
core   0: 3 0x80011568 (0xa83f2e23) mem 0x80012000 0x00000001
core   0: 0x8001156c (0xff9ff06f) j       pc - 0x8
core   0: 3 0x8001156c (0xff9ff06f)
core   0: 0x80011564 (0x00001f17) auipc   t5, 0x1
core   0: 3 0x80011564 (0x00001f17) x30 0x80012564
core   0: 0x80011568 (0xa83f2e23) sw      gp, -1380(t5)
core   0: 3 0x80011568 (0xa83f2e23) mem 0x80012000 0x00000001
core   0: 0x8001156c (0xff9ff06f) j       pc - 0x8
core   0: 3 0x8001156c (0xff9ff06f)
core   0: 0x80011564 (0x00001f17) auipc   t5, 0x1
core   0: 3 0x80011564 (0x00001f17) x30 0x80012564
core   0: 0x80011568 (0xa83f2e23) sw      gp, -1380(t5)
core   0: 3 0x80011568 (0xa83f2e23) mem 0x80012000 0x00000001
core   0: 0x8001156c (0xff9ff06f) j       pc - 0x8
core   0: 3 0x8001156c (0xff9ff06f)
core   0: 0x80011564 (0x00001f17) auipc   t5, 0x1
core   0: 3 0x80011564 (0x00001f17) x30 0x80012564
core   0: 0x80011568 (0xa83f2e23) sw      gp, -1380(t5)
core   0: 3 0x80011568 (0xa83f2e23) mem 0x80012000 0x00000001
core   0: 0x8001156c (0xff9ff06f) j       pc - 0x8
core   0: 3 0x8001156c (0xff9ff06f)
core   0: 0x80011564 (0x00001f17) auipc   t5, 0x1
core   0: 3 0x80011564 (0x00001f17) x30 0x80012564
core   0: 0x80011568 (0xa83f2e23) sw      gp, -1380(t5)
core   0: 3 0x80011568 (0xa83f2e23) mem 0x80012000 0x00000001
core   0: 0x8001156c (0xff9ff06f) j       pc - 0x8
core   0: 3 0x8001156c (0xff9ff06f)
core   0: 0x80011564 (0x00001f17) auipc   t5, 0x1
core   0: 3 0x80011564 (0x00001f17) x30 0x80012564
core   0: 0x80011568 (0xa83f2e23) sw      gp, -1380(t5)
core   0: 3 0x80011568 (0xa83f2e23) mem 0x80012000 0x00000001
core   0: 0x8001156c (0xff9ff06f) j       pc - 0x8
core   0: 3 0x8001156c (0xff9ff06f)
core   0: 0x80011564 (0x00001f17) auipc   t5, 0x1
core   0: 3 0x80011564 (0x00001f17) x30 0x80012564
core   0: 0x80011568 (0xa83f2e23) sw      gp, -1380(t5)
core   0: 3 0x80011568 (0xa83f2e23) mem 0x80012000 0x00000001
core   0: 0x8001156c (0xff9ff06f) j       pc - 0x8
core   0: 3 0x8001156c (0xff9ff06f)
core   0: 0x80011564 (0x00001f17) auipc   t5, 0x1
core   0: 3 0x80011564 (0x00001f17) x30 0x80012564
core   0: 0x80011568 (0xa83f2e23) sw      gp, -1380(t5)
core   0: 3 0x80011568 (0xa83f2e23) mem 0x80012000 0x00000001
core   0: 0x8001156c (0xff9ff06f) j       pc - 0x8
core   0: 3 0x8001156c (0xff9ff06f)
core   0: 0x80011564 (0x00001f17) auipc   t5, 0x1
core   0: 3 0x80011564 (0x00001f17) x30 0x80012564
core   0: 0x80011568 (0xa83f2e23) sw      gp, -1380(t5)
core   0: 3 0x80011568 (0xa83f2e23) mem 0x80012000 0x00000001
core   0: 0x8001156c (0xff9ff06f) j       pc - 0x8
core   0: 3 0x8001156c (0xff9ff06f)
core   0: 0x80011564 (0x00001f17) auipc   t5, 0x1
core   0: 3 0x80011564 (0x00001f17) x30 0x80012564
core   0: 0x80011568 (0xa83f2e23) sw      gp, -1380(t5)
core   0: 3 0x80011568 (0xa83f2e23) mem 0x80012000 0x00000001
core   0: 0x8001156c (0xff9ff06f) j       pc - 0x8
core   0: 3 0x8001156c (0xff9ff06f)
core   0: 0x80011564 (0x00001f17) auipc   t5, 0x1
core   0: 3 0x80011564 (0x00001f17) x30 0x80012564
core   0: 0x80011568 (0xa83f2e23) sw      gp, -1380(t5)
core   0: 3 0x80011568 (0xa83f2e23) mem 0x80012000 0x00000001
core   0: 0x8001156c (0xff9ff06f) j       pc - 0x8
core   0: 3 0x8001156c (0xff9ff06f)
core   0: 0x80011564 (0x00001f17) auipc   t5, 0x1
core   0: 3 0x80011564 (0x00001f17) x30 0x80012564
core   0: 0x80011568 (0xa83f2e23) sw      gp, -1380(t5)
core   0: 3 0x80011568 (0xa83f2e23) mem 0x80012000 0x00000001
core   0: 0x8001156c (0xff9ff06f) j       pc - 0x8
core   0: 3 0x8001156c (0xff9ff06f)
core   0: 0x80011564 (0x00001f17) auipc   t5, 0x1
core   0: 3 0x80011564 (0x00001f17) x30 0x80012564
core   0: 0x80011568 (0xa83f2e23) sw      gp, -1380(t5)
core   0: 3 0x80011568 (0xa83f2e23) mem 0x80012000 0x00000001
core   0: 0x8001156c (0xff9ff06f) j       pc - 0x8
core   0: 3 0x8001156c (0xff9ff06f)
core   0: 0x80011564 (0x00001f17) auipc   t5, 0x1
core   0: 3 0x80011564 (0x00001f17) x30 0x80012564
core   0: 0x80011568 (0xa83f2e23) sw      gp, -1380(t5)
core   0: 3 0x80011568 (0xa83f2e23) mem 0x80012000 0x00000001
core   0: 0x8001156c (0xff9ff06f) j       pc - 0x8
core   0: 3 0x8001156c (0xff9ff06f)
core   0: 0x80011564 (0x00001f17) auipc   t5, 0x1
core   0: 3 0x80011564 (0x00001f17) x30 0x80012564
core   0: 0x80011568 (0xa83f2e23) sw      gp, -1380(t5)
core   0: 3 0x80011568 (0xa83f2e23) mem 0x80012000 0x00000001
core   0: 0x8001156c (0xff9ff06f) j       pc - 0x8
core   0: 3 0x8001156c (0xff9ff06f)
core   0: 0x80011564 (0x00001f17) auipc   t5, 0x1
core   0: 3 0x80011564 (0x00001f17) x30 0x80012564
core   0: 0x80011568 (0xa83f2e23) sw      gp, -1380(t5)
core   0: 3 0x80011568 (0xa83f2e23) mem 0x80012000 0x00000001
core   0: 0x8001156c (0xff9ff06f) j       pc - 0x8
core   0: 3 0x8001156c (0xff9ff06f)
core   0: 0x80011564 (0x00001f17) auipc   t5, 0x1
core   0: 3 0x80011564 (0x00001f17) x30 0x80012564
core   0: 0x80011568 (0xa83f2e23) sw      gp, -1380(t5)
core   0: 3 0x80011568 (0xa83f2e23) mem 0x80012000 0x00000001
core   0: 0x8001156c (0xff9ff06f) j       pc - 0x8
core   0: 3 0x8001156c (0xff9ff06f)
core   0: 0x80011564 (0x00001f17) auipc   t5, 0x1
core   0: 3 0x80011564 (0x00001f17) x30 0x80012564
core   0: 0x80011568 (0xa83f2e23) sw      gp, -1380(t5)
core   0: 3 0x80011568 (0xa83f2e23) mem 0x80012000 0x00000001
core   0: 0x8001156c (0xff9ff06f) j       pc - 0x8
core   0: 3 0x8001156c (0xff9ff06f)
core   0: 0x80011564 (0x00001f17) auipc   t5, 0x1
core   0: 3 0x80011564 (0x00001f17) x30 0x80012564
core   0: 0x80011568 (0xa83f2e23) sw      gp, -1380(t5)
core   0: 3 0x80011568 (0xa83f2e23) mem 0x80012000 0x00000001
core   0: 0x8001156c (0xff9ff06f) j       pc - 0x8
core   0: 3 0x8001156c (0xff9ff06f)
core   0: 0x80011564 (0x00001f17) auipc   t5, 0x1
core   0: 3 0x80011564 (0x00001f17) x30 0x80012564
core   0: 0x80011568 (0xa83f2e23) sw      gp, -1380(t5)
core   0: 3 0x80011568 (0xa83f2e23) mem 0x80012000 0x00000001
core   0: 0x8001156c (0xff9ff06f) j       pc - 0x8
core   0: 3 0x8001156c (0xff9ff06f)
core   0: 0x80011564 (0x00001f17) auipc   t5, 0x1
core   0: 3 0x80011564 (0x00001f17) x30 0x80012564
core   0: 0x80011568 (0xa83f2e23) sw      gp, -1380(t5)
core   0: 3 0x80011568 (0xa83f2e23) mem 0x80012000 0x00000001
core   0: 0x8001156c (0xff9ff06f) j       pc - 0x8
core   0: 3 0x8001156c (0xff9ff06f)
core   0: 0x80011564 (0x00001f17) auipc   t5, 0x1
core   0: 3 0x80011564 (0x00001f17) x30 0x80012564
core   0: 0x80011568 (0xa83f2e23) sw      gp, -1380(t5)
core   0: 3 0x80011568 (0xa83f2e23) mem 0x80012000 0x00000001
core   0: 0x8001156c (0xff9ff06f) j       pc - 0x8
core   0: 3 0x8001156c (0xff9ff06f)
core   0: 0x80011564 (0x00001f17) auipc   t5, 0x1
core   0: 3 0x80011564 (0x00001f17) x30 0x80012564
core   0: 0x80011568 (0xa83f2e23) sw      gp, -1380(t5)
core   0: 3 0x80011568 (0xa83f2e23) mem 0x80012000 0x00000001
core   0: 0x8001156c (0xff9ff06f) j       pc - 0x8
core   0: 3 0x8001156c (0xff9ff06f)
core   0: 0x80011564 (0x00001f17) auipc   t5, 0x1
core   0: 3 0x80011564 (0x00001f17) x30 0x80012564
core   0: 0x80011568 (0xa83f2e23) sw      gp, -1380(t5)
core   0: 3 0x80011568 (0xa83f2e23) mem 0x80012000 0x00000001
core   0: 0x8001156c (0xff9ff06f) j       pc - 0x8
core   0: 3 0x8001156c (0xff9ff06f)
core   0: 0x80011564 (0x00001f17) auipc   t5, 0x1
core   0: 3 0x80011564 (0x00001f17) x30 0x80012564
core   0: 0x80011568 (0xa83f2e23) sw      gp, -1380(t5)
core   0: 3 0x80011568 (0xa83f2e23) mem 0x80012000 0x00000001
core   0: 0x8001156c (0xff9ff06f) j       pc - 0x8
core   0: 3 0x8001156c (0xff9ff06f)
core   0: 0x80011564 (0x00001f17) auipc   t5, 0x1
core   0: 3 0x80011564 (0x00001f17) x30 0x80012564
core   0: 0x80011568 (0xa83f2e23) sw      gp, -1380(t5)
core   0: 3 0x80011568 (0xa83f2e23) mem 0x80012000 0x00000001
core   0: 0x8001156c (0xff9ff06f) j       pc - 0x8
core   0: 3 0x8001156c (0xff9ff06f)
core   0: 0x80011564 (0x00001f17) auipc   t5, 0x1
core   0: 3 0x80011564 (0x00001f17) x30 0x80012564
core   0: 0x80011568 (0xa83f2e23) sw      gp, -1380(t5)
core   0: 3 0x80011568 (0xa83f2e23) mem 0x80012000 0x00000001
core   0: 0x8001156c (0xff9ff06f) j       pc - 0x8
core   0: 3 0x8001156c (0xff9ff06f)
core   0: 0x80011564 (0x00001f17) auipc   t5, 0x1
core   0: 3 0x80011564 (0x00001f17) x30 0x80012564
core   0: 0x80011568 (0xa83f2e23) sw      gp, -1380(t5)
core   0: 3 0x80011568 (0xa83f2e23) mem 0x80012000 0x00000001
core   0: 0x8001156c (0xff9ff06f) j       pc - 0x8
core   0: 3 0x8001156c (0xff9ff06f)
core   0: 0x80011564 (0x00001f17) auipc   t5, 0x1
core   0: 3 0x80011564 (0x00001f17) x30 0x80012564
core   0: 0x80011568 (0xa83f2e23) sw      gp, -1380(t5)
core   0: 3 0x80011568 (0xa83f2e23) mem 0x80012000 0x00000001
core   0: 0x8001156c (0xff9ff06f) j       pc - 0x8
core   0: 3 0x8001156c (0xff9ff06f)
core   0: 0x80011564 (0x00001f17) auipc   t5, 0x1
core   0: 3 0x80011564 (0x00001f17) x30 0x80012564
core   0: 0x80011568 (0xa83f2e23) sw      gp, -1380(t5)
core   0: 3 0x80011568 (0xa83f2e23) mem 0x80012000 0x00000001
core   0: 0x8001156c (0xff9ff06f) j       pc - 0x8
core   0: 3 0x8001156c (0xff9ff06f)
core   0: 0x80011564 (0x00001f17) auipc   t5, 0x1
core   0: 3 0x80011564 (0x00001f17) x30 0x80012564
core   0: 0x80011568 (0xa83f2e23) sw      gp, -1380(t5)
core   0: 3 0x80011568 (0xa83f2e23) mem 0x80012000 0x00000001
core   0: 0x8001156c (0xff9ff06f) j       pc - 0x8
core   0: 3 0x8001156c (0xff9ff06f)
core   0: 0x80011564 (0x00001f17) auipc   t5, 0x1
core   0: 3 0x80011564 (0x00001f17) x30 0x80012564
core   0: 0x80011568 (0xa83f2e23) sw      gp, -1380(t5)
core   0: 3 0x80011568 (0xa83f2e23) mem 0x80012000 0x00000001
core   0: 0x8001156c (0xff9ff06f) j       pc - 0x8
core   0: 3 0x8001156c (0xff9ff06f)
core   0: 0x80011564 (0x00001f17) auipc   t5, 0x1
core   0: 3 0x80011564 (0x00001f17) x30 0x80012564
core   0: 0x80011568 (0xa83f2e23) sw      gp, -1380(t5)
core   0: 3 0x80011568 (0xa83f2e23) mem 0x80012000 0x00000001
core   0: 0x8001156c (0xff9ff06f) j       pc - 0x8
core   0: 3 0x8001156c (0xff9ff06f)
core   0: 0x80011564 (0x00001f17) auipc   t5, 0x1
core   0: 3 0x80011564 (0x00001f17) x30 0x80012564
core   0: 0x80011568 (0xa83f2e23) sw      gp, -1380(t5)
core   0: 3 0x80011568 (0xa83f2e23) mem 0x80012000 0x00000001
core   0: 0x8001156c (0xff9ff06f) j       pc - 0x8
core   0: 3 0x8001156c (0xff9ff06f)
core   0: 0x80011564 (0x00001f17) auipc   t5, 0x1
core   0: 3 0x80011564 (0x00001f17) x30 0x80012564
core   0: 0x80011568 (0xa83f2e23) sw      gp, -1380(t5)
core   0: 3 0x80011568 (0xa83f2e23) mem 0x80012000 0x00000001
core   0: 0x8001156c (0xff9ff06f) j       pc - 0x8
core   0: 3 0x8001156c (0xff9ff06f)
core   0: 0x80011564 (0x00001f17) auipc   t5, 0x1
core   0: 3 0x80011564 (0x00001f17) x30 0x80012564
core   0: 0x80011568 (0xa83f2e23) sw      gp, -1380(t5)
core   0: 3 0x80011568 (0xa83f2e23) mem 0x80012000 0x00000001
core   0: 0x8001156c (0xff9ff06f) j       pc - 0x8
core   0: 3 0x8001156c (0xff9ff06f)
core   0: 0x80011564 (0x00001f17) auipc   t5, 0x1
core   0: 3 0x80011564 (0x00001f17) x30 0x80012564
core   0: 0x80011568 (0xa83f2e23) sw      gp, -1380(t5)
core   0: 3 0x80011568 (0xa83f2e23) mem 0x80012000 0x00000001
core   0: 0x8001156c (0xff9ff06f) j       pc - 0x8
core   0: 3 0x8001156c (0xff9ff06f)
core   0: 0x80011564 (0x00001f17) auipc   t5, 0x1
core   0: 3 0x80011564 (0x00001f17) x30 0x80012564
core   0: 0x80011568 (0xa83f2e23) sw      gp, -1380(t5)
core   0: 3 0x80011568 (0xa83f2e23) mem 0x80012000 0x00000001
core   0: 0x8001156c (0xff9ff06f) j       pc - 0x8
core   0: 3 0x8001156c (0xff9ff06f)
core   0: 0x80011564 (0x00001f17) auipc   t5, 0x1
core   0: 3 0x80011564 (0x00001f17) x30 0x80012564
core   0: 0x80011568 (0xa83f2e23) sw      gp, -1380(t5)
core   0: 3 0x80011568 (0xa83f2e23) mem 0x80012000 0x00000001
core   0: 0x8001156c (0xff9ff06f) j       pc - 0x8
core   0: 3 0x8001156c (0xff9ff06f)
core   0: 0x80011564 (0x00001f17) auipc   t5, 0x1
core   0: 3 0x80011564 (0x00001f17) x30 0x80012564
core   0: 0x80011568 (0xa83f2e23) sw      gp, -1380(t5)
core   0: 3 0x80011568 (0xa83f2e23) mem 0x80012000 0x00000001
core   0: 0x8001156c (0xff9ff06f) j       pc - 0x8
core   0: 3 0x8001156c (0xff9ff06f)
core   0: 0x80011564 (0x00001f17) auipc   t5, 0x1
core   0: 3 0x80011564 (0x00001f17) x30 0x80012564
core   0: 0x80011568 (0xa83f2e23) sw      gp, -1380(t5)
core   0: 3 0x80011568 (0xa83f2e23) mem 0x80012000 0x00000001
core   0: 0x8001156c (0xff9ff06f) j       pc - 0x8
core   0: 3 0x8001156c (0xff9ff06f)
core   0: 0x80011564 (0x00001f17) auipc   t5, 0x1
core   0: 3 0x80011564 (0x00001f17) x30 0x80012564
core   0: 0x80011568 (0xa83f2e23) sw      gp, -1380(t5)
core   0: 3 0x80011568 (0xa83f2e23) mem 0x80012000 0x00000001
core   0: 0x8001156c (0xff9ff06f) j       pc - 0x8
core   0: 3 0x8001156c (0xff9ff06f)
core   0: 0x80011564 (0x00001f17) auipc   t5, 0x1
core   0: 3 0x80011564 (0x00001f17) x30 0x80012564
core   0: 0x80011568 (0xa83f2e23) sw      gp, -1380(t5)
core   0: 3 0x80011568 (0xa83f2e23) mem 0x80012000 0x00000001
core   0: 0x8001156c (0xff9ff06f) j       pc - 0x8
core   0: 3 0x8001156c (0xff9ff06f)
core   0: 0x80011564 (0x00001f17) auipc   t5, 0x1
core   0: 3 0x80011564 (0x00001f17) x30 0x80012564
core   0: 0x80011568 (0xa83f2e23) sw      gp, -1380(t5)
core   0: 3 0x80011568 (0xa83f2e23) mem 0x80012000 0x00000001
core   0: 0x8001156c (0xff9ff06f) j       pc - 0x8
core   0: 3 0x8001156c (0xff9ff06f)
core   0: 0x80011564 (0x00001f17) auipc   t5, 0x1
core   0: 3 0x80011564 (0x00001f17) x30 0x80012564
core   0: 0x80011568 (0xa83f2e23) sw      gp, -1380(t5)
core   0: 3 0x80011568 (0xa83f2e23) mem 0x80012000 0x00000001
core   0: 0x8001156c (0xff9ff06f) j       pc - 0x8
core   0: 3 0x8001156c (0xff9ff06f)
core   0: 0x80011564 (0x00001f17) auipc   t5, 0x1
core   0: 3 0x80011564 (0x00001f17) x30 0x80012564
core   0: 0x80011568 (0xa83f2e23) sw      gp, -1380(t5)
core   0: 3 0x80011568 (0xa83f2e23) mem 0x80012000 0x00000001
core   0: 0x8001156c (0xff9ff06f) j       pc - 0x8
core   0: 3 0x8001156c (0xff9ff06f)
core   0: 0x80011564 (0x00001f17) auipc   t5, 0x1
core   0: 3 0x80011564 (0x00001f17) x30 0x80012564
core   0: 0x80011568 (0xa83f2e23) sw      gp, -1380(t5)
core   0: 3 0x80011568 (0xa83f2e23) mem 0x80012000 0x00000001
core   0: 0x8001156c (0xff9ff06f) j       pc - 0x8
core   0: 3 0x8001156c (0xff9ff06f)
core   0: 0x80011564 (0x00001f17) auipc   t5, 0x1
core   0: 3 0x80011564 (0x00001f17) x30 0x80012564
core   0: 0x80011568 (0xa83f2e23) sw      gp, -1380(t5)
core   0: 3 0x80011568 (0xa83f2e23) mem 0x80012000 0x00000001
core   0: 0x8001156c (0xff9ff06f) j       pc - 0x8
core   0: 3 0x8001156c (0xff9ff06f)
core   0: 0x80011564 (0x00001f17) auipc   t5, 0x1
core   0: 3 0x80011564 (0x00001f17) x30 0x80012564
core   0: 0x80011568 (0xa83f2e23) sw      gp, -1380(t5)
core   0: 3 0x80011568 (0xa83f2e23) mem 0x80012000 0x00000001
core   0: 0x8001156c (0xff9ff06f) j       pc - 0x8
core   0: 3 0x8001156c (0xff9ff06f)
core   0: 0x80011564 (0x00001f17) auipc   t5, 0x1
core   0: 3 0x80011564 (0x00001f17) x30 0x80012564
core   0: 0x80011568 (0xa83f2e23) sw      gp, -1380(t5)
core   0: 3 0x80011568 (0xa83f2e23) mem 0x80012000 0x00000001
core   0: 0x8001156c (0xff9ff06f) j       pc - 0x8
core   0: 3 0x8001156c (0xff9ff06f)
core   0: 0x80011564 (0x00001f17) auipc   t5, 0x1
core   0: 3 0x80011564 (0x00001f17) x30 0x80012564
core   0: 0x80011568 (0xa83f2e23) sw      gp, -1380(t5)
core   0: 3 0x80011568 (0xa83f2e23) mem 0x80012000 0x00000001
core   0: 0x8001156c (0xff9ff06f) j       pc - 0x8
core   0: 3 0x8001156c (0xff9ff06f)
core   0: 0x80011564 (0x00001f17) auipc   t5, 0x1
core   0: 3 0x80011564 (0x00001f17) x30 0x80012564
core   0: 0x80011568 (0xa83f2e23) sw      gp, -1380(t5)
core   0: 3 0x80011568 (0xa83f2e23) mem 0x80012000 0x00000001
core   0: 0x8001156c (0xff9ff06f) j       pc - 0x8
core   0: 3 0x8001156c (0xff9ff06f)
core   0: 0x80011564 (0x00001f17) auipc   t5, 0x1
core   0: 3 0x80011564 (0x00001f17) x30 0x80012564
core   0: 0x80011568 (0xa83f2e23) sw      gp, -1380(t5)
core   0: 3 0x80011568 (0xa83f2e23) mem 0x80012000 0x00000001
core   0: 0x8001156c (0xff9ff06f) j       pc - 0x8
core   0: 3 0x8001156c (0xff9ff06f)
core   0: 0x80011564 (0x00001f17) auipc   t5, 0x1
core   0: 3 0x80011564 (0x00001f17) x30 0x80012564
core   0: 0x80011568 (0xa83f2e23) sw      gp, -1380(t5)
core   0: 3 0x80011568 (0xa83f2e23) mem 0x80012000 0x00000001
core   0: 0x8001156c (0xff9ff06f) j       pc - 0x8
core   0: 3 0x8001156c (0xff9ff06f)
core   0: 0x80011564 (0x00001f17) auipc   t5, 0x1
core   0: 3 0x80011564 (0x00001f17) x30 0x80012564
core   0: 0x80011568 (0xa83f2e23) sw      gp, -1380(t5)
core   0: 3 0x80011568 (0xa83f2e23) mem 0x80012000 0x00000001
core   0: 0x8001156c (0xff9ff06f) j       pc - 0x8
core   0: 3 0x8001156c (0xff9ff06f)
core   0: 0x80011564 (0x00001f17) auipc   t5, 0x1
core   0: 3 0x80011564 (0x00001f17) x30 0x80012564
core   0: 0x80011568 (0xa83f2e23) sw      gp, -1380(t5)
core   0: 3 0x80011568 (0xa83f2e23) mem 0x80012000 0x00000001
core   0: 0x8001156c (0xff9ff06f) j       pc - 0x8
core   0: 3 0x8001156c (0xff9ff06f)
core   0: 0x80011564 (0x00001f17) auipc   t5, 0x1
core   0: 3 0x80011564 (0x00001f17) x30 0x80012564
core   0: 0x80011568 (0xa83f2e23) sw      gp, -1380(t5)
core   0: 3 0x80011568 (0xa83f2e23) mem 0x80012000 0x00000001
core   0: 0x8001156c (0xff9ff06f) j       pc - 0x8
core   0: 3 0x8001156c (0xff9ff06f)
core   0: 0x80011564 (0x00001f17) auipc   t5, 0x1
core   0: 3 0x80011564 (0x00001f17) x30 0x80012564
core   0: 0x80011568 (0xa83f2e23) sw      gp, -1380(t5)
core   0: 3 0x80011568 (0xa83f2e23) mem 0x80012000 0x00000001
core   0: 0x8001156c (0xff9ff06f) j       pc - 0x8
core   0: 3 0x8001156c (0xff9ff06f)
core   0: 0x80011564 (0x00001f17) auipc   t5, 0x1
core   0: 3 0x80011564 (0x00001f17) x30 0x80012564
core   0: 0x80011568 (0xa83f2e23) sw      gp, -1380(t5)
core   0: 3 0x80011568 (0xa83f2e23) mem 0x80012000 0x00000001
core   0: 0x8001156c (0xff9ff06f) j       pc - 0x8
core   0: 3 0x8001156c (0xff9ff06f)
core   0: 0x80011564 (0x00001f17) auipc   t5, 0x1
core   0: 3 0x80011564 (0x00001f17) x30 0x80012564
core   0: 0x80011568 (0xa83f2e23) sw      gp, -1380(t5)
core   0: 3 0x80011568 (0xa83f2e23) mem 0x80012000 0x00000001
core   0: 0x8001156c (0xff9ff06f) j       pc - 0x8
core   0: 3 0x8001156c (0xff9ff06f)
core   0: 0x80011564 (0x00001f17) auipc   t5, 0x1
core   0: 3 0x80011564 (0x00001f17) x30 0x80012564
core   0: 0x80011568 (0xa83f2e23) sw      gp, -1380(t5)
core   0: 3 0x80011568 (0xa83f2e23) mem 0x80012000 0x00000001
core   0: 0x8001156c (0xff9ff06f) j       pc - 0x8
core   0: 3 0x8001156c (0xff9ff06f)
core   0: 0x80011564 (0x00001f17) auipc   t5, 0x1
core   0: 3 0x80011564 (0x00001f17) x30 0x80012564
core   0: 0x80011568 (0xa83f2e23) sw      gp, -1380(t5)
core   0: 3 0x80011568 (0xa83f2e23) mem 0x80012000 0x00000001
core   0: 0x8001156c (0xff9ff06f) j       pc - 0x8
core   0: 3 0x8001156c (0xff9ff06f)
core   0: 0x80011564 (0x00001f17) auipc   t5, 0x1
core   0: 3 0x80011564 (0x00001f17) x30 0x80012564
core   0: 0x80011568 (0xa83f2e23) sw      gp, -1380(t5)
core   0: 3 0x80011568 (0xa83f2e23) mem 0x80012000 0x00000001
core   0: 0x8001156c (0xff9ff06f) j       pc - 0x8
core   0: 3 0x8001156c (0xff9ff06f)
core   0: 0x80011564 (0x00001f17) auipc   t5, 0x1
core   0: 3 0x80011564 (0x00001f17) x30 0x80012564
core   0: 0x80011568 (0xa83f2e23) sw      gp, -1380(t5)
core   0: 3 0x80011568 (0xa83f2e23) mem 0x80012000 0x00000001
core   0: 0x8001156c (0xff9ff06f) j       pc - 0x8
core   0: 3 0x8001156c (0xff9ff06f)
core   0: 0x80011564 (0x00001f17) auipc   t5, 0x1
core   0: 3 0x80011564 (0x00001f17) x30 0x80012564
core   0: 0x80011568 (0xa83f2e23) sw      gp, -1380(t5)
core   0: 3 0x80011568 (0xa83f2e23) mem 0x80012000 0x00000001
core   0: 0x8001156c (0xff9ff06f) j       pc - 0x8
core   0: 3 0x8001156c (0xff9ff06f)
core   0: 0x80011564 (0x00001f17) auipc   t5, 0x1
core   0: 3 0x80011564 (0x00001f17) x30 0x80012564
core   0: 0x80011568 (0xa83f2e23) sw      gp, -1380(t5)
core   0: 3 0x80011568 (0xa83f2e23) mem 0x80012000 0x00000001
core   0: 0x8001156c (0xff9ff06f) j       pc - 0x8
core   0: 3 0x8001156c (0xff9ff06f)
core   0: 0x80011564 (0x00001f17) auipc   t5, 0x1
core   0: 3 0x80011564 (0x00001f17) x30 0x80012564
core   0: 0x80011568 (0xa83f2e23) sw      gp, -1380(t5)
core   0: 3 0x80011568 (0xa83f2e23) mem 0x80012000 0x00000001
core   0: 0x8001156c (0xff9ff06f) j       pc - 0x8
core   0: 3 0x8001156c (0xff9ff06f)
core   0: 0x80011564 (0x00001f17) auipc   t5, 0x1
core   0: 3 0x80011564 (0x00001f17) x30 0x80012564
core   0: 0x80011568 (0xa83f2e23) sw      gp, -1380(t5)
core   0: 3 0x80011568 (0xa83f2e23) mem 0x80012000 0x00000001
core   0: 0x8001156c (0xff9ff06f) j       pc - 0x8
core   0: 3 0x8001156c (0xff9ff06f)
core   0: 0x80011564 (0x00001f17) auipc   t5, 0x1
core   0: 3 0x80011564 (0x00001f17) x30 0x80012564
core   0: 0x80011568 (0xa83f2e23) sw      gp, -1380(t5)
core   0: 3 0x80011568 (0xa83f2e23) mem 0x80012000 0x00000001
core   0: 0x8001156c (0xff9ff06f) j       pc - 0x8
core   0: 3 0x8001156c (0xff9ff06f)
core   0: 0x80011564 (0x00001f17) auipc   t5, 0x1
core   0: 3 0x80011564 (0x00001f17) x30 0x80012564
core   0: 0x80011568 (0xa83f2e23) sw      gp, -1380(t5)
core   0: 3 0x80011568 (0xa83f2e23) mem 0x80012000 0x00000001
core   0: 0x8001156c (0xff9ff06f) j       pc - 0x8
core   0: 3 0x8001156c (0xff9ff06f)
core   0: 0x80011564 (0x00001f17) auipc   t5, 0x1
core   0: 3 0x80011564 (0x00001f17) x30 0x80012564
core   0: 0x80011568 (0xa83f2e23) sw      gp, -1380(t5)
core   0: 3 0x80011568 (0xa83f2e23) mem 0x80012000 0x00000001
core   0: 0x8001156c (0xff9ff06f) j       pc - 0x8
core   0: 3 0x8001156c (0xff9ff06f)
core   0: 0x80011564 (0x00001f17) auipc   t5, 0x1
core   0: 3 0x80011564 (0x00001f17) x30 0x80012564
core   0: 0x80011568 (0xa83f2e23) sw      gp, -1380(t5)
core   0: 3 0x80011568 (0xa83f2e23) mem 0x80012000 0x00000001
core   0: 0x8001156c (0xff9ff06f) j       pc - 0x8
core   0: 3 0x8001156c (0xff9ff06f)
core   0: 0x80011564 (0x00001f17) auipc   t5, 0x1
core   0: 3 0x80011564 (0x00001f17) x30 0x80012564
core   0: 0x80011568 (0xa83f2e23) sw      gp, -1380(t5)
core   0: 3 0x80011568 (0xa83f2e23) mem 0x80012000 0x00000001
core   0: 0x8001156c (0xff9ff06f) j       pc - 0x8
core   0: 3 0x8001156c (0xff9ff06f)
core   0: 0x80011564 (0x00001f17) auipc   t5, 0x1
core   0: 3 0x80011564 (0x00001f17) x30 0x80012564
core   0: 0x80011568 (0xa83f2e23) sw      gp, -1380(t5)
core   0: 3 0x80011568 (0xa83f2e23) mem 0x80012000 0x00000001
core   0: 0x8001156c (0xff9ff06f) j       pc - 0x8
core   0: 3 0x8001156c (0xff9ff06f)
core   0: 0x80011564 (0x00001f17) auipc   t5, 0x1
core   0: 3 0x80011564 (0x00001f17) x30 0x80012564
core   0: 0x80011568 (0xa83f2e23) sw      gp, -1380(t5)
core   0: 3 0x80011568 (0xa83f2e23) mem 0x80012000 0x00000001
core   0: 0x8001156c (0xff9ff06f) j       pc - 0x8
core   0: 3 0x8001156c (0xff9ff06f)
core   0: 0x80011564 (0x00001f17) auipc   t5, 0x1
core   0: 3 0x80011564 (0x00001f17) x30 0x80012564
core   0: 0x80011568 (0xa83f2e23) sw      gp, -1380(t5)
core   0: 3 0x80011568 (0xa83f2e23) mem 0x80012000 0x00000001
core   0: 0x8001156c (0xff9ff06f) j       pc - 0x8
core   0: 3 0x8001156c (0xff9ff06f)
core   0: 0x80011564 (0x00001f17) auipc   t5, 0x1
core   0: 3 0x80011564 (0x00001f17) x30 0x80012564
core   0: 0x80011568 (0xa83f2e23) sw      gp, -1380(t5)
core   0: 3 0x80011568 (0xa83f2e23) mem 0x80012000 0x00000001
core   0: 0x8001156c (0xff9ff06f) j       pc - 0x8
core   0: 3 0x8001156c (0xff9ff06f)
core   0: 0x80011564 (0x00001f17) auipc   t5, 0x1
core   0: 3 0x80011564 (0x00001f17) x30 0x80012564
core   0: 0x80011568 (0xa83f2e23) sw      gp, -1380(t5)
core   0: 3 0x80011568 (0xa83f2e23) mem 0x80012000 0x00000001
core   0: 0x8001156c (0xff9ff06f) j       pc - 0x8
core   0: 3 0x8001156c (0xff9ff06f)
core   0: 0x80011564 (0x00001f17) auipc   t5, 0x1
core   0: 3 0x80011564 (0x00001f17) x30 0x80012564
core   0: 0x80011568 (0xa83f2e23) sw      gp, -1380(t5)
core   0: 3 0x80011568 (0xa83f2e23) mem 0x80012000 0x00000001
core   0: 0x8001156c (0xff9ff06f) j       pc - 0x8
core   0: 3 0x8001156c (0xff9ff06f)
core   0: 0x80011564 (0x00001f17) auipc   t5, 0x1
core   0: 3 0x80011564 (0x00001f17) x30 0x80012564
core   0: 0x80011568 (0xa83f2e23) sw      gp, -1380(t5)
core   0: 3 0x80011568 (0xa83f2e23) mem 0x80012000 0x00000001
core   0: 0x8001156c (0xff9ff06f) j       pc - 0x8
core   0: 3 0x8001156c (0xff9ff06f)
core   0: 0x80011564 (0x00001f17) auipc   t5, 0x1
core   0: 3 0x80011564 (0x00001f17) x30 0x80012564
core   0: 0x80011568 (0xa83f2e23) sw      gp, -1380(t5)
core   0: 3 0x80011568 (0xa83f2e23) mem 0x80012000 0x00000001
core   0: 0x8001156c (0xff9ff06f) j       pc - 0x8
core   0: 3 0x8001156c (0xff9ff06f)
core   0: 0x80011564 (0x00001f17) auipc   t5, 0x1
core   0: 3 0x80011564 (0x00001f17) x30 0x80012564
core   0: 0x80011568 (0xa83f2e23) sw      gp, -1380(t5)
core   0: 3 0x80011568 (0xa83f2e23) mem 0x80012000 0x00000001
core   0: 0x8001156c (0xff9ff06f) j       pc - 0x8
core   0: 3 0x8001156c (0xff9ff06f)
core   0: 0x80011564 (0x00001f17) auipc   t5, 0x1
core   0: 3 0x80011564 (0x00001f17) x30 0x80012564
core   0: 0x80011568 (0xa83f2e23) sw      gp, -1380(t5)
core   0: 3 0x80011568 (0xa83f2e23) mem 0x80012000 0x00000001
core   0: 0x8001156c (0xff9ff06f) j       pc - 0x8
core   0: 3 0x8001156c (0xff9ff06f)
core   0: 0x80011564 (0x00001f17) auipc   t5, 0x1
core   0: 3 0x80011564 (0x00001f17) x30 0x80012564
core   0: 0x80011568 (0xa83f2e23) sw      gp, -1380(t5)
core   0: 3 0x80011568 (0xa83f2e23) mem 0x80012000 0x00000001
core   0: 0x8001156c (0xff9ff06f) j       pc - 0x8
core   0: 3 0x8001156c (0xff9ff06f)
core   0: 0x80011564 (0x00001f17) auipc   t5, 0x1
core   0: 3 0x80011564 (0x00001f17) x30 0x80012564
core   0: 0x80011568 (0xa83f2e23) sw      gp, -1380(t5)
core   0: 3 0x80011568 (0xa83f2e23) mem 0x80012000 0x00000001
core   0: 0x8001156c (0xff9ff06f) j       pc - 0x8
core   0: 3 0x8001156c (0xff9ff06f)
core   0: 0x80011564 (0x00001f17) auipc   t5, 0x1
core   0: 3 0x80011564 (0x00001f17) x30 0x80012564
core   0: 0x80011568 (0xa83f2e23) sw      gp, -1380(t5)
core   0: 3 0x80011568 (0xa83f2e23) mem 0x80012000 0x00000001
core   0: 0x8001156c (0xff9ff06f) j       pc - 0x8
core   0: 3 0x8001156c (0xff9ff06f)
core   0: 0x80011564 (0x00001f17) auipc   t5, 0x1
core   0: 3 0x80011564 (0x00001f17) x30 0x80012564
core   0: 0x80011568 (0xa83f2e23) sw      gp, -1380(t5)
core   0: 3 0x80011568 (0xa83f2e23) mem 0x80012000 0x00000001
core   0: 0x8001156c (0xff9ff06f) j       pc - 0x8
core   0: 3 0x8001156c (0xff9ff06f)
core   0: 0x80011564 (0x00001f17) auipc   t5, 0x1
core   0: 3 0x80011564 (0x00001f17) x30 0x80012564
core   0: 0x80011568 (0xa83f2e23) sw      gp, -1380(t5)
core   0: 3 0x80011568 (0xa83f2e23) mem 0x80012000 0x00000001
core   0: 0x8001156c (0xff9ff06f) j       pc - 0x8
core   0: 3 0x8001156c (0xff9ff06f)
core   0: 0x80011564 (0x00001f17) auipc   t5, 0x1
core   0: 3 0x80011564 (0x00001f17) x30 0x80012564
core   0: 0x80011568 (0xa83f2e23) sw      gp, -1380(t5)
core   0: 3 0x80011568 (0xa83f2e23) mem 0x80012000 0x00000001
core   0: 0x8001156c (0xff9ff06f) j       pc - 0x8
core   0: 3 0x8001156c (0xff9ff06f)
core   0: 0x80011564 (0x00001f17) auipc   t5, 0x1
core   0: 3 0x80011564 (0x00001f17) x30 0x80012564
core   0: 0x80011568 (0xa83f2e23) sw      gp, -1380(t5)
core   0: 3 0x80011568 (0xa83f2e23) mem 0x80012000 0x00000001
core   0: 0x8001156c (0xff9ff06f) j       pc - 0x8
core   0: 3 0x8001156c (0xff9ff06f)
core   0: 0x80011564 (0x00001f17) auipc   t5, 0x1
core   0: 3 0x80011564 (0x00001f17) x30 0x80012564
core   0: 0x80011568 (0xa83f2e23) sw      gp, -1380(t5)
core   0: 3 0x80011568 (0xa83f2e23) mem 0x80012000 0x00000001
core   0: 0x8001156c (0xff9ff06f) j       pc - 0x8
core   0: 3 0x8001156c (0xff9ff06f)
core   0: 0x80011564 (0x00001f17) auipc   t5, 0x1
core   0: 3 0x80011564 (0x00001f17) x30 0x80012564
core   0: 0x80011568 (0xa83f2e23) sw      gp, -1380(t5)
core   0: 3 0x80011568 (0xa83f2e23) mem 0x80012000 0x00000001
core   0: 0x8001156c (0xff9ff06f) j       pc - 0x8
core   0: 3 0x8001156c (0xff9ff06f)
core   0: 0x80011564 (0x00001f17) auipc   t5, 0x1
core   0: 3 0x80011564 (0x00001f17) x30 0x80012564
core   0: 0x80011568 (0xa83f2e23) sw      gp, -1380(t5)
core   0: 3 0x80011568 (0xa83f2e23) mem 0x80012000 0x00000001
core   0: 0x8001156c (0xff9ff06f) j       pc - 0x8
core   0: 3 0x8001156c (0xff9ff06f)
core   0: 0x80011564 (0x00001f17) auipc   t5, 0x1
core   0: 3 0x80011564 (0x00001f17) x30 0x80012564
core   0: 0x80011568 (0xa83f2e23) sw      gp, -1380(t5)
core   0: 3 0x80011568 (0xa83f2e23) mem 0x80012000 0x00000001
core   0: 0x8001156c (0xff9ff06f) j       pc - 0x8
core   0: 3 0x8001156c (0xff9ff06f)
core   0: 0x80011564 (0x00001f17) auipc   t5, 0x1
core   0: 3 0x80011564 (0x00001f17) x30 0x80012564
core   0: 0x80011568 (0xa83f2e23) sw      gp, -1380(t5)
core   0: 3 0x80011568 (0xa83f2e23) mem 0x80012000 0x00000001
core   0: 0x8001156c (0xff9ff06f) j       pc - 0x8
core   0: 3 0x8001156c (0xff9ff06f)
core   0: 0x80011564 (0x00001f17) auipc   t5, 0x1
core   0: 3 0x80011564 (0x00001f17) x30 0x80012564
core   0: 0x80011568 (0xa83f2e23) sw      gp, -1380(t5)
core   0: 3 0x80011568 (0xa83f2e23) mem 0x80012000 0x00000001
core   0: 0x8001156c (0xff9ff06f) j       pc - 0x8
core   0: 3 0x8001156c (0xff9ff06f)
core   0: 0x80011564 (0x00001f17) auipc   t5, 0x1
core   0: 3 0x80011564 (0x00001f17) x30 0x80012564
core   0: 0x80011568 (0xa83f2e23) sw      gp, -1380(t5)
core   0: 3 0x80011568 (0xa83f2e23) mem 0x80012000 0x00000001
core   0: 0x8001156c (0xff9ff06f) j       pc - 0x8
core   0: 3 0x8001156c (0xff9ff06f)
core   0: 0x80011564 (0x00001f17) auipc   t5, 0x1
core   0: 3 0x80011564 (0x00001f17) x30 0x80012564
core   0: 0x80011568 (0xa83f2e23) sw      gp, -1380(t5)
core   0: 3 0x80011568 (0xa83f2e23) mem 0x80012000 0x00000001
core   0: 0x8001156c (0xff9ff06f) j       pc - 0x8
core   0: 3 0x8001156c (0xff9ff06f)
core   0: 0x80011564 (0x00001f17) auipc   t5, 0x1
core   0: 3 0x80011564 (0x00001f17) x30 0x80012564
core   0: 0x80011568 (0xa83f2e23) sw      gp, -1380(t5)
core   0: 3 0x80011568 (0xa83f2e23) mem 0x80012000 0x00000001
core   0: 0x8001156c (0xff9ff06f) j       pc - 0x8
core   0: 3 0x8001156c (0xff9ff06f)
core   0: 0x80011564 (0x00001f17) auipc   t5, 0x1
core   0: 3 0x80011564 (0x00001f17) x30 0x80012564
core   0: 0x80011568 (0xa83f2e23) sw      gp, -1380(t5)
core   0: 3 0x80011568 (0xa83f2e23) mem 0x80012000 0x00000001
core   0: 0x8001156c (0xff9ff06f) j       pc - 0x8
core   0: 3 0x8001156c (0xff9ff06f)
core   0: 0x80011564 (0x00001f17) auipc   t5, 0x1
core   0: 3 0x80011564 (0x00001f17) x30 0x80012564
core   0: 0x80011568 (0xa83f2e23) sw      gp, -1380(t5)
core   0: 3 0x80011568 (0xa83f2e23) mem 0x80012000 0x00000001
core   0: 0x8001156c (0xff9ff06f) j       pc - 0x8
core   0: 3 0x8001156c (0xff9ff06f)
core   0: 0x80011564 (0x00001f17) auipc   t5, 0x1
core   0: 3 0x80011564 (0x00001f17) x30 0x80012564
core   0: 0x80011568 (0xa83f2e23) sw      gp, -1380(t5)
core   0: 3 0x80011568 (0xa83f2e23) mem 0x80012000 0x00000001
core   0: 0x8001156c (0xff9ff06f) j       pc - 0x8
core   0: 3 0x8001156c (0xff9ff06f)
core   0: 0x80011564 (0x00001f17) auipc   t5, 0x1
core   0: 3 0x80011564 (0x00001f17) x30 0x80012564
core   0: 0x80011568 (0xa83f2e23) sw      gp, -1380(t5)
core   0: 3 0x80011568 (0xa83f2e23) mem 0x80012000 0x00000001
core   0: 0x8001156c (0xff9ff06f) j       pc - 0x8
core   0: 3 0x8001156c (0xff9ff06f)
core   0: 0x80011564 (0x00001f17) auipc   t5, 0x1
core   0: 3 0x80011564 (0x00001f17) x30 0x80012564
core   0: 0x80011568 (0xa83f2e23) sw      gp, -1380(t5)
core   0: 3 0x80011568 (0xa83f2e23) mem 0x80012000 0x00000001
core   0: 0x8001156c (0xff9ff06f) j       pc - 0x8
core   0: 3 0x8001156c (0xff9ff06f)
core   0: 0x80011564 (0x00001f17) auipc   t5, 0x1
core   0: 3 0x80011564 (0x00001f17) x30 0x80012564
core   0: 0x80011568 (0xa83f2e23) sw      gp, -1380(t5)
core   0: 3 0x80011568 (0xa83f2e23) mem 0x80012000 0x00000001
core   0: 0x8001156c (0xff9ff06f) j       pc - 0x8
core   0: 3 0x8001156c (0xff9ff06f)
core   0: 0x80011564 (0x00001f17) auipc   t5, 0x1
core   0: 3 0x80011564 (0x00001f17) x30 0x80012564
core   0: 0x80011568 (0xa83f2e23) sw      gp, -1380(t5)
core   0: 3 0x80011568 (0xa83f2e23) mem 0x80012000 0x00000001
core   0: 0x8001156c (0xff9ff06f) j       pc - 0x8
core   0: 3 0x8001156c (0xff9ff06f)
core   0: 0x80011564 (0x00001f17) auipc   t5, 0x1
core   0: 3 0x80011564 (0x00001f17) x30 0x80012564
core   0: 0x80011568 (0xa83f2e23) sw      gp, -1380(t5)
core   0: 3 0x80011568 (0xa83f2e23) mem 0x80012000 0x00000001
core   0: 0x8001156c (0xff9ff06f) j       pc - 0x8
core   0: 3 0x8001156c (0xff9ff06f)
core   0: 0x80011564 (0x00001f17) auipc   t5, 0x1
core   0: 3 0x80011564 (0x00001f17) x30 0x80012564
core   0: 0x80011568 (0xa83f2e23) sw      gp, -1380(t5)
core   0: 3 0x80011568 (0xa83f2e23) mem 0x80012000 0x00000001
core   0: 0x8001156c (0xff9ff06f) j       pc - 0x8
core   0: 3 0x8001156c (0xff9ff06f)
core   0: 0x80011564 (0x00001f17) auipc   t5, 0x1
core   0: 3 0x80011564 (0x00001f17) x30 0x80012564
core   0: 0x80011568 (0xa83f2e23) sw      gp, -1380(t5)
core   0: 3 0x80011568 (0xa83f2e23) mem 0x80012000 0x00000001
core   0: 0x8001156c (0xff9ff06f) j       pc - 0x8
core   0: 3 0x8001156c (0xff9ff06f)
core   0: 0x80011564 (0x00001f17) auipc   t5, 0x1
core   0: 3 0x80011564 (0x00001f17) x30 0x80012564
core   0: 0x80011568 (0xa83f2e23) sw      gp, -1380(t5)
core   0: 3 0x80011568 (0xa83f2e23) mem 0x80012000 0x00000001
core   0: 0x8001156c (0xff9ff06f) j       pc - 0x8
core   0: 3 0x8001156c (0xff9ff06f)
core   0: 0x80011564 (0x00001f17) auipc   t5, 0x1
core   0: 3 0x80011564 (0x00001f17) x30 0x80012564
core   0: 0x80011568 (0xa83f2e23) sw      gp, -1380(t5)
core   0: 3 0x80011568 (0xa83f2e23) mem 0x80012000 0x00000001
core   0: 0x8001156c (0xff9ff06f) j       pc - 0x8
core   0: 3 0x8001156c (0xff9ff06f)
core   0: 0x80011564 (0x00001f17) auipc   t5, 0x1
core   0: 3 0x80011564 (0x00001f17) x30 0x80012564
core   0: 0x80011568 (0xa83f2e23) sw      gp, -1380(t5)
core   0: 3 0x80011568 (0xa83f2e23) mem 0x80012000 0x00000001
core   0: 0x8001156c (0xff9ff06f) j       pc - 0x8
core   0: 3 0x8001156c (0xff9ff06f)
core   0: 0x80011564 (0x00001f17) auipc   t5, 0x1
core   0: 3 0x80011564 (0x00001f17) x30 0x80012564
core   0: 0x80011568 (0xa83f2e23) sw      gp, -1380(t5)
core   0: 3 0x80011568 (0xa83f2e23) mem 0x80012000 0x00000001
core   0: 0x8001156c (0xff9ff06f) j       pc - 0x8
core   0: 3 0x8001156c (0xff9ff06f)
core   0: 0x80011564 (0x00001f17) auipc   t5, 0x1
core   0: 3 0x80011564 (0x00001f17) x30 0x80012564
core   0: 0x80011568 (0xa83f2e23) sw      gp, -1380(t5)
core   0: 3 0x80011568 (0xa83f2e23) mem 0x80012000 0x00000001
core   0: 0x8001156c (0xff9ff06f) j       pc - 0x8
core   0: 3 0x8001156c (0xff9ff06f)
core   0: 0x80011564 (0x00001f17) auipc   t5, 0x1
core   0: 3 0x80011564 (0x00001f17) x30 0x80012564
core   0: 0x80011568 (0xa83f2e23) sw      gp, -1380(t5)
core   0: 3 0x80011568 (0xa83f2e23) mem 0x80012000 0x00000001
core   0: 0x8001156c (0xff9ff06f) j       pc - 0x8
core   0: 3 0x8001156c (0xff9ff06f)
core   0: 0x80011564 (0x00001f17) auipc   t5, 0x1
core   0: 3 0x80011564 (0x00001f17) x30 0x80012564
core   0: 0x80011568 (0xa83f2e23) sw      gp, -1380(t5)
core   0: 3 0x80011568 (0xa83f2e23) mem 0x80012000 0x00000001
core   0: 0x8001156c (0xff9ff06f) j       pc - 0x8
core   0: 3 0x8001156c (0xff9ff06f)
core   0: 0x80011564 (0x00001f17) auipc   t5, 0x1
core   0: 3 0x80011564 (0x00001f17) x30 0x80012564
core   0: 0x80011568 (0xa83f2e23) sw      gp, -1380(t5)
core   0: 3 0x80011568 (0xa83f2e23) mem 0x80012000 0x00000001
core   0: 0x8001156c (0xff9ff06f) j       pc - 0x8
core   0: 3 0x8001156c (0xff9ff06f)
core   0: 0x80011564 (0x00001f17) auipc   t5, 0x1
core   0: 3 0x80011564 (0x00001f17) x30 0x80012564
core   0: 0x80011568 (0xa83f2e23) sw      gp, -1380(t5)
core   0: 3 0x80011568 (0xa83f2e23) mem 0x80012000 0x00000001
core   0: 0x8001156c (0xff9ff06f) j       pc - 0x8
core   0: 3 0x8001156c (0xff9ff06f)
core   0: 0x80011564 (0x00001f17) auipc   t5, 0x1
core   0: 3 0x80011564 (0x00001f17) x30 0x80012564
core   0: 0x80011568 (0xa83f2e23) sw      gp, -1380(t5)
core   0: 3 0x80011568 (0xa83f2e23) mem 0x80012000 0x00000001
core   0: 0x8001156c (0xff9ff06f) j       pc - 0x8
core   0: 3 0x8001156c (0xff9ff06f)
core   0: 0x80011564 (0x00001f17) auipc   t5, 0x1
core   0: 3 0x80011564 (0x00001f17) x30 0x80012564
core   0: 0x80011568 (0xa83f2e23) sw      gp, -1380(t5)
core   0: 3 0x80011568 (0xa83f2e23) mem 0x80012000 0x00000001
core   0: 0x8001156c (0xff9ff06f) j       pc - 0x8
core   0: 3 0x8001156c (0xff9ff06f)
core   0: 0x80011564 (0x00001f17) auipc   t5, 0x1
core   0: 3 0x80011564 (0x00001f17) x30 0x80012564
core   0: 0x80011568 (0xa83f2e23) sw      gp, -1380(t5)
core   0: 3 0x80011568 (0xa83f2e23) mem 0x80012000 0x00000001
core   0: 0x8001156c (0xff9ff06f) j       pc - 0x8
core   0: 3 0x8001156c (0xff9ff06f)
core   0: 0x80011564 (0x00001f17) auipc   t5, 0x1
core   0: 3 0x80011564 (0x00001f17) x30 0x80012564
core   0: 0x80011568 (0xa83f2e23) sw      gp, -1380(t5)
core   0: 3 0x80011568 (0xa83f2e23) mem 0x80012000 0x00000001
core   0: 0x8001156c (0xff9ff06f) j       pc - 0x8
core   0: 3 0x8001156c (0xff9ff06f)
core   0: 0x80011564 (0x00001f17) auipc   t5, 0x1
core   0: 3 0x80011564 (0x00001f17) x30 0x80012564
core   0: 0x80011568 (0xa83f2e23) sw      gp, -1380(t5)
core   0: 3 0x80011568 (0xa83f2e23) mem 0x80012000 0x00000001
core   0: 0x8001156c (0xff9ff06f) j       pc - 0x8
core   0: 3 0x8001156c (0xff9ff06f)
core   0: 0x80011564 (0x00001f17) auipc   t5, 0x1
core   0: 3 0x80011564 (0x00001f17) x30 0x80012564
core   0: 0x80011568 (0xa83f2e23) sw      gp, -1380(t5)
core   0: 3 0x80011568 (0xa83f2e23) mem 0x80012000 0x00000001
core   0: 0x8001156c (0xff9ff06f) j       pc - 0x8
core   0: 3 0x8001156c (0xff9ff06f)
core   0: 0x80011564 (0x00001f17) auipc   t5, 0x1
core   0: 3 0x80011564 (0x00001f17) x30 0x80012564
core   0: 0x80011568 (0xa83f2e23) sw      gp, -1380(t5)
core   0: 3 0x80011568 (0xa83f2e23) mem 0x80012000 0x00000001
core   0: 0x8001156c (0xff9ff06f) j       pc - 0x8
core   0: 3 0x8001156c (0xff9ff06f)
core   0: 0x80011564 (0x00001f17) auipc   t5, 0x1
core   0: 3 0x80011564 (0x00001f17) x30 0x80012564
core   0: 0x80011568 (0xa83f2e23) sw      gp, -1380(t5)
core   0: 3 0x80011568 (0xa83f2e23) mem 0x80012000 0x00000001
core   0: 0x8001156c (0xff9ff06f) j       pc - 0x8
core   0: 3 0x8001156c (0xff9ff06f)
core   0: 0x80011564 (0x00001f17) auipc   t5, 0x1
core   0: 3 0x80011564 (0x00001f17) x30 0x80012564
core   0: 0x80011568 (0xa83f2e23) sw      gp, -1380(t5)
core   0: 3 0x80011568 (0xa83f2e23) mem 0x80012000 0x00000001
core   0: 0x8001156c (0xff9ff06f) j       pc - 0x8
core   0: 3 0x8001156c (0xff9ff06f)
core   0: 0x80011564 (0x00001f17) auipc   t5, 0x1
core   0: 3 0x80011564 (0x00001f17) x30 0x80012564
core   0: 0x80011568 (0xa83f2e23) sw      gp, -1380(t5)
core   0: 3 0x80011568 (0xa83f2e23) mem 0x80012000 0x00000001
core   0: 0x8001156c (0xff9ff06f) j       pc - 0x8
core   0: 3 0x8001156c (0xff9ff06f)
core   0: 0x80011564 (0x00001f17) auipc   t5, 0x1
core   0: 3 0x80011564 (0x00001f17) x30 0x80012564
core   0: 0x80011568 (0xa83f2e23) sw      gp, -1380(t5)
core   0: 3 0x80011568 (0xa83f2e23) mem 0x80012000 0x00000001
core   0: 0x8001156c (0xff9ff06f) j       pc - 0x8
core   0: 3 0x8001156c (0xff9ff06f)
core   0: 0x80011564 (0x00001f17) auipc   t5, 0x1
core   0: 3 0x80011564 (0x00001f17) x30 0x80012564
core   0: 0x80011568 (0xa83f2e23) sw      gp, -1380(t5)
core   0: 3 0x80011568 (0xa83f2e23) mem 0x80012000 0x00000001
core   0: 0x8001156c (0xff9ff06f) j       pc - 0x8
core   0: 3 0x8001156c (0xff9ff06f)
core   0: 0x80011564 (0x00001f17) auipc   t5, 0x1
core   0: 3 0x80011564 (0x00001f17) x30 0x80012564
core   0: 0x80011568 (0xa83f2e23) sw      gp, -1380(t5)
core   0: 3 0x80011568 (0xa83f2e23) mem 0x80012000 0x00000001
core   0: 0x8001156c (0xff9ff06f) j       pc - 0x8
core   0: 3 0x8001156c (0xff9ff06f)
core   0: 0x80011564 (0x00001f17) auipc   t5, 0x1
core   0: 3 0x80011564 (0x00001f17) x30 0x80012564
core   0: 0x80011568 (0xa83f2e23) sw      gp, -1380(t5)
core   0: 3 0x80011568 (0xa83f2e23) mem 0x80012000 0x00000001
core   0: 0x8001156c (0xff9ff06f) j       pc - 0x8
core   0: 3 0x8001156c (0xff9ff06f)
core   0: 0x80011564 (0x00001f17) auipc   t5, 0x1
core   0: 3 0x80011564 (0x00001f17) x30 0x80012564
core   0: 0x80011568 (0xa83f2e23) sw      gp, -1380(t5)
core   0: 3 0x80011568 (0xa83f2e23) mem 0x80012000 0x00000001
core   0: 0x8001156c (0xff9ff06f) j       pc - 0x8
core   0: 3 0x8001156c (0xff9ff06f)
core   0: 0x80011564 (0x00001f17) auipc   t5, 0x1
core   0: 3 0x80011564 (0x00001f17) x30 0x80012564
core   0: 0x80011568 (0xa83f2e23) sw      gp, -1380(t5)
core   0: 3 0x80011568 (0xa83f2e23) mem 0x80012000 0x00000001
core   0: 0x8001156c (0xff9ff06f) j       pc - 0x8
core   0: 3 0x8001156c (0xff9ff06f)
core   0: 0x80011564 (0x00001f17) auipc   t5, 0x1
core   0: 3 0x80011564 (0x00001f17) x30 0x80012564
core   0: 0x80011568 (0xa83f2e23) sw      gp, -1380(t5)
core   0: 3 0x80011568 (0xa83f2e23) mem 0x80012000 0x00000001
core   0: 0x8001156c (0xff9ff06f) j       pc - 0x8
core   0: 3 0x8001156c (0xff9ff06f)
core   0: 0x80011564 (0x00001f17) auipc   t5, 0x1
core   0: 3 0x80011564 (0x00001f17) x30 0x80012564
core   0: 0x80011568 (0xa83f2e23) sw      gp, -1380(t5)
core   0: 3 0x80011568 (0xa83f2e23) mem 0x80012000 0x00000001
core   0: 0x8001156c (0xff9ff06f) j       pc - 0x8
core   0: 3 0x8001156c (0xff9ff06f)
core   0: 0x80011564 (0x00001f17) auipc   t5, 0x1
core   0: 3 0x80011564 (0x00001f17) x30 0x80012564
core   0: 0x80011568 (0xa83f2e23) sw      gp, -1380(t5)
core   0: 3 0x80011568 (0xa83f2e23) mem 0x80012000 0x00000001
core   0: 0x8001156c (0xff9ff06f) j       pc - 0x8
core   0: 3 0x8001156c (0xff9ff06f)
core   0: 0x80011564 (0x00001f17) auipc   t5, 0x1
core   0: 3 0x80011564 (0x00001f17) x30 0x80012564
core   0: 0x80011568 (0xa83f2e23) sw      gp, -1380(t5)
core   0: 3 0x80011568 (0xa83f2e23) mem 0x80012000 0x00000001
core   0: 0x8001156c (0xff9ff06f) j       pc - 0x8
core   0: 3 0x8001156c (0xff9ff06f)
core   0: 0x80011564 (0x00001f17) auipc   t5, 0x1
core   0: 3 0x80011564 (0x00001f17) x30 0x80012564
core   0: 0x80011568 (0xa83f2e23) sw      gp, -1380(t5)
core   0: 3 0x80011568 (0xa83f2e23) mem 0x80012000 0x00000001
core   0: 0x8001156c (0xff9ff06f) j       pc - 0x8
core   0: 3 0x8001156c (0xff9ff06f)
core   0: 0x80011564 (0x00001f17) auipc   t5, 0x1
core   0: 3 0x80011564 (0x00001f17) x30 0x80012564
core   0: 0x80011568 (0xa83f2e23) sw      gp, -1380(t5)
core   0: 3 0x80011568 (0xa83f2e23) mem 0x80012000 0x00000001
core   0: 0x8001156c (0xff9ff06f) j       pc - 0x8
core   0: 3 0x8001156c (0xff9ff06f)
core   0: 0x80011564 (0x00001f17) auipc   t5, 0x1
core   0: 3 0x80011564 (0x00001f17) x30 0x80012564
core   0: 0x80011568 (0xa83f2e23) sw      gp, -1380(t5)
core   0: 3 0x80011568 (0xa83f2e23) mem 0x80012000 0x00000001
core   0: 0x8001156c (0xff9ff06f) j       pc - 0x8
core   0: 3 0x8001156c (0xff9ff06f)
core   0: 0x80011564 (0x00001f17) auipc   t5, 0x1
core   0: 3 0x80011564 (0x00001f17) x30 0x80012564
core   0: 0x80011568 (0xa83f2e23) sw      gp, -1380(t5)
core   0: 3 0x80011568 (0xa83f2e23) mem 0x80012000 0x00000001
core   0: 0x8001156c (0xff9ff06f) j       pc - 0x8
core   0: 3 0x8001156c (0xff9ff06f)
core   0: 0x80011564 (0x00001f17) auipc   t5, 0x1
core   0: 3 0x80011564 (0x00001f17) x30 0x80012564
core   0: 0x80011568 (0xa83f2e23) sw      gp, -1380(t5)
core   0: 3 0x80011568 (0xa83f2e23) mem 0x80012000 0x00000001
core   0: 0x8001156c (0xff9ff06f) j       pc - 0x8
core   0: 3 0x8001156c (0xff9ff06f)
core   0: 0x80011564 (0x00001f17) auipc   t5, 0x1
core   0: 3 0x80011564 (0x00001f17) x30 0x80012564
core   0: 0x80011568 (0xa83f2e23) sw      gp, -1380(t5)
core   0: 3 0x80011568 (0xa83f2e23) mem 0x80012000 0x00000001
core   0: 0x8001156c (0xff9ff06f) j       pc - 0x8
core   0: 3 0x8001156c (0xff9ff06f)
core   0: 0x80011564 (0x00001f17) auipc   t5, 0x1
core   0: 3 0x80011564 (0x00001f17) x30 0x80012564
core   0: 0x80011568 (0xa83f2e23) sw      gp, -1380(t5)
core   0: 3 0x80011568 (0xa83f2e23) mem 0x80012000 0x00000001
core   0: 0x8001156c (0xff9ff06f) j       pc - 0x8
core   0: 3 0x8001156c (0xff9ff06f)
core   0: 0x80011564 (0x00001f17) auipc   t5, 0x1
core   0: 3 0x80011564 (0x00001f17) x30 0x80012564
core   0: 0x80011568 (0xa83f2e23) sw      gp, -1380(t5)
core   0: 3 0x80011568 (0xa83f2e23) mem 0x80012000 0x00000001
core   0: 0x8001156c (0xff9ff06f) j       pc - 0x8
core   0: 3 0x8001156c (0xff9ff06f)
core   0: 0x80011564 (0x00001f17) auipc   t5, 0x1
core   0: 3 0x80011564 (0x00001f17) x30 0x80012564
core   0: 0x80011568 (0xa83f2e23) sw      gp, -1380(t5)
core   0: 3 0x80011568 (0xa83f2e23) mem 0x80012000 0x00000001
core   0: 0x8001156c (0xff9ff06f) j       pc - 0x8
core   0: 3 0x8001156c (0xff9ff06f)
core   0: 0x80011564 (0x00001f17) auipc   t5, 0x1
core   0: 3 0x80011564 (0x00001f17) x30 0x80012564
core   0: 0x80011568 (0xa83f2e23) sw      gp, -1380(t5)
core   0: 3 0x80011568 (0xa83f2e23) mem 0x80012000 0x00000001
core   0: 0x8001156c (0xff9ff06f) j       pc - 0x8
core   0: 3 0x8001156c (0xff9ff06f)
core   0: 0x80011564 (0x00001f17) auipc   t5, 0x1
core   0: 3 0x80011564 (0x00001f17) x30 0x80012564
core   0: 0x80011568 (0xa83f2e23) sw      gp, -1380(t5)
core   0: 3 0x80011568 (0xa83f2e23) mem 0x80012000 0x00000001
core   0: 0x8001156c (0xff9ff06f) j       pc - 0x8
core   0: 3 0x8001156c (0xff9ff06f)
core   0: 0x80011564 (0x00001f17) auipc   t5, 0x1
core   0: 3 0x80011564 (0x00001f17) x30 0x80012564
core   0: 0x80011568 (0xa83f2e23) sw      gp, -1380(t5)
core   0: 3 0x80011568 (0xa83f2e23) mem 0x80012000 0x00000001
core   0: 0x8001156c (0xff9ff06f) j       pc - 0x8
core   0: 3 0x8001156c (0xff9ff06f)
core   0: 0x80011564 (0x00001f17) auipc   t5, 0x1
core   0: 3 0x80011564 (0x00001f17) x30 0x80012564
core   0: 0x80011568 (0xa83f2e23) sw      gp, -1380(t5)
core   0: 3 0x80011568 (0xa83f2e23) mem 0x80012000 0x00000001
core   0: 0x8001156c (0xff9ff06f) j       pc - 0x8
core   0: 3 0x8001156c (0xff9ff06f)
core   0: 0x80011564 (0x00001f17) auipc   t5, 0x1
core   0: 3 0x80011564 (0x00001f17) x30 0x80012564
core   0: 0x80011568 (0xa83f2e23) sw      gp, -1380(t5)
core   0: 3 0x80011568 (0xa83f2e23) mem 0x80012000 0x00000001
core   0: 0x8001156c (0xff9ff06f) j       pc - 0x8
core   0: 3 0x8001156c (0xff9ff06f)
core   0: 0x80011564 (0x00001f17) auipc   t5, 0x1
core   0: 3 0x80011564 (0x00001f17) x30 0x80012564
core   0: 0x80011568 (0xa83f2e23) sw      gp, -1380(t5)
core   0: 3 0x80011568 (0xa83f2e23) mem 0x80012000 0x00000001
core   0: 0x8001156c (0xff9ff06f) j       pc - 0x8
core   0: 3 0x8001156c (0xff9ff06f)
core   0: 0x80011564 (0x00001f17) auipc   t5, 0x1
core   0: 3 0x80011564 (0x00001f17) x30 0x80012564
core   0: 0x80011568 (0xa83f2e23) sw      gp, -1380(t5)
core   0: 3 0x80011568 (0xa83f2e23) mem 0x80012000 0x00000001
core   0: 0x8001156c (0xff9ff06f) j       pc - 0x8
core   0: 3 0x8001156c (0xff9ff06f)
core   0: 0x80011564 (0x00001f17) auipc   t5, 0x1
core   0: 3 0x80011564 (0x00001f17) x30 0x80012564
core   0: 0x80011568 (0xa83f2e23) sw      gp, -1380(t5)
core   0: 3 0x80011568 (0xa83f2e23) mem 0x80012000 0x00000001
core   0: 0x8001156c (0xff9ff06f) j       pc - 0x8
core   0: 3 0x8001156c (0xff9ff06f)
core   0: 0x80011564 (0x00001f17) auipc   t5, 0x1
core   0: 3 0x80011564 (0x00001f17) x30 0x80012564
core   0: 0x80011568 (0xa83f2e23) sw      gp, -1380(t5)
core   0: 3 0x80011568 (0xa83f2e23) mem 0x80012000 0x00000001
core   0: 0x8001156c (0xff9ff06f) j       pc - 0x8
core   0: 3 0x8001156c (0xff9ff06f)
core   0: 0x80011564 (0x00001f17) auipc   t5, 0x1
core   0: 3 0x80011564 (0x00001f17) x30 0x80012564
core   0: 0x80011568 (0xa83f2e23) sw      gp, -1380(t5)
core   0: 3 0x80011568 (0xa83f2e23) mem 0x80012000 0x00000001
core   0: 0x8001156c (0xff9ff06f) j       pc - 0x8
core   0: 3 0x8001156c (0xff9ff06f)
core   0: 0x80011564 (0x00001f17) auipc   t5, 0x1
core   0: 3 0x80011564 (0x00001f17) x30 0x80012564
core   0: 0x80011568 (0xa83f2e23) sw      gp, -1380(t5)
core   0: 3 0x80011568 (0xa83f2e23) mem 0x80012000 0x00000001
core   0: 0x8001156c (0xff9ff06f) j       pc - 0x8
core   0: 3 0x8001156c (0xff9ff06f)
core   0: 0x80011564 (0x00001f17) auipc   t5, 0x1
core   0: 3 0x80011564 (0x00001f17) x30 0x80012564
core   0: 0x80011568 (0xa83f2e23) sw      gp, -1380(t5)
core   0: 3 0x80011568 (0xa83f2e23) mem 0x80012000 0x00000001
core   0: 0x8001156c (0xff9ff06f) j       pc - 0x8
core   0: 3 0x8001156c (0xff9ff06f)
core   0: 0x80011564 (0x00001f17) auipc   t5, 0x1
core   0: 3 0x80011564 (0x00001f17) x30 0x80012564
core   0: 0x80011568 (0xa83f2e23) sw      gp, -1380(t5)
core   0: 3 0x80011568 (0xa83f2e23) mem 0x80012000 0x00000001
core   0: 0x8001156c (0xff9ff06f) j       pc - 0x8
core   0: 3 0x8001156c (0xff9ff06f)
core   0: 0x80011564 (0x00001f17) auipc   t5, 0x1
core   0: 3 0x80011564 (0x00001f17) x30 0x80012564
core   0: 0x80011568 (0xa83f2e23) sw      gp, -1380(t5)
core   0: 3 0x80011568 (0xa83f2e23) mem 0x80012000 0x00000001
core   0: 0x8001156c (0xff9ff06f) j       pc - 0x8
core   0: 3 0x8001156c (0xff9ff06f)
core   0: 0x80011564 (0x00001f17) auipc   t5, 0x1
core   0: 3 0x80011564 (0x00001f17) x30 0x80012564
core   0: 0x80011568 (0xa83f2e23) sw      gp, -1380(t5)
core   0: 3 0x80011568 (0xa83f2e23) mem 0x80012000 0x00000001
core   0: 0x8001156c (0xff9ff06f) j       pc - 0x8
core   0: 3 0x8001156c (0xff9ff06f)
core   0: 0x80011564 (0x00001f17) auipc   t5, 0x1
core   0: 3 0x80011564 (0x00001f17) x30 0x80012564
core   0: 0x80011568 (0xa83f2e23) sw      gp, -1380(t5)
core   0: 3 0x80011568 (0xa83f2e23) mem 0x80012000 0x00000001
core   0: 0x8001156c (0xff9ff06f) j       pc - 0x8
core   0: 3 0x8001156c (0xff9ff06f)
core   0: 0x80011564 (0x00001f17) auipc   t5, 0x1
core   0: 3 0x80011564 (0x00001f17) x30 0x80012564
core   0: 0x80011568 (0xa83f2e23) sw      gp, -1380(t5)
core   0: 3 0x80011568 (0xa83f2e23) mem 0x80012000 0x00000001
core   0: 0x8001156c (0xff9ff06f) j       pc - 0x8
core   0: 3 0x8001156c (0xff9ff06f)
core   0: 0x80011564 (0x00001f17) auipc   t5, 0x1
core   0: 3 0x80011564 (0x00001f17) x30 0x80012564
core   0: 0x80011568 (0xa83f2e23) sw      gp, -1380(t5)
core   0: 3 0x80011568 (0xa83f2e23) mem 0x80012000 0x00000001
core   0: 0x8001156c (0xff9ff06f) j       pc - 0x8
core   0: 3 0x8001156c (0xff9ff06f)
core   0: 0x80011564 (0x00001f17) auipc   t5, 0x1
core   0: 3 0x80011564 (0x00001f17) x30 0x80012564
core   0: 0x80011568 (0xa83f2e23) sw      gp, -1380(t5)
core   0: 3 0x80011568 (0xa83f2e23) mem 0x80012000 0x00000001
core   0: 0x8001156c (0xff9ff06f) j       pc - 0x8
core   0: 3 0x8001156c (0xff9ff06f)
core   0: 0x80011564 (0x00001f17) auipc   t5, 0x1
core   0: 3 0x80011564 (0x00001f17) x30 0x80012564
core   0: 0x80011568 (0xa83f2e23) sw      gp, -1380(t5)
core   0: 3 0x80011568 (0xa83f2e23) mem 0x80012000 0x00000001
core   0: 0x8001156c (0xff9ff06f) j       pc - 0x8
core   0: 3 0x8001156c (0xff9ff06f)
core   0: 0x80011564 (0x00001f17) auipc   t5, 0x1
core   0: 3 0x80011564 (0x00001f17) x30 0x80012564
core   0: 0x80011568 (0xa83f2e23) sw      gp, -1380(t5)
core   0: 3 0x80011568 (0xa83f2e23) mem 0x80012000 0x00000001
core   0: 0x8001156c (0xff9ff06f) j       pc - 0x8
core   0: 3 0x8001156c (0xff9ff06f)
core   0: 0x80011564 (0x00001f17) auipc   t5, 0x1
core   0: 3 0x80011564 (0x00001f17) x30 0x80012564
core   0: 0x80011568 (0xa83f2e23) sw      gp, -1380(t5)
core   0: 3 0x80011568 (0xa83f2e23) mem 0x80012000 0x00000001
core   0: 0x8001156c (0xff9ff06f) j       pc - 0x8
core   0: 3 0x8001156c (0xff9ff06f)
core   0: 0x80011564 (0x00001f17) auipc   t5, 0x1
core   0: 3 0x80011564 (0x00001f17) x30 0x80012564
core   0: 0x80011568 (0xa83f2e23) sw      gp, -1380(t5)
core   0: 3 0x80011568 (0xa83f2e23) mem 0x80012000 0x00000001
core   0: 0x8001156c (0xff9ff06f) j       pc - 0x8
core   0: 3 0x8001156c (0xff9ff06f)
core   0: 0x80011564 (0x00001f17) auipc   t5, 0x1
core   0: 3 0x80011564 (0x00001f17) x30 0x80012564
core   0: 0x80011568 (0xa83f2e23) sw      gp, -1380(t5)
core   0: 3 0x80011568 (0xa83f2e23) mem 0x80012000 0x00000001
core   0: 0x8001156c (0xff9ff06f) j       pc - 0x8
core   0: 3 0x8001156c (0xff9ff06f)
core   0: 0x80011564 (0x00001f17) auipc   t5, 0x1
core   0: 3 0x80011564 (0x00001f17) x30 0x80012564
core   0: 0x80011568 (0xa83f2e23) sw      gp, -1380(t5)
core   0: 3 0x80011568 (0xa83f2e23) mem 0x80012000 0x00000001
core   0: 0x8001156c (0xff9ff06f) j       pc - 0x8
core   0: 3 0x8001156c (0xff9ff06f)
core   0: 0x80011564 (0x00001f17) auipc   t5, 0x1
core   0: 3 0x80011564 (0x00001f17) x30 0x80012564
core   0: 0x80011568 (0xa83f2e23) sw      gp, -1380(t5)
core   0: 3 0x80011568 (0xa83f2e23) mem 0x80012000 0x00000001
core   0: 0x8001156c (0xff9ff06f) j       pc - 0x8
core   0: 3 0x8001156c (0xff9ff06f)
core   0: 0x80011564 (0x00001f17) auipc   t5, 0x1
core   0: 3 0x80011564 (0x00001f17) x30 0x80012564
core   0: 0x80011568 (0xa83f2e23) sw      gp, -1380(t5)
core   0: 3 0x80011568 (0xa83f2e23) mem 0x80012000 0x00000001
core   0: 0x8001156c (0xff9ff06f) j       pc - 0x8
core   0: 3 0x8001156c (0xff9ff06f)
core   0: 0x80011564 (0x00001f17) auipc   t5, 0x1
core   0: 3 0x80011564 (0x00001f17) x30 0x80012564
core   0: 0x80011568 (0xa83f2e23) sw      gp, -1380(t5)
core   0: 3 0x80011568 (0xa83f2e23) mem 0x80012000 0x00000001
core   0: 0x8001156c (0xff9ff06f) j       pc - 0x8
core   0: 3 0x8001156c (0xff9ff06f)
core   0: 0x80011564 (0x00001f17) auipc   t5, 0x1
core   0: 3 0x80011564 (0x00001f17) x30 0x80012564
core   0: 0x80011568 (0xa83f2e23) sw      gp, -1380(t5)
core   0: 3 0x80011568 (0xa83f2e23) mem 0x80012000 0x00000001
core   0: 0x8001156c (0xff9ff06f) j       pc - 0x8
core   0: 3 0x8001156c (0xff9ff06f)
core   0: 0x80011564 (0x00001f17) auipc   t5, 0x1
core   0: 3 0x80011564 (0x00001f17) x30 0x80012564
core   0: 0x80011568 (0xa83f2e23) sw      gp, -1380(t5)
core   0: 3 0x80011568 (0xa83f2e23) mem 0x80012000 0x00000001
core   0: 0x8001156c (0xff9ff06f) j       pc - 0x8
core   0: 3 0x8001156c (0xff9ff06f)
core   0: 0x80011564 (0x00001f17) auipc   t5, 0x1
core   0: 3 0x80011564 (0x00001f17) x30 0x80012564
core   0: 0x80011568 (0xa83f2e23) sw      gp, -1380(t5)
core   0: 3 0x80011568 (0xa83f2e23) mem 0x80012000 0x00000001
core   0: 0x8001156c (0xff9ff06f) j       pc - 0x8
core   0: 3 0x8001156c (0xff9ff06f)
core   0: 0x80011564 (0x00001f17) auipc   t5, 0x1
core   0: 3 0x80011564 (0x00001f17) x30 0x80012564
core   0: 0x80011568 (0xa83f2e23) sw      gp, -1380(t5)
core   0: 3 0x80011568 (0xa83f2e23) mem 0x80012000 0x00000001
core   0: 0x8001156c (0xff9ff06f) j       pc - 0x8
core   0: 3 0x8001156c (0xff9ff06f)
core   0: 0x80011564 (0x00001f17) auipc   t5, 0x1
core   0: 3 0x80011564 (0x00001f17) x30 0x80012564
core   0: 0x80011568 (0xa83f2e23) sw      gp, -1380(t5)
core   0: 3 0x80011568 (0xa83f2e23) mem 0x80012000 0x00000001
core   0: 0x8001156c (0xff9ff06f) j       pc - 0x8
core   0: 3 0x8001156c (0xff9ff06f)
core   0: 0x80011564 (0x00001f17) auipc   t5, 0x1
core   0: 3 0x80011564 (0x00001f17) x30 0x80012564
core   0: 0x80011568 (0xa83f2e23) sw      gp, -1380(t5)
core   0: 3 0x80011568 (0xa83f2e23) mem 0x80012000 0x00000001
core   0: 0x8001156c (0xff9ff06f) j       pc - 0x8
core   0: 3 0x8001156c (0xff9ff06f)
core   0: 0x80011564 (0x00001f17) auipc   t5, 0x1
core   0: 3 0x80011564 (0x00001f17) x30 0x80012564
core   0: 0x80011568 (0xa83f2e23) sw      gp, -1380(t5)
core   0: 3 0x80011568 (0xa83f2e23) mem 0x80012000 0x00000001
core   0: 0x8001156c (0xff9ff06f) j       pc - 0x8
core   0: 3 0x8001156c (0xff9ff06f)
core   0: 0x80011564 (0x00001f17) auipc   t5, 0x1
core   0: 3 0x80011564 (0x00001f17) x30 0x80012564
core   0: 0x80011568 (0xa83f2e23) sw      gp, -1380(t5)
core   0: 3 0x80011568 (0xa83f2e23) mem 0x80012000 0x00000001
core   0: 0x8001156c (0xff9ff06f) j       pc - 0x8
core   0: 3 0x8001156c (0xff9ff06f)
core   0: 0x80011564 (0x00001f17) auipc   t5, 0x1
core   0: 3 0x80011564 (0x00001f17) x30 0x80012564
core   0: 0x80011568 (0xa83f2e23) sw      gp, -1380(t5)
core   0: 3 0x80011568 (0xa83f2e23) mem 0x80012000 0x00000001
core   0: 0x8001156c (0xff9ff06f) j       pc - 0x8
core   0: 3 0x8001156c (0xff9ff06f)
core   0: 0x80011564 (0x00001f17) auipc   t5, 0x1
core   0: 3 0x80011564 (0x00001f17) x30 0x80012564
core   0: 0x80011568 (0xa83f2e23) sw      gp, -1380(t5)
core   0: 3 0x80011568 (0xa83f2e23) mem 0x80012000 0x00000001
core   0: 0x8001156c (0xff9ff06f) j       pc - 0x8
core   0: 3 0x8001156c (0xff9ff06f)
core   0: 0x80011564 (0x00001f17) auipc   t5, 0x1
core   0: 3 0x80011564 (0x00001f17) x30 0x80012564
core   0: 0x80011568 (0xa83f2e23) sw      gp, -1380(t5)
core   0: 3 0x80011568 (0xa83f2e23) mem 0x80012000 0x00000001
core   0: 0x8001156c (0xff9ff06f) j       pc - 0x8
core   0: 3 0x8001156c (0xff9ff06f)
core   0: 0x80011564 (0x00001f17) auipc   t5, 0x1
core   0: 3 0x80011564 (0x00001f17) x30 0x80012564
core   0: 0x80011568 (0xa83f2e23) sw      gp, -1380(t5)
core   0: 3 0x80011568 (0xa83f2e23) mem 0x80012000 0x00000001
core   0: 0x8001156c (0xff9ff06f) j       pc - 0x8
core   0: 3 0x8001156c (0xff9ff06f)
core   0: 0x80011564 (0x00001f17) auipc   t5, 0x1
core   0: 3 0x80011564 (0x00001f17) x30 0x80012564
core   0: 0x80011568 (0xa83f2e23) sw      gp, -1380(t5)
core   0: 3 0x80011568 (0xa83f2e23) mem 0x80012000 0x00000001
core   0: 0x8001156c (0xff9ff06f) j       pc - 0x8
core   0: 3 0x8001156c (0xff9ff06f)
core   0: 0x80011564 (0x00001f17) auipc   t5, 0x1
core   0: 3 0x80011564 (0x00001f17) x30 0x80012564
core   0: 0x80011568 (0xa83f2e23) sw      gp, -1380(t5)
core   0: 3 0x80011568 (0xa83f2e23) mem 0x80012000 0x00000001
core   0: 0x8001156c (0xff9ff06f) j       pc - 0x8
core   0: 3 0x8001156c (0xff9ff06f)
core   0: 0x80011564 (0x00001f17) auipc   t5, 0x1
core   0: 3 0x80011564 (0x00001f17) x30 0x80012564
core   0: 0x80011568 (0xa83f2e23) sw      gp, -1380(t5)
core   0: 3 0x80011568 (0xa83f2e23) mem 0x80012000 0x00000001
core   0: 0x8001156c (0xff9ff06f) j       pc - 0x8
core   0: 3 0x8001156c (0xff9ff06f)
core   0: 0x80011564 (0x00001f17) auipc   t5, 0x1
core   0: 3 0x80011564 (0x00001f17) x30 0x80012564
core   0: 0x80011568 (0xa83f2e23) sw      gp, -1380(t5)
core   0: 3 0x80011568 (0xa83f2e23) mem 0x80012000 0x00000001
core   0: 0x8001156c (0xff9ff06f) j       pc - 0x8
core   0: 3 0x8001156c (0xff9ff06f)
core   0: 0x80011564 (0x00001f17) auipc   t5, 0x1
core   0: 3 0x80011564 (0x00001f17) x30 0x80012564
core   0: 0x80011568 (0xa83f2e23) sw      gp, -1380(t5)
core   0: 3 0x80011568 (0xa83f2e23) mem 0x80012000 0x00000001
core   0: 0x8001156c (0xff9ff06f) j       pc - 0x8
core   0: 3 0x8001156c (0xff9ff06f)
core   0: 0x80011564 (0x00001f17) auipc   t5, 0x1
core   0: 3 0x80011564 (0x00001f17) x30 0x80012564
core   0: 0x80011568 (0xa83f2e23) sw      gp, -1380(t5)
core   0: 3 0x80011568 (0xa83f2e23) mem 0x80012000 0x00000001
core   0: 0x8001156c (0xff9ff06f) j       pc - 0x8
core   0: 3 0x8001156c (0xff9ff06f)
core   0: 0x80011564 (0x00001f17) auipc   t5, 0x1
core   0: 3 0x80011564 (0x00001f17) x30 0x80012564
core   0: 0x80011568 (0xa83f2e23) sw      gp, -1380(t5)
core   0: 3 0x80011568 (0xa83f2e23) mem 0x80012000 0x00000001
core   0: 0x8001156c (0xff9ff06f) j       pc - 0x8
core   0: 3 0x8001156c (0xff9ff06f)
core   0: 0x80011564 (0x00001f17) auipc   t5, 0x1
core   0: 3 0x80011564 (0x00001f17) x30 0x80012564
core   0: 0x80011568 (0xa83f2e23) sw      gp, -1380(t5)
core   0: 3 0x80011568 (0xa83f2e23) mem 0x80012000 0x00000001
core   0: 0x8001156c (0xff9ff06f) j       pc - 0x8
core   0: 3 0x8001156c (0xff9ff06f)
core   0: 0x80011564 (0x00001f17) auipc   t5, 0x1
core   0: 3 0x80011564 (0x00001f17) x30 0x80012564
core   0: 0x80011568 (0xa83f2e23) sw      gp, -1380(t5)
core   0: 3 0x80011568 (0xa83f2e23) mem 0x80012000 0x00000001
core   0: 0x8001156c (0xff9ff06f) j       pc - 0x8
core   0: 3 0x8001156c (0xff9ff06f)
core   0: 0x80011564 (0x00001f17) auipc   t5, 0x1
core   0: 3 0x80011564 (0x00001f17) x30 0x80012564
core   0: 0x80011568 (0xa83f2e23) sw      gp, -1380(t5)
core   0: 3 0x80011568 (0xa83f2e23) mem 0x80012000 0x00000001
core   0: 0x8001156c (0xff9ff06f) j       pc - 0x8
core   0: 3 0x8001156c (0xff9ff06f)
core   0: 0x80011564 (0x00001f17) auipc   t5, 0x1
core   0: 3 0x80011564 (0x00001f17) x30 0x80012564
core   0: 0x80011568 (0xa83f2e23) sw      gp, -1380(t5)
core   0: 3 0x80011568 (0xa83f2e23) mem 0x80012000 0x00000001
core   0: 0x8001156c (0xff9ff06f) j       pc - 0x8
core   0: 3 0x8001156c (0xff9ff06f)
core   0: 0x80011564 (0x00001f17) auipc   t5, 0x1
core   0: 3 0x80011564 (0x00001f17) x30 0x80012564
core   0: 0x80011568 (0xa83f2e23) sw      gp, -1380(t5)
core   0: 3 0x80011568 (0xa83f2e23) mem 0x80012000 0x00000001
core   0: 0x8001156c (0xff9ff06f) j       pc - 0x8
core   0: 3 0x8001156c (0xff9ff06f)
core   0: 0x80011564 (0x00001f17) auipc   t5, 0x1
core   0: 3 0x80011564 (0x00001f17) x30 0x80012564
core   0: 0x80011568 (0xa83f2e23) sw      gp, -1380(t5)
core   0: 3 0x80011568 (0xa83f2e23) mem 0x80012000 0x00000001
core   0: 0x8001156c (0xff9ff06f) j       pc - 0x8
core   0: 3 0x8001156c (0xff9ff06f)
core   0: 0x80011564 (0x00001f17) auipc   t5, 0x1
core   0: 3 0x80011564 (0x00001f17) x30 0x80012564
core   0: 0x80011568 (0xa83f2e23) sw      gp, -1380(t5)
core   0: 3 0x80011568 (0xa83f2e23) mem 0x80012000 0x00000001
core   0: 0x8001156c (0xff9ff06f) j       pc - 0x8
core   0: 3 0x8001156c (0xff9ff06f)
core   0: 0x80011564 (0x00001f17) auipc   t5, 0x1
core   0: 3 0x80011564 (0x00001f17) x30 0x80012564
core   0: 0x80011568 (0xa83f2e23) sw      gp, -1380(t5)
core   0: 3 0x80011568 (0xa83f2e23) mem 0x80012000 0x00000001
core   0: 0x8001156c (0xff9ff06f) j       pc - 0x8
core   0: 3 0x8001156c (0xff9ff06f)
core   0: 0x80011564 (0x00001f17) auipc   t5, 0x1
core   0: 3 0x80011564 (0x00001f17) x30 0x80012564
core   0: 0x80011568 (0xa83f2e23) sw      gp, -1380(t5)
core   0: 3 0x80011568 (0xa83f2e23) mem 0x80012000 0x00000001
core   0: 0x8001156c (0xff9ff06f) j       pc - 0x8
core   0: 3 0x8001156c (0xff9ff06f)
core   0: 0x80011564 (0x00001f17) auipc   t5, 0x1
core   0: 3 0x80011564 (0x00001f17) x30 0x80012564
core   0: 0x80011568 (0xa83f2e23) sw      gp, -1380(t5)
core   0: 3 0x80011568 (0xa83f2e23) mem 0x80012000 0x00000001
core   0: 0x8001156c (0xff9ff06f) j       pc - 0x8
core   0: 3 0x8001156c (0xff9ff06f)
core   0: 0x80011564 (0x00001f17) auipc   t5, 0x1
core   0: 3 0x80011564 (0x00001f17) x30 0x80012564
core   0: 0x80011568 (0xa83f2e23) sw      gp, -1380(t5)
core   0: 3 0x80011568 (0xa83f2e23) mem 0x80012000 0x00000001
core   0: 0x8001156c (0xff9ff06f) j       pc - 0x8
core   0: 3 0x8001156c (0xff9ff06f)
core   0: 0x80011564 (0x00001f17) auipc   t5, 0x1
core   0: 3 0x80011564 (0x00001f17) x30 0x80012564
core   0: 0x80011568 (0xa83f2e23) sw      gp, -1380(t5)
core   0: 3 0x80011568 (0xa83f2e23) mem 0x80012000 0x00000001
core   0: 0x8001156c (0xff9ff06f) j       pc - 0x8
core   0: 3 0x8001156c (0xff9ff06f)
core   0: 0x80011564 (0x00001f17) auipc   t5, 0x1
core   0: 3 0x80011564 (0x00001f17) x30 0x80012564
core   0: 0x80011568 (0xa83f2e23) sw      gp, -1380(t5)
core   0: 3 0x80011568 (0xa83f2e23) mem 0x80012000 0x00000001
core   0: 0x8001156c (0xff9ff06f) j       pc - 0x8
core   0: 3 0x8001156c (0xff9ff06f)
core   0: 0x80011564 (0x00001f17) auipc   t5, 0x1
core   0: 3 0x80011564 (0x00001f17) x30 0x80012564
core   0: 0x80011568 (0xa83f2e23) sw      gp, -1380(t5)
core   0: 3 0x80011568 (0xa83f2e23) mem 0x80012000 0x00000001
core   0: 0x8001156c (0xff9ff06f) j       pc - 0x8
core   0: 3 0x8001156c (0xff9ff06f)
core   0: 0x80011564 (0x00001f17) auipc   t5, 0x1
core   0: 3 0x80011564 (0x00001f17) x30 0x80012564
core   0: 0x80011568 (0xa83f2e23) sw      gp, -1380(t5)
core   0: 3 0x80011568 (0xa83f2e23) mem 0x80012000 0x00000001
core   0: 0x8001156c (0xff9ff06f) j       pc - 0x8
core   0: 3 0x8001156c (0xff9ff06f)
core   0: 0x80011564 (0x00001f17) auipc   t5, 0x1
core   0: 3 0x80011564 (0x00001f17) x30 0x80012564
core   0: 0x80011568 (0xa83f2e23) sw      gp, -1380(t5)
core   0: 3 0x80011568 (0xa83f2e23) mem 0x80012000 0x00000001
core   0: 0x8001156c (0xff9ff06f) j       pc - 0x8
core   0: 3 0x8001156c (0xff9ff06f)
core   0: 0x80011564 (0x00001f17) auipc   t5, 0x1
core   0: 3 0x80011564 (0x00001f17) x30 0x80012564
core   0: 0x80011568 (0xa83f2e23) sw      gp, -1380(t5)
core   0: 3 0x80011568 (0xa83f2e23) mem 0x80012000 0x00000001
core   0: 0x8001156c (0xff9ff06f) j       pc - 0x8
core   0: 3 0x8001156c (0xff9ff06f)
core   0: 0x80011564 (0x00001f17) auipc   t5, 0x1
core   0: 3 0x80011564 (0x00001f17) x30 0x80012564
core   0: 0x80011568 (0xa83f2e23) sw      gp, -1380(t5)
core   0: 3 0x80011568 (0xa83f2e23) mem 0x80012000 0x00000001
core   0: 0x8001156c (0xff9ff06f) j       pc - 0x8
core   0: 3 0x8001156c (0xff9ff06f)
core   0: 0x80011564 (0x00001f17) auipc   t5, 0x1
core   0: 3 0x80011564 (0x00001f17) x30 0x80012564
core   0: 0x80011568 (0xa83f2e23) sw      gp, -1380(t5)
core   0: 3 0x80011568 (0xa83f2e23) mem 0x80012000 0x00000001
core   0: 0x8001156c (0xff9ff06f) j       pc - 0x8
core   0: 3 0x8001156c (0xff9ff06f)
core   0: 0x80011564 (0x00001f17) auipc   t5, 0x1
core   0: 3 0x80011564 (0x00001f17) x30 0x80012564
core   0: 0x80011568 (0xa83f2e23) sw      gp, -1380(t5)
core   0: 3 0x80011568 (0xa83f2e23) mem 0x80012000 0x00000001
core   0: 0x8001156c (0xff9ff06f) j       pc - 0x8
core   0: 3 0x8001156c (0xff9ff06f)
core   0: 0x80011564 (0x00001f17) auipc   t5, 0x1
core   0: 3 0x80011564 (0x00001f17) x30 0x80012564
core   0: 0x80011568 (0xa83f2e23) sw      gp, -1380(t5)
core   0: 3 0x80011568 (0xa83f2e23) mem 0x80012000 0x00000001
core   0: 0x8001156c (0xff9ff06f) j       pc - 0x8
core   0: 3 0x8001156c (0xff9ff06f)
core   0: 0x80011564 (0x00001f17) auipc   t5, 0x1
core   0: 3 0x80011564 (0x00001f17) x30 0x80012564
core   0: 0x80011568 (0xa83f2e23) sw      gp, -1380(t5)
core   0: 3 0x80011568 (0xa83f2e23) mem 0x80012000 0x00000001
core   0: 0x8001156c (0xff9ff06f) j       pc - 0x8
core   0: 3 0x8001156c (0xff9ff06f)
core   0: 0x80011564 (0x00001f17) auipc   t5, 0x1
core   0: 3 0x80011564 (0x00001f17) x30 0x80012564
core   0: 0x80011568 (0xa83f2e23) sw      gp, -1380(t5)
core   0: 3 0x80011568 (0xa83f2e23) mem 0x80012000 0x00000001
core   0: 0x8001156c (0xff9ff06f) j       pc - 0x8
core   0: 3 0x8001156c (0xff9ff06f)
core   0: 0x80011564 (0x00001f17) auipc   t5, 0x1
core   0: 3 0x80011564 (0x00001f17) x30 0x80012564
core   0: 0x80011568 (0xa83f2e23) sw      gp, -1380(t5)
core   0: 3 0x80011568 (0xa83f2e23) mem 0x80012000 0x00000001
core   0: 0x8001156c (0xff9ff06f) j       pc - 0x8
core   0: 3 0x8001156c (0xff9ff06f)
core   0: 0x80011564 (0x00001f17) auipc   t5, 0x1
core   0: 3 0x80011564 (0x00001f17) x30 0x80012564
core   0: 0x80011568 (0xa83f2e23) sw      gp, -1380(t5)
core   0: 3 0x80011568 (0xa83f2e23) mem 0x80012000 0x00000001
core   0: 0x8001156c (0xff9ff06f) j       pc - 0x8
core   0: 3 0x8001156c (0xff9ff06f)
core   0: 0x80011564 (0x00001f17) auipc   t5, 0x1
core   0: 3 0x80011564 (0x00001f17) x30 0x80012564
core   0: 0x80011568 (0xa83f2e23) sw      gp, -1380(t5)
core   0: 3 0x80011568 (0xa83f2e23) mem 0x80012000 0x00000001
core   0: 0x8001156c (0xff9ff06f) j       pc - 0x8
core   0: 3 0x8001156c (0xff9ff06f)
core   0: 0x80011564 (0x00001f17) auipc   t5, 0x1
core   0: 3 0x80011564 (0x00001f17) x30 0x80012564
core   0: 0x80011568 (0xa83f2e23) sw      gp, -1380(t5)
core   0: 3 0x80011568 (0xa83f2e23) mem 0x80012000 0x00000001
core   0: 0x8001156c (0xff9ff06f) j       pc - 0x8
core   0: 3 0x8001156c (0xff9ff06f)
core   0: 0x80011564 (0x00001f17) auipc   t5, 0x1
core   0: 3 0x80011564 (0x00001f17) x30 0x80012564
core   0: 0x80011568 (0xa83f2e23) sw      gp, -1380(t5)
core   0: 3 0x80011568 (0xa83f2e23) mem 0x80012000 0x00000001
core   0: 0x8001156c (0xff9ff06f) j       pc - 0x8
core   0: 3 0x8001156c (0xff9ff06f)
core   0: 0x80011564 (0x00001f17) auipc   t5, 0x1
core   0: 3 0x80011564 (0x00001f17) x30 0x80012564
core   0: 0x80011568 (0xa83f2e23) sw      gp, -1380(t5)
core   0: 3 0x80011568 (0xa83f2e23) mem 0x80012000 0x00000001
core   0: 0x8001156c (0xff9ff06f) j       pc - 0x8
core   0: 3 0x8001156c (0xff9ff06f)
core   0: 0x80011564 (0x00001f17) auipc   t5, 0x1
core   0: 3 0x80011564 (0x00001f17) x30 0x80012564
core   0: 0x80011568 (0xa83f2e23) sw      gp, -1380(t5)
core   0: 3 0x80011568 (0xa83f2e23) mem 0x80012000 0x00000001
core   0: 0x8001156c (0xff9ff06f) j       pc - 0x8
core   0: 3 0x8001156c (0xff9ff06f)
core   0: 0x80011564 (0x00001f17) auipc   t5, 0x1
core   0: 3 0x80011564 (0x00001f17) x30 0x80012564
core   0: 0x80011568 (0xa83f2e23) sw      gp, -1380(t5)
core   0: 3 0x80011568 (0xa83f2e23) mem 0x80012000 0x00000001
core   0: 0x8001156c (0xff9ff06f) j       pc - 0x8
core   0: 3 0x8001156c (0xff9ff06f)
core   0: 0x80011564 (0x00001f17) auipc   t5, 0x1
core   0: 3 0x80011564 (0x00001f17) x30 0x80012564
core   0: 0x80011568 (0xa83f2e23) sw      gp, -1380(t5)
core   0: 3 0x80011568 (0xa83f2e23) mem 0x80012000 0x00000001
core   0: 0x8001156c (0xff9ff06f) j       pc - 0x8
core   0: 3 0x8001156c (0xff9ff06f)
core   0: 0x80011564 (0x00001f17) auipc   t5, 0x1
core   0: 3 0x80011564 (0x00001f17) x30 0x80012564
core   0: 0x80011568 (0xa83f2e23) sw      gp, -1380(t5)
core   0: 3 0x80011568 (0xa83f2e23) mem 0x80012000 0x00000001
core   0: 0x8001156c (0xff9ff06f) j       pc - 0x8
core   0: 3 0x8001156c (0xff9ff06f)
core   0: 0x80011564 (0x00001f17) auipc   t5, 0x1
core   0: 3 0x80011564 (0x00001f17) x30 0x80012564
core   0: 0x80011568 (0xa83f2e23) sw      gp, -1380(t5)
core   0: 3 0x80011568 (0xa83f2e23) mem 0x80012000 0x00000001
core   0: 0x8001156c (0xff9ff06f) j       pc - 0x8
core   0: 3 0x8001156c (0xff9ff06f)
core   0: 0x80011564 (0x00001f17) auipc   t5, 0x1
core   0: 3 0x80011564 (0x00001f17) x30 0x80012564
core   0: 0x80011568 (0xa83f2e23) sw      gp, -1380(t5)
core   0: 3 0x80011568 (0xa83f2e23) mem 0x80012000 0x00000001
core   0: 0x8001156c (0xff9ff06f) j       pc - 0x8
core   0: 3 0x8001156c (0xff9ff06f)
core   0: 0x80011564 (0x00001f17) auipc   t5, 0x1
core   0: 3 0x80011564 (0x00001f17) x30 0x80012564
core   0: 0x80011568 (0xa83f2e23) sw      gp, -1380(t5)
core   0: 3 0x80011568 (0xa83f2e23) mem 0x80012000 0x00000001
core   0: 0x8001156c (0xff9ff06f) j       pc - 0x8
core   0: 3 0x8001156c (0xff9ff06f)
core   0: 0x80011564 (0x00001f17) auipc   t5, 0x1
core   0: 3 0x80011564 (0x00001f17) x30 0x80012564
core   0: 0x80011568 (0xa83f2e23) sw      gp, -1380(t5)
core   0: 3 0x80011568 (0xa83f2e23) mem 0x80012000 0x00000001
core   0: 0x8001156c (0xff9ff06f) j       pc - 0x8
core   0: 3 0x8001156c (0xff9ff06f)
core   0: 0x80011564 (0x00001f17) auipc   t5, 0x1
core   0: 3 0x80011564 (0x00001f17) x30 0x80012564
core   0: 0x80011568 (0xa83f2e23) sw      gp, -1380(t5)
core   0: 3 0x80011568 (0xa83f2e23) mem 0x80012000 0x00000001
core   0: 0x8001156c (0xff9ff06f) j       pc - 0x8
core   0: 3 0x8001156c (0xff9ff06f)
core   0: 0x80011564 (0x00001f17) auipc   t5, 0x1
core   0: 3 0x80011564 (0x00001f17) x30 0x80012564
core   0: 0x80011568 (0xa83f2e23) sw      gp, -1380(t5)
core   0: 3 0x80011568 (0xa83f2e23) mem 0x80012000 0x00000001
core   0: 0x8001156c (0xff9ff06f) j       pc - 0x8
core   0: 3 0x8001156c (0xff9ff06f)
core   0: 0x80011564 (0x00001f17) auipc   t5, 0x1
core   0: 3 0x80011564 (0x00001f17) x30 0x80012564
core   0: 0x80011568 (0xa83f2e23) sw      gp, -1380(t5)
core   0: 3 0x80011568 (0xa83f2e23) mem 0x80012000 0x00000001
core   0: 0x8001156c (0xff9ff06f) j       pc - 0x8
core   0: 3 0x8001156c (0xff9ff06f)
core   0: 0x80011564 (0x00001f17) auipc   t5, 0x1
core   0: 3 0x80011564 (0x00001f17) x30 0x80012564
core   0: 0x80011568 (0xa83f2e23) sw      gp, -1380(t5)
core   0: 3 0x80011568 (0xa83f2e23) mem 0x80012000 0x00000001
core   0: 0x8001156c (0xff9ff06f) j       pc - 0x8
core   0: 3 0x8001156c (0xff9ff06f)
core   0: 0x80011564 (0x00001f17) auipc   t5, 0x1
core   0: 3 0x80011564 (0x00001f17) x30 0x80012564
core   0: 0x80011568 (0xa83f2e23) sw      gp, -1380(t5)
core   0: 3 0x80011568 (0xa83f2e23) mem 0x80012000 0x00000001
core   0: 0x8001156c (0xff9ff06f) j       pc - 0x8
core   0: 3 0x8001156c (0xff9ff06f)
core   0: 0x80011564 (0x00001f17) auipc   t5, 0x1
core   0: 3 0x80011564 (0x00001f17) x30 0x80012564
core   0: 0x80011568 (0xa83f2e23) sw      gp, -1380(t5)
core   0: 3 0x80011568 (0xa83f2e23) mem 0x80012000 0x00000001
core   0: 0x8001156c (0xff9ff06f) j       pc - 0x8
core   0: 3 0x8001156c (0xff9ff06f)
core   0: 0x80011564 (0x00001f17) auipc   t5, 0x1
core   0: 3 0x80011564 (0x00001f17) x30 0x80012564
core   0: 0x80011568 (0xa83f2e23) sw      gp, -1380(t5)
core   0: 3 0x80011568 (0xa83f2e23) mem 0x80012000 0x00000001
core   0: 0x8001156c (0xff9ff06f) j       pc - 0x8
core   0: 3 0x8001156c (0xff9ff06f)
core   0: 0x80011564 (0x00001f17) auipc   t5, 0x1
core   0: 3 0x80011564 (0x00001f17) x30 0x80012564
core   0: 0x80011568 (0xa83f2e23) sw      gp, -1380(t5)
core   0: 3 0x80011568 (0xa83f2e23) mem 0x80012000 0x00000001
core   0: 0x8001156c (0xff9ff06f) j       pc - 0x8
core   0: 3 0x8001156c (0xff9ff06f)
core   0: 0x80011564 (0x00001f17) auipc   t5, 0x1
core   0: 3 0x80011564 (0x00001f17) x30 0x80012564
core   0: 0x80011568 (0xa83f2e23) sw      gp, -1380(t5)
core   0: 3 0x80011568 (0xa83f2e23) mem 0x80012000 0x00000001
core   0: 0x8001156c (0xff9ff06f) j       pc - 0x8
core   0: 3 0x8001156c (0xff9ff06f)
core   0: 0x80011564 (0x00001f17) auipc   t5, 0x1
core   0: 3 0x80011564 (0x00001f17) x30 0x80012564
core   0: 0x80011568 (0xa83f2e23) sw      gp, -1380(t5)
core   0: 3 0x80011568 (0xa83f2e23) mem 0x80012000 0x00000001
core   0: 0x8001156c (0xff9ff06f) j       pc - 0x8
core   0: 3 0x8001156c (0xff9ff06f)
core   0: 0x80011564 (0x00001f17) auipc   t5, 0x1
core   0: 3 0x80011564 (0x00001f17) x30 0x80012564
core   0: 0x80011568 (0xa83f2e23) sw      gp, -1380(t5)
core   0: 3 0x80011568 (0xa83f2e23) mem 0x80012000 0x00000001
core   0: 0x8001156c (0xff9ff06f) j       pc - 0x8
core   0: 3 0x8001156c (0xff9ff06f)
core   0: 0x80011564 (0x00001f17) auipc   t5, 0x1
core   0: 3 0x80011564 (0x00001f17) x30 0x80012564
core   0: 0x80011568 (0xa83f2e23) sw      gp, -1380(t5)
core   0: 3 0x80011568 (0xa83f2e23) mem 0x80012000 0x00000001
core   0: 0x8001156c (0xff9ff06f) j       pc - 0x8
core   0: 3 0x8001156c (0xff9ff06f)
core   0: 0x80011564 (0x00001f17) auipc   t5, 0x1
core   0: 3 0x80011564 (0x00001f17) x30 0x80012564
core   0: 0x80011568 (0xa83f2e23) sw      gp, -1380(t5)
core   0: 3 0x80011568 (0xa83f2e23) mem 0x80012000 0x00000001
core   0: 0x8001156c (0xff9ff06f) j       pc - 0x8
core   0: 3 0x8001156c (0xff9ff06f)
core   0: 0x80011564 (0x00001f17) auipc   t5, 0x1
core   0: 3 0x80011564 (0x00001f17) x30 0x80012564
core   0: 0x80011568 (0xa83f2e23) sw      gp, -1380(t5)
core   0: 3 0x80011568 (0xa83f2e23) mem 0x80012000 0x00000001
core   0: 0x8001156c (0xff9ff06f) j       pc - 0x8
core   0: 3 0x8001156c (0xff9ff06f)
core   0: 0x80011564 (0x00001f17) auipc   t5, 0x1
core   0: 3 0x80011564 (0x00001f17) x30 0x80012564
core   0: 0x80011568 (0xa83f2e23) sw      gp, -1380(t5)
core   0: 3 0x80011568 (0xa83f2e23) mem 0x80012000 0x00000001
core   0: 0x8001156c (0xff9ff06f) j       pc - 0x8
core   0: 3 0x8001156c (0xff9ff06f)
core   0: 0x80011564 (0x00001f17) auipc   t5, 0x1
core   0: 3 0x80011564 (0x00001f17) x30 0x80012564
core   0: 0x80011568 (0xa83f2e23) sw      gp, -1380(t5)
core   0: 3 0x80011568 (0xa83f2e23) mem 0x80012000 0x00000001
core   0: 0x8001156c (0xff9ff06f) j       pc - 0x8
core   0: 3 0x8001156c (0xff9ff06f)
core   0: 0x80011564 (0x00001f17) auipc   t5, 0x1
core   0: 3 0x80011564 (0x00001f17) x30 0x80012564
core   0: 0x80011568 (0xa83f2e23) sw      gp, -1380(t5)
core   0: 3 0x80011568 (0xa83f2e23) mem 0x80012000 0x00000001
core   0: 0x8001156c (0xff9ff06f) j       pc - 0x8
core   0: 3 0x8001156c (0xff9ff06f)
core   0: 0x80011564 (0x00001f17) auipc   t5, 0x1
core   0: 3 0x80011564 (0x00001f17) x30 0x80012564
core   0: 0x80011568 (0xa83f2e23) sw      gp, -1380(t5)
core   0: 3 0x80011568 (0xa83f2e23) mem 0x80012000 0x00000001
core   0: 0x8001156c (0xff9ff06f) j       pc - 0x8
core   0: 3 0x8001156c (0xff9ff06f)
core   0: 0x80011564 (0x00001f17) auipc   t5, 0x1
core   0: 3 0x80011564 (0x00001f17) x30 0x80012564
core   0: 0x80011568 (0xa83f2e23) sw      gp, -1380(t5)
core   0: 3 0x80011568 (0xa83f2e23) mem 0x80012000 0x00000001
core   0: 0x8001156c (0xff9ff06f) j       pc - 0x8
core   0: 3 0x8001156c (0xff9ff06f)
core   0: 0x80011564 (0x00001f17) auipc   t5, 0x1
core   0: 3 0x80011564 (0x00001f17) x30 0x80012564
core   0: 0x80011568 (0xa83f2e23) sw      gp, -1380(t5)
core   0: 3 0x80011568 (0xa83f2e23) mem 0x80012000 0x00000001
core   0: 0x8001156c (0xff9ff06f) j       pc - 0x8
core   0: 3 0x8001156c (0xff9ff06f)
core   0: 0x80011564 (0x00001f17) auipc   t5, 0x1
core   0: 3 0x80011564 (0x00001f17) x30 0x80012564
core   0: 0x80011568 (0xa83f2e23) sw      gp, -1380(t5)
core   0: 3 0x80011568 (0xa83f2e23) mem 0x80012000 0x00000001
core   0: 0x8001156c (0xff9ff06f) j       pc - 0x8
core   0: 3 0x8001156c (0xff9ff06f)
core   0: 0x80011564 (0x00001f17) auipc   t5, 0x1
core   0: 3 0x80011564 (0x00001f17) x30 0x80012564
core   0: 0x80011568 (0xa83f2e23) sw      gp, -1380(t5)
core   0: 3 0x80011568 (0xa83f2e23) mem 0x80012000 0x00000001
core   0: 0x8001156c (0xff9ff06f) j       pc - 0x8
core   0: 3 0x8001156c (0xff9ff06f)
core   0: 0x80011564 (0x00001f17) auipc   t5, 0x1
core   0: 3 0x80011564 (0x00001f17) x30 0x80012564
core   0: 0x80011568 (0xa83f2e23) sw      gp, -1380(t5)
core   0: 3 0x80011568 (0xa83f2e23) mem 0x80012000 0x00000001
core   0: 0x8001156c (0xff9ff06f) j       pc - 0x8
core   0: 3 0x8001156c (0xff9ff06f)
core   0: 0x80011564 (0x00001f17) auipc   t5, 0x1
core   0: 3 0x80011564 (0x00001f17) x30 0x80012564
core   0: 0x80011568 (0xa83f2e23) sw      gp, -1380(t5)
core   0: 3 0x80011568 (0xa83f2e23) mem 0x80012000 0x00000001
core   0: 0x8001156c (0xff9ff06f) j       pc - 0x8
core   0: 3 0x8001156c (0xff9ff06f)
core   0: 0x80011564 (0x00001f17) auipc   t5, 0x1
core   0: 3 0x80011564 (0x00001f17) x30 0x80012564
core   0: 0x80011568 (0xa83f2e23) sw      gp, -1380(t5)
core   0: 3 0x80011568 (0xa83f2e23) mem 0x80012000 0x00000001
core   0: 0x8001156c (0xff9ff06f) j       pc - 0x8
core   0: 3 0x8001156c (0xff9ff06f)
core   0: 0x80011564 (0x00001f17) auipc   t5, 0x1
core   0: 3 0x80011564 (0x00001f17) x30 0x80012564
core   0: 0x80011568 (0xa83f2e23) sw      gp, -1380(t5)
core   0: 3 0x80011568 (0xa83f2e23) mem 0x80012000 0x00000001
core   0: 0x8001156c (0xff9ff06f) j       pc - 0x8
core   0: 3 0x8001156c (0xff9ff06f)
core   0: 0x80011564 (0x00001f17) auipc   t5, 0x1
core   0: 3 0x80011564 (0x00001f17) x30 0x80012564
core   0: 0x80011568 (0xa83f2e23) sw      gp, -1380(t5)
core   0: 3 0x80011568 (0xa83f2e23) mem 0x80012000 0x00000001
core   0: 0x8001156c (0xff9ff06f) j       pc - 0x8
core   0: 3 0x8001156c (0xff9ff06f)
core   0: 0x80011564 (0x00001f17) auipc   t5, 0x1
core   0: 3 0x80011564 (0x00001f17) x30 0x80012564
core   0: 0x80011568 (0xa83f2e23) sw      gp, -1380(t5)
core   0: 3 0x80011568 (0xa83f2e23) mem 0x80012000 0x00000001
core   0: 0x8001156c (0xff9ff06f) j       pc - 0x8
core   0: 3 0x8001156c (0xff9ff06f)
core   0: 0x80011564 (0x00001f17) auipc   t5, 0x1
core   0: 3 0x80011564 (0x00001f17) x30 0x80012564
core   0: 0x80011568 (0xa83f2e23) sw      gp, -1380(t5)
core   0: 3 0x80011568 (0xa83f2e23) mem 0x80012000 0x00000001
core   0: 0x8001156c (0xff9ff06f) j       pc - 0x8
core   0: 3 0x8001156c (0xff9ff06f)
core   0: 0x80011564 (0x00001f17) auipc   t5, 0x1
core   0: 3 0x80011564 (0x00001f17) x30 0x80012564
core   0: 0x80011568 (0xa83f2e23) sw      gp, -1380(t5)
core   0: 3 0x80011568 (0xa83f2e23) mem 0x80012000 0x00000001
core   0: 0x8001156c (0xff9ff06f) j       pc - 0x8
core   0: 3 0x8001156c (0xff9ff06f)
core   0: 0x80011564 (0x00001f17) auipc   t5, 0x1
core   0: 3 0x80011564 (0x00001f17) x30 0x80012564
core   0: 0x80011568 (0xa83f2e23) sw      gp, -1380(t5)
core   0: 3 0x80011568 (0xa83f2e23) mem 0x80012000 0x00000001
core   0: 0x8001156c (0xff9ff06f) j       pc - 0x8
core   0: 3 0x8001156c (0xff9ff06f)
core   0: 0x80011564 (0x00001f17) auipc   t5, 0x1
core   0: 3 0x80011564 (0x00001f17) x30 0x80012564
core   0: 0x80011568 (0xa83f2e23) sw      gp, -1380(t5)
core   0: 3 0x80011568 (0xa83f2e23) mem 0x80012000 0x00000001
core   0: 0x8001156c (0xff9ff06f) j       pc - 0x8
core   0: 3 0x8001156c (0xff9ff06f)
core   0: 0x80011564 (0x00001f17) auipc   t5, 0x1
core   0: 3 0x80011564 (0x00001f17) x30 0x80012564
core   0: 0x80011568 (0xa83f2e23) sw      gp, -1380(t5)
core   0: 3 0x80011568 (0xa83f2e23) mem 0x80012000 0x00000001
core   0: 0x8001156c (0xff9ff06f) j       pc - 0x8
core   0: 3 0x8001156c (0xff9ff06f)
core   0: 0x80011564 (0x00001f17) auipc   t5, 0x1
core   0: 3 0x80011564 (0x00001f17) x30 0x80012564
core   0: 0x80011568 (0xa83f2e23) sw      gp, -1380(t5)
core   0: 3 0x80011568 (0xa83f2e23) mem 0x80012000 0x00000001
core   0: 0x8001156c (0xff9ff06f) j       pc - 0x8
core   0: 3 0x8001156c (0xff9ff06f)
core   0: 0x80011564 (0x00001f17) auipc   t5, 0x1
core   0: 3 0x80011564 (0x00001f17) x30 0x80012564
core   0: 0x80011568 (0xa83f2e23) sw      gp, -1380(t5)
core   0: 3 0x80011568 (0xa83f2e23) mem 0x80012000 0x00000001
core   0: 0x8001156c (0xff9ff06f) j       pc - 0x8
core   0: 3 0x8001156c (0xff9ff06f)
core   0: 0x80011564 (0x00001f17) auipc   t5, 0x1
core   0: 3 0x80011564 (0x00001f17) x30 0x80012564
core   0: 0x80011568 (0xa83f2e23) sw      gp, -1380(t5)
core   0: 3 0x80011568 (0xa83f2e23) mem 0x80012000 0x00000001
core   0: 0x8001156c (0xff9ff06f) j       pc - 0x8
core   0: 3 0x8001156c (0xff9ff06f)
core   0: 0x80011564 (0x00001f17) auipc   t5, 0x1
core   0: 3 0x80011564 (0x00001f17) x30 0x80012564
core   0: 0x80011568 (0xa83f2e23) sw      gp, -1380(t5)
core   0: 3 0x80011568 (0xa83f2e23) mem 0x80012000 0x00000001
core   0: 0x8001156c (0xff9ff06f) j       pc - 0x8
core   0: 3 0x8001156c (0xff9ff06f)
core   0: 0x80011564 (0x00001f17) auipc   t5, 0x1
core   0: 3 0x80011564 (0x00001f17) x30 0x80012564
core   0: 0x80011568 (0xa83f2e23) sw      gp, -1380(t5)
core   0: 3 0x80011568 (0xa83f2e23) mem 0x80012000 0x00000001
core   0: 0x8001156c (0xff9ff06f) j       pc - 0x8
core   0: 3 0x8001156c (0xff9ff06f)
core   0: 0x80011564 (0x00001f17) auipc   t5, 0x1
core   0: 3 0x80011564 (0x00001f17) x30 0x80012564
core   0: 0x80011568 (0xa83f2e23) sw      gp, -1380(t5)
core   0: 3 0x80011568 (0xa83f2e23) mem 0x80012000 0x00000001
core   0: 0x8001156c (0xff9ff06f) j       pc - 0x8
core   0: 3 0x8001156c (0xff9ff06f)
core   0: 0x80011564 (0x00001f17) auipc   t5, 0x1
core   0: 3 0x80011564 (0x00001f17) x30 0x80012564
core   0: 0x80011568 (0xa83f2e23) sw      gp, -1380(t5)
core   0: 3 0x80011568 (0xa83f2e23) mem 0x80012000 0x00000001
core   0: 0x8001156c (0xff9ff06f) j       pc - 0x8
core   0: 3 0x8001156c (0xff9ff06f)
core   0: 0x80011564 (0x00001f17) auipc   t5, 0x1
core   0: 3 0x80011564 (0x00001f17) x30 0x80012564
core   0: 0x80011568 (0xa83f2e23) sw      gp, -1380(t5)
core   0: 3 0x80011568 (0xa83f2e23) mem 0x80012000 0x00000001
core   0: 0x8001156c (0xff9ff06f) j       pc - 0x8
core   0: 3 0x8001156c (0xff9ff06f)
core   0: 0x80011564 (0x00001f17) auipc   t5, 0x1
core   0: 3 0x80011564 (0x00001f17) x30 0x80012564
core   0: 0x80011568 (0xa83f2e23) sw      gp, -1380(t5)
core   0: 3 0x80011568 (0xa83f2e23) mem 0x80012000 0x00000001
core   0: 0x8001156c (0xff9ff06f) j       pc - 0x8
core   0: 3 0x8001156c (0xff9ff06f)
core   0: 0x80011564 (0x00001f17) auipc   t5, 0x1
core   0: 3 0x80011564 (0x00001f17) x30 0x80012564
core   0: 0x80011568 (0xa83f2e23) sw      gp, -1380(t5)
core   0: 3 0x80011568 (0xa83f2e23) mem 0x80012000 0x00000001
core   0: 0x8001156c (0xff9ff06f) j       pc - 0x8
core   0: 3 0x8001156c (0xff9ff06f)
core   0: 0x80011564 (0x00001f17) auipc   t5, 0x1
core   0: 3 0x80011564 (0x00001f17) x30 0x80012564
core   0: 0x80011568 (0xa83f2e23) sw      gp, -1380(t5)
core   0: 3 0x80011568 (0xa83f2e23) mem 0x80012000 0x00000001
core   0: 0x8001156c (0xff9ff06f) j       pc - 0x8
core   0: 3 0x8001156c (0xff9ff06f)
core   0: 0x80011564 (0x00001f17) auipc   t5, 0x1
core   0: 3 0x80011564 (0x00001f17) x30 0x80012564
core   0: 0x80011568 (0xa83f2e23) sw      gp, -1380(t5)
core   0: 3 0x80011568 (0xa83f2e23) mem 0x80012000 0x00000001
core   0: 0x8001156c (0xff9ff06f) j       pc - 0x8
core   0: 3 0x8001156c (0xff9ff06f)
core   0: 0x80011564 (0x00001f17) auipc   t5, 0x1
core   0: 3 0x80011564 (0x00001f17) x30 0x80012564
core   0: 0x80011568 (0xa83f2e23) sw      gp, -1380(t5)
core   0: 3 0x80011568 (0xa83f2e23) mem 0x80012000 0x00000001
core   0: 0x8001156c (0xff9ff06f) j       pc - 0x8
core   0: 3 0x8001156c (0xff9ff06f)
core   0: 0x80011564 (0x00001f17) auipc   t5, 0x1
core   0: 3 0x80011564 (0x00001f17) x30 0x80012564
core   0: 0x80011568 (0xa83f2e23) sw      gp, -1380(t5)
core   0: 3 0x80011568 (0xa83f2e23) mem 0x80012000 0x00000001
core   0: 0x8001156c (0xff9ff06f) j       pc - 0x8
core   0: 3 0x8001156c (0xff9ff06f)
core   0: 0x80011564 (0x00001f17) auipc   t5, 0x1
core   0: 3 0x80011564 (0x00001f17) x30 0x80012564
core   0: 0x80011568 (0xa83f2e23) sw      gp, -1380(t5)
core   0: 3 0x80011568 (0xa83f2e23) mem 0x80012000 0x00000001
core   0: 0x8001156c (0xff9ff06f) j       pc - 0x8
core   0: 3 0x8001156c (0xff9ff06f)
core   0: 0x80011564 (0x00001f17) auipc   t5, 0x1
core   0: 3 0x80011564 (0x00001f17) x30 0x80012564
core   0: 0x80011568 (0xa83f2e23) sw      gp, -1380(t5)
core   0: 3 0x80011568 (0xa83f2e23) mem 0x80012000 0x00000001
core   0: 0x8001156c (0xff9ff06f) j       pc - 0x8
core   0: 3 0x8001156c (0xff9ff06f)
core   0: 0x80011564 (0x00001f17) auipc   t5, 0x1
core   0: 3 0x80011564 (0x00001f17) x30 0x80012564
core   0: 0x80011568 (0xa83f2e23) sw      gp, -1380(t5)
core   0: 3 0x80011568 (0xa83f2e23) mem 0x80012000 0x00000001
core   0: 0x8001156c (0xff9ff06f) j       pc - 0x8
core   0: 3 0x8001156c (0xff9ff06f)
core   0: 0x80011564 (0x00001f17) auipc   t5, 0x1
core   0: 3 0x80011564 (0x00001f17) x30 0x80012564
core   0: 0x80011568 (0xa83f2e23) sw      gp, -1380(t5)
core   0: 3 0x80011568 (0xa83f2e23) mem 0x80012000 0x00000001
core   0: 0x8001156c (0xff9ff06f) j       pc - 0x8
core   0: 3 0x8001156c (0xff9ff06f)
core   0: 0x80011564 (0x00001f17) auipc   t5, 0x1
core   0: 3 0x80011564 (0x00001f17) x30 0x80012564
core   0: 0x80011568 (0xa83f2e23) sw      gp, -1380(t5)
core   0: 3 0x80011568 (0xa83f2e23) mem 0x80012000 0x00000001
core   0: 0x8001156c (0xff9ff06f) j       pc - 0x8
core   0: 3 0x8001156c (0xff9ff06f)
core   0: 0x80011564 (0x00001f17) auipc   t5, 0x1
core   0: 3 0x80011564 (0x00001f17) x30 0x80012564
core   0: 0x80011568 (0xa83f2e23) sw      gp, -1380(t5)
core   0: 3 0x80011568 (0xa83f2e23) mem 0x80012000 0x00000001
core   0: 0x8001156c (0xff9ff06f) j       pc - 0x8
core   0: 3 0x8001156c (0xff9ff06f)
core   0: 0x80011564 (0x00001f17) auipc   t5, 0x1
core   0: 3 0x80011564 (0x00001f17) x30 0x80012564
core   0: 0x80011568 (0xa83f2e23) sw      gp, -1380(t5)
core   0: 3 0x80011568 (0xa83f2e23) mem 0x80012000 0x00000001
core   0: 0x8001156c (0xff9ff06f) j       pc - 0x8
core   0: 3 0x8001156c (0xff9ff06f)
core   0: 0x80011564 (0x00001f17) auipc   t5, 0x1
core   0: 3 0x80011564 (0x00001f17) x30 0x80012564
core   0: 0x80011568 (0xa83f2e23) sw      gp, -1380(t5)
core   0: 3 0x80011568 (0xa83f2e23) mem 0x80012000 0x00000001
core   0: 0x8001156c (0xff9ff06f) j       pc - 0x8
core   0: 3 0x8001156c (0xff9ff06f)
core   0: 0x80011564 (0x00001f17) auipc   t5, 0x1
core   0: 3 0x80011564 (0x00001f17) x30 0x80012564
core   0: 0x80011568 (0xa83f2e23) sw      gp, -1380(t5)
core   0: 3 0x80011568 (0xa83f2e23) mem 0x80012000 0x00000001
core   0: 0x8001156c (0xff9ff06f) j       pc - 0x8
core   0: 3 0x8001156c (0xff9ff06f)
core   0: 0x80011564 (0x00001f17) auipc   t5, 0x1
core   0: 3 0x80011564 (0x00001f17) x30 0x80012564
core   0: 0x80011568 (0xa83f2e23) sw      gp, -1380(t5)
core   0: 3 0x80011568 (0xa83f2e23) mem 0x80012000 0x00000001
core   0: 0x8001156c (0xff9ff06f) j       pc - 0x8
core   0: 3 0x8001156c (0xff9ff06f)
core   0: 0x80011564 (0x00001f17) auipc   t5, 0x1
core   0: 3 0x80011564 (0x00001f17) x30 0x80012564
core   0: 0x80011568 (0xa83f2e23) sw      gp, -1380(t5)
core   0: 3 0x80011568 (0xa83f2e23) mem 0x80012000 0x00000001
core   0: 0x8001156c (0xff9ff06f) j       pc - 0x8
core   0: 3 0x8001156c (0xff9ff06f)
core   0: 0x80011564 (0x00001f17) auipc   t5, 0x1
core   0: 3 0x80011564 (0x00001f17) x30 0x80012564
core   0: 0x80011568 (0xa83f2e23) sw      gp, -1380(t5)
core   0: 3 0x80011568 (0xa83f2e23) mem 0x80012000 0x00000001
core   0: 0x8001156c (0xff9ff06f) j       pc - 0x8
core   0: 3 0x8001156c (0xff9ff06f)
core   0: 0x80011564 (0x00001f17) auipc   t5, 0x1
core   0: 3 0x80011564 (0x00001f17) x30 0x80012564
core   0: 0x80011568 (0xa83f2e23) sw      gp, -1380(t5)
core   0: 3 0x80011568 (0xa83f2e23) mem 0x80012000 0x00000001
core   0: 0x8001156c (0xff9ff06f) j       pc - 0x8
core   0: 3 0x8001156c (0xff9ff06f)
core   0: 0x80011564 (0x00001f17) auipc   t5, 0x1
core   0: 3 0x80011564 (0x00001f17) x30 0x80012564
core   0: 0x80011568 (0xa83f2e23) sw      gp, -1380(t5)
core   0: 3 0x80011568 (0xa83f2e23) mem 0x80012000 0x00000001
core   0: 0x8001156c (0xff9ff06f) j       pc - 0x8
core   0: 3 0x8001156c (0xff9ff06f)
core   0: 0x80011564 (0x00001f17) auipc   t5, 0x1
core   0: 3 0x80011564 (0x00001f17) x30 0x80012564
core   0: 0x80011568 (0xa83f2e23) sw      gp, -1380(t5)
core   0: 3 0x80011568 (0xa83f2e23) mem 0x80012000 0x00000001
core   0: 0x8001156c (0xff9ff06f) j       pc - 0x8
core   0: 3 0x8001156c (0xff9ff06f)
core   0: 0x80011564 (0x00001f17) auipc   t5, 0x1
core   0: 3 0x80011564 (0x00001f17) x30 0x80012564
core   0: 0x80011568 (0xa83f2e23) sw      gp, -1380(t5)
core   0: 3 0x80011568 (0xa83f2e23) mem 0x80012000 0x00000001
core   0: 0x8001156c (0xff9ff06f) j       pc - 0x8
core   0: 3 0x8001156c (0xff9ff06f)
core   0: 0x80011564 (0x00001f17) auipc   t5, 0x1
core   0: 3 0x80011564 (0x00001f17) x30 0x80012564
core   0: 0x80011568 (0xa83f2e23) sw      gp, -1380(t5)
core   0: 3 0x80011568 (0xa83f2e23) mem 0x80012000 0x00000001
core   0: 0x8001156c (0xff9ff06f) j       pc - 0x8
core   0: 3 0x8001156c (0xff9ff06f)
core   0: 0x80011564 (0x00001f17) auipc   t5, 0x1
core   0: 3 0x80011564 (0x00001f17) x30 0x80012564
core   0: 0x80011568 (0xa83f2e23) sw      gp, -1380(t5)
core   0: 3 0x80011568 (0xa83f2e23) mem 0x80012000 0x00000001
core   0: 0x8001156c (0xff9ff06f) j       pc - 0x8
core   0: 3 0x8001156c (0xff9ff06f)
core   0: 0x80011564 (0x00001f17) auipc   t5, 0x1
core   0: 3 0x80011564 (0x00001f17) x30 0x80012564
core   0: 0x80011568 (0xa83f2e23) sw      gp, -1380(t5)
core   0: 3 0x80011568 (0xa83f2e23) mem 0x80012000 0x00000001
core   0: 0x8001156c (0xff9ff06f) j       pc - 0x8
core   0: 3 0x8001156c (0xff9ff06f)
core   0: 0x80011564 (0x00001f17) auipc   t5, 0x1
core   0: 3 0x80011564 (0x00001f17) x30 0x80012564
core   0: 0x80011568 (0xa83f2e23) sw      gp, -1380(t5)
core   0: 3 0x80011568 (0xa83f2e23) mem 0x80012000 0x00000001
core   0: 0x8001156c (0xff9ff06f) j       pc - 0x8
core   0: 3 0x8001156c (0xff9ff06f)
core   0: 0x80011564 (0x00001f17) auipc   t5, 0x1
core   0: 3 0x80011564 (0x00001f17) x30 0x80012564
core   0: 0x80011568 (0xa83f2e23) sw      gp, -1380(t5)
core   0: 3 0x80011568 (0xa83f2e23) mem 0x80012000 0x00000001
core   0: 0x8001156c (0xff9ff06f) j       pc - 0x8
core   0: 3 0x8001156c (0xff9ff06f)
core   0: 0x80011564 (0x00001f17) auipc   t5, 0x1
core   0: 3 0x80011564 (0x00001f17) x30 0x80012564
core   0: 0x80011568 (0xa83f2e23) sw      gp, -1380(t5)
core   0: 3 0x80011568 (0xa83f2e23) mem 0x80012000 0x00000001
core   0: 0x8001156c (0xff9ff06f) j       pc - 0x8
core   0: 3 0x8001156c (0xff9ff06f)
core   0: 0x80011564 (0x00001f17) auipc   t5, 0x1
core   0: 3 0x80011564 (0x00001f17) x30 0x80012564
core   0: 0x80011568 (0xa83f2e23) sw      gp, -1380(t5)
core   0: 3 0x80011568 (0xa83f2e23) mem 0x80012000 0x00000001
core   0: 0x8001156c (0xff9ff06f) j       pc - 0x8
core   0: 3 0x8001156c (0xff9ff06f)
core   0: 0x80011564 (0x00001f17) auipc   t5, 0x1
core   0: 3 0x80011564 (0x00001f17) x30 0x80012564
core   0: 0x80011568 (0xa83f2e23) sw      gp, -1380(t5)
core   0: 3 0x80011568 (0xa83f2e23) mem 0x80012000 0x00000001
core   0: 0x8001156c (0xff9ff06f) j       pc - 0x8
core   0: 3 0x8001156c (0xff9ff06f)
core   0: 0x80011564 (0x00001f17) auipc   t5, 0x1
core   0: 3 0x80011564 (0x00001f17) x30 0x80012564
core   0: 0x80011568 (0xa83f2e23) sw      gp, -1380(t5)
core   0: 3 0x80011568 (0xa83f2e23) mem 0x80012000 0x00000001
core   0: 0x8001156c (0xff9ff06f) j       pc - 0x8
core   0: 3 0x8001156c (0xff9ff06f)
core   0: 0x80011564 (0x00001f17) auipc   t5, 0x1
core   0: 3 0x80011564 (0x00001f17) x30 0x80012564
core   0: 0x80011568 (0xa83f2e23) sw      gp, -1380(t5)
core   0: 3 0x80011568 (0xa83f2e23) mem 0x80012000 0x00000001
core   0: 0x8001156c (0xff9ff06f) j       pc - 0x8
core   0: 3 0x8001156c (0xff9ff06f)
core   0: 0x80011564 (0x00001f17) auipc   t5, 0x1
core   0: 3 0x80011564 (0x00001f17) x30 0x80012564
core   0: 0x80011568 (0xa83f2e23) sw      gp, -1380(t5)
core   0: 3 0x80011568 (0xa83f2e23) mem 0x80012000 0x00000001
core   0: 0x8001156c (0xff9ff06f) j       pc - 0x8
core   0: 3 0x8001156c (0xff9ff06f)
core   0: 0x80011564 (0x00001f17) auipc   t5, 0x1
core   0: 3 0x80011564 (0x00001f17) x30 0x80012564
core   0: 0x80011568 (0xa83f2e23) sw      gp, -1380(t5)
core   0: 3 0x80011568 (0xa83f2e23) mem 0x80012000 0x00000001
core   0: 0x8001156c (0xff9ff06f) j       pc - 0x8
core   0: 3 0x8001156c (0xff9ff06f)
core   0: 0x80011564 (0x00001f17) auipc   t5, 0x1
core   0: 3 0x80011564 (0x00001f17) x30 0x80012564
core   0: 0x80011568 (0xa83f2e23) sw      gp, -1380(t5)
core   0: 3 0x80011568 (0xa83f2e23) mem 0x80012000 0x00000001
core   0: 0x8001156c (0xff9ff06f) j       pc - 0x8
core   0: 3 0x8001156c (0xff9ff06f)
core   0: 0x80011564 (0x00001f17) auipc   t5, 0x1
core   0: 3 0x80011564 (0x00001f17) x30 0x80012564
core   0: 0x80011568 (0xa83f2e23) sw      gp, -1380(t5)
core   0: 3 0x80011568 (0xa83f2e23) mem 0x80012000 0x00000001
core   0: 0x8001156c (0xff9ff06f) j       pc - 0x8
core   0: 3 0x8001156c (0xff9ff06f)
core   0: 0x80011564 (0x00001f17) auipc   t5, 0x1
core   0: 3 0x80011564 (0x00001f17) x30 0x80012564
core   0: 0x80011568 (0xa83f2e23) sw      gp, -1380(t5)
core   0: 3 0x80011568 (0xa83f2e23) mem 0x80012000 0x00000001
core   0: 0x8001156c (0xff9ff06f) j       pc - 0x8
core   0: 3 0x8001156c (0xff9ff06f)
core   0: 0x80011564 (0x00001f17) auipc   t5, 0x1
core   0: 3 0x80011564 (0x00001f17) x30 0x80012564
core   0: 0x80011568 (0xa83f2e23) sw      gp, -1380(t5)
core   0: 3 0x80011568 (0xa83f2e23) mem 0x80012000 0x00000001
core   0: 0x8001156c (0xff9ff06f) j       pc - 0x8
core   0: 3 0x8001156c (0xff9ff06f)
core   0: 0x80011564 (0x00001f17) auipc   t5, 0x1
core   0: 3 0x80011564 (0x00001f17) x30 0x80012564
core   0: 0x80011568 (0xa83f2e23) sw      gp, -1380(t5)
core   0: 3 0x80011568 (0xa83f2e23) mem 0x80012000 0x00000001
core   0: 0x8001156c (0xff9ff06f) j       pc - 0x8
core   0: 3 0x8001156c (0xff9ff06f)
core   0: 0x80011564 (0x00001f17) auipc   t5, 0x1
core   0: 3 0x80011564 (0x00001f17) x30 0x80012564
core   0: 0x80011568 (0xa83f2e23) sw      gp, -1380(t5)
core   0: 3 0x80011568 (0xa83f2e23) mem 0x80012000 0x00000001
core   0: 0x8001156c (0xff9ff06f) j       pc - 0x8
core   0: 3 0x8001156c (0xff9ff06f)
core   0: 0x80011564 (0x00001f17) auipc   t5, 0x1
core   0: 3 0x80011564 (0x00001f17) x30 0x80012564
core   0: 0x80011568 (0xa83f2e23) sw      gp, -1380(t5)
core   0: 3 0x80011568 (0xa83f2e23) mem 0x80012000 0x00000001
core   0: 0x8001156c (0xff9ff06f) j       pc - 0x8
core   0: 3 0x8001156c (0xff9ff06f)
core   0: 0x80011564 (0x00001f17) auipc   t5, 0x1
core   0: 3 0x80011564 (0x00001f17) x30 0x80012564
core   0: 0x80011568 (0xa83f2e23) sw      gp, -1380(t5)
core   0: 3 0x80011568 (0xa83f2e23) mem 0x80012000 0x00000001
core   0: 0x8001156c (0xff9ff06f) j       pc - 0x8
core   0: 3 0x8001156c (0xff9ff06f)
core   0: 0x80011564 (0x00001f17) auipc   t5, 0x1
core   0: 3 0x80011564 (0x00001f17) x30 0x80012564
core   0: 0x80011568 (0xa83f2e23) sw      gp, -1380(t5)
core   0: 3 0x80011568 (0xa83f2e23) mem 0x80012000 0x00000001
core   0: 0x8001156c (0xff9ff06f) j       pc - 0x8
core   0: 3 0x8001156c (0xff9ff06f)
core   0: 0x80011564 (0x00001f17) auipc   t5, 0x1
core   0: 3 0x80011564 (0x00001f17) x30 0x80012564
core   0: 0x80011568 (0xa83f2e23) sw      gp, -1380(t5)
core   0: 3 0x80011568 (0xa83f2e23) mem 0x80012000 0x00000001
core   0: 0x8001156c (0xff9ff06f) j       pc - 0x8
core   0: 3 0x8001156c (0xff9ff06f)
core   0: 0x80011564 (0x00001f17) auipc   t5, 0x1
core   0: 3 0x80011564 (0x00001f17) x30 0x80012564
core   0: 0x80011568 (0xa83f2e23) sw      gp, -1380(t5)
core   0: 3 0x80011568 (0xa83f2e23) mem 0x80012000 0x00000001
core   0: 0x8001156c (0xff9ff06f) j       pc - 0x8
core   0: 3 0x8001156c (0xff9ff06f)
core   0: 0x80011564 (0x00001f17) auipc   t5, 0x1
core   0: 3 0x80011564 (0x00001f17) x30 0x80012564
core   0: 0x80011568 (0xa83f2e23) sw      gp, -1380(t5)
core   0: 3 0x80011568 (0xa83f2e23) mem 0x80012000 0x00000001
core   0: 0x8001156c (0xff9ff06f) j       pc - 0x8
core   0: 3 0x8001156c (0xff9ff06f)
core   0: 0x80011564 (0x00001f17) auipc   t5, 0x1
core   0: 3 0x80011564 (0x00001f17) x30 0x80012564
core   0: 0x80011568 (0xa83f2e23) sw      gp, -1380(t5)
core   0: 3 0x80011568 (0xa83f2e23) mem 0x80012000 0x00000001
core   0: 0x8001156c (0xff9ff06f) j       pc - 0x8
core   0: 3 0x8001156c (0xff9ff06f)
core   0: 0x80011564 (0x00001f17) auipc   t5, 0x1
core   0: 3 0x80011564 (0x00001f17) x30 0x80012564
core   0: 0x80011568 (0xa83f2e23) sw      gp, -1380(t5)
core   0: 3 0x80011568 (0xa83f2e23) mem 0x80012000 0x00000001
core   0: 0x8001156c (0xff9ff06f) j       pc - 0x8
core   0: 3 0x8001156c (0xff9ff06f)
core   0: 0x80011564 (0x00001f17) auipc   t5, 0x1
core   0: 3 0x80011564 (0x00001f17) x30 0x80012564
core   0: 0x80011568 (0xa83f2e23) sw      gp, -1380(t5)
core   0: 3 0x80011568 (0xa83f2e23) mem 0x80012000 0x00000001
core   0: 0x8001156c (0xff9ff06f) j       pc - 0x8
core   0: 3 0x8001156c (0xff9ff06f)
core   0: 0x80011564 (0x00001f17) auipc   t5, 0x1
core   0: 3 0x80011564 (0x00001f17) x30 0x80012564
core   0: 0x80011568 (0xa83f2e23) sw      gp, -1380(t5)
core   0: 3 0x80011568 (0xa83f2e23) mem 0x80012000 0x00000001
core   0: 0x8001156c (0xff9ff06f) j       pc - 0x8
core   0: 3 0x8001156c (0xff9ff06f)
core   0: 0x80011564 (0x00001f17) auipc   t5, 0x1
core   0: 3 0x80011564 (0x00001f17) x30 0x80012564
core   0: 0x80011568 (0xa83f2e23) sw      gp, -1380(t5)
core   0: 3 0x80011568 (0xa83f2e23) mem 0x80012000 0x00000001
core   0: 0x8001156c (0xff9ff06f) j       pc - 0x8
core   0: 3 0x8001156c (0xff9ff06f)
core   0: 0x80011564 (0x00001f17) auipc   t5, 0x1
core   0: 3 0x80011564 (0x00001f17) x30 0x80012564
core   0: 0x80011568 (0xa83f2e23) sw      gp, -1380(t5)
core   0: 3 0x80011568 (0xa83f2e23) mem 0x80012000 0x00000001
core   0: 0x8001156c (0xff9ff06f) j       pc - 0x8
core   0: 3 0x8001156c (0xff9ff06f)
core   0: 0x80011564 (0x00001f17) auipc   t5, 0x1
core   0: 3 0x80011564 (0x00001f17) x30 0x80012564
core   0: 0x80011568 (0xa83f2e23) sw      gp, -1380(t5)
core   0: 3 0x80011568 (0xa83f2e23) mem 0x80012000 0x00000001
core   0: 0x8001156c (0xff9ff06f) j       pc - 0x8
core   0: 3 0x8001156c (0xff9ff06f)
core   0: 0x80011564 (0x00001f17) auipc   t5, 0x1
core   0: 3 0x80011564 (0x00001f17) x30 0x80012564
core   0: 0x80011568 (0xa83f2e23) sw      gp, -1380(t5)
core   0: 3 0x80011568 (0xa83f2e23) mem 0x80012000 0x00000001
core   0: 0x8001156c (0xff9ff06f) j       pc - 0x8
core   0: 3 0x8001156c (0xff9ff06f)
core   0: 0x80011564 (0x00001f17) auipc   t5, 0x1
core   0: 3 0x80011564 (0x00001f17) x30 0x80012564
core   0: 0x80011568 (0xa83f2e23) sw      gp, -1380(t5)
core   0: 3 0x80011568 (0xa83f2e23) mem 0x80012000 0x00000001
core   0: 0x8001156c (0xff9ff06f) j       pc - 0x8
core   0: 3 0x8001156c (0xff9ff06f)
core   0: 0x80011564 (0x00001f17) auipc   t5, 0x1
core   0: 3 0x80011564 (0x00001f17) x30 0x80012564
core   0: 0x80011568 (0xa83f2e23) sw      gp, -1380(t5)
core   0: 3 0x80011568 (0xa83f2e23) mem 0x80012000 0x00000001
core   0: 0x8001156c (0xff9ff06f) j       pc - 0x8
core   0: 3 0x8001156c (0xff9ff06f)
core   0: 0x80011564 (0x00001f17) auipc   t5, 0x1
core   0: 3 0x80011564 (0x00001f17) x30 0x80012564
core   0: 0x80011568 (0xa83f2e23) sw      gp, -1380(t5)
core   0: 3 0x80011568 (0xa83f2e23) mem 0x80012000 0x00000001
core   0: 0x8001156c (0xff9ff06f) j       pc - 0x8
core   0: 3 0x8001156c (0xff9ff06f)
core   0: 0x80011564 (0x00001f17) auipc   t5, 0x1
core   0: 3 0x80011564 (0x00001f17) x30 0x80012564
core   0: 0x80011568 (0xa83f2e23) sw      gp, -1380(t5)
core   0: 3 0x80011568 (0xa83f2e23) mem 0x80012000 0x00000001
core   0: 0x8001156c (0xff9ff06f) j       pc - 0x8
core   0: 3 0x8001156c (0xff9ff06f)
core   0: 0x80011564 (0x00001f17) auipc   t5, 0x1
core   0: 3 0x80011564 (0x00001f17) x30 0x80012564
core   0: 0x80011568 (0xa83f2e23) sw      gp, -1380(t5)
core   0: 3 0x80011568 (0xa83f2e23) mem 0x80012000 0x00000001
core   0: 0x8001156c (0xff9ff06f) j       pc - 0x8
core   0: 3 0x8001156c (0xff9ff06f)
core   0: 0x80011564 (0x00001f17) auipc   t5, 0x1
core   0: 3 0x80011564 (0x00001f17) x30 0x80012564
core   0: 0x80011568 (0xa83f2e23) sw      gp, -1380(t5)
core   0: 3 0x80011568 (0xa83f2e23) mem 0x80012000 0x00000001
core   0: 0x8001156c (0xff9ff06f) j       pc - 0x8
core   0: 3 0x8001156c (0xff9ff06f)
core   0: 0x80011564 (0x00001f17) auipc   t5, 0x1
core   0: 3 0x80011564 (0x00001f17) x30 0x80012564
core   0: 0x80011568 (0xa83f2e23) sw      gp, -1380(t5)
core   0: 3 0x80011568 (0xa83f2e23) mem 0x80012000 0x00000001
core   0: 0x8001156c (0xff9ff06f) j       pc - 0x8
core   0: 3 0x8001156c (0xff9ff06f)
core   0: 0x80011564 (0x00001f17) auipc   t5, 0x1
core   0: 3 0x80011564 (0x00001f17) x30 0x80012564
core   0: 0x80011568 (0xa83f2e23) sw      gp, -1380(t5)
core   0: 3 0x80011568 (0xa83f2e23) mem 0x80012000 0x00000001
core   0: 0x8001156c (0xff9ff06f) j       pc - 0x8
core   0: 3 0x8001156c (0xff9ff06f)
core   0: 0x80011564 (0x00001f17) auipc   t5, 0x1
core   0: 3 0x80011564 (0x00001f17) x30 0x80012564
core   0: 0x80011568 (0xa83f2e23) sw      gp, -1380(t5)
core   0: 3 0x80011568 (0xa83f2e23) mem 0x80012000 0x00000001
core   0: 0x8001156c (0xff9ff06f) j       pc - 0x8
core   0: 3 0x8001156c (0xff9ff06f)
core   0: 0x80011564 (0x00001f17) auipc   t5, 0x1
core   0: 3 0x80011564 (0x00001f17) x30 0x80012564
core   0: 0x80011568 (0xa83f2e23) sw      gp, -1380(t5)
core   0: 3 0x80011568 (0xa83f2e23) mem 0x80012000 0x00000001
core   0: 0x8001156c (0xff9ff06f) j       pc - 0x8
core   0: 3 0x8001156c (0xff9ff06f)
core   0: 0x80011564 (0x00001f17) auipc   t5, 0x1
core   0: 3 0x80011564 (0x00001f17) x30 0x80012564
core   0: 0x80011568 (0xa83f2e23) sw      gp, -1380(t5)
core   0: 3 0x80011568 (0xa83f2e23) mem 0x80012000 0x00000001
core   0: 0x8001156c (0xff9ff06f) j       pc - 0x8
core   0: 3 0x8001156c (0xff9ff06f)
core   0: 0x80011564 (0x00001f17) auipc   t5, 0x1
core   0: 3 0x80011564 (0x00001f17) x30 0x80012564
core   0: 0x80011568 (0xa83f2e23) sw      gp, -1380(t5)
core   0: 3 0x80011568 (0xa83f2e23) mem 0x80012000 0x00000001
core   0: 0x8001156c (0xff9ff06f) j       pc - 0x8
core   0: 3 0x8001156c (0xff9ff06f)
core   0: 0x80011564 (0x00001f17) auipc   t5, 0x1
core   0: 3 0x80011564 (0x00001f17) x30 0x80012564
core   0: 0x80011568 (0xa83f2e23) sw      gp, -1380(t5)
core   0: 3 0x80011568 (0xa83f2e23) mem 0x80012000 0x00000001
core   0: 0x8001156c (0xff9ff06f) j       pc - 0x8
core   0: 3 0x8001156c (0xff9ff06f)
core   0: 0x80011564 (0x00001f17) auipc   t5, 0x1
core   0: 3 0x80011564 (0x00001f17) x30 0x80012564
core   0: 0x80011568 (0xa83f2e23) sw      gp, -1380(t5)
core   0: 3 0x80011568 (0xa83f2e23) mem 0x80012000 0x00000001
core   0: 0x8001156c (0xff9ff06f) j       pc - 0x8
core   0: 3 0x8001156c (0xff9ff06f)
core   0: 0x80011564 (0x00001f17) auipc   t5, 0x1
core   0: 3 0x80011564 (0x00001f17) x30 0x80012564
core   0: 0x80011568 (0xa83f2e23) sw      gp, -1380(t5)
core   0: 3 0x80011568 (0xa83f2e23) mem 0x80012000 0x00000001
core   0: 0x8001156c (0xff9ff06f) j       pc - 0x8
core   0: 3 0x8001156c (0xff9ff06f)
core   0: 0x80011564 (0x00001f17) auipc   t5, 0x1
core   0: 3 0x80011564 (0x00001f17) x30 0x80012564
core   0: 0x80011568 (0xa83f2e23) sw      gp, -1380(t5)
core   0: 3 0x80011568 (0xa83f2e23) mem 0x80012000 0x00000001
core   0: 0x8001156c (0xff9ff06f) j       pc - 0x8
core   0: 3 0x8001156c (0xff9ff06f)
core   0: 0x80011564 (0x00001f17) auipc   t5, 0x1
core   0: 3 0x80011564 (0x00001f17) x30 0x80012564
core   0: 0x80011568 (0xa83f2e23) sw      gp, -1380(t5)
core   0: 3 0x80011568 (0xa83f2e23) mem 0x80012000 0x00000001
core   0: 0x8001156c (0xff9ff06f) j       pc - 0x8
core   0: 3 0x8001156c (0xff9ff06f)
core   0: 0x80011564 (0x00001f17) auipc   t5, 0x1
core   0: 3 0x80011564 (0x00001f17) x30 0x80012564
core   0: 0x80011568 (0xa83f2e23) sw      gp, -1380(t5)
core   0: 3 0x80011568 (0xa83f2e23) mem 0x80012000 0x00000001
core   0: 0x8001156c (0xff9ff06f) j       pc - 0x8
core   0: 3 0x8001156c (0xff9ff06f)
core   0: 0x80011564 (0x00001f17) auipc   t5, 0x1
core   0: 3 0x80011564 (0x00001f17) x30 0x80012564
core   0: 0x80011568 (0xa83f2e23) sw      gp, -1380(t5)
core   0: 3 0x80011568 (0xa83f2e23) mem 0x80012000 0x00000001
core   0: 0x8001156c (0xff9ff06f) j       pc - 0x8
core   0: 3 0x8001156c (0xff9ff06f)
core   0: 0x80011564 (0x00001f17) auipc   t5, 0x1
core   0: 3 0x80011564 (0x00001f17) x30 0x80012564
core   0: 0x80011568 (0xa83f2e23) sw      gp, -1380(t5)
core   0: 3 0x80011568 (0xa83f2e23) mem 0x80012000 0x00000001
core   0: 0x8001156c (0xff9ff06f) j       pc - 0x8
core   0: 3 0x8001156c (0xff9ff06f)
core   0: 0x80011564 (0x00001f17) auipc   t5, 0x1
core   0: 3 0x80011564 (0x00001f17) x30 0x80012564
core   0: 0x80011568 (0xa83f2e23) sw      gp, -1380(t5)
core   0: 3 0x80011568 (0xa83f2e23) mem 0x80012000 0x00000001
core   0: 0x8001156c (0xff9ff06f) j       pc - 0x8
core   0: 3 0x8001156c (0xff9ff06f)
core   0: 0x80011564 (0x00001f17) auipc   t5, 0x1
core   0: 3 0x80011564 (0x00001f17) x30 0x80012564
core   0: 0x80011568 (0xa83f2e23) sw      gp, -1380(t5)
core   0: 3 0x80011568 (0xa83f2e23) mem 0x80012000 0x00000001
core   0: 0x8001156c (0xff9ff06f) j       pc - 0x8
core   0: 3 0x8001156c (0xff9ff06f)
core   0: 0x80011564 (0x00001f17) auipc   t5, 0x1
core   0: 3 0x80011564 (0x00001f17) x30 0x80012564
core   0: 0x80011568 (0xa83f2e23) sw      gp, -1380(t5)
core   0: 3 0x80011568 (0xa83f2e23) mem 0x80012000 0x00000001
core   0: 0x8001156c (0xff9ff06f) j       pc - 0x8
core   0: 3 0x8001156c (0xff9ff06f)
core   0: 0x80011564 (0x00001f17) auipc   t5, 0x1
core   0: 3 0x80011564 (0x00001f17) x30 0x80012564
core   0: 0x80011568 (0xa83f2e23) sw      gp, -1380(t5)
core   0: 3 0x80011568 (0xa83f2e23) mem 0x80012000 0x00000001
core   0: 0x8001156c (0xff9ff06f) j       pc - 0x8
core   0: 3 0x8001156c (0xff9ff06f)
core   0: 0x80011564 (0x00001f17) auipc   t5, 0x1
core   0: 3 0x80011564 (0x00001f17) x30 0x80012564
core   0: 0x80011568 (0xa83f2e23) sw      gp, -1380(t5)
core   0: 3 0x80011568 (0xa83f2e23) mem 0x80012000 0x00000001
core   0: 0x8001156c (0xff9ff06f) j       pc - 0x8
core   0: 3 0x8001156c (0xff9ff06f)
core   0: 0x80011564 (0x00001f17) auipc   t5, 0x1
core   0: 3 0x80011564 (0x00001f17) x30 0x80012564
core   0: 0x80011568 (0xa83f2e23) sw      gp, -1380(t5)
core   0: 3 0x80011568 (0xa83f2e23) mem 0x80012000 0x00000001
core   0: 0x8001156c (0xff9ff06f) j       pc - 0x8
core   0: 3 0x8001156c (0xff9ff06f)
core   0: 0x80011564 (0x00001f17) auipc   t5, 0x1
core   0: 3 0x80011564 (0x00001f17) x30 0x80012564
core   0: 0x80011568 (0xa83f2e23) sw      gp, -1380(t5)
core   0: 3 0x80011568 (0xa83f2e23) mem 0x80012000 0x00000001
core   0: 0x8001156c (0xff9ff06f) j       pc - 0x8
core   0: 3 0x8001156c (0xff9ff06f)
core   0: 0x80011564 (0x00001f17) auipc   t5, 0x1
core   0: 3 0x80011564 (0x00001f17) x30 0x80012564
core   0: 0x80011568 (0xa83f2e23) sw      gp, -1380(t5)
core   0: 3 0x80011568 (0xa83f2e23) mem 0x80012000 0x00000001
core   0: 0x8001156c (0xff9ff06f) j       pc - 0x8
core   0: 3 0x8001156c (0xff9ff06f)
core   0: 0x80011564 (0x00001f17) auipc   t5, 0x1
core   0: 3 0x80011564 (0x00001f17) x30 0x80012564
core   0: 0x80011568 (0xa83f2e23) sw      gp, -1380(t5)
core   0: 3 0x80011568 (0xa83f2e23) mem 0x80012000 0x00000001
core   0: 0x8001156c (0xff9ff06f) j       pc - 0x8
core   0: 3 0x8001156c (0xff9ff06f)
core   0: 0x80011564 (0x00001f17) auipc   t5, 0x1
core   0: 3 0x80011564 (0x00001f17) x30 0x80012564
core   0: 0x80011568 (0xa83f2e23) sw      gp, -1380(t5)
core   0: 3 0x80011568 (0xa83f2e23) mem 0x80012000 0x00000001
core   0: 0x8001156c (0xff9ff06f) j       pc - 0x8
core   0: 3 0x8001156c (0xff9ff06f)
core   0: 0x80011564 (0x00001f17) auipc   t5, 0x1
core   0: 3 0x80011564 (0x00001f17) x30 0x80012564
core   0: 0x80011568 (0xa83f2e23) sw      gp, -1380(t5)
core   0: 3 0x80011568 (0xa83f2e23) mem 0x80012000 0x00000001
core   0: 0x8001156c (0xff9ff06f) j       pc - 0x8
core   0: 3 0x8001156c (0xff9ff06f)
core   0: 0x80011564 (0x00001f17) auipc   t5, 0x1
core   0: 3 0x80011564 (0x00001f17) x30 0x80012564
core   0: 0x80011568 (0xa83f2e23) sw      gp, -1380(t5)
core   0: 3 0x80011568 (0xa83f2e23) mem 0x80012000 0x00000001
core   0: 0x8001156c (0xff9ff06f) j       pc - 0x8
core   0: 3 0x8001156c (0xff9ff06f)
core   0: 0x80011564 (0x00001f17) auipc   t5, 0x1
core   0: 3 0x80011564 (0x00001f17) x30 0x80012564
core   0: 0x80011568 (0xa83f2e23) sw      gp, -1380(t5)
core   0: 3 0x80011568 (0xa83f2e23) mem 0x80012000 0x00000001
core   0: 0x8001156c (0xff9ff06f) j       pc - 0x8
core   0: 3 0x8001156c (0xff9ff06f)
core   0: 0x80011564 (0x00001f17) auipc   t5, 0x1
core   0: 3 0x80011564 (0x00001f17) x30 0x80012564
core   0: 0x80011568 (0xa83f2e23) sw      gp, -1380(t5)
core   0: 3 0x80011568 (0xa83f2e23) mem 0x80012000 0x00000001
core   0: 0x8001156c (0xff9ff06f) j       pc - 0x8
core   0: 3 0x8001156c (0xff9ff06f)
core   0: 0x80011564 (0x00001f17) auipc   t5, 0x1
core   0: 3 0x80011564 (0x00001f17) x30 0x80012564
core   0: 0x80011568 (0xa83f2e23) sw      gp, -1380(t5)
core   0: 3 0x80011568 (0xa83f2e23) mem 0x80012000 0x00000001
core   0: 0x8001156c (0xff9ff06f) j       pc - 0x8
core   0: 3 0x8001156c (0xff9ff06f)
core   0: 0x80011564 (0x00001f17) auipc   t5, 0x1
core   0: 3 0x80011564 (0x00001f17) x30 0x80012564
core   0: 0x80011568 (0xa83f2e23) sw      gp, -1380(t5)
core   0: 3 0x80011568 (0xa83f2e23) mem 0x80012000 0x00000001
core   0: 0x8001156c (0xff9ff06f) j       pc - 0x8
core   0: 3 0x8001156c (0xff9ff06f)
core   0: 0x80011564 (0x00001f17) auipc   t5, 0x1
core   0: 3 0x80011564 (0x00001f17) x30 0x80012564
core   0: 0x80011568 (0xa83f2e23) sw      gp, -1380(t5)
core   0: 3 0x80011568 (0xa83f2e23) mem 0x80012000 0x00000001
core   0: 0x8001156c (0xff9ff06f) j       pc - 0x8
core   0: 3 0x8001156c (0xff9ff06f)
core   0: 0x80011564 (0x00001f17) auipc   t5, 0x1
core   0: 3 0x80011564 (0x00001f17) x30 0x80012564
core   0: 0x80011568 (0xa83f2e23) sw      gp, -1380(t5)
core   0: 3 0x80011568 (0xa83f2e23) mem 0x80012000 0x00000001
core   0: 0x8001156c (0xff9ff06f) j       pc - 0x8
core   0: 3 0x8001156c (0xff9ff06f)
core   0: 0x80011564 (0x00001f17) auipc   t5, 0x1
core   0: 3 0x80011564 (0x00001f17) x30 0x80012564
core   0: 0x80011568 (0xa83f2e23) sw      gp, -1380(t5)
core   0: 3 0x80011568 (0xa83f2e23) mem 0x80012000 0x00000001
core   0: 0x8001156c (0xff9ff06f) j       pc - 0x8
core   0: 3 0x8001156c (0xff9ff06f)
core   0: 0x80011564 (0x00001f17) auipc   t5, 0x1
core   0: 3 0x80011564 (0x00001f17) x30 0x80012564
core   0: 0x80011568 (0xa83f2e23) sw      gp, -1380(t5)
core   0: 3 0x80011568 (0xa83f2e23) mem 0x80012000 0x00000001
core   0: 0x8001156c (0xff9ff06f) j       pc - 0x8
core   0: 3 0x8001156c (0xff9ff06f)
core   0: 0x80011564 (0x00001f17) auipc   t5, 0x1
core   0: 3 0x80011564 (0x00001f17) x30 0x80012564
core   0: 0x80011568 (0xa83f2e23) sw      gp, -1380(t5)
core   0: 3 0x80011568 (0xa83f2e23) mem 0x80012000 0x00000001
core   0: 0x8001156c (0xff9ff06f) j       pc - 0x8
core   0: 3 0x8001156c (0xff9ff06f)
core   0: 0x80011564 (0x00001f17) auipc   t5, 0x1
core   0: 3 0x80011564 (0x00001f17) x30 0x80012564
core   0: 0x80011568 (0xa83f2e23) sw      gp, -1380(t5)
core   0: 3 0x80011568 (0xa83f2e23) mem 0x80012000 0x00000001
core   0: 0x8001156c (0xff9ff06f) j       pc - 0x8
core   0: 3 0x8001156c (0xff9ff06f)
core   0: 0x80011564 (0x00001f17) auipc   t5, 0x1
core   0: 3 0x80011564 (0x00001f17) x30 0x80012564
core   0: 0x80011568 (0xa83f2e23) sw      gp, -1380(t5)
core   0: 3 0x80011568 (0xa83f2e23) mem 0x80012000 0x00000001
core   0: 0x8001156c (0xff9ff06f) j       pc - 0x8
core   0: 3 0x8001156c (0xff9ff06f)
core   0: 0x80011564 (0x00001f17) auipc   t5, 0x1
core   0: 3 0x80011564 (0x00001f17) x30 0x80012564
core   0: 0x80011568 (0xa83f2e23) sw      gp, -1380(t5)
core   0: 3 0x80011568 (0xa83f2e23) mem 0x80012000 0x00000001
core   0: 0x8001156c (0xff9ff06f) j       pc - 0x8
core   0: 3 0x8001156c (0xff9ff06f)
core   0: 0x80011564 (0x00001f17) auipc   t5, 0x1
core   0: 3 0x80011564 (0x00001f17) x30 0x80012564
core   0: 0x80011568 (0xa83f2e23) sw      gp, -1380(t5)
core   0: 3 0x80011568 (0xa83f2e23) mem 0x80012000 0x00000001
core   0: 0x8001156c (0xff9ff06f) j       pc - 0x8
core   0: 3 0x8001156c (0xff9ff06f)
core   0: 0x80011564 (0x00001f17) auipc   t5, 0x1
core   0: 3 0x80011564 (0x00001f17) x30 0x80012564
core   0: 0x80011568 (0xa83f2e23) sw      gp, -1380(t5)
core   0: 3 0x80011568 (0xa83f2e23) mem 0x80012000 0x00000001
core   0: 0x8001156c (0xff9ff06f) j       pc - 0x8
core   0: 3 0x8001156c (0xff9ff06f)
core   0: 0x80011564 (0x00001f17) auipc   t5, 0x1
core   0: 3 0x80011564 (0x00001f17) x30 0x80012564
core   0: 0x80011568 (0xa83f2e23) sw      gp, -1380(t5)
core   0: 3 0x80011568 (0xa83f2e23) mem 0x80012000 0x00000001
core   0: 0x8001156c (0xff9ff06f) j       pc - 0x8
core   0: 3 0x8001156c (0xff9ff06f)
core   0: 0x80011564 (0x00001f17) auipc   t5, 0x1
core   0: 3 0x80011564 (0x00001f17) x30 0x80012564
core   0: 0x80011568 (0xa83f2e23) sw      gp, -1380(t5)
core   0: 3 0x80011568 (0xa83f2e23) mem 0x80012000 0x00000001
core   0: 0x8001156c (0xff9ff06f) j       pc - 0x8
core   0: 3 0x8001156c (0xff9ff06f)
core   0: 0x80011564 (0x00001f17) auipc   t5, 0x1
core   0: 3 0x80011564 (0x00001f17) x30 0x80012564
core   0: 0x80011568 (0xa83f2e23) sw      gp, -1380(t5)
core   0: 3 0x80011568 (0xa83f2e23) mem 0x80012000 0x00000001
core   0: 0x8001156c (0xff9ff06f) j       pc - 0x8
core   0: 3 0x8001156c (0xff9ff06f)
core   0: 0x80011564 (0x00001f17) auipc   t5, 0x1
core   0: 3 0x80011564 (0x00001f17) x30 0x80012564
core   0: 0x80011568 (0xa83f2e23) sw      gp, -1380(t5)
core   0: 3 0x80011568 (0xa83f2e23) mem 0x80012000 0x00000001
core   0: 0x8001156c (0xff9ff06f) j       pc - 0x8
core   0: 3 0x8001156c (0xff9ff06f)
core   0: 0x80011564 (0x00001f17) auipc   t5, 0x1
core   0: 3 0x80011564 (0x00001f17) x30 0x80012564
core   0: 0x80011568 (0xa83f2e23) sw      gp, -1380(t5)
core   0: 3 0x80011568 (0xa83f2e23) mem 0x80012000 0x00000001
core   0: 0x8001156c (0xff9ff06f) j       pc - 0x8
core   0: 3 0x8001156c (0xff9ff06f)
core   0: 0x80011564 (0x00001f17) auipc   t5, 0x1
core   0: 3 0x80011564 (0x00001f17) x30 0x80012564
core   0: 0x80011568 (0xa83f2e23) sw      gp, -1380(t5)
core   0: 3 0x80011568 (0xa83f2e23) mem 0x80012000 0x00000001
core   0: 0x8001156c (0xff9ff06f) j       pc - 0x8
core   0: 3 0x8001156c (0xff9ff06f)
core   0: 0x80011564 (0x00001f17) auipc   t5, 0x1
core   0: 3 0x80011564 (0x00001f17) x30 0x80012564
core   0: 0x80011568 (0xa83f2e23) sw      gp, -1380(t5)
core   0: 3 0x80011568 (0xa83f2e23) mem 0x80012000 0x00000001
core   0: 0x8001156c (0xff9ff06f) j       pc - 0x8
core   0: 3 0x8001156c (0xff9ff06f)
core   0: 0x80011564 (0x00001f17) auipc   t5, 0x1
core   0: 3 0x80011564 (0x00001f17) x30 0x80012564
core   0: 0x80011568 (0xa83f2e23) sw      gp, -1380(t5)
core   0: 3 0x80011568 (0xa83f2e23) mem 0x80012000 0x00000001
core   0: 0x8001156c (0xff9ff06f) j       pc - 0x8
core   0: 3 0x8001156c (0xff9ff06f)
core   0: 0x80011564 (0x00001f17) auipc   t5, 0x1
core   0: 3 0x80011564 (0x00001f17) x30 0x80012564
core   0: 0x80011568 (0xa83f2e23) sw      gp, -1380(t5)
core   0: 3 0x80011568 (0xa83f2e23) mem 0x80012000 0x00000001
core   0: 0x8001156c (0xff9ff06f) j       pc - 0x8
core   0: 3 0x8001156c (0xff9ff06f)
core   0: 0x80011564 (0x00001f17) auipc   t5, 0x1
core   0: 3 0x80011564 (0x00001f17) x30 0x80012564
core   0: 0x80011568 (0xa83f2e23) sw      gp, -1380(t5)
core   0: 3 0x80011568 (0xa83f2e23) mem 0x80012000 0x00000001
core   0: 0x8001156c (0xff9ff06f) j       pc - 0x8
core   0: 3 0x8001156c (0xff9ff06f)
core   0: 0x80011564 (0x00001f17) auipc   t5, 0x1
core   0: 3 0x80011564 (0x00001f17) x30 0x80012564
core   0: 0x80011568 (0xa83f2e23) sw      gp, -1380(t5)
core   0: 3 0x80011568 (0xa83f2e23) mem 0x80012000 0x00000001
core   0: 0x8001156c (0xff9ff06f) j       pc - 0x8
core   0: 3 0x8001156c (0xff9ff06f)
core   0: 0x80011564 (0x00001f17) auipc   t5, 0x1
core   0: 3 0x80011564 (0x00001f17) x30 0x80012564
core   0: 0x80011568 (0xa83f2e23) sw      gp, -1380(t5)
core   0: 3 0x80011568 (0xa83f2e23) mem 0x80012000 0x00000001
core   0: 0x8001156c (0xff9ff06f) j       pc - 0x8
core   0: 3 0x8001156c (0xff9ff06f)
core   0: 0x80011564 (0x00001f17) auipc   t5, 0x1
core   0: 3 0x80011564 (0x00001f17) x30 0x80012564
core   0: 0x80011568 (0xa83f2e23) sw      gp, -1380(t5)
core   0: 3 0x80011568 (0xa83f2e23) mem 0x80012000 0x00000001
core   0: 0x8001156c (0xff9ff06f) j       pc - 0x8
core   0: 3 0x8001156c (0xff9ff06f)
core   0: 0x80011564 (0x00001f17) auipc   t5, 0x1
core   0: 3 0x80011564 (0x00001f17) x30 0x80012564
core   0: 0x80011568 (0xa83f2e23) sw      gp, -1380(t5)
core   0: 3 0x80011568 (0xa83f2e23) mem 0x80012000 0x00000001
core   0: 0x8001156c (0xff9ff06f) j       pc - 0x8
core   0: 3 0x8001156c (0xff9ff06f)
core   0: 0x80011564 (0x00001f17) auipc   t5, 0x1
core   0: 3 0x80011564 (0x00001f17) x30 0x80012564
core   0: 0x80011568 (0xa83f2e23) sw      gp, -1380(t5)
core   0: 3 0x80011568 (0xa83f2e23) mem 0x80012000 0x00000001
core   0: 0x8001156c (0xff9ff06f) j       pc - 0x8
core   0: 3 0x8001156c (0xff9ff06f)
core   0: 0x80011564 (0x00001f17) auipc   t5, 0x1
core   0: 3 0x80011564 (0x00001f17) x30 0x80012564
core   0: 0x80011568 (0xa83f2e23) sw      gp, -1380(t5)
core   0: 3 0x80011568 (0xa83f2e23) mem 0x80012000 0x00000001
core   0: 0x8001156c (0xff9ff06f) j       pc - 0x8
core   0: 3 0x8001156c (0xff9ff06f)
core   0: 0x80011564 (0x00001f17) auipc   t5, 0x1
core   0: 3 0x80011564 (0x00001f17) x30 0x80012564
core   0: 0x80011568 (0xa83f2e23) sw      gp, -1380(t5)
core   0: 3 0x80011568 (0xa83f2e23) mem 0x80012000 0x00000001
core   0: 0x8001156c (0xff9ff06f) j       pc - 0x8
core   0: 3 0x8001156c (0xff9ff06f)
core   0: 0x80011564 (0x00001f17) auipc   t5, 0x1
core   0: 3 0x80011564 (0x00001f17) x30 0x80012564
core   0: 0x80011568 (0xa83f2e23) sw      gp, -1380(t5)
core   0: 3 0x80011568 (0xa83f2e23) mem 0x80012000 0x00000001
core   0: 0x8001156c (0xff9ff06f) j       pc - 0x8
core   0: 3 0x8001156c (0xff9ff06f)
core   0: 0x80011564 (0x00001f17) auipc   t5, 0x1
core   0: 3 0x80011564 (0x00001f17) x30 0x80012564
core   0: 0x80011568 (0xa83f2e23) sw      gp, -1380(t5)
core   0: 3 0x80011568 (0xa83f2e23) mem 0x80012000 0x00000001
core   0: 0x8001156c (0xff9ff06f) j       pc - 0x8
core   0: 3 0x8001156c (0xff9ff06f)
core   0: 0x80011564 (0x00001f17) auipc   t5, 0x1
core   0: 3 0x80011564 (0x00001f17) x30 0x80012564
core   0: 0x80011568 (0xa83f2e23) sw      gp, -1380(t5)
core   0: 3 0x80011568 (0xa83f2e23) mem 0x80012000 0x00000001
core   0: 0x8001156c (0xff9ff06f) j       pc - 0x8
core   0: 3 0x8001156c (0xff9ff06f)
core   0: 0x80011564 (0x00001f17) auipc   t5, 0x1
core   0: 3 0x80011564 (0x00001f17) x30 0x80012564
core   0: 0x80011568 (0xa83f2e23) sw      gp, -1380(t5)
core   0: 3 0x80011568 (0xa83f2e23) mem 0x80012000 0x00000001
core   0: 0x8001156c (0xff9ff06f) j       pc - 0x8
core   0: 3 0x8001156c (0xff9ff06f)
core   0: 0x80011564 (0x00001f17) auipc   t5, 0x1
core   0: 3 0x80011564 (0x00001f17) x30 0x80012564
core   0: 0x80011568 (0xa83f2e23) sw      gp, -1380(t5)
core   0: 3 0x80011568 (0xa83f2e23) mem 0x80012000 0x00000001
core   0: 0x8001156c (0xff9ff06f) j       pc - 0x8
core   0: 3 0x8001156c (0xff9ff06f)
core   0: 0x80011564 (0x00001f17) auipc   t5, 0x1
core   0: 3 0x80011564 (0x00001f17) x30 0x80012564
core   0: 0x80011568 (0xa83f2e23) sw      gp, -1380(t5)
core   0: 3 0x80011568 (0xa83f2e23) mem 0x80012000 0x00000001
core   0: 0x8001156c (0xff9ff06f) j       pc - 0x8
core   0: 3 0x8001156c (0xff9ff06f)
core   0: 0x80011564 (0x00001f17) auipc   t5, 0x1
core   0: 3 0x80011564 (0x00001f17) x30 0x80012564
core   0: 0x80011568 (0xa83f2e23) sw      gp, -1380(t5)
core   0: 3 0x80011568 (0xa83f2e23) mem 0x80012000 0x00000001
core   0: 0x8001156c (0xff9ff06f) j       pc - 0x8
core   0: 3 0x8001156c (0xff9ff06f)
core   0: 0x80011564 (0x00001f17) auipc   t5, 0x1
core   0: 3 0x80011564 (0x00001f17) x30 0x80012564
core   0: 0x80011568 (0xa83f2e23) sw      gp, -1380(t5)
core   0: 3 0x80011568 (0xa83f2e23) mem 0x80012000 0x00000001
core   0: 0x8001156c (0xff9ff06f) j       pc - 0x8
core   0: 3 0x8001156c (0xff9ff06f)
core   0: 0x80011564 (0x00001f17) auipc   t5, 0x1
core   0: 3 0x80011564 (0x00001f17) x30 0x80012564
core   0: 0x80011568 (0xa83f2e23) sw      gp, -1380(t5)
core   0: 3 0x80011568 (0xa83f2e23) mem 0x80012000 0x00000001
core   0: 0x8001156c (0xff9ff06f) j       pc - 0x8
core   0: 3 0x8001156c (0xff9ff06f)
core   0: 0x80011564 (0x00001f17) auipc   t5, 0x1
core   0: 3 0x80011564 (0x00001f17) x30 0x80012564
core   0: 0x80011568 (0xa83f2e23) sw      gp, -1380(t5)
core   0: 3 0x80011568 (0xa83f2e23) mem 0x80012000 0x00000001
core   0: 0x8001156c (0xff9ff06f) j       pc - 0x8
core   0: 3 0x8001156c (0xff9ff06f)
core   0: 0x80011564 (0x00001f17) auipc   t5, 0x1
core   0: 3 0x80011564 (0x00001f17) x30 0x80012564
core   0: 0x80011568 (0xa83f2e23) sw      gp, -1380(t5)
core   0: 3 0x80011568 (0xa83f2e23) mem 0x80012000 0x00000001
core   0: 0x8001156c (0xff9ff06f) j       pc - 0x8
core   0: 3 0x8001156c (0xff9ff06f)
core   0: 0x80011564 (0x00001f17) auipc   t5, 0x1
core   0: 3 0x80011564 (0x00001f17) x30 0x80012564
core   0: 0x80011568 (0xa83f2e23) sw      gp, -1380(t5)
core   0: 3 0x80011568 (0xa83f2e23) mem 0x80012000 0x00000001
core   0: 0x8001156c (0xff9ff06f) j       pc - 0x8
core   0: 3 0x8001156c (0xff9ff06f)
core   0: 0x80011564 (0x00001f17) auipc   t5, 0x1
core   0: 3 0x80011564 (0x00001f17) x30 0x80012564
core   0: 0x80011568 (0xa83f2e23) sw      gp, -1380(t5)
core   0: 3 0x80011568 (0xa83f2e23) mem 0x80012000 0x00000001
core   0: 0x8001156c (0xff9ff06f) j       pc - 0x8
core   0: 3 0x8001156c (0xff9ff06f)
core   0: 0x80011564 (0x00001f17) auipc   t5, 0x1
core   0: 3 0x80011564 (0x00001f17) x30 0x80012564
core   0: 0x80011568 (0xa83f2e23) sw      gp, -1380(t5)
core   0: 3 0x80011568 (0xa83f2e23) mem 0x80012000 0x00000001
core   0: 0x8001156c (0xff9ff06f) j       pc - 0x8
core   0: 3 0x8001156c (0xff9ff06f)
core   0: 0x80011564 (0x00001f17) auipc   t5, 0x1
core   0: 3 0x80011564 (0x00001f17) x30 0x80012564
core   0: 0x80011568 (0xa83f2e23) sw      gp, -1380(t5)
core   0: 3 0x80011568 (0xa83f2e23) mem 0x80012000 0x00000001
core   0: 0x8001156c (0xff9ff06f) j       pc - 0x8
core   0: 3 0x8001156c (0xff9ff06f)
core   0: 0x80011564 (0x00001f17) auipc   t5, 0x1
core   0: 3 0x80011564 (0x00001f17) x30 0x80012564
core   0: 0x80011568 (0xa83f2e23) sw      gp, -1380(t5)
core   0: 3 0x80011568 (0xa83f2e23) mem 0x80012000 0x00000001
core   0: 0x8001156c (0xff9ff06f) j       pc - 0x8
core   0: 3 0x8001156c (0xff9ff06f)
core   0: 0x80011564 (0x00001f17) auipc   t5, 0x1
core   0: 3 0x80011564 (0x00001f17) x30 0x80012564
core   0: 0x80011568 (0xa83f2e23) sw      gp, -1380(t5)
core   0: 3 0x80011568 (0xa83f2e23) mem 0x80012000 0x00000001
core   0: 0x8001156c (0xff9ff06f) j       pc - 0x8
core   0: 3 0x8001156c (0xff9ff06f)
core   0: 0x80011564 (0x00001f17) auipc   t5, 0x1
core   0: 3 0x80011564 (0x00001f17) x30 0x80012564
core   0: 0x80011568 (0xa83f2e23) sw      gp, -1380(t5)
core   0: 3 0x80011568 (0xa83f2e23) mem 0x80012000 0x00000001
core   0: 0x8001156c (0xff9ff06f) j       pc - 0x8
core   0: 3 0x8001156c (0xff9ff06f)
core   0: 0x80011564 (0x00001f17) auipc   t5, 0x1
core   0: 3 0x80011564 (0x00001f17) x30 0x80012564
core   0: 0x80011568 (0xa83f2e23) sw      gp, -1380(t5)
core   0: 3 0x80011568 (0xa83f2e23) mem 0x80012000 0x00000001
core   0: 0x8001156c (0xff9ff06f) j       pc - 0x8
core   0: 3 0x8001156c (0xff9ff06f)
core   0: 0x80011564 (0x00001f17) auipc   t5, 0x1
core   0: 3 0x80011564 (0x00001f17) x30 0x80012564
core   0: 0x80011568 (0xa83f2e23) sw      gp, -1380(t5)
core   0: 3 0x80011568 (0xa83f2e23) mem 0x80012000 0x00000001
core   0: 0x8001156c (0xff9ff06f) j       pc - 0x8
core   0: 3 0x8001156c (0xff9ff06f)
core   0: 0x80011564 (0x00001f17) auipc   t5, 0x1
core   0: 3 0x80011564 (0x00001f17) x30 0x80012564
core   0: 0x80011568 (0xa83f2e23) sw      gp, -1380(t5)
core   0: 3 0x80011568 (0xa83f2e23) mem 0x80012000 0x00000001
core   0: 0x8001156c (0xff9ff06f) j       pc - 0x8
core   0: 3 0x8001156c (0xff9ff06f)
core   0: 0x80011564 (0x00001f17) auipc   t5, 0x1
core   0: 3 0x80011564 (0x00001f17) x30 0x80012564
core   0: 0x80011568 (0xa83f2e23) sw      gp, -1380(t5)
core   0: 3 0x80011568 (0xa83f2e23) mem 0x80012000 0x00000001
core   0: 0x8001156c (0xff9ff06f) j       pc - 0x8
core   0: 3 0x8001156c (0xff9ff06f)
core   0: 0x80011564 (0x00001f17) auipc   t5, 0x1
core   0: 3 0x80011564 (0x00001f17) x30 0x80012564
core   0: 0x80011568 (0xa83f2e23) sw      gp, -1380(t5)
core   0: 3 0x80011568 (0xa83f2e23) mem 0x80012000 0x00000001
core   0: 0x8001156c (0xff9ff06f) j       pc - 0x8
core   0: 3 0x8001156c (0xff9ff06f)
core   0: 0x80011564 (0x00001f17) auipc   t5, 0x1
core   0: 3 0x80011564 (0x00001f17) x30 0x80012564
core   0: 0x80011568 (0xa83f2e23) sw      gp, -1380(t5)
core   0: 3 0x80011568 (0xa83f2e23) mem 0x80012000 0x00000001
core   0: 0x8001156c (0xff9ff06f) j       pc - 0x8
core   0: 3 0x8001156c (0xff9ff06f)
core   0: 0x80011564 (0x00001f17) auipc   t5, 0x1
core   0: 3 0x80011564 (0x00001f17) x30 0x80012564
core   0: 0x80011568 (0xa83f2e23) sw      gp, -1380(t5)
core   0: 3 0x80011568 (0xa83f2e23) mem 0x80012000 0x00000001
core   0: 0x8001156c (0xff9ff06f) j       pc - 0x8
core   0: 3 0x8001156c (0xff9ff06f)
core   0: 0x80011564 (0x00001f17) auipc   t5, 0x1
core   0: 3 0x80011564 (0x00001f17) x30 0x80012564
core   0: 0x80011568 (0xa83f2e23) sw      gp, -1380(t5)
core   0: 3 0x80011568 (0xa83f2e23) mem 0x80012000 0x00000001
core   0: 0x8001156c (0xff9ff06f) j       pc - 0x8
core   0: 3 0x8001156c (0xff9ff06f)
core   0: 0x80011564 (0x00001f17) auipc   t5, 0x1
core   0: 3 0x80011564 (0x00001f17) x30 0x80012564
core   0: 0x80011568 (0xa83f2e23) sw      gp, -1380(t5)
core   0: 3 0x80011568 (0xa83f2e23) mem 0x80012000 0x00000001
core   0: 0x8001156c (0xff9ff06f) j       pc - 0x8
core   0: 3 0x8001156c (0xff9ff06f)
core   0: 0x80011564 (0x00001f17) auipc   t5, 0x1
core   0: 3 0x80011564 (0x00001f17) x30 0x80012564
core   0: 0x80011568 (0xa83f2e23) sw      gp, -1380(t5)
core   0: 3 0x80011568 (0xa83f2e23) mem 0x80012000 0x00000001
core   0: 0x8001156c (0xff9ff06f) j       pc - 0x8
core   0: 3 0x8001156c (0xff9ff06f)
core   0: 0x80011564 (0x00001f17) auipc   t5, 0x1
core   0: 3 0x80011564 (0x00001f17) x30 0x80012564
core   0: 0x80011568 (0xa83f2e23) sw      gp, -1380(t5)
core   0: 3 0x80011568 (0xa83f2e23) mem 0x80012000 0x00000001
core   0: 0x8001156c (0xff9ff06f) j       pc - 0x8
core   0: 3 0x8001156c (0xff9ff06f)
core   0: 0x80011564 (0x00001f17) auipc   t5, 0x1
core   0: 3 0x80011564 (0x00001f17) x30 0x80012564
core   0: 0x80011568 (0xa83f2e23) sw      gp, -1380(t5)
core   0: 3 0x80011568 (0xa83f2e23) mem 0x80012000 0x00000001
core   0: 0x8001156c (0xff9ff06f) j       pc - 0x8
core   0: 3 0x8001156c (0xff9ff06f)
core   0: 0x80011564 (0x00001f17) auipc   t5, 0x1
core   0: 3 0x80011564 (0x00001f17) x30 0x80012564
core   0: 0x80011568 (0xa83f2e23) sw      gp, -1380(t5)
core   0: 3 0x80011568 (0xa83f2e23) mem 0x80012000 0x00000001
core   0: 0x8001156c (0xff9ff06f) j       pc - 0x8
core   0: 3 0x8001156c (0xff9ff06f)
core   0: 0x80011564 (0x00001f17) auipc   t5, 0x1
core   0: 3 0x80011564 (0x00001f17) x30 0x80012564
core   0: 0x80011568 (0xa83f2e23) sw      gp, -1380(t5)
core   0: 3 0x80011568 (0xa83f2e23) mem 0x80012000 0x00000001
core   0: 0x8001156c (0xff9ff06f) j       pc - 0x8
core   0: 3 0x8001156c (0xff9ff06f)
core   0: 0x80011564 (0x00001f17) auipc   t5, 0x1
core   0: 3 0x80011564 (0x00001f17) x30 0x80012564
core   0: 0x80011568 (0xa83f2e23) sw      gp, -1380(t5)
core   0: 3 0x80011568 (0xa83f2e23) mem 0x80012000 0x00000001
core   0: 0x8001156c (0xff9ff06f) j       pc - 0x8
core   0: 3 0x8001156c (0xff9ff06f)
core   0: 0x80011564 (0x00001f17) auipc   t5, 0x1
core   0: 3 0x80011564 (0x00001f17) x30 0x80012564
core   0: 0x80011568 (0xa83f2e23) sw      gp, -1380(t5)
core   0: 3 0x80011568 (0xa83f2e23) mem 0x80012000 0x00000001
core   0: 0x8001156c (0xff9ff06f) j       pc - 0x8
core   0: 3 0x8001156c (0xff9ff06f)
core   0: 0x80011564 (0x00001f17) auipc   t5, 0x1
core   0: 3 0x80011564 (0x00001f17) x30 0x80012564
core   0: 0x80011568 (0xa83f2e23) sw      gp, -1380(t5)
core   0: 3 0x80011568 (0xa83f2e23) mem 0x80012000 0x00000001
core   0: 0x8001156c (0xff9ff06f) j       pc - 0x8
core   0: 3 0x8001156c (0xff9ff06f)
core   0: 0x80011564 (0x00001f17) auipc   t5, 0x1
core   0: 3 0x80011564 (0x00001f17) x30 0x80012564
core   0: 0x80011568 (0xa83f2e23) sw      gp, -1380(t5)
core   0: 3 0x80011568 (0xa83f2e23) mem 0x80012000 0x00000001
core   0: 0x8001156c (0xff9ff06f) j       pc - 0x8
core   0: 3 0x8001156c (0xff9ff06f)
core   0: 0x80011564 (0x00001f17) auipc   t5, 0x1
core   0: 3 0x80011564 (0x00001f17) x30 0x80012564
core   0: 0x80011568 (0xa83f2e23) sw      gp, -1380(t5)
core   0: 3 0x80011568 (0xa83f2e23) mem 0x80012000 0x00000001
core   0: 0x8001156c (0xff9ff06f) j       pc - 0x8
core   0: 3 0x8001156c (0xff9ff06f)
core   0: 0x80011564 (0x00001f17) auipc   t5, 0x1
core   0: 3 0x80011564 (0x00001f17) x30 0x80012564
core   0: 0x80011568 (0xa83f2e23) sw      gp, -1380(t5)
core   0: 3 0x80011568 (0xa83f2e23) mem 0x80012000 0x00000001
core   0: 0x8001156c (0xff9ff06f) j       pc - 0x8
core   0: 3 0x8001156c (0xff9ff06f)
core   0: 0x80011564 (0x00001f17) auipc   t5, 0x1
core   0: 3 0x80011564 (0x00001f17) x30 0x80012564
core   0: 0x80011568 (0xa83f2e23) sw      gp, -1380(t5)
core   0: 3 0x80011568 (0xa83f2e23) mem 0x80012000 0x00000001
core   0: 0x8001156c (0xff9ff06f) j       pc - 0x8
core   0: 3 0x8001156c (0xff9ff06f)
core   0: 0x80011564 (0x00001f17) auipc   t5, 0x1
core   0: 3 0x80011564 (0x00001f17) x30 0x80012564
core   0: 0x80011568 (0xa83f2e23) sw      gp, -1380(t5)
core   0: 3 0x80011568 (0xa83f2e23) mem 0x80012000 0x00000001
core   0: 0x8001156c (0xff9ff06f) j       pc - 0x8
core   0: 3 0x8001156c (0xff9ff06f)
core   0: 0x80011564 (0x00001f17) auipc   t5, 0x1
core   0: 3 0x80011564 (0x00001f17) x30 0x80012564
core   0: 0x80011568 (0xa83f2e23) sw      gp, -1380(t5)
core   0: 3 0x80011568 (0xa83f2e23) mem 0x80012000 0x00000001
core   0: 0x8001156c (0xff9ff06f) j       pc - 0x8
core   0: 3 0x8001156c (0xff9ff06f)
core   0: 0x80011564 (0x00001f17) auipc   t5, 0x1
core   0: 3 0x80011564 (0x00001f17) x30 0x80012564
core   0: 0x80011568 (0xa83f2e23) sw      gp, -1380(t5)
core   0: 3 0x80011568 (0xa83f2e23) mem 0x80012000 0x00000001
core   0: 0x8001156c (0xff9ff06f) j       pc - 0x8
core   0: 3 0x8001156c (0xff9ff06f)
core   0: 0x80011564 (0x00001f17) auipc   t5, 0x1
core   0: 3 0x80011564 (0x00001f17) x30 0x80012564
core   0: 0x80011568 (0xa83f2e23) sw      gp, -1380(t5)
core   0: 3 0x80011568 (0xa83f2e23) mem 0x80012000 0x00000001
core   0: 0x8001156c (0xff9ff06f) j       pc - 0x8
core   0: 3 0x8001156c (0xff9ff06f)
core   0: 0x80011564 (0x00001f17) auipc   t5, 0x1
core   0: 3 0x80011564 (0x00001f17) x30 0x80012564
core   0: 0x80011568 (0xa83f2e23) sw      gp, -1380(t5)
core   0: 3 0x80011568 (0xa83f2e23) mem 0x80012000 0x00000001
core   0: 0x8001156c (0xff9ff06f) j       pc - 0x8
core   0: 3 0x8001156c (0xff9ff06f)
core   0: 0x80011564 (0x00001f17) auipc   t5, 0x1
core   0: 3 0x80011564 (0x00001f17) x30 0x80012564
core   0: 0x80011568 (0xa83f2e23) sw      gp, -1380(t5)
core   0: 3 0x80011568 (0xa83f2e23) mem 0x80012000 0x00000001
core   0: 0x8001156c (0xff9ff06f) j       pc - 0x8
core   0: 3 0x8001156c (0xff9ff06f)
core   0: 0x80011564 (0x00001f17) auipc   t5, 0x1
core   0: 3 0x80011564 (0x00001f17) x30 0x80012564
core   0: 0x80011568 (0xa83f2e23) sw      gp, -1380(t5)
core   0: 3 0x80011568 (0xa83f2e23) mem 0x80012000 0x00000001
core   0: 0x8001156c (0xff9ff06f) j       pc - 0x8
core   0: 3 0x8001156c (0xff9ff06f)
core   0: 0x80011564 (0x00001f17) auipc   t5, 0x1
core   0: 3 0x80011564 (0x00001f17) x30 0x80012564
core   0: 0x80011568 (0xa83f2e23) sw      gp, -1380(t5)
core   0: 3 0x80011568 (0xa83f2e23) mem 0x80012000 0x00000001
core   0: 0x8001156c (0xff9ff06f) j       pc - 0x8
core   0: 3 0x8001156c (0xff9ff06f)
core   0: 0x80011564 (0x00001f17) auipc   t5, 0x1
core   0: 3 0x80011564 (0x00001f17) x30 0x80012564
core   0: 0x80011568 (0xa83f2e23) sw      gp, -1380(t5)
core   0: 3 0x80011568 (0xa83f2e23) mem 0x80012000 0x00000001
core   0: 0x8001156c (0xff9ff06f) j       pc - 0x8
core   0: 3 0x8001156c (0xff9ff06f)
core   0: 0x80011564 (0x00001f17) auipc   t5, 0x1
core   0: 3 0x80011564 (0x00001f17) x30 0x80012564
core   0: 0x80011568 (0xa83f2e23) sw      gp, -1380(t5)
core   0: 3 0x80011568 (0xa83f2e23) mem 0x80012000 0x00000001
core   0: 0x8001156c (0xff9ff06f) j       pc - 0x8
core   0: 3 0x8001156c (0xff9ff06f)
core   0: 0x80011564 (0x00001f17) auipc   t5, 0x1
core   0: 3 0x80011564 (0x00001f17) x30 0x80012564
core   0: 0x80011568 (0xa83f2e23) sw      gp, -1380(t5)
core   0: 3 0x80011568 (0xa83f2e23) mem 0x80012000 0x00000001
core   0: 0x8001156c (0xff9ff06f) j       pc - 0x8
core   0: 3 0x8001156c (0xff9ff06f)
core   0: 0x80011564 (0x00001f17) auipc   t5, 0x1
core   0: 3 0x80011564 (0x00001f17) x30 0x80012564
core   0: 0x80011568 (0xa83f2e23) sw      gp, -1380(t5)
core   0: 3 0x80011568 (0xa83f2e23) mem 0x80012000 0x00000001
core   0: 0x8001156c (0xff9ff06f) j       pc - 0x8
core   0: 3 0x8001156c (0xff9ff06f)
core   0: 0x80011564 (0x00001f17) auipc   t5, 0x1
core   0: 3 0x80011564 (0x00001f17) x30 0x80012564
core   0: 0x80011568 (0xa83f2e23) sw      gp, -1380(t5)
core   0: 3 0x80011568 (0xa83f2e23) mem 0x80012000 0x00000001
core   0: 0x8001156c (0xff9ff06f) j       pc - 0x8
core   0: 3 0x8001156c (0xff9ff06f)
core   0: 0x80011564 (0x00001f17) auipc   t5, 0x1
core   0: 3 0x80011564 (0x00001f17) x30 0x80012564
core   0: 0x80011568 (0xa83f2e23) sw      gp, -1380(t5)
core   0: 3 0x80011568 (0xa83f2e23) mem 0x80012000 0x00000001
core   0: 0x8001156c (0xff9ff06f) j       pc - 0x8
core   0: 3 0x8001156c (0xff9ff06f)
core   0: 0x80011564 (0x00001f17) auipc   t5, 0x1
core   0: 3 0x80011564 (0x00001f17) x30 0x80012564
core   0: 0x80011568 (0xa83f2e23) sw      gp, -1380(t5)
core   0: 3 0x80011568 (0xa83f2e23) mem 0x80012000 0x00000001
core   0: 0x8001156c (0xff9ff06f) j       pc - 0x8
core   0: 3 0x8001156c (0xff9ff06f)
core   0: 0x80011564 (0x00001f17) auipc   t5, 0x1
core   0: 3 0x80011564 (0x00001f17) x30 0x80012564
core   0: 0x80011568 (0xa83f2e23) sw      gp, -1380(t5)
core   0: 3 0x80011568 (0xa83f2e23) mem 0x80012000 0x00000001
core   0: 0x8001156c (0xff9ff06f) j       pc - 0x8
core   0: 3 0x8001156c (0xff9ff06f)
core   0: 0x80011564 (0x00001f17) auipc   t5, 0x1
core   0: 3 0x80011564 (0x00001f17) x30 0x80012564
core   0: 0x80011568 (0xa83f2e23) sw      gp, -1380(t5)
core   0: 3 0x80011568 (0xa83f2e23) mem 0x80012000 0x00000001
core   0: 0x8001156c (0xff9ff06f) j       pc - 0x8
core   0: 3 0x8001156c (0xff9ff06f)
core   0: 0x80011564 (0x00001f17) auipc   t5, 0x1
core   0: 3 0x80011564 (0x00001f17) x30 0x80012564
core   0: 0x80011568 (0xa83f2e23) sw      gp, -1380(t5)
core   0: 3 0x80011568 (0xa83f2e23) mem 0x80012000 0x00000001
core   0: 0x8001156c (0xff9ff06f) j       pc - 0x8
core   0: 3 0x8001156c (0xff9ff06f)
core   0: 0x80011564 (0x00001f17) auipc   t5, 0x1
core   0: 3 0x80011564 (0x00001f17) x30 0x80012564
core   0: 0x80011568 (0xa83f2e23) sw      gp, -1380(t5)
core   0: 3 0x80011568 (0xa83f2e23) mem 0x80012000 0x00000001
core   0: 0x8001156c (0xff9ff06f) j       pc - 0x8
core   0: 3 0x8001156c (0xff9ff06f)
core   0: 0x80011564 (0x00001f17) auipc   t5, 0x1
core   0: 3 0x80011564 (0x00001f17) x30 0x80012564
core   0: 0x80011568 (0xa83f2e23) sw      gp, -1380(t5)
core   0: 3 0x80011568 (0xa83f2e23) mem 0x80012000 0x00000001
core   0: 0x8001156c (0xff9ff06f) j       pc - 0x8
core   0: 3 0x8001156c (0xff9ff06f)
core   0: 0x80011564 (0x00001f17) auipc   t5, 0x1
core   0: 3 0x80011564 (0x00001f17) x30 0x80012564
core   0: 0x80011568 (0xa83f2e23) sw      gp, -1380(t5)
core   0: 3 0x80011568 (0xa83f2e23) mem 0x80012000 0x00000001
core   0: 0x8001156c (0xff9ff06f) j       pc - 0x8
core   0: 3 0x8001156c (0xff9ff06f)
core   0: 0x80011564 (0x00001f17) auipc   t5, 0x1
core   0: 3 0x80011564 (0x00001f17) x30 0x80012564
core   0: 0x80011568 (0xa83f2e23) sw      gp, -1380(t5)
core   0: 3 0x80011568 (0xa83f2e23) mem 0x80012000 0x00000001
core   0: 0x8001156c (0xff9ff06f) j       pc - 0x8
core   0: 3 0x8001156c (0xff9ff06f)
core   0: 0x80011564 (0x00001f17) auipc   t5, 0x1
core   0: 3 0x80011564 (0x00001f17) x30 0x80012564
core   0: 0x80011568 (0xa83f2e23) sw      gp, -1380(t5)
core   0: 3 0x80011568 (0xa83f2e23) mem 0x80012000 0x00000001
core   0: 0x8001156c (0xff9ff06f) j       pc - 0x8
core   0: 3 0x8001156c (0xff9ff06f)
core   0: 0x80011564 (0x00001f17) auipc   t5, 0x1
core   0: 3 0x80011564 (0x00001f17) x30 0x80012564
core   0: 0x80011568 (0xa83f2e23) sw      gp, -1380(t5)
core   0: 3 0x80011568 (0xa83f2e23) mem 0x80012000 0x00000001
core   0: 0x8001156c (0xff9ff06f) j       pc - 0x8
core   0: 3 0x8001156c (0xff9ff06f)
core   0: 0x80011564 (0x00001f17) auipc   t5, 0x1
core   0: 3 0x80011564 (0x00001f17) x30 0x80012564
core   0: 0x80011568 (0xa83f2e23) sw      gp, -1380(t5)
core   0: 3 0x80011568 (0xa83f2e23) mem 0x80012000 0x00000001
core   0: 0x8001156c (0xff9ff06f) j       pc - 0x8
core   0: 3 0x8001156c (0xff9ff06f)
core   0: 0x80011564 (0x00001f17) auipc   t5, 0x1
core   0: 3 0x80011564 (0x00001f17) x30 0x80012564
core   0: 0x80011568 (0xa83f2e23) sw      gp, -1380(t5)
core   0: 3 0x80011568 (0xa83f2e23) mem 0x80012000 0x00000001
core   0: 0x8001156c (0xff9ff06f) j       pc - 0x8
core   0: 3 0x8001156c (0xff9ff06f)
core   0: 0x80011564 (0x00001f17) auipc   t5, 0x1
core   0: 3 0x80011564 (0x00001f17) x30 0x80012564
core   0: 0x80011568 (0xa83f2e23) sw      gp, -1380(t5)
core   0: 3 0x80011568 (0xa83f2e23) mem 0x80012000 0x00000001
core   0: 0x8001156c (0xff9ff06f) j       pc - 0x8
core   0: 3 0x8001156c (0xff9ff06f)
core   0: 0x80011564 (0x00001f17) auipc   t5, 0x1
core   0: 3 0x80011564 (0x00001f17) x30 0x80012564
core   0: 0x80011568 (0xa83f2e23) sw      gp, -1380(t5)
core   0: 3 0x80011568 (0xa83f2e23) mem 0x80012000 0x00000001
core   0: 0x8001156c (0xff9ff06f) j       pc - 0x8
core   0: 3 0x8001156c (0xff9ff06f)
core   0: 0x80011564 (0x00001f17) auipc   t5, 0x1
core   0: 3 0x80011564 (0x00001f17) x30 0x80012564
core   0: 0x80011568 (0xa83f2e23) sw      gp, -1380(t5)
core   0: 3 0x80011568 (0xa83f2e23) mem 0x80012000 0x00000001
core   0: 0x8001156c (0xff9ff06f) j       pc - 0x8
core   0: 3 0x8001156c (0xff9ff06f)
core   0: 0x80011564 (0x00001f17) auipc   t5, 0x1
core   0: 3 0x80011564 (0x00001f17) x30 0x80012564
core   0: 0x80011568 (0xa83f2e23) sw      gp, -1380(t5)
core   0: 3 0x80011568 (0xa83f2e23) mem 0x80012000 0x00000001
core   0: 0x8001156c (0xff9ff06f) j       pc - 0x8
core   0: 3 0x8001156c (0xff9ff06f)
core   0: 0x80011564 (0x00001f17) auipc   t5, 0x1
core   0: 3 0x80011564 (0x00001f17) x30 0x80012564
core   0: 0x80011568 (0xa83f2e23) sw      gp, -1380(t5)
core   0: 3 0x80011568 (0xa83f2e23) mem 0x80012000 0x00000001
core   0: 0x8001156c (0xff9ff06f) j       pc - 0x8
core   0: 3 0x8001156c (0xff9ff06f)
core   0: 0x80011564 (0x00001f17) auipc   t5, 0x1
core   0: 3 0x80011564 (0x00001f17) x30 0x80012564
core   0: 0x80011568 (0xa83f2e23) sw      gp, -1380(t5)
core   0: 3 0x80011568 (0xa83f2e23) mem 0x80012000 0x00000001
core   0: 0x8001156c (0xff9ff06f) j       pc - 0x8
core   0: 3 0x8001156c (0xff9ff06f)
core   0: 0x80011564 (0x00001f17) auipc   t5, 0x1
core   0: 3 0x80011564 (0x00001f17) x30 0x80012564
core   0: 0x80011568 (0xa83f2e23) sw      gp, -1380(t5)
core   0: 3 0x80011568 (0xa83f2e23) mem 0x80012000 0x00000001
core   0: 0x8001156c (0xff9ff06f) j       pc - 0x8
core   0: 3 0x8001156c (0xff9ff06f)
core   0: 0x80011564 (0x00001f17) auipc   t5, 0x1
core   0: 3 0x80011564 (0x00001f17) x30 0x80012564
core   0: 0x80011568 (0xa83f2e23) sw      gp, -1380(t5)
core   0: 3 0x80011568 (0xa83f2e23) mem 0x80012000 0x00000001
core   0: 0x8001156c (0xff9ff06f) j       pc - 0x8
core   0: 3 0x8001156c (0xff9ff06f)
core   0: 0x80011564 (0x00001f17) auipc   t5, 0x1
core   0: 3 0x80011564 (0x00001f17) x30 0x80012564
core   0: 0x80011568 (0xa83f2e23) sw      gp, -1380(t5)
core   0: 3 0x80011568 (0xa83f2e23) mem 0x80012000 0x00000001
core   0: 0x8001156c (0xff9ff06f) j       pc - 0x8
core   0: 3 0x8001156c (0xff9ff06f)
core   0: 0x80011564 (0x00001f17) auipc   t5, 0x1
core   0: 3 0x80011564 (0x00001f17) x30 0x80012564
core   0: 0x80011568 (0xa83f2e23) sw      gp, -1380(t5)
core   0: 3 0x80011568 (0xa83f2e23) mem 0x80012000 0x00000001
core   0: 0x8001156c (0xff9ff06f) j       pc - 0x8
core   0: 3 0x8001156c (0xff9ff06f)
core   0: 0x80011564 (0x00001f17) auipc   t5, 0x1
core   0: 3 0x80011564 (0x00001f17) x30 0x80012564
core   0: 0x80011568 (0xa83f2e23) sw      gp, -1380(t5)
core   0: 3 0x80011568 (0xa83f2e23) mem 0x80012000 0x00000001
core   0: 0x8001156c (0xff9ff06f) j       pc - 0x8
core   0: 3 0x8001156c (0xff9ff06f)
core   0: 0x80011564 (0x00001f17) auipc   t5, 0x1
core   0: 3 0x80011564 (0x00001f17) x30 0x80012564
core   0: 0x80011568 (0xa83f2e23) sw      gp, -1380(t5)
core   0: 3 0x80011568 (0xa83f2e23) mem 0x80012000 0x00000001
core   0: 0x8001156c (0xff9ff06f) j       pc - 0x8
core   0: 3 0x8001156c (0xff9ff06f)
core   0: 0x80011564 (0x00001f17) auipc   t5, 0x1
core   0: 3 0x80011564 (0x00001f17) x30 0x80012564
core   0: 0x80011568 (0xa83f2e23) sw      gp, -1380(t5)
core   0: 3 0x80011568 (0xa83f2e23) mem 0x80012000 0x00000001
core   0: 0x8001156c (0xff9ff06f) j       pc - 0x8
core   0: 3 0x8001156c (0xff9ff06f)
core   0: 0x80011564 (0x00001f17) auipc   t5, 0x1
core   0: 3 0x80011564 (0x00001f17) x30 0x80012564
core   0: 0x80011568 (0xa83f2e23) sw      gp, -1380(t5)
core   0: 3 0x80011568 (0xa83f2e23) mem 0x80012000 0x00000001
core   0: 0x8001156c (0xff9ff06f) j       pc - 0x8
core   0: 3 0x8001156c (0xff9ff06f)
core   0: 0x80011564 (0x00001f17) auipc   t5, 0x1
core   0: 3 0x80011564 (0x00001f17) x30 0x80012564
core   0: 0x80011568 (0xa83f2e23) sw      gp, -1380(t5)
core   0: 3 0x80011568 (0xa83f2e23) mem 0x80012000 0x00000001
core   0: 0x8001156c (0xff9ff06f) j       pc - 0x8
core   0: 3 0x8001156c (0xff9ff06f)
core   0: 0x80011564 (0x00001f17) auipc   t5, 0x1
core   0: 3 0x80011564 (0x00001f17) x30 0x80012564
core   0: 0x80011568 (0xa83f2e23) sw      gp, -1380(t5)
core   0: 3 0x80011568 (0xa83f2e23) mem 0x80012000 0x00000001
core   0: 0x8001156c (0xff9ff06f) j       pc - 0x8
core   0: 3 0x8001156c (0xff9ff06f)
core   0: 0x80011564 (0x00001f17) auipc   t5, 0x1
core   0: 3 0x80011564 (0x00001f17) x30 0x80012564
core   0: 0x80011568 (0xa83f2e23) sw      gp, -1380(t5)
core   0: 3 0x80011568 (0xa83f2e23) mem 0x80012000 0x00000001
core   0: 0x8001156c (0xff9ff06f) j       pc - 0x8
core   0: 3 0x8001156c (0xff9ff06f)
core   0: 0x80011564 (0x00001f17) auipc   t5, 0x1
core   0: 3 0x80011564 (0x00001f17) x30 0x80012564
core   0: 0x80011568 (0xa83f2e23) sw      gp, -1380(t5)
core   0: 3 0x80011568 (0xa83f2e23) mem 0x80012000 0x00000001
core   0: 0x8001156c (0xff9ff06f) j       pc - 0x8
core   0: 3 0x8001156c (0xff9ff06f)
core   0: 0x80011564 (0x00001f17) auipc   t5, 0x1
core   0: 3 0x80011564 (0x00001f17) x30 0x80012564
core   0: 0x80011568 (0xa83f2e23) sw      gp, -1380(t5)
core   0: 3 0x80011568 (0xa83f2e23) mem 0x80012000 0x00000001
core   0: 0x8001156c (0xff9ff06f) j       pc - 0x8
core   0: 3 0x8001156c (0xff9ff06f)
core   0: 0x80011564 (0x00001f17) auipc   t5, 0x1
core   0: 3 0x80011564 (0x00001f17) x30 0x80012564
core   0: 0x80011568 (0xa83f2e23) sw      gp, -1380(t5)
core   0: 3 0x80011568 (0xa83f2e23) mem 0x80012000 0x00000001
core   0: 0x8001156c (0xff9ff06f) j       pc - 0x8
core   0: 3 0x8001156c (0xff9ff06f)
core   0: 0x80011564 (0x00001f17) auipc   t5, 0x1
core   0: 3 0x80011564 (0x00001f17) x30 0x80012564
core   0: 0x80011568 (0xa83f2e23) sw      gp, -1380(t5)
core   0: 3 0x80011568 (0xa83f2e23) mem 0x80012000 0x00000001
core   0: 0x8001156c (0xff9ff06f) j       pc - 0x8
core   0: 3 0x8001156c (0xff9ff06f)
core   0: 0x80011564 (0x00001f17) auipc   t5, 0x1
core   0: 3 0x80011564 (0x00001f17) x30 0x80012564
core   0: 0x80011568 (0xa83f2e23) sw      gp, -1380(t5)
core   0: 3 0x80011568 (0xa83f2e23) mem 0x80012000 0x00000001
core   0: 0x8001156c (0xff9ff06f) j       pc - 0x8
core   0: 3 0x8001156c (0xff9ff06f)
core   0: 0x80011564 (0x00001f17) auipc   t5, 0x1
core   0: 3 0x80011564 (0x00001f17) x30 0x80012564
core   0: 0x80011568 (0xa83f2e23) sw      gp, -1380(t5)
core   0: 3 0x80011568 (0xa83f2e23) mem 0x80012000 0x00000001
core   0: 0x8001156c (0xff9ff06f) j       pc - 0x8
core   0: 3 0x8001156c (0xff9ff06f)
core   0: 0x80011564 (0x00001f17) auipc   t5, 0x1
core   0: 3 0x80011564 (0x00001f17) x30 0x80012564
core   0: 0x80011568 (0xa83f2e23) sw      gp, -1380(t5)
core   0: 3 0x80011568 (0xa83f2e23) mem 0x80012000 0x00000001
core   0: 0x8001156c (0xff9ff06f) j       pc - 0x8
core   0: 3 0x8001156c (0xff9ff06f)
core   0: 0x80011564 (0x00001f17) auipc   t5, 0x1
core   0: 3 0x80011564 (0x00001f17) x30 0x80012564
core   0: 0x80011568 (0xa83f2e23) sw      gp, -1380(t5)
core   0: 3 0x80011568 (0xa83f2e23) mem 0x80012000 0x00000001
core   0: 0x8001156c (0xff9ff06f) j       pc - 0x8
core   0: 3 0x8001156c (0xff9ff06f)
core   0: 0x80011564 (0x00001f17) auipc   t5, 0x1
core   0: 3 0x80011564 (0x00001f17) x30 0x80012564
core   0: 0x80011568 (0xa83f2e23) sw      gp, -1380(t5)
core   0: 3 0x80011568 (0xa83f2e23) mem 0x80012000 0x00000001
core   0: 0x8001156c (0xff9ff06f) j       pc - 0x8
core   0: 3 0x8001156c (0xff9ff06f)
core   0: 0x80011564 (0x00001f17) auipc   t5, 0x1
core   0: 3 0x80011564 (0x00001f17) x30 0x80012564
core   0: 0x80011568 (0xa83f2e23) sw      gp, -1380(t5)
core   0: 3 0x80011568 (0xa83f2e23) mem 0x80012000 0x00000001
core   0: 0x8001156c (0xff9ff06f) j       pc - 0x8
core   0: 3 0x8001156c (0xff9ff06f)
core   0: 0x80011564 (0x00001f17) auipc   t5, 0x1
core   0: 3 0x80011564 (0x00001f17) x30 0x80012564
core   0: 0x80011568 (0xa83f2e23) sw      gp, -1380(t5)
core   0: 3 0x80011568 (0xa83f2e23) mem 0x80012000 0x00000001
core   0: 0x8001156c (0xff9ff06f) j       pc - 0x8
core   0: 3 0x8001156c (0xff9ff06f)
core   0: 0x80011564 (0x00001f17) auipc   t5, 0x1
core   0: 3 0x80011564 (0x00001f17) x30 0x80012564
core   0: 0x80011568 (0xa83f2e23) sw      gp, -1380(t5)
core   0: 3 0x80011568 (0xa83f2e23) mem 0x80012000 0x00000001
core   0: 0x8001156c (0xff9ff06f) j       pc - 0x8
core   0: 3 0x8001156c (0xff9ff06f)
core   0: 0x80011564 (0x00001f17) auipc   t5, 0x1
core   0: 3 0x80011564 (0x00001f17) x30 0x80012564
core   0: 0x80011568 (0xa83f2e23) sw      gp, -1380(t5)
core   0: 3 0x80011568 (0xa83f2e23) mem 0x80012000 0x00000001
core   0: 0x8001156c (0xff9ff06f) j       pc - 0x8
core   0: 3 0x8001156c (0xff9ff06f)
core   0: 0x80011564 (0x00001f17) auipc   t5, 0x1
core   0: 3 0x80011564 (0x00001f17) x30 0x80012564
core   0: 0x80011568 (0xa83f2e23) sw      gp, -1380(t5)
core   0: 3 0x80011568 (0xa83f2e23) mem 0x80012000 0x00000001
core   0: 0x8001156c (0xff9ff06f) j       pc - 0x8
core   0: 3 0x8001156c (0xff9ff06f)
core   0: 0x80011564 (0x00001f17) auipc   t5, 0x1
core   0: 3 0x80011564 (0x00001f17) x30 0x80012564
core   0: 0x80011568 (0xa83f2e23) sw      gp, -1380(t5)
core   0: 3 0x80011568 (0xa83f2e23) mem 0x80012000 0x00000001
core   0: 0x8001156c (0xff9ff06f) j       pc - 0x8
core   0: 3 0x8001156c (0xff9ff06f)
core   0: 0x80011564 (0x00001f17) auipc   t5, 0x1
core   0: 3 0x80011564 (0x00001f17) x30 0x80012564
core   0: 0x80011568 (0xa83f2e23) sw      gp, -1380(t5)
core   0: 3 0x80011568 (0xa83f2e23) mem 0x80012000 0x00000001
core   0: 0x8001156c (0xff9ff06f) j       pc - 0x8
core   0: 3 0x8001156c (0xff9ff06f)
core   0: 0x80011564 (0x00001f17) auipc   t5, 0x1
core   0: 3 0x80011564 (0x00001f17) x30 0x80012564
core   0: 0x80011568 (0xa83f2e23) sw      gp, -1380(t5)
core   0: 3 0x80011568 (0xa83f2e23) mem 0x80012000 0x00000001
core   0: 0x8001156c (0xff9ff06f) j       pc - 0x8
core   0: 3 0x8001156c (0xff9ff06f)
core   0: 0x80011564 (0x00001f17) auipc   t5, 0x1
core   0: 3 0x80011564 (0x00001f17) x30 0x80012564
core   0: 0x80011568 (0xa83f2e23) sw      gp, -1380(t5)
core   0: 3 0x80011568 (0xa83f2e23) mem 0x80012000 0x00000001
core   0: 0x8001156c (0xff9ff06f) j       pc - 0x8
core   0: 3 0x8001156c (0xff9ff06f)
core   0: 0x80011564 (0x00001f17) auipc   t5, 0x1
core   0: 3 0x80011564 (0x00001f17) x30 0x80012564
core   0: 0x80011568 (0xa83f2e23) sw      gp, -1380(t5)
core   0: 3 0x80011568 (0xa83f2e23) mem 0x80012000 0x00000001
core   0: 0x8001156c (0xff9ff06f) j       pc - 0x8
core   0: 3 0x8001156c (0xff9ff06f)
core   0: 0x80011564 (0x00001f17) auipc   t5, 0x1
core   0: 3 0x80011564 (0x00001f17) x30 0x80012564
core   0: 0x80011568 (0xa83f2e23) sw      gp, -1380(t5)
core   0: 3 0x80011568 (0xa83f2e23) mem 0x80012000 0x00000001
core   0: 0x8001156c (0xff9ff06f) j       pc - 0x8
core   0: 3 0x8001156c (0xff9ff06f)
core   0: 0x80011564 (0x00001f17) auipc   t5, 0x1
core   0: 3 0x80011564 (0x00001f17) x30 0x80012564
core   0: 0x80011568 (0xa83f2e23) sw      gp, -1380(t5)
core   0: 3 0x80011568 (0xa83f2e23) mem 0x80012000 0x00000001
core   0: 0x8001156c (0xff9ff06f) j       pc - 0x8
core   0: 3 0x8001156c (0xff9ff06f)
core   0: 0x80011564 (0x00001f17) auipc   t5, 0x1
core   0: 3 0x80011564 (0x00001f17) x30 0x80012564
core   0: 0x80011568 (0xa83f2e23) sw      gp, -1380(t5)
core   0: 3 0x80011568 (0xa83f2e23) mem 0x80012000 0x00000001
core   0: 0x8001156c (0xff9ff06f) j       pc - 0x8
core   0: 3 0x8001156c (0xff9ff06f)
core   0: 0x80011564 (0x00001f17) auipc   t5, 0x1
core   0: 3 0x80011564 (0x00001f17) x30 0x80012564
core   0: 0x80011568 (0xa83f2e23) sw      gp, -1380(t5)
core   0: 3 0x80011568 (0xa83f2e23) mem 0x80012000 0x00000001
core   0: 0x8001156c (0xff9ff06f) j       pc - 0x8
core   0: 3 0x8001156c (0xff9ff06f)
core   0: 0x80011564 (0x00001f17) auipc   t5, 0x1
core   0: 3 0x80011564 (0x00001f17) x30 0x80012564
core   0: 0x80011568 (0xa83f2e23) sw      gp, -1380(t5)
core   0: 3 0x80011568 (0xa83f2e23) mem 0x80012000 0x00000001
core   0: 0x8001156c (0xff9ff06f) j       pc - 0x8
core   0: 3 0x8001156c (0xff9ff06f)
core   0: 0x80011564 (0x00001f17) auipc   t5, 0x1
core   0: 3 0x80011564 (0x00001f17) x30 0x80012564
core   0: 0x80011568 (0xa83f2e23) sw      gp, -1380(t5)
core   0: 3 0x80011568 (0xa83f2e23) mem 0x80012000 0x00000001
core   0: 0x8001156c (0xff9ff06f) j       pc - 0x8
core   0: 3 0x8001156c (0xff9ff06f)
core   0: 0x80011564 (0x00001f17) auipc   t5, 0x1
core   0: 3 0x80011564 (0x00001f17) x30 0x80012564
core   0: 0x80011568 (0xa83f2e23) sw      gp, -1380(t5)
core   0: 3 0x80011568 (0xa83f2e23) mem 0x80012000 0x00000001
core   0: 0x8001156c (0xff9ff06f) j       pc - 0x8
core   0: 3 0x8001156c (0xff9ff06f)
core   0: 0x80011564 (0x00001f17) auipc   t5, 0x1
core   0: 3 0x80011564 (0x00001f17) x30 0x80012564
core   0: 0x80011568 (0xa83f2e23) sw      gp, -1380(t5)
core   0: 3 0x80011568 (0xa83f2e23) mem 0x80012000 0x00000001
core   0: 0x8001156c (0xff9ff06f) j       pc - 0x8
core   0: 3 0x8001156c (0xff9ff06f)
core   0: 0x80011564 (0x00001f17) auipc   t5, 0x1
core   0: 3 0x80011564 (0x00001f17) x30 0x80012564
core   0: 0x80011568 (0xa83f2e23) sw      gp, -1380(t5)
core   0: 3 0x80011568 (0xa83f2e23) mem 0x80012000 0x00000001
core   0: 0x8001156c (0xff9ff06f) j       pc - 0x8
core   0: 3 0x8001156c (0xff9ff06f)
core   0: 0x80011564 (0x00001f17) auipc   t5, 0x1
core   0: 3 0x80011564 (0x00001f17) x30 0x80012564
core   0: 0x80011568 (0xa83f2e23) sw      gp, -1380(t5)
core   0: 3 0x80011568 (0xa83f2e23) mem 0x80012000 0x00000001
core   0: 0x8001156c (0xff9ff06f) j       pc - 0x8
core   0: 3 0x8001156c (0xff9ff06f)
core   0: 0x80011564 (0x00001f17) auipc   t5, 0x1
core   0: 3 0x80011564 (0x00001f17) x30 0x80012564
core   0: 0x80011568 (0xa83f2e23) sw      gp, -1380(t5)
core   0: 3 0x80011568 (0xa83f2e23) mem 0x80012000 0x00000001
core   0: 0x8001156c (0xff9ff06f) j       pc - 0x8
core   0: 3 0x8001156c (0xff9ff06f)
core   0: 0x80011564 (0x00001f17) auipc   t5, 0x1
core   0: 3 0x80011564 (0x00001f17) x30 0x80012564
core   0: 0x80011568 (0xa83f2e23) sw      gp, -1380(t5)
core   0: 3 0x80011568 (0xa83f2e23) mem 0x80012000 0x00000001
core   0: 0x8001156c (0xff9ff06f) j       pc - 0x8
core   0: 3 0x8001156c (0xff9ff06f)
core   0: 0x80011564 (0x00001f17) auipc   t5, 0x1
core   0: 3 0x80011564 (0x00001f17) x30 0x80012564
core   0: 0x80011568 (0xa83f2e23) sw      gp, -1380(t5)
core   0: 3 0x80011568 (0xa83f2e23) mem 0x80012000 0x00000001
core   0: 0x8001156c (0xff9ff06f) j       pc - 0x8
core   0: 3 0x8001156c (0xff9ff06f)
core   0: 0x80011564 (0x00001f17) auipc   t5, 0x1
core   0: 3 0x80011564 (0x00001f17) x30 0x80012564
core   0: 0x80011568 (0xa83f2e23) sw      gp, -1380(t5)
core   0: 3 0x80011568 (0xa83f2e23) mem 0x80012000 0x00000001
core   0: 0x8001156c (0xff9ff06f) j       pc - 0x8
core   0: 3 0x8001156c (0xff9ff06f)
core   0: 0x80011564 (0x00001f17) auipc   t5, 0x1
core   0: 3 0x80011564 (0x00001f17) x30 0x80012564
core   0: 0x80011568 (0xa83f2e23) sw      gp, -1380(t5)
core   0: 3 0x80011568 (0xa83f2e23) mem 0x80012000 0x00000001
core   0: 0x8001156c (0xff9ff06f) j       pc - 0x8
core   0: 3 0x8001156c (0xff9ff06f)
core   0: 0x80011564 (0x00001f17) auipc   t5, 0x1
core   0: 3 0x80011564 (0x00001f17) x30 0x80012564
core   0: 0x80011568 (0xa83f2e23) sw      gp, -1380(t5)
core   0: 3 0x80011568 (0xa83f2e23) mem 0x80012000 0x00000001
core   0: 0x8001156c (0xff9ff06f) j       pc - 0x8
core   0: 3 0x8001156c (0xff9ff06f)
core   0: 0x80011564 (0x00001f17) auipc   t5, 0x1
core   0: 3 0x80011564 (0x00001f17) x30 0x80012564
core   0: 0x80011568 (0xa83f2e23) sw      gp, -1380(t5)
core   0: 3 0x80011568 (0xa83f2e23) mem 0x80012000 0x00000001
core   0: 0x8001156c (0xff9ff06f) j       pc - 0x8
core   0: 3 0x8001156c (0xff9ff06f)
core   0: 0x80011564 (0x00001f17) auipc   t5, 0x1
core   0: 3 0x80011564 (0x00001f17) x30 0x80012564
core   0: 0x80011568 (0xa83f2e23) sw      gp, -1380(t5)
core   0: 3 0x80011568 (0xa83f2e23) mem 0x80012000 0x00000001
core   0: 0x8001156c (0xff9ff06f) j       pc - 0x8
core   0: 3 0x8001156c (0xff9ff06f)
core   0: 0x80011564 (0x00001f17) auipc   t5, 0x1
core   0: 3 0x80011564 (0x00001f17) x30 0x80012564
core   0: 0x80011568 (0xa83f2e23) sw      gp, -1380(t5)
core   0: 3 0x80011568 (0xa83f2e23) mem 0x80012000 0x00000001
core   0: 0x8001156c (0xff9ff06f) j       pc - 0x8
core   0: 3 0x8001156c (0xff9ff06f)
core   0: 0x80011564 (0x00001f17) auipc   t5, 0x1
core   0: 3 0x80011564 (0x00001f17) x30 0x80012564
core   0: 0x80011568 (0xa83f2e23) sw      gp, -1380(t5)
core   0: 3 0x80011568 (0xa83f2e23) mem 0x80012000 0x00000001
core   0: 0x8001156c (0xff9ff06f) j       pc - 0x8
core   0: 3 0x8001156c (0xff9ff06f)
core   0: 0x80011564 (0x00001f17) auipc   t5, 0x1
core   0: 3 0x80011564 (0x00001f17) x30 0x80012564
core   0: 0x80011568 (0xa83f2e23) sw      gp, -1380(t5)
core   0: 3 0x80011568 (0xa83f2e23) mem 0x80012000 0x00000001
core   0: 0x8001156c (0xff9ff06f) j       pc - 0x8
core   0: 3 0x8001156c (0xff9ff06f)
core   0: 0x80011564 (0x00001f17) auipc   t5, 0x1
core   0: 3 0x80011564 (0x00001f17) x30 0x80012564
core   0: 0x80011568 (0xa83f2e23) sw      gp, -1380(t5)
core   0: 3 0x80011568 (0xa83f2e23) mem 0x80012000 0x00000001
core   0: 0x8001156c (0xff9ff06f) j       pc - 0x8
core   0: 3 0x8001156c (0xff9ff06f)
core   0: 0x80011564 (0x00001f17) auipc   t5, 0x1
core   0: 3 0x80011564 (0x00001f17) x30 0x80012564
core   0: 0x80011568 (0xa83f2e23) sw      gp, -1380(t5)
core   0: 3 0x80011568 (0xa83f2e23) mem 0x80012000 0x00000001
core   0: 0x8001156c (0xff9ff06f) j       pc - 0x8
core   0: 3 0x8001156c (0xff9ff06f)
core   0: 0x80011564 (0x00001f17) auipc   t5, 0x1
core   0: 3 0x80011564 (0x00001f17) x30 0x80012564
core   0: 0x80011568 (0xa83f2e23) sw      gp, -1380(t5)
core   0: 3 0x80011568 (0xa83f2e23) mem 0x80012000 0x00000001
core   0: 0x8001156c (0xff9ff06f) j       pc - 0x8
core   0: 3 0x8001156c (0xff9ff06f)
core   0: 0x80011564 (0x00001f17) auipc   t5, 0x1
core   0: 3 0x80011564 (0x00001f17) x30 0x80012564
core   0: 0x80011568 (0xa83f2e23) sw      gp, -1380(t5)
core   0: 3 0x80011568 (0xa83f2e23) mem 0x80012000 0x00000001
core   0: 0x8001156c (0xff9ff06f) j       pc - 0x8
core   0: 3 0x8001156c (0xff9ff06f)
core   0: 0x80011564 (0x00001f17) auipc   t5, 0x1
core   0: 3 0x80011564 (0x00001f17) x30 0x80012564
core   0: 0x80011568 (0xa83f2e23) sw      gp, -1380(t5)
core   0: 3 0x80011568 (0xa83f2e23) mem 0x80012000 0x00000001
core   0: 0x8001156c (0xff9ff06f) j       pc - 0x8
core   0: 3 0x8001156c (0xff9ff06f)
core   0: 0x80011564 (0x00001f17) auipc   t5, 0x1
core   0: 3 0x80011564 (0x00001f17) x30 0x80012564
core   0: 0x80011568 (0xa83f2e23) sw      gp, -1380(t5)
core   0: 3 0x80011568 (0xa83f2e23) mem 0x80012000 0x00000001
core   0: 0x8001156c (0xff9ff06f) j       pc - 0x8
core   0: 3 0x8001156c (0xff9ff06f)
core   0: 0x80011564 (0x00001f17) auipc   t5, 0x1
core   0: 3 0x80011564 (0x00001f17) x30 0x80012564
core   0: 0x80011568 (0xa83f2e23) sw      gp, -1380(t5)
core   0: 3 0x80011568 (0xa83f2e23) mem 0x80012000 0x00000001
core   0: 0x8001156c (0xff9ff06f) j       pc - 0x8
core   0: 3 0x8001156c (0xff9ff06f)
core   0: 0x80011564 (0x00001f17) auipc   t5, 0x1
core   0: 3 0x80011564 (0x00001f17) x30 0x80012564
core   0: 0x80011568 (0xa83f2e23) sw      gp, -1380(t5)
core   0: 3 0x80011568 (0xa83f2e23) mem 0x80012000 0x00000001
core   0: 0x8001156c (0xff9ff06f) j       pc - 0x8
core   0: 3 0x8001156c (0xff9ff06f)
core   0: 0x80011564 (0x00001f17) auipc   t5, 0x1
core   0: 3 0x80011564 (0x00001f17) x30 0x80012564
core   0: 0x80011568 (0xa83f2e23) sw      gp, -1380(t5)
core   0: 3 0x80011568 (0xa83f2e23) mem 0x80012000 0x00000001
core   0: 0x8001156c (0xff9ff06f) j       pc - 0x8
core   0: 3 0x8001156c (0xff9ff06f)
core   0: 0x80011564 (0x00001f17) auipc   t5, 0x1
core   0: 3 0x80011564 (0x00001f17) x30 0x80012564
core   0: 0x80011568 (0xa83f2e23) sw      gp, -1380(t5)
core   0: 3 0x80011568 (0xa83f2e23) mem 0x80012000 0x00000001
core   0: 0x8001156c (0xff9ff06f) j       pc - 0x8
core   0: 3 0x8001156c (0xff9ff06f)
core   0: 0x80011564 (0x00001f17) auipc   t5, 0x1
core   0: 3 0x80011564 (0x00001f17) x30 0x80012564
core   0: 0x80011568 (0xa83f2e23) sw      gp, -1380(t5)
core   0: 3 0x80011568 (0xa83f2e23) mem 0x80012000 0x00000001
core   0: 0x8001156c (0xff9ff06f) j       pc - 0x8
core   0: 3 0x8001156c (0xff9ff06f)
core   0: 0x80011564 (0x00001f17) auipc   t5, 0x1
core   0: 3 0x80011564 (0x00001f17) x30 0x80012564
core   0: 0x80011568 (0xa83f2e23) sw      gp, -1380(t5)
core   0: 3 0x80011568 (0xa83f2e23) mem 0x80012000 0x00000001
core   0: 0x8001156c (0xff9ff06f) j       pc - 0x8
core   0: 3 0x8001156c (0xff9ff06f)
core   0: 0x80011564 (0x00001f17) auipc   t5, 0x1
core   0: 3 0x80011564 (0x00001f17) x30 0x80012564
core   0: 0x80011568 (0xa83f2e23) sw      gp, -1380(t5)
core   0: 3 0x80011568 (0xa83f2e23) mem 0x80012000 0x00000001
core   0: 0x8001156c (0xff9ff06f) j       pc - 0x8
core   0: 3 0x8001156c (0xff9ff06f)
core   0: 0x80011564 (0x00001f17) auipc   t5, 0x1
core   0: 3 0x80011564 (0x00001f17) x30 0x80012564
core   0: 0x80011568 (0xa83f2e23) sw      gp, -1380(t5)
core   0: 3 0x80011568 (0xa83f2e23) mem 0x80012000 0x00000001
core   0: 0x8001156c (0xff9ff06f) j       pc - 0x8
core   0: 3 0x8001156c (0xff9ff06f)
core   0: 0x80011564 (0x00001f17) auipc   t5, 0x1
core   0: 3 0x80011564 (0x00001f17) x30 0x80012564
core   0: 0x80011568 (0xa83f2e23) sw      gp, -1380(t5)
core   0: 3 0x80011568 (0xa83f2e23) mem 0x80012000 0x00000001
core   0: 0x8001156c (0xff9ff06f) j       pc - 0x8
core   0: 3 0x8001156c (0xff9ff06f)
core   0: 0x80011564 (0x00001f17) auipc   t5, 0x1
core   0: 3 0x80011564 (0x00001f17) x30 0x80012564
core   0: 0x80011568 (0xa83f2e23) sw      gp, -1380(t5)
core   0: 3 0x80011568 (0xa83f2e23) mem 0x80012000 0x00000001
core   0: 0x8001156c (0xff9ff06f) j       pc - 0x8
core   0: 3 0x8001156c (0xff9ff06f)
core   0: 0x80011564 (0x00001f17) auipc   t5, 0x1
core   0: 3 0x80011564 (0x00001f17) x30 0x80012564
core   0: 0x80011568 (0xa83f2e23) sw      gp, -1380(t5)
core   0: 3 0x80011568 (0xa83f2e23) mem 0x80012000 0x00000001
core   0: 0x8001156c (0xff9ff06f) j       pc - 0x8
core   0: 3 0x8001156c (0xff9ff06f)
core   0: 0x80011564 (0x00001f17) auipc   t5, 0x1
core   0: 3 0x80011564 (0x00001f17) x30 0x80012564
core   0: 0x80011568 (0xa83f2e23) sw      gp, -1380(t5)
core   0: 3 0x80011568 (0xa83f2e23) mem 0x80012000 0x00000001
core   0: 0x8001156c (0xff9ff06f) j       pc - 0x8
core   0: 3 0x8001156c (0xff9ff06f)
core   0: 0x80011564 (0x00001f17) auipc   t5, 0x1
core   0: 3 0x80011564 (0x00001f17) x30 0x80012564
core   0: 0x80011568 (0xa83f2e23) sw      gp, -1380(t5)
core   0: 3 0x80011568 (0xa83f2e23) mem 0x80012000 0x00000001
core   0: 0x8001156c (0xff9ff06f) j       pc - 0x8
core   0: 3 0x8001156c (0xff9ff06f)
core   0: 0x80011564 (0x00001f17) auipc   t5, 0x1
core   0: 3 0x80011564 (0x00001f17) x30 0x80012564
core   0: 0x80011568 (0xa83f2e23) sw      gp, -1380(t5)
core   0: 3 0x80011568 (0xa83f2e23) mem 0x80012000 0x00000001
core   0: 0x8001156c (0xff9ff06f) j       pc - 0x8
core   0: 3 0x8001156c (0xff9ff06f)
core   0: 0x80011564 (0x00001f17) auipc   t5, 0x1
core   0: 3 0x80011564 (0x00001f17) x30 0x80012564
core   0: 0x80011568 (0xa83f2e23) sw      gp, -1380(t5)
core   0: 3 0x80011568 (0xa83f2e23) mem 0x80012000 0x00000001
core   0: 0x8001156c (0xff9ff06f) j       pc - 0x8
core   0: 3 0x8001156c (0xff9ff06f)
core   0: 0x80011564 (0x00001f17) auipc   t5, 0x1
core   0: 3 0x80011564 (0x00001f17) x30 0x80012564
core   0: 0x80011568 (0xa83f2e23) sw      gp, -1380(t5)
core   0: 3 0x80011568 (0xa83f2e23) mem 0x80012000 0x00000001
core   0: 0x8001156c (0xff9ff06f) j       pc - 0x8
core   0: 3 0x8001156c (0xff9ff06f)
core   0: 0x80011564 (0x00001f17) auipc   t5, 0x1
core   0: 3 0x80011564 (0x00001f17) x30 0x80012564
core   0: 0x80011568 (0xa83f2e23) sw      gp, -1380(t5)
core   0: 3 0x80011568 (0xa83f2e23) mem 0x80012000 0x00000001
core   0: 0x8001156c (0xff9ff06f) j       pc - 0x8
core   0: 3 0x8001156c (0xff9ff06f)
core   0: 0x80011564 (0x00001f17) auipc   t5, 0x1
core   0: 3 0x80011564 (0x00001f17) x30 0x80012564
core   0: 0x80011568 (0xa83f2e23) sw      gp, -1380(t5)
core   0: 3 0x80011568 (0xa83f2e23) mem 0x80012000 0x00000001
core   0: 0x8001156c (0xff9ff06f) j       pc - 0x8
core   0: 3 0x8001156c (0xff9ff06f)
core   0: 0x80011564 (0x00001f17) auipc   t5, 0x1
core   0: 3 0x80011564 (0x00001f17) x30 0x80012564
core   0: 0x80011568 (0xa83f2e23) sw      gp, -1380(t5)
core   0: 3 0x80011568 (0xa83f2e23) mem 0x80012000 0x00000001
core   0: 0x8001156c (0xff9ff06f) j       pc - 0x8
core   0: 3 0x8001156c (0xff9ff06f)
core   0: 0x80011564 (0x00001f17) auipc   t5, 0x1
core   0: 3 0x80011564 (0x00001f17) x30 0x80012564
core   0: 0x80011568 (0xa83f2e23) sw      gp, -1380(t5)
core   0: 3 0x80011568 (0xa83f2e23) mem 0x80012000 0x00000001
core   0: 0x8001156c (0xff9ff06f) j       pc - 0x8
core   0: 3 0x8001156c (0xff9ff06f)
core   0: 0x80011564 (0x00001f17) auipc   t5, 0x1
core   0: 3 0x80011564 (0x00001f17) x30 0x80012564
core   0: 0x80011568 (0xa83f2e23) sw      gp, -1380(t5)
core   0: 3 0x80011568 (0xa83f2e23) mem 0x80012000 0x00000001
core   0: 0x8001156c (0xff9ff06f) j       pc - 0x8
core   0: 3 0x8001156c (0xff9ff06f)
core   0: 0x80011564 (0x00001f17) auipc   t5, 0x1
core   0: 3 0x80011564 (0x00001f17) x30 0x80012564
core   0: 0x80011568 (0xa83f2e23) sw      gp, -1380(t5)
core   0: 3 0x80011568 (0xa83f2e23) mem 0x80012000 0x00000001
core   0: 0x8001156c (0xff9ff06f) j       pc - 0x8
core   0: 3 0x8001156c (0xff9ff06f)
core   0: 0x80011564 (0x00001f17) auipc   t5, 0x1
core   0: 3 0x80011564 (0x00001f17) x30 0x80012564
core   0: 0x80011568 (0xa83f2e23) sw      gp, -1380(t5)
core   0: 3 0x80011568 (0xa83f2e23) mem 0x80012000 0x00000001
core   0: 0x8001156c (0xff9ff06f) j       pc - 0x8
core   0: 3 0x8001156c (0xff9ff06f)
core   0: 0x80011564 (0x00001f17) auipc   t5, 0x1
core   0: 3 0x80011564 (0x00001f17) x30 0x80012564
core   0: 0x80011568 (0xa83f2e23) sw      gp, -1380(t5)
core   0: 3 0x80011568 (0xa83f2e23) mem 0x80012000 0x00000001
core   0: 0x8001156c (0xff9ff06f) j       pc - 0x8
core   0: 3 0x8001156c (0xff9ff06f)
core   0: 0x80011564 (0x00001f17) auipc   t5, 0x1
core   0: 3 0x80011564 (0x00001f17) x30 0x80012564
core   0: 0x80011568 (0xa83f2e23) sw      gp, -1380(t5)
core   0: 3 0x80011568 (0xa83f2e23) mem 0x80012000 0x00000001
core   0: 0x8001156c (0xff9ff06f) j       pc - 0x8
core   0: 3 0x8001156c (0xff9ff06f)
core   0: 0x80011564 (0x00001f17) auipc   t5, 0x1
core   0: 3 0x80011564 (0x00001f17) x30 0x80012564
core   0: 0x80011568 (0xa83f2e23) sw      gp, -1380(t5)
core   0: 3 0x80011568 (0xa83f2e23) mem 0x80012000 0x00000001
core   0: 0x8001156c (0xff9ff06f) j       pc - 0x8
core   0: 3 0x8001156c (0xff9ff06f)
core   0: 0x80011564 (0x00001f17) auipc   t5, 0x1
core   0: 3 0x80011564 (0x00001f17) x30 0x80012564
core   0: 0x80011568 (0xa83f2e23) sw      gp, -1380(t5)
core   0: 3 0x80011568 (0xa83f2e23) mem 0x80012000 0x00000001
core   0: 0x8001156c (0xff9ff06f) j       pc - 0x8
core   0: 3 0x8001156c (0xff9ff06f)
core   0: 0x80011564 (0x00001f17) auipc   t5, 0x1
core   0: 3 0x80011564 (0x00001f17) x30 0x80012564
core   0: 0x80011568 (0xa83f2e23) sw      gp, -1380(t5)
core   0: 3 0x80011568 (0xa83f2e23) mem 0x80012000 0x00000001
core   0: 0x8001156c (0xff9ff06f) j       pc - 0x8
core   0: 3 0x8001156c (0xff9ff06f)
core   0: 0x80011564 (0x00001f17) auipc   t5, 0x1
core   0: 3 0x80011564 (0x00001f17) x30 0x80012564
core   0: 0x80011568 (0xa83f2e23) sw      gp, -1380(t5)
core   0: 3 0x80011568 (0xa83f2e23) mem 0x80012000 0x00000001
core   0: 0x8001156c (0xff9ff06f) j       pc - 0x8
core   0: 3 0x8001156c (0xff9ff06f)
core   0: 0x80011564 (0x00001f17) auipc   t5, 0x1
core   0: 3 0x80011564 (0x00001f17) x30 0x80012564
core   0: 0x80011568 (0xa83f2e23) sw      gp, -1380(t5)
core   0: 3 0x80011568 (0xa83f2e23) mem 0x80012000 0x00000001
core   0: 0x8001156c (0xff9ff06f) j       pc - 0x8
core   0: 3 0x8001156c (0xff9ff06f)
core   0: 0x80011564 (0x00001f17) auipc   t5, 0x1
core   0: 3 0x80011564 (0x00001f17) x30 0x80012564
core   0: 0x80011568 (0xa83f2e23) sw      gp, -1380(t5)
core   0: 3 0x80011568 (0xa83f2e23) mem 0x80012000 0x00000001
core   0: 0x8001156c (0xff9ff06f) j       pc - 0x8
core   0: 3 0x8001156c (0xff9ff06f)
core   0: 0x80011564 (0x00001f17) auipc   t5, 0x1
core   0: 3 0x80011564 (0x00001f17) x30 0x80012564
core   0: 0x80011568 (0xa83f2e23) sw      gp, -1380(t5)
core   0: 3 0x80011568 (0xa83f2e23) mem 0x80012000 0x00000001
core   0: 0x8001156c (0xff9ff06f) j       pc - 0x8
core   0: 3 0x8001156c (0xff9ff06f)
core   0: 0x80011564 (0x00001f17) auipc   t5, 0x1
core   0: 3 0x80011564 (0x00001f17) x30 0x80012564
core   0: 0x80011568 (0xa83f2e23) sw      gp, -1380(t5)
core   0: 3 0x80011568 (0xa83f2e23) mem 0x80012000 0x00000001
core   0: 0x8001156c (0xff9ff06f) j       pc - 0x8
core   0: 3 0x8001156c (0xff9ff06f)
core   0: 0x80011564 (0x00001f17) auipc   t5, 0x1
core   0: 3 0x80011564 (0x00001f17) x30 0x80012564
core   0: 0x80011568 (0xa83f2e23) sw      gp, -1380(t5)
core   0: 3 0x80011568 (0xa83f2e23) mem 0x80012000 0x00000001
core   0: 0x8001156c (0xff9ff06f) j       pc - 0x8
core   0: 3 0x8001156c (0xff9ff06f)
core   0: 0x80011564 (0x00001f17) auipc   t5, 0x1
core   0: 3 0x80011564 (0x00001f17) x30 0x80012564
core   0: 0x80011568 (0xa83f2e23) sw      gp, -1380(t5)
core   0: 3 0x80011568 (0xa83f2e23) mem 0x80012000 0x00000001
core   0: 0x8001156c (0xff9ff06f) j       pc - 0x8
core   0: 3 0x8001156c (0xff9ff06f)
core   0: 0x80011564 (0x00001f17) auipc   t5, 0x1
core   0: 3 0x80011564 (0x00001f17) x30 0x80012564
core   0: 0x80011568 (0xa83f2e23) sw      gp, -1380(t5)
core   0: 3 0x80011568 (0xa83f2e23) mem 0x80012000 0x00000001
core   0: 0x8001156c (0xff9ff06f) j       pc - 0x8
core   0: 3 0x8001156c (0xff9ff06f)
core   0: 0x80011564 (0x00001f17) auipc   t5, 0x1
core   0: 3 0x80011564 (0x00001f17) x30 0x80012564
core   0: 0x80011568 (0xa83f2e23) sw      gp, -1380(t5)
core   0: 3 0x80011568 (0xa83f2e23) mem 0x80012000 0x00000001
core   0: 0x8001156c (0xff9ff06f) j       pc - 0x8
core   0: 3 0x8001156c (0xff9ff06f)
core   0: 0x80011564 (0x00001f17) auipc   t5, 0x1
core   0: 3 0x80011564 (0x00001f17) x30 0x80012564
core   0: 0x80011568 (0xa83f2e23) sw      gp, -1380(t5)
core   0: 3 0x80011568 (0xa83f2e23) mem 0x80012000 0x00000001
core   0: 0x8001156c (0xff9ff06f) j       pc - 0x8
core   0: 3 0x8001156c (0xff9ff06f)
core   0: 0x80011564 (0x00001f17) auipc   t5, 0x1
core   0: 3 0x80011564 (0x00001f17) x30 0x80012564
core   0: 0x80011568 (0xa83f2e23) sw      gp, -1380(t5)
core   0: 3 0x80011568 (0xa83f2e23) mem 0x80012000 0x00000001
core   0: 0x8001156c (0xff9ff06f) j       pc - 0x8
core   0: 3 0x8001156c (0xff9ff06f)
core   0: 0x80011564 (0x00001f17) auipc   t5, 0x1
core   0: 3 0x80011564 (0x00001f17) x30 0x80012564
core   0: 0x80011568 (0xa83f2e23) sw      gp, -1380(t5)
core   0: 3 0x80011568 (0xa83f2e23) mem 0x80012000 0x00000001
core   0: 0x8001156c (0xff9ff06f) j       pc - 0x8
core   0: 3 0x8001156c (0xff9ff06f)
core   0: 0x80011564 (0x00001f17) auipc   t5, 0x1
core   0: 3 0x80011564 (0x00001f17) x30 0x80012564
core   0: 0x80011568 (0xa83f2e23) sw      gp, -1380(t5)
core   0: 3 0x80011568 (0xa83f2e23) mem 0x80012000 0x00000001
core   0: 0x8001156c (0xff9ff06f) j       pc - 0x8
core   0: 3 0x8001156c (0xff9ff06f)
core   0: 0x80011564 (0x00001f17) auipc   t5, 0x1
core   0: 3 0x80011564 (0x00001f17) x30 0x80012564
core   0: 0x80011568 (0xa83f2e23) sw      gp, -1380(t5)
core   0: 3 0x80011568 (0xa83f2e23) mem 0x80012000 0x00000001
core   0: 0x8001156c (0xff9ff06f) j       pc - 0x8
core   0: 3 0x8001156c (0xff9ff06f)
core   0: 0x80011564 (0x00001f17) auipc   t5, 0x1
core   0: 3 0x80011564 (0x00001f17) x30 0x80012564
core   0: 0x80011568 (0xa83f2e23) sw      gp, -1380(t5)
core   0: 3 0x80011568 (0xa83f2e23) mem 0x80012000 0x00000001
core   0: 0x8001156c (0xff9ff06f) j       pc - 0x8
core   0: 3 0x8001156c (0xff9ff06f)
core   0: 0x80011564 (0x00001f17) auipc   t5, 0x1
core   0: 3 0x80011564 (0x00001f17) x30 0x80012564
core   0: 0x80011568 (0xa83f2e23) sw      gp, -1380(t5)
core   0: 3 0x80011568 (0xa83f2e23) mem 0x80012000 0x00000001
core   0: 0x8001156c (0xff9ff06f) j       pc - 0x8
core   0: 3 0x8001156c (0xff9ff06f)
core   0: 0x80011564 (0x00001f17) auipc   t5, 0x1
core   0: 3 0x80011564 (0x00001f17) x30 0x80012564
core   0: 0x80011568 (0xa83f2e23) sw      gp, -1380(t5)
core   0: 3 0x80011568 (0xa83f2e23) mem 0x80012000 0x00000001
core   0: 0x8001156c (0xff9ff06f) j       pc - 0x8
core   0: 3 0x8001156c (0xff9ff06f)
core   0: 0x80011564 (0x00001f17) auipc   t5, 0x1
core   0: 3 0x80011564 (0x00001f17) x30 0x80012564
core   0: 0x80011568 (0xa83f2e23) sw      gp, -1380(t5)
core   0: 3 0x80011568 (0xa83f2e23) mem 0x80012000 0x00000001
core   0: 0x8001156c (0xff9ff06f) j       pc - 0x8
core   0: 3 0x8001156c (0xff9ff06f)
core   0: 0x80011564 (0x00001f17) auipc   t5, 0x1
core   0: 3 0x80011564 (0x00001f17) x30 0x80012564
core   0: 0x80011568 (0xa83f2e23) sw      gp, -1380(t5)
core   0: 3 0x80011568 (0xa83f2e23) mem 0x80012000 0x00000001
core   0: 0x8001156c (0xff9ff06f) j       pc - 0x8
core   0: 3 0x8001156c (0xff9ff06f)
core   0: 0x80011564 (0x00001f17) auipc   t5, 0x1
core   0: 3 0x80011564 (0x00001f17) x30 0x80012564
core   0: 0x80011568 (0xa83f2e23) sw      gp, -1380(t5)
core   0: 3 0x80011568 (0xa83f2e23) mem 0x80012000 0x00000001
core   0: 0x8001156c (0xff9ff06f) j       pc - 0x8
core   0: 3 0x8001156c (0xff9ff06f)
core   0: 0x80011564 (0x00001f17) auipc   t5, 0x1
core   0: 3 0x80011564 (0x00001f17) x30 0x80012564
core   0: 0x80011568 (0xa83f2e23) sw      gp, -1380(t5)
core   0: 3 0x80011568 (0xa83f2e23) mem 0x80012000 0x00000001
core   0: 0x8001156c (0xff9ff06f) j       pc - 0x8
core   0: 3 0x8001156c (0xff9ff06f)
core   0: 0x80011564 (0x00001f17) auipc   t5, 0x1
core   0: 3 0x80011564 (0x00001f17) x30 0x80012564
core   0: 0x80011568 (0xa83f2e23) sw      gp, -1380(t5)
core   0: 3 0x80011568 (0xa83f2e23) mem 0x80012000 0x00000001
core   0: 0x8001156c (0xff9ff06f) j       pc - 0x8
core   0: 3 0x8001156c (0xff9ff06f)
core   0: 0x80011564 (0x00001f17) auipc   t5, 0x1
core   0: 3 0x80011564 (0x00001f17) x30 0x80012564
core   0: 0x80011568 (0xa83f2e23) sw      gp, -1380(t5)
core   0: 3 0x80011568 (0xa83f2e23) mem 0x80012000 0x00000001
core   0: 0x8001156c (0xff9ff06f) j       pc - 0x8
core   0: 3 0x8001156c (0xff9ff06f)
core   0: 0x80011564 (0x00001f17) auipc   t5, 0x1
core   0: 3 0x80011564 (0x00001f17) x30 0x80012564
core   0: 0x80011568 (0xa83f2e23) sw      gp, -1380(t5)
core   0: 3 0x80011568 (0xa83f2e23) mem 0x80012000 0x00000001
core   0: 0x8001156c (0xff9ff06f) j       pc - 0x8
core   0: 3 0x8001156c (0xff9ff06f)
core   0: 0x80011564 (0x00001f17) auipc   t5, 0x1
core   0: 3 0x80011564 (0x00001f17) x30 0x80012564
core   0: 0x80011568 (0xa83f2e23) sw      gp, -1380(t5)
core   0: 3 0x80011568 (0xa83f2e23) mem 0x80012000 0x00000001
core   0: 0x8001156c (0xff9ff06f) j       pc - 0x8
core   0: 3 0x8001156c (0xff9ff06f)
core   0: 0x80011564 (0x00001f17) auipc   t5, 0x1
core   0: 3 0x80011564 (0x00001f17) x30 0x80012564
core   0: 0x80011568 (0xa83f2e23) sw      gp, -1380(t5)
core   0: 3 0x80011568 (0xa83f2e23) mem 0x80012000 0x00000001
core   0: 0x8001156c (0xff9ff06f) j       pc - 0x8
core   0: 3 0x8001156c (0xff9ff06f)
core   0: 0x80011564 (0x00001f17) auipc   t5, 0x1
core   0: 3 0x80011564 (0x00001f17) x30 0x80012564
core   0: 0x80011568 (0xa83f2e23) sw      gp, -1380(t5)
core   0: 3 0x80011568 (0xa83f2e23) mem 0x80012000 0x00000001
core   0: 0x8001156c (0xff9ff06f) j       pc - 0x8
core   0: 3 0x8001156c (0xff9ff06f)
core   0: 0x80011564 (0x00001f17) auipc   t5, 0x1
core   0: 3 0x80011564 (0x00001f17) x30 0x80012564
core   0: 0x80011568 (0xa83f2e23) sw      gp, -1380(t5)
core   0: 3 0x80011568 (0xa83f2e23) mem 0x80012000 0x00000001
core   0: 0x8001156c (0xff9ff06f) j       pc - 0x8
core   0: 3 0x8001156c (0xff9ff06f)
core   0: 0x80011564 (0x00001f17) auipc   t5, 0x1
core   0: 3 0x80011564 (0x00001f17) x30 0x80012564
core   0: 0x80011568 (0xa83f2e23) sw      gp, -1380(t5)
core   0: 3 0x80011568 (0xa83f2e23) mem 0x80012000 0x00000001
core   0: 0x8001156c (0xff9ff06f) j       pc - 0x8
core   0: 3 0x8001156c (0xff9ff06f)
core   0: 0x80011564 (0x00001f17) auipc   t5, 0x1
core   0: 3 0x80011564 (0x00001f17) x30 0x80012564
core   0: 0x80011568 (0xa83f2e23) sw      gp, -1380(t5)
core   0: 3 0x80011568 (0xa83f2e23) mem 0x80012000 0x00000001
core   0: 0x8001156c (0xff9ff06f) j       pc - 0x8
core   0: 3 0x8001156c (0xff9ff06f)
core   0: 0x80011564 (0x00001f17) auipc   t5, 0x1
core   0: 3 0x80011564 (0x00001f17) x30 0x80012564
core   0: 0x80011568 (0xa83f2e23) sw      gp, -1380(t5)
core   0: 3 0x80011568 (0xa83f2e23) mem 0x80012000 0x00000001
core   0: 0x8001156c (0xff9ff06f) j       pc - 0x8
core   0: 3 0x8001156c (0xff9ff06f)
core   0: 0x80011564 (0x00001f17) auipc   t5, 0x1
core   0: 3 0x80011564 (0x00001f17) x30 0x80012564
core   0: 0x80011568 (0xa83f2e23) sw      gp, -1380(t5)
core   0: 3 0x80011568 (0xa83f2e23) mem 0x80012000 0x00000001
core   0: 0x8001156c (0xff9ff06f) j       pc - 0x8
core   0: 3 0x8001156c (0xff9ff06f)
core   0: 0x80011564 (0x00001f17) auipc   t5, 0x1
core   0: 3 0x80011564 (0x00001f17) x30 0x80012564
core   0: 0x80011568 (0xa83f2e23) sw      gp, -1380(t5)
core   0: 3 0x80011568 (0xa83f2e23) mem 0x80012000 0x00000001
core   0: 0x8001156c (0xff9ff06f) j       pc - 0x8
core   0: 3 0x8001156c (0xff9ff06f)
core   0: 0x80011564 (0x00001f17) auipc   t5, 0x1
core   0: 3 0x80011564 (0x00001f17) x30 0x80012564
core   0: 0x80011568 (0xa83f2e23) sw      gp, -1380(t5)
core   0: 3 0x80011568 (0xa83f2e23) mem 0x80012000 0x00000001
core   0: 0x8001156c (0xff9ff06f) j       pc - 0x8
core   0: 3 0x8001156c (0xff9ff06f)
core   0: 0x80011564 (0x00001f17) auipc   t5, 0x1
core   0: 3 0x80011564 (0x00001f17) x30 0x80012564
core   0: 0x80011568 (0xa83f2e23) sw      gp, -1380(t5)
core   0: 3 0x80011568 (0xa83f2e23) mem 0x80012000 0x00000001
core   0: 0x8001156c (0xff9ff06f) j       pc - 0x8
core   0: 3 0x8001156c (0xff9ff06f)
core   0: 0x80011564 (0x00001f17) auipc   t5, 0x1
core   0: 3 0x80011564 (0x00001f17) x30 0x80012564
core   0: 0x80011568 (0xa83f2e23) sw      gp, -1380(t5)
core   0: 3 0x80011568 (0xa83f2e23) mem 0x80012000 0x00000001
core   0: 0x8001156c (0xff9ff06f) j       pc - 0x8
core   0: 3 0x8001156c (0xff9ff06f)
core   0: 0x80011564 (0x00001f17) auipc   t5, 0x1
core   0: 3 0x80011564 (0x00001f17) x30 0x80012564
core   0: 0x80011568 (0xa83f2e23) sw      gp, -1380(t5)
core   0: 3 0x80011568 (0xa83f2e23) mem 0x80012000 0x00000001
core   0: 0x8001156c (0xff9ff06f) j       pc - 0x8
core   0: 3 0x8001156c (0xff9ff06f)
core   0: 0x80011564 (0x00001f17) auipc   t5, 0x1
core   0: 3 0x80011564 (0x00001f17) x30 0x80012564
core   0: 0x80011568 (0xa83f2e23) sw      gp, -1380(t5)
core   0: 3 0x80011568 (0xa83f2e23) mem 0x80012000 0x00000001
core   0: 0x8001156c (0xff9ff06f) j       pc - 0x8
core   0: 3 0x8001156c (0xff9ff06f)
core   0: 0x80011564 (0x00001f17) auipc   t5, 0x1
core   0: 3 0x80011564 (0x00001f17) x30 0x80012564
core   0: 0x80011568 (0xa83f2e23) sw      gp, -1380(t5)
core   0: 3 0x80011568 (0xa83f2e23) mem 0x80012000 0x00000001
core   0: 0x8001156c (0xff9ff06f) j       pc - 0x8
core   0: 3 0x8001156c (0xff9ff06f)
core   0: 0x80011564 (0x00001f17) auipc   t5, 0x1
core   0: 3 0x80011564 (0x00001f17) x30 0x80012564
core   0: 0x80011568 (0xa83f2e23) sw      gp, -1380(t5)
core   0: 3 0x80011568 (0xa83f2e23) mem 0x80012000 0x00000001
core   0: 0x8001156c (0xff9ff06f) j       pc - 0x8
core   0: 3 0x8001156c (0xff9ff06f)
core   0: 0x80011564 (0x00001f17) auipc   t5, 0x1
core   0: 3 0x80011564 (0x00001f17) x30 0x80012564
core   0: 0x80011568 (0xa83f2e23) sw      gp, -1380(t5)
core   0: 3 0x80011568 (0xa83f2e23) mem 0x80012000 0x00000001
core   0: 0x8001156c (0xff9ff06f) j       pc - 0x8
core   0: 3 0x8001156c (0xff9ff06f)
core   0: 0x80011564 (0x00001f17) auipc   t5, 0x1
core   0: 3 0x80011564 (0x00001f17) x30 0x80012564
core   0: 0x80011568 (0xa83f2e23) sw      gp, -1380(t5)
core   0: 3 0x80011568 (0xa83f2e23) mem 0x80012000 0x00000001
core   0: 0x8001156c (0xff9ff06f) j       pc - 0x8
core   0: 3 0x8001156c (0xff9ff06f)
core   0: 0x80011564 (0x00001f17) auipc   t5, 0x1
core   0: 3 0x80011564 (0x00001f17) x30 0x80012564
core   0: 0x80011568 (0xa83f2e23) sw      gp, -1380(t5)
core   0: 3 0x80011568 (0xa83f2e23) mem 0x80012000 0x00000001
core   0: 0x8001156c (0xff9ff06f) j       pc - 0x8
core   0: 3 0x8001156c (0xff9ff06f)
core   0: 0x80011564 (0x00001f17) auipc   t5, 0x1
core   0: 3 0x80011564 (0x00001f17) x30 0x80012564
core   0: 0x80011568 (0xa83f2e23) sw      gp, -1380(t5)
core   0: 3 0x80011568 (0xa83f2e23) mem 0x80012000 0x00000001
core   0: 0x8001156c (0xff9ff06f) j       pc - 0x8
core   0: 3 0x8001156c (0xff9ff06f)
core   0: 0x80011564 (0x00001f17) auipc   t5, 0x1
core   0: 3 0x80011564 (0x00001f17) x30 0x80012564
core   0: 0x80011568 (0xa83f2e23) sw      gp, -1380(t5)
core   0: 3 0x80011568 (0xa83f2e23) mem 0x80012000 0x00000001
core   0: 0x8001156c (0xff9ff06f) j       pc - 0x8
core   0: 3 0x8001156c (0xff9ff06f)
core   0: 0x80011564 (0x00001f17) auipc   t5, 0x1
core   0: 3 0x80011564 (0x00001f17) x30 0x80012564
core   0: 0x80011568 (0xa83f2e23) sw      gp, -1380(t5)
core   0: 3 0x80011568 (0xa83f2e23) mem 0x80012000 0x00000001
core   0: 0x8001156c (0xff9ff06f) j       pc - 0x8
core   0: 3 0x8001156c (0xff9ff06f)
core   0: 0x80011564 (0x00001f17) auipc   t5, 0x1
core   0: 3 0x80011564 (0x00001f17) x30 0x80012564
core   0: 0x80011568 (0xa83f2e23) sw      gp, -1380(t5)
core   0: 3 0x80011568 (0xa83f2e23) mem 0x80012000 0x00000001
core   0: 0x8001156c (0xff9ff06f) j       pc - 0x8
core   0: 3 0x8001156c (0xff9ff06f)
core   0: 0x80011564 (0x00001f17) auipc   t5, 0x1
core   0: 3 0x80011564 (0x00001f17) x30 0x80012564
core   0: 0x80011568 (0xa83f2e23) sw      gp, -1380(t5)
core   0: 3 0x80011568 (0xa83f2e23) mem 0x80012000 0x00000001
core   0: 0x8001156c (0xff9ff06f) j       pc - 0x8
core   0: 3 0x8001156c (0xff9ff06f)
core   0: 0x80011564 (0x00001f17) auipc   t5, 0x1
core   0: 3 0x80011564 (0x00001f17) x30 0x80012564
core   0: 0x80011568 (0xa83f2e23) sw      gp, -1380(t5)
core   0: 3 0x80011568 (0xa83f2e23) mem 0x80012000 0x00000001
core   0: 0x8001156c (0xff9ff06f) j       pc - 0x8
core   0: 3 0x8001156c (0xff9ff06f)
core   0: 0x80011564 (0x00001f17) auipc   t5, 0x1
core   0: 3 0x80011564 (0x00001f17) x30 0x80012564
core   0: 0x80011568 (0xa83f2e23) sw      gp, -1380(t5)
core   0: 3 0x80011568 (0xa83f2e23) mem 0x80012000 0x00000001
core   0: 0x8001156c (0xff9ff06f) j       pc - 0x8
core   0: 3 0x8001156c (0xff9ff06f)
core   0: 0x80011564 (0x00001f17) auipc   t5, 0x1
core   0: 3 0x80011564 (0x00001f17) x30 0x80012564
core   0: 0x80011568 (0xa83f2e23) sw      gp, -1380(t5)
core   0: 3 0x80011568 (0xa83f2e23) mem 0x80012000 0x00000001
core   0: 0x8001156c (0xff9ff06f) j       pc - 0x8
core   0: 3 0x8001156c (0xff9ff06f)
core   0: 0x80011564 (0x00001f17) auipc   t5, 0x1
core   0: 3 0x80011564 (0x00001f17) x30 0x80012564
core   0: 0x80011568 (0xa83f2e23) sw      gp, -1380(t5)
core   0: 3 0x80011568 (0xa83f2e23) mem 0x80012000 0x00000001
core   0: 0x8001156c (0xff9ff06f) j       pc - 0x8
core   0: 3 0x8001156c (0xff9ff06f)
core   0: 0x80011564 (0x00001f17) auipc   t5, 0x1
core   0: 3 0x80011564 (0x00001f17) x30 0x80012564
core   0: 0x80011568 (0xa83f2e23) sw      gp, -1380(t5)
core   0: 3 0x80011568 (0xa83f2e23) mem 0x80012000 0x00000001
core   0: 0x8001156c (0xff9ff06f) j       pc - 0x8
core   0: 3 0x8001156c (0xff9ff06f)
core   0: 0x80011564 (0x00001f17) auipc   t5, 0x1
core   0: 3 0x80011564 (0x00001f17) x30 0x80012564
core   0: 0x80011568 (0xa83f2e23) sw      gp, -1380(t5)
core   0: 3 0x80011568 (0xa83f2e23) mem 0x80012000 0x00000001
core   0: 0x8001156c (0xff9ff06f) j       pc - 0x8
core   0: 3 0x8001156c (0xff9ff06f)
core   0: 0x80011564 (0x00001f17) auipc   t5, 0x1
core   0: 3 0x80011564 (0x00001f17) x30 0x80012564
core   0: 0x80011568 (0xa83f2e23) sw      gp, -1380(t5)
core   0: 3 0x80011568 (0xa83f2e23) mem 0x80012000 0x00000001
core   0: 0x8001156c (0xff9ff06f) j       pc - 0x8
core   0: 3 0x8001156c (0xff9ff06f)
core   0: 0x80011564 (0x00001f17) auipc   t5, 0x1
core   0: 3 0x80011564 (0x00001f17) x30 0x80012564
core   0: 0x80011568 (0xa83f2e23) sw      gp, -1380(t5)
core   0: 3 0x80011568 (0xa83f2e23) mem 0x80012000 0x00000001
core   0: 0x8001156c (0xff9ff06f) j       pc - 0x8
core   0: 3 0x8001156c (0xff9ff06f)
core   0: 0x80011564 (0x00001f17) auipc   t5, 0x1
core   0: 3 0x80011564 (0x00001f17) x30 0x80012564
core   0: 0x80011568 (0xa83f2e23) sw      gp, -1380(t5)
core   0: 3 0x80011568 (0xa83f2e23) mem 0x80012000 0x00000001
core   0: 0x8001156c (0xff9ff06f) j       pc - 0x8
core   0: 3 0x8001156c (0xff9ff06f)
core   0: 0x80011564 (0x00001f17) auipc   t5, 0x1
core   0: 3 0x80011564 (0x00001f17) x30 0x80012564
core   0: 0x80011568 (0xa83f2e23) sw      gp, -1380(t5)
core   0: 3 0x80011568 (0xa83f2e23) mem 0x80012000 0x00000001
core   0: 0x8001156c (0xff9ff06f) j       pc - 0x8
core   0: 3 0x8001156c (0xff9ff06f)
core   0: 0x80011564 (0x00001f17) auipc   t5, 0x1
core   0: 3 0x80011564 (0x00001f17) x30 0x80012564
core   0: 0x80011568 (0xa83f2e23) sw      gp, -1380(t5)
core   0: 3 0x80011568 (0xa83f2e23) mem 0x80012000 0x00000001
core   0: 0x8001156c (0xff9ff06f) j       pc - 0x8
core   0: 3 0x8001156c (0xff9ff06f)
core   0: 0x80011564 (0x00001f17) auipc   t5, 0x1
core   0: 3 0x80011564 (0x00001f17) x30 0x80012564
core   0: 0x80011568 (0xa83f2e23) sw      gp, -1380(t5)
core   0: 3 0x80011568 (0xa83f2e23) mem 0x80012000 0x00000001
core   0: 0x8001156c (0xff9ff06f) j       pc - 0x8
core   0: 3 0x8001156c (0xff9ff06f)
core   0: 0x80011564 (0x00001f17) auipc   t5, 0x1
core   0: 3 0x80011564 (0x00001f17) x30 0x80012564
core   0: 0x80011568 (0xa83f2e23) sw      gp, -1380(t5)
core   0: 3 0x80011568 (0xa83f2e23) mem 0x80012000 0x00000001
core   0: 0x8001156c (0xff9ff06f) j       pc - 0x8
core   0: 3 0x8001156c (0xff9ff06f)
core   0: 0x80011564 (0x00001f17) auipc   t5, 0x1
core   0: 3 0x80011564 (0x00001f17) x30 0x80012564
core   0: 0x80011568 (0xa83f2e23) sw      gp, -1380(t5)
core   0: 3 0x80011568 (0xa83f2e23) mem 0x80012000 0x00000001
core   0: 0x8001156c (0xff9ff06f) j       pc - 0x8
core   0: 3 0x8001156c (0xff9ff06f)
core   0: 0x80011564 (0x00001f17) auipc   t5, 0x1
core   0: 3 0x80011564 (0x00001f17) x30 0x80012564
core   0: 0x80011568 (0xa83f2e23) sw      gp, -1380(t5)
core   0: 3 0x80011568 (0xa83f2e23) mem 0x80012000 0x00000001
core   0: 0x8001156c (0xff9ff06f) j       pc - 0x8
core   0: 3 0x8001156c (0xff9ff06f)
core   0: 0x80011564 (0x00001f17) auipc   t5, 0x1
core   0: 3 0x80011564 (0x00001f17) x30 0x80012564
core   0: 0x80011568 (0xa83f2e23) sw      gp, -1380(t5)
core   0: 3 0x80011568 (0xa83f2e23) mem 0x80012000 0x00000001
core   0: 0x8001156c (0xff9ff06f) j       pc - 0x8
core   0: 3 0x8001156c (0xff9ff06f)
core   0: 0x80011564 (0x00001f17) auipc   t5, 0x1
core   0: 3 0x80011564 (0x00001f17) x30 0x80012564
core   0: 0x80011568 (0xa83f2e23) sw      gp, -1380(t5)
core   0: 3 0x80011568 (0xa83f2e23) mem 0x80012000 0x00000001
core   0: 0x8001156c (0xff9ff06f) j       pc - 0x8
core   0: 3 0x8001156c (0xff9ff06f)
core   0: 0x80011564 (0x00001f17) auipc   t5, 0x1
core   0: 3 0x80011564 (0x00001f17) x30 0x80012564
core   0: 0x80011568 (0xa83f2e23) sw      gp, -1380(t5)
core   0: 3 0x80011568 (0xa83f2e23) mem 0x80012000 0x00000001
core   0: 0x8001156c (0xff9ff06f) j       pc - 0x8
core   0: 3 0x8001156c (0xff9ff06f)
core   0: 0x80011564 (0x00001f17) auipc   t5, 0x1
core   0: 3 0x80011564 (0x00001f17) x30 0x80012564
core   0: 0x80011568 (0xa83f2e23) sw      gp, -1380(t5)
core   0: 3 0x80011568 (0xa83f2e23) mem 0x80012000 0x00000001
core   0: 0x8001156c (0xff9ff06f) j       pc - 0x8
core   0: 3 0x8001156c (0xff9ff06f)
core   0: 0x80011564 (0x00001f17) auipc   t5, 0x1
core   0: 3 0x80011564 (0x00001f17) x30 0x80012564
core   0: 0x80011568 (0xa83f2e23) sw      gp, -1380(t5)
core   0: 3 0x80011568 (0xa83f2e23) mem 0x80012000 0x00000001
core   0: 0x8001156c (0xff9ff06f) j       pc - 0x8
core   0: 3 0x8001156c (0xff9ff06f)
core   0: 0x80011564 (0x00001f17) auipc   t5, 0x1
core   0: 3 0x80011564 (0x00001f17) x30 0x80012564
core   0: 0x80011568 (0xa83f2e23) sw      gp, -1380(t5)
core   0: 3 0x80011568 (0xa83f2e23) mem 0x80012000 0x00000001
core   0: 0x8001156c (0xff9ff06f) j       pc - 0x8
core   0: 3 0x8001156c (0xff9ff06f)
core   0: 0x80011564 (0x00001f17) auipc   t5, 0x1
core   0: 3 0x80011564 (0x00001f17) x30 0x80012564
core   0: 0x80011568 (0xa83f2e23) sw      gp, -1380(t5)
core   0: 3 0x80011568 (0xa83f2e23) mem 0x80012000 0x00000001
core   0: 0x8001156c (0xff9ff06f) j       pc - 0x8
core   0: 3 0x8001156c (0xff9ff06f)
core   0: 0x80011564 (0x00001f17) auipc   t5, 0x1
core   0: 3 0x80011564 (0x00001f17) x30 0x80012564
core   0: 0x80011568 (0xa83f2e23) sw      gp, -1380(t5)
core   0: 3 0x80011568 (0xa83f2e23) mem 0x80012000 0x00000001
core   0: 0x8001156c (0xff9ff06f) j       pc - 0x8
core   0: 3 0x8001156c (0xff9ff06f)
core   0: 0x80011564 (0x00001f17) auipc   t5, 0x1
core   0: 3 0x80011564 (0x00001f17) x30 0x80012564
core   0: 0x80011568 (0xa83f2e23) sw      gp, -1380(t5)
core   0: 3 0x80011568 (0xa83f2e23) mem 0x80012000 0x00000001
core   0: 0x8001156c (0xff9ff06f) j       pc - 0x8
core   0: 3 0x8001156c (0xff9ff06f)
core   0: 0x80011564 (0x00001f17) auipc   t5, 0x1
core   0: 3 0x80011564 (0x00001f17) x30 0x80012564
core   0: 0x80011568 (0xa83f2e23) sw      gp, -1380(t5)
core   0: 3 0x80011568 (0xa83f2e23) mem 0x80012000 0x00000001
core   0: 0x8001156c (0xff9ff06f) j       pc - 0x8
core   0: 3 0x8001156c (0xff9ff06f)
core   0: 0x80011564 (0x00001f17) auipc   t5, 0x1
core   0: 3 0x80011564 (0x00001f17) x30 0x80012564
core   0: 0x80011568 (0xa83f2e23) sw      gp, -1380(t5)
core   0: 3 0x80011568 (0xa83f2e23) mem 0x80012000 0x00000001
core   0: 0x8001156c (0xff9ff06f) j       pc - 0x8
core   0: 3 0x8001156c (0xff9ff06f)
core   0: 0x80011564 (0x00001f17) auipc   t5, 0x1
core   0: 3 0x80011564 (0x00001f17) x30 0x80012564
core   0: 0x80011568 (0xa83f2e23) sw      gp, -1380(t5)
core   0: 3 0x80011568 (0xa83f2e23) mem 0x80012000 0x00000001
core   0: 0x8001156c (0xff9ff06f) j       pc - 0x8
core   0: 3 0x8001156c (0xff9ff06f)
core   0: 0x80011564 (0x00001f17) auipc   t5, 0x1
core   0: 3 0x80011564 (0x00001f17) x30 0x80012564
core   0: 0x80011568 (0xa83f2e23) sw      gp, -1380(t5)
core   0: 3 0x80011568 (0xa83f2e23) mem 0x80012000 0x00000001
core   0: 0x8001156c (0xff9ff06f) j       pc - 0x8
core   0: 3 0x8001156c (0xff9ff06f)
core   0: 0x80011564 (0x00001f17) auipc   t5, 0x1
core   0: 3 0x80011564 (0x00001f17) x30 0x80012564
core   0: 0x80011568 (0xa83f2e23) sw      gp, -1380(t5)
core   0: 3 0x80011568 (0xa83f2e23) mem 0x80012000 0x00000001
core   0: 0x8001156c (0xff9ff06f) j       pc - 0x8
core   0: 3 0x8001156c (0xff9ff06f)
core   0: 0x80011564 (0x00001f17) auipc   t5, 0x1
core   0: 3 0x80011564 (0x00001f17) x30 0x80012564
core   0: 0x80011568 (0xa83f2e23) sw      gp, -1380(t5)
core   0: 3 0x80011568 (0xa83f2e23) mem 0x80012000 0x00000001
core   0: 0x8001156c (0xff9ff06f) j       pc - 0x8
core   0: 3 0x8001156c (0xff9ff06f)
core   0: 0x80011564 (0x00001f17) auipc   t5, 0x1
core   0: 3 0x80011564 (0x00001f17) x30 0x80012564
core   0: 0x80011568 (0xa83f2e23) sw      gp, -1380(t5)
core   0: 3 0x80011568 (0xa83f2e23) mem 0x80012000 0x00000001
core   0: 0x8001156c (0xff9ff06f) j       pc - 0x8
core   0: 3 0x8001156c (0xff9ff06f)
core   0: 0x80011564 (0x00001f17) auipc   t5, 0x1
core   0: 3 0x80011564 (0x00001f17) x30 0x80012564
core   0: 0x80011568 (0xa83f2e23) sw      gp, -1380(t5)
core   0: 3 0x80011568 (0xa83f2e23) mem 0x80012000 0x00000001
core   0: 0x8001156c (0xff9ff06f) j       pc - 0x8
core   0: 3 0x8001156c (0xff9ff06f)
core   0: 0x80011564 (0x00001f17) auipc   t5, 0x1
core   0: 3 0x80011564 (0x00001f17) x30 0x80012564
core   0: 0x80011568 (0xa83f2e23) sw      gp, -1380(t5)
core   0: 3 0x80011568 (0xa83f2e23) mem 0x80012000 0x00000001
core   0: 0x8001156c (0xff9ff06f) j       pc - 0x8
core   0: 3 0x8001156c (0xff9ff06f)
core   0: 0x80011564 (0x00001f17) auipc   t5, 0x1
core   0: 3 0x80011564 (0x00001f17) x30 0x80012564
core   0: 0x80011568 (0xa83f2e23) sw      gp, -1380(t5)
core   0: 3 0x80011568 (0xa83f2e23) mem 0x80012000 0x00000001
core   0: 0x8001156c (0xff9ff06f) j       pc - 0x8
core   0: 3 0x8001156c (0xff9ff06f)
core   0: 0x80011564 (0x00001f17) auipc   t5, 0x1
core   0: 3 0x80011564 (0x00001f17) x30 0x80012564
core   0: 0x80011568 (0xa83f2e23) sw      gp, -1380(t5)
core   0: 3 0x80011568 (0xa83f2e23) mem 0x80012000 0x00000001
core   0: 0x8001156c (0xff9ff06f) j       pc - 0x8
core   0: 3 0x8001156c (0xff9ff06f)
core   0: 0x80011564 (0x00001f17) auipc   t5, 0x1
core   0: 3 0x80011564 (0x00001f17) x30 0x80012564
core   0: 0x80011568 (0xa83f2e23) sw      gp, -1380(t5)
core   0: 3 0x80011568 (0xa83f2e23) mem 0x80012000 0x00000001
core   0: 0x8001156c (0xff9ff06f) j       pc - 0x8
core   0: 3 0x8001156c (0xff9ff06f)
core   0: 0x80011564 (0x00001f17) auipc   t5, 0x1
core   0: 3 0x80011564 (0x00001f17) x30 0x80012564
core   0: 0x80011568 (0xa83f2e23) sw      gp, -1380(t5)
core   0: 3 0x80011568 (0xa83f2e23) mem 0x80012000 0x00000001
core   0: 0x8001156c (0xff9ff06f) j       pc - 0x8
core   0: 3 0x8001156c (0xff9ff06f)
core   0: 0x80011564 (0x00001f17) auipc   t5, 0x1
core   0: 3 0x80011564 (0x00001f17) x30 0x80012564
core   0: 0x80011568 (0xa83f2e23) sw      gp, -1380(t5)
core   0: 3 0x80011568 (0xa83f2e23) mem 0x80012000 0x00000001
core   0: 0x8001156c (0xff9ff06f) j       pc - 0x8
core   0: 3 0x8001156c (0xff9ff06f)
core   0: 0x80011564 (0x00001f17) auipc   t5, 0x1
core   0: 3 0x80011564 (0x00001f17) x30 0x80012564
core   0: 0x80011568 (0xa83f2e23) sw      gp, -1380(t5)
core   0: 3 0x80011568 (0xa83f2e23) mem 0x80012000 0x00000001
core   0: 0x8001156c (0xff9ff06f) j       pc - 0x8
core   0: 3 0x8001156c (0xff9ff06f)
core   0: 0x80011564 (0x00001f17) auipc   t5, 0x1
core   0: 3 0x80011564 (0x00001f17) x30 0x80012564
core   0: 0x80011568 (0xa83f2e23) sw      gp, -1380(t5)
core   0: 3 0x80011568 (0xa83f2e23) mem 0x80012000 0x00000001
core   0: 0x8001156c (0xff9ff06f) j       pc - 0x8
core   0: 3 0x8001156c (0xff9ff06f)
core   0: 0x80011564 (0x00001f17) auipc   t5, 0x1
core   0: 3 0x80011564 (0x00001f17) x30 0x80012564
core   0: 0x80011568 (0xa83f2e23) sw      gp, -1380(t5)
core   0: 3 0x80011568 (0xa83f2e23) mem 0x80012000 0x00000001
core   0: 0x8001156c (0xff9ff06f) j       pc - 0x8
core   0: 3 0x8001156c (0xff9ff06f)
core   0: 0x80011564 (0x00001f17) auipc   t5, 0x1
core   0: 3 0x80011564 (0x00001f17) x30 0x80012564
core   0: 0x80011568 (0xa83f2e23) sw      gp, -1380(t5)
core   0: 3 0x80011568 (0xa83f2e23) mem 0x80012000 0x00000001
core   0: 0x8001156c (0xff9ff06f) j       pc - 0x8
core   0: 3 0x8001156c (0xff9ff06f)
core   0: 0x80011564 (0x00001f17) auipc   t5, 0x1
core   0: 3 0x80011564 (0x00001f17) x30 0x80012564
core   0: 0x80011568 (0xa83f2e23) sw      gp, -1380(t5)
core   0: 3 0x80011568 (0xa83f2e23) mem 0x80012000 0x00000001
core   0: 0x8001156c (0xff9ff06f) j       pc - 0x8
core   0: 3 0x8001156c (0xff9ff06f)
core   0: 0x80011564 (0x00001f17) auipc   t5, 0x1
core   0: 3 0x80011564 (0x00001f17) x30 0x80012564
core   0: 0x80011568 (0xa83f2e23) sw      gp, -1380(t5)
core   0: 3 0x80011568 (0xa83f2e23) mem 0x80012000 0x00000001
core   0: 0x8001156c (0xff9ff06f) j       pc - 0x8
core   0: 3 0x8001156c (0xff9ff06f)
core   0: 0x80011564 (0x00001f17) auipc   t5, 0x1
core   0: 3 0x80011564 (0x00001f17) x30 0x80012564
core   0: 0x80011568 (0xa83f2e23) sw      gp, -1380(t5)
core   0: 3 0x80011568 (0xa83f2e23) mem 0x80012000 0x00000001
core   0: 0x8001156c (0xff9ff06f) j       pc - 0x8
core   0: 3 0x8001156c (0xff9ff06f)
core   0: 0x80011564 (0x00001f17) auipc   t5, 0x1
core   0: 3 0x80011564 (0x00001f17) x30 0x80012564
core   0: 0x80011568 (0xa83f2e23) sw      gp, -1380(t5)
core   0: 3 0x80011568 (0xa83f2e23) mem 0x80012000 0x00000001
core   0: 0x8001156c (0xff9ff06f) j       pc - 0x8
core   0: 3 0x8001156c (0xff9ff06f)
core   0: 0x80011564 (0x00001f17) auipc   t5, 0x1
core   0: 3 0x80011564 (0x00001f17) x30 0x80012564
core   0: 0x80011568 (0xa83f2e23) sw      gp, -1380(t5)
core   0: 3 0x80011568 (0xa83f2e23) mem 0x80012000 0x00000001
core   0: 0x8001156c (0xff9ff06f) j       pc - 0x8
core   0: 3 0x8001156c (0xff9ff06f)
core   0: 0x80011564 (0x00001f17) auipc   t5, 0x1
core   0: 3 0x80011564 (0x00001f17) x30 0x80012564
core   0: 0x80011568 (0xa83f2e23) sw      gp, -1380(t5)
core   0: 3 0x80011568 (0xa83f2e23) mem 0x80012000 0x00000001
core   0: 0x8001156c (0xff9ff06f) j       pc - 0x8
core   0: 3 0x8001156c (0xff9ff06f)
core   0: 0x80011564 (0x00001f17) auipc   t5, 0x1
core   0: 3 0x80011564 (0x00001f17) x30 0x80012564
core   0: 0x80011568 (0xa83f2e23) sw      gp, -1380(t5)
core   0: 3 0x80011568 (0xa83f2e23) mem 0x80012000 0x00000001
core   0: 0x8001156c (0xff9ff06f) j       pc - 0x8
core   0: 3 0x8001156c (0xff9ff06f)
core   0: 0x80011564 (0x00001f17) auipc   t5, 0x1
core   0: 3 0x80011564 (0x00001f17) x30 0x80012564
core   0: 0x80011568 (0xa83f2e23) sw      gp, -1380(t5)
core   0: 3 0x80011568 (0xa83f2e23) mem 0x80012000 0x00000001
core   0: 0x8001156c (0xff9ff06f) j       pc - 0x8
core   0: 3 0x8001156c (0xff9ff06f)
core   0: 0x80011564 (0x00001f17) auipc   t5, 0x1
core   0: 3 0x80011564 (0x00001f17) x30 0x80012564
core   0: 0x80011568 (0xa83f2e23) sw      gp, -1380(t5)
core   0: 3 0x80011568 (0xa83f2e23) mem 0x80012000 0x00000001
core   0: 0x8001156c (0xff9ff06f) j       pc - 0x8
core   0: 3 0x8001156c (0xff9ff06f)
core   0: 0x80011564 (0x00001f17) auipc   t5, 0x1
core   0: 3 0x80011564 (0x00001f17) x30 0x80012564
core   0: 0x80011568 (0xa83f2e23) sw      gp, -1380(t5)
core   0: 3 0x80011568 (0xa83f2e23) mem 0x80012000 0x00000001
core   0: 0x8001156c (0xff9ff06f) j       pc - 0x8
core   0: 3 0x8001156c (0xff9ff06f)
core   0: 0x80011564 (0x00001f17) auipc   t5, 0x1
core   0: 3 0x80011564 (0x00001f17) x30 0x80012564
core   0: 0x80011568 (0xa83f2e23) sw      gp, -1380(t5)
core   0: 3 0x80011568 (0xa83f2e23) mem 0x80012000 0x00000001
core   0: 0x8001156c (0xff9ff06f) j       pc - 0x8
core   0: 3 0x8001156c (0xff9ff06f)
core   0: 0x80011564 (0x00001f17) auipc   t5, 0x1
core   0: 3 0x80011564 (0x00001f17) x30 0x80012564
core   0: 0x80011568 (0xa83f2e23) sw      gp, -1380(t5)
core   0: 3 0x80011568 (0xa83f2e23) mem 0x80012000 0x00000001
core   0: 0x8001156c (0xff9ff06f) j       pc - 0x8
core   0: 3 0x8001156c (0xff9ff06f)
core   0: 0x80011564 (0x00001f17) auipc   t5, 0x1
core   0: 3 0x80011564 (0x00001f17) x30 0x80012564
core   0: 0x80011568 (0xa83f2e23) sw      gp, -1380(t5)
core   0: 3 0x80011568 (0xa83f2e23) mem 0x80012000 0x00000001
core   0: 0x8001156c (0xff9ff06f) j       pc - 0x8
core   0: 3 0x8001156c (0xff9ff06f)
core   0: 0x80011564 (0x00001f17) auipc   t5, 0x1
core   0: 3 0x80011564 (0x00001f17) x30 0x80012564
core   0: 0x80011568 (0xa83f2e23) sw      gp, -1380(t5)
core   0: 3 0x80011568 (0xa83f2e23) mem 0x80012000 0x00000001
core   0: 0x8001156c (0xff9ff06f) j       pc - 0x8
core   0: 3 0x8001156c (0xff9ff06f)
core   0: 0x80011564 (0x00001f17) auipc   t5, 0x1
core   0: 3 0x80011564 (0x00001f17) x30 0x80012564
core   0: 0x80011568 (0xa83f2e23) sw      gp, -1380(t5)
core   0: 3 0x80011568 (0xa83f2e23) mem 0x80012000 0x00000001
core   0: 0x8001156c (0xff9ff06f) j       pc - 0x8
core   0: 3 0x8001156c (0xff9ff06f)
core   0: 0x80011564 (0x00001f17) auipc   t5, 0x1
core   0: 3 0x80011564 (0x00001f17) x30 0x80012564
core   0: 0x80011568 (0xa83f2e23) sw      gp, -1380(t5)
core   0: 3 0x80011568 (0xa83f2e23) mem 0x80012000 0x00000001
core   0: 0x8001156c (0xff9ff06f) j       pc - 0x8
core   0: 3 0x8001156c (0xff9ff06f)
core   0: 0x80011564 (0x00001f17) auipc   t5, 0x1
core   0: 3 0x80011564 (0x00001f17) x30 0x80012564
core   0: 0x80011568 (0xa83f2e23) sw      gp, -1380(t5)
core   0: 3 0x80011568 (0xa83f2e23) mem 0x80012000 0x00000001
core   0: 0x8001156c (0xff9ff06f) j       pc - 0x8
core   0: 3 0x8001156c (0xff9ff06f)
core   0: 0x80011564 (0x00001f17) auipc   t5, 0x1
core   0: 3 0x80011564 (0x00001f17) x30 0x80012564
core   0: 0x80011568 (0xa83f2e23) sw      gp, -1380(t5)
core   0: 3 0x80011568 (0xa83f2e23) mem 0x80012000 0x00000001
core   0: 0x8001156c (0xff9ff06f) j       pc - 0x8
core   0: 3 0x8001156c (0xff9ff06f)
core   0: 0x80011564 (0x00001f17) auipc   t5, 0x1
core   0: 3 0x80011564 (0x00001f17) x30 0x80012564
core   0: 0x80011568 (0xa83f2e23) sw      gp, -1380(t5)
core   0: 3 0x80011568 (0xa83f2e23) mem 0x80012000 0x00000001
core   0: 0x8001156c (0xff9ff06f) j       pc - 0x8
core   0: 3 0x8001156c (0xff9ff06f)
core   0: 0x80011564 (0x00001f17) auipc   t5, 0x1
core   0: 3 0x80011564 (0x00001f17) x30 0x80012564
core   0: 0x80011568 (0xa83f2e23) sw      gp, -1380(t5)
core   0: 3 0x80011568 (0xa83f2e23) mem 0x80012000 0x00000001
core   0: 0x8001156c (0xff9ff06f) j       pc - 0x8
core   0: 3 0x8001156c (0xff9ff06f)
core   0: 0x80011564 (0x00001f17) auipc   t5, 0x1
core   0: 3 0x80011564 (0x00001f17) x30 0x80012564
core   0: 0x80011568 (0xa83f2e23) sw      gp, -1380(t5)
core   0: 3 0x80011568 (0xa83f2e23) mem 0x80012000 0x00000001
core   0: 0x8001156c (0xff9ff06f) j       pc - 0x8
core   0: 3 0x8001156c (0xff9ff06f)
core   0: 0x80011564 (0x00001f17) auipc   t5, 0x1
core   0: 3 0x80011564 (0x00001f17) x30 0x80012564
core   0: 0x80011568 (0xa83f2e23) sw      gp, -1380(t5)
core   0: 3 0x80011568 (0xa83f2e23) mem 0x80012000 0x00000001
core   0: 0x8001156c (0xff9ff06f) j       pc - 0x8
core   0: 3 0x8001156c (0xff9ff06f)
core   0: 0x80011564 (0x00001f17) auipc   t5, 0x1
core   0: 3 0x80011564 (0x00001f17) x30 0x80012564
core   0: 0x80011568 (0xa83f2e23) sw      gp, -1380(t5)
core   0: 3 0x80011568 (0xa83f2e23) mem 0x80012000 0x00000001
core   0: 0x8001156c (0xff9ff06f) j       pc - 0x8
core   0: 3 0x8001156c (0xff9ff06f)
core   0: 0x80011564 (0x00001f17) auipc   t5, 0x1
core   0: 3 0x80011564 (0x00001f17) x30 0x80012564
core   0: 0x80011568 (0xa83f2e23) sw      gp, -1380(t5)
core   0: 3 0x80011568 (0xa83f2e23) mem 0x80012000 0x00000001
core   0: 0x8001156c (0xff9ff06f) j       pc - 0x8
core   0: 3 0x8001156c (0xff9ff06f)
core   0: 0x80011564 (0x00001f17) auipc   t5, 0x1
core   0: 3 0x80011564 (0x00001f17) x30 0x80012564
core   0: 0x80011568 (0xa83f2e23) sw      gp, -1380(t5)
core   0: 3 0x80011568 (0xa83f2e23) mem 0x80012000 0x00000001
core   0: 0x8001156c (0xff9ff06f) j       pc - 0x8
core   0: 3 0x8001156c (0xff9ff06f)
core   0: 0x80011564 (0x00001f17) auipc   t5, 0x1
core   0: 3 0x80011564 (0x00001f17) x30 0x80012564
core   0: 0x80011568 (0xa83f2e23) sw      gp, -1380(t5)
core   0: 3 0x80011568 (0xa83f2e23) mem 0x80012000 0x00000001
core   0: 0x8001156c (0xff9ff06f) j       pc - 0x8
core   0: 3 0x8001156c (0xff9ff06f)
core   0: 0x80011564 (0x00001f17) auipc   t5, 0x1
core   0: 3 0x80011564 (0x00001f17) x30 0x80012564
core   0: 0x80011568 (0xa83f2e23) sw      gp, -1380(t5)
core   0: 3 0x80011568 (0xa83f2e23) mem 0x80012000 0x00000001
core   0: 0x8001156c (0xff9ff06f) j       pc - 0x8
core   0: 3 0x8001156c (0xff9ff06f)
core   0: 0x80011564 (0x00001f17) auipc   t5, 0x1
core   0: 3 0x80011564 (0x00001f17) x30 0x80012564
core   0: 0x80011568 (0xa83f2e23) sw      gp, -1380(t5)
core   0: 3 0x80011568 (0xa83f2e23) mem 0x80012000 0x00000001
core   0: 0x8001156c (0xff9ff06f) j       pc - 0x8
core   0: 3 0x8001156c (0xff9ff06f)
core   0: 0x80011564 (0x00001f17) auipc   t5, 0x1
core   0: 3 0x80011564 (0x00001f17) x30 0x80012564
core   0: 0x80011568 (0xa83f2e23) sw      gp, -1380(t5)
core   0: 3 0x80011568 (0xa83f2e23) mem 0x80012000 0x00000001
core   0: 0x8001156c (0xff9ff06f) j       pc - 0x8
core   0: 3 0x8001156c (0xff9ff06f)
core   0: 0x80011564 (0x00001f17) auipc   t5, 0x1
core   0: 3 0x80011564 (0x00001f17) x30 0x80012564
core   0: 0x80011568 (0xa83f2e23) sw      gp, -1380(t5)
core   0: 3 0x80011568 (0xa83f2e23) mem 0x80012000 0x00000001
core   0: 0x8001156c (0xff9ff06f) j       pc - 0x8
core   0: 3 0x8001156c (0xff9ff06f)
core   0: 0x80011564 (0x00001f17) auipc   t5, 0x1
core   0: 3 0x80011564 (0x00001f17) x30 0x80012564
core   0: 0x80011568 (0xa83f2e23) sw      gp, -1380(t5)
core   0: 3 0x80011568 (0xa83f2e23) mem 0x80012000 0x00000001
core   0: 0x8001156c (0xff9ff06f) j       pc - 0x8
core   0: 3 0x8001156c (0xff9ff06f)
core   0: 0x80011564 (0x00001f17) auipc   t5, 0x1
core   0: 3 0x80011564 (0x00001f17) x30 0x80012564
core   0: 0x80011568 (0xa83f2e23) sw      gp, -1380(t5)
core   0: 3 0x80011568 (0xa83f2e23) mem 0x80012000 0x00000001
core   0: 0x8001156c (0xff9ff06f) j       pc - 0x8
core   0: 3 0x8001156c (0xff9ff06f)
core   0: 0x80011564 (0x00001f17) auipc   t5, 0x1
core   0: 3 0x80011564 (0x00001f17) x30 0x80012564
core   0: 0x80011568 (0xa83f2e23) sw      gp, -1380(t5)
core   0: 3 0x80011568 (0xa83f2e23) mem 0x80012000 0x00000001
core   0: 0x8001156c (0xff9ff06f) j       pc - 0x8
core   0: 3 0x8001156c (0xff9ff06f)
core   0: 0x80011564 (0x00001f17) auipc   t5, 0x1
core   0: 3 0x80011564 (0x00001f17) x30 0x80012564
core   0: 0x80011568 (0xa83f2e23) sw      gp, -1380(t5)
core   0: 3 0x80011568 (0xa83f2e23) mem 0x80012000 0x00000001
core   0: 0x8001156c (0xff9ff06f) j       pc - 0x8
core   0: 3 0x8001156c (0xff9ff06f)
core   0: 0x80011564 (0x00001f17) auipc   t5, 0x1
core   0: 3 0x80011564 (0x00001f17) x30 0x80012564
core   0: 0x80011568 (0xa83f2e23) sw      gp, -1380(t5)
core   0: 3 0x80011568 (0xa83f2e23) mem 0x80012000 0x00000001
core   0: 0x8001156c (0xff9ff06f) j       pc - 0x8
core   0: 3 0x8001156c (0xff9ff06f)
core   0: 0x80011564 (0x00001f17) auipc   t5, 0x1
core   0: 3 0x80011564 (0x00001f17) x30 0x80012564
core   0: 0x80011568 (0xa83f2e23) sw      gp, -1380(t5)
core   0: 3 0x80011568 (0xa83f2e23) mem 0x80012000 0x00000001
core   0: 0x8001156c (0xff9ff06f) j       pc - 0x8
core   0: 3 0x8001156c (0xff9ff06f)
core   0: 0x80011564 (0x00001f17) auipc   t5, 0x1
core   0: 3 0x80011564 (0x00001f17) x30 0x80012564
core   0: 0x80011568 (0xa83f2e23) sw      gp, -1380(t5)
core   0: 3 0x80011568 (0xa83f2e23) mem 0x80012000 0x00000001
core   0: 0x8001156c (0xff9ff06f) j       pc - 0x8
core   0: 3 0x8001156c (0xff9ff06f)
core   0: 0x80011564 (0x00001f17) auipc   t5, 0x1
core   0: 3 0x80011564 (0x00001f17) x30 0x80012564
core   0: 0x80011568 (0xa83f2e23) sw      gp, -1380(t5)
core   0: 3 0x80011568 (0xa83f2e23) mem 0x80012000 0x00000001
core   0: 0x8001156c (0xff9ff06f) j       pc - 0x8
core   0: 3 0x8001156c (0xff9ff06f)
core   0: 0x80011564 (0x00001f17) auipc   t5, 0x1
core   0: 3 0x80011564 (0x00001f17) x30 0x80012564
core   0: 0x80011568 (0xa83f2e23) sw      gp, -1380(t5)
core   0: 3 0x80011568 (0xa83f2e23) mem 0x80012000 0x00000001
core   0: 0x8001156c (0xff9ff06f) j       pc - 0x8
core   0: 3 0x8001156c (0xff9ff06f)
core   0: 0x80011564 (0x00001f17) auipc   t5, 0x1
core   0: 3 0x80011564 (0x00001f17) x30 0x80012564
core   0: 0x80011568 (0xa83f2e23) sw      gp, -1380(t5)
core   0: 3 0x80011568 (0xa83f2e23) mem 0x80012000 0x00000001
core   0: 0x8001156c (0xff9ff06f) j       pc - 0x8
core   0: 3 0x8001156c (0xff9ff06f)
core   0: 0x80011564 (0x00001f17) auipc   t5, 0x1
core   0: 3 0x80011564 (0x00001f17) x30 0x80012564
core   0: 0x80011568 (0xa83f2e23) sw      gp, -1380(t5)
core   0: 3 0x80011568 (0xa83f2e23) mem 0x80012000 0x00000001
core   0: 0x8001156c (0xff9ff06f) j       pc - 0x8
core   0: 3 0x8001156c (0xff9ff06f)
core   0: 0x80011564 (0x00001f17) auipc   t5, 0x1
core   0: 3 0x80011564 (0x00001f17) x30 0x80012564
core   0: 0x80011568 (0xa83f2e23) sw      gp, -1380(t5)
core   0: 3 0x80011568 (0xa83f2e23) mem 0x80012000 0x00000001
core   0: 0x8001156c (0xff9ff06f) j       pc - 0x8
core   0: 3 0x8001156c (0xff9ff06f)
core   0: 0x80011564 (0x00001f17) auipc   t5, 0x1
core   0: 3 0x80011564 (0x00001f17) x30 0x80012564
core   0: 0x80011568 (0xa83f2e23) sw      gp, -1380(t5)
core   0: 3 0x80011568 (0xa83f2e23) mem 0x80012000 0x00000001
core   0: 0x8001156c (0xff9ff06f) j       pc - 0x8
core   0: 3 0x8001156c (0xff9ff06f)
core   0: 0x80011564 (0x00001f17) auipc   t5, 0x1
core   0: 3 0x80011564 (0x00001f17) x30 0x80012564
core   0: 0x80011568 (0xa83f2e23) sw      gp, -1380(t5)
core   0: 3 0x80011568 (0xa83f2e23) mem 0x80012000 0x00000001
core   0: 0x8001156c (0xff9ff06f) j       pc - 0x8
core   0: 3 0x8001156c (0xff9ff06f)
core   0: 0x80011564 (0x00001f17) auipc   t5, 0x1
core   0: 3 0x80011564 (0x00001f17) x30 0x80012564
core   0: 0x80011568 (0xa83f2e23) sw      gp, -1380(t5)
core   0: 3 0x80011568 (0xa83f2e23) mem 0x80012000 0x00000001
core   0: 0x8001156c (0xff9ff06f) j       pc - 0x8
core   0: 3 0x8001156c (0xff9ff06f)
core   0: 0x80011564 (0x00001f17) auipc   t5, 0x1
core   0: 3 0x80011564 (0x00001f17) x30 0x80012564
core   0: 0x80011568 (0xa83f2e23) sw      gp, -1380(t5)
core   0: 3 0x80011568 (0xa83f2e23) mem 0x80012000 0x00000001
core   0: 0x8001156c (0xff9ff06f) j       pc - 0x8
core   0: 3 0x8001156c (0xff9ff06f)
core   0: 0x80011564 (0x00001f17) auipc   t5, 0x1
core   0: 3 0x80011564 (0x00001f17) x30 0x80012564
core   0: 0x80011568 (0xa83f2e23) sw      gp, -1380(t5)
core   0: 3 0x80011568 (0xa83f2e23) mem 0x80012000 0x00000001
core   0: 0x8001156c (0xff9ff06f) j       pc - 0x8
core   0: 3 0x8001156c (0xff9ff06f)
core   0: 0x80011564 (0x00001f17) auipc   t5, 0x1
core   0: 3 0x80011564 (0x00001f17) x30 0x80012564
core   0: 0x80011568 (0xa83f2e23) sw      gp, -1380(t5)
core   0: 3 0x80011568 (0xa83f2e23) mem 0x80012000 0x00000001
core   0: 0x8001156c (0xff9ff06f) j       pc - 0x8
core   0: 3 0x8001156c (0xff9ff06f)
core   0: 0x80011564 (0x00001f17) auipc   t5, 0x1
core   0: 3 0x80011564 (0x00001f17) x30 0x80012564
core   0: 0x80011568 (0xa83f2e23) sw      gp, -1380(t5)
core   0: 3 0x80011568 (0xa83f2e23) mem 0x80012000 0x00000001
core   0: 0x8001156c (0xff9ff06f) j       pc - 0x8
core   0: 3 0x8001156c (0xff9ff06f)
core   0: 0x80011564 (0x00001f17) auipc   t5, 0x1
core   0: 3 0x80011564 (0x00001f17) x30 0x80012564
core   0: 0x80011568 (0xa83f2e23) sw      gp, -1380(t5)
core   0: 3 0x80011568 (0xa83f2e23) mem 0x80012000 0x00000001
core   0: 0x8001156c (0xff9ff06f) j       pc - 0x8
core   0: 3 0x8001156c (0xff9ff06f)
core   0: 0x80011564 (0x00001f17) auipc   t5, 0x1
core   0: 3 0x80011564 (0x00001f17) x30 0x80012564
core   0: 0x80011568 (0xa83f2e23) sw      gp, -1380(t5)
core   0: 3 0x80011568 (0xa83f2e23) mem 0x80012000 0x00000001
core   0: 0x8001156c (0xff9ff06f) j       pc - 0x8
core   0: 3 0x8001156c (0xff9ff06f)
core   0: 0x80011564 (0x00001f17) auipc   t5, 0x1
core   0: 3 0x80011564 (0x00001f17) x30 0x80012564
core   0: 0x80011568 (0xa83f2e23) sw      gp, -1380(t5)
core   0: 3 0x80011568 (0xa83f2e23) mem 0x80012000 0x00000001
core   0: 0x8001156c (0xff9ff06f) j       pc - 0x8
core   0: 3 0x8001156c (0xff9ff06f)
core   0: 0x80011564 (0x00001f17) auipc   t5, 0x1
core   0: 3 0x80011564 (0x00001f17) x30 0x80012564
core   0: 0x80011568 (0xa83f2e23) sw      gp, -1380(t5)
core   0: 3 0x80011568 (0xa83f2e23) mem 0x80012000 0x00000001
core   0: 0x8001156c (0xff9ff06f) j       pc - 0x8
core   0: 3 0x8001156c (0xff9ff06f)
core   0: 0x80011564 (0x00001f17) auipc   t5, 0x1
core   0: 3 0x80011564 (0x00001f17) x30 0x80012564
core   0: 0x80011568 (0xa83f2e23) sw      gp, -1380(t5)
core   0: 3 0x80011568 (0xa83f2e23) mem 0x80012000 0x00000001
core   0: 0x8001156c (0xff9ff06f) j       pc - 0x8
core   0: 3 0x8001156c (0xff9ff06f)
core   0: 0x80011564 (0x00001f17) auipc   t5, 0x1
core   0: 3 0x80011564 (0x00001f17) x30 0x80012564
core   0: 0x80011568 (0xa83f2e23) sw      gp, -1380(t5)
core   0: 3 0x80011568 (0xa83f2e23) mem 0x80012000 0x00000001
core   0: 0x8001156c (0xff9ff06f) j       pc - 0x8
core   0: 3 0x8001156c (0xff9ff06f)
core   0: 0x80011564 (0x00001f17) auipc   t5, 0x1
core   0: 3 0x80011564 (0x00001f17) x30 0x80012564
core   0: 0x80011568 (0xa83f2e23) sw      gp, -1380(t5)
core   0: 3 0x80011568 (0xa83f2e23) mem 0x80012000 0x00000001
core   0: 0x8001156c (0xff9ff06f) j       pc - 0x8
core   0: 3 0x8001156c (0xff9ff06f)
core   0: 0x80011564 (0x00001f17) auipc   t5, 0x1
core   0: 3 0x80011564 (0x00001f17) x30 0x80012564
core   0: 0x80011568 (0xa83f2e23) sw      gp, -1380(t5)
core   0: 3 0x80011568 (0xa83f2e23) mem 0x80012000 0x00000001
core   0: 0x8001156c (0xff9ff06f) j       pc - 0x8
core   0: 3 0x8001156c (0xff9ff06f)
core   0: 0x80011564 (0x00001f17) auipc   t5, 0x1
core   0: 3 0x80011564 (0x00001f17) x30 0x80012564
core   0: 0x80011568 (0xa83f2e23) sw      gp, -1380(t5)
core   0: 3 0x80011568 (0xa83f2e23) mem 0x80012000 0x00000001
core   0: 0x8001156c (0xff9ff06f) j       pc - 0x8
core   0: 3 0x8001156c (0xff9ff06f)
core   0: 0x80011564 (0x00001f17) auipc   t5, 0x1
core   0: 3 0x80011564 (0x00001f17) x30 0x80012564
core   0: 0x80011568 (0xa83f2e23) sw      gp, -1380(t5)
core   0: 3 0x80011568 (0xa83f2e23) mem 0x80012000 0x00000001
core   0: 0x8001156c (0xff9ff06f) j       pc - 0x8
core   0: 3 0x8001156c (0xff9ff06f)
core   0: 0x80011564 (0x00001f17) auipc   t5, 0x1
core   0: 3 0x80011564 (0x00001f17) x30 0x80012564
core   0: 0x80011568 (0xa83f2e23) sw      gp, -1380(t5)
core   0: 3 0x80011568 (0xa83f2e23) mem 0x80012000 0x00000001
core   0: 0x8001156c (0xff9ff06f) j       pc - 0x8
core   0: 3 0x8001156c (0xff9ff06f)
core   0: 0x80011564 (0x00001f17) auipc   t5, 0x1
core   0: 3 0x80011564 (0x00001f17) x30 0x80012564
core   0: 0x80011568 (0xa83f2e23) sw      gp, -1380(t5)
core   0: 3 0x80011568 (0xa83f2e23) mem 0x80012000 0x00000001
core   0: 0x8001156c (0xff9ff06f) j       pc - 0x8
core   0: 3 0x8001156c (0xff9ff06f)
core   0: 0x80011564 (0x00001f17) auipc   t5, 0x1
core   0: 3 0x80011564 (0x00001f17) x30 0x80012564
core   0: 0x80011568 (0xa83f2e23) sw      gp, -1380(t5)
core   0: 3 0x80011568 (0xa83f2e23) mem 0x80012000 0x00000001
core   0: 0x8001156c (0xff9ff06f) j       pc - 0x8
core   0: 3 0x8001156c (0xff9ff06f)
core   0: 0x80011564 (0x00001f17) auipc   t5, 0x1
core   0: 3 0x80011564 (0x00001f17) x30 0x80012564
core   0: 0x80011568 (0xa83f2e23) sw      gp, -1380(t5)
core   0: 3 0x80011568 (0xa83f2e23) mem 0x80012000 0x00000001
core   0: 0x8001156c (0xff9ff06f) j       pc - 0x8
core   0: 3 0x8001156c (0xff9ff06f)
core   0: 0x80011564 (0x00001f17) auipc   t5, 0x1
core   0: 3 0x80011564 (0x00001f17) x30 0x80012564
core   0: 0x80011568 (0xa83f2e23) sw      gp, -1380(t5)
core   0: 3 0x80011568 (0xa83f2e23) mem 0x80012000 0x00000001
core   0: 0x8001156c (0xff9ff06f) j       pc - 0x8
core   0: 3 0x8001156c (0xff9ff06f)
core   0: 0x80011564 (0x00001f17) auipc   t5, 0x1
core   0: 3 0x80011564 (0x00001f17) x30 0x80012564
core   0: 0x80011568 (0xa83f2e23) sw      gp, -1380(t5)
core   0: 3 0x80011568 (0xa83f2e23) mem 0x80012000 0x00000001
core   0: 0x8001156c (0xff9ff06f) j       pc - 0x8
core   0: 3 0x8001156c (0xff9ff06f)
core   0: 0x80011564 (0x00001f17) auipc   t5, 0x1
core   0: 3 0x80011564 (0x00001f17) x30 0x80012564
core   0: 0x80011568 (0xa83f2e23) sw      gp, -1380(t5)
core   0: 3 0x80011568 (0xa83f2e23) mem 0x80012000 0x00000001
core   0: 0x8001156c (0xff9ff06f) j       pc - 0x8
core   0: 3 0x8001156c (0xff9ff06f)
core   0: 0x80011564 (0x00001f17) auipc   t5, 0x1
core   0: 3 0x80011564 (0x00001f17) x30 0x80012564
core   0: 0x80011568 (0xa83f2e23) sw      gp, -1380(t5)
core   0: 3 0x80011568 (0xa83f2e23) mem 0x80012000 0x00000001
core   0: 0x8001156c (0xff9ff06f) j       pc - 0x8
core   0: 3 0x8001156c (0xff9ff06f)
core   0: 0x80011564 (0x00001f17) auipc   t5, 0x1
core   0: 3 0x80011564 (0x00001f17) x30 0x80012564
core   0: 0x80011568 (0xa83f2e23) sw      gp, -1380(t5)
core   0: 3 0x80011568 (0xa83f2e23) mem 0x80012000 0x00000001
core   0: 0x8001156c (0xff9ff06f) j       pc - 0x8
core   0: 3 0x8001156c (0xff9ff06f)
core   0: 0x80011564 (0x00001f17) auipc   t5, 0x1
core   0: 3 0x80011564 (0x00001f17) x30 0x80012564
core   0: 0x80011568 (0xa83f2e23) sw      gp, -1380(t5)
core   0: 3 0x80011568 (0xa83f2e23) mem 0x80012000 0x00000001
core   0: 0x8001156c (0xff9ff06f) j       pc - 0x8
core   0: 3 0x8001156c (0xff9ff06f)
core   0: 0x80011564 (0x00001f17) auipc   t5, 0x1
core   0: 3 0x80011564 (0x00001f17) x30 0x80012564
core   0: 0x80011568 (0xa83f2e23) sw      gp, -1380(t5)
core   0: 3 0x80011568 (0xa83f2e23) mem 0x80012000 0x00000001
core   0: 0x8001156c (0xff9ff06f) j       pc - 0x8
core   0: 3 0x8001156c (0xff9ff06f)
core   0: 0x80011564 (0x00001f17) auipc   t5, 0x1
core   0: 3 0x80011564 (0x00001f17) x30 0x80012564
core   0: 0x80011568 (0xa83f2e23) sw      gp, -1380(t5)
core   0: 3 0x80011568 (0xa83f2e23) mem 0x80012000 0x00000001
core   0: 0x8001156c (0xff9ff06f) j       pc - 0x8
core   0: 3 0x8001156c (0xff9ff06f)
core   0: 0x80011564 (0x00001f17) auipc   t5, 0x1
core   0: 3 0x80011564 (0x00001f17) x30 0x80012564
core   0: 0x80011568 (0xa83f2e23) sw      gp, -1380(t5)
core   0: 3 0x80011568 (0xa83f2e23) mem 0x80012000 0x00000001
core   0: 0x8001156c (0xff9ff06f) j       pc - 0x8
core   0: 3 0x8001156c (0xff9ff06f)
core   0: 0x80011564 (0x00001f17) auipc   t5, 0x1
core   0: 3 0x80011564 (0x00001f17) x30 0x80012564
core   0: 0x80011568 (0xa83f2e23) sw      gp, -1380(t5)
core   0: 3 0x80011568 (0xa83f2e23) mem 0x80012000 0x00000001
core   0: 0x8001156c (0xff9ff06f) j       pc - 0x8
core   0: 3 0x8001156c (0xff9ff06f)
core   0: 0x80011564 (0x00001f17) auipc   t5, 0x1
core   0: 3 0x80011564 (0x00001f17) x30 0x80012564
core   0: 0x80011568 (0xa83f2e23) sw      gp, -1380(t5)
core   0: 3 0x80011568 (0xa83f2e23) mem 0x80012000 0x00000001
core   0: 0x8001156c (0xff9ff06f) j       pc - 0x8
core   0: 3 0x8001156c (0xff9ff06f)
core   0: 0x80011564 (0x00001f17) auipc   t5, 0x1
core   0: 3 0x80011564 (0x00001f17) x30 0x80012564
core   0: 0x80011568 (0xa83f2e23) sw      gp, -1380(t5)
core   0: 3 0x80011568 (0xa83f2e23) mem 0x80012000 0x00000001
core   0: 0x8001156c (0xff9ff06f) j       pc - 0x8
core   0: 3 0x8001156c (0xff9ff06f)
core   0: 0x80011564 (0x00001f17) auipc   t5, 0x1
core   0: 3 0x80011564 (0x00001f17) x30 0x80012564
core   0: 0x80011568 (0xa83f2e23) sw      gp, -1380(t5)
core   0: 3 0x80011568 (0xa83f2e23) mem 0x80012000 0x00000001
core   0: 0x8001156c (0xff9ff06f) j       pc - 0x8
core   0: 3 0x8001156c (0xff9ff06f)
core   0: 0x80011564 (0x00001f17) auipc   t5, 0x1
core   0: 3 0x80011564 (0x00001f17) x30 0x80012564
core   0: 0x80011568 (0xa83f2e23) sw      gp, -1380(t5)
core   0: 3 0x80011568 (0xa83f2e23) mem 0x80012000 0x00000001
core   0: 0x8001156c (0xff9ff06f) j       pc - 0x8
core   0: 3 0x8001156c (0xff9ff06f)
core   0: 0x80011564 (0x00001f17) auipc   t5, 0x1
core   0: 3 0x80011564 (0x00001f17) x30 0x80012564
core   0: 0x80011568 (0xa83f2e23) sw      gp, -1380(t5)
core   0: 3 0x80011568 (0xa83f2e23) mem 0x80012000 0x00000001
core   0: 0x8001156c (0xff9ff06f) j       pc - 0x8
core   0: 3 0x8001156c (0xff9ff06f)
core   0: 0x80011564 (0x00001f17) auipc   t5, 0x1
core   0: 3 0x80011564 (0x00001f17) x30 0x80012564
core   0: 0x80011568 (0xa83f2e23) sw      gp, -1380(t5)
core   0: 3 0x80011568 (0xa83f2e23) mem 0x80012000 0x00000001
core   0: 0x8001156c (0xff9ff06f) j       pc - 0x8
core   0: 3 0x8001156c (0xff9ff06f)
core   0: 0x80011564 (0x00001f17) auipc   t5, 0x1
core   0: 3 0x80011564 (0x00001f17) x30 0x80012564
core   0: 0x80011568 (0xa83f2e23) sw      gp, -1380(t5)
core   0: 3 0x80011568 (0xa83f2e23) mem 0x80012000 0x00000001
core   0: 0x8001156c (0xff9ff06f) j       pc - 0x8
core   0: 3 0x8001156c (0xff9ff06f)
core   0: 0x80011564 (0x00001f17) auipc   t5, 0x1
core   0: 3 0x80011564 (0x00001f17) x30 0x80012564
core   0: 0x80011568 (0xa83f2e23) sw      gp, -1380(t5)
core   0: 3 0x80011568 (0xa83f2e23) mem 0x80012000 0x00000001
core   0: 0x8001156c (0xff9ff06f) j       pc - 0x8
core   0: 3 0x8001156c (0xff9ff06f)
core   0: 0x80011564 (0x00001f17) auipc   t5, 0x1
core   0: 3 0x80011564 (0x00001f17) x30 0x80012564
core   0: 0x80011568 (0xa83f2e23) sw      gp, -1380(t5)
core   0: 3 0x80011568 (0xa83f2e23) mem 0x80012000 0x00000001
core   0: 0x8001156c (0xff9ff06f) j       pc - 0x8
core   0: 3 0x8001156c (0xff9ff06f)
core   0: 0x80011564 (0x00001f17) auipc   t5, 0x1
core   0: 3 0x80011564 (0x00001f17) x30 0x80012564
core   0: 0x80011568 (0xa83f2e23) sw      gp, -1380(t5)
core   0: 3 0x80011568 (0xa83f2e23) mem 0x80012000 0x00000001
core   0: 0x8001156c (0xff9ff06f) j       pc - 0x8
core   0: 3 0x8001156c (0xff9ff06f)
core   0: 0x80011564 (0x00001f17) auipc   t5, 0x1
core   0: 3 0x80011564 (0x00001f17) x30 0x80012564
core   0: 0x80011568 (0xa83f2e23) sw      gp, -1380(t5)
core   0: 3 0x80011568 (0xa83f2e23) mem 0x80012000 0x00000001
core   0: 0x8001156c (0xff9ff06f) j       pc - 0x8
core   0: 3 0x8001156c (0xff9ff06f)
core   0: 0x80011564 (0x00001f17) auipc   t5, 0x1
core   0: 3 0x80011564 (0x00001f17) x30 0x80012564
core   0: 0x80011568 (0xa83f2e23) sw      gp, -1380(t5)
core   0: 3 0x80011568 (0xa83f2e23) mem 0x80012000 0x00000001
core   0: 0x8001156c (0xff9ff06f) j       pc - 0x8
core   0: 3 0x8001156c (0xff9ff06f)
core   0: 0x80011564 (0x00001f17) auipc   t5, 0x1
core   0: 3 0x80011564 (0x00001f17) x30 0x80012564
core   0: 0x80011568 (0xa83f2e23) sw      gp, -1380(t5)
core   0: 3 0x80011568 (0xa83f2e23) mem 0x80012000 0x00000001
core   0: 0x8001156c (0xff9ff06f) j       pc - 0x8
core   0: 3 0x8001156c (0xff9ff06f)
core   0: 0x80011564 (0x00001f17) auipc   t5, 0x1
core   0: 3 0x80011564 (0x00001f17) x30 0x80012564
core   0: 0x80011568 (0xa83f2e23) sw      gp, -1380(t5)
core   0: 3 0x80011568 (0xa83f2e23) mem 0x80012000 0x00000001
core   0: 0x8001156c (0xff9ff06f) j       pc - 0x8
core   0: 3 0x8001156c (0xff9ff06f)
core   0: 0x80011564 (0x00001f17) auipc   t5, 0x1
core   0: 3 0x80011564 (0x00001f17) x30 0x80012564
core   0: 0x80011568 (0xa83f2e23) sw      gp, -1380(t5)
core   0: 3 0x80011568 (0xa83f2e23) mem 0x80012000 0x00000001
core   0: 0x8001156c (0xff9ff06f) j       pc - 0x8
core   0: 3 0x8001156c (0xff9ff06f)
core   0: 0x80011564 (0x00001f17) auipc   t5, 0x1
core   0: 3 0x80011564 (0x00001f17) x30 0x80012564
core   0: 0x80011568 (0xa83f2e23) sw      gp, -1380(t5)
core   0: 3 0x80011568 (0xa83f2e23) mem 0x80012000 0x00000001
core   0: 0x8001156c (0xff9ff06f) j       pc - 0x8
core   0: 3 0x8001156c (0xff9ff06f)
core   0: 0x80011564 (0x00001f17) auipc   t5, 0x1
core   0: 3 0x80011564 (0x00001f17) x30 0x80012564
core   0: 0x80011568 (0xa83f2e23) sw      gp, -1380(t5)
core   0: 3 0x80011568 (0xa83f2e23) mem 0x80012000 0x00000001
core   0: 0x8001156c (0xff9ff06f) j       pc - 0x8
core   0: 3 0x8001156c (0xff9ff06f)
core   0: 0x80011564 (0x00001f17) auipc   t5, 0x1
core   0: 3 0x80011564 (0x00001f17) x30 0x80012564
core   0: 0x80011568 (0xa83f2e23) sw      gp, -1380(t5)
core   0: 3 0x80011568 (0xa83f2e23) mem 0x80012000 0x00000001
core   0: 0x8001156c (0xff9ff06f) j       pc - 0x8
core   0: 3 0x8001156c (0xff9ff06f)
core   0: 0x80011564 (0x00001f17) auipc   t5, 0x1
core   0: 3 0x80011564 (0x00001f17) x30 0x80012564
core   0: 0x80011568 (0xa83f2e23) sw      gp, -1380(t5)
core   0: 3 0x80011568 (0xa83f2e23) mem 0x80012000 0x00000001
core   0: 0x8001156c (0xff9ff06f) j       pc - 0x8
core   0: 3 0x8001156c (0xff9ff06f)
core   0: 0x80011564 (0x00001f17) auipc   t5, 0x1
core   0: 3 0x80011564 (0x00001f17) x30 0x80012564
core   0: 0x80011568 (0xa83f2e23) sw      gp, -1380(t5)
core   0: 3 0x80011568 (0xa83f2e23) mem 0x80012000 0x00000001
core   0: 0x8001156c (0xff9ff06f) j       pc - 0x8
core   0: 3 0x8001156c (0xff9ff06f)
core   0: 0x80011564 (0x00001f17) auipc   t5, 0x1
core   0: 3 0x80011564 (0x00001f17) x30 0x80012564
core   0: 0x80011568 (0xa83f2e23) sw      gp, -1380(t5)
core   0: 3 0x80011568 (0xa83f2e23) mem 0x80012000 0x00000001
core   0: 0x8001156c (0xff9ff06f) j       pc - 0x8
core   0: 3 0x8001156c (0xff9ff06f)
core   0: 0x80011564 (0x00001f17) auipc   t5, 0x1
core   0: 3 0x80011564 (0x00001f17) x30 0x80012564
core   0: 0x80011568 (0xa83f2e23) sw      gp, -1380(t5)
core   0: 3 0x80011568 (0xa83f2e23) mem 0x80012000 0x00000001
core   0: 0x8001156c (0xff9ff06f) j       pc - 0x8
core   0: 3 0x8001156c (0xff9ff06f)
core   0: 0x80011564 (0x00001f17) auipc   t5, 0x1
core   0: 3 0x80011564 (0x00001f17) x30 0x80012564
core   0: 0x80011568 (0xa83f2e23) sw      gp, -1380(t5)
core   0: 3 0x80011568 (0xa83f2e23) mem 0x80012000 0x00000001
core   0: 0x8001156c (0xff9ff06f) j       pc - 0x8
core   0: 3 0x8001156c (0xff9ff06f)
core   0: 0x80011564 (0x00001f17) auipc   t5, 0x1
core   0: 3 0x80011564 (0x00001f17) x30 0x80012564
core   0: 0x80011568 (0xa83f2e23) sw      gp, -1380(t5)
core   0: 3 0x80011568 (0xa83f2e23) mem 0x80012000 0x00000001
core   0: 0x8001156c (0xff9ff06f) j       pc - 0x8
core   0: 3 0x8001156c (0xff9ff06f)
core   0: 0x80011564 (0x00001f17) auipc   t5, 0x1
core   0: 3 0x80011564 (0x00001f17) x30 0x80012564
core   0: 0x80011568 (0xa83f2e23) sw      gp, -1380(t5)
core   0: 3 0x80011568 (0xa83f2e23) mem 0x80012000 0x00000001
core   0: 0x8001156c (0xff9ff06f) j       pc - 0x8
core   0: 3 0x8001156c (0xff9ff06f)
core   0: 0x80011564 (0x00001f17) auipc   t5, 0x1
core   0: 3 0x80011564 (0x00001f17) x30 0x80012564
core   0: 0x80011568 (0xa83f2e23) sw      gp, -1380(t5)
core   0: 3 0x80011568 (0xa83f2e23) mem 0x80012000 0x00000001
core   0: 0x8001156c (0xff9ff06f) j       pc - 0x8
core   0: 3 0x8001156c (0xff9ff06f)
core   0: 0x80011564 (0x00001f17) auipc   t5, 0x1
core   0: 3 0x80011564 (0x00001f17) x30 0x80012564
core   0: 0x80011568 (0xa83f2e23) sw      gp, -1380(t5)
core   0: 3 0x80011568 (0xa83f2e23) mem 0x80012000 0x00000001
core   0: 0x8001156c (0xff9ff06f) j       pc - 0x8
core   0: 3 0x8001156c (0xff9ff06f)
core   0: 0x80011564 (0x00001f17) auipc   t5, 0x1
core   0: 3 0x80011564 (0x00001f17) x30 0x80012564
core   0: 0x80011568 (0xa83f2e23) sw      gp, -1380(t5)
core   0: 3 0x80011568 (0xa83f2e23) mem 0x80012000 0x00000001
core   0: 0x8001156c (0xff9ff06f) j       pc - 0x8
core   0: 3 0x8001156c (0xff9ff06f)
core   0: 0x80011564 (0x00001f17) auipc   t5, 0x1
core   0: 3 0x80011564 (0x00001f17) x30 0x80012564
core   0: 0x80011568 (0xa83f2e23) sw      gp, -1380(t5)
core   0: 3 0x80011568 (0xa83f2e23) mem 0x80012000 0x00000001
core   0: 0x8001156c (0xff9ff06f) j       pc - 0x8
core   0: 3 0x8001156c (0xff9ff06f)
core   0: 0x80011564 (0x00001f17) auipc   t5, 0x1
core   0: 3 0x80011564 (0x00001f17) x30 0x80012564
core   0: 0x80011568 (0xa83f2e23) sw      gp, -1380(t5)
core   0: 3 0x80011568 (0xa83f2e23) mem 0x80012000 0x00000001
core   0: 0x8001156c (0xff9ff06f) j       pc - 0x8
core   0: 3 0x8001156c (0xff9ff06f)
core   0: 0x80011564 (0x00001f17) auipc   t5, 0x1
core   0: 3 0x80011564 (0x00001f17) x30 0x80012564
core   0: 0x80011568 (0xa83f2e23) sw      gp, -1380(t5)
core   0: 3 0x80011568 (0xa83f2e23) mem 0x80012000 0x00000001
core   0: 0x8001156c (0xff9ff06f) j       pc - 0x8
core   0: 3 0x8001156c (0xff9ff06f)
core   0: 0x80011564 (0x00001f17) auipc   t5, 0x1
core   0: 3 0x80011564 (0x00001f17) x30 0x80012564
core   0: 0x80011568 (0xa83f2e23) sw      gp, -1380(t5)
core   0: 3 0x80011568 (0xa83f2e23) mem 0x80012000 0x00000001
core   0: 0x8001156c (0xff9ff06f) j       pc - 0x8
core   0: 3 0x8001156c (0xff9ff06f)
core   0: 0x80011564 (0x00001f17) auipc   t5, 0x1
core   0: 3 0x80011564 (0x00001f17) x30 0x80012564
core   0: 0x80011568 (0xa83f2e23) sw      gp, -1380(t5)
core   0: 3 0x80011568 (0xa83f2e23) mem 0x80012000 0x00000001
core   0: 0x8001156c (0xff9ff06f) j       pc - 0x8
core   0: 3 0x8001156c (0xff9ff06f)
core   0: 0x80011564 (0x00001f17) auipc   t5, 0x1
core   0: 3 0x80011564 (0x00001f17) x30 0x80012564
core   0: 0x80011568 (0xa83f2e23) sw      gp, -1380(t5)
core   0: 3 0x80011568 (0xa83f2e23) mem 0x80012000 0x00000001
core   0: 0x8001156c (0xff9ff06f) j       pc - 0x8
core   0: 3 0x8001156c (0xff9ff06f)
core   0: 0x80011564 (0x00001f17) auipc   t5, 0x1
core   0: 3 0x80011564 (0x00001f17) x30 0x80012564
core   0: 0x80011568 (0xa83f2e23) sw      gp, -1380(t5)
core   0: 3 0x80011568 (0xa83f2e23) mem 0x80012000 0x00000001
core   0: 0x8001156c (0xff9ff06f) j       pc - 0x8
core   0: 3 0x8001156c (0xff9ff06f)
core   0: 0x80011564 (0x00001f17) auipc   t5, 0x1
core   0: 3 0x80011564 (0x00001f17) x30 0x80012564
core   0: 0x80011568 (0xa83f2e23) sw      gp, -1380(t5)
core   0: 3 0x80011568 (0xa83f2e23) mem 0x80012000 0x00000001
core   0: 0x8001156c (0xff9ff06f) j       pc - 0x8
core   0: 3 0x8001156c (0xff9ff06f)
core   0: 0x80011564 (0x00001f17) auipc   t5, 0x1
core   0: 3 0x80011564 (0x00001f17) x30 0x80012564
core   0: 0x80011568 (0xa83f2e23) sw      gp, -1380(t5)
core   0: 3 0x80011568 (0xa83f2e23) mem 0x80012000 0x00000001
core   0: 0x8001156c (0xff9ff06f) j       pc - 0x8
core   0: 3 0x8001156c (0xff9ff06f)
core   0: 0x80011564 (0x00001f17) auipc   t5, 0x1
core   0: 3 0x80011564 (0x00001f17) x30 0x80012564
core   0: 0x80011568 (0xa83f2e23) sw      gp, -1380(t5)
core   0: 3 0x80011568 (0xa83f2e23) mem 0x80012000 0x00000001
core   0: 0x8001156c (0xff9ff06f) j       pc - 0x8
core   0: 3 0x8001156c (0xff9ff06f)
core   0: 0x80011564 (0x00001f17) auipc   t5, 0x1
core   0: 3 0x80011564 (0x00001f17) x30 0x80012564
core   0: 0x80011568 (0xa83f2e23) sw      gp, -1380(t5)
core   0: 3 0x80011568 (0xa83f2e23) mem 0x80012000 0x00000001
core   0: 0x8001156c (0xff9ff06f) j       pc - 0x8
core   0: 3 0x8001156c (0xff9ff06f)
core   0: 0x80011564 (0x00001f17) auipc   t5, 0x1
core   0: 3 0x80011564 (0x00001f17) x30 0x80012564
core   0: 0x80011568 (0xa83f2e23) sw      gp, -1380(t5)
core   0: 3 0x80011568 (0xa83f2e23) mem 0x80012000 0x00000001
core   0: 0x8001156c (0xff9ff06f) j       pc - 0x8
core   0: 3 0x8001156c (0xff9ff06f)
core   0: 0x80011564 (0x00001f17) auipc   t5, 0x1
core   0: 3 0x80011564 (0x00001f17) x30 0x80012564
core   0: 0x80011568 (0xa83f2e23) sw      gp, -1380(t5)
core   0: 3 0x80011568 (0xa83f2e23) mem 0x80012000 0x00000001
core   0: 0x8001156c (0xff9ff06f) j       pc - 0x8
core   0: 3 0x8001156c (0xff9ff06f)
core   0: 0x80011564 (0x00001f17) auipc   t5, 0x1
core   0: 3 0x80011564 (0x00001f17) x30 0x80012564
core   0: 0x80011568 (0xa83f2e23) sw      gp, -1380(t5)
core   0: 3 0x80011568 (0xa83f2e23) mem 0x80012000 0x00000001
core   0: 0x8001156c (0xff9ff06f) j       pc - 0x8
core   0: 3 0x8001156c (0xff9ff06f)
core   0: 0x80011564 (0x00001f17) auipc   t5, 0x1
core   0: 3 0x80011564 (0x00001f17) x30 0x80012564
core   0: 0x80011568 (0xa83f2e23) sw      gp, -1380(t5)
core   0: 3 0x80011568 (0xa83f2e23) mem 0x80012000 0x00000001
core   0: 0x8001156c (0xff9ff06f) j       pc - 0x8
core   0: 3 0x8001156c (0xff9ff06f)
core   0: 0x80011564 (0x00001f17) auipc   t5, 0x1
core   0: 3 0x80011564 (0x00001f17) x30 0x80012564
core   0: 0x80011568 (0xa83f2e23) sw      gp, -1380(t5)
core   0: 3 0x80011568 (0xa83f2e23) mem 0x80012000 0x00000001
core   0: 0x8001156c (0xff9ff06f) j       pc - 0x8
core   0: 3 0x8001156c (0xff9ff06f)
core   0: 0x80011564 (0x00001f17) auipc   t5, 0x1
core   0: 3 0x80011564 (0x00001f17) x30 0x80012564
core   0: 0x80011568 (0xa83f2e23) sw      gp, -1380(t5)
core   0: 3 0x80011568 (0xa83f2e23) mem 0x80012000 0x00000001
core   0: 0x8001156c (0xff9ff06f) j       pc - 0x8
core   0: 3 0x8001156c (0xff9ff06f)
core   0: 0x80011564 (0x00001f17) auipc   t5, 0x1
core   0: 3 0x80011564 (0x00001f17) x30 0x80012564
core   0: 0x80011568 (0xa83f2e23) sw      gp, -1380(t5)
core   0: 3 0x80011568 (0xa83f2e23) mem 0x80012000 0x00000001
core   0: 0x8001156c (0xff9ff06f) j       pc - 0x8
core   0: 3 0x8001156c (0xff9ff06f)
core   0: 0x80011564 (0x00001f17) auipc   t5, 0x1
core   0: 3 0x80011564 (0x00001f17) x30 0x80012564
core   0: 0x80011568 (0xa83f2e23) sw      gp, -1380(t5)
core   0: 3 0x80011568 (0xa83f2e23) mem 0x80012000 0x00000001
core   0: 0x8001156c (0xff9ff06f) j       pc - 0x8
core   0: 3 0x8001156c (0xff9ff06f)
core   0: 0x80011564 (0x00001f17) auipc   t5, 0x1
core   0: 3 0x80011564 (0x00001f17) x30 0x80012564
core   0: 0x80011568 (0xa83f2e23) sw      gp, -1380(t5)
core   0: 3 0x80011568 (0xa83f2e23) mem 0x80012000 0x00000001
core   0: 0x8001156c (0xff9ff06f) j       pc - 0x8
core   0: 3 0x8001156c (0xff9ff06f)
core   0: 0x80011564 (0x00001f17) auipc   t5, 0x1
core   0: 3 0x80011564 (0x00001f17) x30 0x80012564
core   0: 0x80011568 (0xa83f2e23) sw      gp, -1380(t5)
core   0: 3 0x80011568 (0xa83f2e23) mem 0x80012000 0x00000001
core   0: 0x8001156c (0xff9ff06f) j       pc - 0x8
core   0: 3 0x8001156c (0xff9ff06f)
core   0: 0x80011564 (0x00001f17) auipc   t5, 0x1
core   0: 3 0x80011564 (0x00001f17) x30 0x80012564
core   0: 0x80011568 (0xa83f2e23) sw      gp, -1380(t5)
core   0: 3 0x80011568 (0xa83f2e23) mem 0x80012000 0x00000001
core   0: 0x8001156c (0xff9ff06f) j       pc - 0x8
core   0: 3 0x8001156c (0xff9ff06f)
core   0: 0x80011564 (0x00001f17) auipc   t5, 0x1
core   0: 3 0x80011564 (0x00001f17) x30 0x80012564
core   0: 0x80011568 (0xa83f2e23) sw      gp, -1380(t5)
core   0: 3 0x80011568 (0xa83f2e23) mem 0x80012000 0x00000001
core   0: 0x8001156c (0xff9ff06f) j       pc - 0x8
core   0: 3 0x8001156c (0xff9ff06f)
core   0: 0x80011564 (0x00001f17) auipc   t5, 0x1
core   0: 3 0x80011564 (0x00001f17) x30 0x80012564
core   0: 0x80011568 (0xa83f2e23) sw      gp, -1380(t5)
core   0: 3 0x80011568 (0xa83f2e23) mem 0x80012000 0x00000001
core   0: 0x8001156c (0xff9ff06f) j       pc - 0x8
core   0: 3 0x8001156c (0xff9ff06f)
core   0: 0x80011564 (0x00001f17) auipc   t5, 0x1
core   0: 3 0x80011564 (0x00001f17) x30 0x80012564
core   0: 0x80011568 (0xa83f2e23) sw      gp, -1380(t5)
core   0: 3 0x80011568 (0xa83f2e23) mem 0x80012000 0x00000001
core   0: 0x8001156c (0xff9ff06f) j       pc - 0x8
core   0: 3 0x8001156c (0xff9ff06f)
core   0: 0x80011564 (0x00001f17) auipc   t5, 0x1
core   0: 3 0x80011564 (0x00001f17) x30 0x80012564
core   0: 0x80011568 (0xa83f2e23) sw      gp, -1380(t5)
core   0: 3 0x80011568 (0xa83f2e23) mem 0x80012000 0x00000001
core   0: 0x8001156c (0xff9ff06f) j       pc - 0x8
core   0: 3 0x8001156c (0xff9ff06f)
core   0: 0x80011564 (0x00001f17) auipc   t5, 0x1
core   0: 3 0x80011564 (0x00001f17) x30 0x80012564
core   0: 0x80011568 (0xa83f2e23) sw      gp, -1380(t5)
core   0: 3 0x80011568 (0xa83f2e23) mem 0x80012000 0x00000001
core   0: 0x8001156c (0xff9ff06f) j       pc - 0x8
core   0: 3 0x8001156c (0xff9ff06f)
core   0: 0x80011564 (0x00001f17) auipc   t5, 0x1
core   0: 3 0x80011564 (0x00001f17) x30 0x80012564
core   0: 0x80011568 (0xa83f2e23) sw      gp, -1380(t5)
core   0: 3 0x80011568 (0xa83f2e23) mem 0x80012000 0x00000001
core   0: 0x8001156c (0xff9ff06f) j       pc - 0x8
core   0: 3 0x8001156c (0xff9ff06f)
core   0: 0x80011564 (0x00001f17) auipc   t5, 0x1
core   0: 3 0x80011564 (0x00001f17) x30 0x80012564
core   0: 0x80011568 (0xa83f2e23) sw      gp, -1380(t5)
core   0: 3 0x80011568 (0xa83f2e23) mem 0x80012000 0x00000001
core   0: 0x8001156c (0xff9ff06f) j       pc - 0x8
core   0: 3 0x8001156c (0xff9ff06f)
core   0: 0x80011564 (0x00001f17) auipc   t5, 0x1
core   0: 3 0x80011564 (0x00001f17) x30 0x80012564
core   0: 0x80011568 (0xa83f2e23) sw      gp, -1380(t5)
core   0: 3 0x80011568 (0xa83f2e23) mem 0x80012000 0x00000001
core   0: 0x8001156c (0xff9ff06f) j       pc - 0x8
core   0: 3 0x8001156c (0xff9ff06f)
core   0: 0x80011564 (0x00001f17) auipc   t5, 0x1
core   0: 3 0x80011564 (0x00001f17) x30 0x80012564
core   0: 0x80011568 (0xa83f2e23) sw      gp, -1380(t5)
core   0: 3 0x80011568 (0xa83f2e23) mem 0x80012000 0x00000001
core   0: 0x8001156c (0xff9ff06f) j       pc - 0x8
core   0: 3 0x8001156c (0xff9ff06f)
core   0: 0x80011564 (0x00001f17) auipc   t5, 0x1
core   0: 3 0x80011564 (0x00001f17) x30 0x80012564
core   0: 0x80011568 (0xa83f2e23) sw      gp, -1380(t5)
core   0: 3 0x80011568 (0xa83f2e23) mem 0x80012000 0x00000001
core   0: 0x8001156c (0xff9ff06f) j       pc - 0x8
core   0: 3 0x8001156c (0xff9ff06f)
core   0: 0x80011564 (0x00001f17) auipc   t5, 0x1
core   0: 3 0x80011564 (0x00001f17) x30 0x80012564
core   0: 0x80011568 (0xa83f2e23) sw      gp, -1380(t5)
core   0: 3 0x80011568 (0xa83f2e23) mem 0x80012000 0x00000001
core   0: 0x8001156c (0xff9ff06f) j       pc - 0x8
core   0: 3 0x8001156c (0xff9ff06f)
core   0: 0x80011564 (0x00001f17) auipc   t5, 0x1
core   0: 3 0x80011564 (0x00001f17) x30 0x80012564
core   0: 0x80011568 (0xa83f2e23) sw      gp, -1380(t5)
core   0: 3 0x80011568 (0xa83f2e23) mem 0x80012000 0x00000001
core   0: 0x8001156c (0xff9ff06f) j       pc - 0x8
core   0: 3 0x8001156c (0xff9ff06f)
core   0: 0x80011564 (0x00001f17) auipc   t5, 0x1
core   0: 3 0x80011564 (0x00001f17) x30 0x80012564
core   0: 0x80011568 (0xa83f2e23) sw      gp, -1380(t5)
core   0: 3 0x80011568 (0xa83f2e23) mem 0x80012000 0x00000001
core   0: 0x8001156c (0xff9ff06f) j       pc - 0x8
core   0: 3 0x8001156c (0xff9ff06f)
core   0: 0x80011564 (0x00001f17) auipc   t5, 0x1
core   0: 3 0x80011564 (0x00001f17) x30 0x80012564
core   0: 0x80011568 (0xa83f2e23) sw      gp, -1380(t5)
core   0: 3 0x80011568 (0xa83f2e23) mem 0x80012000 0x00000001
core   0: 0x8001156c (0xff9ff06f) j       pc - 0x8
core   0: 3 0x8001156c (0xff9ff06f)
core   0: 0x80011564 (0x00001f17) auipc   t5, 0x1
core   0: 3 0x80011564 (0x00001f17) x30 0x80012564
core   0: 0x80011568 (0xa83f2e23) sw      gp, -1380(t5)
core   0: 3 0x80011568 (0xa83f2e23) mem 0x80012000 0x00000001
core   0: 0x8001156c (0xff9ff06f) j       pc - 0x8
core   0: 3 0x8001156c (0xff9ff06f)
core   0: 0x80011564 (0x00001f17) auipc   t5, 0x1
core   0: 3 0x80011564 (0x00001f17) x30 0x80012564
core   0: 0x80011568 (0xa83f2e23) sw      gp, -1380(t5)
core   0: 3 0x80011568 (0xa83f2e23) mem 0x80012000 0x00000001
core   0: 0x8001156c (0xff9ff06f) j       pc - 0x8
core   0: 3 0x8001156c (0xff9ff06f)
core   0: 0x80011564 (0x00001f17) auipc   t5, 0x1
core   0: 3 0x80011564 (0x00001f17) x30 0x80012564
core   0: 0x80011568 (0xa83f2e23) sw      gp, -1380(t5)
core   0: 3 0x80011568 (0xa83f2e23) mem 0x80012000 0x00000001
core   0: 0x8001156c (0xff9ff06f) j       pc - 0x8
core   0: 3 0x8001156c (0xff9ff06f)
core   0: 0x80011564 (0x00001f17) auipc   t5, 0x1
core   0: 3 0x80011564 (0x00001f17) x30 0x80012564
core   0: 0x80011568 (0xa83f2e23) sw      gp, -1380(t5)
core   0: 3 0x80011568 (0xa83f2e23) mem 0x80012000 0x00000001
core   0: 0x8001156c (0xff9ff06f) j       pc - 0x8
core   0: 3 0x8001156c (0xff9ff06f)
core   0: 0x80011564 (0x00001f17) auipc   t5, 0x1
core   0: 3 0x80011564 (0x00001f17) x30 0x80012564
core   0: 0x80011568 (0xa83f2e23) sw      gp, -1380(t5)
core   0: 3 0x80011568 (0xa83f2e23) mem 0x80012000 0x00000001
core   0: 0x8001156c (0xff9ff06f) j       pc - 0x8
core   0: 3 0x8001156c (0xff9ff06f)
core   0: 0x80011564 (0x00001f17) auipc   t5, 0x1
core   0: 3 0x80011564 (0x00001f17) x30 0x80012564
core   0: 0x80011568 (0xa83f2e23) sw      gp, -1380(t5)
core   0: 3 0x80011568 (0xa83f2e23) mem 0x80012000 0x00000001
core   0: 0x8001156c (0xff9ff06f) j       pc - 0x8
core   0: 3 0x8001156c (0xff9ff06f)
core   0: 0x80011564 (0x00001f17) auipc   t5, 0x1
core   0: 3 0x80011564 (0x00001f17) x30 0x80012564
core   0: 0x80011568 (0xa83f2e23) sw      gp, -1380(t5)
core   0: 3 0x80011568 (0xa83f2e23) mem 0x80012000 0x00000001
core   0: 0x8001156c (0xff9ff06f) j       pc - 0x8
core   0: 3 0x8001156c (0xff9ff06f)
core   0: 0x80011564 (0x00001f17) auipc   t5, 0x1
core   0: 3 0x80011564 (0x00001f17) x30 0x80012564
core   0: 0x80011568 (0xa83f2e23) sw      gp, -1380(t5)
core   0: 3 0x80011568 (0xa83f2e23) mem 0x80012000 0x00000001
core   0: 0x8001156c (0xff9ff06f) j       pc - 0x8
core   0: 3 0x8001156c (0xff9ff06f)
core   0: 0x80011564 (0x00001f17) auipc   t5, 0x1
core   0: 3 0x80011564 (0x00001f17) x30 0x80012564
core   0: 0x80011568 (0xa83f2e23) sw      gp, -1380(t5)
core   0: 3 0x80011568 (0xa83f2e23) mem 0x80012000 0x00000001
core   0: 0x8001156c (0xff9ff06f) j       pc - 0x8
core   0: 3 0x8001156c (0xff9ff06f)
core   0: 0x80011564 (0x00001f17) auipc   t5, 0x1
core   0: 3 0x80011564 (0x00001f17) x30 0x80012564
core   0: 0x80011568 (0xa83f2e23) sw      gp, -1380(t5)
core   0: 3 0x80011568 (0xa83f2e23) mem 0x80012000 0x00000001
core   0: 0x8001156c (0xff9ff06f) j       pc - 0x8
core   0: 3 0x8001156c (0xff9ff06f)
core   0: 0x80011564 (0x00001f17) auipc   t5, 0x1
core   0: 3 0x80011564 (0x00001f17) x30 0x80012564
core   0: 0x80011568 (0xa83f2e23) sw      gp, -1380(t5)
core   0: 3 0x80011568 (0xa83f2e23) mem 0x80012000 0x00000001
core   0: 0x8001156c (0xff9ff06f) j       pc - 0x8
core   0: 3 0x8001156c (0xff9ff06f)
core   0: 0x80011564 (0x00001f17) auipc   t5, 0x1
core   0: 3 0x80011564 (0x00001f17) x30 0x80012564
core   0: 0x80011568 (0xa83f2e23) sw      gp, -1380(t5)
core   0: 3 0x80011568 (0xa83f2e23) mem 0x80012000 0x00000001
core   0: 0x8001156c (0xff9ff06f) j       pc - 0x8
core   0: 3 0x8001156c (0xff9ff06f)
core   0: 0x80011564 (0x00001f17) auipc   t5, 0x1
core   0: 3 0x80011564 (0x00001f17) x30 0x80012564
core   0: 0x80011568 (0xa83f2e23) sw      gp, -1380(t5)
core   0: 3 0x80011568 (0xa83f2e23) mem 0x80012000 0x00000001
core   0: 0x8001156c (0xff9ff06f) j       pc - 0x8
core   0: 3 0x8001156c (0xff9ff06f)
core   0: 0x80011564 (0x00001f17) auipc   t5, 0x1
core   0: 3 0x80011564 (0x00001f17) x30 0x80012564
core   0: 0x80011568 (0xa83f2e23) sw      gp, -1380(t5)
core   0: 3 0x80011568 (0xa83f2e23) mem 0x80012000 0x00000001
core   0: 0x8001156c (0xff9ff06f) j       pc - 0x8
core   0: 3 0x8001156c (0xff9ff06f)
core   0: 0x80011564 (0x00001f17) auipc   t5, 0x1
core   0: 3 0x80011564 (0x00001f17) x30 0x80012564
core   0: 0x80011568 (0xa83f2e23) sw      gp, -1380(t5)
core   0: 3 0x80011568 (0xa83f2e23) mem 0x80012000 0x00000001
core   0: 0x8001156c (0xff9ff06f) j       pc - 0x8
core   0: 3 0x8001156c (0xff9ff06f)
core   0: 0x80011564 (0x00001f17) auipc   t5, 0x1
core   0: 3 0x80011564 (0x00001f17) x30 0x80012564
core   0: 0x80011568 (0xa83f2e23) sw      gp, -1380(t5)
core   0: 3 0x80011568 (0xa83f2e23) mem 0x80012000 0x00000001
core   0: 0x8001156c (0xff9ff06f) j       pc - 0x8
core   0: 3 0x8001156c (0xff9ff06f)
core   0: 0x80011564 (0x00001f17) auipc   t5, 0x1
core   0: 3 0x80011564 (0x00001f17) x30 0x80012564
core   0: 0x80011568 (0xa83f2e23) sw      gp, -1380(t5)
core   0: 3 0x80011568 (0xa83f2e23) mem 0x80012000 0x00000001
core   0: 0x8001156c (0xff9ff06f) j       pc - 0x8
core   0: 3 0x8001156c (0xff9ff06f)
core   0: 0x80011564 (0x00001f17) auipc   t5, 0x1
core   0: 3 0x80011564 (0x00001f17) x30 0x80012564
core   0: 0x80011568 (0xa83f2e23) sw      gp, -1380(t5)
core   0: 3 0x80011568 (0xa83f2e23) mem 0x80012000 0x00000001
core   0: 0x8001156c (0xff9ff06f) j       pc - 0x8
core   0: 3 0x8001156c (0xff9ff06f)
core   0: 0x80011564 (0x00001f17) auipc   t5, 0x1
core   0: 3 0x80011564 (0x00001f17) x30 0x80012564
core   0: 0x80011568 (0xa83f2e23) sw      gp, -1380(t5)
core   0: 3 0x80011568 (0xa83f2e23) mem 0x80012000 0x00000001
core   0: 0x8001156c (0xff9ff06f) j       pc - 0x8
core   0: 3 0x8001156c (0xff9ff06f)
core   0: 0x80011564 (0x00001f17) auipc   t5, 0x1
core   0: 3 0x80011564 (0x00001f17) x30 0x80012564
core   0: 0x80011568 (0xa83f2e23) sw      gp, -1380(t5)
core   0: 3 0x80011568 (0xa83f2e23) mem 0x80012000 0x00000001
core   0: 0x8001156c (0xff9ff06f) j       pc - 0x8
core   0: 3 0x8001156c (0xff9ff06f)
core   0: 0x80011564 (0x00001f17) auipc   t5, 0x1
core   0: 3 0x80011564 (0x00001f17) x30 0x80012564
core   0: 0x80011568 (0xa83f2e23) sw      gp, -1380(t5)
core   0: 3 0x80011568 (0xa83f2e23) mem 0x80012000 0x00000001
core   0: 0x8001156c (0xff9ff06f) j       pc - 0x8
core   0: 3 0x8001156c (0xff9ff06f)
core   0: 0x80011564 (0x00001f17) auipc   t5, 0x1
core   0: 3 0x80011564 (0x00001f17) x30 0x80012564
core   0: 0x80011568 (0xa83f2e23) sw      gp, -1380(t5)
core   0: 3 0x80011568 (0xa83f2e23) mem 0x80012000 0x00000001
core   0: 0x8001156c (0xff9ff06f) j       pc - 0x8
core   0: 3 0x8001156c (0xff9ff06f)
core   0: 0x80011564 (0x00001f17) auipc   t5, 0x1
core   0: 3 0x80011564 (0x00001f17) x30 0x80012564
core   0: 0x80011568 (0xa83f2e23) sw      gp, -1380(t5)
core   0: 3 0x80011568 (0xa83f2e23) mem 0x80012000 0x00000001
core   0: 0x8001156c (0xff9ff06f) j       pc - 0x8
core   0: 3 0x8001156c (0xff9ff06f)
core   0: 0x80011564 (0x00001f17) auipc   t5, 0x1
core   0: 3 0x80011564 (0x00001f17) x30 0x80012564
core   0: 0x80011568 (0xa83f2e23) sw      gp, -1380(t5)
core   0: 3 0x80011568 (0xa83f2e23) mem 0x80012000 0x00000001
core   0: 0x8001156c (0xff9ff06f) j       pc - 0x8
core   0: 3 0x8001156c (0xff9ff06f)
core   0: 0x80011564 (0x00001f17) auipc   t5, 0x1
core   0: 3 0x80011564 (0x00001f17) x30 0x80012564
core   0: 0x80011568 (0xa83f2e23) sw      gp, -1380(t5)
core   0: 3 0x80011568 (0xa83f2e23) mem 0x80012000 0x00000001
core   0: 0x8001156c (0xff9ff06f) j       pc - 0x8
core   0: 3 0x8001156c (0xff9ff06f)
core   0: 0x80011564 (0x00001f17) auipc   t5, 0x1
core   0: 3 0x80011564 (0x00001f17) x30 0x80012564
core   0: 0x80011568 (0xa83f2e23) sw      gp, -1380(t5)
core   0: 3 0x80011568 (0xa83f2e23) mem 0x80012000 0x00000001
core   0: 0x8001156c (0xff9ff06f) j       pc - 0x8
core   0: 3 0x8001156c (0xff9ff06f)
core   0: 0x80011564 (0x00001f17) auipc   t5, 0x1
core   0: 3 0x80011564 (0x00001f17) x30 0x80012564
core   0: 0x80011568 (0xa83f2e23) sw      gp, -1380(t5)
core   0: 3 0x80011568 (0xa83f2e23) mem 0x80012000 0x00000001
core   0: 0x8001156c (0xff9ff06f) j       pc - 0x8
core   0: 3 0x8001156c (0xff9ff06f)
core   0: 0x80011564 (0x00001f17) auipc   t5, 0x1
core   0: 3 0x80011564 (0x00001f17) x30 0x80012564
core   0: 0x80011568 (0xa83f2e23) sw      gp, -1380(t5)
core   0: 3 0x80011568 (0xa83f2e23) mem 0x80012000 0x00000001
core   0: 0x8001156c (0xff9ff06f) j       pc - 0x8
core   0: 3 0x8001156c (0xff9ff06f)
core   0: 0x80011564 (0x00001f17) auipc   t5, 0x1
core   0: 3 0x80011564 (0x00001f17) x30 0x80012564
core   0: 0x80011568 (0xa83f2e23) sw      gp, -1380(t5)
core   0: 3 0x80011568 (0xa83f2e23) mem 0x80012000 0x00000001
core   0: 0x8001156c (0xff9ff06f) j       pc - 0x8
core   0: 3 0x8001156c (0xff9ff06f)
core   0: 0x80011564 (0x00001f17) auipc   t5, 0x1
core   0: 3 0x80011564 (0x00001f17) x30 0x80012564
core   0: 0x80011568 (0xa83f2e23) sw      gp, -1380(t5)
core   0: 3 0x80011568 (0xa83f2e23) mem 0x80012000 0x00000001
core   0: 0x8001156c (0xff9ff06f) j       pc - 0x8
core   0: 3 0x8001156c (0xff9ff06f)
core   0: 0x80011564 (0x00001f17) auipc   t5, 0x1
core   0: 3 0x80011564 (0x00001f17) x30 0x80012564
core   0: 0x80011568 (0xa83f2e23) sw      gp, -1380(t5)
core   0: 3 0x80011568 (0xa83f2e23) mem 0x80012000 0x00000001
core   0: 0x8001156c (0xff9ff06f) j       pc - 0x8
core   0: 3 0x8001156c (0xff9ff06f)
core   0: 0x80011564 (0x00001f17) auipc   t5, 0x1
core   0: 3 0x80011564 (0x00001f17) x30 0x80012564
core   0: 0x80011568 (0xa83f2e23) sw      gp, -1380(t5)
core   0: 3 0x80011568 (0xa83f2e23) mem 0x80012000 0x00000001
core   0: 0x8001156c (0xff9ff06f) j       pc - 0x8
core   0: 3 0x8001156c (0xff9ff06f)
core   0: 0x80011564 (0x00001f17) auipc   t5, 0x1
core   0: 3 0x80011564 (0x00001f17) x30 0x80012564
core   0: 0x80011568 (0xa83f2e23) sw      gp, -1380(t5)
core   0: 3 0x80011568 (0xa83f2e23) mem 0x80012000 0x00000001
core   0: 0x8001156c (0xff9ff06f) j       pc - 0x8
core   0: 3 0x8001156c (0xff9ff06f)
core   0: 0x80011564 (0x00001f17) auipc   t5, 0x1
core   0: 3 0x80011564 (0x00001f17) x30 0x80012564
core   0: 0x80011568 (0xa83f2e23) sw      gp, -1380(t5)
core   0: 3 0x80011568 (0xa83f2e23) mem 0x80012000 0x00000001
core   0: 0x8001156c (0xff9ff06f) j       pc - 0x8
core   0: 3 0x8001156c (0xff9ff06f)
core   0: 0x80011564 (0x00001f17) auipc   t5, 0x1
core   0: 3 0x80011564 (0x00001f17) x30 0x80012564
core   0: 0x80011568 (0xa83f2e23) sw      gp, -1380(t5)
core   0: 3 0x80011568 (0xa83f2e23) mem 0x80012000 0x00000001
core   0: 0x8001156c (0xff9ff06f) j       pc - 0x8
core   0: 3 0x8001156c (0xff9ff06f)
core   0: 0x80011564 (0x00001f17) auipc   t5, 0x1
core   0: 3 0x80011564 (0x00001f17) x30 0x80012564
core   0: 0x80011568 (0xa83f2e23) sw      gp, -1380(t5)
core   0: 3 0x80011568 (0xa83f2e23) mem 0x80012000 0x00000001
core   0: 0x8001156c (0xff9ff06f) j       pc - 0x8
core   0: 3 0x8001156c (0xff9ff06f)
core   0: 0x80011564 (0x00001f17) auipc   t5, 0x1
core   0: 3 0x80011564 (0x00001f17) x30 0x80012564
core   0: 0x80011568 (0xa83f2e23) sw      gp, -1380(t5)
core   0: 3 0x80011568 (0xa83f2e23) mem 0x80012000 0x00000001
core   0: 0x8001156c (0xff9ff06f) j       pc - 0x8
core   0: 3 0x8001156c (0xff9ff06f)
core   0: 0x80011564 (0x00001f17) auipc   t5, 0x1
core   0: 3 0x80011564 (0x00001f17) x30 0x80012564
core   0: 0x80011568 (0xa83f2e23) sw      gp, -1380(t5)
core   0: 3 0x80011568 (0xa83f2e23) mem 0x80012000 0x00000001
core   0: 0x8001156c (0xff9ff06f) j       pc - 0x8
core   0: 3 0x8001156c (0xff9ff06f)
core   0: 0x80011564 (0x00001f17) auipc   t5, 0x1
core   0: 3 0x80011564 (0x00001f17) x30 0x80012564
core   0: 0x80011568 (0xa83f2e23) sw      gp, -1380(t5)
core   0: 3 0x80011568 (0xa83f2e23) mem 0x80012000 0x00000001
core   0: 0x8001156c (0xff9ff06f) j       pc - 0x8
core   0: 3 0x8001156c (0xff9ff06f)
core   0: 0x80011564 (0x00001f17) auipc   t5, 0x1
core   0: 3 0x80011564 (0x00001f17) x30 0x80012564
core   0: 0x80011568 (0xa83f2e23) sw      gp, -1380(t5)
core   0: 3 0x80011568 (0xa83f2e23) mem 0x80012000 0x00000001
core   0: 0x8001156c (0xff9ff06f) j       pc - 0x8
core   0: 3 0x8001156c (0xff9ff06f)
core   0: 0x80011564 (0x00001f17) auipc   t5, 0x1
core   0: 3 0x80011564 (0x00001f17) x30 0x80012564
core   0: 0x80011568 (0xa83f2e23) sw      gp, -1380(t5)
core   0: 3 0x80011568 (0xa83f2e23) mem 0x80012000 0x00000001
core   0: 0x8001156c (0xff9ff06f) j       pc - 0x8
core   0: 3 0x8001156c (0xff9ff06f)
core   0: 0x80011564 (0x00001f17) auipc   t5, 0x1
core   0: 3 0x80011564 (0x00001f17) x30 0x80012564
core   0: 0x80011568 (0xa83f2e23) sw      gp, -1380(t5)
core   0: 3 0x80011568 (0xa83f2e23) mem 0x80012000 0x00000001
core   0: 0x8001156c (0xff9ff06f) j       pc - 0x8
core   0: 3 0x8001156c (0xff9ff06f)
core   0: 0x80011564 (0x00001f17) auipc   t5, 0x1
core   0: 3 0x80011564 (0x00001f17) x30 0x80012564
core   0: 0x80011568 (0xa83f2e23) sw      gp, -1380(t5)
core   0: 3 0x80011568 (0xa83f2e23) mem 0x80012000 0x00000001
core   0: 0x8001156c (0xff9ff06f) j       pc - 0x8
core   0: 3 0x8001156c (0xff9ff06f)
core   0: 0x80011564 (0x00001f17) auipc   t5, 0x1
core   0: 3 0x80011564 (0x00001f17) x30 0x80012564
core   0: 0x80011568 (0xa83f2e23) sw      gp, -1380(t5)
core   0: 3 0x80011568 (0xa83f2e23) mem 0x80012000 0x00000001
core   0: 0x8001156c (0xff9ff06f) j       pc - 0x8
core   0: 3 0x8001156c (0xff9ff06f)
core   0: 0x80011564 (0x00001f17) auipc   t5, 0x1
core   0: 3 0x80011564 (0x00001f17) x30 0x80012564
core   0: 0x80011568 (0xa83f2e23) sw      gp, -1380(t5)
core   0: 3 0x80011568 (0xa83f2e23) mem 0x80012000 0x00000001
core   0: 0x8001156c (0xff9ff06f) j       pc - 0x8
core   0: 3 0x8001156c (0xff9ff06f)
core   0: 0x80011564 (0x00001f17) auipc   t5, 0x1
core   0: 3 0x80011564 (0x00001f17) x30 0x80012564
core   0: 0x80011568 (0xa83f2e23) sw      gp, -1380(t5)
core   0: 3 0x80011568 (0xa83f2e23) mem 0x80012000 0x00000001
core   0: 0x8001156c (0xff9ff06f) j       pc - 0x8
core   0: 3 0x8001156c (0xff9ff06f)
core   0: 0x80011564 (0x00001f17) auipc   t5, 0x1
core   0: 3 0x80011564 (0x00001f17) x30 0x80012564
core   0: 0x80011568 (0xa83f2e23) sw      gp, -1380(t5)
core   0: 3 0x80011568 (0xa83f2e23) mem 0x80012000 0x00000001
core   0: 0x8001156c (0xff9ff06f) j       pc - 0x8
core   0: 3 0x8001156c (0xff9ff06f)
core   0: 0x80011564 (0x00001f17) auipc   t5, 0x1
core   0: 3 0x80011564 (0x00001f17) x30 0x80012564
core   0: 0x80011568 (0xa83f2e23) sw      gp, -1380(t5)
core   0: 3 0x80011568 (0xa83f2e23) mem 0x80012000 0x00000001
core   0: 0x8001156c (0xff9ff06f) j       pc - 0x8
core   0: 3 0x8001156c (0xff9ff06f)
core   0: 0x80011564 (0x00001f17) auipc   t5, 0x1
core   0: 3 0x80011564 (0x00001f17) x30 0x80012564
core   0: 0x80011568 (0xa83f2e23) sw      gp, -1380(t5)
core   0: 3 0x80011568 (0xa83f2e23) mem 0x80012000 0x00000001
core   0: 0x8001156c (0xff9ff06f) j       pc - 0x8
core   0: 3 0x8001156c (0xff9ff06f)
core   0: 0x80011564 (0x00001f17) auipc   t5, 0x1
core   0: 3 0x80011564 (0x00001f17) x30 0x80012564
core   0: 0x80011568 (0xa83f2e23) sw      gp, -1380(t5)
core   0: 3 0x80011568 (0xa83f2e23) mem 0x80012000 0x00000001
core   0: 0x8001156c (0xff9ff06f) j       pc - 0x8
core   0: 3 0x8001156c (0xff9ff06f)
core   0: 0x80011564 (0x00001f17) auipc   t5, 0x1
core   0: 3 0x80011564 (0x00001f17) x30 0x80012564
core   0: 0x80011568 (0xa83f2e23) sw      gp, -1380(t5)
core   0: 3 0x80011568 (0xa83f2e23) mem 0x80012000 0x00000001
core   0: 0x8001156c (0xff9ff06f) j       pc - 0x8
core   0: 3 0x8001156c (0xff9ff06f)
core   0: 0x80011564 (0x00001f17) auipc   t5, 0x1
core   0: 3 0x80011564 (0x00001f17) x30 0x80012564
core   0: 0x80011568 (0xa83f2e23) sw      gp, -1380(t5)
core   0: 3 0x80011568 (0xa83f2e23) mem 0x80012000 0x00000001
core   0: 0x8001156c (0xff9ff06f) j       pc - 0x8
core   0: 3 0x8001156c (0xff9ff06f)
core   0: 0x80011564 (0x00001f17) auipc   t5, 0x1
core   0: 3 0x80011564 (0x00001f17) x30 0x80012564
core   0: 0x80011568 (0xa83f2e23) sw      gp, -1380(t5)
core   0: 3 0x80011568 (0xa83f2e23) mem 0x80012000 0x00000001
core   0: 0x8001156c (0xff9ff06f) j       pc - 0x8
core   0: 3 0x8001156c (0xff9ff06f)
core   0: 0x80011564 (0x00001f17) auipc   t5, 0x1
core   0: 3 0x80011564 (0x00001f17) x30 0x80012564
core   0: 0x80011568 (0xa83f2e23) sw      gp, -1380(t5)
core   0: 3 0x80011568 (0xa83f2e23) mem 0x80012000 0x00000001
core   0: 0x8001156c (0xff9ff06f) j       pc - 0x8
core   0: 3 0x8001156c (0xff9ff06f)
core   0: 0x80011564 (0x00001f17) auipc   t5, 0x1
core   0: 3 0x80011564 (0x00001f17) x30 0x80012564
core   0: 0x80011568 (0xa83f2e23) sw      gp, -1380(t5)
core   0: 3 0x80011568 (0xa83f2e23) mem 0x80012000 0x00000001
core   0: 0x8001156c (0xff9ff06f) j       pc - 0x8
core   0: 3 0x8001156c (0xff9ff06f)
core   0: 0x80011564 (0x00001f17) auipc   t5, 0x1
core   0: 3 0x80011564 (0x00001f17) x30 0x80012564
core   0: 0x80011568 (0xa83f2e23) sw      gp, -1380(t5)
core   0: 3 0x80011568 (0xa83f2e23) mem 0x80012000 0x00000001
core   0: 0x8001156c (0xff9ff06f) j       pc - 0x8
core   0: 3 0x8001156c (0xff9ff06f)
core   0: 0x80011564 (0x00001f17) auipc   t5, 0x1
core   0: 3 0x80011564 (0x00001f17) x30 0x80012564
core   0: 0x80011568 (0xa83f2e23) sw      gp, -1380(t5)
core   0: 3 0x80011568 (0xa83f2e23) mem 0x80012000 0x00000001
core   0: 0x8001156c (0xff9ff06f) j       pc - 0x8
core   0: 3 0x8001156c (0xff9ff06f)
core   0: 0x80011564 (0x00001f17) auipc   t5, 0x1
core   0: 3 0x80011564 (0x00001f17) x30 0x80012564
core   0: 0x80011568 (0xa83f2e23) sw      gp, -1380(t5)
core   0: 3 0x80011568 (0xa83f2e23) mem 0x80012000 0x00000001
core   0: 0x8001156c (0xff9ff06f) j       pc - 0x8
core   0: 3 0x8001156c (0xff9ff06f)
core   0: 0x80011564 (0x00001f17) auipc   t5, 0x1
core   0: 3 0x80011564 (0x00001f17) x30 0x80012564
core   0: 0x80011568 (0xa83f2e23) sw      gp, -1380(t5)
core   0: 3 0x80011568 (0xa83f2e23) mem 0x80012000 0x00000001
core   0: 0x8001156c (0xff9ff06f) j       pc - 0x8
core   0: 3 0x8001156c (0xff9ff06f)
core   0: 0x80011564 (0x00001f17) auipc   t5, 0x1
core   0: 3 0x80011564 (0x00001f17) x30 0x80012564
core   0: 0x80011568 (0xa83f2e23) sw      gp, -1380(t5)
core   0: 3 0x80011568 (0xa83f2e23) mem 0x80012000 0x00000001
core   0: 0x8001156c (0xff9ff06f) j       pc - 0x8
core   0: 3 0x8001156c (0xff9ff06f)
core   0: 0x80011564 (0x00001f17) auipc   t5, 0x1
core   0: 3 0x80011564 (0x00001f17) x30 0x80012564
core   0: 0x80011568 (0xa83f2e23) sw      gp, -1380(t5)
core   0: 3 0x80011568 (0xa83f2e23) mem 0x80012000 0x00000001
core   0: 0x8001156c (0xff9ff06f) j       pc - 0x8
core   0: 3 0x8001156c (0xff9ff06f)
core   0: 0x80011564 (0x00001f17) auipc   t5, 0x1
core   0: 3 0x80011564 (0x00001f17) x30 0x80012564
core   0: 0x80011568 (0xa83f2e23) sw      gp, -1380(t5)
core   0: 3 0x80011568 (0xa83f2e23) mem 0x80012000 0x00000001
core   0: 0x8001156c (0xff9ff06f) j       pc - 0x8
core   0: 3 0x8001156c (0xff9ff06f)
core   0: 0x80011564 (0x00001f17) auipc   t5, 0x1
core   0: 3 0x80011564 (0x00001f17) x30 0x80012564
core   0: 0x80011568 (0xa83f2e23) sw      gp, -1380(t5)
core   0: 3 0x80011568 (0xa83f2e23) mem 0x80012000 0x00000001
core   0: 0x8001156c (0xff9ff06f) j       pc - 0x8
core   0: 3 0x8001156c (0xff9ff06f)
core   0: 0x80011564 (0x00001f17) auipc   t5, 0x1
core   0: 3 0x80011564 (0x00001f17) x30 0x80012564
core   0: 0x80011568 (0xa83f2e23) sw      gp, -1380(t5)
core   0: 3 0x80011568 (0xa83f2e23) mem 0x80012000 0x00000001
core   0: 0x8001156c (0xff9ff06f) j       pc - 0x8
core   0: 3 0x8001156c (0xff9ff06f)
core   0: 0x80011564 (0x00001f17) auipc   t5, 0x1
core   0: 3 0x80011564 (0x00001f17) x30 0x80012564
core   0: 0x80011568 (0xa83f2e23) sw      gp, -1380(t5)
core   0: 3 0x80011568 (0xa83f2e23) mem 0x80012000 0x00000001
core   0: 0x8001156c (0xff9ff06f) j       pc - 0x8
core   0: 3 0x8001156c (0xff9ff06f)
core   0: 0x80011564 (0x00001f17) auipc   t5, 0x1
core   0: 3 0x80011564 (0x00001f17) x30 0x80012564
core   0: 0x80011568 (0xa83f2e23) sw      gp, -1380(t5)
core   0: 3 0x80011568 (0xa83f2e23) mem 0x80012000 0x00000001
core   0: 0x8001156c (0xff9ff06f) j       pc - 0x8
core   0: 3 0x8001156c (0xff9ff06f)
core   0: 0x80011564 (0x00001f17) auipc   t5, 0x1
core   0: 3 0x80011564 (0x00001f17) x30 0x80012564
core   0: 0x80011568 (0xa83f2e23) sw      gp, -1380(t5)
core   0: 3 0x80011568 (0xa83f2e23) mem 0x80012000 0x00000001
core   0: 0x8001156c (0xff9ff06f) j       pc - 0x8
core   0: 3 0x8001156c (0xff9ff06f)
core   0: 0x80011564 (0x00001f17) auipc   t5, 0x1
core   0: 3 0x80011564 (0x00001f17) x30 0x80012564
core   0: 0x80011568 (0xa83f2e23) sw      gp, -1380(t5)
core   0: 3 0x80011568 (0xa83f2e23) mem 0x80012000 0x00000001
core   0: 0x8001156c (0xff9ff06f) j       pc - 0x8
core   0: 3 0x8001156c (0xff9ff06f)
core   0: 0x80011564 (0x00001f17) auipc   t5, 0x1
core   0: 3 0x80011564 (0x00001f17) x30 0x80012564
core   0: 0x80011568 (0xa83f2e23) sw      gp, -1380(t5)
core   0: 3 0x80011568 (0xa83f2e23) mem 0x80012000 0x00000001
core   0: 0x8001156c (0xff9ff06f) j       pc - 0x8
core   0: 3 0x8001156c (0xff9ff06f)
core   0: 0x80011564 (0x00001f17) auipc   t5, 0x1
core   0: 3 0x80011564 (0x00001f17) x30 0x80012564
core   0: 0x80011568 (0xa83f2e23) sw      gp, -1380(t5)
core   0: 3 0x80011568 (0xa83f2e23) mem 0x80012000 0x00000001
core   0: 0x8001156c (0xff9ff06f) j       pc - 0x8
core   0: 3 0x8001156c (0xff9ff06f)
core   0: 0x80011564 (0x00001f17) auipc   t5, 0x1
core   0: 3 0x80011564 (0x00001f17) x30 0x80012564
core   0: 0x80011568 (0xa83f2e23) sw      gp, -1380(t5)
core   0: 3 0x80011568 (0xa83f2e23) mem 0x80012000 0x00000001
core   0: 0x8001156c (0xff9ff06f) j       pc - 0x8
core   0: 3 0x8001156c (0xff9ff06f)
core   0: 0x80011564 (0x00001f17) auipc   t5, 0x1
core   0: 3 0x80011564 (0x00001f17) x30 0x80012564
core   0: 0x80011568 (0xa83f2e23) sw      gp, -1380(t5)
core   0: 3 0x80011568 (0xa83f2e23) mem 0x80012000 0x00000001
core   0: 0x8001156c (0xff9ff06f) j       pc - 0x8
core   0: 3 0x8001156c (0xff9ff06f)
core   0: 0x80011564 (0x00001f17) auipc   t5, 0x1
core   0: 3 0x80011564 (0x00001f17) x30 0x80012564
core   0: 0x80011568 (0xa83f2e23) sw      gp, -1380(t5)
core   0: 3 0x80011568 (0xa83f2e23) mem 0x80012000 0x00000001
core   0: 0x8001156c (0xff9ff06f) j       pc - 0x8
core   0: 3 0x8001156c (0xff9ff06f)
core   0: 0x80011564 (0x00001f17) auipc   t5, 0x1
core   0: 3 0x80011564 (0x00001f17) x30 0x80012564
core   0: 0x80011568 (0xa83f2e23) sw      gp, -1380(t5)
core   0: 3 0x80011568 (0xa83f2e23) mem 0x80012000 0x00000001
core   0: 0x8001156c (0xff9ff06f) j       pc - 0x8
core   0: 3 0x8001156c (0xff9ff06f)
core   0: 0x80011564 (0x00001f17) auipc   t5, 0x1
core   0: 3 0x80011564 (0x00001f17) x30 0x80012564
core   0: 0x80011568 (0xa83f2e23) sw      gp, -1380(t5)
core   0: 3 0x80011568 (0xa83f2e23) mem 0x80012000 0x00000001
core   0: 0x8001156c (0xff9ff06f) j       pc - 0x8
core   0: 3 0x8001156c (0xff9ff06f)
core   0: 0x80011564 (0x00001f17) auipc   t5, 0x1
core   0: 3 0x80011564 (0x00001f17) x30 0x80012564
core   0: 0x80011568 (0xa83f2e23) sw      gp, -1380(t5)
core   0: 3 0x80011568 (0xa83f2e23) mem 0x80012000 0x00000001
core   0: 0x8001156c (0xff9ff06f) j       pc - 0x8
core   0: 3 0x8001156c (0xff9ff06f)
core   0: 0x80011564 (0x00001f17) auipc   t5, 0x1
core   0: 3 0x80011564 (0x00001f17) x30 0x80012564
core   0: 0x80011568 (0xa83f2e23) sw      gp, -1380(t5)
core   0: 3 0x80011568 (0xa83f2e23) mem 0x80012000 0x00000001
core   0: 0x8001156c (0xff9ff06f) j       pc - 0x8
core   0: 3 0x8001156c (0xff9ff06f)
core   0: 0x80011564 (0x00001f17) auipc   t5, 0x1
core   0: 3 0x80011564 (0x00001f17) x30 0x80012564
core   0: 0x80011568 (0xa83f2e23) sw      gp, -1380(t5)
core   0: 3 0x80011568 (0xa83f2e23) mem 0x80012000 0x00000001
core   0: 0x8001156c (0xff9ff06f) j       pc - 0x8
core   0: 3 0x8001156c (0xff9ff06f)
core   0: 0x80011564 (0x00001f17) auipc   t5, 0x1
core   0: 3 0x80011564 (0x00001f17) x30 0x80012564
core   0: 0x80011568 (0xa83f2e23) sw      gp, -1380(t5)
core   0: 3 0x80011568 (0xa83f2e23) mem 0x80012000 0x00000001
core   0: 0x8001156c (0xff9ff06f) j       pc - 0x8
core   0: 3 0x8001156c (0xff9ff06f)
core   0: 0x80011564 (0x00001f17) auipc   t5, 0x1
core   0: 3 0x80011564 (0x00001f17) x30 0x80012564
core   0: 0x80011568 (0xa83f2e23) sw      gp, -1380(t5)
core   0: 3 0x80011568 (0xa83f2e23) mem 0x80012000 0x00000001
core   0: 0x8001156c (0xff9ff06f) j       pc - 0x8
core   0: 3 0x8001156c (0xff9ff06f)
core   0: 0x80011564 (0x00001f17) auipc   t5, 0x1
core   0: 3 0x80011564 (0x00001f17) x30 0x80012564
core   0: 0x80011568 (0xa83f2e23) sw      gp, -1380(t5)
core   0: 3 0x80011568 (0xa83f2e23) mem 0x80012000 0x00000001
core   0: 0x8001156c (0xff9ff06f) j       pc - 0x8
core   0: 3 0x8001156c (0xff9ff06f)
core   0: 0x80011564 (0x00001f17) auipc   t5, 0x1
core   0: 3 0x80011564 (0x00001f17) x30 0x80012564
core   0: 0x80011568 (0xa83f2e23) sw      gp, -1380(t5)
core   0: 3 0x80011568 (0xa83f2e23) mem 0x80012000 0x00000001
core   0: 0x8001156c (0xff9ff06f) j       pc - 0x8
core   0: 3 0x8001156c (0xff9ff06f)
core   0: 0x80011564 (0x00001f17) auipc   t5, 0x1
core   0: 3 0x80011564 (0x00001f17) x30 0x80012564
core   0: 0x80011568 (0xa83f2e23) sw      gp, -1380(t5)
core   0: 3 0x80011568 (0xa83f2e23) mem 0x80012000 0x00000001
core   0: 0x8001156c (0xff9ff06f) j       pc - 0x8
core   0: 3 0x8001156c (0xff9ff06f)
core   0: 0x80011564 (0x00001f17) auipc   t5, 0x1
core   0: 3 0x80011564 (0x00001f17) x30 0x80012564
core   0: 0x80011568 (0xa83f2e23) sw      gp, -1380(t5)
core   0: 3 0x80011568 (0xa83f2e23) mem 0x80012000 0x00000001
core   0: 0x8001156c (0xff9ff06f) j       pc - 0x8
core   0: 3 0x8001156c (0xff9ff06f)
core   0: 0x80011564 (0x00001f17) auipc   t5, 0x1
core   0: 3 0x80011564 (0x00001f17) x30 0x80012564
core   0: 0x80011568 (0xa83f2e23) sw      gp, -1380(t5)
core   0: 3 0x80011568 (0xa83f2e23) mem 0x80012000 0x00000001
core   0: 0x8001156c (0xff9ff06f) j       pc - 0x8
core   0: 3 0x8001156c (0xff9ff06f)
core   0: 0x80011564 (0x00001f17) auipc   t5, 0x1
core   0: 3 0x80011564 (0x00001f17) x30 0x80012564
core   0: 0x80011568 (0xa83f2e23) sw      gp, -1380(t5)
core   0: 3 0x80011568 (0xa83f2e23) mem 0x80012000 0x00000001
core   0: 0x8001156c (0xff9ff06f) j       pc - 0x8
core   0: 3 0x8001156c (0xff9ff06f)
core   0: 0x80011564 (0x00001f17) auipc   t5, 0x1
core   0: 3 0x80011564 (0x00001f17) x30 0x80012564
core   0: 0x80011568 (0xa83f2e23) sw      gp, -1380(t5)
core   0: 3 0x80011568 (0xa83f2e23) mem 0x80012000 0x00000001
core   0: 0x8001156c (0xff9ff06f) j       pc - 0x8
core   0: 3 0x8001156c (0xff9ff06f)
core   0: 0x80011564 (0x00001f17) auipc   t5, 0x1
core   0: 3 0x80011564 (0x00001f17) x30 0x80012564
core   0: 0x80011568 (0xa83f2e23) sw      gp, -1380(t5)
core   0: 3 0x80011568 (0xa83f2e23) mem 0x80012000 0x00000001
core   0: 0x8001156c (0xff9ff06f) j       pc - 0x8
core   0: 3 0x8001156c (0xff9ff06f)
core   0: 0x80011564 (0x00001f17) auipc   t5, 0x1
core   0: 3 0x80011564 (0x00001f17) x30 0x80012564
core   0: 0x80011568 (0xa83f2e23) sw      gp, -1380(t5)
core   0: 3 0x80011568 (0xa83f2e23) mem 0x80012000 0x00000001
core   0: 0x8001156c (0xff9ff06f) j       pc - 0x8
core   0: 3 0x8001156c (0xff9ff06f)
core   0: 0x80011564 (0x00001f17) auipc   t5, 0x1
core   0: 3 0x80011564 (0x00001f17) x30 0x80012564
core   0: 0x80011568 (0xa83f2e23) sw      gp, -1380(t5)
core   0: 3 0x80011568 (0xa83f2e23) mem 0x80012000 0x00000001
core   0: 0x8001156c (0xff9ff06f) j       pc - 0x8
core   0: 3 0x8001156c (0xff9ff06f)
core   0: 0x80011564 (0x00001f17) auipc   t5, 0x1
core   0: 3 0x80011564 (0x00001f17) x30 0x80012564
core   0: 0x80011568 (0xa83f2e23) sw      gp, -1380(t5)
core   0: 3 0x80011568 (0xa83f2e23) mem 0x80012000 0x00000001
core   0: 0x8001156c (0xff9ff06f) j       pc - 0x8
core   0: 3 0x8001156c (0xff9ff06f)
core   0: 0x80011564 (0x00001f17) auipc   t5, 0x1
core   0: 3 0x80011564 (0x00001f17) x30 0x80012564
core   0: 0x80011568 (0xa83f2e23) sw      gp, -1380(t5)
core   0: 3 0x80011568 (0xa83f2e23) mem 0x80012000 0x00000001
core   0: 0x8001156c (0xff9ff06f) j       pc - 0x8
core   0: 3 0x8001156c (0xff9ff06f)
core   0: 0x80011564 (0x00001f17) auipc   t5, 0x1
core   0: 3 0x80011564 (0x00001f17) x30 0x80012564
core   0: 0x80011568 (0xa83f2e23) sw      gp, -1380(t5)
core   0: 3 0x80011568 (0xa83f2e23) mem 0x80012000 0x00000001
core   0: 0x8001156c (0xff9ff06f) j       pc - 0x8
core   0: 3 0x8001156c (0xff9ff06f)
core   0: 0x80011564 (0x00001f17) auipc   t5, 0x1
core   0: 3 0x80011564 (0x00001f17) x30 0x80012564
core   0: 0x80011568 (0xa83f2e23) sw      gp, -1380(t5)
core   0: 3 0x80011568 (0xa83f2e23) mem 0x80012000 0x00000001
core   0: 0x8001156c (0xff9ff06f) j       pc - 0x8
core   0: 3 0x8001156c (0xff9ff06f)
core   0: 0x80011564 (0x00001f17) auipc   t5, 0x1
core   0: 3 0x80011564 (0x00001f17) x30 0x80012564
core   0: 0x80011568 (0xa83f2e23) sw      gp, -1380(t5)
core   0: 3 0x80011568 (0xa83f2e23) mem 0x80012000 0x00000001
core   0: 0x8001156c (0xff9ff06f) j       pc - 0x8
core   0: 3 0x8001156c (0xff9ff06f)
core   0: 0x80011564 (0x00001f17) auipc   t5, 0x1
core   0: 3 0x80011564 (0x00001f17) x30 0x80012564
core   0: 0x80011568 (0xa83f2e23) sw      gp, -1380(t5)
core   0: 3 0x80011568 (0xa83f2e23) mem 0x80012000 0x00000001
core   0: 0x8001156c (0xff9ff06f) j       pc - 0x8
core   0: 3 0x8001156c (0xff9ff06f)
core   0: 0x80011564 (0x00001f17) auipc   t5, 0x1
core   0: 3 0x80011564 (0x00001f17) x30 0x80012564
core   0: 0x80011568 (0xa83f2e23) sw      gp, -1380(t5)
core   0: 3 0x80011568 (0xa83f2e23) mem 0x80012000 0x00000001
core   0: 0x8001156c (0xff9ff06f) j       pc - 0x8
core   0: 3 0x8001156c (0xff9ff06f)
core   0: 0x80011564 (0x00001f17) auipc   t5, 0x1
core   0: 3 0x80011564 (0x00001f17) x30 0x80012564
core   0: 0x80011568 (0xa83f2e23) sw      gp, -1380(t5)
core   0: 3 0x80011568 (0xa83f2e23) mem 0x80012000 0x00000001
core   0: 0x8001156c (0xff9ff06f) j       pc - 0x8
core   0: 3 0x8001156c (0xff9ff06f)
core   0: 0x80011564 (0x00001f17) auipc   t5, 0x1
core   0: 3 0x80011564 (0x00001f17) x30 0x80012564
core   0: 0x80011568 (0xa83f2e23) sw      gp, -1380(t5)
core   0: 3 0x80011568 (0xa83f2e23) mem 0x80012000 0x00000001
core   0: 0x8001156c (0xff9ff06f) j       pc - 0x8
core   0: 3 0x8001156c (0xff9ff06f)
core   0: 0x80011564 (0x00001f17) auipc   t5, 0x1
core   0: 3 0x80011564 (0x00001f17) x30 0x80012564
core   0: 0x80011568 (0xa83f2e23) sw      gp, -1380(t5)
core   0: 3 0x80011568 (0xa83f2e23) mem 0x80012000 0x00000001
core   0: 0x8001156c (0xff9ff06f) j       pc - 0x8
core   0: 3 0x8001156c (0xff9ff06f)
core   0: 0x80011564 (0x00001f17) auipc   t5, 0x1
core   0: 3 0x80011564 (0x00001f17) x30 0x80012564
core   0: 0x80011568 (0xa83f2e23) sw      gp, -1380(t5)
core   0: 3 0x80011568 (0xa83f2e23) mem 0x80012000 0x00000001
core   0: 0x8001156c (0xff9ff06f) j       pc - 0x8
core   0: 3 0x8001156c (0xff9ff06f)
core   0: 0x80011564 (0x00001f17) auipc   t5, 0x1
core   0: 3 0x80011564 (0x00001f17) x30 0x80012564
core   0: 0x80011568 (0xa83f2e23) sw      gp, -1380(t5)
core   0: 3 0x80011568 (0xa83f2e23) mem 0x80012000 0x00000001
core   0: 0x8001156c (0xff9ff06f) j       pc - 0x8
core   0: 3 0x8001156c (0xff9ff06f)
core   0: 0x80011564 (0x00001f17) auipc   t5, 0x1
core   0: 3 0x80011564 (0x00001f17) x30 0x80012564
core   0: 0x80011568 (0xa83f2e23) sw      gp, -1380(t5)
core   0: 3 0x80011568 (0xa83f2e23) mem 0x80012000 0x00000001
core   0: 0x8001156c (0xff9ff06f) j       pc - 0x8
core   0: 3 0x8001156c (0xff9ff06f)
core   0: 0x80011564 (0x00001f17) auipc   t5, 0x1
core   0: 3 0x80011564 (0x00001f17) x30 0x80012564
core   0: 0x80011568 (0xa83f2e23) sw      gp, -1380(t5)
core   0: 3 0x80011568 (0xa83f2e23) mem 0x80012000 0x00000001
core   0: 0x8001156c (0xff9ff06f) j       pc - 0x8
core   0: 3 0x8001156c (0xff9ff06f)
core   0: 0x80011564 (0x00001f17) auipc   t5, 0x1
core   0: 3 0x80011564 (0x00001f17) x30 0x80012564
core   0: 0x80011568 (0xa83f2e23) sw      gp, -1380(t5)
core   0: 3 0x80011568 (0xa83f2e23) mem 0x80012000 0x00000001
core   0: 0x8001156c (0xff9ff06f) j       pc - 0x8
core   0: 3 0x8001156c (0xff9ff06f)
core   0: 0x80011564 (0x00001f17) auipc   t5, 0x1
core   0: 3 0x80011564 (0x00001f17) x30 0x80012564
core   0: 0x80011568 (0xa83f2e23) sw      gp, -1380(t5)
core   0: 3 0x80011568 (0xa83f2e23) mem 0x80012000 0x00000001
core   0: 0x8001156c (0xff9ff06f) j       pc - 0x8
core   0: 3 0x8001156c (0xff9ff06f)
core   0: 0x80011564 (0x00001f17) auipc   t5, 0x1
core   0: 3 0x80011564 (0x00001f17) x30 0x80012564
core   0: 0x80011568 (0xa83f2e23) sw      gp, -1380(t5)
core   0: 3 0x80011568 (0xa83f2e23) mem 0x80012000 0x00000001
core   0: 0x8001156c (0xff9ff06f) j       pc - 0x8
core   0: 3 0x8001156c (0xff9ff06f)
core   0: 0x80011564 (0x00001f17) auipc   t5, 0x1
core   0: 3 0x80011564 (0x00001f17) x30 0x80012564
core   0: 0x80011568 (0xa83f2e23) sw      gp, -1380(t5)
core   0: 3 0x80011568 (0xa83f2e23) mem 0x80012000 0x00000001
core   0: 0x8001156c (0xff9ff06f) j       pc - 0x8
core   0: 3 0x8001156c (0xff9ff06f)
core   0: 0x80011564 (0x00001f17) auipc   t5, 0x1
core   0: 3 0x80011564 (0x00001f17) x30 0x80012564
core   0: 0x80011568 (0xa83f2e23) sw      gp, -1380(t5)
core   0: 3 0x80011568 (0xa83f2e23) mem 0x80012000 0x00000001
core   0: 0x8001156c (0xff9ff06f) j       pc - 0x8
core   0: 3 0x8001156c (0xff9ff06f)
core   0: 0x80011564 (0x00001f17) auipc   t5, 0x1
core   0: 3 0x80011564 (0x00001f17) x30 0x80012564
core   0: 0x80011568 (0xa83f2e23) sw      gp, -1380(t5)
core   0: 3 0x80011568 (0xa83f2e23) mem 0x80012000 0x00000001
core   0: 0x8001156c (0xff9ff06f) j       pc - 0x8
core   0: 3 0x8001156c (0xff9ff06f)
core   0: 0x80011564 (0x00001f17) auipc   t5, 0x1
core   0: 3 0x80011564 (0x00001f17) x30 0x80012564
core   0: 0x80011568 (0xa83f2e23) sw      gp, -1380(t5)
core   0: 3 0x80011568 (0xa83f2e23) mem 0x80012000 0x00000001
core   0: 0x8001156c (0xff9ff06f) j       pc - 0x8
core   0: 3 0x8001156c (0xff9ff06f)
core   0: 0x80011564 (0x00001f17) auipc   t5, 0x1
core   0: 3 0x80011564 (0x00001f17) x30 0x80012564
core   0: 0x80011568 (0xa83f2e23) sw      gp, -1380(t5)
core   0: 3 0x80011568 (0xa83f2e23) mem 0x80012000 0x00000001
core   0: 0x8001156c (0xff9ff06f) j       pc - 0x8
core   0: 3 0x8001156c (0xff9ff06f)
core   0: 0x80011564 (0x00001f17) auipc   t5, 0x1
core   0: 3 0x80011564 (0x00001f17) x30 0x80012564
core   0: 0x80011568 (0xa83f2e23) sw      gp, -1380(t5)
core   0: 3 0x80011568 (0xa83f2e23) mem 0x80012000 0x00000001
core   0: 0x8001156c (0xff9ff06f) j       pc - 0x8
core   0: 3 0x8001156c (0xff9ff06f)
core   0: 0x80011564 (0x00001f17) auipc   t5, 0x1
core   0: 3 0x80011564 (0x00001f17) x30 0x80012564
core   0: 0x80011568 (0xa83f2e23) sw      gp, -1380(t5)
core   0: 3 0x80011568 (0xa83f2e23) mem 0x80012000 0x00000001
core   0: 0x8001156c (0xff9ff06f) j       pc - 0x8
core   0: 3 0x8001156c (0xff9ff06f)
core   0: 0x80011564 (0x00001f17) auipc   t5, 0x1
core   0: 3 0x80011564 (0x00001f17) x30 0x80012564
core   0: 0x80011568 (0xa83f2e23) sw      gp, -1380(t5)
core   0: 3 0x80011568 (0xa83f2e23) mem 0x80012000 0x00000001
core   0: 0x8001156c (0xff9ff06f) j       pc - 0x8
core   0: 3 0x8001156c (0xff9ff06f)
core   0: 0x80011564 (0x00001f17) auipc   t5, 0x1
core   0: 3 0x80011564 (0x00001f17) x30 0x80012564
core   0: 0x80011568 (0xa83f2e23) sw      gp, -1380(t5)
core   0: 3 0x80011568 (0xa83f2e23) mem 0x80012000 0x00000001
core   0: 0x8001156c (0xff9ff06f) j       pc - 0x8
core   0: 3 0x8001156c (0xff9ff06f)
core   0: 0x80011564 (0x00001f17) auipc   t5, 0x1
core   0: 3 0x80011564 (0x00001f17) x30 0x80012564
core   0: 0x80011568 (0xa83f2e23) sw      gp, -1380(t5)
core   0: 3 0x80011568 (0xa83f2e23) mem 0x80012000 0x00000001
core   0: 0x8001156c (0xff9ff06f) j       pc - 0x8
core   0: 3 0x8001156c (0xff9ff06f)
core   0: 0x80011564 (0x00001f17) auipc   t5, 0x1
core   0: 3 0x80011564 (0x00001f17) x30 0x80012564
core   0: 0x80011568 (0xa83f2e23) sw      gp, -1380(t5)
core   0: 3 0x80011568 (0xa83f2e23) mem 0x80012000 0x00000001
core   0: 0x8001156c (0xff9ff06f) j       pc - 0x8
core   0: 3 0x8001156c (0xff9ff06f)
core   0: 0x80011564 (0x00001f17) auipc   t5, 0x1
core   0: 3 0x80011564 (0x00001f17) x30 0x80012564
core   0: 0x80011568 (0xa83f2e23) sw      gp, -1380(t5)
core   0: 3 0x80011568 (0xa83f2e23) mem 0x80012000 0x00000001
core   0: 0x8001156c (0xff9ff06f) j       pc - 0x8
core   0: 3 0x8001156c (0xff9ff06f)
core   0: 0x80011564 (0x00001f17) auipc   t5, 0x1
core   0: 3 0x80011564 (0x00001f17) x30 0x80012564
core   0: 0x80011568 (0xa83f2e23) sw      gp, -1380(t5)
core   0: 3 0x80011568 (0xa83f2e23) mem 0x80012000 0x00000001
core   0: 0x8001156c (0xff9ff06f) j       pc - 0x8
core   0: 3 0x8001156c (0xff9ff06f)
core   0: 0x80011564 (0x00001f17) auipc   t5, 0x1
core   0: 3 0x80011564 (0x00001f17) x30 0x80012564
core   0: 0x80011568 (0xa83f2e23) sw      gp, -1380(t5)
core   0: 3 0x80011568 (0xa83f2e23) mem 0x80012000 0x00000001
core   0: 0x8001156c (0xff9ff06f) j       pc - 0x8
core   0: 3 0x8001156c (0xff9ff06f)
core   0: 0x80011564 (0x00001f17) auipc   t5, 0x1
core   0: 3 0x80011564 (0x00001f17) x30 0x80012564
core   0: 0x80011568 (0xa83f2e23) sw      gp, -1380(t5)
core   0: 3 0x80011568 (0xa83f2e23) mem 0x80012000 0x00000001
core   0: 0x8001156c (0xff9ff06f) j       pc - 0x8
core   0: 3 0x8001156c (0xff9ff06f)
core   0: 0x80011564 (0x00001f17) auipc   t5, 0x1
core   0: 3 0x80011564 (0x00001f17) x30 0x80012564
core   0: 0x80011568 (0xa83f2e23) sw      gp, -1380(t5)
core   0: 3 0x80011568 (0xa83f2e23) mem 0x80012000 0x00000001
core   0: 0x8001156c (0xff9ff06f) j       pc - 0x8
core   0: 3 0x8001156c (0xff9ff06f)
core   0: 0x80011564 (0x00001f17) auipc   t5, 0x1
core   0: 3 0x80011564 (0x00001f17) x30 0x80012564
core   0: 0x80011568 (0xa83f2e23) sw      gp, -1380(t5)
core   0: 3 0x80011568 (0xa83f2e23) mem 0x80012000 0x00000001
core   0: 0x8001156c (0xff9ff06f) j       pc - 0x8
core   0: 3 0x8001156c (0xff9ff06f)
core   0: 0x80011564 (0x00001f17) auipc   t5, 0x1
core   0: 3 0x80011564 (0x00001f17) x30 0x80012564
core   0: 0x80011568 (0xa83f2e23) sw      gp, -1380(t5)
core   0: 3 0x80011568 (0xa83f2e23) mem 0x80012000 0x00000001
core   0: 0x8001156c (0xff9ff06f) j       pc - 0x8
core   0: 3 0x8001156c (0xff9ff06f)
core   0: 0x80011564 (0x00001f17) auipc   t5, 0x1
core   0: 3 0x80011564 (0x00001f17) x30 0x80012564
core   0: 0x80011568 (0xa83f2e23) sw      gp, -1380(t5)
core   0: 3 0x80011568 (0xa83f2e23) mem 0x80012000 0x00000001
core   0: 0x8001156c (0xff9ff06f) j       pc - 0x8
core   0: 3 0x8001156c (0xff9ff06f)
core   0: 0x80011564 (0x00001f17) auipc   t5, 0x1
core   0: 3 0x80011564 (0x00001f17) x30 0x80012564
core   0: 0x80011568 (0xa83f2e23) sw      gp, -1380(t5)
core   0: 3 0x80011568 (0xa83f2e23) mem 0x80012000 0x00000001
core   0: 0x8001156c (0xff9ff06f) j       pc - 0x8
core   0: 3 0x8001156c (0xff9ff06f)
core   0: 0x80011564 (0x00001f17) auipc   t5, 0x1
core   0: 3 0x80011564 (0x00001f17) x30 0x80012564
core   0: 0x80011568 (0xa83f2e23) sw      gp, -1380(t5)
core   0: 3 0x80011568 (0xa83f2e23) mem 0x80012000 0x00000001
core   0: 0x8001156c (0xff9ff06f) j       pc - 0x8
core   0: 3 0x8001156c (0xff9ff06f)
core   0: 0x80011564 (0x00001f17) auipc   t5, 0x1
core   0: 3 0x80011564 (0x00001f17) x30 0x80012564
core   0: 0x80011568 (0xa83f2e23) sw      gp, -1380(t5)
core   0: 3 0x80011568 (0xa83f2e23) mem 0x80012000 0x00000001
core   0: 0x8001156c (0xff9ff06f) j       pc - 0x8
core   0: 3 0x8001156c (0xff9ff06f)
core   0: 0x80011564 (0x00001f17) auipc   t5, 0x1
core   0: 3 0x80011564 (0x00001f17) x30 0x80012564
core   0: 0x80011568 (0xa83f2e23) sw      gp, -1380(t5)
core   0: 3 0x80011568 (0xa83f2e23) mem 0x80012000 0x00000001
core   0: 0x8001156c (0xff9ff06f) j       pc - 0x8
core   0: 3 0x8001156c (0xff9ff06f)
core   0: 0x80011564 (0x00001f17) auipc   t5, 0x1
core   0: 3 0x80011564 (0x00001f17) x30 0x80012564
core   0: 0x80011568 (0xa83f2e23) sw      gp, -1380(t5)
core   0: 3 0x80011568 (0xa83f2e23) mem 0x80012000 0x00000001
core   0: 0x8001156c (0xff9ff06f) j       pc - 0x8
core   0: 3 0x8001156c (0xff9ff06f)
core   0: 0x80011564 (0x00001f17) auipc   t5, 0x1
core   0: 3 0x80011564 (0x00001f17) x30 0x80012564
core   0: 0x80011568 (0xa83f2e23) sw      gp, -1380(t5)
core   0: 3 0x80011568 (0xa83f2e23) mem 0x80012000 0x00000001
core   0: 0x8001156c (0xff9ff06f) j       pc - 0x8
core   0: 3 0x8001156c (0xff9ff06f)
core   0: 0x80011564 (0x00001f17) auipc   t5, 0x1
core   0: 3 0x80011564 (0x00001f17) x30 0x80012564
core   0: 0x80011568 (0xa83f2e23) sw      gp, -1380(t5)
core   0: 3 0x80011568 (0xa83f2e23) mem 0x80012000 0x00000001
core   0: 0x8001156c (0xff9ff06f) j       pc - 0x8
core   0: 3 0x8001156c (0xff9ff06f)
core   0: 0x80011564 (0x00001f17) auipc   t5, 0x1
core   0: 3 0x80011564 (0x00001f17) x30 0x80012564
core   0: 0x80011568 (0xa83f2e23) sw      gp, -1380(t5)
core   0: 3 0x80011568 (0xa83f2e23) mem 0x80012000 0x00000001
core   0: 0x8001156c (0xff9ff06f) j       pc - 0x8
core   0: 3 0x8001156c (0xff9ff06f)
core   0: 0x80011564 (0x00001f17) auipc   t5, 0x1
core   0: 3 0x80011564 (0x00001f17) x30 0x80012564
core   0: 0x80011568 (0xa83f2e23) sw      gp, -1380(t5)
core   0: 3 0x80011568 (0xa83f2e23) mem 0x80012000 0x00000001
core   0: 0x8001156c (0xff9ff06f) j       pc - 0x8
core   0: 3 0x8001156c (0xff9ff06f)
core   0: 0x80011564 (0x00001f17) auipc   t5, 0x1
core   0: 3 0x80011564 (0x00001f17) x30 0x80012564
core   0: 0x80011568 (0xa83f2e23) sw      gp, -1380(t5)
core   0: 3 0x80011568 (0xa83f2e23) mem 0x80012000 0x00000001
core   0: 0x8001156c (0xff9ff06f) j       pc - 0x8
core   0: 3 0x8001156c (0xff9ff06f)
core   0: 0x80011564 (0x00001f17) auipc   t5, 0x1
core   0: 3 0x80011564 (0x00001f17) x30 0x80012564
core   0: 0x80011568 (0xa83f2e23) sw      gp, -1380(t5)
core   0: 3 0x80011568 (0xa83f2e23) mem 0x80012000 0x00000001
core   0: 0x8001156c (0xff9ff06f) j       pc - 0x8
core   0: 3 0x8001156c (0xff9ff06f)
core   0: 0x80011564 (0x00001f17) auipc   t5, 0x1
core   0: 3 0x80011564 (0x00001f17) x30 0x80012564
core   0: 0x80011568 (0xa83f2e23) sw      gp, -1380(t5)
core   0: 3 0x80011568 (0xa83f2e23) mem 0x80012000 0x00000001
core   0: 0x8001156c (0xff9ff06f) j       pc - 0x8
core   0: 3 0x8001156c (0xff9ff06f)
core   0: 0x80011564 (0x00001f17) auipc   t5, 0x1
core   0: 3 0x80011564 (0x00001f17) x30 0x80012564
core   0: 0x80011568 (0xa83f2e23) sw      gp, -1380(t5)
core   0: 3 0x80011568 (0xa83f2e23) mem 0x80012000 0x00000001
core   0: 0x8001156c (0xff9ff06f) j       pc - 0x8
core   0: 3 0x8001156c (0xff9ff06f)
core   0: 0x80011564 (0x00001f17) auipc   t5, 0x1
core   0: 3 0x80011564 (0x00001f17) x30 0x80012564
core   0: 0x80011568 (0xa83f2e23) sw      gp, -1380(t5)
core   0: 3 0x80011568 (0xa83f2e23) mem 0x80012000 0x00000001
core   0: 0x8001156c (0xff9ff06f) j       pc - 0x8
core   0: 3 0x8001156c (0xff9ff06f)
core   0: 0x80011564 (0x00001f17) auipc   t5, 0x1
core   0: 3 0x80011564 (0x00001f17) x30 0x80012564
core   0: 0x80011568 (0xa83f2e23) sw      gp, -1380(t5)
core   0: 3 0x80011568 (0xa83f2e23) mem 0x80012000 0x00000001
core   0: 0x8001156c (0xff9ff06f) j       pc - 0x8
core   0: 3 0x8001156c (0xff9ff06f)
core   0: 0x80011564 (0x00001f17) auipc   t5, 0x1
core   0: 3 0x80011564 (0x00001f17) x30 0x80012564
core   0: 0x80011568 (0xa83f2e23) sw      gp, -1380(t5)
core   0: 3 0x80011568 (0xa83f2e23) mem 0x80012000 0x00000001
core   0: 0x8001156c (0xff9ff06f) j       pc - 0x8
core   0: 3 0x8001156c (0xff9ff06f)
core   0: 0x80011564 (0x00001f17) auipc   t5, 0x1
core   0: 3 0x80011564 (0x00001f17) x30 0x80012564
core   0: 0x80011568 (0xa83f2e23) sw      gp, -1380(t5)
core   0: 3 0x80011568 (0xa83f2e23) mem 0x80012000 0x00000001
core   0: 0x8001156c (0xff9ff06f) j       pc - 0x8
core   0: 3 0x8001156c (0xff9ff06f)
core   0: 0x80011564 (0x00001f17) auipc   t5, 0x1
core   0: 3 0x80011564 (0x00001f17) x30 0x80012564
core   0: 0x80011568 (0xa83f2e23) sw      gp, -1380(t5)
core   0: 3 0x80011568 (0xa83f2e23) mem 0x80012000 0x00000001
core   0: 0x8001156c (0xff9ff06f) j       pc - 0x8
core   0: 3 0x8001156c (0xff9ff06f)
core   0: 0x80011564 (0x00001f17) auipc   t5, 0x1
core   0: 3 0x80011564 (0x00001f17) x30 0x80012564
core   0: 0x80011568 (0xa83f2e23) sw      gp, -1380(t5)
core   0: 3 0x80011568 (0xa83f2e23) mem 0x80012000 0x00000001
core   0: 0x8001156c (0xff9ff06f) j       pc - 0x8
core   0: 3 0x8001156c (0xff9ff06f)
core   0: 0x80011564 (0x00001f17) auipc   t5, 0x1
core   0: 3 0x80011564 (0x00001f17) x30 0x80012564
core   0: 0x80011568 (0xa83f2e23) sw      gp, -1380(t5)
core   0: 3 0x80011568 (0xa83f2e23) mem 0x80012000 0x00000001
core   0: 0x8001156c (0xff9ff06f) j       pc - 0x8
core   0: 3 0x8001156c (0xff9ff06f)
core   0: 0x80011564 (0x00001f17) auipc   t5, 0x1
core   0: 3 0x80011564 (0x00001f17) x30 0x80012564
core   0: 0x80011568 (0xa83f2e23) sw      gp, -1380(t5)
core   0: 3 0x80011568 (0xa83f2e23) mem 0x80012000 0x00000001
core   0: 0x8001156c (0xff9ff06f) j       pc - 0x8
core   0: 3 0x8001156c (0xff9ff06f)
core   0: 0x80011564 (0x00001f17) auipc   t5, 0x1
core   0: 3 0x80011564 (0x00001f17) x30 0x80012564
core   0: 0x80011568 (0xa83f2e23) sw      gp, -1380(t5)
core   0: 3 0x80011568 (0xa83f2e23) mem 0x80012000 0x00000001
core   0: 0x8001156c (0xff9ff06f) j       pc - 0x8
core   0: 3 0x8001156c (0xff9ff06f)
core   0: 0x80011564 (0x00001f17) auipc   t5, 0x1
core   0: 3 0x80011564 (0x00001f17) x30 0x80012564
core   0: 0x80011568 (0xa83f2e23) sw      gp, -1380(t5)
core   0: 3 0x80011568 (0xa83f2e23) mem 0x80012000 0x00000001
core   0: 0x8001156c (0xff9ff06f) j       pc - 0x8
core   0: 3 0x8001156c (0xff9ff06f)
core   0: 0x80011564 (0x00001f17) auipc   t5, 0x1
core   0: 3 0x80011564 (0x00001f17) x30 0x80012564
core   0: 0x80011568 (0xa83f2e23) sw      gp, -1380(t5)
core   0: 3 0x80011568 (0xa83f2e23) mem 0x80012000 0x00000001
core   0: 0x8001156c (0xff9ff06f) j       pc - 0x8
core   0: 3 0x8001156c (0xff9ff06f)
core   0: 0x80011564 (0x00001f17) auipc   t5, 0x1
core   0: 3 0x80011564 (0x00001f17) x30 0x80012564
core   0: 0x80011568 (0xa83f2e23) sw      gp, -1380(t5)
core   0: 3 0x80011568 (0xa83f2e23) mem 0x80012000 0x00000001
core   0: 0x8001156c (0xff9ff06f) j       pc - 0x8
core   0: 3 0x8001156c (0xff9ff06f)
core   0: 0x80011564 (0x00001f17) auipc   t5, 0x1
core   0: 3 0x80011564 (0x00001f17) x30 0x80012564
core   0: 0x80011568 (0xa83f2e23) sw      gp, -1380(t5)
core   0: 3 0x80011568 (0xa83f2e23) mem 0x80012000 0x00000001
core   0: 0x8001156c (0xff9ff06f) j       pc - 0x8
core   0: 3 0x8001156c (0xff9ff06f)
core   0: 0x80011564 (0x00001f17) auipc   t5, 0x1
core   0: 3 0x80011564 (0x00001f17) x30 0x80012564
core   0: 0x80011568 (0xa83f2e23) sw      gp, -1380(t5)
core   0: 3 0x80011568 (0xa83f2e23) mem 0x80012000 0x00000001
core   0: 0x8001156c (0xff9ff06f) j       pc - 0x8
core   0: 3 0x8001156c (0xff9ff06f)
core   0: 0x80011564 (0x00001f17) auipc   t5, 0x1
core   0: 3 0x80011564 (0x00001f17) x30 0x80012564
core   0: 0x80011568 (0xa83f2e23) sw      gp, -1380(t5)
core   0: 3 0x80011568 (0xa83f2e23) mem 0x80012000 0x00000001
core   0: 0x8001156c (0xff9ff06f) j       pc - 0x8
core   0: 3 0x8001156c (0xff9ff06f)
core   0: 0x80011564 (0x00001f17) auipc   t5, 0x1
core   0: 3 0x80011564 (0x00001f17) x30 0x80012564
core   0: 0x80011568 (0xa83f2e23) sw      gp, -1380(t5)
core   0: 3 0x80011568 (0xa83f2e23) mem 0x80012000 0x00000001
core   0: 0x8001156c (0xff9ff06f) j       pc - 0x8
core   0: 3 0x8001156c (0xff9ff06f)
core   0: 0x80011564 (0x00001f17) auipc   t5, 0x1
core   0: 3 0x80011564 (0x00001f17) x30 0x80012564
core   0: 0x80011568 (0xa83f2e23) sw      gp, -1380(t5)
core   0: 3 0x80011568 (0xa83f2e23) mem 0x80012000 0x00000001
core   0: 0x8001156c (0xff9ff06f) j       pc - 0x8
core   0: 3 0x8001156c (0xff9ff06f)
core   0: 0x80011564 (0x00001f17) auipc   t5, 0x1
core   0: 3 0x80011564 (0x00001f17) x30 0x80012564
core   0: 0x80011568 (0xa83f2e23) sw      gp, -1380(t5)
core   0: 3 0x80011568 (0xa83f2e23) mem 0x80012000 0x00000001
core   0: 0x8001156c (0xff9ff06f) j       pc - 0x8
core   0: 3 0x8001156c (0xff9ff06f)
core   0: 0x80011564 (0x00001f17) auipc   t5, 0x1
core   0: 3 0x80011564 (0x00001f17) x30 0x80012564
core   0: 0x80011568 (0xa83f2e23) sw      gp, -1380(t5)
core   0: 3 0x80011568 (0xa83f2e23) mem 0x80012000 0x00000001
core   0: 0x8001156c (0xff9ff06f) j       pc - 0x8
core   0: 3 0x8001156c (0xff9ff06f)
core   0: 0x80011564 (0x00001f17) auipc   t5, 0x1
core   0: 3 0x80011564 (0x00001f17) x30 0x80012564
core   0: 0x80011568 (0xa83f2e23) sw      gp, -1380(t5)
core   0: 3 0x80011568 (0xa83f2e23) mem 0x80012000 0x00000001
core   0: 0x8001156c (0xff9ff06f) j       pc - 0x8
core   0: 3 0x8001156c (0xff9ff06f)
core   0: 0x80011564 (0x00001f17) auipc   t5, 0x1
core   0: 3 0x80011564 (0x00001f17) x30 0x80012564
core   0: 0x80011568 (0xa83f2e23) sw      gp, -1380(t5)
core   0: 3 0x80011568 (0xa83f2e23) mem 0x80012000 0x00000001
core   0: 0x8001156c (0xff9ff06f) j       pc - 0x8
core   0: 3 0x8001156c (0xff9ff06f)
core   0: 0x80011564 (0x00001f17) auipc   t5, 0x1
core   0: 3 0x80011564 (0x00001f17) x30 0x80012564
core   0: 0x80011568 (0xa83f2e23) sw      gp, -1380(t5)
core   0: 3 0x80011568 (0xa83f2e23) mem 0x80012000 0x00000001
core   0: 0x8001156c (0xff9ff06f) j       pc - 0x8
core   0: 3 0x8001156c (0xff9ff06f)
core   0: 0x80011564 (0x00001f17) auipc   t5, 0x1
core   0: 3 0x80011564 (0x00001f17) x30 0x80012564
core   0: 0x80011568 (0xa83f2e23) sw      gp, -1380(t5)
core   0: 3 0x80011568 (0xa83f2e23) mem 0x80012000 0x00000001
core   0: 0x8001156c (0xff9ff06f) j       pc - 0x8
core   0: 3 0x8001156c (0xff9ff06f)
core   0: 0x80011564 (0x00001f17) auipc   t5, 0x1
core   0: 3 0x80011564 (0x00001f17) x30 0x80012564
core   0: 0x80011568 (0xa83f2e23) sw      gp, -1380(t5)
core   0: 3 0x80011568 (0xa83f2e23) mem 0x80012000 0x00000001
core   0: 0x8001156c (0xff9ff06f) j       pc - 0x8
core   0: 3 0x8001156c (0xff9ff06f)
core   0: 0x80011564 (0x00001f17) auipc   t5, 0x1
core   0: 3 0x80011564 (0x00001f17) x30 0x80012564
core   0: 0x80011568 (0xa83f2e23) sw      gp, -1380(t5)
core   0: 3 0x80011568 (0xa83f2e23) mem 0x80012000 0x00000001
core   0: 0x8001156c (0xff9ff06f) j       pc - 0x8
core   0: 3 0x8001156c (0xff9ff06f)
core   0: 0x80011564 (0x00001f17) auipc   t5, 0x1
core   0: 3 0x80011564 (0x00001f17) x30 0x80012564
core   0: 0x80011568 (0xa83f2e23) sw      gp, -1380(t5)
core   0: 3 0x80011568 (0xa83f2e23) mem 0x80012000 0x00000001
core   0: 0x8001156c (0xff9ff06f) j       pc - 0x8
core   0: 3 0x8001156c (0xff9ff06f)
core   0: 0x80011564 (0x00001f17) auipc   t5, 0x1
core   0: 3 0x80011564 (0x00001f17) x30 0x80012564
core   0: 0x80011568 (0xa83f2e23) sw      gp, -1380(t5)
core   0: 3 0x80011568 (0xa83f2e23) mem 0x80012000 0x00000001
core   0: 0x8001156c (0xff9ff06f) j       pc - 0x8
core   0: 3 0x8001156c (0xff9ff06f)
core   0: 0x80011564 (0x00001f17) auipc   t5, 0x1
core   0: 3 0x80011564 (0x00001f17) x30 0x80012564
core   0: 0x80011568 (0xa83f2e23) sw      gp, -1380(t5)
core   0: 3 0x80011568 (0xa83f2e23) mem 0x80012000 0x00000001
core   0: 0x8001156c (0xff9ff06f) j       pc - 0x8
core   0: 3 0x8001156c (0xff9ff06f)
core   0: 0x80011564 (0x00001f17) auipc   t5, 0x1
core   0: 3 0x80011564 (0x00001f17) x30 0x80012564
core   0: 0x80011568 (0xa83f2e23) sw      gp, -1380(t5)
core   0: 3 0x80011568 (0xa83f2e23) mem 0x80012000 0x00000001
core   0: 0x8001156c (0xff9ff06f) j       pc - 0x8
core   0: 3 0x8001156c (0xff9ff06f)
core   0: 0x80011564 (0x00001f17) auipc   t5, 0x1
core   0: 3 0x80011564 (0x00001f17) x30 0x80012564
core   0: 0x80011568 (0xa83f2e23) sw      gp, -1380(t5)
core   0: 3 0x80011568 (0xa83f2e23) mem 0x80012000 0x00000001
core   0: 0x8001156c (0xff9ff06f) j       pc - 0x8
core   0: 3 0x8001156c (0xff9ff06f)
core   0: 0x80011564 (0x00001f17) auipc   t5, 0x1
core   0: 3 0x80011564 (0x00001f17) x30 0x80012564
core   0: 0x80011568 (0xa83f2e23) sw      gp, -1380(t5)
core   0: 3 0x80011568 (0xa83f2e23) mem 0x80012000 0x00000001
core   0: 0x8001156c (0xff9ff06f) j       pc - 0x8
core   0: 3 0x8001156c (0xff9ff06f)
core   0: 0x80011564 (0x00001f17) auipc   t5, 0x1
core   0: 3 0x80011564 (0x00001f17) x30 0x80012564
core   0: 0x80011568 (0xa83f2e23) sw      gp, -1380(t5)
core   0: 3 0x80011568 (0xa83f2e23) mem 0x80012000 0x00000001
core   0: 0x8001156c (0xff9ff06f) j       pc - 0x8
core   0: 3 0x8001156c (0xff9ff06f)
core   0: 0x80011564 (0x00001f17) auipc   t5, 0x1
core   0: 3 0x80011564 (0x00001f17) x30 0x80012564
core   0: 0x80011568 (0xa83f2e23) sw      gp, -1380(t5)
core   0: 3 0x80011568 (0xa83f2e23) mem 0x80012000 0x00000001
core   0: 0x8001156c (0xff9ff06f) j       pc - 0x8
core   0: 3 0x8001156c (0xff9ff06f)
core   0: 0x80011564 (0x00001f17) auipc   t5, 0x1
core   0: 3 0x80011564 (0x00001f17) x30 0x80012564
core   0: 0x80011568 (0xa83f2e23) sw      gp, -1380(t5)
core   0: 3 0x80011568 (0xa83f2e23) mem 0x80012000 0x00000001
core   0: 0x8001156c (0xff9ff06f) j       pc - 0x8
core   0: 3 0x8001156c (0xff9ff06f)
core   0: 0x80011564 (0x00001f17) auipc   t5, 0x1
core   0: 3 0x80011564 (0x00001f17) x30 0x80012564
core   0: 0x80011568 (0xa83f2e23) sw      gp, -1380(t5)
core   0: 3 0x80011568 (0xa83f2e23) mem 0x80012000 0x00000001
core   0: 0x8001156c (0xff9ff06f) j       pc - 0x8
core   0: 3 0x8001156c (0xff9ff06f)
core   0: 0x80011564 (0x00001f17) auipc   t5, 0x1
core   0: 3 0x80011564 (0x00001f17) x30 0x80012564
core   0: 0x80011568 (0xa83f2e23) sw      gp, -1380(t5)
core   0: 3 0x80011568 (0xa83f2e23) mem 0x80012000 0x00000001
core   0: 0x8001156c (0xff9ff06f) j       pc - 0x8
core   0: 3 0x8001156c (0xff9ff06f)
core   0: 0x80011564 (0x00001f17) auipc   t5, 0x1
core   0: 3 0x80011564 (0x00001f17) x30 0x80012564
core   0: 0x80011568 (0xa83f2e23) sw      gp, -1380(t5)
core   0: 3 0x80011568 (0xa83f2e23) mem 0x80012000 0x00000001
core   0: 0x8001156c (0xff9ff06f) j       pc - 0x8
core   0: 3 0x8001156c (0xff9ff06f)
core   0: 0x80011564 (0x00001f17) auipc   t5, 0x1
core   0: 3 0x80011564 (0x00001f17) x30 0x80012564
core   0: 0x80011568 (0xa83f2e23) sw      gp, -1380(t5)
core   0: 3 0x80011568 (0xa83f2e23) mem 0x80012000 0x00000001
core   0: 0x8001156c (0xff9ff06f) j       pc - 0x8
core   0: 3 0x8001156c (0xff9ff06f)
core   0: 0x80011564 (0x00001f17) auipc   t5, 0x1
core   0: 3 0x80011564 (0x00001f17) x30 0x80012564
core   0: 0x80011568 (0xa83f2e23) sw      gp, -1380(t5)
core   0: 3 0x80011568 (0xa83f2e23) mem 0x80012000 0x00000001
core   0: 0x8001156c (0xff9ff06f) j       pc - 0x8
core   0: 3 0x8001156c (0xff9ff06f)
core   0: 0x80011564 (0x00001f17) auipc   t5, 0x1
core   0: 3 0x80011564 (0x00001f17) x30 0x80012564
core   0: 0x80011568 (0xa83f2e23) sw      gp, -1380(t5)
core   0: 3 0x80011568 (0xa83f2e23) mem 0x80012000 0x00000001
core   0: 0x8001156c (0xff9ff06f) j       pc - 0x8
core   0: 3 0x8001156c (0xff9ff06f)
core   0: 0x80011564 (0x00001f17) auipc   t5, 0x1
core   0: 3 0x80011564 (0x00001f17) x30 0x80012564
core   0: 0x80011568 (0xa83f2e23) sw      gp, -1380(t5)
core   0: 3 0x80011568 (0xa83f2e23) mem 0x80012000 0x00000001
core   0: 0x8001156c (0xff9ff06f) j       pc - 0x8
core   0: 3 0x8001156c (0xff9ff06f)
core   0: 0x80011564 (0x00001f17) auipc   t5, 0x1
core   0: 3 0x80011564 (0x00001f17) x30 0x80012564
core   0: 0x80011568 (0xa83f2e23) sw      gp, -1380(t5)
core   0: 3 0x80011568 (0xa83f2e23) mem 0x80012000 0x00000001
core   0: 0x8001156c (0xff9ff06f) j       pc - 0x8
core   0: 3 0x8001156c (0xff9ff06f)
core   0: 0x80011564 (0x00001f17) auipc   t5, 0x1
core   0: 3 0x80011564 (0x00001f17) x30 0x80012564
core   0: 0x80011568 (0xa83f2e23) sw      gp, -1380(t5)
core   0: 3 0x80011568 (0xa83f2e23) mem 0x80012000 0x00000001
core   0: 0x8001156c (0xff9ff06f) j       pc - 0x8
core   0: 3 0x8001156c (0xff9ff06f)
core   0: 0x80011564 (0x00001f17) auipc   t5, 0x1
core   0: 3 0x80011564 (0x00001f17) x30 0x80012564
core   0: 0x80011568 (0xa83f2e23) sw      gp, -1380(t5)
core   0: 3 0x80011568 (0xa83f2e23) mem 0x80012000 0x00000001
core   0: 0x8001156c (0xff9ff06f) j       pc - 0x8
core   0: 3 0x8001156c (0xff9ff06f)
core   0: 0x80011564 (0x00001f17) auipc   t5, 0x1
core   0: 3 0x80011564 (0x00001f17) x30 0x80012564
core   0: 0x80011568 (0xa83f2e23) sw      gp, -1380(t5)
core   0: 3 0x80011568 (0xa83f2e23) mem 0x80012000 0x00000001
core   0: 0x8001156c (0xff9ff06f) j       pc - 0x8
core   0: 3 0x8001156c (0xff9ff06f)
core   0: 0x80011564 (0x00001f17) auipc   t5, 0x1
core   0: 3 0x80011564 (0x00001f17) x30 0x80012564
core   0: 0x80011568 (0xa83f2e23) sw      gp, -1380(t5)
core   0: 3 0x80011568 (0xa83f2e23) mem 0x80012000 0x00000001
core   0: 0x8001156c (0xff9ff06f) j       pc - 0x8
core   0: 3 0x8001156c (0xff9ff06f)
core   0: 0x80011564 (0x00001f17) auipc   t5, 0x1
core   0: 3 0x80011564 (0x00001f17) x30 0x80012564
core   0: 0x80011568 (0xa83f2e23) sw      gp, -1380(t5)
core   0: 3 0x80011568 (0xa83f2e23) mem 0x80012000 0x00000001
core   0: 0x8001156c (0xff9ff06f) j       pc - 0x8
core   0: 3 0x8001156c (0xff9ff06f)
core   0: 0x80011564 (0x00001f17) auipc   t5, 0x1
core   0: 3 0x80011564 (0x00001f17) x30 0x80012564
core   0: 0x80011568 (0xa83f2e23) sw      gp, -1380(t5)
core   0: 3 0x80011568 (0xa83f2e23) mem 0x80012000 0x00000001
core   0: 0x8001156c (0xff9ff06f) j       pc - 0x8
core   0: 3 0x8001156c (0xff9ff06f)
core   0: 0x80011564 (0x00001f17) auipc   t5, 0x1
core   0: 3 0x80011564 (0x00001f17) x30 0x80012564
core   0: 0x80011568 (0xa83f2e23) sw      gp, -1380(t5)
core   0: 3 0x80011568 (0xa83f2e23) mem 0x80012000 0x00000001
core   0: 0x8001156c (0xff9ff06f) j       pc - 0x8
core   0: 3 0x8001156c (0xff9ff06f)
core   0: 0x80011564 (0x00001f17) auipc   t5, 0x1
core   0: 3 0x80011564 (0x00001f17) x30 0x80012564
core   0: 0x80011568 (0xa83f2e23) sw      gp, -1380(t5)
core   0: 3 0x80011568 (0xa83f2e23) mem 0x80012000 0x00000001
core   0: 0x8001156c (0xff9ff06f) j       pc - 0x8
core   0: 3 0x8001156c (0xff9ff06f)
core   0: 0x80011564 (0x00001f17) auipc   t5, 0x1
core   0: 3 0x80011564 (0x00001f17) x30 0x80012564
core   0: 0x80011568 (0xa83f2e23) sw      gp, -1380(t5)
core   0: 3 0x80011568 (0xa83f2e23) mem 0x80012000 0x00000001
core   0: 0x8001156c (0xff9ff06f) j       pc - 0x8
core   0: 3 0x8001156c (0xff9ff06f)
core   0: 0x80011564 (0x00001f17) auipc   t5, 0x1
core   0: 3 0x80011564 (0x00001f17) x30 0x80012564
core   0: 0x80011568 (0xa83f2e23) sw      gp, -1380(t5)
core   0: 3 0x80011568 (0xa83f2e23) mem 0x80012000 0x00000001
core   0: 0x8001156c (0xff9ff06f) j       pc - 0x8
core   0: 3 0x8001156c (0xff9ff06f)
core   0: 0x80011564 (0x00001f17) auipc   t5, 0x1
core   0: 3 0x80011564 (0x00001f17) x30 0x80012564
core   0: 0x80011568 (0xa83f2e23) sw      gp, -1380(t5)
core   0: 3 0x80011568 (0xa83f2e23) mem 0x80012000 0x00000001
core   0: 0x8001156c (0xff9ff06f) j       pc - 0x8
core   0: 3 0x8001156c (0xff9ff06f)
core   0: 0x80011564 (0x00001f17) auipc   t5, 0x1
core   0: 3 0x80011564 (0x00001f17) x30 0x80012564
core   0: 0x80011568 (0xa83f2e23) sw      gp, -1380(t5)
core   0: 3 0x80011568 (0xa83f2e23) mem 0x80012000 0x00000001
core   0: 0x8001156c (0xff9ff06f) j       pc - 0x8
core   0: 3 0x8001156c (0xff9ff06f)
core   0: 0x80011564 (0x00001f17) auipc   t5, 0x1
core   0: 3 0x80011564 (0x00001f17) x30 0x80012564
core   0: 0x80011568 (0xa83f2e23) sw      gp, -1380(t5)
core   0: 3 0x80011568 (0xa83f2e23) mem 0x80012000 0x00000001
core   0: 0x8001156c (0xff9ff06f) j       pc - 0x8
core   0: 3 0x8001156c (0xff9ff06f)
core   0: 0x80011564 (0x00001f17) auipc   t5, 0x1
core   0: 3 0x80011564 (0x00001f17) x30 0x80012564
core   0: 0x80011568 (0xa83f2e23) sw      gp, -1380(t5)
core   0: 3 0x80011568 (0xa83f2e23) mem 0x80012000 0x00000001
core   0: 0x8001156c (0xff9ff06f) j       pc - 0x8
core   0: 3 0x8001156c (0xff9ff06f)
core   0: 0x80011564 (0x00001f17) auipc   t5, 0x1
core   0: 3 0x80011564 (0x00001f17) x30 0x80012564
core   0: 0x80011568 (0xa83f2e23) sw      gp, -1380(t5)
core   0: 3 0x80011568 (0xa83f2e23) mem 0x80012000 0x00000001
core   0: 0x8001156c (0xff9ff06f) j       pc - 0x8
core   0: 3 0x8001156c (0xff9ff06f)
core   0: 0x80011564 (0x00001f17) auipc   t5, 0x1
core   0: 3 0x80011564 (0x00001f17) x30 0x80012564
core   0: 0x80011568 (0xa83f2e23) sw      gp, -1380(t5)
core   0: 3 0x80011568 (0xa83f2e23) mem 0x80012000 0x00000001
core   0: 0x8001156c (0xff9ff06f) j       pc - 0x8
core   0: 3 0x8001156c (0xff9ff06f)
core   0: 0x80011564 (0x00001f17) auipc   t5, 0x1
core   0: 3 0x80011564 (0x00001f17) x30 0x80012564
core   0: 0x80011568 (0xa83f2e23) sw      gp, -1380(t5)
core   0: 3 0x80011568 (0xa83f2e23) mem 0x80012000 0x00000001
core   0: 0x8001156c (0xff9ff06f) j       pc - 0x8
core   0: 3 0x8001156c (0xff9ff06f)
core   0: 0x80011564 (0x00001f17) auipc   t5, 0x1
core   0: 3 0x80011564 (0x00001f17) x30 0x80012564
core   0: 0x80011568 (0xa83f2e23) sw      gp, -1380(t5)
core   0: 3 0x80011568 (0xa83f2e23) mem 0x80012000 0x00000001
core   0: 0x8001156c (0xff9ff06f) j       pc - 0x8
core   0: 3 0x8001156c (0xff9ff06f)
core   0: 0x80011564 (0x00001f17) auipc   t5, 0x1
core   0: 3 0x80011564 (0x00001f17) x30 0x80012564
core   0: 0x80011568 (0xa83f2e23) sw      gp, -1380(t5)
core   0: 3 0x80011568 (0xa83f2e23) mem 0x80012000 0x00000001
core   0: 0x8001156c (0xff9ff06f) j       pc - 0x8
core   0: 3 0x8001156c (0xff9ff06f)
core   0: 0x80011564 (0x00001f17) auipc   t5, 0x1
core   0: 3 0x80011564 (0x00001f17) x30 0x80012564
core   0: 0x80011568 (0xa83f2e23) sw      gp, -1380(t5)
core   0: 3 0x80011568 (0xa83f2e23) mem 0x80012000 0x00000001
core   0: 0x8001156c (0xff9ff06f) j       pc - 0x8
core   0: 3 0x8001156c (0xff9ff06f)
core   0: 0x80011564 (0x00001f17) auipc   t5, 0x1
core   0: 3 0x80011564 (0x00001f17) x30 0x80012564
core   0: 0x80011568 (0xa83f2e23) sw      gp, -1380(t5)
core   0: 3 0x80011568 (0xa83f2e23) mem 0x80012000 0x00000001
core   0: 0x8001156c (0xff9ff06f) j       pc - 0x8
core   0: 3 0x8001156c (0xff9ff06f)
core   0: 0x80011564 (0x00001f17) auipc   t5, 0x1
core   0: 3 0x80011564 (0x00001f17) x30 0x80012564
core   0: 0x80011568 (0xa83f2e23) sw      gp, -1380(t5)
core   0: 3 0x80011568 (0xa83f2e23) mem 0x80012000 0x00000001
core   0: 0x8001156c (0xff9ff06f) j       pc - 0x8
core   0: 3 0x8001156c (0xff9ff06f)
core   0: 0x80011564 (0x00001f17) auipc   t5, 0x1
core   0: 3 0x80011564 (0x00001f17) x30 0x80012564
core   0: 0x80011568 (0xa83f2e23) sw      gp, -1380(t5)
core   0: 3 0x80011568 (0xa83f2e23) mem 0x80012000 0x00000001
core   0: 0x8001156c (0xff9ff06f) j       pc - 0x8
core   0: 3 0x8001156c (0xff9ff06f)
core   0: 0x80011564 (0x00001f17) auipc   t5, 0x1
core   0: 3 0x80011564 (0x00001f17) x30 0x80012564
core   0: 0x80011568 (0xa83f2e23) sw      gp, -1380(t5)
core   0: 3 0x80011568 (0xa83f2e23) mem 0x80012000 0x00000001
core   0: 0x8001156c (0xff9ff06f) j       pc - 0x8
core   0: 3 0x8001156c (0xff9ff06f)
core   0: 0x80011564 (0x00001f17) auipc   t5, 0x1
core   0: 3 0x80011564 (0x00001f17) x30 0x80012564
core   0: 0x80011568 (0xa83f2e23) sw      gp, -1380(t5)
core   0: 3 0x80011568 (0xa83f2e23) mem 0x80012000 0x00000001
core   0: 0x8001156c (0xff9ff06f) j       pc - 0x8
core   0: 3 0x8001156c (0xff9ff06f)
core   0: 0x80011564 (0x00001f17) auipc   t5, 0x1
core   0: 3 0x80011564 (0x00001f17) x30 0x80012564
core   0: 0x80011568 (0xa83f2e23) sw      gp, -1380(t5)
core   0: 3 0x80011568 (0xa83f2e23) mem 0x80012000 0x00000001
core   0: 0x8001156c (0xff9ff06f) j       pc - 0x8
core   0: 3 0x8001156c (0xff9ff06f)
core   0: 0x80011564 (0x00001f17) auipc   t5, 0x1
core   0: 3 0x80011564 (0x00001f17) x30 0x80012564
core   0: 0x80011568 (0xa83f2e23) sw      gp, -1380(t5)
core   0: 3 0x80011568 (0xa83f2e23) mem 0x80012000 0x00000001
core   0: 0x8001156c (0xff9ff06f) j       pc - 0x8
core   0: 3 0x8001156c (0xff9ff06f)
core   0: 0x80011564 (0x00001f17) auipc   t5, 0x1
core   0: 3 0x80011564 (0x00001f17) x30 0x80012564
core   0: 0x80011568 (0xa83f2e23) sw      gp, -1380(t5)
core   0: 3 0x80011568 (0xa83f2e23) mem 0x80012000 0x00000001
core   0: 0x8001156c (0xff9ff06f) j       pc - 0x8
core   0: 3 0x8001156c (0xff9ff06f)
core   0: 0x80011564 (0x00001f17) auipc   t5, 0x1
core   0: 3 0x80011564 (0x00001f17) x30 0x80012564
core   0: 0x80011568 (0xa83f2e23) sw      gp, -1380(t5)
core   0: 3 0x80011568 (0xa83f2e23) mem 0x80012000 0x00000001
core   0: 0x8001156c (0xff9ff06f) j       pc - 0x8
core   0: 3 0x8001156c (0xff9ff06f)
core   0: 0x80011564 (0x00001f17) auipc   t5, 0x1
core   0: 3 0x80011564 (0x00001f17) x30 0x80012564
core   0: 0x80011568 (0xa83f2e23) sw      gp, -1380(t5)
core   0: 3 0x80011568 (0xa83f2e23) mem 0x80012000 0x00000001
core   0: 0x8001156c (0xff9ff06f) j       pc - 0x8
core   0: 3 0x8001156c (0xff9ff06f)
core   0: 0x80011564 (0x00001f17) auipc   t5, 0x1
core   0: 3 0x80011564 (0x00001f17) x30 0x80012564
core   0: 0x80011568 (0xa83f2e23) sw      gp, -1380(t5)
core   0: 3 0x80011568 (0xa83f2e23) mem 0x80012000 0x00000001
core   0: 0x8001156c (0xff9ff06f) j       pc - 0x8
core   0: 3 0x8001156c (0xff9ff06f)
core   0: 0x80011564 (0x00001f17) auipc   t5, 0x1
core   0: 3 0x80011564 (0x00001f17) x30 0x80012564
core   0: 0x80011568 (0xa83f2e23) sw      gp, -1380(t5)
core   0: 3 0x80011568 (0xa83f2e23) mem 0x80012000 0x00000001
core   0: 0x8001156c (0xff9ff06f) j       pc - 0x8
core   0: 3 0x8001156c (0xff9ff06f)
core   0: 0x80011564 (0x00001f17) auipc   t5, 0x1
core   0: 3 0x80011564 (0x00001f17) x30 0x80012564
core   0: 0x80011568 (0xa83f2e23) sw      gp, -1380(t5)
core   0: 3 0x80011568 (0xa83f2e23) mem 0x80012000 0x00000001
core   0: 0x8001156c (0xff9ff06f) j       pc - 0x8
core   0: 3 0x8001156c (0xff9ff06f)
core   0: 0x80011564 (0x00001f17) auipc   t5, 0x1
core   0: 3 0x80011564 (0x00001f17) x30 0x80012564
core   0: 0x80011568 (0xa83f2e23) sw      gp, -1380(t5)
core   0: 3 0x80011568 (0xa83f2e23) mem 0x80012000 0x00000001
core   0: 0x8001156c (0xff9ff06f) j       pc - 0x8
core   0: 3 0x8001156c (0xff9ff06f)
core   0: 0x80011564 (0x00001f17) auipc   t5, 0x1
core   0: 3 0x80011564 (0x00001f17) x30 0x80012564
core   0: 0x80011568 (0xa83f2e23) sw      gp, -1380(t5)
core   0: 3 0x80011568 (0xa83f2e23) mem 0x80012000 0x00000001
core   0: 0x8001156c (0xff9ff06f) j       pc - 0x8
core   0: 3 0x8001156c (0xff9ff06f)
core   0: 0x80011564 (0x00001f17) auipc   t5, 0x1
core   0: 3 0x80011564 (0x00001f17) x30 0x80012564
core   0: 0x80011568 (0xa83f2e23) sw      gp, -1380(t5)
core   0: 3 0x80011568 (0xa83f2e23) mem 0x80012000 0x00000001
core   0: 0x8001156c (0xff9ff06f) j       pc - 0x8
core   0: 3 0x8001156c (0xff9ff06f)
core   0: 0x80011564 (0x00001f17) auipc   t5, 0x1
core   0: 3 0x80011564 (0x00001f17) x30 0x80012564
core   0: 0x80011568 (0xa83f2e23) sw      gp, -1380(t5)
core   0: 3 0x80011568 (0xa83f2e23) mem 0x80012000 0x00000001
core   0: 0x8001156c (0xff9ff06f) j       pc - 0x8
core   0: 3 0x8001156c (0xff9ff06f)
core   0: 0x80011564 (0x00001f17) auipc   t5, 0x1
core   0: 3 0x80011564 (0x00001f17) x30 0x80012564
core   0: 0x80011568 (0xa83f2e23) sw      gp, -1380(t5)
core   0: 3 0x80011568 (0xa83f2e23) mem 0x80012000 0x00000001
core   0: 0x8001156c (0xff9ff06f) j       pc - 0x8
core   0: 3 0x8001156c (0xff9ff06f)
core   0: 0x80011564 (0x00001f17) auipc   t5, 0x1
core   0: 3 0x80011564 (0x00001f17) x30 0x80012564
core   0: 0x80011568 (0xa83f2e23) sw      gp, -1380(t5)
core   0: 3 0x80011568 (0xa83f2e23) mem 0x80012000 0x00000001
core   0: 0x8001156c (0xff9ff06f) j       pc - 0x8
core   0: 3 0x8001156c (0xff9ff06f)
core   0: 0x80011564 (0x00001f17) auipc   t5, 0x1
core   0: 3 0x80011564 (0x00001f17) x30 0x80012564
core   0: 0x80011568 (0xa83f2e23) sw      gp, -1380(t5)
core   0: 3 0x80011568 (0xa83f2e23) mem 0x80012000 0x00000001
core   0: 0x8001156c (0xff9ff06f) j       pc - 0x8
core   0: 3 0x8001156c (0xff9ff06f)
core   0: 0x80011564 (0x00001f17) auipc   t5, 0x1
core   0: 3 0x80011564 (0x00001f17) x30 0x80012564
core   0: 0x80011568 (0xa83f2e23) sw      gp, -1380(t5)
core   0: 3 0x80011568 (0xa83f2e23) mem 0x80012000 0x00000001
core   0: 0x8001156c (0xff9ff06f) j       pc - 0x8
core   0: 3 0x8001156c (0xff9ff06f)
core   0: 0x80011564 (0x00001f17) auipc   t5, 0x1
core   0: 3 0x80011564 (0x00001f17) x30 0x80012564
core   0: 0x80011568 (0xa83f2e23) sw      gp, -1380(t5)
core   0: 3 0x80011568 (0xa83f2e23) mem 0x80012000 0x00000001
core   0: 0x8001156c (0xff9ff06f) j       pc - 0x8
core   0: 3 0x8001156c (0xff9ff06f)
core   0: 0x80011564 (0x00001f17) auipc   t5, 0x1
core   0: 3 0x80011564 (0x00001f17) x30 0x80012564
core   0: 0x80011568 (0xa83f2e23) sw      gp, -1380(t5)
core   0: 3 0x80011568 (0xa83f2e23) mem 0x80012000 0x00000001
core   0: 0x8001156c (0xff9ff06f) j       pc - 0x8
core   0: 3 0x8001156c (0xff9ff06f)
core   0: 0x80011564 (0x00001f17) auipc   t5, 0x1
core   0: 3 0x80011564 (0x00001f17) x30 0x80012564
core   0: 0x80011568 (0xa83f2e23) sw      gp, -1380(t5)
core   0: 3 0x80011568 (0xa83f2e23) mem 0x80012000 0x00000001
core   0: 0x8001156c (0xff9ff06f) j       pc - 0x8
core   0: 3 0x8001156c (0xff9ff06f)
core   0: 0x80011564 (0x00001f17) auipc   t5, 0x1
core   0: 3 0x80011564 (0x00001f17) x30 0x80012564
core   0: 0x80011568 (0xa83f2e23) sw      gp, -1380(t5)
core   0: 3 0x80011568 (0xa83f2e23) mem 0x80012000 0x00000001
core   0: 0x8001156c (0xff9ff06f) j       pc - 0x8
core   0: 3 0x8001156c (0xff9ff06f)
core   0: 0x80011564 (0x00001f17) auipc   t5, 0x1
core   0: 3 0x80011564 (0x00001f17) x30 0x80012564
core   0: 0x80011568 (0xa83f2e23) sw      gp, -1380(t5)
core   0: 3 0x80011568 (0xa83f2e23) mem 0x80012000 0x00000001
core   0: 0x8001156c (0xff9ff06f) j       pc - 0x8
core   0: 3 0x8001156c (0xff9ff06f)
core   0: 0x80011564 (0x00001f17) auipc   t5, 0x1
core   0: 3 0x80011564 (0x00001f17) x30 0x80012564
core   0: 0x80011568 (0xa83f2e23) sw      gp, -1380(t5)
core   0: 3 0x80011568 (0xa83f2e23) mem 0x80012000 0x00000001
core   0: 0x8001156c (0xff9ff06f) j       pc - 0x8
core   0: 3 0x8001156c (0xff9ff06f)
core   0: 0x80011564 (0x00001f17) auipc   t5, 0x1
core   0: 3 0x80011564 (0x00001f17) x30 0x80012564
core   0: 0x80011568 (0xa83f2e23) sw      gp, -1380(t5)
core   0: 3 0x80011568 (0xa83f2e23) mem 0x80012000 0x00000001
core   0: 0x8001156c (0xff9ff06f) j       pc - 0x8
core   0: 3 0x8001156c (0xff9ff06f)
core   0: 0x80011564 (0x00001f17) auipc   t5, 0x1
core   0: 3 0x80011564 (0x00001f17) x30 0x80012564
core   0: 0x80011568 (0xa83f2e23) sw      gp, -1380(t5)
core   0: 3 0x80011568 (0xa83f2e23) mem 0x80012000 0x00000001
core   0: 0x8001156c (0xff9ff06f) j       pc - 0x8
core   0: 3 0x8001156c (0xff9ff06f)
core   0: 0x80011564 (0x00001f17) auipc   t5, 0x1
core   0: 3 0x80011564 (0x00001f17) x30 0x80012564
core   0: 0x80011568 (0xa83f2e23) sw      gp, -1380(t5)
core   0: 3 0x80011568 (0xa83f2e23) mem 0x80012000 0x00000001
core   0: 0x8001156c (0xff9ff06f) j       pc - 0x8
core   0: 3 0x8001156c (0xff9ff06f)
core   0: 0x80011564 (0x00001f17) auipc   t5, 0x1
core   0: 3 0x80011564 (0x00001f17) x30 0x80012564
core   0: 0x80011568 (0xa83f2e23) sw      gp, -1380(t5)
core   0: 3 0x80011568 (0xa83f2e23) mem 0x80012000 0x00000001
core   0: 0x8001156c (0xff9ff06f) j       pc - 0x8
core   0: 3 0x8001156c (0xff9ff06f)
core   0: 0x80011564 (0x00001f17) auipc   t5, 0x1
core   0: 3 0x80011564 (0x00001f17) x30 0x80012564
core   0: 0x80011568 (0xa83f2e23) sw      gp, -1380(t5)
core   0: 3 0x80011568 (0xa83f2e23) mem 0x80012000 0x00000001
core   0: 0x8001156c (0xff9ff06f) j       pc - 0x8
core   0: 3 0x8001156c (0xff9ff06f)
core   0: 0x80011564 (0x00001f17) auipc   t5, 0x1
core   0: 3 0x80011564 (0x00001f17) x30 0x80012564
core   0: 0x80011568 (0xa83f2e23) sw      gp, -1380(t5)
core   0: 3 0x80011568 (0xa83f2e23) mem 0x80012000 0x00000001
core   0: 0x8001156c (0xff9ff06f) j       pc - 0x8
core   0: 3 0x8001156c (0xff9ff06f)
core   0: 0x80011564 (0x00001f17) auipc   t5, 0x1
core   0: 3 0x80011564 (0x00001f17) x30 0x80012564
core   0: 0x80011568 (0xa83f2e23) sw      gp, -1380(t5)
core   0: 3 0x80011568 (0xa83f2e23) mem 0x80012000 0x00000001
core   0: 0x8001156c (0xff9ff06f) j       pc - 0x8
core   0: 3 0x8001156c (0xff9ff06f)
core   0: 0x80011564 (0x00001f17) auipc   t5, 0x1
core   0: 3 0x80011564 (0x00001f17) x30 0x80012564
core   0: 0x80011568 (0xa83f2e23) sw      gp, -1380(t5)
core   0: 3 0x80011568 (0xa83f2e23) mem 0x80012000 0x00000001
core   0: 0x8001156c (0xff9ff06f) j       pc - 0x8
core   0: 3 0x8001156c (0xff9ff06f)
core   0: 0x80011564 (0x00001f17) auipc   t5, 0x1
core   0: 3 0x80011564 (0x00001f17) x30 0x80012564
core   0: 0x80011568 (0xa83f2e23) sw      gp, -1380(t5)
core   0: 3 0x80011568 (0xa83f2e23) mem 0x80012000 0x00000001
core   0: 0x8001156c (0xff9ff06f) j       pc - 0x8
core   0: 3 0x8001156c (0xff9ff06f)
core   0: 0x80011564 (0x00001f17) auipc   t5, 0x1
core   0: 3 0x80011564 (0x00001f17) x30 0x80012564
core   0: 0x80011568 (0xa83f2e23) sw      gp, -1380(t5)
core   0: 3 0x80011568 (0xa83f2e23) mem 0x80012000 0x00000001
core   0: 0x8001156c (0xff9ff06f) j       pc - 0x8
core   0: 3 0x8001156c (0xff9ff06f)
core   0: 0x80011564 (0x00001f17) auipc   t5, 0x1
core   0: 3 0x80011564 (0x00001f17) x30 0x80012564
core   0: 0x80011568 (0xa83f2e23) sw      gp, -1380(t5)
core   0: 3 0x80011568 (0xa83f2e23) mem 0x80012000 0x00000001
core   0: 0x8001156c (0xff9ff06f) j       pc - 0x8
core   0: 3 0x8001156c (0xff9ff06f)
core   0: 0x80011564 (0x00001f17) auipc   t5, 0x1
core   0: 3 0x80011564 (0x00001f17) x30 0x80012564
core   0: 0x80011568 (0xa83f2e23) sw      gp, -1380(t5)
core   0: 3 0x80011568 (0xa83f2e23) mem 0x80012000 0x00000001
core   0: 0x8001156c (0xff9ff06f) j       pc - 0x8
core   0: 3 0x8001156c (0xff9ff06f)
core   0: 0x80011564 (0x00001f17) auipc   t5, 0x1
core   0: 3 0x80011564 (0x00001f17) x30 0x80012564
core   0: 0x80011568 (0xa83f2e23) sw      gp, -1380(t5)
core   0: 3 0x80011568 (0xa83f2e23) mem 0x80012000 0x00000001
core   0: 0x8001156c (0xff9ff06f) j       pc - 0x8
core   0: 3 0x8001156c (0xff9ff06f)
core   0: 0x80011564 (0x00001f17) auipc   t5, 0x1
core   0: 3 0x80011564 (0x00001f17) x30 0x80012564
core   0: 0x80011568 (0xa83f2e23) sw      gp, -1380(t5)
core   0: 3 0x80011568 (0xa83f2e23) mem 0x80012000 0x00000001
core   0: 0x8001156c (0xff9ff06f) j       pc - 0x8
core   0: 3 0x8001156c (0xff9ff06f)
core   0: 0x80011564 (0x00001f17) auipc   t5, 0x1
core   0: 3 0x80011564 (0x00001f17) x30 0x80012564
core   0: 0x80011568 (0xa83f2e23) sw      gp, -1380(t5)
core   0: 3 0x80011568 (0xa83f2e23) mem 0x80012000 0x00000001
core   0: 0x8001156c (0xff9ff06f) j       pc - 0x8
core   0: 3 0x8001156c (0xff9ff06f)
core   0: 0x80011564 (0x00001f17) auipc   t5, 0x1
core   0: 3 0x80011564 (0x00001f17) x30 0x80012564
core   0: 0x80011568 (0xa83f2e23) sw      gp, -1380(t5)
core   0: 3 0x80011568 (0xa83f2e23) mem 0x80012000 0x00000001
core   0: 0x8001156c (0xff9ff06f) j       pc - 0x8
core   0: 3 0x8001156c (0xff9ff06f)
core   0: 0x80011564 (0x00001f17) auipc   t5, 0x1
core   0: 3 0x80011564 (0x00001f17) x30 0x80012564
core   0: 0x80011568 (0xa83f2e23) sw      gp, -1380(t5)
core   0: 3 0x80011568 (0xa83f2e23) mem 0x80012000 0x00000001
core   0: 0x8001156c (0xff9ff06f) j       pc - 0x8
core   0: 3 0x8001156c (0xff9ff06f)
core   0: 0x80011564 (0x00001f17) auipc   t5, 0x1
core   0: 3 0x80011564 (0x00001f17) x30 0x80012564
core   0: 0x80011568 (0xa83f2e23) sw      gp, -1380(t5)
core   0: 3 0x80011568 (0xa83f2e23) mem 0x80012000 0x00000001
core   0: 0x8001156c (0xff9ff06f) j       pc - 0x8
core   0: 3 0x8001156c (0xff9ff06f)
core   0: 0x80011564 (0x00001f17) auipc   t5, 0x1
core   0: 3 0x80011564 (0x00001f17) x30 0x80012564
core   0: 0x80011568 (0xa83f2e23) sw      gp, -1380(t5)
core   0: 3 0x80011568 (0xa83f2e23) mem 0x80012000 0x00000001
core   0: 0x8001156c (0xff9ff06f) j       pc - 0x8
core   0: 3 0x8001156c (0xff9ff06f)
core   0: 0x80011564 (0x00001f17) auipc   t5, 0x1
core   0: 3 0x80011564 (0x00001f17) x30 0x80012564
core   0: 0x80011568 (0xa83f2e23) sw      gp, -1380(t5)
core   0: 3 0x80011568 (0xa83f2e23) mem 0x80012000 0x00000001
core   0: 0x8001156c (0xff9ff06f) j       pc - 0x8
core   0: 3 0x8001156c (0xff9ff06f)
core   0: 0x80011564 (0x00001f17) auipc   t5, 0x1
core   0: 3 0x80011564 (0x00001f17) x30 0x80012564
core   0: 0x80011568 (0xa83f2e23) sw      gp, -1380(t5)
core   0: 3 0x80011568 (0xa83f2e23) mem 0x80012000 0x00000001
core   0: 0x8001156c (0xff9ff06f) j       pc - 0x8
core   0: 3 0x8001156c (0xff9ff06f)
core   0: 0x80011564 (0x00001f17) auipc   t5, 0x1
core   0: 3 0x80011564 (0x00001f17) x30 0x80012564
core   0: 0x80011568 (0xa83f2e23) sw      gp, -1380(t5)
core   0: 3 0x80011568 (0xa83f2e23) mem 0x80012000 0x00000001
core   0: 0x8001156c (0xff9ff06f) j       pc - 0x8
core   0: 3 0x8001156c (0xff9ff06f)
core   0: 0x80011564 (0x00001f17) auipc   t5, 0x1
core   0: 3 0x80011564 (0x00001f17) x30 0x80012564
core   0: 0x80011568 (0xa83f2e23) sw      gp, -1380(t5)
core   0: 3 0x80011568 (0xa83f2e23) mem 0x80012000 0x00000001
core   0: 0x8001156c (0xff9ff06f) j       pc - 0x8
core   0: 3 0x8001156c (0xff9ff06f)
core   0: 0x80011564 (0x00001f17) auipc   t5, 0x1
core   0: 3 0x80011564 (0x00001f17) x30 0x80012564
core   0: 0x80011568 (0xa83f2e23) sw      gp, -1380(t5)
core   0: 3 0x80011568 (0xa83f2e23) mem 0x80012000 0x00000001
core   0: 0x8001156c (0xff9ff06f) j       pc - 0x8
core   0: 3 0x8001156c (0xff9ff06f)
core   0: 0x80011564 (0x00001f17) auipc   t5, 0x1
core   0: 3 0x80011564 (0x00001f17) x30 0x80012564
core   0: 0x80011568 (0xa83f2e23) sw      gp, -1380(t5)
core   0: 3 0x80011568 (0xa83f2e23) mem 0x80012000 0x00000001
core   0: 0x8001156c (0xff9ff06f) j       pc - 0x8
core   0: 3 0x8001156c (0xff9ff06f)
core   0: 0x80011564 (0x00001f17) auipc   t5, 0x1
core   0: 3 0x80011564 (0x00001f17) x30 0x80012564
core   0: 0x80011568 (0xa83f2e23) sw      gp, -1380(t5)
core   0: 3 0x80011568 (0xa83f2e23) mem 0x80012000 0x00000001
core   0: 0x8001156c (0xff9ff06f) j       pc - 0x8
core   0: 3 0x8001156c (0xff9ff06f)
core   0: 0x80011564 (0x00001f17) auipc   t5, 0x1
core   0: 3 0x80011564 (0x00001f17) x30 0x80012564
core   0: 0x80011568 (0xa83f2e23) sw      gp, -1380(t5)
core   0: 3 0x80011568 (0xa83f2e23) mem 0x80012000 0x00000001
core   0: 0x8001156c (0xff9ff06f) j       pc - 0x8
core   0: 3 0x8001156c (0xff9ff06f)
core   0: 0x80011564 (0x00001f17) auipc   t5, 0x1
core   0: 3 0x80011564 (0x00001f17) x30 0x80012564
core   0: 0x80011568 (0xa83f2e23) sw      gp, -1380(t5)
core   0: 3 0x80011568 (0xa83f2e23) mem 0x80012000 0x00000001
core   0: 0x8001156c (0xff9ff06f) j       pc - 0x8
core   0: 3 0x8001156c (0xff9ff06f)
core   0: 0x80011564 (0x00001f17) auipc   t5, 0x1
core   0: 3 0x80011564 (0x00001f17) x30 0x80012564
core   0: 0x80011568 (0xa83f2e23) sw      gp, -1380(t5)
core   0: 3 0x80011568 (0xa83f2e23) mem 0x80012000 0x00000001
core   0: 0x8001156c (0xff9ff06f) j       pc - 0x8
core   0: 3 0x8001156c (0xff9ff06f)
core   0: 0x80011564 (0x00001f17) auipc   t5, 0x1
core   0: 3 0x80011564 (0x00001f17) x30 0x80012564
core   0: 0x80011568 (0xa83f2e23) sw      gp, -1380(t5)
core   0: 3 0x80011568 (0xa83f2e23) mem 0x80012000 0x00000001
core   0: 0x8001156c (0xff9ff06f) j       pc - 0x8
core   0: 3 0x8001156c (0xff9ff06f)
core   0: 0x80011564 (0x00001f17) auipc   t5, 0x1
core   0: 3 0x80011564 (0x00001f17) x30 0x80012564
core   0: 0x80011568 (0xa83f2e23) sw      gp, -1380(t5)
core   0: 3 0x80011568 (0xa83f2e23) mem 0x80012000 0x00000001
core   0: 0x8001156c (0xff9ff06f) j       pc - 0x8
core   0: 3 0x8001156c (0xff9ff06f)
core   0: 0x80011564 (0x00001f17) auipc   t5, 0x1
core   0: 3 0x80011564 (0x00001f17) x30 0x80012564
core   0: 0x80011568 (0xa83f2e23) sw      gp, -1380(t5)
core   0: 3 0x80011568 (0xa83f2e23) mem 0x80012000 0x00000001
core   0: 0x8001156c (0xff9ff06f) j       pc - 0x8
core   0: 3 0x8001156c (0xff9ff06f)
core   0: 0x80011564 (0x00001f17) auipc   t5, 0x1
core   0: 3 0x80011564 (0x00001f17) x30 0x80012564
core   0: 0x80011568 (0xa83f2e23) sw      gp, -1380(t5)
core   0: 3 0x80011568 (0xa83f2e23) mem 0x80012000 0x00000001
core   0: 0x8001156c (0xff9ff06f) j       pc - 0x8
core   0: 3 0x8001156c (0xff9ff06f)
core   0: 0x80011564 (0x00001f17) auipc   t5, 0x1
core   0: 3 0x80011564 (0x00001f17) x30 0x80012564
core   0: 0x80011568 (0xa83f2e23) sw      gp, -1380(t5)
core   0: 3 0x80011568 (0xa83f2e23) mem 0x80012000 0x00000001
core   0: 0x8001156c (0xff9ff06f) j       pc - 0x8
core   0: 3 0x8001156c (0xff9ff06f)
core   0: 0x80011564 (0x00001f17) auipc   t5, 0x1
core   0: 3 0x80011564 (0x00001f17) x30 0x80012564
core   0: 0x80011568 (0xa83f2e23) sw      gp, -1380(t5)
core   0: 3 0x80011568 (0xa83f2e23) mem 0x80012000 0x00000001
core   0: 0x8001156c (0xff9ff06f) j       pc - 0x8
core   0: 3 0x8001156c (0xff9ff06f)
core   0: 0x80011564 (0x00001f17) auipc   t5, 0x1
core   0: 3 0x80011564 (0x00001f17) x30 0x80012564
core   0: 0x80011568 (0xa83f2e23) sw      gp, -1380(t5)
core   0: 3 0x80011568 (0xa83f2e23) mem 0x80012000 0x00000001
core   0: 0x8001156c (0xff9ff06f) j       pc - 0x8
core   0: 3 0x8001156c (0xff9ff06f)
core   0: 0x80011564 (0x00001f17) auipc   t5, 0x1
core   0: 3 0x80011564 (0x00001f17) x30 0x80012564
core   0: 0x80011568 (0xa83f2e23) sw      gp, -1380(t5)
core   0: 3 0x80011568 (0xa83f2e23) mem 0x80012000 0x00000001
core   0: 0x8001156c (0xff9ff06f) j       pc - 0x8
core   0: 3 0x8001156c (0xff9ff06f)
core   0: 0x80011564 (0x00001f17) auipc   t5, 0x1
core   0: 3 0x80011564 (0x00001f17) x30 0x80012564
core   0: 0x80011568 (0xa83f2e23) sw      gp, -1380(t5)
core   0: 3 0x80011568 (0xa83f2e23) mem 0x80012000 0x00000001
core   0: 0x8001156c (0xff9ff06f) j       pc - 0x8
core   0: 3 0x8001156c (0xff9ff06f)
core   0: 0x80011564 (0x00001f17) auipc   t5, 0x1
core   0: 3 0x80011564 (0x00001f17) x30 0x80012564
core   0: 0x80011568 (0xa83f2e23) sw      gp, -1380(t5)
core   0: 3 0x80011568 (0xa83f2e23) mem 0x80012000 0x00000001
core   0: 0x8001156c (0xff9ff06f) j       pc - 0x8
core   0: 3 0x8001156c (0xff9ff06f)
core   0: 0x80011564 (0x00001f17) auipc   t5, 0x1
core   0: 3 0x80011564 (0x00001f17) x30 0x80012564
core   0: 0x80011568 (0xa83f2e23) sw      gp, -1380(t5)
core   0: 3 0x80011568 (0xa83f2e23) mem 0x80012000 0x00000001
core   0: 0x8001156c (0xff9ff06f) j       pc - 0x8
core   0: 3 0x8001156c (0xff9ff06f)
core   0: 0x80011564 (0x00001f17) auipc   t5, 0x1
core   0: 3 0x80011564 (0x00001f17) x30 0x80012564
core   0: 0x80011568 (0xa83f2e23) sw      gp, -1380(t5)
core   0: 3 0x80011568 (0xa83f2e23) mem 0x80012000 0x00000001
core   0: 0x8001156c (0xff9ff06f) j       pc - 0x8
core   0: 3 0x8001156c (0xff9ff06f)
core   0: 0x80011564 (0x00001f17) auipc   t5, 0x1
core   0: 3 0x80011564 (0x00001f17) x30 0x80012564
core   0: 0x80011568 (0xa83f2e23) sw      gp, -1380(t5)
core   0: 3 0x80011568 (0xa83f2e23) mem 0x80012000 0x00000001
core   0: 0x8001156c (0xff9ff06f) j       pc - 0x8
core   0: 3 0x8001156c (0xff9ff06f)
core   0: 0x80011564 (0x00001f17) auipc   t5, 0x1
core   0: 3 0x80011564 (0x00001f17) x30 0x80012564
core   0: 0x80011568 (0xa83f2e23) sw      gp, -1380(t5)
core   0: 3 0x80011568 (0xa83f2e23) mem 0x80012000 0x00000001
core   0: 0x8001156c (0xff9ff06f) j       pc - 0x8
core   0: 3 0x8001156c (0xff9ff06f)
core   0: 0x80011564 (0x00001f17) auipc   t5, 0x1
core   0: 3 0x80011564 (0x00001f17) x30 0x80012564
core   0: 0x80011568 (0xa83f2e23) sw      gp, -1380(t5)
core   0: 3 0x80011568 (0xa83f2e23) mem 0x80012000 0x00000001
core   0: 0x8001156c (0xff9ff06f) j       pc - 0x8
core   0: 3 0x8001156c (0xff9ff06f)
core   0: 0x80011564 (0x00001f17) auipc   t5, 0x1
core   0: 3 0x80011564 (0x00001f17) x30 0x80012564
core   0: 0x80011568 (0xa83f2e23) sw      gp, -1380(t5)
core   0: 3 0x80011568 (0xa83f2e23) mem 0x80012000 0x00000001
core   0: 0x8001156c (0xff9ff06f) j       pc - 0x8
core   0: 3 0x8001156c (0xff9ff06f)
core   0: 0x80011564 (0x00001f17) auipc   t5, 0x1
core   0: 3 0x80011564 (0x00001f17) x30 0x80012564
core   0: 0x80011568 (0xa83f2e23) sw      gp, -1380(t5)
core   0: 3 0x80011568 (0xa83f2e23) mem 0x80012000 0x00000001
core   0: 0x8001156c (0xff9ff06f) j       pc - 0x8
core   0: 3 0x8001156c (0xff9ff06f)
core   0: 0x80011564 (0x00001f17) auipc   t5, 0x1
core   0: 3 0x80011564 (0x00001f17) x30 0x80012564
core   0: 0x80011568 (0xa83f2e23) sw      gp, -1380(t5)
core   0: 3 0x80011568 (0xa83f2e23) mem 0x80012000 0x00000001
core   0: 0x8001156c (0xff9ff06f) j       pc - 0x8
core   0: 3 0x8001156c (0xff9ff06f)
core   0: 0x80011564 (0x00001f17) auipc   t5, 0x1
core   0: 3 0x80011564 (0x00001f17) x30 0x80012564
core   0: 0x80011568 (0xa83f2e23) sw      gp, -1380(t5)
core   0: 3 0x80011568 (0xa83f2e23) mem 0x80012000 0x00000001
core   0: 0x8001156c (0xff9ff06f) j       pc - 0x8
core   0: 3 0x8001156c (0xff9ff06f)
core   0: 0x80011564 (0x00001f17) auipc   t5, 0x1
core   0: 3 0x80011564 (0x00001f17) x30 0x80012564
core   0: 0x80011568 (0xa83f2e23) sw      gp, -1380(t5)
core   0: 3 0x80011568 (0xa83f2e23) mem 0x80012000 0x00000001
core   0: 0x8001156c (0xff9ff06f) j       pc - 0x8
core   0: 3 0x8001156c (0xff9ff06f)
core   0: 0x80011564 (0x00001f17) auipc   t5, 0x1
core   0: 3 0x80011564 (0x00001f17) x30 0x80012564
core   0: 0x80011568 (0xa83f2e23) sw      gp, -1380(t5)
core   0: 3 0x80011568 (0xa83f2e23) mem 0x80012000 0x00000001
core   0: 0x8001156c (0xff9ff06f) j       pc - 0x8
core   0: 3 0x8001156c (0xff9ff06f)
core   0: 0x80011564 (0x00001f17) auipc   t5, 0x1
core   0: 3 0x80011564 (0x00001f17) x30 0x80012564
core   0: 0x80011568 (0xa83f2e23) sw      gp, -1380(t5)
core   0: 3 0x80011568 (0xa83f2e23) mem 0x80012000 0x00000001
core   0: 0x8001156c (0xff9ff06f) j       pc - 0x8
core   0: 3 0x8001156c (0xff9ff06f)
core   0: 0x80011564 (0x00001f17) auipc   t5, 0x1
core   0: 3 0x80011564 (0x00001f17) x30 0x80012564
core   0: 0x80011568 (0xa83f2e23) sw      gp, -1380(t5)
core   0: 3 0x80011568 (0xa83f2e23) mem 0x80012000 0x00000001
core   0: 0x8001156c (0xff9ff06f) j       pc - 0x8
core   0: 3 0x8001156c (0xff9ff06f)
core   0: 0x80011564 (0x00001f17) auipc   t5, 0x1
core   0: 3 0x80011564 (0x00001f17) x30 0x80012564
core   0: 0x80011568 (0xa83f2e23) sw      gp, -1380(t5)
core   0: 3 0x80011568 (0xa83f2e23) mem 0x80012000 0x00000001
core   0: 0x8001156c (0xff9ff06f) j       pc - 0x8
core   0: 3 0x8001156c (0xff9ff06f)
core   0: 0x80011564 (0x00001f17) auipc   t5, 0x1
core   0: 3 0x80011564 (0x00001f17) x30 0x80012564
core   0: 0x80011568 (0xa83f2e23) sw      gp, -1380(t5)
core   0: 3 0x80011568 (0xa83f2e23) mem 0x80012000 0x00000001
core   0: 0x8001156c (0xff9ff06f) j       pc - 0x8
core   0: 3 0x8001156c (0xff9ff06f)
core   0: 0x80011564 (0x00001f17) auipc   t5, 0x1
core   0: 3 0x80011564 (0x00001f17) x30 0x80012564
core   0: 0x80011568 (0xa83f2e23) sw      gp, -1380(t5)
core   0: 3 0x80011568 (0xa83f2e23) mem 0x80012000 0x00000001
core   0: 0x8001156c (0xff9ff06f) j       pc - 0x8
core   0: 3 0x8001156c (0xff9ff06f)
core   0: 0x80011564 (0x00001f17) auipc   t5, 0x1
core   0: 3 0x80011564 (0x00001f17) x30 0x80012564
core   0: 0x80011568 (0xa83f2e23) sw      gp, -1380(t5)
core   0: 3 0x80011568 (0xa83f2e23) mem 0x80012000 0x00000001
core   0: 0x8001156c (0xff9ff06f) j       pc - 0x8
core   0: 3 0x8001156c (0xff9ff06f)
core   0: 0x80011564 (0x00001f17) auipc   t5, 0x1
core   0: 3 0x80011564 (0x00001f17) x30 0x80012564
core   0: 0x80011568 (0xa83f2e23) sw      gp, -1380(t5)
core   0: 3 0x80011568 (0xa83f2e23) mem 0x80012000 0x00000001
core   0: 0x8001156c (0xff9ff06f) j       pc - 0x8
core   0: 3 0x8001156c (0xff9ff06f)
core   0: 0x80011564 (0x00001f17) auipc   t5, 0x1
core   0: 3 0x80011564 (0x00001f17) x30 0x80012564
core   0: 0x80011568 (0xa83f2e23) sw      gp, -1380(t5)
core   0: 3 0x80011568 (0xa83f2e23) mem 0x80012000 0x00000001
core   0: 0x8001156c (0xff9ff06f) j       pc - 0x8
core   0: 3 0x8001156c (0xff9ff06f)
core   0: 0x80011564 (0x00001f17) auipc   t5, 0x1
core   0: 3 0x80011564 (0x00001f17) x30 0x80012564
core   0: 0x80011568 (0xa83f2e23) sw      gp, -1380(t5)
core   0: 3 0x80011568 (0xa83f2e23) mem 0x80012000 0x00000001
core   0: 0x8001156c (0xff9ff06f) j       pc - 0x8
core   0: 3 0x8001156c (0xff9ff06f)
core   0: 0x80011564 (0x00001f17) auipc   t5, 0x1
core   0: 3 0x80011564 (0x00001f17) x30 0x80012564
core   0: 0x80011568 (0xa83f2e23) sw      gp, -1380(t5)
core   0: 3 0x80011568 (0xa83f2e23) mem 0x80012000 0x00000001
core   0: 0x8001156c (0xff9ff06f) j       pc - 0x8
core   0: 3 0x8001156c (0xff9ff06f)
core   0: 0x80011564 (0x00001f17) auipc   t5, 0x1
core   0: 3 0x80011564 (0x00001f17) x30 0x80012564
core   0: 0x80011568 (0xa83f2e23) sw      gp, -1380(t5)
core   0: 3 0x80011568 (0xa83f2e23) mem 0x80012000 0x00000001
core   0: 0x8001156c (0xff9ff06f) j       pc - 0x8
core   0: 3 0x8001156c (0xff9ff06f)
core   0: 0x80011564 (0x00001f17) auipc   t5, 0x1
core   0: 3 0x80011564 (0x00001f17) x30 0x80012564
core   0: 0x80011568 (0xa83f2e23) sw      gp, -1380(t5)
core   0: 3 0x80011568 (0xa83f2e23) mem 0x80012000 0x00000001
core   0: 0x8001156c (0xff9ff06f) j       pc - 0x8
core   0: 3 0x8001156c (0xff9ff06f)
core   0: 0x80011564 (0x00001f17) auipc   t5, 0x1
core   0: 3 0x80011564 (0x00001f17) x30 0x80012564
core   0: 0x80011568 (0xa83f2e23) sw      gp, -1380(t5)
core   0: 3 0x80011568 (0xa83f2e23) mem 0x80012000 0x00000001
core   0: 0x8001156c (0xff9ff06f) j       pc - 0x8
core   0: 3 0x8001156c (0xff9ff06f)
core   0: 0x80011564 (0x00001f17) auipc   t5, 0x1
core   0: 3 0x80011564 (0x00001f17) x30 0x80012564
core   0: 0x80011568 (0xa83f2e23) sw      gp, -1380(t5)
core   0: 3 0x80011568 (0xa83f2e23) mem 0x80012000 0x00000001
core   0: 0x8001156c (0xff9ff06f) j       pc - 0x8
core   0: 3 0x8001156c (0xff9ff06f)
core   0: 0x80011564 (0x00001f17) auipc   t5, 0x1
core   0: 3 0x80011564 (0x00001f17) x30 0x80012564
core   0: 0x80011568 (0xa83f2e23) sw      gp, -1380(t5)
core   0: 3 0x80011568 (0xa83f2e23) mem 0x80012000 0x00000001
core   0: 0x8001156c (0xff9ff06f) j       pc - 0x8
core   0: 3 0x8001156c (0xff9ff06f)
core   0: 0x80011564 (0x00001f17) auipc   t5, 0x1
core   0: 3 0x80011564 (0x00001f17) x30 0x80012564
core   0: 0x80011568 (0xa83f2e23) sw      gp, -1380(t5)
core   0: 3 0x80011568 (0xa83f2e23) mem 0x80012000 0x00000001
core   0: 0x8001156c (0xff9ff06f) j       pc - 0x8
core   0: 3 0x8001156c (0xff9ff06f)
core   0: 0x80011564 (0x00001f17) auipc   t5, 0x1
core   0: 3 0x80011564 (0x00001f17) x30 0x80012564
core   0: 0x80011568 (0xa83f2e23) sw      gp, -1380(t5)
core   0: 3 0x80011568 (0xa83f2e23) mem 0x80012000 0x00000001
core   0: 0x8001156c (0xff9ff06f) j       pc - 0x8
core   0: 3 0x8001156c (0xff9ff06f)
core   0: 0x80011564 (0x00001f17) auipc   t5, 0x1
core   0: 3 0x80011564 (0x00001f17) x30 0x80012564
core   0: 0x80011568 (0xa83f2e23) sw      gp, -1380(t5)
core   0: 3 0x80011568 (0xa83f2e23) mem 0x80012000 0x00000001
core   0: 0x8001156c (0xff9ff06f) j       pc - 0x8
core   0: 3 0x8001156c (0xff9ff06f)
core   0: 0x80011564 (0x00001f17) auipc   t5, 0x1
core   0: 3 0x80011564 (0x00001f17) x30 0x80012564
core   0: 0x80011568 (0xa83f2e23) sw      gp, -1380(t5)
core   0: 3 0x80011568 (0xa83f2e23) mem 0x80012000 0x00000001
core   0: 0x8001156c (0xff9ff06f) j       pc - 0x8
core   0: 3 0x8001156c (0xff9ff06f)
core   0: 0x80011564 (0x00001f17) auipc   t5, 0x1
core   0: 3 0x80011564 (0x00001f17) x30 0x80012564
core   0: 0x80011568 (0xa83f2e23) sw      gp, -1380(t5)
core   0: 3 0x80011568 (0xa83f2e23) mem 0x80012000 0x00000001
core   0: 0x8001156c (0xff9ff06f) j       pc - 0x8
core   0: 3 0x8001156c (0xff9ff06f)
core   0: 0x80011564 (0x00001f17) auipc   t5, 0x1
core   0: 3 0x80011564 (0x00001f17) x30 0x80012564
core   0: 0x80011568 (0xa83f2e23) sw      gp, -1380(t5)
core   0: 3 0x80011568 (0xa83f2e23) mem 0x80012000 0x00000001
core   0: 0x8001156c (0xff9ff06f) j       pc - 0x8
core   0: 3 0x8001156c (0xff9ff06f)
core   0: 0x80011564 (0x00001f17) auipc   t5, 0x1
core   0: 3 0x80011564 (0x00001f17) x30 0x80012564
core   0: 0x80011568 (0xa83f2e23) sw      gp, -1380(t5)
core   0: 3 0x80011568 (0xa83f2e23) mem 0x80012000 0x00000001
core   0: 0x8001156c (0xff9ff06f) j       pc - 0x8
core   0: 3 0x8001156c (0xff9ff06f)
core   0: 0x80011564 (0x00001f17) auipc   t5, 0x1
core   0: 3 0x80011564 (0x00001f17) x30 0x80012564
core   0: 0x80011568 (0xa83f2e23) sw      gp, -1380(t5)
core   0: 3 0x80011568 (0xa83f2e23) mem 0x80012000 0x00000001
core   0: 0x8001156c (0xff9ff06f) j       pc - 0x8
core   0: 3 0x8001156c (0xff9ff06f)
core   0: 0x80011564 (0x00001f17) auipc   t5, 0x1
core   0: 3 0x80011564 (0x00001f17) x30 0x80012564
core   0: 0x80011568 (0xa83f2e23) sw      gp, -1380(t5)
core   0: 3 0x80011568 (0xa83f2e23) mem 0x80012000 0x00000001
core   0: 0x8001156c (0xff9ff06f) j       pc - 0x8
core   0: 3 0x8001156c (0xff9ff06f)
core   0: 0x80011564 (0x00001f17) auipc   t5, 0x1
core   0: 3 0x80011564 (0x00001f17) x30 0x80012564
core   0: 0x80011568 (0xa83f2e23) sw      gp, -1380(t5)
core   0: 3 0x80011568 (0xa83f2e23) mem 0x80012000 0x00000001
core   0: 0x8001156c (0xff9ff06f) j       pc - 0x8
core   0: 3 0x8001156c (0xff9ff06f)
core   0: 0x80011564 (0x00001f17) auipc   t5, 0x1
core   0: 3 0x80011564 (0x00001f17) x30 0x80012564
core   0: 0x80011568 (0xa83f2e23) sw      gp, -1380(t5)
core   0: 3 0x80011568 (0xa83f2e23) mem 0x80012000 0x00000001
core   0: 0x8001156c (0xff9ff06f) j       pc - 0x8
core   0: 3 0x8001156c (0xff9ff06f)
core   0: 0x80011564 (0x00001f17) auipc   t5, 0x1
core   0: 3 0x80011564 (0x00001f17) x30 0x80012564
core   0: 0x80011568 (0xa83f2e23) sw      gp, -1380(t5)
core   0: 3 0x80011568 (0xa83f2e23) mem 0x80012000 0x00000001
core   0: 0x8001156c (0xff9ff06f) j       pc - 0x8
core   0: 3 0x8001156c (0xff9ff06f)
core   0: 0x80011564 (0x00001f17) auipc   t5, 0x1
core   0: 3 0x80011564 (0x00001f17) x30 0x80012564
core   0: 0x80011568 (0xa83f2e23) sw      gp, -1380(t5)
core   0: 3 0x80011568 (0xa83f2e23) mem 0x80012000 0x00000001
core   0: 0x8001156c (0xff9ff06f) j       pc - 0x8
core   0: 3 0x8001156c (0xff9ff06f)
core   0: 0x80011564 (0x00001f17) auipc   t5, 0x1
core   0: 3 0x80011564 (0x00001f17) x30 0x80012564
core   0: 0x80011568 (0xa83f2e23) sw      gp, -1380(t5)
core   0: 3 0x80011568 (0xa83f2e23) mem 0x80012000 0x00000001
core   0: 0x8001156c (0xff9ff06f) j       pc - 0x8
core   0: 3 0x8001156c (0xff9ff06f)
core   0: 0x80011564 (0x00001f17) auipc   t5, 0x1
core   0: 3 0x80011564 (0x00001f17) x30 0x80012564
core   0: 0x80011568 (0xa83f2e23) sw      gp, -1380(t5)
core   0: 3 0x80011568 (0xa83f2e23) mem 0x80012000 0x00000001
core   0: 0x8001156c (0xff9ff06f) j       pc - 0x8
core   0: 3 0x8001156c (0xff9ff06f)
core   0: 0x80011564 (0x00001f17) auipc   t5, 0x1
core   0: 3 0x80011564 (0x00001f17) x30 0x80012564
core   0: 0x80011568 (0xa83f2e23) sw      gp, -1380(t5)
core   0: 3 0x80011568 (0xa83f2e23) mem 0x80012000 0x00000001
core   0: 0x8001156c (0xff9ff06f) j       pc - 0x8
core   0: 3 0x8001156c (0xff9ff06f)
core   0: 0x80011564 (0x00001f17) auipc   t5, 0x1
core   0: 3 0x80011564 (0x00001f17) x30 0x80012564
core   0: 0x80011568 (0xa83f2e23) sw      gp, -1380(t5)
core   0: 3 0x80011568 (0xa83f2e23) mem 0x80012000 0x00000001
core   0: 0x8001156c (0xff9ff06f) j       pc - 0x8
core   0: 3 0x8001156c (0xff9ff06f)
core   0: 0x80011564 (0x00001f17) auipc   t5, 0x1
core   0: 3 0x80011564 (0x00001f17) x30 0x80012564
core   0: 0x80011568 (0xa83f2e23) sw      gp, -1380(t5)
core   0: 3 0x80011568 (0xa83f2e23) mem 0x80012000 0x00000001
core   0: 0x8001156c (0xff9ff06f) j       pc - 0x8
core   0: 3 0x8001156c (0xff9ff06f)
core   0: 0x80011564 (0x00001f17) auipc   t5, 0x1
core   0: 3 0x80011564 (0x00001f17) x30 0x80012564
core   0: 0x80011568 (0xa83f2e23) sw      gp, -1380(t5)
core   0: 3 0x80011568 (0xa83f2e23) mem 0x80012000 0x00000001
core   0: 0x8001156c (0xff9ff06f) j       pc - 0x8
core   0: 3 0x8001156c (0xff9ff06f)
core   0: 0x80011564 (0x00001f17) auipc   t5, 0x1
core   0: 3 0x80011564 (0x00001f17) x30 0x80012564
core   0: 0x80011568 (0xa83f2e23) sw      gp, -1380(t5)
core   0: 3 0x80011568 (0xa83f2e23) mem 0x80012000 0x00000001
core   0: 0x8001156c (0xff9ff06f) j       pc - 0x8
core   0: 3 0x8001156c (0xff9ff06f)
core   0: 0x80011564 (0x00001f17) auipc   t5, 0x1
core   0: 3 0x80011564 (0x00001f17) x30 0x80012564
core   0: 0x80011568 (0xa83f2e23) sw      gp, -1380(t5)
core   0: 3 0x80011568 (0xa83f2e23) mem 0x80012000 0x00000001
core   0: 0x8001156c (0xff9ff06f) j       pc - 0x8
core   0: 3 0x8001156c (0xff9ff06f)
core   0: 0x80011564 (0x00001f17) auipc   t5, 0x1
core   0: 3 0x80011564 (0x00001f17) x30 0x80012564
core   0: 0x80011568 (0xa83f2e23) sw      gp, -1380(t5)
core   0: 3 0x80011568 (0xa83f2e23) mem 0x80012000 0x00000001
core   0: 0x8001156c (0xff9ff06f) j       pc - 0x8
core   0: 3 0x8001156c (0xff9ff06f)
core   0: 0x80011564 (0x00001f17) auipc   t5, 0x1
core   0: 3 0x80011564 (0x00001f17) x30 0x80012564
core   0: 0x80011568 (0xa83f2e23) sw      gp, -1380(t5)
core   0: 3 0x80011568 (0xa83f2e23) mem 0x80012000 0x00000001
core   0: 0x8001156c (0xff9ff06f) j       pc - 0x8
core   0: 3 0x8001156c (0xff9ff06f)
core   0: 0x80011564 (0x00001f17) auipc   t5, 0x1
core   0: 3 0x80011564 (0x00001f17) x30 0x80012564
core   0: 0x80011568 (0xa83f2e23) sw      gp, -1380(t5)
core   0: 3 0x80011568 (0xa83f2e23) mem 0x80012000 0x00000001
core   0: 0x8001156c (0xff9ff06f) j       pc - 0x8
core   0: 3 0x8001156c (0xff9ff06f)
core   0: 0x80011564 (0x00001f17) auipc   t5, 0x1
core   0: 3 0x80011564 (0x00001f17) x30 0x80012564
core   0: 0x80011568 (0xa83f2e23) sw      gp, -1380(t5)
core   0: 3 0x80011568 (0xa83f2e23) mem 0x80012000 0x00000001
core   0: 0x8001156c (0xff9ff06f) j       pc - 0x8
core   0: 3 0x8001156c (0xff9ff06f)
core   0: 0x80011564 (0x00001f17) auipc   t5, 0x1
core   0: 3 0x80011564 (0x00001f17) x30 0x80012564
core   0: 0x80011568 (0xa83f2e23) sw      gp, -1380(t5)
core   0: 3 0x80011568 (0xa83f2e23) mem 0x80012000 0x00000001
core   0: 0x8001156c (0xff9ff06f) j       pc - 0x8
core   0: 3 0x8001156c (0xff9ff06f)
core   0: 0x80011564 (0x00001f17) auipc   t5, 0x1
core   0: 3 0x80011564 (0x00001f17) x30 0x80012564
core   0: 0x80011568 (0xa83f2e23) sw      gp, -1380(t5)
core   0: 3 0x80011568 (0xa83f2e23) mem 0x80012000 0x00000001
core   0: 0x8001156c (0xff9ff06f) j       pc - 0x8
core   0: 3 0x8001156c (0xff9ff06f)
core   0: 0x80011564 (0x00001f17) auipc   t5, 0x1
core   0: 3 0x80011564 (0x00001f17) x30 0x80012564
core   0: 0x80011568 (0xa83f2e23) sw      gp, -1380(t5)
core   0: 3 0x80011568 (0xa83f2e23) mem 0x80012000 0x00000001
core   0: 0x8001156c (0xff9ff06f) j       pc - 0x8
core   0: 3 0x8001156c (0xff9ff06f)
core   0: 0x80011564 (0x00001f17) auipc   t5, 0x1
core   0: 3 0x80011564 (0x00001f17) x30 0x80012564
core   0: 0x80011568 (0xa83f2e23) sw      gp, -1380(t5)
core   0: 3 0x80011568 (0xa83f2e23) mem 0x80012000 0x00000001
core   0: 0x8001156c (0xff9ff06f) j       pc - 0x8
core   0: 3 0x8001156c (0xff9ff06f)
core   0: 0x80011564 (0x00001f17) auipc   t5, 0x1
core   0: 3 0x80011564 (0x00001f17) x30 0x80012564
core   0: 0x80011568 (0xa83f2e23) sw      gp, -1380(t5)
core   0: 3 0x80011568 (0xa83f2e23) mem 0x80012000 0x00000001
core   0: 0x8001156c (0xff9ff06f) j       pc - 0x8
core   0: 3 0x8001156c (0xff9ff06f)
core   0: 0x80011564 (0x00001f17) auipc   t5, 0x1
core   0: 3 0x80011564 (0x00001f17) x30 0x80012564
core   0: 0x80011568 (0xa83f2e23) sw      gp, -1380(t5)
core   0: 3 0x80011568 (0xa83f2e23) mem 0x80012000 0x00000001
core   0: 0x8001156c (0xff9ff06f) j       pc - 0x8
core   0: 3 0x8001156c (0xff9ff06f)
core   0: 0x80011564 (0x00001f17) auipc   t5, 0x1
core   0: 3 0x80011564 (0x00001f17) x30 0x80012564
core   0: 0x80011568 (0xa83f2e23) sw      gp, -1380(t5)
core   0: 3 0x80011568 (0xa83f2e23) mem 0x80012000 0x00000001
core   0: 0x8001156c (0xff9ff06f) j       pc - 0x8
core   0: 3 0x8001156c (0xff9ff06f)
core   0: 0x80011564 (0x00001f17) auipc   t5, 0x1
core   0: 3 0x80011564 (0x00001f17) x30 0x80012564
core   0: 0x80011568 (0xa83f2e23) sw      gp, -1380(t5)
core   0: 3 0x80011568 (0xa83f2e23) mem 0x80012000 0x00000001
core   0: 0x8001156c (0xff9ff06f) j       pc - 0x8
core   0: 3 0x8001156c (0xff9ff06f)
core   0: 0x80011564 (0x00001f17) auipc   t5, 0x1
core   0: 3 0x80011564 (0x00001f17) x30 0x80012564
core   0: 0x80011568 (0xa83f2e23) sw      gp, -1380(t5)
core   0: 3 0x80011568 (0xa83f2e23) mem 0x80012000 0x00000001
core   0: 0x8001156c (0xff9ff06f) j       pc - 0x8
core   0: 3 0x8001156c (0xff9ff06f)
core   0: 0x80011564 (0x00001f17) auipc   t5, 0x1
core   0: 3 0x80011564 (0x00001f17) x30 0x80012564
core   0: 0x80011568 (0xa83f2e23) sw      gp, -1380(t5)
core   0: 3 0x80011568 (0xa83f2e23) mem 0x80012000 0x00000001
core   0: 0x8001156c (0xff9ff06f) j       pc - 0x8
core   0: 3 0x8001156c (0xff9ff06f)
core   0: 0x80011564 (0x00001f17) auipc   t5, 0x1
core   0: 3 0x80011564 (0x00001f17) x30 0x80012564
core   0: 0x80011568 (0xa83f2e23) sw      gp, -1380(t5)
core   0: 3 0x80011568 (0xa83f2e23) mem 0x80012000 0x00000001
core   0: 0x8001156c (0xff9ff06f) j       pc - 0x8
core   0: 3 0x8001156c (0xff9ff06f)
core   0: 0x80011564 (0x00001f17) auipc   t5, 0x1
core   0: 3 0x80011564 (0x00001f17) x30 0x80012564
core   0: 0x80011568 (0xa83f2e23) sw      gp, -1380(t5)
core   0: 3 0x80011568 (0xa83f2e23) mem 0x80012000 0x00000001
core   0: 0x8001156c (0xff9ff06f) j       pc - 0x8
core   0: 3 0x8001156c (0xff9ff06f)
core   0: 0x80011564 (0x00001f17) auipc   t5, 0x1
core   0: 3 0x80011564 (0x00001f17) x30 0x80012564
core   0: 0x80011568 (0xa83f2e23) sw      gp, -1380(t5)
core   0: 3 0x80011568 (0xa83f2e23) mem 0x80012000 0x00000001
core   0: 0x8001156c (0xff9ff06f) j       pc - 0x8
core   0: 3 0x8001156c (0xff9ff06f)
core   0: 0x80011564 (0x00001f17) auipc   t5, 0x1
core   0: 3 0x80011564 (0x00001f17) x30 0x80012564
core   0: 0x80011568 (0xa83f2e23) sw      gp, -1380(t5)
core   0: 3 0x80011568 (0xa83f2e23) mem 0x80012000 0x00000001
core   0: 0x8001156c (0xff9ff06f) j       pc - 0x8
core   0: 3 0x8001156c (0xff9ff06f)
core   0: 0x80011564 (0x00001f17) auipc   t5, 0x1
core   0: 3 0x80011564 (0x00001f17) x30 0x80012564
core   0: 0x80011568 (0xa83f2e23) sw      gp, -1380(t5)
core   0: 3 0x80011568 (0xa83f2e23) mem 0x80012000 0x00000001
core   0: 0x8001156c (0xff9ff06f) j       pc - 0x8
core   0: 3 0x8001156c (0xff9ff06f)
core   0: 0x80011564 (0x00001f17) auipc   t5, 0x1
core   0: 3 0x80011564 (0x00001f17) x30 0x80012564
core   0: 0x80011568 (0xa83f2e23) sw      gp, -1380(t5)
core   0: 3 0x80011568 (0xa83f2e23) mem 0x80012000 0x00000001
core   0: 0x8001156c (0xff9ff06f) j       pc - 0x8
core   0: 3 0x8001156c (0xff9ff06f)
core   0: 0x80011564 (0x00001f17) auipc   t5, 0x1
core   0: 3 0x80011564 (0x00001f17) x30 0x80012564
core   0: 0x80011568 (0xa83f2e23) sw      gp, -1380(t5)
core   0: 3 0x80011568 (0xa83f2e23) mem 0x80012000 0x00000001
core   0: 0x8001156c (0xff9ff06f) j       pc - 0x8
core   0: 3 0x8001156c (0xff9ff06f)
core   0: 0x80011564 (0x00001f17) auipc   t5, 0x1
core   0: 3 0x80011564 (0x00001f17) x30 0x80012564
core   0: 0x80011568 (0xa83f2e23) sw      gp, -1380(t5)
core   0: 3 0x80011568 (0xa83f2e23) mem 0x80012000 0x00000001
core   0: 0x8001156c (0xff9ff06f) j       pc - 0x8
core   0: 3 0x8001156c (0xff9ff06f)
core   0: 0x80011564 (0x00001f17) auipc   t5, 0x1
core   0: 3 0x80011564 (0x00001f17) x30 0x80012564
core   0: 0x80011568 (0xa83f2e23) sw      gp, -1380(t5)
core   0: 3 0x80011568 (0xa83f2e23) mem 0x80012000 0x00000001
core   0: 0x8001156c (0xff9ff06f) j       pc - 0x8
core   0: 3 0x8001156c (0xff9ff06f)
core   0: 0x80011564 (0x00001f17) auipc   t5, 0x1
core   0: 3 0x80011564 (0x00001f17) x30 0x80012564
core   0: 0x80011568 (0xa83f2e23) sw      gp, -1380(t5)
core   0: 3 0x80011568 (0xa83f2e23) mem 0x80012000 0x00000001
core   0: 0x8001156c (0xff9ff06f) j       pc - 0x8
core   0: 3 0x8001156c (0xff9ff06f)
core   0: 0x80011564 (0x00001f17) auipc   t5, 0x1
core   0: 3 0x80011564 (0x00001f17) x30 0x80012564
core   0: 0x80011568 (0xa83f2e23) sw      gp, -1380(t5)
core   0: 3 0x80011568 (0xa83f2e23) mem 0x80012000 0x00000001
core   0: 0x8001156c (0xff9ff06f) j       pc - 0x8
core   0: 3 0x8001156c (0xff9ff06f)
core   0: 0x80011564 (0x00001f17) auipc   t5, 0x1
core   0: 3 0x80011564 (0x00001f17) x30 0x80012564
core   0: 0x80011568 (0xa83f2e23) sw      gp, -1380(t5)
core   0: 3 0x80011568 (0xa83f2e23) mem 0x80012000 0x00000001
core   0: 0x8001156c (0xff9ff06f) j       pc - 0x8
core   0: 3 0x8001156c (0xff9ff06f)
core   0: 0x80011564 (0x00001f17) auipc   t5, 0x1
core   0: 3 0x80011564 (0x00001f17) x30 0x80012564
core   0: 0x80011568 (0xa83f2e23) sw      gp, -1380(t5)
core   0: 3 0x80011568 (0xa83f2e23) mem 0x80012000 0x00000001
core   0: 0x8001156c (0xff9ff06f) j       pc - 0x8
core   0: 3 0x8001156c (0xff9ff06f)
core   0: 0x80011564 (0x00001f17) auipc   t5, 0x1
core   0: 3 0x80011564 (0x00001f17) x30 0x80012564
core   0: 0x80011568 (0xa83f2e23) sw      gp, -1380(t5)
core   0: 3 0x80011568 (0xa83f2e23) mem 0x80012000 0x00000001
core   0: 0x8001156c (0xff9ff06f) j       pc - 0x8
core   0: 3 0x8001156c (0xff9ff06f)
core   0: 0x80011564 (0x00001f17) auipc   t5, 0x1
core   0: 3 0x80011564 (0x00001f17) x30 0x80012564
core   0: 0x80011568 (0xa83f2e23) sw      gp, -1380(t5)
core   0: 3 0x80011568 (0xa83f2e23) mem 0x80012000 0x00000001
core   0: 0x8001156c (0xff9ff06f) j       pc - 0x8
core   0: 3 0x8001156c (0xff9ff06f)
core   0: 0x80011564 (0x00001f17) auipc   t5, 0x1
core   0: 3 0x80011564 (0x00001f17) x30 0x80012564
core   0: 0x80011568 (0xa83f2e23) sw      gp, -1380(t5)
core   0: 3 0x80011568 (0xa83f2e23) mem 0x80012000 0x00000001
core   0: 0x8001156c (0xff9ff06f) j       pc - 0x8
core   0: 3 0x8001156c (0xff9ff06f)
core   0: 0x80011564 (0x00001f17) auipc   t5, 0x1
core   0: 3 0x80011564 (0x00001f17) x30 0x80012564
core   0: 0x80011568 (0xa83f2e23) sw      gp, -1380(t5)
core   0: 3 0x80011568 (0xa83f2e23) mem 0x80012000 0x00000001
core   0: 0x8001156c (0xff9ff06f) j       pc - 0x8
core   0: 3 0x8001156c (0xff9ff06f)
core   0: 0x80011564 (0x00001f17) auipc   t5, 0x1
core   0: 3 0x80011564 (0x00001f17) x30 0x80012564
core   0: 0x80011568 (0xa83f2e23) sw      gp, -1380(t5)
core   0: 3 0x80011568 (0xa83f2e23) mem 0x80012000 0x00000001
core   0: 0x8001156c (0xff9ff06f) j       pc - 0x8
core   0: 3 0x8001156c (0xff9ff06f)
core   0: 0x80011564 (0x00001f17) auipc   t5, 0x1
core   0: 3 0x80011564 (0x00001f17) x30 0x80012564
core   0: 0x80011568 (0xa83f2e23) sw      gp, -1380(t5)
core   0: 3 0x80011568 (0xa83f2e23) mem 0x80012000 0x00000001
core   0: 0x8001156c (0xff9ff06f) j       pc - 0x8
core   0: 3 0x8001156c (0xff9ff06f)
core   0: 0x80011564 (0x00001f17) auipc   t5, 0x1
core   0: 3 0x80011564 (0x00001f17) x30 0x80012564
core   0: 0x80011568 (0xa83f2e23) sw      gp, -1380(t5)
core   0: 3 0x80011568 (0xa83f2e23) mem 0x80012000 0x00000001
core   0: 0x8001156c (0xff9ff06f) j       pc - 0x8
core   0: 3 0x8001156c (0xff9ff06f)
core   0: 0x80011564 (0x00001f17) auipc   t5, 0x1
core   0: 3 0x80011564 (0x00001f17) x30 0x80012564
core   0: 0x80011568 (0xa83f2e23) sw      gp, -1380(t5)
core   0: 3 0x80011568 (0xa83f2e23) mem 0x80012000 0x00000001
core   0: 0x8001156c (0xff9ff06f) j       pc - 0x8
core   0: 3 0x8001156c (0xff9ff06f)
core   0: 0x80011564 (0x00001f17) auipc   t5, 0x1
core   0: 3 0x80011564 (0x00001f17) x30 0x80012564
core   0: 0x80011568 (0xa83f2e23) sw      gp, -1380(t5)
core   0: 3 0x80011568 (0xa83f2e23) mem 0x80012000 0x00000001
core   0: 0x8001156c (0xff9ff06f) j       pc - 0x8
core   0: 3 0x8001156c (0xff9ff06f)
core   0: 0x80011564 (0x00001f17) auipc   t5, 0x1
core   0: 3 0x80011564 (0x00001f17) x30 0x80012564
core   0: 0x80011568 (0xa83f2e23) sw      gp, -1380(t5)
core   0: 3 0x80011568 (0xa83f2e23) mem 0x80012000 0x00000001
core   0: 0x8001156c (0xff9ff06f) j       pc - 0x8
core   0: 3 0x8001156c (0xff9ff06f)
core   0: 0x80011564 (0x00001f17) auipc   t5, 0x1
core   0: 3 0x80011564 (0x00001f17) x30 0x80012564
core   0: 0x80011568 (0xa83f2e23) sw      gp, -1380(t5)
core   0: 3 0x80011568 (0xa83f2e23) mem 0x80012000 0x00000001
core   0: 0x8001156c (0xff9ff06f) j       pc - 0x8
core   0: 3 0x8001156c (0xff9ff06f)
core   0: 0x80011564 (0x00001f17) auipc   t5, 0x1
core   0: 3 0x80011564 (0x00001f17) x30 0x80012564
core   0: 0x80011568 (0xa83f2e23) sw      gp, -1380(t5)
core   0: 3 0x80011568 (0xa83f2e23) mem 0x80012000 0x00000001
core   0: 0x8001156c (0xff9ff06f) j       pc - 0x8
core   0: 3 0x8001156c (0xff9ff06f)
core   0: 0x80011564 (0x00001f17) auipc   t5, 0x1
core   0: 3 0x80011564 (0x00001f17) x30 0x80012564
core   0: 0x80011568 (0xa83f2e23) sw      gp, -1380(t5)
core   0: 3 0x80011568 (0xa83f2e23) mem 0x80012000 0x00000001
core   0: 0x8001156c (0xff9ff06f) j       pc - 0x8
core   0: 3 0x8001156c (0xff9ff06f)
core   0: 0x80011564 (0x00001f17) auipc   t5, 0x1
core   0: 3 0x80011564 (0x00001f17) x30 0x80012564
core   0: 0x80011568 (0xa83f2e23) sw      gp, -1380(t5)
core   0: 3 0x80011568 (0xa83f2e23) mem 0x80012000 0x00000001
core   0: 0x8001156c (0xff9ff06f) j       pc - 0x8
core   0: 3 0x8001156c (0xff9ff06f)
core   0: 0x80011564 (0x00001f17) auipc   t5, 0x1
core   0: 3 0x80011564 (0x00001f17) x30 0x80012564
core   0: 0x80011568 (0xa83f2e23) sw      gp, -1380(t5)
core   0: 3 0x80011568 (0xa83f2e23) mem 0x80012000 0x00000001
core   0: 0x8001156c (0xff9ff06f) j       pc - 0x8
core   0: 3 0x8001156c (0xff9ff06f)
core   0: 0x80011564 (0x00001f17) auipc   t5, 0x1
core   0: 3 0x80011564 (0x00001f17) x30 0x80012564
core   0: 0x80011568 (0xa83f2e23) sw      gp, -1380(t5)
core   0: 3 0x80011568 (0xa83f2e23) mem 0x80012000 0x00000001
core   0: 0x8001156c (0xff9ff06f) j       pc - 0x8
core   0: 3 0x8001156c (0xff9ff06f)
core   0: 0x80011564 (0x00001f17) auipc   t5, 0x1
core   0: 3 0x80011564 (0x00001f17) x30 0x80012564
core   0: 0x80011568 (0xa83f2e23) sw      gp, -1380(t5)
core   0: 3 0x80011568 (0xa83f2e23) mem 0x80012000 0x00000001
core   0: 0x8001156c (0xff9ff06f) j       pc - 0x8
core   0: 3 0x8001156c (0xff9ff06f)
core   0: 0x80011564 (0x00001f17) auipc   t5, 0x1
core   0: 3 0x80011564 (0x00001f17) x30 0x80012564
core   0: 0x80011568 (0xa83f2e23) sw      gp, -1380(t5)
core   0: 3 0x80011568 (0xa83f2e23) mem 0x80012000 0x00000001
core   0: 0x8001156c (0xff9ff06f) j       pc - 0x8
core   0: 3 0x8001156c (0xff9ff06f)
core   0: 0x80011564 (0x00001f17) auipc   t5, 0x1
core   0: 3 0x80011564 (0x00001f17) x30 0x80012564
core   0: 0x80011568 (0xa83f2e23) sw      gp, -1380(t5)
core   0: 3 0x80011568 (0xa83f2e23) mem 0x80012000 0x00000001
core   0: 0x8001156c (0xff9ff06f) j       pc - 0x8
core   0: 3 0x8001156c (0xff9ff06f)
core   0: 0x80011564 (0x00001f17) auipc   t5, 0x1
core   0: 3 0x80011564 (0x00001f17) x30 0x80012564
core   0: 0x80011568 (0xa83f2e23) sw      gp, -1380(t5)
core   0: 3 0x80011568 (0xa83f2e23) mem 0x80012000 0x00000001
core   0: 0x8001156c (0xff9ff06f) j       pc - 0x8
core   0: 3 0x8001156c (0xff9ff06f)
core   0: 0x80011564 (0x00001f17) auipc   t5, 0x1
core   0: 3 0x80011564 (0x00001f17) x30 0x80012564
core   0: 0x80011568 (0xa83f2e23) sw      gp, -1380(t5)
core   0: 3 0x80011568 (0xa83f2e23) mem 0x80012000 0x00000001
core   0: 0x8001156c (0xff9ff06f) j       pc - 0x8
core   0: 3 0x8001156c (0xff9ff06f)
core   0: 0x80011564 (0x00001f17) auipc   t5, 0x1
core   0: 3 0x80011564 (0x00001f17) x30 0x80012564
core   0: 0x80011568 (0xa83f2e23) sw      gp, -1380(t5)
core   0: 3 0x80011568 (0xa83f2e23) mem 0x80012000 0x00000001
core   0: 0x8001156c (0xff9ff06f) j       pc - 0x8
core   0: 3 0x8001156c (0xff9ff06f)
core   0: 0x80011564 (0x00001f17) auipc   t5, 0x1
core   0: 3 0x80011564 (0x00001f17) x30 0x80012564
core   0: 0x80011568 (0xa83f2e23) sw      gp, -1380(t5)
core   0: 3 0x80011568 (0xa83f2e23) mem 0x80012000 0x00000001
core   0: 0x8001156c (0xff9ff06f) j       pc - 0x8
core   0: 3 0x8001156c (0xff9ff06f)
core   0: 0x80011564 (0x00001f17) auipc   t5, 0x1
core   0: 3 0x80011564 (0x00001f17) x30 0x80012564
core   0: 0x80011568 (0xa83f2e23) sw      gp, -1380(t5)
core   0: 3 0x80011568 (0xa83f2e23) mem 0x80012000 0x00000001
core   0: 0x8001156c (0xff9ff06f) j       pc - 0x8
core   0: 3 0x8001156c (0xff9ff06f)
core   0: 0x80011564 (0x00001f17) auipc   t5, 0x1
core   0: 3 0x80011564 (0x00001f17) x30 0x80012564
core   0: 0x80011568 (0xa83f2e23) sw      gp, -1380(t5)
core   0: 3 0x80011568 (0xa83f2e23) mem 0x80012000 0x00000001
core   0: 0x8001156c (0xff9ff06f) j       pc - 0x8
core   0: 3 0x8001156c (0xff9ff06f)
core   0: 0x80011564 (0x00001f17) auipc   t5, 0x1
core   0: 3 0x80011564 (0x00001f17) x30 0x80012564
core   0: 0x80011568 (0xa83f2e23) sw      gp, -1380(t5)
core   0: 3 0x80011568 (0xa83f2e23) mem 0x80012000 0x00000001
core   0: 0x8001156c (0xff9ff06f) j       pc - 0x8
core   0: 3 0x8001156c (0xff9ff06f)
core   0: 0x80011564 (0x00001f17) auipc   t5, 0x1
core   0: 3 0x80011564 (0x00001f17) x30 0x80012564
core   0: 0x80011568 (0xa83f2e23) sw      gp, -1380(t5)
core   0: 3 0x80011568 (0xa83f2e23) mem 0x80012000 0x00000001
core   0: 0x8001156c (0xff9ff06f) j       pc - 0x8
core   0: 3 0x8001156c (0xff9ff06f)
core   0: 0x80011564 (0x00001f17) auipc   t5, 0x1
core   0: 3 0x80011564 (0x00001f17) x30 0x80012564
core   0: 0x80011568 (0xa83f2e23) sw      gp, -1380(t5)
core   0: 3 0x80011568 (0xa83f2e23) mem 0x80012000 0x00000001
core   0: 0x8001156c (0xff9ff06f) j       pc - 0x8
core   0: 3 0x8001156c (0xff9ff06f)
core   0: 0x80011564 (0x00001f17) auipc   t5, 0x1
core   0: 3 0x80011564 (0x00001f17) x30 0x80012564
core   0: 0x80011568 (0xa83f2e23) sw      gp, -1380(t5)
core   0: 3 0x80011568 (0xa83f2e23) mem 0x80012000 0x00000001
core   0: 0x8001156c (0xff9ff06f) j       pc - 0x8
core   0: 3 0x8001156c (0xff9ff06f)
core   0: 0x80011564 (0x00001f17) auipc   t5, 0x1
core   0: 3 0x80011564 (0x00001f17) x30 0x80012564
core   0: 0x80011568 (0xa83f2e23) sw      gp, -1380(t5)
core   0: 3 0x80011568 (0xa83f2e23) mem 0x80012000 0x00000001
core   0: 0x8001156c (0xff9ff06f) j       pc - 0x8
core   0: 3 0x8001156c (0xff9ff06f)
core   0: 0x80011564 (0x00001f17) auipc   t5, 0x1
core   0: 3 0x80011564 (0x00001f17) x30 0x80012564
core   0: 0x80011568 (0xa83f2e23) sw      gp, -1380(t5)
core   0: 3 0x80011568 (0xa83f2e23) mem 0x80012000 0x00000001
core   0: 0x8001156c (0xff9ff06f) j       pc - 0x8
core   0: 3 0x8001156c (0xff9ff06f)
core   0: 0x80011564 (0x00001f17) auipc   t5, 0x1
core   0: 3 0x80011564 (0x00001f17) x30 0x80012564
core   0: 0x80011568 (0xa83f2e23) sw      gp, -1380(t5)
core   0: 3 0x80011568 (0xa83f2e23) mem 0x80012000 0x00000001
core   0: 0x8001156c (0xff9ff06f) j       pc - 0x8
core   0: 3 0x8001156c (0xff9ff06f)
core   0: 0x80011564 (0x00001f17) auipc   t5, 0x1
core   0: 3 0x80011564 (0x00001f17) x30 0x80012564
core   0: 0x80011568 (0xa83f2e23) sw      gp, -1380(t5)
core   0: 3 0x80011568 (0xa83f2e23) mem 0x80012000 0x00000001
core   0: 0x8001156c (0xff9ff06f) j       pc - 0x8
core   0: 3 0x8001156c (0xff9ff06f)
core   0: 0x80011564 (0x00001f17) auipc   t5, 0x1
core   0: 3 0x80011564 (0x00001f17) x30 0x80012564
core   0: 0x80011568 (0xa83f2e23) sw      gp, -1380(t5)
core   0: 3 0x80011568 (0xa83f2e23) mem 0x80012000 0x00000001
core   0: 0x8001156c (0xff9ff06f) j       pc - 0x8
core   0: 3 0x8001156c (0xff9ff06f)
core   0: 0x80011564 (0x00001f17) auipc   t5, 0x1
core   0: 3 0x80011564 (0x00001f17) x30 0x80012564
core   0: 0x80011568 (0xa83f2e23) sw      gp, -1380(t5)
core   0: 3 0x80011568 (0xa83f2e23) mem 0x80012000 0x00000001
core   0: 0x8001156c (0xff9ff06f) j       pc - 0x8
core   0: 3 0x8001156c (0xff9ff06f)
core   0: 0x80011564 (0x00001f17) auipc   t5, 0x1
core   0: 3 0x80011564 (0x00001f17) x30 0x80012564
core   0: 0x80011568 (0xa83f2e23) sw      gp, -1380(t5)
core   0: 3 0x80011568 (0xa83f2e23) mem 0x80012000 0x00000001
core   0: 0x8001156c (0xff9ff06f) j       pc - 0x8
core   0: 3 0x8001156c (0xff9ff06f)
core   0: 0x80011564 (0x00001f17) auipc   t5, 0x1
core   0: 3 0x80011564 (0x00001f17) x30 0x80012564
core   0: 0x80011568 (0xa83f2e23) sw      gp, -1380(t5)
core   0: 3 0x80011568 (0xa83f2e23) mem 0x80012000 0x00000001
core   0: 0x8001156c (0xff9ff06f) j       pc - 0x8
core   0: 3 0x8001156c (0xff9ff06f)
core   0: 0x80011564 (0x00001f17) auipc   t5, 0x1
core   0: 3 0x80011564 (0x00001f17) x30 0x80012564
core   0: 0x80011568 (0xa83f2e23) sw      gp, -1380(t5)
core   0: 3 0x80011568 (0xa83f2e23) mem 0x80012000 0x00000001
core   0: 0x8001156c (0xff9ff06f) j       pc - 0x8
core   0: 3 0x8001156c (0xff9ff06f)
core   0: 0x80011564 (0x00001f17) auipc   t5, 0x1
core   0: 3 0x80011564 (0x00001f17) x30 0x80012564
core   0: 0x80011568 (0xa83f2e23) sw      gp, -1380(t5)
core   0: 3 0x80011568 (0xa83f2e23) mem 0x80012000 0x00000001
core   0: 0x8001156c (0xff9ff06f) j       pc - 0x8
core   0: 3 0x8001156c (0xff9ff06f)
core   0: 0x80011564 (0x00001f17) auipc   t5, 0x1
core   0: 3 0x80011564 (0x00001f17) x30 0x80012564
core   0: 0x80011568 (0xa83f2e23) sw      gp, -1380(t5)
core   0: 3 0x80011568 (0xa83f2e23) mem 0x80012000 0x00000001
core   0: 0x8001156c (0xff9ff06f) j       pc - 0x8
core   0: 3 0x8001156c (0xff9ff06f)
core   0: 0x80011564 (0x00001f17) auipc   t5, 0x1
core   0: 3 0x80011564 (0x00001f17) x30 0x80012564
core   0: 0x80011568 (0xa83f2e23) sw      gp, -1380(t5)
core   0: 3 0x80011568 (0xa83f2e23) mem 0x80012000 0x00000001
core   0: 0x8001156c (0xff9ff06f) j       pc - 0x8
core   0: 3 0x8001156c (0xff9ff06f)
core   0: 0x80011564 (0x00001f17) auipc   t5, 0x1
core   0: 3 0x80011564 (0x00001f17) x30 0x80012564
core   0: 0x80011568 (0xa83f2e23) sw      gp, -1380(t5)
core   0: 3 0x80011568 (0xa83f2e23) mem 0x80012000 0x00000001
core   0: 0x8001156c (0xff9ff06f) j       pc - 0x8
core   0: 3 0x8001156c (0xff9ff06f)
core   0: 0x80011564 (0x00001f17) auipc   t5, 0x1
core   0: 3 0x80011564 (0x00001f17) x30 0x80012564
core   0: 0x80011568 (0xa83f2e23) sw      gp, -1380(t5)
core   0: 3 0x80011568 (0xa83f2e23) mem 0x80012000 0x00000001
core   0: 0x8001156c (0xff9ff06f) j       pc - 0x8
core   0: 3 0x8001156c (0xff9ff06f)
core   0: 0x80011564 (0x00001f17) auipc   t5, 0x1
core   0: 3 0x80011564 (0x00001f17) x30 0x80012564
core   0: 0x80011568 (0xa83f2e23) sw      gp, -1380(t5)
core   0: 3 0x80011568 (0xa83f2e23) mem 0x80012000 0x00000001
core   0: 0x8001156c (0xff9ff06f) j       pc - 0x8
core   0: 3 0x8001156c (0xff9ff06f)
core   0: 0x80011564 (0x00001f17) auipc   t5, 0x1
core   0: 3 0x80011564 (0x00001f17) x30 0x80012564
core   0: 0x80011568 (0xa83f2e23) sw      gp, -1380(t5)
core   0: 3 0x80011568 (0xa83f2e23) mem 0x80012000 0x00000001
core   0: 0x8001156c (0xff9ff06f) j       pc - 0x8
core   0: 3 0x8001156c (0xff9ff06f)
core   0: 0x80011564 (0x00001f17) auipc   t5, 0x1
core   0: 3 0x80011564 (0x00001f17) x30 0x80012564
core   0: 0x80011568 (0xa83f2e23) sw      gp, -1380(t5)
core   0: 3 0x80011568 (0xa83f2e23) mem 0x80012000 0x00000001
core   0: 0x8001156c (0xff9ff06f) j       pc - 0x8
core   0: 3 0x8001156c (0xff9ff06f)
core   0: 0x80011564 (0x00001f17) auipc   t5, 0x1
core   0: 3 0x80011564 (0x00001f17) x30 0x80012564
core   0: 0x80011568 (0xa83f2e23) sw      gp, -1380(t5)
core   0: 3 0x80011568 (0xa83f2e23) mem 0x80012000 0x00000001
core   0: 0x8001156c (0xff9ff06f) j       pc - 0x8
core   0: 3 0x8001156c (0xff9ff06f)
core   0: 0x80011564 (0x00001f17) auipc   t5, 0x1
core   0: 3 0x80011564 (0x00001f17) x30 0x80012564
core   0: 0x80011568 (0xa83f2e23) sw      gp, -1380(t5)
core   0: 3 0x80011568 (0xa83f2e23) mem 0x80012000 0x00000001
core   0: 0x8001156c (0xff9ff06f) j       pc - 0x8
core   0: 3 0x8001156c (0xff9ff06f)
core   0: 0x80011564 (0x00001f17) auipc   t5, 0x1
core   0: 3 0x80011564 (0x00001f17) x30 0x80012564
core   0: 0x80011568 (0xa83f2e23) sw      gp, -1380(t5)
core   0: 3 0x80011568 (0xa83f2e23) mem 0x80012000 0x00000001
core   0: 0x8001156c (0xff9ff06f) j       pc - 0x8
core   0: 3 0x8001156c (0xff9ff06f)
core   0: 0x80011564 (0x00001f17) auipc   t5, 0x1
core   0: 3 0x80011564 (0x00001f17) x30 0x80012564
core   0: 0x80011568 (0xa83f2e23) sw      gp, -1380(t5)
core   0: 3 0x80011568 (0xa83f2e23) mem 0x80012000 0x00000001
core   0: 0x8001156c (0xff9ff06f) j       pc - 0x8
core   0: 3 0x8001156c (0xff9ff06f)
core   0: 0x80011564 (0x00001f17) auipc   t5, 0x1
core   0: 3 0x80011564 (0x00001f17) x30 0x80012564
core   0: 0x80011568 (0xa83f2e23) sw      gp, -1380(t5)
core   0: 3 0x80011568 (0xa83f2e23) mem 0x80012000 0x00000001
core   0: 0x8001156c (0xff9ff06f) j       pc - 0x8
core   0: 3 0x8001156c (0xff9ff06f)
core   0: 0x80011564 (0x00001f17) auipc   t5, 0x1
core   0: 3 0x80011564 (0x00001f17) x30 0x80012564
core   0: 0x80011568 (0xa83f2e23) sw      gp, -1380(t5)
core   0: 3 0x80011568 (0xa83f2e23) mem 0x80012000 0x00000001
core   0: 0x8001156c (0xff9ff06f) j       pc - 0x8
core   0: 3 0x8001156c (0xff9ff06f)
core   0: 0x80011564 (0x00001f17) auipc   t5, 0x1
core   0: 3 0x80011564 (0x00001f17) x30 0x80012564
core   0: 0x80011568 (0xa83f2e23) sw      gp, -1380(t5)
core   0: 3 0x80011568 (0xa83f2e23) mem 0x80012000 0x00000001
core   0: 0x8001156c (0xff9ff06f) j       pc - 0x8
core   0: 3 0x8001156c (0xff9ff06f)
core   0: 0x80011564 (0x00001f17) auipc   t5, 0x1
core   0: 3 0x80011564 (0x00001f17) x30 0x80012564
core   0: 0x80011568 (0xa83f2e23) sw      gp, -1380(t5)
core   0: 3 0x80011568 (0xa83f2e23) mem 0x80012000 0x00000001
core   0: 0x8001156c (0xff9ff06f) j       pc - 0x8
core   0: 3 0x8001156c (0xff9ff06f)
core   0: 0x80011564 (0x00001f17) auipc   t5, 0x1
core   0: 3 0x80011564 (0x00001f17) x30 0x80012564
core   0: 0x80011568 (0xa83f2e23) sw      gp, -1380(t5)
core   0: 3 0x80011568 (0xa83f2e23) mem 0x80012000 0x00000001
core   0: 0x8001156c (0xff9ff06f) j       pc - 0x8
core   0: 3 0x8001156c (0xff9ff06f)
core   0: 0x80011564 (0x00001f17) auipc   t5, 0x1
core   0: 3 0x80011564 (0x00001f17) x30 0x80012564
core   0: 0x80011568 (0xa83f2e23) sw      gp, -1380(t5)
core   0: 3 0x80011568 (0xa83f2e23) mem 0x80012000 0x00000001
core   0: 0x8001156c (0xff9ff06f) j       pc - 0x8
core   0: 3 0x8001156c (0xff9ff06f)
core   0: 0x80011564 (0x00001f17) auipc   t5, 0x1
core   0: 3 0x80011564 (0x00001f17) x30 0x80012564
core   0: 0x80011568 (0xa83f2e23) sw      gp, -1380(t5)
core   0: 3 0x80011568 (0xa83f2e23) mem 0x80012000 0x00000001
core   0: 0x8001156c (0xff9ff06f) j       pc - 0x8
core   0: 3 0x8001156c (0xff9ff06f)
core   0: 0x80011564 (0x00001f17) auipc   t5, 0x1
core   0: 3 0x80011564 (0x00001f17) x30 0x80012564
core   0: 0x80011568 (0xa83f2e23) sw      gp, -1380(t5)
core   0: 3 0x80011568 (0xa83f2e23) mem 0x80012000 0x00000001
core   0: 0x8001156c (0xff9ff06f) j       pc - 0x8
core   0: 3 0x8001156c (0xff9ff06f)
core   0: 0x80011564 (0x00001f17) auipc   t5, 0x1
core   0: 3 0x80011564 (0x00001f17) x30 0x80012564
core   0: 0x80011568 (0xa83f2e23) sw      gp, -1380(t5)
core   0: 3 0x80011568 (0xa83f2e23) mem 0x80012000 0x00000001
core   0: 0x8001156c (0xff9ff06f) j       pc - 0x8
core   0: 3 0x8001156c (0xff9ff06f)
core   0: 0x80011564 (0x00001f17) auipc   t5, 0x1
core   0: 3 0x80011564 (0x00001f17) x30 0x80012564
core   0: 0x80011568 (0xa83f2e23) sw      gp, -1380(t5)
core   0: 3 0x80011568 (0xa83f2e23) mem 0x80012000 0x00000001
core   0: 0x8001156c (0xff9ff06f) j       pc - 0x8
core   0: 3 0x8001156c (0xff9ff06f)
core   0: 0x80011564 (0x00001f17) auipc   t5, 0x1
core   0: 3 0x80011564 (0x00001f17) x30 0x80012564
core   0: 0x80011568 (0xa83f2e23) sw      gp, -1380(t5)
core   0: 3 0x80011568 (0xa83f2e23) mem 0x80012000 0x00000001
core   0: 0x8001156c (0xff9ff06f) j       pc - 0x8
core   0: 3 0x8001156c (0xff9ff06f)
core   0: 0x80011564 (0x00001f17) auipc   t5, 0x1
core   0: 3 0x80011564 (0x00001f17) x30 0x80012564
core   0: 0x80011568 (0xa83f2e23) sw      gp, -1380(t5)
core   0: 3 0x80011568 (0xa83f2e23) mem 0x80012000 0x00000001
core   0: 0x8001156c (0xff9ff06f) j       pc - 0x8
core   0: 3 0x8001156c (0xff9ff06f)
core   0: 0x80011564 (0x00001f17) auipc   t5, 0x1
core   0: 3 0x80011564 (0x00001f17) x30 0x80012564
core   0: 0x80011568 (0xa83f2e23) sw      gp, -1380(t5)
core   0: 3 0x80011568 (0xa83f2e23) mem 0x80012000 0x00000001
core   0: 0x8001156c (0xff9ff06f) j       pc - 0x8
core   0: 3 0x8001156c (0xff9ff06f)
core   0: 0x80011564 (0x00001f17) auipc   t5, 0x1
core   0: 3 0x80011564 (0x00001f17) x30 0x80012564
core   0: 0x80011568 (0xa83f2e23) sw      gp, -1380(t5)
core   0: 3 0x80011568 (0xa83f2e23) mem 0x80012000 0x00000001
core   0: 0x8001156c (0xff9ff06f) j       pc - 0x8
core   0: 3 0x8001156c (0xff9ff06f)
core   0: 0x80011564 (0x00001f17) auipc   t5, 0x1
core   0: 3 0x80011564 (0x00001f17) x30 0x80012564
core   0: 0x80011568 (0xa83f2e23) sw      gp, -1380(t5)
core   0: 3 0x80011568 (0xa83f2e23) mem 0x80012000 0x00000001
core   0: 0x8001156c (0xff9ff06f) j       pc - 0x8
core   0: 3 0x8001156c (0xff9ff06f)
core   0: 0x80011564 (0x00001f17) auipc   t5, 0x1
core   0: 3 0x80011564 (0x00001f17) x30 0x80012564
core   0: 0x80011568 (0xa83f2e23) sw      gp, -1380(t5)
core   0: 3 0x80011568 (0xa83f2e23) mem 0x80012000 0x00000001
core   0: 0x8001156c (0xff9ff06f) j       pc - 0x8
core   0: 3 0x8001156c (0xff9ff06f)
core   0: 0x80011564 (0x00001f17) auipc   t5, 0x1
core   0: 3 0x80011564 (0x00001f17) x30 0x80012564
core   0: 0x80011568 (0xa83f2e23) sw      gp, -1380(t5)
core   0: 3 0x80011568 (0xa83f2e23) mem 0x80012000 0x00000001
core   0: 0x8001156c (0xff9ff06f) j       pc - 0x8
core   0: 3 0x8001156c (0xff9ff06f)
core   0: 0x80011564 (0x00001f17) auipc   t5, 0x1
core   0: 3 0x80011564 (0x00001f17) x30 0x80012564
core   0: 0x80011568 (0xa83f2e23) sw      gp, -1380(t5)
core   0: 3 0x80011568 (0xa83f2e23) mem 0x80012000 0x00000001
core   0: 0x8001156c (0xff9ff06f) j       pc - 0x8
core   0: 3 0x8001156c (0xff9ff06f)
core   0: 0x80011564 (0x00001f17) auipc   t5, 0x1
core   0: 3 0x80011564 (0x00001f17) x30 0x80012564
core   0: 0x80011568 (0xa83f2e23) sw      gp, -1380(t5)
core   0: 3 0x80011568 (0xa83f2e23) mem 0x80012000 0x00000001
core   0: 0x8001156c (0xff9ff06f) j       pc - 0x8
core   0: 3 0x8001156c (0xff9ff06f)
core   0: 0x80011564 (0x00001f17) auipc   t5, 0x1
core   0: 3 0x80011564 (0x00001f17) x30 0x80012564
core   0: 0x80011568 (0xa83f2e23) sw      gp, -1380(t5)
core   0: 3 0x80011568 (0xa83f2e23) mem 0x80012000 0x00000001
core   0: 0x8001156c (0xff9ff06f) j       pc - 0x8
core   0: 3 0x8001156c (0xff9ff06f)
core   0: 0x80011564 (0x00001f17) auipc   t5, 0x1
core   0: 3 0x80011564 (0x00001f17) x30 0x80012564
core   0: 0x80011568 (0xa83f2e23) sw      gp, -1380(t5)
core   0: 3 0x80011568 (0xa83f2e23) mem 0x80012000 0x00000001
core   0: 0x8001156c (0xff9ff06f) j       pc - 0x8
core   0: 3 0x8001156c (0xff9ff06f)
core   0: 0x80011564 (0x00001f17) auipc   t5, 0x1
core   0: 3 0x80011564 (0x00001f17) x30 0x80012564
core   0: 0x80011568 (0xa83f2e23) sw      gp, -1380(t5)
core   0: 3 0x80011568 (0xa83f2e23) mem 0x80012000 0x00000001
core   0: 0x8001156c (0xff9ff06f) j       pc - 0x8
core   0: 3 0x8001156c (0xff9ff06f)
core   0: 0x80011564 (0x00001f17) auipc   t5, 0x1
core   0: 3 0x80011564 (0x00001f17) x30 0x80012564
core   0: 0x80011568 (0xa83f2e23) sw      gp, -1380(t5)
core   0: 3 0x80011568 (0xa83f2e23) mem 0x80012000 0x00000001
core   0: 0x8001156c (0xff9ff06f) j       pc - 0x8
core   0: 3 0x8001156c (0xff9ff06f)
core   0: 0x80011564 (0x00001f17) auipc   t5, 0x1
core   0: 3 0x80011564 (0x00001f17) x30 0x80012564
core   0: 0x80011568 (0xa83f2e23) sw      gp, -1380(t5)
core   0: 3 0x80011568 (0xa83f2e23) mem 0x80012000 0x00000001
core   0: 0x8001156c (0xff9ff06f) j       pc - 0x8
core   0: 3 0x8001156c (0xff9ff06f)
core   0: 0x80011564 (0x00001f17) auipc   t5, 0x1
core   0: 3 0x80011564 (0x00001f17) x30 0x80012564
core   0: 0x80011568 (0xa83f2e23) sw      gp, -1380(t5)
core   0: 3 0x80011568 (0xa83f2e23) mem 0x80012000 0x00000001
core   0: 0x8001156c (0xff9ff06f) j       pc - 0x8
core   0: 3 0x8001156c (0xff9ff06f)
core   0: 0x80011564 (0x00001f17) auipc   t5, 0x1
core   0: 3 0x80011564 (0x00001f17) x30 0x80012564
core   0: 0x80011568 (0xa83f2e23) sw      gp, -1380(t5)
core   0: 3 0x80011568 (0xa83f2e23) mem 0x80012000 0x00000001
core   0: 0x8001156c (0xff9ff06f) j       pc - 0x8
core   0: 3 0x8001156c (0xff9ff06f)
core   0: 0x80011564 (0x00001f17) auipc   t5, 0x1
core   0: 3 0x80011564 (0x00001f17) x30 0x80012564
core   0: 0x80011568 (0xa83f2e23) sw      gp, -1380(t5)
core   0: 3 0x80011568 (0xa83f2e23) mem 0x80012000 0x00000001
core   0: 0x8001156c (0xff9ff06f) j       pc - 0x8
core   0: 3 0x8001156c (0xff9ff06f)
core   0: 0x80011564 (0x00001f17) auipc   t5, 0x1
core   0: 3 0x80011564 (0x00001f17) x30 0x80012564
core   0: 0x80011568 (0xa83f2e23) sw      gp, -1380(t5)
core   0: 3 0x80011568 (0xa83f2e23) mem 0x80012000 0x00000001
core   0: 0x8001156c (0xff9ff06f) j       pc - 0x8
core   0: 3 0x8001156c (0xff9ff06f)
core   0: 0x80011564 (0x00001f17) auipc   t5, 0x1
core   0: 3 0x80011564 (0x00001f17) x30 0x80012564
core   0: 0x80011568 (0xa83f2e23) sw      gp, -1380(t5)
core   0: 3 0x80011568 (0xa83f2e23) mem 0x80012000 0x00000001
core   0: 0x8001156c (0xff9ff06f) j       pc - 0x8
core   0: 3 0x8001156c (0xff9ff06f)
core   0: 0x80011564 (0x00001f17) auipc   t5, 0x1
core   0: 3 0x80011564 (0x00001f17) x30 0x80012564
core   0: 0x80011568 (0xa83f2e23) sw      gp, -1380(t5)
core   0: 3 0x80011568 (0xa83f2e23) mem 0x80012000 0x00000001
core   0: 0x8001156c (0xff9ff06f) j       pc - 0x8
core   0: 3 0x8001156c (0xff9ff06f)
core   0: 0x80011564 (0x00001f17) auipc   t5, 0x1
core   0: 3 0x80011564 (0x00001f17) x30 0x80012564
core   0: 0x80011568 (0xa83f2e23) sw      gp, -1380(t5)
core   0: 3 0x80011568 (0xa83f2e23) mem 0x80012000 0x00000001
core   0: 0x8001156c (0xff9ff06f) j       pc - 0x8
core   0: 3 0x8001156c (0xff9ff06f)
core   0: 0x80011564 (0x00001f17) auipc   t5, 0x1
core   0: 3 0x80011564 (0x00001f17) x30 0x80012564
core   0: 0x80011568 (0xa83f2e23) sw      gp, -1380(t5)
core   0: 3 0x80011568 (0xa83f2e23) mem 0x80012000 0x00000001
core   0: 0x8001156c (0xff9ff06f) j       pc - 0x8
core   0: 3 0x8001156c (0xff9ff06f)
core   0: 0x80011564 (0x00001f17) auipc   t5, 0x1
core   0: 3 0x80011564 (0x00001f17) x30 0x80012564
core   0: 0x80011568 (0xa83f2e23) sw      gp, -1380(t5)
core   0: 3 0x80011568 (0xa83f2e23) mem 0x80012000 0x00000001
core   0: 0x8001156c (0xff9ff06f) j       pc - 0x8
core   0: 3 0x8001156c (0xff9ff06f)
core   0: 0x80011564 (0x00001f17) auipc   t5, 0x1
core   0: 3 0x80011564 (0x00001f17) x30 0x80012564
core   0: 0x80011568 (0xa83f2e23) sw      gp, -1380(t5)
core   0: 3 0x80011568 (0xa83f2e23) mem 0x80012000 0x00000001
core   0: 0x8001156c (0xff9ff06f) j       pc - 0x8
core   0: 3 0x8001156c (0xff9ff06f)
core   0: 0x80011564 (0x00001f17) auipc   t5, 0x1
core   0: 3 0x80011564 (0x00001f17) x30 0x80012564
core   0: 0x80011568 (0xa83f2e23) sw      gp, -1380(t5)
core   0: 3 0x80011568 (0xa83f2e23) mem 0x80012000 0x00000001
core   0: 0x8001156c (0xff9ff06f) j       pc - 0x8
core   0: 3 0x8001156c (0xff9ff06f)
core   0: 0x80011564 (0x00001f17) auipc   t5, 0x1
core   0: 3 0x80011564 (0x00001f17) x30 0x80012564
core   0: 0x80011568 (0xa83f2e23) sw      gp, -1380(t5)
core   0: 3 0x80011568 (0xa83f2e23) mem 0x80012000 0x00000001
core   0: 0x8001156c (0xff9ff06f) j       pc - 0x8
core   0: 3 0x8001156c (0xff9ff06f)
core   0: 0x80011564 (0x00001f17) auipc   t5, 0x1
core   0: 3 0x80011564 (0x00001f17) x30 0x80012564
core   0: 0x80011568 (0xa83f2e23) sw      gp, -1380(t5)
core   0: 3 0x80011568 (0xa83f2e23) mem 0x80012000 0x00000001
core   0: 0x8001156c (0xff9ff06f) j       pc - 0x8
core   0: 3 0x8001156c (0xff9ff06f)
core   0: 0x80011564 (0x00001f17) auipc   t5, 0x1
core   0: 3 0x80011564 (0x00001f17) x30 0x80012564
core   0: 0x80011568 (0xa83f2e23) sw      gp, -1380(t5)
core   0: 3 0x80011568 (0xa83f2e23) mem 0x80012000 0x00000001
core   0: 0x8001156c (0xff9ff06f) j       pc - 0x8
core   0: 3 0x8001156c (0xff9ff06f)
core   0: 0x80011564 (0x00001f17) auipc   t5, 0x1
core   0: 3 0x80011564 (0x00001f17) x30 0x80012564
core   0: 0x80011568 (0xa83f2e23) sw      gp, -1380(t5)
core   0: 3 0x80011568 (0xa83f2e23) mem 0x80012000 0x00000001
core   0: 0x8001156c (0xff9ff06f) j       pc - 0x8
core   0: 3 0x8001156c (0xff9ff06f)
core   0: 0x80011564 (0x00001f17) auipc   t5, 0x1
core   0: 3 0x80011564 (0x00001f17) x30 0x80012564
core   0: 0x80011568 (0xa83f2e23) sw      gp, -1380(t5)
core   0: 3 0x80011568 (0xa83f2e23) mem 0x80012000 0x00000001
core   0: 0x8001156c (0xff9ff06f) j       pc - 0x8
core   0: 3 0x8001156c (0xff9ff06f)
core   0: 0x80011564 (0x00001f17) auipc   t5, 0x1
core   0: 3 0x80011564 (0x00001f17) x30 0x80012564
core   0: 0x80011568 (0xa83f2e23) sw      gp, -1380(t5)
core   0: 3 0x80011568 (0xa83f2e23) mem 0x80012000 0x00000001
core   0: 0x8001156c (0xff9ff06f) j       pc - 0x8
core   0: 3 0x8001156c (0xff9ff06f)
core   0: 0x80011564 (0x00001f17) auipc   t5, 0x1
core   0: 3 0x80011564 (0x00001f17) x30 0x80012564
core   0: 0x80011568 (0xa83f2e23) sw      gp, -1380(t5)
core   0: 3 0x80011568 (0xa83f2e23) mem 0x80012000 0x00000001
core   0: 0x8001156c (0xff9ff06f) j       pc - 0x8
core   0: 3 0x8001156c (0xff9ff06f)
core   0: 0x80011564 (0x00001f17) auipc   t5, 0x1
core   0: 3 0x80011564 (0x00001f17) x30 0x80012564
core   0: 0x80011568 (0xa83f2e23) sw      gp, -1380(t5)
core   0: 3 0x80011568 (0xa83f2e23) mem 0x80012000 0x00000001
core   0: 0x8001156c (0xff9ff06f) j       pc - 0x8
core   0: 3 0x8001156c (0xff9ff06f)
core   0: 0x80011564 (0x00001f17) auipc   t5, 0x1
core   0: 3 0x80011564 (0x00001f17) x30 0x80012564
core   0: 0x80011568 (0xa83f2e23) sw      gp, -1380(t5)
core   0: 3 0x80011568 (0xa83f2e23) mem 0x80012000 0x00000001
core   0: 0x8001156c (0xff9ff06f) j       pc - 0x8
core   0: 3 0x8001156c (0xff9ff06f)
core   0: 0x80011564 (0x00001f17) auipc   t5, 0x1
core   0: 3 0x80011564 (0x00001f17) x30 0x80012564
core   0: 0x80011568 (0xa83f2e23) sw      gp, -1380(t5)
core   0: 3 0x80011568 (0xa83f2e23) mem 0x80012000 0x00000001
core   0: 0x8001156c (0xff9ff06f) j       pc - 0x8
core   0: 3 0x8001156c (0xff9ff06f)
core   0: 0x80011564 (0x00001f17) auipc   t5, 0x1
core   0: 3 0x80011564 (0x00001f17) x30 0x80012564
core   0: 0x80011568 (0xa83f2e23) sw      gp, -1380(t5)
core   0: 3 0x80011568 (0xa83f2e23) mem 0x80012000 0x00000001
core   0: 0x8001156c (0xff9ff06f) j       pc - 0x8
core   0: 3 0x8001156c (0xff9ff06f)
core   0: 0x80011564 (0x00001f17) auipc   t5, 0x1
core   0: 3 0x80011564 (0x00001f17) x30 0x80012564
core   0: 0x80011568 (0xa83f2e23) sw      gp, -1380(t5)
core   0: 3 0x80011568 (0xa83f2e23) mem 0x80012000 0x00000001
core   0: 0x8001156c (0xff9ff06f) j       pc - 0x8
core   0: 3 0x8001156c (0xff9ff06f)
core   0: 0x80011564 (0x00001f17) auipc   t5, 0x1
core   0: 3 0x80011564 (0x00001f17) x30 0x80012564
core   0: 0x80011568 (0xa83f2e23) sw      gp, -1380(t5)
core   0: 3 0x80011568 (0xa83f2e23) mem 0x80012000 0x00000001
core   0: 0x8001156c (0xff9ff06f) j       pc - 0x8
core   0: 3 0x8001156c (0xff9ff06f)
core   0: 0x80011564 (0x00001f17) auipc   t5, 0x1
core   0: 3 0x80011564 (0x00001f17) x30 0x80012564
core   0: 0x80011568 (0xa83f2e23) sw      gp, -1380(t5)
core   0: 3 0x80011568 (0xa83f2e23) mem 0x80012000 0x00000001
core   0: 0x8001156c (0xff9ff06f) j       pc - 0x8
core   0: 3 0x8001156c (0xff9ff06f)
core   0: 0x80011564 (0x00001f17) auipc   t5, 0x1
core   0: 3 0x80011564 (0x00001f17) x30 0x80012564
core   0: 0x80011568 (0xa83f2e23) sw      gp, -1380(t5)
core   0: 3 0x80011568 (0xa83f2e23) mem 0x80012000 0x00000001
core   0: 0x8001156c (0xff9ff06f) j       pc - 0x8
core   0: 3 0x8001156c (0xff9ff06f)
core   0: 0x80011564 (0x00001f17) auipc   t5, 0x1
core   0: 3 0x80011564 (0x00001f17) x30 0x80012564
core   0: 0x80011568 (0xa83f2e23) sw      gp, -1380(t5)
core   0: 3 0x80011568 (0xa83f2e23) mem 0x80012000 0x00000001
core   0: 0x8001156c (0xff9ff06f) j       pc - 0x8
core   0: 3 0x8001156c (0xff9ff06f)
core   0: 0x80011564 (0x00001f17) auipc   t5, 0x1
core   0: 3 0x80011564 (0x00001f17) x30 0x80012564
core   0: 0x80011568 (0xa83f2e23) sw      gp, -1380(t5)
core   0: 3 0x80011568 (0xa83f2e23) mem 0x80012000 0x00000001
core   0: 0x8001156c (0xff9ff06f) j       pc - 0x8
core   0: 3 0x8001156c (0xff9ff06f)
core   0: 0x80011564 (0x00001f17) auipc   t5, 0x1
core   0: 3 0x80011564 (0x00001f17) x30 0x80012564
core   0: 0x80011568 (0xa83f2e23) sw      gp, -1380(t5)
core   0: 3 0x80011568 (0xa83f2e23) mem 0x80012000 0x00000001
core   0: 0x8001156c (0xff9ff06f) j       pc - 0x8
core   0: 3 0x8001156c (0xff9ff06f)
core   0: 0x80011564 (0x00001f17) auipc   t5, 0x1
core   0: 3 0x80011564 (0x00001f17) x30 0x80012564
core   0: 0x80011568 (0xa83f2e23) sw      gp, -1380(t5)
core   0: 3 0x80011568 (0xa83f2e23) mem 0x80012000 0x00000001
core   0: 0x8001156c (0xff9ff06f) j       pc - 0x8
core   0: 3 0x8001156c (0xff9ff06f)
core   0: 0x80011564 (0x00001f17) auipc   t5, 0x1
core   0: 3 0x80011564 (0x00001f17) x30 0x80012564
core   0: 0x80011568 (0xa83f2e23) sw      gp, -1380(t5)
core   0: 3 0x80011568 (0xa83f2e23) mem 0x80012000 0x00000001
core   0: 0x8001156c (0xff9ff06f) j       pc - 0x8
core   0: 3 0x8001156c (0xff9ff06f)
core   0: 0x80011564 (0x00001f17) auipc   t5, 0x1
core   0: 3 0x80011564 (0x00001f17) x30 0x80012564
core   0: 0x80011568 (0xa83f2e23) sw      gp, -1380(t5)
core   0: 3 0x80011568 (0xa83f2e23) mem 0x80012000 0x00000001
core   0: 0x8001156c (0xff9ff06f) j       pc - 0x8
core   0: 3 0x8001156c (0xff9ff06f)
core   0: 0x80011564 (0x00001f17) auipc   t5, 0x1
core   0: 3 0x80011564 (0x00001f17) x30 0x80012564
core   0: 0x80011568 (0xa83f2e23) sw      gp, -1380(t5)
core   0: 3 0x80011568 (0xa83f2e23) mem 0x80012000 0x00000001
core   0: 0x8001156c (0xff9ff06f) j       pc - 0x8
core   0: 3 0x8001156c (0xff9ff06f)
core   0: 0x80011564 (0x00001f17) auipc   t5, 0x1
core   0: 3 0x80011564 (0x00001f17) x30 0x80012564
core   0: 0x80011568 (0xa83f2e23) sw      gp, -1380(t5)
core   0: 3 0x80011568 (0xa83f2e23) mem 0x80012000 0x00000001
core   0: 0x8001156c (0xff9ff06f) j       pc - 0x8
core   0: 3 0x8001156c (0xff9ff06f)
core   0: 0x80011564 (0x00001f17) auipc   t5, 0x1
core   0: 3 0x80011564 (0x00001f17) x30 0x80012564
core   0: 0x80011568 (0xa83f2e23) sw      gp, -1380(t5)
core   0: 3 0x80011568 (0xa83f2e23) mem 0x80012000 0x00000001
core   0: 0x8001156c (0xff9ff06f) j       pc - 0x8
core   0: 3 0x8001156c (0xff9ff06f)
core   0: 0x80011564 (0x00001f17) auipc   t5, 0x1
core   0: 3 0x80011564 (0x00001f17) x30 0x80012564
core   0: 0x80011568 (0xa83f2e23) sw      gp, -1380(t5)
core   0: 3 0x80011568 (0xa83f2e23) mem 0x80012000 0x00000001
core   0: 0x8001156c (0xff9ff06f) j       pc - 0x8
core   0: 3 0x8001156c (0xff9ff06f)
core   0: 0x80011564 (0x00001f17) auipc   t5, 0x1
core   0: 3 0x80011564 (0x00001f17) x30 0x80012564
core   0: 0x80011568 (0xa83f2e23) sw      gp, -1380(t5)
core   0: 3 0x80011568 (0xa83f2e23) mem 0x80012000 0x00000001
core   0: 0x8001156c (0xff9ff06f) j       pc - 0x8
core   0: 3 0x8001156c (0xff9ff06f)
core   0: 0x80011564 (0x00001f17) auipc   t5, 0x1
core   0: 3 0x80011564 (0x00001f17) x30 0x80012564
core   0: 0x80011568 (0xa83f2e23) sw      gp, -1380(t5)
core   0: 3 0x80011568 (0xa83f2e23) mem 0x80012000 0x00000001
core   0: 0x8001156c (0xff9ff06f) j       pc - 0x8
core   0: 3 0x8001156c (0xff9ff06f)
core   0: 0x80011564 (0x00001f17) auipc   t5, 0x1
core   0: 3 0x80011564 (0x00001f17) x30 0x80012564
core   0: 0x80011568 (0xa83f2e23) sw      gp, -1380(t5)
core   0: 3 0x80011568 (0xa83f2e23) mem 0x80012000 0x00000001
core   0: 0x8001156c (0xff9ff06f) j       pc - 0x8
core   0: 3 0x8001156c (0xff9ff06f)
core   0: 0x80011564 (0x00001f17) auipc   t5, 0x1
core   0: 3 0x80011564 (0x00001f17) x30 0x80012564
core   0: 0x80011568 (0xa83f2e23) sw      gp, -1380(t5)
core   0: 3 0x80011568 (0xa83f2e23) mem 0x80012000 0x00000001
core   0: 0x8001156c (0xff9ff06f) j       pc - 0x8
core   0: 3 0x8001156c (0xff9ff06f)
core   0: 0x80011564 (0x00001f17) auipc   t5, 0x1
core   0: 3 0x80011564 (0x00001f17) x30 0x80012564
core   0: 0x80011568 (0xa83f2e23) sw      gp, -1380(t5)
core   0: 3 0x80011568 (0xa83f2e23) mem 0x80012000 0x00000001
core   0: 0x8001156c (0xff9ff06f) j       pc - 0x8
core   0: 3 0x8001156c (0xff9ff06f)
core   0: 0x80011564 (0x00001f17) auipc   t5, 0x1
core   0: 3 0x80011564 (0x00001f17) x30 0x80012564
core   0: 0x80011568 (0xa83f2e23) sw      gp, -1380(t5)
core   0: 3 0x80011568 (0xa83f2e23) mem 0x80012000 0x00000001
core   0: 0x8001156c (0xff9ff06f) j       pc - 0x8
core   0: 3 0x8001156c (0xff9ff06f)
core   0: 0x80011564 (0x00001f17) auipc   t5, 0x1
core   0: 3 0x80011564 (0x00001f17) x30 0x80012564
core   0: 0x80011568 (0xa83f2e23) sw      gp, -1380(t5)
core   0: 3 0x80011568 (0xa83f2e23) mem 0x80012000 0x00000001
core   0: 0x8001156c (0xff9ff06f) j       pc - 0x8
core   0: 3 0x8001156c (0xff9ff06f)
core   0: 0x80011564 (0x00001f17) auipc   t5, 0x1
core   0: 3 0x80011564 (0x00001f17) x30 0x80012564
core   0: 0x80011568 (0xa83f2e23) sw      gp, -1380(t5)
core   0: 3 0x80011568 (0xa83f2e23) mem 0x80012000 0x00000001
core   0: 0x8001156c (0xff9ff06f) j       pc - 0x8
core   0: 3 0x8001156c (0xff9ff06f)
core   0: 0x80011564 (0x00001f17) auipc   t5, 0x1
core   0: 3 0x80011564 (0x00001f17) x30 0x80012564
core   0: 0x80011568 (0xa83f2e23) sw      gp, -1380(t5)
core   0: 3 0x80011568 (0xa83f2e23) mem 0x80012000 0x00000001
core   0: 0x8001156c (0xff9ff06f) j       pc - 0x8
core   0: 3 0x8001156c (0xff9ff06f)
core   0: 0x80011564 (0x00001f17) auipc   t5, 0x1
core   0: 3 0x80011564 (0x00001f17) x30 0x80012564
core   0: 0x80011568 (0xa83f2e23) sw      gp, -1380(t5)
core   0: 3 0x80011568 (0xa83f2e23) mem 0x80012000 0x00000001
core   0: 0x8001156c (0xff9ff06f) j       pc - 0x8
core   0: 3 0x8001156c (0xff9ff06f)
core   0: 0x80011564 (0x00001f17) auipc   t5, 0x1
core   0: 3 0x80011564 (0x00001f17) x30 0x80012564
core   0: 0x80011568 (0xa83f2e23) sw      gp, -1380(t5)
core   0: 3 0x80011568 (0xa83f2e23) mem 0x80012000 0x00000001
core   0: 0x8001156c (0xff9ff06f) j       pc - 0x8
core   0: 3 0x8001156c (0xff9ff06f)
core   0: 0x80011564 (0x00001f17) auipc   t5, 0x1
core   0: 3 0x80011564 (0x00001f17) x30 0x80012564
core   0: 0x80011568 (0xa83f2e23) sw      gp, -1380(t5)
core   0: 3 0x80011568 (0xa83f2e23) mem 0x80012000 0x00000001
core   0: 0x8001156c (0xff9ff06f) j       pc - 0x8
core   0: 3 0x8001156c (0xff9ff06f)
core   0: 0x80011564 (0x00001f17) auipc   t5, 0x1
core   0: 3 0x80011564 (0x00001f17) x30 0x80012564
core   0: 0x80011568 (0xa83f2e23) sw      gp, -1380(t5)
core   0: 3 0x80011568 (0xa83f2e23) mem 0x80012000 0x00000001
core   0: 0x8001156c (0xff9ff06f) j       pc - 0x8
core   0: 3 0x8001156c (0xff9ff06f)
core   0: 0x80011564 (0x00001f17) auipc   t5, 0x1
core   0: 3 0x80011564 (0x00001f17) x30 0x80012564
core   0: 0x80011568 (0xa83f2e23) sw      gp, -1380(t5)
core   0: 3 0x80011568 (0xa83f2e23) mem 0x80012000 0x00000001
core   0: 0x8001156c (0xff9ff06f) j       pc - 0x8
core   0: 3 0x8001156c (0xff9ff06f)
core   0: 0x80011564 (0x00001f17) auipc   t5, 0x1
core   0: 3 0x80011564 (0x00001f17) x30 0x80012564
core   0: 0x80011568 (0xa83f2e23) sw      gp, -1380(t5)
core   0: 3 0x80011568 (0xa83f2e23) mem 0x80012000 0x00000001
core   0: 0x8001156c (0xff9ff06f) j       pc - 0x8
core   0: 3 0x8001156c (0xff9ff06f)
core   0: 0x80011564 (0x00001f17) auipc   t5, 0x1
core   0: 3 0x80011564 (0x00001f17) x30 0x80012564
core   0: 0x80011568 (0xa83f2e23) sw      gp, -1380(t5)
core   0: 3 0x80011568 (0xa83f2e23) mem 0x80012000 0x00000001
core   0: 0x8001156c (0xff9ff06f) j       pc - 0x8
core   0: 3 0x8001156c (0xff9ff06f)
core   0: 0x80011564 (0x00001f17) auipc   t5, 0x1
core   0: 3 0x80011564 (0x00001f17) x30 0x80012564
core   0: 0x80011568 (0xa83f2e23) sw      gp, -1380(t5)
core   0: 3 0x80011568 (0xa83f2e23) mem 0x80012000 0x00000001
core   0: 0x8001156c (0xff9ff06f) j       pc - 0x8
core   0: 3 0x8001156c (0xff9ff06f)
core   0: 0x80011564 (0x00001f17) auipc   t5, 0x1
core   0: 3 0x80011564 (0x00001f17) x30 0x80012564
core   0: 0x80011568 (0xa83f2e23) sw      gp, -1380(t5)
core   0: 3 0x80011568 (0xa83f2e23) mem 0x80012000 0x00000001
core   0: 0x8001156c (0xff9ff06f) j       pc - 0x8
core   0: 3 0x8001156c (0xff9ff06f)
core   0: 0x80011564 (0x00001f17) auipc   t5, 0x1
core   0: 3 0x80011564 (0x00001f17) x30 0x80012564
core   0: 0x80011568 (0xa83f2e23) sw      gp, -1380(t5)
core   0: 3 0x80011568 (0xa83f2e23) mem 0x80012000 0x00000001
core   0: 0x8001156c (0xff9ff06f) j       pc - 0x8
core   0: 3 0x8001156c (0xff9ff06f)
core   0: 0x80011564 (0x00001f17) auipc   t5, 0x1
core   0: 3 0x80011564 (0x00001f17) x30 0x80012564
core   0: 0x80011568 (0xa83f2e23) sw      gp, -1380(t5)
core   0: 3 0x80011568 (0xa83f2e23) mem 0x80012000 0x00000001
core   0: 0x8001156c (0xff9ff06f) j       pc - 0x8
core   0: 3 0x8001156c (0xff9ff06f)
core   0: 0x80011564 (0x00001f17) auipc   t5, 0x1
core   0: 3 0x80011564 (0x00001f17) x30 0x80012564
core   0: 0x80011568 (0xa83f2e23) sw      gp, -1380(t5)
core   0: 3 0x80011568 (0xa83f2e23) mem 0x80012000 0x00000001
core   0: 0x8001156c (0xff9ff06f) j       pc - 0x8
core   0: 3 0x8001156c (0xff9ff06f)
core   0: 0x80011564 (0x00001f17) auipc   t5, 0x1
core   0: 3 0x80011564 (0x00001f17) x30 0x80012564
core   0: 0x80011568 (0xa83f2e23) sw      gp, -1380(t5)
core   0: 3 0x80011568 (0xa83f2e23) mem 0x80012000 0x00000001
core   0: 0x8001156c (0xff9ff06f) j       pc - 0x8
core   0: 3 0x8001156c (0xff9ff06f)
core   0: 0x80011564 (0x00001f17) auipc   t5, 0x1
core   0: 3 0x80011564 (0x00001f17) x30 0x80012564
core   0: 0x80011568 (0xa83f2e23) sw      gp, -1380(t5)
core   0: 3 0x80011568 (0xa83f2e23) mem 0x80012000 0x00000001
core   0: 0x8001156c (0xff9ff06f) j       pc - 0x8
core   0: 3 0x8001156c (0xff9ff06f)
core   0: 0x80011564 (0x00001f17) auipc   t5, 0x1
core   0: 3 0x80011564 (0x00001f17) x30 0x80012564
core   0: 0x80011568 (0xa83f2e23) sw      gp, -1380(t5)
core   0: 3 0x80011568 (0xa83f2e23) mem 0x80012000 0x00000001
core   0: 0x8001156c (0xff9ff06f) j       pc - 0x8
core   0: 3 0x8001156c (0xff9ff06f)
core   0: 0x80011564 (0x00001f17) auipc   t5, 0x1
core   0: 3 0x80011564 (0x00001f17) x30 0x80012564
core   0: 0x80011568 (0xa83f2e23) sw      gp, -1380(t5)
core   0: 3 0x80011568 (0xa83f2e23) mem 0x80012000 0x00000001
core   0: 0x8001156c (0xff9ff06f) j       pc - 0x8
core   0: 3 0x8001156c (0xff9ff06f)
core   0: 0x80011564 (0x00001f17) auipc   t5, 0x1
core   0: 3 0x80011564 (0x00001f17) x30 0x80012564
core   0: 0x80011568 (0xa83f2e23) sw      gp, -1380(t5)
core   0: 3 0x80011568 (0xa83f2e23) mem 0x80012000 0x00000001
core   0: 0x8001156c (0xff9ff06f) j       pc - 0x8
core   0: 3 0x8001156c (0xff9ff06f)
core   0: 0x80011564 (0x00001f17) auipc   t5, 0x1
core   0: 3 0x80011564 (0x00001f17) x30 0x80012564
core   0: 0x80011568 (0xa83f2e23) sw      gp, -1380(t5)
core   0: 3 0x80011568 (0xa83f2e23) mem 0x80012000 0x00000001
core   0: 0x8001156c (0xff9ff06f) j       pc - 0x8
core   0: 3 0x8001156c (0xff9ff06f)
core   0: 0x80011564 (0x00001f17) auipc   t5, 0x1
core   0: 3 0x80011564 (0x00001f17) x30 0x80012564
core   0: 0x80011568 (0xa83f2e23) sw      gp, -1380(t5)
core   0: 3 0x80011568 (0xa83f2e23) mem 0x80012000 0x00000001
core   0: 0x8001156c (0xff9ff06f) j       pc - 0x8
core   0: 3 0x8001156c (0xff9ff06f)
core   0: 0x80011564 (0x00001f17) auipc   t5, 0x1
core   0: 3 0x80011564 (0x00001f17) x30 0x80012564
core   0: 0x80011568 (0xa83f2e23) sw      gp, -1380(t5)
core   0: 3 0x80011568 (0xa83f2e23) mem 0x80012000 0x00000001
core   0: 0x8001156c (0xff9ff06f) j       pc - 0x8
core   0: 3 0x8001156c (0xff9ff06f)
core   0: 0x80011564 (0x00001f17) auipc   t5, 0x1
core   0: 3 0x80011564 (0x00001f17) x30 0x80012564
core   0: 0x80011568 (0xa83f2e23) sw      gp, -1380(t5)
core   0: 3 0x80011568 (0xa83f2e23) mem 0x80012000 0x00000001
core   0: 0x8001156c (0xff9ff06f) j       pc - 0x8
core   0: 3 0x8001156c (0xff9ff06f)
core   0: 0x80011564 (0x00001f17) auipc   t5, 0x1
core   0: 3 0x80011564 (0x00001f17) x30 0x80012564
core   0: 0x80011568 (0xa83f2e23) sw      gp, -1380(t5)
core   0: 3 0x80011568 (0xa83f2e23) mem 0x80012000 0x00000001
core   0: 0x8001156c (0xff9ff06f) j       pc - 0x8
core   0: 3 0x8001156c (0xff9ff06f)
core   0: 0x80011564 (0x00001f17) auipc   t5, 0x1
core   0: 3 0x80011564 (0x00001f17) x30 0x80012564
core   0: 0x80011568 (0xa83f2e23) sw      gp, -1380(t5)
core   0: 3 0x80011568 (0xa83f2e23) mem 0x80012000 0x00000001
core   0: 0x8001156c (0xff9ff06f) j       pc - 0x8
core   0: 3 0x8001156c (0xff9ff06f)
core   0: 0x80011564 (0x00001f17) auipc   t5, 0x1
core   0: 3 0x80011564 (0x00001f17) x30 0x80012564
core   0: 0x80011568 (0xa83f2e23) sw      gp, -1380(t5)
core   0: 3 0x80011568 (0xa83f2e23) mem 0x80012000 0x00000001
core   0: 0x8001156c (0xff9ff06f) j       pc - 0x8
core   0: 3 0x8001156c (0xff9ff06f)
core   0: 0x80011564 (0x00001f17) auipc   t5, 0x1
core   0: 3 0x80011564 (0x00001f17) x30 0x80012564
core   0: 0x80011568 (0xa83f2e23) sw      gp, -1380(t5)
core   0: 3 0x80011568 (0xa83f2e23) mem 0x80012000 0x00000001
core   0: 0x8001156c (0xff9ff06f) j       pc - 0x8
core   0: 3 0x8001156c (0xff9ff06f)
core   0: 0x80011564 (0x00001f17) auipc   t5, 0x1
core   0: 3 0x80011564 (0x00001f17) x30 0x80012564
core   0: 0x80011568 (0xa83f2e23) sw      gp, -1380(t5)
core   0: 3 0x80011568 (0xa83f2e23) mem 0x80012000 0x00000001
core   0: 0x8001156c (0xff9ff06f) j       pc - 0x8
core   0: 3 0x8001156c (0xff9ff06f)
core   0: 0x80011564 (0x00001f17) auipc   t5, 0x1
core   0: 3 0x80011564 (0x00001f17) x30 0x80012564
core   0: 0x80011568 (0xa83f2e23) sw      gp, -1380(t5)
core   0: 3 0x80011568 (0xa83f2e23) mem 0x80012000 0x00000001
core   0: 0x8001156c (0xff9ff06f) j       pc - 0x8
core   0: 3 0x8001156c (0xff9ff06f)
core   0: 0x80011564 (0x00001f17) auipc   t5, 0x1
core   0: 3 0x80011564 (0x00001f17) x30 0x80012564
core   0: 0x80011568 (0xa83f2e23) sw      gp, -1380(t5)
core   0: 3 0x80011568 (0xa83f2e23) mem 0x80012000 0x00000001
core   0: 0x8001156c (0xff9ff06f) j       pc - 0x8
core   0: 3 0x8001156c (0xff9ff06f)
core   0: 0x80011564 (0x00001f17) auipc   t5, 0x1
core   0: 3 0x80011564 (0x00001f17) x30 0x80012564
core   0: 0x80011568 (0xa83f2e23) sw      gp, -1380(t5)
core   0: 3 0x80011568 (0xa83f2e23) mem 0x80012000 0x00000001
core   0: 0x8001156c (0xff9ff06f) j       pc - 0x8
core   0: 3 0x8001156c (0xff9ff06f)
core   0: 0x80011564 (0x00001f17) auipc   t5, 0x1
core   0: 3 0x80011564 (0x00001f17) x30 0x80012564
core   0: 0x80011568 (0xa83f2e23) sw      gp, -1380(t5)
core   0: 3 0x80011568 (0xa83f2e23) mem 0x80012000 0x00000001
core   0: 0x8001156c (0xff9ff06f) j       pc - 0x8
core   0: 3 0x8001156c (0xff9ff06f)
core   0: 0x80011564 (0x00001f17) auipc   t5, 0x1
core   0: 3 0x80011564 (0x00001f17) x30 0x80012564
core   0: 0x80011568 (0xa83f2e23) sw      gp, -1380(t5)
core   0: 3 0x80011568 (0xa83f2e23) mem 0x80012000 0x00000001
core   0: 0x8001156c (0xff9ff06f) j       pc - 0x8
core   0: 3 0x8001156c (0xff9ff06f)
core   0: 0x80011564 (0x00001f17) auipc   t5, 0x1
core   0: 3 0x80011564 (0x00001f17) x30 0x80012564
core   0: 0x80011568 (0xa83f2e23) sw      gp, -1380(t5)
core   0: 3 0x80011568 (0xa83f2e23) mem 0x80012000 0x00000001
core   0: 0x8001156c (0xff9ff06f) j       pc - 0x8
core   0: 3 0x8001156c (0xff9ff06f)
core   0: 0x80011564 (0x00001f17) auipc   t5, 0x1
core   0: 3 0x80011564 (0x00001f17) x30 0x80012564
core   0: 0x80011568 (0xa83f2e23) sw      gp, -1380(t5)
core   0: 3 0x80011568 (0xa83f2e23) mem 0x80012000 0x00000001
core   0: 0x8001156c (0xff9ff06f) j       pc - 0x8
core   0: 3 0x8001156c (0xff9ff06f)
core   0: 0x80011564 (0x00001f17) auipc   t5, 0x1
core   0: 3 0x80011564 (0x00001f17) x30 0x80012564
core   0: 0x80011568 (0xa83f2e23) sw      gp, -1380(t5)
core   0: 3 0x80011568 (0xa83f2e23) mem 0x80012000 0x00000001
core   0: 0x8001156c (0xff9ff06f) j       pc - 0x8
core   0: 3 0x8001156c (0xff9ff06f)
core   0: 0x80011564 (0x00001f17) auipc   t5, 0x1
core   0: 3 0x80011564 (0x00001f17) x30 0x80012564
core   0: 0x80011568 (0xa83f2e23) sw      gp, -1380(t5)
core   0: 3 0x80011568 (0xa83f2e23) mem 0x80012000 0x00000001
core   0: 0x8001156c (0xff9ff06f) j       pc - 0x8
core   0: 3 0x8001156c (0xff9ff06f)
core   0: 0x80011564 (0x00001f17) auipc   t5, 0x1
core   0: 3 0x80011564 (0x00001f17) x30 0x80012564
core   0: 0x80011568 (0xa83f2e23) sw      gp, -1380(t5)
core   0: 3 0x80011568 (0xa83f2e23) mem 0x80012000 0x00000001
core   0: 0x8001156c (0xff9ff06f) j       pc - 0x8
core   0: 3 0x8001156c (0xff9ff06f)
core   0: 0x80011564 (0x00001f17) auipc   t5, 0x1
core   0: 3 0x80011564 (0x00001f17) x30 0x80012564
core   0: 0x80011568 (0xa83f2e23) sw      gp, -1380(t5)
core   0: 3 0x80011568 (0xa83f2e23) mem 0x80012000 0x00000001
core   0: 0x8001156c (0xff9ff06f) j       pc - 0x8
core   0: 3 0x8001156c (0xff9ff06f)
core   0: 0x80011564 (0x00001f17) auipc   t5, 0x1
core   0: 3 0x80011564 (0x00001f17) x30 0x80012564
core   0: 0x80011568 (0xa83f2e23) sw      gp, -1380(t5)
core   0: 3 0x80011568 (0xa83f2e23) mem 0x80012000 0x00000001
core   0: 0x8001156c (0xff9ff06f) j       pc - 0x8
core   0: 3 0x8001156c (0xff9ff06f)
core   0: 0x80011564 (0x00001f17) auipc   t5, 0x1
core   0: 3 0x80011564 (0x00001f17) x30 0x80012564
core   0: 0x80011568 (0xa83f2e23) sw      gp, -1380(t5)
core   0: 3 0x80011568 (0xa83f2e23) mem 0x80012000 0x00000001
core   0: 0x8001156c (0xff9ff06f) j       pc - 0x8
core   0: 3 0x8001156c (0xff9ff06f)
core   0: 0x80011564 (0x00001f17) auipc   t5, 0x1
core   0: 3 0x80011564 (0x00001f17) x30 0x80012564
core   0: 0x80011568 (0xa83f2e23) sw      gp, -1380(t5)
core   0: 3 0x80011568 (0xa83f2e23) mem 0x80012000 0x00000001
core   0: 0x8001156c (0xff9ff06f) j       pc - 0x8
core   0: 3 0x8001156c (0xff9ff06f)
core   0: 0x80011564 (0x00001f17) auipc   t5, 0x1
core   0: 3 0x80011564 (0x00001f17) x30 0x80012564
core   0: 0x80011568 (0xa83f2e23) sw      gp, -1380(t5)
core   0: 3 0x80011568 (0xa83f2e23) mem 0x80012000 0x00000001
core   0: 0x8001156c (0xff9ff06f) j       pc - 0x8
core   0: 3 0x8001156c (0xff9ff06f)
core   0: 0x80011564 (0x00001f17) auipc   t5, 0x1
core   0: 3 0x80011564 (0x00001f17) x30 0x80012564
core   0: 0x80011568 (0xa83f2e23) sw      gp, -1380(t5)
core   0: 3 0x80011568 (0xa83f2e23) mem 0x80012000 0x00000001
core   0: 0x8001156c (0xff9ff06f) j       pc - 0x8
core   0: 3 0x8001156c (0xff9ff06f)
core   0: 0x80011564 (0x00001f17) auipc   t5, 0x1
core   0: 3 0x80011564 (0x00001f17) x30 0x80012564
core   0: 0x80011568 (0xa83f2e23) sw      gp, -1380(t5)
core   0: 3 0x80011568 (0xa83f2e23) mem 0x80012000 0x00000001
core   0: 0x8001156c (0xff9ff06f) j       pc - 0x8
core   0: 3 0x8001156c (0xff9ff06f)
core   0: 0x80011564 (0x00001f17) auipc   t5, 0x1
core   0: 3 0x80011564 (0x00001f17) x30 0x80012564
core   0: 0x80011568 (0xa83f2e23) sw      gp, -1380(t5)
core   0: 3 0x80011568 (0xa83f2e23) mem 0x80012000 0x00000001
core   0: 0x8001156c (0xff9ff06f) j       pc - 0x8
core   0: 3 0x8001156c (0xff9ff06f)
core   0: 0x80011564 (0x00001f17) auipc   t5, 0x1
core   0: 3 0x80011564 (0x00001f17) x30 0x80012564
core   0: 0x80011568 (0xa83f2e23) sw      gp, -1380(t5)
core   0: 3 0x80011568 (0xa83f2e23) mem 0x80012000 0x00000001
core   0: 0x8001156c (0xff9ff06f) j       pc - 0x8
core   0: 3 0x8001156c (0xff9ff06f)
core   0: 0x80011564 (0x00001f17) auipc   t5, 0x1
core   0: 3 0x80011564 (0x00001f17) x30 0x80012564
core   0: 0x80011568 (0xa83f2e23) sw      gp, -1380(t5)
core   0: 3 0x80011568 (0xa83f2e23) mem 0x80012000 0x00000001
core   0: 0x8001156c (0xff9ff06f) j       pc - 0x8
core   0: 3 0x8001156c (0xff9ff06f)
core   0: 0x80011564 (0x00001f17) auipc   t5, 0x1
core   0: 3 0x80011564 (0x00001f17) x30 0x80012564
core   0: 0x80011568 (0xa83f2e23) sw      gp, -1380(t5)
core   0: 3 0x80011568 (0xa83f2e23) mem 0x80012000 0x00000001
core   0: 0x8001156c (0xff9ff06f) j       pc - 0x8
core   0: 3 0x8001156c (0xff9ff06f)
core   0: 0x80011564 (0x00001f17) auipc   t5, 0x1
core   0: 3 0x80011564 (0x00001f17) x30 0x80012564
core   0: 0x80011568 (0xa83f2e23) sw      gp, -1380(t5)
core   0: 3 0x80011568 (0xa83f2e23) mem 0x80012000 0x00000001
core   0: 0x8001156c (0xff9ff06f) j       pc - 0x8
core   0: 3 0x8001156c (0xff9ff06f)
core   0: 0x80011564 (0x00001f17) auipc   t5, 0x1
core   0: 3 0x80011564 (0x00001f17) x30 0x80012564
core   0: 0x80011568 (0xa83f2e23) sw      gp, -1380(t5)
core   0: 3 0x80011568 (0xa83f2e23) mem 0x80012000 0x00000001
core   0: 0x8001156c (0xff9ff06f) j       pc - 0x8
core   0: 3 0x8001156c (0xff9ff06f)
core   0: 0x80011564 (0x00001f17) auipc   t5, 0x1
core   0: 3 0x80011564 (0x00001f17) x30 0x80012564
core   0: 0x80011568 (0xa83f2e23) sw      gp, -1380(t5)
core   0: 3 0x80011568 (0xa83f2e23) mem 0x80012000 0x00000001
core   0: 0x8001156c (0xff9ff06f) j       pc - 0x8
core   0: 3 0x8001156c (0xff9ff06f)
core   0: 0x80011564 (0x00001f17) auipc   t5, 0x1
core   0: 3 0x80011564 (0x00001f17) x30 0x80012564
core   0: 0x80011568 (0xa83f2e23) sw      gp, -1380(t5)
core   0: 3 0x80011568 (0xa83f2e23) mem 0x80012000 0x00000001
core   0: 0x8001156c (0xff9ff06f) j       pc - 0x8
core   0: 3 0x8001156c (0xff9ff06f)
core   0: 0x80011564 (0x00001f17) auipc   t5, 0x1
core   0: 3 0x80011564 (0x00001f17) x30 0x80012564
core   0: 0x80011568 (0xa83f2e23) sw      gp, -1380(t5)
core   0: 3 0x80011568 (0xa83f2e23) mem 0x80012000 0x00000001
core   0: 0x8001156c (0xff9ff06f) j       pc - 0x8
core   0: 3 0x8001156c (0xff9ff06f)
core   0: 0x80011564 (0x00001f17) auipc   t5, 0x1
core   0: 3 0x80011564 (0x00001f17) x30 0x80012564
core   0: 0x80011568 (0xa83f2e23) sw      gp, -1380(t5)
core   0: 3 0x80011568 (0xa83f2e23) mem 0x80012000 0x00000001
core   0: 0x8001156c (0xff9ff06f) j       pc - 0x8
core   0: 3 0x8001156c (0xff9ff06f)
core   0: 0x80011564 (0x00001f17) auipc   t5, 0x1
core   0: 3 0x80011564 (0x00001f17) x30 0x80012564
core   0: 0x80011568 (0xa83f2e23) sw      gp, -1380(t5)
core   0: 3 0x80011568 (0xa83f2e23) mem 0x80012000 0x00000001
core   0: 0x8001156c (0xff9ff06f) j       pc - 0x8
core   0: 3 0x8001156c (0xff9ff06f)
core   0: 0x80011564 (0x00001f17) auipc   t5, 0x1
core   0: 3 0x80011564 (0x00001f17) x30 0x80012564
core   0: 0x80011568 (0xa83f2e23) sw      gp, -1380(t5)
core   0: 3 0x80011568 (0xa83f2e23) mem 0x80012000 0x00000001
core   0: 0x8001156c (0xff9ff06f) j       pc - 0x8
core   0: 3 0x8001156c (0xff9ff06f)
core   0: 0x80011564 (0x00001f17) auipc   t5, 0x1
core   0: 3 0x80011564 (0x00001f17) x30 0x80012564
core   0: 0x80011568 (0xa83f2e23) sw      gp, -1380(t5)
core   0: 3 0x80011568 (0xa83f2e23) mem 0x80012000 0x00000001
core   0: 0x8001156c (0xff9ff06f) j       pc - 0x8
core   0: 3 0x8001156c (0xff9ff06f)
core   0: 0x80011564 (0x00001f17) auipc   t5, 0x1
core   0: 3 0x80011564 (0x00001f17) x30 0x80012564
core   0: 0x80011568 (0xa83f2e23) sw      gp, -1380(t5)
core   0: 3 0x80011568 (0xa83f2e23) mem 0x80012000 0x00000001
core   0: 0x8001156c (0xff9ff06f) j       pc - 0x8
core   0: 3 0x8001156c (0xff9ff06f)
core   0: 0x80011564 (0x00001f17) auipc   t5, 0x1
core   0: 3 0x80011564 (0x00001f17) x30 0x80012564
core   0: 0x80011568 (0xa83f2e23) sw      gp, -1380(t5)
core   0: 3 0x80011568 (0xa83f2e23) mem 0x80012000 0x00000001
core   0: 0x8001156c (0xff9ff06f) j       pc - 0x8
core   0: 3 0x8001156c (0xff9ff06f)
core   0: 0x80011564 (0x00001f17) auipc   t5, 0x1
core   0: 3 0x80011564 (0x00001f17) x30 0x80012564
core   0: 0x80011568 (0xa83f2e23) sw      gp, -1380(t5)
core   0: 3 0x80011568 (0xa83f2e23) mem 0x80012000 0x00000001
core   0: 0x8001156c (0xff9ff06f) j       pc - 0x8
core   0: 3 0x8001156c (0xff9ff06f)
core   0: 0x80011564 (0x00001f17) auipc   t5, 0x1
core   0: 3 0x80011564 (0x00001f17) x30 0x80012564
core   0: 0x80011568 (0xa83f2e23) sw      gp, -1380(t5)
core   0: 3 0x80011568 (0xa83f2e23) mem 0x80012000 0x00000001
core   0: 0x8001156c (0xff9ff06f) j       pc - 0x8
core   0: 3 0x8001156c (0xff9ff06f)
core   0: 0x80011564 (0x00001f17) auipc   t5, 0x1
core   0: 3 0x80011564 (0x00001f17) x30 0x80012564
core   0: 0x80011568 (0xa83f2e23) sw      gp, -1380(t5)
core   0: 3 0x80011568 (0xa83f2e23) mem 0x80012000 0x00000001
core   0: 0x8001156c (0xff9ff06f) j       pc - 0x8
core   0: 3 0x8001156c (0xff9ff06f)
core   0: 0x80011564 (0x00001f17) auipc   t5, 0x1
core   0: 3 0x80011564 (0x00001f17) x30 0x80012564
core   0: 0x80011568 (0xa83f2e23) sw      gp, -1380(t5)
core   0: 3 0x80011568 (0xa83f2e23) mem 0x80012000 0x00000001
core   0: 0x8001156c (0xff9ff06f) j       pc - 0x8
core   0: 3 0x8001156c (0xff9ff06f)
core   0: 0x80011564 (0x00001f17) auipc   t5, 0x1
core   0: 3 0x80011564 (0x00001f17) x30 0x80012564
core   0: 0x80011568 (0xa83f2e23) sw      gp, -1380(t5)
core   0: 3 0x80011568 (0xa83f2e23) mem 0x80012000 0x00000001
core   0: 0x8001156c (0xff9ff06f) j       pc - 0x8
core   0: 3 0x8001156c (0xff9ff06f)
core   0: 0x80011564 (0x00001f17) auipc   t5, 0x1
core   0: 3 0x80011564 (0x00001f17) x30 0x80012564
core   0: 0x80011568 (0xa83f2e23) sw      gp, -1380(t5)
core   0: 3 0x80011568 (0xa83f2e23) mem 0x80012000 0x00000001
core   0: 0x8001156c (0xff9ff06f) j       pc - 0x8
core   0: 3 0x8001156c (0xff9ff06f)
core   0: 0x80011564 (0x00001f17) auipc   t5, 0x1
core   0: 3 0x80011564 (0x00001f17) x30 0x80012564
core   0: 0x80011568 (0xa83f2e23) sw      gp, -1380(t5)
core   0: 3 0x80011568 (0xa83f2e23) mem 0x80012000 0x00000001
core   0: 0x8001156c (0xff9ff06f) j       pc - 0x8
core   0: 3 0x8001156c (0xff9ff06f)
core   0: 0x80011564 (0x00001f17) auipc   t5, 0x1
core   0: 3 0x80011564 (0x00001f17) x30 0x80012564
core   0: 0x80011568 (0xa83f2e23) sw      gp, -1380(t5)
core   0: 3 0x80011568 (0xa83f2e23) mem 0x80012000 0x00000001
core   0: 0x8001156c (0xff9ff06f) j       pc - 0x8
core   0: 3 0x8001156c (0xff9ff06f)
core   0: 0x80011564 (0x00001f17) auipc   t5, 0x1
core   0: 3 0x80011564 (0x00001f17) x30 0x80012564
core   0: 0x80011568 (0xa83f2e23) sw      gp, -1380(t5)
core   0: 3 0x80011568 (0xa83f2e23) mem 0x80012000 0x00000001
core   0: 0x8001156c (0xff9ff06f) j       pc - 0x8
core   0: 3 0x8001156c (0xff9ff06f)
core   0: 0x80011564 (0x00001f17) auipc   t5, 0x1
core   0: 3 0x80011564 (0x00001f17) x30 0x80012564
core   0: 0x80011568 (0xa83f2e23) sw      gp, -1380(t5)
core   0: 3 0x80011568 (0xa83f2e23) mem 0x80012000 0x00000001
core   0: 0x8001156c (0xff9ff06f) j       pc - 0x8
core   0: 3 0x8001156c (0xff9ff06f)
core   0: 0x80011564 (0x00001f17) auipc   t5, 0x1
core   0: 3 0x80011564 (0x00001f17) x30 0x80012564
core   0: 0x80011568 (0xa83f2e23) sw      gp, -1380(t5)
core   0: 3 0x80011568 (0xa83f2e23) mem 0x80012000 0x00000001
core   0: 0x8001156c (0xff9ff06f) j       pc - 0x8
core   0: 3 0x8001156c (0xff9ff06f)
core   0: 0x80011564 (0x00001f17) auipc   t5, 0x1
core   0: 3 0x80011564 (0x00001f17) x30 0x80012564
core   0: 0x80011568 (0xa83f2e23) sw      gp, -1380(t5)
core   0: 3 0x80011568 (0xa83f2e23) mem 0x80012000 0x00000001
core   0: 0x8001156c (0xff9ff06f) j       pc - 0x8
core   0: 3 0x8001156c (0xff9ff06f)
core   0: 0x80011564 (0x00001f17) auipc   t5, 0x1
core   0: 3 0x80011564 (0x00001f17) x30 0x80012564
core   0: 0x80011568 (0xa83f2e23) sw      gp, -1380(t5)
core   0: 3 0x80011568 (0xa83f2e23) mem 0x80012000 0x00000001
core   0: 0x8001156c (0xff9ff06f) j       pc - 0x8
core   0: 3 0x8001156c (0xff9ff06f)
core   0: 0x80011564 (0x00001f17) auipc   t5, 0x1
core   0: 3 0x80011564 (0x00001f17) x30 0x80012564
core   0: 0x80011568 (0xa83f2e23) sw      gp, -1380(t5)
core   0: 3 0x80011568 (0xa83f2e23) mem 0x80012000 0x00000001
core   0: 0x8001156c (0xff9ff06f) j       pc - 0x8
core   0: 3 0x8001156c (0xff9ff06f)
core   0: 0x80011564 (0x00001f17) auipc   t5, 0x1
core   0: 3 0x80011564 (0x00001f17) x30 0x80012564
core   0: 0x80011568 (0xa83f2e23) sw      gp, -1380(t5)
core   0: 3 0x80011568 (0xa83f2e23) mem 0x80012000 0x00000001
core   0: 0x8001156c (0xff9ff06f) j       pc - 0x8
core   0: 3 0x8001156c (0xff9ff06f)
core   0: 0x80011564 (0x00001f17) auipc   t5, 0x1
core   0: 3 0x80011564 (0x00001f17) x30 0x80012564
core   0: 0x80011568 (0xa83f2e23) sw      gp, -1380(t5)
core   0: 3 0x80011568 (0xa83f2e23) mem 0x80012000 0x00000001
core   0: 0x8001156c (0xff9ff06f) j       pc - 0x8
core   0: 3 0x8001156c (0xff9ff06f)
core   0: 0x80011564 (0x00001f17) auipc   t5, 0x1
core   0: 3 0x80011564 (0x00001f17) x30 0x80012564
core   0: 0x80011568 (0xa83f2e23) sw      gp, -1380(t5)
core   0: 3 0x80011568 (0xa83f2e23) mem 0x80012000 0x00000001
core   0: 0x8001156c (0xff9ff06f) j       pc - 0x8
core   0: 3 0x8001156c (0xff9ff06f)
core   0: 0x80011564 (0x00001f17) auipc   t5, 0x1
core   0: 3 0x80011564 (0x00001f17) x30 0x80012564
core   0: 0x80011568 (0xa83f2e23) sw      gp, -1380(t5)
core   0: 3 0x80011568 (0xa83f2e23) mem 0x80012000 0x00000001
core   0: 0x8001156c (0xff9ff06f) j       pc - 0x8
core   0: 3 0x8001156c (0xff9ff06f)
core   0: 0x80011564 (0x00001f17) auipc   t5, 0x1
core   0: 3 0x80011564 (0x00001f17) x30 0x80012564
core   0: 0x80011568 (0xa83f2e23) sw      gp, -1380(t5)
core   0: 3 0x80011568 (0xa83f2e23) mem 0x80012000 0x00000001
core   0: 0x8001156c (0xff9ff06f) j       pc - 0x8
core   0: 3 0x8001156c (0xff9ff06f)
core   0: 0x80011564 (0x00001f17) auipc   t5, 0x1
core   0: 3 0x80011564 (0x00001f17) x30 0x80012564
core   0: 0x80011568 (0xa83f2e23) sw      gp, -1380(t5)
core   0: 3 0x80011568 (0xa83f2e23) mem 0x80012000 0x00000001
core   0: 0x8001156c (0xff9ff06f) j       pc - 0x8
core   0: 3 0x8001156c (0xff9ff06f)
core   0: 0x80011564 (0x00001f17) auipc   t5, 0x1
core   0: 3 0x80011564 (0x00001f17) x30 0x80012564
core   0: 0x80011568 (0xa83f2e23) sw      gp, -1380(t5)
core   0: 3 0x80011568 (0xa83f2e23) mem 0x80012000 0x00000001
core   0: 0x8001156c (0xff9ff06f) j       pc - 0x8
core   0: 3 0x8001156c (0xff9ff06f)
core   0: 0x80011564 (0x00001f17) auipc   t5, 0x1
core   0: 3 0x80011564 (0x00001f17) x30 0x80012564
core   0: 0x80011568 (0xa83f2e23) sw      gp, -1380(t5)
core   0: 3 0x80011568 (0xa83f2e23) mem 0x80012000 0x00000001
core   0: 0x8001156c (0xff9ff06f) j       pc - 0x8
core   0: 3 0x8001156c (0xff9ff06f)
core   0: 0x80011564 (0x00001f17) auipc   t5, 0x1
core   0: 3 0x80011564 (0x00001f17) x30 0x80012564
core   0: 0x80011568 (0xa83f2e23) sw      gp, -1380(t5)
core   0: 3 0x80011568 (0xa83f2e23) mem 0x80012000 0x00000001
core   0: 0x8001156c (0xff9ff06f) j       pc - 0x8
core   0: 3 0x8001156c (0xff9ff06f)
core   0: 0x80011564 (0x00001f17) auipc   t5, 0x1
core   0: 3 0x80011564 (0x00001f17) x30 0x80012564
core   0: 0x80011568 (0xa83f2e23) sw      gp, -1380(t5)
core   0: 3 0x80011568 (0xa83f2e23) mem 0x80012000 0x00000001
core   0: 0x8001156c (0xff9ff06f) j       pc - 0x8
core   0: 3 0x8001156c (0xff9ff06f)
core   0: 0x80011564 (0x00001f17) auipc   t5, 0x1
core   0: 3 0x80011564 (0x00001f17) x30 0x80012564
core   0: 0x80011568 (0xa83f2e23) sw      gp, -1380(t5)
core   0: 3 0x80011568 (0xa83f2e23) mem 0x80012000 0x00000001
core   0: 0x8001156c (0xff9ff06f) j       pc - 0x8
core   0: 3 0x8001156c (0xff9ff06f)
core   0: 0x80011564 (0x00001f17) auipc   t5, 0x1
core   0: 3 0x80011564 (0x00001f17) x30 0x80012564
core   0: 0x80011568 (0xa83f2e23) sw      gp, -1380(t5)
core   0: 3 0x80011568 (0xa83f2e23) mem 0x80012000 0x00000001
core   0: 0x8001156c (0xff9ff06f) j       pc - 0x8
core   0: 3 0x8001156c (0xff9ff06f)
core   0: 0x80011564 (0x00001f17) auipc   t5, 0x1
core   0: 3 0x80011564 (0x00001f17) x30 0x80012564
core   0: 0x80011568 (0xa83f2e23) sw      gp, -1380(t5)
core   0: 3 0x80011568 (0xa83f2e23) mem 0x80012000 0x00000001
core   0: 0x8001156c (0xff9ff06f) j       pc - 0x8
core   0: 3 0x8001156c (0xff9ff06f)
core   0: 0x80011564 (0x00001f17) auipc   t5, 0x1
core   0: 3 0x80011564 (0x00001f17) x30 0x80012564
core   0: 0x80011568 (0xa83f2e23) sw      gp, -1380(t5)
core   0: 3 0x80011568 (0xa83f2e23) mem 0x80012000 0x00000001
core   0: 0x8001156c (0xff9ff06f) j       pc - 0x8
core   0: 3 0x8001156c (0xff9ff06f)
core   0: 0x80011564 (0x00001f17) auipc   t5, 0x1
core   0: 3 0x80011564 (0x00001f17) x30 0x80012564
core   0: 0x80011568 (0xa83f2e23) sw      gp, -1380(t5)
core   0: 3 0x80011568 (0xa83f2e23) mem 0x80012000 0x00000001
core   0: 0x8001156c (0xff9ff06f) j       pc - 0x8
core   0: 3 0x8001156c (0xff9ff06f)
core   0: 0x80011564 (0x00001f17) auipc   t5, 0x1
core   0: 3 0x80011564 (0x00001f17) x30 0x80012564
core   0: 0x80011568 (0xa83f2e23) sw      gp, -1380(t5)
core   0: 3 0x80011568 (0xa83f2e23) mem 0x80012000 0x00000001
core   0: 0x8001156c (0xff9ff06f) j       pc - 0x8
core   0: 3 0x8001156c (0xff9ff06f)
core   0: 0x80011564 (0x00001f17) auipc   t5, 0x1
core   0: 3 0x80011564 (0x00001f17) x30 0x80012564
core   0: 0x80011568 (0xa83f2e23) sw      gp, -1380(t5)
core   0: 3 0x80011568 (0xa83f2e23) mem 0x80012000 0x00000001
core   0: 0x8001156c (0xff9ff06f) j       pc - 0x8
core   0: 3 0x8001156c (0xff9ff06f)
core   0: 0x80011564 (0x00001f17) auipc   t5, 0x1
core   0: 3 0x80011564 (0x00001f17) x30 0x80012564
core   0: 0x80011568 (0xa83f2e23) sw      gp, -1380(t5)
core   0: 3 0x80011568 (0xa83f2e23) mem 0x80012000 0x00000001
core   0: 0x8001156c (0xff9ff06f) j       pc - 0x8
core   0: 3 0x8001156c (0xff9ff06f)
core   0: 0x80011564 (0x00001f17) auipc   t5, 0x1
core   0: 3 0x80011564 (0x00001f17) x30 0x80012564
core   0: 0x80011568 (0xa83f2e23) sw      gp, -1380(t5)
core   0: 3 0x80011568 (0xa83f2e23) mem 0x80012000 0x00000001
core   0: 0x8001156c (0xff9ff06f) j       pc - 0x8
core   0: 3 0x8001156c (0xff9ff06f)
core   0: 0x80011564 (0x00001f17) auipc   t5, 0x1
core   0: 3 0x80011564 (0x00001f17) x30 0x80012564
core   0: 0x80011568 (0xa83f2e23) sw      gp, -1380(t5)
core   0: 3 0x80011568 (0xa83f2e23) mem 0x80012000 0x00000001
core   0: 0x8001156c (0xff9ff06f) j       pc - 0x8
core   0: 3 0x8001156c (0xff9ff06f)
core   0: 0x80011564 (0x00001f17) auipc   t5, 0x1
core   0: 3 0x80011564 (0x00001f17) x30 0x80012564
core   0: 0x80011568 (0xa83f2e23) sw      gp, -1380(t5)
core   0: 3 0x80011568 (0xa83f2e23) mem 0x80012000 0x00000001
core   0: 0x8001156c (0xff9ff06f) j       pc - 0x8
core   0: 3 0x8001156c (0xff9ff06f)
core   0: 0x80011564 (0x00001f17) auipc   t5, 0x1
core   0: 3 0x80011564 (0x00001f17) x30 0x80012564
core   0: 0x80011568 (0xa83f2e23) sw      gp, -1380(t5)
core   0: 3 0x80011568 (0xa83f2e23) mem 0x80012000 0x00000001
core   0: 0x8001156c (0xff9ff06f) j       pc - 0x8
core   0: 3 0x8001156c (0xff9ff06f)
core   0: 0x80011564 (0x00001f17) auipc   t5, 0x1
core   0: 3 0x80011564 (0x00001f17) x30 0x80012564
core   0: 0x80011568 (0xa83f2e23) sw      gp, -1380(t5)
core   0: 3 0x80011568 (0xa83f2e23) mem 0x80012000 0x00000001
core   0: 0x8001156c (0xff9ff06f) j       pc - 0x8
core   0: 3 0x8001156c (0xff9ff06f)
core   0: 0x80011564 (0x00001f17) auipc   t5, 0x1
core   0: 3 0x80011564 (0x00001f17) x30 0x80012564
core   0: 0x80011568 (0xa83f2e23) sw      gp, -1380(t5)
core   0: 3 0x80011568 (0xa83f2e23) mem 0x80012000 0x00000001
core   0: 0x8001156c (0xff9ff06f) j       pc - 0x8
core   0: 3 0x8001156c (0xff9ff06f)
core   0: 0x80011564 (0x00001f17) auipc   t5, 0x1
core   0: 3 0x80011564 (0x00001f17) x30 0x80012564
core   0: 0x80011568 (0xa83f2e23) sw      gp, -1380(t5)
core   0: 3 0x80011568 (0xa83f2e23) mem 0x80012000 0x00000001
core   0: 0x8001156c (0xff9ff06f) j       pc - 0x8
core   0: 3 0x8001156c (0xff9ff06f)
core   0: 0x80011564 (0x00001f17) auipc   t5, 0x1
core   0: 3 0x80011564 (0x00001f17) x30 0x80012564
core   0: 0x80011568 (0xa83f2e23) sw      gp, -1380(t5)
core   0: 3 0x80011568 (0xa83f2e23) mem 0x80012000 0x00000001
core   0: 0x8001156c (0xff9ff06f) j       pc - 0x8
core   0: 3 0x8001156c (0xff9ff06f)
core   0: 0x80011564 (0x00001f17) auipc   t5, 0x1
core   0: 3 0x80011564 (0x00001f17) x30 0x80012564
core   0: 0x80011568 (0xa83f2e23) sw      gp, -1380(t5)
core   0: 3 0x80011568 (0xa83f2e23) mem 0x80012000 0x00000001
core   0: 0x8001156c (0xff9ff06f) j       pc - 0x8
core   0: 3 0x8001156c (0xff9ff06f)
core   0: 0x80011564 (0x00001f17) auipc   t5, 0x1
core   0: 3 0x80011564 (0x00001f17) x30 0x80012564
core   0: 0x80011568 (0xa83f2e23) sw      gp, -1380(t5)
core   0: 3 0x80011568 (0xa83f2e23) mem 0x80012000 0x00000001
core   0: 0x8001156c (0xff9ff06f) j       pc - 0x8
core   0: 3 0x8001156c (0xff9ff06f)
core   0: 0x80011564 (0x00001f17) auipc   t5, 0x1
core   0: 3 0x80011564 (0x00001f17) x30 0x80012564
core   0: 0x80011568 (0xa83f2e23) sw      gp, -1380(t5)
core   0: 3 0x80011568 (0xa83f2e23) mem 0x80012000 0x00000001
core   0: 0x8001156c (0xff9ff06f) j       pc - 0x8
core   0: 3 0x8001156c (0xff9ff06f)
core   0: 0x80011564 (0x00001f17) auipc   t5, 0x1
core   0: 3 0x80011564 (0x00001f17) x30 0x80012564
core   0: 0x80011568 (0xa83f2e23) sw      gp, -1380(t5)
core   0: 3 0x80011568 (0xa83f2e23) mem 0x80012000 0x00000001
core   0: 0x8001156c (0xff9ff06f) j       pc - 0x8
core   0: 3 0x8001156c (0xff9ff06f)
core   0: 0x80011564 (0x00001f17) auipc   t5, 0x1
core   0: 3 0x80011564 (0x00001f17) x30 0x80012564
core   0: 0x80011568 (0xa83f2e23) sw      gp, -1380(t5)
core   0: 3 0x80011568 (0xa83f2e23) mem 0x80012000 0x00000001
core   0: 0x8001156c (0xff9ff06f) j       pc - 0x8
core   0: 3 0x8001156c (0xff9ff06f)
core   0: 0x80011564 (0x00001f17) auipc   t5, 0x1
core   0: 3 0x80011564 (0x00001f17) x30 0x80012564
core   0: 0x80011568 (0xa83f2e23) sw      gp, -1380(t5)
core   0: 3 0x80011568 (0xa83f2e23) mem 0x80012000 0x00000001
core   0: 0x8001156c (0xff9ff06f) j       pc - 0x8
core   0: 3 0x8001156c (0xff9ff06f)
core   0: 0x80011564 (0x00001f17) auipc   t5, 0x1
core   0: 3 0x80011564 (0x00001f17) x30 0x80012564
core   0: 0x80011568 (0xa83f2e23) sw      gp, -1380(t5)
core   0: 3 0x80011568 (0xa83f2e23) mem 0x80012000 0x00000001
core   0: 0x8001156c (0xff9ff06f) j       pc - 0x8
core   0: 3 0x8001156c (0xff9ff06f)
core   0: 0x80011564 (0x00001f17) auipc   t5, 0x1
core   0: 3 0x80011564 (0x00001f17) x30 0x80012564
core   0: 0x80011568 (0xa83f2e23) sw      gp, -1380(t5)
core   0: 3 0x80011568 (0xa83f2e23) mem 0x80012000 0x00000001
core   0: 0x8001156c (0xff9ff06f) j       pc - 0x8
core   0: 3 0x8001156c (0xff9ff06f)
core   0: 0x80011564 (0x00001f17) auipc   t5, 0x1
core   0: 3 0x80011564 (0x00001f17) x30 0x80012564
core   0: 0x80011568 (0xa83f2e23) sw      gp, -1380(t5)
core   0: 3 0x80011568 (0xa83f2e23) mem 0x80012000 0x00000001
core   0: 0x8001156c (0xff9ff06f) j       pc - 0x8
core   0: 3 0x8001156c (0xff9ff06f)
core   0: 0x80011564 (0x00001f17) auipc   t5, 0x1
core   0: 3 0x80011564 (0x00001f17) x30 0x80012564
core   0: 0x80011568 (0xa83f2e23) sw      gp, -1380(t5)
core   0: 3 0x80011568 (0xa83f2e23) mem 0x80012000 0x00000001
core   0: 0x8001156c (0xff9ff06f) j       pc - 0x8
core   0: 3 0x8001156c (0xff9ff06f)
core   0: 0x80011564 (0x00001f17) auipc   t5, 0x1
core   0: 3 0x80011564 (0x00001f17) x30 0x80012564
core   0: 0x80011568 (0xa83f2e23) sw      gp, -1380(t5)
core   0: 3 0x80011568 (0xa83f2e23) mem 0x80012000 0x00000001
core   0: 0x8001156c (0xff9ff06f) j       pc - 0x8
core   0: 3 0x8001156c (0xff9ff06f)
core   0: 0x80011564 (0x00001f17) auipc   t5, 0x1
core   0: 3 0x80011564 (0x00001f17) x30 0x80012564
core   0: 0x80011568 (0xa83f2e23) sw      gp, -1380(t5)
core   0: 3 0x80011568 (0xa83f2e23) mem 0x80012000 0x00000001
core   0: 0x8001156c (0xff9ff06f) j       pc - 0x8
core   0: 3 0x8001156c (0xff9ff06f)
core   0: 0x80011564 (0x00001f17) auipc   t5, 0x1
core   0: 3 0x80011564 (0x00001f17) x30 0x80012564
core   0: 0x80011568 (0xa83f2e23) sw      gp, -1380(t5)
core   0: 3 0x80011568 (0xa83f2e23) mem 0x80012000 0x00000001
core   0: 0x8001156c (0xff9ff06f) j       pc - 0x8
core   0: 3 0x8001156c (0xff9ff06f)
core   0: 0x80011564 (0x00001f17) auipc   t5, 0x1
core   0: 3 0x80011564 (0x00001f17) x30 0x80012564
core   0: 0x80011568 (0xa83f2e23) sw      gp, -1380(t5)
core   0: 3 0x80011568 (0xa83f2e23) mem 0x80012000 0x00000001
core   0: 0x8001156c (0xff9ff06f) j       pc - 0x8
core   0: 3 0x8001156c (0xff9ff06f)
core   0: 0x80011564 (0x00001f17) auipc   t5, 0x1
core   0: 3 0x80011564 (0x00001f17) x30 0x80012564
core   0: 0x80011568 (0xa83f2e23) sw      gp, -1380(t5)
core   0: 3 0x80011568 (0xa83f2e23) mem 0x80012000 0x00000001
core   0: 0x8001156c (0xff9ff06f) j       pc - 0x8
core   0: 3 0x8001156c (0xff9ff06f)
core   0: 0x80011564 (0x00001f17) auipc   t5, 0x1
core   0: 3 0x80011564 (0x00001f17) x30 0x80012564
core   0: 0x80011568 (0xa83f2e23) sw      gp, -1380(t5)
core   0: 3 0x80011568 (0xa83f2e23) mem 0x80012000 0x00000001
core   0: 0x8001156c (0xff9ff06f) j       pc - 0x8
core   0: 3 0x8001156c (0xff9ff06f)
core   0: 0x80011564 (0x00001f17) auipc   t5, 0x1
core   0: 3 0x80011564 (0x00001f17) x30 0x80012564
core   0: 0x80011568 (0xa83f2e23) sw      gp, -1380(t5)
core   0: 3 0x80011568 (0xa83f2e23) mem 0x80012000 0x00000001
core   0: 0x8001156c (0xff9ff06f) j       pc - 0x8
core   0: 3 0x8001156c (0xff9ff06f)
core   0: 0x80011564 (0x00001f17) auipc   t5, 0x1
core   0: 3 0x80011564 (0x00001f17) x30 0x80012564
core   0: 0x80011568 (0xa83f2e23) sw      gp, -1380(t5)
core   0: 3 0x80011568 (0xa83f2e23) mem 0x80012000 0x00000001
core   0: 0x8001156c (0xff9ff06f) j       pc - 0x8
core   0: 3 0x8001156c (0xff9ff06f)
core   0: 0x80011564 (0x00001f17) auipc   t5, 0x1
core   0: 3 0x80011564 (0x00001f17) x30 0x80012564
core   0: 0x80011568 (0xa83f2e23) sw      gp, -1380(t5)
core   0: 3 0x80011568 (0xa83f2e23) mem 0x80012000 0x00000001
core   0: 0x8001156c (0xff9ff06f) j       pc - 0x8
core   0: 3 0x8001156c (0xff9ff06f)
core   0: 0x80011564 (0x00001f17) auipc   t5, 0x1
core   0: 3 0x80011564 (0x00001f17) x30 0x80012564
core   0: 0x80011568 (0xa83f2e23) sw      gp, -1380(t5)
core   0: 3 0x80011568 (0xa83f2e23) mem 0x80012000 0x00000001
core   0: 0x8001156c (0xff9ff06f) j       pc - 0x8
core   0: 3 0x8001156c (0xff9ff06f)
core   0: 0x80011564 (0x00001f17) auipc   t5, 0x1
core   0: 3 0x80011564 (0x00001f17) x30 0x80012564
core   0: 0x80011568 (0xa83f2e23) sw      gp, -1380(t5)
core   0: 3 0x80011568 (0xa83f2e23) mem 0x80012000 0x00000001
core   0: 0x8001156c (0xff9ff06f) j       pc - 0x8
core   0: 3 0x8001156c (0xff9ff06f)
core   0: 0x80011564 (0x00001f17) auipc   t5, 0x1
core   0: 3 0x80011564 (0x00001f17) x30 0x80012564
core   0: 0x80011568 (0xa83f2e23) sw      gp, -1380(t5)
core   0: 3 0x80011568 (0xa83f2e23) mem 0x80012000 0x00000001
core   0: 0x8001156c (0xff9ff06f) j       pc - 0x8
core   0: 3 0x8001156c (0xff9ff06f)
core   0: 0x80011564 (0x00001f17) auipc   t5, 0x1
core   0: 3 0x80011564 (0x00001f17) x30 0x80012564
core   0: 0x80011568 (0xa83f2e23) sw      gp, -1380(t5)
core   0: 3 0x80011568 (0xa83f2e23) mem 0x80012000 0x00000001
core   0: 0x8001156c (0xff9ff06f) j       pc - 0x8
core   0: 3 0x8001156c (0xff9ff06f)
core   0: 0x80011564 (0x00001f17) auipc   t5, 0x1
core   0: 3 0x80011564 (0x00001f17) x30 0x80012564
core   0: 0x80011568 (0xa83f2e23) sw      gp, -1380(t5)
core   0: 3 0x80011568 (0xa83f2e23) mem 0x80012000 0x00000001
core   0: 0x8001156c (0xff9ff06f) j       pc - 0x8
core   0: 3 0x8001156c (0xff9ff06f)
core   0: 0x80011564 (0x00001f17) auipc   t5, 0x1
core   0: 3 0x80011564 (0x00001f17) x30 0x80012564
core   0: 0x80011568 (0xa83f2e23) sw      gp, -1380(t5)
core   0: 3 0x80011568 (0xa83f2e23) mem 0x80012000 0x00000001
core   0: 0x8001156c (0xff9ff06f) j       pc - 0x8
core   0: 3 0x8001156c (0xff9ff06f)
core   0: 0x80011564 (0x00001f17) auipc   t5, 0x1
core   0: 3 0x80011564 (0x00001f17) x30 0x80012564
core   0: 0x80011568 (0xa83f2e23) sw      gp, -1380(t5)
core   0: 3 0x80011568 (0xa83f2e23) mem 0x80012000 0x00000001
core   0: 0x8001156c (0xff9ff06f) j       pc - 0x8
core   0: 3 0x8001156c (0xff9ff06f)
core   0: 0x80011564 (0x00001f17) auipc   t5, 0x1
core   0: 3 0x80011564 (0x00001f17) x30 0x80012564
core   0: 0x80011568 (0xa83f2e23) sw      gp, -1380(t5)
core   0: 3 0x80011568 (0xa83f2e23) mem 0x80012000 0x00000001
core   0: 0x8001156c (0xff9ff06f) j       pc - 0x8
core   0: 3 0x8001156c (0xff9ff06f)
core   0: 0x80011564 (0x00001f17) auipc   t5, 0x1
core   0: 3 0x80011564 (0x00001f17) x30 0x80012564
core   0: 0x80011568 (0xa83f2e23) sw      gp, -1380(t5)
core   0: 3 0x80011568 (0xa83f2e23) mem 0x80012000 0x00000001
core   0: 0x8001156c (0xff9ff06f) j       pc - 0x8
core   0: 3 0x8001156c (0xff9ff06f)
core   0: 0x80011564 (0x00001f17) auipc   t5, 0x1
core   0: 3 0x80011564 (0x00001f17) x30 0x80012564
core   0: 0x80011568 (0xa83f2e23) sw      gp, -1380(t5)
core   0: 3 0x80011568 (0xa83f2e23) mem 0x80012000 0x00000001
core   0: 0x8001156c (0xff9ff06f) j       pc - 0x8
core   0: 3 0x8001156c (0xff9ff06f)
core   0: 0x80011564 (0x00001f17) auipc   t5, 0x1
core   0: 3 0x80011564 (0x00001f17) x30 0x80012564
core   0: 0x80011568 (0xa83f2e23) sw      gp, -1380(t5)
core   0: 3 0x80011568 (0xa83f2e23) mem 0x80012000 0x00000001
core   0: 0x8001156c (0xff9ff06f) j       pc - 0x8
core   0: 3 0x8001156c (0xff9ff06f)
core   0: 0x80011564 (0x00001f17) auipc   t5, 0x1
core   0: 3 0x80011564 (0x00001f17) x30 0x80012564
core   0: 0x80011568 (0xa83f2e23) sw      gp, -1380(t5)
core   0: 3 0x80011568 (0xa83f2e23) mem 0x80012000 0x00000001
core   0: 0x8001156c (0xff9ff06f) j       pc - 0x8
core   0: 3 0x8001156c (0xff9ff06f)
core   0: 0x80011564 (0x00001f17) auipc   t5, 0x1
core   0: 3 0x80011564 (0x00001f17) x30 0x80012564
core   0: 0x80011568 (0xa83f2e23) sw      gp, -1380(t5)
core   0: 3 0x80011568 (0xa83f2e23) mem 0x80012000 0x00000001
core   0: 0x8001156c (0xff9ff06f) j       pc - 0x8
core   0: 3 0x8001156c (0xff9ff06f)
core   0: 0x80011564 (0x00001f17) auipc   t5, 0x1
core   0: 3 0x80011564 (0x00001f17) x30 0x80012564
core   0: 0x80011568 (0xa83f2e23) sw      gp, -1380(t5)
core   0: 3 0x80011568 (0xa83f2e23) mem 0x80012000 0x00000001
core   0: 0x8001156c (0xff9ff06f) j       pc - 0x8
core   0: 3 0x8001156c (0xff9ff06f)
core   0: 0x80011564 (0x00001f17) auipc   t5, 0x1
core   0: 3 0x80011564 (0x00001f17) x30 0x80012564
core   0: 0x80011568 (0xa83f2e23) sw      gp, -1380(t5)
core   0: 3 0x80011568 (0xa83f2e23) mem 0x80012000 0x00000001
core   0: 0x8001156c (0xff9ff06f) j       pc - 0x8
core   0: 3 0x8001156c (0xff9ff06f)
core   0: 0x80011564 (0x00001f17) auipc   t5, 0x1
core   0: 3 0x80011564 (0x00001f17) x30 0x80012564
core   0: 0x80011568 (0xa83f2e23) sw      gp, -1380(t5)
core   0: 3 0x80011568 (0xa83f2e23) mem 0x80012000 0x00000001
core   0: 0x8001156c (0xff9ff06f) j       pc - 0x8
core   0: 3 0x8001156c (0xff9ff06f)
core   0: 0x80011564 (0x00001f17) auipc   t5, 0x1
core   0: 3 0x80011564 (0x00001f17) x30 0x80012564
core   0: 0x80011568 (0xa83f2e23) sw      gp, -1380(t5)
core   0: 3 0x80011568 (0xa83f2e23) mem 0x80012000 0x00000001
core   0: 0x8001156c (0xff9ff06f) j       pc - 0x8
core   0: 3 0x8001156c (0xff9ff06f)
core   0: 0x80011564 (0x00001f17) auipc   t5, 0x1
core   0: 3 0x80011564 (0x00001f17) x30 0x80012564
core   0: 0x80011568 (0xa83f2e23) sw      gp, -1380(t5)
core   0: 3 0x80011568 (0xa83f2e23) mem 0x80012000 0x00000001
core   0: 0x8001156c (0xff9ff06f) j       pc - 0x8
core   0: 3 0x8001156c (0xff9ff06f)
core   0: 0x80011564 (0x00001f17) auipc   t5, 0x1
core   0: 3 0x80011564 (0x00001f17) x30 0x80012564
core   0: 0x80011568 (0xa83f2e23) sw      gp, -1380(t5)
core   0: 3 0x80011568 (0xa83f2e23) mem 0x80012000 0x00000001
core   0: 0x8001156c (0xff9ff06f) j       pc - 0x8
core   0: 3 0x8001156c (0xff9ff06f)
core   0: 0x80011564 (0x00001f17) auipc   t5, 0x1
core   0: 3 0x80011564 (0x00001f17) x30 0x80012564
core   0: 0x80011568 (0xa83f2e23) sw      gp, -1380(t5)
core   0: 3 0x80011568 (0xa83f2e23) mem 0x80012000 0x00000001
core   0: 0x8001156c (0xff9ff06f) j       pc - 0x8
core   0: 3 0x8001156c (0xff9ff06f)
core   0: 0x80011564 (0x00001f17) auipc   t5, 0x1
core   0: 3 0x80011564 (0x00001f17) x30 0x80012564
core   0: 0x80011568 (0xa83f2e23) sw      gp, -1380(t5)
core   0: 3 0x80011568 (0xa83f2e23) mem 0x80012000 0x00000001
core   0: 0x8001156c (0xff9ff06f) j       pc - 0x8
core   0: 3 0x8001156c (0xff9ff06f)
core   0: 0x80011564 (0x00001f17) auipc   t5, 0x1
core   0: 3 0x80011564 (0x00001f17) x30 0x80012564
core   0: 0x80011568 (0xa83f2e23) sw      gp, -1380(t5)
core   0: 3 0x80011568 (0xa83f2e23) mem 0x80012000 0x00000001
core   0: 0x8001156c (0xff9ff06f) j       pc - 0x8
core   0: 3 0x8001156c (0xff9ff06f)
core   0: 0x80011564 (0x00001f17) auipc   t5, 0x1
core   0: 3 0x80011564 (0x00001f17) x30 0x80012564
core   0: 0x80011568 (0xa83f2e23) sw      gp, -1380(t5)
core   0: 3 0x80011568 (0xa83f2e23) mem 0x80012000 0x00000001
core   0: 0x8001156c (0xff9ff06f) j       pc - 0x8
core   0: 3 0x8001156c (0xff9ff06f)
core   0: 0x80011564 (0x00001f17) auipc   t5, 0x1
core   0: 3 0x80011564 (0x00001f17) x30 0x80012564
core   0: 0x80011568 (0xa83f2e23) sw      gp, -1380(t5)
core   0: 3 0x80011568 (0xa83f2e23) mem 0x80012000 0x00000001
core   0: 0x8001156c (0xff9ff06f) j       pc - 0x8
core   0: 3 0x8001156c (0xff9ff06f)
core   0: 0x80011564 (0x00001f17) auipc   t5, 0x1
core   0: 3 0x80011564 (0x00001f17) x30 0x80012564
core   0: 0x80011568 (0xa83f2e23) sw      gp, -1380(t5)
core   0: 3 0x80011568 (0xa83f2e23) mem 0x80012000 0x00000001
core   0: 0x8001156c (0xff9ff06f) j       pc - 0x8
core   0: 3 0x8001156c (0xff9ff06f)
core   0: 0x80011564 (0x00001f17) auipc   t5, 0x1
core   0: 3 0x80011564 (0x00001f17) x30 0x80012564
core   0: 0x80011568 (0xa83f2e23) sw      gp, -1380(t5)
core   0: 3 0x80011568 (0xa83f2e23) mem 0x80012000 0x00000001
core   0: 0x8001156c (0xff9ff06f) j       pc - 0x8
core   0: 3 0x8001156c (0xff9ff06f)
core   0: 0x80011564 (0x00001f17) auipc   t5, 0x1
core   0: 3 0x80011564 (0x00001f17) x30 0x80012564
core   0: 0x80011568 (0xa83f2e23) sw      gp, -1380(t5)
core   0: 3 0x80011568 (0xa83f2e23) mem 0x80012000 0x00000001
core   0: 0x8001156c (0xff9ff06f) j       pc - 0x8
core   0: 3 0x8001156c (0xff9ff06f)
core   0: 0x80011564 (0x00001f17) auipc   t5, 0x1
core   0: 3 0x80011564 (0x00001f17) x30 0x80012564
core   0: 0x80011568 (0xa83f2e23) sw      gp, -1380(t5)
core   0: 3 0x80011568 (0xa83f2e23) mem 0x80012000 0x00000001
core   0: 0x8001156c (0xff9ff06f) j       pc - 0x8
core   0: 3 0x8001156c (0xff9ff06f)
core   0: 0x80011564 (0x00001f17) auipc   t5, 0x1
core   0: 3 0x80011564 (0x00001f17) x30 0x80012564
core   0: 0x80011568 (0xa83f2e23) sw      gp, -1380(t5)
core   0: 3 0x80011568 (0xa83f2e23) mem 0x80012000 0x00000001
core   0: 0x8001156c (0xff9ff06f) j       pc - 0x8
core   0: 3 0x8001156c (0xff9ff06f)
core   0: 0x80011564 (0x00001f17) auipc   t5, 0x1
core   0: 3 0x80011564 (0x00001f17) x30 0x80012564
core   0: 0x80011568 (0xa83f2e23) sw      gp, -1380(t5)
core   0: 3 0x80011568 (0xa83f2e23) mem 0x80012000 0x00000001
core   0: 0x8001156c (0xff9ff06f) j       pc - 0x8
core   0: 3 0x8001156c (0xff9ff06f)
core   0: 0x80011564 (0x00001f17) auipc   t5, 0x1
core   0: 3 0x80011564 (0x00001f17) x30 0x80012564
core   0: 0x80011568 (0xa83f2e23) sw      gp, -1380(t5)
core   0: 3 0x80011568 (0xa83f2e23) mem 0x80012000 0x00000001
core   0: 0x8001156c (0xff9ff06f) j       pc - 0x8
core   0: 3 0x8001156c (0xff9ff06f)
core   0: 0x80011564 (0x00001f17) auipc   t5, 0x1
core   0: 3 0x80011564 (0x00001f17) x30 0x80012564
core   0: 0x80011568 (0xa83f2e23) sw      gp, -1380(t5)
core   0: 3 0x80011568 (0xa83f2e23) mem 0x80012000 0x00000001
core   0: 0x8001156c (0xff9ff06f) j       pc - 0x8
core   0: 3 0x8001156c (0xff9ff06f)
core   0: 0x80011564 (0x00001f17) auipc   t5, 0x1
core   0: 3 0x80011564 (0x00001f17) x30 0x80012564
core   0: 0x80011568 (0xa83f2e23) sw      gp, -1380(t5)
core   0: 3 0x80011568 (0xa83f2e23) mem 0x80012000 0x00000001
core   0: 0x8001156c (0xff9ff06f) j       pc - 0x8
core   0: 3 0x8001156c (0xff9ff06f)
core   0: 0x80011564 (0x00001f17) auipc   t5, 0x1
core   0: 3 0x80011564 (0x00001f17) x30 0x80012564
core   0: 0x80011568 (0xa83f2e23) sw      gp, -1380(t5)
core   0: 3 0x80011568 (0xa83f2e23) mem 0x80012000 0x00000001
core   0: 0x8001156c (0xff9ff06f) j       pc - 0x8
core   0: 3 0x8001156c (0xff9ff06f)
core   0: 0x80011564 (0x00001f17) auipc   t5, 0x1
core   0: 3 0x80011564 (0x00001f17) x30 0x80012564
core   0: 0x80011568 (0xa83f2e23) sw      gp, -1380(t5)
core   0: 3 0x80011568 (0xa83f2e23) mem 0x80012000 0x00000001
core   0: 0x8001156c (0xff9ff06f) j       pc - 0x8
core   0: 3 0x8001156c (0xff9ff06f)
core   0: 0x80011564 (0x00001f17) auipc   t5, 0x1
core   0: 3 0x80011564 (0x00001f17) x30 0x80012564
core   0: 0x80011568 (0xa83f2e23) sw      gp, -1380(t5)
core   0: 3 0x80011568 (0xa83f2e23) mem 0x80012000 0x00000001
core   0: 0x8001156c (0xff9ff06f) j       pc - 0x8
core   0: 3 0x8001156c (0xff9ff06f)
core   0: 0x80011564 (0x00001f17) auipc   t5, 0x1
core   0: 3 0x80011564 (0x00001f17) x30 0x80012564
core   0: 0x80011568 (0xa83f2e23) sw      gp, -1380(t5)
core   0: 3 0x80011568 (0xa83f2e23) mem 0x80012000 0x00000001
core   0: 0x8001156c (0xff9ff06f) j       pc - 0x8
core   0: 3 0x8001156c (0xff9ff06f)
core   0: 0x80011564 (0x00001f17) auipc   t5, 0x1
core   0: 3 0x80011564 (0x00001f17) x30 0x80012564
core   0: 0x80011568 (0xa83f2e23) sw      gp, -1380(t5)
core   0: 3 0x80011568 (0xa83f2e23) mem 0x80012000 0x00000001
core   0: 0x8001156c (0xff9ff06f) j       pc - 0x8
core   0: 3 0x8001156c (0xff9ff06f)
core   0: 0x80011564 (0x00001f17) auipc   t5, 0x1
core   0: 3 0x80011564 (0x00001f17) x30 0x80012564
core   0: 0x80011568 (0xa83f2e23) sw      gp, -1380(t5)
core   0: 3 0x80011568 (0xa83f2e23) mem 0x80012000 0x00000001
core   0: 0x8001156c (0xff9ff06f) j       pc - 0x8
core   0: 3 0x8001156c (0xff9ff06f)
core   0: 0x80011564 (0x00001f17) auipc   t5, 0x1
core   0: 3 0x80011564 (0x00001f17) x30 0x80012564
core   0: 0x80011568 (0xa83f2e23) sw      gp, -1380(t5)
core   0: 3 0x80011568 (0xa83f2e23) mem 0x80012000 0x00000001
core   0: 0x8001156c (0xff9ff06f) j       pc - 0x8
core   0: 3 0x8001156c (0xff9ff06f)
core   0: 0x80011564 (0x00001f17) auipc   t5, 0x1
core   0: 3 0x80011564 (0x00001f17) x30 0x80012564
core   0: 0x80011568 (0xa83f2e23) sw      gp, -1380(t5)
core   0: 3 0x80011568 (0xa83f2e23) mem 0x80012000 0x00000001
core   0: 0x8001156c (0xff9ff06f) j       pc - 0x8
core   0: 3 0x8001156c (0xff9ff06f)
core   0: 0x80011564 (0x00001f17) auipc   t5, 0x1
core   0: 3 0x80011564 (0x00001f17) x30 0x80012564
core   0: 0x80011568 (0xa83f2e23) sw      gp, -1380(t5)
core   0: 3 0x80011568 (0xa83f2e23) mem 0x80012000 0x00000001
core   0: 0x8001156c (0xff9ff06f) j       pc - 0x8
core   0: 3 0x8001156c (0xff9ff06f)
core   0: 0x80011564 (0x00001f17) auipc   t5, 0x1
core   0: 3 0x80011564 (0x00001f17) x30 0x80012564
core   0: 0x80011568 (0xa83f2e23) sw      gp, -1380(t5)
core   0: 3 0x80011568 (0xa83f2e23) mem 0x80012000 0x00000001
core   0: 0x8001156c (0xff9ff06f) j       pc - 0x8
core   0: 3 0x8001156c (0xff9ff06f)
core   0: 0x80011564 (0x00001f17) auipc   t5, 0x1
core   0: 3 0x80011564 (0x00001f17) x30 0x80012564
core   0: 0x80011568 (0xa83f2e23) sw      gp, -1380(t5)
core   0: 3 0x80011568 (0xa83f2e23) mem 0x80012000 0x00000001
core   0: 0x8001156c (0xff9ff06f) j       pc - 0x8
core   0: 3 0x8001156c (0xff9ff06f)
core   0: 0x80011564 (0x00001f17) auipc   t5, 0x1
core   0: 3 0x80011564 (0x00001f17) x30 0x80012564
core   0: 0x80011568 (0xa83f2e23) sw      gp, -1380(t5)
core   0: 3 0x80011568 (0xa83f2e23) mem 0x80012000 0x00000001
core   0: 0x8001156c (0xff9ff06f) j       pc - 0x8
core   0: 3 0x8001156c (0xff9ff06f)
core   0: 0x80011564 (0x00001f17) auipc   t5, 0x1
core   0: 3 0x80011564 (0x00001f17) x30 0x80012564
core   0: 0x80011568 (0xa83f2e23) sw      gp, -1380(t5)
core   0: 3 0x80011568 (0xa83f2e23) mem 0x80012000 0x00000001
core   0: 0x8001156c (0xff9ff06f) j       pc - 0x8
core   0: 3 0x8001156c (0xff9ff06f)
core   0: 0x80011564 (0x00001f17) auipc   t5, 0x1
core   0: 3 0x80011564 (0x00001f17) x30 0x80012564
core   0: 0x80011568 (0xa83f2e23) sw      gp, -1380(t5)
core   0: 3 0x80011568 (0xa83f2e23) mem 0x80012000 0x00000001
core   0: 0x8001156c (0xff9ff06f) j       pc - 0x8
core   0: 3 0x8001156c (0xff9ff06f)
core   0: 0x80011564 (0x00001f17) auipc   t5, 0x1
core   0: 3 0x80011564 (0x00001f17) x30 0x80012564
core   0: 0x80011568 (0xa83f2e23) sw      gp, -1380(t5)
core   0: 3 0x80011568 (0xa83f2e23) mem 0x80012000 0x00000001
core   0: 0x8001156c (0xff9ff06f) j       pc - 0x8
core   0: 3 0x8001156c (0xff9ff06f)
core   0: 0x80011564 (0x00001f17) auipc   t5, 0x1
core   0: 3 0x80011564 (0x00001f17) x30 0x80012564
core   0: 0x80011568 (0xa83f2e23) sw      gp, -1380(t5)
core   0: 3 0x80011568 (0xa83f2e23) mem 0x80012000 0x00000001
core   0: 0x8001156c (0xff9ff06f) j       pc - 0x8
core   0: 3 0x8001156c (0xff9ff06f)
core   0: 0x80011564 (0x00001f17) auipc   t5, 0x1
core   0: 3 0x80011564 (0x00001f17) x30 0x80012564
core   0: 0x80011568 (0xa83f2e23) sw      gp, -1380(t5)
core   0: 3 0x80011568 (0xa83f2e23) mem 0x80012000 0x00000001
core   0: 0x8001156c (0xff9ff06f) j       pc - 0x8
core   0: 3 0x8001156c (0xff9ff06f)
core   0: 0x80011564 (0x00001f17) auipc   t5, 0x1
core   0: 3 0x80011564 (0x00001f17) x30 0x80012564
core   0: 0x80011568 (0xa83f2e23) sw      gp, -1380(t5)
core   0: 3 0x80011568 (0xa83f2e23) mem 0x80012000 0x00000001
core   0: 0x8001156c (0xff9ff06f) j       pc - 0x8
core   0: 3 0x8001156c (0xff9ff06f)
core   0: 0x80011564 (0x00001f17) auipc   t5, 0x1
core   0: 3 0x80011564 (0x00001f17) x30 0x80012564
core   0: 0x80011568 (0xa83f2e23) sw      gp, -1380(t5)
core   0: 3 0x80011568 (0xa83f2e23) mem 0x80012000 0x00000001
core   0: 0x8001156c (0xff9ff06f) j       pc - 0x8
core   0: 3 0x8001156c (0xff9ff06f)
core   0: 0x80011564 (0x00001f17) auipc   t5, 0x1
core   0: 3 0x80011564 (0x00001f17) x30 0x80012564
core   0: 0x80011568 (0xa83f2e23) sw      gp, -1380(t5)
core   0: 3 0x80011568 (0xa83f2e23) mem 0x80012000 0x00000001
core   0: 0x8001156c (0xff9ff06f) j       pc - 0x8
core   0: 3 0x8001156c (0xff9ff06f)
core   0: 0x80011564 (0x00001f17) auipc   t5, 0x1
core   0: 3 0x80011564 (0x00001f17) x30 0x80012564
core   0: 0x80011568 (0xa83f2e23) sw      gp, -1380(t5)
core   0: 3 0x80011568 (0xa83f2e23) mem 0x80012000 0x00000001
core   0: 0x8001156c (0xff9ff06f) j       pc - 0x8
core   0: 3 0x8001156c (0xff9ff06f)
core   0: 0x80011564 (0x00001f17) auipc   t5, 0x1
core   0: 3 0x80011564 (0x00001f17) x30 0x80012564
core   0: 0x80011568 (0xa83f2e23) sw      gp, -1380(t5)
core   0: 3 0x80011568 (0xa83f2e23) mem 0x80012000 0x00000001
core   0: 0x8001156c (0xff9ff06f) j       pc - 0x8
core   0: 3 0x8001156c (0xff9ff06f)
core   0: 0x80011564 (0x00001f17) auipc   t5, 0x1
core   0: 3 0x80011564 (0x00001f17) x30 0x80012564
core   0: 0x80011568 (0xa83f2e23) sw      gp, -1380(t5)
core   0: 3 0x80011568 (0xa83f2e23) mem 0x80012000 0x00000001
core   0: 0x8001156c (0xff9ff06f) j       pc - 0x8
core   0: 3 0x8001156c (0xff9ff06f)
core   0: 0x80011564 (0x00001f17) auipc   t5, 0x1
core   0: 3 0x80011564 (0x00001f17) x30 0x80012564
core   0: 0x80011568 (0xa83f2e23) sw      gp, -1380(t5)
core   0: 3 0x80011568 (0xa83f2e23) mem 0x80012000 0x00000001
core   0: 0x8001156c (0xff9ff06f) j       pc - 0x8
core   0: 3 0x8001156c (0xff9ff06f)
core   0: 0x80011564 (0x00001f17) auipc   t5, 0x1
core   0: 3 0x80011564 (0x00001f17) x30 0x80012564
core   0: 0x80011568 (0xa83f2e23) sw      gp, -1380(t5)
core   0: 3 0x80011568 (0xa83f2e23) mem 0x80012000 0x00000001
core   0: 0x8001156c (0xff9ff06f) j       pc - 0x8
core   0: 3 0x8001156c (0xff9ff06f)
core   0: 0x80011564 (0x00001f17) auipc   t5, 0x1
core   0: 3 0x80011564 (0x00001f17) x30 0x80012564
core   0: 0x80011568 (0xa83f2e23) sw      gp, -1380(t5)
core   0: 3 0x80011568 (0xa83f2e23) mem 0x80012000 0x00000001
core   0: 0x8001156c (0xff9ff06f) j       pc - 0x8
core   0: 3 0x8001156c (0xff9ff06f)
core   0: 0x80011564 (0x00001f17) auipc   t5, 0x1
core   0: 3 0x80011564 (0x00001f17) x30 0x80012564
core   0: 0x80011568 (0xa83f2e23) sw      gp, -1380(t5)
core   0: 3 0x80011568 (0xa83f2e23) mem 0x80012000 0x00000001
core   0: 0x8001156c (0xff9ff06f) j       pc - 0x8
core   0: 3 0x8001156c (0xff9ff06f)
core   0: 0x80011564 (0x00001f17) auipc   t5, 0x1
core   0: 3 0x80011564 (0x00001f17) x30 0x80012564
core   0: 0x80011568 (0xa83f2e23) sw      gp, -1380(t5)
core   0: 3 0x80011568 (0xa83f2e23) mem 0x80012000 0x00000001
core   0: 0x8001156c (0xff9ff06f) j       pc - 0x8
core   0: 3 0x8001156c (0xff9ff06f)
core   0: 0x80011564 (0x00001f17) auipc   t5, 0x1
core   0: 3 0x80011564 (0x00001f17) x30 0x80012564
core   0: 0x80011568 (0xa83f2e23) sw      gp, -1380(t5)
core   0: 3 0x80011568 (0xa83f2e23) mem 0x80012000 0x00000001
core   0: 0x8001156c (0xff9ff06f) j       pc - 0x8
core   0: 3 0x8001156c (0xff9ff06f)
core   0: 0x80011564 (0x00001f17) auipc   t5, 0x1
core   0: 3 0x80011564 (0x00001f17) x30 0x80012564
core   0: 0x80011568 (0xa83f2e23) sw      gp, -1380(t5)
core   0: 3 0x80011568 (0xa83f2e23) mem 0x80012000 0x00000001
core   0: 0x8001156c (0xff9ff06f) j       pc - 0x8
core   0: 3 0x8001156c (0xff9ff06f)
core   0: 0x80011564 (0x00001f17) auipc   t5, 0x1
core   0: 3 0x80011564 (0x00001f17) x30 0x80012564
core   0: 0x80011568 (0xa83f2e23) sw      gp, -1380(t5)
core   0: 3 0x80011568 (0xa83f2e23) mem 0x80012000 0x00000001
core   0: 0x8001156c (0xff9ff06f) j       pc - 0x8
core   0: 3 0x8001156c (0xff9ff06f)
core   0: 0x80011564 (0x00001f17) auipc   t5, 0x1
core   0: 3 0x80011564 (0x00001f17) x30 0x80012564
core   0: 0x80011568 (0xa83f2e23) sw      gp, -1380(t5)
core   0: 3 0x80011568 (0xa83f2e23) mem 0x80012000 0x00000001
core   0: 0x8001156c (0xff9ff06f) j       pc - 0x8
core   0: 3 0x8001156c (0xff9ff06f)
core   0: 0x80011564 (0x00001f17) auipc   t5, 0x1
core   0: 3 0x80011564 (0x00001f17) x30 0x80012564
core   0: 0x80011568 (0xa83f2e23) sw      gp, -1380(t5)
core   0: 3 0x80011568 (0xa83f2e23) mem 0x80012000 0x00000001
core   0: 0x8001156c (0xff9ff06f) j       pc - 0x8
core   0: 3 0x8001156c (0xff9ff06f)
core   0: 0x80011564 (0x00001f17) auipc   t5, 0x1
core   0: 3 0x80011564 (0x00001f17) x30 0x80012564
core   0: 0x80011568 (0xa83f2e23) sw      gp, -1380(t5)
core   0: 3 0x80011568 (0xa83f2e23) mem 0x80012000 0x00000001
core   0: 0x8001156c (0xff9ff06f) j       pc - 0x8
core   0: 3 0x8001156c (0xff9ff06f)
core   0: 0x80011564 (0x00001f17) auipc   t5, 0x1
core   0: 3 0x80011564 (0x00001f17) x30 0x80012564
core   0: 0x80011568 (0xa83f2e23) sw      gp, -1380(t5)
core   0: 3 0x80011568 (0xa83f2e23) mem 0x80012000 0x00000001
core   0: 0x8001156c (0xff9ff06f) j       pc - 0x8
core   0: 3 0x8001156c (0xff9ff06f)
core   0: 0x80011564 (0x00001f17) auipc   t5, 0x1
core   0: 3 0x80011564 (0x00001f17) x30 0x80012564
core   0: 0x80011568 (0xa83f2e23) sw      gp, -1380(t5)
core   0: 3 0x80011568 (0xa83f2e23) mem 0x80012000 0x00000001
core   0: 0x8001156c (0xff9ff06f) j       pc - 0x8
core   0: 3 0x8001156c (0xff9ff06f)
core   0: 0x80011564 (0x00001f17) auipc   t5, 0x1
core   0: 3 0x80011564 (0x00001f17) x30 0x80012564
core   0: 0x80011568 (0xa83f2e23) sw      gp, -1380(t5)
core   0: 3 0x80011568 (0xa83f2e23) mem 0x80012000 0x00000001
core   0: 0x8001156c (0xff9ff06f) j       pc - 0x8
core   0: 3 0x8001156c (0xff9ff06f)
core   0: 0x80011564 (0x00001f17) auipc   t5, 0x1
core   0: 3 0x80011564 (0x00001f17) x30 0x80012564
core   0: 0x80011568 (0xa83f2e23) sw      gp, -1380(t5)
core   0: 3 0x80011568 (0xa83f2e23) mem 0x80012000 0x00000001
core   0: 0x8001156c (0xff9ff06f) j       pc - 0x8
core   0: 3 0x8001156c (0xff9ff06f)
core   0: 0x80011564 (0x00001f17) auipc   t5, 0x1
core   0: 3 0x80011564 (0x00001f17) x30 0x80012564
core   0: 0x80011568 (0xa83f2e23) sw      gp, -1380(t5)
core   0: 3 0x80011568 (0xa83f2e23) mem 0x80012000 0x00000001
core   0: 0x8001156c (0xff9ff06f) j       pc - 0x8
core   0: 3 0x8001156c (0xff9ff06f)
core   0: 0x80011564 (0x00001f17) auipc   t5, 0x1
core   0: 3 0x80011564 (0x00001f17) x30 0x80012564
core   0: 0x80011568 (0xa83f2e23) sw      gp, -1380(t5)
core   0: 3 0x80011568 (0xa83f2e23) mem 0x80012000 0x00000001
core   0: 0x8001156c (0xff9ff06f) j       pc - 0x8
core   0: 3 0x8001156c (0xff9ff06f)
core   0: 0x80011564 (0x00001f17) auipc   t5, 0x1
core   0: 3 0x80011564 (0x00001f17) x30 0x80012564
core   0: 0x80011568 (0xa83f2e23) sw      gp, -1380(t5)
core   0: 3 0x80011568 (0xa83f2e23) mem 0x80012000 0x00000001
core   0: 0x8001156c (0xff9ff06f) j       pc - 0x8
core   0: 3 0x8001156c (0xff9ff06f)
core   0: 0x80011564 (0x00001f17) auipc   t5, 0x1
core   0: 3 0x80011564 (0x00001f17) x30 0x80012564
core   0: 0x80011568 (0xa83f2e23) sw      gp, -1380(t5)
core   0: 3 0x80011568 (0xa83f2e23) mem 0x80012000 0x00000001
core   0: 0x8001156c (0xff9ff06f) j       pc - 0x8
core   0: 3 0x8001156c (0xff9ff06f)
core   0: 0x80011564 (0x00001f17) auipc   t5, 0x1
core   0: 3 0x80011564 (0x00001f17) x30 0x80012564
core   0: 0x80011568 (0xa83f2e23) sw      gp, -1380(t5)
core   0: 3 0x80011568 (0xa83f2e23) mem 0x80012000 0x00000001
core   0: 0x8001156c (0xff9ff06f) j       pc - 0x8
core   0: 3 0x8001156c (0xff9ff06f)
core   0: 0x80011564 (0x00001f17) auipc   t5, 0x1
core   0: 3 0x80011564 (0x00001f17) x30 0x80012564
core   0: 0x80011568 (0xa83f2e23) sw      gp, -1380(t5)
core   0: 3 0x80011568 (0xa83f2e23) mem 0x80012000 0x00000001
core   0: 0x8001156c (0xff9ff06f) j       pc - 0x8
core   0: 3 0x8001156c (0xff9ff06f)
core   0: 0x80011564 (0x00001f17) auipc   t5, 0x1
core   0: 3 0x80011564 (0x00001f17) x30 0x80012564
core   0: 0x80011568 (0xa83f2e23) sw      gp, -1380(t5)
core   0: 3 0x80011568 (0xa83f2e23) mem 0x80012000 0x00000001
core   0: 0x8001156c (0xff9ff06f) j       pc - 0x8
core   0: 3 0x8001156c (0xff9ff06f)
core   0: 0x80011564 (0x00001f17) auipc   t5, 0x1
core   0: 3 0x80011564 (0x00001f17) x30 0x80012564
core   0: 0x80011568 (0xa83f2e23) sw      gp, -1380(t5)
core   0: 3 0x80011568 (0xa83f2e23) mem 0x80012000 0x00000001
core   0: 0x8001156c (0xff9ff06f) j       pc - 0x8
core   0: 3 0x8001156c (0xff9ff06f)
core   0: 0x80011564 (0x00001f17) auipc   t5, 0x1
core   0: 3 0x80011564 (0x00001f17) x30 0x80012564
core   0: 0x80011568 (0xa83f2e23) sw      gp, -1380(t5)
core   0: 3 0x80011568 (0xa83f2e23) mem 0x80012000 0x00000001
core   0: 0x8001156c (0xff9ff06f) j       pc - 0x8
core   0: 3 0x8001156c (0xff9ff06f)
core   0: 0x80011564 (0x00001f17) auipc   t5, 0x1
core   0: 3 0x80011564 (0x00001f17) x30 0x80012564
core   0: 0x80011568 (0xa83f2e23) sw      gp, -1380(t5)
core   0: 3 0x80011568 (0xa83f2e23) mem 0x80012000 0x00000001
core   0: 0x8001156c (0xff9ff06f) j       pc - 0x8
core   0: 3 0x8001156c (0xff9ff06f)
core   0: 0x80011564 (0x00001f17) auipc   t5, 0x1
core   0: 3 0x80011564 (0x00001f17) x30 0x80012564
core   0: 0x80011568 (0xa83f2e23) sw      gp, -1380(t5)
core   0: 3 0x80011568 (0xa83f2e23) mem 0x80012000 0x00000001
core   0: 0x8001156c (0xff9ff06f) j       pc - 0x8
core   0: 3 0x8001156c (0xff9ff06f)
core   0: 0x80011564 (0x00001f17) auipc   t5, 0x1
core   0: 3 0x80011564 (0x00001f17) x30 0x80012564
core   0: 0x80011568 (0xa83f2e23) sw      gp, -1380(t5)
core   0: 3 0x80011568 (0xa83f2e23) mem 0x80012000 0x00000001
core   0: 0x8001156c (0xff9ff06f) j       pc - 0x8
core   0: 3 0x8001156c (0xff9ff06f)
core   0: 0x80011564 (0x00001f17) auipc   t5, 0x1
core   0: 3 0x80011564 (0x00001f17) x30 0x80012564
core   0: 0x80011568 (0xa83f2e23) sw      gp, -1380(t5)
core   0: 3 0x80011568 (0xa83f2e23) mem 0x80012000 0x00000001
core   0: 0x8001156c (0xff9ff06f) j       pc - 0x8
core   0: 3 0x8001156c (0xff9ff06f)
core   0: 0x80011564 (0x00001f17) auipc   t5, 0x1
core   0: 3 0x80011564 (0x00001f17) x30 0x80012564
core   0: 0x80011568 (0xa83f2e23) sw      gp, -1380(t5)
core   0: 3 0x80011568 (0xa83f2e23) mem 0x80012000 0x00000001
core   0: 0x8001156c (0xff9ff06f) j       pc - 0x8
core   0: 3 0x8001156c (0xff9ff06f)
core   0: 0x80011564 (0x00001f17) auipc   t5, 0x1
core   0: 3 0x80011564 (0x00001f17) x30 0x80012564
core   0: 0x80011568 (0xa83f2e23) sw      gp, -1380(t5)
core   0: 3 0x80011568 (0xa83f2e23) mem 0x80012000 0x00000001
core   0: 0x8001156c (0xff9ff06f) j       pc - 0x8
core   0: 3 0x8001156c (0xff9ff06f)
core   0: 0x80011564 (0x00001f17) auipc   t5, 0x1
core   0: 3 0x80011564 (0x00001f17) x30 0x80012564
core   0: 0x80011568 (0xa83f2e23) sw      gp, -1380(t5)
core   0: 3 0x80011568 (0xa83f2e23) mem 0x80012000 0x00000001
core   0: 0x8001156c (0xff9ff06f) j       pc - 0x8
core   0: 3 0x8001156c (0xff9ff06f)
core   0: 0x80011564 (0x00001f17) auipc   t5, 0x1
core   0: 3 0x80011564 (0x00001f17) x30 0x80012564
core   0: 0x80011568 (0xa83f2e23) sw      gp, -1380(t5)
core   0: 3 0x80011568 (0xa83f2e23) mem 0x80012000 0x00000001
core   0: 0x8001156c (0xff9ff06f) j       pc - 0x8
core   0: 3 0x8001156c (0xff9ff06f)
core   0: 0x80011564 (0x00001f17) auipc   t5, 0x1
core   0: 3 0x80011564 (0x00001f17) x30 0x80012564
core   0: 0x80011568 (0xa83f2e23) sw      gp, -1380(t5)
core   0: 3 0x80011568 (0xa83f2e23) mem 0x80012000 0x00000001
core   0: 0x8001156c (0xff9ff06f) j       pc - 0x8
core   0: 3 0x8001156c (0xff9ff06f)
core   0: 0x80011564 (0x00001f17) auipc   t5, 0x1
core   0: 3 0x80011564 (0x00001f17) x30 0x80012564
core   0: 0x80011568 (0xa83f2e23) sw      gp, -1380(t5)
core   0: 3 0x80011568 (0xa83f2e23) mem 0x80012000 0x00000001
core   0: 0x8001156c (0xff9ff06f) j       pc - 0x8
core   0: 3 0x8001156c (0xff9ff06f)
core   0: 0x80011564 (0x00001f17) auipc   t5, 0x1
core   0: 3 0x80011564 (0x00001f17) x30 0x80012564
core   0: 0x80011568 (0xa83f2e23) sw      gp, -1380(t5)
core   0: 3 0x80011568 (0xa83f2e23) mem 0x80012000 0x00000001
core   0: 0x8001156c (0xff9ff06f) j       pc - 0x8
core   0: 3 0x8001156c (0xff9ff06f)
core   0: 0x80011564 (0x00001f17) auipc   t5, 0x1
core   0: 3 0x80011564 (0x00001f17) x30 0x80012564
core   0: 0x80011568 (0xa83f2e23) sw      gp, -1380(t5)
core   0: 3 0x80011568 (0xa83f2e23) mem 0x80012000 0x00000001
core   0: 0x8001156c (0xff9ff06f) j       pc - 0x8
core   0: 3 0x8001156c (0xff9ff06f)
core   0: 0x80011564 (0x00001f17) auipc   t5, 0x1
core   0: 3 0x80011564 (0x00001f17) x30 0x80012564
core   0: 0x80011568 (0xa83f2e23) sw      gp, -1380(t5)
core   0: 3 0x80011568 (0xa83f2e23) mem 0x80012000 0x00000001
core   0: 0x8001156c (0xff9ff06f) j       pc - 0x8
core   0: 3 0x8001156c (0xff9ff06f)
core   0: 0x80011564 (0x00001f17) auipc   t5, 0x1
core   0: 3 0x80011564 (0x00001f17) x30 0x80012564
core   0: 0x80011568 (0xa83f2e23) sw      gp, -1380(t5)
core   0: 3 0x80011568 (0xa83f2e23) mem 0x80012000 0x00000001
core   0: 0x8001156c (0xff9ff06f) j       pc - 0x8
core   0: 3 0x8001156c (0xff9ff06f)
core   0: 0x80011564 (0x00001f17) auipc   t5, 0x1
core   0: 3 0x80011564 (0x00001f17) x30 0x80012564
core   0: 0x80011568 (0xa83f2e23) sw      gp, -1380(t5)
core   0: 3 0x80011568 (0xa83f2e23) mem 0x80012000 0x00000001
core   0: 0x8001156c (0xff9ff06f) j       pc - 0x8
core   0: 3 0x8001156c (0xff9ff06f)
core   0: 0x80011564 (0x00001f17) auipc   t5, 0x1
core   0: 3 0x80011564 (0x00001f17) x30 0x80012564
core   0: 0x80011568 (0xa83f2e23) sw      gp, -1380(t5)
core   0: 3 0x80011568 (0xa83f2e23) mem 0x80012000 0x00000001
core   0: 0x8001156c (0xff9ff06f) j       pc - 0x8
core   0: 3 0x8001156c (0xff9ff06f)
core   0: 0x80011564 (0x00001f17) auipc   t5, 0x1
core   0: 3 0x80011564 (0x00001f17) x30 0x80012564
core   0: 0x80011568 (0xa83f2e23) sw      gp, -1380(t5)
core   0: 3 0x80011568 (0xa83f2e23) mem 0x80012000 0x00000001
core   0: 0x8001156c (0xff9ff06f) j       pc - 0x8
core   0: 3 0x8001156c (0xff9ff06f)
core   0: 0x80011564 (0x00001f17) auipc   t5, 0x1
core   0: 3 0x80011564 (0x00001f17) x30 0x80012564
core   0: 0x80011568 (0xa83f2e23) sw      gp, -1380(t5)
core   0: 3 0x80011568 (0xa83f2e23) mem 0x80012000 0x00000001
core   0: 0x8001156c (0xff9ff06f) j       pc - 0x8
core   0: 3 0x8001156c (0xff9ff06f)
core   0: 0x80011564 (0x00001f17) auipc   t5, 0x1
core   0: 3 0x80011564 (0x00001f17) x30 0x80012564
core   0: 0x80011568 (0xa83f2e23) sw      gp, -1380(t5)
core   0: 3 0x80011568 (0xa83f2e23) mem 0x80012000 0x00000001
core   0: 0x8001156c (0xff9ff06f) j       pc - 0x8
core   0: 3 0x8001156c (0xff9ff06f)
core   0: 0x80011564 (0x00001f17) auipc   t5, 0x1
core   0: 3 0x80011564 (0x00001f17) x30 0x80012564
core   0: 0x80011568 (0xa83f2e23) sw      gp, -1380(t5)
core   0: 3 0x80011568 (0xa83f2e23) mem 0x80012000 0x00000001
core   0: 0x8001156c (0xff9ff06f) j       pc - 0x8
core   0: 3 0x8001156c (0xff9ff06f)
core   0: 0x80011564 (0x00001f17) auipc   t5, 0x1
core   0: 3 0x80011564 (0x00001f17) x30 0x80012564
core   0: 0x80011568 (0xa83f2e23) sw      gp, -1380(t5)
core   0: 3 0x80011568 (0xa83f2e23) mem 0x80012000 0x00000001
core   0: 0x8001156c (0xff9ff06f) j       pc - 0x8
core   0: 3 0x8001156c (0xff9ff06f)
core   0: 0x80011564 (0x00001f17) auipc   t5, 0x1
core   0: 3 0x80011564 (0x00001f17) x30 0x80012564
core   0: 0x80011568 (0xa83f2e23) sw      gp, -1380(t5)
core   0: 3 0x80011568 (0xa83f2e23) mem 0x80012000 0x00000001
core   0: 0x8001156c (0xff9ff06f) j       pc - 0x8
core   0: 3 0x8001156c (0xff9ff06f)
core   0: 0x80011564 (0x00001f17) auipc   t5, 0x1
core   0: 3 0x80011564 (0x00001f17) x30 0x80012564
core   0: 0x80011568 (0xa83f2e23) sw      gp, -1380(t5)
core   0: 3 0x80011568 (0xa83f2e23) mem 0x80012000 0x00000001
core   0: 0x8001156c (0xff9ff06f) j       pc - 0x8
core   0: 3 0x8001156c (0xff9ff06f)
core   0: 0x80011564 (0x00001f17) auipc   t5, 0x1
core   0: 3 0x80011564 (0x00001f17) x30 0x80012564
core   0: 0x80011568 (0xa83f2e23) sw      gp, -1380(t5)
core   0: 3 0x80011568 (0xa83f2e23) mem 0x80012000 0x00000001
core   0: 0x8001156c (0xff9ff06f) j       pc - 0x8
core   0: 3 0x8001156c (0xff9ff06f)
core   0: 0x80011564 (0x00001f17) auipc   t5, 0x1
core   0: 3 0x80011564 (0x00001f17) x30 0x80012564
core   0: 0x80011568 (0xa83f2e23) sw      gp, -1380(t5)
core   0: 3 0x80011568 (0xa83f2e23) mem 0x80012000 0x00000001
core   0: 0x8001156c (0xff9ff06f) j       pc - 0x8
core   0: 3 0x8001156c (0xff9ff06f)
core   0: 0x80011564 (0x00001f17) auipc   t5, 0x1
core   0: 3 0x80011564 (0x00001f17) x30 0x80012564
core   0: 0x80011568 (0xa83f2e23) sw      gp, -1380(t5)
core   0: 3 0x80011568 (0xa83f2e23) mem 0x80012000 0x00000001
core   0: 0x8001156c (0xff9ff06f) j       pc - 0x8
core   0: 3 0x8001156c (0xff9ff06f)
core   0: 0x80011564 (0x00001f17) auipc   t5, 0x1
core   0: 3 0x80011564 (0x00001f17) x30 0x80012564
core   0: 0x80011568 (0xa83f2e23) sw      gp, -1380(t5)
core   0: 3 0x80011568 (0xa83f2e23) mem 0x80012000 0x00000001
core   0: 0x8001156c (0xff9ff06f) j       pc - 0x8
core   0: 3 0x8001156c (0xff9ff06f)
core   0: 0x80011564 (0x00001f17) auipc   t5, 0x1
core   0: 3 0x80011564 (0x00001f17) x30 0x80012564
core   0: 0x80011568 (0xa83f2e23) sw      gp, -1380(t5)
core   0: 3 0x80011568 (0xa83f2e23) mem 0x80012000 0x00000001
core   0: 0x8001156c (0xff9ff06f) j       pc - 0x8
core   0: 3 0x8001156c (0xff9ff06f)
core   0: 0x80011564 (0x00001f17) auipc   t5, 0x1
core   0: 3 0x80011564 (0x00001f17) x30 0x80012564
core   0: 0x80011568 (0xa83f2e23) sw      gp, -1380(t5)
core   0: 3 0x80011568 (0xa83f2e23) mem 0x80012000 0x00000001
core   0: 0x8001156c (0xff9ff06f) j       pc - 0x8
core   0: 3 0x8001156c (0xff9ff06f)
core   0: 0x80011564 (0x00001f17) auipc   t5, 0x1
core   0: 3 0x80011564 (0x00001f17) x30 0x80012564
core   0: 0x80011568 (0xa83f2e23) sw      gp, -1380(t5)
core   0: 3 0x80011568 (0xa83f2e23) mem 0x80012000 0x00000001
core   0: 0x8001156c (0xff9ff06f) j       pc - 0x8
core   0: 3 0x8001156c (0xff9ff06f)
core   0: 0x80011564 (0x00001f17) auipc   t5, 0x1
core   0: 3 0x80011564 (0x00001f17) x30 0x80012564
core   0: 0x80011568 (0xa83f2e23) sw      gp, -1380(t5)
core   0: 3 0x80011568 (0xa83f2e23) mem 0x80012000 0x00000001
core   0: 0x8001156c (0xff9ff06f) j       pc - 0x8
core   0: 3 0x8001156c (0xff9ff06f)
core   0: 0x80011564 (0x00001f17) auipc   t5, 0x1
core   0: 3 0x80011564 (0x00001f17) x30 0x80012564
core   0: 0x80011568 (0xa83f2e23) sw      gp, -1380(t5)
core   0: 3 0x80011568 (0xa83f2e23) mem 0x80012000 0x00000001
core   0: 0x8001156c (0xff9ff06f) j       pc - 0x8
core   0: 3 0x8001156c (0xff9ff06f)
core   0: 0x80011564 (0x00001f17) auipc   t5, 0x1
core   0: 3 0x80011564 (0x00001f17) x30 0x80012564
core   0: 0x80011568 (0xa83f2e23) sw      gp, -1380(t5)
core   0: 3 0x80011568 (0xa83f2e23) mem 0x80012000 0x00000001
core   0: 0x8001156c (0xff9ff06f) j       pc - 0x8
core   0: 3 0x8001156c (0xff9ff06f)
core   0: 0x80011564 (0x00001f17) auipc   t5, 0x1
core   0: 3 0x80011564 (0x00001f17) x30 0x80012564
core   0: 0x80011568 (0xa83f2e23) sw      gp, -1380(t5)
core   0: 3 0x80011568 (0xa83f2e23) mem 0x80012000 0x00000001
core   0: 0x8001156c (0xff9ff06f) j       pc - 0x8
core   0: 3 0x8001156c (0xff9ff06f)
core   0: 0x80011564 (0x00001f17) auipc   t5, 0x1
core   0: 3 0x80011564 (0x00001f17) x30 0x80012564
core   0: 0x80011568 (0xa83f2e23) sw      gp, -1380(t5)
core   0: 3 0x80011568 (0xa83f2e23) mem 0x80012000 0x00000001
core   0: 0x8001156c (0xff9ff06f) j       pc - 0x8
core   0: 3 0x8001156c (0xff9ff06f)
core   0: 0x80011564 (0x00001f17) auipc   t5, 0x1
core   0: 3 0x80011564 (0x00001f17) x30 0x80012564
core   0: 0x80011568 (0xa83f2e23) sw      gp, -1380(t5)
core   0: 3 0x80011568 (0xa83f2e23) mem 0x80012000 0x00000001
core   0: 0x8001156c (0xff9ff06f) j       pc - 0x8
core   0: 3 0x8001156c (0xff9ff06f)
core   0: 0x80011564 (0x00001f17) auipc   t5, 0x1
core   0: 3 0x80011564 (0x00001f17) x30 0x80012564
core   0: 0x80011568 (0xa83f2e23) sw      gp, -1380(t5)
core   0: 3 0x80011568 (0xa83f2e23) mem 0x80012000 0x00000001
core   0: 0x8001156c (0xff9ff06f) j       pc - 0x8
core   0: 3 0x8001156c (0xff9ff06f)
core   0: 0x80011564 (0x00001f17) auipc   t5, 0x1
core   0: 3 0x80011564 (0x00001f17) x30 0x80012564
core   0: 0x80011568 (0xa83f2e23) sw      gp, -1380(t5)
core   0: 3 0x80011568 (0xa83f2e23) mem 0x80012000 0x00000001
core   0: 0x8001156c (0xff9ff06f) j       pc - 0x8
core   0: 3 0x8001156c (0xff9ff06f)
core   0: 0x80011564 (0x00001f17) auipc   t5, 0x1
core   0: 3 0x80011564 (0x00001f17) x30 0x80012564
core   0: 0x80011568 (0xa83f2e23) sw      gp, -1380(t5)
core   0: 3 0x80011568 (0xa83f2e23) mem 0x80012000 0x00000001
core   0: 0x8001156c (0xff9ff06f) j       pc - 0x8
core   0: 3 0x8001156c (0xff9ff06f)
core   0: 0x80011564 (0x00001f17) auipc   t5, 0x1
core   0: 3 0x80011564 (0x00001f17) x30 0x80012564
core   0: 0x80011568 (0xa83f2e23) sw      gp, -1380(t5)
core   0: 3 0x80011568 (0xa83f2e23) mem 0x80012000 0x00000001
core   0: 0x8001156c (0xff9ff06f) j       pc - 0x8
core   0: 3 0x8001156c (0xff9ff06f)
core   0: 0x80011564 (0x00001f17) auipc   t5, 0x1
core   0: 3 0x80011564 (0x00001f17) x30 0x80012564
core   0: 0x80011568 (0xa83f2e23) sw      gp, -1380(t5)
core   0: 3 0x80011568 (0xa83f2e23) mem 0x80012000 0x00000001
core   0: 0x8001156c (0xff9ff06f) j       pc - 0x8
core   0: 3 0x8001156c (0xff9ff06f)
core   0: 0x80011564 (0x00001f17) auipc   t5, 0x1
core   0: 3 0x80011564 (0x00001f17) x30 0x80012564
core   0: 0x80011568 (0xa83f2e23) sw      gp, -1380(t5)
core   0: 3 0x80011568 (0xa83f2e23) mem 0x80012000 0x00000001
core   0: 0x8001156c (0xff9ff06f) j       pc - 0x8
core   0: 3 0x8001156c (0xff9ff06f)
core   0: 0x80011564 (0x00001f17) auipc   t5, 0x1
core   0: 3 0x80011564 (0x00001f17) x30 0x80012564
core   0: 0x80011568 (0xa83f2e23) sw      gp, -1380(t5)
core   0: 3 0x80011568 (0xa83f2e23) mem 0x80012000 0x00000001
core   0: 0x8001156c (0xff9ff06f) j       pc - 0x8
core   0: 3 0x8001156c (0xff9ff06f)
core   0: 0x80011564 (0x00001f17) auipc   t5, 0x1
core   0: 3 0x80011564 (0x00001f17) x30 0x80012564
core   0: 0x80011568 (0xa83f2e23) sw      gp, -1380(t5)
core   0: 3 0x80011568 (0xa83f2e23) mem 0x80012000 0x00000001
core   0: 0x8001156c (0xff9ff06f) j       pc - 0x8
core   0: 3 0x8001156c (0xff9ff06f)
core   0: 0x80011564 (0x00001f17) auipc   t5, 0x1
core   0: 3 0x80011564 (0x00001f17) x30 0x80012564
core   0: 0x80011568 (0xa83f2e23) sw      gp, -1380(t5)
core   0: 3 0x80011568 (0xa83f2e23) mem 0x80012000 0x00000001
core   0: 0x8001156c (0xff9ff06f) j       pc - 0x8
core   0: 3 0x8001156c (0xff9ff06f)
core   0: 0x80011564 (0x00001f17) auipc   t5, 0x1
core   0: 3 0x80011564 (0x00001f17) x30 0x80012564
core   0: 0x80011568 (0xa83f2e23) sw      gp, -1380(t5)
core   0: 3 0x80011568 (0xa83f2e23) mem 0x80012000 0x00000001
core   0: 0x8001156c (0xff9ff06f) j       pc - 0x8
core   0: 3 0x8001156c (0xff9ff06f)
core   0: 0x80011564 (0x00001f17) auipc   t5, 0x1
core   0: 3 0x80011564 (0x00001f17) x30 0x80012564
core   0: 0x80011568 (0xa83f2e23) sw      gp, -1380(t5)
core   0: 3 0x80011568 (0xa83f2e23) mem 0x80012000 0x00000001
core   0: 0x8001156c (0xff9ff06f) j       pc - 0x8
core   0: 3 0x8001156c (0xff9ff06f)
core   0: 0x80011564 (0x00001f17) auipc   t5, 0x1
core   0: 3 0x80011564 (0x00001f17) x30 0x80012564
core   0: 0x80011568 (0xa83f2e23) sw      gp, -1380(t5)
core   0: 3 0x80011568 (0xa83f2e23) mem 0x80012000 0x00000001
core   0: 0x8001156c (0xff9ff06f) j       pc - 0x8
core   0: 3 0x8001156c (0xff9ff06f)
core   0: 0x80011564 (0x00001f17) auipc   t5, 0x1
core   0: 3 0x80011564 (0x00001f17) x30 0x80012564
core   0: 0x80011568 (0xa83f2e23) sw      gp, -1380(t5)
core   0: 3 0x80011568 (0xa83f2e23) mem 0x80012000 0x00000001
core   0: 0x8001156c (0xff9ff06f) j       pc - 0x8
core   0: 3 0x8001156c (0xff9ff06f)
core   0: 0x80011564 (0x00001f17) auipc   t5, 0x1
core   0: 3 0x80011564 (0x00001f17) x30 0x80012564
core   0: 0x80011568 (0xa83f2e23) sw      gp, -1380(t5)
core   0: 3 0x80011568 (0xa83f2e23) mem 0x80012000 0x00000001
core   0: 0x8001156c (0xff9ff06f) j       pc - 0x8
core   0: 3 0x8001156c (0xff9ff06f)
core   0: 0x80011564 (0x00001f17) auipc   t5, 0x1
core   0: 3 0x80011564 (0x00001f17) x30 0x80012564
core   0: 0x80011568 (0xa83f2e23) sw      gp, -1380(t5)
core   0: 3 0x80011568 (0xa83f2e23) mem 0x80012000 0x00000001
core   0: 0x8001156c (0xff9ff06f) j       pc - 0x8
core   0: 3 0x8001156c (0xff9ff06f)
core   0: 0x80011564 (0x00001f17) auipc   t5, 0x1
core   0: 3 0x80011564 (0x00001f17) x30 0x80012564
core   0: 0x80011568 (0xa83f2e23) sw      gp, -1380(t5)
core   0: 3 0x80011568 (0xa83f2e23) mem 0x80012000 0x00000001
core   0: 0x8001156c (0xff9ff06f) j       pc - 0x8
core   0: 3 0x8001156c (0xff9ff06f)
core   0: 0x80011564 (0x00001f17) auipc   t5, 0x1
core   0: 3 0x80011564 (0x00001f17) x30 0x80012564
core   0: 0x80011568 (0xa83f2e23) sw      gp, -1380(t5)
core   0: 3 0x80011568 (0xa83f2e23) mem 0x80012000 0x00000001
core   0: 0x8001156c (0xff9ff06f) j       pc - 0x8
core   0: 3 0x8001156c (0xff9ff06f)
core   0: 0x80011564 (0x00001f17) auipc   t5, 0x1
core   0: 3 0x80011564 (0x00001f17) x30 0x80012564
core   0: 0x80011568 (0xa83f2e23) sw      gp, -1380(t5)
core   0: 3 0x80011568 (0xa83f2e23) mem 0x80012000 0x00000001
core   0: 0x8001156c (0xff9ff06f) j       pc - 0x8
core   0: 3 0x8001156c (0xff9ff06f)
core   0: 0x80011564 (0x00001f17) auipc   t5, 0x1
core   0: 3 0x80011564 (0x00001f17) x30 0x80012564
core   0: 0x80011568 (0xa83f2e23) sw      gp, -1380(t5)
core   0: 3 0x80011568 (0xa83f2e23) mem 0x80012000 0x00000001
core   0: 0x8001156c (0xff9ff06f) j       pc - 0x8
core   0: 3 0x8001156c (0xff9ff06f)
core   0: 0x80011564 (0x00001f17) auipc   t5, 0x1
core   0: 3 0x80011564 (0x00001f17) x30 0x80012564
core   0: 0x80011568 (0xa83f2e23) sw      gp, -1380(t5)
core   0: 3 0x80011568 (0xa83f2e23) mem 0x80012000 0x00000001
core   0: 0x8001156c (0xff9ff06f) j       pc - 0x8
core   0: 3 0x8001156c (0xff9ff06f)
core   0: 0x80011564 (0x00001f17) auipc   t5, 0x1
core   0: 3 0x80011564 (0x00001f17) x30 0x80012564
core   0: 0x80011568 (0xa83f2e23) sw      gp, -1380(t5)
core   0: 3 0x80011568 (0xa83f2e23) mem 0x80012000 0x00000001
core   0: 0x8001156c (0xff9ff06f) j       pc - 0x8
core   0: 3 0x8001156c (0xff9ff06f)
core   0: 0x80011564 (0x00001f17) auipc   t5, 0x1
core   0: 3 0x80011564 (0x00001f17) x30 0x80012564
core   0: 0x80011568 (0xa83f2e23) sw      gp, -1380(t5)
core   0: 3 0x80011568 (0xa83f2e23) mem 0x80012000 0x00000001
core   0: 0x8001156c (0xff9ff06f) j       pc - 0x8
core   0: 3 0x8001156c (0xff9ff06f)
core   0: 0x80011564 (0x00001f17) auipc   t5, 0x1
core   0: 3 0x80011564 (0x00001f17) x30 0x80012564
core   0: 0x80011568 (0xa83f2e23) sw      gp, -1380(t5)
core   0: 3 0x80011568 (0xa83f2e23) mem 0x80012000 0x00000001
core   0: 0x8001156c (0xff9ff06f) j       pc - 0x8
core   0: 3 0x8001156c (0xff9ff06f)
core   0: 0x80011564 (0x00001f17) auipc   t5, 0x1
core   0: 3 0x80011564 (0x00001f17) x30 0x80012564
core   0: 0x80011568 (0xa83f2e23) sw      gp, -1380(t5)
core   0: 3 0x80011568 (0xa83f2e23) mem 0x80012000 0x00000001
core   0: 0x8001156c (0xff9ff06f) j       pc - 0x8
core   0: 3 0x8001156c (0xff9ff06f)
core   0: 0x80011564 (0x00001f17) auipc   t5, 0x1
core   0: 3 0x80011564 (0x00001f17) x30 0x80012564
core   0: 0x80011568 (0xa83f2e23) sw      gp, -1380(t5)
core   0: 3 0x80011568 (0xa83f2e23) mem 0x80012000 0x00000001
core   0: 0x8001156c (0xff9ff06f) j       pc - 0x8
core   0: 3 0x8001156c (0xff9ff06f)
core   0: 0x80011564 (0x00001f17) auipc   t5, 0x1
core   0: 3 0x80011564 (0x00001f17) x30 0x80012564
core   0: 0x80011568 (0xa83f2e23) sw      gp, -1380(t5)
core   0: 3 0x80011568 (0xa83f2e23) mem 0x80012000 0x00000001
core   0: 0x8001156c (0xff9ff06f) j       pc - 0x8
core   0: 3 0x8001156c (0xff9ff06f)
core   0: 0x80011564 (0x00001f17) auipc   t5, 0x1
core   0: 3 0x80011564 (0x00001f17) x30 0x80012564
core   0: 0x80011568 (0xa83f2e23) sw      gp, -1380(t5)
core   0: 3 0x80011568 (0xa83f2e23) mem 0x80012000 0x00000001
core   0: 0x8001156c (0xff9ff06f) j       pc - 0x8
core   0: 3 0x8001156c (0xff9ff06f)
core   0: 0x80011564 (0x00001f17) auipc   t5, 0x1
core   0: 3 0x80011564 (0x00001f17) x30 0x80012564
core   0: 0x80011568 (0xa83f2e23) sw      gp, -1380(t5)
core   0: 3 0x80011568 (0xa83f2e23) mem 0x80012000 0x00000001
core   0: 0x8001156c (0xff9ff06f) j       pc - 0x8
core   0: 3 0x8001156c (0xff9ff06f)
core   0: 0x80011564 (0x00001f17) auipc   t5, 0x1
core   0: 3 0x80011564 (0x00001f17) x30 0x80012564
core   0: 0x80011568 (0xa83f2e23) sw      gp, -1380(t5)
core   0: 3 0x80011568 (0xa83f2e23) mem 0x80012000 0x00000001
core   0: 0x8001156c (0xff9ff06f) j       pc - 0x8
core   0: 3 0x8001156c (0xff9ff06f)
core   0: 0x80011564 (0x00001f17) auipc   t5, 0x1
core   0: 3 0x80011564 (0x00001f17) x30 0x80012564
core   0: 0x80011568 (0xa83f2e23) sw      gp, -1380(t5)
core   0: 3 0x80011568 (0xa83f2e23) mem 0x80012000 0x00000001
core   0: 0x8001156c (0xff9ff06f) j       pc - 0x8
core   0: 3 0x8001156c (0xff9ff06f)
core   0: 0x80011564 (0x00001f17) auipc   t5, 0x1
core   0: 3 0x80011564 (0x00001f17) x30 0x80012564
core   0: 0x80011568 (0xa83f2e23) sw      gp, -1380(t5)
core   0: 3 0x80011568 (0xa83f2e23) mem 0x80012000 0x00000001
core   0: 0x8001156c (0xff9ff06f) j       pc - 0x8
core   0: 3 0x8001156c (0xff9ff06f)
core   0: 0x80011564 (0x00001f17) auipc   t5, 0x1
core   0: 3 0x80011564 (0x00001f17) x30 0x80012564
core   0: 0x80011568 (0xa83f2e23) sw      gp, -1380(t5)
core   0: 3 0x80011568 (0xa83f2e23) mem 0x80012000 0x00000001
core   0: 0x8001156c (0xff9ff06f) j       pc - 0x8
core   0: 3 0x8001156c (0xff9ff06f)
core   0: 0x80011564 (0x00001f17) auipc   t5, 0x1
core   0: 3 0x80011564 (0x00001f17) x30 0x80012564
core   0: 0x80011568 (0xa83f2e23) sw      gp, -1380(t5)
core   0: 3 0x80011568 (0xa83f2e23) mem 0x80012000 0x00000001
core   0: 0x8001156c (0xff9ff06f) j       pc - 0x8
core   0: 3 0x8001156c (0xff9ff06f)
core   0: 0x80011564 (0x00001f17) auipc   t5, 0x1
core   0: 3 0x80011564 (0x00001f17) x30 0x80012564
core   0: 0x80011568 (0xa83f2e23) sw      gp, -1380(t5)
core   0: 3 0x80011568 (0xa83f2e23) mem 0x80012000 0x00000001
core   0: 0x8001156c (0xff9ff06f) j       pc - 0x8
core   0: 3 0x8001156c (0xff9ff06f)
core   0: 0x80011564 (0x00001f17) auipc   t5, 0x1
core   0: 3 0x80011564 (0x00001f17) x30 0x80012564
core   0: 0x80011568 (0xa83f2e23) sw      gp, -1380(t5)
core   0: 3 0x80011568 (0xa83f2e23) mem 0x80012000 0x00000001
core   0: 0x8001156c (0xff9ff06f) j       pc - 0x8
core   0: 3 0x8001156c (0xff9ff06f)
core   0: 0x80011564 (0x00001f17) auipc   t5, 0x1
core   0: 3 0x80011564 (0x00001f17) x30 0x80012564
core   0: 0x80011568 (0xa83f2e23) sw      gp, -1380(t5)
core   0: 3 0x80011568 (0xa83f2e23) mem 0x80012000 0x00000001
core   0: 0x8001156c (0xff9ff06f) j       pc - 0x8
core   0: 3 0x8001156c (0xff9ff06f)
core   0: 0x80011564 (0x00001f17) auipc   t5, 0x1
core   0: 3 0x80011564 (0x00001f17) x30 0x80012564
core   0: 0x80011568 (0xa83f2e23) sw      gp, -1380(t5)
core   0: 3 0x80011568 (0xa83f2e23) mem 0x80012000 0x00000001
core   0: 0x8001156c (0xff9ff06f) j       pc - 0x8
core   0: 3 0x8001156c (0xff9ff06f)
core   0: 0x80011564 (0x00001f17) auipc   t5, 0x1
core   0: 3 0x80011564 (0x00001f17) x30 0x80012564
core   0: 0x80011568 (0xa83f2e23) sw      gp, -1380(t5)
core   0: 3 0x80011568 (0xa83f2e23) mem 0x80012000 0x00000001
core   0: 0x8001156c (0xff9ff06f) j       pc - 0x8
core   0: 3 0x8001156c (0xff9ff06f)
core   0: 0x80011564 (0x00001f17) auipc   t5, 0x1
core   0: 3 0x80011564 (0x00001f17) x30 0x80012564
core   0: 0x80011568 (0xa83f2e23) sw      gp, -1380(t5)
core   0: 3 0x80011568 (0xa83f2e23) mem 0x80012000 0x00000001
core   0: 0x8001156c (0xff9ff06f) j       pc - 0x8
core   0: 3 0x8001156c (0xff9ff06f)
core   0: 0x80011564 (0x00001f17) auipc   t5, 0x1
core   0: 3 0x80011564 (0x00001f17) x30 0x80012564
core   0: 0x80011568 (0xa83f2e23) sw      gp, -1380(t5)
core   0: 3 0x80011568 (0xa83f2e23) mem 0x80012000 0x00000001
core   0: 0x8001156c (0xff9ff06f) j       pc - 0x8
core   0: 3 0x8001156c (0xff9ff06f)
core   0: 0x80011564 (0x00001f17) auipc   t5, 0x1
core   0: 3 0x80011564 (0x00001f17) x30 0x80012564
core   0: 0x80011568 (0xa83f2e23) sw      gp, -1380(t5)
core   0: 3 0x80011568 (0xa83f2e23) mem 0x80012000 0x00000001
core   0: 0x8001156c (0xff9ff06f) j       pc - 0x8
core   0: 3 0x8001156c (0xff9ff06f)
core   0: 0x80011564 (0x00001f17) auipc   t5, 0x1
core   0: 3 0x80011564 (0x00001f17) x30 0x80012564
core   0: 0x80011568 (0xa83f2e23) sw      gp, -1380(t5)
core   0: 3 0x80011568 (0xa83f2e23) mem 0x80012000 0x00000001
core   0: 0x8001156c (0xff9ff06f) j       pc - 0x8
core   0: 3 0x8001156c (0xff9ff06f)
core   0: 0x80011564 (0x00001f17) auipc   t5, 0x1
core   0: 3 0x80011564 (0x00001f17) x30 0x80012564
core   0: 0x80011568 (0xa83f2e23) sw      gp, -1380(t5)
core   0: 3 0x80011568 (0xa83f2e23) mem 0x80012000 0x00000001
core   0: 0x8001156c (0xff9ff06f) j       pc - 0x8
core   0: 3 0x8001156c (0xff9ff06f)
core   0: 0x80011564 (0x00001f17) auipc   t5, 0x1
core   0: 3 0x80011564 (0x00001f17) x30 0x80012564
core   0: 0x80011568 (0xa83f2e23) sw      gp, -1380(t5)
core   0: 3 0x80011568 (0xa83f2e23) mem 0x80012000 0x00000001
core   0: 0x8001156c (0xff9ff06f) j       pc - 0x8
core   0: 3 0x8001156c (0xff9ff06f)
core   0: 0x80011564 (0x00001f17) auipc   t5, 0x1
core   0: 3 0x80011564 (0x00001f17) x30 0x80012564
core   0: 0x80011568 (0xa83f2e23) sw      gp, -1380(t5)
core   0: 3 0x80011568 (0xa83f2e23) mem 0x80012000 0x00000001
core   0: 0x8001156c (0xff9ff06f) j       pc - 0x8
core   0: 3 0x8001156c (0xff9ff06f)
core   0: 0x80011564 (0x00001f17) auipc   t5, 0x1
core   0: 3 0x80011564 (0x00001f17) x30 0x80012564
core   0: 0x80011568 (0xa83f2e23) sw      gp, -1380(t5)
core   0: 3 0x80011568 (0xa83f2e23) mem 0x80012000 0x00000001
core   0: 0x8001156c (0xff9ff06f) j       pc - 0x8
core   0: 3 0x8001156c (0xff9ff06f)
core   0: 0x80011564 (0x00001f17) auipc   t5, 0x1
core   0: 3 0x80011564 (0x00001f17) x30 0x80012564
core   0: 0x80011568 (0xa83f2e23) sw      gp, -1380(t5)
core   0: 3 0x80011568 (0xa83f2e23) mem 0x80012000 0x00000001
core   0: 0x8001156c (0xff9ff06f) j       pc - 0x8
core   0: 3 0x8001156c (0xff9ff06f)
core   0: 0x80011564 (0x00001f17) auipc   t5, 0x1
core   0: 3 0x80011564 (0x00001f17) x30 0x80012564
core   0: 0x80011568 (0xa83f2e23) sw      gp, -1380(t5)
core   0: 3 0x80011568 (0xa83f2e23) mem 0x80012000 0x00000001
core   0: 0x8001156c (0xff9ff06f) j       pc - 0x8
core   0: 3 0x8001156c (0xff9ff06f)
core   0: 0x80011564 (0x00001f17) auipc   t5, 0x1
core   0: 3 0x80011564 (0x00001f17) x30 0x80012564
core   0: 0x80011568 (0xa83f2e23) sw      gp, -1380(t5)
core   0: 3 0x80011568 (0xa83f2e23) mem 0x80012000 0x00000001
core   0: 0x8001156c (0xff9ff06f) j       pc - 0x8
core   0: 3 0x8001156c (0xff9ff06f)
core   0: 0x80011564 (0x00001f17) auipc   t5, 0x1
core   0: 3 0x80011564 (0x00001f17) x30 0x80012564
core   0: 0x80011568 (0xa83f2e23) sw      gp, -1380(t5)
core   0: 3 0x80011568 (0xa83f2e23) mem 0x80012000 0x00000001
core   0: 0x8001156c (0xff9ff06f) j       pc - 0x8
core   0: 3 0x8001156c (0xff9ff06f)
core   0: 0x80011564 (0x00001f17) auipc   t5, 0x1
core   0: 3 0x80011564 (0x00001f17) x30 0x80012564
core   0: 0x80011568 (0xa83f2e23) sw      gp, -1380(t5)
core   0: 3 0x80011568 (0xa83f2e23) mem 0x80012000 0x00000001
core   0: 0x8001156c (0xff9ff06f) j       pc - 0x8
core   0: 3 0x8001156c (0xff9ff06f)
core   0: 0x80011564 (0x00001f17) auipc   t5, 0x1
core   0: 3 0x80011564 (0x00001f17) x30 0x80012564
core   0: 0x80011568 (0xa83f2e23) sw      gp, -1380(t5)
core   0: 3 0x80011568 (0xa83f2e23) mem 0x80012000 0x00000001
core   0: 0x8001156c (0xff9ff06f) j       pc - 0x8
core   0: 3 0x8001156c (0xff9ff06f)
core   0: 0x80011564 (0x00001f17) auipc   t5, 0x1
core   0: 3 0x80011564 (0x00001f17) x30 0x80012564
core   0: 0x80011568 (0xa83f2e23) sw      gp, -1380(t5)
core   0: 3 0x80011568 (0xa83f2e23) mem 0x80012000 0x00000001
core   0: 0x8001156c (0xff9ff06f) j       pc - 0x8
core   0: 3 0x8001156c (0xff9ff06f)
core   0: 0x80011564 (0x00001f17) auipc   t5, 0x1
core   0: 3 0x80011564 (0x00001f17) x30 0x80012564
core   0: 0x80011568 (0xa83f2e23) sw      gp, -1380(t5)
core   0: 3 0x80011568 (0xa83f2e23) mem 0x80012000 0x00000001
core   0: 0x8001156c (0xff9ff06f) j       pc - 0x8
core   0: 3 0x8001156c (0xff9ff06f)
core   0: 0x80011564 (0x00001f17) auipc   t5, 0x1
core   0: 3 0x80011564 (0x00001f17) x30 0x80012564
core   0: 0x80011568 (0xa83f2e23) sw      gp, -1380(t5)
core   0: 3 0x80011568 (0xa83f2e23) mem 0x80012000 0x00000001
core   0: 0x8001156c (0xff9ff06f) j       pc - 0x8
core   0: 3 0x8001156c (0xff9ff06f)
core   0: 0x80011564 (0x00001f17) auipc   t5, 0x1
core   0: 3 0x80011564 (0x00001f17) x30 0x80012564
core   0: 0x80011568 (0xa83f2e23) sw      gp, -1380(t5)
core   0: 3 0x80011568 (0xa83f2e23) mem 0x80012000 0x00000001
core   0: 0x8001156c (0xff9ff06f) j       pc - 0x8
core   0: 3 0x8001156c (0xff9ff06f)
core   0: 0x80011564 (0x00001f17) auipc   t5, 0x1
core   0: 3 0x80011564 (0x00001f17) x30 0x80012564
core   0: 0x80011568 (0xa83f2e23) sw      gp, -1380(t5)
core   0: 3 0x80011568 (0xa83f2e23) mem 0x80012000 0x00000001
core   0: 0x8001156c (0xff9ff06f) j       pc - 0x8
core   0: 3 0x8001156c (0xff9ff06f)
core   0: 0x80011564 (0x00001f17) auipc   t5, 0x1
core   0: 3 0x80011564 (0x00001f17) x30 0x80012564
core   0: 0x80011568 (0xa83f2e23) sw      gp, -1380(t5)
core   0: 3 0x80011568 (0xa83f2e23) mem 0x80012000 0x00000001
core   0: 0x8001156c (0xff9ff06f) j       pc - 0x8
core   0: 3 0x8001156c (0xff9ff06f)
core   0: 0x80011564 (0x00001f17) auipc   t5, 0x1
core   0: 3 0x80011564 (0x00001f17) x30 0x80012564
core   0: 0x80011568 (0xa83f2e23) sw      gp, -1380(t5)
core   0: 3 0x80011568 (0xa83f2e23) mem 0x80012000 0x00000001
core   0: 0x8001156c (0xff9ff06f) j       pc - 0x8
core   0: 3 0x8001156c (0xff9ff06f)
core   0: 0x80011564 (0x00001f17) auipc   t5, 0x1
core   0: 3 0x80011564 (0x00001f17) x30 0x80012564
core   0: 0x80011568 (0xa83f2e23) sw      gp, -1380(t5)
core   0: 3 0x80011568 (0xa83f2e23) mem 0x80012000 0x00000001
core   0: 0x8001156c (0xff9ff06f) j       pc - 0x8
core   0: 3 0x8001156c (0xff9ff06f)
core   0: 0x80011564 (0x00001f17) auipc   t5, 0x1
core   0: 3 0x80011564 (0x00001f17) x30 0x80012564
core   0: 0x80011568 (0xa83f2e23) sw      gp, -1380(t5)
core   0: 3 0x80011568 (0xa83f2e23) mem 0x80012000 0x00000001
core   0: 0x8001156c (0xff9ff06f) j       pc - 0x8
core   0: 3 0x8001156c (0xff9ff06f)
core   0: 0x80011564 (0x00001f17) auipc   t5, 0x1
core   0: 3 0x80011564 (0x00001f17) x30 0x80012564
core   0: 0x80011568 (0xa83f2e23) sw      gp, -1380(t5)
core   0: 3 0x80011568 (0xa83f2e23) mem 0x80012000 0x00000001
core   0: 0x8001156c (0xff9ff06f) j       pc - 0x8
core   0: 3 0x8001156c (0xff9ff06f)
core   0: 0x80011564 (0x00001f17) auipc   t5, 0x1
core   0: 3 0x80011564 (0x00001f17) x30 0x80012564
core   0: 0x80011568 (0xa83f2e23) sw      gp, -1380(t5)
core   0: 3 0x80011568 (0xa83f2e23) mem 0x80012000 0x00000001
core   0: 0x8001156c (0xff9ff06f) j       pc - 0x8
core   0: 3 0x8001156c (0xff9ff06f)
core   0: 0x80011564 (0x00001f17) auipc   t5, 0x1
core   0: 3 0x80011564 (0x00001f17) x30 0x80012564
core   0: 0x80011568 (0xa83f2e23) sw      gp, -1380(t5)
core   0: 3 0x80011568 (0xa83f2e23) mem 0x80012000 0x00000001
core   0: 0x8001156c (0xff9ff06f) j       pc - 0x8
core   0: 3 0x8001156c (0xff9ff06f)
core   0: 0x80011564 (0x00001f17) auipc   t5, 0x1
core   0: 3 0x80011564 (0x00001f17) x30 0x80012564
core   0: 0x80011568 (0xa83f2e23) sw      gp, -1380(t5)
core   0: 3 0x80011568 (0xa83f2e23) mem 0x80012000 0x00000001
core   0: 0x8001156c (0xff9ff06f) j       pc - 0x8
core   0: 3 0x8001156c (0xff9ff06f)
core   0: 0x80011564 (0x00001f17) auipc   t5, 0x1
core   0: 3 0x80011564 (0x00001f17) x30 0x80012564
core   0: 0x80011568 (0xa83f2e23) sw      gp, -1380(t5)
core   0: 3 0x80011568 (0xa83f2e23) mem 0x80012000 0x00000001
core   0: 0x8001156c (0xff9ff06f) j       pc - 0x8
core   0: 3 0x8001156c (0xff9ff06f)
core   0: 0x80011564 (0x00001f17) auipc   t5, 0x1
core   0: 3 0x80011564 (0x00001f17) x30 0x80012564
core   0: 0x80011568 (0xa83f2e23) sw      gp, -1380(t5)
core   0: 3 0x80011568 (0xa83f2e23) mem 0x80012000 0x00000001
core   0: 0x8001156c (0xff9ff06f) j       pc - 0x8
core   0: 3 0x8001156c (0xff9ff06f)
core   0: 0x80011564 (0x00001f17) auipc   t5, 0x1
core   0: 3 0x80011564 (0x00001f17) x30 0x80012564
core   0: 0x80011568 (0xa83f2e23) sw      gp, -1380(t5)
core   0: 3 0x80011568 (0xa83f2e23) mem 0x80012000 0x00000001
core   0: 0x8001156c (0xff9ff06f) j       pc - 0x8
core   0: 3 0x8001156c (0xff9ff06f)
core   0: 0x80011564 (0x00001f17) auipc   t5, 0x1
core   0: 3 0x80011564 (0x00001f17) x30 0x80012564
core   0: 0x80011568 (0xa83f2e23) sw      gp, -1380(t5)
core   0: 3 0x80011568 (0xa83f2e23) mem 0x80012000 0x00000001
core   0: 0x8001156c (0xff9ff06f) j       pc - 0x8
core   0: 3 0x8001156c (0xff9ff06f)
core   0: 0x80011564 (0x00001f17) auipc   t5, 0x1
core   0: 3 0x80011564 (0x00001f17) x30 0x80012564
core   0: 0x80011568 (0xa83f2e23) sw      gp, -1380(t5)
core   0: 3 0x80011568 (0xa83f2e23) mem 0x80012000 0x00000001
core   0: 0x8001156c (0xff9ff06f) j       pc - 0x8
core   0: 3 0x8001156c (0xff9ff06f)
core   0: 0x80011564 (0x00001f17) auipc   t5, 0x1
core   0: 3 0x80011564 (0x00001f17) x30 0x80012564
core   0: 0x80011568 (0xa83f2e23) sw      gp, -1380(t5)
core   0: 3 0x80011568 (0xa83f2e23) mem 0x80012000 0x00000001
core   0: 0x8001156c (0xff9ff06f) j       pc - 0x8
core   0: 3 0x8001156c (0xff9ff06f)
core   0: 0x80011564 (0x00001f17) auipc   t5, 0x1
core   0: 3 0x80011564 (0x00001f17) x30 0x80012564
core   0: 0x80011568 (0xa83f2e23) sw      gp, -1380(t5)
core   0: 3 0x80011568 (0xa83f2e23) mem 0x80012000 0x00000001
core   0: 0x8001156c (0xff9ff06f) j       pc - 0x8
core   0: 3 0x8001156c (0xff9ff06f)
core   0: 0x80011564 (0x00001f17) auipc   t5, 0x1
core   0: 3 0x80011564 (0x00001f17) x30 0x80012564
core   0: 0x80011568 (0xa83f2e23) sw      gp, -1380(t5)
core   0: 3 0x80011568 (0xa83f2e23) mem 0x80012000 0x00000001
core   0: 0x8001156c (0xff9ff06f) j       pc - 0x8
core   0: 3 0x8001156c (0xff9ff06f)
core   0: 0x80011564 (0x00001f17) auipc   t5, 0x1
core   0: 3 0x80011564 (0x00001f17) x30 0x80012564
core   0: 0x80011568 (0xa83f2e23) sw      gp, -1380(t5)
core   0: 3 0x80011568 (0xa83f2e23) mem 0x80012000 0x00000001
core   0: 0x8001156c (0xff9ff06f) j       pc - 0x8
core   0: 3 0x8001156c (0xff9ff06f)
core   0: 0x80011564 (0x00001f17) auipc   t5, 0x1
core   0: 3 0x80011564 (0x00001f17) x30 0x80012564
core   0: 0x80011568 (0xa83f2e23) sw      gp, -1380(t5)
core   0: 3 0x80011568 (0xa83f2e23) mem 0x80012000 0x00000001
core   0: 0x8001156c (0xff9ff06f) j       pc - 0x8
core   0: 3 0x8001156c (0xff9ff06f)
core   0: 0x80011564 (0x00001f17) auipc   t5, 0x1
core   0: 3 0x80011564 (0x00001f17) x30 0x80012564
core   0: 0x80011568 (0xa83f2e23) sw      gp, -1380(t5)
core   0: 3 0x80011568 (0xa83f2e23) mem 0x80012000 0x00000001
core   0: 0x8001156c (0xff9ff06f) j       pc - 0x8
core   0: 3 0x8001156c (0xff9ff06f)
core   0: 0x80011564 (0x00001f17) auipc   t5, 0x1
core   0: 3 0x80011564 (0x00001f17) x30 0x80012564
core   0: 0x80011568 (0xa83f2e23) sw      gp, -1380(t5)
core   0: 3 0x80011568 (0xa83f2e23) mem 0x80012000 0x00000001
core   0: 0x8001156c (0xff9ff06f) j       pc - 0x8
core   0: 3 0x8001156c (0xff9ff06f)
core   0: 0x80011564 (0x00001f17) auipc   t5, 0x1
core   0: 3 0x80011564 (0x00001f17) x30 0x80012564
core   0: 0x80011568 (0xa83f2e23) sw      gp, -1380(t5)
core   0: 3 0x80011568 (0xa83f2e23) mem 0x80012000 0x00000001
core   0: 0x8001156c (0xff9ff06f) j       pc - 0x8
core   0: 3 0x8001156c (0xff9ff06f)
core   0: 0x80011564 (0x00001f17) auipc   t5, 0x1
core   0: 3 0x80011564 (0x00001f17) x30 0x80012564
core   0: 0x80011568 (0xa83f2e23) sw      gp, -1380(t5)
core   0: 3 0x80011568 (0xa83f2e23) mem 0x80012000 0x00000001
core   0: 0x8001156c (0xff9ff06f) j       pc - 0x8
core   0: 3 0x8001156c (0xff9ff06f)
core   0: 0x80011564 (0x00001f17) auipc   t5, 0x1
core   0: 3 0x80011564 (0x00001f17) x30 0x80012564
core   0: 0x80011568 (0xa83f2e23) sw      gp, -1380(t5)
core   0: 3 0x80011568 (0xa83f2e23) mem 0x80012000 0x00000001
core   0: 0x8001156c (0xff9ff06f) j       pc - 0x8
core   0: 3 0x8001156c (0xff9ff06f)
core   0: 0x80011564 (0x00001f17) auipc   t5, 0x1
core   0: 3 0x80011564 (0x00001f17) x30 0x80012564
core   0: 0x80011568 (0xa83f2e23) sw      gp, -1380(t5)
core   0: 3 0x80011568 (0xa83f2e23) mem 0x80012000 0x00000001
core   0: 0x8001156c (0xff9ff06f) j       pc - 0x8
core   0: 3 0x8001156c (0xff9ff06f)
core   0: 0x80011564 (0x00001f17) auipc   t5, 0x1
core   0: 3 0x80011564 (0x00001f17) x30 0x80012564
core   0: 0x80011568 (0xa83f2e23) sw      gp, -1380(t5)
core   0: 3 0x80011568 (0xa83f2e23) mem 0x80012000 0x00000001
core   0: 0x8001156c (0xff9ff06f) j       pc - 0x8
core   0: 3 0x8001156c (0xff9ff06f)
core   0: 0x80011564 (0x00001f17) auipc   t5, 0x1
core   0: 3 0x80011564 (0x00001f17) x30 0x80012564
core   0: 0x80011568 (0xa83f2e23) sw      gp, -1380(t5)
core   0: 3 0x80011568 (0xa83f2e23) mem 0x80012000 0x00000001
core   0: 0x8001156c (0xff9ff06f) j       pc - 0x8
core   0: 3 0x8001156c (0xff9ff06f)
core   0: 0x80011564 (0x00001f17) auipc   t5, 0x1
core   0: 3 0x80011564 (0x00001f17) x30 0x80012564
core   0: 0x80011568 (0xa83f2e23) sw      gp, -1380(t5)
core   0: 3 0x80011568 (0xa83f2e23) mem 0x80012000 0x00000001
core   0: 0x8001156c (0xff9ff06f) j       pc - 0x8
core   0: 3 0x8001156c (0xff9ff06f)
core   0: 0x80011564 (0x00001f17) auipc   t5, 0x1
core   0: 3 0x80011564 (0x00001f17) x30 0x80012564
core   0: 0x80011568 (0xa83f2e23) sw      gp, -1380(t5)
core   0: 3 0x80011568 (0xa83f2e23) mem 0x80012000 0x00000001
core   0: 0x8001156c (0xff9ff06f) j       pc - 0x8
core   0: 3 0x8001156c (0xff9ff06f)
core   0: 0x80011564 (0x00001f17) auipc   t5, 0x1
core   0: 3 0x80011564 (0x00001f17) x30 0x80012564
core   0: 0x80011568 (0xa83f2e23) sw      gp, -1380(t5)
core   0: 3 0x80011568 (0xa83f2e23) mem 0x80012000 0x00000001
core   0: 0x8001156c (0xff9ff06f) j       pc - 0x8
core   0: 3 0x8001156c (0xff9ff06f)
core   0: 0x80011564 (0x00001f17) auipc   t5, 0x1
core   0: 3 0x80011564 (0x00001f17) x30 0x80012564
core   0: 0x80011568 (0xa83f2e23) sw      gp, -1380(t5)
core   0: 3 0x80011568 (0xa83f2e23) mem 0x80012000 0x00000001
core   0: 0x8001156c (0xff9ff06f) j       pc - 0x8
core   0: 3 0x8001156c (0xff9ff06f)
core   0: 0x80011564 (0x00001f17) auipc   t5, 0x1
core   0: 3 0x80011564 (0x00001f17) x30 0x80012564
core   0: 0x80011568 (0xa83f2e23) sw      gp, -1380(t5)
core   0: 3 0x80011568 (0xa83f2e23) mem 0x80012000 0x00000001
core   0: 0x8001156c (0xff9ff06f) j       pc - 0x8
core   0: 3 0x8001156c (0xff9ff06f)
core   0: 0x80011564 (0x00001f17) auipc   t5, 0x1
core   0: 3 0x80011564 (0x00001f17) x30 0x80012564
core   0: 0x80011568 (0xa83f2e23) sw      gp, -1380(t5)
core   0: 3 0x80011568 (0xa83f2e23) mem 0x80012000 0x00000001
core   0: 0x8001156c (0xff9ff06f) j       pc - 0x8
core   0: 3 0x8001156c (0xff9ff06f)
core   0: 0x80011564 (0x00001f17) auipc   t5, 0x1
core   0: 3 0x80011564 (0x00001f17) x30 0x80012564
core   0: 0x80011568 (0xa83f2e23) sw      gp, -1380(t5)
core   0: 3 0x80011568 (0xa83f2e23) mem 0x80012000 0x00000001
core   0: 0x8001156c (0xff9ff06f) j       pc - 0x8
core   0: 3 0x8001156c (0xff9ff06f)
core   0: 0x80011564 (0x00001f17) auipc   t5, 0x1
core   0: 3 0x80011564 (0x00001f17) x30 0x80012564
core   0: 0x80011568 (0xa83f2e23) sw      gp, -1380(t5)
core   0: 3 0x80011568 (0xa83f2e23) mem 0x80012000 0x00000001
core   0: 0x8001156c (0xff9ff06f) j       pc - 0x8
core   0: 3 0x8001156c (0xff9ff06f)
core   0: 0x80011564 (0x00001f17) auipc   t5, 0x1
core   0: 3 0x80011564 (0x00001f17) x30 0x80012564
core   0: 0x80011568 (0xa83f2e23) sw      gp, -1380(t5)
core   0: 3 0x80011568 (0xa83f2e23) mem 0x80012000 0x00000001
core   0: 0x8001156c (0xff9ff06f) j       pc - 0x8
core   0: 3 0x8001156c (0xff9ff06f)
core   0: 0x80011564 (0x00001f17) auipc   t5, 0x1
core   0: 3 0x80011564 (0x00001f17) x30 0x80012564
core   0: 0x80011568 (0xa83f2e23) sw      gp, -1380(t5)
core   0: 3 0x80011568 (0xa83f2e23) mem 0x80012000 0x00000001
core   0: 0x8001156c (0xff9ff06f) j       pc - 0x8
core   0: 3 0x8001156c (0xff9ff06f)
core   0: 0x80011564 (0x00001f17) auipc   t5, 0x1
core   0: 3 0x80011564 (0x00001f17) x30 0x80012564
core   0: 0x80011568 (0xa83f2e23) sw      gp, -1380(t5)
core   0: 3 0x80011568 (0xa83f2e23) mem 0x80012000 0x00000001
core   0: 0x8001156c (0xff9ff06f) j       pc - 0x8
core   0: 3 0x8001156c (0xff9ff06f)
core   0: 0x80011564 (0x00001f17) auipc   t5, 0x1
core   0: 3 0x80011564 (0x00001f17) x30 0x80012564
core   0: 0x80011568 (0xa83f2e23) sw      gp, -1380(t5)
core   0: 3 0x80011568 (0xa83f2e23) mem 0x80012000 0x00000001
core   0: 0x8001156c (0xff9ff06f) j       pc - 0x8
core   0: 3 0x8001156c (0xff9ff06f)
core   0: 0x80011564 (0x00001f17) auipc   t5, 0x1
core   0: 3 0x80011564 (0x00001f17) x30 0x80012564
core   0: 0x80011568 (0xa83f2e23) sw      gp, -1380(t5)
core   0: 3 0x80011568 (0xa83f2e23) mem 0x80012000 0x00000001
core   0: 0x8001156c (0xff9ff06f) j       pc - 0x8
core   0: 3 0x8001156c (0xff9ff06f)
core   0: 0x80011564 (0x00001f17) auipc   t5, 0x1
core   0: 3 0x80011564 (0x00001f17) x30 0x80012564
core   0: 0x80011568 (0xa83f2e23) sw      gp, -1380(t5)
core   0: 3 0x80011568 (0xa83f2e23) mem 0x80012000 0x00000001
core   0: 0x8001156c (0xff9ff06f) j       pc - 0x8
core   0: 3 0x8001156c (0xff9ff06f)
core   0: 0x80011564 (0x00001f17) auipc   t5, 0x1
core   0: 3 0x80011564 (0x00001f17) x30 0x80012564
core   0: 0x80011568 (0xa83f2e23) sw      gp, -1380(t5)
core   0: 3 0x80011568 (0xa83f2e23) mem 0x80012000 0x00000001
core   0: 0x8001156c (0xff9ff06f) j       pc - 0x8
core   0: 3 0x8001156c (0xff9ff06f)
core   0: 0x80011564 (0x00001f17) auipc   t5, 0x1
core   0: 3 0x80011564 (0x00001f17) x30 0x80012564
core   0: 0x80011568 (0xa83f2e23) sw      gp, -1380(t5)
core   0: 3 0x80011568 (0xa83f2e23) mem 0x80012000 0x00000001
core   0: 0x8001156c (0xff9ff06f) j       pc - 0x8
core   0: 3 0x8001156c (0xff9ff06f)
core   0: 0x80011564 (0x00001f17) auipc   t5, 0x1
core   0: 3 0x80011564 (0x00001f17) x30 0x80012564
core   0: 0x80011568 (0xa83f2e23) sw      gp, -1380(t5)
core   0: 3 0x80011568 (0xa83f2e23) mem 0x80012000 0x00000001
core   0: 0x8001156c (0xff9ff06f) j       pc - 0x8
core   0: 3 0x8001156c (0xff9ff06f)
core   0: 0x80011564 (0x00001f17) auipc   t5, 0x1
core   0: 3 0x80011564 (0x00001f17) x30 0x80012564
core   0: 0x80011568 (0xa83f2e23) sw      gp, -1380(t5)
core   0: 3 0x80011568 (0xa83f2e23) mem 0x80012000 0x00000001
core   0: 0x8001156c (0xff9ff06f) j       pc - 0x8
core   0: 3 0x8001156c (0xff9ff06f)
core   0: 0x80011564 (0x00001f17) auipc   t5, 0x1
core   0: 3 0x80011564 (0x00001f17) x30 0x80012564
core   0: 0x80011568 (0xa83f2e23) sw      gp, -1380(t5)
core   0: 3 0x80011568 (0xa83f2e23) mem 0x80012000 0x00000001
core   0: 0x8001156c (0xff9ff06f) j       pc - 0x8
core   0: 3 0x8001156c (0xff9ff06f)
core   0: 0x80011564 (0x00001f17) auipc   t5, 0x1
core   0: 3 0x80011564 (0x00001f17) x30 0x80012564
core   0: 0x80011568 (0xa83f2e23) sw      gp, -1380(t5)
core   0: 3 0x80011568 (0xa83f2e23) mem 0x80012000 0x00000001
core   0: 0x8001156c (0xff9ff06f) j       pc - 0x8
core   0: 3 0x8001156c (0xff9ff06f)
core   0: 0x80011564 (0x00001f17) auipc   t5, 0x1
core   0: 3 0x80011564 (0x00001f17) x30 0x80012564
core   0: 0x80011568 (0xa83f2e23) sw      gp, -1380(t5)
core   0: 3 0x80011568 (0xa83f2e23) mem 0x80012000 0x00000001
core   0: 0x8001156c (0xff9ff06f) j       pc - 0x8
core   0: 3 0x8001156c (0xff9ff06f)
core   0: 0x80011564 (0x00001f17) auipc   t5, 0x1
core   0: 3 0x80011564 (0x00001f17) x30 0x80012564
core   0: 0x80011568 (0xa83f2e23) sw      gp, -1380(t5)
core   0: 3 0x80011568 (0xa83f2e23) mem 0x80012000 0x00000001
core   0: 0x8001156c (0xff9ff06f) j       pc - 0x8
core   0: 3 0x8001156c (0xff9ff06f)
core   0: 0x80011564 (0x00001f17) auipc   t5, 0x1
core   0: 3 0x80011564 (0x00001f17) x30 0x80012564
core   0: 0x80011568 (0xa83f2e23) sw      gp, -1380(t5)
core   0: 3 0x80011568 (0xa83f2e23) mem 0x80012000 0x00000001
core   0: 0x8001156c (0xff9ff06f) j       pc - 0x8
core   0: 3 0x8001156c (0xff9ff06f)
core   0: 0x80011564 (0x00001f17) auipc   t5, 0x1
core   0: 3 0x80011564 (0x00001f17) x30 0x80012564
core   0: 0x80011568 (0xa83f2e23) sw      gp, -1380(t5)
core   0: 3 0x80011568 (0xa83f2e23) mem 0x80012000 0x00000001
core   0: 0x8001156c (0xff9ff06f) j       pc - 0x8
core   0: 3 0x8001156c (0xff9ff06f)
core   0: 0x80011564 (0x00001f17) auipc   t5, 0x1
core   0: 3 0x80011564 (0x00001f17) x30 0x80012564
core   0: 0x80011568 (0xa83f2e23) sw      gp, -1380(t5)
core   0: 3 0x80011568 (0xa83f2e23) mem 0x80012000 0x00000001
core   0: 0x8001156c (0xff9ff06f) j       pc - 0x8
core   0: 3 0x8001156c (0xff9ff06f)
core   0: 0x80011564 (0x00001f17) auipc   t5, 0x1
core   0: 3 0x80011564 (0x00001f17) x30 0x80012564
core   0: 0x80011568 (0xa83f2e23) sw      gp, -1380(t5)
core   0: 3 0x80011568 (0xa83f2e23) mem 0x80012000 0x00000001
core   0: 0x8001156c (0xff9ff06f) j       pc - 0x8
core   0: 3 0x8001156c (0xff9ff06f)
core   0: 0x80011564 (0x00001f17) auipc   t5, 0x1
core   0: 3 0x80011564 (0x00001f17) x30 0x80012564
core   0: 0x80011568 (0xa83f2e23) sw      gp, -1380(t5)
core   0: 3 0x80011568 (0xa83f2e23) mem 0x80012000 0x00000001
core   0: 0x8001156c (0xff9ff06f) j       pc - 0x8
core   0: 3 0x8001156c (0xff9ff06f)
core   0: 0x80011564 (0x00001f17) auipc   t5, 0x1
core   0: 3 0x80011564 (0x00001f17) x30 0x80012564
core   0: 0x80011568 (0xa83f2e23) sw      gp, -1380(t5)
core   0: 3 0x80011568 (0xa83f2e23) mem 0x80012000 0x00000001
core   0: 0x8001156c (0xff9ff06f) j       pc - 0x8
core   0: 3 0x8001156c (0xff9ff06f)
core   0: 0x80011564 (0x00001f17) auipc   t5, 0x1
core   0: 3 0x80011564 (0x00001f17) x30 0x80012564
core   0: 0x80011568 (0xa83f2e23) sw      gp, -1380(t5)
core   0: 3 0x80011568 (0xa83f2e23) mem 0x80012000 0x00000001
core   0: 0x8001156c (0xff9ff06f) j       pc - 0x8
core   0: 3 0x8001156c (0xff9ff06f)
core   0: 0x80011564 (0x00001f17) auipc   t5, 0x1
core   0: 3 0x80011564 (0x00001f17) x30 0x80012564
core   0: 0x80011568 (0xa83f2e23) sw      gp, -1380(t5)
core   0: 3 0x80011568 (0xa83f2e23) mem 0x80012000 0x00000001
core   0: 0x8001156c (0xff9ff06f) j       pc - 0x8
core   0: 3 0x8001156c (0xff9ff06f)
core   0: 0x80011564 (0x00001f17) auipc   t5, 0x1
core   0: 3 0x80011564 (0x00001f17) x30 0x80012564
core   0: 0x80011568 (0xa83f2e23) sw      gp, -1380(t5)
core   0: 3 0x80011568 (0xa83f2e23) mem 0x80012000 0x00000001
core   0: 0x8001156c (0xff9ff06f) j       pc - 0x8
core   0: 3 0x8001156c (0xff9ff06f)
core   0: 0x80011564 (0x00001f17) auipc   t5, 0x1
core   0: 3 0x80011564 (0x00001f17) x30 0x80012564
core   0: 0x80011568 (0xa83f2e23) sw      gp, -1380(t5)
core   0: 3 0x80011568 (0xa83f2e23) mem 0x80012000 0x00000001
core   0: 0x8001156c (0xff9ff06f) j       pc - 0x8
core   0: 3 0x8001156c (0xff9ff06f)
core   0: 0x80011564 (0x00001f17) auipc   t5, 0x1
core   0: 3 0x80011564 (0x00001f17) x30 0x80012564
core   0: 0x80011568 (0xa83f2e23) sw      gp, -1380(t5)
core   0: 3 0x80011568 (0xa83f2e23) mem 0x80012000 0x00000001
core   0: 0x8001156c (0xff9ff06f) j       pc - 0x8
core   0: 3 0x8001156c (0xff9ff06f)
core   0: 0x80011564 (0x00001f17) auipc   t5, 0x1
core   0: 3 0x80011564 (0x00001f17) x30 0x80012564
core   0: 0x80011568 (0xa83f2e23) sw      gp, -1380(t5)
core   0: 3 0x80011568 (0xa83f2e23) mem 0x80012000 0x00000001
core   0: 0x8001156c (0xff9ff06f) j       pc - 0x8
core   0: 3 0x8001156c (0xff9ff06f)
core   0: 0x80011564 (0x00001f17) auipc   t5, 0x1
core   0: 3 0x80011564 (0x00001f17) x30 0x80012564
core   0: 0x80011568 (0xa83f2e23) sw      gp, -1380(t5)
core   0: 3 0x80011568 (0xa83f2e23) mem 0x80012000 0x00000001
core   0: 0x8001156c (0xff9ff06f) j       pc - 0x8
core   0: 3 0x8001156c (0xff9ff06f)
core   0: 0x80011564 (0x00001f17) auipc   t5, 0x1
core   0: 3 0x80011564 (0x00001f17) x30 0x80012564
core   0: 0x80011568 (0xa83f2e23) sw      gp, -1380(t5)
core   0: 3 0x80011568 (0xa83f2e23) mem 0x80012000 0x00000001
core   0: 0x8001156c (0xff9ff06f) j       pc - 0x8
core   0: 3 0x8001156c (0xff9ff06f)
core   0: 0x80011564 (0x00001f17) auipc   t5, 0x1
core   0: 3 0x80011564 (0x00001f17) x30 0x80012564
core   0: 0x80011568 (0xa83f2e23) sw      gp, -1380(t5)
core   0: 3 0x80011568 (0xa83f2e23) mem 0x80012000 0x00000001
core   0: 0x8001156c (0xff9ff06f) j       pc - 0x8
core   0: 3 0x8001156c (0xff9ff06f)
core   0: 0x80011564 (0x00001f17) auipc   t5, 0x1
core   0: 3 0x80011564 (0x00001f17) x30 0x80012564
core   0: 0x80011568 (0xa83f2e23) sw      gp, -1380(t5)
core   0: 3 0x80011568 (0xa83f2e23) mem 0x80012000 0x00000001
core   0: 0x8001156c (0xff9ff06f) j       pc - 0x8
core   0: 3 0x8001156c (0xff9ff06f)
core   0: 0x80011564 (0x00001f17) auipc   t5, 0x1
core   0: 3 0x80011564 (0x00001f17) x30 0x80012564
core   0: 0x80011568 (0xa83f2e23) sw      gp, -1380(t5)
core   0: 3 0x80011568 (0xa83f2e23) mem 0x80012000 0x00000001
