core   0: 0x00001000 (0x00000297) auipc   t0, 0x0
core   0: 3 0x00001000 (0x00000297) x 5 0x00001000
core   0: 0x00001004 (0x02028593) addi    a1, t0, 32
core   0: 3 0x00001004 (0x02028593) x11 0x00001020
core   0: 0x00001008 (0xf1402573) csrr    a0, mhartid
core   0: 3 0x00001008 (0xf1402573) x10 0x00000000
core   0: 0x0000100c (0x0182a283) lw      t0, 24(t0)
core   0: 3 0x0000100c (0x0182a283) x 5 0x80000000 mem 0x00001018
core   0: 0x00001010 (0x00028067) jr      t0
core   0: 3 0x00001010 (0x00028067)
core   0: 0x80000000 (0xf14022f3) csrr    t0, mhartid
core   0: 3 0x80000000 (0xf14022f3) x 5 0x00000000
core   0: 0x80000004 (0x00000313) li      t1, 0
core   0: 3 0x80000004 (0x00000313) x 6 0x00000000
core   0: 0x80000008 (0x00628263) beq     t0, t1, pc + 4
core   0: 3 0x80000008 (0x00628263)
core   0: 0x8000000c (0x00000817) auipc   a6, 0x0
core   0: 3 0x8000000c (0x00000817) x16 0x8000000c
core   0: 0x80000010 (0x00c80813) addi    a6, a6, 12
core   0: 3 0x80000010 (0x00c80813) x16 0x80000018
core   0: 0x80000014 (0x00080067) jr      a6
core   0: 3 0x80000014 (0x00080067)
core   0: 0x80000018 (0x40000cb7) lui     s9, 0x40000
core   0: 3 0x80000018 (0x40000cb7) x25 0x40000000
core   0: 0x8000001c (0x100c8c93) addi    s9, s9, 256
core   0: 3 0x8000001c (0x100c8c93) x25 0x40000100
core   0: 0x80000020 (0x301c9073) csrw    misa, s9
core   0: 3 0x80000020 (0x301c9073) c769_misa 0x40140100
core   0: 0x80000024 (0x00016297) auipc   t0, 0x16
core   0: 3 0x80000024 (0x00016297) x 5 0x80016024
core   0: 0x80000028 (0xcc028293) addi    t0, t0, -832
core   0: 3 0x80000028 (0xcc028293) x 5 0x80015ce4
core   0: 0x8000002c (0x0000cc97) auipc   s9, 0xc
core   0: 3 0x8000002c (0x0000cc97) x25 0x8000c02c
core   0: 0x80000030 (0xd04c8c93) addi    s9, s9, -764
core   0: 3 0x80000030 (0xd04c8c93) x25 0x8000bd30
core   0: 0x80000034 (0x001cec93) ori     s9, s9, 1
core   0: 3 0x80000034 (0x001cec93) x25 0x8000bd31
core   0: 0x80000038 (0x305c9073) csrw    mtvec, s9
core   0: 3 0x80000038 (0x305c9073) c773_mtvec 0x8000bd31
core   0: 0x8000003c (0x00000c97) auipc   s9, 0x0
core   0: 3 0x8000003c (0x00000c97) x25 0x8000003c
core   0: 0x80000040 (0x028c8c93) addi    s9, s9, 40
core   0: 3 0x80000040 (0x028c8c93) x25 0x80000064
core   0: 0x80000044 (0x341c9073) csrw    mepc, s9
core   0: 3 0x80000044 (0x341c9073) c833_mepc 0x80000064
core   0: 0x80000048 (0x00000013) nop
core   0: 3 0x80000048 (0x00000013)
core   0: 0x8000004c (0x00002cb7) lui     s9, 0x2
core   0: 3 0x8000004c (0x00002cb7) x25 0x00002000
core   0: 0x80000050 (0x800c8c93) addi    s9, s9, -2048
core   0: 3 0x80000050 (0x800c8c93) x25 0x00001800
core   0: 0x80000054 (0x300c9073) csrw    mstatus, s9
core   0: 3 0x80000054 (0x300c9073) c768_mstatus 0x00001800
core   0: 0x80000058 (0x00000c93) li      s9, 0
core   0: 3 0x80000058 (0x00000c93) x25 0x00000000
core   0: 0x8000005c (0x304c9073) csrw    mie, s9
core   0: 3 0x8000005c (0x304c9073) c772_mie 0x00000000
core   0: 0x80000060 (0x30200073) mret
core   0: 3 0x80000060 (0x30200073) c768_mstatus 0x00000080
core   0: >>>>  init
core   0: 0x80000064 (0x00000013) nop
core   0: 3 0x80000064 (0x00000013)
core   0: 0x80000068 (0x877e20b7) lui     ra, 0x877e2
core   0: 3 0x80000068 (0x877e20b7) x 1 0x877e2000
core   0: 0x8000006c (0xc1e08093) addi    ra, ra, -994
core   0: 3 0x8000006c (0xc1e08093) x 1 0x877e1c1e
core   0: 0x80000070 (0xeaf71137) lui     sp, 0xeaf71
core   0: 3 0x80000070 (0xeaf71137) x 2 0xeaf71000
core   0: 0x80000074 (0x2e510113) addi    sp, sp, 741
core   0: 3 0x80000074 (0x2e510113) x 2 0xeaf712e5
core   0: 0x80000078 (0x00b00193) li      gp, 11
core   0: 3 0x80000078 (0x00b00193) x 3 0x0000000b
core   0: 0x8000007c (0x6b52a237) lui     tp, 0x6b52a
core   0: 3 0x8000007c (0x6b52a237) x 4 0x6b52a000
core   0: 0x80000080 (0xbe620213) addi    tp, tp, -1050
core   0: 3 0x80000080 (0xbe620213) x 4 0x6b529be6
core   0: 0x80000084 (0xbe692337) lui     t1, 0xbe692
core   0: 3 0x80000084 (0xbe692337) x 6 0xbe692000
core   0: 0x80000088 (0xa8c30313) addi    t1, t1, -1396
core   0: 3 0x80000088 (0xa8c30313) x 6 0xbe691a8c
core   0: 0x8000008c (0x00100413) li      s0, 1
core   0: 3 0x8000008c (0x00100413) x 8 0x00000001
core   0: 0x80000090 (0x00000493) li      s1, 0
core   0: 3 0x80000090 (0x00000493) x 9 0x00000000
core   0: 0x80000094 (0x80000537) lui     a0, 0x80000
core   0: 3 0x80000094 (0x80000537) x10 0x80000000
core   0: 0x80000098 (0x00000593) li      a1, 0
core   0: 3 0x80000098 (0x00000593) x11 0x00000000
core   0: 0x8000009c (0x00000613) li      a2, 0
core   0: 3 0x8000009c (0x00000613) x12 0x00000000
core   0: 0x800000a0 (0x00000693) li      a3, 0
core   0: 3 0x800000a0 (0x00000693) x13 0x00000000
core   0: 0x800000a4 (0x80000737) lui     a4, 0x80000
core   0: 3 0x800000a4 (0x80000737) x14 0x80000000
core   0: 0x800000a8 (0x00500793) li      a5, 5
core   0: 3 0x800000a8 (0x00500793) x15 0x00000005
core   0: 0x800000ac (0xfa445837) lui     a6, 0xfa445
core   0: 3 0x800000ac (0xfa445837) x16 0xfa445000
core   0: 0x800000b0 (0x0b480813) addi    a6, a6, 180
core   0: 3 0x800000b0 (0x0b480813) x16 0xfa4450b4
core   0: 0x800000b4 (0xf54928b7) lui     a7, 0xf5492
core   0: 3 0x800000b4 (0xf54928b7) x17 0xf5492000
core   0: 0x800000b8 (0xb2a88893) addi    a7, a7, -1238
core   0: 3 0x800000b8 (0xb2a88893) x17 0xf5491b2a
core   0: 0x800000bc (0xa4212937) lui     s2, 0xa4212
core   0: 3 0x800000bc (0xa4212937) x18 0xa4212000
core   0: 0x800000c0 (0x25890913) addi    s2, s2, 600
core   0: 3 0x800000c0 (0x25890913) x18 0xa4212258
core   0: 0x800000c4 (0x00000993) li      s3, 0
core   0: 3 0x800000c4 (0x00000993) x19 0x00000000
core   0: 0x800000c8 (0xf7d0aa37) lui     s4, 0xf7d0a
core   0: 3 0x800000c8 (0xf7d0aa37) x20 0xf7d0a000
core   0: 0x800000cc (0x4cfa0a13) addi    s4, s4, 1231
core   0: 3 0x800000cc (0x4cfa0a13) x20 0xf7d0a4cf
core   0: 0x800000d0 (0x80000ab7) lui     s5, 0x80000
core   0: 3 0x800000d0 (0x80000ab7) x21 0x80000000
core   0: 0x800000d4 (0x00f00b13) li      s6, 15
core   0: 3 0x800000d4 (0x00f00b13) x22 0x0000000f
core   0: 0x800000d8 (0x00100b93) li      s7, 1
core   0: 3 0x800000d8 (0x00100b93) x23 0x00000001
core   0: 0x800000dc (0x00000c13) li      s8, 0
core   0: 3 0x800000dc (0x00000c13) x24 0x00000000
core   0: 0x800000e0 (0xfb4cfcb7) lui     s9, 0xfb4cf
core   0: 3 0x800000e0 (0xfb4cfcb7) x25 0xfb4cf000
core   0: 0x800000e4 (0xfd6c8c93) addi    s9, s9, -42
core   0: 3 0x800000e4 (0xfd6c8c93) x25 0xfb4cefd6
core   0: 0x800000e8 (0x00e00d13) li      s10, 14
core   0: 3 0x800000e8 (0x00e00d13) x26 0x0000000e
core   0: 0x800000ec (0x00900d93) li      s11, 9
core   0: 3 0x800000ec (0x00900d93) x27 0x00000009
core   0: 0x800000f0 (0xfec7ee37) lui     t3, 0xfec7e
core   0: 3 0x800000f0 (0xfec7ee37) x28 0xfec7e000
core   0: 0x800000f4 (0xa3de0e13) addi    t3, t3, -1475
core   0: 3 0x800000f4 (0xa3de0e13) x28 0xfec7da3d
core   0: 0x800000f8 (0x88f4deb7) lui     t4, 0x88f4d
core   0: 3 0x800000f8 (0x88f4deb7) x29 0x88f4d000
core   0: 0x800000fc (0x021e8e93) addi    t4, t4, 33
core   0: 3 0x800000fc (0x021e8e93) x29 0x88f4d021
core   0: 0x80000100 (0xf5ea1f37) lui     t5, 0xf5ea1
core   0: 3 0x80000100 (0xf5ea1f37) x30 0xf5ea1000
core   0: 0x80000104 (0x04bf0f13) addi    t5, t5, 75
core   0: 3 0x80000104 (0x04bf0f13) x30 0xf5ea104b
core   0: 0x80000108 (0xf2f41fb7) lui     t6, 0xf2f41
core   0: 3 0x80000108 (0xf2f41fb7) x31 0xf2f41000
core   0: 0x8000010c (0x3e5f8f93) addi    t6, t6, 997
core   0: 3 0x8000010c (0x3e5f8f93) x31 0xf2f413e5
core   0: 0x80000110 (0x00012397) auipc   t2, 0x12
core   0: 3 0x80000110 (0x00012397) x 7 0x80012110
core   0: 0x80000114 (0xd5438393) addi    t2, t2, -684
core   0: 3 0x80000114 (0xd5438393) x 7 0x80011e64
core   0: 0x80000118 (0x80000637) lui     a2, 0x80000
core   0: 3 0x80000118 (0x80000637) x12 0x80000000
core   0: 0x8000011c (0x6127aab7) lui     s5, 0x6127a
core   0: 3 0x8000011c (0x6127aab7) x21 0x6127a000
core   0: 0x80000120 (0xd43a8a93) addi    s5, s5, -701
core   0: 3 0x80000120 (0xd43a8a93) x21 0x61279d43
core   0: 0x80000124 (0x00000c93) li      s9, 0
core   0: 3 0x80000124 (0x00000c93) x25 0x00000000
core   0: 0x80000128 (0x800005b7) lui     a1, 0x80000
core   0: 3 0x80000128 (0x800005b7) x11 0x80000000
core   0: 0x8000012c (0xfff00c13) li      s8, -1
core   0: 3 0x8000012c (0xfff00c13) x24 0xffffffff
core   0: 0x80000130 (0x1bcc27b7) lui     a5, 0x1bcc2
core   0: 3 0x80000130 (0x1bcc27b7) x15 0x1bcc2000
core   0: 0x80000134 (0xd3b78793) addi    a5, a5, -709
core   0: 3 0x80000134 (0xd3b78793) x15 0x1bcc1d3b
core   0: 0x80000138 (0xfff00913) li      s2, -1
core   0: 3 0x80000138 (0xfff00913) x18 0xffffffff
core   0: 0x8000013c (0x800006b7) lui     a3, 0x80000
core   0: 3 0x8000013c (0x800006b7) x13 0x80000000
core   0: 0x80000140 (0x00000f93) li      t6, 0
core   0: 3 0x80000140 (0x00000f93) x31 0x00000000
core   0: 0x80000144 (0x43a619b7) lui     s3, 0x43a61
core   0: 3 0x80000144 (0x43a619b7) x19 0x43a61000
core   0: 0x80000148 (0x5ac98993) addi    s3, s3, 1452
core   0: 3 0x80000148 (0x5ac98993) x19 0x43a615ac
core   0: 0x8000014c (0x6f8e05b7) lui     a1, 0x6f8e0
core   0: 3 0x8000014c (0x6f8e05b7) x11 0x6f8e0000
core   0: 0x80000150 (0x40b58c33) sub     s8, a1, a1
core   0: 3 0x80000150 (0x40b58c33) x24 0x00000000
core   0: 0x80000154 (0x6e760993) addi    s3, a2, 1767
core   0: 3 0x80000154 (0x6e760993) x19 0x800006e7
core   0: 0x80000158 (0x3a82f937) lui     s2, 0x3a82f
core   0: 3 0x80000158 (0x3a82f937) x18 0x3a82f000
core   0: 0x8000015c (0x08078693) addi    a3, a5, 128
core   0: 3 0x8000015c (0x08078693) x13 0x1bcc1dbb
core   0: 0x80000160 (0x20297597) auipc   a1, 0x20297
core   0: 3 0x80000160 (0x20297597) x11 0xa0297160
core   0: 0x80000164 (0x8581afb7) lui     t6, 0x8581a
core   0: 3 0x80000164 (0x8581afb7) x31 0x8581a000
core   0: 0x80000168 (0x00000013) nop
core   0: 3 0x80000168 (0x00000013)
core   0: 0x8000016c (0xcceb4917) auipc   s2, 0xcceb4
core   0: 3 0x8000016c (0xcceb4917) x18 0x4ceb416c
core   0: 0x80000170 (0x01368ab3) add     s5, a3, s3
core   0: 3 0x80000170 (0x01368ab3) x21 0x9bcc24a2
core   0: 0x80000174 (0xbe420597) auipc   a1, 0xbe420
core   0: 3 0x80000174 (0xbe420597) x11 0x3e420174
core   0: 0x80000178 (0x220bea97) auipc   s5, 0x220be
core   0: 3 0x80000178 (0x220bea97) x21 0xa20be178
core   0: 0x8000017c (0xe949e6b7) lui     a3, 0xe949e
core   0: 3 0x8000017c (0xe949e6b7) x13 0xe949e000
core   0: 0x80000180 (0x418a8c33) sub     s8, s5, s8
core   0: 3 0x80000180 (0x418a8c33) x24 0xa20be178
core   0: 0x80000184 (0x763d3f97) auipc   t6, 0x763d3
core   0: 3 0x80000184 (0x763d3f97) x31 0xf63d3184
core   0: 0x80000188 (0x41fc89b3) sub     s3, s9, t6
core   0: 3 0x80000188 (0x41fc89b3) x19 0x09c2ce7c
core   0: 0x8000018c (0xca5dc917) auipc   s2, 0xca5dc
core   0: 3 0x8000018c (0xca5dc917) x18 0x4a5dc18c
core   0: 0x80000190 (0x5a1f8f93) addi    t6, t6, 1441
core   0: 3 0x80000190 (0x5a1f8f93) x31 0xf63d3725
core   0: 0x80000194 (0x00da85b3) add     a1, s5, a3
core   0: 3 0x80000194 (0x00da85b3) x11 0x8b55c178
core   0: 0x80000198 (0x40d78ab3) sub     s5, a5, a3
core   0: 3 0x80000198 (0x40d78ab3) x21 0x32823d3b
core   0: 0x8000019c (0x03a60693) addi    a3, a2, 58
core   0: 3 0x8000019c (0x03a60693) x13 0x8000003a
core   0: 0x800001a0 (0x01298cb3) add     s9, s3, s2
core   0: 3 0x800001a0 (0x01298cb3) x25 0x54209008
core   0: 0x800001a4 (0x00000013) nop
core   0: 3 0x800001a4 (0x00000013)
core   0: 0x800001a8 (0x36582797) auipc   a5, 0x36582
core   0: 3 0x800001a8 (0x36582797) x15 0xb65821a8
core   0: 0x800001ac (0x4bc58793) addi    a5, a1, 1212
core   0: 3 0x800001ac (0x4bc58793) x15 0x8b55c634
core   0: 0x800001b0 (0x6de5da97) auipc   s5, 0x6de5d
core   0: 3 0x800001b0 (0x6de5da97) x21 0xede5d1b0
core   0: 0x800001b4 (0x01898c13) addi    s8, s3, 24
core   0: 3 0x800001b4 (0x01898c13) x24 0x09c2ce94
core   0: 0x800001b8 (0x60d58c93) addi    s9, a1, 1549
core   0: 3 0x800001b8 (0x60d58c93) x25 0x8b55c785
core   0: 0x800001bc (0x800007b7) lui     a5, 0x80000
core   0: 3 0x800001bc (0x800007b7) x15 0x80000000
core   0: 0x800001c0 (0xfff00c13) li      s8, -1
core   0: 3 0x800001c0 (0xfff00c13) x24 0xffffffff
core   0: 0x800001c4 (0xfff00893) li      a7, -1
core   0: 3 0x800001c4 (0xfff00893) x17 0xffffffff
core   0: 0x800001c8 (0x2a29e737) lui     a4, 0x2a29e
core   0: 3 0x800001c8 (0x2a29e737) x14 0x2a29e000
core   0: 0x800001cc (0xbbc70713) addi    a4, a4, -1092
core   0: 3 0x800001cc (0xbbc70713) x14 0x2a29dbbc
core   0: 0x800001d0 (0xfff00593) li      a1, -1
core   0: 3 0x800001d0 (0xfff00593) x11 0xffffffff
core   0: 0x800001d4 (0xfff00993) li      s3, -1
core   0: 3 0x800001d4 (0xfff00993) x19 0xffffffff
core   0: 0x800001d8 (0x80000eb7) lui     t4, 0x80000
core   0: 3 0x800001d8 (0x80000eb7) x29 0x80000000
core   0: 0x800001dc (0x92dc14b7) lui     s1, 0x92dc1
core   0: 3 0x800001dc (0x92dc14b7) x 9 0x92dc1000
core   0: 0x800001e0 (0xf6e48493) addi    s1, s1, -146
core   0: 3 0x800001e0 (0xf6e48493) x 9 0x92dc0f6e
core   0: 0x800001e4 (0x5b3b8237) lui     tp, 0x5b3b8
core   0: 3 0x800001e4 (0x5b3b8237) x 4 0x5b3b8000
core   0: 0x800001e8 (0x32520213) addi    tp, tp, 805
core   0: 3 0x800001e8 (0x32520213) x 4 0x5b3b8325
core   0: 0x800001ec (0xfff00313) li      t1, -1
core   0: 3 0x800001ec (0xfff00313) x 6 0xffffffff
core   0: 0x800001f0 (0x00be8eb3) add     t4, t4, a1
core   0: 3 0x800001f0 (0x00be8eb3) x29 0x7fffffff
core   0: 0x800001f4 (0x00000013) nop
core   0: 3 0x800001f4 (0x00000013)
core   0: 0x800001f8 (0x011e88b3) add     a7, t4, a7
core   0: 3 0x800001f8 (0x011e88b3) x17 0x7ffffffe
core   0: 0x800001fc (0x00000013) nop
core   0: 3 0x800001fc (0x00000013)
core   0: 0x80000200 (0x013488b3) add     a7, s1, s3
core   0: 3 0x80000200 (0x013488b3) x17 0x92dc0f6d
core   0: 0x80000204 (0x7d858493) addi    s1, a1, 2008
core   0: 3 0x80000204 (0x7d858493) x 9 0x000007d7
core   0: 0x80000208 (0x00000013) nop
core   0: 3 0x80000208 (0x00000013)
core   0: 0x8000020c (0xfbcd9217) auipc   tp, 0xfbcd9
core   0: 3 0x8000020c (0xfbcd9217) x 4 0x7bcd920c
core   0: 0x80000210 (0xe7ee8993) addi    s3, t4, -386
core   0: 3 0x80000210 (0xe7ee8993) x19 0x7ffffe7d
core   0: 0x80000214 (0x98b98493) addi    s1, s3, -1653
core   0: 3 0x80000214 (0x98b98493) x 9 0x7ffff808
core   0: 0x80000218 (0x92558c13) addi    s8, a1, -1755
core   0: 3 0x80000218 (0x92558c13) x24 0xfffff924
core   0: 0x8000021c (0x00000013) nop
core   0: 3 0x8000021c (0x00000013)
core   0: 0x80000220 (0x00000013) nop
core   0: 3 0x80000220 (0x00000013)
core   0: 0x80000224 (0x40e58eb3) sub     t4, a1, a4
core   0: 3 0x80000224 (0x40e58eb3) x29 0xd5d62443
core   0: 0x80000228 (0x2ca98313) addi    t1, s3, 714
core   0: 3 0x80000228 (0x2ca98313) x 6 0x80000147
core   0: 0x8000022c (0x011c0233) add     tp, s8, a7
core   0: 3 0x8000022c (0x011c0233) x 4 0x92dc0891
core   0: 0x80000230 (0xb0d8b5b7) lui     a1, 0xb0d8b
core   0: 3 0x80000230 (0xb0d8b5b7) x11 0xb0d8b000
core   0: 0x80000234 (0xbae39db7) lui     s11, 0xbae39
core   0: 3 0x80000234 (0xbae39db7) x27 0xbae39000
core   0: 0x80000238 (0xa4fd8d93) addi    s11, s11, -1457
core   0: 3 0x80000238 (0xa4fd8d93) x27 0xbae38a4f
core   0: 0x8000023c (0xaa8b2d37) lui     s10, 0xaa8b2
core   0: 3 0x8000023c (0xaa8b2d37) x26 0xaa8b2000
core   0: 0x80000240 (0x0a6d0d13) addi    s10, s10, 166
core   0: 3 0x80000240 (0x0a6d0d13) x26 0xaa8b20a6
core   0: 0x80000244 (0x96cba337) lui     t1, 0x96cba
core   0: 3 0x80000244 (0x96cba337) x 6 0x96cba000
core   0: 0x80000248 (0xa8530313) addi    t1, t1, -1403
core   0: 3 0x80000248 (0xa8530313) x 6 0x96cb9a85
core   0: 0x8000024c (0x86e4c437) lui     s0, 0x86e4c
core   0: 3 0x8000024c (0x86e4c437) x 8 0x86e4c000
core   0: 0x80000250 (0x49440413) addi    s0, s0, 1172
core   0: 3 0x80000250 (0x49440413) x 8 0x86e4c494
core   0: 0x80000254 (0x80000937) lui     s2, 0x80000
core   0: 3 0x80000254 (0x80000937) x18 0x80000000
core   0: 0x80000258 (0x00000113) li      sp, 0
core   0: 3 0x80000258 (0x00000113) x 2 0x00000000
core   0: 0x8000025c (0x00000213) li      tp, 0
core   0: 3 0x8000025c (0x00000213) x 4 0x00000000
core   0: 0x80000260 (0xfff00793) li      a5, -1
core   0: 3 0x80000260 (0xfff00793) x15 0xffffffff
core   0: 0x80000264 (0x80000bb7) lui     s7, 0x80000
core   0: 3 0x80000264 (0x80000bb7) x23 0x80000000
core   0: 0x80000268 (0x00000193) li      gp, 0
core   0: 3 0x80000268 (0x00000193) x 3 0x00000000
core   0: 0x8000026c (0x004d81b3) add     gp, s11, tp
core   0: 3 0x8000026c (0x004d81b3) x 3 0xbae38a4f
core   0: 0x80000270 (0x01230933) add     s2, t1, s2
core   0: 3 0x80000270 (0x01230933) x18 0x16cb9a85
core   0: 0x80000274 (0x01278db3) add     s11, a5, s2
core   0: 3 0x80000274 (0x01278db3) x27 0x16cb9a84
core   0: 0x80000278 (0x00000013) nop
core   0: 3 0x80000278 (0x00000013)
core   0: 0x8000027c (0x1670cdb7) lui     s11, 0x1670c
core   0: 3 0x8000027c (0x1670cdb7) x27 0x1670c000
core   0: 0x80000280 (0x00000013) nop
core   0: 3 0x80000280 (0x00000013)
core   0: 0x80000284 (0x408d01b3) sub     gp, s10, s0
core   0: 3 0x80000284 (0x408d01b3) x 3 0x23a65c12
core   0: 0x80000288 (0x00000013) nop
core   0: 3 0x80000288 (0x00000013)
core   0: 0x8000028c (0x406d0333) sub     t1, s10, t1
core   0: 3 0x8000028c (0x406d0333) x 6 0x13bf8621
core   0: 0x80000290 (0x00000013) nop
core   0: 3 0x80000290 (0x00000013)
core   0: 0x80000294 (0xfb7add17) auipc   s10, 0xfb7ad
core   0: 3 0x80000294 (0xfb7add17) x26 0x7b7ad294
core   0: 0x80000298 (0x017b8433) add     s0, s7, s7
core   0: 3 0x80000298 (0x017b8433) x 8 0x00000000
core   0: 0x8000029c (0x00000013) nop
core   0: 3 0x8000029c (0x00000013)
core   0: 0x800002a0 (0x00000013) nop
core   0: 3 0x800002a0 (0x00000013)
core   0: 0x800002a4 (0x58e7cd97) auipc   s11, 0x58e7c
core   0: 3 0x800002a4 (0x58e7cd97) x27 0xd8e7c2a4
core   0: 0x800002a8 (0x4124a437) lui     s0, 0x4124a
core   0: 3 0x800002a8 (0x4124a437) x 8 0x4124a000
core   0: 0x800002ac (0x66d40413) addi    s0, s0, 1645
core   0: 3 0x800002ac (0x66d40413) x 8 0x4124a66d
core   0: 0x800002b0 (0xfff00f13) li      t5, -1
core   0: 3 0x800002b0 (0xfff00f13) x30 0xffffffff
core   0: 0x800002b4 (0xfff00993) li      s3, -1
core   0: 3 0x800002b4 (0xfff00993) x19 0xffffffff
core   0: 0x800002b8 (0x80000d37) lui     s10, 0x80000
core   0: 3 0x800002b8 (0x80000d37) x26 0x80000000
core   0: 0x800002bc (0xfff00f93) li      t6, -1
core   0: 3 0x800002bc (0xfff00f93) x31 0xffffffff
core   0: 0x800002c0 (0xf884b7b7) lui     a5, 0xf884b
core   0: 3 0x800002c0 (0xf884b7b7) x15 0xf884b000
core   0: 0x800002c4 (0x77378793) addi    a5, a5, 1907
core   0: 3 0x800002c4 (0x77378793) x15 0xf884b773
core   0: 0x800002c8 (0x9cae1637) lui     a2, 0x9cae1
core   0: 3 0x800002c8 (0x9cae1637) x12 0x9cae1000
core   0: 0x800002cc (0x99860613) addi    a2, a2, -1640
core   0: 3 0x800002cc (0x99860613) x12 0x9cae0998
core   0: 0x800002d0 (0x2a7c3ab7) lui     s5, 0x2a7c3
core   0: 3 0x800002d0 (0x2a7c3ab7) x21 0x2a7c3000
core   0: 0x800002d4 (0x2ffa8a93) addi    s5, s5, 767
core   0: 3 0x800002d4 (0x2ffa8a93) x21 0x2a7c32ff
core   0: 0x800002d8 (0x00000713) li      a4, 0
core   0: 3 0x800002d8 (0x00000713) x14 0x00000000
core   0: 0x800002dc (0x00000893) li      a7, 0
core   0: 3 0x800002dc (0x00000893) x17 0x00000000
core   0: 0x800002e0 (0x629d0713) addi    a4, s10, 1577
core   0: 3 0x800002e0 (0x629d0713) x14 0x80000629
core   0: 0x800002e4 (0xec660713) addi    a4, a2, -314
core   0: 3 0x800002e4 (0xec660713) x14 0x9cae085e
core   0: 0x800002e8 (0x40888433) sub     s0, a7, s0
core   0: 3 0x800002e8 (0x40888433) x 8 0xbedb5993
core   0: 0x800002ec (0x01a70f33) add     t5, a4, s10
core   0: 3 0x800002ec (0x01a70f33) x30 0x1cae085e
core   0: 0x800002f0 (0x00000013) nop
core   0: 3 0x800002f0 (0x00000013)
core   0: 0x800002f4 (0x9461e637) lui     a2, 0x9461e
core   0: 3 0x800002f4 (0x9461e637) x12 0x9461e000
core   0: 0x800002f8 (0xd3e60993) addi    s3, a2, -706
core   0: 3 0x800002f8 (0xd3e60993) x19 0x9461dd3e
core   0: 0x800002fc (0x7ef83617) auipc   a2, 0x7ef83
core   0: 3 0x800002fc (0x7ef83617) x12 0xfef832fc
core   0: 0x80000300 (0x6f1198b7) lui     a7, 0x6f119
core   0: 3 0x80000300 (0x6f1198b7) x17 0x6f119000
core   0: 0x80000304 (0xbeb4b7b7) lui     a5, 0xbeb4b
core   0: 3 0x80000304 (0xbeb4b7b7) x15 0xbeb4b000
core   0: 0x80000308 (0x9dcf6617) auipc   a2, 0x9dcf6
core   0: 3 0x80000308 (0x9dcf6617) x12 0x1dcf6308
core   0: 0x8000030c (0x00000013) nop
core   0: 3 0x8000030c (0x00000013)
core   0: 0x80000310 (0xfa5e7d17) auipc   s10, 0xfa5e7
core   0: 3 0x80000310 (0xfa5e7d17) x26 0x7a5e7310
core   0: 0x80000314 (0x40e40ab3) sub     s5, s0, a4
core   0: 3 0x80000314 (0x40e40ab3) x21 0x222d5135
core   0: 0x80000318 (0x00fd08b3) add     a7, s10, a5
core   0: 3 0x80000318 (0x00fd08b3) x17 0x39132310
core   0: 0x8000031c (0x00000013) nop
core   0: 3 0x8000031c (0x00000013)
core   0: 0x80000320 (0x00000013) nop
core   0: 3 0x80000320 (0x00000013)
core   0: 0x80000324 (0xfff00c13) li      s8, -1
core   0: 3 0x80000324 (0xfff00c13) x24 0xffffffff
core   0: 0x80000328 (0xfff00f13) li      t5, -1
core   0: 3 0x80000328 (0xfff00f13) x30 0xffffffff
core   0: 0x8000032c (0xc5d210b7) lui     ra, 0xc5d21
core   0: 3 0x8000032c (0xc5d210b7) x 1 0xc5d21000
core   0: 0x80000330 (0xced08093) addi    ra, ra, -787
core   0: 3 0x80000330 (0xced08093) x 1 0xc5d20ced
core   0: 0x80000334 (0xfff00613) li      a2, -1
core   0: 3 0x80000334 (0xfff00613) x12 0xffffffff
core   0: 0x80000338 (0x80000737) lui     a4, 0x80000
core   0: 3 0x80000338 (0x80000737) x14 0x80000000
core   0: 0x8000033c (0x00000c93) li      s9, 0
core   0: 3 0x8000033c (0x00000c93) x25 0x00000000
core   0: 0x80000340 (0xfff00413) li      s0, -1
core   0: 3 0x80000340 (0xfff00413) x 8 0xffffffff
core   0: 0x80000344 (0x800001b7) lui     gp, 0x80000
core   0: 3 0x80000344 (0x800001b7) x 3 0x80000000
core   0: 0x80000348 (0x80000a37) lui     s4, 0x80000
core   0: 3 0x80000348 (0x80000a37) x20 0x80000000
core   0: 0x8000034c (0xe03594b7) lui     s1, 0xe0359
core   0: 3 0x8000034c (0xe03594b7) x 9 0xe0359000
core   0: 0x80000350 (0xe3248493) addi    s1, s1, -462
core   0: 3 0x80000350 (0xe3248493) x 9 0xe0358e32
core   0: 0x80000354 (0x8ac19417) auipc   s0, 0x8ac19
core   0: 3 0x80000354 (0x8ac19417) x 8 0x0ac19354
core   0: 0x80000358 (0x019180b3) add     ra, gp, s9
core   0: 3 0x80000358 (0x019180b3) x 1 0x80000000
core   0: 0x8000035c (0xd70c8093) addi    ra, s9, -656
core   0: 3 0x8000035c (0xd70c8093) x 1 0xfffffd70
core   0: 0x80000360 (0x401f0f33) sub     t5, t5, ra
core   0: 3 0x80000360 (0x401f0f33) x30 0x0000028f
core   0: 0x80000364 (0x00c70633) add     a2, a4, a2
core   0: 3 0x80000364 (0x00c70633) x12 0x7fffffff
core   0: 0x80000368 (0xd6ae8197) auipc   gp, 0xd6ae8
core   0: 3 0x80000368 (0xd6ae8197) x 3 0x56ae8368
core   0: 0x8000036c (0x00000013) nop
core   0: 3 0x8000036c (0x00000013)
core   0: 0x80000370 (0x00000013) nop
core   0: 3 0x80000370 (0x00000013)
core   0: 0x80000374 (0xeeb54a17) auipc   s4, 0xeeb54
core   0: 3 0x80000374 (0xeeb54a17) x20 0x6eb54374
core   0: 0x80000378 (0x00000013) nop
core   0: 3 0x80000378 (0x00000013)
core   0: 0x8000037c (0x267001b7) lui     gp, 0x26700
core   0: 3 0x8000037c (0x267001b7) x 3 0x26700000
core   0: 0x80000380 (0x41960a33) sub     s4, a2, s9
core   0: 3 0x80000380 (0x41960a33) x20 0x7fffffff
core   0: 0x80000384 (0x00e18433) add     s0, gp, a4
core   0: 3 0x80000384 (0x00e18433) x 8 0xa6700000
core   0: 0x80000388 (0x00000013) nop
core   0: 3 0x80000388 (0x00000013)
core   0: 0x8000038c (0x00000013) nop
core   0: 3 0x8000038c (0x00000013)
core   0: 0x80000390 (0x00000013) nop
core   0: 3 0x80000390 (0x00000013)
core   0: 0x80000394 (0x00000013) nop
core   0: 3 0x80000394 (0x00000013)
core   0: 0x80000398 (0xcdfa3a17) auipc   s4, 0xcdfa3
core   0: 3 0x80000398 (0xcdfa3a17) x20 0x4dfa3398
core   0: 0x8000039c (0x40140733) sub     a4, s0, ra
core   0: 3 0x8000039c (0x40140733) x14 0xa6700290
core   0: 0x800003a0 (0x7ed91a17) auipc   s4, 0x7ed91
core   0: 3 0x800003a0 (0x7ed91a17) x20 0xfed913a0
core   0: 0x800003a4 (0x7d810197) auipc   gp, 0x7d810
core   0: 3 0x800003a4 (0x7d810197) x 3 0xfd8103a4
core   0: 0x800003a8 (0x272f0c13) addi    s8, t5, 626
core   0: 3 0x800003a8 (0x272f0c13) x24 0x00000501
core   0: 0x800003ac (0x17b3d197) auipc   gp, 0x17b3d
core   0: 3 0x800003ac (0x17b3d197) x 3 0x97b3d3ac
core   0: 0x800003b0 (0x40360c33) sub     s8, a2, gp
core   0: 3 0x800003b0 (0x40360c33) x24 0xe84c2c53
core   0: 0x800003b4 (0x419184b3) sub     s1, gp, s9
core   0: 3 0x800003b4 (0x419184b3) x 9 0x97b3d3ac
core   0: 0x800003b8 (0x003701b3) add     gp, a4, gp
core   0: 3 0x800003b8 (0x003701b3) x 3 0x3e23d63c
core   0: 0x800003bc (0xcf008f13) addi    t5, ra, -784
core   0: 3 0x800003bc (0xcf008f13) x30 0xfffffa60
core   0: 0x800003c0 (0x80000437) lui     s0, 0x80000
core   0: 3 0x800003c0 (0x80000437) x 8 0x80000000
core   0: 0x800003c4 (0xfff00d93) li      s11, -1
core   0: 3 0x800003c4 (0xfff00d93) x27 0xffffffff
core   0: 0x800003c8 (0x00000213) li      tp, 0
core   0: 3 0x800003c8 (0x00000213) x 4 0x00000000
core   0: 0x800003cc (0x80000cb7) lui     s9, 0x80000
core   0: 3 0x800003cc (0x80000cb7) x25 0x80000000
core   0: 0x800003d0 (0x00000593) li      a1, 0
core   0: 3 0x800003d0 (0x00000593) x11 0x00000000
core   0: 0x800003d4 (0xfff00d13) li      s10, -1
core   0: 3 0x800003d4 (0xfff00d13) x26 0xffffffff
core   0: 0x800003d8 (0xfff00313) li      t1, -1
core   0: 3 0x800003d8 (0xfff00313) x 6 0xffffffff
core   0: 0x800003dc (0xfff00893) li      a7, -1
core   0: 3 0x800003dc (0xfff00893) x17 0xffffffff
core   0: 0x800003e0 (0x3de199b7) lui     s3, 0x3de19
core   0: 3 0x800003e0 (0x3de199b7) x19 0x3de19000
core   0: 0x800003e4 (0x31398993) addi    s3, s3, 787
core   0: 3 0x800003e4 (0x31398993) x19 0x3de19313
core   0: 0x800003e8 (0xfff00f13) li      t5, -1
core   0: 3 0x800003e8 (0xfff00f13) x30 0xffffffff
core   0: 0x800003ec (0x4a0a1d37) lui     s10, 0x4a0a1
core   0: 3 0x800003ec (0x4a0a1d37) x26 0x4a0a1000
core   0: 0x800003f0 (0xd7df0313) addi    t1, t5, -643
core   0: 3 0x800003f0 (0xd7df0313) x 6 0xfffffd7c
core   0: 0x800003f4 (0xa6848317) auipc   t1, 0xa6848
core   0: 3 0x800003f4 (0xa6848317) x 6 0x268483f4
core   0: 0x800003f8 (0x17a20213) addi    tp, tp, 378
core   0: 3 0x800003f8 (0x17a20213) x 4 0x0000017a
core   0: 0x800003fc (0x5ce36317) auipc   t1, 0x5ce36
core   0: 3 0x800003fc (0x5ce36317) x 6 0xdce363fc
core   0: 0x80000400 (0x40498db3) sub     s11, s3, tp
core   0: 3 0x80000400 (0x40498db3) x27 0x3de19199
core   0: 0x80000404 (0xd28f0213) addi    tp, t5, -728
core   0: 3 0x80000404 (0xd28f0213) x 4 0xfffffd27
core   0: 0x80000408 (0x00000013) nop
core   0: 3 0x80000408 (0x00000013)
core   0: 0x8000040c (0x00000013) nop
core   0: 3 0x8000040c (0x00000013)
core   0: 0x80000410 (0x41a30433) sub     s0, t1, s10
core   0: 3 0x80000410 (0x41a30433) x 8 0x92d953fc
core   0: 0x80000414 (0x64e30413) addi    s0, t1, 1614
core   0: 3 0x80000414 (0x64e30413) x 8 0xdce36a4a
core   0: 0x80000418 (0x4541a317) auipc   t1, 0x4541a
core   0: 3 0x80000418 (0x4541a317) x 6 0xc541a418
core   0: 0x8000041c (0xba9a2c97) auipc   s9, 0xba9a2
core   0: 3 0x8000041c (0xba9a2c97) x25 0x3a9a241c
core   0: 0x80000420 (0xf5c7a217) auipc   tp, 0xf5c7a
core   0: 3 0x80000420 (0xf5c7a217) x 4 0x75c7a420
core   0: 0x80000424 (0xf6d0d5b7) lui     a1, 0xf6d0d
core   0: 3 0x80000424 (0xf6d0d5b7) x11 0xf6d0d000
core   0: 0x80000428 (0x00000013) nop
core   0: 3 0x80000428 (0x00000013)
core   0: 0x8000042c (0x73fbd8b7) lui     a7, 0x73fbd
core   0: 3 0x8000042c (0x73fbd8b7) x17 0x73fbd000
core   0: 0x80000430 (0x00000013) nop
core   0: 3 0x80000430 (0x00000013)
core   0: 0x80000434 (0x00000013) nop
core   0: 3 0x80000434 (0x00000013)
core   0: 0x80000438 (0x1a774997) auipc   s3, 0x1a774
core   0: 3 0x80000438 (0x1a774997) x19 0x9a774438
core   0: 0x8000043c (0x00000013) nop
core   0: 3 0x8000043c (0x00000013)
core   0: 0x80000440 (0x00000013) nop
core   0: 3 0x80000440 (0x00000013)
core   0: 0x80000444 (0x00000013) nop
core   0: 3 0x80000444 (0x00000013)
core   0: 0x80000448 (0x01158cb3) add     s9, a1, a7
core   0: 3 0x80000448 (0x01158cb3) x25 0x6acca000
core   0: 0x8000044c (0x23320c93) addi    s9, tp, 563
core   0: 3 0x8000044c (0x23320c93) x25 0x75c7a653
core   0: 0x80000450 (0x0c2d8f37) lui     t5, 0xc2d8
core   0: 3 0x80000450 (0x0c2d8f37) x30 0x0c2d8000
core   0: 0x80000454 (0x00000013) nop
core   0: 3 0x80000454 (0x00000013)
core   0: 0x80000458 (0x40820d33) sub     s10, tp, s0
core   0: 3 0x80000458 (0x40820d33) x26 0x98e439d6
core   0: 0x8000045c (0x77e21f37) lui     t5, 0x77e21
core   0: 3 0x8000045c (0x77e21f37) x30 0x77e21000
core   0: 0x80000460 (0x00000013) nop
core   0: 3 0x80000460 (0x00000013)
core   0: 0x80000464 (0x6f5f0b37) lui     s6, 0x6f5f0
core   0: 3 0x80000464 (0x6f5f0b37) x22 0x6f5f0000
core   0: 0x80000468 (0xd3db0b13) addi    s6, s6, -707
core   0: 3 0x80000468 (0xd3db0b13) x22 0x6f5efd3d
core   0: 0x8000046c (0x9f079937) lui     s2, 0x9f079
core   0: 3 0x8000046c (0x9f079937) x18 0x9f079000
core   0: 0x80000470 (0x9e490913) addi    s2, s2, -1564
core   0: 3 0x80000470 (0x9e490913) x18 0x9f0789e4
core   0: 0x80000474 (0xde953f37) lui     t5, 0xde953
core   0: 3 0x80000474 (0xde953f37) x30 0xde953000
core   0: 0x80000478 (0xb25f0f13) addi    t5, t5, -1243
core   0: 3 0x80000478 (0xb25f0f13) x30 0xde952b25
core   0: 0x8000047c (0x00000c13) li      s8, 0
core   0: 3 0x8000047c (0x00000c13) x24 0x00000000
core   0: 0x80000480 (0xe9a70437) lui     s0, 0xe9a70
core   0: 3 0x80000480 (0xe9a70437) x 8 0xe9a70000
core   0: 0x80000484 (0xd4740413) addi    s0, s0, -697
core   0: 3 0x80000484 (0xd4740413) x 8 0xe9a6fd47
core   0: 0x80000488 (0x00000a93) li      s5, 0
core   0: 3 0x80000488 (0x00000a93) x21 0x00000000
core   0: 0x8000048c (0xfff00a13) li      s4, -1
core   0: 3 0x8000048c (0xfff00a13) x20 0xffffffff
core   0: 0x80000490 (0x00000693) li      a3, 0
core   0: 3 0x80000490 (0x00000693) x13 0x00000000
core   0: 0x80000494 (0x800001b7) lui     gp, 0x80000
core   0: 3 0x80000494 (0x800001b7) x 3 0x80000000
core   0: 0x80000498 (0x4bee5737) lui     a4, 0x4bee5
core   0: 3 0x80000498 (0x4bee5737) x14 0x4bee5000
core   0: 0x8000049c (0x92870713) addi    a4, a4, -1752
core   0: 3 0x8000049c (0x92870713) x14 0x4bee4928
core   0: 0x800004a0 (0x9a8bfb37) lui     s6, 0x9a8bf
core   0: 3 0x800004a0 (0x9a8bfb37) x22 0x9a8bf000
core   0: 0x800004a4 (0xc133a917) auipc   s2, 0xc133a
core   0: 3 0x800004a4 (0xc133a917) x18 0x4133a4a4
core   0: 0x800004a8 (0xdada0a93) addi    s5, s4, -595
core   0: 3 0x800004a8 (0xdada0a93) x21 0xfffffdac
core   0: 0x800004ac (0x01e681b3) add     gp, a3, t5
core   0: 3 0x800004ac (0x01e681b3) x 3 0xde952b25
core   0: 0x800004b0 (0xeb192c17) auipc   s8, 0xeb192
core   0: 3 0x800004b0 (0xeb192c17) x24 0x6b1924b0
core   0: 0x800004b4 (0x416f0733) sub     a4, t5, s6
core   0: 3 0x800004b4 (0x416f0733) x14 0x44093b25
core   0: 0x800004b8 (0x71990a93) addi    s5, s2, 1817
core   0: 3 0x800004b8 (0x71990a93) x21 0x4133abbd
core   0: 0x800004bc (0x41868c33) sub     s8, a3, s8
core   0: 3 0x800004bc (0x41868c33) x24 0x94e6db50
core   0: 0x800004c0 (0x07adb437) lui     s0, 0x7adb
core   0: 3 0x800004c0 (0x07adb437) x 8 0x07adb000
core   0: 0x800004c4 (0x32aa3c37) lui     s8, 0x32aa3
core   0: 3 0x800004c4 (0x32aa3c37) x24 0x32aa3000
core   0: 0x800004c8 (0x0dd00b37) lui     s6, 0xdd00
core   0: 3 0x800004c8 (0x0dd00b37) x22 0x0dd00000
core   0: 0x800004cc (0x39d12ab7) lui     s5, 0x39d12
core   0: 3 0x800004cc (0x39d12ab7) x21 0x39d12000
core   0: 0x800004d0 (0xe3417197) auipc   gp, 0xe3417
core   0: 3 0x800004d0 (0xe3417197) x 3 0x634174d0
core   0: 0x800004d4 (0xc0f70193) addi    gp, a4, -1009
core   0: 3 0x800004d4 (0xc0f70193) x 3 0x44093734
core   0: 0x800004d8 (0x13a03737) lui     a4, 0x13a03
core   0: 3 0x800004d8 (0x13a03737) x14 0x13a03000
core   0: 0x800004dc (0x8fced917) auipc   s2, 0x8fced
core   0: 3 0x800004dc (0x8fced917) x18 0x0fced4dc
core   0: 0x800004e0 (0x00000013) nop
core   0: 3 0x800004e0 (0x00000013)
core   0: 0x800004e4 (0x408681b3) sub     gp, a3, s0
core   0: 3 0x800004e4 (0x408681b3) x 3 0xf8525000
core   0: 0x800004e8 (0x3eb40f13) addi    t5, s0, 1003
core   0: 3 0x800004e8 (0x3eb40f13) x30 0x07adb3eb
core   0: 0x800004ec (0x470ca737) lui     a4, 0x470ca
core   0: 3 0x800004ec (0x470ca737) x14 0x470ca000
core   0: 0x800004f0 (0x00000013) nop
core   0: 3 0x800004f0 (0x00000013)
core   0: 0x800004f4 (0x649e91b7) lui     gp, 0x649e9
core   0: 3 0x800004f4 (0x649e91b7) x 3 0x649e9000
core   0: 0x800004f8 (0x2f5f1c37) lui     s8, 0x2f5f1
core   0: 3 0x800004f8 (0x2f5f1c37) x24 0x2f5f1000
core   0: 0x800004fc (0x403c01b3) sub     gp, s8, gp
core   0: 3 0x800004fc (0x403c01b3) x 3 0xcac08000
core   0: 0x80000500 (0x80000b37) lui     s6, 0x80000
core   0: 3 0x80000500 (0x80000b37) x22 0x80000000
core   0: 0x80000504 (0x800009b7) lui     s3, 0x80000
core   0: 3 0x80000504 (0x800009b7) x19 0x80000000
core   0: 0x80000508 (0x00000d13) li      s10, 0
core   0: 3 0x80000508 (0x00000d13) x26 0x00000000
core   0: 0x8000050c (0x8ac04db7) lui     s11, 0x8ac04
core   0: 3 0x8000050c (0x8ac04db7) x27 0x8ac04000
core   0: 0x80000510 (0xf9dd8d93) addi    s11, s11, -99
core   0: 3 0x80000510 (0xf9dd8d93) x27 0x8ac03f9d
core   0: 0x80000514 (0xeb171c37) lui     s8, 0xeb171
core   0: 3 0x80000514 (0xeb171c37) x24 0xeb171000
core   0: 0x80000518 (0xd93c0c13) addi    s8, s8, -621
core   0: 3 0x80000518 (0xd93c0c13) x24 0xeb170d93
core   0: 0x8000051c (0x800000b7) lui     ra, 0x80000
core   0: 3 0x8000051c (0x800000b7) x 1 0x80000000
core   0: 0x80000520 (0xfff00493) li      s1, -1
core   0: 3 0x80000520 (0xfff00493) x 9 0xffffffff
core   0: 0x80000524 (0x800007b7) lui     a5, 0x80000
core   0: 3 0x80000524 (0x800007b7) x15 0x80000000
core   0: 0x80000528 (0x80000937) lui     s2, 0x80000
core   0: 3 0x80000528 (0x80000937) x18 0x80000000
core   0: 0x8000052c (0xe61ec337) lui     t1, 0xe61ec
core   0: 3 0x8000052c (0xe61ec337) x 6 0xe61ec000
core   0: 0x80000530 (0xebf30313) addi    t1, t1, -321
core   0: 3 0x80000530 (0xebf30313) x 6 0xe61ebebf
core   0: 0x80000534 (0x00190333) add     t1, s2, ra
core   0: 3 0x80000534 (0x00190333) x 6 0x00000000
core   0: 0x80000538 (0x3f76b0b7) lui     ra, 0x3f76b
core   0: 3 0x80000538 (0x3f76b0b7) x 1 0x3f76b000
core   0: 0x8000053c (0x006080b3) add     ra, ra, t1
core   0: 3 0x8000053c (0x006080b3) x 1 0x3f76b000
core   0: 0x80000540 (0x41390333) sub     t1, s2, s3
core   0: 3 0x80000540 (0x41390333) x 6 0x00000000
core   0: 0x80000544 (0xa8c5bc37) lui     s8, 0xa8c5b
core   0: 3 0x80000544 (0xa8c5bc37) x24 0xa8c5b000
core   0: 0x80000548 (0x157f8b37) lui     s6, 0x157f8
core   0: 3 0x80000548 (0x157f8b37) x22 0x157f8000
core   0: 0x8000054c (0x97c85937) lui     s2, 0x97c85
core   0: 3 0x8000054c (0x97c85937) x18 0x97c85000
core   0: 0x80000550 (0x012d84b3) add     s1, s11, s2
core   0: 3 0x80000550 (0x012d84b3) x 9 0x22888f9d
core   0: 0x80000554 (0x00000013) nop
core   0: 3 0x80000554 (0x00000013)
core   0: 0x80000558 (0xdad98b13) addi    s6, s3, -595
core   0: 3 0x80000558 (0xdad98b13) x22 0x7ffffdad
core   0: 0x8000055c (0x409d8c33) sub     s8, s11, s1
core   0: 3 0x8000055c (0x409d8c33) x24 0x6837b000
core   0: 0x80000560 (0xeb535497) auipc   s1, 0xeb535
core   0: 3 0x80000560 (0xeb535497) x 9 0x6b535560
core   0: 0x80000564 (0xaf16b097) auipc   ra, 0xaf16b
core   0: 3 0x80000564 (0xaf16b097) x 1 0x2f16b564
core   0: 0x80000568 (0x9d7c0c13) addi    s8, s8, -1577
core   0: 3 0x80000568 (0x9d7c0c13) x24 0x6837a9d7
core   0: 0x8000056c (0x001c0b33) add     s6, s8, ra
core   0: 3 0x8000056c (0x001c0b33) x22 0x974e5f3b
core   0: 0x80000570 (0x416c0333) sub     t1, s8, s6
core   0: 3 0x80000570 (0x416c0333) x 6 0xd0e94a9c
core   0: 0x80000574 (0x87a400b7) lui     ra, 0x87a40
core   0: 3 0x80000574 (0x87a400b7) x 1 0x87a40000
core   0: 0x80000578 (0x01ab0333) add     t1, s6, s10
core   0: 3 0x80000578 (0x01ab0333) x 6 0x974e5f3b
core   0: 0x8000057c (0xd0fe97b7) lui     a5, 0xd0fe9
core   0: 3 0x8000057c (0xd0fe97b7) x15 0xd0fe9000
core   0: 0x80000580 (0x57e78793) addi    a5, a5, 1406
core   0: 3 0x80000580 (0x57e78793) x15 0xd0fe957e
core   0: 0x80000584 (0x80000537) lui     a0, 0x80000
core   0: 3 0x80000584 (0x80000537) x10 0x80000000
core   0: 0x80000588 (0xfff00913) li      s2, -1
core   0: 3 0x80000588 (0xfff00913) x18 0xffffffff
core   0: 0x8000058c (0xfff00d93) li      s11, -1
core   0: 3 0x8000058c (0xfff00d93) x27 0xffffffff
core   0: 0x80000590 (0xf2b0ac37) lui     s8, 0xf2b0a
core   0: 3 0x80000590 (0xf2b0ac37) x24 0xf2b0a000
core   0: 0x80000594 (0xffec0c13) addi    s8, s8, -2
core   0: 3 0x80000594 (0xffec0c13) x24 0xf2b09ffe
core   0: 0x80000598 (0x80000bb7) lui     s7, 0x80000
core   0: 3 0x80000598 (0x80000bb7) x23 0x80000000
core   0: 0x8000059c (0x00000413) li      s0, 0
core   0: 3 0x8000059c (0x00000413) x 8 0x00000000
core   0: 0x800005a0 (0x800009b7) lui     s3, 0x80000
core   0: 3 0x800005a0 (0x800009b7) x19 0x80000000
core   0: 0x800005a4 (0xfff00713) li      a4, -1
core   0: 3 0x800005a4 (0xfff00713) x14 0xffffffff
core   0: 0x800005a8 (0x80000ab7) lui     s5, 0x80000
core   0: 3 0x800005a8 (0x80000ab7) x21 0x80000000
core   0: 0x800005ac (0x7fbf2d97) auipc   s11, 0x7fbf2
core   0: 3 0x800005ac (0x7fbf2d97) x27 0xffbf25ac
core   0: 0x800005b0 (0x40840bb3) sub     s7, s0, s0
core   0: 3 0x800005b0 (0x40840bb3) x23 0x00000000
core   0: 0x800005b4 (0xf9498913) addi    s2, s3, -108
core   0: 3 0x800005b4 (0xf9498913) x18 0x7fffff94
core   0: 0x800005b8 (0x00000013) nop
core   0: 3 0x800005b8 (0x00000013)
core   0: 0x800005bc (0xef5bdab7) lui     s5, 0xef5bd
core   0: 3 0x800005bc (0xef5bdab7) x21 0xef5bd000
core   0: 0x800005c0 (0xed770713) addi    a4, a4, -297
core   0: 3 0x800005c0 (0xed770713) x14 0xfffffed6
core   0: 0x800005c4 (0x00000013) nop
core   0: 3 0x800005c4 (0x00000013)
core   0: 0x800005c8 (0x00000013) nop
core   0: 3 0x800005c8 (0x00000013)
core   0: 0x800005cc (0x00f70db3) add     s11, a4, a5
core   0: 3 0x800005cc (0x00f70db3) x27 0xd0fe9454
core   0: 0x800005d0 (0x964b1d97) auipc   s11, 0x964b1
core   0: 3 0x800005d0 (0x964b1d97) x27 0x164b15d0
core   0: 0x800005d4 (0x01540933) add     s2, s0, s5
core   0: 3 0x800005d4 (0x01540933) x18 0xef5bd000
core   0: 0x800005d8 (0x00870c33) add     s8, a4, s0
core   0: 3 0x800005d8 (0x00870c33) x24 0xfffffed6
core   0: 0x800005dc (0x00000013) nop
core   0: 3 0x800005dc (0x00000013)
core   0: 0x800005e0 (0x017409b3) add     s3, s0, s7
core   0: 3 0x800005e0 (0x017409b3) x19 0x00000000
core   0: 0x800005e4 (0x40870933) sub     s2, a4, s0
core   0: 3 0x800005e4 (0x40870933) x18 0xfffffed6
core   0: 0x800005e8 (0x00000013) nop
core   0: 3 0x800005e8 (0x00000013)
core   0: 0x800005ec (0x80bd8a93) addi    s5, s11, -2037
core   0: 3 0x800005ec (0x80bd8a93) x21 0x164b0ddb
core   0: 0x800005f0 (0x564cfdb7) lui     s11, 0x564cf
core   0: 3 0x800005f0 (0x564cfdb7) x27 0x564cf000
core   0: 0x800005f4 (0xaf719937) lui     s2, 0xaf719
core   0: 3 0x800005f4 (0xaf719937) x18 0xaf719000
core   0: 0x800005f8 (0x015909b3) add     s3, s2, s5
core   0: 3 0x800005f8 (0x015909b3) x19 0xc5bc9ddb
core   0: 0x800005fc (0x00fd8db3) add     s11, s11, a5
core   0: 3 0x800005fc (0x00fd8db3) x27 0x274b857e
core   0: 0x80000600 (0x00000013) nop
core   0: 3 0x80000600 (0x00000013)
core   0: 0x80000604 (0x800006b7) lui     a3, 0x80000
core   0: 3 0x80000604 (0x800006b7) x13 0x80000000
core   0: 0x80000608 (0x800000b7) lui     ra, 0x80000
core   0: 3 0x80000608 (0x800000b7) x 1 0x80000000
core   0: 0x8000060c (0xfff00313) li      t1, -1
core   0: 3 0x8000060c (0xfff00313) x 6 0xffffffff
core   0: 0x80000610 (0x80000537) lui     a0, 0x80000
core   0: 3 0x80000610 (0x80000537) x10 0x80000000
core   0: 0x80000614 (0x00000913) li      s2, 0
core   0: 3 0x80000614 (0x00000913) x18 0x00000000
core   0: 0x80000618 (0x1aae1c37) lui     s8, 0x1aae1
core   0: 3 0x80000618 (0x1aae1c37) x24 0x1aae1000
core   0: 0x8000061c (0x1c4c0c13) addi    s8, s8, 452
core   0: 3 0x8000061c (0x1c4c0c13) x24 0x1aae11c4
core   0: 0x80000620 (0x8a3edeb7) lui     t4, 0x8a3ed
core   0: 3 0x80000620 (0x8a3edeb7) x29 0x8a3ed000
core   0: 0x80000624 (0x289e8e93) addi    t4, t4, 649
core   0: 3 0x80000624 (0x289e8e93) x29 0x8a3ed289
core   0: 0x80000628 (0x8115f137) lui     sp, 0x8115f
core   0: 3 0x80000628 (0x8115f137) x 2 0x8115f000
core   0: 0x8000062c (0x8f510113) addi    sp, sp, -1803
core   0: 3 0x8000062c (0x8f510113) x 2 0x8115e8f5
core   0: 0x80000630 (0x800008b7) lui     a7, 0x80000
core   0: 3 0x80000630 (0x800008b7) x17 0x80000000
core   0: 0x80000634 (0x4bc5fb37) lui     s6, 0x4bc5f
core   0: 3 0x80000634 (0x4bc5fb37) x22 0x4bc5f000
core   0: 0x80000638 (0xbfab0b13) addi    s6, s6, -1030
core   0: 3 0x80000638 (0xbfab0b13) x22 0x4bc5ebfa
core   0: 0x8000063c (0x603b1537) lui     a0, 0x603b1
core   0: 3 0x8000063c (0x603b1537) x10 0x603b1000
core   0: 0x80000640 (0x00000013) nop
core   0: 3 0x80000640 (0x00000013)
core   0: 0x80000644 (0x00000013) nop
core   0: 3 0x80000644 (0x00000013)
core   0: 0x80000648 (0x265ab537) lui     a0, 0x265ab
core   0: 3 0x80000648 (0x265ab537) x10 0x265ab000
core   0: 0x8000064c (0x41610eb3) sub     t4, sp, s6
core   0: 3 0x8000064c (0x41610eb3) x29 0x354ffcfb
core   0: 0x80000650 (0xfb1850b7) lui     ra, 0xfb185
core   0: 3 0x80000650 (0xfb1850b7) x 1 0xfb185000
core   0: 0x80000654 (0x1c517697) auipc   a3, 0x1c517
core   0: 3 0x80000654 (0x1c517697) x13 0x9c517654
core   0: 0x80000658 (0x7a4a1eb7) lui     t4, 0x7a4a1
core   0: 3 0x80000658 (0x7a4a1eb7) x29 0x7a4a1000
core   0: 0x8000065c (0x8ca93097) auipc   ra, 0x8ca93
core   0: 3 0x8000065c (0x8ca93097) x 1 0x0ca9365c
core   0: 0x80000660 (0x00000013) nop
core   0: 3 0x80000660 (0x00000013)
core   0: 0x80000664 (0x41688c33) sub     s8, a7, s6
core   0: 3 0x80000664 (0x41688c33) x24 0x343a1406
core   0: 0x80000668 (0xdac21c17) auipc   s8, 0xdac21
core   0: 3 0x80000668 (0xdac21c17) x24 0x5ac21668
core   0: 0x8000066c (0x182e8313) addi    t1, t4, 386
core   0: 3 0x8000066c (0x182e8313) x 6 0x7a4a1182
core   0: 0x80000670 (0x5c65c937) lui     s2, 0x5c65c
core   0: 3 0x80000670 (0x5c65c937) x18 0x5c65c000
core   0: 0x80000674 (0x7f9b4e97) auipc   t4, 0x7f9b4
core   0: 3 0x80000674 (0x7f9b4e97) x29 0xff9b4674
core   0: 0x80000678 (0xccc4dc37) lui     s8, 0xccc4d
core   0: 3 0x80000678 (0xccc4dc37) x24 0xccc4d000
core   0: 0x8000067c (0x96fd5097) auipc   ra, 0x96fd5
core   0: 3 0x8000067c (0x96fd5097) x 1 0x16fd567c
core   0: 0x80000680 (0xd4e84f37) lui     t5, 0xd4e84
core   0: 3 0x80000680 (0xd4e84f37) x30 0xd4e84000
core   0: 0x80000684 (0xe5af0f13) addi    t5, t5, -422
core   0: 3 0x80000684 (0xe5af0f13) x30 0xd4e83e5a
core   0: 0x80000688 (0x80000d37) lui     s10, 0x80000
core   0: 3 0x80000688 (0x80000d37) x26 0x80000000
core   0: 0x8000068c (0x80000cb7) lui     s9, 0x80000
core   0: 3 0x8000068c (0x80000cb7) x25 0x80000000
core   0: 0x80000690 (0x74b57337) lui     t1, 0x74b57
core   0: 3 0x80000690 (0x74b57337) x 6 0x74b57000
core   0: 0x80000694 (0xbcc30313) addi    t1, t1, -1076
core   0: 3 0x80000694 (0xbcc30313) x 6 0x74b56bcc
core   0: 0x80000698 (0x80000237) lui     tp, 0x80000
core   0: 3 0x80000698 (0x80000237) x 4 0x80000000
core   0: 0x8000069c (0x800000b7) lui     ra, 0x80000
core   0: 3 0x8000069c (0x800000b7) x 1 0x80000000
core   0: 0x800006a0 (0x7e3e81b7) lui     gp, 0x7e3e8
core   0: 3 0x800006a0 (0x7e3e81b7) x 3 0x7e3e8000
core   0: 0x800006a4 (0xd6f18193) addi    gp, gp, -657
core   0: 3 0x800006a4 (0xd6f18193) x 3 0x7e3e7d6f
core   0: 0x800006a8 (0x80000137) lui     sp, 0x80000
core   0: 3 0x800006a8 (0x80000137) x 2 0x80000000
core   0: 0x800006ac (0xf4d7ddb7) lui     s11, 0xf4d7d
core   0: 3 0x800006ac (0xf4d7ddb7) x27 0xf4d7d000
core   0: 0x800006b0 (0x586d8d93) addi    s11, s11, 1414
core   0: 3 0x800006b0 (0x586d8d93) x27 0xf4d7d586
core   0: 0x800006b4 (0x14602637) lui     a2, 0x14602
core   0: 3 0x800006b4 (0x14602637) x12 0x14602000
core   0: 0x800006b8 (0x10260613) addi    a2, a2, 258
core   0: 3 0x800006b8 (0x10260613) x12 0x14602102
core   0: 0x800006bc (0x019600b3) add     ra, a2, s9
core   0: 3 0x800006bc (0x019600b3) x 1 0x94602102
core   0: 0x800006c0 (0x00000013) nop
core   0: 3 0x800006c0 (0x00000013)
core   0: 0x800006c4 (0x8d9f9db7) lui     s11, 0x8d9f9
core   0: 3 0x800006c4 (0x8d9f9db7) x27 0x8d9f9000
core   0: 0x800006c8 (0x006f0f33) add     t5, t5, t1
core   0: 3 0x800006c8 (0x006f0f33) x30 0x499daa26
core   0: 0x800006cc (0x01ad0cb3) add     s9, s10, s10
core   0: 3 0x800006cc (0x01ad0cb3) x25 0x00000000
core   0: 0x800006d0 (0x00660633) add     a2, a2, t1
core   0: 3 0x800006d0 (0x00660633) x12 0x89158cce
core   0: 0x800006d4 (0x00000013) nop
core   0: 3 0x800006d4 (0x00000013)
core   0: 0x800006d8 (0x00000013) nop
core   0: 3 0x800006d8 (0x00000013)
core   0: 0x800006dc (0x00c60db3) add     s11, a2, a2
core   0: 3 0x800006dc (0x00c60db3) x27 0x122b199c
core   0: 0x800006e0 (0x6b7c8637) lui     a2, 0x6b7c8
core   0: 3 0x800006e0 (0x6b7c8637) x12 0x6b7c8000
core   0: 0x800006e4 (0xa8191317) auipc   t1, 0xa8191
core   0: 3 0x800006e4 (0xa8191317) x 6 0x281916e4
core   0: 0x800006e8 (0x00410f33) add     t5, sp, tp
core   0: 3 0x800006e8 (0x00410f33) x30 0x00000000
core   0: 0x800006ec (0xe74f2637) lui     a2, 0xe74f2
core   0: 3 0x800006ec (0xe74f2637) x12 0xe74f2000
core   0: 0x800006f0 (0x00000013) nop
core   0: 3 0x800006f0 (0x00000013)
core   0: 0x800006f4 (0x403c80b3) sub     ra, s9, gp
core   0: 3 0x800006f4 (0x403c80b3) x 1 0x81c18291
core   0: 0x800006f8 (0x702c4317) auipc   t1, 0x702c4
core   0: 3 0x800006f8 (0x702c4317) x 6 0xf02c46f8
core   0: 0x800006fc (0xfff00e13) li      t3, -1
core   0: 3 0x800006fc (0xfff00e13) x28 0xffffffff
core   0: 0x80000700 (0x1fd57fb7) lui     t6, 0x1fd57
core   0: 3 0x80000700 (0x1fd57fb7) x31 0x1fd57000
core   0: 0x80000704 (0x3dbf8f93) addi    t6, t6, 987
core   0: 3 0x80000704 (0x3dbf8f93) x31 0x1fd573db
core   0: 0x80000708 (0x6e826bb7) lui     s7, 0x6e826
core   0: 3 0x80000708 (0x6e826bb7) x23 0x6e826000
core   0: 0x8000070c (0x168b8b93) addi    s7, s7, 360
core   0: 3 0x8000070c (0x168b8b93) x23 0x6e826168
core   0: 0x80000710 (0x17e0d537) lui     a0, 0x17e0d
core   0: 3 0x80000710 (0x17e0d537) x10 0x17e0d000
core   0: 0x80000714 (0x1e150513) addi    a0, a0, 481
core   0: 3 0x80000714 (0x1e150513) x10 0x17e0d1e1
core   0: 0x80000718 (0xaf993237) lui     tp, 0xaf993
core   0: 3 0x80000718 (0xaf993237) x 4 0xaf993000
core   0: 0x8000071c (0x4ae20213) addi    tp, tp, 1198
core   0: 3 0x8000071c (0x4ae20213) x 4 0xaf9934ae
core   0: 0x80000720 (0x80000937) lui     s2, 0x80000
core   0: 3 0x80000720 (0x80000937) x18 0x80000000
core   0: 0x80000724 (0x80000ab7) lui     s5, 0x80000
core   0: 3 0x80000724 (0x80000ab7) x21 0x80000000
core   0: 0x80000728 (0xf02847b7) lui     a5, 0xf0284
core   0: 3 0x80000728 (0xf02847b7) x15 0xf0284000
core   0: 0x8000072c (0x82f78793) addi    a5, a5, -2001
core   0: 3 0x8000072c (0x82f78793) x15 0xf028382f
core   0: 0x80000730 (0x800005b7) lui     a1, 0x80000
core   0: 3 0x80000730 (0x800005b7) x11 0x80000000
core   0: 0x80000734 (0x0e527d37) lui     s10, 0xe527
core   0: 3 0x80000734 (0x0e527d37) x26 0x0e527000
core   0: 0x80000738 (0x266d0d13) addi    s10, s10, 614
core   0: 3 0x80000738 (0x266d0d13) x26 0x0e527266
core   0: 0x8000073c (0x00000013) nop
core   0: 3 0x8000073c (0x00000013)
core   0: 0x80000740 (0x01c785b3) add     a1, a5, t3
core   0: 3 0x80000740 (0x01c785b3) x11 0xf028382e
core   0: 0x80000744 (0x01220233) add     tp, tp, s2
core   0: 3 0x80000744 (0x01220233) x 4 0x2f9934ae
core   0: 0x80000748 (0x015785b3) add     a1, a5, s5
core   0: 3 0x80000748 (0x015785b3) x11 0x7028382f
core   0: 0x8000074c (0x00000013) nop
core   0: 3 0x8000074c (0x00000013)
core   0: 0x80000750 (0x00000013) nop
core   0: 3 0x80000750 (0x00000013)
core   0: 0x80000754 (0x41750233) sub     tp, a0, s7
core   0: 3 0x80000754 (0x41750233) x 4 0xa95e7079
core   0: 0x80000758 (0xdd8a8a93) addi    s5, s5, -552
core   0: 3 0x80000758 (0xdd8a8a93) x21 0x7ffffdd8
core   0: 0x8000075c (0x012d0e33) add     t3, s10, s2
core   0: 3 0x8000075c (0x012d0e33) x28 0x8e527266
core   0: 0x80000760 (0x00000013) nop
core   0: 3 0x80000760 (0x00000013)
core   0: 0x80000764 (0x00be0933) add     s2, t3, a1
core   0: 3 0x80000764 (0x00be0933) x18 0xfe7aaa95
core   0: 0x80000768 (0x40aa8933) sub     s2, s5, a0
core   0: 3 0x80000768 (0x40aa8933) x18 0x681f2bf7
core   0: 0x8000076c (0x00b20ab3) add     s5, tp, a1
core   0: 3 0x8000076c (0x00b20ab3) x21 0x1986a8a8
core   0: 0x80000770 (0xb60a8213) addi    tp, s5, -1184
core   0: 3 0x80000770 (0xb60a8213) x 4 0x1986a408
core   0: 0x80000774 (0x1e78a217) auipc   tp, 0x1e78a
core   0: 3 0x80000774 (0x1e78a217) x 4 0x9e78a774
core   0: 0x80000778 (0x00478233) add     tp, a5, tp
core   0: 3 0x80000778 (0x00478233) x 4 0x8ea0dfa3
core   0: 0x8000077c (0x00be0933) add     s2, t3, a1
core   0: 3 0x8000077c (0x00be0933) x18 0xfe7aaa95
core   0: 0x80000780 (0x203f9937) lui     s2, 0x203f9
core   0: 3 0x80000780 (0x203f9937) x18 0x203f9000
core   0: 0x80000784 (0x412a8ab3) sub     s5, s5, s2
core   0: 3 0x80000784 (0x412a8ab3) x21 0xf94718a8
core   0: 0x80000788 (0x40b90e33) sub     t3, s2, a1
core   0: 3 0x80000788 (0x40b90e33) x28 0xb01757d1
core   0: 0x8000078c (0x62790513) addi    a0, s2, 1575
core   0: 3 0x8000078c (0x62790513) x10 0x203f9627
core   0: 0x80000790 (0xd2558a93) addi    s5, a1, -731
core   0: 3 0x80000790 (0xd2558a93) x21 0x70283554
core   0: 0x80000794 (0x01f58933) add     s2, a1, t6
core   0: 3 0x80000794 (0x01f58933) x18 0x8ffdac0a
core   0: 0x80000798 (0x41cd0fb3) sub     t6, s10, t3
core   0: 3 0x80000798 (0x41cd0fb3) x31 0x5e3b1a95
core   0: 0x8000079c (0x00000013) nop
core   0: 3 0x8000079c (0x00000013)
core   0: 0x800007a0 (0x00000013) nop
core   0: 3 0x800007a0 (0x00000013)
core   0: 0x800007a4 (0x346ad797) auipc   a5, 0x346ad
core   0: 3 0x800007a4 (0x346ad797) x15 0xb46ad7a4
core   0: 0x800007a8 (0x7cdd8797) auipc   a5, 0x7cdd8
core   0: 3 0x800007a8 (0x7cdd8797) x15 0xfcdd87a8
core   0: 0x800007ac (0xfff00d93) li      s11, -1
core   0: 3 0x800007ac (0xfff00d93) x27 0xffffffff
core   0: 0x800007b0 (0x00000413) li      s0, 0
core   0: 3 0x800007b0 (0x00000413) x 8 0x00000000
core   0: 0x800007b4 (0x0ca36237) lui     tp, 0xca36
core   0: 3 0x800007b4 (0x0ca36237) x 4 0x0ca36000
core   0: 0x800007b8 (0x66f20213) addi    tp, tp, 1647
core   0: 3 0x800007b8 (0x66f20213) x 4 0x0ca3666f
core   0: 0x800007bc (0x00000593) li      a1, 0
core   0: 3 0x800007bc (0x00000593) x11 0x00000000
core   0: 0x800007c0 (0x800004b7) lui     s1, 0x80000
core   0: 3 0x800007c0 (0x800004b7) x 9 0x80000000
core   0: 0x800007c4 (0xb18ba1b7) lui     gp, 0xb18ba
core   0: 3 0x800007c4 (0xb18ba1b7) x 3 0xb18ba000
core   0: 0x800007c8 (0x2e318193) addi    gp, gp, 739
core   0: 3 0x800007c8 (0x2e318193) x 3 0xb18ba2e3
core   0: 0x800007cc (0xfff00b93) li      s7, -1
core   0: 3 0x800007cc (0xfff00b93) x23 0xffffffff
core   0: 0x800007d0 (0xfff00a13) li      s4, -1
core   0: 3 0x800007d0 (0xfff00a13) x20 0xffffffff
core   0: 0x800007d4 (0x80000d37) lui     s10, 0x80000
core   0: 3 0x800007d4 (0x80000d37) x26 0x80000000
core   0: 0x800007d8 (0xd73d4137) lui     sp, 0xd73d4
core   0: 3 0x800007d8 (0xd73d4137) x 2 0xd73d4000
core   0: 0x800007dc (0x35610113) addi    sp, sp, 854
core   0: 3 0x800007dc (0x35610113) x 2 0xd73d4356
core   0: 0x800007e0 (0xa9b14237) lui     tp, 0xa9b14
core   0: 3 0x800007e0 (0xa9b14237) x 4 0xa9b14000
core   0: 0x800007e4 (0x402b8433) sub     s0, s7, sp
core   0: 3 0x800007e4 (0x402b8433) x 8 0x28c2bca9
core   0: 0x800007e8 (0x3fadbbb7) lui     s7, 0x3fadb
core   0: 3 0x800007e8 (0x3fadbbb7) x23 0x3fadb000
core   0: 0x800007ec (0x00000013) nop
core   0: 3 0x800007ec (0x00000013)
core   0: 0x800007f0 (0x5d2a0113) addi    sp, s4, 1490
core   0: 3 0x800007f0 (0x5d2a0113) x 2 0x000005d1
core   0: 0x800007f4 (0x40ba0433) sub     s0, s4, a1
core   0: 3 0x800007f4 (0x40ba0433) x 8 0xffffffff
core   0: 0x800007f8 (0x408d85b3) sub     a1, s11, s0
core   0: 3 0x800007f8 (0x408d85b3) x11 0x00000000
core   0: 0x800007fc (0x38e74a37) lui     s4, 0x38e74
core   0: 3 0x800007fc (0x38e74a37) x20 0x38e74000
core   0: 0x80000800 (0x60da0d13) addi    s10, s4, 1549
core   0: 3 0x80000800 (0x60da0d13) x26 0x38e7460d
core   0: 0x80000804 (0x00000013) nop
core   0: 3 0x80000804 (0x00000013)
core   0: 0x80000808 (0x620cda37) lui     s4, 0x620cd
core   0: 3 0x80000808 (0x620cda37) x20 0x620cd000
core   0: 0x8000080c (0x414b8433) sub     s0, s7, s4
core   0: 3 0x8000080c (0x414b8433) x 8 0xdda0e000
core   0: 0x80000810 (0x72ee0437) lui     s0, 0x72ee0
core   0: 3 0x80000810 (0x72ee0437) x 8 0x72ee0000
core   0: 0x80000814 (0x008b84b3) add     s1, s7, s0
core   0: 3 0x80000814 (0x008b84b3) x 9 0xb29bb000
core   0: 0x80000818 (0x40858433) sub     s0, a1, s0
core   0: 3 0x80000818 (0x40858433) x 8 0x8d120000
core   0: 0x8000081c (0x00000013) nop
core   0: 3 0x8000081c (0x00000013)
core   0: 0x80000820 (0x2fc5bd17) auipc   s10, 0x2fc5b
core   0: 3 0x80000820 (0x2fc5bd17) x26 0xafc5b820
core   0: 0x80000824 (0x40948a33) sub     s4, s1, s1
core   0: 3 0x80000824 (0x40948a33) x20 0x00000000
core   0: 0x80000828 (0x5fd13137) lui     sp, 0x5fd13
core   0: 3 0x80000828 (0x5fd13137) x 2 0x5fd13000
core   0: 0x8000082c (0x41b40d33) sub     s10, s0, s11
core   0: 3 0x8000082c (0x41b40d33) x26 0x8d120001
core   0: 0x80000830 (0x00000013) nop
core   0: 3 0x80000830 (0x00000013)
core   0: 0x80000834 (0x41ba0bb3) sub     s7, s4, s11
core   0: 3 0x80000834 (0x41ba0bb3) x23 0x00000001
core   0: 0x80000838 (0x41ab8433) sub     s0, s7, s10
core   0: 3 0x80000838 (0x41ab8433) x 8 0x72ee0000
core   0: 0x8000083c (0x1e320593) addi    a1, tp, 483
core   0: 3 0x8000083c (0x1e320593) x11 0xa9b141e3
core   0: 0x80000840 (0x00000013) nop
core   0: 3 0x80000840 (0x00000013)
core   0: 0x80000844 (0x24e12a17) auipc   s4, 0x24e12
core   0: 3 0x80000844 (0x24e12a17) x20 0xa4e12844
core   0: 0x80000848 (0x01710a33) add     s4, sp, s7
core   0: 3 0x80000848 (0x01710a33) x20 0x5fd13001
core   0: 0x8000084c (0x279155b7) lui     a1, 0x27915
core   0: 3 0x8000084c (0x279155b7) x11 0x27915000
core   0: 0x80000850 (0x80000937) lui     s2, 0x80000
core   0: 3 0x80000850 (0x80000937) x18 0x80000000
core   0: 0x80000854 (0x00000c13) li      s8, 0
core   0: 3 0x80000854 (0x00000c13) x24 0x00000000
core   0: 0x80000858 (0xfff00713) li      a4, -1
core   0: 3 0x80000858 (0xfff00713) x14 0xffffffff
core   0: 0x8000085c (0x80000137) lui     sp, 0x80000
core   0: 3 0x8000085c (0x80000137) x 2 0x80000000
core   0: 0x80000860 (0xfff00593) li      a1, -1
core   0: 3 0x80000860 (0xfff00593) x11 0xffffffff
core   0: 0x80000864 (0x18f518b7) lui     a7, 0x18f51
core   0: 3 0x80000864 (0x18f518b7) x17 0x18f51000
core   0: 0x80000868 (0x6a188893) addi    a7, a7, 1697
core   0: 3 0x80000868 (0x6a188893) x17 0x18f516a1
core   0: 0x8000086c (0x00000a13) li      s4, 0
core   0: 3 0x8000086c (0x00000a13) x20 0x00000000
core   0: 0x80000870 (0x00000e13) li      t3, 0
core   0: 3 0x80000870 (0x00000e13) x28 0x00000000
core   0: 0x80000874 (0xfff00493) li      s1, -1
core   0: 3 0x80000874 (0xfff00493) x 9 0xffffffff
core   0: 0x80000878 (0x8c75ecb7) lui     s9, 0x8c75e
core   0: 3 0x80000878 (0x8c75ecb7) x25 0x8c75e000
core   0: 0x8000087c (0x378c8c93) addi    s9, s9, 888
core   0: 3 0x8000087c (0x378c8c93) x25 0x8c75e378
core   0: 0x80000880 (0x00000013) nop
core   0: 3 0x80000880 (0x00000013)
core   0: 0x80000884 (0x163a5717) auipc   a4, 0x163a5
core   0: 3 0x80000884 (0x163a5717) x14 0x963a5884
core   0: 0x80000888 (0x01910e33) add     t3, sp, s9
core   0: 3 0x80000888 (0x01910e33) x28 0x0c75e378
core   0: 0x8000088c (0x8cb728b7) lui     a7, 0x8cb72
core   0: 3 0x8000088c (0x8cb728b7) x17 0x8cb72000
core   0: 0x80000890 (0xe1a7ce17) auipc   t3, 0xe1a7c
core   0: 3 0x80000890 (0xe1a7ce17) x28 0x61a7c890
core   0: 0x80000894 (0xf72c6cb7) lui     s9, 0xf72c6
core   0: 3 0x80000894 (0xf72c6cb7) x25 0xf72c6000
core   0: 0x80000898 (0xc58aa5b7) lui     a1, 0xc58aa
core   0: 3 0x80000898 (0xc58aa5b7) x11 0xc58aa000
core   0: 0x8000089c (0xe71af117) auipc   sp, 0xe71af
core   0: 3 0x8000089c (0xe71af117) x 2 0x671af89c
core   0: 0x800008a0 (0x00000013) nop
core   0: 3 0x800008a0 (0x00000013)
core   0: 0x800008a4 (0x6d08e137) lui     sp, 0x6d08e
core   0: 3 0x800008a4 (0x6d08e137) x 2 0x6d08e000
core   0: 0x800008a8 (0x40ba0c33) sub     s8, s4, a1
core   0: 3 0x800008a8 (0x40ba0c33) x24 0x3a756000
core   0: 0x800008ac (0xdc6bc137) lui     sp, 0xdc6bc
core   0: 3 0x800008ac (0xdc6bc137) x 2 0xdc6bc000
core   0: 0x800008b0 (0x3b088593) addi    a1, a7, 944
core   0: 3 0x800008b0 (0x3b088593) x11 0x8cb723b0
core   0: 0x800008b4 (0x3c11ae37) lui     t3, 0x3c11a
core   0: 3 0x800008b4 (0x3c11ae37) x28 0x3c11a000
core   0: 0x800008b8 (0x87cdc897) auipc   a7, 0x87cdc
core   0: 3 0x800008b8 (0x87cdc897) x17 0x07cdc8b8
core   0: 0x800008bc (0xcaae6a37) lui     s4, 0xcaae6
core   0: 3 0x800008bc (0xcaae6a37) x20 0xcaae6000
core   0: 0x800008c0 (0x009a08b3) add     a7, s4, s1
core   0: 3 0x800008c0 (0x009a08b3) x17 0xcaae5fff
core   0: 0x800008c4 (0x00000013) nop
core   0: 3 0x800008c4 (0x00000013)
core   0: 0x800008c8 (0x002e8737) lui     a4, 0x2e8
core   0: 3 0x800008c8 (0x002e8737) x14 0x002e8000
core   0: 0x800008cc (0x00000013) nop
core   0: 3 0x800008cc (0x00000013)
core   0: 0x800008d0 (0x66e18e37) lui     t3, 0x66e18
core   0: 3 0x800008d0 (0x66e18e37) x28 0x66e18000
core   0: 0x800008d4 (0x40e705b3) sub     a1, a4, a4
core   0: 3 0x800008d4 (0x40e705b3) x11 0x00000000
core   0: 0x800008d8 (0x418584b3) sub     s1, a1, s8
core   0: 3 0x800008d8 (0x418584b3) x 9 0xc58aa000
core   0: 0x800008dc (0x002e0c33) add     s8, t3, sp
core   0: 3 0x800008dc (0x002e0c33) x24 0x434d4000
core   0: 0x800008e0 (0x41990133) sub     sp, s2, s9
core   0: 3 0x800008e0 (0x41990133) x 2 0x88d3a000
core   0: 0x800008e4 (0x01988733) add     a4, a7, s9
core   0: 3 0x800008e4 (0x01988733) x14 0xc1dabfff
core   0: 0x800008e8 (0x33d48713) addi    a4, s1, 829
core   0: 3 0x800008e8 (0x33d48713) x14 0xc58aa33d
core   0: 0x800008ec (0x39ba0493) addi    s1, s4, 923
core   0: 3 0x800008ec (0x39ba0493) x 9 0xcaae639b
core   0: 0x800008f0 (0xfff00193) li      gp, -1
core   0: 3 0x800008f0 (0xfff00193) x 3 0xffffffff
core   0: 0x800008f4 (0x00000a93) li      s5, 0
core   0: 3 0x800008f4 (0x00000a93) x21 0x00000000
core   0: 0x800008f8 (0xb62b5d37) lui     s10, 0xb62b5
core   0: 3 0x800008f8 (0xb62b5d37) x26 0xb62b5000
core   0: 0x800008fc (0x113d0d13) addi    s10, s10, 275
core   0: 3 0x800008fc (0x113d0d13) x26 0xb62b5113
core   0: 0x80000900 (0x00000f93) li      t6, 0
core   0: 3 0x80000900 (0x00000f93) x31 0x00000000
core   0: 0x80000904 (0xfff00413) li      s0, -1
core   0: 3 0x80000904 (0xfff00413) x 8 0xffffffff
core   0: 0x80000908 (0x9a7b4f37) lui     t5, 0x9a7b4
core   0: 3 0x80000908 (0x9a7b4f37) x30 0x9a7b4000
core   0: 0x8000090c (0xa5df0f13) addi    t5, t5, -1443
core   0: 3 0x8000090c (0xa5df0f13) x30 0x9a7b3a5d
core   0: 0x80000910 (0x80000537) lui     a0, 0x80000
core   0: 3 0x80000910 (0x80000537) x10 0x80000000
core   0: 0x80000914 (0xfff00b13) li      s6, -1
core   0: 3 0x80000914 (0xfff00b13) x22 0xffffffff
core   0: 0x80000918 (0x80000c37) lui     s8, 0x80000
core   0: 3 0x80000918 (0x80000c37) x24 0x80000000
core   0: 0x8000091c (0x0e184a37) lui     s4, 0xe184
core   0: 3 0x8000091c (0x0e184a37) x20 0x0e184000
core   0: 0x80000920 (0x1cfa0a13) addi    s4, s4, 463
core   0: 3 0x80000920 (0x1cfa0a13) x20 0x0e1841cf
core   0: 0x80000924 (0x00000013) nop
core   0: 3 0x80000924 (0x00000013)
core   0: 0x80000928 (0x016a0433) add     s0, s4, s6
core   0: 3 0x80000928 (0x016a0433) x 8 0x0e1841ce
core   0: 0x8000092c (0x40ab01b3) sub     gp, s6, a0
core   0: 3 0x8000092c (0x40ab01b3) x 3 0x7fffffff
core   0: 0x80000930 (0x00000013) nop
core   0: 3 0x80000930 (0x00000013)
core   0: 0x80000934 (0x4daa5c17) auipc   s8, 0x4daa5
core   0: 3 0x80000934 (0x4daa5c17) x24 0xcdaa5934
core   0: 0x80000938 (0x00000013) nop
core   0: 3 0x80000938 (0x00000013)
core   0: 0x8000093c (0x2cd0da97) auipc   s5, 0x2cd0d
core   0: 3 0x8000093c (0x2cd0da97) x21 0xacd0d93c
core   0: 0x80000940 (0x292ffa37) lui     s4, 0x292ff
core   0: 3 0x80000940 (0x292ffa37) x20 0x292ff000
core   0: 0x80000944 (0x00000013) nop
core   0: 3 0x80000944 (0x00000013)
core   0: 0x80000948 (0x19611ab7) lui     s5, 0x19611
core   0: 3 0x80000948 (0x19611ab7) x21 0x19611000
core   0: 0x8000094c (0x00000013) nop
core   0: 3 0x8000094c (0x00000013)
core   0: 0x80000950 (0x00350f33) add     t5, a0, gp
core   0: 3 0x80000950 (0x00350f33) x30 0xffffffff
core   0: 0x80000954 (0xb8c18d13) addi    s10, gp, -1140
core   0: 3 0x80000954 (0xb8c18d13) x26 0x7ffffb8b
core   0: 0x80000958 (0xb8ce6ab7) lui     s5, 0xb8ce6
core   0: 3 0x80000958 (0xb8ce6ab7) x21 0xb8ce6000
core   0: 0x8000095c (0xa9818513) addi    a0, gp, -1384
core   0: 3 0x8000095c (0xa9818513) x10 0x7ffffa97
core   0: 0x80000960 (0x00000013) nop
core   0: 3 0x80000960 (0x00000013)
core   0: 0x80000964 (0x06721b37) lui     s6, 0x6721
core   0: 3 0x80000964 (0x06721b37) x22 0x06721000
core   0: 0x80000968 (0x014181b3) add     gp, gp, s4
core   0: 3 0x80000968 (0x014181b3) x 3 0xa92fefff
core   0: 0x8000096c (0x66f1b537) lui     a0, 0x66f1b
core   0: 3 0x8000096c (0x66f1b537) x10 0x66f1b000
core   0: 0x80000970 (0x01fa81b3) add     gp, s5, t6
core   0: 3 0x80000970 (0x01fa81b3) x 3 0xb8ce6000
core   0: 0x80000974 (0x332bc517) auipc   a0, 0x332bc
core   0: 3 0x80000974 (0x332bc517) x10 0xb32bc974
core   0: 0x80000978 (0x008b0533) add     a0, s6, s0
core   0: 3 0x80000978 (0x008b0533) x10 0x148a51ce
core   0: 0x8000097c (0x14941537) lui     a0, 0x14941
core   0: 3 0x8000097c (0x14941537) x10 0x14941000
core   0: 0x80000980 (0x00000013) nop
core   0: 3 0x80000980 (0x00000013)
core   0: 0x80000984 (0x01e50433) add     s0, a0, t5
core   0: 3 0x80000984 (0x01e50433) x 8 0x14940fff
core   0: 0x80000988 (0x00000013) nop
core   0: 3 0x80000988 (0x00000013)
core   0: 0x8000098c (0x00000f93) li      t6, 0
core   0: 3 0x8000098c (0x00000f93) x31 0x00000000
core   0: 0x80000990 (0x800000b7) lui     ra, 0x80000
core   0: 3 0x80000990 (0x800000b7) x 1 0x80000000
core   0: 0x80000994 (0xfff00513) li      a0, -1
core   0: 3 0x80000994 (0xfff00513) x10 0xffffffff
core   0: 0x80000998 (0xfff00b93) li      s7, -1
core   0: 3 0x80000998 (0xfff00b93) x23 0xffffffff
core   0: 0x8000099c (0x800004b7) lui     s1, 0x80000
core   0: 3 0x8000099c (0x800004b7) x 9 0x80000000
core   0: 0x800009a0 (0xa2788ab7) lui     s5, 0xa2788
core   0: 3 0x800009a0 (0xa2788ab7) x21 0xa2788000
core   0: 0x800009a4 (0x6d7a8a93) addi    s5, s5, 1751
core   0: 3 0x800009a4 (0x6d7a8a93) x21 0xa27886d7
core   0: 0x800009a8 (0x00000613) li      a2, 0
core   0: 3 0x800009a8 (0x00000613) x12 0x00000000
core   0: 0x800009ac (0x00000993) li      s3, 0
core   0: 3 0x800009ac (0x00000993) x19 0x00000000
core   0: 0x800009b0 (0xcfc1f1b7) lui     gp, 0xcfc1f
core   0: 3 0x800009b0 (0xcfc1f1b7) x 3 0xcfc1f000
core   0: 0x800009b4 (0x32818193) addi    gp, gp, 808
core   0: 3 0x800009b4 (0x32818193) x 3 0xcfc1f328
core   0: 0x800009b8 (0xfff00213) li      tp, -1
core   0: 3 0x800009b8 (0xfff00213) x 4 0xffffffff
core   0: 0x800009bc (0x30720613) addi    a2, tp, 775
core   0: 3 0x800009bc (0x30720613) x12 0x00000306
core   0: 0x800009c0 (0x2ef79517) auipc   a0, 0x2ef79
core   0: 3 0x800009c0 (0x2ef79517) x10 0xaef799c0
core   0: 0x800009c4 (0x40908233) sub     tp, ra, s1
core   0: 3 0x800009c4 (0x40908233) x 4 0x00000000
core   0: 0x800009c8 (0xcc140a97) auipc   s5, 0xcc140
core   0: 3 0x800009c8 (0xcc140a97) x21 0x4c1409c8
core   0: 0x800009cc (0x403f80b3) sub     ra, t6, gp
core   0: 3 0x800009cc (0x403f80b3) x 1 0x303e0cd8
core   0: 0x800009d0 (0x49a50613) addi    a2, a0, 1178
core   0: 3 0x800009d0 (0x49a50613) x12 0xaef79e5a
core   0: 0x800009d4 (0x00000013) nop
core   0: 3 0x800009d4 (0x00000013)
core   0: 0x800009d8 (0x015f84b3) add     s1, t6, s5
core   0: 3 0x800009d8 (0x015f84b3) x 9 0x4c1409c8
core   0: 0x800009dc (0x41720233) sub     tp, tp, s7
core   0: 3 0x800009dc (0x41720233) x 4 0x00000001
core   0: 0x800009e0 (0x0a6a8993) addi    s3, s5, 166
core   0: 3 0x800009e0 (0x0a6a8993) x19 0x4c140a6e
core   0: 0x800009e4 (0x00000013) nop
core   0: 3 0x800009e4 (0x00000013)
core   0: 0x800009e8 (0x00360533) add     a0, a2, gp
core   0: 3 0x800009e8 (0x00360533) x10 0x7eb99182
core   0: 0x800009ec (0x01f18fb3) add     t6, gp, t6
core   0: 3 0x800009ec (0x01f18fb3) x31 0xcfc1f328
core   0: 0x800009f0 (0xf0e08b93) addi    s7, ra, -242
core   0: 3 0x800009f0 (0xf0e08b93) x23 0x303e0be6
core   0: 0x800009f4 (0x01750533) add     a0, a0, s7
core   0: 3 0x800009f4 (0x01750533) x10 0xaef79d68
core   0: 0x800009f8 (0x27b1af97) auipc   t6, 0x27b1a
core   0: 3 0x800009f8 (0x27b1af97) x31 0xa7b1a9f8
core   0: 0x800009fc (0x40c08ab3) sub     s5, ra, a2
core   0: 3 0x800009fc (0x40c08ab3) x21 0x81466e7e
core   0: 0x80000a00 (0x00000013) nop
core   0: 3 0x80000a00 (0x00000013)
core   0: 0x80000a04 (0x41f98533) sub     a0, s3, t6
core   0: 3 0x80000a04 (0x41f98533) x10 0xa4626076
core   0: 0x80000a08 (0xfff00093) li      ra, -1
core   0: 3 0x80000a08 (0xfff00093) x 1 0xffffffff
core   0: 0x80000a0c (0x00000d93) li      s11, 0
core   0: 3 0x80000a0c (0x00000d93) x27 0x00000000
core   0: 0x80000a10 (0xfff00893) li      a7, -1
core   0: 3 0x80000a10 (0xfff00893) x17 0xffffffff
core   0: 0x80000a14 (0x3a056137) lui     sp, 0x3a056
core   0: 3 0x80000a14 (0x3a056137) x 2 0x3a056000
core   0: 0x80000a18 (0xd3d10113) addi    sp, sp, -707
core   0: 3 0x80000a18 (0xd3d10113) x 2 0x3a055d3d
core   0: 0x80000a1c (0x80000a37) lui     s4, 0x80000
core   0: 3 0x80000a1c (0x80000a37) x20 0x80000000
core   0: 0x80000a20 (0xfff00613) li      a2, -1
core   0: 3 0x80000a20 (0xfff00613) x12 0xffffffff
core   0: 0x80000a24 (0x8764e737) lui     a4, 0x8764e
core   0: 3 0x80000a24 (0x8764e737) x14 0x8764e000
core   0: 0x80000a28 (0x9f270713) addi    a4, a4, -1550
core   0: 3 0x80000a28 (0x9f270713) x14 0x8764d9f2
core   0: 0x80000a2c (0xfff00e93) li      t4, -1
core   0: 3 0x80000a2c (0xfff00e93) x29 0xffffffff
core   0: 0x80000a30 (0x00000b93) li      s7, 0
core   0: 3 0x80000a30 (0x00000b93) x23 0x00000000
core   0: 0x80000a34 (0x800006b7) lui     a3, 0x80000
core   0: 3 0x80000a34 (0x800006b7) x13 0x80000000
core   0: 0x80000a38 (0xf97d2b97) auipc   s7, 0xf97d2
core   0: 3 0x80000a38 (0xf97d2b97) x23 0x797d2a38
core   0: 0x80000a3c (0xa0f1beb7) lui     t4, 0xa0f1b
core   0: 3 0x80000a3c (0xa0f1beb7) x29 0xa0f1b000
core   0: 0x80000a40 (0x00da0bb3) add     s7, s4, a3
core   0: 3 0x80000a40 (0x00da0bb3) x23 0x00000000
core   0: 0x80000a44 (0x00c606b3) add     a3, a2, a2
core   0: 3 0x80000a44 (0x00c606b3) x13 0xfffffffe
core   0: 0x80000a48 (0x417106b3) sub     a3, sp, s7
core   0: 3 0x80000a48 (0x417106b3) x13 0x3a055d3d
core   0: 0x80000a4c (0xea6d8d93) addi    s11, s11, -346
core   0: 3 0x80000a4c (0xea6d8d93) x27 0xfffffea6
core   0: 0x80000a50 (0x39a08b93) addi    s7, ra, 922
core   0: 3 0x80000a50 (0x39a08b93) x23 0x00000399
core   0: 0x80000a54 (0x01b086b3) add     a3, ra, s11
core   0: 3 0x80000a54 (0x01b086b3) x13 0xfffffea5
core   0: 0x80000a58 (0x66614d97) auipc   s11, 0x66614
core   0: 3 0x80000a58 (0x66614d97) x27 0xe6614a58
core   0: 0x80000a5c (0xa6f10893) addi    a7, sp, -1425
core   0: 3 0x80000a5c (0xa6f10893) x17 0x3a0557ac
core   0: 0x80000a60 (0xbc52dbb7) lui     s7, 0xbc52d
core   0: 3 0x80000a60 (0xbc52dbb7) x23 0xbc52d000
core   0: 0x80000a64 (0x41770133) sub     sp, a4, s7
core   0: 3 0x80000a64 (0x41770133) x 2 0xcb1209f2
core   0: 0x80000a68 (0xbb4d6737) lui     a4, 0xbb4d6
core   0: 3 0x80000a68 (0xbb4d6737) x14 0xbb4d6000
core   0: 0x80000a6c (0x93058e97) auipc   t4, 0x93058
core   0: 3 0x80000a6c (0x93058e97) x29 0x13058a6c
core   0: 0x80000a70 (0x40ea0733) sub     a4, s4, a4
core   0: 3 0x80000a70 (0x40ea0733) x14 0xc4b2a000
core   0: 0x80000a74 (0x79369897) auipc   a7, 0x79369
core   0: 3 0x80000a74 (0x79369897) x17 0xf9369a74
core   0: 0x80000a78 (0xd9070113) addi    sp, a4, -624
core   0: 3 0x80000a78 (0xd9070113) x 2 0xc4b29d90
core   0: 0x80000a7c (0x3cd48bb7) lui     s7, 0x3cd48
core   0: 3 0x80000a7c (0x3cd48bb7) x23 0x3cd48000
core   0: 0x80000a80 (0x002a08b3) add     a7, s4, sp
core   0: 3 0x80000a80 (0x002a08b3) x17 0x44b29d90
core   0: 0x80000a84 (0x01168a33) add     s4, a3, a7
core   0: 3 0x80000a84 (0x01168a33) x20 0x44b29c35
core   0: 0x80000a88 (0x40e886b3) sub     a3, a7, a4
core   0: 3 0x80000a88 (0x40e886b3) x13 0x7ffffd90
core   0: 0x80000a8c (0x26fd8e93) addi    t4, s11, 623
core   0: 3 0x80000a8c (0x26fd8e93) x29 0xe6614cc7
core   0: 0x80000a90 (0x00c70133) add     sp, a4, a2
core   0: 3 0x80000a90 (0x00c70133) x 2 0xc4b29fff
core   0: 0x80000a94 (0x698bc6b7) lui     a3, 0x698bc
core   0: 3 0x80000a94 (0x698bc6b7) x13 0x698bc000
core   0: 0x80000a98 (0x00000513) li      a0, 0
core   0: 3 0x80000a98 (0x00000513) x10 0x00000000
core   0: 0x80000a9c (0x888abbb7) lui     s7, 0x888ab
core   0: 3 0x80000a9c (0x888abbb7) x23 0x888ab000
core   0: 0x80000aa0 (0xce6b8b93) addi    s7, s7, -794
core   0: 3 0x80000aa0 (0xce6b8b93) x23 0x888aace6
core   0: 0x80000aa4 (0xfff00113) li      sp, -1
core   0: 3 0x80000aa4 (0xfff00113) x 2 0xffffffff
core   0: 0x80000aa8 (0x00000593) li      a1, 0
core   0: 3 0x80000aa8 (0x00000593) x11 0x00000000
core   0: 0x80000aac (0x800000b7) lui     ra, 0x80000
core   0: 3 0x80000aac (0x800000b7) x 1 0x80000000
core   0: 0x80000ab0 (0x00000993) li      s3, 0
core   0: 3 0x80000ab0 (0x00000993) x19 0x00000000
core   0: 0x80000ab4 (0x00000193) li      gp, 0
core   0: 3 0x80000ab4 (0x00000193) x 3 0x00000000
core   0: 0x80000ab8 (0x00000493) li      s1, 0
core   0: 3 0x80000ab8 (0x00000493) x 9 0x00000000
core   0: 0x80000abc (0xfff00613) li      a2, -1
core   0: 3 0x80000abc (0xfff00613) x12 0xffffffff
core   0: 0x80000ac0 (0xde493ab7) lui     s5, 0xde493
core   0: 3 0x80000ac0 (0xde493ab7) x21 0xde493000
core   0: 0x80000ac4 (0x004a8a93) addi    s5, s5, 4
core   0: 3 0x80000ac4 (0x004a8a93) x21 0xde493004
core   0: 0x80000ac8 (0x58f16a97) auipc   s5, 0x58f16
core   0: 3 0x80000ac8 (0x58f16a97) x21 0xd8f16ac8
core   0: 0x80000acc (0x00ab8bb3) add     s7, s7, a0
core   0: 3 0x80000acc (0x00ab8bb3) x23 0x888aace6
core   0: 0x80000ad0 (0x00000013) nop
core   0: 3 0x80000ad0 (0x00000013)
core   0: 0x80000ad4 (0x99902597) auipc   a1, 0x99902
core   0: 3 0x80000ad4 (0x99902597) x11 0x19902ad4
core   0: 0x80000ad8 (0x4f62a137) lui     sp, 0x4f62a
core   0: 3 0x80000ad8 (0x4f62a137) x 2 0x4f62a000
core   0: 0x80000adc (0xe9847617) auipc   a2, 0xe9847
core   0: 3 0x80000adc (0xe9847617) x12 0x69847adc
core   0: 0x80000ae0 (0xbf8559b7) lui     s3, 0xbf855
core   0: 3 0x80000ae0 (0xbf8559b7) x19 0xbf855000
core   0: 0x80000ae4 (0x27d57ab7) lui     s5, 0x27d57
core   0: 3 0x80000ae4 (0x27d57ab7) x21 0x27d57000
core   0: 0x80000ae8 (0x003989b3) add     s3, s3, gp
core   0: 3 0x80000ae8 (0x003989b3) x19 0xbf855000
core   0: 0x80000aec (0xe7c9e617) auipc   a2, 0xe7c9e
core   0: 3 0x80000aec (0xe7c9e617) x12 0x67c9eaec
core   0: 0x80000af0 (0x00000013) nop
core   0: 3 0x80000af0 (0x00000013)
core   0: 0x80000af4 (0x81263617) auipc   a2, 0x81263
core   0: 3 0x80000af4 (0x81263617) x12 0x01263af4
core   0: 0x80000af8 (0xb99a8613) addi    a2, s5, -1127
core   0: 3 0x80000af8 (0xb99a8613) x12 0x27d56b99
core   0: 0x80000afc (0xc6326bb7) lui     s7, 0xc6326
core   0: 3 0x80000afc (0xc6326bb7) x23 0xc6326000
core   0: 0x80000b00 (0x40210533) sub     a0, sp, sp
core   0: 3 0x80000b00 (0x40210533) x10 0x00000000
core   0: 0x80000b04 (0x00c080b3) add     ra, ra, a2
core   0: 3 0x80000b04 (0x00c080b3) x 1 0xa7d56b99
core   0: 0x80000b08 (0x009589b3) add     s3, a1, s1
core   0: 3 0x80000b08 (0x009589b3) x19 0x19902ad4
core   0: 0x80000b0c (0x27f89497) auipc   s1, 0x27f89
core   0: 3 0x80000b0c (0x27f89497) x 9 0xa7f89b0c
core   0: 0x80000b10 (0x017589b3) add     s3, a1, s7
core   0: 3 0x80000b10 (0x017589b3) x19 0xdfc28ad4
core   0: 0x80000b14 (0x92308093) addi    ra, ra, -1757
core   0: 3 0x80000b14 (0x92308093) x 1 0xa7d564bc
core   0: 0x80000b18 (0x2525b617) auipc   a2, 0x2525b
core   0: 3 0x80000b18 (0x2525b617) x12 0xa525bb18
core   0: 0x80000b1c (0x00000013) nop
core   0: 3 0x80000b1c (0x00000013)
core   0: 0x80000b20 (0x75e20137) lui     sp, 0x75e20
core   0: 3 0x80000b20 (0x75e20137) x 2 0x75e20000
core   0: 0x80000b24 (0x00000013) nop
core   0: 3 0x80000b24 (0x00000013)
core   0: 0x80000b28 (0x015981b3) add     gp, s3, s5
core   0: 3 0x80000b28 (0x015981b3) x 3 0x0797fad4
core   0: 0x80000b2c (0x5a9c96b7) lui     a3, 0x5a9c9
core   0: 3 0x80000b2c (0x5a9c96b7) x13 0x5a9c9000
core   0: 0x80000b30 (0x7f968693) addi    a3, a3, 2041
core   0: 3 0x80000b30 (0x7f968693) x13 0x5a9c97f9
core   0: 0x80000b34 (0xe9416437) lui     s0, 0xe9416
core   0: 3 0x80000b34 (0xe9416437) x 8 0xe9416000
core   0: 0x80000b38 (0x90640413) addi    s0, s0, -1786
core   0: 3 0x80000b38 (0x90640413) x 8 0xe9415906
core   0: 0x80000b3c (0xf846e237) lui     tp, 0xf846e
core   0: 3 0x80000b3c (0xf846e237) x 4 0xf846e000
core   0: 0x80000b40 (0xfb520213) addi    tp, tp, -75
core   0: 3 0x80000b40 (0xfb520213) x 4 0xf846dfb5
core   0: 0x80000b44 (0xfff00593) li      a1, -1
core   0: 3 0x80000b44 (0xfff00593) x11 0xffffffff
core   0: 0x80000b48 (0x80000537) lui     a0, 0x80000
core   0: 3 0x80000b48 (0x80000537) x10 0x80000000
core   0: 0x80000b4c (0x014154b7) lui     s1, 0x1415
core   0: 3 0x80000b4c (0x014154b7) x 9 0x01415000
core   0: 0x80000b50 (0x85548493) addi    s1, s1, -1963
core   0: 3 0x80000b50 (0x85548493) x 9 0x01414855
core   0: 0x80000b54 (0xa009a137) lui     sp, 0xa009a
core   0: 3 0x80000b54 (0xa009a137) x 2 0xa009a000
core   0: 0x80000b58 (0xd0010113) addi    sp, sp, -768
core   0: 3 0x80000b58 (0xd0010113) x 2 0xa0099d00
core   0: 0x80000b5c (0x0c0bd0b7) lui     ra, 0xc0bd
core   0: 3 0x80000b5c (0x0c0bd0b7) x 1 0x0c0bd000
core   0: 0x80000b60 (0x3f808093) addi    ra, ra, 1016
core   0: 3 0x80000b60 (0x3f808093) x 1 0x0c0bd3f8
core   0: 0x80000b64 (0x80000c37) lui     s8, 0x80000
core   0: 3 0x80000b64 (0x80000c37) x24 0x80000000
core   0: 0x80000b68 (0x800001b7) lui     gp, 0x80000
core   0: 3 0x80000b68 (0x800001b7) x 3 0x80000000
core   0: 0x80000b6c (0xcfbc0113) addi    sp, s8, -773
core   0: 3 0x80000b6c (0xcfbc0113) x 2 0x7ffffcfb
core   0: 0x80000b70 (0xd0e2c217) auipc   tp, 0xd0e2c
core   0: 3 0x80000b70 (0xd0e2c217) x 4 0x50e2cb70
core   0: 0x80000b74 (0x00b105b3) add     a1, sp, a1
core   0: 3 0x80000b74 (0x00b105b3) x11 0x7ffffcfa
core   0: 0x80000b78 (0x00000013) nop
core   0: 3 0x80000b78 (0x00000013)
core   0: 0x80000b7c (0x3d4aac37) lui     s8, 0x3d4aa
core   0: 3 0x80000b7c (0x3d4aac37) x24 0x3d4aa000
core   0: 0x80000b80 (0x40dc04b3) sub     s1, s8, a3
core   0: 3 0x80000b80 (0x40dc04b3) x 9 0xe2ae0807
core   0: 0x80000b84 (0x40a186b3) sub     a3, gp, a0
core   0: 3 0x80000b84 (0x40a186b3) x13 0x00000000
core   0: 0x80000b88 (0x87580117) auipc   sp, 0x87580
core   0: 3 0x80000b88 (0x87580117) x 2 0x07580b88
core   0: 0x80000b8c (0x1cadac37) lui     s8, 0x1cada
core   0: 3 0x80000b8c (0x1cadac37) x24 0x1cada000
core   0: 0x80000b90 (0xe67c44b7) lui     s1, 0xe67c4
core   0: 3 0x80000b90 (0xe67c44b7) x 9 0xe67c4000
core   0: 0x80000b94 (0x00000013) nop
core   0: 3 0x80000b94 (0x00000013)
core   0: 0x80000b98 (0x009504b3) add     s1, a0, s1
core   0: 3 0x80000b98 (0x009504b3) x 9 0x667c4000
core   0: 0x80000b9c (0xef318413) addi    s0, gp, -269
core   0: 3 0x80000b9c (0xef318413) x 8 0x7ffffef3
core   0: 0x80000ba0 (0x926466b7) lui     a3, 0x92646
core   0: 3 0x80000ba0 (0x926466b7) x13 0x92646000
core   0: 0x80000ba4 (0x003686b3) add     a3, a3, gp
core   0: 3 0x80000ba4 (0x003686b3) x13 0x12646000
core   0: 0x80000ba8 (0xfff00193) li      gp, -1
core   0: 3 0x80000ba8 (0xfff00193) x 3 0xffffffff
core   0: 0x80000bac (0x00000493) li      s1, 0
core   0: 3 0x80000bac (0x00000493) x 9 0x00000000
core   0: 0x80000bb0 (0x80000237) lui     tp, 0x80000
core   0: 3 0x80000bb0 (0x80000237) x 4 0x80000000
core   0: 0x80000bb4 (0x8545c137) lui     sp, 0x8545c
core   0: 3 0x80000bb4 (0x8545c137) x 2 0x8545c000
core   0: 0x80000bb8 (0xf4a10113) addi    sp, sp, -182
core   0: 3 0x80000bb8 (0xf4a10113) x 2 0x8545bf4a
core   0: 0x80000bbc (0xfff00893) li      a7, -1
core   0: 3 0x80000bbc (0xfff00893) x17 0xffffffff
core   0: 0x80000bc0 (0x80000d37) lui     s10, 0x80000
core   0: 3 0x80000bc0 (0x80000d37) x26 0x80000000
core   0: 0x80000bc4 (0x00000e13) li      t3, 0
core   0: 3 0x80000bc4 (0x00000e13) x28 0x00000000
core   0: 0x80000bc8 (0x00000f93) li      t6, 0
core   0: 3 0x80000bc8 (0x00000f93) x31 0x00000000
core   0: 0x80000bcc (0x00000693) li      a3, 0
core   0: 3 0x80000bcc (0x00000693) x13 0x00000000
core   0: 0x80000bd0 (0x80000cb7) lui     s9, 0x80000
core   0: 3 0x80000bd0 (0x80000cb7) x25 0x80000000
core   0: 0x80000bd4 (0x513abfb7) lui     t6, 0x513ab
core   0: 3 0x80000bd4 (0x513abfb7) x31 0x513ab000
core   0: 0x80000bd8 (0x549f8c93) addi    s9, t6, 1353
core   0: 3 0x80000bd8 (0x549f8c93) x25 0x513ab549
core   0: 0x80000bdc (0x00000013) nop
core   0: 3 0x80000bdc (0x00000013)
core   0: 0x80000be0 (0x23df8d13) addi    s10, t6, 573
core   0: 3 0x80000be0 (0x23df8d13) x26 0x513ab23d
core   0: 0x80000be4 (0x00448e33) add     t3, s1, tp
core   0: 3 0x80000be4 (0x00448e33) x28 0x80000000
core   0: 0x80000be8 (0xbaaa04b7) lui     s1, 0xbaaa0
core   0: 3 0x80000be8 (0xbaaa04b7) x 9 0xbaaa0000
core   0: 0x80000bec (0xefae6217) auipc   tp, 0xefae6
core   0: 3 0x80000bec (0xefae6217) x 4 0x6fae6bec
core   0: 0x80000bf0 (0x41cd0d33) sub     s10, s10, t3
core   0: 3 0x80000bf0 (0x41cd0d33) x26 0xd13ab23d
core   0: 0x80000bf4 (0x00110f93) addi    t6, sp, 1
core   0: 3 0x80000bf4 (0x00110f93) x31 0x8545bf4b
core   0: 0x80000bf8 (0x53371237) lui     tp, 0x53371
core   0: 3 0x80000bf8 (0x53371237) x 4 0x53371000
core   0: 0x80000bfc (0x12777c97) auipc   s9, 0x12777
core   0: 3 0x80000bfc (0x12777c97) x25 0x92777bfc
core   0: 0x80000c00 (0x00000013) nop
core   0: 3 0x80000c00 (0x00000013)
core   0: 0x80000c04 (0x41f88133) sub     sp, a7, t6
core   0: 3 0x80000c04 (0x41f88133) x 2 0x7aba40b4
core   0: 0x80000c08 (0x00000013) nop
core   0: 3 0x80000c08 (0x00000013)
core   0: 0x80000c0c (0x41ff8e33) sub     t3, t6, t6
core   0: 3 0x80000c0c (0x41ff8e33) x28 0x00000000
core   0: 0x80000c10 (0x1f248d13) addi    s10, s1, 498
core   0: 3 0x80000c10 (0x1f248d13) x26 0xbaaa01f2
core   0: 0x80000c14 (0x9553d217) auipc   tp, 0x9553d
core   0: 3 0x80000c14 (0x9553d217) x 4 0x1553dc14
core   0: 0x80000c18 (0x80000937) lui     s2, 0x80000
core   0: 3 0x80000c18 (0x80000937) x18 0x80000000
core   0: 0x80000c1c (0xfff00893) li      a7, -1
core   0: 3 0x80000c1c (0xfff00893) x17 0xffffffff
core   0: 0x80000c20 (0x00000d93) li      s11, 0
core   0: 3 0x80000c20 (0x00000d93) x27 0x00000000
core   0: 0x80000c24 (0x00000193) li      gp, 0
core   0: 3 0x80000c24 (0x00000193) x 3 0x00000000
core   0: 0x80000c28 (0x80000cb7) lui     s9, 0x80000
core   0: 3 0x80000c28 (0x80000cb7) x25 0x80000000
core   0: 0x80000c2c (0x80000bb7) lui     s7, 0x80000
core   0: 3 0x80000c2c (0x80000bb7) x23 0x80000000
core   0: 0x80000c30 (0x80000b37) lui     s6, 0x80000
core   0: 3 0x80000c30 (0x80000b37) x22 0x80000000
core   0: 0x80000c34 (0x6b4af337) lui     t1, 0x6b4af
core   0: 3 0x80000c34 (0x6b4af337) x 6 0x6b4af000
core   0: 0x80000c38 (0x82730313) addi    t1, t1, -2009
core   0: 3 0x80000c38 (0x82730313) x 6 0x6b4ae827
core   0: 0x80000c3c (0x80000137) lui     sp, 0x80000
core   0: 3 0x80000c3c (0x80000137) x 2 0x80000000
core   0: 0x80000c40 (0x99656437) lui     s0, 0x99656
core   0: 3 0x80000c40 (0x99656437) x 8 0x99656000
core   0: 0x80000c44 (0x03940413) addi    s0, s0, 57
core   0: 3 0x80000c44 (0x03940413) x 8 0x99656039
core   0: 0x80000c48 (0x406881b3) sub     gp, a7, t1
core   0: 3 0x80000c48 (0x406881b3) x 3 0x94b517d8
core   0: 0x80000c4c (0x008101b3) add     gp, sp, s0
core   0: 3 0x80000c4c (0x008101b3) x 3 0x19656039
core   0: 0x80000c50 (0xb16ee937) lui     s2, 0xb16ee
core   0: 3 0x80000c50 (0xb16ee937) x18 0xb16ee000
core   0: 0x80000c54 (0x406c8933) sub     s2, s9, t1
core   0: 3 0x80000c54 (0x406c8933) x18 0x14b517d9
core   0: 0x80000c58 (0x00000013) nop
core   0: 3 0x80000c58 (0x00000013)
core   0: 0x80000c5c (0x2c7d8193) addi    gp, s11, 711
core   0: 3 0x80000c5c (0x2c7d8193) x 3 0x000002c7
core   0: 0x80000c60 (0x41b40433) sub     s0, s0, s11
core   0: 3 0x80000c60 (0x41b40433) x 8 0x99656039
core   0: 0x80000c64 (0x00000013) nop
core   0: 3 0x80000c64 (0x00000013)
core   0: 0x80000c68 (0x01640bb3) add     s7, s0, s6
core   0: 3 0x80000c68 (0x01640bb3) x23 0x19656039
core   0: 0x80000c6c (0x91845bb7) lui     s7, 0x91845
core   0: 3 0x80000c6c (0x91845bb7) x23 0x91845000
core   0: 0x80000c70 (0x00000013) nop
core   0: 3 0x80000c70 (0x00000013)
core   0: 0x80000c74 (0x403d8333) sub     t1, s11, gp
core   0: 3 0x80000c74 (0x403d8333) x 6 0xfffffd39
core   0: 0x80000c78 (0xd776e917) auipc   s2, 0xd776e
core   0: 3 0x80000c78 (0xd776e917) x18 0x5776ec78
core   0: 0x80000c7c (0x00000013) nop
core   0: 3 0x80000c7c (0x00000013)
core   0: 0x80000c80 (0x01140433) add     s0, s0, a7
core   0: 3 0x80000c80 (0x01140433) x 8 0x99656038
core   0: 0x80000c84 (0xe160a8b7) lui     a7, 0xe160a
core   0: 3 0x80000c84 (0xe160a8b7) x17 0xe160a000
core   0: 0x80000c88 (0x25718413) addi    s0, gp, 599
core   0: 3 0x80000c88 (0x25718413) x 8 0x0000051e
core   0: 0x80000c8c (0x82bd8193) addi    gp, s11, -2005
core   0: 3 0x80000c8c (0x82bd8193) x 3 0xfffff82b
core   0: 0x80000c90 (0xfff00b13) li      s6, -1
core   0: 3 0x80000c90 (0xfff00b13) x22 0xffffffff
core   0: 0x80000c94 (0x80000db7) lui     s11, 0x80000
core   0: 3 0x80000c94 (0x80000db7) x27 0x80000000
core   0: 0x80000c98 (0x00000c13) li      s8, 0
core   0: 3 0x80000c98 (0x00000c13) x24 0x00000000
core   0: 0x80000c9c (0x300d40b7) lui     ra, 0x300d4
core   0: 3 0x80000c9c (0x300d40b7) x 1 0x300d4000
core   0: 0x80000ca0 (0x6e708093) addi    ra, ra, 1767
core   0: 3 0x80000ca0 (0x6e708093) x 1 0x300d46e7
core   0: 0x80000ca4 (0x80000337) lui     t1, 0x80000
core   0: 3 0x80000ca4 (0x80000337) x 6 0x80000000
core   0: 0x80000ca8 (0xb63d9137) lui     sp, 0xb63d9
core   0: 3 0x80000ca8 (0xb63d9137) x 2 0xb63d9000
core   0: 0x80000cac (0x60c10113) addi    sp, sp, 1548
core   0: 3 0x80000cac (0x60c10113) x 2 0xb63d960c
core   0: 0x80000cb0 (0x3ac4fe37) lui     t3, 0x3ac4f
core   0: 3 0x80000cb0 (0x3ac4fe37) x28 0x3ac4f000
core   0: 0x80000cb4 (0xe09e0e13) addi    t3, t3, -503
core   0: 3 0x80000cb4 (0xe09e0e13) x28 0x3ac4ee09
core   0: 0x80000cb8 (0x00000413) li      s0, 0
core   0: 3 0x80000cb8 (0x00000413) x 8 0x00000000
core   0: 0x80000cbc (0x00000b93) li      s7, 0
core   0: 3 0x80000cbc (0x00000b93) x23 0x00000000
core   0: 0x80000cc0 (0xeb9cf1b7) lui     gp, 0xeb9cf
core   0: 3 0x80000cc0 (0xeb9cf1b7) x 3 0xeb9cf000
core   0: 0x80000cc4 (0x6d718193) addi    gp, gp, 1751
core   0: 3 0x80000cc4 (0x6d718193) x 3 0xeb9cf6d7
core   0: 0x80000cc8 (0x838d3e17) auipc   t3, 0x838d3
core   0: 3 0x80000cc8 (0x838d3e17) x28 0x038d3cc8
core   0: 0x80000ccc (0x002080b3) add     ra, ra, sp
core   0: 3 0x80000ccc (0x002080b3) x 1 0xe64adcf3
core   0: 0x80000cd0 (0x01be0333) add     t1, t3, s11
core   0: 3 0x80000cd0 (0x01be0333) x 6 0x838d3cc8
core   0: 0x80000cd4 (0x018d8b33) add     s6, s11, s8
core   0: 3 0x80000cd4 (0x018d8b33) x22 0x80000000
core   0: 0x80000cd8 (0x01b08db3) add     s11, ra, s11
core   0: 3 0x80000cd8 (0x01b08db3) x27 0x664adcf3
core   0: 0x80000cdc (0x2f49fdb7) lui     s11, 0x2f49f
core   0: 3 0x80000cdc (0x2f49fdb7) x27 0x2f49f000
core   0: 0x80000ce0 (0x00308133) add     sp, ra, gp
core   0: 3 0x80000ce0 (0x00308133) x 2 0xd1e7d3ca
core   0: 0x80000ce4 (0x05010093) addi    ra, sp, 80
core   0: 3 0x80000ce4 (0x05010093) x 1 0xd1e7d41a
core   0: 0x80000ce8 (0x55935417) auipc   s0, 0x55935
core   0: 3 0x80000ce8 (0x55935417) x 8 0xd5935ce8
core   0: 0x80000cec (0x00000013) nop
core   0: 3 0x80000cec (0x00000013)
core   0: 0x80000cf0 (0x008d8433) add     s0, s11, s0
core   0: 3 0x80000cf0 (0x008d8433) x 8 0x04dd4ce8
core   0: 0x80000cf4 (0xa552ee17) auipc   t3, 0xa552e
core   0: 3 0x80000cf4 (0xa552ee17) x28 0x2552ecf4
core   0: 0x80000cf8 (0x32308113) addi    sp, ra, 803
core   0: 3 0x80000cf8 (0x32308113) x 2 0xd1e7d73d
core   0: 0x80000cfc (0x225b3337) lui     t1, 0x225b3
core   0: 3 0x80000cfc (0x225b3337) x 6 0x225b3000
core   0: 0x80000d00 (0x003b80b3) add     ra, s7, gp
core   0: 3 0x80000d00 (0x003b80b3) x 1 0xeb9cf6d7
core   0: 0x80000d04 (0x00000013) nop
core   0: 3 0x80000d04 (0x00000013)
core   0: 0x80000d08 (0x5c7d8193) addi    gp, s11, 1479
core   0: 3 0x80000d08 (0x5c7d8193) x 3 0x2f49f5c7
core   0: 0x80000d0c (0xd6a08097) auipc   ra, 0xd6a08
core   0: 3 0x80000d0c (0xd6a08097) x 1 0x56a08d0c
core   0: 0x80000d10 (0x25a8e0b7) lui     ra, 0x25a8e
core   0: 3 0x80000d10 (0x25a8e0b7) x 1 0x25a8e000
core   0: 0x80000d14 (0x684430b7) lui     ra, 0x68443
core   0: 3 0x80000d14 (0x684430b7) x 1 0x68443000
core   0: 0x80000d18 (0x7dac4e37) lui     t3, 0x7dac4
core   0: 3 0x80000d18 (0x7dac4e37) x28 0x7dac4000
core   0: 0x80000d1c (0x40840bb3) sub     s7, s0, s0
core   0: 3 0x80000d1c (0x40840bb3) x23 0x00000000
core   0: 0x80000d20 (0x4593a137) lui     sp, 0x4593a
core   0: 3 0x80000d20 (0x4593a137) x 2 0x4593a000
core   0: 0x80000d24 (0xd75c0093) addi    ra, s8, -651
core   0: 3 0x80000d24 (0xd75c0093) x 1 0xfffffd75
core   0: 0x80000d28 (0x74248137) lui     sp, 0x74248
core   0: 3 0x80000d28 (0x74248137) x 2 0x74248000
core   0: 0x80000d2c (0x9df7dd97) auipc   s11, 0x9df7d
core   0: 3 0x80000d2c (0x9df7dd97) x27 0x1df7dd2c
core   0: 0x80000d30 (0x07710113) addi    sp, sp, 119
core   0: 3 0x80000d30 (0x07710113) x 2 0x74248077
core   0: 0x80000d34 (0x40118db3) sub     s11, gp, ra
core   0: 3 0x80000d34 (0x40118db3) x27 0x2f49f852
core   0: 0x80000d38 (0x71239437) lui     s0, 0x71239
core   0: 3 0x80000d38 (0x71239437) x 8 0x71239000
core   0: 0x80000d3c (0x80000b37) lui     s6, 0x80000
core   0: 3 0x80000d3c (0x80000b37) x22 0x80000000
core   0: 0x80000d40 (0x80000437) lui     s0, 0x80000
core   0: 3 0x80000d40 (0x80000437) x 8 0x80000000
core   0: 0x80000d44 (0x06ccc637) lui     a2, 0x6ccc
core   0: 3 0x80000d44 (0x06ccc637) x12 0x06ccc000
core   0: 0x80000d48 (0x43b60613) addi    a2, a2, 1083
core   0: 3 0x80000d48 (0x43b60613) x12 0x06ccc43b
core   0: 0x80000d4c (0xfff00713) li      a4, -1
core   0: 3 0x80000d4c (0xfff00713) x14 0xffffffff
core   0: 0x80000d50 (0x80000a37) lui     s4, 0x80000
core   0: 3 0x80000d50 (0x80000a37) x20 0x80000000
core   0: 0x80000d54 (0xfff00993) li      s3, -1
core   0: 3 0x80000d54 (0xfff00993) x19 0xffffffff
core   0: 0x80000d58 (0x5a673d37) lui     s10, 0x5a673
core   0: 3 0x80000d58 (0x5a673d37) x26 0x5a673000
core   0: 0x80000d5c (0x8b1d0d13) addi    s10, s10, -1871
core   0: 3 0x80000d5c (0x8b1d0d13) x26 0x5a6728b1
core   0: 0x80000d60 (0x800000b7) lui     ra, 0x80000
core   0: 3 0x80000d60 (0x800000b7) x 1 0x80000000
core   0: 0x80000d64 (0x00000593) li      a1, 0
core   0: 3 0x80000d64 (0x00000593) x11 0x00000000
core   0: 0x80000d68 (0xfff00513) li      a0, -1
core   0: 3 0x80000d68 (0xfff00513) x10 0xffffffff
core   0: 0x80000d6c (0x40158533) sub     a0, a1, ra
core   0: 3 0x80000d6c (0x40158533) x10 0x80000000
core   0: 0x80000d70 (0x00000013) nop
core   0: 3 0x80000d70 (0x00000013)
core   0: 0x80000d74 (0x40a50733) sub     a4, a0, a0
core   0: 3 0x80000d74 (0x40a50733) x14 0x00000000
core   0: 0x80000d78 (0x5fa7aa37) lui     s4, 0x5fa7a
core   0: 3 0x80000d78 (0x5fa7aa37) x20 0x5fa7a000
core   0: 0x80000d7c (0xa3598593) addi    a1, s3, -1483
core   0: 3 0x80000d7c (0xa3598593) x11 0xfffffa34
core   0: 0x80000d80 (0x00000013) nop
core   0: 3 0x80000d80 (0x00000013)
core   0: 0x80000d84 (0x00000013) nop
core   0: 3 0x80000d84 (0x00000013)
core   0: 0x80000d88 (0x00000013) nop
core   0: 3 0x80000d88 (0x00000013)
core   0: 0x80000d8c (0xa85a2a17) auipc   s4, 0xa85a2
core   0: 3 0x80000d8c (0xa85a2a17) x20 0x285a2d8c
core   0: 0x80000d90 (0x416989b3) sub     s3, s3, s6
core   0: 3 0x80000d90 (0x416989b3) x19 0x7fffffff
core   0: 0x80000d94 (0x61fdf617) auipc   a2, 0x61fdf
core   0: 3 0x80000d94 (0x61fdf617) x12 0xe1fdfd94
core   0: 0x80000d98 (0x00170633) add     a2, a4, ra
core   0: 3 0x80000d98 (0x00170633) x12 0x80000000
core   0: 0x80000d9c (0xf5712a17) auipc   s4, 0xf5712
core   0: 3 0x80000d9c (0xf5712a17) x20 0x75712d9c
core   0: 0x80000da0 (0xfa925437) lui     s0, 0xfa925
core   0: 3 0x80000da0 (0xfa925437) x 8 0xfa925000
core   0: 0x80000da4 (0x75458713) addi    a4, a1, 1876
core   0: 3 0x80000da4 (0x75458713) x14 0x00000188
core   0: 0x80000da8 (0x40bb05b3) sub     a1, s6, a1
core   0: 3 0x80000da8 (0x40bb05b3) x11 0x800005cc
core   0: 0x80000dac (0x8eab0093) addi    ra, s6, -1814
core   0: 3 0x80000dac (0x8eab0093) x 1 0x7ffff8ea
core   0: 0x80000db0 (0x869180b7) lui     ra, 0x86918
core   0: 3 0x80000db0 (0x869180b7) x 1 0x86918000
core   0: 0x80000db4 (0x80000b37) lui     s6, 0x80000
core   0: 3 0x80000db4 (0x80000b37) x22 0x80000000
core   0: 0x80000db8 (0xeaf5bc37) lui     s8, 0xeaf5b
core   0: 3 0x80000db8 (0xeaf5bc37) x24 0xeaf5b000
core   0: 0x80000dbc (0xf47c0c13) addi    s8, s8, -185
core   0: 3 0x80000dbc (0xf47c0c13) x24 0xeaf5af47
core   0: 0x80000dc0 (0x8465b7b7) lui     a5, 0x8465b
core   0: 3 0x80000dc0 (0x8465b7b7) x15 0x8465b000
core   0: 0x80000dc4 (0x01b78793) addi    a5, a5, 27
core   0: 3 0x80000dc4 (0x01b78793) x15 0x8465b01b
core   0: 0x80000dc8 (0x00000693) li      a3, 0
core   0: 3 0x80000dc8 (0x00000693) x13 0x00000000
core   0: 0x80000dcc (0x00000913) li      s2, 0
core   0: 3 0x80000dcc (0x00000913) x18 0x00000000
core   0: 0x80000dd0 (0xfff00113) li      sp, -1
core   0: 3 0x80000dd0 (0xfff00113) x 2 0xffffffff
core   0: 0x80000dd4 (0xfff00613) li      a2, -1
core   0: 3 0x80000dd4 (0xfff00613) x12 0xffffffff
core   0: 0x80000dd8 (0x00000e13) li      t3, 0
core   0: 3 0x80000dd8 (0x00000e13) x28 0x00000000
core   0: 0x80000ddc (0x80000537) lui     a0, 0x80000
core   0: 3 0x80000ddc (0x80000537) x10 0x80000000
core   0: 0x80000de0 (0x80000cb7) lui     s9, 0x80000
core   0: 3 0x80000de0 (0x80000cb7) x25 0x80000000
core   0: 0x80000de4 (0x002c0133) add     sp, s8, sp
core   0: 3 0x80000de4 (0x002c0133) x 2 0xeaf5af46
core   0: 0x80000de8 (0xd8a75b37) lui     s6, 0xd8a75
core   0: 3 0x80000de8 (0xd8a75b37) x22 0xd8a75000
core   0: 0x80000dec (0x6f7846b7) lui     a3, 0x6f784
core   0: 3 0x80000dec (0x6f7846b7) x13 0x6f784000
core   0: 0x80000df0 (0x41650533) sub     a0, a0, s6
core   0: 3 0x80000df0 (0x41650533) x10 0xa758b000
core   0: 0x80000df4 (0xe8db7b37) lui     s6, 0xe8db7
core   0: 3 0x80000df4 (0xe8db7b37) x22 0xe8db7000
core   0: 0x80000df8 (0xf3f72917) auipc   s2, 0xf3f72
core   0: 3 0x80000df8 (0xf3f72917) x18 0x73f72df8
core   0: 0x80000dfc (0xa9050b13) addi    s6, a0, -1392
core   0: 3 0x80000dfc (0xa9050b13) x22 0xa758aa90
core   0: 0x80000e00 (0x00db0633) add     a2, s6, a3
core   0: 3 0x80000e00 (0x00db0633) x12 0x16d0ea90
core   0: 0x80000e04 (0x06d7a517) auipc   a0, 0x6d7a
core   0: 3 0x80000e04 (0x06d7a517) x10 0x86d7ae04
core   0: 0x80000e08 (0x8109e617) auipc   a2, 0x8109e
core   0: 3 0x80000e08 (0x8109e617) x12 0x0109ee08
core   0: 0x80000e0c (0xcd478793) addi    a5, a5, -812
core   0: 3 0x80000e0c (0xcd478793) x15 0x8465acef
core   0: 0x80000e10 (0x24690c93) addi    s9, s2, 582
core   0: 3 0x80000e10 (0x24690c93) x25 0x73f7303e
core   0: 0x80000e14 (0x46f6e917) auipc   s2, 0x46f6e
core   0: 3 0x80000e14 (0x46f6e917) x18 0xc6f6ee14
core   0: 0x80000e18 (0x83cc0c13) addi    s8, s8, -1988
core   0: 3 0x80000e18 (0x83cc0c13) x24 0xeaf5a783
core   0: 0x80000e1c (0xc9e4dc37) lui     s8, 0xc9e4d
core   0: 3 0x80000e1c (0xc9e4dc37) x24 0xc9e4d000
core   0: 0x80000e20 (0xede68693) addi    a3, a3, -290
core   0: 3 0x80000e20 (0xede68693) x13 0x6f783ede
core   0: 0x80000e24 (0x21926117) auipc   sp, 0x21926
core   0: 3 0x80000e24 (0x21926117) x 2 0xa1926e24
core   0: 0x80000e28 (0x01810533) add     a0, sp, s8
core   0: 3 0x80000e28 (0x01810533) x10 0x6b773e24
core   0: 0x80000e2c (0x40f78cb3) sub     s9, a5, a5
core   0: 3 0x80000e2c (0x40f78cb3) x25 0x00000000
core   0: 0x80000e30 (0x2cd61697) auipc   a3, 0x2cd61
core   0: 3 0x80000e30 (0x2cd61697) x13 0xacd61e30
core   0: 0x80000e34 (0x01978e33) add     t3, a5, s9
core   0: 3 0x80000e34 (0x01978e33) x28 0x8465acef
core   0: 0x80000e38 (0x40fe0cb3) sub     s9, t3, a5
core   0: 3 0x80000e38 (0x40fe0cb3) x25 0x00000000
core   0: 0x80000e3c (0xfff00b93) li      s7, -1
core   0: 3 0x80000e3c (0xfff00b93) x23 0xffffffff
core   0: 0x80000e40 (0xfff00a93) li      s5, -1
core   0: 3 0x80000e40 (0xfff00a93) x21 0xffffffff
core   0: 0x80000e44 (0xc6b8b0b7) lui     ra, 0xc6b8b
core   0: 3 0x80000e44 (0xc6b8b0b7) x 1 0xc6b8b000
core   0: 0x80000e48 (0x67708093) addi    ra, ra, 1655
core   0: 3 0x80000e48 (0x67708093) x 1 0xc6b8b677
core   0: 0x80000e4c (0x80000fb7) lui     t6, 0x80000
core   0: 3 0x80000e4c (0x80000fb7) x31 0x80000000
core   0: 0x80000e50 (0xe897f5b7) lui     a1, 0xe897f
core   0: 3 0x80000e50 (0xe897f5b7) x11 0xe897f000
core   0: 0x80000e54 (0x84658593) addi    a1, a1, -1978
core   0: 3 0x80000e54 (0x84658593) x11 0xe897e846
core   0: 0x80000e58 (0x00000693) li      a3, 0
core   0: 3 0x80000e58 (0x00000693) x13 0x00000000
core   0: 0x80000e5c (0x42264137) lui     sp, 0x42264
core   0: 3 0x80000e5c (0x42264137) x 2 0x42264000
core   0: 0x80000e60 (0xfe110113) addi    sp, sp, -31
core   0: 3 0x80000e60 (0xfe110113) x 2 0x42263fe1
core   0: 0x80000e64 (0xfff00e13) li      t3, -1
core   0: 3 0x80000e64 (0xfff00e13) x28 0xffffffff
core   0: 0x80000e68 (0x00000b13) li      s6, 0
core   0: 3 0x80000e68 (0x00000b13) x22 0x00000000
core   0: 0x80000e6c (0x00000213) li      tp, 0
core   0: 3 0x80000e6c (0x00000213) x 4 0x00000000
core   0: 0x80000e70 (0x8b9f8113) addi    sp, t6, -1863
core   0: 3 0x80000e70 (0x8b9f8113) x 2 0x7ffff8b9
core   0: 0x80000e74 (0x00000013) nop
core   0: 3 0x80000e74 (0x00000013)
core   0: 0x80000e78 (0x29368693) addi    a3, a3, 659
core   0: 3 0x80000e78 (0x29368693) x13 0x00000293
core   0: 0x80000e7c (0xb91d1097) auipc   ra, 0xb91d1
core   0: 3 0x80000e7c (0xb91d1097) x 1 0x391d1e7c
core   0: 0x80000e80 (0x01668e33) add     t3, a3, s6
core   0: 3 0x80000e80 (0x01668e33) x28 0x00000293
core   0: 0x80000e84 (0x40de0b33) sub     s6, t3, a3
core   0: 3 0x80000e84 (0x40de0b33) x22 0x00000000
core   0: 0x80000e88 (0x0c3ef697) auipc   a3, 0xc3ef
core   0: 3 0x80000e88 (0x0c3ef697) x13 0x8c3efe88
core   0: 0x80000e8c (0x00000013) nop
core   0: 3 0x80000e8c (0x00000013)
core   0: 0x80000e90 (0x01ca8ab3) add     s5, s5, t3
core   0: 3 0x80000e90 (0x01ca8ab3) x21 0x00000292
core   0: 0x80000e94 (0x00408e33) add     t3, ra, tp
core   0: 3 0x80000e94 (0x00408e33) x28 0x391d1e7c
core   0: 0x80000e98 (0x00000013) nop
core   0: 3 0x80000e98 (0x00000013)
core   0: 0x80000e9c (0x41fe05b3) sub     a1, t3, t6
core   0: 3 0x80000e9c (0x41fe05b3) x11 0xb91d1e7c
core   0: 0x80000ea0 (0x00000013) nop
core   0: 3 0x80000ea0 (0x00000013)
core   0: 0x80000ea4 (0x00000013) nop
core   0: 3 0x80000ea4 (0x00000013)
core   0: 0x80000ea8 (0x01c58e33) add     t3, a1, t3
core   0: 3 0x80000ea8 (0x01c58e33) x28 0xf23a3cf8
core   0: 0x80000eac (0x685760b7) lui     ra, 0x68576
core   0: 3 0x80000eac (0x685760b7) x 1 0x68576000
core   0: 0x80000eb0 (0xad750597) auipc   a1, 0xad750
core   0: 3 0x80000eb0 (0xad750597) x11 0x2d750eb0
core   0: 0x80000eb4 (0x40b10ab3) sub     s5, sp, a1
core   0: 3 0x80000eb4 (0x40b10ab3) x21 0x528aea09
core   0: 0x80000eb8 (0xbcf80e37) lui     t3, 0xbcf80
core   0: 3 0x80000eb8 (0xbcf80e37) x28 0xbcf80000
core   0: 0x80000ebc (0x00408233) add     tp, ra, tp
core   0: 3 0x80000ebc (0x00408233) x 4 0x68576000
core   0: 0x80000ec0 (0x00000013) nop
core   0: 3 0x80000ec0 (0x00000013)
core   0: 0x80000ec4 (0x00000013) nop
core   0: 3 0x80000ec4 (0x00000013)
core   0: 0x80000ec8 (0x2945efb7) lui     t6, 0x2945e
core   0: 3 0x80000ec8 (0x2945efb7) x31 0x2945e000
core   0: 0x80000ecc (0x41c08e33) sub     t3, ra, t3
core   0: 3 0x80000ecc (0x41c08e33) x28 0xab5f6000
core   0: 0x80000ed0 (0x00b68bb3) add     s7, a3, a1
core   0: 3 0x80000ed0 (0x00b68bb3) x23 0xb9b40d38
core   0: 0x80000ed4 (0x00ba8133) add     sp, s5, a1
core   0: 3 0x80000ed4 (0x00ba8133) x 2 0x7ffff8b9
core   0: 0x80000ed8 (0x369eb237) lui     tp, 0x369eb
core   0: 3 0x80000ed8 (0x369eb237) x 4 0x369eb000
core   0: 0x80000edc (0x00000013) nop
core   0: 3 0x80000edc (0x00000013)
core   0: 0x80000ee0 (0x401b06b3) sub     a3, s6, ra
core   0: 3 0x80000ee0 (0x401b06b3) x13 0x97a8a000
core   0: 0x80000ee4 (0x0eac2d13) slti    s10, s8, 234
core   0: 3 0x80000ee4 (0x0eac2d13) x26 0x00000001
core   0: 0x80000ee8 (0xc54f0193) addi    gp, t5, -940
core   0: 3 0x80000ee8 (0xc54f0193) x 3 0xfffffc53
core   0: 0x80000eec (0xe3c47937) lui     s2, 0xe3c47
core   0: 3 0x80000eec (0xe3c47937) x18 0xe3c47000
core   0: 0x80000ef0 (0x00000013) nop
core   0: 3 0x80000ef0 (0x00000013)
core   0: 0x80000ef4 (0x0168c233) xor     tp, a7, s6
core   0: 3 0x80000ef4 (0x0168c233) x 4 0xe160a000
core   0: 0x80000ef8 (0x7fb7b113) sltiu   sp, a5, 2043
core   0: 3 0x80000ef8 (0x7fb7b113) x 2 0x00000000
core   0: 0x80000efc (0x93d8e313) ori     t1, a7, -1731
core   0: 3 0x80000efc (0x93d8e313) x 6 0xfffff93d
core   0: 0x80000f00 (0x01bf30b3) sltu    ra, t5, s11
core   0: 3 0x80000f00 (0x01bf30b3) x 1 0x00000000
core   0: 0x80000f04 (0x00000013) nop
core   0: 3 0x80000f04 (0x00000013)
core   0: 0x80000f08 (0x01c9d693) srli    a3, s3, 28
core   0: 3 0x80000f08 (0x01c9d693) x13 0x00000007
core   0: 0x80000f0c (0x9808fc93) andi    s9, a7, -1664
core   0: 3 0x80000f0c (0x9808fc93) x25 0xe160a000
core   0: 0x80000f10 (0x41625c93) srai    s9, tp, 22
core   0: 3 0x80000f10 (0x41625c93) x25 0xffffff85
core   0: 0x80000f14 (0x00d6e5b3) or      a1, a3, a3
core   0: 3 0x80000f14 (0x00d6e5b3) x11 0x00000007
core   0: 0x80000f18 (0x01c55133) srl     sp, a0, t3
core   0: 3 0x80000f18 (0x01c55133) x 2 0x6b773e24
core   0: 0x80000f1c (0x00ee5593) srli    a1, t3, 14
core   0: 3 0x80000f1c (0x00ee5593) x11 0x0002ad7d
core   0: 0x80000f20 (0x011335b3) sltu    a1, t1, a7
core   0: 3 0x80000f20 (0x011335b3) x11 0x00000000
core   0: 0x80000f24 (0x00d9be33) sltu    t3, s3, a3
core   0: 3 0x80000f24 (0x00d9be33) x28 0x00000000
core   0: 0x80000f28 (0xa20e5a97) auipc   s5, 0xa20e5
core   0: 3 0x80000f28 (0xa20e5a97) x21 0x220e5f28
core   0: 0x80000f2c (0xc6393113) sltiu   sp, s2, -925
core   0: 3 0x80000f2c (0xc6393113) x 2 0x00000001
core   0: 0x80000f30 (0x8c666193) ori     gp, a2, -1850
core   0: 3 0x80000f30 (0x8c666193) x 3 0xfffffece
core   0: 0x80000f34 (0x00bff9b3) and     s3, t6, a1
core   0: 3 0x80000f34 (0x00bff9b3) x19 0x00000000
core   0: 0x80000f38 (0x00681c33) sll     s8, a6, t1
core   0: 3 0x80000f38 (0x00681c33) x24 0x80000000
core   0: 0x80000f3c (0x00380033) add     zero, a6, gp
core   0: 3 0x80000f3c (0x00380033)
core   0: 0x80000f40 (0xf1d78513) addi    a0, a5, -227
core   0: 3 0x80000f40 (0xf1d78513) x10 0x8465ac0c
core   0: 0x80000f44 (0xedb70c93) addi    s9, a4, -293
core   0: 3 0x80000f44 (0xedb70c93) x25 0x00000063
core   0: 0x80000f48 (0x6eed8937) lui     s2, 0x6eed8
core   0: 3 0x80000f48 (0x6eed8937) x18 0x6eed8000
core   0: 0x80000f4c (0x09bdcc17) auipc   s8, 0x9bdc
core   0: 3 0x80000f4c (0x09bdcc17) x24 0x89bdcf4c
core   0: 0x80000f50 (0x013f2433) slt     s0, t5, s3
core   0: 3 0x80000f50 (0x013f2433) x 8 0x00000001
core   0: 0x80000f54 (0x018888b3) add     a7, a7, s8
core   0: 3 0x80000f54 (0x018888b3) x17 0x6b1e6f4c
core   0: 0x80000f58 (0x00a3d6b3) srl     a3, t2, a0
core   0: 3 0x80000f58 (0x00a3d6b3) x13 0x00080011
core   0: 0x80000f5c (0x16bf3893) sltiu   a7, t5, 363
core   0: 3 0x80000f5c (0x16bf3893) x17 0x00000000
core   0: 0x80000f60 (0x40ab5233) sra     tp, s6, a0
core   0: 3 0x80000f60 (0x40ab5233) x 4 0x00000000
core   0: 0x80000f64 (0x5aeb7793) andi    a5, s6, 1454
core   0: 3 0x80000f64 (0x5aeb7793) x15 0x00000000
core   0: 0x80000f68 (0x082c5617) auipc   a2, 0x82c5
core   0: 3 0x80000f68 (0x082c5617) x12 0x882c5f68
core   0: 0x80000f6c (0x9dc82bb7) lui     s7, 0x9dc82
core   0: 3 0x80000f6c (0x9dc82bb7) x23 0x9dc82000
core   0: 0x80000f70 (0x00000013) nop
core   0: 3 0x80000f70 (0x00000013)
core   0: 0x80000f74 (0x00eba533) slt     a0, s7, a4
core   0: 3 0x80000f74 (0x00eba533) x10 0x00000001
core   0: 0x80000f78 (0x63c94c93) xori    s9, s2, 1596
core   0: 3 0x80000f78 (0x63c94c93) x25 0x6eed863c
core   0: 0x80000f7c (0x4187d793) srai    a5, a5, 24
core   0: 3 0x80000f7c (0x4187d793) x15 0x00000000
core   0: 0x80000f80 (0x407cdb93) srai    s7, s9, 7
core   0: 3 0x80000f80 (0x407cdb93) x23 0x00dddb0c
core   0: 0x80000f84 (0x00823233) sltu    tp, tp, s0
core   0: 3 0x80000f84 (0x00823233) x 4 0x00000001
core   0: 0x80000f88 (0x004f66b3) or      a3, t5, tp
core   0: 3 0x80000f88 (0x004f66b3) x13 0xffffffff
core   0: 0x80000f8c (0x411e0cb3) sub     s9, t3, a7
core   0: 3 0x80000f8c (0x411e0cb3) x25 0x00000000
core   0: 0x80000f90 (0x1af4c9b7) lui     s3, 0x1af4c
core   0: 3 0x80000f90 (0x1af4c9b7) x19 0x1af4c000
core   0: 0x80000f94 (0x535ec593) xori    a1, t4, 1333
core   0: 3 0x80000f94 (0x535ec593) x11 0xe66149f2
core   0: 0x80000f98 (0x0160f0b3) and     ra, ra, s6
core   0: 3 0x80000f98 (0x0160f0b3) x 1 0x00000000
core   0: 0x80000f9c (0x00ff2333) slt     t1, t5, a5
core   0: 3 0x80000f9c (0x00ff2333) x 6 0x00000001
core   0: 0x80000fa0 (0x5ace7217) auipc   tp, 0x5ace7
core   0: 3 0x80000fa0 (0x5ace7217) x 4 0xdace7fa0
core   0: 0x80000fa4 (0x010b46b3) xor     a3, s6, a6
core   0: 3 0x80000fa4 (0x010b46b3) x13 0xfa4450b4
core   0: 0x80000fa8 (0x2ebaae13) slti    t3, s5, 747
core   0: 3 0x80000fa8 (0x2ebaae13) x28 0x00000000
core   0: 0x80000fac (0x70598a13) addi    s4, s3, 1797
core   0: 3 0x80000fac (0x70598a13) x20 0x1af4c705
core   0: 0x80000fb0 (0xf25450b7) lui     ra, 0xf2545
core   0: 3 0x80000fb0 (0xf25450b7) x 1 0xf2545000
core   0: 0x80000fb4 (0xfe49c913) xori    s2, s3, -28
core   0: 3 0x80000fb4 (0xfe49c913) x18 0xe50b3fe4
core   0: 0x80000fb8 (0x40c20733) sub     a4, tp, a2
core   0: 3 0x80000fb8 (0x40c20733) x14 0x52a22038
core   0: 0x80000fbc (0x007f4e33) xor     t3, t5, t2
core   0: 3 0x80000fbc (0x007f4e33) x28 0x7ffee19b
core   0: 0x80000fc0 (0x01eb5a33) srl     s4, s6, t5
core   0: 3 0x80000fc0 (0x01eb5a33) x20 0x00000000
core   0: 0x80000fc4 (0xa1524013) xori    zero, tp, -1515
core   0: 3 0x80000fc4 (0xa1524013)
core   0: 0x80000fc8 (0x54dc2b13) slti    s6, s8, 1357
core   0: 3 0x80000fc8 (0x54dc2b13) x22 0x00000001
core   0: 0x80000fcc (0x012d10b3) sll     ra, s10, s2
core   0: 3 0x80000fcc (0x012d10b3) x 1 0x00000010
core   0: 0x80000fd0 (0x41750db3) sub     s11, a0, s7
core   0: 3 0x80000fd0 (0x41750db3) x27 0xff2224f5
core   0: 0x80000fd4 (0x00cc9013) slli    zero, s9, 12
core   0: 3 0x80000fd4 (0x00cc9013)
core   0: 0x80000fd8 (0x00401013) slli    zero, zero, 4
core   0: 3 0x80000fd8 (0x00401013)
core   0: 0x80000fdc (0x98018e13) addi    t3, gp, -1664
core   0: 3 0x80000fdc (0x98018e13) x28 0xfffff84e
core   0: 0x80000fe0 (0x014bdb93) srli    s7, s7, 20
core   0: 3 0x80000fe0 (0x014bdb93) x23 0x0000000d
core   0: 0x80000fe4 (0x00412db3) slt     s11, sp, tp
core   0: 3 0x80000fe4 (0x00412db3) x27 0x00000000
core   0: 0x80000fe8 (0x5e14f493) andi    s1, s1, 1505
core   0: 3 0x80000fe8 (0x5e14f493) x 9 0x00000000
core   0: 0x80000fec (0x01b20a33) add     s4, tp, s11
core   0: 3 0x80000fec (0x01b20a33) x20 0xdace7fa0
core   0: 0x80000ff0 (0x4095d1b3) sra     gp, a1, s1
core   0: 3 0x80000ff0 (0x4095d1b3) x 3 0xe66149f2
core   0: 0x80000ff4 (0x0498b013) sltiu   zero, a7, 73
core   0: 3 0x80000ff4 (0x0498b013)
core   0: 0x80000ff8 (0x011431b3) sltu    gp, s0, a7
core   0: 3 0x80000ff8 (0x011431b3) x 3 0x00000000
core   0: 0x80000ffc (0x01519ab3) sll     s5, gp, s5
core   0: 3 0x80000ffc (0x01519ab3) x21 0x00000000
core   0: 0x80001000 (0x9116eb93) ori     s7, a3, -1775
core   0: 3 0x80001000 (0x9116eb93) x23 0xfffff9b5
core   0: 0x80001004 (0x01f0d433) srl     s0, ra, t6
core   0: 3 0x80001004 (0x01f0d433) x 8 0x00000010
core   0: 0x80001008 (0x01b044b3) xor     s1, zero, s11
core   0: 3 0x80001008 (0x01b044b3) x 9 0x00000000
core   0: 0x8000100c (0x3cc0cb97) auipc   s7, 0x3cc0c
core   0: 3 0x8000100c (0x3cc0cb97) x23 0xbcc0d00c
core   0: 0x80001010 (0x4102d513) srai    a0, t0, 16
core   0: 3 0x80001010 (0x4102d513) x10 0xffff8001
core   0: 0x80001014 (0xcda98b93) addi    s7, s3, -806
core   0: 3 0x80001014 (0xcda98b93) x23 0x1af4bcda
core   0: 0x80001018 (0x408a81b3) sub     gp, s5, s0
core   0: 3 0x80001018 (0x408a81b3) x 3 0xfffffff0
core   0: 0x8000101c (0x006aa733) slt     a4, s5, t1
core   0: 3 0x8000101c (0x006aa733) x14 0x00000001
core   0: 0x80001020 (0xf4ad4a93) xori    s5, s10, -182
core   0: 3 0x80001020 (0xf4ad4a93) x21 0xffffff4b
core   0: 0x80001024 (0x00000013) nop
core   0: 3 0x80001024 (0x00000013)
core   0: 0x80001028 (0x00000013) nop
core   0: 3 0x80001028 (0x00000013)
core   0: 0x8000102c (0xadf0b713) sltiu   a4, ra, -1313
core   0: 3 0x8000102c (0xadf0b713) x14 0x00000001
core   0: 0x80001030 (0x006a30b3) sltu    ra, s4, t1
core   0: 3 0x80001030 (0x006a30b3) x 1 0x00000000
core   0: 0x80001034 (0x00000013) nop
core   0: 3 0x80001034 (0x00000013)
core   0: 0x80001038 (0x005b1a13) slli    s4, s6, 5
core   0: 3 0x80001038 (0x005b1a13) x20 0x00000020
core   0: 0x8000103c (0xf5a6ec13) ori     s8, a3, -166
core   0: 3 0x8000103c (0xf5a6ec13) x24 0xfffffffe
core   0: 0x80001040 (0x00495f13) srli    t5, s2, 4
core   0: 3 0x80001040 (0x00495f13) x30 0x0e50b3fe
core   0: 0x80001044 (0x00e3c5b3) xor     a1, t2, a4
core   0: 3 0x80001044 (0x00e3c5b3) x11 0x80011e65
core   0: 0x80001048 (0xab280093) addi    ra, a6, -1358
core   0: 3 0x80001048 (0xab280093) x 1 0xfa444b66
core   0: 0x8000104c (0xbb138093) addi    ra, t2, -1103
core   0: 3 0x8000104c (0xbb138093) x 1 0x80011a15
core   0: 0x80001050 (0xc6b53713) sltiu   a4, a0, -917
core   0: 3 0x80001050 (0xc6b53713) x14 0x00000001
core   0: 0x80001054 (0x0057e1b3) or      gp, a5, t0
core   0: 3 0x80001054 (0x0057e1b3) x 3 0x80015ce4
core   0: 0x80001058 (0x97b96697) auipc   a3, 0x97b96
core   0: 3 0x80001058 (0x97b96697) x13 0x17b97058
core   0: 0x8000105c (0x46c3cd93) xori    s11, t2, 1132
core   0: 3 0x8000105c (0x46c3cd93) x27 0x80011a08
core   0: 0x80001060 (0x00939633) sll     a2, t2, s1
core   0: 3 0x80001060 (0x00939633) x12 0x80011e64
core   0: 0x80001064 (0x01765f93) srli    t6, a2, 23
core   0: 3 0x80001064 (0x01765f93) x31 0x00000100
core   0: 0x80001068 (0x41495a93) srai    s5, s2, 20
core   0: 3 0x80001068 (0x41495a93) x21 0xfffffe50
core   0: 0x8000106c (0x00502bb3) slt     s7, zero, t0
core   0: 3 0x8000106c (0x00502bb3) x23 0x00000000
core   0: 0x80001070 (0x005abbb3) sltu    s7, s5, t0
core   0: 3 0x80001070 (0x005abbb3) x23 0x00000000
core   0: 0x80001074 (0x019bac33) slt     s8, s7, s9
core   0: 3 0x80001074 (0x019bac33) x24 0x00000000
core   0: 0x80001078 (0x00df1c13) slli    s8, t5, 13
core   0: 3 0x80001078 (0x00df1c13) x24 0x167fc000
core   0: 0x8000107c (0x9df4eb17) auipc   s6, 0x9df4e
core   0: 3 0x8000107c (0x9df4eb17) x22 0x1df4f07c
core   0: 0x80001080 (0x00e327b3) slt     a5, t1, a4
core   0: 3 0x80001080 (0x00e327b3) x15 0x00000000
core   0: 0x80001084 (0xb457ae93) slti    t4, a5, -1211
core   0: 3 0x80001084 (0xb457ae93) x29 0x00000000
core   0: 0x80001088 (0x417f5633) sra     a2, t5, s7
core   0: 3 0x80001088 (0x417f5633) x12 0x0e50b3fe
core   0: 0x8000108c (0xbab04f93) xori    t6, zero, -1109
core   0: 3 0x8000108c (0xbab04f93) x31 0xfffffbab
core   0: 0x80001090 (0x22193437) lui     s0, 0x22193
core   0: 3 0x80001090 (0x22193437) x 8 0x22193000
core   0: 0x80001094 (0x016256b3) srl     a3, tp, s6
core   0: 3 0x80001094 (0x016256b3) x13 0x0000000d
core   0: 0x80001098 (0xa5856613) ori     a2, a0, -1448
core   0: 3 0x80001098 (0xa5856613) x12 0xfffffa59
core   0: 0x8000109c (0x6a3b2f13) slti    t5, s6, 1699
core   0: 3 0x8000109c (0x6a3b2f13) x30 0x00000000
core   0: 0x800010a0 (0x41855b13) srai    s6, a0, 24
core   0: 3 0x800010a0 (0x41855b13) x22 0xffffffff
core   0: 0x800010a4 (0x010c0233) add     tp, s8, a6
core   0: 3 0x800010a4 (0x010c0233) x 4 0x10c410b4
core   0: 0x800010a8 (0x00a8c9b3) xor     s3, a7, a0
core   0: 3 0x800010a8 (0x00a8c9b3) x19 0xffff8001
core   0: 0x800010ac (0x7a8cb893) sltiu   a7, s9, 1960
core   0: 3 0x800010ac (0x7a8cb893) x17 0x00000001
core   0: 0x800010b0 (0x6cf44893) xori    a7, s0, 1743
core   0: 3 0x800010b0 (0x6cf44893) x17 0x221936cf
core   0: 0x800010b4 (0xdba61a17) auipc   s4, 0xdba61
core   0: 3 0x800010b4 (0xdba61a17) x20 0x5ba620b4
core   0: 0x800010b8 (0x7f4f3493) sltiu   s1, t5, 2036
core   0: 3 0x800010b8 (0x7f4f3493) x 9 0x00000001
core   0: 0x800010bc (0x00bfd093) srli    ra, t6, 11
core   0: 3 0x800010bc (0x00bfd093) x 1 0x001fffff
core   0: 0x800010c0 (0x2bcfb713) sltiu   a4, t6, 700
core   0: 3 0x800010c0 (0x2bcfb713) x14 0x00000000
core   0: 0x800010c4 (0x013214b3) sll     s1, tp, s3
core   0: 3 0x800010c4 (0x013214b3) x 9 0x21882168
core   0: 0x800010c8 (0x00109cb3) sll     s9, ra, ra
core   0: 3 0x800010c8 (0x00109cb3) x25 0x80000000
core   0: 0x800010cc (0x01b1c0b3) xor     ra, gp, s11
core   0: 3 0x800010cc (0x01b1c0b3) x 1 0x000046ec
core   0: 0x800010d0 (0x0197cbb3) xor     s7, a5, s9
core   0: 3 0x800010d0 (0x0197cbb3) x23 0x80000000
core   0: 0x800010d4 (0x53128d13) addi    s10, t0, 1329
core   0: 3 0x800010d4 (0x53128d13) x26 0x80016215
core   0: 0x800010d8 (0x016f75b3) and     a1, t5, s6
core   0: 3 0x800010d8 (0x016f75b3) x11 0x00000000
core   0: 0x800010dc (0x010744b3) xor     s1, a4, a6
core   0: 3 0x800010dc (0x010744b3) x 9 0xfa4450b4
core   0: 0x800010e0 (0x01838033) add     zero, t2, s8
core   0: 3 0x800010e0 (0x01838033)
core   0: 0x800010e4 (0x01d42fb3) slt     t6, s0, t4
core   0: 3 0x800010e4 (0x01d42fb3) x31 0x00000000
core   0: 0x800010e8 (0x01749c33) sll     s8, s1, s7
core   0: 3 0x800010e8 (0x01749c33) x24 0xfa4450b4
core   0: 0x800010ec (0x013924b3) slt     s1, s2, s3
core   0: 3 0x800010ec (0x013924b3) x 9 0x00000001
core   0: 0x800010f0 (0x01fdc633) xor     a2, s11, t6
core   0: 3 0x800010f0 (0x01fdc633) x12 0x80011a08
core   0: 0x800010f4 (0xd1be2513) slti    a0, t3, -741
core   0: 3 0x800010f4 (0xd1be2513) x10 0x00000001
core   0: 0x800010f8 (0xa7404713) xori    a4, zero, -1420
core   0: 3 0x800010f8 (0xa7404713) x14 0xfffffa74
core   0: 0x800010fc (0x41778cb3) sub     s9, a5, s7
core   0: 3 0x800010fc (0x41778cb3) x25 0x80000000
core   0: 0x80001100 (0x00dd6ab3) or      s5, s10, a3
core   0: 3 0x80001100 (0x00dd6ab3) x21 0x8001621d
core   0: 0x80001104 (0x40bc5933) sra     s2, s8, a1
core   0: 3 0x80001104 (0x40bc5933) x18 0xfa4450b4
core   0: 0x80001108 (0x012478b3) and     a7, s0, s2
core   0: 3 0x80001108 (0x012478b3) x17 0x22001000
core   0: 0x8000110c (0x007c49b3) xor     s3, s8, t2
core   0: 3 0x8000110c (0x007c49b3) x19 0x7a454ed0
core   0: 0x80001110 (0x367b3613) sltiu   a2, s6, 871
core   0: 3 0x80001110 (0x367b3613) x12 0x00000000
core   0: 0x80001114 (0x01c3ac33) slt     s8, t2, t3
core   0: 3 0x80001114 (0x01c3ac33) x24 0x00000001
core   0: 0x80001118 (0x018d60b3) or      ra, s10, s8
core   0: 3 0x80001118 (0x018d60b3) x 1 0x80016215
core   0: 0x8000111c (0x756d3b13) sltiu   s6, s10, 1878
core   0: 3 0x8000111c (0x756d3b13) x22 0x00000000
core   0: 0x80001120 (0x013c7333) and     t1, s8, s3
core   0: 3 0x80001120 (0x013c7333) x 6 0x00000000
core   0: 0x80001124 (0x007781b3) add     gp, a5, t2
core   0: 3 0x80001124 (0x007781b3) x 3 0x80011e64
core   0: 0x80001128 (0x00ff8c33) add     s8, t6, a5
core   0: 3 0x80001128 (0x00ff8c33) x24 0x00000000
core   0: 0x8000112c (0x56b3ed13) ori     s10, t2, 1387
core   0: 3 0x8000112c (0x56b3ed13) x26 0x80011f6f
core   0: 0x80001130 (0x0003cab3) xor     s5, t2, zero
core   0: 3 0x80001130 (0x0003cab3) x21 0x80011e64
core   0: 0x80001134 (0x75fa8c97) auipc   s9, 0x75fa8
core   0: 3 0x80001134 (0x75fa8c97) x25 0xf5fa9134
core   0: 0x80001138 (0x01319233) sll     tp, gp, s3
core   0: 3 0x80001138 (0x01319233) x 4 0x1e640000
core   0: 0x8000113c (0x014a34b3) sltu    s1, s4, s4
core   0: 3 0x8000113c (0x014a34b3) x 9 0x00000000
core   0: 0x80001140 (0x28588e13) addi    t3, a7, 645
core   0: 3 0x80001140 (0x28588e13) x28 0x22001285
core   0: 0x80001144 (0x00817a33) and     s4, sp, s0
core   0: 3 0x80001144 (0x00817a33) x20 0x00000000
core   0: 0x80001148 (0x002cdc33) srl     s8, s9, sp
core   0: 3 0x80001148 (0x002cdc33) x24 0x7afd489a
core   0: 0x8000114c (0x40635613) srai    a2, t1, 6
core   0: 3 0x8000114c (0x40635613) x12 0x00000000
core   0: 0x80001150 (0x01d3ac33) slt     s8, t2, t4
core   0: 3 0x80001150 (0x01d3ac33) x24 0x00000001
core   0: 0x80001154 (0x40cc88b3) sub     a7, s9, a2
core   0: 3 0x80001154 (0x40cc88b3) x17 0xf5fa9134
core   0: 0x80001158 (0x00ae8cb3) add     s9, t4, a0
core   0: 3 0x80001158 (0x00ae8cb3) x25 0x00000001
core   0: 0x8000115c (0x2f7ec913) xori    s2, t4, 759
core   0: 3 0x8000115c (0x2f7ec913) x18 0x000002f7
core   0: 0x80001160 (0x01c4d6b3) srl     a3, s1, t3
core   0: 3 0x80001160 (0x01c4d6b3) x13 0x00000000
core   0: 0x80001164 (0xcb676117) auipc   sp, 0xcb676
core   0: 3 0x80001164 (0xcb676117) x 2 0x4b677164
core   0: 0x80001168 (0xb1052013) slti    zero, a0, -1264
core   0: 3 0x80001168 (0xb1052013)
core   0: 0x8000116c (0xd66dd0b7) lui     ra, 0xd66dd
core   0: 3 0x8000116c (0xd66dd0b7) x 1 0xd66dd000
core   0: 0x80001170 (0x00009933) sll     s2, ra, zero
core   0: 3 0x80001170 (0x00009933) x18 0xd66dd000
core   0: 0x80001174 (0x00acff33) and     t5, s9, a0
core   0: 3 0x80001174 (0x00acff33) x30 0x00000001
core   0: 0x80001178 (0xe9b33ab7) lui     s5, 0xe9b33
core   0: 3 0x80001178 (0xe9b33ab7) x21 0xe9b33000
core   0: 0x8000117c (0x01815e33) srl     t3, sp, s8
core   0: 3 0x8000117c (0x01815e33) x28 0x25b3b8b2
core   0: 0x80001180 (0x00000013) nop
core   0: 3 0x80001180 (0x00000013)
core   0: 0x80001184 (0x40698733) sub     a4, s3, t1
core   0: 3 0x80001184 (0x40698733) x14 0x7a454ed0
core   0: 0x80001188 (0x003c7c33) and     s8, s8, gp
core   0: 3 0x80001188 (0x003c7c33) x24 0x00000000
core   0: 0x8000118c (0xbc16f993) andi    s3, a3, -1087
core   0: 3 0x8000118c (0xbc16f993) x19 0x00000000
core   0: 0x80001190 (0x00535593) srli    a1, t1, 5
core   0: 3 0x80001190 (0x00535593) x11 0x00000000
core   0: 0x80001194 (0x418201b3) sub     gp, tp, s8
core   0: 3 0x80001194 (0x418201b3) x 3 0x1e640000
core   0: 0x80001198 (0x30323213) sltiu   tp, tp, 771
core   0: 3 0x80001198 (0x30323213) x 4 0x00000000
core   0: 0x8000119c (0xc02cb893) sltiu   a7, s9, -1022
core   0: 3 0x8000119c (0xc02cb893) x17 0x00000001
core   0: 0x800011a0 (0x0061b4b3) sltu    s1, gp, t1
core   0: 3 0x800011a0 (0x0061b4b3) x 9 0x00000000
core   0: 0x800011a4 (0x012f61b3) or      gp, t5, s2
core   0: 3 0x800011a4 (0x012f61b3) x 3 0xd66dd001
core   0: 0x800011a8 (0x8b994337) lui     t1, 0x8b994
core   0: 3 0x800011a8 (0x8b994337) x 6 0x8b994000
core   0: 0x800011ac (0x00b09a13) slli    s4, ra, 11
core   0: 3 0x800011ac (0x00b09a13) x20 0x6e800000
core   0: 0x800011b0 (0x01744a33) xor     s4, s0, s7
core   0: 3 0x800011b0 (0x01744a33) x20 0xa2193000
core   0: 0x800011b4 (0x40fe5213) srai    tp, t3, 15
core   0: 3 0x800011b4 (0x40fe5213) x 4 0x00004b67
core   0: 0x800011b8 (0xcf0ce513) ori     a0, s9, -784
core   0: 3 0x800011b8 (0xcf0ce513) x10 0xfffffcf1
core   0: 0x800011bc (0x01c48233) add     tp, s1, t3
core   0: 3 0x800011bc (0x01c48233) x 4 0x25b3b8b2
core   0: 0x800011c0 (0x4f048193) addi    gp, s1, 1264
core   0: 3 0x800011c0 (0x4f048193) x 3 0x000004f0
core   0: 0x800011c4 (0x00dc5933) srl     s2, s8, a3
core   0: 3 0x800011c4 (0x00dc5933) x18 0x00000000
core   0: 0x800011c8 (0x80a63e93) sltiu   t4, a2, -2038
core   0: 3 0x800011c8 (0x80a63e93) x29 0x00000001
core   0: 0x800011cc (0xfebfb693) sltiu   a3, t6, -21
core   0: 3 0x800011cc (0xfebfb693) x13 0x00000001
core   0: 0x800011d0 (0x49934413) xori    s0, t1, 1177
core   0: 3 0x800011d0 (0x49934413) x 8 0x8b994499
core   0: 0x800011d4 (0xf7ab6593) ori     a1, s6, -134
core   0: 3 0x800011d4 (0xf7ab6593) x11 0xffffff7a
core   0: 0x800011d8 (0x00804533) xor     a0, zero, s0
core   0: 3 0x800011d8 (0x00804533) x10 0x8b994499
core   0: 0x800011dc (0x00000013) nop
core   0: 3 0x800011dc (0x00000013)
core   0: 0x800011e0 (0xaa566217) auipc   tp, 0xaa566
core   0: 3 0x800011e0 (0xaa566217) x 4 0x2a5671e0
core   0: 0x800011e4 (0x5cce8993) addi    s3, t4, 1484
core   0: 3 0x800011e4 (0x5cce8993) x19 0x000005cd
core   0: 0x800011e8 (0x00f6e633) or      a2, a3, a5
core   0: 3 0x800011e8 (0x00f6e633) x12 0x00000001
core   0: 0x800011ec (0x013a6e33) or      t3, s4, s3
core   0: 3 0x800011ec (0x013a6e33) x28 0xa21935cd
core   0: 0x800011f0 (0xe24ba593) slti    a1, s7, -476
core   0: 3 0x800011f0 (0xe24ba593) x11 0x00000001
core   0: 0x800011f4 (0x25e10893) addi    a7, sp, 606
core   0: 3 0x800011f4 (0x25e10893) x17 0x4b6773c2
core   0: 0x800011f8 (0x016a6bb3) or      s7, s4, s6
core   0: 3 0x800011f8 (0x016a6bb3) x23 0xa2193000
core   0: 0x800011fc (0xd9ea0c97) auipc   s9, 0xd9ea0
core   0: 3 0x800011fc (0xd9ea0c97) x25 0x59ea11fc
core   0: 0x80001200 (0x01eafc33) and     s8, s5, t5
core   0: 3 0x80001200 (0x01eafc33) x24 0x00000000
core   0: 0x80001204 (0x410b5b13) srai    s6, s6, 16
core   0: 3 0x80001204 (0x410b5b13) x22 0x00000000
core   0: 0x80001208 (0xcde7b613) sltiu   a2, a5, -802
core   0: 3 0x80001208 (0xcde7b613) x12 0x00000001
core   0: 0x8000120c (0xbacbe693) ori     a3, s7, -1108
core   0: 3 0x8000120c (0xbacbe693) x13 0xfffffbac
core   0: 0x80001210 (0xe9482197) auipc   gp, 0xe9482
core   0: 3 0x80001210 (0xe9482197) x 3 0x69483210
core   0: 0x80001214 (0x86aeec13) ori     s8, t4, -1942
core   0: 3 0x80001214 (0x86aeec13) x24 0xfffff86b
core   0: 0x80001218 (0x15c88bb7) lui     s7, 0x15c88
core   0: 3 0x80001218 (0x15c88bb7) x23 0x15c88000
core   0: 0x8000121c (0x013f5db3) srl     s11, t5, s3
core   0: 3 0x8000121c (0x013f5db3) x27 0x00000000
core   0: 0x80001220 (0x41f08a33) sub     s4, ra, t6
core   0: 3 0x80001220 (0x41f08a33) x20 0xd66dd000
core   0: 0x80001224 (0x00917eb3) and     t4, sp, s1
core   0: 3 0x80001224 (0x00917eb3) x29 0x00000000
core   0: 0x80001228 (0x473c0d13) addi    s10, s8, 1139
core   0: 3 0x80001228 (0x473c0d13) x26 0xfffffcde
core   0: 0x8000122c (0x01031a93) slli    s5, t1, 16
core   0: 3 0x8000122c (0x01031a93) x21 0x40000000
core   0: 0x80001230 (0x01b2c6b3) xor     a3, t0, s11
core   0: 3 0x80001230 (0x01b2c6b3) x13 0x80015ce4
core   0: 0x80001234 (0x01e76133) or      sp, a4, t5
core   0: 3 0x80001234 (0x01e76133) x 2 0x7a454ed1
core   0: 0x80001238 (0x00e0bbb3) sltu    s7, ra, a4
core   0: 3 0x80001238 (0x00e0bbb3) x23 0x00000000
core   0: 0x8000123c (0x412e0b33) sub     s6, t3, s2
core   0: 3 0x8000123c (0x412e0b33) x22 0xa21935cd
core   0: 0x80001240 (0x19917d93) andi    s11, sp, 409
core   0: 3 0x80001240 (0x19917d93) x27 0x00000091
core   0: 0x80001244 (0xe872e713) ori     a4, t0, -377
core   0: 3 0x80001244 (0xe872e713) x14 0xfffffee7
core   0: 0x80001248 (0x11967693) andi    a3, a2, 281
core   0: 3 0x80001248 (0x11967693) x13 0x00000001
core   0: 0x8000124c (0xf6f17b93) andi    s7, sp, -145
core   0: 3 0x8000124c (0xf6f17b93) x23 0x7a454e41
core   0: 0x80001250 (0x011abc33) sltu    s8, s5, a7
core   0: 3 0x80001250 (0x011abc33) x24 0x00000001
core   0: 0x80001254 (0x082aa497) auipc   s1, 0x82aa
core   0: 3 0x80001254 (0x082aa497) x 9 0x882ab254
core   0: 0x80001258 (0x41545a33) sra     s4, s0, s5
core   0: 3 0x80001258 (0x41545a33) x20 0x8b994499
core   0: 0x8000125c (0x00b10cb3) add     s9, sp, a1
core   0: 3 0x8000125c (0x00b10cb3) x25 0x7a454ed2
core   0: 0x80001260 (0x00621233) sll     tp, tp, t1
core   0: 3 0x80001260 (0x00621233) x 4 0x2a5671e0
core   0: 0x80001264 (0x7f5ff497) auipc   s1, 0x7f5ff
core   0: 3 0x80001264 (0x7f5ff497) x 9 0xff600264
core   0: 0x80001268 (0x4078dd93) srai    s11, a7, 7
core   0: 3 0x80001268 (0x4078dd93) x27 0x0096cee7
core   0: 0x8000126c (0x0006c733) xor     a4, a3, zero
core   0: 3 0x8000126c (0x0006c733) x14 0x00000001
core   0: 0x80001270 (0x00b42e33) slt     t3, s0, a1
core   0: 3 0x80001270 (0x00b42e33) x28 0x00000001
core   0: 0x80001274 (0x2fc7f193) andi    gp, a5, 764
core   0: 3 0x80001274 (0x2fc7f193) x 3 0x00000000
core   0: 0x80001278 (0x2aed1c17) auipc   s8, 0x2aed1
core   0: 3 0x80001278 (0x2aed1c17) x24 0xaaed2278
core   0: 0x8000127c (0x01e27f33) and     t5, tp, t5
core   0: 3 0x8000127c (0x01e27f33) x30 0x00000000
core   0: 0x80001280 (0x00de1993) slli    s3, t3, 13
core   0: 3 0x80001280 (0x00de1993) x19 0x00002000
core   0: 0x80001284 (0x00000013) nop
core   0: 3 0x80001284 (0x00000013)
core   0: 0x80001288 (0x007bf933) and     s2, s7, t2
core   0: 3 0x80001288 (0x007bf933) x18 0x00010e40
core   0: 0x8000128c (0x400ad713) srai    a4, s5, 0
core   0: 3 0x8000128c (0x400ad713) x14 0x40000000
core   0: 0x80001290 (0x00dd8433) add     s0, s11, a3
core   0: 3 0x80001290 (0x00dd8433) x 8 0x0096cee8
core   0: 0x80001294 (0x0100bdb3) sltu    s11, ra, a6
core   0: 3 0x80001294 (0x0100bdb3) x27 0x00000001
core   0: 0x80001298 (0x273c7413) andi    s0, s8, 627
core   0: 3 0x80001298 (0x273c7413) x 8 0x00000270
core   0: 0x8000129c (0x00d57733) and     a4, a0, a3
core   0: 3 0x8000129c (0x00d57733) x14 0x00000001
core   0: 0x800012a0 (0x49cef193) andi    gp, t4, 1180
core   0: 3 0x800012a0 (0x49cef193) x 3 0x00000000
core   0: 0x800012a4 (0x00f115b3) sll     a1, sp, a5
core   0: 3 0x800012a4 (0x00f115b3) x11 0x7a454ed1
core   0: 0x800012a8 (0x2e7ee093) ori     ra, t4, 743
core   0: 3 0x800012a8 (0x2e7ee093) x 1 0x000002e7
core   0: 0x800012ac (0x416dd233) sra     tp, s11, s6
core   0: 3 0x800012ac (0x416dd233) x 4 0x00000000
core   0: 0x800012b0 (0x414b8933) sub     s2, s7, s4
core   0: 3 0x800012b0 (0x414b8933) x18 0xeeac09a8
core   0: 0x800012b4 (0x01ff6933) or      s2, t5, t6
core   0: 3 0x800012b4 (0x01ff6933) x18 0x00000000
core   0: 0x800012b8 (0x00f92e33) slt     t3, s2, a5
core   0: 3 0x800012b8 (0x00f92e33) x28 0x00000000
core   0: 0x800012bc (0x00a95633) srl     a2, s2, a0
core   0: 3 0x800012bc (0x00a95633) x12 0x00000000
core   0: 0x800012c0 (0xa4b63513) sltiu   a0, a2, -1461
core   0: 3 0x800012c0 (0xa4b63513) x10 0x00000001
core   0: 0x800012c4 (0x00af1c13) slli    s8, t5, 10
core   0: 3 0x800012c4 (0x00af1c13) x24 0x00000000
core   0: 0x800012c8 (0x010c3f33) sltu    t5, s8, a6
core   0: 3 0x800012c8 (0x010c3f33) x30 0x00000001
core   0: 0x800012cc (0x40b9d133) sra     sp, s3, a1
core   0: 3 0x800012cc (0x40b9d133) x 2 0x00000000
core   0: 0x800012d0 (0x00b5fa33) and     s4, a1, a1
core   0: 3 0x800012d0 (0x00b5fa33) x20 0x7a454ed1
core   0: 0x800012d4 (0x00e29893) slli    a7, t0, 14
core   0: 3 0x800012d4 (0x00e29893) x17 0x57390000
core   0: 0x800012d8 (0x34bce6b7) lui     a3, 0x34bce
core   0: 3 0x800012d8 (0x34bce6b7) x13 0x34bce000
core   0: 0x800012dc (0x0101eab3) or      s5, gp, a6
core   0: 3 0x800012dc (0x0101eab3) x21 0xfa4450b4
core   0: 0x800012e0 (0x40eb8fb3) sub     t6, s7, a4
core   0: 3 0x800012e0 (0x40eb8fb3) x31 0x7a454e40
core   0: 0x800012e4 (0x00000013) nop
core   0: 3 0x800012e4 (0x00000013)
core   0: 0x800012e8 (0x59a52193) slti    gp, a0, 1434
core   0: 3 0x800012e8 (0x59a52193) x 3 0x00000001
core   0: 0x800012ec (0x00e20733) add     a4, tp, a4
core   0: 3 0x800012ec (0x00e20733) x14 0x00000001
core   0: 0x800012f0 (0xbaea8a13) addi    s4, s5, -1106
core   0: 3 0x800012f0 (0xbaea8a13) x20 0xfa444c62
core   0: 0x800012f4 (0x00e85a93) srli    s5, a6, 14
core   0: 3 0x800012f4 (0x00e85a93) x21 0x0003e911
core   0: 0x800012f8 (0xcf9b75b7) lui     a1, 0xcf9b7
core   0: 3 0x800012f8 (0xcf9b75b7) x11 0xcf9b7000
core   0: 0x800012fc (0xf46d8e97) auipc   t4, 0xf46d8
core   0: 3 0x800012fc (0xf46d8e97) x29 0x746d92fc
core   0: 0x80001300 (0x01437133) and     sp, t1, s4
core   0: 3 0x80001300 (0x01437133) x 2 0x8a004000
core   0: 0x80001304 (0x000eff33) and     t5, t4, zero
core   0: 3 0x80001304 (0x000eff33) x30 0x00000000
core   0: 0x80001308 (0x400b5fb3) sra     t6, s6, zero
core   0: 3 0x80001308 (0x400b5fb3) x31 0xa21935cd
core   0: 0x8000130c (0x7c813b13) sltiu   s6, sp, 1992
core   0: 3 0x8000130c (0x7c813b13) x22 0x00000000
core   0: 0x80001310 (0x00275eb3) srl     t4, a4, sp
core   0: 3 0x80001310 (0x00275eb3) x29 0x00000001
core   0: 0x80001314 (0x412654b3) sra     s1, a2, s2
core   0: 3 0x80001314 (0x412654b3) x 9 0x00000000
core   0: 0x80001318 (0x016d1a93) slli    s5, s10, 22
core   0: 3 0x80001318 (0x016d1a93) x21 0x37800000
core   0: 0x8000131c (0x00075b93) srli    s7, a4, 0
core   0: 3 0x8000131c (0x00075b93) x23 0x00000001
core   0: 0x80001320 (0x400757b3) sra     a5, a4, zero
core   0: 3 0x80001320 (0x400757b3) x15 0x00000001
core   0: 0x80001324 (0xe79a6a13) ori     s4, s4, -391
core   0: 3 0x80001324 (0xe79a6a13) x20 0xfffffe7b
core   0: 0x80001328 (0xc74d0217) auipc   tp, 0xc74d0
core   0: 3 0x80001328 (0xc74d0217) x 4 0x474d1328
core   0: 0x8000132c (0x01449b93) slli    s7, s1, 20
core   0: 3 0x8000132c (0x01449b93) x23 0x00000000
core   0: 0x80001330 (0xb7517c93) andi    s9, sp, -1163
core   0: 3 0x80001330 (0xb7517c93) x25 0x8a004000
core   0: 0x80001334 (0x012b9f13) slli    t5, s7, 18
core   0: 3 0x80001334 (0x012b9f13) x30 0x00000000
core   0: 0x80001338 (0x0077f6b3) and     a3, a5, t2
core   0: 3 0x80001338 (0x0077f6b3) x13 0x00000000
core   0: 0x8000133c (0x73d62f13) slti    t5, a2, 1853
core   0: 3 0x8000133c (0x73d62f13) x30 0x00000001
core   0: 0x80001340 (0xee19b793) sltiu   a5, s3, -287
core   0: 3 0x80001340 (0xee19b793) x15 0x00000001
core   0: 0x80001344 (0x00f79493) slli    s1, a5, 15
core   0: 3 0x80001344 (0x00f79493) x 9 0x00008000
core   0: 0x80001348 (0x41ae09b3) sub     s3, t3, s10
core   0: 3 0x80001348 (0x41ae09b3) x19 0x00000322
core   0: 0x8000134c (0x00f2a7b3) slt     a5, t0, a5
core   0: 3 0x8000134c (0x00f2a7b3) x15 0x00000001
core   0: 0x80001350 (0x00206eb3) or      t4, zero, sp
core   0: 3 0x80001350 (0x00206eb3) x29 0x8a004000
core   0: 0x80001354 (0x003436b3) sltu    a3, s0, gp
core   0: 3 0x80001354 (0x003436b3) x13 0x00000000
core   0: 0x80001358 (0x016dd133) srl     sp, s11, s6
core   0: 3 0x80001358 (0x016dd133) x 2 0x00000001
core   0: 0x8000135c (0x415c06b3) sub     a3, s8, s5
core   0: 3 0x8000135c (0x415c06b3) x13 0xc8800000
core   0: 0x80001360 (0x00000013) nop
core   0: 3 0x80001360 (0x00000013)
core   0: 0x80001364 (0x3f7aee93) ori     t4, s5, 1015
core   0: 3 0x80001364 (0x3f7aee93) x29 0x378003f7
core   0: 0x80001368 (0x04448113) addi    sp, s1, 68
core   0: 3 0x80001368 (0x04448113) x 2 0x00008044
core   0: 0x8000136c (0x005d5593) srli    a1, s10, 5
core   0: 3 0x8000136c (0x005d5593) x11 0x07ffffe6
core   0: 0x80001370 (0x00662bb3) slt     s7, a2, t1
core   0: 3 0x80001370 (0x00662bb3) x23 0x00000000
core   0: 0x80001374 (0x410c05b3) sub     a1, s8, a6
core   0: 3 0x80001374 (0x410c05b3) x11 0x05bbaf4c
core   0: 0x80001378 (0x009e77b3) and     a5, t3, s1
core   0: 3 0x80001378 (0x009e77b3) x15 0x00000000
core   0: 0x8000137c (0x01261913) slli    s2, a2, 18
core   0: 3 0x8000137c (0x01261913) x18 0x00000000
core   0: 0x80001380 (0x00000013) nop
core   0: 3 0x80001380 (0x00000013)
core   0: 0x80001384 (0x00000013) nop
core   0: 3 0x80001384 (0x00000013)
core   0: 0x80001388 (0x43abe137) lui     sp, 0x43abe
core   0: 3 0x80001388 (0x43abe137) x 2 0x43abe000
core   0: 0x8000138c (0x018e9493) slli    s1, t4, 24
core   0: 3 0x8000138c (0x018e9493) x 9 0xf7000000
core   0: 0x80001390 (0x013d3ab3) sltu    s5, s10, s3
core   0: 3 0x80001390 (0x013d3ab3) x21 0x00000000
core   0: 0x80001394 (0x015da6b3) slt     a3, s11, s5
core   0: 3 0x80001394 (0x015da6b3) x13 0x00000000
core   0: 0x80001398 (0x0137f8b3) and     a7, a5, s3
core   0: 3 0x80001398 (0x0137f8b3) x17 0x00000000
core   0: 0x8000139c (0x01b6d093) srli    ra, a3, 27
core   0: 3 0x8000139c (0x01b6d093) x 1 0x00000000
core   0: 0x800013a0 (0x96d64d13) xori    s10, a2, -1683
core   0: 3 0x800013a0 (0x96d64d13) x26 0xfffff96d
core   0: 0x800013a4 (0x015d9213) slli    tp, s11, 21
core   0: 3 0x800013a4 (0x015d9213) x 4 0x00200000
core   0: 0x800013a8 (0x4e89c013) xori    zero, s3, 1256
core   0: 3 0x800013a8 (0x4e89c013)
core   0: 0x800013ac (0x6fdff793) andi    a5, t6, 1789
core   0: 3 0x800013ac (0x6fdff793) x15 0x000004cd
core   0: 0x800013b0 (0x40370a33) sub     s4, a4, gp
core   0: 3 0x800013b0 (0x40370a33) x20 0x00000000
core   0: 0x800013b4 (0xf603a893) slti    a7, t2, -160
core   0: 3 0x800013b4 (0xf603a893) x17 0x00000001
core   0: 0x800013b8 (0x00ef3c33) sltu    s8, t5, a4
core   0: 3 0x800013b8 (0x00ef3c33) x24 0x00000000
core   0: 0x800013bc (0x41458c33) sub     s8, a1, s4
core   0: 3 0x800013bc (0x41458c33) x24 0x05bbaf4c
core   0: 0x800013c0 (0x08a0df37) lui     t5, 0x8a0d
core   0: 3 0x800013c0 (0x08a0df37) x30 0x08a0d000
core   0: 0x800013c4 (0xd560af93) slti    t6, ra, -682
core   0: 3 0x800013c4 (0xd560af93) x31 0x00000000
core   0: 0x800013c8 (0x1130b213) sltiu   tp, ra, 275
core   0: 3 0x800013c8 (0x1130b213) x 4 0x00000001
core   0: 0x800013cc (0x409ad213) srai    tp, s5, 9
core   0: 3 0x800013cc (0x409ad213) x 4 0x00000000
core   0: 0x800013d0 (0x016f2633) slt     a2, t5, s6
core   0: 3 0x800013d0 (0x016f2633) x12 0x00000000
core   0: 0x800013d4 (0x40710333) sub     t1, sp, t2
core   0: 3 0x800013d4 (0x40710333) x 6 0xc3aac19c
core   0: 0x800013d8 (0x1fba3e13) sltiu   t3, s4, 507
core   0: 3 0x800013d8 (0x1fba3e13) x28 0x00000001
core   0: 0x800013dc (0x40595413) srai    s0, s2, 5
core   0: 3 0x800013dc (0x40595413) x 8 0x00000000
core   0: 0x800013e0 (0x00b19e33) sll     t3, gp, a1
core   0: 3 0x800013e0 (0x00b19e33) x28 0x00001000
core   0: 0x800013e4 (0x56734417) auipc   s0, 0x56734
core   0: 3 0x800013e4 (0x56734417) x 8 0xd67353e4
core   0: 0x800013e8 (0x2f502313) slti    t1, zero, 757
core   0: 3 0x800013e8 (0x2f502313) x 6 0x00000001
core   0: 0x800013ec (0x011c0e33) add     t3, s8, a7
core   0: 3 0x800013ec (0x011c0e33) x28 0x05bbaf4d
core   0: 0x800013f0 (0x003d2d33) slt     s10, s10, gp
core   0: 3 0x800013f0 (0x003d2d33) x26 0x00000001
core   0: 0x800013f4 (0x01b316b3) sll     a3, t1, s11
core   0: 3 0x800013f4 (0x01b316b3) x13 0x00000002
core   0: 0x800013f8 (0x01fe64b3) or      s1, t3, t6
core   0: 3 0x800013f8 (0x01fe64b3) x 9 0x05bbaf4d
core   0: 0x800013fc (0x01ae40b3) xor     ra, t3, s10
core   0: 3 0x800013fc (0x01ae40b3) x 1 0x05bbaf4c
core   0: 0x80001400 (0x00b4c0b3) xor     ra, s1, a1
core   0: 3 0x80001400 (0x00b4c0b3) x 1 0x00000001
core   0: 0x80001404 (0x006c9133) sll     sp, s9, t1
core   0: 3 0x80001404 (0x006c9133) x 2 0x14008000
core   0: 0x80001408 (0x00a3a333) slt     t1, t2, a0
core   0: 3 0x80001408 (0x00a3a333) x 6 0x00000001
core   0: 0x8000140c (0x0476ba13) sltiu   s4, a3, 71
core   0: 3 0x8000140c (0x0476ba13) x20 0x00000001
core   0: 0x80001410 (0x012b9193) slli    gp, s7, 18
core   0: 3 0x80001410 (0x012b9193) x 3 0x00000000
core   0: 0x80001414 (0x00000013) nop
core   0: 3 0x80001414 (0x00000013)
core   0: 0x80001418 (0x00416333) or      t1, sp, tp
core   0: 3 0x80001418 (0x00416333) x 6 0x14008000
core   0: 0x8000141c (0x5b787997) auipc   s3, 0x5b787
core   0: 3 0x8000141c (0x5b787997) x19 0xdb78841c
core   0: 0x80001420 (0xbe6c8b93) addi    s7, s9, -1050
core   0: 3 0x80001420 (0xbe6c8b93) x23 0x8a003be6
core   0: 0x80001424 (0x00000013) nop
core   0: 3 0x80001424 (0x00000013)
core   0: 0x80001428 (0x010f3eb3) sltu    t4, t5, a6
core   0: 3 0x80001428 (0x010f3eb3) x29 0x00000001
core   0: 0x8000142c (0x40d4d213) srai    tp, s1, 13
core   0: 3 0x8000142c (0x40d4d213) x 4 0x00002ddd
core   0: 0x80001430 (0x01ee9593) slli    a1, t4, 30
core   0: 3 0x80001430 (0x01ee9593) x11 0x40000000
core   0: 0x80001434 (0x01219b13) slli    s6, gp, 18
core   0: 3 0x80001434 (0x01219b13) x22 0x00000000
core   0: 0x80001438 (0x00000013) nop
core   0: 3 0x80001438 (0x00000013)
core   0: 0x8000143c (0x41af81b3) sub     gp, t6, s10
core   0: 3 0x8000143c (0x41af81b3) x 3 0xffffffff
core   0: 0x80001440 (0xbb843093) sltiu   ra, s0, -1096
core   0: 3 0x80001440 (0xbb843093) x 1 0x00000001
core   0: 0x80001444 (0x40ee87b3) sub     a5, t4, a4
core   0: 3 0x80001444 (0x40ee87b3) x15 0x00000000
core   0: 0x80001448 (0x01d0d793) srli    a5, ra, 29
core   0: 3 0x80001448 (0x01d0d793) x15 0x00000000
core   0: 0x8000144c (0x3bd9cf13) xori    t5, s3, 957
core   0: 3 0x8000144c (0x3bd9cf13) x30 0xdb7887a1
core   0: 0x80001450 (0x6918e713) ori     a4, a7, 1681
core   0: 3 0x80001450 (0x6918e713) x14 0x00000691
core   0: 0x80001454 (0x00da46b3) xor     a3, s4, a3
core   0: 3 0x80001454 (0x00da46b3) x13 0x00000003
core   0: 0x80001458 (0x413c8bb3) sub     s7, s9, s3
core   0: 3 0x80001458 (0x413c8bb3) x23 0xae87bbe4
core   0: 0x8000145c (0x006f64b3) or      s1, t5, t1
core   0: 3 0x8000145c (0x006f64b3) x 9 0xdf7887a1
core   0: 0x80001460 (0xb8b9cd93) xori    s11, s3, -1141
core   0: 3 0x80001460 (0xb8b9cd93) x27 0x24877f97
core   0: 0x80001464 (0x09247213) andi    tp, s0, 146
core   0: 3 0x80001464 (0x09247213) x 4 0x00000080
core   0: 0x80001468 (0xbfc2a713) slti    a4, t0, -1028
core   0: 3 0x80001468 (0xbfc2a713) x14 0x00000001
core   0: 0x8000146c (0x00b41ab3) sll     s5, s0, a1
core   0: 3 0x8000146c (0x00b41ab3) x21 0xd67353e4
core   0: 0x80001470 (0x00000013) nop
core   0: 3 0x80001470 (0x00000013)
core   0: 0x80001474 (0x90d52113) slti    sp, a0, -1779
core   0: 3 0x80001474 (0x90d52113) x 2 0x00000000
core   0: 0x80001478 (0x00311e13) slli    t3, sp, 3
core   0: 3 0x80001478 (0x00311e13) x28 0x00000000
core   0: 0x8000147c (0x00000013) nop
core   0: 3 0x8000147c (0x00000013)
core   0: 0x80001480 (0x006a49b3) xor     s3, s4, t1
core   0: 3 0x80001480 (0x006a49b3) x19 0x14008001
core   0: 0x80001484 (0xd3b77e13) andi    t3, a4, -709
core   0: 3 0x80001484 (0xd3b77e13) x28 0x00000001
core   0: 0x80001488 (0x4136de33) sra     t3, a3, s3
core   0: 3 0x80001488 (0x4136de33) x28 0x00000001
core   0: 0x8000148c (0x009d5233) srl     tp, s10, s1
core   0: 3 0x8000148c (0x009d5233) x 4 0x00000000
core   0: 0x80001490 (0x012b9a13) slli    s4, s7, 18
core   0: 3 0x80001490 (0x012b9a13) x20 0xef900000
core   0: 0x80001494 (0xbcb00c93) li      s9, -1077
core   0: 3 0x80001494 (0xbcb00c93) x25 0xfffffbcb
core   0: 0x80001498 (0x0188b733) sltu    a4, a7, s8
core   0: 3 0x80001498 (0x0188b733) x14 0x00000001
core   0: 0x8000149c (0x008e9413) slli    s0, t4, 8
core   0: 3 0x8000149c (0x008e9413) x 8 0x00000100
core   0: 0x800014a0 (0x00f8bcb3) sltu    s9, a7, a5
core   0: 3 0x800014a0 (0x00f8bcb3) x25 0x00000000
core   0: 0x800014a4 (0xa1e60997) auipc   s3, 0xa1e60
core   0: 3 0x800014a4 (0xa1e60997) x19 0x21e614a4
core   0: 0x800014a8 (0x00157433) and     s0, a0, ra
core   0: 3 0x800014a8 (0x00157433) x 8 0x00000001
core   0: 0x800014ac (0x00605fb3) srl     t6, zero, t1
core   0: 3 0x800014ac (0x00605fb3) x31 0x00000000
core   0: 0x800014b0 (0x004f1493) slli    s1, t5, 4
core   0: 3 0x800014b0 (0x004f1493) x 9 0xb7887a10
core   0: 0x800014b4 (0x0171edb3) or      s11, gp, s7
core   0: 3 0x800014b4 (0x0171edb3) x27 0xffffffff
core   0: 0x800014b8 (0xabb14513) xori    a0, sp, -1349
core   0: 3 0x800014b8 (0xabb14513) x10 0xfffffabb
core   0: 0x800014bc (0x41505b93) srai    s7, zero, 21
core   0: 3 0x800014bc (0x41505b93) x23 0x00000000
core   0: 0x800014c0 (0x83339217) auipc   tp, 0x83339
core   0: 3 0x800014c0 (0x83339217) x 4 0x0333a4c0
core   0: 0x800014c4 (0x41e104b3) sub     s1, sp, t5
core   0: 3 0x800014c4 (0x41e104b3) x 9 0x2487785f
core   0: 0x800014c8 (0x0173b933) sltu    s2, t2, s7
core   0: 3 0x800014c8 (0x0173b933) x18 0x00000000
core   0: 0x800014cc (0xb9b90993) addi    s3, s2, -1125
core   0: 3 0x800014cc (0xb9b90993) x19 0xfffffb9b
core   0: 0x800014d0 (0x39942eb7) lui     t4, 0x39942
core   0: 3 0x800014d0 (0x39942eb7) x29 0x39942000
core   0: 0x800014d4 (0x00264d33) xor     s10, a2, sp
core   0: 3 0x800014d4 (0x00264d33) x26 0x00000000
core   0: 0x800014d8 (0xcc364913) xori    s2, a2, -829
core   0: 3 0x800014d8 (0xcc364913) x18 0xfffffcc3
core   0: 0x800014dc (0x014a9e13) slli    t3, s5, 20
core   0: 3 0x800014dc (0x014a9e13) x28 0x3e400000
core   0: 0x800014e0 (0x27134913) xori    s2, t1, 625
core   0: 3 0x800014e0 (0x27134913) x18 0x14008271
core   0: 0x800014e4 (0x88b56a93) ori     s5, a0, -1909
core   0: 3 0x800014e4 (0x88b56a93) x21 0xfffffabb
core   0: 0x800014e8 (0x000069b3) or      s3, zero, zero
core   0: 3 0x800014e8 (0x000069b3) x19 0x00000000
core   0: 0x800014ec (0x014ce1b3) or      gp, s9, s4
core   0: 3 0x800014ec (0x014ce1b3) x 3 0xef900000
core   0: 0x800014f0 (0x44a57e13) andi    t3, a0, 1098
core   0: 3 0x800014f0 (0x44a57e13) x28 0x0000000a
core   0: 0x800014f4 (0x01f24933) xor     s2, tp, t6
core   0: 3 0x800014f4 (0x01f24933) x18 0x0333a4c0
core   0: 0x800014f8 (0x99f93717) auipc   a4, 0x99f93
core   0: 3 0x800014f8 (0x99f93717) x14 0x19f944f8
core   0: 0x800014fc (0x00000013) nop
core   0: 3 0x800014fc (0x00000013)
core   0: 0x80001500 (0x010a5593) srli    a1, s4, 16
core   0: 3 0x80001500 (0x010a5593) x11 0x0000ef90
core   0: 0x80001504 (0x0081e533) or      a0, gp, s0
core   0: 3 0x80001504 (0x0081e533) x10 0xef900001
core   0: 0x80001508 (0x781e6713) ori     a4, t3, 1921
core   0: 3 0x80001508 (0x781e6713) x14 0x0000078b
core   0: 0x8000150c (0x02933693) sltiu   a3, t1, 41
core   0: 3 0x8000150c (0x02933693) x13 0x00000000
core   0: 0x80001510 (0x01632333) slt     t1, t1, s6
core   0: 3 0x80001510 (0x01632333) x 6 0x00000000
core   0: 0x80001514 (0x002c76b3) and     a3, s8, sp
core   0: 3 0x80001514 (0x002c76b3) x13 0x00000000
core   0: 0x80001518 (0x01dbbf33) sltu    t5, s7, t4
core   0: 3 0x80001518 (0x01dbbf33) x30 0x00000001
core   0: 0x8000151c (0xef4d7493) andi    s1, s10, -268
core   0: 3 0x8000151c (0xef4d7493) x 9 0x00000000
core   0: 0x80001520 (0x015e9c93) slli    s9, t4, 21
core   0: 3 0x80001520 (0x015e9c93) x25 0x00000000
core   0: 0x80001524 (0x01ddae33) slt     t3, s11, t4
core   0: 3 0x80001524 (0x01ddae33) x28 0x00000001
core   0: 0x80001528 (0x28df2313) slti    t1, t5, 653
core   0: 3 0x80001528 (0x28df2313) x 6 0x00000001
core   0: 0x8000152c (0xfe8e4b13) xori    s6, t3, -24
core   0: 3 0x8000152c (0xfe8e4b13) x22 0xffffffe9
core   0: 0x80001530 (0x01c4bb33) sltu    s6, s1, t3
core   0: 3 0x80001530 (0x01c4bb33) x22 0x00000001
core   0: 0x80001534 (0x31bb6b93) ori     s7, s6, 795
core   0: 3 0x80001534 (0x31bb6b93) x23 0x0000031b
core   0: 0x80001538 (0x4e31bf93) sltiu   t6, gp, 1251
core   0: 3 0x80001538 (0x4e31bf93) x31 0x00000000
core   0: 0x8000153c (0x015ece33) xor     t3, t4, s5
core   0: 3 0x8000153c (0x015ece33) x28 0xc66bdabb
core   0: 0x80001540 (0x41d95633) sra     a2, s2, t4
core   0: 3 0x80001540 (0x41d95633) x12 0x0333a4c0
core   0: 0x80001544 (0x41405eb3) sra     t4, zero, s4
core   0: 3 0x80001544 (0x41405eb3) x29 0x00000000
core   0: 0x80001548 (0x7a757513) andi    a0, a0, 1959
core   0: 3 0x80001548 (0x7a757513) x10 0x00000001
core   0: 0x8000154c (0x00f4bf33) sltu    t5, s1, a5
core   0: 3 0x8000154c (0x00f4bf33) x30 0x00000000
core   0: 0x80001550 (0x0065ee33) or      t3, a1, t1
core   0: 3 0x80001550 (0x0065ee33) x28 0x0000ef91
core   0: 0x80001554 (0x4e274a13) xori    s4, a4, 1250
core   0: 3 0x80001554 (0x4e274a13) x20 0x00000369
core   0: 0x80001558 (0x01e1b433) sltu    s0, gp, t5
core   0: 3 0x80001558 (0x01e1b433) x 8 0x00000000
core   0: 0x8000155c (0x412b5513) srai    a0, s6, 18
core   0: 3 0x8000155c (0x412b5513) x10 0x00000000
core   0: 0x80001560 (0xeb3f3417) auipc   s0, 0xeb3f3
core   0: 3 0x80001560 (0xeb3f3417) x 8 0x6b3f4560
core   0: 0x80001564 (0x41ec0a33) sub     s4, s8, t5
core   0: 3 0x80001564 (0x41ec0a33) x20 0x05bbaf4c
core   0: 0x80001568 (0xda070a13) addi    s4, a4, -608
core   0: 3 0x80001568 (0xda070a13) x20 0x0000052b
core   0: 0x8000156c (0x002a0133) add     sp, s4, sp
core   0: 3 0x8000156c (0x002a0133) x 2 0x0000052b
core   0: 0x80001570 (0x3dc83193) sltiu   gp, a6, 988
core   0: 3 0x80001570 (0x3dc83193) x 3 0x00000000
core   0: 0x80001574 (0x41a35933) sra     s2, t1, s10
core   0: 3 0x80001574 (0x41a35933) x18 0x00000001
core   0: 0x80001578 (0x40d05133) sra     sp, zero, a3
core   0: 3 0x80001578 (0x40d05133) x 2 0x00000000
core   0: 0x8000157c (0x018c7033) and     zero, s8, s8
core   0: 3 0x8000157c (0x018c7033)
core   0: 0x80001580 (0x40ba5b13) srai    s6, s4, 11
core   0: 3 0x80001580 (0x40ba5b13) x22 0x00000000
core   0: 0x80001584 (0x04633613) sltiu   a2, t1, 70
core   0: 3 0x80001584 (0x04633613) x12 0x00000001
core   0: 0x80001588 (0x8835edb7) lui     s11, 0x8835e
core   0: 3 0x80001588 (0x8835edb7) x27 0x8835e000
core   0: 0x8000158c (0x009150b3) srl     ra, sp, s1
core   0: 3 0x8000158c (0x009150b3) x 1 0x00000000
core   0: 0x80001590 (0x010aef33) or      t5, s5, a6
core   0: 3 0x80001590 (0x010aef33) x30 0xfffffabf
core   0: 0x80001594 (0x008f1a93) slli    s5, t5, 8
core   0: 3 0x80001594 (0x008f1a93) x21 0xfffabf00
core   0: 0x80001598 (0xd07fc213) xori    tp, t6, -761
core   0: 3 0x80001598 (0xd07fc213) x 4 0xfffffd07
core   0: 0x8000159c (0xf8d44413) xori    s0, s0, -115
core   0: 3 0x8000159c (0xf8d44413) x 8 0x94c0baed
core   0: 0x800015a0 (0x01ddf1b3) and     gp, s11, t4
core   0: 3 0x800015a0 (0x01ddf1b3) x 3 0x00000000
core   0: 0x800015a4 (0x018fa9b3) slt     s3, t6, s8
core   0: 3 0x800015a4 (0x018fa9b3) x19 0x00000001
core   0: 0x800015a8 (0xb7c3cb13) xori    s6, t2, -1156
core   0: 3 0x800015a8 (0xb7c3cb13) x22 0x7ffee518
core   0: 0x800015ac (0xf841e993) ori     s3, gp, -124
core   0: 3 0x800015ac (0xf841e993) x19 0xffffff84
core   0: 0x800015b0 (0x006596b3) sll     a3, a1, t1
core   0: 3 0x800015b0 (0x006596b3) x13 0x0001df20
core   0: 0x800015b4 (0x2be3c493) xori    s1, t2, 702
core   0: 3 0x800015b4 (0x2be3c493) x 9 0x80011cda
core   0: 0x800015b8 (0xfac4bab7) lui     s5, 0xfac4b
core   0: 3 0x800015b8 (0xfac4bab7) x21 0xfac4b000
core   0: 0x800015bc (0x5ce6f613) andi    a2, a3, 1486
core   0: 3 0x800015bc (0x5ce6f613) x12 0x00000500
core   0: 0x800015c0 (0x6b500713) li      a4, 1717
core   0: 3 0x800015c0 (0x6b500713) x14 0x000006b5
core   0: 0x800015c4 (0xc9287013) andi    zero, a6, -878
core   0: 3 0x800015c4 (0xc9287013)
core   0: 0x800015c8 (0x74aec897) auipc   a7, 0x74aec
core   0: 3 0x800015c8 (0x74aec897) x17 0xf4aed5c8
core   0: 0x800015cc (0x008828b3) slt     a7, a6, s0
core   0: 3 0x800015cc (0x008828b3) x17 0x00000000
core   0: 0x800015d0 (0x01dba7b3) slt     a5, s7, t4
core   0: 3 0x800015d0 (0x01dba7b3) x15 0x00000000
core   0: 0x800015d4 (0x004a9ab3) sll     s5, s5, tp
core   0: 3 0x800015d4 (0x004a9ab3) x21 0x62580000
core   0: 0x800015d8 (0x41c9d593) srai    a1, s3, 28
core   0: 3 0x800015d8 (0x41c9d593) x11 0xffffffff
core   0: 0x800015dc (0x00a1cb33) xor     s6, gp, a0
core   0: 3 0x800015dc (0x00a1cb33) x22 0x00000000
core   0: 0x800015e0 (0x4df8ef13) ori     t5, a7, 1247
core   0: 3 0x800015e0 (0x4df8ef13) x30 0x000004df
core   0: 0x800015e4 (0x0048e533) or      a0, a7, tp
core   0: 3 0x800015e4 (0x0048e533) x10 0xfffffd07
core   0: 0x800015e8 (0x9ad90e17) auipc   t3, 0x9ad90
core   0: 3 0x800015e8 (0x9ad90e17) x28 0x1ad915e8
core   0: 0x800015ec (0xe9509e37) lui     t3, 0xe9509
core   0: 3 0x800015ec (0xe9509e37) x28 0xe9509000
core   0: 0x800015f0 (0xb0f7cd13) xori    s10, a5, -1265
core   0: 3 0x800015f0 (0xb0f7cd13) x26 0xfffffb0f
core   0: 0x800015f4 (0x402d8fb3) sub     t6, s11, sp
core   0: 3 0x800015f4 (0x402d8fb3) x31 0x8835e000
core   0: 0x800015f8 (0x000b9333) sll     t1, s7, zero
core   0: 3 0x800015f8 (0x000b9333) x 6 0x0000031b
core   0: 0x800015fc (0x410a85b3) sub     a1, s5, a6
core   0: 3 0x800015fc (0x410a85b3) x11 0x6813af4c
core   0: 0x80001600 (0x4176d533) sra     a0, a3, s7
core   0: 3 0x80001600 (0x4176d533) x10 0x00000000
core   0: 0x80001604 (0x01ca9c13) slli    s8, s5, 28
core   0: 3 0x80001604 (0x01ca9c13) x24 0x00000000
core   0: 0x80001608 (0xdefc2e13) slti    t3, s8, -529
core   0: 3 0x80001608 (0xdefc2e13) x28 0x00000000
core   0: 0x8000160c (0x003ef133) and     sp, t4, gp
core   0: 3 0x8000160c (0x003ef133) x 2 0x00000000
core   0: 0x80001610 (0x01fc20b3) slt     ra, s8, t6
core   0: 3 0x80001610 (0x01fc20b3) x 1 0x00000000
core   0: 0x80001614 (0x01609a33) sll     s4, ra, s6
core   0: 3 0x80001614 (0x01609a33) x20 0x00000000
core   0: 0x80001618 (0x008aad33) slt     s10, s5, s0
core   0: 3 0x80001618 (0x008aad33) x26 0x00000000
core   0: 0x8000161c (0x16098993) addi    s3, s3, 352
core   0: 3 0x8000161c (0x16098993) x19 0x000000e4
core   0: 0x80001620 (0x008224b3) slt     s1, tp, s0
core   0: 3 0x80001620 (0x008224b3) x 9 0x00000000
core   0: 0x80001624 (0x40ed5c13) srai    s8, s10, 14
core   0: 3 0x80001624 (0x40ed5c13) x24 0x00000000
core   0: 0x80001628 (0x00a95e93) srli    t4, s2, 10
core   0: 3 0x80001628 (0x00a95e93) x29 0x00000000
core   0: 0x8000162c (0x41918633) sub     a2, gp, s9
core   0: 3 0x8000162c (0x41918633) x12 0x00000000
core   0: 0x80001630 (0x41ae0a33) sub     s4, t3, s10
core   0: 3 0x80001630 (0x41ae0a33) x20 0x00000000
core   0: 0x80001634 (0x005e1ab3) sll     s5, t3, t0
core   0: 3 0x80001634 (0x005e1ab3) x21 0x00000000
core   0: 0x80001638 (0x88770d13) addi    s10, a4, -1913
core   0: 3 0x80001638 (0x88770d13) x26 0xffffff3c
core   0: 0x8000163c (0xfd458793) addi    a5, a1, -44
core   0: 3 0x8000163c (0xfd458793) x15 0x6813af20
core   0: 0x80001640 (0x409a5633) sra     a2, s4, s1
core   0: 3 0x80001640 (0x409a5633) x12 0x00000000
core   0: 0x80001644 (0x007e8ab3) add     s5, t4, t2
core   0: 3 0x80001644 (0x007e8ab3) x21 0x80011e64
core   0: 0x80001648 (0x4005db33) sra     s6, a1, zero
core   0: 3 0x80001648 (0x4005db33) x22 0x6813af4c
core   0: 0x8000164c (0x4083d0b3) sra     ra, t2, s0
core   0: 3 0x8000164c (0x4083d0b3) x 1 0xfffc0008
core   0: 0x80001650 (0x016b5c13) srli    s8, s6, 22
core   0: 3 0x80001650 (0x016b5c13) x24 0x000001a0
core   0: 0x80001654 (0x6f800693) li      a3, 1784
core   0: 3 0x80001654 (0x6f800693) x13 0x000006f8
core   0: 0x80001658 (0x40b786b3) sub     a3, a5, a1
core   0: 3 0x80001658 (0x40b786b3) x13 0xffffffd4
core   0: 0x8000165c (0x01585f13) srli    t5, a6, 21
core   0: 3 0x8000165c (0x01585f13) x30 0x000007d2
core   0: 0x80001660 (0xcef1c913) xori    s2, gp, -785
core   0: 3 0x80001660 (0xcef1c913) x18 0xfffffcef
core   0: 0x80001664 (0x01859d93) slli    s11, a1, 24
core   0: 3 0x80001664 (0x01859d93) x27 0x4c000000
core   0: 0x80001668 (0x01f3c033) xor     zero, t2, t6
core   0: 3 0x80001668 (0x01f3c033)
core   0: 0x8000166c (0x00311033) sll     zero, sp, gp
core   0: 3 0x8000166c (0x00311033)
core   0: 0x80001670 (0x593ca793) slti    a5, s9, 1427
core   0: 3 0x80001670 (0x593ca793) x15 0x00000001
core   0: 0x80001674 (0x416aaa13) slti    s4, s5, 1046
core   0: 3 0x80001674 (0x416aaa13) x20 0x00000001
core   0: 0x80001678 (0x5ddf1a17) auipc   s4, 0x5ddf1
core   0: 3 0x80001678 (0x5ddf1a17) x20 0xdddf2678
core   0: 0x8000167c (0xe831ba93) sltiu   s5, gp, -381
core   0: 3 0x8000167c (0xe831ba93) x21 0x00000001
core   0: 0x80001680 (0x00ea2333) slt     t1, s4, a4
core   0: 3 0x80001680 (0x00ea2333) x 6 0x00000001
core   0: 0x80001684 (0x5723b793) sltiu   a5, t2, 1394
core   0: 3 0x80001684 (0x5723b793) x15 0x00000000
core   0: 0x80001688 (0x0157fdb3) and     s11, a5, s5
core   0: 3 0x80001688 (0x0157fdb3) x27 0x00000000
core   0: 0x8000168c (0x012206b3) add     a3, tp, s2
core   0: 3 0x8000168c (0x012206b3) x13 0xfffff9f6
core   0: 0x80001690 (0x00d1b633) sltu    a2, gp, a3
core   0: 3 0x80001690 (0x00d1b633) x12 0x00000001
core   0: 0x80001694 (0x7c868e13) addi    t3, a3, 1992
core   0: 3 0x80001694 (0x7c868e13) x28 0x000001be
core   0: 0x80001698 (0x67efe013) ori     zero, t6, 1662
core   0: 3 0x80001698 (0x67efe013)
core   0: 0x8000169c (0x40028d33) sub     s10, t0, zero
core   0: 3 0x8000169c (0x40028d33) x26 0x80015ce4
core   0: 0x800016a0 (0x00af4f33) xor     t5, t5, a0
core   0: 3 0x800016a0 (0x00af4f33) x30 0x000007d2
core   0: 0x800016a4 (0xd02c8313) addi    t1, s9, -766
core   0: 3 0x800016a4 (0xd02c8313) x 6 0xfffffd02
core   0: 0x800016a8 (0x00f85c93) srli    s9, a6, 15
core   0: 3 0x800016a8 (0x00f85c93) x25 0x0001f488
core   0: 0x800016ac (0x00655133) srl     sp, a0, t1
core   0: 3 0x800016ac (0x00655133) x 2 0x00000000
core   0: 0x800016b0 (0x01d6c533) xor     a0, a3, t4
core   0: 3 0x800016b0 (0x01d6c533) x10 0xfffff9f6
core   0: 0x800016b4 (0x01769f33) sll     t5, a3, s7
core   0: 3 0x800016b4 (0x01769f33) x30 0xb0000000
core   0: 0x800016b8 (0xb55ec713) xori    a4, t4, -1195
core   0: 3 0x800016b8 (0xb55ec713) x14 0xfffffb55
core   0: 0x800016bc (0x41978eb3) sub     t4, a5, s9
core   0: 3 0x800016bc (0x41978eb3) x29 0xfffe0b78
core   0: 0x800016c0 (0xabcfe993) ori     s3, t6, -1348
core   0: 3 0x800016c0 (0xabcfe993) x19 0xfffffabc
core   0: 0x800016c4 (0x004e7733) and     a4, t3, tp
core   0: 3 0x800016c4 (0x004e7733) x14 0x00000106
core   0: 0x800016c8 (0x0151f1b3) and     gp, gp, s5
core   0: 3 0x800016c8 (0x0151f1b3) x 3 0x00000000
core   0: 0x800016cc (0x01b4d333) srl     t1, s1, s11
core   0: 3 0x800016cc (0x01b4d333) x 6 0x00000000
core   0: 0x800016d0 (0xe1974e13) xori    t3, a4, -487
core   0: 3 0x800016d0 (0xe1974e13) x28 0xffffff1f
core   0: 0x800016d4 (0x00f71313) slli    t1, a4, 15
core   0: 3 0x800016d4 (0x00f71313) x 6 0x00830000
core   0: 0x800016d8 (0x00fdde13) srli    t3, s11, 15
core   0: 3 0x800016d8 (0x00fdde13) x28 0x00000000
core   0: 0x800016dc (0x0109d913) srli    s2, s3, 16
core   0: 3 0x800016dc (0x0109d913) x18 0x0000ffff
core   0: 0x800016e0 (0xf6433793) sltiu   a5, t1, -156
core   0: 3 0x800016e0 (0xf6433793) x15 0x00000001
core   0: 0x800016e4 (0x01675913) srli    s2, a4, 22
core   0: 3 0x800016e4 (0x01675913) x18 0x00000000
core   0: 0x800016e8 (0x0024dcb3) srl     s9, s1, sp
core   0: 3 0x800016e8 (0x0024dcb3) x25 0x00000000
core   0: 0x800016ec (0x019f4533) xor     a0, t5, s9
core   0: 3 0x800016ec (0x019f4533) x10 0xb0000000
core   0: 0x800016f0 (0x01fe05b3) add     a1, t3, t6
core   0: 3 0x800016f0 (0x01fe05b3) x11 0x8835e000
core   0: 0x800016f4 (0x018dd193) srli    gp, s11, 24
core   0: 3 0x800016f4 (0x018dd193) x 3 0x00000000
core   0: 0x800016f8 (0x01d52c33) slt     s8, a0, t4
core   0: 3 0x800016f8 (0x01d52c33) x24 0x00000001
core   0: 0x800016fc (0x01fdda33) srl     s4, s11, t6
core   0: 3 0x800016fc (0x01fdda33) x20 0x00000000
core   0: 0x80001700 (0x019704b3) add     s1, a4, s9
core   0: 3 0x80001700 (0x019704b3) x 9 0x00000106
core   0: 0x80001704 (0x013aa533) slt     a0, s5, s3
core   0: 3 0x80001704 (0x013aa533) x10 0x00000000
core   0: 0x80001708 (0x0d58bd93) sltiu   s11, a7, 213
core   0: 3 0x80001708 (0x0d58bd93) x27 0x00000001
core   0: 0x8000170c (0xc999b6b7) lui     a3, 0xc999b
core   0: 3 0x8000170c (0xc999b6b7) x13 0xc999b000
core   0: 0x80001710 (0x01026bb3) or      s7, tp, a6
core   0: 3 0x80001710 (0x01026bb3) x23 0xfffffdb7
core   0: 0x80001714 (0xa154c013) xori    zero, s1, -1515
core   0: 3 0x80001714 (0xa154c013)
core   0: 0x80001718 (0x7cc14b93) xori    s7, sp, 1996
core   0: 3 0x80001718 (0x7cc14b93) x23 0x000007cc
core   0: 0x8000171c (0xf9027c93) andi    s9, tp, -112
core   0: 3 0x8000171c (0xf9027c93) x25 0xfffffd00
core   0: 0x80001720 (0x00946333) or      t1, s0, s1
core   0: 3 0x80001720 (0x00946333) x 6 0x94c0bbef
core   0: 0x80001724 (0x142f3e13) sltiu   t3, t5, 322
core   0: 3 0x80001724 (0x142f3e13) x28 0x00000000
core   0: 0x80001728 (0x015de6b3) or      a3, s11, s5
core   0: 3 0x80001728 (0x015de6b3) x13 0x00000001
core   0: 0x8000172c (0x63d86d13) ori     s10, a6, 1597
core   0: 3 0x8000172c (0x63d86d13) x26 0xfa4456bd
core   0: 0x80001730 (0x4138dd33) sra     s10, a7, s3
core   0: 3 0x80001730 (0x4138dd33) x26 0x00000000
core   0: 0x80001734 (0x01faa733) slt     a4, s5, t6
core   0: 3 0x80001734 (0x01faa733) x14 0x00000000
core   0: 0x80001738 (0x01369033) sll     zero, a3, s3
core   0: 3 0x80001738 (0x01369033)
core   0: 0x8000173c (0xd2892e17) auipc   t3, 0xd2892
core   0: 3 0x8000173c (0xd2892e17) x28 0x5289373c
core   0: 0x80001740 (0x00aab533) sltu    a0, s5, a0
core   0: 3 0x80001740 (0x00aab533) x10 0x00000000
core   0: 0x80001744 (0x0078e433) or      s0, a7, t2
core   0: 3 0x80001744 (0x0078e433) x 8 0x80011e64
core   0: 0x80001748 (0x01928233) add     tp, t0, s9
core   0: 3 0x80001748 (0x01928233) x 4 0x800159e4
core   0: 0x8000174c (0xb73ac897) auipc   a7, 0xb73ac
core   0: 3 0x8000174c (0xb73ac897) x17 0x373ad74c
core   0: 0x80001750 (0x00055733) srl     a4, a0, zero
core   0: 3 0x80001750 (0x00055733) x14 0x00000000
core   0: 0x80001754 (0x01a060b3) or      ra, zero, s10
core   0: 3 0x80001754 (0x01a060b3) x 1 0x00000000
core   0: 0x80001758 (0xa90e2237) lui     tp, 0xa90e2
core   0: 3 0x80001758 (0xa90e2237) x 4 0xa90e2000
core   0: 0x8000175c (0x004cb333) sltu    t1, s9, tp
core   0: 3 0x8000175c (0x004cb333) x 6 0x00000000
core   0: 0x80001760 (0x01d3fb33) and     s6, t2, t4
core   0: 3 0x80001760 (0x01d3fb33) x22 0x80000a60
core   0: 0x80001764 (0x74c9a013) slti    zero, s3, 1868
core   0: 3 0x80001764 (0x74c9a013)
core   0: 0x80001768 (0x0172d6b3) srl     a3, t0, s7
core   0: 3 0x80001768 (0x0172d6b3) x13 0x00080015
core   0: 0x8000176c (0xf5eb1917) auipc   s2, 0xf5eb1
core   0: 3 0x8000176c (0xf5eb1917) x18 0x75eb276c
core   0: 0x80001770 (0x00269013) slli    zero, a3, 2
core   0: 3 0x80001770 (0x00269013)
core   0: 0x80001774 (0x403e0cb3) sub     s9, t3, gp
core   0: 3 0x80001774 (0x403e0cb3) x25 0x5289373c
core   0: 0x80001778 (0x001faf33) slt     t5, t6, ra
core   0: 3 0x80001778 (0x001faf33) x30 0x00000001
core   0: 0x8000177c (0x00d1f0b3) and     ra, gp, a3
core   0: 3 0x8000177c (0x00d1f0b3) x 1 0x00000000
core   0: 0x80001780 (0x01201cb3) sll     s9, zero, s2
core   0: 3 0x80001780 (0x01201cb3) x25 0x00000000
core   0: 0x80001784 (0x019c1333) sll     t1, s8, s9
core   0: 3 0x80001784 (0x019c1333) x 6 0x00000001
core   0: 0x80001788 (0xc53fbf13) sltiu   t5, t6, -941
core   0: 3 0x80001788 (0xc53fbf13) x30 0x00000001
core   0: 0x8000178c (0x307cb613) sltiu   a2, s9, 775
core   0: 3 0x8000178c (0x307cb613) x12 0x00000001
core   0: 0x80001790 (0xf7d14b37) lui     s6, 0xf7d14
core   0: 3 0x80001790 (0xf7d14b37) x22 0xf7d14000
core   0: 0x80001794 (0x004d61b3) or      gp, s10, tp
core   0: 3 0x80001794 (0x004d61b3) x 3 0xa90e2000
core   0: 0x80001798 (0x0042d693) srli    a3, t0, 4
core   0: 3 0x80001798 (0x0042d693) x13 0x080015ce
core   0: 0x8000179c (0x97310937) lui     s2, 0x97310
core   0: 3 0x8000179c (0x97310937) x18 0x97310000
core   0: 0x800017a0 (0x41985cb3) sra     s9, a6, s9
core   0: 3 0x800017a0 (0x41985cb3) x25 0xfa4450b4
core   0: 0x800017a4 (0x00d7b9b3) sltu    s3, a5, a3
core   0: 3 0x800017a4 (0x00d7b9b3) x19 0x00000001
core   0: 0x800017a8 (0x41fc5613) srai    a2, s8, 31
core   0: 3 0x800017a8 (0x41fc5613) x12 0x00000000
core   0: 0x800017ac (0x4188de33) sra     t3, a7, s8
core   0: 3 0x800017ac (0x4188de33) x28 0x1b9d6ba6
core   0: 0x800017b0 (0x41125733) sra     a4, tp, a7
core   0: 3 0x800017b0 (0x41125733) x14 0xfffa90e2
core   0: 0x800017b4 (0x4184de13) srai    t3, s1, 24
core   0: 3 0x800017b4 (0x4184de13) x28 0x00000000
core   0: 0x800017b8 (0x0bb00193) li      gp, 187
core   0: 3 0x800017b8 (0x0bb00193) x 3 0x000000bb
core   0: 0x800017bc (0x44f07013) andi    zero, zero, 1103
core   0: 3 0x800017bc (0x44f07013)
core   0: 0x800017c0 (0x00aaba33) sltu    s4, s5, a0
core   0: 3 0x800017c0 (0x00aaba33) x20 0x00000000
core   0: 0x800017c4 (0x00f221b3) slt     gp, tp, a5
core   0: 3 0x800017c4 (0x00f221b3) x 3 0x00000001
core   0: 0x800017c8 (0x03633193) sltiu   gp, t1, 54
core   0: 3 0x800017c8 (0x03633193) x 3 0x00000001
core   0: 0x800017cc (0x00000013) nop
core   0: 3 0x800017cc (0x00000013)
core   0: 0x800017d0 (0xe173aa93) slti    s5, t2, -489
core   0: 3 0x800017d0 (0xe173aa93) x21 0x00000001
core   0: 0x800017d4 (0x40bcd7b3) sra     a5, s9, a1
core   0: 3 0x800017d4 (0x40bcd7b3) x15 0xfa4450b4
core   0: 0x800017d8 (0x017bf7b3) and     a5, s7, s7
core   0: 3 0x800017d8 (0x017bf7b3) x15 0x000007cc
core   0: 0x800017dc (0x01cc6433) or      s0, s8, t3
core   0: 3 0x800017dc (0x01cc6433) x 8 0x00000001
core   0: 0x800017e0 (0xc26fba13) sltiu   s4, t6, -986
core   0: 3 0x800017e0 (0xc26fba13) x20 0x00000001
core   0: 0x800017e4 (0x00000013) nop
core   0: 3 0x800017e4 (0x00000013)
core   0: 0x800017e8 (0xb3406b93) ori     s7, zero, -1228
core   0: 3 0x800017e8 (0xb3406b93) x23 0xfffffb34
core   0: 0x800017ec (0xbbe16337) lui     t1, 0xbbe16
core   0: 3 0x800017ec (0xbbe16337) x 6 0xbbe16000
core   0: 0x800017f0 (0x00e7feb3) and     t4, a5, a4
core   0: 3 0x800017f0 (0x00e7feb3) x29 0x000000c0
core   0: 0x800017f4 (0x01e8e5b3) or      a1, a7, t5
core   0: 3 0x800017f4 (0x01e8e5b3) x11 0x373ad74d
core   0: 0x800017f8 (0x01a55933) srl     s2, a0, s10
core   0: 3 0x800017f8 (0x01a55933) x18 0x00000000
core   0: 0x800017fc (0x005f2033) slt     zero, t5, t0
core   0: 3 0x800017fc (0x005f2033)
core   0: 0x80001800 (0x375e0d93) addi    s11, t3, 885
core   0: 3 0x80001800 (0x375e0d93) x27 0x00000375
core   0: 0x80001804 (0x1c870113) addi    sp, a4, 456
core   0: 3 0x80001804 (0x1c870113) x 2 0xfffa92aa
core   0: 0x80001808 (0x0096e333) or      t1, a3, s1
core   0: 3 0x80001808 (0x0096e333) x 6 0x080015ce
core   0: 0x8000180c (0xf316ba93) sltiu   s5, a3, -207
core   0: 3 0x8000180c (0xf316ba93) x21 0x00000001
core   0: 0x80001810 (0xfc11b513) sltiu   a0, gp, -63
core   0: 3 0x80001810 (0xfc11b513) x10 0x00000001
core   0: 0x80001814 (0xab64ff93) andi    t6, s1, -1354
core   0: 3 0x80001814 (0xab64ff93) x31 0x00000006
core   0: 0x80001818 (0x01924633) xor     a2, tp, s9
core   0: 3 0x80001818 (0x01924633) x12 0x534a70b4
core   0: 0x8000181c (0xa34ee037) lui     zero, 0xa34ee
core   0: 3 0x8000181c (0xa34ee037)
core   0: 0x80001820 (0x0196f733) and     a4, a3, s9
core   0: 3 0x80001820 (0x0196f733) x14 0x08001084
core   0: 0x80001824 (0x01069513) slli    a0, a3, 16
core   0: 3 0x80001824 (0x01069513) x10 0x15ce0000
core   0: 0x80001828 (0xad2fcb93) xori    s7, t6, -1326
core   0: 3 0x80001828 (0xad2fcb93) x23 0xfffffad4
core   0: 0x8000182c (0x00000013) nop
core   0: 3 0x8000182c (0x00000013)
core   0: 0x80001830 (0x1ded7893) andi    a7, s10, 478
core   0: 3 0x80001830 (0x1ded7893) x17 0x00000000
core   0: 0x80001834 (0x08febc93) sltiu   s9, t4, 143
core   0: 3 0x80001834 (0x08febc93) x25 0x00000000
core   0: 0x80001838 (0x011fdab3) srl     s5, t6, a7
core   0: 3 0x80001838 (0x011fdab3) x21 0x00000006
core   0: 0x8000183c (0x00a330b3) sltu    ra, t1, a0
core   0: 3 0x8000183c (0x00a330b3) x 1 0x00000001
core   0: 0x80001840 (0x006098b3) sll     a7, ra, t1
core   0: 3 0x80001840 (0x006098b3) x17 0x00004000
core   0: 0x80001844 (0x01ebc4b3) xor     s1, s7, t5
core   0: 3 0x80001844 (0x01ebc4b3) x 9 0xfffffad5
core   0: 0x80001848 (0x003be433) or      s0, s7, gp
core   0: 3 0x80001848 (0x003be433) x 8 0xfffffad5
core   0: 0x8000184c (0x8edb3b93) sltiu   s7, s6, -1811
core   0: 3 0x8000184c (0x8edb3b93) x23 0x00000001
core   0: 0x80001850 (0xc7d16213) ori     tp, sp, -899
core   0: 3 0x80001850 (0xc7d16213) x 4 0xfffffeff
core   0: 0x80001854 (0x00b2bcb3) sltu    s9, t0, a1
core   0: 3 0x80001854 (0x00b2bcb3) x25 0x00000000
core   0: 0x80001858 (0x8ecefc93) andi    s9, t4, -1812
core   0: 3 0x80001858 (0x8ecefc93) x25 0x000000c0
core   0: 0x8000185c (0x8d713a13) sltiu   s4, sp, -1833
core   0: 3 0x8000185c (0x8d713a13) x20 0x00000001
core   0: 0x80001860 (0xf0204737) lui     a4, 0xf0204
core   0: 3 0x80001860 (0xf0204737) x14 0xf0204000
core   0: 0x80001864 (0x032e8993) addi    s3, t4, 50
core   0: 3 0x80001864 (0x032e8993) x19 0x000000f2
core   0: 0x80001868 (0x01ea1613) slli    a2, s4, 30
core   0: 3 0x80001868 (0x01ea1613) x12 0x40000000
core   0: 0x8000186c (0xea1c7d13) andi    s10, s8, -351
core   0: 3 0x8000186c (0xea1c7d13) x26 0x00000001
core   0: 0x80001870 (0xd6f62e93) slti    t4, a2, -657
core   0: 3 0x80001870 (0xd6f62e93) x29 0x00000000
core   0: 0x80001874 (0x95aeb793) sltiu   a5, t4, -1702
core   0: 3 0x80001874 (0x95aeb793) x15 0x00000001
core   0: 0x80001878 (0x40688933) sub     s2, a7, t1
core   0: 3 0x80001878 (0x40688933) x18 0xf8002a32
core   0: 0x8000187c (0x407fd313) srai    t1, t6, 7
core   0: 3 0x8000187c (0x407fd313) x 6 0x00000000
core   0: 0x80001880 (0x00000013) nop
core   0: 3 0x80001880 (0x00000013)
core   0: 0x80001884 (0x0192ab33) slt     s6, t0, s9
core   0: 3 0x80001884 (0x0192ab33) x22 0x00000001
core   0: 0x80001888 (0x40c08eb3) sub     t4, ra, a2
core   0: 3 0x80001888 (0x40c08eb3) x29 0xc0000001
core   0: 0x8000188c (0x01a581b3) add     gp, a1, s10
core   0: 3 0x8000188c (0x01a581b3) x 3 0x373ad74e
core   0: 0x80001890 (0x01369713) slli    a4, a3, 19
core   0: 3 0x80001890 (0x01369713) x14 0xae700000
core   0: 0x80001894 (0x018e5193) srli    gp, t3, 24
core   0: 3 0x80001894 (0x018e5193) x 3 0x00000000
core   0: 0x80001898 (0x00000013) nop
core   0: 3 0x80001898 (0x00000013)
core   0: 0x8000189c (0x016cd8b3) srl     a7, s9, s6
core   0: 3 0x8000189c (0x016cd8b3) x17 0x00000060
core   0: 0x800018a0 (0x14aa4c13) xori    s8, s4, 330
core   0: 3 0x800018a0 (0x14aa4c13) x24 0x0000014b
core   0: 0x800018a4 (0x0017e9b3) or      s3, a5, ra
core   0: 3 0x800018a4 (0x0017e9b3) x19 0x00000001
core   0: 0x800018a8 (0x2accd6b7) lui     a3, 0x2accd
core   0: 3 0x800018a8 (0x2accd6b7) x13 0x2accd000
core   0: 0x800018ac (0x45edee93) ori     t4, s11, 1118
core   0: 3 0x800018ac (0x45edee93) x29 0x0000077f
core   0: 0x800018b0 (0x4093d313) srai    t1, t2, 9
core   0: 3 0x800018b0 (0x4093d313) x 6 0xffc0008f
core   0: 0x800018b4 (0x015674b3) and     s1, a2, s5
core   0: 3 0x800018b4 (0x015674b3) x 9 0x00000000
core   0: 0x800018b8 (0xd8d8e313) ori     t1, a7, -627
core   0: 3 0x800018b8 (0xd8d8e313) x 6 0xfffffded
core   0: 0x800018bc (0x019ed093) srli    ra, t4, 25
core   0: 3 0x800018bc (0x019ed093) x 1 0x00000000
core   0: 0x800018c0 (0x403cdc93) srai    s9, s9, 3
core   0: 3 0x800018c0 (0x403cdc93) x25 0x00000018
core   0: 0x800018c4 (0x0040d913) srli    s2, ra, 4
core   0: 3 0x800018c4 (0x0040d913) x18 0x00000000
core   0: 0x800018c8 (0x00403c33) snez    s8, tp
core   0: 3 0x800018c8 (0x00403c33) x24 0x00000001
core   0: 0x800018cc (0xc08b3613) sltiu   a2, s6, -1016
core   0: 3 0x800018cc (0xc08b3613) x12 0x00000001
core   0: 0x800018d0 (0x000dae33) slt     t3, s11, zero
core   0: 3 0x800018d0 (0x000dae33) x28 0x00000000
core   0: 0x800018d4 (0x00000013) nop
core   0: 3 0x800018d4 (0x00000013)
core   0: 0x800018d8 (0x7da94a17) auipc   s4, 0x7da94
core   0: 3 0x800018d8 (0x7da94a17) x20 0xfda958d8
core   0: 0x800018dc (0xa4adafb7) lui     t6, 0xa4ada
core   0: 3 0x800018dc (0xa4adafb7) x31 0xa4ada000
core   0: 0x800018e0 (0x495a6493) ori     s1, s4, 1173
core   0: 3 0x800018e0 (0x495a6493) x 9 0xfda95cdd
core   0: 0x800018e4 (0x8dd2b493) sltiu   s1, t0, -1827
core   0: 3 0x800018e4 (0x8dd2b493) x 9 0x00000001
core   0: 0x800018e8 (0x56ed4913) xori    s2, s10, 1390
core   0: 3 0x800018e8 (0x56ed4913) x18 0x0000056f
core   0: 0x800018ec (0x0016d9b3) srl     s3, a3, ra
core   0: 3 0x800018ec (0x0016d9b3) x19 0x2accd000
core   0: 0x800018f0 (0x1ea63793) sltiu   a5, a2, 490
core   0: 3 0x800018f0 (0x1ea63793) x15 0x00000001
core   0: 0x800018f4 (0x00000013) nop
core   0: 3 0x800018f4 (0x00000013)
core   0: 0x800018f8 (0x41ac58b3) sra     a7, s8, s10
core   0: 3 0x800018f8 (0x41ac58b3) x17 0x00000000
core   0: 0x800018fc (0x005545b3) xor     a1, a0, t0
core   0: 3 0x800018fc (0x005545b3) x11 0x95cf5ce4
core   0: 0x80001900 (0x8ad42b93) slti    s7, s0, -1875
core   0: 3 0x80001900 (0x8ad42b93) x23 0x00000000
core   0: 0x80001904 (0x017b3fb3) sltu    t6, s6, s7
core   0: 3 0x80001904 (0x017b3fb3) x31 0x00000000
core   0: 0x80001908 (0x019954b3) srl     s1, s2, s9
core   0: 3 0x80001908 (0x019954b3) x 9 0x00000000
core   0: 0x8000190c (0x00b97433) and     s0, s2, a1
core   0: 3 0x8000190c (0x00b97433) x 8 0x00000464
core   0: 0x80001910 (0x00000013) nop
core   0: 3 0x80001910 (0x00000013)
core   0: 0x80001914 (0x0150ecb3) or      s9, ra, s5
core   0: 3 0x80001914 (0x0150ecb3) x25 0x00000006
core   0: 0x80001918 (0xf251ab93) slti    s7, gp, -219
core   0: 3 0x80001918 (0xf251ab93) x23 0x00000000
core   0: 0x8000191c (0x00d69e93) slli    t4, a3, 13
core   0: 3 0x8000191c (0x00d69e93) x29 0x9a000000
core   0: 0x80001920 (0x4106db93) srai    s7, a3, 16
core   0: 3 0x80001920 (0x4106db93) x23 0x00002acc
core   0: 0x80001924 (0x01d72733) slt     a4, a4, t4
core   0: 3 0x80001924 (0x01d72733) x14 0x00000000
core   0: 0x80001928 (0x00121e93) slli    t4, tp, 1
core   0: 3 0x80001928 (0x00121e93) x29 0xfffffdfe
core   0: 0x8000192c (0x00000013) nop
core   0: 3 0x8000192c (0x00000013)
core   0: 0x80001930 (0x00133633) sltu    a2, t1, ra
core   0: 3 0x80001930 (0x00133633) x12 0x00000000
core   0: 0x80001934 (0x00207db3) and     s11, zero, sp
core   0: 3 0x80001934 (0x00207db3) x27 0x00000000
core   0: 0x80001938 (0x8d4ebeb7) lui     t4, 0x8d4eb
core   0: 3 0x80001938 (0x8d4ebeb7) x29 0x8d4eb000
core   0: 0x8000193c (0x69754c93) xori    s9, a0, 1687
core   0: 3 0x8000193c (0x69754c93) x25 0x15ce0697
core   0: 0x80001940 (0x01250e33) add     t3, a0, s2
core   0: 3 0x80001940 (0x01250e33) x28 0x15ce056f
core   0: 0x80001944 (0x92676313) ori     t1, a4, -1754
core   0: 3 0x80001944 (0x92676313) x 6 0xfffff926
core   0: 0x80001948 (0x7dc80113) addi    sp, a6, 2012
core   0: 3 0x80001948 (0x7dc80113) x 2 0xfa445890
core   0: 0x8000194c (0x417cd4b3) sra     s1, s9, s7
core   0: 3 0x8000194c (0x417cd4b3) x 9 0x00015ce0
core   0: 0x80001950 (0x4ef20913) addi    s2, tp, 1263
core   0: 3 0x80001950 (0x4ef20913) x18 0x000003ee
core   0: 0x80001954 (0x009a9133) sll     sp, s5, s1
core   0: 3 0x80001954 (0x009a9133) x 2 0x00000006
core   0: 0x80001958 (0x00414c13) xori    s8, sp, 4
core   0: 3 0x80001958 (0x00414c13) x24 0x00000002
core   0: 0x8000195c (0x63c6ef93) ori     t6, a3, 1596
core   0: 3 0x8000195c (0x63c6ef93) x31 0x2accd63c
core   0: 0x80001960 (0x01df5913) srli    s2, t5, 29
core   0: 3 0x80001960 (0x01df5913) x18 0x00000000
core   0: 0x80001964 (0xc0e5f613) andi    a2, a1, -1010
core   0: 3 0x80001964 (0xc0e5f613) x12 0x95cf5c04
core   0: 0x80001968 (0x4147dd13) srai    s10, a5, 20
core   0: 3 0x80001968 (0x4147dd13) x26 0x00000000
core   0: 0x8000196c (0x00000793) li      a5, 0
core   0: 3 0x8000196c (0x00000793) x15 0x00000000
core   0: 0x80001970 (0x800006b7) lui     a3, 0x80000
core   0: 3 0x80001970 (0x800006b7) x13 0x80000000
core   0: 0x80001974 (0xd8ddc537) lui     a0, 0xd8ddc
core   0: 3 0x80001974 (0xd8ddc537) x10 0xd8ddc000
core   0: 0x80001978 (0x05350513) addi    a0, a0, 83
core   0: 3 0x80001978 (0x05350513) x10 0xd8ddc053
core   0: 0x8000197c (0xfff00593) li      a1, -1
core   0: 3 0x8000197c (0xfff00593) x11 0xffffffff
core   0: 0x80001980 (0x31641937) lui     s2, 0x31641
core   0: 3 0x80001980 (0x31641937) x18 0x31641000
core   0: 0x80001984 (0x33c90913) addi    s2, s2, 828
core   0: 3 0x80001984 (0x33c90913) x18 0x3164133c
core   0: 0x80001988 (0xfff00993) li      s3, -1
core   0: 3 0x80001988 (0xfff00993) x19 0xffffffff
core   0: 0x8000198c (0x0e8118b7) lui     a7, 0xe811
core   0: 3 0x8000198c (0x0e8118b7) x17 0x0e811000
core   0: 0x80001990 (0x0f988893) addi    a7, a7, 249
core   0: 3 0x80001990 (0x0f988893) x17 0x0e8110f9
core   0: 0x80001994 (0x00000b13) li      s6, 0
core   0: 3 0x80001994 (0x00000b13) x22 0x00000000
core   0: 0x80001998 (0x80000737) lui     a4, 0x80000
core   0: 3 0x80001998 (0x80000737) x14 0x80000000
core   0: 0x8000199c (0xfff00213) li      tp, -1
core   0: 3 0x8000199c (0xfff00213) x 4 0xffffffff
core   0: 0x800019a0 (0x155cb917) auipc   s2, 0x155cb
core   0: 3 0x800019a0 (0x155cb917) x18 0x955cc9a0
core   0: 0x800019a4 (0x00000013) nop
core   0: 3 0x800019a4 (0x00000013)
core   0: 0x800019a8 (0x60298697) auipc   a3, 0x60298
core   0: 3 0x800019a8 (0x60298697) x13 0xe02999a8
core   0: 0x800019ac (0x404b05b3) sub     a1, s6, tp
core   0: 3 0x800019ac (0x404b05b3) x11 0x00000001
core   0: 0x800019b0 (0x00b20533) add     a0, tp, a1
core   0: 3 0x800019b0 (0x00b20533) x10 0x00000000
core   0: 0x800019b4 (0x012208b3) add     a7, tp, s2
core   0: 3 0x800019b4 (0x012208b3) x17 0x955cc99f
core   0: 0x800019b8 (0x00000013) nop
core   0: 3 0x800019b8 (0x00000013)
core   0: 0x800019bc (0x00a58233) add     tp, a1, a0
core   0: 3 0x800019bc (0x00a58233) x 4 0x00000001
core   0: 0x800019c0 (0x9a5b0793) addi    a5, s6, -1627
core   0: 3 0x800019c0 (0x9a5b0793) x15 0xfffff9a5
core   0: 0x800019c4 (0x40a888b3) sub     a7, a7, a0
core   0: 3 0x800019c4 (0x40a888b3) x17 0x955cc99f
core   0: 0x800019c8 (0x411906b3) sub     a3, s2, a7
core   0: 3 0x800019c8 (0x411906b3) x13 0x00000001
core   0: 0x800019cc (0x50abc797) auipc   a5, 0x50abc
core   0: 3 0x800019cc (0x50abc797) x15 0xd0abd9cc
core   0: 0x800019d0 (0x651df937) lui     s2, 0x651df
core   0: 3 0x800019d0 (0x651df937) x18 0x651df000
core   0: 0x800019d4 (0x6cb88693) addi    a3, a7, 1739
core   0: 3 0x800019d4 (0x6cb88693) x13 0x955cd06a
core   0: 0x800019d8 (0x4aeb0513) addi    a0, s6, 1198
core   0: 3 0x800019d8 (0x4aeb0513) x10 0x000004ae
core   0: 0x800019dc (0x00b78b33) add     s6, a5, a1
core   0: 3 0x800019dc (0x00b78b33) x22 0xd0abd9cd
core   0: 0x800019e0 (0xb84f7b17) auipc   s6, 0xb84f7
core   0: 3 0x800019e0 (0xb84f7b17) x22 0x384f89e0
core   0: 0x800019e4 (0x0ff56093) ori     ra, a0, 255
core   0: 3 0x800019e4 (0x0ff56093) x 1 0x000004ff
core   0: 0x800019e8 (0x01ee0133) add     sp, t3, t5
core   0: 3 0x800019e8 (0x01ee0133) x 2 0x15ce0570
core   0: 0x800019ec (0x418100b3) sub     ra, sp, s8
core   0: 3 0x800019ec (0x418100b3) x 1 0x15ce056e
core   0: 0x800019f0 (0x01abd513) srli    a0, s7, 26
core   0: 3 0x800019f0 (0x01abd513) x10 0x00000000
core   0: 0x800019f4 (0x404dd4b3) sra     s1, s11, tp
core   0: 3 0x800019f4 (0x404dd4b3) x 9 0x00000000
core   0: 0x800019f8 (0x02494d93) xori    s11, s2, 36
core   0: 3 0x800019f8 (0x02494d93) x27 0x651df024
core   0: 0x800019fc (0x006d9d33) sll     s10, s11, t1
core   0: 3 0x800019fc (0x006d9d33) x26 0x477c0900
core   0: 0x80001a00 (0x0130d533) srl     a0, ra, s3
core   0: 3 0x80001a00 (0x0130d533) x10 0x00000000
core   0: 0x80001a04 (0x212de213) ori     tp, s11, 530
core   0: 3 0x80001a04 (0x212de213) x 4 0x651df236
core   0: 0x80001a08 (0x081f8d37) lui     s10, 0x81f8
core   0: 3 0x80001a08 (0x081f8d37) x26 0x081f8000
core   0: 0x80001a0c (0x00475a33) srl     s4, a4, tp
core   0: 3 0x80001a0c (0x00475a33) x20 0x00000200
core   0: 0x80001a10 (0x04b62a97) auipc   s5, 0x4b62
core   0: 3 0x80001a10 (0x04b62a97) x21 0x84b63a10
core   0: 0x80001a14 (0x6aac2537) lui     a0, 0x6aac2
core   0: 3 0x80001a14 (0x6aac2537) x10 0x6aac2000
core   0: 0x80001a18 (0x744fe993) ori     s3, t6, 1860
core   0: 3 0x80001a18 (0x744fe993) x19 0x2accd77c
core   0: 0x80001a1c (0x00000013) nop
core   0: 3 0x80001a1c (0x00000013)
core   0: 0x80001a20 (0x00839993) slli    s3, t2, 8
core   0: 3 0x80001a20 (0x00839993) x19 0x011e6400
core   0: 0x80001a24 (0x00e23bb3) sltu    s7, tp, a4
core   0: 3 0x80001a24 (0x00e23bb3) x23 0x00000001
core   0: 0x80001a28 (0x884dcb97) auipc   s7, 0x884dc
core   0: 3 0x80001a28 (0x884dcb97) x23 0x084dda28
core   0: 0x80001a2c (0xe9aca5b7) lui     a1, 0xe9aca
core   0: 3 0x80001a2c (0xe9aca5b7) x11 0xe9aca000
core   0: 0x80001a30 (0x64092e93) slti    t4, s2, 1600
core   0: 3 0x80001a30 (0x64092e93) x29 0x00000000
core   0: 0x80001a34 (0x40845d33) sra     s10, s0, s0
core   0: 3 0x80001a34 (0x40845d33) x26 0x00000046
core   0: 0x80001a38 (0x00000013) nop
core   0: 3 0x80001a38 (0x00000013)
core   0: 0x80001a3c (0x002ffab3) and     s5, t6, sp
core   0: 3 0x80001a3c (0x002ffab3) x21 0x00cc0430
core   0: 0x80001a40 (0x40895513) srai    a0, s2, 8
core   0: 3 0x80001a40 (0x40895513) x10 0x00651df0
core   0: 0x80001a44 (0x010b1b93) slli    s7, s6, 16
core   0: 3 0x80001a44 (0x010b1b93) x23 0x89e00000
core   0: 0x80001a48 (0x1691b693) sltiu   a3, gp, 361
core   0: 3 0x80001a48 (0x1691b693) x13 0x00000001
core   0: 0x80001a4c (0xc165f6b7) lui     a3, 0xc165f
core   0: 3 0x80001a4c (0xc165f6b7) x13 0xc165f000
core   0: 0x80001a50 (0x419b88b3) sub     a7, s7, s9
core   0: 3 0x80001a50 (0x419b88b3) x17 0x7411f969
core   0: 0x80001a54 (0x3d69ab13) slti    s6, s3, 982
core   0: 3 0x80001a54 (0x3d69ab13) x22 0x00000000
core   0: 0x80001a58 (0x41745713) srai    a4, s0, 23
core   0: 3 0x80001a58 (0x41745713) x14 0x00000000
core   0: 0x80001a5c (0xf4d3eb93) ori     s7, t2, -179
core   0: 3 0x80001a5c (0xf4d3eb93) x23 0xffffff6d
core   0: 0x80001a60 (0x017725b3) slt     a1, a4, s7
core   0: 3 0x80001a60 (0x017725b3) x11 0x00000000
core   0: 0x80001a64 (0x4184dab3) sra     s5, s1, s8
core   0: 3 0x80001a64 (0x4184dab3) x21 0x00000000
core   0: 0x80001a68 (0x014b41b3) xor     gp, s6, s4
core   0: 3 0x80001a68 (0x014b41b3) x 3 0x00000200
core   0: 0x80001a6c (0x01155eb3) srl     t4, a0, a7
core   0: 3 0x80001a6c (0x01155eb3) x29 0x0000328e
core   0: 0x80001a70 (0x40775b93) srai    s7, a4, 7
core   0: 3 0x80001a70 (0x40775b93) x23 0x00000000
core   0: 0x80001a74 (0x9e066237) lui     tp, 0x9e066
core   0: 3 0x80001a74 (0x9e066237) x 4 0x9e066000
core   0: 0x80001a78 (0x001d9593) slli    a1, s11, 1
core   0: 3 0x80001a78 (0x001d9593) x11 0xca3be048
core   0: 0x80001a7c (0x00d73c33) sltu    s8, a4, a3
core   0: 3 0x80001a7c (0x00d73c33) x24 0x00000001
core   0: 0x80001a80 (0x0155f933) and     s2, a1, s5
core   0: 3 0x80001a80 (0x0155f933) x18 0x00000000
core   0: 0x80001a84 (0xbd43b793) sltiu   a5, t2, -1068
core   0: 3 0x80001a84 (0xbd43b793) x15 0x00000001
core   0: 0x80001a88 (0x4be57693) andi    a3, a0, 1214
core   0: 3 0x80001a88 (0x4be57693) x13 0x000004b0
core   0: 0x80001a8c (0x011a3d33) sltu    s10, s4, a7
core   0: 3 0x80001a8c (0x011a3d33) x26 0x00000001
core   0: 0x80001a90 (0x013319b3) sll     s3, t1, s3
core   0: 3 0x80001a90 (0x013319b3) x19 0xfffff926
core   0: 0x80001a94 (0x41775b93) srai    s7, a4, 23
core   0: 3 0x80001a94 (0x41775b93) x23 0x00000000
core   0: 0x80001a98 (0xa7e46d13) ori     s10, s0, -1410
core   0: 3 0x80001a98 (0xa7e46d13) x26 0xfffffe7e
core   0: 0x80001a9c (0x0011e733) or      a4, gp, ra
core   0: 3 0x80001a9c (0x0011e733) x14 0x15ce076e
core   0: 0x80001aa0 (0x46563f37) lui     t5, 0x46563
core   0: 3 0x80001aa0 (0x46563f37) x30 0x46563000
core   0: 0x80001aa4 (0x4828ea93) ori     s5, a7, 1154
core   0: 3 0x80001aa4 (0x4828ea93) x21 0x7411fdeb
core   0: 0x80001aa8 (0x41bed793) srai    a5, t4, 27
core   0: 3 0x80001aa8 (0x41bed793) x15 0x00000000
core   0: 0x80001aac (0x4109d313) srai    t1, s3, 16
core   0: 3 0x80001aac (0x4109d313) x 6 0xffffffff
core   0: 0x80001ab0 (0x00b979b3) and     s3, s2, a1
core   0: 3 0x80001ab0 (0x00b979b3) x19 0x00000000
core   0: 0x80001ab4 (0x01af9913) slli    s2, t6, 26
core   0: 3 0x80001ab4 (0x01af9913) x18 0xf0000000
core   0: 0x80001ab8 (0x01b31313) slli    t1, t1, 27
core   0: 3 0x80001ab8 (0x01b31313) x 6 0xf8000000
core   0: 0x80001abc (0x00000013) nop
core   0: 3 0x80001abc (0x00000013)
core   0: 0x80001ac0 (0x408e5c33) sra     s8, t3, s0
core   0: 3 0x80001ac0 (0x408e5c33) x24 0x015ce056
core   0: 0x80001ac4 (0x6c83c513) xori    a0, t2, 1736
core   0: 3 0x80001ac4 (0x6c83c513) x10 0x800118ac
core   0: 0x80001ac8 (0x00000013) nop
core   0: 3 0x80001ac8 (0x00000013)
core   0: 0x80001acc (0x41d6d713) srai    a4, a3, 29
core   0: 3 0x80001acc (0x41d6d713) x14 0x00000000
core   0: 0x80001ad0 (0xa872ea13) ori     s4, t0, -1401
core   0: 3 0x80001ad0 (0xa872ea13) x20 0xfffffee7
core   0: 0x80001ad4 (0xc145f893) andi    a7, a1, -1004
core   0: 3 0x80001ad4 (0xc145f893) x17 0xca3be000
core   0: 0x80001ad8 (0xccb5bb93) sltiu   s7, a1, -821
core   0: 3 0x80001ad8 (0xccb5bb93) x23 0x00000001
core   0: 0x80001adc (0x5e70fa93) andi    s5, ra, 1511
core   0: 3 0x80001adc (0x5e70fa93) x21 0x00000566
core   0: 0x80001ae0 (0x412f5313) srai    t1, t5, 18
core   0: 3 0x80001ae0 (0x412f5313) x 6 0x00001195
core   0: 0x80001ae4 (0x00368d33) add     s10, a3, gp
core   0: 3 0x80001ae4 (0x00368d33) x26 0x000006b0
core   0: 0x80001ae8 (0xe57ff493) andi    s1, t6, -425
core   0: 3 0x80001ae8 (0xe57ff493) x 9 0x2accd614
core   0: 0x80001aec (0x09ca0a93) addi    s5, s4, 156
core   0: 3 0x80001aec (0x09ca0a93) x21 0xffffff83
core   0: 0x80001af0 (0xb869ef93) ori     t6, s3, -1146
core   0: 3 0x80001af0 (0xb869ef93) x31 0xfffffb86
core   0: 0x80001af4 (0x014608b3) add     a7, a2, s4
core   0: 3 0x80001af4 (0x014608b3) x17 0x95cf5aeb
core   0: 0x80001af8 (0x41560533) sub     a0, a2, s5
core   0: 3 0x80001af8 (0x41560533) x10 0x95cf5c81
core   0: 0x80001afc (0x00000013) nop
core   0: 3 0x80001afc (0x00000013)
core   0: 0x80001b00 (0x01730cb3) add     s9, t1, s7
core   0: 3 0x80001b00 (0x01730cb3) x25 0x00001196
core   0: 0x80001b04 (0x6d7c2613) slti    a2, s8, 1751
core   0: 3 0x80001b04 (0x6d7c2613) x12 0x00000000
core   0: 0x80001b08 (0x002bb033) sltu    zero, s7, sp
core   0: 3 0x80001b08 (0x002bb033)
core   0: 0x80001b0c (0xa35ec613) xori    a2, t4, -1483
core   0: 3 0x80001b0c (0xa35ec613) x12 0xffffc8bb
core   0: 0x80001b10 (0x6151f793) andi    a5, gp, 1557
core   0: 3 0x80001b10 (0x6151f793) x15 0x00000200
core   0: 0x80001b14 (0x411555b3) sra     a1, a0, a7
core   0: 3 0x80001b14 (0x411555b3) x11 0xfff2b9eb
core   0: 0x80001b18 (0x01d616b3) sll     a3, a2, t4
core   0: 3 0x80001b18 (0x01d616b3) x13 0xf22ec000
core   0: 0x80001b1c (0xa5c63793) sltiu   a5, a2, -1444
core   0: 3 0x80001b1c (0xa5c63793) x15 0x00000001
core   0: 0x80001b20 (0x00c18093) addi    ra, gp, 12
core   0: 3 0x80001b20 (0x00c18093) x 1 0x0000020c
core   0: 0x80001b24 (0x00a17b33) and     s6, sp, a0
core   0: 3 0x80001b24 (0x00a17b33) x22 0x15ce0400
core   0: 0x80001b28 (0x00f0f7b3) and     a5, ra, a5
core   0: 3 0x80001b28 (0x00f0f7b3) x15 0x00000000
core   0: 0x80001b2c (0x00000013) nop
core   0: 3 0x80001b2c (0x00000013)
core   0: 0x80001b30 (0x401901b3) sub     gp, s2, ra
core   0: 3 0x80001b30 (0x401901b3) x 3 0xeffffdf4
core   0: 0x80001b34 (0x7d96e213) ori     tp, a3, 2009
core   0: 3 0x80001b34 (0x7d96e213) x 4 0xf22ec7d9
core   0: 0x80001b38 (0x0d54a317) auipc   t1, 0xd54a
core   0: 3 0x80001b38 (0x0d54a317) x 6 0x8d54bb38
core   0: 0x80001b3c (0x00000013) nop
core   0: 3 0x80001b3c (0x00000013)
core   0: 0x80001b40 (0x00fd9733) sll     a4, s11, a5
core   0: 3 0x80001b40 (0x00fd9733) x14 0x651df024
core   0: 0x80001b44 (0x41398e33) sub     t3, s3, s3
core   0: 3 0x80001b44 (0x41398e33) x28 0x00000000
core   0: 0x80001b48 (0x9c854e13) xori    t3, a0, -1592
core   0: 3 0x80001b48 (0x9c854e13) x28 0x6a30a549
core   0: 0x80001b4c (0x0077edb3) or      s11, a5, t2
core   0: 3 0x80001b4c (0x0077edb3) x27 0x80011e64
core   0: 0x80001b50 (0x0183fc33) and     s8, t2, s8
core   0: 3 0x80001b50 (0x0183fc33) x24 0x00000044
core   0: 0x80001b54 (0xeafa31b7) lui     gp, 0xeafa3
core   0: 3 0x80001b54 (0xeafa31b7) x 3 0xeafa3000
core   0: 0x80001b58 (0x010f2933) slt     s2, t5, a6
core   0: 3 0x80001b58 (0x010f2933) x18 0x00000000
core   0: 0x80001b5c (0x006238b3) sltu    a7, tp, t1
core   0: 3 0x80001b5c (0x006238b3) x17 0x00000000
core   0: 0x80001b60 (0x40ffdf33) sra     t5, t6, a5
core   0: 3 0x80001b60 (0x40ffdf33) x30 0xfffffb86
core   0: 0x80001b64 (0x409e5993) srai    s3, t3, 9
core   0: 3 0x80001b64 (0x409e5993) x19 0x00351852
core   0: 0x80001b68 (0x015e3cb3) sltu    s9, t3, s5
core   0: 3 0x80001b68 (0x015e3cb3) x25 0x00000001
core   0: 0x80001b6c (0x627d3937) lui     s2, 0x627d3
core   0: 3 0x80001b6c (0x627d3937) x18 0x627d3000
core   0: 0x80001b70 (0xbeccc413) xori    s0, s9, -1044
core   0: 3 0x80001b70 (0xbeccc413) x 8 0xfffffbed
core   0: 0x80001b74 (0x41905333) sra     t1, zero, s9
core   0: 3 0x80001b74 (0x41905333) x 6 0x00000000
core   0: 0x80001b78 (0x01a79633) sll     a2, a5, s10
core   0: 3 0x80001b78 (0x01a79633) x12 0x00000000
core   0: 0x80001b7c (0xbb8d4613) xori    a2, s10, -1096
core   0: 3 0x80001b7c (0xbb8d4613) x12 0xfffffd08
core   0: 0x80001b80 (0x01cfcbb3) xor     s7, t6, t3
core   0: 3 0x80001b80 (0x01cfcbb3) x23 0x95cf5ecf
core   0: 0x80001b84 (0x01cc2733) slt     a4, s8, t3
core   0: 3 0x80001b84 (0x01cc2733) x14 0x00000001
core   0: 0x80001b88 (0x01603f33) snez    t5, s6
core   0: 3 0x80001b88 (0x01603f33) x30 0x00000001
core   0: 0x80001b8c (0x504386b7) lui     a3, 0x50438
core   0: 3 0x80001b8c (0x504386b7) x13 0x50438000
core   0: 0x80001b90 (0x17547d13) andi    s10, s0, 373
core   0: 3 0x80001b90 (0x17547d13) x26 0x00000165
core   0: 0x80001b94 (0x01c275b3) and     a1, tp, t3
core   0: 3 0x80001b94 (0x01c275b3) x11 0x62208549
core   0: 0x80001b98 (0x00bdf4b3) and     s1, s11, a1
core   0: 3 0x80001b98 (0x00bdf4b3) x 9 0x00000440
core   0: 0x80001b9c (0x01cd0933) add     s2, s10, t3
core   0: 3 0x80001b9c (0x01cd0933) x18 0x6a30a6ae
core   0: 0x80001ba0 (0x013b07b3) add     a5, s6, s3
core   0: 3 0x80001ba0 (0x013b07b3) x15 0x16031c52
core   0: 0x80001ba4 (0xb0e97913) andi    s2, s2, -1266
core   0: 3 0x80001ba4 (0xb0e97913) x18 0x6a30a20e
core   0: 0x80001ba8 (0x00c74033) xor     zero, a4, a2
core   0: 3 0x80001ba8 (0x00c74033)
core   0: 0x80001bac (0x0007dc13) srli    s8, a5, 0
core   0: 3 0x80001bac (0x0007dc13) x24 0x16031c52
core   0: 0x80001bb0 (0x00f21b93) slli    s7, tp, 15
core   0: 3 0x80001bb0 (0x00f21b93) x23 0x63ec8000
core   0: 0x80001bb4 (0x014d5b93) srli    s7, s10, 20
core   0: 3 0x80001bb4 (0x014d5b93) x23 0x00000000
core   0: 0x80001bb8 (0x00753ab3) sltu    s5, a0, t2
core   0: 3 0x80001bb8 (0x00753ab3) x21 0x00000000
core   0: 0x80001bbc (0x01591fb3) sll     t6, s2, s5
core   0: 3 0x80001bbc (0x01591fb3) x31 0x6a30a20e
core   0: 0x80001bc0 (0x416d5093) srai    ra, s10, 22
core   0: 3 0x80001bc0 (0x416d5093) x 1 0x00000000
core   0: 0x80001bc4 (0x0079e6b3) or      a3, s3, t2
core   0: 3 0x80001bc4 (0x0079e6b3) x13 0x80351e76
core   0: 0x80001bc8 (0xb306e213) ori     tp, a3, -1232
core   0: 3 0x80001bc8 (0xb306e213) x 4 0xffffff76
core   0: 0x80001bcc (0xaf844017) auipc   zero, 0xaf844
core   0: 3 0x80001bcc (0xaf844017)
core   0: 0x80001bd0 (0xdb84c137) lui     sp, 0xdb84c
core   0: 3 0x80001bd0 (0xdb84c137) x 2 0xdb84c000
core   0: 0x80001bd4 (0x40838733) sub     a4, t2, s0
core   0: 3 0x80001bd4 (0x40838733) x14 0x80012277
core   0: 0x80001bd8 (0xf66245b7) lui     a1, 0xf6624
core   0: 3 0x80001bd8 (0xf66245b7) x11 0xf6624000
core   0: 0x80001bdc (0x00302cb3) slt     s9, zero, gp
core   0: 3 0x80001bdc (0x00302cb3) x25 0x00000000
core   0: 0x80001be0 (0x40ff0633) sub     a2, t5, a5
core   0: 3 0x80001be0 (0x40ff0633) x12 0xe9fce3af
core   0: 0x80001be4 (0x00c21033) sll     zero, tp, a2
core   0: 3 0x80001be4 (0x00c21033)
core   0: 0x80001be8 (0x4053d093) srai    ra, t2, 5
core   0: 3 0x80001be8 (0x4053d093) x 1 0xfc0008f3
core   0: 0x80001bec (0x10e64693) xori    a3, a2, 270
core   0: 3 0x80001bec (0x10e64693) x13 0xe9fce2a1
core   0: 0x80001bf0 (0xea082193) slti    gp, a6, -352
core   0: 3 0x80001bf0 (0xea082193) x 3 0x00000001
core   0: 0x80001bf4 (0x40580a33) sub     s4, a6, t0
core   0: 3 0x80001bf4 (0x40580a33) x20 0x7a42f3d0
core   0: 0x80001bf8 (0x40ce5333) sra     t1, t3, a2
core   0: 3 0x80001bf8 (0x40ce5333) x 6 0x0000d461
core   0: 0x80001bfc (0x00000013) nop
core   0: 3 0x80001bfc (0x00000013)
core   0: 0x80001c00 (0xd0f73037) lui     zero, 0xd0f73
core   0: 3 0x80001c00 (0xd0f73037)
core   0: 0x80001c04 (0x4010d193) srai    gp, ra, 1
core   0: 3 0x80001c04 (0x4010d193) x 3 0xfe000479
core   0: 0x80001c08 (0x04c6ee13) ori     t3, a3, 76
core   0: 3 0x80001c08 (0x04c6ee13) x28 0xe9fce2ed
core   0: 0x80001c0c (0x41398db3) sub     s11, s3, s3
core   0: 3 0x80001c0c (0x41398db3) x27 0x00000000
core   0: 0x80001c10 (0xb16bd517) auipc   a0, 0xb16bd
core   0: 3 0x80001c10 (0xb16bd517) x10 0x316bec10
core   0: 0x80001c14 (0xd9d04493) xori    s1, zero, -611
core   0: 3 0x80001c14 (0xd9d04493) x 9 0xfffffd9d
core   0: 0x80001c18 (0xc1d9e013) ori     zero, s3, -995
core   0: 3 0x80001c18 (0xc1d9e013)
core   0: 0x80001c1c (0x41d7d193) srai    gp, a5, 29
core   0: 3 0x80001c1c (0x41d7d193) x 3 0x00000000
core   0: 0x80001c20 (0x00e15f33) srl     t5, sp, a4
core   0: 3 0x80001c20 (0x00e15f33) x30 0x000001b7
core   0: 0x80001c24 (0x009651b3) srl     gp, a2, s1
core   0: 3 0x80001c24 (0x009651b3) x 3 0x00000007
core   0: 0x80001c28 (0x0166ba33) sltu    s4, a3, s6
core   0: 3 0x80001c28 (0x0166ba33) x20 0x00000000
core   0: 0x80001c2c (0x010dbdb3) sltu    s11, s11, a6
core   0: 3 0x80001c2c (0x010dbdb3) x27 0x00000001
core   0: 0x80001c30 (0x00000013) nop
core   0: 3 0x80001c30 (0x00000013)
core   0: 0x80001c34 (0x4168ddb3) sra     s11, a7, s6
core   0: 3 0x80001c34 (0x4168ddb3) x27 0x00000000
core   0: 0x80001c38 (0x41db0733) sub     a4, s6, t4
core   0: 3 0x80001c38 (0x41db0733) x14 0x15cdd172
core   0: 0x80001c3c (0x01a70c33) add     s8, a4, s10
core   0: 3 0x80001c3c (0x01a70c33) x24 0x15cdd2d7
core   0: 0x80001c40 (0xb2a86b13) ori     s6, a6, -1238
core   0: 3 0x80001c40 (0xb2a86b13) x22 0xfffffbbe
core   0: 0x80001c44 (0x00000013) nop
core   0: 3 0x80001c44 (0x00000013)
core   0: 0x80001c48 (0x41348433) sub     s0, s1, s3
core   0: 3 0x80001c48 (0x41348433) x 8 0xffcae54b
core   0: 0x80001c4c (0x37b33693) sltiu   a3, t1, 891
core   0: 3 0x80001c4c (0x37b33693) x13 0x00000000
core   0: 0x80001c50 (0x50fc6313) ori     t1, s8, 1295
core   0: 3 0x80001c50 (0x50fc6313) x 6 0x15cdd7df
core   0: 0x80001c54 (0x6b1c8f93) addi    t6, s9, 1713
core   0: 3 0x80001c54 (0x6b1c8f93) x31 0x000006b1
core   0: 0x80001c58 (0x40af0333) sub     t1, t5, a0
core   0: 3 0x80001c58 (0x40af0333) x 6 0xce9415a7
core   0: 0x80001c5c (0x01d837b3) sltu    a5, a6, t4
core   0: 3 0x80001c5c (0x01d837b3) x15 0x00000000
core   0: 0x80001c60 (0x0158ee33) or      t3, a7, s5
core   0: 3 0x80001c60 (0x0158ee33) x28 0x00000000
core   0: 0x80001c64 (0x40d7dc13) srai    s8, a5, 13
core   0: 3 0x80001c64 (0x40d7dc13) x24 0x00000000
core   0: 0x80001c68 (0x418fdc33) sra     s8, t6, s8
core   0: 3 0x80001c68 (0x418fdc33) x24 0x000006b1
core   0: 0x80001c6c (0x01d09633) sll     a2, ra, t4
core   0: 3 0x80001c6c (0x01d09633) x12 0x023cc000
core   0: 0x80001c70 (0x01a696b3) sll     a3, a3, s10
core   0: 3 0x80001c70 (0x01a696b3) x13 0x00000000
core   0: 0x80001c74 (0x3bf7a513) slti    a0, a5, 959
core   0: 3 0x80001c74 (0x3bf7a513) x10 0x00000001
core   0: 0x80001c78 (0x00215793) srli    a5, sp, 2
core   0: 3 0x80001c78 (0x00215793) x15 0x36e13000
core   0: 0x80001c7c (0x41528fb3) sub     t6, t0, s5
core   0: 3 0x80001c7c (0x41528fb3) x31 0x80015ce4
core   0: 0x80001c80 (0x01a41a93) slli    s5, s0, 26
core   0: 3 0x80001c80 (0x01a41a93) x21 0x2c000000
core   0: 0x80001c84 (0x8efc0113) addi    sp, s8, -1809
core   0: 3 0x80001c84 (0x8efc0113) x 2 0xffffffa0
core   0: 0x80001c88 (0x01e39693) slli    a3, t2, 30
core   0: 3 0x80001c88 (0x01e39693) x13 0x00000000
core   0: 0x80001c8c (0x0fc5c4b7) lui     s1, 0xfc5c
core   0: 3 0x80001c8c (0x0fc5c4b7) x 9 0x0fc5c000
core   0: 0x80001c90 (0x01db1033) sll     zero, s6, t4
core   0: 3 0x80001c90 (0x01db1033)
core   0: 0x80001c94 (0x071aa593) slti    a1, s5, 113
core   0: 3 0x80001c94 (0x071aa593) x11 0x00000000
core   0: 0x80001c98 (0x0107d713) srli    a4, a5, 16
core   0: 3 0x80001c98 (0x0107d713) x14 0x000036e1
core   0: 0x80001c9c (0x0140cdb3) xor     s11, ra, s4
core   0: 3 0x80001c9c (0x0140cdb3) x27 0xfc0008f3
core   0: 0x80001ca0 (0x4183d193) srai    gp, t2, 24
core   0: 3 0x80001ca0 (0x4183d193) x 3 0xffffff80
core   0: 0x80001ca4 (0x01edd033) srl     zero, s11, t5
core   0: 3 0x80001ca4 (0x01edd033)
core   0: 0x80001ca8 (0x440f3237) lui     tp, 0x440f3
core   0: 3 0x80001ca8 (0x440f3237) x 4 0x440f3000
core   0: 0x80001cac (0x42c97913) andi    s2, s2, 1068
core   0: 3 0x80001cac (0x42c97913) x18 0x0000000c
core   0: 0x80001cb0 (0x1a5b2093) slti    ra, s6, 421
core   0: 3 0x80001cb0 (0x1a5b2093) x 1 0x00000001
core   0: 0x80001cb4 (0x0003d0b3) srl     ra, t2, zero
core   0: 3 0x80001cb4 (0x0003d0b3) x 1 0x80011e64
core   0: 0x80001cb8 (0x006dd033) srl     zero, s11, t1
core   0: 3 0x80001cb8 (0x006dd033)
core   0: 0x80001cbc (0x0167db93) srli    s7, a5, 22
core   0: 3 0x80001cbc (0x0167db93) x23 0x000000db
core   0: 0x80001cc0 (0x9cb02517) auipc   a0, 0x9cb02
core   0: 3 0x80001cc0 (0x9cb02517) x10 0x1cb03cc0
core   0: 0x80001cc4 (0x346c0593) addi    a1, s8, 838
core   0: 3 0x80001cc4 (0x346c0593) x11 0x000009f7
core   0: 0x80001cc8 (0x4080d513) srai    a0, ra, 8
core   0: 3 0x80001cc8 (0x4080d513) x10 0xff80011e
core   0: 0x80001ccc (0x403b5933) sra     s2, s6, gp
core   0: 3 0x80001ccc (0x403b5933) x18 0xfffffbbe
core   0: 0x80001cd0 (0x01d1e033) or      zero, gp, t4
core   0: 3 0x80001cd0 (0x01d1e033)
core   0: 0x80001cd4 (0x0065b4b3) sltu    s1, a1, t1
core   0: 3 0x80001cd4 (0x0065b4b3) x 9 0x00000001
core   0: 0x80001cd8 (0x00000013) nop
core   0: 3 0x80001cd8 (0x00000013)
core   0: 0x80001cdc (0x67c62693) slti    a3, a2, 1660
core   0: 3 0x80001cdc (0x67c62693) x13 0x00000000
core   0: 0x80001ce0 (0x9e870b93) addi    s7, a4, -1560
core   0: 3 0x80001ce0 (0x9e870b93) x23 0x000030c9
core   0: 0x80001ce4 (0x001805b3) add     a1, a6, ra
core   0: 3 0x80001ce4 (0x001805b3) x11 0x7a456f18
core   0: 0x80001ce8 (0x4028d6b3) sra     a3, a7, sp
core   0: 3 0x80001ce8 (0x4028d6b3) x13 0x00000000
core   0: 0x80001cec (0x48d5ef13) ori     t5, a1, 1165
core   0: 3 0x80001cec (0x48d5ef13) x30 0x7a456f9d
core   0: 0x80001cf0 (0x009c5913) srli    s2, s8, 9
core   0: 3 0x80001cf0 (0x009c5913) x18 0x00000003
core   0: 0x80001cf4 (0x4102d793) srai    a5, t0, 16
core   0: 3 0x80001cf4 (0x4102d793) x15 0xffff8001
core   0: 0x80001cf8 (0x4ff07693) andi    a3, zero, 1279
core   0: 3 0x80001cf8 (0x4ff07693) x13 0x00000000
core   0: 0x80001cfc (0x971edab7) lui     s5, 0x971ed
core   0: 3 0x80001cfc (0x971edab7) x21 0x971ed000
core   0: 0x80001d00 (0x0161e233) or      tp, gp, s6
core   0: 3 0x80001d00 (0x0161e233) x 4 0xffffffbe
core   0: 0x80001d04 (0x41f7d1b3) sra     gp, a5, t6
core   0: 3 0x80001d04 (0x41f7d1b3) x 3 0xfffff800
core   0: 0x80001d08 (0xe2e8c213) xori    tp, a7, -466
core   0: 3 0x80001d08 (0xe2e8c213) x 4 0xfffffe2e
core   0: 0x80001d0c (0x01e8a433) slt     s0, a7, t5
core   0: 3 0x80001d0c (0x01e8a433) x 8 0x00000001
core   0: 0x80001d10 (0x003c9a93) slli    s5, s9, 3
core   0: 3 0x80001d10 (0x003c9a93) x21 0x00000000
core   0: 0x80001d14 (0x00000013) nop
core   0: 3 0x80001d14 (0x00000013)
core   0: 0x80001d18 (0x001d95b3) sll     a1, s11, ra
core   0: 3 0x80001d18 (0x001d95b3) x11 0xc0008f30
core   0: 0x80001d1c (0x4061d933) sra     s2, gp, t1
core   0: 3 0x80001d1c (0x4061d933) x18 0xfffffff0
core   0: 0x80001d20 (0x40f1dd13) srai    s10, gp, 15
core   0: 3 0x80001d20 (0x40f1dd13) x26 0xffffffff
core   0: 0x80001d24 (0x01c49333) sll     t1, s1, t3
core   0: 3 0x80001d24 (0x01c49333) x 6 0x00000001
core   0: 0x80001d28 (0x00f2dfb3) srl     t6, t0, a5
core   0: 3 0x80001d28 (0x00f2dfb3) x31 0x4000ae72
core   0: 0x80001d2c (0x0125de93) srli    t4, a1, 18
core   0: 3 0x80001d2c (0x0125de93) x29 0x00003000
core   0: 0x80001d30 (0x6f062893) slti    a7, a2, 1776
core   0: 3 0x80001d30 (0x6f062893) x17 0x00000000
core   0: 0x80001d34 (0x019db1b3) sltu    gp, s11, s9
core   0: 3 0x80001d34 (0x019db1b3) x 3 0x00000000
core   0: 0x80001d38 (0xeaef6f13) ori     t5, t5, -338
core   0: 3 0x80001d38 (0xeaef6f13) x30 0xffffffbf
core   0: 0x80001d3c (0x1c780413) addi    s0, a6, 455
core   0: 3 0x80001d3c (0x1c780413) x 8 0xfa44527b
core   0: 0x80001d40 (0x003026b3) slt     a3, zero, gp
core   0: 3 0x80001d40 (0x003026b3) x13 0x00000000
core   0: 0x80001d44 (0x00cad533) srl     a0, s5, a2
core   0: 3 0x80001d44 (0x00cad533) x10 0x00000000
core   0: 0x80001d48 (0xa9503213) sltiu   tp, zero, -1387
core   0: 3 0x80001d48 (0xa9503213) x 4 0x00000001
core   0: 0x80001d4c (0x47d28697) auipc   a3, 0x47d28
core   0: 3 0x80001d4c (0x47d28697) x13 0xc7d29d4c
core   0: 0x80001d50 (0x00943cb3) sltu    s9, s0, s1
core   0: 3 0x80001d50 (0x00943cb3) x25 0x00000000
core   0: 0x80001d54 (0x397d4913) xori    s2, s10, 919
core   0: 3 0x80001d54 (0x397d4913) x18 0xfffffc68
core   0: 0x80001d58 (0x01a8acb3) slt     s9, a7, s10
core   0: 3 0x80001d58 (0x01a8acb3) x25 0x00000000
core   0: 0x80001d5c (0x09217317) auipc   t1, 0x9217
core   0: 3 0x80001d5c (0x09217317) x 6 0x89218d5c
core   0: 0x80001d60 (0x00000013) nop
core   0: 3 0x80001d60 (0x00000013)
core   0: 0x80001d64 (0x03eff117) auipc   sp, 0x3eff
core   0: 3 0x80001d64 (0x03eff117) x 2 0x83f00d64
core   0: 0x80001d68 (0x00577733) and     a4, a4, t0
core   0: 3 0x80001d68 (0x00577733) x14 0x000014e0
core   0: 0x80001d6c (0x01abf5b3) and     a1, s7, s10
core   0: 3 0x80001d6c (0x01abf5b3) x11 0x000030c9
core   0: 0x80001d70 (0x4118d313) srai    t1, a7, 17
core   0: 3 0x80001d70 (0x4118d313) x 6 0x00000000
core   0: 0x80001d74 (0x41f4d793) srai    a5, s1, 31
core   0: 3 0x80001d74 (0x41f4d793) x15 0x00000000
core   0: 0x80001d78 (0x4f91e097) auipc   ra, 0x4f91e
core   0: 3 0x80001d78 (0x4f91e097) x 1 0xcf91fd78
core   0: 0x80001d7c (0x52008693) addi    a3, ra, 1312
core   0: 3 0x80001d7c (0x52008693) x13 0xcf920298
core   0: 0x80001d80 (0x41148eb3) sub     t4, s1, a7
core   0: 3 0x80001d80 (0x41148eb3) x29 0x00000001
core   0: 0x80001d84 (0x00698ab3) add     s5, s3, t1
core   0: 3 0x80001d84 (0x00698ab3) x21 0x00351852
core   0: 0x80001d88 (0x012a36b3) sltu    a3, s4, s2
core   0: 3 0x80001d88 (0x012a36b3) x13 0x00000001
core   0: 0x80001d8c (0x005f8d13) addi    s10, t6, 5
core   0: 3 0x80001d8c (0x005f8d13) x26 0x4000ae77
core   0: 0x80001d90 (0x40eb5893) srai    a7, s6, 14
core   0: 3 0x80001d90 (0x40eb5893) x17 0xffffffff
core   0: 0x80001d94 (0x01d93b33) sltu    s6, s2, t4
core   0: 3 0x80001d94 (0x01d93b33) x22 0x00000000
core   0: 0x80001d98 (0x00a007b3) add     a5, zero, a0
core   0: 3 0x80001d98 (0x00a007b3) x15 0x00000000
core   0: 0x80001d9c (0x008ead33) slt     s10, t4, s0
core   0: 3 0x80001d9c (0x008ead33) x26 0x00000000
core   0: 0x80001da0 (0x9ac6a913) slti    s2, a3, -1620
core   0: 3 0x80001da0 (0x9ac6a913) x18 0x00000000
core   0: 0x80001da4 (0x411c88b3) sub     a7, s9, a7
core   0: 3 0x80001da4 (0x411c88b3) x17 0x00000001
core   0: 0x80001da8 (0x0108b9b3) sltu    s3, a7, a6
core   0: 3 0x80001da8 (0x0108b9b3) x19 0x00000001
core   0: 0x80001dac (0xf3ee4a93) xori    s5, t3, -194
core   0: 3 0x80001dac (0xf3ee4a93) x21 0xffffff3e
core   0: 0x80001db0 (0x0144d713) srli    a4, s1, 20
core   0: 3 0x80001db0 (0x0144d713) x14 0x00000000
core   0: 0x80001db4 (0x0b32f313) andi    t1, t0, 179
core   0: 3 0x80001db4 (0x0b32f313) x 6 0x000000a0
core   0: 0x80001db8 (0x00429333) sll     t1, t0, tp
core   0: 3 0x80001db8 (0x00429333) x 6 0x0002b9c8
core   0: 0x80001dbc (0x415b0533) sub     a0, s6, s5
core   0: 3 0x80001dbc (0x415b0533) x10 0x000000c2
core   0: 0x80001dc0 (0x01729333) sll     t1, t0, s7
core   0: 3 0x80001dc0 (0x01729333) x 6 0x02b9c800
core   0: 0x80001dc4 (0x01813ab3) sltu    s5, sp, s8
core   0: 3 0x80001dc4 (0x01813ab3) x21 0x00000000
core   0: 0x80001dc8 (0x00a5dfb3) srl     t6, a1, a0
core   0: 3 0x80001dc8 (0x00a5dfb3) x31 0x00000c32
core   0: 0x80001dcc (0x4dd8bc93) sltiu   s9, a7, 1245
core   0: 3 0x80001dcc (0x4dd8bc93) x25 0x00000001
core   0: 0x80001dd0 (0x00152933) slt     s2, a0, ra
core   0: 3 0x80001dd0 (0x00152933) x18 0x00000000
core   0: 0x80001dd4 (0x004b5613) srli    a2, s6, 4
core   0: 3 0x80001dd4 (0x004b5613) x12 0x00000000
core   0: 0x80001dd8 (0x2aa2f093) andi    ra, t0, 682
core   0: 3 0x80001dd8 (0x2aa2f093) x 1 0x000000a0
core   0: 0x80001ddc (0x407281b3) sub     gp, t0, t2
core   0: 3 0x80001ddc (0x407281b3) x 3 0x00003e80
core   0: 0x80001de0 (0x011ec333) xor     t1, t4, a7
core   0: 3 0x80001de0 (0x011ec333) x 6 0x00000000
core   0: 0x80001de4 (0x96642193) slti    gp, s0, -1690
core   0: 3 0x80001de4 (0x96642193) x 3 0x00000001
core   0: 0x80001de8 (0x008f9233) sll     tp, t6, s0
core   0: 3 0x80001de8 (0x008f9233) x 4 0x90000000
core   0: 0x80001dec (0x010b1413) slli    s0, s6, 16
core   0: 3 0x80001dec (0x010b1413) x 8 0x00000000
core   0: 0x80001df0 (0x00000013) nop
core   0: 3 0x80001df0 (0x00000013)
core   0: 0x80001df4 (0x00424b33) xor     s6, tp, tp
core   0: 3 0x80001df4 (0x00424b33) x22 0x00000000
core   0: 0x80001df8 (0x00dd5c33) srl     s8, s10, a3
core   0: 3 0x80001df8 (0x00dd5c33) x24 0x00000000
core   0: 0x80001dfc (0x1263bf13) sltiu   t5, t2, 294
core   0: 3 0x80001dfc (0x1263bf13) x30 0x00000000
core   0: 0x80001e00 (0x2332c117) auipc   sp, 0x2332c
core   0: 3 0x80001e00 (0x2332c117) x 2 0xa332de00
core   0: 0x80001e04 (0x000ca7b3) slt     a5, s9, zero
core   0: 3 0x80001e04 (0x000ca7b3) x15 0x00000000
core   0: 0x80001e08 (0x01333233) sltu    tp, t1, s3
core   0: 3 0x80001e08 (0x01333233) x 4 0x00000001
core   0: 0x80001e0c (0xdd507a93) andi    s5, zero, -555
core   0: 3 0x80001e0c (0xdd507a93) x21 0x00000000
core   0: 0x80001e10 (0x00f15c13) srli    s8, sp, 15
core   0: 3 0x80001e10 (0x00f15c13) x24 0x00014665
core   0: 0x80001e14 (0x006f1d33) sll     s10, t5, t1
core   0: 3 0x80001e14 (0x006f1d33) x26 0x00000000
core   0: 0x80001e18 (0x4f6aa113) slti    sp, s5, 1270
core   0: 3 0x80001e18 (0x4f6aa113) x 2 0x00000001
core   0: 0x80001e1c (0x403ad013) srai    zero, s5, 3
core   0: 3 0x80001e1c (0x403ad013)
core   0: 0x80001e20 (0x41600133) sub     sp, zero, s6
core   0: 3 0x80001e20 (0x41600133) x 2 0x00000000
core   0: 0x80001e24 (0xfad2d1b7) lui     gp, 0xfad2d
core   0: 3 0x80001e24 (0xfad2d1b7) x 3 0xfad2d000
core   0: 0x80001e28 (0x16016113) ori     sp, sp, 352
core   0: 3 0x80001e28 (0x16016113) x 2 0x00000160
core   0: 0x80001e2c (0x372e3913) sltiu   s2, t3, 882
core   0: 3 0x80001e2c (0x372e3913) x18 0x00000001
core   0: 0x80001e30 (0x01925893) srli    a7, tp, 25
core   0: 3 0x80001e30 (0x01925893) x17 0x00000000
core   0: 0x80001e34 (0xde2b0413) addi    s0, s6, -542
core   0: 3 0x80001e34 (0xde2b0413) x 8 0xfffffde2
core   0: 0x80001e38 (0x01945733) srl     a4, s0, s9
core   0: 3 0x80001e38 (0x01945733) x14 0x7ffffef1
core   0: 0x80001e3c (0x006dd013) srli    zero, s11, 6
core   0: 3 0x80001e3c (0x006dd013)
core   0: 0x80001e40 (0x0199d913) srli    s2, s3, 25
core   0: 3 0x80001e40 (0x0199d913) x18 0x00000000
core   0: 0x80001e44 (0x00f85e33) srl     t3, a6, a5
core   0: 3 0x80001e44 (0x00f85e33) x28 0xfa4450b4
core   0: 0x80001e48 (0x00e5feb3) and     t4, a1, a4
core   0: 3 0x80001e48 (0x00e5feb3) x29 0x000030c1
core   0: 0x80001e4c (0x03acc993) xori    s3, s9, 58
core   0: 3 0x80001e4c (0x03acc993) x19 0x0000003b
core   0: 0x80001e50 (0x0872fb13) andi    s6, t0, 135
core   0: 3 0x80001e50 (0x0872fb13) x22 0x00000084
core   0: 0x80001e54 (0x00103e33) snez    t3, ra
core   0: 3 0x80001e54 (0x00103e33) x28 0x00000001
core   0: 0x80001e58 (0x00939233) sll     tp, t2, s1
core   0: 3 0x80001e58 (0x00939233) x 4 0x00023cc8
core   0: 0x80001e5c (0x00000013) nop
core   0: 3 0x80001e5c (0x00000013)
core   0: 0x80001e60 (0x81092097) auipc   ra, 0x81092
core   0: 3 0x80001e60 (0x81092097) x 1 0x01093e60
core   0: 0x80001e64 (0x01fec0b3) xor     ra, t4, t6
core   0: 3 0x80001e64 (0x01fec0b3) x 1 0x00003cf3
core   0: 0x80001e68 (0x00000013) nop
core   0: 3 0x80001e68 (0x00000013)
core   0: 0x80001e6c (0x01389a93) slli    s5, a7, 19
core   0: 3 0x80001e6c (0x01389a93) x21 0x00000000
core   0: 0x80001e70 (0x40b405b3) sub     a1, s0, a1
core   0: 3 0x80001e70 (0x40b405b3) x11 0xffffcd19
core   0: 0x80001e74 (0x6d832493) slti    s1, t1, 1752
core   0: 3 0x80001e74 (0x6d832493) x 9 0x00000001
core   0: 0x80001e78 (0x44df0193) addi    gp, t5, 1101
core   0: 3 0x80001e78 (0x44df0193) x 3 0x0000044d
core   0: 0x80001e7c (0x8129e693) ori     a3, s3, -2030
core   0: 3 0x80001e7c (0x8129e693) x13 0xfffff83b
core   0: 0x80001e80 (0x64364513) xori    a0, a2, 1603
core   0: 3 0x80001e80 (0x64364513) x10 0x00000643
core   0: 0x80001e84 (0x00a01313) slli    t1, zero, 10
core   0: 3 0x80001e84 (0x00a01313) x 6 0x00000000
core   0: 0x80001e88 (0x00777c33) and     s8, a4, t2
core   0: 3 0x80001e88 (0x00777c33) x24 0x00011e60
core   0: 0x80001e8c (0x507ceb93) ori     s7, s9, 1287
core   0: 3 0x80001e8c (0x507ceb93) x23 0x00000507
core   0: 0x80001e90 (0x013c7a33) and     s4, s8, s3
core   0: 3 0x80001e90 (0x013c7a33) x20 0x00000020
core   0: 0x80001e94 (0x00000013) nop
core   0: 3 0x80001e94 (0x00000013)
core   0: 0x80001e98 (0x0180f6b3) and     a3, ra, s8
core   0: 3 0x80001e98 (0x0180f6b3) x13 0x00001c60
core   0: 0x80001e9c (0x9f707fb7) lui     t6, 0x9f707
core   0: 3 0x80001e9c (0x9f707fb7) x31 0x9f707000
core   0: 0x80001ea0 (0x22712093) slti    ra, sp, 551
core   0: 3 0x80001ea0 (0x22712093) x 1 0x00000001
core   0: 0x80001ea4 (0x6c144713) xori    a4, s0, 1729
core   0: 3 0x80001ea4 (0x6c144713) x14 0xfffffb23
core   0: 0x80001ea8 (0x01937db3) and     s11, t1, s9
core   0: 3 0x80001ea8 (0x01937db3) x27 0x00000000
core   0: 0x80001eac (0xe1f836b7) lui     a3, 0xe1f83
core   0: 3 0x80001eac (0xe1f836b7) x13 0xe1f83000
core   0: 0x80001eb0 (0x417bd913) srai    s2, s7, 23
core   0: 3 0x80001eb0 (0x417bd913) x18 0x00000000
core   0: 0x80001eb4 (0x4e68ba97) auipc   s5, 0x4e68b
core   0: 3 0x80001eb4 (0x4e68ba97) x21 0xce68ceb4
core   0: 0x80001eb8 (0x002a9333) sll     t1, s5, sp
core   0: 3 0x80001eb8 (0x002a9333) x 6 0xce68ceb4
core   0: 0x80001ebc (0x40f70033) sub     zero, a4, a5
core   0: 3 0x80001ebc (0x40f70033)
core   0: 0x80001ec0 (0x38264593) xori    a1, a2, 898
core   0: 3 0x80001ec0 (0x38264593) x11 0x00000382
core   0: 0x80001ec4 (0xad544b13) xori    s6, s0, -1323
core   0: 3 0x80001ec4 (0xad544b13) x22 0x00000737
core   0: 0x80001ec8 (0x01fcc0b3) xor     ra, s9, t6
core   0: 3 0x80001ec8 (0x01fcc0b3) x 1 0x9f707001
core   0: 0x80001ecc (0x011a1193) slli    gp, s4, 17
core   0: 3 0x80001ecc (0x011a1193) x 3 0x00400000
core   0: 0x80001ed0 (0x58cac013) xori    zero, s5, 1420
core   0: 3 0x80001ed0 (0x58cac013)
core   0: 0x80001ed4 (0xf2bd64b7) lui     s1, 0xf2bd6
core   0: 3 0x80001ed4 (0xf2bd64b7) x 9 0xf2bd6000
core   0: 0x80001ed8 (0x00ae04b3) add     s1, t3, a0
core   0: 3 0x80001ed8 (0x00ae04b3) x 9 0x00000644
core   0: 0x80001edc (0x007778b3) and     a7, a4, t2
core   0: 3 0x80001edc (0x007778b3) x17 0x80011a20
core   0: 0x80001ee0 (0x011517b3) sll     a5, a0, a7
core   0: 3 0x80001ee0 (0x011517b3) x15 0x00000643
core   0: 0x80001ee4 (0x37b24693) xori    a3, tp, 891
core   0: 3 0x80001ee4 (0x37b24693) x13 0x00023fb3
core   0: 0x80001ee8 (0x0096c5b3) xor     a1, a3, s1
core   0: 3 0x80001ee8 (0x0096c5b3) x11 0x000239f7
core   0: 0x80001eec (0x0080a033) slt     zero, ra, s0
core   0: 3 0x80001eec (0x0080a033)
core   0: 0x80001ef0 (0x00f71693) slli    a3, a4, 15
core   0: 3 0x80001ef0 (0x00f71693) x13 0xfd918000
core   0: 0x80001ef4 (0x01018eb3) add     t4, gp, a6
core   0: 3 0x80001ef4 (0x01018eb3) x29 0xfa8450b4
core   0: 0x80001ef8 (0x010a1593) slli    a1, s4, 16
core   0: 3 0x80001ef8 (0x010a1593) x11 0x00200000
core   0: 0x80001efc (0x00643433) sltu    s0, s0, t1
core   0: 3 0x80001efc (0x00643433) x 8 0x00000000
core   0: 0x80001f00 (0x00000013) nop
core   0: 3 0x80001f00 (0x00000013)
core   0: 0x80001f04 (0xc8ba8e93) addi    t4, s5, -885
core   0: 3 0x80001f04 (0xc8ba8e93) x29 0xce68cb3f
core   0: 0x80001f08 (0x716cfc13) andi    s8, s9, 1814
core   0: 3 0x80001f08 (0x716cfc13) x24 0x00000000
core   0: 0x80001f0c (0x00f710b3) sll     ra, a4, a5
core   0: 3 0x80001f0c (0x00f710b3) x 1 0xffffd918
core   0: 0x80001f10 (0x0eefce13) xori    t3, t6, 238
core   0: 3 0x80001f10 (0x0eefce13) x28 0x9f7070ee
core   0: 0x80001f14 (0x4029d713) srai    a4, s3, 2
core   0: 3 0x80001f14 (0x4029d713) x14 0x0000000e
core   0: 0x80001f18 (0xee11c337) lui     t1, 0xee11c
core   0: 3 0x80001f18 (0xee11c337) x 6 0xee11c000
core   0: 0x80001f1c (0x412c55b3) sra     a1, s8, s2
core   0: 3 0x80001f1c (0x412c55b3) x11 0x00000000
core   0: 0x80001f20 (0xa62a8693) addi    a3, s5, -1438
core   0: 3 0x80001f20 (0xa62a8693) x13 0xce68c916
core   0: 0x80001f24 (0x008ddf13) srli    t5, s11, 8
core   0: 3 0x80001f24 (0x008ddf13) x30 0x00000000
core   0: 0x80001f28 (0x0122b233) sltu    tp, t0, s2
core   0: 3 0x80001f28 (0x0122b233) x 4 0x00000000
core   0: 0x80001f2c (0x439ab497) auipc   s1, 0x439ab
core   0: 3 0x80001f2c (0x439ab497) x 9 0xc39acf2c
core   0: 0x80001f30 (0x404b0f33) sub     t5, s6, tp
core   0: 3 0x80001f30 (0x404b0f33) x30 0x00000737
core   0: 0x80001f34 (0x012d7c33) and     s8, s10, s2
core   0: 3 0x80001f34 (0x012d7c33) x24 0x00000000
core   0: 0x80001f38 (0x31198493) addi    s1, s3, 785
core   0: 3 0x80001f38 (0x31198493) x 9 0x0000034c
core   0: 0x80001f3c (0x8b852a13) slti    s4, a0, -1864
core   0: 3 0x80001f3c (0x8b852a13) x20 0x00000000
core   0: 0x80001f40 (0xa985b493) sltiu   s1, a1, -1384
core   0: 3 0x80001f40 (0xa985b493) x 9 0x00000001
core   0: 0x80001f44 (0x40495793) srai    a5, s2, 4
core   0: 3 0x80001f44 (0x40495793) x15 0x00000000
core   0: 0x80001f48 (0x01e8db13) srli    s6, a7, 30
core   0: 3 0x80001f48 (0x01e8db13) x22 0x00000002
core   0: 0x80001f4c (0x01fcf8b3) and     a7, s9, t6
core   0: 3 0x80001f4c (0x01fcf8b3) x17 0x00000000
core   0: 0x80001f50 (0xc96168b7) lui     a7, 0xc9616
core   0: 3 0x80001f50 (0xc96168b7) x17 0xc9616000
core   0: 0x80001f54 (0xed114b93) xori    s7, sp, -303
core   0: 3 0x80001f54 (0xed114b93) x23 0xffffffb1
core   0: 0x80001f58 (0xd695a693) slti    a3, a1, -663
core   0: 3 0x80001f58 (0xd695a693) x13 0x00000000
core   0: 0x80001f5c (0x6476a793) slti    a5, a3, 1607
core   0: 3 0x80001f5c (0x6476a793) x15 0x00000001
core   0: 0x80001f60 (0x0051e6b3) or      a3, gp, t0
core   0: 3 0x80001f60 (0x0051e6b3) x13 0x80415ce4
core   0: 0x80001f64 (0x01337db3) and     s11, t1, s3
core   0: 3 0x80001f64 (0x01337db3) x27 0x00000000
core   0: 0x80001f68 (0x17ca8437) lui     s0, 0x17ca8
core   0: 3 0x80001f68 (0x17ca8437) x 8 0x17ca8000
core   0: 0x80001f6c (0xc5bb4917) auipc   s2, 0xc5bb4
core   0: 3 0x80001f6c (0xc5bb4917) x18 0x45bb5f6c
core   0: 0x80001f70 (0x00a8d313) srli    t1, a7, 10
core   0: 3 0x80001f70 (0x00a8d313) x 6 0x00325858
core   0: 0x80001f74 (0x923cca93) xori    s5, s9, -1757
core   0: 3 0x80001f74 (0x923cca93) x21 0xfffff922
core   0: 0x80001f78 (0x85de1b37) lui     s6, 0x85de1
core   0: 3 0x80001f78 (0x85de1b37) x22 0x85de1000
core   0: 0x80001f7c (0x0198d9b3) srl     s3, a7, s9
core   0: 3 0x80001f7c (0x0198d9b3) x19 0x64b0b000
core   0: 0x80001f80 (0x10734c93) xori    s9, t1, 263
core   0: 3 0x80001f80 (0x10734c93) x25 0x0032595f
core   0: 0x80001f84 (0x4da9b993) sltiu   s3, s3, 1242
core   0: 3 0x80001f84 (0x4da9b993) x19 0x00000000
core   0: 0x80001f88 (0x4142d8b3) sra     a7, t0, s4
core   0: 3 0x80001f88 (0x4142d8b3) x17 0x80015ce4
core   0: 0x80001f8c (0x01d031b3) snez    gp, t4
core   0: 3 0x80001f8c (0x01d031b3) x 3 0x00000001
core   0: 0x80001f90 (0x005f18b3) sll     a7, t5, t0
core   0: 3 0x80001f90 (0x005f18b3) x17 0x00007370
core   0: 0x80001f94 (0xfdacc493) xori    s1, s9, -38
core   0: 3 0x80001f94 (0xfdacc493) x 9 0xffcda685
core   0: 0x80001f98 (0x00024cb3) xor     s9, tp, zero
core   0: 3 0x80001f98 (0x00024cb3) x25 0x00000000
core   0: 0x80001f9c (0x01c8fb33) and     s6, a7, t3
core   0: 3 0x80001f9c (0x01c8fb33) x22 0x00007060
core   0: 0x80001fa0 (0x404fd593) srai    a1, t6, 4
core   0: 3 0x80001fa0 (0x404fd593) x11 0xf9f70700
core   0: 0x80001fa4 (0x0939f1b7) lui     gp, 0x939f
core   0: 3 0x80001fa4 (0x0939f1b7) x 3 0x0939f000
core   0: 0x80001fa8 (0x39678a13) addi    s4, a5, 918
core   0: 3 0x80001fa8 (0x39678a13) x20 0x00000397
core   0: 0x80001fac (0x01065f13) srli    t5, a2, 16
core   0: 3 0x80001fac (0x01065f13) x30 0x00000000
core   0: 0x80001fb0 (0x010e5233) srl     tp, t3, a6
core   0: 3 0x80001fb0 (0x010e5233) x 4 0x000009f7
core   0: 0x80001fb4 (0x01171e13) slli    t3, a4, 17
core   0: 3 0x80001fb4 (0x01171e13) x28 0x001c0000
core   0: 0x80001fb8 (0x41a6da33) sra     s4, a3, s10
core   0: 3 0x80001fb8 (0x41a6da33) x20 0x80415ce4
core   0: 0x80001fbc (0x9f102893) slti    a7, zero, -1551
core   0: 3 0x80001fbc (0x9f102893) x17 0x00000000
core   0: 0x80001fc0 (0x00de5db3) srl     s11, t3, a3
core   0: 3 0x80001fc0 (0x00de5db3) x27 0x0001c000
core   0: 0x80001fc4 (0x413bd793) srai    a5, s7, 19
core   0: 3 0x80001fc4 (0x413bd793) x15 0xffffffff
core   0: 0x80001fc8 (0xfecc2a97) auipc   s5, 0xfecc2
core   0: 3 0x80001fc8 (0xfecc2a97) x21 0x7ecc3fc8
core   0: 0x80001fcc (0x26dfedb7) lui     s11, 0x26dfe
core   0: 3 0x80001fcc (0x26dfedb7) x27 0x26dfe000
core   0: 0x80001fd0 (0x01ba1c93) slli    s9, s4, 27
core   0: 3 0x80001fd0 (0x01ba1c93) x25 0x20000000
core   0: 0x80001fd4 (0x01513933) sltu    s2, sp, s5
core   0: 3 0x80001fd4 (0x01513933) x18 0x00000001
core   0: 0x80001fd8 (0x51147e97) auipc   t4, 0x51147
core   0: 3 0x80001fd8 (0x51147e97) x29 0xd1148fd8
core   0: 0x80001fdc (0xcac18c93) addi    s9, gp, -852
core   0: 3 0x80001fdc (0xcac18c93) x25 0x0939ecac
core   0: 0x80001fe0 (0x00111733) sll     a4, sp, ra
core   0: 3 0x80001fe0 (0x00111733) x14 0x60000000
core   0: 0x80001fe4 (0x9ac34993) xori    s3, t1, -1620
core   0: 3 0x80001fe4 (0x9ac34993) x19 0xffcda1f4
core   0: 0x80001fe8 (0x35954993) xori    s3, a0, 857
core   0: 3 0x80001fe8 (0x35954993) x19 0x0000051a
core   0: 0x80001fec (0x005f5233) srl     tp, t5, t0
core   0: 3 0x80001fec (0x005f5233) x 4 0x00000000
core   0: 0x80001ff0 (0x4cc17db7) lui     s11, 0x4cc17
core   0: 3 0x80001ff0 (0x4cc17db7) x27 0x4cc17000
core   0: 0x80001ff4 (0x018b55b3) srl     a1, s6, s8
core   0: 3 0x80001ff4 (0x018b55b3) x11 0x00007060
core   0: 0x80001ff8 (0x0059ddb3) srl     s11, s3, t0
core   0: 3 0x80001ff8 (0x0059ddb3) x27 0x00000051
core   0: 0x80001ffc (0x000dd593) srli    a1, s11, 0
core   0: 3 0x80001ffc (0x000dd593) x11 0x00000051
core   0: 0x80002000 (0x03148593) addi    a1, s1, 49
core   0: 3 0x80002000 (0x03148593) x11 0xffcda6b6
core   0: 0x80002004 (0x00f0e0b3) or      ra, ra, a5
core   0: 3 0x80002004 (0x00f0e0b3) x 1 0xffffffff
core   0: 0x80002008 (0x4093d7b3) sra     a5, t2, s1
core   0: 3 0x80002008 (0x4093d7b3) x15 0xfc0008f3
core   0: 0x8000200c (0x00c360b3) or      ra, t1, a2
core   0: 3 0x8000200c (0x00c360b3) x 1 0x00325858
core   0: 0x80002010 (0x41eb8ab3) sub     s5, s7, t5
core   0: 3 0x80002010 (0x41eb8ab3) x21 0xffffffb1
core   0: 0x80002014 (0x01411893) slli    a7, sp, 20
core   0: 3 0x80002014 (0x01411893) x17 0x16000000
core   0: 0x80002018 (0x00cb39b3) sltu    s3, s6, a2
core   0: 3 0x80002018 (0x00cb39b3) x19 0x00000000
core   0: 0x8000201c (0x00213d33) sltu    s10, sp, sp
core   0: 3 0x8000201c (0x00213d33) x26 0x00000000
core   0: 0x80002020 (0x0032c733) xor     a4, t0, gp
core   0: 3 0x80002020 (0x0032c733) x14 0x8938ace4
core   0: 0x80002024 (0x9c11e793) ori     a5, gp, -1599
core   0: 3 0x80002024 (0x9c11e793) x15 0xfffff9c1
core   0: 0x80002028 (0xa7ea3213) sltiu   tp, s4, -1410
core   0: 3 0x80002028 (0xa7ea3213) x 4 0x00000001
core   0: 0x8000202c (0x0075a933) slt     s2, a1, t2
core   0: 3 0x8000202c (0x0075a933) x18 0x00000000
core   0: 0x80002030 (0x00d45933) srl     s2, s0, a3
core   0: 3 0x80002030 (0x00d45933) x18 0x017ca800
core   0: 0x80002034 (0xee74d497) auipc   s1, 0xee74d
core   0: 3 0x80002034 (0xee74d497) x 9 0x6e74f034
core   0: 0x80002038 (0x4094d213) srai    tp, s1, 9
core   0: 3 0x80002038 (0x4094d213) x 4 0x00373a78
core   0: 0x8000203c (0x3985b013) sltiu   zero, a1, 920
core   0: 3 0x8000203c (0x3985b013)
core   0: 0x80002040 (0x01ed3f33) sltu    t5, s10, t5
core   0: 3 0x80002040 (0x01ed3f33) x30 0x00000000
core   0: 0x80002044 (0x00bf18b3) sll     a7, t5, a1
core   0: 3 0x80002044 (0x00bf18b3) x17 0x00000000
core   0: 0x80002048 (0x01ddd1b3) srl     gp, s11, t4
core   0: 3 0x80002048 (0x01ddd1b3) x 3 0x00000000
core   0: 0x8000204c (0x005c28b3) slt     a7, s8, t0
core   0: 3 0x8000204c (0x005c28b3) x17 0x00000000
core   0: 0x80002050 (0x41bcd713) srai    a4, s9, 27
core   0: 3 0x80002050 (0x41bcd713) x14 0x00000001
core   0: 0x80002054 (0x00625c13) srli    s8, tp, 6
core   0: 3 0x80002054 (0x00625c13) x24 0x0000dce9
core   0: 0x80002058 (0x90adc997) auipc   s3, 0x90adc
core   0: 3 0x80002058 (0x90adc997) x19 0x10ade058
core   0: 0x8000205c (0x418bd8b3) sra     a7, s7, s8
core   0: 3 0x8000205c (0x418bd8b3) x17 0xffffffff
core   0: 0x80002060 (0x00b45013) srli    zero, s0, 11
core   0: 3 0x80002060 (0x00b45013)
core   0: 0x80002064 (0x01282a33) slt     s4, a6, s2
core   0: 3 0x80002064 (0x01282a33) x20 0x00000001
core   0: 0x80002068 (0x3a734993) xori    s3, t1, 935
core   0: 3 0x80002068 (0x3a734993) x19 0x00325bff
core   0: 0x8000206c (0x00e59913) slli    s2, a1, 14
core   0: 3 0x8000206c (0x00e59913) x18 0x69ad8000
core   0: 0x80002070 (0x25410913) addi    s2, sp, 596
core   0: 3 0x80002070 (0x25410913) x18 0x000003b4
core   0: 0x80002074 (0x00000013) nop
core   0: 3 0x80002074 (0x00000013)
core   0: 0x80002078 (0x0048aab3) slt     s5, a7, tp
core   0: 3 0x80002078 (0x0048aab3) x21 0x00000001
core   0: 0x8000207c (0x01d69d93) slli    s11, a3, 29
core   0: 3 0x8000207c (0x01d69d93) x27 0x80000000
core   0: 0x80002080 (0x00000013) nop
core   0: 3 0x80002080 (0x00000013)
core   0: 0x80002084 (0x41898b33) sub     s6, s3, s8
core   0: 3 0x80002084 (0x41898b33) x22 0x00317f16
core   0: 0x80002088 (0x01406e33) or      t3, zero, s4
core   0: 3 0x80002088 (0x01406e33) x28 0x00000001
core   0: 0x8000208c (0x01395093) srli    ra, s2, 19
core   0: 3 0x8000208c (0x01395093) x 1 0x00000000
core   0: 0x80002090 (0x00122033) slt     zero, tp, ra
core   0: 3 0x80002090 (0x00122033)
core   0: 0x80002094 (0x01a15893) srli    a7, sp, 26
core   0: 3 0x80002094 (0x01a15893) x17 0x00000000
core   0: 0x80002098 (0x00000013) nop
core   0: 3 0x80002098 (0x00000013)
core   0: 0x8000209c (0x0132dc93) srli    s9, t0, 19
core   0: 3 0x8000209c (0x0132dc93) x25 0x00001000
core   0: 0x800020a0 (0x1b378e93) addi    t4, a5, 435
core   0: 3 0x800020a0 (0x1b378e93) x29 0xfffffb74
core   0: 0x800020a4 (0x004e9433) sll     s0, t4, tp
core   0: 3 0x800020a4 (0x004e9433) x 8 0x74000000
core   0: 0x800020a8 (0x01a910b3) sll     ra, s2, s10
core   0: 3 0x800020a8 (0x01a910b3) x 1 0x000003b4
core   0: 0x800020ac (0x7817ba93) sltiu   s5, a5, 1921
core   0: 3 0x800020ac (0x7817ba93) x21 0x00000000
core   0: 0x800020b0 (0x47209fb7) lui     t6, 0x47209
core   0: 3 0x800020b0 (0x47209fb7) x31 0x47209000
core   0: 0x800020b4 (0x01791b33) sll     s6, s2, s7
core   0: 3 0x800020b4 (0x01791b33) x22 0x07680000
core   0: 0x800020b8 (0xf792d4b7) lui     s1, 0xf792d
core   0: 3 0x800020b8 (0xf792d4b7) x 9 0xf792d000
core   0: 0x800020bc (0x01c91c13) slli    s8, s2, 28
core   0: 3 0x800020bc (0x01c91c13) x24 0x40000000
core   0: 0x800020c0 (0x22644b93) xori    s7, s0, 550
core   0: 3 0x800020c0 (0x22644b93) x23 0x74000226
core   0: 0x800020c4 (0x003bd433) srl     s0, s7, gp
core   0: 3 0x800020c4 (0x003bd433) x 8 0x74000226
core   0: 0x800020c8 (0x00000013) nop
core   0: 3 0x800020c8 (0x00000013)
core   0: 0x800020cc (0x00561213) slli    tp, a2, 5
core   0: 3 0x800020cc (0x00561213) x 4 0x00000000
core   0: 0x800020d0 (0x409f80b3) sub     ra, t6, s1
core   0: 3 0x800020d0 (0x409f80b3) x 1 0x4f8dc000
core   0: 0x800020d4 (0x4157d513) srai    a0, a5, 21
core   0: 3 0x800020d4 (0x4157d513) x10 0xffffffff
core   0: 0x800020d8 (0x00ae4233) xor     tp, t3, a0
core   0: 3 0x800020d8 (0x00ae4233) x 4 0xfffffffe
core   0: 0x800020dc (0x55a14113) xori    sp, sp, 1370
core   0: 3 0x800020dc (0x55a14113) x 2 0x0000043a
core   0: 0x800020e0 (0x01e776b3) and     a3, a4, t5
core   0: 3 0x800020e0 (0x01e776b3) x13 0x00000000
core   0: 0x800020e4 (0xfdddf413) andi    s0, s11, -35
core   0: 3 0x800020e4 (0xfdddf413) x 8 0x80000000
core   0: 0x800020e8 (0x0191dd93) srli    s11, gp, 25
core   0: 3 0x800020e8 (0x0191dd93) x27 0x00000000
core   0: 0x800020ec (0x1a156313) ori     t1, a0, 417
core   0: 3 0x800020ec (0x1a156313) x 6 0xffffffff
core   0: 0x800020f0 (0x00d640b3) xor     ra, a2, a3
core   0: 3 0x800020f0 (0x00d640b3) x 1 0x00000000
core   0: 0x800020f4 (0x661bf713) andi    a4, s7, 1633
core   0: 3 0x800020f4 (0x661bf713) x14 0x00000220
core   0: 0x800020f8 (0x41f989b3) sub     s3, s3, t6
core   0: 3 0x800020f8 (0x41f989b3) x19 0xb911cbff
core   0: 0x800020fc (0x33a4c9b7) lui     s3, 0x33a4c
core   0: 3 0x800020fc (0x33a4c9b7) x19 0x33a4c000
core   0: 0x80002100 (0xf2b92493) slti    s1, s2, -213
core   0: 3 0x80002100 (0xf2b92493) x 9 0x00000000
core   0: 0x80002104 (0x9a322b93) slti    s7, tp, -1629
core   0: 3 0x80002104 (0x9a322b93) x23 0x00000000
core   0: 0x80002108 (0x01669313) slli    t1, a3, 22
core   0: 3 0x80002108 (0x01669313) x 6 0x00000000
core   0: 0x8000210c (0x6bd20f93) addi    t6, tp, 1725
core   0: 3 0x8000210c (0x6bd20f93) x31 0x000006bb
core   0: 0x80002110 (0x5befe697) auipc   a3, 0x5befe
core   0: 3 0x80002110 (0x5befe697) x13 0xdbf00110
core   0: 0x80002114 (0x01411e93) slli    t4, sp, 20
core   0: 3 0x80002114 (0x01411e93) x29 0x43a00000
core   0: 0x80002118 (0x01ce9f33) sll     t5, t4, t3
core   0: 3 0x80002118 (0x01ce9f33) x30 0x87400000
core   0: 0x8000211c (0xa7be0f93) addi    t6, t3, -1413
core   0: 3 0x8000211c (0xa7be0f93) x31 0xfffffa7c
core   0: 0x80002120 (0x01d49313) slli    t1, s1, 29
core   0: 3 0x80002120 (0x01d49313) x 6 0x00000000
core   0: 0x80002124 (0x2566ba93) sltiu   s5, a3, 598
core   0: 3 0x80002124 (0x2566ba93) x21 0x00000000
core   0: 0x80002128 (0xb3daea13) ori     s4, s5, -1219
core   0: 3 0x80002128 (0xb3daea13) x20 0xfffffb3d
core   0: 0x8000212c (0x41f55093) srai    ra, a0, 31
core   0: 3 0x8000212c (0x41f55093) x 1 0xffffffff
core   0: 0x80002130 (0x012a5993) srli    s3, s4, 18
core   0: 3 0x80002130 (0x012a5993) x19 0x00003fff
core   0: 0x80002134 (0xab843a93) sltiu   s5, s0, -1352
core   0: 3 0x80002134 (0xab843a93) x21 0x00000001
core   0: 0x80002138 (0x003d5a93) srli    s5, s10, 3
core   0: 3 0x80002138 (0x003d5a93) x21 0x00000000
core   0: 0x8000213c (0x01385213) srli    tp, a6, 19
core   0: 3 0x8000213c (0x01385213) x 4 0x00001f48
core   0: 0x80002140 (0xf8286613) ori     a2, a6, -126
core   0: 3 0x80002140 (0xf8286613) x12 0xffffffb6
core   0: 0x80002144 (0xc8ad8493) addi    s1, s11, -886
core   0: 3 0x80002144 (0xc8ad8493) x 9 0xfffffc8a
core   0: 0x80002148 (0x415989b3) sub     s3, s3, s5
core   0: 3 0x80002148 (0x415989b3) x19 0x00003fff
core   0: 0x8000214c (0x011944b3) xor     s1, s2, a7
core   0: 3 0x8000214c (0x011944b3) x 9 0x000003b4
core   0: 0x80002150 (0x41c95fb3) sra     t6, s2, t3
core   0: 3 0x80002150 (0x41c95fb3) x31 0x000001da
core   0: 0x80002154 (0x83a8bd13) sltiu   s10, a7, -1990
core   0: 3 0x80002154 (0x83a8bd13) x26 0x00000001
core   0: 0x80002158 (0x01aa7033) and     zero, s4, s10
core   0: 3 0x80002158 (0x01aa7033)
core   0: 0x8000215c (0x00000013) nop
core   0: 3 0x8000215c (0x00000013)
core   0: 0x80002160 (0xff523db7) lui     s11, 0xff523
core   0: 3 0x80002160 (0xff523db7) x27 0xff523000
core   0: 0x80002164 (0x39604cb7) lui     s9, 0x39604
core   0: 3 0x80002164 (0x39604cb7) x25 0x39604000
core   0: 0x80002168 (0xfb8b6a13) ori     s4, s6, -72
core   0: 3 0x80002168 (0xfb8b6a13) x20 0xffffffb8
core   0: 0x8000216c (0x01ca1c33) sll     s8, s4, t3
core   0: 3 0x8000216c (0x01ca1c33) x24 0xffffff70
core   0: 0x80002170 (0x30077a13) andi    s4, a4, 768
core   0: 3 0x80002170 (0x30077a13) x20 0x00000200
core   0: 0x80002174 (0x006e7e33) and     t3, t3, t1
core   0: 3 0x80002174 (0x006e7e33) x28 0x00000000
core   0: 0x80002178 (0x0095a6b3) slt     a3, a1, s1
core   0: 3 0x80002178 (0x0095a6b3) x13 0x00000001
core   0: 0x8000217c (0x64e97d93) andi    s11, s2, 1614
core   0: 3 0x8000217c (0x64e97d93) x27 0x00000204
core   0: 0x80002180 (0x016591b3) sll     gp, a1, s6
core   0: 3 0x80002180 (0x016591b3) x 3 0xffcda6b6
core   0: 0x80002184 (0x015024b3) slt     s1, zero, s5
core   0: 3 0x80002184 (0x015024b3) x 9 0x00000000
core   0: 0x80002188 (0xda62cd93) xori    s11, t0, -602
core   0: 3 0x80002188 (0xda62cd93) x27 0x7ffea142
core   0: 0x8000218c (0x4053d6b3) sra     a3, t2, t0
core   0: 3 0x8000218c (0x4053d6b3) x13 0xf80011e6
core   0: 0x80002190 (0x014f40b3) xor     ra, t5, s4
core   0: 3 0x80002190 (0x014f40b3) x 1 0x87400200
core   0: 0x80002194 (0x7c2d6793) ori     a5, s10, 1986
core   0: 3 0x80002194 (0x7c2d6793) x15 0x000007c3
core   0: 0x80002198 (0x412bd033) sra     zero, s7, s2
core   0: 3 0x80002198 (0x412bd033)
core   0: 0x8000219c (0x00000013) nop
core   0: 3 0x8000219c (0x00000013)
core   0: 0x800021a0 (0x41c15a13) srai    s4, sp, 28
core   0: 3 0x800021a0 (0x41c15a13) x20 0x00000000
core   0: 0x800021a4 (0x00000013) nop
core   0: 3 0x800021a4 (0x00000013)
core   0: 0x800021a8 (0xebbbbb17) auipc   s6, 0xebbbb
core   0: 3 0x800021a8 (0xebbbbb17) x22 0x6bbbd1a8
core   0: 0x800021ac (0x011201b3) add     gp, tp, a7
core   0: 3 0x800021ac (0x011201b3) x 3 0x00001f48
core   0: 0x800021b0 (0x40c95193) srai    gp, s2, 12
core   0: 3 0x800021b0 (0x40c95193) x 3 0x00000000
core   0: 0x800021b4 (0x00bd36b3) sltu    a3, s10, a1
core   0: 3 0x800021b4 (0x00bd36b3) x13 0x00000001
core   0: 0x800021b8 (0x01c570b3) and     ra, a0, t3
core   0: 3 0x800021b8 (0x01c570b3) x 1 0x00000000
core   0: 0x800021bc (0x63050d93) addi    s11, a0, 1584
core   0: 3 0x800021bc (0x63050d93) x27 0x0000062f
core   0: 0x800021c0 (0xe1f52f93) slti    t6, a0, -481
core   0: 3 0x800021c0 (0xe1f52f93) x31 0x00000000
core   0: 0x800021c4 (0x40d5d433) sra     s0, a1, a3
core   0: 3 0x800021c4 (0x40d5d433) x 8 0xffe6d35b
core   0: 0x800021c8 (0x00eb0bb3) add     s7, s6, a4
core   0: 3 0x800021c8 (0x00eb0bb3) x23 0x6bbbd3c8
core   0: 0x800021cc (0x01add733) srl     a4, s11, s10
core   0: 3 0x800021cc (0x01add733) x14 0x00000317
core   0: 0x800021d0 (0x00422133) slt     sp, tp, tp
core   0: 3 0x800021d0 (0x00422133) x 2 0x00000000
core   0: 0x800021d4 (0xb0926093) ori     ra, tp, -1271
core   0: 3 0x800021d4 (0xb0926093) x 1 0xffffff49
core   0: 0x800021d8 (0x00000013) nop
core   0: 3 0x800021d8 (0x00000013)
core   0: 0x800021dc (0x41fc8c33) sub     s8, s9, t6
core   0: 3 0x800021dc (0x41fc8c33) x24 0x39604000
core   0: 0x800021e0 (0x4004d213) srai    tp, s1, 0
core   0: 3 0x800021e0 (0x4004d213) x 4 0x00000000
core   0: 0x800021e4 (0x40ff5b33) sra     s6, t5, a5
core   0: 3 0x800021e4 (0x40ff5b33) x22 0xf0e80000
core   0: 0x800021e8 (0x567e0713) addi    a4, t3, 1383
core   0: 3 0x800021e8 (0x567e0713) x14 0x00000567
core   0: 0x800021ec (0x01be04b3) add     s1, t3, s11
core   0: 3 0x800021ec (0x01be04b3) x 9 0x0000062f
core   0: 0x800021f0 (0x005d01b3) add     gp, s10, t0
core   0: 3 0x800021f0 (0x005d01b3) x 3 0x80015ce5
core   0: 0x800021f4 (0x00efd5b3) srl     a1, t6, a4
core   0: 3 0x800021f4 (0x00efd5b3) x11 0x00000000
core   0: 0x800021f8 (0x82c2f9b7) lui     s3, 0x82c2f
core   0: 3 0x800021f8 (0x82c2f9b7) x19 0x82c2f000
core   0: 0x800021fc (0xde94f093) andi    ra, s1, -535
core   0: 3 0x800021fc (0xde94f093) x 1 0x00000429
core   0: 0x80002200 (0x00000013) nop
core   0: 3 0x80002200 (0x00000013)
core   0: 0x80002204 (0x014551b3) srl     gp, a0, s4
core   0: 3 0x80002204 (0x014551b3) x 3 0xffffffff
core   0: 0x80002208 (0x00419133) sll     sp, gp, tp
core   0: 3 0x80002208 (0x00419133) x 2 0xffffffff
core   0: 0x8000220c (0x6f813f93) sltiu   t6, sp, 1784
core   0: 3 0x8000220c (0x6f813f93) x31 0x00000000
core   0: 0x80002210 (0x00000013) nop
core   0: 3 0x80002210 (0x00000013)
core   0: 0x80002214 (0x0154d433) srl     s0, s1, s5
core   0: 3 0x80002214 (0x0154d433) x 8 0x0000062f
core   0: 0x80002218 (0x00a54cb3) xor     s9, a0, a0
core   0: 3 0x80002218 (0x00a54cb3) x25 0x00000000
core   0: 0x8000221c (0x00655e33) srl     t3, a0, t1
core   0: 3 0x8000221c (0x00655e33) x28 0xffffffff
core   0: 0x80002220 (0x01d5cbb3) xor     s7, a1, t4
core   0: 3 0x80002220 (0x01d5cbb3) x23 0x43a00000
core   0: 0x80002224 (0xf71f4f93) xori    t6, t5, -143
core   0: 3 0x80002224 (0xf71f4f93) x31 0x78bfff71
core   0: 0x80002228 (0x410c58b3) sra     a7, s8, a6
core   0: 3 0x80002228 (0x410c58b3) x17 0x00000396
core   0: 0x8000222c (0x0011a4b3) slt     s1, gp, ra
core   0: 3 0x8000222c (0x0011a4b3) x 9 0x00000001
core   0: 0x80002230 (0x00624333) xor     t1, tp, t1
core   0: 3 0x80002230 (0x00624333) x 6 0x00000000
core   0: 0x80002234 (0x01fc3a33) sltu    s4, s8, t6
core   0: 3 0x80002234 (0x01fc3a33) x20 0x00000001
core   0: 0x80002238 (0xcade7e13) andi    t3, t3, -851
core   0: 3 0x80002238 (0xcade7e13) x28 0xfffffcad
core   0: 0x8000223c (0x008e5f13) srli    t5, t3, 8
core   0: 3 0x8000223c (0x008e5f13) x30 0x00fffffc
core   0: 0x80002240 (0x01703eb3) snez    t4, s7
core   0: 3 0x80002240 (0x01703eb3) x29 0x00000001
core   0: 0x80002244 (0x00000013) nop
core   0: 3 0x80002244 (0x00000013)
core   0: 0x80002248 (0x01b22d33) slt     s10, tp, s11
core   0: 3 0x80002248 (0x01b22d33) x26 0x00000001
core   0: 0x8000224c (0x72d74e13) xori    t3, a4, 1837
core   0: 3 0x8000224c (0x72d74e13) x28 0x0000024a
core   0: 0x80002250 (0x418e8db3) sub     s11, t4, s8
core   0: 3 0x80002250 (0x418e8db3) x27 0xc69fc001
core   0: 0x80002254 (0x00625333) srl     t1, tp, t1
core   0: 3 0x80002254 (0x00625333) x 6 0x00000000
core   0: 0x80002258 (0x01ab9eb3) sll     t4, s7, s10
core   0: 3 0x80002258 (0x01ab9eb3) x29 0x87400000
core   0: 0x8000225c (0x00c7d513) srli    a0, a5, 12
core   0: 3 0x8000225c (0x00c7d513) x10 0x00000000
core   0: 0x80002260 (0xe91ae437) lui     s0, 0xe91ae
core   0: 3 0x80002260 (0xe91ae437) x 8 0xe91ae000
core   0: 0x80002264 (0xba59f713) andi    a4, s3, -1115
core   0: 3 0x80002264 (0xba59f713) x14 0x82c2f000
core   0: 0x80002268 (0x78bc8413) addi    s0, s9, 1931
core   0: 3 0x80002268 (0x78bc8413) x 8 0x0000078b
core   0: 0x8000226c (0x00000013) nop
core   0: 3 0x8000226c (0x00000013)
core   0: 0x80002270 (0x00ff1993) slli    s3, t5, 15
core   0: 3 0x80002270 (0x00ff1993) x19 0xfffe0000
core   0: 0x80002274 (0x01a819b3) sll     s3, a6, s10
core   0: 3 0x80002274 (0x01a819b3) x19 0xf488a168
core   0: 0x80002278 (0x62096593) ori     a1, s2, 1568
core   0: 3 0x80002278 (0x62096593) x11 0x000007b4
core   0: 0x8000227c (0x01898e33) add     t3, s3, s8
core   0: 3 0x8000227c (0x01898e33) x28 0x2de8e168
core   0: 0x80002280 (0x01b09a13) slli    s4, ra, 27
core   0: 3 0x80002280 (0x01b09a13) x20 0x48000000
core   0: 0x80002284 (0xfad72a37) lui     s4, 0xfad72
core   0: 3 0x80002284 (0xfad72a37) x20 0xfad72000
core   0: 0x80002288 (0x0096c533) xor     a0, a3, s1
core   0: 3 0x80002288 (0x0096c533) x10 0x00000000
core   0: 0x8000228c (0x87ae7193) andi    gp, t3, -1926
core   0: 3 0x8000228c (0x87ae7193) x 3 0x2de8e068
core   0: 0x80002290 (0x251f7f93) andi    t6, t5, 593
core   0: 3 0x80002290 (0x251f7f93) x31 0x00000250
core   0: 0x80002294 (0x227b6a13) ori     s4, s6, 551
core   0: 3 0x80002294 (0x227b6a13) x20 0xf0e80227
core   0: 0x80002298 (0x9b3aa613) slti    a2, s5, -1613
core   0: 3 0x80002298 (0x9b3aa613) x12 0x00000000
core   0: 0x8000229c (0xa3168a17) auipc   s4, 0xa3168
core   0: 3 0x8000229c (0xa3168a17) x20 0x2316a29c
core   0: 0x800022a0 (0x00000013) nop
core   0: 3 0x800022a0 (0x00000013)
core   0: 0x800022a4 (0x457b8993) addi    s3, s7, 1111
core   0: 3 0x800022a4 (0x457b8993) x19 0x43a00457
core   0: 0x800022a8 (0x00a9abb3) slt     s7, s3, a0
core   0: 3 0x800022a8 (0x00a9abb3) x23 0x00000000
core   0: 0x800022ac (0x00655d33) srl     s10, a0, t1
core   0: 3 0x800022ac (0x00655d33) x26 0x00000000
core   0: 0x800022b0 (0x40dd5013) srai    zero, s10, 13
core   0: 3 0x800022b0 (0x40dd5013)
core   0: 0x800022b4 (0x41818eb3) sub     t4, gp, s8
core   0: 3 0x800022b4 (0x41818eb3) x29 0xf488a068
core   0: 0x800022b8 (0x019a1c13) slli    s8, s4, 25
core   0: 3 0x800022b8 (0x019a1c13) x24 0x38000000
core   0: 0x800022bc (0x5003bb93) sltiu   s7, t2, 1280
core   0: 3 0x800022bc (0x5003bb93) x23 0x00000000
core   0: 0x800022c0 (0x004d2033) slt     zero, s10, tp
core   0: 3 0x800022c0 (0x004d2033)
core   0: 0x800022c4 (0x8e7c0213) addi    tp, s8, -1817
core   0: 3 0x800022c4 (0x8e7c0213) x 4 0x37fff8e7
core   0: 0x800022c8 (0x9dd9b193) sltiu   gp, s3, -1571
core   0: 3 0x800022c8 (0x9dd9b193) x 3 0x00000001
core   0: 0x800022cc (0x00546c33) or      s8, s0, t0
core   0: 3 0x800022cc (0x00546c33) x24 0x80015fef
core   0: 0x800022d0 (0x018d5993) srli    s3, s10, 24
core   0: 3 0x800022d0 (0x018d5993) x19 0x00000000
core   0: 0x800022d4 (0x001fbdb3) sltu    s11, t6, ra
core   0: 3 0x800022d4 (0x001fbdb3) x27 0x00000001
core   0: 0x800022d8 (0x00000013) nop
core   0: 3 0x800022d8 (0x00000013)
core   0: 0x800022dc (0x01e19913) slli    s2, gp, 30
core   0: 3 0x800022dc (0x01e19913) x18 0x40000000
core   0: 0x800022e0 (0x32447f13) andi    t5, s0, 804
core   0: 3 0x800022e0 (0x32447f13) x30 0x00000300
core   0: 0x800022e4 (0x88324613) xori    a2, tp, -1917
core   0: 3 0x800022e4 (0x88324613) x12 0xc8000064
core   0: 0x800022e8 (0xb5308f93) addi    t6, ra, -1197
core   0: 3 0x800022e8 (0xb5308f93) x31 0xffffff7c
core   0: 0x800022ec (0x005eb733) sltu    a4, t4, t0
core   0: 3 0x800022ec (0x005eb733) x14 0x00000000
core   0: 0x800022f0 (0x040b4917) auipc   s2, 0x40b4
core   0: 3 0x800022f0 (0x040b4917) x18 0x840b62f0
core   0: 0x800022f4 (0x00651493) slli    s1, a0, 6
core   0: 3 0x800022f4 (0x00651493) x 9 0x00000000
core   0: 0x800022f8 (0x9a6c3193) sltiu   gp, s8, -1626
core   0: 3 0x800022f8 (0x9a6c3193) x 3 0x00000001
core   0: 0x800022fc (0x355db493) sltiu   s1, s11, 853
core   0: 3 0x800022fc (0x355db493) x 9 0x00000001
core   0: 0x80002300 (0x380aad93) slti    s11, s5, 896
core   0: 3 0x80002300 (0x380aad93) x27 0x00000001
core   0: 0x80002304 (0x00215cb3) srl     s9, sp, sp
core   0: 3 0x80002304 (0x00215cb3) x25 0x00000001
core   0: 0x80002308 (0x019b8133) add     sp, s7, s9
core   0: 3 0x80002308 (0x019b8133) x 2 0x00000001
core   0: 0x8000230c (0x002f47b3) xor     a5, t5, sp
core   0: 3 0x8000230c (0x002f47b3) x15 0x00000301
core   0: 0x80002310 (0x01c55933) srl     s2, a0, t3
core   0: 3 0x80002310 (0x01c55933) x18 0x00000000
core   0: 0x80002314 (0x400dd8b3) sra     a7, s11, zero
core   0: 3 0x80002314 (0x400dd8b3) x17 0x00000001
core   0: 0x80002318 (0x007e81b3) add     gp, t4, t2
core   0: 3 0x80002318 (0x007e81b3) x 3 0x7489becc
core   0: 0x8000231c (0x00e81793) slli    a5, a6, 14
core   0: 3 0x8000231c (0x00e81793) x15 0x142d0000
core   0: 0x80002320 (0x78ea3b93) sltiu   s7, s4, 1934
core   0: 3 0x80002320 (0x78ea3b93) x23 0x00000000
core   0: 0x80002324 (0x01fe5913) srli    s2, t3, 31
core   0: 3 0x80002324 (0x01fe5913) x18 0x00000000
core   0: 0x80002328 (0x4170f713) andi    a4, ra, 1047
core   0: 3 0x80002328 (0x4170f713) x14 0x00000401
core   0: 0x8000232c (0x005dd6b3) srl     a3, s11, t0
core   0: 3 0x8000232c (0x005dd6b3) x13 0x00000000
core   0: 0x80002330 (0x82ce0593) addi    a1, t3, -2004
core   0: 3 0x80002330 (0x82ce0593) x11 0x2de8d994
core   0: 0x80002334 (0x00351593) slli    a1, a0, 3
core   0: 3 0x80002334 (0x00351593) x11 0x00000000
core   0: 0x80002338 (0x018e5213) srli    tp, t3, 24
core   0: 3 0x80002338 (0x018e5213) x 4 0x0000002d
core   0: 0x8000233c (0x408154b3) sra     s1, sp, s0
core   0: 3 0x8000233c (0x408154b3) x 9 0x00000000
core   0: 0x80002340 (0x0011f533) and     a0, gp, ra
core   0: 3 0x80002340 (0x0011f533) x10 0x00000408
core   0: 0x80002344 (0x019f9233) sll     tp, t6, s9
core   0: 3 0x80002344 (0x019f9233) x 4 0xfffffef8
core   0: 0x80002348 (0x9b458f13) addi    t5, a1, -1612
core   0: 3 0x80002348 (0x9b458f13) x30 0xfffff9b4
core   0: 0x8000234c (0x00b67113) andi    sp, a2, 11
core   0: 3 0x8000234c (0x00b67113) x 2 0x00000000
core   0: 0x80002350 (0xe6aa4317) auipc   t1, 0xe6aa4
core   0: 3 0x80002350 (0xe6aa4317) x 6 0x66aa6350
core   0: 0x80002354 (0x01cb3233) sltu    tp, s6, t3
core   0: 3 0x80002354 (0x01cb3233) x 4 0x00000000
core   0: 0x80002358 (0x01e4b233) sltu    tp, s1, t5
core   0: 3 0x80002358 (0x01e4b233) x 4 0x00000001
core   0: 0x8000235c (0x4186d4b3) sra     s1, a3, s8
core   0: 3 0x8000235c (0x4186d4b3) x 9 0x00000000
core   0: 0x80002360 (0xb0bc4493) xori    s1, s8, -1269
core   0: 3 0x80002360 (0xb0bc4493) x 9 0x7ffea4e4
core   0: 0x80002364 (0x01d7edb3) or      s11, a5, t4
core   0: 3 0x80002364 (0x01d7edb3) x27 0xf4ada068
core   0: 0x80002368 (0x00834cb3) xor     s9, t1, s0
core   0: 3 0x80002368 (0x00834cb3) x25 0x66aa64db
core   0: 0x8000236c (0xa4257d93) andi    s11, a0, -1470
core   0: 3 0x8000236c (0xa4257d93) x27 0x00000000
core   0: 0x80002370 (0x003c5333) srl     t1, s8, gp
core   0: 3 0x80002370 (0x003c5333) x 6 0x00080015
core   0: 0x80002374 (0x01b617b3) sll     a5, a2, s11
core   0: 3 0x80002374 (0x01b617b3) x15 0xc8000064
core   0: 0x80002378 (0x015290b3) sll     ra, t0, s5
core   0: 3 0x80002378 (0x015290b3) x 1 0x80015ce4
core   0: 0x8000237c (0x007c8ab3) add     s5, s9, t2
core   0: 3 0x8000237c (0x007c8ab3) x21 0xe6ab833f
core   0: 0x80002380 (0x96fa0b97) auipc   s7, 0x96fa0
core   0: 3 0x80002380 (0x96fa0b97) x23 0x16fa2380
core   0: 0x80002384 (0x00a0d533) srl     a0, ra, a0
core   0: 3 0x80002384 (0x00a0d533) x10 0x0080015c
core   0: 0x80002388 (0x00f17633) and     a2, sp, a5
core   0: 3 0x80002388 (0x00f17633) x12 0x00000000
core   0: 0x8000238c (0x01649cb3) sll     s9, s1, s6
core   0: 3 0x8000238c (0x01649cb3) x25 0x7ffea4e4
core   0: 0x80002390 (0x0171f9b3) and     s3, gp, s7
core   0: 3 0x80002390 (0x0171f9b3) x19 0x14882280
core   0: 0x80002394 (0x41ad5213) srai    tp, s10, 26
core   0: 3 0x80002394 (0x41ad5213) x 4 0x00000000
core   0: 0x80002398 (0x01affe33) and     t3, t6, s10
core   0: 3 0x80002398 (0x01affe33) x28 0x00000000
core   0: 0x8000239c (0x418e07b3) sub     a5, t3, s8
core   0: 3 0x8000239c (0x418e07b3) x15 0x7ffea011
core   0: 0x800023a0 (0x4cad7d93) andi    s11, s10, 1226
core   0: 3 0x800023a0 (0x4cad7d93) x27 0x00000000
core   0: 0x800023a4 (0x00000013) nop
core   0: 3 0x800023a4 (0x00000013)
core   0: 0x800023a8 (0x00000013) nop
core   0: 3 0x800023a8 (0x00000013)
core   0: 0x800023ac (0x00f68933) add     s2, a3, a5
core   0: 3 0x800023ac (0x00f68933) x18 0x7ffea011
core   0: 0x800023b0 (0x00000013) nop
core   0: 3 0x800023b0 (0x00000013)
core   0: 0x800023b4 (0xd7b75b37) lui     s6, 0xd7b75
core   0: 3 0x800023b4 (0xd7b75b37) x22 0xd7b75000
core   0: 0x800023b8 (0x41c75793) srai    a5, a4, 28
core   0: 3 0x800023b8 (0x41c75793) x15 0x00000000
core   0: 0x800023bc (0x139b1797) auipc   a5, 0x139b1
core   0: 3 0x800023bc (0x139b1797) x15 0x939b33bc
core   0: 0x800023c0 (0x86e16313) ori     t1, sp, -1938
core   0: 3 0x800023c0 (0x86e16313) x 6 0xfffff86e
core   0: 0x800023c4 (0x00000013) nop
core   0: 3 0x800023c4 (0x00000013)
core   0: 0x800023c8 (0x0d6b7793) andi    a5, s6, 214
core   0: 3 0x800023c8 (0x0d6b7793) x15 0x00000000
core   0: 0x800023cc (0x016914b3) sll     s1, s2, s6
core   0: 3 0x800023cc (0x016914b3) x 9 0x7ffea011
core   0: 0x800023d0 (0x41a8d1b3) sra     gp, a7, s10
core   0: 3 0x800023d0 (0x41a8d1b3) x 3 0x00000001
core   0: 0x800023d4 (0x1580ce13) xori    t3, ra, 344
core   0: 3 0x800023d4 (0x1580ce13) x28 0x80015dbc
core   0: 0x800023d8 (0x24aebfb7) lui     t6, 0x24aeb
core   0: 3 0x800023d8 (0x24aebfb7) x31 0x24aeb000
core   0: 0x800023dc (0x00107333) and     t1, zero, ra
core   0: 3 0x800023dc (0x00107333) x 6 0x00000000
core   0: 0x800023e0 (0x00ebaf33) slt     t5, s7, a4
core   0: 3 0x800023e0 (0x00ebaf33) x30 0x00000000
core   0: 0x800023e4 (0x0176c6b3) xor     a3, a3, s7
core   0: 3 0x800023e4 (0x0176c6b3) x13 0x16fa2380
core   0: 0x800023e8 (0x5620f413) andi    s0, ra, 1378
core   0: 3 0x800023e8 (0x5620f413) x 8 0x00000460
core   0: 0x800023ec (0x01855893) srli    a7, a0, 24
core   0: 3 0x800023ec (0x01855893) x17 0x00000000
core   0: 0x800023f0 (0x005a15b3) sll     a1, s4, t0
core   0: 3 0x800023f0 (0x005a15b3) x11 0x316a29c0
core   0: 0x800023f4 (0x013cb8b3) sltu    a7, s9, s3
core   0: 3 0x800023f4 (0x013cb8b3) x17 0x00000000
core   0: 0x800023f8 (0xb7ccdb37) lui     s6, 0xb7ccd
core   0: 3 0x800023f8 (0xb7ccdb37) x22 0xb7ccd000
core   0: 0x800023fc (0x70350913) addi    s2, a0, 1795
core   0: 3 0x800023fc (0x70350913) x18 0x0080085f
core   0: 0x80002400 (0x2d4d3e13) sltiu   t3, s10, 724
core   0: 3 0x80002400 (0x2d4d3e13) x28 0x00000001
core   0: 0x80002404 (0xc52db893) sltiu   a7, s11, -942
core   0: 3 0x80002404 (0xc52db893) x17 0x00000001
core   0: 0x80002408 (0x403688b3) sub     a7, a3, gp
core   0: 3 0x80002408 (0x403688b3) x17 0x16fa237f
core   0: 0x8000240c (0x412dd893) srai    a7, s11, 18
core   0: 3 0x8000240c (0x412dd893) x17 0x00000000
core   0: 0x80002410 (0x40fc5eb3) sra     t4, s8, a5
core   0: 3 0x80002410 (0x40fc5eb3) x29 0x80015fef
core   0: 0x80002414 (0x01ad4633) xor     a2, s10, s10
core   0: 3 0x80002414 (0x01ad4633) x12 0x00000000
core   0: 0x80002418 (0x019dc133) xor     sp, s11, s9
core   0: 3 0x80002418 (0x019dc133) x 2 0x7ffea4e4
core   0: 0x8000241c (0x00531933) sll     s2, t1, t0
core   0: 3 0x8000241c (0x00531933) x18 0x00000000
core   0: 0x80002420 (0x48738793) addi    a5, t2, 1159
core   0: 3 0x80002420 (0x48738793) x15 0x800122eb
core   0: 0x80002424 (0x00000013) nop
core   0: 3 0x80002424 (0x00000013)
core   0: 0x80002428 (0xb1975e17) auipc   t3, 0xb1975
core   0: 3 0x80002428 (0xb1975e17) x28 0x31977428
core   0: 0x8000242c (0x52cce413) ori     s0, s9, 1324
core   0: 3 0x8000242c (0x52cce413) x 8 0x7ffea5ec
core   0: 0x80002430 (0x4199d633) sra     a2, s3, s9
core   0: 3 0x80002430 (0x4199d633) x12 0x01488228
core   0: 0x80002434 (0x01009213) slli    tp, ra, 16
core   0: 3 0x80002434 (0x01009213) x 4 0x5ce40000
core   0: 0x80002438 (0x40455433) sra     s0, a0, tp
core   0: 3 0x80002438 (0x40455433) x 8 0x0080015c
core   0: 0x8000243c (0xbf47ad13) slti    s10, a5, -1036
core   0: 3 0x8000243c (0xbf47ad13) x26 0x00000001
core   0: 0x80002440 (0xd44bff93) andi    t6, s7, -700
core   0: 3 0x80002440 (0xd44bff93) x31 0x16fa2100
core   0: 0x80002444 (0x415d8ab3) sub     s5, s11, s5
core   0: 3 0x80002444 (0x415d8ab3) x21 0x19547cc1
core   0: 0x80002448 (0x25795337) lui     t1, 0x25795
core   0: 3 0x80002448 (0x25795337) x 6 0x25795000
core   0: 0x8000244c (0x00391493) slli    s1, s2, 3
core   0: 3 0x8000244c (0x00391493) x 9 0x00000000
core   0: 0x80002450 (0x01bc1cb3) sll     s9, s8, s11
core   0: 3 0x80002450 (0x01bc1cb3) x25 0x80015fef
core   0: 0x80002454 (0xb3d7ab13) slti    s6, a5, -1219
core   0: 3 0x80002454 (0xb3d7ab13) x22 0x00000001
core   0: 0x80002458 (0x00076933) or      s2, a4, zero
core   0: 3 0x80002458 (0x00076933) x18 0x00000401
core   0: 0x8000245c (0x011e2f33) slt     t5, t3, a7
core   0: 3 0x8000245c (0x011e2f33) x30 0x00000000
core   0: 0x80002460 (0x88030e13) addi    t3, t1, -1920
core   0: 3 0x80002460 (0x88030e13) x28 0x25794880
core   0: 0x80002464 (0x3d4aac93) slti    s9, s5, 980
core   0: 3 0x80002464 (0x3d4aac93) x25 0x00000000
core   0: 0x80002468 (0x01695193) srli    gp, s2, 22
core   0: 3 0x80002468 (0x01695193) x 3 0x00000000
core   0: 0x8000246c (0x5df03593) sltiu   a1, zero, 1503
core   0: 3 0x8000246c (0x5df03593) x11 0x00000001
core   0: 0x80002470 (0x00504d33) xor     s10, zero, t0
core   0: 3 0x80002470 (0x00504d33) x26 0x80015ce4
core   0: 0x80002474 (0x01579d93) slli    s11, a5, 21
core   0: 3 0x80002474 (0x01579d93) x27 0x5d600000
core   0: 0x80002478 (0x48720517) auipc   a0, 0x48720
core   0: 3 0x80002478 (0x48720517) x10 0xc8722478
core   0: 0x8000247c (0x00000013) nop
core   0: 3 0x8000247c (0x00000013)
core   0: 0x80002480 (0x40bcd613) srai    a2, s9, 11
core   0: 3 0x80002480 (0x40bcd613) x12 0x00000000
core   0: 0x80002484 (0x01719db3) sll     s11, gp, s7
core   0: 3 0x80002484 (0x01719db3) x27 0x00000000
core   0: 0x80002488 (0xd3960e93) addi    t4, a2, -711
core   0: 3 0x80002488 (0xd3960e93) x29 0xfffffd39
core   0: 0x8000248c (0x40b08ab3) sub     s5, ra, a1
core   0: 3 0x8000248c (0x40b08ab3) x21 0x80015ce3
core   0: 0x80002490 (0xa8a0a993) slti    s3, ra, -1398
core   0: 3 0x80002490 (0xa8a0a993) x19 0x00000001
core   0: 0x80002494 (0x01fe1a93) slli    s5, t3, 31
core   0: 3 0x80002494 (0x01fe1a93) x21 0x00000000
core   0: 0x80002498 (0x01fb81b3) add     gp, s7, t6
core   0: 3 0x80002498 (0x01fb81b3) x 3 0x2df44480
core   0: 0x8000249c (0xeed5fd13) andi    s10, a1, -275
core   0: 3 0x8000249c (0xeed5fd13) x26 0x00000001
core   0: 0x800024a0 (0x00335233) srl     tp, t1, gp
core   0: 3 0x800024a0 (0x00335233) x 4 0x25795000
core   0: 0x800024a4 (0x00000013) nop
core   0: 3 0x800024a4 (0x00000013)
core   0: 0x800024a8 (0xd1eceb93) ori     s7, s9, -738
core   0: 3 0x800024a8 (0xd1eceb93) x23 0xfffffd1e
core   0: 0x800024ac (0x409c5913) srai    s2, s8, 9
core   0: 3 0x800024ac (0x409c5913) x18 0xffc000af
core   0: 0x800024b0 (0xd4495ab7) lui     s5, 0xd4495
core   0: 3 0x800024b0 (0xd4495ab7) x21 0xd4495000
core   0: 0x800024b4 (0x015cb4b3) sltu    s1, s9, s5
core   0: 3 0x800024b4 (0x015cb4b3) x 9 0x00000001
core   0: 0x800024b8 (0x00beea33) or      s4, t4, a1
core   0: 3 0x800024b8 (0x00beea33) x20 0xfffffd39
core   0: 0x800024bc (0x0032df33) srl     t5, t0, gp
core   0: 3 0x800024bc (0x0032df33) x30 0x80015ce4
core   0: 0x800024c0 (0xbcbc7137) lui     sp, 0xbcbc7
core   0: 3 0x800024c0 (0xbcbc7137) x 2 0xbcbc7000
core   0: 0x800024c4 (0x683b2737) lui     a4, 0x683b2
core   0: 3 0x800024c4 (0x683b2737) x14 0x683b2000
core   0: 0x800024c8 (0x408dd913) srai    s2, s11, 8
core   0: 3 0x800024c8 (0x408dd913) x18 0x00000000
core   0: 0x800024cc (0xa0102893) slti    a7, zero, -1535
core   0: 3 0x800024cc (0xa0102893) x17 0x00000000
core   0: 0x800024d0 (0x00ecebb3) or      s7, s9, a4
core   0: 3 0x800024d0 (0x00ecebb3) x23 0x683b2000
core   0: 0x800024d4 (0x3d7c8413) addi    s0, s9, 983
core   0: 3 0x800024d4 (0x3d7c8413) x 8 0x000003d7
core   0: 0x800024d8 (0x00f55a93) srli    s5, a0, 15
core   0: 3 0x800024d8 (0x00f55a93) x21 0x000190e4
core   0: 0x800024dc (0x015d1ab3) sll     s5, s10, s5
core   0: 3 0x800024dc (0x015d1ab3) x21 0x00000010
core   0: 0x800024e0 (0x00ced893) srli    a7, t4, 12
core   0: 3 0x800024e0 (0x00ced893) x17 0x000fffff
core   0: 0x800024e4 (0x6c3e0cb7) lui     s9, 0x6c3e0
core   0: 3 0x800024e4 (0x6c3e0cb7) x25 0x6c3e0000
core   0: 0x800024e8 (0xaf656513) ori     a0, a0, -1290
core   0: 3 0x800024e8 (0xaf656513) x10 0xfffffefe
core   0: 0x800024ec (0x3e583697) auipc   a3, 0x3e583
core   0: 3 0x800024ec (0x3e583697) x13 0xbe5854ec
core   0: 0x800024f0 (0x0079d6b3) srl     a3, s3, t2
core   0: 3 0x800024f0 (0x0079d6b3) x13 0x00000000
core   0: 0x800024f4 (0x00dc7b33) and     s6, s8, a3
core   0: 3 0x800024f4 (0x00dc7b33) x22 0x00000000
core   0: 0x800024f8 (0x41da59b3) sra     s3, s4, t4
core   0: 3 0x800024f8 (0x41da59b3) x19 0xffffffff
core   0: 0x800024fc (0x011585b3) add     a1, a1, a7
core   0: 3 0x800024fc (0x011585b3) x11 0x00100000
core   0: 0x80002500 (0xb2f86e13) ori     t3, a6, -1233
core   0: 3 0x80002500 (0xb2f86e13) x28 0xfffffbbf
core   0: 0x80002504 (0x00119db3) sll     s11, gp, ra
core   0: 3 0x80002504 (0x00119db3) x27 0xdf444800
core   0: 0x80002508 (0xe0d77093) andi    ra, a4, -499
core   0: 3 0x80002508 (0xe0d77093) x 1 0x683b2000
core   0: 0x8000250c (0x40acd493) srai    s1, s9, 10
core   0: 3 0x8000250c (0x40acd493) x 9 0x001b0f80
core   0: 0x80002510 (0x008a5bb3) srl     s7, s4, s0
core   0: 3 0x80002510 (0x008a5bb3) x23 0x000001ff
core   0: 0x80002514 (0x0193ee33) or      t3, t2, s9
core   0: 3 0x80002514 (0x0193ee33) x28 0xec3f1e64
core   0: 0x80002518 (0x01147333) and     t1, s0, a7
core   0: 3 0x80002518 (0x01147333) x 6 0x000003d7
core   0: 0x8000251c (0x00164033) xor     zero, a2, ra
core   0: 3 0x8000251c (0x00164033)
core   0: 0x80002520 (0x01a7f7b3) and     a5, a5, s10
core   0: 3 0x80002520 (0x01a7f7b3) x15 0x00000001
core   0: 0x80002524 (0xf957bc13) sltiu   s8, a5, -107
core   0: 3 0x80002524 (0xf957bc13) x24 0x00000001
core   0: 0x80002528 (0xfd01e993) ori     s3, gp, -48
core   0: 3 0x80002528 (0xfd01e993) x19 0xffffffd0
core   0: 0x8000252c (0x416d07b3) sub     a5, s10, s6
core   0: 3 0x8000252c (0x416d07b3) x15 0x00000001
core   0: 0x80002530 (0x4038dc13) srai    s8, a7, 3
core   0: 3 0x80002530 (0x4038dc13) x24 0x0001ffff
core   0: 0x80002534 (0x00a725b3) slt     a1, a4, a0
core   0: 3 0x80002534 (0x00a725b3) x11 0x00000000
core   0: 0x80002538 (0x43e1a613) slti    a2, gp, 1086
core   0: 3 0x80002538 (0x43e1a613) x12 0x00000000
core   0: 0x8000253c (0xf829f513) andi    a0, s3, -126
core   0: 3 0x8000253c (0xf829f513) x10 0xffffff80
core   0: 0x80002540 (0x010c2ab3) slt     s5, s8, a6
core   0: 3 0x80002540 (0x010c2ab3) x21 0x00000000
core   0: 0x80002544 (0x00000013) nop
core   0: 3 0x80002544 (0x00000013)
core   0: 0x80002548 (0x001c5093) srli    ra, s8, 1
core   0: 3 0x80002548 (0x001c5093) x 1 0x0000ffff
core   0: 0x8000254c (0x41775c33) sra     s8, a4, s7
core   0: 3 0x8000254c (0x41775c33) x24 0x00000000
core   0: 0x80002550 (0x00531413) slli    s0, t1, 5
core   0: 3 0x80002550 (0x00531413) x 8 0x00007ae0
core   0: 0x80002554 (0x102faa37) lui     s4, 0x102fa
core   0: 3 0x80002554 (0x102faa37) x20 0x102fa000
core   0: 0x80002558 (0x00000013) nop
core   0: 3 0x80002558 (0x00000013)
core   0: 0x8000255c (0x00cebab3) sltu    s5, t4, a2
core   0: 3 0x8000255c (0x00cebab3) x21 0x00000000
core   0: 0x80002560 (0xe6e32f93) slti    t6, t1, -402
core   0: 3 0x80002560 (0xe6e32f93) x31 0x00000000
core   0: 0x80002564 (0x013b9793) slli    a5, s7, 19
core   0: 3 0x80002564 (0x013b9793) x15 0x0ff80000
core   0: 0x80002568 (0x00d74633) xor     a2, a4, a3
core   0: 3 0x80002568 (0x00d74633) x12 0x683b2000
core   0: 0x8000256c (0x00e791b3) sll     gp, a5, a4
core   0: 3 0x8000256c (0x00e791b3) x 3 0x0ff80000
core   0: 0x80002570 (0x0115f133) and     sp, a1, a7
core   0: 3 0x80002570 (0x0115f133) x 2 0x00000000
core   0: 0x80002574 (0x3d91a013) slti    zero, gp, 985
core   0: 3 0x80002574 (0x3d91a013)
core   0: 0x80002578 (0xf9663613) sltiu   a2, a2, -106
core   0: 3 0x80002578 (0xf9663613) x12 0x00000001
core   0: 0x8000257c (0x182ea8b7) lui     a7, 0x182ea
core   0: 3 0x8000257c (0x182ea8b7) x17 0x182ea000
core   0: 0x80002580 (0x01291233) sll     tp, s2, s2
core   0: 3 0x80002580 (0x01291233) x 4 0x00000000
core   0: 0x80002584 (0x00d21197) auipc   gp, 0xd21
core   0: 3 0x80002584 (0x00d21197) x 3 0x80d23584
core   0: 0x80002588 (0x01d5ccb3) xor     s9, a1, t4
core   0: 3 0x80002588 (0x01d5ccb3) x25 0xfffffd39
core   0: 0x8000258c (0x7cf83793) sltiu   a5, a6, 1999
core   0: 3 0x8000258c (0x7cf83793) x15 0x00000000
core   0: 0x80002590 (0x15e4a697) auipc   a3, 0x15e4a
core   0: 3 0x80002590 (0x15e4a697) x13 0x95e4c590
core   0: 0x80002594 (0x00371d13) slli    s10, a4, 3
core   0: 3 0x80002594 (0x00371d13) x26 0x41d90000
core   0: 0x80002598 (0x01b32233) slt     tp, t1, s11
core   0: 3 0x80002598 (0x01b32233) x 4 0x00000000
core   0: 0x8000259c (0x00dadab3) srl     s5, s5, a3
core   0: 3 0x8000259c (0x00dadab3) x21 0x00000000
core   0: 0x800025a0 (0x1ab16e13) ori     t3, sp, 427
core   0: 3 0x800025a0 (0x1ab16e13) x28 0x000001ab
core   0: 0x800025a4 (0x015ec233) xor     tp, t4, s5
core   0: 3 0x800025a4 (0x015ec233) x 4 0xfffffd39
core   0: 0x800025a8 (0xae7c8993) addi    s3, s9, -1305
core   0: 3 0x800025a8 (0xae7c8993) x19 0xfffff820
core   0: 0x800025ac (0x019aa9b3) slt     s3, s5, s9
core   0: 3 0x800025ac (0x019aa9b3) x19 0x00000000
core   0: 0x800025b0 (0x01781233) sll     tp, a6, s7
core   0: 3 0x800025b0 (0x01781233) x 4 0x00000000
core   0: 0x800025b4 (0x00a34033) xor     zero, t1, a0
core   0: 3 0x800025b4 (0x00a34033)
core   0: 0x800025b8 (0x99f46513) ori     a0, s0, -1633
core   0: 3 0x800025b8 (0x99f46513) x10 0xfffffbff
core   0: 0x800025bc (0xeaacbf13) sltiu   t5, s9, -342
core   0: 3 0x800025bc (0xeaacbf13) x30 0x00000001
core   0: 0x800025c0 (0x00fe5533) srl     a0, t3, a5
core   0: 3 0x800025c0 (0x00fe5533) x10 0x000001ab
core   0: 0x800025c4 (0x018c5493) srli    s1, s8, 24
core   0: 3 0x800025c4 (0x018c5493) x 9 0x00000000
core   0: 0x800025c8 (0x1e578713) addi    a4, a5, 485
core   0: 3 0x800025c8 (0x1e578713) x14 0x000001e5
core   0: 0x800025cc (0x016c6233) or      tp, s8, s6
core   0: 3 0x800025cc (0x016c6233) x 4 0x00000000
core   0: 0x800025d0 (0x37998793) addi    a5, s3, 889
core   0: 3 0x800025d0 (0x37998793) x15 0x00000379
core   0: 0x800025d4 (0x39b548b7) lui     a7, 0x39b54
core   0: 3 0x800025d4 (0x39b548b7) x17 0x39b54000
core   0: 0x800025d8 (0xc153bb13) sltiu   s6, t2, -1003
core   0: 3 0x800025d8 (0xc153bb13) x22 0x00000001
core   0: 0x800025dc (0x01e2dcb3) srl     s9, t0, t5
core   0: 3 0x800025dc (0x01e2dcb3) x25 0x4000ae72
core   0: 0x800025e0 (0x018f1c93) slli    s9, t5, 24
core   0: 3 0x800025e0 (0x018f1c93) x25 0x01000000
core   0: 0x800025e4 (0xba96a993) slti    s3, a3, -1111
core   0: 3 0x800025e4 (0xba96a993) x19 0x00000001
core   0: 0x800025e8 (0x5aa98c93) addi    s9, s3, 1450
core   0: 3 0x800025e8 (0x5aa98c93) x25 0x000005ab
core   0: 0x800025ec (0xbe7b7517) auipc   a0, 0xbe7b7
core   0: 3 0x800025ec (0xbe7b7517) x10 0x3e7b95ec
core   0: 0x800025f0 (0x7ebaff13) andi    t5, s5, 2027
core   0: 3 0x800025f0 (0x7ebaff13) x30 0x00000000
core   0: 0x800025f4 (0x00c77a33) and     s4, a4, a2
core   0: 3 0x800025f4 (0x00c77a33) x20 0x00000001
core   0: 0x800025f8 (0x017b55b3) srl     a1, s6, s7
core   0: 3 0x800025f8 (0x017b55b3) x11 0x00000000
core   0: 0x800025fc (0x00423433) sltu    s0, tp, tp
core   0: 3 0x800025fc (0x00423433) x 8 0x00000000
core   0: 0x80002600 (0x23924b93) xori    s7, tp, 569
core   0: 3 0x80002600 (0x23924b93) x23 0x00000239
core   0: 0x80002604 (0x40d60233) sub     tp, a2, a3
core   0: 3 0x80002604 (0x40d60233) x 4 0x6a1b3a71
core   0: 0x80002608 (0x009cd893) srli    a7, s9, 9
core   0: 3 0x80002608 (0x009cd893) x17 0x00000002
core   0: 0x8000260c (0x00000013) nop
core   0: 3 0x8000260c (0x00000013)
core   0: 0x80002610 (0xf213ce93) xori    t4, t2, -223
core   0: 3 0x80002610 (0xf213ce93) x29 0x7ffee145
core   0: 0x80002614 (0x416e8a33) sub     s4, t4, s6
core   0: 3 0x80002614 (0x416e8a33) x20 0x7ffee144
core   0: 0x80002618 (0x6df2ef93) ori     t6, t0, 1759
core   0: 3 0x80002618 (0x6df2ef93) x31 0x80015eff
core   0: 0x8000261c (0x49490113) addi    sp, s2, 1172
core   0: 3 0x8000261c (0x49490113) x 2 0x00000494
core   0: 0x80002620 (0x09b9cd93) xori    s11, s3, 155
core   0: 3 0x80002620 (0x09b9cd93) x27 0x0000009a
core   0: 0x80002624 (0x61efa593) slti    a1, t6, 1566
core   0: 3 0x80002624 (0x61efa593) x11 0x00000001
core   0: 0x80002628 (0xb0d5ed13) ori     s10, a1, -1267
core   0: 3 0x80002628 (0xb0d5ed13) x26 0xfffffb0d
core   0: 0x8000262c (0x015820b3) slt     ra, a6, s5
core   0: 3 0x8000262c (0x015820b3) x 1 0x00000001
core   0: 0x80002630 (0x04906213) ori     tp, zero, 73
core   0: 3 0x80002630 (0x04906213) x 4 0x00000049
core   0: 0x80002634 (0x4029d8b3) sra     a7, s3, sp
core   0: 3 0x80002634 (0x4029d8b3) x17 0x00000000
core   0: 0x80002638 (0x66e1b037) lui     zero, 0x66e1b
core   0: 3 0x80002638 (0x66e1b037)
core   0: 0x8000263c (0xf23ecd97) auipc   s11, 0xf23ec
core   0: 3 0x8000263c (0xf23ecd97) x27 0x723ee63c
core   0: 0x80002640 (0x9076f513) andi    a0, a3, -1785
core   0: 3 0x80002640 (0x9076f513) x10 0x95e4c100
core   0: 0x80002644 (0x00e6d593) srli    a1, a3, 14
core   0: 3 0x80002644 (0x00e6d593) x11 0x00025793
core   0: 0x80002648 (0x4dc7ee13) ori     t3, a5, 1244
core   0: 3 0x80002648 (0x4dc7ee13) x28 0x000007fd
core   0: 0x8000264c (0x419eac13) slti    s8, t4, 1049
core   0: 3 0x8000264c (0x419eac13) x24 0x00000000
core   0: 0x80002650 (0x009b4533) xor     a0, s6, s1
core   0: 3 0x80002650 (0x009b4533) x10 0x00000001
core   0: 0x80002654 (0xfddfc913) xori    s2, t6, -35
core   0: 3 0x80002654 (0xfddfc913) x18 0x7ffea122
core   0: 0x80002658 (0xc37290b7) lui     ra, 0xc3729
core   0: 3 0x80002658 (0xc37290b7) x 1 0xc3729000
core   0: 0x8000265c (0x00e2f933) and     s2, t0, a4
core   0: 3 0x8000265c (0x00e2f933) x18 0x000000e4
core   0: 0x80002660 (0xf035f493) andi    s1, a1, -253
core   0: 3 0x80002660 (0xf035f493) x 9 0x00025703
core   0: 0x80002664 (0x4044d033) sra     zero, s1, tp
core   0: 3 0x80002664 (0x4044d033)
core   0: 0x80002668 (0xc01c6193) ori     gp, s8, -1023
core   0: 3 0x80002668 (0xc01c6193) x 3 0xfffffc01
core   0: 0x8000266c (0x3d3fbd97) auipc   s11, 0x3d3fb
core   0: 3 0x8000266c (0x3d3fbd97) x27 0xbd3fd66c
core   0: 0x80002670 (0xfd88cb93) xori    s7, a7, -40
core   0: 3 0x80002670 (0xfd88cb93) x23 0xffffffd8
core   0: 0x80002674 (0x7c40bb97) auipc   s7, 0x7c40b
core   0: 3 0x80002674 (0x7c40bb97) x23 0xfc40d674
core   0: 0x80002678 (0x01e0d713) srli    a4, ra, 30
core   0: 3 0x80002678 (0x01e0d713) x14 0x00000003
core   0: 0x8000267c (0x00981093) slli    ra, a6, 9
core   0: 3 0x8000267c (0x00981093) x 1 0x88a16800
core   0: 0x80002680 (0x012ba933) slt     s2, s7, s2
core   0: 3 0x80002680 (0x012ba933) x18 0x00000001
core   0: 0x80002684 (0x01ad4433) xor     s0, s10, s10
core   0: 3 0x80002684 (0x01ad4433) x 8 0x00000000
core   0: 0x80002688 (0x9f3c7693) andi    a3, s8, -1549
core   0: 3 0x80002688 (0x9f3c7693) x13 0x00000000
core   0: 0x8000268c (0xd825e793) ori     a5, a1, -638
core   0: 3 0x8000268c (0xd825e793) x15 0xffffff93
core   0: 0x80002690 (0x00000013) nop
core   0: 3 0x80002690 (0x00000013)
core   0: 0x80002694 (0x019589b3) add     s3, a1, s9
core   0: 3 0x80002694 (0x019589b3) x19 0x00025d3e
core   0: 0x80002698 (0x00469a13) slli    s4, a3, 4
core   0: 3 0x80002698 (0x00469a13) x20 0x00000000
core   0: 0x8000269c (0x007381b3) add     gp, t2, t2
core   0: 3 0x8000269c (0x007381b3) x 3 0x00023cc8
core   0: 0x800026a0 (0x00ab99b3) sll     s3, s7, a0
core   0: 3 0x800026a0 (0x00ab99b3) x19 0xf881ace8
core   0: 0x800026a4 (0x01fc5f13) srli    t5, s8, 31
core   0: 3 0x800026a4 (0x01fc5f13) x30 0x00000000
core   0: 0x800026a8 (0x01afe233) or      tp, t6, s10
core   0: 3 0x800026a8 (0x01afe233) x 4 0xffffffff
core   0: 0x800026ac (0xc0ef8913) addi    s2, t6, -1010
core   0: 3 0x800026ac (0xc0ef8913) x18 0x80015b0d
core   0: 0x800026b0 (0xdb124313) xori    t1, tp, -591
core   0: 3 0x800026b0 (0xdb124313) x 6 0x0000024e
core   0: 0x800026b4 (0x003a8033) add     zero, s5, gp
core   0: 3 0x800026b4 (0x003a8033)
core   0: 0x800026b8 (0x011a28b3) slt     a7, s4, a7
core   0: 3 0x800026b8 (0x011a28b3) x17 0x00000000
core   0: 0x800026bc (0x41e9dab3) sra     s5, s3, t5
core   0: 3 0x800026bc (0x41e9dab3) x21 0xf881ace8
core   0: 0x800026c0 (0x00f4d133) srl     sp, s1, a5
core   0: 3 0x800026c0 (0x00f4d133) x 2 0x00000000
core   0: 0x800026c4 (0x01dc1193) slli    gp, s8, 29
core   0: 3 0x800026c4 (0x01dc1193) x 3 0x00000000
core   0: 0x800026c8 (0x00da8733) add     a4, s5, a3
core   0: 3 0x800026c8 (0x00da8733) x14 0xf881ace8
core   0: 0x800026cc (0x0146fb33) and     s6, a3, s4
core   0: 3 0x800026cc (0x0146fb33) x22 0x00000000
core   0: 0x800026d0 (0x010fbc33) sltu    s8, t6, a6
core   0: 3 0x800026d0 (0x010fbc33) x24 0x00000001
core   0: 0x800026d4 (0x076aaf93) slti    t6, s5, 118
core   0: 3 0x800026d4 (0x076aaf93) x31 0x00000001
core   0: 0x800026d8 (0x41f58d33) sub     s10, a1, t6
core   0: 3 0x800026d8 (0x41f58d33) x26 0x00025792
core   0: 0x800026dc (0x3169bf93) sltiu   t6, s3, 790
core   0: 3 0x800026dc (0x3169bf93) x31 0x00000000
core   0: 0x800026e0 (0x01878433) add     s0, a5, s8
core   0: 3 0x800026e0 (0x01878433) x 8 0xffffff94
core   0: 0x800026e4 (0x28c76c13) ori     s8, a4, 652
core   0: 3 0x800026e4 (0x28c76c13) x24 0xf881aeec
core   0: 0x800026e8 (0x86073213) sltiu   tp, a4, -1952
core   0: 3 0x800026e8 (0x86073213) x 4 0x00000001
core   0: 0x800026ec (0x40255a13) srai    s4, a0, 2
core   0: 3 0x800026ec (0x40255a13) x20 0x00000000
core   0: 0x800026f0 (0x01010133) add     sp, sp, a6
core   0: 3 0x800026f0 (0x01010133) x 2 0xfa4450b4
core   0: 0x800026f4 (0x01875733) srl     a4, a4, s8
core   0: 3 0x800026f4 (0x01875733) x14 0x000f881a
core   0: 0x800026f8 (0xf3f40093) addi    ra, s0, -193
core   0: 3 0x800026f8 (0xf3f40093) x 1 0xfffffed3
core   0: 0x800026fc (0x016140b3) xor     ra, sp, s6
core   0: 3 0x800026fc (0x016140b3) x 1 0xfa4450b4
core   0: 0x80002700 (0x411bdab3) sra     s5, s7, a7
core   0: 3 0x80002700 (0x411bdab3) x21 0xfc40d674
core   0: 0x80002704 (0xad5598b7) lui     a7, 0xad559
core   0: 3 0x80002704 (0xad5598b7) x17 0xad559000
core   0: 0x80002708 (0x00000013) nop
core   0: 3 0x80002708 (0x00000013)
core   0: 0x8000270c (0x006defb3) or      t6, s11, t1
core   0: 3 0x8000270c (0x006defb3) x31 0xbd3fd66e
core   0: 0x80002710 (0x5367c197) auipc   gp, 0x5367c
core   0: 3 0x80002710 (0x5367c197) x 3 0xd367e710
core   0: 0x80002714 (0xbf09ef93) ori     t6, s3, -1040
core   0: 3 0x80002714 (0xbf09ef93) x31 0xfffffff8
core   0: 0x80002718 (0x9008b893) sltiu   a7, a7, -1792
core   0: 3 0x80002718 (0x9008b893) x17 0x00000001
core   0: 0x8000271c (0x01c87033) and     zero, a6, t3
core   0: 3 0x8000271c (0x01c87033)
core   0: 0x80002720 (0x01d145b3) xor     a1, sp, t4
core   0: 3 0x80002720 (0x01d145b3) x11 0x85bab1f1
core   0: 0x80002724 (0x9981ad93) slti    s11, gp, -1640
core   0: 3 0x80002724 (0x9981ad93) x27 0x00000001
core   0: 0x80002728 (0x01fad713) srli    a4, s5, 31
core   0: 3 0x80002728 (0x01fad713) x14 0x00000001
core   0: 0x8000272c (0x00c76fb3) or      t6, a4, a2
core   0: 3 0x8000272c (0x00c76fb3) x31 0x00000001
core   0: 0x80002730 (0x01e31093) slli    ra, t1, 30
core   0: 3 0x80002730 (0x01e31093) x 1 0x80000000
core   0: 0x80002734 (0x4ebb7917) auipc   s2, 0x4ebb7
core   0: 3 0x80002734 (0x4ebb7917) x18 0xcebb9734
core   0: 0x80002738 (0x01da6633) or      a2, s4, t4
core   0: 3 0x80002738 (0x01da6633) x12 0x7ffee145
core   0: 0x8000273c (0x64878a93) addi    s5, a5, 1608
core   0: 3 0x8000273c (0x64878a93) x21 0x000005db
core   0: 0x80002740 (0x00eb4a33) xor     s4, s6, a4
core   0: 3 0x80002740 (0x00eb4a33) x20 0x00000001
core   0: 0x80002744 (0x5e00f793) andi    a5, ra, 1504
core   0: 3 0x80002744 (0x5e00f793) x15 0x00000000
core   0: 0x80002748 (0x01997133) and     sp, s2, s9
core   0: 3 0x80002748 (0x01997133) x 2 0x00000520
core   0: 0x8000274c (0x012b37b3) sltu    a5, s6, s2
core   0: 3 0x8000274c (0x012b37b3) x15 0x00000001
core   0: 0x80002750 (0x01fa6233) or      tp, s4, t6
core   0: 3 0x80002750 (0x01fa6233) x 4 0x00000001
core   0: 0x80002754 (0x414d8933) sub     s2, s11, s4
core   0: 3 0x80002754 (0x414d8933) x18 0x00000000
core   0: 0x80002758 (0x547f7113) andi    sp, t5, 1351
core   0: 3 0x80002758 (0x547f7113) x 2 0x00000000
core   0: 0x8000275c (0x0066cf33) xor     t5, a3, t1
core   0: 3 0x8000275c (0x0066cf33) x30 0x0000024e
core   0: 0x80002760 (0x40368133) sub     sp, a3, gp
core   0: 3 0x80002760 (0x40368133) x 2 0x2c9818f0
core   0: 0x80002764 (0x00a0d413) srli    s0, ra, 10
core   0: 3 0x80002764 (0x00a0d413) x 8 0x00200000
core   0: 0x80002768 (0xe9d84513) xori    a0, a6, -355
core   0: 3 0x80002768 (0xe9d84513) x10 0x05bbae29
core   0: 0x8000276c (0x01bbadb3) slt     s11, s7, s11
core   0: 3 0x8000276c (0x01bbadb3) x27 0x00000001
core   0: 0x80002770 (0x00abf4b3) and     s1, s7, a0
core   0: 3 0x80002770 (0x00abf4b3) x 9 0x04008620
core   0: 0x80002774 (0x40f5da93) srai    s5, a1, 15
core   0: 3 0x80002774 (0x40f5da93) x21 0xffff0b75
core   0: 0x80002778 (0x017b9d13) slli    s10, s7, 23
core   0: 3 0x80002778 (0x017b9d13) x26 0x3a000000
core   0: 0x8000277c (0xe7ce2593) slti    a1, t3, -388
core   0: 3 0x8000277c (0xe7ce2593) x11 0x00000000
core   0: 0x80002780 (0x015fceb3) xor     t4, t6, s5
core   0: 3 0x80002780 (0x015fceb3) x29 0xffff0b74
core   0: 0x80002784 (0x0027a633) slt     a2, a5, sp
core   0: 3 0x80002784 (0x0027a633) x12 0x00000001
core   0: 0x80002788 (0x00b19193) slli    gp, gp, 11
core   0: 3 0x80002788 (0x00b19193) x 3 0x3f388000
core   0: 0x8000278c (0x41a086b3) sub     a3, ra, s10
core   0: 3 0x8000278c (0x41a086b3) x13 0x46000000
core   0: 0x80002790 (0x7cf60613) addi    a2, a2, 1999
core   0: 3 0x80002790 (0x7cf60613) x12 0x000007d0
core   0: 0x80002794 (0xdecb0713) addi    a4, s6, -532
core   0: 3 0x80002794 (0xdecb0713) x14 0xfffffdec
core   0: 0x80002798 (0xecca1717) auipc   a4, 0xecca1
core   0: 3 0x80002798 (0xecca1717) x14 0x6cca3798
core   0: 0x8000279c (0x40a75b13) srai    s6, a4, 10
core   0: 3 0x8000279c (0x40a75b13) x22 0x001b328d
core   0: 0x800027a0 (0x9bdda113) slti    sp, s11, -1603
core   0: 3 0x800027a0 (0x9bdda113) x 2 0x00000000
core   0: 0x800027a4 (0x01bc07b3) add     a5, s8, s11
core   0: 3 0x800027a4 (0x01bc07b3) x15 0xf881aeed
core   0: 0x800027a8 (0x400f8633) sub     a2, t6, zero
core   0: 3 0x800027a8 (0x400f8633) x12 0x00000001
core   0: 0x800027ac (0x002eedb3) or      s11, t4, sp
core   0: 3 0x800027ac (0x002eedb3) x27 0xffff0b74
core   0: 0x800027b0 (0x00f577b3) and     a5, a0, a5
core   0: 3 0x800027b0 (0x00f577b3) x15 0x0081ae29
core   0: 0x800027b4 (0x012ea7b3) slt     a5, t4, s2
core   0: 3 0x800027b4 (0x012ea7b3) x15 0x00000001
core   0: 0x800027b8 (0x00c57db3) and     s11, a0, a2
core   0: 3 0x800027b8 (0x00c57db3) x27 0x00000001
core   0: 0x800027bc (0x01fa5d33) srl     s10, s4, t6
core   0: 3 0x800027bc (0x01fa5d33) x26 0x00000000
core   0: 0x800027c0 (0x40e1d093) srai    ra, gp, 14
core   0: 3 0x800027c0 (0x40e1d093) x 1 0x0000fce2
core   0: 0x800027c4 (0x01fe5e93) srli    t4, t3, 31
core   0: 3 0x800027c4 (0x01fe5e93) x29 0x00000000
core   0: 0x800027c8 (0x3a20b313) sltiu   t1, ra, 930
core   0: 3 0x800027c8 (0x3a20b313) x 6 0x00000000
core   0: 0x800027cc (0x00000013) nop
core   0: 3 0x800027cc (0x00000013)
core   0: 0x800027d0 (0xe4a83613) sltiu   a2, a6, -438
core   0: 3 0x800027d0 (0xe4a83613) x12 0x00000001
core   0: 0x800027d4 (0x4dbdc897) auipc   a7, 0x4dbdc
core   0: 3 0x800027d4 (0x4dbdc897) x17 0xcdbde7d4
core   0: 0x800027d8 (0x01d88c33) add     s8, a7, t4
core   0: 3 0x800027d8 (0x01d88c33) x24 0xcdbde7d4
core   0: 0x800027dc (0x00b3c8b3) xor     a7, t2, a1
core   0: 3 0x800027dc (0x00b3c8b3) x17 0x80011e64
core   0: 0x800027e0 (0x0014cb33) xor     s6, s1, ra
core   0: 3 0x800027e0 (0x0014cb33) x22 0x04007ac2
core   0: 0x800027e4 (0xb0f5c913) xori    s2, a1, -1265
core   0: 3 0x800027e4 (0xb0f5c913) x18 0xfffffb0f
core   0: 0x800027e8 (0x55ecf913) andi    s2, s9, 1374
core   0: 3 0x800027e8 (0x55ecf913) x18 0x0000050a
core   0: 0x800027ec (0x51f7e713) ori     a4, a5, 1311
core   0: 3 0x800027ec (0x51f7e713) x14 0x0000051f
core   0: 0x800027f0 (0x01a517b3) sll     a5, a0, s10
core   0: 3 0x800027f0 (0x01a517b3) x15 0x05bbae29
core   0: 0x800027f4 (0x0121a8b3) slt     a7, gp, s2
core   0: 3 0x800027f4 (0x0121a8b3) x17 0x00000000
core   0: 0x800027f8 (0xc586aa13) slti    s4, a3, -936
core   0: 3 0x800027f8 (0xc586aa13) x20 0x00000000
core   0: 0x800027fc (0x01a2d013) srli    zero, t0, 26
core   0: 3 0x800027fc (0x01a2d013)
core   0: 0x80002800 (0x01cbc6b3) xor     a3, s7, t3
core   0: 3 0x80002800 (0x01cbc6b3) x13 0xfc40d189
core   0: 0x80002804 (0x56c86693) ori     a3, a6, 1388
core   0: 3 0x80002804 (0x56c86693) x13 0xfa4455fc
core   0: 0x80002808 (0x88857413) andi    s0, a0, -1912
core   0: 3 0x80002808 (0x88857413) x 8 0x05bba808
core   0: 0x8000280c (0x4155d993) srai    s3, a1, 21
core   0: 3 0x8000280c (0x4155d993) x19 0x00000000
core   0: 0x80002810 (0x405c84b3) sub     s1, s9, t0
core   0: 3 0x80002810 (0x405c84b3) x 9 0x7ffea8c7
core   0: 0x80002814 (0x92b57893) andi    a7, a0, -1749
core   0: 3 0x80002814 (0x92b57893) x17 0x05bba829
core   0: 0x80002818 (0x0175db13) srli    s6, a1, 23
core   0: 3 0x80002818 (0x0175db13) x22 0x00000000
core   0: 0x8000281c (0x4061d8b3) sra     a7, gp, t1
core   0: 3 0x8000281c (0x4061d8b3) x17 0x3f388000
core   0: 0x80002820 (0x00045913) srli    s2, s0, 0
core   0: 3 0x80002820 (0x00045913) x18 0x05bba808
core   0: 0x80002824 (0x0168b233) sltu    tp, a7, s6
core   0: 3 0x80002824 (0x0168b233) x 4 0x00000000
core   0: 0x80002828 (0xbda26193) ori     gp, tp, -1062
core   0: 3 0x80002828 (0xbda26193) x 3 0xfffffbda
core   0: 0x8000282c (0x85854893) xori    a7, a0, -1960
core   0: 3 0x8000282c (0x85854893) x17 0xfa445671
core   0: 0x80002830 (0x415685b3) sub     a1, a3, s5
core   0: 3 0x80002830 (0x415685b3) x11 0xfa454a87
core   0: 0x80002834 (0xb8ca3997) auipc   s3, 0xb8ca3
core   0: 3 0x80002834 (0xb8ca3997) x19 0x38ca5834
core   0: 0x80002838 (0x00ef9d33) sll     s10, t6, a4
core   0: 3 0x80002838 (0x00ef9d33) x26 0x80000000
core   0: 0x8000283c (0x1ab62493) slti    s1, a2, 427
core   0: 3 0x8000283c (0x1ab62493) x 9 0x00000001
core   0: 0x80002840 (0xcfab4d93) xori    s11, s6, -774
core   0: 3 0x80002840 (0xcfab4d93) x27 0xfffffcfa
core   0: 0x80002844 (0x00000013) nop
core   0: 3 0x80002844 (0x00000013)
core   0: 0x80002848 (0x401ad313) srai    t1, s5, 1
core   0: 3 0x80002848 (0x401ad313) x 6 0xffff85ba
core   0: 0x8000284c (0x3891e213) ori     tp, gp, 905
core   0: 3 0x8000284c (0x3891e213) x 4 0xfffffbdb
core   0: 0x80002850 (0x00000013) nop
core   0: 3 0x80002850 (0x00000013)
core   0: 0x80002854 (0x0017f133) and     sp, a5, ra
core   0: 3 0x80002854 (0x0017f133) x 2 0x0000ac20
core   0: 0x80002858 (0x019cb433) sltu    s0, s9, s9
core   0: 3 0x80002858 (0x019cb433) x 8 0x00000000
core   0: 0x8000285c (0x0c7f6e93) ori     t4, t5, 199
core   0: 3 0x8000285c (0x0c7f6e93) x29 0x000002cf
core   0: 0x80002860 (0x00000013) nop
core   0: 3 0x80002860 (0x00000013)
core   0: 0x80002864 (0xa6a72c13) slti    s8, a4, -1430
core   0: 3 0x80002864 (0xa6a72c13) x24 0x00000000
core   0: 0x80002868 (0x01695e13) srli    t3, s2, 22
core   0: 3 0x80002868 (0x01695e13) x28 0x00000016
core   0: 0x8000286c (0x41195733) sra     a4, s2, a7
core   0: 3 0x8000286c (0x41195733) x14 0x000002dd
core   0: 0x80002870 (0x00a82a33) slt     s4, a6, a0
core   0: 3 0x80002870 (0x00a82a33) x20 0x00000001
core   0: 0x80002874 (0x01498433) add     s0, s3, s4
core   0: 3 0x80002874 (0x01498433) x 8 0x38ca5835
core   0: 0x80002878 (0x5f867593) andi    a1, a2, 1528
core   0: 3 0x80002878 (0x5f867593) x11 0x00000000
core   0: 0x8000287c (0x9f84ee93) ori     t4, s1, -1544
core   0: 3 0x8000287c (0x9f84ee93) x29 0xfffff9f9
core   0: 0x80002880 (0xb77b4413) xori    s0, s6, -1161
core   0: 3 0x80002880 (0xb77b4413) x 8 0xfffffb77
core   0: 0x80002884 (0x00000013) nop
core   0: 3 0x80002884 (0x00000013)
core   0: 0x80002888 (0x41545f33) sra     t5, s0, s5
core   0: 3 0x80002888 (0x41545f33) x30 0xffffffff
core   0: 0x8000288c (0x40175793) srai    a5, a4, 1
core   0: 3 0x8000288c (0x40175793) x15 0x0000016e
core   0: 0x80002890 (0x0060c333) xor     t1, ra, t1
core   0: 3 0x80002890 (0x0060c333) x 6 0xffff7958
core   0: 0x80002894 (0x00fcfdb3) and     s11, s9, a5
core   0: 3 0x80002894 (0x00fcfdb3) x27 0x0000012a
core   0: 0x80002898 (0x01ead633) srl     a2, s5, t5
core   0: 3 0x80002898 (0x01ead633) x12 0x00000001
core   0: 0x8000289c (0x003ed093) srli    ra, t4, 3
core   0: 3 0x8000289c (0x003ed093) x 1 0x1fffff3f
core   0: 0x800028a0 (0xb5130213) addi    tp, t1, -1199
core   0: 3 0x800028a0 (0xb5130213) x 4 0xffff74a9
core   0: 0x800028a4 (0x447a4b17) auipc   s6, 0x447a4
core   0: 3 0x800028a4 (0x447a4b17) x22 0xc47a68a4
core   0: 0x800028a8 (0x01c625b3) slt     a1, a2, t3
core   0: 3 0x800028a8 (0x01c625b3) x11 0x00000001
core   0: 0x800028ac (0x0142aeb3) slt     t4, t0, s4
core   0: 3 0x800028ac (0x0142aeb3) x29 0x00000001
core   0: 0x800028b0 (0x0131c8b3) xor     a7, gp, s3
core   0: 3 0x800028b0 (0x0131c8b3) x17 0xc735a3ee
core   0: 0x800028b4 (0xa298fa93) andi    s5, a7, -1495
core   0: 3 0x800028b4 (0xa298fa93) x21 0xc735a228
core   0: 0x800028b8 (0x01af2333) slt     t1, t5, s10
core   0: 3 0x800028b8 (0x01af2333) x 6 0x00000000
core   0: 0x800028bc (0x800000b7) lui     ra, 0x80000
core   0: 3 0x800028bc (0x800000b7) x 1 0x80000000
core   0: 0x800028c0 (0x00000213) li      tp, 0
core   0: 3 0x800028c0 (0x00000213) x 4 0x00000000
core   0: 0x800028c4 (0xfff00193) li      gp, -1
core   0: 3 0x800028c4 (0xfff00193) x 3 0xffffffff
core   0: 0x800028c8 (0xbb5f0537) lui     a0, 0xbb5f0
core   0: 3 0x800028c8 (0xbb5f0537) x10 0xbb5f0000
core   0: 0x800028cc (0x46250513) addi    a0, a0, 1122
core   0: 3 0x800028cc (0x46250513) x10 0xbb5f0462
core   0: 0x800028d0 (0x53aaa6b7) lui     a3, 0x53aaa
core   0: 3 0x800028d0 (0x53aaa6b7) x13 0x53aaa000
core   0: 0x800028d4 (0x86268693) addi    a3, a3, -1950
core   0: 3 0x800028d4 (0x86268693) x13 0x53aa9862
core   0: 0x800028d8 (0xc99354b7) lui     s1, 0xc9935
core   0: 3 0x800028d8 (0xc99354b7) x 9 0xc9935000
core   0: 0x800028dc (0x82c48493) addi    s1, s1, -2004
core   0: 3 0x800028dc (0x82c48493) x 9 0xc993482c
core   0: 0x800028e0 (0xfff00a13) li      s4, -1
core   0: 3 0x800028e0 (0xfff00a13) x20 0xffffffff
core   0: 0x800028e4 (0x00000f93) li      t6, 0
core   0: 3 0x800028e4 (0x00000f93) x31 0x00000000
core   0: 0x800028e8 (0xfff00993) li      s3, -1
core   0: 3 0x800028e8 (0xfff00993) x19 0xffffffff
core   0: 0x800028ec (0x00000b93) li      s7, 0
core   0: 3 0x800028ec (0x00000b93) x23 0x00000000
core   0: 0x800028f0 (0x00000013) nop
core   0: 3 0x800028f0 (0x00000013)
core   0: 0x800028f4 (0x23848993) addi    s3, s1, 568
core   0: 3 0x800028f4 (0x23848993) x19 0xc9934a64
core   0: 0x800028f8 (0x00000013) nop
core   0: 3 0x800028f8 (0x00000013)
core   0: 0x800028fc (0x00168bb3) add     s7, a3, ra
core   0: 3 0x800028fc (0x00168bb3) x23 0xd3aa9862
core   0: 0x80002900 (0xdf8f76b7) lui     a3, 0xdf8f7
core   0: 3 0x80002900 (0xdf8f76b7) x13 0xdf8f7000
core   0: 0x80002904 (0x009a0a33) add     s4, s4, s1
core   0: 3 0x80002904 (0x009a0a33) x20 0xc993482b
core   0: 0x80002908 (0x4d750993) addi    s3, a0, 1239
core   0: 3 0x80002908 (0x4d750993) x19 0xbb5f0939
core   0: 0x8000290c (0x00ab89b3) add     s3, s7, a0
core   0: 3 0x8000290c (0x00ab89b3) x19 0x8f099cc4
core   0: 0x80002910 (0x014f89b3) add     s3, t6, s4
core   0: 3 0x80002910 (0x014f89b3) x19 0xc993482b
core   0: 0x80002914 (0xb72a0513) addi    a0, s4, -1166
core   0: 3 0x80002914 (0xb72a0513) x10 0xc993439d
core   0: 0x80002918 (0x414681b3) sub     gp, a3, s4
core   0: 3 0x80002918 (0x414681b3) x 3 0x15fc27d5
core   0: 0x8000291c (0x004500b3) add     ra, a0, tp
core   0: 3 0x8000291c (0x004500b3) x 1 0xc993439d
core   0: 0x80002920 (0x1e5bc517) auipc   a0, 0x1e5bc
core   0: 3 0x80002920 (0x1e5bc517) x10 0x9e5be920
core   0: 0x80002924 (0xc8265517) auipc   a0, 0xc8265
core   0: 3 0x80002924 (0xc8265517) x10 0x48267924
core   0: 0x80002928 (0x01348a33) add     s4, s1, s3
core   0: 3 0x80002928 (0x01348a33) x20 0x93269057
core   0: 0x8000292c (0x40aa09b3) sub     s3, s4, a0
core   0: 3 0x8000292c (0x40aa09b3) x19 0x4b001733
core   0: 0x80002930 (0x40aa04b3) sub     s1, s4, a0
core   0: 3 0x80002930 (0x40aa04b3) x 9 0x4b001733
core   0: 0x80002934 (0xcfff9197) auipc   gp, 0xcfff9
core   0: 3 0x80002934 (0xcfff9197) x 3 0x4fffb934
core   0: 0x80002938 (0x5cb48513) addi    a0, s1, 1483
core   0: 3 0x80002938 (0x5cb48513) x10 0x4b001cfe
core   0: 0x8000293c (0x00350a33) add     s4, a0, gp
core   0: 3 0x8000293c (0x00350a33) x20 0x9affd632
core   0: 0x80002940 (0x413f8533) sub     a0, t6, s3
core   0: 3 0x80002940 (0x413f8533) x10 0xb4ffe8cd
core   0: 0x80002944 (0x00000013) nop
core   0: 3 0x80002944 (0x00000013)
core   0: 0x80002948 (0x404f81b3) sub     gp, t6, tp
core   0: 3 0x80002948 (0x404f81b3) x 3 0x00000000
core   0: 0x8000294c (0x00000013) nop
core   0: 3 0x8000294c (0x00000013)
core   0: 0x80002950 (0xd04af997) auipc   s3, 0xd04af
core   0: 3 0x80002950 (0xd04af997) x19 0x504b1950
core   0: 0x80002954 (0x2c798993) addi    s3, s3, 711
core   0: 3 0x80002954 (0x2c798993) x19 0x504b1c17
core   0: 0x80002958 (0x3ae20a13) addi    s4, tp, 942
core   0: 3 0x80002958 (0x3ae20a13) x20 0x000003ae
core   0: 0x8000295c (0x003201b3) add     gp, tp, gp
core   0: 3 0x8000295c (0x003201b3) x 3 0x00000000
core   0: 0x80002960 (0x235b8b93) addi    s7, s7, 565
core   0: 3 0x80002960 (0x235b8b93) x23 0xd3aa9a97
core   0: 0x80002964 (0x61f8b537) lui     a0, 0x61f8b
core   0: 3 0x80002964 (0x61f8b537) x10 0x61f8b000
core   0: 0x80002968 (0x004dd4b3) srl     s1, s11, tp
core   0: 3 0x80002968 (0x004dd4b3) x 9 0x0000012a
core   0: 0x8000296c (0xeff99597) auipc   a1, 0xeff99
core   0: 3 0x8000296c (0xeff99597) x11 0x6ff9b96c
core   0: 0x80002970 (0x01a5efb3) or      t6, a1, s10
core   0: 3 0x80002970 (0x01a5efb3) x31 0xeff9b96c
core   0: 0x80002974 (0x000118b3) sll     a7, sp, zero
core   0: 3 0x80002974 (0x000118b3) x17 0x0000ac20
core   0: 0x80002978 (0xa8d4b337) lui     t1, 0xa8d4b
core   0: 3 0x80002978 (0xa8d4b337) x 6 0xa8d4b000
core   0: 0x8000297c (0x4162da33) sra     s4, t0, s6
core   0: 3 0x8000297c (0x4162da33) x20 0xf80015ce
core   0: 0x80002980 (0x3505a313) slti    t1, a1, 848
core   0: 3 0x80002980 (0x3505a313) x 6 0x00000000
core   0: 0x80002984 (0x011c3f33) sltu    t5, s8, a7
core   0: 3 0x80002984 (0x011c3f33) x30 0x00000001
core   0: 0x80002988 (0x01eb1c33) sll     s8, s6, t5
core   0: 3 0x80002988 (0x01eb1c33) x24 0x88f4d148
core   0: 0x8000298c (0x00d59313) slli    t1, a1, 13
core   0: 3 0x8000298c (0x00d59313) x 6 0x372d8000
core   0: 0x80002990 (0x00118db3) add     s11, gp, ra
core   0: 3 0x80002990 (0x00118db3) x27 0xc993439d
core   0: 0x80002994 (0x0084deb3) srl     t4, s1, s0
core   0: 3 0x80002994 (0x0084deb3) x29 0x00000000
core   0: 0x80002998 (0x00000013) nop
core   0: 3 0x80002998 (0x00000013)
core   0: 0x8000299c (0x5b188cb7) lui     s9, 0x5b188
core   0: 3 0x8000299c (0x5b188cb7) x25 0x5b188000
core   0: 0x800029a0 (0xb6c0cc93) xori    s9, ra, -1172
core   0: 3 0x800029a0 (0xb6c0cc93) x25 0x366cb8f1
core   0: 0x800029a4 (0x26760937) lui     s2, 0x26760
core   0: 3 0x800029a4 (0x26760937) x18 0x26760000
core   0: 0x800029a8 (0x4aa80717) auipc   a4, 0x4aa80
core   0: 3 0x800029a8 (0x4aa80717) x14 0xcaa829a8
core   0: 0x800029ac (0x3b472c93) slti    s9, a4, 948
core   0: 3 0x800029ac (0x3b472c93) x25 0x00000001
core   0: 0x800029b0 (0x6f157b37) lui     s6, 0x6f157
core   0: 3 0x800029b0 (0x6f157b37) x22 0x6f157000
core   0: 0x800029b4 (0x0482a093) slti    ra, t0, 72
core   0: 3 0x800029b4 (0x0482a093) x 1 0x00000001
core   0: 0x800029b8 (0x7516fd13) andi    s10, a3, 1873
core   0: 3 0x800029b8 (0x7516fd13) x26 0x00000000
core   0: 0x800029bc (0x00000013) nop
core   0: 3 0x800029bc (0x00000013)
core   0: 0x800029c0 (0x01e9f033) and     zero, s3, t5
core   0: 3 0x800029c0 (0x01e9f033)
core   0: 0x800029c4 (0xe8b28b93) addi    s7, t0, -373
core   0: 3 0x800029c4 (0xe8b28b93) x23 0x80015b6f
core   0: 0x800029c8 (0x01c760b3) or      ra, a4, t3
core   0: 3 0x800029c8 (0x01c760b3) x 1 0xcaa829be
core   0: 0x800029cc (0x0d027797) auipc   a5, 0xd027
core   0: 3 0x800029cc (0x0d027797) x15 0x8d0299cc
core   0: 0x800029d0 (0x4047dfb3) sra     t6, a5, tp
core   0: 3 0x800029d0 (0x4047dfb3) x31 0x8d0299cc
core   0: 0x800029d4 (0x7800c113) xori    sp, ra, 1920
core   0: 3 0x800029d4 (0x7800c113) x 2 0xcaa82e3e
core   0: 0x800029d8 (0x0005f133) and     sp, a1, zero
core   0: 3 0x800029d8 (0x0005f133) x 2 0x00000000
core   0: 0x800029dc (0x01f47a33) and     s4, s0, t6
core   0: 3 0x800029dc (0x01f47a33) x20 0x8d029944
core   0: 0x800029e0 (0x004cd593) srli    a1, s9, 4
core   0: 3 0x800029e0 (0x004cd593) x11 0x00000000
core   0: 0x800029e4 (0x0022d033) srl     zero, t0, sp
core   0: 3 0x800029e4 (0x0022d033)
core   0: 0x800029e8 (0x00a9cbb3) xor     s7, s3, a0
core   0: 3 0x800029e8 (0x00a9cbb3) x23 0x31b3ac17
core   0: 0x800029ec (0x1360f013) andi    zero, ra, 310
core   0: 3 0x800029ec (0x1360f013)
core   0: 0x800029f0 (0x0119cd33) xor     s10, s3, a7
core   0: 3 0x800029f0 (0x0119cd33) x26 0x504bb037
core   0: 0x800029f4 (0xe989bd13) sltiu   s10, s3, -360
core   0: 3 0x800029f4 (0xe989bd13) x26 0x00000001
core   0: 0x800029f8 (0x410806b3) sub     a3, a6, a6
core   0: 3 0x800029f8 (0x410806b3) x13 0x00000000
core   0: 0x800029fc (0x00c49a13) slli    s4, s1, 12
core   0: 3 0x800029fc (0x00c49a13) x20 0x0012a000
core   0: 0x80002a00 (0x0083a4b3) slt     s1, t2, s0
core   0: 3 0x80002a00 (0x0083a4b3) x 9 0x00000001
core   0: 0x80002a04 (0x40f08fb3) sub     t6, ra, a5
core   0: 3 0x80002a04 (0x40f08fb3) x31 0x3da58ff2
core   0: 0x80002a08 (0x58bafcb7) lui     s9, 0x58baf
core   0: 3 0x80002a08 (0x58bafcb7) x25 0x58baf000
core   0: 0x80002a0c (0x0be0a193) slti    gp, ra, 190
core   0: 3 0x80002a0c (0x0be0a193) x 3 0x00000001
core   0: 0x80002a10 (0x015941b3) xor     gp, s2, s5
core   0: 3 0x80002a10 (0x015941b3) x 3 0xe143a228
core   0: 0x80002a14 (0xa4aefc97) auipc   s9, 0xa4aef
core   0: 3 0x80002a14 (0xa4aefc97) x25 0x24af1a14
core   0: 0x80002a18 (0xc069b117) auipc   sp, 0xc069b
core   0: 3 0x80002a18 (0xc069b117) x 2 0x4069da18
core   0: 0x80002a1c (0xb096e7b7) lui     a5, 0xb096e
core   0: 3 0x80002a1c (0xb096e7b7) x15 0xb096e000
core   0: 0x80002a20 (0x41025533) sra     a0, tp, a6
core   0: 3 0x80002a20 (0x41025533) x10 0x00000000
core   0: 0x80002a24 (0x00000013) nop
core   0: 3 0x80002a24 (0x00000013)
core   0: 0x80002a28 (0x6132ad13) slti    s10, t0, 1555
core   0: 3 0x80002a28 (0x6132ad13) x26 0x00000001
core   0: 0x80002a2c (0x0009d133) srl     sp, s3, zero
core   0: 3 0x80002a2c (0x0009d133) x 2 0x504b1c17
core   0: 0x80002a30 (0x26657913) andi    s2, a0, 614
core   0: 3 0x80002a30 (0x26657913) x18 0x00000000
core   0: 0x80002a34 (0x6dbbe593) ori     a1, s7, 1755
core   0: 3 0x80002a34 (0x6dbbe593) x11 0x31b3aedf
core   0: 0x80002a38 (0x0150acb3) slt     s9, ra, s5
core   0: 3 0x80002a38 (0x0150acb3) x25 0x00000000
core   0: 0x80002a3c (0x25d43d13) sltiu   s10, s0, 605
core   0: 3 0x80002a3c (0x25d43d13) x26 0x00000000
core   0: 0x80002a40 (0x4102d6b3) sra     a3, t0, a6
core   0: 3 0x80002a40 (0x4102d6b3) x13 0xfffff800
core   0: 0x80002a44 (0x00ef4933) xor     s2, t5, a4
core   0: 3 0x80002a44 (0x00ef4933) x18 0xcaa829a9
core   0: 0x80002a48 (0x09b7fd93) andi    s11, a5, 155
core   0: 3 0x80002a48 (0x09b7fd93) x27 0x00000000
core   0: 0x80002a4c (0x01a7d5b3) srl     a1, a5, s10
core   0: 3 0x80002a4c (0x01a7d5b3) x11 0xb096e000
core   0: 0x80002a50 (0x40ecd893) srai    a7, s9, 14
core   0: 3 0x80002a50 (0x40ecd893) x17 0x00000000
core   0: 0x80002a54 (0x69a8c117) auipc   sp, 0x69a8c
core   0: 3 0x80002a54 (0x69a8c117) x 2 0xe9a8ea54
core   0: 0x80002a58 (0xb85af013) andi    zero, s5, -1147
core   0: 3 0x80002a58 (0xb85af013)
core   0: 0x80002a5c (0x00d4d093) srli    ra, s1, 13
core   0: 3 0x80002a5c (0x00d4d093) x 1 0x00000000
core   0: 0x80002a60 (0x0048f333) and     t1, a7, tp
core   0: 3 0x80002a60 (0x0048f333) x 6 0x00000000
core   0: 0x80002a64 (0x019537b3) sltu    a5, a0, s9
core   0: 3 0x80002a64 (0x019537b3) x15 0x00000000
core   0: 0x80002a68 (0x00000013) nop
core   0: 3 0x80002a68 (0x00000013)
core   0: 0x80002a6c (0x01829313) slli    t1, t0, 24
core   0: 3 0x80002a6c (0x01829313) x 6 0xe4000000
core   0: 0x80002a70 (0x507ec313) xori    t1, t4, 1287
core   0: 3 0x80002a70 (0x507ec313) x 6 0x00000507
core   0: 0x80002a74 (0x01598533) add     a0, s3, s5
core   0: 3 0x80002a74 (0x01598533) x10 0x1780be3f
core   0: 0x80002a78 (0x0106db93) srli    s7, a3, 16
core   0: 3 0x80002a78 (0x0106db93) x23 0x0000ffff
core   0: 0x80002a7c (0x40925113) srai    sp, tp, 9
core   0: 3 0x80002a7c (0x40925113) x 2 0x00000000
core   0: 0x80002a80 (0x006097b3) sll     a5, ra, t1
core   0: 3 0x80002a80 (0x006097b3) x15 0x00000000
core   0: 0x80002a84 (0x406d5793) srai    a5, s10, 6
core   0: 3 0x80002a84 (0x406d5793) x15 0x00000000
core   0: 0x80002a88 (0x4023da33) sra     s4, t2, sp
core   0: 3 0x80002a88 (0x4023da33) x20 0x80011e64
core   0: 0x80002a8c (0xfe87d697) auipc   a3, 0xfe87d
core   0: 3 0x80002a8c (0xfe87d697) x13 0x7e87fa8c
core   0: 0x80002a90 (0x01dc4333) xor     t1, s8, t4
core   0: 3 0x80002a90 (0x01dc4333) x 6 0x88f4d148
core   0: 0x80002a94 (0x00000013) nop
core   0: 3 0x80002a94 (0x00000013)
core   0: 0x80002a98 (0x01525033) srl     zero, tp, s5
core   0: 3 0x80002a98 (0x01525033)
core   0: 0x80002a9c (0x002e2333) slt     t1, t3, sp
core   0: 3 0x80002a9c (0x002e2333) x 6 0x00000000
core   0: 0x80002aa0 (0x061a4d13) xori    s10, s4, 97
core   0: 3 0x80002aa0 (0x061a4d13) x26 0x80011e05
core   0: 0x80002aa4 (0x01bade33) srl     t3, s5, s11
core   0: 3 0x80002aa4 (0x01bade33) x28 0xc735a228
core   0: 0x80002aa8 (0x008b8f33) add     t5, s7, s0
core   0: 3 0x80002aa8 (0x008b8f33) x30 0x0000fb76
core   0: 0x80002aac (0x463ced97) auipc   s11, 0x463ce
core   0: 3 0x80002aac (0x463ced97) x27 0xc63d0aac
core   0: 0x80002ab0 (0xe7ac3193) sltiu   gp, s8, -390
core   0: 3 0x80002ab0 (0xe7ac3193) x 3 0x00000001
core   0: 0x80002ab4 (0x0198d093) srli    ra, a7, 25
core   0: 3 0x80002ab4 (0x0198d093) x 1 0x00000000
core   0: 0x80002ab8 (0x008ddc13) srli    s8, s11, 8
core   0: 3 0x80002ab8 (0x008ddc13) x24 0x00c63d0a
core   0: 0x80002abc (0x015f2733) slt     a4, t5, s5
core   0: 3 0x80002abc (0x015f2733) x14 0x00000000
core   0: 0x80002ac0 (0x4122d613) srai    a2, t0, 18
core   0: 3 0x80002ac0 (0x4122d613) x12 0xffffe000
core   0: 0x80002ac4 (0x01487b33) and     s6, a6, s4
core   0: 3 0x80002ac4 (0x01487b33) x22 0x80001024
core   0: 0x80002ac8 (0x00125333) srl     t1, tp, ra
core   0: 3 0x80002ac8 (0x00125333) x 6 0x00000000
core   0: 0x80002acc (0x007cf9b3) and     s3, s9, t2
core   0: 3 0x80002acc (0x007cf9b3) x19 0x00000000
core   0: 0x80002ad0 (0x40885333) sra     t1, a6, s0
core   0: 3 0x80002ad0 (0x40885333) x 6 0xfffffff4
core   0: 0x80002ad4 (0x007a2533) slt     a0, s4, t2
core   0: 3 0x80002ad4 (0x007a2533) x10 0x00000000
core   0: 0x80002ad8 (0x003986b3) add     a3, s3, gp
core   0: 3 0x80002ad8 (0x003986b3) x13 0x00000001
core   0: 0x80002adc (0x3c48ed93) ori     s11, a7, 964
core   0: 3 0x80002adc (0x3c48ed93) x27 0x000003c4
core   0: 0x80002ae0 (0x414cd713) srai    a4, s9, 20
core   0: 3 0x80002ae0 (0x414cd713) x14 0x00000000
core   0: 0x80002ae4 (0x34a8aab7) lui     s5, 0x34a8a
core   0: 3 0x80002ae4 (0x34a8aab7) x21 0x34a8a000
core   0: 0x80002ae8 (0x00000013) nop
core   0: 3 0x80002ae8 (0x00000013)
core   0: 0x80002aec (0x01fc36b3) sltu    a3, s8, t6
core   0: 3 0x80002aec (0x01fc36b3) x13 0x00000001
core   0: 0x80002af0 (0x0000a9b3) slt     s3, ra, zero
core   0: 3 0x80002af0 (0x0000a9b3) x19 0x00000000
core   0: 0x80002af4 (0x00041ab3) sll     s5, s0, zero
core   0: 3 0x80002af4 (0x00041ab3) x21 0xfffffb77
core   0: 0x80002af8 (0x0079a033) slt     zero, s3, t2
core   0: 3 0x80002af8 (0x0079a033)
core   0: 0x80002afc (0x40995213) srai    tp, s2, 9
core   0: 3 0x80002afc (0x40995213) x 4 0xffe55414
core   0: 0x80002b00 (0x00f5df93) srli    t6, a1, 15
core   0: 3 0x80002b00 (0x00f5df93) x31 0x0001612d
core   0: 0x80002b04 (0x0032b733) sltu    a4, t0, gp
core   0: 3 0x80002b04 (0x0032b733) x14 0x00000000
core   0: 0x80002b08 (0x779faeb7) lui     t4, 0x779fa
core   0: 3 0x80002b08 (0x779faeb7) x29 0x779fa000
core   0: 0x80002b0c (0xa7d81eb7) lui     t4, 0xa7d81
core   0: 3 0x80002b0c (0xa7d81eb7) x29 0xa7d81000
core   0: 0x80002b10 (0x40278233) sub     tp, a5, sp
core   0: 3 0x80002b10 (0x40278233) x 4 0x00000000
core   0: 0x80002b14 (0x011e0433) add     s0, t3, a7
core   0: 3 0x80002b14 (0x011e0433) x 8 0xc735a228
core   0: 0x80002b18 (0x00f3bbb3) sltu    s7, t2, a5
core   0: 3 0x80002b18 (0x00f3bbb3) x23 0x00000000
core   0: 0x80002b1c (0x00ee3733) sltu    a4, t3, a4
core   0: 3 0x80002b1c (0x00ee3733) x14 0x00000000
core   0: 0x80002b20 (0x40ca8f33) sub     t5, s5, a2
core   0: 3 0x80002b20 (0x40ca8f33) x30 0x00001b77
core   0: 0x80002b24 (0x002f1d93) slli    s11, t5, 2
core   0: 3 0x80002b24 (0x002f1d93) x27 0x00006ddc
core   0: 0x80002b28 (0x014b35b3) sltu    a1, s6, s4
core   0: 3 0x80002b28 (0x014b35b3) x11 0x00000001
core   0: 0x80002b2c (0x40a15793) srai    a5, sp, 10
core   0: 3 0x80002b2c (0x40a15793) x15 0x00000000
core   0: 0x80002b30 (0x56f65597) auipc   a1, 0x56f65
core   0: 3 0x80002b30 (0x56f65597) x11 0xd6f67b30
core   0: 0x80002b34 (0x00121a13) slli    s4, tp, 1
core   0: 3 0x80002b34 (0x00121a13) x20 0x00000000
core   0: 0x80002b38 (0x01c75493) srli    s1, a4, 28
core   0: 3 0x80002b38 (0x01c75493) x 9 0x00000000
core   0: 0x80002b3c (0x41765433) sra     s0, a2, s7
core   0: 3 0x80002b3c (0x41765433) x 8 0xffffe000
core   0: 0x80002b40 (0x40f05e13) srai    t3, zero, 15
core   0: 3 0x80002b40 (0x40f05e13) x28 0x00000000
core   0: 0x80002b44 (0x01664fb3) xor     t6, a2, s6
core   0: 3 0x80002b44 (0x01664fb3) x31 0x7ffff024
core   0: 0x80002b48 (0x0187da93) srli    s5, a5, 24
core   0: 3 0x80002b48 (0x0187da93) x21 0x00000000
core   0: 0x80002b4c (0x18b2e793) ori     a5, t0, 395
core   0: 3 0x80002b4c (0x18b2e793) x15 0x80015def
core   0: 0x80002b50 (0x00d5e533) or      a0, a1, a3
core   0: 3 0x80002b50 (0x00d5e533) x10 0xd6f67b31
core   0: 0x80002b54 (0x8edcf013) andi    zero, s9, -1811
core   0: 3 0x80002b54 (0x8edcf013)
core   0: 0x80002b58 (0x40058cb3) sub     s9, a1, zero
core   0: 3 0x80002b58 (0x40058cb3) x25 0xd6f67b30
core   0: 0x80002b5c (0x9b740593) addi    a1, s0, -1609
core   0: 3 0x80002b5c (0x9b740593) x11 0xffffd9b7
core   0: 0x80002b60 (0x77afb017) auipc   zero, 0x77afb
core   0: 3 0x80002b60 (0x77afb017)
core   0: 0x80002b64 (0x01c75db3) srl     s11, a4, t3
core   0: 3 0x80002b64 (0x01c75db3) x27 0x00000000
core   0: 0x80002b68 (0x016ad133) srl     sp, s5, s6
core   0: 3 0x80002b68 (0x016ad133) x 2 0x00000000
core   0: 0x80002b6c (0x0120da33) srl     s4, ra, s2
core   0: 3 0x80002b6c (0x0120da33) x20 0x00000000
core   0: 0x80002b70 (0x839e6e13) ori     t3, t3, -1991
core   0: 3 0x80002b70 (0x839e6e13) x28 0xfffff839
core   0: 0x80002b74 (0xa5606b93) ori     s7, zero, -1450
core   0: 3 0x80002b74 (0xa5606b93) x23 0xfffffa56
core   0: 0x80002b78 (0x00f0f033) and     zero, ra, a5
core   0: 3 0x80002b78 (0x00f0f033)
core   0: 0x80002b7c (0x40c25213) srai    tp, tp, 12
core   0: 3 0x80002b7c (0x40c25213) x 4 0x00000000
core   0: 0x80002b80 (0x36dc3b13) sltiu   s6, s8, 877
core   0: 3 0x80002b80 (0x36dc3b13) x22 0x00000000
core   0: 0x80002b84 (0xdd46e493) ori     s1, a3, -556
core   0: 3 0x80002b84 (0xdd46e493) x 9 0xfffffdd5
core   0: 0x80002b88 (0x00f32c33) slt     s8, t1, a5
core   0: 3 0x80002b88 (0x00f32c33) x24 0x00000000
core   0: 0x80002b8c (0x4004deb3) sra     t4, s1, zero
core   0: 3 0x80002b8c (0x4004deb3) x29 0xfffffdd5
core   0: 0x80002b90 (0xfb29f793) andi    a5, s3, -78
core   0: 3 0x80002b90 (0xfb29f793) x15 0x00000000
core   0: 0x80002b94 (0x8196cd93) xori    s11, a3, -2023
core   0: 3 0x80002b94 (0x8196cd93) x27 0xfffff818
core   0: 0x80002b98 (0x2f193f93) sltiu   t6, s2, 753
core   0: 3 0x80002b98 (0x2f193f93) x31 0x00000000
core   0: 0x80002b9c (0x00e81113) slli    sp, a6, 14
core   0: 3 0x80002b9c (0x00e81113) x 2 0x142d0000
core   0: 0x80002ba0 (0x000ad493) srli    s1, s5, 0
core   0: 3 0x80002ba0 (0x000ad493) x 9 0x00000000
core   0: 0x80002ba4 (0x01467db3) and     s11, a2, s4
core   0: 3 0x80002ba4 (0x01467db3) x27 0x00000000
core   0: 0x80002ba8 (0x01f15893) srli    a7, sp, 31
core   0: 3 0x80002ba8 (0x01f15893) x17 0x00000000
core   0: 0x80002bac (0x00000013) nop
core   0: 3 0x80002bac (0x00000013)
core   0: 0x80002bb0 (0x0164ecb3) or      s9, s1, s6
core   0: 3 0x80002bb0 (0x0164ecb3) x25 0x00000000
core   0: 0x80002bb4 (0x5e843ab7) lui     s5, 0x5e843
core   0: 3 0x80002bb4 (0x5e843ab7) x21 0x5e843000
core   0: 0x80002bb8 (0x30f2bf93) sltiu   t6, t0, 783
core   0: 3 0x80002bb8 (0x30f2bf93) x31 0x00000000
core   0: 0x80002bbc (0x0004ff33) and     t5, s1, zero
core   0: 3 0x80002bbc (0x0004ff33) x30 0x00000000
core   0: 0x80002bc0 (0xffcdf197) auipc   gp, 0xffcdf
core   0: 3 0x80002bc0 (0xffcdf197) x 3 0x7fce1bc0
core   0: 0x80002bc4 (0x000db5b3) sltu    a1, s11, zero
core   0: 3 0x80002bc4 (0x000db5b3) x11 0x00000000
core   0: 0x80002bc8 (0x0177d793) srli    a5, a5, 23
core   0: 3 0x80002bc8 (0x0177d793) x15 0x00000000
core   0: 0x80002bcc (0x73ae6e13) ori     t3, t3, 1850
core   0: 3 0x80002bcc (0x73ae6e13) x28 0xffffff3b
core   0: 0x80002bd0 (0x40978fb3) sub     t6, a5, s1
core   0: 3 0x80002bd0 (0x40978fb3) x31 0x00000000
core   0: 0x80002bd4 (0x7c6ac913) xori    s2, s5, 1990
core   0: 3 0x80002bd4 (0x7c6ac913) x18 0x5e8437c6
core   0: 0x80002bd8 (0x010a0ab3) add     s5, s4, a6
core   0: 3 0x80002bd8 (0x010a0ab3) x21 0xfa4450b4
core   0: 0x80002bdc (0x00715c33) srl     s8, sp, t2
core   0: 3 0x80002bdc (0x00715c33) x24 0x0142d000
core   0: 0x80002be0 (0x22e6a993) slti    s3, a3, 558
core   0: 3 0x80002be0 (0x22e6a993) x19 0x00000001
core   0: 0x80002be4 (0x96117413) andi    s0, sp, -1695
core   0: 3 0x80002be4 (0x96117413) x 8 0x142d0000
core   0: 0x80002be8 (0x0030ee33) or      t3, ra, gp
core   0: 3 0x80002be8 (0x0030ee33) x28 0x7fce1bc0
core   0: 0x80002bec (0x01f70733) add     a4, a4, t6
core   0: 3 0x80002bec (0x01f70733) x14 0x00000000
core   0: 0x80002bf0 (0x01c96633) or      a2, s2, t3
core   0: 3 0x80002bf0 (0x01c96633) x12 0x7fce3fc6
core   0: 0x80002bf4 (0x0cc57693) andi    a3, a0, 204
core   0: 3 0x80002bf4 (0x0cc57693) x13 0x00000000
core   0: 0x80002bf8 (0xa54e1fb7) lui     t6, 0xa54e1
core   0: 3 0x80002bf8 (0xa54e1fb7) x31 0xa54e1000
core   0: 0x80002bfc (0xaa3cc997) auipc   s3, 0xaa3cc
core   0: 3 0x80002bfc (0xaa3cc997) x19 0x2a3cebfc
core   0: 0x80002c00 (0x00615ab3) srl     s5, sp, t1
core   0: 3 0x80002c00 (0x00615ab3) x21 0x00000142
core   0: 0x80002c04 (0x014a9bb3) sll     s7, s5, s4
core   0: 3 0x80002c04 (0x014a9bb3) x23 0x00000142
core   0: 0x80002c08 (0x0133f733) and     a4, t2, s3
core   0: 3 0x80002c08 (0x0133f733) x14 0x00000a64
core   0: 0x80002c0c (0x84e17c97) auipc   s9, 0x84e17
core   0: 3 0x80002c0c (0x84e17c97) x25 0x04e19c0c
core   0: 0x80002c10 (0x0078f933) and     s2, a7, t2
core   0: 3 0x80002c10 (0x0078f933) x18 0x00000000
core   0: 0x80002c14 (0x4089d893) srai    a7, s3, 8
core   0: 3 0x80002c14 (0x4089d893) x17 0x002a3ceb
core   0: 0x80002c18 (0xd5547d13) andi    s10, s0, -683
core   0: 3 0x80002c18 (0xd5547d13) x26 0x142d0000
core   0: 0x80002c1c (0x68cb7693) andi    a3, s6, 1676
core   0: 3 0x80002c1c (0x68cb7693) x13 0x00000000
core   0: 0x80002c20 (0x00000013) nop
core   0: 3 0x80002c20 (0x00000013)
core   0: 0x80002c24 (0x412ed033) sra     zero, t4, s2
core   0: 3 0x80002c24 (0x412ed033)
core   0: 0x80002c28 (0x0133b6b3) sltu    a3, t2, s3
core   0: 3 0x80002c28 (0x0133b6b3) x13 0x00000000
core   0: 0x80002c2c (0xcee56893) ori     a7, a0, -786
core   0: 3 0x80002c2c (0xcee56893) x17 0xffffffff
core   0: 0x80002c30 (0x00fc19b3) sll     s3, s8, a5
core   0: 3 0x80002c30 (0x00fc19b3) x19 0x0142d000
core   0: 0x80002c34 (0x01505733) srl     a4, zero, s5
core   0: 3 0x80002c34 (0x01505733) x14 0x00000000
core   0: 0x80002c38 (0x77df0b13) addi    s6, t5, 1917
core   0: 3 0x80002c38 (0x77df0b13) x22 0x0000077d
core   0: 0x80002c3c (0x012dfd33) and     s10, s11, s2
core   0: 3 0x80002c3c (0x012dfd33) x26 0x00000000
core   0: 0x80002c40 (0x00000013) nop
core   0: 3 0x80002c40 (0x00000013)
core   0: 0x80002c44 (0x016ec233) xor     tp, t4, s6
core   0: 3 0x80002c44 (0x016ec233) x 4 0xfffffaa8
core   0: 0x80002c48 (0x40525eb3) sra     t4, tp, t0
core   0: 3 0x80002c48 (0x40525eb3) x29 0xffffffaa
core   0: 0x80002c4c (0x00000013) nop
core   0: 3 0x80002c4c (0x00000013)
core   0: 0x80002c50 (0x003ad013) srli    zero, s5, 3
core   0: 3 0x80002c50 (0x003ad013)
core   0: 0x80002c54 (0x00000013) nop
core   0: 3 0x80002c54 (0x00000013)
core   0: 0x80002c58 (0x00000013) nop
core   0: 3 0x80002c58 (0x00000013)
core   0: 0x80002c5c (0x009afa33) and     s4, s5, s1
core   0: 3 0x80002c5c (0x009afa33) x20 0x00000000
core   0: 0x80002c60 (0x01071c93) slli    s9, a4, 16
core   0: 3 0x80002c60 (0x01071c93) x25 0x00000000
core   0: 0x80002c64 (0x38cb7e13) andi    t3, s6, 908
core   0: 3 0x80002c64 (0x38cb7e13) x28 0x0000030c
core   0: 0x80002c68 (0x015e9013) slli    zero, t4, 21
core   0: 3 0x80002c68 (0x015e9013)
core   0: 0x80002c6c (0x00000013) nop
core   0: 3 0x80002c6c (0x00000013)
core   0: 0x80002c70 (0x01d06c33) or      s8, zero, t4
core   0: 3 0x80002c70 (0x01d06c33) x24 0xffffffaa
core   0: 0x80002c74 (0x637e0417) auipc   s0, 0x637e0
core   0: 3 0x80002c74 (0x637e0417) x 8 0xe37e2c74
core   0: 0x80002c78 (0x00113033) sltu    zero, sp, ra
core   0: 3 0x80002c78 (0x00113033)
core   0: 0x80002c7c (0x305fe613) ori     a2, t6, 773
core   0: 3 0x80002c7c (0x305fe613) x12 0xa54e1305
core   0: 0x80002c80 (0xc7fd6eb7) lui     t4, 0xc7fd6
core   0: 3 0x80002c80 (0xc7fd6eb7) x29 0xc7fd6000
core   0: 0x80002c84 (0x010f5c13) srli    s8, t5, 16
core   0: 3 0x80002c84 (0x010f5c13) x24 0x00000000
core   0: 0x80002c88 (0x00b5e7b3) or      a5, a1, a1
core   0: 3 0x80002c88 (0x00b5e7b3) x15 0x00000000
core   0: 0x80002c8c (0x415e5f33) sra     t5, t3, s5
core   0: 3 0x80002c8c (0x415e5f33) x30 0x000000c3
core   0: 0x80002c90 (0x011bd7b3) srl     a5, s7, a7
core   0: 3 0x80002c90 (0x011bd7b3) x15 0x00000000
core   0: 0x80002c94 (0x004db133) sltu    sp, s11, tp
core   0: 3 0x80002c94 (0x004db133) x 2 0x00000001
core   0: 0x80002c98 (0x00d00f33) add     t5, zero, a3
core   0: 3 0x80002c98 (0x00d00f33) x30 0x00000000
core   0: 0x80002c9c (0x007bd5b3) srl     a1, s7, t2
core   0: 3 0x80002c9c (0x007bd5b3) x11 0x00000014
core   0: 0x80002ca0 (0x01c59613) slli    a2, a1, 28
core   0: 3 0x80002ca0 (0x01c59613) x12 0x40000000
core   0: 0x80002ca4 (0x40b95913) srai    s2, s2, 11
core   0: 3 0x80002ca4 (0x40b95913) x18 0x00000000
core   0: 0x80002ca8 (0x01244933) xor     s2, s0, s2
core   0: 3 0x80002ca8 (0x01244933) x18 0xe37e2c74
core   0: 0x80002cac (0xa5b4cd13) xori    s10, s1, -1445
core   0: 3 0x80002cac (0xa5b4cd13) x26 0xfffffa5b
core   0: 0x80002cb0 (0x00512bb3) slt     s7, sp, t0
core   0: 3 0x80002cb0 (0x00512bb3) x23 0x00000000
core   0: 0x80002cb4 (0x41785113) srai    sp, a6, 23
core   0: 3 0x80002cb4 (0x41785113) x 2 0xfffffff4
core   0: 0x80002cb8 (0x483eec97) auipc   s9, 0x483ee
core   0: 3 0x80002cb8 (0x483eec97) x25 0xc83f0cb8
core   0: 0x80002cbc (0x005238b3) sltu    a7, tp, t0
core   0: 3 0x80002cbc (0x005238b3) x17 0x00000000
core   0: 0x80002cc0 (0x01a5a5b3) slt     a1, a1, s10
core   0: 3 0x80002cc0 (0x01a5a5b3) x11 0x00000000
core   0: 0x80002cc4 (0xadb58c93) addi    s9, a1, -1317
core   0: 3 0x80002cc4 (0xadb58c93) x25 0xfffffadb
core   0: 0x80002cc8 (0x0085c233) xor     tp, a1, s0
core   0: 3 0x80002cc8 (0x0085c233) x 4 0xe37e2c74
core   0: 0x80002ccc (0x18686893) ori     a7, a6, 390
core   0: 3 0x80002ccc (0x18686893) x17 0xfa4451b6
core   0: 0x80002cd0 (0x00845013) srli    zero, s0, 8
core   0: 3 0x80002cd0 (0x00845013)
core   0: 0x80002cd4 (0x01ba5793) srli    a5, s4, 27
core   0: 3 0x80002cd4 (0x01ba5793) x15 0x00000000
core   0: 0x80002cd8 (0x54ae6917) auipc   s2, 0x54ae6
core   0: 3 0x80002cd8 (0x54ae6917) x18 0xd4ae8cd8
core   0: 0x80002cdc (0x018e40b3) xor     ra, t3, s8
core   0: 3 0x80002cdc (0x018e40b3) x 1 0x0000030c
core   0: 0x80002ce0 (0x36023997) auipc   s3, 0x36023
core   0: 3 0x80002ce0 (0x36023997) x19 0xb6025ce0
core   0: 0x80002ce4 (0x01dd9933) sll     s2, s11, t4
core   0: 3 0x80002ce4 (0x01dd9933) x18 0x00000000
core   0: 0x80002ce8 (0x00000013) nop
core   0: 3 0x80002ce8 (0x00000013)
core   0: 0x80002cec (0x00000013) nop
core   0: 3 0x80002cec (0x00000013)
core   0: 0x80002cf0 (0x06668413) addi    s0, a3, 102
core   0: 3 0x80002cf0 (0x06668413) x 8 0x00000066
core   0: 0x80002cf4 (0x00743933) sltu    s2, s0, t2
core   0: 3 0x80002cf4 (0x00743933) x18 0x00000001
core   0: 0x80002cf8 (0xe2aa8e13) addi    t3, s5, -470
core   0: 3 0x80002cf8 (0xe2aa8e13) x28 0xffffff6c
core   0: 0x80002cfc (0x007a1693) slli    a3, s4, 7
core   0: 3 0x80002cfc (0x007a1693) x13 0x00000000
core   0: 0x80002d00 (0x0131ba33) sltu    s4, gp, s3
core   0: 3 0x80002d00 (0x0131ba33) x20 0x00000001
core   0: 0x80002d04 (0x7af38793) addi    a5, t2, 1967
core   0: 3 0x80002d04 (0x7af38793) x15 0x80012613
core   0: 0x80002d08 (0x01057e33) and     t3, a0, a6
core   0: 3 0x80002d08 (0x01057e33) x28 0xd2445030
core   0: 0x80002d0c (0xad90a8b7) lui     a7, 0xad90a
core   0: 3 0x80002d0c (0xad90a8b7) x17 0xad90a000
core   0: 0x80002d10 (0x01571b93) slli    s7, a4, 21
core   0: 3 0x80002d10 (0x01571b93) x23 0x00000000
core   0: 0x80002d14 (0xe3302c93) slti    s9, zero, -461
core   0: 3 0x80002d14 (0xe3302c93) x25 0x00000000
core   0: 0x80002d18 (0x01f1e233) or      tp, gp, t6
core   0: 3 0x80002d18 (0x01f1e233) x 4 0xffce1bc0
core   0: 0x80002d1c (0xa1b5bc93) sltiu   s9, a1, -1509
core   0: 3 0x80002d1c (0xa1b5bc93) x25 0x00000001
core   0: 0x80002d20 (0x00136e33) or      t3, t1, ra
core   0: 3 0x80002d20 (0x00136e33) x28 0xfffffffc
core   0: 0x80002d24 (0x4110d193) srai    gp, ra, 17
core   0: 3 0x80002d24 (0x4110d193) x 3 0x00000000
core   0: 0x80002d28 (0x00f2f533) and     a0, t0, a5
core   0: 3 0x80002d28 (0x00f2f533) x10 0x80010400
core   0: 0x80002d2c (0x0062c0b3) xor     ra, t0, t1
core   0: 3 0x80002d2c (0x0062c0b3) x 1 0x7ffea310
core   0: 0x80002d30 (0x03a77693) andi    a3, a4, 58
core   0: 3 0x80002d30 (0x03a77693) x13 0x00000000
core   0: 0x80002d34 (0xd750f513) andi    a0, ra, -651
core   0: 3 0x80002d34 (0xd750f513) x10 0x7ffea110
core   0: 0x80002d38 (0x00000013) nop
core   0: 3 0x80002d38 (0x00000013)
core   0: 0x80002d3c (0x40fbd7b3) sra     a5, s7, a5
core   0: 3 0x80002d3c (0x40fbd7b3) x15 0x00000000
core   0: 0x80002d40 (0x61238093) addi    ra, t2, 1554
core   0: 3 0x80002d40 (0x61238093) x 1 0x80012476
core   0: 0x80002d44 (0x41b5de13) srai    t3, a1, 27
core   0: 3 0x80002d44 (0x41b5de13) x28 0x00000000
core   0: 0x80002d48 (0x9ddebb13) sltiu   s6, t4, -1571
core   0: 3 0x80002d48 (0x9ddebb13) x22 0x00000001
core   0: 0x80002d4c (0x002b69b3) or      s3, s6, sp
core   0: 3 0x80002d4c (0x002b69b3) x19 0xfffffff5
core   0: 0x80002d50 (0xa0b67013) andi    zero, a2, -1525
core   0: 3 0x80002d50 (0xa0b67013)
core   0: 0x80002d54 (0x40080b33) sub     s6, a6, zero
core   0: 3 0x80002d54 (0x40080b33) x22 0xfa4450b4
core   0: 0x80002d58 (0xf5123613) sltiu   a2, tp, -175
core   0: 3 0x80002d58 (0xf5123613) x12 0x00000001
core   0: 0x80002d5c (0x023a2d97) auipc   s11, 0x23a2
core   0: 3 0x80002d5c (0x023a2d97) x27 0x823a4d5c
core   0: 0x80002d60 (0x472a7737) lui     a4, 0x472a7
core   0: 3 0x80002d60 (0x472a7737) x14 0x472a7000
core   0: 0x80002d64 (0x4143d013) srai    zero, t2, 20
core   0: 3 0x80002d64 (0x4143d013)
core   0: 0x80002d68 (0x41be89b3) sub     s3, t4, s11
core   0: 3 0x80002d68 (0x41be89b3) x19 0x45c312a4
core   0: 0x80002d6c (0x002e88b3) add     a7, t4, sp
core   0: 3 0x80002d6c (0x002e88b3) x17 0xc7fd5ff4
core   0: 0x80002d70 (0x00d046b3) xor     a3, zero, a3
core   0: 3 0x80002d70 (0x00d046b3) x13 0x00000000
core   0: 0x80002d74 (0x00df1313) slli    t1, t5, 13
core   0: 3 0x80002d74 (0x00df1313) x 6 0x00000000
core   0: 0x80002d78 (0x00cfac33) slt     s8, t6, a2
core   0: 3 0x80002d78 (0x00cfac33) x24 0x00000001
core   0: 0x80002d7c (0x005025b3) slt     a1, zero, t0
core   0: 3 0x80002d7c (0x005025b3) x11 0x00000000
core   0: 0x80002d80 (0x41358533) sub     a0, a1, s3
core   0: 3 0x80002d80 (0x41358533) x10 0xba3ced5c
core   0: 0x80002d84 (0x26427c93) andi    s9, tp, 612
core   0: 3 0x80002d84 (0x26427c93) x25 0x00000240
core   0: 0x80002d88 (0x405fd013) srai    zero, t6, 5
core   0: 3 0x80002d88 (0x405fd013)
core   0: 0x80002d8c (0x00b38333) add     t1, t2, a1
core   0: 3 0x80002d8c (0x00b38333) x 6 0x80011e64
core   0: 0x80002d90 (0x00051e33) sll     t3, a0, zero
core   0: 3 0x80002d90 (0x00051e33) x28 0xba3ced5c
core   0: 0x80002d94 (0x411d5a13) srai    s4, s10, 17
core   0: 3 0x80002d94 (0x411d5a13) x20 0xffffffff
core   0: 0x80002d98 (0xb69bcd93) xori    s11, s7, -1175
core   0: 3 0x80002d98 (0xb69bcd93) x27 0xfffffb69
core   0: 0x80002d9c (0x3e65a313) slti    t1, a1, 998
core   0: 3 0x80002d9c (0x3e65a313) x 6 0x00000001
core   0: 0x80002da0 (0x010b1493) slli    s1, s6, 16
core   0: 3 0x80002da0 (0x010b1493) x 9 0x50b40000
core   0: 0x80002da4 (0xcde23613) sltiu   a2, tp, -802
core   0: 3 0x80002da4 (0xcde23613) x12 0x00000001
core   0: 0x80002da8 (0x00000013) nop
core   0: 3 0x80002da8 (0x00000013)
core   0: 0x80002dac (0x4ab20f13) addi    t5, tp, 1195
core   0: 3 0x80002dac (0x4ab20f13) x30 0xffce206b
core   0: 0x80002db0 (0x1aa8ac37) lui     s8, 0x1aa8a
core   0: 3 0x80002db0 (0x1aa8ac37) x24 0x1aa8a000
core   0: 0x80002db4 (0x0046f033) and     zero, a3, tp
core   0: 3 0x80002db4 (0x0046f033)
core   0: 0x80002db8 (0x00000013) nop
core   0: 3 0x80002db8 (0x00000013)
core   0: 0x80002dbc (0x00c45213) srli    tp, s0, 12
core   0: 3 0x80002dbc (0x00c45213) x 4 0x00000000
core   0: 0x80002dc0 (0x01dfdc33) srl     s8, t6, t4
core   0: 3 0x80002dc0 (0x01dfdc33) x24 0xa54e1000
core   0: 0x80002dc4 (0x3f8d50b7) lui     ra, 0x3f8d5
core   0: 3 0x80002dc4 (0x3f8d50b7) x 1 0x3f8d5000
core   0: 0x80002dc8 (0x003f1db3) sll     s11, t5, gp
core   0: 3 0x80002dc8 (0x003f1db3) x27 0xffce206b
core   0: 0x80002dcc (0xb3758513) addi    a0, a1, -1225
core   0: 3 0x80002dcc (0xb3758513) x10 0xfffffb37
core   0: 0x80002dd0 (0x0033afb3) slt     t6, t2, gp
core   0: 3 0x80002dd0 (0x0033afb3) x31 0x00000001
core   0: 0x80002dd4 (0x0038c233) xor     tp, a7, gp
core   0: 3 0x80002dd4 (0x0038c233) x 4 0xc7fd5ff4
core   0: 0x80002dd8 (0x00000013) nop
core   0: 3 0x80002dd8 (0x00000013)
core   0: 0x80002ddc (0x015720b3) slt     ra, a4, s5
core   0: 3 0x80002ddc (0x015720b3) x 1 0x00000000
core   0: 0x80002de0 (0x002481b3) add     gp, s1, sp
core   0: 3 0x80002de0 (0x002481b3) x 3 0x50b3fff4
core   0: 0x80002de4 (0x00000013) nop
core   0: 3 0x80002de4 (0x00000013)
core   0: 0x80002de8 (0x002c6eb3) or      t4, s8, sp
core   0: 3 0x80002de8 (0x002c6eb3) x29 0xfffffff4
core   0: 0x80002dec (0x464ecb93) xori    s7, t4, 1124
core   0: 3 0x80002dec (0x464ecb93) x23 0xfffffb90
core   0: 0x80002df0 (0x00e8a433) slt     s0, a7, a4
core   0: 3 0x80002df0 (0x00e8a433) x 8 0x00000001
core   0: 0x80002df4 (0x89667597) auipc   a1, 0x89667
core   0: 3 0x80002df4 (0x89667597) x11 0x09669df4
core   0: 0x80002df8 (0x00383db3) sltu    s11, a6, gp
core   0: 3 0x80002df8 (0x00383db3) x27 0x00000000
core   0: 0x80002dfc (0x00bd18b3) sll     a7, s10, a1
core   0: 3 0x80002dfc (0x00bd18b3) x17 0xa5b00000
core   0: 0x80002e00 (0x005ff7b3) and     a5, t6, t0
core   0: 3 0x80002e00 (0x005ff7b3) x15 0x00000000
core   0: 0x80002e04 (0x9e53b613) sltiu   a2, t2, -1563
core   0: 3 0x80002e04 (0x9e53b613) x12 0x00000001
core   0: 0x80002e08 (0x012d5013) srli    zero, s10, 18
core   0: 3 0x80002e08 (0x012d5013)
core   0: 0x80002e0c (0x40fa5b33) sra     s6, s4, a5
core   0: 3 0x80002e0c (0x40fa5b33) x22 0xffffffff
core   0: 0x80002e10 (0x32e399b7) lui     s3, 0x32e39
core   0: 3 0x80002e10 (0x32e399b7) x19 0x32e39000
core   0: 0x80002e14 (0x90d6b093) sltiu   ra, a3, -1779
core   0: 3 0x80002e14 (0x90d6b093) x 1 0x00000001
core   0: 0x80002e18 (0x4145dd33) sra     s10, a1, s4
core   0: 3 0x80002e18 (0x4145dd33) x26 0x00000000
core   0: 0x80002e1c (0x01af3cb3) sltu    s9, t5, s10
core   0: 3 0x80002e1c (0x01af3cb3) x25 0x00000000
core   0: 0x80002e20 (0x008a1e33) sll     t3, s4, s0
core   0: 3 0x80002e20 (0x008a1e33) x28 0xfffffffe
core   0: 0x80002e24 (0x00711b33) sll     s6, sp, t2
core   0: 3 0x80002e24 (0x00711b33) x22 0xffffff40
core   0: 0x80002e28 (0x004a2bb3) slt     s7, s4, tp
core   0: 3 0x80002e28 (0x004a2bb3) x23 0x00000000
core   0: 0x80002e2c (0x41f9de13) srai    t3, s3, 31
core   0: 3 0x80002e2c (0x41f9de13) x28 0x00000000
core   0: 0x80002e30 (0x01335113) srli    sp, t1, 19
core   0: 3 0x80002e30 (0x01335113) x 2 0x00000000
core   0: 0x80002e34 (0xcef2e893) ori     a7, t0, -785
core   0: 3 0x80002e34 (0xcef2e893) x17 0xfffffcef
core   0: 0x80002e38 (0xc6093713) sltiu   a4, s2, -928
core   0: 3 0x80002e38 (0xc6093713) x14 0x00000001
core   0: 0x80002e3c (0x00c19133) sll     sp, gp, a2
core   0: 3 0x80002e3c (0x00c19133) x 2 0xa167ffe8
core   0: 0x80002e40 (0x240c5d37) lui     s10, 0x240c5
core   0: 3 0x80002e40 (0x240c5d37) x26 0x240c5000
core   0: 0x80002e44 (0x008f36b3) sltu    a3, t5, s0
core   0: 3 0x80002e44 (0x008f36b3) x13 0x00000000
core   0: 0x80002e48 (0x80d98017) auipc   zero, 0x80d98
core   0: 3 0x80002e48 (0x80d98017)
core   0: 0x80002e4c (0xf1277c13) andi    s8, a4, -238
core   0: 3 0x80002e4c (0xf1277c13) x24 0x00000000
core   0: 0x80002e50 (0x0060fd33) and     s10, ra, t1
core   0: 3 0x80002e50 (0x0060fd33) x26 0x00000001
core   0: 0x80002e54 (0x89736193) ori     gp, t1, -1897
core   0: 3 0x80002e54 (0x89736193) x 3 0xfffff897
core   0: 0x80002e58 (0x00dadb33) srl     s6, s5, a3
core   0: 3 0x80002e58 (0x00dadb33) x22 0x00000142
core   0: 0x80002e5c (0x7f42fe93) andi    t4, t0, 2036
core   0: 3 0x80002e5c (0x7f42fe93) x29 0x000004e4
core   0: 0x80002e60 (0x87138113) addi    sp, t2, -1935
core   0: 3 0x80002e60 (0x87138113) x 2 0x800116d5
core   0: 0x80002e64 (0x006a57b3) srl     a5, s4, t1
core   0: 3 0x80002e64 (0x006a57b3) x15 0x7fffffff
core   0: 0x80002e68 (0x1319b013) sltiu   zero, s3, 305
core   0: 3 0x80002e68 (0x1319b013)
core   0: 0x80002e6c (0x0003d5b3) srl     a1, t2, zero
core   0: 3 0x80002e6c (0x0003d5b3) x11 0x80011e64
core   0: 0x80002e70 (0x013ce033) or      zero, s9, s3
core   0: 3 0x80002e70 (0x013ce033)
core   0: 0x80002e74 (0xae4bb213) sltiu   tp, s7, -1308
core   0: 3 0x80002e74 (0xae4bb213) x 4 0x00000001
core   0: 0x80002e78 (0x00b3eab3) or      s5, t2, a1
core   0: 3 0x80002e78 (0x00b3eab3) x21 0x80011e64
core   0: 0x80002e7c (0xe45fbf93) sltiu   t6, t6, -443
core   0: 3 0x80002e7c (0xe45fbf93) x31 0x00000001
core   0: 0x80002e80 (0x41c15bb3) sra     s7, sp, t3
core   0: 3 0x80002e80 (0x41c15bb3) x23 0x800116d5
core   0: 0x80002e84 (0x402c0eb3) sub     t4, s8, sp
core   0: 3 0x80002e84 (0x402c0eb3) x29 0x7ffee92b
core   0: 0x80002e88 (0x00b29c33) sll     s8, t0, a1
core   0: 3 0x80002e88 (0x00b29c33) x24 0x0015ce40
core   0: 0x80002e8c (0x00507ab3) and     s5, zero, t0
core   0: 3 0x80002e8c (0x00507ab3) x21 0x00000000
core   0: 0x80002e90 (0x0043a0b3) slt     ra, t2, tp
core   0: 3 0x80002e90 (0x0043a0b3) x 1 0x00000001
core   0: 0x80002e94 (0x0133da93) srli    s5, t2, 19
core   0: 3 0x80002e94 (0x0133da93) x21 0x00001000
core   0: 0x80002e98 (0x6e917d93) andi    s11, sp, 1769
core   0: 3 0x80002e98 (0x6e917d93) x27 0x000006c1
core   0: 0x80002e9c (0x01ff16b3) sll     a3, t5, t6
core   0: 3 0x80002e9c (0x01ff16b3) x13 0xff9c40d6
core   0: 0x80002ea0 (0x00000013) nop
core   0: 3 0x80002ea0 (0x00000013)
core   0: 0x80002ea4 (0x2893ec93) ori     s9, t2, 649
core   0: 3 0x80002ea4 (0x2893ec93) x25 0x80011eed
core   0: 0x80002ea8 (0xfac74693) xori    a3, a4, -84
core   0: 3 0x80002ea8 (0xfac74693) x13 0xffffffad
core   0: 0x80002eac (0x1fbbc593) xori    a1, s7, 507
core   0: 3 0x80002eac (0x1fbbc593) x11 0x8001172e
core   0: 0x80002eb0 (0x018e8633) add     a2, t4, s8
core   0: 3 0x80002eb0 (0x018e8633) x12 0x8014b76b
core   0: 0x80002eb4 (0x41510d33) sub     s10, sp, s5
core   0: 3 0x80002eb4 (0x41510d33) x26 0x800106d5
core   0: 0x80002eb8 (0x40bad313) srai    t1, s5, 11
core   0: 3 0x80002eb8 (0x40bad313) x 6 0x00000002
core   0: 0x80002ebc (0x00000013) nop
core   0: 3 0x80002ebc (0x00000013)
core   0: 0x80002ec0 (0x41745b13) srai    s6, s0, 23
core   0: 3 0x80002ec0 (0x41745b13) x22 0x00000000
core   0: 0x80002ec4 (0xb6b04593) xori    a1, zero, -1173
core   0: 3 0x80002ec4 (0xb6b04593) x11 0xfffffb6b
core   0: 0x80002ec8 (0x41505333) sra     t1, zero, s5
core   0: 3 0x80002ec8 (0x41505333) x 6 0x00000000
core   0: 0x80002ecc (0x31d681b7) lui     gp, 0x31d68
core   0: 3 0x80002ecc (0x31d681b7) x 3 0x31d68000
core   0: 0x80002ed0 (0x0178fc33) and     s8, a7, s7
core   0: 3 0x80002ed0 (0x0178fc33) x24 0x800114c5
core   0: 0x80002ed4 (0xcc43c413) xori    s0, t2, -828
core   0: 3 0x80002ed4 (0xcc43c413) x 8 0x7ffee2a0
core   0: 0x80002ed8 (0x40dcd893) srai    a7, s9, 13
core   0: 3 0x80002ed8 (0x40dcd893) x17 0xfffc0008
core   0: 0x80002edc (0x00000013) nop
core   0: 3 0x80002edc (0x00000013)
core   0: 0x80002ee0 (0x00936c33) or      s8, t1, s1
core   0: 3 0x80002ee0 (0x00936c33) x24 0x50b40000
core   0: 0x80002ee4 (0x41325093) srai    ra, tp, 19
core   0: 3 0x80002ee4 (0x41325093) x 1 0x00000000
core   0: 0x80002ee8 (0x01a4d093) srli    ra, s1, 26
core   0: 3 0x80002ee8 (0x01a4d093) x 1 0x00000014
core   0: 0x80002eec (0x0070c133) xor     sp, ra, t2
core   0: 3 0x80002eec (0x0070c133) x 2 0x80011e70
core   0: 0x80002ef0 (0x40a45f93) srai    t6, s0, 10
core   0: 3 0x80002ef0 (0x40a45f93) x31 0x001fffb8
core   0: 0x80002ef4 (0xd2e72c13) slti    s8, a4, -722
core   0: 3 0x80002ef4 (0xd2e72c13) x24 0x00000000
core   0: 0x80002ef8 (0x40a80733) sub     a4, a6, a0
core   0: 3 0x80002ef8 (0x40a80733) x14 0xfa44557d
core   0: 0x80002efc (0x46e0ea93) ori     s5, ra, 1134
core   0: 3 0x80002efc (0x46e0ea93) x21 0x0000047e
core   0: 0x80002f00 (0x3d8fbc93) sltiu   s9, t6, 984
core   0: 3 0x80002f00 (0x3d8fbc93) x25 0x00000000
core   0: 0x80002f04 (0x40790fb3) sub     t6, s2, t2
core   0: 3 0x80002f04 (0x40790fb3) x31 0x7ffee19d
core   0: 0x80002f08 (0x00d1d513) srli    a0, gp, 13
core   0: 3 0x80002f08 (0x00d1d513) x10 0x00018eb4
core   0: 0x80002f0c (0x00fb2ab3) slt     s5, s6, a5
core   0: 3 0x80002f0c (0x00fb2ab3) x21 0x00000001
core   0: 0x80002f10 (0x01670333) add     t1, a4, s6
core   0: 3 0x80002f10 (0x01670333) x 6 0xfa44557d
core   0: 0x80002f14 (0x403ad933) sra     s2, s5, gp
core   0: 3 0x80002f14 (0x403ad933) x18 0x00000001
core   0: 0x80002f18 (0x0015b4b3) sltu    s1, a1, ra
core   0: 3 0x80002f18 (0x0015b4b3) x 9 0x00000000
core   0: 0x80002f1c (0x01fc35b3) sltu    a1, s8, t6
core   0: 3 0x80002f1c (0x01fc35b3) x11 0x00000001
core   0: 0x80002f20 (0x00000013) nop
core   0: 3 0x80002f20 (0x00000013)
core   0: 0x80002f24 (0xacb5a013) slti    zero, a1, -1333
core   0: 3 0x80002f24 (0xacb5a013)
core   0: 0x80002f28 (0x0175ea33) or      s4, a1, s7
core   0: 3 0x80002f28 (0x0175ea33) x20 0x800116d5
core   0: 0x80002f2c (0x3d300d93) li      s11, 979
core   0: 3 0x80002f2c (0x3d300d93) x27 0x000003d3
core   0: 0x80002f30 (0x41c8da33) sra     s4, a7, t3
core   0: 3 0x80002f30 (0x41c8da33) x20 0xfffc0008
core   0: 0x80002f34 (0x01111a13) slli    s4, sp, 17
core   0: 3 0x80002f34 (0x01111a13) x20 0x3ce00000
core   0: 0x80002f38 (0x98d84513) xori    a0, a6, -1651
core   0: 3 0x80002f38 (0x98d84513) x10 0x05bba939
core   0: 0x80002f3c (0xe2f77313) andi    t1, a4, -465
core   0: 3 0x80002f3c (0xe2f77313) x 6 0xfa44542d
core   0: 0x80002f40 (0x90ed7713) andi    a4, s10, -1778
core   0: 3 0x80002f40 (0x90ed7713) x14 0x80010004
core   0: 0x80002f44 (0x401b5713) srai    a4, s6, 1
core   0: 3 0x80002f44 (0x401b5713) x14 0x00000000
core   0: 0x80002f48 (0x48e5b013) sltiu   zero, a1, 1166
core   0: 3 0x80002f48 (0x48e5b013)
core   0: 0x80002f4c (0xca61e493) ori     s1, gp, -858
core   0: 3 0x80002f4c (0xca61e493) x 9 0xfffffca6
core   0: 0x80002f50 (0x41db00b3) sub     ra, s6, t4
core   0: 3 0x80002f50 (0x41db00b3) x 1 0x800116d5
core   0: 0x80002f54 (0x93f8bb93) sltiu   s7, a7, -1729
core   0: 3 0x80002f54 (0x93f8bb93) x23 0x00000001
core   0: 0x80002f58 (0x003f28b3) slt     a7, t5, gp
core   0: 3 0x80002f58 (0x003f28b3) x17 0x00000001
core   0: 0x80002f5c (0xa4f767b7) lui     a5, 0xa4f76
core   0: 3 0x80002f5c (0xa4f767b7) x15 0xa4f76000
core   0: 0x80002f60 (0x40e5d033) sra     zero, a1, a4
core   0: 3 0x80002f60 (0x40e5d033)
core   0: 0x80002f64 (0x00bc9233) sll     tp, s9, a1
core   0: 3 0x80002f64 (0x00bc9233) x 4 0x00000000
core   0: 0x80002f68 (0x407fd5b3) sra     a1, t6, t2
core   0: 3 0x80002f68 (0x407fd5b3) x11 0x07ffee19
core   0: 0x80002f6c (0x006c46b3) xor     a3, s8, t1
core   0: 3 0x80002f6c (0x006c46b3) x13 0xfa44542d
core   0: 0x80002f70 (0x011311b3) sll     gp, t1, a7
core   0: 3 0x80002f70 (0x011311b3) x 3 0xf488a85a
core   0: 0x80002f74 (0x001de233) or      tp, s11, ra
core   0: 3 0x80002f74 (0x001de233) x 4 0x800117d7
core   0: 0x80002f78 (0x4124d933) sra     s2, s1, s2
core   0: 3 0x80002f78 (0x4124d933) x18 0xfffffe53
core   0: 0x80002f7c (0x413258b3) sra     a7, tp, s3
core   0: 3 0x80002f7c (0x413258b3) x17 0x800117d7
core   0: 0x80002f80 (0x01ded0b3) srl     ra, t4, t4
core   0: 3 0x80002f80 (0x01ded0b3) x 1 0x000fffdd
core   0: 0x80002f84 (0x4137deb3) sra     t4, a5, s3
core   0: 3 0x80002f84 (0x4137deb3) x29 0xa4f76000
core   0: 0x80002f88 (0x01f9c533) xor     a0, s3, t6
core   0: 3 0x80002f88 (0x01f9c533) x10 0x4d1d719d
core   0: 0x80002f8c (0x00bb3db3) sltu    s11, s6, a1
core   0: 3 0x80002f8c (0x00bb3db3) x27 0x00000001
core   0: 0x80002f90 (0x00fe70b3) and     ra, t3, a5
core   0: 3 0x80002f90 (0x00fe70b3) x 1 0x00000000
core   0: 0x80002f94 (0x0179f033) and     zero, s3, s7
core   0: 3 0x80002f94 (0x0179f033)
core   0: 0x80002f98 (0xb1563e13) sltiu   t3, a2, -1259
core   0: 3 0x80002f98 (0xb1563e13) x28 0x00000001
core   0: 0x80002f9c (0x00793333) sltu    t1, s2, t2
core   0: 3 0x80002f9c (0x00793333) x 6 0x00000000
core   0: 0x80002fa0 (0x43607f93) andi    t6, zero, 1078
core   0: 3 0x80002fa0 (0x43607f93) x31 0x00000000
core   0: 0x80002fa4 (0x40b68db3) sub     s11, a3, a1
core   0: 3 0x80002fa4 (0x40b68db3) x27 0xf2446614
core   0: 0x80002fa8 (0x405b0cb3) sub     s9, s6, t0
core   0: 3 0x80002fa8 (0x405b0cb3) x25 0x7ffea31c
core   0: 0x80002fac (0x417608b3) sub     a7, a2, s7
core   0: 3 0x80002fac (0x417608b3) x17 0x8014b76a
core   0: 0x80002fb0 (0x6dd8eb13) ori     s6, a7, 1757
core   0: 3 0x80002fb0 (0x6dd8eb13) x22 0x8014b7ff
core   0: 0x80002fb4 (0x00b55013) srli    zero, a0, 11
core   0: 3 0x80002fb4 (0x00b55013)
core   0: 0x80002fb8 (0x6efde413) ori     s0, s11, 1775
core   0: 3 0x80002fb8 (0x6efde413) x 8 0xf24466ff
core   0: 0x80002fbc (0x6da50213) addi    tp, a0, 1754
core   0: 3 0x80002fbc (0x6da50213) x 4 0x4d1d7877
core   0: 0x80002fc0 (0x01ee0333) add     t1, t3, t5
core   0: 3 0x80002fc0 (0x01ee0333) x 6 0xffce206c
core   0: 0x80002fc4 (0x01bc1093) slli    ra, s8, 27
core   0: 3 0x80002fc4 (0x01bc1093) x 1 0x00000000
core   0: 0x80002fc8 (0x40cc00b3) sub     ra, s8, a2
core   0: 3 0x80002fc8 (0x40cc00b3) x 1 0x7feb4895
core   0: 0x80002fcc (0x41cd86b3) sub     a3, s11, t3
core   0: 3 0x80002fcc (0x41cd86b3) x13 0xf2446613
core   0: 0x80002fd0 (0x01459093) slli    ra, a1, 20
core   0: 3 0x80002fd0 (0x01459093) x 1 0xe1900000
core   0: 0x80002fd4 (0x40b98c33) sub     s8, s3, a1
core   0: 3 0x80002fd4 (0x40b98c33) x24 0x2ae3a1e7
core   0: 0x80002fd8 (0x85563b93) sltiu   s7, a2, -1963
core   0: 3 0x80002fd8 (0x85563b93) x23 0x00000001
core   0: 0x80002fdc (0x00386533) or      a0, a6, gp
core   0: 3 0x80002fdc (0x00386533) x10 0xfeccf8fe
core   0: 0x80002fe0 (0xedea6b13) ori     s6, s4, -290
core   0: 3 0x80002fe0 (0xedea6b13) x22 0xfffffede
core   0: 0x80002fe4 (0x00571233) sll     tp, a4, t0
core   0: 3 0x80002fe4 (0x00571233) x 4 0x00000000
core   0: 0x80002fe8 (0x01292fb3) slt     t6, s2, s2
core   0: 3 0x80002fe8 (0x01292fb3) x31 0x00000000
core   0: 0x80002fec (0x011cebb3) or      s7, s9, a7
core   0: 3 0x80002fec (0x011cebb3) x23 0xfffeb77e
core   0: 0x80002ff0 (0x012d86b3) add     a3, s11, s2
core   0: 3 0x80002ff0 (0x012d86b3) x13 0xf2446467
core   0: 0x80002ff4 (0x41ce5db3) sra     s11, t3, t3
core   0: 3 0x80002ff4 (0x41ce5db3) x27 0x00000000
core   0: 0x80002ff8 (0x404b5013) srai    zero, s6, 4
core   0: 3 0x80002ff8 (0x404b5013)
core   0: 0x80002ffc (0x00b4a633) slt     a2, s1, a1
core   0: 3 0x80002ffc (0x00b4a633) x12 0x00000001
core   0: 0x80003000 (0x01a4d8b3) srl     a7, s1, s10
core   0: 3 0x80003000 (0x01a4d8b3) x17 0x000007ff
core   0: 0x80003004 (0x0178f0b3) and     ra, a7, s7
core   0: 3 0x80003004 (0x0178f0b3) x 1 0x0000077e
core   0: 0x80003008 (0x4100d013) srai    zero, ra, 16
core   0: 3 0x80003008 (0x4100d013)
core   0: 0x8000300c (0x01e4afb3) slt     t6, s1, t5
core   0: 3 0x8000300c (0x01e4afb3) x31 0x00000000
core   0: 0x80003010 (0x00601713) slli    a4, zero, 6
core   0: 3 0x80003010 (0x00601713) x14 0x00000000
core   0: 0x80003014 (0x00124f33) xor     t5, tp, ra
core   0: 3 0x80003014 (0x00124f33) x30 0x0000077e
core   0: 0x80003018 (0x00d60933) add     s2, a2, a3
core   0: 3 0x80003018 (0x00d60933) x18 0xf2446468
core   0: 0x8000301c (0x6341e493) ori     s1, gp, 1588
core   0: 3 0x8000301c (0x6341e493) x 9 0xf488ae7e
core   0: 0x80003020 (0x01eb8933) add     s2, s7, t5
core   0: 3 0x80003020 (0x01eb8933) x18 0xfffebefc
core   0: 0x80003024 (0x01819fb3) sll     t6, gp, s8
core   0: 3 0x80003024 (0x01819fb3) x31 0x44542d00
core   0: 0x80003028 (0x1f738893) addi    a7, t2, 503
core   0: 3 0x80003028 (0x1f738893) x17 0x8001205b
core   0: 0x8000302c (0x001fff33) and     t5, t6, ra
core   0: 3 0x8000302c (0x001fff33) x30 0x00000500
core   0: 0x80003030 (0x00d72033) slt     zero, a4, a3
core   0: 3 0x80003030 (0x00d72033)
core   0: 0x80003034 (0x693c7113) andi    sp, s8, 1683
core   0: 3 0x80003034 (0x693c7113) x 2 0x00000083
core   0: 0x80003038 (0x41288033) sub     zero, a7, s2
core   0: 3 0x80003038 (0x41288033)
core   0: 0x8000303c (0x10612493) slti    s1, sp, 262
core   0: 3 0x8000303c (0x10612493) x 9 0x00000001
core   0: 0x80003040 (0x176ecb93) xori    s7, t4, 374
core   0: 3 0x80003040 (0x176ecb93) x23 0xa4f76176
core   0: 0x80003044 (0x019814b3) sll     s1, a6, s9
core   0: 3 0x80003044 (0x019814b3) x 9 0x40000000
core   0: 0x80003048 (0x00dd8933) add     s2, s11, a3
core   0: 3 0x80003048 (0x00dd8933) x18 0xf2446467
core   0: 0x8000304c (0x00000013) nop
core   0: 3 0x8000304c (0x00000013)
core   0: 0x80003050 (0x00000013) nop
core   0: 3 0x80003050 (0x00000013)
core   0: 0x80003054 (0x006cda13) srli    s4, s9, 6
core   0: 3 0x80003054 (0x006cda13) x20 0x01fffa8c
core   0: 0x80003058 (0x01078533) add     a0, a5, a6
core   0: 3 0x80003058 (0x01078533) x10 0x9f3bb0b4
core   0: 0x8000305c (0x05080313) addi    t1, a6, 80
core   0: 3 0x8000305c (0x05080313) x 6 0xfa445104
core   0: 0x80003060 (0x32326f13) ori     t5, tp, 803
core   0: 3 0x80003060 (0x32326f13) x30 0x00000323
core   0: 0x80003064 (0x00e89493) slli    s1, a7, 14
core   0: 3 0x80003064 (0x00e89493) x 9 0x4816c000
core   0: 0x80003068 (0x53736b97) auipc   s7, 0x53736
core   0: 3 0x80003068 (0x53736b97) x23 0xd3739068
core   0: 0x8000306c (0x3a857c13) andi    s8, a0, 936
core   0: 3 0x8000306c (0x3a857c13) x24 0x000000a0
core   0: 0x80003070 (0x012ecdb3) xor     s11, t4, s2
core   0: 3 0x80003070 (0x012ecdb3) x27 0x56b30467
core   0: 0x80003074 (0x90284c17) auipc   s8, 0x90284
core   0: 3 0x80003074 (0x90284c17) x24 0x10287074
core   0: 0x80003078 (0x01ec1013) slli    zero, s8, 30
core   0: 3 0x80003078 (0x01ec1013)
core   0: 0x8000307c (0x1a560593) addi    a1, a2, 421
core   0: 3 0x8000307c (0x1a560593) x11 0x000001a6
core   0: 0x80003080 (0xb75bcc93) xori    s9, s7, -1163
core   0: 3 0x80003080 (0xb75bcc93) x25 0x2c8c6b1d
core   0: 0x80003084 (0x00000013) nop
core   0: 3 0x80003084 (0x00000013)
core   0: 0x80003088 (0x01378ab3) add     s5, a5, s3
core   0: 3 0x80003088 (0x01378ab3) x21 0xd7daf000
core   0: 0x8000308c (0xa682ca17) auipc   s4, 0xa682c
core   0: 3 0x8000308c (0xa682ca17) x20 0x2682f08c
core   0: 0x80003090 (0x01b86733) or      a4, a6, s11
core   0: 3 0x80003090 (0x01b86733) x14 0xfef754f7
core   0: 0x80003094 (0x6dff2f93) slti    t6, t5, 1759
core   0: 3 0x80003094 (0x6dff2f93) x31 0x00000001
core   0: 0x80003098 (0x01a31533) sll     a0, t1, s10
core   0: 3 0x80003098 (0x01a31533) x10 0x20800000
core   0: 0x8000309c (0x00b41613) slli    a2, s0, 11
core   0: 3 0x8000309c (0x00b41613) x12 0x2337f800
core   0: 0x800030a0 (0x7f940a93) addi    s5, s0, 2041
core   0: 3 0x800030a0 (0x7f940a93) x21 0xf2446ef8
core   0: 0x800030a4 (0x00000013) nop
core   0: 3 0x800030a4 (0x00000013)
core   0: 0x800030a8 (0x0066f233) and     tp, a3, t1
core   0: 3 0x800030a8 (0x0066f233) x 4 0xf2444004
core   0: 0x800030ac (0xe8c3b417) auipc   s0, 0xe8c3b
core   0: 3 0x800030ac (0xe8c3b417) x 8 0x68c3e0ac
core   0: 0x800030b0 (0x016127b3) slt     a5, sp, s6
core   0: 3 0x800030b0 (0x016127b3) x15 0x00000000
core   0: 0x800030b4 (0x0180db13) srli    s6, ra, 24
core   0: 3 0x800030b4 (0x0180db13) x22 0x00000000
core   0: 0x800030b8 (0xea809497) auipc   s1, 0xea809
core   0: 3 0x800030b8 (0xea809497) x 9 0x6a80c0b8
core   0: 0x800030bc (0xbbf94a93) xori    s5, s2, -1089
core   0: 3 0x800030bc (0xbbf94a93) x21 0x0dbb9fd8
core   0: 0x800030c0 (0xc817f693) andi    a3, a5, -895
core   0: 3 0x800030c0 (0xc817f693) x13 0x00000000
core   0: 0x800030c4 (0x0017bcb3) sltu    s9, a5, ra
core   0: 3 0x800030c4 (0x0017bcb3) x25 0x00000001
core   0: 0x800030c8 (0x001a5f33) srl     t5, s4, ra
core   0: 3 0x800030c8 (0x001a5f33) x30 0x00000000
core   0: 0x800030cc (0x016ef933) and     s2, t4, s6
core   0: 3 0x800030cc (0x016ef933) x18 0x00000000
core   0: 0x800030d0 (0x02e4a113) slti    sp, s1, 46
core   0: 3 0x800030d0 (0x02e4a113) x 2 0x00000000
core   0: 0x800030d4 (0x00d91a93) slli    s5, s2, 13
core   0: 3 0x800030d4 (0x00d91a93) x21 0x00000000
core   0: 0x800030d8 (0x00000013) nop
core   0: 3 0x800030d8 (0x00000013)
core   0: 0x800030dc (0x017a4db3) xor     s11, s4, s7
core   0: 3 0x800030dc (0x017a4db3) x27 0xf5f160e4
core   0: 0x800030e0 (0x41ecd093) srai    ra, s9, 30
core   0: 3 0x800030e0 (0x41ecd093) x 1 0x00000000
core   0: 0x800030e4 (0x0988ca13) xori    s4, a7, 152
core   0: 3 0x800030e4 (0x0988ca13) x20 0x800120c3
core   0: 0x800030e8 (0x82118113) addi    sp, gp, -2015
core   0: 3 0x800030e8 (0x82118113) x 2 0xf488a07b
core   0: 0x800030ec (0x41055f33) sra     t5, a0, a6
core   0: 3 0x800030ec (0x41055f33) x30 0x00000208
core   0: 0x800030f0 (0x01ad1ab3) sll     s5, s10, s10
core   0: 3 0x800030f0 (0x01ad1ab3) x21 0xdaa00000
core   0: 0x800030f4 (0x40de5193) srai    gp, t3, 13
core   0: 3 0x800030f4 (0x40de5193) x 3 0x00000000
core   0: 0x800030f8 (0x01e5fd33) and     s10, a1, t5
core   0: 3 0x800030f8 (0x01e5fd33) x26 0x00000000
core   0: 0x800030fc (0x411a81b3) sub     gp, s5, a7
core   0: 3 0x800030fc (0x411a81b3) x 3 0x5a9edfa5
core   0: 0x80003100 (0x00d70eb3) add     t4, a4, a3
core   0: 3 0x80003100 (0x00d70eb3) x29 0xfef754f7
core   0: 0x80003104 (0x1675b637) lui     a2, 0x1675b
core   0: 3 0x80003104 (0x1675b637) x12 0x1675b000
core   0: 0x80003108 (0x008b5013) srli    zero, s6, 8
core   0: 3 0x80003108 (0x008b5013)
core   0: 0x8000310c (0x00000013) nop
core   0: 3 0x8000310c (0x00000013)
core   0: 0x80003110 (0x40958a33) sub     s4, a1, s1
core   0: 3 0x80003110 (0x40958a33) x20 0x957f40ee
core   0: 0x80003114 (0x00886733) or      a4, a6, s0
core   0: 3 0x80003114 (0x00886733) x14 0xfac7f0bc
core   0: 0x80003118 (0x01922433) slt     s0, tp, s9
core   0: 3 0x80003118 (0x01922433) x 8 0x00000001
core   0: 0x8000311c (0x47d28d93) addi    s11, t0, 1149
core   0: 3 0x8000311c (0x47d28d93) x27 0x80016161
core   0: 0x80003120 (0x4078da13) srai    s4, a7, 7
core   0: 3 0x80003120 (0x4078da13) x20 0xff000240
core   0: 0x80003124 (0x0183d413) srli    s0, t2, 24
core   0: 3 0x80003124 (0x0183d413) x 8 0x00000080
core   0: 0x80003128 (0x8cd96093) ori     ra, s2, -1843
core   0: 3 0x80003128 (0x8cd96093) x 1 0xfffff8cd
core   0: 0x8000312c (0x1c9ffd17) auipc   s10, 0x1c9ff
core   0: 3 0x8000312c (0x1c9ffd17) x26 0x9ca0212c
core   0: 0x80003130 (0xbc7be013) ori     zero, s7, -1081
core   0: 3 0x80003130 (0xbc7be013)
core   0: 0x80003134 (0xfc02b013) sltiu   zero, t0, -64
core   0: 3 0x80003134 (0xfc02b013)
core   0: 0x80003138 (0x11ef5437) lui     s0, 0x11ef5
core   0: 3 0x80003138 (0x11ef5437) x 8 0x11ef5000
core   0: 0x8000313c (0x015e04b3) add     s1, t3, s5
core   0: 3 0x8000313c (0x015e04b3) x 9 0xdaa00001
core   0: 0x80003140 (0x00e5a9b3) slt     s3, a1, a4
core   0: 3 0x80003140 (0x00e5a9b3) x19 0x00000000
core   0: 0x80003144 (0x01010633) add     a2, sp, a6
core   0: 3 0x80003144 (0x01010633) x12 0xeeccf12f
core   0: 0x80003148 (0x36af6d93) ori     s11, t5, 874
core   0: 3 0x80003148 (0x36af6d93) x27 0x0000036a
core   0: 0x8000314c (0x00465a13) srli    s4, a2, 4
core   0: 3 0x8000314c (0x00465a13) x20 0x0eeccf12
core   0: 0x80003150 (0x4fd2ce93) xori    t4, t0, 1277
core   0: 3 0x80003150 (0x4fd2ce93) x29 0x80015819
core   0: 0x80003154 (0x00000013) nop
core   0: 3 0x80003154 (0x00000013)
core   0: 0x80003158 (0x00000013) nop
core   0: 3 0x80003158 (0x00000013)
core   0: 0x8000315c (0x01863f33) sltu    t5, a2, s8
core   0: 3 0x8000315c (0x01863f33) x30 0x00000000
core   0: 0x80003160 (0x00eb3733) sltu    a4, s6, a4
core   0: 3 0x80003160 (0x00eb3733) x14 0x00000001
core   0: 0x80003164 (0x2b667113) andi    sp, a2, 694
core   0: 3 0x80003164 (0x2b667113) x 2 0x00000026
core   0: 0x80003168 (0x21bdf493) andi    s1, s11, 539
core   0: 3 0x80003168 (0x21bdf493) x 9 0x0000020a
core   0: 0x8000316c (0x00000013) nop
core   0: 3 0x8000316c (0x00000013)
core   0: 0x80003170 (0x4144d113) srai    sp, s1, 20
core   0: 3 0x80003170 (0x4144d113) x 2 0x00000000
core   0: 0x80003174 (0x00481a13) slli    s4, a6, 4
core   0: 3 0x80003174 (0x00481a13) x20 0xa4450b40
core   0: 0x80003178 (0x8354d317) auipc   t1, 0x8354d
core   0: 3 0x80003178 (0x8354d317) x 6 0x03550178
core   0: 0x8000317c (0x00000013) nop
core   0: 3 0x8000317c (0x00000013)
core   0: 0x80003180 (0x41d10433) sub     s0, sp, t4
core   0: 3 0x80003180 (0x41d10433) x 8 0x7ffea7e7
core   0: 0x80003184 (0x00000013) nop
core   0: 3 0x80003184 (0x00000013)
core   0: 0x80003188 (0x31a2f613) andi    a2, t0, 794
core   0: 3 0x80003188 (0x31a2f613) x12 0x00000000
core   0: 0x8000318c (0x01df1733) sll     a4, t5, t4
core   0: 3 0x8000318c (0x01df1733) x14 0x00000000
core   0: 0x80003190 (0x00000013) nop
core   0: 3 0x80003190 (0x00000013)
core   0: 0x80003194 (0xe237f213) andi    tp, a5, -477
core   0: 3 0x80003194 (0xe237f213) x 4 0x00000000
core   0: 0x80003198 (0x40395213) srai    tp, s2, 3
core   0: 3 0x80003198 (0x40395213) x 4 0x00000000
core   0: 0x8000319c (0x343f7313) andi    t1, t5, 835
core   0: 3 0x8000319c (0x343f7313) x 6 0x00000000
core   0: 0x800031a0 (0x411cd433) sra     s0, s9, a7
core   0: 3 0x800031a0 (0x411cd433) x 8 0x00000000
core   0: 0x800031a4 (0x003d0fb3) add     t6, s10, gp
core   0: 3 0x800031a4 (0x003d0fb3) x31 0xf73f00d1
core   0: 0x800031a8 (0x91b8e313) ori     t1, a7, -1765
core   0: 3 0x800031a8 (0x91b8e313) x 6 0xfffff95b
core   0: 0x800031ac (0x00acbb33) sltu    s6, s9, a0
core   0: 3 0x800031ac (0x00acbb33) x22 0x00000001
core   0: 0x800031b0 (0xe2e2c537) lui     a0, 0xe2e2c
core   0: 3 0x800031b0 (0xe2e2c537) x10 0xe2e2c000
core   0: 0x800031b4 (0x13483c13) sltiu   s8, a6, 308
core   0: 3 0x800031b4 (0x13483c13) x24 0x00000000
core   0: 0x800031b8 (0xcf76bc37) lui     s8, 0xcf76b
core   0: 3 0x800031b8 (0xcf76bc37) x24 0xcf76b000
core   0: 0x800031bc (0x934c7e13) andi    t3, s8, -1740
core   0: 3 0x800031bc (0x934c7e13) x28 0xcf76b000
core   0: 0x800031c0 (0x01ad1f13) slli    t5, s10, 26
core   0: 3 0x800031c0 (0x01ad1f13) x30 0xb0000000
core   0: 0x800031c4 (0x012df7b3) and     a5, s11, s2
core   0: 3 0x800031c4 (0x012df7b3) x15 0x00000000
core   0: 0x800031c8 (0x406b06b3) sub     a3, s6, t1
core   0: 3 0x800031c8 (0x406b06b3) x13 0x000006a6
core   0: 0x800031cc (0x0097f733) and     a4, a5, s1
core   0: 3 0x800031cc (0x0097f733) x14 0x00000000
core   0: 0x800031d0 (0x41a5de93) srai    t4, a1, 26
core   0: 3 0x800031d0 (0x41a5de93) x29 0x00000000
core   0: 0x800031d4 (0x00b78233) add     tp, a5, a1
core   0: 3 0x800031d4 (0x00b78233) x 4 0x000001a6
core   0: 0x800031d8 (0x82460eb7) lui     t4, 0x82460
core   0: 3 0x800031d8 (0x82460eb7) x29 0x82460000
core   0: 0x800031dc (0x8bb62417) auipc   s0, 0x8bb62
core   0: 3 0x800031dc (0x8bb62417) x 8 0x0bb651dc
core   0: 0x800031e0 (0x4138d013) srai    zero, a7, 19
core   0: 3 0x800031e0 (0x4138d013)
core   0: 0x800031e4 (0x016f9513) slli    a0, t6, 22
core   0: 3 0x800031e4 (0x016f9513) x10 0x34400000
core   0: 0x800031e8 (0x00300cb3) add     s9, zero, gp
core   0: 3 0x800031e8 (0x00300cb3) x25 0x5a9edfa5
core   0: 0x800031ec (0x00000013) nop
core   0: 3 0x800031ec (0x00000013)
core   0: 0x800031f0 (0xfdfb3037) lui     zero, 0xfdfb3
core   0: 3 0x800031f0 (0xfdfb3037)
core   0: 0x800031f4 (0x01b04733) xor     a4, zero, s11
core   0: 3 0x800031f4 (0x01b04733) x14 0x0000036a
core   0: 0x800031f8 (0xdcffd6b7) lui     a3, 0xdcffd
core   0: 3 0x800031f8 (0xdcffd6b7) x13 0xdcffd000
core   0: 0x800031fc (0x002e56b3) srl     a3, t3, sp
core   0: 3 0x800031fc (0x002e56b3) x13 0xcf76b000
core   0: 0x80003200 (0x00922433) slt     s0, tp, s1
core   0: 3 0x80003200 (0x00922433) x 8 0x00000001
core   0: 0x80003204 (0x0094d493) srli    s1, s1, 9
core   0: 3 0x80003204 (0x0094d493) x 9 0x00000001
core   0: 0x80003208 (0x00d877b3) and     a5, a6, a3
core   0: 3 0x80003208 (0x00d877b3) x15 0xca441000
core   0: 0x8000320c (0x009f64b3) or      s1, t5, s1
core   0: 3 0x8000320c (0x009f64b3) x 9 0xb0000001
core   0: 0x80003210 (0xadd2b313) sltiu   t1, t0, -1315
core   0: 3 0x80003210 (0xadd2b313) x 6 0x00000001
core   0: 0x80003214 (0x74046f13) ori     t5, s0, 1856
core   0: 3 0x80003214 (0x74046f13) x30 0x00000741
core   0: 0x80003218 (0x00000013) nop
core   0: 3 0x80003218 (0x00000013)
core   0: 0x8000321c (0x31407013) andi    zero, zero, 788
core   0: 3 0x8000321c (0x31407013)
core   0: 0x80003220 (0x58064513) xori    a0, a2, 1408
core   0: 3 0x80003220 (0x58064513) x10 0x00000580
core   0: 0x80003224 (0x018f9cb3) sll     s9, t6, s8
core   0: 3 0x80003224 (0x018f9cb3) x25 0xf73f00d1
core   0: 0x80003228 (0x01ae5013) srli    zero, t3, 26
core   0: 3 0x80003228 (0x01ae5013)
core   0: 0x8000322c (0x00caee33) or      t3, s5, a2
core   0: 3 0x8000322c (0x00caee33) x28 0xdaa00000
core   0: 0x80003230 (0x408907b3) sub     a5, s2, s0
core   0: 3 0x80003230 (0x408907b3) x15 0xffffffff
core   0: 0x80003234 (0x00635a93) srli    s5, t1, 6
core   0: 3 0x80003234 (0x00635a93) x21 0x00000000
core   0: 0x80003238 (0xff6efd37) lui     s10, 0xff6ef
core   0: 3 0x80003238 (0xff6efd37) x26 0xff6ef000
core   0: 0x8000323c (0x58413513) sltiu   a0, sp, 1412
core   0: 3 0x8000323c (0x58413513) x10 0x00000001
core   0: 0x80003240 (0xc3651197) auipc   gp, 0xc3651
core   0: 3 0x80003240 (0xc3651197) x 3 0x43654240
core   0: 0x80003244 (0x012d3d33) sltu    s10, s10, s2
core   0: 3 0x80003244 (0x012d3d33) x26 0x00000000
core   0: 0x80003248 (0x1e3fbd13) sltiu   s10, t6, 483
core   0: 3 0x80003248 (0x1e3fbd13) x26 0x00000000
core   0: 0x8000324c (0x35002c13) slti    s8, zero, 848
core   0: 3 0x8000324c (0x35002c13) x24 0x00000001
core   0: 0x80003250 (0x0037f6b3) and     a3, a5, gp
core   0: 3 0x80003250 (0x0037f6b3) x13 0x43654240
core   0: 0x80003254 (0x002d0633) add     a2, s10, sp
core   0: 3 0x80003254 (0x002d0633) x12 0x00000000
core   0: 0x80003258 (0x00655b93) srli    s7, a0, 6
core   0: 3 0x80003258 (0x00655b93) x23 0x00000000
core   0: 0x8000325c (0x01a761b3) or      gp, a4, s10
core   0: 3 0x8000325c (0x01a761b3) x 3 0x0000036a
core   0: 0x80003260 (0x40cb85b3) sub     a1, s7, a2
core   0: 3 0x80003260 (0x40cb85b3) x11 0x00000000
core   0: 0x80003264 (0xb9264f93) xori    t6, a2, -1134
core   0: 3 0x80003264 (0xb9264f93) x31 0xfffffb92
core   0: 0x80003268 (0x8188c493) xori    s1, a7, -2024
core   0: 3 0x80003268 (0x8188c493) x 9 0x7ffed843
core   0: 0x8000326c (0x418c8c33) sub     s8, s9, s8
core   0: 3 0x8000326c (0x418c8c33) x24 0xf73f00d0
core   0: 0x80003270 (0x00b5efb3) or      t6, a1, a1
core   0: 3 0x80003270 (0x00b5efb3) x31 0x00000000
core   0: 0x80003274 (0x00cab333) sltu    t1, s5, a2
core   0: 3 0x80003274 (0x00cab333) x 6 0x00000000
core   0: 0x80003278 (0x9320f737) lui     a4, 0x9320f
core   0: 3 0x80003278 (0x9320f737) x14 0x9320f000
core   0: 0x8000327c (0x15484f93) xori    t6, a6, 340
core   0: 3 0x8000327c (0x15484f93) x31 0xfa4451e0
core   0: 0x80003280 (0x006bc933) xor     s2, s7, t1
core   0: 3 0x80003280 (0x006bc933) x18 0x00000000
core   0: 0x80003284 (0x250cde17) auipc   t3, 0x250cd
core   0: 3 0x80003284 (0x250cde17) x28 0xa50d0284
core   0: 0x80003288 (0x417f0d33) sub     s10, t5, s7
core   0: 3 0x80003288 (0x417f0d33) x26 0x00000741
core   0: 0x8000328c (0x074faeb7) lui     t4, 0x74fa
core   0: 3 0x8000328c (0x074faeb7) x29 0x074fa000
core   0: 0x80003290 (0x8881c313) xori    t1, gp, -1912
core   0: 3 0x80003290 (0x8881c313) x 6 0xfffffbe2
core   0: 0x80003294 (0xd7dcbc17) auipc   s8, 0xd7dcb
core   0: 3 0x80003294 (0xd7dcbc17) x24 0x57dce294
core   0: 0x80003298 (0x4156d033) sra     zero, a3, s5
core   0: 3 0x80003298 (0x4156d033)
core   0: 0x8000329c (0x00d7df13) srli    t5, a5, 13
core   0: 3 0x8000329c (0x00d7df13) x30 0x0007ffff
core   0: 0x800032a0 (0x01edf233) and     tp, s11, t5
core   0: 3 0x800032a0 (0x01edf233) x 4 0x0000036a
core   0: 0x800032a4 (0x01bdeab3) or      s5, s11, s11
core   0: 3 0x800032a4 (0x01bdeab3) x21 0x0000036a
core   0: 0x800032a8 (0x003eb433) sltu    s0, t4, gp
core   0: 3 0x800032a8 (0x003eb433) x 8 0x00000000
core   0: 0x800032ac (0x01e15c13) srli    s8, sp, 30
core   0: 3 0x800032ac (0x01e15c13) x24 0x00000000
core   0: 0x800032b0 (0x01521b33) sll     s6, tp, s5
core   0: 3 0x800032b0 (0x01521b33) x22 0x000da800
core   0: 0x800032b4 (0x70f56313) ori     t1, a0, 1807
core   0: 3 0x800032b4 (0x70f56313) x 6 0x0000070f
core   0: 0x800032b8 (0x001fdfb3) srl     t6, t6, ra
core   0: 3 0x800032b8 (0x001fdfb3) x31 0x0007d222
core   0: 0x800032bc (0x00825693) srli    a3, tp, 8
core   0: 3 0x800032bc (0x00825693) x13 0x00000003
core   0: 0x800032c0 (0x21984713) xori    a4, a6, 537
core   0: 3 0x800032c0 (0x21984713) x14 0xfa4452ad
core   0: 0x800032c4 (0xbfb92937) lui     s2, 0xbfb92
core   0: 3 0x800032c4 (0xbfb92937) x18 0xbfb92000
core   0: 0x800032c8 (0x01725793) srli    a5, tp, 23
core   0: 3 0x800032c8 (0x01725793) x15 0x00000000
core   0: 0x800032cc (0x3f06ab13) slti    s6, a3, 1008
core   0: 3 0x800032cc (0x3f06ab13) x22 0x00000001
core   0: 0x800032d0 (0x48824493) xori    s1, tp, 1160
core   0: 3 0x800032d0 (0x48824493) x 9 0x000007e2
core   0: 0x800032d4 (0x4a1f3f13) sltiu   t5, t5, 1185
core   0: 3 0x800032d4 (0x4a1f3f13) x30 0x00000000
core   0: 0x800032d8 (0xefcd8513) addi    a0, s11, -260
core   0: 3 0x800032d8 (0xefcd8513) x10 0x00000266
core   0: 0x800032dc (0x41745c13) srai    s8, s0, 23
core   0: 3 0x800032dc (0x41745c13) x24 0x00000000
core   0: 0x800032e0 (0x00821d33) sll     s10, tp, s0
core   0: 3 0x800032e0 (0x00821d33) x26 0x0000036a
core   0: 0x800032e4 (0x01d339b3) sltu    s3, t1, t4
core   0: 3 0x800032e4 (0x01d339b3) x19 0x00000001
core   0: 0x800032e8 (0xeaf87513) andi    a0, a6, -337
core   0: 3 0x800032e8 (0xeaf87513) x10 0xfa4450a4
core   0: 0x800032ec (0x54587613) andi    a2, a6, 1349
core   0: 3 0x800032ec (0x54587613) x12 0x00000004
core   0: 0x800032f0 (0x00114333) xor     t1, sp, ra
core   0: 3 0x800032f0 (0x00114333) x 6 0xfffff8cd
core   0: 0x800032f4 (0x006b1213) slli    tp, s6, 6
core   0: 3 0x800032f4 (0x006b1213) x 4 0x00000040
core   0: 0x800032f8 (0x01553633) sltu    a2, a0, s5
core   0: 3 0x800032f8 (0x01553633) x12 0x00000000
core   0: 0x800032fc (0x01243533) sltu    a0, s0, s2
core   0: 3 0x800032fc (0x01243533) x10 0x00000001
core   0: 0x80003300 (0x00179893) slli    a7, a5, 1
core   0: 3 0x80003300 (0x00179893) x17 0x00000000
core   0: 0x80003304 (0x00d25b93) srli    s7, tp, 13
core   0: 3 0x80003304 (0x00d25b93) x23 0x00000000
core   0: 0x80003308 (0x0187eab3) or      s5, a5, s8
core   0: 3 0x80003308 (0x0187eab3) x21 0x00000000
core   0: 0x8000330c (0x4d328f93) addi    t6, t0, 1235
core   0: 3 0x8000330c (0x4d328f93) x31 0x800161b7
core   0: 0x80003310 (0x01fc9633) sll     a2, s9, t6
core   0: 3 0x80003310 (0x01fc9633) x12 0x68800000
core   0: 0x80003314 (0x84025217) auipc   tp, 0x84025
core   0: 3 0x80003314 (0x84025217) x 4 0x04028314
core   0: 0x80003318 (0x00a72b33) slt     s6, a4, a0
core   0: 3 0x80003318 (0x00a72b33) x22 0x00000001
core   0: 0x8000331c (0x00e009b3) add     s3, zero, a4
core   0: 3 0x8000331c (0x00e009b3) x19 0xfa4452ad
core   0: 0x80003320 (0x7041ff93) andi    t6, gp, 1796
core   0: 3 0x80003320 (0x7041ff93) x31 0x00000300
core   0: 0x80003324 (0x000869b3) or      s3, a6, zero
core   0: 3 0x80003324 (0x000869b3) x19 0xfa4450b4
core   0: 0x80003328 (0x016d1313) slli    t1, s10, 22
core   0: 3 0x80003328 (0x016d1313) x 6 0xda800000
core   0: 0x8000332c (0x7a624493) xori    s1, tp, 1958
core   0: 3 0x8000332c (0x7a624493) x 9 0x040284b2
core   0: 0x80003330 (0x41678cb3) sub     s9, a5, s6
core   0: 3 0x80003330 (0x41678cb3) x25 0xffffffff
core   0: 0x80003334 (0x00385013) srli    zero, a6, 3
core   0: 3 0x80003334 (0x00385013)
core   0: 0x80003338 (0x00a4c4b3) xor     s1, s1, a0
core   0: 3 0x80003338 (0x00a4c4b3) x 9 0x040284b3
core   0: 0x8000333c (0x00000013) nop
core   0: 3 0x8000333c (0x00000013)
core   0: 0x80003340 (0x00741ab3) sll     s5, s0, t2
core   0: 3 0x80003340 (0x00741ab3) x21 0x00000000
core   0: 0x80003344 (0xe4bbf113) andi    sp, s7, -437
core   0: 3 0x80003344 (0xe4bbf113) x 2 0x00000000
core   0: 0x80003348 (0x00a18433) add     s0, gp, a0
core   0: 3 0x80003348 (0x00a18433) x 8 0x0000036b
core   0: 0x8000334c (0x00109993) slli    s3, ra, 1
core   0: 3 0x8000334c (0x00109993) x19 0xfffff19a
core   0: 0x80003350 (0xbaa830b7) lui     ra, 0xbaa83
core   0: 3 0x80003350 (0xbaa830b7) x 1 0xbaa83000
core   0: 0x80003354 (0x01307db3) and     s11, zero, s3
core   0: 3 0x80003354 (0x01307db3) x27 0x00000000
core   0: 0x80003358 (0x01068033) add     zero, a3, a6
core   0: 3 0x80003358 (0x01068033)
core   0: 0x8000335c (0x41dedb93) srai    s7, t4, 29
core   0: 3 0x8000335c (0x41dedb93) x23 0x00000000
core   0: 0x80003360 (0x0015dc33) srl     s8, a1, ra
core   0: 3 0x80003360 (0x0015dc33) x24 0x00000000
core   0: 0x80003364 (0x01f55013) srli    zero, a0, 31
core   0: 3 0x80003364 (0x01f55013)
core   0: 0x80003368 (0x0144b433) sltu    s0, s1, s4
core   0: 3 0x80003368 (0x0144b433) x 8 0x00000001
core   0: 0x8000336c (0x00000013) nop
core   0: 3 0x8000336c (0x00000013)
core   0: 0x80003370 (0x0033e333) or      t1, t2, gp
core   0: 3 0x80003370 (0x0033e333) x 6 0x80011f6e
core   0: 0x80003374 (0x00019333) sll     t1, gp, zero
core   0: 3 0x80003374 (0x00019333) x 6 0x0000036a
core   0: 0x80003378 (0x0055eab3) or      s5, a1, t0
core   0: 3 0x80003378 (0x0055eab3) x21 0x80015ce4
core   0: 0x8000337c (0x00a45ab3) srl     s5, s0, a0
core   0: 3 0x8000337c (0x00a45ab3) x21 0x00000000
core   0: 0x80003380 (0x5f56a893) slti    a7, a3, 1525
core   0: 3 0x80003380 (0x5f56a893) x17 0x00000001
core   0: 0x80003384 (0x118b7e93) andi    t4, s6, 280
core   0: 3 0x80003384 (0x118b7e93) x29 0x00000000
core   0: 0x80003388 (0x749ba913) slti    s2, s7, 1865
core   0: 3 0x80003388 (0x749ba913) x18 0x00000001
core   0: 0x8000338c (0xfde60b93) addi    s7, a2, -34
core   0: 3 0x8000338c (0xfde60b93) x23 0x687fffde
core   0: 0x80003390 (0x408ed793) srai    a5, t4, 8
core   0: 3 0x80003390 (0x408ed793) x15 0x00000000
core   0: 0x80003394 (0x01217033) and     zero, sp, s2
core   0: 3 0x80003394 (0x01217033)
core   0: 0x80003398 (0xb72cfc13) andi    s8, s9, -1166
core   0: 3 0x80003398 (0xb72cfc13) x24 0xfffffb72
core   0: 0x8000339c (0x41065313) srai    t1, a2, 16
core   0: 3 0x8000339c (0x41065313) x 6 0x00006880
core   0: 0x800033a0 (0x019cdb13) srli    s6, s9, 25
core   0: 3 0x800033a0 (0x019cdb13) x22 0x0000007f
core   0: 0x800033a4 (0x01bb47b3) xor     a5, s6, s11
core   0: 3 0x800033a4 (0x01bb47b3) x15 0x0000007f
core   0: 0x800033a8 (0x7c596b13) ori     s6, s2, 1989
core   0: 3 0x800033a8 (0x7c596b13) x22 0x000007c5
core   0: 0x800033ac (0x001d3c33) sltu    s8, s10, ra
core   0: 3 0x800033ac (0x001d3c33) x24 0x00000001
core   0: 0x800033b0 (0x01b438b3) sltu    a7, s0, s11
core   0: 3 0x800033b0 (0x01b438b3) x17 0x00000000
core   0: 0x800033b4 (0x41a8d013) srai    zero, a7, 26
core   0: 3 0x800033b4 (0x41a8d013)
core   0: 0x800033b8 (0xc9c24213) xori    tp, tp, -868
core   0: 3 0x800033b8 (0xc9c24213) x 4 0xfbfd7f88
core   0: 0x800033bc (0x0027a6b3) slt     a3, a5, sp
core   0: 3 0x800033bc (0x0027a6b3) x13 0x00000000
core   0: 0x800033c0 (0x003a9613) slli    a2, s5, 3
core   0: 3 0x800033c0 (0x003a9613) x12 0x00000000
core   0: 0x800033c4 (0xd474c137) lui     sp, 0xd474c
core   0: 3 0x800033c4 (0xd474c137) x 2 0xd474c000
core   0: 0x800033c8 (0x51784f13) xori    t5, a6, 1303
core   0: 3 0x800033c8 (0x51784f13) x30 0xfa4455a3
core   0: 0x800033cc (0x4109d693) srai    a3, s3, 16
core   0: 3 0x800033cc (0x4109d693) x13 0xffffffff
core   0: 0x800033d0 (0xbf37ca93) xori    s5, a5, -1037
core   0: 3 0x800033d0 (0xbf37ca93) x21 0xfffffb8c
core   0: 0x800033d4 (0x40605d13) srai    s10, zero, 6
core   0: 3 0x800033d4 (0x40605d13) x26 0x00000000
core   0: 0x800033d8 (0x96b7e113) ori     sp, a5, -1685
core   0: 3 0x800033d8 (0x96b7e113) x 2 0xfffff97f
core   0: 0x800033dc (0x00280733) add     a4, a6, sp
core   0: 3 0x800033dc (0x00280733) x14 0xfa444a33
core   0: 0x800033e0 (0xb296f113) andi    sp, a3, -1239
core   0: 3 0x800033e0 (0xb296f113) x 2 0xfffffb29
core   0: 0x800033e4 (0x00000013) nop
core   0: 3 0x800033e4 (0x00000013)
core   0: 0x800033e8 (0x40730fb3) sub     t6, t1, t2
core   0: 3 0x800033e8 (0x40730fb3) x31 0x7fff4a1c
core   0: 0x800033ec (0x00000013) nop
core   0: 3 0x800033ec (0x00000013)
core   0: 0x800033f0 (0x004ded33) or      s10, s11, tp
core   0: 3 0x800033f0 (0x004ded33) x26 0xfbfd7f88
core   0: 0x800033f4 (0x01222333) slt     t1, tp, s2
core   0: 3 0x800033f4 (0x01222333) x 6 0x00000001
core   0: 0x800033f8 (0x007c5093) srli    ra, s8, 7
core   0: 3 0x800033f8 (0x007c5093) x 1 0x00000000
core   0: 0x800033fc (0xb7078517) auipc   a0, 0xb7078
core   0: 3 0x800033fc (0xb7078517) x10 0x3707b3fc
core   0: 0x80003400 (0x00000013) nop
core   0: 3 0x80003400 (0x00000013)
core   0: 0x80003404 (0x01f52133) slt     sp, a0, t6
core   0: 3 0x80003404 (0x01f52133) x 2 0x00000001
core   0: 0x80003408 (0x01031bb3) sll     s7, t1, a6
core   0: 3 0x80003408 (0x01031bb3) x23 0x00100000
core   0: 0x8000340c (0x00675c13) srli    s8, a4, 6
core   0: 3 0x8000340c (0x00675c13) x24 0x03e91128
core   0: 0x80003410 (0x005a7c33) and     s8, s4, t0
core   0: 3 0x80003410 (0x005a7c33) x24 0x80010840
core   0: 0x80003414 (0xd23af013) andi    zero, s5, -733
core   0: 3 0x80003414 (0xd23af013)
core   0: 0x80003418 (0x01c17133) and     sp, sp, t3
core   0: 3 0x80003418 (0x01c17133) x 2 0x00000000
core   0: 0x8000341c (0x004d85b3) add     a1, s11, tp
core   0: 3 0x8000341c (0x004d85b3) x11 0xfbfd7f88
core   0: 0x80003420 (0xb5ec3b13) sltiu   s6, s8, -1186
core   0: 3 0x80003420 (0xb5ec3b13) x22 0x00000001
core   0: 0x80003424 (0x00b01e93) slli    t4, zero, 11
core   0: 3 0x80003424 (0x00b01e93) x29 0x00000000
core   0: 0x80003428 (0xf071f893) andi    a7, gp, -249
core   0: 3 0x80003428 (0xf071f893) x17 0x00000302
core   0: 0x8000342c (0x01c3d213) srli    tp, t2, 28
core   0: 3 0x8000342c (0x01c3d213) x 4 0x00000008
core   0: 0x80003430 (0x51f95a97) auipc   s5, 0x51f95
core   0: 3 0x80003430 (0x51f95a97) x21 0xd1f98430
core   0: 0x80003434 (0xd1fa7193) andi    gp, s4, -737
core   0: 3 0x80003434 (0xd1fa7193) x 3 0xa4450900
core   0: 0x80003438 (0x08940c93) addi    s9, s0, 137
core   0: 3 0x80003438 (0x08940c93) x25 0x0000008a
core   0: 0x8000343c (0xcf4be8b7) lui     a7, 0xcf4be
core   0: 3 0x8000343c (0xcf4be8b7) x17 0xcf4be000
core   0: 0x80003440 (0xefb5c513) xori    a0, a1, -261
core   0: 3 0x80003440 (0xefb5c513) x10 0x04028173
core   0: 0x80003444 (0x00401993) slli    s3, zero, 4
core   0: 3 0x80003444 (0x00401993) x19 0x00000000
core   0: 0x80003448 (0x013e5a33) srl     s4, t3, s3
core   0: 3 0x80003448 (0x013e5a33) x20 0xa50d0284
core   0: 0x8000344c (0xb41cc993) xori    s3, s9, -1215
core   0: 3 0x8000344c (0xb41cc993) x19 0xfffffbcb
core   0: 0x80003450 (0x54ffa493) slti    s1, t6, 1359
core   0: 3 0x80003450 (0x54ffa493) x 9 0x00000000
core   0: 0x80003454 (0xa9f984b7) lui     s1, 0xa9f98
core   0: 3 0x80003454 (0xa9f984b7) x 9 0xa9f98000
core   0: 0x80003458 (0x01f62d33) slt     s10, a2, t6
core   0: 3 0x80003458 (0x01f62d33) x26 0x00000001
core   0: 0x8000345c (0x0ec78193) addi    gp, a5, 236
core   0: 3 0x8000345c (0x0ec78193) x 3 0x0000016b
core   0: 0x80003460 (0x0036e333) or      t1, a3, gp
core   0: 3 0x80003460 (0x0036e333) x 6 0xffffffff
core   0: 0x80003464 (0x0062deb3) srl     t4, t0, t1
core   0: 3 0x80003464 (0x0062deb3) x29 0x00000001
core   0: 0x80003468 (0x00e14b33) xor     s6, sp, a4
core   0: 3 0x80003468 (0x00e14b33) x22 0xfa444a33
core   0: 0x8000346c (0x8a1ae0b7) lui     ra, 0x8a1ae
core   0: 3 0x8000346c (0x8a1ae0b7) x 1 0x8a1ae000
core   0: 0x80003470 (0x01de39b3) sltu    s3, t3, t4
core   0: 3 0x80003470 (0x01de39b3) x19 0x00000000
core   0: 0x80003474 (0x019816b3) sll     a3, a6, s9
core   0: 3 0x80003474 (0x019816b3) x13 0x1142d000
core   0: 0x80003478 (0x01efdab3) srl     s5, t6, t5
core   0: 3 0x80003478 (0x01efdab3) x21 0x0fffe943
core   0: 0x8000347c (0x6520bb93) sltiu   s7, ra, 1618
core   0: 3 0x8000347c (0x6520bb93) x23 0x00000000
core   0: 0x80003480 (0x01e71ab3) sll     s5, a4, t5
core   0: 3 0x80003480 (0x01e71ab3) x21 0xd2225198
core   0: 0x80003484 (0x01695e93) srli    t4, s2, 22
core   0: 3 0x80003484 (0x01695e93) x29 0x00000000
core   0: 0x80003488 (0x34b6cc37) lui     s8, 0x34b6c
core   0: 3 0x80003488 (0x34b6cc37) x24 0x34b6c000
core   0: 0x8000348c (0x03d0be13) sltiu   t3, ra, 61
core   0: 3 0x8000348c (0x03d0be13) x28 0x00000000
core   0: 0x80003490 (0x01305e33) srl     t3, zero, s3
core   0: 3 0x80003490 (0x01305e33) x28 0x00000000
core   0: 0x80003494 (0x254aee93) ori     t4, s5, 596
core   0: 3 0x80003494 (0x254aee93) x29 0xd22253dc
core   0: 0x80003498 (0x4060d533) sra     a0, ra, t1
core   0: 3 0x80003498 (0x4060d533) x10 0xffffffff
core   0: 0x8000349c (0x41800c33) sub     s8, zero, s8
core   0: 3 0x8000349c (0x41800c33) x24 0xcb494000
core   0: 0x800034a0 (0x01c11613) slli    a2, sp, 28
core   0: 3 0x800034a0 (0x01c11613) x12 0x00000000
core   0: 0x800034a4 (0x40ae57b3) sra     a5, t3, a0
core   0: 3 0x800034a4 (0x40ae57b3) x15 0x00000000
core   0: 0x800034a8 (0xfd153793) sltiu   a5, a0, -47
core   0: 3 0x800034a8 (0xfd153793) x15 0x00000000
core   0: 0x800034ac (0xb0c82113) slti    sp, a6, -1268
core   0: 3 0x800034ac (0xb0c82113) x 2 0x00000001
core   0: 0x800034b0 (0x0006c933) xor     s2, a3, zero
core   0: 3 0x800034b0 (0x0006c933) x18 0x1142d000
core   0: 0x800034b4 (0x01faa8b3) slt     a7, s5, t6
core   0: 3 0x800034b4 (0x01faa8b3) x17 0x00000001
core   0: 0x800034b8 (0x001e4233) xor     tp, t3, ra
core   0: 3 0x800034b8 (0x001e4233) x 4 0x8a1ae000
core   0: 0x800034bc (0x013b5b93) srli    s7, s6, 19
core   0: 3 0x800034bc (0x013b5b93) x23 0x00001f48
core   0: 0x800034c0 (0xb801a193) slti    gp, gp, -1152
core   0: 3 0x800034c0 (0xb801a193) x 3 0x00000000
core   0: 0x800034c4 (0x00b658b3) srl     a7, a2, a1
core   0: 3 0x800034c4 (0x00b658b3) x17 0x00000000
core   0: 0x800034c8 (0x41cad0b3) sra     ra, s5, t3
core   0: 3 0x800034c8 (0x41cad0b3) x 1 0xd2225198
core   0: 0x800034cc (0x7ade8e93) addi    t4, t4, 1965
core   0: 3 0x800034cc (0x7ade8e93) x29 0xd2225b89
core   0: 0x800034d0 (0xcd100117) auipc   sp, 0xcd100
core   0: 3 0x800034d0 (0xcd100117) x 2 0x4d1034d0
core   0: 0x800034d4 (0x00c54ab3) xor     s5, a0, a2
core   0: 3 0x800034d4 (0x00c54ab3) x21 0xffffffff
core   0: 0x800034d8 (0x18046493) ori     s1, s0, 384
core   0: 3 0x800034d8 (0x18046493) x 9 0x00000181
core   0: 0x800034dc (0x72e58f97) auipc   t6, 0x72e58
core   0: 3 0x800034dc (0x72e58f97) x31 0xf2e5b4dc
core   0: 0x800034e0 (0x0094cc33) xor     s8, s1, s1
core   0: 3 0x800034e0 (0x0094cc33) x24 0x00000000
core   0: 0x800034e4 (0x0135c9b3) xor     s3, a1, s3
core   0: 3 0x800034e4 (0x0135c9b3) x19 0xfbfd7f88
core   0: 0x800034e8 (0x018d9893) slli    a7, s11, 24
core   0: 3 0x800034e8 (0x018d9893) x17 0x00000000
core   0: 0x800034ec (0x6a4d6513) ori     a0, s10, 1700
core   0: 3 0x800034ec (0x6a4d6513) x10 0x000006a5
core   0: 0x800034f0 (0x490c2b13) slti    s6, s8, 1168
core   0: 3 0x800034f0 (0x490c2b13) x22 0x00000001
core   0: 0x800034f4 (0x4e573b93) sltiu   s7, a4, 1253
core   0: 3 0x800034f4 (0x4e573b93) x23 0x00000000
core   0: 0x800034f8 (0x41b78bb3) sub     s7, a5, s11
core   0: 3 0x800034f8 (0x41b78bb3) x23 0x00000000
core   0: 0x800034fc (0x0a0a7213) andi    tp, s4, 160
core   0: 3 0x800034fc (0x0a0a7213) x 4 0x00000080
core   0: 0x80003500 (0x0043dc33) srl     s8, t2, tp
core   0: 3 0x80003500 (0x0043dc33) x24 0x80011e64
core   0: 0x80003504 (0x013fb133) sltu    sp, t6, s3
core   0: 3 0x80003504 (0x013fb133) x 2 0x00000001
core   0: 0x80003508 (0x01b79913) slli    s2, a5, 27
core   0: 3 0x80003508 (0x01b79913) x18 0x00000000
core   0: 0x8000350c (0x01203633) snez    a2, s2
core   0: 3 0x8000350c (0x01203633) x12 0x00000000
core   0: 0x80003510 (0x40145bb3) sra     s7, s0, ra
core   0: 3 0x80003510 (0x40145bb3) x23 0x00000000
core   0: 0x80003514 (0x01f2df93) srli    t6, t0, 31
core   0: 3 0x80003514 (0x01f2df93) x31 0x00000001
core   0: 0x80003518 (0xf47b8f97) auipc   t6, 0xf47b8
core   0: 3 0x80003518 (0xf47b8f97) x31 0x747bb518
core   0: 0x8000351c (0x40845bb3) sra     s7, s0, s0
core   0: 3 0x8000351c (0x40845bb3) x23 0x00000000
core   0: 0x80003520 (0x00000013) nop
core   0: 3 0x80003520 (0x00000013)
core   0: 0x80003524 (0x3b6ba113) slti    sp, s7, 950
core   0: 3 0x80003524 (0x3b6ba113) x 2 0x00000001
core   0: 0x80003528 (0x01ad4733) xor     a4, s10, s10
core   0: 3 0x80003528 (0x01ad4733) x14 0x00000000
core   0: 0x8000352c (0x40ded0b3) sra     ra, t4, a3
core   0: 3 0x8000352c (0x40ded0b3) x 1 0xd2225b89
core   0: 0x80003530 (0x41bb0d33) sub     s10, s6, s11
core   0: 3 0x80003530 (0x41bb0d33) x26 0x00000001
core   0: 0x80003534 (0x75dc3337) lui     t1, 0x75dc3
core   0: 3 0x80003534 (0x75dc3337) x 6 0x75dc3000
core   0: 0x80003538 (0x00222633) slt     a2, tp, sp
core   0: 3 0x80003538 (0x00222633) x12 0x00000000
core   0: 0x8000353c (0x00b6b6b3) sltu    a3, a3, a1
core   0: 3 0x8000353c (0x00b6b6b3) x13 0x00000001
core   0: 0x80003540 (0x015b8933) add     s2, s7, s5
core   0: 3 0x80003540 (0x015b8933) x18 0xffffffff
core   0: 0x80003544 (0x416480b3) sub     ra, s1, s6
core   0: 3 0x80003544 (0x416480b3) x 1 0x00000180
core   0: 0x80003548 (0xa78aa013) slti    zero, s5, -1416
core   0: 3 0x80003548 (0xa78aa013)
core   0: 0x8000354c (0x41485633) sra     a2, a6, s4
core   0: 3 0x8000354c (0x41485633) x12 0xffa4450b
core   0: 0x80003550 (0x008e5d93) srli    s11, t3, 8
core   0: 3 0x80003550 (0x008e5d93) x27 0x00000000
core   0: 0x80003554 (0x04248413) addi    s0, s1, 66
core   0: 3 0x80003554 (0x04248413) x 8 0x000001c3
core   0: 0x80003558 (0x41ca8133) sub     sp, s5, t3
core   0: 3 0x80003558 (0x41ca8133) x 2 0xffffffff
core   0: 0x8000355c (0x40738633) sub     a2, t2, t2
core   0: 3 0x8000355c (0x40738633) x12 0x00000000
core   0: 0x80003560 (0x00dac133) xor     sp, s5, a3
core   0: 3 0x80003560 (0x00dac133) x 2 0xfffffffe
core   0: 0x80003564 (0x0062ff33) and     t5, t0, t1
core   0: 3 0x80003564 (0x0062ff33) x30 0x00001000
core   0: 0x80003568 (0x4812c017) auipc   zero, 0x4812c
core   0: 3 0x80003568 (0x4812c017)
core   0: 0x8000356c (0x45fdf637) lui     a2, 0x45fdf
core   0: 3 0x8000356c (0x45fdf637) x12 0x45fdf000
core   0: 0x80003570 (0x40605a93) srai    s5, zero, 6
core   0: 3 0x80003570 (0x40605a93) x21 0x00000000
core   0: 0x80003574 (0x01398d33) add     s10, s3, s3
core   0: 3 0x80003574 (0x01398d33) x26 0xf7faff10
core   0: 0x80003578 (0x007f5993) srli    s3, t5, 7
core   0: 3 0x80003578 (0x007f5993) x19 0x00000020
core   0: 0x8000357c (0x6cdaa313) slti    t1, s5, 1741
core   0: 3 0x8000357c (0x6cdaa313) x 6 0x00000001
core   0: 0x80003580 (0x006e7033) and     zero, t3, t1
core   0: 3 0x80003580 (0x006e7033)
core   0: 0x80003584 (0x4cbfa693) slti    a3, t6, 1227
core   0: 3 0x80003584 (0x4cbfa693) x13 0x00000000
core   0: 0x80003588 (0x41f2dc33) sra     s8, t0, t6
core   0: 3 0x80003588 (0x41f2dc33) x24 0xffffff80
core   0: 0x8000358c (0x00f235b3) sltu    a1, tp, a5
core   0: 3 0x8000358c (0x00f235b3) x11 0x00000000
core   0: 0x80003590 (0xe7bdce93) xori    t4, s11, -389
core   0: 3 0x80003590 (0xe7bdce93) x29 0xfffffe7b
core   0: 0x80003594 (0x00f0d4b3) srl     s1, ra, a5
core   0: 3 0x80003594 (0x00f0d4b3) x 9 0x00000180
core   0: 0x80003598 (0x012aeab3) or      s5, s5, s2
core   0: 3 0x80003598 (0x012aeab3) x21 0xffffffff
core   0: 0x8000359c (0xc2f2c713) xori    a4, t0, -977
core   0: 3 0x8000359c (0xc2f2c713) x14 0x7ffea0cb
core   0: 0x800035a0 (0x0035e197) auipc   gp, 0x35e
core   0: 3 0x800035a0 (0x0035e197) x 3 0x803615a0
core   0: 0x800035a4 (0x01f2d533) srl     a0, t0, t6
core   0: 3 0x800035a4 (0x01f2d533) x10 0x00000080
core   0: 0x800035a8 (0x4034d213) srai    tp, s1, 3
core   0: 3 0x800035a8 (0x4034d213) x 4 0x00000030
core   0: 0x800035ac (0x00000013) nop
core   0: 3 0x800035ac (0x00000013)
core   0: 0x800035b0 (0x41a4d6b3) sra     a3, s1, s10
core   0: 3 0x800035b0 (0x41a4d6b3) x13 0x00000000
core   0: 0x800035b4 (0x00a98c33) add     s8, s3, a0
core   0: 3 0x800035b4 (0x00a98c33) x24 0x000000a0
core   0: 0x800035b8 (0xb9454513) xori    a0, a0, -1132
core   0: 3 0x800035b8 (0xb9454513) x10 0xfffffb14
core   0: 0x800035bc (0x40175713) srai    a4, a4, 1
core   0: 3 0x800035bc (0x40175713) x14 0x3fff5065
core   0: 0x800035c0 (0x6cfef797) auipc   a5, 0x6cfef
core   0: 3 0x800035c0 (0x6cfef797) x15 0xecff25c0
core   0: 0x800035c4 (0x011754b3) srl     s1, a4, a7
core   0: 3 0x800035c4 (0x011754b3) x 9 0x3fff5065
core   0: 0x800035c8 (0x016ed7b3) srl     a5, t4, s6
core   0: 3 0x800035c8 (0x016ed7b3) x15 0x7fffff3d
core   0: 0x800035cc (0x339ca117) auipc   sp, 0x339ca
core   0: 3 0x800035cc (0x339ca117) x 2 0xb39cd5cc
core   0: 0x800035d0 (0x00ff7f33) and     t5, t5, a5
core   0: 3 0x800035d0 (0x00ff7f33) x30 0x00001000
core   0: 0x800035d4 (0x01b01a93) slli    s5, zero, 27
core   0: 3 0x800035d4 (0x01b01a93) x21 0x00000000
core   0: 0x800035d8 (0x9c54f713) andi    a4, s1, -1595
core   0: 3 0x800035d8 (0x9c54f713) x14 0x3fff5045
core   0: 0x800035dc (0x0020eab3) or      s5, ra, sp
core   0: 3 0x800035dc (0x0020eab3) x21 0xb39cd5cc
core   0: 0x800035e0 (0x01cdda13) srli    s4, s11, 28
core   0: 3 0x800035e0 (0x01cdda13) x20 0x00000000
core   0: 0x800035e4 (0x415edf13) srai    t5, t4, 21
core   0: 3 0x800035e4 (0x415edf13) x30 0xffffffff
core   0: 0x800035e8 (0x41c9d8b3) sra     a7, s3, t3
core   0: 3 0x800035e8 (0x41c9d8b3) x17 0x00000020
core   0: 0x800035ec (0x41441bb7) lui     s7, 0x41441
core   0: 3 0x800035ec (0x41441bb7) x23 0x41441000
core   0: 0x800035f0 (0xc344bd93) sltiu   s11, s1, -972
core   0: 3 0x800035f0 (0xc344bd93) x27 0x00000001
core   0: 0x800035f4 (0x401e5ab3) sra     s5, t3, ra
core   0: 3 0x800035f4 (0x401e5ab3) x21 0x00000000
core   0: 0x800035f8 (0x01e43c33) sltu    s8, s0, t5
core   0: 3 0x800035f8 (0x01e43c33) x24 0x00000001
core   0: 0x800035fc (0x0034a1b3) slt     gp, s1, gp
core   0: 3 0x800035fc (0x0034a1b3) x 3 0x00000000
core   0: 0x80003600 (0x40e585b3) sub     a1, a1, a4
core   0: 3 0x80003600 (0x40e585b3) x11 0xc000afbb
core   0: 0x80003604 (0x01b78e33) add     t3, a5, s11
core   0: 3 0x80003604 (0x01b78e33) x28 0x7fffff3e
core   0: 0x80003608 (0x4165d113) srai    sp, a1, 22
core   0: 3 0x80003608 (0x4165d113) x 2 0xffffff00
core   0: 0x8000360c (0x006655b3) srl     a1, a2, t1
core   0: 3 0x8000360c (0x006655b3) x11 0x22fef800
core   0: 0x80003610 (0xa67deb13) ori     s6, s11, -1433
core   0: 3 0x80003610 (0xa67deb13) x22 0xfffffa67
core   0: 0x80003614 (0xbf3b2493) slti    s1, s6, -1037
core   0: 3 0x80003614 (0xbf3b2493) x 9 0x00000001
core   0: 0x80003618 (0x5a94e213) ori     tp, s1, 1449
core   0: 3 0x80003618 (0x5a94e213) x 4 0x000005a9
core   0: 0x8000361c (0x00c71ab3) sll     s5, a4, a2
core   0: 3 0x8000361c (0x00c71ab3) x21 0x3fff5045
core   0: 0x80003620 (0x14afc113) xori    sp, t6, 330
core   0: 3 0x80003620 (0x14afc113) x 2 0x747bb452
core   0: 0x80003624 (0x00a36133) or      sp, t1, a0
core   0: 3 0x80003624 (0x00a36133) x 2 0xfffffb15
core   0: 0x80003628 (0xb2faa993) slti    s3, s5, -1233
core   0: 3 0x80003628 (0xb2faa993) x19 0x00000000
core   0: 0x8000362c (0x8cb8bf93) sltiu   t6, a7, -1845
core   0: 3 0x8000362c (0x8cb8bf93) x31 0x00000001
core   0: 0x80003630 (0x002e5593) srli    a1, t3, 2
core   0: 3 0x80003630 (0x002e5593) x11 0x1fffffcf
core   0: 0x80003634 (0x40175d33) sra     s10, a4, ra
core   0: 3 0x80003634 (0x40175d33) x26 0x3fff5045
core   0: 0x80003638 (0x00eef733) and     a4, t4, a4
core   0: 3 0x80003638 (0x00eef733) x14 0x3fff5041
core   0: 0x8000363c (0x00a81913) slli    s2, a6, 10
core   0: 3 0x8000363c (0x00a81913) x18 0x1142d000
core   0: 0x80003640 (0x47856717) auipc   a4, 0x47856
core   0: 3 0x80003640 (0x47856717) x14 0xc7859640
core   0: 0x80003644 (0x0163db93) srli    s7, t2, 22
core   0: 3 0x80003644 (0x0163db93) x23 0x00000200
core   0: 0x80003648 (0x01aefdb3) and     s11, t4, s10
core   0: 3 0x80003648 (0x01aefdb3) x27 0x3fff5041
core   0: 0x8000364c (0x00000013) nop
core   0: 3 0x8000364c (0x00000013)
core   0: 0x80003650 (0x00c894b3) sll     s1, a7, a2
core   0: 3 0x80003650 (0x00c894b3) x 9 0x00000020
core   0: 0x80003654 (0x00c2de33) srl     t3, t0, a2
core   0: 3 0x80003654 (0x00c2de33) x28 0x80015ce4
core   0: 0x80003658 (0xdaaf2013) slti    zero, t5, -598
core   0: 3 0x80003658 (0xdaaf2013)
core   0: 0x8000365c (0x41635713) srai    a4, t1, 22
core   0: 3 0x8000365c (0x41635713) x14 0x00000000
core   0: 0x80003660 (0x0157d533) srl     a0, a5, s5
core   0: 3 0x80003660 (0x0157d533) x10 0x03fffff9
core   0: 0x80003664 (0x2fb42517) auipc   a0, 0x2fb42
core   0: 3 0x80003664 (0x2fb42517) x10 0xafb45664
core   0: 0x80003668 (0x00a85513) srli    a0, a6, 10
core   0: 3 0x80003668 (0x00a85513) x10 0x003e9114
core   0: 0x8000366c (0x014ac333) xor     t1, s5, s4
core   0: 3 0x8000366c (0x014ac333) x 6 0x3fff5045
core   0: 0x80003670 (0xdcc54513) xori    a0, a0, -564
core   0: 3 0x80003670 (0xdcc54513) x10 0xffc16cd8
core   0: 0x80003674 (0x41105c13) srai    s8, zero, 17
core   0: 3 0x80003674 (0x41105c13) x24 0x00000000
core   0: 0x80003678 (0xba036117) auipc   sp, 0xba036
core   0: 3 0x80003678 (0xba036117) x 2 0x3a039678
core   0: 0x8000367c (0x2770b913) sltiu   s2, ra, 631
core   0: 3 0x8000367c (0x2770b913) x18 0x00000001
core   0: 0x80003680 (0x41460433) sub     s0, a2, s4
core   0: 3 0x80003680 (0x41460433) x 8 0x45fdf000
core   0: 0x80003684 (0x010c3033) sltu    zero, s8, a6
core   0: 3 0x80003684 (0x010c3033)
core   0: 0x80003688 (0x01b879b3) and     s3, a6, s11
core   0: 3 0x80003688 (0x01b879b3) x19 0x3a445000
core   0: 0x8000368c (0xea39ca13) xori    s4, s3, -349
core   0: 3 0x8000368c (0xea39ca13) x20 0xc5bbaea3
core   0: 0x80003690 (0x87e07f93) andi    t6, zero, -1922
core   0: 3 0x80003690 (0x87e07f93) x31 0x00000000
core   0: 0x80003694 (0xcc677e13) andi    t3, a4, -826
core   0: 3 0x80003694 (0xcc677e13) x28 0x00000000
core   0: 0x80003698 (0x00000013) nop
core   0: 3 0x80003698 (0x00000013)
core   0: 0x8000369c (0x00000013) nop
core   0: 3 0x8000369c (0x00000013)
core   0: 0x800036a0 (0xb3ed8213) addi    tp, s11, -1218
core   0: 3 0x800036a0 (0xb3ed8213) x 4 0x3fff4b7f
core   0: 0x800036a4 (0x002a2033) slt     zero, s4, sp
core   0: 3 0x800036a4 (0x002a2033)
core   0: 0x800036a8 (0x006555b3) srl     a1, a0, t1
core   0: 3 0x800036a8 (0x006555b3) x11 0x07fe0b66
core   0: 0x800036ac (0x00d4c433) xor     s0, s1, a3
core   0: 3 0x800036ac (0x00d4c433) x 8 0x00000020
core   0: 0x800036b0 (0x000ad9b3) srl     s3, s5, zero
core   0: 3 0x800036b0 (0x000ad9b3) x19 0x3fff5045
core   0: 0x800036b4 (0x0127fe33) and     t3, a5, s2
core   0: 3 0x800036b4 (0x0127fe33) x28 0x00000001
core   0: 0x800036b8 (0x0127a433) slt     s0, a5, s2
core   0: 3 0x800036b8 (0x0127a433) x 8 0x00000000
core   0: 0x800036bc (0x411b0333) sub     t1, s6, a7
core   0: 3 0x800036bc (0x411b0333) x 6 0xfffffa47
core   0: 0x800036c0 (0x00000013) nop
core   0: 3 0x800036c0 (0x00000013)
core   0: 0x800036c4 (0x71e46437) lui     s0, 0x71e46
core   0: 3 0x800036c4 (0x71e46437) x 8 0x71e46000
core   0: 0x800036c8 (0x419dd0b3) sra     ra, s11, s9
core   0: 3 0x800036c8 (0x419dd0b3) x 1 0x000fffd4
core   0: 0x800036cc (0x41b4da33) sra     s4, s1, s11
core   0: 3 0x800036cc (0x41b4da33) x20 0x00000010
core   0: 0x800036d0 (0x8cc06313) ori     t1, zero, -1844
core   0: 3 0x800036d0 (0x8cc06313) x 6 0xfffff8cc
core   0: 0x800036d4 (0x018fda93) srli    s5, t6, 24
core   0: 3 0x800036d4 (0x018fda93) x21 0x00000000
core   0: 0x800036d8 (0x00eaa533) slt     a0, s5, a4
core   0: 3 0x800036d8 (0x00eaa533) x10 0x00000000
core   0: 0x800036dc (0x013c5a33) srl     s4, s8, s3
core   0: 3 0x800036dc (0x013c5a33) x20 0x00000000
core   0: 0x800036e0 (0x01be8cb3) add     s9, t4, s11
core   0: 3 0x800036e0 (0x01be8cb3) x25 0x3fff4ebc
core   0: 0x800036e4 (0x010255b3) srl     a1, tp, a6
core   0: 3 0x800036e4 (0x010255b3) x11 0x000003ff
core   0: 0x800036e8 (0x0092edb3) or      s11, t0, s1
core   0: 3 0x800036e8 (0x0092edb3) x27 0x80015ce4
core   0: 0x800036ec (0x7a487b13) andi    s6, a6, 1956
core   0: 3 0x800036ec (0x7a487b13) x22 0x000000a4
core   0: 0x800036f0 (0x017069b3) or      s3, zero, s7
core   0: 3 0x800036f0 (0x017069b3) x19 0x00000200
core   0: 0x800036f4 (0x01d51a13) slli    s4, a0, 29
core   0: 3 0x800036f4 (0x01d51a13) x20 0x00000000
core   0: 0x800036f8 (0x019534b3) sltu    s1, a0, s9
core   0: 3 0x800036f8 (0x019534b3) x 9 0x00000001
core   0: 0x800036fc (0x012c3633) sltu    a2, s8, s2
core   0: 3 0x800036fc (0x012c3633) x12 0x00000001
core   0: 0x80003700 (0x00000013) nop
core   0: 3 0x80003700 (0x00000013)
core   0: 0x80003704 (0x011a9b33) sll     s6, s5, a7
core   0: 3 0x80003704 (0x011a9b33) x22 0x00000000
core   0: 0x80003708 (0xf7812713) slti    a4, sp, -136
core   0: 3 0x80003708 (0xf7812713) x14 0x00000000
core   0: 0x8000370c (0xfd414593) xori    a1, sp, -44
core   0: 3 0x8000370c (0xfd414593) x11 0xc5fc69ac
core   0: 0x80003710 (0x00454333) xor     t1, a0, tp
core   0: 3 0x80003710 (0x00454333) x 6 0x3fff4b7f
core   0: 0x80003714 (0x00249913) slli    s2, s1, 2
core   0: 3 0x80003714 (0x00249913) x18 0x00000004
core   0: 0x80003718 (0x01828c33) add     s8, t0, s8
core   0: 3 0x80003718 (0x01828c33) x24 0x80015ce4
core   0: 0x8000371c (0x007b1133) sll     sp, s6, t2
core   0: 3 0x8000371c (0x007b1133) x 2 0x00000000
core   0: 0x80003720 (0x6a9cba13) sltiu   s4, s9, 1705
core   0: 3 0x80003720 (0x6a9cba13) x20 0x00000000
core   0: 0x80003724 (0x00bf18b3) sll     a7, t5, a1
core   0: 3 0x80003724 (0x00bf18b3) x17 0xfffff000
core   0: 0x80003728 (0xe10d1217) auipc   tp, 0xe10d1
core   0: 3 0x80003728 (0xe10d1217) x 4 0x610d4728
core   0: 0x8000372c (0x417e8433) sub     s0, t4, s7
core   0: 3 0x8000372c (0x417e8433) x 8 0xfffffc7b
core   0: 0x80003730 (0x002d9933) sll     s2, s11, sp
core   0: 3 0x80003730 (0x002d9933) x18 0x80015ce4
core   0: 0x80003734 (0x008108b3) add     a7, sp, s0
core   0: 3 0x80003734 (0x008108b3) x17 0xfffffc7b
core   0: 0x80003738 (0x00805893) srli    a7, zero, 8
core   0: 3 0x80003738 (0x00805893) x17 0x00000000
core   0: 0x8000373c (0x21287f93) andi    t6, a6, 530
core   0: 3 0x8000373c (0x21287f93) x31 0x00000010
core   0: 0x80003740 (0x019acf33) xor     t5, s5, s9
core   0: 3 0x80003740 (0x019acf33) x30 0x3fff4ebc
core   0: 0x80003744 (0xb28f4e13) xori    t3, t5, -1240
core   0: 3 0x80003744 (0xb28f4e13) x28 0xc000b594
core   0: 0x80003748 (0x41355d33) sra     s10, a0, s3
core   0: 3 0x80003748 (0x41355d33) x26 0x00000000
core   0: 0x8000374c (0xec59e493) ori     s1, s3, -315
core   0: 3 0x8000374c (0xec59e493) x 9 0xfffffec5
core   0: 0x80003750 (0x412250b3) sra     ra, tp, s2
core   0: 3 0x80003750 (0x412250b3) x 1 0x0610d472
core   0: 0x80003754 (0x010c46b3) xor     a3, s8, a6
core   0: 3 0x80003754 (0x010c46b3) x13 0x7a450c50
core   0: 0x80003758 (0x413486b3) sub     a3, s1, s3
core   0: 3 0x80003758 (0x413486b3) x13 0xfffffcc5
core   0: 0x8000375c (0x01deec33) or      s8, t4, t4
core   0: 3 0x8000375c (0x01deec33) x24 0xfffffe7b
core   0: 0x80003760 (0x40a7d033) sra     zero, a5, a0
core   0: 3 0x80003760 (0x40a7d033)
core   0: 0x80003764 (0x403f56b3) sra     a3, t5, gp
core   0: 3 0x80003764 (0x403f56b3) x13 0x3fff4ebc
core   0: 0x80003768 (0x0024abb3) slt     s7, s1, sp
core   0: 3 0x80003768 (0x0024abb3) x23 0x00000001
core   0: 0x8000376c (0x41828c33) sub     s8, t0, s8
core   0: 3 0x8000376c (0x41828c33) x24 0x80015e69
core   0: 0x80003770 (0x013f0db3) add     s11, t5, s3
core   0: 3 0x80003770 (0x013f0db3) x27 0x3fff50bc
core   0: 0x80003774 (0x01d794b3) sll     s1, a5, t4
core   0: 3 0x80003774 (0x01d794b3) x 9 0xe8000000
core   0: 0x80003778 (0xd4a1a313) slti    t1, gp, -694
core   0: 3 0x80003778 (0xd4a1a313) x 6 0x00000000
core   0: 0x8000377c (0x004f2793) slti    a5, t5, 4
core   0: 3 0x8000377c (0x004f2793) x15 0x00000000
core   0: 0x80003780 (0x31902313) slti    t1, zero, 793
core   0: 3 0x80003780 (0x31902313) x 6 0x00000001
core   0: 0x80003784 (0x019ed333) srl     t1, t4, s9
core   0: 3 0x80003784 (0x019ed333) x 6 0x0000000f
core   0: 0x80003788 (0x999da493) slti    s1, s11, -1639
core   0: 3 0x80003788 (0x999da493) x 9 0x00000000
core   0: 0x8000378c (0xd0f7bbb7) lui     s7, 0xd0f7b
core   0: 3 0x8000378c (0xd0f7bbb7) x23 0xd0f7b000
core   0: 0x80003790 (0x012ec033) xor     zero, t4, s2
core   0: 3 0x80003790 (0x012ec033)
core   0: 0x80003794 (0x0110a9b3) slt     s3, ra, a7
core   0: 3 0x80003794 (0x0110a9b3) x19 0x00000000
core   0: 0x80003798 (0x0143e233) or      tp, t2, s4
core   0: 3 0x80003798 (0x0143e233) x 4 0x80011e64
core   0: 0x8000379c (0x4148dd33) sra     s10, a7, s4
core   0: 3 0x8000379c (0x4148dd33) x26 0x00000000
core   0: 0x800037a0 (0x374eea17) auipc   s4, 0x374ee
core   0: 3 0x800037a0 (0x374eea17) x20 0xb74f17a0
core   0: 0x800037a4 (0x009df4b3) and     s1, s11, s1
core   0: 3 0x800037a4 (0x009df4b3) x 9 0x00000000
core   0: 0x800037a8 (0x7afa3413) sltiu   s0, s4, 1967
core   0: 3 0x800037a8 (0x7afa3413) x 8 0x00000000
core   0: 0x800037ac (0x01fa66b3) or      a3, s4, t6
core   0: 3 0x800037ac (0x01fa66b3) x13 0xb74f17b0
core   0: 0x800037b0 (0x765aa093) slti    ra, s5, 1893
core   0: 3 0x800037b0 (0x765aa093) x 1 0x00000001
core   0: 0x800037b4 (0x000b6d33) or      s10, s6, zero
core   0: 3 0x800037b4 (0x000b6d33) x26 0x00000000
core   0: 0x800037b8 (0x8b8e11b7) lui     gp, 0x8b8e1
core   0: 3 0x800037b8 (0x8b8e11b7) x 3 0x8b8e1000
core   0: 0x800037bc (0x007957b3) srl     a5, s2, t2
core   0: 3 0x800037bc (0x007957b3) x15 0x080015ce
core   0: 0x800037c0 (0x41e05793) srai    a5, zero, 30
core   0: 3 0x800037c0 (0x41e05793) x15 0x00000000
core   0: 0x800037c4 (0x01b91533) sll     a0, s2, s11
core   0: 3 0x800037c4 (0x01b91533) x10 0x40000000
core   0: 0x800037c8 (0xa553b193) sltiu   gp, t2, -1451
core   0: 3 0x800037c8 (0xa553b193) x 3 0x00000001
core   0: 0x800037cc (0x837cb4b7) lui     s1, 0x837cb
core   0: 3 0x800037cc (0x837cb4b7) x 9 0x837cb000
core   0: 0x800037d0 (0x01041233) sll     tp, s0, a6
core   0: 3 0x800037d0 (0x01041233) x 4 0x00000000
core   0: 0x800037d4 (0x00d3e533) or      a0, t2, a3
core   0: 3 0x800037d4 (0x00d3e533) x10 0xb74f1ff4
core   0: 0x800037d8 (0x403c5a33) sra     s4, s8, gp
core   0: 3 0x800037d8 (0x403c5a33) x20 0xc000af34
core   0: 0x800037dc (0x00a55213) srli    tp, a0, 10
core   0: 3 0x800037dc (0x00a55213) x 4 0x002dd3c7
core   0: 0x800037e0 (0x015c5513) srli    a0, s8, 21
core   0: 3 0x800037e0 (0x015c5513) x10 0x00000400
core   0: 0x800037e4 (0x40f7df13) srai    t5, a5, 15
core   0: 3 0x800037e4 (0x40f7df13) x30 0x00000000
core   0: 0x800037e8 (0x0097ae33) slt     t3, a5, s1
core   0: 3 0x800037e8 (0x0097ae33) x28 0x00000000
core   0: 0x800037ec (0x00000013) nop
core   0: 3 0x800037ec (0x00000013)
core   0: 0x800037f0 (0x3633ae13) slti    t3, t2, 867
core   0: 3 0x800037f0 (0x3633ae13) x28 0x00000001
core   0: 0x800037f4 (0x001eb5b3) sltu    a1, t4, ra
core   0: 3 0x800037f4 (0x001eb5b3) x11 0x00000000
core   0: 0x800037f8 (0x4cd47013) andi    zero, s0, 1229
core   0: 3 0x800037f8 (0x4cd47013)
core   0: 0x800037fc (0x86db0913) addi    s2, s6, -1939
core   0: 3 0x800037fc (0x86db0913) x18 0xfffff86d
core   0: 0x80003800 (0x6f2c48b7) lui     a7, 0x6f2c4
core   0: 3 0x80003800 (0x6f2c48b7) x17 0x6f2c4000
core   0: 0x80003804 (0x0093f133) and     sp, t2, s1
core   0: 3 0x80003804 (0x0093f133) x 2 0x80001000
core   0: 0x80003808 (0xe07bcf93) xori    t6, s7, -505
core   0: 3 0x80003808 (0xe07bcf93) x31 0x2f084e07
core   0: 0x8000380c (0x6a694213) xori    tp, s2, 1702
core   0: 3 0x8000380c (0x6a694213) x 4 0xfffffecb
core   0: 0x80003810 (0x00735fb3) srl     t6, t1, t2
core   0: 3 0x80003810 (0x00735fb3) x31 0x00000000
core   0: 0x80003814 (0x41b958b3) sra     a7, s2, s11
core   0: 3 0x80003814 (0x41b958b3) x17 0xffffffff
core   0: 0x80003818 (0x74c5ae37) lui     t3, 0x74c5a
core   0: 3 0x80003818 (0x74c5ae37) x28 0x74c5a000
core   0: 0x8000381c (0x00dc1213) slli    tp, s8, 13
core   0: 3 0x8000381c (0x00dc1213) x 4 0x2bcd2000
core   0: 0x80003820 (0x018bbab3) sltu    s5, s7, s8
core   0: 3 0x80003820 (0x018bbab3) x21 0x00000000
core   0: 0x80003824 (0x01e4d8b3) srl     a7, s1, t5
core   0: 3 0x80003824 (0x01e4d8b3) x17 0x837cb000
core   0: 0x80003828 (0x7017f0b7) lui     ra, 0x7017f
core   0: 3 0x80003828 (0x7017f0b7) x 1 0x7017f000
core   0: 0x8000382c (0x615136b7) lui     a3, 0x61513
core   0: 3 0x8000382c (0x615136b7) x13 0x61513000
core   0: 0x80003830 (0xfdda0d93) addi    s11, s4, -35
core   0: 3 0x80003830 (0xfdda0d93) x27 0xc000af11
core   0: 0x80003834 (0x568c4593) xori    a1, s8, 1384
core   0: 3 0x80003834 (0x568c4593) x11 0x80015b01
core   0: 0x80003838 (0xf246ec93) ori     s9, a3, -220
core   0: 3 0x80003838 (0xf246ec93) x25 0xffffff24
core   0: 0x8000383c (0x01e9b233) sltu    tp, s3, t5
core   0: 3 0x8000383c (0x01e9b233) x 4 0x00000000
core   0: 0x80003840 (0xec356713) ori     a4, a0, -317
core   0: 3 0x80003840 (0xec356713) x14 0xfffffec3
core   0: 0x80003844 (0xaeab7a13) andi    s4, s6, -1302
core   0: 3 0x80003844 (0xaeab7a13) x20 0x00000000
core   0: 0x80003848 (0x00189cb3) sll     s9, a7, ra
core   0: 3 0x80003848 (0x00189cb3) x25 0x837cb000
core   0: 0x8000384c (0x82b1c593) xori    a1, gp, -2005
core   0: 3 0x8000384c (0x82b1c593) x11 0xfffff82a
core   0: 0x80003850 (0x41bd5613) srai    a2, s10, 27
core   0: 3 0x80003850 (0x41bd5613) x12 0x00000000
core   0: 0x80003854 (0x0d77ef93) ori     t6, a5, 215
core   0: 3 0x80003854 (0x0d77ef93) x31 0x000000d7
core   0: 0x80003858 (0x684b6a13) ori     s4, s6, 1668
core   0: 3 0x80003858 (0x684b6a13) x20 0x00000684
core   0: 0x8000385c (0x6e86ca93) xori    s5, a3, 1768
core   0: 3 0x8000385c (0x6e86ca93) x21 0x615136e8
core   0: 0x80003860 (0x00000013) nop
core   0: 3 0x80003860 (0x00000013)
core   0: 0x80003864 (0x40328033) sub     zero, t0, gp
core   0: 3 0x80003864 (0x40328033)
core   0: 0x80003868 (0x0085e633) or      a2, a1, s0
core   0: 3 0x80003868 (0x0085e633) x12 0xfffff82a
core   0: 0x8000386c (0x32b9df37) lui     t5, 0x32b9d
core   0: 3 0x8000386c (0x32b9df37) x30 0x32b9d000
core   0: 0x80003870 (0xd8716d93) ori     s11, sp, -633
core   0: 3 0x80003870 (0xd8716d93) x27 0xfffffd87
core   0: 0x80003874 (0x00b695b3) sll     a1, a3, a1
core   0: 3 0x80003874 (0x00b695b3) x11 0x44c00000
core   0: 0x80003878 (0x010b1c33) sll     s8, s6, a6
core   0: 3 0x80003878 (0x010b1c33) x24 0x00000000
core   0: 0x8000387c (0x01ff1593) slli    a1, t5, 31
core   0: 3 0x8000387c (0x01ff1593) x11 0x00000000
core   0: 0x80003880 (0x018a97b3) sll     a5, s5, s8
core   0: 3 0x80003880 (0x018a97b3) x15 0x615136e8
core   0: 0x80003884 (0x414ed493) srai    s1, t4, 20
core   0: 3 0x80003884 (0x414ed493) x 9 0xffffffff
core   0: 0x80003888 (0x00573133) sltu    sp, a4, t0
core   0: 3 0x80003888 (0x00573133) x 2 0x00000000
core   0: 0x8000388c (0x588d6713) ori     a4, s10, 1416
core   0: 3 0x8000388c (0x588d6713) x14 0x00000588
core   0: 0x80003890 (0x01c34d33) xor     s10, t1, t3
core   0: 3 0x80003890 (0x01c34d33) x26 0x74c5a00f
core   0: 0x80003894 (0xd0014493) xori    s1, sp, -768
core   0: 3 0x80003894 (0xd0014493) x 9 0xfffffd00
core   0: 0x80003898 (0xd8bfaf97) auipc   t6, 0xd8bfa
core   0: 3 0x80003898 (0xd8bfaf97) x31 0x58bfd898
core   0: 0x8000389c (0x48b00f13) li      t5, 1163
core   0: 3 0x8000389c (0x48b00f13) x30 0x0000048b
core   0: 0x800038a0 (0x01655793) srli    a5, a0, 22
core   0: 3 0x800038a0 (0x01655793) x15 0x00000000
core   0: 0x800038a4 (0x008accb3) xor     s9, s5, s0
core   0: 3 0x800038a4 (0x008accb3) x25 0x615136e8
core   0: 0x800038a8 (0x65a5e213) ori     tp, a1, 1626
core   0: 3 0x800038a8 (0x65a5e213) x 4 0x0000065a
core   0: 0x800038ac (0x6fbd2093) slti    ra, s10, 1787
core   0: 3 0x800038ac (0x6fbd2093) x 1 0x00000000
core   0: 0x800038b0 (0xb03df237) lui     tp, 0xb03df
core   0: 3 0x800038b0 (0xb03df237) x 4 0xb03df000
core   0: 0x800038b4 (0x009ebb33) sltu    s6, t4, s1
core   0: 3 0x800038b4 (0x009ebb33) x22 0x00000000
core   0: 0x800038b8 (0x007bad33) slt     s10, s7, t2
core   0: 3 0x800038b8 (0x007bad33) x26 0x00000000
core   0: 0x800038bc (0x41a7d433) sra     s0, a5, s10
core   0: 3 0x800038bc (0x41a7d433) x 8 0x00000000
core   0: 0x800038c0 (0x9249c093) xori    ra, s3, -1756
core   0: 3 0x800038c0 (0x9249c093) x 1 0xfffff924
core   0: 0x800038c4 (0x419b5ab3) sra     s5, s6, s9
core   0: 3 0x800038c4 (0x419b5ab3) x21 0x00000000
core   0: 0x800038c8 (0x00d88db3) add     s11, a7, a3
core   0: 3 0x800038c8 (0x00d88db3) x27 0xe4cde000
core   0: 0x800038cc (0x51f8cab7) lui     s5, 0x51f8c
core   0: 3 0x800038cc (0x51f8cab7) x21 0x51f8c000
core   0: 0x800038d0 (0x2fe6fe93) andi    t4, a3, 766
core   0: 3 0x800038d0 (0x2fe6fe93) x29 0x00000000
core   0: 0x800038d4 (0x00000013) nop
core   0: 3 0x800038d4 (0x00000013)
core   0: 0x800038d8 (0x016d55b3) srl     a1, s10, s6
core   0: 3 0x800038d8 (0x016d55b3) x11 0x00000000
core   0: 0x800038dc (0x01ff8233) add     tp, t6, t6
core   0: 3 0x800038dc (0x01ff8233) x 4 0xb17fb130
core   0: 0x800038e0 (0x005f1133) sll     sp, t5, t0
core   0: 3 0x800038e0 (0x005f1133) x 2 0x000048b0
core   0: 0x800038e4 (0xf45fa793) slti    a5, t6, -187
core   0: 3 0x800038e4 (0xf45fa793) x15 0x00000000
core   0: 0x800038e8 (0x008c3933) sltu    s2, s8, s0
core   0: 3 0x800038e8 (0x008c3933) x18 0x00000000
core   0: 0x800038ec (0x00d10d33) add     s10, sp, a3
core   0: 3 0x800038ec (0x00d10d33) x26 0x615178b0
core   0: 0x800038f0 (0x00000013) nop
core   0: 3 0x800038f0 (0x00000013)
core   0: 0x800038f4 (0xbd57ff93) andi    t6, a5, -1067
core   0: 3 0x800038f4 (0xbd57ff93) x31 0x00000000
core   0: 0x800038f8 (0x01ff3233) sltu    tp, t5, t6
core   0: 3 0x800038f8 (0x01ff3233) x 4 0x00000000
core   0: 0x800038fc (0x000207b3) add     a5, tp, zero
core   0: 3 0x800038fc (0x000207b3) x15 0x00000000
core   0: 0x80003900 (0x01b984b3) add     s1, s3, s11
core   0: 3 0x80003900 (0x01b984b3) x 9 0xe4cde000
core   0: 0x80003904 (0x00b8eeb3) or      t4, a7, a1
core   0: 3 0x80003904 (0x00b8eeb3) x29 0x837cb000
core   0: 0x80003908 (0x0067d4b3) srl     s1, a5, t1
core   0: 3 0x80003908 (0x0067d4b3) x 9 0x00000000
core   0: 0x8000390c (0x40bf0d33) sub     s10, t5, a1
core   0: 3 0x8000390c (0x40bf0d33) x26 0x0000048b
core   0: 0x80003910 (0x839c0513) addi    a0, s8, -1991
core   0: 3 0x80003910 (0x839c0513) x10 0xfffff839
core   0: 0x80003914 (0x007796b3) sll     a3, a5, t2
core   0: 3 0x80003914 (0x007796b3) x13 0x00000000
core   0: 0x80003918 (0x00000013) nop
core   0: 3 0x80003918 (0x00000013)
core   0: 0x8000391c (0xd6235137) lui     sp, 0xd6235
core   0: 3 0x8000391c (0xd6235137) x 2 0xd6235000
core   0: 0x80003920 (0x0068db93) srli    s7, a7, 6
core   0: 3 0x80003920 (0x0068db93) x23 0x020df2c0
core   0: 0x80003924 (0x01d248b3) xor     a7, tp, t4
core   0: 3 0x80003924 (0x01d248b3) x17 0x837cb000
core   0: 0x80003928 (0x3d8c6513) ori     a0, s8, 984
core   0: 3 0x80003928 (0x3d8c6513) x10 0x000003d8
core   0: 0x8000392c (0x814b9a17) auipc   s4, 0x814b9
core   0: 3 0x8000392c (0x814b9a17) x20 0x014bc92c
core   0: 0x80003930 (0x40f25b33) sra     s6, tp, a5
core   0: 3 0x80003930 (0x40f25b33) x22 0x00000000
core   0: 0x80003934 (0x00381533) sll     a0, a6, gp
core   0: 3 0x80003934 (0x00381533) x10 0xf488a168
core   0: 0x80003938 (0x401c5e93) srai    t4, s8, 1
core   0: 3 0x80003938 (0x401c5e93) x29 0x00000000
core   0: 0x8000393c (0xea577b93) andi    s7, a4, -347
core   0: 3 0x8000393c (0xea577b93) x23 0x00000480
core   0: 0x80003940 (0x0045bbb3) sltu    s7, a1, tp
core   0: 3 0x80003940 (0x0045bbb3) x23 0x00000000
core   0: 0x80003944 (0x0bca6993) ori     s3, s4, 188
core   0: 3 0x80003944 (0x0bca6993) x19 0x014bc9bc
core   0: 0x80003948 (0x009a1d33) sll     s10, s4, s1
core   0: 3 0x80003948 (0x009a1d33) x26 0x014bc92c
core   0: 0x8000394c (0x01279d13) slli    s10, a5, 18
core   0: 3 0x8000394c (0x01279d13) x26 0x00000000
core   0: 0x80003950 (0x415c55b3) sra     a1, s8, s5
core   0: 3 0x80003950 (0x415c55b3) x11 0x00000000
core   0: 0x80003954 (0xd8dd8e13) addi    t3, s11, -627
core   0: 3 0x80003954 (0xd8dd8e13) x28 0xe4cddd8d
core   0: 0x80003958 (0x41215233) sra     tp, sp, s2
core   0: 3 0x80003958 (0x41215233) x 4 0xd6235000
core   0: 0x8000395c (0x94d06913) ori     s2, zero, -1715
core   0: 3 0x8000395c (0x94d06913) x18 0xfffff94d
core   0: 0x80003960 (0xb32b4113) xori    sp, s6, -1230
core   0: 3 0x80003960 (0xb32b4113) x 2 0xfffffb32
core   0: 0x80003964 (0x899e2f93) slti    t6, t3, -1895
core   0: 3 0x80003964 (0x899e2f93) x31 0x00000001
core   0: 0x80003968 (0x00a31613) slli    a2, t1, 10
core   0: 3 0x80003968 (0x00a31613) x12 0x00003c00
core   0: 0x8000396c (0x5c06fc93) andi    s9, a3, 1472
core   0: 3 0x8000396c (0x5c06fc93) x25 0x00000000
core   0: 0x80003970 (0x0073eab3) or      s5, t2, t2
core   0: 3 0x80003970 (0x0073eab3) x21 0x80011e64
core   0: 0x80003974 (0xcfcfc713) xori    a4, t6, -772
core   0: 3 0x80003974 (0xcfcfc713) x14 0xfffffcfd
core   0: 0x80003978 (0xf6d67793) andi    a5, a2, -147
core   0: 3 0x80003978 (0xf6d67793) x15 0x00003c00
core   0: 0x8000397c (0x004c40b3) xor     ra, s8, tp
core   0: 3 0x8000397c (0x004c40b3) x 1 0xd6235000
core   0: 0x80003980 (0x00000013) nop
core   0: 3 0x80003980 (0x00000013)
core   0: 0x80003984 (0x00eaa7b3) slt     a5, s5, a4
core   0: 3 0x80003984 (0x00eaa7b3) x15 0x00000001
core   0: 0x80003988 (0x00000013) nop
core   0: 3 0x80003988 (0x00000013)
core   0: 0x8000398c (0x00bbca33) xor     s4, s7, a1
core   0: 3 0x8000398c (0x00bbca33) x20 0x00000000
core   0: 0x80003990 (0x0b718e93) addi    t4, gp, 183
core   0: 3 0x80003990 (0x0b718e93) x29 0x000000b8
core   0: 0x80003994 (0x007f1213) slli    tp, t5, 7
core   0: 3 0x80003994 (0x007f1213) x 4 0x00024580
core   0: 0x80003998 (0x00a6ba33) sltu    s4, a3, a0
core   0: 3 0x80003998 (0x00a6ba33) x20 0x00000001
core   0: 0x8000399c (0xcd9c8513) addi    a0, s9, -807
core   0: 3 0x8000399c (0xcd9c8513) x10 0xfffffcd9
core   0: 0x800039a0 (0x70797537) lui     a0, 0x70797
core   0: 3 0x800039a0 (0x70797537) x10 0x70797000
core   0: 0x800039a4 (0x404f0bb3) sub     s7, t5, tp
core   0: 3 0x800039a4 (0x404f0bb3) x23 0xfffdbf0b
core   0: 0x800039a8 (0x8b77e093) ori     ra, a5, -1865
core   0: 3 0x800039a8 (0x8b77e093) x 1 0xfffff8b7
core   0: 0x800039ac (0x0044f533) and     a0, s1, tp
core   0: 3 0x800039ac (0x0044f533) x10 0x00000000
core   0: 0x800039b0 (0x0975c197) auipc   gp, 0x975c
core   0: 3 0x800039b0 (0x0975c197) x 3 0x8975f9b0
core   0: 0x800039b4 (0x0033e0b3) or      ra, t2, gp
core   0: 3 0x800039b4 (0x0033e0b3) x 1 0x8975fff4
core   0: 0x800039b8 (0x9ece2313) slti    t1, t3, -1556
core   0: 3 0x800039b8 (0x9ece2313) x 6 0x00000001
core   0: 0x800039bc (0x001ad033) srl     zero, s5, ra
core   0: 3 0x800039bc (0x001ad033)
core   0: 0x800039c0 (0x40355bb3) sra     s7, a0, gp
core   0: 3 0x800039c0 (0x40355bb3) x23 0x00000000
core   0: 0x800039c4 (0x4c01a693) slti    a3, gp, 1216
core   0: 3 0x800039c4 (0x4c01a693) x13 0x00000001
core   0: 0x800039c8 (0x0169be33) sltu    t3, s3, s6
core   0: 3 0x800039c8 (0x0169be33) x28 0x00000000
core   0: 0x800039cc (0x54a1a693) slti    a3, gp, 1354
core   0: 3 0x800039cc (0x54a1a693) x13 0x00000001
core   0: 0x800039d0 (0x00b25193) srli    gp, tp, 11
core   0: 3 0x800039d0 (0x00b25193) x 3 0x00000048
core   0: 0x800039d4 (0x008df9b3) and     s3, s11, s0
core   0: 3 0x800039d4 (0x008df9b3) x19 0x00000000
core   0: 0x800039d8 (0x01cfd933) srl     s2, t6, t3
core   0: 3 0x800039d8 (0x01cfd933) x18 0x00000001
core   0: 0x800039dc (0x00835e93) srli    t4, t1, 8
core   0: 3 0x800039dc (0x00835e93) x29 0x00000000
core   0: 0x800039e0 (0x019c85b3) add     a1, s9, s9
core   0: 3 0x800039e0 (0x019c85b3) x11 0x00000000
core   0: 0x800039e4 (0x006a1093) slli    ra, s4, 6
core   0: 3 0x800039e4 (0x006a1093) x 1 0x00000040
core   0: 0x800039e8 (0x01387e33) and     t3, a6, s3
core   0: 3 0x800039e8 (0x01387e33) x28 0x00000000
core   0: 0x800039ec (0x00f9e433) or      s0, s3, a5
core   0: 3 0x800039ec (0x00f9e433) x 8 0x00000001
core   0: 0x800039f0 (0x00316433) or      s0, sp, gp
core   0: 3 0x800039f0 (0x00316433) x 8 0xfffffb7a
core   0: 0x800039f4 (0xb0366517) auipc   a0, 0xb0366
core   0: 3 0x800039f4 (0xb0366517) x10 0x303699f4
core   0: 0x800039f8 (0x89a07313) andi    t1, zero, -1894
core   0: 3 0x800039f8 (0x89a07313) x 6 0x00000000
core   0: 0x800039fc (0x00a751b3) srl     gp, a4, a0
core   0: 3 0x800039fc (0x00a751b3) x 3 0x00000fff
core   0: 0x80003a00 (0x01620133) add     sp, tp, s6
core   0: 3 0x80003a00 (0x01620133) x 2 0x00024580
core   0: 0x80003a04 (0x001d5cb3) srl     s9, s10, ra
core   0: 3 0x80003a04 (0x001d5cb3) x25 0x00000000
core   0: 0x80003a08 (0x41938a33) sub     s4, t2, s9
core   0: 3 0x80003a08 (0x41938a33) x20 0x80011e64
core   0: 0x80003a0c (0x01568bb3) add     s7, a3, s5
core   0: 3 0x80003a0c (0x01568bb3) x23 0x80011e65
core   0: 0x80003a10 (0x01a30133) add     sp, t1, s10
core   0: 3 0x80003a10 (0x01a30133) x 2 0x00000000
core   0: 0x80003a14 (0x01482233) slt     tp, a6, s4
core   0: 3 0x80003a14 (0x01482233) x 4 0x00000000
core   0: 0x80003a18 (0x012716b3) sll     a3, a4, s2
core   0: 3 0x80003a18 (0x012716b3) x13 0xfffff9fa
core   0: 0x80003a1c (0x40e2d5b3) sra     a1, t0, a4
core   0: 3 0x80003a1c (0x40e2d5b3) x11 0xfffffffc
core   0: 0x80003a20 (0x40305eb3) sra     t4, zero, gp
core   0: 3 0x80003a20 (0x40305eb3) x29 0x00000000
core   0: 0x80003a24 (0x1ee996b7) lui     a3, 0x1ee99
core   0: 3 0x80003a24 (0x1ee996b7) x13 0x1ee99000
core   0: 0x80003a28 (0x0030fa33) and     s4, ra, gp
core   0: 3 0x80003a28 (0x0030fa33) x20 0x00000040
core   0: 0x80003a2c (0x821f8c17) auipc   s8, 0x821f8
core   0: 3 0x80003a2c (0x821f8c17) x24 0x021fba2c
core   0: 0x80003a30 (0x6e1eb713) sltiu   a4, t4, 1761
core   0: 3 0x80003a30 (0x6e1eb713) x14 0x00000001
core   0: 0x80003a34 (0x411b00b3) sub     ra, s6, a7
core   0: 3 0x80003a34 (0x411b00b3) x 1 0x7c835000
core   0: 0x80003a38 (0x7490b613) sltiu   a2, ra, 1865
core   0: 3 0x80003a38 (0x7490b613) x12 0x00000000
core   0: 0x80003a3c (0x419b5233) sra     tp, s6, s9
core   0: 3 0x80003a3c (0x419b5233) x 4 0x00000000
core   0: 0x80003a40 (0xcc940013) addi    zero, s0, -823
core   0: 3 0x80003a40 (0xcc940013)
core   0: 0x80003a44 (0x00000013) nop
core   0: 3 0x80003a44 (0x00000013)
core   0: 0x80003a48 (0x01484db3) xor     s11, a6, s4
core   0: 3 0x80003a48 (0x01484db3) x27 0xfa4450f4
core   0: 0x80003a4c (0x00000013) nop
core   0: 3 0x80003a4c (0x00000013)
core   0: 0x80003a50 (0x01211a93) slli    s5, sp, 18
core   0: 3 0x80003a50 (0x01211a93) x21 0x00000000
core   0: 0x80003a54 (0x013f15b3) sll     a1, t5, s3
core   0: 3 0x80003a54 (0x013f15b3) x11 0x0000048b
core   0: 0x80003a58 (0x00c75893) srli    a7, a4, 12
core   0: 3 0x80003a58 (0x00c75893) x17 0x00000000
core   0: 0x80003a5c (0x96d4ca93) xori    s5, s1, -1683
core   0: 3 0x80003a5c (0x96d4ca93) x21 0xfffff96d
core   0: 0x80003a60 (0x00000013) nop
core   0: 3 0x80003a60 (0x00000013)
core   0: 0x80003a64 (0x001e29b3) slt     s3, t3, ra
core   0: 3 0x80003a64 (0x001e29b3) x19 0x00000001
core   0: 0x80003a68 (0x01f430b3) sltu    ra, s0, t6
core   0: 3 0x80003a68 (0x01f430b3) x 1 0x00000000
core   0: 0x80003a6c (0x004c4e33) xor     t3, s8, tp
core   0: 3 0x80003a6c (0x004c4e33) x28 0x021fba2c
core   0: 0x80003a70 (0x410cd5b3) sra     a1, s9, a6
core   0: 3 0x80003a70 (0x410cd5b3) x11 0x00000000
core   0: 0x80003a74 (0x4d84c993) xori    s3, s1, 1240
core   0: 3 0x80003a74 (0x4d84c993) x19 0x000004d8
core   0: 0x80003a78 (0x6ef99097) auipc   ra, 0x6ef99
core   0: 3 0x80003a78 (0x6ef99097) x 1 0xeef9ca78
core   0: 0x80003a7c (0x00aee933) or      s2, t4, a0
core   0: 3 0x80003a7c (0x00aee933) x18 0x303699f4
core   0: 0x80003a80 (0x0108e433) or      s0, a7, a6
core   0: 3 0x80003a80 (0x0108e433) x 8 0xfa4450b4
core   0: 0x80003a84 (0x00da4933) xor     s2, s4, a3
core   0: 3 0x80003a84 (0x00da4933) x18 0x1ee99040
core   0: 0x80003a88 (0x0085c1b3) xor     gp, a1, s0
core   0: 3 0x80003a88 (0x0085c1b3) x 3 0xfa4450b4
core   0: 0x80003a8c (0x417480b3) sub     ra, s1, s7
core   0: 3 0x80003a8c (0x417480b3) x 1 0x7ffee19b
core   0: 0x80003a90 (0x40af51b3) sra     gp, t5, a0
core   0: 3 0x80003a90 (0x40af51b3) x 3 0x00000000
core   0: 0x80003a94 (0xf09c8113) addi    sp, s9, -247
core   0: 3 0x80003a94 (0xf09c8113) x 2 0xffffff09
core   0: 0x80003a98 (0x0181d113) srli    sp, gp, 24
core   0: 3 0x80003a98 (0x0181d113) x 2 0x00000000
core   0: 0x80003a9c (0xdf274597) auipc   a1, 0xdf274
core   0: 3 0x80003a9c (0xdf274597) x11 0x5f277a9c
core   0: 0x80003aa0 (0xa5498b13) addi    s6, s3, -1452
core   0: 3 0x80003aa0 (0xa5498b13) x22 0xffffff2c
core   0: 0x80003aa4 (0x00000013) nop
core   0: 3 0x80003aa4 (0x00000013)
core   0: 0x80003aa8 (0x44e2a213) slti    tp, t0, 1102
core   0: 3 0x80003aa8 (0x44e2a213) x 4 0x00000001
core   0: 0x80003aac (0x6cbf4937) lui     s2, 0x6cbf4
core   0: 3 0x80003aac (0x6cbf4937) x18 0x6cbf4000
core   0: 0x80003ab0 (0x2913c613) xori    a2, t2, 657
core   0: 3 0x80003ab0 (0x2913c613) x12 0x80011cf5
core   0: 0x80003ab4 (0x4114ddb3) sra     s11, s1, a7
core   0: 3 0x80003ab4 (0x4114ddb3) x27 0x00000000
core   0: 0x80003ab8 (0x001ffa33) and     s4, t6, ra
core   0: 3 0x80003ab8 (0x001ffa33) x20 0x00000001
core   0: 0x80003abc (0x00808e33) add     t3, ra, s0
core   0: 3 0x80003abc (0x00808e33) x28 0x7a43324f
core   0: 0x80003ac0 (0x01781c13) slli    s8, a6, 23
core   0: 3 0x80003ac0 (0x01781c13) x24 0x5a000000
core   0: 0x80003ac4 (0x0138fdb3) and     s11, a7, s3
core   0: 3 0x80003ac4 (0x0138fdb3) x27 0x00000000
core   0: 0x80003ac8 (0x80a888b7) lui     a7, 0x80a88
core   0: 3 0x80003ac8 (0x80a888b7) x17 0x80a88000
core   0: 0x80003acc (0x4f9f5217) auipc   tp, 0x4f9f5
core   0: 3 0x80003acc (0x4f9f5217) x 4 0xcf9f8acc
core   0: 0x80003ad0 (0x01e63633) sltu    a2, a2, t5
core   0: 3 0x80003ad0 (0x01e63633) x12 0x00000000
core   0: 0x80003ad4 (0x48a5c613) xori    a2, a1, 1162
core   0: 3 0x80003ad4 (0x48a5c613) x12 0x5f277e16
core   0: 0x80003ad8 (0x7aff1137) lui     sp, 0x7aff1
core   0: 3 0x80003ad8 (0x7aff1137) x 2 0x7aff1000
core   0: 0x80003adc (0xff75f093) andi    ra, a1, -9
core   0: 3 0x80003adc (0xff75f093) x 1 0x5f277a94
core   0: 0x80003ae0 (0x4057e313) ori     t1, a5, 1029
core   0: 3 0x80003ae0 (0x4057e313) x 6 0x00000405
core   0: 0x80003ae4 (0x40315e13) srai    t3, sp, 3
core   0: 3 0x80003ae4 (0x40315e13) x28 0x0f5fe200
core   0: 0x80003ae8 (0x0024a033) slt     zero, s1, sp
core   0: 3 0x80003ae8 (0x0024a033)
core   0: 0x80003aec (0x00000013) nop
core   0: 3 0x80003aec (0x00000013)
core   0: 0x80003af0 (0x65322537) lui     a0, 0x65322
core   0: 3 0x80003af0 (0x65322537) x10 0x65322000
core   0: 0x80003af4 (0x41b5dd13) srai    s10, a1, 27
core   0: 3 0x80003af4 (0x41b5dd13) x26 0x0000000b
core   0: 0x80003af8 (0x01c7dc93) srli    s9, a5, 28
core   0: 3 0x80003af8 (0x01c7dc93) x25 0x00000000
core   0: 0x80003afc (0x415b0c33) sub     s8, s6, s5
core   0: 3 0x80003afc (0x415b0c33) x24 0x000005bf
core   0: 0x80003b00 (0x404f0733) sub     a4, t5, tp
core   0: 3 0x80003b00 (0x404f0733) x14 0x306079bf
core   0: 0x80003b04 (0x0061b433) sltu    s0, gp, t1
core   0: 3 0x80003b04 (0x0061b433) x 8 0x00000001
core   0: 0x80003b08 (0x007bbc33) sltu    s8, s7, t2
core   0: 3 0x80003b08 (0x007bbc33) x24 0x00000000
core   0: 0x80003b0c (0x01901a33) sll     s4, zero, s9
core   0: 3 0x80003b0c (0x01901a33) x20 0x00000000
core   0: 0x80003b10 (0x01775033) srl     zero, a4, s7
core   0: 3 0x80003b10 (0x01775033)
core   0: 0x80003b14 (0xde334b93) xori    s7, t1, -541
core   0: 3 0x80003b14 (0xde334b93) x23 0xfffff9e6
core   0: 0x80003b18 (0x014bb433) sltu    s0, s7, s4
core   0: 3 0x80003b18 (0x014bb433) x 8 0x00000000
core   0: 0x80003b1c (0x0093a5b3) slt     a1, t2, s1
core   0: 3 0x80003b1c (0x0093a5b3) x11 0x00000001
core   0: 0x80003b20 (0x7da289b7) lui     s3, 0x7da28
core   0: 3 0x80003b20 (0x7da289b7) x19 0x7da28000
core   0: 0x80003b24 (0xb539c697) auipc   a3, 0xb539c
core   0: 3 0x80003b24 (0xb539c697) x13 0x3539fb24
core   0: 0x80003b28 (0x012f5eb3) srl     t4, t5, s2
core   0: 3 0x80003b28 (0x012f5eb3) x29 0x0000048b
core   0: 0x80003b2c (0x5718b093) sltiu   ra, a7, 1393
core   0: 3 0x80003b2c (0x5718b093) x 1 0x00000000
core   0: 0x80003b30 (0xb2a901b7) lui     gp, 0xb2a90
core   0: 3 0x80003b30 (0xb2a901b7) x 3 0xb2a90000
core   0: 0x80003b34 (0x6f090a13) addi    s4, s2, 1776
core   0: 3 0x80003b34 (0x6f090a13) x20 0x6cbf46f0
core   0: 0x80003b38 (0x011b1b33) sll     s6, s6, a7
core   0: 3 0x80003b38 (0x011b1b33) x22 0xffffff2c
core   0: 0x80003b3c (0x01fea033) slt     zero, t4, t6
core   0: 3 0x80003b3c (0x01fea033)
core   0: 0x80003b40 (0xb80a6d37) lui     s10, 0xb80a6
core   0: 3 0x80003b40 (0xb80a6d37) x26 0xb80a6000
core   0: 0x80003b44 (0x4020d633) sra     a2, ra, sp
core   0: 3 0x80003b44 (0x4020d633) x12 0x00000000
core   0: 0x80003b48 (0x018c24b3) slt     s1, s8, s8
core   0: 3 0x80003b48 (0x018c24b3) x 9 0x00000000
core   0: 0x80003b4c (0x40405c33) sra     s8, zero, tp
core   0: 3 0x80003b4c (0x40405c33) x24 0x00000000
core   0: 0x80003b50 (0x416508b3) sub     a7, a0, s6
core   0: 3 0x80003b50 (0x416508b3) x17 0x653220d4
core   0: 0x80003b54 (0xf09db013) sltiu   zero, s11, -247
core   0: 3 0x80003b54 (0xf09db013)
core   0: 0x80003b58 (0xc6b86313) ori     t1, a6, -917
core   0: 3 0x80003b58 (0xc6b86313) x 6 0xfffffcff
core   0: 0x80003b5c (0xacf63e93) sltiu   t4, a2, -1329
core   0: 3 0x80003b5c (0xacf63e93) x29 0x00000001
core   0: 0x80003b60 (0x006b8933) add     s2, s7, t1
core   0: 3 0x80003b60 (0x006b8933) x18 0xfffff6e5
core   0: 0x80003b64 (0x00689893) slli    a7, a7, 6
core   0: 3 0x80003b64 (0x00689893) x17 0x4c883500
core   0: 0x80003b68 (0x0036c033) xor     zero, a3, gp
core   0: 3 0x80003b68 (0x0036c033)
core   0: 0x80003b6c (0x52518893) addi    a7, gp, 1317
core   0: 3 0x80003b6c (0x52518893) x17 0xb2a90525
core   0: 0x80003b70 (0x40e754b3) sra     s1, a4, a4
core   0: 3 0x80003b70 (0x40e754b3) x 9 0x00000000
core   0: 0x80003b74 (0x00f31613) slli    a2, t1, 15
core   0: 3 0x80003b74 (0x00f31613) x12 0xfe7f8000
core   0: 0x80003b78 (0x002d5d93) srli    s11, s10, 2
core   0: 3 0x80003b78 (0x002d5d93) x27 0x2e029800
core   0: 0x80003b7c (0x011dadb3) slt     s11, s11, a7
core   0: 3 0x80003b7c (0x011dadb3) x27 0x00000000
core   0: 0x80003b80 (0xdc3fac17) auipc   s8, 0xdc3fa
core   0: 3 0x80003b80 (0xdc3fac17) x24 0x5c3fdb80
core   0: 0x80003b84 (0x01c019b3) sll     s3, zero, t3
core   0: 3 0x80003b84 (0x01c019b3) x19 0x00000000
core   0: 0x80003b88 (0x9ed7f4b7) lui     s1, 0x9ed7f
core   0: 3 0x80003b88 (0x9ed7f4b7) x 9 0x9ed7f000
core   0: 0x80003b8c (0x475d4193) xori    gp, s10, 1141
core   0: 3 0x80003b8c (0x475d4193) x 3 0xb80a6475
core   0: 0x80003b90 (0x00000013) nop
core   0: 3 0x80003b90 (0x00000013)
core   0: 0x80003b94 (0x00000013) nop
core   0: 3 0x80003b94 (0x00000013)
core   0: 0x80003b98 (0x007be9b3) or      s3, s7, t2
core   0: 3 0x80003b98 (0x007be9b3) x19 0xffffffe6
core   0: 0x80003b9c (0x010d99b3) sll     s3, s11, a6
core   0: 3 0x80003b9c (0x010d99b3) x19 0x00000000
core   0: 0x80003ba0 (0x00000013) nop
core   0: 3 0x80003ba0 (0x00000013)
core   0: 0x80003ba4 (0x0102df93) srli    t6, t0, 16
core   0: 3 0x80003ba4 (0x0102df93) x31 0x00008001
core   0: 0x80003ba8 (0x00e8bdb3) sltu    s11, a7, a4
core   0: 3 0x80003ba8 (0x00e8bdb3) x27 0x00000000
core   0: 0x80003bac (0x001145b3) xor     a1, sp, ra
core   0: 3 0x80003bac (0x001145b3) x11 0x7aff1000
core   0: 0x80003bb0 (0x597d0597) auipc   a1, 0x597d0
core   0: 3 0x80003bb0 (0x597d0597) x11 0xd97d3bb0
core   0: 0x80003bb4 (0xfd7ab237) lui     tp, 0xfd7ab
core   0: 3 0x80003bb4 (0xfd7ab237) x 4 0xfd7ab000
core   0: 0x80003bb8 (0x9748bb97) auipc   s7, 0x9748b
core   0: 3 0x80003bb8 (0x9748bb97) x23 0x1748ebb8
core   0: 0x80003bbc (0x01965c93) srli    s9, a2, 25
core   0: 3 0x80003bbc (0x01965c93) x25 0x0000007f
core   0: 0x80003bc0 (0x01d76a33) or      s4, a4, t4
core   0: 3 0x80003bc0 (0x01d76a33) x20 0x306079bf
core   0: 0x80003bc4 (0xd3adb913) sltiu   s2, s11, -710
core   0: 3 0x80003bc4 (0xd3adb913) x18 0x00000001
core   0: 0x80003bc8 (0x0019bbb3) sltu    s7, s3, ra
core   0: 3 0x80003bc8 (0x0019bbb3) x23 0x00000000
core   0: 0x80003bcc (0xe1dea893) slti    a7, t4, -483
core   0: 3 0x80003bcc (0xe1dea893) x17 0x00000000
core   0: 0x80003bd0 (0x87032013) slti    zero, t1, -1936
core   0: 3 0x80003bd0 (0x87032013)
core   0: 0x80003bd4 (0x015ccdb3) xor     s11, s9, s5
core   0: 3 0x80003bd4 (0x015ccdb3) x27 0xfffff912
core   0: 0x80003bd8 (0xb5392d37) lui     s10, 0xb5392
core   0: 3 0x80003bd8 (0xb5392d37) x26 0xb5392000
core   0: 0x80003bdc (0x00000013) nop
core   0: 3 0x80003bdc (0x00000013)
core   0: 0x80003be0 (0x01162533) slt     a0, a2, a7
core   0: 3 0x80003be0 (0x01162533) x10 0x00000001
core   0: 0x80003be4 (0x4059d333) sra     t1, s3, t0
core   0: 3 0x80003be4 (0x4059d333) x 6 0x00000000
core   0: 0x80003be8 (0x01d8a0b3) slt     ra, a7, t4
core   0: 3 0x80003be8 (0x01d8a0b3) x 1 0x00000001
core   0: 0x80003bec (0x3c9ec593) xori    a1, t4, 969
core   0: 3 0x80003bec (0x3c9ec593) x11 0x000003c8
core   0: 0x80003bf0 (0x01e16ab3) or      s5, sp, t5
core   0: 3 0x80003bf0 (0x01e16ab3) x21 0x7aff148b
core   0: 0x80003bf4 (0x00c8cbb3) xor     s7, a7, a2
core   0: 3 0x80003bf4 (0x00c8cbb3) x23 0xfe7f8000
core   0: 0x80003bf8 (0x00000013) nop
core   0: 3 0x80003bf8 (0x00000013)
core   0: 0x80003bfc (0x3120a793) slti    a5, ra, 786
core   0: 3 0x80003bfc (0x3120a793) x15 0x00000001
core   0: 0x80003c00 (0x40ab8933) sub     s2, s7, a0
core   0: 3 0x80003c00 (0x40ab8933) x18 0xfe7f7fff
core   0: 0x80003c04 (0x00287533) and     a0, a6, sp
core   0: 3 0x80003c04 (0x00287533) x10 0x7a441000
core   0: 0x80003c08 (0x2e5a2a13) slti    s4, s4, 741
core   0: 3 0x80003c08 (0x2e5a2a13) x20 0x00000000
core   0: 0x80003c0c (0x0051d533) srl     a0, gp, t0
core   0: 3 0x80003c0c (0x0051d533) x10 0x0b80a647
core   0: 0x80003c10 (0x404c5f33) sra     t5, s8, tp
core   0: 3 0x80003c10 (0x404c5f33) x30 0x5c3fdb80
core   0: 0x80003c14 (0x403c2c13) slti    s8, s8, 1027
core   0: 3 0x80003c14 (0x403c2c13) x24 0x00000000
core   0: 0x80003c18 (0x00000013) nop
core   0: 3 0x80003c18 (0x00000013)
core   0: 0x80003c1c (0x00e15193) srli    gp, sp, 14
core   0: 3 0x80003c1c (0x00e15193) x 3 0x0001ebfc
core   0: 0x80003c20 (0x019ac4b3) xor     s1, s5, s9
core   0: 3 0x80003c20 (0x019ac4b3) x 9 0x7aff14f4
core   0: 0x80003c24 (0x00f23333) sltu    t1, tp, a5
core   0: 3 0x80003c24 (0x00f23333) x 6 0x00000000
core   0: 0x80003c28 (0x015dabb3) slt     s7, s11, s5
core   0: 3 0x80003c28 (0x015dabb3) x23 0x00000001
core   0: 0x80003c2c (0x018058b3) srl     a7, zero, s8
core   0: 3 0x80003c2c (0x018058b3) x17 0x00000000
core   0: 0x80003c30 (0x00b2db33) srl     s6, t0, a1
core   0: 3 0x80003c30 (0x00b2db33) x22 0x0080015c
core   0: 0x80003c34 (0x006ac133) xor     sp, s5, t1
core   0: 3 0x80003c34 (0x006ac133) x 2 0x7aff148b
core   0: 0x80003c38 (0x00884fb3) xor     t6, a6, s0
core   0: 3 0x80003c38 (0x00884fb3) x31 0xfa4450b4
core   0: 0x80003c3c (0x00e4edb3) or      s11, s1, a4
core   0: 3 0x80003c3c (0x00e4edb3) x27 0x7aff7dff
core   0: 0x80003c40 (0x011ac6b3) xor     a3, s5, a7
core   0: 3 0x80003c40 (0x011ac6b3) x13 0x7aff148b
core   0: 0x80003c44 (0x20733637) lui     a2, 0x20733
core   0: 3 0x80003c44 (0x20733637) x12 0x20733000
core   0: 0x80003c48 (0xc954a313) slti    t1, s1, -875
core   0: 3 0x80003c48 (0xc954a313) x 6 0x00000000
core   0: 0x80003c4c (0x41ab56b3) sra     a3, s6, s10
core   0: 3 0x80003c4c (0x41ab56b3) x13 0x0080015c
core   0: 0x80003c50 (0x26739e97) auipc   t4, 0x26739
core   0: 3 0x80003c50 (0x26739e97) x29 0xa673cc50
core   0: 0x80003c54 (0xc023f537) lui     a0, 0xc023f
core   0: 3 0x80003c54 (0xc023f537) x10 0xc023f000
core   0: 0x80003c58 (0x01d75a13) srli    s4, a4, 29
core   0: 3 0x80003c58 (0x01d75a13) x20 0x00000001
core   0: 0x80003c5c (0x007cfc33) and     s8, s9, t2
core   0: 3 0x80003c5c (0x007cfc33) x24 0x00000064
core   0: 0x80003c60 (0x0058bbb3) sltu    s7, a7, t0
core   0: 3 0x80003c60 (0x0058bbb3) x23 0x00000001
core   0: 0x80003c64 (0x005b5ab3) srl     s5, s6, t0
core   0: 3 0x80003c64 (0x005b5ab3) x21 0x00080015
core   0: 0x80003c68 (0x0025b733) sltu    a4, a1, sp
core   0: 3 0x80003c68 (0x0025b733) x14 0x00000001
core   0: 0x80003c6c (0x41948b33) sub     s6, s1, s9
core   0: 3 0x80003c6c (0x41948b33) x22 0x7aff1475
core   0: 0x80003c70 (0x03c9f613) andi    a2, s3, 60
core   0: 3 0x80003c70 (0x03c9f613) x12 0x00000000
core   0: 0x80003c74 (0x488fe493) ori     s1, t6, 1160
core   0: 3 0x80003c74 (0x488fe493) x 9 0xfa4454bc
core   0: 0x80003c78 (0x01ab8033) add     zero, s7, s10
core   0: 3 0x80003c78 (0x01ab8033)
core   0: 0x80003c7c (0x9f254213) xori    tp, a0, -1550
core   0: 3 0x80003c7c (0x9f254213) x 4 0x3fdc09f2
core   0: 0x80003c80 (0x7b797513) andi    a0, s2, 1975
core   0: 3 0x80003c80 (0x7b797513) x10 0x000007b7
core   0: 0x80003c84 (0x64a83e93) sltiu   t4, a6, 1610
core   0: 3 0x80003c84 (0x64a83e93) x29 0x00000000
core   0: 0x80003c88 (0x01bfa233) slt     tp, t6, s11
core   0: 3 0x80003c88 (0x01bfa233) x 4 0x00000001
core   0: 0x80003c8c (0xe1ec8a93) addi    s5, s9, -482
core   0: 3 0x80003c8c (0xe1ec8a93) x21 0xfffffe9d
core   0: 0x80003c90 (0x0139d4b3) srl     s1, s3, s3
core   0: 3 0x80003c90 (0x0139d4b3) x 9 0x00000000
core   0: 0x80003c94 (0x01dfdc13) srli    s8, t6, 29
core   0: 3 0x80003c94 (0x01dfdc13) x24 0x00000007
core   0: 0x80003c98 (0x00fa3eb3) sltu    t4, s4, a5
core   0: 3 0x80003c98 (0x00fa3eb3) x29 0x00000000
core   0: 0x80003c9c (0x607a4c13) xori    s8, s4, 1543
core   0: 3 0x80003c9c (0x607a4c13) x24 0x00000606
core   0: 0x80003ca0 (0x76b2c793) xori    a5, t0, 1899
core   0: 3 0x80003ca0 (0x76b2c793) x15 0x80015b8f
core   0: 0x80003ca4 (0x0189d533) srl     a0, s3, s8
core   0: 3 0x80003ca4 (0x0189d533) x10 0x00000000
core   0: 0x80003ca8 (0x00000013) nop
core   0: 3 0x80003ca8 (0x00000013)
core   0: 0x80003cac (0x00b818b3) sll     a7, a6, a1
core   0: 3 0x80003cac (0x00b818b3) x17 0x4450b400
core   0: 0x80003cb0 (0x0062ce33) xor     t3, t0, t1
core   0: 3 0x80003cb0 (0x0062ce33) x28 0x80015ce4
core   0: 0x80003cb4 (0x40b50d33) sub     s10, a0, a1
core   0: 3 0x80003cb4 (0x40b50d33) x26 0xfffffc38
core   0: 0x80003cb8 (0xfd35ea93) ori     s5, a1, -45
core   0: 3 0x80003cb8 (0xfd35ea93) x21 0xffffffdb
core   0: 0x80003cbc (0x00e83933) sltu    s2, a6, a4
core   0: 3 0x80003cbc (0x00e83933) x18 0x00000000
core   0: 0x80003cc0 (0xf66dbf93) sltiu   t6, s11, -154
core   0: 3 0x80003cc0 (0xf66dbf93) x31 0x00000001
core   0: 0x80003cc4 (0x7f614313) xori    t1, sp, 2038
core   0: 3 0x80003cc4 (0x7f614313) x 6 0x7aff137d
core   0: 0x80003cc8 (0x42076f37) lui     t5, 0x42076
core   0: 3 0x80003cc8 (0x42076f37) x30 0x42076000
core   0: 0x80003ccc (0x4134d6b3) sra     a3, s1, s3
core   0: 3 0x80003ccc (0x4134d6b3) x13 0x00000000
core   0: 0x80003cd0 (0x494c3913) sltiu   s2, s8, 1172
core   0: 3 0x80003cd0 (0x494c3913) x18 0x00000000
core   0: 0x80003cd4 (0x013deab3) or      s5, s11, s3
core   0: 3 0x80003cd4 (0x013deab3) x21 0x7aff7dff
core   0: 0x80003cd8 (0x00dfa8b3) slt     a7, t6, a3
core   0: 3 0x80003cd8 (0x00dfa8b3) x17 0x00000000
core   0: 0x80003cdc (0x018544b3) xor     s1, a0, s8
core   0: 3 0x80003cdc (0x018544b3) x 9 0x00000606
core   0: 0x80003ce0 (0x3ffdc593) xori    a1, s11, 1023
core   0: 3 0x80003ce0 (0x3ffdc593) x11 0x7aff7e00
core   0: 0x80003ce4 (0x27a11c97) auipc   s9, 0x27a11
core   0: 3 0x80003ce4 (0x27a11c97) x25 0xa7a14ce4
core   0: 0x80003ce8 (0x28c4a513) slti    a0, s1, 652
core   0: 3 0x80003ce8 (0x28c4a513) x10 0x00000000
core   0: 0x80003cec (0x00000013) nop
core   0: 3 0x80003cec (0x00000013)
core   0: 0x80003cf0 (0x41d75733) sra     a4, a4, t4
core   0: 3 0x80003cf0 (0x41d75733) x14 0x00000001
core   0: 0x80003cf4 (0xe2b9fc93) andi    s9, s3, -469
core   0: 3 0x80003cf4 (0xe2b9fc93) x25 0x00000000
core   0: 0x80003cf8 (0x48152093) slti    ra, a0, 1153
core   0: 3 0x80003cf8 (0x48152093) x 1 0x00000001
core   0: 0x80003cfc (0x825e6d93) ori     s11, t3, -2011
core   0: 3 0x80003cfc (0x825e6d93) x27 0xfffffce5
core   0: 0x80003d00 (0x005491b3) sll     gp, s1, t0
core   0: 3 0x80003d00 (0x005491b3) x 3 0x00006060
core   0: 0x80003d04 (0x0135bbb3) sltu    s7, a1, s3
core   0: 3 0x80003d04 (0x0135bbb3) x23 0x00000000
core   0: 0x80003d08 (0x41695013) srai    zero, s2, 22
core   0: 3 0x80003d08 (0x41695013)
core   0: 0x80003d0c (0xff24b093) sltiu   ra, s1, -14
core   0: 3 0x80003d0c (0xff24b093) x 1 0x00000001
core   0: 0x80003d10 (0x009ab7b3) sltu    a5, s5, s1
core   0: 3 0x80003d10 (0x009ab7b3) x15 0x00000000
core   0: 0x80003d14 (0x0494f1b7) lui     gp, 0x494f
core   0: 3 0x80003d14 (0x0494f1b7) x 3 0x0494f000
core   0: 0x80003d18 (0x41cfdc13) srai    s8, t6, 28
core   0: 3 0x80003d18 (0x41cfdc13) x24 0x00000000
core   0: 0x80003d1c (0x8a48a237) lui     tp, 0x8a48a
core   0: 3 0x80003d1c (0x8a48a237) x 4 0x8a48a000
core   0: 0x80003d20 (0x00def0b3) and     ra, t4, a3
core   0: 3 0x80003d20 (0x00def0b3) x 1 0x00000000
core   0: 0x80003d24 (0x01fb1793) slli    a5, s6, 31
core   0: 3 0x80003d24 (0x01fb1793) x15 0x80000000
core   0: 0x80003d28 (0xf5fba593) slti    a1, s7, -161
core   0: 3 0x80003d28 (0xf5fba593) x11 0x00000000
core   0: 0x80003d2c (0x8e40c1b7) lui     gp, 0x8e40c
core   0: 3 0x80003d2c (0x8e40c1b7) x 3 0x8e40c000
core   0: 0x80003d30 (0x00991a93) slli    s5, s2, 9
core   0: 3 0x80003d30 (0x00991a93) x21 0x00000000
core   0: 0x80003d34 (0x113ca593) slti    a1, s9, 275
core   0: 3 0x80003d34 (0x113ca593) x11 0x00000001
core   0: 0x80003d38 (0x412354b3) sra     s1, t1, s2
core   0: 3 0x80003d38 (0x412354b3) x 9 0x7aff137d
core   0: 0x80003d3c (0xc3238993) addi    s3, t2, -974
core   0: 3 0x80003d3c (0xc3238993) x19 0x80011a96
core   0: 0x80003d40 (0x39ffef13) ori     t5, t6, 927
core   0: 3 0x80003d40 (0x39ffef13) x30 0x0000039f
core   0: 0x80003d44 (0x416ad493) srai    s1, s5, 22
core   0: 3 0x80003d44 (0x416ad493) x 9 0x00000000
core   0: 0x80003d48 (0x01bad213) srli    tp, s5, 27
core   0: 3 0x80003d48 (0x01bad213) x 4 0x00000000
core   0: 0x80003d4c (0x00115133) srl     sp, sp, ra
core   0: 3 0x80003d4c (0x00115133) x 2 0x7aff148b
core   0: 0x80003d50 (0x41f859b3) sra     s3, a6, t6
core   0: 3 0x80003d50 (0x41f859b3) x19 0xfd22285a
core   0: 0x80003d54 (0x006b7933) and     s2, s6, t1
core   0: 3 0x80003d54 (0x006b7933) x18 0x7aff1075
core   0: 0x80003d58 (0xc69c8093) addi    ra, s9, -919
core   0: 3 0x80003d58 (0xc69c8093) x 1 0xfffffc69
core   0: 0x80003d5c (0x4187dc33) sra     s8, a5, s8
core   0: 3 0x80003d5c (0x4187dc33) x24 0x80000000
core   0: 0x80003d60 (0x16ecf613) andi    a2, s9, 366
core   0: 3 0x80003d60 (0x16ecf613) x12 0x00000000
core   0: 0x80003d64 (0x0046d6b3) srl     a3, a3, tp
core   0: 3 0x80003d64 (0x0046d6b3) x13 0x00000000
core   0: 0x80003d68 (0x41135a33) sra     s4, t1, a7
core   0: 3 0x80003d68 (0x41135a33) x20 0x7aff137d
core   0: 0x80003d6c (0xad2f1a17) auipc   s4, 0xad2f1
core   0: 3 0x80003d6c (0xad2f1a17) x20 0x2d2f4d6c
core   0: 0x80003d70 (0x01d4d013) srli    zero, s1, 29
core   0: 3 0x80003d70 (0x01d4d013)
core   0: 0x80003d74 (0x007ffd33) and     s10, t6, t2
core   0: 3 0x80003d74 (0x007ffd33) x26 0x00000000
core   0: 0x80003d78 (0x00f24b33) xor     s6, tp, a5
core   0: 3 0x80003d78 (0x00f24b33) x22 0x80000000
core   0: 0x80003d7c (0x017da733) slt     a4, s11, s7
core   0: 3 0x80003d7c (0x017da733) x14 0x00000001
core   0: 0x80003d80 (0x01646ab3) or      s5, s0, s6
core   0: 3 0x80003d80 (0x01646ab3) x21 0x80000000
core   0: 0x80003d84 (0x00c45b13) srli    s6, s0, 12
core   0: 3 0x80003d84 (0x00c45b13) x22 0x00000000
core   0: 0x80003d88 (0x019b9013) slli    zero, s7, 25
core   0: 3 0x80003d88 (0x019b9013)
core   0: 0x80003d8c (0x01599bb3) sll     s7, s3, s5
core   0: 3 0x80003d8c (0x01599bb3) x23 0xfd22285a
core   0: 0x80003d90 (0x00229793) slli    a5, t0, 2
core   0: 3 0x80003d90 (0x00229793) x15 0x00057390
core   0: 0x80003d94 (0x01b70033) add     zero, a4, s11
core   0: 3 0x80003d94 (0x01b70033)
core   0: 0x80003d98 (0xeadb8093) addi    ra, s7, -339
core   0: 3 0x80003d98 (0xeadb8093) x 1 0xfd222707
core   0: 0x80003d9c (0x0c363793) sltiu   a5, a2, 195
core   0: 3 0x80003d9c (0x0c363793) x15 0x00000001
core   0: 0x80003da0 (0x0007d4b3) srl     s1, a5, zero
core   0: 3 0x80003da0 (0x0007d4b3) x 9 0x00000001
core   0: 0x80003da4 (0x00e04713) xori    a4, zero, 14
core   0: 3 0x80003da4 (0x00e04713) x14 0x0000000e
core   0: 0x80003da8 (0xf0c57193) andi    gp, a0, -244
core   0: 3 0x80003da8 (0xf0c57193) x 3 0x00000000
core   0: 0x80003dac (0xd71b4413) xori    s0, s6, -655
core   0: 3 0x80003dac (0xd71b4413) x 8 0xfffffd71
core   0: 0x80003db0 (0x00000013) nop
core   0: 3 0x80003db0 (0x00000013)
core   0: 0x80003db4 (0x009b1033) sll     zero, s6, s1
core   0: 3 0x80003db4 (0x009b1033)
core   0: 0x80003db8 (0x01e16ab3) or      s5, sp, t5
core   0: 3 0x80003db8 (0x01e16ab3) x21 0x7aff179f
core   0: 0x80003dbc (0x009776b3) and     a3, a4, s1
core   0: 3 0x80003dbc (0x009776b3) x13 0x00000000
core   0: 0x80003dc0 (0x004e41b3) xor     gp, t3, tp
core   0: 3 0x80003dc0 (0x004e41b3) x 3 0x80015ce4
core   0: 0x80003dc4 (0x01a5b1b3) sltu    gp, a1, s10
core   0: 3 0x80003dc4 (0x01a5b1b3) x 3 0x00000000
core   0: 0x80003dc8 (0x4ae1e8b7) lui     a7, 0x4ae1e
core   0: 3 0x80003dc8 (0x4ae1e8b7) x17 0x4ae1e000
core   0: 0x80003dcc (0x016c14b3) sll     s1, s8, s6
core   0: 3 0x80003dcc (0x016c14b3) x 9 0x80000000
core   0: 0x80003dd0 (0x00973ab3) sltu    s5, a4, s1
core   0: 3 0x80003dd0 (0x00973ab3) x21 0x00000001
core   0: 0x80003dd4 (0x01a59213) slli    tp, a1, 26
core   0: 3 0x80003dd4 (0x01a59213) x 4 0x04000000
core   0: 0x80003dd8 (0x015201b3) add     gp, tp, s5
core   0: 3 0x80003dd8 (0x015201b3) x 3 0x04000001
core   0: 0x80003ddc (0x402f5b13) srai    s6, t5, 2
core   0: 3 0x80003ddc (0x402f5b13) x22 0x000000e7
core   0: 0x80003de0 (0x78933937) lui     s2, 0x78933
core   0: 3 0x80003de0 (0x78933937) x18 0x78933000
core   0: 0x80003de4 (0x01bf1b33) sll     s6, t5, s11
core   0: 3 0x80003de4 (0x01bf1b33) x22 0x000073e0
core   0: 0x80003de8 (0x0c5eca13) xori    s4, t4, 197
core   0: 3 0x80003de8 (0x0c5eca13) x20 0x000000c5
core   0: 0x80003dec (0x1ab96f13) ori     t5, s2, 427
core   0: 3 0x80003dec (0x1ab96f13) x30 0x789331ab
core   0: 0x80003df0 (0x00f02433) slt     s0, zero, a5
core   0: 3 0x80003df0 (0x00f02433) x 8 0x00000001
core   0: 0x80003df4 (0xfd596fb7) lui     t6, 0xfd596
core   0: 3 0x80003df4 (0xfd596fb7) x31 0xfd596000
core   0: 0x80003df8 (0x12af2193) slti    gp, t5, 298
core   0: 3 0x80003df8 (0x12af2193) x 3 0x00000000
core   0: 0x80003dfc (0xf1baaa13) slti    s4, s5, -229
core   0: 3 0x80003dfc (0xf1baaa13) x20 0x00000000
core   0: 0x80003e00 (0x791dbb93) sltiu   s7, s11, 1937
core   0: 3 0x80003e00 (0x791dbb93) x23 0x00000000
core   0: 0x80003e04 (0x006b4a33) xor     s4, s6, t1
core   0: 3 0x80003e04 (0x006b4a33) x20 0x7aff609d
core   0: 0x80003e08 (0x05624713) xori    a4, tp, 86
core   0: 3 0x80003e08 (0x05624713) x14 0x04000056
core   0: 0x80003e0c (0x4186df33) sra     t5, a3, s8
core   0: 3 0x80003e0c (0x4186df33) x30 0x00000000
core   0: 0x80003e10 (0x40390b33) sub     s6, s2, gp
core   0: 3 0x80003e10 (0x40390b33) x22 0x78933000
core   0: 0x80003e14 (0x4016d493) srai    s1, a3, 1
core   0: 3 0x80003e14 (0x4016d493) x 9 0x00000000
core   0: 0x80003e18 (0x01a94433) xor     s0, s2, s10
core   0: 3 0x80003e18 (0x01a94433) x 8 0x78933000
core   0: 0x80003e1c (0x01fcee33) or      t3, s9, t6
core   0: 3 0x80003e1c (0x01fcee33) x28 0xfd596000
core   0: 0x80003e20 (0x40b5e613) ori     a2, a1, 1035
core   0: 3 0x80003e20 (0x40b5e613) x12 0x0000040b
core   0: 0x80003e24 (0x415bd193) srai    gp, s7, 21
core   0: 3 0x80003e24 (0x415bd193) x 3 0x00000000
core   0: 0x80003e28 (0x418a8633) sub     a2, s5, s8
core   0: 3 0x80003e28 (0x418a8633) x12 0x80000001
core   0: 0x80003e2c (0x006439b3) sltu    s3, s0, t1
core   0: 3 0x80003e2c (0x006439b3) x19 0x00000001
core   0: 0x80003e30 (0x00df3033) sltu    zero, t5, a3
core   0: 3 0x80003e30 (0x00df3033)
core   0: 0x80003e34 (0x01865b93) srli    s7, a2, 24
core   0: 3 0x80003e34 (0x01865b93) x23 0x00000080
core   0: 0x80003e38 (0x001017b3) sll     a5, zero, ra
core   0: 3 0x80003e38 (0x001017b3) x15 0x00000000
core   0: 0x80003e3c (0x00a40db3) add     s11, s0, a0
core   0: 3 0x80003e3c (0x00a40db3) x27 0x78933000
core   0: 0x80003e40 (0x9eaf4893) xori    a7, t5, -1558
core   0: 3 0x80003e40 (0x9eaf4893) x17 0xfffff9ea
core   0: 0x80003e44 (0x01ccc933) xor     s2, s9, t3
core   0: 3 0x80003e44 (0x01ccc933) x18 0xfd596000
core   0: 0x80003e48 (0x01e2da93) srli    s5, t0, 30
core   0: 3 0x80003e48 (0x01e2da93) x21 0x00000002
core   0: 0x80003e4c (0xf0b17f93) andi    t6, sp, -245
core   0: 3 0x80003e4c (0xf0b17f93) x31 0x7aff140b
core   0: 0x80003e50 (0x01cf84b3) add     s1, t6, t3
core   0: 3 0x80003e50 (0x01cf84b3) x 9 0x7858740b
core   0: 0x80003e54 (0x73f9ed93) ori     s11, s3, 1855
core   0: 3 0x80003e54 (0x73f9ed93) x27 0x0000073f
core   0: 0x80003e58 (0xa9328913) addi    s2, t0, -1389
core   0: 3 0x80003e58 (0xa9328913) x18 0x80015777
core   0: 0x80003e5c (0x0078a9b3) slt     s3, a7, t2
core   0: 3 0x80003e5c (0x0078a9b3) x19 0x00000000
core   0: 0x80003e60 (0xc3f3ef13) ori     t5, t2, -961
core   0: 3 0x80003e60 (0xc3f3ef13) x30 0xfffffe7f
core   0: 0x80003e64 (0x3c1ee493) ori     s1, t4, 961
core   0: 3 0x80003e64 (0x3c1ee493) x 9 0x000003c1
core   0: 0x80003e68 (0x4f1b3793) sltiu   a5, s6, 1265
core   0: 3 0x80003e68 (0x4f1b3793) x15 0x00000000
core   0: 0x80003e6c (0x0196d4b3) srl     s1, a3, s9
core   0: 3 0x80003e6c (0x0196d4b3) x 9 0x00000000
core   0: 0x80003e70 (0x00b42cb3) slt     s9, s0, a1
core   0: 3 0x80003e70 (0x00b42cb3) x25 0x00000000
core   0: 0x80003e74 (0xe7dcfd93) andi    s11, s9, -387
core   0: 3 0x80003e74 (0xe7dcfd93) x27 0x00000000
core   0: 0x80003e78 (0x017bb8b3) sltu    a7, s7, s7
core   0: 3 0x80003e78 (0x017bb8b3) x17 0x00000000
core   0: 0x80003e7c (0x00d12c33) slt     s8, sp, a3
core   0: 3 0x80003e7c (0x00d12c33) x24 0x00000000
core   0: 0x80003e80 (0x41420c33) sub     s8, tp, s4
core   0: 3 0x80003e80 (0x41420c33) x24 0x89009f63
core   0: 0x80003e84 (0xcb592b93) slti    s7, s2, -843
core   0: 3 0x80003e84 (0xcb592b93) x23 0x00000001
core   0: 0x80003e88 (0x00d1c8b3) xor     a7, gp, a3
core   0: 3 0x80003e88 (0x00d1c8b3) x17 0x00000000
core   0: 0x80003e8c (0x00d67533) and     a0, a2, a3
core   0: 3 0x80003e8c (0x00d67533) x10 0x00000000
core   0: 0x80003e90 (0x00cb0ab3) add     s5, s6, a2
core   0: 3 0x80003e90 (0x00cb0ab3) x21 0xf8933001
core   0: 0x80003e94 (0x0089c933) xor     s2, s3, s0
core   0: 3 0x80003e94 (0x0089c933) x18 0x78933000
core   0: 0x80003e98 (0x019c00b3) add     ra, s8, s9
core   0: 3 0x80003e98 (0x019c00b3) x 1 0x89009f63
core   0: 0x80003e9c (0xc76de737) lui     a4, 0xc76de
core   0: 3 0x80003e9c (0xc76de737) x14 0xc76de000
core   0: 0x80003ea0 (0x1a4d3d93) sltiu   s11, s10, 420
core   0: 3 0x80003ea0 (0x1a4d3d93) x27 0x00000001
core   0: 0x80003ea4 (0x00054733) xor     a4, a0, zero
core   0: 3 0x80003ea4 (0x00054733) x14 0x00000000
core   0: 0x80003ea8 (0x98478713) addi    a4, a5, -1660
core   0: 3 0x80003ea8 (0x98478713) x14 0xfffff984
core   0: 0x80003eac (0x9c4bca93) xori    s5, s7, -1596
core   0: 3 0x80003eac (0x9c4bca93) x21 0xfffff9c5
core   0: 0x80003eb0 (0xdaa2e617) auipc   a2, 0xdaa2e
core   0: 3 0x80003eb0 (0xdaa2e617) x12 0x5aa31eb0
core   0: 0x80003eb4 (0x30bb8f93) addi    t6, s7, 779
core   0: 3 0x80003eb4 (0x30bb8f93) x31 0x0000030c
core   0: 0x80003eb8 (0x40488533) sub     a0, a7, tp
core   0: 3 0x80003eb8 (0x40488533) x10 0xfc000000
core   0: 0x80003ebc (0xbf23b993) sltiu   s3, t2, -1038
core   0: 3 0x80003ebc (0xbf23b993) x19 0x00000001
core   0: 0x80003ec0 (0x01c1d233) srl     tp, gp, t3
core   0: 3 0x80003ec0 (0x01c1d233) x 4 0x00000000
core   0: 0x80003ec4 (0x00415033) srl     zero, sp, tp
core   0: 3 0x80003ec4 (0x00415033)
core   0: 0x80003ec8 (0x01e57c33) and     s8, a0, t5
core   0: 3 0x80003ec8 (0x01e57c33) x24 0xfc000000
core   0: 0x80003ecc (0x290e3893) sltiu   a7, t3, 656
core   0: 3 0x80003ecc (0x290e3893) x17 0x00000000
core   0: 0x80003ed0 (0x016860b3) or      ra, a6, s6
core   0: 3 0x80003ed0 (0x016860b3) x 1 0xfad770b4
core   0: 0x80003ed4 (0xbc0def93) ori     t6, s11, -1088
core   0: 3 0x80003ed4 (0xbc0def93) x31 0xfffffbc1
core   0: 0x80003ed8 (0x004db033) sltu    zero, s11, tp
core   0: 3 0x80003ed8 (0x004db033)
core   0: 0x80003edc (0x41e5de33) sra     t3, a1, t5
core   0: 3 0x80003edc (0x41e5de33) x28 0x00000000
core   0: 0x80003ee0 (0x00826db3) or      s11, tp, s0
core   0: 3 0x80003ee0 (0x00826db3) x27 0x78933000
core   0: 0x80003ee4 (0x004a1c13) slli    s8, s4, 4
core   0: 3 0x80003ee4 (0x004a1c13) x24 0xaff609d0
core   0: 0x80003ee8 (0xe5622c13) slti    s8, tp, -426
core   0: 3 0x80003ee8 (0xe5622c13) x24 0x00000000
core   0: 0x80003eec (0x00a39093) slli    ra, t2, 10
core   0: 3 0x80003eec (0x00a39093) x 1 0x04799000
core   0: 0x80003ef0 (0x40878033) sub     zero, a5, s0
core   0: 3 0x80003ef0 (0x40878033)
core   0: 0x80003ef4 (0x1171e593) ori     a1, gp, 279
core   0: 3 0x80003ef4 (0x1171e593) x11 0x00000117
core   0: 0x80003ef8 (0x92632313) slti    t1, t1, -1754
core   0: 3 0x80003ef8 (0x92632313) x 6 0x00000000
core   0: 0x80003efc (0x52f06137) lui     sp, 0x52f06
core   0: 3 0x80003efc (0x52f06137) x 2 0x52f06000
core   0: 0x80003f00 (0x007babb3) slt     s7, s7, t2
core   0: 3 0x80003f00 (0x007babb3) x23 0x00000000
core   0: 0x80003f04 (0x2318ba13) sltiu   s4, a7, 561
core   0: 3 0x80003f04 (0x2318ba13) x20 0x00000001
core   0: 0x80003f08 (0x8f85e413) ori     s0, a1, -1800
core   0: 3 0x80003f08 (0x8f85e413) x 8 0xfffff9ff
core   0: 0x80003f0c (0x01685893) srli    a7, a6, 22
core   0: 3 0x80003f0c (0x01685893) x17 0x000003e9
core   0: 0x80003f10 (0xedcb7793) andi    a5, s6, -292
core   0: 3 0x80003f10 (0xedcb7793) x15 0x78933000
core   0: 0x80003f14 (0xa2270097) auipc   ra, 0xa2270
core   0: 3 0x80003f14 (0xa2270097) x 1 0x22273f14
core   0: 0x80003f18 (0x01025433) srl     s0, tp, a6
core   0: 3 0x80003f18 (0x01025433) x 8 0x00000000
core   0: 0x80003f1c (0x04f04713) xori    a4, zero, 79
core   0: 3 0x80003f1c (0x04f04713) x14 0x0000004f
core   0: 0x80003f20 (0x007c29b3) slt     s3, s8, t2
core   0: 3 0x80003f20 (0x007c29b3) x19 0x00000000
core   0: 0x80003f24 (0x2b4a6a93) ori     s5, s4, 692
core   0: 3 0x80003f24 (0x2b4a6a93) x21 0x000002b5
core   0: 0x80003f28 (0x004b5033) srl     zero, s6, tp
core   0: 3 0x80003f28 (0x004b5033)
core   0: 0x80003f2c (0x93b37c93) andi    s9, t1, -1733
core   0: 3 0x80003f2c (0x93b37c93) x25 0x00000000
core   0: 0x80003f30 (0x00a9b633) sltu    a2, s3, a0
core   0: 3 0x80003f30 (0x00a9b633) x12 0x00000001
core   0: 0x80003f34 (0x55864f37) lui     t5, 0x55864
core   0: 3 0x80003f34 (0x55864f37) x30 0x55864000
core   0: 0x80003f38 (0x00000013) nop
core   0: 3 0x80003f38 (0x00000013)
core   0: 0x80003f3c (0x01d95a93) srli    s5, s2, 29
core   0: 3 0x80003f3c (0x01d95a93) x21 0x00000003
core   0: 0x80003f40 (0x01f11213) slli    tp, sp, 31
core   0: 3 0x80003f40 (0x01f11213) x 4 0x00000000
core   0: 0x80003f44 (0x006d2233) slt     tp, s10, t1
core   0: 3 0x80003f44 (0x006d2233) x 4 0x00000000
core   0: 0x80003f48 (0x01559313) slli    t1, a1, 21
core   0: 3 0x80003f48 (0x01559313) x 6 0x22e00000
core   0: 0x80003f4c (0x013768b3) or      a7, a4, s3
core   0: 3 0x80003f4c (0x013768b3) x17 0x0000004f
core   0: 0x80003f50 (0x008b2133) slt     sp, s6, s0
core   0: 3 0x80003f50 (0x008b2133) x 2 0x00000000
core   0: 0x80003f54 (0x30b67713) andi    a4, a2, 779
core   0: 3 0x80003f54 (0x30b67713) x14 0x00000001
core   0: 0x80003f58 (0x01a50233) add     tp, a0, s10
core   0: 3 0x80003f58 (0x01a50233) x 4 0xfc000000
core   0: 0x80003f5c (0x850d0b93) addi    s7, s10, -1968
core   0: 3 0x80003f5c (0x850d0b93) x23 0xfffff850
core   0: 0x80003f60 (0x2ad3b893) sltiu   a7, t2, 685
core   0: 3 0x80003f60 (0x2ad3b893) x17 0x00000000
core   0: 0x80003f64 (0x014de533) or      a0, s11, s4
core   0: 3 0x80003f64 (0x014de533) x10 0x78933001
core   0: 0x80003f68 (0x8a192713) slti    a4, s2, -1887
core   0: 3 0x80003f68 (0x8a192713) x14 0x00000000
core   0: 0x80003f6c (0x01e45093) srli    ra, s0, 30
core   0: 3 0x80003f6c (0x01e45093) x 1 0x00000000
core   0: 0x80003f70 (0x03423f97) auipc   t6, 0x3423
core   0: 3 0x80003f70 (0x03423f97) x31 0x83426f70
core   0: 0x80003f74 (0x40305b93) srai    s7, zero, 3
core   0: 3 0x80003f74 (0x40305b93) x23 0x00000000
core   0: 0x80003f78 (0x004c5c93) srli    s9, s8, 4
core   0: 3 0x80003f78 (0x004c5c93) x25 0x00000000
core   0: 0x80003f7c (0x41235d33) sra     s10, t1, s2
core   0: 3 0x80003f7c (0x41235d33) x26 0x22e00000
core   0: 0x80003f80 (0x24024717) auipc   a4, 0x24024
core   0: 3 0x80003f80 (0x24024717) x14 0xa4027f80
core   0: 0x80003f84 (0x8eaeaf93) slti    t6, t4, -1814
core   0: 3 0x80003f84 (0x8eaeaf93) x31 0x00000000
core   0: 0x80003f88 (0x00a06e33) or      t3, zero, a0
core   0: 3 0x80003f88 (0x00a06e33) x28 0x78933001
core   0: 0x80003f8c (0x019f20b3) slt     ra, t5, s9
core   0: 3 0x80003f8c (0x019f20b3) x 1 0x00000000
core   0: 0x80003f90 (0x01d9ca33) xor     s4, s3, t4
core   0: 3 0x80003f90 (0x01d9ca33) x20 0x00000000
core   0: 0x80003f94 (0xf08aa593) slti    a1, s5, -248
core   0: 3 0x80003f94 (0xf08aa593) x11 0x00000000
core   0: 0x80003f98 (0x011fd7b3) srl     a5, t6, a7
core   0: 3 0x80003f98 (0x011fd7b3) x15 0x00000000
core   0: 0x80003f9c (0x01e74e33) xor     t3, a4, t5
core   0: 3 0x80003f9c (0x01e74e33) x28 0xf1843f80
core   0: 0x80003fa0 (0x0118c433) xor     s0, a7, a7
core   0: 3 0x80003fa0 (0x0118c433) x 8 0x00000000
core   0: 0x80003fa4 (0x016d3413) sltiu   s0, s10, 22
core   0: 3 0x80003fa4 (0x016d3413) x 8 0x00000000
core   0: 0x80003fa8 (0xc35f0f93) addi    t6, t5, -971
core   0: 3 0x80003fa8 (0xc35f0f93) x31 0x55863c35
core   0: 0x80003fac (0x994bcf93) xori    t6, s7, -1644
core   0: 3 0x80003fac (0x994bcf93) x31 0xfffff994
core   0: 0x80003fb0 (0x00000013) nop
core   0: 3 0x80003fb0 (0x00000013)
core   0: 0x80003fb4 (0x0155d313) srli    t1, a1, 21
core   0: 3 0x80003fb4 (0x0155d313) x 6 0x00000000
core   0: 0x80003fb8 (0x41a457b3) sra     a5, s0, s10
core   0: 3 0x80003fb8 (0x41a457b3) x15 0x00000000
core   0: 0x80003fbc (0x79b4d697) auipc   a3, 0x79b4d
core   0: 3 0x80003fbc (0x79b4d697) x13 0xf9b50fbc
core   0: 0x80003fc0 (0x00065e93) srli    t4, a2, 0
core   0: 3 0x80003fc0 (0x00065e93) x29 0x00000001
core   0: 0x80003fc4 (0x210dae93) slti    t4, s11, 528
core   0: 3 0x80003fc4 (0x210dae93) x29 0x00000000
core   0: 0x80003fc8 (0xb8a88913) addi    s2, a7, -1142
core   0: 3 0x80003fc8 (0xb8a88913) x18 0xfffffb8a
core   0: 0x80003fcc (0xd9cfea93) ori     s5, t6, -612
core   0: 3 0x80003fcc (0xd9cfea93) x21 0xfffffd9c
core   0: 0x80003fd0 (0x01a6c0b3) xor     ra, a3, s10
core   0: 3 0x80003fd0 (0x01a6c0b3) x 1 0xdb550fbc
core   0: 0x80003fd4 (0xca315a37) lui     s4, 0xca315
core   0: 3 0x80003fd4 (0xca315a37) x20 0xca315000
core   0: 0x80003fd8 (0x86db0b93) addi    s7, s6, -1939
core   0: 3 0x80003fd8 (0x86db0b93) x23 0x7893286d
core   0: 0x80003fdc (0x25954613) xori    a2, a0, 601
core   0: 3 0x80003fdc (0x25954613) x12 0x78933258
core   0: 0x80003fe0 (0xfd8487b7) lui     a5, 0xfd848
core   0: 3 0x80003fe0 (0xfd8487b7) x15 0xfd848000
core   0: 0x80003fe4 (0x014c9733) sll     a4, s9, s4
core   0: 3 0x80003fe4 (0x014c9733) x14 0x00000000
core   0: 0x80003fe8 (0x011337b3) sltu    a5, t1, a7
core   0: 3 0x80003fe8 (0x011337b3) x15 0x00000000
core   0: 0x80003fec (0x00000013) nop
core   0: 3 0x80003fec (0x00000013)
core   0: 0x80003ff0 (0x410b8133) sub     sp, s7, a6
core   0: 3 0x80003ff0 (0x410b8133) x 2 0x7e4ed7b9
core   0: 0x80003ff4 (0x01e88f33) add     t5, a7, t5
core   0: 3 0x80003ff4 (0x01e88f33) x30 0x55864000
core   0: 0x80003ff8 (0x01fe11b3) sll     gp, t3, t6
core   0: 3 0x80003ff8 (0x01fe11b3) x 3 0xf8000000
core   0: 0x80003ffc (0xadec4713) xori    a4, s8, -1314
core   0: 3 0x80003ffc (0xadec4713) x14 0xfffffade
core   0: 0x80004000 (0x006656b3) srl     a3, a2, t1
core   0: 3 0x80004000 (0x006656b3) x13 0x78933258
core   0: 0x80004004 (0x00ea9ab3) sll     s5, s5, a4
core   0: 3 0x80004004 (0x00ea9ab3) x21 0x00000000
core   0: 0x80004008 (0xa5ab4c93) xori    s9, s6, -1446
core   0: 3 0x80004008 (0xa5ab4c93) x25 0x876cca5a
core   0: 0x8000400c (0x248ab413) sltiu   s0, s5, 584
core   0: 3 0x8000400c (0x248ab413) x 8 0x00000001
core   0: 0x80004010 (0x0188db13) srli    s6, a7, 24
core   0: 3 0x80004010 (0x0188db13) x22 0x00000000
core   0: 0x80004014 (0x0141ea33) or      s4, gp, s4
core   0: 3 0x80004014 (0x0141ea33) x20 0xfa315000
core   0: 0x80004018 (0x00935e93) srli    t4, t1, 9
core   0: 3 0x80004018 (0x00935e93) x29 0x00000000
core   0: 0x8000401c (0x00000013) nop
core   0: 3 0x8000401c (0x00000013)
core   0: 0x80004020 (0x00b95733) srl     a4, s2, a1
core   0: 3 0x80004020 (0x00b95733) x14 0xfffffb8a
core   0: 0x80004024 (0xe7ea6e93) ori     t4, s4, -386
core   0: 3 0x80004024 (0xe7ea6e93) x29 0xfffffe7e
core   0: 0x80004028 (0x406bd993) srai    s3, s7, 6
core   0: 3 0x80004028 (0x406bd993) x19 0x01e24ca1
core   0: 0x8000402c (0x0013c0b3) xor     ra, t2, ra
core   0: 3 0x8000402c (0x0013c0b3) x 1 0x5b5411d8
core   0: 0x80004030 (0x01827bb3) and     s7, tp, s8
core   0: 3 0x80004030 (0x01827bb3) x23 0x00000000
core   0: 0x80004034 (0xaadd4a97) auipc   s5, 0xaadd4
core   0: 3 0x80004034 (0xaadd4a97) x21 0x2add8034
core   0: 0x80004038 (0x9346e0b7) lui     ra, 0x9346e
core   0: 3 0x80004038 (0x9346e0b7) x 1 0x9346e000
core   0: 0x8000403c (0xe5916f97) auipc   t6, 0xe5916
core   0: 3 0x8000403c (0xe5916f97) x31 0x6591a03c
core   0: 0x80004040 (0x00da9193) slli    gp, s5, 13
core   0: 3 0x80004040 (0x00da9193) x 3 0xb0068000
core   0: 0x80004044 (0x164bc417) auipc   s0, 0x164bc
core   0: 3 0x80004044 (0x164bc417) x 8 0x964c0044
core   0: 0x80004048 (0x2090a613) slti    a2, ra, 521
core   0: 3 0x80004048 (0x2090a613) x12 0x00000001
core   0: 0x8000404c (0x00000013) nop
core   0: 3 0x8000404c (0x00000013)
core   0: 0x80004050 (0x1bf9e593) ori     a1, s3, 447
core   0: 3 0x80004050 (0x1bf9e593) x11 0x01e24dbf
core   0: 0x80004054 (0x551bf893) andi    a7, s7, 1361
core   0: 3 0x80004054 (0x551bf893) x17 0x00000000
core   0: 0x80004058 (0x09d9ae93) slti    t4, s3, 157
core   0: 3 0x80004058 (0x09d9ae93) x29 0x00000000
core   0: 0x8000405c (0x01807fb3) and     t6, zero, s8
core   0: 3 0x8000405c (0x01807fb3) x31 0x00000000
core   0: 0x80004060 (0x0199ddb3) srl     s11, s3, s9
core   0: 3 0x80004060 (0x0199ddb3) x27 0x00000000
core   0: 0x80004064 (0x46617713) andi    a4, sp, 1126
core   0: 3 0x80004064 (0x46617713) x14 0x00000420
core   0: 0x80004068 (0x018aab33) slt     s6, s5, s8
core   0: 3 0x80004068 (0x018aab33) x22 0x00000000
core   0: 0x8000406c (0x47c74e13) xori    t3, a4, 1148
core   0: 3 0x8000406c (0x47c74e13) x28 0x0000005c
core   0: 0x80004070 (0x00e5dbb3) srl     s7, a1, a4
core   0: 3 0x80004070 (0x00e5dbb3) x23 0x01e24dbf
core   0: 0x80004074 (0xcfe33113) sltiu   sp, t1, -770
core   0: 3 0x80004074 (0xcfe33113) x 2 0x00000001
core   0: 0x80004078 (0x841bc993) xori    s3, s7, -1983
core   0: 3 0x80004078 (0x841bc993) x19 0xfe1db5fe
core   0: 0x8000407c (0x6a2fa697) auipc   a3, 0x6a2fa
core   0: 3 0x8000407c (0x6a2fa697) x13 0xea2fe07c
core   0: 0x80004080 (0x10c4f013) andi    zero, s1, 268
core   0: 3 0x80004080 (0x10c4f013)
core   0: 0x80004084 (0x01f0c8b3) xor     a7, ra, t6
core   0: 3 0x80004084 (0x01f0c8b3) x17 0x9346e000
core   0: 0x80004088 (0x55702f13) slti    t5, zero, 1367
core   0: 3 0x80004088 (0x55702f13) x30 0x00000001
core   0: 0x8000408c (0x00f01313) slli    t1, zero, 15
core   0: 3 0x8000408c (0x00f01313) x 6 0x00000000
core   0: 0x80004090 (0x220da693) slti    a3, s11, 544
core   0: 3 0x80004090 (0x220da693) x13 0x00000001
core   0: 0x80004094 (0xe7578a13) addi    s4, a5, -395
core   0: 3 0x80004094 (0xe7578a13) x20 0xfffffe75
core   0: 0x80004098 (0x00b84033) xor     zero, a6, a1
core   0: 3 0x80004098 (0x00b84033)
core   0: 0x8000409c (0x009c6c33) or      s8, s8, s1
core   0: 3 0x8000409c (0x009c6c33) x24 0x00000000
core   0: 0x800040a0 (0x675e4213) xori    tp, t3, 1653
core   0: 3 0x800040a0 (0x675e4213) x 4 0x00000629
core   0: 0x800040a4 (0x00ec3a33) sltu    s4, s8, a4
core   0: 3 0x800040a4 (0x00ec3a33) x20 0x00000001
core   0: 0x800040a8 (0x01a897b3) sll     a5, a7, s10
core   0: 3 0x800040a8 (0x01a897b3) x15 0x9346e000
core   0: 0x800040ac (0x04f77d13) andi    s10, a4, 79
core   0: 3 0x800040ac (0x04f77d13) x26 0x00000000
core   0: 0x800040b0 (0x01d85c93) srli    s9, a6, 29
core   0: 3 0x800040b0 (0x01d85c93) x25 0x00000007
core   0: 0x800040b4 (0x011dfb33) and     s6, s11, a7
core   0: 3 0x800040b4 (0x011dfb33) x22 0x00000000
core   0: 0x800040b8 (0x22d7a897) auipc   a7, 0x22d7a
core   0: 3 0x800040b8 (0x22d7a897) x17 0xa2d7e0b8
core   0: 0x800040bc (0x00fad493) srli    s1, s5, 15
core   0: 3 0x800040bc (0x00fad493) x 9 0x000055bb
core   0: 0x800040c0 (0x4d2f3493) sltiu   s1, t5, 1234
core   0: 3 0x800040c0 (0x4d2f3493) x 9 0x00000001
core   0: 0x800040c4 (0x8a6e0d93) addi    s11, t3, -1882
core   0: 3 0x800040c4 (0x8a6e0d93) x27 0xfffff902
core   0: 0x800040c8 (0xd47c0793) addi    a5, s8, -697
core   0: 3 0x800040c8 (0xd47c0793) x15 0xfffffd47
core   0: 0x800040cc (0x40bad913) srai    s2, s5, 11
core   0: 3 0x800040cc (0x40bad913) x18 0x00055bb0
core   0: 0x800040d0 (0x00021993) slli    s3, tp, 0
core   0: 3 0x800040d0 (0x00021993) x19 0x00000629
core   0: 0x800040d4 (0x01cd4733) xor     a4, s10, t3
core   0: 3 0x800040d4 (0x01cd4733) x14 0x0000005c
core   0: 0x800040d8 (0x41455933) sra     s2, a0, s4
core   0: 3 0x800040d8 (0x41455933) x18 0x3c499800
core   0: 0x800040dc (0x0172d593) srli    a1, t0, 23
core   0: 3 0x800040dc (0x0172d593) x11 0x00000100
core   0: 0x800040e0 (0x007f3e33) sltu    t3, t5, t2
core   0: 3 0x800040e0 (0x007f3e33) x28 0x00000001
core   0: 0x800040e4 (0x00000013) nop
core   0: 3 0x800040e4 (0x00000013)
core   0: 0x800040e8 (0x40775993) srai    s3, a4, 7
core   0: 3 0x800040e8 (0x40775993) x19 0x00000000
core   0: 0x800040ec (0x36f57c13) andi    s8, a0, 879
core   0: 3 0x800040ec (0x36f57c13) x24 0x00000001
core   0: 0x800040f0 (0x41a2dd93) srai    s11, t0, 26
core   0: 3 0x800040f0 (0x41a2dd93) x27 0xffffffe0
core   0: 0x800040f4 (0x401ed0b3) sra     ra, t4, ra
core   0: 3 0x800040f4 (0x401ed0b3) x 1 0x00000000
core   0: 0x800040f8 (0x66887113) andi    sp, a6, 1640
core   0: 3 0x800040f8 (0x66887113) x 2 0x00000020
core   0: 0x800040fc (0x00943133) sltu    sp, s0, s1
core   0: 3 0x800040fc (0x00943133) x 2 0x00000000
core   0: 0x80004100 (0xc0d40313) addi    t1, s0, -1011
core   0: 3 0x80004100 (0xc0d40313) x 6 0x964bfc51
core   0: 0x80004104 (0x01f52fb3) slt     t6, a0, t6
core   0: 3 0x80004104 (0x01f52fb3) x31 0x00000000
core   0: 0x80004108 (0xd5f10d93) addi    s11, sp, -673
core   0: 3 0x80004108 (0xd5f10d93) x27 0xfffffd5f
core   0: 0x8000410c (0x00929993) slli    s3, t0, 9
core   0: 3 0x8000410c (0x00929993) x19 0x02b9c800
core   0: 0x80004110 (0x015bd093) srli    ra, s7, 21
core   0: 3 0x80004110 (0x015bd093) x 1 0x0000000f
core   0: 0x80004114 (0x00dafbb3) and     s7, s5, a3
core   0: 3 0x80004114 (0x00dafbb3) x23 0x00000000
core   0: 0x80004118 (0x39384a93) xori    s5, a6, 915
core   0: 3 0x80004118 (0x39384a93) x21 0xfa445327
core   0: 0x8000411c (0x01bbde13) srli    t3, s7, 27
core   0: 3 0x8000411c (0x01bbde13) x28 0x00000000
core   0: 0x80004120 (0xc66b2a13) slti    s4, s6, -922
core   0: 3 0x80004120 (0xc66b2a13) x20 0x00000000
core   0: 0x80004124 (0x009e9113) slli    sp, t4, 9
core   0: 3 0x80004124 (0x009e9113) x 2 0x00000000
core   0: 0x80004128 (0x01569993) slli    s3, a3, 21
core   0: 3 0x80004128 (0x01569993) x19 0x00200000
core   0: 0x8000412c (0x00b2d113) srli    sp, t0, 11
core   0: 3 0x8000412c (0x00b2d113) x 2 0x0010002b
core   0: 0x80004130 (0x6eca2793) slti    a5, s4, 1772
core   0: 3 0x80004130 (0x6eca2793) x15 0x00000001
core   0: 0x80004134 (0xe11c4d93) xori    s11, s8, -495
core   0: 3 0x80004134 (0xe11c4d93) x27 0xfffffe10
core   0: 0x80004138 (0x001e1b93) slli    s7, t3, 1
core   0: 3 0x80004138 (0x001e1b93) x23 0x00000000
core   0: 0x8000413c (0x007f27b3) slt     a5, t5, t2
core   0: 3 0x8000413c (0x007f27b3) x15 0x00000000
core   0: 0x80004140 (0x012a0733) add     a4, s4, s2
core   0: 3 0x80004140 (0x012a0733) x14 0x3c499800
core   0: 0x80004144 (0xda4b9b37) lui     s6, 0xda4b9
core   0: 3 0x80004144 (0xda4b9b37) x22 0xda4b9000
core   0: 0x80004148 (0x0058d8b3) srl     a7, a7, t0
core   0: 3 0x80004148 (0x0058d8b3) x17 0x0a2d7e0b
core   0: 0x8000414c (0xc23efb13) andi    s6, t4, -989
core   0: 3 0x8000414c (0xc23efb13) x22 0x00000000
core   0: 0x80004150 (0x00cb1193) slli    gp, s6, 12
core   0: 3 0x80004150 (0x00cb1193) x 3 0x00000000
core   0: 0x80004154 (0x00871d13) slli    s10, a4, 8
core   0: 3 0x80004154 (0x00871d13) x26 0x49980000
core   0: 0x80004158 (0x00000013) nop
core   0: 3 0x80004158 (0x00000013)
core   0: 0x8000415c (0x40dbdc93) srai    s9, s7, 13
core   0: 3 0x8000415c (0x40dbdc93) x25 0x00000000
core   0: 0x80004160 (0x002db1b3) sltu    gp, s11, sp
core   0: 3 0x80004160 (0x002db1b3) x 3 0x00000000
core   0: 0x80004164 (0x4069d793) srai    a5, s3, 6
core   0: 3 0x80004164 (0x4069d793) x15 0x00008000
core   0: 0x80004168 (0x84657b13) andi    s6, a0, -1978
core   0: 3 0x80004168 (0x84657b13) x22 0x78933000
core   0: 0x8000416c (0x01515a33) srl     s4, sp, s5
core   0: 3 0x8000416c (0x01515a33) x20 0x00002000
core   0: 0x80004170 (0x007b1933) sll     s2, s6, t2
core   0: 3 0x80004170 (0x007b1933) x18 0x89330000
core   0: 0x80004174 (0x0e657217) auipc   tp, 0xe657
core   0: 3 0x80004174 (0x0e657217) x 4 0x8e65b174
core   0: 0x80004178 (0x01256733) or      a4, a0, s2
core   0: 3 0x80004178 (0x01256733) x14 0xf9b33001
core   0: 0x8000417c (0x5bf70497) auipc   s1, 0x5bf70
core   0: 3 0x8000417c (0x5bf70497) x 9 0xdbf7417c
core   0: 0x80004180 (0x00000013) nop
core   0: 3 0x80004180 (0x00000013)
core   0: 0x80004184 (0x70bb7193) andi    gp, s6, 1803
core   0: 3 0x80004184 (0x70bb7193) x 3 0x00000000
core   0: 0x80004188 (0x440ece17) auipc   t3, 0x440ec
core   0: 3 0x80004188 (0x440ece17) x28 0xc40f0188
core   0: 0x8000418c (0x01859cb3) sll     s9, a1, s8
core   0: 3 0x8000418c (0x01859cb3) x25 0x00000200
core   0: 0x80004190 (0x00000013) nop
core   0: 3 0x80004190 (0x00000013)
core   0: 0x80004194 (0x008e6b33) or      s6, t3, s0
core   0: 3 0x80004194 (0x008e6b33) x22 0xd64f01cc
core   0: 0x80004198 (0x658ecb93) xori    s7, t4, 1624
core   0: 3 0x80004198 (0x658ecb93) x23 0x00000658
core   0: 0x8000419c (0xc1323113) sltiu   sp, tp, -1005
core   0: 3 0x8000419c (0xc1323113) x 2 0x00000001
core   0: 0x800041a0 (0x00a91f33) sll     t5, s2, a0
core   0: 3 0x800041a0 (0x00a91f33) x30 0x12660000
core   0: 0x800041a4 (0xf8012013) slti    zero, sp, -128
core   0: 3 0x800041a4 (0xf8012013)
core   0: 0x800041a8 (0xe0b0ac93) slti    s9, ra, -501
core   0: 3 0x800041a8 (0xe0b0ac93) x25 0x00000000
core   0: 0x800041ac (0x01e745b3) xor     a1, a4, t5
core   0: 3 0x800041ac (0x01e745b3) x11 0xebd53001
core   0: 0x800041b0 (0x01a72d33) slt     s10, a4, s10
core   0: 3 0x800041b0 (0x01a72d33) x26 0x00000001
core   0: 0x800041b4 (0x0015a1b3) slt     gp, a1, ra
core   0: 3 0x800041b4 (0x0015a1b3) x 3 0x00000001
core   0: 0x800041b8 (0x80e02e13) slti    t3, zero, -2034
core   0: 3 0x800041b8 (0x80e02e13) x28 0x00000000
core   0: 0x800041bc (0xdd027c13) andi    s8, tp, -560
core   0: 3 0x800041bc (0xdd027c13) x24 0x8e65b150
core   0: 0x800041c0 (0xad4ebd13) sltiu   s10, t4, -1324
core   0: 3 0x800041c0 (0xad4ebd13) x26 0x00000001
core   0: 0x800041c4 (0x01dc9313) slli    t1, s9, 29
core   0: 3 0x800041c4 (0x01dc9313) x 6 0x00000000
core   0: 0x800041c8 (0x001f60b3) or      ra, t5, ra
core   0: 3 0x800041c8 (0x001f60b3) x 1 0x1266000f
core   0: 0x800041cc (0x009b1793) slli    a5, s6, 9
core   0: 3 0x800041cc (0x009b1793) x15 0x9e039800
core   0: 0x800041d0 (0xf4184093) xori    ra, a6, -191
core   0: 3 0x800041d0 (0xf4184093) x 1 0x05bbaff5
core   0: 0x800041d4 (0x01995493) srli    s1, s2, 25
core   0: 3 0x800041d4 (0x01995493) x 9 0x00000044
core   0: 0x800041d8 (0x01a92233) slt     tp, s2, s10
core   0: 3 0x800041d8 (0x01a92233) x 4 0x00000001
core   0: 0x800041dc (0x8b1ee013) ori     zero, t4, -1871
core   0: 3 0x800041dc (0x8b1ee013)
core   0: 0x800041e0 (0xcc3cfe93) andi    t4, s9, -829
core   0: 3 0x800041e0 (0xcc3cfe93) x29 0x00000000
core   0: 0x800041e4 (0x01f86a33) or      s4, a6, t6
core   0: 3 0x800041e4 (0x01f86a33) x20 0xfa4450b4
core   0: 0x800041e8 (0x410fdd33) sra     s10, t6, a6
core   0: 3 0x800041e8 (0x410fdd33) x26 0x00000000
core   0: 0x800041ec (0x001c79b3) and     s3, s8, ra
core   0: 3 0x800041ec (0x001c79b3) x19 0x0421a150
core   0: 0x800041f0 (0x402586b3) sub     a3, a1, sp
core   0: 3 0x800041f0 (0x402586b3) x13 0xebd53000
core   0: 0x800041f4 (0x47890513) addi    a0, s2, 1144
core   0: 3 0x800041f4 (0x47890513) x10 0x89330478
core   0: 0x800041f8 (0x0186d593) srli    a1, a3, 24
core   0: 3 0x800041f8 (0x0186d593) x11 0x000000eb
core   0: 0x800041fc (0xe48fea93) ori     s5, t6, -440
core   0: 3 0x800041fc (0xe48fea93) x21 0xfffffe48
core   0: 0x80004200 (0x01752a33) slt     s4, a0, s7
core   0: 3 0x80004200 (0x01752a33) x20 0x00000001
core   0: 0x80004204 (0x3ae6deb7) lui     t4, 0x3ae6d
core   0: 3 0x80004204 (0x3ae6deb7) x29 0x3ae6d000
core   0: 0x80004208 (0x68842e13) slti    t3, s0, 1672
core   0: 3 0x80004208 (0x68842e13) x28 0x00000001
core   0: 0x8000420c (0x41150233) sub     tp, a0, a7
core   0: 3 0x8000420c (0x41150233) x 4 0x7f05866d
core   0: 0x80004210 (0x00d0f233) and     tp, ra, a3
core   0: 3 0x80004210 (0x00d0f233) x 4 0x01912000
core   0: 0x80004214 (0x00f0eeb3) or      t4, ra, a5
core   0: 3 0x80004214 (0x00f0eeb3) x29 0x9fbbbff5
core   0: 0x80004218 (0x1de8ad93) slti    s11, a7, 478
core   0: 3 0x80004218 (0x1de8ad93) x27 0x00000000
core   0: 0x8000421c (0x00000013) nop
core   0: 3 0x8000421c (0x00000013)
core   0: 0x80004220 (0x00066b33) or      s6, a2, zero
core   0: 3 0x80004220 (0x00066b33) x22 0x00000001
core   0: 0x80004224 (0x403f0733) sub     a4, t5, gp
core   0: 3 0x80004224 (0x403f0733) x14 0x1265ffff
core   0: 0x80004228 (0x40b58733) sub     a4, a1, a1
core   0: 3 0x80004228 (0x40b58733) x14 0x00000000
core   0: 0x8000422c (0x00000013) nop
core   0: 3 0x8000422c (0x00000013)
core   0: 0x80004230 (0x1d21bd97) auipc   s11, 0x1d21b
core   0: 3 0x80004230 (0x1d21bd97) x27 0x9d21f230
core   0: 0x80004234 (0x227f5937) lui     s2, 0x227f5
core   0: 3 0x80004234 (0x227f5937) x18 0x227f5000
core   0: 0x80004238 (0x009c9033) sll     zero, s9, s1
core   0: 3 0x80004238 (0x009c9033)
core   0: 0x8000423c (0x48f78713) addi    a4, a5, 1167
core   0: 3 0x8000423c (0x48f78713) x14 0x9e039c8f
core   0: 0x80004240 (0x005d31b3) sltu    gp, s10, t0
core   0: 3 0x80004240 (0x005d31b3) x 3 0x00000001
core   0: 0x80004244 (0xec46b493) sltiu   s1, a3, -316
core   0: 3 0x80004244 (0xec46b493) x 9 0x00000001
core   0: 0x80004248 (0x1fe34013) xori    zero, t1, 510
core   0: 3 0x80004248 (0x1fe34013)
core   0: 0x8000424c (0x011f4db3) xor     s11, t5, a7
core   0: 3 0x8000424c (0x011f4db3) x27 0x184b7e0b
core   0: 0x80004250 (0xd3f90693) addi    a3, s2, -705
core   0: 3 0x80004250 (0xd3f90693) x13 0x227f4d3f
core   0: 0x80004254 (0x00592fb3) slt     t6, s2, t0
core   0: 3 0x80004254 (0x00592fb3) x31 0x00000000
core   0: 0x80004258 (0x4088d6b3) sra     a3, a7, s0
core   0: 3 0x80004258 (0x4088d6b3) x13 0x00a2d7e0
core   0: 0x8000425c (0x01df5d93) srli    s11, t5, 29
core   0: 3 0x8000425c (0x01df5d93) x27 0x00000000
core   0: 0x80004260 (0x41fb0533) sub     a0, s6, t6
core   0: 3 0x80004260 (0x41fb0533) x10 0x00000001
core   0: 0x80004264 (0x016c4533) xor     a0, s8, s6
core   0: 3 0x80004264 (0x016c4533) x10 0x8e65b151
core   0: 0x80004268 (0x7d2cdcb7) lui     s9, 0x7d2cd
core   0: 3 0x80004268 (0x7d2cdcb7) x25 0x7d2cd000
core   0: 0x8000426c (0x01029fb3) sll     t6, t0, a6
core   0: 3 0x8000426c (0x01029fb3) x31 0xce400000
core   0: 0x80004270 (0x16cc6b13) ori     s6, s8, 364
core   0: 3 0x80004270 (0x16cc6b13) x22 0x8e65b17c
core   0: 0x80004274 (0x0880f113) andi    sp, ra, 136
core   0: 3 0x80004274 (0x0880f113) x 2 0x00000080
core   0: 0x80004278 (0x00056ab3) or      s5, a0, zero
core   0: 3 0x80004278 (0x00056ab3) x21 0x8e65b151
core   0: 0x8000427c (0x4040d1b3) sra     gp, ra, tp
core   0: 3 0x8000427c (0x4040d1b3) x 3 0x05bbaff5
core   0: 0x80004280 (0x01b76733) or      a4, a4, s11
core   0: 3 0x80004280 (0x01b76733) x14 0x9e039c8f
core   0: 0x80004284 (0x00294d33) xor     s10, s2, sp
core   0: 3 0x80004284 (0x00294d33) x26 0x227f5080
core   0: 0x80004288 (0xfc809917) auipc   s2, 0xfc809
core   0: 3 0x80004288 (0xfc809917) x18 0x7c80d288
core   0: 0x8000428c (0x03c90c13) addi    s8, s2, 60
core   0: 3 0x8000428c (0x03c90c13) x24 0x7c80d2c4
core   0: 0x80004290 (0xb12269b7) lui     s3, 0xb1226
core   0: 3 0x80004290 (0xb12269b7) x19 0xb1226000
core   0: 0x80004294 (0x0116d713) srli    a4, a3, 17
core   0: 3 0x80004294 (0x0116d713) x14 0x00000051
core   0: 0x80004298 (0x01651133) sll     sp, a0, s6
core   0: 3 0x80004298 (0x01651133) x 2 0x10000000
core   0: 0x8000429c (0x00e7d433) srl     s0, a5, a4
core   0: 3 0x8000429c (0x00e7d433) x 8 0x00004f01
core   0: 0x800042a0 (0x3fa53f93) sltiu   t6, a0, 1018
core   0: 3 0x800042a0 (0x3fa53f93) x31 0x00000000
core   0: 0x800042a4 (0x002ca7b3) slt     a5, s9, sp
core   0: 3 0x800042a4 (0x002ca7b3) x15 0x00000000
core   0: 0x800042a8 (0x41688633) sub     a2, a7, s6
core   0: 3 0x800042a8 (0x41688633) x12 0x7bc7cc8f
core   0: 0x800042ac (0x00cc0eb3) add     t4, s8, a2
core   0: 3 0x800042ac (0x00cc0eb3) x29 0xf8489f53
core   0: 0x800042b0 (0x3cf54513) xori    a0, a0, 975
core   0: 3 0x800042b0 (0x3cf54513) x10 0x8e65b29e
core   0: 0x800042b4 (0x00000013) nop
core   0: 3 0x800042b4 (0x00000013)
core   0: 0x800042b8 (0x3d6b0613) addi    a2, s6, 982
core   0: 3 0x800042b8 (0x3d6b0613) x12 0x8e65b552
core   0: 0x800042bc (0x00000013) nop
core   0: 3 0x800042bc (0x00000013)
core   0: 0x800042c0 (0x01bc9613) slli    a2, s9, 27
core   0: 3 0x800042c0 (0x01bc9613) x12 0x00000000
core   0: 0x800042c4 (0x017f6933) or      s2, t5, s7
core   0: 3 0x800042c4 (0x017f6933) x18 0x12660658
core   0: 0x800042c8 (0x50020613) addi    a2, tp, 1280
core   0: 3 0x800042c8 (0x50020613) x12 0x01912500
core   0: 0x800042cc (0x004dedb3) or      s11, s11, tp
core   0: 3 0x800042cc (0x004dedb3) x27 0x01912000
core   0: 0x800042d0 (0x004b9b13) slli    s6, s7, 4
core   0: 3 0x800042d0 (0x004b9b13) x22 0x00006580
core   0: 0x800042d4 (0x00000013) nop
core   0: 3 0x800042d4 (0x00000013)
core   0: 0x800042d8 (0x14eac193) xori    gp, s5, 334
core   0: 3 0x800042d8 (0x14eac193) x 3 0x8e65b01f
core   0: 0x800042dc (0x207f2913) slti    s2, t5, 519
core   0: 3 0x800042dc (0x207f2913) x18 0x00000000
core   0: 0x800042e0 (0x0176a5b3) slt     a1, a3, s7
core   0: 3 0x800042e0 (0x0176a5b3) x11 0x00000000
core   0: 0x800042e4 (0x40da5c33) sra     s8, s4, a3
core   0: 3 0x800042e4 (0x40da5c33) x24 0x00000001
core   0: 0x800042e8 (0x01d3ab33) slt     s6, t2, t4
core   0: 3 0x800042e8 (0x01d3ab33) x22 0x00000001
core   0: 0x800042ec (0x01b59113) slli    sp, a1, 27
core   0: 3 0x800042ec (0x01b59113) x 2 0x00000000
core   0: 0x800042f0 (0x75065517) auipc   a0, 0x75065
core   0: 3 0x800042f0 (0x75065517) x10 0xf50692f0
core   0: 0x800042f4 (0x10262b93) slti    s7, a2, 258
core   0: 3 0x800042f4 (0x10262b93) x23 0x00000000
core   0: 0x800042f8 (0xfa3ba313) slti    t1, s7, -93
core   0: 3 0x800042f8 (0xfa3ba313) x 6 0x00000000
core   0: 0x800042fc (0x01b65e33) srl     t3, a2, s11
core   0: 3 0x800042fc (0x01b65e33) x28 0x01912500
core   0: 0x80004300 (0x01e4b133) sltu    sp, s1, t5
core   0: 3 0x80004300 (0x01e4b133) x 2 0x00000001
core   0: 0x80004304 (0x01ead033) srl     zero, s5, t5
core   0: 3 0x80004304 (0x01ead033)
core   0: 0x80004308 (0x001c81b3) add     gp, s9, ra
core   0: 3 0x80004308 (0x001c81b3) x 3 0x82e87ff5
core   0: 0x8000430c (0x0145d713) srli    a4, a1, 20
core   0: 3 0x8000430c (0x0145d713) x14 0x00000000
core   0: 0x80004310 (0x41605213) srai    tp, zero, 22
core   0: 3 0x80004310 (0x41605213) x 4 0x00000000
core   0: 0x80004314 (0x09b57593) andi    a1, a0, 155
core   0: 3 0x80004314 (0x09b57593) x11 0x00000090
core   0: 0x80004318 (0xdd51e213) ori     tp, gp, -555
core   0: 3 0x80004318 (0xdd51e213) x 4 0xfffffff5
core   0: 0x8000431c (0x0090a1b3) slt     gp, ra, s1
core   0: 3 0x8000431c (0x0090a1b3) x 3 0x00000000
core   0: 0x80004320 (0x9ceca993) slti    s3, s9, -1586
core   0: 3 0x80004320 (0x9ceca993) x19 0x00000000
core   0: 0x80004324 (0x4016d9b3) sra     s3, a3, ra
core   0: 3 0x80004324 (0x4016d9b3) x19 0x00000005
core   0: 0x80004328 (0x014daab3) slt     s5, s11, s4
core   0: 3 0x80004328 (0x014daab3) x21 0x00000000
core   0: 0x8000432c (0xdd78cc13) xori    s8, a7, -553
core   0: 3 0x8000432c (0xdd78cc13) x24 0xf5d283dc
core   0: 0x80004330 (0x41e35133) sra     sp, t1, t5
core   0: 3 0x80004330 (0x41e35133) x 2 0x00000000
core   0: 0x80004334 (0x408407b3) sub     a5, s0, s0
core   0: 3 0x80004334 (0x408407b3) x15 0x00000000
core   0: 0x80004338 (0x7fe1a013) slti    zero, gp, 2046
core   0: 3 0x80004338 (0x7fe1a013)
core   0: 0x8000433c (0x010a2ab3) slt     s5, s4, a6
core   0: 3 0x8000433c (0x010a2ab3) x21 0x00000000
core   0: 0x80004340 (0x0070a633) slt     a2, ra, t2
core   0: 3 0x80004340 (0x0070a633) x12 0x00000000
core   0: 0x80004344 (0x008e26b3) slt     a3, t3, s0
core   0: 3 0x80004344 (0x008e26b3) x13 0x00000000
core   0: 0x80004348 (0x00385d93) srli    s11, a6, 3
core   0: 3 0x80004348 (0x00385d93) x27 0x1f488a16
core   0: 0x8000434c (0xf81ead13) slti    s10, t4, -127
core   0: 3 0x8000434c (0xf81ead13) x26 0x00000001
core   0: 0x80004350 (0x00b07eb3) and     t4, zero, a1
core   0: 3 0x80004350 (0x00b07eb3) x29 0x00000000
core   0: 0x80004354 (0x367f8313) addi    t1, t6, 871
core   0: 3 0x80004354 (0x367f8313) x 6 0x00000367
core   0: 0x80004358 (0x41ca0933) sub     s2, s4, t3
core   0: 3 0x80004358 (0x41ca0933) x18 0xfe6edb01
core   0: 0x8000435c (0x418a5b13) srai    s6, s4, 24
core   0: 3 0x8000435c (0x418a5b13) x22 0x00000000
core   0: 0x80004360 (0x0df0fe93) andi    t4, ra, 223
core   0: 3 0x80004360 (0x0df0fe93) x29 0x000000d5
core   0: 0x80004364 (0x001fcd33) xor     s10, t6, ra
core   0: 3 0x80004364 (0x001fcd33) x26 0x05bbaff5
core   0: 0x80004368 (0xf743b713) sltiu   a4, t2, -140
core   0: 3 0x80004368 (0xf743b713) x14 0x00000001
core   0: 0x8000436c (0x21c6ca17) auipc   s4, 0x21c6c
core   0: 3 0x8000436c (0x21c6ca17) x20 0xa1c7036c
core   0: 0x80004370 (0x00b440b3) xor     ra, s0, a1
core   0: 3 0x80004370 (0x00b440b3) x 1 0x00004f91
core   0: 0x80004374 (0x0108e233) or      tp, a7, a6
core   0: 3 0x80004374 (0x0108e233) x 4 0xfa6d7ebf
core   0: 0x80004378 (0x062c6017) auipc   zero, 0x62c6
core   0: 3 0x80004378 (0x062c6017)
core   0: 0x8000437c (0x0106c6b3) xor     a3, a3, a6
core   0: 3 0x8000437c (0x0106c6b3) x13 0xfa4450b4
core   0: 0x80004380 (0x013f29b3) slt     s3, t5, s3
core   0: 3 0x80004380 (0x013f29b3) x19 0x00000000
core   0: 0x80004384 (0xaf6c6913) ori     s2, s8, -1290
core   0: 3 0x80004384 (0xaf6c6913) x18 0xfffffbfe
core   0: 0x80004388 (0x003eea33) or      s4, t4, gp
core   0: 3 0x80004388 (0x003eea33) x20 0x000000d5
core   0: 0x8000438c (0x41a8d8b3) sra     a7, a7, s10
core   0: 3 0x8000438c (0x41a8d8b3) x17 0x00000051
core   0: 0x80004390 (0x67f18417) auipc   s0, 0x67f18
core   0: 3 0x80004390 (0x67f18417) x 8 0xe7f1c390
core   0: 0x80004394 (0x00b9d1b3) srl     gp, s3, a1
core   0: 3 0x80004394 (0x00b9d1b3) x 3 0x00000000
core   0: 0x80004398 (0x0153cbb3) xor     s7, t2, s5
core   0: 3 0x80004398 (0x0153cbb3) x23 0x80011e64
core   0: 0x8000439c (0x3ed67793) andi    a5, a2, 1005
core   0: 3 0x8000439c (0x3ed67793) x15 0x00000000
core   0: 0x800043a0 (0x60b93b93) sltiu   s7, s2, 1547
core   0: 3 0x800043a0 (0x60b93b93) x23 0x00000000
core   0: 0x800043a4 (0x009201b3) add     gp, tp, s1
core   0: 3 0x800043a4 (0x009201b3) x 3 0xfa6d7ec0
core   0: 0x800043a8 (0x008f4933) xor     s2, t5, s0
core   0: 3 0x800043a8 (0x008f4933) x18 0xf597c390
core   0: 0x800043ac (0x00989f33) sll     t5, a7, s1
core   0: 3 0x800043ac (0x00989f33) x30 0x000000a2
core   0: 0x800043b0 (0xc19d0893) addi    a7, s10, -999
core   0: 3 0x800043b0 (0xc19d0893) x17 0x05bbac0e
core   0: 0x800043b4 (0x016e8a33) add     s4, t4, s6
core   0: 3 0x800043b4 (0x016e8a33) x20 0x000000d5
core   0: 0x800043b8 (0x44f66313) ori     t1, a2, 1103
core   0: 3 0x800043b8 (0x44f66313) x 6 0x0000044f
core   0: 0x800043bc (0x01be76b3) and     a3, t3, s11
core   0: 3 0x800043bc (0x01be76b3) x13 0x01000000
core   0: 0x800043c0 (0x40ddd313) srai    t1, s11, 13
core   0: 3 0x800043c0 (0x40ddd313) x 6 0x0000fa44
core   0: 0x800043c4 (0x40e85e33) sra     t3, a6, a4
core   0: 3 0x800043c4 (0x40e85e33) x28 0xfd22285a
core   0: 0x800043c8 (0x012768b3) or      a7, a4, s2
core   0: 3 0x800043c8 (0x012768b3) x17 0xf597c391
core   0: 0x800043cc (0xcffee317) auipc   t1, 0xcffee
core   0: 3 0x800043cc (0xcffee317) x 6 0x4fff23cc
core   0: 0x800043d0 (0xdae22e93) slti    t4, tp, -594
core   0: 3 0x800043d0 (0xdae22e93) x29 0x00000001
core   0: 0x800043d4 (0x7d573713) sltiu   a4, a4, 2005
core   0: 3 0x800043d4 (0x7d573713) x14 0x00000001
core   0: 0x800043d8 (0x01f2b433) sltu    s0, t0, t6
core   0: 3 0x800043d8 (0x01f2b433) x 8 0x00000000
core   0: 0x800043dc (0x01d71113) slli    sp, a4, 29
core   0: 3 0x800043dc (0x01d71113) x 2 0x20000000
core   0: 0x800043e0 (0x006b9133) sll     sp, s7, t1
core   0: 3 0x800043e0 (0x006b9133) x 2 0x00000000
core   0: 0x800043e4 (0x41cc5c33) sra     s8, s8, t3
core   0: 3 0x800043e4 (0x41cc5c33) x24 0xfffffffd
core   0: 0x800043e8 (0x3282ed13) ori     s10, t0, 808
core   0: 3 0x800043e8 (0x3282ed13) x26 0x80015fec
core   0: 0x800043ec (0x402bd893) srai    a7, s7, 2
core   0: 3 0x800043ec (0x402bd893) x17 0x00000000
core   0: 0x800043f0 (0x41b8d793) srai    a5, a7, 27
core   0: 3 0x800043f0 (0x41b8d793) x15 0x00000000
core   0: 0x800043f4 (0x00328333) add     t1, t0, gp
core   0: 3 0x800043f4 (0x00328333) x 6 0x7a6edba4
core   0: 0x800043f8 (0x01c11933) sll     s2, sp, t3
core   0: 3 0x800043f8 (0x01c11933) x18 0x00000000
core   0: 0x800043fc (0xf4cd7797) auipc   a5, 0xf4cd7
core   0: 3 0x800043fc (0xf4cd7797) x15 0x74cdb3fc
core   0: 0x80004400 (0x00000013) nop
core   0: 3 0x80004400 (0x00000013)
core   0: 0x80004404 (0x41905633) sra     a2, zero, s9
core   0: 3 0x80004404 (0x41905633) x12 0x00000000
core   0: 0x80004408 (0x284cce17) auipc   t3, 0x284cc
core   0: 3 0x80004408 (0x284cce17) x28 0xa84d0408
core   0: 0x8000440c (0xa7095e17) auipc   t3, 0xa7095
core   0: 3 0x8000440c (0xa7095e17) x28 0x2709940c
core   0: 0x80004410 (0x76f67e93) andi    t4, a2, 1903
core   0: 3 0x80004410 (0x76f67e93) x29 0x00000000
core   0: 0x80004414 (0x0031db33) srl     s6, gp, gp
core   0: 3 0x80004414 (0x0031db33) x22 0xfa6d7ec0
core   0: 0x80004418 (0x01a707b3) add     a5, a4, s10
core   0: 3 0x80004418 (0x01a707b3) x15 0x80015fed
core   0: 0x8000441c (0x01c15b93) srli    s7, sp, 28
core   0: 3 0x8000441c (0x01c15b93) x23 0x00000000
core   0: 0x80004420 (0x00000013) nop
core   0: 3 0x80004420 (0x00000013)
core   0: 0x80004424 (0x00000013) nop
core   0: 3 0x80004424 (0x00000013)
core   0: 0x80004428 (0x67085f17) auipc   t5, 0x67085
core   0: 3 0x80004428 (0x67085f17) x30 0xe7089428
core   0: 0x8000442c (0x00000013) nop
core   0: 3 0x8000442c (0x00000013)
core   0: 0x80004430 (0x409255b3) sra     a1, tp, s1
core   0: 3 0x80004430 (0x409255b3) x11 0xfd36bf5f
core   0: 0x80004434 (0x0115ff33) and     t5, a1, a7
core   0: 3 0x80004434 (0x0115ff33) x30 0x00000000
core   0: 0x80004438 (0x9809ba13) sltiu   s4, s3, -1664
core   0: 3 0x80004438 (0x9809ba13) x20 0x00000001
core   0: 0x8000443c (0x2cd66013) ori     zero, a2, 717
core   0: 3 0x8000443c (0x2cd66013)
core   0: 0x80004440 (0x401c8bb3) sub     s7, s9, ra
core   0: 3 0x80004440 (0x401c8bb3) x23 0x7d2c806f
core   0: 0x80004444 (0x01ba1993) slli    s3, s4, 27
core   0: 3 0x80004444 (0x01ba1993) x19 0x08000000
core   0: 0x80004448 (0x00634433) xor     s0, t1, t1
core   0: 3 0x80004448 (0x00634433) x 8 0x00000000
core   0: 0x8000444c (0x401ddd13) srai    s10, s11, 1
core   0: 3 0x8000444c (0x401ddd13) x26 0x0fa4450b
core   0: 0x80004450 (0x008e9993) slli    s3, t4, 8
core   0: 3 0x80004450 (0x008e9993) x19 0x00000000
core   0: 0x80004454 (0x00729b13) slli    s6, t0, 7
core   0: 3 0x80004454 (0x00729b13) x22 0x00ae7200
core   0: 0x80004458 (0x40980333) sub     t1, a6, s1
core   0: 3 0x80004458 (0x40980333) x 6 0xfa4450b3
core   0: 0x8000445c (0x406f80b3) sub     ra, t6, t1
core   0: 3 0x8000445c (0x406f80b3) x 1 0x05bbaf4d
core   0: 0x80004460 (0x007b5a33) srl     s4, s6, t2
core   0: 3 0x80004460 (0x007b5a33) x20 0x000ae720
core   0: 0x80004464 (0x00d619b3) sll     s3, a2, a3
core   0: 3 0x80004464 (0x00d619b3) x19 0x00000000
core   0: 0x80004468 (0x0131d1b3) srl     gp, gp, s3
core   0: 3 0x80004468 (0x0131d1b3) x 3 0xfa6d7ec0
core   0: 0x8000446c (0x41cc0a33) sub     s4, s8, t3
core   0: 3 0x8000446c (0x41cc0a33) x20 0xd8f66bf1
core   0: 0x80004470 (0xf5a18d37) lui     s10, 0xf5a18
core   0: 3 0x80004470 (0xf5a18d37) x26 0xf5a18000
core   0: 0x80004474 (0x400b5133) sra     sp, s6, zero
core   0: 3 0x80004474 (0x400b5133) x 2 0x00ae7200
core   0: 0x80004478 (0x40eadb93) srai    s7, s5, 14
core   0: 3 0x80004478 (0x40eadb93) x23 0x00000000
core   0: 0x8000447c (0x01971a33) sll     s4, a4, s9
core   0: 3 0x8000447c (0x01971a33) x20 0x00000001
core   0: 0x80004480 (0xd9f2d037) lui     zero, 0xd9f2d
core   0: 3 0x80004480 (0xd9f2d037)
core   0: 0x80004484 (0x0028a8b3) slt     a7, a7, sp
core   0: 3 0x80004484 (0x0028a8b3) x17 0x00000001
core   0: 0x80004488 (0x011c5ab3) srl     s5, s8, a7
core   0: 3 0x80004488 (0x011c5ab3) x21 0x7ffffffe
core   0: 0x8000448c (0x414fda33) sra     s4, t6, s4
core   0: 3 0x8000448c (0x414fda33) x20 0x00000000
core   0: 0x80004490 (0xf9b97413) andi    s0, s2, -101
core   0: 3 0x80004490 (0xf9b97413) x 8 0x00000000
core   0: 0x80004494 (0x8730a793) slti    a5, ra, -1933
core   0: 3 0x80004494 (0x8730a793) x15 0x00000000
core   0: 0x80004498 (0x40615c93) srai    s9, sp, 6
core   0: 3 0x80004498 (0x40615c93) x25 0x0002b9c8
core   0: 0x8000449c (0xf2272f13) slti    t5, a4, -222
core   0: 3 0x8000449c (0xf2272f13) x30 0x00000000
core   0: 0x800044a0 (0x4191d513) srai    a0, gp, 25
core   0: 3 0x800044a0 (0x4191d513) x10 0xfffffffd
core   0: 0x800044a4 (0x00498233) add     tp, s3, tp
core   0: 3 0x800044a4 (0x00498233) x 4 0xfa6d7ebf
core   0: 0x800044a8 (0x00d9d013) srli    zero, s3, 13
core   0: 3 0x800044a8 (0x00d9d013)
core   0: 0x800044ac (0x00515b13) srli    s6, sp, 5
core   0: 3 0x800044ac (0x00515b13) x22 0x00057390
core   0: 0x800044b0 (0x40698db3) sub     s11, s3, t1
core   0: 3 0x800044b0 (0x40698db3) x27 0x05bbaf4d
core   0: 0x800044b4 (0x41a0d033) sra     zero, ra, s10
core   0: 3 0x800044b4 (0x41a0d033)
core   0: 0x800044b8 (0xdc0df893) andi    a7, s11, -576
core   0: 3 0x800044b8 (0xdc0df893) x17 0x05bbad40
core   0: 0x800044bc (0x0daac137) lui     sp, 0xdaac
core   0: 3 0x800044bc (0x0daac137) x 2 0x0daac000
core   0: 0x800044c0 (0xe4096793) ori     a5, s2, -448
core   0: 3 0x800044c0 (0xe4096793) x15 0xfffffe40
core   0: 0x800044c4 (0x008e1e13) slli    t3, t3, 8
core   0: 3 0x800044c4 (0x008e1e13) x28 0x09940c00
core   0: 0x800044c8 (0x41d0dc33) sra     s8, ra, t4
core   0: 3 0x800044c8 (0x41d0dc33) x24 0x05bbaf4d
core   0: 0x800044cc (0xbcc7f913) andi    s2, a5, -1076
core   0: 3 0x800044cc (0xbcc7f913) x18 0xfffffa40
core   0: 0x800044d0 (0x01e19b33) sll     s6, gp, t5
core   0: 3 0x800044d0 (0x01e19b33) x22 0xfa6d7ec0
core   0: 0x800044d4 (0x5317fb93) andi    s7, a5, 1329
core   0: 3 0x800044d4 (0x5317fb93) x23 0x00000400
core   0: 0x800044d8 (0x005d79b3) and     s3, s10, t0
core   0: 3 0x800044d8 (0x005d79b3) x19 0x80010000
core   0: 0x800044dc (0xc5d786b7) lui     a3, 0xc5d78
core   0: 3 0x800044dc (0xc5d786b7) x13 0xc5d78000
core   0: 0x800044e0 (0x011b0533) add     a0, s6, a7
core   0: 3 0x800044e0 (0x011b0533) x10 0x00292c00
core   0: 0x800044e4 (0x88fe7793) andi    a5, t3, -1905
core   0: 3 0x800044e4 (0x88fe7793) x15 0x09940800
core   0: 0x800044e8 (0x019f8eb3) add     t4, t6, s9
core   0: 3 0x800044e8 (0x019f8eb3) x29 0x0002b9c8
core   0: 0x800044ec (0x00eb4fb3) xor     t6, s6, a4
core   0: 3 0x800044ec (0x00eb4fb3) x31 0xfa6d7ec1
core   0: 0x800044f0 (0x01a95433) srl     s0, s2, s10
core   0: 3 0x800044f0 (0x01a95433) x 8 0xfffffa40
core   0: 0x800044f4 (0x00504133) xor     sp, zero, t0
core   0: 3 0x800044f4 (0x00504133) x 2 0x80015ce4
core   0: 0x800044f8 (0x00ef3533) sltu    a0, t5, a4
core   0: 3 0x800044f8 (0x00ef3533) x10 0x00000001
core   0: 0x800044fc (0x29290593) addi    a1, s2, 658
core   0: 3 0x800044fc (0x29290593) x11 0xfffffcd2
core   0: 0x80004500 (0x0102d9b3) srl     s3, t0, a6
core   0: 3 0x80004500 (0x0102d9b3) x19 0x00000800
core   0: 0x80004504 (0x44c93b13) sltiu   s6, s2, 1100
core   0: 3 0x80004504 (0x44c93b13) x22 0x00000000
core   0: 0x80004508 (0xe700e213) ori     tp, ra, -400
core   0: 3 0x80004508 (0xe700e213) x 4 0xffffff7d
core   0: 0x8000450c (0x83ed6793) ori     a5, s10, -1986
core   0: 3 0x8000450c (0x83ed6793) x15 0xfffff83e
core   0: 0x80004510 (0x016fc0b3) xor     ra, t6, s6
core   0: 3 0x80004510 (0x016fc0b3) x 1 0xfa6d7ec1
core   0: 0x80004514 (0x00183e33) sltu    t3, a6, ra
core   0: 3 0x80004514 (0x00183e33) x28 0x00000001
core   0: 0x80004518 (0x76dd4013) xori    zero, s10, 1901
core   0: 3 0x80004518 (0x76dd4013)
core   0: 0x8000451c (0x009c8733) add     a4, s9, s1
core   0: 3 0x8000451c (0x009c8733) x14 0x0002b9c9
core   0: 0x80004520 (0x00709233) sll     tp, ra, t2
core   0: 3 0x80004520 (0x00709233) x 4 0xa6d7ec10
core   0: 0x80004524 (0x402b5313) srai    t1, s6, 2
core   0: 3 0x80004524 (0x402b5313) x 6 0x00000000
core   0: 0x80004528 (0x40c1fc93) andi    s9, gp, 1036
core   0: 3 0x80004528 (0x40c1fc93) x25 0x00000400
core   0: 0x8000452c (0x1aedc217) auipc   tp, 0x1aedc
core   0: 3 0x8000452c (0x1aedc217) x 4 0x9aee052c
core   0: 0x80004530 (0x1131aa93) slti    s5, gp, 275
core   0: 3 0x80004530 (0x1131aa93) x21 0x00000001
core   0: 0x80004534 (0x01816fb3) or      t6, sp, s8
core   0: 3 0x80004534 (0x01816fb3) x31 0x85bbffed
core   0: 0x80004538 (0x0070bc33) sltu    s8, ra, t2
core   0: 3 0x80004538 (0x0070bc33) x24 0x00000000
core   0: 0x8000453c (0x40cfd193) srai    gp, t6, 12
core   0: 3 0x8000453c (0x40cfd193) x 3 0xfff85bbf
core   0: 0x80004540 (0x409788b3) sub     a7, a5, s1
core   0: 3 0x80004540 (0x409788b3) x17 0xfffff83d
core   0: 0x80004544 (0x40e58633) sub     a2, a1, a4
core   0: 3 0x80004544 (0x40e58633) x12 0xfffd4309
core   0: 0x80004548 (0x0004d213) srli    tp, s1, 0
core   0: 3 0x80004548 (0x0004d213) x 4 0x00000001
core   0: 0x8000454c (0x002e95b3) sll     a1, t4, sp
core   0: 3 0x8000454c (0x002e95b3) x11 0x002b9c80
core   0: 0x80004550 (0x0bbdf313) andi    t1, s11, 187
core   0: 3 0x80004550 (0x0bbdf313) x 6 0x00000009
core   0: 0x80004554 (0xfe9a6237) lui     tp, 0xfe9a6
core   0: 3 0x80004554 (0xfe9a6237) x 4 0xfe9a6000
core   0: 0x80004558 (0x003b17b3) sll     a5, s6, gp
core   0: 3 0x80004558 (0x003b17b3) x15 0x00000000
core   0: 0x8000455c (0x41005e13) srai    t3, zero, 16
core   0: 3 0x8000455c (0x41005e13) x28 0x00000000
core   0: 0x80004560 (0xb9907c93) andi    s9, zero, -1127
core   0: 3 0x80004560 (0xb9907c93) x25 0x00000000
core   0: 0x80004564 (0x009c2bb3) slt     s7, s8, s1
core   0: 3 0x80004564 (0x009c2bb3) x23 0x00000001
core   0: 0x80004568 (0x00986db3) or      s11, a6, s1
core   0: 3 0x80004568 (0x00986db3) x27 0xfa4450b5
core   0: 0x8000456c (0x0039dd93) srli    s11, s3, 3
core   0: 3 0x8000456c (0x0039dd93) x27 0x00000100
core   0: 0x80004570 (0x01b2dd93) srli    s11, t0, 27
core   0: 3 0x80004570 (0x01b2dd93) x27 0x00000010
core   0: 0x80004574 (0x11bbe213) ori     tp, s7, 283
core   0: 3 0x80004574 (0x11bbe213) x 4 0x0000011b
core   0: 0x80004578 (0x83c88013) addi    zero, a7, -1988
core   0: 3 0x80004578 (0x83c88013)
core   0: 0x8000457c (0x0127e9b3) or      s3, a5, s2
core   0: 3 0x8000457c (0x0127e9b3) x19 0xfffffa40
core   0: 0x80004580 (0x00a8a1b3) slt     gp, a7, a0
core   0: 3 0x80004580 (0x00a8a1b3) x 3 0x00000001
core   0: 0x80004584 (0xa638b093) sltiu   ra, a7, -1437
core   0: 3 0x80004584 (0xa638b093) x 1 0x00000001
core   0: 0x80004588 (0x0136b933) sltu    s2, a3, s3
core   0: 3 0x80004588 (0x0136b933) x18 0x00000001
core   0: 0x8000458c (0x00000013) nop
core   0: 3 0x8000458c (0x00000013)
core   0: 0x80004590 (0x018e3eb3) sltu    t4, t3, s8
core   0: 3 0x80004590 (0x018e3eb3) x29 0x00000000
core   0: 0x80004594 (0x526e14b7) lui     s1, 0x526e1
core   0: 3 0x80004594 (0x526e14b7) x 9 0x526e1000
core   0: 0x80004598 (0x00b01793) slli    a5, zero, 11
core   0: 3 0x80004598 (0x00b01793) x15 0x00000000
core   0: 0x8000459c (0x0062dbb3) srl     s7, t0, t1
core   0: 3 0x8000459c (0x0062dbb3) x23 0x004000ae
core   0: 0x800045a0 (0x01c294b3) sll     s1, t0, t3
core   0: 3 0x800045a0 (0x01c294b3) x 9 0x80015ce4
core   0: 0x800045a4 (0xce4c4c93) xori    s9, s8, -796
core   0: 3 0x800045a4 (0xce4c4c93) x25 0xfffffce4
core   0: 0x800045a8 (0x0025c133) xor     sp, a1, sp
core   0: 3 0x800045a8 (0x0025c133) x 2 0x802ac064
core   0: 0x800045ac (0x01f91c13) slli    s8, s2, 31
core   0: 3 0x800045ac (0x01f91c13) x24 0x80000000
core   0: 0x800045b0 (0x48374213) xori    tp, a4, 1155
core   0: 3 0x800045b0 (0x48374213) x 4 0x0002bd4a
core   0: 0x800045b4 (0x46690993) addi    s3, s2, 1126
core   0: 3 0x800045b4 (0x46690993) x19 0x00000467
core   0: 0x800045b8 (0x4172ef13) ori     t5, t0, 1047
core   0: 3 0x800045b8 (0x4172ef13) x30 0x80015cf7
core   0: 0x800045bc (0x58607d93) andi    s11, zero, 1414
core   0: 3 0x800045bc (0x58607d93) x27 0x00000000
core   0: 0x800045c0 (0x002ffa33) and     s4, t6, sp
core   0: 3 0x800045c0 (0x002ffa33) x20 0x802ac064
core   0: 0x800045c4 (0x01c0dc33) srl     s8, ra, t3
core   0: 3 0x800045c4 (0x01c0dc33) x24 0x00000001
core   0: 0x800045c8 (0x009ba633) slt     a2, s7, s1
core   0: 3 0x800045c8 (0x009ba633) x12 0x00000000
core   0: 0x800045cc (0xba5a3017) auipc   zero, 0xba5a3
core   0: 3 0x800045cc (0xba5a3017)
core   0: 0x800045d0 (0x00a9abb3) slt     s7, s3, a0
core   0: 3 0x800045d0 (0x00a9abb3) x23 0x00000000
core   0: 0x800045d4 (0x40c65e33) sra     t3, a2, a2
core   0: 3 0x800045d4 (0x40c65e33) x28 0x00000000
core   0: 0x800045d8 (0x45873637) lui     a2, 0x45873
core   0: 3 0x800045d8 (0x45873637) x12 0x45873000
core   0: 0x800045dc (0x409a8f33) sub     t5, s5, s1
core   0: 3 0x800045dc (0x409a8f33) x30 0x7ffea31d
core   0: 0x800045e0 (0x1cea6613) ori     a2, s4, 462
core   0: 3 0x800045e0 (0x1cea6613) x12 0x802ac1ee
core   0: 0x800045e4 (0x40c7d613) srai    a2, a5, 12
core   0: 3 0x800045e4 (0x40c7d613) x12 0x00000000
core   0: 0x800045e8 (0x258e09b7) lui     s3, 0x258e0
core   0: 3 0x800045e8 (0x258e09b7) x19 0x258e0000
core   0: 0x800045ec (0x01355b93) srli    s7, a0, 19
core   0: 3 0x800045ec (0x01355b93) x23 0x00000000
core   0: 0x800045f0 (0x00000013) nop
core   0: 3 0x800045f0 (0x00000013)
core   0: 0x800045f4 (0x01e22a33) slt     s4, tp, t5
core   0: 3 0x800045f4 (0x01e22a33) x20 0x00000001
core   0: 0x800045f8 (0x00643433) sltu    s0, s0, t1
core   0: 3 0x800045f8 (0x00643433) x 8 0x00000000
core   0: 0x800045fc (0x5e5aa017) auipc   zero, 0x5e5aa
core   0: 3 0x800045fc (0x5e5aa017)
core   0: 0x80004600 (0x00000013) nop
core   0: 3 0x80004600 (0x00000013)
core   0: 0x80004604 (0x4151dcb3) sra     s9, gp, s5
core   0: 3 0x80004604 (0x4151dcb3) x25 0x00000000
core   0: 0x80004608 (0x013baf33) slt     t5, s7, s3
core   0: 3 0x80004608 (0x013baf33) x30 0x00000001
core   0: 0x8000460c (0xbc64b793) sltiu   a5, s1, -1082
core   0: 3 0x8000460c (0xbc64b793) x15 0x00000001
core   0: 0x80004610 (0x006a8bb3) add     s7, s5, t1
core   0: 3 0x80004610 (0x006a8bb3) x23 0x0000000a
core   0: 0x80004614 (0x013518b3) sll     a7, a0, s3
core   0: 3 0x80004614 (0x013518b3) x17 0x00000001
core   0: 0x80004618 (0x016f5e93) srli    t4, t5, 22
core   0: 3 0x80004618 (0x016f5e93) x29 0x00000000
core   0: 0x8000461c (0xe4d1cd97) auipc   s11, 0xe4d1c
core   0: 3 0x8000461c (0xe4d1cd97) x27 0x64d2061c
core   0: 0x80004620 (0x017cec33) or      s8, s9, s7
core   0: 3 0x80004620 (0x017cec33) x24 0x0000000a
core   0: 0x80004624 (0x0098cbb3) xor     s7, a7, s1
core   0: 3 0x80004624 (0x0098cbb3) x23 0x80015ce5
core   0: 0x80004628 (0x37710693) addi    a3, sp, 887
core   0: 3 0x80004628 (0x37710693) x13 0x802ac3db
core   0: 0x8000462c (0xb06aaf93) slti    t6, s5, -1274
core   0: 3 0x8000462c (0xb06aaf93) x31 0x00000000
core   0: 0x80004630 (0x01471fb3) sll     t6, a4, s4
core   0: 3 0x80004630 (0x01471fb3) x31 0x00057392
core   0: 0x80004634 (0x35ccc113) xori    sp, s9, 860
core   0: 3 0x80004634 (0x35ccc113) x 2 0x0000035c
core   0: 0x80004638 (0x406b8ab3) sub     s5, s7, t1
core   0: 3 0x80004638 (0x406b8ab3) x21 0x80015cdc
core   0: 0x8000463c (0x01162d33) slt     s10, a2, a7
core   0: 3 0x8000463c (0x01162d33) x26 0x00000001
core   0: 0x80004640 (0x2bfc4493) xori    s1, s8, 703
core   0: 3 0x80004640 (0x2bfc4493) x 9 0x000002b5
core   0: 0x80004644 (0x82360413) addi    s0, a2, -2013
core   0: 3 0x80004644 (0x82360413) x 8 0xfffff823
core   0: 0x80004648 (0x010bcf33) xor     t5, s7, a6
core   0: 3 0x80004648 (0x010bcf33) x30 0x7a450c51
core   0: 0x8000464c (0x00000013) nop
core   0: 3 0x8000464c (0x00000013)
core   0: 0x80004650 (0x006d3033) sltu    zero, s10, t1
core   0: 3 0x80004650 (0x006d3033)
core   0: 0x80004654 (0x01e48bb3) add     s7, s1, t5
core   0: 3 0x80004654 (0x01e48bb3) x23 0x7a450f06
core   0: 0x80004658 (0x1c1c1437) lui     s0, 0x1c1c1
core   0: 3 0x80004658 (0x1c1c1437) x 8 0x1c1c1000
core   0: 0x8000465c (0x01eac333) xor     t1, s5, t5
core   0: 3 0x8000465c (0x01eac333) x 6 0xfa44508d
core   0: 0x80004660 (0x00ec9233) sll     tp, s9, a4
core   0: 3 0x80004660 (0x00ec9233) x 4 0x00000000
core   0: 0x80004664 (0x40a784b3) sub     s1, a5, a0
core   0: 3 0x80004664 (0x40a784b3) x 9 0x00000000
core   0: 0x80004668 (0x0d38a613) slti    a2, a7, 211
core   0: 3 0x80004668 (0x0d38a613) x12 0x00000001
core   0: 0x8000466c (0x41d45b33) sra     s6, s0, t4
core   0: 3 0x8000466c (0x41d45b33) x22 0x1c1c1000
core   0: 0x80004670 (0x05220f93) addi    t6, tp, 82
core   0: 3 0x80004670 (0x05220f93) x31 0x00000052
core   0: 0x80004674 (0x01b8aab3) slt     s5, a7, s11
core   0: 3 0x80004674 (0x01b8aab3) x21 0x00000001
core   0: 0x80004678 (0x00965633) srl     a2, a2, s1
core   0: 3 0x80004678 (0x00965633) x12 0x00000001
core   0: 0x8000467c (0x40d80c33) sub     s8, a6, a3
core   0: 3 0x8000467c (0x40d80c33) x24 0x7a198cd9
core   0: 0x80004680 (0x00d4cc33) xor     s8, s1, a3
core   0: 3 0x80004680 (0x00d4cc33) x24 0x802ac3db
core   0: 0x80004684 (0x76f1c793) xori    a5, gp, 1903
core   0: 3 0x80004684 (0x76f1c793) x15 0x0000076e
core   0: 0x80004688 (0x40015433) sra     s0, sp, zero
core   0: 3 0x80004688 (0x40015433) x 8 0x0000035c
core   0: 0x8000468c (0x011b1593) slli    a1, s6, 17
core   0: 3 0x8000468c (0x011b1593) x11 0x20000000
core   0: 0x80004690 (0x776b2a93) slti    s5, s6, 1910
core   0: 3 0x80004690 (0x776b2a93) x21 0x00000000
core   0: 0x80004694 (0x003f4933) xor     s2, t5, gp
core   0: 3 0x80004694 (0x003f4933) x18 0x7a450c50
core   0: 0x80004698 (0x21232313) slti    t1, t1, 530
core   0: 3 0x80004698 (0x21232313) x 6 0x00000001
core   0: 0x8000469c (0x0074a7b3) slt     a5, s1, t2
core   0: 3 0x8000469c (0x0074a7b3) x15 0x00000000
core   0: 0x800046a0 (0x00000013) nop
core   0: 3 0x800046a0 (0x00000013)
core   0: 0x800046a4 (0x00d18033) add     zero, gp, a3
core   0: 3 0x800046a4 (0x00d18033)
core   0: 0x800046a8 (0x74706893) ori     a7, zero, 1863
core   0: 3 0x800046a8 (0x74706893) x17 0x00000747
core   0: 0x800046ac (0xa199f093) andi    ra, s3, -1511
core   0: 3 0x800046ac (0xa199f093) x 1 0x258e0000
core   0: 0x800046b0 (0x27074e97) auipc   t4, 0x27074
core   0: 3 0x800046b0 (0x27074e97) x29 0xa70786b0
core   0: 0x800046b4 (0x46bf3c93) sltiu   s9, t5, 1131
core   0: 3 0x800046b4 (0x46bf3c93) x25 0x00000000
core   0: 0x800046b8 (0x4052d7b3) sra     a5, t0, t0
core   0: 3 0x800046b8 (0x4052d7b3) x15 0xf80015ce
core   0: 0x800046bc (0x40935033) sra     zero, t1, s1
core   0: 3 0x800046bc (0x40935033)
core   0: 0x800046c0 (0x93f26913) ori     s2, tp, -1729
core   0: 3 0x800046c0 (0x93f26913) x18 0xfffff93f
core   0: 0x800046c4 (0x01427d33) and     s10, tp, s4
core   0: 3 0x800046c4 (0x01427d33) x26 0x00000000
core   0: 0x800046c8 (0x00000013) nop
core   0: 3 0x800046c8 (0x00000013)
core   0: 0x800046cc (0x01bb4bb3) xor     s7, s6, s11
core   0: 3 0x800046cc (0x01bb4bb3) x23 0x78ce161c
core   0: 0x800046d0 (0x01d379b3) and     s3, t1, t4
core   0: 3 0x800046d0 (0x01d379b3) x19 0x00000000
core   0: 0x800046d4 (0x0d727a93) andi    s5, tp, 215
core   0: 3 0x800046d4 (0x0d727a93) x21 0x00000000
core   0: 0x800046d8 (0x5e8a7193) andi    gp, s4, 1512
core   0: 3 0x800046d8 (0x5e8a7193) x 3 0x00000000
core   0: 0x800046dc (0x00399633) sll     a2, s3, gp
core   0: 3 0x800046dc (0x00399633) x12 0x00000000
core   0: 0x800046e0 (0x01b2d8b3) srl     a7, t0, s11
core   0: 3 0x800046e0 (0x01b2d8b3) x17 0x00000008
core   0: 0x800046e4 (0x418ed893) srai    a7, t4, 24
core   0: 3 0x800046e4 (0x418ed893) x17 0xffffffa7
core   0: 0x800046e8 (0x3c1b2313) slti    t1, s6, 961
core   0: 3 0x800046e8 (0x3c1b2313) x 6 0x00000000
core   0: 0x800046ec (0x478f7e37) lui     t3, 0x478f7
core   0: 3 0x800046ec (0x478f7e37) x28 0x478f7000
core   0: 0x800046f0 (0xeb63b193) sltiu   gp, t2, -330
core   0: 3 0x800046f0 (0xeb63b193) x 3 0x00000001
core   0: 0x800046f4 (0x400d5513) srai    a0, s10, 0
core   0: 3 0x800046f4 (0x400d5513) x10 0x00000000
core   0: 0x800046f8 (0x13d6ed13) ori     s10, a3, 317
core   0: 3 0x800046f8 (0x13d6ed13) x26 0x802ac3ff
core   0: 0x800046fc (0x01cc1b93) slli    s7, s8, 28
core   0: 3 0x800046fc (0x01cc1b93) x23 0xb0000000
core   0: 0x80004700 (0xdeb27d93) andi    s11, tp, -533
core   0: 3 0x80004700 (0xdeb27d93) x27 0x00000000
core   0: 0x80004704 (0x00e89933) sll     s2, a7, a4
core   0: 3 0x80004704 (0x00e89933) x18 0xffff4e00
core   0: 0x80004708 (0xa7073b13) sltiu   s6, a4, -1424
core   0: 3 0x80004708 (0xa7073b13) x22 0x00000001
core   0: 0x8000470c (0x002fb733) sltu    a4, t6, sp
core   0: 3 0x8000470c (0x002fb733) x14 0x00000001
core   0: 0x80004710 (0x007e4ab3) xor     s5, t3, t2
core   0: 3 0x80004710 (0x007e4ab3) x21 0xc78e6e64
core   0: 0x80004714 (0x00f8fdb3) and     s11, a7, a5
core   0: 3 0x80004714 (0x00f8fdb3) x27 0xf8001586
core   0: 0x80004718 (0x00617633) and     a2, sp, t1
core   0: 3 0x80004718 (0x00617633) x12 0x00000000
core   0: 0x8000471c (0x01f4f133) and     sp, s1, t6
core   0: 3 0x8000471c (0x01f4f133) x 2 0x00000000
core   0: 0x80004720 (0x40be5193) srai    gp, t3, 11
core   0: 3 0x80004720 (0x40be5193) x 3 0x0008f1ee
core   0: 0x80004724 (0x0eef6b13) ori     s6, t5, 238
core   0: 3 0x80004724 (0x0eef6b13) x22 0x7a450cff
core   0: 0x80004728 (0x2007bc13) sltiu   s8, a5, 512
core   0: 3 0x80004728 (0x2007bc13) x24 0x00000000
core   0: 0x8000472c (0x40668c33) sub     s8, a3, t1
core   0: 3 0x8000472c (0x40668c33) x24 0x802ac3db
core   0: 0x80004730 (0x01b3dcb3) srl     s9, t2, s11
core   0: 3 0x80004730 (0x01b3dcb3) x25 0x02000479
core   0: 0x80004734 (0x00bf5533) srl     a0, t5, a1
core   0: 3 0x80004734 (0x00bf5533) x10 0x7a450c51
core   0: 0x80004738 (0x00000013) nop
core   0: 3 0x80004738 (0x00000013)
core   0: 0x8000473c (0xaa2dd517) auipc   a0, 0xaa2dd
core   0: 3 0x8000473c (0xaa2dd517) x10 0x2a2e173c
core   0: 0x80004740 (0x40a35d93) srai    s11, t1, 10
core   0: 3 0x80004740 (0x40a35d93) x27 0x00000000
core   0: 0x80004744 (0x75646613) ori     a2, s0, 1878
core   0: 3 0x80004744 (0x75646613) x12 0x0000075e
core   0: 0x80004748 (0x443a7d93) andi    s11, s4, 1091
core   0: 3 0x80004748 (0x443a7d93) x27 0x00000001
core   0: 0x8000474c (0x00308633) add     a2, ra, gp
core   0: 3 0x8000474c (0x00308633) x12 0x2596f1ee
core   0: 0x80004750 (0x01031693) slli    a3, t1, 16
core   0: 3 0x80004750 (0x01031693) x13 0x00000000
core   0: 0x80004754 (0x7eb0d017) auipc   zero, 0x7eb0d
core   0: 3 0x80004754 (0x7eb0d017)
core   0: 0x80004758 (0xb2ce2997) auipc   s3, 0xb2ce2
core   0: 3 0x80004758 (0xb2ce2997) x19 0x32ce6758
core   0: 0x8000475c (0x00c170b3) and     ra, sp, a2
core   0: 3 0x8000475c (0x00c170b3) x 1 0x00000000
core   0: 0x80004760 (0x016a6733) or      a4, s4, s6
core   0: 3 0x80004760 (0x016a6733) x14 0x7a450cff
core   0: 0x80004764 (0x01769633) sll     a2, a3, s7
core   0: 3 0x80004764 (0x01769633) x12 0x00000000
core   0: 0x80004768 (0x01da8a33) add     s4, s5, t4
core   0: 3 0x80004768 (0x01da8a33) x20 0x6e95f514
core   0: 0x8000476c (0x01d33e33) sltu    t3, t1, t4
core   0: 3 0x8000476c (0x01d33e33) x28 0x00000001
core   0: 0x80004770 (0x006d8933) add     s2, s11, t1
core   0: 3 0x80004770 (0x006d8933) x18 0x00000001
core   0: 0x80004774 (0x00fcdab3) srl     s5, s9, a5
core   0: 3 0x80004774 (0x00fcdab3) x21 0x00000800
core   0: 0x80004778 (0x003e0533) add     a0, t3, gp
core   0: 3 0x80004778 (0x003e0533) x10 0x0008f1ef
core   0: 0x8000477c (0x01a41a13) slli    s4, s0, 26
core   0: 3 0x8000477c (0x01a41a13) x20 0x70000000
core   0: 0x80004780 (0x4034d893) srai    a7, s1, 3
core   0: 3 0x80004780 (0x4034d893) x17 0x00000000
core   0: 0x80004784 (0x00edcdb3) xor     s11, s11, a4
core   0: 3 0x80004784 (0x00edcdb3) x27 0x7a450cfe
core   0: 0x80004788 (0x013927b3) slt     a5, s2, s3
core   0: 3 0x80004788 (0x013927b3) x15 0x00000001
core   0: 0x8000478c (0x22b41597) auipc   a1, 0x22b41
core   0: 3 0x8000478c (0x22b41597) x11 0xa2b4578c
core   0: 0x80004790 (0x01b58933) add     s2, a1, s11
core   0: 3 0x80004790 (0x01b58933) x18 0x1cf9648a
core   0: 0x80004794 (0x007ab433) sltu    s0, s5, t2
core   0: 3 0x80004794 (0x007ab433) x 8 0x00000001
core   0: 0x80004798 (0x00a67333) and     t1, a2, a0
core   0: 3 0x80004798 (0x00a67333) x 6 0x00000000
core   0: 0x8000479c (0x699fa213) slti    tp, t6, 1689
core   0: 3 0x8000479c (0x699fa213) x 4 0x00000001
core   0: 0x800047a0 (0x40d2d033) sra     zero, t0, a3
core   0: 3 0x800047a0 (0x40d2d033)
core   0: 0x800047a4 (0x00119eb3) sll     t4, gp, ra
core   0: 3 0x800047a4 (0x00119eb3) x29 0x0008f1ee
core   0: 0x800047a8 (0x40100333) sub     t1, zero, ra
core   0: 3 0x800047a8 (0x40100333) x 6 0x00000000
core   0: 0x800047ac (0x2d2d0313) addi    t1, s10, 722
core   0: 3 0x800047ac (0x2d2d0313) x 6 0x802ac6d1
core   0: 0x800047b0 (0x00f9d213) srli    tp, s3, 15
core   0: 3 0x800047b0 (0x00f9d213) x 4 0x0000659c
core   0: 0x800047b4 (0xd1996493) ori     s1, s2, -743
core   0: 3 0x800047b4 (0xd1996493) x 9 0xfffffd9b
core   0: 0x800047b8 (0x001bbbb3) sltu    s7, s7, ra
core   0: 3 0x800047b8 (0x001bbbb3) x23 0x00000000
core   0: 0x800047bc (0x40bad6b3) sra     a3, s5, a1
core   0: 3 0x800047bc (0x40bad6b3) x13 0x00000000
core   0: 0x800047c0 (0x8fb0bb13) sltiu   s6, ra, -1797
core   0: 3 0x800047c0 (0x8fb0bb13) x22 0x00000001
core   0: 0x800047c4 (0x00000013) nop
core   0: 3 0x800047c4 (0x00000013)
core   0: 0x800047c8 (0x5fd2e693) ori     a3, t0, 1533
core   0: 3 0x800047c8 (0x5fd2e693) x13 0x80015dfd
core   0: 0x800047cc (0x49adb313) sltiu   t1, s11, 1178
core   0: 3 0x800047cc (0x49adb313) x 6 0x00000000
core   0: 0x800047d0 (0x00215533) srl     a0, sp, sp
core   0: 3 0x800047d0 (0x00215533) x10 0x00000000
core   0: 0x800047d4 (0x01314db3) xor     s11, sp, s3
core   0: 3 0x800047d4 (0x01314db3) x27 0x32ce6758
core   0: 0x800047d8 (0x01b6cdb3) xor     s11, a3, s11
core   0: 3 0x800047d8 (0x01b6cdb3) x27 0xb2cf3aa5
core   0: 0x800047dc (0x00ddccb3) xor     s9, s11, a3
core   0: 3 0x800047dc (0x00ddccb3) x25 0x32ce6758
core   0: 0x800047e0 (0xeb58f693) andi    a3, a7, -331
core   0: 3 0x800047e0 (0xeb58f693) x13 0x00000000
core   0: 0x800047e4 (0x0196fc33) and     s8, a3, s9
core   0: 3 0x800047e4 (0x0196fc33) x24 0x00000000
core   0: 0x800047e8 (0x41a180b3) sub     ra, gp, s10
core   0: 3 0x800047e8 (0x41a180b3) x 1 0x7fde2def
core   0: 0x800047ec (0x00a65c33) srl     s8, a2, a0
core   0: 3 0x800047ec (0x00a65c33) x24 0x00000000
core   0: 0x800047f0 (0x01fff733) and     a4, t6, t6
core   0: 3 0x800047f0 (0x01fff733) x14 0x00000052
core   0: 0x800047f4 (0x40255a93) srai    s5, a0, 2
core   0: 3 0x800047f4 (0x40255a93) x21 0x00000000
core   0: 0x800047f8 (0x0040d013) srli    zero, ra, 4
core   0: 3 0x800047f8 (0x0040d013)
core   0: 0x800047fc (0x00c99593) slli    a1, s3, 12
core   0: 3 0x800047fc (0x00c99593) x11 0xe6758000
core   0: 0x80004800 (0x403c0cb3) sub     s9, s8, gp
core   0: 3 0x80004800 (0x403c0cb3) x25 0xfff70e12
core   0: 0x80004804 (0x32930e13) addi    t3, t1, 809
core   0: 3 0x80004804 (0x32930e13) x28 0x00000329
core   0: 0x80004808 (0xf57bf013) andi    zero, s7, -169
core   0: 3 0x80004808 (0xf57bf013)
core   0: 0x8000480c (0x01f00033) add     zero, zero, t6
core   0: 3 0x8000480c (0x01f00033)
core   0: 0x80004810 (0x412fd113) srai    sp, t6, 18
core   0: 3 0x80004810 (0x412fd113) x 2 0x00000000
core   0: 0x80004814 (0x0136e193) ori     gp, a3, 19
core   0: 3 0x80004814 (0x0136e193) x 3 0x00000013
core   0: 0x80004818 (0x00d39eb3) sll     t4, t2, a3
core   0: 3 0x80004818 (0x00d39eb3) x29 0x80011e64
core   0: 0x8000481c (0xbbd0e713) ori     a4, ra, -1091
core   0: 3 0x8000481c (0xbbd0e713) x14 0xffffffff
core   0: 0x80004820 (0x00ca4cb3) xor     s9, s4, a2
core   0: 3 0x80004820 (0x00ca4cb3) x25 0x70000000
core   0: 0x80004824 (0x00fea133) slt     sp, t4, a5
core   0: 3 0x80004824 (0x00fea133) x 2 0x00000001
core   0: 0x80004828 (0x994a7eb7) lui     t4, 0x994a7
core   0: 3 0x80004828 (0x994a7eb7) x29 0x994a7000
core   0: 0x8000482c (0x00000013) nop
core   0: 3 0x8000482c (0x00000013)
core   0: 0x80004830 (0xc9b57f93) andi    t6, a0, -869
core   0: 3 0x80004830 (0xc9b57f93) x31 0x00000000
core   0: 0x80004834 (0x8f2d0b93) addi    s7, s10, -1806
core   0: 3 0x80004834 (0x8f2d0b93) x23 0x802abcf1
core   0: 0x80004838 (0x00d31b93) slli    s7, t1, 13
core   0: 3 0x80004838 (0x00d31b93) x23 0x00000000
core   0: 0x8000483c (0xbbcd8c93) addi    s9, s11, -1092
core   0: 3 0x8000483c (0xbbcd8c93) x25 0xb2cf3661
core   0: 0x80004840 (0x40b4d433) sra     s0, s1, a1
core   0: 3 0x80004840 (0x40b4d433) x 8 0xfffffd9b
core   0: 0x80004844 (0x0162c5b3) xor     a1, t0, s6
core   0: 3 0x80004844 (0x0162c5b3) x11 0x80015ce5
core   0: 0x80004848 (0x0118bfb3) sltu    t6, a7, a7
core   0: 3 0x80004848 (0x0118bfb3) x31 0x00000000
core   0: 0x8000484c (0x5b672693) slti    a3, a4, 1462
core   0: 3 0x8000484c (0x5b672693) x13 0x00000001
core   0: 0x80004850 (0x16f26913) ori     s2, tp, 367
core   0: 3 0x80004850 (0x16f26913) x18 0x000065ff
core   0: 0x80004854 (0x00f245b3) xor     a1, tp, a5
core   0: 3 0x80004854 (0x00f245b3) x11 0x0000659d
core   0: 0x80004858 (0xa476c013) xori    zero, a3, -1465
core   0: 3 0x80004858 (0xa476c013)
core   0: 0x8000485c (0xf9594893) xori    a7, s2, -107
core   0: 3 0x8000485c (0xf9594893) x17 0xffff9a6a
core   0: 0x80004860 (0x40805093) srai    ra, zero, 8
core   0: 3 0x80004860 (0x40805093) x 1 0x00000000
core   0: 0x80004864 (0x000fd493) srli    s1, t6, 0
core   0: 3 0x80004864 (0x000fd493) x 9 0x00000000
core   0: 0x80004868 (0x2f340c93) addi    s9, s0, 755
core   0: 3 0x80004868 (0x2f340c93) x25 0x0000008e
core   0: 0x8000486c (0x001d35b3) sltu    a1, s10, ra
core   0: 3 0x8000486c (0x001d35b3) x11 0x00000000
core   0: 0x80004870 (0x01119093) slli    ra, gp, 17
core   0: 3 0x80004870 (0x01119093) x 1 0x00260000
core   0: 0x80004874 (0x011e1493) slli    s1, t3, 17
core   0: 3 0x80004874 (0x011e1493) x 9 0x06520000
core   0: 0x80004878 (0xcd3b7993) andi    s3, s6, -813
core   0: 3 0x80004878 (0xcd3b7993) x19 0x00000001
core   0: 0x8000487c (0x00b97ab3) and     s5, s2, a1
core   0: 3 0x8000487c (0x00b97ab3) x21 0x00000000
core   0: 0x80004880 (0x00000013) nop
core   0: 3 0x80004880 (0x00000013)
core   0: 0x80004884 (0xd4ae2113) slti    sp, t3, -694
core   0: 3 0x80004884 (0xd4ae2113) x 2 0x00000000
core   0: 0x80004888 (0xeb364713) xori    a4, a2, -333
core   0: 3 0x80004888 (0xeb364713) x14 0xfffffeb3
core   0: 0x8000488c (0x014d3933) sltu    s2, s10, s4
core   0: 3 0x8000488c (0x014d3933) x18 0x00000000
core   0: 0x80004890 (0x00734a33) xor     s4, t1, t2
core   0: 3 0x80004890 (0x00734a33) x20 0x80011e64
core   0: 0x80004894 (0x0086e9b3) or      s3, a3, s0
core   0: 3 0x80004894 (0x0086e9b3) x19 0xfffffd9b
core   0: 0x80004898 (0x018a44b3) xor     s1, s4, s8
core   0: 3 0x80004898 (0x018a44b3) x 9 0x80011e64
core   0: 0x8000489c (0x6276ee93) ori     t4, a3, 1575
core   0: 3 0x8000489c (0x6276ee93) x29 0x00000627
core   0: 0x800048a0 (0x354e75b7) lui     a1, 0x354e7
core   0: 3 0x800048a0 (0x354e75b7) x11 0x354e7000
core   0: 0x800048a4 (0x00d776b3) and     a3, a4, a3
core   0: 3 0x800048a4 (0x00d776b3) x13 0x00000001
core   0: 0x800048a8 (0x0124feb3) and     t4, s1, s2
core   0: 3 0x800048a8 (0x0124feb3) x29 0x00000000
core   0: 0x800048ac (0xfcfefe37) lui     t3, 0xfcfef
core   0: 3 0x800048ac (0xfcfefe37) x28 0xfcfef000
core   0: 0x800048b0 (0x9665b493) sltiu   s1, a1, -1690
core   0: 3 0x800048b0 (0x9665b493) x 9 0x00000001
core   0: 0x800048b4 (0x01321a33) sll     s4, tp, s3
core   0: 3 0x800048b4 (0x01321a33) x20 0xe0000000
core   0: 0x800048b8 (0x018916b3) sll     a3, s2, s8
core   0: 3 0x800048b8 (0x018916b3) x13 0x00000000
core   0: 0x800048bc (0x41268bb3) sub     s7, a3, s2
core   0: 3 0x800048bc (0x41268bb3) x23 0x00000000
core   0: 0x800048c0 (0x4156d213) srai    tp, a3, 21
core   0: 3 0x800048c0 (0x4156d213) x 4 0x00000000
core   0: 0x800048c4 (0x01d47ab3) and     s5, s0, t4
core   0: 3 0x800048c4 (0x01d47ab3) x21 0x00000000
core   0: 0x800048c8 (0x00000013) nop
core   0: 3 0x800048c8 (0x00000013)
core   0: 0x800048cc (0x01dd6533) or      a0, s10, t4
core   0: 3 0x800048cc (0x01dd6533) x10 0x802ac3ff
core   0: 0x800048d0 (0x1d8be217) auipc   tp, 0x1d8be
core   0: 3 0x800048d0 (0x1d8be217) x 4 0x9d8c28d0
core   0: 0x800048d4 (0x00bc3633) sltu    a2, s8, a1
core   0: 3 0x800048d4 (0x00bc3633) x12 0x00000001
core   0: 0x800048d8 (0x00515d13) srli    s10, sp, 5
core   0: 3 0x800048d8 (0x00515d13) x26 0x00000000
core   0: 0x800048dc (0x01a091b3) sll     gp, ra, s10
core   0: 3 0x800048dc (0x01a091b3) x 3 0x00260000
core   0: 0x800048e0 (0x0113d893) srli    a7, t2, 17
core   0: 3 0x800048e0 (0x0113d893) x17 0x00004000
core   0: 0x800048e4 (0x0177d693) srli    a3, a5, 23
core   0: 3 0x800048e4 (0x0177d693) x13 0x00000000
core   0: 0x800048e8 (0x53cb7f17) auipc   t5, 0x53cb7
core   0: 3 0x800048e8 (0x53cb7f17) x30 0xd3cbb8e8
core   0: 0x800048ec (0x01af87b3) add     a5, t6, s10
core   0: 3 0x800048ec (0x01af87b3) x15 0x00000000
core   0: 0x800048f0 (0x00000013) nop
core   0: 3 0x800048f0 (0x00000013)
core   0: 0x800048f4 (0xec730f13) addi    t5, t1, -313
core   0: 3 0x800048f4 (0xec730f13) x30 0xfffffec7
core   0: 0x800048f8 (0x4ffa5d17) auipc   s10, 0x4ffa5
core   0: 3 0x800048f8 (0x4ffa5d17) x26 0xcffa98f8
core   0: 0x800048fc (0xd9f7e493) ori     s1, a5, -609
core   0: 3 0x800048fc (0xd9f7e493) x 9 0xfffffd9f
core   0: 0x80004900 (0x002567b3) or      a5, a0, sp
core   0: 3 0x80004900 (0x002567b3) x15 0x802ac3ff
core   0: 0x80004904 (0x001c56b3) srl     a3, s8, ra
core   0: 3 0x80004904 (0x001c56b3) x13 0x00000000
core   0: 0x80004908 (0x40385a33) sra     s4, a6, gp
core   0: 3 0x80004908 (0x40385a33) x20 0xfa4450b4
core   0: 0x8000490c (0x00000013) nop
core   0: 3 0x8000490c (0x00000013)
core   0: 0x80004910 (0x00edba33) sltu    s4, s11, a4
core   0: 3 0x80004910 (0x00edba33) x20 0x00000001
core   0: 0x80004914 (0x4097d993) srai    s3, a5, 9
core   0: 3 0x80004914 (0x4097d993) x19 0xffc01561
core   0: 0x80004918 (0xc3ca4c13) xori    s8, s4, -964
core   0: 3 0x80004918 (0xc3ca4c13) x24 0xfffffc3d
core   0: 0x8000491c (0x410ed6b3) sra     a3, t4, a6
core   0: 3 0x8000491c (0x410ed6b3) x13 0x00000000
core   0: 0x80004920 (0xa880b193) sltiu   gp, ra, -1400
core   0: 3 0x80004920 (0xa880b193) x 3 0x00000001
core   0: 0x80004924 (0xc824cd93) xori    s11, s1, -894
core   0: 3 0x80004924 (0xc824cd93) x27 0x0000011d
core   0: 0x80004928 (0x32438d97) auipc   s11, 0x32438
core   0: 3 0x80004928 (0x32438d97) x27 0xb243c928
core   0: 0x8000492c (0x00629913) slli    s2, t0, 6
core   0: 3 0x8000492c (0x00629913) x18 0x00573900
core   0: 0x80004930 (0x0034be33) sltu    t3, s1, gp
core   0: 3 0x80004930 (0x0034be33) x28 0x00000000
core   0: 0x80004934 (0xa9c66c13) ori     s8, a2, -1380
core   0: 3 0x80004934 (0xa9c66c13) x24 0xfffffa9d
core   0: 0x80004938 (0xcd5eed93) ori     s11, t4, -811
core   0: 3 0x80004938 (0xcd5eed93) x27 0xfffffcd5
core   0: 0x8000493c (0x01c94a33) xor     s4, s2, t3
core   0: 3 0x8000493c (0x01c94a33) x20 0x00573900
core   0: 0x80004940 (0xd642ae93) slti    t4, t0, -668
core   0: 3 0x80004940 (0xd642ae93) x29 0x00000001
core   0: 0x80004944 (0x01973d33) sltu    s10, a4, s9
core   0: 3 0x80004944 (0x01973d33) x26 0x00000000
core   0: 0x80004948 (0xa518deb7) lui     t4, 0xa518d
core   0: 3 0x80004948 (0xa518deb7) x29 0xa518d000
core   0: 0x8000494c (0x00000013) nop
core   0: 3 0x8000494c (0x00000013)
core   0: 0x80004950 (0x4c75bf37) lui     t5, 0x4c75b
core   0: 3 0x80004950 (0x4c75bf37) x30 0x4c75b000
core   0: 0x80004954 (0x00473f33) sltu    t5, a4, tp
core   0: 3 0x80004954 (0x00473f33) x30 0x00000000
core   0: 0x80004958 (0x9daa3893) sltiu   a7, s4, -1574
core   0: 3 0x80004958 (0x9daa3893) x17 0x00000001
core   0: 0x8000495c (0x014538b3) sltu    a7, a0, s4
core   0: 3 0x8000495c (0x014538b3) x17 0x00000000
core   0: 0x80004960 (0x01cc4cb3) xor     s9, s8, t3
core   0: 3 0x80004960 (0x01cc4cb3) x25 0xfffffa9d
core   0: 0x80004964 (0xa4f83213) sltiu   tp, a6, -1457
core   0: 3 0x80004964 (0xa4f83213) x 4 0x00000001
core   0: 0x80004968 (0x006011b3) sll     gp, zero, t1
core   0: 3 0x80004968 (0x006011b3) x 3 0x00000000
core   0: 0x8000496c (0x013dcdb3) xor     s11, s11, s3
core   0: 3 0x8000496c (0x013dcdb3) x27 0x003fe9b4
core   0: 0x80004970 (0xc3093593) sltiu   a1, s2, -976
core   0: 3 0x80004970 (0xc3093593) x11 0x00000001
core   0: 0x80004974 (0x369caf93) slti    t6, s9, 873
core   0: 3 0x80004974 (0x369caf93) x31 0x00000001
core   0: 0x80004978 (0x411d5693) srai    a3, s10, 17
core   0: 3 0x80004978 (0x411d5693) x13 0x00000000
core   0: 0x8000497c (0x00883f33) sltu    t5, a6, s0
core   0: 3 0x8000497c (0x00883f33) x30 0x00000001
core   0: 0x80004980 (0x008c31b3) sltu    gp, s8, s0
core   0: 3 0x80004980 (0x008c31b3) x 3 0x00000001
core   0: 0x80004984 (0x014ad433) srl     s0, s5, s4
core   0: 3 0x80004984 (0x014ad433) x 8 0x00000000
core   0: 0x80004988 (0x00000013) nop
core   0: 3 0x80004988 (0x00000013)
core   0: 0x8000498c (0x00d7d893) srli    a7, a5, 13
core   0: 3 0x8000498c (0x00d7d893) x17 0x00040156
core   0: 0x80004990 (0x40b30033) sub     zero, t1, a1
core   0: 3 0x80004990 (0x40b30033)
core   0: 0x80004994 (0x800000b7) lui     ra, 0x80000
core   0: 3 0x80004994 (0x800000b7) x 1 0x80000000
core   0: 0x80004998 (0xfff00a13) li      s4, -1
core   0: 3 0x80004998 (0xfff00a13) x20 0xffffffff
core   0: 0x8000499c (0xfff00993) li      s3, -1
core   0: 3 0x8000499c (0xfff00993) x19 0xffffffff
core   0: 0x800049a0 (0xf195bfb7) lui     t6, 0xf195b
core   0: 3 0x800049a0 (0xf195bfb7) x31 0xf195b000
core   0: 0x800049a4 (0x292f8f93) addi    t6, t6, 658
core   0: 3 0x800049a4 (0x292f8f93) x31 0xf195b292
core   0: 0x800049a8 (0xd1a08b37) lui     s6, 0xd1a08
core   0: 3 0x800049a8 (0xd1a08b37) x22 0xd1a08000
core   0: 0x800049ac (0x356b0b13) addi    s6, s6, 854
core   0: 3 0x800049ac (0x356b0b13) x22 0xd1a08356
core   0: 0x800049b0 (0xfff00713) li      a4, -1
core   0: 3 0x800049b0 (0xfff00713) x14 0xffffffff
core   0: 0x800049b4 (0x00000b93) li      s7, 0
core   0: 3 0x800049b4 (0x00000b93) x23 0x00000000
core   0: 0x800049b8 (0xfff00e93) li      t4, -1
core   0: 3 0x800049b8 (0xfff00e93) x29 0xffffffff
core   0: 0x800049bc (0xfff00513) li      a0, -1
core   0: 3 0x800049bc (0xfff00513) x10 0xffffffff
core   0: 0x800049c0 (0x00000193) li      gp, 0
core   0: 3 0x800049c0 (0x00000193) x 3 0x00000000
core   0: 0x800049c4 (0x4c7b8093) addi    ra, s7, 1223
core   0: 3 0x800049c4 (0x4c7b8093) x 1 0x000004c7
core   0: 0x800049c8 (0x40aa0bb3) sub     s7, s4, a0
core   0: 3 0x800049c8 (0x40aa0bb3) x23 0x00000000
core   0: 0x800049cc (0xf996b717) auipc   a4, 0xf996b
core   0: 3 0x800049cc (0xf996b717) x14 0x7996f9cc
core   0: 0x800049d0 (0x003a0eb3) add     t4, s4, gp
core   0: 3 0x800049d0 (0x003a0eb3) x29 0xffffffff
core   0: 0x800049d4 (0xa2908513) addi    a0, ra, -1495
core   0: 3 0x800049d4 (0xa2908513) x10 0xfffffef0
core   0: 0x800049d8 (0x00000013) nop
core   0: 3 0x800049d8 (0x00000013)
core   0: 0x800049dc (0x2d750b13) addi    s6, a0, 727
core   0: 3 0x800049dc (0x2d750b13) x22 0x000001c7
core   0: 0x800049e0 (0x00000013) nop
core   0: 3 0x800049e0 (0x00000013)
core   0: 0x800049e4 (0xa8a8b517) auipc   a0, 0xa8a8b
core   0: 3 0x800049e4 (0xa8a8b517) x10 0x28a8f9e4
core   0: 0x800049e8 (0x00000013) nop
core   0: 3 0x800049e8 (0x00000013)
core   0: 0x800049ec (0x35292517) auipc   a0, 0x35292
core   0: 3 0x800049ec (0x35292517) x10 0xb52969ec
core   0: 0x800049f0 (0xc62c3a37) lui     s4, 0xc62c3
core   0: 3 0x800049f0 (0xc62c3a37) x20 0xc62c3000
core   0: 0x800049f4 (0x3d0b6a37) lui     s4, 0x3d0b6
core   0: 3 0x800049f4 (0x3d0b6a37) x20 0x3d0b6000
core   0: 0x800049f8 (0x76f2c197) auipc   gp, 0x76f2c
core   0: 3 0x800049f8 (0x76f2c197) x 3 0xf6f309f8
core   0: 0x800049fc (0x2c89efb7) lui     t6, 0x2c89e
core   0: 3 0x800049fc (0x2c89efb7) x31 0x2c89e000
core   0: 0x80004a00 (0x00000013) nop
core   0: 3 0x80004a00 (0x00000013)
core   0: 0x80004a04 (0x00000013) nop
core   0: 3 0x80004a04 (0x00000013)
core   0: 0x80004a08 (0x00000013) nop
core   0: 3 0x80004a08 (0x00000013)
core   0: 0x80004a0c (0x41db8eb3) sub     t4, s7, t4
core   0: 3 0x80004a0c (0x41db8eb3) x29 0x00000001
core   0: 0x80004a10 (0x401a0b33) sub     s6, s4, ra
core   0: 3 0x80004a10 (0x401a0b33) x22 0x3d0b5b39
core   0: 0x80004a14 (0xfa918713) addi    a4, gp, -87
core   0: 3 0x80004a14 (0xfa918713) x14 0xf6f309a1
core   0: 0x80004a18 (0x9d2e8a13) addi    s4, t4, -1582
core   0: 3 0x80004a18 (0x9d2e8a13) x20 0xfffff9d3
core   0: 0x80004a1c (0x00e98a33) add     s4, s3, a4
core   0: 3 0x80004a1c (0x00e98a33) x20 0xf6f309a0
core   0: 0x80004a20 (0x668e8093) addi    ra, t4, 1640
core   0: 3 0x80004a20 (0x668e8093) x 1 0x00000669
core   0: 0x80004a24 (0xddd59b97) auipc   s7, 0xddd59
core   0: 3 0x80004a24 (0xddd59b97) x23 0x5dd5da24
core   0: 0x80004a28 (0x40150733) sub     a4, a0, ra
core   0: 3 0x80004a28 (0x40150733) x14 0xb5296383
core   0: 0x80004a2c (0x40eb01b3) sub     gp, s6, a4
core   0: 3 0x80004a2c (0x40eb01b3) x 3 0x87e1f7b6
core   0: 0x80004a30 (0x413b89b3) sub     s3, s7, s3
core   0: 3 0x80004a30 (0x413b89b3) x19 0x5dd5da25
core   0: 0x80004a34 (0xd8b75717) auipc   a4, 0xd8b75
core   0: 3 0x80004a34 (0xd8b75717) x14 0x58b79a34
core   0: 0x80004a38 (0xb97c7b97) auipc   s7, 0xb97c7
core   0: 3 0x80004a38 (0xb97c7b97) x23 0x397cba38
core   0: 0x80004a3c (0x0169cbb3) xor     s7, s3, s6
core   0: 3 0x80004a3c (0x0169cbb3) x23 0x60de811c
core   0: 0x80004a40 (0x99216017) auipc   zero, 0x99216
core   0: 3 0x80004a40 (0x99216017)
core   0: 0x80004a44 (0x41aa5f93) srai    t6, s4, 26
core   0: 3 0x80004a44 (0x41aa5f93) x31 0xfffffffd
core   0: 0x80004a48 (0x01637333) and     t1, t1, s6
core   0: 3 0x80004a48 (0x01637333) x 6 0x00000000
core   0: 0x80004a4c (0x53619737) lui     a4, 0x53619
core   0: 3 0x80004a4c (0x53619737) x14 0x53619000
core   0: 0x80004a50 (0x5906cd93) xori    s11, a3, 1424
core   0: 3 0x80004a50 (0x5906cd93) x27 0x00000590
core   0: 0x80004a54 (0xb492aa93) slti    s5, t0, -1207
core   0: 3 0x80004a54 (0xb492aa93) x21 0x00000001
core   0: 0x80004a58 (0x011cc1b3) xor     gp, s9, a7
core   0: 3 0x80004a58 (0x011cc1b3) x 3 0xfffbfbcb
core   0: 0x80004a5c (0xd634c793) xori    a5, s1, -669
core   0: 3 0x80004a5c (0xd634c793) x15 0x000000fc
core   0: 0x80004a60 (0x400988b3) sub     a7, s3, zero
core   0: 3 0x80004a60 (0x400988b3) x17 0x5dd5da25
core   0: 0x80004a64 (0x080bb093) sltiu   ra, s7, 128
core   0: 3 0x80004a64 (0x080bb093) x 1 0x00000000
core   0: 0x80004a68 (0x78137d17) auipc   s10, 0x78137
core   0: 3 0x80004a68 (0x78137d17) x26 0xf813ba68
core   0: 0x80004a6c (0x76a72a93) slti    s5, a4, 1898
core   0: 3 0x80004a6c (0x76a72a93) x21 0x00000000
core   0: 0x80004a70 (0x417c5113) srai    sp, s8, 23
core   0: 3 0x80004a70 (0x417c5113) x 2 0xffffffff
core   0: 0x80004a74 (0x01fa7eb3) and     t4, s4, t6
core   0: 3 0x80004a74 (0x01fa7eb3) x29 0xf6f309a0
core   0: 0x80004a78 (0x0042d013) srli    zero, t0, 4
core   0: 3 0x80004a78 (0x0042d013)
core   0: 0x80004a7c (0x011e0e33) add     t3, t3, a7
core   0: 3 0x80004a7c (0x011e0e33) x28 0x5dd5da25
core   0: 0x80004a80 (0x0198dab3) srl     s5, a7, s9
core   0: 3 0x80004a80 (0x0198dab3) x21 0x00000002
core   0: 0x80004a84 (0xa6266413) ori     s0, a2, -1438
core   0: 3 0x80004a84 (0xa6266413) x 8 0xfffffa63
core   0: 0x80004a88 (0x19303e97) auipc   t4, 0x19303
core   0: 3 0x80004a88 (0x19303e97) x29 0x99307a88
core   0: 0x80004a8c (0x005f5b33) srl     s6, t5, t0
core   0: 3 0x80004a8c (0x005f5b33) x22 0x00000000
core   0: 0x80004a90 (0x0157dd93) srli    s11, a5, 21
core   0: 3 0x80004a90 (0x0157dd93) x27 0x00000000
core   0: 0x80004a94 (0x415cdab3) sra     s5, s9, s5
core   0: 3 0x80004a94 (0x415cdab3) x21 0xfffffea7
core   0: 0x80004a98 (0x01e2d113) srli    sp, t0, 30
core   0: 3 0x80004a98 (0x01e2d113) x 2 0x00000002
core   0: 0x80004a9c (0xdb0a2193) slti    gp, s4, -592
core   0: 3 0x80004a9c (0xdb0a2193) x 3 0x00000001
core   0: 0x80004aa0 (0x783baf93) slti    t6, s7, 1923
core   0: 3 0x80004aa0 (0x783baf93) x31 0x00000000
core   0: 0x80004aa4 (0x38702613) slti    a2, zero, 903
core   0: 3 0x80004aa4 (0x38702613) x12 0x00000001
core   0: 0x80004aa8 (0x6f9c0513) addi    a0, s8, 1785
core   0: 3 0x80004aa8 (0x6f9c0513) x10 0x00000196
core   0: 0x80004aac (0xce7ad1b7) lui     gp, 0xce7ad
core   0: 3 0x80004aac (0xce7ad1b7) x 3 0xce7ad000
core   0: 0x80004ab0 (0x40f50bb3) sub     s7, a0, a5
core   0: 3 0x80004ab0 (0x40f50bb3) x23 0x0000009a
core   0: 0x80004ab4 (0xe1dfe893) ori     a7, t6, -483
core   0: 3 0x80004ab4 (0xe1dfe893) x17 0xfffffe1d
core   0: 0x80004ab8 (0x00901c93) slli    s9, zero, 9
core   0: 3 0x80004ab8 (0x00901c93) x25 0x00000000
core   0: 0x80004abc (0x00425113) srli    sp, tp, 4
core   0: 3 0x80004abc (0x00425113) x 2 0x00000000
core   0: 0x80004ac0 (0x6896f913) andi    s2, a3, 1673
core   0: 3 0x80004ac0 (0x6896f913) x18 0x00000000
core   0: 0x80004ac4 (0x00079fb3) sll     t6, a5, zero
core   0: 3 0x80004ac4 (0x00079fb3) x31 0x000000fc
core   0: 0x80004ac8 (0x00b4c0b3) xor     ra, s1, a1
core   0: 3 0x80004ac8 (0x00b4c0b3) x 1 0xfffffd9e
core   0: 0x80004acc (0x001ce0b3) or      ra, s9, ra
core   0: 3 0x80004acc (0x001ce0b3) x 1 0xfffffd9e
core   0: 0x80004ad0 (0x012a0433) add     s0, s4, s2
core   0: 3 0x80004ad0 (0x012a0433) x 8 0xf6f309a0
core   0: 0x80004ad4 (0x402f5f93) srai    t6, t5, 2
core   0: 3 0x80004ad4 (0x402f5f93) x31 0x00000000
core   0: 0x80004ad8 (0x5ca37e93) andi    t4, t1, 1482
core   0: 3 0x80004ad8 (0x5ca37e93) x29 0x00000000
core   0: 0x80004adc (0x0730bf93) sltiu   t6, ra, 115
core   0: 3 0x80004adc (0x0730bf93) x31 0x00000000
core   0: 0x80004ae0 (0x00000013) nop
core   0: 3 0x80004ae0 (0x00000013)
core   0: 0x80004ae4 (0x7039cd93) xori    s11, s3, 1795
core   0: 3 0x80004ae4 (0x7039cd93) x27 0x5dd5dd26
core   0: 0x80004ae8 (0x012f9a13) slli    s4, t6, 18
core   0: 3 0x80004ae8 (0x012f9a13) x20 0x00000000
core   0: 0x80004aec (0x013ba433) slt     s0, s7, s3
core   0: 3 0x80004aec (0x013ba433) x 8 0x00000001
core   0: 0x80004af0 (0x33c7d337) lui     t1, 0x33c7d
core   0: 3 0x80004af0 (0x33c7d337) x 6 0x33c7d000
core   0: 0x80004af4 (0x8c4d8193) addi    gp, s11, -1852
core   0: 3 0x80004af4 (0x8c4d8193) x 3 0x5dd5d5ea
core   0: 0x80004af8 (0x00985c13) srli    s8, a6, 9
core   0: 3 0x80004af8 (0x00985c13) x24 0x007d2228
core   0: 0x80004afc (0x00f1ea33) or      s4, gp, a5
core   0: 3 0x80004afc (0x00f1ea33) x20 0x5dd5d5fe
core   0: 0x80004b00 (0x00a76233) or      tp, a4, a0
core   0: 3 0x80004b00 (0x00a76233) x 4 0x53619196
core   0: 0x80004b04 (0x1b678db7) lui     s11, 0x1b678
core   0: 3 0x80004b04 (0x1b678db7) x27 0x1b678000
core   0: 0x80004b08 (0x01911f93) slli    t6, sp, 25
core   0: 3 0x80004b08 (0x01911f93) x31 0x00000000
core   0: 0x80004b0c (0x0cd1db17) auipc   s6, 0xcd1d
core   0: 3 0x80004b0c (0x0cd1db17) x22 0x8cd21b0c
core   0: 0x80004b10 (0xc17cf417) auipc   s0, 0xc17cf
core   0: 3 0x80004b10 (0xc17cf417) x 8 0x417d3b10
core   0: 0x80004b14 (0x006977b3) and     a5, s2, t1
core   0: 3 0x80004b14 (0x006977b3) x15 0x00000000
core   0: 0x80004b18 (0x0158b0b3) sltu    ra, a7, s5
core   0: 3 0x80004b18 (0x0158b0b3) x 1 0x00000001
core   0: 0x80004b1c (0x00000013) nop
core   0: 3 0x80004b1c (0x00000013)
core   0: 0x80004b20 (0xe92c0a37) lui     s4, 0xe92c0
core   0: 3 0x80004b20 (0xe92c0a37) x20 0xe92c0000
core   0: 0x80004b24 (0x0169fbb3) and     s7, s3, s6
core   0: 3 0x80004b24 (0x0169fbb3) x23 0x0cd01a04
core   0: 0x80004b28 (0x00b6b233) sltu    tp, a3, a1
core   0: 3 0x80004b28 (0x00b6b233) x 4 0x00000001
core   0: 0x80004b2c (0x00000013) nop
core   0: 3 0x80004b2c (0x00000013)
core   0: 0x80004b30 (0x007b9133) sll     sp, s7, t2
core   0: 3 0x80004b30 (0x007b9133) x 2 0xcd01a040
core   0: 0x80004b34 (0x00baaab3) slt     s5, s5, a1
core   0: 3 0x80004b34 (0x00baaab3) x21 0x00000001
core   0: 0x80004b38 (0x00ef1c13) slli    s8, t5, 14
core   0: 3 0x80004b38 (0x00ef1c13) x24 0x00004000
core   0: 0x80004b3c (0x00b85a33) srl     s4, a6, a1
core   0: 3 0x80004b3c (0x00b85a33) x20 0x7d22285a
core   0: 0x80004b40 (0x0050ebb3) or      s7, ra, t0
core   0: 3 0x80004b40 (0x0050ebb3) x23 0x80015ce5
core   0: 0x80004b44 (0x00000013) nop
core   0: 3 0x80004b44 (0x00000013)
core   0: 0x80004b48 (0x96130613) addi    a2, t1, -1695
core   0: 3 0x80004b48 (0x96130613) x12 0x33c7c961
core   0: 0x80004b4c (0x0123db13) srli    s6, t2, 18
core   0: 3 0x80004b4c (0x0123db13) x22 0x00002000
core   0: 0x80004b50 (0x003ec8b3) xor     a7, t4, gp
core   0: 3 0x80004b50 (0x003ec8b3) x17 0x5dd5d5ea
core   0: 0x80004b54 (0x94a8a413) slti    s0, a7, -1718
core   0: 3 0x80004b54 (0x94a8a413) x 8 0x00000000
core   0: 0x80004b58 (0x414d0ab3) sub     s5, s10, s4
core   0: 3 0x80004b58 (0x414d0ab3) x21 0x7af1920e
core   0: 0x80004b5c (0xfe9d3113) sltiu   sp, s10, -23
core   0: 3 0x80004b5c (0xfe9d3113) x 2 0x00000001
core   0: 0x80004b60 (0x01dc9f93) slli    t6, s9, 29
core   0: 3 0x80004b60 (0x01dc9f93) x31 0x00000000
core   0: 0x80004b64 (0x5c13fa93) andi    s5, t2, 1473
core   0: 3 0x80004b64 (0x5c13fa93) x21 0x00000440
core   0: 0x80004b68 (0x0129f433) and     s0, s3, s2
core   0: 3 0x80004b68 (0x0129f433) x 8 0x00000000
core   0: 0x80004b6c (0xe0af6c13) ori     s8, t5, -502
core   0: 3 0x80004b6c (0xe0af6c13) x24 0xfffffe0b
core   0: 0x80004b70 (0x01229bb3) sll     s7, t0, s2
core   0: 3 0x80004b70 (0x01229bb3) x23 0x80015ce4
core   0: 0x80004b74 (0x4088ddb3) sra     s11, a7, s0
core   0: 3 0x80004b74 (0x4088ddb3) x27 0x5dd5d5ea
core   0: 0x80004b78 (0x0040f133) and     sp, ra, tp
core   0: 3 0x80004b78 (0x0040f133) x 2 0x00000001
core   0: 0x80004b7c (0x007d5213) srli    tp, s10, 7
core   0: 3 0x80004b7c (0x007d5213) x 4 0x01f02774
core   0: 0x80004b80 (0x608dfd13) andi    s10, s11, 1544
core   0: 3 0x80004b80 (0x608dfd13) x26 0x00000408
core   0: 0x80004b84 (0x0142aa33) slt     s4, t0, s4
core   0: 3 0x80004b84 (0x0142aa33) x20 0x00000001
core   0: 0x80004b88 (0x41585893) srai    a7, a6, 21
core   0: 3 0x80004b88 (0x41585893) x17 0xffffffd2
core   0: 0x80004b8c (0x1dc37a93) andi    s5, t1, 476
core   0: 3 0x80004b8c (0x1dc37a93) x21 0x00000000
core   0: 0x80004b90 (0x011f5cb3) srl     s9, t5, a7
core   0: 3 0x80004b90 (0x011f5cb3) x25 0x00000000
core   0: 0x80004b94 (0x01b5e933) or      s2, a1, s11
core   0: 3 0x80004b94 (0x01b5e933) x18 0x5dd5d5eb
core   0: 0x80004b98 (0x000fceb3) xor     t4, t6, zero
core   0: 3 0x80004b98 (0x000fceb3) x29 0x00000000
core   0: 0x80004b9c (0xf5b7c893) xori    a7, a5, -165
core   0: 3 0x80004b9c (0xf5b7c893) x17 0xffffff5b
core   0: 0x80004ba0 (0x00671f13) slli    t5, a4, 6
core   0: 3 0x80004ba0 (0x00671f13) x30 0xd8640000
core   0: 0x80004ba4 (0x00db9f33) sll     t5, s7, a3
core   0: 3 0x80004ba4 (0x00db9f33) x30 0x80015ce4
core   0: 0x80004ba8 (0x65ac6a93) ori     s5, s8, 1626
core   0: 3 0x80004ba8 (0x65ac6a93) x21 0xfffffe5b
core   0: 0x80004bac (0x8683e493) ori     s1, t2, -1944
core   0: 3 0x80004bac (0x8683e493) x 9 0xfffffe6c
core   0: 0x80004bb0 (0x01938cb3) add     s9, t2, s9
core   0: 3 0x80004bb0 (0x01938cb3) x25 0x80011e64
core   0: 0x80004bb4 (0x00fa5c93) srli    s9, s4, 15
core   0: 3 0x80004bb4 (0x00fa5c93) x25 0x00000000
core   0: 0x80004bb8 (0xb7cafeb7) lui     t4, 0xb7caf
core   0: 3 0x80004bb8 (0xb7cafeb7) x29 0xb7caf000
core   0: 0x80004bbc (0x00349d93) slli    s11, s1, 3
core   0: 3 0x80004bbc (0x00349d93) x27 0xfffff360
core   0: 0x80004bc0 (0x01abf633) and     a2, s7, s10
core   0: 3 0x80004bc0 (0x01abf633) x12 0x00000400
core   0: 0x80004bc4 (0x019b3a33) sltu    s4, s6, s9
core   0: 3 0x80004bc4 (0x019b3a33) x20 0x00000000
core   0: 0x80004bc8 (0x00bfc633) xor     a2, t6, a1
core   0: 3 0x80004bc8 (0x00bfc633) x12 0x00000001
core   0: 0x80004bcc (0x00559a33) sll     s4, a1, t0
core   0: 3 0x80004bcc (0x00559a33) x20 0x00000010
core   0: 0x80004bd0 (0xfd20ae13) slti    t3, ra, -46
core   0: 3 0x80004bd0 (0xfd20ae13) x28 0x00000000
core   0: 0x80004bd4 (0x00a6f7b3) and     a5, a3, a0
core   0: 3 0x80004bd4 (0x00a6f7b3) x15 0x00000000
core   0: 0x80004bd8 (0x4161d6b3) sra     a3, gp, s6
core   0: 3 0x80004bd8 (0x4161d6b3) x13 0x5dd5d5ea
core   0: 0x80004bdc (0x41065213) srai    tp, a2, 16
core   0: 3 0x80004bdc (0x41065213) x 4 0x00000000
core   0: 0x80004be0 (0x61b57693) andi    a3, a0, 1563
core   0: 3 0x80004be0 (0x61b57693) x13 0x00000012
core   0: 0x80004be4 (0x40b15133) sra     sp, sp, a1
core   0: 3 0x80004be4 (0x40b15133) x 2 0x00000000
core   0: 0x80004be8 (0xf6466897) auipc   a7, 0xf6466
core   0: 3 0x80004be8 (0xf6466897) x17 0x7646abe8
core   0: 0x80004bec (0xb80c5937) lui     s2, 0xb80c5
core   0: 3 0x80004bec (0xb80c5937) x18 0xb80c5000
core   0: 0x80004bf0 (0x01e46cb3) or      s9, s0, t5
core   0: 3 0x80004bf0 (0x01e46cb3) x25 0x80015ce4
core   0: 0x80004bf4 (0x013e7a33) and     s4, t3, s3
core   0: 3 0x80004bf4 (0x013e7a33) x20 0x00000000
core   0: 0x80004bf8 (0x45a5c213) xori    tp, a1, 1114
core   0: 3 0x80004bf8 (0x45a5c213) x 4 0x0000045b
core   0: 0x80004bfc (0x1a4cc017) auipc   zero, 0x1a4cc
core   0: 3 0x80004bfc (0x1a4cc017)
core   0: 0x80004c00 (0x40175633) sra     a2, a4, ra
core   0: 3 0x80004c00 (0x40175633) x12 0x29b0c800
core   0: 0x80004c04 (0x00000013) nop
core   0: 3 0x80004c04 (0x00000013)
core   0: 0x80004c08 (0x0039d213) srli    tp, s3, 3
core   0: 3 0x80004c08 (0x0039d213) x 4 0x0bbabb44
core   0: 0x80004c0c (0x338f2a93) slti    s5, t5, 824
core   0: 3 0x80004c0c (0x338f2a93) x21 0x00000001
core   0: 0x80004c10 (0xdabd4f93) xori    t6, s10, -597
core   0: 3 0x80004c10 (0xdabd4f93) x31 0xfffff9a3
core   0: 0x80004c14 (0x01f87133) and     sp, a6, t6
core   0: 3 0x80004c14 (0x01f87133) x 2 0xfa4450a0
core   0: 0x80004c18 (0x00ce35b3) sltu    a1, t3, a2
core   0: 3 0x80004c18 (0x00ce35b3) x11 0x00000001
core   0: 0x80004c1c (0x00eede93) srli    t4, t4, 14
core   0: 3 0x80004c1c (0x00eede93) x29 0x0002df2b
core   0: 0x80004c20 (0x007adc13) srli    s8, s5, 7
core   0: 3 0x80004c20 (0x007adc13) x24 0x00000000
core   0: 0x80004c24 (0x41610733) sub     a4, sp, s6
core   0: 3 0x80004c24 (0x41610733) x14 0xfa4430a0
core   0: 0x80004c28 (0x0092fd33) and     s10, t0, s1
core   0: 3 0x80004c28 (0x0092fd33) x26 0x80015c64
core   0: 0x80004c2c (0x011d9d93) slli    s11, s11, 17
core   0: 3 0x80004c2c (0x011d9d93) x27 0xe6c00000
core   0: 0x80004c30 (0x01359c13) slli    s8, a1, 19
core   0: 3 0x80004c30 (0x01359c13) x24 0x00080000
core   0: 0x80004c34 (0x000c0b33) add     s6, s8, zero
core   0: 3 0x80004c34 (0x000c0b33) x22 0x00080000
core   0: 0x80004c38 (0x012c3bb3) sltu    s7, s8, s2
core   0: 3 0x80004c38 (0x012c3bb3) x23 0x00000001
core   0: 0x80004c3c (0x00e95013) srli    zero, s2, 14
core   0: 3 0x80004c3c (0x00e95013)
core   0: 0x80004c40 (0x00e8ef33) or      t5, a7, a4
core   0: 3 0x80004c40 (0x00e8ef33) x30 0xfe46bbe8
core   0: 0x80004c44 (0x40ccf5b7) lui     a1, 0x40ccf
core   0: 3 0x80004c44 (0x40ccf5b7) x11 0x40ccf000
core   0: 0x80004c48 (0x6f67e137) lui     sp, 0x6f67e
core   0: 3 0x80004c48 (0x6f67e137) x 2 0x6f67e000
core   0: 0x80004c4c (0x0112a5b3) slt     a1, t0, a7
core   0: 3 0x80004c4c (0x0112a5b3) x11 0x00000001
core   0: 0x80004c50 (0xf32c6113) ori     sp, s8, -206
core   0: 3 0x80004c50 (0xf32c6113) x 2 0xffffff32
core   0: 0x80004c54 (0x0000a333) slt     t1, ra, zero
core   0: 3 0x80004c54 (0x0000a333) x 6 0x00000000
core   0: 0x80004c58 (0x006aabb3) slt     s7, s5, t1
core   0: 3 0x80004c58 (0x006aabb3) x23 0x00000000
core   0: 0x80004c5c (0x00000013) nop
core   0: 3 0x80004c5c (0x00000013)
core   0: 0x80004c60 (0x00000013) nop
core   0: 3 0x80004c60 (0x00000013)
core   0: 0x80004c64 (0x989abb13) sltiu   s6, s5, -1655
core   0: 3 0x80004c64 (0x989abb13) x22 0x00000001
core   0: 0x80004c68 (0x00000013) nop
core   0: 3 0x80004c68 (0x00000013)
core   0: 0x80004c6c (0x01375693) srli    a3, a4, 19
core   0: 3 0x80004c6c (0x01375693) x13 0x00001f48
core   0: 0x80004c70 (0x0109b4b3) sltu    s1, s3, a6
core   0: 3 0x80004c70 (0x0109b4b3) x 9 0x00000001
core   0: 0x80004c74 (0x419ad513) srai    a0, s5, 25
core   0: 3 0x80004c74 (0x419ad513) x10 0x00000000
core   0: 0x80004c78 (0x4045d713) srai    a4, a1, 4
core   0: 3 0x80004c78 (0x4045d713) x14 0x00000000
core   0: 0x80004c7c (0x4cb78313) addi    t1, a5, 1227
core   0: 3 0x80004c7c (0x4cb78313) x 6 0x000004cb
core   0: 0x80004c80 (0x5d6ab613) sltiu   a2, s5, 1494
core   0: 3 0x80004c80 (0x5d6ab613) x12 0x00000001
core   0: 0x80004c84 (0x013b5e13) srli    t3, s6, 19
core   0: 3 0x80004c84 (0x013b5e13) x28 0x00000000
core   0: 0x80004c88 (0x00d35593) srli    a1, t1, 13
core   0: 3 0x80004c88 (0x00d35593) x11 0x00000000
core   0: 0x80004c8c (0x7b136993) ori     s3, t1, 1969
core   0: 3 0x80004c8c (0x7b136993) x19 0x000007fb
core   0: 0x80004c90 (0x40748db3) sub     s11, s1, t2
core   0: 3 0x80004c90 (0x40748db3) x27 0x7ffee19d
core   0: 0x80004c94 (0x00244133) xor     sp, s0, sp
core   0: 3 0x80004c94 (0x00244133) x 2 0xffffff32
core   0: 0x80004c98 (0x41858633) sub     a2, a1, s8
core   0: 3 0x80004c98 (0x41858633) x12 0xfff80000
core   0: 0x80004c9c (0xdc274797) auipc   a5, 0xdc274
core   0: 3 0x80004c9c (0xdc274797) x15 0x5c278c9c
core   0: 0x80004ca0 (0x009d90b3) sll     ra, s11, s1
core   0: 3 0x80004ca0 (0x009d90b3) x 1 0xfffdc33a
core   0: 0x80004ca4 (0x27fe2a13) slti    s4, t3, 639
core   0: 3 0x80004ca4 (0x27fe2a13) x20 0x00000001
core   0: 0x80004ca8 (0x41415a93) srai    s5, sp, 20
core   0: 3 0x80004ca8 (0x41415a93) x21 0xffffffff
core   0: 0x80004cac (0x0107aab3) slt     s5, a5, a6
core   0: 3 0x80004cac (0x0107aab3) x21 0x00000000
core   0: 0x80004cb0 (0x40808233) sub     tp, ra, s0
core   0: 3 0x80004cb0 (0x40808233) x 4 0xfffdc33a
core   0: 0x80004cb4 (0x004f5fb3) srl     t6, t5, tp
core   0: 3 0x80004cb4 (0x004f5fb3) x31 0x0000003f
core   0: 0x80004cb8 (0x0512b913) sltiu   s2, t0, 81
core   0: 3 0x80004cb8 (0x0512b913) x18 0x00000000
core   0: 0x80004cbc (0xe2d73f93) sltiu   t6, a4, -467
core   0: 3 0x80004cbc (0xe2d73f93) x31 0x00000001
core   0: 0x80004cc0 (0xbe11a313) slti    t1, gp, -1055
core   0: 3 0x80004cc0 (0xbe11a313) x 6 0x00000000
core   0: 0x80004cc4 (0x017fdb33) srl     s6, t6, s7
core   0: 3 0x80004cc4 (0x017fdb33) x22 0x00000001
core   0: 0x80004cc8 (0x01e48c33) add     s8, s1, t5
core   0: 3 0x80004cc8 (0x01e48c33) x24 0xfe46bbe9
core   0: 0x80004ccc (0x00000013) nop
core   0: 3 0x80004ccc (0x00000013)
core   0: 0x80004cd0 (0x014b1c93) slli    s9, s6, 20
core   0: 3 0x80004cd0 (0x014b1c93) x25 0x00100000
core   0: 0x80004cd4 (0x01328cb3) add     s9, t0, s3
core   0: 3 0x80004cd4 (0x01328cb3) x25 0x800164df
core   0: 0x80004cd8 (0x1a441a17) auipc   s4, 0x1a441
core   0: 3 0x80004cd8 (0x1a441a17) x20 0x9a445cd8
core   0: 0x80004cdc (0x00570733) add     a4, a4, t0
core   0: 3 0x80004cdc (0x00570733) x14 0x80015ce4
core   0: 0x80004ce0 (0xbd438993) addi    s3, t2, -1068
core   0: 3 0x80004ce0 (0xbd438993) x19 0x80011a38
core   0: 0x80004ce4 (0xe9737f93) andi    t6, t1, -361
core   0: 3 0x80004ce4 (0xe9737f93) x31 0x00000000
core   0: 0x80004ce8 (0x41f251b3) sra     gp, tp, t6
core   0: 3 0x80004ce8 (0x41f251b3) x 3 0xfffdc33a
core   0: 0x80004cec (0xa7236c93) ori     s9, t1, -1422
core   0: 3 0x80004cec (0xa7236c93) x25 0xfffffa72
core   0: 0x80004cf0 (0x018c8333) add     t1, s9, s8
core   0: 3 0x80004cf0 (0x018c8333) x 6 0xfe46b65b
core   0: 0x80004cf4 (0x0177bc33) sltu    s8, a5, s7
core   0: 3 0x80004cf4 (0x0177bc33) x24 0x00000000
core   0: 0x80004cf8 (0x29ca7f93) andi    t6, s4, 668
core   0: 3 0x80004cf8 (0x29ca7f93) x31 0x00000098
core   0: 0x80004cfc (0x01d6a5b3) slt     a1, a3, t4
core   0: 3 0x80004cfc (0x01d6a5b3) x11 0x00000001
core   0: 0x80004d00 (0x005da6b3) slt     a3, s11, t0
core   0: 3 0x80004d00 (0x005da6b3) x13 0x00000000
core   0: 0x80004d04 (0x5febed93) ori     s11, s7, 1534
core   0: 3 0x80004d04 (0x5febed93) x27 0x000005fe
core   0: 0x80004d08 (0x0045bb33) sltu    s6, a1, tp
core   0: 3 0x80004d08 (0x0045bb33) x22 0x00000001
core   0: 0x80004d0c (0x940c3d93) sltiu   s11, s8, -1728
core   0: 3 0x80004d0c (0x940c3d93) x27 0x00000001
core   0: 0x80004d10 (0x015b0033) add     zero, s6, s5
core   0: 3 0x80004d10 (0x015b0033)
core   0: 0x80004d14 (0x00000013) nop
core   0: 3 0x80004d14 (0x00000013)
core   0: 0x80004d18 (0x01cd60b3) or      ra, s10, t3
core   0: 3 0x80004d18 (0x01cd60b3) x 1 0x80015c64
core   0: 0x80004d1c (0x4180db13) srai    s6, ra, 24
core   0: 3 0x80004d1c (0x4180db13) x22 0xffffff80
core   0: 0x80004d20 (0x00000013) nop
core   0: 3 0x80004d20 (0x00000013)
core   0: 0x80004d24 (0x016ac0b3) xor     ra, s5, s6
core   0: 3 0x80004d24 (0x016ac0b3) x 1 0xffffff80
core   0: 0x80004d28 (0x00000013) nop
core   0: 3 0x80004d28 (0x00000013)
core   0: 0x80004d2c (0x01d1bcb3) sltu    s9, gp, t4
core   0: 3 0x80004d2c (0x01d1bcb3) x25 0x00000000
core   0: 0x80004d30 (0x014ddd93) srli    s11, s11, 20
core   0: 3 0x80004d30 (0x014ddd93) x27 0x00000000
core   0: 0x80004d34 (0x7b9c8793) addi    a5, s9, 1977
core   0: 3 0x80004d34 (0x7b9c8793) x15 0x000007b9
core   0: 0x80004d38 (0x4085d713) srai    a4, a1, 8
core   0: 3 0x80004d38 (0x4085d713) x14 0x00000000
core   0: 0x80004d3c (0x6936bb13) sltiu   s6, a3, 1683
core   0: 3 0x80004d3c (0x6936bb13) x22 0x00000001
core   0: 0x80004d40 (0x006f9233) sll     tp, t6, t1
core   0: 3 0x80004d40 (0x006f9233) x 4 0xc0000000
core   0: 0x80004d44 (0x007c8733) add     a4, s9, t2
core   0: 3 0x80004d44 (0x007c8733) x14 0x80011e64
core   0: 0x80004d48 (0x016cbb33) sltu    s6, s9, s6
core   0: 3 0x80004d48 (0x016cbb33) x22 0x00000001
core   0: 0x80004d4c (0x013fd013) srli    zero, t6, 19
core   0: 3 0x80004d4c (0x013fd013)
core   0: 0x80004d50 (0x00e286b3) add     a3, t0, a4
core   0: 3 0x80004d50 (0x00e286b3) x13 0x00027b48
core   0: 0x80004d54 (0x01a6e6b3) or      a3, a3, s10
core   0: 3 0x80004d54 (0x01a6e6b3) x13 0x80037f6c
core   0: 0x80004d58 (0x2a09c317) auipc   t1, 0x2a09c
core   0: 3 0x80004d58 (0x2a09c317) x 6 0xaa0a0d58
core   0: 0x80004d5c (0x00868bb3) add     s7, a3, s0
core   0: 3 0x80004d5c (0x00868bb3) x23 0x80037f6c
core   0: 0x80004d60 (0x00ca0db3) add     s11, s4, a2
core   0: 3 0x80004d60 (0x00ca0db3) x27 0x9a3c5cd8
core   0: 0x80004d64 (0x0029dd13) srli    s10, s3, 2
core   0: 3 0x80004d64 (0x0029dd13) x26 0x2000468e
core   0: 0x80004d68 (0x00d5e6b3) or      a3, a1, a3
core   0: 3 0x80004d68 (0x00d5e6b3) x13 0x80037f6d
core   0: 0x80004d6c (0x40c05313) srai    t1, zero, 12
core   0: 3 0x80004d6c (0x40c05313) x 6 0x00000000
core   0: 0x80004d70 (0x0b57f693) andi    a3, a5, 181
core   0: 3 0x80004d70 (0x0b57f693) x13 0x000000b1
core   0: 0x80004d74 (0x0033bab3) sltu    s5, t2, gp
core   0: 3 0x80004d74 (0x0033bab3) x21 0x00000001
core   0: 0x80004d78 (0xf77f7513) andi    a0, t5, -137
core   0: 3 0x80004d78 (0xf77f7513) x10 0xfe46bb60
core   0: 0x80004d7c (0x00000013) nop
core   0: 3 0x80004d7c (0x00000013)
core   0: 0x80004d80 (0xac6d2213) slti    tp, s10, -1338
core   0: 3 0x80004d80 (0xac6d2213) x 4 0x00000000
core   0: 0x80004d84 (0x00495b93) srli    s7, s2, 4
core   0: 3 0x80004d84 (0x00495b93) x23 0x00000000
core   0: 0x80004d88 (0xfa8db217) auipc   tp, 0xfa8db
core   0: 3 0x80004d88 (0xfa8db217) x 4 0x7a8dfd88
core   0: 0x80004d8c (0x7aec7893) andi    a7, s8, 1966
core   0: 3 0x80004d8c (0x7aec7893) x17 0x00000000
core   0: 0x80004d90 (0x4036d593) srai    a1, a3, 3
core   0: 3 0x80004d90 (0x4036d593) x11 0x00000016
core   0: 0x80004d94 (0x5fa84513) xori    a0, a6, 1530
core   0: 3 0x80004d94 (0x5fa84513) x10 0xfa44554e
core   0: 0x80004d98 (0xd5dd3337) lui     t1, 0xd5dd3
core   0: 3 0x80004d98 (0xd5dd3337) x 6 0xd5dd3000
core   0: 0x80004d9c (0x003e05b3) add     a1, t3, gp
core   0: 3 0x80004d9c (0x003e05b3) x11 0xfffdc33a
core   0: 0x80004da0 (0x00d4bc33) sltu    s8, s1, a3
core   0: 3 0x80004da0 (0x00d4bc33) x24 0x00000001
core   0: 0x80004da4 (0x01add8b3) srl     a7, s11, s10
core   0: 3 0x80004da4 (0x01add8b3) x17 0x000268f1
core   0: 0x80004da8 (0x0158abb3) slt     s7, a7, s5
core   0: 3 0x80004da8 (0x0158abb3) x23 0x00000000
core   0: 0x80004dac (0xdeb24b13) xori    s6, tp, -533
core   0: 3 0x80004dac (0xdeb24b13) x22 0x85720063
core   0: 0x80004db0 (0x00aa3333) sltu    t1, s4, a0
core   0: 3 0x80004db0 (0x00aa3333) x 6 0x00000001
core   0: 0x80004db4 (0x151d6b93) ori     s7, s10, 337
core   0: 3 0x80004db4 (0x151d6b93) x23 0x200047df
core   0: 0x80004db8 (0x006bd5b3) srl     a1, s7, t1
core   0: 3 0x80004db8 (0x006bd5b3) x11 0x100023ef
core   0: 0x80004dbc (0xc74ace37) lui     t3, 0xc74ac
core   0: 3 0x80004dbc (0xc74ace37) x28 0xc74ac000
core   0: 0x80004dc0 (0x016d5a13) srli    s4, s10, 22
core   0: 3 0x80004dc0 (0x016d5a13) x20 0x00000080
core   0: 0x80004dc4 (0x009ac933) xor     s2, s5, s1
core   0: 3 0x80004dc4 (0x009ac933) x18 0x00000000
core   0: 0x80004dc8 (0x675ffc93) andi    s9, t6, 1653
core   0: 3 0x80004dc8 (0x675ffc93) x25 0x00000010
core   0: 0x80004dcc (0x925a3713) sltiu   a4, s4, -1755
core   0: 3 0x80004dcc (0x925a3713) x14 0x00000001
core   0: 0x80004dd0 (0x004f8fb3) add     t6, t6, tp
core   0: 3 0x80004dd0 (0x004f8fb3) x31 0x7a8dfe20
core   0: 0x80004dd4 (0x00000013) nop
core   0: 3 0x80004dd4 (0x00000013)
core   0: 0x80004dd8 (0xe6644793) xori    a5, s0, -410
core   0: 3 0x80004dd8 (0xe6644793) x15 0xfffffe66
core   0: 0x80004ddc (0x56d5c613) xori    a2, a1, 1389
core   0: 3 0x80004ddc (0x56d5c613) x12 0x10002682
core   0: 0x80004de0 (0x6e8a4d93) xori    s11, s4, 1768
core   0: 3 0x80004de0 (0x6e8a4d93) x27 0x00000668
core   0: 0x80004de4 (0x41f05893) srai    a7, zero, 31
core   0: 3 0x80004de4 (0x41f05893) x17 0x00000000
core   0: 0x80004de8 (0x69bbe317) auipc   t1, 0x69bbe
core   0: 3 0x80004de8 (0x69bbe317) x 6 0xe9bc2de8
core   0: 0x80004dec (0x21dccf93) xori    t6, s9, 541
core   0: 3 0x80004dec (0x21dccf93) x31 0x0000020d
core   0: 0x80004df0 (0x6726bc13) sltiu   s8, a3, 1650
core   0: 3 0x80004df0 (0x6726bc13) x24 0x00000001
core   0: 0x80004df4 (0x2bd76317) auipc   t1, 0x2bd76
core   0: 3 0x80004df4 (0x2bd76317) x 6 0xabd7adf4
core   0: 0x80004df8 (0x40d2d5b3) sra     a1, t0, a3
core   0: 3 0x80004df8 (0x40d2d5b3) x11 0xffffc000
core   0: 0x80004dfc (0xb671cb13) xori    s6, gp, -1177
core   0: 3 0x80004dfc (0xb671cb13) x22 0x0002385d
core   0: 0x80004e00 (0x00b1d9b3) srl     s3, gp, a1
core   0: 3 0x80004e00 (0x00b1d9b3) x19 0xfffdc33a
core   0: 0x80004e04 (0x37270993) addi    s3, a4, 882
core   0: 3 0x80004e04 (0x37270993) x19 0x00000373
core   0: 0x80004e08 (0x9016ed97) auipc   s11, 0x9016e
core   0: 3 0x80004e08 (0x9016ed97) x27 0x10172e08
core   0: 0x80004e0c (0x00cdba33) sltu    s4, s11, a2
core   0: 3 0x80004e0c (0x00cdba33) x20 0x00000000
core   0: 0x80004e10 (0x7f03ef93) ori     t6, t2, 2032
core   0: 3 0x80004e10 (0x7f03ef93) x31 0x80011ff4
core   0: 0x80004e14 (0x83ba2e97) auipc   t4, 0x83ba2
core   0: 3 0x80004e14 (0x83ba2e97) x29 0x03ba6e14
core   0: 0x80004e18 (0x136dc493) xori    s1, s11, 310
core   0: 3 0x80004e18 (0x136dc493) x 9 0x10172f3e
core   0: 0x80004e1c (0x0169fe33) and     t3, s3, s6
core   0: 3 0x80004e1c (0x0169fe33) x28 0x00000051
core   0: 0x80004e20 (0x01e97bb3) and     s7, s2, t5
core   0: 3 0x80004e20 (0x01e97bb3) x23 0x00000000
core   0: 0x80004e24 (0x001bfd33) and     s10, s7, ra
core   0: 3 0x80004e24 (0x001bfd33) x26 0x00000000
core   0: 0x80004e28 (0xfaa14713) xori    a4, sp, -86
core   0: 3 0x80004e28 (0xfaa14713) x14 0x00000098
core   0: 0x80004e2c (0x00894613) xori    a2, s2, 8
core   0: 3 0x80004e2c (0x00894613) x12 0x00000008
core   0: 0x80004e30 (0x018d9713) slli    a4, s11, 24
core   0: 3 0x80004e30 (0x018d9713) x14 0x08000000
core   0: 0x80004e34 (0x4038d1b3) sra     gp, a7, gp
core   0: 3 0x80004e34 (0x4038d1b3) x 3 0x00000000
core   0: 0x80004e38 (0x0062d993) srli    s3, t0, 6
core   0: 3 0x80004e38 (0x0062d993) x19 0x02000573
core   0: 0x80004e3c (0x00529eb3) sll     t4, t0, t0
core   0: 3 0x80004e3c (0x00529eb3) x29 0x0015ce40
core   0: 0x80004e40 (0x00fecfb3) xor     t6, t4, a5
core   0: 3 0x80004e40 (0x00fecfb3) x31 0xffea3026
core   0: 0x80004e44 (0x0149cc33) xor     s8, s3, s4
core   0: 3 0x80004e44 (0x0149cc33) x24 0x02000573
core   0: 0x80004e48 (0x0074c433) xor     s0, s1, t2
core   0: 3 0x80004e48 (0x0074c433) x 8 0x9016315a
core   0: 0x80004e4c (0x3ee40193) addi    gp, s0, 1006
core   0: 3 0x80004e4c (0x3ee40193) x 3 0x90163548
core   0: 0x80004e50 (0x019aa9b3) slt     s3, s5, s9
core   0: 3 0x80004e50 (0x019aa9b3) x19 0x00000001
core   0: 0x80004e54 (0x2cf0ff13) andi    t5, ra, 719
core   0: 3 0x80004e54 (0x2cf0ff13) x30 0x00000280
core   0: 0x80004e58 (0x65a7f893) andi    a7, a5, 1626
core   0: 3 0x80004e58 (0x65a7f893) x17 0x00000642
core   0: 0x80004e5c (0x00df9ab3) sll     s5, t6, a3
core   0: 3 0x80004e5c (0x00df9ab3) x21 0x604c0000
core   0: 0x80004e60 (0x00bb9d13) slli    s10, s7, 11
core   0: 3 0x80004e60 (0x00bb9d13) x26 0x00000000
core   0: 0x80004e64 (0x55824e37) lui     t3, 0x55824
core   0: 3 0x80004e64 (0x55824e37) x28 0x55824000
core   0: 0x80004e68 (0x1c43cd13) xori    s10, t2, 452
core   0: 3 0x80004e68 (0x1c43cd13) x26 0x80011fa0
core   0: 0x80004e6c (0x53960f93) addi    t6, a2, 1337
core   0: 3 0x80004e6c (0x53960f93) x31 0x00000541
core   0: 0x80004e70 (0x01b79033) sll     zero, a5, s11
core   0: 3 0x80004e70 (0x01b79033)
core   0: 0x80004e74 (0x012891b3) sll     gp, a7, s2
core   0: 3 0x80004e74 (0x012891b3) x 3 0x00000642
core   0: 0x80004e78 (0x000178b3) and     a7, sp, zero
core   0: 3 0x80004e78 (0x000178b3) x17 0x00000000
core   0: 0x80004e7c (0x5fae5d17) auipc   s10, 0x5fae5
core   0: 3 0x80004e7c (0x5fae5d17) x26 0xdfae9e7c
core   0: 0x80004e80 (0x40718233) sub     tp, gp, t2
core   0: 3 0x80004e80 (0x40718233) x 4 0x7ffee7de
core   0: 0x80004e84 (0x18fc4f13) xori    t5, s8, 399
core   0: 3 0x80004e84 (0x18fc4f13) x30 0x020004fc
core   0: 0x80004e88 (0x5acebb13) sltiu   s6, t4, 1452
core   0: 3 0x80004e88 (0x5acebb13) x22 0x00000000
core   0: 0x80004e8c (0x00cfd793) srli    a5, t6, 12
core   0: 3 0x80004e8c (0x00cfd793) x15 0x00000000
core   0: 0x80004e90 (0x00bd9433) sll     s0, s11, a1
core   0: 3 0x80004e90 (0x00bd9433) x 8 0x10172e08
core   0: 0x80004e94 (0x09377713) andi    a4, a4, 147
core   0: 3 0x80004e94 (0x09377713) x14 0x00000000
core   0: 0x80004e98 (0xd06b3093) sltiu   ra, s6, -762
core   0: 3 0x80004e98 (0xd06b3093) x 1 0x00000001
core   0: 0x80004e9c (0x01d2ba33) sltu    s4, t0, t4
core   0: 3 0x80004e9c (0x01d2ba33) x20 0x00000000
core   0: 0x80004ea0 (0xe989bd13) sltiu   s10, s3, -360
core   0: 3 0x80004ea0 (0xe989bd13) x26 0x00000001
core   0: 0x80004ea4 (0x40dc06b3) sub     a3, s8, a3
core   0: 3 0x80004ea4 (0x40dc06b3) x13 0x020004c2
core   0: 0x80004ea8 (0x004670b3) and     ra, a2, tp
core   0: 3 0x80004ea8 (0x004670b3) x 1 0x00000008
core   0: 0x80004eac (0x334cc193) xori    gp, s9, 820
core   0: 3 0x80004eac (0x334cc193) x 3 0x00000324
core   0: 0x80004eb0 (0x01e03033) snez    zero, t5
core   0: 3 0x80004eb0 (0x01e03033)
core   0: 0x80004eb4 (0x403f8233) sub     tp, t6, gp
core   0: 3 0x80004eb4 (0x403f8233) x 4 0x0000021d
core   0: 0x80004eb8 (0x00d0d333) srl     t1, ra, a3
core   0: 3 0x80004eb8 (0x00d0d333) x 6 0x00000002
core   0: 0x80004ebc (0x01b28933) add     s2, t0, s11
core   0: 3 0x80004ebc (0x01b28933) x18 0x90188aec
core   0: 0x80004ec0 (0x41130a33) sub     s4, t1, a7
core   0: 3 0x80004ec0 (0x41130a33) x20 0x00000002
core   0: 0x80004ec4 (0x01505f13) srli    t5, zero, 21
core   0: 3 0x80004ec4 (0x01505f13) x30 0x00000000
core   0: 0x80004ec8 (0x0038d513) srli    a0, a7, 3
core   0: 3 0x80004ec8 (0x0038d513) x10 0x00000000
core   0: 0x80004ecc (0x01bd9213) slli    tp, s11, 27
core   0: 3 0x80004ecc (0x01bd9213) x 4 0x40000000
core   0: 0x80004ed0 (0x00b3d733) srl     a4, t2, a1
core   0: 3 0x80004ed0 (0x00b3d733) x14 0x80011e64
core   0: 0x80004ed4 (0x41835eb3) sra     t4, t1, s8
core   0: 3 0x80004ed4 (0x41835eb3) x29 0x00000000
core   0: 0x80004ed8 (0x403757b3) sra     a5, a4, gp
core   0: 3 0x80004ed8 (0x403757b3) x15 0xf80011e6
core   0: 0x80004edc (0x00d91c93) slli    s9, s2, 13
core   0: 3 0x80004edc (0x00d91c93) x25 0x115d8000
core   0: 0x80004ee0 (0x46e5af13) slti    t5, a1, 1134
core   0: 3 0x80004ee0 (0x46e5af13) x30 0x00000001
core   0: 0x80004ee4 (0xe9357213) andi    tp, a0, -365
core   0: 3 0x80004ee4 (0xe9357213) x 4 0x00000000
core   0: 0x80004ee8 (0x40d95193) srai    gp, s2, 13
core   0: 3 0x80004ee8 (0x40d95193) x 3 0xfffc80c4
core   0: 0x80004eec (0x012e4b33) xor     s6, t3, s2
core   0: 3 0x80004eec (0x012e4b33) x22 0xc59acaec
core   0: 0x80004ef0 (0x98a70613) addi    a2, a4, -1654
core   0: 3 0x80004ef0 (0x98a70613) x12 0x800117ee
core   0: 0x80004ef4 (0x00285f93) srli    t6, a6, 2
core   0: 3 0x80004ef4 (0x00285f93) x31 0x3e91142d
core   0: 0x80004ef8 (0x411cd193) srai    gp, s9, 17
core   0: 3 0x80004ef8 (0x411cd193) x 3 0x000008ae
core   0: 0x80004efc (0x01c8a1b3) slt     gp, a7, t3
core   0: 3 0x80004efc (0x01c8a1b3) x 3 0x00000001
core   0: 0x80004f00 (0x63a91017) auipc   zero, 0x63a91
core   0: 3 0x80004f00 (0x63a91017)
core   0: 0x80004f04 (0x014a0533) add     a0, s4, s4
core   0: 3 0x80004f04 (0x014a0533) x10 0x00000004
core   0: 0x80004f08 (0x01020cb3) add     s9, tp, a6
core   0: 3 0x80004f08 (0x01020cb3) x25 0xfa4450b4
core   0: 0x80004f0c (0x4137dbb3) sra     s7, a5, s3
core   0: 3 0x80004f0c (0x4137dbb3) x23 0xfc0008f3
core   0: 0x80004f10 (0x41100233) sub     tp, zero, a7
core   0: 3 0x80004f10 (0x41100233) x 4 0x00000000
core   0: 0x80004f14 (0x00000013) nop
core   0: 3 0x80004f14 (0x00000013)
core   0: 0x80004f18 (0x8184c493) xori    s1, s1, -2024
core   0: 3 0x80004f18 (0x8184c493) x 9 0xefe8d726
core   0: 0x80004f1c (0x01745e13) srli    t3, s0, 23
core   0: 3 0x80004f1c (0x01745e13) x28 0x00000020
core   0: 0x80004f20 (0xcde97193) andi    gp, s2, -802
core   0: 3 0x80004f20 (0xcde97193) x 3 0x901888cc
core   0: 0x80004f24 (0x015fc233) xor     tp, t6, s5
core   0: 3 0x80004f24 (0x015fc233) x 4 0x5edd142d
core   0: 0x80004f28 (0x008b5193) srli    gp, s6, 8
core   0: 3 0x80004f28 (0x008b5193) x 3 0x00c59aca
core   0: 0x80004f2c (0x01dccbb3) xor     s7, s9, t4
core   0: 3 0x80004f2c (0x01dccbb3) x23 0xfa4450b4
core   0: 0x80004f30 (0x8d771e17) auipc   t3, 0x8d771
core   0: 3 0x80004f30 (0x8d771e17) x28 0x0d775f30
core   0: 0x80004f34 (0x41cd5013) srai    zero, s10, 28
core   0: 3 0x80004f34 (0x41cd5013)
core   0: 0x80004f38 (0x962f7937) lui     s2, 0x962f7
core   0: 3 0x80004f38 (0x962f7937) x18 0x962f7000
core   0: 0x80004f3c (0x01e42533) slt     a0, s0, t5
core   0: 3 0x80004f3c (0x01e42533) x10 0x00000000
core   0: 0x80004f40 (0x011feb33) or      s6, t6, a7
core   0: 3 0x80004f40 (0x011feb33) x22 0x3e91142d
core   0: 0x80004f44 (0x00000013) nop
core   0: 3 0x80004f44 (0x00000013)
core   0: 0x80004f48 (0x7ee93c97) auipc   s9, 0x7ee93
core   0: 3 0x80004f48 (0x7ee93c97) x25 0xfee97f48
core   0: 0x80004f4c (0x001d08b3) add     a7, s10, ra
core   0: 3 0x80004f4c (0x001d08b3) x17 0x00000009
core   0: 0x80004f50 (0x00dfc6b3) xor     a3, t6, a3
core   0: 3 0x80004f50 (0x00dfc6b3) x13 0x3c9110ef
core   0: 0x80004f54 (0x0106c8b3) xor     a7, a3, a6
core   0: 3 0x80004f54 (0x0106c8b3) x17 0xc6d5405b
core   0: 0x80004f58 (0x01c6e4b3) or      s1, a3, t3
core   0: 3 0x80004f58 (0x01c6e4b3) x 9 0x3df75fff
core   0: 0x80004f5c (0x01fb9533) sll     a0, s7, t6
core   0: 3 0x80004f5c (0x01fb9533) x10 0x8a168000
core   0: 0x80004f60 (0x05e3c617) auipc   a2, 0x5e3c
core   0: 3 0x80004f60 (0x05e3c617) x12 0x85e40f60
core   0: 0x80004f64 (0x7a87fd93) andi    s11, a5, 1960
core   0: 3 0x80004f64 (0x7a87fd93) x27 0x000001a0
core   0: 0x80004f68 (0x00d6fa33) and     s4, a3, a3
core   0: 3 0x80004f68 (0x00d6fa33) x20 0x3c9110ef
core   0: 0x80004f6c (0x00275c33) srl     s8, a4, sp
core   0: 3 0x80004f6c (0x00275c33) x24 0x00002000
core   0: 0x80004f70 (0x00e15333) srl     t1, sp, a4
core   0: 3 0x80004f70 (0x00e15333) x 6 0x0ffffff3
core   0: 0x80004f74 (0x00c8cb33) xor     s6, a7, a2
core   0: 3 0x80004f74 (0x00c8cb33) x22 0x43314f3b
core   0: 0x80004f78 (0x00000013) nop
core   0: 3 0x80004f78 (0x00000013)
core   0: 0x80004f7c (0x3e364d97) auipc   s11, 0x3e364
core   0: 3 0x80004f7c (0x3e364d97) x27 0xbe368f7c
core   0: 0x80004f80 (0xf4417197) auipc   gp, 0xf4417
core   0: 3 0x80004f80 (0xf4417197) x 3 0x7441bf80
core   0: 0x80004f84 (0x01073633) sltu    a2, a4, a6
core   0: 3 0x80004f84 (0x01073633) x12 0x00000001
core   0: 0x80004f88 (0x15f95337) lui     t1, 0x15f95
core   0: 3 0x80004f88 (0x15f95337) x 6 0x15f95000
core   0: 0x80004f8c (0x0175bfb3) sltu    t6, a1, s7
core   0: 3 0x80004f8c (0x0175bfb3) x31 0x00000000
core   0: 0x80004f90 (0x0fd68f93) addi    t6, a3, 253
core   0: 3 0x80004f90 (0x0fd68f93) x31 0x3c9111ec
core   0: 0x80004f94 (0x01985593) srli    a1, a6, 25
core   0: 3 0x80004f94 (0x01985593) x11 0x0000007d
core   0: 0x80004f98 (0x01e1cdb3) xor     s11, gp, t5
core   0: 3 0x80004f98 (0x01e1cdb3) x27 0x7441bf81
core   0: 0x80004f9c (0x81047f13) andi    t5, s0, -2032
core   0: 3 0x80004f9c (0x81047f13) x30 0x10172800
core   0: 0x80004fa0 (0x40a6d013) srai    zero, a3, 10
core   0: 3 0x80004fa0 (0x40a6d013)
core   0: 0x80004fa4 (0x40558eb3) sub     t4, a1, t0
core   0: 3 0x80004fa4 (0x40558eb3) x29 0x7ffea399
core   0: 0x80004fa8 (0x01831933) sll     s2, t1, s8
core   0: 3 0x80004fa8 (0x01831933) x18 0x15f95000
core   0: 0x80004fac (0x010c64b3) or      s1, s8, a6
core   0: 3 0x80004fac (0x010c64b3) x 9 0xfa4470b4
core   0: 0x80004fb0 (0x9ee90313) addi    t1, s2, -1554
core   0: 3 0x80004fb0 (0x9ee90313) x 6 0x15f949ee
core   0: 0x80004fb4 (0x01c577b3) and     a5, a0, t3
core   0: 3 0x80004fb4 (0x01c577b3) x15 0x08160000
core   0: 0x80004fb8 (0x5c4d7593) andi    a1, s10, 1476
core   0: 3 0x80004fb8 (0x5c4d7593) x11 0x00000000
core   0: 0x80004fbc (0x45e2c897) auipc   a7, 0x45e2c
core   0: 3 0x80004fbc (0x45e2c897) x17 0xc5e30fbc
core   0: 0x80004fc0 (0x002c25b3) slt     a1, s8, sp
core   0: 3 0x80004fc0 (0x002c25b3) x11 0x00000000
core   0: 0x80004fc4 (0x00454b33) xor     s6, a0, tp
core   0: 3 0x80004fc4 (0x00454b33) x22 0xd4cb942d
core   0: 0x80004fc8 (0x75473613) sltiu   a2, a4, 1876
core   0: 3 0x80004fc8 (0x75473613) x12 0x00000000
core   0: 0x80004fcc (0x3a8e8d93) addi    s11, t4, 936
core   0: 3 0x80004fcc (0x3a8e8d93) x27 0x7ffea741
core   0: 0x80004fd0 (0x5a2d5137) lui     sp, 0x5a2d5
core   0: 3 0x80004fd0 (0x5a2d5137) x 2 0x5a2d5000
core   0: 0x80004fd4 (0x0ed86a13) ori     s4, a6, 237
core   0: 3 0x80004fd4 (0x0ed86a13) x20 0xfa4450fd
core   0: 0x80004fd8 (0x915ec413) xori    s0, t4, -1771
core   0: 3 0x80004fd8 (0x915ec413) x 8 0x80015a8c
core   0: 0x80004fdc (0x01649693) slli    a3, s1, 22
core   0: 3 0x80004fdc (0x01649693) x13 0x2d000000
core   0: 0x80004fe0 (0x32264413) xori    s0, a2, 802
core   0: 3 0x80004fe0 (0x32264413) x 8 0x00000322
core   0: 0x80004fe4 (0x01af5db3) srl     s11, t5, s10
core   0: 3 0x80004fe4 (0x01af5db3) x27 0x080b9400
core   0: 0x80004fe8 (0x019b48b3) xor     a7, s6, s9
core   0: 3 0x80004fe8 (0x019b48b3) x17 0x2a22eb65
core   0: 0x80004fec (0x000254b3) srl     s1, tp, zero
core   0: 3 0x80004fec (0x000254b3) x 9 0x5edd142d
core   0: 0x80004ff0 (0x00329193) slli    gp, t0, 3
core   0: 3 0x80004ff0 (0x00329193) x 3 0x000ae720
core   0: 0x80004ff4 (0x010f9433) sll     s0, t6, a6
core   0: 3 0x80004ff4 (0x010f9433) x 8 0x1ec00000
core   0: 0x80004ff8 (0x0000c433) xor     s0, ra, zero
core   0: 3 0x80004ff8 (0x0000c433) x 8 0x00000008
core   0: 0x80004ffc (0x418c0433) sub     s0, s8, s8
core   0: 3 0x80004ffc (0x418c0433) x 8 0x00000000
core   0: 0x80005000 (0x4065d6b3) sra     a3, a1, t1
core   0: 3 0x80005000 (0x4065d6b3) x13 0x00000000
core   0: 0x80005004 (0x015e1e93) slli    t4, t3, 21
core   0: 3 0x80005004 (0x015e1e93) x29 0xe6000000
core   0: 0x80005008 (0x400ad433) sra     s0, s5, zero
core   0: 3 0x80005008 (0x400ad433) x 8 0x604c0000
core   0: 0x8000500c (0x012ccbb3) xor     s7, s9, s2
core   0: 3 0x8000500c (0x012ccbb3) x23 0xeb102f48
core   0: 0x80005010 (0x01cf1b33) sll     s6, t5, t3
core   0: 3 0x80005010 (0x01cf1b33) x22 0x28000000
core   0: 0x80005014 (0xf6f22893) slti    a7, tp, -145
core   0: 3 0x80005014 (0xf6f22893) x17 0x00000000
core   0: 0x80005018 (0x41428b33) sub     s6, t0, s4
core   0: 3 0x80005018 (0x41428b33) x22 0x85bd0be7
core   0: 0x8000501c (0xf2636213) ori     tp, t1, -218
core   0: 3 0x8000501c (0xf2636213) x 4 0xffffffee
core   0: 0x80005020 (0x0003e033) or      zero, t2, zero
core   0: 3 0x80005020 (0x0003e033)
core   0: 0x80005024 (0x41a65233) sra     tp, a2, s10
core   0: 3 0x80005024 (0x41a65233) x 4 0x00000000
core   0: 0x80005028 (0xdb043493) sltiu   s1, s0, -592
core   0: 3 0x80005028 (0xdb043493) x 9 0x00000001
core   0: 0x8000502c (0x01db5e93) srli    t4, s6, 29
core   0: 3 0x8000502c (0x01db5e93) x29 0x00000004
core   0: 0x80005030 (0x35923eb7) lui     t4, 0x35923
core   0: 3 0x80005030 (0x35923eb7) x29 0x35923000
core   0: 0x80005034 (0x77183413) sltiu   s0, a6, 1905
core   0: 3 0x80005034 (0x77183413) x 8 0x00000000
core   0: 0x80005038 (0x007e2933) slt     s2, t3, t2
core   0: 3 0x80005038 (0x007e2933) x18 0x00000000
core   0: 0x8000503c (0x00b71033) sll     zero, a4, a1
core   0: 3 0x8000503c (0x00b71033)
core   0: 0x80005040 (0x41e08f33) sub     t5, ra, t5
core   0: 3 0x80005040 (0x41e08f33) x30 0xefe8d808
core   0: 0x80005044 (0x01be5ab3) srl     s5, t3, s11
core   0: 3 0x80005044 (0x01be5ab3) x21 0x0d775f30
core   0: 0x80005048 (0x00484133) xor     sp, a6, tp
core   0: 3 0x80005048 (0x00484133) x 2 0xfa4450b4
core   0: 0x8000504c (0x01a2cd33) xor     s10, t0, s10
core   0: 3 0x8000504c (0x01a2cd33) x26 0x80015ce5
core   0: 0x80005050 (0x01e5de13) srli    t3, a1, 30
core   0: 3 0x80005050 (0x01e5de13) x28 0x00000000
core   0: 0x80005054 (0x01d8ebb3) or      s7, a7, t4
core   0: 3 0x80005054 (0x01d8ebb3) x23 0x35923000
core   0: 0x80005058 (0x00d59313) slli    t1, a1, 13
core   0: 3 0x80005058 (0x00d59313) x 6 0x00000000
core   0: 0x8000505c (0x00c30233) add     tp, t1, a2
core   0: 3 0x8000505c (0x00c30233) x 4 0x00000000
core   0: 0x80005060 (0x006c1693) slli    a3, s8, 6
core   0: 3 0x80005060 (0x006c1693) x13 0x00080000
core   0: 0x80005064 (0x00cd6233) or      tp, s10, a2
core   0: 3 0x80005064 (0x00cd6233) x 4 0x80015ce5
core   0: 0x80005068 (0x0068ba33) sltu    s4, a7, t1
core   0: 3 0x80005068 (0x0068ba33) x20 0x00000000
core   0: 0x8000506c (0x000246b3) xor     a3, tp, zero
core   0: 3 0x8000506c (0x000246b3) x13 0x80015ce5
core   0: 0x80005070 (0x401ed193) srai    gp, t4, 1
core   0: 3 0x80005070 (0x401ed193) x 3 0x1ac91800
core   0: 0x80005074 (0x01940c33) add     s8, s0, s9
core   0: 3 0x80005074 (0x01940c33) x24 0xfee97f48
core   0: 0x80005078 (0x0126f733) and     a4, a3, s2
core   0: 3 0x80005078 (0x0126f733) x14 0x00000000
core   0: 0x8000507c (0x009525b3) slt     a1, a0, s1
core   0: 3 0x8000507c (0x009525b3) x11 0x00000001
core   0: 0x80005080 (0x002a7c33) and     s8, s4, sp
core   0: 3 0x80005080 (0x002a7c33) x24 0x00000000
core   0: 0x80005084 (0x41c60fb3) sub     t6, a2, t3
core   0: 3 0x80005084 (0x41c60fb3) x31 0x00000000
core   0: 0x80005088 (0x00a931b3) sltu    gp, s2, a0
core   0: 3 0x80005088 (0x00a931b3) x 3 0x00000001
core   0: 0x8000508c (0x01431333) sll     t1, t1, s4
core   0: 3 0x8000508c (0x01431333) x 6 0x00000000
core   0: 0x80005090 (0x3b538537) lui     a0, 0x3b538
core   0: 3 0x80005090 (0x3b538537) x10 0x3b538000
core   0: 0x80005094 (0x00000013) nop
core   0: 3 0x80005094 (0x00000013)
core   0: 0x80005098 (0x0084a1b3) slt     gp, s1, s0
core   0: 3 0x80005098 (0x0084a1b3) x 3 0x00000000
core   0: 0x8000509c (0x017319b3) sll     s3, t1, s7
core   0: 3 0x8000509c (0x017319b3) x19 0x00000000
core   0: 0x800050a0 (0xaa956e13) ori     t3, a0, -1367
core   0: 3 0x800050a0 (0xaa956e13) x28 0xfffffaa9
core   0: 0x800050a4 (0x00c0a6b3) slt     a3, ra, a2
core   0: 3 0x800050a4 (0x00c0a6b3) x13 0x00000000
core   0: 0x800050a8 (0x7c56aab7) lui     s5, 0x7c56a
core   0: 3 0x800050a8 (0x7c56aab7) x21 0x7c56a000
core   0: 0x800050ac (0x034bff13) andi    t5, s7, 52
core   0: 3 0x800050ac (0x034bff13) x30 0x00000000
core   0: 0x800050b0 (0x034a2013) slti    zero, s4, 52
core   0: 3 0x800050b0 (0x034a2013)
core   0: 0x800050b4 (0xe3d48f93) addi    t6, s1, -451
core   0: 3 0x800050b4 (0xe3d48f93) x31 0xfffffe3e
core   0: 0x800050b8 (0x01dc91b3) sll     gp, s9, t4
core   0: 3 0x800050b8 (0x01dc91b3) x 3 0xfee97f48
core   0: 0x800050bc (0x01a97333) and     t1, s2, s10
core   0: 3 0x800050bc (0x01a97333) x 6 0x00000000
core   0: 0x800050c0 (0x00de24b3) slt     s1, t3, a3
core   0: 3 0x800050c0 (0x00de24b3) x 9 0x00000001
core   0: 0x800050c4 (0x438a7593) andi    a1, s4, 1080
core   0: 3 0x800050c4 (0x438a7593) x11 0x00000000
core   0: 0x800050c8 (0x50093617) auipc   a2, 0x50093
core   0: 3 0x800050c8 (0x50093617) x12 0xd00980c8
core   0: 0x800050cc (0x722d5237) lui     tp, 0x722d5
core   0: 3 0x800050cc (0x722d5237) x 4 0x722d5000
core   0: 0x800050d0 (0x41288db3) sub     s11, a7, s2
core   0: 3 0x800050d0 (0x41288db3) x27 0x00000000
core   0: 0x800050d4 (0xa527acb7) lui     s9, 0xa527a
core   0: 3 0x800050d4 (0xa527acb7) x25 0xa527a000
core   0: 0x800050d8 (0x455e8a93) addi    s5, t4, 1109
core   0: 3 0x800050d8 (0x455e8a93) x21 0x35923455
core   0: 0x800050dc (0xcfd16a13) ori     s4, sp, -771
core   0: 3 0x800050dc (0xcfd16a13) x20 0xfffffcfd
core   0: 0x800050e0 (0xa79fb493) sltiu   s1, t6, -1415
core   0: 3 0x800050e0 (0xa79fb493) x 9 0x00000000
core   0: 0x800050e4 (0x40b1d6b3) sra     a3, gp, a1
core   0: 3 0x800050e4 (0x40b1d6b3) x13 0xfee97f48
core   0: 0x800050e8 (0x00045e13) srli    t3, s0, 0
core   0: 3 0x800050e8 (0x00045e13) x28 0x00000000
core   0: 0x800050ec (0x41065e93) srai    t4, a2, 16
core   0: 3 0x800050ec (0x41065e93) x29 0xffffd009
core   0: 0x800050f0 (0x18ac4c13) xori    s8, s8, 394
core   0: 3 0x800050f0 (0x18ac4c13) x24 0x0000018a
core   0: 0x800050f4 (0x00cc5db3) srl     s11, s8, a2
core   0: 3 0x800050f4 (0x00cc5db3) x27 0x00000001
core   0: 0x800050f8 (0x8f025237) lui     tp, 0x8f025
core   0: 3 0x800050f8 (0x8f025237) x 4 0x8f025000
core   0: 0x800050fc (0x5b0e0493) addi    s1, t3, 1456
core   0: 3 0x800050fc (0x5b0e0493) x 9 0x000005b0
core   0: 0x80005100 (0x00acec33) or      s8, s9, a0
core   0: 3 0x80005100 (0x00acec33) x24 0xbf77a000
core   0: 0x80005104 (0x01ce9fb3) sll     t6, t4, t3
core   0: 3 0x80005104 (0x01ce9fb3) x31 0xffffd009
core   0: 0x80005108 (0x560fe493) ori     s1, t6, 1376
core   0: 3 0x80005108 (0x560fe493) x 9 0xffffd569
core   0: 0x8000510c (0x015b9213) slli    tp, s7, 21
core   0: 3 0x8000510c (0x015b9213) x 4 0x00000000
core   0: 0x80005110 (0x893ecc13) xori    s8, t4, -1901
core   0: 3 0x80005110 (0x893ecc13) x24 0x0000289a
core   0: 0x80005114 (0x00339193) slli    gp, t2, 3
core   0: 3 0x80005114 (0x00339193) x 3 0x0008f320
core   0: 0x80005118 (0x01c6b8b3) sltu    a7, a3, t3
core   0: 3 0x80005118 (0x01c6b8b3) x17 0x00000000
core   0: 0x8000511c (0x003c3e13) sltiu   t3, s8, 3
core   0: 3 0x8000511c (0x003c3e13) x28 0x00000000
core   0: 0x80005120 (0xd9827b37) lui     s6, 0xd9827
core   0: 3 0x80005120 (0xd9827b37) x22 0xd9827000
core   0: 0x80005124 (0x010caeb3) slt     t4, s9, a6
core   0: 3 0x80005124 (0x010caeb3) x29 0x00000001
core   0: 0x80005128 (0x5cdb6e93) ori     t4, s6, 1485
core   0: 3 0x80005128 (0x5cdb6e93) x29 0xd98275cd
core   0: 0x8000512c (0x013dde93) srli    t4, s11, 19
core   0: 3 0x8000512c (0x013dde93) x29 0x00000000
core   0: 0x80005130 (0x382e2f93) slti    t6, t3, 898
core   0: 3 0x80005130 (0x382e2f93) x31 0x00000001
core   0: 0x80005134 (0x018d10b3) sll     ra, s10, s8
core   0: 3 0x80005134 (0x018d10b3) x 1 0x94000000
core   0: 0x80005138 (0xe76dbf13) sltiu   t5, s11, -394
core   0: 3 0x80005138 (0xe76dbf13) x30 0x00000001
core   0: 0x8000513c (0x419e06b3) sub     a3, t3, s9
core   0: 3 0x8000513c (0x419e06b3) x13 0x5ad86000
core   0: 0x80005140 (0x01517ab3) and     s5, sp, s5
core   0: 3 0x80005140 (0x01517ab3) x21 0x30001014
core   0: 0x80005144 (0xa8b7fc93) andi    s9, a5, -1397
core   0: 3 0x80005144 (0xa8b7fc93) x25 0x08160000
core   0: 0x80005148 (0x01cd9133) sll     sp, s11, t3
core   0: 3 0x80005148 (0x01cd9133) x 2 0x00000001
core   0: 0x8000514c (0x405bd933) sra     s2, s7, t0
core   0: 3 0x8000514c (0x405bd933) x18 0x03592300
core   0: 0x80005150 (0x006a91b3) sll     gp, s5, t1
core   0: 3 0x80005150 (0x006a91b3) x 3 0x30001014
core   0: 0x80005154 (0x019204b3) add     s1, tp, s9
core   0: 3 0x80005154 (0x019204b3) x 9 0x08160000
core   0: 0x80005158 (0x016177b3) and     a5, sp, s6
core   0: 3 0x80005158 (0x016177b3) x15 0x00000000
core   0: 0x8000515c (0x008bbd33) sltu    s10, s7, s0
core   0: 3 0x8000515c (0x008bbd33) x26 0x00000000
core   0: 0x80005160 (0x0158c5b3) xor     a1, a7, s5
core   0: 3 0x80005160 (0x0158c5b3) x11 0x30001014
core   0: 0x80005164 (0x005bd313) srli    t1, s7, 5
core   0: 3 0x80005164 (0x005bd313) x 6 0x01ac9180
core   0: 0x80005168 (0x00ad0733) add     a4, s10, a0
core   0: 3 0x80005168 (0x00ad0733) x14 0x3b538000
core   0: 0x8000516c (0x57f37c13) andi    s8, t1, 1407
core   0: 3 0x8000516c (0x57f37c13) x24 0x00000100
core   0: 0x80005170 (0x006d97b3) sll     a5, s11, t1
core   0: 3 0x80005170 (0x006d97b3) x15 0x00000001
core   0: 0x80005174 (0x0113afb3) slt     t6, t2, a7
core   0: 3 0x80005174 (0x0113afb3) x31 0x00000001
core   0: 0x80005178 (0x003499b3) sll     s3, s1, gp
core   0: 3 0x80005178 (0x003499b3) x19 0x00000000
core   0: 0x8000517c (0x0048d5b3) srl     a1, a7, tp
core   0: 3 0x8000517c (0x0048d5b3) x11 0x00000000
core   0: 0x80005180 (0x01d62433) slt     s0, a2, t4
core   0: 3 0x80005180 (0x01d62433) x 8 0x00000001
core   0: 0x80005184 (0x0074bab3) sltu    s5, s1, t2
core   0: 3 0x80005184 (0x0074bab3) x21 0x00000001
core   0: 0x80005188 (0x0140dd13) srli    s10, ra, 20
core   0: 3 0x80005188 (0x0140dd13) x26 0x00000940
core   0: 0x8000518c (0x00d15533) srl     a0, sp, a3
core   0: 3 0x8000518c (0x00d15533) x10 0x00000001
core   0: 0x80005190 (0x41e0dd13) srai    s10, ra, 30
core   0: 3 0x80005190 (0x41e0dd13) x26 0xfffffffe
core   0: 0x80005194 (0x9fedc713) xori    a4, s11, -1538
core   0: 3 0x80005194 (0x9fedc713) x14 0xfffff9ff
core   0: 0x80005198 (0x40508033) sub     zero, ra, t0
core   0: 3 0x80005198 (0x40508033)
core   0: 0x8000519c (0x01efefb3) or      t6, t6, t5
core   0: 3 0x8000519c (0x01efefb3) x31 0x00000001
core   0: 0x800051a0 (0x0021b733) sltu    a4, gp, sp
core   0: 3 0x800051a0 (0x0021b733) x14 0x00000000
core   0: 0x800051a4 (0x008d50b3) srl     ra, s10, s0
core   0: 3 0x800051a4 (0x008d50b3) x 1 0x7fffffff
core   0: 0x800051a8 (0x00cdd0b3) srl     ra, s11, a2
core   0: 3 0x800051a8 (0x00cdd0b3) x 1 0x00000000
core   0: 0x800051ac (0x00000013) nop
core   0: 3 0x800051ac (0x00000013)
core   0: 0x800051b0 (0xacad7d93) andi    s11, s10, -1334
core   0: 3 0x800051b0 (0xacad7d93) x27 0xfffffaca
core   0: 0x800051b4 (0x014e46b3) xor     a3, t3, s4
core   0: 3 0x800051b4 (0x014e46b3) x13 0xfffffcfd
core   0: 0x800051b8 (0x018cbdb3) sltu    s11, s9, s8
core   0: 3 0x800051b8 (0x018cbdb3) x27 0x00000000
core   0: 0x800051bc (0x0925a017) auipc   zero, 0x925a
core   0: 3 0x800051bc (0x0925a017)
core   0: 0x800051c0 (0x01144bb3) xor     s7, s0, a7
core   0: 3 0x800051c0 (0x01144bb3) x23 0x00000001
core   0: 0x800051c4 (0x9ed32a13) slti    s4, t1, -1555
core   0: 3 0x800051c4 (0x9ed32a13) x20 0x00000000
core   0: 0x800051c8 (0x017d1433) sll     s0, s10, s7
core   0: 3 0x800051c8 (0x017d1433) x 8 0xfffffffc
core   0: 0x800051cc (0x01a7e033) or      zero, a5, s10
core   0: 3 0x800051cc (0x01a7e033)
core   0: 0x800051d0 (0x01f81fb3) sll     t6, a6, t6
core   0: 3 0x800051d0 (0x01f81fb3) x31 0xf488a168
core   0: 0x800051d4 (0x01747333) and     t1, s0, s7
core   0: 3 0x800051d4 (0x01747333) x 6 0x00000000
core   0: 0x800051d8 (0x49774117) auipc   sp, 0x49774
core   0: 3 0x800051d8 (0x49774117) x 2 0xc97791d8
core   0: 0x800051dc (0x408b8933) sub     s2, s7, s0
core   0: 3 0x800051dc (0x408b8933) x18 0x00000005
core   0: 0x800051e0 (0x996dfa93) andi    s5, s11, -1642
core   0: 3 0x800051e0 (0x996dfa93) x21 0x00000000
core   0: 0x800051e4 (0x01591233) sll     tp, s2, s5
core   0: 3 0x800051e4 (0x01591233) x 4 0x00000005
core   0: 0x800051e8 (0xe2852313) slti    t1, a0, -472
core   0: 3 0x800051e8 (0xe2852313) x 6 0x00000000
core   0: 0x800051ec (0x4087d313) srai    t1, a5, 8
core   0: 3 0x800051ec (0x4087d313) x 6 0x00000000
core   0: 0x800051f0 (0x9c3dc593) xori    a1, s11, -1597
core   0: 3 0x800051f0 (0x9c3dc593) x11 0xfffff9c3
core   0: 0x800051f4 (0x01bae733) or      a4, s5, s11
core   0: 3 0x800051f4 (0x01bae733) x14 0x00000000
core   0: 0x800051f8 (0x49f02f13) slti    t5, zero, 1183
core   0: 3 0x800051f8 (0x49f02f13) x30 0x00000001
core   0: 0x800051fc (0x00874eb3) xor     t4, a4, s0
core   0: 3 0x800051fc (0x00874eb3) x29 0xfffffffc
core   0: 0x80005200 (0x00ea5633) srl     a2, s4, a4
core   0: 3 0x80005200 (0x00ea5633) x12 0x00000000
core   0: 0x80005204 (0x001947b3) xor     a5, s2, ra
core   0: 3 0x80005204 (0x001947b3) x15 0x00000005
core   0: 0x80005208 (0x000a3e33) sltu    t3, s4, zero
core   0: 3 0x80005208 (0x000a3e33) x28 0x00000000
core   0: 0x8000520c (0xdef57693) andi    a3, a0, -529
core   0: 3 0x8000520c (0xdef57693) x13 0x00000001
core   0: 0x80005210 (0x45076797) auipc   a5, 0x45076
core   0: 3 0x80005210 (0x45076797) x15 0xc507b210
core   0: 0x80005214 (0x00000013) nop
core   0: 3 0x80005214 (0x00000013)
core   0: 0x80005218 (0x658c75b7) lui     a1, 0x658c7
core   0: 3 0x80005218 (0x658c75b7) x11 0x658c7000
core   0: 0x8000521c (0x01acd013) srli    zero, s9, 26
core   0: 3 0x8000521c (0x01acd013)
core   0: 0x80005220 (0xbf008a13) addi    s4, ra, -1040
core   0: 3 0x80005220 (0xbf008a13) x20 0xfffffbf0
core   0: 0x80005224 (0x006bd893) srli    a7, s7, 6
core   0: 3 0x80005224 (0x006bd893) x17 0x00000000
core   0: 0x80005228 (0x54acfa13) andi    s4, s9, 1354
core   0: 3 0x80005228 (0x54acfa13) x20 0x00000000
core   0: 0x8000522c (0x62643c13) sltiu   s8, s0, 1574
core   0: 3 0x8000522c (0x62643c13) x24 0x00000000
core   0: 0x80005230 (0x015845b3) xor     a1, a6, s5
core   0: 3 0x80005230 (0x015845b3) x11 0xfa4450b4
core   0: 0x80005234 (0xb40b5137) lui     sp, 0xb40b5
core   0: 3 0x80005234 (0xb40b5137) x 2 0xb40b5000
core   0: 0x80005238 (0xf4462613) slti    a2, a2, -188
core   0: 3 0x80005238 (0xf4462613) x12 0x00000000
core   0: 0x8000523c (0xa1247517) auipc   a0, 0xa1247
core   0: 3 0x8000523c (0xa1247517) x10 0x2124c23c
core   0: 0x80005240 (0xfcb2a597) auipc   a1, 0xfcb2a
core   0: 3 0x80005240 (0xfcb2a597) x11 0x7cb2f240
core   0: 0x80005244 (0x0122c0b3) xor     ra, t0, s2
core   0: 3 0x80005244 (0x0122c0b3) x 1 0x80015ce1
core   0: 0x80005248 (0x00293c33) sltu    s8, s2, sp
core   0: 3 0x80005248 (0x00293c33) x24 0x00000001
core   0: 0x8000524c (0x00d79693) slli    a3, a5, 13
core   0: 3 0x8000524c (0x00d79693) x13 0xf6420000
core   0: 0x80005250 (0x01eb6ab3) or      s5, s6, t5
core   0: 3 0x80005250 (0x01eb6ab3) x21 0xd9827001
core   0: 0x80005254 (0x00495d93) srli    s11, s2, 4
core   0: 3 0x80005254 (0x00495d93) x27 0x00000000
core   0: 0x80005258 (0x00de1213) slli    tp, t3, 13
core   0: 3 0x80005258 (0x00de1213) x 4 0x00000000
core   0: 0x8000525c (0x83eb1b17) auipc   s6, 0x83eb1
core   0: 3 0x8000525c (0x83eb1b17) x22 0x03eb625c
core   0: 0x80005260 (0x00000013) nop
core   0: 3 0x80005260 (0x00000013)
core   0: 0x80005264 (0xaaa62693) slti    a3, a2, -1366
core   0: 3 0x80005264 (0xaaa62693) x13 0x00000000
core   0: 0x80005268 (0x009a5033) srl     zero, s4, s1
core   0: 3 0x80005268 (0x009a5033)
core   0: 0x8000526c (0x001977b3) and     a5, s2, ra
core   0: 3 0x8000526c (0x001977b3) x15 0x00000001
core   0: 0x80005270 (0x01e7db33) srl     s6, a5, t5
core   0: 3 0x80005270 (0x01e7db33) x22 0x00000000
core   0: 0x80005274 (0x00000013) nop
core   0: 3 0x80005274 (0x00000013)
core   0: 0x80005278 (0x00f89b13) slli    s6, a7, 15
core   0: 3 0x80005278 (0x00f89b13) x22 0x00000000
core   0: 0x8000527c (0x01f43733) sltu    a4, s0, t6
core   0: 3 0x8000527c (0x01f43733) x14 0x00000000
core   0: 0x80005280 (0xdb724a93) xori    s5, tp, -585
core   0: 3 0x80005280 (0xdb724a93) x21 0xfffffdb7
core   0: 0x80005284 (0x000a54b3) srl     s1, s4, zero
core   0: 3 0x80005284 (0x000a54b3) x 9 0x00000000
core   0: 0x80005288 (0x00000013) nop
core   0: 3 0x80005288 (0x00000013)
core   0: 0x8000528c (0x40150bb3) sub     s7, a0, ra
core   0: 3 0x8000528c (0x40150bb3) x23 0xa123655b
core   0: 0x80005290 (0x00b7ad33) slt     s10, a5, a1
core   0: 3 0x80005290 (0x00b7ad33) x26 0x00000001
core   0: 0x80005294 (0x00000013) nop
core   0: 3 0x80005294 (0x00000013)
core   0: 0x80005298 (0x01755a13) srli    s4, a0, 23
core   0: 3 0x80005298 (0x01755a13) x20 0x00000042
core   0: 0x8000529c (0x41ac06b3) sub     a3, s8, s10
core   0: 3 0x8000529c (0x41ac06b3) x13 0x00000000
core   0: 0x800052a0 (0x0189e033) or      zero, s3, s8
core   0: 3 0x800052a0 (0x0189e033)
core   0: 0x800052a4 (0x71940e93) addi    t4, s0, 1817
core   0: 3 0x800052a4 (0x71940e93) x29 0x00000715
core   0: 0x800052a8 (0x3479f213) andi    tp, s3, 839
core   0: 3 0x800052a8 (0x3479f213) x 4 0x00000000
core   0: 0x800052ac (0x41f80b33) sub     s6, a6, t6
core   0: 3 0x800052ac (0x41f80b33) x22 0x05bbaf4c
core   0: 0x800052b0 (0x0042b033) sltu    zero, t0, tp
core   0: 3 0x800052b0 (0x0042b033)
core   0: 0x800052b4 (0x01e69713) slli    a4, a3, 30
core   0: 3 0x800052b4 (0x01e69713) x14 0x00000000
core   0: 0x800052b8 (0x003d95b3) sll     a1, s11, gp
core   0: 3 0x800052b8 (0x003d95b3) x11 0x00000000
core   0: 0x800052bc (0x1e423337) lui     t1, 0x1e423
core   0: 3 0x800052bc (0x1e423337) x 6 0x1e423000
core   0: 0x800052c0 (0xaa210b13) addi    s6, sp, -1374
core   0: 3 0x800052c0 (0xaa210b13) x22 0xb40b4aa2
core   0: 0x800052c4 (0x7aae2693) slti    a3, t3, 1962
core   0: 3 0x800052c4 (0x7aae2693) x13 0x00000001
core   0: 0x800052c8 (0x00bea4b3) slt     s1, t4, a1
core   0: 3 0x800052c8 (0x00bea4b3) x 9 0x00000000
core   0: 0x800052cc (0x419c8133) sub     sp, s9, s9
core   0: 3 0x800052cc (0x419c8133) x 2 0x00000000
core   0: 0x800052d0 (0x00000013) nop
core   0: 3 0x800052d0 (0x00000013)
core   0: 0x800052d4 (0x857cbd97) auipc   s11, 0x857cb
core   0: 3 0x800052d4 (0x857cbd97) x27 0x057d02d4
core   0: 0x800052d8 (0x0036f6b3) and     a3, a3, gp
core   0: 3 0x800052d8 (0x0036f6b3) x13 0x00000000
core   0: 0x800052dc (0x00539ab3) sll     s5, t2, t0
core   0: 3 0x800052dc (0x00539ab3) x21 0x0011e640
core   0: 0x800052e0 (0xb3654f13) xori    t5, a0, -1226
core   0: 3 0x800052e0 (0xb3654f13) x30 0xdedb390a
core   0: 0x800052e4 (0x00f19a13) slli    s4, gp, 15
core   0: 3 0x800052e4 (0x00f19a13) x20 0x080a0000
core   0: 0x800052e8 (0x00000013) nop
core   0: 3 0x800052e8 (0x00000013)
core   0: 0x800052ec (0x0a957593) andi    a1, a0, 169
core   0: 3 0x800052ec (0x0a957593) x11 0x00000028
core   0: 0x800052f0 (0x09cdec17) auipc   s8, 0x9cde
core   0: 3 0x800052f0 (0x09cdec17) x24 0x89ce32f0
core   0: 0x800052f4 (0xacd6bc93) sltiu   s9, a3, -1331
core   0: 3 0x800052f4 (0xacd6bc93) x25 0x00000001
core   0: 0x800052f8 (0x01731213) slli    tp, t1, 23
core   0: 3 0x800052f8 (0x01731213) x 4 0x00000000
core   0: 0x800052fc (0x0175db13) srli    s6, a1, 23
core   0: 3 0x800052fc (0x0175db13) x22 0x00000000
core   0: 0x80005300 (0x003aa7b3) slt     a5, s5, gp
core   0: 3 0x80005300 (0x003aa7b3) x15 0x00000001
core   0: 0x80005304 (0x005f56b3) srl     a3, t5, t0
core   0: 3 0x80005304 (0x005f56b3) x13 0x0dedb390
core   0: 0x80005308 (0xa137fa13) andi    s4, a5, -1517
core   0: 3 0x80005308 (0xa137fa13) x20 0x00000001
core   0: 0x8000530c (0x0031f9b3) and     s3, gp, gp
core   0: 3 0x8000530c (0x0031f9b3) x19 0x30001014
core   0: 0x80005310 (0xebcdbc13) sltiu   s8, s11, -324
core   0: 3 0x80005310 (0xebcdbc13) x24 0x00000001
core   0: 0x80005314 (0x00b18ab3) add     s5, gp, a1
core   0: 3 0x80005314 (0x00b18ab3) x21 0x3000103c
core   0: 0x80005318 (0x00000013) nop
core   0: 3 0x80005318 (0x00000013)
core   0: 0x8000531c (0x00921213) slli    tp, tp, 9
core   0: 3 0x8000531c (0x00921213) x 4 0x00000000
core   0: 0x80005320 (0x9919a693) slti    a3, s3, -1647
core   0: 3 0x80005320 (0x9919a693) x13 0x00000000
core   0: 0x80005324 (0xd38b4193) xori    gp, s6, -712
core   0: 3 0x80005324 (0xd38b4193) x 3 0xfffffd38
core   0: 0x80005328 (0x006c5b93) srli    s7, s8, 6
core   0: 3 0x80005328 (0x006c5b93) x23 0x00000000
core   0: 0x8000532c (0x1a8e0113) addi    sp, t3, 424
core   0: 3 0x8000532c (0x1a8e0113) x 2 0x000001a8
core   0: 0x80005330 (0x71d58e93) addi    t4, a1, 1821
core   0: 3 0x80005330 (0x71d58e93) x29 0x00000745
core   0: 0x80005334 (0x00000013) nop
core   0: 3 0x80005334 (0x00000013)
core   0: 0x80005338 (0x01fa5533) srl     a0, s4, t6
core   0: 3 0x80005338 (0x01fa5533) x10 0x00000000
core   0: 0x8000533c (0x6bb8a113) slti    sp, a7, 1723
core   0: 3 0x8000533c (0x6bb8a113) x 2 0x00000001
core   0: 0x80005340 (0x00000013) nop
core   0: 3 0x80005340 (0x00000013)
core   0: 0x80005344 (0x00b8feb3) and     t4, a7, a1
core   0: 3 0x80005344 (0x00b8feb3) x29 0x00000000
core   0: 0x80005348 (0x00dc5793) srli    a5, s8, 13
core   0: 3 0x80005348 (0x00dc5793) x15 0x00000000
core   0: 0x8000534c (0x65aaf093) andi    ra, s5, 1626
core   0: 3 0x8000534c (0x65aaf093) x 1 0x00000018
core   0: 0x80005350 (0x006b0d33) add     s10, s6, t1
core   0: 3 0x80005350 (0x006b0d33) x26 0x1e423000
core   0: 0x80005354 (0x019cf0b3) and     ra, s9, s9
core   0: 3 0x80005354 (0x019cf0b3) x 1 0x00000001
core   0: 0x80005358 (0x00000013) nop
core   0: 3 0x80005358 (0x00000013)
core   0: 0x8000535c (0x018eaab3) slt     s5, t4, s8
core   0: 3 0x8000535c (0x018eaab3) x21 0x00000001
core   0: 0x80005360 (0x4a0a4e93) xori    t4, s4, 1184
core   0: 3 0x80005360 (0x4a0a4e93) x29 0x000004a1
core   0: 0x80005364 (0x00cc1193) slli    gp, s8, 12
core   0: 3 0x80005364 (0x00cc1193) x 3 0x00001000
core   0: 0x80005368 (0x40035f13) srai    t5, t1, 0
core   0: 3 0x80005368 (0x40035f13) x30 0x1e423000
core   0: 0x8000536c (0xf9960093) addi    ra, a2, -103
core   0: 3 0x8000536c (0xf9960093) x 1 0xffffff99
core   0: 0x80005370 (0x017aa0b3) slt     ra, s5, s7
core   0: 3 0x80005370 (0x017aa0b3) x 1 0x00000000
core   0: 0x80005374 (0x412ed933) sra     s2, t4, s2
core   0: 3 0x80005374 (0x412ed933) x18 0x00000025
core   0: 0x80005378 (0x00a289b3) add     s3, t0, a0
core   0: 3 0x80005378 (0x00a289b3) x19 0x80015ce4
core   0: 0x8000537c (0x7f9ba893) slti    a7, s7, 2041
core   0: 3 0x8000537c (0x7f9ba893) x17 0x00000001
core   0: 0x80005380 (0x91308037) lui     zero, 0x91308
core   0: 3 0x80005380 (0x91308037)
core   0: 0x80005384 (0x8bbd4b13) xori    s6, s10, -1861
core   0: 3 0x80005384 (0x8bbd4b13) x22 0xe1bdc8bb
core   0: 0x80005388 (0x000021b3) slt     gp, zero, zero
core   0: 3 0x80005388 (0x000021b3) x 3 0x00000000
core   0: 0x8000538c (0x0075bab3) sltu    s5, a1, t2
core   0: 3 0x8000538c (0x0075bab3) x21 0x00000001
core   0: 0x80005390 (0x40168533) sub     a0, a3, ra
core   0: 3 0x80005390 (0x40168533) x10 0x00000000
core   0: 0x80005394 (0xe8dfe497) auipc   s1, 0xe8dfe
core   0: 3 0x80005394 (0xe8dfe497) x 9 0x68e03394
core   0: 0x80005398 (0x002058b3) srl     a7, zero, sp
core   0: 3 0x80005398 (0x002058b3) x17 0x00000000
core   0: 0x8000539c (0x01a39b33) sll     s6, t2, s10
core   0: 3 0x8000539c (0x01a39b33) x22 0x80011e64
core   0: 0x800053a0 (0x015fda13) srli    s4, t6, 21
core   0: 3 0x800053a0 (0x015fda13) x20 0x000007a4
core   0: 0x800053a4 (0x010d8633) add     a2, s11, a6
core   0: 3 0x800053a4 (0x010d8633) x12 0xffc15388
core   0: 0x800053a8 (0x00cf5613) srli    a2, t5, 12
core   0: 3 0x800053a8 (0x00cf5613) x12 0x0001e423
core   0: 0x800053ac (0x4166d633) sra     a2, a3, s6
core   0: 3 0x800053ac (0x4166d633) x12 0x00000000
core   0: 0x800053b0 (0xd7fd7693) andi    a3, s10, -641
core   0: 3 0x800053b0 (0xd7fd7693) x13 0x1e423000
core   0: 0x800053b4 (0x0daaa7b7) lui     a5, 0xdaaa
core   0: 3 0x800053b4 (0x0daaa7b7) x15 0x0daaa000
core   0: 0x800053b8 (0x00000013) nop
core   0: 3 0x800053b8 (0x00000013)
core   0: 0x800053bc (0xb6ddec13) ori     s8, s11, -1171
core   0: 3 0x800053bc (0xb6ddec13) x24 0xfffffbfd
core   0: 0x800053c0 (0x902e7013) andi    zero, t3, -1790
core   0: 3 0x800053c0 (0x902e7013)
core   0: 0x800053c4 (0x011cd513) srli    a0, s9, 17
core   0: 3 0x800053c4 (0x011cd513) x10 0x00000000
core   0: 0x800053c8 (0x00bcd593) srli    a1, s9, 11
core   0: 3 0x800053c8 (0x00bcd593) x11 0x00000000
core   0: 0x800053cc (0x00705213) srli    tp, zero, 7
core   0: 3 0x800053cc (0x00705213) x 4 0x00000000
core   0: 0x800053d0 (0x40ba4913) xori    s2, s4, 1035
core   0: 3 0x800053d0 (0x40ba4913) x18 0x000003af
core   0: 0x800053d4 (0xa67bb213) sltiu   tp, s7, -1433
core   0: 3 0x800053d4 (0xa67bb213) x 4 0x00000001
core   0: 0x800053d8 (0x00be3533) sltu    a0, t3, a1
core   0: 3 0x800053d8 (0x00be3533) x10 0x00000000
core   0: 0x800053dc (0xcf84bd13) sltiu   s10, s1, -776
core   0: 3 0x800053dc (0xcf84bd13) x26 0x00000001
core   0: 0x800053e0 (0x8bb03613) sltiu   a2, zero, -1861
core   0: 3 0x800053e0 (0x8bb03613) x12 0x00000001
core   0: 0x800053e4 (0x00364cb3) xor     s9, a2, gp
core   0: 3 0x800053e4 (0x00364cb3) x25 0x00000001
core   0: 0x800053e8 (0x407c5b33) sra     s6, s8, t2
core   0: 3 0x800053e8 (0x407c5b33) x22 0xffffffbf
core   0: 0x800053ec (0x01425f93) srli    t6, tp, 20
core   0: 3 0x800053ec (0x01425f93) x31 0x00000000
core   0: 0x800053f0 (0xf40e3f13) sltiu   t5, t3, -192
core   0: 3 0x800053f0 (0xf40e3f13) x30 0x00000001
core   0: 0x800053f4 (0xc629f193) andi    gp, s3, -926
core   0: 3 0x800053f4 (0xc629f193) x 3 0x80015c60
core   0: 0x800053f8 (0x1ed02517) auipc   a0, 0x1ed02
core   0: 3 0x800053f8 (0x1ed02517) x10 0x9ed073f8
core   0: 0x800053fc (0x00e41413) slli    s0, s0, 14
core   0: 3 0x800053fc (0x00e41413) x 8 0xffff0000
core   0: 0x80005400 (0x018d7b33) and     s6, s10, s8
core   0: 3 0x80005400 (0x018d7b33) x22 0x00000001
core   0: 0x80005404 (0x012c3433) sltu    s0, s8, s2
core   0: 3 0x80005404 (0x012c3433) x 8 0x00000000
core   0: 0x80005408 (0x82f0f193) andi    gp, ra, -2001
core   0: 3 0x80005408 (0x82f0f193) x 3 0x00000000
core   0: 0x8000540c (0x01478c33) add     s8, a5, s4
core   0: 3 0x8000540c (0x01478c33) x24 0x0daaa7a4
core   0: 0x80005410 (0x4e68aeb7) lui     t4, 0x4e68a
core   0: 3 0x80005410 (0x4e68aeb7) x29 0x4e68a000
core   0: 0x80005414 (0x744a7e93) andi    t4, s4, 1860
core   0: 3 0x80005414 (0x744a7e93) x29 0x00000704
core   0: 0x80005418 (0x00000013) nop
core   0: 3 0x80005418 (0x00000013)
core   0: 0x8000541c (0x00000013) nop
core   0: 3 0x8000541c (0x00000013)
core   0: 0x80005420 (0x408cdbb3) sra     s7, s9, s0
core   0: 3 0x80005420 (0x408cdbb3) x23 0x00000001
core   0: 0x80005424 (0x309e3317) auipc   t1, 0x309e3
core   0: 3 0x80005424 (0x309e3317) x 6 0xb09e8424
core   0: 0x80005428 (0x0140f433) and     s0, ra, s4
core   0: 3 0x80005428 (0x0140f433) x 8 0x00000000
core   0: 0x8000542c (0x05fa8897) auipc   a7, 0x5fa8
core   0: 3 0x8000542c (0x05fa8897) x17 0x85fad42c
core   0: 0x80005430 (0x00641333) sll     t1, s0, t1
core   0: 3 0x80005430 (0x00641333) x 6 0x00000000
core   0: 0x80005434 (0xf1e46093) ori     ra, s0, -226
core   0: 3 0x80005434 (0xf1e46093) x 1 0xffffff1e
core   0: 0x80005438 (0x010a1133) sll     sp, s4, a6
core   0: 3 0x80005438 (0x010a1133) x 2 0x7a400000
core   0: 0x8000543c (0x017b2e33) slt     t3, s6, s7
core   0: 3 0x8000543c (0x017b2e33) x28 0x00000000
core   0: 0x80005440 (0x00000013) nop
core   0: 3 0x80005440 (0x00000013)
core   0: 0x80005444 (0x010714b3) sll     s1, a4, a6
core   0: 3 0x80005444 (0x010714b3) x 9 0x00000000
core   0: 0x80005448 (0x01ff55b3) srl     a1, t5, t6
core   0: 3 0x80005448 (0x01ff55b3) x11 0x00000001
core   0: 0x8000544c (0x407501b3) sub     gp, a0, t2
core   0: 3 0x8000544c (0x407501b3) x 3 0x1ecf5594
core   0: 0x80005450 (0x00000013) nop
core   0: 3 0x80005450 (0x00000013)
core   0: 0x80005454 (0xbffe0893) addi    a7, t3, -1025
core   0: 3 0x80005454 (0xbffe0893) x17 0xfffffbff
core   0: 0x80005458 (0x003170b3) and     ra, sp, gp
core   0: 3 0x80005458 (0x003170b3) x 1 0x1a400000
core   0: 0x8000545c (0x0001fdb3) and     s11, gp, zero
core   0: 3 0x8000545c (0x0001fdb3) x27 0x00000000
core   0: 0x80005460 (0x00000013) nop
core   0: 3 0x80005460 (0x00000013)
core   0: 0x80005464 (0xb379d117) auipc   sp, 0xb379d
core   0: 3 0x80005464 (0xb379d117) x 2 0x337a2464
core   0: 0x80005468 (0xa0857893) andi    a7, a0, -1528
core   0: 3 0x80005468 (0xa0857893) x17 0x9ed07208
core   0: 0x8000546c (0xa1f24893) xori    a7, tp, -1505
core   0: 3 0x8000546c (0xa1f24893) x17 0xfffffa1e
core   0: 0x80005470 (0x010b74b3) and     s1, s6, a6
core   0: 3 0x80005470 (0x010b74b3) x 9 0x00000000
core   0: 0x80005474 (0x01c9aeb3) slt     t4, s3, t3
core   0: 3 0x80005474 (0x01c9aeb3) x29 0x00000001
core   0: 0x80005478 (0x40605bb3) sra     s7, zero, t1
core   0: 3 0x80005478 (0x40605bb3) x23 0x00000000
core   0: 0x8000547c (0x007a1033) sll     zero, s4, t2
core   0: 3 0x8000547c (0x007a1033)
core   0: 0x80005480 (0x00000b93) li      s7, 0
core   0: 3 0x80005480 (0x00000b93) x23 0x00000000
core   0: 0x80005484 (0xfff00a93) li      s5, -1
core   0: 3 0x80005484 (0xfff00a93) x21 0xffffffff
core   0: 0x80005488 (0xfff00893) li      a7, -1
core   0: 3 0x80005488 (0xfff00893) x17 0xffffffff
core   0: 0x8000548c (0xfff00313) li      t1, -1
core   0: 3 0x8000548c (0xfff00313) x 6 0xffffffff
core   0: 0x80005490 (0x80000437) lui     s0, 0x80000
core   0: 3 0x80005490 (0x80000437) x 8 0x80000000
core   0: 0x80005494 (0xb217edb7) lui     s11, 0xb217e
core   0: 3 0x80005494 (0xb217edb7) x27 0xb217e000
core   0: 0x80005498 (0xa03d8d93) addi    s11, s11, -1533
core   0: 3 0x80005498 (0xa03d8d93) x27 0xb217da03
core   0: 0x8000549c (0x00000c13) li      s8, 0
core   0: 3 0x8000549c (0x00000c13) x24 0x00000000
core   0: 0x800054a0 (0x800005b7) lui     a1, 0x80000
core   0: 3 0x800054a0 (0x800005b7) x11 0x80000000
core   0: 0x800054a4 (0x0a2e3b37) lui     s6, 0xa2e3
core   0: 3 0x800054a4 (0x0a2e3b37) x22 0x0a2e3000
core   0: 0x800054a8 (0xb55b0b13) addi    s6, s6, -1195
core   0: 3 0x800054a8 (0xb55b0b13) x22 0x0a2e2b55
core   0: 0x800054ac (0x00000093) li      ra, 0
core   0: 3 0x800054ac (0x00000093) x 1 0x00000000
core   0: 0x800054b0 (0x411885b3) sub     a1, a7, a7
core   0: 3 0x800054b0 (0x411885b3) x11 0x00000000
core   0: 0x800054b4 (0x89c87b37) lui     s6, 0x89c87
core   0: 3 0x800054b4 (0x89c87b37) x22 0x89c87000
core   0: 0x800054b8 (0x015c0ab3) add     s5, s8, s5
core   0: 3 0x800054b8 (0x015c0ab3) x21 0xffffffff
core   0: 0x800054bc (0x950a6b97) auipc   s7, 0x950a6
core   0: 3 0x800054bc (0x950a6b97) x23 0x150ab4bc
core   0: 0x800054c0 (0x00000013) nop
core   0: 3 0x800054c0 (0x00000013)
core   0: 0x800054c4 (0x4ce58313) addi    t1, a1, 1230
core   0: 3 0x800054c4 (0x4ce58313) x 6 0x000004ce
core   0: 0x800054c8 (0xb9af6597) auipc   a1, 0xb9af6
core   0: 3 0x800054c8 (0xb9af6597) x11 0x39afb4c8
core   0: 0x800054cc (0x015b0433) add     s0, s6, s5
core   0: 3 0x800054cc (0x015b0433) x 8 0x89c86fff
core   0: 0x800054d0 (0x00000013) nop
core   0: 3 0x800054d0 (0x00000013)
core   0: 0x800054d4 (0x87a17597) auipc   a1, 0x87a17
core   0: 3 0x800054d4 (0x87a17597) x11 0x07a1c4d4
core   0: 0x800054d8 (0x40ba8333) sub     t1, s5, a1
core   0: 3 0x800054d8 (0x40ba8333) x 6 0xf85e3b2b
core   0: 0x800054dc (0x406c0433) sub     s0, s8, t1
core   0: 3 0x800054dc (0x406c0433) x 8 0x07a1c4d5
core   0: 0x800054e0 (0x6b646337) lui     t1, 0x6b646
core   0: 3 0x800054e0 (0x6b646337) x 6 0x6b646000
core   0: 0x800054e4 (0x04258d93) addi    s11, a1, 66
core   0: 3 0x800054e4 (0x04258d93) x27 0x07a1c516
core   0: 0x800054e8 (0x96c84597) auipc   a1, 0x96c84
core   0: 3 0x800054e8 (0x96c84597) x11 0x16c894e8
core   0: 0x800054ec (0x011888b3) add     a7, a7, a7
core   0: 3 0x800054ec (0x011888b3) x17 0xfffffffe
core   0: 0x800054f0 (0x797fd437) lui     s0, 0x797fd
core   0: 3 0x800054f0 (0x797fd437) x 8 0x797fd000
core   0: 0x800054f4 (0x401d8333) sub     t1, s11, ra
core   0: 3 0x800054f4 (0x401d8333) x 6 0x07a1c516
core   0: 0x800054f8 (0x82a74b97) auipc   s7, 0x82a74
core   0: 3 0x800054f8 (0x82a74b97) x23 0x02a794f8
core   0: 0x800054fc (0x00000013) nop
core   0: 3 0x800054fc (0x00000013)
core   0: 0x80005500 (0x018c5633) srl     a2, s8, s8
core   0: 3 0x80005500 (0x018c5633) x12 0x00000000
core   0: 0x80005504 (0x015e6bb3) or      s7, t3, s5
core   0: 3 0x80005504 (0x015e6bb3) x23 0xffffffff
core   0: 0x80005508 (0x17726013) ori     zero, tp, 375
core   0: 3 0x80005508 (0x17726013)
core   0: 0x8000550c (0x40c0d1b3) sra     gp, ra, a2
core   0: 3 0x8000550c (0x40c0d1b3) x 3 0x00000000
core   0: 0x80005510 (0x01842cb3) slt     s9, s0, s8
core   0: 3 0x80005510 (0x01842cb3) x25 0x00000000
core   0: 0x80005514 (0x001235b3) sltu    a1, tp, ra
core   0: 3 0x80005514 (0x001235b3) x11 0x00000000
core   0: 0x80005518 (0x0dbb5337) lui     t1, 0xdbb5
core   0: 3 0x80005518 (0x0dbb5337) x 6 0x0dbb5000
core   0: 0x8000551c (0xc2573993) sltiu   s3, a4, -987
core   0: 3 0x8000551c (0xc2573993) x19 0x00000001
core   0: 0x80005520 (0x01c09093) slli    ra, ra, 28
core   0: 3 0x80005520 (0x01c09093) x 1 0x00000000
core   0: 0x80005524 (0x016be6b3) or      a3, s7, s6
core   0: 3 0x80005524 (0x016be6b3) x13 0xffffffff
core   0: 0x80005528 (0x016d0733) add     a4, s10, s6
core   0: 3 0x80005528 (0x016d0733) x14 0x89c87001
core   0: 0x8000552c (0x405edcb3) sra     s9, t4, t0
core   0: 3 0x8000552c (0x405edcb3) x25 0x00000000
core   0: 0x80005530 (0x08908b93) addi    s7, ra, 137
core   0: 3 0x80005530 (0x08908b93) x23 0x00000089
core   0: 0x80005534 (0x00000013) nop
core   0: 3 0x80005534 (0x00000013)
core   0: 0x80005538 (0x017f5a93) srli    s5, t5, 23
core   0: 3 0x80005538 (0x017f5a93) x21 0x00000000
core   0: 0x8000553c (0x01715413) srli    s0, sp, 23
core   0: 3 0x8000553c (0x01715413) x 8 0x00000066
core   0: 0x80005540 (0xe7a5c413) xori    s0, a1, -390
core   0: 3 0x80005540 (0xe7a5c413) x 8 0xfffffe7a
core   0: 0x80005544 (0x3a044a13) xori    s4, s0, 928
core   0: 3 0x80005544 (0x3a044a13) x20 0xfffffdda
core   0: 0x80005548 (0x0119cfb3) xor     t6, s3, a7
core   0: 3 0x80005548 (0x0119cfb3) x31 0xffffffff
core   0: 0x8000554c (0x019c1513) slli    a0, s8, 25
core   0: 3 0x8000554c (0x019c1513) x10 0x00000000
core   0: 0x80005550 (0x0010d433) srl     s0, ra, ra
core   0: 3 0x80005550 (0x0010d433) x 8 0x00000000
core   0: 0x80005554 (0xe8327e13) andi    t3, tp, -381
core   0: 3 0x80005554 (0xe8327e13) x28 0x00000001
core   0: 0x80005558 (0x00a8cfb3) xor     t6, a7, a0
core   0: 3 0x80005558 (0x00a8cfb3) x31 0xfffffffe
core   0: 0x8000555c (0x60ef2193) slti    gp, t5, 1550
core   0: 3 0x8000555c (0x60ef2193) x 3 0x00000001
core   0: 0x80005560 (0x015360b3) or      ra, t1, s5
core   0: 3 0x80005560 (0x015360b3) x 1 0x0dbb5000
core   0: 0x80005564 (0x00633a33) sltu    s4, t1, t1
core   0: 3 0x80005564 (0x00633a33) x20 0x00000000
core   0: 0x80005568 (0x40c6da33) sra     s4, a3, a2
core   0: 3 0x80005568 (0x40c6da33) x20 0xffffffff
core   0: 0x8000556c (0x01be5a93) srli    s5, t3, 27
core   0: 3 0x8000556c (0x01be5a93) x21 0x00000000
core   0: 0x80005570 (0x452bf693) andi    a3, s7, 1106
core   0: 3 0x80005570 (0x452bf693) x13 0x00000000
core   0: 0x80005574 (0x015a5513) srli    a0, s4, 21
core   0: 3 0x80005574 (0x015a5513) x10 0x000007ff
core   0: 0x80005578 (0x001c4033) xor     zero, s8, ra
core   0: 3 0x80005578 (0x001c4033)
core   0: 0x8000557c (0x05c2e013) ori     zero, t0, 92
core   0: 3 0x8000557c (0x05c2e013)
core   0: 0x80005580 (0x015a9093) slli    ra, s5, 21
core   0: 3 0x80005580 (0x015a9093) x 1 0x00000000
core   0: 0x80005584 (0x004d7033) and     zero, s10, tp
core   0: 3 0x80005584 (0x004d7033)
core   0: 0x80005588 (0x01525933) srl     s2, tp, s5
core   0: 3 0x80005588 (0x01525933) x18 0x00000001
core   0: 0x8000558c (0x00000013) nop
core   0: 3 0x8000558c (0x00000013)
core   0: 0x80005590 (0x00402d33) slt     s10, zero, tp
core   0: 3 0x80005590 (0x00402d33) x26 0x00000001
core   0: 0x80005594 (0x60082893) slti    a7, a6, 1536
core   0: 3 0x80005594 (0x60082893) x17 0x00000001
core   0: 0x80005598 (0x019e3b33) sltu    s6, t3, s9
core   0: 3 0x80005598 (0x019e3b33) x22 0x00000000
core   0: 0x8000559c (0xf147b713) sltiu   a4, a5, -236
core   0: 3 0x8000559c (0xf147b713) x14 0x00000001
core   0: 0x800055a0 (0x008ff9b3) and     s3, t6, s0
core   0: 3 0x800055a0 (0x008ff9b3) x19 0x00000000
core   0: 0x800055a4 (0x01b38bb3) add     s7, t2, s11
core   0: 3 0x800055a4 (0x01b38bb3) x23 0x87a2e37a
core   0: 0x800055a8 (0x00b8d013) srli    zero, a7, 11
core   0: 3 0x800055a8 (0x00b8d013)
core   0: 0x800055ac (0x012b3433) sltu    s0, s6, s2
core   0: 3 0x800055ac (0x012b3433) x 8 0x00000001
core   0: 0x800055b0 (0xf1731db7) lui     s11, 0xf1731
core   0: 3 0x800055b0 (0xf1731db7) x27 0xf1731000
core   0: 0x800055b4 (0x9243c213) xori    tp, t2, -1756
core   0: 3 0x800055b4 (0x9243c213) x 4 0x7ffee740
core   0: 0x800055b8 (0x0084dfb3) srl     t6, s1, s0
core   0: 3 0x800055b8 (0x0084dfb3) x31 0x00000000
core   0: 0x800055bc (0x412d5233) sra     tp, s10, s2
core   0: 3 0x800055bc (0x412d5233) x 4 0x00000000
core   0: 0x800055c0 (0x00b8fab3) and     s5, a7, a1
core   0: 3 0x800055c0 (0x00b8fab3) x21 0x00000000
core   0: 0x800055c4 (0x2a94ad93) slti    s11, s1, 681
core   0: 3 0x800055c4 (0x2a94ad93) x27 0x00000001
core   0: 0x800055c8 (0x91e8ff13) andi    t5, a7, -1762
core   0: 3 0x800055c8 (0x91e8ff13) x30 0x00000000
core   0: 0x800055cc (0x4197d713) srai    a4, a5, 25
core   0: 3 0x800055cc (0x4197d713) x14 0x00000006
core   0: 0x800055d0 (0x418d0433) sub     s0, s10, s8
core   0: 3 0x800055d0 (0x418d0433) x 8 0x00000001
core   0: 0x800055d4 (0x007fdc93) srli    s9, t6, 7
core   0: 3 0x800055d4 (0x007fdc93) x25 0x00000000
core   0: 0x800055d8 (0x00452f33) slt     t5, a0, tp
core   0: 3 0x800055d8 (0x00452f33) x30 0x00000000
core   0: 0x800055dc (0x016c29b3) slt     s3, s8, s6
core   0: 3 0x800055dc (0x016c29b3) x19 0x00000000
core   0: 0x800055e0 (0x0155d233) srl     tp, a1, s5
core   0: 3 0x800055e0 (0x0155d233) x 4 0x00000000
core   0: 0x800055e4 (0x00e8dfb3) srl     t6, a7, a4
core   0: 3 0x800055e4 (0x00e8dfb3) x31 0x00000000
core   0: 0x800055e8 (0x009c1233) sll     tp, s8, s1
core   0: 3 0x800055e8 (0x009c1233) x 4 0x00000000
core   0: 0x800055ec (0x0156acb3) slt     s9, a3, s5
core   0: 3 0x800055ec (0x0156acb3) x25 0x00000000
core   0: 0x800055f0 (0x00709cb3) sll     s9, ra, t2
core   0: 3 0x800055f0 (0x00709cb3) x25 0x00000000
core   0: 0x800055f4 (0x41c8db93) srai    s7, a7, 28
core   0: 3 0x800055f4 (0x41c8db93) x23 0x00000000
core   0: 0x800055f8 (0x00b69113) slli    sp, a3, 11
core   0: 3 0x800055f8 (0x00b69113) x 2 0x00000000
core   0: 0x800055fc (0x31637cb7) lui     s9, 0x31637
core   0: 3 0x800055fc (0x31637cb7) x25 0x31637000
core   0: 0x80005600 (0x40b25d13) srai    s10, tp, 11
core   0: 3 0x80005600 (0x40b25d13) x26 0x00000000
core   0: 0x80005604 (0x000c5113) srli    sp, s8, 0
core   0: 3 0x80005604 (0x000c5113) x 2 0x00000000
core   0: 0x80005608 (0x01b72633) slt     a2, a4, s11
core   0: 3 0x80005608 (0x01b72633) x12 0x00000000
core   0: 0x8000560c (0x20624793) xori    a5, tp, 518
core   0: 3 0x8000560c (0x20624793) x15 0x00000206
core   0: 0x80005610 (0x01d6c5b3) xor     a1, a3, t4
core   0: 3 0x80005610 (0x01d6c5b3) x11 0x00000001
core   0: 0x80005614 (0x53338d93) addi    s11, t2, 1331
core   0: 3 0x80005614 (0x53338d93) x27 0x80012397
core   0: 0x80005618 (0xb85da037) lui     zero, 0xb85da
core   0: 3 0x80005618 (0xb85da037)
core   0: 0x8000561c (0x3cc0b613) sltiu   a2, ra, 972
core   0: 3 0x8000561c (0x3cc0b613) x12 0x00000001
core   0: 0x80005620 (0x01170ab3) add     s5, a4, a7
core   0: 3 0x80005620 (0x01170ab3) x21 0x00000007
core   0: 0x80005624 (0xcde6ff13) andi    t5, a3, -802
core   0: 3 0x80005624 (0xcde6ff13) x30 0x00000000
core   0: 0x80005628 (0x690747b7) lui     a5, 0x69074
core   0: 3 0x80005628 (0x690747b7) x15 0x69074000
core   0: 0x8000562c (0x01fdd533) srl     a0, s11, t6
core   0: 3 0x8000562c (0x01fdd533) x10 0x80012397
core   0: 0x80005630 (0x01ccc233) xor     tp, s9, t3
core   0: 3 0x80005630 (0x01ccc233) x 4 0x31637001
core   0: 0x80005634 (0x00000013) nop
core   0: 3 0x80005634 (0x00000013)
core   0: 0x80005638 (0x40b75633) sra     a2, a4, a1
core   0: 3 0x80005638 (0x40b75633) x12 0x00000003
core   0: 0x8000563c (0x00d2b133) sltu    sp, t0, a3
core   0: 3 0x8000563c (0x00d2b133) x 2 0x00000000
core   0: 0x80005640 (0x40da57b3) sra     a5, s4, a3
core   0: 3 0x80005640 (0x40da57b3) x15 0xffffffff
core   0: 0x80005644 (0x1da6fa97) auipc   s5, 0x1da6f
core   0: 3 0x80005644 (0x1da6fa97) x21 0x9da74644
core   0: 0x80005648 (0x008a07b3) add     a5, s4, s0
core   0: 3 0x80005648 (0x008a07b3) x15 0x00000000
core   0: 0x8000564c (0x416a5133) sra     sp, s4, s6
core   0: 3 0x8000564c (0x416a5133) x 2 0xffffffff
core   0: 0x80005650 (0x012dc433) xor     s0, s11, s2
core   0: 3 0x80005650 (0x012dc433) x 8 0x80012396
core   0: 0x80005654 (0x00000013) nop
core   0: 3 0x80005654 (0x00000013)
core   0: 0x80005658 (0x40acdfb3) sra     t6, s9, a0
core   0: 3 0x80005658 (0x40acdfb3) x31 0x00000062
core   0: 0x8000565c (0xb3e0f037) lui     zero, 0xb3e0f
core   0: 3 0x8000565c (0xb3e0f037)
core   0: 0x80005660 (0x403e8ab3) sub     s5, t4, gp
core   0: 3 0x80005660 (0x403e8ab3) x21 0x00000000
core   0: 0x80005664 (0xdd018a13) addi    s4, gp, -560
core   0: 3 0x80005664 (0xdd018a13) x20 0xfffffdd1
core   0: 0x80005668 (0x01262033) slt     zero, a2, s2
core   0: 3 0x80005668 (0x01262033)
core   0: 0x8000566c (0xdee18093) addi    ra, gp, -530
core   0: 3 0x8000566c (0xdee18093) x 1 0xfffffdef
core   0: 0x80005670 (0x004e8b33) add     s6, t4, tp
core   0: 3 0x80005670 (0x004e8b33) x22 0x31637002
core   0: 0x80005674 (0x01b89eb3) sll     t4, a7, s11
core   0: 3 0x80005674 (0x01b89eb3) x29 0x00800000
core   0: 0x80005678 (0x01609233) sll     tp, ra, s6
core   0: 3 0x80005678 (0x01609233) x 4 0xfffff7bc
core   0: 0x8000567c (0x018dfc33) and     s8, s11, s8
core   0: 3 0x8000567c (0x018dfc33) x24 0x00000000
core   0: 0x80005680 (0x01391033) sll     zero, s2, s3
core   0: 3 0x80005680 (0x01391033)
core   0: 0x80005684 (0x00000013) nop
core   0: 3 0x80005684 (0x00000013)
core   0: 0x80005688 (0x9c2f6993) ori     s3, t5, -1598
core   0: 3 0x80005688 (0x9c2f6993) x19 0xfffff9c2
core   0: 0x8000568c (0x01329733) sll     a4, t0, s3
core   0: 3 0x8000568c (0x01329733) x14 0x00057390
core   0: 0x80005690 (0x19dcca13) xori    s4, s9, 413
core   0: 3 0x80005690 (0x19dcca13) x20 0x3163719d
core   0: 0x80005694 (0x011a7a33) and     s4, s4, a7
core   0: 3 0x80005694 (0x011a7a33) x20 0x00000001
core   0: 0x80005698 (0x00000013) nop
core   0: 3 0x80005698 (0x00000013)
core   0: 0x8000569c (0xf3a62513) slti    a0, a2, -198
core   0: 3 0x8000569c (0xf3a62513) x10 0x00000000
core   0: 0x800056a0 (0x4135d8b3) sra     a7, a1, s3
core   0: 3 0x800056a0 (0x4135d8b3) x17 0x00000000
core   0: 0x800056a4 (0x2457ed17) auipc   s10, 0x2457e
core   0: 3 0x800056a4 (0x2457ed17) x26 0xa45836a4
core   0: 0x800056a8 (0x01637633) and     a2, t1, s6
core   0: 3 0x800056a8 (0x01637633) x12 0x01235000
core   0: 0x800056ac (0x2e214613) xori    a2, sp, 738
core   0: 3 0x800056ac (0x2e214613) x12 0xfffffd1d
core   0: 0x800056b0 (0xceb52213) slti    tp, a0, -789
core   0: 3 0x800056b0 (0xceb52213) x 4 0x00000000
core   0: 0x800056b4 (0x01311633) sll     a2, sp, s3
core   0: 3 0x800056b4 (0x01311633) x12 0xfffffffc
core   0: 0x800056b8 (0x4152d993) srai    s3, t0, 21
core   0: 3 0x800056b8 (0x4152d993) x19 0xfffffc00
core   0: 0x800056bc (0xbbf399b7) lui     s3, 0xbbf39
core   0: 3 0x800056bc (0xbbf399b7) x19 0xbbf39000
core   0: 0x800056c0 (0x005d0033) add     zero, s10, t0
core   0: 3 0x800056c0 (0x005d0033)
core   0: 0x800056c4 (0x011f9033) sll     zero, t6, a7
core   0: 3 0x800056c4 (0x011f9033)
core   0: 0x800056c8 (0x4026d093) srai    ra, a3, 2
core   0: 3 0x800056c8 (0x4026d093) x 1 0x00000000
core   0: 0x800056cc (0x019fd613) srli    a2, t6, 25
core   0: 3 0x800056cc (0x019fd613) x12 0x00000000
core   0: 0x800056d0 (0x00c58db3) add     s11, a1, a2
core   0: 3 0x800056d0 (0x00c58db3) x27 0x00000001
core   0: 0x800056d4 (0xf6f40213) addi    tp, s0, -145
core   0: 3 0x800056d4 (0xf6f40213) x 4 0x80012305
core   0: 0x800056d8 (0x279f2f13) slti    t5, t5, 633
core   0: 3 0x800056d8 (0x279f2f13) x30 0x00000001
core   0: 0x800056dc (0x00b39d13) slli    s10, t2, 11
core   0: 3 0x800056dc (0x00b39d13) x26 0x08f32000
core   0: 0x800056e0 (0xe9ef2a93) slti    s5, t5, -354
core   0: 3 0x800056e0 (0xe9ef2a93) x21 0x00000000
core   0: 0x800056e4 (0x01cafb33) and     s6, s5, t3
core   0: 3 0x800056e4 (0x01cafb33) x22 0x00000000
core   0: 0x800056e8 (0x64d1aa13) slti    s4, gp, 1613
core   0: 3 0x800056e8 (0x64d1aa13) x20 0x00000001
core   0: 0x800056ec (0x4057d1b3) sra     gp, a5, t0
core   0: 3 0x800056ec (0x4057d1b3) x 3 0x00000000
core   0: 0x800056f0 (0x40f256b3) sra     a3, tp, a5
core   0: 3 0x800056f0 (0x40f256b3) x13 0x80012305
core   0: 0x800056f4 (0x60deb697) auipc   a3, 0x60deb
core   0: 3 0x800056f4 (0x60deb697) x13 0xe0df06f4
core   0: 0x800056f8 (0x00eedc33) srl     s8, t4, a4
core   0: 3 0x800056f8 (0x00eedc33) x24 0x00000080
core   0: 0x800056fc (0x40fa85b3) sub     a1, s5, a5
core   0: 3 0x800056fc (0x40fa85b3) x11 0x00000000
core   0: 0x80005700 (0x01642733) slt     a4, s0, s6
core   0: 3 0x80005700 (0x01642733) x14 0x00000001
core   0: 0x80005704 (0x01f67ab3) and     s5, a2, t6
core   0: 3 0x80005704 (0x01f67ab3) x21 0x00000000
core   0: 0x80005708 (0x008759b3) srl     s3, a4, s0
core   0: 3 0x80005708 (0x008759b3) x19 0x00000000
core   0: 0x8000570c (0x5e7e8513) addi    a0, t4, 1511
core   0: 3 0x8000570c (0x5e7e8513) x10 0x008005e7
core   0: 0x80005710 (0x01fd5913) srli    s2, s10, 31
core   0: 3 0x80005710 (0x01fd5913) x18 0x00000000
core   0: 0x80005714 (0x00e398b3) sll     a7, t2, a4
core   0: 3 0x80005714 (0x00e398b3) x17 0x00023cc8
core   0: 0x80005718 (0x00a1ddb3) srl     s11, gp, a0
core   0: 3 0x80005718 (0x00a1ddb3) x27 0x00000000
core   0: 0x8000571c (0x403d8233) sub     tp, s11, gp
core   0: 3 0x8000571c (0x403d8233) x 4 0x00000000
core   0: 0x80005720 (0x0055aab3) slt     s5, a1, t0
core   0: 3 0x80005720 (0x0055aab3) x21 0x00000000
core   0: 0x80005724 (0x00000013) nop
core   0: 3 0x80005724 (0x00000013)
core   0: 0x80005728 (0x9027a913) slti    s2, a5, -1790
core   0: 3 0x80005728 (0x9027a913) x18 0x00000000
core   0: 0x8000572c (0xddbbcf93) xori    t6, s7, -549
core   0: 3 0x8000572c (0xddbbcf93) x31 0xfffffddb
core   0: 0x80005730 (0x3004c613) xori    a2, s1, 768
core   0: 3 0x80005730 (0x3004c613) x12 0x00000300
core   0: 0x80005734 (0x142e4a93) xori    s5, t3, 322
core   0: 3 0x80005734 (0x142e4a93) x21 0x00000143
core   0: 0x80005738 (0x002300b3) add     ra, t1, sp
core   0: 3 0x80005738 (0x002300b3) x 1 0x0dbb4fff
core   0: 0x8000573c (0x62ba9217) auipc   tp, 0x62ba9
core   0: 3 0x8000573c (0x62ba9217) x 4 0xe2bae73c
core   0: 0x80005740 (0x01af6ab3) or      s5, t5, s10
core   0: 3 0x80005740 (0x01af6ab3) x21 0x08f32001
core   0: 0x80005744 (0x01553bb3) sltu    s7, a0, s5
core   0: 3 0x80005744 (0x01553bb3) x23 0x00000001
core   0: 0x80005748 (0x0104b5b3) sltu    a1, s1, a6
core   0: 3 0x80005748 (0x0104b5b3) x11 0x00000001
core   0: 0x8000574c (0x00000013) nop
core   0: 3 0x8000574c (0x00000013)
core   0: 0x80005750 (0x19eff193) andi    gp, t6, 414
core   0: 3 0x80005750 (0x19eff193) x 3 0x0000019a
core   0: 0x80005754 (0x010d2a33) slt     s4, s10, a6
core   0: 3 0x80005754 (0x010d2a33) x20 0x00000000
core   0: 0x80005758 (0x00b19cb3) sll     s9, gp, a1
core   0: 3 0x80005758 (0x00b19cb3) x25 0x00000334
core   0: 0x8000575c (0x00e1f933) and     s2, gp, a4
core   0: 3 0x8000575c (0x00e1f933) x18 0x00000000
core   0: 0x80005760 (0x00033933) sltu    s2, t1, zero
core   0: 3 0x80005760 (0x00033933) x18 0x00000000
core   0: 0x80005764 (0xbcd32113) slti    sp, t1, -1075
core   0: 3 0x80005764 (0xbcd32113) x 2 0x00000000
core   0: 0x80005768 (0x3923fe93) andi    t4, t2, 914
core   0: 3 0x80005768 (0x3923fe93) x29 0x00000200
core   0: 0x8000576c (0x01b89bb3) sll     s7, a7, s11
core   0: 3 0x8000576c (0x01b89bb3) x23 0x00023cc8
core   0: 0x80005770 (0x41b15313) srai    t1, sp, 27
core   0: 3 0x80005770 (0x41b15313) x 6 0x00000000
core   0: 0x80005774 (0x3329b317) auipc   t1, 0x3329b
core   0: 3 0x80005774 (0x3329b317) x 6 0xb32a0774
core   0: 0x80005778 (0x001c9893) slli    a7, s9, 1
core   0: 3 0x80005778 (0x001c9893) x17 0x00000668
core   0: 0x8000577c (0xc5e06c13) ori     s8, zero, -930
core   0: 3 0x8000577c (0xc5e06c13) x24 0xfffffc5e
core   0: 0x80005780 (0x010137b3) sltu    a5, sp, a6
core   0: 3 0x80005780 (0x010137b3) x15 0x00000001
core   0: 0x80005784 (0x01165ab3) srl     s5, a2, a7
core   0: 3 0x80005784 (0x01165ab3) x21 0x00000003
core   0: 0x80005788 (0x004771b3) and     gp, a4, tp
core   0: 3 0x80005788 (0x004771b3) x 3 0x00000000
core   0: 0x8000578c (0xbc786d13) ori     s10, a6, -1081
core   0: 3 0x8000578c (0xbc786d13) x26 0xfffffbf7
core   0: 0x80005790 (0xda352c13) slti    s8, a0, -605
core   0: 3 0x80005790 (0xda352c13) x24 0x00000000
core   0: 0x80005794 (0x41c888b3) sub     a7, a7, t3
core   0: 3 0x80005794 (0x41c888b3) x17 0x00000667
core   0: 0x80005798 (0x01cbdfb3) srl     t6, s7, t3
core   0: 3 0x80005798 (0x01cbdfb3) x31 0x00011e64
core   0: 0x8000579c (0x0117a7b3) slt     a5, a5, a7
core   0: 3 0x8000579c (0x0117a7b3) x15 0x00000001
core   0: 0x800057a0 (0x00116b33) or      s6, sp, ra
core   0: 3 0x800057a0 (0x00116b33) x22 0x0dbb4fff
core   0: 0x800057a4 (0xe57c6313) ori     t1, s8, -425
core   0: 3 0x800057a4 (0xe57c6313) x 6 0xfffffe57
core   0: 0x800057a8 (0x6e310e93) addi    t4, sp, 1763
core   0: 3 0x800057a8 (0x6e310e93) x29 0x000006e3
core   0: 0x800057ac (0x01350db3) add     s11, a0, s3
core   0: 3 0x800057ac (0x01350db3) x27 0x008005e7
core   0: 0x800057b0 (0x40200fb3) sub     t6, zero, sp
core   0: 3 0x800057b0 (0x40200fb3) x31 0x00000000
core   0: 0x800057b4 (0x25baa137) lui     sp, 0x25baa
core   0: 3 0x800057b4 (0x25baa137) x 2 0x25baa000
core   0: 0x800057b8 (0x00e9fd33) and     s10, s3, a4
core   0: 3 0x800057b8 (0x00e9fd33) x26 0x00000000
core   0: 0x800057bc (0x014411b3) sll     gp, s0, s4
core   0: 3 0x800057bc (0x014411b3) x 3 0x80012396
core   0: 0x800057c0 (0xacb04113) xori    sp, zero, -1333
core   0: 3 0x800057c0 (0xacb04113) x 2 0xfffffacb
core   0: 0x800057c4 (0x011714b3) sll     s1, a4, a7
core   0: 3 0x800057c4 (0x011714b3) x 9 0x00000080
core   0: 0x800057c8 (0x00b68c33) add     s8, a3, a1
core   0: 3 0x800057c8 (0x00b68c33) x24 0xe0df06f5
core   0: 0x800057cc (0x009aacb3) slt     s9, s5, s1
core   0: 3 0x800057cc (0x009aacb3) x25 0x00000001
core   0: 0x800057d0 (0xa59b8693) addi    a3, s7, -1447
core   0: 3 0x800057d0 (0xa59b8693) x13 0x00023721
core   0: 0x800057d4 (0x40640433) sub     s0, s0, t1
core   0: 3 0x800057d4 (0x40640433) x 8 0x8001253f
core   0: 0x800057d8 (0x01ddb733) sltu    a4, s11, t4
core   0: 3 0x800057d8 (0x01ddb733) x14 0x00000000
core   0: 0x800057dc (0x0095f0b3) and     ra, a1, s1
core   0: 3 0x800057dc (0x0095f0b3) x 1 0x00000000
core   0: 0x800057e0 (0x01d8d033) srl     zero, a7, t4
core   0: 3 0x800057e0 (0x01d8d033)
core   0: 0x800057e4 (0x00dbda33) srl     s4, s7, a3
core   0: 3 0x800057e4 (0x00dbda33) x20 0x00011e64
core   0: 0x800057e8 (0x7f72b313) sltiu   t1, t0, 2039
core   0: 3 0x800057e8 (0x7f72b313) x 6 0x00000000
core   0: 0x800057ec (0x40208d33) sub     s10, ra, sp
core   0: 3 0x800057ec (0x40208d33) x26 0x00000535
core   0: 0x800057f0 (0x40c4dd33) sra     s10, s1, a2
core   0: 3 0x800057f0 (0x40c4dd33) x26 0x00000080
core   0: 0x800057f4 (0x01f75f13) srli    t5, a4, 31
core   0: 3 0x800057f4 (0x01f75f13) x30 0x00000000
core   0: 0x800057f8 (0x08ad8013) addi    zero, s11, 138
core   0: 3 0x800057f8 (0x08ad8013)
core   0: 0x800057fc (0x3584ec93) ori     s9, s1, 856
core   0: 3 0x800057fc (0x3584ec93) x25 0x000003d8
core   0: 0x80005800 (0x00841213) slli    tp, s0, 8
core   0: 3 0x80005800 (0x00841213) x 4 0x01253f00
core   0: 0x80005804 (0x4b75e693) ori     a3, a1, 1207
core   0: 3 0x80005804 (0x4b75e693) x13 0x000004b7
core   0: 0x80005808 (0xa781c693) xori    a3, gp, -1416
core   0: 3 0x80005808 (0xa781c693) x13 0x7ffed9ee
core   0: 0x8000580c (0x00000013) nop
core   0: 3 0x8000580c (0x00000013)
core   0: 0x80005810 (0x00e921b3) slt     gp, s2, a4
core   0: 3 0x80005810 (0x00e921b3) x 3 0x00000000
core   0: 0x80005814 (0x00c74e33) xor     t3, a4, a2
core   0: 3 0x80005814 (0x00c74e33) x28 0x00000300
core   0: 0x80005818 (0x003ae233) or      tp, s5, gp
core   0: 3 0x80005818 (0x003ae233) x 4 0x00000003
core   0: 0x8000581c (0xddc9bd93) sltiu   s11, s3, -548
core   0: 3 0x8000581c (0xddc9bd93) x27 0x00000001
core   0: 0x80005820 (0xf568ea17) auipc   s4, 0xf568e
core   0: 3 0x80005820 (0xf568ea17) x20 0x75693820
core   0: 0x80005824 (0x00d7ab33) slt     s6, a5, a3
core   0: 3 0x80005824 (0x00d7ab33) x22 0x00000001
core   0: 0x80005828 (0x01ecabb3) slt     s7, s9, t5
core   0: 3 0x80005828 (0x01ecabb3) x23 0x00000000
core   0: 0x8000582c (0x41935033) sra     zero, t1, s9
core   0: 3 0x8000582c (0x41935033)
core   0: 0x80005830 (0x01582933) slt     s2, a6, s5
core   0: 3 0x80005830 (0x01582933) x18 0x00000001
core   0: 0x80005834 (0x75918b93) addi    s7, gp, 1881
core   0: 3 0x80005834 (0x75918b93) x23 0x00000759
core   0: 0x80005838 (0x1b3cec93) ori     s9, s9, 435
core   0: 3 0x80005838 (0x1b3cec93) x25 0x000003fb
core   0: 0x8000583c (0x0055b033) sltu    zero, a1, t0
core   0: 3 0x8000583c (0x0055b033)
core   0: 0x80005840 (0x797fa097) auipc   ra, 0x797fa
core   0: 3 0x80005840 (0x797fa097) x 1 0xf97ff840
core   0: 0x80005844 (0x00fc6033) or      zero, s8, a5
core   0: 3 0x80005844 (0x00fc6033)
core   0: 0x80005848 (0x00000213) li      tp, 0
core   0: 3 0x80005848 (0x00000213) x 4 0x00000000
core   0: 0x8000584c (0x80000f37) lui     t5, 0x80000
core   0: 3 0x8000584c (0x80000f37) x30 0x80000000
core   0: 0x80005850 (0x00000e13) li      t3, 0
core   0: 3 0x80005850 (0x00000e13) x28 0x00000000
core   0: 0x80005854 (0x00000993) li      s3, 0
core   0: 3 0x80005854 (0x00000993) x19 0x00000000
core   0: 0x80005858 (0xe4da64b7) lui     s1, 0xe4da6
core   0: 3 0x80005858 (0xe4da64b7) x 9 0xe4da6000
core   0: 0x8000585c (0x4cc48493) addi    s1, s1, 1228
core   0: 3 0x8000585c (0x4cc48493) x 9 0xe4da64cc
core   0: 0x80005860 (0xf27bc737) lui     a4, 0xf27bc
core   0: 3 0x80005860 (0xf27bc737) x14 0xf27bc000
core   0: 0x80005864 (0x8ff70713) addi    a4, a4, -1793
core   0: 3 0x80005864 (0x8ff70713) x14 0xf27bb8ff
core   0: 0x80005868 (0x80000937) lui     s2, 0x80000
core   0: 3 0x80005868 (0x80000937) x18 0x80000000
core   0: 0x8000586c (0x7aa78137) lui     sp, 0x7aa78
core   0: 3 0x8000586c (0x7aa78137) x 2 0x7aa78000
core   0: 0x80005870 (0x9ed10113) addi    sp, sp, -1555
core   0: 3 0x80005870 (0x9ed10113) x 2 0x7aa779ed
core   0: 0x80005874 (0x800000b7) lui     ra, 0x80000
core   0: 3 0x80005874 (0x800000b7) x 1 0x80000000
core   0: 0x80005878 (0x3d732bb7) lui     s7, 0x3d732
core   0: 3 0x80005878 (0x3d732bb7) x23 0x3d732000
core   0: 0x8000587c (0xb12b8b93) addi    s7, s7, -1262
core   0: 3 0x8000587c (0xb12b8b93) x23 0x3d731b12
core   0: 0x80005880 (0x017b8733) add     a4, s7, s7
core   0: 3 0x80005880 (0x017b8733) x14 0x7ae63624
core   0: 0x80005884 (0x28a98713) addi    a4, s3, 650
core   0: 3 0x80005884 (0x28a98713) x14 0x0000028a
core   0: 0x80005888 (0x0bf96997) auipc   s3, 0xbf96
core   0: 3 0x80005888 (0x0bf96997) x19 0x8bf9b888
core   0: 0x8000588c (0x21eaf217) auipc   tp, 0x21eaf
core   0: 3 0x8000588c (0x21eaf217) x 4 0xa1eb488c
core   0: 0x80005890 (0x9959d737) lui     a4, 0x9959d
core   0: 3 0x80005890 (0x9959d737) x14 0x9959d000
core   0: 0x80005894 (0x45d15217) auipc   tp, 0x45d15
core   0: 3 0x80005894 (0x45d15217) x 4 0xc5d1a894
core   0: 0x80005898 (0x00000013) nop
core   0: 3 0x80005898 (0x00000013)
core   0: 0x8000589c (0x68a48e13) addi    t3, s1, 1674
core   0: 3 0x8000589c (0x68a48e13) x28 0xe4da6b56
core   0: 0x800058a0 (0x3e781117) auipc   sp, 0x3e781
core   0: 3 0x800058a0 (0x3e781117) x 2 0xbe7868a0
core   0: 0x800058a4 (0x0c186e17) auipc   t3, 0xc186
core   0: 3 0x800058a4 (0x0c186e17) x28 0x8c18b8a4
core   0: 0x800058a8 (0x06b9abb7) lui     s7, 0x6b9a
core   0: 3 0x800058a8 (0x06b9abb7) x23 0x06b9a000
core   0: 0x800058ac (0xba508093) addi    ra, ra, -1115
core   0: 3 0x800058ac (0xba508093) x 1 0x7ffffba5
core   0: 0x800058b0 (0x401e09b3) sub     s3, t3, ra
core   0: 3 0x800058b0 (0x401e09b3) x19 0x0c18bcff
core   0: 0x800058b4 (0xc7570f13) addi    t5, a4, -907
core   0: 3 0x800058b4 (0xc7570f13) x30 0x9959cc75
core   0: 0x800058b8 (0x6543ff37) lui     t5, 0x6543f
core   0: 3 0x800058b8 (0x6543ff37) x30 0x6543f000
core   0: 0x800058bc (0x3bd83217) auipc   tp, 0x3bd83
core   0: 3 0x800058bc (0x3bd83217) x 4 0xbbd888bc
core   0: 0x800058c0 (0x00248bb3) add     s7, s1, sp
core   0: 3 0x800058c0 (0x00248bb3) x23 0xa352cd6c
core   0: 0x800058c4 (0x2309e737) lui     a4, 0x2309e
core   0: 3 0x800058c4 (0x2309e737) x14 0x2309e000
core   0: 0x800058c8 (0x1bb93e37) lui     t3, 0x1bb93
core   0: 3 0x800058c8 (0x1bb93e37) x28 0x1bb93000
core   0: 0x800058cc (0x11af0f13) addi    t5, t5, 282
core   0: 3 0x800058cc (0x11af0f13) x30 0x6543f11a
core   0: 0x800058d0 (0x00000013) nop
core   0: 3 0x800058d0 (0x00000013)
core   0: 0x800058d4 (0x009084b3) add     s1, ra, s1
core   0: 3 0x800058d4 (0x009084b3) x 9 0x64da6071
core   0: 0x800058d8 (0x7c8b8493) addi    s1, s7, 1992
core   0: 3 0x800058d8 (0x7c8b8493) x 9 0xa352d534
core   0: 0x800058dc (0xdb5e0913) addi    s2, t3, -587
core   0: 3 0x800058dc (0xdb5e0913) x18 0x1bb92db5
core   0: 0x800058e0 (0x9b248713) addi    a4, s1, -1614
core   0: 3 0x800058e0 (0x9b248713) x14 0xa352cee6
core   0: 0x800058e4 (0x00000013) nop
core   0: 3 0x800058e4 (0x00000013)
core   0: 0x800058e8 (0x019227b3) slt     a5, tp, s9
core   0: 3 0x800058e8 (0x019227b3) x15 0x00000001
core   0: 0x800058ec (0x00d075b3) and     a1, zero, a3
core   0: 3 0x800058ec (0x00d075b3) x11 0x00000000
core   0: 0x800058f0 (0x0081b233) sltu    tp, gp, s0
core   0: 3 0x800058f0 (0x0081b233) x 4 0x00000001
core   0: 0x800058f4 (0x014f5893) srli    a7, t5, 20
core   0: 3 0x800058f4 (0x014f5893) x17 0x00000654
core   0: 0x800058f8 (0xbfdb4113) xori    sp, s6, -1027
core   0: 3 0x800058f8 (0xbfdb4113) x 2 0xfffffbfc
core   0: 0x800058fc (0x01b57bb3) and     s7, a0, s11
core   0: 3 0x800058fc (0x01b57bb3) x23 0x00000001
core   0: 0x80005900 (0x418d5993) srai    s3, s10, 24
core   0: 3 0x80005900 (0x418d5993) x19 0x00000000
core   0: 0x80005904 (0xa031e313) ori     t1, gp, -1533
core   0: 3 0x80005904 (0xa031e313) x 6 0xfffffa03
core   0: 0x80005908 (0x0937e793) ori     a5, a5, 147
core   0: 3 0x80005908 (0x0937e793) x15 0x00000093
core   0: 0x8000590c (0xe5f90e93) addi    t4, s2, -417
core   0: 3 0x8000590c (0xe5f90e93) x29 0x1bb92c14
core   0: 0x80005910 (0x78bcec13) ori     s8, s9, 1931
core   0: 3 0x80005910 (0x78bcec13) x24 0x000007fb
core   0: 0x80005914 (0x00995593) srli    a1, s2, 9
core   0: 3 0x80005914 (0x00995593) x11 0x000ddc96
core   0: 0x80005918 (0xee192c13) slti    s8, s2, -287
core   0: 3 0x80005918 (0xee192c13) x24 0x00000000
core   0: 0x8000591c (0x00bcb7b3) sltu    a5, s9, a1
core   0: 3 0x8000591c (0x00bcb7b3) x15 0x00000001
core   0: 0x80005920 (0x01d96db3) or      s11, s2, t4
core   0: 3 0x80005920 (0x01d96db3) x27 0x1bb92db5
core   0: 0x80005924 (0x00e47533) and     a0, s0, a4
core   0: 3 0x80005924 (0x00e47533) x10 0x80000426
core   0: 0x80005928 (0x003569b3) or      s3, a0, gp
core   0: 3 0x80005928 (0x003569b3) x19 0x80000426
core   0: 0x8000592c (0x00881d13) slli    s10, a6, 8
core   0: 3 0x8000592c (0x00881d13) x26 0x4450b400
core   0: 0x80005930 (0x91414013) xori    zero, sp, -1772
core   0: 3 0x80005930 (0x91414013)
core   0: 0x80005934 (0xaaa47513) andi    a0, s0, -1366
core   0: 3 0x80005934 (0xaaa47513) x10 0x8001202a
core   0: 0x80005938 (0x3dd3cf93) xori    t6, t2, 989
core   0: 3 0x80005938 (0x3dd3cf93) x31 0x80011db9
core   0: 0x8000593c (0x1835f693) andi    a3, a1, 387
core   0: 3 0x8000593c (0x1835f693) x13 0x00000082
core   0: 0x80005940 (0x00111493) slli    s1, sp, 1
core   0: 3 0x80005940 (0x00111493) x 9 0xfffff7f8
core   0: 0x80005944 (0x4083db93) srai    s7, t2, 8
core   0: 3 0x80005944 (0x4083db93) x23 0xff80011e
core   0: 0x80005948 (0x1e4fc113) xori    sp, t6, 484
core   0: 3 0x80005948 (0x1e4fc113) x 2 0x80011c5d
core   0: 0x8000594c (0x0057fd33) and     s10, a5, t0
core   0: 3 0x8000594c (0x0057fd33) x26 0x00000000
core   0: 0x80005950 (0x006e1513) slli    a0, t3, 6
core   0: 3 0x80005950 (0x006e1513) x10 0xee4c0000
core   0: 0x80005954 (0x00351ab3) sll     s5, a0, gp
core   0: 3 0x80005954 (0x00351ab3) x21 0xee4c0000
core   0: 0x80005958 (0x00fc9333) sll     t1, s9, a5
core   0: 3 0x80005958 (0x00fc9333) x 6 0x000007f6
core   0: 0x8000595c (0x016caeb3) slt     t4, s9, s6
core   0: 3 0x8000595c (0x016caeb3) x29 0x00000000
core   0: 0x80005960 (0x41038cb3) sub     s9, t2, a6
core   0: 3 0x80005960 (0x41038cb3) x25 0x85bccdb0
core   0: 0x80005964 (0x406f8ab3) sub     s5, t6, t1
core   0: 3 0x80005964 (0x406f8ab3) x21 0x800115c3
core   0: 0x80005968 (0x00405613) srli    a2, zero, 4
core   0: 3 0x80005968 (0x00405613) x12 0x00000000
core   0: 0x8000596c (0x00b29913) slli    s2, t0, 11
core   0: 3 0x8000596c (0x00b29913) x18 0x0ae72000
core   0: 0x80005970 (0x4079d513) srai    a0, s3, 7
core   0: 3 0x80005970 (0x4079d513) x10 0xff000008
core   0: 0x80005974 (0x6a852b13) slti    s6, a0, 1704
core   0: 3 0x80005974 (0x6a852b13) x22 0x00000001
core   0: 0x80005978 (0x003f09b3) add     s3, t5, gp
core   0: 3 0x80005978 (0x003f09b3) x19 0x6543f11a
core   0: 0x8000597c (0x00fb1993) slli    s3, s6, 15
core   0: 3 0x8000597c (0x00fb1993) x19 0x00008000
core   0: 0x80005980 (0x0096b333) sltu    t1, a3, s1
core   0: 3 0x80005980 (0x0096b333) x 6 0x00000001
core   0: 0x80005984 (0x01b91213) slli    tp, s2, 27
core   0: 3 0x80005984 (0x01b91213) x 4 0x00000000
core   0: 0x80005988 (0x41818433) sub     s0, gp, s8
core   0: 3 0x80005988 (0x41818433) x 8 0x00000000
core   0: 0x8000598c (0x007b3233) sltu    tp, s6, t2
core   0: 3 0x8000598c (0x007b3233) x 4 0x00000001
core   0: 0x80005990 (0x0172b5b3) sltu    a1, t0, s7
core   0: 3 0x80005990 (0x0172b5b3) x11 0x00000001
core   0: 0x80005994 (0x415fd213) srai    tp, t6, 21
core   0: 3 0x80005994 (0x415fd213) x 4 0xfffffc00
core   0: 0x80005998 (0x60582b93) slti    s7, a6, 1541
core   0: 3 0x80005998 (0x60582b93) x23 0x00000001
core   0: 0x8000599c (0x403a5193) srai    gp, s4, 3
core   0: 3 0x8000599c (0x403a5193) x 3 0x0ead2704
core   0: 0x800059a0 (0x016ac0b3) xor     ra, s5, s6
core   0: 3 0x800059a0 (0x016ac0b3) x 1 0x800115c2
core   0: 0x800059a4 (0x0037a433) slt     s0, a5, gp
core   0: 3 0x800059a4 (0x0037a433) x 8 0x00000001
core   0: 0x800059a8 (0xc1972313) slti    t1, a4, -999
core   0: 3 0x800059a8 (0xc1972313) x 6 0x00000001
core   0: 0x800059ac (0x40598933) sub     s2, s3, t0
core   0: 3 0x800059ac (0x40598933) x18 0x7fff231c
core   0: 0x800059b0 (0x01ab5db3) srl     s11, s6, s10
core   0: 3 0x800059b0 (0x01ab5db3) x27 0x00000001
core   0: 0x800059b4 (0x01325fb3) srl     t6, tp, s3
core   0: 3 0x800059b4 (0x01325fb3) x31 0xfffffc00
core   0: 0x800059b8 (0x44614493) xori    s1, sp, 1094
core   0: 3 0x800059b8 (0x44614493) x 9 0x8001181b
core   0: 0x800059bc (0x0197d113) srli    sp, a5, 25
core   0: 3 0x800059bc (0x0197d113) x 2 0x00000000
core   0: 0x800059c0 (0xb4ed4117) auipc   sp, 0xb4ed4
core   0: 3 0x800059c0 (0xb4ed4117) x 2 0x34ed99c0
core   0: 0x800059c4 (0x00331493) slli    s1, t1, 3
core   0: 3 0x800059c4 (0x00331493) x 9 0x00000008
core   0: 0x800059c8 (0x01c35793) srli    a5, t1, 28
core   0: 3 0x800059c8 (0x01c35793) x15 0x00000000
core   0: 0x800059cc (0x0038fab3) and     s5, a7, gp
core   0: 3 0x800059cc (0x0038fab3) x21 0x00000604
core   0: 0x800059d0 (0x8ccdc413) xori    s0, s11, -1844
core   0: 3 0x800059d0 (0x8ccdc413) x 8 0xfffff8cd
core   0: 0x800059d4 (0xfb804a13) xori    s4, zero, -72
core   0: 3 0x800059d4 (0xfb804a13) x20 0xffffffb8
core   0: 0x800059d8 (0xfcdc4c93) xori    s9, s8, -51
core   0: 3 0x800059d8 (0xfcdc4c93) x25 0xffffffcd
core   0: 0x800059dc (0x80c28213) addi    tp, t0, -2036
core   0: 3 0x800059dc (0x80c28213) x 4 0x800154f0
core   0: 0x800059e0 (0x41feda33) sra     s4, t4, t6
core   0: 3 0x800059e0 (0x41feda33) x20 0x00000000
core   0: 0x800059e4 (0x00916333) or      t1, sp, s1
core   0: 3 0x800059e4 (0x00916333) x 6 0x34ed99c8
core   0: 0x800059e8 (0x40710933) sub     s2, sp, t2
core   0: 3 0x800059e8 (0x40710933) x18 0xb4ec7b5c
core   0: 0x800059ec (0x01cb65b3) or      a1, s6, t3
core   0: 3 0x800059ec (0x01cb65b3) x11 0x1bb93001
core   0: 0x800059f0 (0x40238fb3) sub     t6, t2, sp
core   0: 3 0x800059f0 (0x40238fb3) x31 0x4b1384a4
core   0: 0x800059f4 (0x0164ef33) or      t5, s1, s6
core   0: 3 0x800059f4 (0x0164ef33) x30 0x00000009
core   0: 0x800059f8 (0x00000013) nop
core   0: 3 0x800059f8 (0x00000013)
core   0: 0x800059fc (0xa12efe97) auipc   t4, 0xa12ef
core   0: 3 0x800059fc (0xa12efe97) x29 0x212f49fc
core   0: 0x80005a00 (0x418c8eb3) sub     t4, s9, s8
core   0: 3 0x80005a00 (0x418c8eb3) x29 0xffffffcd
core   0: 0x80005a04 (0x8e41e213) ori     tp, gp, -1820
core   0: 3 0x80005a04 (0x8e41e213) x 4 0xffffffe4
core   0: 0x80005a08 (0x00ad79b3) and     s3, s10, a0
core   0: 3 0x80005a08 (0x00ad79b3) x19 0x00000000
core   0: 0x80005a0c (0x01af3f33) sltu    t5, t5, s10
core   0: 3 0x80005a0c (0x01af3f33) x30 0x00000000
core   0: 0x80005a10 (0x0131c033) xor     zero, gp, s3
core   0: 3 0x80005a10 (0x0131c033)
core   0: 0x80005a14 (0xbe09ce93) xori    t4, s3, -1056
core   0: 3 0x80005a14 (0xbe09ce93) x29 0xfffffbe0
core   0: 0x80005a18 (0x013de4b3) or      s1, s11, s3
core   0: 3 0x80005a18 (0x013de4b3) x 9 0x00000001
core   0: 0x80005a1c (0x2ca26a13) ori     s4, tp, 714
core   0: 3 0x80005a1c (0x2ca26a13) x20 0xffffffee
core   0: 0x80005a20 (0x00000013) nop
core   0: 3 0x80005a20 (0x00000013)
core   0: 0x80005a24 (0x01335993) srli    s3, t1, 19
core   0: 3 0x80005a24 (0x01335993) x19 0x0000069d
core   0: 0x80005a28 (0x01c458b3) srl     a7, s0, t3
core   0: 3 0x80005a28 (0x01c458b3) x17 0xfffff8cd
core   0: 0x80005a2c (0x38b4ae17) auipc   t3, 0x38b4a
core   0: 3 0x80005a2c (0x38b4ae17) x28 0xb8b4fa2c
core   0: 0x80005a30 (0x409809b3) sub     s3, a6, s1
core   0: 3 0x80005a30 (0x409809b3) x19 0xfa4450b3
core   0: 0x80005a34 (0x0166b9b3) sltu    s3, a3, s6
core   0: 3 0x80005a34 (0x0166b9b3) x19 0x00000000
core   0: 0x80005a38 (0x000096b3) sll     a3, ra, zero
core   0: 3 0x80005a38 (0x000096b3) x13 0x800115c2
core   0: 0x80005a3c (0x00fb0033) add     zero, s6, a5
core   0: 3 0x80005a3c (0x00fb0033)
core   0: 0x80005a40 (0xf003c613) xori    a2, t2, -256
core   0: 3 0x80005a40 (0xf003c613) x12 0x7ffee164
core   0: 0x80005a44 (0x00000013) nop
core   0: 3 0x80005a44 (0x00000013)
core   0: 0x80005a48 (0x01b3ee33) or      t3, t2, s11
core   0: 3 0x80005a48 (0x01b3ee33) x28 0x80011e65
core   0: 0x80005a4c (0x3849f893) andi    a7, s3, 900
core   0: 3 0x80005a4c (0x3849f893) x17 0x00000000
core   0: 0x80005a50 (0x40525b93) srai    s7, tp, 5
core   0: 3 0x80005a50 (0x40525b93) x23 0xffffffff
core   0: 0x80005a54 (0x01fdc7b3) xor     a5, s11, t6
core   0: 3 0x80005a54 (0x01fdc7b3) x15 0x4b1384a5
core   0: 0x80005a58 (0x5b4a2c13) slti    s8, s4, 1460
core   0: 3 0x80005a58 (0x5b4a2c13) x24 0x00000001
core   0: 0x80005a5c (0x48a34d13) xori    s10, t1, 1162
core   0: 3 0x80005a5c (0x48a34d13) x26 0x34ed9d42
core   0: 0x80005a60 (0x011c5a93) srli    s5, s8, 17
core   0: 3 0x80005a60 (0x011c5a93) x21 0x00000000
core   0: 0x80005a64 (0x4e2d7f13) andi    t5, s10, 1250
core   0: 3 0x80005a64 (0x4e2d7f13) x30 0x00000442
core   0: 0x80005a68 (0x01b35013) srli    zero, t1, 27
core   0: 3 0x80005a68 (0x01b35013)
core   0: 0x80005a6c (0x01200433) add     s0, zero, s2
core   0: 3 0x80005a6c (0x01200433) x 8 0xb4ec7b5c
core   0: 0x80005a70 (0x001bd0b3) srl     ra, s7, ra
core   0: 3 0x80005a70 (0x001bd0b3) x 1 0x3fffffff
core   0: 0x80005a74 (0x012be233) or      tp, s7, s2
core   0: 3 0x80005a74 (0x012be233) x 4 0xffffffff
core   0: 0x80005a78 (0x004e5693) srli    a3, t3, 4
core   0: 3 0x80005a78 (0x004e5693) x13 0x080011e6
core   0: 0x80005a7c (0x01a4da33) srl     s4, s1, s10
core   0: 3 0x80005a7c (0x01a4da33) x20 0x00000000
core   0: 0x80005a80 (0x01c1c233) xor     tp, gp, t3
core   0: 3 0x80005a80 (0x01c1c233) x 4 0x8eac3961
core   0: 0x80005a84 (0xfc714013) xori    zero, sp, -57
core   0: 3 0x80005a84 (0xfc714013)
core   0: 0x80005a88 (0x00a68b33) add     s6, a3, a0
core   0: 3 0x80005a88 (0x00a68b33) x22 0x070011ee
core   0: 0x80005a8c (0x0020bab3) sltu    s5, ra, sp
core   0: 3 0x80005a8c (0x0020bab3) x21 0x00000000
core   0: 0x80005a90 (0x01879a93) slli    s5, a5, 24
core   0: 3 0x80005a90 (0x01879a93) x21 0xa5000000
core   0: 0x80005a94 (0x405cda13) srai    s4, s9, 5
core   0: 3 0x80005a94 (0x405cda13) x20 0xfffffffe
core   0: 0x80005a98 (0x00f34a33) xor     s4, t1, a5
core   0: 3 0x80005a98 (0x00f34a33) x20 0x7ffe1d6d
core   0: 0x80005a9c (0x01435013) srli    zero, t1, 20
core   0: 3 0x80005a9c (0x01435013)
core   0: 0x80005aa0 (0x0067f033) and     zero, a5, t1
core   0: 3 0x80005aa0 (0x0067f033)
core   0: 0x80005aa4 (0x50d53c13) sltiu   s8, a0, 1293
core   0: 3 0x80005aa4 (0x50d53c13) x24 0x00000000
core   0: 0x80005aa8 (0xb79e4593) xori    a1, t3, -1159
core   0: 3 0x80005aa8 (0xb79e4593) x11 0x7ffee51c
core   0: 0x80005aac (0x403009b3) sub     s3, zero, gp
core   0: 3 0x80005aac (0x403009b3) x19 0xf152d8fc
core   0: 0x80005ab0 (0x137b68b7) lui     a7, 0x137b6
core   0: 3 0x80005ab0 (0x137b68b7) x17 0x137b6000
core   0: 0x80005ab4 (0xa4d2e093) ori     ra, t0, -1459
core   0: 3 0x80005ab4 (0xa4d2e093) x 1 0xfffffeed
core   0: 0x80005ab8 (0x00c830b3) sltu    ra, a6, a2
core   0: 3 0x80005ab8 (0x00c830b3) x 1 0x00000000
core   0: 0x80005abc (0xee37f793) andi    a5, a5, -285
core   0: 3 0x80005abc (0xee37f793) x15 0x4b1384a1
core   0: 0x80005ac0 (0x32a94917) auipc   s2, 0x32a94
core   0: 3 0x80005ac0 (0x32a94917) x18 0xb2a99ac0
core   0: 0x80005ac4 (0x004fffb3) and     t6, t6, tp
core   0: 3 0x80005ac4 (0x004fffb3) x31 0x0a000020
core   0: 0x80005ac8 (0x6873ce13) xori    t3, t2, 1671
core   0: 3 0x80005ac8 (0x6873ce13) x28 0x800118e3
core   0: 0x80005acc (0xe3e2ec93) ori     s9, t0, -450
core   0: 3 0x80005acc (0xe3e2ec93) x25 0xfffffefe
core   0: 0x80005ad0 (0x0109b233) sltu    tp, s3, a6
core   0: 3 0x80005ad0 (0x0109b233) x 4 0x00000001
core   0: 0x80005ad4 (0x89075a17) auipc   s4, 0x89075
core   0: 3 0x80005ad4 (0x89075a17) x20 0x0907aad4
core   0: 0x80005ad8 (0x5bc2af93) slti    t6, t0, 1468
core   0: 3 0x80005ad8 (0x5bc2af93) x31 0x00000001
core   0: 0x80005adc (0xd3932313) slti    t1, t1, -711
core   0: 3 0x80005adc (0xd3932313) x 6 0x00000000
core   0: 0x80005ae0 (0xfeac7637) lui     a2, 0xfeac7
core   0: 3 0x80005ae0 (0xfeac7637) x12 0xfeac7000
core   0: 0x80005ae4 (0xffddb013) sltiu   zero, s11, -3
core   0: 3 0x80005ae4 (0xffddb013)
core   0: 0x80005ae8 (0x01664033) xor     zero, a2, s6
core   0: 3 0x80005ae8 (0x01664033)
core   0: 0x80005aec (0x01c7fbb3) and     s7, a5, t3
core   0: 3 0x80005aec (0x01c7fbb3) x23 0x000100a1
core   0: 0x80005af0 (0x2e32cc13) xori    s8, t0, 739
core   0: 3 0x80005af0 (0x2e32cc13) x24 0x80015e07
core   0: 0x80005af4 (0xe3ecf593) andi    a1, s9, -450
core   0: 3 0x80005af4 (0xe3ecf593) x11 0xfffffe3e
core   0: 0x80005af8 (0x00b7e8b3) or      a7, a5, a1
core   0: 3 0x80005af8 (0x00b7e8b3) x17 0xfffffebf
core   0: 0x80005afc (0x01258e33) add     t3, a1, s2
core   0: 3 0x80005afc (0x01258e33) x28 0xb2a998fe
core   0: 0x80005b00 (0xe0109c97) auipc   s9, 0xe0109
core   0: 3 0x80005b00 (0xe0109c97) x25 0x6010eb00
core   0: 0x80005b04 (0x400a0bb3) sub     s7, s4, zero
core   0: 3 0x80005b04 (0x400a0bb3) x23 0x0907aad4
core   0: 0x80005b08 (0xb7e1bb13) sltiu   s6, gp, -1154
core   0: 3 0x80005b08 (0xb7e1bb13) x22 0x00000001
core   0: 0x80005b0c (0x04e58893) addi    a7, a1, 78
core   0: 3 0x80005b0c (0x04e58893) x17 0xfffffe8c
core   0: 0x80005b10 (0x01b97433) and     s0, s2, s11
core   0: 3 0x80005b10 (0x01b97433) x 8 0x00000000
core   0: 0x80005b14 (0x566d2d13) slti    s10, s10, 1382
core   0: 3 0x80005b14 (0x566d2d13) x26 0x00000000
core   0: 0x80005b18 (0x00f76933) or      s2, a4, a5
core   0: 3 0x80005b18 (0x00f76933) x18 0xeb53cee7
core   0: 0x80005b1c (0x00395e13) srli    t3, s2, 3
core   0: 3 0x80005b1c (0x00395e13) x28 0x1d6a79dc
core   0: 0x80005b20 (0x00015493) srli    s1, sp, 0
core   0: 3 0x80005b20 (0x00015493) x 9 0x34ed99c0
core   0: 0x80005b24 (0x02a0e793) ori     a5, ra, 42
core   0: 3 0x80005b24 (0x02a0e793) x15 0x0000002a
core   0: 0x80005b28 (0x60fac093) xori    ra, s5, 1551
core   0: 3 0x80005b28 (0x60fac093) x 1 0xa500060f
core   0: 0x80005b2c (0x400cd013) srai    zero, s9, 0
core   0: 3 0x80005b2c (0x400cd013)
core   0: 0x80005b30 (0xea643a13) sltiu   s4, s0, -346
core   0: 3 0x80005b30 (0xea643a13) x20 0x00000001
core   0: 0x80005b34 (0x0039ccb3) xor     s9, s3, gp
core   0: 3 0x80005b34 (0x0039ccb3) x25 0xfffffff8
core   0: 0x80005b38 (0x01745193) srli    gp, s0, 23
core   0: 3 0x80005b38 (0x01745193) x 3 0x00000000
core   0: 0x80005b3c (0x00ba56b3) srl     a3, s4, a1
core   0: 3 0x80005b3c (0x00ba56b3) x13 0x00000000
core   0: 0x80005b40 (0x00176ab3) or      s5, a4, ra
core   0: 3 0x80005b40 (0x00176ab3) x21 0xa752ceef
core   0: 0x80005b44 (0x00369f33) sll     t5, a3, gp
core   0: 3 0x80005b44 (0x00369f33) x30 0x00000000
core   0: 0x80005b48 (0x40c3dc13) srai    s8, t2, 12
core   0: 3 0x80005b48 (0x40c3dc13) x24 0xfff80011
core   0: 0x80005b4c (0x00d1cab3) xor     s5, gp, a3
core   0: 3 0x80005b4c (0x00d1cab3) x21 0x00000000
core   0: 0x80005b50 (0x00dc9a33) sll     s4, s9, a3
core   0: 3 0x80005b50 (0x00dc9a33) x20 0xfffffff8
core   0: 0x80005b54 (0xca9c4b93) xori    s7, s8, -855
core   0: 3 0x80005b54 (0xca9c4b93) x23 0x0007fcb8
core   0: 0x80005b58 (0xfc2cf1b7) lui     gp, 0xfc2cf
core   0: 3 0x80005b58 (0xfc2cf1b7) x 3 0xfc2cf000
core   0: 0x80005b5c (0xfb287d93) andi    s11, a6, -78
core   0: 3 0x80005b5c (0xfb287d93) x27 0xfa4450b0
core   0: 0x80005b60 (0x01bd9b33) sll     s6, s11, s11
core   0: 3 0x80005b60 (0x01bd9b33) x22 0x50b00000
core   0: 0x80005b64 (0xc2242b93) slti    s7, s0, -990
core   0: 3 0x80005b64 (0xc2242b93) x23 0x00000000
core   0: 0x80005b68 (0xbbc60013) addi    zero, a2, -1092
core   0: 3 0x80005b68 (0xbbc60013)
core   0: 0x80005b6c (0x013f3133) sltu    sp, t5, s3
core   0: 3 0x80005b6c (0x013f3133) x 2 0x00000001
core   0: 0x80005b70 (0x010d5413) srli    s0, s10, 16
core   0: 3 0x80005b70 (0x010d5413) x 8 0x00000000
core   0: 0x80005b74 (0x41c85e33) sra     t3, a6, t3
core   0: 3 0x80005b74 (0x41c85e33) x28 0xffffffff
core   0: 0x80005b78 (0x00000013) nop
core   0: 3 0x80005b78 (0x00000013)
core   0: 0x80005b7c (0x00000013) nop
core   0: 3 0x80005b7c (0x00000013)
core   0: 0x80005b80 (0x00000013) nop
core   0: 3 0x80005b80 (0x00000013)
core   0: 0x80005b84 (0xae3fba13) sltiu   s4, t6, -1309
core   0: 3 0x80005b84 (0xae3fba13) x20 0x00000001
core   0: 0x80005b88 (0x730c9e17) auipc   t3, 0x730c9
core   0: 3 0x80005b88 (0x730c9e17) x28 0xf30ceb88
core   0: 0x80005b8c (0x29397c97) auipc   s9, 0x29397
core   0: 3 0x80005b8c (0x29397c97) x25 0xa939cb8c
core   0: 0x80005b90 (0xd50bf693) andi    a3, s7, -688
core   0: 3 0x80005b90 (0xd50bf693) x13 0x00000000
core   0: 0x80005b94 (0xad2aaa97) auipc   s5, 0xad2aa
core   0: 3 0x80005b94 (0xad2aaa97) x21 0x2d2afb94
core   0: 0x80005b98 (0x008a7cb3) and     s9, s4, s0
core   0: 3 0x80005b98 (0x008a7cb3) x25 0x00000000
core   0: 0x80005b9c (0x40ad5333) sra     t1, s10, a0
core   0: 3 0x80005b9c (0x40ad5333) x 6 0x00000000
core   0: 0x80005ba0 (0x0027b6b3) sltu    a3, a5, sp
core   0: 3 0x80005ba0 (0x0027b6b3) x13 0x00000000
core   0: 0x80005ba4 (0x7c1c5c17) auipc   s8, 0x7c1c5
core   0: 3 0x80005ba4 (0x7c1c5c17) x24 0xfc1caba4
core   0: 0x80005ba8 (0x0041d113) srli    sp, gp, 4
core   0: 3 0x80005ba8 (0x0041d113) x 2 0x0fc2cf00
core   0: 0x80005bac (0x0776ef13) ori     t5, a3, 119
core   0: 3 0x80005bac (0x0776ef13) x30 0x00000077
core   0: 0x80005bb0 (0x0e376d13) ori     s10, a4, 227
core   0: 3 0x80005bb0 (0x0e376d13) x26 0xa352cee7
core   0: 0x80005bb4 (0x43657113) andi    sp, a0, 1078
core   0: 3 0x80005bb4 (0x43657113) x 2 0x00000000
core   0: 0x80005bb8 (0x01d0bb33) sltu    s6, ra, t4
core   0: 3 0x80005bb8 (0x01d0bb33) x22 0x00000001
core   0: 0x80005bbc (0x40c5dc13) srai    s8, a1, 12
core   0: 3 0x80005bbc (0x40c5dc13) x24 0xffffffff
core   0: 0x80005bc0 (0x01dd0733) add     a4, s10, t4
core   0: 3 0x80005bc0 (0x01dd0733) x14 0xa352cac7
core   0: 0x80005bc4 (0x0166d993) srli    s3, a3, 22
core   0: 3 0x80005bc4 (0x0166d993) x19 0x00000000
core   0: 0x80005bc8 (0x411c0333) sub     t1, s8, a7
core   0: 3 0x80005bc8 (0x411c0333) x 6 0x00000173
core   0: 0x80005bcc (0x018e7333) and     t1, t3, s8
core   0: 3 0x80005bcc (0x018e7333) x 6 0xf30ceb88
core   0: 0x80005bd0 (0x001a88b3) add     a7, s5, ra
core   0: 3 0x80005bd0 (0x001a88b3) x17 0xd22b01a3
core   0: 0x80005bd4 (0x52d7a213) slti    tp, a5, 1325
core   0: 3 0x80005bd4 (0x52d7a213) x 4 0x00000001
core   0: 0x80005bd8 (0x01954d33) xor     s10, a0, s9
core   0: 3 0x80005bd8 (0x01954d33) x26 0xff000008
core   0: 0x80005bdc (0x006181b3) add     gp, gp, t1
core   0: 3 0x80005bdc (0x006181b3) x 3 0xef39db88
core   0: 0x80005be0 (0x01eed993) srli    s3, t4, 30
core   0: 3 0x80005be0 (0x01eed993) x19 0x00000003
core   0: 0x80005be4 (0x3d41f613) andi    a2, gp, 980
core   0: 3 0x80005be4 (0x3d41f613) x12 0x00000380
core   0: 0x80005be8 (0x12f92437) lui     s0, 0x12f92
core   0: 3 0x80005be8 (0x12f92437) x 8 0x12f92000
core   0: 0x80005bec (0x416e5ab3) sra     s5, t3, s6
core   0: 3 0x80005bec (0x416e5ab3) x21 0xf98675c4
core   0: 0x80005bf0 (0x00000013) nop
core   0: 3 0x80005bf0 (0x00000013)
core   0: 0x80005bf4 (0x01151033) sll     zero, a0, a7
core   0: 3 0x80005bf4 (0x01151033)
core   0: 0x80005bf8 (0x010d7433) and     s0, s10, a6
core   0: 3 0x80005bf8 (0x010d7433) x 8 0xfa000000
core   0: 0x80005bfc (0x8d4a4b93) xori    s7, s4, -1836
core   0: 3 0x80005bfc (0x8d4a4b93) x23 0xfffff8d5
core   0: 0x80005c00 (0x5ae1a093) slti    ra, gp, 1454
core   0: 3 0x80005c00 (0x5ae1a093) x 1 0x00000001
core   0: 0x80005c04 (0xa1a1f593) andi    a1, gp, -1510
core   0: 3 0x80005c04 (0xa1a1f593) x11 0xef39da08
core   0: 0x80005c08 (0x00c386b3) add     a3, t2, a2
core   0: 3 0x80005c08 (0x00c386b3) x13 0x800121e4
core   0: 0x80005c0c (0x017baf33) slt     t5, s7, s7
core   0: 3 0x80005c0c (0x017baf33) x30 0x00000000
core   0: 0x80005c10 (0x00b91b93) slli    s7, s2, 11
core   0: 3 0x80005c10 (0x00b91b93) x23 0x9e773800
core   0: 0x80005c14 (0x4509e113) ori     sp, s3, 1104
core   0: 3 0x80005c14 (0x4509e113) x 2 0x00000453
core   0: 0x80005c18 (0x7d636493) ori     s1, t1, 2006
core   0: 3 0x80005c18 (0x7d636493) x 9 0xf30cefde
core   0: 0x80005c1c (0x01768d33) add     s10, a3, s7
core   0: 3 0x80005c1c (0x01768d33) x26 0x1e7859e4
core   0: 0x80005c20 (0x00bd9e13) slli    t3, s11, 11
core   0: 3 0x80005c20 (0x00bd9e13) x28 0x22858000
core   0: 0x80005c24 (0x5647fb93) andi    s7, a5, 1380
core   0: 3 0x80005c24 (0x5647fb93) x23 0x00000020
core   0: 0x80005c28 (0x00f29e13) slli    t3, t0, 15
core   0: 3 0x80005c28 (0x00f29e13) x28 0xae720000
core   0: 0x80005c2c (0x00a1e733) or      a4, gp, a0
core   0: 3 0x80005c2c (0x00a1e733) x14 0xff39db88
core   0: 0x80005c30 (0x01ded713) srli    a4, t4, 29
core   0: 3 0x80005c30 (0x01ded713) x14 0x00000007
core   0: 0x80005c34 (0x0137a1b3) slt     gp, a5, s3
core   0: 3 0x80005c34 (0x0137a1b3) x 3 0x00000000
core   0: 0x80005c38 (0x47598797) auipc   a5, 0x47598
core   0: 3 0x80005c38 (0x47598797) x15 0xc759dc38
core   0: 0x80005c3c (0x0177a6b3) slt     a3, a5, s7
core   0: 3 0x80005c3c (0x0177a6b3) x13 0x00000001
core   0: 0x80005c40 (0x41850e33) sub     t3, a0, s8
core   0: 3 0x80005c40 (0x41850e33) x28 0xff000009
core   0: 0x80005c44 (0x00a61a33) sll     s4, a2, a0
core   0: 3 0x80005c44 (0x00a61a33) x20 0x00038000
core   0: 0x80005c48 (0x00000013) nop
core   0: 3 0x80005c48 (0x00000013)
core   0: 0x80005c4c (0x41128c33) sub     s8, t0, a7
core   0: 3 0x80005c4c (0x41128c33) x24 0xadd65b41
core   0: 0x80005c50 (0x40035933) sra     s2, t1, zero
core   0: 3 0x80005c50 (0x40035933) x18 0xf30ceb88
core   0: 0x80005c54 (0x01281633) sll     a2, a6, s2
core   0: 3 0x80005c54 (0x01281633) x12 0x4450b400
core   0: 0x80005c58 (0x70acea93) ori     s5, s9, 1802
core   0: 3 0x80005c58 (0x70acea93) x21 0x0000070a
core   0: 0x80005c5c (0x007acb33) xor     s6, s5, t2
core   0: 3 0x80005c5c (0x007acb33) x22 0x8001196e
core   0: 0x80005c60 (0x01afdbb3) srl     s7, t6, s10
core   0: 3 0x80005c60 (0x01afdbb3) x23 0x00000000
core   0: 0x80005c64 (0x0088d793) srli    a5, a7, 8
core   0: 3 0x80005c64 (0x0088d793) x15 0x00d22b01
core   0: 0x80005c68 (0x2e66f693) andi    a3, a3, 742
core   0: 3 0x80005c68 (0x2e66f693) x13 0x00000000
core   0: 0x80005c6c (0x41abdcb3) sra     s9, s7, s10
core   0: 3 0x80005c6c (0x41abdcb3) x25 0x00000000
core   0: 0x80005c70 (0x012174b3) and     s1, sp, s2
core   0: 3 0x80005c70 (0x012174b3) x 9 0x00000000
core   0: 0x80005c74 (0x00e45213) srli    tp, s0, 14
core   0: 3 0x80005c74 (0x00e45213) x 4 0x0003e800
core   0: 0x80005c78 (0x000110b3) sll     ra, sp, zero
core   0: 3 0x80005c78 (0x000110b3) x 1 0x00000453
core   0: 0x80005c7c (0x40ead513) srai    a0, s5, 14
core   0: 3 0x80005c7c (0x40ead513) x10 0x00000000
core   0: 0x80005c80 (0x5c2f0313) addi    t1, t5, 1474
core   0: 3 0x80005c80 (0x5c2f0313) x 6 0x000005c2
core   0: 0x80005c84 (0x017be633) or      a2, s7, s7
core   0: 3 0x80005c84 (0x017be633) x12 0x00000000
core   0: 0x80005c88 (0x17d7c213) xori    tp, a5, 381
core   0: 3 0x80005c88 (0x17d7c213) x 4 0x00d22a7c
core   0: 0x80005c8c (0xf36dae93) slti    t4, s11, -202
core   0: 3 0x80005c8c (0xf36dae93) x29 0x00000001
core   0: 0x80005c90 (0x001cb633) sltu    a2, s9, ra
core   0: 3 0x80005c90 (0x001cb633) x12 0x00000001
core   0: 0x80005c94 (0x00611c93) slli    s9, sp, 6
core   0: 3 0x80005c94 (0x00611c93) x25 0x000114c0
core   0: 0x80005c98 (0x013def33) or      t5, s11, s3
core   0: 3 0x80005c98 (0x013def33) x30 0xfa4450b3
core   0: 0x80005c9c (0x004fd197) auipc   gp, 0x4fd
core   0: 3 0x80005c9c (0x004fd197) x 3 0x80502c9c
core   0: 0x80005ca0 (0x0024c733) xor     a4, s1, sp
core   0: 3 0x80005ca0 (0x0024c733) x14 0x00000453
core   0: 0x80005ca4 (0x00ad2e33) slt     t3, s10, a0
core   0: 3 0x80005ca4 (0x00ad2e33) x28 0x00000000
core   0: 0x80005ca8 (0x41b68a33) sub     s4, a3, s11
core   0: 3 0x80005ca8 (0x41b68a33) x20 0x05bbaf50
core   0: 0x80005cac (0xaa9f6313) ori     t1, t5, -1367
core   0: 3 0x80005cac (0xaa9f6313) x 6 0xfffffabb
core   0: 0x80005cb0 (0x401cdc13) srai    s8, s9, 1
core   0: 3 0x80005cb0 (0x401cdc13) x24 0x00008a60
core   0: 0x80005cb4 (0x00a9f933) and     s2, s3, a0
core   0: 3 0x80005cb4 (0x00a9f933) x18 0x00000000
core   0: 0x80005cb8 (0x5b5b0313) addi    t1, s6, 1461
core   0: 3 0x80005cb8 (0x5b5b0313) x 6 0x80011f23
core   0: 0x80005cbc (0xb56ef593) andi    a1, t4, -1194
core   0: 3 0x80005cbc (0xb56ef593) x11 0x00000000
core   0: 0x80005cc0 (0x00000013) nop
core   0: 3 0x80005cc0 (0x00000013)
core   0: 0x80005cc4 (0x40935a33) sra     s4, t1, s1
core   0: 3 0x80005cc4 (0x40935a33) x20 0x80011f23
core   0: 0x80005cc8 (0x8426cf93) xori    t6, a3, -1982
core   0: 3 0x80005cc8 (0x8426cf93) x31 0xfffff842
core   0: 0x80005ccc (0x01d8d133) srl     sp, a7, t4
core   0: 3 0x80005ccc (0x01d8d133) x 2 0x691580d1
core   0: 0x80005cd0 (0x00c32cb3) slt     s9, t1, a2
core   0: 3 0x80005cd0 (0x00c32cb3) x25 0x00000001
core   0: 0x80005cd4 (0x00a77333) and     t1, a4, a0
core   0: 3 0x80005cd4 (0x00a77333) x 6 0x00000000
core   0: 0x80005cd8 (0x01ff5eb3) srl     t4, t5, t6
core   0: 3 0x80005cd8 (0x01ff5eb3) x29 0x3e91142c
core   0: 0x80005cdc (0x01a124b3) slt     s1, sp, s10
core   0: 3 0x80005cdc (0x01a124b3) x 9 0x00000000
core   0: 0x80005ce0 (0x00eaa933) slt     s2, s5, a4
core   0: 3 0x80005ce0 (0x00eaa933) x18 0x00000000
core   0: 0x80005ce4 (0x41c00933) sub     s2, zero, t3
core   0: 3 0x80005ce4 (0x41c00933) x18 0x00000000
core   0: 0x80005ce8 (0x29be2f13) slti    t5, t3, 667
core   0: 3 0x80005ce8 (0x29be2f13) x30 0x00000001
core   0: 0x80005cec (0x0177bc33) sltu    s8, a5, s7
core   0: 3 0x80005cec (0x0177bc33) x24 0x00000000
core   0: 0x80005cf0 (0x405b5633) sra     a2, s6, t0
core   0: 3 0x80005cf0 (0x405b5633) x12 0xf8001196
core   0: 0x80005cf4 (0x00428db3) add     s11, t0, tp
core   0: 3 0x80005cf4 (0x00428db3) x27 0x80d38760
core   0: 0x80005cf8 (0xf9b2a193) slti    gp, t0, -101
core   0: 3 0x80005cf8 (0xf9b2a193) x 3 0x00000001
core   0: 0x80005cfc (0x01bb5433) srl     s0, s6, s11
core   0: 3 0x80005cfc (0x01bb5433) x 8 0x8001196e
core   0: 0x80005d00 (0x00446f33) or      t5, s0, tp
core   0: 3 0x80005d00 (0x00446f33) x30 0x80d33b7e
core   0: 0x80005d04 (0x4faa2b97) auipc   s7, 0x4faa2
core   0: 3 0x80005d04 (0x4faa2b97) x23 0xcfaa7d04
core   0: 0x80005d08 (0xdffffb13) andi    s6, t6, -513
core   0: 3 0x80005d08 (0xdffffb13) x22 0xfffff842
core   0: 0x80005d0c (0xfa18f113) andi    sp, a7, -95
core   0: 3 0x80005d0c (0xfa18f113) x 2 0xd22b01a1
core   0: 0x80005d10 (0xf24d0313) addi    t1, s10, -220
core   0: 3 0x80005d10 (0xf24d0313) x 6 0x1e785908
core   0: 0x80005d14 (0x988f3d17) auipc   s10, 0x988f3
core   0: 3 0x80005d14 (0x988f3d17) x26 0x188f8d14
core   0: 0x80005d18 (0x01ef4b33) xor     s6, t5, t5
core   0: 3 0x80005d18 (0x01ef4b33) x22 0x00000000
core   0: 0x80005d1c (0x0003f8b3) and     a7, t2, zero
core   0: 3 0x80005d1c (0x0003f8b3) x17 0x00000000
core   0: 0x80005d20 (0x52bb6b93) ori     s7, s6, 1323
core   0: 3 0x80005d20 (0x52bb6b93) x23 0x0000052b
core   0: 0x80005d24 (0x00a85c33) srl     s8, a6, a0
core   0: 3 0x80005d24 (0x00a85c33) x24 0xfa4450b4
core   0: 0x80005d28 (0x88694d93) xori    s11, s2, -1914
core   0: 3 0x80005d28 (0x88694d93) x27 0xfffff886
core   0: 0x80005d2c (0x00170c33) add     s8, a4, ra
core   0: 3 0x80005d2c (0x00170c33) x24 0x000008a6
core   0: 0x80005d30 (0x4a873693) sltiu   a3, a4, 1192
core   0: 3 0x80005d30 (0x4a873693) x13 0x00000001
core   0: 0x80005d34 (0x40900f33) sub     t5, zero, s1
core   0: 3 0x80005d34 (0x40900f33) x30 0x00000000
core   0: 0x80005d38 (0x01594d93) xori    s11, s2, 21
core   0: 3 0x80005d38 (0x01594d93) x27 0x00000015
core   0: 0x80005d3c (0x01b19f13) slli    t5, gp, 27
core   0: 3 0x80005d3c (0x01b19f13) x30 0x08000000
core   0: 0x80005d40 (0x9efbe193) ori     gp, s7, -1553
core   0: 3 0x80005d40 (0x9efbe193) x 3 0xfffffdef
core   0: 0x80005d44 (0x99710093) addi    ra, sp, -1641
core   0: 3 0x80005d44 (0x99710093) x 1 0xd22afb38
core   0: 0x80005d48 (0xc9867993) andi    s3, a2, -872
core   0: 3 0x80005d48 (0xc9867993) x19 0xf8001090
core   0: 0x80005d4c (0x013ddd33) srl     s10, s11, s3
core   0: 3 0x80005d4c (0x013ddd33) x26 0x00000000
core   0: 0x80005d50 (0x789d9f97) auipc   t6, 0x789d9
core   0: 3 0x80005d50 (0x789d9f97) x31 0xf89ded50
core   0: 0x80005d54 (0xe1f2ed93) ori     s11, t0, -481
core   0: 3 0x80005d54 (0xe1f2ed93) x27 0xfffffeff
core   0: 0x80005d58 (0x002fc533) xor     a0, t6, sp
core   0: 3 0x80005d58 (0x002fc533) x10 0x2ab6ecf1
core   0: 0x80005d5c (0x01c36a33) or      s4, t1, t3
core   0: 3 0x80005d5c (0x01c36a33) x20 0x1e785908
core   0: 0x80005d60 (0x402885b3) sub     a1, a7, sp
core   0: 3 0x80005d60 (0x402885b3) x11 0x2dd4fe5f
core   0: 0x80005d64 (0x00b29413) slli    s0, t0, 11
core   0: 3 0x80005d64 (0x00b29413) x 8 0x0ae72000
core   0: 0x80005d68 (0x4165dd33) sra     s10, a1, s6
core   0: 3 0x80005d68 (0x4165dd33) x26 0x2dd4fe5f
core   0: 0x80005d6c (0x5c216913) ori     s2, sp, 1474
core   0: 3 0x80005d6c (0x5c216913) x18 0xd22b05e3
core   0: 0x80005d70 (0x0154dd33) srl     s10, s1, s5
core   0: 3 0x80005d70 (0x0154dd33) x26 0x00000000
core   0: 0x80005d74 (0x009f40b3) xor     ra, t5, s1
core   0: 3 0x80005d74 (0x009f40b3) x 1 0x08000000
core   0: 0x80005d78 (0x41dc5893) srai    a7, s8, 29
core   0: 3 0x80005d78 (0x41dc5893) x17 0x00000000
core   0: 0x80005d7c (0x62b06313) ori     t1, zero, 1579
core   0: 3 0x80005d7c (0x62b06313) x 6 0x0000062b
core   0: 0x80005d80 (0x00689e93) slli    t4, a7, 6
core   0: 3 0x80005d80 (0x00689e93) x29 0x00000000
core   0: 0x80005d84 (0x01eb48b3) xor     a7, s6, t5
core   0: 3 0x80005d84 (0x01eb48b3) x17 0x08000000
core   0: 0x80005d88 (0x4053d133) sra     sp, t2, t0
core   0: 3 0x80005d88 (0x4053d133) x 2 0xf80011e6
core   0: 0x80005d8c (0x011f78b3) and     a7, t5, a7
core   0: 3 0x80005d8c (0x011f78b3) x17 0x08000000
core   0: 0x80005d90 (0x5986a313) slti    t1, a3, 1432
core   0: 3 0x80005d90 (0x5986a313) x 6 0x00000001
core   0: 0x80005d94 (0xda7abc93) sltiu   s9, s5, -601
core   0: 3 0x80005d94 (0xda7abc93) x25 0x00000001
core   0: 0x80005d98 (0xba662013) slti    zero, a2, -1114
core   0: 3 0x80005d98 (0xba662013)
core   0: 0x80005d9c (0x7d0e7a93) andi    s5, t3, 2000
core   0: 3 0x80005d9c (0x7d0e7a93) x21 0x00000000
core   0: 0x80005da0 (0x00099b33) sll     s6, s3, zero
core   0: 3 0x80005da0 (0x00099b33) x22 0xf8001090
core   0: 0x80005da4 (0x01dc11b3) sll     gp, s8, t4
core   0: 3 0x80005da4 (0x01dc11b3) x 3 0x000008a6
core   0: 0x80005da8 (0x75f44f13) xori    t5, s0, 1887
core   0: 3 0x80005da8 (0x75f44f13) x30 0x0ae7275f
core   0: 0x80005dac (0x005cbdb3) sltu    s11, s9, t0
core   0: 3 0x80005dac (0x005cbdb3) x27 0x00000001
core   0: 0x80005db0 (0xd7bd7b93) andi    s7, s10, -645
core   0: 3 0x80005db0 (0xd7bd7b93) x23 0x00000000
core   0: 0x80005db4 (0x00f11ab3) sll     s5, sp, a5
core   0: 3 0x80005db4 (0x00f11ab3) x21 0xf00023cc
core   0: 0x80005db8 (0x01a8fbb3) and     s7, a7, s10
core   0: 3 0x80005db8 (0x01a8fbb3) x23 0x00000000
core   0: 0x80005dbc (0x0077d9b3) srl     s3, a5, t2
core   0: 3 0x80005dbc (0x0077d9b3) x19 0x000d22b0
core   0: 0x80005dc0 (0x28fb6137) lui     sp, 0x28fb6
core   0: 3 0x80005dc0 (0x28fb6137) x 2 0x28fb6000
core   0: 0x80005dc4 (0xeaf1fa93) andi    s5, gp, -337
core   0: 3 0x80005dc4 (0xeaf1fa93) x21 0x000008a6
core   0: 0x80005dc8 (0xec2e0493) addi    s1, t3, -318
core   0: 3 0x80005dc8 (0xec2e0493) x 9 0xfffffec2
core   0: 0x80005dcc (0x40628a33) sub     s4, t0, t1
core   0: 3 0x80005dcc (0x40628a33) x20 0x80015ce3
core   0: 0x80005dd0 (0x00455533) srl     a0, a0, tp
core   0: 3 0x80005dd0 (0x00455533) x10 0x00000002
core   0: 0x80005dd4 (0x00f070b3) and     ra, zero, a5
core   0: 3 0x80005dd4 (0x00f070b3) x 1 0x00000000
core   0: 0x80005dd8 (0x4084da13) srai    s4, s1, 8
core   0: 3 0x80005dd8 (0x4084da13) x20 0xfffffffe
core   0: 0x80005ddc (0x01cf2993) slti    s3, t5, 28
core   0: 3 0x80005ddc (0x01cf2993) x19 0x00000000
core   0: 0x80005de0 (0x00315b93) srli    s7, sp, 3
core   0: 3 0x80005de0 (0x00315b93) x23 0x051f6c00
core   0: 0x80005de4 (0x02ef8193) addi    gp, t6, 46
core   0: 3 0x80005de4 (0x02ef8193) x 3 0xf89ded7e
core   0: 0x80005de8 (0x00000013) nop
core   0: 3 0x80005de8 (0x00000013)
core   0: 0x80005dec (0x007d4a33) xor     s4, s10, t2
core   0: 3 0x80005dec (0x007d4a33) x20 0x80011e64
core   0: 0x80005df0 (0x40808c33) sub     s8, ra, s0
core   0: 3 0x80005df0 (0x40808c33) x24 0xf518e000
core   0: 0x80005df4 (0x415f58b3) sra     a7, t5, s5
core   0: 3 0x80005df4 (0x415f58b3) x17 0x002b9c9d
core   0: 0x80005df8 (0x51dbbc13) sltiu   s8, s7, 1309
core   0: 3 0x80005df8 (0x51dbbc13) x24 0x00000000
core   0: 0x80005dfc (0x41d907b3) sub     a5, s2, t4
core   0: 3 0x80005dfc (0x41d907b3) x15 0xd22b05e3
core   0: 0x80005e00 (0x01a8ee33) or      t3, a7, s10
core   0: 3 0x80005e00 (0x01a8ee33) x28 0x002b9c9d
core   0: 0x80005e04 (0x01918933) add     s2, gp, s9
core   0: 3 0x80005e04 (0x01918933) x18 0xf89ded7f
core   0: 0x80005e08 (0x00000013) nop
core   0: 3 0x80005e08 (0x00000013)
core   0: 0x80005e0c (0x33428f93) addi    t6, t0, 820
core   0: 3 0x80005e0c (0x33428f93) x31 0x80016018
core   0: 0x80005e10 (0xd876ec93) ori     s9, a3, -633
core   0: 3 0x80005e10 (0xd876ec93) x25 0xfffffd87
core   0: 0x80005e14 (0x82d63237) lui     tp, 0x82d63
core   0: 3 0x80005e14 (0x82d63237) x 4 0x82d63000
core   0: 0x80005e18 (0xcc16c4b7) lui     s1, 0xcc16c
core   0: 3 0x80005e18 (0xcc16c4b7) x 9 0xcc16c000
core   0: 0x80005e1c (0x656a2713) slti    a4, s4, 1622
core   0: 3 0x80005e1c (0x656a2713) x14 0x00000001
core   0: 0x80005e20 (0x0173a1b3) slt     gp, t2, s7
core   0: 3 0x80005e20 (0x0173a1b3) x 3 0x00000001
core   0: 0x80005e24 (0x016ad013) srli    zero, s5, 22
core   0: 3 0x80005e24 (0x016ad013)
core   0: 0x80005e28 (0xf2e3b093) sltiu   ra, t2, -210
core   0: 3 0x80005e28 (0xf2e3b093) x 1 0x00000001
core   0: 0x80005e2c (0x00775e93) srli    t4, a4, 7
core   0: 3 0x80005e2c (0x00775e93) x29 0x00000000
core   0: 0x80005e30 (0x015c3f33) sltu    t5, s8, s5
core   0: 3 0x80005e30 (0x015c3f33) x30 0x00000001
core   0: 0x80005e34 (0xad233e13) sltiu   t3, t1, -1326
core   0: 3 0x80005e34 (0xad233e13) x28 0x00000001
core   0: 0x80005e38 (0x4076d333) sra     t1, a3, t2
core   0: 3 0x80005e38 (0x4076d333) x 6 0x00000000
core   0: 0x80005e3c (0x356f3493) sltiu   s1, t5, 854
core   0: 3 0x80005e3c (0x356f3493) x 9 0x00000001
core   0: 0x80005e40 (0x8c4be993) ori     s3, s7, -1852
core   0: 3 0x80005e40 (0x8c4be993) x19 0xfffffcc4
core   0: 0x80005e44 (0x00ce8fb3) add     t6, t4, a2
core   0: 3 0x80005e44 (0x00ce8fb3) x31 0xf8001196
core   0: 0x80005e48 (0x01a0b633) sltu    a2, ra, s10
core   0: 3 0x80005e48 (0x01a0b633) x12 0x00000000
core   0: 0x80005e4c (0x64f53093) sltiu   ra, a0, 1615
core   0: 3 0x80005e4c (0x64f53093) x 1 0x00000001
core   0: 0x80005e50 (0x007136b3) sltu    a3, sp, t2
core   0: 3 0x80005e50 (0x007136b3) x13 0x00000001
core   0: 0x80005e54 (0xb8a6bd13) sltiu   s10, a3, -1142
core   0: 3 0x80005e54 (0xb8a6bd13) x26 0x00000001
core   0: 0x80005e58 (0x41f2d6b3) sra     a3, t0, t6
core   0: 3 0x80005e58 (0x41f2d6b3) x13 0xfffffe00
core   0: 0x80005e5c (0x0047f0b3) and     ra, a5, tp
core   0: 3 0x80005e5c (0x0047f0b3) x 1 0x82020000
core   0: 0x80005e60 (0x9ef8be13) sltiu   t3, a7, -1553
core   0: 3 0x80005e60 (0x9ef8be13) x28 0x00000001
core   0: 0x80005e64 (0x40b2d693) srai    a3, t0, 11
core   0: 3 0x80005e64 (0x40b2d693) x13 0xfff0002b
core   0: 0x80005e68 (0x9a6ae697) auipc   a3, 0x9a6ae
core   0: 3 0x80005e68 (0x9a6ae697) x13 0x1a6b3e68
core   0: 0x80005e6c (0x01a0de13) srli    t3, ra, 26
core   0: 3 0x80005e6c (0x01a0de13) x28 0x00000020
core   0: 0x80005e70 (0x008e2e33) slt     t3, t3, s0
core   0: 3 0x80005e70 (0x008e2e33) x28 0x00000001
core   0: 0x80005e74 (0x001700b3) add     ra, a4, ra
core   0: 3 0x80005e74 (0x001700b3) x 1 0x82020001
core   0: 0x80005e78 (0x40cc57b3) sra     a5, s8, a2
core   0: 3 0x80005e78 (0x40cc57b3) x15 0x00000000
core   0: 0x80005e7c (0x531b4b13) xori    s6, s6, 1329
core   0: 3 0x80005e7c (0x531b4b13) x22 0xf80015a1
core   0: 0x80005e80 (0xfd3e3693) sltiu   a3, t3, -45
core   0: 3 0x80005e80 (0xfd3e3693) x13 0x00000001
core   0: 0x80005e84 (0x017695b3) sll     a1, a3, s7
core   0: 3 0x80005e84 (0x017695b3) x11 0x00000001
core   0: 0x80005e88 (0x410bd433) sra     s0, s7, a6
core   0: 3 0x80005e88 (0x410bd433) x 8 0x00000051
core   0: 0x80005e8c (0xdb4d8d93) addi    s11, s11, -588
core   0: 3 0x80005e8c (0xdb4d8d93) x27 0xfffffdb5
core   0: 0x80005e90 (0x0061ebb3) or      s7, gp, t1
core   0: 3 0x80005e90 (0x0061ebb3) x23 0x00000001
core   0: 0x80005e94 (0xc6ddef13) ori     t5, s11, -915
core   0: 3 0x80005e94 (0xc6ddef13) x30 0xfffffdfd
core   0: 0x80005e98 (0x016b1133) sll     sp, s6, s6
core   0: 3 0x80005e98 (0x016b1133) x 2 0xf0002b42
core   0: 0x80005e9c (0x4102d233) sra     tp, t0, a6
core   0: 3 0x80005e9c (0x4102d233) x 4 0xfffff800
core   0: 0x80005ea0 (0xc0a74d37) lui     s10, 0xc0a74
core   0: 3 0x80005ea0 (0xc0a74d37) x26 0xc0a74000
core   0: 0x80005ea4 (0x00ae5c93) srli    s9, t3, 10
core   0: 3 0x80005ea4 (0x00ae5c93) x25 0x00000000
core   0: 0x80005ea8 (0x001f20b3) slt     ra, t5, ra
core   0: 3 0x80005ea8 (0x001f20b3) x 1 0x00000000
core   0: 0x80005eac (0x006937b3) sltu    a5, s2, t1
core   0: 3 0x80005eac (0x006937b3) x15 0x00000000
core   0: 0x80005eb0 (0xc8de7413) andi    s0, t3, -883
core   0: 3 0x80005eb0 (0xc8de7413) x 8 0x00000001
core   0: 0x80005eb4 (0x019e6b33) or      s6, t3, s9
core   0: 3 0x80005eb4 (0x019e6b33) x22 0x00000001
core   0: 0x80005eb8 (0x40ad0fb3) sub     t6, s10, a0
core   0: 3 0x80005eb8 (0x40ad0fb3) x31 0xc0a73ffe
core   0: 0x80005ebc (0x007c0733) add     a4, s8, t2
core   0: 3 0x80005ebc (0x007c0733) x14 0x80011e64
core   0: 0x80005ec0 (0x41a05493) srai    s1, zero, 26
core   0: 3 0x80005ec0 (0x41a05493) x 9 0x00000000
core   0: 0x80005ec4 (0x40a45433) sra     s0, s0, a0
core   0: 3 0x80005ec4 (0x40a45433) x 8 0x00000000
core   0: 0x80005ec8 (0x40b356b3) sra     a3, t1, a1
core   0: 3 0x80005ec8 (0x40b356b3) x13 0x00000000
core   0: 0x80005ecc (0x005b35b3) sltu    a1, s6, t0
core   0: 3 0x80005ecc (0x005b35b3) x11 0x00000001
core   0: 0x80005ed0 (0x00247ab3) and     s5, s0, sp
core   0: 3 0x80005ed0 (0x00247ab3) x21 0x00000000
core   0: 0x80005ed4 (0x002bdc93) srli    s9, s7, 2
core   0: 3 0x80005ed4 (0x002bdc93) x25 0x00000000
core   0: 0x80005ed8 (0x016226b3) slt     a3, tp, s6
core   0: 3 0x80005ed8 (0x016226b3) x13 0x00000001
core   0: 0x80005edc (0x00ca8f33) add     t5, s5, a2
core   0: 3 0x80005edc (0x00ca8f33) x30 0x00000000
core   0: 0x80005ee0 (0x41ae51b3) sra     gp, t3, s10
core   0: 3 0x80005ee0 (0x41ae51b3) x 3 0x00000001
core   0: 0x80005ee4 (0x41cc5d33) sra     s10, s8, t3
core   0: 3 0x80005ee4 (0x41cc5d33) x26 0x00000000
core   0: 0x80005ee8 (0x014e8933) add     s2, t4, s4
core   0: 3 0x80005ee8 (0x014e8933) x18 0x80011e64
core   0: 0x80005eec (0x1597b193) sltiu   gp, a5, 345
core   0: 3 0x80005eec (0x1597b193) x 3 0x00000001
core   0: 0x80005ef0 (0x004c6733) or      a4, s8, tp
core   0: 3 0x80005ef0 (0x004c6733) x14 0xfffff800
core   0: 0x80005ef4 (0x0a6b0e93) addi    t4, s6, 166
core   0: 3 0x80005ef4 (0x0a6b0e93) x29 0x000000a7
core   0: 0x80005ef8 (0x019be633) or      a2, s7, s9
core   0: 3 0x80005ef8 (0x019be633) x12 0x00000001
core   0: 0x80005efc (0x01c510b3) sll     ra, a0, t3
core   0: 3 0x80005efc (0x01c510b3) x 1 0x00000004
core   0: 0x80005f00 (0x01365f13) srli    t5, a2, 19
core   0: 3 0x80005f00 (0x01365f13) x30 0x00000000
core   0: 0x80005f04 (0x58737593) andi    a1, t1, 1415
core   0: 3 0x80005f04 (0x58737593) x11 0x00000000
core   0: 0x80005f08 (0x00747ab3) and     s5, s0, t2
core   0: 3 0x80005f08 (0x00747ab3) x21 0x00000000
core   0: 0x80005f0c (0x44706213) ori     tp, zero, 1095
core   0: 3 0x80005f0c (0x44706213) x 4 0x00000447
core   0: 0x80005f10 (0x01cb5093) srli    ra, s6, 28
core   0: 3 0x80005f10 (0x01cb5093) x 1 0x00000000
core   0: 0x80005f14 (0x2e0a0e13) addi    t3, s4, 736
core   0: 3 0x80005f14 (0x2e0a0e13) x28 0x80012144
core   0: 0x80005f18 (0x3b870717) auipc   a4, 0x3b870
core   0: 3 0x80005f18 (0x3b870717) x14 0xbb875f18
core   0: 0x80005f1c (0x00d7b233) sltu    tp, a5, a3
core   0: 3 0x80005f1c (0x00d7b233) x 4 0x00000001
core   0: 0x80005f20 (0x01716733) or      a4, sp, s7
core   0: 3 0x80005f20 (0x01716733) x14 0xf0002b43
core   0: 0x80005f24 (0x00b77eb3) and     t4, a4, a1
core   0: 3 0x80005f24 (0x00b77eb3) x29 0x00000000
core   0: 0x80005f28 (0xf2d58713) addi    a4, a1, -211
core   0: 3 0x80005f28 (0xf2d58713) x14 0xffffff2d
core   0: 0x80005f2c (0x40fd5333) sra     t1, s10, a5
core   0: 3 0x80005f2c (0x40fd5333) x 6 0x00000000
core   0: 0x80005f30 (0x00e374b3) and     s1, t1, a4
core   0: 3 0x80005f30 (0x00e374b3) x 9 0x00000000
core   0: 0x80005f34 (0x93c3cd93) xori    s11, t2, -1732
core   0: 3 0x80005f34 (0x93c3cd93) x27 0x7ffee758
core   0: 0x80005f38 (0x00000013) nop
core   0: 3 0x80005f38 (0x00000013)
core   0: 0x80005f3c (0xb782c593) xori    a1, t0, -1160
core   0: 3 0x80005f3c (0xb782c593) x11 0x7ffea79c
core   0: 0x80005f40 (0x01c1f933) and     s2, gp, t3
core   0: 3 0x80005f40 (0x01c1f933) x18 0x00000000
core   0: 0x80005f44 (0x01734733) xor     a4, t1, s7
core   0: 3 0x80005f44 (0x01734733) x14 0x00000001
core   0: 0x80005f48 (0xe87efb13) andi    s6, t4, -377
core   0: 3 0x80005f48 (0xe87efb13) x22 0x00000000
core   0: 0x80005f4c (0x009d9933) sll     s2, s11, s1
core   0: 3 0x80005f4c (0x009d9933) x18 0x7ffee758
core   0: 0x80005f50 (0x7f274c13) xori    s8, a4, 2034
core   0: 3 0x80005f50 (0x7f274c13) x24 0x000007f3
core   0: 0x80005f54 (0x1b69fc13) andi    s8, s3, 438
core   0: 3 0x80005f54 (0x1b69fc13) x24 0x00000084
core   0: 0x80005f58 (0xca737313) andi    t1, t1, -857
core   0: 3 0x80005f58 (0xca737313) x 6 0x00000000
core   0: 0x80005f5c (0x41c00e33) sub     t3, zero, t3
core   0: 3 0x80005f5c (0x41c00e33) x28 0x7ffedebc
core   0: 0x80005f60 (0x4117d6b3) sra     a3, a5, a7
core   0: 3 0x80005f60 (0x4117d6b3) x13 0x00000000
core   0: 0x80005f64 (0xc415eb13) ori     s6, a1, -959
core   0: 3 0x80005f64 (0xc415eb13) x22 0xffffffdd
core   0: 0x80005f68 (0x00016733) or      a4, sp, zero
core   0: 3 0x80005f68 (0x00016733) x14 0xf0002b42
core   0: 0x80005f6c (0x00000013) nop
core   0: 3 0x80005f6c (0x00000013)
core   0: 0x80005f70 (0xec27e637) lui     a2, 0xec27e
core   0: 3 0x80005f70 (0xec27e637) x12 0xec27e000
core   0: 0x80005f74 (0x41b75333) sra     t1, a4, s11
core   0: 3 0x80005f74 (0x41b75333) x 6 0xfffffff0
core   0: 0x80005f78 (0x0145d233) srl     tp, a1, s4
core   0: 3 0x80005f78 (0x0145d233) x 4 0x07ffea79
core   0: 0x80005f7c (0x003f5b33) srl     s6, t5, gp
core   0: 3 0x80005f7c (0x003f5b33) x22 0x00000000
core   0: 0x80005f80 (0x00fcd9b3) srl     s3, s9, a5
core   0: 3 0x80005f80 (0x00fcd9b3) x19 0x00000000
core   0: 0x80005f84 (0x00751d93) slli    s11, a0, 7
core   0: 3 0x80005f84 (0x00751d93) x27 0x00000100
core   0: 0x80005f88 (0x405bdc93) srai    s9, s7, 5
core   0: 3 0x80005f88 (0x405bdc93) x25 0x00000000
core   0: 0x80005f8c (0x6e666513) ori     a0, a2, 1766
core   0: 3 0x80005f8c (0x6e666513) x10 0xec27e6e6
core   0: 0x80005f90 (0x00e35493) srli    s1, t1, 14
core   0: 3 0x80005f90 (0x00e35493) x 9 0x0003ffff
core   0: 0x80005f94 (0x6a0dc893) xori    a7, s11, 1696
core   0: 3 0x80005f94 (0x6a0dc893) x17 0x000007a0
core   0: 0x80005f98 (0x0dddec13) ori     s8, s11, 221
core   0: 3 0x80005f98 (0x0dddec13) x24 0x000001dd
core   0: 0x80005f9c (0x010b1193) slli    gp, s6, 16
core   0: 3 0x80005f9c (0x010b1193) x 3 0x00000000
core   0: 0x80005fa0 (0x00df4c33) xor     s8, t5, a3
core   0: 3 0x80005fa0 (0x00df4c33) x24 0x00000000
core   0: 0x80005fa4 (0x75e16613) ori     a2, sp, 1886
core   0: 3 0x80005fa4 (0x75e16613) x12 0xf0002f5e
core   0: 0x80005fa8 (0x01a52bb3) slt     s7, a0, s10
core   0: 3 0x80005fa8 (0x01a52bb3) x23 0x00000001
core   0: 0x80005fac (0xe2ba7713) andi    a4, s4, -469
core   0: 3 0x80005fac (0xe2ba7713) x14 0x80011e20
core   0: 0x80005fb0 (0x00000013) nop
core   0: 3 0x80005fb0 (0x00000013)
core   0: 0x80005fb4 (0x00a85e33) srl     t3, a6, a0
core   0: 3 0x80005fb4 (0x00a85e33) x28 0x03e91142
core   0: 0x80005fb8 (0x91744413) xori    s0, s0, -1769
core   0: 3 0x80005fb8 (0x91744413) x 8 0xfffff917
core   0: 0x80005fbc (0x0152fd33) and     s10, t0, s5
core   0: 3 0x80005fbc (0x0152fd33) x26 0x00000000
core   0: 0x80005fc0 (0x00b69133) sll     sp, a3, a1
core   0: 3 0x80005fc0 (0x00b69133) x 2 0x00000000
core   0: 0x80005fc4 (0x01c86eb3) or      t4, a6, t3
core   0: 3 0x80005fc4 (0x01c86eb3) x29 0xfbed51f6
core   0: 0x80005fc8 (0x010d5133) srl     sp, s10, a6
core   0: 3 0x80005fc8 (0x010d5133) x 2 0x00000000
core   0: 0x80005fcc (0x00ae6933) or      s2, t3, a0
core   0: 3 0x80005fcc (0x00ae6933) x18 0xefeff7e6
core   0: 0x80005fd0 (0x00f22933) slt     s2, tp, a5
core   0: 3 0x80005fd0 (0x00f22933) x18 0x00000000
core   0: 0x80005fd4 (0xefb3f693) andi    a3, t2, -261
core   0: 3 0x80005fd4 (0xefb3f693) x13 0x80011e60
core   0: 0x80005fd8 (0x009c27b3) slt     a5, s8, s1
core   0: 3 0x80005fd8 (0x009c27b3) x15 0x00000001
core   0: 0x80005fdc (0x00c87f33) and     t5, a6, a2
core   0: 3 0x80005fdc (0x00c87f33) x30 0xf0000014
core   0: 0x80005fe0 (0x005017b3) sll     a5, zero, t0
core   0: 3 0x80005fe0 (0x005017b3) x15 0x00000000
core   0: 0x80005fe4 (0xf8f66493) ori     s1, a2, -113
core   0: 3 0x80005fe4 (0xf8f66493) x 9 0xffffffdf
core   0: 0x80005fe8 (0x41a951b3) sra     gp, s2, s10
core   0: 3 0x80005fe8 (0x41a951b3) x 3 0x00000000
core   0: 0x80005fec (0x01b549b3) xor     s3, a0, s11
core   0: 3 0x80005fec (0x01b549b3) x19 0xec27e7e6
core   0: 0x80005ff0 (0x00b4d1b3) srl     gp, s1, a1
core   0: 3 0x80005ff0 (0x00b4d1b3) x 3 0x0000000f
core   0: 0x80005ff4 (0x41fe5993) srai    s3, t3, 31
core   0: 3 0x80005ff4 (0x41fe5993) x19 0x00000000
core   0: 0x80005ff8 (0x04042c13) slti    s8, s0, 64
core   0: 3 0x80005ff8 (0x04042c13) x24 0x00000001
core   0: 0x80005ffc (0x0120b5b3) sltu    a1, ra, s2
core   0: 3 0x80005ffc (0x0120b5b3) x11 0x00000000
core   0: 0x80006000 (0x44f42413) slti    s0, s0, 1103
core   0: 3 0x80006000 (0x44f42413) x 8 0x00000001
core   0: 0x80006004 (0x007b0bb3) add     s7, s6, t2
core   0: 3 0x80006004 (0x007b0bb3) x23 0x80011e64
core   0: 0x80006008 (0xd8e0b013) sltiu   zero, ra, -626
core   0: 3 0x80006008 (0xd8e0b013)
core   0: 0x8000600c (0x0095c0b3) xor     ra, a1, s1
core   0: 3 0x8000600c (0x0095c0b3) x 1 0xffffffdf
core   0: 0x80006010 (0x00c83333) sltu    t1, a6, a2
core   0: 3 0x80006010 (0x00c83333) x 6 0x00000000
core   0: 0x80006014 (0x00b58633) add     a2, a1, a1
core   0: 3 0x80006014 (0x00b58633) x12 0x00000000
core   0: 0x80006018 (0xdb16ca13) xori    s4, a3, -591
core   0: 3 0x80006018 (0xdb16ca13) x20 0x7ffee3d1
core   0: 0x8000601c (0x00000013) nop
core   0: 3 0x8000601c (0x00000013)
core   0: 0x80006020 (0xb956e613) ori     a2, a3, -1131
core   0: 3 0x80006020 (0xb956e613) x12 0xfffffff5
core   0: 0x80006024 (0x17ff4d13) xori    s10, t5, 383
core   0: 3 0x80006024 (0x17ff4d13) x26 0xf000016b
core   0: 0x80006028 (0xf1a44a97) auipc   s5, 0xf1a44
core   0: 3 0x80006028 (0xf1a44a97) x21 0x71a4a028
core   0: 0x8000602c (0xeaa3c217) auipc   tp, 0xeaa3c
core   0: 3 0x8000602c (0xeaa3c217) x 4 0x6aa4202c
core   0: 0x80006030 (0x007286b3) add     a3, t0, t2
core   0: 3 0x80006030 (0x007286b3) x13 0x00027b48
core   0: 0x80006034 (0x415c0433) sub     s0, s8, s5
core   0: 3 0x80006034 (0x415c0433) x 8 0x8e5b5fd9
core   0: 0x80006038 (0xffe30bb7) lui     s7, 0xffe30
core   0: 3 0x80006038 (0xffe30bb7) x23 0xffe30000
core   0: 0x8000603c (0xdf1ab093) sltiu   ra, s5, -527
core   0: 3 0x8000603c (0xdf1ab093) x 1 0x00000001
core   0: 0x80006040 (0x00799a33) sll     s4, s3, t2
core   0: 3 0x80006040 (0x00799a33) x20 0x00000000
core   0: 0x80006044 (0x714ec697) auipc   a3, 0x714ec
core   0: 3 0x80006044 (0x714ec697) x13 0xf14f2044
core   0: 0x80006048 (0xa061ca13) xori    s4, gp, -1530
core   0: 3 0x80006048 (0xa061ca13) x20 0xfffffa09
core   0: 0x8000604c (0xd3817913) andi    s2, sp, -712
core   0: 3 0x8000604c (0xd3817913) x18 0x00000000
core   0: 0x80006050 (0x4144d6b3) sra     a3, s1, s4
core   0: 3 0x80006050 (0x4144d6b3) x13 0xffffffff
core   0: 0x80006054 (0x4dfce437) lui     s0, 0x4dfce
core   0: 3 0x80006054 (0x4dfce437) x 8 0x4dfce000
core   0: 0x80006058 (0x00bfda13) srli    s4, t6, 11
core   0: 3 0x80006058 (0x00bfda13) x20 0x001814e7
core   0: 0x8000605c (0x01a85933) srl     s2, a6, s10
core   0: 3 0x8000605c (0x01a85933) x18 0x001f488a
core   0: 0x80006060 (0x01ad9e13) slli    t3, s11, 26
core   0: 3 0x80006060 (0x01ad9e13) x28 0x00000000
core   0: 0x80006064 (0x41960db3) sub     s11, a2, s9
core   0: 3 0x80006064 (0x41960db3) x27 0xfffffff5
core   0: 0x80006068 (0x007095b3) sll     a1, ra, t2
core   0: 3 0x80006068 (0x007095b3) x11 0x00000010
core   0: 0x8000606c (0x40690033) sub     zero, s2, t1
core   0: 3 0x8000606c (0x40690033)
core   0: 0x80006070 (0x78f38193) addi    gp, t2, 1935
core   0: 3 0x80006070 (0x78f38193) x 3 0x800125f3
core   0: 0x80006074 (0x00f029b3) slt     s3, zero, a5
core   0: 3 0x80006074 (0x00f029b3) x19 0x00000000
core   0: 0x80006078 (0xb5314a37) lui     s4, 0xb5314
core   0: 3 0x80006078 (0xb5314a37) x20 0xb5314000
core   0: 0x8000607c (0x00000013) nop
core   0: 3 0x8000607c (0x00000013)
core   0: 0x80006080 (0x01f1a6b3) slt     a3, gp, t6
core   0: 3 0x80006080 (0x01f1a6b3) x13 0x00000001
core   0: 0x80006084 (0x01205bb3) srl     s7, zero, s2
core   0: 3 0x80006084 (0x01205bb3) x23 0x00000000
core   0: 0x80006088 (0x414350b3) sra     ra, t1, s4
core   0: 3 0x80006088 (0x414350b3) x 1 0x00000000
core   0: 0x8000608c (0x00c55d93) srli    s11, a0, 12
core   0: 3 0x8000608c (0x00c55d93) x27 0x000ec27e
core   0: 0x80006090 (0x0005fa33) and     s4, a1, zero
core   0: 3 0x80006090 (0x0005fa33) x20 0x00000000
core   0: 0x80006094 (0x00c27d33) and     s10, tp, a2
core   0: 3 0x80006094 (0x00c27d33) x26 0x6aa42024
core   0: 0x80006098 (0x01e6e9b3) or      s3, a3, t5
core   0: 3 0x80006098 (0x01e6e9b3) x19 0xf0000015
core   0: 0x8000609c (0xb8de4093) xori    ra, t3, -1139
core   0: 3 0x8000609c (0xb8de4093) x 1 0xfffffb8d
core   0: 0x800060a0 (0xccd23093) sltiu   ra, tp, -819
core   0: 3 0x800060a0 (0xccd23093) x 1 0x00000001
core   0: 0x800060a4 (0x009084b3) add     s1, ra, s1
core   0: 3 0x800060a4 (0x009084b3) x 9 0xffffffe0
core   0: 0x800060a8 (0x052b4a13) xori    s4, s6, 82
core   0: 3 0x800060a8 (0x052b4a13) x20 0x00000052
core   0: 0x800060ac (0x00c26233) or      tp, tp, a2
core   0: 3 0x800060ac (0x00c26233) x 4 0xfffffffd
core   0: 0x800060b0 (0x41285b33) sra     s6, a6, s2
core   0: 3 0x800060b0 (0x41285b33) x22 0xfffe9114
core   0: 0x800060b4 (0x00779693) slli    a3, a5, 7
core   0: 3 0x800060b4 (0x00779693) x13 0x00000000
core   0: 0x800060b8 (0x0043f433) and     s0, t2, tp
core   0: 3 0x800060b8 (0x0043f433) x 8 0x80011e64
core   0: 0x800060bc (0x015b01b3) add     gp, s6, s5
core   0: 3 0x800060bc (0x015b01b3) x 3 0x71a3313c
core   0: 0x800060c0 (0x4091d333) sra     t1, gp, s1
core   0: 3 0x800060c0 (0x4091d333) x 6 0x71a3313c
core   0: 0x800060c4 (0x7f7efe13) andi    t3, t4, 2039
core   0: 3 0x800060c4 (0x7f7efe13) x28 0x000001f6
core   0: 0x800060c8 (0x017d3033) sltu    zero, s10, s7
core   0: 3 0x800060c8 (0x017d3033)
core   0: 0x800060cc (0x01e54db3) xor     s11, a0, t5
core   0: 3 0x800060cc (0x01e54db3) x27 0x1c27e6f2
core   0: 0x800060d0 (0x75f5ee93) ori     t4, a1, 1887
core   0: 3 0x800060d0 (0x75f5ee93) x29 0x0000075f
core   0: 0x800060d4 (0xa48c0f13) addi    t5, s8, -1464
core   0: 3 0x800060d4 (0xa48c0f13) x30 0xfffffa49
core   0: 0x800060d8 (0x007651b3) srl     gp, a2, t2
core   0: 3 0x800060d8 (0x007651b3) x 3 0x0fffffff
core   0: 0x800060dc (0xb7e27513) andi    a0, tp, -1154
core   0: 3 0x800060dc (0xb7e27513) x10 0xfffffb7c
core   0: 0x800060e0 (0x417ddf93) srai    t6, s11, 23
core   0: 3 0x800060e0 (0x417ddf93) x31 0x00000038
core   0: 0x800060e4 (0xab2d3693) sltiu   a3, s10, -1358
core   0: 3 0x800060e4 (0xab2d3693) x13 0x00000001
core   0: 0x800060e8 (0x33a8ca13) xori    s4, a7, 826
core   0: 3 0x800060e8 (0x33a8ca13) x20 0x0000049a
core   0: 0x800060ec (0x001e91b3) sll     gp, t4, ra
core   0: 3 0x800060ec (0x001e91b3) x 3 0x00000ebe
core   0: 0x800060f0 (0xeab23013) sltiu   zero, tp, -341
core   0: 3 0x800060f0 (0xeab23013)
core   0: 0x800060f4 (0x9387cb13) xori    s6, a5, -1736
core   0: 3 0x800060f4 (0x9387cb13) x22 0xfffff938
core   0: 0x800060f8 (0x40018233) sub     tp, gp, zero
core   0: 3 0x800060f8 (0x40018233) x 4 0x00000ebe
core   0: 0x800060fc (0x8a1955b7) lui     a1, 0x8a195
core   0: 3 0x800060fc (0x8a1955b7) x11 0x8a195000
core   0: 0x80006100 (0x00332ab3) slt     s5, t1, gp
core   0: 3 0x80006100 (0x00332ab3) x21 0x00000000
core   0: 0x80006104 (0x00592ab3) slt     s5, s2, t0
core   0: 3 0x80006104 (0x00592ab3) x21 0x00000000
core   0: 0x80006108 (0x0050d213) srli    tp, ra, 5
core   0: 3 0x80006108 (0x0050d213) x 4 0x00000000
core   0: 0x8000610c (0x000e4433) xor     s0, t3, zero
core   0: 3 0x8000610c (0x000e4433) x 8 0x000001f6
core   0: 0x80006110 (0x3a6c6c37) lui     s8, 0x3a6c6
core   0: 3 0x80006110 (0x3a6c6c37) x24 0x3a6c6000
core   0: 0x80006114 (0x6f1cad13) slti    s10, s9, 1777
core   0: 3 0x80006114 (0x6f1cad13) x26 0x00000001
core   0: 0x80006118 (0x00918eb3) add     t4, gp, s1
core   0: 3 0x80006118 (0x00918eb3) x29 0x00000e9e
core   0: 0x8000611c (0x15980e13) addi    t3, a6, 345
core   0: 3 0x8000611c (0x15980e13) x28 0xfa44520d
core   0: 0x80006120 (0xb9d33a93) sltiu   s5, t1, -1123
core   0: 3 0x80006120 (0xb9d33a93) x21 0x00000001
core   0: 0x80006124 (0x00000013) nop
core   0: 3 0x80006124 (0x00000013)
core   0: 0x80006128 (0xba43e113) ori     sp, t2, -1116
core   0: 3 0x80006128 (0xba43e113) x 2 0xffffffe4
core   0: 0x8000612c (0x9d89c793) xori    a5, s3, -1576
core   0: 3 0x8000612c (0x9d89c793) x15 0x0ffff9cd
core   0: 0x80006130 (0xb3ed3993) sltiu   s3, s10, -1218
core   0: 3 0x80006130 (0xb3ed3993) x19 0x00000001
core   0: 0x80006134 (0x412f04b3) sub     s1, t5, s2
core   0: 3 0x80006134 (0x412f04b3) x 9 0xffe0b1bf
core   0: 0x80006138 (0xc944a117) auipc   sp, 0xc944a
core   0: 3 0x80006138 (0xc944a117) x 2 0x49450138
core   0: 0x8000613c (0x00578ab3) add     s5, a5, t0
core   0: 3 0x8000613c (0x00578ab3) x21 0x900156b1
core   0: 0x80006140 (0x00b384b3) add     s1, t2, a1
core   0: 3 0x80006140 (0x00b384b3) x 9 0x0a1a6e64
core   0: 0x80006144 (0x40495113) srai    sp, s2, 4
core   0: 3 0x80006144 (0x40495113) x 2 0x0001f488
core   0: 0x80006148 (0xcd4a8093) addi    ra, s5, -812
core   0: 3 0x80006148 (0xcd4a8093) x 1 0x90015385
core   0: 0x8000614c (0x411d8c33) sub     s8, s11, a7
core   0: 3 0x8000614c (0x411d8c33) x24 0x1c27df52
core   0: 0x80006150 (0x39c13c13) sltiu   s8, sp, 924
core   0: 3 0x80006150 (0x39c13c13) x24 0x00000000
core   0: 0x80006154 (0x00421193) slli    gp, tp, 4
core   0: 3 0x80006154 (0x00421193) x 3 0x00000000
core   0: 0x80006158 (0xf3e23497) auipc   s1, 0xf3e23
core   0: 3 0x80006158 (0xf3e23497) x 9 0x73e29158
core   0: 0x8000615c (0x015f5b13) srli    s6, t5, 21
core   0: 3 0x8000615c (0x015f5b13) x22 0x000007ff
core   0: 0x80006160 (0x410d8cb3) sub     s9, s11, a6
core   0: 3 0x80006160 (0x410d8cb3) x25 0x21e3963e
core   0: 0x80006164 (0x7d018d93) addi    s11, gp, 2000
core   0: 3 0x80006164 (0x7d018d93) x27 0x000007d0
core   0: 0x80006168 (0x00902f33) slt     t5, zero, s1
core   0: 3 0x80006168 (0x00902f33) x30 0x00000001
core   0: 0x8000616c (0x14556897) auipc   a7, 0x14556
core   0: 3 0x8000616c (0x14556897) x17 0x9455c16c
core   0: 0x80006170 (0x00b55d93) srli    s11, a0, 11
core   0: 3 0x80006170 (0x00b55d93) x27 0x001fffff
core   0: 0x80006174 (0x0073a0b3) slt     ra, t2, t2
core   0: 3 0x80006174 (0x0073a0b3) x 1 0x00000000
core   0: 0x80006178 (0x0112cf33) xor     t5, t0, a7
core   0: 3 0x80006178 (0x0112cf33) x30 0x14549d88
core   0: 0x8000617c (0xffc05417) auipc   s0, 0xffc05
core   0: 3 0x8000617c (0xffc05417) x 8 0x7fc0b17c
core   0: 0x80006180 (0x0160e033) or      zero, ra, s6
core   0: 3 0x80006180 (0x0160e033)
core   0: 0x80006184 (0x41e1d433) sra     s0, gp, t5
core   0: 3 0x80006184 (0x41e1d433) x 8 0x00000000
core   0: 0x80006188 (0x0166ed33) or      s10, a3, s6
core   0: 3 0x80006188 (0x0166ed33) x26 0x000007ff
core   0: 0x8000618c (0x40b05933) sra     s2, zero, a1
core   0: 3 0x8000618c (0x40b05933) x18 0x00000000
core   0: 0x80006190 (0x94a2aa93) slti    s5, t0, -1718
core   0: 3 0x80006190 (0x94a2aa93) x21 0x00000001
core   0: 0x80006194 (0x00a09333) sll     t1, ra, a0
core   0: 3 0x80006194 (0x00a09333) x 6 0x00000000
core   0: 0x80006198 (0x27663893) sltiu   a7, a2, 630
core   0: 3 0x80006198 (0x27663893) x17 0x00000000
core   0: 0x8000619c (0x011b1cb3) sll     s9, s6, a7
core   0: 3 0x8000619c (0x011b1cb3) x25 0x000007ff
core   0: 0x800061a0 (0x00ea3ab3) sltu    s5, s4, a4
core   0: 3 0x800061a0 (0x00ea3ab3) x21 0x00000001
core   0: 0x800061a4 (0x01cb24b3) slt     s1, s6, t3
core   0: 3 0x800061a4 (0x01cb24b3) x 9 0x00000000
core   0: 0x800061a8 (0x01aa4f33) xor     t5, s4, s10
core   0: 3 0x800061a8 (0x01aa4f33) x30 0x00000365
core   0: 0x800061ac (0x6fdf2093) slti    ra, t5, 1789
core   0: 3 0x800061ac (0x6fdf2093) x 1 0x00000001
core   0: 0x800061b0 (0xada04d13) xori    s10, zero, -1318
core   0: 3 0x800061b0 (0xada04d13) x26 0xfffffada
core   0: 0x800061b4 (0xd6bb0c93) addi    s9, s6, -661
core   0: 3 0x800061b4 (0xd6bb0c93) x25 0x0000056a
core   0: 0x800061b8 (0x01cbe333) or      t1, s7, t3
core   0: 3 0x800061b8 (0x01cbe333) x 6 0xfa44520d
core   0: 0x800061bc (0x59d50993) addi    s3, a0, 1437
core   0: 3 0x800061bc (0x59d50993) x19 0x00000119
core   0: 0x800061c0 (0x40bdd493) srai    s1, s11, 11
core   0: 3 0x800061c0 (0x40bdd493) x 9 0x000003ff
core   0: 0x800061c4 (0x40ae5b33) sra     s6, t3, a0
core   0: 3 0x800061c4 (0x40ae5b33) x22 0xffffffff
core   0: 0x800061c8 (0x007954b3) srl     s1, s2, t2
core   0: 3 0x800061c8 (0x007954b3) x 9 0x00000000
core   0: 0x800061cc (0x004a81b3) add     gp, s5, tp
core   0: 3 0x800061cc (0x004a81b3) x 3 0x00000001
core   0: 0x800061d0 (0x0b116613) ori     a2, sp, 177
core   0: 3 0x800061d0 (0x0b116613) x12 0x0001f4b9
core   0: 0x800061d4 (0x015cfc33) and     s8, s9, s5
core   0: 3 0x800061d4 (0x015cfc33) x24 0x00000000
core   0: 0x800061d8 (0x00e689b3) add     s3, a3, a4
core   0: 3 0x800061d8 (0x00e689b3) x19 0x80011e21
core   0: 0x800061dc (0xd4a9cb13) xori    s6, s3, -694
core   0: 3 0x800061dc (0xd4a9cb13) x22 0x7ffee36b
core   0: 0x800061e0 (0x40d3db33) sra     s6, t2, a3
core   0: 3 0x800061e0 (0x40d3db33) x22 0xc0008f32
core   0: 0x800061e4 (0x01fb5d13) srli    s10, s6, 31
core   0: 3 0x800061e4 (0x01fb5d13) x26 0x00000001
core   0: 0x800061e8 (0xfe236493) ori     s1, t1, -30
core   0: 3 0x800061e8 (0xfe236493) x 9 0xffffffef
core   0: 0x800061ec (0x012521b3) slt     gp, a0, s2
core   0: 3 0x800061ec (0x012521b3) x 3 0x00000001
core   0: 0x800061f0 (0x00000013) nop
core   0: 3 0x800061f0 (0x00000013)
core   0: 0x800061f4 (0x002e6ab3) or      s5, t3, sp
core   0: 3 0x800061f4 (0x002e6ab3) x21 0xfa45f68d
core   0: 0x800061f8 (0x76bef493) andi    s1, t4, 1899
core   0: 3 0x800061f8 (0x76bef493) x 9 0x0000060a
core   0: 0x800061fc (0x00375033) srl     zero, a4, gp
core   0: 3 0x800061fc (0x00375033)
core   0: 0x80006200 (0x26a8bf93) sltiu   t6, a7, 618
core   0: 3 0x80006200 (0x26a8bf93) x31 0x00000001
core   0: 0x80006204 (0x0108d413) srli    s0, a7, 16
core   0: 3 0x80006204 (0x0108d413) x 8 0x00000000
core   0: 0x80006208 (0x31b2ef17) auipc   t5, 0x31b2e
core   0: 3 0x80006208 (0x31b2ef17) x30 0xb1b34208
core   0: 0x8000620c (0x91f2be17) auipc   t3, 0x91f2b
core   0: 3 0x8000620c (0x91f2be17) x28 0x11f3120c
core   0: 0x80006210 (0x00c3c4b3) xor     s1, t2, a2
core   0: 3 0x80006210 (0x00c3c4b3) x 9 0x8000eadd
core   0: 0x80006214 (0x7d65ad13) slti    s10, a1, 2006
core   0: 3 0x80006214 (0x7d65ad13) x26 0x00000001
core   0: 0x80006218 (0x008e1433) sll     s0, t3, s0
core   0: 3 0x80006218 (0x008e1433) x 8 0x11f3120c
core   0: 0x8000621c (0x401a5133) sra     sp, s4, ra
core   0: 3 0x8000621c (0x401a5133) x 2 0x0000024d
core   0: 0x80006220 (0x7d3a4e93) xori    t4, s4, 2003
core   0: 3 0x80006220 (0x7d3a4e93) x29 0x00000349
core   0: 0x80006224 (0x29999417) auipc   s0, 0x29999
core   0: 3 0x80006224 (0x29999417) x 8 0xa999f224
core   0: 0x80006228 (0x01059d13) slli    s10, a1, 16
core   0: 3 0x80006228 (0x01059d13) x26 0x50000000
core   0: 0x8000622c (0x0048f4b3) and     s1, a7, tp
core   0: 3 0x8000622c (0x0048f4b3) x 9 0x00000000
core   0: 0x80006230 (0x017770b3) and     ra, a4, s7
core   0: 3 0x80006230 (0x017770b3) x 1 0x00000000
core   0: 0x80006234 (0x00a95f33) srl     t5, s2, a0
core   0: 3 0x80006234 (0x00a95f33) x30 0x00000000
core   0: 0x80006238 (0x01841f13) slli    t5, s0, 24
core   0: 3 0x80006238 (0x01841f13) x30 0x24000000
core   0: 0x8000623c (0x008b0b33) add     s6, s6, s0
core   0: 3 0x8000623c (0x008b0b33) x22 0x699a8156
core   0: 0x80006240 (0x009fdb33) srl     s6, t6, s1
core   0: 3 0x80006240 (0x009fdb33) x22 0x00000001
core   0: 0x80006244 (0x0023e333) or      t1, t2, sp
core   0: 3 0x80006244 (0x0023e333) x 6 0x80011e6d
core   0: 0x80006248 (0x2e3b4493) xori    s1, s6, 739
core   0: 3 0x80006248 (0x2e3b4493) x 9 0x000002e2
core   0: 0x8000624c (0x019746b3) xor     a3, a4, s9
core   0: 3 0x8000624c (0x019746b3) x13 0x80011b4a
core   0: 0x80006250 (0x00b41133) sll     sp, s0, a1
core   0: 3 0x80006250 (0x00b41133) x 2 0xa999f224
core   0: 0x80006254 (0x0170c6b3) xor     a3, ra, s7
core   0: 3 0x80006254 (0x0170c6b3) x13 0x00000000
core   0: 0x80006258 (0x0186de33) srl     t3, a3, s8
core   0: 3 0x80006258 (0x0186de33) x28 0x00000000
core   0: 0x8000625c (0x0012d893) srli    a7, t0, 1
core   0: 3 0x8000625c (0x0012d893) x17 0x4000ae72
core   0: 0x80006260 (0x549cc593) xori    a1, s9, 1353
core   0: 3 0x80006260 (0x549cc593) x11 0x00000023
core   0: 0x80006264 (0x0086fdb3) and     s11, a3, s0
core   0: 3 0x80006264 (0x0086fdb3) x27 0x00000000
core   0: 0x80006268 (0x01685ab3) srl     s5, a6, s6
core   0: 3 0x80006268 (0x01685ab3) x21 0x7d22285a
core   0: 0x8000626c (0x002b9233) sll     tp, s7, sp
core   0: 3 0x8000626c (0x002b9233) x 4 0x00000000
core   0: 0x80006270 (0x004d3033) sltu    zero, s10, tp
core   0: 3 0x80006270 (0x004d3033)
core   0: 0x80006274 (0x31286013) ori     zero, a6, 786
core   0: 3 0x80006274 (0x31286013)
core   0: 0x80006278 (0xf9f95937) lui     s2, 0xf9f95
core   0: 3 0x80006278 (0xf9f95937) x18 0xf9f95000
core   0: 0x8000627c (0x01ec5013) srli    zero, s8, 30
core   0: 3 0x8000627c (0x01ec5013)
core   0: 0x80006280 (0x00299ab3) sll     s5, s3, sp
core   0: 3 0x80006280 (0x00299ab3) x21 0x0011e210
core   0: 0x80006284 (0x01090433) add     s0, s2, a6
core   0: 3 0x80006284 (0x01090433) x 8 0xf43da0b4
core   0: 0x80006288 (0x404b88b3) sub     a7, s7, tp
core   0: 3 0x80006288 (0x404b88b3) x17 0x00000000
core   0: 0x8000628c (0x4140d1b3) sra     gp, ra, s4
core   0: 3 0x8000628c (0x4140d1b3) x 3 0x00000000
core   0: 0x80006290 (0x00134933) xor     s2, t1, ra
core   0: 3 0x80006290 (0x00134933) x18 0x80011e6d
core   0: 0x80006294 (0xe7c8d337) lui     t1, 0xe7c8d
core   0: 3 0x80006294 (0xe7c8d337) x 6 0xe7c8d000
core   0: 0x80006298 (0x01cd9733) sll     a4, s11, t3
core   0: 3 0x80006298 (0x01cd9733) x14 0x00000000
core   0: 0x8000629c (0x00313b33) sltu    s6, sp, gp
core   0: 3 0x8000629c (0x00313b33) x22 0x00000000
core   0: 0x800062a0 (0x015d2f33) slt     t5, s10, s5
core   0: 3 0x800062a0 (0x015d2f33) x30 0x00000000
core   0: 0x800062a4 (0x013e5933) srl     s2, t3, s3
core   0: 3 0x800062a4 (0x013e5933) x18 0x00000000
core   0: 0x800062a8 (0x001a2233) slt     tp, s4, ra
core   0: 3 0x800062a8 (0x001a2233) x 4 0x00000000
core   0: 0x800062ac (0x4008dd93) srai    s11, a7, 0
core   0: 3 0x800062ac (0x4008dd93) x27 0x00000000
core   0: 0x800062b0 (0x40005c13) srai    s8, zero, 0
core   0: 3 0x800062b0 (0x40005c13) x24 0x00000000
core   0: 0x800062b4 (0x4131d4b3) sra     s1, gp, s3
core   0: 3 0x800062b4 (0x4131d4b3) x 9 0x00000000
core   0: 0x800062b8 (0x01b0c8b3) xor     a7, ra, s11
core   0: 3 0x800062b8 (0x01b0c8b3) x17 0x00000000
core   0: 0x800062bc (0x410f5133) sra     sp, t5, a6
core   0: 3 0x800062bc (0x410f5133) x 2 0x00000000
core   0: 0x800062c0 (0x41f3d113) srai    sp, t2, 31
core   0: 3 0x800062c0 (0x41f3d113) x 2 0xffffffff
core   0: 0x800062c4 (0x00000013) nop
core   0: 3 0x800062c4 (0x00000013)
core   0: 0x800062c8 (0x41045613) srai    a2, s0, 16
core   0: 3 0x800062c8 (0x41045613) x12 0xfffff43d
core   0: 0x800062cc (0x1ba88937) lui     s2, 0x1ba88
core   0: 3 0x800062cc (0x1ba88937) x18 0x1ba88000
core   0: 0x800062d0 (0x40d98bb3) sub     s7, s3, a3
core   0: 3 0x800062d0 (0x40d98bb3) x23 0x80011e21
core   0: 0x800062d4 (0x007b1733) sll     a4, s6, t2
core   0: 3 0x800062d4 (0x007b1733) x14 0x00000000
core   0: 0x800062d8 (0x41a251b3) sra     gp, tp, s10
core   0: 3 0x800062d8 (0x41a251b3) x 3 0x00000000
core   0: 0x800062dc (0x0096f033) and     zero, a3, s1
core   0: 3 0x800062dc (0x0096f033)
core   0: 0x800062e0 (0x01f884b3) add     s1, a7, t6
core   0: 3 0x800062e0 (0x01f884b3) x 9 0x00000001
core   0: 0x800062e4 (0x014fd613) srli    a2, t6, 20
core   0: 3 0x800062e4 (0x014fd613) x12 0x00000000
core   0: 0x800062e8 (0x0ded0f13) addi    t5, s10, 222
core   0: 3 0x800062e8 (0x0ded0f13) x30 0x500000de
core   0: 0x800062ec (0x413c8bb3) sub     s7, s9, s3
core   0: 3 0x800062ec (0x413c8bb3) x23 0x7ffee749
core   0: 0x800062f0 (0x00000013) nop
core   0: 3 0x800062f0 (0x00000013)
core   0: 0x800062f4 (0x017c16b3) sll     a3, s8, s7
core   0: 3 0x800062f4 (0x017c16b3) x13 0x00000000
core   0: 0x800062f8 (0x00399c93) slli    s9, s3, 3
core   0: 3 0x800062f8 (0x00399c93) x25 0x0008f108
core   0: 0x800062fc (0x87f5e213) ori     tp, a1, -1921
core   0: 3 0x800062fc (0x87f5e213) x 4 0xfffff87f
core   0: 0x80006300 (0x01bcbab3) sltu    s5, s9, s11
core   0: 3 0x80006300 (0x01bcbab3) x21 0x00000000
core   0: 0x80006304 (0xa3314913) xori    s2, sp, -1485
core   0: 3 0x80006304 (0xa3314913) x18 0x000005cc
core   0: 0x80006308 (0xff6a8c13) addi    s8, s5, -10
core   0: 3 0x80006308 (0xff6a8c13) x24 0xfffffff6
core   0: 0x8000630c (0x012d5b33) srl     s6, s10, s2
core   0: 3 0x8000630c (0x012d5b33) x22 0x00050000
core   0: 0x80006310 (0x74dd6c13) ori     s8, s10, 1869
core   0: 3 0x80006310 (0x74dd6c13) x24 0x5000074d
core   0: 0x80006314 (0x00fb8233) add     tp, s7, a5
core   0: 3 0x80006314 (0x00fb8233) x 4 0x8ffee116
core   0: 0x80006318 (0x01da4533) xor     a0, s4, t4
core   0: 3 0x80006318 (0x01da4533) x10 0x000007d3
core   0: 0x8000631c (0x01224cb3) xor     s9, tp, s2
core   0: 3 0x8000631c (0x01224cb3) x25 0x8ffee4da
core   0: 0x80006320 (0x40e20e33) sub     t3, tp, a4
core   0: 3 0x80006320 (0x40e20e33) x28 0x8ffee116
core   0: 0x80006324 (0x896de493) ori     s1, s11, -1898
core   0: 3 0x80006324 (0x896de493) x 9 0xfffff896
core   0: 0x80006328 (0x69c83b93) sltiu   s7, a6, 1692
core   0: 3 0x80006328 (0x69c83b93) x23 0x00000000
core   0: 0x8000632c (0x924c6093) ori     ra, s8, -1756
core   0: 3 0x8000632c (0x924c6093) x 1 0xffffff6d
core   0: 0x80006330 (0x00000013) nop
core   0: 3 0x80006330 (0x00000013)
core   0: 0x80006334 (0xf6673c13) sltiu   s8, a4, -154
core   0: 3 0x80006334 (0xf6673c13) x24 0x00000001
core   0: 0x80006338 (0xd8d7ce13) xori    t3, a5, -627
core   0: 3 0x80006338 (0xd8d7ce13) x28 0xf0000440
core   0: 0x8000633c (0x01411e93) slli    t4, sp, 20
core   0: 3 0x8000633c (0x01411e93) x29 0xfff00000
core   0: 0x80006340 (0x019560b3) or      ra, a0, s9
core   0: 3 0x80006340 (0x019560b3) x 1 0x8ffee7db
core   0: 0x80006344 (0xcacecc13) xori    s8, t4, -852
core   0: 3 0x80006344 (0xcacecc13) x24 0x000ffcac
core   0: 0x80006348 (0x408f5cb3) sra     s9, t5, s0
core   0: 3 0x80006348 (0x408f5cb3) x25 0x00000500
core   0: 0x8000634c (0x01849413) slli    s0, s1, 24
core   0: 3 0x8000634c (0x01849413) x 8 0x96000000
core   0: 0x80006350 (0x4ce88413) addi    s0, a7, 1230
core   0: 3 0x80006350 (0x4ce88413) x 8 0x000004ce
core   0: 0x80006354 (0x013d1e93) slli    t4, s10, 19
core   0: 3 0x80006354 (0x013d1e93) x29 0x00000000
core   0: 0x80006358 (0x016d9693) slli    a3, s11, 22
core   0: 3 0x80006358 (0x016d9693) x13 0x00000000
core   0: 0x8000635c (0xbc0c2213) slti    tp, s8, -1088
core   0: 3 0x8000635c (0xbc0c2213) x 4 0x00000000
core   0: 0x80006360 (0x00341d13) slli    s10, s0, 3
core   0: 3 0x80006360 (0x00341d13) x26 0x00002670
core   0: 0x80006364 (0x009eb333) sltu    t1, t4, s1
core   0: 3 0x80006364 (0x009eb333) x 6 0x00000001
core   0: 0x80006368 (0x0018a0b3) slt     ra, a7, ra
core   0: 3 0x80006368 (0x0018a0b3) x 1 0x00000000
core   0: 0x8000636c (0x01dde933) or      s2, s11, t4
core   0: 3 0x8000636c (0x01dde933) x18 0x00000000
core   0: 0x80006370 (0xafb20693) addi    a3, tp, -1285
core   0: 3 0x80006370 (0xafb20693) x13 0xfffffafb
core   0: 0x80006374 (0xea6fbf13) sltiu   t5, t6, -346
core   0: 3 0x80006374 (0xea6fbf13) x30 0x00000001
core   0: 0x80006378 (0xda01f413) andi    s0, gp, -608
core   0: 3 0x80006378 (0xda01f413) x 8 0x00000000
core   0: 0x8000637c (0x012b1993) slli    s3, s6, 18
core   0: 3 0x8000637c (0x012b1993) x19 0x00000000
core   0: 0x80006380 (0xcca18937) lui     s2, 0xcca18
core   0: 3 0x80006380 (0xcca18937) x18 0xcca18000
core   0: 0x80006384 (0x2318a893) slti    a7, a7, 561
core   0: 3 0x80006384 (0x2318a893) x17 0x00000001
core   0: 0x80006388 (0x00f09d93) slli    s11, ra, 15
core   0: 3 0x80006388 (0x00f09d93) x27 0x00000000
core   0: 0x8000638c (0x00f0d413) srli    s0, ra, 15
core   0: 3 0x8000638c (0x00f0d413) x 8 0x00000000
core   0: 0x80006390 (0x00c5e933) or      s2, a1, a2
core   0: 3 0x80006390 (0x00c5e933) x18 0x00000023
core   0: 0x80006394 (0x00000013) nop
core   0: 3 0x80006394 (0x00000013)
core   0: 0x80006398 (0x004a8533) add     a0, s5, tp
core   0: 3 0x80006398 (0x004a8533) x10 0x00000000
core   0: 0x8000639c (0x33c62a93) slti    s5, a2, 828
core   0: 3 0x8000639c (0x33c62a93) x21 0x00000001
core   0: 0x800063a0 (0x016d8bb3) add     s7, s11, s6
core   0: 3 0x800063a0 (0x016d8bb3) x23 0x00050000
core   0: 0x800063a4 (0x40d051b3) sra     gp, zero, a3
core   0: 3 0x800063a4 (0x40d051b3) x 3 0x00000000
core   0: 0x800063a8 (0x00000013) nop
core   0: 3 0x800063a8 (0x00000013)
core   0: 0x800063ac (0x9fb2e893) ori     a7, t0, -1541
core   0: 3 0x800063ac (0x9fb2e893) x17 0xfffffdff
core   0: 0x800063b0 (0x4062d093) srai    ra, t0, 6
core   0: 3 0x800063b0 (0x4062d093) x 1 0xfe000573
core   0: 0x800063b4 (0x7e082237) lui     tp, 0x7e082
core   0: 3 0x800063b4 (0x7e082237) x 4 0x7e082000
core   0: 0x800063b8 (0x00da7a33) and     s4, s4, a3
core   0: 3 0x800063b8 (0x00da7a33) x20 0x0000009a
core   0: 0x800063bc (0x41b78333) sub     t1, a5, s11
core   0: 3 0x800063bc (0x41b78333) x 6 0x0ffff9cd
core   0: 0x800063c0 (0x00b68433) add     s0, a3, a1
core   0: 3 0x800063c0 (0x00b68433) x 8 0xfffffb1e
core   0: 0x800063c4 (0x001098b3) sll     a7, ra, ra
core   0: 3 0x800063c4 (0x001098b3) x17 0x2b980000
core   0: 0x800063c8 (0x00e276b3) and     a3, tp, a4
core   0: 3 0x800063c8 (0x00e276b3) x13 0x00000000
core   0: 0x800063cc (0x00670333) add     t1, a4, t1
core   0: 3 0x800063cc (0x00670333) x 6 0x0ffff9cd
core   0: 0x800063d0 (0x44e48093) addi    ra, s1, 1102
core   0: 3 0x800063d0 (0x44e48093) x 1 0xfffffce4
core   0: 0x800063d4 (0x00000013) nop
core   0: 3 0x800063d4 (0x00000013)
core   0: 0x800063d8 (0x18663113) sltiu   sp, a2, 390
core   0: 3 0x800063d8 (0x18663113) x 2 0x00000001
core   0: 0x800063dc (0xa1ea8c13) addi    s8, s5, -1506
core   0: 3 0x800063dc (0xa1ea8c13) x24 0xfffffa1f
core   0: 0x800063e0 (0x7ce9b337) lui     t1, 0x7ce9b
core   0: 3 0x800063e0 (0x7ce9b337) x 6 0x7ce9b000
core   0: 0x800063e4 (0x002e8db3) add     s11, t4, sp
core   0: 3 0x800063e4 (0x002e8db3) x27 0x00000001
core   0: 0x800063e8 (0x8a367413) andi    s0, a2, -1885
core   0: 3 0x800063e8 (0x8a367413) x 8 0x00000000
core   0: 0x800063ec (0x01811c13) slli    s8, sp, 24
core   0: 3 0x800063ec (0x01811c13) x24 0x01000000
core   0: 0x800063f0 (0x4133df13) srai    t5, t2, 19
core   0: 3 0x800063f0 (0x4133df13) x30 0xfffff000
core   0: 0x800063f4 (0x41cd5eb3) sra     t4, s10, t3
core   0: 3 0x800063f4 (0x41cd5eb3) x29 0x00002670
core   0: 0x800063f8 (0x0165d4b3) srl     s1, a1, s6
core   0: 3 0x800063f8 (0x0165d4b3) x 9 0x00000023
core   0: 0x800063fc (0x40f8d213) srai    tp, a7, 15
core   0: 3 0x800063fc (0x40f8d213) x 4 0x00005730
core   0: 0x80006400 (0x011409b3) add     s3, s0, a7
core   0: 3 0x80006400 (0x011409b3) x19 0x2b980000
core   0: 0x80006404 (0x00897f33) and     t5, s2, s0
core   0: 3 0x80006404 (0x00897f33) x30 0x00000000
core   0: 0x80006408 (0x00d26bb3) or      s7, tp, a3
core   0: 3 0x80006408 (0x00d26bb3) x23 0x00005730
core   0: 0x8000640c (0xaffe6493) ori     s1, t3, -1281
core   0: 3 0x8000640c (0xaffe6493) x 9 0xfffffeff
core   0: 0x80006410 (0x41935b33) sra     s6, t1, s9
core   0: 3 0x80006410 (0x41935b33) x22 0x7ce9b000
core   0: 0x80006414 (0x2d27a097) auipc   ra, 0x2d27a
core   0: 3 0x80006414 (0x2d27a097) x 1 0xad280414
core   0: 0x80006418 (0x014176b3) and     a3, sp, s4
core   0: 3 0x80006418 (0x014176b3) x13 0x00000000
core   0: 0x8000641c (0xe738af93) slti    t6, a7, -397
core   0: 3 0x8000641c (0xe738af93) x31 0x00000000
core   0: 0x80006420 (0x01ff9233) sll     tp, t6, t6
core   0: 3 0x80006420 (0x01ff9233) x 4 0x00000000
core   0: 0x80006424 (0x75594193) xori    gp, s2, 1877
core   0: 3 0x80006424 (0x75594193) x 3 0x00000776
core   0: 0x80006428 (0x00000013) nop
core   0: 3 0x80006428 (0x00000013)
core   0: 0x8000642c (0x414f8d33) sub     s10, t6, s4
core   0: 3 0x8000642c (0x414f8d33) x26 0xffffff66
core   0: 0x80006430 (0x40b9de33) sra     t3, s3, a1
core   0: 3 0x80006430 (0x40b9de33) x28 0x05730000
core   0: 0x80006434 (0xbb94fc13) andi    s8, s1, -1095
core   0: 3 0x80006434 (0xbb94fc13) x24 0xfffffab9
core   0: 0x80006438 (0x01e8a533) slt     a0, a7, t5
core   0: 3 0x80006438 (0x01e8a533) x10 0x00000000
core   0: 0x8000643c (0x00d53233) sltu    tp, a0, a3
core   0: 3 0x8000643c (0x00d53233) x 4 0x00000000
core   0: 0x80006440 (0x005c9513) slli    a0, s9, 5
core   0: 3 0x80006440 (0x005c9513) x10 0x0000a000
core   0: 0x80006444 (0x40497913) andi    s2, s2, 1028
core   0: 3 0x80006444 (0x40497913) x18 0x00000000
core   0: 0x80006448 (0xfb3ab597) auipc   a1, 0xfb3ab
core   0: 3 0x80006448 (0xfb3ab597) x11 0x7b3b1448
core   0: 0x8000644c (0x01f22733) slt     a4, tp, t6
core   0: 3 0x8000644c (0x01f22733) x14 0x00000000
core   0: 0x80006450 (0x00fecbb3) xor     s7, t4, a5
core   0: 3 0x80006450 (0x00fecbb3) x23 0x0fffdfbd
core   0: 0x80006454 (0xd8060a93) addi    s5, a2, -640
core   0: 3 0x80006454 (0xd8060a93) x21 0xfffffd80
core   0: 0x80006458 (0x01a334b3) sltu    s1, t1, s10
core   0: 3 0x80006458 (0x01a334b3) x 9 0x00000001
core   0: 0x8000645c (0x010fe0b3) or      ra, t6, a6
core   0: 3 0x8000645c (0x010fe0b3) x 1 0xfa4450b4
core   0: 0x80006460 (0x7568cd17) auipc   s10, 0x7568c
core   0: 3 0x80006460 (0x7568cd17) x26 0xf5692460
core   0: 0x80006464 (0xa0f02693) slti    a3, zero, -1521
core   0: 3 0x80006464 (0xa0f02693) x13 0x00000000
core   0: 0x80006468 (0xe2ecff13) andi    t5, s9, -466
core   0: 3 0x80006468 (0xe2ecff13) x30 0x00000400
core   0: 0x8000646c (0x005fc433) xor     s0, t6, t0
core   0: 3 0x8000646c (0x005fc433) x 8 0x80015ce4
core   0: 0x80006470 (0x01be87b3) add     a5, t4, s11
core   0: 3 0x80006470 (0x01be87b3) x15 0x00002671
core   0: 0x80006474 (0x6965ce13) xori    t3, a1, 1686
core   0: 3 0x80006474 (0x6965ce13) x28 0x7b3b12de
core   0: 0x80006478 (0x01489133) sll     sp, a7, s4
core   0: 3 0x80006478 (0x01489133) x 2 0x00000000
core   0: 0x8000647c (0x004a9033) sll     zero, s5, tp
core   0: 3 0x8000647c (0x004a9033)
core   0: 0x80006480 (0x01639a33) sll     s4, t2, s6
core   0: 3 0x80006480 (0x01639a33) x20 0x80011e64
core   0: 0x80006484 (0x4043d0b3) sra     ra, t2, tp
core   0: 3 0x80006484 (0x4043d0b3) x 1 0x80011e64
core   0: 0x80006488 (0x009d6b33) or      s6, s10, s1
core   0: 3 0x80006488 (0x009d6b33) x22 0xf5692461
core   0: 0x8000648c (0x95408f17) auipc   t5, 0x95408
core   0: 3 0x8000648c (0x95408f17) x30 0x1540e48c
core   0: 0x80006490 (0x00739793) slli    a5, t2, 7
core   0: 3 0x80006490 (0x00739793) x15 0x008f3200
core   0: 0x80006494 (0x001c3e33) sltu    t3, s8, ra
core   0: 3 0x80006494 (0x001c3e33) x28 0x00000000
core   0: 0x80006498 (0x0185d1b3) srl     gp, a1, s8
core   0: 3 0x80006498 (0x0185d1b3) x 3 0x0000003d
core   0: 0x8000649c (0x79a70037) lui     zero, 0x79a70
core   0: 3 0x8000649c (0x79a70037)
core   0: 0x800064a0 (0x37d6b213) sltiu   tp, a3, 893
core   0: 3 0x800064a0 (0x37d6b213) x 4 0x00000001
core   0: 0x800064a4 (0x3bcaee13) ori     t3, s5, 956
core   0: 3 0x800064a4 (0x3bcaee13) x28 0xffffffbc
core   0: 0x800064a8 (0xc27ceb93) ori     s7, s9, -985
core   0: 3 0x800064a8 (0xc27ceb93) x23 0xfffffd27
core   0: 0x800064ac (0x4007dd13) srai    s10, a5, 0
core   0: 3 0x800064ac (0x4007dd13) x26 0x008f3200
core   0: 0x800064b0 (0xeeb94913) xori    s2, s2, -277
core   0: 3 0x800064b0 (0xeeb94913) x18 0xfffffeeb
core   0: 0x800064b4 (0x0061b0b3) sltu    ra, gp, t1
core   0: 3 0x800064b4 (0x0061b0b3) x 1 0x00000001
core   0: 0x800064b8 (0x00e1f7b3) and     a5, gp, a4
core   0: 3 0x800064b8 (0x00e1f7b3) x15 0x00000000
core   0: 0x800064bc (0xa15b1db7) lui     s11, 0xa15b1
core   0: 3 0x800064bc (0xa15b1db7) x27 0xa15b1000
core   0: 0x800064c0 (0x78143193) sltiu   gp, s0, 1921
core   0: 3 0x800064c0 (0x78143193) x 3 0x00000000
core   0: 0x800064c4 (0x01c649b3) xor     s3, a2, t3
core   0: 3 0x800064c4 (0x01c649b3) x19 0xffffffbc
core   0: 0x800064c8 (0x00a39893) slli    a7, t2, 10
core   0: 3 0x800064c8 (0x00a39893) x17 0x04799000
core   0: 0x800064cc (0x01e7c233) xor     tp, a5, t5
core   0: 3 0x800064cc (0x01e7c233) x 4 0x1540e48c
core   0: 0x800064d0 (0x5766e917) auipc   s2, 0x5766e
core   0: 3 0x800064d0 (0x5766e917) x18 0xd76744d0
core   0: 0x800064d4 (0xb18efb13) andi    s6, t4, -1256
core   0: 3 0x800064d4 (0xb18efb13) x22 0x00002210
core   0: 0x800064d8 (0x39abd897) auipc   a7, 0x39abd
core   0: 3 0x800064d8 (0x39abd897) x17 0xb9ac34d8
core   0: 0x800064dc (0x010214b3) sll     s1, tp, a6
core   0: 3 0x800064dc (0x010214b3) x 9 0x48c00000
core   0: 0x800064e0 (0x00119f33) sll     t5, gp, ra
core   0: 3 0x800064e0 (0x00119f33) x30 0x00000000
core   0: 0x800064e4 (0x41be09b3) sub     s3, t3, s11
core   0: 3 0x800064e4 (0x41be09b3) x19 0x5ea4efbc
core   0: 0x800064e8 (0x018bbeb3) sltu    t4, s7, s8
core   0: 3 0x800064e8 (0x018bbeb3) x29 0x00000000
core   0: 0x800064ec (0x40c80ab3) sub     s5, a6, a2
core   0: 3 0x800064ec (0x40c80ab3) x21 0xfa4450b4
core   0: 0x800064f0 (0x5138a097) auipc   ra, 0x5138a
core   0: 3 0x800064f0 (0x5138a097) x 1 0xd13904f0
core   0: 0x800064f4 (0x41cbd593) srai    a1, s7, 28
core   0: 3 0x800064f4 (0x41cbd593) x11 0xffffffff
core   0: 0x800064f8 (0xcf4c8d13) addi    s10, s9, -780
core   0: 3 0x800064f8 (0xcf4c8d13) x26 0x000001f4
core   0: 0x800064fc (0x00605093) srli    ra, zero, 6
core   0: 3 0x800064fc (0x00605093) x 1 0x00000000
core   0: 0x80006500 (0x013028b3) slt     a7, zero, s3
core   0: 3 0x80006500 (0x013028b3) x17 0x00000001
core   0: 0x80006504 (0x00641313) slli    t1, s0, 6
core   0: 3 0x80006504 (0x00641313) x 6 0x00573900
core   0: 0x80006508 (0xc759e893) ori     a7, s3, -907
core   0: 3 0x80006508 (0xc759e893) x17 0xfffffffd
core   0: 0x8000650c (0x163a4c13) xori    s8, s4, 355
core   0: 3 0x8000650c (0x163a4c13) x24 0x80011f07
core   0: 0x80006510 (0x41a74713) xori    a4, a4, 1050
core   0: 3 0x80006510 (0x41a74713) x14 0x0000041a
core   0: 0x80006514 (0x01b7d793) srli    a5, a5, 27
core   0: 3 0x80006514 (0x01b7d793) x15 0x00000000
core   0: 0x80006518 (0x071eb793) sltiu   a5, t4, 113
core   0: 3 0x80006518 (0x071eb793) x15 0x00000001
core   0: 0x8000651c (0x0050c233) xor     tp, ra, t0
core   0: 3 0x8000651c (0x0050c233) x 4 0x80015ce4
core   0: 0x80006520 (0xdcf13b93) sltiu   s7, sp, -561
core   0: 3 0x80006520 (0xdcf13b93) x23 0x00000001
core   0: 0x80006524 (0x40295c33) sra     s8, s2, sp
core   0: 3 0x80006524 (0x40295c33) x24 0xd76744d0
core   0: 0x80006528 (0x009670b3) and     ra, a2, s1
core   0: 3 0x80006528 (0x009670b3) x 1 0x00000000
core   0: 0x8000652c (0x00000013) nop
core   0: 3 0x8000652c (0x00000013)
core   0: 0x80006530 (0x000f2e33) slt     t3, t5, zero
core   0: 3 0x80006530 (0x000f2e33) x28 0x00000000
core   0: 0x80006534 (0xc2b504b7) lui     s1, 0xc2b50
core   0: 3 0x80006534 (0xc2b504b7) x 9 0xc2b50000
core   0: 0x80006538 (0x018d4e33) xor     t3, s10, s8
core   0: 3 0x80006538 (0x018d4e33) x28 0xd7674524
core   0: 0x8000653c (0x77c43a13) sltiu   s4, s0, 1916
core   0: 3 0x8000653c (0x77c43a13) x20 0x00000000
core   0: 0x80006540 (0x7985ae93) slti    t4, a1, 1944
core   0: 3 0x80006540 (0x7985ae93) x29 0x00000001
core   0: 0x80006544 (0x01a634b3) sltu    s1, a2, s10
core   0: 3 0x80006544 (0x01a634b3) x 9 0x00000001
core   0: 0x80006548 (0xf8e1c893) xori    a7, gp, -114
core   0: 3 0x80006548 (0xf8e1c893) x17 0xffffff8e
core   0: 0x8000654c (0x1ca1f193) andi    gp, gp, 458
core   0: 3 0x8000654c (0x1ca1f193) x 3 0x00000000
core   0: 0x80006550 (0x003e9093) slli    ra, t4, 3
core   0: 3 0x80006550 (0x003e9093) x 1 0x00000008
core   0: 0x80006554 (0x010c2f33) slt     t5, s8, a6
core   0: 3 0x80006554 (0x010c2f33) x30 0x00000001
core   0: 0x80006558 (0x00672ab3) slt     s5, a4, t1
core   0: 3 0x80006558 (0x00672ab3) x21 0x00000001
core   0: 0x8000655c (0x00e8b6b3) sltu    a3, a7, a4
core   0: 3 0x8000655c (0x00e8b6b3) x13 0x00000000
core   0: 0x80006560 (0x013f7a33) and     s4, t5, s3
core   0: 3 0x80006560 (0x013f7a33) x20 0x00000000
core   0: 0x80006564 (0x41a95913) srai    s2, s2, 26
core   0: 3 0x80006564 (0x41a95913) x18 0xfffffff5
core   0: 0x80006568 (0x390caa93) slti    s5, s9, 912
core   0: 3 0x80006568 (0x390caa93) x21 0x00000000
core   0: 0x8000656c (0xacf4f917) auipc   s2, 0xacf4f
core   0: 3 0x8000656c (0xacf4f917) x18 0x2cf5556c
core   0: 0x80006570 (0x0182b333) sltu    t1, t0, s8
core   0: 3 0x80006570 (0x0182b333) x 6 0x00000001
core   0: 0x80006574 (0x01f594b3) sll     s1, a1, t6
core   0: 3 0x80006574 (0x01f594b3) x 9 0xffffffff
core   0: 0x80006578 (0x01dd3cb3) sltu    s9, s10, t4
core   0: 3 0x80006578 (0x01dd3cb3) x25 0x00000000
core   0: 0x8000657c (0x40d1d233) sra     tp, gp, a3
core   0: 3 0x8000657c (0x40d1d233) x 4 0x00000000
core   0: 0x80006580 (0x00000013) nop
core   0: 3 0x80006580 (0x00000013)
core   0: 0x80006584 (0x00465033) srl     zero, a2, tp
core   0: 3 0x80006584 (0x00465033)
core   0: 0x80006588 (0x008968b3) or      a7, s2, s0
core   0: 3 0x80006588 (0x008968b3) x17 0xacf55dec
core   0: 0x8000658c (0x011181b3) add     gp, gp, a7
core   0: 3 0x8000658c (0x011181b3) x 3 0xacf55dec
core   0: 0x80006590 (0x11fad8b7) lui     a7, 0x11fad
core   0: 3 0x80006590 (0x11fad8b7) x17 0x11fad000
core   0: 0x80006594 (0x00000013) nop
core   0: 3 0x80006594 (0x00000013)
core   0: 0x80006598 (0x553dba13) sltiu   s4, s11, 1363
core   0: 3 0x80006598 (0x553dba13) x20 0x00000000
core   0: 0x8000659c (0x008d6db3) or      s11, s10, s0
core   0: 3 0x8000659c (0x008d6db3) x27 0x80015df4
core   0: 0x800065a0 (0x01838bb3) add     s7, t2, s8
core   0: 3 0x800065a0 (0x01838bb3) x23 0x57686334
core   0: 0x800065a4 (0x010bf1b3) and     gp, s7, a6
core   0: 3 0x800065a4 (0x010bf1b3) x 3 0x52404034
core   0: 0x800065a8 (0x01f81693) slli    a3, a6, 31
core   0: 3 0x800065a8 (0x01f81693) x13 0x00000000
core   0: 0x800065ac (0x403cd013) srai    zero, s9, 3
core   0: 3 0x800065ac (0x403cd013)
core   0: 0x800065b0 (0x04b7d797) auipc   a5, 0x4b7d
core   0: 3 0x800065b0 (0x04b7d797) x15 0x84b835b0
core   0: 0x800065b4 (0x00000013) nop
core   0: 3 0x800065b4 (0x00000013)
core   0: 0x800065b8 (0x4027df33) sra     t5, a5, sp
core   0: 3 0x800065b8 (0x4027df33) x30 0x84b835b0
core   0: 0x800065bc (0xe1966113) ori     sp, a2, -487
core   0: 3 0x800065bc (0xe1966113) x 2 0xfffffe19
core   0: 0x800065c0 (0x00e517b3) sll     a5, a0, a4
core   0: 3 0x800065c0 (0x00e517b3) x15 0x00000000
core   0: 0x800065c4 (0x1e8e0693) addi    a3, t3, 488
core   0: 3 0x800065c4 (0x1e8e0693) x13 0xd767470c
core   0: 0x800065c8 (0x26039117) auipc   sp, 0x26039
core   0: 3 0x800065c8 (0x26039117) x 2 0xa603f5c8
core   0: 0x800065cc (0xdb54f113) andi    sp, s1, -587
core   0: 3 0x800065cc (0xdb54f113) x 2 0xfffffdb5
core   0: 0x800065d0 (0x004e15b3) sll     a1, t3, tp
core   0: 3 0x800065d0 (0x004e15b3) x11 0xd7674524
core   0: 0x800065d4 (0x011e9a33) sll     s4, t4, a7
core   0: 3 0x800065d4 (0x011e9a33) x20 0x00000001
core   0: 0x800065d8 (0x405a0133) sub     sp, s4, t0
core   0: 3 0x800065d8 (0x405a0133) x 2 0x7ffea31d
core   0: 0x800065dc (0x0aa14b93) xori    s7, sp, 170
core   0: 3 0x800065dc (0x0aa14b93) x23 0x7ffea3b7
core   0: 0x800065e0 (0x009a15b3) sll     a1, s4, s1
core   0: 3 0x800065e0 (0x009a15b3) x11 0x80000000
core   0: 0x800065e4 (0xbd671497) auipc   s1, 0xbd671
core   0: 3 0x800065e4 (0xbd671497) x 9 0x3d6775e4
core   0: 0x800065e8 (0xe666c613) xori    a2, a3, -410
core   0: 3 0x800065e8 (0xe666c613) x12 0x2898b96a
core   0: 0x800065ec (0xa2794113) xori    sp, s2, -1497
core   0: 3 0x800065ec (0xa2794113) x 2 0xd30aaf4b
core   0: 0x800065f0 (0x2445a313) slti    t1, a1, 580
core   0: 3 0x800065f0 (0x2445a313) x 6 0x00000001
core   0: 0x800065f4 (0x01cfc7b3) xor     a5, t6, t3
core   0: 3 0x800065f4 (0x01cfc7b3) x15 0xd7674524
core   0: 0x800065f8 (0x66c9c313) xori    t1, s3, 1644
core   0: 3 0x800065f8 (0x66c9c313) x 6 0x5ea4e9d0
core   0: 0x800065fc (0x5690fc13) andi    s8, ra, 1385
core   0: 3 0x800065fc (0x5690fc13) x24 0x00000008
core   0: 0x80006600 (0x01d51133) sll     sp, a0, t4
core   0: 3 0x80006600 (0x01d51133) x 2 0x00014000
core   0: 0x80006604 (0x002ed593) srli    a1, t4, 2
core   0: 3 0x80006604 (0x002ed593) x11 0x00000000
core   0: 0x80006608 (0x01b9bdb3) sltu    s11, s3, s11
core   0: 3 0x80006608 (0x01b9bdb3) x27 0x00000001
core   0: 0x8000660c (0x62ed3413) sltiu   s0, s10, 1582
core   0: 3 0x8000660c (0x62ed3413) x 8 0x00000001
core   0: 0x80006610 (0x405dd233) sra     tp, s11, t0
core   0: 3 0x80006610 (0x405dd233) x 4 0x00000000
core   0: 0x80006614 (0x01786bb3) or      s7, a6, s7
core   0: 3 0x80006614 (0x01786bb3) x23 0xfffef3b7
core   0: 0x80006618 (0x00e19e33) sll     t3, gp, a4
core   0: 3 0x80006618 (0x00e19e33) x28 0xd0000000
core   0: 0x8000661c (0x01201193) slli    gp, zero, 18
core   0: 3 0x8000661c (0x01201193) x 3 0x00000000
core   0: 0x80006620 (0x00dde033) or      zero, s11, a3
core   0: 3 0x80006620 (0x00dde033)
core   0: 0x80006624 (0x00620733) add     a4, tp, t1
core   0: 3 0x80006624 (0x00620733) x14 0x5ea4e9d0
core   0: 0x80006628 (0x01fb8e33) add     t3, s7, t6
core   0: 3 0x80006628 (0x01fb8e33) x28 0xfffef3b7
core   0: 0x8000662c (0xd75d4a93) xori    s5, s10, -651
core   0: 3 0x8000662c (0xd75d4a93) x21 0xfffffc81
core   0: 0x80006630 (0x000291b3) sll     gp, t0, zero
core   0: 3 0x80006630 (0x000291b3) x 3 0x80015ce4
core   0: 0x80006634 (0x004a00b3) add     ra, s4, tp
core   0: 3 0x80006634 (0x004a00b3) x 1 0x00000001
core   0: 0x80006638 (0x8de78593) addi    a1, a5, -1826
core   0: 3 0x80006638 (0x8de78593) x11 0xd7673e02
core   0: 0x8000663c (0x010e1413) slli    s0, t3, 16
core   0: 3 0x8000663c (0x010e1413) x 8 0xf3b70000
core   0: 0x80006640 (0x018e4633) xor     a2, t3, s8
core   0: 3 0x80006640 (0x018e4633) x12 0xfffef3bf
core   0: 0x80006644 (0x005b9f93) slli    t6, s7, 5
core   0: 3 0x80006644 (0x005b9f93) x31 0xffde76e0
core   0: 0x80006648 (0x10750fb7) lui     t6, 0x10750
core   0: 3 0x80006648 (0x10750fb7) x31 0x10750000
core   0: 0x8000664c (0x011d5fb3) srl     t6, s10, a7
core   0: 3 0x8000664c (0x011d5fb3) x31 0x000001f4
core   0: 0x80006650 (0x013634b3) sltu    s1, a2, s3
core   0: 3 0x80006650 (0x013634b3) x 9 0x00000000
core   0: 0x80006654 (0x5ff4fc13) andi    s8, s1, 1535
core   0: 3 0x80006654 (0x5ff4fc13) x24 0x00000000
core   0: 0x80006658 (0xc93bc013) xori    zero, s7, -877
core   0: 3 0x80006658 (0xc93bc013)
core   0: 0x8000665c (0xbc7f8313) addi    t1, t6, -1081
core   0: 3 0x8000665c (0xbc7f8313) x 6 0xfffffdbb
core   0: 0x80006660 (0x768b9717) auipc   a4, 0x768b9
core   0: 3 0x80006660 (0x768b9717) x14 0xf68bf660
core   0: 0x80006664 (0x5cffb937) lui     s2, 0x5cffb
core   0: 3 0x80006664 (0x5cffb937) x18 0x5cffb000
core   0: 0x80006668 (0x68a6ce13) xori    t3, a3, 1674
core   0: 3 0x80006668 (0x68a6ce13) x28 0xd7674186
core   0: 0x8000666c (0x006c60b3) or      ra, s8, t1
core   0: 3 0x8000666c (0x006c60b3) x 1 0xfffffdbb
core   0: 0x80006670 (0x805f6793) ori     a5, t5, -2043
core   0: 3 0x80006670 (0x805f6793) x15 0xfffffdb5
core   0: 0x80006674 (0x12f1b013) sltiu   zero, gp, 303
core   0: 3 0x80006674 (0x12f1b013)
core   0: 0x80006678 (0x00c4bc33) sltu    s8, s1, a2
core   0: 3 0x80006678 (0x00c4bc33) x24 0x00000001
core   0: 0x8000667c (0x0098fe33) and     t3, a7, s1
core   0: 3 0x8000667c (0x0098fe33) x28 0x00000000
core   0: 0x80006680 (0x013145b3) xor     a1, sp, s3
core   0: 3 0x80006680 (0x013145b3) x11 0x5ea5afbc
core   0: 0x80006684 (0x0039d793) srli    a5, s3, 3
core   0: 3 0x80006684 (0x0039d793) x15 0x0bd49df7
core   0: 0x80006688 (0x3a42b413) sltiu   s0, t0, 932
core   0: 3 0x80006688 (0x3a42b413) x 8 0x00000000
core   0: 0x8000668c (0x7aa2e013) ori     zero, t0, 1962
core   0: 3 0x8000668c (0x7aa2e013)
core   0: 0x80006690 (0x0141d5b3) srl     a1, gp, s4
core   0: 3 0x80006690 (0x0141d5b3) x11 0x4000ae72
core   0: 0x80006694 (0x38c5ff93) andi    t6, a1, 908
core   0: 3 0x80006694 (0x38c5ff93) x31 0x00000200
core   0: 0x80006698 (0x00000013) nop
core   0: 3 0x80006698 (0x00000013)
core   0: 0x8000669c (0x416658b3) sra     a7, a2, s6
core   0: 3 0x8000669c (0x416658b3) x17 0xfffffffe
core   0: 0x800066a0 (0x01895e13) srli    t3, s2, 24
core   0: 3 0x800066a0 (0x01895e13) x28 0x0000005c
core   0: 0x800066a4 (0x0a6c3093) sltiu   ra, s8, 166
core   0: 3 0x800066a4 (0x0a6c3093) x 1 0x00000001
core   0: 0x800066a8 (0x4157d533) sra     a0, a5, s5
core   0: 3 0x800066a8 (0x4157d533) x10 0x05ea4efb
core   0: 0x800066ac (0xd0ce3193) sltiu   gp, t3, -756
core   0: 3 0x800066ac (0xd0ce3193) x 3 0x00000001
core   0: 0x800066b0 (0x01342933) slt     s2, s0, s3
core   0: 3 0x800066b0 (0x01342933) x18 0x00000001
core   0: 0x800066b4 (0x0139f033) and     zero, s3, s3
core   0: 3 0x800066b4 (0x0139f033)
core   0: 0x800066b8 (0x404c84b3) sub     s1, s9, tp
core   0: 3 0x800066b8 (0x404c84b3) x 9 0x00000000
core   0: 0x800066bc (0x000218b3) sll     a7, tp, zero
core   0: 3 0x800066bc (0x000218b3) x17 0x00000000
core   0: 0x800066c0 (0x01c0c0b3) xor     ra, ra, t3
core   0: 3 0x800066c0 (0x01c0c0b3) x 1 0x0000005d
core   0: 0x800066c4 (0x014c5b33) srl     s6, s8, s4
core   0: 3 0x800066c4 (0x014c5b33) x22 0x00000000
core   0: 0x800066c8 (0x00ae9193) slli    gp, t4, 10
core   0: 3 0x800066c8 (0x00ae9193) x 3 0x00000400
core   0: 0x800066cc (0x0072c7b3) xor     a5, t0, t2
core   0: 3 0x800066cc (0x0072c7b3) x15 0x00004280
core   0: 0x800066d0 (0x5daaeb97) auipc   s7, 0x5daae
core   0: 3 0x800066d0 (0x5daaeb97) x23 0xddab46d0
core   0: 0x800066d4 (0x4151d233) sra     tp, gp, s5
core   0: 3 0x800066d4 (0x4151d233) x 4 0x00000200
core   0: 0x800066d8 (0x01f149b3) xor     s3, sp, t6
core   0: 3 0x800066d8 (0x01f149b3) x19 0x00014200
core   0: 0x800066dc (0x00a424b3) slt     s1, s0, a0
core   0: 3 0x800066dc (0x00a424b3) x 9 0x00000001
core   0: 0x800066e0 (0x00525eb3) srl     t4, tp, t0
core   0: 3 0x800066e0 (0x00525eb3) x29 0x00000020
core   0: 0x800066e4 (0x67662a93) slti    s5, a2, 1654
core   0: 3 0x800066e4 (0x67662a93) x21 0x00000001
core   0: 0x800066e8 (0x01c604b3) add     s1, a2, t3
core   0: 3 0x800066e8 (0x01c604b3) x 9 0xfffef41b
core   0: 0x800066ec (0x007b6d33) or      s10, s6, t2
core   0: 3 0x800066ec (0x007b6d33) x26 0x80011e64
core   0: 0x800066f0 (0x01b81533) sll     a0, a6, s11
core   0: 3 0x800066f0 (0x01b81533) x10 0xf488a168
core   0: 0x800066f4 (0xe1d6eb93) ori     s7, a3, -483
core   0: 3 0x800066f4 (0xe1d6eb93) x23 0xffffff1d
core   0: 0x800066f8 (0x408e0a33) sub     s4, t3, s0
core   0: 3 0x800066f8 (0x408e0a33) x20 0x0000005c
core   0: 0x800066fc (0x00a9e633) or      a2, s3, a0
core   0: 3 0x800066fc (0x00a9e633) x12 0xf489e368
core   0: 0x80006700 (0x003404b3) add     s1, s0, gp
core   0: 3 0x80006700 (0x003404b3) x 9 0x00000400
core   0: 0x80006704 (0x00fb44b3) xor     s1, s6, a5
core   0: 3 0x80006704 (0x00fb44b3) x 9 0x00004280
core   0: 0x80006708 (0x4c404493) xori    s1, zero, 1220
core   0: 3 0x80006708 (0x4c404493) x 9 0x000004c4
core   0: 0x8000670c (0x009118b3) sll     a7, sp, s1
core   0: 3 0x8000670c (0x009118b3) x17 0x00140000
core   0: 0x80006710 (0x002369b3) or      s3, t1, sp
core   0: 3 0x80006710 (0x002369b3) x19 0xfffffdbb
core   0: 0x80006714 (0x408e0333) sub     t1, t3, s0
core   0: 3 0x80006714 (0x408e0333) x 6 0x0000005c
core   0: 0x80006718 (0x3b0af513) andi    a0, s5, 944
core   0: 3 0x80006718 (0x3b0af513) x10 0x00000000
core   0: 0x8000671c (0x019b5633) srl     a2, s6, s9
core   0: 3 0x8000671c (0x019b5633) x12 0x00000000
core   0: 0x80006720 (0x6a104493) xori    s1, zero, 1697
core   0: 3 0x80006720 (0x6a104493) x 9 0x000006a1
core   0: 0x80006724 (0xeccf6413) ori     s0, t5, -308
core   0: 3 0x80006724 (0xeccf6413) x 8 0xfffffffc
core   0: 0x80006728 (0x8189bd93) sltiu   s11, s3, -2024
core   0: 3 0x80006728 (0x8189bd93) x27 0x00000000
core   0: 0x8000672c (0xdc6a7917) auipc   s2, 0xdc6a7
core   0: 3 0x8000672c (0xdc6a7917) x18 0x5c6ad72c
core   0: 0x80006730 (0x016a0eb3) add     t4, s4, s6
core   0: 3 0x80006730 (0x016a0eb3) x29 0x0000005c
core   0: 0x80006734 (0x94e04cb7) lui     s9, 0x94e04
core   0: 3 0x80006734 (0x94e04cb7) x25 0x94e04000
core   0: 0x80006738 (0x00dc94b3) sll     s1, s9, a3
core   0: 3 0x80006738 (0x00dc94b3) x 9 0x04000000
core   0: 0x8000673c (0x00000013) nop
core   0: 3 0x8000673c (0x00000013)
core   0: 0x80006740 (0x27873193) sltiu   gp, a4, 632
core   0: 3 0x80006740 (0x27873193) x 3 0x00000000
core   0: 0x80006744 (0x40af5e33) sra     t3, t5, a0
core   0: 3 0x80006744 (0x40af5e33) x28 0x84b835b0
core   0: 0x80006748 (0x01fac5b3) xor     a1, s5, t6
core   0: 3 0x80006748 (0x01fac5b3) x11 0x00000201
core   0: 0x8000674c (0x304ace37) lui     t3, 0x304ac
core   0: 3 0x8000674c (0x304ace37) x28 0x304ac000
core   0: 0x80006750 (0x84acbf13) sltiu   t5, s9, -1974
core   0: 3 0x80006750 (0x84acbf13) x30 0x00000001
core   0: 0x80006754 (0x01d01933) sll     s2, zero, t4
core   0: 3 0x80006754 (0x01d01933) x18 0x00000000
core   0: 0x80006758 (0x40cd5b33) sra     s6, s10, a2
core   0: 3 0x80006758 (0x40cd5b33) x22 0x80011e64
core   0: 0x8000675c (0x001a6ab3) or      s5, s4, ra
core   0: 3 0x8000675c (0x001a6ab3) x21 0x0000005d
core   0: 0x80006760 (0x00d3cc33) xor     s8, t2, a3
core   0: 3 0x80006760 (0x00d3cc33) x24 0x57665968
core   0: 0x80006764 (0x00000013) nop
core   0: 3 0x80006764 (0x00000013)
core   0: 0x80006768 (0x01b4e7b3) or      a5, s1, s11
core   0: 3 0x80006768 (0x01b4e7b3) x15 0x04000000
core   0: 0x8000676c (0x00a160b3) or      ra, sp, a0
core   0: 3 0x8000676c (0x00a160b3) x 1 0x00014000
core   0: 0x80006770 (0x92da7793) andi    a5, s4, -1747
core   0: 3 0x80006770 (0x92da7793) x15 0x0000000c
core   0: 0x80006774 (0x01316a33) or      s4, sp, s3
core   0: 3 0x80006774 (0x01316a33) x20 0xfffffdbb
core   0: 0x80006778 (0x01714933) xor     s2, sp, s7
core   0: 3 0x80006778 (0x01714933) x18 0xfffebf1d
core   0: 0x8000677c (0x01b2d413) srli    s0, t0, 27
core   0: 3 0x8000677c (0x01b2d413) x 8 0x00000010
core   0: 0x80006780 (0x015a9313) slli    t1, s5, 21
core   0: 3 0x80006780 (0x015a9313) x 6 0x0ba00000
core   0: 0x80006784 (0x86fd2d93) slti    s11, s10, -1937
core   0: 3 0x80006784 (0x86fd2d93) x27 0x00000001
core   0: 0x80006788 (0x008f7533) and     a0, t5, s0
core   0: 3 0x80006788 (0x008f7533) x10 0x00000000
core   0: 0x8000678c (0x00f27eb3) and     t4, tp, a5
core   0: 3 0x8000678c (0x00f27eb3) x29 0x00000000
core   0: 0x80006790 (0x0105d713) srli    a4, a1, 16
core   0: 3 0x80006790 (0x0105d713) x14 0x00000000
core   0: 0x80006794 (0xfae53c93) sltiu   s9, a0, -82
core   0: 3 0x80006794 (0xfae53c93) x25 0x00000001
core   0: 0x80006798 (0x00041b93) slli    s7, s0, 0
core   0: 3 0x80006798 (0x00041b93) x23 0x00000010
core   0: 0x8000679c (0x017d4433) xor     s0, s10, s7
core   0: 3 0x8000679c (0x017d4433) x 8 0x80011e74
core   0: 0x800067a0 (0x00230633) add     a2, t1, sp
core   0: 3 0x800067a0 (0x00230633) x12 0x0ba14000
core   0: 0x800067a4 (0x01a7fe33) and     t3, a5, s10
core   0: 3 0x800067a4 (0x01a7fe33) x28 0x00000004
core   0: 0x800067a8 (0x0186eb33) or      s6, a3, s8
core   0: 3 0x800067a8 (0x0186eb33) x22 0xd7675f6c
core   0: 0x800067ac (0x41b205b3) sub     a1, tp, s11
core   0: 3 0x800067ac (0x41b205b3) x11 0x000001ff
core   0: 0x800067b0 (0x41eee513) ori     a0, t4, 1054
core   0: 3 0x800067b0 (0x41eee513) x10 0x0000041e
core   0: 0x800067b4 (0x1ccecb13) xori    s6, t4, 460
core   0: 3 0x800067b4 (0x1ccecb13) x22 0x000001cc
core   0: 0x800067b8 (0x00000013) nop
core   0: 3 0x800067b8 (0x00000013)
core   0: 0x800067bc (0x29859e37) lui     t3, 0x29859
core   0: 3 0x800067bc (0x29859e37) x28 0x29859000
core   0: 0x800067c0 (0xc8654713) xori    a4, a0, -890
core   0: 3 0x800067c0 (0xc8654713) x14 0xfffff898
core   0: 0x800067c4 (0xccd0bb93) sltiu   s7, ra, -819
core   0: 3 0x800067c4 (0xccd0bb93) x23 0x00000001
core   0: 0x800067c8 (0x41dc5693) srai    a3, s8, 29
core   0: 3 0x800067c8 (0x41dc5693) x13 0x00000002
core   0: 0x800067cc (0x01d7b233) sltu    tp, a5, t4
core   0: 3 0x800067cc (0x01d7b233) x 4 0x00000000
core   0: 0x800067d0 (0x00a5d893) srli    a7, a1, 10
core   0: 3 0x800067d0 (0x00a5d893) x17 0x00000000
core   0: 0x800067d4 (0x00859893) slli    a7, a1, 8
core   0: 3 0x800067d4 (0x00859893) x17 0x0001ff00
core   0: 0x800067d8 (0xa3b88693) addi    a3, a7, -1477
core   0: 3 0x800067d8 (0xa3b88693) x13 0x0001f93b
core   0: 0x800067dc (0x5fbd8917) auipc   s2, 0x5fbd8
core   0: 3 0x800067dc (0x5fbd8917) x18 0xdfbde7dc
core   0: 0x800067e0 (0xafae2893) slti    a7, t3, -1286
core   0: 3 0x800067e0 (0xafae2893) x17 0x00000000
core   0: 0x800067e4 (0x9cfeca93) xori    s5, t4, -1585
core   0: 3 0x800067e4 (0x9cfeca93) x21 0xfffff9cf
core   0: 0x800067e8 (0x00eb5417) auipc   s0, 0xeb5
core   0: 3 0x800067e8 (0x00eb5417) x 8 0x80ebb7e8
core   0: 0x800067ec (0x019edcb3) srl     s9, t4, s9
core   0: 3 0x800067ec (0x019edcb3) x25 0x00000000
core   0: 0x800067f0 (0x00000013) nop
core   0: 3 0x800067f0 (0x00000013)
core   0: 0x800067f4 (0x01bbd933) srl     s2, s7, s11
core   0: 3 0x800067f4 (0x01bbd933) x18 0x00000000
core   0: 0x800067f8 (0x0d957193) andi    gp, a0, 217
core   0: 3 0x800067f8 (0x0d957193) x 3 0x00000018
core   0: 0x800067fc (0x0063a733) slt     a4, t2, t1
core   0: 3 0x800067fc (0x0063a733) x14 0x00000001
core   0: 0x80006800 (0x00937933) and     s2, t1, s1
core   0: 3 0x80006800 (0x00937933) x18 0x00000000
core   0: 0x80006804 (0xe5a6c417) auipc   s0, 0xe5a6c
core   0: 3 0x80006804 (0xe5a6c417) x 8 0x65a72804
core   0: 0x80006808 (0x0d68b593) sltiu   a1, a7, 214
core   0: 3 0x80006808 (0x0d68b593) x11 0x00000001
core   0: 0x8000680c (0xa96e6713) ori     a4, t3, -1386
core   0: 3 0x8000680c (0xa96e6713) x14 0xfffffa96
core   0: 0x80006810 (0x00a6d4b3) srl     s1, a3, a0
core   0: 3 0x80006810 (0x00a6d4b3) x 9 0x00000000
core   0: 0x80006814 (0x018e2fb3) slt     t6, t3, s8
core   0: 3 0x80006814 (0x018e2fb3) x31 0x00000001
core   0: 0x80006818 (0x017c9b13) slli    s6, s9, 23
core   0: 3 0x80006818 (0x017c9b13) x22 0x00000000
core   0: 0x8000681c (0x00000013) nop
core   0: 3 0x8000681c (0x00000013)
core   0: 0x80006820 (0xc2ba3f93) sltiu   t6, s4, -981
core   0: 3 0x80006820 (0xc2ba3f93) x31 0x00000000
core   0: 0x80006824 (0x412fd093) srai    ra, t6, 18
core   0: 3 0x80006824 (0x412fd093) x 1 0x00000000
core   0: 0x80006828 (0xb1418c93) addi    s9, gp, -1260
core   0: 3 0x80006828 (0xb1418c93) x25 0xfffffb2c
core   0: 0x8000682c (0x01ae5bb3) srl     s7, t3, s10
core   0: 3 0x8000682c (0x01ae5bb3) x23 0x02985900
core   0: 0x80006830 (0x63792193) slti    gp, s2, 1591
core   0: 3 0x80006830 (0x63792193) x 3 0x00000001
core   0: 0x80006834 (0x0182d013) srli    zero, t0, 24
core   0: 3 0x80006834 (0x0182d013)
core   0: 0x80006838 (0x012d3433) sltu    s0, s10, s2
core   0: 3 0x80006838 (0x012d3433) x 8 0x00000000
core   0: 0x8000683c (0x000a1f33) sll     t5, s4, zero
core   0: 3 0x8000683c (0x000a1f33) x30 0xfffffdbb
core   0: 0x80006840 (0x007600b3) add     ra, a2, t2
core   0: 3 0x80006840 (0x007600b3) x 1 0x8ba25e64
core   0: 0x80006844 (0x019ffab3) and     s5, t6, s9
core   0: 3 0x80006844 (0x019ffab3) x21 0x00000000
core   0: 0x80006848 (0x01c0cab3) xor     s5, ra, t3
core   0: 3 0x80006848 (0x01c0cab3) x21 0xa227ce64
core   0: 0x8000684c (0x00c58633) add     a2, a1, a2
core   0: 3 0x8000684c (0x00c58633) x12 0x0ba14001
core   0: 0x80006850 (0x00503c33) snez    s8, t0
core   0: 3 0x80006850 (0x00503c33) x24 0x00000001
core   0: 0x80006854 (0xb1e63113) sltiu   sp, a2, -1250
core   0: 3 0x80006854 (0xb1e63113) x 2 0x00000001
core   0: 0x80006858 (0x00f055b3) srl     a1, zero, a5
core   0: 3 0x80006858 (0x00f055b3) x11 0x00000000
core   0: 0x8000685c (0x6590e917) auipc   s2, 0x6590e
core   0: 3 0x8000685c (0x6590e917) x18 0xe591485c
core   0: 0x80006860 (0x016e0733) add     a4, t3, s6
core   0: 3 0x80006860 (0x016e0733) x14 0x29859000
core   0: 0x80006864 (0x004a7033) and     zero, s4, tp
core   0: 3 0x80006864 (0x004a7033)
core   0: 0x80006868 (0x00a3d893) srli    a7, t2, 10
core   0: 3 0x80006868 (0x00a3d893) x17 0x00200047
core   0: 0x8000686c (0x01c5a933) slt     s2, a1, t3
core   0: 3 0x8000686c (0x01c5a933) x18 0x00000001
core   0: 0x80006870 (0x401cd9b3) sra     s3, s9, ra
core   0: 3 0x80006870 (0x401cd9b3) x19 0xffffffb2
core   0: 0x80006874 (0x8249e113) ori     sp, s3, -2012
core   0: 3 0x80006874 (0x8249e113) x 2 0xffffffb6
core   0: 0x80006878 (0xd4a36613) ori     a2, t1, -694
core   0: 3 0x80006878 (0xd4a36613) x12 0xfffffd4a
core   0: 0x8000687c (0x011b9a13) slli    s4, s7, 17
core   0: 3 0x8000687c (0x011b9a13) x20 0xb2000000
core   0: 0x80006880 (0x01288e33) add     t3, a7, s2
core   0: 3 0x80006880 (0x01288e33) x28 0x00200048
core   0: 0x80006884 (0x61787197) auipc   gp, 0x61787
core   0: 3 0x80006884 (0x61787197) x 3 0xe178d884
core   0: 0x80006888 (0x0062f933) and     s2, t0, t1
core   0: 3 0x80006888 (0x0062f933) x18 0x00000000
core   0: 0x8000688c (0xee2a4f93) xori    t6, s4, -286
core   0: 3 0x8000688c (0xee2a4f93) x31 0x4dfffee2
core   0: 0x80006890 (0x632eba13) sltiu   s4, t4, 1586
core   0: 3 0x80006890 (0x632eba13) x20 0x00000001
core   0: 0x80006894 (0x011c17b3) sll     a5, s8, a7
core   0: 3 0x80006894 (0x011c17b3) x15 0x00000080
core   0: 0x80006898 (0x01e92d33) slt     s10, s2, t5
core   0: 3 0x80006898 (0x01e92d33) x26 0x00000000
core   0: 0x8000689c (0x8462fe93) andi    t4, t0, -1978
core   0: 3 0x8000689c (0x8462fe93) x29 0x80015844
core   0: 0x800068a0 (0x0120bc33) sltu    s8, ra, s2
core   0: 3 0x800068a0 (0x0120bc33) x24 0x00000000
core   0: 0x800068a4 (0x000c9e33) sll     t3, s9, zero
core   0: 3 0x800068a4 (0x000c9e33) x28 0xfffffb2c
core   0: 0x800068a8 (0x40c58733) sub     a4, a1, a2
core   0: 3 0x800068a8 (0x40c58733) x14 0x000002b6
core   0: 0x800068ac (0xa0c37693) andi    a3, t1, -1524
core   0: 3 0x800068ac (0xa0c37693) x13 0x0ba00000
core   0: 0x800068b0 (0x41e68933) sub     s2, a3, t5
core   0: 3 0x800068b0 (0x41e68933) x18 0x0ba00245
core   0: 0x800068b4 (0x405f5f33) sra     t5, t5, t0
core   0: 3 0x800068b4 (0x405f5f33) x30 0xffffffdb
core   0: 0x800068b8 (0x41ef5233) sra     tp, t5, t5
core   0: 3 0x800068b8 (0x41ef5233) x 4 0xffffffff
core   0: 0x800068bc (0xaa249b37) lui     s6, 0xaa249
core   0: 3 0x800068bc (0xaa249b37) x22 0xaa249000
core   0: 0x800068c0 (0x0170c133) xor     sp, ra, s7
core   0: 3 0x800068c0 (0x0170c133) x 2 0x893a0764
core   0: 0x800068c4 (0x0046ab33) slt     s6, a3, tp
core   0: 3 0x800068c4 (0x0046ab33) x22 0x00000000
core   0: 0x800068c8 (0x01470133) add     sp, a4, s4
core   0: 3 0x800068c8 (0x01470133) x 2 0x000002b7
core   0: 0x800068cc (0x0d4b20b7) lui     ra, 0xd4b2
core   0: 3 0x800068cc (0x0d4b20b7) x 1 0x0d4b2000
core   0: 0x800068d0 (0x008f01b3) add     gp, t5, s0
core   0: 3 0x800068d0 (0x008f01b3) x 3 0xffffffdb
core   0: 0x800068d4 (0x00025e33) srl     t3, tp, zero
core   0: 3 0x800068d4 (0x00025e33) x28 0xffffffff
core   0: 0x800068d8 (0x00000013) nop
core   0: 3 0x800068d8 (0x00000013)
core   0: 0x800068dc (0x403589b3) sub     s3, a1, gp
core   0: 3 0x800068dc (0x403589b3) x19 0x00000025
core   0: 0x800068e0 (0x00d90333) add     t1, s2, a3
core   0: 3 0x800068e0 (0x00d90333) x 6 0x17400245
core   0: 0x800068e4 (0x6fffae93) slti    t4, t6, 1791
core   0: 3 0x800068e4 (0x6fffae93) x29 0x00000000
core   0: 0x800068e8 (0x08052d93) slti    s11, a0, 128
core   0: 3 0x800068e8 (0x08052d93) x27 0x00000000
core   0: 0x800068ec (0x007f2fb3) slt     t6, t5, t2
core   0: 3 0x800068ec (0x007f2fb3) x31 0x00000000
core   0: 0x800068f0 (0x75652993) slti    s3, a0, 1878
core   0: 3 0x800068f0 (0x75652993) x19 0x00000001
core   0: 0x800068f4 (0x4849e013) ori     zero, s3, 1156
core   0: 3 0x800068f4 (0x4849e013)
core   0: 0x800068f8 (0xa2460137) lui     sp, 0xa2460
core   0: 3 0x800068f8 (0xa2460137) x 2 0xa2460000
core   0: 0x800068fc (0x08c3ea93) ori     s5, t2, 140
core   0: 3 0x800068fc (0x08c3ea93) x21 0x80011eec
core   0: 0x80006900 (0x40125713) srai    a4, tp, 1
core   0: 3 0x80006900 (0x40125713) x14 0xffffffff
core   0: 0x80006904 (0x4037de93) srai    t4, a5, 3
core   0: 3 0x80006904 (0x4037de93) x29 0x00000010
core   0: 0x80006908 (0x40495193) srai    gp, s2, 4
core   0: 3 0x80006908 (0x40495193) x 3 0x00ba0024
core   0: 0x8000690c (0x44fb1e17) auipc   t3, 0x44fb1
core   0: 3 0x8000690c (0x44fb1e17) x28 0xc4fb790c
core   0: 0x80006910 (0xdce26c93) ori     s9, tp, -562
core   0: 3 0x80006910 (0xdce26c93) x25 0xffffffff
core   0: 0x80006914 (0x53204693) xori    a3, zero, 1330
core   0: 3 0x80006914 (0x53204693) x13 0x00000532
core   0: 0x80006918 (0x005d7733) and     a4, s10, t0
core   0: 3 0x80006918 (0x005d7733) x14 0x00000000
core   0: 0x8000691c (0x00b4a333) slt     t1, s1, a1
core   0: 3 0x8000691c (0x00b4a333) x 6 0x00000000
core   0: 0x80006920 (0x014627b3) slt     a5, a2, s4
core   0: 3 0x80006920 (0x014627b3) x15 0x00000001
core   0: 0x80006924 (0x01c82633) slt     a2, a6, t3
core   0: 3 0x80006924 (0x01c82633) x12 0x00000000
core   0: 0x80006928 (0x01d6f133) and     sp, a3, t4
core   0: 3 0x80006928 (0x01d6f133) x 2 0x00000010
core   0: 0x8000692c (0xccf6c9b7) lui     s3, 0xccf6c
core   0: 3 0x8000692c (0xccf6c9b7) x19 0xccf6c000
core   0: 0x80006930 (0x2ef186b7) lui     a3, 0x2ef18
core   0: 3 0x80006930 (0x2ef186b7) x13 0x2ef18000
core   0: 0x80006934 (0x41e20633) sub     a2, tp, t5
core   0: 3 0x80006934 (0x41e20633) x12 0x00000024
core   0: 0x80006938 (0x41210db3) sub     s11, sp, s2
core   0: 3 0x80006938 (0x41210db3) x27 0xf45ffdcb
core   0: 0x8000693c (0x407a0cb3) sub     s9, s4, t2
core   0: 3 0x8000693c (0x407a0cb3) x25 0x7ffee19d
core   0: 0x80006940 (0x01a5d613) srli    a2, a1, 26
core   0: 3 0x80006940 (0x01a5d613) x12 0x00000000
core   0: 0x80006944 (0x01bd0e33) add     t3, s10, s11
core   0: 3 0x80006944 (0x01bd0e33) x28 0xf45ffdcb
core   0: 0x80006948 (0x01393633) sltu    a2, s2, s3
core   0: 3 0x80006948 (0x01393633) x12 0x00000001
core   0: 0x8000694c (0x90572c93) slti    s9, a4, -1787
core   0: 3 0x8000694c (0x90572c93) x25 0x00000000
core   0: 0x80006950 (0x01041313) slli    t1, s0, 16
core   0: 3 0x80006950 (0x01041313) x 6 0x00000000
core   0: 0x80006954 (0x01e034b3) snez    s1, t5
core   0: 3 0x80006954 (0x01e034b3) x 9 0x00000001
core   0: 0x80006958 (0x4064dbb3) sra     s7, s1, t1
core   0: 3 0x80006958 (0x4064dbb3) x23 0x00000001
core   0: 0x8000695c (0x017a8c33) add     s8, s5, s7
core   0: 3 0x8000695c (0x017a8c33) x24 0x80011eed
core   0: 0x80006960 (0x003cc4b3) xor     s1, s9, gp
core   0: 3 0x80006960 (0x003cc4b3) x 9 0x00ba0024
core   0: 0x80006964 (0xf7eaa213) slti    tp, s5, -130
core   0: 3 0x80006964 (0xf7eaa213) x 4 0x00000001
core   0: 0x80006968 (0x01b1fe33) and     t3, gp, s11
core   0: 3 0x80006968 (0x01b1fe33) x28 0x001a0000
core   0: 0x8000696c (0x4b84e113) ori     sp, s1, 1208
core   0: 3 0x8000696c (0x4b84e113) x 2 0x00ba04bc
core   0: 0x80006970 (0x41c65eb3) sra     t4, a2, t3
core   0: 3 0x80006970 (0x41c65eb3) x29 0x00000001
core   0: 0x80006974 (0xea76ab93) slti    s7, a3, -345
core   0: 3 0x80006974 (0xea76ab93) x23 0x00000000
core   0: 0x80006978 (0x013afa33) and     s4, s5, s3
core   0: 3 0x80006978 (0x013afa33) x20 0x80000000
core   0: 0x8000697c (0x40ec8db3) sub     s11, s9, a4
core   0: 3 0x8000697c (0x40ec8db3) x27 0x00000000
core   0: 0x80006980 (0xc3c04193) xori    gp, zero, -964
core   0: 3 0x80006980 (0xc3c04193) x 3 0xfffffc3c
core   0: 0x80006984 (0x01481ab3) sll     s5, a6, s4
core   0: 3 0x80006984 (0x01481ab3) x21 0xfa4450b4
core   0: 0x80006988 (0x00301193) slli    gp, zero, 3
core   0: 3 0x80006988 (0x00301193) x 3 0x00000000
core   0: 0x8000698c (0x00680133) add     sp, a6, t1
core   0: 3 0x8000698c (0x00680133) x 2 0xfa4450b4
core   0: 0x80006990 (0xdb3ace13) xori    t3, s5, -589
core   0: 3 0x80006990 (0xdb3ace13) x28 0x05bbad07
core   0: 0x80006994 (0x409a84b3) sub     s1, s5, s1
core   0: 3 0x80006994 (0x409a84b3) x 9 0xf98a5090
core   0: 0x80006998 (0x0da1c993) xori    s3, gp, 218
core   0: 3 0x80006998 (0x0da1c993) x19 0x000000da
core   0: 0x8000699c (0x006785b3) add     a1, a5, t1
core   0: 3 0x8000699c (0x006785b3) x11 0x00000001
core   0: 0x800069a0 (0x28cfa793) slti    a5, t6, 652
core   0: 3 0x800069a0 (0x28cfa793) x15 0x00000001
core   0: 0x800069a4 (0x87bd0f13) addi    t5, s10, -1925
core   0: 3 0x800069a4 (0x87bd0f13) x30 0xfffff87b
core   0: 0x800069a8 (0x41d006b7) lui     a3, 0x41d00
core   0: 3 0x800069a8 (0x41d006b7) x13 0x41d00000
core   0: 0x800069ac (0xf1eab093) sltiu   ra, s5, -226
core   0: 3 0x800069ac (0xf1eab093) x 1 0x00000001
core   0: 0x800069b0 (0x40c1deb3) sra     t4, gp, a2
core   0: 3 0x800069b0 (0x40c1deb3) x29 0x00000000
core   0: 0x800069b4 (0x011d9213) slli    tp, s11, 17
core   0: 3 0x800069b4 (0x011d9213) x 4 0x00000000
core   0: 0x800069b8 (0x414e5e13) srai    t3, t3, 20
core   0: 3 0x800069b8 (0x414e5e13) x28 0x0000005b
core   0: 0x800069bc (0x01229d13) slli    s10, t0, 18
core   0: 3 0x800069bc (0x01229d13) x26 0x73900000
core   0: 0x800069c0 (0x010e6fb3) or      t6, t3, a6
core   0: 3 0x800069c0 (0x010e6fb3) x31 0xfa4450ff
core   0: 0x800069c4 (0x61c1c113) xori    sp, gp, 1564
core   0: 3 0x800069c4 (0x61c1c113) x 2 0x0000061c
core   0: 0x800069c8 (0x00000013) nop
core   0: 3 0x800069c8 (0x00000013)
core   0: 0x800069cc (0x4058dab3) sra     s5, a7, t0
core   0: 3 0x800069cc (0x4058dab3) x21 0x00020004
core   0: 0x800069d0 (0x4064d713) srai    a4, s1, 6
core   0: 3 0x800069d0 (0x4064d713) x14 0xffe62942
core   0: 0x800069d4 (0x01c48433) add     s0, s1, t3
core   0: 3 0x800069d4 (0x01c48433) x 8 0xf98a50eb
core   0: 0x800069d8 (0x01cda433) slt     s0, s11, t3
core   0: 3 0x800069d8 (0x01cda433) x 8 0x00000001
core   0: 0x800069dc (0x00cd2133) slt     sp, s10, a2
core   0: 3 0x800069dc (0x00cd2133) x 2 0x00000000
core   0: 0x800069e0 (0x006390b3) sll     ra, t2, t1
core   0: 3 0x800069e0 (0x006390b3) x 1 0x80011e64
core   0: 0x800069e4 (0x00a8ecb3) or      s9, a7, a0
core   0: 3 0x800069e4 (0x00a8ecb3) x25 0x0020045f
core   0: 0x800069e8 (0x011d9db3) sll     s11, s11, a7
core   0: 3 0x800069e8 (0x011d9db3) x27 0x00000000
core   0: 0x800069ec (0x438b6e13) ori     t3, s6, 1080
core   0: 3 0x800069ec (0x438b6e13) x28 0x00000438
core   0: 0x800069f0 (0xa776aa93) slti    s5, a3, -1417
core   0: 3 0x800069f0 (0xa776aa93) x21 0x00000000
core   0: 0x800069f4 (0x0194e8b3) or      a7, s1, s9
core   0: 3 0x800069f4 (0x0194e8b3) x17 0xf9aa54df
core   0: 0x800069f8 (0x00380ab3) add     s5, a6, gp
core   0: 3 0x800069f8 (0x00380ab3) x21 0xfa4450b4
core   0: 0x800069fc (0x011c2e33) slt     t3, s8, a7
core   0: 3 0x800069fc (0x011c2e33) x28 0x00000001
core   0: 0x80006a00 (0x00e32a33) slt     s4, t1, a4
core   0: 3 0x80006a00 (0x00e32a33) x20 0x00000000
core   0: 0x80006a04 (0x01351493) slli    s1, a0, 19
core   0: 3 0x80006a04 (0x01351493) x 9 0x20f00000
core   0: 0x80006a08 (0x289cd237) lui     tp, 0x289cd
core   0: 3 0x80006a08 (0x289cd237) x 4 0x289cd000
core   0: 0x80006a0c (0x002515b3) sll     a1, a0, sp
core   0: 3 0x80006a0c (0x002515b3) x11 0x0000041e
core   0: 0x80006a10 (0xb2e07313) andi    t1, zero, -1234
core   0: 3 0x80006a10 (0xb2e07313) x 6 0x00000000
core   0: 0x80006a14 (0xb719e613) ori     a2, s3, -1167
core   0: 3 0x80006a14 (0xb719e613) x12 0xfffffbfb
core   0: 0x80006a18 (0x41ecd093) srai    ra, s9, 30
core   0: 3 0x80006a18 (0x41ecd093) x 1 0x00000000
core   0: 0x80006a1c (0x00631d33) sll     s10, t1, t1
core   0: 3 0x80006a1c (0x00631d33) x26 0x00000000
core   0: 0x80006a20 (0x02dd2713) slti    a4, s10, 45
core   0: 3 0x80006a20 (0x02dd2713) x14 0x00000001
core   0: 0x80006a24 (0x198c3213) sltiu   tp, s8, 408
core   0: 3 0x80006a24 (0x198c3213) x 4 0x00000000
core   0: 0x80006a28 (0x0029aab3) slt     s5, s3, sp
core   0: 3 0x80006a28 (0x0029aab3) x21 0x00000000
core   0: 0x80006a2c (0x40520bb3) sub     s7, tp, t0
core   0: 3 0x80006a2c (0x40520bb3) x23 0x7ffea31c
core   0: 0x80006a30 (0x41418d33) sub     s10, gp, s4
core   0: 3 0x80006a30 (0x41418d33) x26 0x00000000
core   0: 0x80006a34 (0x00529b33) sll     s6, t0, t0
core   0: 3 0x80006a34 (0x00529b33) x22 0x0015ce40
core   0: 0x80006a38 (0x4158d193) srai    gp, a7, 21
core   0: 3 0x80006a38 (0x4158d193) x 3 0xffffffcd
core   0: 0x80006a3c (0x0193feb3) and     t4, t2, s9
core   0: 3 0x80006a3c (0x0193feb3) x29 0x00000444
core   0: 0x80006a40 (0x30468b13) addi    s6, a3, 772
core   0: 3 0x80006a40 (0x30468b13) x22 0x41d00304
core   0: 0x80006a44 (0x4b34a493) slti    s1, s1, 1203
core   0: 3 0x80006a44 (0x4b34a493) x 9 0x00000000
core   0: 0x80006a48 (0x0013b133) sltu    sp, t2, ra
core   0: 3 0x80006a48 (0x0013b133) x 2 0x00000000
core   0: 0x80006a4c (0x40e10bb3) sub     s7, sp, a4
core   0: 3 0x80006a4c (0x40e10bb3) x23 0xffffffff
core   0: 0x80006a50 (0x00716f33) or      t5, sp, t2
core   0: 3 0x80006a50 (0x00716f33) x30 0x80011e64
core   0: 0x80006a54 (0x4ded4f97) auipc   t6, 0x4ded4
core   0: 3 0x80006a54 (0x4ded4f97) x31 0xcdedaa54
core   0: 0x80006a58 (0x00eada93) srli    s5, s5, 14
core   0: 3 0x80006a58 (0x00eada93) x21 0x00000000
core   0: 0x80006a5c (0x4f872f13) slti    t5, a4, 1272
core   0: 3 0x80006a5c (0x4f872f13) x30 0x00000001
core   0: 0x80006a60 (0xdeffc793) xori    a5, t6, -529
core   0: 3 0x80006a60 (0xdeffc793) x15 0x321257bb
core   0: 0x80006a64 (0x40275593) srai    a1, a4, 2
core   0: 3 0x80006a64 (0x40275593) x11 0x00000000
core   0: 0x80006a68 (0x01d65fb3) srl     t6, a2, t4
core   0: 3 0x80006a68 (0x01d65fb3) x31 0x0fffffbf
core   0: 0x80006a6c (0x91cebb13) sltiu   s6, t4, -1764
core   0: 3 0x80006a6c (0x91cebb13) x22 0x00000001
core   0: 0x80006a70 (0x00a7d733) srl     a4, a5, a0
core   0: 3 0x80006a70 (0x00a7d733) x14 0x00000000
core   0: 0x80006a74 (0x0153fdb3) and     s11, t2, s5
core   0: 3 0x80006a74 (0x0153fdb3) x27 0x00000000
core   0: 0x80006a78 (0x40645c13) srai    s8, s0, 6
core   0: 3 0x80006a78 (0x40645c13) x24 0x00000000
core   0: 0x80006a7c (0x0e3f2413) slti    s0, t5, 227
core   0: 3 0x80006a7c (0x0e3f2413) x 8 0x00000001
core   0: 0x80006a80 (0x00bb2233) slt     tp, s6, a1
core   0: 3 0x80006a80 (0x00bb2233) x 4 0x00000000
core   0: 0x80006a84 (0x00000013) nop
core   0: 3 0x80006a84 (0x00000013)
core   0: 0x80006a88 (0xb891eb17) auipc   s6, 0xb891e
core   0: 3 0x80006a88 (0xb891eb17) x22 0x38924a88
core   0: 0x80006a8c (0x7807c593) xori    a1, a5, 1920
core   0: 3 0x80006a8c (0x7807c593) x11 0x3212503b
core   0: 0x80006a90 (0x96ecc893) xori    a7, s9, -1682
core   0: 3 0x80006a90 (0x96ecc893) x17 0xffdffd31
core   0: 0x80006a94 (0xfa749237) lui     tp, 0xfa749
core   0: 3 0x80006a94 (0xfa749237) x 4 0xfa749000
core   0: 0x80006a98 (0x01815413) srli    s0, sp, 24
core   0: 3 0x80006a98 (0x01815413) x 8 0x00000000
core   0: 0x80006a9c (0x00dd1a33) sll     s4, s10, a3
core   0: 3 0x80006a9c (0x00dd1a33) x20 0x00000000
core   0: 0x80006aa0 (0x0158b633) sltu    a2, a7, s5
core   0: 3 0x80006aa0 (0x0158b633) x12 0x00000000
core   0: 0x80006aa4 (0xc04fed13) ori     s10, t6, -1020
core   0: 3 0x80006aa4 (0xc04fed13) x26 0xffffffbf
core   0: 0x80006aa8 (0x01ebf5b3) and     a1, s7, t5
core   0: 3 0x80006aa8 (0x01ebf5b3) x11 0x00000001
core   0: 0x80006aac (0x417780b3) sub     ra, a5, s7
core   0: 3 0x80006aac (0x417780b3) x 1 0x321257bc
core   0: 0x80006ab0 (0x41b10933) sub     s2, sp, s11
core   0: 3 0x80006ab0 (0x41b10933) x18 0x00000000
core   0: 0x80006ab4 (0x32613713) sltiu   a4, sp, 806
core   0: 3 0x80006ab4 (0x32613713) x14 0x00000001
core   0: 0x80006ab8 (0x00000013) nop
core   0: 3 0x80006ab8 (0x00000013)
core   0: 0x80006abc (0x012bd5b3) srl     a1, s7, s2
core   0: 3 0x80006abc (0x012bd5b3) x11 0xffffffff
core   0: 0x80006ac0 (0x40d65b13) srai    s6, a2, 13
core   0: 3 0x80006ac0 (0x40d65b13) x22 0x00000000
core   0: 0x80006ac4 (0x4d4c2a13) slti    s4, s8, 1236
core   0: 3 0x80006ac4 (0x4d4c2a13) x20 0x00000001
core   0: 0x80006ac8 (0x002e4bb3) xor     s7, t3, sp
core   0: 3 0x80006ac8 (0x002e4bb3) x23 0x00000001
core   0: 0x80006acc (0x410ad233) sra     tp, s5, a6
core   0: 3 0x80006acc (0x410ad233) x 4 0x00000000
core   0: 0x80006ad0 (0x25017e13) andi    t3, sp, 592
core   0: 3 0x80006ad0 (0x25017e13) x28 0x00000000
core   0: 0x80006ad4 (0xc728bd13) sltiu   s10, a7, -910
core   0: 3 0x80006ad4 (0xc728bd13) x26 0x00000001
core   0: 0x80006ad8 (0x0001db13) srli    s6, gp, 0
core   0: 3 0x80006ad8 (0x0001db13) x22 0xffffffcd
core   0: 0x80006adc (0x00369693) slli    a3, a3, 3
core   0: 3 0x80006adc (0x00369693) x13 0x0e800000
core   0: 0x80006ae0 (0x004979b3) and     s3, s2, tp
core   0: 3 0x80006ae0 (0x004979b3) x19 0x00000000
core   0: 0x80006ae4 (0x01991f33) sll     t5, s2, s9
core   0: 3 0x80006ae4 (0x01991f33) x30 0x00000000
core   0: 0x80006ae8 (0x94097097) auipc   ra, 0x94097
core   0: 3 0x80006ae8 (0x94097097) x 1 0x1409dae8
core   0: 0x80006aec (0x01a6c8b3) xor     a7, a3, s10
core   0: 3 0x80006aec (0x01a6c8b3) x17 0x0e800001
core   0: 0x80006af0 (0x01755993) srli    s3, a0, 23
core   0: 3 0x80006af0 (0x01755993) x19 0x00000000
core   0: 0x80006af4 (0x40315eb3) sra     t4, sp, gp
core   0: 3 0x80006af4 (0x40315eb3) x29 0x00000000
core   0: 0x80006af8 (0xecc7a693) slti    a3, a5, -308
core   0: 3 0x80006af8 (0xecc7a693) x13 0x00000000
core   0: 0x80006afc (0x008c4733) xor     a4, s8, s0
core   0: 3 0x80006afc (0x008c4733) x14 0x00000000
core   0: 0x80006b00 (0x85d67a93) andi    s5, a2, -1955
core   0: 3 0x80006b00 (0x85d67a93) x21 0x00000000
core   0: 0x80006b04 (0x0012c533) xor     a0, t0, ra
core   0: 3 0x80006b04 (0x0012c533) x10 0x9408860c
core   0: 0x80006b08 (0x40f05f13) srai    t5, zero, 15
core   0: 3 0x80006b08 (0x40f05f13) x30 0x00000000
core   0: 0x80006b0c (0xd484cc93) xori    s9, s1, -696
core   0: 3 0x80006b0c (0xd484cc93) x25 0xfffffd48
core   0: 0x80006b10 (0x016066b3) or      a3, zero, s6
core   0: 3 0x80006b10 (0x016066b3) x13 0xffffffcd
core   0: 0x80006b14 (0x4015d793) srai    a5, a1, 1
core   0: 3 0x80006b14 (0x4015d793) x15 0xffffffff
core   0: 0x80006b18 (0x007d1693) slli    a3, s10, 7
core   0: 3 0x80006b18 (0x007d1693) x13 0x00000080
core   0: 0x80006b1c (0x1d09fc13) andi    s8, s3, 464
core   0: 3 0x80006b1c (0x1d09fc13) x24 0x00000000
core   0: 0x80006b20 (0x956a0993) addi    s3, s4, -1706
core   0: 3 0x80006b20 (0x956a0993) x19 0xfffff957
core   0: 0x80006b24 (0x00408c33) add     s8, ra, tp
core   0: 3 0x80006b24 (0x00408c33) x24 0x1409dae8
core   0: 0x80006b28 (0x00ff9e33) sll     t3, t6, a5
core   0: 3 0x80006b28 (0x00ff9e33) x28 0x80000000
core   0: 0x80006b2c (0x01850c33) add     s8, a0, s8
core   0: 3 0x80006b2c (0x01850c33) x24 0xa81260f4
core   0: 0x80006b30 (0x2b022913) slti    s2, tp, 688
core   0: 3 0x80006b30 (0x2b022913) x18 0x00000001
core   0: 0x80006b34 (0xcd948d93) addi    s11, s1, -807
core   0: 3 0x80006b34 (0xcd948d93) x27 0xfffffcd9
core   0: 0x80006b38 (0x00475093) srli    ra, a4, 4
core   0: 3 0x80006b38 (0x00475093) x 1 0x00000000
core   0: 0x80006b3c (0x012ed633) srl     a2, t4, s2
core   0: 3 0x80006b3c (0x012ed633) x12 0x00000000
core   0: 0x80006b40 (0x8eb1c093) xori    ra, gp, -1813
core   0: 3 0x80006b40 (0x8eb1c093) x 1 0x00000726
core   0: 0x80006b44 (0x44560713) addi    a4, a2, 1093
core   0: 3 0x80006b44 (0x44560713) x14 0x00000445
core   0: 0x80006b48 (0x00e7fdb3) and     s11, a5, a4
core   0: 3 0x80006b48 (0x00e7fdb3) x27 0x00000445
core   0: 0x80006b4c (0x4044da93) srai    s5, s1, 4
core   0: 3 0x80006b4c (0x4044da93) x21 0x00000000
core   0: 0x80006b50 (0x41648db3) sub     s11, s1, s6
core   0: 3 0x80006b50 (0x41648db3) x27 0x00000033
core   0: 0x80006b54 (0x33dffa93) andi    s5, t6, 829
core   0: 3 0x80006b54 (0x33dffa93) x21 0x0000033d
core   0: 0x80006b58 (0x41945e13) srai    t3, s0, 25
core   0: 3 0x80006b58 (0x41945e13) x28 0x00000000
core   0: 0x80006b5c (0x7d6196b7) lui     a3, 0x7d619
core   0: 3 0x80006b5c (0x7d6196b7) x13 0x7d619000
core   0: 0x80006b60 (0x01edc633) xor     a2, s11, t5
core   0: 3 0x80006b60 (0x01edc633) x12 0x00000033
core   0: 0x80006b64 (0xca882513) slti    a0, a6, -856
core   0: 3 0x80006b64 (0xca882513) x10 0x00000001
core   0: 0x80006b68 (0x00dfd413) srli    s0, t6, 13
core   0: 3 0x80006b68 (0x00dfd413) x 8 0x00007fff
core   0: 0x80006b6c (0x2e4cca93) xori    s5, s9, 740
core   0: 3 0x80006b6c (0x2e4cca93) x21 0xffffffac
core   0: 0x80006b70 (0x414e08b3) sub     a7, t3, s4
core   0: 3 0x80006b70 (0x414e08b3) x17 0xffffffff
core   0: 0x80006b74 (0x00ad8b33) add     s6, s11, a0
core   0: 3 0x80006b74 (0x00ad8b33) x22 0x00000034
core   0: 0x80006b78 (0x017196b3) sll     a3, gp, s7
core   0: 3 0x80006b78 (0x017196b3) x13 0xffffff9a
core   0: 0x80006b7c (0x018e0c33) add     s8, t3, s8
core   0: 3 0x80006b7c (0x018e0c33) x24 0xa81260f4
core   0: 0x80006b80 (0x006def33) or      t5, s11, t1
core   0: 3 0x80006b80 (0x006def33) x30 0x00000033
core   0: 0x80006b84 (0x6ec86093) ori     ra, a6, 1772
core   0: 3 0x80006b84 (0x6ec86093) x 1 0xfa4456fc
core   0: 0x80006b88 (0x7e2e56b7) lui     a3, 0x7e2e5
core   0: 3 0x80006b88 (0x7e2e56b7) x13 0x7e2e5000
core   0: 0x80006b8c (0x66272113) slti    sp, a4, 1634
core   0: 3 0x80006b8c (0x66272113) x 2 0x00000001
core   0: 0x80006b90 (0x3e06cf37) lui     t5, 0x3e06c
core   0: 3 0x80006b90 (0x3e06cf37) x30 0x3e06c000
core   0: 0x80006b94 (0x012d5013) srli    zero, s10, 18
core   0: 3 0x80006b94 (0x012d5013)
core   0: 0x80006b98 (0x41ffdfb3) sra     t6, t6, t6
core   0: 3 0x80006b98 (0x41ffdfb3) x31 0x00000000
core   0: 0x80006b9c (0x00b044b3) xor     s1, zero, a1
core   0: 3 0x80006b9c (0x00b044b3) x 9 0xffffffff
core   0: 0x80006ba0 (0x003f5f13) srli    t5, t5, 3
core   0: 3 0x80006ba0 (0x003f5f13) x30 0x07c0d800
core   0: 0x80006ba4 (0x006a7bb3) and     s7, s4, t1
core   0: 3 0x80006ba4 (0x006a7bb3) x23 0x00000000
core   0: 0x80006ba8 (0xaa89a717) auipc   a4, 0xaa89a
core   0: 3 0x80006ba8 (0xaa89a717) x14 0x2a8a0ba8
core   0: 0x80006bac (0x2cbc8d13) addi    s10, s9, 715
core   0: 3 0x80006bac (0x2cbc8d13) x26 0x00000013
core   0: 0x80006bb0 (0x01658cb3) add     s9, a1, s6
core   0: 3 0x80006bb0 (0x01658cb3) x25 0x00000033
core   0: 0x80006bb4 (0x00000013) nop
core   0: 3 0x80006bb4 (0x00000013)
core   0: 0x80006bb8 (0x00000013) nop
core   0: 3 0x80006bb8 (0x00000013)
core   0: 0x80006bbc (0x74495237) lui     tp, 0x74495
core   0: 3 0x80006bbc (0x74495237) x 4 0x74495000
core   0: 0x80006bc0 (0x5259b913) sltiu   s2, s3, 1317
core   0: 3 0x80006bc0 (0x5259b913) x18 0x00000000
core   0: 0x80006bc4 (0x01ce0133) add     sp, t3, t3
core   0: 3 0x80006bc4 (0x01ce0133) x 2 0x00000000
core   0: 0x80006bc8 (0x014d2bb3) slt     s7, s10, s4
core   0: 3 0x80006bc8 (0x014d2bb3) x23 0x00000000
core   0: 0x80006bcc (0x0db88613) addi    a2, a7, 219
core   0: 3 0x80006bcc (0x0db88613) x12 0x000000da
core   0: 0x80006bd0 (0x6a718317) auipc   t1, 0x6a718
core   0: 3 0x80006bd0 (0x6a718317) x 6 0xea71ebd0
core   0: 0x80006bd4 (0x00594433) xor     s0, s2, t0
core   0: 3 0x80006bd4 (0x00594433) x 8 0x80015ce4
core   0: 0x80006bd8 (0x410b5db3) sra     s11, s6, a6
core   0: 3 0x80006bd8 (0x410b5db3) x27 0x00000000
core   0: 0x80006bdc (0x67707b93) andi    s7, zero, 1655
core   0: 3 0x80006bdc (0x67707b93) x23 0x00000000
core   0: 0x80006be0 (0x01529893) slli    a7, t0, 21
core   0: 3 0x80006be0 (0x01529893) x17 0x9c800000
core   0: 0x80006be4 (0xd3e37713) andi    a4, t1, -706
core   0: 3 0x80006be4 (0xd3e37713) x14 0xea71e910
core   0: 0x80006be8 (0x4039dc13) srai    s8, s3, 3
core   0: 3 0x80006be8 (0x4039dc13) x24 0xffffff2a
core   0: 0x80006bec (0x7c740e13) addi    t3, s0, 1991
core   0: 3 0x80006bec (0x7c740e13) x28 0x800164ab
core   0: 0x80006bf0 (0x00f6c4b3) xor     s1, a3, a5
core   0: 3 0x80006bf0 (0x00f6c4b3) x 9 0x81d1afff
core   0: 0x80006bf4 (0x00000013) nop
core   0: 3 0x80006bf4 (0x00000013)
core   0: 0x80006bf8 (0x002ebf33) sltu    t5, t4, sp
core   0: 3 0x80006bf8 (0x002ebf33) x30 0x00000000
core   0: 0x80006bfc (0xb5996893) ori     a7, s2, -1191
core   0: 3 0x80006bfc (0xb5996893) x17 0xfffffb59
core   0: 0x80006c00 (0x2ca4c037) lui     zero, 0x2ca4c
core   0: 3 0x80006c00 (0x2ca4c037)
core   0: 0x80006c04 (0x3ccb4f13) xori    t5, s6, 972
core   0: 3 0x80006c04 (0x3ccb4f13) x30 0x000003f8
core   0: 0x80006c08 (0x019e5313) srli    t1, t3, 25
core   0: 3 0x80006c08 (0x019e5313) x 6 0x00000040
core   0: 0x80006c0c (0x1603b093) sltiu   ra, t2, 352
core   0: 3 0x80006c0c (0x1603b093) x 1 0x00000000
core   0: 0x80006c10 (0x40225593) srai    a1, tp, 2
core   0: 3 0x80006c10 (0x40225593) x11 0x1d125400
core   0: 0x80006c14 (0x018d4333) xor     t1, s10, s8
core   0: 3 0x80006c14 (0x018d4333) x 6 0xffffff39
core   0: 0x80006c18 (0x01ef9933) sll     s2, t6, t5
core   0: 3 0x80006c18 (0x01ef9933) x18 0x00000000
core   0: 0x80006c1c (0x976aeb13) ori     s6, s5, -1674
core   0: 3 0x80006c1c (0x976aeb13) x22 0xfffffffe
core   0: 0x80006c20 (0x4155de13) srai    t3, a1, 21
core   0: 3 0x80006c20 (0x4155de13) x28 0x000000e8
core   0: 0x80006c24 (0xc31d2993) slti    s3, s10, -975
core   0: 3 0x80006c24 (0xc31d2993) x19 0x00000000
core   0: 0x80006c28 (0x00d7e733) or      a4, a5, a3
core   0: 3 0x80006c28 (0x00d7e733) x14 0xffffffff
core   0: 0x80006c2c (0xfc6b4193) xori    gp, s6, -58
core   0: 3 0x80006c2c (0xfc6b4193) x 3 0x00000038
core   0: 0x80006c30 (0x40788c33) sub     s8, a7, t2
core   0: 3 0x80006c30 (0x40788c33) x24 0x7ffedcf5
core   0: 0x80006c34 (0x40c85533) sra     a0, a6, a2
core   0: 3 0x80006c34 (0x40c85533) x10 0xfffffffe
core   0: 0x80006c38 (0x410359b3) sra     s3, t1, a6
core   0: 3 0x80006c38 (0x410359b3) x19 0xffffffff
core   0: 0x80006c3c (0x00000013) nop
core   0: 3 0x80006c3c (0x00000013)
core   0: 0x80006c40 (0x01e6c1b3) xor     gp, a3, t5
core   0: 3 0x80006c40 (0x01e6c1b3) x 3 0x7e2e53f8
core   0: 0x80006c44 (0x00851ab3) sll     s5, a0, s0
core   0: 3 0x80006c44 (0x00851ab3) x21 0xffffffe0
core   0: 0x80006c48 (0x00a50fb3) add     t6, a0, a0
core   0: 3 0x80006c48 (0x00a50fb3) x31 0xfffffffc
core   0: 0x80006c4c (0x00a35333) srl     t1, t1, a0
core   0: 3 0x80006c4c (0x00a35333) x 6 0x00000003
core   0: 0x80006c50 (0x8188f097) auipc   ra, 0x8188f
core   0: 3 0x80006c50 (0x8188f097) x 1 0x01895c50
core   0: 0x80006c54 (0x6f210193) addi    gp, sp, 1778
core   0: 3 0x80006c54 (0x6f210193) x 3 0x000006f2
core   0: 0x80006c58 (0x41648bb3) sub     s7, s1, s6
core   0: 3 0x80006c58 (0x41648bb3) x23 0x81d1b001
core   0: 0x80006c5c (0x00749ab3) sll     s5, s1, t2
core   0: 3 0x80006c5c (0x00749ab3) x21 0x1d1afff0
core   0: 0x80006c60 (0xd61ae513) ori     a0, s5, -671
core   0: 3 0x80006c60 (0xd61ae513) x10 0xfffffff1
core   0: 0x80006c64 (0x00c2a7b3) slt     a5, t0, a2
core   0: 3 0x80006c64 (0x00c2a7b3) x15 0x00000001
core   0: 0x80006c68 (0x4105d593) srai    a1, a1, 16
core   0: 3 0x80006c68 (0x4105d593) x11 0x00001d12
core   0: 0x80006c6c (0x41a35a33) sra     s4, t1, s10
core   0: 3 0x80006c6c (0x41a35a33) x20 0x00000000
core   0: 0x80006c70 (0x00aa11b3) sll     gp, s4, a0
core   0: 3 0x80006c70 (0x00aa11b3) x 3 0x00000000
core   0: 0x80006c74 (0x4ab84413) xori    s0, a6, 1195
core   0: 3 0x80006c74 (0x4ab84413) x 8 0xfa44541f
core   0: 0x80006c78 (0xfe238193) addi    gp, t2, -30
core   0: 3 0x80006c78 (0xfe238193) x 3 0x80011e46
core   0: 0x80006c7c (0x417f5333) sra     t1, t5, s7
core   0: 3 0x80006c7c (0x417f5333) x 6 0x000001fc
core   0: 0x80006c80 (0x00e5a733) slt     a4, a1, a4
core   0: 3 0x80006c80 (0x00e5a733) x14 0x00000000
core   0: 0x80006c84 (0x418d5613) srai    a2, s10, 24
core   0: 3 0x80006c84 (0x418d5613) x12 0x00000000
core   0: 0x80006c88 (0xf04a1537) lui     a0, 0xf04a1
core   0: 3 0x80006c88 (0xf04a1537) x10 0xf04a1000
core   0: 0x80006c8c (0x017eaeb3) slt     t4, t4, s7
core   0: 3 0x80006c8c (0x017eaeb3) x29 0x00000000
core   0: 0x80006c90 (0x0003ffb3) and     t6, t2, zero
core   0: 3 0x80006c90 (0x0003ffb3) x31 0x00000000
core   0: 0x80006c94 (0x709fb913) sltiu   s2, t6, 1801
core   0: 3 0x80006c94 (0x709fb913) x18 0x00000001
core   0: 0x80006c98 (0x015be0b3) or      ra, s7, s5
core   0: 3 0x80006c98 (0x015be0b3) x 1 0x9ddbfff1
core   0: 0x80006c9c (0x2fc87913) andi    s2, a6, 764
core   0: 3 0x80006c9c (0x2fc87913) x18 0x000000b4
core   0: 0x80006ca0 (0x00000013) nop
core   0: 3 0x80006ca0 (0x00000013)
core   0: 0x80006ca4 (0x00000013) nop
core   0: 3 0x80006ca4 (0x00000013)
core   0: 0x80006ca8 (0x018ca6b3) slt     a3, s9, s8
core   0: 3 0x80006ca8 (0x018ca6b3) x13 0x00000001
core   0: 0x80006cac (0x418d0733) sub     a4, s10, s8
core   0: 3 0x80006cac (0x418d0733) x14 0x8001231e
core   0: 0x80006cb0 (0x0191d5b3) srl     a1, gp, s9
core   0: 3 0x80006cb0 (0x0191d5b3) x11 0x00001000
core   0: 0x80006cb4 (0xb6880a17) auipc   s4, 0xb6880
core   0: 3 0x80006cb4 (0xb6880a17) x20 0x36886cb4
core   0: 0x80006cb8 (0x03da3c13) sltiu   s8, s4, 61
core   0: 3 0x80006cb8 (0x03da3c13) x24 0x00000000
core   0: 0x80006cbc (0x404d0c33) sub     s8, s10, tp
core   0: 3 0x80006cbc (0x404d0c33) x24 0x8bb6b013
core   0: 0x80006cc0 (0x01831993) slli    s3, t1, 24
core   0: 3 0x80006cc0 (0x01831993) x19 0xfc000000
core   0: 0x80006cc4 (0x4ff4b093) sltiu   ra, s1, 1279
core   0: 3 0x80006cc4 (0x4ff4b093) x 1 0x00000000
core   0: 0x80006cc8 (0x403c5493) srai    s1, s8, 3
core   0: 3 0x80006cc8 (0x403c5493) x 9 0xf176d602
core   0: 0x80006ccc (0x00000013) nop
core   0: 3 0x80006ccc (0x00000013)
core   0: 0x80006cd0 (0x409cd193) srai    gp, s9, 9
core   0: 3 0x80006cd0 (0x409cd193) x 3 0x00000000
core   0: 0x80006cd4 (0xab8ae793) ori     a5, s5, -1352
core   0: 3 0x80006cd4 (0xab8ae793) x15 0xfffffff8
core   0: 0x80006cd8 (0x00000013) nop
core   0: 3 0x80006cd8 (0x00000013)
core   0: 0x80006cdc (0x01dcea33) or      s4, s9, t4
core   0: 3 0x80006cdc (0x01dcea33) x20 0x00000033
core   0: 0x80006ce0 (0x00e0d933) srl     s2, ra, a4
core   0: 3 0x80006ce0 (0x00e0d933) x18 0x00000000
core   0: 0x80006ce4 (0x00000013) nop
core   0: 3 0x80006ce4 (0x00000013)
core   0: 0x80006ce8 (0x01ce3133) sltu    sp, t3, t3
core   0: 3 0x80006ce8 (0x01ce3133) x 2 0x00000000
core   0: 0x80006cec (0x1a86ec13) ori     s8, a3, 424
core   0: 3 0x80006cec (0x1a86ec13) x24 0x000001a9
core   0: 0x80006cf0 (0x01b3cab3) xor     s5, t2, s11
core   0: 3 0x80006cf0 (0x01b3cab3) x21 0x80011e64
core   0: 0x80006cf4 (0xd575e613) ori     a2, a1, -681
core   0: 3 0x80006cf4 (0xd575e613) x12 0xfffffd57
core   0: 0x80006cf8 (0x0117dc93) srli    s9, a5, 17
core   0: 3 0x80006cf8 (0x0117dc93) x25 0x00007fff
core   0: 0x80006cfc (0x005f3d33) sltu    s10, t5, t0
core   0: 3 0x80006cfc (0x005f3d33) x26 0x00000001
core   0: 0x80006d00 (0x0095e233) or      tp, a1, s1
core   0: 3 0x80006d00 (0x0095e233) x 4 0xf176d602
core   0: 0x80006d04 (0xec5aaf93) slti    t6, s5, -315
core   0: 3 0x80006d04 (0xec5aaf93) x31 0x00000001
core   0: 0x80006d08 (0x01af0fb3) add     t6, t5, s10
core   0: 3 0x80006d08 (0x01af0fb3) x31 0x000003f9
core   0: 0x80006d0c (0x4030d213) srai    tp, ra, 3
core   0: 3 0x80006d0c (0x4030d213) x 4 0x00000000
core   0: 0x80006d10 (0x82d57f13) andi    t5, a0, -2003
core   0: 3 0x80006d10 (0x82d57f13) x30 0xf04a1000
core   0: 0x80006d14 (0x01462933) slt     s2, a2, s4
core   0: 3 0x80006d14 (0x01462933) x18 0x00000001
core   0: 0x80006d18 (0x01639793) slli    a5, t2, 22
core   0: 3 0x80006d18 (0x01639793) x15 0x99000000
core   0: 0x80006d1c (0x01915613) srli    a2, sp, 25
core   0: 3 0x80006d1c (0x01915613) x12 0x00000000
core   0: 0x80006d20 (0x893e9a17) auipc   s4, 0x893e9
core   0: 3 0x80006d20 (0x893e9a17) x20 0x093efd20
core   0: 0x80006d24 (0x01c8df33) srl     t5, a7, t3
core   0: 3 0x80006d24 (0x01c8df33) x30 0x00fffffb
core   0: 0x80006d28 (0xe7a44493) xori    s1, s0, -390
core   0: 3 0x80006d28 (0xe7a44493) x 9 0x05bbaa65
core   0: 0x80006d2c (0x01b1ba33) sltu    s4, gp, s11
core   0: 3 0x80006d2c (0x01b1ba33) x20 0x00000000
core   0: 0x80006d30 (0xe4907637) lui     a2, 0xe4907
core   0: 3 0x80006d30 (0xe4907637) x12 0xe4907000
core   0: 0x80006d34 (0xa1a44193) xori    gp, s0, -1510
core   0: 3 0x80006d34 (0xa1a44193) x 3 0x05bbae05
core   0: 0x80006d38 (0x00f98133) add     sp, s3, a5
core   0: 3 0x80006d38 (0x00f98133) x 2 0x95000000
core   0: 0x80006d3c (0x41315a33) sra     s4, sp, s3
core   0: 3 0x80006d3c (0x41315a33) x20 0x95000000
core   0: 0x80006d40 (0x00000013) nop
core   0: 3 0x80006d40 (0x00000013)
core   0: 0x80006d44 (0x00715313) srli    t1, sp, 7
core   0: 3 0x80006d44 (0x00715313) x 6 0x012a0000
core   0: 0x80006d48 (0x412600b3) sub     ra, a2, s2
core   0: 3 0x80006d48 (0x412600b3) x 1 0xe4906fff
core   0: 0x80006d4c (0x80000737) lui     a4, 0x80000
core   0: 3 0x80006d4c (0x80000737) x14 0x80000000
core   0: 0x80006d50 (0xfff00313) li      t1, -1
core   0: 3 0x80006d50 (0xfff00313) x 6 0xffffffff
core   0: 0x80006d54 (0x38ccd5b7) lui     a1, 0x38ccd
core   0: 3 0x80006d54 (0x38ccd5b7) x11 0x38ccd000
core   0: 0x80006d58 (0x94658593) addi    a1, a1, -1722
core   0: 3 0x80006d58 (0x94658593) x11 0x38ccc946
core   0: 0x80006d5c (0xf08b5d37) lui     s10, 0xf08b5
core   0: 3 0x80006d5c (0xf08b5d37) x26 0xf08b5000
core   0: 0x80006d60 (0x076d0d13) addi    s10, s10, 118
core   0: 3 0x80006d60 (0x076d0d13) x26 0xf08b5076
core   0: 0x80006d64 (0x80000237) lui     tp, 0x80000
core   0: 3 0x80006d64 (0x80000237) x 4 0x80000000
core   0: 0x80006d68 (0x00000793) li      a5, 0
core   0: 3 0x80006d68 (0x00000793) x15 0x00000000
core   0: 0x80006d6c (0xfff00513) li      a0, -1
core   0: 3 0x80006d6c (0xfff00513) x10 0xffffffff
core   0: 0x80006d70 (0x00000a13) li      s4, 0
core   0: 3 0x80006d70 (0x00000a13) x20 0x00000000
core   0: 0x80006d74 (0xfff00d93) li      s11, -1
core   0: 3 0x80006d74 (0xfff00d93) x27 0xffffffff
core   0: 0x80006d78 (0xfff00b93) li      s7, -1
core   0: 3 0x80006d78 (0xfff00b93) x23 0xffffffff
core   0: 0x80006d7c (0xac6d8513) addi    a0, s11, -1338
core   0: 3 0x80006d7c (0xac6d8513) x10 0xfffffac5
core   0: 0x80006d80 (0xce084a37) lui     s4, 0xce084
core   0: 3 0x80006d80 (0xce084a37) x20 0xce084000
core   0: 0x80006d84 (0x00000013) nop
core   0: 3 0x80006d84 (0x00000013)
core   0: 0x80006d88 (0x40fa0d33) sub     s10, s4, a5
core   0: 3 0x80006d88 (0x40fa0d33) x26 0xce084000
core   0: 0x80006d8c (0x14a70b93) addi    s7, a4, 330
core   0: 3 0x80006d8c (0x14a70b93) x23 0x8000014a
core   0: 0x80006d90 (0x00000013) nop
core   0: 3 0x80006d90 (0x00000013)
core   0: 0x80006d94 (0xb7f8d517) auipc   a0, 0xb7f8d
core   0: 3 0x80006d94 (0xb7f8d517) x10 0x37f93d94
core   0: 0x80006d98 (0xe7241537) lui     a0, 0xe7241
core   0: 3 0x80006d98 (0xe7241537) x10 0xe7241000
core   0: 0x80006d9c (0xfd904d97) auipc   s11, 0xfd904
core   0: 3 0x80006d9c (0xfd904d97) x27 0x7d90ad9c
core   0: 0x80006da0 (0x4085a237) lui     tp, 0x4085a
core   0: 3 0x80006da0 (0x4085a237) x 4 0x4085a000
core   0: 0x80006da4 (0x00000013) nop
core   0: 3 0x80006da4 (0x00000013)
core   0: 0x80006da8 (0x004b8a33) add     s4, s7, tp
core   0: 3 0x80006da8 (0x004b8a33) x20 0xc085a14a
core   0: 0x80006dac (0x583a9a17) auipc   s4, 0x583a9
core   0: 3 0x80006dac (0x583a9a17) x20 0xd83afdac
core   0: 0x80006db0 (0x949d1d97) auipc   s11, 0x949d1
core   0: 3 0x80006db0 (0x949d1d97) x27 0x149d7db0
core   0: 0x80006db4 (0x40a585b3) sub     a1, a1, a0
core   0: 3 0x80006db4 (0x40a585b3) x11 0x51a8b946
core   0: 0x80006db8 (0x7f9ca217) auipc   tp, 0x7f9ca
core   0: 3 0x80006db8 (0x7f9ca217) x 4 0xff9d0db8
core   0: 0x80006dbc (0x00fa0233) add     tp, s4, a5
core   0: 3 0x80006dbc (0x00fa0233) x 4 0xd83afdac
core   0: 0x80006dc0 (0x00671093) slli    ra, a4, 6
core   0: 3 0x80006dc0 (0x00671093) x 1 0x00000000
core   0: 0x80006dc4 (0x007058b3) srl     a7, zero, t2
core   0: 3 0x80006dc4 (0x007058b3) x17 0x00000000
core   0: 0x80006dc8 (0x2eb5ee13) ori     t3, a1, 747
core   0: 3 0x80006dc8 (0x2eb5ee13) x28 0x51a8bbef
core   0: 0x80006dcc (0x41ebda13) srai    s4, s7, 30
core   0: 3 0x80006dcc (0x41ebda13) x20 0xfffffffe
core   0: 0x80006dd0 (0x87efc313) xori    t1, t6, -1922
core   0: 3 0x80006dd0 (0x87efc313) x 6 0xfffffb87
core   0: 0x80006dd4 (0x1184cf13) xori    t5, s1, 280
core   0: 3 0x80006dd4 (0x1184cf13) x30 0x05bbab7d
core   0: 0x80006dd8 (0x402edb93) srai    s7, t4, 2
core   0: 3 0x80006dd8 (0x402edb93) x23 0x00000000
core   0: 0x80006ddc (0xa393f093) andi    ra, t2, -1479
core   0: 3 0x80006ddc (0xa393f093) x 1 0x80011a20
core   0: 0x80006de0 (0x403ad7b3) sra     a5, s5, gp
core   0: 3 0x80006de0 (0x403ad7b3) x15 0xfc0008f3
core   0: 0x80006de4 (0x00b61233) sll     tp, a2, a1
core   0: 3 0x80006de4 (0x00b61233) x 4 0x241c0000
core   0: 0x80006de8 (0xbe6ae213) ori     tp, s5, -1050
core   0: 3 0x80006de8 (0xbe6ae213) x 4 0xffffffe6
core   0: 0x80006dec (0x06183913) sltiu   s2, a6, 97
core   0: 3 0x80006dec (0x06183913) x18 0x00000000
core   0: 0x80006df0 (0x002db1b3) sltu    gp, s11, sp
core   0: 3 0x80006df0 (0x002db1b3) x 3 0x00000001
core   0: 0x80006df4 (0x410e5933) sra     s2, t3, a6
core   0: 3 0x80006df4 (0x410e5933) x18 0x0000051a
core   0: 0x80006df8 (0xffe2ee93) ori     t4, t0, -2
core   0: 3 0x80006df8 (0xffe2ee93) x29 0xfffffffe
core   0: 0x80006dfc (0x017e8233) add     tp, t4, s7
core   0: 3 0x80006dfc (0x017e8233) x 4 0xfffffffe
core   0: 0x80006e00 (0xd62c5937) lui     s2, 0xd62c5
core   0: 3 0x80006e00 (0xd62c5937) x18 0xd62c5000
core   0: 0x80006e04 (0x874b2713) slti    a4, s6, -1932
core   0: 3 0x80006e04 (0x874b2713) x14 0x00000000
core   0: 0x80006e08 (0x76256013) ori     zero, a0, 1890
core   0: 3 0x80006e08 (0x76256013)
core   0: 0x80006e0c (0x6243a713) slti    a4, t2, 1572
core   0: 3 0x80006e0c (0x6243a713) x14 0x00000001
core   0: 0x80006e10 (0x3bdc0b37) lui     s6, 0x3bdc0
core   0: 3 0x80006e10 (0x3bdc0b37) x22 0x3bdc0000
core   0: 0x80006e14 (0x00000013) nop
core   0: 3 0x80006e14 (0x00000013)
core   0: 0x80006e18 (0x00aada33) srl     s4, s5, a0
core   0: 3 0x80006e18 (0x00aada33) x20 0x80011e64
core   0: 0x80006e1c (0x87868193) addi    gp, a3, -1928
core   0: 3 0x80006e1c (0x87868193) x 3 0xfffff879
core   0: 0x80006e20 (0x01ebdd33) srl     s10, s7, t5
core   0: 3 0x80006e20 (0x01ebdd33) x26 0x00000000
core   0: 0x80006e24 (0xb107c913) xori    s2, a5, -1264
core   0: 3 0x80006e24 (0xb107c913) x18 0x03fff3e3
core   0: 0x80006e28 (0x1b1a4a93) xori    s5, s4, 433
core   0: 3 0x80006e28 (0x1b1a4a93) x21 0x80011fd5
core   0: 0x80006e2c (0x013ddb33) srl     s6, s11, s3
core   0: 3 0x80006e2c (0x013ddb33) x22 0x149d7db0
core   0: 0x80006e30 (0xa134fd93) andi    s11, s1, -1517
core   0: 3 0x80006e30 (0xa134fd93) x27 0x05bbaa01
core   0: 0x80006e34 (0x00ed1433) sll     s0, s10, a4
core   0: 3 0x80006e34 (0x00ed1433) x 8 0x00000000
core   0: 0x80006e38 (0x00410cb3) add     s9, sp, tp
core   0: 3 0x80006e38 (0x00410cb3) x25 0x94fffffe
core   0: 0x80006e3c (0x0190c4b3) xor     s1, ra, s9
core   0: 3 0x80006e3c (0x0190c4b3) x 9 0x14fee5de
core   0: 0x80006e40 (0x308e2d37) lui     s10, 0x308e2
core   0: 3 0x80006e40 (0x308e2d37) x26 0x308e2000
core   0: 0x80006e44 (0x0092fb33) and     s6, t0, s1
core   0: 3 0x80006e44 (0x0092fb33) x22 0x000044c4
core   0: 0x80006e48 (0x01729d33) sll     s10, t0, s7
core   0: 3 0x80006e48 (0x01729d33) x26 0x80015ce4
core   0: 0x80006e4c (0x4ff97693) andi    a3, s2, 1279
core   0: 3 0x80006e4c (0x4ff97693) x13 0x000000e3
core   0: 0x80006e50 (0x00937c33) and     s8, t1, s1
core   0: 3 0x80006e50 (0x00937c33) x24 0x14fee186
core   0: 0x80006e54 (0x016d0133) add     sp, s10, s6
core   0: 3 0x80006e54 (0x016d0133) x 2 0x8001a1a8
core   0: 0x80006e58 (0x00ee21b3) slt     gp, t3, a4
core   0: 3 0x80006e58 (0x00ee21b3) x 3 0x00000000
core   0: 0x80006e5c (0x4010dfb3) sra     t6, ra, ra
core   0: 3 0x80006e5c (0x4010dfb3) x31 0x80011a20
core   0: 0x80006e60 (0x00419333) sll     t1, gp, tp
core   0: 3 0x80006e60 (0x00419333) x 6 0x00000000
core   0: 0x80006e64 (0x0020f033) and     zero, ra, sp
core   0: 3 0x80006e64 (0x0020f033)
core   0: 0x80006e68 (0x41de8b33) sub     s6, t4, t4
core   0: 3 0x80006e68 (0x41de8b33) x22 0x00000000
core   0: 0x80006e6c (0x01001db3) sll     s11, zero, a6
core   0: 3 0x80006e6c (0x01001db3) x27 0x00000000
core   0: 0x80006e70 (0x008e3333) sltu    t1, t3, s0
core   0: 3 0x80006e70 (0x008e3333) x 6 0x00000000
core   0: 0x80006e74 (0x00000013) nop
core   0: 3 0x80006e74 (0x00000013)
core   0: 0x80006e78 (0x00218533) add     a0, gp, sp
core   0: 3 0x80006e78 (0x00218533) x10 0x8001a1a8
core   0: 0x80006e7c (0x00a65893) srli    a7, a2, 10
core   0: 3 0x80006e7c (0x00a65893) x17 0x0039241c
core   0: 0x80006e80 (0x018e1a33) sll     s4, t3, s8
core   0: 3 0x80006e80 (0x018e1a33) x20 0x6a2efbc0
core   0: 0x80006e84 (0x00849eb3) sll     t4, s1, s0
core   0: 3 0x80006e84 (0x00849eb3) x29 0x14fee5de
core   0: 0x80006e88 (0x000e1e13) slli    t3, t3, 0
core   0: 3 0x80006e88 (0x000e1e13) x28 0x51a8bbef
core   0: 0x80006e8c (0x13932893) slti    a7, t1, 313
core   0: 3 0x80006e8c (0x13932893) x17 0x00000001
core   0: 0x80006e90 (0x006ec033) xor     zero, t4, t1
core   0: 3 0x80006e90 (0x006ec033)
core   0: 0x80006e94 (0x41ead013) srai    zero, s5, 30
core   0: 3 0x80006e94 (0x41ead013)
core   0: 0x80006e98 (0x4030d533) sra     a0, ra, gp
core   0: 3 0x80006e98 (0x4030d533) x10 0x80011a20
core   0: 0x80006e9c (0xd4d32c97) auipc   s9, 0xd4d32
core   0: 3 0x80006e9c (0xd4d32c97) x25 0x54d38e9c
core   0: 0x80006ea0 (0x3e63c013) xori    zero, t2, 998
core   0: 3 0x80006ea0 (0x3e63c013)
core   0: 0x80006ea4 (0x01a71913) slli    s2, a4, 26
core   0: 3 0x80006ea4 (0x01a71913) x18 0x04000000
core   0: 0x80006ea8 (0x01e62133) slt     sp, a2, t5
core   0: 3 0x80006ea8 (0x01e62133) x 2 0x00000001
core   0: 0x80006eac (0x01ce29b3) slt     s3, t3, t3
core   0: 3 0x80006eac (0x01ce29b3) x19 0x00000000
core   0: 0x80006eb0 (0x01617033) and     zero, sp, s6
core   0: 3 0x80006eb0 (0x01617033)
core   0: 0x80006eb4 (0x00000013) nop
core   0: 3 0x80006eb4 (0x00000013)
core   0: 0x80006eb8 (0x00e3c8b3) xor     a7, t2, a4
core   0: 3 0x80006eb8 (0x00e3c8b3) x17 0x80011e65
core   0: 0x80006ebc (0x01ed8633) add     a2, s11, t5
core   0: 3 0x80006ebc (0x01ed8633) x12 0x05bbab7d
core   0: 0x80006ec0 (0xab4ac693) xori    a3, s5, -1356
core   0: 3 0x80006ec0 (0xab4ac693) x13 0x7ffee561
core   0: 0x80006ec4 (0x00b37933) and     s2, t1, a1
core   0: 3 0x80006ec4 (0x00b37933) x18 0x00000000
core   0: 0x80006ec8 (0xc02d20b7) lui     ra, 0xc02d2
core   0: 3 0x80006ec8 (0xc02d20b7) x 1 0xc02d2000
core   0: 0x80006ecc (0x17a8e913) ori     s2, a7, 378
core   0: 3 0x80006ecc (0x17a8e913) x18 0x80011f7f
core   0: 0x80006ed0 (0x00000013) nop
core   0: 3 0x80006ed0 (0x00000013)
core   0: 0x80006ed4 (0x69ca4993) xori    s3, s4, 1692
core   0: 3 0x80006ed4 (0x69ca4993) x19 0x6a2efd5c
core   0: 0x80006ed8 (0x0aab3793) sltiu   a5, s6, 170
core   0: 3 0x80006ed8 (0x0aab3793) x15 0x00000001
core   0: 0x80006edc (0x6b8bb213) sltiu   tp, s7, 1720
core   0: 3 0x80006edc (0x6b8bb213) x 4 0x00000001
core   0: 0x80006ee0 (0xfb2b7913) andi    s2, s6, -78
core   0: 3 0x80006ee0 (0xfb2b7913) x18 0x00000000
core   0: 0x80006ee4 (0x00369413) slli    s0, a3, 3
core   0: 3 0x80006ee4 (0x00369413) x 8 0xfff72b08
core   0: 0x80006ee8 (0x00a8a233) slt     tp, a7, a0
core   0: 3 0x80006ee8 (0x00a8a233) x 4 0x00000000
core   0: 0x80006eec (0x00000013) nop
core   0: 3 0x80006eec (0x00000013)
core   0: 0x80006ef0 (0x01a7d733) srl     a4, a5, s10
core   0: 3 0x80006ef0 (0x01a7d733) x14 0x00000000
core   0: 0x80006ef4 (0x4183d193) srai    gp, t2, 24
core   0: 3 0x80006ef4 (0x4183d193) x 3 0xffffff80
core   0: 0x80006ef8 (0x408588b3) sub     a7, a1, s0
core   0: 3 0x80006ef8 (0x408588b3) x17 0x51b18e3e
core   0: 0x80006efc (0x4e36e113) ori     sp, a3, 1251
core   0: 3 0x80006efc (0x4e36e113) x 2 0x7ffee5e3
core   0: 0x80006f00 (0x400cdc93) srai    s9, s9, 0
core   0: 3 0x80006f00 (0x400cdc93) x25 0x54d38e9c
core   0: 0x80006f04 (0x01eadb93) srli    s7, s5, 30
core   0: 3 0x80006f04 (0x01eadb93) x23 0x00000002
core   0: 0x80006f08 (0x00d3e8b3) or      a7, t2, a3
core   0: 3 0x80006f08 (0x00d3e8b3) x17 0xffffff65
core   0: 0x80006f0c (0xd527e993) ori     s3, a5, -686
core   0: 3 0x80006f0c (0xd527e993) x19 0xfffffd53
core   0: 0x80006f10 (0x017ef9b3) and     s3, t4, s7
core   0: 3 0x80006f10 (0x017ef9b3) x19 0x00000002
core   0: 0x80006f14 (0x007d9e93) slli    t4, s11, 7
core   0: 3 0x80006f14 (0x007d9e93) x29 0x00000000
core   0: 0x80006f18 (0x0106b7b3) sltu    a5, a3, a6
core   0: 3 0x80006f18 (0x0106b7b3) x15 0x00000001
core   0: 0x80006f1c (0x2c000613) li      a2, 704
core   0: 3 0x80006f1c (0x2c000613) x12 0x000002c0
core   0: 0x80006f20 (0x8625a593) slti    a1, a1, -1950
core   0: 3 0x80006f20 (0x8625a593) x11 0x00000000
core   0: 0x80006f24 (0x01b29f13) slli    t5, t0, 27
core   0: 3 0x80006f24 (0x01b29f13) x30 0x20000000
core   0: 0x80006f28 (0x41a05e93) srai    t4, zero, 26
core   0: 3 0x80006f28 (0x41a05e93) x29 0x00000000
core   0: 0x80006f2c (0x0182e0b3) or      ra, t0, s8
core   0: 3 0x80006f2c (0x0182e0b3) x 1 0x94fffde6
core   0: 0x80006f30 (0x00000013) nop
core   0: 3 0x80006f30 (0x00000013)
core   0: 0x80006f34 (0x15fdfa93) andi    s5, s11, 351
core   0: 3 0x80006f34 (0x15fdfa93) x21 0x00000000
core   0: 0x80006f38 (0x01ba1793) slli    a5, s4, 27
core   0: 3 0x80006f38 (0x01ba1793) x15 0x00000000
core   0: 0x80006f3c (0x01aa9113) slli    sp, s5, 26
core   0: 3 0x80006f3c (0x01aa9113) x 2 0x00000000
core   0: 0x80006f40 (0x018f3033) sltu    zero, t5, s8
core   0: 3 0x80006f40 (0x018f3033)
core   0: 0x80006f44 (0x50942893) slti    a7, s0, 1289
core   0: 3 0x80006f44 (0x50942893) x17 0x00000001
core   0: 0x80006f48 (0x3af0f193) andi    gp, ra, 943
core   0: 3 0x80006f48 (0x3af0f193) x 3 0x000001a6
core   0: 0x80006f4c (0x00ff16b3) sll     a3, t5, a5
core   0: 3 0x80006f4c (0x00ff16b3) x13 0x20000000
core   0: 0x80006f50 (0x00ee9f93) slli    t6, t4, 14
core   0: 3 0x80006f50 (0x00ee9f93) x31 0x00000000
core   0: 0x80006f54 (0x98216693) ori     a3, sp, -1662
core   0: 3 0x80006f54 (0x98216693) x13 0xfffff982
core   0: 0x80006f58 (0xd059ec13) ori     s8, s3, -763
core   0: 3 0x80006f58 (0xd059ec13) x24 0xfffffd07
core   0: 0x80006f5c (0x5b8b3213) sltiu   tp, s6, 1464
core   0: 3 0x80006f5c (0x5b8b3213) x 4 0x00000001
core   0: 0x80006f60 (0xcb070e93) addi    t4, a4, -848
core   0: 3 0x80006f60 (0xcb070e93) x29 0xfffffcb0
core   0: 0x80006f64 (0x40460bb3) sub     s7, a2, tp
core   0: 3 0x80006f64 (0x40460bb3) x23 0x000002bf
core   0: 0x80006f68 (0x00d44c33) xor     s8, s0, a3
core   0: 3 0x80006f68 (0x00d44c33) x24 0x0008d28a
core   0: 0x80006f6c (0x008034b3) snez    s1, s0
core   0: 3 0x80006f6c (0x008034b3) x 9 0x00000001
core   0: 0x80006f70 (0x41098133) sub     sp, s3, a6
core   0: 3 0x80006f70 (0x41098133) x 2 0x05bbaf4e
core   0: 0x80006f74 (0x015b9b93) slli    s7, s7, 21
core   0: 3 0x80006f74 (0x015b9b93) x23 0x57e00000
core   0: 0x80006f78 (0x00e99693) slli    a3, s3, 14
core   0: 3 0x80006f78 (0x00e99693) x13 0x00008000
core   0: 0x80006f7c (0xc611a193) slti    gp, gp, -927
core   0: 3 0x80006f7c (0xc611a193) x 3 0x00000000
core   0: 0x80006f80 (0x413d84b3) sub     s1, s11, s3
core   0: 3 0x80006f80 (0x413d84b3) x 9 0xfffffffe
core   0: 0x80006f84 (0x00882a33) slt     s4, a6, s0
core   0: 3 0x80006f84 (0x00882a33) x20 0x00000001
core   0: 0x80006f88 (0x378e3d93) sltiu   s11, t3, 888
core   0: 3 0x80006f88 (0x378e3d93) x27 0x00000000
core   0: 0x80006f8c (0x6998c693) xori    a3, a7, 1689
core   0: 3 0x80006f8c (0x6998c693) x13 0x00000698
core   0: 0x80006f90 (0x00681c93) slli    s9, a6, 6
core   0: 3 0x80006f90 (0x00681c93) x25 0x91142d00
core   0: 0x80006f94 (0x018551b3) srl     gp, a0, s8
core   0: 3 0x80006f94 (0x018551b3) x 3 0x00200046
core   0: 0x80006f98 (0x00000013) nop
core   0: 3 0x80006f98 (0x00000013)
core   0: 0x80006f9c (0x0efacc13) xori    s8, s5, 239
core   0: 3 0x80006f9c (0x0efacc13) x24 0x000000ef
core   0: 0x80006fa0 (0x0148b133) sltu    sp, a7, s4
core   0: 3 0x80006fa0 (0x0148b133) x 2 0x00000000
core   0: 0x80006fa4 (0x013c9593) slli    a1, s9, 19
core   0: 3 0x80006fa4 (0x013c9593) x11 0x68000000
core   0: 0x80006fa8 (0x5bc56c93) ori     s9, a0, 1468
core   0: 3 0x80006fa8 (0x5bc56c93) x25 0x80011fbc
core   0: 0x80006fac (0x00731513) slli    a0, t1, 7
core   0: 3 0x80006fac (0x00731513) x10 0x00000000
core   0: 0x80006fb0 (0x00c01e33) sll     t3, zero, a2
core   0: 3 0x80006fb0 (0x00c01e33) x28 0x00000000
core   0: 0x80006fb4 (0x00925a13) srli    s4, tp, 9
core   0: 3 0x80006fb4 (0x00925a13) x20 0x00000000
core   0: 0x80006fb8 (0x41818633) sub     a2, gp, s8
core   0: 3 0x80006fb8 (0x41818633) x12 0x001fff57
core   0: 0x80006fbc (0xffe90e13) addi    t3, s2, -2
core   0: 3 0x80006fbc (0xffe90e13) x28 0xfffffffe
core   0: 0x80006fc0 (0x41be0733) sub     a4, t3, s11
core   0: 3 0x80006fc0 (0x41be0733) x14 0xfffffffe
core   0: 0x80006fc4 (0x7da3cd17) auipc   s10, 0x7da3c
core   0: 3 0x80006fc4 (0x7da3cd17) x26 0xfda42fc4
core   0: 0x80006fc8 (0x4141dd13) srai    s10, gp, 20
core   0: 3 0x80006fc8 (0x4141dd13) x26 0x00000002
core   0: 0x80006fcc (0x015d8233) add     tp, s11, s5
core   0: 3 0x80006fcc (0x015d8233) x 4 0x00000000
core   0: 0x80006fd0 (0x4528c613) xori    a2, a7, 1106
core   0: 3 0x80006fd0 (0x4528c613) x12 0x00000453
core   0: 0x80006fd4 (0xecd3c437) lui     s0, 0xecd3c
core   0: 3 0x80006fd4 (0xecd3c437) x 8 0xecd3c000
core   0: 0x80006fd8 (0x012b0fb3) add     t6, s6, s2
core   0: 3 0x80006fd8 (0x012b0fb3) x31 0x00000000
core   0: 0x80006fdc (0x9f37fb13) andi    s6, a5, -1549
core   0: 3 0x80006fdc (0x9f37fb13) x22 0x00000000
core   0: 0x80006fe0 (0x5ea37337) lui     t1, 0x5ea37
core   0: 3 0x80006fe0 (0x5ea37337) x 6 0x5ea37000
core   0: 0x80006fe4 (0x41e6da93) srai    s5, a3, 30
core   0: 3 0x80006fe4 (0x41e6da93) x21 0x00000000
core   0: 0x80006fe8 (0x40c000b3) sub     ra, zero, a2
core   0: 3 0x80006fe8 (0x40c000b3) x 1 0xfffffbad
core   0: 0x80006fec (0x9fb43693) sltiu   a3, s0, -1541
core   0: 3 0x80006fec (0x9fb43693) x13 0x00000001
core   0: 0x80006ff0 (0x005795b3) sll     a1, a5, t0
core   0: 3 0x80006ff0 (0x005795b3) x11 0x00000000
core   0: 0x80006ff4 (0x012fe233) or      tp, t6, s2
core   0: 3 0x80006ff4 (0x012fe233) x 4 0x00000000
core   0: 0x80006ff8 (0x43527a93) andi    s5, tp, 1077
core   0: 3 0x80006ff8 (0x43527a93) x21 0x00000000
core   0: 0x80006ffc (0xd5c95c97) auipc   s9, 0xd5c95
core   0: 3 0x80006ffc (0xd5c95c97) x25 0x55c9bffc
core   0: 0x80007000 (0x41e45a33) sra     s4, s0, t5
core   0: 3 0x80007000 (0x41e45a33) x20 0xecd3c000
core   0: 0x80007004 (0x01abfdb3) and     s11, s7, s10
core   0: 3 0x80007004 (0x01abfdb3) x27 0x00000000
core   0: 0x80007008 (0x01fffcb3) and     s9, t6, t6
core   0: 3 0x80007008 (0x01fffcb3) x25 0x00000000
core   0: 0x8000700c (0x00863c33) sltu    s8, a2, s0
core   0: 3 0x8000700c (0x00863c33) x24 0x00000001
core   0: 0x80007010 (0x01a5a0b3) slt     ra, a1, s10
core   0: 3 0x80007010 (0x01a5a0b3) x 1 0x00000001
core   0: 0x80007014 (0x12e06493) ori     s1, zero, 302
core   0: 3 0x80007014 (0x12e06493) x 9 0x0000012e
core   0: 0x80007018 (0x010577b3) and     a5, a0, a6
core   0: 3 0x80007018 (0x010577b3) x15 0x00000000
core   0: 0x8000701c (0x00d19f33) sll     t5, gp, a3
core   0: 3 0x8000701c (0x00d19f33) x30 0x0040008c
core   0: 0x80007020 (0xc6970013) addi    zero, a4, -919
core   0: 3 0x80007020 (0xc6970013)
core   0: 0x80007024 (0x91a9ae13) slti    t3, s3, -1766
core   0: 3 0x80007024 (0x91a9ae13) x28 0x00000000
core   0: 0x80007028 (0x002bea33) or      s4, s7, sp
core   0: 3 0x80007028 (0x002bea33) x20 0x57e00000
core   0: 0x8000702c (0xf338ef13) ori     t5, a7, -205
core   0: 3 0x8000702c (0xf338ef13) x30 0xffffff33
core   0: 0x80007030 (0x00000013) nop
core   0: 3 0x80007030 (0x00000013)
core   0: 0x80007034 (0x01f9c733) xor     a4, s3, t6
core   0: 3 0x80007034 (0x01f9c733) x14 0x00000002
core   0: 0x80007038 (0x01aa8c33) add     s8, s5, s10
core   0: 3 0x80007038 (0x01aa8c33) x24 0x00000002
core   0: 0x8000703c (0x40ecda93) srai    s5, s9, 14
core   0: 3 0x8000703c (0x40ecda93) x21 0x00000000
core   0: 0x80007040 (0x00e97eb3) and     t4, s2, a4
core   0: 3 0x80007040 (0x00e97eb3) x29 0x00000000
core   0: 0x80007044 (0x00000013) nop
core   0: 3 0x80007044 (0x00000013)
core   0: 0x80007048 (0x4193dc13) srai    s8, t2, 25
core   0: 3 0x80007048 (0x4193dc13) x24 0xffffffc0
core   0: 0x8000704c (0x24cc2c17) auipc   s8, 0x24cc2
core   0: 3 0x8000704c (0x24cc2c17) x24 0xa4cc904c
core   0: 0x80007050 (0x40690eb3) sub     t4, s2, t1
core   0: 3 0x80007050 (0x40690eb3) x29 0xa15c9000
core   0: 0x80007054 (0x41a558b3) sra     a7, a0, s10
core   0: 3 0x80007054 (0x41a558b3) x17 0x00000000
core   0: 0x80007058 (0x41dbd5b3) sra     a1, s7, t4
core   0: 3 0x80007058 (0x41dbd5b3) x11 0x57e00000
core   0: 0x8000705c (0x019a4ab3) xor     s5, s4, s9
core   0: 3 0x8000705c (0x019a4ab3) x21 0x57e00000
core   0: 0x80007060 (0x326a4093) xori    ra, s4, 806
core   0: 3 0x80007060 (0x326a4093) x 1 0x57e00326
core   0: 0x80007064 (0x010d30b3) sltu    ra, s10, a6
core   0: 3 0x80007064 (0x010d30b3) x 1 0x00000001
core   0: 0x80007068 (0x01d4e0b3) or      ra, s1, t4
core   0: 3 0x80007068 (0x01d4e0b3) x 1 0xa15c912e
core   0: 0x8000706c (0x0122b533) sltu    a0, t0, s2
core   0: 3 0x8000706c (0x0122b533) x10 0x00000000
core   0: 0x80007070 (0x409bdf93) srai    t6, s7, 9
core   0: 3 0x80007070 (0x409bdf93) x31 0x002bf000
core   0: 0x80007074 (0xecdcf0b7) lui     ra, 0xecdcf
core   0: 3 0x80007074 (0xecdcf0b7) x 1 0xecdcf000
core   0: 0x80007078 (0x000e5e13) srli    t3, t3, 0
core   0: 3 0x80007078 (0x000e5e13) x28 0x00000000
core   0: 0x8000707c (0x00299233) sll     tp, s3, sp
core   0: 3 0x8000707c (0x00299233) x 4 0x00000002
core   0: 0x80007080 (0x74788913) addi    s2, a7, 1863
core   0: 3 0x80007080 (0x74788913) x18 0x00000747
core   0: 0x80007084 (0xddb361b7) lui     gp, 0xddb36
core   0: 3 0x80007084 (0xddb361b7) x 3 0xddb36000
core   0: 0x80007088 (0x8bee69b7) lui     s3, 0x8bee6
core   0: 3 0x80007088 (0x8bee69b7) x19 0x8bee6000
core   0: 0x8000708c (0x014b24b3) slt     s1, s6, s4
core   0: 3 0x8000708c (0x014b24b3) x 9 0x00000001
core   0: 0x80007090 (0x01b41bb3) sll     s7, s0, s11
core   0: 3 0x80007090 (0x01b41bb3) x23 0xecd3c000
core   0: 0x80007094 (0x01375d33) srl     s10, a4, s3
core   0: 3 0x80007094 (0x01375d33) x26 0x00000002
core   0: 0x80007098 (0x122248b7) lui     a7, 0x12224
core   0: 3 0x80007098 (0x122248b7) x17 0x12224000
core   0: 0x8000709c (0x33f60c93) addi    s9, a2, 831
core   0: 3 0x8000709c (0x33f60c93) x25 0x00000792
core   0: 0x800070a0 (0x36cbef93) ori     t6, s7, 876
core   0: 3 0x800070a0 (0x36cbef93) x31 0xecd3c36c
core   0: 0x800070a4 (0x411c8e33) sub     t3, s9, a7
core   0: 3 0x800070a4 (0x411c8e33) x28 0xedddc792
core   0: 0x800070a8 (0x00b9ed33) or      s10, s3, a1
core   0: 3 0x800070a8 (0x00b9ed33) x26 0xdfee6000
core   0: 0x800070ac (0x3e266893) ori     a7, a2, 994
core   0: 3 0x800070ac (0x3e266893) x17 0x000007f3
core   0: 0x800070b0 (0x00a81fb3) sll     t6, a6, a0
core   0: 3 0x800070b0 (0x00a81fb3) x31 0xfa4450b4
core   0: 0x800070b4 (0x4044df93) srai    t6, s1, 4
core   0: 3 0x800070b4 (0x4044df93) x31 0x00000000
core   0: 0x800070b8 (0x003d8cb3) add     s9, s11, gp
core   0: 3 0x800070b8 (0x003d8cb3) x25 0xddb36000
core   0: 0x800070bc (0xf32d2037) lui     zero, 0xf32d2
core   0: 3 0x800070bc (0xf32d2037)
core   0: 0x800070c0 (0xc2ff1c17) auipc   s8, 0xc2ff1
core   0: 3 0x800070c0 (0xc2ff1c17) x24 0x42ff80c0
core   0: 0x800070c4 (0x419dd013) srai    zero, s11, 25
core   0: 3 0x800070c4 (0x419dd013)
core   0: 0x800070c8 (0x40a68fb3) sub     t6, a3, a0
core   0: 3 0x800070c8 (0x40a68fb3) x31 0x00000001
core   0: 0x800070cc (0x002bcb33) xor     s6, s7, sp
core   0: 3 0x800070cc (0x002bcb33) x22 0xecd3c000
core   0: 0x800070d0 (0x00249733) sll     a4, s1, sp
core   0: 3 0x800070d0 (0x00249733) x14 0x00000001
core   0: 0x800070d4 (0x40d854b3) sra     s1, a6, a3
core   0: 3 0x800070d4 (0x40d854b3) x 9 0xfd22285a
core   0: 0x800070d8 (0x005e47b3) xor     a5, t3, t0
core   0: 3 0x800070d8 (0x005e47b3) x15 0x6ddc9b76
core   0: 0x800070dc (0xfb49f093) andi    ra, s3, -76
core   0: 3 0x800070dc (0xfb49f093) x 1 0x8bee6000
core   0: 0x800070e0 (0x01dacfb3) xor     t6, s5, t4
core   0: 3 0x800070e0 (0x01dacfb3) x31 0xf6bc9000
core   0: 0x800070e4 (0x41818bb3) sub     s7, gp, s8
core   0: 3 0x800070e4 (0x41818bb3) x23 0x9ab3df40
core   0: 0x800070e8 (0x0164b533) sltu    a0, s1, s6
core   0: 3 0x800070e8 (0x0164b533) x10 0x00000000
core   0: 0x800070ec (0x6af50593) addi    a1, a0, 1711
core   0: 3 0x800070ec (0x6af50593) x11 0x000006af
core   0: 0x800070f0 (0x00e37db3) and     s11, t1, a4
core   0: 3 0x800070f0 (0x00e37db3) x27 0x00000000
core   0: 0x800070f4 (0x408e5693) srai    a3, t3, 8
core   0: 3 0x800070f4 (0x408e5693) x13 0xffedddc7
core   0: 0x800070f8 (0x00065b13) srli    s6, a2, 0
core   0: 3 0x800070f8 (0x00065b13) x22 0x00000453
core   0: 0x800070fc (0x009f1013) slli    zero, t5, 9
core   0: 3 0x800070fc (0x009f1013)
core   0: 0x80007100 (0x012308b3) add     a7, t1, s2
core   0: 3 0x80007100 (0x012308b3) x17 0x5ea37747
core   0: 0x80007104 (0x01b0bbb3) sltu    s7, ra, s11
core   0: 3 0x80007104 (0x01b0bbb3) x23 0x00000000
core   0: 0x80007108 (0x01abe7b3) or      a5, s7, s10
core   0: 3 0x80007108 (0x01abe7b3) x15 0xdfee6000
core   0: 0x8000710c (0x002b87b3) add     a5, s7, sp
core   0: 3 0x8000710c (0x002b87b3) x15 0x00000000
core   0: 0x80007110 (0xc3168b13) addi    s6, a3, -975
core   0: 3 0x80007110 (0xc3168b13) x22 0xffedd9f8
core   0: 0x80007114 (0xc0fc2d93) slti    s11, s8, -1009
core   0: 3 0x80007114 (0xc0fc2d93) x27 0x00000000
core   0: 0x80007118 (0xd2d0b4b7) lui     s1, 0xd2d0b
core   0: 3 0x80007118 (0xd2d0b4b7) x 9 0xd2d0b000
core   0: 0x8000711c (0x0021f033) and     zero, gp, sp
core   0: 3 0x8000711c (0x0021f033)
core   0: 0x80007120 (0xcc0af893) andi    a7, s5, -832
core   0: 3 0x80007120 (0xcc0af893) x17 0x57e00000
core   0: 0x80007124 (0x401c5b93) srai    s7, s8, 1
core   0: 3 0x80007124 (0x401c5b93) x23 0x217fc060
core   0: 0x80007128 (0xd7cd2513) slti    a0, s10, -644
core   0: 3 0x80007128 (0xd7cd2513) x10 0x00000001
core   0: 0x8000712c (0xb95b6c13) ori     s8, s6, -1131
core   0: 3 0x8000712c (0xb95b6c13) x24 0xfffffbfd
core   0: 0x80007130 (0xb6e5be13) sltiu   t3, a1, -1170
core   0: 3 0x80007130 (0xb6e5be13) x28 0x00000001
core   0: 0x80007134 (0x01ebdd33) srl     s10, s7, t5
core   0: 3 0x80007134 (0x01ebdd33) x26 0x0000042f
core   0: 0x80007138 (0x01f210b3) sll     ra, tp, t6
core   0: 3 0x80007138 (0x01f210b3) x 1 0x00000002
core   0: 0x8000713c (0x000076b3) and     a3, zero, zero
core   0: 3 0x8000713c (0x000076b3) x13 0x00000000
core   0: 0x80007140 (0x00000013) nop
core   0: 3 0x80007140 (0x00000013)
core   0: 0x80007144 (0x0012f633) and     a2, t0, ra
core   0: 3 0x80007144 (0x0012f633) x12 0x00000000
core   0: 0x80007148 (0x04e90093) addi    ra, s2, 78
core   0: 3 0x80007148 (0x04e90093) x 1 0x00000795
core   0: 0x8000714c (0x012a11b3) sll     gp, s4, s2
core   0: 3 0x8000714c (0x012a11b3) x 3 0xf0000000
core   0: 0x80007150 (0x015b9b93) slli    s7, s7, 21
core   0: 3 0x80007150 (0x015b9b93) x23 0x0c000000
core   0: 0x80007154 (0x54972e13) slti    t3, a4, 1353
core   0: 3 0x80007154 (0x54972e13) x28 0x00000001
core   0: 0x80007158 (0x405f5893) srai    a7, t5, 5
core   0: 3 0x80007158 (0x405f5893) x17 0xfffffff9
core   0: 0x8000715c (0x00ded7b3) srl     a5, t4, a3
core   0: 3 0x8000715c (0x00ded7b3) x15 0xa15c9000
core   0: 0x80007160 (0x8a12ea93) ori     s5, t0, -1887
core   0: 3 0x80007160 (0x8a12ea93) x21 0xfffffce5
core   0: 0x80007164 (0x419a5fb3) sra     t6, s4, s9
core   0: 3 0x80007164 (0x419a5fb3) x31 0x57e00000
core   0: 0x80007168 (0xf7b3fc93) andi    s9, t2, -133
core   0: 3 0x80007168 (0xf7b3fc93) x25 0x80011e60
core   0: 0x8000716c (0x418800b3) sub     ra, a6, s8
core   0: 3 0x8000716c (0x418800b3) x 1 0xfa4454b7
core   0: 0x80007170 (0x41b350b3) sra     ra, t1, s11
core   0: 3 0x80007170 (0x41b350b3) x 1 0x5ea37000
core   0: 0x80007174 (0x017519b3) sll     s3, a0, s7
core   0: 3 0x80007174 (0x017519b3) x19 0x00000001
core   0: 0x80007178 (0x005dc333) xor     t1, s11, t0
core   0: 3 0x80007178 (0x005dc333) x 6 0x80015ce4
core   0: 0x8000717c (0x52858937) lui     s2, 0x52858
core   0: 3 0x8000717c (0x52858937) x18 0x52858000
core   0: 0x80007180 (0x00d12ab3) slt     s5, sp, a3
core   0: 3 0x80007180 (0x00d12ab3) x21 0x00000000
core   0: 0x80007184 (0x40935493) srai    s1, t1, 9
core   0: 3 0x80007184 (0x40935493) x 9 0xffc000ae
core   0: 0x80007188 (0x002861b3) or      gp, a6, sp
core   0: 3 0x80007188 (0x002861b3) x 3 0xfa4450b4
core   0: 0x8000718c (0x7bfa8f93) addi    t6, s5, 1983
core   0: 3 0x8000718c (0x7bfa8f93) x31 0x000007bf
core   0: 0x80007190 (0x0045df33) srl     t5, a1, tp
core   0: 3 0x80007190 (0x0045df33) x30 0x000001ab
core   0: 0x80007194 (0x1aa00b93) li      s7, 426
core   0: 3 0x80007194 (0x1aa00b93) x23 0x000001aa
core   0: 0x80007198 (0x49b56713) ori     a4, a0, 1179
core   0: 3 0x80007198 (0x49b56713) x14 0x0000049b
core   0: 0x8000719c (0x01427033) and     zero, tp, s4
core   0: 3 0x8000719c (0x01427033)
core   0: 0x800071a0 (0xd0267593) andi    a1, a2, -766
core   0: 3 0x800071a0 (0xd0267593) x11 0x00000000
core   0: 0x800071a4 (0x0d6b6eb7) lui     t4, 0xd6b6
core   0: 3 0x800071a4 (0x0d6b6eb7) x29 0x0d6b6000
core   0: 0x800071a8 (0x404d5e93) srai    t4, s10, 4
core   0: 3 0x800071a8 (0x404d5e93) x29 0x00000042
core   0: 0x800071ac (0xf2cc8113) addi    sp, s9, -212
core   0: 3 0x800071ac (0xf2cc8113) x 2 0x80011d8c
core   0: 0x800071b0 (0xd9aea417) auipc   s0, 0xd9aea
core   0: 3 0x800071b0 (0xd9aea417) x 8 0x59af11b0
core   0: 0x800071b4 (0x01370bb3) add     s7, a4, s3
core   0: 3 0x800071b4 (0x01370bb3) x23 0x0000049c
core   0: 0x800071b8 (0x40e28933) sub     s2, t0, a4
core   0: 3 0x800071b8 (0x40e28933) x18 0x80015849
core   0: 0x800071bc (0x2f71b793) sltiu   a5, gp, 759
core   0: 3 0x800071bc (0x2f71b793) x15 0x00000000
core   0: 0x800071c0 (0xfde55197) auipc   gp, 0xfde55
core   0: 3 0x800071c0 (0xfde55197) x 3 0x7de5c1c0
core   0: 0x800071c4 (0x00de2333) slt     t1, t3, a3
core   0: 3 0x800071c4 (0x00de2333) x 6 0x00000000
core   0: 0x800071c8 (0x41b286b3) sub     a3, t0, s11
core   0: 3 0x800071c8 (0x41b286b3) x13 0x80015ce4
core   0: 0x800071cc (0x8db24237) lui     tp, 0x8db24
core   0: 3 0x800071cc (0x8db24237) x 4 0x8db24000
core   0: 0x800071d0 (0x41cc8cb3) sub     s9, s9, t3
core   0: 3 0x800071d0 (0x41cc8cb3) x25 0x80011e5f
core   0: 0x800071d4 (0x01cccdb3) xor     s11, s9, t3
core   0: 3 0x800071d4 (0x01cccdb3) x27 0x80011e5e
core   0: 0x800071d8 (0x010400b3) add     ra, s0, a6
core   0: 3 0x800071d8 (0x010400b3) x 1 0x53f36264
core   0: 0x800071dc (0x00a9db33) srl     s6, s3, a0
core   0: 3 0x800071dc (0x00a9db33) x22 0x00000000
core   0: 0x800071e0 (0x9bc3adb7) lui     s11, 0x9bc3a
core   0: 3 0x800071e0 (0x9bc3adb7) x27 0x9bc3a000
core   0: 0x800071e4 (0x0008d593) srli    a1, a7, 0
core   0: 3 0x800071e4 (0x0008d593) x11 0xfffffff9
core   0: 0x800071e8 (0x00091793) slli    a5, s2, 0
core   0: 3 0x800071e8 (0x00091793) x15 0x80015849
core   0: 0x800071ec (0x407e5113) srai    sp, t3, 7
core   0: 3 0x800071ec (0x407e5113) x 2 0x00000000
core   0: 0x800071f0 (0x01a3ab33) slt     s6, t2, s10
core   0: 3 0x800071f0 (0x01a3ab33) x22 0x00000001
core   0: 0x800071f4 (0xfc6dba93) sltiu   s5, s11, -58
core   0: 3 0x800071f4 (0xfc6dba93) x21 0x00000001
core   0: 0x800071f8 (0x00d75a33) srl     s4, a4, a3
core   0: 3 0x800071f8 (0x00d75a33) x20 0x00000049
core   0: 0x800071fc (0x007dfbb3) and     s7, s11, t2
core   0: 3 0x800071fc (0x007dfbb3) x23 0x80010000
core   0: 0x80007200 (0x016ed413) srli    s0, t4, 22
core   0: 3 0x80007200 (0x016ed413) x 8 0x00000000
core   0: 0x80007204 (0x25b44d13) xori    s10, s0, 603
core   0: 3 0x80007204 (0x25b44d13) x26 0x0000025b
core   0: 0x80007208 (0x41ff8cb3) sub     s9, t6, t6
core   0: 3 0x80007208 (0x41ff8cb3) x25 0x00000000
core   0: 0x8000720c (0x39ee8b93) addi    s7, t4, 926
core   0: 3 0x8000720c (0x39ee8b93) x23 0x000003e0
core   0: 0x80007210 (0x7cf08193) addi    gp, ra, 1999
core   0: 3 0x80007210 (0x7cf08193) x 3 0x53f36a33
core   0: 0x80007214 (0x01e0f6b3) and     a3, ra, t5
core   0: 3 0x80007214 (0x01e0f6b3) x13 0x00000020
core   0: 0x80007218 (0x01e5f1b3) and     gp, a1, t5
core   0: 3 0x80007218 (0x01e5f1b3) x 3 0x000001a9
core   0: 0x8000721c (0x40635513) srai    a0, t1, 6
core   0: 3 0x8000721c (0x40635513) x10 0x00000000
core   0: 0x80007220 (0x40f5d913) srai    s2, a1, 15
core   0: 3 0x80007220 (0x40f5d913) x18 0xffffffff
core   0: 0x80007224 (0xd910ee13) ori     t3, ra, -623
core   0: 3 0x80007224 (0xd910ee13) x28 0xfffffff5
core   0: 0x80007228 (0x01f9e513) ori     a0, s3, 31
core   0: 3 0x80007228 (0x01f9e513) x10 0x0000001f
core   0: 0x8000722c (0x4080ddb3) sra     s11, ra, s0
core   0: 3 0x8000722c (0x4080ddb3) x27 0x53f36264
core   0: 0x80007230 (0x00000013) nop
core   0: 3 0x80007230 (0x00000013)
core   0: 0x80007234 (0xfff00513) li      a0, -1
core   0: 3 0x80007234 (0xfff00513) x10 0xffffffff
core   0: 0x80007238 (0x80000937) lui     s2, 0x80000
core   0: 3 0x80007238 (0x80000937) x18 0x80000000
core   0: 0x8000723c (0x00000b93) li      s7, 0
core   0: 3 0x8000723c (0x00000b93) x23 0x00000000
core   0: 0x80007240 (0x00000993) li      s3, 0
core   0: 3 0x80007240 (0x00000993) x19 0x00000000
core   0: 0x80007244 (0xfff00613) li      a2, -1
core   0: 3 0x80007244 (0xfff00613) x12 0xffffffff
core   0: 0x80007248 (0x8709f737) lui     a4, 0x8709f
core   0: 3 0x80007248 (0x8709f737) x14 0x8709f000
core   0: 0x8000724c (0x44370713) addi    a4, a4, 1091
core   0: 3 0x8000724c (0x44370713) x14 0x8709f443
core   0: 0x80007250 (0x86e2db37) lui     s6, 0x86e2d
core   0: 3 0x80007250 (0x86e2db37) x22 0x86e2d000
core   0: 0x80007254 (0xc97b0b13) addi    s6, s6, -873
core   0: 3 0x80007254 (0xc97b0b13) x22 0x86e2cc97
core   0: 0x80007258 (0x00000193) li      gp, 0
core   0: 3 0x80007258 (0x00000193) x 3 0x00000000
core   0: 0x8000725c (0x80000f37) lui     t5, 0x80000
core   0: 3 0x8000725c (0x80000f37) x30 0x80000000
core   0: 0x80007260 (0x80000fb7) lui     t6, 0x80000
core   0: 3 0x80007260 (0x80000fb7) x31 0x80000000
core   0: 0x80007264 (0x00a60633) add     a2, a2, a0
core   0: 3 0x80007264 (0x00a60633) x12 0xfffffffe
core   0: 0x80007268 (0x63860513) addi    a0, a2, 1592
core   0: 3 0x80007268 (0x63860513) x10 0x00000636
core   0: 0x8000726c (0x00000013) nop
core   0: 3 0x8000726c (0x00000013)
core   0: 0x80007270 (0x84987fb7) lui     t6, 0x84987
core   0: 3 0x80007270 (0x84987fb7) x31 0x84987000
core   0: 0x80007274 (0xb4748517) auipc   a0, 0xb4748
core   0: 3 0x80007274 (0xb4748517) x10 0x3474f274
core   0: 0x80007278 (0x00000013) nop
core   0: 3 0x80007278 (0x00000013)
core   0: 0x8000727c (0x40370b33) sub     s6, a4, gp
core   0: 3 0x8000727c (0x40370b33) x22 0x8709f443
core   0: 0x80007280 (0x00000013) nop
core   0: 3 0x80007280 (0x00000013)
core   0: 0x80007284 (0x7d3b8b93) addi    s7, s7, 2003
core   0: 3 0x80007284 (0x7d3b8b93) x23 0x000007d3
core   0: 0x80007288 (0x70618913) addi    s2, gp, 1798
core   0: 3 0x80007288 (0x70618913) x18 0x00000706
core   0: 0x8000728c (0x97253197) auipc   gp, 0x97253
core   0: 3 0x8000728c (0x97253197) x 3 0x1725a28c
core   0: 0x80007290 (0x00000013) nop
core   0: 3 0x80007290 (0x00000013)
core   0: 0x80007294 (0xa3c16717) auipc   a4, 0xa3c16
core   0: 3 0x80007294 (0xa3c16717) x14 0x23c1d294
core   0: 0x80007298 (0x40eb0933) sub     s2, s6, a4
core   0: 3 0x80007298 (0x40eb0933) x18 0x634821af
core   0: 0x8000729c (0x00000013) nop
core   0: 3 0x8000729c (0x00000013)
core   0: 0x800072a0 (0x416b0933) sub     s2, s6, s6
core   0: 3 0x800072a0 (0x416b0933) x18 0x00000000
core   0: 0x800072a4 (0x8f172f97) auipc   t6, 0x8f172
core   0: 3 0x800072a4 (0x8f172f97) x31 0x0f1792a4
core   0: 0x800072a8 (0x50e50613) addi    a2, a0, 1294
core   0: 3 0x800072a8 (0x50e50613) x12 0x3474f782
core   0: 0x800072ac (0xd3a92617) auipc   a2, 0xd3a92
core   0: 3 0x800072ac (0xd3a92617) x12 0x53a992ac
core   0: 0x800072b0 (0x01f04733) xor     a4, zero, t6
core   0: 3 0x800072b0 (0x01f04733) x14 0x0f1792a4
core   0: 0x800072b4 (0x409006b3) sub     a3, zero, s1
core   0: 3 0x800072b4 (0x409006b3) x13 0x003fff52
core   0: 0x800072b8 (0x81b34193) xori    gp, t1, -2021
core   0: 3 0x800072b8 (0x81b34193) x 3 0xfffff81b
core   0: 0x800072bc (0x0031f233) and     tp, gp, gp
core   0: 3 0x800072bc (0x0031f233) x 4 0xfffff81b
core   0: 0x800072c0 (0x00000013) nop
core   0: 3 0x800072c0 (0x00000013)
core   0: 0x800072c4 (0x007c2133) slt     sp, s8, t2
core   0: 3 0x800072c4 (0x007c2133) x 2 0x00000000
core   0: 0x800072c8 (0x41260f33) sub     t5, a2, s2
core   0: 3 0x800072c8 (0x41260f33) x30 0x53a992ac
core   0: 0x800072cc (0x012fd913) srli    s2, t6, 18
core   0: 3 0x800072cc (0x012fd913) x18 0x000003c5
core   0: 0x800072d0 (0x01010133) add     sp, sp, a6
core   0: 3 0x800072d0 (0x01010133) x 2 0xfa4450b4
core   0: 0x800072d4 (0x22ee5617) auipc   a2, 0x22ee5
core   0: 3 0x800072d4 (0x22ee5617) x12 0xa2eec2d4
core   0: 0x800072d8 (0xafdae893) ori     a7, s5, -1283
core   0: 3 0x800072d8 (0xafdae893) x17 0xfffffafd
core   0: 0x800072dc (0x41ded133) sra     sp, t4, t4
core   0: 3 0x800072dc (0x41ded133) x 2 0x00000010
core   0: 0x800072e0 (0x00771693) slli    a3, a4, 7
core   0: 3 0x800072e0 (0x00771693) x13 0x8bc95200
core   0: 0x800072e4 (0xc9268b13) addi    s6, a3, -878
core   0: 3 0x800072e4 (0xc9268b13) x22 0x8bc94e92
core   0: 0x800072e8 (0x40f78ab3) sub     s5, a5, a5
core   0: 3 0x800072e8 (0x40f78ab3) x21 0x00000000
core   0: 0x800072ec (0x00b731b3) sltu    gp, a4, a1
core   0: 3 0x800072ec (0x00b731b3) x 3 0x00000001
core   0: 0x800072f0 (0x0139d9b3) srl     s3, s3, s3
core   0: 3 0x800072f0 (0x0139d9b3) x19 0x00000000
core   0: 0x800072f4 (0xddf63693) sltiu   a3, a2, -545
core   0: 3 0x800072f4 (0xddf63693) x13 0x00000001
core   0: 0x800072f8 (0x016716b3) sll     a3, a4, s6
core   0: 3 0x800072f8 (0x016716b3) x13 0x4a900000
core   0: 0x800072fc (0x0066a933) slt     s2, a3, t1
core   0: 3 0x800072fc (0x0066a933) x18 0x00000000
core   0: 0x80007300 (0x01745f13) srli    t5, s0, 23
core   0: 3 0x80007300 (0x01745f13) x30 0x00000000
core   0: 0x80007304 (0x01610c33) add     s8, sp, s6
core   0: 3 0x80007304 (0x01610c33) x24 0x8bc94ea2
core   0: 0x80007308 (0x4063d193) srai    gp, t2, 6
core   0: 3 0x80007308 (0x4063d193) x 3 0xfe000479
core   0: 0x8000730c (0x014dfdb3) and     s11, s11, s4
core   0: 3 0x8000730c (0x014dfdb3) x27 0x00000040
core   0: 0x80007310 (0x7abb2093) slti    ra, s6, 1963
core   0: 3 0x80007310 (0x7abb2093) x 1 0x00000001
core   0: 0x80007314 (0x01ce9db3) sll     s11, t4, t3
core   0: 3 0x80007314 (0x01ce9db3) x27 0x08400000
core   0: 0x80007318 (0x40cb81b3) sub     gp, s7, a2
core   0: 3 0x80007318 (0x40cb81b3) x 3 0x5d1144ff
core   0: 0x8000731c (0xbb42bf13) sltiu   t5, t0, -1100
core   0: 3 0x8000731c (0xbb42bf13) x30 0x00000001
core   0: 0x80007320 (0x401bd913) srai    s2, s7, 1
core   0: 3 0x80007320 (0x401bd913) x18 0x000003e9
core   0: 0x80007324 (0xd93250b7) lui     ra, 0xd9325
core   0: 3 0x80007324 (0xd93250b7) x 1 0xd9325000
core   0: 0x80007328 (0x01f877b3) and     a5, a6, t6
core   0: 3 0x80007328 (0x01f877b3) x15 0x0a0410a4
core   0: 0x8000732c (0x01025e13) srli    t3, tp, 16
core   0: 3 0x8000732c (0x01025e13) x28 0x0000ffff
core   0: 0x80007330 (0x00000013) nop
core   0: 3 0x80007330 (0x00000013)
core   0: 0x80007334 (0x41635eb3) sra     t4, t1, s6
core   0: 3 0x80007334 (0x41635eb3) x29 0x00000000
core   0: 0x80007338 (0x41a707b3) sub     a5, a4, s10
core   0: 3 0x80007338 (0x41a707b3) x15 0x0f179049
core   0: 0x8000733c (0x40a08033) sub     zero, ra, a0
core   0: 3 0x8000733c (0x40a08033)
core   0: 0x80007340 (0x6a2b0893) addi    a7, s6, 1698
core   0: 3 0x80007340 (0x6a2b0893) x17 0x8bc95534
core   0: 0x80007344 (0x012390b3) sll     ra, t2, s2
core   0: 3 0x80007344 (0x012390b3) x 1 0x023cc800
core   0: 0x80007348 (0x012eae33) slt     t3, t4, s2
core   0: 3 0x80007348 (0x012eae33) x28 0x00000001
core   0: 0x8000734c (0x3e510e93) addi    t4, sp, 997
core   0: 3 0x8000734c (0x3e510e93) x29 0x000003f5
core   0: 0x80007350 (0xbb086513) ori     a0, a6, -1104
core   0: 3 0x80007350 (0xbb086513) x10 0xfffffbb4
core   0: 0x80007354 (0x4125de13) srai    t3, a1, 18
core   0: 3 0x80007354 (0x4125de13) x28 0xffffffff
core   0: 0x80007358 (0x411584b3) sub     s1, a1, a7
core   0: 3 0x80007358 (0x411584b3) x 9 0x7436aac5
core   0: 0x8000735c (0x41a35193) srai    gp, t1, 26
core   0: 3 0x8000735c (0x41a35193) x 3 0x00000000
core   0: 0x80007360 (0xb8c20b13) addi    s6, tp, -1140
core   0: 3 0x80007360 (0xb8c20b13) x22 0xfffff3a7
core   0: 0x80007364 (0xf5432313) slti    t1, t1, -172
core   0: 3 0x80007364 (0xf5432313) x 6 0x00000000
core   0: 0x80007368 (0x01311a13) slli    s4, sp, 19
core   0: 3 0x80007368 (0x01311a13) x20 0x00800000
core   0: 0x8000736c (0x00e71193) slli    gp, a4, 14
core   0: 3 0x8000736c (0x00e71193) x 3 0xe4a90000
core   0: 0x80007370 (0xd3914e13) xori    t3, sp, -711
core   0: 3 0x80007370 (0xd3914e13) x28 0xfffffd29
core   0: 0x80007374 (0xc8f28413) addi    s0, t0, -881
core   0: 3 0x80007374 (0xc8f28413) x 8 0x80015973
core   0: 0x80007378 (0x41bf0fb3) sub     t6, t5, s11
core   0: 3 0x80007378 (0x41bf0fb3) x31 0xf7c00001
core   0: 0x8000737c (0x38877797) auipc   a5, 0x38877
core   0: 3 0x8000737c (0x38877797) x15 0xb887e37c
core   0: 0x80007380 (0x00a2d193) srli    gp, t0, 10
core   0: 3 0x80007380 (0x00a2d193) x 3 0x00200057
core   0: 0x80007384 (0x76b1e893) ori     a7, gp, 1899
core   0: 3 0x80007384 (0x76b1e893) x17 0x0020077f
core   0: 0x80007388 (0x002b2fb3) slt     t6, s6, sp
core   0: 3 0x80007388 (0x002b2fb3) x31 0x00000001
core   0: 0x8000738c (0x00841bb3) sll     s7, s0, s0
core   0: 3 0x8000738c (0x00841bb3) x23 0xcb980000
core   0: 0x80007390 (0x016e0c33) add     s8, t3, s6
core   0: 3 0x80007390 (0x016e0c33) x24 0xfffff0d0
core   0: 0x80007394 (0xd0c8c213) xori    tp, a7, -756
core   0: 3 0x80007394 (0xd0c8c213) x 4 0xffdffa73
core   0: 0x80007398 (0x012de133) or      sp, s11, s2
core   0: 3 0x80007398 (0x012de133) x 2 0x084003e9
core   0: 0x8000739c (0x00f7d693) srli    a3, a5, 15
core   0: 3 0x8000739c (0x00f7d693) x13 0x0001710f
core   0: 0x800073a0 (0xe4683993) sltiu   s3, a6, -442
core   0: 3 0x800073a0 (0xe4683993) x19 0x00000001
core   0: 0x800073a4 (0x00d19013) slli    zero, gp, 13
core   0: 3 0x800073a4 (0x00d19013)
core   0: 0x800073a8 (0x01142933) slt     s2, s0, a7
core   0: 3 0x800073a8 (0x01142933) x18 0x00000001
core   0: 0x800073ac (0x418fd313) srai    t1, t6, 24
core   0: 3 0x800073ac (0x418fd313) x 6 0x00000000
core   0: 0x800073b0 (0x0049eb33) or      s6, s3, tp
core   0: 3 0x800073b0 (0x0049eb33) x22 0xffdffa73
core   0: 0x800073b4 (0x5bd96cb7) lui     s9, 0x5bd96
core   0: 3 0x800073b4 (0x5bd96cb7) x25 0x5bd96000
core   0: 0x800073b8 (0x00b2ecb3) or      s9, t0, a1
core   0: 3 0x800073b8 (0x00b2ecb3) x25 0xfffffffd
core   0: 0x800073bc (0x004f30b3) sltu    ra, t5, tp
core   0: 3 0x800073bc (0x004f30b3) x 1 0x00000001
core   0: 0x800073c0 (0x41c7d613) srai    a2, a5, 28
core   0: 3 0x800073c0 (0x41c7d613) x12 0xfffffffb
core   0: 0x800073c4 (0x01cad213) srli    tp, s5, 28
core   0: 3 0x800073c4 (0x01cad213) x 4 0x00000000
core   0: 0x800073c8 (0x00577d33) and     s10, a4, t0
core   0: 3 0x800073c8 (0x00577d33) x26 0x000110a4
core   0: 0x800073cc (0x00ea9793) slli    a5, s5, 14
core   0: 3 0x800073cc (0x00ea9793) x15 0x00000000
core   0: 0x800073d0 (0xfb4fba93) sltiu   s5, t6, -76
core   0: 3 0x800073d0 (0xfb4fba93) x21 0x00000001
core   0: 0x800073d4 (0x0024e4b3) or      s1, s1, sp
core   0: 3 0x800073d4 (0x0024e4b3) x 9 0x7c76abed
core   0: 0x800073d8 (0x00c1b333) sltu    t1, gp, a2
core   0: 3 0x800073d8 (0x00c1b333) x 6 0x00000001
core   0: 0x800073dc (0x0914b493) sltiu   s1, s1, 145
core   0: 3 0x800073dc (0x0914b493) x 9 0x00000000
core   0: 0x800073e0 (0x0054e9b3) or      s3, s1, t0
core   0: 3 0x800073e0 (0x0054e9b3) x19 0x80015ce4
core   0: 0x800073e4 (0x00000013) nop
core   0: 3 0x800073e4 (0x00000013)
core   0: 0x800073e8 (0x75747593) andi    a1, s0, 1879
core   0: 3 0x800073e8 (0x75747593) x11 0x00000153
core   0: 0x800073ec (0x0028deb3) srl     t4, a7, sp
core   0: 3 0x800073ec (0x0028deb3) x29 0x00001003
core   0: 0x800073f0 (0x00abfb33) and     s6, s7, a0
core   0: 3 0x800073f0 (0x00abfb33) x22 0xcb980000
core   0: 0x800073f4 (0xd90e7697) auipc   a3, 0xd90e7
core   0: 3 0x800073f4 (0xd90e7697) x13 0x590ee3f4
core   0: 0x800073f8 (0x553c4c93) xori    s9, s8, 1363
core   0: 3 0x800073f8 (0x553c4c93) x25 0xfffff583
core   0: 0x800073fc (0x0059a4b3) slt     s1, s3, t0
core   0: 3 0x800073fc (0x0059a4b3) x 9 0x00000000
core   0: 0x80007400 (0x523b7a13) andi    s4, s6, 1315
core   0: 3 0x80007400 (0x523b7a13) x20 0x00000000
core   0: 0x80007404 (0xb4aa8d93) addi    s11, s5, -1206
core   0: 3 0x80007404 (0xb4aa8d93) x27 0xfffffb4b
core   0: 0x80007408 (0x00391333) sll     t1, s2, gp
core   0: 3 0x80007408 (0x00391333) x 6 0x00800000
core   0: 0x8000740c (0xd59e0793) addi    a5, t3, -679
core   0: 3 0x8000740c (0xd59e0793) x15 0xfffffa82
core   0: 0x80007410 (0x2d3f8a97) auipc   s5, 0x2d3f8
core   0: 3 0x80007410 (0x2d3f8a97) x21 0xad3ff410
core   0: 0x80007414 (0x14684a13) xori    s4, a6, 326
core   0: 3 0x80007414 (0x14684a13) x20 0xfa4451f2
core   0: 0x80007418 (0xd791bd93) sltiu   s11, gp, -647
core   0: 3 0x80007418 (0xd791bd93) x27 0x00000001
core   0: 0x8000741c (0x00729a93) slli    s5, t0, 7
core   0: 3 0x8000741c (0x00729a93) x21 0x00ae7200
core   0: 0x80007420 (0x2bb12617) auipc   a2, 0x2bb12
core   0: 3 0x80007420 (0x2bb12617) x12 0xabb19420
core   0: 0x80007424 (0x1ea2e213) ori     tp, t0, 490
core   0: 3 0x80007424 (0x1ea2e213) x 4 0x80015dee
core   0: 0x80007428 (0x01a4b0b3) sltu    ra, s1, s10
core   0: 3 0x80007428 (0x01a4b0b3) x 1 0x00000001
core   0: 0x8000742c (0x30fe0b93) addi    s7, t3, 783
core   0: 3 0x8000742c (0x30fe0b93) x23 0x00000038
core   0: 0x80007430 (0x008a4233) xor     tp, s4, s0
core   0: 3 0x80007430 (0x008a4233) x 4 0x7a450881
core   0: 0x80007434 (0x4115d893) srai    a7, a1, 17
core   0: 3 0x80007434 (0x4115d893) x17 0x00000000
core   0: 0x80007438 (0x6c20c037) lui     zero, 0x6c20c
core   0: 3 0x80007438 (0x6c20c037)
core   0: 0x8000743c (0x415a8fb3) sub     t6, s5, s5
core   0: 3 0x8000743c (0x415a8fb3) x31 0x00000000
core   0: 0x80007440 (0x00ac2233) slt     tp, s8, a0
core   0: 3 0x80007440 (0x00ac2233) x 4 0x00000001
core   0: 0x80007444 (0x0073d313) srli    t1, t2, 7
core   0: 3 0x80007444 (0x0073d313) x 6 0x0100023c
core   0: 0x80007448 (0x01d130b3) sltu    ra, sp, t4
core   0: 3 0x80007448 (0x01d130b3) x 1 0x00000000
core   0: 0x8000744c (0x0cac6493) ori     s1, s8, 202
core   0: 3 0x8000744c (0x0cac6493) x 9 0xfffff0da
core   0: 0x80007450 (0x00eeea33) or      s4, t4, a4
core   0: 3 0x80007450 (0x00eeea33) x20 0x0f1792a7
core   0: 0x80007454 (0xb3d33113) sltiu   sp, t1, -1219
core   0: 3 0x80007454 (0xb3d33113) x 2 0x00000001
core   0: 0x80007458 (0x4d3c8c13) addi    s8, s9, 1235
core   0: 3 0x80007458 (0x4d3c8c13) x24 0xfffffa56
core   0: 0x8000745c (0x00232b33) slt     s6, t1, sp
core   0: 3 0x8000745c (0x00232b33) x22 0x00000000
core   0: 0x80007460 (0xd4cdae93) slti    t4, s11, -692
core   0: 3 0x80007460 (0xd4cdae93) x29 0x00000000
core   0: 0x80007464 (0xadc70213) addi    tp, a4, -1316
core   0: 3 0x80007464 (0xadc70213) x 4 0x0f178d80
core   0: 0x80007468 (0xf0df6b13) ori     s6, t5, -243
core   0: 3 0x80007468 (0xf0df6b13) x22 0xffffff0d
core   0: 0x8000746c (0xe1e49f37) lui     t5, 0xe1e49
core   0: 3 0x8000746c (0xe1e49f37) x30 0xe1e49000
core   0: 0x80007470 (0x76ee7a97) auipc   s5, 0x76ee7
core   0: 3 0x80007470 (0x76ee7a97) x21 0xf6eee470
core   0: 0x80007474 (0x28e4f493) andi    s1, s1, 654
core   0: 3 0x80007474 (0x28e4f493) x 9 0x0000008a
core   0: 0x80007478 (0x013dc6b3) xor     a3, s11, s3
core   0: 3 0x80007478 (0x013dc6b3) x13 0x80015ce5
core   0: 0x8000747c (0x00799eb3) sll     t4, s3, t2
core   0: 3 0x8000747c (0x00799eb3) x29 0x0015ce40
core   0: 0x80007480 (0x001e7f33) and     t5, t3, ra
core   0: 3 0x80007480 (0x001e7f33) x30 0x00000000
core   0: 0x80007484 (0x00000013) nop
core   0: 3 0x80007484 (0x00000013)
core   0: 0x80007488 (0xbac93093) sltiu   ra, s2, -1108
core   0: 3 0x80007488 (0xbac93093) x 1 0x00000001
core   0: 0x8000748c (0x00e087b3) add     a5, ra, a4
core   0: 3 0x8000748c (0x00e087b3) x15 0x0f1792a5
core   0: 0x80007490 (0x015987b3) add     a5, s3, s5
core   0: 3 0x80007490 (0x015987b3) x15 0x76f04154
core   0: 0x80007494 (0x00200eb3) add     t4, zero, sp
core   0: 3 0x80007494 (0x00200eb3) x29 0x00000001
core   0: 0x80007498 (0x01503a33) snez    s4, s5
core   0: 3 0x80007498 (0x01503a33) x20 0x00000001
core   0: 0x8000749c (0x00000013) nop
core   0: 3 0x8000749c (0x00000013)
core   0: 0x800074a0 (0x01d69bb3) sll     s7, a3, t4
core   0: 3 0x800074a0 (0x01d69bb3) x23 0x0002b9ca
core   0: 0x800074a4 (0x0179e533) or      a0, s3, s7
core   0: 3 0x800074a4 (0x0179e533) x10 0x8003fdee
core   0: 0x800074a8 (0x3d02e113) ori     sp, t0, 976
core   0: 3 0x800074a8 (0x3d02e113) x 2 0x80015ff4
core   0: 0x800074ac (0x41db5213) srai    tp, s6, 29
core   0: 3 0x800074ac (0x41db5213) x 4 0xffffffff
core   0: 0x800074b0 (0x0bc9be17) auipc   t3, 0xbc9b
core   0: 3 0x800074b0 (0x0bc9be17) x28 0x8bca24b0
core   0: 0x800074b4 (0x01dc8eb3) add     t4, s9, t4
core   0: 3 0x800074b4 (0x01dc8eb3) x29 0xfffff584
core   0: 0x800074b8 (0x00590a33) add     s4, s2, t0
core   0: 3 0x800074b8 (0x00590a33) x20 0x80015ce5
core   0: 0x800074bc (0x01e79eb3) sll     t4, a5, t5
core   0: 3 0x800074bc (0x01e79eb3) x29 0x76f04154
core   0: 0x800074c0 (0x599c2d13) slti    s10, s8, 1433
core   0: 3 0x800074c0 (0x599c2d13) x26 0x00000001
core   0: 0x800074c4 (0xf262ba13) sltiu   s4, t0, -218
core   0: 3 0x800074c4 (0xf262ba13) x20 0x00000001
core   0: 0x800074c8 (0x24690693) addi    a3, s2, 582
core   0: 3 0x800074c8 (0x24690693) x13 0x00000247
core   0: 0x800074cc (0xef85a213) slti    tp, a1, -264
core   0: 3 0x800074cc (0xef85a213) x 4 0x00000000
core   0: 0x800074d0 (0x01a3f1b3) and     gp, t2, s10
core   0: 3 0x800074d0 (0x01a3f1b3) x 3 0x00000000
core   0: 0x800074d4 (0xa9a9b313) sltiu   t1, s3, -1382
core   0: 3 0x800074d4 (0xa9a9b313) x 6 0x00000001
core   0: 0x800074d8 (0x00445d13) srli    s10, s0, 4
core   0: 3 0x800074d8 (0x00445d13) x26 0x08001597
core   0: 0x800074dc (0x00f0fb33) and     s6, ra, a5
core   0: 3 0x800074dc (0x00f0fb33) x22 0x00000000
core   0: 0x800074e0 (0x01d34a33) xor     s4, t1, t4
core   0: 3 0x800074e0 (0x01d34a33) x20 0x76f04155
core   0: 0x800074e4 (0x412d0b33) sub     s6, s10, s2
core   0: 3 0x800074e4 (0x412d0b33) x22 0x08001596
core   0: 0x800074e8 (0x00000013) nop
core   0: 3 0x800074e8 (0x00000013)
core   0: 0x800074ec (0x9421cd13) xori    s10, gp, -1726
core   0: 3 0x800074ec (0x9421cd13) x26 0xfffff942
core   0: 0x800074f0 (0x00949693) slli    a3, s1, 9
core   0: 3 0x800074f0 (0x00949693) x13 0x00011400
core   0: 0x800074f4 (0xfa6d0313) addi    t1, s10, -90
core   0: 3 0x800074f4 (0xfa6d0313) x 6 0xfffff8e8
core   0: 0x800074f8 (0x0126a733) slt     a4, a3, s2
core   0: 3 0x800074f8 (0x0126a733) x14 0x00000000
core   0: 0x800074fc (0x00f4d8b3) srl     a7, s1, a5
core   0: 3 0x800074fc (0x00f4d8b3) x17 0x00000000
core   0: 0x80007500 (0x016dd413) srli    s0, s11, 22
core   0: 3 0x80007500 (0x016dd413) x 8 0x00000000
core   0: 0x80007504 (0x40af5333) sra     t1, t5, a0
core   0: 3 0x80007504 (0x40af5333) x 6 0x00000000
core   0: 0x80007508 (0x002a14b3) sll     s1, s4, sp
core   0: 3 0x80007508 (0x002a14b3) x 9 0x15500000
core   0: 0x8000750c (0x41c4d933) sra     s2, s1, t3
core   0: 3 0x8000750c (0x41c4d933) x18 0x00001550
core   0: 0x80007510 (0x015a8433) add     s0, s5, s5
core   0: 3 0x80007510 (0x015a8433) x 8 0xedddc8e0
core   0: 0x80007514 (0x00a0d793) srli    a5, ra, 10
core   0: 3 0x80007514 (0x00a0d793) x15 0x00000000
core   0: 0x80007518 (0x01e85db3) srl     s11, a6, t5
core   0: 3 0x80007518 (0x01e85db3) x27 0xfa4450b4
core   0: 0x8000751c (0x40e50533) sub     a0, a0, a4
core   0: 3 0x8000751c (0x40e50533) x10 0x8003fdee
core   0: 0x80007520 (0x01891133) sll     sp, s2, s8
core   0: 3 0x80007520 (0x01891133) x 2 0x54000000
core   0: 0x80007524 (0x00e21c33) sll     s8, tp, a4
core   0: 3 0x80007524 (0x00e21c33) x24 0x00000000
core   0: 0x80007528 (0xe6113e93) sltiu   t4, sp, -415
core   0: 3 0x80007528 (0xe6113e93) x29 0x00000001
core   0: 0x8000752c (0x01adde93) srli    t4, s11, 26
core   0: 3 0x8000752c (0x01adde93) x29 0x0000003e
core   0: 0x80007530 (0x00d83633) sltu    a2, a6, a3
core   0: 3 0x80007530 (0x00d83633) x12 0x00000000
core   0: 0x80007534 (0x41995d13) srai    s10, s2, 25
core   0: 3 0x80007534 (0x41995d13) x26 0x00000000
core   0: 0x80007538 (0x0095d133) srl     sp, a1, s1
core   0: 3 0x80007538 (0x0095d133) x 2 0x00000153
core   0: 0x8000753c (0x87ce2593) slti    a1, t3, -1924
core   0: 3 0x8000753c (0x87ce2593) x11 0x00000001
core   0: 0x80007540 (0x5be47d93) andi    s11, s0, 1470
core   0: 3 0x80007540 (0x5be47d93) x27 0x000000a0
core   0: 0x80007544 (0x754d7013) andi    zero, s10, 1876
core   0: 3 0x80007544 (0x754d7013)
core   0: 0x80007548 (0xdecd6593) ori     a1, s10, -532
core   0: 3 0x80007548 (0xdecd6593) x11 0xfffffdec
core   0: 0x8000754c (0x41ce88b3) sub     a7, t4, t3
core   0: 3 0x8000754c (0x41ce88b3) x17 0x7435db8e
core   0: 0x80007550 (0xbcc54913) xori    s2, a0, -1076
core   0: 3 0x80007550 (0xbcc54913) x18 0x7ffc0622
core   0: 0x80007554 (0x0091e033) or      zero, gp, s1
core   0: 3 0x80007554 (0x0091e033)
core   0: 0x80007558 (0x00000013) nop
core   0: 3 0x80007558 (0x00000013)
core   0: 0x8000755c (0x0c788193) addi    gp, a7, 199
core   0: 3 0x8000755c (0x0c788193) x 3 0x7435dc55
core   0: 0x80007560 (0x00000013) nop
core   0: 3 0x80007560 (0x00000013)
core   0: 0x80007564 (0x00000013) nop
core   0: 3 0x80007564 (0x00000013)
core   0: 0x80007568 (0xbbd7cc97) auipc   s9, 0xbbd7c
core   0: 3 0x80007568 (0xbbd7cc97) x25 0x3bd83568
core   0: 0x8000756c (0xc9f32993) slti    s3, t1, -865
core   0: 3 0x8000756c (0xc9f32993) x19 0x00000000
core   0: 0x80007570 (0x00541c33) sll     s8, s0, t0
core   0: 3 0x80007570 (0x00541c33) x24 0xdddc8e00
core   0: 0x80007574 (0x00127db3) and     s11, tp, ra
core   0: 3 0x80007574 (0x00127db3) x27 0x00000000
core   0: 0x80007578 (0x000b7fb3) and     t6, s6, zero
core   0: 3 0x80007578 (0x000b7fb3) x31 0x00000000
core   0: 0x8000757c (0x017f1133) sll     sp, t5, s7
core   0: 3 0x8000757c (0x017f1133) x 2 0x00000000
core   0: 0x80007580 (0xe14aab93) slti    s7, s5, -492
core   0: 3 0x80007580 (0xe14aab93) x23 0x00000001
core   0: 0x80007584 (0x4089d633) sra     a2, s3, s0
core   0: 3 0x80007584 (0x4089d633) x12 0x00000000
core   0: 0x80007588 (0x19f72693) slti    a3, a4, 415
core   0: 3 0x80007588 (0x19f72693) x13 0x00000001
core   0: 0x8000758c (0x2026b213) sltiu   tp, a3, 514
core   0: 3 0x8000758c (0x2026b213) x 4 0x00000001
core   0: 0x80007590 (0x014adab3) srl     s5, s5, s4
core   0: 3 0x80007590 (0x014adab3) x21 0x000007b7
core   0: 0x80007594 (0x01fd9713) slli    a4, s11, 31
core   0: 3 0x80007594 (0x01fd9713) x14 0x00000000
core   0: 0x80007598 (0x59163493) sltiu   s1, a2, 1425
core   0: 3 0x80007598 (0x59163493) x 9 0x00000001
core   0: 0x8000759c (0x01f35733) srl     a4, t1, t6
core   0: 3 0x8000759c (0x01f35733) x14 0x00000000
core   0: 0x800075a0 (0x00000013) nop
core   0: 3 0x800075a0 (0x00000013)
core   0: 0x800075a4 (0x3d936bb7) lui     s7, 0x3d936
core   0: 3 0x800075a4 (0x3d936bb7) x23 0x3d936000
core   0: 0x800075a8 (0x00e69933) sll     s2, a3, a4
core   0: 3 0x800075a8 (0x00e69933) x18 0x00000001
core   0: 0x800075ac (0x6d877413) andi    s0, a4, 1752
core   0: 3 0x800075ac (0x6d877413) x 8 0x00000000
core   0: 0x800075b0 (0x407d0733) sub     a4, s10, t2
core   0: 3 0x800075b0 (0x407d0733) x14 0x7ffee19c
core   0: 0x800075b4 (0x5ab4fe97) auipc   t4, 0x5ab4f
core   0: 3 0x800075b4 (0x5ab4fe97) x29 0xdab565b4
core   0: 0x800075b8 (0x52edf437) lui     s0, 0x52edf
core   0: 3 0x800075b8 (0x52edf437) x 8 0x52edf000
core   0: 0x800075bc (0x409c5933) sra     s2, s8, s1
core   0: 3 0x800075bc (0x409c5933) x18 0xeeee4700
core   0: 0x800075c0 (0x0003e033) or      zero, t2, zero
core   0: 3 0x800075c0 (0x0003e033)
core   0: 0x800075c4 (0x0028de93) srli    t4, a7, 2
core   0: 3 0x800075c4 (0x0028de93) x29 0x1d0d76e3
core   0: 0x800075c8 (0x418cdb33) sra     s6, s9, s8
core   0: 3 0x800075c8 (0x418cdb33) x22 0x3bd83568
core   0: 0x800075cc (0xc8d62fb7) lui     t6, 0xc8d62
core   0: 3 0x800075cc (0xc8d62fb7) x31 0xc8d62000
core   0: 0x800075d0 (0xc7abe713) ori     a4, s7, -902
core   0: 3 0x800075d0 (0xc7abe713) x14 0xfffffc7a
core   0: 0x800075d4 (0x012315b3) sll     a1, t1, s2
core   0: 3 0x800075d4 (0x012315b3) x11 0x00000000
core   0: 0x800075d8 (0xfa5a2a97) auipc   s5, 0xfa5a2
core   0: 3 0x800075d8 (0xfa5a2a97) x21 0x7a5a95d8
core   0: 0x800075dc (0x006d2233) slt     tp, s10, t1
core   0: 3 0x800075dc (0x006d2233) x 4 0x00000000
core   0: 0x800075e0 (0x0194fcb3) and     s9, s1, s9
core   0: 3 0x800075e0 (0x0194fcb3) x25 0x00000000
core   0: 0x800075e4 (0x729fe617) auipc   a2, 0x729fe
core   0: 3 0x800075e4 (0x729fe617) x12 0xf2a055e4
core   0: 0x800075e8 (0xb84b8613) addi    a2, s7, -1148
core   0: 3 0x800075e8 (0xb84b8613) x12 0x3d935b84
core   0: 0x800075ec (0x01af0cb3) add     s9, t5, s10
core   0: 3 0x800075ec (0x01af0cb3) x25 0x00000000
core   0: 0x800075f0 (0xb458f213) andi    tp, a7, -1211
core   0: 3 0x800075f0 (0xb458f213) x 4 0x7435db04
core   0: 0x800075f4 (0x83c50437) lui     s0, 0x83c50
core   0: 3 0x800075f4 (0x83c50437) x 8 0x83c50000
core   0: 0x800075f8 (0x00000013) nop
core   0: 3 0x800075f8 (0x00000013)
core   0: 0x800075fc (0x661da093) slti    ra, s11, 1633
core   0: 3 0x800075fc (0x661da093) x 1 0x00000001
core   0: 0x80007600 (0x003a57b3) srl     a5, s4, gp
core   0: 3 0x80007600 (0x003a57b3) x15 0x000003b7
core   0: 0x80007604 (0x3193c113) xori    sp, t2, 793
core   0: 3 0x80007604 (0x3193c113) x 2 0x80011d7d
core   0: 0x80007608 (0x88217c13) andi    s8, sp, -1918
core   0: 3 0x80007608 (0x88217c13) x24 0x80011800
core   0: 0x8000760c (0xd7485497) auipc   s1, 0xd7485
core   0: 3 0x8000760c (0xd7485497) x 9 0x5748c60c
core   0: 0x80007610 (0x01dc8fb3) add     t6, s9, t4
core   0: 3 0x80007610 (0x01dc8fb3) x31 0x1d0d76e3
core   0: 0x80007614 (0x18bc7093) andi    ra, s8, 395
core   0: 3 0x80007614 (0x18bc7093) x 1 0x00000000
core   0: 0x80007618 (0x9cf78993) addi    s3, a5, -1585
core   0: 3 0x80007618 (0x9cf78993) x19 0xfffffd86
core   0: 0x8000761c (0x12701b17) auipc   s6, 0x12701
core   0: 3 0x8000761c (0x12701b17) x22 0x9270861c
core   0: 0x80007620 (0x00000013) nop
core   0: 3 0x80007620 (0x00000013)
core   0: 0x80007624 (0x01714233) xor     tp, sp, s7
core   0: 3 0x80007624 (0x01714233) x 4 0xbd927d7d
core   0: 0x80007628 (0x01615733) srl     a4, sp, s6
core   0: 3 0x80007628 (0x01615733) x14 0x00000008
core   0: 0x8000762c (0x0164ec33) or      s8, s1, s6
core   0: 3 0x8000762c (0x0164ec33) x24 0xd778c61c
core   0: 0x80007630 (0x41a75a93) srai    s5, a4, 26
core   0: 3 0x80007630 (0x41a75a93) x21 0x00000000
core   0: 0x80007634 (0x40145a33) sra     s4, s0, ra
core   0: 3 0x80007634 (0x40145a33) x20 0x83c50000
core   0: 0x80007638 (0x016b2db3) slt     s11, s6, s6
core   0: 3 0x80007638 (0x016b2db3) x27 0x00000000
core   0: 0x8000763c (0x93e32a93) slti    s5, t1, -1730
core   0: 3 0x8000763c (0x93e32a93) x21 0x00000000
core   0: 0x80007640 (0x010f81b3) add     gp, t6, a6
core   0: 3 0x80007640 (0x010f81b3) x 3 0x1751c797
core   0: 0x80007644 (0x00961733) sll     a4, a2, s1
core   0: 3 0x80007644 (0x00961733) x14 0x35b84000
core   0: 0x80007648 (0x00f94f33) xor     t5, s2, a5
core   0: 3 0x80007648 (0x00f94f33) x30 0xeeee44b7
core   0: 0x8000764c (0x01f41a33) sll     s4, s0, t6
core   0: 3 0x8000764c (0x01f41a33) x20 0x1e280000
core   0: 0x80007650 (0xe7483f97) auipc   t6, 0xe7483
core   0: 3 0x80007650 (0xe7483f97) x31 0x6748a650
core   0: 0x80007654 (0x01210c33) add     s8, sp, s2
core   0: 3 0x80007654 (0x01210c33) x24 0x6eef647d
core   0: 0x80007658 (0x8deeaab7) lui     s5, 0x8deea
core   0: 3 0x80007658 (0x8deeaab7) x21 0x8deea000
core   0: 0x8000765c (0xdf272213) slti    tp, a4, -526
core   0: 3 0x8000765c (0xdf272213) x 4 0x00000000
core   0: 0x80007660 (0x4195de33) sra     t3, a1, s9
core   0: 3 0x80007660 (0x4195de33) x28 0x00000000
core   0: 0x80007664 (0x5a4bfb13) andi    s6, s7, 1444
core   0: 3 0x80007664 (0x5a4bfb13) x22 0x00000000
core   0: 0x80007668 (0x691ee897) auipc   a7, 0x691ee
core   0: 3 0x80007668 (0x691ee897) x17 0xe91f5668
core   0: 0x8000766c (0x6cc25a17) auipc   s4, 0x6cc25
core   0: 3 0x8000766c (0x6cc25a17) x20 0xecc2c66c
core   0: 0x80007670 (0x016c6733) or      a4, s8, s6
core   0: 3 0x80007670 (0x016c6733) x14 0x6eef647d
core   0: 0x80007674 (0x00a18cb3) add     s9, gp, a0
core   0: 3 0x80007674 (0x00a18cb3) x25 0x9755c585
core   0: 0x80007678 (0x008dabb3) slt     s7, s11, s0
core   0: 3 0x80007678 (0x008dabb3) x23 0x00000000
core   0: 0x8000767c (0x1febac93) slti    s9, s7, 510
core   0: 3 0x8000767c (0x1febac93) x25 0x00000001
core   0: 0x80007680 (0x01313ab3) sltu    s5, sp, s3
core   0: 3 0x80007680 (0x01313ab3) x21 0x00000001
core   0: 0x80007684 (0x3b347113) andi    sp, s0, 947
core   0: 3 0x80007684 (0x3b347113) x 2 0x00000000
core   0: 0x80007688 (0x00b41d33) sll     s10, s0, a1
core   0: 3 0x80007688 (0x00b41d33) x26 0x83c50000
core   0: 0x8000768c (0x001ef8b3) and     a7, t4, ra
core   0: 3 0x8000768c (0x001ef8b3) x17 0x00000000
core   0: 0x80007690 (0x014d2cb3) slt     s9, s10, s4
core   0: 3 0x80007690 (0x014d2cb3) x25 0x00000001
core   0: 0x80007694 (0x7382a693) slti    a3, t0, 1848
core   0: 3 0x80007694 (0x7382a693) x13 0x00000001
core   0: 0x80007698 (0xb8144bb7) lui     s7, 0xb8144
core   0: 3 0x80007698 (0xb8144bb7) x23 0xb8144000
core   0: 0x8000769c (0x01efc1b3) xor     gp, t6, t5
core   0: 3 0x8000769c (0x01efc1b3) x 3 0x89a6e2e7
core   0: 0x800076a0 (0x00756333) or      t1, a0, t2
core   0: 3 0x800076a0 (0x00756333) x 6 0x8003ffee
core   0: 0x800076a4 (0x00ad7233) and     tp, s10, a0
core   0: 3 0x800076a4 (0x00ad7233) x 4 0x80010000
core   0: 0x800076a8 (0x000619b3) sll     s3, a2, zero
core   0: 3 0x800076a8 (0x000619b3) x19 0x3d935b84
core   0: 0x800076ac (0x011de0b3) or      ra, s11, a7
core   0: 3 0x800076ac (0x011de0b3) x 1 0x00000000
core   0: 0x800076b0 (0x01d5e9b3) or      s3, a1, t4
core   0: 3 0x800076b0 (0x01d5e9b3) x19 0x1d0d76e3
core   0: 0x800076b4 (0x400a58b3) sra     a7, s4, zero
core   0: 3 0x800076b4 (0x400a58b3) x17 0xecc2c66c
core   0: 0x800076b8 (0x0138b6b3) sltu    a3, a7, s3
core   0: 3 0x800076b8 (0x0138b6b3) x13 0x00000000
core   0: 0x800076bc (0x6a0eab93) slti    s7, t4, 1696
core   0: 3 0x800076bc (0x6a0eab93) x23 0x00000000
core   0: 0x800076c0 (0xb472c893) xori    a7, t0, -1209
core   0: 3 0x800076c0 (0xb472c893) x17 0x7ffea7a3
core   0: 0x800076c4 (0x44189db7) lui     s11, 0x44189
core   0: 3 0x800076c4 (0x44189db7) x27 0x44189000
core   0: 0x800076c8 (0x0153dab3) srl     s5, t2, s5
core   0: 3 0x800076c8 (0x0153dab3) x21 0x40008f32
core   0: 0x800076cc (0x015530b3) sltu    ra, a0, s5
core   0: 3 0x800076cc (0x015530b3) x 1 0x00000000
core   0: 0x800076d0 (0x3ee7f497) auipc   s1, 0x3ee7f
core   0: 3 0x800076d0 (0x3ee7f497) x 9 0xbee866d0
core   0: 0x800076d4 (0x34bf6a13) ori     s4, t5, 843
core   0: 3 0x800076d4 (0x34bf6a13) x20 0xeeee47ff
core   0: 0x800076d8 (0x412ed993) srai    s3, t4, 18
core   0: 3 0x800076d8 (0x412ed993) x19 0x00000743
core   0: 0x800076dc (0x01f62e33) slt     t3, a2, t6
core   0: 3 0x800076dc (0x01f62e33) x28 0x00000001
core   0: 0x800076e0 (0x00fbf1b3) and     gp, s7, a5
core   0: 3 0x800076e0 (0x00fbf1b3) x 3 0x00000000
core   0: 0x800076e4 (0x0172da13) srli    s4, t0, 23
core   0: 3 0x800076e4 (0x0172da13) x20 0x00000100
core   0: 0x800076e8 (0x01a15333) srl     t1, sp, s10
core   0: 3 0x800076e8 (0x01a15333) x 6 0x00000000
core   0: 0x800076ec (0x00fda4b3) slt     s1, s11, a5
core   0: 3 0x800076ec (0x00fda4b3) x 9 0x00000000
core   0: 0x800076f0 (0x7b1a1917) auipc   s2, 0x7b1a1
core   0: 3 0x800076f0 (0x7b1a1917) x18 0xfb1a86f0
core   0: 0x800076f4 (0x017dbf33) sltu    t5, s11, s7
core   0: 3 0x800076f4 (0x017dbf33) x30 0x00000000
core   0: 0x800076f8 (0x440fd917) auipc   s2, 0x440fd
core   0: 3 0x800076f8 (0x440fd917) x18 0xc41046f8
core   0: 0x800076fc (0xa8d76113) ori     sp, a4, -1395
core   0: 3 0x800076fc (0xa8d76113) x 2 0xfffffefd
core   0: 0x80007700 (0x0099e1b3) or      gp, s3, s1
core   0: 3 0x80007700 (0x0099e1b3) x 3 0x00000743
core   0: 0x80007704 (0x00000013) nop
core   0: 3 0x80007704 (0x00000013)
core   0: 0x80007708 (0x0192fa33) and     s4, t0, s9
core   0: 3 0x80007708 (0x0192fa33) x20 0x00000000
core   0: 0x8000770c (0x72b40993) addi    s3, s0, 1835
core   0: 3 0x8000770c (0x72b40993) x19 0x83c5072b
core   0: 0x80007710 (0xddf60213) addi    tp, a2, -545
core   0: 3 0x80007710 (0xddf60213) x 4 0x3d935963
core   0: 0x80007714 (0x01c598b3) sll     a7, a1, t3
core   0: 3 0x80007714 (0x01c598b3) x17 0x00000000
core   0: 0x80007718 (0x01d81fb3) sll     t6, a6, t4
core   0: 3 0x80007718 (0x01d81fb3) x31 0xd22285a0
core   0: 0x8000771c (0x00000013) nop
core   0: 3 0x8000771c (0x00000013)
core   0: 0x80007720 (0x00d21a93) slli    s5, tp, 13
core   0: 3 0x80007720 (0x00d21a93) x21 0x6b2c6000
core   0: 0x80007724 (0xb45aa593) slti    a1, s5, -1211
core   0: 3 0x80007724 (0xb45aa593) x11 0x00000000
core   0: 0x80007728 (0x73580a13) addi    s4, a6, 1845
core   0: 3 0x80007728 (0x73580a13) x20 0xfa4457e9
core   0: 0x8000772c (0xd0c9f213) andi    tp, s3, -756
core   0: 3 0x8000772c (0xd0c9f213) x 4 0x83c50508
core   0: 0x80007730 (0xf59f7e93) andi    t4, t5, -167
core   0: 3 0x80007730 (0xf59f7e93) x29 0x00000000
core   0: 0x80007734 (0x01f01d13) slli    s10, zero, 31
core   0: 3 0x80007734 (0x01f01d13) x26 0x00000000
core   0: 0x80007738 (0x01f92333) slt     t1, s2, t6
core   0: 3 0x80007738 (0x01f92333) x 6 0x00000001
core   0: 0x8000773c (0x13935d17) auipc   s10, 0x13935
core   0: 3 0x8000773c (0x13935d17) x26 0x9393c73c
core   0: 0x80007740 (0x4b07b093) sltiu   ra, a5, 1200
core   0: 3 0x80007740 (0x4b07b093) x 1 0x00000001
core   0: 0x80007744 (0x1fe58693) addi    a3, a1, 510
core   0: 3 0x80007744 (0x1fe58693) x13 0x000001fe
core   0: 0x80007748 (0xab63b313) sltiu   t1, t2, -1354
core   0: 3 0x80007748 (0xab63b313) x 6 0x00000001
core   0: 0x8000774c (0x6bac6513) ori     a0, s8, 1722
core   0: 3 0x8000774c (0x6bac6513) x10 0x6eef66ff
core   0: 0x80007750 (0x01975b93) srli    s7, a4, 25
core   0: 3 0x80007750 (0x01975b93) x23 0x00000037
core   0: 0x80007754 (0xd08c8493) addi    s1, s9, -760
core   0: 3 0x80007754 (0xd08c8493) x 9 0xfffffd09
core   0: 0x80007758 (0x0121f133) and     sp, gp, s2
core   0: 3 0x80007758 (0x0121f133) x 2 0x00000640
core   0: 0x8000775c (0xe7847c37) lui     s8, 0xe7847
core   0: 3 0x8000775c (0xe7847c37) x24 0xe7847000
core   0: 0x80007760 (0x1570fc13) andi    s8, ra, 343
core   0: 3 0x80007760 (0x1570fc13) x24 0x00000001
core   0: 0x80007764 (0x0131d793) srli    a5, gp, 19
core   0: 3 0x80007764 (0x0131d793) x15 0x00000000
core   0: 0x80007768 (0x81568d93) addi    s11, a3, -2027
core   0: 3 0x80007768 (0x81568d93) x27 0xfffffa13
core   0: 0x8000776c (0x2e325cb7) lui     s9, 0x2e325
core   0: 3 0x8000776c (0x2e325cb7) x25 0x2e325000
core   0: 0x80007770 (0xa3a96693) ori     a3, s2, -1478
core   0: 3 0x80007770 (0xa3a96693) x13 0xfffffefa
core   0: 0x80007774 (0x6cd52c93) slti    s9, a0, 1741
core   0: 3 0x80007774 (0x6cd52c93) x25 0x00000000
core   0: 0x80007778 (0x75d4a413) slti    s0, s1, 1885
core   0: 3 0x80007778 (0x75d4a413) x 8 0x00000001
core   0: 0x8000777c (0x20f50e17) auipc   t3, 0x20f50
core   0: 3 0x8000777c (0x20f50e17) x28 0xa0f5777c
core   0: 0x80007780 (0x69112e13) slti    t3, sp, 1681
core   0: 3 0x80007780 (0x69112e13) x28 0x00000001
core   0: 0x80007784 (0x005f0fb3) add     t6, t5, t0
core   0: 3 0x80007784 (0x005f0fb3) x31 0x80015ce4
core   0: 0x80007788 (0x23213f13) sltiu   t5, sp, 562
core   0: 3 0x80007788 (0x23213f13) x30 0x00000000
core   0: 0x8000778c (0x06b77d97) auipc   s11, 0x6b77
core   0: 3 0x8000778c (0x06b77d97) x27 0x86b7e78c
core   0: 0x80007790 (0xe00ac013) xori    zero, s5, -512
core   0: 3 0x80007790 (0xe00ac013)
core   0: 0x80007794 (0xc9dc3213) sltiu   tp, s8, -867
core   0: 3 0x80007794 (0xc9dc3213) x 4 0x00000001
core   0: 0x80007798 (0x005469b3) or      s3, s0, t0
core   0: 3 0x80007798 (0x005469b3) x19 0x80015ce5
core   0: 0x8000779c (0x4058d0b3) sra     ra, a7, t0
core   0: 3 0x8000779c (0x4058d0b3) x 1 0x00000000
core   0: 0x800077a0 (0x6c658c93) addi    s9, a1, 1734
core   0: 3 0x800077a0 (0x6c658c93) x25 0x000006c6
core   0: 0x800077a4 (0x01b85eb3) srl     t4, a6, s11
core   0: 3 0x800077a4 (0x01b85eb3) x29 0x000fa445
core   0: 0x800077a8 (0x8d7caa93) slti    s5, s9, -1833
core   0: 3 0x800077a8 (0x8d7caa93) x21 0x00000000
core   0: 0x800077ac (0x0076d893) srli    a7, a3, 7
core   0: 3 0x800077ac (0x0076d893) x17 0x01fffffd
core   0: 0x800077b0 (0x0c644093) xori    ra, s0, 198
core   0: 3 0x800077b0 (0x0c644093) x 1 0x000000c7
core   0: 0x800077b4 (0x018cd933) srl     s2, s9, s8
core   0: 3 0x800077b4 (0x018cd933) x18 0x00000363
core   0: 0x800077b8 (0x00686db3) or      s11, a6, t1
core   0: 3 0x800077b8 (0x00686db3) x27 0xfa4450b5
core   0: 0x800077bc (0x40ba55b3) sra     a1, s4, a1
core   0: 3 0x800077bc (0x40ba55b3) x11 0xfa4457e9
core   0: 0x800077c0 (0x01647933) and     s2, s0, s6
core   0: 3 0x800077c0 (0x01647933) x18 0x00000000
core   0: 0x800077c4 (0x016a6d33) or      s10, s4, s6
core   0: 3 0x800077c4 (0x016a6d33) x26 0xfa4457e9
core   0: 0x800077c8 (0x0172f333) and     t1, t0, s7
core   0: 3 0x800077c8 (0x0172f333) x 6 0x00000024
core   0: 0x800077cc (0x41b5dd13) srai    s10, a1, 27
core   0: 3 0x800077cc (0x41b5dd13) x26 0xffffffff
core   0: 0x800077d0 (0x01762333) slt     t1, a2, s7
core   0: 3 0x800077d0 (0x01762333) x 6 0x00000000
core   0: 0x800077d4 (0x0142d313) srli    t1, t0, 20
core   0: 3 0x800077d4 (0x0142d313) x 6 0x00000800
core   0: 0x800077d8 (0x9adc0213) addi    tp, s8, -1619
core   0: 3 0x800077d8 (0x9adc0213) x 4 0xfffff9ae
core   0: 0x800077dc (0xef1e4bb7) lui     s7, 0xef1e4
core   0: 3 0x800077dc (0xef1e4bb7) x23 0xef1e4000
core   0: 0x800077e0 (0x01119233) sll     tp, gp, a7
core   0: 3 0x800077e0 (0x01119233) x 4 0x60000000
core   0: 0x800077e4 (0x01d65433) srl     s0, a2, t4
core   0: 3 0x800077e4 (0x01d65433) x 8 0x01ec9adc
core   0: 0x800077e8 (0x012c4233) xor     tp, s8, s2
core   0: 3 0x800077e8 (0x012c4233) x 4 0x00000001
core   0: 0x800077ec (0x0033abb3) slt     s7, t2, gp
core   0: 3 0x800077ec (0x0033abb3) x23 0x00000001
core   0: 0x800077f0 (0xc20cda97) auipc   s5, 0xc20cd
core   0: 3 0x800077f0 (0xc20cda97) x21 0x420d47f0
core   0: 0x800077f4 (0x41bc5b93) srai    s7, s8, 27
core   0: 3 0x800077f4 (0x41bc5b93) x23 0x00000000
core   0: 0x800077f8 (0x01a85093) srli    ra, a6, 26
core   0: 3 0x800077f8 (0x01a85093) x 1 0x0000003e
core   0: 0x800077fc (0x00c09f93) slli    t6, ra, 12
core   0: 3 0x800077fc (0x00c09f93) x31 0x0003e000
core   0: 0x80007800 (0x0028d433) srl     s0, a7, sp
core   0: 3 0x80007800 (0x0028d433) x 8 0x01fffffd
core   0: 0x80007804 (0x40c2d413) srai    s0, t0, 12
core   0: 3 0x80007804 (0x40c2d413) x 8 0xfff80015
core   0: 0x80007808 (0xb880c693) xori    a3, ra, -1144
core   0: 3 0x80007808 (0xb880c693) x13 0xfffffbb6
core   0: 0x8000780c (0xc3432993) slti    s3, t1, -972
core   0: 3 0x8000780c (0xc3432993) x19 0x00000000
core   0: 0x80007810 (0x40b05e13) srai    t3, zero, 11
core   0: 3 0x80007810 (0x40b05e13) x28 0x00000000
core   0: 0x80007814 (0x01bfd113) srli    sp, t6, 27
core   0: 3 0x80007814 (0x01bfd113) x 2 0x00000000
core   0: 0x80007818 (0x011521b3) slt     gp, a0, a7
core   0: 3 0x80007818 (0x011521b3) x 3 0x00000000
core   0: 0x8000781c (0xadb3f013) andi    zero, t2, -1317
core   0: 3 0x8000781c (0xadb3f013)
core   0: 0x80007820 (0x0101d893) srli    a7, gp, 16
core   0: 3 0x80007820 (0x0101d893) x17 0x00000000
core   0: 0x80007824 (0x013d2933) slt     s2, s10, s3
core   0: 3 0x80007824 (0x013d2933) x18 0x00000001
core   0: 0x80007828 (0x82a5e693) ori     a3, a1, -2006
core   0: 3 0x80007828 (0x82a5e693) x13 0xffffffeb
core   0: 0x8000782c (0x018eb433) sltu    s0, t4, s8
core   0: 3 0x8000782c (0x018eb433) x 8 0x00000000
core   0: 0x80007830 (0x01e2fe33) and     t3, t0, t5
core   0: 3 0x80007830 (0x01e2fe33) x28 0x00000000
core   0: 0x80007834 (0x90b7ae13) slti    t3, a5, -1781
core   0: 3 0x80007834 (0x90b7ae13) x28 0x00000000
core   0: 0x80007838 (0x4011d933) sra     s2, gp, ra
core   0: 3 0x80007838 (0x4011d933) x18 0x00000000
core   0: 0x8000783c (0x01315733) srl     a4, sp, s3
core   0: 3 0x8000783c (0x01315733) x14 0x00000000
core   0: 0x80007840 (0x004e8bb3) add     s7, t4, tp
core   0: 3 0x80007840 (0x004e8bb3) x23 0x000fa446
core   0: 0x80007844 (0x0040d013) srli    zero, ra, 4
core   0: 3 0x80007844 (0x0040d013)
core   0: 0x80007848 (0xd823f113) andi    sp, t2, -638
core   0: 3 0x80007848 (0xd823f113) x 2 0x80011c00
core   0: 0x8000784c (0x41c70433) sub     s0, a4, t3
core   0: 3 0x8000784c (0x41c70433) x 8 0x00000000
core   0: 0x80007850 (0x00030733) add     a4, t1, zero
core   0: 3 0x80007850 (0x00030733) x14 0x00000800
core   0: 0x80007854 (0x002f7bb3) and     s7, t5, sp
core   0: 3 0x80007854 (0x002f7bb3) x23 0x00000000
core   0: 0x80007858 (0x01e83d33) sltu    s10, a6, t5
core   0: 3 0x80007858 (0x01e83d33) x26 0x00000000
core   0: 0x8000785c (0x2a1be793) ori     a5, s7, 673
core   0: 3 0x8000785c (0x2a1be793) x15 0x000002a1
core   0: 0x80007860 (0x01049713) slli    a4, s1, 16
core   0: 3 0x80007860 (0x01049713) x14 0xfd090000
core   0: 0x80007864 (0x7d6da913) slti    s2, s11, 2006
core   0: 3 0x80007864 (0x7d6da913) x18 0x00000001
core   0: 0x80007868 (0x01d9d533) srl     a0, s3, t4
core   0: 3 0x80007868 (0x01d9d533) x10 0x00000000
core   0: 0x8000786c (0x011c38b3) sltu    a7, s8, a7
core   0: 3 0x8000786c (0x011c38b3) x17 0x00000000
core   0: 0x80007870 (0xc1b52b13) slti    s6, a0, -997
core   0: 3 0x80007870 (0xc1b52b13) x22 0x00000000
core   0: 0x80007874 (0x00e7df93) srli    t6, a5, 14
core   0: 3 0x80007874 (0x00e7df93) x31 0x00000000
core   0: 0x80007878 (0x408251b3) sra     gp, tp, s0
core   0: 3 0x80007878 (0x408251b3) x 3 0x00000001
core   0: 0x8000787c (0x00000013) nop
core   0: 3 0x8000787c (0x00000013)
core   0: 0x80007880 (0x002dc033) xor     zero, s11, sp
core   0: 3 0x80007880 (0x002dc033)
core   0: 0x80007884 (0x00dd7ab3) and     s5, s10, a3
core   0: 3 0x80007884 (0x00dd7ab3) x21 0x00000000
core   0: 0x80007888 (0xfa39ba13) sltiu   s4, s3, -93
core   0: 3 0x80007888 (0xfa39ba13) x20 0x00000001
core   0: 0x8000788c (0xa7a880b7) lui     ra, 0xa7a88
core   0: 3 0x8000788c (0xa7a880b7) x 1 0xa7a88000
core   0: 0x80007890 (0x01ff6633) or      a2, t5, t6
core   0: 3 0x80007890 (0x01ff6633) x12 0x00000000
core   0: 0x80007894 (0x0126d5b3) srl     a1, a3, s2
core   0: 3 0x80007894 (0x0126d5b3) x11 0x7ffffff5
core   0: 0x80007898 (0x7e887213) andi    tp, a6, 2024
core   0: 3 0x80007898 (0x7e887213) x 4 0x000000a0
core   0: 0x8000789c (0x2648a793) slti    a5, a7, 612
core   0: 3 0x8000789c (0x2648a793) x15 0x00000001
core   0: 0x800078a0 (0xfb50ff93) andi    t6, ra, -75
core   0: 3 0x800078a0 (0xfb50ff93) x31 0xa7a88000
core   0: 0x800078a4 (0x01cad533) srl     a0, s5, t3
core   0: 3 0x800078a4 (0x01cad533) x10 0x00000000
core   0: 0x800078a8 (0xb445ce17) auipc   t3, 0xb445c
core   0: 3 0x800078a8 (0xb445ce17) x28 0x344638a8
core   0: 0x800078ac (0x01fa9e93) slli    t4, s5, 31
core   0: 3 0x800078ac (0x01fa9e93) x29 0x00000000
core   0: 0x800078b0 (0x40215b93) srai    s7, sp, 2
core   0: 3 0x800078b0 (0x40215b93) x23 0xe0004700
core   0: 0x800078b4 (0x00222733) slt     a4, tp, sp
core   0: 3 0x800078b4 (0x00222733) x14 0x00000000
core   0: 0x800078b8 (0x5c40f193) andi    gp, ra, 1476
core   0: 3 0x800078b8 (0x5c40f193) x 3 0x00000000
core   0: 0x800078bc (0x0f22f213) andi    tp, t0, 242
core   0: 3 0x800078bc (0x0f22f213) x 4 0x000000e0
core   0: 0x800078c0 (0x012ccab3) xor     s5, s9, s2
core   0: 3 0x800078c0 (0x012ccab3) x21 0x000006c7
core   0: 0x800078c4 (0x413d0e33) sub     t3, s10, s3
core   0: 3 0x800078c4 (0x413d0e33) x28 0x00000000
core   0: 0x800078c8 (0x00c65433) srl     s0, a2, a2
core   0: 3 0x800078c8 (0x00c65433) x 8 0x00000000
core   0: 0x800078cc (0x0131efb3) or      t6, gp, s3
core   0: 3 0x800078cc (0x0131efb3) x31 0x00000000
core   0: 0x800078d0 (0x00bdb1b3) sltu    gp, s11, a1
core   0: 3 0x800078d0 (0x00bdb1b3) x 3 0x00000000
core   0: 0x800078d4 (0x00111033) sll     zero, sp, ra
core   0: 3 0x800078d4 (0x00111033)
core   0: 0x800078d8 (0xd6713413) sltiu   s0, sp, -665
core   0: 3 0x800078d8 (0xd6713413) x 8 0x00000001
core   0: 0x800078dc (0x0163d733) srl     a4, t2, s6
core   0: 3 0x800078dc (0x0163d733) x14 0x80011e64
core   0: 0x800078e0 (0x410a5193) srai    gp, s4, 16
core   0: 3 0x800078e0 (0x410a5193) x 3 0x00000000
core   0: 0x800078e4 (0x00a75c33) srl     s8, a4, a0
core   0: 3 0x800078e4 (0x00a75c33) x24 0x80011e64
core   0: 0x800078e8 (0x01098633) add     a2, s3, a6
core   0: 3 0x800078e8 (0x01098633) x12 0xfa4450b4
core   0: 0x800078ec (0x015c1713) slli    a4, s8, 21
core   0: 3 0x800078ec (0x015c1713) x14 0xcc800000
core   0: 0x800078f0 (0x009b2313) slti    t1, s6, 9
core   0: 3 0x800078f0 (0x009b2313) x 6 0x00000001
core   0: 0x800078f4 (0x41b4d013) srai    zero, s1, 27
core   0: 3 0x800078f4 (0x41b4d013)
core   0: 0x800078f8 (0x003f5ab3) srl     s5, t5, gp
core   0: 3 0x800078f8 (0x003f5ab3) x21 0x00000000
core   0: 0x800078fc (0x40ea8fb3) sub     t6, s5, a4
core   0: 3 0x800078fc (0x40ea8fb3) x31 0x33800000
core   0: 0x80007900 (0x000661b3) or      gp, a2, zero
core   0: 3 0x80007900 (0x000661b3) x 3 0xfa4450b4
core   0: 0x80007904 (0x002c5193) srli    gp, s8, 2
core   0: 3 0x80007904 (0x002c5193) x 3 0x20004799
core   0: 0x80007908 (0x00c24db3) xor     s11, tp, a2
core   0: 3 0x80007908 (0x00c24db3) x27 0xfa445054
core   0: 0x8000790c (0x006b2cb3) slt     s9, s6, t1
core   0: 3 0x8000790c (0x006b2cb3) x25 0x00000001
core   0: 0x80007910 (0x41d55b93) srai    s7, a0, 29
core   0: 3 0x80007910 (0x41d55b93) x23 0x00000000
core   0: 0x80007914 (0x98f87913) andi    s2, a6, -1649
core   0: 3 0x80007914 (0x98f87913) x18 0xfa445084
core   0: 0x80007918 (0x0089abb3) slt     s7, s3, s0
core   0: 3 0x80007918 (0x0089abb3) x23 0x00000001
core   0: 0x8000791c (0x012d1cb3) sll     s9, s10, s2
core   0: 3 0x8000791c (0x012d1cb3) x25 0x00000000
core   0: 0x80007920 (0xcca3b413) sltiu   s0, t2, -822
core   0: 3 0x80007920 (0xcca3b413) x 8 0x00000001
core   0: 0x80007924 (0x01ab9f93) slli    t6, s7, 26
core   0: 3 0x80007924 (0x01ab9f93) x31 0x04000000
core   0: 0x80007928 (0x0c17a493) slti    s1, a5, 193
core   0: 3 0x80007928 (0x0c17a493) x 9 0x00000001
core   0: 0x8000792c (0x1f978b93) addi    s7, a5, 505
core   0: 3 0x8000792c (0x1f978b93) x23 0x000001fa
core   0: 0x80007930 (0x035c7d13) andi    s10, s8, 53
core   0: 3 0x80007930 (0x035c7d13) x26 0x00000024
core   0: 0x80007934 (0xd75f2893) slti    a7, t5, -651
core   0: 3 0x80007934 (0xd75f2893) x17 0x00000000
core   0: 0x80007938 (0x006b24b3) slt     s1, s6, t1
core   0: 3 0x80007938 (0x006b24b3) x 9 0x00000001
core   0: 0x8000793c (0x03422e13) slti    t3, tp, 52
core   0: 3 0x8000793c (0x03422e13) x28 0x00000000
core   0: 0x80007940 (0x0099d933) srl     s2, s3, s1
core   0: 3 0x80007940 (0x0099d933) x18 0x00000000
core   0: 0x80007944 (0x08ef4793) xori    a5, t5, 142
core   0: 3 0x80007944 (0x08ef4793) x15 0x0000008e
core   0: 0x80007948 (0x01fad593) srli    a1, s5, 31
core   0: 3 0x80007948 (0x01fad593) x11 0x00000000
core   0: 0x8000794c (0x4087d593) srai    a1, a5, 8
core   0: 3 0x8000794c (0x4087d593) x11 0x00000000
core   0: 0x80007950 (0x0153b433) sltu    s0, t2, s5
core   0: 3 0x80007950 (0x0153b433) x 8 0x00000000
core   0: 0x80007954 (0x5f7feb93) ori     s7, t6, 1527
core   0: 3 0x80007954 (0x5f7feb93) x23 0x040005f7
core   0: 0x80007958 (0x40cf8533) sub     a0, t6, a2
core   0: 3 0x80007958 (0x40cf8533) x10 0x09bbaf4c
core   0: 0x8000795c (0xd3300c13) li      s8, -717
core   0: 3 0x8000795c (0xd3300c13) x24 0xfffffd33
core   0: 0x80007960 (0x3f0a4a93) xori    s5, s4, 1008
core   0: 3 0x80007960 (0x3f0a4a93) x21 0x000003f1
core   0: 0x80007964 (0x77dd6993) ori     s3, s10, 1917
core   0: 3 0x80007964 (0x77dd6993) x19 0x0000077d
core   0: 0x80007968 (0x407f5b93) srai    s7, t5, 7
core   0: 3 0x80007968 (0x407f5b93) x23 0x00000000
core   0: 0x8000796c (0x1662be97) auipc   t4, 0x1662b
core   0: 3 0x8000796c (0x1662be97) x29 0x9663296c
core   0: 0x80007970 (0x40f30233) sub     tp, t1, a5
core   0: 3 0x80007970 (0x40f30233) x 4 0xffffff73
core   0: 0x80007974 (0x7f6a3e13) sltiu   t3, s4, 2038
core   0: 3 0x80007974 (0x7f6a3e13) x28 0x00000001
core   0: 0x80007978 (0x01588eb3) add     t4, a7, s5
core   0: 3 0x80007978 (0x01588eb3) x29 0x000003f1
core   0: 0x8000797c (0x007f9f33) sll     t5, t6, t2
core   0: 3 0x8000797c (0x007f9f33) x30 0x40000000
core   0: 0x80007980 (0x2b986613) ori     a2, a6, 697
core   0: 3 0x80007980 (0x2b986613) x12 0xfa4452bd
core   0: 0x80007984 (0x0092bcb3) sltu    s9, t0, s1
core   0: 3 0x80007984 (0x0092bcb3) x25 0x00000000
core   0: 0x80007988 (0x009b7e33) and     t3, s6, s1
core   0: 3 0x80007988 (0x009b7e33) x28 0x00000000
core   0: 0x8000798c (0x416d5a33) sra     s4, s10, s6
core   0: 3 0x8000798c (0x416d5a33) x20 0x00000024
core   0: 0x80007990 (0x01d0abb3) slt     s7, ra, t4
core   0: 3 0x80007990 (0x01d0abb3) x23 0x00000001
core   0: 0x80007994 (0xe54cb917) auipc   s2, 0xe54cb
core   0: 3 0x80007994 (0xe54cb917) x18 0x654d2994
core   0: 0x80007998 (0x01689e93) slli    t4, a7, 22
core   0: 3 0x80007998 (0x01689e93) x29 0x00000000
core   0: 0x8000799c (0x40eed333) sra     t1, t4, a4
core   0: 3 0x8000799c (0x40eed333) x 6 0x00000000
core   0: 0x800079a0 (0x00c7c7b3) xor     a5, a5, a2
core   0: 3 0x800079a0 (0x00c7c7b3) x15 0xfa445233
core   0: 0x800079a4 (0x88e5c237) lui     tp, 0x88e5c
core   0: 3 0x800079a4 (0x88e5c237) x 4 0x88e5c000
core   0: 0x800079a8 (0xd5d20113) addi    sp, tp, -675
core   0: 3 0x800079a8 (0xd5d20113) x 2 0x88e5bd5d
core   0: 0x800079ac (0x011e7d33) and     s10, t3, a7
core   0: 3 0x800079ac (0x011e7d33) x26 0x00000000
core   0: 0x800079b0 (0x00195bb3) srl     s7, s2, ra
core   0: 3 0x800079b0 (0x00195bb3) x23 0x654d2994
core   0: 0x800079b4 (0x01172033) slt     zero, a4, a7
core   0: 3 0x800079b4 (0x01172033)
core   0: 0x800079b8 (0x00000013) nop
core   0: 3 0x800079b8 (0x00000013)
core   0: 0x800079bc (0x1d18ab93) slti    s7, a7, 465
core   0: 3 0x800079bc (0x1d18ab93) x23 0x00000001
core   0: 0x800079c0 (0x639f88b7) lui     a7, 0x639f8
core   0: 3 0x800079c0 (0x639f88b7) x17 0x639f8000
core   0: 0x800079c4 (0xe27bda97) auipc   s5, 0xe27bd
core   0: 3 0x800079c4 (0xe27bda97) x21 0x627c49c4
core   0: 0x800079c8 (0xa82dc513) xori    a0, s11, -1406
core   0: 3 0x800079c8 (0xa82dc513) x10 0x05bbaad6
core   0: 0x800079cc (0x002bc9b3) xor     s3, s7, sp
core   0: 3 0x800079cc (0x002bc9b3) x19 0x88e5bd5c
core   0: 0x800079d0 (0xd2562093) slti    ra, a2, -731
core   0: 3 0x800079d0 (0xd2562093) x 1 0x00000001
core   0: 0x800079d4 (0x0187d7b3) srl     a5, a5, s8
core   0: 3 0x800079d4 (0x0187d7b3) x15 0x00001f48
core   0: 0x800079d8 (0x0125d5b3) srl     a1, a1, s2
core   0: 3 0x800079d8 (0x0125d5b3) x11 0x00000000
core   0: 0x800079dc (0xbfed7e93) andi    t4, s10, -1026
core   0: 3 0x800079dc (0xbfed7e93) x29 0x00000000
core   0: 0x800079e0 (0x86047f13) andi    t5, s0, -1952
core   0: 3 0x800079e0 (0x86047f13) x30 0x00000000
core   0: 0x800079e4 (0x01ed5333) srl     t1, s10, t5
core   0: 3 0x800079e4 (0x01ed5333) x 6 0x00000000
core   0: 0x800079e8 (0xf033cb13) xori    s6, t2, -253
core   0: 3 0x800079e8 (0xf033cb13) x22 0x7ffee167
core   0: 0x800079ec (0x84017b93) andi    s7, sp, -1984
core   0: 3 0x800079ec (0x84017b93) x23 0x88e5b840
core   0: 0x800079f0 (0xf5bb4793) xori    a5, s6, -165
core   0: 3 0x800079f0 (0xf5bb4793) x15 0x80011e3c
core   0: 0x800079f4 (0x0176d7b3) srl     a5, a3, s7
core   0: 3 0x800079f4 (0x0176d7b3) x15 0xffffffeb
core   0: 0x800079f8 (0x00871493) slli    s1, a4, 8
core   0: 3 0x800079f8 (0x00871493) x 9 0x80000000
core   0: 0x800079fc (0x4a913693) sltiu   a3, sp, 1193
core   0: 3 0x800079fc (0x4a913693) x13 0x00000000
core   0: 0x80007a00 (0x409b5633) sra     a2, s6, s1
core   0: 3 0x80007a00 (0x409b5633) x12 0x7ffee167
core   0: 0x80007a04 (0xdc913793) sltiu   a5, sp, -567
core   0: 3 0x80007a04 (0xdc913793) x15 0x00000001
core   0: 0x80007a08 (0x593c7c13) andi    s8, s8, 1427
core   0: 3 0x80007a08 (0x593c7c13) x24 0x00000513
core   0: 0x80007a0c (0x8948e413) ori     s0, a7, -1900
core   0: 3 0x80007a0c (0x8948e413) x 8 0xfffff894
core   0: 0x80007a10 (0x0041ecb3) or      s9, gp, tp
core   0: 3 0x80007a10 (0x0041ecb3) x25 0xa8e5c799
core   0: 0x80007a14 (0x0045a433) slt     s0, a1, tp
core   0: 3 0x80007a14 (0x0045a433) x 8 0x00000000
core   0: 0x80007a18 (0x4074d493) srai    s1, s1, 7
core   0: 3 0x80007a18 (0x4074d493) x 9 0xff000000
core   0: 0x80007a1c (0x008b1133) sll     sp, s6, s0
core   0: 3 0x80007a1c (0x008b1133) x 2 0x7ffee167
core   0: 0x80007a20 (0xda383f97) auipc   t6, 0xda383
core   0: 3 0x80007a20 (0xda383f97) x31 0x5a38aa20
core   0: 0x80007a24 (0x06cf3e13) sltiu   t3, t5, 108
core   0: 3 0x80007a24 (0x06cf3e13) x28 0x00000001
core   0: 0x80007a28 (0x00d7c133) xor     sp, a5, a3
core   0: 3 0x80007a28 (0x00d7c133) x 2 0x00000001
core   0: 0x80007a2c (0x00000013) nop
core   0: 3 0x80007a2c (0x00000013)
core   0: 0x80007a30 (0x011f26b3) slt     a3, t5, a7
core   0: 3 0x80007a30 (0x011f26b3) x13 0x00000001
core   0: 0x80007a34 (0xdce72413) slti    s0, a4, -562
core   0: 3 0x80007a34 (0xdce72413) x 8 0x00000001
core   0: 0x80007a38 (0x508ec893) xori    a7, t4, 1288
core   0: 3 0x80007a38 (0x508ec893) x17 0x00000508
core   0: 0x80007a3c (0x00000013) nop
core   0: 3 0x80007a3c (0x00000013)
core   0: 0x80007a40 (0x00e4dd93) srli    s11, s1, 14
core   0: 3 0x80007a40 (0x00e4dd93) x27 0x0003fc00
core   0: 0x80007a44 (0x4169d513) srai    a0, s3, 22
core   0: 3 0x80007a44 (0x4169d513) x10 0xfffffe23
core   0: 0x80007a48 (0x00e65193) srli    gp, a2, 14
core   0: 3 0x80007a48 (0x00e65193) x 3 0x0001fffb
core   0: 0x80007a4c (0x00adc133) xor     sp, s11, a0
core   0: 3 0x80007a4c (0x00adc133) x 2 0xfffc0223
core   0: 0x80007a50 (0x54823193) sltiu   gp, tp, 1352
core   0: 3 0x80007a50 (0x54823193) x 3 0x00000000
core   0: 0x80007a54 (0x67f96513) ori     a0, s2, 1663
core   0: 3 0x80007a54 (0x67f96513) x10 0x654d2fff
core   0: 0x80007a58 (0xacc2f093) andi    ra, t0, -1332
core   0: 3 0x80007a58 (0xacc2f093) x 1 0x800158c4
core   0: 0x80007a5c (0xbf36b993) sltiu   s3, a3, -1037
core   0: 3 0x80007a5c (0xbf36b993) x19 0x00000001
core   0: 0x80007a60 (0x01ce9a93) slli    s5, t4, 28
core   0: 3 0x80007a60 (0x01ce9a93) x21 0x00000000
core   0: 0x80007a64 (0x01111193) slli    gp, sp, 17
core   0: 3 0x80007a64 (0x01111193) x 3 0x04460000
core   0: 0x80007a68 (0x6da8dab7) lui     s5, 0x6da8d
core   0: 3 0x80007a68 (0x6da8dab7) x21 0x6da8d000
core   0: 0x80007a6c (0x41a0ddb3) sra     s11, ra, s10
core   0: 3 0x80007a6c (0x41a0ddb3) x27 0x800158c4
core   0: 0x80007a70 (0x4163dab3) sra     s5, t2, s6
core   0: 3 0x80007a70 (0x4163dab3) x21 0xff00023c
core   0: 0x80007a74 (0x012e2933) slt     s2, t3, s2
core   0: 3 0x80007a74 (0x012e2933) x18 0x00000001
core   0: 0x80007a78 (0xc4994d93) xori    s11, s2, -951
core   0: 3 0x80007a78 (0xc4994d93) x27 0xfffffc48
core   0: 0x80007a7c (0xd18cfd93) andi    s11, s9, -744
core   0: 3 0x80007a7c (0xd18cfd93) x27 0xa8e5c518
core   0: 0x80007a80 (0x00ca0fb3) add     t6, s4, a2
core   0: 3 0x80007a80 (0x00ca0fb3) x31 0x7ffee18b
core   0: 0x80007a84 (0x01e46c33) or      s8, s0, t5
core   0: 3 0x80007a84 (0x01e46c33) x24 0x00000001
core   0: 0x80007a88 (0x72023d13) sltiu   s10, tp, 1824
core   0: 3 0x80007a88 (0x72023d13) x26 0x00000000
core   0: 0x80007a8c (0xa019cb93) xori    s7, s3, -1535
core   0: 3 0x80007a8c (0xa019cb93) x23 0xfffffa00
core   0: 0x80007a90 (0xb8dfe637) lui     a2, 0xb8dfe
core   0: 3 0x80007a90 (0xb8dfe637) x12 0xb8dfe000
core   0: 0x80007a94 (0x01d7e233) or      tp, a5, t4
core   0: 3 0x80007a94 (0x01d7e233) x 4 0x00000001
core   0: 0x80007a98 (0xf0dc7c93) andi    s9, s8, -243
core   0: 3 0x80007a98 (0xf0dc7c93) x25 0x00000001
core   0: 0x80007a9c (0x00359e13) slli    t3, a1, 3
core   0: 3 0x80007a9c (0x00359e13) x28 0x00000000
core   0: 0x80007aa0 (0x410d5233) sra     tp, s10, a6
core   0: 3 0x80007aa0 (0x410d5233) x 4 0x00000000
core   0: 0x80007aa4 (0x9a656213) ori     tp, a0, -1626
core   0: 3 0x80007aa4 (0x9a656213) x 4 0xffffffff
core   0: 0x80007aa8 (0xbfd9fe13) andi    t3, s3, -1027
core   0: 3 0x80007aa8 (0xbfd9fe13) x28 0x00000001
core   0: 0x80007aac (0x29050a13) addi    s4, a0, 656
core   0: 3 0x80007aac (0x29050a13) x20 0x654d328f
core   0: 0x80007ab0 (0xb56dcd93) xori    s11, s11, -1194
core   0: 3 0x80007ab0 (0xb56dcd93) x27 0x571a3e4e
core   0: 0x80007ab4 (0x30130093) addi    ra, t1, 769
core   0: 3 0x80007ab4 (0x30130093) x 1 0x00000301
core   0: 0x80007ab8 (0x00b9fcb3) and     s9, s3, a1
core   0: 3 0x80007ab8 (0x00b9fcb3) x25 0x00000000
core   0: 0x80007abc (0x409b8f33) sub     t5, s7, s1
core   0: 3 0x80007abc (0x409b8f33) x30 0x00fffa00
core   0: 0x80007ac0 (0x4fc671b7) lui     gp, 0x4fc67
core   0: 3 0x80007ac0 (0x4fc671b7) x 3 0x4fc67000
core   0: 0x80007ac4 (0x00a97a33) and     s4, s2, a0
core   0: 3 0x80007ac4 (0x00a97a33) x20 0x00000001
core   0: 0x80007ac8 (0x6686f613) andi    a2, a3, 1640
core   0: 3 0x80007ac8 (0x6686f613) x12 0x00000000
core   0: 0x80007acc (0x01a084b3) add     s1, ra, s10
core   0: 3 0x80007acc (0x01a084b3) x 9 0x00000301
core   0: 0x80007ad0 (0xfb9dc093) xori    ra, s11, -71
core   0: 3 0x80007ad0 (0xfb9dc093) x 1 0xa8e5c1f7
core   0: 0x80007ad4 (0x33853437) lui     s0, 0x33853
core   0: 3 0x80007ad4 (0x33853437) x 8 0x33853000
core   0: 0x80007ad8 (0x00000013) nop
core   0: 3 0x80007ad8 (0x00000013)
core   0: 0x80007adc (0x6798e6b7) lui     a3, 0x6798e
core   0: 3 0x80007adc (0x6798e6b7) x13 0x6798e000
core   0: 0x80007ae0 (0x419d0a33) sub     s4, s10, s9
core   0: 3 0x80007ae0 (0x419d0a33) x20 0x00000000
core   0: 0x80007ae4 (0x01845d13) srli    s10, s0, 24
core   0: 3 0x80007ae4 (0x01845d13) x26 0x00000033
core   0: 0x80007ae8 (0x003795b3) sll     a1, a5, gp
core   0: 3 0x80007ae8 (0x003795b3) x11 0x00000001
core   0: 0x80007aec (0x01adaab3) slt     s5, s11, s10
core   0: 3 0x80007aec (0x01adaab3) x21 0x00000000
core   0: 0x80007af0 (0x00ac1db3) sll     s11, s8, a0
core   0: 3 0x80007af0 (0x00ac1db3) x27 0x80000000
core   0: 0x80007af4 (0x402dd9b3) sra     s3, s11, sp
core   0: 3 0x80007af4 (0x402dd9b3) x19 0xf0000000
core   0: 0x80007af8 (0x01f68cb3) add     s9, a3, t6
core   0: 3 0x80007af8 (0x01f68cb3) x25 0xe797c18b
core   0: 0x80007afc (0x00101633) sll     a2, zero, ra
core   0: 3 0x80007afc (0x00101633) x12 0x00000000
core   0: 0x80007b00 (0x00000013) nop
core   0: 3 0x80007b00 (0x00000013)
core   0: 0x80007b04 (0x000378b3) and     a7, t1, zero
core   0: 3 0x80007b04 (0x000378b3) x17 0x00000000
core   0: 0x80007b08 (0x46dd7313) andi    t1, s10, 1133
core   0: 3 0x80007b08 (0x46dd7313) x 6 0x00000021
core   0: 0x80007b0c (0xd9007313) andi    t1, zero, -624
core   0: 3 0x80007b0c (0xd9007313) x 6 0x00000000
core   0: 0x80007b10 (0x0110de13) srli    t3, ra, 17
core   0: 3 0x80007b10 (0x0110de13) x28 0x00005472
core   0: 0x80007b14 (0x018f6d33) or      s10, t5, s8
core   0: 3 0x80007b14 (0x018f6d33) x26 0x00fffa01
core   0: 0x80007b18 (0x002698b3) sll     a7, a3, sp
core   0: 3 0x80007b18 (0x002698b3) x17 0x3cc70000
core   0: 0x80007b1c (0x00000013) nop
core   0: 3 0x80007b1c (0x00000013)
core   0: 0x80007b20 (0x4068df93) srai    t6, a7, 6
core   0: 3 0x80007b20 (0x4068df93) x31 0x00f31c00
core   0: 0x80007b24 (0x01fa17b3) sll     a5, s4, t6
core   0: 3 0x80007b24 (0x01fa17b3) x15 0x00000000
core   0: 0x80007b28 (0x458f6f93) ori     t6, t5, 1112
core   0: 3 0x80007b28 (0x458f6f93) x31 0x00fffe58
core   0: 0x80007b2c (0x005b4033) xor     zero, s6, t0
core   0: 3 0x80007b2c (0x005b4033)
core   0: 0x80007b30 (0x01ead133) srl     sp, s5, t5
core   0: 3 0x80007b30 (0x01ead133) x 2 0x00000000
core   0: 0x80007b34 (0x00000013) nop
core   0: 3 0x80007b34 (0x00000013)
core   0: 0x80007b38 (0x80000e37) lui     t3, 0x80000
core   0: 3 0x80007b38 (0x80000e37) x28 0x80000000
core   0: 0x80007b3c (0x00000993) li      s3, 0
core   0: 3 0x80007b3c (0x00000993) x19 0x00000000
core   0: 0x80007b40 (0xfff00f93) li      t6, -1
core   0: 3 0x80007b40 (0xfff00f93) x31 0xffffffff
core   0: 0x80007b44 (0x80000437) lui     s0, 0x80000
core   0: 3 0x80007b44 (0x80000437) x 8 0x80000000
core   0: 0x80007b48 (0x800004b7) lui     s1, 0x80000
core   0: 3 0x80007b48 (0x800004b7) x 9 0x80000000
core   0: 0x80007b4c (0x00000c93) li      s9, 0
core   0: 3 0x80007b4c (0x00000c93) x25 0x00000000
core   0: 0x80007b50 (0x80000737) lui     a4, 0x80000
core   0: 3 0x80007b50 (0x80000737) x14 0x80000000
core   0: 0x80007b54 (0xfff00693) li      a3, -1
core   0: 3 0x80007b54 (0xfff00693) x13 0xffffffff
core   0: 0x80007b58 (0xd6fe4f37) lui     t5, 0xd6fe4
core   0: 3 0x80007b58 (0xd6fe4f37) x30 0xd6fe4000
core   0: 0x80007b5c (0x9bff0f13) addi    t5, t5, -1601
core   0: 3 0x80007b5c (0x9bff0f13) x30 0xd6fe39bf
core   0: 0x80007b60 (0x80000137) lui     sp, 0x80000
core   0: 3 0x80007b60 (0x80000137) x 2 0x80000000
core   0: 0x80007b64 (0x013f89b3) add     s3, t6, s3
core   0: 3 0x80007b64 (0x013f89b3) x19 0xffffffff
core   0: 0x80007b68 (0x59548e13) addi    t3, s1, 1429
core   0: 3 0x80007b68 (0x59548e13) x28 0x80000595
core   0: 0x80007b6c (0xcf2e0993) addi    s3, t3, -782
core   0: 3 0x80007b6c (0xcf2e0993) x19 0x80000287
core   0: 0x80007b70 (0x9fcd6997) auipc   s3, 0x9fcd6
core   0: 3 0x80007b70 (0x9fcd6997) x19 0x1fcddb70
core   0: 0x80007b74 (0x01940133) add     sp, s0, s9
core   0: 3 0x80007b74 (0x01940133) x 2 0x80000000
core   0: 0x80007b78 (0xf6b0a437) lui     s0, 0xf6b0a
core   0: 3 0x80007b78 (0xf6b0a437) x 8 0xf6b0a000
core   0: 0x80007b7c (0x00000013) nop
core   0: 3 0x80007b7c (0x00000013)
core   0: 0x80007b80 (0x009c8cb3) add     s9, s9, s1
core   0: 3 0x80007b80 (0x009c8cb3) x25 0x80000000
core   0: 0x80007b84 (0x8f1f4997) auipc   s3, 0x8f1f4
core   0: 3 0x80007b84 (0x8f1f4997) x19 0x0f1fbb84
core   0: 0x80007b88 (0xc4498f13) addi    t5, s3, -956
core   0: 3 0x80007b88 (0xc4498f13) x30 0x0f1fb7c8
core   0: 0x80007b8c (0x01fc84b3) add     s1, s9, t6
core   0: 3 0x80007b8c (0x01fc84b3) x 9 0x7fffffff
core   0: 0x80007b90 (0x40910433) sub     s0, sp, s1
core   0: 3 0x80007b90 (0x40910433) x 8 0x00000001
core   0: 0x80007b94 (0xfa887117) auipc   sp, 0xfa887
core   0: 3 0x80007b94 (0xfa887117) x 2 0x7a88eb94
core   0: 0x80007b98 (0x40e48133) sub     sp, s1, a4
core   0: 3 0x80007b98 (0x40e48133) x 2 0xffffffff
core   0: 0x80007b9c (0x00d106b3) add     a3, sp, a3
core   0: 3 0x80007b9c (0x00d106b3) x13 0xfffffffe
core   0: 0x80007ba0 (0x54568993) addi    s3, a3, 1349
core   0: 3 0x80007ba0 (0x54568993) x19 0x00000543
core   0: 0x80007ba4 (0x00000013) nop
core   0: 3 0x80007ba4 (0x00000013)
core   0: 0x80007ba8 (0x00000013) nop
core   0: 3 0x80007ba8 (0x00000013)
core   0: 0x80007bac (0x00000013) nop
core   0: 3 0x80007bac (0x00000013)
core   0: 0x80007bb0 (0xfcc24193) xori    gp, tp, -52
core   0: 3 0x80007bb0 (0xfcc24193) x 3 0x00000033
core   0: 0x80007bb4 (0x008fd633) srl     a2, t6, s0
core   0: 3 0x80007bb4 (0x008fd633) x12 0x7fffffff
core   0: 0x80007bb8 (0xded8eb13) ori     s6, a7, -531
core   0: 3 0x80007bb8 (0xded8eb13) x22 0xfffffded
core   0: 0x80007bbc (0x4eedec13) ori     s8, s11, 1262
core   0: 3 0x80007bbc (0x4eedec13) x24 0x800004ee
core   0: 0x80007bc0 (0xb41a2fb7) lui     t6, 0xb41a2
core   0: 3 0x80007bc0 (0xb41a2fb7) x31 0xb41a2000
core   0: 0x80007bc4 (0x01add7b3) srl     a5, s11, s10
core   0: 3 0x80007bc4 (0x01add7b3) x15 0x40000000
core   0: 0x80007bc8 (0x00b7dd33) srl     s10, a5, a1
core   0: 3 0x80007bc8 (0x00b7dd33) x26 0x20000000
core   0: 0x80007bcc (0x406150b3) sra     ra, sp, t1
core   0: 3 0x80007bcc (0x406150b3) x 1 0xffffffff
core   0: 0x80007bd0 (0x3472ed93) ori     s11, t0, 839
core   0: 3 0x80007bd0 (0x3472ed93) x27 0x80015fe7
core   0: 0x80007bd4 (0xa43f4737) lui     a4, 0xa43f4
core   0: 3 0x80007bd4 (0xa43f4737) x14 0xa43f4000
core   0: 0x80007bd8 (0x005ddb93) srli    s7, s11, 5
core   0: 3 0x80007bd8 (0x005ddb93) x23 0x04000aff
core   0: 0x80007bdc (0x41ed56b3) sra     a3, s10, t5
core   0: 3 0x80007bdc (0x41ed56b3) x13 0x00200000
core   0: 0x80007be0 (0x00000013) nop
core   0: 3 0x80007be0 (0x00000013)
core   0: 0x80007be4 (0x00225993) srli    s3, tp, 2
core   0: 3 0x80007be4 (0x00225993) x19 0x3fffffff
core   0: 0x80007be8 (0x00000013) nop
core   0: 3 0x80007be8 (0x00000013)
core   0: 0x80007bec (0x00760533) add     a0, a2, t2
core   0: 3 0x80007bec (0x00760533) x10 0x00011e63
core   0: 0x80007bf0 (0x40c98c33) sub     s8, s3, a2
core   0: 3 0x80007bf0 (0x40c98c33) x24 0xc0000000
core   0: 0x80007bf4 (0x40bf5613) srai    a2, t5, 11
core   0: 3 0x80007bf4 (0x40bf5613) x12 0x0001e3f6
core   0: 0x80007bf8 (0x0039cb33) xor     s6, s3, gp
core   0: 3 0x80007bf8 (0x0039cb33) x22 0x3fffffcc
core   0: 0x80007bfc (0x01f5cab3) xor     s5, a1, t6
core   0: 3 0x80007bfc (0x01f5cab3) x21 0xb41a2001
core   0: 0x80007c00 (0x41be5eb3) sra     t4, t3, s11
core   0: 3 0x80007c00 (0x41be5eb3) x29 0xff00000b
core   0: 0x80007c04 (0xbcda8f13) addi    t5, s5, -1075
core   0: 3 0x80007c04 (0xbcda8f13) x30 0xb41a1bce
core   0: 0x80007c08 (0x01b1cdb3) xor     s11, gp, s11
core   0: 3 0x80007c08 (0x01b1cdb3) x27 0x80015fd4
core   0: 0x80007c0c (0xe40dc513) xori    a0, s11, -448
core   0: 3 0x80007c0c (0xe40dc513) x10 0x7ffea194
core   0: 0x80007c10 (0x00d556b3) srl     a3, a0, a3
core   0: 3 0x80007c10 (0x00d556b3) x13 0x7ffea194
core   0: 0x80007c14 (0x002c8bb3) add     s7, s9, sp
core   0: 3 0x80007c14 (0x002c8bb3) x23 0x7fffffff
core   0: 0x80007c18 (0x2190ac93) slti    s9, ra, 537
core   0: 3 0x80007c18 (0x2190ac93) x25 0x00000001
core   0: 0x80007c1c (0x01249733) sll     a4, s1, s2
core   0: 3 0x80007c1c (0x01249733) x14 0xfffffffe
core   0: 0x80007c20 (0x611cf217) auipc   tp, 0x611cf
core   0: 3 0x80007c20 (0x611cf217) x 4 0xe11d6c20
core   0: 0x80007c24 (0x01968cb3) add     s9, a3, s9
core   0: 3 0x80007c24 (0x01968cb3) x25 0x7ffea195
core   0: 0x80007c28 (0x00000013) nop
core   0: 3 0x80007c28 (0x00000013)
core   0: 0x80007c2c (0x34d70493) addi    s1, a4, 845
core   0: 3 0x80007c2c (0x34d70493) x 9 0x0000034b
core   0: 0x80007c30 (0x257e2c93) slti    s9, t3, 599
core   0: 3 0x80007c30 (0x257e2c93) x25 0x00000001
core   0: 0x80007c34 (0x00f32fb3) slt     t6, t1, a5
core   0: 3 0x80007c34 (0x00f32fb3) x31 0x00000001
core   0: 0x80007c38 (0x41aa5033) sra     zero, s4, s10
core   0: 3 0x80007c38 (0x41aa5033)
core   0: 0x80007c3c (0x018a5233) srl     tp, s4, s8
core   0: 3 0x80007c3c (0x018a5233) x 4 0x00000000
core   0: 0x80007c40 (0x0060ae33) slt     t3, ra, t1
core   0: 3 0x80007c40 (0x0060ae33) x28 0x00000001
core   0: 0x80007c44 (0x6ecb9d17) auipc   s10, 0x6ecb9
core   0: 3 0x80007c44 (0x6ecb9d17) x26 0xeecc0c44
core   0: 0x80007c48 (0x01d49d33) sll     s10, s1, t4
core   0: 3 0x80007c48 (0x01d49d33) x26 0x001a5800
core   0: 0x80007c4c (0x4148d433) sra     s0, a7, s4
core   0: 3 0x80007c4c (0x4148d433) x 8 0x3cc70000
core   0: 0x80007c50 (0xf814ba93) sltiu   s5, s1, -127
core   0: 3 0x80007c50 (0xf814ba93) x21 0x00000001
core   0: 0x80007c54 (0x86a8e793) ori     a5, a7, -1942
core   0: 3 0x80007c54 (0x86a8e793) x15 0xfffff86a
core   0: 0x80007c58 (0x0033dc13) srli    s8, t2, 3
core   0: 3 0x80007c58 (0x0033dc13) x24 0x100023cc
core   0: 0x80007c5c (0x09e40193) addi    gp, s0, 158
core   0: 3 0x80007c5c (0x09e40193) x 3 0x3cc7009e
core   0: 0x80007c60 (0x0129b033) sltu    zero, s3, s2
core   0: 3 0x80007c60 (0x0129b033)
core   0: 0x80007c64 (0xbb60f213) andi    tp, ra, -1098
core   0: 3 0x80007c64 (0xbb60f213) x 4 0xfffffbb6
core   0: 0x80007c68 (0x000736b3) sltu    a3, a4, zero
core   0: 3 0x80007c68 (0x000736b3) x13 0x00000000
core   0: 0x80007c6c (0x008bbcb3) sltu    s9, s7, s0
core   0: 3 0x80007c6c (0x008bbcb3) x25 0x00000000
core   0: 0x80007c70 (0x01e8dfb3) srl     t6, a7, t5
core   0: 3 0x80007c70 (0x01e8dfb3) x31 0x0000f31c
core   0: 0x80007c74 (0x2630a913) slti    s2, ra, 611
core   0: 3 0x80007c74 (0x2630a913) x18 0x00000001
core   0: 0x80007c78 (0x8e41bc13) sltiu   s8, gp, -1820
core   0: 3 0x80007c78 (0x8e41bc13) x24 0x00000001
core   0: 0x80007c7c (0x00dd4f33) xor     t5, s10, a3
core   0: 3 0x80007c7c (0x00dd4f33) x30 0x001a5800
core   0: 0x80007c80 (0x59c47313) andi    t1, s0, 1436
core   0: 3 0x80007c80 (0x59c47313) x 6 0x00000000
core   0: 0x80007c84 (0x40478ab3) sub     s5, a5, tp
core   0: 3 0x80007c84 (0x40478ab3) x21 0xfffffcb4
core   0: 0x80007c88 (0x29eb2613) slti    a2, s6, 670
core   0: 3 0x80007c88 (0x29eb2613) x12 0x00000000
core   0: 0x80007c8c (0xedaaca93) xori    s5, s5, -294
core   0: 3 0x80007c8c (0xedaaca93) x21 0x0000026e
core   0: 0x80007c90 (0x3c9dc113) xori    sp, s11, 969
core   0: 3 0x80007c90 (0x3c9dc113) x 2 0x80015c1d
core   0: 0x80007c94 (0x00aca633) slt     a2, s9, a0
core   0: 3 0x80007c94 (0x00aca633) x12 0x00000001
core   0: 0x80007c98 (0xb4abce93) xori    t4, s7, -1206
core   0: 3 0x80007c98 (0xb4abce93) x29 0x800004b5
core   0: 0x80007c9c (0x41b9d993) srai    s3, s3, 27
core   0: 3 0x80007c9c (0x41b9d993) x19 0x00000007
core   0: 0x80007ca0 (0x394caf13) slti    t5, s9, 916
core   0: 3 0x80007ca0 (0x394caf13) x30 0x00000001
core   0: 0x80007ca4 (0x0101bfb3) sltu    t6, gp, a6
core   0: 3 0x80007ca4 (0x0101bfb3) x31 0x00000001
core   0: 0x80007ca8 (0x01a1c333) xor     t1, gp, s10
core   0: 3 0x80007ca8 (0x01a1c333) x 6 0x3cdd589e
core   0: 0x80007cac (0x00f4d333) srl     t1, s1, a5
core   0: 3 0x80007cac (0x00f4d333) x 6 0x00000000
core   0: 0x80007cb0 (0x002096b3) sll     a3, ra, sp
core   0: 3 0x80007cb0 (0x002096b3) x13 0xe0000000
core   0: 0x80007cb4 (0x212c7793) andi    a5, s8, 530
core   0: 3 0x80007cb4 (0x212c7793) x15 0x00000000
core   0: 0x80007cb8 (0x40c55e33) sra     t3, a0, a2
core   0: 3 0x80007cb8 (0x40c55e33) x28 0x3fff50ca
core   0: 0x80007cbc (0xf7cb7b93) andi    s7, s6, -132
core   0: 3 0x80007cbc (0xf7cb7b93) x23 0x3fffff4c
core   0: 0x80007cc0 (0x016e5e33) srl     t3, t3, s6
core   0: 3 0x80007cc0 (0x016e5e33) x28 0x0003fff5
core   0: 0x80007cc4 (0x009c57b3) srl     a5, s8, s1
core   0: 3 0x80007cc4 (0x009c57b3) x15 0x00000000
core   0: 0x80007cc8 (0x4a9c7313) andi    t1, s8, 1193
core   0: 3 0x80007cc8 (0x4a9c7313) x 6 0x00000001
core   0: 0x80007ccc (0x7548f093) andi    ra, a7, 1876
core   0: 3 0x80007ccc (0x7548f093) x 1 0x00000000
core   0: 0x80007cd0 (0x4d340897) auipc   a7, 0x4d340
core   0: 3 0x80007cd0 (0x4d340897) x17 0xcd347cd0
core   0: 0x80007cd4 (0xfd538317) auipc   t1, 0xfd538
core   0: 3 0x80007cd4 (0xfd538317) x 6 0x7d53fcd4
core   0: 0x80007cd8 (0x01559e93) slli    t4, a1, 21
core   0: 3 0x80007cd8 (0x01559e93) x29 0x00200000
core   0: 0x80007cdc (0xb4f5b037) lui     zero, 0xb4f5b
core   0: 3 0x80007cdc (0xb4f5b037)
core   0: 0x80007ce0 (0x41738233) sub     tp, t2, s7
core   0: 3 0x80007ce0 (0x41738233) x 4 0x40011f18
core   0: 0x80007ce4 (0x00f81bb3) sll     s7, a6, a5
core   0: 3 0x80007ce4 (0x00f81bb3) x23 0xfa4450b4
core   0: 0x80007ce8 (0x595cc993) xori    s3, s9, 1429
core   0: 3 0x80007ce8 (0x595cc993) x19 0x00000595
core   0: 0x80007cec (0x414387b3) sub     a5, t2, s4
core   0: 3 0x80007cec (0x414387b3) x15 0x80011e64
core   0: 0x80007cf0 (0x00136cb3) or      s9, t1, ra
core   0: 3 0x80007cf0 (0x00136cb3) x25 0x7d53fcd4
core   0: 0x80007cf4 (0x00000013) nop
core   0: 3 0x80007cf4 (0x00000013)
core   0: 0x80007cf8 (0x014b6eb3) or      t4, s6, s4
core   0: 3 0x80007cf8 (0x014b6eb3) x29 0x3fffffcc
core   0: 0x80007cfc (0x41dad7b3) sra     a5, s5, t4
core   0: 3 0x80007cfc (0x41dad7b3) x15 0x00000000
core   0: 0x80007d00 (0x016e7db3) and     s11, t3, s6
core   0: 3 0x80007d00 (0x016e7db3) x27 0x0003ffc4
core   0: 0x80007d04 (0x00000013) nop
core   0: 3 0x80007d04 (0x00000013)
core   0: 0x80007d08 (0x00e8a333) slt     t1, a7, a4
core   0: 3 0x80007d08 (0x00e8a333) x 6 0x00000001
core   0: 0x80007d0c (0x01ac4533) xor     a0, s8, s10
core   0: 3 0x80007d0c (0x01ac4533) x10 0x001a5801
core   0: 0x80007d10 (0x002abbb3) sltu    s7, s5, sp
core   0: 3 0x80007d10 (0x002abbb3) x23 0x00000001
core   0: 0x80007d14 (0x00520333) add     t1, tp, t0
core   0: 3 0x80007d14 (0x00520333) x 6 0xc0027bfc
core   0: 0x80007d18 (0x0037eab3) or      s5, a5, gp
core   0: 3 0x80007d18 (0x0037eab3) x21 0x3cc7009e
core   0: 0x80007d1c (0xc8104013) xori    zero, zero, -895
core   0: 3 0x80007d1c (0xc8104013)
core   0: 0x80007d20 (0x2907cc13) xori    s8, a5, 656
core   0: 3 0x80007d20 (0x2907cc13) x24 0x00000290
core   0: 0x80007d24 (0xc1cc4217) auipc   tp, 0xc1cc4
core   0: 3 0x80007d24 (0xc1cc4217) x 4 0x41ccbd24
core   0: 0x80007d28 (0xfd7e9637) lui     a2, 0xfd7e9
core   0: 3 0x80007d28 (0xfd7e9637) x12 0xfd7e9000
core   0: 0x80007d2c (0x5393c713) xori    a4, t2, 1337
core   0: 3 0x80007d2c (0x5393c713) x14 0x80011b5d
core   0: 0x80007d30 (0x01a545b3) xor     a1, a0, s10
core   0: 3 0x80007d30 (0x01a545b3) x11 0x00000001
core   0: 0x80007d34 (0x403b5533) sra     a0, s6, gp
core   0: 3 0x80007d34 (0x403b5533) x10 0x00000000
core   0: 0x80007d38 (0x02de0e13) addi    t3, t3, 45
core   0: 3 0x80007d38 (0x02de0e13) x28 0x00040022
core   0: 0x80007d3c (0x00000013) nop
core   0: 3 0x80007d3c (0x00000013)
core   0: 0x80007d40 (0x0184c4b3) xor     s1, s1, s8
core   0: 3 0x80007d40 (0x0184c4b3) x 9 0x000001db
core   0: 0x80007d44 (0x18f27917) auipc   s2, 0x18f27
core   0: 3 0x80007d44 (0x18f27917) x18 0x98f2ed44
core   0: 0x80007d48 (0x40d95793) srai    a5, s2, 13
core   0: 3 0x80007d48 (0x40d95793) x15 0xfffcc797
core   0: 0x80007d4c (0x96197093) andi    ra, s2, -1695
core   0: 3 0x80007d4c (0x96197093) x 1 0x98f2e940
core   0: 0x80007d50 (0x0093d493) srli    s1, t2, 9
core   0: 3 0x80007d50 (0x0093d493) x 9 0x0040008f
core   0: 0x80007d54 (0x0020fbb3) and     s7, ra, sp
core   0: 3 0x80007d54 (0x0020fbb3) x23 0x80004800
core   0: 0x80007d58 (0x42346513) ori     a0, s0, 1059
core   0: 3 0x80007d58 (0x42346513) x10 0x3cc70423
core   0: 0x80007d5c (0xa4d1ea13) ori     s4, gp, -1459
core   0: 3 0x80007d5c (0xa4d1ea13) x20 0xfffffadf
core   0: 0x80007d60 (0x00350ab3) add     s5, a0, gp
core   0: 3 0x80007d60 (0x00350ab3) x21 0x798e04c1
core   0: 0x80007d64 (0x5fae4313) xori    t1, t3, 1530
core   0: 3 0x80007d64 (0x5fae4313) x 6 0x000405d8
core   0: 0x80007d68 (0x00d71313) slli    t1, a4, 13
core   0: 3 0x80007d68 (0x00d71313) x 6 0x236ba000
core   0: 0x80007d6c (0x00cefbb3) and     s7, t4, a2
core   0: 3 0x80007d6c (0x00cefbb3) x23 0x3d7e9000
core   0: 0x80007d70 (0xf3302a93) slti    s5, zero, -205
core   0: 3 0x80007d70 (0xf3302a93) x21 0x00000000
core   0: 0x80007d74 (0x010e9a33) sll     s4, t4, a6
core   0: 3 0x80007d74 (0x010e9a33) x20 0xfcc00000
core   0: 0x80007d78 (0x380ae493) ori     s1, s5, 896
core   0: 3 0x80007d78 (0x380ae493) x 9 0x00000380
core   0: 0x80007d7c (0xc8fb0c93) addi    s9, s6, -881
core   0: 3 0x80007d7c (0xc8fb0c93) x25 0x3ffffc5b
core   0: 0x80007d80 (0x062d8693) addi    a3, s11, 98
core   0: 3 0x80007d80 (0x062d8693) x13 0x00040026
core   0: 0x80007d84 (0x0c5198b7) lui     a7, 0xc519
core   0: 3 0x80007d84 (0x0c5198b7) x17 0x0c519000
core   0: 0x80007d88 (0x37596513) ori     a0, s2, 885
core   0: 3 0x80007d88 (0x37596513) x10 0x98f2ef75
core   0: 0x80007d8c (0x7c07ff93) andi    t6, a5, 1984
core   0: 3 0x80007d8c (0x7c07ff93) x31 0x00000780
core   0: 0x80007d90 (0x00be0c33) add     s8, t3, a1
core   0: 3 0x80007d90 (0x00be0c33) x24 0x00040023
core   0: 0x80007d94 (0x01ece9b3) or      s3, s9, t5
core   0: 3 0x80007d94 (0x01ece9b3) x19 0x3ffffc5b
core   0: 0x80007d98 (0x0116a033) slt     zero, a3, a7
core   0: 3 0x80007d98 (0x0116a033)
core   0: 0x80007d9c (0xecdab893) sltiu   a7, s5, -307
core   0: 3 0x80007d9c (0xecdab893) x17 0x00000001
core   0: 0x80007da0 (0x12ebcab7) lui     s5, 0x12ebc
core   0: 3 0x80007da0 (0x12ebcab7) x21 0x12ebc000
core   0: 0x80007da4 (0x4094d713) srai    a4, s1, 9
core   0: 3 0x80007da4 (0x4094d713) x14 0x00000001
core   0: 0x80007da8 (0x008e8f33) add     t5, t4, s0
core   0: 3 0x80007da8 (0x008e8f33) x30 0x7cc6ffcc
core   0: 0x80007dac (0x00d3d693) srli    a3, t2, 13
core   0: 3 0x80007dac (0x00d3d693) x13 0x00040008
core   0: 0x80007db0 (0x41dfd5b3) sra     a1, t6, t4
core   0: 3 0x80007db0 (0x41dfd5b3) x11 0x00000000
core   0: 0x80007db4 (0x578fe917) auipc   s2, 0x578fe
core   0: 3 0x80007db4 (0x578fe917) x18 0xd7905db4
core   0: 0x80007db8 (0x40485013) srai    zero, a6, 4
core   0: 3 0x80007db8 (0x40485013)
core   0: 0x80007dbc (0x011666b3) or      a3, a2, a7
core   0: 3 0x80007dbc (0x011666b3) x13 0xfd7e9001
core   0: 0x80007dc0 (0xe7e1b513) sltiu   a0, gp, -386
core   0: 3 0x80007dc0 (0xe7e1b513) x10 0x00000001
core   0: 0x80007dc4 (0x003d9133) sll     sp, s11, gp
core   0: 3 0x80007dc4 (0x003d9133) x 2 0x00000000
core   0: 0x80007dc8 (0x00744a33) xor     s4, s0, t2
core   0: 3 0x80007dc8 (0x00744a33) x20 0xbcc61e64
core   0: 0x80007dcc (0x2fefb793) sltiu   a5, t6, 766
core   0: 3 0x80007dcc (0x2fefb793) x15 0x00000000
core   0: 0x80007dd0 (0xca2d8b93) addi    s7, s11, -862
core   0: 3 0x80007dd0 (0xca2d8b93) x23 0x0003fc66
core   0: 0x80007dd4 (0x495ef913) andi    s2, t4, 1173
core   0: 3 0x80007dd4 (0x495ef913) x18 0x00000484
core   0: 0x80007dd8 (0x0193a0b3) slt     ra, t2, s9
core   0: 3 0x80007dd8 (0x0193a0b3) x 1 0x00000001
core   0: 0x80007ddc (0x00b6acb3) slt     s9, a3, a1
core   0: 3 0x80007ddc (0x00b6acb3) x25 0x00000001
core   0: 0x80007de0 (0x00000013) nop
core   0: 3 0x80007de0 (0x00000013)
core   0: 0x80007de4 (0x00478fb3) add     t6, a5, tp
core   0: 3 0x80007de4 (0x00478fb3) x31 0x41ccbd24
core   0: 0x80007de8 (0xb8f63f17) auipc   t5, 0xb8f63
core   0: 3 0x80007de8 (0xb8f63f17) x30 0x38f6ade8
core   0: 0x80007dec (0xa133bf93) sltiu   t6, t2, -1517
core   0: 3 0x80007dec (0xa133bf93) x31 0x00000001
core   0: 0x80007df0 (0x01b5efb3) or      t6, a1, s11
core   0: 3 0x80007df0 (0x01b5efb3) x31 0x0003ffc4
core   0: 0x80007df4 (0x00000013) nop
core   0: 3 0x80007df4 (0x00000013)
core   0: 0x80007df8 (0x2580f593) andi    a1, ra, 600
core   0: 3 0x80007df8 (0x2580f593) x11 0x00000000
core   0: 0x80007dfc (0x41778133) sub     sp, a5, s7
core   0: 3 0x80007dfc (0x41778133) x 2 0xfffc039a
core   0: 0x80007e00 (0x0185d013) srli    zero, a1, 24
core   0: 3 0x80007e00 (0x0185d013)
core   0: 0x80007e04 (0x00000013) nop
core   0: 3 0x80007e04 (0x00000013)
core   0: 0x80007e08 (0xb0a07917) auipc   s2, 0xb0a07
core   0: 3 0x80007e08 (0xb0a07917) x18 0x30a0ee08
core   0: 0x80007e0c (0x0018e433) or      s0, a7, ra
core   0: 3 0x80007e0c (0x0018e433) x 8 0x00000001
core   0: 0x80007e10 (0x00ad38b3) sltu    a7, s10, a0
core   0: 3 0x80007e10 (0x00ad38b3) x17 0x00000000
core   0: 0x80007e14 (0xfa9dae93) slti    t4, s11, -87
core   0: 3 0x80007e14 (0xfa9dae93) x29 0x00000000
core   0: 0x80007e18 (0x00979793) slli    a5, a5, 9
core   0: 3 0x80007e18 (0x00979793) x15 0x00000000
core   0: 0x80007e1c (0x97f44117) auipc   sp, 0x97f44
core   0: 3 0x80007e1c (0x97f44117) x 2 0x17f4be1c
core   0: 0x80007e20 (0x41ae5613) srai    a2, t3, 26
core   0: 3 0x80007e20 (0x41ae5613) x12 0x00000000
core   0: 0x80007e24 (0xbe818993) addi    s3, gp, -1048
core   0: 3 0x80007e24 (0xbe818993) x19 0x3cc6fc86
core   0: 0x80007e28 (0x0124c533) xor     a0, s1, s2
core   0: 3 0x80007e28 (0x0124c533) x10 0x30a0ed88
core   0: 0x80007e2c (0x00000013) nop
core   0: 3 0x80007e2c (0x00000013)
core   0: 0x80007e30 (0x00e61033) sll     zero, a2, a4
core   0: 3 0x80007e30 (0x00e61033)
core   0: 0x80007e34 (0x64fe8b97) auipc   s7, 0x64fe8
core   0: 3 0x80007e34 (0x64fe8b97) x23 0xe4fefe34
core   0: 0x80007e38 (0x00d64933) xor     s2, a2, a3
core   0: 3 0x80007e38 (0x00d64933) x18 0xfd7e9001
core   0: 0x80007e3c (0xe1b57b93) andi    s7, a0, -485
core   0: 3 0x80007e3c (0xe1b57b93) x23 0x30a0ec08
core   0: 0x80007e40 (0x321b1b37) lui     s6, 0x321b1
core   0: 3 0x80007e40 (0x321b1b37) x22 0x321b1000
core   0: 0x80007e44 (0x147b0b13) addi    s6, s6, 327
core   0: 3 0x80007e44 (0x147b0b13) x22 0x321b1147
core   0: 0x80007e48 (0x80000a37) lui     s4, 0x80000
core   0: 3 0x80007e48 (0x80000a37) x20 0x80000000
core   0: 0x80007e4c (0x80000137) lui     sp, 0x80000
core   0: 3 0x80007e4c (0x80000137) x 2 0x80000000
core   0: 0x80007e50 (0x00000f13) li      t5, 0
core   0: 3 0x80007e50 (0x00000f13) x30 0x00000000
core   0: 0x80007e54 (0xfff00213) li      tp, -1
core   0: 3 0x80007e54 (0xfff00213) x 4 0xffffffff
core   0: 0x80007e58 (0xd77c1637) lui     a2, 0xd77c1
core   0: 3 0x80007e58 (0xd77c1637) x12 0xd77c1000
core   0: 0x80007e5c (0xe6a60613) addi    a2, a2, -406
core   0: 3 0x80007e5c (0xe6a60613) x12 0xd77c0e6a
core   0: 0x80007e60 (0xeecd67b7) lui     a5, 0xeecd6
core   0: 3 0x80007e60 (0xeecd67b7) x15 0xeecd6000
core   0: 0x80007e64 (0xb5878793) addi    a5, a5, -1192
core   0: 3 0x80007e64 (0xb5878793) x15 0xeecd5b58
core   0: 0x80007e68 (0x40ecde37) lui     t3, 0x40ecd
core   0: 3 0x80007e68 (0x40ecde37) x28 0x40ecd000
core   0: 0x80007e6c (0xaf2e0e13) addi    t3, t3, -1294
core   0: 3 0x80007e6c (0xaf2e0e13) x28 0x40eccaf2
core   0: 0x80007e70 (0x551491b7) lui     gp, 0x55149
core   0: 3 0x80007e70 (0x551491b7) x 3 0x55149000
core   0: 0x80007e74 (0xf2018193) addi    gp, gp, -224
core   0: 3 0x80007e74 (0xf2018193) x 3 0x55148f20
core   0: 0x80007e78 (0x00000413) li      s0, 0
core   0: 3 0x80007e78 (0x00000413) x 8 0x00000000
core   0: 0x80007e7c (0xb2235f17) auipc   t5, 0xb2235
core   0: 3 0x80007e7c (0xb2235f17) x30 0x3223ce7c
core   0: 0x80007e80 (0x5abf9437) lui     s0, 0x5abf9
core   0: 3 0x80007e80 (0x5abf9437) x 8 0x5abf9000
core   0: 0x80007e84 (0x8edf2417) auipc   s0, 0x8edf2
core   0: 3 0x80007e84 (0x8edf2417) x 8 0x0edf9e84
core   0: 0x80007e88 (0x01e18b33) add     s6, gp, t5
core   0: 3 0x80007e88 (0x01e18b33) x22 0x87385d9c
core   0: 0x80007e8c (0xd5a80437) lui     s0, 0xd5a80
core   0: 3 0x80007e8c (0xd5a80437) x 8 0xd5a80000
core   0: 0x80007e90 (0x01e60433) add     s0, a2, t5
core   0: 3 0x80007e90 (0x01e60433) x 8 0x099fdce6
core   0: 0x80007e94 (0x15340e13) addi    t3, s0, 339
core   0: 3 0x80007e94 (0x15340e13) x28 0x099fde39
core   0: 0x80007e98 (0x3af87f37) lui     t5, 0x3af87
core   0: 3 0x80007e98 (0x3af87f37) x30 0x3af87000
core   0: 0x80007e9c (0x01c20433) add     s0, tp, t3
core   0: 3 0x80007e9c (0x01c20433) x 8 0x099fde38
core   0: 0x80007ea0 (0x414101b3) sub     gp, sp, s4
core   0: 3 0x80007ea0 (0x414101b3) x 3 0x00000000
core   0: 0x80007ea4 (0x00c18433) add     s0, gp, a2
core   0: 3 0x80007ea4 (0x00c18433) x 8 0xd77c0e6a
core   0: 0x80007ea8 (0x774ee417) auipc   s0, 0x774ee
core   0: 3 0x80007ea8 (0x774ee417) x 8 0xf74f5ea8
core   0: 0x80007eac (0x2d327e37) lui     t3, 0x2d327
core   0: 3 0x80007eac (0x2d327e37) x28 0x2d327000
core   0: 0x80007eb0 (0x558fee37) lui     t3, 0x558fe
core   0: 3 0x80007eb0 (0x558fee37) x28 0x558fe000
core   0: 0x80007eb4 (0x414a0b33) sub     s6, s4, s4
core   0: 3 0x80007eb4 (0x414a0b33) x22 0x00000000
core   0: 0x80007eb8 (0xbb82b617) auipc   a2, 0xbb82b
core   0: 3 0x80007eb8 (0xbb82b617) x12 0x3b832eb8
core   0: 0x80007ebc (0x00000013) nop
core   0: 3 0x80007ebc (0x00000013)
core   0: 0x80007ec0 (0xce77ce17) auipc   t3, 0xce77c
core   0: 3 0x80007ec0 (0xce77ce17) x28 0x4e783ec0
core   0: 0x80007ec4 (0x016407b3) add     a5, s0, s6
core   0: 3 0x80007ec4 (0x016407b3) x15 0xf74f5ea8
core   0: 0x80007ec8 (0x01ea0e33) add     t3, s4, t5
core   0: 3 0x80007ec8 (0x01ea0e33) x28 0xbaf87000
core   0: 0x80007ecc (0x08da0193) addi    gp, s4, 141
core   0: 3 0x80007ecc (0x08da0193) x 3 0x8000008d
core   0: 0x80007ed0 (0x00e6bc33) sltu    s8, a3, a4
core   0: 3 0x80007ed0 (0x00e6bc33) x24 0x00000000
core   0: 0x80007ed4 (0x4115dfb3) sra     t6, a1, a7
core   0: 3 0x80007ed4 (0x4115dfb3) x31 0x00000000
core   0: 0x80007ed8 (0x0040fbb3) and     s7, ra, tp
core   0: 3 0x80007ed8 (0x0040fbb3) x23 0x00000001
core   0: 0x80007edc (0x227da093) slti    ra, s11, 551
core   0: 3 0x80007edc (0x227da093) x 1 0x00000000
core   0: 0x80007ee0 (0x6abbc993) xori    s3, s7, 1707
core   0: 3 0x80007ee0 (0x6abbc993) x19 0x000006aa
core   0: 0x80007ee4 (0xdc23a013) slti    zero, t2, -574
core   0: 3 0x80007ee4 (0xdc23a013)
core   0: 0x80007ee8 (0x01aa1e33) sll     t3, s4, s10
core   0: 3 0x80007ee8 (0x01aa1e33) x28 0x80000000
core   0: 0x80007eec (0x9b46aa13) slti    s4, a3, -1612
core   0: 3 0x80007eec (0x9b46aa13) x20 0x00000001
core   0: 0x80007ef0 (0x37722113) slti    sp, tp, 887
core   0: 3 0x80007ef0 (0x37722113) x 2 0x00000001
core   0: 0x80007ef4 (0x007927b3) slt     a5, s2, t2
core   0: 3 0x80007ef4 (0x007927b3) x15 0x00000000
core   0: 0x80007ef8 (0x009dd933) srl     s2, s11, s1
core   0: 3 0x80007ef8 (0x009dd933) x18 0x0003ffc4
core   0: 0x80007efc (0xf91f3193) sltiu   gp, t5, -111
core   0: 3 0x80007efc (0xf91f3193) x 3 0x00000001
core   0: 0x80007f00 (0x00000013) nop
core   0: 3 0x80007f00 (0x00000013)
core   0: 0x80007f04 (0x005c51b3) srl     gp, s8, t0
core   0: 3 0x80007f04 (0x005c51b3) x 3 0x00000000
core   0: 0x80007f08 (0x43516b93) ori     s7, sp, 1077
core   0: 3 0x80007f08 (0x43516b93) x23 0x00000435
core   0: 0x80007f0c (0x7ad06b17) auipc   s6, 0x7ad06
core   0: 3 0x80007f0c (0x7ad06b17) x22 0xfad0df0c
core   0: 0x80007f10 (0x4030d8b3) sra     a7, ra, gp
core   0: 3 0x80007f10 (0x4030d8b3) x17 0x00000000
core   0: 0x80007f14 (0x00725613) srli    a2, tp, 7
core   0: 3 0x80007f14 (0x00725613) x12 0x01ffffff
core   0: 0x80007f18 (0x003f4cb3) xor     s9, t5, gp
core   0: 3 0x80007f18 (0x003f4cb3) x25 0x3af87000
core   0: 0x80007f1c (0x0136d493) srli    s1, a3, 19
core   0: 3 0x80007f1c (0x0136d493) x 9 0x00001faf
core   0: 0x80007f20 (0x00f47a33) and     s4, s0, a5
core   0: 3 0x80007f20 (0x00f47a33) x20 0x00000000
core   0: 0x80007f24 (0x415d5793) srai    a5, s10, 21
core   0: 3 0x80007f24 (0x415d5793) x15 0x00000000
core   0: 0x80007f28 (0x018dd513) srli    a0, s11, 24
core   0: 3 0x80007f28 (0x018dd513) x10 0x00000000
core   0: 0x80007f2c (0x41ccdab3) sra     s5, s9, t3
core   0: 3 0x80007f2c (0x41ccdab3) x21 0x3af87000
core   0: 0x80007f30 (0x215ded93) ori     s11, s11, 533
core   0: 3 0x80007f30 (0x215ded93) x27 0x0003ffd5
core   0: 0x80007f34 (0x014de4b3) or      s1, s11, s4
core   0: 3 0x80007f34 (0x014de4b3) x 9 0x0003ffd5
core   0: 0x80007f38 (0x000251b3) srl     gp, tp, zero
core   0: 3 0x80007f38 (0x000251b3) x 3 0xffffffff
core   0: 0x80007f3c (0x294fbc93) sltiu   s9, t6, 660
core   0: 3 0x80007f3c (0x294fbc93) x25 0x00000001
core   0: 0x80007f40 (0x41600c33) sub     s8, zero, s6
core   0: 3 0x80007f40 (0x41600c33) x24 0x052f20f4
core   0: 0x80007f44 (0x00000013) nop
core   0: 3 0x80007f44 (0x00000013)
core   0: 0x80007f48 (0x41715313) srai    t1, sp, 23
core   0: 3 0x80007f48 (0x41715313) x 6 0x00000000
core   0: 0x80007f4c (0x01f39f13) slli    t5, t2, 31
core   0: 3 0x80007f4c (0x01f39f13) x30 0x00000000
core   0: 0x80007f50 (0x41735b33) sra     s6, t1, s7
core   0: 3 0x80007f50 (0x41735b33) x22 0x00000000
core   0: 0x80007f54 (0x0175d633) srl     a2, a1, s7
core   0: 3 0x80007f54 (0x0175d633) x12 0x00000000
core   0: 0x80007f58 (0x39c9ec13) ori     s8, s3, 924
core   0: 3 0x80007f58 (0x39c9ec13) x24 0x000007be
core   0: 0x80007f5c (0xb1bfe913) ori     s2, t6, -1253
core   0: 3 0x80007f5c (0xb1bfe913) x18 0xfffffb1b
core   0: 0x80007f60 (0x019411b3) sll     gp, s0, s9
core   0: 3 0x80007f60 (0x019411b3) x 3 0xee9ebd50
core   0: 0x80007f64 (0x5af3c313) xori    t1, t2, 1455
core   0: 3 0x80007f64 (0x5af3c313) x 6 0x80011bcb
core   0: 0x80007f68 (0x016d6bb3) or      s7, s10, s6
core   0: 3 0x80007f68 (0x016d6bb3) x23 0x001a5800
core   0: 0x80007f6c (0x015041b3) xor     gp, zero, s5
core   0: 3 0x80007f6c (0x015041b3) x 3 0x3af87000
core   0: 0x80007f70 (0x00f0f333) and     t1, ra, a5
core   0: 3 0x80007f70 (0x00f0f333) x 6 0x00000000
core   0: 0x80007f74 (0x00f24cb3) xor     s9, tp, a5
core   0: 3 0x80007f74 (0x00f24cb3) x25 0xffffffff
core   0: 0x80007f78 (0x12904513) xori    a0, zero, 297
core   0: 3 0x80007f78 (0x12904513) x10 0x00000129
core   0: 0x80007f7c (0x0101d033) srl     zero, gp, a6
core   0: 3 0x80007f7c (0x0101d033)
core   0: 0x80007f80 (0x869b6e93) ori     t4, s6, -1943
core   0: 3 0x80007f80 (0x869b6e93) x29 0xfffff869
core   0: 0x80007f84 (0x94484d93) xori    s11, a6, -1724
core   0: 3 0x80007f84 (0x94484d93) x27 0x05bba9f0
core   0: 0x80007f88 (0x0020dcb3) srl     s9, ra, sp
core   0: 3 0x80007f88 (0x0020dcb3) x25 0x00000000
core   0: 0x80007f8c (0x4105d8b3) sra     a7, a1, a6
core   0: 3 0x80007f8c (0x4105d8b3) x17 0x00000000
core   0: 0x80007f90 (0x2e5c0b93) addi    s7, s8, 741
core   0: 3 0x80007f90 (0x2e5c0b93) x23 0x00000aa3
core   0: 0x80007f94 (0x0013f733) and     a4, t2, ra
core   0: 3 0x80007f94 (0x0013f733) x14 0x00000000
core   0: 0x80007f98 (0x01b21233) sll     tp, tp, s11
core   0: 3 0x80007f98 (0x01b21233) x 4 0xffff0000
core   0: 0x80007f9c (0x012650b3) srl     ra, a2, s2
core   0: 3 0x80007f9c (0x012650b3) x 1 0x00000000
core   0: 0x80007fa0 (0x405d5113) srai    sp, s10, 5
core   0: 3 0x80007fa0 (0x405d5113) x 2 0x0000d2c0
core   0: 0x80007fa4 (0x01b79033) sll     zero, a5, s11
core   0: 3 0x80007fa4 (0x01b79033)
core   0: 0x80007fa8 (0x01e78db3) add     s11, a5, t5
core   0: 3 0x80007fa8 (0x01e78db3) x27 0x00000000
core   0: 0x80007fac (0x5840f513) andi    a0, ra, 1412
core   0: 3 0x80007fac (0x5840f513) x10 0x00000000
core   0: 0x80007fb0 (0x13a8c893) xori    a7, a7, 314
core   0: 3 0x80007fb0 (0x13a8c893) x17 0x0000013a
core   0: 0x80007fb4 (0x413b86b3) sub     a3, s7, s3
core   0: 3 0x80007fb4 (0x413b86b3) x13 0x000003f9
core   0: 0x80007fb8 (0x00fe8b33) add     s6, t4, a5
core   0: 3 0x80007fb8 (0x00fe8b33) x22 0xfffff869
core   0: 0x80007fbc (0x00ef8633) add     a2, t6, a4
core   0: 3 0x80007fbc (0x00ef8633) x12 0x00000000
core   0: 0x80007fc0 (0x01b86bb3) or      s7, a6, s11
core   0: 3 0x80007fc0 (0x01b86bb3) x23 0xfa4450b4
core   0: 0x80007fc4 (0x6d97ae93) slti    t4, a5, 1753
core   0: 3 0x80007fc4 (0x6d97ae93) x29 0x00000001
core   0: 0x80007fc8 (0x01d49593) slli    a1, s1, 29
core   0: 3 0x80007fc8 (0x01d49593) x11 0xa0000000
core   0: 0x80007fcc (0x00d79a93) slli    s5, a5, 13
core   0: 3 0x80007fcc (0x00d79a93) x21 0x00000000
core   0: 0x80007fd0 (0x505fe093) ori     ra, t6, 1285
core   0: 3 0x80007fd0 (0x505fe093) x 1 0x00000505
core   0: 0x80007fd4 (0x306f6013) ori     zero, t5, 774
core   0: 3 0x80007fd4 (0x306f6013)
core   0: 0x80007fd8 (0x014c8fb3) add     t6, s9, s4
core   0: 3 0x80007fd8 (0x014c8fb3) x31 0x00000000
core   0: 0x80007fdc (0x0150a033) slt     zero, ra, s5
core   0: 3 0x80007fdc (0x0150a033)
core   0: 0x80007fe0 (0xf9677013) andi    zero, a4, -106
core   0: 3 0x80007fe0 (0xf9677013)
core   0: 0x80007fe4 (0x35558913) addi    s2, a1, 853
core   0: 3 0x80007fe4 (0x35558913) x18 0xa0000355
core   0: 0x80007fe8 (0x17b90193) addi    gp, s2, 379
core   0: 3 0x80007fe8 (0x17b90193) x 3 0xa00004d0
core   0: 0x80007fec (0x018125b3) slt     a1, sp, s8
core   0: 3 0x80007fec (0x018125b3) x11 0x00000000
core   0: 0x80007ff0 (0x005759b3) srl     s3, a4, t0
core   0: 3 0x80007ff0 (0x005759b3) x19 0x00000000
core   0: 0x80007ff4 (0x01c9bf33) sltu    t5, s3, t3
core   0: 3 0x80007ff4 (0x01c9bf33) x30 0x00000001
core   0: 0x80007ff8 (0x00ac5893) srli    a7, s8, 10
core   0: 3 0x80007ff8 (0x00ac5893) x17 0x00000001
core   0: 0x80007ffc (0x41acd1b3) sra     gp, s9, s10
core   0: 3 0x80007ffc (0x41acd1b3) x 3 0x00000000
core   0: 0x80008000 (0x4166d933) sra     s2, a3, s6
core   0: 3 0x80008000 (0x4166d933) x18 0x00000001
core   0: 0x80008004 (0x0083e7b3) or      a5, t2, s0
core   0: 3 0x80008004 (0x0083e7b3) x15 0xf74f5eec
core   0: 0x80008008 (0x3d7be913) ori     s2, s7, 983
core   0: 3 0x80008008 (0x3d7be913) x18 0xfa4453f7
core   0: 0x8000800c (0x01e4ffb3) and     t6, s1, t5
core   0: 3 0x8000800c (0x01e4ffb3) x31 0x00000001
core   0: 0x80008010 (0xd15c4a93) xori    s5, s8, -747
core   0: 3 0x80008010 (0xd15c4a93) x21 0xfffffaab
core   0: 0x80008014 (0xe79a4493) xori    s1, s4, -391
core   0: 3 0x80008014 (0xe79a4493) x 9 0xfffffe79
core   0: 0x80008018 (0x00721633) sll     a2, tp, t2
core   0: 3 0x80008018 (0x00721633) x12 0xfff00000
core   0: 0x8000801c (0x00000013) nop
core   0: 3 0x8000801c (0x00000013)
core   0: 0x80008020 (0x7ae23097) auipc   ra, 0x7ae23
core   0: 3 0x80008020 (0x7ae23097) x 1 0xfae2b020
core   0: 0x80008024 (0x01f52033) slt     zero, a0, t6
core   0: 3 0x80008024 (0x01f52033)
core   0: 0x80008028 (0xc83ff193) andi    gp, t6, -893
core   0: 3 0x80008028 (0xc83ff193) x 3 0x00000001
core   0: 0x8000802c (0x003d6033) or      zero, s10, gp
core   0: 3 0x8000802c (0x003d6033)
core   0: 0x80008030 (0x404f5fb3) sra     t6, t5, tp
core   0: 3 0x80008030 (0x404f5fb3) x31 0x00000001
core   0: 0x80008034 (0x00ffddb3) srl     s11, t6, a5
core   0: 3 0x80008034 (0x00ffddb3) x27 0x00000000
core   0: 0x80008038 (0x00000013) nop
core   0: 3 0x80008038 (0x00000013)
core   0: 0x8000803c (0x72c70d13) addi    s10, a4, 1836
core   0: 3 0x8000803c (0x72c70d13) x26 0x0000072c
core   0: 0x80008040 (0x406a5fb3) sra     t6, s4, t1
core   0: 3 0x80008040 (0x406a5fb3) x31 0x00000000
core   0: 0x80008044 (0x40f55093) srai    ra, a0, 15
core   0: 3 0x80008044 (0x40f55093) x 1 0x00000000
core   0: 0x80008048 (0x392e2913) slti    s2, t3, 914
core   0: 3 0x80008048 (0x392e2913) x18 0x00000001
core   0: 0x8000804c (0xc45fce17) auipc   t3, 0xc45fc
core   0: 3 0x8000804c (0xc45fce17) x28 0x4460404c
core   0: 0x80008050 (0x0083b333) sltu    t1, t2, s0
core   0: 3 0x80008050 (0x0083b333) x 6 0x00000001
core   0: 0x80008054 (0x40a3d9b3) sra     s3, t2, a0
core   0: 3 0x80008054 (0x40a3d9b3) x19 0x80011e64
core   0: 0x80008058 (0xc3b10793) addi    a5, sp, -965
core   0: 3 0x80008058 (0xc3b10793) x15 0x0000cefb
core   0: 0x8000805c (0xe4c24037) lui     zero, 0xe4c24
core   0: 3 0x8000805c (0xe4c24037)
core   0: 0x80008060 (0x0105f7b3) and     a5, a1, a6
core   0: 3 0x80008060 (0x0105f7b3) x15 0x00000000
core   0: 0x80008064 (0x00df1633) sll     a2, t5, a3
core   0: 3 0x80008064 (0x00df1633) x12 0x02000000
core   0: 0x80008068 (0x00dcb5b3) sltu    a1, s9, a3
core   0: 3 0x80008068 (0x00dcb5b3) x11 0x00000001
core   0: 0x8000806c (0x8002a993) slti    s3, t0, -2048
core   0: 3 0x8000806c (0x8002a993) x19 0x00000001
core   0: 0x80008070 (0x018e99b3) sll     s3, t4, s8
core   0: 3 0x80008070 (0x018e99b3) x19 0x40000000
core   0: 0x80008074 (0x402f0e33) sub     t3, t5, sp
core   0: 3 0x80008074 (0x402f0e33) x28 0xffff2d41
core   0: 0x80008078 (0x0886ff93) andi    t6, a3, 136
core   0: 3 0x80008078 (0x0886ff93) x31 0x00000088
core   0: 0x8000807c (0x0067c7b3) xor     a5, a5, t1
core   0: 3 0x8000807c (0x0067c7b3) x15 0x00000001
core   0: 0x80008080 (0x01d11b33) sll     s6, sp, t4
core   0: 3 0x80008080 (0x01d11b33) x22 0x0001a580
core   0: 0x80008084 (0x00787d33) and     s10, a6, t2
core   0: 3 0x80008084 (0x00787d33) x26 0x80001024
core   0: 0x80008088 (0x00c43233) sltu    tp, s0, a2
core   0: 3 0x80008088 (0x00c43233) x 4 0x00000000
core   0: 0x8000808c (0x407cd413) srai    s0, s9, 7
core   0: 3 0x8000808c (0x407cd413) x 8 0x00000000
core   0: 0x80008090 (0x4d2db593) sltiu   a1, s11, 1234
core   0: 3 0x80008090 (0x4d2db593) x11 0x00000001
core   0: 0x80008094 (0x1efe0313) addi    t1, t3, 495
core   0: 3 0x80008094 (0x1efe0313) x 6 0xffff2f30
core   0: 0x80008098 (0x41825633) sra     a2, tp, s8
core   0: 3 0x80008098 (0x41825633) x12 0x00000000
core   0: 0x8000809c (0x40565713) srai    a4, a2, 5
core   0: 3 0x8000809c (0x40565713) x14 0x00000000
core   0: 0x800080a0 (0x00dc26b3) slt     a3, s8, a3
core   0: 3 0x800080a0 (0x00dc26b3) x13 0x00000000
core   0: 0x800080a4 (0xdbe9fd13) andi    s10, s3, -578
core   0: 3 0x800080a4 (0xdbe9fd13) x26 0x40000000
core   0: 0x800080a8 (0x00000013) nop
core   0: 3 0x800080a8 (0x00000013)
core   0: 0x800080ac (0x40ac8a33) sub     s4, s9, a0
core   0: 3 0x800080ac (0x40ac8a33) x20 0x00000000
core   0: 0x800080b0 (0x40de5eb3) sra     t4, t3, a3
core   0: 3 0x800080b0 (0x40de5eb3) x29 0xffff2d41
core   0: 0x800080b4 (0x41185d33) sra     s10, a6, a7
core   0: 3 0x800080b4 (0x41185d33) x26 0xfd22285a
core   0: 0x800080b8 (0x400b3b13) sltiu   s6, s6, 1024
core   0: 3 0x800080b8 (0x400b3b13) x22 0x00000000
core   0: 0x800080bc (0xfcbba937) lui     s2, 0xfcbba
core   0: 3 0x800080bc (0xfcbba937) x18 0xfcbba000
core   0: 0x800080c0 (0x0026f0b3) and     ra, a3, sp
core   0: 3 0x800080c0 (0x0026f0b3) x 1 0x00000000
core   0: 0x800080c4 (0x00621913) slli    s2, tp, 6
core   0: 3 0x800080c4 (0x00621913) x18 0x00000000
core   0: 0x800080c8 (0x01bcebb3) or      s7, s9, s11
core   0: 3 0x800080c8 (0x01bcebb3) x23 0x00000000
core   0: 0x800080cc (0x01fb9f13) slli    t5, s7, 31
core   0: 3 0x800080cc (0x01fb9f13) x30 0x00000000
core   0: 0x800080d0 (0x00cf1793) slli    a5, t5, 12
core   0: 3 0x800080d0 (0x00cf1793) x15 0x00000000
core   0: 0x800080d4 (0x00fd68b3) or      a7, s10, a5
core   0: 3 0x800080d4 (0x00fd68b3) x17 0xfd22285a
core   0: 0x800080d8 (0x004b6233) or      tp, s6, tp
core   0: 3 0x800080d8 (0x004b6233) x 4 0x00000000
core   0: 0x800080dc (0x0012e933) or      s2, t0, ra
core   0: 3 0x800080dc (0x0012e933) x18 0x80015ce4
core   0: 0x800080e0 (0x4fd89d97) auipc   s11, 0x4fd89
core   0: 3 0x800080e0 (0x4fd89d97) x27 0xcfd910e0
core   0: 0x800080e4 (0x00703233) snez    tp, t2
core   0: 3 0x800080e4 (0x00703233) x 4 0x00000001
core   0: 0x800080e8 (0x013f6933) or      s2, t5, s3
core   0: 3 0x800080e8 (0x013f6933) x18 0x40000000
core   0: 0x800080ec (0x79826513) ori     a0, tp, 1944
core   0: 3 0x800080ec (0x79826513) x10 0x00000799
core   0: 0x800080f0 (0x00c5d233) srl     tp, a1, a2
core   0: 3 0x800080f0 (0x00c5d233) x 4 0x00000001
core   0: 0x800080f4 (0x00000013) nop
core   0: 3 0x800080f4 (0x00000013)
core   0: 0x800080f8 (0x003a21b3) slt     gp, s4, gp
core   0: 3 0x800080f8 (0x003a21b3) x 3 0x00000001
core   0: 0x800080fc (0x001f0a33) add     s4, t5, ra
core   0: 3 0x800080fc (0x001f0a33) x20 0x00000000
core   0: 0x80008100 (0x0100ecb3) or      s9, ra, a6
core   0: 3 0x80008100 (0x0100ecb3) x25 0xfa4450b4
core   0: 0x80008104 (0xc4e18513) addi    a0, gp, -946
core   0: 3 0x80008104 (0xc4e18513) x10 0xfffffc4f
core   0: 0x80008108 (0x018a1b13) slli    s6, s4, 24
core   0: 3 0x80008108 (0x018a1b13) x22 0x00000000
core   0: 0x8000810c (0x427ff913) andi    s2, t6, 1063
core   0: 3 0x8000810c (0x427ff913) x18 0x00000000
core   0: 0x80008110 (0x00c058b3) srl     a7, zero, a2
core   0: 3 0x80008110 (0x00c058b3) x17 0x00000000
core   0: 0x80008114 (0x41465eb3) sra     t4, a2, s4
core   0: 3 0x80008114 (0x41465eb3) x29 0x00000000
core   0: 0x80008118 (0x01fdfbb3) and     s7, s11, t6
core   0: 3 0x80008118 (0x01fdfbb3) x23 0x00000080
core   0: 0x8000811c (0x5026f213) andi    tp, a3, 1282
core   0: 3 0x8000811c (0x5026f213) x 4 0x00000000
core   0: 0x80008120 (0x00000013) nop
core   0: 3 0x80008120 (0x00000013)
core   0: 0x80008124 (0x42aa3a93) sltiu   s5, s4, 1066
core   0: 3 0x80008124 (0x42aa3a93) x21 0x00000001
core   0: 0x80008128 (0x415fdd13) srai    s10, t6, 21
core   0: 3 0x80008128 (0x415fdd13) x26 0x00000000
core   0: 0x8000812c (0x00e97bb3) and     s7, s2, a4
core   0: 3 0x8000812c (0x00e97bb3) x23 0x00000000
core   0: 0x80008130 (0x00940733) add     a4, s0, s1
core   0: 3 0x80008130 (0x00940733) x14 0xfffffe79
core   0: 0x80008134 (0x40298233) sub     tp, s3, sp
core   0: 3 0x80008134 (0x40298233) x 4 0x3fff2d40
core   0: 0x80008138 (0x7ff5f613) andi    a2, a1, 2047
core   0: 3 0x80008138 (0x7ff5f613) x12 0x00000001
core   0: 0x8000813c (0x7623a513) slti    a0, t2, 1890
core   0: 3 0x8000813c (0x7623a513) x10 0x00000001
core   0: 0x80008140 (0x0103ff33) and     t5, t2, a6
core   0: 3 0x80008140 (0x0103ff33) x30 0x80001024
core   0: 0x80008144 (0x00b820b3) slt     ra, a6, a1
core   0: 3 0x80008144 (0x00b820b3) x 1 0x00000001
core   0: 0x80008148 (0x4ff6fb93) andi    s7, a3, 1279
core   0: 3 0x80008148 (0x4ff6fb93) x23 0x00000000
core   0: 0x8000814c (0x405d0c33) sub     s8, s10, t0
core   0: 3 0x8000814c (0x405d0c33) x24 0x7ffea31c
core   0: 0x80008150 (0x01940bb3) add     s7, s0, s9
core   0: 3 0x80008150 (0x01940bb3) x23 0xfa4450b4
core   0: 0x80008154 (0x018fab33) slt     s6, t6, s8
core   0: 3 0x80008154 (0x018fab33) x22 0x00000001
core   0: 0x80008158 (0x01864d33) xor     s10, a2, s8
core   0: 3 0x80008158 (0x01864d33) x26 0x7ffea31d
core   0: 0x8000815c (0x4033d213) srai    tp, t2, 3
core   0: 3 0x8000815c (0x4033d213) x 4 0xf00023cc
core   0: 0x80008160 (0x003258b3) srl     a7, tp, gp
core   0: 3 0x80008160 (0x003258b3) x17 0x780011e6
core   0: 0x80008164 (0x40855cb3) sra     s9, a0, s0
core   0: 3 0x80008164 (0x40855cb3) x25 0x00000001
core   0: 0x80008168 (0x00711e93) slli    t4, sp, 7
core   0: 3 0x80008168 (0x00711e93) x29 0x00696000
core   0: 0x8000816c (0x00051f17) auipc   t5, 0x51
core   0: 3 0x8000816c (0x00051f17) x30 0x8005916c
core   0: 0x80008170 (0x01225233) srl     tp, tp, s2
core   0: 3 0x80008170 (0x01225233) x 4 0xf00023cc
core   0: 0x80008174 (0x01f9bbb3) sltu    s7, s3, t6
core   0: 3 0x80008174 (0x01f9bbb3) x23 0x00000000
core   0: 0x80008178 (0x0c202a93) slti    s5, zero, 194
core   0: 3 0x80008178 (0x0c202a93) x21 0x00000001
core   0: 0x8000817c (0x41968333) sub     t1, a3, s9
core   0: 3 0x8000817c (0x41968333) x 6 0xffffffff
core   0: 0x80008180 (0x004e9f13) slli    t5, t4, 4
core   0: 3 0x80008180 (0x004e9f13) x30 0x06960000
core   0: 0x80008184 (0x4005da93) srai    s5, a1, 0
core   0: 3 0x80008184 (0x4005da93) x21 0x00000001
core   0: 0x80008188 (0xd1bd54b7) lui     s1, 0xd1bd5
core   0: 3 0x80008188 (0xd1bd54b7) x 9 0xd1bd5000
core   0: 0x8000818c (0x016306b3) add     a3, t1, s6
core   0: 3 0x8000818c (0x016306b3) x13 0x00000000
core   0: 0x80008190 (0x86d00e13) li      t3, -1939
core   0: 3 0x80008190 (0x86d00e13) x28 0xfffff86d
core   0: 0x80008194 (0x003bdab3) srl     s5, s7, gp
core   0: 3 0x80008194 (0x003bdab3) x21 0x00000000
core   0: 0x80008198 (0x9f09d237) lui     tp, 0x9f09d
core   0: 3 0x80008198 (0x9f09d237) x 4 0x9f09d000
core   0: 0x8000819c (0x41fe8bb3) sub     s7, t4, t6
core   0: 3 0x8000819c (0x41fe8bb3) x23 0x00695f78
core   0: 0x800081a0 (0x01936db3) or      s11, t1, s9
core   0: 3 0x800081a0 (0x01936db3) x27 0xffffffff
core   0: 0x800081a4 (0xe30f8a13) addi    s4, t6, -464
core   0: 3 0x800081a4 (0xe30f8a13) x20 0xfffffeb8
core   0: 0x800081a8 (0x7a666f13) ori     t5, a2, 1958
core   0: 3 0x800081a8 (0x7a666f13) x30 0x000007a7
core   0: 0x800081ac (0x416e8e33) sub     t3, t4, s6
core   0: 3 0x800081ac (0x416e8e33) x28 0x00695fff
core   0: 0x800081b0 (0x019b9233) sll     tp, s7, s9
core   0: 3 0x800081b0 (0x019b9233) x 4 0x00d2bef0
core   0: 0x800081b4 (0x00805a33) srl     s4, zero, s0
core   0: 3 0x800081b4 (0x00805a33) x20 0x00000000
core   0: 0x800081b8 (0x0076dbb3) srl     s7, a3, t2
core   0: 3 0x800081b8 (0x0076dbb3) x23 0x00000000
core   0: 0x800081bc (0xa27a3f13) sltiu   t5, s4, -1497
core   0: 3 0x800081bc (0xa27a3f13) x30 0x00000001
core   0: 0x800081c0 (0x5e817537) lui     a0, 0x5e817
core   0: 3 0x800081c0 (0x5e817537) x10 0x5e817000
core   0: 0x800081c4 (0x0178de93) srli    t4, a7, 23
core   0: 3 0x800081c4 (0x0178de93) x29 0x000000f0
core   0: 0x800081c8 (0x0183da33) srl     s4, t2, s8
core   0: 3 0x800081c8 (0x0183da33) x20 0x00000008
core   0: 0x800081cc (0x5c8def13) ori     t5, s11, 1480
core   0: 3 0x800081cc (0x5c8def13) x30 0xffffffff
core   0: 0x800081d0 (0xa358ee93) ori     t4, a7, -1483
core   0: 3 0x800081d0 (0xa358ee93) x29 0xfffffbf7
core   0: 0x800081d4 (0x580feb93) ori     s7, t6, 1408
core   0: 3 0x800081d4 (0x580feb93) x23 0x00000588
core   0: 0x800081d8 (0x40bf0433) sub     s0, t5, a1
core   0: 3 0x800081d8 (0x40bf0433) x 8 0xfffffffe
core   0: 0x800081dc (0x14a23e13) sltiu   t3, tp, 330
core   0: 3 0x800081dc (0x14a23e13) x28 0x00000000
core   0: 0x800081e0 (0xe9900b93) li      s7, -359
core   0: 3 0x800081e0 (0xe9900b93) x23 0xfffffe99
core   0: 0x800081e4 (0x010fccb3) xor     s9, t6, a6
core   0: 3 0x800081e4 (0x010fccb3) x25 0xfa44503c
core   0: 0x800081e8 (0x41168633) sub     a2, a3, a7
core   0: 3 0x800081e8 (0x41168633) x12 0x87ffee1a
core   0: 0x800081ec (0x014a9733) sll     a4, s5, s4
core   0: 3 0x800081ec (0x014a9733) x14 0x00000000
core   0: 0x800081f0 (0x39430513) addi    a0, t1, 916
core   0: 3 0x800081f0 (0x39430513) x10 0x00000393
core   0: 0x800081f4 (0x0122d133) srl     sp, t0, s2
core   0: 3 0x800081f4 (0x0122d133) x 2 0x80015ce4
core   0: 0x800081f8 (0x00a025b3) slt     a1, zero, a0
core   0: 3 0x800081f8 (0x00a025b3) x11 0x00000001
core   0: 0x800081fc (0x00dc3633) sltu    a2, s8, a3
core   0: 3 0x800081fc (0x00dc3633) x12 0x00000000
core   0: 0x80008200 (0x3991c693) xori    a3, gp, 921
core   0: 3 0x80008200 (0x3991c693) x13 0x00000398
core   0: 0x80008204 (0xd11e8913) addi    s2, t4, -751
core   0: 3 0x80008204 (0xd11e8913) x18 0xfffff908
core   0: 0x80008208 (0x01611e13) slli    t3, sp, 22
core   0: 3 0x80008208 (0x01611e13) x28 0x39000000
core   0: 0x8000820c (0x01266733) or      a4, a2, s2
core   0: 3 0x8000820c (0x01266733) x14 0xfffff908
core   0: 0x80008210 (0x0011a1b3) slt     gp, gp, ra
core   0: 3 0x80008210 (0x0011a1b3) x 3 0x00000000
core   0: 0x80008214 (0x26bbac97) auipc   s9, 0x26bba
core   0: 3 0x80008214 (0x26bbac97) x25 0xa6bc2214
core   0: 0x80008218 (0x014e15b3) sll     a1, t3, s4
core   0: 3 0x80008218 (0x014e15b3) x11 0x00000000
core   0: 0x8000821c (0xe6866d13) ori     s10, a2, -408
core   0: 3 0x8000821c (0xe6866d13) x26 0xfffffe68
core   0: 0x80008220 (0x41808333) sub     t1, ra, s8
core   0: 3 0x80008220 (0x41808333) x 6 0x80015ce5
core   0: 0x80008224 (0xc3a177b7) lui     a5, 0xc3a17
core   0: 3 0x80008224 (0xc3a177b7) x15 0xc3a17000
core   0: 0x80008228 (0x2b52cf13) xori    t5, t0, 693
core   0: 3 0x80008228 (0x2b52cf13) x30 0x80015e51
core   0: 0x8000822c (0x541f2197) auipc   gp, 0x541f2
core   0: 3 0x8000822c (0x541f2197) x 3 0xd41fa22c
core   0: 0x80008230 (0x0149dd13) srli    s10, s3, 20
core   0: 3 0x80008230 (0x0149dd13) x26 0x00000400
core   0: 0x80008234 (0x1fe90c93) addi    s9, s2, 510
core   0: 3 0x80008234 (0x1fe90c93) x25 0xfffffb06
core   0: 0x80008238 (0x3ae36513) ori     a0, t1, 942
core   0: 3 0x80008238 (0x3ae36513) x10 0x80015fef
core   0: 0x8000823c (0x01dc8a33) add     s4, s9, t4
core   0: 3 0x8000823c (0x01dc8a33) x20 0xfffff6fd
core   0: 0x80008240 (0x00dc3a33) sltu    s4, s8, a3
core   0: 3 0x80008240 (0x00dc3a33) x20 0x00000000
core   0: 0x80008244 (0x00ca07b3) add     a5, s4, a2
core   0: 3 0x80008244 (0x00ca07b3) x15 0x00000000
core   0: 0x80008248 (0x0178e933) or      s2, a7, s7
core   0: 3 0x80008248 (0x0178e933) x18 0xffffffff
core   0: 0x8000824c (0x0095e7b3) or      a5, a1, s1
core   0: 3 0x8000824c (0x0095e7b3) x15 0xd1bd5000
core   0: 0x80008250 (0xf3aa2a13) slti    s4, s4, -198
core   0: 3 0x80008250 (0xf3aa2a13) x20 0x00000000
core   0: 0x80008254 (0xc0cb7213) andi    tp, s6, -1012
core   0: 3 0x80008254 (0xc0cb7213) x 4 0x00000000
core   0: 0x80008258 (0x419cd493) srai    s1, s9, 25
core   0: 3 0x80008258 (0x419cd493) x 9 0xffffffff
core   0: 0x8000825c (0x417ed593) srai    a1, t4, 23
core   0: 3 0x8000825c (0x417ed593) x11 0xffffffff
core   0: 0x80008260 (0x011c1e13) slli    t3, s8, 17
core   0: 3 0x80008260 (0x011c1e13) x28 0x46380000
core   0: 0x80008264 (0xae820e93) addi    t4, tp, -1304
core   0: 3 0x80008264 (0xae820e93) x29 0xfffffae8
core   0: 0x80008268 (0x01513933) sltu    s2, sp, s5
core   0: 3 0x80008268 (0x01513933) x18 0x00000000
core   0: 0x8000826c (0x01553933) sltu    s2, a0, s5
core   0: 3 0x8000826c (0x01553933) x18 0x00000000
core   0: 0x80008270 (0x93c10917) auipc   s2, 0x93c10
core   0: 3 0x80008270 (0x93c10917) x18 0x13c18270
core   0: 0x80008274 (0x00b29233) sll     tp, t0, a1
core   0: 3 0x80008274 (0x00b29233) x 4 0x00000000
core   0: 0x80008278 (0x40b65893) srai    a7, a2, 11
core   0: 3 0x80008278 (0x40b65893) x17 0x00000000
core   0: 0x8000827c (0x6778a997) auipc   s3, 0x6778a
core   0: 3 0x8000827c (0x6778a997) x19 0xe779227c
core   0: 0x80008280 (0xff024993) xori    s3, tp, -16
core   0: 3 0x80008280 (0xff024993) x19 0xfffffff0
core   0: 0x80008284 (0x41bbd233) sra     tp, s7, s11
core   0: 3 0x80008284 (0x41bbd233) x 4 0xffffffff
core   0: 0x80008288 (0x41b9d133) sra     sp, s3, s11
core   0: 3 0x80008288 (0x41b9d133) x 2 0xffffffff
core   0: 0x8000828c (0x58b58893) addi    a7, a1, 1419
core   0: 3 0x8000828c (0x58b58893) x17 0x0000058a
core   0: 0x80008290 (0x01be8bb3) add     s7, t4, s11
core   0: 3 0x80008290 (0x01be8bb3) x23 0xfffffae7
core   0: 0x80008294 (0x0171f033) and     zero, gp, s7
core   0: 3 0x80008294 (0x0171f033)
core   0: 0x80008298 (0x00147633) and     a2, s0, ra
core   0: 3 0x80008298 (0x00147633) x12 0x00000000
core   0: 0x8000829c (0xfdacaf13) slti    t5, s9, -38
core   0: 3 0x8000829c (0xfdacaf13) x30 0x00000001
core   0: 0x800082a0 (0x30967c13) andi    s8, a2, 777
core   0: 3 0x800082a0 (0x30967c13) x24 0x00000000
core   0: 0x800082a4 (0x00a89993) slli    s3, a7, 10
core   0: 3 0x800082a4 (0x00a89993) x19 0x00162800
core   0: 0x800082a8 (0x00574433) xor     s0, a4, t0
core   0: 3 0x800082a8 (0x00574433) x 8 0x7ffea5ec
core   0: 0x800082ac (0x4162db13) srai    s6, t0, 22
core   0: 3 0x800082ac (0x4162db13) x22 0xfffffe00
core   0: 0x800082b0 (0x00689433) sll     s0, a7, t1
core   0: 3 0x800082b0 (0x00689433) x 8 0x0000b140
core   0: 0x800082b4 (0x41628cb3) sub     s9, t0, s6
core   0: 3 0x800082b4 (0x41628cb3) x25 0x80015ee4
core   0: 0x800082b8 (0xda870337) lui     t1, 0xda870
core   0: 3 0x800082b8 (0xda870337) x 6 0xda870000
core   0: 0x800082bc (0x96f7f913) andi    s2, a5, -1681
core   0: 3 0x800082bc (0x96f7f913) x18 0xd1bd5000
core   0: 0x800082c0 (0x4066df93) srai    t6, a3, 6
core   0: 3 0x800082c0 (0x4066df93) x31 0x0000000e
core   0: 0x800082c4 (0xc7b42f13) slti    t5, s0, -901
core   0: 3 0x800082c4 (0xc7b42f13) x30 0x00000000
core   0: 0x800082c8 (0x8e30f997) auipc   s3, 0x8e30f
core   0: 3 0x800082c8 (0x8e30f997) x19 0x0e3172c8
core   0: 0x800082cc (0x1b6f6593) ori     a1, t5, 438
core   0: 3 0x800082cc (0x1b6f6593) x11 0x000001b6
core   0: 0x800082d0 (0xc1454fb7) lui     t6, 0xc1454
core   0: 3 0x800082d0 (0xc1454fb7) x31 0xc1454000
core   0: 0x800082d4 (0x00639913) slli    s2, t2, 6
core   0: 3 0x800082d4 (0x00639913) x18 0x00479900
core   0: 0x800082d8 (0x96ce3993) sltiu   s3, t3, -1684
core   0: 3 0x800082d8 (0x96ce3993) x19 0x00000001
core   0: 0x800082dc (0x5a226a93) ori     s5, tp, 1442
core   0: 3 0x800082dc (0x5a226a93) x21 0xffffffff
core   0: 0x800082e0 (0x6ed27ab7) lui     s5, 0x6ed27
core   0: 3 0x800082e0 (0x6ed27ab7) x21 0x6ed27000
core   0: 0x800082e4 (0xa051cf93) xori    t6, gp, -1531
core   0: 3 0x800082e4 (0xa051cf93) x31 0x2be05829
core   0: 0x800082e8 (0xcd996513) ori     a0, s2, -807
core   0: 3 0x800082e8 (0xcd996513) x10 0xfffffdd9
core   0: 0x800082ec (0x00f9e233) or      tp, s3, a5
core   0: 3 0x800082ec (0x00f9e233) x 4 0xd1bd5001
core   0: 0x800082f0 (0x01741893) slli    a7, s0, 23
core   0: 3 0x800082f0 (0x01741893) x17 0xa0000000
core   0: 0x800082f4 (0xf52d0013) addi    zero, s10, -174
core   0: 3 0x800082f4 (0xf52d0013)
core   0: 0x800082f8 (0xb727a013) slti    zero, a5, -1166
core   0: 3 0x800082f8 (0xb727a013)
core   0: 0x800082fc (0x00871013) slli    zero, a4, 8
core   0: 3 0x800082fc (0x00871013)
core   0: 0x80008300 (0xe6e52d93) slti    s11, a0, -402
core   0: 3 0x80008300 (0xe6e52d93) x27 0x00000001
core   0: 0x80008304 (0x0173fc33) and     s8, t2, s7
core   0: 3 0x80008304 (0x0173fc33) x24 0x80011a64
core   0: 0x80008308 (0x36bce413) ori     s0, s9, 875
core   0: 3 0x80008308 (0x36bce413) x 8 0x80015fef
core   0: 0x8000830c (0x40ec8ab3) sub     s5, s9, a4
core   0: 3 0x8000830c (0x40ec8ab3) x21 0x800165dc
core   0: 0x80008310 (0x40b3dcb3) sra     s9, t2, a1
core   0: 3 0x80008310 (0x40b3dcb3) x25 0xfffffe00
core   0: 0x80008314 (0x002b68b3) or      a7, s6, sp
core   0: 3 0x80008314 (0x002b68b3) x17 0xffffffff
core   0: 0x80008318 (0x00000013) nop
core   0: 3 0x80008318 (0x00000013)
core   0: 0x8000831c (0x00000013) nop
core   0: 3 0x8000831c (0x00000013)
core   0: 0x80008320 (0x40855c33) sra     s8, a0, s0
core   0: 3 0x80008320 (0x40855c33) x24 0xffffffff
core   0: 0x80008324 (0xab5720b7) lui     ra, 0xab572
core   0: 3 0x80008324 (0xab5720b7) x 1 0xab572000
core   0: 0x80008328 (0x01073933) sltu    s2, a4, a6
core   0: 3 0x80008328 (0x01073933) x18 0x00000000
core   0: 0x8000832c (0x700ec7b7) lui     a5, 0x700ec
core   0: 3 0x8000832c (0x700ec7b7) x15 0x700ec000
core   0: 0x80008330 (0x00577633) and     a2, a4, t0
core   0: 3 0x80008330 (0x00577633) x12 0x80015800
core   0: 0x80008334 (0x00000013) nop
core   0: 3 0x80008334 (0x00000013)
core   0: 0x80008338 (0x01319e33) sll     t3, gp, s3
core   0: 3 0x80008338 (0x01319e33) x28 0xa83f4458
core   0: 0x8000833c (0x01253ab3) sltu    s5, a0, s2
core   0: 3 0x8000833c (0x01253ab3) x21 0x00000000
core   0: 0x80008340 (0x00000013) nop
core   0: 3 0x80008340 (0x00000013)
core   0: 0x80008344 (0xe6562e13) slti    t3, a2, -411
core   0: 3 0x80008344 (0xe6562e13) x28 0x00000001
core   0: 0x80008348 (0x016dae33) slt     t3, s11, s6
core   0: 3 0x80008348 (0x016dae33) x28 0x00000000
core   0: 0x8000834c (0xbef92b97) auipc   s7, 0xbef92
core   0: 3 0x8000834c (0xbef92b97) x23 0x3ef9a34c
core   0: 0x80008350 (0x00021a93) slli    s5, tp, 0
core   0: 3 0x80008350 (0x00021a93) x21 0xd1bd5001
core   0: 0x80008354 (0x997ff013) andi    zero, t6, -1641
core   0: 3 0x80008354 (0x997ff013)
core   0: 0x80008358 (0xf4a8ab93) slti    s7, a7, -182
core   0: 3 0x80008358 (0xf4a8ab93) x23 0x00000000
core   0: 0x8000835c (0x0137aa33) slt     s4, a5, s3
core   0: 3 0x8000835c (0x0137aa33) x20 0x00000000
core   0: 0x80008360 (0x41796313) ori     t1, s2, 1047
core   0: 3 0x80008360 (0x41796313) x 6 0x00000417
core   0: 0x80008364 (0x00b1a6b3) slt     a3, gp, a1
core   0: 3 0x80008364 (0x00b1a6b3) x13 0x00000001
core   0: 0x80008368 (0xc478f013) andi    zero, a7, -953
core   0: 3 0x80008368 (0xc478f013)
core   0: 0x8000836c (0x5e05a637) lui     a2, 0x5e05a
core   0: 3 0x8000836c (0x5e05a637) x12 0x5e05a000
core   0: 0x80008370 (0x0159cab3) xor     s5, s3, s5
core   0: 3 0x80008370 (0x0159cab3) x21 0xd1bd5000
core   0: 0x80008374 (0xc704ad13) slti    s10, s1, -912
core   0: 3 0x80008374 (0xc704ad13) x26 0x00000000
core   0: 0x80008378 (0x40b6d693) srai    a3, a3, 11
core   0: 3 0x80008378 (0x40b6d693) x13 0x00000000
core   0: 0x8000837c (0x01497e33) and     t3, s2, s4
core   0: 3 0x8000837c (0x01497e33) x28 0x00000000
core   0: 0x80008380 (0xe53b2613) slti    a2, s6, -429
core   0: 3 0x80008380 (0xe53b2613) x12 0x00000001
core   0: 0x80008384 (0x09b5e893) ori     a7, a1, 155
core   0: 3 0x80008384 (0x09b5e893) x17 0x000001bf
core   0: 0x80008388 (0x52a4e593) ori     a1, s1, 1322
core   0: 3 0x80008388 (0x52a4e593) x11 0xffffffff
core   0: 0x8000838c (0x0173c7b3) xor     a5, t2, s7
core   0: 3 0x8000838c (0x0173c7b3) x15 0x80011e64
core   0: 0x80008390 (0x41920033) sub     zero, tp, s9
core   0: 3 0x80008390 (0x41920033)
core   0: 0x80008394 (0x41db8b33) sub     s6, s7, t4
core   0: 3 0x80008394 (0x41db8b33) x22 0x00000518
core   0: 0x80008398 (0x8d73af13) slti    t5, t2, -1833
core   0: 3 0x80008398 (0x8d73af13) x30 0x00000001
core   0: 0x8000839c (0x0126ceb3) xor     t4, a3, s2
core   0: 3 0x8000839c (0x0126ceb3) x29 0x00000000
core   0: 0x800083a0 (0x01850333) add     t1, a0, s8
core   0: 3 0x800083a0 (0x01850333) x 6 0xfffffdd8
core   0: 0x800083a4 (0x00eb1eb3) sll     t4, s6, a4
core   0: 3 0x800083a4 (0x00eb1eb3) x29 0x00051800
core   0: 0x800083a8 (0xda8ee193) ori     gp, t4, -600
core   0: 3 0x800083a8 (0xda8ee193) x 3 0xfffffda8
core   0: 0x800083ac (0x00000013) nop
core   0: 3 0x800083ac (0x00000013)
core   0: 0x800083b0 (0x006b6db3) or      s11, s6, t1
core   0: 3 0x800083b0 (0x006b6db3) x27 0xfffffdd8
core   0: 0x800083b4 (0x0145da13) srli    s4, a1, 20
core   0: 3 0x800083b4 (0x0145da13) x20 0x00000fff
core   0: 0x800083b8 (0x012b6933) or      s2, s6, s2
core   0: 3 0x800083b8 (0x012b6933) x18 0x00000518
core   0: 0x800083bc (0x6502b893) sltiu   a7, t0, 1616
core   0: 3 0x800083bc (0x6502b893) x17 0x00000000
core   0: 0x800083c0 (0x00bccab3) xor     s5, s9, a1
core   0: 3 0x800083c0 (0x00bccab3) x21 0x000001ff
core   0: 0x800083c4 (0xfe35b113) sltiu   sp, a1, -29
core   0: 3 0x800083c4 (0xfe35b113) x 2 0x00000000
core   0: 0x800083c8 (0x00eb3f33) sltu    t5, s6, a4
core   0: 3 0x800083c8 (0x00eb3f33) x30 0x00000001
core   0: 0x800083cc (0x650d4593) xori    a1, s10, 1616
core   0: 3 0x800083cc (0x650d4593) x11 0x00000650
core   0: 0x800083d0 (0x0f6d3c13) sltiu   s8, s10, 246
core   0: 3 0x800083d0 (0x0f6d3c13) x24 0x00000001
core   0: 0x800083d4 (0xb14d4513) xori    a0, s10, -1260
core   0: 3 0x800083d4 (0xb14d4513) x10 0xfffffb14
core   0: 0x800083d8 (0x002e1ab3) sll     s5, t3, sp
core   0: 3 0x800083d8 (0x002e1ab3) x21 0x00000000
core   0: 0x800083dc (0x4077d113) srai    sp, a5, 7
core   0: 3 0x800083dc (0x4077d113) x 2 0xff00023c
core   0: 0x800083e0 (0xc33e0097) auipc   ra, 0xc33e0
core   0: 3 0x800083e0 (0xc33e0097) x 1 0x433e83e0
core   0: 0x800083e4 (0x61bfadb7) lui     s11, 0x61bfa
core   0: 3 0x800083e4 (0x61bfadb7) x27 0x61bfa000
core   0: 0x800083e8 (0x000ef0b3) and     ra, t4, zero
core   0: 3 0x800083e8 (0x000ef0b3) x 1 0x00000000
core   0: 0x800083ec (0x21898fb7) lui     t6, 0x21898
core   0: 3 0x800083ec (0x21898fb7) x31 0x21898000
core   0: 0x800083f0 (0x003add13) srli    s10, s5, 3
core   0: 3 0x800083f0 (0x003add13) x26 0x00000000
core   0: 0x800083f4 (0x0061db33) srl     s6, gp, t1
core   0: 3 0x800083f4 (0x0061db33) x22 0x000000ff
core   0: 0x800083f8 (0x99bd54b7) lui     s1, 0x99bd5
core   0: 3 0x800083f8 (0x99bd54b7) x 9 0x99bd5000
core   0: 0x800083fc (0x00000013) nop
core   0: 3 0x800083fc (0x00000013)
core   0: 0x80008400 (0x1ee9ee13) ori     t3, s3, 494
core   0: 3 0x80008400 (0x1ee9ee13) x28 0x000001ef
core   0: 0x80008404 (0x20bf0013) addi    zero, t5, 523
core   0: 3 0x80008404 (0x20bf0013)
core   0: 0x80008408 (0x01848233) add     tp, s1, s8
core   0: 3 0x80008408 (0x01848233) x 4 0x99bd5001
core   0: 0x8000840c (0x4170d613) srai    a2, ra, 23
core   0: 3 0x8000840c (0x4170d613) x12 0x00000000
core   0: 0x80008410 (0x400a55b3) sra     a1, s4, zero
core   0: 3 0x80008410 (0x400a55b3) x11 0x00000fff
core   0: 0x80008414 (0x40cb54b3) sra     s1, s6, a2
core   0: 3 0x80008414 (0x40cb54b3) x 9 0x000000ff
core   0: 0x80008418 (0x01321d13) slli    s10, tp, 19
core   0: 3 0x80008418 (0x01321d13) x26 0x80080000
core   0: 0x8000841c (0x0149d693) srli    a3, s3, 20
core   0: 3 0x8000841c (0x0149d693) x13 0x00000000
core   0: 0x80008420 (0x41848eb3) sub     t4, s1, s8
core   0: 3 0x80008420 (0x41848eb3) x29 0x000000fe
core   0: 0x80008424 (0xec37b093) sltiu   ra, a5, -317
core   0: 3 0x80008424 (0xec37b093) x 1 0x00000001
core   0: 0x80008428 (0x003b34b3) sltu    s1, s6, gp
core   0: 3 0x80008428 (0x003b34b3) x 9 0x00000001
core   0: 0x8000842c (0x41e8d333) sra     t1, a7, t5
core   0: 3 0x8000842c (0x41e8d333) x 6 0x00000000
core   0: 0x80008430 (0x4025de13) srai    t3, a1, 2
core   0: 3 0x80008430 (0x4025de13) x28 0x000003ff
core   0: 0x80008434 (0x017456b3) srl     a3, s0, s7
core   0: 3 0x80008434 (0x017456b3) x13 0x80015fef
core   0: 0x80008438 (0xe5353213) sltiu   tp, a0, -429
core   0: 3 0x80008438 (0xe5353213) x 4 0x00000001
core   0: 0x8000843c (0x4000dd93) srai    s11, ra, 0
core   0: 3 0x8000843c (0x4000dd93) x27 0x00000001
core   0: 0x80008440 (0x0111f7b3) and     a5, gp, a7
core   0: 3 0x80008440 (0x0111f7b3) x15 0x00000000
core   0: 0x80008444 (0x000d9e33) sll     t3, s11, zero
core   0: 3 0x80008444 (0x000d9e33) x28 0x00000001
core   0: 0x80008448 (0x995f3213) sltiu   tp, t5, -1643
core   0: 3 0x80008448 (0x995f3213) x 4 0x00000001
core   0: 0x8000844c (0x0003d5b3) srl     a1, t2, zero
core   0: 3 0x8000844c (0x0003d5b3) x11 0x80011e64
core   0: 0x80008450 (0xa3b5f093) andi    ra, a1, -1477
core   0: 3 0x80008450 (0xa3b5f093) x 1 0x80011a20
core   0: 0x80008454 (0x00af65b3) or      a1, t5, a0
core   0: 3 0x80008454 (0x00af65b3) x11 0xfffffb15
core   0: 0x80008458 (0x412eb213) sltiu   tp, t4, 1042
core   0: 3 0x80008458 (0x412eb213) x 4 0x00000001
core   0: 0x8000845c (0x01669e13) slli    t3, a3, 22
core   0: 3 0x8000845c (0x01669e13) x28 0xfbc00000
core   0: 0x80008460 (0x4059d113) srai    sp, s3, 5
core   0: 3 0x80008460 (0x4059d113) x 2 0x00000000
core   0: 0x80008464 (0x01873c33) sltu    s8, a4, s8
core   0: 3 0x80008464 (0x01873c33) x24 0x00000000
core   0: 0x80008468 (0x01f1c6b3) xor     a3, gp, t6
core   0: 3 0x80008468 (0x01f1c6b3) x13 0xde767da8
core   0: 0x8000846c (0x40828db3) sub     s11, t0, s0
core   0: 3 0x8000846c (0x40828db3) x27 0xfffffcf5
core   0: 0x80008470 (0x407c5413) srai    s0, s8, 7
core   0: 3 0x80008470 (0x407c5413) x 8 0x00000000
core   0: 0x80008474 (0x00000013) nop
core   0: 3 0x80008474 (0x00000013)
core   0: 0x80008478 (0x31bb5c17) auipc   s8, 0x31bb5
core   0: 3 0x80008478 (0x31bb5c17) x24 0xb1bbd478
core   0: 0x8000847c (0x01cddb33) srl     s6, s11, t3
core   0: 3 0x8000847c (0x01cddb33) x22 0xfffffcf5
core   0: 0x80008480 (0x01d76633) or      a2, a4, t4
core   0: 3 0x80008480 (0x01d76633) x12 0xfffff9fe
core   0: 0x80008484 (0xc9300213) li      tp, -877
core   0: 3 0x80008484 (0xc9300213) x 4 0xfffffc93
core   0: 0x80008488 (0x0121b333) sltu    t1, gp, s2
core   0: 3 0x80008488 (0x0121b333) x 6 0x00000000
core   0: 0x8000848c (0x4081dd13) srai    s10, gp, 8
core   0: 3 0x8000848c (0x4081dd13) x26 0xfffffffd
core   0: 0x80008490 (0x00000013) nop
core   0: 3 0x80008490 (0x00000013)
core   0: 0x80008494 (0x01040e33) add     t3, s0, a6
core   0: 3 0x80008494 (0x01040e33) x28 0xfa4450b4
core   0: 0x80008498 (0x3f108b13) addi    s6, ra, 1009
core   0: 3 0x80008498 (0x3f108b13) x22 0x80011e11
core   0: 0x8000849c (0x406edf13) srai    t5, t4, 6
core   0: 3 0x8000849c (0x406edf13) x30 0x00000003
core   0: 0x800084a0 (0x00426c33) or      s8, tp, tp
core   0: 3 0x800084a0 (0x00426c33) x24 0xfffffc93
core   0: 0x800084a4 (0x01059193) slli    gp, a1, 16
core   0: 3 0x800084a4 (0x01059193) x 3 0xfb150000
core   0: 0x800084a8 (0xf219a693) slti    a3, s3, -223
core   0: 3 0x800084a8 (0xf219a693) x13 0x00000000
core   0: 0x800084ac (0x01a869b3) or      s3, a6, s10
core   0: 3 0x800084ac (0x01a869b3) x19 0xfffffffd
core   0: 0x800084b0 (0xbe283e17) auipc   t3, 0xbe283
core   0: 3 0x800084b0 (0xbe283e17) x28 0x3e28b4b0
core   0: 0x800084b4 (0x87d9e993) ori     s3, s3, -1923
core   0: 3 0x800084b4 (0x87d9e993) x19 0xfffffffd
core   0: 0x800084b8 (0x01ed36b3) sltu    a3, s10, t5
core   0: 3 0x800084b8 (0x01ed36b3) x13 0x00000000
core   0: 0x800084bc (0x48734b13) xori    s6, t1, 1159
core   0: 3 0x800084bc (0x48734b13) x22 0x00000487
core   0: 0x800084c0 (0x00c70d33) add     s10, a4, a2
core   0: 3 0x800084c0 (0x00c70d33) x26 0xfffff306
core   0: 0x800084c4 (0x844c7f93) andi    t6, s8, -1980
core   0: 3 0x800084c4 (0x844c7f93) x31 0xfffff800
core   0: 0x800084c8 (0xae82ee13) ori     t3, t0, -1304
core   0: 3 0x800084c8 (0xae82ee13) x28 0xfffffeec
core   0: 0x800084cc (0x002d6133) or      sp, s10, sp
core   0: 3 0x800084cc (0x002d6133) x 2 0xfffff306
core   0: 0x800084d0 (0x00feab33) slt     s6, t4, a5
core   0: 3 0x800084d0 (0x00feab33) x22 0x00000000
core   0: 0x800084d4 (0x00828c33) add     s8, t0, s0
core   0: 3 0x800084d4 (0x00828c33) x24 0x80015ce4
core   0: 0x800084d8 (0x41905313) srai    t1, zero, 25
core   0: 3 0x800084d8 (0x41905313) x 6 0x00000000
core   0: 0x800084dc (0x01271633) sll     a2, a4, s2
core   0: 3 0x800084dc (0x01271633) x12 0x08000000
core   0: 0x800084e0 (0x00000013) nop
core   0: 3 0x800084e0 (0x00000013)
core   0: 0x800084e4 (0x6190aa97) auipc   s5, 0x6190a
core   0: 3 0x800084e4 (0x6190aa97) x21 0xe19124e4
core   0: 0x800084e8 (0x00000013) nop
core   0: 3 0x800084e8 (0x00000013)
core   0: 0x800084ec (0xf8538613) addi    a2, t2, -123
core   0: 3 0x800084ec (0xf8538613) x12 0x80011de9
core   0: 0x800084f0 (0x690108b7) lui     a7, 0x69010
core   0: 3 0x800084f0 (0x690108b7) x17 0x69010000
core   0: 0x800084f4 (0x00000013) nop
core   0: 3 0x800084f4 (0x00000013)
core   0: 0x800084f8 (0x1fd2ec13) ori     s8, t0, 509
core   0: 3 0x800084f8 (0x1fd2ec13) x24 0x80015dfd
core   0: 0x800084fc (0x40935913) srai    s2, t1, 9
core   0: 3 0x800084fc (0x40935913) x18 0x00000000
core   0: 0x80008500 (0x70b74793) xori    a5, a4, 1803
core   0: 3 0x80008500 (0x70b74793) x15 0xfffffe03
core   0: 0x80008504 (0x01fbeb33) or      s6, s7, t6
core   0: 3 0x80008504 (0x01fbeb33) x22 0xfffff800
core   0: 0x80008508 (0x00182533) slt     a0, a6, ra
core   0: 3 0x80008508 (0x00182533) x10 0x00000000
core   0: 0x8000850c (0x9aa26413) ori     s0, tp, -1622
core   0: 3 0x8000850c (0x9aa26413) x 8 0xfffffdbb
core   0: 0x80008510 (0x00859593) slli    a1, a1, 8
core   0: 3 0x80008510 (0x00859593) x11 0xfffb1500
core   0: 0x80008514 (0x9d0f8d17) auipc   s10, 0x9d0f8
core   0: 3 0x80008514 (0x9d0f8d17) x26 0x1d100514
core   0: 0x80008518 (0x5cd68117) auipc   sp, 0x5cd68
core   0: 3 0x80008518 (0x5cd68117) x 2 0xdcd70518
core   0: 0x8000851c (0x2f1b3593) sltiu   a1, s6, 753
core   0: 3 0x8000851c (0x2f1b3593) x11 0x00000000
core   0: 0x80008520 (0xe6117b93) andi    s7, sp, -415
core   0: 3 0x80008520 (0xe6117b93) x23 0xdcd70400
core   0: 0x80008524 (0xbb194513) xori    a0, s2, -1103
core   0: 3 0x80008524 (0xbb194513) x10 0xfffffbb1
core   0: 0x80008528 (0x013b1713) slli    a4, s6, 19
core   0: 3 0x80008528 (0x013b1713) x14 0xc0000000
core   0: 0x8000852c (0x00330733) add     a4, t1, gp
core   0: 3 0x8000852c (0x00330733) x14 0xfb150000
core   0: 0x80008530 (0x01c0dbb3) srl     s7, ra, t3
core   0: 3 0x80008530 (0x01c0dbb3) x23 0x00080011
core   0: 0x80008534 (0x40148633) sub     a2, s1, ra
core   0: 3 0x80008534 (0x40148633) x12 0x7ffee5e1
core   0: 0x80008538 (0x00103cb3) snez    s9, ra
core   0: 3 0x80008538 (0x00103cb3) x25 0x00000001
core   0: 0x8000853c (0x40b05b33) sra     s6, zero, a1
core   0: 3 0x8000853c (0x40b05b33) x22 0x00000000
core   0: 0x80008540 (0x0135b8b3) sltu    a7, a1, s3
core   0: 3 0x80008540 (0x0135b8b3) x17 0x00000001
core   0: 0x80008544 (0x4004d413) srai    s0, s1, 0
core   0: 3 0x80008544 (0x4004d413) x 8 0x00000001
core   0: 0x80008548 (0x01f4bbb3) sltu    s7, s1, t6
core   0: 3 0x80008548 (0x01f4bbb3) x23 0x00000001
core   0: 0x8000854c (0x00d7b9b3) sltu    s3, a5, a3
core   0: 3 0x8000854c (0x00d7b9b3) x19 0x00000000
core   0: 0x80008550 (0x00065a33) srl     s4, a2, zero
core   0: 3 0x80008550 (0x00065a33) x20 0x7ffee5e1
core   0: 0x80008554 (0x5906f013) andi    zero, a3, 1424
core   0: 3 0x80008554 (0x5906f013)
core   0: 0x80008558 (0x00e22a33) slt     s4, tp, a4
core   0: 3 0x80008558 (0x00e22a33) x20 0x00000000
core   0: 0x8000855c (0x0023c433) xor     s0, t2, sp
core   0: 3 0x8000855c (0x0023c433) x 8 0x5cd61b7c
core   0: 0x80008560 (0x00f481b3) add     gp, s1, a5
core   0: 3 0x80008560 (0x00f481b3) x 3 0xfffffe04
core   0: 0x80008564 (0x08aa8db7) lui     s11, 0x8aa8
core   0: 3 0x80008564 (0x08aa8db7) x27 0x08aa8000
core   0: 0x80008568 (0x00770033) add     zero, a4, t2
core   0: 3 0x80008568 (0x00770033)
core   0: 0x8000856c (0x893ccc93) xori    s9, s9, -1901
core   0: 3 0x8000856c (0x893ccc93) x25 0xfffff892
core   0: 0x80008570 (0x41e5dd33) sra     s10, a1, t5
core   0: 3 0x80008570 (0x41e5dd33) x26 0x00000000
core   0: 0x80008574 (0x01be8933) add     s2, t4, s11
core   0: 3 0x80008574 (0x01be8933) x18 0x08aa80fe
core   0: 0x80008578 (0x01be3eb3) sltu    t4, t3, s11
core   0: 3 0x80008578 (0x01be3eb3) x29 0x00000000
core   0: 0x8000857c (0x8c526993) ori     s3, tp, -1851
core   0: 3 0x8000857c (0x8c526993) x19 0xfffffcd7
core   0: 0x80008580 (0xd40abc93) sltiu   s9, s5, -704
core   0: 3 0x80008580 (0xd40abc93) x25 0x00000001
core   0: 0x80008584 (0x00a88fb3) add     t6, a7, a0
core   0: 3 0x80008584 (0x00a88fb3) x31 0xfffffbb2
core   0: 0x80008588 (0x9132fd13) andi    s10, t0, -1773
core   0: 3 0x80008588 (0x9132fd13) x26 0x80015800
core   0: 0x8000858c (0x37603d93) sltiu   s11, zero, 886
core   0: 3 0x8000858c (0x37603d93) x27 0x00000001
core   0: 0x80008590 (0x010904b3) add     s1, s2, a6
core   0: 3 0x80008590 (0x010904b3) x 9 0x02eed1b2
core   0: 0x80008594 (0x00618733) add     a4, gp, t1
core   0: 3 0x80008594 (0x00618733) x14 0xfffffe04
core   0: 0x80008598 (0x010b1f33) sll     t5, s6, a6
core   0: 3 0x80008598 (0x010b1f33) x30 0x00000000
core   0: 0x8000859c (0x01c85413) srli    s0, a6, 28
core   0: 3 0x8000859c (0x01c85413) x 8 0x0000000f
core   0: 0x800085a0 (0x00037733) and     a4, t1, zero
core   0: 3 0x800085a0 (0x00037733) x14 0x00000000
core   0: 0x800085a4 (0x97f77b93) andi    s7, a4, -1665
core   0: 3 0x800085a4 (0x97f77b93) x23 0x00000000
core   0: 0x800085a8 (0x8a95f093) andi    ra, a1, -1879
core   0: 3 0x800085a8 (0x8a95f093) x 1 0x00000000
core   0: 0x800085ac (0x00648f33) add     t5, s1, t1
core   0: 3 0x800085ac (0x00648f33) x30 0x02eed1b2
core   0: 0x800085b0 (0x29a3be13) sltiu   t3, t2, 666
core   0: 3 0x800085b0 (0x29a3be13) x28 0x00000000
core   0: 0x800085b4 (0xf7074a93) xori    s5, a4, -144
core   0: 3 0x800085b4 (0xf7074a93) x21 0xffffff70
core   0: 0x800085b8 (0x01245c33) srl     s8, s0, s2
core   0: 3 0x800085b8 (0x01245c33) x24 0x00000000
core   0: 0x800085bc (0x01f884b3) add     s1, a7, t6
core   0: 3 0x800085bc (0x01f884b3) x 9 0xfffffbb3
core   0: 0x800085c0 (0xf7046717) auipc   a4, 0xf7046
core   0: 3 0x800085c0 (0xf7046717) x14 0x7704e5c0
core   0: 0x800085c4 (0x00cf9633) sll     a2, t6, a2
core   0: 3 0x800085c4 (0x00cf9633) x12 0xfffff764
core   0: 0x800085c8 (0x01580233) add     tp, a6, s5
core   0: 3 0x800085c8 (0x01580233) x 4 0xfa445024
core   0: 0x800085cc (0x002450b3) srl     ra, s0, sp
core   0: 3 0x800085cc (0x002450b3) x 1 0x00000000
core   0: 0x800085d0 (0x01296c33) or      s8, s2, s2
core   0: 3 0x800085d0 (0x01296c33) x24 0x08aa80fe
core   0: 0x800085d4 (0x1a787893) andi    a7, a6, 423
core   0: 3 0x800085d4 (0x1a787893) x17 0x000000a4
core   0: 0x800085d8 (0xbcc60b93) addi    s7, a2, -1076
core   0: 3 0x800085d8 (0xbcc60b93) x23 0xfffff330
core   0: 0x800085dc (0x434e0413) addi    s0, t3, 1076
core   0: 3 0x800085dc (0x434e0413) x 8 0x00000434
core   0: 0x800085e0 (0xe21f7593) andi    a1, t5, -479
core   0: 3 0x800085e0 (0xe21f7593) x11 0x02eed020
core   0: 0x800085e4 (0xebca3b13) sltiu   s6, s4, -324
core   0: 3 0x800085e4 (0xebca3b13) x22 0x00000001
core   0: 0x800085e8 (0x003e1493) slli    s1, t3, 3
core   0: 3 0x800085e8 (0x003e1493) x 9 0x00000000
core   0: 0x800085ec (0x006a00b3) add     ra, s4, t1
core   0: 3 0x800085ec (0x006a00b3) x 1 0x00000000
core   0: 0x800085f0 (0x01a29d33) sll     s10, t0, s10
core   0: 3 0x800085f0 (0x01a29d33) x26 0x80015ce4
core   0: 0x800085f4 (0x01701a93) slli    s5, zero, 23
core   0: 3 0x800085f4 (0x01701a93) x21 0x00000000
core   0: 0x800085f8 (0x1df5ab13) slti    s6, a1, 479
core   0: 3 0x800085f8 (0x1df5ab13) x22 0x00000000
core   0: 0x800085fc (0xc6ad40b7) lui     ra, 0xc6ad4
core   0: 3 0x800085fc (0xc6ad40b7) x 1 0xc6ad4000
core   0: 0x80008600 (0x4141d7b3) sra     a5, gp, s4
core   0: 3 0x80008600 (0x4141d7b3) x15 0xfffffe04
core   0: 0x80008604 (0x00f895b3) sll     a1, a7, a5
core   0: 3 0x80008604 (0x00f895b3) x11 0x00000a40
core   0: 0x80008608 (0x1cc17eb7) lui     t4, 0x1cc17
core   0: 3 0x80008608 (0x1cc17eb7) x29 0x1cc17000
core   0: 0x8000860c (0x00acc7b3) xor     a5, s9, a0
core   0: 3 0x8000860c (0x00acc7b3) x15 0xfffffbb0
core   0: 0x80008610 (0x401ad633) sra     a2, s5, ra
core   0: 3 0x80008610 (0x401ad633) x12 0x00000000
core   0: 0x80008614 (0x01541733) sll     a4, s0, s5
core   0: 3 0x80008614 (0x01541733) x14 0x00000434
core   0: 0x80008618 (0x409c5793) srai    a5, s8, 9
core   0: 3 0x80008618 (0x409c5793) x15 0x00045540
core   0: 0x8000861c (0x41afd913) srai    s2, t6, 26
core   0: 3 0x8000861c (0x41afd913) x18 0xffffffff
core   0: 0x80008620 (0x01ff27b3) slt     a5, t5, t6
core   0: 3 0x80008620 (0x01ff27b3) x15 0x00000000
core   0: 0x80008624 (0xea0b2593) slti    a1, s6, -352
core   0: 3 0x80008624 (0xea0b2593) x11 0x00000000
core   0: 0x80008628 (0x014158b3) srl     a7, sp, s4
core   0: 3 0x80008628 (0x014158b3) x17 0xdcd70518
core   0: 0x8000862c (0x0173bc33) sltu    s8, t2, s7
core   0: 3 0x8000862c (0x0173bc33) x24 0x00000001
core   0: 0x80008630 (0x0149a533) slt     a0, s3, s4
core   0: 3 0x80008630 (0x0149a533) x10 0x00000001
core   0: 0x80008634 (0x0191d6b3) srl     a3, gp, s9
core   0: 3 0x80008634 (0x0191d6b3) x13 0x7fffff02
core   0: 0x80008638 (0x00000013) nop
core   0: 3 0x80008638 (0x00000013)
core   0: 0x8000863c (0x00af8433) add     s0, t6, a0
core   0: 3 0x8000863c (0x00af8433) x 8 0xfffffbb3
core   0: 0x80008640 (0x00b4b8b3) sltu    a7, s1, a1
core   0: 3 0x80008640 (0x00b4b8b3) x17 0x00000000
core   0: 0x80008644 (0x011759b3) srl     s3, a4, a7
core   0: 3 0x80008644 (0x011759b3) x19 0x00000434
core   0: 0x80008648 (0xd6a9f8b7) lui     a7, 0xd6a9f
core   0: 3 0x80008648 (0xd6a9f8b7) x17 0xd6a9f000
core   0: 0x8000864c (0x40afd913) srai    s2, t6, 10
core   0: 3 0x8000864c (0x40afd913) x18 0xfffffffe
core   0: 0x80008650 (0x0081e7b3) or      a5, gp, s0
core   0: 3 0x80008650 (0x0081e7b3) x15 0xffffffb7
core   0: 0x80008654 (0x0071e9b3) or      s3, gp, t2
core   0: 3 0x80008654 (0x0071e9b3) x19 0xfffffe64
core   0: 0x80008658 (0x00000013) nop
core   0: 3 0x80008658 (0x00000013)
core   0: 0x8000865c (0x00a97db3) and     s11, s2, a0
core   0: 3 0x8000865c (0x00a97db3) x27 0x00000000
core   0: 0x80008660 (0x010fda33) srl     s4, t6, a6
core   0: 3 0x80008660 (0x010fda33) x20 0x00000fff
core   0: 0x80008664 (0x00000013) nop
core   0: 3 0x80008664 (0x00000013)
core   0: 0x80008668 (0x015cbdb3) sltu    s11, s9, s5
core   0: 3 0x80008668 (0x015cbdb3) x27 0x00000000
core   0: 0x8000866c (0xa5f79697) auipc   a3, 0xa5f79
core   0: 3 0x8000866c (0xa5f79697) x13 0x25f8166c
core   0: 0x80008670 (0x01008f33) add     t5, ra, a6
core   0: 3 0x80008670 (0x01008f33) x30 0xc0f190b4
core   0: 0x80008674 (0x5f20ca93) xori    s5, ra, 1522
core   0: 3 0x80008674 (0x5f20ca93) x21 0xc6ad45f2
core   0: 0x80008678 (0x001b1993) slli    s3, s6, 1
core   0: 3 0x80008678 (0x001b1993) x19 0x00000000
core   0: 0x8000867c (0x01b8f633) and     a2, a7, s11
core   0: 3 0x8000867c (0x01b8f633) x12 0x00000000
core   0: 0x80008680 (0xef5af313) andi    t1, s5, -267
core   0: 3 0x80008680 (0xef5af313) x 6 0xc6ad44f0
core   0: 0x80008684 (0x40098f33) sub     t5, s3, zero
core   0: 3 0x80008684 (0x40098f33) x30 0x00000000
core   0: 0x80008688 (0x01bac733) xor     a4, s5, s11
core   0: 3 0x80008688 (0x01bac733) x14 0xc6ad45f2
core   0: 0x8000868c (0x01371c33) sll     s8, a4, s3
core   0: 3 0x8000868c (0x01371c33) x24 0xc6ad45f2
core   0: 0x80008690 (0x5735a013) slti    zero, a1, 1395
core   0: 3 0x80008690 (0x5735a013)
core   0: 0x80008694 (0x001cdc13) srli    s8, s9, 1
core   0: 3 0x80008694 (0x001cdc13) x24 0x00000000
core   0: 0x80008698 (0x00000013) nop
core   0: 3 0x80008698 (0x00000013)
core   0: 0x8000869c (0x01119433) sll     s0, gp, a7
core   0: 3 0x8000869c (0x01119433) x 8 0xfffffe04
core   0: 0x800086a0 (0x00dcf0b3) and     ra, s9, a3
core   0: 3 0x800086a0 (0x00dcf0b3) x 1 0x00000000
core   0: 0x800086a4 (0x10c0ae93) slti    t4, ra, 268
core   0: 3 0x800086a4 (0x10c0ae93) x29 0x00000001
core   0: 0x800086a8 (0x001d17b3) sll     a5, s10, ra
core   0: 3 0x800086a8 (0x001d17b3) x15 0x80015ce4
core   0: 0x800086ac (0x01ae5b93) srli    s7, t3, 26
core   0: 3 0x800086ac (0x01ae5b93) x23 0x00000000
core   0: 0x800086b0 (0x404cd6b3) sra     a3, s9, tp
core   0: 3 0x800086b0 (0x404cd6b3) x13 0x00000000
core   0: 0x800086b4 (0x00389e33) sll     t3, a7, gp
core   0: 3 0x800086b4 (0x00389e33) x28 0x6a9f0000
core   0: 0x800086b8 (0x406a51b3) sra     gp, s4, t1
core   0: 3 0x800086b8 (0x406a51b3) x 3 0x00000000
core   0: 0x800086bc (0x01f5a033) slt     zero, a1, t6
core   0: 3 0x800086bc (0x01f5a033)
core   0: 0x800086c0 (0x01261fb3) sll     t6, a2, s2
core   0: 3 0x800086c0 (0x01261fb3) x31 0x00000000
core   0: 0x800086c4 (0x4d0e0d97) auipc   s11, 0x4d0e0
core   0: 3 0x800086c4 (0x4d0e0d97) x27 0xcd0e86c4
core   0: 0x800086c8 (0x00000013) nop
core   0: 3 0x800086c8 (0x00000013)
core   0: 0x800086cc (0x009ae733) or      a4, s5, s1
core   0: 3 0x800086cc (0x009ae733) x14 0xc6ad45f2
core   0: 0x800086d0 (0x4099d133) sra     sp, s3, s1
core   0: 3 0x800086d0 (0x4099d133) x 2 0x00000000
core   0: 0x800086d4 (0x40785c13) srai    s8, a6, 7
core   0: 3 0x800086d4 (0x40785c13) x24 0xfff488a1
core   0: 0x800086d8 (0x2cdcfe97) auipc   t4, 0x2cdcf
core   0: 3 0x800086d8 (0x2cdcfe97) x29 0xacdd76d8
core   0: 0x800086dc (0x416cd513) srai    a0, s9, 22
core   0: 3 0x800086dc (0x416cd513) x10 0x00000000
core   0: 0x800086e0 (0x01f091b3) sll     gp, ra, t6
core   0: 3 0x800086e0 (0x01f091b3) x 3 0x00000000
core   0: 0x800086e4 (0x01bda633) slt     a2, s11, s11
core   0: 3 0x800086e4 (0x01bda633) x12 0x00000000
core   0: 0x800086e8 (0x5ae0f237) lui     tp, 0x5ae0f
core   0: 3 0x800086e8 (0x5ae0f237) x 4 0x5ae0f000
core   0: 0x800086ec (0xecfe4113) xori    sp, t3, -305
core   0: 3 0x800086ec (0xecfe4113) x 2 0x9560fecf
core   0: 0x800086f0 (0x017e21b3) slt     gp, t3, s7
core   0: 3 0x800086f0 (0x017e21b3) x 3 0x00000000
core   0: 0x800086f4 (0x01691093) slli    ra, s2, 22
core   0: 3 0x800086f4 (0x01691093) x 1 0xff800000
core   0: 0x800086f8 (0x31adaf13) slti    t5, s11, 794
core   0: 3 0x800086f8 (0x31adaf13) x30 0x00000001
core   0: 0x800086fc (0x00b211b3) sll     gp, tp, a1
core   0: 3 0x800086fc (0x00b211b3) x 3 0x5ae0f000
core   0: 0x80008700 (0x0072f1b3) and     gp, t0, t2
core   0: 3 0x80008700 (0x0072f1b3) x 3 0x80011c64
core   0: 0x80008704 (0x005e4c33) xor     s8, t3, t0
core   0: 3 0x80008704 (0x005e4c33) x24 0xea9e5ce4
core   0: 0x80008708 (0x41ff80b3) sub     ra, t6, t6
core   0: 3 0x80008708 (0x41ff80b3) x 1 0x00000000
core   0: 0x8000870c (0x387aba13) sltiu   s4, s5, 903
core   0: 3 0x8000870c (0x387aba13) x20 0x00000000
core   0: 0x80008710 (0xf83b0093) addi    ra, s6, -125
core   0: 3 0x80008710 (0xf83b0093) x 1 0xffffff83
core   0: 0x80008714 (0x014eedb3) or      s11, t4, s4
core   0: 3 0x80008714 (0x014eedb3) x27 0xacdd76d8
core   0: 0x80008718 (0x00bee793) ori     a5, t4, 11
core   0: 3 0x80008718 (0x00bee793) x15 0xacdd76db
core   0: 0x8000871c (0x32773d93) sltiu   s11, a4, 807
core   0: 3 0x8000871c (0x32773d93) x27 0x00000000
core   0: 0x80008720 (0x7ed0deb7) lui     t4, 0x7ed0d
core   0: 3 0x80008720 (0x7ed0deb7) x29 0x7ed0d000
core   0: 0x80008724 (0x014a7233) and     tp, s4, s4
core   0: 3 0x80008724 (0x014a7233) x 4 0x00000000
core   0: 0x80008728 (0x018006b3) add     a3, zero, s8
core   0: 3 0x80008728 (0x018006b3) x13 0xea9e5ce4
core   0: 0x8000872c (0x49e8fd93) andi    s11, a7, 1182
core   0: 3 0x8000872c (0x49e8fd93) x27 0x00000000
core   0: 0x80008730 (0x00de5a13) srli    s4, t3, 13
core   0: 3 0x80008730 (0x00de5a13) x20 0x000354f8
core   0: 0x80008734 (0xed57b193) sltiu   gp, a5, -299
core   0: 3 0x80008734 (0xed57b193) x 3 0x00000001
core   0: 0x80008738 (0x017ade33) srl     t3, s5, s7
core   0: 3 0x80008738 (0x017ade33) x28 0xc6ad45f2
core   0: 0x8000873c (0xc92e6913) ori     s2, t3, -878
core   0: 3 0x8000873c (0xc92e6913) x18 0xfffffdf2
core   0: 0x80008740 (0x00000013) nop
core   0: 3 0x80008740 (0x00000013)
core   0: 0x80008744 (0xd61ee213) ori     tp, t4, -671
core   0: 3 0x80008744 (0xd61ee213) x 4 0xfffffd61
core   0: 0x80008748 (0x00207933) and     s2, zero, sp
core   0: 3 0x80008748 (0x00207933) x18 0x00000000
core   0: 0x8000874c (0x00afcd33) xor     s10, t6, a0
core   0: 3 0x8000874c (0x00afcd33) x26 0x00000000
core   0: 0x80008750 (0x013158b3) srl     a7, sp, s3
core   0: 3 0x80008750 (0x013158b3) x17 0x9560fecf
core   0: 0x80008754 (0x000f94b3) sll     s1, t6, zero
core   0: 3 0x80008754 (0x000f94b3) x 9 0x00000000
core   0: 0x80008758 (0x1d96be93) sltiu   t4, a3, 473
core   0: 3 0x80008758 (0x1d96be93) x29 0x00000000
core   0: 0x8000875c (0x412f5213) srai    tp, t5, 18
core   0: 3 0x8000875c (0x412f5213) x 4 0x00000000
core   0: 0x80008760 (0x00de7a33) and     s4, t3, a3
core   0: 3 0x80008760 (0x00de7a33) x20 0xc28c44e0
core   0: 0x80008764 (0x01429013) slli    zero, t0, 20
core   0: 3 0x80008764 (0x01429013)
core   0: 0x80008768 (0x00a011b3) sll     gp, zero, a0
core   0: 3 0x80008768 (0x00a011b3) x 3 0x00000000
core   0: 0x8000876c (0x476df937) lui     s2, 0x476df
core   0: 3 0x8000876c (0x476df937) x18 0x476df000
core   0: 0x80008770 (0x013a7633) and     a2, s4, s3
core   0: 3 0x80008770 (0x013a7633) x12 0x00000000
core   0: 0x80008774 (0x012fcf33) xor     t5, t6, s2
core   0: 3 0x80008774 (0x012fcf33) x30 0x476df000
core   0: 0x80008778 (0x012d1933) sll     s2, s10, s2
core   0: 3 0x80008778 (0x012d1933) x18 0x00000000
core   0: 0x8000877c (0xdcdbf097) auipc   ra, 0xdcdbf
core   0: 3 0x8000877c (0xdcdbf097) x 1 0x5cdc777c
core   0: 0x80008780 (0x0009d093) srli    ra, s3, 0
core   0: 3 0x80008780 (0x0009d093) x 1 0x00000000
core   0: 0x80008784 (0x006aaa33) slt     s4, s5, t1
core   0: 3 0x80008784 (0x006aaa33) x20 0x00000000
core   0: 0x80008788 (0x01ca36b3) sltu    a3, s4, t3
core   0: 3 0x80008788 (0x01ca36b3) x13 0x00000001
core   0: 0x8000878c (0x01ebf133) and     sp, s7, t5
core   0: 3 0x8000878c (0x01ebf133) x 2 0x00000000
core   0: 0x80008790 (0x00023f33) sltu    t5, tp, zero
core   0: 3 0x80008790 (0x00023f33) x30 0x00000000
core   0: 0x80008794 (0x01d3e6b3) or      a3, t2, t4
core   0: 3 0x80008794 (0x01d3e6b3) x13 0x80011e64
core   0: 0x80008798 (0x090dfd13) andi    s10, s11, 144
core   0: 3 0x80008798 (0x090dfd13) x26 0x00000000
core   0: 0x8000879c (0x013df433) and     s0, s11, s3
core   0: 3 0x8000879c (0x013df433) x 8 0x00000000
core   0: 0x800087a0 (0x002a84b3) add     s1, s5, sp
core   0: 3 0x800087a0 (0x002a84b3) x 9 0xc6ad45f2
core   0: 0x800087a4 (0x01095d93) srli    s11, s2, 16
core   0: 3 0x800087a4 (0x01095d93) x27 0x00000000
core   0: 0x800087a8 (0x415e5313) srai    t1, t3, 21
core   0: 3 0x800087a8 (0x415e5313) x 6 0xfffffe35
core   0: 0x800087ac (0x0166e233) or      tp, a3, s6
core   0: 3 0x800087ac (0x0166e233) x 4 0x80011e64
core   0: 0x800087b0 (0x01509a93) slli    s5, ra, 21
core   0: 3 0x800087b0 (0x01509a93) x21 0x00000000
core   0: 0x800087b4 (0x407fd533) sra     a0, t6, t2
core   0: 3 0x800087b4 (0x407fd533) x10 0x00000000
core   0: 0x800087b8 (0x0129ebb3) or      s7, s3, s2
core   0: 3 0x800087b8 (0x0129ebb3) x23 0x00000000
core   0: 0x800087bc (0xcd600593) li      a1, -810
core   0: 3 0x800087bc (0xcd600593) x11 0xfffffcd6
core   0: 0x800087c0 (0x402b0e33) sub     t3, s6, sp
core   0: 3 0x800087c0 (0x402b0e33) x28 0x00000000
core   0: 0x800087c4 (0x00fc78b3) and     a7, s8, a5
core   0: 3 0x800087c4 (0x00fc78b3) x17 0xa89c54c0
core   0: 0x800087c8 (0x72be6093) ori     ra, t3, 1835
core   0: 3 0x800087c8 (0x72be6093) x 1 0x0000072b
core   0: 0x800087cc (0x01baab33) slt     s6, s5, s11
core   0: 3 0x800087cc (0x01baab33) x22 0x00000000
core   0: 0x800087d0 (0xa5c01d97) auipc   s11, 0xa5c01
core   0: 3 0x800087d0 (0xa5c01d97) x27 0x25c097d0
core   0: 0x800087d4 (0x712017b7) lui     a5, 0x71201
core   0: 3 0x800087d4 (0x712017b7) x15 0x71201000
core   0: 0x800087d8 (0x4140dc13) srai    s8, ra, 20
core   0: 3 0x800087d8 (0x4140dc13) x24 0x00000000
core   0: 0x800087dc (0xd94e0e93) addi    t4, t3, -620
core   0: 3 0x800087dc (0xd94e0e93) x29 0xfffffd94
core   0: 0x800087e0 (0xff758113) addi    sp, a1, -9
core   0: 3 0x800087e0 (0xff758113) x 2 0xfffffccd
core   0: 0x800087e4 (0x017b5a93) srli    s5, s6, 23
core   0: 3 0x800087e4 (0x017b5a93) x21 0x00000000
core   0: 0x800087e8 (0x00011413) slli    s0, sp, 0
core   0: 3 0x800087e8 (0x00011413) x 8 0xfffffccd
core   0: 0x800087ec (0x8380f313) andi    t1, ra, -1992
core   0: 3 0x800087ec (0x8380f313) x 6 0x00000028
core   0: 0x800087f0 (0x74c96193) ori     gp, s2, 1868
core   0: 3 0x800087f0 (0x74c96193) x 3 0x0000074c
core   0: 0x800087f4 (0xe0e27113) andi    sp, tp, -498
core   0: 3 0x800087f4 (0xe0e27113) x 2 0x80011e04
core   0: 0x800087f8 (0x01905333) srl     t1, zero, s9
core   0: 3 0x800087f8 (0x01905333) x 6 0x00000000
core   0: 0x800087fc (0xe0ba7193) andi    gp, s4, -501
core   0: 3 0x800087fc (0xe0ba7193) x 3 0x00000000
core   0: 0x80008800 (0xf2fd18b7) lui     a7, 0xf2fd1
core   0: 3 0x80008800 (0xf2fd18b7) x17 0xf2fd1000
core   0: 0x80008804 (0x41dfde93) srai    t4, t6, 29
core   0: 3 0x80008804 (0x41dfde93) x29 0x00000000
core   0: 0x80008808 (0x01865733) srl     a4, a2, s8
core   0: 3 0x80008808 (0x01865733) x14 0x00000000
core   0: 0x8000880c (0x51ab0617) auipc   a2, 0x51ab0
core   0: 3 0x8000880c (0x51ab0617) x12 0xd1ab880c
core   0: 0x80008810 (0xc067e593) ori     a1, a5, -1018
core   0: 3 0x80008810 (0xc067e593) x11 0xfffffc06
core   0: 0x80008814 (0x00ecec33) or      s8, s9, a4
core   0: 3 0x80008814 (0x00ecec33) x24 0x00000001
core   0: 0x80008818 (0xad95b213) sltiu   tp, a1, -1319
core   0: 3 0x80008818 (0xad95b213) x 4 0x00000000
core   0: 0x8000881c (0x016024b3) slt     s1, zero, s6
core   0: 3 0x8000881c (0x016024b3) x 9 0x00000000
core   0: 0x80008820 (0x012c05b3) add     a1, s8, s2
core   0: 3 0x80008820 (0x012c05b3) x11 0x00000001
core   0: 0x80008824 (0x7ddb1317) auipc   t1, 0x7ddb1
core   0: 3 0x80008824 (0x7ddb1317) x 6 0xfddb9824
core   0: 0x80008828 (0x012a8eb3) add     t4, s5, s2
core   0: 3 0x80008828 (0x012a8eb3) x29 0x00000000
core   0: 0x8000882c (0x413f5313) srai    t1, t5, 19
core   0: 3 0x8000882c (0x413f5313) x 6 0x00000000
core   0: 0x80008830 (0x01e19d93) slli    s11, gp, 30
core   0: 3 0x80008830 (0x01e19d93) x27 0x00000000
core   0: 0x80008834 (0xa75f2913) slti    s2, t5, -1419
core   0: 3 0x80008834 (0xa75f2913) x18 0x00000000
core   0: 0x80008838 (0x4c3f6e93) ori     t4, t5, 1219
core   0: 3 0x80008838 (0x4c3f6e93) x29 0x000004c3
core   0: 0x8000883c (0xb884fb97) auipc   s7, 0xb884f
core   0: 3 0x8000883c (0xb884fb97) x23 0x3885783c
core   0: 0x80008840 (0x01f6bdb3) sltu    s11, a3, t6
core   0: 3 0x80008840 (0x01f6bdb3) x27 0x00000000
core   0: 0x80008844 (0xa0f78a93) addi    s5, a5, -1521
core   0: 3 0x80008844 (0xa0f78a93) x21 0x71200a0f
core   0: 0x80008848 (0x0162d913) srli    s2, t0, 22
core   0: 3 0x80008848 (0x0162d913) x18 0x00000200
core   0: 0x8000884c (0x01c86eb3) or      t4, a6, t3
core   0: 3 0x8000884c (0x01c86eb3) x29 0xfa4450b4
core   0: 0x80008850 (0x41ca5fb3) sra     t6, s4, t3
core   0: 3 0x80008850 (0x41ca5fb3) x31 0x00000000
core   0: 0x80008854 (0x5000ac13) slti    s8, ra, 1280
core   0: 3 0x80008854 (0x5000ac13) x24 0x00000000
core   0: 0x80008858 (0x012f9993) slli    s3, t6, 18
core   0: 3 0x80008858 (0x012f9993) x19 0x00000000
core   0: 0x8000885c (0x417cde13) srai    t3, s9, 23
core   0: 3 0x8000885c (0x417cde13) x28 0x00000000
core   0: 0x80008860 (0x3e460d93) addi    s11, a2, 996
core   0: 3 0x80008860 (0x3e460d93) x27 0xd1ab8bf0
core   0: 0x80008864 (0x01996b33) or      s6, s2, s9
core   0: 3 0x80008864 (0x01996b33) x22 0x00000201
core   0: 0x80008868 (0x42914793) xori    a5, sp, 1065
core   0: 3 0x80008868 (0x42914793) x15 0x80011a2d
core   0: 0x8000886c (0x007ec033) xor     zero, t4, t2
core   0: 3 0x8000886c (0x007ec033)
core   0: 0x80008870 (0x404fd7b3) sra     a5, t6, tp
core   0: 3 0x80008870 (0x404fd7b3) x15 0x00000000
core   0: 0x80008874 (0x463b7037) lui     zero, 0x463b7
core   0: 3 0x80008874 (0x463b7037)
core   0: 0x80008878 (0x10972a13) slti    s4, a4, 265
core   0: 3 0x80008878 (0x10972a13) x20 0x00000001
core   0: 0x8000887c (0x9672ca13) xori    s4, t0, -1689
core   0: 3 0x8000887c (0x9672ca13) x20 0x7ffea583
core   0: 0x80008880 (0x006b5213) srli    tp, s6, 6
core   0: 3 0x80008880 (0x006b5213) x 4 0x00000008
core   0: 0x80008884 (0x00333633) sltu    a2, t1, gp
core   0: 3 0x80008884 (0x00333633) x12 0x00000000
core   0: 0x80008888 (0x00dbb933) sltu    s2, s7, a3
core   0: 3 0x80008888 (0x00dbb933) x18 0x00000001
core   0: 0x8000888c (0xce23e517) auipc   a0, 0xce23e
core   0: 3 0x8000888c (0xce23e517) x10 0x4e24688c
core   0: 0x80008890 (0x016d5593) srli    a1, s10, 22
core   0: 3 0x80008890 (0x016d5593) x11 0x00000000
core   0: 0x80008894 (0x00000013) nop
core   0: 3 0x80008894 (0x00000013)
core   0: 0x80008898 (0x00000013) nop
core   0: 3 0x80008898 (0x00000013)
core   0: 0x8000889c (0x01be1bb3) sll     s7, t3, s11
core   0: 3 0x8000889c (0x01be1bb3) x23 0x00000000
core   0: 0x800088a0 (0x52b30193) addi    gp, t1, 1323
core   0: 3 0x800088a0 (0x52b30193) x 3 0x0000052b
core   0: 0x800088a4 (0x7a564893) xori    a7, a2, 1957
core   0: 3 0x800088a4 (0x7a564893) x17 0x000007a5
core   0: 0x800088a8 (0x001c9613) slli    a2, s9, 1
core   0: 3 0x800088a8 (0x001c9613) x12 0x00000002
core   0: 0x800088ac (0x00000013) nop
core   0: 3 0x800088ac (0x00000013)
core   0: 0x800088b0 (0x003f08b3) add     a7, t5, gp
core   0: 3 0x800088b0 (0x003f08b3) x17 0x0000052b
core   0: 0x800088b4 (0x1bc56d93) ori     s11, a0, 444
core   0: 3 0x800088b4 (0x1bc56d93) x27 0x4e2469bc
core   0: 0x800088b8 (0x00d91333) sll     t1, s2, a3
core   0: 3 0x800088b8 (0x00d91333) x 6 0x00000010
core   0: 0x800088bc (0x000468b3) or      a7, s0, zero
core   0: 3 0x800088bc (0x000468b3) x17 0xfffffccd
core   0: 0x800088c0 (0x84a0c913) xori    s2, ra, -1974
core   0: 3 0x800088c0 (0x84a0c913) x18 0xffffff61
core   0: 0x800088c4 (0x60bf2193) slti    gp, t5, 1547
core   0: 3 0x800088c4 (0x60bf2193) x 3 0x00000001
core   0: 0x800088c8 (0x002f1033) sll     zero, t5, sp
core   0: 3 0x800088c8 (0x002f1033)
core   0: 0x800088cc (0x019a30b3) sltu    ra, s4, s9
core   0: 3 0x800088cc (0x019a30b3) x 1 0x00000000
core   0: 0x800088d0 (0x40920c33) sub     s8, tp, s1
core   0: 3 0x800088d0 (0x40920c33) x24 0x00000008
core   0: 0x800088d4 (0x01b280b3) add     ra, t0, s11
core   0: 3 0x800088d4 (0x01b280b3) x 1 0xce25c6a0
core   0: 0x800088d8 (0x00000013) nop
core   0: 3 0x800088d8 (0x00000013)
core   0: 0x800088dc (0x40c05f93) srai    t6, zero, 12
core   0: 3 0x800088dc (0x40c05f93) x31 0x00000000
core   0: 0x800088e0 (0xbf94bf37) lui     t5, 0xbf94b
core   0: 3 0x800088e0 (0xbf94bf37) x30 0xbf94b000
core   0: 0x800088e4 (0x8afbbd13) sltiu   s10, s7, -1873
core   0: 3 0x800088e4 (0x8afbbd13) x26 0x00000001
core   0: 0x800088e8 (0x0179c7b3) xor     a5, s3, s7
core   0: 3 0x800088e8 (0x0179c7b3) x15 0x00000000
core   0: 0x800088ec (0x31a10f13) addi    t5, sp, 794
core   0: 3 0x800088ec (0x31a10f13) x30 0x8001211e
core   0: 0x800088f0 (0x019d3133) sltu    sp, s10, s9
core   0: 3 0x800088f0 (0x019d3133) x 2 0x00000000
core   0: 0x800088f4 (0x0179fcb3) and     s9, s3, s7
core   0: 3 0x800088f4 (0x0179fcb3) x25 0x00000000
core   0: 0x800088f8 (0x409cdeb3) sra     t4, s9, s1
core   0: 3 0x800088f8 (0x409cdeb3) x29 0x00000000
core   0: 0x800088fc (0x959b4593) xori    a1, s6, -1703
core   0: 3 0x800088fc (0x959b4593) x11 0xfffffb58
core   0: 0x80008900 (0x01548f33) add     t5, s1, s5
core   0: 3 0x80008900 (0x01548f33) x30 0x71200a0f
core   0: 0x80008904 (0x003b9893) slli    a7, s7, 3
core   0: 3 0x80008904 (0x003b9893) x17 0x00000000
core   0: 0x80008908 (0x2797bd13) sltiu   s10, a5, 633
core   0: 3 0x80008908 (0x2797bd13) x26 0x00000001
core   0: 0x8000890c (0x00a5d513) srli    a0, a1, 10
core   0: 3 0x8000890c (0x00a5d513) x10 0x003ffffe
core   0: 0x80008910 (0x01eaa233) slt     tp, s5, t5
core   0: 3 0x80008910 (0x01eaa233) x 4 0x00000000
core   0: 0x80008914 (0x01c4c633) xor     a2, s1, t3
core   0: 3 0x80008914 (0x01c4c633) x12 0x00000000
core   0: 0x80008918 (0x013be633) or      a2, s7, s3
core   0: 3 0x80008918 (0x013be633) x12 0x00000000
core   0: 0x8000891c (0x00cc7a33) and     s4, s8, a2
core   0: 3 0x8000891c (0x00cc7a33) x20 0x00000000
core   0: 0x80008920 (0x00b2e9b3) or      s3, t0, a1
core   0: 3 0x80008920 (0x00b2e9b3) x19 0xfffffffc
core   0: 0x80008924 (0x41d0d993) srai    s3, ra, 29
core   0: 3 0x80008924 (0x41d0d993) x19 0xfffffffe
core   0: 0x80008928 (0x558e4093) xori    ra, t3, 1368
core   0: 3 0x80008928 (0x558e4093) x 1 0x00000558
core   0: 0x8000892c (0x960df193) andi    gp, s11, -1696
core   0: 3 0x8000892c (0x960df193) x 3 0x4e246920
core   0: 0x80008930 (0x01c6ad33) slt     s10, a3, t3
core   0: 3 0x80008930 (0x01c6ad33) x26 0x00000001
core   0: 0x80008934 (0x01969e33) sll     t3, a3, s9
core   0: 3 0x80008934 (0x01969e33) x28 0x80011e64
core   0: 0x80008938 (0x000e1c13) slli    s8, t3, 0
core   0: 3 0x80008938 (0x000e1c13) x24 0x80011e64
core   0: 0x8000893c (0x003c1713) slli    a4, s8, 3
core   0: 3 0x8000893c (0x003c1713) x14 0x0008f320
core   0: 0x80008940 (0x00000013) nop
core   0: 3 0x80008940 (0x00000013)
core   0: 0x80008944 (0x40515a33) sra     s4, sp, t0
core   0: 3 0x80008944 (0x40515a33) x20 0x00000000
core   0: 0x80008948 (0x419a8033) sub     zero, s5, s9
core   0: 3 0x80008948 (0x419a8033)
core   0: 0x8000894c (0xf4a9a093) slti    ra, s3, -182
core   0: 3 0x8000894c (0xf4a9a093) x 1 0x00000000
core   0: 0x80008950 (0x92aa9bb7) lui     s7, 0x92aa9
core   0: 3 0x80008950 (0x92aa9bb7) x23 0x92aa9000
core   0: 0x80008954 (0x40138d33) sub     s10, t2, ra
core   0: 3 0x80008954 (0x40138d33) x26 0x80011e64
core   0: 0x80008958 (0xed8ce793) ori     a5, s9, -296
core   0: 3 0x80008958 (0xed8ce793) x15 0xfffffed8
core   0: 0x8000895c (0x01cf21b3) slt     gp, t5, t3
core   0: 3 0x8000895c (0x01cf21b3) x 3 0x00000000
core   0: 0x80008960 (0x006177b3) and     a5, sp, t1
core   0: 3 0x80008960 (0x006177b3) x15 0x00000000
core   0: 0x80008964 (0xd8e5fb13) andi    s6, a1, -626
core   0: 3 0x80008964 (0xd8e5fb13) x22 0xfffff908
core   0: 0x80008968 (0xe3ff4b13) xori    s6, t5, -449
core   0: 3 0x80008968 (0xe3ff4b13) x22 0x8edff430
core   0: 0x8000896c (0x00000013) nop
core   0: 3 0x8000896c (0x00000013)
core   0: 0x80008970 (0x2db88a13) addi    s4, a7, 731
core   0: 3 0x80008970 (0x2db88a13) x20 0x000002db
core   0: 0x80008974 (0x5db17593) andi    a1, sp, 1499
core   0: 3 0x80008974 (0x5db17593) x11 0x00000000
core   0: 0x80008978 (0x40285133) sra     sp, a6, sp
core   0: 3 0x80008978 (0x40285133) x 2 0xfa4450b4
core   0: 0x8000897c (0x407c86b3) sub     a3, s9, t2
core   0: 3 0x8000897c (0x407c86b3) x13 0x7ffee19c
core   0: 0x80008980 (0x00ff5c33) srl     s8, t5, a5
core   0: 3 0x80008980 (0x00ff5c33) x24 0x71200a0f
core   0: 0x80008984 (0x00000013) nop
core   0: 3 0x80008984 (0x00000013)
core   0: 0x80008988 (0x40105c13) srai    s8, zero, 1
core   0: 3 0x80008988 (0x40105c13) x24 0x00000000
core   0: 0x8000898c (0x00d65c33) srl     s8, a2, a3
core   0: 3 0x8000898c (0x00d65c33) x24 0x00000000
core   0: 0x80008990 (0x41d0a213) slti    tp, ra, 1053
core   0: 3 0x80008990 (0x41d0a213) x 4 0x00000001
core   0: 0x80008994 (0x012dddb3) srl     s11, s11, s2
core   0: 3 0x80008994 (0x012dddb3) x27 0x271234de
core   0: 0x80008998 (0x011c7d33) and     s10, s8, a7
core   0: 3 0x80008998 (0x011c7d33) x26 0x00000000
core   0: 0x8000899c (0x0039da93) srli    s5, s3, 3
core   0: 3 0x8000899c (0x0039da93) x21 0x1fffffff
core   0: 0x800089a0 (0x0159b1b3) sltu    gp, s3, s5
core   0: 3 0x800089a0 (0x0159b1b3) x 3 0x00000000
core   0: 0x800089a4 (0x00a386b3) add     a3, t2, a0
core   0: 3 0x800089a4 (0x00a386b3) x13 0x80411e62
core   0: 0x800089a8 (0x0128d1b3) srl     gp, a7, s2
core   0: 3 0x800089a8 (0x0128d1b3) x 3 0x00000000
core   0: 0x800089ac (0x006ed593) srli    a1, t4, 6
core   0: 3 0x800089ac (0x006ed593) x11 0x00000000
core   0: 0x800089b0 (0xbddeec13) ori     s8, t4, -1059
core   0: 3 0x800089b0 (0xbddeec13) x24 0xfffffbdd
core   0: 0x800089b4 (0x7c27e593) ori     a1, a5, 1986
core   0: 3 0x800089b4 (0x7c27e593) x11 0x000007c2
core   0: 0x800089b8 (0x2a02cc93) xori    s9, t0, 672
core   0: 3 0x800089b8 (0x2a02cc93) x25 0x80015e44
core   0: 0x800089bc (0x0041ebb3) or      s7, gp, tp
core   0: 3 0x800089bc (0x0041ebb3) x23 0x00000001
core   0: 0x800089c0 (0x00000013) nop
core   0: 3 0x800089c0 (0x00000013)
core   0: 0x800089c4 (0xdc4eec93) ori     s9, t4, -572
core   0: 3 0x800089c4 (0xdc4eec93) x25 0xfffffdc4
core   0: 0x800089c8 (0x40088ab3) sub     s5, a7, zero
core   0: 3 0x800089c8 (0x40088ab3) x21 0x00000000
core   0: 0x800089cc (0x0114bbb3) sltu    s7, s1, a7
core   0: 3 0x800089cc (0x0114bbb3) x23 0x00000000
core   0: 0x800089d0 (0x00fca533) slt     a0, s9, a5
core   0: 3 0x800089d0 (0x00fca533) x10 0x00000001
core   0: 0x800089d4 (0x405ac013) xori    zero, s5, 1029
core   0: 3 0x800089d4 (0x405ac013)
core   0: 0x800089d8 (0x00d45d33) srl     s10, s0, a3
core   0: 3 0x800089d8 (0x00d45d33) x26 0x3fffff33
core   0: 0x800089dc (0x01ea7733) and     a4, s4, t5
core   0: 3 0x800089dc (0x01ea7733) x14 0x0000020b
core   0: 0x800089e0 (0x2a1a7193) andi    gp, s4, 673
core   0: 3 0x800089e0 (0x2a1a7193) x 3 0x00000281
core   0: 0x800089e4 (0x00000013) nop
core   0: 3 0x800089e4 (0x00000013)
core   0: 0x800089e8 (0x00000013) nop
core   0: 3 0x800089e8 (0x00000013)
core   0: 0x800089ec (0x003b9b13) slli    s6, s7, 3
core   0: 3 0x800089ec (0x003b9b13) x22 0x00000000
core   0: 0x800089f0 (0x41850433) sub     s0, a0, s8
core   0: 3 0x800089f0 (0x41850433) x 8 0x00000424
core   0: 0x800089f4 (0x00865a93) srli    s5, a2, 8
core   0: 3 0x800089f4 (0x00865a93) x21 0x00000000
core   0: 0x800089f8 (0x007d5193) srli    gp, s10, 7
core   0: 3 0x800089f8 (0x007d5193) x 3 0x007ffffe
core   0: 0x800089fc (0x019dd333) srl     t1, s11, s9
core   0: 3 0x800089fc (0x019dd333) x 6 0x0271234d
core   0: 0x80008a00 (0x84c4f893) andi    a7, s1, -1972
core   0: 3 0x80008a00 (0x84c4f893) x17 0x00000000
core   0: 0x80008a04 (0xc67ce793) ori     a5, s9, -921
core   0: 3 0x80008a04 (0xc67ce793) x15 0xfffffde7
core   0: 0x80008a08 (0x012bc033) xor     zero, s7, s2
core   0: 3 0x80008a08 (0x012bc033)
core   0: 0x80008a0c (0x00f0fdb3) and     s11, ra, a5
core   0: 3 0x80008a0c (0x00f0fdb3) x27 0x00000000
core   0: 0x80008a10 (0x404c5d13) srai    s10, s8, 4
core   0: 3 0x80008a10 (0x404c5d13) x26 0xffffffbd
core   0: 0x80008a14 (0xad86a613) slti    a2, a3, -1320
core   0: 3 0x80008a14 (0xad86a613) x12 0x00000001
core   0: 0x80008a18 (0x00da7633) and     a2, s4, a3
core   0: 3 0x80008a18 (0x00da7633) x12 0x00000242
core   0: 0x80008a1c (0x011d6433) or      s0, s10, a7
core   0: 3 0x80008a1c (0x011d6433) x 8 0xffffffbd
core   0: 0x80008a20 (0x00000013) nop
core   0: 3 0x80008a20 (0x00000013)
core   0: 0x80008a24 (0x41508133) sub     sp, ra, s5
core   0: 3 0x80008a24 (0x41508133) x 2 0x00000000
core   0: 0x80008a28 (0x00b35f93) srli    t6, t1, 11
core   0: 3 0x80008a28 (0x00b35f93) x31 0x00004e24
core   0: 0x80008a2c (0x38a9d8b7) lui     a7, 0x38a9d
core   0: 3 0x80008a2c (0x38a9d8b7) x17 0x38a9d000
core   0: 0x80008a30 (0x010bfeb3) and     t4, s7, a6
core   0: 3 0x80008a30 (0x010bfeb3) x29 0x00000000
core   0: 0x80008a34 (0x671ce593) ori     a1, s9, 1649
core   0: 3 0x80008a34 (0x671ce593) x11 0xfffffff5
core   0: 0x80008a38 (0x00310133) add     sp, sp, gp
core   0: 3 0x80008a38 (0x00310133) x 2 0x007ffffe
core   0: 0x80008a3c (0x00b9cf33) xor     t5, s3, a1
core   0: 3 0x80008a3c (0x00b9cf33) x30 0x0000000b
core   0: 0x80008a40 (0x011d5793) srli    a5, s10, 17
core   0: 3 0x80008a40 (0x011d5793) x15 0x00007fff
core   0: 0x80008a44 (0xd553f893) andi    a7, t2, -683
core   0: 3 0x80008a44 (0xd553f893) x17 0x80011c44
core   0: 0x80008a48 (0x009d5533) srl     a0, s10, s1
core   0: 3 0x80008a48 (0x009d5533) x10 0xffffffbd
core   0: 0x80008a4c (0x019f01b3) add     gp, t5, s9
core   0: 3 0x80008a4c (0x019f01b3) x 3 0xfffffdcf
core   0: 0x80008a50 (0x01398233) add     tp, s3, s3
core   0: 3 0x80008a50 (0x01398233) x 4 0xfffffffc
core   0: 0x80008a54 (0x0a500a13) li      s4, 165
core   0: 3 0x80008a54 (0x0a500a13) x20 0x000000a5
core   0: 0x80008a58 (0x0166dd33) srl     s10, a3, s6
core   0: 3 0x80008a58 (0x0166dd33) x26 0x80411e62
core   0: 0x80008a5c (0xd691e693) ori     a3, gp, -663
core   0: 3 0x80008a5c (0xd691e693) x13 0xfffffdef
core   0: 0x80008a60 (0x0138e7b3) or      a5, a7, s3
core   0: 3 0x80008a60 (0x0138e7b3) x15 0xfffffffe
core   0: 0x80008a64 (0x40a75e33) sra     t3, a4, a0
core   0: 3 0x80008a64 (0x40a75e33) x28 0x00000000
core   0: 0x80008a68 (0x419bd333) sra     t1, s7, s9
core   0: 3 0x80008a68 (0x419bd333) x 6 0x00000000
core   0: 0x80008a6c (0x15314113) xori    sp, sp, 339
core   0: 3 0x80008a6c (0x15314113) x 2 0x007ffead
core   0: 0x80008a70 (0xd835c793) xori    a5, a1, -637
core   0: 3 0x80008a70 (0xd835c793) x15 0x00000276
core   0: 0x80008a74 (0x0026ed33) or      s10, a3, sp
core   0: 3 0x80008a74 (0x0026ed33) x26 0xffffffef
core   0: 0x80008a78 (0x011284b3) add     s1, t0, a7
core   0: 3 0x80008a78 (0x011284b3) x 9 0x00027928
core   0: 0x80008a7c (0xdee33793) sltiu   a5, t1, -530
core   0: 3 0x80008a7c (0xdee33793) x15 0x00000001
core   0: 0x80008a80 (0x8897a113) slti    sp, a5, -1911
core   0: 3 0x80008a80 (0x8897a113) x 2 0x00000000
core   0: 0x80008a84 (0x40415933) sra     s2, sp, tp
core   0: 3 0x80008a84 (0x40415933) x18 0x00000000
core   0: 0x80008a88 (0x3cc00f93) li      t6, 972
core   0: 3 0x80008a88 (0x3cc00f93) x31 0x000003cc
core   0: 0x80008a8c (0x001480b3) add     ra, s1, ra
core   0: 3 0x80008a8c (0x001480b3) x 1 0x00027928
core   0: 0x80008a90 (0x00dba233) slt     tp, s7, a3
core   0: 3 0x80008a90 (0x00dba233) x 4 0x00000000
core   0: 0x80008a94 (0x408700b3) sub     ra, a4, s0
core   0: 3 0x80008a94 (0x408700b3) x 1 0x0000024e
core   0: 0x80008a98 (0x0fe6b113) sltiu   sp, a3, 254
core   0: 3 0x80008a98 (0x0fe6b113) x 2 0x00000000
core   0: 0x80008a9c (0x419e5933) sra     s2, t3, s9
core   0: 3 0x80008a9c (0x419e5933) x18 0x00000000
core   0: 0x80008aa0 (0x010bd433) srl     s0, s7, a6
core   0: 3 0x80008aa0 (0x010bd433) x 8 0x00000000
core   0: 0x80008aa4 (0x94298893) addi    a7, s3, -1726
core   0: 3 0x80008aa4 (0x94298893) x17 0xfffff940
core   0: 0x80008aa8 (0x67c3f893) andi    a7, t2, 1660
core   0: 3 0x80008aa8 (0x67c3f893) x17 0x00000664
core   0: 0x80008aac (0xf6adc937) lui     s2, 0xf6adc
core   0: 3 0x80008aac (0xf6adc937) x18 0xf6adc000
core   0: 0x80008ab0 (0x4c890913) addi    s2, s2, 1224
core   0: 3 0x80008ab0 (0x4c890913) x18 0xf6adc4c8
core   0: 0x80008ab4 (0xbd1dc1b7) lui     gp, 0xbd1dc
core   0: 3 0x80008ab4 (0xbd1dc1b7) x 3 0xbd1dc000
core   0: 0x80008ab8 (0xf0018193) addi    gp, gp, -256
core   0: 3 0x80008ab8 (0xf0018193) x 3 0xbd1dbf00
core   0: 0x80008abc (0x80000e37) lui     t3, 0x80000
core   0: 3 0x80008abc (0x80000e37) x28 0x80000000
core   0: 0x80008ac0 (0xc4a38637) lui     a2, 0xc4a38
core   0: 3 0x80008ac0 (0xc4a38637) x12 0xc4a38000
core   0: 0x80008ac4 (0x58060613) addi    a2, a2, 1408
core   0: 3 0x80008ac4 (0x58060613) x12 0xc4a38580
core   0: 0x80008ac8 (0x80000ab7) lui     s5, 0x80000
core   0: 3 0x80008ac8 (0x80000ab7) x21 0x80000000
core   0: 0x80008acc (0x00000693) li      a3, 0
core   0: 3 0x80008acc (0x00000693) x13 0x00000000
core   0: 0x80008ad0 (0x7f70f5b7) lui     a1, 0x7f70f
core   0: 3 0x80008ad0 (0x7f70f5b7) x11 0x7f70f000
core   0: 0x80008ad4 (0x65d58593) addi    a1, a1, 1629
core   0: 3 0x80008ad4 (0x65d58593) x11 0x7f70f65d
core   0: 0x80008ad8 (0x80000bb7) lui     s7, 0x80000
core   0: 3 0x80008ad8 (0x80000bb7) x23 0x80000000
core   0: 0x80008adc (0x80000437) lui     s0, 0x80000
core   0: 3 0x80008adc (0x80000437) x 8 0x80000000
core   0: 0x80008ae0 (0xfff00b13) li      s6, -1
core   0: 3 0x80008ae0 (0xfff00b13) x22 0xffffffff
core   0: 0x80008ae4 (0x00000013) nop
core   0: 3 0x80008ae4 (0x00000013)
core   0: 0x80008ae8 (0x3938be17) auipc   t3, 0x3938b
core   0: 3 0x80008ae8 (0x3938be17) x28 0xb9393ae8
core   0: 0x80008aec (0x40bb8433) sub     s0, s7, a1
core   0: 3 0x80008aec (0x40bb8433) x 8 0x008f09a3
core   0: 0x80008af0 (0x40b58ab3) sub     s5, a1, a1
core   0: 3 0x80008af0 (0x40b58ab3) x21 0x00000000
core   0: 0x80008af4 (0x01718b33) add     s6, gp, s7
core   0: 3 0x80008af4 (0x01718b33) x22 0x3d1dbf00
core   0: 0x80008af8 (0x417405b3) sub     a1, s0, s7
core   0: 3 0x80008af8 (0x417405b3) x11 0x808f09a3
core   0: 0x80008afc (0x00000013) nop
core   0: 3 0x80008afc (0x00000013)
core   0: 0x80008b00 (0x81416597) auipc   a1, 0x81416
core   0: 3 0x80008b00 (0x81416597) x11 0x0141eb00
core   0: 0x80008b04 (0x0c760b93) addi    s7, a2, 199
core   0: 3 0x80008b04 (0x0c760b93) x23 0xc4a38647
core   0: 0x80008b08 (0x416e06b3) sub     a3, t3, s6
core   0: 3 0x80008b08 (0x416e06b3) x13 0x7c1b7be8
core   0: 0x80008b0c (0x981b0913) addi    s2, s6, -1663
core   0: 3 0x80008b0c (0x981b0913) x18 0x3d1db881
core   0: 0x80008b10 (0x41758433) sub     s0, a1, s7
core   0: 3 0x80008b10 (0x41758433) x 8 0x3c9e64b9
core   0: 0x80008b14 (0x7feb25b7) lui     a1, 0x7feb2
core   0: 3 0x80008b14 (0x7feb25b7) x11 0x7feb2000
core   0: 0x80008b18 (0x417a8ab3) sub     s5, s5, s7
core   0: 3 0x80008b18 (0x417a8ab3) x21 0x3b5c79b9
core   0: 0x80008b1c (0x20e33e17) auipc   t3, 0x20e33
core   0: 3 0x80008b1c (0x20e33e17) x28 0xa0e3bb1c
core   0: 0x80008b20 (0x00000013) nop
core   0: 3 0x80008b20 (0x00000013)
core   0: 0x80008b24 (0x00017f33) and     t5, sp, zero
core   0: 3 0x80008b24 (0x00017f33) x30 0x00000000
core   0: 0x80008b28 (0x8cd640b7) lui     ra, 0x8cd64
core   0: 3 0x80008b28 (0x8cd640b7) x 1 0x8cd64000
core   0: 0x80008b2c (0x416401b3) sub     gp, s0, s6
core   0: 3 0x80008b2c (0x416401b3) x 3 0xff80a5b9
core   0: 0x80008b30 (0xb1733f93) sltiu   t6, t1, -1257
core   0: 3 0x80008b30 (0xb1733f93) x31 0x00000001
core   0: 0x80008b34 (0xe9a8bb13) sltiu   s6, a7, -358
core   0: 3 0x80008b34 (0xe9a8bb13) x22 0x00000001
core   0: 0x80008b38 (0x4020de13) srai    t3, ra, 2
core   0: 3 0x80008b38 (0x4020de13) x28 0xe3359000
core   0: 0x80008b3c (0x01a1ba33) sltu    s4, gp, s10
core   0: 3 0x80008b3c (0x01a1ba33) x20 0x00000001
core   0: 0x80008b40 (0x00000013) nop
core   0: 3 0x80008b40 (0x00000013)
core   0: 0x80008b44 (0x20197613) andi    a2, s2, 513
core   0: 3 0x80008b44 (0x20197613) x12 0x00000001
core   0: 0x80008b48 (0x01f068b3) or      a7, zero, t6
core   0: 3 0x80008b48 (0x01f068b3) x17 0x00000001
core   0: 0x80008b4c (0xfea6c013) xori    zero, a3, -22
core   0: 3 0x80008b4c (0xfea6c013)
core   0: 0x80008b50 (0x00000013) nop
core   0: 3 0x80008b50 (0x00000013)
core   0: 0x80008b54 (0x8e43a513) slti    a0, t2, -1820
core   0: 3 0x80008b54 (0x8e43a513) x10 0x00000001
core   0: 0x80008b58 (0x009e9f13) slli    t5, t4, 9
core   0: 3 0x80008b58 (0x009e9f13) x30 0x00000000
core   0: 0x80008b5c (0xa9073993) sltiu   s3, a4, -1392
core   0: 3 0x80008b5c (0xa9073993) x19 0x00000001
core   0: 0x80008b60 (0x00000013) nop
core   0: 3 0x80008b60 (0x00000013)
core   0: 0x80008b64 (0x5735a713) slti    a4, a1, 1395
core   0: 3 0x80008b64 (0x5735a713) x14 0x00000000
core   0: 0x80008b68 (0xd7f38b13) addi    s6, t2, -641
core   0: 3 0x80008b68 (0xd7f38b13) x22 0x80011be3
core   0: 0x80008b6c (0x071fbb93) sltiu   s7, t6, 113
core   0: 3 0x80008b6c (0x071fbb93) x23 0x00000001
core   0: 0x80008b70 (0x41d706b3) sub     a3, a4, t4
core   0: 3 0x80008b70 (0x41d706b3) x13 0x00000000
core   0: 0x80008b74 (0x01fdf633) and     a2, s11, t6
core   0: 3 0x80008b74 (0x01fdf633) x12 0x00000000
core   0: 0x80008b78 (0x401ad1b3) sra     gp, s5, ra
core   0: 3 0x80008b78 (0x401ad1b3) x 3 0x3b5c79b9
core   0: 0x80008b7c (0x01241693) slli    a3, s0, 18
core   0: 3 0x80008b7c (0x01241693) x13 0x92e40000
core   0: 0x80008b80 (0x5aaaee13) ori     t3, s5, 1450
core   0: 3 0x80008b80 (0x5aaaee13) x28 0x3b5c7dbb
core   0: 0x80008b84 (0x01609513) slli    a0, ra, 22
core   0: 3 0x80008b84 (0x01609513) x10 0x00000000
core   0: 0x80008b88 (0x00000013) nop
core   0: 3 0x80008b88 (0x00000013)
core   0: 0x80008b8c (0x009f5c13) srli    s8, t5, 9
core   0: 3 0x80008b8c (0x009f5c13) x24 0x00000000
core   0: 0x80008b90 (0x011b55b3) srl     a1, s6, a7
core   0: 3 0x80008b90 (0x011b55b3) x11 0x40008df1
core   0: 0x80008b94 (0x0193f9b3) and     s3, t2, s9
core   0: 3 0x80008b94 (0x0193f9b3) x19 0x80011c44
core   0: 0x80008b98 (0x00db4bb3) xor     s7, s6, a3
core   0: 3 0x80008b98 (0x00db4bb3) x23 0x12e51be3
core   0: 0x80008b9c (0xf8e16713) ori     a4, sp, -114
core   0: 3 0x80008b9c (0xf8e16713) x14 0xffffff8e
core   0: 0x80008ba0 (0x00c76333) or      t1, a4, a2
core   0: 3 0x80008ba0 (0x00c76333) x 6 0xffffff8e
core   0: 0x80008ba4 (0x8b2f3213) sltiu   tp, t5, -1870
core   0: 3 0x80008ba4 (0x8b2f3213) x 4 0x00000001
core   0: 0x80008ba8 (0x4066d4b3) sra     s1, a3, t1
core   0: 3 0x80008ba8 (0x4066d4b3) x 9 0xfffe4b90
core   0: 0x80008bac (0xf4c6a713) slti    a4, a3, -180
core   0: 3 0x80008bac (0xf4c6a713) x14 0x00000001
core   0: 0x80008bb0 (0xf31fe213) ori     tp, t6, -207
core   0: 3 0x80008bb0 (0xf31fe213) x 4 0xffffff31
core   0: 0x80008bb4 (0x57fe8d93) addi    s11, t4, 1407
core   0: 3 0x80008bb4 (0x57fe8d93) x27 0x0000057f
core   0: 0x80008bb8 (0xefc7e237) lui     tp, 0xefc7e
core   0: 3 0x80008bb8 (0xefc7e237) x 4 0xefc7e000
core   0: 0x80008bbc (0xfe7e2d13) slti    s10, t3, -25
core   0: 3 0x80008bbc (0xfe7e2d13) x26 0x00000000
core   0: 0x80008bc0 (0x01a95c13) srli    s8, s2, 26
core   0: 3 0x80008bc0 (0x01a95c13) x24 0x0000000f
core   0: 0x80008bc4 (0x0e187a93) andi    s5, a6, 225
core   0: 3 0x80008bc4 (0x0e187a93) x21 0x000000a0
core   0: 0x80008bc8 (0x9bbaf613) andi    a2, s5, -1605
core   0: 3 0x80008bc8 (0x9bbaf613) x12 0x000000a0
core   0: 0x80008bcc (0x01d8f333) and     t1, a7, t4
core   0: 3 0x80008bcc (0x01d8f333) x 6 0x00000000
core   0: 0x80008bd0 (0x01311093) slli    ra, sp, 19
core   0: 3 0x80008bd0 (0x01311093) x 1 0x00000000
core   0: 0x80008bd4 (0x00c8f233) and     tp, a7, a2
core   0: 3 0x80008bd4 (0x00c8f233) x 4 0x00000000
core   0: 0x80008bd8 (0xcb024a13) xori    s4, tp, -848
core   0: 3 0x80008bd8 (0xcb024a13) x20 0xfffffcb0
core   0: 0x80008bdc (0xc05bb913) sltiu   s2, s7, -1019
core   0: 3 0x80008bdc (0xc05bb913) x18 0x00000001
core   0: 0x80008be0 (0x416d04b3) sub     s1, s10, s6
core   0: 3 0x80008be0 (0x416d04b3) x 9 0x7ffee41d
core   0: 0x80008be4 (0x48ce4d17) auipc   s10, 0x48ce4
core   0: 3 0x80008be4 (0x48ce4d17) x26 0xc8cecbe4
core   0: 0x80008be8 (0x0084acb3) slt     s9, s1, s0
core   0: 3 0x80008be8 (0x0084acb3) x25 0x00000000
core   0: 0x80008bec (0xd9b7b497) auipc   s1, 0xd9b7b
core   0: 3 0x80008bec (0xd9b7b497) x 9 0x59b83bec
core   0: 0x80008bf0 (0x01579013) slli    zero, a5, 21
core   0: 3 0x80008bf0 (0x01579013)
core   0: 0x80008bf4 (0x766f0313) addi    t1, t5, 1894
core   0: 3 0x80008bf4 (0x766f0313) x 6 0x00000766
core   0: 0x80008bf8 (0x41bad013) srai    zero, s5, 27
core   0: 3 0x80008bf8 (0x41bad013)
core   0: 0x80008bfc (0x00000013) nop
core   0: 3 0x80008bfc (0x00000013)
core   0: 0x80008c00 (0xd7976c13) ori     s8, a4, -647
core   0: 3 0x80008c00 (0xd7976c13) x24 0xfffffd79
core   0: 0x80008c04 (0x015338b3) sltu    a7, t1, s5
core   0: 3 0x80008c04 (0x015338b3) x17 0x00000000
core   0: 0x80008c08 (0x016fc533) xor     a0, t6, s6
core   0: 3 0x80008c08 (0x016fc533) x10 0x80011be2
core   0: 0x80008c0c (0x01756d93) ori     s11, a0, 23
core   0: 3 0x80008c0c (0x01756d93) x27 0x80011bf7
core   0: 0x80008c10 (0x01b5ab33) slt     s6, a1, s11
core   0: 3 0x80008c10 (0x01b5ab33) x22 0x00000000
core   0: 0x80008c14 (0x407c5193) srai    gp, s8, 7
core   0: 3 0x80008c14 (0x407c5193) x 3 0xfffffffa
core   0: 0x80008c18 (0x0126ac33) slt     s8, a3, s2
core   0: 3 0x80008c18 (0x0126ac33) x24 0x00000001
core   0: 0x80008c1c (0x01a43533) sltu    a0, s0, s10
core   0: 3 0x80008c1c (0x01a43533) x10 0x00000001
core   0: 0x80008c20 (0x00735d33) srl     s10, t1, t2
core   0: 3 0x80008c20 (0x00735d33) x26 0x00000076
core   0: 0x80008c24 (0x3e8eb013) sltiu   zero, t4, 1000
core   0: 3 0x80008c24 (0x3e8eb013)
core   0: 0x80008c28 (0x415ad693) srai    a3, s5, 21
core   0: 3 0x80008c28 (0x415ad693) x13 0x00000000
core   0: 0x80008c2c (0x40835e93) srai    t4, t1, 8
core   0: 3 0x80008c2c (0x40835e93) x29 0x00000007
core   0: 0x80008c30 (0x00eff933) and     s2, t6, a4
core   0: 3 0x80008c30 (0x00eff933) x18 0x00000001
core   0: 0x80008c34 (0x01ca84b3) add     s1, s5, t3
core   0: 3 0x80008c34 (0x01ca84b3) x 9 0x3b5c7e5b
core   0: 0x80008c38 (0x4cab2113) slti    sp, s6, 1226
core   0: 3 0x80008c38 (0x4cab2113) x 2 0x00000001
core   0: 0x80008c3c (0x00000013) nop
core   0: 3 0x80008c3c (0x00000013)
core   0: 0x80008c40 (0x40845d13) srai    s10, s0, 8
core   0: 3 0x80008c40 (0x40845d13) x26 0x003c9e64
core   0: 0x80008c44 (0x6c387993) andi    s3, a6, 1731
core   0: 3 0x80008c44 (0x6c387993) x19 0x00000080
core   0: 0x80008c48 (0x00796bb3) or      s7, s2, t2
core   0: 3 0x80008c48 (0x00796bb3) x23 0x80011e65
core   0: 0x80008c4c (0xead93e13) sltiu   t3, s2, -339
core   0: 3 0x80008c4c (0xead93e13) x28 0x00000001
core   0: 0x80008c50 (0x1212ea93) ori     s5, t0, 289
core   0: 3 0x80008c50 (0x1212ea93) x21 0x80015de5
core   0: 0x80008c54 (0x99f7ec17) auipc   s8, 0x99f7e
core   0: 3 0x80008c54 (0x99f7ec17) x24 0x19f86c54
core   0: 0x80008c58 (0x4eefc613) xori    a2, t6, 1262
core   0: 3 0x80008c58 (0x4eefc613) x12 0x000004ef
core   0: 0x80008c5c (0x011ff133) and     sp, t6, a7
core   0: 3 0x80008c5c (0x011ff133) x 2 0x00000000
core   0: 0x80008c60 (0x260e0313) addi    t1, t3, 608
core   0: 3 0x80008c60 (0x260e0313) x 6 0x00000261
core   0: 0x80008c64 (0xfa5ee713) ori     a4, t4, -91
core   0: 3 0x80008c64 (0xfa5ee713) x14 0xffffffa7
core   0: 0x80008c68 (0xd8adfb13) andi    s6, s11, -630
core   0: 3 0x80008c68 (0xd8adfb13) x22 0x80011982
core   0: 0x80008c6c (0x22804697) auipc   a3, 0x22804
core   0: 3 0x80008c6c (0x22804697) x13 0xa280cc6c
core   0: 0x80008c70 (0x41fc5e13) srai    t3, s8, 31
core   0: 3 0x80008c70 (0x41fc5e13) x28 0x00000000
core   0: 0x80008c74 (0x41685cb3) sra     s9, a6, s6
core   0: 3 0x80008c74 (0x41685cb3) x25 0xfe91142d
core   0: 0x80008c78 (0x00351fb3) sll     t6, a0, gp
core   0: 3 0x80008c78 (0x00351fb3) x31 0x04000000
core   0: 0x80008c7c (0x00aa5313) srli    t1, s4, 10
core   0: 3 0x80008c7c (0x00aa5313) x 6 0x003fffff
core   0: 0x80008c80 (0xadc42cb7) lui     s9, 0xadc42
core   0: 3 0x80008c80 (0xadc42cb7) x25 0xadc42000
core   0: 0x80008c84 (0x001c3ab3) sltu    s5, s8, ra
core   0: 3 0x80008c84 (0x001c3ab3) x21 0x00000000
core   0: 0x80008c88 (0x012587b3) add     a5, a1, s2
core   0: 3 0x80008c88 (0x012587b3) x15 0x40008df2
core   0: 0x80008c8c (0x4028d093) srai    ra, a7, 2
core   0: 3 0x80008c8c (0x4028d093) x 1 0x00000000
core   0: 0x80008c90 (0x01ef17b3) sll     a5, t5, t5
core   0: 3 0x80008c90 (0x01ef17b3) x15 0x00000000
core   0: 0x80008c94 (0x004e4db3) xor     s11, t3, tp
core   0: 3 0x80008c94 (0x004e4db3) x27 0x00000000
core   0: 0x80008c98 (0x018b20b3) slt     ra, s6, s8
core   0: 3 0x80008c98 (0x018b20b3) x 1 0x00000001
core   0: 0x80008c9c (0x018984b3) add     s1, s3, s8
core   0: 3 0x80008c9c (0x018984b3) x 9 0x19f86cd4
core   0: 0x80008ca0 (0x7da386b7) lui     a3, 0x7da38
core   0: 3 0x80008ca0 (0x7da386b7) x13 0x7da38000
core   0: 0x80008ca4 (0x016e1e93) slli    t4, t3, 22
core   0: 3 0x80008ca4 (0x016e1e93) x29 0x00000000
core   0: 0x80008ca8 (0x003aedb3) or      s11, s5, gp
core   0: 3 0x80008ca8 (0x003aedb3) x27 0xfffffffa
core   0: 0x80008cac (0x41e6da13) srai    s4, a3, 30
core   0: 3 0x80008cac (0x41e6da13) x20 0x00000001
core   0: 0x80008cb0 (0x0198de93) srli    t4, a7, 25
core   0: 3 0x80008cb0 (0x0198de93) x29 0x00000000
core   0: 0x80008cb4 (0x27284193) xori    gp, a6, 626
core   0: 3 0x80008cb4 (0x27284193) x 3 0xfa4452c6
core   0: 0x80008cb8 (0x65226213) ori     tp, tp, 1618
core   0: 3 0x80008cb8 (0x65226213) x 4 0x00000652
core   0: 0x80008cbc (0x1fe32693) slti    a3, t1, 510
core   0: 3 0x80008cbc (0x1fe32693) x13 0x00000000
core   0: 0x80008cc0 (0x00134733) xor     a4, t1, ra
core   0: 3 0x80008cc0 (0x00134733) x14 0x003ffffe
core   0: 0x80008cc4 (0x40560eb3) sub     t4, a2, t0
core   0: 3 0x80008cc4 (0x40560eb3) x29 0x7ffea80b
core   0: 0x80008cc8 (0x00000013) nop
core   0: 3 0x80008cc8 (0x00000013)
core   0: 0x80008ccc (0xf624c013) xori    zero, s1, -158
core   0: 3 0x80008ccc (0xf624c013)
core   0: 0x80008cd0 (0x000cdf93) srli    t6, s9, 0
core   0: 3 0x80008cd0 (0x000cdf93) x31 0xadc42000
core   0: 0x80008cd4 (0x01ce9d93) slli    s11, t4, 28
core   0: 3 0x80008cd4 (0x01ce9d93) x27 0xb0000000
core   0: 0x80008cd8 (0xe9cf0593) addi    a1, t5, -356
core   0: 3 0x80008cd8 (0xe9cf0593) x11 0xfffffe9c
core   0: 0x80008cdc (0x20506b93) ori     s7, zero, 517
core   0: 3 0x80008cdc (0x20506b93) x23 0x00000205
core   0: 0x80008ce0 (0x3a40a493) slti    s1, ra, 932
core   0: 3 0x80008ce0 (0x3a40a493) x 9 0x00000001
core   0: 0x80008ce4 (0x00bbd193) srli    gp, s7, 11
core   0: 3 0x80008ce4 (0x00bbd193) x 3 0x00000000
core   0: 0x80008ce8 (0x62933717) auipc   a4, 0x62933
core   0: 3 0x80008ce8 (0x62933717) x14 0xe293bce8
core   0: 0x80008cec (0xe4ce3093) sltiu   ra, t3, -436
core   0: 3 0x80008cec (0xe4ce3093) x 1 0x00000001
core   0: 0x80008cf0 (0x41b48633) sub     a2, s1, s11
core   0: 3 0x80008cf0 (0x41b48633) x12 0x50000001
core   0: 0x80008cf4 (0x4080dfb3) sra     t6, ra, s0
core   0: 3 0x80008cf4 (0x4080dfb3) x31 0x00000000
core   0: 0x80008cf8 (0x770f2413) slti    s0, t5, 1904
core   0: 3 0x80008cf8 (0x770f2413) x 8 0x00000001
core   0: 0x80008cfc (0x45b06613) ori     a2, zero, 1115
core   0: 3 0x80008cfc (0x45b06613) x12 0x0000045b
core   0: 0x80008d00 (0x87e60913) addi    s2, a2, -1922
core   0: 3 0x80008d00 (0x87e60913) x18 0xfffffcd9
core   0: 0x80008d04 (0xa1b98f37) lui     t5, 0xa1b98
core   0: 3 0x80008d04 (0xa1b98f37) x30 0xa1b98000
core   0: 0x80008d08 (0x40f7d133) sra     sp, a5, a5
core   0: 3 0x80008d08 (0x40f7d133) x 2 0x00000000
core   0: 0x80008d0c (0x016e4bb3) xor     s7, t3, s6
core   0: 3 0x80008d0c (0x016e4bb3) x23 0x80011982
core   0: 0x80008d10 (0x01422e33) slt     t3, tp, s4
core   0: 3 0x80008d10 (0x01422e33) x28 0x00000000
core   0: 0x80008d14 (0x01baefb3) or      t6, s5, s11
core   0: 3 0x80008d14 (0x01baefb3) x31 0xb0000000
core   0: 0x80008d18 (0x01af6fb3) or      t6, t5, s10
core   0: 3 0x80008d18 (0x01af6fb3) x31 0xa1bd9e64
core   0: 0x80008d1c (0x26640b13) addi    s6, s0, 614
core   0: 3 0x80008d1c (0x26640b13) x22 0x00000267
core   0: 0x80008d20 (0x34ef0a13) addi    s4, t5, 846
core   0: 3 0x80008d20 (0x34ef0a13) x20 0xa1b9834e
core   0: 0x80008d24 (0xda448013) addi    zero, s1, -604
core   0: 3 0x80008d24 (0xda448013)
core   0: 0x80008d28 (0x2650e117) auipc   sp, 0x2650e
core   0: 3 0x80008d28 (0x2650e117) x 2 0xa6516d28
core   0: 0x80008d2c (0x414a59b3) sra     s3, s4, s4
core   0: 3 0x80008d2c (0x414a59b3) x19 0xfffe86e6
core   0: 0x80008d30 (0x4722e693) ori     a3, t0, 1138
core   0: 3 0x80008d30 (0x4722e693) x13 0x80015cf6
core   0: 0x80008d34 (0x8e098c93) addi    s9, s3, -1824
core   0: 3 0x80008d34 (0x8e098c93) x25 0xfffe7fc6
core   0: 0x80008d38 (0x008e5913) srli    s2, t3, 8
core   0: 3 0x80008d38 (0x008e5913) x18 0x00000000
core   0: 0x80008d3c (0xb8ddeb93) ori     s7, s11, -1139
core   0: 3 0x80008d3c (0xb8ddeb93) x23 0xfffffb8d
core   0: 0x80008d40 (0x00d7cf33) xor     t5, a5, a3
core   0: 3 0x80008d40 (0x00d7cf33) x30 0x80015cf6
core   0: 0x80008d44 (0x40725533) sra     a0, tp, t2
core   0: 3 0x80008d44 (0x40725533) x10 0x00000065
core   0: 0x80008d48 (0x47738f93) addi    t6, t2, 1143
core   0: 3 0x80008d48 (0x47738f93) x31 0x800122db
core   0: 0x80008d4c (0x01c2f5b3) and     a1, t0, t3
core   0: 3 0x80008d4c (0x01c2f5b3) x11 0x00000000
core   0: 0x80008d50 (0xa1336ab7) lui     s5, 0xa1336
core   0: 3 0x80008d50 (0xa1336ab7) x21 0xa1336000
core   0: 0x80008d54 (0x01a5df13) srli    t5, a1, 26
core   0: 3 0x80008d54 (0x01a5df13) x30 0x00000000
core   0: 0x80008d58 (0x00790433) add     s0, s2, t2
core   0: 3 0x80008d58 (0x00790433) x 8 0x80011e64
core   0: 0x80008d5c (0xe63dec93) ori     s9, s11, -413
core   0: 3 0x80008d5c (0xe63dec93) x25 0xfffffe63
core   0: 0x80008d60 (0xf301e193) ori     gp, gp, -208
core   0: 3 0x80008d60 (0xf301e193) x 3 0xffffff30
core   0: 0x80008d64 (0x009d5013) srli    zero, s10, 9
core   0: 3 0x80008d64 (0x009d5013)
core   0: 0x80008d68 (0x416bd413) srai    s0, s7, 22
core   0: 3 0x80008d68 (0x416bd413) x 8 0xffffffff
core   0: 0x80008d6c (0x32538217) auipc   tp, 0x32538
core   0: 3 0x80008d6c (0x32538217) x 4 0xb2540d6c
core   0: 0x80008d70 (0x4114df33) sra     t5, s1, a7
core   0: 3 0x80008d70 (0x4114df33) x30 0x00000001
core   0: 0x80008d74 (0x6dfc9e37) lui     t3, 0x6dfc9
core   0: 3 0x80008d74 (0x6dfc9e37) x28 0x6dfc9000
core   0: 0x80008d78 (0x00c59733) sll     a4, a1, a2
core   0: 3 0x80008d78 (0x00c59733) x14 0x00000000
core   0: 0x80008d7c (0x00b8deb3) srl     t4, a7, a1
core   0: 3 0x80008d7c (0x00b8deb3) x29 0x00000000
core   0: 0x80008d80 (0x008cdc33) srl     s8, s9, s0
core   0: 3 0x80008d80 (0x008cdc33) x24 0x00000001
core   0: 0x80008d84 (0xb531e793) ori     a5, gp, -1197
core   0: 3 0x80008d84 (0xb531e793) x15 0xffffff73
core   0: 0x80008d88 (0x01186d33) or      s10, a6, a7
core   0: 3 0x80008d88 (0x01186d33) x26 0xfa4450b4
core   0: 0x80008d8c (0x00000013) nop
core   0: 3 0x80008d8c (0x00000013)
core   0: 0x80008d90 (0x1f310593) addi    a1, sp, 499
core   0: 3 0x80008d90 (0x1f310593) x11 0xa6516f1b
core   0: 0x80008d94 (0x01089c93) slli    s9, a7, 16
core   0: 3 0x80008d94 (0x01089c93) x25 0x00000000
core   0: 0x80008d98 (0x01e74533) xor     a0, a4, t5
core   0: 3 0x80008d98 (0x01e74533) x10 0x00000001
core   0: 0x80008d9c (0x00000013) nop
core   0: 3 0x80008d9c (0x00000013)
core   0: 0x80008da0 (0x01471333) sll     t1, a4, s4
core   0: 3 0x80008da0 (0x01471333) x 6 0x00000000
core   0: 0x80008da4 (0x00dab033) sltu    zero, s5, a3
core   0: 3 0x80008da4 (0x00dab033)
core   0: 0x80008da8 (0x411f86b3) sub     a3, t6, a7
core   0: 3 0x80008da8 (0x411f86b3) x13 0x800122db
core   0: 0x80008dac (0x419f0fb3) sub     t6, t5, s9
core   0: 3 0x80008dac (0x419f0fb3) x31 0x00000001
core   0: 0x80008db0 (0x418fd693) srai    a3, t6, 24
core   0: 3 0x80008db0 (0x418fd693) x13 0x00000000
core   0: 0x80008db4 (0x9d29f593) andi    a1, s3, -1582
core   0: 3 0x80008db4 (0x9d29f593) x11 0xfffe80c2
core   0: 0x80008db8 (0x010e5b33) srl     s6, t3, a6
core   0: 3 0x80008db8 (0x010e5b33) x22 0x000006df
core   0: 0x80008dbc (0x165b0a13) addi    s4, s6, 357
core   0: 3 0x80008dbc (0x165b0a13) x20 0x00000844
core   0: 0x80008dc0 (0x00000013) nop
core   0: 3 0x80008dc0 (0x00000013)
core   0: 0x80008dc4 (0x00000013) nop
core   0: 3 0x80008dc4 (0x00000013)
core   0: 0x80008dc8 (0x00000013) nop
core   0: 3 0x80008dc8 (0x00000013)
core   0: 0x80008dcc (0x00d08233) add     tp, ra, a3
core   0: 3 0x80008dcc (0x00d08233) x 4 0x00000001
core   0: 0x80008dd0 (0x01f35b93) srli    s7, t1, 31
core   0: 3 0x80008dd0 (0x01f35b93) x23 0x00000000
core   0: 0x80008dd4 (0x00af86b3) add     a3, t6, a0
core   0: 3 0x80008dd4 (0x00af86b3) x13 0x00000002
core   0: 0x80008dd8 (0x01869b33) sll     s6, a3, s8
core   0: 3 0x80008dd8 (0x01869b33) x22 0x00000004
core   0: 0x80008ddc (0x28a039b7) lui     s3, 0x28a03
core   0: 3 0x80008ddc (0x28a039b7) x19 0x28a03000
core   0: 0x80008de0 (0x013140b3) xor     ra, sp, s3
core   0: 3 0x80008de0 (0x013140b3) x 1 0x8ef15d28
core   0: 0x80008de4 (0x009ff533) and     a0, t6, s1
core   0: 3 0x80008de4 (0x009ff533) x10 0x00000001
core   0: 0x80008de8 (0x016c8033) add     zero, s9, s6
core   0: 3 0x80008de8 (0x016c8033)
core   0: 0x80008dec (0x01f14133) xor     sp, sp, t6
core   0: 3 0x80008dec (0x01f14133) x 2 0xa6516d29
core   0: 0x80008df0 (0x01ca9f13) slli    t5, s5, 28
core   0: 3 0x80008df0 (0x01ca9f13) x30 0x00000000
core   0: 0x80008df4 (0x78144c13) xori    s8, s0, 1921
core   0: 3 0x80008df4 (0x78144c13) x24 0xfffff87e
core   0: 0x80008df8 (0x01cac0b3) xor     ra, s5, t3
core   0: 3 0x80008df8 (0x01cac0b3) x 1 0xcccff000
core   0: 0x80008dfc (0x01bb89b3) add     s3, s7, s11
core   0: 3 0x80008dfc (0x01bb89b3) x19 0xb0000000
core   0: 0x80008e00 (0x00053a33) sltu    s4, a0, zero
core   0: 3 0x80008e00 (0x00053a33) x20 0x00000000
core   0: 0x80008e04 (0xd0653d93) sltiu   s11, a0, -762
core   0: 3 0x80008e04 (0xd0653d93) x27 0x00000001
core   0: 0x80008e08 (0xdd640a93) addi    s5, s0, -554
core   0: 3 0x80008e08 (0xdd640a93) x21 0xfffffdd5
core   0: 0x80008e0c (0x48eb7d13) andi    s10, s6, 1166
core   0: 3 0x80008e0c (0x48eb7d13) x26 0x00000004
core   0: 0x80008e10 (0x1ab84713) xori    a4, a6, 427
core   0: 3 0x80008e10 (0x1ab84713) x14 0xfa44511f
core   0: 0x80008e14 (0x01835b13) srli    s6, t1, 24
core   0: 3 0x80008e14 (0x01835b13) x22 0x00000000
core   0: 0x80008e18 (0x01b29513) slli    a0, t0, 27
core   0: 3 0x80008e18 (0x01b29513) x10 0x20000000
core   0: 0x80008e1c (0x016ac333) xor     t1, s5, s6
core   0: 3 0x80008e1c (0x016ac333) x 6 0xfffffdd5
core   0: 0x80008e20 (0x41988233) sub     tp, a7, s9
core   0: 3 0x80008e20 (0x41988233) x 4 0x00000000
core   0: 0x80008e24 (0x5b393193) sltiu   gp, s2, 1459
core   0: 3 0x80008e24 (0x5b393193) x 3 0x00000001
core   0: 0x80008e28 (0x01aa5f93) srli    t6, s4, 26
core   0: 3 0x80008e28 (0x01aa5f93) x31 0x00000000
core   0: 0x80008e2c (0x2b1069b7) lui     s3, 0x2b106
core   0: 3 0x80008e2c (0x2b1069b7) x19 0x2b106000
core   0: 0x80008e30 (0x2bbc4c93) xori    s9, s8, 699
core   0: 3 0x80008e30 (0x2bbc4c93) x25 0xfffffac5
core   0: 0x80008e34 (0x00478c33) add     s8, a5, tp
core   0: 3 0x80008e34 (0x00478c33) x24 0xffffff73
core   0: 0x80008e38 (0x002ae533) or      a0, s5, sp
core   0: 3 0x80008e38 (0x002ae533) x10 0xfffffdfd
core   0: 0x80008e3c (0xb87b8913) addi    s2, s7, -1145
core   0: 3 0x80008e3c (0xb87b8913) x18 0xfffffb87
core   0: 0x80008e40 (0x00000013) nop
core   0: 3 0x80008e40 (0x00000013)
core   0: 0x80008e44 (0xe2e60f93) addi    t6, a2, -466
core   0: 3 0x80008e44 (0xe2e60f93) x31 0x00000289
core   0: 0x80008e48 (0x01113db3) sltu    s11, sp, a7
core   0: 3 0x80008e48 (0x01113db3) x27 0x00000000
core   0: 0x80008e4c (0x924a0693) addi    a3, s4, -1756
core   0: 3 0x80008e4c (0x924a0693) x13 0xfffff924
core   0: 0x80008e50 (0x014259b3) srl     s3, tp, s4
core   0: 3 0x80008e50 (0x014259b3) x19 0x00000000
core   0: 0x80008e54 (0x071c7a93) andi    s5, s8, 113
core   0: 3 0x80008e54 (0x071c7a93) x21 0x00000071
core   0: 0x80008e58 (0x41a9dc33) sra     s8, s3, s10
core   0: 3 0x80008e58 (0x41a9dc33) x24 0x00000000
core   0: 0x80008e5c (0x50424693) xori    a3, tp, 1284
core   0: 3 0x80008e5c (0x50424693) x13 0x00000504
core   0: 0x80008e60 (0x85c95117) auipc   sp, 0x85c95
core   0: 3 0x80008e60 (0x85c95117) x 2 0x05c9de60
core   0: 0x80008e64 (0x40d58db3) sub     s11, a1, a3
core   0: 3 0x80008e64 (0x40d58db3) x27 0xfffe7bbe
core   0: 0x80008e68 (0x0140d333) srl     t1, ra, s4
core   0: 3 0x80008e68 (0x0140d333) x 6 0xcccff000
core   0: 0x80008e6c (0x41f28ab3) sub     s5, t0, t6
core   0: 3 0x80008e6c (0x41f28ab3) x21 0x80015a5b
core   0: 0x80008e70 (0x0101beb3) sltu    t4, gp, a6
core   0: 3 0x80008e70 (0x0101beb3) x29 0x00000001
core   0: 0x80008e74 (0x6472ab97) auipc   s7, 0x6472a
core   0: 3 0x80008e74 (0x6472ab97) x23 0xe4732e74
core   0: 0x80008e78 (0x6b0c7f93) andi    t6, s8, 1712
core   0: 3 0x80008e78 (0x6b0c7f93) x31 0x00000000
core   0: 0x80008e7c (0x01fe7533) and     a0, t3, t6
core   0: 3 0x80008e7c (0x01fe7533) x10 0x00000000
core   0: 0x80008e80 (0x29b04d93) xori    s11, zero, 667
core   0: 3 0x80008e80 (0x29b04d93) x27 0x0000029b
core   0: 0x80008e84 (0xe5e37b93) andi    s7, t1, -418
core   0: 3 0x80008e84 (0xe5e37b93) x23 0xcccff000
core   0: 0x80008e88 (0x6f5e7eb7) lui     t4, 0x6f5e7
core   0: 3 0x80008e88 (0x6f5e7eb7) x29 0x6f5e7000
core   0: 0x80008e8c (0xc1030313) addi    t1, t1, -1008
core   0: 3 0x80008e8c (0xc1030313) x 6 0xcccfec10
core   0: 0x80008e90 (0x40168533) sub     a0, a3, ra
core   0: 3 0x80008e90 (0x40168533) x10 0x33301504
core   0: 0x80008e94 (0x01589093) slli    ra, a7, 21
core   0: 3 0x80008e94 (0x01589093) x 1 0x00000000
core   0: 0x80008e98 (0x00b29933) sll     s2, t0, a1
core   0: 3 0x80008e98 (0x00b29933) x18 0x00057390
core   0: 0x80008e9c (0x41a71037) lui     zero, 0x41a71
core   0: 3 0x80008e9c (0x41a71037)
core   0: 0x80008ea0 (0x41c80e33) sub     t3, a6, t3
core   0: 3 0x80008ea0 (0x41c80e33) x28 0x8c47c0b4
core   0: 0x80008ea4 (0x7fc0bb93) sltiu   s7, ra, 2044
core   0: 3 0x80008ea4 (0x7fc0bb93) x23 0x00000001
core   0: 0x80008ea8 (0x11e58993) addi    s3, a1, 286
core   0: 3 0x80008ea8 (0x11e58993) x19 0xfffe81e0
core   0: 0x80008eac (0x00da6ab3) or      s5, s4, a3
core   0: 3 0x80008eac (0x00da6ab3) x21 0x00000504
core   0: 0x80008eb0 (0x00a344b3) xor     s1, t1, a0
core   0: 3 0x80008eb0 (0x00a344b3) x 9 0xfffff914
core   0: 0x80008eb4 (0x00987333) and     t1, a6, s1
core   0: 3 0x80008eb4 (0x00987333) x 6 0xfa445014
core   0: 0x80008eb8 (0x00c33133) sltu    sp, t1, a2
core   0: 3 0x80008eb8 (0x00c33133) x 2 0x00000000
core   0: 0x80008ebc (0x8a9a3913) sltiu   s2, s4, -1879
core   0: 3 0x80008ebc (0x8a9a3913) x18 0x00000001
core   0: 0x80008ec0 (0x36307793) andi    a5, zero, 867
core   0: 3 0x80008ec0 (0x36307793) x15 0x00000000
core   0: 0x80008ec4 (0x40f75233) sra     tp, a4, a5
core   0: 3 0x80008ec4 (0x40f75233) x 4 0xfa44511f
core   0: 0x80008ec8 (0x00446c33) or      s8, s0, tp
core   0: 3 0x80008ec8 (0x00446c33) x24 0xffffffff
core   0: 0x80008ecc (0x01a5ceb3) xor     t4, a1, s10
core   0: 3 0x80008ecc (0x01a5ceb3) x29 0xfffe80c6
core   0: 0x80008ed0 (0x00000013) nop
core   0: 3 0x80008ed0 (0x00000013)
core   0: 0x80008ed4 (0x01761f93) slli    t6, a2, 23
core   0: 3 0x80008ed4 (0x01761f93) x31 0x2d800000
core   0: 0x80008ed8 (0x401784b3) sub     s1, a5, ra
core   0: 3 0x80008ed8 (0x401784b3) x 9 0x00000000
core   0: 0x80008edc (0x00000013) nop
core   0: 3 0x80008edc (0x00000013)
core   0: 0x80008ee0 (0x409f5f13) srai    t5, t5, 9
core   0: 3 0x80008ee0 (0x409f5f13) x30 0x00000000
core   0: 0x80008ee4 (0x41f5df33) sra     t5, a1, t6
core   0: 3 0x80008ee4 (0x41f5df33) x30 0xfffe80c2
core   0: 0x80008ee8 (0x280acd13) xori    s10, s5, 640
core   0: 3 0x80008ee8 (0x280acd13) x26 0x00000784
core   0: 0x80008eec (0x004ee733) or      a4, t4, tp
core   0: 3 0x80008eec (0x004ee733) x14 0xfffed1df
core   0: 0x80008ef0 (0xa037e213) ori     tp, a5, -1533
core   0: 3 0x80008ef0 (0xa037e213) x 4 0xfffffa03
core   0: 0x80008ef4 (0x4081d593) srai    a1, gp, 8
core   0: 3 0x80008ef4 (0x4081d593) x11 0x00000000
core   0: 0x80008ef8 (0x0007a4b3) slt     s1, a5, zero
core   0: 3 0x80008ef8 (0x0007a4b3) x 9 0x00000000
core   0: 0x80008efc (0x4cf2cc13) xori    s8, t0, 1231
core   0: 3 0x80008efc (0x4cf2cc13) x24 0x8001582b
core   0: 0x80008f00 (0x00000013) nop
core   0: 3 0x80008f00 (0x00000013)
core   0: 0x80008f04 (0x0187edb3) or      s11, a5, s8
core   0: 3 0x80008f04 (0x0187edb3) x27 0x8001582b
core   0: 0x80008f08 (0xead27193) andi    gp, tp, -339
core   0: 3 0x80008f08 (0xead27193) x 3 0xfffffa01
core   0: 0x80008f0c (0x00019b93) slli    s7, gp, 0
core   0: 3 0x80008f0c (0x00019b93) x23 0xfffffa01
core   0: 0x80008f10 (0x00151233) sll     tp, a0, ra
core   0: 3 0x80008f10 (0x00151233) x 4 0x33301504
core   0: 0x80008f14 (0x01896333) or      t1, s2, s8
core   0: 3 0x80008f14 (0x01896333) x 6 0x8001582b
core   0: 0x80008f18 (0x00c34b33) xor     s6, t1, a2
core   0: 3 0x80008f18 (0x00c34b33) x22 0x80015c70
core   0: 0x80008f1c (0x00864a33) xor     s4, a2, s0
core   0: 3 0x80008f1c (0x00864a33) x20 0xfffffba4
core   0: 0x80008f20 (0x00000013) nop
core   0: 3 0x80008f20 (0x00000013)
core   0: 0x80008f24 (0x9d67a193) slti    gp, a5, -1578
core   0: 3 0x80008f24 (0x9d67a193) x 3 0x00000000
core   0: 0x80008f28 (0x000e5d93) srli    s11, t3, 0
core   0: 3 0x80008f28 (0x000e5d93) x27 0x8c47c0b4
core   0: 0x80008f2c (0x41e380b3) sub     ra, t2, t5
core   0: 3 0x80008f2c (0x41e380b3) x 1 0x80029da2
core   0: 0x80008f30 (0x00000013) nop
core   0: 3 0x80008f30 (0x00000013)
core   0: 0x80008f34 (0x40df5493) srai    s1, t5, 13
core   0: 3 0x80008f34 (0x40df5493) x 9 0xfffffff4
core   0: 0x80008f38 (0x00d0f7b3) and     a5, ra, a3
core   0: 3 0x80008f38 (0x00d0f7b3) x15 0x00000500
core   0: 0x80008f3c (0x001a4433) xor     s0, s4, ra
core   0: 3 0x80008f3c (0x001a4433) x 8 0x7ffd6606
core   0: 0x80008f40 (0x95757c13) andi    s8, a0, -1705
core   0: 3 0x80008f40 (0x95757c13) x24 0x33301104
core   0: 0x80008f44 (0x01532433) slt     s0, t1, s5
core   0: 3 0x80008f44 (0x01532433) x 8 0x00000001
core   0: 0x80008f48 (0x49a4ca13) xori    s4, s1, 1178
core   0: 3 0x80008f48 (0x49a4ca13) x20 0xfffffb6e
core   0: 0x80008f4c (0x00440033) add     zero, s0, tp
core   0: 3 0x80008f4c (0x00440033)
core   0: 0x80008f50 (0x00876633) or      a2, a4, s0
core   0: 3 0x80008f50 (0x00876633) x12 0xfffed1df
core   0: 0x80008f54 (0x006184b3) add     s1, gp, t1
core   0: 3 0x80008f54 (0x006184b3) x 9 0x8001582b
core   0: 0x80008f58 (0x6e37e313) ori     t1, a5, 1763
core   0: 3 0x80008f58 (0x6e37e313) x 6 0x000007e3
core   0: 0x80008f5c (0x4ba6e113) ori     sp, a3, 1210
core   0: 3 0x80008f5c (0x4ba6e113) x 2 0x000005be
core   0: 0x80008f60 (0x411ef093) andi    ra, t4, 1041
core   0: 3 0x80008f60 (0x411ef093) x 1 0x00000000
core   0: 0x80008f64 (0x01cfdb13) srli    s6, t6, 28
core   0: 3 0x80008f64 (0x01cfdb13) x22 0x00000002
core   0: 0x80008f68 (0x00549c33) sll     s8, s1, t0
core   0: 3 0x80008f68 (0x00549c33) x24 0x001582b0
core   0: 0x80008f6c (0x41395913) srai    s2, s2, 19
core   0: 3 0x80008f6c (0x41395913) x18 0x00000000
core   0: 0x80008f70 (0x40395893) srai    a7, s2, 3
core   0: 3 0x80008f70 (0x40395893) x17 0x00000000
core   0: 0x80008f74 (0x00000013) nop
core   0: 3 0x80008f74 (0x00000013)
core   0: 0x80008f78 (0x00dab6b3) sltu    a3, s5, a3
core   0: 3 0x80008f78 (0x00dab6b3) x13 0x00000000
core   0: 0x80008f7c (0x39ca2993) slti    s3, s4, 924
core   0: 3 0x80008f7c (0x39ca2993) x19 0x00000001
core   0: 0x80008f80 (0x412658b3) sra     a7, a2, s2
core   0: 3 0x80008f80 (0x412658b3) x17 0xfffed1df
core   0: 0x80008f84 (0x164ece93) xori    t4, t4, 356
core   0: 3 0x80008f84 (0x164ece93) x29 0xfffe81a2
core   0: 0x80008f88 (0x40ce0bb3) sub     s7, t3, a2
core   0: 3 0x80008f88 (0x40ce0bb3) x23 0x8c48eed5
core   0: 0x80008f8c (0x0038f8b3) and     a7, a7, gp
core   0: 3 0x80008f8c (0x0038f8b3) x17 0x00000000
core   0: 0x80008f90 (0x01b4c0b3) xor     ra, s1, s11
core   0: 3 0x80008f90 (0x01b4c0b3) x 1 0x0c46989f
core   0: 0x80008f94 (0x010648b3) xor     a7, a2, a6
core   0: 3 0x80008f94 (0x010648b3) x17 0x05ba816b
core   0: 0x80008f98 (0x7feb9697) auipc   a3, 0x7feb9
core   0: 3 0x80008f98 (0x7feb9697) x13 0xffec1f98
core   0: 0x80008f9c (0xdb6f3193) sltiu   gp, t5, -586
core   0: 3 0x80008f9c (0xdb6f3193) x 3 0x00000001
core   0: 0x80008fa0 (0x00d51e33) sll     t3, a0, a3
core   0: 3 0x80008fa0 (0x00d51e33) x28 0x04000000
core   0: 0x80008fa4 (0x00000013) nop
core   0: 3 0x80008fa4 (0x00000013)
core   0: 0x80008fa8 (0x009e98b3) sll     a7, t4, s1
core   0: 3 0x80008fa8 (0x009e98b3) x17 0xf40d1000
core   0: 0x80008fac (0x00000013) nop
core   0: 3 0x80008fac (0x00000013)
core   0: 0x80008fb0 (0xf12ff613) andi    a2, t6, -238
core   0: 3 0x80008fb0 (0xf12ff613) x12 0x2d800000
core   0: 0x80008fb4 (0xa50da713) slti    a4, s11, -1456
core   0: 3 0x80008fb4 (0xa50da713) x14 0x00000001
core   0: 0x80008fb8 (0xd18beb13) ori     s6, s7, -744
core   0: 3 0x80008fb8 (0xd18beb13) x22 0xffffffdd
core   0: 0x80008fbc (0x3f0e7a93) andi    s5, t3, 1008
core   0: 3 0x80008fbc (0x3f0e7a93) x21 0x00000000
core   0: 0x80008fc0 (0x00b0bab3) sltu    s5, ra, a1
core   0: 3 0x80008fc0 (0x00b0bab3) x21 0x00000000
core   0: 0x80008fc4 (0x00dfe133) or      sp, t6, a3
core   0: 3 0x80008fc4 (0x00dfe133) x 2 0xffec1f98
core   0: 0x80008fc8 (0x40a3d713) srai    a4, t2, 10
core   0: 3 0x80008fc8 (0x40a3d713) x14 0xffe00047
core   0: 0x80008fcc (0x33e66b93) ori     s7, a2, 830
core   0: 3 0x80008fcc (0x33e66b93) x23 0x2d80033e
core   0: 0x80008fd0 (0x6d606b93) ori     s7, zero, 1750
core   0: 3 0x80008fd0 (0x6d606b93) x23 0x000006d6
core   0: 0x80008fd4 (0x40eb8bb3) sub     s7, s7, a4
core   0: 3 0x80008fd4 (0x40eb8bb3) x23 0x0020068f
core   0: 0x80008fd8 (0x0160ceb3) xor     t4, ra, s6
core   0: 3 0x80008fd8 (0x0160ceb3) x29 0xf3b96742
core   0: 0x80008fdc (0x5c1d6593) ori     a1, s10, 1473
core   0: 3 0x80008fdc (0x5c1d6593) x11 0x000007c5
core   0: 0x80008fe0 (0x0094b533) sltu    a0, s1, s1
core   0: 3 0x80008fe0 (0x0094b533) x10 0x00000000
core   0: 0x80008fe4 (0x00a6bc33) sltu    s8, a3, a0
core   0: 3 0x80008fe4 (0x00a6bc33) x24 0x00000000
core   0: 0x80008fe8 (0x1a0bbb93) sltiu   s7, s7, 416
core   0: 3 0x80008fe8 (0x1a0bbb93) x23 0x00000000
core   0: 0x80008fec (0x012eeab3) or      s5, t4, s2
core   0: 3 0x80008fec (0x012eeab3) x21 0xf3b96742
core   0: 0x80008ff0 (0x01253d33) sltu    s10, a0, s2
core   0: 3 0x80008ff0 (0x01253d33) x26 0x00000000
core   0: 0x80008ff4 (0x001c81b3) add     gp, s9, ra
core   0: 3 0x80008ff4 (0x001c81b3) x 3 0x0c469364
core   0: 0x80008ff8 (0x018461b3) or      gp, s0, s8
core   0: 3 0x80008ff8 (0x018461b3) x 3 0x00000001
core   0: 0x80008ffc (0x00000013) nop
core   0: 3 0x80008ffc (0x00000013)
core   0: 0x80009000 (0x0f0fa513) slti    a0, t6, 240
core   0: 3 0x80009000 (0x0f0fa513) x10 0x00000000
core   0: 0x80009004 (0x00b77d33) and     s10, a4, a1
core   0: 3 0x80009004 (0x00b77d33) x26 0x00000045
core   0: 0x80009008 (0x409a0133) sub     sp, s4, s1
core   0: 3 0x80009008 (0x409a0133) x 2 0x7ffea343
core   0: 0x8000900c (0x00da90b3) sll     ra, s5, a3
core   0: 3 0x8000900c (0x00da90b3) x 1 0x42000000
core   0: 0x80009010 (0x01d21193) slli    gp, tp, 29
core   0: 3 0x80009010 (0x01d21193) x 3 0x80000000
core   0: 0x80009014 (0x005911b3) sll     gp, s2, t0
core   0: 3 0x80009014 (0x005911b3) x 3 0x00000000
core   0: 0x80009018 (0x01afe033) or      zero, t6, s10
core   0: 3 0x80009018 (0x01afe033)
core   0: 0x8000901c (0xdb11ba13) sltiu   s4, gp, -591
core   0: 3 0x8000901c (0xdb11ba13) x20 0x00000001
core   0: 0x80009020 (0x40e8dbb3) sra     s7, a7, a4
core   0: 3 0x80009020 (0x40e8dbb3) x23 0xffe81a20
core   0: 0x80009024 (0x00000013) nop
core   0: 3 0x80009024 (0x00000013)
core   0: 0x80009028 (0x0007a033) slt     zero, a5, zero
core   0: 3 0x80009028 (0x0007a033)
core   0: 0x8000902c (0x5bfe7113) andi    sp, t3, 1471
core   0: 3 0x8000902c (0x5bfe7113) x 2 0x00000000
core   0: 0x80009030 (0x019514b3) sll     s1, a0, s9
core   0: 3 0x80009030 (0x019514b3) x 9 0x00000000
core   0: 0x80009034 (0x3d877413) andi    s0, a4, 984
core   0: 3 0x80009034 (0x3d877413) x 8 0x00000040
core   0: 0x80009038 (0x8aa97213) andi    tp, s2, -1878
core   0: 3 0x80009038 (0x8aa97213) x 4 0x00000000
core   0: 0x8000903c (0x00629533) sll     a0, t0, t1
core   0: 3 0x8000903c (0x00629533) x10 0x000ae720
core   0: 0x80009040 (0x2462ac13) slti    s8, t0, 582
core   0: 3 0x80009040 (0x2462ac13) x24 0x00000001
core   0: 0x80009044 (0x001c8b33) add     s6, s9, ra
core   0: 3 0x80009044 (0x001c8b33) x22 0x41fffac5
core   0: 0x80009048 (0x00c6aeb3) slt     t4, a3, a2
core   0: 3 0x80009048 (0x00c6aeb3) x29 0x00000001
core   0: 0x8000904c (0xf5f70613) addi    a2, a4, -161
core   0: 3 0x8000904c (0xf5f70613) x12 0xffdfffa6
core   0: 0x80009050 (0x01dba033) slt     zero, s7, t4
core   0: 3 0x80009050 (0x01dba033)
core   0: 0x80009054 (0x40d40db3) sub     s11, s0, a3
core   0: 3 0x80009054 (0x40d40db3) x27 0x0013e0a8
core   0: 0x80009058 (0x00a07c33) and     s8, zero, a0
core   0: 3 0x80009058 (0x00a07c33) x24 0x00000000
core   0: 0x8000905c (0x41ae8333) sub     t1, t4, s10
core   0: 3 0x8000905c (0x41ae8333) x 6 0xffffffbc
core   0: 0x80009060 (0x00b95eb3) srl     t4, s2, a1
core   0: 3 0x80009060 (0x00b95eb3) x29 0x00000000
core   0: 0x80009064 (0x01724d33) xor     s10, tp, s7
core   0: 3 0x80009064 (0x01724d33) x26 0xffe81a20
core   0: 0x80009068 (0x01741c93) slli    s9, s0, 23
core   0: 3 0x80009068 (0x01741c93) x25 0x20000000
core   0: 0x8000906c (0x019b8f33) add     t5, s7, s9
core   0: 3 0x8000906c (0x019b8f33) x30 0x1fe81a20
core   0: 0x80009070 (0xd3d37137) lui     sp, 0xd3d37
core   0: 3 0x80009070 (0xd3d37137) x 2 0xd3d37000
core   0: 0x80009074 (0x9ef92313) slti    t1, s2, -1553
core   0: 3 0x80009074 (0x9ef92313) x 6 0x00000000
core   0: 0x80009078 (0x00611913) slli    s2, sp, 6
core   0: 3 0x80009078 (0x00611913) x18 0xf4dc0000
core   0: 0x8000907c (0x0025ddb3) srl     s11, a1, sp
core   0: 3 0x8000907c (0x0025ddb3) x27 0x000007c5
core   0: 0x80009080 (0x01d99893) slli    a7, s3, 29
core   0: 3 0x80009080 (0x01d99893) x17 0x20000000
core   0: 0x80009084 (0xba47e993) ori     s3, a5, -1116
core   0: 3 0x80009084 (0xba47e993) x19 0xffffffa4
core   0: 0x80009088 (0x40e00e33) sub     t3, zero, a4
core   0: 3 0x80009088 (0x40e00e33) x28 0x001fffb9
core   0: 0x8000908c (0x008b0db3) add     s11, s6, s0
core   0: 3 0x8000908c (0x008b0db3) x27 0x41fffb05
core   0: 0x80009090 (0x4197de93) srai    t4, a5, 25
core   0: 3 0x80009090 (0x4197de93) x29 0x00000000
core   0: 0x80009094 (0xf2ae3013) sltiu   zero, t3, -214
core   0: 3 0x80009094 (0xf2ae3013)
core   0: 0x80009098 (0x6e442413) slti    s0, s0, 1764
core   0: 3 0x80009098 (0x6e442413) x 8 0x00000001
core   0: 0x8000909c (0x0035d4b3) srl     s1, a1, gp
core   0: 3 0x8000909c (0x0035d4b3) x 9 0x000007c5
core   0: 0x800090a0 (0xe1b9b913) sltiu   s2, s3, -485
core   0: 3 0x800090a0 (0xe1b9b913) x18 0x00000000
core   0: 0x800090a4 (0x414f8bb3) sub     s7, t6, s4
core   0: 3 0x800090a4 (0x414f8bb3) x23 0x2d7fffff
core   0: 0x800090a8 (0x003914b3) sll     s1, s2, gp
core   0: 3 0x800090a8 (0x003914b3) x 9 0x00000000
core   0: 0x800090ac (0x41e7de93) srai    t4, a5, 30
core   0: 3 0x800090ac (0x41e7de93) x29 0x00000000
core   0: 0x800090b0 (0x00000013) nop
core   0: 3 0x800090b0 (0x00000013)
core   0: 0x800090b4 (0x7fcf8493) addi    s1, t6, 2044
core   0: 3 0x800090b4 (0x7fcf8493) x 9 0x2d8007fc
core   0: 0x800090b8 (0x00000013) nop
core   0: 3 0x800090b8 (0x00000013)
core   0: 0x800090bc (0x94466793) ori     a5, a2, -1724
core   0: 3 0x800090bc (0x94466793) x15 0xffffffe6
core   0: 0x800090c0 (0x4170da93) srai    s5, ra, 23
core   0: 3 0x800090c0 (0x4170da93) x21 0x00000084
core   0: 0x800090c4 (0x01951d93) slli    s11, a0, 25
core   0: 3 0x800090c4 (0x01951d93) x27 0x40000000
core   0: 0x800090c8 (0x28922d37) lui     s10, 0x28922
core   0: 3 0x800090c8 (0x28922d37) x26 0x28922000
core   0: 0x800090cc (0x01499c13) slli    s8, s3, 20
core   0: 3 0x800090cc (0x01499c13) x24 0xfa400000
core   0: 0x800090d0 (0x01de8e33) add     t3, t4, t4
core   0: 3 0x800090d0 (0x01de8e33) x28 0x00000000
core   0: 0x800090d4 (0x4d79d197) auipc   gp, 0x4d79d
core   0: 3 0x800090d4 (0x4d79d197) x 3 0xcd7a60d4
core   0: 0x800090d8 (0x00391c13) slli    s8, s2, 3
core   0: 3 0x800090d8 (0x00391c13) x24 0x00000000
core   0: 0x800090dc (0xa3b2ea13) ori     s4, t0, -1477
core   0: 3 0x800090dc (0xa3b2ea13) x20 0xfffffeff
core   0: 0x800090e0 (0x7c87ae13) slti    t3, a5, 1992
core   0: 3 0x800090e0 (0x7c87ae13) x28 0x00000001
core   0: 0x800090e4 (0x01291333) sll     t1, s2, s2
core   0: 3 0x800090e4 (0x01291333) x 6 0x00000000
core   0: 0x800090e8 (0x0197df33) srl     t5, a5, s9
core   0: 3 0x800090e8 (0x0197df33) x30 0xffffffe6
core   0: 0x800090ec (0x37c61937) lui     s2, 0x37c61
core   0: 3 0x800090ec (0x37c61937) x18 0x37c61000
core   0: 0x800090f0 (0x96724013) xori    zero, tp, -1689
core   0: 3 0x800090f0 (0x96724013)
core   0: 0x800090f4 (0xef6dbf93) sltiu   t6, s11, -266
core   0: 3 0x800090f4 (0xef6dbf93) x31 0x00000001
core   0: 0x800090f8 (0x009b3a33) sltu    s4, s6, s1
core   0: 3 0x800090f8 (0x009b3a33) x20 0x00000000
core   0: 0x800090fc (0x01fb08b3) add     a7, s6, t6
core   0: 3 0x800090fc (0x01fb08b3) x17 0x41fffac6
core   0: 0x80009100 (0x00c70cb3) add     s9, a4, a2
core   0: 3 0x80009100 (0x00c70cb3) x25 0xffbfffed
core   0: 0x80009104 (0x6ad8e893) ori     a7, a7, 1709
core   0: 3 0x80009104 (0x6ad8e893) x17 0x41fffeef
core   0: 0x80009108 (0x014b2333) slt     t1, s6, s4
core   0: 3 0x80009108 (0x014b2333) x 6 0x00000000
core   0: 0x8000910c (0x415f5713) srai    a4, t5, 21
core   0: 3 0x8000910c (0x415f5713) x14 0xffffffff
core   0: 0x80009110 (0x01453f33) sltu    t5, a0, s4
core   0: 3 0x80009110 (0x01453f33) x30 0x00000000
core   0: 0x80009114 (0x406e85b3) sub     a1, t4, t1
core   0: 3 0x80009114 (0x406e85b3) x11 0x00000000
core   0: 0x80009118 (0x213ef693) andi    a3, t4, 531
core   0: 3 0x80009118 (0x213ef693) x13 0x00000000
core   0: 0x8000911c (0x00000013) nop
core   0: 3 0x8000911c (0x00000013)
core   0: 0x80009120 (0x7a51b4b7) lui     s1, 0x7a51b
core   0: 3 0x80009120 (0x7a51b4b7) x 9 0x7a51b000
core   0: 0x80009124 (0xdec4af13) slti    t5, s1, -532
core   0: 3 0x80009124 (0xdec4af13) x30 0x00000000
core   0: 0x80009128 (0x01eaadb3) slt     s11, s5, t5
core   0: 3 0x80009128 (0x01eaadb3) x27 0x00000000
core   0: 0x8000912c (0xf1b8e193) ori     gp, a7, -229
core   0: 3 0x8000912c (0xf1b8e193) x 3 0xffffffff
core   0: 0x80009130 (0x0050fbb3) and     s7, ra, t0
core   0: 3 0x80009130 (0x0050fbb3) x23 0x00000000
core   0: 0x80009134 (0x008adf93) srli    t6, s5, 8
core   0: 3 0x80009134 (0x008adf93) x31 0x00000000
core   0: 0x80009138 (0xca29f513) andi    a0, s3, -862
core   0: 3 0x80009138 (0xca29f513) x10 0xfffffca0
core   0: 0x8000913c (0x419e5e13) srai    t3, t3, 25
core   0: 3 0x8000913c (0x419e5e13) x28 0x00000000
core   0: 0x80009140 (0x00000013) nop
core   0: 3 0x80009140 (0x00000013)
core   0: 0x80009144 (0x40075d93) srai    s11, a4, 0
core   0: 3 0x80009144 (0x40075d93) x27 0xffffffff
core   0: 0x80009148 (0x00000013) nop
core   0: 3 0x80009148 (0x00000013)
core   0: 0x8000914c (0x40ca6413) ori     s0, s4, 1036
core   0: 3 0x8000914c (0x40ca6413) x 8 0x0000040c
core   0: 0x80009150 (0x018f6bb3) or      s7, t5, s8
core   0: 3 0x80009150 (0x018f6bb3) x23 0x00000000
core   0: 0x80009154 (0x6f347093) andi    ra, s0, 1779
core   0: 3 0x80009154 (0x6f347093) x 1 0x00000400
core   0: 0x80009158 (0x00956033) or      zero, a0, s1
core   0: 3 0x80009158 (0x00956033)
core   0: 0x8000915c (0xa960ca93) xori    s5, ra, -1386
core   0: 3 0x8000915c (0xa960ca93) x21 0xfffffe96
core   0: 0x80009160 (0x00000013) nop
core   0: 3 0x80009160 (0x00000013)
core   0: 0x80009164 (0x008a1b13) slli    s6, s4, 8
core   0: 3 0x80009164 (0x008a1b13) x22 0x00000000
core   0: 0x80009168 (0x40ff8bb3) sub     s7, t6, a5
core   0: 3 0x80009168 (0x40ff8bb3) x23 0x0000001a
core   0: 0x8000916c (0x41f557b3) sra     a5, a0, t6
core   0: 3 0x8000916c (0x41f557b3) x15 0xfffffca0
core   0: 0x80009170 (0x13ffa113) slti    sp, t6, 319
core   0: 3 0x80009170 (0x13ffa113) x 2 0x00000001
core   0: 0x80009174 (0x010b2eb3) slt     t4, s6, a6
core   0: 3 0x80009174 (0x010b2eb3) x29 0x00000000
core   0: 0x80009178 (0x92ba4413) xori    s0, s4, -1749
core   0: 3 0x80009178 (0x92ba4413) x 8 0xfffff92b
core   0: 0x8000917c (0x29320c13) addi    s8, tp, 659
core   0: 3 0x8000917c (0x29320c13) x24 0x00000293
core   0: 0x80009180 (0x408459b3) sra     s3, s0, s0
core   0: 3 0x80009180 (0x408459b3) x19 0xffffffff
core   0: 0x80009184 (0x014b7cb3) and     s9, s6, s4
core   0: 3 0x80009184 (0x014b7cb3) x25 0x00000000
core   0: 0x80009188 (0x29d45037) lui     zero, 0x29d45
core   0: 3 0x80009188 (0x29d45037)
core   0: 0x8000918c (0x0042ebb3) or      s7, t0, tp
core   0: 3 0x8000918c (0x0042ebb3) x23 0x80015ce4
core   0: 0x80009190 (0x00000013) nop
core   0: 3 0x80009190 (0x00000013)
core   0: 0x80009194 (0x0010d213) srli    tp, ra, 1
core   0: 3 0x80009194 (0x0010d213) x 4 0x00000200
core   0: 0x80009198 (0x016a5933) srl     s2, s4, s6
core   0: 3 0x80009198 (0x016a5933) x18 0x00000000
core   0: 0x8000919c (0x4c2db413) sltiu   s0, s11, 1218
core   0: 3 0x8000919c (0x4c2db413) x 8 0x00000000
core   0: 0x800091a0 (0x00fd1013) slli    zero, s10, 15
core   0: 3 0x800091a0 (0x00fd1013)
core   0: 0x800091a4 (0x01d31593) slli    a1, t1, 29
core   0: 3 0x800091a4 (0x01d31593) x11 0x00000000
core   0: 0x800091a8 (0x180d7893) andi    a7, s10, 384
core   0: 3 0x800091a8 (0x180d7893) x17 0x00000000
core   0: 0x800091ac (0x00000013) nop
core   0: 3 0x800091ac (0x00000013)
core   0: 0x800091b0 (0x40930bb3) sub     s7, t1, s1
core   0: 3 0x800091b0 (0x40930bb3) x23 0x85ae5000
core   0: 0x800091b4 (0x51e0ae93) slti    t4, ra, 1310
core   0: 3 0x800091b4 (0x51e0ae93) x29 0x00000001
core   0: 0x800091b8 (0x3446b913) sltiu   s2, a3, 836
core   0: 3 0x800091b8 (0x3446b913) x18 0x00000001
core   0: 0x800091bc (0x6aa8c713) xori    a4, a7, 1706
core   0: 3 0x800091bc (0x6aa8c713) x14 0x000006aa
core   0: 0x800091c0 (0x01fd84b3) add     s1, s11, t6
core   0: 3 0x800091c0 (0x01fd84b3) x 9 0xffffffff
core   0: 0x800091c4 (0x3cbdff93) andi    t6, s11, 971
core   0: 3 0x800091c4 (0x3cbdff93) x31 0x000003cb
core   0: 0x800091c8 (0x009ac8b3) xor     a7, s5, s1
core   0: 3 0x800091c8 (0x009ac8b3) x17 0x00000169
core   0: 0x800091cc (0xe1b64c13) xori    s8, a2, -485
core   0: 3 0x800091cc (0xe1b64c13) x24 0x002001bd
core   0: 0x800091d0 (0x5b7e6213) ori     tp, t3, 1463
core   0: 3 0x800091d0 (0x5b7e6213) x 4 0x000005b7
core   0: 0x800091d4 (0x00c04bb3) xor     s7, zero, a2
core   0: 3 0x800091d4 (0x00c04bb3) x23 0xffdfffa6
core   0: 0x800091d8 (0x8ffcbc37) lui     s8, 0x8ffcb
core   0: 3 0x800091d8 (0x8ffcbc37) x24 0x8ffcb000
core   0: 0x800091dc (0xcccbc097) auipc   ra, 0xcccbc
core   0: 3 0x800091dc (0xcccbc097) x 1 0x4ccc51dc
core   0: 0x800091e0 (0x40ccd213) srai    tp, s9, 12
core   0: 3 0x800091e0 (0x40ccd213) x 4 0x00000000
core   0: 0x800091e4 (0xf48e3e93) sltiu   t4, t3, -184
core   0: 3 0x800091e4 (0xf48e3e93) x29 0x00000001
core   0: 0x800091e8 (0x0079d9b3) srl     s3, s3, t2
core   0: 3 0x800091e8 (0x0079d9b3) x19 0x0fffffff
core   0: 0x800091ec (0xa7dfc193) xori    gp, t6, -1411
core   0: 3 0x800091ec (0xa7dfc193) x 3 0xfffff9b6
core   0: 0x800091f0 (0x7f324a93) xori    s5, tp, 2035
core   0: 3 0x800091f0 (0x7f324a93) x21 0x000007f3
core   0: 0x800091f4 (0x40ff8533) sub     a0, t6, a5
core   0: 3 0x800091f4 (0x40ff8533) x10 0x0000072b
core   0: 0x800091f8 (0x00595233) srl     tp, s2, t0
core   0: 3 0x800091f8 (0x00595233) x 4 0x00000000
core   0: 0x800091fc (0x0011d733) srl     a4, gp, ra
core   0: 3 0x800091fc (0x0011d733) x14 0x0000000f
core   0: 0x80009200 (0xde34e313) ori     t1, s1, -541
core   0: 3 0x80009200 (0xde34e313) x 6 0xffffffff
core   0: 0x80009204 (0x45774913) xori    s2, a4, 1111
core   0: 3 0x80009204 (0x45774913) x18 0x00000458
core   0: 0x80009208 (0x231b2993) slti    s3, s6, 561
core   0: 3 0x80009208 (0x231b2993) x19 0x00000001
core   0: 0x8000920c (0x00a3f9b3) and     s3, t2, a0
core   0: 3 0x8000920c (0x00a3f9b3) x19 0x00000620
core   0: 0x80009210 (0x011f6033) or      zero, t5, a7
core   0: 3 0x80009210 (0x011f6033)
core   0: 0x80009214 (0x2818c513) xori    a0, a7, 641
core   0: 3 0x80009214 (0x2818c513) x10 0x000003e8
core   0: 0x80009218 (0x01f56233) or      tp, a0, t6
core   0: 3 0x80009218 (0x01f56233) x 4 0x000003eb
core   0: 0x8000921c (0x97774113) xori    sp, a4, -1673
core   0: 3 0x8000921c (0x97774113) x 2 0xfffff978
core   0: 0x80009220 (0x9edaa013) slti    zero, s5, -1555
core   0: 3 0x80009220 (0x9edaa013)
core   0: 0x80009224 (0x00a50433) add     s0, a0, a0
core   0: 3 0x80009224 (0x00a50433) x 8 0x000007d0
core   0: 0x80009228 (0x01a61d33) sll     s10, a2, s10
core   0: 3 0x80009228 (0x01a61d33) x26 0xffdfffa6
core   0: 0x8000922c (0x00f4eeb3) or      t4, s1, a5
core   0: 3 0x8000922c (0x00f4eeb3) x29 0xffffffff
core   0: 0x80009230 (0x7062eb13) ori     s6, t0, 1798
core   0: 3 0x80009230 (0x7062eb13) x22 0x80015fe6
core   0: 0x80009234 (0x009d5913) srli    s2, s10, 9
core   0: 3 0x80009234 (0x009d5913) x18 0x007fefff
core   0: 0x80009238 (0x122e2f93) slti    t6, t3, 290
core   0: 3 0x80009238 (0x122e2f93) x31 0x00000001
core   0: 0x8000923c (0x6d11fb93) andi    s7, gp, 1745
core   0: 3 0x8000923c (0x6d11fb93) x23 0x00000090
core   0: 0x80009240 (0x01fe9113) slli    sp, t4, 31
core   0: 3 0x80009240 (0x01fe9113) x 2 0x80000000
core   0: 0x80009244 (0x00fa5893) srli    a7, s4, 15
core   0: 3 0x80009244 (0x00fa5893) x17 0x00000000
core   0: 0x80009248 (0x018a6f33) or      t5, s4, s8
core   0: 3 0x80009248 (0x018a6f33) x30 0x8ffcb000
core   0: 0x8000924c (0x00349a33) sll     s4, s1, gp
core   0: 3 0x8000924c (0x00349a33) x20 0xffc00000
core   0: 0x80009250 (0x016eec33) or      s8, t4, s6
core   0: 3 0x80009250 (0x016eec33) x24 0xffffffff
core   0: 0x80009254 (0x00000013) nop
core   0: 3 0x80009254 (0x00000013)
core   0: 0x80009258 (0x41b8ddb3) sra     s11, a7, s11
core   0: 3 0x80009258 (0x41b8ddb3) x27 0x00000000
core   0: 0x8000925c (0x010495b3) sll     a1, s1, a6
core   0: 3 0x8000925c (0x010495b3) x11 0xfff00000
core   0: 0x80009260 (0x01a37b33) and     s6, t1, s10
core   0: 3 0x80009260 (0x01a37b33) x22 0xffdfffa6
core   0: 0x80009264 (0x36460b13) addi    s6, a2, 868
core   0: 3 0x80009264 (0x36460b13) x22 0xffe0030a
core   0: 0x80009268 (0x41485793) srai    a5, a6, 20
core   0: 3 0x80009268 (0x41485793) x15 0xffffffa4
core   0: 0x8000926c (0x017a5db3) srl     s11, s4, s7
core   0: 3 0x8000926c (0x017a5db3) x27 0x0000ffc0
core   0: 0x80009270 (0x00a378b3) and     a7, t1, a0
core   0: 3 0x80009270 (0x00a378b3) x17 0x000003e8
core   0: 0x80009274 (0x011550b3) srl     ra, a0, a7
core   0: 3 0x80009274 (0x011550b3) x 1 0x00000003
core   0: 0x80009278 (0x00915093) srli    ra, sp, 9
core   0: 3 0x80009278 (0x00915093) x 1 0x00400000
core   0: 0x8000927c (0x015c47b3) xor     a5, s8, s5
core   0: 3 0x8000927c (0x015c47b3) x15 0xfffff80c
core   0: 0x80009280 (0x0123d533) srl     a0, t2, s2
core   0: 3 0x80009280 (0x0123d533) x10 0x00000001
core   0: 0x80009284 (0x00d1e9b3) or      s3, gp, a3
core   0: 3 0x80009284 (0x00d1e9b3) x19 0xfffff9b6
core   0: 0x80009288 (0x3a4b7313) andi    t1, s6, 932
core   0: 3 0x80009288 (0x3a4b7313) x 6 0x00000300
core   0: 0x8000928c (0x0169a0b3) slt     ra, s3, s6
core   0: 3 0x8000928c (0x0169a0b3) x 1 0x00000000
core   0: 0x80009290 (0x40fa80b3) sub     ra, s5, a5
core   0: 3 0x80009290 (0x40fa80b3) x 1 0x00000fe7
core   0: 0x80009294 (0x00000013) nop
core   0: 3 0x80009294 (0x00000013)
core   0: 0x80009298 (0x4a2e6b13) ori     s6, t3, 1186
core   0: 3 0x80009298 (0x4a2e6b13) x22 0x000004a2
core   0: 0x8000929c (0x410506b7) lui     a3, 0x41050
core   0: 3 0x8000929c (0x410506b7) x13 0x41050000
core   0: 0x800092a0 (0x0035f0b3) and     ra, a1, gp
core   0: 3 0x800092a0 (0x0035f0b3) x 1 0xfff00000
core   0: 0x800092a4 (0xbf42b137) lui     sp, 0xbf42b
core   0: 3 0x800092a4 (0xbf42b137) x 2 0xbf42b000
core   0: 0x800092a8 (0x45364693) xori    a3, a2, 1107
core   0: 3 0x800092a8 (0x45364693) x13 0xffdffbf5
core   0: 0x800092ac (0x9f3e7213) andi    tp, t3, -1549
core   0: 3 0x800092ac (0x9f3e7213) x 4 0x00000000
core   0: 0x800092b0 (0x9409f313) andi    t1, s3, -1728
core   0: 3 0x800092b0 (0x9409f313) x 6 0xfffff900
core   0: 0x800092b4 (0x417ad633) sra     a2, s5, s7
core   0: 3 0x800092b4 (0x417ad633) x12 0x00000000
core   0: 0x800092b8 (0x0337ee13) ori     t3, a5, 51
core   0: 3 0x800092b8 (0x0337ee13) x28 0xfffff83f
core   0: 0x800092bc (0x01b3a133) slt     sp, t2, s11
core   0: 3 0x800092bc (0x01b3a133) x 2 0x00000001
core   0: 0x800092c0 (0x0192dd13) srli    s10, t0, 25
core   0: 3 0x800092c0 (0x0192dd13) x26 0x00000040
core   0: 0x800092c4 (0x409a5713) srai    a4, s4, 9
core   0: 3 0x800092c4 (0x409a5713) x14 0xffffe000
core   0: 0x800092c8 (0x00ea88b3) add     a7, s5, a4
core   0: 3 0x800092c8 (0x00ea88b3) x17 0xffffe7f3
core   0: 0x800092cc (0x00da61b3) or      gp, s4, a3
core   0: 3 0x800092cc (0x00da61b3) x 3 0xffdffbf5
core   0: 0x800092d0 (0x00ca4733) xor     a4, s4, a2
core   0: 3 0x800092d0 (0x00ca4733) x14 0xffc00000
core   0: 0x800092d4 (0xccc5e093) ori     ra, a1, -820
core   0: 3 0x800092d4 (0xccc5e093) x 1 0xfffffccc
core   0: 0x800092d8 (0x00061a33) sll     s4, a2, zero
core   0: 3 0x800092d8 (0x00061a33) x20 0x00000000
core   0: 0x800092dc (0x41cb8b33) sub     s6, s7, t3
core   0: 3 0x800092dc (0x41cb8b33) x22 0x00000851
core   0: 0x800092e0 (0xb61fb213) sltiu   tp, t6, -1183
core   0: 3 0x800092e0 (0xb61fb213) x 4 0x00000001
core   0: 0x800092e4 (0x932fb093) sltiu   ra, t6, -1742
core   0: 3 0x800092e4 (0x932fb093) x 1 0x00000001
core   0: 0x800092e8 (0x4128db33) sra     s6, a7, s2
core   0: 3 0x800092e8 (0x4128db33) x22 0xffffffff
core   0: 0x800092ec (0x8e52e413) ori     s0, t0, -1819
core   0: 3 0x800092ec (0x8e52e413) x 8 0xfffffce5
core   0: 0x800092f0 (0x01afa633) slt     a2, t6, s10
core   0: 3 0x800092f0 (0x01afa633) x12 0x00000001
core   0: 0x800092f4 (0x00b21213) slli    tp, tp, 11
core   0: 3 0x800092f4 (0x00b21213) x 4 0x00000800
core   0: 0x800092f8 (0x017b7433) and     s0, s6, s7
core   0: 3 0x800092f8 (0x017b7433) x 8 0x00000090
core   0: 0x800092fc (0x06f14413) xori    s0, sp, 111
core   0: 3 0x800092fc (0x06f14413) x 8 0x0000006e
core   0: 0x80009300 (0x00000013) nop
core   0: 3 0x80009300 (0x00000013)
core   0: 0x80009304 (0x00e44233) xor     tp, s0, a4
core   0: 3 0x80009304 (0x00e44233) x 4 0xffc0006e
core   0: 0x80009308 (0x011178b3) and     a7, sp, a7
core   0: 3 0x80009308 (0x011178b3) x17 0x00000001
core   0: 0x8000930c (0x01a8f733) and     a4, a7, s10
core   0: 3 0x8000930c (0x01a8f733) x14 0x00000000
core   0: 0x80009310 (0x001a61b3) or      gp, s4, ra
core   0: 3 0x80009310 (0x001a61b3) x 3 0x00000001
core   0: 0x80009314 (0x41895893) srai    a7, s2, 24
core   0: 3 0x80009314 (0x41895893) x17 0x00000000
core   0: 0x80009318 (0x015d9533) sll     a0, s11, s5
core   0: 3 0x80009318 (0x015d9533) x10 0xfe000000
core   0: 0x8000931c (0x5e43bb13) sltiu   s6, t2, 1508
core   0: 3 0x8000931c (0x5e43bb13) x22 0x00000000
core   0: 0x80009320 (0x01039013) slli    zero, t2, 16
core   0: 3 0x80009320 (0x01039013)
core   0: 0x80009324 (0x2eadaa13) slti    s4, s11, 746
core   0: 3 0x80009324 (0x2eadaa13) x20 0x00000000
core   0: 0x80009328 (0xc0ca8f93) addi    t6, s5, -1012
core   0: 3 0x80009328 (0xc0ca8f93) x31 0x000003ff
core   0: 0x8000932c (0x002650b3) srl     ra, a2, sp
core   0: 3 0x8000932c (0x002650b3) x 1 0x00000000
core   0: 0x80009330 (0x00000013) nop
core   0: 3 0x80009330 (0x00000013)
core   0: 0x80009334 (0x416c5e93) srai    t4, s8, 22
core   0: 3 0x80009334 (0x416c5e93) x29 0xffffffff
core   0: 0x80009338 (0x01dcb0b3) sltu    ra, s9, t4
core   0: 3 0x80009338 (0x01dcb0b3) x 1 0x00000001
core   0: 0x8000933c (0x0084c7b3) xor     a5, s1, s0
core   0: 3 0x8000933c (0x0084c7b3) x15 0xffffff91
core   0: 0x80009340 (0x48d7aa37) lui     s4, 0x48d7a
core   0: 3 0x80009340 (0x48d7aa37) x20 0x48d7a000
core   0: 0x80009344 (0x01bb5913) srli    s2, s6, 27
core   0: 3 0x80009344 (0x01bb5913) x18 0x00000000
core   0: 0x80009348 (0x00000013) nop
core   0: 3 0x80009348 (0x00000013)
core   0: 0x8000934c (0x010ce7b3) or      a5, s9, a6
core   0: 3 0x8000934c (0x010ce7b3) x15 0xfa4450b4
core   0: 0x80009350 (0x415151b3) sra     gp, sp, s5
core   0: 3 0x80009350 (0x415151b3) x 3 0x00000000
core   0: 0x80009354 (0xd5618893) addi    a7, gp, -682
core   0: 3 0x80009354 (0xd5618893) x17 0xfffffd56
core   0: 0x80009358 (0xf95aa413) slti    s0, s5, -107
core   0: 3 0x80009358 (0xf95aa413) x 8 0x00000000
core   0: 0x8000935c (0x41a8dd93) srai    s11, a7, 26
core   0: 3 0x8000935c (0x41a8dd93) x27 0xffffffff
core   0: 0x80009360 (0x01203cb3) snez    s9, s2
core   0: 3 0x80009360 (0x01203cb3) x25 0x00000000
core   0: 0x80009364 (0x01fea333) slt     t1, t4, t6
core   0: 3 0x80009364 (0x01fea333) x 6 0x00000001
core   0: 0x80009368 (0x4133df13) srai    t5, t2, 19
core   0: 3 0x80009368 (0x4133df13) x30 0xfffff000
core   0: 0x8000936c (0x0008ca33) xor     s4, a7, zero
core   0: 3 0x8000936c (0x0008ca33) x20 0xfffffd56
core   0: 0x80009370 (0x01631e93) slli    t4, t1, 22
core   0: 3 0x80009370 (0x01631e93) x29 0x00400000
core   0: 0x80009374 (0x013c2533) slt     a0, s8, s3
core   0: 3 0x80009374 (0x013c2533) x10 0x00000000
core   0: 0x80009378 (0x0022e7b3) or      a5, t0, sp
core   0: 3 0x80009378 (0x0022e7b3) x15 0x80015ce5
core   0: 0x8000937c (0x0192dfb3) srl     t6, t0, s9
core   0: 3 0x8000937c (0x0192dfb3) x31 0x80015ce4
core   0: 0x80009380 (0x01287b33) and     s6, a6, s2
core   0: 3 0x80009380 (0x01287b33) x22 0x00000000
core   0: 0x80009384 (0x004a9f93) slli    t6, s5, 4
core   0: 3 0x80009384 (0x004a9f93) x31 0x00007f30
core   0: 0x80009388 (0x01771693) slli    a3, a4, 23
core   0: 3 0x80009388 (0x01771693) x13 0x00000000
core   0: 0x8000938c (0x01a69893) slli    a7, a3, 26
core   0: 3 0x8000938c (0x01a69893) x17 0x00000000
core   0: 0x80009390 (0xc7b8ba17) auipc   s4, 0xc7b8b
core   0: 3 0x80009390 (0xc7b8ba17) x20 0x47b94390
core   0: 0x80009394 (0x40c2d9b3) sra     s3, t0, a2
core   0: 3 0x80009394 (0x40c2d9b3) x19 0xc000ae72
core   0: 0x80009398 (0x0009beb3) sltu    t4, s3, zero
core   0: 3 0x80009398 (0x0009beb3) x29 0x00000000
core   0: 0x8000939c (0xba35ed93) ori     s11, a1, -1117
core   0: 3 0x8000939c (0xba35ed93) x27 0xfffffba3
core   0: 0x800093a0 (0x01315193) srli    gp, sp, 19
core   0: 3 0x800093a0 (0x01315193) x 3 0x00000000
core   0: 0x800093a4 (0x412ad713) srai    a4, s5, 18
core   0: 3 0x800093a4 (0x412ad713) x14 0x00000000
core   0: 0x800093a8 (0x00000013) nop
core   0: 3 0x800093a8 (0x00000013)
core   0: 0x800093ac (0x004430b3) sltu    ra, s0, tp
core   0: 3 0x800093ac (0x004430b3) x 1 0x00000001
core   0: 0x800093b0 (0x01176633) or      a2, a4, a7
core   0: 3 0x800093b0 (0x01176633) x12 0x00000000
core   0: 0x800093b4 (0xad4a4f93) xori    t6, s4, -1324
core   0: 3 0x800093b4 (0xad4a4f93) x31 0xb846b944
core   0: 0x800093b8 (0x68494697) auipc   a3, 0x68494
core   0: 3 0x800093b8 (0x68494697) x13 0xe849d3b8
core   0: 0x800093bc (0x01979a13) slli    s4, a5, 25
core   0: 3 0x800093bc (0x01979a13) x20 0xca000000
core   0: 0x800093c0 (0x016c2b33) slt     s6, s8, s6
core   0: 3 0x800093c0 (0x016c2b33) x22 0x00000001
core   0: 0x800093c4 (0x5dd6ca93) xori    s5, a3, 1501
core   0: 3 0x800093c4 (0x5dd6ca93) x21 0xe849d665
core   0: 0x800093c8 (0x41ff0733) sub     a4, t5, t6
core   0: 3 0x800093c8 (0x41ff0733) x14 0x47b936bc
core   0: 0x800093cc (0x7da7ef13) ori     t5, a5, 2010
core   0: 3 0x800093cc (0x7da7ef13) x30 0x80015fff
core   0: 0x800093d0 (0x00d1b333) sltu    t1, gp, a3
core   0: 3 0x800093d0 (0x00d1b333) x 6 0x00000001
core   0: 0x800093d4 (0x0182fd33) and     s10, t0, s8
core   0: 3 0x800093d4 (0x0182fd33) x26 0x80015ce4
core   0: 0x800093d8 (0x000e1c93) slli    s9, t3, 0
core   0: 3 0x800093d8 (0x000e1c93) x25 0xfffff83f
core   0: 0x800093dc (0x40975a33) sra     s4, a4, s1
core   0: 3 0x800093dc (0x40975a33) x20 0x00000000
core   0: 0x800093e0 (0x01d42a33) slt     s4, s0, t4
core   0: 3 0x800093e0 (0x01d42a33) x20 0x00000000
core   0: 0x800093e4 (0x007bcab3) xor     s5, s7, t2
core   0: 3 0x800093e4 (0x007bcab3) x21 0x80011ef4
core   0: 0x800093e8 (0x00f186b3) add     a3, gp, a5
core   0: 3 0x800093e8 (0x00f186b3) x13 0x80015ce5
core   0: 0x800093ec (0x40fed913) srai    s2, t4, 15
core   0: 3 0x800093ec (0x40fed913) x18 0x00000000
core   0: 0x800093f0 (0x00508933) add     s2, ra, t0
core   0: 3 0x800093f0 (0x00508933) x18 0x80015ce5
core   0: 0x800093f4 (0x40375a93) srai    s5, a4, 3
core   0: 3 0x800093f4 (0x40375a93) x21 0x08f726d7
core   0: 0x800093f8 (0x22d22593) slti    a1, tp, 557
core   0: 3 0x800093f8 (0x22d22593) x11 0x00000001
core   0: 0x800093fc (0x5f23b013) sltiu   zero, t2, 1522
core   0: 3 0x800093fc (0x5f23b013)
core   0: 0x80009400 (0x003fabb3) slt     s7, t6, gp
core   0: 3 0x80009400 (0x003fabb3) x23 0x00000001
core   0: 0x80009404 (0x0068aeb3) slt     t4, a7, t1
core   0: 3 0x80009404 (0x0068aeb3) x29 0x00000001
core   0: 0x80009408 (0x408fd313) srai    t1, t6, 8
core   0: 3 0x80009408 (0x408fd313) x 6 0xffb846b9
core   0: 0x8000940c (0x018a86b3) add     a3, s5, s8
core   0: 3 0x8000940c (0x018a86b3) x13 0x08f726d6
core   0: 0x80009410 (0x009711b3) sll     gp, a4, s1
core   0: 3 0x80009410 (0x009711b3) x 3 0x00000000
core   0: 0x80009414 (0x00000013) nop
core   0: 3 0x80009414 (0x00000013)
core   0: 0x80009418 (0xe513f793) andi    a5, t2, -431
core   0: 3 0x80009418 (0xe513f793) x15 0x80011e40
core   0: 0x8000941c (0x01712433) slt     s0, sp, s7
core   0: 3 0x8000941c (0x01712433) x 8 0x00000000
core   0: 0x80009420 (0x34d14a93) xori    s5, sp, 845
core   0: 3 0x80009420 (0x34d14a93) x21 0x0000034c
core   0: 0x80009424 (0x017e5433) srl     s0, t3, s7
core   0: 3 0x80009424 (0x017e5433) x 8 0x7ffffc1f
core   0: 0x80009428 (0x40a25333) sra     t1, tp, a0
core   0: 3 0x80009428 (0x40a25333) x 6 0xffc0006e
core   0: 0x8000942c (0x00b0bf33) sltu    t5, ra, a1
core   0: 3 0x8000942c (0x00b0bf33) x30 0x00000000
core   0: 0x80009430 (0x004498b3) sll     a7, s1, tp
core   0: 3 0x80009430 (0x004498b3) x17 0xffffc000
core   0: 0x80009434 (0xd278c113) xori    sp, a7, -729
core   0: 3 0x80009434 (0xd278c113) x 2 0x00003d27
core   0: 0x80009438 (0xdf4a7613) andi    a2, s4, -524
core   0: 3 0x80009438 (0xdf4a7613) x12 0x00000000
core   0: 0x8000943c (0x016a78b3) and     a7, s4, s6
core   0: 3 0x8000943c (0x016a78b3) x17 0x00000000
core   0: 0x80009440 (0x402ad213) srai    tp, s5, 2
core   0: 3 0x80009440 (0x402ad213) x 4 0x000000d3
core   0: 0x80009444 (0x8279f093) andi    ra, s3, -2009
core   0: 3 0x80009444 (0x8279f093) x 1 0xc000a822
core   0: 0x80009448 (0xbcbdf793) andi    a5, s11, -1077
core   0: 3 0x80009448 (0xbcbdf793) x15 0xfffffb83
core   0: 0x8000944c (0x019821b3) slt     gp, a6, s9
core   0: 3 0x8000944c (0x019821b3) x 3 0x00000001
core   0: 0x80009450 (0x412206b3) sub     a3, tp, s2
core   0: 3 0x80009450 (0x412206b3) x13 0x7ffea3ee
core   0: 0x80009454 (0x014508b3) add     a7, a0, s4
core   0: 3 0x80009454 (0x014508b3) x17 0x00000000
core   0: 0x80009458 (0x004b6bb3) or      s7, s6, tp
core   0: 3 0x80009458 (0x004b6bb3) x23 0x000000d3
core   0: 0x8000945c (0x01145ab3) srl     s5, s0, a7
core   0: 3 0x8000945c (0x01145ab3) x21 0x7ffffc1f
core   0: 0x80009460 (0xe2cb2013) slti    zero, s6, -468
core   0: 3 0x80009460 (0xe2cb2013)
core   0: 0x80009464 (0x00000013) nop
core   0: 3 0x80009464 (0x00000013)
core   0: 0x80009468 (0x01850633) add     a2, a0, s8
core   0: 3 0x80009468 (0x01850633) x12 0xffffffff
core   0: 0x8000946c (0x0b1c3e93) sltiu   t4, s8, 177
core   0: 3 0x8000946c (0x0b1c3e93) x29 0x00000000
core   0: 0x80009470 (0x408a5f13) srai    t5, s4, 8
core   0: 3 0x80009470 (0x408a5f13) x30 0x00000000
core   0: 0x80009474 (0x019c20b3) slt     ra, s8, s9
core   0: 3 0x80009474 (0x019c20b3) x 1 0x00000000
core   0: 0x80009478 (0xe33efd13) andi    s10, t4, -461
core   0: 3 0x80009478 (0xe33efd13) x26 0x00000000
core   0: 0x8000947c (0xe9bef313) andi    t1, t4, -357
core   0: 3 0x8000947c (0xe9bef313) x 6 0x00000000
core   0: 0x80009480 (0x1154fb93) andi    s7, s1, 277
core   0: 3 0x80009480 (0x1154fb93) x23 0x00000115
core   0: 0x80009484 (0x5a60a013) slti    zero, ra, 1446
core   0: 3 0x80009484 (0x5a60a013)
core   0: 0x80009488 (0x09d2e693) ori     a3, t0, 157
core   0: 3 0x80009488 (0x09d2e693) x13 0x80015cfd
core   0: 0x8000948c (0x004eed33) or      s10, t4, tp
core   0: 3 0x8000948c (0x004eed33) x26 0x000000d3
core   0: 0x80009490 (0x01dc5893) srli    a7, s8, 29
core   0: 3 0x80009490 (0x01dc5893) x17 0x00000007
core   0: 0x80009494 (0x018c5013) srli    zero, s8, 24
core   0: 3 0x80009494 (0x018c5013)
core   0: 0x80009498 (0x015b9b93) slli    s7, s7, 21
core   0: 3 0x80009498 (0x015b9b93) x23 0x22a00000
core   0: 0x8000949c (0x010ccab3) xor     s5, s9, a6
core   0: 3 0x8000949c (0x010ccab3) x21 0x05bba88b
core   0: 0x800094a0 (0x41ba8933) sub     s2, s5, s11
core   0: 3 0x800094a0 (0x41ba8933) x18 0x05bbace8
core   0: 0x800094a4 (0x01339193) slli    gp, t2, 19
core   0: 3 0x800094a4 (0x01339193) x 3 0xf3200000
core   0: 0x800094a8 (0x00475d93) srli    s11, a4, 4
core   0: 3 0x800094a8 (0x00475d93) x27 0x047b936b
core   0: 0x800094ac (0x8f32b313) sltiu   t1, t0, -1805
core   0: 3 0x800094ac (0x8f32b313) x 6 0x00000001
core   0: 0x800094b0 (0x402fd733) sra     a4, t6, sp
core   0: 3 0x800094b0 (0x402fd733) x14 0xff708d72
core   0: 0x800094b4 (0x436f7497) auipc   s1, 0x436f7
core   0: 3 0x800094b4 (0x436f7497) x 9 0xc37004b4
core   0: 0x800094b8 (0x00000013) nop
core   0: 3 0x800094b8 (0x00000013)
core   0: 0x800094bc (0x00db6cb3) or      s9, s6, a3
core   0: 3 0x800094bc (0x00db6cb3) x25 0x80015cfd
core   0: 0x800094c0 (0x0781ec13) ori     s8, gp, 120
core   0: 3 0x800094c0 (0x0781ec13) x24 0xf3200078
core   0: 0x800094c4 (0x60483093) sltiu   ra, a6, 1540
core   0: 3 0x800094c4 (0x60483093) x 1 0x00000000
core   0: 0x800094c8 (0xb4860c13) addi    s8, a2, -1208
core   0: 3 0x800094c8 (0xb4860c13) x24 0xfffffb47
core   0: 0x800094cc (0x01a391b3) sll     gp, t2, s10
core   0: 3 0x800094cc (0x01a391b3) x 3 0xf3200000
core   0: 0x800094d0 (0xd0ef8d97) auipc   s11, 0xd0ef8
core   0: 3 0x800094d0 (0xd0ef8d97) x27 0x50f014d0
core   0: 0x800094d4 (0x3f37e513) ori     a0, a5, 1011
core   0: 3 0x800094d4 (0x3f37e513) x10 0xfffffbf3
core   0: 0x800094d8 (0x00f91993) slli    s3, s2, 15
core   0: 3 0x800094d8 (0x00f91993) x19 0xd6740000
core   0: 0x800094dc (0x01e56eb3) or      t4, a0, t5
core   0: 3 0x800094dc (0x01e56eb3) x29 0xfffffbf3
core   0: 0x800094e0 (0x010b27b3) slt     a5, s6, a6
core   0: 3 0x800094e0 (0x010b27b3) x15 0x00000000
core   0: 0x800094e4 (0x00000013) nop
core   0: 3 0x800094e4 (0x00000013)
core   0: 0x800094e8 (0x7cda7d13) andi    s10, s4, 1997
core   0: 3 0x800094e8 (0x7cda7d13) x26 0x00000000
core   0: 0x800094ec (0xd7b26e13) ori     t3, tp, -645
core   0: 3 0x800094ec (0xd7b26e13) x28 0xfffffdfb
core   0: 0x800094f0 (0x019e0733) add     a4, t3, s9
core   0: 3 0x800094f0 (0x019e0733) x14 0x80015af8
core   0: 0x800094f4 (0x00c01593) slli    a1, zero, 12
core   0: 3 0x800094f4 (0x00c01593) x11 0x00000000
core   0: 0x800094f8 (0x4177dd33) sra     s10, a5, s7
core   0: 3 0x800094f8 (0x4177dd33) x26 0x00000000
core   0: 0x800094fc (0xfa8e8113) addi    sp, t4, -88
core   0: 3 0x800094fc (0xfa8e8113) x 2 0xfffffb9b
core   0: 0x80009500 (0x006a0a33) add     s4, s4, t1
core   0: 3 0x80009500 (0x006a0a33) x20 0x00000001
core   0: 0x80009504 (0x01e5f333) and     t1, a1, t5
core   0: 3 0x80009504 (0x01e5f333) x 6 0x00000000
core   0: 0x80009508 (0x00592c33) slt     s8, s2, t0
core   0: 3 0x80009508 (0x00592c33) x24 0x00000000
core   0: 0x8000950c (0x00fd75b3) and     a1, s10, a5
core   0: 3 0x8000950c (0x00fd75b3) x11 0x00000000
core   0: 0x80009510 (0xa2b33913) sltiu   s2, t1, -1493
core   0: 3 0x80009510 (0xa2b33913) x18 0x00000001
core   0: 0x80009514 (0xc1883213) sltiu   tp, a6, -1000
core   0: 3 0x80009514 (0xc1883213) x 4 0x00000001
core   0: 0x80009518 (0x440e2f13) slti    t5, t3, 1088
core   0: 3 0x80009518 (0x440e2f13) x30 0x00000001
core   0: 0x8000951c (0x01ffb033) sltu    zero, t6, t6
core   0: 3 0x8000951c (0x01ffb033)
core   0: 0x80009520 (0x01e01313) slli    t1, zero, 30
core   0: 3 0x80009520 (0x01e01313) x 6 0x00000000
core   0: 0x80009524 (0x41b18d33) sub     s10, gp, s11
core   0: 3 0x80009524 (0x41b18d33) x26 0xa22feb30
core   0: 0x80009528 (0x00c821b3) slt     gp, a6, a2
core   0: 3 0x80009528 (0x00c821b3) x 3 0x00000001
core   0: 0x8000952c (0x01abf333) and     t1, s7, s10
core   0: 3 0x8000952c (0x01abf333) x 6 0x22200000
core   0: 0x80009530 (0x015a2933) slt     s2, s4, s5
core   0: 3 0x80009530 (0x015a2933) x18 0x00000001
core   0: 0x80009534 (0xeb128ab7) lui     s5, 0xeb128
core   0: 3 0x80009534 (0xeb128ab7) x21 0xeb128000
core   0: 0x80009538 (0x01c31233) sll     tp, t1, t3
core   0: 3 0x80009538 (0x01c31233) x 4 0x00000000
core   0: 0x8000953c (0x6c8ba997) auipc   s3, 0x6c8ba
core   0: 3 0x8000953c (0x6c8ba997) x19 0xec8c353c
core   0: 0x80009540 (0x008db4b3) sltu    s1, s11, s0
core   0: 3 0x80009540 (0x008db4b3) x 9 0x00000001
core   0: 0x80009544 (0x01209033) sll     zero, ra, s2
core   0: 3 0x80009544 (0x01209033)
core   0: 0x80009548 (0x00f4efb3) or      t6, s1, a5
core   0: 3 0x80009548 (0x00f4efb3) x31 0x00000001
core   0: 0x8000954c (0x01bfbfb3) sltu    t6, t6, s11
core   0: 3 0x8000954c (0x01bfbfb3) x31 0x00000001
core   0: 0x80009550 (0x01525133) srl     sp, tp, s5
core   0: 3 0x80009550 (0x01525133) x 2 0x00000000
core   0: 0x80009554 (0x81f80c93) addi    s9, a6, -2017
core   0: 3 0x80009554 (0x81f80c93) x25 0xfa4448d3
core   0: 0x80009558 (0x01c91993) slli    s3, s2, 28
core   0: 3 0x80009558 (0x01c91993) x19 0x10000000
core   0: 0x8000955c (0x54be3013) sltiu   zero, t3, 1355
core   0: 3 0x8000955c (0x54be3013)
core   0: 0x80009560 (0x0123f033) and     zero, t2, s2
core   0: 3 0x80009560 (0x0123f033)
core   0: 0x80009564 (0xe65f2913) slti    s2, t5, -411
core   0: 3 0x80009564 (0xe65f2913) x18 0x00000000
core   0: 0x80009568 (0x00842bb3) slt     s7, s0, s0
core   0: 3 0x80009568 (0x00842bb3) x23 0x00000000
core   0: 0x8000956c (0xd210c713) xori    a4, ra, -735
core   0: 3 0x8000956c (0xd210c713) x14 0xfffffd21
core   0: 0x80009570 (0x059a8217) auipc   tp, 0x59a8
core   0: 3 0x80009570 (0x059a8217) x 4 0x859b1570
core   0: 0x80009574 (0x0149bab3) sltu    s5, s3, s4
core   0: 3 0x80009574 (0x0149bab3) x21 0x00000000
core   0: 0x80009578 (0x006386b3) add     a3, t2, t1
core   0: 3 0x80009578 (0x006386b3) x13 0xa2211e64
core   0: 0x8000957c (0x4ba07193) andi    gp, zero, 1210
core   0: 3 0x8000957c (0x4ba07193) x 3 0x00000000
core   0: 0x80009580 (0x6c254c17) auipc   s8, 0x6c254
core   0: 3 0x80009580 (0x6c254c17) x24 0xec25d580
core   0: 0x80009584 (0x00319333) sll     t1, gp, gp
core   0: 3 0x80009584 (0x00319333) x 6 0x00000000
core   0: 0x80009588 (0x72ef2d17) auipc   s10, 0x72ef2
core   0: 3 0x80009588 (0x72ef2d17) x26 0xf2efb588
core   0: 0x8000958c (0x40ac04b3) sub     s1, s8, a0
core   0: 3 0x8000958c (0x40ac04b3) x 9 0xec25d98d
core   0: 0x80009590 (0x41010e33) sub     t3, sp, a6
core   0: 3 0x80009590 (0x41010e33) x28 0x05bbaf4c
core   0: 0x80009594 (0x41fd8733) sub     a4, s11, t6
core   0: 3 0x80009594 (0x41fd8733) x14 0x50f014cf
core   0: 0x80009598 (0x00959133) sll     sp, a1, s1
core   0: 3 0x80009598 (0x00959133) x 2 0x00000000
core   0: 0x8000959c (0x405adbb3) sra     s7, s5, t0
core   0: 3 0x8000959c (0x405adbb3) x23 0x00000000
core   0: 0x800095a0 (0x00000013) nop
core   0: 3 0x800095a0 (0x00000013)
core   0: 0x800095a4 (0x3bd95697) auipc   a3, 0x3bd95
core   0: 3 0x800095a4 (0x3bd95697) x13 0xbbd9e5a4
core   0: 0x800095a8 (0x40cbd0b3) sra     ra, s7, a2
core   0: 3 0x800095a8 (0x40cbd0b3) x 1 0x00000000
core   0: 0x800095ac (0xaf1f0b93) addi    s7, t5, -1295
core   0: 3 0x800095ac (0xaf1f0b93) x23 0xfffffaf2
core   0: 0x800095b0 (0x00000013) nop
core   0: 3 0x800095b0 (0x00000013)
core   0: 0x800095b4 (0x01731893) slli    a7, t1, 23
core   0: 3 0x800095b4 (0x01731893) x17 0x00000000
core   0: 0x800095b8 (0xb92d2317) auipc   t1, 0xb92d2
core   0: 3 0x800095b8 (0xb92d2317) x 6 0x392db5b8
core   0: 0x800095bc (0xd3463b13) sltiu   s6, a2, -716
core   0: 3 0x800095bc (0xd3463b13) x22 0x00000000
core   0: 0x800095c0 (0x41f789b3) sub     s3, a5, t6
core   0: 3 0x800095c0 (0x41f789b3) x19 0xffffffff
core   0: 0x800095c4 (0x00aa7ab3) and     s5, s4, a0
core   0: 3 0x800095c4 (0x00aa7ab3) x21 0x00000001
core   0: 0x800095c8 (0x1a687713) andi    a4, a6, 422
core   0: 3 0x800095c8 (0x1a687713) x14 0x000000a4
core   0: 0x800095cc (0x01ef1a93) slli    s5, t5, 30
core   0: 3 0x800095cc (0x01ef1a93) x21 0x40000000
core   0: 0x800095d0 (0x8a78c793) xori    a5, a7, -1881
core   0: 3 0x800095d0 (0x8a78c793) x15 0xfffff8a7
core   0: 0x800095d4 (0x4c590093) addi    ra, s2, 1221
core   0: 3 0x800095d4 (0x4c590093) x 1 0x000004c5
core   0: 0x800095d8 (0x00b51213) slli    tp, a0, 11
core   0: 3 0x800095d8 (0x00b51213) x 4 0xffdf9800
core   0: 0x800095dc (0x054f2c93) slti    s9, t5, 84
core   0: 3 0x800095dc (0x054f2c93) x25 0x00000001
core   0: 0x800095e0 (0x017355b3) srl     a1, t1, s7
core   0: 3 0x800095e0 (0x017355b3) x11 0x00000e4b
core   0: 0x800095e4 (0x017384b3) add     s1, t2, s7
core   0: 3 0x800095e4 (0x017384b3) x 9 0x80011956
core   0: 0x800095e8 (0x00000013) nop
core   0: 3 0x800095e8 (0x00000013)
core   0: 0x800095ec (0x5aba8713) addi    a4, s5, 1451
core   0: 3 0x800095ec (0x5aba8713) x14 0x400005ab
core   0: 0x800095f0 (0x006659b3) srl     s3, a2, t1
core   0: 3 0x800095f0 (0x006659b3) x19 0x000000ff
core   0: 0x800095f4 (0x000f7033) and     zero, t5, zero
core   0: 3 0x800095f4 (0x000f7033)
core   0: 0x800095f8 (0x190d4713) xori    a4, s10, 400
core   0: 3 0x800095f8 (0x190d4713) x14 0xf2efb418
core   0: 0x800095fc (0x01b42233) slt     tp, s0, s11
core   0: 3 0x800095fc (0x01b42233) x 4 0x00000000
core   0: 0x80009600 (0x0cbbafb7) lui     t6, 0xcbba
core   0: 3 0x80009600 (0x0cbbafb7) x31 0x0cbba000
core   0: 0x80009604 (0x01d6e033) or      zero, a3, t4
core   0: 3 0x80009604 (0x01d6e033)
core   0: 0x80009608 (0x008b5093) srli    ra, s6, 8
core   0: 3 0x80009608 (0x008b5093) x 1 0x00000000
core   0: 0x8000960c (0x009bef33) or      t5, s7, s1
core   0: 3 0x8000960c (0x009bef33) x30 0xfffffbf6
core   0: 0x80009610 (0xa55c7413) andi    s0, s8, -1451
core   0: 3 0x80009610 (0xa55c7413) x 8 0xec25d000
core   0: 0x80009614 (0x01481133) sll     sp, a6, s4
core   0: 3 0x80009614 (0x01481133) x 2 0xf488a168
core   0: 0x80009618 (0x00f11213) slli    tp, sp, 15
core   0: 3 0x80009618 (0x00f11213) x 4 0x50b40000
core   0: 0x8000961c (0x00f7d213) srli    tp, a5, 15
core   0: 3 0x8000961c (0x00f7d213) x 4 0x0001ffff
core   0: 0x80009620 (0xe6367e93) andi    t4, a2, -413
core   0: 3 0x80009620 (0xe6367e93) x29 0xfffffe63
core   0: 0x80009624 (0xa7cb5597) auipc   a1, 0xa7cb5
core   0: 3 0x80009624 (0xa7cb5597) x11 0x27cbe624
core   0: 0x80009628 (0x71806b13) ori     s6, zero, 1816
core   0: 3 0x80009628 (0x71806b13) x22 0x00000718
core   0: 0x8000962c (0x00c7bcb3) sltu    s9, a5, a2
core   0: 3 0x8000962c (0x00c7bcb3) x25 0x00000001
core   0: 0x80009630 (0x00aa3cb3) sltu    s9, s4, a0
core   0: 3 0x80009630 (0x00aa3cb3) x25 0x00000001
core   0: 0x80009634 (0x004190b3) sll     ra, gp, tp
core   0: 3 0x80009634 (0x004190b3) x 1 0x00000000
core   0: 0x80009638 (0x00000013) nop
core   0: 3 0x80009638 (0x00000013)
core   0: 0x8000963c (0x400a8133) sub     sp, s5, zero
core   0: 3 0x8000963c (0x400a8133) x 2 0x40000000
core   0: 0x80009640 (0x017c9eb3) sll     t4, s9, s7
core   0: 3 0x80009640 (0x017c9eb3) x29 0x00040000
core   0: 0x80009644 (0x3dffc493) xori    s1, t6, 991
core   0: 3 0x80009644 (0x3dffc493) x 9 0x0cbba3df
core   0: 0x80009648 (0x009d3733) sltu    a4, s10, s1
core   0: 3 0x80009648 (0x009d3733) x14 0x00000000
core   0: 0x8000964c (0x0012ad33) slt     s10, t0, ra
core   0: 3 0x8000964c (0x0012ad33) x26 0x00000001
core   0: 0x80009650 (0x00f9df13) srli    t5, s3, 15
core   0: 3 0x80009650 (0x00f9df13) x30 0x00000000
core   0: 0x80009654 (0x01b2a8b3) slt     a7, t0, s11
core   0: 3 0x80009654 (0x01b2a8b3) x17 0x00000001
core   0: 0x80009658 (0x00a70bb3) add     s7, a4, a0
core   0: 3 0x80009658 (0x00a70bb3) x23 0xfffffbf3
core   0: 0x8000965c (0xd9ac8337) lui     t1, 0xd9ac8
core   0: 3 0x8000965c (0xd9ac8337) x 6 0xd9ac8000
core   0: 0x80009660 (0x4120d593) srai    a1, ra, 18
core   0: 3 0x80009660 (0x4120d593) x11 0x00000000
core   0: 0x80009664 (0x41705233) sra     tp, zero, s7
core   0: 3 0x80009664 (0x41705233) x 4 0x00000000
core   0: 0x80009668 (0x00541a93) slli    s5, s0, 5
core   0: 3 0x80009668 (0x00541a93) x21 0x84ba0000
core   0: 0x8000966c (0xaf4e8f93) addi    t6, t4, -1292
core   0: 3 0x8000966c (0xaf4e8f93) x31 0x0003faf4
core   0: 0x80009670 (0xaee9b213) sltiu   tp, s3, -1298
core   0: 3 0x80009670 (0xaee9b213) x 4 0x00000001
core   0: 0x80009674 (0x015a81b3) add     gp, s5, s5
core   0: 3 0x80009674 (0x015a81b3) x 3 0x09740000
core   0: 0x80009678 (0xcb14e893) ori     a7, s1, -847
core   0: 3 0x80009678 (0xcb14e893) x17 0xffffffff
core   0: 0x8000967c (0x40b38133) sub     sp, t2, a1
core   0: 3 0x8000967c (0x40b38133) x 2 0x80011e64
core   0: 0x80009680 (0x0119ad33) slt     s10, s3, a7
core   0: 3 0x80009680 (0x0119ad33) x26 0x00000000
core   0: 0x80009684 (0x019d6733) or      a4, s10, s9
core   0: 3 0x80009684 (0x019d6733) x14 0x00000001
core   0: 0x80009688 (0x017e1113) slli    sp, t3, 23
core   0: 3 0x80009688 (0x017e1113) x 2 0xa6000000
core   0: 0x8000968c (0x00000013) nop
core   0: 3 0x8000968c (0x00000013)
core   0: 0x80009690 (0x014317b3) sll     a5, t1, s4
core   0: 3 0x80009690 (0x014317b3) x15 0xb3590000
core   0: 0x80009694 (0x00f67333) and     t1, a2, a5
core   0: 3 0x80009694 (0x00f67333) x 6 0xb3590000
core   0: 0x80009698 (0x510afd13) andi    s10, s5, 1296
core   0: 3 0x80009698 (0x510afd13) x26 0x00000000
core   0: 0x8000969c (0x54d24513) xori    a0, tp, 1357
core   0: 3 0x8000969c (0x54d24513) x10 0x0000054c
core   0: 0x800096a0 (0xd3a76037) lui     zero, 0xd3a76
core   0: 3 0x800096a0 (0xd3a76037)
core   0: 0x800096a4 (0x01ec1133) sll     sp, s8, t5
core   0: 3 0x800096a4 (0x01ec1133) x 2 0xec25d580
core   0: 0x800096a8 (0x41d85213) srai    tp, a6, 29
core   0: 3 0x800096a8 (0x41d85213) x 4 0xffffffff
core   0: 0x800096ac (0xb8c6d317) auipc   t1, 0xb8c6d
core   0: 3 0x800096ac (0xb8c6d317) x 6 0x38c766ac
core   0: 0x800096b0 (0x2adc4e13) xori    t3, s8, 685
core   0: 3 0x800096b0 (0x2adc4e13) x28 0xec25d72d
core   0: 0x800096b4 (0x3f246993) ori     s3, s0, 1010
core   0: 3 0x800096b4 (0x3f246993) x19 0xec25d3f2
core   0: 0x800096b8 (0x0183cd33) xor     s10, t2, s8
core   0: 3 0x800096b8 (0x0183cd33) x26 0x6c24cbe4
core   0: 0x800096bc (0x010b2a33) slt     s4, s6, a6
core   0: 3 0x800096bc (0x010b2a33) x20 0x00000000
core   0: 0x800096c0 (0x01b86bb3) or      s7, a6, s11
core   0: 3 0x800096c0 (0x01b86bb3) x23 0xfaf454f4
core   0: 0x800096c4 (0x7f347d13) andi    s10, s0, 2035
core   0: 3 0x800096c4 (0x7f347d13) x26 0x00000000
core   0: 0x800096c8 (0xecd38213) addi    tp, t2, -307
core   0: 3 0x800096c8 (0xecd38213) x 4 0x80011d31
core   0: 0x800096cc (0x8f19c213) xori    tp, s3, -1807
core   0: 3 0x800096cc (0x8f19c213) x 4 0x13da2b03
core   0: 0x800096d0 (0x00dd1bb3) sll     s7, s10, a3
core   0: 3 0x800096d0 (0x00dd1bb3) x23 0x00000000
core   0: 0x800096d4 (0x01db9d13) slli    s10, s7, 29
core   0: 3 0x800096d4 (0x01db9d13) x26 0x00000000
core   0: 0x800096d8 (0x00eeccb3) xor     s9, t4, a4
core   0: 3 0x800096d8 (0x00eeccb3) x25 0x00040001
core   0: 0x800096dc (0x41b6d793) srai    a5, a3, 27
core   0: 3 0x800096dc (0x41b6d793) x15 0xfffffff7
core   0: 0x800096e0 (0x256eae93) slti    t4, t4, 598
core   0: 3 0x800096e0 (0x256eae93) x29 0x00000000
core   0: 0x800096e4 (0x41db5a13) srai    s4, s6, 29
core   0: 3 0x800096e4 (0x41db5a13) x20 0x00000000
core   0: 0x800096e8 (0x01d88733) add     a4, a7, t4
core   0: 3 0x800096e8 (0x01d88733) x14 0xffffffff
core   0: 0x800096ec (0x3ffc8513) addi    a0, s9, 1023
core   0: 3 0x800096ec (0x3ffc8513) x10 0x00040400
core   0: 0x800096f0 (0x014c46b3) xor     a3, s8, s4
core   0: 3 0x800096f0 (0x014c46b3) x13 0xec25d580
core   0: 0x800096f4 (0x41475eb3) sra     t4, a4, s4
core   0: 3 0x800096f4 (0x41475eb3) x29 0xffffffff
core   0: 0x800096f8 (0x001ad5b3) srl     a1, s5, ra
core   0: 3 0x800096f8 (0x001ad5b3) x11 0x84ba0000
core   0: 0x800096fc (0x40a1ddb3) sra     s11, gp, a0
core   0: 3 0x800096fc (0x40a1ddb3) x27 0x09740000
core   0: 0x80009700 (0x7f937793) andi    a5, t1, 2041
core   0: 3 0x80009700 (0x7f937793) x15 0x000006a8
core   0: 0x80009704 (0x00d97ab3) and     s5, s2, a3
core   0: 3 0x80009704 (0x00d97ab3) x21 0x00000000
core   0: 0x80009708 (0x409fda93) srai    s5, t6, 9
core   0: 3 0x80009708 (0x409fda93) x21 0x000001fd
core   0: 0x8000970c (0x012bbe93) sltiu   t4, s7, 18
core   0: 3 0x8000970c (0x012bbe93) x29 0x00000001
core   0: 0x80009710 (0xb61aa413) slti    s0, s5, -1183
core   0: 3 0x80009710 (0xb61aa413) x 8 0x00000000
core   0: 0x80009714 (0x0000b0b3) sltu    ra, ra, zero
core   0: 3 0x80009714 (0x0000b0b3) x 1 0x00000000
core   0: 0x80009718 (0x17aa0417) auipc   s0, 0x17aa0
core   0: 3 0x80009718 (0x17aa0417) x 8 0x97aa9718
core   0: 0x8000971c (0x01b33433) sltu    s0, t1, s11
core   0: 3 0x8000971c (0x01b33433) x 8 0x00000000
core   0: 0x80009720 (0x00000013) nop
core   0: 3 0x80009720 (0x00000013)
core   0: 0x80009724 (0x8a67fbb7) lui     s7, 0x8a67f
core   0: 3 0x80009724 (0x8a67fbb7) x23 0x8a67f000
core   0: 0x80009728 (0x00e5d313) srli    t1, a1, 14
core   0: 3 0x80009728 (0x00e5d313) x 6 0x000212e8
core   0: 0x8000972c (0x00247db3) and     s11, s0, sp
core   0: 3 0x8000972c (0x00247db3) x27 0x00000000
core   0: 0x80009730 (0x00e11db3) sll     s11, sp, a4
core   0: 3 0x80009730 (0x00e11db3) x27 0x00000000
core   0: 0x80009734 (0x00000013) nop
core   0: 3 0x80009734 (0x00000013)
core   0: 0x80009738 (0x00000013) nop
core   0: 3 0x80009738 (0x00000013)
core   0: 0x8000973c (0x0014b7b3) sltu    a5, s1, ra
core   0: 3 0x8000973c (0x0014b7b3) x15 0x00000000
core   0: 0x80009740 (0x88def093) andi    ra, t4, -1907
core   0: 3 0x80009740 (0x88def093) x 1 0x00000001
core   0: 0x80009744 (0x08537793) andi    a5, t1, 133
core   0: 3 0x80009744 (0x08537793) x15 0x00000080
core   0: 0x80009748 (0x4db90c13) addi    s8, s2, 1243
core   0: 3 0x80009748 (0x4db90c13) x24 0x000004db
core   0: 0x8000974c (0x6c1ced13) ori     s10, s9, 1729
core   0: 3 0x8000974c (0x6c1ced13) x26 0x000406c1
core   0: 0x80009750 (0x011e8f33) add     t5, t4, a7
core   0: 3 0x80009750 (0x011e8f33) x30 0x00000000
core   0: 0x80009754 (0x83399b17) auipc   s6, 0x83399
core   0: 3 0x80009754 (0x83399b17) x22 0x033a2754
core   0: 0x80009758 (0x00e981b3) add     gp, s3, a4
core   0: 3 0x80009758 (0x00e981b3) x 3 0xec25d3f1
core   0: 0x8000975c (0x41ef0cb3) sub     s9, t5, t5
core   0: 3 0x8000975c (0x41ef0cb3) x25 0x00000000
core   0: 0x80009760 (0x00357a33) and     s4, a0, gp
core   0: 3 0x80009760 (0x00357a33) x20 0x00040000
core   0: 0x80009764 (0x833b2b13) slti    s6, s6, -1997
core   0: 3 0x80009764 (0x833b2b13) x22 0x00000000
core   0: 0x80009768 (0x00669913) slli    s2, a3, 6
core   0: 3 0x80009768 (0x00669913) x18 0x09756000
core   0: 0x8000976c (0x01e569b3) or      s3, a0, t5
core   0: 3 0x8000976c (0x01e569b3) x19 0x00040400
core   0: 0x80009770 (0x00000013) nop
core   0: 3 0x80009770 (0x00000013)
core   0: 0x80009774 (0x00000013) nop
core   0: 3 0x80009774 (0x00000013)
core   0: 0x80009778 (0x014b8eb3) add     t4, s7, s4
core   0: 3 0x80009778 (0x014b8eb3) x29 0x8a6bf000
core   0: 0x8000977c (0x01ce1e33) sll     t3, t3, t3
core   0: 3 0x8000977c (0x01ce1e33) x28 0xbae5a000
core   0: 0x80009780 (0x40ef8133) sub     sp, t6, a4
core   0: 3 0x80009780 (0x40ef8133) x 2 0x0003faf5
core   0: 0x80009784 (0x005ebb33) sltu    s6, t4, t0
core   0: 3 0x80009784 (0x005ebb33) x22 0x00000000
core   0: 0x80009788 (0x01569793) slli    a5, a3, 21
core   0: 3 0x80009788 (0x01569793) x15 0xb0000000
core   0: 0x8000978c (0x25dbaf13) slti    t5, s7, 605
core   0: 3 0x8000978c (0x25dbaf13) x30 0x00000001
core   0: 0x80009790 (0x00528533) add     a0, t0, t0
core   0: 3 0x80009790 (0x00528533) x10 0x0002b9c8
core   0: 0x80009794 (0x01a8bc33) sltu    s8, a7, s10
core   0: 3 0x80009794 (0x01a8bc33) x24 0x00000000
core   0: 0x80009798 (0x010c81b3) add     gp, s9, a6
core   0: 3 0x80009798 (0x010c81b3) x 3 0xfa4450b4
core   0: 0x8000979c (0x27193513) sltiu   a0, s2, 625
core   0: 3 0x8000979c (0x27193513) x10 0x00000000
core   0: 0x800097a0 (0x01e54c33) xor     s8, a0, t5
core   0: 3 0x800097a0 (0x01e54c33) x24 0x00000001
core   0: 0x800097a4 (0x41dedfb3) sra     t6, t4, t4
core   0: 3 0x800097a4 (0x41dedfb3) x31 0x8a6bf000
core   0: 0x800097a8 (0x174d97b7) lui     a5, 0x174d9
core   0: 3 0x800097a8 (0x174d97b7) x15 0x174d9000
core   0: 0x800097ac (0x418754b3) sra     s1, a4, s8
core   0: 3 0x800097ac (0x418754b3) x 9 0xffffffff
core   0: 0x800097b0 (0x008b5c93) srli    s9, s6, 8
core   0: 3 0x800097b0 (0x008b5c93) x25 0x00000000
core   0: 0x800097b4 (0x4193d193) srai    gp, t2, 25
core   0: 3 0x800097b4 (0x4193d193) x 3 0xffffffc0
core   0: 0x800097b8 (0x41435933) sra     s2, t1, s4
core   0: 3 0x800097b8 (0x41435933) x18 0x000212e8
core   0: 0x800097bc (0x011d5f13) srli    t5, s10, 17
core   0: 3 0x800097bc (0x011d5f13) x30 0x00000002
core   0: 0x800097c0 (0x005b16b3) sll     a3, s6, t0
core   0: 3 0x800097c0 (0x005b16b3) x13 0x00000000
core   0: 0x800097c4 (0x53b67d13) andi    s10, a2, 1339
core   0: 3 0x800097c4 (0x53b67d13) x26 0x0000053b
core   0: 0x800097c8 (0x40aa0533) sub     a0, s4, a0
core   0: 3 0x800097c8 (0x40aa0533) x10 0x00040000
core   0: 0x800097cc (0x000331b3) sltu    gp, t1, zero
core   0: 3 0x800097cc (0x000331b3) x 3 0x00000000
core   0: 0x800097d0 (0xf4321e97) auipc   t4, 0xf4321
core   0: 3 0x800097d0 (0xf4321e97) x29 0x7432a7d0
core   0: 0x800097d4 (0x01c15233) srl     tp, sp, t3
core   0: 3 0x800097d4 (0x01c15233) x 4 0x0003faf5
core   0: 0x800097d8 (0x412b0d13) addi    s10, s6, 1042
core   0: 3 0x800097d8 (0x412b0d13) x26 0x00000412
core   0: 0x800097dc (0x62b82f93) slti    t6, a6, 1579
core   0: 3 0x800097dc (0x62b82f93) x31 0x00000001
core   0: 0x800097e0 (0x000647b3) xor     a5, a2, zero
core   0: 3 0x800097e0 (0x000647b3) x15 0xffffffff
core   0: 0x800097e4 (0x009d9633) sll     a2, s11, s1
core   0: 3 0x800097e4 (0x009d9633) x12 0x00000000
core   0: 0x800097e8 (0x41018333) sub     t1, gp, a6
core   0: 3 0x800097e8 (0x41018333) x 6 0x05bbaf4c
core   0: 0x800097ec (0x004b0333) add     t1, s6, tp
core   0: 3 0x800097ec (0x004b0333) x 6 0x0003faf5
core   0: 0x800097f0 (0x76eee593) ori     a1, t4, 1902
core   0: 3 0x800097f0 (0x76eee593) x11 0x7432a7fe
core   0: 0x800097f4 (0x017ba433) slt     s0, s7, s7
core   0: 3 0x800097f4 (0x017ba433) x 8 0x00000000
core   0: 0x800097f8 (0x00375bb3) srl     s7, a4, gp
core   0: 3 0x800097f8 (0x00375bb3) x23 0xffffffff
core   0: 0x800097fc (0x01cc6a33) or      s4, s8, t3
core   0: 3 0x800097fc (0x01cc6a33) x20 0xbae5a001
core   0: 0x80009800 (0x4006d033) sra     zero, a3, zero
core   0: 3 0x80009800 (0x4006d033)
core   0: 0x80009804 (0xc58ca013) slti    zero, s9, -936
core   0: 3 0x80009804 (0xc58ca013)
core   0: 0x80009808 (0x13120893) addi    a7, tp, 305
core   0: 3 0x80009808 (0x13120893) x17 0x0003fc26
core   0: 0x8000980c (0x00000013) nop
core   0: 3 0x8000980c (0x00000013)
core   0: 0x80009810 (0x2a99ff13) andi    t5, s3, 681
core   0: 3 0x80009810 (0x2a99ff13) x30 0x00000000
core   0: 0x80009814 (0x01f2e733) or      a4, t0, t6
core   0: 3 0x80009814 (0x01f2e733) x14 0x80015ce5
core   0: 0x80009818 (0x00000013) nop
core   0: 3 0x80009818 (0x00000013)
core   0: 0x8000981c (0x00b21733) sll     a4, tp, a1
core   0: 3 0x8000981c (0x00b21733) x14 0x40000000
core   0: 0x80009820 (0x012c8b33) add     s6, s9, s2
core   0: 3 0x80009820 (0x012c8b33) x22 0x000212e8
core   0: 0x80009824 (0x414f0633) sub     a2, t5, s4
core   0: 3 0x80009824 (0x414f0633) x12 0x451a5fff
core   0: 0x80009828 (0xc3bfaf93) slti    t6, t6, -965
core   0: 3 0x80009828 (0xc3bfaf93) x31 0x00000000
core   0: 0x8000982c (0x01139ab3) sll     s5, t2, a7
core   0: 3 0x8000982c (0x01139ab3) x21 0x00479900
core   0: 0x80009830 (0x00e11333) sll     t1, sp, a4
core   0: 3 0x80009830 (0x00e11333) x 6 0x0003faf5
core   0: 0x80009834 (0x015e67b3) or      a5, t3, s5
core   0: 3 0x80009834 (0x015e67b3) x15 0xbae7b900
core   0: 0x80009838 (0x01dc6333) or      t1, s8, t4
core   0: 3 0x80009838 (0x01dc6333) x 6 0x7432a7d1
core   0: 0x8000983c (0x00000013) nop
core   0: 3 0x8000983c (0x00000013)
core   0: 0x80009840 (0x018fdd33) srl     s10, t6, s8
core   0: 3 0x80009840 (0x018fdd33) x26 0x00000000
core   0: 0x80009844 (0x00fd1f13) slli    t5, s10, 15
core   0: 3 0x80009844 (0x00fd1f13) x30 0x00000000
core   0: 0x80009848 (0x63232f13) slti    t5, t1, 1586
core   0: 3 0x80009848 (0x63232f13) x30 0x00000000
core   0: 0x8000984c (0x00000013) nop
core   0: 3 0x8000984c (0x00000013)
core   0: 0x80009850 (0x004008b3) add     a7, zero, tp
core   0: 3 0x80009850 (0x004008b3) x17 0x0003faf5
core   0: 0x80009854 (0x00804033) xor     zero, zero, s0
core   0: 3 0x80009854 (0x00804033)
core   0: 0x80009858 (0x7d3ed997) auipc   s3, 0x7d3ed
core   0: 3 0x80009858 (0x7d3ed997) x19 0xfd3f6858
core   0: 0x8000985c (0x016fd993) srli    s3, t6, 22
core   0: 3 0x8000985c (0x016fd993) x19 0x00000000
core   0: 0x80009860 (0x00000013) nop
core   0: 3 0x80009860 (0x00000013)
core   0: 0x80009864 (0x3fa7cb13) xori    s6, a5, 1018
core   0: 3 0x80009864 (0x3fa7cb13) x22 0xbae7bafa
core   0: 0x80009868 (0x7bd42613) slti    a2, s0, 1981
core   0: 3 0x80009868 (0x7bd42613) x12 0x00000001
core   0: 0x8000986c (0x01edf633) and     a2, s11, t5
core   0: 3 0x8000986c (0x01edf633) x12 0x00000000
core   0: 0x80009870 (0xe4d1ac93) slti    s9, gp, -435
core   0: 3 0x80009870 (0xe4d1ac93) x25 0x00000000
core   0: 0x80009874 (0x00829e33) sll     t3, t0, s0
core   0: 3 0x80009874 (0x00829e33) x28 0x80015ce4
core   0: 0x80009878 (0x5e8eb213) sltiu   tp, t4, 1512
core   0: 3 0x80009878 (0x5e8eb213) x 4 0x00000000
core   0: 0x8000987c (0x403309b3) sub     s3, t1, gp
core   0: 3 0x8000987c (0x403309b3) x19 0x7432a7d1
core   0: 0x80009880 (0xaa3c4513) xori    a0, s8, -1373
core   0: 3 0x80009880 (0xaa3c4513) x10 0xfffffaa2
core   0: 0x80009884 (0x00765c33) srl     s8, a2, t2
core   0: 3 0x80009884 (0x00765c33) x24 0x00000000
core   0: 0x80009888 (0x6867e313) ori     t1, a5, 1670
core   0: 3 0x80009888 (0x6867e313) x 6 0xbae7bf86
core   0: 0x8000988c (0x413adc93) srai    s9, s5, 19
core   0: 3 0x8000988c (0x413adc93) x25 0x00000008
core   0: 0x80009890 (0xae5ebc37) lui     s8, 0xae5eb
core   0: 3 0x80009890 (0xae5ebc37) x24 0xae5eb000
core   0: 0x80009894 (0x6170a913) slti    s2, ra, 1559
core   0: 3 0x80009894 (0x6170a913) x18 0x00000001
core   0: 0x80009898 (0x016411b3) sll     gp, s0, s6
core   0: 3 0x80009898 (0x016411b3) x 3 0x00000000
core   0: 0x8000989c (0x01449213) slli    tp, s1, 20
core   0: 3 0x8000989c (0x01449213) x 4 0xfff00000
core   0: 0x800098a0 (0x00700733) add     a4, zero, t2
core   0: 3 0x800098a0 (0x00700733) x14 0x80011e64
core   0: 0x800098a4 (0x40eed7b3) sra     a5, t4, a4
core   0: 3 0x800098a4 (0x40eed7b3) x15 0x07432a7d
core   0: 0x800098a8 (0x0035d5b3) srl     a1, a1, gp
core   0: 3 0x800098a8 (0x0035d5b3) x11 0x7432a7fe
core   0: 0x800098ac (0x419985b3) sub     a1, s3, s9
core   0: 3 0x800098ac (0x419985b3) x11 0x7432a7c9
core   0: 0x800098b0 (0xa239fa13) andi    s4, s3, -1501
core   0: 3 0x800098b0 (0xa239fa13) x20 0x7432a201
core   0: 0x800098b4 (0x019a1f93) slli    t6, s4, 25
core   0: 3 0x800098b4 (0x019a1f93) x31 0x02000000
core   0: 0x800098b8 (0x00228933) add     s2, t0, sp
core   0: 3 0x800098b8 (0x00228933) x18 0x800557d9
core   0: 0x800098bc (0x8e143597) auipc   a1, 0x8e143
core   0: 3 0x800098bc (0x8e143597) x11 0x0e14c8bc
core   0: 0x800098c0 (0x41088ab3) sub     s5, a7, a6
core   0: 3 0x800098c0 (0x41088ab3) x21 0x05bfaa41
core   0: 0x800098c4 (0x00f9c133) xor     sp, s3, a5
core   0: 3 0x800098c4 (0x00f9c133) x 2 0x73718dac
core   0: 0x800098c8 (0x0e456693) ori     a3, a0, 228
core   0: 3 0x800098c8 (0x0e456693) x13 0xfffffae6
core   0: 0x800098cc (0x013e1ab3) sll     s5, t3, s3
core   0: 3 0x800098cc (0x013e1ab3) x21 0xb9c80000
core   0: 0x800098d0 (0x4004d913) srai    s2, s1, 0
core   0: 3 0x800098d0 (0x4004d913) x18 0xffffffff
core   0: 0x800098d4 (0x41b58033) sub     zero, a1, s11
core   0: 3 0x800098d4 (0x41b58033)
core   0: 0x800098d8 (0x416a5233) sra     tp, s4, s6
core   0: 3 0x800098d8 (0x416a5233) x 4 0x0000001d
core   0: 0x800098dc (0x01d01533) sll     a0, zero, t4
core   0: 3 0x800098dc (0x01d01533) x10 0x00000000
core   0: 0x800098e0 (0x88c90c93) addi    s9, s2, -1908
core   0: 3 0x800098e0 (0x88c90c93) x25 0xfffff88b
core   0: 0x800098e4 (0x011a6e33) or      t3, s4, a7
core   0: 3 0x800098e4 (0x011a6e33) x28 0x7433faf5
core   0: 0x800098e8 (0x00000013) nop
core   0: 3 0x800098e8 (0x00000013)
core   0: 0x800098ec (0x00b7ac33) slt     s8, a5, a1
core   0: 3 0x800098ec (0x00b7ac33) x24 0x00000001
core   0: 0x800098f0 (0x7f198c93) addi    s9, s3, 2033
core   0: 3 0x800098f0 (0x7f198c93) x25 0x7432afc2
core   0: 0x800098f4 (0x00aed4b3) srl     s1, t4, a0
core   0: 3 0x800098f4 (0x00aed4b3) x 9 0x7432a7d0
core   0: 0x800098f8 (0x414d86b3) sub     a3, s11, s4
core   0: 3 0x800098f8 (0x414d86b3) x13 0x8bcd5dff
core   0: 0x800098fc (0x54576113) ori     sp, a4, 1349
core   0: 3 0x800098fc (0x54576113) x 2 0x80011f65
core   0: 0x80009900 (0x01e5c7b3) xor     a5, a1, t5
core   0: 3 0x80009900 (0x01e5c7b3) x15 0x0e14c8bc
core   0: 0x80009904 (0x00c380b3) add     ra, t2, a2
core   0: 3 0x80009904 (0x00c380b3) x 1 0x80011e64
core   0: 0x80009908 (0x01d11693) slli    a3, sp, 29
core   0: 3 0x80009908 (0x01d11693) x13 0xa0000000
core   0: 0x8000990c (0x01a8f533) and     a0, a7, s10
core   0: 3 0x8000990c (0x01a8f533) x10 0x00000000
core   0: 0x80009910 (0x01149093) slli    ra, s1, 17
core   0: 3 0x80009910 (0x01149093) x 1 0x4fa00000
core   0: 0x80009914 (0x58534a93) xori    s5, t1, 1413
core   0: 3 0x80009914 (0x58534a93) x21 0xbae7ba03
core   0: 0x80009918 (0x00fc1533) sll     a0, s8, a5
core   0: 3 0x80009918 (0x00fc1533) x10 0x10000000
core   0: 0x8000991c (0x01ad28b3) slt     a7, s10, s10
core   0: 3 0x8000991c (0x01ad28b3) x17 0x00000000
core   0: 0x80009920 (0xfd81a613) slti    a2, gp, -40
core   0: 3 0x80009920 (0xfd81a613) x12 0x00000000
core   0: 0x80009924 (0xb813aa13) slti    s4, t2, -1151
core   0: 3 0x80009924 (0xb813aa13) x20 0x00000001
core   0: 0x80009928 (0x4091d7b3) sra     a5, gp, s1
core   0: 3 0x80009928 (0x4091d7b3) x15 0x00000000
core   0: 0x8000992c (0x00bb7333) and     t1, s6, a1
core   0: 3 0x8000992c (0x00bb7333) x 6 0x0a0488b8
core   0: 0x80009930 (0x087da097) auipc   ra, 0x87da
core   0: 3 0x80009930 (0x087da097) x 1 0x887e3930
core   0: 0x80009934 (0x0187e133) or      sp, a5, s8
core   0: 3 0x80009934 (0x0187e133) x 2 0x00000001
core   0: 0x80009938 (0x008109b3) add     s3, sp, s0
core   0: 3 0x80009938 (0x008109b3) x19 0x00000001
core   0: 0x8000993c (0x01b40eb3) add     t4, s0, s11
core   0: 3 0x8000993c (0x01b40eb3) x29 0x00000000
core   0: 0x80009940 (0x4a950c93) addi    s9, a0, 1193
core   0: 3 0x80009940 (0x4a950c93) x25 0x100004a9
core   0: 0x80009944 (0x00b9a5b3) slt     a1, s3, a1
core   0: 3 0x80009944 (0x00b9a5b3) x11 0x00000001
core   0: 0x80009948 (0x01d9f5b3) and     a1, s3, t4
core   0: 3 0x80009948 (0x01d9f5b3) x11 0x00000000
core   0: 0x8000994c (0x01b3be13) sltiu   t3, t2, 27
core   0: 3 0x8000994c (0x01b3be13) x28 0x00000000
core   0: 0x80009950 (0x01cea533) slt     a0, t4, t3
core   0: 3 0x80009950 (0x01cea533) x10 0x00000000
core   0: 0x80009954 (0xe097b693) sltiu   a3, a5, -503
core   0: 3 0x80009954 (0xe097b693) x13 0x00000001
core   0: 0x80009958 (0x00e314b3) sll     s1, t1, a4
core   0: 3 0x80009958 (0x00e314b3) x 9 0xa0488b80
core   0: 0x8000995c (0x00000013) nop
core   0: 3 0x8000995c (0x00000013)
core   0: 0x80009960 (0x006166b3) or      a3, sp, t1
core   0: 3 0x80009960 (0x006166b3) x13 0x0a0488b9
core   0: 0x80009964 (0x00c8da13) srli    s4, a7, 12
core   0: 3 0x80009964 (0x00c8da13) x20 0x00000000
core   0: 0x80009968 (0x416f56b3) sra     a3, t5, s6
core   0: 3 0x80009968 (0x416f56b3) x13 0x00000000
core   0: 0x8000996c (0x7fbfb697) auipc   a3, 0x7fbfb
core   0: 3 0x8000996c (0x7fbfb697) x13 0xffc0496c
core   0: 0x80009970 (0x01539f33) sll     t5, t2, s5
core   0: 3 0x80009970 (0x01539f33) x30 0x0008f320
core   0: 0x80009974 (0x01d45e13) srli    t3, s0, 29
core   0: 3 0x80009974 (0x01d45e13) x28 0x00000000
core   0: 0x80009978 (0xd6697b93) andi    s7, s2, -666
core   0: 3 0x80009978 (0xd6697b93) x23 0xfffffd66
core   0: 0x8000997c (0x01a0d313) srli    t1, ra, 26
core   0: 3 0x8000997c (0x01a0d313) x 6 0x00000022
core   0: 0x80009980 (0x019041b3) xor     gp, zero, s9
core   0: 3 0x80009980 (0x019041b3) x 3 0x100004a9
core   0: 0x80009984 (0xf4d8f097) auipc   ra, 0xf4d8f
core   0: 3 0x80009984 (0xf4d8f097) x 1 0x74d98984
core   0: 0x80009988 (0x01c96cb3) or      s9, s2, t3
core   0: 3 0x80009988 (0x01c96cb3) x25 0xffffffff
core   0: 0x8000998c (0x0004f633) and     a2, s1, zero
core   0: 3 0x8000998c (0x0004f633) x12 0x00000000
core   0: 0x80009990 (0xbc5b4893) xori    a7, s6, -1083
core   0: 3 0x80009990 (0xbc5b4893) x17 0x4518413f
core   0: 0x80009994 (0x5fa4be13) sltiu   t3, s1, 1530
core   0: 3 0x80009994 (0x5fa4be13) x28 0x00000000
core   0: 0x80009998 (0x9c51f797) auipc   a5, 0x9c51f
core   0: 3 0x80009998 (0x9c51f797) x15 0x1c528998
core   0: 0x8000999c (0xd7a0f693) andi    a3, ra, -646
core   0: 3 0x8000999c (0xd7a0f693) x13 0x74d98900
core   0: 0x800099a0 (0x01872d33) slt     s10, a4, s8
core   0: 3 0x800099a0 (0x01872d33) x26 0x00000001
core   0: 0x800099a4 (0x01ec0433) add     s0, s8, t5
core   0: 3 0x800099a4 (0x01ec0433) x 8 0x0008f321
core   0: 0x800099a8 (0x40ba5593) srai    a1, s4, 11
core   0: 3 0x800099a8 (0x40ba5593) x11 0x00000000
core   0: 0x800099ac (0x4111db93) srai    s7, gp, 17
core   0: 3 0x800099ac (0x4111db93) x23 0x00000800
core   0: 0x800099b0 (0x00000013) nop
core   0: 3 0x800099b0 (0x00000013)
core   0: 0x800099b4 (0x00b174b3) and     s1, sp, a1
core   0: 3 0x800099b4 (0x00b174b3) x 9 0x00000000
core   0: 0x800099b8 (0x01da8133) add     sp, s5, t4
core   0: 3 0x800099b8 (0x01da8133) x 2 0xbae7ba03
core   0: 0x800099bc (0x005280b3) add     ra, t0, t0
core   0: 3 0x800099bc (0x005280b3) x 1 0x0002b9c8
core   0: 0x800099c0 (0x00049193) slli    gp, s1, 0
core   0: 3 0x800099c0 (0x00049193) x 3 0x00000000
core   0: 0x800099c4 (0x40aa05b3) sub     a1, s4, a0
core   0: 3 0x800099c4 (0x40aa05b3) x11 0x00000000
core   0: 0x800099c8 (0x014e1a33) sll     s4, t3, s4
core   0: 3 0x800099c8 (0x014e1a33) x20 0x00000000
core   0: 0x800099cc (0x0088eab3) or      s5, a7, s0
core   0: 3 0x800099cc (0x0088eab3) x21 0x4518f33f
core   0: 0x800099d0 (0x410fde33) sra     t3, t6, a6
core   0: 3 0x800099d0 (0x410fde33) x28 0x00000020
core   0: 0x800099d4 (0x003c3133) sltu    sp, s8, gp
core   0: 3 0x800099d4 (0x003c3133) x 2 0x00000000
core   0: 0x800099d8 (0x00bcd033) srl     zero, s9, a1
core   0: 3 0x800099d8 (0x00bcd033)
core   0: 0x800099dc (0x47cbbd13) sltiu   s10, s7, 1148
core   0: 3 0x800099dc (0x47cbbd13) x26 0x00000000
core   0: 0x800099e0 (0x007d5eb3) srl     t4, s10, t2
core   0: 3 0x800099e0 (0x007d5eb3) x29 0x00000000
core   0: 0x800099e4 (0x01d22333) slt     t1, tp, t4
core   0: 3 0x800099e4 (0x01d22333) x 6 0x00000000
core   0: 0x800099e8 (0x0038de33) srl     t3, a7, gp
core   0: 3 0x800099e8 (0x0038de33) x28 0x4518413f
core   0: 0x800099ec (0x004bd7b3) srl     a5, s7, tp
core   0: 3 0x800099ec (0x004bd7b3) x15 0x00000000
core   0: 0x800099f0 (0x55bc56b7) lui     a3, 0x55bc5
core   0: 3 0x800099f0 (0x55bc56b7) x13 0x55bc5000
core   0: 0x800099f4 (0x00d91513) slli    a0, s2, 13
core   0: 3 0x800099f4 (0x00d91513) x10 0xffffe000
core   0: 0x800099f8 (0xa901e793) ori     a5, gp, -1392
core   0: 3 0x800099f8 (0xa901e793) x15 0xfffffa90
core   0: 0x800099fc (0x01824fb3) xor     t6, tp, s8
core   0: 3 0x800099fc (0x01824fb3) x31 0x0000001c
core   0: 0x80009a00 (0x57388e97) auipc   t4, 0x57388
core   0: 3 0x80009a00 (0x57388e97) x29 0xd7391a00
core   0: 0x80009a04 (0x00bd9493) slli    s1, s11, 11
core   0: 3 0x80009a04 (0x00bd9493) x 9 0x00000000
core   0: 0x80009a08 (0x6d87aa13) slti    s4, a5, 1752
core   0: 3 0x80009a08 (0x6d87aa13) x20 0x00000001
core   0: 0x80009a0c (0x00000013) nop
core   0: 3 0x80009a0c (0x00000013)
core   0: 0x80009a10 (0x2aaf6693) ori     a3, t5, 682
core   0: 3 0x80009a10 (0x2aaf6693) x13 0x0008f3aa
core   0: 0x80009a14 (0x00d98eb3) add     t4, s3, a3
core   0: 3 0x80009a14 (0x00d98eb3) x29 0x0008f3ab
core   0: 0x80009a18 (0x5225f113) andi    sp, a1, 1314
core   0: 3 0x80009a18 (0x5225f113) x 2 0x00000000
core   0: 0x80009a1c (0x79c71937) lui     s2, 0x79c71
core   0: 3 0x80009a1c (0x79c71937) x18 0x79c71000
core   0: 0x80009a20 (0x01121a33) sll     s4, tp, a7
core   0: 3 0x80009a20 (0x01121a33) x20 0x80000000
core   0: 0x80009a24 (0x00781333) sll     t1, a6, t2
core   0: 3 0x80009a24 (0x00781333) x 6 0xa4450b40
core   0: 0x80009a28 (0xaeea9097) auipc   ra, 0xaeea9
core   0: 3 0x80009a28 (0xaeea9097) x 1 0x2eeb2a28
core   0: 0x80009a2c (0x01ed5093) srli    ra, s10, 30
core   0: 3 0x80009a2c (0x01ed5093) x 1 0x00000000
core   0: 0x80009a30 (0x00272133) slt     sp, a4, sp
core   0: 3 0x80009a30 (0x00272133) x 2 0x00000001
core   0: 0x80009a34 (0xa73d9137) lui     sp, 0xa73d9
core   0: 3 0x80009a34 (0xa73d9137) x 2 0xa73d9000
core   0: 0x80009a38 (0x008d4cb3) xor     s9, s10, s0
core   0: 3 0x80009a38 (0x008d4cb3) x25 0x0008f321
core   0: 0x80009a3c (0x84caa213) slti    tp, s5, -1972
core   0: 3 0x80009a3c (0x84caa213) x 4 0x00000000
core   0: 0x80009a40 (0xb5cafe97) auipc   t4, 0xb5caf
core   0: 3 0x80009a40 (0xb5cafe97) x29 0x35cb8a40
core   0: 0x80009a44 (0x008908b3) add     a7, s2, s0
core   0: 3 0x80009a44 (0x008908b3) x17 0x79d00321
core   0: 0x80009a48 (0x00000013) nop
core   0: 3 0x80009a48 (0x00000013)
core   0: 0x80009a4c (0x3c312693) slti    a3, sp, 963
core   0: 3 0x80009a4c (0x3c312693) x13 0x00000001
core   0: 0x80009a50 (0x00000013) nop
core   0: 3 0x80009a50 (0x00000013)
core   0: 0x80009a54 (0x41898533) sub     a0, s3, s8
core   0: 3 0x80009a54 (0x41898533) x10 0x00000000
core   0: 0x80009a58 (0x8e676613) ori     a2, a4, -1818
core   0: 3 0x80009a58 (0x8e676613) x12 0xfffffee6
core   0: 0x80009a5c (0x41f6d193) srai    gp, a3, 31
core   0: 3 0x80009a5c (0x41f6d193) x 3 0x00000000
core   0: 0x80009a60 (0x015d41b3) xor     gp, s10, s5
core   0: 3 0x80009a60 (0x015d41b3) x 3 0x4518f33f
core   0: 0x80009a64 (0x260e7493) andi    s1, t3, 608
core   0: 3 0x80009a64 (0x260e7493) x 9 0x00000020
core   0: 0x80009a68 (0x00f6f333) and     t1, a3, a5
core   0: 3 0x80009a68 (0x00f6f333) x 6 0x00000000
core   0: 0x80009a6c (0x00255993) srli    s3, a0, 2
core   0: 3 0x80009a6c (0x00255993) x19 0x00000000
core   0: 0x80009a70 (0x2c61c593) xori    a1, gp, 710
core   0: 3 0x80009a70 (0x2c61c593) x11 0x4518f1f9
core   0: 0x80009a74 (0x2d504d13) xori    s10, zero, 725
core   0: 3 0x80009a74 (0x2d504d13) x26 0x000002d5
core   0: 0x80009a78 (0x00e9d233) srl     tp, s3, a4
core   0: 3 0x80009a78 (0x00e9d233) x 4 0x00000000
core   0: 0x80009a7c (0x4100dc13) srai    s8, ra, 16
core   0: 3 0x80009a7c (0x4100dc13) x24 0x00000000
core   0: 0x80009a80 (0x00405013) srli    zero, zero, 4
core   0: 3 0x80009a80 (0x00405013)
core   0: 0x80009a84 (0x41e5d913) srai    s2, a1, 30
core   0: 3 0x80009a84 (0x41e5d913) x18 0x00000001
core   0: 0x80009a88 (0x001795b3) sll     a1, a5, ra
core   0: 3 0x80009a88 (0x001795b3) x11 0xfffffa90
core   0: 0x80009a8c (0x014050b3) srl     ra, zero, s4
core   0: 3 0x80009a8c (0x014050b3) x 1 0x00000000
core   0: 0x80009a90 (0x00c57233) and     tp, a0, a2
core   0: 3 0x80009a90 (0x00c57233) x 4 0x00000000
core   0: 0x80009a94 (0x01ee0133) add     sp, t3, t5
core   0: 3 0x80009a94 (0x01ee0133) x 2 0x4521345f
core   0: 0x80009a98 (0x00119e33) sll     t3, gp, ra
core   0: 3 0x80009a98 (0x00119e33) x28 0x4518f33f
core   0: 0x80009a9c (0x01f45fb3) srl     t6, s0, t6
core   0: 3 0x80009a9c (0x01f45fb3) x31 0x00000000
core   0: 0x80009aa0 (0xadae2337) lui     t1, 0xadae2
core   0: 3 0x80009aa0 (0xadae2337) x 6 0xadae2000
core   0: 0x80009aa4 (0x01fbadb3) slt     s11, s7, t6
core   0: 3 0x80009aa4 (0x01fbadb3) x27 0x00000000
core   0: 0x80009aa8 (0xa3b6a913) slti    s2, a3, -1477
core   0: 3 0x80009aa8 (0xa3b6a913) x18 0x00000000
core   0: 0x80009aac (0xacc63613) sltiu   a2, a2, -1332
core   0: 3 0x80009aac (0xacc63613) x12 0x00000000
core   0: 0x80009ab0 (0x00be6c33) or      s8, t3, a1
core   0: 3 0x80009ab0 (0x00be6c33) x24 0xfffffbbf
core   0: 0x80009ab4 (0x407109b3) sub     s3, sp, t2
core   0: 3 0x80009ab4 (0x407109b3) x19 0xc52015fb
core   0: 0x80009ab8 (0x40e6d793) srai    a5, a3, 14
core   0: 3 0x80009ab8 (0x40e6d793) x15 0x00000000
core   0: 0x80009abc (0x0ffd2093) slti    ra, s10, 255
core   0: 3 0x80009abc (0x0ffd2093) x 1 0x00000000
core   0: 0x80009ac0 (0x006ba733) slt     a4, s7, t1
core   0: 3 0x80009ac0 (0x006ba733) x14 0x00000000
core   0: 0x80009ac4 (0x4b928b13) addi    s6, t0, 1209
core   0: 3 0x80009ac4 (0x4b928b13) x22 0x8001619d
core   0: 0x80009ac8 (0xb72dba17) auipc   s4, 0xb72db
core   0: 3 0x80009ac8 (0xb72dba17) x20 0x372e4ac8
core   0: 0x80009acc (0x00ad5633) srl     a2, s10, a0
core   0: 3 0x80009acc (0x00ad5633) x12 0x000002d5
core   0: 0x80009ad0 (0x01729933) sll     s2, t0, s7
core   0: 3 0x80009ad0 (0x01729933) x18 0x80015ce4
core   0: 0x80009ad4 (0x00de4eb3) xor     t4, t3, a3
core   0: 3 0x80009ad4 (0x00de4eb3) x29 0x4518f33e
core   0: 0x80009ad8 (0x3844af93) slti    t6, s1, 900
core   0: 3 0x80009ad8 (0x3844af93) x31 0x00000001
core   0: 0x80009adc (0xb7104193) xori    gp, zero, -1167
core   0: 3 0x80009adc (0xb7104193) x 3 0xfffffb71
core   0: 0x80009ae0 (0x087ea417) auipc   s0, 0x87ea
core   0: 3 0x80009ae0 (0x087ea417) x 8 0x887f3ae0
core   0: 0x80009ae4 (0x00c888b3) add     a7, a7, a2
core   0: 3 0x80009ae4 (0x00c888b3) x17 0x79d005f6
core   0: 0x80009ae8 (0x28b03513) sltiu   a0, zero, 651
core   0: 3 0x80009ae8 (0x28b03513) x10 0x00000001
core   0: 0x80009aec (0x001fdbb3) srl     s7, t6, ra
core   0: 3 0x80009aec (0x001fdbb3) x23 0x00000001
core   0: 0x80009af0 (0x01dcdfb3) srl     t6, s9, t4
core   0: 3 0x80009af0 (0x01dcdfb3) x31 0x00000000
core   0: 0x80009af4 (0x62a62337) lui     t1, 0x62a62
core   0: 3 0x80009af4 (0x62a62337) x 6 0x62a62000
core   0: 0x80009af8 (0x0005ae33) slt     t3, a1, zero
core   0: 3 0x80009af8 (0x0005ae33) x28 0x00000001
core   0: 0x80009afc (0x000be6b3) or      a3, s7, zero
core   0: 3 0x80009afc (0x000be6b3) x13 0x00000001
core   0: 0x80009b00 (0x01025fb3) srl     t6, tp, a6
core   0: 3 0x80009b00 (0x01025fb3) x31 0x00000000
core   0: 0x80009b04 (0xead0e193) ori     gp, ra, -339
core   0: 3 0x80009b04 (0xead0e193) x 3 0xfffffead
core   0: 0x80009b08 (0x009b0033) add     zero, s6, s1
core   0: 3 0x80009b08 (0x009b0033)
core   0: 0x80009b0c (0x629200b7) lui     ra, 0x62920
core   0: 3 0x80009b0c (0x629200b7) x 1 0x62920000
core   0: 0x80009b10 (0x204c2f93) slti    t6, s8, 516
core   0: 3 0x80009b10 (0x204c2f93) x31 0x00000001
core   0: 0x80009b14 (0x131dbc13) sltiu   s8, s11, 305
core   0: 3 0x80009b14 (0x131dbc13) x24 0x00000001
core   0: 0x80009b18 (0x01e19313) slli    t1, gp, 30
core   0: 3 0x80009b18 (0x01e19313) x 6 0x40000000
core   0: 0x80009b1c (0x01171893) slli    a7, a4, 17
core   0: 3 0x80009b1c (0x01171893) x17 0x00000000
core   0: 0x80009b20 (0x65c11337) lui     t1, 0x65c11
core   0: 3 0x80009b20 (0x65c11337) x 6 0x65c11000
core   0: 0x80009b24 (0x01fb6333) or      t1, s6, t6
core   0: 3 0x80009b24 (0x01fb6333) x 6 0x8001619d
core   0: 0x80009b28 (0x00d2a6b3) slt     a3, t0, a3
core   0: 3 0x80009b28 (0x00d2a6b3) x13 0x00000001
core   0: 0x80009b2c (0x41585e33) sra     t3, a6, s5
core   0: 3 0x80009b2c (0x41585e33) x28 0xffffffff
core   0: 0x80009b30 (0x01d1c233) xor     tp, gp, t4
core   0: 3 0x80009b30 (0x01d1c233) x 4 0xbae70d93
core   0: 0x80009b34 (0x8825bf13) sltiu   t5, a1, -1918
core   0: 3 0x80009b34 (0x8825bf13) x30 0x00000000
core   0: 0x80009b38 (0x41e7d0b3) sra     ra, a5, t5
core   0: 3 0x80009b38 (0x41e7d0b3) x 1 0x00000000
core   0: 0x80009b3c (0x53cdce93) xori    t4, s11, 1340
core   0: 3 0x80009b3c (0x53cdce93) x29 0x0000053c
core   0: 0x80009b40 (0x41075c93) srai    s9, a4, 16
core   0: 3 0x80009b40 (0x41075c93) x25 0x00000000
core   0: 0x80009b44 (0xbb1117b7) lui     a5, 0xbb111
core   0: 3 0x80009b44 (0xbb1117b7) x15 0xbb111000
core   0: 0x80009b48 (0x017c5a13) srli    s4, s8, 23
core   0: 3 0x80009b48 (0x017c5a13) x20 0x00000000
core   0: 0x80009b4c (0x40f85893) srai    a7, a6, 15
core   0: 3 0x80009b4c (0x40f85893) x17 0xfffff488
core   0: 0x80009b50 (0xed144413) xori    s0, s0, -303
core   0: 3 0x80009b50 (0xed144413) x 8 0x7780c431
core   0: 0x80009b54 (0x001be0b3) or      ra, s7, ra
core   0: 3 0x80009b54 (0x001be0b3) x 1 0x00000001
core   0: 0x80009b58 (0x404b57b3) sra     a5, s6, tp
core   0: 3 0x80009b58 (0x404b57b3) x15 0xfffff000
core   0: 0x80009b5c (0x00d76733) or      a4, a4, a3
core   0: 3 0x80009b5c (0x00d76733) x14 0x00000001
core   0: 0x80009b60 (0x016b8fb3) add     t6, s7, s6
core   0: 3 0x80009b60 (0x016b8fb3) x31 0x8001619e
core   0: 0x80009b64 (0x401c06b3) sub     a3, s8, ra
core   0: 3 0x80009b64 (0x401c06b3) x13 0x00000000
core   0: 0x80009b68 (0x00594bb3) xor     s7, s2, t0
core   0: 3 0x80009b68 (0x00594bb3) x23 0x00000000
core   0: 0x80009b6c (0xd0af8c17) auipc   s8, 0xd0af8
core   0: 3 0x80009b6c (0xd0af8c17) x24 0x50b01b6c
core   0: 0x80009b70 (0xcf3a3113) sltiu   sp, s4, -781
core   0: 3 0x80009b70 (0xcf3a3113) x 2 0x00000001
core   0: 0x80009b74 (0x01efa933) slt     s2, t6, t5
core   0: 3 0x80009b74 (0x01efa933) x18 0x00000001
core   0: 0x80009b78 (0xa2782613) slti    a2, a6, -1497
core   0: 3 0x80009b78 (0xa2782613) x12 0x00000001
core   0: 0x80009b7c (0x01906033) or      zero, zero, s9
core   0: 3 0x80009b7c (0x01906033)
core   0: 0x80009b80 (0xb3056013) ori     zero, a0, -1232
core   0: 3 0x80009b80 (0xb3056013)
core   0: 0x80009b84 (0x01919b13) slli    s6, gp, 25
core   0: 3 0x80009b84 (0x01919b13) x22 0x5a000000
core   0: 0x80009b88 (0xb172acb7) lui     s9, 0xb172a
core   0: 3 0x80009b88 (0xb172acb7) x25 0xb172a000
core   0: 0x80009b8c (0x01d3dc33) srl     s8, t2, t4
core   0: 3 0x80009b8c (0x01d3dc33) x24 0x00000008
core   0: 0x80009b90 (0x9d87df97) auipc   t6, 0x9d87d
core   0: 3 0x80009b90 (0x9d87df97) x31 0x1d886b90
core   0: 0x80009b94 (0x008b85b3) add     a1, s7, s0
core   0: 3 0x80009b94 (0x008b85b3) x11 0x7780c431
core   0: 0x80009b98 (0x00000013) nop
core   0: 3 0x80009b98 (0x00000013)
core   0: 0x80009b9c (0x014b6e33) or      t3, s6, s4
core   0: 3 0x80009b9c (0x014b6e33) x28 0x5a000000
core   0: 0x80009ba0 (0x019e8c33) add     s8, t4, s9
core   0: 3 0x80009ba0 (0x019e8c33) x24 0xb172a53c
core   0: 0x80009ba4 (0x41f000b3) sub     ra, zero, t6
core   0: 3 0x80009ba4 (0x41f000b3) x 1 0xe2779470
core   0: 0x80009ba8 (0x01ca1bb3) sll     s7, s4, t3
core   0: 3 0x80009ba8 (0x01ca1bb3) x23 0x00000000
core   0: 0x80009bac (0x00af0bb3) add     s7, t5, a0
core   0: 3 0x80009bac (0x00af0bb3) x23 0x00000001
core   0: 0x80009bb0 (0x009bdc13) srli    s8, s7, 9
core   0: 3 0x80009bb0 (0x009bdc13) x24 0x00000000
core   0: 0x80009bb4 (0x00e09013) slli    zero, ra, 14
core   0: 3 0x80009bb4 (0x00e09013)
core   0: 0x80009bb8 (0x006f5933) srl     s2, t5, t1
core   0: 3 0x80009bb8 (0x006f5933) x18 0x00000000
core   0: 0x80009bbc (0x38212513) slti    a0, sp, 898
core   0: 3 0x80009bbc (0x38212513) x10 0x00000001
core   0: 0x80009bc0 (0x00c25313) srli    t1, tp, 12
core   0: 3 0x80009bc0 (0x00c25313) x 6 0x000bae70
core   0: 0x80009bc4 (0xc6f24713) xori    a4, tp, -913
core   0: 3 0x80009bc4 (0xc6f24713) x14 0x4518f1fc
core   0: 0x80009bc8 (0x015bb5b3) sltu    a1, s7, s5
core   0: 3 0x80009bc8 (0x015bb5b3) x11 0x00000001
core   0: 0x80009bcc (0x0fbf7513) andi    a0, t5, 251
core   0: 3 0x80009bcc (0x0fbf7513) x10 0x00000000
core   0: 0x80009bd0 (0x40285e13) srai    t3, a6, 2
core   0: 3 0x80009bd0 (0x40285e13) x28 0xfe91142d
core   0: 0x80009bd4 (0x470fd117) auipc   sp, 0x470fd
core   0: 3 0x80009bd4 (0x470fd117) x 2 0xc7106bd4
core   0: 0x80009bd8 (0xd6804b13) xori    s6, zero, -664
core   0: 3 0x80009bd8 (0xd6804b13) x22 0xfffffd68
core   0: 0x80009bdc (0x00000013) nop
core   0: 3 0x80009bdc (0x00000013)
core   0: 0x80009be0 (0x72454913) xori    s2, a0, 1828
core   0: 3 0x80009be0 (0x72454913) x18 0x00000724
core   0: 0x80009be4 (0x335faa13) slti    s4, t6, 821
core   0: 3 0x80009be4 (0x335faa13) x20 0x00000000
core   0: 0x80009be8 (0x01286e33) or      t3, a6, s2
core   0: 3 0x80009be8 (0x01286e33) x28 0xfa4457b4
core   0: 0x80009bec (0x01556433) or      s0, a0, s5
core   0: 3 0x80009bec (0x01556433) x 8 0x4518f33f
core   0: 0x80009bf0 (0x937cb313) sltiu   t1, s9, -1737
core   0: 3 0x80009bf0 (0x937cb313) x 6 0x00000001
core   0: 0x80009bf4 (0x00000013) nop
core   0: 3 0x80009bf4 (0x00000013)
core   0: 0x80009bf8 (0xfd706093) ori     ra, zero, -41
core   0: 3 0x80009bf8 (0xfd706093) x 1 0xffffffd7
core   0: 0x80009bfc (0x01a51533) sll     a0, a0, s10
core   0: 3 0x80009bfc (0x01a51533) x10 0x00000000
core   0: 0x80009c00 (0x00ef5613) srli    a2, t5, 14
core   0: 3 0x80009c00 (0x00ef5613) x12 0x00000000
core   0: 0x80009c04 (0x405dda93) srai    s5, s11, 5
core   0: 3 0x80009c04 (0x405dda93) x21 0x00000000
core   0: 0x80009c08 (0x002d1a33) sll     s4, s10, sp
core   0: 3 0x80009c08 (0x002d1a33) x20 0x2d500000
core   0: 0x80009c0c (0x41168fb3) sub     t6, a3, a7
core   0: 3 0x80009c0c (0x41168fb3) x31 0x00000b78
core   0: 0x80009c10 (0xe7243993) sltiu   s3, s0, -398
core   0: 3 0x80009c10 (0xe7243993) x19 0x00000001
core   0: 0x80009c14 (0x3b2b0b93) addi    s7, s6, 946
core   0: 3 0x80009c14 (0x3b2b0b93) x23 0x0000011a
core   0: 0x80009c18 (0x4073d693) srai    a3, t2, 7
core   0: 3 0x80009c18 (0x4073d693) x13 0xff00023c
core   0: 0x80009c1c (0xa6a2e793) ori     a5, t0, -1430
core   0: 3 0x80009c1c (0xa6a2e793) x15 0xfffffeee
core   0: 0x80009c20 (0x008a1933) sll     s2, s4, s0
core   0: 3 0x80009c20 (0x008a1933) x18 0x00000000
core   0: 0x80009c24 (0x003e27b3) slt     a5, t3, gp
core   0: 3 0x80009c24 (0x003e27b3) x15 0x00000001
core   0: 0x80009c28 (0x0a6b4413) xori    s0, s6, 166
core   0: 3 0x80009c28 (0x0a6b4413) x 8 0xfffffdce
core   0: 0x80009c2c (0x4138d9b3) sra     s3, a7, s3
core   0: 3 0x80009c2c (0x4138d9b3) x19 0xfffffa44
core   0: 0x80009c30 (0x007504b3) add     s1, a0, t2
core   0: 3 0x80009c30 (0x007504b3) x 9 0x80011e64
core   0: 0x80009c34 (0x017b66b3) or      a3, s6, s7
core   0: 3 0x80009c34 (0x017b66b3) x13 0xfffffd7a
core   0: 0x80009c38 (0x005f4233) xor     tp, t5, t0
core   0: 3 0x80009c38 (0x005f4233) x 4 0x80015ce4
core   0: 0x80009c3c (0x6028fa37) lui     s4, 0x6028f
core   0: 3 0x80009c3c (0x6028fa37) x20 0x6028f000
core   0: 0x80009c40 (0x00000013) nop
core   0: 3 0x80009c40 (0x00000013)
core   0: 0x80009c44 (0x00cddc13) srli    s8, s11, 12
core   0: 3 0x80009c44 (0x00cddc13) x24 0x00000000
core   0: 0x80009c48 (0x00f158b3) srl     a7, sp, a5
core   0: 3 0x80009c48 (0x00f158b3) x17 0x638835ea
core   0: 0x80009c4c (0x00fc58b3) srl     a7, s8, a5
core   0: 3 0x80009c4c (0x00fc58b3) x17 0x00000000
core   0: 0x80009c50 (0x019ad633) srl     a2, s5, s9
core   0: 3 0x80009c50 (0x019ad633) x12 0x00000000
core   0: 0x80009c54 (0x3978b013) sltiu   zero, a7, 919
core   0: 3 0x80009c54 (0x3978b013)
core   0: 0x80009c58 (0x08d3fc97) auipc   s9, 0x8d3f
core   0: 3 0x80009c58 (0x08d3fc97) x25 0x88d48c58
core   0: 0x80009c5c (0x4175d213) srai    tp, a1, 23
core   0: 3 0x80009c5c (0x4175d213) x 4 0x00000000
core   0: 0x80009c60 (0xd73dcf13) xori    t5, s11, -653
core   0: 3 0x80009c60 (0xd73dcf13) x30 0xfffffd73
core   0: 0x80009c64 (0x41470fb3) sub     t6, a4, s4
core   0: 3 0x80009c64 (0x41470fb3) x31 0xe4f001fc
core   0: 0x80009c68 (0x00afa9b3) slt     s3, t6, a0
core   0: 3 0x80009c68 (0x00afa9b3) x19 0x00000001
core   0: 0x80009c6c (0x41efd333) sra     t1, t6, t5
core   0: 3 0x80009c6c (0x41efd333) x 6 0xfffffc9e
core   0: 0x80009c70 (0x006068b3) or      a7, zero, t1
core   0: 3 0x80009c70 (0x006068b3) x17 0xfffffc9e
core   0: 0x80009c74 (0x00e2d993) srli    s3, t0, 14
core   0: 3 0x80009c74 (0x00e2d993) x19 0x00020005
core   0: 0x80009c78 (0x00000013) nop
core   0: 3 0x80009c78 (0x00000013)
core   0: 0x80009c7c (0x008560b3) or      ra, a0, s0
core   0: 3 0x80009c7c (0x008560b3) x 1 0xfffffdce
core   0: 0x80009c80 (0x012c1b13) slli    s6, s8, 18
core   0: 3 0x80009c80 (0x012c1b13) x22 0x00000000
core   0: 0x80009c84 (0x4070dfb3) sra     t6, ra, t2
core   0: 3 0x80009c84 (0x4070dfb3) x31 0xffffffdc
core   0: 0x80009c88 (0xeef4b917) auipc   s2, 0xeef4b
core   0: 3 0x80009c88 (0xeef4b917) x18 0x6ef54c88
core   0: 0x80009c8c (0xe57cc793) xori    a5, s9, -425
core   0: 3 0x80009c8c (0xe57cc793) x15 0x772b720f
core   0: 0x80009c90 (0x00a199b3) sll     s3, gp, a0
core   0: 3 0x80009c90 (0x00a199b3) x19 0xfffffead
core   0: 0x80009c94 (0x007be233) or      tp, s7, t2
core   0: 3 0x80009c94 (0x007be233) x 4 0x80011f7e
core   0: 0x80009c98 (0x0013d0b3) srl     ra, t2, ra
core   0: 3 0x80009c98 (0x0013d0b3) x 1 0x00020004
core   0: 0x80009c9c (0x00635e33) srl     t3, t1, t1
core   0: 3 0x80009c9c (0x00635e33) x28 0x00000003
core   0: 0x80009ca0 (0x00835d13) srli    s10, t1, 8
core   0: 3 0x80009ca0 (0x00835d13) x26 0x00fffffc
core   0: 0x80009ca4 (0x018fe133) or      sp, t6, s8
core   0: 3 0x80009ca4 (0x018fe133) x 2 0xffffffdc
core   0: 0x80009ca8 (0x40780eb3) sub     t4, a6, t2
core   0: 3 0x80009ca8 (0x40780eb3) x29 0x7a433250
core   0: 0x80009cac (0x00d19f93) slli    t6, gp, 13
core   0: 3 0x80009cac (0x00d19f93) x31 0xffd5a000
core   0: 0x80009cb0 (0x01e73933) sltu    s2, a4, t5
core   0: 3 0x80009cb0 (0x01e73933) x18 0x00000001
core   0: 0x80009cb4 (0x0096b0b3) sltu    ra, a3, s1
core   0: 3 0x80009cb4 (0x0096b0b3) x 1 0x00000000
core   0: 0x80009cb8 (0x00bf5c93) srli    s9, t5, 11
core   0: 3 0x80009cb8 (0x00bf5c93) x25 0x001fffff
core   0: 0x80009cbc (0xfbab8693) addi    a3, s7, -70
core   0: 3 0x80009cbc (0xfbab8693) x13 0x000000d4
core   0: 0x80009cc0 (0x01bb5a13) srli    s4, s6, 27
core   0: 3 0x80009cc0 (0x01bb5a13) x20 0x00000000
core   0: 0x80009cc4 (0x0119b233) sltu    tp, s3, a7
core   0: 3 0x80009cc4 (0x0119b233) x 4 0x00000000
core   0: 0x80009cc8 (0x010b6733) or      a4, s6, a6
core   0: 3 0x80009cc8 (0x010b6733) x14 0xfa4450b4
core   0: 0x80009ccc (0x010d1913) slli    s2, s10, 16
core   0: 3 0x80009ccc (0x010d1913) x18 0xfffc0000
core   0: 0x80009cd0 (0x014614b3) sll     s1, a2, s4
core   0: 3 0x80009cd0 (0x014614b3) x 9 0x00000000
core   0: 0x80009cd4 (0x00a787b3) add     a5, a5, a0
core   0: 3 0x80009cd4 (0x00a787b3) x15 0x772b720f
core   0: 0x80009cd8 (0x00000013) nop
core   0: 3 0x80009cd8 (0x00000013)
core   0: 0x80009cdc (0xf76dbb93) sltiu   s7, s11, -138
core   0: 3 0x80009cdc (0xf76dbb93) x23 0x00000001
core   0: 0x80009ce0 (0x00000013) nop
core   0: 3 0x80009ce0 (0x00000013)
core   0: 0x80009ce4 (0xa168f617) auipc   a2, 0xa168f
core   0: 3 0x80009ce4 (0xa168f617) x12 0x21698ce4
core   0: 0x80009ce8 (0xab6cc693) xori    a3, s9, -1354
core   0: 3 0x80009ce8 (0xab6cc693) x13 0xffe00549
core   0: 0x80009cec (0x402f5db3) sra     s11, t5, sp
core   0: 3 0x80009cec (0x402f5db3) x27 0xffffffff
core   0: 0x80009cf0 (0x0151eb33) or      s6, gp, s5
core   0: 3 0x80009cf0 (0x0151eb33) x22 0xfffffead
core   0: 0x80009cf4 (0x01adbc33) sltu    s8, s11, s10
core   0: 3 0x80009cf4 (0x01adbc33) x24 0x00000000
core   0: 0x80009cf8 (0x402a89b3) sub     s3, s5, sp
core   0: 3 0x80009cf8 (0x402a89b3) x19 0x00000024
core   0: 0x80009cfc (0x41a2d013) srai    zero, t0, 26
core   0: 3 0x80009cfc (0x41a2d013)
core   0: 0x80009d00 (0xc7ede093) ori     ra, s11, -898
core   0: 3 0x80009d00 (0xc7ede093) x 1 0xffffffff
core   0: 0x80009d04 (0x417fd513) srai    a0, t6, 23
core   0: 3 0x80009d04 (0x417fd513) x10 0xffffffff
core   0: 0x80009d08 (0x00ded013) srli    zero, t4, 13
core   0: 3 0x80009d08 (0x00ded013)
core   0: 0x80009d0c (0x012097b3) sll     a5, ra, s2
core   0: 3 0x80009d0c (0x012097b3) x15 0xffffffff
core   0: 0x80009d10 (0x00f3ce33) xor     t3, t2, a5
core   0: 3 0x80009d10 (0x00f3ce33) x28 0x7ffee19b
core   0: 0x80009d14 (0x40a8d513) srai    a0, a7, 10
core   0: 3 0x80009d14 (0x40a8d513) x10 0xffffffff
core   0: 0x80009d18 (0x40b90ab3) sub     s5, s2, a1
core   0: 3 0x80009d18 (0x40b90ab3) x21 0xfffbffff
core   0: 0x80009d1c (0x0792c497) auipc   s1, 0x792c
core   0: 3 0x80009d1c (0x0792c497) x 9 0x87935d1c
core   0: 0x80009d20 (0x006997b3) sll     a5, s3, t1
core   0: 3 0x80009d20 (0x006997b3) x15 0x00000000
core   0: 0x80009d24 (0x1c1a4f93) xori    t6, s4, 449
core   0: 3 0x80009d24 (0x1c1a4f93) x31 0x000001c1
core   0: 0x80009d28 (0x35936893) ori     a7, t1, 857
core   0: 3 0x80009d28 (0x35936893) x17 0xffffffdf
core   0: 0x80009d2c (0x002a4433) xor     s0, s4, sp
core   0: 3 0x80009d2c (0x002a4433) x 8 0xffffffdc
core   0: 0x80009d30 (0x88898e13) addi    t3, s3, -1912
core   0: 3 0x80009d30 (0x88898e13) x28 0xfffff8ac
core   0: 0x80009d34 (0x83b93613) sltiu   a2, s2, -1989
core   0: 3 0x80009d34 (0x83b93613) x12 0x00000001
core   0: 0x80009d38 (0x796365b7) lui     a1, 0x79636
core   0: 3 0x80009d38 (0x796365b7) x11 0x79636000
core   0: 0x80009d3c (0x1ed70c97) auipc   s9, 0x1ed70
core   0: 3 0x80009d3c (0x1ed70c97) x25 0x9ed79d3c
core   0: 0x80009d40 (0x01a2b433) sltu    s0, t0, s10
core   0: 3 0x80009d40 (0x01a2b433) x 8 0x00000000
core   0: 0x80009d44 (0x01859213) slli    tp, a1, 24
core   0: 3 0x80009d44 (0x01859213) x 4 0x00000000
core   0: 0x80009d48 (0x415688b3) sub     a7, a3, s5
core   0: 3 0x80009d48 (0x415688b3) x17 0xffe4054a
core   0: 0x80009d4c (0x01040033) add     zero, s0, a6
core   0: 3 0x80009d4c (0x01040033)
core   0: 0x80009d50 (0x3b251c37) lui     s8, 0x3b251
core   0: 3 0x80009d50 (0x3b251c37) x24 0x3b251000
core   0: 0x80009d54 (0x268e7493) andi    s1, t3, 616
core   0: 3 0x80009d54 (0x268e7493) x 9 0x00000028
core   0: 0x80009d58 (0x0bf73913) sltiu   s2, a4, 191
core   0: 3 0x80009d58 (0x0bf73913) x18 0x00000000
core   0: 0x80009d5c (0xb1697d93) andi    s11, s2, -1258
core   0: 3 0x80009d5c (0xb1697d93) x27 0x00000000
core   0: 0x80009d60 (0xf312fd93) andi    s11, t0, -207
core   0: 3 0x80009d60 (0xf312fd93) x27 0x80015c20
core   0: 0x80009d64 (0x4008df33) sra     t5, a7, zero
core   0: 3 0x80009d64 (0x4008df33) x30 0xffe4054a
core   0: 0x80009d68 (0xf5d5aab7) lui     s5, 0xf5d5a
core   0: 3 0x80009d68 (0xf5d5aab7) x21 0xf5d5a000
core   0: 0x80009d6c (0x0186c6b3) xor     a3, a3, s8
core   0: 3 0x80009d6c (0x0186c6b3) x13 0xc4c51549
core   0: 0x80009d70 (0x407f0cb3) sub     s9, t5, t2
core   0: 3 0x80009d70 (0x407f0cb3) x25 0x7fe2e6e6
core   0: 0x80009d74 (0xb346f493) andi    s1, a3, -1228
core   0: 3 0x80009d74 (0xb346f493) x 9 0xc4c51100
core   0: 0x80009d78 (0x01f8a533) slt     a0, a7, t6
core   0: 3 0x80009d78 (0x01f8a533) x10 0x00000001
core   0: 0x80009d7c (0x6395f713) andi    a4, a1, 1593
core   0: 3 0x80009d7c (0x6395f713) x14 0x00000000
core   0: 0x80009d80 (0x0015edb3) or      s11, a1, ra
core   0: 3 0x80009d80 (0x0015edb3) x27 0xffffffff
core   0: 0x80009d84 (0xa97ba693) slti    a3, s7, -1385
core   0: 3 0x80009d84 (0xa97ba693) x13 0x00000000
core   0: 0x80009d88 (0x8efa47b7) lui     a5, 0x8efa4
core   0: 3 0x80009d88 (0x8efa47b7) x15 0x8efa4000
core   0: 0x80009d8c (0x0199f133) and     sp, s3, s9
core   0: 3 0x80009d8c (0x0199f133) x 2 0x00000024
core   0: 0x80009d90 (0x40395913) srai    s2, s2, 3
core   0: 3 0x80009d90 (0x40395913) x18 0x00000000
core   0: 0x80009d94 (0x01777933) and     s2, a4, s7
core   0: 3 0x80009d94 (0x01777933) x18 0x00000000
core   0: 0x80009d98 (0x9d594213) xori    tp, s2, -1579
core   0: 3 0x80009d98 (0x9d594213) x 4 0xfffff9d5
core   0: 0x80009d9c (0x01e5d433) srl     s0, a1, t5
core   0: 3 0x80009d9c (0x01e5d433) x 8 0x001e58d8
core   0: 0x80009da0 (0x91e9c513) xori    a0, s3, -1762
core   0: 3 0x80009da0 (0x91e9c513) x10 0xfffff93a
core   0: 0x80009da4 (0x00132233) slt     tp, t1, ra
core   0: 3 0x80009da4 (0x00132233) x 4 0x00000001
core   0: 0x80009da8 (0x015fb433) sltu    s0, t6, s5
core   0: 3 0x80009da8 (0x015fb433) x 8 0x00000001
core   0: 0x80009dac (0x015bee33) or      t3, s7, s5
core   0: 3 0x80009dac (0x015bee33) x28 0xf5d5a001
core   0: 0x80009db0 (0x000b7fb3) and     t6, s6, zero
core   0: 3 0x80009db0 (0x000b7fb3) x31 0x00000000
core   0: 0x80009db4 (0x01d7e333) or      t1, a5, t4
core   0: 3 0x80009db4 (0x01d7e333) x 6 0xfefb7250
core   0: 0x80009db8 (0x01ca2433) slt     s0, s4, t3
core   0: 3 0x80009db8 (0x01ca2433) x 8 0x00000000
core   0: 0x80009dbc (0x0137d233) srl     tp, a5, s3
core   0: 3 0x80009dbc (0x0137d233) x 4 0x08efa400
core   0: 0x80009dc0 (0x6cbabf17) auipc   t5, 0x6cbab
core   0: 3 0x80009dc0 (0x6cbabf17) x30 0xecbb4dc0
core   0: 0x80009dc4 (0x22029db7) lui     s11, 0x22029
core   0: 3 0x80009dc4 (0x22029db7) x27 0x22029000
core   0: 0x80009dc8 (0x40e95713) srai    a4, s2, 14
core   0: 3 0x80009dc8 (0x40e95713) x14 0x00000000
core   0: 0x80009dcc (0x01a521b3) slt     gp, a0, s10
core   0: 3 0x80009dcc (0x01a521b3) x 3 0x00000001
core   0: 0x80009dd0 (0x0062aab3) slt     s5, t0, t1
core   0: 3 0x80009dd0 (0x0062aab3) x21 0x00000001
core   0: 0x80009dd4 (0x01725c13) srli    s8, tp, 23
core   0: 3 0x80009dd4 (0x01725c13) x24 0x00000011
core   0: 0x80009dd8 (0x7f9c4413) xori    s0, s8, 2041
core   0: 3 0x80009dd8 (0x7f9c4413) x 8 0x000007e8
core   0: 0x80009ddc (0x411700b3) sub     ra, a4, a7
core   0: 3 0x80009ddc (0x411700b3) x 1 0x001bfab6
core   0: 0x80009de0 (0x00000013) nop
core   0: 3 0x80009de0 (0x00000013)
core   0: 0x80009de4 (0x015cb7b3) sltu    a5, s9, s5
core   0: 3 0x80009de4 (0x015cb7b3) x15 0x00000000
core   0: 0x80009de8 (0x00241193) slli    gp, s0, 2
core   0: 3 0x80009de8 (0x00241193) x 3 0x00001fa0
core   0: 0x80009dec (0x01eb5113) srli    sp, s6, 30
core   0: 3 0x80009dec (0x01eb5113) x 2 0x00000003
core   0: 0x80009df0 (0x0157db93) srli    s7, a5, 21
core   0: 3 0x80009df0 (0x0157db93) x23 0x00000000
core   0: 0x80009df4 (0x000bf5b3) and     a1, s7, zero
core   0: 3 0x80009df4 (0x000bf5b3) x11 0x00000000
core   0: 0x80009df8 (0x40fcd893) srai    a7, s9, 15
core   0: 3 0x80009df8 (0x40fcd893) x17 0x0000ffc5
core   0: 0x80009dfc (0x00000013) nop
core   0: 3 0x80009dfc (0x00000013)
core   0: 0x80009e00 (0x0017de13) srli    t3, a5, 1
core   0: 3 0x80009e00 (0x0017de13) x28 0x00000000
core   0: 0x80009e04 (0x01cc2933) slt     s2, s8, t3
core   0: 3 0x80009e04 (0x01cc2933) x18 0x00000000
core   0: 0x80009e08 (0x01b99213) slli    tp, s3, 27
core   0: 3 0x80009e08 (0x01b99213) x 4 0x20000000
core   0: 0x80009e0c (0x017d16b3) sll     a3, s10, s7
core   0: 3 0x80009e0c (0x017d16b3) x13 0x00fffffc
core   0: 0x80009e10 (0x0035ad33) slt     s10, a1, gp
core   0: 3 0x80009e10 (0x0035ad33) x26 0x00000001
core   0: 0x80009e14 (0x16963d13) sltiu   s10, a2, 361
core   0: 3 0x80009e14 (0x16963d13) x26 0x00000001
core   0: 0x80009e18 (0x00c68c33) add     s8, a3, a2
core   0: 3 0x80009e18 (0x00c68c33) x24 0x00fffffd
core   0: 0x80009e1c (0x40f1d8b3) sra     a7, gp, a5
core   0: 3 0x80009e1c (0x40f1d8b3) x17 0x00001fa0
core   0: 0x80009e20 (0x00cac8b3) xor     a7, s5, a2
core   0: 3 0x80009e20 (0x00cac8b3) x17 0x00000000
core   0: 0x80009e24 (0xea7f8313) addi    t1, t6, -345
core   0: 3 0x80009e24 (0xea7f8313) x 6 0xfffffea7
core   0: 0x80009e28 (0x0166d013) srli    zero, a3, 22
core   0: 3 0x80009e28 (0x0166d013)
core   0: 0x80009e2c (0x41b55c93) srai    s9, a0, 27
core   0: 3 0x80009e2c (0x41b55c93) x25 0xffffffff
core   0: 0x80009e30 (0x01edf433) and     s0, s11, t5
core   0: 3 0x80009e30 (0x01edf433) x 8 0x20020000
core   0: 0x80009e34 (0x01219f93) slli    t6, gp, 18
core   0: 3 0x80009e34 (0x01219f93) x31 0x7e800000
core   0: 0x80009e38 (0x40c0db13) srai    s6, ra, 12
core   0: 3 0x80009e38 (0x40c0db13) x22 0x000001bf
core   0: 0x80009e3c (0x6948af13) slti    t5, a7, 1684
core   0: 3 0x80009e3c (0x6948af13) x30 0x00000001
core   0: 0x80009e40 (0x01a97233) and     tp, s2, s10
core   0: 3 0x80009e40 (0x01a97233) x 4 0x00000000
core   0: 0x80009e44 (0x4122d1b3) sra     gp, t0, s2
core   0: 3 0x80009e44 (0x4122d1b3) x 3 0x80015ce4
core   0: 0x80009e48 (0x006b96b3) sll     a3, s7, t1
core   0: 3 0x80009e48 (0x006b96b3) x13 0x00000000
core   0: 0x80009e4c (0x5dedb413) sltiu   s0, s11, 1502
core   0: 3 0x80009e4c (0x5dedb413) x 8 0x00000000
core   0: 0x80009e50 (0x01468433) add     s0, a3, s4
core   0: 3 0x80009e50 (0x01468433) x 8 0x00000000
core   0: 0x80009e54 (0x005447b3) xor     a5, s0, t0
core   0: 3 0x80009e54 (0x005447b3) x15 0x80015ce4
core   0: 0x80009e58 (0x31c47f93) andi    t6, s0, 796
core   0: 3 0x80009e58 (0x31c47f93) x31 0x00000000
core   0: 0x80009e5c (0x61d36e93) ori     t4, t1, 1565
core   0: 3 0x80009e5c (0x61d36e93) x29 0xfffffebf
core   0: 0x80009e60 (0xc46ba113) slti    sp, s7, -954
core   0: 3 0x80009e60 (0xc46ba113) x 2 0x00000000
core   0: 0x80009e64 (0x00149733) sll     a4, s1, ra
core   0: 3 0x80009e64 (0x00149733) x14 0x40000000
core   0: 0x80009e68 (0x0151d4b3) srl     s1, gp, s5
core   0: 3 0x80009e68 (0x0151d4b3) x 9 0x4000ae72
core   0: 0x80009e6c (0x86f61a97) auipc   s5, 0x86f61
core   0: 3 0x80009e6c (0x86f61a97) x21 0x06f6ae6c
core   0: 0x80009e70 (0x41075b13) srai    s6, a4, 16
core   0: 3 0x80009e70 (0x41075b13) x22 0x00004000
core   0: 0x80009e74 (0x008117b3) sll     a5, sp, s0
core   0: 3 0x80009e74 (0x008117b3) x15 0x00000000
core   0: 0x80009e78 (0xbd2be193) ori     gp, s7, -1070
core   0: 3 0x80009e78 (0xbd2be193) x 3 0xfffffbd2
core   0: 0x80009e7c (0x00b46cb3) or      s9, s0, a1
core   0: 3 0x80009e7c (0x00b46cb3) x25 0x00000000
core   0: 0x80009e80 (0x010baab3) slt     s5, s7, a6
core   0: 3 0x80009e80 (0x010baab3) x21 0x00000000
core   0: 0x80009e84 (0x01be0fb3) add     t6, t3, s11
core   0: 3 0x80009e84 (0x01be0fb3) x31 0x22029000
core   0: 0x80009e88 (0x2896bd13) sltiu   s10, a3, 649
core   0: 3 0x80009e88 (0x2896bd13) x26 0x00000001
core   0: 0x80009e8c (0x00691f93) slli    t6, s2, 6
core   0: 3 0x80009e8c (0x00691f93) x31 0x00000000
core   0: 0x80009e90 (0x01f4c1b3) xor     gp, s1, t6
core   0: 3 0x80009e90 (0x01f4c1b3) x 3 0x4000ae72
core   0: 0x80009e94 (0x00c2b633) sltu    a2, t0, a2
core   0: 3 0x80009e94 (0x00c2b633) x12 0x00000000
core   0: 0x80009e98 (0xe1abb413) sltiu   s0, s7, -486
core   0: 3 0x80009e98 (0xe1abb413) x 8 0x00000001
core   0: 0x80009e9c (0x013cddb3) srl     s11, s9, s3
core   0: 3 0x80009e9c (0x013cddb3) x27 0x00000000
core   0: 0x80009ea0 (0x41d9de93) srai    t4, s3, 29
core   0: 3 0x80009ea0 (0x41d9de93) x29 0x00000000
core   0: 0x80009ea4 (0x4046de33) sra     t3, a3, tp
core   0: 3 0x80009ea4 (0x4046de33) x28 0x00000000
core   0: 0x80009ea8 (0xa6a3ec93) ori     s9, t2, -1430
core   0: 3 0x80009ea8 (0xa6a3ec93) x25 0xfffffe6e
core   0: 0x80009eac (0xc0a10793) addi    a5, sp, -1014
core   0: 3 0x80009eac (0xc0a10793) x15 0xfffffc0a
core   0: 0x80009eb0 (0x00000013) nop
core   0: 3 0x80009eb0 (0x00000013)
core   0: 0x80009eb4 (0x01d30ab3) add     s5, t1, t4
core   0: 3 0x80009eb4 (0x01d30ab3) x21 0xfffffea7
core   0: 0x80009eb8 (0x89aa7c13) andi    s8, s4, -1894
core   0: 3 0x80009eb8 (0x89aa7c13) x24 0x00000000
core   0: 0x80009ebc (0x00d179b3) and     s3, sp, a3
core   0: 3 0x80009ebc (0x00d179b3) x19 0x00000000
core   0: 0x80009ec0 (0x010e3e33) sltu    t3, t3, a6
core   0: 3 0x80009ec0 (0x010e3e33) x28 0x00000001
core   0: 0x80009ec4 (0xccfe2d93) slti    s11, t3, -817
core   0: 3 0x80009ec4 (0xccfe2d93) x27 0x00000000
core   0: 0x80009ec8 (0x40e15513) srai    a0, sp, 14
core   0: 3 0x80009ec8 (0x40e15513) x10 0x00000000
core   0: 0x80009ecc (0x00fcf333) and     t1, s9, a5
core   0: 3 0x80009ecc (0x00fcf333) x 6 0xfffffc0a
core   0: 0x80009ed0 (0x004fbdb3) sltu    s11, t6, tp
core   0: 3 0x80009ed0 (0x004fbdb3) x27 0x00000000
core   0: 0x80009ed4 (0xa3e1c237) lui     tp, 0xa3e1c
core   0: 3 0x80009ed4 (0xa3e1c237) x 4 0xa3e1c000
core   0: 0x80009ed8 (0x12ed8513) addi    a0, s11, 302
core   0: 3 0x80009ed8 (0x12ed8513) x10 0x0000012e
core   0: 0x80009edc (0x01b870b3) and     ra, a6, s11
core   0: 3 0x80009edc (0x01b870b3) x 1 0x00000000
core   0: 0x80009ee0 (0xd8d47f93) andi    t6, s0, -627
core   0: 3 0x80009ee0 (0xd8d47f93) x31 0x00000001
core   0: 0x80009ee4 (0x41148b33) sub     s6, s1, a7
core   0: 3 0x80009ee4 (0x41148b33) x22 0x4000ae72
core   0: 0x80009ee8 (0x00000013) nop
core   0: 3 0x80009ee8 (0x00000013)
core   0: 0x80009eec (0x00225d13) srli    s10, tp, 2
core   0: 3 0x80009eec (0x00225d13) x26 0x28f87000
core   0: 0x80009ef0 (0x005befb3) or      t6, s7, t0
core   0: 3 0x80009ef0 (0x005befb3) x31 0x80015ce4
core   0: 0x80009ef4 (0x01c0e0b3) or      ra, ra, t3
core   0: 3 0x80009ef4 (0x01c0e0b3) x 1 0x00000001
core   0: 0x80009ef8 (0x601c3513) sltiu   a0, s8, 1537
core   0: 3 0x80009ef8 (0x601c3513) x10 0x00000001
core   0: 0x80009efc (0x01315d93) srli    s11, sp, 19
core   0: 3 0x80009efc (0x01315d93) x27 0x00000000
core   0: 0x80009f00 (0x412e06b3) sub     a3, t3, s2
core   0: 3 0x80009f00 (0x412e06b3) x13 0x00000001
core   0: 0x80009f04 (0x0026e933) or      s2, a3, sp
core   0: 3 0x80009f04 (0x0026e933) x18 0x00000001
core   0: 0x80009f08 (0xc200e093) ori     ra, ra, -992
core   0: 3 0x80009f08 (0xc200e093) x 1 0xfffffc21
core   0: 0x80009f0c (0x410b5593) srai    a1, s6, 16
core   0: 3 0x80009f0c (0x410b5593) x11 0x00004000
core   0: 0x80009f10 (0x00439313) slli    t1, t2, 4
core   0: 3 0x80009f10 (0x00439313) x 6 0x0011e640
core   0: 0x80009f14 (0xb1e48f93) addi    t6, s1, -1250
core   0: 3 0x80009f14 (0xb1e48f93) x31 0x4000a990
core   0: 0x80009f18 (0x00e1dd13) srli    s10, gp, 14
core   0: 3 0x80009f18 (0x00e1dd13) x26 0x00010002
core   0: 0x80009f1c (0x00e4d013) srli    zero, s1, 14
core   0: 3 0x80009f1c (0x00e4d013)
core   0: 0x80009f20 (0x00c641b3) xor     gp, a2, a2
core   0: 3 0x80009f20 (0x00c641b3) x 3 0x00000000
core   0: 0x80009f24 (0x5e622f13) slti    t5, tp, 1510
core   0: 3 0x80009f24 (0x5e622f13) x30 0x00000001
core   0: 0x80009f28 (0x01c4ea33) or      s4, s1, t3
core   0: 3 0x80009f28 (0x01c4ea33) x20 0x4000ae73
core   0: 0x80009f2c (0x687e7013) andi    zero, t3, 1671
core   0: 3 0x80009f2c (0x687e7013)
core   0: 0x80009f30 (0x1db9c213) xori    tp, s3, 475
core   0: 3 0x80009f30 (0x1db9c213) x 4 0x000001db
core   0: 0x80009f34 (0x0005c0b3) xor     ra, a1, zero
core   0: 3 0x80009f34 (0x0005c0b3) x 1 0x00004000
core   0: 0x80009f38 (0x01d32d33) slt     s10, t1, t4
core   0: 3 0x80009f38 (0x01d32d33) x26 0x00000000
core   0: 0x80009f3c (0x446be913) ori     s2, s7, 1094
core   0: 3 0x80009f3c (0x446be913) x18 0x00000446
core   0: 0x80009f40 (0x01573233) sltu    tp, a4, s5
core   0: 3 0x80009f40 (0x01573233) x 4 0x00000001
core   0: 0x80009f44 (0x41718eb3) sub     t4, gp, s7
core   0: 3 0x80009f44 (0x41718eb3) x29 0x00000000
core   0: 0x80009f48 (0xb0909237) lui     tp, 0xb0909
core   0: 3 0x80009f48 (0xb0909237) x 4 0xb0909000
core   0: 0x80009f4c (0x4090dfb3) sra     t6, ra, s1
core   0: 3 0x80009f4c (0x4090dfb3) x31 0x00000000
core   0: 0x80009f50 (0x01b331b3) sltu    gp, t1, s11
core   0: 3 0x80009f50 (0x01b331b3) x 3 0x00000000
core   0: 0x80009f54 (0x5628b137) lui     sp, 0x5628b
core   0: 3 0x80009f54 (0x5628b137) x 2 0x5628b000
core   0: 0x80009f58 (0x415ddf13) srai    t5, s11, 21
core   0: 3 0x80009f58 (0x415ddf13) x30 0x00000000
core   0: 0x80009f5c (0x000fb533) sltu    a0, t6, zero
core   0: 3 0x80009f5c (0x000fb533) x10 0x00000000
core   0: 0x80009f60 (0x00245b33) srl     s6, s0, sp
core   0: 3 0x80009f60 (0x00245b33) x22 0x00000001
core   0: 0x80009f64 (0xc5c08413) addi    s0, ra, -932
core   0: 3 0x80009f64 (0xc5c08413) x 8 0x00003c5c
core   0: 0x80009f68 (0x0006b033) sltu    zero, a3, zero
core   0: 3 0x80009f68 (0x0006b033)
core   0: 0x80009f6c (0x40048bb3) sub     s7, s1, zero
core   0: 3 0x80009f6c (0x40048bb3) x23 0x4000ae72
core   0: 0x80009f70 (0x00000013) nop
core   0: 3 0x80009f70 (0x00000013)
core   0: 0x80009f74 (0x01d9c733) xor     a4, s3, t4
core   0: 3 0x80009f74 (0x01d9c733) x14 0x00000000
core   0: 0x80009f78 (0x00ff7633) and     a2, t5, a5
core   0: 3 0x80009f78 (0x00ff7633) x12 0x00000000
core   0: 0x80009f7c (0x41c5de13) srai    t3, a1, 28
core   0: 3 0x80009f7c (0x41c5de13) x28 0x00000000
core   0: 0x80009f80 (0x0e468a37) lui     s4, 0xe468
core   0: 3 0x80009f80 (0x0e468a37) x20 0x0e468000
core   0: 0x80009f84 (0xd05a0a13) addi    s4, s4, -763
core   0: 3 0x80009f84 (0xd05a0a13) x20 0x0e467d05
core   0: 0x80009f88 (0x00000513) li      a0, 0
core   0: 3 0x80009f88 (0x00000513) x10 0x00000000
core   0: 0x80009f8c (0x00000c13) li      s8, 0
core   0: 3 0x80009f8c (0x00000c13) x24 0x00000000
core   0: 0x80009f90 (0xfff00913) li      s2, -1
core   0: 3 0x80009f90 (0xfff00913) x18 0xffffffff
core   0: 0x80009f94 (0x800000b7) lui     ra, 0x80000
core   0: 3 0x80009f94 (0x800000b7) x 1 0x80000000
core   0: 0x80009f98 (0x80000cb7) lui     s9, 0x80000
core   0: 3 0x80009f98 (0x80000cb7) x25 0x80000000
core   0: 0x80009f9c (0x6c8eb5b7) lui     a1, 0x6c8eb
core   0: 3 0x80009f9c (0x6c8eb5b7) x11 0x6c8eb000
core   0: 0x80009fa0 (0x74f58593) addi    a1, a1, 1871
core   0: 3 0x80009fa0 (0x74f58593) x11 0x6c8eb74f
core   0: 0x80009fa4 (0xe86eb1b7) lui     gp, 0xe86eb
core   0: 3 0x80009fa4 (0xe86eb1b7) x 3 0xe86eb000
core   0: 0x80009fa8 (0xa8b18193) addi    gp, gp, -1397
core   0: 3 0x80009fa8 (0xa8b18193) x 3 0xe86eaa8b
core   0: 0x80009fac (0x80000fb7) lui     t6, 0x80000
core   0: 3 0x80009fac (0x80000fb7) x31 0x80000000
core   0: 0x80009fb0 (0x800006b7) lui     a3, 0x80000
core   0: 3 0x80009fb0 (0x800006b7) x13 0x80000000
core   0: 0x80009fb4 (0xc5cb6697) auipc   a3, 0xc5cb6
core   0: 3 0x80009fb4 (0xc5cb6697) x13 0x45cbffb4
core   0: 0x80009fb8 (0x00000013) nop
core   0: 3 0x80009fb8 (0x00000013)
core   0: 0x80009fbc (0x7527ff97) auipc   t6, 0x7527f
core   0: 3 0x80009fbc (0x7527ff97) x31 0xf5288fbc
core   0: 0x80009fc0 (0x00000013) nop
core   0: 3 0x80009fc0 (0x00000013)
core   0: 0x80009fc4 (0x40b186b3) sub     a3, gp, a1
core   0: 3 0x80009fc4 (0x40b186b3) x13 0x7bdff33c
core   0: 0x80009fc8 (0x00000013) nop
core   0: 3 0x80009fc8 (0x00000013)
core   0: 0x80009fcc (0x012f86b3) add     a3, t6, s2
core   0: 3 0x80009fcc (0x012f86b3) x13 0xf5288fbb
core   0: 0x80009fd0 (0x95463a37) lui     s4, 0x95463
core   0: 3 0x80009fd0 (0x95463a37) x20 0x95463000
core   0: 0x80009fd4 (0x419a05b3) sub     a1, s4, s9
core   0: 3 0x80009fd4 (0x419a05b3) x11 0x15463000
core   0: 0x80009fd8 (0xd79c8693) addi    a3, s9, -647
core   0: 3 0x80009fd8 (0xd79c8693) x13 0x7ffffd79
core   0: 0x80009fdc (0x00000013) nop
core   0: 3 0x80009fdc (0x00000013)
core   0: 0x80009fe0 (0x412f81b3) sub     gp, t6, s2
core   0: 3 0x80009fe0 (0x412f81b3) x 3 0xf5288fbd
core   0: 0x80009fe4 (0x4e1f8513) addi    a0, t6, 1249
core   0: 3 0x80009fe4 (0x4e1f8513) x10 0xf528949d
core   0: 0x80009fe8 (0x00000013) nop
core   0: 3 0x80009fe8 (0x00000013)
core   0: 0x80009fec (0x00b906b3) add     a3, s2, a1
core   0: 3 0x80009fec (0x00b906b3) x13 0x15462fff
core   0: 0x80009ff0 (0x45cc0c93) addi    s9, s8, 1116
core   0: 3 0x80009ff0 (0x45cc0c93) x25 0x0000045c
core   0: 0x80009ff4 (0x40d505b3) sub     a1, a0, a3
core   0: 3 0x80009ff4 (0x40d505b3) x11 0xdfe2649e
core   0: 0x80009ff8 (0xe65a0a13) addi    s4, s4, -411
core   0: 3 0x80009ff8 (0xe65a0a13) x20 0x95462e65
core   0: 0x80009ffc (0xee290917) auipc   s2, 0xee290
core   0: 3 0x80009ffc (0xee290917) x18 0x6e299ffc
core   0: 0x8000a000 (0xe1c94a13) xori    s4, s2, -484
core   0: 3 0x8000a000 (0xe1c94a13) x20 0x91d661e0
core   0: 0x8000a004 (0x0751eb13) ori     s6, gp, 117
core   0: 3 0x8000a004 (0x0751eb13) x22 0xf5288ffd
core   0: 0x8000a008 (0xca4d4313) xori    t1, s10, -860
core   0: 3 0x8000a008 (0xca4d4313) x 6 0xfffffca4
core   0: 0x8000a00c (0x40a5dab3) sra     s5, a1, a0
core   0: 3 0x8000a00c (0x40a5dab3) x21 0xfffffffe
core   0: 0x8000a010 (0x832a78b7) lui     a7, 0x832a7
core   0: 3 0x8000a010 (0x832a78b7) x17 0x832a7000
core   0: 0x8000a014 (0x00eed0b3) srl     ra, t4, a4
core   0: 3 0x8000a014 (0x00eed0b3) x 1 0x00000000
core   0: 0x8000a018 (0x40d05793) srai    a5, zero, 13
core   0: 3 0x8000a018 (0x40d05793) x15 0x00000000
core   0: 0x8000a01c (0x40d1df33) sra     t5, gp, a3
core   0: 3 0x8000a01c (0x40d1df33) x30 0xffffffff
core   0: 0x8000a020 (0xc3e24793) xori    a5, tp, -962
core   0: 3 0x8000a020 (0xc3e24793) x15 0x4f6f6c3e
core   0: 0x8000a024 (0x48158a13) addi    s4, a1, 1153
core   0: 3 0x8000a024 (0x48158a13) x20 0xdfe2691f
core   0: 0x8000a028 (0x00d89493) slli    s1, a7, 13
core   0: 3 0x8000a028 (0x00d89493) x 9 0x4e000000
core   0: 0x8000a02c (0x63094593) xori    a1, s2, 1584
core   0: 3 0x8000a02c (0x63094593) x11 0x6e2999cc
core   0: 0x8000a030 (0x01a6a6b3) slt     a3, a3, s10
core   0: 3 0x8000a030 (0x01a6a6b3) x13 0x00000000
core   0: 0x8000a034 (0x34f2b013) sltiu   zero, t0, 847
core   0: 3 0x8000a034 (0x34f2b013)
core   0: 0x8000a038 (0x01aca5b3) slt     a1, s9, s10
core   0: 3 0x8000a038 (0x01aca5b3) x11 0x00000000
core   0: 0x8000a03c (0x01ad08b3) add     a7, s10, s10
core   0: 3 0x8000a03c (0x01ad08b3) x17 0x00000000
core   0: 0x8000a040 (0x39b93413) sltiu   s0, s2, 923
core   0: 3 0x8000a040 (0x39b93413) x 8 0x00000000
core   0: 0x8000a044 (0x9b3db013) sltiu   zero, s11, -1613
core   0: 3 0x8000a044 (0x9b3db013)
core   0: 0x8000a048 (0x00b96f33) or      t5, s2, a1
core   0: 3 0x8000a048 (0x00b96f33) x30 0x6e299ffc
core   0: 0x8000a04c (0x00e8f933) and     s2, a7, a4
core   0: 3 0x8000a04c (0x00e8f933) x18 0x00000000
core   0: 0x8000a050 (0x6dbfcb13) xori    s6, t6, 1755
core   0: 3 0x8000a050 (0x6dbfcb13) x22 0xf5288967
core   0: 0x8000a054 (0x003af7b3) and     a5, s5, gp
core   0: 3 0x8000a054 (0x003af7b3) x15 0xf5288fbc
core   0: 0x8000a058 (0x67a5d897) auipc   a7, 0x67a5d
core   0: 3 0x8000a058 (0x67a5d897) x17 0xe7a67058
core   0: 0x8000a05c (0x4c2d2eb7) lui     t4, 0x4c2d2
core   0: 3 0x8000a05c (0x4c2d2eb7) x29 0x4c2d2000
core   0: 0x8000a060 (0x66d3a493) slti    s1, t2, 1645
core   0: 3 0x8000a060 (0x66d3a493) x 9 0x00000001
core   0: 0x8000a064 (0x58d4de97) auipc   t4, 0x58d4d
core   0: 3 0x8000a064 (0x58d4de97) x29 0xd8d57064
core   0: 0x8000a068 (0x0174d093) srli    ra, s1, 23
core   0: 3 0x8000a068 (0x0174d093) x 1 0x00000000
core   0: 0x8000a06c (0x01ef95b3) sll     a1, t6, t5
core   0: 3 0x8000a06c (0x01ef95b3) x11 0xc0000000
core   0: 0x8000a070 (0x00000013) nop
core   0: 3 0x8000a070 (0x00000013)
core   0: 0x8000a074 (0xe4ce6c17) auipc   s8, 0xe4ce6
core   0: 3 0x8000a074 (0xe4ce6c17) x24 0x64cf0074
core   0: 0x8000a078 (0xba0c3713) sltiu   a4, s8, -1120
core   0: 3 0x8000a078 (0xba0c3713) x14 0x00000001
core   0: 0x8000a07c (0x004c95b3) sll     a1, s9, tp
core   0: 3 0x8000a07c (0x004c95b3) x11 0x0000045c
core   0: 0x8000a080 (0x00aa6bb3) or      s7, s4, a0
core   0: 3 0x8000a080 (0x00aa6bb3) x23 0xffeafd9f
core   0: 0x8000a084 (0xe89a0217) auipc   tp, 0xe89a0
core   0: 3 0x8000a084 (0xe89a0217) x 4 0x689aa084
core   0: 0x8000a088 (0x017c1c33) sll     s8, s8, s7
core   0: 3 0x8000a088 (0x017c1c33) x24 0x00000000
core   0: 0x8000a08c (0xfefec317) auipc   t1, 0xfefec
core   0: 3 0x8000a08c (0xfefec317) x 6 0x7eff608c
core   0: 0x8000a090 (0x40dd5093) srai    ra, s10, 13
core   0: 3 0x8000a090 (0x40dd5093) x 1 0x00000000
core   0: 0x8000a094 (0x01345913) srli    s2, s0, 19
core   0: 3 0x8000a094 (0x01345913) x18 0x00000000
core   0: 0x8000a098 (0x406a5cb3) sra     s9, s4, t1
core   0: 3 0x8000a098 (0x406a5cb3) x25 0xfffdfe26
core   0: 0x8000a09c (0x55a37897) auipc   a7, 0x55a37
core   0: 3 0x8000a09c (0x55a37897) x17 0xd5a4109c
core   0: 0x8000a0a0 (0x00ed5013) srli    zero, s10, 14
core   0: 3 0x8000a0a0 (0x00ed5013)
core   0: 0x8000a0a4 (0x417e5c13) srai    s8, t3, 23
core   0: 3 0x8000a0a4 (0x417e5c13) x24 0x00000000
core   0: 0x8000a0a8 (0x41a0d9b3) sra     s3, ra, s10
core   0: 3 0x8000a0a8 (0x41a0d9b3) x19 0x00000000
core   0: 0x8000a0ac (0x40955633) sra     a2, a0, s1
core   0: 3 0x8000a0ac (0x40955633) x12 0xfa944a4e
core   0: 0x8000a0b0 (0x4078d433) sra     s0, a7, t2
core   0: 3 0x8000a0b0 (0x4078d433) x 8 0xfd5a4109
core   0: 0x8000a0b4 (0x41605613) srai    a2, zero, 22
core   0: 3 0x8000a0b4 (0x41605613) x12 0x00000000
core   0: 0x8000a0b8 (0x416648b7) lui     a7, 0x41664
core   0: 3 0x8000a0b8 (0x416648b7) x17 0x41664000
core   0: 0x8000a0bc (0x772cc437) lui     s0, 0x772cc
core   0: 3 0x8000a0bc (0x772cc437) x 8 0x772cc000
core   0: 0x8000a0c0 (0x7d4457b7) lui     a5, 0x7d445
core   0: 3 0x8000a0c0 (0x7d4457b7) x15 0x7d445000
core   0: 0x8000a0c4 (0xa04007b7) lui     a5, 0xa0400
core   0: 3 0x8000a0c4 (0xa04007b7) x15 0xa0400000
core   0: 0x8000a0c8 (0x1f01ea13) ori     s4, gp, 496
core   0: 3 0x8000a0c8 (0x1f01ea13) x20 0xf5288ffd
core   0: 0x8000a0cc (0x01ee5b13) srli    s6, t3, 30
core   0: 3 0x8000a0cc (0x01ee5b13) x22 0x00000000
core   0: 0x8000a0d0 (0x003cd313) srli    t1, s9, 3
core   0: 3 0x8000a0d0 (0x003cd313) x 6 0x1fffbfc4
core   0: 0x8000a0d4 (0xa2f34913) xori    s2, t1, -1489
core   0: 3 0x8000a0d4 (0xa2f34913) x18 0xe00045eb
core   0: 0x8000a0d8 (0xae7ae313) ori     t1, s5, -1305
core   0: 3 0x8000a0d8 (0xae7ae313) x 6 0xffffffff
core   0: 0x8000a0dc (0xe977c317) auipc   t1, 0xe977c
core   0: 3 0x8000a0dc (0xe977c317) x 6 0x697860dc
core   0: 0x8000a0e0 (0xf0e8b997) auipc   s3, 0xf0e8b
core   0: 3 0x8000a0e0 (0xf0e8b997) x19 0x70e950e0
core   0: 0x8000a0e4 (0x00ca6fb3) or      t6, s4, a2
core   0: 3 0x8000a0e4 (0x00ca6fb3) x31 0xf5288ffd
core   0: 0x8000a0e8 (0x92dd6793) ori     a5, s10, -1747
core   0: 3 0x8000a0e8 (0x92dd6793) x15 0xfffff92d
core   0: 0x8000a0ec (0xcc125237) lui     tp, 0xcc125
core   0: 3 0x8000a0ec (0xcc125237) x 4 0xcc125000
core   0: 0x8000a0f0 (0x40195f33) sra     t5, s2, ra
core   0: 3 0x8000a0f0 (0x40195f33) x30 0xe00045eb
core   0: 0x8000a0f4 (0x01e25eb3) srl     t4, tp, t5
core   0: 3 0x8000a0f4 (0x01e25eb3) x29 0x0019824a
core   0: 0x8000a0f8 (0x48de8713) addi    a4, t4, 1165
core   0: 3 0x8000a0f8 (0x48de8713) x14 0x001986d7
core   0: 0x8000a0fc (0x414d09b3) sub     s3, s10, s4
core   0: 3 0x8000a0fc (0x414d09b3) x19 0x0ad77003
core   0: 0x8000a100 (0x64a07917) auipc   s2, 0x64a07
core   0: 3 0x8000a100 (0x64a07917) x18 0xe4a11100
core   0: 0x8000a104 (0x00000013) nop
core   0: 3 0x8000a104 (0x00000013)
core   0: 0x8000a108 (0x6023c193) xori    gp, t2, 1538
core   0: 3 0x8000a108 (0x6023c193) x 3 0x80011866
core   0: 0x8000a10c (0x40a755b3) sra     a1, a4, a0
core   0: 3 0x8000a10c (0x40a755b3) x11 0x00000000
core   0: 0x8000a110 (0x0102ad33) slt     s10, t0, a6
core   0: 3 0x8000a110 (0x0102ad33) x26 0x00000001
core   0: 0x8000a114 (0x5ff6b5b7) lui     a1, 0x5ff6b
core   0: 3 0x8000a114 (0x5ff6b5b7) x11 0x5ff6b000
core   0: 0x8000a118 (0xe6523f93) sltiu   t6, tp, -411
core   0: 3 0x8000a118 (0xe6523f93) x31 0x00000001
core   0: 0x8000a11c (0x09711937) lui     s2, 0x9711
core   0: 3 0x8000a11c (0x09711937) x18 0x09711000
core   0: 0x8000a120 (0xb256fc13) andi    s8, a3, -1243
core   0: 3 0x8000a120 (0xb256fc13) x24 0x00000000
core   0: 0x8000a124 (0x01f59a13) slli    s4, a1, 31
core   0: 3 0x8000a124 (0x01f59a13) x20 0x00000000
core   0: 0x8000a128 (0x85f87a13) andi    s4, a6, -1953
core   0: 3 0x8000a128 (0x85f87a13) x20 0xfa445014
core   0: 0x8000a12c (0x00000013) nop
core   0: 3 0x8000a12c (0x00000013)
core   0: 0x8000a130 (0x8eb74b13) xori    s6, a4, -1813
core   0: 3 0x8000a130 (0x8eb74b13) x22 0xffe67e3c
core   0: 0x8000a134 (0x01f7e4b3) or      s1, a5, t6
core   0: 3 0x8000a134 (0x01f7e4b3) x 9 0xfffff92d
core   0: 0x8000a138 (0x005eddb3) srl     s11, t4, t0
core   0: 3 0x8000a138 (0x005eddb3) x27 0x00019824
core   0: 0x8000a13c (0x00a31793) slli    a5, t1, 10
core   0: 3 0x8000a13c (0x00a31793) x15 0xe1837000
core   0: 0x8000a140 (0xd182ff13) andi    t5, t0, -744
core   0: 3 0x8000a140 (0xd182ff13) x30 0x80015c00
core   0: 0x8000a144 (0x5b1840b7) lui     ra, 0x5b184
core   0: 3 0x8000a144 (0x5b1840b7) x 1 0x5b184000
core   0: 0x8000a148 (0xdde87993) andi    s3, a6, -546
core   0: 3 0x8000a148 (0xdde87993) x19 0xfa445094
core   0: 0x8000a14c (0x00d074b3) and     s1, zero, a3
core   0: 3 0x8000a14c (0x00d074b3) x 9 0x00000000
core   0: 0x8000a150 (0xc3997a13) andi    s4, s2, -967
core   0: 3 0x8000a150 (0xc3997a13) x20 0x09711000
core   0: 0x8000a154 (0x00619c13) slli    s8, gp, 6
core   0: 3 0x8000a154 (0x00619c13) x24 0x00461980
core   0: 0x8000a158 (0x8040cb93) xori    s7, ra, -2044
core   0: 3 0x8000a158 (0x8040cb93) x23 0xa4e7b804
core   0: 0x8000a15c (0x015d31b3) sltu    gp, s10, s5
core   0: 3 0x8000a15c (0x015d31b3) x 3 0x00000001
core   0: 0x8000a160 (0xafdd6793) ori     a5, s10, -1283
core   0: 3 0x8000a160 (0xafdd6793) x15 0xfffffafd
core   0: 0x8000a164 (0xae72b013) sltiu   zero, t0, -1305
core   0: 3 0x8000a164 (0xae72b013)
core   0: 0x8000a168 (0xf1d17113) andi    sp, sp, -227
core   0: 3 0x8000a168 (0xf1d17113) x 2 0x5628b000
core   0: 0x8000a16c (0x01124433) xor     s0, tp, a7
core   0: 3 0x8000a16c (0x01124433) x 8 0x8d741000
core   0: 0x8000a170 (0xa329a413) slti    s0, s3, -1486
core   0: 3 0x8000a170 (0xa329a413) x 8 0x00000001
core   0: 0x8000a174 (0x00ad3c33) sltu    s8, s10, a0
core   0: 3 0x8000a174 (0x00ad3c33) x24 0x00000001
core   0: 0x8000a178 (0x01d41613) slli    a2, s0, 29
core   0: 3 0x8000a178 (0x01d41613) x12 0x20000000
core   0: 0x8000a17c (0x019a9c13) slli    s8, s5, 25
core   0: 3 0x8000a17c (0x019a9c13) x24 0xfc000000
core   0: 0x8000a180 (0x4a8e0513) addi    a0, t3, 1192
core   0: 3 0x8000a180 (0x4a8e0513) x10 0x000004a8
core   0: 0x8000a184 (0xbf0b0597) auipc   a1, 0xbf0b0
core   0: 3 0x8000a184 (0xbf0b0597) x11 0x3f0ba184
core   0: 0x8000a188 (0x01a371b3) and     gp, t1, s10
core   0: 3 0x8000a188 (0x01a371b3) x 3 0x00000000
core   0: 0x8000a18c (0x006d3433) sltu    s0, s10, t1
core   0: 3 0x8000a18c (0x006d3433) x 8 0x00000001
core   0: 0x8000a190 (0x00e35233) srl     tp, t1, a4
core   0: 3 0x8000a190 (0x00e35233) x 4 0x000000d2
core   0: 0x8000a194 (0x01119213) slli    tp, gp, 17
core   0: 3 0x8000a194 (0x01119213) x 4 0x00000000
core   0: 0x8000a198 (0x412f80b3) sub     ra, t6, s2
core   0: 3 0x8000a198 (0x412f80b3) x 1 0xf68ef001
core   0: 0x8000a19c (0xb7fb9d17) auipc   s10, 0xb7fb9
core   0: 3 0x8000a19c (0xb7fb9d17) x26 0x37fc319c
core   0: 0x8000a1a0 (0x41cfd933) sra     s2, t6, t3
core   0: 3 0x8000a1a0 (0x41cfd933) x18 0x00000001
core   0: 0x8000a1a4 (0x410b5013) srai    zero, s6, 16
core   0: 3 0x8000a1a4 (0x410b5013)
core   0: 0x8000a1a8 (0x251a2413) slti    s0, s4, 593
core   0: 3 0x8000a1a8 (0x251a2413) x 8 0x00000000
core   0: 0x8000a1ac (0x20b0ed13) ori     s10, ra, 523
core   0: 3 0x8000a1ac (0x20b0ed13) x26 0xf68ef20b
core   0: 0x8000a1b0 (0xf3738617) auipc   a2, 0xf3738
core   0: 3 0x8000a1b0 (0xf3738617) x12 0x737421b0
core   0: 0x8000a1b4 (0x492afe37) lui     t3, 0x492af
core   0: 3 0x8000a1b4 (0x492afe37) x28 0x492af000
core   0: 0x8000a1b8 (0x00000013) nop
core   0: 3 0x8000a1b8 (0x00000013)
core   0: 0x8000a1bc (0x01ba56b3) srl     a3, s4, s11
core   0: 3 0x8000a1bc (0x01ba56b3) x13 0x00971100
core   0: 0x8000a1c0 (0x01b39733) sll     a4, t2, s11
core   0: 3 0x8000a1c0 (0x01b39733) x14 0x0011e640
core   0: 0x8000a1c4 (0x0177b933) sltu    s2, a5, s7
core   0: 3 0x8000a1c4 (0x0177b933) x18 0x00000000
core   0: 0x8000a1c8 (0xe8dcf313) andi    t1, s9, -371
core   0: 3 0x8000a1c8 (0xe8dcf313) x 6 0xfffdfe04
core   0: 0x8000a1cc (0x01fbc933) xor     s2, s7, t6
core   0: 3 0x8000a1cc (0x01fbc933) x18 0xa4e7b805
core   0: 0x8000a1d0 (0xd0f1c213) xori    tp, gp, -753
core   0: 3 0x8000a1d0 (0xd0f1c213) x 4 0xfffffd0f
core   0: 0x8000a1d4 (0x781479b7) lui     s3, 0x78147
core   0: 3 0x8000a1d4 (0x781479b7) x19 0x78147000
core   0: 0x8000a1d8 (0x004c5e93) srli    t4, s8, 4
core   0: 3 0x8000a1d8 (0x004c5e93) x29 0x0fc00000
core   0: 0x8000a1dc (0x409bd8b3) sra     a7, s7, s1
core   0: 3 0x8000a1dc (0x409bd8b3) x17 0xa4e7b804
core   0: 0x8000a1e0 (0x4897a893) slti    a7, a5, 1161
core   0: 3 0x8000a1e0 (0x4897a893) x17 0x00000001
core   0: 0x8000a1e4 (0x01f5beb3) sltu    t4, a1, t6
core   0: 3 0x8000a1e4 (0x01f5beb3) x29 0x00000000
core   0: 0x8000a1e8 (0x0089f6b3) and     a3, s3, s0
core   0: 3 0x8000a1e8 (0x0089f6b3) x13 0x00000000
core   0: 0x8000a1ec (0x2fa57213) andi    tp, a0, 762
core   0: 3 0x8000a1ec (0x2fa57213) x 4 0x000000a8
core   0: 0x8000a1f0 (0x01734233) xor     tp, t1, s7
core   0: 3 0x8000a1f0 (0x01734233) x 4 0x5b1a4600
core   0: 0x8000a1f4 (0x01b381b3) add     gp, t2, s11
core   0: 3 0x8000a1f4 (0x01b381b3) x 3 0x8002b688
core   0: 0x8000a1f8 (0x0039d9b3) srl     s3, s3, gp
core   0: 3 0x8000a1f8 (0x0039d9b3) x19 0x00781470
core   0: 0x8000a1fc (0x40080633) sub     a2, a6, zero
core   0: 3 0x8000a1fc (0x40080633) x12 0xfa4450b4
core   0: 0x8000a200 (0x0111c433) xor     s0, gp, a7
core   0: 3 0x8000a200 (0x0111c433) x 8 0x8002b689
core   0: 0x8000a204 (0x006ed033) srl     zero, t4, t1
core   0: 3 0x8000a204 (0x006ed033)
core   0: 0x8000a208 (0x72f02193) slti    gp, zero, 1839
core   0: 3 0x8000a208 (0x72f02193) x 3 0x00000001
core   0: 0x8000a20c (0x00348e33) add     t3, s1, gp
core   0: 3 0x8000a20c (0x00348e33) x28 0x00000001
core   0: 0x8000a210 (0x409b8493) addi    s1, s7, 1033
core   0: 3 0x8000a210 (0x409b8493) x 9 0xa4e7bc0d
core   0: 0x8000a214 (0x0152ffb3) and     t6, t0, s5
core   0: 3 0x8000a214 (0x0152ffb3) x31 0x80015ce4
core   0: 0x8000a218 (0x019a45b3) xor     a1, s4, s9
core   0: 3 0x8000a218 (0x019a45b3) x11 0xf68cee26
core   0: 0x8000a21c (0x013a3ab3) sltu    s5, s4, s3
core   0: 3 0x8000a21c (0x013a3ab3) x21 0x00000000
core   0: 0x8000a220 (0x0025f7b3) and     a5, a1, sp
core   0: 3 0x8000a220 (0x0025f7b3) x15 0x5608a000
core   0: 0x8000a224 (0xd72b0b93) addi    s7, s6, -654
core   0: 3 0x8000a224 (0xd72b0b93) x23 0xffe67bae
core   0: 0x8000a228 (0x002a60b3) or      ra, s4, sp
core   0: 3 0x8000a228 (0x002a60b3) x 1 0x5f79b000
core   0: 0x8000a22c (0x91998f93) addi    t6, s3, -1767
core   0: 3 0x8000a22c (0x91998f93) x31 0x00780d89
core   0: 0x8000a230 (0xb011f113) andi    sp, gp, -1279
core   0: 3 0x8000a230 (0xb011f113) x 2 0x00000001
core   0: 0x8000a234 (0x01f40633) add     a2, s0, t6
core   0: 3 0x8000a234 (0x01f40633) x12 0x807ac412
core   0: 0x8000a238 (0x0162ff93) andi    t6, t0, 22
core   0: 3 0x8000a238 (0x0162ff93) x31 0x00000004
core   0: 0x8000a23c (0x918f3217) auipc   tp, 0x918f3
core   0: 3 0x8000a23c (0x918f3217) x 4 0x118fd23c
core   0: 0x8000a240 (0x00b14b33) xor     s6, sp, a1
core   0: 3 0x8000a240 (0x00b14b33) x22 0xf68cee27
core   0: 0x8000a244 (0x00876cb3) or      s9, a4, s0
core   0: 3 0x8000a244 (0x00876cb3) x25 0x8013f6c9
core   0: 0x8000a248 (0x000cd933) srl     s2, s9, zero
core   0: 3 0x8000a248 (0x000cd933) x18 0x8013f6c9
core   0: 0x8000a24c (0x00000013) nop
core   0: 3 0x8000a24c (0x00000013)
core   0: 0x8000a250 (0x011bb6b3) sltu    a3, s7, a7
core   0: 3 0x8000a250 (0x011bb6b3) x13 0x00000000
core   0: 0x8000a254 (0x014eda33) srl     s4, t4, s4
core   0: 3 0x8000a254 (0x014eda33) x20 0x00000000
core   0: 0x8000a258 (0x013db433) sltu    s0, s11, s3
core   0: 3 0x8000a258 (0x013db433) x 8 0x00000001
core   0: 0x8000a25c (0x9b4af513) andi    a0, s5, -1612
core   0: 3 0x8000a25c (0x9b4af513) x10 0x00000000
core   0: 0x8000a260 (0x2f599117) auipc   sp, 0x2f599
core   0: 3 0x8000a260 (0x2f599117) x 2 0xaf5a3260
core   0: 0x8000a264 (0x415a5213) srai    tp, s4, 21
core   0: 3 0x8000a264 (0x415a5213) x 4 0x00000000
core   0: 0x8000a268 (0x3b0ca893) slti    a7, s9, 944
core   0: 3 0x8000a268 (0x3b0ca893) x17 0x00000001
core   0: 0x8000a26c (0x01141893) slli    a7, s0, 17
core   0: 3 0x8000a26c (0x01141893) x17 0x00020000
core   0: 0x8000a270 (0xf3213993) sltiu   s3, sp, -206
core   0: 3 0x8000a270 (0xf3213993) x19 0x00000001
core   0: 0x8000a274 (0xbea66093) ori     ra, a2, -1046
core   0: 3 0x8000a274 (0xbea66093) x 1 0xfffffffa
core   0: 0x8000a278 (0x8d273193) sltiu   gp, a4, -1838
core   0: 3 0x8000a278 (0x8d273193) x 3 0x00000001
core   0: 0x8000a27c (0x40338133) sub     sp, t2, gp
core   0: 3 0x8000a27c (0x40338133) x 2 0x80011e63
core   0: 0x8000a280 (0x01dfe0b3) or      ra, t6, t4
core   0: 3 0x8000a280 (0x01dfe0b3) x 1 0x00000004
core   0: 0x8000a284 (0x4078dd93) srai    s11, a7, 7
core   0: 3 0x8000a284 (0x4078dd93) x27 0x00000400
core   0: 0x8000a288 (0xced20f93) addi    t6, tp, -787
core   0: 3 0x8000a288 (0xced20f93) x31 0xfffffced
core   0: 0x8000a28c (0x01d4fbb3) and     s7, s1, t4
core   0: 3 0x8000a28c (0x01d4fbb3) x23 0x00000000
core   0: 0x8000a290 (0x009fa0b3) slt     ra, t6, s1
core   0: 3 0x8000a290 (0x009fa0b3) x 1 0x00000000
core   0: 0x8000a294 (0x41bd5b13) srai    s6, s10, 27
core   0: 3 0x8000a294 (0x41bd5b13) x22 0xfffffffe
core   0: 0x8000a298 (0x01bc1eb3) sll     t4, s8, s11
core   0: 3 0x8000a298 (0x01bc1eb3) x29 0xfc000000
core   0: 0x8000a29c (0x01cbdc13) srli    s8, s7, 28
core   0: 3 0x8000a29c (0x01cbdc13) x24 0x00000000
core   0: 0x8000a2a0 (0x876ec413) xori    s0, t4, -1930
core   0: 3 0x8000a2a0 (0x876ec413) x 8 0x03fff876
core   0: 0x8000a2a4 (0x2ed0ed13) ori     s10, ra, 749
core   0: 3 0x8000a2a4 (0x2ed0ed13) x26 0x000002ed
core   0: 0x8000a2a8 (0x4acfe893) ori     a7, t6, 1196
core   0: 3 0x8000a2a8 (0x4acfe893) x17 0xfffffced
core   0: 0x8000a2ac (0x00561233) sll     tp, a2, t0
core   0: 3 0x8000a2ac (0x00561233) x 4 0x07ac4120
core   0: 0x8000a2b0 (0x015a2033) slt     zero, s4, s5
core   0: 3 0x8000a2b0 (0x015a2033)
core   0: 0x8000a2b4 (0x017bbbb3) sltu    s7, s7, s7
core   0: 3 0x8000a2b4 (0x017bbbb3) x23 0x00000000
core   0: 0x8000a2b8 (0xa8776613) ori     a2, a4, -1401
core   0: 3 0x8000a2b8 (0xa8776613) x12 0xfffffec7
core   0: 0x8000a2bc (0x00000013) nop
core   0: 3 0x8000a2bc (0x00000013)
core   0: 0x8000a2c0 (0x00d7a233) slt     tp, a5, a3
core   0: 3 0x8000a2c0 (0x00d7a233) x 4 0x00000000
core   0: 0x8000a2c4 (0xa0674793) xori    a5, a4, -1530
core   0: 3 0x8000a2c4 (0xa0674793) x15 0xffee1c46
core   0: 0x8000a2c8 (0x0180edb3) or      s11, ra, s8
core   0: 3 0x8000a2c8 (0x0180edb3) x27 0x00000000
core   0: 0x8000a2cc (0x400d5913) srai    s2, s10, 0
core   0: 3 0x8000a2cc (0x400d5913) x18 0x000002ed
core   0: 0x8000a2d0 (0x01e1d993) srli    s3, gp, 30
core   0: 3 0x8000a2d0 (0x01e1d993) x19 0x00000000
core   0: 0x8000a2d4 (0x008417b3) sll     a5, s0, s0
core   0: 3 0x8000a2d4 (0x008417b3) x15 0x1d800000
core   0: 0x8000a2d8 (0x9323adb7) lui     s11, 0x9323a
core   0: 3 0x8000a2d8 (0x9323adb7) x27 0x9323a000
core   0: 0x8000a2dc (0xac0e3793) sltiu   a5, t3, -1344
core   0: 3 0x8000a2dc (0xac0e3793) x15 0x00000001
core   0: 0x8000a2e0 (0x4eafae93) slti    t4, t6, 1258
core   0: 3 0x8000a2e0 (0x4eafae93) x29 0x00000001
core   0: 0x8000a2e4 (0x15588693) addi    a3, a7, 341
core   0: 3 0x8000a2e4 (0x15588693) x13 0xfffffe42
core   0: 0x8000a2e8 (0x01b85593) srli    a1, a6, 27
core   0: 3 0x8000a2e8 (0x01b85593) x11 0x0000001f
core   0: 0x8000a2ec (0x0182d6b3) srl     a3, t0, s8
core   0: 3 0x8000a2ec (0x0182d6b3) x13 0x80015ce4
core   0: 0x8000a2f0 (0x1f3e3693) sltiu   a3, t3, 499
core   0: 3 0x8000a2f0 (0x1f3e3693) x13 0x00000001
core   0: 0x8000a2f4 (0x01036db3) or      s11, t1, a6
core   0: 3 0x8000a2f4 (0x01036db3) x27 0xfffdfeb4
core   0: 0x8000a2f8 (0x7c35f693) andi    a3, a1, 1987
core   0: 3 0x8000a2f8 (0x7c35f693) x13 0x00000003
core   0: 0x8000a2fc (0x91b48213) addi    tp, s1, -1765
core   0: 3 0x8000a2fc (0x91b48213) x 4 0xa4e7b528
core   0: 0x8000a300 (0x01a27b33) and     s6, tp, s10
core   0: 3 0x8000a300 (0x01a27b33) x22 0x00000028
core   0: 0x8000a304 (0x07127e97) auipc   t4, 0x7127
core   0: 3 0x8000a304 (0x07127e97) x29 0x87131304
core   0: 0x8000a308 (0x00645a13) srli    s4, s0, 6
core   0: 3 0x8000a308 (0x00645a13) x20 0x000fffe1
core   0: 0x8000a30c (0x0060d593) srli    a1, ra, 6
core   0: 3 0x8000a30c (0x0060d593) x11 0x00000000
core   0: 0x8000a310 (0x01255733) srl     a4, a0, s2
core   0: 3 0x8000a310 (0x01255733) x14 0x00000000
core   0: 0x8000a314 (0x018131b3) sltu    gp, sp, s8
core   0: 3 0x8000a314 (0x018131b3) x 3 0x00000000
core   0: 0x8000a318 (0x00c1cab3) xor     s5, gp, a2
core   0: 3 0x8000a318 (0x00c1cab3) x21 0xfffffec7
core   0: 0x8000a31c (0x58747c93) andi    s9, s0, 1415
core   0: 3 0x8000a31c (0x58747c93) x25 0x00000006
core   0: 0x8000a320 (0x001e5d93) srli    s11, t3, 1
core   0: 3 0x8000a320 (0x001e5d93) x27 0x00000000
core   0: 0x8000a324 (0xeed36c13) ori     s8, t1, -275
core   0: 3 0x8000a324 (0xeed36c13) x24 0xfffffeed
core   0: 0x8000a328 (0x01559fb3) sll     t6, a1, s5
core   0: 3 0x8000a328 (0x01559fb3) x31 0x00000000
core   0: 0x8000a32c (0x99e5be13) sltiu   t3, a1, -1634
core   0: 3 0x8000a32c (0x99e5be13) x28 0x00000001
core   0: 0x8000a330 (0x01b1d133) srl     sp, gp, s11
core   0: 3 0x8000a330 (0x01b1d133) x 2 0x00000000
core   0: 0x8000a334 (0x00d7a333) slt     t1, a5, a3
core   0: 3 0x8000a334 (0x00d7a333) x 6 0x00000001
core   0: 0x8000a338 (0x4001d493) srai    s1, gp, 0
core   0: 3 0x8000a338 (0x4001d493) x 9 0x00000000
core   0: 0x8000a33c (0x2f37a713) slti    a4, a5, 755
core   0: 3 0x8000a33c (0x2f37a713) x14 0x00000001
core   0: 0x8000a340 (0x01349ab3) sll     s5, s1, s3
core   0: 3 0x8000a340 (0x01349ab3) x21 0x00000000
core   0: 0x8000a344 (0xc6d9fc93) andi    s9, s3, -915
core   0: 3 0x8000a344 (0xc6d9fc93) x25 0x00000000
core   0: 0x8000a348 (0xa05a4b93) xori    s7, s4, -1531
core   0: 3 0x8000a348 (0xa05a4b93) x23 0xfff005e4
core   0: 0x8000a34c (0x9e201317) auipc   t1, 0x9e201
core   0: 3 0x8000a34c (0x9e201317) x 6 0x1e20b34c
core   0: 0x8000a350 (0x012a1f93) slli    t6, s4, 18
core   0: 3 0x8000a350 (0x012a1f93) x31 0xff840000
core   0: 0x8000a354 (0x2b80df37) lui     t5, 0x2b80d
core   0: 3 0x8000a354 (0x2b80df37) x30 0x2b80d000
core   0: 0x8000a358 (0x010f1033) sll     zero, t5, a6
core   0: 3 0x8000a358 (0x010f1033)
core   0: 0x8000a35c (0x0113b033) sltu    zero, t2, a7
core   0: 3 0x8000a35c (0x0113b033)
core   0: 0x8000a360 (0x00799133) sll     sp, s3, t2
core   0: 3 0x8000a360 (0x00799133) x 2 0x00000000
core   0: 0x8000a364 (0x01fbc7b3) xor     a5, s7, t6
core   0: 3 0x8000a364 (0x01fbc7b3) x15 0x007405e4
core   0: 0x8000a368 (0x01311213) slli    tp, sp, 19
core   0: 3 0x8000a368 (0x01311213) x 4 0x00000000
core   0: 0x8000a36c (0x4178d693) srai    a3, a7, 23
core   0: 3 0x8000a36c (0x4178d693) x13 0xffffffff
core   0: 0x8000a370 (0x894f7093) andi    ra, t5, -1900
core   0: 3 0x8000a370 (0x894f7093) x 1 0x2b80d000
core   0: 0x8000a374 (0x008817b3) sll     a5, a6, s0
core   0: 3 0x8000a374 (0x008817b3) x15 0x2d000000
core   0: 0x8000a378 (0x004a78b3) and     a7, s4, tp
core   0: 3 0x8000a378 (0x004a78b3) x17 0x00000000
core   0: 0x8000a37c (0xe49714b7) lui     s1, 0xe4971
core   0: 3 0x8000a37c (0xe49714b7) x 9 0xe4971000
core   0: 0x8000a380 (0xbfee3b13) sltiu   s6, t3, -1026
core   0: 3 0x8000a380 (0xbfee3b13) x22 0x00000001
core   0: 0x8000a384 (0x0152cd33) xor     s10, t0, s5
core   0: 3 0x8000a384 (0x0152cd33) x26 0x80015ce4
core   0: 0x8000a388 (0x015d8d33) add     s10, s11, s5
core   0: 3 0x8000a388 (0x015d8d33) x26 0x00000000
core   0: 0x8000a38c (0x01aa0ab3) add     s5, s4, s10
core   0: 3 0x8000a38c (0x01aa0ab3) x21 0x000fffe1
core   0: 0x8000a390 (0x0071c133) xor     sp, gp, t2
core   0: 3 0x8000a390 (0x0071c133) x 2 0x80011e64
core   0: 0x8000a394 (0x00fd5e93) srli    t4, s10, 15
core   0: 3 0x8000a394 (0x00fd5e93) x29 0x00000000
core   0: 0x8000a398 (0x48469cb7) lui     s9, 0x48469
core   0: 3 0x8000a398 (0x48469cb7) x25 0x48469000
core   0: 0x8000a39c (0x40a5d333) sra     t1, a1, a0
core   0: 3 0x8000a39c (0x40a5d333) x 6 0x00000000
core   0: 0x8000a3a0 (0x00991193) slli    gp, s2, 9
core   0: 3 0x8000a3a0 (0x00991193) x 3 0x0005da00
core   0: 0x8000a3a4 (0x01f15593) srli    a1, sp, 31
core   0: 3 0x8000a3a4 (0x01f15593) x11 0x00000001
core   0: 0x8000a3a8 (0x0ad18693) addi    a3, gp, 173
core   0: 3 0x8000a3a8 (0x0ad18693) x13 0x0005daad
core   0: 0x8000a3ac (0x0050de13) srli    t3, ra, 5
core   0: 3 0x8000a3ac (0x0050de13) x28 0x015c0680
core   0: 0x8000a3b0 (0x0025aab3) slt     s5, a1, sp
core   0: 3 0x8000a3b0 (0x0025aab3) x21 0x00000000
core   0: 0x8000a3b4 (0xb554e513) ori     a0, s1, -1195
core   0: 3 0x8000a3b4 (0xb554e513) x10 0xfffffb55
core   0: 0x8000a3b8 (0x9bc68f13) addi    t5, a3, -1604
core   0: 3 0x8000a3b8 (0x9bc68f13) x30 0x0005d469
core   0: 0x8000a3bc (0x4109dc93) srai    s9, s3, 16
core   0: 3 0x8000a3bc (0x4109dc93) x25 0x00000000
core   0: 0x8000a3c0 (0x743bc113) xori    sp, s7, 1859
core   0: 3 0x8000a3c0 (0x743bc113) x 2 0xfff002a7
core   0: 0x8000a3c4 (0x00a7f5b3) and     a1, a5, a0
core   0: 3 0x8000a3c4 (0x00a7f5b3) x11 0x2d000000
core   0: 0x8000a3c8 (0x4059be13) sltiu   t3, s3, 1029
core   0: 3 0x8000a3c8 (0x4059be13) x28 0x00000001
core   0: 0x8000a3cc (0x41b0d413) srai    s0, ra, 27
core   0: 3 0x8000a3cc (0x41b0d413) x 8 0x00000005
core   0: 0x8000a3d0 (0x00f329b3) slt     s3, t1, a5
core   0: 3 0x8000a3d0 (0x00f329b3) x19 0x00000001
core   0: 0x8000a3d4 (0x007a8fb3) add     t6, s5, t2
core   0: 3 0x8000a3d4 (0x007a8fb3) x31 0x80011e64
core   0: 0x8000a3d8 (0x35c22213) slti    tp, tp, 860
core   0: 3 0x8000a3d8 (0x35c22213) x 4 0x00000001
core   0: 0x8000a3dc (0x00725533) srl     a0, tp, t2
core   0: 3 0x8000a3dc (0x00725533) x10 0x00000000
core   0: 0x8000a3e0 (0xc8b08613) addi    a2, ra, -885
core   0: 3 0x8000a3e0 (0xc8b08613) x12 0x2b80cc8b
core   0: 0x8000a3e4 (0x0181d513) srli    a0, gp, 24
core   0: 3 0x8000a3e4 (0x0181d513) x10 0x00000000
core   0: 0x8000a3e8 (0x00ef4e33) xor     t3, t5, a4
core   0: 3 0x8000a3e8 (0x00ef4e33) x28 0x0005d468
core   0: 0x8000a3ec (0x41d4d033) sra     zero, s1, t4
core   0: 3 0x8000a3ec (0x41d4d033)
core   0: 0x8000a3f0 (0x9a8af193) andi    gp, s5, -1624
core   0: 3 0x8000a3f0 (0x9a8af193) x 3 0x00000000
core   0: 0x8000a3f4 (0xcaaa2597) auipc   a1, 0xcaaa2
core   0: 3 0x8000a3f4 (0xcaaa2597) x11 0x4aaac3f4
core   0: 0x8000a3f8 (0x018b9f13) slli    t5, s7, 24
core   0: 3 0x8000a3f8 (0x018b9f13) x30 0xe4000000
core   0: 0x8000a3fc (0x0180d733) srl     a4, ra, s8
core   0: 3 0x8000a3fc (0x0180d733) x14 0x00015c06
core   0: 0x8000a400 (0x66147313) andi    t1, s0, 1633
core   0: 3 0x8000a400 (0x66147313) x 6 0x00000001
core   0: 0x8000a404 (0x00d78133) add     sp, a5, a3
core   0: 3 0x8000a404 (0x00d78133) x 2 0x2d05daad
core   0: 0x8000a408 (0x01c76633) or      a2, a4, t3
core   0: 3 0x8000a408 (0x01c76633) x12 0x0005dc6e
core   0: 0x8000a40c (0x0001de93) srli    t4, gp, 0
core   0: 3 0x8000a40c (0x0001de93) x29 0x00000000
core   0: 0x8000a410 (0x01824733) xor     a4, tp, s8
core   0: 3 0x8000a410 (0x01824733) x14 0xfffffeec
core   0: 0x8000a414 (0x7493a093) slti    ra, t2, 1865
core   0: 3 0x8000a414 (0x7493a093) x 1 0x00000001
core   0: 0x8000a418 (0x00eca1b3) slt     gp, s9, a4
core   0: 3 0x8000a418 (0x00eca1b3) x 3 0x00000000
core   0: 0x8000a41c (0x00000013) nop
core   0: 3 0x8000a41c (0x00000013)
core   0: 0x8000a420 (0x00518933) add     s2, gp, t0
core   0: 3 0x8000a420 (0x00518933) x18 0x80015ce4
core   0: 0x8000a424 (0x00000013) nop
core   0: 3 0x8000a424 (0x00000013)
core   0: 0x8000a428 (0x4b936913) ori     s2, t1, 1209
core   0: 3 0x8000a428 (0x4b936913) x18 0x000004b9
core   0: 0x8000a42c (0x0036c4b3) xor     s1, a3, gp
core   0: 3 0x8000a42c (0x0036c4b3) x 9 0x0005daad
core   0: 0x8000a430 (0x00925413) srli    s0, tp, 9
core   0: 3 0x8000a430 (0x00925413) x 8 0x00000000
core   0: 0x8000a434 (0x41b4d433) sra     s0, s1, s11
core   0: 3 0x8000a434 (0x41b4d433) x 8 0x0005daad
core   0: 0x8000a438 (0xfa45b197) auipc   gp, 0xfa45b
core   0: 3 0x8000a438 (0xfa45b197) x 3 0x7a465438
core   0: 0x8000a43c (0xc78e2093) slti    ra, t3, -904
core   0: 3 0x8000a43c (0xc78e2093) x 1 0x00000000
core   0: 0x8000a440 (0x00a4a1b3) slt     gp, s1, a0
core   0: 3 0x8000a440 (0x00a4a1b3) x 3 0x00000000
core   0: 0x8000a444 (0x01111cb3) sll     s9, sp, a7
core   0: 3 0x8000a444 (0x01111cb3) x25 0x2d05daad
core   0: 0x8000a448 (0x9b19f513) andi    a0, s3, -1615
core   0: 3 0x8000a448 (0x9b19f513) x10 0x00000001
core   0: 0x8000a44c (0xb3980993) addi    s3, a6, -1223
core   0: 3 0x8000a44c (0xb3980993) x19 0xfa444bed
core   0: 0x8000a450 (0x00c81213) slli    tp, a6, 12
core   0: 3 0x8000a450 (0x00c81213) x 4 0x450b4000
core   0: 0x8000a454 (0x015e1493) slli    s1, t3, 21
core   0: 3 0x8000a454 (0x015e1493) x 9 0x8d000000
core   0: 0x8000a458 (0xeec8ce13) xori    t3, a7, -276
core   0: 3 0x8000a458 (0xeec8ce13) x28 0xfffffeec
core   0: 0x8000a45c (0x4120d5b3) sra     a1, ra, s2
core   0: 3 0x8000a45c (0x4120d5b3) x11 0x00000000
core   0: 0x8000a460 (0x7125a513) slti    a0, a1, 1810
core   0: 3 0x8000a460 (0x7125a513) x10 0x00000001
core   0: 0x8000a464 (0x40e6d033) sra     zero, a3, a4
core   0: 3 0x8000a464 (0x40e6d033)
core   0: 0x8000a468 (0x4acf6317) auipc   t1, 0x4acf6
core   0: 3 0x8000a468 (0x4acf6317) x 6 0xcad00468
core   0: 0x8000a46c (0x01bdc333) xor     t1, s11, s11
core   0: 3 0x8000a46c (0x01bdc333) x 6 0x00000000
core   0: 0x8000a470 (0xa0f7a113) slti    sp, a5, -1521
core   0: 3 0x8000a470 (0xa0f7a113) x 2 0x00000000
core   0: 0x8000a474 (0x0194d493) srli    s1, s1, 25
core   0: 3 0x8000a474 (0x0194d493) x 9 0x00000046
core   0: 0x8000a478 (0xbef13b93) sltiu   s7, sp, -1041
core   0: 3 0x8000a478 (0xbef13b93) x23 0x00000001
core   0: 0x8000a47c (0xd952a493) slti    s1, t0, -619
core   0: 3 0x8000a47c (0xd952a493) x 9 0x00000001
core   0: 0x8000a480 (0xc944c493) xori    s1, s1, -876
core   0: 3 0x8000a480 (0xc944c493) x 9 0xfffffc95
core   0: 0x8000a484 (0x009c5d13) srli    s10, s8, 9
core   0: 3 0x8000a484 (0x009c5d13) x26 0x007fffff
core   0: 0x8000a488 (0x584d06b7) lui     a3, 0x584d0
core   0: 3 0x8000a488 (0x584d06b7) x13 0x584d0000
core   0: 0x8000a48c (0x01d25933) srl     s2, tp, t4
core   0: 3 0x8000a48c (0x01d25933) x18 0x450b4000
core   0: 0x8000a490 (0x00134bb3) xor     s7, t1, ra
core   0: 3 0x8000a490 (0x00134bb3) x23 0x00000000
core   0: 0x8000a494 (0xffce06b7) lui     a3, 0xffce0
core   0: 3 0x8000a494 (0xffce06b7) x13 0xffce0000
core   0: 0x8000a498 (0x013ce133) or      sp, s9, s3
core   0: 3 0x8000a498 (0x013ce133) x 2 0xff45dbed
core   0: 0x8000a49c (0x417a84b3) sub     s1, s5, s7
core   0: 3 0x8000a49c (0x417a84b3) x 9 0x00000000
core   0: 0x8000a4a0 (0x41890c33) sub     s8, s2, s8
core   0: 3 0x8000a4a0 (0x41890c33) x24 0x450b4113
core   0: 0x8000a4a4 (0xd6d94b13) xori    s6, s2, -659
core   0: 3 0x8000a4a4 (0xd6d94b13) x22 0xbaf4bd6d
core   0: 0x8000a4a8 (0xe9e17c93) andi    s9, sp, -354
core   0: 3 0x8000a4a8 (0xe9e17c93) x25 0xff45da8c
core   0: 0x8000a4ac (0xbb2cbc37) lui     s8, 0xbb2cb
core   0: 3 0x8000a4ac (0xbb2cbc37) x24 0xbb2cb000
core   0: 0x8000a4b0 (0x003e9493) slli    s1, t4, 3
core   0: 3 0x8000a4b0 (0x003e9493) x 9 0x00000000
core   0: 0x8000a4b4 (0x413a04b3) sub     s1, s4, s3
core   0: 3 0x8000a4b4 (0x413a04b3) x 9 0x05cbb3f4
core   0: 0x8000a4b8 (0x016400b3) add     ra, s0, s6
core   0: 3 0x8000a4b8 (0x016400b3) x 1 0xbafa981a
core   0: 0x8000a4bc (0x41e18ab3) sub     s5, gp, t5
core   0: 3 0x8000a4bc (0x41e18ab3) x21 0x1c000000
core   0: 0x8000a4c0 (0x58b6a313) slti    t1, a3, 1419
core   0: 3 0x8000a4c0 (0x58b6a313) x 6 0x00000001
core   0: 0x8000a4c4 (0x5c7d35b7) lui     a1, 0x5c7d3
core   0: 3 0x8000a4c4 (0x5c7d35b7) x11 0x5c7d3000
core   0: 0x8000a4c8 (0xa4652e13) slti    t3, a0, -1466
core   0: 3 0x8000a4c8 (0xa4652e13) x28 0x00000000
core   0: 0x8000a4cc (0x016ad6b3) srl     a3, s5, s6
core   0: 3 0x8000a4cc (0x016ad6b3) x13 0x0000e000
core   0: 0x8000a4d0 (0x92d99c97) auipc   s9, 0x92d99
core   0: 3 0x8000a4d0 (0x92d99c97) x25 0x12da34d0
core   0: 0x8000a4d4 (0x4034d0b3) sra     ra, s1, gp
core   0: 3 0x8000a4d4 (0x4034d0b3) x 1 0x05cbb3f4
core   0: 0x8000a4d8 (0x79f1b013) sltiu   zero, gp, 1951
core   0: 3 0x8000a4d8 (0x79f1b013)
core   0: 0x8000a4dc (0x01c62c33) slt     s8, a2, t3
core   0: 3 0x8000a4dc (0x01c62c33) x24 0x00000000
core   0: 0x8000a4e0 (0x009119b3) sll     s3, sp, s1
core   0: 3 0x8000a4e0 (0x009119b3) x19 0xbed00000
core   0: 0x8000a4e4 (0x01959193) slli    gp, a1, 25
core   0: 3 0x8000a4e4 (0x01959193) x 3 0x00000000
core   0: 0x8000a4e8 (0x11656a93) ori     s5, a0, 278
core   0: 3 0x8000a4e8 (0x11656a93) x21 0x00000117
core   0: 0x8000a4ec (0x0109b933) sltu    s2, s3, a6
core   0: 3 0x8000a4ec (0x0109b933) x18 0x00000001
core   0: 0x8000a4f0 (0xf01ceb13) ori     s6, s9, -255
core   0: 3 0x8000a4f0 (0xf01ceb13) x22 0xffffffd1
core   0: 0x8000a4f4 (0x01b795b3) sll     a1, a5, s11
core   0: 3 0x8000a4f4 (0x01b795b3) x11 0x2d000000
core   0: 0x8000a4f8 (0xd188c037) lui     zero, 0xd188c
core   0: 3 0x8000a4f8 (0xd188c037)
core   0: 0x8000a4fc (0x01a1fbb3) and     s7, gp, s10
core   0: 3 0x8000a4fc (0x01a1fbb3) x23 0x00000000
core   0: 0x8000a500 (0x3d5b2893) slti    a7, s6, 981
core   0: 3 0x8000a500 (0x3d5b2893) x17 0x00000001
core   0: 0x8000a504 (0xbd9cfc93) andi    s9, s9, -1063
core   0: 3 0x8000a504 (0xbd9cfc93) x25 0x12da30d0
core   0: 0x8000a508 (0x4111de93) srai    t4, gp, 17
core   0: 3 0x8000a508 (0x4111de93) x29 0x00000000
core   0: 0x8000a50c (0x01881f33) sll     t5, a6, s8
core   0: 3 0x8000a50c (0x01881f33) x30 0xfa4450b4
core   0: 0x8000a510 (0x01b2bfb3) sltu    t6, t0, s11
core   0: 3 0x8000a510 (0x01b2bfb3) x31 0x00000000
core   0: 0x8000a514 (0x00839333) sll     t1, t2, s0
core   0: 3 0x8000a514 (0x00839333) x 6 0x23cc8000
core   0: 0x8000a518 (0x00c39b93) slli    s7, t2, 12
core   0: 3 0x8000a518 (0x00c39b93) x23 0x11e64000
core   0: 0x8000a51c (0x01fd0bb3) add     s7, s10, t6
core   0: 3 0x8000a51c (0x01fd0bb3) x23 0x007fffff
core   0: 0x8000a520 (0xff444693) xori    a3, s0, -12
core   0: 3 0x8000a520 (0xff444693) x13 0xfffa2559
core   0: 0x8000a524 (0x2699f913) andi    s2, s3, 617
core   0: 3 0x8000a524 (0x2699f913) x18 0x00000000
core   0: 0x8000a528 (0x0c954213) xori    tp, a0, 201
core   0: 3 0x8000a528 (0x0c954213) x 4 0x000000c8
core   0: 0x8000a52c (0x00a7d493) srli    s1, a5, 10
core   0: 3 0x8000a52c (0x00a7d493) x 9 0x000b4000
core   0: 0x8000a530 (0x00714bb3) xor     s7, sp, t2
core   0: 3 0x8000a530 (0x00714bb3) x23 0x7f44c589
core   0: 0x8000a534 (0x012b2a33) slt     s4, s6, s2
core   0: 3 0x8000a534 (0x012b2a33) x20 0x00000001
core   0: 0x8000a538 (0x0135cbb3) xor     s7, a1, s3
core   0: 3 0x8000a538 (0x0135cbb3) x23 0x93d00000
core   0: 0x8000a53c (0x4177df33) sra     t5, a5, s7
core   0: 3 0x8000a53c (0x4177df33) x30 0x2d000000
core   0: 0x8000a540 (0x04e04993) xori    s3, zero, 78
core   0: 3 0x8000a540 (0x04e04993) x19 0x0000004e
core   0: 0x8000a544 (0x019a5233) srl     tp, s4, s9
core   0: 3 0x8000a544 (0x019a5233) x 4 0x00000000
core   0: 0x8000a548 (0x4052de13) srai    t3, t0, 5
core   0: 3 0x8000a548 (0x4052de13) x28 0xfc000ae7
core   0: 0x8000a54c (0xc4516593) ori     a1, sp, -955
core   0: 3 0x8000a54c (0xc4516593) x11 0xffffffed
core   0: 0x8000a550 (0x01cbb1b3) sltu    gp, s7, t3
core   0: 3 0x8000a550 (0x01cbb1b3) x 3 0x00000001
core   0: 0x8000a554 (0xda34ac13) slti    s8, s1, -605
core   0: 3 0x8000a554 (0xda34ac13) x24 0x00000000
core   0: 0x8000a558 (0x0899c437) lui     s0, 0x899c
core   0: 3 0x8000a558 (0x0899c437) x 8 0x0899c000
core   0: 0x8000a55c (0x40ac8233) sub     tp, s9, a0
core   0: 3 0x8000a55c (0x40ac8233) x 4 0x12da30cf
core   0: 0x8000a560 (0x00b85f93) srli    t6, a6, 11
core   0: 3 0x8000a560 (0x00b85f93) x31 0x001f488a
core   0: 0x8000a564 (0x003bb033) sltu    zero, s7, gp
core   0: 3 0x8000a564 (0x003bb033)
core   0: 0x8000a568 (0x8e116b13) ori     s6, sp, -1823
core   0: 3 0x8000a568 (0x8e116b13) x22 0xfffffbed
core   0: 0x8000a56c (0x593fe937) lui     s2, 0x593fe
core   0: 3 0x8000a56c (0x593fe937) x18 0x593fe000
core   0: 0x8000a570 (0x00a926b3) slt     a3, s2, a0
core   0: 3 0x8000a570 (0x00a926b3) x13 0x00000000
core   0: 0x8000a574 (0x01f7cbb3) xor     s7, a5, t6
core   0: 3 0x8000a574 (0x01f7cbb3) x23 0x2d1f488a
core   0: 0x8000a578 (0x00613f33) sltu    t5, sp, t1
core   0: 3 0x8000a578 (0x00613f33) x30 0x00000000
core   0: 0x8000a57c (0x08540997) auipc   s3, 0x8540
core   0: 3 0x8000a57c (0x08540997) x19 0x8854a57c
core   0: 0x8000a580 (0x001208b3) add     a7, tp, ra
core   0: 3 0x8000a580 (0x001208b3) x17 0x18a5e4c3
core   0: 0x8000a584 (0x000f4c33) xor     s8, t5, zero
core   0: 3 0x8000a584 (0x000f4c33) x24 0x00000000
core   0: 0x8000a588 (0x41c8dd93) srai    s11, a7, 28
core   0: 3 0x8000a588 (0x41c8dd93) x27 0x00000001
core   0: 0x8000a58c (0x40ae5ab3) sra     s5, t3, a0
core   0: 3 0x8000a58c (0x40ae5ab3) x21 0xfe000573
core   0: 0x8000a590 (0x7647bb93) sltiu   s7, a5, 1892
core   0: 3 0x8000a590 (0x7647bb93) x23 0x00000000
core   0: 0x8000a594 (0xf0bd2913) slti    s2, s10, -245
core   0: 3 0x8000a594 (0xf0bd2913) x18 0x00000000
core   0: 0x8000a598 (0x40535213) srai    tp, t1, 5
core   0: 3 0x8000a598 (0x40535213) x 4 0x011e6400
core   0: 0x8000a59c (0x019036b3) snez    a3, s9
core   0: 3 0x8000a59c (0x019036b3) x13 0x00000001
core   0: 0x8000a5a0 (0xa3770213) addi    tp, a4, -1481
core   0: 3 0x8000a5a0 (0xa3770213) x 4 0xfffff923
core   0: 0x8000a5a4 (0x005916b3) sll     a3, s2, t0
core   0: 3 0x8000a5a4 (0x005916b3) x13 0x00000000
core   0: 0x8000a5a8 (0x00d974b3) and     s1, s2, a3
core   0: 3 0x8000a5a8 (0x00d974b3) x 9 0x00000000
core   0: 0x8000a5ac (0xf6ce4e93) xori    t4, t3, -148
core   0: 3 0x8000a5ac (0xf6ce4e93) x29 0x03fff58b
core   0: 0x8000a5b0 (0x00000013) nop
core   0: 3 0x8000a5b0 (0x00000013)
core   0: 0x8000a5b4 (0x04c84793) xori    a5, a6, 76
core   0: 3 0x8000a5b4 (0x04c84793) x15 0xfa4450f8
core   0: 0x8000a5b8 (0x0141ae33) slt     t3, gp, s4
core   0: 3 0x8000a5b8 (0x0141ae33) x28 0x00000000
core   0: 0x8000a5bc (0x40c2db13) srai    s6, t0, 12
core   0: 3 0x8000a5bc (0x40c2db13) x22 0xfff80015
core   0: 0x8000a5c0 (0x019fd233) srl     tp, t6, s9
core   0: 3 0x8000a5c0 (0x019fd233) x 4 0x0000001f
core   0: 0x8000a5c4 (0x82f19617) auipc   a2, 0x82f19
core   0: 3 0x8000a5c4 (0x82f19617) x12 0x02f235c4
core   0: 0x8000a5c8 (0x01339433) sll     s0, t2, s3
core   0: 3 0x8000a5c8 (0x01339433) x 8 0x40000000
core   0: 0x8000a5cc (0x0149ccb3) xor     s9, s3, s4
core   0: 3 0x8000a5cc (0x0149ccb3) x25 0x8854a57d
core   0: 0x8000a5d0 (0x0018d013) srli    zero, a7, 1
core   0: 3 0x8000a5d0 (0x0018d013)
core   0: 0x8000a5d4 (0x3a2e0913) addi    s2, t3, 930
core   0: 3 0x8000a5d4 (0x3a2e0913) x18 0x000003a2
core   0: 0x8000a5d8 (0x40c88e33) sub     t3, a7, a2
core   0: 3 0x8000a5d8 (0x40c88e33) x28 0x15b3aeff
core   0: 0x8000a5dc (0x010e0ab3) add     s5, t3, a6
core   0: 3 0x8000a5dc (0x010e0ab3) x21 0x0ff7ffb3
core   0: 0x8000a5e0 (0x66b96013) ori     zero, s2, 1643
core   0: 3 0x8000a5e0 (0x66b96013)
core   0: 0x8000a5e4 (0x01087db3) and     s11, a6, a6
core   0: 3 0x8000a5e4 (0x01087db3) x27 0xfa4450b4
core   0: 0x8000a5e8 (0x94c76613) ori     a2, a4, -1716
core   0: 3 0x8000a5e8 (0x94c76613) x12 0xffffffec
core   0: 0x8000a5ec (0x8aa95ab7) lui     s5, 0x8aa95
core   0: 3 0x8000a5ec (0x8aa95ab7) x21 0x8aa95000
core   0: 0x8000a5f0 (0x418a5c13) srai    s8, s4, 24
core   0: 3 0x8000a5f0 (0x418a5c13) x24 0x00000000
core   0: 0x8000a5f4 (0x42683e93) sltiu   t4, a6, 1062
core   0: 3 0x8000a5f4 (0x42683e93) x29 0x00000000
core   0: 0x8000a5f8 (0x01b11eb3) sll     t4, sp, s11
core   0: 3 0x8000a5f8 (0x01b11eb3) x29 0xbed00000
core   0: 0x8000a5fc (0x8198fa93) andi    s5, a7, -2023
core   0: 3 0x8000a5fc (0x8198fa93) x21 0x18a5e001
core   0: 0x8000a600 (0x01ab2d33) slt     s10, s6, s10
core   0: 3 0x8000a600 (0x01ab2d33) x26 0x00000001
core   0: 0x8000a604 (0x006dd993) srli    s3, s11, 6
core   0: 3 0x8000a604 (0x006dd993) x19 0x03e91142
core   0: 0x8000a608 (0x4185da13) srai    s4, a1, 24
core   0: 3 0x8000a608 (0x4185da13) x20 0xffffffff
core   0: 0x8000a60c (0x007bb693) sltiu   a3, s7, 7
core   0: 3 0x8000a60c (0x007bb693) x13 0x00000001
core   0: 0x8000a610 (0x015ae0b3) or      ra, s5, s5
core   0: 3 0x8000a610 (0x015ae0b3) x 1 0x18a5e001
core   0: 0x8000a614 (0x41d30e33) sub     t3, t1, t4
core   0: 3 0x8000a614 (0x41d30e33) x28 0x64fc8000
core   0: 0x8000a618 (0x018a8eb3) add     t4, s5, s8
core   0: 3 0x8000a618 (0x018a8eb3) x29 0x18a5e001
core   0: 0x8000a61c (0x01e09e93) slli    t4, ra, 30
core   0: 3 0x8000a61c (0x01e09e93) x29 0x40000000
core   0: 0x8000a620 (0x4a7c2013) slti    zero, s8, 1191
core   0: 3 0x8000a620 (0x4a7c2013)
core   0: 0x8000a624 (0x4f80f317) auipc   t1, 0x4f80f
core   0: 3 0x8000a624 (0x4f80f317) x 6 0xcf819624
core   0: 0x8000a628 (0x00559cb3) sll     s9, a1, t0
core   0: 3 0x8000a628 (0x00559cb3) x25 0xfffffed0
core   0: 0x8000a62c (0x00e71a13) slli    s4, a4, 14
core   0: 3 0x8000a62c (0x00e71a13) x20 0xffbb0000
core   0: 0x8000a630 (0xd60a0913) addi    s2, s4, -672
core   0: 3 0x8000a630 (0xd60a0913) x18 0xffbafd60
core   0: 0x8000a634 (0x61fc8213) addi    tp, s9, 1567
core   0: 3 0x8000a634 (0x61fc8213) x 4 0x000004ef
core   0: 0x8000a638 (0xfbd08093) addi    ra, ra, -67
core   0: 3 0x8000a638 (0xfbd08093) x 1 0x18a5dfbe
core   0: 0x8000a63c (0x4e3fa693) slti    a3, t6, 1251
core   0: 3 0x8000a63c (0x4e3fa693) x13 0x00000000
core   0: 0x8000a640 (0x00000013) nop
core   0: 3 0x8000a640 (0x00000013)
core   0: 0x8000a644 (0x41b28933) sub     s2, t0, s11
core   0: 3 0x8000a644 (0x41b28933) x18 0x85bd0c30
core   0: 0x8000a648 (0x93c9ac17) auipc   s8, 0x93c9a
core   0: 3 0x8000a648 (0x93c9ac17) x24 0x13ca4648
core   0: 0x8000a64c (0xf718f693) andi    a3, a7, -143
core   0: 3 0x8000a64c (0xf718f693) x13 0x18a5e441
core   0: 0x8000a650 (0xacd0f893) andi    a7, ra, -1331
core   0: 3 0x8000a650 (0xacd0f893) x17 0x18a5da8c
core   0: 0x8000a654 (0x018b38b3) sltu    a7, s6, s8
core   0: 3 0x8000a654 (0x018b38b3) x17 0x00000000
core   0: 0x8000a658 (0x4076d1b3) sra     gp, a3, t2
core   0: 3 0x8000a658 (0x4076d1b3) x 3 0x018a5e44
core   0: 0x8000a65c (0x8b826d93) ori     s11, tp, -1864
core   0: 3 0x8000a65c (0x8b826d93) x27 0xfffffcff
core   0: 0x8000a660 (0x4046d913) srai    s2, a3, 4
core   0: 3 0x8000a660 (0x4046d913) x18 0x018a5e44
core   0: 0x8000a664 (0x005ba133) slt     sp, s7, t0
core   0: 3 0x8000a664 (0x005ba133) x 2 0x00000000
core   0: 0x8000a668 (0x40830533) sub     a0, t1, s0
core   0: 3 0x8000a668 (0x40830533) x10 0x8f819624
core   0: 0x8000a66c (0x01fc16b3) sll     a3, s8, t6
core   0: 3 0x8000a66c (0x01fc16b3) x13 0x29192000
core   0: 0x8000a670 (0x0101d193) srli    gp, gp, 16
core   0: 3 0x8000a670 (0x0101d193) x 3 0x0000018a
core   0: 0x8000a674 (0x41a45213) srai    tp, s0, 26
core   0: 3 0x8000a674 (0x41a45213) x 4 0x00000010
core   0: 0x8000a678 (0x018fe1b3) or      gp, t6, s8
core   0: 3 0x8000a678 (0x018fe1b3) x 3 0x13df4eca
core   0: 0x8000a67c (0x90707d93) andi    s11, zero, -1785
core   0: 3 0x8000a67c (0x90707d93) x27 0x00000000
core   0: 0x8000a680 (0x0184eab3) or      s5, s1, s8
core   0: 3 0x8000a680 (0x0184eab3) x21 0x13ca4648
core   0: 0x8000a684 (0x00539193) slli    gp, t2, 5
core   0: 3 0x8000a684 (0x00539193) x 3 0x0023cc80
core   0: 0x8000a688 (0x016ec6b3) xor     a3, t4, s6
core   0: 3 0x8000a688 (0x016ec6b3) x13 0xbff80015
core   0: 0x8000a68c (0x00680fb3) add     t6, a6, t1
core   0: 3 0x8000a68c (0x00680fb3) x31 0xc9c5e6d8
core   0: 0x8000a690 (0x131db013) sltiu   zero, s11, 305
core   0: 3 0x8000a690 (0x131db013)
core   0: 0x8000a694 (0x016ec0b3) xor     ra, t4, s6
core   0: 3 0x8000a694 (0x016ec0b3) x 1 0xbff80015
core   0: 0x8000a698 (0x00b47213) andi    tp, s0, 11
core   0: 3 0x8000a698 (0x00b47213) x 4 0x00000000
core   0: 0x8000a69c (0x01236e33) or      t3, t1, s2
core   0: 3 0x8000a69c (0x01236e33) x28 0xcf8bde64
core   0: 0x8000a6a0 (0x004ddd93) srli    s11, s11, 4
core   0: 3 0x8000a6a0 (0x004ddd93) x27 0x00000000
core   0: 0x8000a6a4 (0x40808033) sub     zero, ra, s0
core   0: 3 0x8000a6a4 (0x40808033)
core   0: 0x8000a6a8 (0x66e6a793) slti    a5, a3, 1646
core   0: 3 0x8000a6a8 (0x66e6a793) x15 0x00000001
core   0: 0x8000a6ac (0x4062d733) sra     a4, t0, t1
core   0: 3 0x8000a6ac (0x4062d733) x14 0xf80015ce
core   0: 0x8000a6b0 (0xfff00f93) li      t6, -1
core   0: 3 0x8000a6b0 (0xfff00f93) x31 0xffffffff
core   0: 0x8000a6b4 (0x00000d13) li      s10, 0
core   0: 3 0x8000a6b4 (0x00000d13) x26 0x00000000
core   0: 0x8000a6b8 (0x00000493) li      s1, 0
core   0: 3 0x8000a6b8 (0x00000493) x 9 0x00000000
core   0: 0x8000a6bc (0x80000cb7) lui     s9, 0x80000
core   0: 3 0x8000a6bc (0x80000cb7) x25 0x80000000
core   0: 0x8000a6c0 (0x373318b7) lui     a7, 0x37331
core   0: 3 0x8000a6c0 (0x373318b7) x17 0x37331000
core   0: 0x8000a6c4 (0x4b388893) addi    a7, a7, 1203
core   0: 3 0x8000a6c4 (0x4b388893) x17 0x373314b3
core   0: 0x8000a6c8 (0xfff00993) li      s3, -1
core   0: 3 0x8000a6c8 (0xfff00993) x19 0xffffffff
core   0: 0x8000a6cc (0x48168f37) lui     t5, 0x48168
core   0: 3 0x8000a6cc (0x48168f37) x30 0x48168000
core   0: 0x8000a6d0 (0xebff0f13) addi    t5, t5, -321
core   0: 3 0x8000a6d0 (0xebff0f13) x30 0x48167ebf
core   0: 0x8000a6d4 (0x7ef30737) lui     a4, 0x7ef30
core   0: 3 0x8000a6d4 (0x7ef30737) x14 0x7ef30000
core   0: 0x8000a6d8 (0xf8b70713) addi    a4, a4, -117
core   0: 3 0x8000a6d8 (0xf8b70713) x14 0x7ef2ff8b
core   0: 0x8000a6dc (0x0ff6b5b7) lui     a1, 0xff6b
core   0: 3 0x8000a6dc (0x0ff6b5b7) x11 0x0ff6b000
core   0: 0x8000a6e0 (0x32a58593) addi    a1, a1, 810
core   0: 3 0x8000a6e0 (0x32a58593) x11 0x0ff6b32a
core   0: 0x8000a6e4 (0x50c36537) lui     a0, 0x50c36
core   0: 3 0x8000a6e4 (0x50c36537) x10 0x50c36000
core   0: 0x8000a6e8 (0x0e750513) addi    a0, a0, 231
core   0: 3 0x8000a6e8 (0x0e750513) x10 0x50c360e7
core   0: 0x8000a6ec (0x00000013) nop
core   0: 3 0x8000a6ec (0x00000013)
core   0: 0x8000a6f0 (0x50cdef97) auipc   t6, 0x50cde
core   0: 3 0x8000a6f0 (0x50cdef97) x31 0xd0ce86f0
core   0: 0x8000a6f4 (0x692605b7) lui     a1, 0x69260
core   0: 3 0x8000a6f4 (0x692605b7) x11 0x69260000
core   0: 0x8000a6f8 (0x01188fb3) add     t6, a7, a7
core   0: 3 0x8000a6f8 (0x01188fb3) x31 0x6e662966
core   0: 0x8000a6fc (0x54b73997) auipc   s3, 0x54b73
core   0: 3 0x8000a6fc (0x54b73997) x19 0xd4b7d6fc
core   0: 0x8000a700 (0x419d04b3) sub     s1, s10, s9
core   0: 3 0x8000a700 (0x419d04b3) x 9 0x80000000
core   0: 0x8000a704 (0xbf44e717) auipc   a4, 0xbf44e
core   0: 3 0x8000a704 (0xbf44e717) x14 0x3f458704
core   0: 0x8000a708 (0x837e6d17) auipc   s10, 0x837e6
core   0: 3 0x8000a708 (0x837e6d17) x26 0x037f0708
core   0: 0x8000a70c (0x41e50cb3) sub     s9, a0, t5
core   0: 3 0x8000a70c (0x41e50cb3) x25 0x08ace228
core   0: 0x8000a710 (0xb6487597) auipc   a1, 0xb6487
core   0: 3 0x8000a710 (0xb6487597) x11 0x36491710
core   0: 0x8000a714 (0x8d658893) addi    a7, a1, -1834
core   0: 3 0x8000a714 (0x8d658893) x17 0x36490fe6
core   0: 0x8000a718 (0x01af0cb3) add     s9, t5, s10
core   0: 3 0x8000a718 (0x01af0cb3) x25 0x4b9585c7
core   0: 0x8000a71c (0x11e14cb7) lui     s9, 0x11e14
core   0: 3 0x8000a71c (0x11e14cb7) x25 0x11e14000
core   0: 0x8000a720 (0xab3558b7) lui     a7, 0xab355
core   0: 3 0x8000a720 (0xab3558b7) x17 0xab355000
core   0: 0x8000a724 (0x00950d33) add     s10, a0, s1
core   0: 3 0x8000a724 (0x00950d33) x26 0xd0c360e7
core   0: 0x8000a728 (0x00000013) nop
core   0: 3 0x8000a728 (0x00000013)
core   0: 0x8000a72c (0x40a98fb3) sub     t6, s3, a0
core   0: 3 0x8000a72c (0x40a98fb3) x31 0x83f47615
core   0: 0x8000a730 (0x00000013) nop
core   0: 3 0x8000a730 (0x00000013)
core   0: 0x8000a734 (0x00578fb7) lui     t6, 0x578
core   0: 3 0x8000a734 (0x00578fb7) x31 0x00578000
core   0: 0x8000a738 (0x00000013) nop
core   0: 3 0x8000a738 (0x00000013)
core   0: 0x8000a73c (0x40a88fb3) sub     t6, a7, a0
core   0: 3 0x8000a73c (0x40a88fb3) x31 0x5a71ef19
core   0: 0x8000a740 (0x00998733) add     a4, s3, s1
core   0: 3 0x8000a740 (0x00998733) x14 0x54b7d6fc
core   0: 0x8000a744 (0x00af0f33) add     t5, t5, a0
core   0: 3 0x8000a744 (0x00af0f33) x30 0x98d9dfa6
core   0: 0x8000a748 (0xc71928b7) lui     a7, 0xc7192
core   0: 3 0x8000a748 (0xc71928b7) x17 0xc7192000
core   0: 0x8000a74c (0x66db6793) ori     a5, s6, 1645
core   0: 3 0x8000a74c (0x66db6793) x15 0xfff8067d
core   0: 0x8000a750 (0xdbffe993) ori     s3, t6, -577
core   0: 3 0x8000a750 (0xdbffe993) x19 0xffffffbf
core   0: 0x8000a754 (0x010f1313) slli    t1, t5, 16
core   0: 3 0x8000a754 (0x010f1313) x 6 0xdfa60000
core   0: 0x8000a758 (0x00991593) slli    a1, s2, 9
core   0: 3 0x8000a758 (0x00991593) x11 0x14bc8800
core   0: 0x8000a75c (0x005ebf33) sltu    t5, t4, t0
core   0: 3 0x8000a75c (0x005ebf33) x30 0x00000001
core   0: 0x8000a760 (0x0133ad33) slt     s10, t2, s3
core   0: 3 0x8000a760 (0x0133ad33) x26 0x00000001
core   0: 0x8000a764 (0x01e3d693) srli    a3, t2, 30
core   0: 3 0x8000a764 (0x01e3d693) x13 0x00000002
core   0: 0x8000a768 (0xb1bf7d93) andi    s11, t5, -1253
core   0: 3 0x8000a768 (0xb1bf7d93) x27 0x00000001
core   0: 0x8000a76c (0x0076f6b3) and     a3, a3, t2
core   0: 3 0x8000a76c (0x0076f6b3) x13 0x00000000
core   0: 0x8000a770 (0x418a8db3) sub     s11, s5, s8
core   0: 3 0x8000a770 (0x418a8db3) x27 0x00000000
core   0: 0x8000a774 (0x00198633) add     a2, s3, ra
core   0: 3 0x8000a774 (0x00198633) x12 0xbff7ffd4
core   0: 0x8000a778 (0x01839693) slli    a3, t2, 24
core   0: 3 0x8000a778 (0x01839693) x13 0x64000000
core   0: 0x8000a77c (0x01059013) slli    zero, a1, 16
core   0: 3 0x8000a77c (0x01059013)
core   0: 0x8000a780 (0x001e76b3) and     a3, t3, ra
core   0: 3 0x8000a780 (0x001e76b3) x13 0x8f880004
core   0: 0x8000a784 (0x01d45033) srl     zero, s0, t4
core   0: 3 0x8000a784 (0x01d45033)
core   0: 0x8000a788 (0x0195e233) or      tp, a1, s9
core   0: 3 0x8000a788 (0x0195e233) x 4 0x15fdc800
core   0: 0x8000a78c (0x004d9a33) sll     s4, s11, tp
core   0: 3 0x8000a78c (0x004d9a33) x20 0x00000000
core   0: 0x8000a790 (0x004125b3) slt     a1, sp, tp
core   0: 3 0x8000a790 (0x004125b3) x11 0x00000001
core   0: 0x8000a794 (0x01ea9133) sll     sp, s5, t5
core   0: 3 0x8000a794 (0x01ea9133) x 2 0x27948c90
core   0: 0x8000a798 (0x4116d713) srai    a4, a3, 17
core   0: 3 0x8000a798 (0x4116d713) x14 0xffffc7c4
core   0: 0x8000a79c (0x00bc9593) slli    a1, s9, 11
core   0: 3 0x8000a79c (0x00bc9593) x11 0x0a000000
core   0: 0x8000a7a0 (0xfff00f93) li      t6, -1
core   0: 3 0x8000a7a0 (0xfff00f93) x31 0xffffffff
core   0: 0x8000a7a4 (0xfff00913) li      s2, -1
core   0: 3 0x8000a7a4 (0xfff00913) x18 0xffffffff
core   0: 0x8000a7a8 (0xfff00b13) li      s6, -1
core   0: 3 0x8000a7a8 (0xfff00b13) x22 0xffffffff
core   0: 0x8000a7ac (0xfff00993) li      s3, -1
core   0: 3 0x8000a7ac (0xfff00993) x19 0xffffffff
core   0: 0x8000a7b0 (0xfff00113) li      sp, -1
core   0: 3 0x8000a7b0 (0xfff00113) x 2 0xffffffff
core   0: 0x8000a7b4 (0x00000e13) li      t3, 0
core   0: 3 0x8000a7b4 (0x00000e13) x28 0x00000000
core   0: 0x8000a7b8 (0x800005b7) lui     a1, 0x80000
core   0: 3 0x8000a7b8 (0x800005b7) x11 0x80000000
core   0: 0x8000a7bc (0xfff00893) li      a7, -1
core   0: 3 0x8000a7bc (0xfff00893) x17 0xffffffff
core   0: 0x8000a7c0 (0xfff00c93) li      s9, -1
core   0: 3 0x8000a7c0 (0xfff00c93) x25 0xffffffff
core   0: 0x8000a7c4 (0x4cd6d437) lui     s0, 0x4cd6d
core   0: 3 0x8000a7c4 (0x4cd6d437) x 8 0x4cd6d000
core   0: 0x8000a7c8 (0xaec40413) addi    s0, s0, -1300
core   0: 3 0x8000a7c8 (0xaec40413) x 8 0x4cd6caec
core   0: 0x8000a7cc (0xf5773e17) auipc   t3, 0xf5773
core   0: 3 0x8000a7cc (0xf5773e17) x28 0x7577d7cc
core   0: 0x8000a7d0 (0x00000013) nop
core   0: 3 0x8000a7d0 (0x00000013)
core   0: 0x8000a7d4 (0x3958df97) auipc   t6, 0x3958d
core   0: 3 0x8000a7d4 (0x3958df97) x31 0xb95977d4
core   0: 0x8000a7d8 (0x008108b3) add     a7, sp, s0
core   0: 3 0x8000a7d8 (0x008108b3) x17 0x4cd6caeb
core   0: 0x8000a7dc (0x92af2137) lui     sp, 0x92af2
core   0: 3 0x8000a7dc (0x92af2137) x 2 0x92af2000
core   0: 0x8000a7e0 (0x00000013) nop
core   0: 3 0x8000a7e0 (0x00000013)
core   0: 0x8000a7e4 (0x008f8133) add     sp, t6, s0
core   0: 3 0x8000a7e4 (0x008f8133) x 2 0x063042c0
core   0: 0x8000a7e8 (0x144edb37) lui     s6, 0x144ed
core   0: 3 0x8000a7e8 (0x144edb37) x22 0x144ed000
core   0: 0x8000a7ec (0xe241c597) auipc   a1, 0xe241c
core   0: 3 0x8000a7ec (0xe241c597) x11 0x624267ec
core   0: 0x8000a7f0 (0x008105b3) add     a1, sp, s0
core   0: 3 0x8000a7f0 (0x008105b3) x11 0x53070dac
core   0: 0x8000a7f4 (0x01940133) add     sp, s0, s9
core   0: 3 0x8000a7f4 (0x01940133) x 2 0x4cd6caeb
core   0: 0x8000a7f8 (0x41358e33) sub     t3, a1, s3
core   0: 3 0x8000a7f8 (0x41358e33) x28 0x53070dad
core   0: 0x8000a7fc (0x411108b3) sub     a7, sp, a7
core   0: 3 0x8000a7fc (0x411108b3) x17 0x00000000
core   0: 0x8000a800 (0xf9b90e13) addi    t3, s2, -101
core   0: 3 0x8000a800 (0xf9b90e13) x28 0xffffff9a
core   0: 0x8000a804 (0xe9c8a897) auipc   a7, 0xe9c8a
core   0: 3 0x8000a804 (0xe9c8a897) x17 0x69c94804
core   0: 0x8000a808 (0xfff73cb7) lui     s9, 0xfff73
core   0: 3 0x8000a808 (0xfff73cb7) x25 0xfff73000
core   0: 0x8000a80c (0xd92fd9b7) lui     s3, 0xd92fd
core   0: 3 0x8000a80c (0xd92fd9b7) x19 0xd92fd000
core   0: 0x8000a810 (0x91fad937) lui     s2, 0x91fad
core   0: 3 0x8000a810 (0x91fad937) x18 0x91fad000
core   0: 0x8000a814 (0x00741b17) auipc   s6, 0x741
core   0: 3 0x8000a814 (0x00741b17) x22 0x8074b814
core   0: 0x8000a818 (0x00000013) nop
core   0: 3 0x8000a818 (0x00000013)
core   0: 0x8000a81c (0xc19fc497) auipc   s1, 0xc19fc
core   0: 3 0x8000a81c (0xc19fc497) x 9 0x41a0681c
core   0: 0x8000a820 (0x40048eb3) sub     t4, s1, zero
core   0: 3 0x8000a820 (0x40048eb3) x29 0x41a0681c
core   0: 0x8000a824 (0x6c9c8013) addi    zero, s9, 1737
core   0: 3 0x8000a824 (0x6c9c8013)
core   0: 0x8000a828 (0xdb36e493) ori     s1, a3, -589
core   0: 3 0x8000a828 (0xdb36e493) x 9 0xfffffdb7
core   0: 0x8000a82c (0x01101113) slli    sp, zero, 17
core   0: 3 0x8000a82c (0x01101113) x 2 0x00000000
core   0: 0x8000a830 (0x1c988c13) addi    s8, a7, 457
core   0: 3 0x8000a830 (0x1c988c13) x24 0x69c949cd
core   0: 0x8000a834 (0x7facf493) andi    s1, s9, 2042
core   0: 3 0x8000a834 (0x7facf493) x 9 0x00000000
core   0: 0x8000a838 (0x40888ab3) sub     s5, a7, s0
core   0: 3 0x8000a838 (0x40888ab3) x21 0x1cf27d18
core   0: 0x8000a83c (0xeb127513) andi    a0, tp, -335
core   0: 3 0x8000a83c (0xeb127513) x10 0x15fdc800
core   0: 0x8000a840 (0xc380b997) auipc   s3, 0xc380b
core   0: 3 0x8000a840 (0xc380b997) x19 0x43815840
core   0: 0x8000a844 (0x40918eb3) sub     t4, gp, s1
core   0: 3 0x8000a844 (0x40918eb3) x29 0x0023cc80
core   0: 0x8000a848 (0x4009d013) srai    zero, s3, 0
core   0: 3 0x8000a848 (0x4009d013)
core   0: 0x8000a84c (0x3f6df093) andi    ra, s11, 1014
core   0: 3 0x8000a84c (0x3f6df093) x 1 0x00000000
core   0: 0x8000a850 (0x4aec5117) auipc   sp, 0x4aec5
core   0: 3 0x8000a850 (0x4aec5117) x 2 0xcaecf850
core   0: 0x8000a854 (0x01be5613) srli    a2, t3, 27
core   0: 3 0x8000a854 (0x01be5613) x12 0x0000001f
core   0: 0x8000a858 (0xbbe83b13) sltiu   s6, a6, -1090
core   0: 3 0x8000a858 (0xbbe83b13) x22 0x00000001
core   0: 0x8000a85c (0x4f52be97) auipc   t4, 0x4f52b
core   0: 3 0x8000a85c (0x4f52be97) x29 0xcf53585c
core   0: 0x8000a860 (0x00000013) nop
core   0: 3 0x8000a860 (0x00000013)
core   0: 0x8000a864 (0x0174a1b3) slt     gp, s1, s7
core   0: 3 0x8000a864 (0x0174a1b3) x 3 0x00000000
core   0: 0x8000a868 (0x41420eb3) sub     t4, tp, s4
core   0: 3 0x8000a868 (0x41420eb3) x29 0x15fdc800
core   0: 0x8000a86c (0xdb221497) auipc   s1, 0xdb221
core   0: 3 0x8000a86c (0xdb221497) x 9 0x5b22b86c
core   0: 0x8000a870 (0x004e9d93) slli    s11, t4, 4
core   0: 3 0x8000a870 (0x004e9d93) x27 0x5fdc8000
core   0: 0x8000a874 (0x40875213) srai    tp, a4, 8
core   0: 3 0x8000a874 (0x40875213) x 4 0xffffffc7
core   0: 0x8000a878 (0x41bddd93) srai    s11, s11, 27
core   0: 3 0x8000a878 (0x41bddd93) x27 0x0000000b
core   0: 0x8000a87c (0x012af5b3) and     a1, s5, s2
core   0: 3 0x8000a87c (0x012af5b3) x11 0x10f25000
core   0: 0x8000a880 (0x24bfeab7) lui     s5, 0x24bfe
core   0: 3 0x8000a880 (0x24bfeab7) x21 0x24bfe000
core   0: 0x8000a884 (0x91670e37) lui     t3, 0x91670
core   0: 3 0x8000a884 (0x91670e37) x28 0x91670000
core   0: 0x8000a888 (0x4196df33) sra     t5, a3, s9
core   0: 3 0x8000a888 (0x4196df33) x30 0x8f880004
core   0: 0x8000a88c (0x0108de93) srli    t4, a7, 16
core   0: 3 0x8000a88c (0x0108de93) x29 0x000069c9
core   0: 0x8000a890 (0x40cd8733) sub     a4, s11, a2
core   0: 3 0x8000a890 (0x40cd8733) x14 0xffffffec
core   0: 0x8000a894 (0x00000013) nop
core   0: 3 0x8000a894 (0x00000013)
core   0: 0x8000a898 (0xcdcbe513) ori     a0, s7, -804
core   0: 3 0x8000a898 (0xcdcbe513) x10 0xfffffcdc
core   0: 0x8000a89c (0x409cdb93) srai    s7, s9, 9
core   0: 3 0x8000a89c (0x409cdb93) x23 0xfffffb98
core   0: 0x8000a8a0 (0x0121cbb3) xor     s7, gp, s2
core   0: 3 0x8000a8a0 (0x0121cbb3) x23 0x91fad000
core   0: 0x8000a8a4 (0x41afddb3) sra     s11, t6, s10
core   0: 3 0x8000a8a4 (0x41afddb3) x27 0xdcacbbea
core   0: 0x8000a8a8 (0x01c414b3) sll     s1, s0, t3
core   0: 3 0x8000a8a8 (0x01c414b3) x 9 0x4cd6caec
core   0: 0x8000a8ac (0x00000013) nop
core   0: 3 0x8000a8ac (0x00000013)
core   0: 0x8000a8b0 (0x40c407b3) sub     a5, s0, a2
core   0: 3 0x8000a8b0 (0x40c407b3) x15 0x4cd6cacd
core   0: 0x8000a8b4 (0x68a3ce13) xori    t3, t2, 1674
core   0: 3 0x8000a8b4 (0x68a3ce13) x28 0x800118ee
core   0: 0x8000a8b8 (0xa2694493) xori    s1, s2, -1498
core   0: 3 0x8000a8b8 (0xa2694493) x 9 0x6e052a26
core   0: 0x8000a8bc (0x011db8b3) sltu    a7, s11, a7
core   0: 3 0x8000a8bc (0x011db8b3) x17 0x00000000
core   0: 0x8000a8c0 (0x1e676313) ori     t1, a4, 486
core   0: 3 0x8000a8c0 (0x1e676313) x 6 0xffffffee
core   0: 0x8000a8c4 (0x58b3c313) xori    t1, t2, 1419
core   0: 3 0x8000a8c4 (0x58b3c313) x 6 0x80011bef
core   0: 0x8000a8c8 (0x40db5eb3) sra     t4, s6, a3
core   0: 3 0x8000a8c8 (0x40db5eb3) x29 0x00000000
core   0: 0x8000a8cc (0x4183d313) srai    t1, t2, 24
core   0: 3 0x8000a8cc (0x4183d313) x 6 0xffffff80
core   0: 0x8000a8d0 (0x41f00133) sub     sp, zero, t6
core   0: 3 0x8000a8d0 (0x41f00133) x 2 0x46a6882c
core   0: 0x8000a8d4 (0x4135d213) srai    tp, a1, 19
core   0: 3 0x8000a8d4 (0x4135d213) x 4 0x0000021e
core   0: 0x8000a8d8 (0x005199b3) sll     s3, gp, t0
core   0: 3 0x8000a8d8 (0x005199b3) x19 0x00000000
core   0: 0x8000a8dc (0xb912a013) slti    zero, t0, -1135
core   0: 3 0x8000a8dc (0xb912a013)
core   0: 0x8000a8e0 (0x59a9fd93) andi    s11, s3, 1434
core   0: 3 0x8000a8e0 (0x59a9fd93) x27 0x00000000
core   0: 0x8000a8e4 (0x0124e333) or      t1, s1, s2
core   0: 3 0x8000a8e4 (0x0124e333) x 6 0xfffffa26
core   0: 0x8000a8e8 (0xe925a413) slti    s0, a1, -366
core   0: 3 0x8000a8e8 (0xe925a413) x 8 0x00000000
core   0: 0x8000a8ec (0x0080f6b3) and     a3, ra, s0
core   0: 3 0x8000a8ec (0x0080f6b3) x13 0x00000000
core   0: 0x8000a8f0 (0x00bb18b3) sll     a7, s6, a1
core   0: 3 0x8000a8f0 (0x00bb18b3) x17 0x00000001
core   0: 0x8000a8f4 (0x8dc6c793) xori    a5, a3, -1828
core   0: 3 0x8000a8f4 (0x8dc6c793) x15 0xfffff8dc
core   0: 0x8000a8f8 (0xf974c797) auipc   a5, 0xf974c
core   0: 3 0x8000a8f8 (0xf974c797) x15 0x797568f8
core   0: 0x8000a8fc (0x004490b3) sll     ra, s1, tp
core   0: 3 0x8000a8fc (0x004490b3) x 1 0x80000000
core   0: 0x8000a900 (0x47436b13) ori     s6, t1, 1140
core   0: 3 0x8000a900 (0x47436b13) x22 0xfffffe76
core   0: 0x8000a904 (0x00d6edb3) or      s11, a3, a3
core   0: 3 0x8000a904 (0x00d6edb3) x27 0x00000000
core   0: 0x8000a908 (0xc31cf193) andi    gp, s9, -975
core   0: 3 0x8000a908 (0xc31cf193) x 3 0xfff73000
core   0: 0x8000a90c (0x41940db3) sub     s11, s0, s9
core   0: 3 0x8000a90c (0x41940db3) x27 0x0008d000
core   0: 0x8000a910 (0x00bc00b3) add     ra, s8, a1
core   0: 3 0x8000a910 (0x00bc00b3) x 1 0x7abb99cd
core   0: 0x8000a914 (0x00ce5c33) srl     s8, t3, a2
core   0: 3 0x8000a914 (0x00ce5c33) x24 0x00000001
core   0: 0x8000a918 (0x4139da13) srai    s4, s3, 19
core   0: 3 0x8000a918 (0x4139da13) x20 0x00000000
core   0: 0x8000a91c (0x00e5a233) slt     tp, a1, a4
core   0: 3 0x8000a91c (0x00e5a233) x 4 0x00000000
core   0: 0x8000a920 (0x8f73ed13) ori     s10, t2, -1801
core   0: 3 0x8000a920 (0x8f73ed13) x26 0xfffffef7
core   0: 0x8000a924 (0xe4f6f713) andi    a4, a3, -433
core   0: 3 0x8000a924 (0xe4f6f713) x14 0x00000000
core   0: 0x8000a928 (0x3b2f3893) sltiu   a7, t5, 946
core   0: 3 0x8000a928 (0x3b2f3893) x17 0x00000000
core   0: 0x8000a92c (0x67063793) sltiu   a5, a2, 1648
core   0: 3 0x8000a92c (0x67063793) x15 0x00000001
core   0: 0x8000a930 (0x344fab93) slti    s7, t6, 836
core   0: 3 0x8000a930 (0x344fab93) x23 0x00000001
core   0: 0x8000a934 (0xfdbacf93) xori    t6, s5, -37
core   0: 3 0x8000a934 (0xfdbacf93) x31 0xdb401fdb
core   0: 0x8000a938 (0xbb156937) lui     s2, 0xbb156
core   0: 3 0x8000a938 (0xbb156937) x18 0xbb156000
core   0: 0x8000a93c (0x01f288b3) add     a7, t0, t6
core   0: 3 0x8000a93c (0x01f288b3) x17 0x5b417cbf
core   0: 0x8000a940 (0xbcf2a793) slti    a5, t0, -1073
core   0: 3 0x8000a940 (0xbcf2a793) x15 0x00000001
core   0: 0x8000a944 (0x00c6aeb3) slt     t4, a3, a2
core   0: 3 0x8000a944 (0x00c6aeb3) x29 0x00000001
core   0: 0x8000a948 (0x0075eab3) or      s5, a1, t2
core   0: 3 0x8000a948 (0x0075eab3) x21 0x90f35e64
core   0: 0x8000a94c (0x01c4c233) xor     tp, s1, t3
core   0: 3 0x8000a94c (0x01c4c233) x 4 0xee0432c8
core   0: 0x8000a950 (0x01e897b3) sll     a5, a7, t5
core   0: 3 0x8000a950 (0x01e897b3) x15 0xb417cbf0
core   0: 0x8000a954 (0x01201e33) sll     t3, zero, s2
core   0: 3 0x8000a954 (0x01201e33) x28 0x00000000
core   0: 0x8000a958 (0x6768c993) xori    s3, a7, 1654
core   0: 3 0x8000a958 (0x6768c993) x19 0x5b417ac9
core   0: 0x8000a95c (0x00c236b3) sltu    a3, tp, a2
core   0: 3 0x8000a95c (0x00c236b3) x13 0x00000000
core   0: 0x8000a960 (0x403c87b3) sub     a5, s9, gp
core   0: 3 0x8000a960 (0x403c87b3) x15 0x00000000
core   0: 0x8000a964 (0x9c58c893) xori    a7, a7, -1595
core   0: 3 0x8000a964 (0x9c58c893) x17 0xa4be857a
core   0: 0x8000a968 (0x0066ff33) and     t5, a3, t1
core   0: 3 0x8000a968 (0x0066ff33) x30 0x00000000
core   0: 0x8000a96c (0x01e1c233) xor     tp, gp, t5
core   0: 3 0x8000a96c (0x01e1c233) x 4 0xfff73000
core   0: 0x8000a970 (0x012d5693) srli    a3, s10, 18
core   0: 3 0x8000a970 (0x012d5693) x13 0x00003fff
core   0: 0x8000a974 (0x30f60713) addi    a4, a2, 783
core   0: 3 0x8000a974 (0x30f60713) x14 0x0000032e
core   0: 0x8000a978 (0x3a843913) sltiu   s2, s0, 936
core   0: 3 0x8000a978 (0x3a843913) x18 0x00000001
core   0: 0x8000a97c (0x418f5493) srai    s1, t5, 24
core   0: 3 0x8000a97c (0x418f5493) x 9 0x00000000
core   0: 0x8000a980 (0x41b75933) sra     s2, a4, s11
core   0: 3 0x8000a980 (0x41b75933) x18 0x0000032e
core   0: 0x8000a984 (0x00b009b3) add     s3, zero, a1
core   0: 3 0x8000a984 (0x00b009b3) x19 0x10f25000
core   0: 0x8000a988 (0x016d5c33) srl     s8, s10, s6
core   0: 3 0x8000a988 (0x016d5c33) x24 0x000003ff
core   0: 0x8000a98c (0x01ba5433) srl     s0, s4, s11
core   0: 3 0x8000a98c (0x01ba5433) x 8 0x00000000
core   0: 0x8000a990 (0x79fed497) auipc   s1, 0x79fed
core   0: 3 0x8000a990 (0x79fed497) x 9 0xf9ff7990
core   0: 0x8000a994 (0x52135237) lui     tp, 0x52135
core   0: 3 0x8000a994 (0x52135237) x 4 0x52135000
core   0: 0x8000a998 (0x061da513) slti    a0, s11, 97
core   0: 3 0x8000a998 (0x061da513) x10 0x00000000
core   0: 0x8000a99c (0xe02ca413) slti    s0, s9, -510
core   0: 3 0x8000a99c (0xe02ca413) x 8 0x00000001
core   0: 0x8000a9a0 (0xb218fa97) auipc   s5, 0xb218f
core   0: 3 0x8000a9a0 (0xb218fa97) x21 0x321999a0
core   0: 0x8000a9a4 (0x00711d33) sll     s10, sp, t2
core   0: 3 0x8000a9a4 (0x00711d33) x26 0x6a6882c0
core   0: 0x8000a9a8 (0x000e2cb3) slt     s9, t3, zero
core   0: 3 0x8000a9a8 (0x000e2cb3) x25 0x00000000
core   0: 0x8000a9ac (0x8d03ef13) ori     t5, t2, -1840
core   0: 3 0x8000a9ac (0x8d03ef13) x30 0xfffffef4
core   0: 0x8000a9b0 (0x017a0433) add     s0, s4, s7
core   0: 3 0x8000a9b0 (0x017a0433) x 8 0x00000001
core   0: 0x8000a9b4 (0x01433cb3) sltu    s9, t1, s4
core   0: 3 0x8000a9b4 (0x01433cb3) x25 0x00000000
core   0: 0x8000a9b8 (0x01ae4a33) xor     s4, t3, s10
core   0: 3 0x8000a9b8 (0x01ae4a33) x20 0x6a6882c0
core   0: 0x8000a9bc (0x31c2b313) sltiu   t1, t0, 796
core   0: 3 0x8000a9bc (0x31c2b313) x 6 0x00000000
core   0: 0x8000a9c0 (0x34a77c93) andi    s9, a4, 842
core   0: 3 0x8000a9c0 (0x34a77c93) x25 0x0000030a
core   0: 0x8000a9c4 (0x019f81b3) add     gp, t6, s9
core   0: 3 0x8000a9c4 (0x019f81b3) x 3 0xdb4022e5
core   0: 0x8000a9c8 (0x00d73033) sltu    zero, a4, a3
core   0: 3 0x8000a9c8 (0x00d73033)
core   0: 0x8000a9cc (0xe57f4697) auipc   a3, 0xe57f4
core   0: 3 0x8000a9cc (0xe57f4697) x13 0x657fe9cc
core   0: 0x8000a9d0 (0x010ef433) and     s0, t4, a6
core   0: 3 0x8000a9d0 (0x010ef433) x 8 0x00000000
core   0: 0x8000a9d4 (0x016d9413) slli    s0, s11, 22
core   0: 3 0x8000a9d4 (0x016d9413) x 8 0x00000000
core   0: 0x8000a9d8 (0x40af0733) sub     a4, t5, a0
core   0: 3 0x8000a9d8 (0x40af0733) x14 0xfffffef4
core   0: 0x8000a9dc (0xefc77213) andi    tp, a4, -260
core   0: 3 0x8000a9dc (0xefc77213) x 4 0xfffffef4
core   0: 0x8000a9e0 (0x00f0c033) xor     zero, ra, a5
core   0: 3 0x8000a9e0 (0x00f0c033)
core   0: 0x8000a9e4 (0x24f7f113) andi    sp, a5, 591
core   0: 3 0x8000a9e4 (0x24f7f113) x 2 0x00000000
core   0: 0x8000a9e8 (0x95ace417) auipc   s0, 0x95ace
core   0: 3 0x8000a9e8 (0x95ace417) x 8 0x15ad89e8
core   0: 0x8000a9ec (0x00000013) nop
core   0: 3 0x8000a9ec (0x00000013)
core   0: 0x8000a9f0 (0x00da1e13) slli    t3, s4, 13
core   0: 3 0x8000a9f0 (0x00da1e13) x28 0x10580000
core   0: 0x8000a9f4 (0x59e02513) slti    a0, zero, 1438
core   0: 3 0x8000a9f4 (0x59e02513) x10 0x00000001
core   0: 0x8000a9f8 (0x40d25eb3) sra     t4, tp, a3
core   0: 3 0x8000a9f8 (0x40d25eb3) x29 0xffffffff
core   0: 0x8000a9fc (0x008d7233) and     tp, s10, s0
core   0: 3 0x8000a9fc (0x008d7233) x 4 0x002880c0
core   0: 0x8000aa00 (0x00a0f033) and     zero, ra, a0
core   0: 3 0x8000aa00 (0x00a0f033)
core   0: 0x8000aa04 (0xa53d8193) addi    gp, s11, -1453
core   0: 3 0x8000aa04 (0xa53d8193) x 3 0x0008ca53
core   0: 0x8000aa08 (0x01f49533) sll     a0, s1, t6
core   0: 3 0x8000aa08 (0x01f49533) x10 0x80000000
core   0: 0x8000aa0c (0x41ad8bb3) sub     s7, s11, s10
core   0: 3 0x8000aa0c (0x41ad8bb3) x23 0x95a04d40
core   0: 0x8000aa10 (0x002e5093) srli    ra, t3, 2
core   0: 3 0x8000aa10 (0x002e5093) x 1 0x04160000
core   0: 0x8000aa14 (0x01eace33) xor     t3, s5, t5
core   0: 3 0x8000aa14 (0x01eace33) x28 0xcde66754
core   0: 0x8000aa18 (0x4cb5bf13) sltiu   t5, a1, 1227
core   0: 3 0x8000aa18 (0x4cb5bf13) x30 0x00000000
core   0: 0x8000aa1c (0x01511133) sll     sp, sp, s5
core   0: 3 0x8000aa1c (0x01511133) x 2 0x00000000
core   0: 0x8000aa20 (0x01c0fbb3) and     s7, ra, t3
core   0: 3 0x8000aa20 (0x01c0fbb3) x23 0x04060000
core   0: 0x8000aa24 (0x00f009b3) add     s3, zero, a5
core   0: 3 0x8000aa24 (0x00f009b3) x19 0x00000000
core   0: 0x8000aa28 (0x6ceacf93) xori    t6, s5, 1742
core   0: 3 0x8000aa28 (0x6ceacf93) x31 0x32199f6e
core   0: 0x8000aa2c (0x009afdb3) and     s11, s5, s1
core   0: 3 0x8000aa2c (0x009afdb3) x27 0x30191980
core   0: 0x8000aa30 (0x413305b3) sub     a1, t1, s3
core   0: 3 0x8000aa30 (0x413305b3) x11 0x00000000
core   0: 0x8000aa34 (0x2ae2cd13) xori    s10, t0, 686
core   0: 3 0x8000aa34 (0x2ae2cd13) x26 0x80015e4a
core   0: 0x8000aa38 (0x00525a93) srli    s5, tp, 5
core   0: 3 0x8000aa38 (0x00525a93) x21 0x00014406
core   0: 0x8000aa3c (0x016d50b3) srl     ra, s10, s6
core   0: 3 0x8000aa3c (0x016d50b3) x 1 0x00000200
core   0: 0x8000aa40 (0x00999b13) slli    s6, s3, 9
core   0: 3 0x8000aa40 (0x00999b13) x22 0x00000000
core   0: 0x8000aa44 (0xbe7d7313) andi    t1, s10, -1049
core   0: 3 0x8000aa44 (0xbe7d7313) x 6 0x80015a42
core   0: 0x8000aa48 (0x01d5c133) xor     sp, a1, t4
core   0: 3 0x8000aa48 (0x01d5c133) x 2 0xffffffff
core   0: 0x8000aa4c (0x00ad5c13) srli    s8, s10, 10
core   0: 3 0x8000aa4c (0x00ad5c13) x24 0x00200057
core   0: 0x8000aa50 (0xdf074997) auipc   s3, 0xdf074
core   0: 3 0x8000aa50 (0xdf074997) x19 0x5f07ea50
core   0: 0x8000aa54 (0x005b17b3) sll     a5, s6, t0
core   0: 3 0x8000aa54 (0x005b17b3) x15 0x00000000
core   0: 0x8000aa58 (0x01221eb3) sll     t4, tp, s2
core   0: 3 0x8000aa58 (0x01221eb3) x29 0x20300000
core   0: 0x8000aa5c (0x5cf51d37) lui     s10, 0x5cf51
core   0: 3 0x8000aa5c (0x5cf51d37) x26 0x5cf51000
core   0: 0x8000aa60 (0x0188b0b3) sltu    ra, a7, s8
core   0: 3 0x8000aa60 (0x0188b0b3) x 1 0x00000000
core   0: 0x8000aa64 (0x41658533) sub     a0, a1, s6
core   0: 3 0x8000aa64 (0x41658533) x10 0x00000000
core   0: 0x8000aa68 (0x401309b3) sub     s3, t1, ra
core   0: 3 0x8000aa68 (0x401309b3) x19 0x80015a42
core   0: 0x8000aa6c (0x40b105b3) sub     a1, sp, a1
core   0: 3 0x8000aa6c (0x40b105b3) x11 0xffffffff
core   0: 0x8000aa70 (0x40470033) sub     zero, a4, tp
core   0: 3 0x8000aa70 (0x40470033)
core   0: 0x8000aa74 (0x00000013) nop
core   0: 3 0x8000aa74 (0x00000013)
core   0: 0x8000aa78 (0x401c5893) srai    a7, s8, 1
core   0: 3 0x8000aa78 (0x401c5893) x17 0x0010002b
core   0: 0x8000aa7c (0x008b1db3) sll     s11, s6, s0
core   0: 3 0x8000aa7c (0x008b1db3) x27 0x00000000
core   0: 0x8000aa80 (0x00a41933) sll     s2, s0, a0
core   0: 3 0x8000aa80 (0x00a41933) x18 0x15ad89e8
core   0: 0x8000aa84 (0x415e5413) srai    s0, t3, 21
core   0: 3 0x8000aa84 (0x415e5413) x 8 0xfffffe6f
core   0: 0x8000aa88 (0x56706197) auipc   gp, 0x56706
core   0: 3 0x8000aa88 (0x56706197) x 3 0xd6710a88
core   0: 0x8000aa8c (0x01696733) or      a4, s2, s6
core   0: 3 0x8000aa8c (0x01696733) x14 0x15ad89e8
core   0: 0x8000aa90 (0x00f299b3) sll     s3, t0, a5
core   0: 3 0x8000aa90 (0x00f299b3) x19 0x80015ce4
core   0: 0x8000aa94 (0x01e597b3) sll     a5, a1, t5
core   0: 3 0x8000aa94 (0x01e597b3) x15 0xffffffff
core   0: 0x8000aa98 (0x01d3bc33) sltu    s8, t2, t4
core   0: 3 0x8000aa98 (0x01d3bc33) x24 0x00000000
core   0: 0x8000aa9c (0x01ae60b3) or      ra, t3, s10
core   0: 3 0x8000aa9c (0x01ae60b3) x 1 0xddf77754
core   0: 0x8000aaa0 (0x01387633) and     a2, a6, s3
core   0: 3 0x8000aaa0 (0x01387633) x12 0x800050a4
core   0: 0x8000aaa4 (0x00961633) sll     a2, a2, s1
core   0: 3 0x8000aaa4 (0x00961633) x12 0x50a40000
core   0: 0x8000aaa8 (0x00dd1793) slli    a5, s10, 13
core   0: 3 0x8000aaa8 (0x00dd1793) x15 0xa2000000
core   0: 0x8000aaac (0x013bd1b3) srl     gp, s7, s3
core   0: 3 0x8000aaac (0x013bd1b3) x 3 0x00406000
core   0: 0x8000aab0 (0x419ed113) srai    sp, t4, 25
core   0: 3 0x8000aab0 (0x419ed113) x 2 0x00000010
core   0: 0x8000aab4 (0x40b45cb3) sra     s9, s0, a1
core   0: 3 0x8000aab4 (0x40b45cb3) x25 0xffffffff
core   0: 0x8000aab8 (0x01c62bb3) slt     s7, a2, t3
core   0: 3 0x8000aab8 (0x01c62bb3) x23 0x00000000
core   0: 0x8000aabc (0x01e51333) sll     t1, a0, t5
core   0: 3 0x8000aabc (0x01e51333) x 6 0x00000000
core   0: 0x8000aac0 (0x40e55b33) sra     s6, a0, a4
core   0: 3 0x8000aac0 (0x40e55b33) x22 0x00000000
core   0: 0x8000aac4 (0xe0f9ef93) ori     t6, s3, -497
core   0: 3 0x8000aac4 (0xe0f9ef93) x31 0xfffffeef
core   0: 0x8000aac8 (0x4174d233) sra     tp, s1, s7
core   0: 3 0x8000aac8 (0x4174d233) x 4 0xf9ff7990
core   0: 0x8000aacc (0x417258b3) sra     a7, tp, s7
core   0: 3 0x8000aacc (0x417258b3) x17 0xf9ff7990
core   0: 0x8000aad0 (0x309c3e97) auipc   t4, 0x309c3
core   0: 3 0x8000aad0 (0x309c3e97) x29 0xb09cdad0
core   0: 0x8000aad4 (0x003b1c13) slli    s8, s6, 3
core   0: 3 0x8000aad4 (0x003b1c13) x24 0x00000000
core   0: 0x8000aad8 (0x01c30cb3) add     s9, t1, t3
core   0: 3 0x8000aad8 (0x01c30cb3) x25 0xcde66754
core   0: 0x8000aadc (0x00e8c4b3) xor     s1, a7, a4
core   0: 3 0x8000aadc (0x00e8c4b3) x 9 0xec52f078
core   0: 0x8000aae0 (0x007fc633) xor     a2, t6, t2
core   0: 3 0x8000aae0 (0x007fc633) x12 0x7ffee08b
core   0: 0x8000aae4 (0xa13ac993) xori    s3, s5, -1517
core   0: 3 0x8000aae4 (0xa13ac993) x19 0xfffebe15
core   0: 0x8000aae8 (0x00f41ab3) sll     s5, s0, a5
core   0: 3 0x8000aae8 (0x00f41ab3) x21 0xfffffe6f
core   0: 0x8000aaec (0x01ec0ab3) add     s5, s8, t5
core   0: 3 0x8000aaec (0x01ec0ab3) x21 0x00000000
core   0: 0x8000aaf0 (0x01dfbd33) sltu    s10, t6, t4
core   0: 3 0x8000aaf0 (0x01dfbd33) x26 0x00000000
core   0: 0x8000aaf4 (0x413edab3) sra     s5, t4, s3
core   0: 3 0x8000aaf4 (0x413edab3) x21 0xfffffd84
core   0: 0x8000aaf8 (0xb0322c37) lui     s8, 0xb0322
core   0: 3 0x8000aaf8 (0xb0322c37) x24 0xb0322000
core   0: 0x8000aafc (0x94032e37) lui     t3, 0x94032
core   0: 3 0x8000aafc (0x94032e37) x28 0x94032000
core   0: 0x8000ab00 (0x8644c513) xori    a0, s1, -1948
core   0: 3 0x8000ab00 (0x8644c513) x10 0x13ad081c
core   0: 0x8000ab04 (0xccac6693) ori     a3, s8, -822
core   0: 3 0x8000ab04 (0xccac6693) x13 0xfffffcca
core   0: 0x8000ab08 (0x0022bc33) sltu    s8, t0, sp
core   0: 3 0x8000ab08 (0x0022bc33) x24 0x00000000
core   0: 0x8000ab0c (0x794fc893) xori    a7, t6, 1940
core   0: 3 0x8000ab0c (0x794fc893) x17 0xfffff97b
core   0: 0x8000ab10 (0x01fb4933) xor     s2, s6, t6
core   0: 3 0x8000ab10 (0x01fb4933) x18 0xfffffeef
core   0: 0x8000ab14 (0x0064d133) srl     sp, s1, t1
core   0: 3 0x8000ab14 (0x0064d133) x 2 0xec52f078
core   0: 0x8000ab18 (0x01fce4b3) or      s1, s9, t6
core   0: 3 0x8000ab18 (0x01fce4b3) x 9 0xffffffff
core   0: 0x8000ab1c (0x00da2fb3) slt     t6, s4, a3
core   0: 3 0x8000ab1c (0x00da2fb3) x31 0x00000000
core   0: 0x8000ab20 (0x0108b233) sltu    tp, a7, a6
core   0: 3 0x8000ab20 (0x0108b233) x 4 0x00000000
core   0: 0x8000ab24 (0x002e9c33) sll     s8, t4, sp
core   0: 3 0x8000ab24 (0x002e9c33) x24 0xd0000000
core   0: 0x8000ab28 (0x40420fb3) sub     t6, tp, tp
core   0: 3 0x8000ab28 (0x40420fb3) x31 0x00000000
core   0: 0x8000ab2c (0x1437cdb7) lui     s11, 0x1437c
core   0: 3 0x8000ab2c (0x1437cdb7) x27 0x1437c000
core   0: 0x8000ab30 (0x0162ccb3) xor     s9, t0, s6
core   0: 3 0x8000ab30 (0x0162ccb3) x25 0x80015ce4
core   0: 0x8000ab34 (0xd2a98f97) auipc   t6, 0xd2a98
core   0: 3 0x8000ab34 (0xd2a98f97) x31 0x52aa2b34
core   0: 0x8000ab38 (0x406c5e93) srai    t4, s8, 6
core   0: 3 0x8000ab38 (0x406c5e93) x29 0xff400000
core   0: 0x8000ab3c (0xbc265697) auipc   a3, 0xbc265
core   0: 3 0x8000ab3c (0xbc265697) x13 0x3c26fb3c
core   0: 0x8000ab40 (0x0189d993) srli    s3, s3, 24
core   0: 3 0x8000ab40 (0x0189d993) x19 0x000000ff
core   0: 0x8000ab44 (0x438ba213) slti    tp, s7, 1080
core   0: 3 0x8000ab44 (0x438ba213) x 4 0x00000001
core   0: 0x8000ab48 (0x98aff917) auipc   s2, 0x98aff
core   0: 3 0x8000ab48 (0x98aff917) x18 0x18b09b48
core   0: 0x8000ab4c (0x00185c33) srl     s8, a6, ra
core   0: 3 0x8000ab4c (0x00185c33) x24 0x00000fa4
core   0: 0x8000ab50 (0x01b79613) slli    a2, a5, 27
core   0: 3 0x8000ab50 (0x01b79613) x12 0x00000000
core   0: 0x8000ab54 (0x01ecee33) or      t3, s9, t5
core   0: 3 0x8000ab54 (0x01ecee33) x28 0x80015ce4
core   0: 0x8000ab58 (0x00d21a93) slli    s5, tp, 13
core   0: 3 0x8000ab58 (0x00d21a93) x21 0x00002000
core   0: 0x8000ab5c (0x01ac9c13) slli    s8, s9, 26
core   0: 3 0x8000ab5c (0x01ac9c13) x24 0x90000000
core   0: 0x8000ab60 (0x648dd7b7) lui     a5, 0x648dd
core   0: 3 0x8000ab60 (0x648dd7b7) x15 0x648dd000
core   0: 0x8000ab64 (0xad8ed217) auipc   tp, 0xad8ed
core   0: 3 0x8000ab64 (0xad8ed217) x 4 0x2d8f7b64
core   0: 0x8000ab68 (0xea2a6637) lui     a2, 0xea2a6
core   0: 3 0x8000ab68 (0xea2a6637) x12 0xea2a6000
core   0: 0x8000ab6c (0x00bda233) slt     tp, s11, a1
core   0: 3 0x8000ab6c (0x00bda233) x 4 0x00000000
core   0: 0x8000ab70 (0x011f1733) sll     a4, t5, a7
core   0: 3 0x8000ab70 (0x011f1733) x14 0x00000000
core   0: 0x8000ab74 (0x49af6337) lui     t1, 0x49af6
core   0: 3 0x8000ab74 (0x49af6337) x 6 0x49af6000
core   0: 0x8000ab78 (0x013e9913) slli    s2, t4, 19
core   0: 3 0x8000ab78 (0x013e9913) x18 0x00000000
core   0: 0x8000ab7c (0x000736b3) sltu    a3, a4, zero
core   0: 3 0x8000ab7c (0x000736b3) x13 0x00000000
core   0: 0x8000ab80 (0x7fc97893) andi    a7, s2, 2044
core   0: 3 0x8000ab80 (0x7fc97893) x17 0x00000000
core   0: 0x8000ab84 (0x79974f93) xori    t6, a4, 1945
core   0: 3 0x8000ab84 (0x79974f93) x31 0x00000799
core   0: 0x8000ab88 (0x5aa23893) sltiu   a7, tp, 1450
core   0: 3 0x8000ab88 (0x5aa23893) x17 0x00000001
core   0: 0x8000ab8c (0x0164fab3) and     s5, s1, s6
core   0: 3 0x8000ab8c (0x0164fab3) x21 0x00000000
core   0: 0x8000ab90 (0x00000013) nop
core   0: 3 0x8000ab90 (0x00000013)
core   0: 0x8000ab94 (0x412fd313) srai    t1, t6, 18
core   0: 3 0x8000ab94 (0x412fd313) x 6 0x00000000
core   0: 0x8000ab98 (0xf8ef0713) addi    a4, t5, -114
core   0: 3 0x8000ab98 (0xf8ef0713) x14 0xffffff8e
core   0: 0x8000ab9c (0xeb7f48b7) lui     a7, 0xeb7f4
core   0: 3 0x8000ab9c (0xeb7f48b7) x17 0xeb7f4000
core   0: 0x8000aba0 (0x8129b193) sltiu   gp, s3, -2030
core   0: 3 0x8000aba0 (0x8129b193) x 3 0x00000001
core   0: 0x8000aba4 (0x01af91b3) sll     gp, t6, s10
core   0: 3 0x8000aba4 (0x01af91b3) x 3 0x00000799
core   0: 0x8000aba8 (0x007194b3) sll     s1, gp, t2
core   0: 3 0x8000aba8 (0x007194b3) x 9 0x00007990
core   0: 0x8000abac (0x012ed8b3) srl     a7, t4, s2
core   0: 3 0x8000abac (0x012ed8b3) x17 0xff400000
core   0: 0x8000abb0 (0x0083e933) or      s2, t2, s0
core   0: 3 0x8000abb0 (0x0083e933) x18 0xfffffe6f
core   0: 0x8000abb4 (0xa64d8213) addi    tp, s11, -1436
core   0: 3 0x8000abb4 (0xa64d8213) x 4 0x1437ba64
core   0: 0x8000abb8 (0xee46c013) xori    zero, a3, -284
core   0: 3 0x8000abb8 (0xee46c013)
core   0: 0x8000abbc (0x005e0a33) add     s4, t3, t0
core   0: 3 0x8000abbc (0x005e0a33) x20 0x0002b9c8
core   0: 0x8000abc0 (0x00000013) nop
core   0: 3 0x8000abc0 (0x00000013)
core   0: 0x8000abc4 (0x00120333) add     t1, tp, ra
core   0: 3 0x8000abc4 (0x00120333) x 6 0xf22f31b8
core   0: 0x8000abc8 (0x01b85733) srl     a4, a6, s11
core   0: 3 0x8000abc8 (0x01b85733) x14 0xfa4450b4
core   0: 0x8000abcc (0x522d4693) xori    a3, s10, 1314
core   0: 3 0x8000abcc (0x522d4693) x13 0x00000522
core   0: 0x8000abd0 (0x40afda93) srai    s5, t6, 10
core   0: 3 0x8000abd0 (0x40afda93) x21 0x00000001
core   0: 0x8000abd4 (0xa4468117) auipc   sp, 0xa4468
core   0: 3 0x8000abd4 (0xa4468117) x 2 0x24472bd4
core   0: 0x8000abd8 (0xad2ab737) lui     a4, 0xad2ab
core   0: 3 0x8000abd8 (0xad2ab737) x14 0xad2ab000
core   0: 0x8000abdc (0x002e2db3) slt     s11, t3, sp
core   0: 3 0x8000abdc (0x002e2db3) x27 0x00000001
core   0: 0x8000abe0 (0x014939b3) sltu    s3, s2, s4
core   0: 3 0x8000abe0 (0x014939b3) x19 0x00000000
core   0: 0x8000abe4 (0x00000013) nop
core   0: 3 0x8000abe4 (0x00000013)
core   0: 0x8000abe8 (0x266bbc13) sltiu   s8, s7, 614
core   0: 3 0x8000abe8 (0x266bbc13) x24 0x00000001
core   0: 0x8000abec (0x404b5193) srai    gp, s6, 4
core   0: 3 0x8000abec (0x404b5193) x 3 0x00000000
core   0: 0x8000abf0 (0x000ff8b3) and     a7, t6, zero
core   0: 3 0x8000abf0 (0x000ff8b3) x17 0x00000000
core   0: 0x8000abf4 (0x00601b13) slli    s6, zero, 6
core   0: 3 0x8000abf4 (0x00601b13) x22 0x00000000
core   0: 0x8000abf8 (0xd77df013) andi    zero, s11, -649
core   0: 3 0x8000abf8 (0xd77df013)
core   0: 0x8000abfc (0x00479793) slli    a5, a5, 4
core   0: 3 0x8000abfc (0x00479793) x15 0x48dd0000
core   0: 0x8000ac00 (0x016c8bb3) add     s7, s9, s6
core   0: 3 0x8000ac00 (0x016c8bb3) x23 0x80015ce4
core   0: 0x8000ac04 (0x00399b93) slli    s7, s3, 3
core   0: 3 0x8000ac04 (0x00399b93) x23 0x00000000
core   0: 0x8000ac08 (0x4084d6b3) sra     a3, s1, s0
core   0: 3 0x8000ac08 (0x4084d6b3) x13 0x00000000
core   0: 0x8000ac0c (0x41ef5cb3) sra     s9, t5, t5
core   0: 3 0x8000ac0c (0x41ef5cb3) x25 0x00000000
core   0: 0x8000ac10 (0x615b3b93) sltiu   s7, s6, 1557
core   0: 3 0x8000ac10 (0x615b3b93) x23 0x00000001
core   0: 0x8000ac14 (0x01c8bab3) sltu    s5, a7, t3
core   0: 3 0x8000ac14 (0x01c8bab3) x21 0x00000001
core   0: 0x8000ac18 (0xe1373493) sltiu   s1, a4, -493
core   0: 3 0x8000ac18 (0xe1373493) x 9 0x00000001
core   0: 0x8000ac1c (0x0191bbb3) sltu    s7, gp, s9
core   0: 3 0x8000ac1c (0x0191bbb3) x23 0x00000000
core   0: 0x8000ac20 (0xa8663893) sltiu   a7, a2, -1402
core   0: 3 0x8000ac20 (0xa8663893) x17 0x00000001
core   0: 0x8000ac24 (0x001b1e13) slli    t3, s6, 1
core   0: 3 0x8000ac24 (0x001b1e13) x28 0x00000000
core   0: 0x8000ac28 (0x007ad333) srl     t1, s5, t2
core   0: 3 0x8000ac28 (0x007ad333) x 6 0x00000000
core   0: 0x8000ac2c (0x005f4333) xor     t1, t5, t0
core   0: 3 0x8000ac2c (0x005f4333) x 6 0x80015ce4
core   0: 0x8000ac30 (0x0007f1b3) and     gp, a5, zero
core   0: 3 0x8000ac30 (0x0007f1b3) x 3 0x00000000
core   0: 0x8000ac34 (0x4108d9b3) sra     s3, a7, a6
core   0: 3 0x8000ac34 (0x4108d9b3) x19 0x00000000
core   0: 0x8000ac38 (0x2b8c6693) ori     a3, s8, 696
core   0: 3 0x8000ac38 (0x2b8c6693) x13 0x000002b9
core   0: 0x8000ac3c (0x431c3793) sltiu   a5, s8, 1073
core   0: 3 0x8000ac3c (0x431c3793) x15 0x00000001
core   0: 0x8000ac40 (0x0043bf33) sltu    t5, t2, tp
core   0: 3 0x8000ac40 (0x0043bf33) x30 0x00000000
core   0: 0x8000ac44 (0x00fc1733) sll     a4, s8, a5
core   0: 3 0x8000ac44 (0x00fc1733) x14 0x00000002
core   0: 0x8000ac48 (0x561ac113) xori    sp, s5, 1377
core   0: 3 0x8000ac48 (0x561ac113) x 2 0x00000560
core   0: 0x8000ac4c (0x40fb5693) srai    a3, s6, 15
core   0: 3 0x8000ac4c (0x40fb5693) x13 0x00000000
core   0: 0x8000ac50 (0x4126d613) srai    a2, a3, 18
core   0: 3 0x8000ac50 (0x4126d613) x12 0x00000000
core   0: 0x8000ac54 (0x408c8a33) sub     s4, s9, s0
core   0: 3 0x8000ac54 (0x408c8a33) x20 0x00000191
core   0: 0x8000ac58 (0x20cc8e13) addi    t3, s9, 524
core   0: 3 0x8000ac58 (0x20cc8e13) x28 0x0000020c
core   0: 0x8000ac5c (0x400185b3) sub     a1, gp, zero
core   0: 3 0x8000ac5c (0x400185b3) x11 0x00000000
core   0: 0x8000ac60 (0x00394733) xor     a4, s2, gp
core   0: 3 0x8000ac60 (0x00394733) x14 0xfffffe6f
core   0: 0x8000ac64 (0x2b30c613) xori    a2, ra, 691
core   0: 3 0x8000ac64 (0x2b30c613) x12 0xddf775e7
core   0: 0x8000ac68 (0x00317c33) and     s8, sp, gp
core   0: 3 0x8000ac68 (0x00317c33) x24 0x00000000
core   0: 0x8000ac6c (0x011fbd33) sltu    s10, t6, a7
core   0: 3 0x8000ac6c (0x011fbd33) x26 0x00000000
core   0: 0x8000ac70 (0x014fe133) or      sp, t6, s4
core   0: 3 0x8000ac70 (0x014fe133) x 2 0x00000799
core   0: 0x8000ac74 (0xbd7188b7) lui     a7, 0xbd718
core   0: 3 0x8000ac74 (0xbd7188b7) x17 0xbd718000
core   0: 0x8000ac78 (0x7e972013) slti    zero, a4, 2025
core   0: 3 0x8000ac78 (0x7e972013)
core   0: 0x8000ac7c (0x00675333) srl     t1, a4, t1
core   0: 3 0x8000ac7c (0x00675333) x 6 0x0fffffe6
core   0: 0x8000ac80 (0x00e09ab3) sll     s5, ra, a4
core   0: 3 0x8000ac80 (0x00e09ab3) x21 0xbbaa0000
core   0: 0x8000ac84 (0x0117e333) or      t1, a5, a7
core   0: 3 0x8000ac84 (0x0117e333) x 6 0xbd718001
core   0: 0x8000ac88 (0x71c3ad93) slti    s11, t2, 1820
core   0: 3 0x8000ac88 (0x71c3ad93) x27 0x00000001
core   0: 0x8000ac8c (0x4111d013) srai    zero, gp, 17
core   0: 3 0x8000ac8c (0x4111d013)
core   0: 0x8000ac90 (0x006ff333) and     t1, t6, t1
core   0: 3 0x8000ac90 (0x006ff333) x 6 0x00000001
core   0: 0x8000ac94 (0x0183efb3) or      t6, t2, s8
core   0: 3 0x8000ac94 (0x0183efb3) x31 0x80011e64
core   0: 0x8000ac98 (0x0199d213) srli    tp, s3, 25
core   0: 3 0x8000ac98 (0x0199d213) x 4 0x00000000
core   0: 0x8000ac9c (0x40d109b3) sub     s3, sp, a3
core   0: 3 0x8000ac9c (0x40d109b3) x19 0x00000799
core   0: 0x8000aca0 (0x01d9d0b3) srl     ra, s3, t4
core   0: 3 0x8000aca0 (0x01d9d0b3) x 1 0x00000799
core   0: 0x8000aca4 (0x01a2c4b3) xor     s1, t0, s10
core   0: 3 0x8000aca4 (0x01a2c4b3) x 9 0x80015ce4
core   0: 0x8000aca8 (0x01f37133) and     sp, t1, t6
core   0: 3 0x8000aca8 (0x01f37133) x 2 0x00000000
core   0: 0x8000acac (0x01c259b3) srl     s3, tp, t3
core   0: 3 0x8000acac (0x01c259b3) x19 0x00000000
core   0: 0x8000acb0 (0x40f88a33) sub     s4, a7, a5
core   0: 3 0x8000acb0 (0x40f88a33) x20 0xbd717fff
core   0: 0x8000acb4 (0x41d0d893) srai    a7, ra, 29
core   0: 3 0x8000acb4 (0x41d0d893) x17 0x00000000
core   0: 0x8000acb8 (0x012ec133) xor     sp, t4, s2
core   0: 3 0x8000acb8 (0x012ec133) x 2 0x00bffe6f
core   0: 0x8000acbc (0x0179d433) srl     s0, s3, s7
core   0: 3 0x8000acbc (0x0179d433) x 8 0x00000000
core   0: 0x8000acc0 (0x414bd933) sra     s2, s7, s4
core   0: 3 0x8000acc0 (0x414bd933) x18 0x00000000
core   0: 0x8000acc4 (0x0022d733) srl     a4, t0, sp
core   0: 3 0x8000acc4 (0x0022d733) x14 0x00010002
core   0: 0x8000acc8 (0x00c140b3) xor     ra, sp, a2
core   0: 3 0x8000acc8 (0x00c140b3) x 1 0xdd488b88
core   0: 0x8000accc (0x5dfaae13) slti    t3, s5, 1503
core   0: 3 0x8000accc (0x5dfaae13) x28 0x00000001
core   0: 0x8000acd0 (0x004a2333) slt     t1, s4, tp
core   0: 3 0x8000acd0 (0x004a2333) x 6 0x00000001
core   0: 0x8000acd4 (0x01c86d33) or      s10, a6, t3
core   0: 3 0x8000acd4 (0x01c86d33) x26 0xfa4450b5
core   0: 0x8000acd8 (0x417d5893) srai    a7, s10, 23
core   0: 3 0x8000acd8 (0x417d5893) x17 0xfffffff4
core   0: 0x8000acdc (0x00e29933) sll     s2, t0, a4
core   0: 3 0x8000acdc (0x00e29933) x18 0x00057390
core   0: 0x8000ace0 (0x41220b33) sub     s6, tp, s2
core   0: 3 0x8000ace0 (0x41220b33) x22 0xfffa8c70
core   0: 0x8000ace4 (0x775c4d37) lui     s10, 0x775c4
core   0: 3 0x8000ace4 (0x775c4d37) x26 0x775c4000
core   0: 0x8000ace8 (0x017da5b3) slt     a1, s11, s7
core   0: 3 0x8000ace8 (0x017da5b3) x11 0x00000000
core   0: 0x8000acec (0x01f3a1b3) slt     gp, t2, t6
core   0: 3 0x8000acec (0x01f3a1b3) x 3 0x00000000
core   0: 0x8000acf0 (0x019b3c33) sltu    s8, s6, s9
core   0: 3 0x8000acf0 (0x019b3c33) x24 0x00000000
core   0: 0x8000acf4 (0x41f6d313) srai    t1, a3, 31
core   0: 3 0x8000acf4 (0x41f6d313) x 6 0x00000000
core   0: 0x8000acf8 (0xc8a95b97) auipc   s7, 0xc8a95
core   0: 3 0x8000acf8 (0xc8a95b97) x23 0x48a9fcf8
core   0: 0x8000acfc (0x0194dc33) srl     s8, s1, s9
core   0: 3 0x8000acfc (0x0194dc33) x24 0x80015ce4
core   0: 0x8000ad00 (0x5b4ec193) xori    gp, t4, 1460
core   0: 3 0x8000ad00 (0x5b4ec193) x 3 0xff4005b4
core   0: 0x8000ad04 (0x01bebcb3) sltu    s9, t4, s11
core   0: 3 0x8000ad04 (0x01bebcb3) x25 0x00000000
core   0: 0x8000ad08 (0x00a275b3) and     a1, tp, a0
core   0: 3 0x8000ad08 (0x00a275b3) x11 0x00000000
core   0: 0x8000ad0c (0xb1c77013) andi    zero, a4, -1252
core   0: 3 0x8000ad0c (0xb1c77013)
core   0: 0x8000ad10 (0x007ef133) and     sp, t4, t2
core   0: 3 0x8000ad10 (0x007ef133) x 2 0x80000000
core   0: 0x8000ad14 (0x008cdb93) srli    s7, s9, 8
core   0: 3 0x8000ad14 (0x008cdb93) x23 0x00000000
core   0: 0x8000ad18 (0x7b40aa97) auipc   s5, 0x7b40a
core   0: 3 0x8000ad18 (0x7b40aa97) x21 0xfb414d18
core   0: 0x8000ad1c (0x00957933) and     s2, a0, s1
core   0: 3 0x8000ad1c (0x00957933) x18 0x00010804
core   0: 0x8000ad20 (0x018c3733) sltu    a4, s8, s8
core   0: 3 0x8000ad20 (0x018c3733) x14 0x00000000
core   0: 0x8000ad24 (0x411ddd13) srai    s10, s11, 17
core   0: 3 0x8000ad24 (0x411ddd13) x26 0x00000000
core   0: 0x8000ad28 (0x015f9a13) slli    s4, t6, 21
core   0: 3 0x8000ad28 (0x015f9a13) x20 0xcc800000
core   0: 0x8000ad2c (0x014d28b3) slt     a7, s10, s4
core   0: 3 0x8000ad2c (0x014d28b3) x17 0x00000000
core   0: 0x8000ad30 (0x179f7b13) andi    s6, t5, 377
core   0: 3 0x8000ad30 (0x179f7b13) x22 0x00000000
core   0: 0x8000ad34 (0x40688ab3) sub     s5, a7, t1
core   0: 3 0x8000ad34 (0x40688ab3) x21 0x00000000
core   0: 0x8000ad38 (0x00000013) nop
core   0: 3 0x8000ad38 (0x00000013)
core   0: 0x8000ad3c (0x01144233) xor     tp, s0, a7
core   0: 3 0x8000ad3c (0x01144233) x 4 0x00000000
core   0: 0x8000ad40 (0x01160ab3) add     s5, a2, a7
core   0: 3 0x8000ad40 (0x01160ab3) x21 0xddf775e7
core   0: 0x8000ad44 (0x4062d033) sra     zero, t0, t1
core   0: 3 0x8000ad44 (0x4062d033)
core   0: 0x8000ad48 (0x7b1b6537) lui     a0, 0x7b1b6
core   0: 3 0x8000ad48 (0x7b1b6537) x10 0x7b1b6000
core   0: 0x8000ad4c (0x0069f933) and     s2, s3, t1
core   0: 3 0x8000ad4c (0x0069f933) x18 0x00000000
core   0: 0x8000ad50 (0x5700bb37) lui     s6, 0x5700b
core   0: 3 0x8000ad50 (0x5700bb37) x22 0x5700b000
core   0: 0x8000ad54 (0x41c707b3) sub     a5, a4, t3
core   0: 3 0x8000ad54 (0x41c707b3) x15 0xffffffff
core   0: 0x8000ad58 (0x015d9693) slli    a3, s11, 21
core   0: 3 0x8000ad58 (0x015d9693) x13 0x00200000
core   0: 0x8000ad5c (0xec01b693) sltiu   a3, gp, -320
core   0: 3 0x8000ad5c (0xec01b693) x13 0x00000001
core   0: 0x8000ad60 (0x015ed113) srli    sp, t4, 21
core   0: 3 0x8000ad60 (0x015ed113) x 2 0x000007fa
core   0: 0x8000ad64 (0xc21a9f17) auipc   t5, 0xc21a9
core   0: 3 0x8000ad64 (0xc21a9f17) x30 0x421b3d64
core   0: 0x8000ad68 (0x019917b3) sll     a5, s2, s9
core   0: 3 0x8000ad68 (0x019917b3) x15 0x00000000
core   0: 0x8000ad6c (0x1739b797) auipc   a5, 0x1739b
core   0: 3 0x8000ad6c (0x1739b797) x15 0x973a5d6c
core   0: 0x8000ad70 (0xe877e313) ori     t1, a5, -377
core   0: 3 0x8000ad70 (0xe877e313) x 6 0xffffffef
core   0: 0x8000ad74 (0x6079af13) slti    t5, s3, 1543
core   0: 3 0x8000ad74 (0x6079af13) x30 0x00000001
core   0: 0x8000ad78 (0x06182537) lui     a0, 0x6182
core   0: 3 0x8000ad78 (0x06182537) x10 0x06182000
core   0: 0x8000ad7c (0x406e8fb3) sub     t6, t4, t1
core   0: 3 0x8000ad7c (0x406e8fb3) x31 0xff400011
core   0: 0x8000ad80 (0x018246b3) xor     a3, tp, s8
core   0: 3 0x8000ad80 (0x018246b3) x13 0x80015ce4
core   0: 0x8000ad84 (0x40b887b3) sub     a5, a7, a1
core   0: 3 0x8000ad84 (0x40b887b3) x15 0x00000000
core   0: 0x8000ad88 (0x355c2e93) slti    t4, s8, 853
core   0: 3 0x8000ad88 (0x355c2e93) x29 0x00000001
core   0: 0x8000ad8c (0x7be6e237) lui     tp, 0x7be6e
core   0: 3 0x8000ad8c (0x7be6e237) x 4 0x7be6e000
core   0: 0x8000ad90 (0x404dde13) srai    t3, s11, 4
core   0: 3 0x8000ad90 (0x404dde13) x28 0x00000000
core   0: 0x8000ad94 (0x40ef0233) sub     tp, t5, a4
core   0: 3 0x8000ad94 (0x40ef0233) x 4 0x00000001
core   0: 0x8000ad98 (0x9a493c13) sltiu   s8, s2, -1628
core   0: 3 0x8000ad98 (0x9a493c13) x24 0x00000001
core   0: 0x8000ad9c (0x01cad433) srl     s0, s5, t3
core   0: 3 0x8000ad9c (0x01cad433) x 8 0xddf775e7
core   0: 0x8000ada0 (0x40bfda93) srai    s5, t6, 11
core   0: 3 0x8000ada0 (0x40bfda93) x21 0xffffe800
core   0: 0x8000ada4 (0x0199d433) srl     s0, s3, s9
core   0: 3 0x8000ada4 (0x0199d433) x 8 0x00000000
core   0: 0x8000ada8 (0x0067d093) srli    ra, a5, 6
core   0: 3 0x8000ada8 (0x0067d093) x 1 0x00000000
core   0: 0x8000adac (0xec2cf513) andi    a0, s9, -318
core   0: 3 0x8000adac (0xec2cf513) x10 0x00000000
core   0: 0x8000adb0 (0x017810b3) sll     ra, a6, s7
core   0: 3 0x8000adb0 (0x017810b3) x 1 0xfa4450b4
core   0: 0x8000adb4 (0x010d1493) slli    s1, s10, 16
core   0: 3 0x8000adb4 (0x010d1493) x 9 0x00000000
core   0: 0x8000adb8 (0x00de9893) slli    a7, t4, 13
core   0: 3 0x8000adb8 (0x00de9893) x17 0x00002000
core   0: 0x8000adbc (0xa9def513) andi    a0, t4, -1379
core   0: 3 0x8000adbc (0xa9def513) x10 0x00000001
core   0: 0x8000adc0 (0x000935b3) sltu    a1, s2, zero
core   0: 3 0x8000adc0 (0x000935b3) x11 0x00000000
core   0: 0x8000adc4 (0x009c64b3) or      s1, s8, s1
core   0: 3 0x8000adc4 (0x009c64b3) x 9 0x00000001
core   0: 0x8000adc8 (0x407986b3) sub     a3, s3, t2
core   0: 3 0x8000adc8 (0x407986b3) x13 0x7ffee19c
core   0: 0x8000adcc (0x41fdd233) sra     tp, s11, t6
core   0: 3 0x8000adcc (0x41fdd233) x 4 0x00000000
core   0: 0x8000add0 (0x61689b17) auipc   s6, 0x61689
core   0: 3 0x8000add0 (0x61689b17) x22 0xe1693dd0
core   0: 0x8000add4 (0x0e3fb893) sltiu   a7, t6, 227
core   0: 3 0x8000add4 (0x0e3fb893) x17 0x00000000
core   0: 0x8000add8 (0x00000013) nop
core   0: 3 0x8000add8 (0x00000013)
core   0: 0x8000addc (0x015aa933) slt     s2, s5, s5
core   0: 3 0x8000addc (0x015aa933) x18 0x00000000
core   0: 0x8000ade0 (0x00115893) srli    a7, sp, 1
core   0: 3 0x8000ade0 (0x00115893) x17 0x000003fd
core   0: 0x8000ade4 (0x00e00c33) add     s8, zero, a4
core   0: 3 0x8000ade4 (0x00e00c33) x24 0x00000000
core   0: 0x8000ade8 (0xec388317) auipc   t1, 0xec388
core   0: 3 0x8000ade8 (0xec388317) x 6 0x6c392de8
core   0: 0x8000adec (0x01ee31b3) sltu    gp, t3, t5
core   0: 3 0x8000adec (0x01ee31b3) x 3 0x00000001
core   0: 0x8000adf0 (0x695f2b93) slti    s7, t5, 1685
core   0: 3 0x8000adf0 (0x695f2b93) x23 0x00000001
core   0: 0x8000adf4 (0x01efd033) srl     zero, t6, t5
core   0: 3 0x8000adf4 (0x01efd033)
core   0: 0x8000adf8 (0x01639793) slli    a5, t2, 22
core   0: 3 0x8000adf8 (0x01639793) x15 0x99000000
core   0: 0x8000adfc (0x7fece913) ori     s2, s9, 2046
core   0: 3 0x8000adfc (0x7fece913) x18 0x000007fe
core   0: 0x8000ae00 (0x00e93033) sltu    zero, s2, a4
core   0: 3 0x8000ae00 (0x00e93033)
core   0: 0x8000ae04 (0xc187eb13) ori     s6, a5, -1000
core   0: 3 0x8000ae04 (0xc187eb13) x22 0xfffffc18
core   0: 0x8000ae08 (0x003b1ab3) sll     s5, s6, gp
core   0: 3 0x8000ae08 (0x003b1ab3) x21 0xfffff830
core   0: 0x8000ae0c (0x0053c6b3) xor     a3, t2, t0
core   0: 3 0x8000ae0c (0x0053c6b3) x13 0x00004280
core   0: 0x8000ae10 (0x40f40fb3) sub     t6, s0, a5
core   0: 3 0x8000ae10 (0x40f40fb3) x31 0x67000000
core   0: 0x8000ae14 (0x7ad78037) lui     zero, 0x7ad78
core   0: 3 0x8000ae14 (0x7ad78037)
core   0: 0x8000ae18 (0xcd0df693) andi    a3, s11, -816
core   0: 3 0x8000ae18 (0xcd0df693) x13 0x00000000
core   0: 0x8000ae1c (0x25b5c513) xori    a0, a1, 603
core   0: 3 0x8000ae1c (0x25b5c513) x10 0x0000025b
core   0: 0x8000ae20 (0x00ea8533) add     a0, s5, a4
core   0: 3 0x8000ae20 (0x00ea8533) x10 0xfffff830
core   0: 0x8000ae24 (0x008c1913) slli    s2, s8, 8
core   0: 3 0x8000ae24 (0x008c1913) x18 0x00000000
core   0: 0x8000ae28 (0x00ea9993) slli    s3, s5, 14
core   0: 3 0x8000ae28 (0x00ea9993) x19 0xfe0c0000
core   0: 0x8000ae2c (0x4e602793) slti    a5, zero, 1254
core   0: 3 0x8000ae2c (0x4e602793) x15 0x00000001
core   0: 0x8000ae30 (0x01debdb3) sltu    s11, t4, t4
core   0: 3 0x8000ae30 (0x01debdb3) x27 0x00000000
core   0: 0x8000ae34 (0x9cb8a893) slti    a7, a7, -1589
core   0: 3 0x8000ae34 (0x9cb8a893) x17 0x00000000
core   0: 0x8000ae38 (0x012a04b3) add     s1, s4, s2
core   0: 3 0x8000ae38 (0x012a04b3) x 9 0xcc800000
core   0: 0x8000ae3c (0x0c45f0b7) lui     ra, 0xc45f
core   0: 3 0x8000ae3c (0x0c45f0b7) x 1 0x0c45f000
core   0: 0x8000ae40 (0x0083fa33) and     s4, t2, s0
core   0: 3 0x8000ae40 (0x0083fa33) x20 0x00000000
core   0: 0x8000ae44 (0x01908633) add     a2, ra, s9
core   0: 3 0x8000ae44 (0x01908633) x12 0x0c45f000
core   0: 0x8000ae48 (0x00742933) slt     s2, s0, t2
core   0: 3 0x8000ae48 (0x00742933) x18 0x00000000
core   0: 0x8000ae4c (0x004ce133) or      sp, s9, tp
core   0: 3 0x8000ae4c (0x004ce133) x 2 0x00000000
core   0: 0x8000ae50 (0x010725b3) slt     a1, a4, a6
core   0: 3 0x8000ae50 (0x010725b3) x11 0x00000000
core   0: 0x8000ae54 (0x15032013) slti    zero, t1, 336
core   0: 3 0x8000ae54 (0x15032013)
core   0: 0x8000ae58 (0x5ddb7513) andi    a0, s6, 1501
core   0: 3 0x8000ae58 (0x5ddb7513) x10 0x00000418
core   0: 0x8000ae5c (0x4105db93) srai    s7, a1, 16
core   0: 3 0x8000ae5c (0x4105db93) x23 0x00000000
core   0: 0x8000ae60 (0x00e4bfb3) sltu    t6, s1, a4
core   0: 3 0x8000ae60 (0x00e4bfb3) x31 0x00000000
core   0: 0x8000ae64 (0x40b90ab3) sub     s5, s2, a1
core   0: 3 0x8000ae64 (0x40b90ab3) x21 0x00000000
core   0: 0x8000ae68 (0x286f0e13) addi    t3, t5, 646
core   0: 3 0x8000ae68 (0x286f0e13) x28 0x00000287
core   0: 0x8000ae6c (0x408d0eb3) sub     t4, s10, s0
core   0: 3 0x8000ae6c (0x408d0eb3) x29 0x00000000
core   0: 0x8000ae70 (0x01eea033) slt     zero, t4, t5
core   0: 3 0x8000ae70 (0x01eea033)
core   0: 0x8000ae74 (0x0075de93) srli    t4, a1, 7
core   0: 3 0x8000ae74 (0x0075de93) x29 0x00000000
core   0: 0x8000ae78 (0x00fcdd13) srli    s10, s9, 15
core   0: 3 0x8000ae78 (0x00fcdd13) x26 0x00000000
core   0: 0x8000ae7c (0x00431113) slli    sp, t1, 4
core   0: 3 0x8000ae7c (0x00431113) x 2 0xc392de80
core   0: 0x8000ae80 (0x01a3dd33) srl     s10, t2, s10
core   0: 3 0x8000ae80 (0x01a3dd33) x26 0x80011e64
core   0: 0x8000ae84 (0x00d1d6b3) srl     a3, gp, a3
core   0: 3 0x8000ae84 (0x00d1d6b3) x13 0x00000001
core   0: 0x8000ae88 (0x77180d93) addi    s11, a6, 1905
core   0: 3 0x8000ae88 (0x77180d93) x27 0xfa445825
core   0: 0x8000ae8c (0xa06cfc13) andi    s8, s9, -1530
core   0: 3 0x8000ae8c (0xa06cfc13) x24 0x00000000
core   0: 0x8000ae90 (0x24bc9c37) lui     s8, 0x24bc9
core   0: 3 0x8000ae90 (0x24bc9c37) x24 0x24bc9000
core   0: 0x8000ae94 (0xcbe74b13) xori    s6, a4, -834
core   0: 3 0x8000ae94 (0xcbe74b13) x22 0xfffffcbe
core   0: 0x8000ae98 (0x6a400113) li      sp, 1700
core   0: 3 0x8000ae98 (0x6a400113) x 2 0x000006a4
core   0: 0x8000ae9c (0x00a7db13) srli    s6, a5, 10
core   0: 3 0x8000ae9c (0x00a7db13) x22 0x00000000
core   0: 0x8000aea0 (0x0dcb7313) andi    t1, s6, 220
core   0: 3 0x8000aea0 (0x0dcb7313) x 6 0x00000000
core   0: 0x8000aea4 (0x40577313) andi    t1, a4, 1029
core   0: 3 0x8000aea4 (0x40577313) x 6 0x00000000
core   0: 0x8000aea8 (0x004caa33) slt     s4, s9, tp
core   0: 3 0x8000aea8 (0x004caa33) x20 0x00000000
core   0: 0x8000aeac (0xb2cd7b93) andi    s7, s10, -1236
core   0: 3 0x8000aeac (0xb2cd7b93) x23 0x80011a24
core   0: 0x8000aeb0 (0x7b051737) lui     a4, 0x7b051
core   0: 3 0x8000aeb0 (0x7b051737) x14 0x7b051000
core   0: 0x8000aeb4 (0x9776dab7) lui     s5, 0x9776d
core   0: 3 0x8000aeb4 (0x9776dab7) x21 0x9776d000
core   0: 0x8000aeb8 (0x01641033) sll     zero, s0, s6
core   0: 3 0x8000aeb8 (0x01641033)
core   0: 0x8000aebc (0x01f24e33) xor     t3, tp, t6
core   0: 3 0x8000aebc (0x01f24e33) x28 0x00000000
core   0: 0x8000aec0 (0x0086dc13) srli    s8, a3, 8
core   0: 3 0x8000aec0 (0x0086dc13) x24 0x00000000
core   0: 0x8000aec4 (0x00227233) and     tp, tp, sp
core   0: 3 0x8000aec4 (0x00227233) x 4 0x00000000
core   0: 0x8000aec8 (0x00627f33) and     t5, tp, t1
core   0: 3 0x8000aec8 (0x00627f33) x30 0x00000000
core   0: 0x8000aecc (0x2951a593) slti    a1, gp, 661
core   0: 3 0x8000aecc (0x2951a593) x11 0x00000001
core   0: 0x8000aed0 (0xde254f93) xori    t6, a0, -542
core   0: 3 0x8000aed0 (0xde254f93) x31 0xfffff9fa
core   0: 0x8000aed4 (0x400b5313) srai    t1, s6, 0
core   0: 3 0x8000aed4 (0x400b5313) x 6 0x00000000
core   0: 0x8000aed8 (0x00491a33) sll     s4, s2, tp
core   0: 3 0x8000aed8 (0x00491a33) x20 0x00000000
core   0: 0x8000aedc (0x85fbc613) xori    a2, s7, -1953
core   0: 3 0x8000aedc (0x85fbc613) x12 0x7ffee27b
core   0: 0x8000aee0 (0x0029d1b3) srl     gp, s3, sp
core   0: 3 0x8000aee0 (0x0029d1b3) x 3 0x0fe0c000
core   0: 0x8000aee4 (0x41015a33) sra     s4, sp, a6
core   0: 3 0x8000aee4 (0x41015a33) x20 0x00000000
core   0: 0x8000aee8 (0x0051da13) srli    s4, gp, 5
core   0: 3 0x8000aee8 (0x0051da13) x20 0x007f0600
core   0: 0x8000aeec (0x00ef9b13) slli    s6, t6, 14
core   0: 3 0x8000aeec (0x00ef9b13) x22 0xfe7e8000
core   0: 0x8000aef0 (0xb4063a17) auipc   s4, 0xb4063
core   0: 3 0x8000aef0 (0xb4063a17) x20 0x3406def0
core   0: 0x8000aef4 (0x012c6233) or      tp, s8, s2
core   0: 3 0x8000aef4 (0x012c6233) x 4 0x00000000
core   0: 0x8000aef8 (0x0118d4b3) srl     s1, a7, a7
core   0: 3 0x8000aef8 (0x0118d4b3) x 9 0x00000000
core   0: 0x8000aefc (0x00cd38b3) sltu    a7, s10, a2
core   0: 3 0x8000aefc (0x00cd38b3) x17 0x00000000
core   0: 0x8000af00 (0x40288e33) sub     t3, a7, sp
core   0: 3 0x8000af00 (0x40288e33) x28 0xfffff95c
core   0: 0x8000af04 (0x019be1b3) or      gp, s7, s9
core   0: 3 0x8000af04 (0x019be1b3) x 3 0x80011a24
core   0: 0x8000af08 (0x0021c533) xor     a0, gp, sp
core   0: 3 0x8000af08 (0x0021c533) x10 0x80011c80
core   0: 0x8000af0c (0x40905413) srai    s0, zero, 9
core   0: 3 0x8000af0c (0x40905413) x 8 0x00000000
core   0: 0x8000af10 (0x82966593) ori     a1, a2, -2007
core   0: 3 0x8000af10 (0x82966593) x11 0xfffffa7b
core   0: 0x8000af14 (0x003f5a33) srl     s4, t5, gp
core   0: 3 0x8000af14 (0x003f5a33) x20 0x00000000
core   0: 0x8000af18 (0x01f084b3) add     s1, ra, t6
core   0: 3 0x8000af18 (0x01f084b3) x 9 0x0c45e9fa
core   0: 0x8000af1c (0x50a84517) auipc   a0, 0x50a84
core   0: 3 0x8000af1c (0x50a84517) x10 0xd0a8ef1c
core   0: 0x8000af20 (0x9dac7b37) lui     s6, 0x9dac7
core   0: 3 0x8000af20 (0x9dac7b37) x22 0x9dac7000
core   0: 0x8000af24 (0x499770b7) lui     ra, 0x49977
core   0: 3 0x8000af24 (0x499770b7) x 1 0x49977000
core   0: 0x8000af28 (0x000b2733) slt     a4, s6, zero
core   0: 3 0x8000af28 (0x000b2733) x14 0x00000001
core   0: 0x8000af2c (0x0120a433) slt     s0, ra, s2
core   0: 3 0x8000af2c (0x0120a433) x 8 0x00000000
core   0: 0x8000af30 (0x41f4d1b3) sra     gp, s1, t6
core   0: 3 0x8000af30 (0x41f4d1b3) x 3 0x00000003
core   0: 0x8000af34 (0x00865a93) srli    s5, a2, 8
core   0: 3 0x8000af34 (0x00865a93) x21 0x007ffee2
core   0: 0x8000af38 (0x10ce2a13) slti    s4, t3, 268
core   0: 3 0x8000af38 (0x10ce2a13) x20 0x00000001
core   0: 0x8000af3c (0x01149c93) slli    s9, s1, 17
core   0: 3 0x8000af3c (0x01149c93) x25 0xd3f40000
core   0: 0x8000af40 (0x1d8900b7) lui     ra, 0x1d890
core   0: 3 0x8000af40 (0x1d8900b7) x 1 0x1d890000
core   0: 0x8000af44 (0x002375b3) and     a1, t1, sp
core   0: 3 0x8000af44 (0x002375b3) x11 0x00000000
core   0: 0x8000af48 (0x01827a33) and     s4, tp, s8
core   0: 3 0x8000af48 (0x01827a33) x20 0x00000000
core   0: 0x8000af4c (0x016d88b3) add     a7, s11, s6
core   0: 3 0x8000af4c (0x016d88b3) x17 0x97f0c825
core   0: 0x8000af50 (0xc984cbb7) lui     s7, 0xc984c
core   0: 3 0x8000af50 (0xc984cbb7) x23 0xc984c000
core   0: 0x8000af54 (0x01de5db3) srl     s11, t3, t4
core   0: 3 0x8000af54 (0x01de5db3) x27 0xfffff95c
core   0: 0x8000af58 (0x8e1ee613) ori     a2, t4, -1823
core   0: 3 0x8000af58 (0x8e1ee613) x12 0xfffff8e1
core   0: 0x8000af5c (0xc0dc3013) sltiu   zero, s8, -1011
core   0: 3 0x8000af5c (0xc0dc3013)
core   0: 0x8000af60 (0x0077ad33) slt     s10, a5, t2
core   0: 3 0x8000af60 (0x0077ad33) x26 0x00000000
core   0: 0x8000af64 (0x00b347b3) xor     a5, t1, a1
core   0: 3 0x8000af64 (0x00b347b3) x15 0x00000000
core   0: 0x8000af68 (0x41165433) sra     s0, a2, a7
core   0: 3 0x8000af68 (0x41165433) x 8 0xffffffc7
core   0: 0x8000af6c (0x40c4e193) ori     gp, s1, 1036
core   0: 3 0x8000af6c (0x40c4e193) x 3 0x0c45edfe
core   0: 0x8000af70 (0xbd0fc413) xori    s0, t6, -1072
core   0: 3 0x8000af70 (0xbd0fc413) x 8 0x0000022a
core   0: 0x8000af74 (0x01be70b3) and     ra, t3, s11
core   0: 3 0x8000af74 (0x01be70b3) x 1 0xfffff95c
core   0: 0x8000af78 (0x404c86b3) sub     a3, s9, tp
core   0: 3 0x8000af78 (0x404c86b3) x13 0xd3f40000
core   0: 0x8000af7c (0x000ffeb3) and     t4, t6, zero
core   0: 3 0x8000af7c (0x000ffeb3) x29 0x00000000
core   0: 0x8000af80 (0x769545b7) lui     a1, 0x76954
core   0: 3 0x8000af80 (0x769545b7) x11 0x76954000
core   0: 0x8000af84 (0x405c5433) sra     s0, s8, t0
core   0: 3 0x8000af84 (0x405c5433) x 8 0x00000000
core   0: 0x8000af88 (0x0022c6b3) xor     a3, t0, sp
core   0: 3 0x8000af88 (0x0022c6b3) x13 0x80015a40
core   0: 0x8000af8c (0x01e0db33) srl     s6, ra, t5
core   0: 3 0x8000af8c (0x01e0db33) x22 0xfffff95c
core   0: 0x8000af90 (0x00a7ba33) sltu    s4, a5, a0
core   0: 3 0x8000af90 (0x00a7ba33) x20 0x00000001
core   0: 0x8000af94 (0xfe752a13) slti    s4, a0, -25
core   0: 3 0x8000af94 (0xfe752a13) x20 0x00000001
core   0: 0x8000af98 (0x3afcbf93) sltiu   t6, s9, 943
core   0: 3 0x8000af98 (0x3afcbf93) x31 0x00000000
core   0: 0x8000af9c (0x004f8eb3) add     t4, t6, tp
core   0: 3 0x8000af9c (0x004f8eb3) x29 0x00000000
core   0: 0x8000afa0 (0x01274ab3) xor     s5, a4, s2
core   0: 3 0x8000afa0 (0x01274ab3) x21 0x00000001
core   0: 0x8000afa4 (0x00239b93) slli    s7, t2, 2
core   0: 3 0x8000afa4 (0x00239b93) x23 0x00047990
core   0: 0x8000afa8 (0x0051d993) srli    s3, gp, 5
core   0: 3 0x8000afa8 (0x0051d993) x19 0x00622f6f
core   0: 0x8000afac (0x014c9fb3) sll     t6, s9, s4
core   0: 3 0x8000afac (0x014c9fb3) x31 0xa7e80000
core   0: 0x8000afb0 (0x41b25fb3) sra     t6, tp, s11
core   0: 3 0x8000afb0 (0x41b25fb3) x31 0x00000000
core   0: 0x8000afb4 (0x00789993) slli    s3, a7, 7
core   0: 3 0x8000afb4 (0x00789993) x19 0xf8641280
core   0: 0x8000afb8 (0x88bd5917) auipc   s2, 0x88bd5
core   0: 3 0x8000afb8 (0x88bd5917) x18 0x08bdffb8
core   0: 0x8000afbc (0x41dadd93) srai    s11, s5, 29
core   0: 3 0x8000afbc (0x41dadd93) x27 0x00000000
core   0: 0x8000afc0 (0x41b38b33) sub     s6, t2, s11
core   0: 3 0x8000afc0 (0x41b38b33) x22 0x80011e64
core   0: 0x8000afc4 (0x3869a313) slti    t1, s3, 902
core   0: 3 0x8000afc4 (0x3869a313) x 6 0x00000001
core   0: 0x8000afc8 (0x0049ac33) slt     s8, s3, tp
core   0: 3 0x8000afc8 (0x0049ac33) x24 0x00000001
core   0: 0x8000afcc (0xc52d0593) addi    a1, s10, -942
core   0: 3 0x8000afcc (0xc52d0593) x11 0xfffffc52
core   0: 0x8000afd0 (0x005fed33) or      s10, t6, t0
core   0: 3 0x8000afd0 (0x005fed33) x26 0x80015ce4
core   0: 0x8000afd4 (0x00000013) nop
core   0: 3 0x8000afd4 (0x00000013)
core   0: 0x8000afd8 (0x016b5e33) srl     t3, s6, s6
core   0: 3 0x8000afd8 (0x016b5e33) x28 0x080011e6
core   0: 0x8000afdc (0x41add093) srai    ra, s11, 26
core   0: 3 0x8000afdc (0x41add093) x 1 0x00000000
core   0: 0x8000afe0 (0x00d8d0b3) srl     ra, a7, a3
core   0: 3 0x8000afe0 (0x00d8d0b3) x 1 0x97f0c825
core   0: 0x8000afe4 (0x015ae933) or      s2, s5, s5
core   0: 3 0x8000afe4 (0x015ae933) x18 0x00000001
core   0: 0x8000afe8 (0x3feffc93) andi    s9, t6, 1022
core   0: 3 0x8000afe8 (0x3feffc93) x25 0x00000000
core   0: 0x8000afec (0x01b76d33) or      s10, a4, s11
core   0: 3 0x8000afec (0x01b76d33) x26 0x00000001
core   0: 0x8000aff0 (0x409ed233) sra     tp, t4, s1
core   0: 3 0x8000aff0 (0x409ed233) x 4 0x00000000
core   0: 0x8000aff4 (0x01ce3f33) sltu    t5, t3, t3
core   0: 3 0x8000aff4 (0x01ce3f33) x30 0x00000000
core   0: 0x8000aff8 (0x41c1d193) srai    gp, gp, 28
core   0: 3 0x8000aff8 (0x41c1d193) x 3 0x00000000
core   0: 0x8000affc (0x9d1ce693) ori     a3, s9, -1583
core   0: 3 0x8000affc (0x9d1ce693) x13 0xfffff9d1
core   0: 0x8000b000 (0x00000013) nop
core   0: 3 0x8000b000 (0x00000013)
core   0: 0x8000b004 (0x40bb5993) srai    s3, s6, 11
core   0: 3 0x8000b004 (0x40bb5993) x19 0xfff00023
core   0: 0x8000b008 (0x00000013) nop
core   0: 3 0x8000b008 (0x00000013)
core   0: 0x8000b00c (0x34c718b7) lui     a7, 0x34c71
core   0: 3 0x8000b00c (0x34c718b7) x17 0x34c71000
core   0: 0x8000b010 (0x00ba4933) xor     s2, s4, a1
core   0: 3 0x8000b010 (0x00ba4933) x18 0xfffffc53
core   0: 0x8000b014 (0x01665793) srli    a5, a2, 22
core   0: 3 0x8000b014 (0x01665793) x15 0x000003ff
core   0: 0x8000b018 (0x0174e633) or      a2, s1, s7
core   0: 3 0x8000b018 (0x0174e633) x12 0x0c45f9fa
core   0: 0x8000b01c (0x93602b93) slti    s7, zero, -1738
core   0: 3 0x8000b01c (0x93602b93) x23 0x00000000
core   0: 0x8000b020 (0x01e7d7b3) srl     a5, a5, t5
core   0: 3 0x8000b020 (0x01e7d7b3) x15 0x000003ff
core   0: 0x8000b024 (0x41385193) srai    gp, a6, 19
core   0: 3 0x8000b024 (0x41385193) x 3 0xffffff48
core   0: 0x8000b028 (0x4d9ce097) auipc   ra, 0x4d9ce
core   0: 3 0x8000b028 (0x4d9ce097) x 1 0xcd9d9028
core   0: 0x8000b02c (0x402b0333) sub     t1, s6, sp
core   0: 3 0x8000b02c (0x402b0333) x 6 0x800117c0
core   0: 0x8000b030 (0xdcfe7113) andi    sp, t3, -561
core   0: 3 0x8000b030 (0xdcfe7113) x 2 0x080011c6
core   0: 0x8000b034 (0x41f38733) sub     a4, t2, t6
core   0: 3 0x8000b034 (0x41f38733) x14 0x80011e64
core   0: 0x8000b038 (0x326baa13) slti    s4, s7, 806
core   0: 3 0x8000b038 (0x326baa13) x20 0x00000001
core   0: 0x8000b03c (0x00642633) slt     a2, s0, t1
core   0: 3 0x8000b03c (0x00642633) x12 0x00000000
core   0: 0x8000b040 (0xfafb3313) sltiu   t1, s6, -81
core   0: 3 0x8000b040 (0xfafb3313) x 6 0x00000001
core   0: 0x8000b044 (0x01665613) srli    a2, a2, 22
core   0: 3 0x8000b044 (0x01665613) x12 0x00000000
core   0: 0x8000b048 (0x0b55b793) sltiu   a5, a1, 181
core   0: 3 0x8000b048 (0x0b55b793) x15 0x00000000
core   0: 0x8000b04c (0x09c5b793) sltiu   a5, a1, 156
core   0: 3 0x8000b04c (0x09c5b793) x15 0x00000000
core   0: 0x8000b050 (0x408ad733) sra     a4, s5, s0
core   0: 3 0x8000b050 (0x408ad733) x14 0x00000001
core   0: 0x8000b054 (0x008e11b3) sll     gp, t3, s0
core   0: 3 0x8000b054 (0x008e11b3) x 3 0x080011e6
core   0: 0x8000b058 (0x002e3c33) sltu    s8, t3, sp
core   0: 3 0x8000b058 (0x002e3c33) x24 0x00000000
core   0: 0x8000b05c (0xfff00893) li      a7, -1
core   0: 3 0x8000b05c (0xfff00893) x17 0xffffffff
core   0: 0x8000b060 (0x00000d13) li      s10, 0
core   0: 3 0x8000b060 (0x00000d13) x26 0x00000000
core   0: 0x8000b064 (0x00000213) li      tp, 0
core   0: 3 0x8000b064 (0x00000213) x 4 0x00000000
core   0: 0x8000b068 (0x73f3a537) lui     a0, 0x73f3a
core   0: 3 0x8000b068 (0x73f3a537) x10 0x73f3a000
core   0: 0x8000b06c (0xc3d50513) addi    a0, a0, -963
core   0: 3 0x8000b06c (0xc3d50513) x10 0x73f39c3d
core   0: 0x8000b070 (0x00000913) li      s2, 0
core   0: 3 0x8000b070 (0x00000913) x18 0x00000000
core   0: 0x8000b074 (0xfff00e93) li      t4, -1
core   0: 3 0x8000b074 (0xfff00e93) x29 0xffffffff
core   0: 0x8000b078 (0x00000793) li      a5, 0
core   0: 3 0x8000b078 (0x00000793) x15 0x00000000
core   0: 0x8000b07c (0x80000737) lui     a4, 0x80000
core   0: 3 0x8000b07c (0x80000737) x14 0x80000000
core   0: 0x8000b080 (0x80000db7) lui     s11, 0x80000
core   0: 3 0x8000b080 (0x80000db7) x27 0x80000000
core   0: 0x8000b084 (0x172d1637) lui     a2, 0x172d1
core   0: 3 0x8000b084 (0x172d1637) x12 0x172d1000
core   0: 0x8000b088 (0xe6a60613) addi    a2, a2, -406
core   0: 3 0x8000b088 (0xe6a60613) x12 0x172d0e6a
core   0: 0x8000b08c (0x00e88db3) add     s11, a7, a4
core   0: 3 0x8000b08c (0x00e88db3) x27 0x7fffffff
core   0: 0x8000b090 (0x701a3937) lui     s2, 0x701a3
core   0: 3 0x8000b090 (0x701a3937) x18 0x701a3000
core   0: 0x8000b094 (0x00ed0eb3) add     t4, s10, a4
core   0: 3 0x8000b094 (0x00ed0eb3) x29 0x80000000
core   0: 0x8000b098 (0x40ed88b3) sub     a7, s11, a4
core   0: 3 0x8000b098 (0x40ed88b3) x17 0xffffffff
core   0: 0x8000b09c (0xf27fa517) auipc   a0, 0xf27fa
core   0: 3 0x8000b09c (0xf27fa517) x10 0x7280509c
core   0: 0x8000b0a0 (0x61b0c717) auipc   a4, 0x61b0c
core   0: 3 0x8000b0a0 (0x61b0c717) x14 0xe1b170a0
core   0: 0x8000b0a4 (0x01a20db3) add     s11, tp, s10
core   0: 3 0x8000b0a4 (0x01a20db3) x27 0x00000000
core   0: 0x8000b0a8 (0x044dcd17) auipc   s10, 0x44dc
core   0: 3 0x8000b0a8 (0x044dcd17) x26 0x844e70a8
core   0: 0x8000b0ac (0xd4f70897) auipc   a7, 0xd4f70
core   0: 3 0x8000b0ac (0xd4f70897) x17 0x54f7b0ac
core   0: 0x8000b0b0 (0x7c95c537) lui     a0, 0x7c95c
core   0: 3 0x8000b0b0 (0x7c95c537) x10 0x7c95c000
core   0: 0x8000b0b4 (0xcd665637) lui     a2, 0xcd665
core   0: 3 0x8000b0b4 (0xcd665637) x12 0xcd665000
core   0: 0x8000b0b8 (0x00000013) nop
core   0: 3 0x8000b0b8 (0x00000013)
core   0: 0x8000b0bc (0x00ae8633) add     a2, t4, a0
core   0: 3 0x8000b0bc (0x00ae8633) x12 0xfc95c000
core   0: 0x8000b0c0 (0xec190913) addi    s2, s2, -319
core   0: 3 0x8000b0c0 (0xec190913) x18 0x701a2ec1
core   0: 0x8000b0c4 (0x203e3737) lui     a4, 0x203e3
core   0: 3 0x8000b0c4 (0x203e3737) x14 0x203e3000
core   0: 0x8000b0c8 (0x40c78d33) sub     s10, a5, a2
core   0: 3 0x8000b0c8 (0x40c78d33) x26 0x036a4000
core   0: 0x8000b0cc (0x412887b3) sub     a5, a7, s2
core   0: 3 0x8000b0cc (0x412887b3) x15 0xe4dd81eb
core   0: 0x8000b0d0 (0x00000013) nop
core   0: 3 0x8000b0d0 (0x00000013)
core   0: 0x8000b0d4 (0x00000013) nop
core   0: 3 0x8000b0d4 (0x00000013)
core   0: 0x8000b0d8 (0x07dcea13) ori     s4, s9, 125
core   0: 3 0x8000b0d8 (0x07dcea13) x20 0x0000007d
core   0: 0x8000b0dc (0x00061a13) slli    s4, a2, 0
core   0: 3 0x8000b0dc (0x00061a13) x20 0xfc95c000
core   0: 0x8000b0e0 (0x007784b3) add     s1, a5, t2
core   0: 3 0x8000b0e0 (0x007784b3) x 9 0x64dea04f
core   0: 0x8000b0e4 (0x00cb9133) sll     sp, s7, a2
core   0: 3 0x8000b0e4 (0x00cb9133) x 2 0x00000000
core   0: 0x8000b0e8 (0x00b04133) xor     sp, zero, a1
core   0: 3 0x8000b0e8 (0x00b04133) x 2 0xfffffc52
core   0: 0x8000b0ec (0x41ecda93) srai    s5, s9, 30
core   0: 3 0x8000b0ec (0x41ecda93) x21 0x00000000
core   0: 0x8000b0f0 (0x00000013) nop
core   0: 3 0x8000b0f0 (0x00000013)
core   0: 0x8000b0f4 (0xd0b56013) ori     zero, a0, -757
core   0: 3 0x8000b0f4 (0xd0b56013)
core   0: 0x8000b0f8 (0xbb106613) ori     a2, zero, -1103
core   0: 3 0x8000b0f8 (0xbb106613) x12 0xfffffbb1
core   0: 0x8000b0fc (0x65641d97) auipc   s11, 0x65641
core   0: 3 0x8000b0fc (0x65641d97) x27 0xe564c0fc
core   0: 0x8000b100 (0x00000013) nop
core   0: 3 0x8000b100 (0x00000013)
core   0: 0x8000b104 (0x01f94a33) xor     s4, s2, t6
core   0: 3 0x8000b104 (0x01f94a33) x20 0x701a2ec1
core   0: 0x8000b108 (0xfff00113) li      sp, -1
core   0: 3 0x8000b108 (0xfff00113) x 2 0xffffffff
core   0: 0x8000b10c (0x10cb90b7) lui     ra, 0x10cb9
core   0: 3 0x8000b10c (0x10cb90b7) x 1 0x10cb9000
core   0: 0x8000b110 (0xa3508093) addi    ra, ra, -1483
core   0: 3 0x8000b110 (0xa3508093) x 1 0x10cb8a35
core   0: 0x8000b114 (0xf7d34337) lui     t1, 0xf7d34
core   0: 3 0x8000b114 (0xf7d34337) x 6 0xf7d34000
core   0: 0x8000b118 (0xbb630313) addi    t1, t1, -1098
core   0: 3 0x8000b118 (0xbb630313) x 6 0xf7d33bb6
core   0: 0x8000b11c (0xfff00613) li      a2, -1
core   0: 3 0x8000b11c (0xfff00613) x12 0xffffffff
core   0: 0x8000b120 (0x00000193) li      gp, 0
core   0: 3 0x8000b120 (0x00000193) x 3 0x00000000
core   0: 0x8000b124 (0x00000513) li      a0, 0
core   0: 3 0x8000b124 (0x00000513) x10 0x00000000
core   0: 0x8000b128 (0x80000eb7) lui     t4, 0x80000
core   0: 3 0x8000b128 (0x80000eb7) x29 0x80000000
core   0: 0x8000b12c (0x80000437) lui     s0, 0x80000
core   0: 3 0x8000b12c (0x80000437) x 8 0x80000000
core   0: 0x8000b130 (0x00000d93) li      s11, 0
core   0: 3 0x8000b130 (0x00000d93) x27 0x00000000
core   0: 0x8000b134 (0x80000b37) lui     s6, 0x80000
core   0: 3 0x8000b134 (0x80000b37) x22 0x80000000
core   0: 0x8000b138 (0x016d8433) add     s0, s11, s6
core   0: 3 0x8000b138 (0x016d8433) x 8 0x80000000
core   0: 0x8000b13c (0x008d8133) add     sp, s11, s0
core   0: 3 0x8000b13c (0x008d8133) x 2 0x80000000
core   0: 0x8000b140 (0x00000013) nop
core   0: 3 0x8000b140 (0x00000013)
core   0: 0x8000b144 (0x00118b33) add     s6, gp, ra
core   0: 3 0x8000b144 (0x00118b33) x22 0x10cb8a35
core   0: 0x8000b148 (0x40ce8333) sub     t1, t4, a2
core   0: 3 0x8000b148 (0x40ce8333) x 6 0x80000001
core   0: 0x8000b14c (0x403e8633) sub     a2, t4, gp
core   0: 3 0x8000b14c (0x403e8633) x12 0x80000000
core   0: 0x8000b150 (0x00000013) nop
core   0: 3 0x8000b150 (0x00000013)
core   0: 0x8000b154 (0x0b940193) addi    gp, s0, 185
core   0: 3 0x8000b154 (0x0b940193) x 3 0x800000b9
core   0: 0x8000b158 (0x482d6317) auipc   t1, 0x482d6
core   0: 3 0x8000b158 (0x482d6317) x 6 0xc82e1158
core   0: 0x8000b15c (0xa03f8417) auipc   s0, 0xa03f8
core   0: 3 0x8000b15c (0xa03f8417) x 8 0x2040315c
core   0: 0x8000b160 (0x00000013) nop
core   0: 3 0x8000b160 (0x00000013)
core   0: 0x8000b164 (0xdd3efd97) auipc   s11, 0xdd3ef
core   0: 3 0x8000b164 (0xdd3efd97) x27 0x5d3fa164
core   0: 0x8000b168 (0xb6e51eb7) lui     t4, 0xb6e51
core   0: 3 0x8000b168 (0xb6e51eb7) x29 0xb6e51000
core   0: 0x8000b16c (0x7f621097) auipc   ra, 0x7f621
core   0: 3 0x8000b16c (0x7f621097) x 1 0xff62c16c
core   0: 0x8000b170 (0x290c3db7) lui     s11, 0x290c3
core   0: 3 0x8000b170 (0x290c3db7) x27 0x290c3000
core   0: 0x8000b174 (0x53528b17) auipc   s6, 0x53528
core   0: 3 0x8000b174 (0x53528b17) x22 0xd3533174
core   0: 0x8000b178 (0x0140f4b3) and     s1, ra, s4
core   0: 3 0x8000b178 (0x0140f4b3) x 9 0x70020040
core   0: 0x8000b17c (0x00000013) nop
core   0: 3 0x8000b17c (0x00000013)
core   0: 0x8000b180 (0x0153de93) srli    t4, t2, 21
core   0: 3 0x8000b180 (0x0153de93) x29 0x00000400
core   0: 0x8000b184 (0x00000013) nop
core   0: 3 0x8000b184 (0x00000013)
core   0: 0x8000b188 (0x1b8e0593) addi    a1, t3, 440
core   0: 3 0x8000b188 (0x1b8e0593) x11 0x0800139e
core   0: 0x8000b18c (0x0344ab13) slti    s6, s1, 52
core   0: 3 0x8000b18c (0x0344ab13) x22 0x00000000
core   0: 0x8000b190 (0x00a576b3) and     a3, a0, a0
core   0: 3 0x8000b190 (0x00a576b3) x13 0x00000000
core   0: 0x8000b194 (0x8acaa213) slti    tp, s5, -1876
core   0: 3 0x8000b194 (0x8acaa213) x 4 0x00000000
core   0: 0x8000b198 (0x00e1f7b3) and     a5, gp, a4
core   0: 3 0x8000b198 (0x00e1f7b3) x15 0x00000000
core   0: 0x8000b19c (0x01325b13) srli    s6, tp, 19
core   0: 3 0x8000b19c (0x01325b13) x22 0x00000000
core   0: 0x8000b1a0 (0x007ea233) slt     tp, t4, t2
core   0: 3 0x8000b1a0 (0x007ea233) x 4 0x00000000
core   0: 0x8000b1a4 (0x121d7c93) andi    s9, s10, 289
core   0: 3 0x8000b1a4 (0x121d7c93) x25 0x00000000
core   0: 0x8000b1a8 (0x402d5c33) sra     s8, s10, sp
core   0: 3 0x8000b1a8 (0x402d5c33) x24 0x036a4000
core   0: 0x8000b1ac (0x01329e33) sll     t3, t0, s3
core   0: 3 0x8000b1ac (0x01329e33) x28 0x000ae720
core   0: 0x8000b1b0 (0x00039193) slli    gp, t2, 0
core   0: 3 0x8000b1b0 (0x00039193) x 3 0x80011e64
core   0: 0x8000b1b4 (0x00614a33) xor     s4, sp, t1
core   0: 3 0x8000b1b4 (0x00614a33) x20 0x482e1158
core   0: 0x8000b1b8 (0x9d3c01b7) lui     gp, 0x9d3c0
core   0: 3 0x8000b1b8 (0x9d3c01b7) x 3 0x9d3c0000
core   0: 0x8000b1bc (0x0d277793) andi    a5, a4, 210
core   0: 3 0x8000b1bc (0x0d277793) x15 0x00000000
core   0: 0x8000b1c0 (0x01971c13) slli    s8, a4, 25
core   0: 3 0x8000b1c0 (0x01971c13) x24 0x00000000
core   0: 0x8000b1c4 (0xfeb17593) andi    a1, sp, -21
core   0: 3 0x8000b1c4 (0xfeb17593) x11 0x80000000
core   0: 0x8000b1c8 (0x9d287337) lui     t1, 0x9d287
core   0: 3 0x8000b1c8 (0x9d287337) x 6 0x9d287000
core   0: 0x8000b1cc (0x4034d513) srai    a0, s1, 3
core   0: 3 0x8000b1cc (0x4034d513) x10 0x0e004008
core   0: 0x8000b1d0 (0x00e346b3) xor     a3, t1, a4
core   0: 3 0x8000b1d0 (0x00e346b3) x13 0xbd164000
core   0: 0x8000b1d4 (0x00000013) nop
core   0: 3 0x8000b1d4 (0x00000013)
core   0: 0x8000b1d8 (0xba638493) addi    s1, t2, -1114
core   0: 3 0x8000b1d8 (0xba638493) x 9 0x80011a0a
core   0: 0x8000b1dc (0x01f05093) srli    ra, zero, 31
core   0: 3 0x8000b1dc (0x01f05093) x 1 0x00000000
core   0: 0x8000b1e0 (0x7b39a093) slti    ra, s3, 1971
core   0: 3 0x8000b1e0 (0x7b39a093) x 1 0x00000001
core   0: 0x8000b1e4 (0x016cc7b3) xor     a5, s9, s6
core   0: 3 0x8000b1e4 (0x016cc7b3) x15 0x00000000
core   0: 0x8000b1e8 (0x00704533) xor     a0, zero, t2
core   0: 3 0x8000b1e8 (0x00704533) x10 0x80011e64
core   0: 0x8000b1ec (0x03633617) auipc   a2, 0x3633
core   0: 3 0x8000b1ec (0x03633617) x12 0x8363e1ec
core   0: 0x8000b1f0 (0x011d1693) slli    a3, s10, 17
core   0: 3 0x8000b1f0 (0x011d1693) x13 0x80000000
core   0: 0x8000b1f4 (0xfd128793) addi    a5, t0, -47
core   0: 3 0x8000b1f4 (0xfd128793) x15 0x80015cb5
core   0: 0x8000b1f8 (0x77148093) addi    ra, s1, 1905
core   0: 3 0x8000b1f8 (0x77148093) x 1 0x8001217b
core   0: 0x8000b1fc (0x004facb3) slt     s9, t6, tp
core   0: 3 0x8000b1fc (0x004facb3) x25 0x00000000
core   0: 0x8000b200 (0x0089ad33) slt     s10, s3, s0
core   0: 3 0x8000b200 (0x0089ad33) x26 0x00000001
core   0: 0x8000b204 (0xcf0c4513) xori    a0, s8, -784
core   0: 3 0x8000b204 (0xcf0c4513) x10 0xfffffcf0
core   0: 0x8000b208 (0x41f38d33) sub     s10, t2, t6
core   0: 3 0x8000b208 (0x41f38d33) x26 0x80011e64
core   0: 0x8000b20c (0xbad17a93) andi    s5, sp, -1107
core   0: 3 0x8000b20c (0xbad17a93) x21 0x80000000
core   0: 0x8000b210 (0x41340e33) sub     t3, s0, s3
core   0: 3 0x8000b210 (0x41340e33) x28 0x20503139
core   0: 0x8000b214 (0xb74ec893) xori    a7, t4, -1164
core   0: 3 0x8000b214 (0xb74ec893) x17 0xffffff74
core   0: 0x8000b218 (0x00000013) nop
core   0: 3 0x8000b218 (0x00000013)
core   0: 0x8000b21c (0x01259233) sll     tp, a1, s2
core   0: 3 0x8000b21c (0x01259233) x 4 0x00000000
core   0: 0x8000b220 (0x4071d333) sra     t1, gp, t2
core   0: 3 0x8000b220 (0x4071d333) x 6 0xf9d3c000
core   0: 0x8000b224 (0xdfbef617) auipc   a2, 0xdfbef
core   0: 3 0x8000b224 (0xdfbef617) x12 0x5fbfa224
core   0: 0x8000b228 (0x2f8abb93) sltiu   s7, s5, 760
core   0: 3 0x8000b228 (0x2f8abb93) x23 0x00000000
core   0: 0x8000b22c (0x4138d733) sra     a4, a7, s3
core   0: 3 0x8000b22c (0x4138d733) x14 0xffffffee
core   0: 0x8000b230 (0x0ea9a193) slti    gp, s3, 234
core   0: 3 0x8000b230 (0x0ea9a193) x 3 0x00000001
core   0: 0x8000b234 (0x00b23233) sltu    tp, tp, a1
core   0: 3 0x8000b234 (0x00b23233) x 4 0x00000001
core   0: 0x8000b238 (0x01f69893) slli    a7, a3, 31
core   0: 3 0x8000b238 (0x01f69893) x17 0x00000000
core   0: 0x8000b23c (0x010b00b3) add     ra, s6, a6
core   0: 3 0x8000b23c (0x010b00b3) x 1 0xfa4450b4
core   0: 0x8000b240 (0xd50b2113) slti    sp, s6, -688
core   0: 3 0x8000b240 (0xd50b2113) x 2 0x00000000
core   0: 0x8000b244 (0x006aca33) xor     s4, s5, t1
core   0: 3 0x8000b244 (0x006aca33) x20 0x79d3c000
core   0: 0x8000b248 (0xb4d98693) addi    a3, s3, -1203
core   0: 3 0x8000b248 (0xb4d98693) x13 0xffeffb70
core   0: 0x8000b24c (0x01d516b3) sll     a3, a0, t4
core   0: 3 0x8000b24c (0x01d516b3) x13 0xfffffcf0
core   0: 0x8000b250 (0x0098e233) or      tp, a7, s1
core   0: 3 0x8000b250 (0x0098e233) x 4 0x80011a0a
core   0: 0x8000b254 (0x400d0f33) sub     t5, s10, zero
core   0: 3 0x8000b254 (0x400d0f33) x30 0x80011e64
core   0: 0x8000b258 (0x414c0333) sub     t1, s8, s4
core   0: 3 0x8000b258 (0x414c0333) x 6 0x862c4000
core   0: 0x8000b25c (0x00add713) srli    a4, s11, 10
core   0: 3 0x8000b25c (0x00add713) x14 0x000a430c
core   0: 0x8000b260 (0xba397593) andi    a1, s2, -1117
core   0: 3 0x8000b260 (0xba397593) x11 0x701a2a81
core   0: 0x8000b264 (0x53e78b93) addi    s7, a5, 1342
core   0: 3 0x8000b264 (0x53e78b93) x23 0x800161f3
core   0: 0x8000b268 (0x01c9a5b3) slt     a1, s3, t3
core   0: 3 0x8000b268 (0x01c9a5b3) x11 0x00000001
core   0: 0x8000b26c (0x40620733) sub     a4, tp, t1
core   0: 3 0x8000b26c (0x40620733) x14 0xf9d4da0a
core   0: 0x8000b270 (0xa0e2a513) slti    a0, t0, -1522
core   0: 3 0x8000b270 (0xa0e2a513) x10 0x00000001
core   0: 0x8000b274 (0x01301ab3) sll     s5, zero, s3
core   0: 3 0x8000b274 (0x01301ab3) x21 0x00000000
core   0: 0x8000b278 (0x00deaeb3) slt     t4, t4, a3
core   0: 3 0x8000b278 (0x00deaeb3) x29 0x00000000
core   0: 0x8000b27c (0x008e9093) slli    ra, t4, 8
core   0: 3 0x8000b27c (0x008e9093) x 1 0x00000000
core   0: 0x8000b280 (0xb6b84a93) xori    s5, a6, -1173
core   0: 3 0x8000b280 (0xb6b84a93) x21 0x05bbabdf
core   0: 0x8000b284 (0x00a33233) sltu    tp, t1, a0
core   0: 3 0x8000b284 (0x00a33233) x 4 0x00000000
core   0: 0x8000b288 (0x01e8f233) and     tp, a7, t5
core   0: 3 0x8000b288 (0x01e8f233) x 4 0x00000000
core   0: 0x8000b28c (0x01628ab3) add     s5, t0, s6
core   0: 3 0x8000b28c (0x01628ab3) x21 0x80015ce4
core   0: 0x8000b290 (0x2c510793) addi    a5, sp, 709
core   0: 3 0x8000b290 (0x2c510793) x15 0x000002c5
core   0: 0x8000b294 (0x00000013) nop
core   0: 3 0x8000b294 (0x00000013)
core   0: 0x8000b298 (0x00db2333) slt     t1, s6, a3
core   0: 3 0x8000b298 (0x00db2333) x 6 0x00000000
core   0: 0x8000b29c (0x2af86893) ori     a7, a6, 687
core   0: 3 0x8000b29c (0x2af86893) x17 0xfa4452bf
core   0: 0x8000b2a0 (0x321c4893) xori    a7, s8, 801
core   0: 3 0x8000b2a0 (0x321c4893) x17 0x00000321
core   0: 0x8000b2a4 (0x00e4f733) and     a4, s1, a4
core   0: 3 0x8000b2a4 (0x00e4f733) x14 0x80001a0a
core   0: 0x8000b2a8 (0x26918013) addi    zero, gp, 617
core   0: 3 0x8000b2a8 (0x26918013)
core   0: 0x8000b2ac (0x00000013) nop
core   0: 3 0x8000b2ac (0x00000013)
core   0: 0x8000b2b0 (0x40d95e33) sra     t3, s2, a3
core   0: 3 0x8000b2b0 (0x40d95e33) x28 0x0000701a
core   0: 0x8000b2b4 (0x01907cb3) and     s9, zero, s9
core   0: 3 0x8000b2b4 (0x01907cb3) x25 0x00000000
core   0: 0x8000b2b8 (0x5d8b2893) slti    a7, s6, 1496
core   0: 3 0x8000b2b8 (0x5d8b2893) x17 0x00000001
core   0: 0x8000b2bc (0x019cfbb3) and     s7, s9, s9
core   0: 3 0x8000b2bc (0x019cfbb3) x23 0x00000000
core   0: 0x8000b2c0 (0x009c9533) sll     a0, s9, s1
core   0: 3 0x8000b2c0 (0x009c9533) x10 0x00000000
core   0: 0x8000b2c4 (0xd70d2d97) auipc   s11, 0xd70d2
core   0: 3 0x8000b2c4 (0xd70d2d97) x27 0x570dd2c4
core   0: 0x8000b2c8 (0x01dc4933) xor     s2, s8, t4
core   0: 3 0x8000b2c8 (0x01dc4933) x18 0x00000000
core   0: 0x8000b2cc (0xda06f213) andi    tp, a3, -608
core   0: 3 0x8000b2cc (0xda06f213) x 4 0xfffffca0
core   0: 0x8000b2d0 (0x009245b3) xor     a1, tp, s1
core   0: 3 0x8000b2d0 (0x009245b3) x11 0x7ffee6aa
core   0: 0x8000b2d4 (0x00176d33) or      s10, a4, ra
core   0: 3 0x8000b2d4 (0x00176d33) x26 0x80001a0a
core   0: 0x8000b2d8 (0x402c5f93) srai    t6, s8, 2
core   0: 3 0x8000b2d8 (0x402c5f93) x31 0x00000000
core   0: 0x8000b2dc (0x40c45193) srai    gp, s0, 12
core   0: 3 0x8000b2dc (0x40c45193) x 3 0x00020403
core   0: 0x8000b2e0 (0x016e1c13) slli    s8, t3, 22
core   0: 3 0x8000b2e0 (0x016e1c13) x24 0x06800000
core   0: 0x8000b2e4 (0x00e161b3) or      gp, sp, a4
core   0: 3 0x8000b2e4 (0x00e161b3) x 3 0x80001a0a
core   0: 0x8000b2e8 (0x41925513) srai    a0, tp, 25
core   0: 3 0x8000b2e8 (0x41925513) x10 0xffffffff
core   0: 0x8000b2ec (0x00a63133) sltu    sp, a2, a0
core   0: 3 0x8000b2ec (0x00a63133) x 2 0x00000001
core   0: 0x8000b2f0 (0x4aa6e193) ori     gp, a3, 1194
core   0: 3 0x8000b2f0 (0x4aa6e193) x 3 0xfffffcfa
core   0: 0x8000b2f4 (0x008cb633) sltu    a2, s9, s0
core   0: 3 0x8000b2f4 (0x008cb633) x12 0x00000001
core   0: 0x8000b2f8 (0x00000817) auipc   a6, 0x0
core   0: 3 0x8000b2f8 (0x00000817) x16 0x8000b2f8
core   0: 0x8000b2fc (0x00c80813) addi    a6, a6, 12
core   0: 3 0x8000b2fc (0x00c80813) x16 0x8000b304
core   0: 0x8000b300 (0x00080067) jr      a6
core   0: 3 0x8000b300 (0x00080067)
core   0: 0x8000b304 (0x00100193) li      gp, 1
core   0: 3 0x8000b304 (0x00100193) x 3 0x00000001
core   0: 0x8000b308 (0x00000073) ecall
core   0: exception trap_machine_ecall, epc 0x8000b308
core   0: >>>>  mtvec_handler
core   0: 0x8000bd30 (0x0400006f) j       pc + 0x40
core   0: 3 0x8000bd30 (0x0400006f)
core   0: 0x8000bd70 (0xffc28293) addi    t0, t0, -4
core   0: 3 0x8000bd70 (0xffc28293) x 5 0x80015ce0
core   0: 0x8000bd74 (0x0072a023) sw      t2, 0(t0)
core   0: 3 0x8000bd74 (0x0072a023) mem 0x80015ce0 0x80011e64
core   0: 0x8000bd78 (0x000283b3) add     t2, t0, zero
core   0: 3 0x8000bd78 (0x000283b3) x 7 0x80015ce0
core   0: 0x8000bd7c (0xf8038393) addi    t2, t2, -128
core   0: 3 0x8000bd7c (0xf8038393) x 7 0x80015c60
core   0: 0x8000bd80 (0x0013a223) sw      ra, 4(t2)
core   0: 3 0x8000bd80 (0x0013a223) mem 0x80015c64 0x00000000
core   0: 0x8000bd84 (0x0023a423) sw      sp, 8(t2)
core   0: 3 0x8000bd84 (0x0023a423) mem 0x80015c68 0x00000001
core   0: 0x8000bd88 (0x0033a623) sw      gp, 12(t2)
core   0: 3 0x8000bd88 (0x0033a623) mem 0x80015c6c 0x00000001
core   0: 0x8000bd8c (0x0043a823) sw      tp, 16(t2)
core   0: 3 0x8000bd8c (0x0043a823) mem 0x80015c70 0xfffffca0
core   0: 0x8000bd90 (0x0053aa23) sw      t0, 20(t2)
core   0: 3 0x8000bd90 (0x0053aa23) mem 0x80015c74 0x80015ce0
core   0: 0x8000bd94 (0x0063ac23) sw      t1, 24(t2)
core   0: 3 0x8000bd94 (0x0063ac23) mem 0x80015c78 0x00000000
core   0: 0x8000bd98 (0x0073ae23) sw      t2, 28(t2)
core   0: 3 0x8000bd98 (0x0073ae23) mem 0x80015c7c 0x80015c60
core   0: 0x8000bd9c (0x0283a023) sw      s0, 32(t2)
core   0: 3 0x8000bd9c (0x0283a023) mem 0x80015c80 0x2040315c
core   0: 0x8000bda0 (0x0293a223) sw      s1, 36(t2)
core   0: 3 0x8000bda0 (0x0293a223) mem 0x80015c84 0x80011a0a
core   0: 0x8000bda4 (0x02a3a423) sw      a0, 40(t2)
core   0: 3 0x8000bda4 (0x02a3a423) mem 0x80015c88 0xffffffff
core   0: 0x8000bda8 (0x02b3a623) sw      a1, 44(t2)
core   0: 3 0x8000bda8 (0x02b3a623) mem 0x80015c8c 0x7ffee6aa
core   0: 0x8000bdac (0x02c3a823) sw      a2, 48(t2)
core   0: 3 0x8000bdac (0x02c3a823) mem 0x80015c90 0x00000001
core   0: 0x8000bdb0 (0x02d3aa23) sw      a3, 52(t2)
core   0: 3 0x8000bdb0 (0x02d3aa23) mem 0x80015c94 0xfffffcf0
core   0: 0x8000bdb4 (0x02e3ac23) sw      a4, 56(t2)
core   0: 3 0x8000bdb4 (0x02e3ac23) mem 0x80015c98 0x80001a0a
core   0: 0x8000bdb8 (0x02f3ae23) sw      a5, 60(t2)
core   0: 3 0x8000bdb8 (0x02f3ae23) mem 0x80015c9c 0x000002c5
core   0: 0x8000bdbc (0x0503a023) sw      a6, 64(t2)
core   0: 3 0x8000bdbc (0x0503a023) mem 0x80015ca0 0x8000b304
core   0: 0x8000bdc0 (0x0513a223) sw      a7, 68(t2)
core   0: 3 0x8000bdc0 (0x0513a223) mem 0x80015ca4 0x00000001
core   0: 0x8000bdc4 (0x0523a423) sw      s2, 72(t2)
core   0: 3 0x8000bdc4 (0x0523a423) mem 0x80015ca8 0x00000000
core   0: 0x8000bdc8 (0x0533a623) sw      s3, 76(t2)
core   0: 3 0x8000bdc8 (0x0533a623) mem 0x80015cac 0xfff00023
core   0: 0x8000bdcc (0x0543a823) sw      s4, 80(t2)
core   0: 3 0x8000bdcc (0x0543a823) mem 0x80015cb0 0x79d3c000
core   0: 0x8000bdd0 (0x0553aa23) sw      s5, 84(t2)
core   0: 3 0x8000bdd0 (0x0553aa23) mem 0x80015cb4 0x80015ce4
core   0: 0x8000bdd4 (0x0563ac23) sw      s6, 88(t2)
core   0: 3 0x8000bdd4 (0x0563ac23) mem 0x80015cb8 0x00000000
core   0: 0x8000bdd8 (0x0573ae23) sw      s7, 92(t2)
core   0: 3 0x8000bdd8 (0x0573ae23) mem 0x80015cbc 0x00000000
core   0: 0x8000bddc (0x0783a023) sw      s8, 96(t2)
core   0: 3 0x8000bddc (0x0783a023) mem 0x80015cc0 0x06800000
core   0: 0x8000bde0 (0x0793a223) sw      s9, 100(t2)
core   0: 3 0x8000bde0 (0x0793a223) mem 0x80015cc4 0x00000000
core   0: 0x8000bde4 (0x07a3a423) sw      s10, 104(t2)
core   0: 3 0x8000bde4 (0x07a3a423) mem 0x80015cc8 0x80001a0a
core   0: 0x8000bde8 (0x07b3a623) sw      s11, 108(t2)
core   0: 3 0x8000bde8 (0x07b3a623) mem 0x80015ccc 0x570dd2c4
core   0: 0x8000bdec (0x07c3a823) sw      t3, 112(t2)
core   0: 3 0x8000bdec (0x07c3a823) mem 0x80015cd0 0x0000701a
core   0: 0x8000bdf0 (0x07d3aa23) sw      t4, 116(t2)
core   0: 3 0x8000bdf0 (0x07d3aa23) mem 0x80015cd4 0x00000000
core   0: 0x8000bdf4 (0x07e3ac23) sw      t5, 120(t2)
core   0: 3 0x8000bdf4 (0x07e3ac23) mem 0x80015cd8 0x80011e64
core   0: 0x8000bdf8 (0x07f3ae23) sw      t6, 124(t2)
core   0: 3 0x8000bdf8 (0x07f3ae23) mem 0x80015cdc 0x00000000
core   0: 0x8000bdfc (0x000382b3) add     t0, t2, zero
core   0: 3 0x8000bdfc (0x000382b3) x 5 0x80015c60
core   0: 0x8000be00 (0x34102cf3) csrr    s9, mepc
core   0: 3 0x8000be00 (0x34102cf3) x25 0x8000b308
core   0: 0x8000be04 (0x34202cf3) csrr    s9, mcause
core   0: 3 0x8000be04 (0x34202cf3) x25 0x0000000b
core   0: 0x8000be08 (0x00300993) li      s3, 3
core   0: 3 0x8000be08 (0x00300993) x19 0x00000003
core   0: 0x8000be0c (0x2b3c8a63) beq     s9, s3, pc + 692
core   0: 3 0x8000be0c (0x2b3c8a63)
core   0: 0x8000be10 (0x00800993) li      s3, 8
core   0: 3 0x8000be10 (0x00800993) x19 0x00000008
core   0: 0x8000be14 (0x053c8e63) beq     s9, s3, pc + 92
core   0: 3 0x8000be14 (0x053c8e63)
core   0: 0x8000be18 (0x00900993) li      s3, 9
core   0: 3 0x8000be18 (0x00900993) x19 0x00000009
core   0: 0x8000be1c (0x053c8a63) beq     s9, s3, pc + 84
core   0: 3 0x8000be1c (0x053c8a63)
core   0: 0x8000be20 (0x00b00993) li      s3, 11
core   0: 3 0x8000be20 (0x00b00993) x19 0x0000000b
core   0: 0x8000be24 (0x053c8663) beq     s9, s3, pc + 76
core   0: 3 0x8000be24 (0x053c8663)
core   0: 0x8000be70 (0xffff4c97) auipc   s9, 0xffff4
core   0: 3 0x8000be70 (0xffff4c97) x25 0x7ffffe70
core   0: 0x8000be74 (0x190c8c93) addi    s9, s9, 400
core   0: 3 0x8000be74 (0x190c8c93) x25 0x80000000
core   0: 0x8000be78 (0x000ca023) sw      zero, 0(s9)
core   0: 3 0x8000be78 (0x000ca023) mem 0x80000000 0x00000000
core   0: 0x8000be7c (0x001ca223) sw      ra, 4(s9)
core   0: 3 0x8000be7c (0x001ca223) mem 0x80000004 0x00000000
core   0: 0x8000be80 (0x002ca423) sw      sp, 8(s9)
core   0: 3 0x8000be80 (0x002ca423) mem 0x80000008 0x00000001
core   0: 0x8000be84 (0x003ca623) sw      gp, 12(s9)
core   0: 3 0x8000be84 (0x003ca623) mem 0x8000000c 0x00000001
core   0: 0x8000be88 (0x004ca823) sw      tp, 16(s9)
core   0: 3 0x8000be88 (0x004ca823) mem 0x80000010 0xfffffca0
core   0: 0x8000be8c (0x005caa23) sw      t0, 20(s9)
core   0: 3 0x8000be8c (0x005caa23) mem 0x80000014 0x80015c60
core   0: 0x8000be90 (0x006cac23) sw      t1, 24(s9)
core   0: 3 0x8000be90 (0x006cac23) mem 0x80000018 0x00000000
core   0: 0x8000be94 (0x007cae23) sw      t2, 28(s9)
core   0: 3 0x8000be94 (0x007cae23) mem 0x8000001c 0x80015c60
core   0: 0x8000be98 (0x028ca023) sw      s0, 32(s9)
core   0: 3 0x8000be98 (0x028ca023) mem 0x80000020 0x2040315c
core   0: 0x8000be9c (0x029ca223) sw      s1, 36(s9)
core   0: 3 0x8000be9c (0x029ca223) mem 0x80000024 0x80011a0a
core   0: 0x8000bea0 (0x02aca423) sw      a0, 40(s9)
core   0: 3 0x8000bea0 (0x02aca423) mem 0x80000028 0xffffffff
core   0: 0x8000bea4 (0x02bca623) sw      a1, 44(s9)
core   0: 3 0x8000bea4 (0x02bca623) mem 0x8000002c 0x7ffee6aa
core   0: 0x8000bea8 (0x02cca823) sw      a2, 48(s9)
core   0: 3 0x8000bea8 (0x02cca823) mem 0x80000030 0x00000001
core   0: 0x8000beac (0x02dcaa23) sw      a3, 52(s9)
core   0: 3 0x8000beac (0x02dcaa23) mem 0x80000034 0xfffffcf0
core   0: 0x8000beb0 (0x02ecac23) sw      a4, 56(s9)
core   0: 3 0x8000beb0 (0x02ecac23) mem 0x80000038 0x80001a0a
core   0: 0x8000beb4 (0x02fcae23) sw      a5, 60(s9)
core   0: 3 0x8000beb4 (0x02fcae23) mem 0x8000003c 0x000002c5
core   0: 0x8000beb8 (0x050ca023) sw      a6, 64(s9)
core   0: 3 0x8000beb8 (0x050ca023) mem 0x80000040 0x8000b304
core   0: 0x8000bebc (0x051ca223) sw      a7, 68(s9)
core   0: 3 0x8000bebc (0x051ca223) mem 0x80000044 0x00000001
core   0: 0x8000bec0 (0x052ca423) sw      s2, 72(s9)
core   0: 3 0x8000bec0 (0x052ca423) mem 0x80000048 0x00000000
core   0: 0x8000bec4 (0x053ca623) sw      s3, 76(s9)
core   0: 3 0x8000bec4 (0x053ca623) mem 0x8000004c 0x0000000b
core   0: 0x8000bec8 (0x054ca823) sw      s4, 80(s9)
core   0: 3 0x8000bec8 (0x054ca823) mem 0x80000050 0x79d3c000
core   0: 0x8000becc (0x055caa23) sw      s5, 84(s9)
core   0: 3 0x8000becc (0x055caa23) mem 0x80000054 0x80015ce4
core   0: 0x8000bed0 (0x056cac23) sw      s6, 88(s9)
core   0: 3 0x8000bed0 (0x056cac23) mem 0x80000058 0x00000000
core   0: 0x8000bed4 (0x057cae23) sw      s7, 92(s9)
core   0: 3 0x8000bed4 (0x057cae23) mem 0x8000005c 0x00000000
core   0: 0x8000bed8 (0x078ca023) sw      s8, 96(s9)
core   0: 3 0x8000bed8 (0x078ca023) mem 0x80000060 0x06800000
core   0: 0x8000bedc (0x079ca223) sw      s9, 100(s9)
core   0: 3 0x8000bedc (0x079ca223) mem 0x80000064 0x80000000
core   0: 0x8000bee0 (0x07aca423) sw      s10, 104(s9)
core   0: 3 0x8000bee0 (0x07aca423) mem 0x80000068 0x80001a0a
core   0: 0x8000bee4 (0x07bca623) sw      s11, 108(s9)
core   0: 3 0x8000bee4 (0x07bca623) mem 0x8000006c 0x570dd2c4
core   0: 0x8000bee8 (0x07cca823) sw      t3, 112(s9)
core   0: 3 0x8000bee8 (0x07cca823) mem 0x80000070 0x0000701a
core   0: 0x8000beec (0x07dcaa23) sw      t4, 116(s9)
core   0: 3 0x8000beec (0x07dcaa23) mem 0x80000074 0x00000000
core   0: 0x8000bef0 (0x07ecac23) sw      t5, 120(s9)
core   0: 3 0x8000bef0 (0x07ecac23) mem 0x80000078 0x80011e64
core   0: 0x8000bef4 (0x07fcae23) sw      t6, 124(s9)
core   0: 3 0x8000bef4 (0x07fcae23) mem 0x8000007c 0x00000000
core   0: 0x8000bef8 (0xfffff817) auipc   a6, 0xfffff
core   0: 3 0x8000bef8 (0xfffff817) x16 0x8000aef8
core   0: 0x8000befc (0x41480813) addi    a6, a6, 1044
core   0: 3 0x8000befc (0x41480813) x16 0x8000b30c
core   0: 0x8000bf00 (0x00080067) jr      a6
core   0: 3 0x8000bf00 (0x00080067)
core   0: 0x8000b30c (0x00002f17) auipc   t5, 0x2
core   0: 3 0x8000b30c (0x00002f17) x30 0x8000d30c
core   0: 0x8000b310 (0xce3f2a23) sw      gp, -780(t5)
core   0: 3 0x8000b310 (0xce3f2a23) mem 0x8000d000 0x00000001
core   0: 0x8000b314 (0xff9ff06f) j       pc - 0x8
core   0: 3 0x8000b314 (0xff9ff06f)
core   0: 0x8000b30c (0x00002f17) auipc   t5, 0x2
core   0: 3 0x8000b30c (0x00002f17) x30 0x8000d30c
core   0: 0x8000b310 (0xce3f2a23) sw      gp, -780(t5)
core   0: 3 0x8000b310 (0xce3f2a23) mem 0x8000d000 0x00000001
core   0: 0x8000b314 (0xff9ff06f) j       pc - 0x8
core   0: 3 0x8000b314 (0xff9ff06f)
core   0: 0x8000b30c (0x00002f17) auipc   t5, 0x2
core   0: 3 0x8000b30c (0x00002f17) x30 0x8000d30c
core   0: 0x8000b310 (0xce3f2a23) sw      gp, -780(t5)
core   0: 3 0x8000b310 (0xce3f2a23) mem 0x8000d000 0x00000001
core   0: 0x8000b314 (0xff9ff06f) j       pc - 0x8
core   0: 3 0x8000b314 (0xff9ff06f)
core   0: 0x8000b30c (0x00002f17) auipc   t5, 0x2
core   0: 3 0x8000b30c (0x00002f17) x30 0x8000d30c
core   0: 0x8000b310 (0xce3f2a23) sw      gp, -780(t5)
core   0: 3 0x8000b310 (0xce3f2a23) mem 0x8000d000 0x00000001
core   0: 0x8000b314 (0xff9ff06f) j       pc - 0x8
core   0: 3 0x8000b314 (0xff9ff06f)
core   0: 0x8000b30c (0x00002f17) auipc   t5, 0x2
core   0: 3 0x8000b30c (0x00002f17) x30 0x8000d30c
core   0: 0x8000b310 (0xce3f2a23) sw      gp, -780(t5)
core   0: 3 0x8000b310 (0xce3f2a23) mem 0x8000d000 0x00000001
core   0: 0x8000b314 (0xff9ff06f) j       pc - 0x8
core   0: 3 0x8000b314 (0xff9ff06f)
core   0: 0x8000b30c (0x00002f17) auipc   t5, 0x2
core   0: 3 0x8000b30c (0x00002f17) x30 0x8000d30c
core   0: 0x8000b310 (0xce3f2a23) sw      gp, -780(t5)
core   0: 3 0x8000b310 (0xce3f2a23) mem 0x8000d000 0x00000001
core   0: 0x8000b314 (0xff9ff06f) j       pc - 0x8
core   0: 3 0x8000b314 (0xff9ff06f)
core   0: 0x8000b30c (0x00002f17) auipc   t5, 0x2
core   0: 3 0x8000b30c (0x00002f17) x30 0x8000d30c
core   0: 0x8000b310 (0xce3f2a23) sw      gp, -780(t5)
core   0: 3 0x8000b310 (0xce3f2a23) mem 0x8000d000 0x00000001
core   0: 0x8000b314 (0xff9ff06f) j       pc - 0x8
core   0: 3 0x8000b314 (0xff9ff06f)
core   0: 0x8000b30c (0x00002f17) auipc   t5, 0x2
core   0: 3 0x8000b30c (0x00002f17) x30 0x8000d30c
core   0: 0x8000b310 (0xce3f2a23) sw      gp, -780(t5)
core   0: 3 0x8000b310 (0xce3f2a23) mem 0x8000d000 0x00000001
core   0: 0x8000b314 (0xff9ff06f) j       pc - 0x8
core   0: 3 0x8000b314 (0xff9ff06f)
core   0: 0x8000b30c (0x00002f17) auipc   t5, 0x2
core   0: 3 0x8000b30c (0x00002f17) x30 0x8000d30c
core   0: 0x8000b310 (0xce3f2a23) sw      gp, -780(t5)
core   0: 3 0x8000b310 (0xce3f2a23) mem 0x8000d000 0x00000001
core   0: 0x8000b314 (0xff9ff06f) j       pc - 0x8
core   0: 3 0x8000b314 (0xff9ff06f)
core   0: 0x8000b30c (0x00002f17) auipc   t5, 0x2
core   0: 3 0x8000b30c (0x00002f17) x30 0x8000d30c
core   0: 0x8000b310 (0xce3f2a23) sw      gp, -780(t5)
core   0: 3 0x8000b310 (0xce3f2a23) mem 0x8000d000 0x00000001
core   0: 0x8000b314 (0xff9ff06f) j       pc - 0x8
core   0: 3 0x8000b314 (0xff9ff06f)
core   0: 0x8000b30c (0x00002f17) auipc   t5, 0x2
core   0: 3 0x8000b30c (0x00002f17) x30 0x8000d30c
core   0: 0x8000b310 (0xce3f2a23) sw      gp, -780(t5)
core   0: 3 0x8000b310 (0xce3f2a23) mem 0x8000d000 0x00000001
core   0: 0x8000b314 (0xff9ff06f) j       pc - 0x8
core   0: 3 0x8000b314 (0xff9ff06f)
core   0: 0x8000b30c (0x00002f17) auipc   t5, 0x2
core   0: 3 0x8000b30c (0x00002f17) x30 0x8000d30c
core   0: 0x8000b310 (0xce3f2a23) sw      gp, -780(t5)
core   0: 3 0x8000b310 (0xce3f2a23) mem 0x8000d000 0x00000001
core   0: 0x8000b314 (0xff9ff06f) j       pc - 0x8
core   0: 3 0x8000b314 (0xff9ff06f)
core   0: 0x8000b30c (0x00002f17) auipc   t5, 0x2
core   0: 3 0x8000b30c (0x00002f17) x30 0x8000d30c
core   0: 0x8000b310 (0xce3f2a23) sw      gp, -780(t5)
core   0: 3 0x8000b310 (0xce3f2a23) mem 0x8000d000 0x00000001
core   0: 0x8000b314 (0xff9ff06f) j       pc - 0x8
core   0: 3 0x8000b314 (0xff9ff06f)
core   0: 0x8000b30c (0x00002f17) auipc   t5, 0x2
core   0: 3 0x8000b30c (0x00002f17) x30 0x8000d30c
core   0: 0x8000b310 (0xce3f2a23) sw      gp, -780(t5)
core   0: 3 0x8000b310 (0xce3f2a23) mem 0x8000d000 0x00000001
core   0: 0x8000b314 (0xff9ff06f) j       pc - 0x8
core   0: 3 0x8000b314 (0xff9ff06f)
core   0: 0x8000b30c (0x00002f17) auipc   t5, 0x2
core   0: 3 0x8000b30c (0x00002f17) x30 0x8000d30c
core   0: 0x8000b310 (0xce3f2a23) sw      gp, -780(t5)
core   0: 3 0x8000b310 (0xce3f2a23) mem 0x8000d000 0x00000001
core   0: 0x8000b314 (0xff9ff06f) j       pc - 0x8
core   0: 3 0x8000b314 (0xff9ff06f)
core   0: 0x8000b30c (0x00002f17) auipc   t5, 0x2
core   0: 3 0x8000b30c (0x00002f17) x30 0x8000d30c
core   0: 0x8000b310 (0xce3f2a23) sw      gp, -780(t5)
core   0: 3 0x8000b310 (0xce3f2a23) mem 0x8000d000 0x00000001
core   0: 0x8000b314 (0xff9ff06f) j       pc - 0x8
core   0: 3 0x8000b314 (0xff9ff06f)
core   0: 0x8000b30c (0x00002f17) auipc   t5, 0x2
core   0: 3 0x8000b30c (0x00002f17) x30 0x8000d30c
core   0: 0x8000b310 (0xce3f2a23) sw      gp, -780(t5)
core   0: 3 0x8000b310 (0xce3f2a23) mem 0x8000d000 0x00000001
core   0: 0x8000b314 (0xff9ff06f) j       pc - 0x8
core   0: 3 0x8000b314 (0xff9ff06f)
core   0: 0x8000b30c (0x00002f17) auipc   t5, 0x2
core   0: 3 0x8000b30c (0x00002f17) x30 0x8000d30c
core   0: 0x8000b310 (0xce3f2a23) sw      gp, -780(t5)
core   0: 3 0x8000b310 (0xce3f2a23) mem 0x8000d000 0x00000001
core   0: 0x8000b314 (0xff9ff06f) j       pc - 0x8
core   0: 3 0x8000b314 (0xff9ff06f)
core   0: 0x8000b30c (0x00002f17) auipc   t5, 0x2
core   0: 3 0x8000b30c (0x00002f17) x30 0x8000d30c
core   0: 0x8000b310 (0xce3f2a23) sw      gp, -780(t5)
core   0: 3 0x8000b310 (0xce3f2a23) mem 0x8000d000 0x00000001
core   0: 0x8000b314 (0xff9ff06f) j       pc - 0x8
core   0: 3 0x8000b314 (0xff9ff06f)
core   0: 0x8000b30c (0x00002f17) auipc   t5, 0x2
core   0: 3 0x8000b30c (0x00002f17) x30 0x8000d30c
core   0: 0x8000b310 (0xce3f2a23) sw      gp, -780(t5)
core   0: 3 0x8000b310 (0xce3f2a23) mem 0x8000d000 0x00000001
core   0: 0x8000b314 (0xff9ff06f) j       pc - 0x8
core   0: 3 0x8000b314 (0xff9ff06f)
core   0: 0x8000b30c (0x00002f17) auipc   t5, 0x2
core   0: 3 0x8000b30c (0x00002f17) x30 0x8000d30c
core   0: 0x8000b310 (0xce3f2a23) sw      gp, -780(t5)
core   0: 3 0x8000b310 (0xce3f2a23) mem 0x8000d000 0x00000001
core   0: 0x8000b314 (0xff9ff06f) j       pc - 0x8
core   0: 3 0x8000b314 (0xff9ff06f)
core   0: 0x8000b30c (0x00002f17) auipc   t5, 0x2
core   0: 3 0x8000b30c (0x00002f17) x30 0x8000d30c
core   0: 0x8000b310 (0xce3f2a23) sw      gp, -780(t5)
core   0: 3 0x8000b310 (0xce3f2a23) mem 0x8000d000 0x00000001
core   0: 0x8000b314 (0xff9ff06f) j       pc - 0x8
core   0: 3 0x8000b314 (0xff9ff06f)
core   0: 0x8000b30c (0x00002f17) auipc   t5, 0x2
core   0: 3 0x8000b30c (0x00002f17) x30 0x8000d30c
core   0: 0x8000b310 (0xce3f2a23) sw      gp, -780(t5)
core   0: 3 0x8000b310 (0xce3f2a23) mem 0x8000d000 0x00000001
core   0: 0x8000b314 (0xff9ff06f) j       pc - 0x8
core   0: 3 0x8000b314 (0xff9ff06f)
core   0: 0x8000b30c (0x00002f17) auipc   t5, 0x2
core   0: 3 0x8000b30c (0x00002f17) x30 0x8000d30c
core   0: 0x8000b310 (0xce3f2a23) sw      gp, -780(t5)
core   0: 3 0x8000b310 (0xce3f2a23) mem 0x8000d000 0x00000001
core   0: 0x8000b314 (0xff9ff06f) j       pc - 0x8
core   0: 3 0x8000b314 (0xff9ff06f)
core   0: 0x8000b30c (0x00002f17) auipc   t5, 0x2
core   0: 3 0x8000b30c (0x00002f17) x30 0x8000d30c
core   0: 0x8000b310 (0xce3f2a23) sw      gp, -780(t5)
core   0: 3 0x8000b310 (0xce3f2a23) mem 0x8000d000 0x00000001
core   0: 0x8000b314 (0xff9ff06f) j       pc - 0x8
core   0: 3 0x8000b314 (0xff9ff06f)
core   0: 0x8000b30c (0x00002f17) auipc   t5, 0x2
core   0: 3 0x8000b30c (0x00002f17) x30 0x8000d30c
core   0: 0x8000b310 (0xce3f2a23) sw      gp, -780(t5)
core   0: 3 0x8000b310 (0xce3f2a23) mem 0x8000d000 0x00000001
core   0: 0x8000b314 (0xff9ff06f) j       pc - 0x8
core   0: 3 0x8000b314 (0xff9ff06f)
core   0: 0x8000b30c (0x00002f17) auipc   t5, 0x2
core   0: 3 0x8000b30c (0x00002f17) x30 0x8000d30c
core   0: 0x8000b310 (0xce3f2a23) sw      gp, -780(t5)
core   0: 3 0x8000b310 (0xce3f2a23) mem 0x8000d000 0x00000001
core   0: 0x8000b314 (0xff9ff06f) j       pc - 0x8
core   0: 3 0x8000b314 (0xff9ff06f)
core   0: 0x8000b30c (0x00002f17) auipc   t5, 0x2
core   0: 3 0x8000b30c (0x00002f17) x30 0x8000d30c
core   0: 0x8000b310 (0xce3f2a23) sw      gp, -780(t5)
core   0: 3 0x8000b310 (0xce3f2a23) mem 0x8000d000 0x00000001
core   0: 0x8000b314 (0xff9ff06f) j       pc - 0x8
core   0: 3 0x8000b314 (0xff9ff06f)
core   0: 0x8000b30c (0x00002f17) auipc   t5, 0x2
core   0: 3 0x8000b30c (0x00002f17) x30 0x8000d30c
core   0: 0x8000b310 (0xce3f2a23) sw      gp, -780(t5)
core   0: 3 0x8000b310 (0xce3f2a23) mem 0x8000d000 0x00000001
core   0: 0x8000b314 (0xff9ff06f) j       pc - 0x8
core   0: 3 0x8000b314 (0xff9ff06f)
core   0: 0x8000b30c (0x00002f17) auipc   t5, 0x2
core   0: 3 0x8000b30c (0x00002f17) x30 0x8000d30c
core   0: 0x8000b310 (0xce3f2a23) sw      gp, -780(t5)
core   0: 3 0x8000b310 (0xce3f2a23) mem 0x8000d000 0x00000001
core   0: 0x8000b314 (0xff9ff06f) j       pc - 0x8
core   0: 3 0x8000b314 (0xff9ff06f)
core   0: 0x8000b30c (0x00002f17) auipc   t5, 0x2
core   0: 3 0x8000b30c (0x00002f17) x30 0x8000d30c
core   0: 0x8000b310 (0xce3f2a23) sw      gp, -780(t5)
core   0: 3 0x8000b310 (0xce3f2a23) mem 0x8000d000 0x00000001
core   0: 0x8000b314 (0xff9ff06f) j       pc - 0x8
core   0: 3 0x8000b314 (0xff9ff06f)
core   0: 0x8000b30c (0x00002f17) auipc   t5, 0x2
core   0: 3 0x8000b30c (0x00002f17) x30 0x8000d30c
core   0: 0x8000b310 (0xce3f2a23) sw      gp, -780(t5)
core   0: 3 0x8000b310 (0xce3f2a23) mem 0x8000d000 0x00000001
core   0: 0x8000b314 (0xff9ff06f) j       pc - 0x8
core   0: 3 0x8000b314 (0xff9ff06f)
core   0: 0x8000b30c (0x00002f17) auipc   t5, 0x2
core   0: 3 0x8000b30c (0x00002f17) x30 0x8000d30c
core   0: 0x8000b310 (0xce3f2a23) sw      gp, -780(t5)
core   0: 3 0x8000b310 (0xce3f2a23) mem 0x8000d000 0x00000001
core   0: 0x8000b314 (0xff9ff06f) j       pc - 0x8
core   0: 3 0x8000b314 (0xff9ff06f)
core   0: 0x8000b30c (0x00002f17) auipc   t5, 0x2
core   0: 3 0x8000b30c (0x00002f17) x30 0x8000d30c
core   0: 0x8000b310 (0xce3f2a23) sw      gp, -780(t5)
core   0: 3 0x8000b310 (0xce3f2a23) mem 0x8000d000 0x00000001
core   0: 0x8000b314 (0xff9ff06f) j       pc - 0x8
core   0: 3 0x8000b314 (0xff9ff06f)
core   0: 0x8000b30c (0x00002f17) auipc   t5, 0x2
core   0: 3 0x8000b30c (0x00002f17) x30 0x8000d30c
core   0: 0x8000b310 (0xce3f2a23) sw      gp, -780(t5)
core   0: 3 0x8000b310 (0xce3f2a23) mem 0x8000d000 0x00000001
core   0: 0x8000b314 (0xff9ff06f) j       pc - 0x8
core   0: 3 0x8000b314 (0xff9ff06f)
core   0: 0x8000b30c (0x00002f17) auipc   t5, 0x2
core   0: 3 0x8000b30c (0x00002f17) x30 0x8000d30c
core   0: 0x8000b310 (0xce3f2a23) sw      gp, -780(t5)
core   0: 3 0x8000b310 (0xce3f2a23) mem 0x8000d000 0x00000001
core   0: 0x8000b314 (0xff9ff06f) j       pc - 0x8
core   0: 3 0x8000b314 (0xff9ff06f)
core   0: 0x8000b30c (0x00002f17) auipc   t5, 0x2
core   0: 3 0x8000b30c (0x00002f17) x30 0x8000d30c
core   0: 0x8000b310 (0xce3f2a23) sw      gp, -780(t5)
core   0: 3 0x8000b310 (0xce3f2a23) mem 0x8000d000 0x00000001
core   0: 0x8000b314 (0xff9ff06f) j       pc - 0x8
core   0: 3 0x8000b314 (0xff9ff06f)
core   0: 0x8000b30c (0x00002f17) auipc   t5, 0x2
core   0: 3 0x8000b30c (0x00002f17) x30 0x8000d30c
core   0: 0x8000b310 (0xce3f2a23) sw      gp, -780(t5)
core   0: 3 0x8000b310 (0xce3f2a23) mem 0x8000d000 0x00000001
core   0: 0x8000b314 (0xff9ff06f) j       pc - 0x8
core   0: 3 0x8000b314 (0xff9ff06f)
core   0: 0x8000b30c (0x00002f17) auipc   t5, 0x2
core   0: 3 0x8000b30c (0x00002f17) x30 0x8000d30c
core   0: 0x8000b310 (0xce3f2a23) sw      gp, -780(t5)
core   0: 3 0x8000b310 (0xce3f2a23) mem 0x8000d000 0x00000001
core   0: 0x8000b314 (0xff9ff06f) j       pc - 0x8
core   0: 3 0x8000b314 (0xff9ff06f)
core   0: 0x8000b30c (0x00002f17) auipc   t5, 0x2
core   0: 3 0x8000b30c (0x00002f17) x30 0x8000d30c
core   0: 0x8000b310 (0xce3f2a23) sw      gp, -780(t5)
core   0: 3 0x8000b310 (0xce3f2a23) mem 0x8000d000 0x00000001
core   0: 0x8000b314 (0xff9ff06f) j       pc - 0x8
core   0: 3 0x8000b314 (0xff9ff06f)
core   0: 0x8000b30c (0x00002f17) auipc   t5, 0x2
core   0: 3 0x8000b30c (0x00002f17) x30 0x8000d30c
core   0: 0x8000b310 (0xce3f2a23) sw      gp, -780(t5)
core   0: 3 0x8000b310 (0xce3f2a23) mem 0x8000d000 0x00000001
core   0: 0x8000b314 (0xff9ff06f) j       pc - 0x8
core   0: 3 0x8000b314 (0xff9ff06f)
core   0: 0x8000b30c (0x00002f17) auipc   t5, 0x2
core   0: 3 0x8000b30c (0x00002f17) x30 0x8000d30c
core   0: 0x8000b310 (0xce3f2a23) sw      gp, -780(t5)
core   0: 3 0x8000b310 (0xce3f2a23) mem 0x8000d000 0x00000001
core   0: 0x8000b314 (0xff9ff06f) j       pc - 0x8
core   0: 3 0x8000b314 (0xff9ff06f)
core   0: 0x8000b30c (0x00002f17) auipc   t5, 0x2
core   0: 3 0x8000b30c (0x00002f17) x30 0x8000d30c
core   0: 0x8000b310 (0xce3f2a23) sw      gp, -780(t5)
core   0: 3 0x8000b310 (0xce3f2a23) mem 0x8000d000 0x00000001
core   0: 0x8000b314 (0xff9ff06f) j       pc - 0x8
core   0: 3 0x8000b314 (0xff9ff06f)
core   0: 0x8000b30c (0x00002f17) auipc   t5, 0x2
core   0: 3 0x8000b30c (0x00002f17) x30 0x8000d30c
core   0: 0x8000b310 (0xce3f2a23) sw      gp, -780(t5)
core   0: 3 0x8000b310 (0xce3f2a23) mem 0x8000d000 0x00000001
core   0: 0x8000b314 (0xff9ff06f) j       pc - 0x8
core   0: 3 0x8000b314 (0xff9ff06f)
core   0: 0x8000b30c (0x00002f17) auipc   t5, 0x2
core   0: 3 0x8000b30c (0x00002f17) x30 0x8000d30c
core   0: 0x8000b310 (0xce3f2a23) sw      gp, -780(t5)
core   0: 3 0x8000b310 (0xce3f2a23) mem 0x8000d000 0x00000001
core   0: 0x8000b314 (0xff9ff06f) j       pc - 0x8
core   0: 3 0x8000b314 (0xff9ff06f)
core   0: 0x8000b30c (0x00002f17) auipc   t5, 0x2
core   0: 3 0x8000b30c (0x00002f17) x30 0x8000d30c
core   0: 0x8000b310 (0xce3f2a23) sw      gp, -780(t5)
core   0: 3 0x8000b310 (0xce3f2a23) mem 0x8000d000 0x00000001
core   0: 0x8000b314 (0xff9ff06f) j       pc - 0x8
core   0: 3 0x8000b314 (0xff9ff06f)
core   0: 0x8000b30c (0x00002f17) auipc   t5, 0x2
core   0: 3 0x8000b30c (0x00002f17) x30 0x8000d30c
core   0: 0x8000b310 (0xce3f2a23) sw      gp, -780(t5)
core   0: 3 0x8000b310 (0xce3f2a23) mem 0x8000d000 0x00000001
core   0: 0x8000b314 (0xff9ff06f) j       pc - 0x8
core   0: 3 0x8000b314 (0xff9ff06f)
core   0: 0x8000b30c (0x00002f17) auipc   t5, 0x2
core   0: 3 0x8000b30c (0x00002f17) x30 0x8000d30c
core   0: 0x8000b310 (0xce3f2a23) sw      gp, -780(t5)
core   0: 3 0x8000b310 (0xce3f2a23) mem 0x8000d000 0x00000001
core   0: 0x8000b314 (0xff9ff06f) j       pc - 0x8
core   0: 3 0x8000b314 (0xff9ff06f)
core   0: 0x8000b30c (0x00002f17) auipc   t5, 0x2
core   0: 3 0x8000b30c (0x00002f17) x30 0x8000d30c
core   0: 0x8000b310 (0xce3f2a23) sw      gp, -780(t5)
core   0: 3 0x8000b310 (0xce3f2a23) mem 0x8000d000 0x00000001
core   0: 0x8000b314 (0xff9ff06f) j       pc - 0x8
core   0: 3 0x8000b314 (0xff9ff06f)
core   0: 0x8000b30c (0x00002f17) auipc   t5, 0x2
core   0: 3 0x8000b30c (0x00002f17) x30 0x8000d30c
core   0: 0x8000b310 (0xce3f2a23) sw      gp, -780(t5)
core   0: 3 0x8000b310 (0xce3f2a23) mem 0x8000d000 0x00000001
core   0: 0x8000b314 (0xff9ff06f) j       pc - 0x8
core   0: 3 0x8000b314 (0xff9ff06f)
core   0: 0x8000b30c (0x00002f17) auipc   t5, 0x2
core   0: 3 0x8000b30c (0x00002f17) x30 0x8000d30c
core   0: 0x8000b310 (0xce3f2a23) sw      gp, -780(t5)
core   0: 3 0x8000b310 (0xce3f2a23) mem 0x8000d000 0x00000001
core   0: 0x8000b314 (0xff9ff06f) j       pc - 0x8
core   0: 3 0x8000b314 (0xff9ff06f)
core   0: 0x8000b30c (0x00002f17) auipc   t5, 0x2
core   0: 3 0x8000b30c (0x00002f17) x30 0x8000d30c
core   0: 0x8000b310 (0xce3f2a23) sw      gp, -780(t5)
core   0: 3 0x8000b310 (0xce3f2a23) mem 0x8000d000 0x00000001
core   0: 0x8000b314 (0xff9ff06f) j       pc - 0x8
core   0: 3 0x8000b314 (0xff9ff06f)
core   0: 0x8000b30c (0x00002f17) auipc   t5, 0x2
core   0: 3 0x8000b30c (0x00002f17) x30 0x8000d30c
core   0: 0x8000b310 (0xce3f2a23) sw      gp, -780(t5)
core   0: 3 0x8000b310 (0xce3f2a23) mem 0x8000d000 0x00000001
core   0: 0x8000b314 (0xff9ff06f) j       pc - 0x8
core   0: 3 0x8000b314 (0xff9ff06f)
core   0: 0x8000b30c (0x00002f17) auipc   t5, 0x2
core   0: 3 0x8000b30c (0x00002f17) x30 0x8000d30c
core   0: 0x8000b310 (0xce3f2a23) sw      gp, -780(t5)
core   0: 3 0x8000b310 (0xce3f2a23) mem 0x8000d000 0x00000001
core   0: 0x8000b314 (0xff9ff06f) j       pc - 0x8
core   0: 3 0x8000b314 (0xff9ff06f)
core   0: 0x8000b30c (0x00002f17) auipc   t5, 0x2
core   0: 3 0x8000b30c (0x00002f17) x30 0x8000d30c
core   0: 0x8000b310 (0xce3f2a23) sw      gp, -780(t5)
core   0: 3 0x8000b310 (0xce3f2a23) mem 0x8000d000 0x00000001
core   0: 0x8000b314 (0xff9ff06f) j       pc - 0x8
core   0: 3 0x8000b314 (0xff9ff06f)
core   0: 0x8000b30c (0x00002f17) auipc   t5, 0x2
core   0: 3 0x8000b30c (0x00002f17) x30 0x8000d30c
core   0: 0x8000b310 (0xce3f2a23) sw      gp, -780(t5)
core   0: 3 0x8000b310 (0xce3f2a23) mem 0x8000d000 0x00000001
core   0: 0x8000b314 (0xff9ff06f) j       pc - 0x8
core   0: 3 0x8000b314 (0xff9ff06f)
core   0: 0x8000b30c (0x00002f17) auipc   t5, 0x2
core   0: 3 0x8000b30c (0x00002f17) x30 0x8000d30c
core   0: 0x8000b310 (0xce3f2a23) sw      gp, -780(t5)
core   0: 3 0x8000b310 (0xce3f2a23) mem 0x8000d000 0x00000001
core   0: 0x8000b314 (0xff9ff06f) j       pc - 0x8
core   0: 3 0x8000b314 (0xff9ff06f)
core   0: 0x8000b30c (0x00002f17) auipc   t5, 0x2
core   0: 3 0x8000b30c (0x00002f17) x30 0x8000d30c
core   0: 0x8000b310 (0xce3f2a23) sw      gp, -780(t5)
core   0: 3 0x8000b310 (0xce3f2a23) mem 0x8000d000 0x00000001
core   0: 0x8000b314 (0xff9ff06f) j       pc - 0x8
core   0: 3 0x8000b314 (0xff9ff06f)
core   0: 0x8000b30c (0x00002f17) auipc   t5, 0x2
core   0: 3 0x8000b30c (0x00002f17) x30 0x8000d30c
core   0: 0x8000b310 (0xce3f2a23) sw      gp, -780(t5)
core   0: 3 0x8000b310 (0xce3f2a23) mem 0x8000d000 0x00000001
core   0: 0x8000b314 (0xff9ff06f) j       pc - 0x8
core   0: 3 0x8000b314 (0xff9ff06f)
core   0: 0x8000b30c (0x00002f17) auipc   t5, 0x2
core   0: 3 0x8000b30c (0x00002f17) x30 0x8000d30c
core   0: 0x8000b310 (0xce3f2a23) sw      gp, -780(t5)
core   0: 3 0x8000b310 (0xce3f2a23) mem 0x8000d000 0x00000001
core   0: 0x8000b314 (0xff9ff06f) j       pc - 0x8
core   0: 3 0x8000b314 (0xff9ff06f)
core   0: 0x8000b30c (0x00002f17) auipc   t5, 0x2
core   0: 3 0x8000b30c (0x00002f17) x30 0x8000d30c
core   0: 0x8000b310 (0xce3f2a23) sw      gp, -780(t5)
core   0: 3 0x8000b310 (0xce3f2a23) mem 0x8000d000 0x00000001
core   0: 0x8000b314 (0xff9ff06f) j       pc - 0x8
core   0: 3 0x8000b314 (0xff9ff06f)
core   0: 0x8000b30c (0x00002f17) auipc   t5, 0x2
core   0: 3 0x8000b30c (0x00002f17) x30 0x8000d30c
core   0: 0x8000b310 (0xce3f2a23) sw      gp, -780(t5)
core   0: 3 0x8000b310 (0xce3f2a23) mem 0x8000d000 0x00000001
core   0: 0x8000b314 (0xff9ff06f) j       pc - 0x8
core   0: 3 0x8000b314 (0xff9ff06f)
core   0: 0x8000b30c (0x00002f17) auipc   t5, 0x2
core   0: 3 0x8000b30c (0x00002f17) x30 0x8000d30c
core   0: 0x8000b310 (0xce3f2a23) sw      gp, -780(t5)
core   0: 3 0x8000b310 (0xce3f2a23) mem 0x8000d000 0x00000001
core   0: 0x8000b314 (0xff9ff06f) j       pc - 0x8
core   0: 3 0x8000b314 (0xff9ff06f)
core   0: 0x8000b30c (0x00002f17) auipc   t5, 0x2
core   0: 3 0x8000b30c (0x00002f17) x30 0x8000d30c
core   0: 0x8000b310 (0xce3f2a23) sw      gp, -780(t5)
core   0: 3 0x8000b310 (0xce3f2a23) mem 0x8000d000 0x00000001
core   0: 0x8000b314 (0xff9ff06f) j       pc - 0x8
core   0: 3 0x8000b314 (0xff9ff06f)
core   0: 0x8000b30c (0x00002f17) auipc   t5, 0x2
core   0: 3 0x8000b30c (0x00002f17) x30 0x8000d30c
core   0: 0x8000b310 (0xce3f2a23) sw      gp, -780(t5)
core   0: 3 0x8000b310 (0xce3f2a23) mem 0x8000d000 0x00000001
core   0: 0x8000b314 (0xff9ff06f) j       pc - 0x8
core   0: 3 0x8000b314 (0xff9ff06f)
core   0: 0x8000b30c (0x00002f17) auipc   t5, 0x2
core   0: 3 0x8000b30c (0x00002f17) x30 0x8000d30c
core   0: 0x8000b310 (0xce3f2a23) sw      gp, -780(t5)
core   0: 3 0x8000b310 (0xce3f2a23) mem 0x8000d000 0x00000001
core   0: 0x8000b314 (0xff9ff06f) j       pc - 0x8
core   0: 3 0x8000b314 (0xff9ff06f)
core   0: 0x8000b30c (0x00002f17) auipc   t5, 0x2
core   0: 3 0x8000b30c (0x00002f17) x30 0x8000d30c
core   0: 0x8000b310 (0xce3f2a23) sw      gp, -780(t5)
core   0: 3 0x8000b310 (0xce3f2a23) mem 0x8000d000 0x00000001
core   0: 0x8000b314 (0xff9ff06f) j       pc - 0x8
core   0: 3 0x8000b314 (0xff9ff06f)
core   0: 0x8000b30c (0x00002f17) auipc   t5, 0x2
core   0: 3 0x8000b30c (0x00002f17) x30 0x8000d30c
core   0: 0x8000b310 (0xce3f2a23) sw      gp, -780(t5)
core   0: 3 0x8000b310 (0xce3f2a23) mem 0x8000d000 0x00000001
core   0: 0x8000b314 (0xff9ff06f) j       pc - 0x8
core   0: 3 0x8000b314 (0xff9ff06f)
core   0: 0x8000b30c (0x00002f17) auipc   t5, 0x2
core   0: 3 0x8000b30c (0x00002f17) x30 0x8000d30c
core   0: 0x8000b310 (0xce3f2a23) sw      gp, -780(t5)
core   0: 3 0x8000b310 (0xce3f2a23) mem 0x8000d000 0x00000001
core   0: 0x8000b314 (0xff9ff06f) j       pc - 0x8
core   0: 3 0x8000b314 (0xff9ff06f)
core   0: 0x8000b30c (0x00002f17) auipc   t5, 0x2
core   0: 3 0x8000b30c (0x00002f17) x30 0x8000d30c
core   0: 0x8000b310 (0xce3f2a23) sw      gp, -780(t5)
core   0: 3 0x8000b310 (0xce3f2a23) mem 0x8000d000 0x00000001
core   0: 0x8000b314 (0xff9ff06f) j       pc - 0x8
core   0: 3 0x8000b314 (0xff9ff06f)
core   0: 0x8000b30c (0x00002f17) auipc   t5, 0x2
core   0: 3 0x8000b30c (0x00002f17) x30 0x8000d30c
core   0: 0x8000b310 (0xce3f2a23) sw      gp, -780(t5)
core   0: 3 0x8000b310 (0xce3f2a23) mem 0x8000d000 0x00000001
core   0: 0x8000b314 (0xff9ff06f) j       pc - 0x8
core   0: 3 0x8000b314 (0xff9ff06f)
core   0: 0x8000b30c (0x00002f17) auipc   t5, 0x2
core   0: 3 0x8000b30c (0x00002f17) x30 0x8000d30c
core   0: 0x8000b310 (0xce3f2a23) sw      gp, -780(t5)
core   0: 3 0x8000b310 (0xce3f2a23) mem 0x8000d000 0x00000001
core   0: 0x8000b314 (0xff9ff06f) j       pc - 0x8
core   0: 3 0x8000b314 (0xff9ff06f)
core   0: 0x8000b30c (0x00002f17) auipc   t5, 0x2
core   0: 3 0x8000b30c (0x00002f17) x30 0x8000d30c
core   0: 0x8000b310 (0xce3f2a23) sw      gp, -780(t5)
core   0: 3 0x8000b310 (0xce3f2a23) mem 0x8000d000 0x00000001
core   0: 0x8000b314 (0xff9ff06f) j       pc - 0x8
core   0: 3 0x8000b314 (0xff9ff06f)
core   0: 0x8000b30c (0x00002f17) auipc   t5, 0x2
core   0: 3 0x8000b30c (0x00002f17) x30 0x8000d30c
core   0: 0x8000b310 (0xce3f2a23) sw      gp, -780(t5)
core   0: 3 0x8000b310 (0xce3f2a23) mem 0x8000d000 0x00000001
core   0: 0x8000b314 (0xff9ff06f) j       pc - 0x8
core   0: 3 0x8000b314 (0xff9ff06f)
core   0: 0x8000b30c (0x00002f17) auipc   t5, 0x2
core   0: 3 0x8000b30c (0x00002f17) x30 0x8000d30c
core   0: 0x8000b310 (0xce3f2a23) sw      gp, -780(t5)
core   0: 3 0x8000b310 (0xce3f2a23) mem 0x8000d000 0x00000001
core   0: 0x8000b314 (0xff9ff06f) j       pc - 0x8
core   0: 3 0x8000b314 (0xff9ff06f)
core   0: 0x8000b30c (0x00002f17) auipc   t5, 0x2
core   0: 3 0x8000b30c (0x00002f17) x30 0x8000d30c
core   0: 0x8000b310 (0xce3f2a23) sw      gp, -780(t5)
core   0: 3 0x8000b310 (0xce3f2a23) mem 0x8000d000 0x00000001
core   0: 0x8000b314 (0xff9ff06f) j       pc - 0x8
core   0: 3 0x8000b314 (0xff9ff06f)
core   0: 0x8000b30c (0x00002f17) auipc   t5, 0x2
core   0: 3 0x8000b30c (0x00002f17) x30 0x8000d30c
core   0: 0x8000b310 (0xce3f2a23) sw      gp, -780(t5)
core   0: 3 0x8000b310 (0xce3f2a23) mem 0x8000d000 0x00000001
core   0: 0x8000b314 (0xff9ff06f) j       pc - 0x8
core   0: 3 0x8000b314 (0xff9ff06f)
core   0: 0x8000b30c (0x00002f17) auipc   t5, 0x2
core   0: 3 0x8000b30c (0x00002f17) x30 0x8000d30c
core   0: 0x8000b310 (0xce3f2a23) sw      gp, -780(t5)
core   0: 3 0x8000b310 (0xce3f2a23) mem 0x8000d000 0x00000001
core   0: 0x8000b314 (0xff9ff06f) j       pc - 0x8
core   0: 3 0x8000b314 (0xff9ff06f)
core   0: 0x8000b30c (0x00002f17) auipc   t5, 0x2
core   0: 3 0x8000b30c (0x00002f17) x30 0x8000d30c
core   0: 0x8000b310 (0xce3f2a23) sw      gp, -780(t5)
core   0: 3 0x8000b310 (0xce3f2a23) mem 0x8000d000 0x00000001
core   0: 0x8000b314 (0xff9ff06f) j       pc - 0x8
core   0: 3 0x8000b314 (0xff9ff06f)
core   0: 0x8000b30c (0x00002f17) auipc   t5, 0x2
core   0: 3 0x8000b30c (0x00002f17) x30 0x8000d30c
core   0: 0x8000b310 (0xce3f2a23) sw      gp, -780(t5)
core   0: 3 0x8000b310 (0xce3f2a23) mem 0x8000d000 0x00000001
core   0: 0x8000b314 (0xff9ff06f) j       pc - 0x8
core   0: 3 0x8000b314 (0xff9ff06f)
core   0: 0x8000b30c (0x00002f17) auipc   t5, 0x2
core   0: 3 0x8000b30c (0x00002f17) x30 0x8000d30c
core   0: 0x8000b310 (0xce3f2a23) sw      gp, -780(t5)
core   0: 3 0x8000b310 (0xce3f2a23) mem 0x8000d000 0x00000001
core   0: 0x8000b314 (0xff9ff06f) j       pc - 0x8
core   0: 3 0x8000b314 (0xff9ff06f)
core   0: 0x8000b30c (0x00002f17) auipc   t5, 0x2
core   0: 3 0x8000b30c (0x00002f17) x30 0x8000d30c
core   0: 0x8000b310 (0xce3f2a23) sw      gp, -780(t5)
core   0: 3 0x8000b310 (0xce3f2a23) mem 0x8000d000 0x00000001
core   0: 0x8000b314 (0xff9ff06f) j       pc - 0x8
core   0: 3 0x8000b314 (0xff9ff06f)
core   0: 0x8000b30c (0x00002f17) auipc   t5, 0x2
core   0: 3 0x8000b30c (0x00002f17) x30 0x8000d30c
core   0: 0x8000b310 (0xce3f2a23) sw      gp, -780(t5)
core   0: 3 0x8000b310 (0xce3f2a23) mem 0x8000d000 0x00000001
core   0: 0x8000b314 (0xff9ff06f) j       pc - 0x8
core   0: 3 0x8000b314 (0xff9ff06f)
core   0: 0x8000b30c (0x00002f17) auipc   t5, 0x2
core   0: 3 0x8000b30c (0x00002f17) x30 0x8000d30c
core   0: 0x8000b310 (0xce3f2a23) sw      gp, -780(t5)
core   0: 3 0x8000b310 (0xce3f2a23) mem 0x8000d000 0x00000001
core   0: 0x8000b314 (0xff9ff06f) j       pc - 0x8
core   0: 3 0x8000b314 (0xff9ff06f)
core   0: 0x8000b30c (0x00002f17) auipc   t5, 0x2
core   0: 3 0x8000b30c (0x00002f17) x30 0x8000d30c
core   0: 0x8000b310 (0xce3f2a23) sw      gp, -780(t5)
core   0: 3 0x8000b310 (0xce3f2a23) mem 0x8000d000 0x00000001
core   0: 0x8000b314 (0xff9ff06f) j       pc - 0x8
core   0: 3 0x8000b314 (0xff9ff06f)
core   0: 0x8000b30c (0x00002f17) auipc   t5, 0x2
core   0: 3 0x8000b30c (0x00002f17) x30 0x8000d30c
core   0: 0x8000b310 (0xce3f2a23) sw      gp, -780(t5)
core   0: 3 0x8000b310 (0xce3f2a23) mem 0x8000d000 0x00000001
core   0: 0x8000b314 (0xff9ff06f) j       pc - 0x8
core   0: 3 0x8000b314 (0xff9ff06f)
core   0: 0x8000b30c (0x00002f17) auipc   t5, 0x2
core   0: 3 0x8000b30c (0x00002f17) x30 0x8000d30c
core   0: 0x8000b310 (0xce3f2a23) sw      gp, -780(t5)
core   0: 3 0x8000b310 (0xce3f2a23) mem 0x8000d000 0x00000001
core   0: 0x8000b314 (0xff9ff06f) j       pc - 0x8
core   0: 3 0x8000b314 (0xff9ff06f)
core   0: 0x8000b30c (0x00002f17) auipc   t5, 0x2
core   0: 3 0x8000b30c (0x00002f17) x30 0x8000d30c
core   0: 0x8000b310 (0xce3f2a23) sw      gp, -780(t5)
core   0: 3 0x8000b310 (0xce3f2a23) mem 0x8000d000 0x00000001
core   0: 0x8000b314 (0xff9ff06f) j       pc - 0x8
core   0: 3 0x8000b314 (0xff9ff06f)
core   0: 0x8000b30c (0x00002f17) auipc   t5, 0x2
core   0: 3 0x8000b30c (0x00002f17) x30 0x8000d30c
core   0: 0x8000b310 (0xce3f2a23) sw      gp, -780(t5)
core   0: 3 0x8000b310 (0xce3f2a23) mem 0x8000d000 0x00000001
core   0: 0x8000b314 (0xff9ff06f) j       pc - 0x8
core   0: 3 0x8000b314 (0xff9ff06f)
core   0: 0x8000b30c (0x00002f17) auipc   t5, 0x2
core   0: 3 0x8000b30c (0x00002f17) x30 0x8000d30c
core   0: 0x8000b310 (0xce3f2a23) sw      gp, -780(t5)
core   0: 3 0x8000b310 (0xce3f2a23) mem 0x8000d000 0x00000001
core   0: 0x8000b314 (0xff9ff06f) j       pc - 0x8
core   0: 3 0x8000b314 (0xff9ff06f)
core   0: 0x8000b30c (0x00002f17) auipc   t5, 0x2
core   0: 3 0x8000b30c (0x00002f17) x30 0x8000d30c
core   0: 0x8000b310 (0xce3f2a23) sw      gp, -780(t5)
core   0: 3 0x8000b310 (0xce3f2a23) mem 0x8000d000 0x00000001
core   0: 0x8000b314 (0xff9ff06f) j       pc - 0x8
core   0: 3 0x8000b314 (0xff9ff06f)
core   0: 0x8000b30c (0x00002f17) auipc   t5, 0x2
core   0: 3 0x8000b30c (0x00002f17) x30 0x8000d30c
core   0: 0x8000b310 (0xce3f2a23) sw      gp, -780(t5)
core   0: 3 0x8000b310 (0xce3f2a23) mem 0x8000d000 0x00000001
core   0: 0x8000b314 (0xff9ff06f) j       pc - 0x8
core   0: 3 0x8000b314 (0xff9ff06f)
core   0: 0x8000b30c (0x00002f17) auipc   t5, 0x2
core   0: 3 0x8000b30c (0x00002f17) x30 0x8000d30c
core   0: 0x8000b310 (0xce3f2a23) sw      gp, -780(t5)
core   0: 3 0x8000b310 (0xce3f2a23) mem 0x8000d000 0x00000001
core   0: 0x8000b314 (0xff9ff06f) j       pc - 0x8
core   0: 3 0x8000b314 (0xff9ff06f)
core   0: 0x8000b30c (0x00002f17) auipc   t5, 0x2
core   0: 3 0x8000b30c (0x00002f17) x30 0x8000d30c
core   0: 0x8000b310 (0xce3f2a23) sw      gp, -780(t5)
core   0: 3 0x8000b310 (0xce3f2a23) mem 0x8000d000 0x00000001
core   0: 0x8000b314 (0xff9ff06f) j       pc - 0x8
core   0: 3 0x8000b314 (0xff9ff06f)
core   0: 0x8000b30c (0x00002f17) auipc   t5, 0x2
core   0: 3 0x8000b30c (0x00002f17) x30 0x8000d30c
core   0: 0x8000b310 (0xce3f2a23) sw      gp, -780(t5)
core   0: 3 0x8000b310 (0xce3f2a23) mem 0x8000d000 0x00000001
core   0: 0x8000b314 (0xff9ff06f) j       pc - 0x8
core   0: 3 0x8000b314 (0xff9ff06f)
core   0: 0x8000b30c (0x00002f17) auipc   t5, 0x2
core   0: 3 0x8000b30c (0x00002f17) x30 0x8000d30c
core   0: 0x8000b310 (0xce3f2a23) sw      gp, -780(t5)
core   0: 3 0x8000b310 (0xce3f2a23) mem 0x8000d000 0x00000001
core   0: 0x8000b314 (0xff9ff06f) j       pc - 0x8
core   0: 3 0x8000b314 (0xff9ff06f)
core   0: 0x8000b30c (0x00002f17) auipc   t5, 0x2
core   0: 3 0x8000b30c (0x00002f17) x30 0x8000d30c
core   0: 0x8000b310 (0xce3f2a23) sw      gp, -780(t5)
core   0: 3 0x8000b310 (0xce3f2a23) mem 0x8000d000 0x00000001
core   0: 0x8000b314 (0xff9ff06f) j       pc - 0x8
core   0: 3 0x8000b314 (0xff9ff06f)
core   0: 0x8000b30c (0x00002f17) auipc   t5, 0x2
core   0: 3 0x8000b30c (0x00002f17) x30 0x8000d30c
core   0: 0x8000b310 (0xce3f2a23) sw      gp, -780(t5)
core   0: 3 0x8000b310 (0xce3f2a23) mem 0x8000d000 0x00000001
core   0: 0x8000b314 (0xff9ff06f) j       pc - 0x8
core   0: 3 0x8000b314 (0xff9ff06f)
core   0: 0x8000b30c (0x00002f17) auipc   t5, 0x2
core   0: 3 0x8000b30c (0x00002f17) x30 0x8000d30c
core   0: 0x8000b310 (0xce3f2a23) sw      gp, -780(t5)
core   0: 3 0x8000b310 (0xce3f2a23) mem 0x8000d000 0x00000001
core   0: 0x8000b314 (0xff9ff06f) j       pc - 0x8
core   0: 3 0x8000b314 (0xff9ff06f)
core   0: 0x8000b30c (0x00002f17) auipc   t5, 0x2
core   0: 3 0x8000b30c (0x00002f17) x30 0x8000d30c
core   0: 0x8000b310 (0xce3f2a23) sw      gp, -780(t5)
core   0: 3 0x8000b310 (0xce3f2a23) mem 0x8000d000 0x00000001
core   0: 0x8000b314 (0xff9ff06f) j       pc - 0x8
core   0: 3 0x8000b314 (0xff9ff06f)
core   0: 0x8000b30c (0x00002f17) auipc   t5, 0x2
core   0: 3 0x8000b30c (0x00002f17) x30 0x8000d30c
core   0: 0x8000b310 (0xce3f2a23) sw      gp, -780(t5)
core   0: 3 0x8000b310 (0xce3f2a23) mem 0x8000d000 0x00000001
core   0: 0x8000b314 (0xff9ff06f) j       pc - 0x8
core   0: 3 0x8000b314 (0xff9ff06f)
core   0: 0x8000b30c (0x00002f17) auipc   t5, 0x2
core   0: 3 0x8000b30c (0x00002f17) x30 0x8000d30c
core   0: 0x8000b310 (0xce3f2a23) sw      gp, -780(t5)
core   0: 3 0x8000b310 (0xce3f2a23) mem 0x8000d000 0x00000001
core   0: 0x8000b314 (0xff9ff06f) j       pc - 0x8
core   0: 3 0x8000b314 (0xff9ff06f)
core   0: 0x8000b30c (0x00002f17) auipc   t5, 0x2
core   0: 3 0x8000b30c (0x00002f17) x30 0x8000d30c
core   0: 0x8000b310 (0xce3f2a23) sw      gp, -780(t5)
core   0: 3 0x8000b310 (0xce3f2a23) mem 0x8000d000 0x00000001
core   0: 0x8000b314 (0xff9ff06f) j       pc - 0x8
core   0: 3 0x8000b314 (0xff9ff06f)
core   0: 0x8000b30c (0x00002f17) auipc   t5, 0x2
core   0: 3 0x8000b30c (0x00002f17) x30 0x8000d30c
core   0: 0x8000b310 (0xce3f2a23) sw      gp, -780(t5)
core   0: 3 0x8000b310 (0xce3f2a23) mem 0x8000d000 0x00000001
core   0: 0x8000b314 (0xff9ff06f) j       pc - 0x8
core   0: 3 0x8000b314 (0xff9ff06f)
core   0: 0x8000b30c (0x00002f17) auipc   t5, 0x2
core   0: 3 0x8000b30c (0x00002f17) x30 0x8000d30c
core   0: 0x8000b310 (0xce3f2a23) sw      gp, -780(t5)
core   0: 3 0x8000b310 (0xce3f2a23) mem 0x8000d000 0x00000001
core   0: 0x8000b314 (0xff9ff06f) j       pc - 0x8
core   0: 3 0x8000b314 (0xff9ff06f)
core   0: 0x8000b30c (0x00002f17) auipc   t5, 0x2
core   0: 3 0x8000b30c (0x00002f17) x30 0x8000d30c
core   0: 0x8000b310 (0xce3f2a23) sw      gp, -780(t5)
core   0: 3 0x8000b310 (0xce3f2a23) mem 0x8000d000 0x00000001
core   0: 0x8000b314 (0xff9ff06f) j       pc - 0x8
core   0: 3 0x8000b314 (0xff9ff06f)
core   0: 0x8000b30c (0x00002f17) auipc   t5, 0x2
core   0: 3 0x8000b30c (0x00002f17) x30 0x8000d30c
core   0: 0x8000b310 (0xce3f2a23) sw      gp, -780(t5)
core   0: 3 0x8000b310 (0xce3f2a23) mem 0x8000d000 0x00000001
core   0: 0x8000b314 (0xff9ff06f) j       pc - 0x8
core   0: 3 0x8000b314 (0xff9ff06f)
core   0: 0x8000b30c (0x00002f17) auipc   t5, 0x2
core   0: 3 0x8000b30c (0x00002f17) x30 0x8000d30c
core   0: 0x8000b310 (0xce3f2a23) sw      gp, -780(t5)
core   0: 3 0x8000b310 (0xce3f2a23) mem 0x8000d000 0x00000001
core   0: 0x8000b314 (0xff9ff06f) j       pc - 0x8
core   0: 3 0x8000b314 (0xff9ff06f)
core   0: 0x8000b30c (0x00002f17) auipc   t5, 0x2
core   0: 3 0x8000b30c (0x00002f17) x30 0x8000d30c
core   0: 0x8000b310 (0xce3f2a23) sw      gp, -780(t5)
core   0: 3 0x8000b310 (0xce3f2a23) mem 0x8000d000 0x00000001
core   0: 0x8000b314 (0xff9ff06f) j       pc - 0x8
core   0: 3 0x8000b314 (0xff9ff06f)
core   0: 0x8000b30c (0x00002f17) auipc   t5, 0x2
core   0: 3 0x8000b30c (0x00002f17) x30 0x8000d30c
core   0: 0x8000b310 (0xce3f2a23) sw      gp, -780(t5)
core   0: 3 0x8000b310 (0xce3f2a23) mem 0x8000d000 0x00000001
core   0: 0x8000b314 (0xff9ff06f) j       pc - 0x8
core   0: 3 0x8000b314 (0xff9ff06f)
core   0: 0x8000b30c (0x00002f17) auipc   t5, 0x2
core   0: 3 0x8000b30c (0x00002f17) x30 0x8000d30c
core   0: 0x8000b310 (0xce3f2a23) sw      gp, -780(t5)
core   0: 3 0x8000b310 (0xce3f2a23) mem 0x8000d000 0x00000001
core   0: 0x8000b314 (0xff9ff06f) j       pc - 0x8
core   0: 3 0x8000b314 (0xff9ff06f)
core   0: 0x8000b30c (0x00002f17) auipc   t5, 0x2
core   0: 3 0x8000b30c (0x00002f17) x30 0x8000d30c
core   0: 0x8000b310 (0xce3f2a23) sw      gp, -780(t5)
core   0: 3 0x8000b310 (0xce3f2a23) mem 0x8000d000 0x00000001
core   0: 0x8000b314 (0xff9ff06f) j       pc - 0x8
core   0: 3 0x8000b314 (0xff9ff06f)
core   0: 0x8000b30c (0x00002f17) auipc   t5, 0x2
core   0: 3 0x8000b30c (0x00002f17) x30 0x8000d30c
core   0: 0x8000b310 (0xce3f2a23) sw      gp, -780(t5)
core   0: 3 0x8000b310 (0xce3f2a23) mem 0x8000d000 0x00000001
core   0: 0x8000b314 (0xff9ff06f) j       pc - 0x8
core   0: 3 0x8000b314 (0xff9ff06f)
core   0: 0x8000b30c (0x00002f17) auipc   t5, 0x2
core   0: 3 0x8000b30c (0x00002f17) x30 0x8000d30c
core   0: 0x8000b310 (0xce3f2a23) sw      gp, -780(t5)
core   0: 3 0x8000b310 (0xce3f2a23) mem 0x8000d000 0x00000001
core   0: 0x8000b314 (0xff9ff06f) j       pc - 0x8
core   0: 3 0x8000b314 (0xff9ff06f)
core   0: 0x8000b30c (0x00002f17) auipc   t5, 0x2
core   0: 3 0x8000b30c (0x00002f17) x30 0x8000d30c
core   0: 0x8000b310 (0xce3f2a23) sw      gp, -780(t5)
core   0: 3 0x8000b310 (0xce3f2a23) mem 0x8000d000 0x00000001
core   0: 0x8000b314 (0xff9ff06f) j       pc - 0x8
core   0: 3 0x8000b314 (0xff9ff06f)
core   0: 0x8000b30c (0x00002f17) auipc   t5, 0x2
core   0: 3 0x8000b30c (0x00002f17) x30 0x8000d30c
core   0: 0x8000b310 (0xce3f2a23) sw      gp, -780(t5)
core   0: 3 0x8000b310 (0xce3f2a23) mem 0x8000d000 0x00000001
core   0: 0x8000b314 (0xff9ff06f) j       pc - 0x8
core   0: 3 0x8000b314 (0xff9ff06f)
core   0: 0x8000b30c (0x00002f17) auipc   t5, 0x2
core   0: 3 0x8000b30c (0x00002f17) x30 0x8000d30c
core   0: 0x8000b310 (0xce3f2a23) sw      gp, -780(t5)
core   0: 3 0x8000b310 (0xce3f2a23) mem 0x8000d000 0x00000001
core   0: 0x8000b314 (0xff9ff06f) j       pc - 0x8
core   0: 3 0x8000b314 (0xff9ff06f)
core   0: 0x8000b30c (0x00002f17) auipc   t5, 0x2
core   0: 3 0x8000b30c (0x00002f17) x30 0x8000d30c
core   0: 0x8000b310 (0xce3f2a23) sw      gp, -780(t5)
core   0: 3 0x8000b310 (0xce3f2a23) mem 0x8000d000 0x00000001
core   0: 0x8000b314 (0xff9ff06f) j       pc - 0x8
core   0: 3 0x8000b314 (0xff9ff06f)
core   0: 0x8000b30c (0x00002f17) auipc   t5, 0x2
core   0: 3 0x8000b30c (0x00002f17) x30 0x8000d30c
core   0: 0x8000b310 (0xce3f2a23) sw      gp, -780(t5)
core   0: 3 0x8000b310 (0xce3f2a23) mem 0x8000d000 0x00000001
core   0: 0x8000b314 (0xff9ff06f) j       pc - 0x8
core   0: 3 0x8000b314 (0xff9ff06f)
core   0: 0x8000b30c (0x00002f17) auipc   t5, 0x2
core   0: 3 0x8000b30c (0x00002f17) x30 0x8000d30c
core   0: 0x8000b310 (0xce3f2a23) sw      gp, -780(t5)
core   0: 3 0x8000b310 (0xce3f2a23) mem 0x8000d000 0x00000001
core   0: 0x8000b314 (0xff9ff06f) j       pc - 0x8
core   0: 3 0x8000b314 (0xff9ff06f)
core   0: 0x8000b30c (0x00002f17) auipc   t5, 0x2
core   0: 3 0x8000b30c (0x00002f17) x30 0x8000d30c
core   0: 0x8000b310 (0xce3f2a23) sw      gp, -780(t5)
core   0: 3 0x8000b310 (0xce3f2a23) mem 0x8000d000 0x00000001
core   0: 0x8000b314 (0xff9ff06f) j       pc - 0x8
core   0: 3 0x8000b314 (0xff9ff06f)
core   0: 0x8000b30c (0x00002f17) auipc   t5, 0x2
core   0: 3 0x8000b30c (0x00002f17) x30 0x8000d30c
core   0: 0x8000b310 (0xce3f2a23) sw      gp, -780(t5)
core   0: 3 0x8000b310 (0xce3f2a23) mem 0x8000d000 0x00000001
core   0: 0x8000b314 (0xff9ff06f) j       pc - 0x8
core   0: 3 0x8000b314 (0xff9ff06f)
core   0: 0x8000b30c (0x00002f17) auipc   t5, 0x2
core   0: 3 0x8000b30c (0x00002f17) x30 0x8000d30c
core   0: 0x8000b310 (0xce3f2a23) sw      gp, -780(t5)
core   0: 3 0x8000b310 (0xce3f2a23) mem 0x8000d000 0x00000001
core   0: 0x8000b314 (0xff9ff06f) j       pc - 0x8
core   0: 3 0x8000b314 (0xff9ff06f)
core   0: 0x8000b30c (0x00002f17) auipc   t5, 0x2
core   0: 3 0x8000b30c (0x00002f17) x30 0x8000d30c
core   0: 0x8000b310 (0xce3f2a23) sw      gp, -780(t5)
core   0: 3 0x8000b310 (0xce3f2a23) mem 0x8000d000 0x00000001
core   0: 0x8000b314 (0xff9ff06f) j       pc - 0x8
core   0: 3 0x8000b314 (0xff9ff06f)
core   0: 0x8000b30c (0x00002f17) auipc   t5, 0x2
core   0: 3 0x8000b30c (0x00002f17) x30 0x8000d30c
core   0: 0x8000b310 (0xce3f2a23) sw      gp, -780(t5)
core   0: 3 0x8000b310 (0xce3f2a23) mem 0x8000d000 0x00000001
core   0: 0x8000b314 (0xff9ff06f) j       pc - 0x8
core   0: 3 0x8000b314 (0xff9ff06f)
core   0: 0x8000b30c (0x00002f17) auipc   t5, 0x2
core   0: 3 0x8000b30c (0x00002f17) x30 0x8000d30c
core   0: 0x8000b310 (0xce3f2a23) sw      gp, -780(t5)
core   0: 3 0x8000b310 (0xce3f2a23) mem 0x8000d000 0x00000001
core   0: 0x8000b314 (0xff9ff06f) j       pc - 0x8
core   0: 3 0x8000b314 (0xff9ff06f)
core   0: 0x8000b30c (0x00002f17) auipc   t5, 0x2
core   0: 3 0x8000b30c (0x00002f17) x30 0x8000d30c
core   0: 0x8000b310 (0xce3f2a23) sw      gp, -780(t5)
core   0: 3 0x8000b310 (0xce3f2a23) mem 0x8000d000 0x00000001
core   0: 0x8000b314 (0xff9ff06f) j       pc - 0x8
core   0: 3 0x8000b314 (0xff9ff06f)
core   0: 0x8000b30c (0x00002f17) auipc   t5, 0x2
core   0: 3 0x8000b30c (0x00002f17) x30 0x8000d30c
core   0: 0x8000b310 (0xce3f2a23) sw      gp, -780(t5)
core   0: 3 0x8000b310 (0xce3f2a23) mem 0x8000d000 0x00000001
core   0: 0x8000b314 (0xff9ff06f) j       pc - 0x8
core   0: 3 0x8000b314 (0xff9ff06f)
core   0: 0x8000b30c (0x00002f17) auipc   t5, 0x2
core   0: 3 0x8000b30c (0x00002f17) x30 0x8000d30c
core   0: 0x8000b310 (0xce3f2a23) sw      gp, -780(t5)
core   0: 3 0x8000b310 (0xce3f2a23) mem 0x8000d000 0x00000001
core   0: 0x8000b314 (0xff9ff06f) j       pc - 0x8
core   0: 3 0x8000b314 (0xff9ff06f)
core   0: 0x8000b30c (0x00002f17) auipc   t5, 0x2
core   0: 3 0x8000b30c (0x00002f17) x30 0x8000d30c
core   0: 0x8000b310 (0xce3f2a23) sw      gp, -780(t5)
core   0: 3 0x8000b310 (0xce3f2a23) mem 0x8000d000 0x00000001
core   0: 0x8000b314 (0xff9ff06f) j       pc - 0x8
core   0: 3 0x8000b314 (0xff9ff06f)
core   0: 0x8000b30c (0x00002f17) auipc   t5, 0x2
core   0: 3 0x8000b30c (0x00002f17) x30 0x8000d30c
core   0: 0x8000b310 (0xce3f2a23) sw      gp, -780(t5)
core   0: 3 0x8000b310 (0xce3f2a23) mem 0x8000d000 0x00000001
core   0: 0x8000b314 (0xff9ff06f) j       pc - 0x8
core   0: 3 0x8000b314 (0xff9ff06f)
core   0: 0x8000b30c (0x00002f17) auipc   t5, 0x2
core   0: 3 0x8000b30c (0x00002f17) x30 0x8000d30c
core   0: 0x8000b310 (0xce3f2a23) sw      gp, -780(t5)
core   0: 3 0x8000b310 (0xce3f2a23) mem 0x8000d000 0x00000001
core   0: 0x8000b314 (0xff9ff06f) j       pc - 0x8
core   0: 3 0x8000b314 (0xff9ff06f)
core   0: 0x8000b30c (0x00002f17) auipc   t5, 0x2
core   0: 3 0x8000b30c (0x00002f17) x30 0x8000d30c
core   0: 0x8000b310 (0xce3f2a23) sw      gp, -780(t5)
core   0: 3 0x8000b310 (0xce3f2a23) mem 0x8000d000 0x00000001
core   0: 0x8000b314 (0xff9ff06f) j       pc - 0x8
core   0: 3 0x8000b314 (0xff9ff06f)
core   0: 0x8000b30c (0x00002f17) auipc   t5, 0x2
core   0: 3 0x8000b30c (0x00002f17) x30 0x8000d30c
core   0: 0x8000b310 (0xce3f2a23) sw      gp, -780(t5)
core   0: 3 0x8000b310 (0xce3f2a23) mem 0x8000d000 0x00000001
core   0: 0x8000b314 (0xff9ff06f) j       pc - 0x8
core   0: 3 0x8000b314 (0xff9ff06f)
core   0: 0x8000b30c (0x00002f17) auipc   t5, 0x2
core   0: 3 0x8000b30c (0x00002f17) x30 0x8000d30c
core   0: 0x8000b310 (0xce3f2a23) sw      gp, -780(t5)
core   0: 3 0x8000b310 (0xce3f2a23) mem 0x8000d000 0x00000001
core   0: 0x8000b314 (0xff9ff06f) j       pc - 0x8
core   0: 3 0x8000b314 (0xff9ff06f)
core   0: 0x8000b30c (0x00002f17) auipc   t5, 0x2
core   0: 3 0x8000b30c (0x00002f17) x30 0x8000d30c
core   0: 0x8000b310 (0xce3f2a23) sw      gp, -780(t5)
core   0: 3 0x8000b310 (0xce3f2a23) mem 0x8000d000 0x00000001
core   0: 0x8000b314 (0xff9ff06f) j       pc - 0x8
core   0: 3 0x8000b314 (0xff9ff06f)
core   0: 0x8000b30c (0x00002f17) auipc   t5, 0x2
core   0: 3 0x8000b30c (0x00002f17) x30 0x8000d30c
core   0: 0x8000b310 (0xce3f2a23) sw      gp, -780(t5)
core   0: 3 0x8000b310 (0xce3f2a23) mem 0x8000d000 0x00000001
core   0: 0x8000b314 (0xff9ff06f) j       pc - 0x8
core   0: 3 0x8000b314 (0xff9ff06f)
core   0: 0x8000b30c (0x00002f17) auipc   t5, 0x2
core   0: 3 0x8000b30c (0x00002f17) x30 0x8000d30c
core   0: 0x8000b310 (0xce3f2a23) sw      gp, -780(t5)
core   0: 3 0x8000b310 (0xce3f2a23) mem 0x8000d000 0x00000001
core   0: 0x8000b314 (0xff9ff06f) j       pc - 0x8
core   0: 3 0x8000b314 (0xff9ff06f)
core   0: 0x8000b30c (0x00002f17) auipc   t5, 0x2
core   0: 3 0x8000b30c (0x00002f17) x30 0x8000d30c
core   0: 0x8000b310 (0xce3f2a23) sw      gp, -780(t5)
core   0: 3 0x8000b310 (0xce3f2a23) mem 0x8000d000 0x00000001
core   0: 0x8000b314 (0xff9ff06f) j       pc - 0x8
core   0: 3 0x8000b314 (0xff9ff06f)
core   0: 0x8000b30c (0x00002f17) auipc   t5, 0x2
core   0: 3 0x8000b30c (0x00002f17) x30 0x8000d30c
core   0: 0x8000b310 (0xce3f2a23) sw      gp, -780(t5)
core   0: 3 0x8000b310 (0xce3f2a23) mem 0x8000d000 0x00000001
core   0: 0x8000b314 (0xff9ff06f) j       pc - 0x8
core   0: 3 0x8000b314 (0xff9ff06f)
core   0: 0x8000b30c (0x00002f17) auipc   t5, 0x2
core   0: 3 0x8000b30c (0x00002f17) x30 0x8000d30c
core   0: 0x8000b310 (0xce3f2a23) sw      gp, -780(t5)
core   0: 3 0x8000b310 (0xce3f2a23) mem 0x8000d000 0x00000001
core   0: 0x8000b314 (0xff9ff06f) j       pc - 0x8
core   0: 3 0x8000b314 (0xff9ff06f)
core   0: 0x8000b30c (0x00002f17) auipc   t5, 0x2
core   0: 3 0x8000b30c (0x00002f17) x30 0x8000d30c
core   0: 0x8000b310 (0xce3f2a23) sw      gp, -780(t5)
core   0: 3 0x8000b310 (0xce3f2a23) mem 0x8000d000 0x00000001
core   0: 0x8000b314 (0xff9ff06f) j       pc - 0x8
core   0: 3 0x8000b314 (0xff9ff06f)
core   0: 0x8000b30c (0x00002f17) auipc   t5, 0x2
core   0: 3 0x8000b30c (0x00002f17) x30 0x8000d30c
core   0: 0x8000b310 (0xce3f2a23) sw      gp, -780(t5)
core   0: 3 0x8000b310 (0xce3f2a23) mem 0x8000d000 0x00000001
core   0: 0x8000b314 (0xff9ff06f) j       pc - 0x8
core   0: 3 0x8000b314 (0xff9ff06f)
core   0: 0x8000b30c (0x00002f17) auipc   t5, 0x2
core   0: 3 0x8000b30c (0x00002f17) x30 0x8000d30c
core   0: 0x8000b310 (0xce3f2a23) sw      gp, -780(t5)
core   0: 3 0x8000b310 (0xce3f2a23) mem 0x8000d000 0x00000001
core   0: 0x8000b314 (0xff9ff06f) j       pc - 0x8
core   0: 3 0x8000b314 (0xff9ff06f)
core   0: 0x8000b30c (0x00002f17) auipc   t5, 0x2
core   0: 3 0x8000b30c (0x00002f17) x30 0x8000d30c
core   0: 0x8000b310 (0xce3f2a23) sw      gp, -780(t5)
core   0: 3 0x8000b310 (0xce3f2a23) mem 0x8000d000 0x00000001
core   0: 0x8000b314 (0xff9ff06f) j       pc - 0x8
core   0: 3 0x8000b314 (0xff9ff06f)
core   0: 0x8000b30c (0x00002f17) auipc   t5, 0x2
core   0: 3 0x8000b30c (0x00002f17) x30 0x8000d30c
core   0: 0x8000b310 (0xce3f2a23) sw      gp, -780(t5)
core   0: 3 0x8000b310 (0xce3f2a23) mem 0x8000d000 0x00000001
core   0: 0x8000b314 (0xff9ff06f) j       pc - 0x8
core   0: 3 0x8000b314 (0xff9ff06f)
core   0: 0x8000b30c (0x00002f17) auipc   t5, 0x2
core   0: 3 0x8000b30c (0x00002f17) x30 0x8000d30c
core   0: 0x8000b310 (0xce3f2a23) sw      gp, -780(t5)
core   0: 3 0x8000b310 (0xce3f2a23) mem 0x8000d000 0x00000001
core   0: 0x8000b314 (0xff9ff06f) j       pc - 0x8
core   0: 3 0x8000b314 (0xff9ff06f)
core   0: 0x8000b30c (0x00002f17) auipc   t5, 0x2
core   0: 3 0x8000b30c (0x00002f17) x30 0x8000d30c
core   0: 0x8000b310 (0xce3f2a23) sw      gp, -780(t5)
core   0: 3 0x8000b310 (0xce3f2a23) mem 0x8000d000 0x00000001
core   0: 0x8000b314 (0xff9ff06f) j       pc - 0x8
core   0: 3 0x8000b314 (0xff9ff06f)
core   0: 0x8000b30c (0x00002f17) auipc   t5, 0x2
core   0: 3 0x8000b30c (0x00002f17) x30 0x8000d30c
core   0: 0x8000b310 (0xce3f2a23) sw      gp, -780(t5)
core   0: 3 0x8000b310 (0xce3f2a23) mem 0x8000d000 0x00000001
core   0: 0x8000b314 (0xff9ff06f) j       pc - 0x8
core   0: 3 0x8000b314 (0xff9ff06f)
core   0: 0x8000b30c (0x00002f17) auipc   t5, 0x2
core   0: 3 0x8000b30c (0x00002f17) x30 0x8000d30c
core   0: 0x8000b310 (0xce3f2a23) sw      gp, -780(t5)
core   0: 3 0x8000b310 (0xce3f2a23) mem 0x8000d000 0x00000001
core   0: 0x8000b314 (0xff9ff06f) j       pc - 0x8
core   0: 3 0x8000b314 (0xff9ff06f)
core   0: 0x8000b30c (0x00002f17) auipc   t5, 0x2
core   0: 3 0x8000b30c (0x00002f17) x30 0x8000d30c
core   0: 0x8000b310 (0xce3f2a23) sw      gp, -780(t5)
core   0: 3 0x8000b310 (0xce3f2a23) mem 0x8000d000 0x00000001
core   0: 0x8000b314 (0xff9ff06f) j       pc - 0x8
core   0: 3 0x8000b314 (0xff9ff06f)
core   0: 0x8000b30c (0x00002f17) auipc   t5, 0x2
core   0: 3 0x8000b30c (0x00002f17) x30 0x8000d30c
core   0: 0x8000b310 (0xce3f2a23) sw      gp, -780(t5)
core   0: 3 0x8000b310 (0xce3f2a23) mem 0x8000d000 0x00000001
core   0: 0x8000b314 (0xff9ff06f) j       pc - 0x8
core   0: 3 0x8000b314 (0xff9ff06f)
core   0: 0x8000b30c (0x00002f17) auipc   t5, 0x2
core   0: 3 0x8000b30c (0x00002f17) x30 0x8000d30c
core   0: 0x8000b310 (0xce3f2a23) sw      gp, -780(t5)
core   0: 3 0x8000b310 (0xce3f2a23) mem 0x8000d000 0x00000001
core   0: 0x8000b314 (0xff9ff06f) j       pc - 0x8
core   0: 3 0x8000b314 (0xff9ff06f)
core   0: 0x8000b30c (0x00002f17) auipc   t5, 0x2
core   0: 3 0x8000b30c (0x00002f17) x30 0x8000d30c
core   0: 0x8000b310 (0xce3f2a23) sw      gp, -780(t5)
core   0: 3 0x8000b310 (0xce3f2a23) mem 0x8000d000 0x00000001
core   0: 0x8000b314 (0xff9ff06f) j       pc - 0x8
core   0: 3 0x8000b314 (0xff9ff06f)
core   0: 0x8000b30c (0x00002f17) auipc   t5, 0x2
core   0: 3 0x8000b30c (0x00002f17) x30 0x8000d30c
core   0: 0x8000b310 (0xce3f2a23) sw      gp, -780(t5)
core   0: 3 0x8000b310 (0xce3f2a23) mem 0x8000d000 0x00000001
core   0: 0x8000b314 (0xff9ff06f) j       pc - 0x8
core   0: 3 0x8000b314 (0xff9ff06f)
core   0: 0x8000b30c (0x00002f17) auipc   t5, 0x2
core   0: 3 0x8000b30c (0x00002f17) x30 0x8000d30c
core   0: 0x8000b310 (0xce3f2a23) sw      gp, -780(t5)
core   0: 3 0x8000b310 (0xce3f2a23) mem 0x8000d000 0x00000001
core   0: 0x8000b314 (0xff9ff06f) j       pc - 0x8
core   0: 3 0x8000b314 (0xff9ff06f)
core   0: 0x8000b30c (0x00002f17) auipc   t5, 0x2
core   0: 3 0x8000b30c (0x00002f17) x30 0x8000d30c
core   0: 0x8000b310 (0xce3f2a23) sw      gp, -780(t5)
core   0: 3 0x8000b310 (0xce3f2a23) mem 0x8000d000 0x00000001
core   0: 0x8000b314 (0xff9ff06f) j       pc - 0x8
core   0: 3 0x8000b314 (0xff9ff06f)
core   0: 0x8000b30c (0x00002f17) auipc   t5, 0x2
core   0: 3 0x8000b30c (0x00002f17) x30 0x8000d30c
core   0: 0x8000b310 (0xce3f2a23) sw      gp, -780(t5)
core   0: 3 0x8000b310 (0xce3f2a23) mem 0x8000d000 0x00000001
core   0: 0x8000b314 (0xff9ff06f) j       pc - 0x8
core   0: 3 0x8000b314 (0xff9ff06f)
core   0: 0x8000b30c (0x00002f17) auipc   t5, 0x2
core   0: 3 0x8000b30c (0x00002f17) x30 0x8000d30c
core   0: 0x8000b310 (0xce3f2a23) sw      gp, -780(t5)
core   0: 3 0x8000b310 (0xce3f2a23) mem 0x8000d000 0x00000001
core   0: 0x8000b314 (0xff9ff06f) j       pc - 0x8
core   0: 3 0x8000b314 (0xff9ff06f)
core   0: 0x8000b30c (0x00002f17) auipc   t5, 0x2
core   0: 3 0x8000b30c (0x00002f17) x30 0x8000d30c
core   0: 0x8000b310 (0xce3f2a23) sw      gp, -780(t5)
core   0: 3 0x8000b310 (0xce3f2a23) mem 0x8000d000 0x00000001
core   0: 0x8000b314 (0xff9ff06f) j       pc - 0x8
core   0: 3 0x8000b314 (0xff9ff06f)
core   0: 0x8000b30c (0x00002f17) auipc   t5, 0x2
core   0: 3 0x8000b30c (0x00002f17) x30 0x8000d30c
core   0: 0x8000b310 (0xce3f2a23) sw      gp, -780(t5)
core   0: 3 0x8000b310 (0xce3f2a23) mem 0x8000d000 0x00000001
core   0: 0x8000b314 (0xff9ff06f) j       pc - 0x8
core   0: 3 0x8000b314 (0xff9ff06f)
core   0: 0x8000b30c (0x00002f17) auipc   t5, 0x2
core   0: 3 0x8000b30c (0x00002f17) x30 0x8000d30c
core   0: 0x8000b310 (0xce3f2a23) sw      gp, -780(t5)
core   0: 3 0x8000b310 (0xce3f2a23) mem 0x8000d000 0x00000001
core   0: 0x8000b314 (0xff9ff06f) j       pc - 0x8
core   0: 3 0x8000b314 (0xff9ff06f)
core   0: 0x8000b30c (0x00002f17) auipc   t5, 0x2
core   0: 3 0x8000b30c (0x00002f17) x30 0x8000d30c
core   0: 0x8000b310 (0xce3f2a23) sw      gp, -780(t5)
core   0: 3 0x8000b310 (0xce3f2a23) mem 0x8000d000 0x00000001
core   0: 0x8000b314 (0xff9ff06f) j       pc - 0x8
core   0: 3 0x8000b314 (0xff9ff06f)
core   0: 0x8000b30c (0x00002f17) auipc   t5, 0x2
core   0: 3 0x8000b30c (0x00002f17) x30 0x8000d30c
core   0: 0x8000b310 (0xce3f2a23) sw      gp, -780(t5)
core   0: 3 0x8000b310 (0xce3f2a23) mem 0x8000d000 0x00000001
core   0: 0x8000b314 (0xff9ff06f) j       pc - 0x8
core   0: 3 0x8000b314 (0xff9ff06f)
core   0: 0x8000b30c (0x00002f17) auipc   t5, 0x2
core   0: 3 0x8000b30c (0x00002f17) x30 0x8000d30c
core   0: 0x8000b310 (0xce3f2a23) sw      gp, -780(t5)
core   0: 3 0x8000b310 (0xce3f2a23) mem 0x8000d000 0x00000001
core   0: 0x8000b314 (0xff9ff06f) j       pc - 0x8
core   0: 3 0x8000b314 (0xff9ff06f)
core   0: 0x8000b30c (0x00002f17) auipc   t5, 0x2
core   0: 3 0x8000b30c (0x00002f17) x30 0x8000d30c
core   0: 0x8000b310 (0xce3f2a23) sw      gp, -780(t5)
core   0: 3 0x8000b310 (0xce3f2a23) mem 0x8000d000 0x00000001
core   0: 0x8000b314 (0xff9ff06f) j       pc - 0x8
core   0: 3 0x8000b314 (0xff9ff06f)
core   0: 0x8000b30c (0x00002f17) auipc   t5, 0x2
core   0: 3 0x8000b30c (0x00002f17) x30 0x8000d30c
core   0: 0x8000b310 (0xce3f2a23) sw      gp, -780(t5)
core   0: 3 0x8000b310 (0xce3f2a23) mem 0x8000d000 0x00000001
core   0: 0x8000b314 (0xff9ff06f) j       pc - 0x8
core   0: 3 0x8000b314 (0xff9ff06f)
core   0: 0x8000b30c (0x00002f17) auipc   t5, 0x2
core   0: 3 0x8000b30c (0x00002f17) x30 0x8000d30c
core   0: 0x8000b310 (0xce3f2a23) sw      gp, -780(t5)
core   0: 3 0x8000b310 (0xce3f2a23) mem 0x8000d000 0x00000001
core   0: 0x8000b314 (0xff9ff06f) j       pc - 0x8
core   0: 3 0x8000b314 (0xff9ff06f)
core   0: 0x8000b30c (0x00002f17) auipc   t5, 0x2
core   0: 3 0x8000b30c (0x00002f17) x30 0x8000d30c
core   0: 0x8000b310 (0xce3f2a23) sw      gp, -780(t5)
core   0: 3 0x8000b310 (0xce3f2a23) mem 0x8000d000 0x00000001
core   0: 0x8000b314 (0xff9ff06f) j       pc - 0x8
core   0: 3 0x8000b314 (0xff9ff06f)
core   0: 0x8000b30c (0x00002f17) auipc   t5, 0x2
core   0: 3 0x8000b30c (0x00002f17) x30 0x8000d30c
core   0: 0x8000b310 (0xce3f2a23) sw      gp, -780(t5)
core   0: 3 0x8000b310 (0xce3f2a23) mem 0x8000d000 0x00000001
core   0: 0x8000b314 (0xff9ff06f) j       pc - 0x8
core   0: 3 0x8000b314 (0xff9ff06f)
core   0: 0x8000b30c (0x00002f17) auipc   t5, 0x2
core   0: 3 0x8000b30c (0x00002f17) x30 0x8000d30c
core   0: 0x8000b310 (0xce3f2a23) sw      gp, -780(t5)
core   0: 3 0x8000b310 (0xce3f2a23) mem 0x8000d000 0x00000001
core   0: 0x8000b314 (0xff9ff06f) j       pc - 0x8
core   0: 3 0x8000b314 (0xff9ff06f)
core   0: 0x8000b30c (0x00002f17) auipc   t5, 0x2
core   0: 3 0x8000b30c (0x00002f17) x30 0x8000d30c
core   0: 0x8000b310 (0xce3f2a23) sw      gp, -780(t5)
core   0: 3 0x8000b310 (0xce3f2a23) mem 0x8000d000 0x00000001
core   0: 0x8000b314 (0xff9ff06f) j       pc - 0x8
core   0: 3 0x8000b314 (0xff9ff06f)
core   0: 0x8000b30c (0x00002f17) auipc   t5, 0x2
core   0: 3 0x8000b30c (0x00002f17) x30 0x8000d30c
core   0: 0x8000b310 (0xce3f2a23) sw      gp, -780(t5)
core   0: 3 0x8000b310 (0xce3f2a23) mem 0x8000d000 0x00000001
core   0: 0x8000b314 (0xff9ff06f) j       pc - 0x8
core   0: 3 0x8000b314 (0xff9ff06f)
core   0: 0x8000b30c (0x00002f17) auipc   t5, 0x2
core   0: 3 0x8000b30c (0x00002f17) x30 0x8000d30c
core   0: 0x8000b310 (0xce3f2a23) sw      gp, -780(t5)
core   0: 3 0x8000b310 (0xce3f2a23) mem 0x8000d000 0x00000001
core   0: 0x8000b314 (0xff9ff06f) j       pc - 0x8
core   0: 3 0x8000b314 (0xff9ff06f)
core   0: 0x8000b30c (0x00002f17) auipc   t5, 0x2
core   0: 3 0x8000b30c (0x00002f17) x30 0x8000d30c
core   0: 0x8000b310 (0xce3f2a23) sw      gp, -780(t5)
core   0: 3 0x8000b310 (0xce3f2a23) mem 0x8000d000 0x00000001
core   0: 0x8000b314 (0xff9ff06f) j       pc - 0x8
core   0: 3 0x8000b314 (0xff9ff06f)
core   0: 0x8000b30c (0x00002f17) auipc   t5, 0x2
core   0: 3 0x8000b30c (0x00002f17) x30 0x8000d30c
core   0: 0x8000b310 (0xce3f2a23) sw      gp, -780(t5)
core   0: 3 0x8000b310 (0xce3f2a23) mem 0x8000d000 0x00000001
core   0: 0x8000b314 (0xff9ff06f) j       pc - 0x8
core   0: 3 0x8000b314 (0xff9ff06f)
core   0: 0x8000b30c (0x00002f17) auipc   t5, 0x2
core   0: 3 0x8000b30c (0x00002f17) x30 0x8000d30c
core   0: 0x8000b310 (0xce3f2a23) sw      gp, -780(t5)
core   0: 3 0x8000b310 (0xce3f2a23) mem 0x8000d000 0x00000001
core   0: 0x8000b314 (0xff9ff06f) j       pc - 0x8
core   0: 3 0x8000b314 (0xff9ff06f)
core   0: 0x8000b30c (0x00002f17) auipc   t5, 0x2
core   0: 3 0x8000b30c (0x00002f17) x30 0x8000d30c
core   0: 0x8000b310 (0xce3f2a23) sw      gp, -780(t5)
core   0: 3 0x8000b310 (0xce3f2a23) mem 0x8000d000 0x00000001
core   0: 0x8000b314 (0xff9ff06f) j       pc - 0x8
core   0: 3 0x8000b314 (0xff9ff06f)
core   0: 0x8000b30c (0x00002f17) auipc   t5, 0x2
core   0: 3 0x8000b30c (0x00002f17) x30 0x8000d30c
core   0: 0x8000b310 (0xce3f2a23) sw      gp, -780(t5)
core   0: 3 0x8000b310 (0xce3f2a23) mem 0x8000d000 0x00000001
core   0: 0x8000b314 (0xff9ff06f) j       pc - 0x8
core   0: 3 0x8000b314 (0xff9ff06f)
core   0: 0x8000b30c (0x00002f17) auipc   t5, 0x2
core   0: 3 0x8000b30c (0x00002f17) x30 0x8000d30c
core   0: 0x8000b310 (0xce3f2a23) sw      gp, -780(t5)
core   0: 3 0x8000b310 (0xce3f2a23) mem 0x8000d000 0x00000001
core   0: 0x8000b314 (0xff9ff06f) j       pc - 0x8
core   0: 3 0x8000b314 (0xff9ff06f)
core   0: 0x8000b30c (0x00002f17) auipc   t5, 0x2
core   0: 3 0x8000b30c (0x00002f17) x30 0x8000d30c
core   0: 0x8000b310 (0xce3f2a23) sw      gp, -780(t5)
core   0: 3 0x8000b310 (0xce3f2a23) mem 0x8000d000 0x00000001
core   0: 0x8000b314 (0xff9ff06f) j       pc - 0x8
core   0: 3 0x8000b314 (0xff9ff06f)
core   0: 0x8000b30c (0x00002f17) auipc   t5, 0x2
core   0: 3 0x8000b30c (0x00002f17) x30 0x8000d30c
core   0: 0x8000b310 (0xce3f2a23) sw      gp, -780(t5)
core   0: 3 0x8000b310 (0xce3f2a23) mem 0x8000d000 0x00000001
core   0: 0x8000b314 (0xff9ff06f) j       pc - 0x8
core   0: 3 0x8000b314 (0xff9ff06f)
core   0: 0x8000b30c (0x00002f17) auipc   t5, 0x2
core   0: 3 0x8000b30c (0x00002f17) x30 0x8000d30c
core   0: 0x8000b310 (0xce3f2a23) sw      gp, -780(t5)
core   0: 3 0x8000b310 (0xce3f2a23) mem 0x8000d000 0x00000001
core   0: 0x8000b314 (0xff9ff06f) j       pc - 0x8
core   0: 3 0x8000b314 (0xff9ff06f)
core   0: 0x8000b30c (0x00002f17) auipc   t5, 0x2
core   0: 3 0x8000b30c (0x00002f17) x30 0x8000d30c
core   0: 0x8000b310 (0xce3f2a23) sw      gp, -780(t5)
core   0: 3 0x8000b310 (0xce3f2a23) mem 0x8000d000 0x00000001
core   0: 0x8000b314 (0xff9ff06f) j       pc - 0x8
core   0: 3 0x8000b314 (0xff9ff06f)
core   0: 0x8000b30c (0x00002f17) auipc   t5, 0x2
core   0: 3 0x8000b30c (0x00002f17) x30 0x8000d30c
core   0: 0x8000b310 (0xce3f2a23) sw      gp, -780(t5)
core   0: 3 0x8000b310 (0xce3f2a23) mem 0x8000d000 0x00000001
core   0: 0x8000b314 (0xff9ff06f) j       pc - 0x8
core   0: 3 0x8000b314 (0xff9ff06f)
core   0: 0x8000b30c (0x00002f17) auipc   t5, 0x2
core   0: 3 0x8000b30c (0x00002f17) x30 0x8000d30c
core   0: 0x8000b310 (0xce3f2a23) sw      gp, -780(t5)
core   0: 3 0x8000b310 (0xce3f2a23) mem 0x8000d000 0x00000001
core   0: 0x8000b314 (0xff9ff06f) j       pc - 0x8
core   0: 3 0x8000b314 (0xff9ff06f)
core   0: 0x8000b30c (0x00002f17) auipc   t5, 0x2
core   0: 3 0x8000b30c (0x00002f17) x30 0x8000d30c
core   0: 0x8000b310 (0xce3f2a23) sw      gp, -780(t5)
core   0: 3 0x8000b310 (0xce3f2a23) mem 0x8000d000 0x00000001
core   0: 0x8000b314 (0xff9ff06f) j       pc - 0x8
core   0: 3 0x8000b314 (0xff9ff06f)
core   0: 0x8000b30c (0x00002f17) auipc   t5, 0x2
core   0: 3 0x8000b30c (0x00002f17) x30 0x8000d30c
core   0: 0x8000b310 (0xce3f2a23) sw      gp, -780(t5)
core   0: 3 0x8000b310 (0xce3f2a23) mem 0x8000d000 0x00000001
core   0: 0x8000b314 (0xff9ff06f) j       pc - 0x8
core   0: 3 0x8000b314 (0xff9ff06f)
core   0: 0x8000b30c (0x00002f17) auipc   t5, 0x2
core   0: 3 0x8000b30c (0x00002f17) x30 0x8000d30c
core   0: 0x8000b310 (0xce3f2a23) sw      gp, -780(t5)
core   0: 3 0x8000b310 (0xce3f2a23) mem 0x8000d000 0x00000001
core   0: 0x8000b314 (0xff9ff06f) j       pc - 0x8
core   0: 3 0x8000b314 (0xff9ff06f)
core   0: 0x8000b30c (0x00002f17) auipc   t5, 0x2
core   0: 3 0x8000b30c (0x00002f17) x30 0x8000d30c
core   0: 0x8000b310 (0xce3f2a23) sw      gp, -780(t5)
core   0: 3 0x8000b310 (0xce3f2a23) mem 0x8000d000 0x00000001
core   0: 0x8000b314 (0xff9ff06f) j       pc - 0x8
core   0: 3 0x8000b314 (0xff9ff06f)
core   0: 0x8000b30c (0x00002f17) auipc   t5, 0x2
core   0: 3 0x8000b30c (0x00002f17) x30 0x8000d30c
core   0: 0x8000b310 (0xce3f2a23) sw      gp, -780(t5)
core   0: 3 0x8000b310 (0xce3f2a23) mem 0x8000d000 0x00000001
core   0: 0x8000b314 (0xff9ff06f) j       pc - 0x8
core   0: 3 0x8000b314 (0xff9ff06f)
core   0: 0x8000b30c (0x00002f17) auipc   t5, 0x2
core   0: 3 0x8000b30c (0x00002f17) x30 0x8000d30c
core   0: 0x8000b310 (0xce3f2a23) sw      gp, -780(t5)
core   0: 3 0x8000b310 (0xce3f2a23) mem 0x8000d000 0x00000001
core   0: 0x8000b314 (0xff9ff06f) j       pc - 0x8
core   0: 3 0x8000b314 (0xff9ff06f)
core   0: 0x8000b30c (0x00002f17) auipc   t5, 0x2
core   0: 3 0x8000b30c (0x00002f17) x30 0x8000d30c
core   0: 0x8000b310 (0xce3f2a23) sw      gp, -780(t5)
core   0: 3 0x8000b310 (0xce3f2a23) mem 0x8000d000 0x00000001
core   0: 0x8000b314 (0xff9ff06f) j       pc - 0x8
core   0: 3 0x8000b314 (0xff9ff06f)
core   0: 0x8000b30c (0x00002f17) auipc   t5, 0x2
core   0: 3 0x8000b30c (0x00002f17) x30 0x8000d30c
core   0: 0x8000b310 (0xce3f2a23) sw      gp, -780(t5)
core   0: 3 0x8000b310 (0xce3f2a23) mem 0x8000d000 0x00000001
core   0: 0x8000b314 (0xff9ff06f) j       pc - 0x8
core   0: 3 0x8000b314 (0xff9ff06f)
core   0: 0x8000b30c (0x00002f17) auipc   t5, 0x2
core   0: 3 0x8000b30c (0x00002f17) x30 0x8000d30c
core   0: 0x8000b310 (0xce3f2a23) sw      gp, -780(t5)
core   0: 3 0x8000b310 (0xce3f2a23) mem 0x8000d000 0x00000001
core   0: 0x8000b314 (0xff9ff06f) j       pc - 0x8
core   0: 3 0x8000b314 (0xff9ff06f)
core   0: 0x8000b30c (0x00002f17) auipc   t5, 0x2
core   0: 3 0x8000b30c (0x00002f17) x30 0x8000d30c
core   0: 0x8000b310 (0xce3f2a23) sw      gp, -780(t5)
core   0: 3 0x8000b310 (0xce3f2a23) mem 0x8000d000 0x00000001
core   0: 0x8000b314 (0xff9ff06f) j       pc - 0x8
core   0: 3 0x8000b314 (0xff9ff06f)
core   0: 0x8000b30c (0x00002f17) auipc   t5, 0x2
core   0: 3 0x8000b30c (0x00002f17) x30 0x8000d30c
core   0: 0x8000b310 (0xce3f2a23) sw      gp, -780(t5)
core   0: 3 0x8000b310 (0xce3f2a23) mem 0x8000d000 0x00000001
core   0: 0x8000b314 (0xff9ff06f) j       pc - 0x8
core   0: 3 0x8000b314 (0xff9ff06f)
core   0: 0x8000b30c (0x00002f17) auipc   t5, 0x2
core   0: 3 0x8000b30c (0x00002f17) x30 0x8000d30c
core   0: 0x8000b310 (0xce3f2a23) sw      gp, -780(t5)
core   0: 3 0x8000b310 (0xce3f2a23) mem 0x8000d000 0x00000001
core   0: 0x8000b314 (0xff9ff06f) j       pc - 0x8
core   0: 3 0x8000b314 (0xff9ff06f)
core   0: 0x8000b30c (0x00002f17) auipc   t5, 0x2
core   0: 3 0x8000b30c (0x00002f17) x30 0x8000d30c
core   0: 0x8000b310 (0xce3f2a23) sw      gp, -780(t5)
core   0: 3 0x8000b310 (0xce3f2a23) mem 0x8000d000 0x00000001
core   0: 0x8000b314 (0xff9ff06f) j       pc - 0x8
core   0: 3 0x8000b314 (0xff9ff06f)
core   0: 0x8000b30c (0x00002f17) auipc   t5, 0x2
core   0: 3 0x8000b30c (0x00002f17) x30 0x8000d30c
core   0: 0x8000b310 (0xce3f2a23) sw      gp, -780(t5)
core   0: 3 0x8000b310 (0xce3f2a23) mem 0x8000d000 0x00000001
core   0: 0x8000b314 (0xff9ff06f) j       pc - 0x8
core   0: 3 0x8000b314 (0xff9ff06f)
core   0: 0x8000b30c (0x00002f17) auipc   t5, 0x2
core   0: 3 0x8000b30c (0x00002f17) x30 0x8000d30c
core   0: 0x8000b310 (0xce3f2a23) sw      gp, -780(t5)
core   0: 3 0x8000b310 (0xce3f2a23) mem 0x8000d000 0x00000001
core   0: 0x8000b314 (0xff9ff06f) j       pc - 0x8
core   0: 3 0x8000b314 (0xff9ff06f)
core   0: 0x8000b30c (0x00002f17) auipc   t5, 0x2
core   0: 3 0x8000b30c (0x00002f17) x30 0x8000d30c
core   0: 0x8000b310 (0xce3f2a23) sw      gp, -780(t5)
core   0: 3 0x8000b310 (0xce3f2a23) mem 0x8000d000 0x00000001
core   0: 0x8000b314 (0xff9ff06f) j       pc - 0x8
core   0: 3 0x8000b314 (0xff9ff06f)
core   0: 0x8000b30c (0x00002f17) auipc   t5, 0x2
core   0: 3 0x8000b30c (0x00002f17) x30 0x8000d30c
core   0: 0x8000b310 (0xce3f2a23) sw      gp, -780(t5)
core   0: 3 0x8000b310 (0xce3f2a23) mem 0x8000d000 0x00000001
core   0: 0x8000b314 (0xff9ff06f) j       pc - 0x8
core   0: 3 0x8000b314 (0xff9ff06f)
core   0: 0x8000b30c (0x00002f17) auipc   t5, 0x2
core   0: 3 0x8000b30c (0x00002f17) x30 0x8000d30c
core   0: 0x8000b310 (0xce3f2a23) sw      gp, -780(t5)
core   0: 3 0x8000b310 (0xce3f2a23) mem 0x8000d000 0x00000001
core   0: 0x8000b314 (0xff9ff06f) j       pc - 0x8
core   0: 3 0x8000b314 (0xff9ff06f)
core   0: 0x8000b30c (0x00002f17) auipc   t5, 0x2
core   0: 3 0x8000b30c (0x00002f17) x30 0x8000d30c
core   0: 0x8000b310 (0xce3f2a23) sw      gp, -780(t5)
core   0: 3 0x8000b310 (0xce3f2a23) mem 0x8000d000 0x00000001
core   0: 0x8000b314 (0xff9ff06f) j       pc - 0x8
core   0: 3 0x8000b314 (0xff9ff06f)
core   0: 0x8000b30c (0x00002f17) auipc   t5, 0x2
core   0: 3 0x8000b30c (0x00002f17) x30 0x8000d30c
core   0: 0x8000b310 (0xce3f2a23) sw      gp, -780(t5)
core   0: 3 0x8000b310 (0xce3f2a23) mem 0x8000d000 0x00000001
core   0: 0x8000b314 (0xff9ff06f) j       pc - 0x8
core   0: 3 0x8000b314 (0xff9ff06f)
core   0: 0x8000b30c (0x00002f17) auipc   t5, 0x2
core   0: 3 0x8000b30c (0x00002f17) x30 0x8000d30c
core   0: 0x8000b310 (0xce3f2a23) sw      gp, -780(t5)
core   0: 3 0x8000b310 (0xce3f2a23) mem 0x8000d000 0x00000001
core   0: 0x8000b314 (0xff9ff06f) j       pc - 0x8
core   0: 3 0x8000b314 (0xff9ff06f)
core   0: 0x8000b30c (0x00002f17) auipc   t5, 0x2
core   0: 3 0x8000b30c (0x00002f17) x30 0x8000d30c
core   0: 0x8000b310 (0xce3f2a23) sw      gp, -780(t5)
core   0: 3 0x8000b310 (0xce3f2a23) mem 0x8000d000 0x00000001
core   0: 0x8000b314 (0xff9ff06f) j       pc - 0x8
core   0: 3 0x8000b314 (0xff9ff06f)
core   0: 0x8000b30c (0x00002f17) auipc   t5, 0x2
core   0: 3 0x8000b30c (0x00002f17) x30 0x8000d30c
core   0: 0x8000b310 (0xce3f2a23) sw      gp, -780(t5)
core   0: 3 0x8000b310 (0xce3f2a23) mem 0x8000d000 0x00000001
core   0: 0x8000b314 (0xff9ff06f) j       pc - 0x8
core   0: 3 0x8000b314 (0xff9ff06f)
core   0: 0x8000b30c (0x00002f17) auipc   t5, 0x2
core   0: 3 0x8000b30c (0x00002f17) x30 0x8000d30c
core   0: 0x8000b310 (0xce3f2a23) sw      gp, -780(t5)
core   0: 3 0x8000b310 (0xce3f2a23) mem 0x8000d000 0x00000001
core   0: 0x8000b314 (0xff9ff06f) j       pc - 0x8
core   0: 3 0x8000b314 (0xff9ff06f)
core   0: 0x8000b30c (0x00002f17) auipc   t5, 0x2
core   0: 3 0x8000b30c (0x00002f17) x30 0x8000d30c
core   0: 0x8000b310 (0xce3f2a23) sw      gp, -780(t5)
core   0: 3 0x8000b310 (0xce3f2a23) mem 0x8000d000 0x00000001
core   0: 0x8000b314 (0xff9ff06f) j       pc - 0x8
core   0: 3 0x8000b314 (0xff9ff06f)
core   0: 0x8000b30c (0x00002f17) auipc   t5, 0x2
core   0: 3 0x8000b30c (0x00002f17) x30 0x8000d30c
core   0: 0x8000b310 (0xce3f2a23) sw      gp, -780(t5)
core   0: 3 0x8000b310 (0xce3f2a23) mem 0x8000d000 0x00000001
core   0: 0x8000b314 (0xff9ff06f) j       pc - 0x8
core   0: 3 0x8000b314 (0xff9ff06f)
core   0: 0x8000b30c (0x00002f17) auipc   t5, 0x2
core   0: 3 0x8000b30c (0x00002f17) x30 0x8000d30c
core   0: 0x8000b310 (0xce3f2a23) sw      gp, -780(t5)
core   0: 3 0x8000b310 (0xce3f2a23) mem 0x8000d000 0x00000001
core   0: 0x8000b314 (0xff9ff06f) j       pc - 0x8
core   0: 3 0x8000b314 (0xff9ff06f)
core   0: 0x8000b30c (0x00002f17) auipc   t5, 0x2
core   0: 3 0x8000b30c (0x00002f17) x30 0x8000d30c
core   0: 0x8000b310 (0xce3f2a23) sw      gp, -780(t5)
core   0: 3 0x8000b310 (0xce3f2a23) mem 0x8000d000 0x00000001
core   0: 0x8000b314 (0xff9ff06f) j       pc - 0x8
core   0: 3 0x8000b314 (0xff9ff06f)
core   0: 0x8000b30c (0x00002f17) auipc   t5, 0x2
core   0: 3 0x8000b30c (0x00002f17) x30 0x8000d30c
core   0: 0x8000b310 (0xce3f2a23) sw      gp, -780(t5)
core   0: 3 0x8000b310 (0xce3f2a23) mem 0x8000d000 0x00000001
core   0: 0x8000b314 (0xff9ff06f) j       pc - 0x8
core   0: 3 0x8000b314 (0xff9ff06f)
core   0: 0x8000b30c (0x00002f17) auipc   t5, 0x2
core   0: 3 0x8000b30c (0x00002f17) x30 0x8000d30c
core   0: 0x8000b310 (0xce3f2a23) sw      gp, -780(t5)
core   0: 3 0x8000b310 (0xce3f2a23) mem 0x8000d000 0x00000001
core   0: 0x8000b314 (0xff9ff06f) j       pc - 0x8
core   0: 3 0x8000b314 (0xff9ff06f)
core   0: 0x8000b30c (0x00002f17) auipc   t5, 0x2
core   0: 3 0x8000b30c (0x00002f17) x30 0x8000d30c
core   0: 0x8000b310 (0xce3f2a23) sw      gp, -780(t5)
core   0: 3 0x8000b310 (0xce3f2a23) mem 0x8000d000 0x00000001
core   0: 0x8000b314 (0xff9ff06f) j       pc - 0x8
core   0: 3 0x8000b314 (0xff9ff06f)
core   0: 0x8000b30c (0x00002f17) auipc   t5, 0x2
core   0: 3 0x8000b30c (0x00002f17) x30 0x8000d30c
core   0: 0x8000b310 (0xce3f2a23) sw      gp, -780(t5)
core   0: 3 0x8000b310 (0xce3f2a23) mem 0x8000d000 0x00000001
core   0: 0x8000b314 (0xff9ff06f) j       pc - 0x8
core   0: 3 0x8000b314 (0xff9ff06f)
core   0: 0x8000b30c (0x00002f17) auipc   t5, 0x2
core   0: 3 0x8000b30c (0x00002f17) x30 0x8000d30c
core   0: 0x8000b310 (0xce3f2a23) sw      gp, -780(t5)
core   0: 3 0x8000b310 (0xce3f2a23) mem 0x8000d000 0x00000001
core   0: 0x8000b314 (0xff9ff06f) j       pc - 0x8
core   0: 3 0x8000b314 (0xff9ff06f)
core   0: 0x8000b30c (0x00002f17) auipc   t5, 0x2
core   0: 3 0x8000b30c (0x00002f17) x30 0x8000d30c
core   0: 0x8000b310 (0xce3f2a23) sw      gp, -780(t5)
core   0: 3 0x8000b310 (0xce3f2a23) mem 0x8000d000 0x00000001
core   0: 0x8000b314 (0xff9ff06f) j       pc - 0x8
core   0: 3 0x8000b314 (0xff9ff06f)
core   0: 0x8000b30c (0x00002f17) auipc   t5, 0x2
core   0: 3 0x8000b30c (0x00002f17) x30 0x8000d30c
core   0: 0x8000b310 (0xce3f2a23) sw      gp, -780(t5)
core   0: 3 0x8000b310 (0xce3f2a23) mem 0x8000d000 0x00000001
core   0: 0x8000b314 (0xff9ff06f) j       pc - 0x8
core   0: 3 0x8000b314 (0xff9ff06f)
core   0: 0x8000b30c (0x00002f17) auipc   t5, 0x2
core   0: 3 0x8000b30c (0x00002f17) x30 0x8000d30c
core   0: 0x8000b310 (0xce3f2a23) sw      gp, -780(t5)
core   0: 3 0x8000b310 (0xce3f2a23) mem 0x8000d000 0x00000001
core   0: 0x8000b314 (0xff9ff06f) j       pc - 0x8
core   0: 3 0x8000b314 (0xff9ff06f)
core   0: 0x8000b30c (0x00002f17) auipc   t5, 0x2
core   0: 3 0x8000b30c (0x00002f17) x30 0x8000d30c
core   0: 0x8000b310 (0xce3f2a23) sw      gp, -780(t5)
core   0: 3 0x8000b310 (0xce3f2a23) mem 0x8000d000 0x00000001
core   0: 0x8000b314 (0xff9ff06f) j       pc - 0x8
core   0: 3 0x8000b314 (0xff9ff06f)
core   0: 0x8000b30c (0x00002f17) auipc   t5, 0x2
core   0: 3 0x8000b30c (0x00002f17) x30 0x8000d30c
core   0: 0x8000b310 (0xce3f2a23) sw      gp, -780(t5)
core   0: 3 0x8000b310 (0xce3f2a23) mem 0x8000d000 0x00000001
core   0: 0x8000b314 (0xff9ff06f) j       pc - 0x8
core   0: 3 0x8000b314 (0xff9ff06f)
core   0: 0x8000b30c (0x00002f17) auipc   t5, 0x2
core   0: 3 0x8000b30c (0x00002f17) x30 0x8000d30c
core   0: 0x8000b310 (0xce3f2a23) sw      gp, -780(t5)
core   0: 3 0x8000b310 (0xce3f2a23) mem 0x8000d000 0x00000001
core   0: 0x8000b314 (0xff9ff06f) j       pc - 0x8
core   0: 3 0x8000b314 (0xff9ff06f)
core   0: 0x8000b30c (0x00002f17) auipc   t5, 0x2
core   0: 3 0x8000b30c (0x00002f17) x30 0x8000d30c
core   0: 0x8000b310 (0xce3f2a23) sw      gp, -780(t5)
core   0: 3 0x8000b310 (0xce3f2a23) mem 0x8000d000 0x00000001
core   0: 0x8000b314 (0xff9ff06f) j       pc - 0x8
core   0: 3 0x8000b314 (0xff9ff06f)
core   0: 0x8000b30c (0x00002f17) auipc   t5, 0x2
core   0: 3 0x8000b30c (0x00002f17) x30 0x8000d30c
core   0: 0x8000b310 (0xce3f2a23) sw      gp, -780(t5)
core   0: 3 0x8000b310 (0xce3f2a23) mem 0x8000d000 0x00000001
core   0: 0x8000b314 (0xff9ff06f) j       pc - 0x8
core   0: 3 0x8000b314 (0xff9ff06f)
core   0: 0x8000b30c (0x00002f17) auipc   t5, 0x2
core   0: 3 0x8000b30c (0x00002f17) x30 0x8000d30c
core   0: 0x8000b310 (0xce3f2a23) sw      gp, -780(t5)
core   0: 3 0x8000b310 (0xce3f2a23) mem 0x8000d000 0x00000001
core   0: 0x8000b314 (0xff9ff06f) j       pc - 0x8
core   0: 3 0x8000b314 (0xff9ff06f)
core   0: 0x8000b30c (0x00002f17) auipc   t5, 0x2
core   0: 3 0x8000b30c (0x00002f17) x30 0x8000d30c
core   0: 0x8000b310 (0xce3f2a23) sw      gp, -780(t5)
core   0: 3 0x8000b310 (0xce3f2a23) mem 0x8000d000 0x00000001
core   0: 0x8000b314 (0xff9ff06f) j       pc - 0x8
core   0: 3 0x8000b314 (0xff9ff06f)
core   0: 0x8000b30c (0x00002f17) auipc   t5, 0x2
core   0: 3 0x8000b30c (0x00002f17) x30 0x8000d30c
core   0: 0x8000b310 (0xce3f2a23) sw      gp, -780(t5)
core   0: 3 0x8000b310 (0xce3f2a23) mem 0x8000d000 0x00000001
core   0: 0x8000b314 (0xff9ff06f) j       pc - 0x8
core   0: 3 0x8000b314 (0xff9ff06f)
core   0: 0x8000b30c (0x00002f17) auipc   t5, 0x2
core   0: 3 0x8000b30c (0x00002f17) x30 0x8000d30c
core   0: 0x8000b310 (0xce3f2a23) sw      gp, -780(t5)
core   0: 3 0x8000b310 (0xce3f2a23) mem 0x8000d000 0x00000001
core   0: 0x8000b314 (0xff9ff06f) j       pc - 0x8
core   0: 3 0x8000b314 (0xff9ff06f)
core   0: 0x8000b30c (0x00002f17) auipc   t5, 0x2
core   0: 3 0x8000b30c (0x00002f17) x30 0x8000d30c
core   0: 0x8000b310 (0xce3f2a23) sw      gp, -780(t5)
core   0: 3 0x8000b310 (0xce3f2a23) mem 0x8000d000 0x00000001
core   0: 0x8000b314 (0xff9ff06f) j       pc - 0x8
core   0: 3 0x8000b314 (0xff9ff06f)
core   0: 0x8000b30c (0x00002f17) auipc   t5, 0x2
core   0: 3 0x8000b30c (0x00002f17) x30 0x8000d30c
core   0: 0x8000b310 (0xce3f2a23) sw      gp, -780(t5)
core   0: 3 0x8000b310 (0xce3f2a23) mem 0x8000d000 0x00000001
core   0: 0x8000b314 (0xff9ff06f) j       pc - 0x8
core   0: 3 0x8000b314 (0xff9ff06f)
core   0: 0x8000b30c (0x00002f17) auipc   t5, 0x2
core   0: 3 0x8000b30c (0x00002f17) x30 0x8000d30c
core   0: 0x8000b310 (0xce3f2a23) sw      gp, -780(t5)
core   0: 3 0x8000b310 (0xce3f2a23) mem 0x8000d000 0x00000001
core   0: 0x8000b314 (0xff9ff06f) j       pc - 0x8
core   0: 3 0x8000b314 (0xff9ff06f)
core   0: 0x8000b30c (0x00002f17) auipc   t5, 0x2
core   0: 3 0x8000b30c (0x00002f17) x30 0x8000d30c
core   0: 0x8000b310 (0xce3f2a23) sw      gp, -780(t5)
core   0: 3 0x8000b310 (0xce3f2a23) mem 0x8000d000 0x00000001
core   0: 0x8000b314 (0xff9ff06f) j       pc - 0x8
core   0: 3 0x8000b314 (0xff9ff06f)
core   0: 0x8000b30c (0x00002f17) auipc   t5, 0x2
core   0: 3 0x8000b30c (0x00002f17) x30 0x8000d30c
core   0: 0x8000b310 (0xce3f2a23) sw      gp, -780(t5)
core   0: 3 0x8000b310 (0xce3f2a23) mem 0x8000d000 0x00000001
core   0: 0x8000b314 (0xff9ff06f) j       pc - 0x8
core   0: 3 0x8000b314 (0xff9ff06f)
core   0: 0x8000b30c (0x00002f17) auipc   t5, 0x2
core   0: 3 0x8000b30c (0x00002f17) x30 0x8000d30c
core   0: 0x8000b310 (0xce3f2a23) sw      gp, -780(t5)
core   0: 3 0x8000b310 (0xce3f2a23) mem 0x8000d000 0x00000001
core   0: 0x8000b314 (0xff9ff06f) j       pc - 0x8
core   0: 3 0x8000b314 (0xff9ff06f)
core   0: 0x8000b30c (0x00002f17) auipc   t5, 0x2
core   0: 3 0x8000b30c (0x00002f17) x30 0x8000d30c
core   0: 0x8000b310 (0xce3f2a23) sw      gp, -780(t5)
core   0: 3 0x8000b310 (0xce3f2a23) mem 0x8000d000 0x00000001
core   0: 0x8000b314 (0xff9ff06f) j       pc - 0x8
core   0: 3 0x8000b314 (0xff9ff06f)
core   0: 0x8000b30c (0x00002f17) auipc   t5, 0x2
core   0: 3 0x8000b30c (0x00002f17) x30 0x8000d30c
core   0: 0x8000b310 (0xce3f2a23) sw      gp, -780(t5)
core   0: 3 0x8000b310 (0xce3f2a23) mem 0x8000d000 0x00000001
core   0: 0x8000b314 (0xff9ff06f) j       pc - 0x8
core   0: 3 0x8000b314 (0xff9ff06f)
core   0: 0x8000b30c (0x00002f17) auipc   t5, 0x2
core   0: 3 0x8000b30c (0x00002f17) x30 0x8000d30c
core   0: 0x8000b310 (0xce3f2a23) sw      gp, -780(t5)
core   0: 3 0x8000b310 (0xce3f2a23) mem 0x8000d000 0x00000001
core   0: 0x8000b314 (0xff9ff06f) j       pc - 0x8
core   0: 3 0x8000b314 (0xff9ff06f)
core   0: 0x8000b30c (0x00002f17) auipc   t5, 0x2
core   0: 3 0x8000b30c (0x00002f17) x30 0x8000d30c
core   0: 0x8000b310 (0xce3f2a23) sw      gp, -780(t5)
core   0: 3 0x8000b310 (0xce3f2a23) mem 0x8000d000 0x00000001
core   0: 0x8000b314 (0xff9ff06f) j       pc - 0x8
core   0: 3 0x8000b314 (0xff9ff06f)
core   0: 0x8000b30c (0x00002f17) auipc   t5, 0x2
core   0: 3 0x8000b30c (0x00002f17) x30 0x8000d30c
core   0: 0x8000b310 (0xce3f2a23) sw      gp, -780(t5)
core   0: 3 0x8000b310 (0xce3f2a23) mem 0x8000d000 0x00000001
core   0: 0x8000b314 (0xff9ff06f) j       pc - 0x8
core   0: 3 0x8000b314 (0xff9ff06f)
core   0: 0x8000b30c (0x00002f17) auipc   t5, 0x2
core   0: 3 0x8000b30c (0x00002f17) x30 0x8000d30c
core   0: 0x8000b310 (0xce3f2a23) sw      gp, -780(t5)
core   0: 3 0x8000b310 (0xce3f2a23) mem 0x8000d000 0x00000001
core   0: 0x8000b314 (0xff9ff06f) j       pc - 0x8
core   0: 3 0x8000b314 (0xff9ff06f)
core   0: 0x8000b30c (0x00002f17) auipc   t5, 0x2
core   0: 3 0x8000b30c (0x00002f17) x30 0x8000d30c
core   0: 0x8000b310 (0xce3f2a23) sw      gp, -780(t5)
core   0: 3 0x8000b310 (0xce3f2a23) mem 0x8000d000 0x00000001
core   0: 0x8000b314 (0xff9ff06f) j       pc - 0x8
core   0: 3 0x8000b314 (0xff9ff06f)
core   0: 0x8000b30c (0x00002f17) auipc   t5, 0x2
core   0: 3 0x8000b30c (0x00002f17) x30 0x8000d30c
core   0: 0x8000b310 (0xce3f2a23) sw      gp, -780(t5)
core   0: 3 0x8000b310 (0xce3f2a23) mem 0x8000d000 0x00000001
core   0: 0x8000b314 (0xff9ff06f) j       pc - 0x8
core   0: 3 0x8000b314 (0xff9ff06f)
core   0: 0x8000b30c (0x00002f17) auipc   t5, 0x2
core   0: 3 0x8000b30c (0x00002f17) x30 0x8000d30c
core   0: 0x8000b310 (0xce3f2a23) sw      gp, -780(t5)
core   0: 3 0x8000b310 (0xce3f2a23) mem 0x8000d000 0x00000001
core   0: 0x8000b314 (0xff9ff06f) j       pc - 0x8
core   0: 3 0x8000b314 (0xff9ff06f)
core   0: 0x8000b30c (0x00002f17) auipc   t5, 0x2
core   0: 3 0x8000b30c (0x00002f17) x30 0x8000d30c
core   0: 0x8000b310 (0xce3f2a23) sw      gp, -780(t5)
core   0: 3 0x8000b310 (0xce3f2a23) mem 0x8000d000 0x00000001
core   0: 0x8000b314 (0xff9ff06f) j       pc - 0x8
core   0: 3 0x8000b314 (0xff9ff06f)
core   0: 0x8000b30c (0x00002f17) auipc   t5, 0x2
core   0: 3 0x8000b30c (0x00002f17) x30 0x8000d30c
core   0: 0x8000b310 (0xce3f2a23) sw      gp, -780(t5)
core   0: 3 0x8000b310 (0xce3f2a23) mem 0x8000d000 0x00000001
core   0: 0x8000b314 (0xff9ff06f) j       pc - 0x8
core   0: 3 0x8000b314 (0xff9ff06f)
core   0: 0x8000b30c (0x00002f17) auipc   t5, 0x2
core   0: 3 0x8000b30c (0x00002f17) x30 0x8000d30c
core   0: 0x8000b310 (0xce3f2a23) sw      gp, -780(t5)
core   0: 3 0x8000b310 (0xce3f2a23) mem 0x8000d000 0x00000001
core   0: 0x8000b314 (0xff9ff06f) j       pc - 0x8
core   0: 3 0x8000b314 (0xff9ff06f)
core   0: 0x8000b30c (0x00002f17) auipc   t5, 0x2
core   0: 3 0x8000b30c (0x00002f17) x30 0x8000d30c
core   0: 0x8000b310 (0xce3f2a23) sw      gp, -780(t5)
core   0: 3 0x8000b310 (0xce3f2a23) mem 0x8000d000 0x00000001
core   0: 0x8000b314 (0xff9ff06f) j       pc - 0x8
core   0: 3 0x8000b314 (0xff9ff06f)
core   0: 0x8000b30c (0x00002f17) auipc   t5, 0x2
core   0: 3 0x8000b30c (0x00002f17) x30 0x8000d30c
core   0: 0x8000b310 (0xce3f2a23) sw      gp, -780(t5)
core   0: 3 0x8000b310 (0xce3f2a23) mem 0x8000d000 0x00000001
core   0: 0x8000b314 (0xff9ff06f) j       pc - 0x8
core   0: 3 0x8000b314 (0xff9ff06f)
core   0: 0x8000b30c (0x00002f17) auipc   t5, 0x2
core   0: 3 0x8000b30c (0x00002f17) x30 0x8000d30c
core   0: 0x8000b310 (0xce3f2a23) sw      gp, -780(t5)
core   0: 3 0x8000b310 (0xce3f2a23) mem 0x8000d000 0x00000001
core   0: 0x8000b314 (0xff9ff06f) j       pc - 0x8
core   0: 3 0x8000b314 (0xff9ff06f)
core   0: 0x8000b30c (0x00002f17) auipc   t5, 0x2
core   0: 3 0x8000b30c (0x00002f17) x30 0x8000d30c
core   0: 0x8000b310 (0xce3f2a23) sw      gp, -780(t5)
core   0: 3 0x8000b310 (0xce3f2a23) mem 0x8000d000 0x00000001
core   0: 0x8000b314 (0xff9ff06f) j       pc - 0x8
core   0: 3 0x8000b314 (0xff9ff06f)
core   0: 0x8000b30c (0x00002f17) auipc   t5, 0x2
core   0: 3 0x8000b30c (0x00002f17) x30 0x8000d30c
core   0: 0x8000b310 (0xce3f2a23) sw      gp, -780(t5)
core   0: 3 0x8000b310 (0xce3f2a23) mem 0x8000d000 0x00000001
core   0: 0x8000b314 (0xff9ff06f) j       pc - 0x8
core   0: 3 0x8000b314 (0xff9ff06f)
core   0: 0x8000b30c (0x00002f17) auipc   t5, 0x2
core   0: 3 0x8000b30c (0x00002f17) x30 0x8000d30c
core   0: 0x8000b310 (0xce3f2a23) sw      gp, -780(t5)
core   0: 3 0x8000b310 (0xce3f2a23) mem 0x8000d000 0x00000001
core   0: 0x8000b314 (0xff9ff06f) j       pc - 0x8
core   0: 3 0x8000b314 (0xff9ff06f)
core   0: 0x8000b30c (0x00002f17) auipc   t5, 0x2
core   0: 3 0x8000b30c (0x00002f17) x30 0x8000d30c
core   0: 0x8000b310 (0xce3f2a23) sw      gp, -780(t5)
core   0: 3 0x8000b310 (0xce3f2a23) mem 0x8000d000 0x00000001
core   0: 0x8000b314 (0xff9ff06f) j       pc - 0x8
core   0: 3 0x8000b314 (0xff9ff06f)
core   0: 0x8000b30c (0x00002f17) auipc   t5, 0x2
core   0: 3 0x8000b30c (0x00002f17) x30 0x8000d30c
core   0: 0x8000b310 (0xce3f2a23) sw      gp, -780(t5)
core   0: 3 0x8000b310 (0xce3f2a23) mem 0x8000d000 0x00000001
core   0: 0x8000b314 (0xff9ff06f) j       pc - 0x8
core   0: 3 0x8000b314 (0xff9ff06f)
core   0: 0x8000b30c (0x00002f17) auipc   t5, 0x2
core   0: 3 0x8000b30c (0x00002f17) x30 0x8000d30c
core   0: 0x8000b310 (0xce3f2a23) sw      gp, -780(t5)
core   0: 3 0x8000b310 (0xce3f2a23) mem 0x8000d000 0x00000001
core   0: 0x8000b314 (0xff9ff06f) j       pc - 0x8
core   0: 3 0x8000b314 (0xff9ff06f)
core   0: 0x8000b30c (0x00002f17) auipc   t5, 0x2
core   0: 3 0x8000b30c (0x00002f17) x30 0x8000d30c
core   0: 0x8000b310 (0xce3f2a23) sw      gp, -780(t5)
core   0: 3 0x8000b310 (0xce3f2a23) mem 0x8000d000 0x00000001
core   0: 0x8000b314 (0xff9ff06f) j       pc - 0x8
core   0: 3 0x8000b314 (0xff9ff06f)
core   0: 0x8000b30c (0x00002f17) auipc   t5, 0x2
core   0: 3 0x8000b30c (0x00002f17) x30 0x8000d30c
core   0: 0x8000b310 (0xce3f2a23) sw      gp, -780(t5)
core   0: 3 0x8000b310 (0xce3f2a23) mem 0x8000d000 0x00000001
core   0: 0x8000b314 (0xff9ff06f) j       pc - 0x8
core   0: 3 0x8000b314 (0xff9ff06f)
core   0: 0x8000b30c (0x00002f17) auipc   t5, 0x2
core   0: 3 0x8000b30c (0x00002f17) x30 0x8000d30c
core   0: 0x8000b310 (0xce3f2a23) sw      gp, -780(t5)
core   0: 3 0x8000b310 (0xce3f2a23) mem 0x8000d000 0x00000001
core   0: 0x8000b314 (0xff9ff06f) j       pc - 0x8
core   0: 3 0x8000b314 (0xff9ff06f)
core   0: 0x8000b30c (0x00002f17) auipc   t5, 0x2
core   0: 3 0x8000b30c (0x00002f17) x30 0x8000d30c
core   0: 0x8000b310 (0xce3f2a23) sw      gp, -780(t5)
core   0: 3 0x8000b310 (0xce3f2a23) mem 0x8000d000 0x00000001
core   0: 0x8000b314 (0xff9ff06f) j       pc - 0x8
core   0: 3 0x8000b314 (0xff9ff06f)
core   0: 0x8000b30c (0x00002f17) auipc   t5, 0x2
core   0: 3 0x8000b30c (0x00002f17) x30 0x8000d30c
core   0: 0x8000b310 (0xce3f2a23) sw      gp, -780(t5)
core   0: 3 0x8000b310 (0xce3f2a23) mem 0x8000d000 0x00000001
core   0: 0x8000b314 (0xff9ff06f) j       pc - 0x8
core   0: 3 0x8000b314 (0xff9ff06f)
core   0: 0x8000b30c (0x00002f17) auipc   t5, 0x2
core   0: 3 0x8000b30c (0x00002f17) x30 0x8000d30c
core   0: 0x8000b310 (0xce3f2a23) sw      gp, -780(t5)
core   0: 3 0x8000b310 (0xce3f2a23) mem 0x8000d000 0x00000001
core   0: 0x8000b314 (0xff9ff06f) j       pc - 0x8
core   0: 3 0x8000b314 (0xff9ff06f)
core   0: 0x8000b30c (0x00002f17) auipc   t5, 0x2
core   0: 3 0x8000b30c (0x00002f17) x30 0x8000d30c
core   0: 0x8000b310 (0xce3f2a23) sw      gp, -780(t5)
core   0: 3 0x8000b310 (0xce3f2a23) mem 0x8000d000 0x00000001
core   0: 0x8000b314 (0xff9ff06f) j       pc - 0x8
core   0: 3 0x8000b314 (0xff9ff06f)
core   0: 0x8000b30c (0x00002f17) auipc   t5, 0x2
core   0: 3 0x8000b30c (0x00002f17) x30 0x8000d30c
core   0: 0x8000b310 (0xce3f2a23) sw      gp, -780(t5)
core   0: 3 0x8000b310 (0xce3f2a23) mem 0x8000d000 0x00000001
core   0: 0x8000b314 (0xff9ff06f) j       pc - 0x8
core   0: 3 0x8000b314 (0xff9ff06f)
core   0: 0x8000b30c (0x00002f17) auipc   t5, 0x2
core   0: 3 0x8000b30c (0x00002f17) x30 0x8000d30c
core   0: 0x8000b310 (0xce3f2a23) sw      gp, -780(t5)
core   0: 3 0x8000b310 (0xce3f2a23) mem 0x8000d000 0x00000001
core   0: 0x8000b314 (0xff9ff06f) j       pc - 0x8
core   0: 3 0x8000b314 (0xff9ff06f)
core   0: 0x8000b30c (0x00002f17) auipc   t5, 0x2
core   0: 3 0x8000b30c (0x00002f17) x30 0x8000d30c
core   0: 0x8000b310 (0xce3f2a23) sw      gp, -780(t5)
core   0: 3 0x8000b310 (0xce3f2a23) mem 0x8000d000 0x00000001
core   0: 0x8000b314 (0xff9ff06f) j       pc - 0x8
core   0: 3 0x8000b314 (0xff9ff06f)
core   0: 0x8000b30c (0x00002f17) auipc   t5, 0x2
core   0: 3 0x8000b30c (0x00002f17) x30 0x8000d30c
core   0: 0x8000b310 (0xce3f2a23) sw      gp, -780(t5)
core   0: 3 0x8000b310 (0xce3f2a23) mem 0x8000d000 0x00000001
core   0: 0x8000b314 (0xff9ff06f) j       pc - 0x8
core   0: 3 0x8000b314 (0xff9ff06f)
core   0: 0x8000b30c (0x00002f17) auipc   t5, 0x2
core   0: 3 0x8000b30c (0x00002f17) x30 0x8000d30c
core   0: 0x8000b310 (0xce3f2a23) sw      gp, -780(t5)
core   0: 3 0x8000b310 (0xce3f2a23) mem 0x8000d000 0x00000001
core   0: 0x8000b314 (0xff9ff06f) j       pc - 0x8
core   0: 3 0x8000b314 (0xff9ff06f)
core   0: 0x8000b30c (0x00002f17) auipc   t5, 0x2
core   0: 3 0x8000b30c (0x00002f17) x30 0x8000d30c
core   0: 0x8000b310 (0xce3f2a23) sw      gp, -780(t5)
core   0: 3 0x8000b310 (0xce3f2a23) mem 0x8000d000 0x00000001
core   0: 0x8000b314 (0xff9ff06f) j       pc - 0x8
core   0: 3 0x8000b314 (0xff9ff06f)
core   0: 0x8000b30c (0x00002f17) auipc   t5, 0x2
core   0: 3 0x8000b30c (0x00002f17) x30 0x8000d30c
core   0: 0x8000b310 (0xce3f2a23) sw      gp, -780(t5)
core   0: 3 0x8000b310 (0xce3f2a23) mem 0x8000d000 0x00000001
core   0: 0x8000b314 (0xff9ff06f) j       pc - 0x8
core   0: 3 0x8000b314 (0xff9ff06f)
core   0: 0x8000b30c (0x00002f17) auipc   t5, 0x2
core   0: 3 0x8000b30c (0x00002f17) x30 0x8000d30c
core   0: 0x8000b310 (0xce3f2a23) sw      gp, -780(t5)
core   0: 3 0x8000b310 (0xce3f2a23) mem 0x8000d000 0x00000001
core   0: 0x8000b314 (0xff9ff06f) j       pc - 0x8
core   0: 3 0x8000b314 (0xff9ff06f)
core   0: 0x8000b30c (0x00002f17) auipc   t5, 0x2
core   0: 3 0x8000b30c (0x00002f17) x30 0x8000d30c
core   0: 0x8000b310 (0xce3f2a23) sw      gp, -780(t5)
core   0: 3 0x8000b310 (0xce3f2a23) mem 0x8000d000 0x00000001
core   0: 0x8000b314 (0xff9ff06f) j       pc - 0x8
core   0: 3 0x8000b314 (0xff9ff06f)
core   0: 0x8000b30c (0x00002f17) auipc   t5, 0x2
core   0: 3 0x8000b30c (0x00002f17) x30 0x8000d30c
core   0: 0x8000b310 (0xce3f2a23) sw      gp, -780(t5)
core   0: 3 0x8000b310 (0xce3f2a23) mem 0x8000d000 0x00000001
core   0: 0x8000b314 (0xff9ff06f) j       pc - 0x8
core   0: 3 0x8000b314 (0xff9ff06f)
core   0: 0x8000b30c (0x00002f17) auipc   t5, 0x2
core   0: 3 0x8000b30c (0x00002f17) x30 0x8000d30c
core   0: 0x8000b310 (0xce3f2a23) sw      gp, -780(t5)
core   0: 3 0x8000b310 (0xce3f2a23) mem 0x8000d000 0x00000001
core   0: 0x8000b314 (0xff9ff06f) j       pc - 0x8
core   0: 3 0x8000b314 (0xff9ff06f)
core   0: 0x8000b30c (0x00002f17) auipc   t5, 0x2
core   0: 3 0x8000b30c (0x00002f17) x30 0x8000d30c
core   0: 0x8000b310 (0xce3f2a23) sw      gp, -780(t5)
core   0: 3 0x8000b310 (0xce3f2a23) mem 0x8000d000 0x00000001
core   0: 0x8000b314 (0xff9ff06f) j       pc - 0x8
core   0: 3 0x8000b314 (0xff9ff06f)
core   0: 0x8000b30c (0x00002f17) auipc   t5, 0x2
core   0: 3 0x8000b30c (0x00002f17) x30 0x8000d30c
core   0: 0x8000b310 (0xce3f2a23) sw      gp, -780(t5)
core   0: 3 0x8000b310 (0xce3f2a23) mem 0x8000d000 0x00000001
core   0: 0x8000b314 (0xff9ff06f) j       pc - 0x8
core   0: 3 0x8000b314 (0xff9ff06f)
core   0: 0x8000b30c (0x00002f17) auipc   t5, 0x2
core   0: 3 0x8000b30c (0x00002f17) x30 0x8000d30c
core   0: 0x8000b310 (0xce3f2a23) sw      gp, -780(t5)
core   0: 3 0x8000b310 (0xce3f2a23) mem 0x8000d000 0x00000001
core   0: 0x8000b314 (0xff9ff06f) j       pc - 0x8
core   0: 3 0x8000b314 (0xff9ff06f)
core   0: 0x8000b30c (0x00002f17) auipc   t5, 0x2
core   0: 3 0x8000b30c (0x00002f17) x30 0x8000d30c
core   0: 0x8000b310 (0xce3f2a23) sw      gp, -780(t5)
core   0: 3 0x8000b310 (0xce3f2a23) mem 0x8000d000 0x00000001
core   0: 0x8000b314 (0xff9ff06f) j       pc - 0x8
core   0: 3 0x8000b314 (0xff9ff06f)
core   0: 0x8000b30c (0x00002f17) auipc   t5, 0x2
core   0: 3 0x8000b30c (0x00002f17) x30 0x8000d30c
core   0: 0x8000b310 (0xce3f2a23) sw      gp, -780(t5)
core   0: 3 0x8000b310 (0xce3f2a23) mem 0x8000d000 0x00000001
core   0: 0x8000b314 (0xff9ff06f) j       pc - 0x8
core   0: 3 0x8000b314 (0xff9ff06f)
core   0: 0x8000b30c (0x00002f17) auipc   t5, 0x2
core   0: 3 0x8000b30c (0x00002f17) x30 0x8000d30c
core   0: 0x8000b310 (0xce3f2a23) sw      gp, -780(t5)
core   0: 3 0x8000b310 (0xce3f2a23) mem 0x8000d000 0x00000001
core   0: 0x8000b314 (0xff9ff06f) j       pc - 0x8
core   0: 3 0x8000b314 (0xff9ff06f)
core   0: 0x8000b30c (0x00002f17) auipc   t5, 0x2
core   0: 3 0x8000b30c (0x00002f17) x30 0x8000d30c
core   0: 0x8000b310 (0xce3f2a23) sw      gp, -780(t5)
core   0: 3 0x8000b310 (0xce3f2a23) mem 0x8000d000 0x00000001
core   0: 0x8000b314 (0xff9ff06f) j       pc - 0x8
core   0: 3 0x8000b314 (0xff9ff06f)
core   0: 0x8000b30c (0x00002f17) auipc   t5, 0x2
core   0: 3 0x8000b30c (0x00002f17) x30 0x8000d30c
core   0: 0x8000b310 (0xce3f2a23) sw      gp, -780(t5)
core   0: 3 0x8000b310 (0xce3f2a23) mem 0x8000d000 0x00000001
core   0: 0x8000b314 (0xff9ff06f) j       pc - 0x8
core   0: 3 0x8000b314 (0xff9ff06f)
core   0: 0x8000b30c (0x00002f17) auipc   t5, 0x2
core   0: 3 0x8000b30c (0x00002f17) x30 0x8000d30c
core   0: 0x8000b310 (0xce3f2a23) sw      gp, -780(t5)
core   0: 3 0x8000b310 (0xce3f2a23) mem 0x8000d000 0x00000001
core   0: 0x8000b314 (0xff9ff06f) j       pc - 0x8
core   0: 3 0x8000b314 (0xff9ff06f)
core   0: 0x8000b30c (0x00002f17) auipc   t5, 0x2
core   0: 3 0x8000b30c (0x00002f17) x30 0x8000d30c
core   0: 0x8000b310 (0xce3f2a23) sw      gp, -780(t5)
core   0: 3 0x8000b310 (0xce3f2a23) mem 0x8000d000 0x00000001
core   0: 0x8000b314 (0xff9ff06f) j       pc - 0x8
core   0: 3 0x8000b314 (0xff9ff06f)
core   0: 0x8000b30c (0x00002f17) auipc   t5, 0x2
core   0: 3 0x8000b30c (0x00002f17) x30 0x8000d30c
core   0: 0x8000b310 (0xce3f2a23) sw      gp, -780(t5)
core   0: 3 0x8000b310 (0xce3f2a23) mem 0x8000d000 0x00000001
core   0: 0x8000b314 (0xff9ff06f) j       pc - 0x8
core   0: 3 0x8000b314 (0xff9ff06f)
core   0: 0x8000b30c (0x00002f17) auipc   t5, 0x2
core   0: 3 0x8000b30c (0x00002f17) x30 0x8000d30c
core   0: 0x8000b310 (0xce3f2a23) sw      gp, -780(t5)
core   0: 3 0x8000b310 (0xce3f2a23) mem 0x8000d000 0x00000001
core   0: 0x8000b314 (0xff9ff06f) j       pc - 0x8
core   0: 3 0x8000b314 (0xff9ff06f)
core   0: 0x8000b30c (0x00002f17) auipc   t5, 0x2
core   0: 3 0x8000b30c (0x00002f17) x30 0x8000d30c
core   0: 0x8000b310 (0xce3f2a23) sw      gp, -780(t5)
core   0: 3 0x8000b310 (0xce3f2a23) mem 0x8000d000 0x00000001
core   0: 0x8000b314 (0xff9ff06f) j       pc - 0x8
core   0: 3 0x8000b314 (0xff9ff06f)
core   0: 0x8000b30c (0x00002f17) auipc   t5, 0x2
core   0: 3 0x8000b30c (0x00002f17) x30 0x8000d30c
core   0: 0x8000b310 (0xce3f2a23) sw      gp, -780(t5)
core   0: 3 0x8000b310 (0xce3f2a23) mem 0x8000d000 0x00000001
core   0: 0x8000b314 (0xff9ff06f) j       pc - 0x8
core   0: 3 0x8000b314 (0xff9ff06f)
core   0: 0x8000b30c (0x00002f17) auipc   t5, 0x2
core   0: 3 0x8000b30c (0x00002f17) x30 0x8000d30c
core   0: 0x8000b310 (0xce3f2a23) sw      gp, -780(t5)
core   0: 3 0x8000b310 (0xce3f2a23) mem 0x8000d000 0x00000001
core   0: 0x8000b314 (0xff9ff06f) j       pc - 0x8
core   0: 3 0x8000b314 (0xff9ff06f)
core   0: 0x8000b30c (0x00002f17) auipc   t5, 0x2
core   0: 3 0x8000b30c (0x00002f17) x30 0x8000d30c
core   0: 0x8000b310 (0xce3f2a23) sw      gp, -780(t5)
core   0: 3 0x8000b310 (0xce3f2a23) mem 0x8000d000 0x00000001
core   0: 0x8000b314 (0xff9ff06f) j       pc - 0x8
core   0: 3 0x8000b314 (0xff9ff06f)
core   0: 0x8000b30c (0x00002f17) auipc   t5, 0x2
core   0: 3 0x8000b30c (0x00002f17) x30 0x8000d30c
core   0: 0x8000b310 (0xce3f2a23) sw      gp, -780(t5)
core   0: 3 0x8000b310 (0xce3f2a23) mem 0x8000d000 0x00000001
core   0: 0x8000b314 (0xff9ff06f) j       pc - 0x8
core   0: 3 0x8000b314 (0xff9ff06f)
core   0: 0x8000b30c (0x00002f17) auipc   t5, 0x2
core   0: 3 0x8000b30c (0x00002f17) x30 0x8000d30c
core   0: 0x8000b310 (0xce3f2a23) sw      gp, -780(t5)
core   0: 3 0x8000b310 (0xce3f2a23) mem 0x8000d000 0x00000001
core   0: 0x8000b314 (0xff9ff06f) j       pc - 0x8
core   0: 3 0x8000b314 (0xff9ff06f)
core   0: 0x8000b30c (0x00002f17) auipc   t5, 0x2
core   0: 3 0x8000b30c (0x00002f17) x30 0x8000d30c
core   0: 0x8000b310 (0xce3f2a23) sw      gp, -780(t5)
core   0: 3 0x8000b310 (0xce3f2a23) mem 0x8000d000 0x00000001
core   0: 0x8000b314 (0xff9ff06f) j       pc - 0x8
core   0: 3 0x8000b314 (0xff9ff06f)
core   0: 0x8000b30c (0x00002f17) auipc   t5, 0x2
core   0: 3 0x8000b30c (0x00002f17) x30 0x8000d30c
core   0: 0x8000b310 (0xce3f2a23) sw      gp, -780(t5)
core   0: 3 0x8000b310 (0xce3f2a23) mem 0x8000d000 0x00000001
core   0: 0x8000b314 (0xff9ff06f) j       pc - 0x8
core   0: 3 0x8000b314 (0xff9ff06f)
core   0: 0x8000b30c (0x00002f17) auipc   t5, 0x2
core   0: 3 0x8000b30c (0x00002f17) x30 0x8000d30c
core   0: 0x8000b310 (0xce3f2a23) sw      gp, -780(t5)
core   0: 3 0x8000b310 (0xce3f2a23) mem 0x8000d000 0x00000001
core   0: 0x8000b314 (0xff9ff06f) j       pc - 0x8
core   0: 3 0x8000b314 (0xff9ff06f)
core   0: 0x8000b30c (0x00002f17) auipc   t5, 0x2
core   0: 3 0x8000b30c (0x00002f17) x30 0x8000d30c
core   0: 0x8000b310 (0xce3f2a23) sw      gp, -780(t5)
core   0: 3 0x8000b310 (0xce3f2a23) mem 0x8000d000 0x00000001
core   0: 0x8000b314 (0xff9ff06f) j       pc - 0x8
core   0: 3 0x8000b314 (0xff9ff06f)
core   0: 0x8000b30c (0x00002f17) auipc   t5, 0x2
core   0: 3 0x8000b30c (0x00002f17) x30 0x8000d30c
core   0: 0x8000b310 (0xce3f2a23) sw      gp, -780(t5)
core   0: 3 0x8000b310 (0xce3f2a23) mem 0x8000d000 0x00000001
core   0: 0x8000b314 (0xff9ff06f) j       pc - 0x8
core   0: 3 0x8000b314 (0xff9ff06f)
core   0: 0x8000b30c (0x00002f17) auipc   t5, 0x2
core   0: 3 0x8000b30c (0x00002f17) x30 0x8000d30c
core   0: 0x8000b310 (0xce3f2a23) sw      gp, -780(t5)
core   0: 3 0x8000b310 (0xce3f2a23) mem 0x8000d000 0x00000001
core   0: 0x8000b314 (0xff9ff06f) j       pc - 0x8
core   0: 3 0x8000b314 (0xff9ff06f)
core   0: 0x8000b30c (0x00002f17) auipc   t5, 0x2
core   0: 3 0x8000b30c (0x00002f17) x30 0x8000d30c
core   0: 0x8000b310 (0xce3f2a23) sw      gp, -780(t5)
core   0: 3 0x8000b310 (0xce3f2a23) mem 0x8000d000 0x00000001
core   0: 0x8000b314 (0xff9ff06f) j       pc - 0x8
core   0: 3 0x8000b314 (0xff9ff06f)
core   0: 0x8000b30c (0x00002f17) auipc   t5, 0x2
core   0: 3 0x8000b30c (0x00002f17) x30 0x8000d30c
core   0: 0x8000b310 (0xce3f2a23) sw      gp, -780(t5)
core   0: 3 0x8000b310 (0xce3f2a23) mem 0x8000d000 0x00000001
core   0: 0x8000b314 (0xff9ff06f) j       pc - 0x8
core   0: 3 0x8000b314 (0xff9ff06f)
core   0: 0x8000b30c (0x00002f17) auipc   t5, 0x2
core   0: 3 0x8000b30c (0x00002f17) x30 0x8000d30c
core   0: 0x8000b310 (0xce3f2a23) sw      gp, -780(t5)
core   0: 3 0x8000b310 (0xce3f2a23) mem 0x8000d000 0x00000001
core   0: 0x8000b314 (0xff9ff06f) j       pc - 0x8
core   0: 3 0x8000b314 (0xff9ff06f)
core   0: 0x8000b30c (0x00002f17) auipc   t5, 0x2
core   0: 3 0x8000b30c (0x00002f17) x30 0x8000d30c
core   0: 0x8000b310 (0xce3f2a23) sw      gp, -780(t5)
core   0: 3 0x8000b310 (0xce3f2a23) mem 0x8000d000 0x00000001
core   0: 0x8000b314 (0xff9ff06f) j       pc - 0x8
core   0: 3 0x8000b314 (0xff9ff06f)
core   0: 0x8000b30c (0x00002f17) auipc   t5, 0x2
core   0: 3 0x8000b30c (0x00002f17) x30 0x8000d30c
core   0: 0x8000b310 (0xce3f2a23) sw      gp, -780(t5)
core   0: 3 0x8000b310 (0xce3f2a23) mem 0x8000d000 0x00000001
core   0: 0x8000b314 (0xff9ff06f) j       pc - 0x8
core   0: 3 0x8000b314 (0xff9ff06f)
core   0: 0x8000b30c (0x00002f17) auipc   t5, 0x2
core   0: 3 0x8000b30c (0x00002f17) x30 0x8000d30c
core   0: 0x8000b310 (0xce3f2a23) sw      gp, -780(t5)
core   0: 3 0x8000b310 (0xce3f2a23) mem 0x8000d000 0x00000001
core   0: 0x8000b314 (0xff9ff06f) j       pc - 0x8
core   0: 3 0x8000b314 (0xff9ff06f)
core   0: 0x8000b30c (0x00002f17) auipc   t5, 0x2
core   0: 3 0x8000b30c (0x00002f17) x30 0x8000d30c
core   0: 0x8000b310 (0xce3f2a23) sw      gp, -780(t5)
core   0: 3 0x8000b310 (0xce3f2a23) mem 0x8000d000 0x00000001
core   0: 0x8000b314 (0xff9ff06f) j       pc - 0x8
core   0: 3 0x8000b314 (0xff9ff06f)
core   0: 0x8000b30c (0x00002f17) auipc   t5, 0x2
core   0: 3 0x8000b30c (0x00002f17) x30 0x8000d30c
core   0: 0x8000b310 (0xce3f2a23) sw      gp, -780(t5)
core   0: 3 0x8000b310 (0xce3f2a23) mem 0x8000d000 0x00000001
core   0: 0x8000b314 (0xff9ff06f) j       pc - 0x8
core   0: 3 0x8000b314 (0xff9ff06f)
core   0: 0x8000b30c (0x00002f17) auipc   t5, 0x2
core   0: 3 0x8000b30c (0x00002f17) x30 0x8000d30c
core   0: 0x8000b310 (0xce3f2a23) sw      gp, -780(t5)
core   0: 3 0x8000b310 (0xce3f2a23) mem 0x8000d000 0x00000001
core   0: 0x8000b314 (0xff9ff06f) j       pc - 0x8
core   0: 3 0x8000b314 (0xff9ff06f)
core   0: 0x8000b30c (0x00002f17) auipc   t5, 0x2
core   0: 3 0x8000b30c (0x00002f17) x30 0x8000d30c
core   0: 0x8000b310 (0xce3f2a23) sw      gp, -780(t5)
core   0: 3 0x8000b310 (0xce3f2a23) mem 0x8000d000 0x00000001
core   0: 0x8000b314 (0xff9ff06f) j       pc - 0x8
core   0: 3 0x8000b314 (0xff9ff06f)
core   0: 0x8000b30c (0x00002f17) auipc   t5, 0x2
core   0: 3 0x8000b30c (0x00002f17) x30 0x8000d30c
core   0: 0x8000b310 (0xce3f2a23) sw      gp, -780(t5)
core   0: 3 0x8000b310 (0xce3f2a23) mem 0x8000d000 0x00000001
core   0: 0x8000b314 (0xff9ff06f) j       pc - 0x8
core   0: 3 0x8000b314 (0xff9ff06f)
core   0: 0x8000b30c (0x00002f17) auipc   t5, 0x2
core   0: 3 0x8000b30c (0x00002f17) x30 0x8000d30c
core   0: 0x8000b310 (0xce3f2a23) sw      gp, -780(t5)
core   0: 3 0x8000b310 (0xce3f2a23) mem 0x8000d000 0x00000001
core   0: 0x8000b314 (0xff9ff06f) j       pc - 0x8
core   0: 3 0x8000b314 (0xff9ff06f)
core   0: 0x8000b30c (0x00002f17) auipc   t5, 0x2
core   0: 3 0x8000b30c (0x00002f17) x30 0x8000d30c
core   0: 0x8000b310 (0xce3f2a23) sw      gp, -780(t5)
core   0: 3 0x8000b310 (0xce3f2a23) mem 0x8000d000 0x00000001
core   0: 0x8000b314 (0xff9ff06f) j       pc - 0x8
core   0: 3 0x8000b314 (0xff9ff06f)
core   0: 0x8000b30c (0x00002f17) auipc   t5, 0x2
core   0: 3 0x8000b30c (0x00002f17) x30 0x8000d30c
core   0: 0x8000b310 (0xce3f2a23) sw      gp, -780(t5)
core   0: 3 0x8000b310 (0xce3f2a23) mem 0x8000d000 0x00000001
core   0: 0x8000b314 (0xff9ff06f) j       pc - 0x8
core   0: 3 0x8000b314 (0xff9ff06f)
core   0: 0x8000b30c (0x00002f17) auipc   t5, 0x2
core   0: 3 0x8000b30c (0x00002f17) x30 0x8000d30c
core   0: 0x8000b310 (0xce3f2a23) sw      gp, -780(t5)
core   0: 3 0x8000b310 (0xce3f2a23) mem 0x8000d000 0x00000001
core   0: 0x8000b314 (0xff9ff06f) j       pc - 0x8
core   0: 3 0x8000b314 (0xff9ff06f)
core   0: 0x8000b30c (0x00002f17) auipc   t5, 0x2
core   0: 3 0x8000b30c (0x00002f17) x30 0x8000d30c
core   0: 0x8000b310 (0xce3f2a23) sw      gp, -780(t5)
core   0: 3 0x8000b310 (0xce3f2a23) mem 0x8000d000 0x00000001
core   0: 0x8000b314 (0xff9ff06f) j       pc - 0x8
core   0: 3 0x8000b314 (0xff9ff06f)
core   0: 0x8000b30c (0x00002f17) auipc   t5, 0x2
core   0: 3 0x8000b30c (0x00002f17) x30 0x8000d30c
core   0: 0x8000b310 (0xce3f2a23) sw      gp, -780(t5)
core   0: 3 0x8000b310 (0xce3f2a23) mem 0x8000d000 0x00000001
core   0: 0x8000b314 (0xff9ff06f) j       pc - 0x8
core   0: 3 0x8000b314 (0xff9ff06f)
core   0: 0x8000b30c (0x00002f17) auipc   t5, 0x2
core   0: 3 0x8000b30c (0x00002f17) x30 0x8000d30c
core   0: 0x8000b310 (0xce3f2a23) sw      gp, -780(t5)
core   0: 3 0x8000b310 (0xce3f2a23) mem 0x8000d000 0x00000001
core   0: 0x8000b314 (0xff9ff06f) j       pc - 0x8
core   0: 3 0x8000b314 (0xff9ff06f)
core   0: 0x8000b30c (0x00002f17) auipc   t5, 0x2
core   0: 3 0x8000b30c (0x00002f17) x30 0x8000d30c
core   0: 0x8000b310 (0xce3f2a23) sw      gp, -780(t5)
core   0: 3 0x8000b310 (0xce3f2a23) mem 0x8000d000 0x00000001
core   0: 0x8000b314 (0xff9ff06f) j       pc - 0x8
core   0: 3 0x8000b314 (0xff9ff06f)
core   0: 0x8000b30c (0x00002f17) auipc   t5, 0x2
core   0: 3 0x8000b30c (0x00002f17) x30 0x8000d30c
core   0: 0x8000b310 (0xce3f2a23) sw      gp, -780(t5)
core   0: 3 0x8000b310 (0xce3f2a23) mem 0x8000d000 0x00000001
core   0: 0x8000b314 (0xff9ff06f) j       pc - 0x8
core   0: 3 0x8000b314 (0xff9ff06f)
core   0: 0x8000b30c (0x00002f17) auipc   t5, 0x2
core   0: 3 0x8000b30c (0x00002f17) x30 0x8000d30c
core   0: 0x8000b310 (0xce3f2a23) sw      gp, -780(t5)
core   0: 3 0x8000b310 (0xce3f2a23) mem 0x8000d000 0x00000001
core   0: 0x8000b314 (0xff9ff06f) j       pc - 0x8
core   0: 3 0x8000b314 (0xff9ff06f)
core   0: 0x8000b30c (0x00002f17) auipc   t5, 0x2
core   0: 3 0x8000b30c (0x00002f17) x30 0x8000d30c
core   0: 0x8000b310 (0xce3f2a23) sw      gp, -780(t5)
core   0: 3 0x8000b310 (0xce3f2a23) mem 0x8000d000 0x00000001
core   0: 0x8000b314 (0xff9ff06f) j       pc - 0x8
core   0: 3 0x8000b314 (0xff9ff06f)
core   0: 0x8000b30c (0x00002f17) auipc   t5, 0x2
core   0: 3 0x8000b30c (0x00002f17) x30 0x8000d30c
core   0: 0x8000b310 (0xce3f2a23) sw      gp, -780(t5)
core   0: 3 0x8000b310 (0xce3f2a23) mem 0x8000d000 0x00000001
core   0: 0x8000b314 (0xff9ff06f) j       pc - 0x8
core   0: 3 0x8000b314 (0xff9ff06f)
core   0: 0x8000b30c (0x00002f17) auipc   t5, 0x2
core   0: 3 0x8000b30c (0x00002f17) x30 0x8000d30c
core   0: 0x8000b310 (0xce3f2a23) sw      gp, -780(t5)
core   0: 3 0x8000b310 (0xce3f2a23) mem 0x8000d000 0x00000001
core   0: 0x8000b314 (0xff9ff06f) j       pc - 0x8
core   0: 3 0x8000b314 (0xff9ff06f)
core   0: 0x8000b30c (0x00002f17) auipc   t5, 0x2
core   0: 3 0x8000b30c (0x00002f17) x30 0x8000d30c
core   0: 0x8000b310 (0xce3f2a23) sw      gp, -780(t5)
core   0: 3 0x8000b310 (0xce3f2a23) mem 0x8000d000 0x00000001
core   0: 0x8000b314 (0xff9ff06f) j       pc - 0x8
core   0: 3 0x8000b314 (0xff9ff06f)
core   0: 0x8000b30c (0x00002f17) auipc   t5, 0x2
core   0: 3 0x8000b30c (0x00002f17) x30 0x8000d30c
core   0: 0x8000b310 (0xce3f2a23) sw      gp, -780(t5)
core   0: 3 0x8000b310 (0xce3f2a23) mem 0x8000d000 0x00000001
core   0: 0x8000b314 (0xff9ff06f) j       pc - 0x8
core   0: 3 0x8000b314 (0xff9ff06f)
core   0: 0x8000b30c (0x00002f17) auipc   t5, 0x2
core   0: 3 0x8000b30c (0x00002f17) x30 0x8000d30c
core   0: 0x8000b310 (0xce3f2a23) sw      gp, -780(t5)
core   0: 3 0x8000b310 (0xce3f2a23) mem 0x8000d000 0x00000001
core   0: 0x8000b314 (0xff9ff06f) j       pc - 0x8
core   0: 3 0x8000b314 (0xff9ff06f)
core   0: 0x8000b30c (0x00002f17) auipc   t5, 0x2
core   0: 3 0x8000b30c (0x00002f17) x30 0x8000d30c
core   0: 0x8000b310 (0xce3f2a23) sw      gp, -780(t5)
core   0: 3 0x8000b310 (0xce3f2a23) mem 0x8000d000 0x00000001
core   0: 0x8000b314 (0xff9ff06f) j       pc - 0x8
core   0: 3 0x8000b314 (0xff9ff06f)
core   0: 0x8000b30c (0x00002f17) auipc   t5, 0x2
core   0: 3 0x8000b30c (0x00002f17) x30 0x8000d30c
core   0: 0x8000b310 (0xce3f2a23) sw      gp, -780(t5)
core   0: 3 0x8000b310 (0xce3f2a23) mem 0x8000d000 0x00000001
core   0: 0x8000b314 (0xff9ff06f) j       pc - 0x8
core   0: 3 0x8000b314 (0xff9ff06f)
core   0: 0x8000b30c (0x00002f17) auipc   t5, 0x2
core   0: 3 0x8000b30c (0x00002f17) x30 0x8000d30c
core   0: 0x8000b310 (0xce3f2a23) sw      gp, -780(t5)
core   0: 3 0x8000b310 (0xce3f2a23) mem 0x8000d000 0x00000001
core   0: 0x8000b314 (0xff9ff06f) j       pc - 0x8
core   0: 3 0x8000b314 (0xff9ff06f)
core   0: 0x8000b30c (0x00002f17) auipc   t5, 0x2
core   0: 3 0x8000b30c (0x00002f17) x30 0x8000d30c
core   0: 0x8000b310 (0xce3f2a23) sw      gp, -780(t5)
core   0: 3 0x8000b310 (0xce3f2a23) mem 0x8000d000 0x00000001
core   0: 0x8000b314 (0xff9ff06f) j       pc - 0x8
core   0: 3 0x8000b314 (0xff9ff06f)
core   0: 0x8000b30c (0x00002f17) auipc   t5, 0x2
core   0: 3 0x8000b30c (0x00002f17) x30 0x8000d30c
core   0: 0x8000b310 (0xce3f2a23) sw      gp, -780(t5)
core   0: 3 0x8000b310 (0xce3f2a23) mem 0x8000d000 0x00000001
core   0: 0x8000b314 (0xff9ff06f) j       pc - 0x8
core   0: 3 0x8000b314 (0xff9ff06f)
core   0: 0x8000b30c (0x00002f17) auipc   t5, 0x2
core   0: 3 0x8000b30c (0x00002f17) x30 0x8000d30c
core   0: 0x8000b310 (0xce3f2a23) sw      gp, -780(t5)
core   0: 3 0x8000b310 (0xce3f2a23) mem 0x8000d000 0x00000001
core   0: 0x8000b314 (0xff9ff06f) j       pc - 0x8
core   0: 3 0x8000b314 (0xff9ff06f)
core   0: 0x8000b30c (0x00002f17) auipc   t5, 0x2
core   0: 3 0x8000b30c (0x00002f17) x30 0x8000d30c
core   0: 0x8000b310 (0xce3f2a23) sw      gp, -780(t5)
core   0: 3 0x8000b310 (0xce3f2a23) mem 0x8000d000 0x00000001
core   0: 0x8000b314 (0xff9ff06f) j       pc - 0x8
core   0: 3 0x8000b314 (0xff9ff06f)
core   0: 0x8000b30c (0x00002f17) auipc   t5, 0x2
core   0: 3 0x8000b30c (0x00002f17) x30 0x8000d30c
core   0: 0x8000b310 (0xce3f2a23) sw      gp, -780(t5)
core   0: 3 0x8000b310 (0xce3f2a23) mem 0x8000d000 0x00000001
core   0: 0x8000b314 (0xff9ff06f) j       pc - 0x8
core   0: 3 0x8000b314 (0xff9ff06f)
core   0: 0x8000b30c (0x00002f17) auipc   t5, 0x2
core   0: 3 0x8000b30c (0x00002f17) x30 0x8000d30c
core   0: 0x8000b310 (0xce3f2a23) sw      gp, -780(t5)
core   0: 3 0x8000b310 (0xce3f2a23) mem 0x8000d000 0x00000001
core   0: 0x8000b314 (0xff9ff06f) j       pc - 0x8
core   0: 3 0x8000b314 (0xff9ff06f)
core   0: 0x8000b30c (0x00002f17) auipc   t5, 0x2
core   0: 3 0x8000b30c (0x00002f17) x30 0x8000d30c
core   0: 0x8000b310 (0xce3f2a23) sw      gp, -780(t5)
core   0: 3 0x8000b310 (0xce3f2a23) mem 0x8000d000 0x00000001
core   0: 0x8000b314 (0xff9ff06f) j       pc - 0x8
core   0: 3 0x8000b314 (0xff9ff06f)
core   0: 0x8000b30c (0x00002f17) auipc   t5, 0x2
core   0: 3 0x8000b30c (0x00002f17) x30 0x8000d30c
core   0: 0x8000b310 (0xce3f2a23) sw      gp, -780(t5)
core   0: 3 0x8000b310 (0xce3f2a23) mem 0x8000d000 0x00000001
core   0: 0x8000b314 (0xff9ff06f) j       pc - 0x8
core   0: 3 0x8000b314 (0xff9ff06f)
core   0: 0x8000b30c (0x00002f17) auipc   t5, 0x2
core   0: 3 0x8000b30c (0x00002f17) x30 0x8000d30c
core   0: 0x8000b310 (0xce3f2a23) sw      gp, -780(t5)
core   0: 3 0x8000b310 (0xce3f2a23) mem 0x8000d000 0x00000001
core   0: 0x8000b314 (0xff9ff06f) j       pc - 0x8
core   0: 3 0x8000b314 (0xff9ff06f)
core   0: 0x8000b30c (0x00002f17) auipc   t5, 0x2
core   0: 3 0x8000b30c (0x00002f17) x30 0x8000d30c
core   0: 0x8000b310 (0xce3f2a23) sw      gp, -780(t5)
core   0: 3 0x8000b310 (0xce3f2a23) mem 0x8000d000 0x00000001
core   0: 0x8000b314 (0xff9ff06f) j       pc - 0x8
core   0: 3 0x8000b314 (0xff9ff06f)
core   0: 0x8000b30c (0x00002f17) auipc   t5, 0x2
core   0: 3 0x8000b30c (0x00002f17) x30 0x8000d30c
core   0: 0x8000b310 (0xce3f2a23) sw      gp, -780(t5)
core   0: 3 0x8000b310 (0xce3f2a23) mem 0x8000d000 0x00000001
core   0: 0x8000b314 (0xff9ff06f) j       pc - 0x8
core   0: 3 0x8000b314 (0xff9ff06f)
core   0: 0x8000b30c (0x00002f17) auipc   t5, 0x2
core   0: 3 0x8000b30c (0x00002f17) x30 0x8000d30c
core   0: 0x8000b310 (0xce3f2a23) sw      gp, -780(t5)
core   0: 3 0x8000b310 (0xce3f2a23) mem 0x8000d000 0x00000001
core   0: 0x8000b314 (0xff9ff06f) j       pc - 0x8
core   0: 3 0x8000b314 (0xff9ff06f)
core   0: 0x8000b30c (0x00002f17) auipc   t5, 0x2
core   0: 3 0x8000b30c (0x00002f17) x30 0x8000d30c
core   0: 0x8000b310 (0xce3f2a23) sw      gp, -780(t5)
core   0: 3 0x8000b310 (0xce3f2a23) mem 0x8000d000 0x00000001
core   0: 0x8000b314 (0xff9ff06f) j       pc - 0x8
core   0: 3 0x8000b314 (0xff9ff06f)
core   0: 0x8000b30c (0x00002f17) auipc   t5, 0x2
core   0: 3 0x8000b30c (0x00002f17) x30 0x8000d30c
core   0: 0x8000b310 (0xce3f2a23) sw      gp, -780(t5)
core   0: 3 0x8000b310 (0xce3f2a23) mem 0x8000d000 0x00000001
core   0: 0x8000b314 (0xff9ff06f) j       pc - 0x8
core   0: 3 0x8000b314 (0xff9ff06f)
core   0: 0x8000b30c (0x00002f17) auipc   t5, 0x2
core   0: 3 0x8000b30c (0x00002f17) x30 0x8000d30c
core   0: 0x8000b310 (0xce3f2a23) sw      gp, -780(t5)
core   0: 3 0x8000b310 (0xce3f2a23) mem 0x8000d000 0x00000001
core   0: 0x8000b314 (0xff9ff06f) j       pc - 0x8
core   0: 3 0x8000b314 (0xff9ff06f)
core   0: 0x8000b30c (0x00002f17) auipc   t5, 0x2
core   0: 3 0x8000b30c (0x00002f17) x30 0x8000d30c
core   0: 0x8000b310 (0xce3f2a23) sw      gp, -780(t5)
core   0: 3 0x8000b310 (0xce3f2a23) mem 0x8000d000 0x00000001
core   0: 0x8000b314 (0xff9ff06f) j       pc - 0x8
core   0: 3 0x8000b314 (0xff9ff06f)
core   0: 0x8000b30c (0x00002f17) auipc   t5, 0x2
core   0: 3 0x8000b30c (0x00002f17) x30 0x8000d30c
core   0: 0x8000b310 (0xce3f2a23) sw      gp, -780(t5)
core   0: 3 0x8000b310 (0xce3f2a23) mem 0x8000d000 0x00000001
core   0: 0x8000b314 (0xff9ff06f) j       pc - 0x8
core   0: 3 0x8000b314 (0xff9ff06f)
core   0: 0x8000b30c (0x00002f17) auipc   t5, 0x2
core   0: 3 0x8000b30c (0x00002f17) x30 0x8000d30c
core   0: 0x8000b310 (0xce3f2a23) sw      gp, -780(t5)
core   0: 3 0x8000b310 (0xce3f2a23) mem 0x8000d000 0x00000001
core   0: 0x8000b314 (0xff9ff06f) j       pc - 0x8
core   0: 3 0x8000b314 (0xff9ff06f)
core   0: 0x8000b30c (0x00002f17) auipc   t5, 0x2
core   0: 3 0x8000b30c (0x00002f17) x30 0x8000d30c
core   0: 0x8000b310 (0xce3f2a23) sw      gp, -780(t5)
core   0: 3 0x8000b310 (0xce3f2a23) mem 0x8000d000 0x00000001
core   0: 0x8000b314 (0xff9ff06f) j       pc - 0x8
core   0: 3 0x8000b314 (0xff9ff06f)
core   0: 0x8000b30c (0x00002f17) auipc   t5, 0x2
core   0: 3 0x8000b30c (0x00002f17) x30 0x8000d30c
core   0: 0x8000b310 (0xce3f2a23) sw      gp, -780(t5)
core   0: 3 0x8000b310 (0xce3f2a23) mem 0x8000d000 0x00000001
core   0: 0x8000b314 (0xff9ff06f) j       pc - 0x8
core   0: 3 0x8000b314 (0xff9ff06f)
core   0: 0x8000b30c (0x00002f17) auipc   t5, 0x2
core   0: 3 0x8000b30c (0x00002f17) x30 0x8000d30c
core   0: 0x8000b310 (0xce3f2a23) sw      gp, -780(t5)
core   0: 3 0x8000b310 (0xce3f2a23) mem 0x8000d000 0x00000001
core   0: 0x8000b314 (0xff9ff06f) j       pc - 0x8
core   0: 3 0x8000b314 (0xff9ff06f)
core   0: 0x8000b30c (0x00002f17) auipc   t5, 0x2
core   0: 3 0x8000b30c (0x00002f17) x30 0x8000d30c
core   0: 0x8000b310 (0xce3f2a23) sw      gp, -780(t5)
core   0: 3 0x8000b310 (0xce3f2a23) mem 0x8000d000 0x00000001
core   0: 0x8000b314 (0xff9ff06f) j       pc - 0x8
core   0: 3 0x8000b314 (0xff9ff06f)
core   0: 0x8000b30c (0x00002f17) auipc   t5, 0x2
core   0: 3 0x8000b30c (0x00002f17) x30 0x8000d30c
core   0: 0x8000b310 (0xce3f2a23) sw      gp, -780(t5)
core   0: 3 0x8000b310 (0xce3f2a23) mem 0x8000d000 0x00000001
core   0: 0x8000b314 (0xff9ff06f) j       pc - 0x8
core   0: 3 0x8000b314 (0xff9ff06f)
core   0: 0x8000b30c (0x00002f17) auipc   t5, 0x2
core   0: 3 0x8000b30c (0x00002f17) x30 0x8000d30c
core   0: 0x8000b310 (0xce3f2a23) sw      gp, -780(t5)
core   0: 3 0x8000b310 (0xce3f2a23) mem 0x8000d000 0x00000001
core   0: 0x8000b314 (0xff9ff06f) j       pc - 0x8
core   0: 3 0x8000b314 (0xff9ff06f)
core   0: 0x8000b30c (0x00002f17) auipc   t5, 0x2
core   0: 3 0x8000b30c (0x00002f17) x30 0x8000d30c
core   0: 0x8000b310 (0xce3f2a23) sw      gp, -780(t5)
core   0: 3 0x8000b310 (0xce3f2a23) mem 0x8000d000 0x00000001
core   0: 0x8000b314 (0xff9ff06f) j       pc - 0x8
core   0: 3 0x8000b314 (0xff9ff06f)
core   0: 0x8000b30c (0x00002f17) auipc   t5, 0x2
core   0: 3 0x8000b30c (0x00002f17) x30 0x8000d30c
core   0: 0x8000b310 (0xce3f2a23) sw      gp, -780(t5)
core   0: 3 0x8000b310 (0xce3f2a23) mem 0x8000d000 0x00000001
core   0: 0x8000b314 (0xff9ff06f) j       pc - 0x8
core   0: 3 0x8000b314 (0xff9ff06f)
core   0: 0x8000b30c (0x00002f17) auipc   t5, 0x2
core   0: 3 0x8000b30c (0x00002f17) x30 0x8000d30c
core   0: 0x8000b310 (0xce3f2a23) sw      gp, -780(t5)
core   0: 3 0x8000b310 (0xce3f2a23) mem 0x8000d000 0x00000001
core   0: 0x8000b314 (0xff9ff06f) j       pc - 0x8
core   0: 3 0x8000b314 (0xff9ff06f)
core   0: 0x8000b30c (0x00002f17) auipc   t5, 0x2
core   0: 3 0x8000b30c (0x00002f17) x30 0x8000d30c
core   0: 0x8000b310 (0xce3f2a23) sw      gp, -780(t5)
core   0: 3 0x8000b310 (0xce3f2a23) mem 0x8000d000 0x00000001
core   0: 0x8000b314 (0xff9ff06f) j       pc - 0x8
core   0: 3 0x8000b314 (0xff9ff06f)
core   0: 0x8000b30c (0x00002f17) auipc   t5, 0x2
core   0: 3 0x8000b30c (0x00002f17) x30 0x8000d30c
core   0: 0x8000b310 (0xce3f2a23) sw      gp, -780(t5)
core   0: 3 0x8000b310 (0xce3f2a23) mem 0x8000d000 0x00000001
core   0: 0x8000b314 (0xff9ff06f) j       pc - 0x8
core   0: 3 0x8000b314 (0xff9ff06f)
core   0: 0x8000b30c (0x00002f17) auipc   t5, 0x2
core   0: 3 0x8000b30c (0x00002f17) x30 0x8000d30c
core   0: 0x8000b310 (0xce3f2a23) sw      gp, -780(t5)
core   0: 3 0x8000b310 (0xce3f2a23) mem 0x8000d000 0x00000001
core   0: 0x8000b314 (0xff9ff06f) j       pc - 0x8
core   0: 3 0x8000b314 (0xff9ff06f)
core   0: 0x8000b30c (0x00002f17) auipc   t5, 0x2
core   0: 3 0x8000b30c (0x00002f17) x30 0x8000d30c
core   0: 0x8000b310 (0xce3f2a23) sw      gp, -780(t5)
core   0: 3 0x8000b310 (0xce3f2a23) mem 0x8000d000 0x00000001
core   0: 0x8000b314 (0xff9ff06f) j       pc - 0x8
core   0: 3 0x8000b314 (0xff9ff06f)
core   0: 0x8000b30c (0x00002f17) auipc   t5, 0x2
core   0: 3 0x8000b30c (0x00002f17) x30 0x8000d30c
core   0: 0x8000b310 (0xce3f2a23) sw      gp, -780(t5)
core   0: 3 0x8000b310 (0xce3f2a23) mem 0x8000d000 0x00000001
core   0: 0x8000b314 (0xff9ff06f) j       pc - 0x8
core   0: 3 0x8000b314 (0xff9ff06f)
core   0: 0x8000b30c (0x00002f17) auipc   t5, 0x2
core   0: 3 0x8000b30c (0x00002f17) x30 0x8000d30c
core   0: 0x8000b310 (0xce3f2a23) sw      gp, -780(t5)
core   0: 3 0x8000b310 (0xce3f2a23) mem 0x8000d000 0x00000001
core   0: 0x8000b314 (0xff9ff06f) j       pc - 0x8
core   0: 3 0x8000b314 (0xff9ff06f)
core   0: 0x8000b30c (0x00002f17) auipc   t5, 0x2
core   0: 3 0x8000b30c (0x00002f17) x30 0x8000d30c
core   0: 0x8000b310 (0xce3f2a23) sw      gp, -780(t5)
core   0: 3 0x8000b310 (0xce3f2a23) mem 0x8000d000 0x00000001
core   0: 0x8000b314 (0xff9ff06f) j       pc - 0x8
core   0: 3 0x8000b314 (0xff9ff06f)
core   0: 0x8000b30c (0x00002f17) auipc   t5, 0x2
core   0: 3 0x8000b30c (0x00002f17) x30 0x8000d30c
core   0: 0x8000b310 (0xce3f2a23) sw      gp, -780(t5)
core   0: 3 0x8000b310 (0xce3f2a23) mem 0x8000d000 0x00000001
core   0: 0x8000b314 (0xff9ff06f) j       pc - 0x8
core   0: 3 0x8000b314 (0xff9ff06f)
core   0: 0x8000b30c (0x00002f17) auipc   t5, 0x2
core   0: 3 0x8000b30c (0x00002f17) x30 0x8000d30c
core   0: 0x8000b310 (0xce3f2a23) sw      gp, -780(t5)
core   0: 3 0x8000b310 (0xce3f2a23) mem 0x8000d000 0x00000001
core   0: 0x8000b314 (0xff9ff06f) j       pc - 0x8
core   0: 3 0x8000b314 (0xff9ff06f)
core   0: 0x8000b30c (0x00002f17) auipc   t5, 0x2
core   0: 3 0x8000b30c (0x00002f17) x30 0x8000d30c
core   0: 0x8000b310 (0xce3f2a23) sw      gp, -780(t5)
core   0: 3 0x8000b310 (0xce3f2a23) mem 0x8000d000 0x00000001
core   0: 0x8000b314 (0xff9ff06f) j       pc - 0x8
core   0: 3 0x8000b314 (0xff9ff06f)
core   0: 0x8000b30c (0x00002f17) auipc   t5, 0x2
core   0: 3 0x8000b30c (0x00002f17) x30 0x8000d30c
core   0: 0x8000b310 (0xce3f2a23) sw      gp, -780(t5)
core   0: 3 0x8000b310 (0xce3f2a23) mem 0x8000d000 0x00000001
core   0: 0x8000b314 (0xff9ff06f) j       pc - 0x8
core   0: 3 0x8000b314 (0xff9ff06f)
core   0: 0x8000b30c (0x00002f17) auipc   t5, 0x2
core   0: 3 0x8000b30c (0x00002f17) x30 0x8000d30c
core   0: 0x8000b310 (0xce3f2a23) sw      gp, -780(t5)
core   0: 3 0x8000b310 (0xce3f2a23) mem 0x8000d000 0x00000001
core   0: 0x8000b314 (0xff9ff06f) j       pc - 0x8
core   0: 3 0x8000b314 (0xff9ff06f)
core   0: 0x8000b30c (0x00002f17) auipc   t5, 0x2
core   0: 3 0x8000b30c (0x00002f17) x30 0x8000d30c
core   0: 0x8000b310 (0xce3f2a23) sw      gp, -780(t5)
core   0: 3 0x8000b310 (0xce3f2a23) mem 0x8000d000 0x00000001
core   0: 0x8000b314 (0xff9ff06f) j       pc - 0x8
core   0: 3 0x8000b314 (0xff9ff06f)
core   0: 0x8000b30c (0x00002f17) auipc   t5, 0x2
core   0: 3 0x8000b30c (0x00002f17) x30 0x8000d30c
core   0: 0x8000b310 (0xce3f2a23) sw      gp, -780(t5)
core   0: 3 0x8000b310 (0xce3f2a23) mem 0x8000d000 0x00000001
core   0: 0x8000b314 (0xff9ff06f) j       pc - 0x8
core   0: 3 0x8000b314 (0xff9ff06f)
core   0: 0x8000b30c (0x00002f17) auipc   t5, 0x2
core   0: 3 0x8000b30c (0x00002f17) x30 0x8000d30c
core   0: 0x8000b310 (0xce3f2a23) sw      gp, -780(t5)
core   0: 3 0x8000b310 (0xce3f2a23) mem 0x8000d000 0x00000001
core   0: 0x8000b314 (0xff9ff06f) j       pc - 0x8
core   0: 3 0x8000b314 (0xff9ff06f)
core   0: 0x8000b30c (0x00002f17) auipc   t5, 0x2
core   0: 3 0x8000b30c (0x00002f17) x30 0x8000d30c
core   0: 0x8000b310 (0xce3f2a23) sw      gp, -780(t5)
core   0: 3 0x8000b310 (0xce3f2a23) mem 0x8000d000 0x00000001
core   0: 0x8000b314 (0xff9ff06f) j       pc - 0x8
core   0: 3 0x8000b314 (0xff9ff06f)
core   0: 0x8000b30c (0x00002f17) auipc   t5, 0x2
core   0: 3 0x8000b30c (0x00002f17) x30 0x8000d30c
core   0: 0x8000b310 (0xce3f2a23) sw      gp, -780(t5)
core   0: 3 0x8000b310 (0xce3f2a23) mem 0x8000d000 0x00000001
core   0: 0x8000b314 (0xff9ff06f) j       pc - 0x8
core   0: 3 0x8000b314 (0xff9ff06f)
core   0: 0x8000b30c (0x00002f17) auipc   t5, 0x2
core   0: 3 0x8000b30c (0x00002f17) x30 0x8000d30c
core   0: 0x8000b310 (0xce3f2a23) sw      gp, -780(t5)
core   0: 3 0x8000b310 (0xce3f2a23) mem 0x8000d000 0x00000001
core   0: 0x8000b314 (0xff9ff06f) j       pc - 0x8
core   0: 3 0x8000b314 (0xff9ff06f)
core   0: 0x8000b30c (0x00002f17) auipc   t5, 0x2
core   0: 3 0x8000b30c (0x00002f17) x30 0x8000d30c
core   0: 0x8000b310 (0xce3f2a23) sw      gp, -780(t5)
core   0: 3 0x8000b310 (0xce3f2a23) mem 0x8000d000 0x00000001
core   0: 0x8000b314 (0xff9ff06f) j       pc - 0x8
core   0: 3 0x8000b314 (0xff9ff06f)
core   0: 0x8000b30c (0x00002f17) auipc   t5, 0x2
core   0: 3 0x8000b30c (0x00002f17) x30 0x8000d30c
core   0: 0x8000b310 (0xce3f2a23) sw      gp, -780(t5)
core   0: 3 0x8000b310 (0xce3f2a23) mem 0x8000d000 0x00000001
core   0: 0x8000b314 (0xff9ff06f) j       pc - 0x8
core   0: 3 0x8000b314 (0xff9ff06f)
core   0: 0x8000b30c (0x00002f17) auipc   t5, 0x2
core   0: 3 0x8000b30c (0x00002f17) x30 0x8000d30c
core   0: 0x8000b310 (0xce3f2a23) sw      gp, -780(t5)
core   0: 3 0x8000b310 (0xce3f2a23) mem 0x8000d000 0x00000001
core   0: 0x8000b314 (0xff9ff06f) j       pc - 0x8
core   0: 3 0x8000b314 (0xff9ff06f)
core   0: 0x8000b30c (0x00002f17) auipc   t5, 0x2
core   0: 3 0x8000b30c (0x00002f17) x30 0x8000d30c
core   0: 0x8000b310 (0xce3f2a23) sw      gp, -780(t5)
core   0: 3 0x8000b310 (0xce3f2a23) mem 0x8000d000 0x00000001
core   0: 0x8000b314 (0xff9ff06f) j       pc - 0x8
core   0: 3 0x8000b314 (0xff9ff06f)
core   0: 0x8000b30c (0x00002f17) auipc   t5, 0x2
core   0: 3 0x8000b30c (0x00002f17) x30 0x8000d30c
core   0: 0x8000b310 (0xce3f2a23) sw      gp, -780(t5)
core   0: 3 0x8000b310 (0xce3f2a23) mem 0x8000d000 0x00000001
core   0: 0x8000b314 (0xff9ff06f) j       pc - 0x8
core   0: 3 0x8000b314 (0xff9ff06f)
core   0: 0x8000b30c (0x00002f17) auipc   t5, 0x2
core   0: 3 0x8000b30c (0x00002f17) x30 0x8000d30c
core   0: 0x8000b310 (0xce3f2a23) sw      gp, -780(t5)
core   0: 3 0x8000b310 (0xce3f2a23) mem 0x8000d000 0x00000001
core   0: 0x8000b314 (0xff9ff06f) j       pc - 0x8
core   0: 3 0x8000b314 (0xff9ff06f)
core   0: 0x8000b30c (0x00002f17) auipc   t5, 0x2
core   0: 3 0x8000b30c (0x00002f17) x30 0x8000d30c
core   0: 0x8000b310 (0xce3f2a23) sw      gp, -780(t5)
core   0: 3 0x8000b310 (0xce3f2a23) mem 0x8000d000 0x00000001
core   0: 0x8000b314 (0xff9ff06f) j       pc - 0x8
core   0: 3 0x8000b314 (0xff9ff06f)
core   0: 0x8000b30c (0x00002f17) auipc   t5, 0x2
core   0: 3 0x8000b30c (0x00002f17) x30 0x8000d30c
core   0: 0x8000b310 (0xce3f2a23) sw      gp, -780(t5)
core   0: 3 0x8000b310 (0xce3f2a23) mem 0x8000d000 0x00000001
core   0: 0x8000b314 (0xff9ff06f) j       pc - 0x8
core   0: 3 0x8000b314 (0xff9ff06f)
core   0: 0x8000b30c (0x00002f17) auipc   t5, 0x2
core   0: 3 0x8000b30c (0x00002f17) x30 0x8000d30c
core   0: 0x8000b310 (0xce3f2a23) sw      gp, -780(t5)
core   0: 3 0x8000b310 (0xce3f2a23) mem 0x8000d000 0x00000001
core   0: 0x8000b314 (0xff9ff06f) j       pc - 0x8
core   0: 3 0x8000b314 (0xff9ff06f)
core   0: 0x8000b30c (0x00002f17) auipc   t5, 0x2
core   0: 3 0x8000b30c (0x00002f17) x30 0x8000d30c
core   0: 0x8000b310 (0xce3f2a23) sw      gp, -780(t5)
core   0: 3 0x8000b310 (0xce3f2a23) mem 0x8000d000 0x00000001
core   0: 0x8000b314 (0xff9ff06f) j       pc - 0x8
core   0: 3 0x8000b314 (0xff9ff06f)
core   0: 0x8000b30c (0x00002f17) auipc   t5, 0x2
core   0: 3 0x8000b30c (0x00002f17) x30 0x8000d30c
core   0: 0x8000b310 (0xce3f2a23) sw      gp, -780(t5)
core   0: 3 0x8000b310 (0xce3f2a23) mem 0x8000d000 0x00000001
core   0: 0x8000b314 (0xff9ff06f) j       pc - 0x8
core   0: 3 0x8000b314 (0xff9ff06f)
core   0: 0x8000b30c (0x00002f17) auipc   t5, 0x2
core   0: 3 0x8000b30c (0x00002f17) x30 0x8000d30c
core   0: 0x8000b310 (0xce3f2a23) sw      gp, -780(t5)
core   0: 3 0x8000b310 (0xce3f2a23) mem 0x8000d000 0x00000001
core   0: 0x8000b314 (0xff9ff06f) j       pc - 0x8
core   0: 3 0x8000b314 (0xff9ff06f)
core   0: 0x8000b30c (0x00002f17) auipc   t5, 0x2
core   0: 3 0x8000b30c (0x00002f17) x30 0x8000d30c
core   0: 0x8000b310 (0xce3f2a23) sw      gp, -780(t5)
core   0: 3 0x8000b310 (0xce3f2a23) mem 0x8000d000 0x00000001
core   0: 0x8000b314 (0xff9ff06f) j       pc - 0x8
core   0: 3 0x8000b314 (0xff9ff06f)
core   0: 0x8000b30c (0x00002f17) auipc   t5, 0x2
core   0: 3 0x8000b30c (0x00002f17) x30 0x8000d30c
core   0: 0x8000b310 (0xce3f2a23) sw      gp, -780(t5)
core   0: 3 0x8000b310 (0xce3f2a23) mem 0x8000d000 0x00000001
core   0: 0x8000b314 (0xff9ff06f) j       pc - 0x8
core   0: 3 0x8000b314 (0xff9ff06f)
core   0: 0x8000b30c (0x00002f17) auipc   t5, 0x2
core   0: 3 0x8000b30c (0x00002f17) x30 0x8000d30c
core   0: 0x8000b310 (0xce3f2a23) sw      gp, -780(t5)
core   0: 3 0x8000b310 (0xce3f2a23) mem 0x8000d000 0x00000001
core   0: 0x8000b314 (0xff9ff06f) j       pc - 0x8
core   0: 3 0x8000b314 (0xff9ff06f)
core   0: 0x8000b30c (0x00002f17) auipc   t5, 0x2
core   0: 3 0x8000b30c (0x00002f17) x30 0x8000d30c
core   0: 0x8000b310 (0xce3f2a23) sw      gp, -780(t5)
core   0: 3 0x8000b310 (0xce3f2a23) mem 0x8000d000 0x00000001
core   0: 0x8000b314 (0xff9ff06f) j       pc - 0x8
core   0: 3 0x8000b314 (0xff9ff06f)
core   0: 0x8000b30c (0x00002f17) auipc   t5, 0x2
core   0: 3 0x8000b30c (0x00002f17) x30 0x8000d30c
core   0: 0x8000b310 (0xce3f2a23) sw      gp, -780(t5)
core   0: 3 0x8000b310 (0xce3f2a23) mem 0x8000d000 0x00000001
core   0: 0x8000b314 (0xff9ff06f) j       pc - 0x8
core   0: 3 0x8000b314 (0xff9ff06f)
core   0: 0x8000b30c (0x00002f17) auipc   t5, 0x2
core   0: 3 0x8000b30c (0x00002f17) x30 0x8000d30c
core   0: 0x8000b310 (0xce3f2a23) sw      gp, -780(t5)
core   0: 3 0x8000b310 (0xce3f2a23) mem 0x8000d000 0x00000001
core   0: 0x8000b314 (0xff9ff06f) j       pc - 0x8
core   0: 3 0x8000b314 (0xff9ff06f)
core   0: 0x8000b30c (0x00002f17) auipc   t5, 0x2
core   0: 3 0x8000b30c (0x00002f17) x30 0x8000d30c
core   0: 0x8000b310 (0xce3f2a23) sw      gp, -780(t5)
core   0: 3 0x8000b310 (0xce3f2a23) mem 0x8000d000 0x00000001
core   0: 0x8000b314 (0xff9ff06f) j       pc - 0x8
core   0: 3 0x8000b314 (0xff9ff06f)
core   0: 0x8000b30c (0x00002f17) auipc   t5, 0x2
core   0: 3 0x8000b30c (0x00002f17) x30 0x8000d30c
core   0: 0x8000b310 (0xce3f2a23) sw      gp, -780(t5)
core   0: 3 0x8000b310 (0xce3f2a23) mem 0x8000d000 0x00000001
core   0: 0x8000b314 (0xff9ff06f) j       pc - 0x8
core   0: 3 0x8000b314 (0xff9ff06f)
core   0: 0x8000b30c (0x00002f17) auipc   t5, 0x2
core   0: 3 0x8000b30c (0x00002f17) x30 0x8000d30c
core   0: 0x8000b310 (0xce3f2a23) sw      gp, -780(t5)
core   0: 3 0x8000b310 (0xce3f2a23) mem 0x8000d000 0x00000001
core   0: 0x8000b314 (0xff9ff06f) j       pc - 0x8
core   0: 3 0x8000b314 (0xff9ff06f)
core   0: 0x8000b30c (0x00002f17) auipc   t5, 0x2
core   0: 3 0x8000b30c (0x00002f17) x30 0x8000d30c
core   0: 0x8000b310 (0xce3f2a23) sw      gp, -780(t5)
core   0: 3 0x8000b310 (0xce3f2a23) mem 0x8000d000 0x00000001
core   0: 0x8000b314 (0xff9ff06f) j       pc - 0x8
core   0: 3 0x8000b314 (0xff9ff06f)
core   0: 0x8000b30c (0x00002f17) auipc   t5, 0x2
core   0: 3 0x8000b30c (0x00002f17) x30 0x8000d30c
core   0: 0x8000b310 (0xce3f2a23) sw      gp, -780(t5)
core   0: 3 0x8000b310 (0xce3f2a23) mem 0x8000d000 0x00000001
core   0: 0x8000b314 (0xff9ff06f) j       pc - 0x8
core   0: 3 0x8000b314 (0xff9ff06f)
core   0: 0x8000b30c (0x00002f17) auipc   t5, 0x2
core   0: 3 0x8000b30c (0x00002f17) x30 0x8000d30c
core   0: 0x8000b310 (0xce3f2a23) sw      gp, -780(t5)
core   0: 3 0x8000b310 (0xce3f2a23) mem 0x8000d000 0x00000001
core   0: 0x8000b314 (0xff9ff06f) j       pc - 0x8
core   0: 3 0x8000b314 (0xff9ff06f)
core   0: 0x8000b30c (0x00002f17) auipc   t5, 0x2
core   0: 3 0x8000b30c (0x00002f17) x30 0x8000d30c
core   0: 0x8000b310 (0xce3f2a23) sw      gp, -780(t5)
core   0: 3 0x8000b310 (0xce3f2a23) mem 0x8000d000 0x00000001
core   0: 0x8000b314 (0xff9ff06f) j       pc - 0x8
core   0: 3 0x8000b314 (0xff9ff06f)
core   0: 0x8000b30c (0x00002f17) auipc   t5, 0x2
core   0: 3 0x8000b30c (0x00002f17) x30 0x8000d30c
core   0: 0x8000b310 (0xce3f2a23) sw      gp, -780(t5)
core   0: 3 0x8000b310 (0xce3f2a23) mem 0x8000d000 0x00000001
core   0: 0x8000b314 (0xff9ff06f) j       pc - 0x8
core   0: 3 0x8000b314 (0xff9ff06f)
core   0: 0x8000b30c (0x00002f17) auipc   t5, 0x2
core   0: 3 0x8000b30c (0x00002f17) x30 0x8000d30c
core   0: 0x8000b310 (0xce3f2a23) sw      gp, -780(t5)
core   0: 3 0x8000b310 (0xce3f2a23) mem 0x8000d000 0x00000001
core   0: 0x8000b314 (0xff9ff06f) j       pc - 0x8
core   0: 3 0x8000b314 (0xff9ff06f)
core   0: 0x8000b30c (0x00002f17) auipc   t5, 0x2
core   0: 3 0x8000b30c (0x00002f17) x30 0x8000d30c
core   0: 0x8000b310 (0xce3f2a23) sw      gp, -780(t5)
core   0: 3 0x8000b310 (0xce3f2a23) mem 0x8000d000 0x00000001
core   0: 0x8000b314 (0xff9ff06f) j       pc - 0x8
core   0: 3 0x8000b314 (0xff9ff06f)
core   0: 0x8000b30c (0x00002f17) auipc   t5, 0x2
core   0: 3 0x8000b30c (0x00002f17) x30 0x8000d30c
core   0: 0x8000b310 (0xce3f2a23) sw      gp, -780(t5)
core   0: 3 0x8000b310 (0xce3f2a23) mem 0x8000d000 0x00000001
core   0: 0x8000b314 (0xff9ff06f) j       pc - 0x8
core   0: 3 0x8000b314 (0xff9ff06f)
core   0: 0x8000b30c (0x00002f17) auipc   t5, 0x2
core   0: 3 0x8000b30c (0x00002f17) x30 0x8000d30c
core   0: 0x8000b310 (0xce3f2a23) sw      gp, -780(t5)
core   0: 3 0x8000b310 (0xce3f2a23) mem 0x8000d000 0x00000001
core   0: 0x8000b314 (0xff9ff06f) j       pc - 0x8
core   0: 3 0x8000b314 (0xff9ff06f)
core   0: 0x8000b30c (0x00002f17) auipc   t5, 0x2
core   0: 3 0x8000b30c (0x00002f17) x30 0x8000d30c
core   0: 0x8000b310 (0xce3f2a23) sw      gp, -780(t5)
core   0: 3 0x8000b310 (0xce3f2a23) mem 0x8000d000 0x00000001
core   0: 0x8000b314 (0xff9ff06f) j       pc - 0x8
core   0: 3 0x8000b314 (0xff9ff06f)
core   0: 0x8000b30c (0x00002f17) auipc   t5, 0x2
core   0: 3 0x8000b30c (0x00002f17) x30 0x8000d30c
core   0: 0x8000b310 (0xce3f2a23) sw      gp, -780(t5)
core   0: 3 0x8000b310 (0xce3f2a23) mem 0x8000d000 0x00000001
core   0: 0x8000b314 (0xff9ff06f) j       pc - 0x8
core   0: 3 0x8000b314 (0xff9ff06f)
core   0: 0x8000b30c (0x00002f17) auipc   t5, 0x2
core   0: 3 0x8000b30c (0x00002f17) x30 0x8000d30c
core   0: 0x8000b310 (0xce3f2a23) sw      gp, -780(t5)
core   0: 3 0x8000b310 (0xce3f2a23) mem 0x8000d000 0x00000001
core   0: 0x8000b314 (0xff9ff06f) j       pc - 0x8
core   0: 3 0x8000b314 (0xff9ff06f)
core   0: 0x8000b30c (0x00002f17) auipc   t5, 0x2
core   0: 3 0x8000b30c (0x00002f17) x30 0x8000d30c
core   0: 0x8000b310 (0xce3f2a23) sw      gp, -780(t5)
core   0: 3 0x8000b310 (0xce3f2a23) mem 0x8000d000 0x00000001
core   0: 0x8000b314 (0xff9ff06f) j       pc - 0x8
core   0: 3 0x8000b314 (0xff9ff06f)
core   0: 0x8000b30c (0x00002f17) auipc   t5, 0x2
core   0: 3 0x8000b30c (0x00002f17) x30 0x8000d30c
core   0: 0x8000b310 (0xce3f2a23) sw      gp, -780(t5)
core   0: 3 0x8000b310 (0xce3f2a23) mem 0x8000d000 0x00000001
core   0: 0x8000b314 (0xff9ff06f) j       pc - 0x8
core   0: 3 0x8000b314 (0xff9ff06f)
core   0: 0x8000b30c (0x00002f17) auipc   t5, 0x2
core   0: 3 0x8000b30c (0x00002f17) x30 0x8000d30c
core   0: 0x8000b310 (0xce3f2a23) sw      gp, -780(t5)
core   0: 3 0x8000b310 (0xce3f2a23) mem 0x8000d000 0x00000001
core   0: 0x8000b314 (0xff9ff06f) j       pc - 0x8
core   0: 3 0x8000b314 (0xff9ff06f)
core   0: 0x8000b30c (0x00002f17) auipc   t5, 0x2
core   0: 3 0x8000b30c (0x00002f17) x30 0x8000d30c
core   0: 0x8000b310 (0xce3f2a23) sw      gp, -780(t5)
core   0: 3 0x8000b310 (0xce3f2a23) mem 0x8000d000 0x00000001
core   0: 0x8000b314 (0xff9ff06f) j       pc - 0x8
core   0: 3 0x8000b314 (0xff9ff06f)
core   0: 0x8000b30c (0x00002f17) auipc   t5, 0x2
core   0: 3 0x8000b30c (0x00002f17) x30 0x8000d30c
core   0: 0x8000b310 (0xce3f2a23) sw      gp, -780(t5)
core   0: 3 0x8000b310 (0xce3f2a23) mem 0x8000d000 0x00000001
core   0: 0x8000b314 (0xff9ff06f) j       pc - 0x8
core   0: 3 0x8000b314 (0xff9ff06f)
core   0: 0x8000b30c (0x00002f17) auipc   t5, 0x2
core   0: 3 0x8000b30c (0x00002f17) x30 0x8000d30c
core   0: 0x8000b310 (0xce3f2a23) sw      gp, -780(t5)
core   0: 3 0x8000b310 (0xce3f2a23) mem 0x8000d000 0x00000001
core   0: 0x8000b314 (0xff9ff06f) j       pc - 0x8
core   0: 3 0x8000b314 (0xff9ff06f)
core   0: 0x8000b30c (0x00002f17) auipc   t5, 0x2
core   0: 3 0x8000b30c (0x00002f17) x30 0x8000d30c
core   0: 0x8000b310 (0xce3f2a23) sw      gp, -780(t5)
core   0: 3 0x8000b310 (0xce3f2a23) mem 0x8000d000 0x00000001
core   0: 0x8000b314 (0xff9ff06f) j       pc - 0x8
core   0: 3 0x8000b314 (0xff9ff06f)
core   0: 0x8000b30c (0x00002f17) auipc   t5, 0x2
core   0: 3 0x8000b30c (0x00002f17) x30 0x8000d30c
core   0: 0x8000b310 (0xce3f2a23) sw      gp, -780(t5)
core   0: 3 0x8000b310 (0xce3f2a23) mem 0x8000d000 0x00000001
core   0: 0x8000b314 (0xff9ff06f) j       pc - 0x8
core   0: 3 0x8000b314 (0xff9ff06f)
core   0: 0x8000b30c (0x00002f17) auipc   t5, 0x2
core   0: 3 0x8000b30c (0x00002f17) x30 0x8000d30c
core   0: 0x8000b310 (0xce3f2a23) sw      gp, -780(t5)
core   0: 3 0x8000b310 (0xce3f2a23) mem 0x8000d000 0x00000001
core   0: 0x8000b314 (0xff9ff06f) j       pc - 0x8
core   0: 3 0x8000b314 (0xff9ff06f)
core   0: 0x8000b30c (0x00002f17) auipc   t5, 0x2
core   0: 3 0x8000b30c (0x00002f17) x30 0x8000d30c
core   0: 0x8000b310 (0xce3f2a23) sw      gp, -780(t5)
core   0: 3 0x8000b310 (0xce3f2a23) mem 0x8000d000 0x00000001
core   0: 0x8000b314 (0xff9ff06f) j       pc - 0x8
core   0: 3 0x8000b314 (0xff9ff06f)
core   0: 0x8000b30c (0x00002f17) auipc   t5, 0x2
core   0: 3 0x8000b30c (0x00002f17) x30 0x8000d30c
core   0: 0x8000b310 (0xce3f2a23) sw      gp, -780(t5)
core   0: 3 0x8000b310 (0xce3f2a23) mem 0x8000d000 0x00000001
core   0: 0x8000b314 (0xff9ff06f) j       pc - 0x8
core   0: 3 0x8000b314 (0xff9ff06f)
core   0: 0x8000b30c (0x00002f17) auipc   t5, 0x2
core   0: 3 0x8000b30c (0x00002f17) x30 0x8000d30c
core   0: 0x8000b310 (0xce3f2a23) sw      gp, -780(t5)
core   0: 3 0x8000b310 (0xce3f2a23) mem 0x8000d000 0x00000001
core   0: 0x8000b314 (0xff9ff06f) j       pc - 0x8
core   0: 3 0x8000b314 (0xff9ff06f)
core   0: 0x8000b30c (0x00002f17) auipc   t5, 0x2
core   0: 3 0x8000b30c (0x00002f17) x30 0x8000d30c
core   0: 0x8000b310 (0xce3f2a23) sw      gp, -780(t5)
core   0: 3 0x8000b310 (0xce3f2a23) mem 0x8000d000 0x00000001
core   0: 0x8000b314 (0xff9ff06f) j       pc - 0x8
core   0: 3 0x8000b314 (0xff9ff06f)
core   0: 0x8000b30c (0x00002f17) auipc   t5, 0x2
core   0: 3 0x8000b30c (0x00002f17) x30 0x8000d30c
core   0: 0x8000b310 (0xce3f2a23) sw      gp, -780(t5)
core   0: 3 0x8000b310 (0xce3f2a23) mem 0x8000d000 0x00000001
core   0: 0x8000b314 (0xff9ff06f) j       pc - 0x8
core   0: 3 0x8000b314 (0xff9ff06f)
core   0: 0x8000b30c (0x00002f17) auipc   t5, 0x2
core   0: 3 0x8000b30c (0x00002f17) x30 0x8000d30c
core   0: 0x8000b310 (0xce3f2a23) sw      gp, -780(t5)
core   0: 3 0x8000b310 (0xce3f2a23) mem 0x8000d000 0x00000001
core   0: 0x8000b314 (0xff9ff06f) j       pc - 0x8
core   0: 3 0x8000b314 (0xff9ff06f)
core   0: 0x8000b30c (0x00002f17) auipc   t5, 0x2
core   0: 3 0x8000b30c (0x00002f17) x30 0x8000d30c
core   0: 0x8000b310 (0xce3f2a23) sw      gp, -780(t5)
core   0: 3 0x8000b310 (0xce3f2a23) mem 0x8000d000 0x00000001
core   0: 0x8000b314 (0xff9ff06f) j       pc - 0x8
core   0: 3 0x8000b314 (0xff9ff06f)
core   0: 0x8000b30c (0x00002f17) auipc   t5, 0x2
core   0: 3 0x8000b30c (0x00002f17) x30 0x8000d30c
core   0: 0x8000b310 (0xce3f2a23) sw      gp, -780(t5)
core   0: 3 0x8000b310 (0xce3f2a23) mem 0x8000d000 0x00000001
core   0: 0x8000b314 (0xff9ff06f) j       pc - 0x8
core   0: 3 0x8000b314 (0xff9ff06f)
core   0: 0x8000b30c (0x00002f17) auipc   t5, 0x2
core   0: 3 0x8000b30c (0x00002f17) x30 0x8000d30c
core   0: 0x8000b310 (0xce3f2a23) sw      gp, -780(t5)
core   0: 3 0x8000b310 (0xce3f2a23) mem 0x8000d000 0x00000001
core   0: 0x8000b314 (0xff9ff06f) j       pc - 0x8
core   0: 3 0x8000b314 (0xff9ff06f)
core   0: 0x8000b30c (0x00002f17) auipc   t5, 0x2
core   0: 3 0x8000b30c (0x00002f17) x30 0x8000d30c
core   0: 0x8000b310 (0xce3f2a23) sw      gp, -780(t5)
core   0: 3 0x8000b310 (0xce3f2a23) mem 0x8000d000 0x00000001
core   0: 0x8000b314 (0xff9ff06f) j       pc - 0x8
core   0: 3 0x8000b314 (0xff9ff06f)
core   0: 0x8000b30c (0x00002f17) auipc   t5, 0x2
core   0: 3 0x8000b30c (0x00002f17) x30 0x8000d30c
core   0: 0x8000b310 (0xce3f2a23) sw      gp, -780(t5)
core   0: 3 0x8000b310 (0xce3f2a23) mem 0x8000d000 0x00000001
core   0: 0x8000b314 (0xff9ff06f) j       pc - 0x8
core   0: 3 0x8000b314 (0xff9ff06f)
core   0: 0x8000b30c (0x00002f17) auipc   t5, 0x2
core   0: 3 0x8000b30c (0x00002f17) x30 0x8000d30c
core   0: 0x8000b310 (0xce3f2a23) sw      gp, -780(t5)
core   0: 3 0x8000b310 (0xce3f2a23) mem 0x8000d000 0x00000001
core   0: 0x8000b314 (0xff9ff06f) j       pc - 0x8
core   0: 3 0x8000b314 (0xff9ff06f)
core   0: 0x8000b30c (0x00002f17) auipc   t5, 0x2
core   0: 3 0x8000b30c (0x00002f17) x30 0x8000d30c
core   0: 0x8000b310 (0xce3f2a23) sw      gp, -780(t5)
core   0: 3 0x8000b310 (0xce3f2a23) mem 0x8000d000 0x00000001
core   0: 0x8000b314 (0xff9ff06f) j       pc - 0x8
core   0: 3 0x8000b314 (0xff9ff06f)
core   0: 0x8000b30c (0x00002f17) auipc   t5, 0x2
core   0: 3 0x8000b30c (0x00002f17) x30 0x8000d30c
core   0: 0x8000b310 (0xce3f2a23) sw      gp, -780(t5)
core   0: 3 0x8000b310 (0xce3f2a23) mem 0x8000d000 0x00000001
core   0: 0x8000b314 (0xff9ff06f) j       pc - 0x8
core   0: 3 0x8000b314 (0xff9ff06f)
core   0: 0x8000b30c (0x00002f17) auipc   t5, 0x2
core   0: 3 0x8000b30c (0x00002f17) x30 0x8000d30c
core   0: 0x8000b310 (0xce3f2a23) sw      gp, -780(t5)
core   0: 3 0x8000b310 (0xce3f2a23) mem 0x8000d000 0x00000001
core   0: 0x8000b314 (0xff9ff06f) j       pc - 0x8
core   0: 3 0x8000b314 (0xff9ff06f)
core   0: 0x8000b30c (0x00002f17) auipc   t5, 0x2
core   0: 3 0x8000b30c (0x00002f17) x30 0x8000d30c
core   0: 0x8000b310 (0xce3f2a23) sw      gp, -780(t5)
core   0: 3 0x8000b310 (0xce3f2a23) mem 0x8000d000 0x00000001
core   0: 0x8000b314 (0xff9ff06f) j       pc - 0x8
core   0: 3 0x8000b314 (0xff9ff06f)
core   0: 0x8000b30c (0x00002f17) auipc   t5, 0x2
core   0: 3 0x8000b30c (0x00002f17) x30 0x8000d30c
core   0: 0x8000b310 (0xce3f2a23) sw      gp, -780(t5)
core   0: 3 0x8000b310 (0xce3f2a23) mem 0x8000d000 0x00000001
core   0: 0x8000b314 (0xff9ff06f) j       pc - 0x8
core   0: 3 0x8000b314 (0xff9ff06f)
core   0: 0x8000b30c (0x00002f17) auipc   t5, 0x2
core   0: 3 0x8000b30c (0x00002f17) x30 0x8000d30c
core   0: 0x8000b310 (0xce3f2a23) sw      gp, -780(t5)
core   0: 3 0x8000b310 (0xce3f2a23) mem 0x8000d000 0x00000001
core   0: 0x8000b314 (0xff9ff06f) j       pc - 0x8
core   0: 3 0x8000b314 (0xff9ff06f)
core   0: 0x8000b30c (0x00002f17) auipc   t5, 0x2
core   0: 3 0x8000b30c (0x00002f17) x30 0x8000d30c
core   0: 0x8000b310 (0xce3f2a23) sw      gp, -780(t5)
core   0: 3 0x8000b310 (0xce3f2a23) mem 0x8000d000 0x00000001
core   0: 0x8000b314 (0xff9ff06f) j       pc - 0x8
core   0: 3 0x8000b314 (0xff9ff06f)
core   0: 0x8000b30c (0x00002f17) auipc   t5, 0x2
core   0: 3 0x8000b30c (0x00002f17) x30 0x8000d30c
core   0: 0x8000b310 (0xce3f2a23) sw      gp, -780(t5)
core   0: 3 0x8000b310 (0xce3f2a23) mem 0x8000d000 0x00000001
core   0: 0x8000b314 (0xff9ff06f) j       pc - 0x8
core   0: 3 0x8000b314 (0xff9ff06f)
core   0: 0x8000b30c (0x00002f17) auipc   t5, 0x2
core   0: 3 0x8000b30c (0x00002f17) x30 0x8000d30c
core   0: 0x8000b310 (0xce3f2a23) sw      gp, -780(t5)
core   0: 3 0x8000b310 (0xce3f2a23) mem 0x8000d000 0x00000001
core   0: 0x8000b314 (0xff9ff06f) j       pc - 0x8
core   0: 3 0x8000b314 (0xff9ff06f)
core   0: 0x8000b30c (0x00002f17) auipc   t5, 0x2
core   0: 3 0x8000b30c (0x00002f17) x30 0x8000d30c
core   0: 0x8000b310 (0xce3f2a23) sw      gp, -780(t5)
core   0: 3 0x8000b310 (0xce3f2a23) mem 0x8000d000 0x00000001
core   0: 0x8000b314 (0xff9ff06f) j       pc - 0x8
core   0: 3 0x8000b314 (0xff9ff06f)
core   0: 0x8000b30c (0x00002f17) auipc   t5, 0x2
core   0: 3 0x8000b30c (0x00002f17) x30 0x8000d30c
core   0: 0x8000b310 (0xce3f2a23) sw      gp, -780(t5)
core   0: 3 0x8000b310 (0xce3f2a23) mem 0x8000d000 0x00000001
core   0: 0x8000b314 (0xff9ff06f) j       pc - 0x8
core   0: 3 0x8000b314 (0xff9ff06f)
core   0: 0x8000b30c (0x00002f17) auipc   t5, 0x2
core   0: 3 0x8000b30c (0x00002f17) x30 0x8000d30c
core   0: 0x8000b310 (0xce3f2a23) sw      gp, -780(t5)
core   0: 3 0x8000b310 (0xce3f2a23) mem 0x8000d000 0x00000001
core   0: 0x8000b314 (0xff9ff06f) j       pc - 0x8
core   0: 3 0x8000b314 (0xff9ff06f)
core   0: 0x8000b30c (0x00002f17) auipc   t5, 0x2
core   0: 3 0x8000b30c (0x00002f17) x30 0x8000d30c
core   0: 0x8000b310 (0xce3f2a23) sw      gp, -780(t5)
core   0: 3 0x8000b310 (0xce3f2a23) mem 0x8000d000 0x00000001
core   0: 0x8000b314 (0xff9ff06f) j       pc - 0x8
core   0: 3 0x8000b314 (0xff9ff06f)
core   0: 0x8000b30c (0x00002f17) auipc   t5, 0x2
core   0: 3 0x8000b30c (0x00002f17) x30 0x8000d30c
core   0: 0x8000b310 (0xce3f2a23) sw      gp, -780(t5)
core   0: 3 0x8000b310 (0xce3f2a23) mem 0x8000d000 0x00000001
core   0: 0x8000b314 (0xff9ff06f) j       pc - 0x8
core   0: 3 0x8000b314 (0xff9ff06f)
core   0: 0x8000b30c (0x00002f17) auipc   t5, 0x2
core   0: 3 0x8000b30c (0x00002f17) x30 0x8000d30c
core   0: 0x8000b310 (0xce3f2a23) sw      gp, -780(t5)
core   0: 3 0x8000b310 (0xce3f2a23) mem 0x8000d000 0x00000001
core   0: 0x8000b314 (0xff9ff06f) j       pc - 0x8
core   0: 3 0x8000b314 (0xff9ff06f)
core   0: 0x8000b30c (0x00002f17) auipc   t5, 0x2
core   0: 3 0x8000b30c (0x00002f17) x30 0x8000d30c
core   0: 0x8000b310 (0xce3f2a23) sw      gp, -780(t5)
core   0: 3 0x8000b310 (0xce3f2a23) mem 0x8000d000 0x00000001
core   0: 0x8000b314 (0xff9ff06f) j       pc - 0x8
core   0: 3 0x8000b314 (0xff9ff06f)
core   0: 0x8000b30c (0x00002f17) auipc   t5, 0x2
core   0: 3 0x8000b30c (0x00002f17) x30 0x8000d30c
core   0: 0x8000b310 (0xce3f2a23) sw      gp, -780(t5)
core   0: 3 0x8000b310 (0xce3f2a23) mem 0x8000d000 0x00000001
core   0: 0x8000b314 (0xff9ff06f) j       pc - 0x8
core   0: 3 0x8000b314 (0xff9ff06f)
core   0: 0x8000b30c (0x00002f17) auipc   t5, 0x2
core   0: 3 0x8000b30c (0x00002f17) x30 0x8000d30c
core   0: 0x8000b310 (0xce3f2a23) sw      gp, -780(t5)
core   0: 3 0x8000b310 (0xce3f2a23) mem 0x8000d000 0x00000001
core   0: 0x8000b314 (0xff9ff06f) j       pc - 0x8
core   0: 3 0x8000b314 (0xff9ff06f)
core   0: 0x8000b30c (0x00002f17) auipc   t5, 0x2
core   0: 3 0x8000b30c (0x00002f17) x30 0x8000d30c
core   0: 0x8000b310 (0xce3f2a23) sw      gp, -780(t5)
core   0: 3 0x8000b310 (0xce3f2a23) mem 0x8000d000 0x00000001
core   0: 0x8000b314 (0xff9ff06f) j       pc - 0x8
core   0: 3 0x8000b314 (0xff9ff06f)
core   0: 0x8000b30c (0x00002f17) auipc   t5, 0x2
core   0: 3 0x8000b30c (0x00002f17) x30 0x8000d30c
core   0: 0x8000b310 (0xce3f2a23) sw      gp, -780(t5)
core   0: 3 0x8000b310 (0xce3f2a23) mem 0x8000d000 0x00000001
core   0: 0x8000b314 (0xff9ff06f) j       pc - 0x8
core   0: 3 0x8000b314 (0xff9ff06f)
core   0: 0x8000b30c (0x00002f17) auipc   t5, 0x2
core   0: 3 0x8000b30c (0x00002f17) x30 0x8000d30c
core   0: 0x8000b310 (0xce3f2a23) sw      gp, -780(t5)
core   0: 3 0x8000b310 (0xce3f2a23) mem 0x8000d000 0x00000001
core   0: 0x8000b314 (0xff9ff06f) j       pc - 0x8
core   0: 3 0x8000b314 (0xff9ff06f)
core   0: 0x8000b30c (0x00002f17) auipc   t5, 0x2
core   0: 3 0x8000b30c (0x00002f17) x30 0x8000d30c
core   0: 0x8000b310 (0xce3f2a23) sw      gp, -780(t5)
core   0: 3 0x8000b310 (0xce3f2a23) mem 0x8000d000 0x00000001
core   0: 0x8000b314 (0xff9ff06f) j       pc - 0x8
core   0: 3 0x8000b314 (0xff9ff06f)
core   0: 0x8000b30c (0x00002f17) auipc   t5, 0x2
core   0: 3 0x8000b30c (0x00002f17) x30 0x8000d30c
core   0: 0x8000b310 (0xce3f2a23) sw      gp, -780(t5)
core   0: 3 0x8000b310 (0xce3f2a23) mem 0x8000d000 0x00000001
core   0: 0x8000b314 (0xff9ff06f) j       pc - 0x8
core   0: 3 0x8000b314 (0xff9ff06f)
core   0: 0x8000b30c (0x00002f17) auipc   t5, 0x2
core   0: 3 0x8000b30c (0x00002f17) x30 0x8000d30c
core   0: 0x8000b310 (0xce3f2a23) sw      gp, -780(t5)
core   0: 3 0x8000b310 (0xce3f2a23) mem 0x8000d000 0x00000001
core   0: 0x8000b314 (0xff9ff06f) j       pc - 0x8
core   0: 3 0x8000b314 (0xff9ff06f)
core   0: 0x8000b30c (0x00002f17) auipc   t5, 0x2
core   0: 3 0x8000b30c (0x00002f17) x30 0x8000d30c
core   0: 0x8000b310 (0xce3f2a23) sw      gp, -780(t5)
core   0: 3 0x8000b310 (0xce3f2a23) mem 0x8000d000 0x00000001
core   0: 0x8000b314 (0xff9ff06f) j       pc - 0x8
core   0: 3 0x8000b314 (0xff9ff06f)
core   0: 0x8000b30c (0x00002f17) auipc   t5, 0x2
core   0: 3 0x8000b30c (0x00002f17) x30 0x8000d30c
core   0: 0x8000b310 (0xce3f2a23) sw      gp, -780(t5)
core   0: 3 0x8000b310 (0xce3f2a23) mem 0x8000d000 0x00000001
core   0: 0x8000b314 (0xff9ff06f) j       pc - 0x8
core   0: 3 0x8000b314 (0xff9ff06f)
core   0: 0x8000b30c (0x00002f17) auipc   t5, 0x2
core   0: 3 0x8000b30c (0x00002f17) x30 0x8000d30c
core   0: 0x8000b310 (0xce3f2a23) sw      gp, -780(t5)
core   0: 3 0x8000b310 (0xce3f2a23) mem 0x8000d000 0x00000001
core   0: 0x8000b314 (0xff9ff06f) j       pc - 0x8
core   0: 3 0x8000b314 (0xff9ff06f)
core   0: 0x8000b30c (0x00002f17) auipc   t5, 0x2
core   0: 3 0x8000b30c (0x00002f17) x30 0x8000d30c
core   0: 0x8000b310 (0xce3f2a23) sw      gp, -780(t5)
core   0: 3 0x8000b310 (0xce3f2a23) mem 0x8000d000 0x00000001
core   0: 0x8000b314 (0xff9ff06f) j       pc - 0x8
core   0: 3 0x8000b314 (0xff9ff06f)
core   0: 0x8000b30c (0x00002f17) auipc   t5, 0x2
core   0: 3 0x8000b30c (0x00002f17) x30 0x8000d30c
core   0: 0x8000b310 (0xce3f2a23) sw      gp, -780(t5)
core   0: 3 0x8000b310 (0xce3f2a23) mem 0x8000d000 0x00000001
core   0: 0x8000b314 (0xff9ff06f) j       pc - 0x8
core   0: 3 0x8000b314 (0xff9ff06f)
core   0: 0x8000b30c (0x00002f17) auipc   t5, 0x2
core   0: 3 0x8000b30c (0x00002f17) x30 0x8000d30c
core   0: 0x8000b310 (0xce3f2a23) sw      gp, -780(t5)
core   0: 3 0x8000b310 (0xce3f2a23) mem 0x8000d000 0x00000001
core   0: 0x8000b314 (0xff9ff06f) j       pc - 0x8
core   0: 3 0x8000b314 (0xff9ff06f)
core   0: 0x8000b30c (0x00002f17) auipc   t5, 0x2
core   0: 3 0x8000b30c (0x00002f17) x30 0x8000d30c
core   0: 0x8000b310 (0xce3f2a23) sw      gp, -780(t5)
core   0: 3 0x8000b310 (0xce3f2a23) mem 0x8000d000 0x00000001
core   0: 0x8000b314 (0xff9ff06f) j       pc - 0x8
core   0: 3 0x8000b314 (0xff9ff06f)
core   0: 0x8000b30c (0x00002f17) auipc   t5, 0x2
core   0: 3 0x8000b30c (0x00002f17) x30 0x8000d30c
core   0: 0x8000b310 (0xce3f2a23) sw      gp, -780(t5)
core   0: 3 0x8000b310 (0xce3f2a23) mem 0x8000d000 0x00000001
core   0: 0x8000b314 (0xff9ff06f) j       pc - 0x8
core   0: 3 0x8000b314 (0xff9ff06f)
core   0: 0x8000b30c (0x00002f17) auipc   t5, 0x2
core   0: 3 0x8000b30c (0x00002f17) x30 0x8000d30c
core   0: 0x8000b310 (0xce3f2a23) sw      gp, -780(t5)
core   0: 3 0x8000b310 (0xce3f2a23) mem 0x8000d000 0x00000001
core   0: 0x8000b314 (0xff9ff06f) j       pc - 0x8
core   0: 3 0x8000b314 (0xff9ff06f)
core   0: 0x8000b30c (0x00002f17) auipc   t5, 0x2
core   0: 3 0x8000b30c (0x00002f17) x30 0x8000d30c
core   0: 0x8000b310 (0xce3f2a23) sw      gp, -780(t5)
core   0: 3 0x8000b310 (0xce3f2a23) mem 0x8000d000 0x00000001
core   0: 0x8000b314 (0xff9ff06f) j       pc - 0x8
core   0: 3 0x8000b314 (0xff9ff06f)
core   0: 0x8000b30c (0x00002f17) auipc   t5, 0x2
core   0: 3 0x8000b30c (0x00002f17) x30 0x8000d30c
core   0: 0x8000b310 (0xce3f2a23) sw      gp, -780(t5)
core   0: 3 0x8000b310 (0xce3f2a23) mem 0x8000d000 0x00000001
core   0: 0x8000b314 (0xff9ff06f) j       pc - 0x8
core   0: 3 0x8000b314 (0xff9ff06f)
core   0: 0x8000b30c (0x00002f17) auipc   t5, 0x2
core   0: 3 0x8000b30c (0x00002f17) x30 0x8000d30c
core   0: 0x8000b310 (0xce3f2a23) sw      gp, -780(t5)
core   0: 3 0x8000b310 (0xce3f2a23) mem 0x8000d000 0x00000001
core   0: 0x8000b314 (0xff9ff06f) j       pc - 0x8
core   0: 3 0x8000b314 (0xff9ff06f)
core   0: 0x8000b30c (0x00002f17) auipc   t5, 0x2
core   0: 3 0x8000b30c (0x00002f17) x30 0x8000d30c
core   0: 0x8000b310 (0xce3f2a23) sw      gp, -780(t5)
core   0: 3 0x8000b310 (0xce3f2a23) mem 0x8000d000 0x00000001
core   0: 0x8000b314 (0xff9ff06f) j       pc - 0x8
core   0: 3 0x8000b314 (0xff9ff06f)
core   0: 0x8000b30c (0x00002f17) auipc   t5, 0x2
core   0: 3 0x8000b30c (0x00002f17) x30 0x8000d30c
core   0: 0x8000b310 (0xce3f2a23) sw      gp, -780(t5)
core   0: 3 0x8000b310 (0xce3f2a23) mem 0x8000d000 0x00000001
core   0: 0x8000b314 (0xff9ff06f) j       pc - 0x8
core   0: 3 0x8000b314 (0xff9ff06f)
core   0: 0x8000b30c (0x00002f17) auipc   t5, 0x2
core   0: 3 0x8000b30c (0x00002f17) x30 0x8000d30c
core   0: 0x8000b310 (0xce3f2a23) sw      gp, -780(t5)
core   0: 3 0x8000b310 (0xce3f2a23) mem 0x8000d000 0x00000001
core   0: 0x8000b314 (0xff9ff06f) j       pc - 0x8
core   0: 3 0x8000b314 (0xff9ff06f)
core   0: 0x8000b30c (0x00002f17) auipc   t5, 0x2
core   0: 3 0x8000b30c (0x00002f17) x30 0x8000d30c
core   0: 0x8000b310 (0xce3f2a23) sw      gp, -780(t5)
core   0: 3 0x8000b310 (0xce3f2a23) mem 0x8000d000 0x00000001
core   0: 0x8000b314 (0xff9ff06f) j       pc - 0x8
core   0: 3 0x8000b314 (0xff9ff06f)
core   0: 0x8000b30c (0x00002f17) auipc   t5, 0x2
core   0: 3 0x8000b30c (0x00002f17) x30 0x8000d30c
core   0: 0x8000b310 (0xce3f2a23) sw      gp, -780(t5)
core   0: 3 0x8000b310 (0xce3f2a23) mem 0x8000d000 0x00000001
core   0: 0x8000b314 (0xff9ff06f) j       pc - 0x8
core   0: 3 0x8000b314 (0xff9ff06f)
core   0: 0x8000b30c (0x00002f17) auipc   t5, 0x2
core   0: 3 0x8000b30c (0x00002f17) x30 0x8000d30c
core   0: 0x8000b310 (0xce3f2a23) sw      gp, -780(t5)
core   0: 3 0x8000b310 (0xce3f2a23) mem 0x8000d000 0x00000001
core   0: 0x8000b314 (0xff9ff06f) j       pc - 0x8
core   0: 3 0x8000b314 (0xff9ff06f)
core   0: 0x8000b30c (0x00002f17) auipc   t5, 0x2
core   0: 3 0x8000b30c (0x00002f17) x30 0x8000d30c
core   0: 0x8000b310 (0xce3f2a23) sw      gp, -780(t5)
core   0: 3 0x8000b310 (0xce3f2a23) mem 0x8000d000 0x00000001
core   0: 0x8000b314 (0xff9ff06f) j       pc - 0x8
core   0: 3 0x8000b314 (0xff9ff06f)
core   0: 0x8000b30c (0x00002f17) auipc   t5, 0x2
core   0: 3 0x8000b30c (0x00002f17) x30 0x8000d30c
core   0: 0x8000b310 (0xce3f2a23) sw      gp, -780(t5)
core   0: 3 0x8000b310 (0xce3f2a23) mem 0x8000d000 0x00000001
core   0: 0x8000b314 (0xff9ff06f) j       pc - 0x8
core   0: 3 0x8000b314 (0xff9ff06f)
core   0: 0x8000b30c (0x00002f17) auipc   t5, 0x2
core   0: 3 0x8000b30c (0x00002f17) x30 0x8000d30c
core   0: 0x8000b310 (0xce3f2a23) sw      gp, -780(t5)
core   0: 3 0x8000b310 (0xce3f2a23) mem 0x8000d000 0x00000001
core   0: 0x8000b314 (0xff9ff06f) j       pc - 0x8
core   0: 3 0x8000b314 (0xff9ff06f)
core   0: 0x8000b30c (0x00002f17) auipc   t5, 0x2
core   0: 3 0x8000b30c (0x00002f17) x30 0x8000d30c
core   0: 0x8000b310 (0xce3f2a23) sw      gp, -780(t5)
core   0: 3 0x8000b310 (0xce3f2a23) mem 0x8000d000 0x00000001
core   0: 0x8000b314 (0xff9ff06f) j       pc - 0x8
core   0: 3 0x8000b314 (0xff9ff06f)
core   0: 0x8000b30c (0x00002f17) auipc   t5, 0x2
core   0: 3 0x8000b30c (0x00002f17) x30 0x8000d30c
core   0: 0x8000b310 (0xce3f2a23) sw      gp, -780(t5)
core   0: 3 0x8000b310 (0xce3f2a23) mem 0x8000d000 0x00000001
core   0: 0x8000b314 (0xff9ff06f) j       pc - 0x8
core   0: 3 0x8000b314 (0xff9ff06f)
core   0: 0x8000b30c (0x00002f17) auipc   t5, 0x2
core   0: 3 0x8000b30c (0x00002f17) x30 0x8000d30c
core   0: 0x8000b310 (0xce3f2a23) sw      gp, -780(t5)
core   0: 3 0x8000b310 (0xce3f2a23) mem 0x8000d000 0x00000001
core   0: 0x8000b314 (0xff9ff06f) j       pc - 0x8
core   0: 3 0x8000b314 (0xff9ff06f)
core   0: 0x8000b30c (0x00002f17) auipc   t5, 0x2
core   0: 3 0x8000b30c (0x00002f17) x30 0x8000d30c
core   0: 0x8000b310 (0xce3f2a23) sw      gp, -780(t5)
core   0: 3 0x8000b310 (0xce3f2a23) mem 0x8000d000 0x00000001
core   0: 0x8000b314 (0xff9ff06f) j       pc - 0x8
core   0: 3 0x8000b314 (0xff9ff06f)
core   0: 0x8000b30c (0x00002f17) auipc   t5, 0x2
core   0: 3 0x8000b30c (0x00002f17) x30 0x8000d30c
core   0: 0x8000b310 (0xce3f2a23) sw      gp, -780(t5)
core   0: 3 0x8000b310 (0xce3f2a23) mem 0x8000d000 0x00000001
core   0: 0x8000b314 (0xff9ff06f) j       pc - 0x8
core   0: 3 0x8000b314 (0xff9ff06f)
core   0: 0x8000b30c (0x00002f17) auipc   t5, 0x2
core   0: 3 0x8000b30c (0x00002f17) x30 0x8000d30c
core   0: 0x8000b310 (0xce3f2a23) sw      gp, -780(t5)
core   0: 3 0x8000b310 (0xce3f2a23) mem 0x8000d000 0x00000001
core   0: 0x8000b314 (0xff9ff06f) j       pc - 0x8
core   0: 3 0x8000b314 (0xff9ff06f)
core   0: 0x8000b30c (0x00002f17) auipc   t5, 0x2
core   0: 3 0x8000b30c (0x00002f17) x30 0x8000d30c
core   0: 0x8000b310 (0xce3f2a23) sw      gp, -780(t5)
core   0: 3 0x8000b310 (0xce3f2a23) mem 0x8000d000 0x00000001
core   0: 0x8000b314 (0xff9ff06f) j       pc - 0x8
core   0: 3 0x8000b314 (0xff9ff06f)
core   0: 0x8000b30c (0x00002f17) auipc   t5, 0x2
core   0: 3 0x8000b30c (0x00002f17) x30 0x8000d30c
core   0: 0x8000b310 (0xce3f2a23) sw      gp, -780(t5)
core   0: 3 0x8000b310 (0xce3f2a23) mem 0x8000d000 0x00000001
core   0: 0x8000b314 (0xff9ff06f) j       pc - 0x8
core   0: 3 0x8000b314 (0xff9ff06f)
core   0: 0x8000b30c (0x00002f17) auipc   t5, 0x2
core   0: 3 0x8000b30c (0x00002f17) x30 0x8000d30c
core   0: 0x8000b310 (0xce3f2a23) sw      gp, -780(t5)
core   0: 3 0x8000b310 (0xce3f2a23) mem 0x8000d000 0x00000001
core   0: 0x8000b314 (0xff9ff06f) j       pc - 0x8
core   0: 3 0x8000b314 (0xff9ff06f)
core   0: 0x8000b30c (0x00002f17) auipc   t5, 0x2
core   0: 3 0x8000b30c (0x00002f17) x30 0x8000d30c
core   0: 0x8000b310 (0xce3f2a23) sw      gp, -780(t5)
core   0: 3 0x8000b310 (0xce3f2a23) mem 0x8000d000 0x00000001
core   0: 0x8000b314 (0xff9ff06f) j       pc - 0x8
core   0: 3 0x8000b314 (0xff9ff06f)
core   0: 0x8000b30c (0x00002f17) auipc   t5, 0x2
core   0: 3 0x8000b30c (0x00002f17) x30 0x8000d30c
core   0: 0x8000b310 (0xce3f2a23) sw      gp, -780(t5)
core   0: 3 0x8000b310 (0xce3f2a23) mem 0x8000d000 0x00000001
core   0: 0x8000b314 (0xff9ff06f) j       pc - 0x8
core   0: 3 0x8000b314 (0xff9ff06f)
core   0: 0x8000b30c (0x00002f17) auipc   t5, 0x2
core   0: 3 0x8000b30c (0x00002f17) x30 0x8000d30c
core   0: 0x8000b310 (0xce3f2a23) sw      gp, -780(t5)
core   0: 3 0x8000b310 (0xce3f2a23) mem 0x8000d000 0x00000001
core   0: 0x8000b314 (0xff9ff06f) j       pc - 0x8
core   0: 3 0x8000b314 (0xff9ff06f)
core   0: 0x8000b30c (0x00002f17) auipc   t5, 0x2
core   0: 3 0x8000b30c (0x00002f17) x30 0x8000d30c
core   0: 0x8000b310 (0xce3f2a23) sw      gp, -780(t5)
core   0: 3 0x8000b310 (0xce3f2a23) mem 0x8000d000 0x00000001
core   0: 0x8000b314 (0xff9ff06f) j       pc - 0x8
core   0: 3 0x8000b314 (0xff9ff06f)
core   0: 0x8000b30c (0x00002f17) auipc   t5, 0x2
core   0: 3 0x8000b30c (0x00002f17) x30 0x8000d30c
core   0: 0x8000b310 (0xce3f2a23) sw      gp, -780(t5)
core   0: 3 0x8000b310 (0xce3f2a23) mem 0x8000d000 0x00000001
core   0: 0x8000b314 (0xff9ff06f) j       pc - 0x8
core   0: 3 0x8000b314 (0xff9ff06f)
core   0: 0x8000b30c (0x00002f17) auipc   t5, 0x2
core   0: 3 0x8000b30c (0x00002f17) x30 0x8000d30c
core   0: 0x8000b310 (0xce3f2a23) sw      gp, -780(t5)
core   0: 3 0x8000b310 (0xce3f2a23) mem 0x8000d000 0x00000001
core   0: 0x8000b314 (0xff9ff06f) j       pc - 0x8
core   0: 3 0x8000b314 (0xff9ff06f)
core   0: 0x8000b30c (0x00002f17) auipc   t5, 0x2
core   0: 3 0x8000b30c (0x00002f17) x30 0x8000d30c
core   0: 0x8000b310 (0xce3f2a23) sw      gp, -780(t5)
core   0: 3 0x8000b310 (0xce3f2a23) mem 0x8000d000 0x00000001
core   0: 0x8000b314 (0xff9ff06f) j       pc - 0x8
core   0: 3 0x8000b314 (0xff9ff06f)
core   0: 0x8000b30c (0x00002f17) auipc   t5, 0x2
core   0: 3 0x8000b30c (0x00002f17) x30 0x8000d30c
core   0: 0x8000b310 (0xce3f2a23) sw      gp, -780(t5)
core   0: 3 0x8000b310 (0xce3f2a23) mem 0x8000d000 0x00000001
core   0: 0x8000b314 (0xff9ff06f) j       pc - 0x8
core   0: 3 0x8000b314 (0xff9ff06f)
core   0: 0x8000b30c (0x00002f17) auipc   t5, 0x2
core   0: 3 0x8000b30c (0x00002f17) x30 0x8000d30c
core   0: 0x8000b310 (0xce3f2a23) sw      gp, -780(t5)
core   0: 3 0x8000b310 (0xce3f2a23) mem 0x8000d000 0x00000001
core   0: 0x8000b314 (0xff9ff06f) j       pc - 0x8
core   0: 3 0x8000b314 (0xff9ff06f)
core   0: 0x8000b30c (0x00002f17) auipc   t5, 0x2
core   0: 3 0x8000b30c (0x00002f17) x30 0x8000d30c
core   0: 0x8000b310 (0xce3f2a23) sw      gp, -780(t5)
core   0: 3 0x8000b310 (0xce3f2a23) mem 0x8000d000 0x00000001
core   0: 0x8000b314 (0xff9ff06f) j       pc - 0x8
core   0: 3 0x8000b314 (0xff9ff06f)
core   0: 0x8000b30c (0x00002f17) auipc   t5, 0x2
core   0: 3 0x8000b30c (0x00002f17) x30 0x8000d30c
core   0: 0x8000b310 (0xce3f2a23) sw      gp, -780(t5)
core   0: 3 0x8000b310 (0xce3f2a23) mem 0x8000d000 0x00000001
core   0: 0x8000b314 (0xff9ff06f) j       pc - 0x8
core   0: 3 0x8000b314 (0xff9ff06f)
core   0: 0x8000b30c (0x00002f17) auipc   t5, 0x2
core   0: 3 0x8000b30c (0x00002f17) x30 0x8000d30c
core   0: 0x8000b310 (0xce3f2a23) sw      gp, -780(t5)
core   0: 3 0x8000b310 (0xce3f2a23) mem 0x8000d000 0x00000001
core   0: 0x8000b314 (0xff9ff06f) j       pc - 0x8
core   0: 3 0x8000b314 (0xff9ff06f)
core   0: 0x8000b30c (0x00002f17) auipc   t5, 0x2
core   0: 3 0x8000b30c (0x00002f17) x30 0x8000d30c
core   0: 0x8000b310 (0xce3f2a23) sw      gp, -780(t5)
core   0: 3 0x8000b310 (0xce3f2a23) mem 0x8000d000 0x00000001
core   0: 0x8000b314 (0xff9ff06f) j       pc - 0x8
core   0: 3 0x8000b314 (0xff9ff06f)
core   0: 0x8000b30c (0x00002f17) auipc   t5, 0x2
core   0: 3 0x8000b30c (0x00002f17) x30 0x8000d30c
core   0: 0x8000b310 (0xce3f2a23) sw      gp, -780(t5)
core   0: 3 0x8000b310 (0xce3f2a23) mem 0x8000d000 0x00000001
core   0: 0x8000b314 (0xff9ff06f) j       pc - 0x8
core   0: 3 0x8000b314 (0xff9ff06f)
core   0: 0x8000b30c (0x00002f17) auipc   t5, 0x2
core   0: 3 0x8000b30c (0x00002f17) x30 0x8000d30c
core   0: 0x8000b310 (0xce3f2a23) sw      gp, -780(t5)
core   0: 3 0x8000b310 (0xce3f2a23) mem 0x8000d000 0x00000001
core   0: 0x8000b314 (0xff9ff06f) j       pc - 0x8
core   0: 3 0x8000b314 (0xff9ff06f)
core   0: 0x8000b30c (0x00002f17) auipc   t5, 0x2
core   0: 3 0x8000b30c (0x00002f17) x30 0x8000d30c
core   0: 0x8000b310 (0xce3f2a23) sw      gp, -780(t5)
core   0: 3 0x8000b310 (0xce3f2a23) mem 0x8000d000 0x00000001
core   0: 0x8000b314 (0xff9ff06f) j       pc - 0x8
core   0: 3 0x8000b314 (0xff9ff06f)
core   0: 0x8000b30c (0x00002f17) auipc   t5, 0x2
core   0: 3 0x8000b30c (0x00002f17) x30 0x8000d30c
core   0: 0x8000b310 (0xce3f2a23) sw      gp, -780(t5)
core   0: 3 0x8000b310 (0xce3f2a23) mem 0x8000d000 0x00000001
core   0: 0x8000b314 (0xff9ff06f) j       pc - 0x8
core   0: 3 0x8000b314 (0xff9ff06f)
core   0: 0x8000b30c (0x00002f17) auipc   t5, 0x2
core   0: 3 0x8000b30c (0x00002f17) x30 0x8000d30c
core   0: 0x8000b310 (0xce3f2a23) sw      gp, -780(t5)
core   0: 3 0x8000b310 (0xce3f2a23) mem 0x8000d000 0x00000001
core   0: 0x8000b314 (0xff9ff06f) j       pc - 0x8
core   0: 3 0x8000b314 (0xff9ff06f)
core   0: 0x8000b30c (0x00002f17) auipc   t5, 0x2
core   0: 3 0x8000b30c (0x00002f17) x30 0x8000d30c
core   0: 0x8000b310 (0xce3f2a23) sw      gp, -780(t5)
core   0: 3 0x8000b310 (0xce3f2a23) mem 0x8000d000 0x00000001
core   0: 0x8000b314 (0xff9ff06f) j       pc - 0x8
core   0: 3 0x8000b314 (0xff9ff06f)
core   0: 0x8000b30c (0x00002f17) auipc   t5, 0x2
core   0: 3 0x8000b30c (0x00002f17) x30 0x8000d30c
core   0: 0x8000b310 (0xce3f2a23) sw      gp, -780(t5)
core   0: 3 0x8000b310 (0xce3f2a23) mem 0x8000d000 0x00000001
core   0: 0x8000b314 (0xff9ff06f) j       pc - 0x8
core   0: 3 0x8000b314 (0xff9ff06f)
core   0: 0x8000b30c (0x00002f17) auipc   t5, 0x2
core   0: 3 0x8000b30c (0x00002f17) x30 0x8000d30c
core   0: 0x8000b310 (0xce3f2a23) sw      gp, -780(t5)
core   0: 3 0x8000b310 (0xce3f2a23) mem 0x8000d000 0x00000001
core   0: 0x8000b314 (0xff9ff06f) j       pc - 0x8
core   0: 3 0x8000b314 (0xff9ff06f)
core   0: 0x8000b30c (0x00002f17) auipc   t5, 0x2
core   0: 3 0x8000b30c (0x00002f17) x30 0x8000d30c
core   0: 0x8000b310 (0xce3f2a23) sw      gp, -780(t5)
core   0: 3 0x8000b310 (0xce3f2a23) mem 0x8000d000 0x00000001
core   0: 0x8000b314 (0xff9ff06f) j       pc - 0x8
core   0: 3 0x8000b314 (0xff9ff06f)
core   0: 0x8000b30c (0x00002f17) auipc   t5, 0x2
core   0: 3 0x8000b30c (0x00002f17) x30 0x8000d30c
core   0: 0x8000b310 (0xce3f2a23) sw      gp, -780(t5)
core   0: 3 0x8000b310 (0xce3f2a23) mem 0x8000d000 0x00000001
core   0: 0x8000b314 (0xff9ff06f) j       pc - 0x8
core   0: 3 0x8000b314 (0xff9ff06f)
core   0: 0x8000b30c (0x00002f17) auipc   t5, 0x2
core   0: 3 0x8000b30c (0x00002f17) x30 0x8000d30c
core   0: 0x8000b310 (0xce3f2a23) sw      gp, -780(t5)
core   0: 3 0x8000b310 (0xce3f2a23) mem 0x8000d000 0x00000001
core   0: 0x8000b314 (0xff9ff06f) j       pc - 0x8
core   0: 3 0x8000b314 (0xff9ff06f)
core   0: 0x8000b30c (0x00002f17) auipc   t5, 0x2
core   0: 3 0x8000b30c (0x00002f17) x30 0x8000d30c
core   0: 0x8000b310 (0xce3f2a23) sw      gp, -780(t5)
core   0: 3 0x8000b310 (0xce3f2a23) mem 0x8000d000 0x00000001
core   0: 0x8000b314 (0xff9ff06f) j       pc - 0x8
core   0: 3 0x8000b314 (0xff9ff06f)
core   0: 0x8000b30c (0x00002f17) auipc   t5, 0x2
core   0: 3 0x8000b30c (0x00002f17) x30 0x8000d30c
core   0: 0x8000b310 (0xce3f2a23) sw      gp, -780(t5)
core   0: 3 0x8000b310 (0xce3f2a23) mem 0x8000d000 0x00000001
core   0: 0x8000b314 (0xff9ff06f) j       pc - 0x8
core   0: 3 0x8000b314 (0xff9ff06f)
core   0: 0x8000b30c (0x00002f17) auipc   t5, 0x2
core   0: 3 0x8000b30c (0x00002f17) x30 0x8000d30c
core   0: 0x8000b310 (0xce3f2a23) sw      gp, -780(t5)
core   0: 3 0x8000b310 (0xce3f2a23) mem 0x8000d000 0x00000001
core   0: 0x8000b314 (0xff9ff06f) j       pc - 0x8
core   0: 3 0x8000b314 (0xff9ff06f)
core   0: 0x8000b30c (0x00002f17) auipc   t5, 0x2
core   0: 3 0x8000b30c (0x00002f17) x30 0x8000d30c
core   0: 0x8000b310 (0xce3f2a23) sw      gp, -780(t5)
core   0: 3 0x8000b310 (0xce3f2a23) mem 0x8000d000 0x00000001
core   0: 0x8000b314 (0xff9ff06f) j       pc - 0x8
core   0: 3 0x8000b314 (0xff9ff06f)
core   0: 0x8000b30c (0x00002f17) auipc   t5, 0x2
core   0: 3 0x8000b30c (0x00002f17) x30 0x8000d30c
core   0: 0x8000b310 (0xce3f2a23) sw      gp, -780(t5)
core   0: 3 0x8000b310 (0xce3f2a23) mem 0x8000d000 0x00000001
core   0: 0x8000b314 (0xff9ff06f) j       pc - 0x8
core   0: 3 0x8000b314 (0xff9ff06f)
core   0: 0x8000b30c (0x00002f17) auipc   t5, 0x2
core   0: 3 0x8000b30c (0x00002f17) x30 0x8000d30c
core   0: 0x8000b310 (0xce3f2a23) sw      gp, -780(t5)
core   0: 3 0x8000b310 (0xce3f2a23) mem 0x8000d000 0x00000001
core   0: 0x8000b314 (0xff9ff06f) j       pc - 0x8
core   0: 3 0x8000b314 (0xff9ff06f)
core   0: 0x8000b30c (0x00002f17) auipc   t5, 0x2
core   0: 3 0x8000b30c (0x00002f17) x30 0x8000d30c
core   0: 0x8000b310 (0xce3f2a23) sw      gp, -780(t5)
core   0: 3 0x8000b310 (0xce3f2a23) mem 0x8000d000 0x00000001
core   0: 0x8000b314 (0xff9ff06f) j       pc - 0x8
core   0: 3 0x8000b314 (0xff9ff06f)
core   0: 0x8000b30c (0x00002f17) auipc   t5, 0x2
core   0: 3 0x8000b30c (0x00002f17) x30 0x8000d30c
core   0: 0x8000b310 (0xce3f2a23) sw      gp, -780(t5)
core   0: 3 0x8000b310 (0xce3f2a23) mem 0x8000d000 0x00000001
core   0: 0x8000b314 (0xff9ff06f) j       pc - 0x8
core   0: 3 0x8000b314 (0xff9ff06f)
core   0: 0x8000b30c (0x00002f17) auipc   t5, 0x2
core   0: 3 0x8000b30c (0x00002f17) x30 0x8000d30c
core   0: 0x8000b310 (0xce3f2a23) sw      gp, -780(t5)
core   0: 3 0x8000b310 (0xce3f2a23) mem 0x8000d000 0x00000001
core   0: 0x8000b314 (0xff9ff06f) j       pc - 0x8
core   0: 3 0x8000b314 (0xff9ff06f)
core   0: 0x8000b30c (0x00002f17) auipc   t5, 0x2
core   0: 3 0x8000b30c (0x00002f17) x30 0x8000d30c
core   0: 0x8000b310 (0xce3f2a23) sw      gp, -780(t5)
core   0: 3 0x8000b310 (0xce3f2a23) mem 0x8000d000 0x00000001
core   0: 0x8000b314 (0xff9ff06f) j       pc - 0x8
core   0: 3 0x8000b314 (0xff9ff06f)
core   0: 0x8000b30c (0x00002f17) auipc   t5, 0x2
core   0: 3 0x8000b30c (0x00002f17) x30 0x8000d30c
core   0: 0x8000b310 (0xce3f2a23) sw      gp, -780(t5)
core   0: 3 0x8000b310 (0xce3f2a23) mem 0x8000d000 0x00000001
core   0: 0x8000b314 (0xff9ff06f) j       pc - 0x8
core   0: 3 0x8000b314 (0xff9ff06f)
core   0: 0x8000b30c (0x00002f17) auipc   t5, 0x2
core   0: 3 0x8000b30c (0x00002f17) x30 0x8000d30c
core   0: 0x8000b310 (0xce3f2a23) sw      gp, -780(t5)
core   0: 3 0x8000b310 (0xce3f2a23) mem 0x8000d000 0x00000001
core   0: 0x8000b314 (0xff9ff06f) j       pc - 0x8
core   0: 3 0x8000b314 (0xff9ff06f)
core   0: 0x8000b30c (0x00002f17) auipc   t5, 0x2
core   0: 3 0x8000b30c (0x00002f17) x30 0x8000d30c
core   0: 0x8000b310 (0xce3f2a23) sw      gp, -780(t5)
core   0: 3 0x8000b310 (0xce3f2a23) mem 0x8000d000 0x00000001
core   0: 0x8000b314 (0xff9ff06f) j       pc - 0x8
core   0: 3 0x8000b314 (0xff9ff06f)
core   0: 0x8000b30c (0x00002f17) auipc   t5, 0x2
core   0: 3 0x8000b30c (0x00002f17) x30 0x8000d30c
core   0: 0x8000b310 (0xce3f2a23) sw      gp, -780(t5)
core   0: 3 0x8000b310 (0xce3f2a23) mem 0x8000d000 0x00000001
core   0: 0x8000b314 (0xff9ff06f) j       pc - 0x8
core   0: 3 0x8000b314 (0xff9ff06f)
core   0: 0x8000b30c (0x00002f17) auipc   t5, 0x2
core   0: 3 0x8000b30c (0x00002f17) x30 0x8000d30c
core   0: 0x8000b310 (0xce3f2a23) sw      gp, -780(t5)
core   0: 3 0x8000b310 (0xce3f2a23) mem 0x8000d000 0x00000001
core   0: 0x8000b314 (0xff9ff06f) j       pc - 0x8
core   0: 3 0x8000b314 (0xff9ff06f)
core   0: 0x8000b30c (0x00002f17) auipc   t5, 0x2
core   0: 3 0x8000b30c (0x00002f17) x30 0x8000d30c
core   0: 0x8000b310 (0xce3f2a23) sw      gp, -780(t5)
core   0: 3 0x8000b310 (0xce3f2a23) mem 0x8000d000 0x00000001
core   0: 0x8000b314 (0xff9ff06f) j       pc - 0x8
core   0: 3 0x8000b314 (0xff9ff06f)
core   0: 0x8000b30c (0x00002f17) auipc   t5, 0x2
core   0: 3 0x8000b30c (0x00002f17) x30 0x8000d30c
core   0: 0x8000b310 (0xce3f2a23) sw      gp, -780(t5)
core   0: 3 0x8000b310 (0xce3f2a23) mem 0x8000d000 0x00000001
core   0: 0x8000b314 (0xff9ff06f) j       pc - 0x8
core   0: 3 0x8000b314 (0xff9ff06f)
core   0: 0x8000b30c (0x00002f17) auipc   t5, 0x2
core   0: 3 0x8000b30c (0x00002f17) x30 0x8000d30c
core   0: 0x8000b310 (0xce3f2a23) sw      gp, -780(t5)
core   0: 3 0x8000b310 (0xce3f2a23) mem 0x8000d000 0x00000001
core   0: 0x8000b314 (0xff9ff06f) j       pc - 0x8
core   0: 3 0x8000b314 (0xff9ff06f)
core   0: 0x8000b30c (0x00002f17) auipc   t5, 0x2
core   0: 3 0x8000b30c (0x00002f17) x30 0x8000d30c
core   0: 0x8000b310 (0xce3f2a23) sw      gp, -780(t5)
core   0: 3 0x8000b310 (0xce3f2a23) mem 0x8000d000 0x00000001
core   0: 0x8000b314 (0xff9ff06f) j       pc - 0x8
core   0: 3 0x8000b314 (0xff9ff06f)
core   0: 0x8000b30c (0x00002f17) auipc   t5, 0x2
core   0: 3 0x8000b30c (0x00002f17) x30 0x8000d30c
core   0: 0x8000b310 (0xce3f2a23) sw      gp, -780(t5)
core   0: 3 0x8000b310 (0xce3f2a23) mem 0x8000d000 0x00000001
core   0: 0x8000b314 (0xff9ff06f) j       pc - 0x8
core   0: 3 0x8000b314 (0xff9ff06f)
core   0: 0x8000b30c (0x00002f17) auipc   t5, 0x2
core   0: 3 0x8000b30c (0x00002f17) x30 0x8000d30c
core   0: 0x8000b310 (0xce3f2a23) sw      gp, -780(t5)
core   0: 3 0x8000b310 (0xce3f2a23) mem 0x8000d000 0x00000001
core   0: 0x8000b314 (0xff9ff06f) j       pc - 0x8
core   0: 3 0x8000b314 (0xff9ff06f)
core   0: 0x8000b30c (0x00002f17) auipc   t5, 0x2
core   0: 3 0x8000b30c (0x00002f17) x30 0x8000d30c
core   0: 0x8000b310 (0xce3f2a23) sw      gp, -780(t5)
core   0: 3 0x8000b310 (0xce3f2a23) mem 0x8000d000 0x00000001
core   0: 0x8000b314 (0xff9ff06f) j       pc - 0x8
core   0: 3 0x8000b314 (0xff9ff06f)
core   0: 0x8000b30c (0x00002f17) auipc   t5, 0x2
core   0: 3 0x8000b30c (0x00002f17) x30 0x8000d30c
core   0: 0x8000b310 (0xce3f2a23) sw      gp, -780(t5)
core   0: 3 0x8000b310 (0xce3f2a23) mem 0x8000d000 0x00000001
core   0: 0x8000b314 (0xff9ff06f) j       pc - 0x8
core   0: 3 0x8000b314 (0xff9ff06f)
core   0: 0x8000b30c (0x00002f17) auipc   t5, 0x2
core   0: 3 0x8000b30c (0x00002f17) x30 0x8000d30c
core   0: 0x8000b310 (0xce3f2a23) sw      gp, -780(t5)
core   0: 3 0x8000b310 (0xce3f2a23) mem 0x8000d000 0x00000001
core   0: 0x8000b314 (0xff9ff06f) j       pc - 0x8
core   0: 3 0x8000b314 (0xff9ff06f)
core   0: 0x8000b30c (0x00002f17) auipc   t5, 0x2
core   0: 3 0x8000b30c (0x00002f17) x30 0x8000d30c
core   0: 0x8000b310 (0xce3f2a23) sw      gp, -780(t5)
core   0: 3 0x8000b310 (0xce3f2a23) mem 0x8000d000 0x00000001
core   0: 0x8000b314 (0xff9ff06f) j       pc - 0x8
core   0: 3 0x8000b314 (0xff9ff06f)
core   0: 0x8000b30c (0x00002f17) auipc   t5, 0x2
core   0: 3 0x8000b30c (0x00002f17) x30 0x8000d30c
core   0: 0x8000b310 (0xce3f2a23) sw      gp, -780(t5)
core   0: 3 0x8000b310 (0xce3f2a23) mem 0x8000d000 0x00000001
core   0: 0x8000b314 (0xff9ff06f) j       pc - 0x8
core   0: 3 0x8000b314 (0xff9ff06f)
core   0: 0x8000b30c (0x00002f17) auipc   t5, 0x2
core   0: 3 0x8000b30c (0x00002f17) x30 0x8000d30c
core   0: 0x8000b310 (0xce3f2a23) sw      gp, -780(t5)
core   0: 3 0x8000b310 (0xce3f2a23) mem 0x8000d000 0x00000001
core   0: 0x8000b314 (0xff9ff06f) j       pc - 0x8
core   0: 3 0x8000b314 (0xff9ff06f)
core   0: 0x8000b30c (0x00002f17) auipc   t5, 0x2
core   0: 3 0x8000b30c (0x00002f17) x30 0x8000d30c
core   0: 0x8000b310 (0xce3f2a23) sw      gp, -780(t5)
core   0: 3 0x8000b310 (0xce3f2a23) mem 0x8000d000 0x00000001
core   0: 0x8000b314 (0xff9ff06f) j       pc - 0x8
core   0: 3 0x8000b314 (0xff9ff06f)
core   0: 0x8000b30c (0x00002f17) auipc   t5, 0x2
core   0: 3 0x8000b30c (0x00002f17) x30 0x8000d30c
core   0: 0x8000b310 (0xce3f2a23) sw      gp, -780(t5)
core   0: 3 0x8000b310 (0xce3f2a23) mem 0x8000d000 0x00000001
core   0: 0x8000b314 (0xff9ff06f) j       pc - 0x8
core   0: 3 0x8000b314 (0xff9ff06f)
core   0: 0x8000b30c (0x00002f17) auipc   t5, 0x2
core   0: 3 0x8000b30c (0x00002f17) x30 0x8000d30c
core   0: 0x8000b310 (0xce3f2a23) sw      gp, -780(t5)
core   0: 3 0x8000b310 (0xce3f2a23) mem 0x8000d000 0x00000001
core   0: 0x8000b314 (0xff9ff06f) j       pc - 0x8
core   0: 3 0x8000b314 (0xff9ff06f)
core   0: 0x8000b30c (0x00002f17) auipc   t5, 0x2
core   0: 3 0x8000b30c (0x00002f17) x30 0x8000d30c
core   0: 0x8000b310 (0xce3f2a23) sw      gp, -780(t5)
core   0: 3 0x8000b310 (0xce3f2a23) mem 0x8000d000 0x00000001
core   0: 0x8000b314 (0xff9ff06f) j       pc - 0x8
core   0: 3 0x8000b314 (0xff9ff06f)
core   0: 0x8000b30c (0x00002f17) auipc   t5, 0x2
core   0: 3 0x8000b30c (0x00002f17) x30 0x8000d30c
core   0: 0x8000b310 (0xce3f2a23) sw      gp, -780(t5)
core   0: 3 0x8000b310 (0xce3f2a23) mem 0x8000d000 0x00000001
core   0: 0x8000b314 (0xff9ff06f) j       pc - 0x8
core   0: 3 0x8000b314 (0xff9ff06f)
core   0: 0x8000b30c (0x00002f17) auipc   t5, 0x2
core   0: 3 0x8000b30c (0x00002f17) x30 0x8000d30c
core   0: 0x8000b310 (0xce3f2a23) sw      gp, -780(t5)
core   0: 3 0x8000b310 (0xce3f2a23) mem 0x8000d000 0x00000001
core   0: 0x8000b314 (0xff9ff06f) j       pc - 0x8
core   0: 3 0x8000b314 (0xff9ff06f)
core   0: 0x8000b30c (0x00002f17) auipc   t5, 0x2
core   0: 3 0x8000b30c (0x00002f17) x30 0x8000d30c
core   0: 0x8000b310 (0xce3f2a23) sw      gp, -780(t5)
core   0: 3 0x8000b310 (0xce3f2a23) mem 0x8000d000 0x00000001
core   0: 0x8000b314 (0xff9ff06f) j       pc - 0x8
core   0: 3 0x8000b314 (0xff9ff06f)
core   0: 0x8000b30c (0x00002f17) auipc   t5, 0x2
core   0: 3 0x8000b30c (0x00002f17) x30 0x8000d30c
core   0: 0x8000b310 (0xce3f2a23) sw      gp, -780(t5)
core   0: 3 0x8000b310 (0xce3f2a23) mem 0x8000d000 0x00000001
core   0: 0x8000b314 (0xff9ff06f) j       pc - 0x8
core   0: 3 0x8000b314 (0xff9ff06f)
core   0: 0x8000b30c (0x00002f17) auipc   t5, 0x2
core   0: 3 0x8000b30c (0x00002f17) x30 0x8000d30c
core   0: 0x8000b310 (0xce3f2a23) sw      gp, -780(t5)
core   0: 3 0x8000b310 (0xce3f2a23) mem 0x8000d000 0x00000001
core   0: 0x8000b314 (0xff9ff06f) j       pc - 0x8
core   0: 3 0x8000b314 (0xff9ff06f)
core   0: 0x8000b30c (0x00002f17) auipc   t5, 0x2
core   0: 3 0x8000b30c (0x00002f17) x30 0x8000d30c
core   0: 0x8000b310 (0xce3f2a23) sw      gp, -780(t5)
core   0: 3 0x8000b310 (0xce3f2a23) mem 0x8000d000 0x00000001
core   0: 0x8000b314 (0xff9ff06f) j       pc - 0x8
core   0: 3 0x8000b314 (0xff9ff06f)
core   0: 0x8000b30c (0x00002f17) auipc   t5, 0x2
core   0: 3 0x8000b30c (0x00002f17) x30 0x8000d30c
core   0: 0x8000b310 (0xce3f2a23) sw      gp, -780(t5)
core   0: 3 0x8000b310 (0xce3f2a23) mem 0x8000d000 0x00000001
core   0: 0x8000b314 (0xff9ff06f) j       pc - 0x8
core   0: 3 0x8000b314 (0xff9ff06f)
core   0: 0x8000b30c (0x00002f17) auipc   t5, 0x2
core   0: 3 0x8000b30c (0x00002f17) x30 0x8000d30c
core   0: 0x8000b310 (0xce3f2a23) sw      gp, -780(t5)
core   0: 3 0x8000b310 (0xce3f2a23) mem 0x8000d000 0x00000001
core   0: 0x8000b314 (0xff9ff06f) j       pc - 0x8
core   0: 3 0x8000b314 (0xff9ff06f)
core   0: 0x8000b30c (0x00002f17) auipc   t5, 0x2
core   0: 3 0x8000b30c (0x00002f17) x30 0x8000d30c
core   0: 0x8000b310 (0xce3f2a23) sw      gp, -780(t5)
core   0: 3 0x8000b310 (0xce3f2a23) mem 0x8000d000 0x00000001
core   0: 0x8000b314 (0xff9ff06f) j       pc - 0x8
core   0: 3 0x8000b314 (0xff9ff06f)
core   0: 0x8000b30c (0x00002f17) auipc   t5, 0x2
core   0: 3 0x8000b30c (0x00002f17) x30 0x8000d30c
core   0: 0x8000b310 (0xce3f2a23) sw      gp, -780(t5)
core   0: 3 0x8000b310 (0xce3f2a23) mem 0x8000d000 0x00000001
core   0: 0x8000b314 (0xff9ff06f) j       pc - 0x8
core   0: 3 0x8000b314 (0xff9ff06f)
core   0: 0x8000b30c (0x00002f17) auipc   t5, 0x2
core   0: 3 0x8000b30c (0x00002f17) x30 0x8000d30c
core   0: 0x8000b310 (0xce3f2a23) sw      gp, -780(t5)
core   0: 3 0x8000b310 (0xce3f2a23) mem 0x8000d000 0x00000001
core   0: 0x8000b314 (0xff9ff06f) j       pc - 0x8
core   0: 3 0x8000b314 (0xff9ff06f)
core   0: 0x8000b30c (0x00002f17) auipc   t5, 0x2
core   0: 3 0x8000b30c (0x00002f17) x30 0x8000d30c
core   0: 0x8000b310 (0xce3f2a23) sw      gp, -780(t5)
core   0: 3 0x8000b310 (0xce3f2a23) mem 0x8000d000 0x00000001
core   0: 0x8000b314 (0xff9ff06f) j       pc - 0x8
core   0: 3 0x8000b314 (0xff9ff06f)
core   0: 0x8000b30c (0x00002f17) auipc   t5, 0x2
core   0: 3 0x8000b30c (0x00002f17) x30 0x8000d30c
core   0: 0x8000b310 (0xce3f2a23) sw      gp, -780(t5)
core   0: 3 0x8000b310 (0xce3f2a23) mem 0x8000d000 0x00000001
core   0: 0x8000b314 (0xff9ff06f) j       pc - 0x8
core   0: 3 0x8000b314 (0xff9ff06f)
core   0: 0x8000b30c (0x00002f17) auipc   t5, 0x2
core   0: 3 0x8000b30c (0x00002f17) x30 0x8000d30c
core   0: 0x8000b310 (0xce3f2a23) sw      gp, -780(t5)
core   0: 3 0x8000b310 (0xce3f2a23) mem 0x8000d000 0x00000001
core   0: 0x8000b314 (0xff9ff06f) j       pc - 0x8
core   0: 3 0x8000b314 (0xff9ff06f)
core   0: 0x8000b30c (0x00002f17) auipc   t5, 0x2
core   0: 3 0x8000b30c (0x00002f17) x30 0x8000d30c
core   0: 0x8000b310 (0xce3f2a23) sw      gp, -780(t5)
core   0: 3 0x8000b310 (0xce3f2a23) mem 0x8000d000 0x00000001
core   0: 0x8000b314 (0xff9ff06f) j       pc - 0x8
core   0: 3 0x8000b314 (0xff9ff06f)
core   0: 0x8000b30c (0x00002f17) auipc   t5, 0x2
core   0: 3 0x8000b30c (0x00002f17) x30 0x8000d30c
core   0: 0x8000b310 (0xce3f2a23) sw      gp, -780(t5)
core   0: 3 0x8000b310 (0xce3f2a23) mem 0x8000d000 0x00000001
core   0: 0x8000b314 (0xff9ff06f) j       pc - 0x8
core   0: 3 0x8000b314 (0xff9ff06f)
core   0: 0x8000b30c (0x00002f17) auipc   t5, 0x2
core   0: 3 0x8000b30c (0x00002f17) x30 0x8000d30c
core   0: 0x8000b310 (0xce3f2a23) sw      gp, -780(t5)
core   0: 3 0x8000b310 (0xce3f2a23) mem 0x8000d000 0x00000001
core   0: 0x8000b314 (0xff9ff06f) j       pc - 0x8
core   0: 3 0x8000b314 (0xff9ff06f)
core   0: 0x8000b30c (0x00002f17) auipc   t5, 0x2
core   0: 3 0x8000b30c (0x00002f17) x30 0x8000d30c
core   0: 0x8000b310 (0xce3f2a23) sw      gp, -780(t5)
core   0: 3 0x8000b310 (0xce3f2a23) mem 0x8000d000 0x00000001
core   0: 0x8000b314 (0xff9ff06f) j       pc - 0x8
core   0: 3 0x8000b314 (0xff9ff06f)
core   0: 0x8000b30c (0x00002f17) auipc   t5, 0x2
core   0: 3 0x8000b30c (0x00002f17) x30 0x8000d30c
core   0: 0x8000b310 (0xce3f2a23) sw      gp, -780(t5)
core   0: 3 0x8000b310 (0xce3f2a23) mem 0x8000d000 0x00000001
core   0: 0x8000b314 (0xff9ff06f) j       pc - 0x8
core   0: 3 0x8000b314 (0xff9ff06f)
core   0: 0x8000b30c (0x00002f17) auipc   t5, 0x2
core   0: 3 0x8000b30c (0x00002f17) x30 0x8000d30c
core   0: 0x8000b310 (0xce3f2a23) sw      gp, -780(t5)
core   0: 3 0x8000b310 (0xce3f2a23) mem 0x8000d000 0x00000001
core   0: 0x8000b314 (0xff9ff06f) j       pc - 0x8
core   0: 3 0x8000b314 (0xff9ff06f)
core   0: 0x8000b30c (0x00002f17) auipc   t5, 0x2
core   0: 3 0x8000b30c (0x00002f17) x30 0x8000d30c
core   0: 0x8000b310 (0xce3f2a23) sw      gp, -780(t5)
core   0: 3 0x8000b310 (0xce3f2a23) mem 0x8000d000 0x00000001
core   0: 0x8000b314 (0xff9ff06f) j       pc - 0x8
core   0: 3 0x8000b314 (0xff9ff06f)
core   0: 0x8000b30c (0x00002f17) auipc   t5, 0x2
core   0: 3 0x8000b30c (0x00002f17) x30 0x8000d30c
core   0: 0x8000b310 (0xce3f2a23) sw      gp, -780(t5)
core   0: 3 0x8000b310 (0xce3f2a23) mem 0x8000d000 0x00000001
core   0: 0x8000b314 (0xff9ff06f) j       pc - 0x8
core   0: 3 0x8000b314 (0xff9ff06f)
core   0: 0x8000b30c (0x00002f17) auipc   t5, 0x2
core   0: 3 0x8000b30c (0x00002f17) x30 0x8000d30c
core   0: 0x8000b310 (0xce3f2a23) sw      gp, -780(t5)
core   0: 3 0x8000b310 (0xce3f2a23) mem 0x8000d000 0x00000001
core   0: 0x8000b314 (0xff9ff06f) j       pc - 0x8
core   0: 3 0x8000b314 (0xff9ff06f)
core   0: 0x8000b30c (0x00002f17) auipc   t5, 0x2
core   0: 3 0x8000b30c (0x00002f17) x30 0x8000d30c
core   0: 0x8000b310 (0xce3f2a23) sw      gp, -780(t5)
core   0: 3 0x8000b310 (0xce3f2a23) mem 0x8000d000 0x00000001
core   0: 0x8000b314 (0xff9ff06f) j       pc - 0x8
core   0: 3 0x8000b314 (0xff9ff06f)
core   0: 0x8000b30c (0x00002f17) auipc   t5, 0x2
core   0: 3 0x8000b30c (0x00002f17) x30 0x8000d30c
core   0: 0x8000b310 (0xce3f2a23) sw      gp, -780(t5)
core   0: 3 0x8000b310 (0xce3f2a23) mem 0x8000d000 0x00000001
core   0: 0x8000b314 (0xff9ff06f) j       pc - 0x8
core   0: 3 0x8000b314 (0xff9ff06f)
core   0: 0x8000b30c (0x00002f17) auipc   t5, 0x2
core   0: 3 0x8000b30c (0x00002f17) x30 0x8000d30c
core   0: 0x8000b310 (0xce3f2a23) sw      gp, -780(t5)
core   0: 3 0x8000b310 (0xce3f2a23) mem 0x8000d000 0x00000001
core   0: 0x8000b314 (0xff9ff06f) j       pc - 0x8
core   0: 3 0x8000b314 (0xff9ff06f)
core   0: 0x8000b30c (0x00002f17) auipc   t5, 0x2
core   0: 3 0x8000b30c (0x00002f17) x30 0x8000d30c
core   0: 0x8000b310 (0xce3f2a23) sw      gp, -780(t5)
core   0: 3 0x8000b310 (0xce3f2a23) mem 0x8000d000 0x00000001
core   0: 0x8000b314 (0xff9ff06f) j       pc - 0x8
core   0: 3 0x8000b314 (0xff9ff06f)
core   0: 0x8000b30c (0x00002f17) auipc   t5, 0x2
core   0: 3 0x8000b30c (0x00002f17) x30 0x8000d30c
core   0: 0x8000b310 (0xce3f2a23) sw      gp, -780(t5)
core   0: 3 0x8000b310 (0xce3f2a23) mem 0x8000d000 0x00000001
core   0: 0x8000b314 (0xff9ff06f) j       pc - 0x8
core   0: 3 0x8000b314 (0xff9ff06f)
core   0: 0x8000b30c (0x00002f17) auipc   t5, 0x2
core   0: 3 0x8000b30c (0x00002f17) x30 0x8000d30c
core   0: 0x8000b310 (0xce3f2a23) sw      gp, -780(t5)
core   0: 3 0x8000b310 (0xce3f2a23) mem 0x8000d000 0x00000001
core   0: 0x8000b314 (0xff9ff06f) j       pc - 0x8
core   0: 3 0x8000b314 (0xff9ff06f)
core   0: 0x8000b30c (0x00002f17) auipc   t5, 0x2
core   0: 3 0x8000b30c (0x00002f17) x30 0x8000d30c
core   0: 0x8000b310 (0xce3f2a23) sw      gp, -780(t5)
core   0: 3 0x8000b310 (0xce3f2a23) mem 0x8000d000 0x00000001
core   0: 0x8000b314 (0xff9ff06f) j       pc - 0x8
core   0: 3 0x8000b314 (0xff9ff06f)
core   0: 0x8000b30c (0x00002f17) auipc   t5, 0x2
core   0: 3 0x8000b30c (0x00002f17) x30 0x8000d30c
core   0: 0x8000b310 (0xce3f2a23) sw      gp, -780(t5)
core   0: 3 0x8000b310 (0xce3f2a23) mem 0x8000d000 0x00000001
core   0: 0x8000b314 (0xff9ff06f) j       pc - 0x8
core   0: 3 0x8000b314 (0xff9ff06f)
core   0: 0x8000b30c (0x00002f17) auipc   t5, 0x2
core   0: 3 0x8000b30c (0x00002f17) x30 0x8000d30c
core   0: 0x8000b310 (0xce3f2a23) sw      gp, -780(t5)
core   0: 3 0x8000b310 (0xce3f2a23) mem 0x8000d000 0x00000001
core   0: 0x8000b314 (0xff9ff06f) j       pc - 0x8
core   0: 3 0x8000b314 (0xff9ff06f)
core   0: 0x8000b30c (0x00002f17) auipc   t5, 0x2
core   0: 3 0x8000b30c (0x00002f17) x30 0x8000d30c
core   0: 0x8000b310 (0xce3f2a23) sw      gp, -780(t5)
core   0: 3 0x8000b310 (0xce3f2a23) mem 0x8000d000 0x00000001
core   0: 0x8000b314 (0xff9ff06f) j       pc - 0x8
core   0: 3 0x8000b314 (0xff9ff06f)
core   0: 0x8000b30c (0x00002f17) auipc   t5, 0x2
core   0: 3 0x8000b30c (0x00002f17) x30 0x8000d30c
core   0: 0x8000b310 (0xce3f2a23) sw      gp, -780(t5)
core   0: 3 0x8000b310 (0xce3f2a23) mem 0x8000d000 0x00000001
core   0: 0x8000b314 (0xff9ff06f) j       pc - 0x8
core   0: 3 0x8000b314 (0xff9ff06f)
core   0: 0x8000b30c (0x00002f17) auipc   t5, 0x2
core   0: 3 0x8000b30c (0x00002f17) x30 0x8000d30c
core   0: 0x8000b310 (0xce3f2a23) sw      gp, -780(t5)
core   0: 3 0x8000b310 (0xce3f2a23) mem 0x8000d000 0x00000001
core   0: 0x8000b314 (0xff9ff06f) j       pc - 0x8
core   0: 3 0x8000b314 (0xff9ff06f)
core   0: 0x8000b30c (0x00002f17) auipc   t5, 0x2
core   0: 3 0x8000b30c (0x00002f17) x30 0x8000d30c
core   0: 0x8000b310 (0xce3f2a23) sw      gp, -780(t5)
core   0: 3 0x8000b310 (0xce3f2a23) mem 0x8000d000 0x00000001
core   0: 0x8000b314 (0xff9ff06f) j       pc - 0x8
core   0: 3 0x8000b314 (0xff9ff06f)
core   0: 0x8000b30c (0x00002f17) auipc   t5, 0x2
core   0: 3 0x8000b30c (0x00002f17) x30 0x8000d30c
core   0: 0x8000b310 (0xce3f2a23) sw      gp, -780(t5)
core   0: 3 0x8000b310 (0xce3f2a23) mem 0x8000d000 0x00000001
core   0: 0x8000b314 (0xff9ff06f) j       pc - 0x8
core   0: 3 0x8000b314 (0xff9ff06f)
core   0: 0x8000b30c (0x00002f17) auipc   t5, 0x2
core   0: 3 0x8000b30c (0x00002f17) x30 0x8000d30c
core   0: 0x8000b310 (0xce3f2a23) sw      gp, -780(t5)
core   0: 3 0x8000b310 (0xce3f2a23) mem 0x8000d000 0x00000001
core   0: 0x8000b314 (0xff9ff06f) j       pc - 0x8
core   0: 3 0x8000b314 (0xff9ff06f)
core   0: 0x8000b30c (0x00002f17) auipc   t5, 0x2
core   0: 3 0x8000b30c (0x00002f17) x30 0x8000d30c
core   0: 0x8000b310 (0xce3f2a23) sw      gp, -780(t5)
core   0: 3 0x8000b310 (0xce3f2a23) mem 0x8000d000 0x00000001
core   0: 0x8000b314 (0xff9ff06f) j       pc - 0x8
core   0: 3 0x8000b314 (0xff9ff06f)
core   0: 0x8000b30c (0x00002f17) auipc   t5, 0x2
core   0: 3 0x8000b30c (0x00002f17) x30 0x8000d30c
core   0: 0x8000b310 (0xce3f2a23) sw      gp, -780(t5)
core   0: 3 0x8000b310 (0xce3f2a23) mem 0x8000d000 0x00000001
core   0: 0x8000b314 (0xff9ff06f) j       pc - 0x8
core   0: 3 0x8000b314 (0xff9ff06f)
core   0: 0x8000b30c (0x00002f17) auipc   t5, 0x2
core   0: 3 0x8000b30c (0x00002f17) x30 0x8000d30c
core   0: 0x8000b310 (0xce3f2a23) sw      gp, -780(t5)
core   0: 3 0x8000b310 (0xce3f2a23) mem 0x8000d000 0x00000001
core   0: 0x8000b314 (0xff9ff06f) j       pc - 0x8
core   0: 3 0x8000b314 (0xff9ff06f)
core   0: 0x8000b30c (0x00002f17) auipc   t5, 0x2
core   0: 3 0x8000b30c (0x00002f17) x30 0x8000d30c
core   0: 0x8000b310 (0xce3f2a23) sw      gp, -780(t5)
core   0: 3 0x8000b310 (0xce3f2a23) mem 0x8000d000 0x00000001
core   0: 0x8000b314 (0xff9ff06f) j       pc - 0x8
core   0: 3 0x8000b314 (0xff9ff06f)
core   0: 0x8000b30c (0x00002f17) auipc   t5, 0x2
core   0: 3 0x8000b30c (0x00002f17) x30 0x8000d30c
core   0: 0x8000b310 (0xce3f2a23) sw      gp, -780(t5)
core   0: 3 0x8000b310 (0xce3f2a23) mem 0x8000d000 0x00000001
core   0: 0x8000b314 (0xff9ff06f) j       pc - 0x8
core   0: 3 0x8000b314 (0xff9ff06f)
core   0: 0x8000b30c (0x00002f17) auipc   t5, 0x2
core   0: 3 0x8000b30c (0x00002f17) x30 0x8000d30c
core   0: 0x8000b310 (0xce3f2a23) sw      gp, -780(t5)
core   0: 3 0x8000b310 (0xce3f2a23) mem 0x8000d000 0x00000001
core   0: 0x8000b314 (0xff9ff06f) j       pc - 0x8
core   0: 3 0x8000b314 (0xff9ff06f)
core   0: 0x8000b30c (0x00002f17) auipc   t5, 0x2
core   0: 3 0x8000b30c (0x00002f17) x30 0x8000d30c
core   0: 0x8000b310 (0xce3f2a23) sw      gp, -780(t5)
core   0: 3 0x8000b310 (0xce3f2a23) mem 0x8000d000 0x00000001
core   0: 0x8000b314 (0xff9ff06f) j       pc - 0x8
core   0: 3 0x8000b314 (0xff9ff06f)
core   0: 0x8000b30c (0x00002f17) auipc   t5, 0x2
core   0: 3 0x8000b30c (0x00002f17) x30 0x8000d30c
core   0: 0x8000b310 (0xce3f2a23) sw      gp, -780(t5)
core   0: 3 0x8000b310 (0xce3f2a23) mem 0x8000d000 0x00000001
core   0: 0x8000b314 (0xff9ff06f) j       pc - 0x8
core   0: 3 0x8000b314 (0xff9ff06f)
core   0: 0x8000b30c (0x00002f17) auipc   t5, 0x2
core   0: 3 0x8000b30c (0x00002f17) x30 0x8000d30c
core   0: 0x8000b310 (0xce3f2a23) sw      gp, -780(t5)
core   0: 3 0x8000b310 (0xce3f2a23) mem 0x8000d000 0x00000001
core   0: 0x8000b314 (0xff9ff06f) j       pc - 0x8
core   0: 3 0x8000b314 (0xff9ff06f)
core   0: 0x8000b30c (0x00002f17) auipc   t5, 0x2
core   0: 3 0x8000b30c (0x00002f17) x30 0x8000d30c
core   0: 0x8000b310 (0xce3f2a23) sw      gp, -780(t5)
core   0: 3 0x8000b310 (0xce3f2a23) mem 0x8000d000 0x00000001
core   0: 0x8000b314 (0xff9ff06f) j       pc - 0x8
core   0: 3 0x8000b314 (0xff9ff06f)
core   0: 0x8000b30c (0x00002f17) auipc   t5, 0x2
core   0: 3 0x8000b30c (0x00002f17) x30 0x8000d30c
core   0: 0x8000b310 (0xce3f2a23) sw      gp, -780(t5)
core   0: 3 0x8000b310 (0xce3f2a23) mem 0x8000d000 0x00000001
core   0: 0x8000b314 (0xff9ff06f) j       pc - 0x8
core   0: 3 0x8000b314 (0xff9ff06f)
core   0: 0x8000b30c (0x00002f17) auipc   t5, 0x2
core   0: 3 0x8000b30c (0x00002f17) x30 0x8000d30c
core   0: 0x8000b310 (0xce3f2a23) sw      gp, -780(t5)
core   0: 3 0x8000b310 (0xce3f2a23) mem 0x8000d000 0x00000001
core   0: 0x8000b314 (0xff9ff06f) j       pc - 0x8
core   0: 3 0x8000b314 (0xff9ff06f)
core   0: 0x8000b30c (0x00002f17) auipc   t5, 0x2
core   0: 3 0x8000b30c (0x00002f17) x30 0x8000d30c
core   0: 0x8000b310 (0xce3f2a23) sw      gp, -780(t5)
core   0: 3 0x8000b310 (0xce3f2a23) mem 0x8000d000 0x00000001
core   0: 0x8000b314 (0xff9ff06f) j       pc - 0x8
core   0: 3 0x8000b314 (0xff9ff06f)
core   0: 0x8000b30c (0x00002f17) auipc   t5, 0x2
core   0: 3 0x8000b30c (0x00002f17) x30 0x8000d30c
core   0: 0x8000b310 (0xce3f2a23) sw      gp, -780(t5)
core   0: 3 0x8000b310 (0xce3f2a23) mem 0x8000d000 0x00000001
core   0: 0x8000b314 (0xff9ff06f) j       pc - 0x8
core   0: 3 0x8000b314 (0xff9ff06f)
core   0: 0x8000b30c (0x00002f17) auipc   t5, 0x2
core   0: 3 0x8000b30c (0x00002f17) x30 0x8000d30c
core   0: 0x8000b310 (0xce3f2a23) sw      gp, -780(t5)
core   0: 3 0x8000b310 (0xce3f2a23) mem 0x8000d000 0x00000001
core   0: 0x8000b314 (0xff9ff06f) j       pc - 0x8
core   0: 3 0x8000b314 (0xff9ff06f)
core   0: 0x8000b30c (0x00002f17) auipc   t5, 0x2
core   0: 3 0x8000b30c (0x00002f17) x30 0x8000d30c
core   0: 0x8000b310 (0xce3f2a23) sw      gp, -780(t5)
core   0: 3 0x8000b310 (0xce3f2a23) mem 0x8000d000 0x00000001
core   0: 0x8000b314 (0xff9ff06f) j       pc - 0x8
core   0: 3 0x8000b314 (0xff9ff06f)
core   0: 0x8000b30c (0x00002f17) auipc   t5, 0x2
core   0: 3 0x8000b30c (0x00002f17) x30 0x8000d30c
core   0: 0x8000b310 (0xce3f2a23) sw      gp, -780(t5)
core   0: 3 0x8000b310 (0xce3f2a23) mem 0x8000d000 0x00000001
core   0: 0x8000b314 (0xff9ff06f) j       pc - 0x8
core   0: 3 0x8000b314 (0xff9ff06f)
core   0: 0x8000b30c (0x00002f17) auipc   t5, 0x2
core   0: 3 0x8000b30c (0x00002f17) x30 0x8000d30c
core   0: 0x8000b310 (0xce3f2a23) sw      gp, -780(t5)
core   0: 3 0x8000b310 (0xce3f2a23) mem 0x8000d000 0x00000001
core   0: 0x8000b314 (0xff9ff06f) j       pc - 0x8
core   0: 3 0x8000b314 (0xff9ff06f)
core   0: 0x8000b30c (0x00002f17) auipc   t5, 0x2
core   0: 3 0x8000b30c (0x00002f17) x30 0x8000d30c
core   0: 0x8000b310 (0xce3f2a23) sw      gp, -780(t5)
core   0: 3 0x8000b310 (0xce3f2a23) mem 0x8000d000 0x00000001
core   0: 0x8000b314 (0xff9ff06f) j       pc - 0x8
core   0: 3 0x8000b314 (0xff9ff06f)
core   0: 0x8000b30c (0x00002f17) auipc   t5, 0x2
core   0: 3 0x8000b30c (0x00002f17) x30 0x8000d30c
core   0: 0x8000b310 (0xce3f2a23) sw      gp, -780(t5)
core   0: 3 0x8000b310 (0xce3f2a23) mem 0x8000d000 0x00000001
core   0: 0x8000b314 (0xff9ff06f) j       pc - 0x8
core   0: 3 0x8000b314 (0xff9ff06f)
core   0: 0x8000b30c (0x00002f17) auipc   t5, 0x2
core   0: 3 0x8000b30c (0x00002f17) x30 0x8000d30c
core   0: 0x8000b310 (0xce3f2a23) sw      gp, -780(t5)
core   0: 3 0x8000b310 (0xce3f2a23) mem 0x8000d000 0x00000001
core   0: 0x8000b314 (0xff9ff06f) j       pc - 0x8
core   0: 3 0x8000b314 (0xff9ff06f)
core   0: 0x8000b30c (0x00002f17) auipc   t5, 0x2
core   0: 3 0x8000b30c (0x00002f17) x30 0x8000d30c
core   0: 0x8000b310 (0xce3f2a23) sw      gp, -780(t5)
core   0: 3 0x8000b310 (0xce3f2a23) mem 0x8000d000 0x00000001
core   0: 0x8000b314 (0xff9ff06f) j       pc - 0x8
core   0: 3 0x8000b314 (0xff9ff06f)
core   0: 0x8000b30c (0x00002f17) auipc   t5, 0x2
core   0: 3 0x8000b30c (0x00002f17) x30 0x8000d30c
core   0: 0x8000b310 (0xce3f2a23) sw      gp, -780(t5)
core   0: 3 0x8000b310 (0xce3f2a23) mem 0x8000d000 0x00000001
core   0: 0x8000b314 (0xff9ff06f) j       pc - 0x8
core   0: 3 0x8000b314 (0xff9ff06f)
core   0: 0x8000b30c (0x00002f17) auipc   t5, 0x2
core   0: 3 0x8000b30c (0x00002f17) x30 0x8000d30c
core   0: 0x8000b310 (0xce3f2a23) sw      gp, -780(t5)
core   0: 3 0x8000b310 (0xce3f2a23) mem 0x8000d000 0x00000001
core   0: 0x8000b314 (0xff9ff06f) j       pc - 0x8
core   0: 3 0x8000b314 (0xff9ff06f)
core   0: 0x8000b30c (0x00002f17) auipc   t5, 0x2
core   0: 3 0x8000b30c (0x00002f17) x30 0x8000d30c
core   0: 0x8000b310 (0xce3f2a23) sw      gp, -780(t5)
core   0: 3 0x8000b310 (0xce3f2a23) mem 0x8000d000 0x00000001
core   0: 0x8000b314 (0xff9ff06f) j       pc - 0x8
core   0: 3 0x8000b314 (0xff9ff06f)
core   0: 0x8000b30c (0x00002f17) auipc   t5, 0x2
core   0: 3 0x8000b30c (0x00002f17) x30 0x8000d30c
core   0: 0x8000b310 (0xce3f2a23) sw      gp, -780(t5)
core   0: 3 0x8000b310 (0xce3f2a23) mem 0x8000d000 0x00000001
core   0: 0x8000b314 (0xff9ff06f) j       pc - 0x8
core   0: 3 0x8000b314 (0xff9ff06f)
core   0: 0x8000b30c (0x00002f17) auipc   t5, 0x2
core   0: 3 0x8000b30c (0x00002f17) x30 0x8000d30c
core   0: 0x8000b310 (0xce3f2a23) sw      gp, -780(t5)
core   0: 3 0x8000b310 (0xce3f2a23) mem 0x8000d000 0x00000001
core   0: 0x8000b314 (0xff9ff06f) j       pc - 0x8
core   0: 3 0x8000b314 (0xff9ff06f)
core   0: 0x8000b30c (0x00002f17) auipc   t5, 0x2
core   0: 3 0x8000b30c (0x00002f17) x30 0x8000d30c
core   0: 0x8000b310 (0xce3f2a23) sw      gp, -780(t5)
core   0: 3 0x8000b310 (0xce3f2a23) mem 0x8000d000 0x00000001
core   0: 0x8000b314 (0xff9ff06f) j       pc - 0x8
core   0: 3 0x8000b314 (0xff9ff06f)
core   0: 0x8000b30c (0x00002f17) auipc   t5, 0x2
core   0: 3 0x8000b30c (0x00002f17) x30 0x8000d30c
core   0: 0x8000b310 (0xce3f2a23) sw      gp, -780(t5)
core   0: 3 0x8000b310 (0xce3f2a23) mem 0x8000d000 0x00000001
core   0: 0x8000b314 (0xff9ff06f) j       pc - 0x8
core   0: 3 0x8000b314 (0xff9ff06f)
core   0: 0x8000b30c (0x00002f17) auipc   t5, 0x2
core   0: 3 0x8000b30c (0x00002f17) x30 0x8000d30c
core   0: 0x8000b310 (0xce3f2a23) sw      gp, -780(t5)
core   0: 3 0x8000b310 (0xce3f2a23) mem 0x8000d000 0x00000001
core   0: 0x8000b314 (0xff9ff06f) j       pc - 0x8
core   0: 3 0x8000b314 (0xff9ff06f)
core   0: 0x8000b30c (0x00002f17) auipc   t5, 0x2
core   0: 3 0x8000b30c (0x00002f17) x30 0x8000d30c
core   0: 0x8000b310 (0xce3f2a23) sw      gp, -780(t5)
core   0: 3 0x8000b310 (0xce3f2a23) mem 0x8000d000 0x00000001
core   0: 0x8000b314 (0xff9ff06f) j       pc - 0x8
core   0: 3 0x8000b314 (0xff9ff06f)
core   0: 0x8000b30c (0x00002f17) auipc   t5, 0x2
core   0: 3 0x8000b30c (0x00002f17) x30 0x8000d30c
core   0: 0x8000b310 (0xce3f2a23) sw      gp, -780(t5)
core   0: 3 0x8000b310 (0xce3f2a23) mem 0x8000d000 0x00000001
core   0: 0x8000b314 (0xff9ff06f) j       pc - 0x8
core   0: 3 0x8000b314 (0xff9ff06f)
core   0: 0x8000b30c (0x00002f17) auipc   t5, 0x2
core   0: 3 0x8000b30c (0x00002f17) x30 0x8000d30c
core   0: 0x8000b310 (0xce3f2a23) sw      gp, -780(t5)
core   0: 3 0x8000b310 (0xce3f2a23) mem 0x8000d000 0x00000001
core   0: 0x8000b314 (0xff9ff06f) j       pc - 0x8
core   0: 3 0x8000b314 (0xff9ff06f)
core   0: 0x8000b30c (0x00002f17) auipc   t5, 0x2
core   0: 3 0x8000b30c (0x00002f17) x30 0x8000d30c
core   0: 0x8000b310 (0xce3f2a23) sw      gp, -780(t5)
core   0: 3 0x8000b310 (0xce3f2a23) mem 0x8000d000 0x00000001
core   0: 0x8000b314 (0xff9ff06f) j       pc - 0x8
core   0: 3 0x8000b314 (0xff9ff06f)
core   0: 0x8000b30c (0x00002f17) auipc   t5, 0x2
core   0: 3 0x8000b30c (0x00002f17) x30 0x8000d30c
core   0: 0x8000b310 (0xce3f2a23) sw      gp, -780(t5)
core   0: 3 0x8000b310 (0xce3f2a23) mem 0x8000d000 0x00000001
core   0: 0x8000b314 (0xff9ff06f) j       pc - 0x8
core   0: 3 0x8000b314 (0xff9ff06f)
core   0: 0x8000b30c (0x00002f17) auipc   t5, 0x2
core   0: 3 0x8000b30c (0x00002f17) x30 0x8000d30c
core   0: 0x8000b310 (0xce3f2a23) sw      gp, -780(t5)
core   0: 3 0x8000b310 (0xce3f2a23) mem 0x8000d000 0x00000001
core   0: 0x8000b314 (0xff9ff06f) j       pc - 0x8
core   0: 3 0x8000b314 (0xff9ff06f)
core   0: 0x8000b30c (0x00002f17) auipc   t5, 0x2
core   0: 3 0x8000b30c (0x00002f17) x30 0x8000d30c
core   0: 0x8000b310 (0xce3f2a23) sw      gp, -780(t5)
core   0: 3 0x8000b310 (0xce3f2a23) mem 0x8000d000 0x00000001
core   0: 0x8000b314 (0xff9ff06f) j       pc - 0x8
core   0: 3 0x8000b314 (0xff9ff06f)
core   0: 0x8000b30c (0x00002f17) auipc   t5, 0x2
core   0: 3 0x8000b30c (0x00002f17) x30 0x8000d30c
core   0: 0x8000b310 (0xce3f2a23) sw      gp, -780(t5)
core   0: 3 0x8000b310 (0xce3f2a23) mem 0x8000d000 0x00000001
core   0: 0x8000b314 (0xff9ff06f) j       pc - 0x8
core   0: 3 0x8000b314 (0xff9ff06f)
core   0: 0x8000b30c (0x00002f17) auipc   t5, 0x2
core   0: 3 0x8000b30c (0x00002f17) x30 0x8000d30c
core   0: 0x8000b310 (0xce3f2a23) sw      gp, -780(t5)
core   0: 3 0x8000b310 (0xce3f2a23) mem 0x8000d000 0x00000001
core   0: 0x8000b314 (0xff9ff06f) j       pc - 0x8
core   0: 3 0x8000b314 (0xff9ff06f)
core   0: 0x8000b30c (0x00002f17) auipc   t5, 0x2
core   0: 3 0x8000b30c (0x00002f17) x30 0x8000d30c
core   0: 0x8000b310 (0xce3f2a23) sw      gp, -780(t5)
core   0: 3 0x8000b310 (0xce3f2a23) mem 0x8000d000 0x00000001
core   0: 0x8000b314 (0xff9ff06f) j       pc - 0x8
core   0: 3 0x8000b314 (0xff9ff06f)
core   0: 0x8000b30c (0x00002f17) auipc   t5, 0x2
core   0: 3 0x8000b30c (0x00002f17) x30 0x8000d30c
core   0: 0x8000b310 (0xce3f2a23) sw      gp, -780(t5)
core   0: 3 0x8000b310 (0xce3f2a23) mem 0x8000d000 0x00000001
core   0: 0x8000b314 (0xff9ff06f) j       pc - 0x8
core   0: 3 0x8000b314 (0xff9ff06f)
core   0: 0x8000b30c (0x00002f17) auipc   t5, 0x2
core   0: 3 0x8000b30c (0x00002f17) x30 0x8000d30c
core   0: 0x8000b310 (0xce3f2a23) sw      gp, -780(t5)
core   0: 3 0x8000b310 (0xce3f2a23) mem 0x8000d000 0x00000001
core   0: 0x8000b314 (0xff9ff06f) j       pc - 0x8
core   0: 3 0x8000b314 (0xff9ff06f)
core   0: 0x8000b30c (0x00002f17) auipc   t5, 0x2
core   0: 3 0x8000b30c (0x00002f17) x30 0x8000d30c
core   0: 0x8000b310 (0xce3f2a23) sw      gp, -780(t5)
core   0: 3 0x8000b310 (0xce3f2a23) mem 0x8000d000 0x00000001
core   0: 0x8000b314 (0xff9ff06f) j       pc - 0x8
core   0: 3 0x8000b314 (0xff9ff06f)
core   0: 0x8000b30c (0x00002f17) auipc   t5, 0x2
core   0: 3 0x8000b30c (0x00002f17) x30 0x8000d30c
core   0: 0x8000b310 (0xce3f2a23) sw      gp, -780(t5)
core   0: 3 0x8000b310 (0xce3f2a23) mem 0x8000d000 0x00000001
core   0: 0x8000b314 (0xff9ff06f) j       pc - 0x8
core   0: 3 0x8000b314 (0xff9ff06f)
core   0: 0x8000b30c (0x00002f17) auipc   t5, 0x2
core   0: 3 0x8000b30c (0x00002f17) x30 0x8000d30c
core   0: 0x8000b310 (0xce3f2a23) sw      gp, -780(t5)
core   0: 3 0x8000b310 (0xce3f2a23) mem 0x8000d000 0x00000001
core   0: 0x8000b314 (0xff9ff06f) j       pc - 0x8
core   0: 3 0x8000b314 (0xff9ff06f)
core   0: 0x8000b30c (0x00002f17) auipc   t5, 0x2
core   0: 3 0x8000b30c (0x00002f17) x30 0x8000d30c
core   0: 0x8000b310 (0xce3f2a23) sw      gp, -780(t5)
core   0: 3 0x8000b310 (0xce3f2a23) mem 0x8000d000 0x00000001
core   0: 0x8000b314 (0xff9ff06f) j       pc - 0x8
core   0: 3 0x8000b314 (0xff9ff06f)
core   0: 0x8000b30c (0x00002f17) auipc   t5, 0x2
core   0: 3 0x8000b30c (0x00002f17) x30 0x8000d30c
core   0: 0x8000b310 (0xce3f2a23) sw      gp, -780(t5)
core   0: 3 0x8000b310 (0xce3f2a23) mem 0x8000d000 0x00000001
core   0: 0x8000b314 (0xff9ff06f) j       pc - 0x8
core   0: 3 0x8000b314 (0xff9ff06f)
core   0: 0x8000b30c (0x00002f17) auipc   t5, 0x2
core   0: 3 0x8000b30c (0x00002f17) x30 0x8000d30c
core   0: 0x8000b310 (0xce3f2a23) sw      gp, -780(t5)
core   0: 3 0x8000b310 (0xce3f2a23) mem 0x8000d000 0x00000001
core   0: 0x8000b314 (0xff9ff06f) j       pc - 0x8
core   0: 3 0x8000b314 (0xff9ff06f)
core   0: 0x8000b30c (0x00002f17) auipc   t5, 0x2
core   0: 3 0x8000b30c (0x00002f17) x30 0x8000d30c
core   0: 0x8000b310 (0xce3f2a23) sw      gp, -780(t5)
core   0: 3 0x8000b310 (0xce3f2a23) mem 0x8000d000 0x00000001
core   0: 0x8000b314 (0xff9ff06f) j       pc - 0x8
core   0: 3 0x8000b314 (0xff9ff06f)
core   0: 0x8000b30c (0x00002f17) auipc   t5, 0x2
core   0: 3 0x8000b30c (0x00002f17) x30 0x8000d30c
core   0: 0x8000b310 (0xce3f2a23) sw      gp, -780(t5)
core   0: 3 0x8000b310 (0xce3f2a23) mem 0x8000d000 0x00000001
core   0: 0x8000b314 (0xff9ff06f) j       pc - 0x8
core   0: 3 0x8000b314 (0xff9ff06f)
core   0: 0x8000b30c (0x00002f17) auipc   t5, 0x2
core   0: 3 0x8000b30c (0x00002f17) x30 0x8000d30c
core   0: 0x8000b310 (0xce3f2a23) sw      gp, -780(t5)
core   0: 3 0x8000b310 (0xce3f2a23) mem 0x8000d000 0x00000001
core   0: 0x8000b314 (0xff9ff06f) j       pc - 0x8
core   0: 3 0x8000b314 (0xff9ff06f)
core   0: 0x8000b30c (0x00002f17) auipc   t5, 0x2
core   0: 3 0x8000b30c (0x00002f17) x30 0x8000d30c
core   0: 0x8000b310 (0xce3f2a23) sw      gp, -780(t5)
core   0: 3 0x8000b310 (0xce3f2a23) mem 0x8000d000 0x00000001
core   0: 0x8000b314 (0xff9ff06f) j       pc - 0x8
core   0: 3 0x8000b314 (0xff9ff06f)
core   0: 0x8000b30c (0x00002f17) auipc   t5, 0x2
core   0: 3 0x8000b30c (0x00002f17) x30 0x8000d30c
core   0: 0x8000b310 (0xce3f2a23) sw      gp, -780(t5)
core   0: 3 0x8000b310 (0xce3f2a23) mem 0x8000d000 0x00000001
core   0: 0x8000b314 (0xff9ff06f) j       pc - 0x8
core   0: 3 0x8000b314 (0xff9ff06f)
core   0: 0x8000b30c (0x00002f17) auipc   t5, 0x2
core   0: 3 0x8000b30c (0x00002f17) x30 0x8000d30c
core   0: 0x8000b310 (0xce3f2a23) sw      gp, -780(t5)
core   0: 3 0x8000b310 (0xce3f2a23) mem 0x8000d000 0x00000001
core   0: 0x8000b314 (0xff9ff06f) j       pc - 0x8
core   0: 3 0x8000b314 (0xff9ff06f)
core   0: 0x8000b30c (0x00002f17) auipc   t5, 0x2
core   0: 3 0x8000b30c (0x00002f17) x30 0x8000d30c
core   0: 0x8000b310 (0xce3f2a23) sw      gp, -780(t5)
core   0: 3 0x8000b310 (0xce3f2a23) mem 0x8000d000 0x00000001
core   0: 0x8000b314 (0xff9ff06f) j       pc - 0x8
core   0: 3 0x8000b314 (0xff9ff06f)
core   0: 0x8000b30c (0x00002f17) auipc   t5, 0x2
core   0: 3 0x8000b30c (0x00002f17) x30 0x8000d30c
core   0: 0x8000b310 (0xce3f2a23) sw      gp, -780(t5)
core   0: 3 0x8000b310 (0xce3f2a23) mem 0x8000d000 0x00000001
core   0: 0x8000b314 (0xff9ff06f) j       pc - 0x8
core   0: 3 0x8000b314 (0xff9ff06f)
core   0: 0x8000b30c (0x00002f17) auipc   t5, 0x2
core   0: 3 0x8000b30c (0x00002f17) x30 0x8000d30c
core   0: 0x8000b310 (0xce3f2a23) sw      gp, -780(t5)
core   0: 3 0x8000b310 (0xce3f2a23) mem 0x8000d000 0x00000001
core   0: 0x8000b314 (0xff9ff06f) j       pc - 0x8
core   0: 3 0x8000b314 (0xff9ff06f)
core   0: 0x8000b30c (0x00002f17) auipc   t5, 0x2
core   0: 3 0x8000b30c (0x00002f17) x30 0x8000d30c
core   0: 0x8000b310 (0xce3f2a23) sw      gp, -780(t5)
core   0: 3 0x8000b310 (0xce3f2a23) mem 0x8000d000 0x00000001
core   0: 0x8000b314 (0xff9ff06f) j       pc - 0x8
core   0: 3 0x8000b314 (0xff9ff06f)
core   0: 0x8000b30c (0x00002f17) auipc   t5, 0x2
core   0: 3 0x8000b30c (0x00002f17) x30 0x8000d30c
core   0: 0x8000b310 (0xce3f2a23) sw      gp, -780(t5)
core   0: 3 0x8000b310 (0xce3f2a23) mem 0x8000d000 0x00000001
core   0: 0x8000b314 (0xff9ff06f) j       pc - 0x8
core   0: 3 0x8000b314 (0xff9ff06f)
core   0: 0x8000b30c (0x00002f17) auipc   t5, 0x2
core   0: 3 0x8000b30c (0x00002f17) x30 0x8000d30c
core   0: 0x8000b310 (0xce3f2a23) sw      gp, -780(t5)
core   0: 3 0x8000b310 (0xce3f2a23) mem 0x8000d000 0x00000001
core   0: 0x8000b314 (0xff9ff06f) j       pc - 0x8
core   0: 3 0x8000b314 (0xff9ff06f)
core   0: 0x8000b30c (0x00002f17) auipc   t5, 0x2
core   0: 3 0x8000b30c (0x00002f17) x30 0x8000d30c
core   0: 0x8000b310 (0xce3f2a23) sw      gp, -780(t5)
core   0: 3 0x8000b310 (0xce3f2a23) mem 0x8000d000 0x00000001
core   0: 0x8000b314 (0xff9ff06f) j       pc - 0x8
core   0: 3 0x8000b314 (0xff9ff06f)
core   0: 0x8000b30c (0x00002f17) auipc   t5, 0x2
core   0: 3 0x8000b30c (0x00002f17) x30 0x8000d30c
core   0: 0x8000b310 (0xce3f2a23) sw      gp, -780(t5)
core   0: 3 0x8000b310 (0xce3f2a23) mem 0x8000d000 0x00000001
core   0: 0x8000b314 (0xff9ff06f) j       pc - 0x8
core   0: 3 0x8000b314 (0xff9ff06f)
core   0: 0x8000b30c (0x00002f17) auipc   t5, 0x2
core   0: 3 0x8000b30c (0x00002f17) x30 0x8000d30c
core   0: 0x8000b310 (0xce3f2a23) sw      gp, -780(t5)
core   0: 3 0x8000b310 (0xce3f2a23) mem 0x8000d000 0x00000001
core   0: 0x8000b314 (0xff9ff06f) j       pc - 0x8
core   0: 3 0x8000b314 (0xff9ff06f)
core   0: 0x8000b30c (0x00002f17) auipc   t5, 0x2
core   0: 3 0x8000b30c (0x00002f17) x30 0x8000d30c
core   0: 0x8000b310 (0xce3f2a23) sw      gp, -780(t5)
core   0: 3 0x8000b310 (0xce3f2a23) mem 0x8000d000 0x00000001
core   0: 0x8000b314 (0xff9ff06f) j       pc - 0x8
core   0: 3 0x8000b314 (0xff9ff06f)
core   0: 0x8000b30c (0x00002f17) auipc   t5, 0x2
core   0: 3 0x8000b30c (0x00002f17) x30 0x8000d30c
core   0: 0x8000b310 (0xce3f2a23) sw      gp, -780(t5)
core   0: 3 0x8000b310 (0xce3f2a23) mem 0x8000d000 0x00000001
core   0: 0x8000b314 (0xff9ff06f) j       pc - 0x8
core   0: 3 0x8000b314 (0xff9ff06f)
core   0: 0x8000b30c (0x00002f17) auipc   t5, 0x2
core   0: 3 0x8000b30c (0x00002f17) x30 0x8000d30c
core   0: 0x8000b310 (0xce3f2a23) sw      gp, -780(t5)
core   0: 3 0x8000b310 (0xce3f2a23) mem 0x8000d000 0x00000001
core   0: 0x8000b314 (0xff9ff06f) j       pc - 0x8
core   0: 3 0x8000b314 (0xff9ff06f)
core   0: 0x8000b30c (0x00002f17) auipc   t5, 0x2
core   0: 3 0x8000b30c (0x00002f17) x30 0x8000d30c
core   0: 0x8000b310 (0xce3f2a23) sw      gp, -780(t5)
core   0: 3 0x8000b310 (0xce3f2a23) mem 0x8000d000 0x00000001
core   0: 0x8000b314 (0xff9ff06f) j       pc - 0x8
core   0: 3 0x8000b314 (0xff9ff06f)
core   0: 0x8000b30c (0x00002f17) auipc   t5, 0x2
core   0: 3 0x8000b30c (0x00002f17) x30 0x8000d30c
core   0: 0x8000b310 (0xce3f2a23) sw      gp, -780(t5)
core   0: 3 0x8000b310 (0xce3f2a23) mem 0x8000d000 0x00000001
core   0: 0x8000b314 (0xff9ff06f) j       pc - 0x8
core   0: 3 0x8000b314 (0xff9ff06f)
core   0: 0x8000b30c (0x00002f17) auipc   t5, 0x2
core   0: 3 0x8000b30c (0x00002f17) x30 0x8000d30c
core   0: 0x8000b310 (0xce3f2a23) sw      gp, -780(t5)
core   0: 3 0x8000b310 (0xce3f2a23) mem 0x8000d000 0x00000001
core   0: 0x8000b314 (0xff9ff06f) j       pc - 0x8
core   0: 3 0x8000b314 (0xff9ff06f)
core   0: 0x8000b30c (0x00002f17) auipc   t5, 0x2
core   0: 3 0x8000b30c (0x00002f17) x30 0x8000d30c
core   0: 0x8000b310 (0xce3f2a23) sw      gp, -780(t5)
core   0: 3 0x8000b310 (0xce3f2a23) mem 0x8000d000 0x00000001
core   0: 0x8000b314 (0xff9ff06f) j       pc - 0x8
core   0: 3 0x8000b314 (0xff9ff06f)
core   0: 0x8000b30c (0x00002f17) auipc   t5, 0x2
core   0: 3 0x8000b30c (0x00002f17) x30 0x8000d30c
core   0: 0x8000b310 (0xce3f2a23) sw      gp, -780(t5)
core   0: 3 0x8000b310 (0xce3f2a23) mem 0x8000d000 0x00000001
core   0: 0x8000b314 (0xff9ff06f) j       pc - 0x8
core   0: 3 0x8000b314 (0xff9ff06f)
core   0: 0x8000b30c (0x00002f17) auipc   t5, 0x2
core   0: 3 0x8000b30c (0x00002f17) x30 0x8000d30c
core   0: 0x8000b310 (0xce3f2a23) sw      gp, -780(t5)
core   0: 3 0x8000b310 (0xce3f2a23) mem 0x8000d000 0x00000001
core   0: 0x8000b314 (0xff9ff06f) j       pc - 0x8
core   0: 3 0x8000b314 (0xff9ff06f)
core   0: 0x8000b30c (0x00002f17) auipc   t5, 0x2
core   0: 3 0x8000b30c (0x00002f17) x30 0x8000d30c
core   0: 0x8000b310 (0xce3f2a23) sw      gp, -780(t5)
core   0: 3 0x8000b310 (0xce3f2a23) mem 0x8000d000 0x00000001
core   0: 0x8000b314 (0xff9ff06f) j       pc - 0x8
core   0: 3 0x8000b314 (0xff9ff06f)
core   0: 0x8000b30c (0x00002f17) auipc   t5, 0x2
core   0: 3 0x8000b30c (0x00002f17) x30 0x8000d30c
core   0: 0x8000b310 (0xce3f2a23) sw      gp, -780(t5)
core   0: 3 0x8000b310 (0xce3f2a23) mem 0x8000d000 0x00000001
core   0: 0x8000b314 (0xff9ff06f) j       pc - 0x8
core   0: 3 0x8000b314 (0xff9ff06f)
core   0: 0x8000b30c (0x00002f17) auipc   t5, 0x2
core   0: 3 0x8000b30c (0x00002f17) x30 0x8000d30c
core   0: 0x8000b310 (0xce3f2a23) sw      gp, -780(t5)
core   0: 3 0x8000b310 (0xce3f2a23) mem 0x8000d000 0x00000001
core   0: 0x8000b314 (0xff9ff06f) j       pc - 0x8
core   0: 3 0x8000b314 (0xff9ff06f)
core   0: 0x8000b30c (0x00002f17) auipc   t5, 0x2
core   0: 3 0x8000b30c (0x00002f17) x30 0x8000d30c
core   0: 0x8000b310 (0xce3f2a23) sw      gp, -780(t5)
core   0: 3 0x8000b310 (0xce3f2a23) mem 0x8000d000 0x00000001
core   0: 0x8000b314 (0xff9ff06f) j       pc - 0x8
core   0: 3 0x8000b314 (0xff9ff06f)
core   0: 0x8000b30c (0x00002f17) auipc   t5, 0x2
core   0: 3 0x8000b30c (0x00002f17) x30 0x8000d30c
core   0: 0x8000b310 (0xce3f2a23) sw      gp, -780(t5)
core   0: 3 0x8000b310 (0xce3f2a23) mem 0x8000d000 0x00000001
core   0: 0x8000b314 (0xff9ff06f) j       pc - 0x8
core   0: 3 0x8000b314 (0xff9ff06f)
core   0: 0x8000b30c (0x00002f17) auipc   t5, 0x2
core   0: 3 0x8000b30c (0x00002f17) x30 0x8000d30c
core   0: 0x8000b310 (0xce3f2a23) sw      gp, -780(t5)
core   0: 3 0x8000b310 (0xce3f2a23) mem 0x8000d000 0x00000001
core   0: 0x8000b314 (0xff9ff06f) j       pc - 0x8
core   0: 3 0x8000b314 (0xff9ff06f)
core   0: 0x8000b30c (0x00002f17) auipc   t5, 0x2
core   0: 3 0x8000b30c (0x00002f17) x30 0x8000d30c
core   0: 0x8000b310 (0xce3f2a23) sw      gp, -780(t5)
core   0: 3 0x8000b310 (0xce3f2a23) mem 0x8000d000 0x00000001
core   0: 0x8000b314 (0xff9ff06f) j       pc - 0x8
core   0: 3 0x8000b314 (0xff9ff06f)
core   0: 0x8000b30c (0x00002f17) auipc   t5, 0x2
core   0: 3 0x8000b30c (0x00002f17) x30 0x8000d30c
core   0: 0x8000b310 (0xce3f2a23) sw      gp, -780(t5)
core   0: 3 0x8000b310 (0xce3f2a23) mem 0x8000d000 0x00000001
core   0: 0x8000b314 (0xff9ff06f) j       pc - 0x8
core   0: 3 0x8000b314 (0xff9ff06f)
core   0: 0x8000b30c (0x00002f17) auipc   t5, 0x2
core   0: 3 0x8000b30c (0x00002f17) x30 0x8000d30c
core   0: 0x8000b310 (0xce3f2a23) sw      gp, -780(t5)
core   0: 3 0x8000b310 (0xce3f2a23) mem 0x8000d000 0x00000001
core   0: 0x8000b314 (0xff9ff06f) j       pc - 0x8
core   0: 3 0x8000b314 (0xff9ff06f)
core   0: 0x8000b30c (0x00002f17) auipc   t5, 0x2
core   0: 3 0x8000b30c (0x00002f17) x30 0x8000d30c
core   0: 0x8000b310 (0xce3f2a23) sw      gp, -780(t5)
core   0: 3 0x8000b310 (0xce3f2a23) mem 0x8000d000 0x00000001
core   0: 0x8000b314 (0xff9ff06f) j       pc - 0x8
core   0: 3 0x8000b314 (0xff9ff06f)
core   0: 0x8000b30c (0x00002f17) auipc   t5, 0x2
core   0: 3 0x8000b30c (0x00002f17) x30 0x8000d30c
core   0: 0x8000b310 (0xce3f2a23) sw      gp, -780(t5)
core   0: 3 0x8000b310 (0xce3f2a23) mem 0x8000d000 0x00000001
core   0: 0x8000b314 (0xff9ff06f) j       pc - 0x8
core   0: 3 0x8000b314 (0xff9ff06f)
core   0: 0x8000b30c (0x00002f17) auipc   t5, 0x2
core   0: 3 0x8000b30c (0x00002f17) x30 0x8000d30c
core   0: 0x8000b310 (0xce3f2a23) sw      gp, -780(t5)
core   0: 3 0x8000b310 (0xce3f2a23) mem 0x8000d000 0x00000001
core   0: 0x8000b314 (0xff9ff06f) j       pc - 0x8
core   0: 3 0x8000b314 (0xff9ff06f)
core   0: 0x8000b30c (0x00002f17) auipc   t5, 0x2
core   0: 3 0x8000b30c (0x00002f17) x30 0x8000d30c
core   0: 0x8000b310 (0xce3f2a23) sw      gp, -780(t5)
core   0: 3 0x8000b310 (0xce3f2a23) mem 0x8000d000 0x00000001
core   0: 0x8000b314 (0xff9ff06f) j       pc - 0x8
core   0: 3 0x8000b314 (0xff9ff06f)
core   0: 0x8000b30c (0x00002f17) auipc   t5, 0x2
core   0: 3 0x8000b30c (0x00002f17) x30 0x8000d30c
core   0: 0x8000b310 (0xce3f2a23) sw      gp, -780(t5)
core   0: 3 0x8000b310 (0xce3f2a23) mem 0x8000d000 0x00000001
core   0: 0x8000b314 (0xff9ff06f) j       pc - 0x8
core   0: 3 0x8000b314 (0xff9ff06f)
core   0: 0x8000b30c (0x00002f17) auipc   t5, 0x2
core   0: 3 0x8000b30c (0x00002f17) x30 0x8000d30c
core   0: 0x8000b310 (0xce3f2a23) sw      gp, -780(t5)
core   0: 3 0x8000b310 (0xce3f2a23) mem 0x8000d000 0x00000001
core   0: 0x8000b314 (0xff9ff06f) j       pc - 0x8
core   0: 3 0x8000b314 (0xff9ff06f)
core   0: 0x8000b30c (0x00002f17) auipc   t5, 0x2
core   0: 3 0x8000b30c (0x00002f17) x30 0x8000d30c
core   0: 0x8000b310 (0xce3f2a23) sw      gp, -780(t5)
core   0: 3 0x8000b310 (0xce3f2a23) mem 0x8000d000 0x00000001
core   0: 0x8000b314 (0xff9ff06f) j       pc - 0x8
core   0: 3 0x8000b314 (0xff9ff06f)
core   0: 0x8000b30c (0x00002f17) auipc   t5, 0x2
core   0: 3 0x8000b30c (0x00002f17) x30 0x8000d30c
core   0: 0x8000b310 (0xce3f2a23) sw      gp, -780(t5)
core   0: 3 0x8000b310 (0xce3f2a23) mem 0x8000d000 0x00000001
core   0: 0x8000b314 (0xff9ff06f) j       pc - 0x8
core   0: 3 0x8000b314 (0xff9ff06f)
core   0: 0x8000b30c (0x00002f17) auipc   t5, 0x2
core   0: 3 0x8000b30c (0x00002f17) x30 0x8000d30c
core   0: 0x8000b310 (0xce3f2a23) sw      gp, -780(t5)
core   0: 3 0x8000b310 (0xce3f2a23) mem 0x8000d000 0x00000001
core   0: 0x8000b314 (0xff9ff06f) j       pc - 0x8
core   0: 3 0x8000b314 (0xff9ff06f)
core   0: 0x8000b30c (0x00002f17) auipc   t5, 0x2
core   0: 3 0x8000b30c (0x00002f17) x30 0x8000d30c
core   0: 0x8000b310 (0xce3f2a23) sw      gp, -780(t5)
core   0: 3 0x8000b310 (0xce3f2a23) mem 0x8000d000 0x00000001
core   0: 0x8000b314 (0xff9ff06f) j       pc - 0x8
core   0: 3 0x8000b314 (0xff9ff06f)
core   0: 0x8000b30c (0x00002f17) auipc   t5, 0x2
core   0: 3 0x8000b30c (0x00002f17) x30 0x8000d30c
core   0: 0x8000b310 (0xce3f2a23) sw      gp, -780(t5)
core   0: 3 0x8000b310 (0xce3f2a23) mem 0x8000d000 0x00000001
core   0: 0x8000b314 (0xff9ff06f) j       pc - 0x8
core   0: 3 0x8000b314 (0xff9ff06f)
core   0: 0x8000b30c (0x00002f17) auipc   t5, 0x2
core   0: 3 0x8000b30c (0x00002f17) x30 0x8000d30c
core   0: 0x8000b310 (0xce3f2a23) sw      gp, -780(t5)
core   0: 3 0x8000b310 (0xce3f2a23) mem 0x8000d000 0x00000001
core   0: 0x8000b314 (0xff9ff06f) j       pc - 0x8
core   0: 3 0x8000b314 (0xff9ff06f)
core   0: 0x8000b30c (0x00002f17) auipc   t5, 0x2
core   0: 3 0x8000b30c (0x00002f17) x30 0x8000d30c
core   0: 0x8000b310 (0xce3f2a23) sw      gp, -780(t5)
core   0: 3 0x8000b310 (0xce3f2a23) mem 0x8000d000 0x00000001
core   0: 0x8000b314 (0xff9ff06f) j       pc - 0x8
core   0: 3 0x8000b314 (0xff9ff06f)
core   0: 0x8000b30c (0x00002f17) auipc   t5, 0x2
core   0: 3 0x8000b30c (0x00002f17) x30 0x8000d30c
core   0: 0x8000b310 (0xce3f2a23) sw      gp, -780(t5)
core   0: 3 0x8000b310 (0xce3f2a23) mem 0x8000d000 0x00000001
core   0: 0x8000b314 (0xff9ff06f) j       pc - 0x8
core   0: 3 0x8000b314 (0xff9ff06f)
core   0: 0x8000b30c (0x00002f17) auipc   t5, 0x2
core   0: 3 0x8000b30c (0x00002f17) x30 0x8000d30c
core   0: 0x8000b310 (0xce3f2a23) sw      gp, -780(t5)
core   0: 3 0x8000b310 (0xce3f2a23) mem 0x8000d000 0x00000001
core   0: 0x8000b314 (0xff9ff06f) j       pc - 0x8
core   0: 3 0x8000b314 (0xff9ff06f)
core   0: 0x8000b30c (0x00002f17) auipc   t5, 0x2
core   0: 3 0x8000b30c (0x00002f17) x30 0x8000d30c
core   0: 0x8000b310 (0xce3f2a23) sw      gp, -780(t5)
core   0: 3 0x8000b310 (0xce3f2a23) mem 0x8000d000 0x00000001
core   0: 0x8000b314 (0xff9ff06f) j       pc - 0x8
core   0: 3 0x8000b314 (0xff9ff06f)
core   0: 0x8000b30c (0x00002f17) auipc   t5, 0x2
core   0: 3 0x8000b30c (0x00002f17) x30 0x8000d30c
core   0: 0x8000b310 (0xce3f2a23) sw      gp, -780(t5)
core   0: 3 0x8000b310 (0xce3f2a23) mem 0x8000d000 0x00000001
core   0: 0x8000b314 (0xff9ff06f) j       pc - 0x8
core   0: 3 0x8000b314 (0xff9ff06f)
core   0: 0x8000b30c (0x00002f17) auipc   t5, 0x2
core   0: 3 0x8000b30c (0x00002f17) x30 0x8000d30c
core   0: 0x8000b310 (0xce3f2a23) sw      gp, -780(t5)
core   0: 3 0x8000b310 (0xce3f2a23) mem 0x8000d000 0x00000001
core   0: 0x8000b314 (0xff9ff06f) j       pc - 0x8
core   0: 3 0x8000b314 (0xff9ff06f)
core   0: 0x8000b30c (0x00002f17) auipc   t5, 0x2
core   0: 3 0x8000b30c (0x00002f17) x30 0x8000d30c
core   0: 0x8000b310 (0xce3f2a23) sw      gp, -780(t5)
core   0: 3 0x8000b310 (0xce3f2a23) mem 0x8000d000 0x00000001
core   0: 0x8000b314 (0xff9ff06f) j       pc - 0x8
core   0: 3 0x8000b314 (0xff9ff06f)
core   0: 0x8000b30c (0x00002f17) auipc   t5, 0x2
core   0: 3 0x8000b30c (0x00002f17) x30 0x8000d30c
core   0: 0x8000b310 (0xce3f2a23) sw      gp, -780(t5)
core   0: 3 0x8000b310 (0xce3f2a23) mem 0x8000d000 0x00000001
core   0: 0x8000b314 (0xff9ff06f) j       pc - 0x8
core   0: 3 0x8000b314 (0xff9ff06f)
core   0: 0x8000b30c (0x00002f17) auipc   t5, 0x2
core   0: 3 0x8000b30c (0x00002f17) x30 0x8000d30c
core   0: 0x8000b310 (0xce3f2a23) sw      gp, -780(t5)
core   0: 3 0x8000b310 (0xce3f2a23) mem 0x8000d000 0x00000001
core   0: 0x8000b314 (0xff9ff06f) j       pc - 0x8
core   0: 3 0x8000b314 (0xff9ff06f)
core   0: 0x8000b30c (0x00002f17) auipc   t5, 0x2
core   0: 3 0x8000b30c (0x00002f17) x30 0x8000d30c
core   0: 0x8000b310 (0xce3f2a23) sw      gp, -780(t5)
core   0: 3 0x8000b310 (0xce3f2a23) mem 0x8000d000 0x00000001
core   0: 0x8000b314 (0xff9ff06f) j       pc - 0x8
core   0: 3 0x8000b314 (0xff9ff06f)
core   0: 0x8000b30c (0x00002f17) auipc   t5, 0x2
core   0: 3 0x8000b30c (0x00002f17) x30 0x8000d30c
core   0: 0x8000b310 (0xce3f2a23) sw      gp, -780(t5)
core   0: 3 0x8000b310 (0xce3f2a23) mem 0x8000d000 0x00000001
core   0: 0x8000b314 (0xff9ff06f) j       pc - 0x8
core   0: 3 0x8000b314 (0xff9ff06f)
core   0: 0x8000b30c (0x00002f17) auipc   t5, 0x2
core   0: 3 0x8000b30c (0x00002f17) x30 0x8000d30c
core   0: 0x8000b310 (0xce3f2a23) sw      gp, -780(t5)
core   0: 3 0x8000b310 (0xce3f2a23) mem 0x8000d000 0x00000001
core   0: 0x8000b314 (0xff9ff06f) j       pc - 0x8
core   0: 3 0x8000b314 (0xff9ff06f)
core   0: 0x8000b30c (0x00002f17) auipc   t5, 0x2
core   0: 3 0x8000b30c (0x00002f17) x30 0x8000d30c
core   0: 0x8000b310 (0xce3f2a23) sw      gp, -780(t5)
core   0: 3 0x8000b310 (0xce3f2a23) mem 0x8000d000 0x00000001
core   0: 0x8000b314 (0xff9ff06f) j       pc - 0x8
core   0: 3 0x8000b314 (0xff9ff06f)
core   0: 0x8000b30c (0x00002f17) auipc   t5, 0x2
core   0: 3 0x8000b30c (0x00002f17) x30 0x8000d30c
core   0: 0x8000b310 (0xce3f2a23) sw      gp, -780(t5)
core   0: 3 0x8000b310 (0xce3f2a23) mem 0x8000d000 0x00000001
core   0: 0x8000b314 (0xff9ff06f) j       pc - 0x8
core   0: 3 0x8000b314 (0xff9ff06f)
core   0: 0x8000b30c (0x00002f17) auipc   t5, 0x2
core   0: 3 0x8000b30c (0x00002f17) x30 0x8000d30c
core   0: 0x8000b310 (0xce3f2a23) sw      gp, -780(t5)
core   0: 3 0x8000b310 (0xce3f2a23) mem 0x8000d000 0x00000001
core   0: 0x8000b314 (0xff9ff06f) j       pc - 0x8
core   0: 3 0x8000b314 (0xff9ff06f)
core   0: 0x8000b30c (0x00002f17) auipc   t5, 0x2
core   0: 3 0x8000b30c (0x00002f17) x30 0x8000d30c
core   0: 0x8000b310 (0xce3f2a23) sw      gp, -780(t5)
core   0: 3 0x8000b310 (0xce3f2a23) mem 0x8000d000 0x00000001
core   0: 0x8000b314 (0xff9ff06f) j       pc - 0x8
core   0: 3 0x8000b314 (0xff9ff06f)
core   0: 0x8000b30c (0x00002f17) auipc   t5, 0x2
core   0: 3 0x8000b30c (0x00002f17) x30 0x8000d30c
core   0: 0x8000b310 (0xce3f2a23) sw      gp, -780(t5)
core   0: 3 0x8000b310 (0xce3f2a23) mem 0x8000d000 0x00000001
core   0: 0x8000b314 (0xff9ff06f) j       pc - 0x8
core   0: 3 0x8000b314 (0xff9ff06f)
core   0: 0x8000b30c (0x00002f17) auipc   t5, 0x2
core   0: 3 0x8000b30c (0x00002f17) x30 0x8000d30c
core   0: 0x8000b310 (0xce3f2a23) sw      gp, -780(t5)
core   0: 3 0x8000b310 (0xce3f2a23) mem 0x8000d000 0x00000001
core   0: 0x8000b314 (0xff9ff06f) j       pc - 0x8
core   0: 3 0x8000b314 (0xff9ff06f)
core   0: 0x8000b30c (0x00002f17) auipc   t5, 0x2
core   0: 3 0x8000b30c (0x00002f17) x30 0x8000d30c
core   0: 0x8000b310 (0xce3f2a23) sw      gp, -780(t5)
core   0: 3 0x8000b310 (0xce3f2a23) mem 0x8000d000 0x00000001
core   0: 0x8000b314 (0xff9ff06f) j       pc - 0x8
core   0: 3 0x8000b314 (0xff9ff06f)
core   0: 0x8000b30c (0x00002f17) auipc   t5, 0x2
core   0: 3 0x8000b30c (0x00002f17) x30 0x8000d30c
core   0: 0x8000b310 (0xce3f2a23) sw      gp, -780(t5)
core   0: 3 0x8000b310 (0xce3f2a23) mem 0x8000d000 0x00000001
core   0: 0x8000b314 (0xff9ff06f) j       pc - 0x8
core   0: 3 0x8000b314 (0xff9ff06f)
core   0: 0x8000b30c (0x00002f17) auipc   t5, 0x2
core   0: 3 0x8000b30c (0x00002f17) x30 0x8000d30c
core   0: 0x8000b310 (0xce3f2a23) sw      gp, -780(t5)
core   0: 3 0x8000b310 (0xce3f2a23) mem 0x8000d000 0x00000001
core   0: 0x8000b314 (0xff9ff06f) j       pc - 0x8
core   0: 3 0x8000b314 (0xff9ff06f)
core   0: 0x8000b30c (0x00002f17) auipc   t5, 0x2
core   0: 3 0x8000b30c (0x00002f17) x30 0x8000d30c
core   0: 0x8000b310 (0xce3f2a23) sw      gp, -780(t5)
core   0: 3 0x8000b310 (0xce3f2a23) mem 0x8000d000 0x00000001
core   0: 0x8000b314 (0xff9ff06f) j       pc - 0x8
core   0: 3 0x8000b314 (0xff9ff06f)
core   0: 0x8000b30c (0x00002f17) auipc   t5, 0x2
core   0: 3 0x8000b30c (0x00002f17) x30 0x8000d30c
core   0: 0x8000b310 (0xce3f2a23) sw      gp, -780(t5)
core   0: 3 0x8000b310 (0xce3f2a23) mem 0x8000d000 0x00000001
core   0: 0x8000b314 (0xff9ff06f) j       pc - 0x8
core   0: 3 0x8000b314 (0xff9ff06f)
core   0: 0x8000b30c (0x00002f17) auipc   t5, 0x2
core   0: 3 0x8000b30c (0x00002f17) x30 0x8000d30c
core   0: 0x8000b310 (0xce3f2a23) sw      gp, -780(t5)
core   0: 3 0x8000b310 (0xce3f2a23) mem 0x8000d000 0x00000001
core   0: 0x8000b314 (0xff9ff06f) j       pc - 0x8
core   0: 3 0x8000b314 (0xff9ff06f)
core   0: 0x8000b30c (0x00002f17) auipc   t5, 0x2
core   0: 3 0x8000b30c (0x00002f17) x30 0x8000d30c
core   0: 0x8000b310 (0xce3f2a23) sw      gp, -780(t5)
core   0: 3 0x8000b310 (0xce3f2a23) mem 0x8000d000 0x00000001
core   0: 0x8000b314 (0xff9ff06f) j       pc - 0x8
core   0: 3 0x8000b314 (0xff9ff06f)
core   0: 0x8000b30c (0x00002f17) auipc   t5, 0x2
core   0: 3 0x8000b30c (0x00002f17) x30 0x8000d30c
core   0: 0x8000b310 (0xce3f2a23) sw      gp, -780(t5)
core   0: 3 0x8000b310 (0xce3f2a23) mem 0x8000d000 0x00000001
core   0: 0x8000b314 (0xff9ff06f) j       pc - 0x8
core   0: 3 0x8000b314 (0xff9ff06f)
core   0: 0x8000b30c (0x00002f17) auipc   t5, 0x2
core   0: 3 0x8000b30c (0x00002f17) x30 0x8000d30c
core   0: 0x8000b310 (0xce3f2a23) sw      gp, -780(t5)
core   0: 3 0x8000b310 (0xce3f2a23) mem 0x8000d000 0x00000001
core   0: 0x8000b314 (0xff9ff06f) j       pc - 0x8
core   0: 3 0x8000b314 (0xff9ff06f)
core   0: 0x8000b30c (0x00002f17) auipc   t5, 0x2
core   0: 3 0x8000b30c (0x00002f17) x30 0x8000d30c
core   0: 0x8000b310 (0xce3f2a23) sw      gp, -780(t5)
core   0: 3 0x8000b310 (0xce3f2a23) mem 0x8000d000 0x00000001
core   0: 0x8000b314 (0xff9ff06f) j       pc - 0x8
core   0: 3 0x8000b314 (0xff9ff06f)
core   0: 0x8000b30c (0x00002f17) auipc   t5, 0x2
core   0: 3 0x8000b30c (0x00002f17) x30 0x8000d30c
core   0: 0x8000b310 (0xce3f2a23) sw      gp, -780(t5)
core   0: 3 0x8000b310 (0xce3f2a23) mem 0x8000d000 0x00000001
core   0: 0x8000b314 (0xff9ff06f) j       pc - 0x8
core   0: 3 0x8000b314 (0xff9ff06f)
core   0: 0x8000b30c (0x00002f17) auipc   t5, 0x2
core   0: 3 0x8000b30c (0x00002f17) x30 0x8000d30c
core   0: 0x8000b310 (0xce3f2a23) sw      gp, -780(t5)
core   0: 3 0x8000b310 (0xce3f2a23) mem 0x8000d000 0x00000001
core   0: 0x8000b314 (0xff9ff06f) j       pc - 0x8
core   0: 3 0x8000b314 (0xff9ff06f)
core   0: 0x8000b30c (0x00002f17) auipc   t5, 0x2
core   0: 3 0x8000b30c (0x00002f17) x30 0x8000d30c
core   0: 0x8000b310 (0xce3f2a23) sw      gp, -780(t5)
core   0: 3 0x8000b310 (0xce3f2a23) mem 0x8000d000 0x00000001
core   0: 0x8000b314 (0xff9ff06f) j       pc - 0x8
core   0: 3 0x8000b314 (0xff9ff06f)
core   0: 0x8000b30c (0x00002f17) auipc   t5, 0x2
core   0: 3 0x8000b30c (0x00002f17) x30 0x8000d30c
core   0: 0x8000b310 (0xce3f2a23) sw      gp, -780(t5)
core   0: 3 0x8000b310 (0xce3f2a23) mem 0x8000d000 0x00000001
core   0: 0x8000b314 (0xff9ff06f) j       pc - 0x8
core   0: 3 0x8000b314 (0xff9ff06f)
core   0: 0x8000b30c (0x00002f17) auipc   t5, 0x2
core   0: 3 0x8000b30c (0x00002f17) x30 0x8000d30c
core   0: 0x8000b310 (0xce3f2a23) sw      gp, -780(t5)
core   0: 3 0x8000b310 (0xce3f2a23) mem 0x8000d000 0x00000001
core   0: 0x8000b314 (0xff9ff06f) j       pc - 0x8
core   0: 3 0x8000b314 (0xff9ff06f)
core   0: 0x8000b30c (0x00002f17) auipc   t5, 0x2
core   0: 3 0x8000b30c (0x00002f17) x30 0x8000d30c
core   0: 0x8000b310 (0xce3f2a23) sw      gp, -780(t5)
core   0: 3 0x8000b310 (0xce3f2a23) mem 0x8000d000 0x00000001
core   0: 0x8000b314 (0xff9ff06f) j       pc - 0x8
core   0: 3 0x8000b314 (0xff9ff06f)
core   0: 0x8000b30c (0x00002f17) auipc   t5, 0x2
core   0: 3 0x8000b30c (0x00002f17) x30 0x8000d30c
core   0: 0x8000b310 (0xce3f2a23) sw      gp, -780(t5)
core   0: 3 0x8000b310 (0xce3f2a23) mem 0x8000d000 0x00000001
core   0: 0x8000b314 (0xff9ff06f) j       pc - 0x8
core   0: 3 0x8000b314 (0xff9ff06f)
core   0: 0x8000b30c (0x00002f17) auipc   t5, 0x2
core   0: 3 0x8000b30c (0x00002f17) x30 0x8000d30c
core   0: 0x8000b310 (0xce3f2a23) sw      gp, -780(t5)
core   0: 3 0x8000b310 (0xce3f2a23) mem 0x8000d000 0x00000001
core   0: 0x8000b314 (0xff9ff06f) j       pc - 0x8
core   0: 3 0x8000b314 (0xff9ff06f)
core   0: 0x8000b30c (0x00002f17) auipc   t5, 0x2
core   0: 3 0x8000b30c (0x00002f17) x30 0x8000d30c
core   0: 0x8000b310 (0xce3f2a23) sw      gp, -780(t5)
core   0: 3 0x8000b310 (0xce3f2a23) mem 0x8000d000 0x00000001
core   0: 0x8000b314 (0xff9ff06f) j       pc - 0x8
core   0: 3 0x8000b314 (0xff9ff06f)
core   0: 0x8000b30c (0x00002f17) auipc   t5, 0x2
core   0: 3 0x8000b30c (0x00002f17) x30 0x8000d30c
core   0: 0x8000b310 (0xce3f2a23) sw      gp, -780(t5)
core   0: 3 0x8000b310 (0xce3f2a23) mem 0x8000d000 0x00000001
core   0: 0x8000b314 (0xff9ff06f) j       pc - 0x8
core   0: 3 0x8000b314 (0xff9ff06f)
core   0: 0x8000b30c (0x00002f17) auipc   t5, 0x2
core   0: 3 0x8000b30c (0x00002f17) x30 0x8000d30c
core   0: 0x8000b310 (0xce3f2a23) sw      gp, -780(t5)
core   0: 3 0x8000b310 (0xce3f2a23) mem 0x8000d000 0x00000001
core   0: 0x8000b314 (0xff9ff06f) j       pc - 0x8
core   0: 3 0x8000b314 (0xff9ff06f)
core   0: 0x8000b30c (0x00002f17) auipc   t5, 0x2
core   0: 3 0x8000b30c (0x00002f17) x30 0x8000d30c
core   0: 0x8000b310 (0xce3f2a23) sw      gp, -780(t5)
core   0: 3 0x8000b310 (0xce3f2a23) mem 0x8000d000 0x00000001
core   0: 0x8000b314 (0xff9ff06f) j       pc - 0x8
core   0: 3 0x8000b314 (0xff9ff06f)
core   0: 0x8000b30c (0x00002f17) auipc   t5, 0x2
core   0: 3 0x8000b30c (0x00002f17) x30 0x8000d30c
core   0: 0x8000b310 (0xce3f2a23) sw      gp, -780(t5)
core   0: 3 0x8000b310 (0xce3f2a23) mem 0x8000d000 0x00000001
core   0: 0x8000b314 (0xff9ff06f) j       pc - 0x8
core   0: 3 0x8000b314 (0xff9ff06f)
core   0: 0x8000b30c (0x00002f17) auipc   t5, 0x2
core   0: 3 0x8000b30c (0x00002f17) x30 0x8000d30c
core   0: 0x8000b310 (0xce3f2a23) sw      gp, -780(t5)
core   0: 3 0x8000b310 (0xce3f2a23) mem 0x8000d000 0x00000001
core   0: 0x8000b314 (0xff9ff06f) j       pc - 0x8
core   0: 3 0x8000b314 (0xff9ff06f)
core   0: 0x8000b30c (0x00002f17) auipc   t5, 0x2
core   0: 3 0x8000b30c (0x00002f17) x30 0x8000d30c
core   0: 0x8000b310 (0xce3f2a23) sw      gp, -780(t5)
core   0: 3 0x8000b310 (0xce3f2a23) mem 0x8000d000 0x00000001
core   0: 0x8000b314 (0xff9ff06f) j       pc - 0x8
core   0: 3 0x8000b314 (0xff9ff06f)
core   0: 0x8000b30c (0x00002f17) auipc   t5, 0x2
core   0: 3 0x8000b30c (0x00002f17) x30 0x8000d30c
core   0: 0x8000b310 (0xce3f2a23) sw      gp, -780(t5)
core   0: 3 0x8000b310 (0xce3f2a23) mem 0x8000d000 0x00000001
core   0: 0x8000b314 (0xff9ff06f) j       pc - 0x8
core   0: 3 0x8000b314 (0xff9ff06f)
core   0: 0x8000b30c (0x00002f17) auipc   t5, 0x2
core   0: 3 0x8000b30c (0x00002f17) x30 0x8000d30c
core   0: 0x8000b310 (0xce3f2a23) sw      gp, -780(t5)
core   0: 3 0x8000b310 (0xce3f2a23) mem 0x8000d000 0x00000001
core   0: 0x8000b314 (0xff9ff06f) j       pc - 0x8
core   0: 3 0x8000b314 (0xff9ff06f)
core   0: 0x8000b30c (0x00002f17) auipc   t5, 0x2
core   0: 3 0x8000b30c (0x00002f17) x30 0x8000d30c
core   0: 0x8000b310 (0xce3f2a23) sw      gp, -780(t5)
core   0: 3 0x8000b310 (0xce3f2a23) mem 0x8000d000 0x00000001
core   0: 0x8000b314 (0xff9ff06f) j       pc - 0x8
core   0: 3 0x8000b314 (0xff9ff06f)
core   0: 0x8000b30c (0x00002f17) auipc   t5, 0x2
core   0: 3 0x8000b30c (0x00002f17) x30 0x8000d30c
core   0: 0x8000b310 (0xce3f2a23) sw      gp, -780(t5)
core   0: 3 0x8000b310 (0xce3f2a23) mem 0x8000d000 0x00000001
core   0: 0x8000b314 (0xff9ff06f) j       pc - 0x8
core   0: 3 0x8000b314 (0xff9ff06f)
core   0: 0x8000b30c (0x00002f17) auipc   t5, 0x2
core   0: 3 0x8000b30c (0x00002f17) x30 0x8000d30c
core   0: 0x8000b310 (0xce3f2a23) sw      gp, -780(t5)
core   0: 3 0x8000b310 (0xce3f2a23) mem 0x8000d000 0x00000001
core   0: 0x8000b314 (0xff9ff06f) j       pc - 0x8
core   0: 3 0x8000b314 (0xff9ff06f)
core   0: 0x8000b30c (0x00002f17) auipc   t5, 0x2
core   0: 3 0x8000b30c (0x00002f17) x30 0x8000d30c
core   0: 0x8000b310 (0xce3f2a23) sw      gp, -780(t5)
core   0: 3 0x8000b310 (0xce3f2a23) mem 0x8000d000 0x00000001
core   0: 0x8000b314 (0xff9ff06f) j       pc - 0x8
core   0: 3 0x8000b314 (0xff9ff06f)
core   0: 0x8000b30c (0x00002f17) auipc   t5, 0x2
core   0: 3 0x8000b30c (0x00002f17) x30 0x8000d30c
core   0: 0x8000b310 (0xce3f2a23) sw      gp, -780(t5)
core   0: 3 0x8000b310 (0xce3f2a23) mem 0x8000d000 0x00000001
core   0: 0x8000b314 (0xff9ff06f) j       pc - 0x8
core   0: 3 0x8000b314 (0xff9ff06f)
core   0: 0x8000b30c (0x00002f17) auipc   t5, 0x2
core   0: 3 0x8000b30c (0x00002f17) x30 0x8000d30c
core   0: 0x8000b310 (0xce3f2a23) sw      gp, -780(t5)
core   0: 3 0x8000b310 (0xce3f2a23) mem 0x8000d000 0x00000001
core   0: 0x8000b314 (0xff9ff06f) j       pc - 0x8
core   0: 3 0x8000b314 (0xff9ff06f)
core   0: 0x8000b30c (0x00002f17) auipc   t5, 0x2
core   0: 3 0x8000b30c (0x00002f17) x30 0x8000d30c
core   0: 0x8000b310 (0xce3f2a23) sw      gp, -780(t5)
core   0: 3 0x8000b310 (0xce3f2a23) mem 0x8000d000 0x00000001
core   0: 0x8000b314 (0xff9ff06f) j       pc - 0x8
core   0: 3 0x8000b314 (0xff9ff06f)
core   0: 0x8000b30c (0x00002f17) auipc   t5, 0x2
core   0: 3 0x8000b30c (0x00002f17) x30 0x8000d30c
core   0: 0x8000b310 (0xce3f2a23) sw      gp, -780(t5)
core   0: 3 0x8000b310 (0xce3f2a23) mem 0x8000d000 0x00000001
core   0: 0x8000b314 (0xff9ff06f) j       pc - 0x8
core   0: 3 0x8000b314 (0xff9ff06f)
core   0: 0x8000b30c (0x00002f17) auipc   t5, 0x2
core   0: 3 0x8000b30c (0x00002f17) x30 0x8000d30c
core   0: 0x8000b310 (0xce3f2a23) sw      gp, -780(t5)
core   0: 3 0x8000b310 (0xce3f2a23) mem 0x8000d000 0x00000001
core   0: 0x8000b314 (0xff9ff06f) j       pc - 0x8
core   0: 3 0x8000b314 (0xff9ff06f)
core   0: 0x8000b30c (0x00002f17) auipc   t5, 0x2
core   0: 3 0x8000b30c (0x00002f17) x30 0x8000d30c
core   0: 0x8000b310 (0xce3f2a23) sw      gp, -780(t5)
core   0: 3 0x8000b310 (0xce3f2a23) mem 0x8000d000 0x00000001
core   0: 0x8000b314 (0xff9ff06f) j       pc - 0x8
core   0: 3 0x8000b314 (0xff9ff06f)
core   0: 0x8000b30c (0x00002f17) auipc   t5, 0x2
core   0: 3 0x8000b30c (0x00002f17) x30 0x8000d30c
core   0: 0x8000b310 (0xce3f2a23) sw      gp, -780(t5)
core   0: 3 0x8000b310 (0xce3f2a23) mem 0x8000d000 0x00000001
core   0: 0x8000b314 (0xff9ff06f) j       pc - 0x8
core   0: 3 0x8000b314 (0xff9ff06f)
core   0: 0x8000b30c (0x00002f17) auipc   t5, 0x2
core   0: 3 0x8000b30c (0x00002f17) x30 0x8000d30c
core   0: 0x8000b310 (0xce3f2a23) sw      gp, -780(t5)
core   0: 3 0x8000b310 (0xce3f2a23) mem 0x8000d000 0x00000001
core   0: 0x8000b314 (0xff9ff06f) j       pc - 0x8
core   0: 3 0x8000b314 (0xff9ff06f)
core   0: 0x8000b30c (0x00002f17) auipc   t5, 0x2
core   0: 3 0x8000b30c (0x00002f17) x30 0x8000d30c
core   0: 0x8000b310 (0xce3f2a23) sw      gp, -780(t5)
core   0: 3 0x8000b310 (0xce3f2a23) mem 0x8000d000 0x00000001
core   0: 0x8000b314 (0xff9ff06f) j       pc - 0x8
core   0: 3 0x8000b314 (0xff9ff06f)
core   0: 0x8000b30c (0x00002f17) auipc   t5, 0x2
core   0: 3 0x8000b30c (0x00002f17) x30 0x8000d30c
core   0: 0x8000b310 (0xce3f2a23) sw      gp, -780(t5)
core   0: 3 0x8000b310 (0xce3f2a23) mem 0x8000d000 0x00000001
core   0: 0x8000b314 (0xff9ff06f) j       pc - 0x8
core   0: 3 0x8000b314 (0xff9ff06f)
core   0: 0x8000b30c (0x00002f17) auipc   t5, 0x2
core   0: 3 0x8000b30c (0x00002f17) x30 0x8000d30c
core   0: 0x8000b310 (0xce3f2a23) sw      gp, -780(t5)
core   0: 3 0x8000b310 (0xce3f2a23) mem 0x8000d000 0x00000001
core   0: 0x8000b314 (0xff9ff06f) j       pc - 0x8
core   0: 3 0x8000b314 (0xff9ff06f)
core   0: 0x8000b30c (0x00002f17) auipc   t5, 0x2
core   0: 3 0x8000b30c (0x00002f17) x30 0x8000d30c
core   0: 0x8000b310 (0xce3f2a23) sw      gp, -780(t5)
core   0: 3 0x8000b310 (0xce3f2a23) mem 0x8000d000 0x00000001
core   0: 0x8000b314 (0xff9ff06f) j       pc - 0x8
core   0: 3 0x8000b314 (0xff9ff06f)
core   0: 0x8000b30c (0x00002f17) auipc   t5, 0x2
core   0: 3 0x8000b30c (0x00002f17) x30 0x8000d30c
core   0: 0x8000b310 (0xce3f2a23) sw      gp, -780(t5)
core   0: 3 0x8000b310 (0xce3f2a23) mem 0x8000d000 0x00000001
core   0: 0x8000b314 (0xff9ff06f) j       pc - 0x8
core   0: 3 0x8000b314 (0xff9ff06f)
core   0: 0x8000b30c (0x00002f17) auipc   t5, 0x2
core   0: 3 0x8000b30c (0x00002f17) x30 0x8000d30c
core   0: 0x8000b310 (0xce3f2a23) sw      gp, -780(t5)
core   0: 3 0x8000b310 (0xce3f2a23) mem 0x8000d000 0x00000001
core   0: 0x8000b314 (0xff9ff06f) j       pc - 0x8
core   0: 3 0x8000b314 (0xff9ff06f)
core   0: 0x8000b30c (0x00002f17) auipc   t5, 0x2
core   0: 3 0x8000b30c (0x00002f17) x30 0x8000d30c
core   0: 0x8000b310 (0xce3f2a23) sw      gp, -780(t5)
core   0: 3 0x8000b310 (0xce3f2a23) mem 0x8000d000 0x00000001
core   0: 0x8000b314 (0xff9ff06f) j       pc - 0x8
core   0: 3 0x8000b314 (0xff9ff06f)
core   0: 0x8000b30c (0x00002f17) auipc   t5, 0x2
core   0: 3 0x8000b30c (0x00002f17) x30 0x8000d30c
core   0: 0x8000b310 (0xce3f2a23) sw      gp, -780(t5)
core   0: 3 0x8000b310 (0xce3f2a23) mem 0x8000d000 0x00000001
core   0: 0x8000b314 (0xff9ff06f) j       pc - 0x8
core   0: 3 0x8000b314 (0xff9ff06f)
core   0: 0x8000b30c (0x00002f17) auipc   t5, 0x2
core   0: 3 0x8000b30c (0x00002f17) x30 0x8000d30c
core   0: 0x8000b310 (0xce3f2a23) sw      gp, -780(t5)
core   0: 3 0x8000b310 (0xce3f2a23) mem 0x8000d000 0x00000001
core   0: 0x8000b314 (0xff9ff06f) j       pc - 0x8
core   0: 3 0x8000b314 (0xff9ff06f)
core   0: 0x8000b30c (0x00002f17) auipc   t5, 0x2
core   0: 3 0x8000b30c (0x00002f17) x30 0x8000d30c
core   0: 0x8000b310 (0xce3f2a23) sw      gp, -780(t5)
core   0: 3 0x8000b310 (0xce3f2a23) mem 0x8000d000 0x00000001
core   0: 0x8000b314 (0xff9ff06f) j       pc - 0x8
core   0: 3 0x8000b314 (0xff9ff06f)
core   0: 0x8000b30c (0x00002f17) auipc   t5, 0x2
core   0: 3 0x8000b30c (0x00002f17) x30 0x8000d30c
core   0: 0x8000b310 (0xce3f2a23) sw      gp, -780(t5)
core   0: 3 0x8000b310 (0xce3f2a23) mem 0x8000d000 0x00000001
core   0: 0x8000b314 (0xff9ff06f) j       pc - 0x8
core   0: 3 0x8000b314 (0xff9ff06f)
core   0: 0x8000b30c (0x00002f17) auipc   t5, 0x2
core   0: 3 0x8000b30c (0x00002f17) x30 0x8000d30c
core   0: 0x8000b310 (0xce3f2a23) sw      gp, -780(t5)
core   0: 3 0x8000b310 (0xce3f2a23) mem 0x8000d000 0x00000001
core   0: 0x8000b314 (0xff9ff06f) j       pc - 0x8
core   0: 3 0x8000b314 (0xff9ff06f)
core   0: 0x8000b30c (0x00002f17) auipc   t5, 0x2
core   0: 3 0x8000b30c (0x00002f17) x30 0x8000d30c
core   0: 0x8000b310 (0xce3f2a23) sw      gp, -780(t5)
core   0: 3 0x8000b310 (0xce3f2a23) mem 0x8000d000 0x00000001
core   0: 0x8000b314 (0xff9ff06f) j       pc - 0x8
core   0: 3 0x8000b314 (0xff9ff06f)
core   0: 0x8000b30c (0x00002f17) auipc   t5, 0x2
core   0: 3 0x8000b30c (0x00002f17) x30 0x8000d30c
core   0: 0x8000b310 (0xce3f2a23) sw      gp, -780(t5)
core   0: 3 0x8000b310 (0xce3f2a23) mem 0x8000d000 0x00000001
core   0: 0x8000b314 (0xff9ff06f) j       pc - 0x8
core   0: 3 0x8000b314 (0xff9ff06f)
core   0: 0x8000b30c (0x00002f17) auipc   t5, 0x2
core   0: 3 0x8000b30c (0x00002f17) x30 0x8000d30c
core   0: 0x8000b310 (0xce3f2a23) sw      gp, -780(t5)
core   0: 3 0x8000b310 (0xce3f2a23) mem 0x8000d000 0x00000001
core   0: 0x8000b314 (0xff9ff06f) j       pc - 0x8
core   0: 3 0x8000b314 (0xff9ff06f)
core   0: 0x8000b30c (0x00002f17) auipc   t5, 0x2
core   0: 3 0x8000b30c (0x00002f17) x30 0x8000d30c
core   0: 0x8000b310 (0xce3f2a23) sw      gp, -780(t5)
core   0: 3 0x8000b310 (0xce3f2a23) mem 0x8000d000 0x00000001
core   0: 0x8000b314 (0xff9ff06f) j       pc - 0x8
core   0: 3 0x8000b314 (0xff9ff06f)
core   0: 0x8000b30c (0x00002f17) auipc   t5, 0x2
core   0: 3 0x8000b30c (0x00002f17) x30 0x8000d30c
core   0: 0x8000b310 (0xce3f2a23) sw      gp, -780(t5)
core   0: 3 0x8000b310 (0xce3f2a23) mem 0x8000d000 0x00000001
core   0: 0x8000b314 (0xff9ff06f) j       pc - 0x8
core   0: 3 0x8000b314 (0xff9ff06f)
core   0: 0x8000b30c (0x00002f17) auipc   t5, 0x2
core   0: 3 0x8000b30c (0x00002f17) x30 0x8000d30c
core   0: 0x8000b310 (0xce3f2a23) sw      gp, -780(t5)
core   0: 3 0x8000b310 (0xce3f2a23) mem 0x8000d000 0x00000001
core   0: 0x8000b314 (0xff9ff06f) j       pc - 0x8
core   0: 3 0x8000b314 (0xff9ff06f)
core   0: 0x8000b30c (0x00002f17) auipc   t5, 0x2
core   0: 3 0x8000b30c (0x00002f17) x30 0x8000d30c
core   0: 0x8000b310 (0xce3f2a23) sw      gp, -780(t5)
core   0: 3 0x8000b310 (0xce3f2a23) mem 0x8000d000 0x00000001
core   0: 0x8000b314 (0xff9ff06f) j       pc - 0x8
core   0: 3 0x8000b314 (0xff9ff06f)
core   0: 0x8000b30c (0x00002f17) auipc   t5, 0x2
core   0: 3 0x8000b30c (0x00002f17) x30 0x8000d30c
core   0: 0x8000b310 (0xce3f2a23) sw      gp, -780(t5)
core   0: 3 0x8000b310 (0xce3f2a23) mem 0x8000d000 0x00000001
core   0: 0x8000b314 (0xff9ff06f) j       pc - 0x8
core   0: 3 0x8000b314 (0xff9ff06f)
core   0: 0x8000b30c (0x00002f17) auipc   t5, 0x2
core   0: 3 0x8000b30c (0x00002f17) x30 0x8000d30c
core   0: 0x8000b310 (0xce3f2a23) sw      gp, -780(t5)
core   0: 3 0x8000b310 (0xce3f2a23) mem 0x8000d000 0x00000001
core   0: 0x8000b314 (0xff9ff06f) j       pc - 0x8
core   0: 3 0x8000b314 (0xff9ff06f)
core   0: 0x8000b30c (0x00002f17) auipc   t5, 0x2
core   0: 3 0x8000b30c (0x00002f17) x30 0x8000d30c
core   0: 0x8000b310 (0xce3f2a23) sw      gp, -780(t5)
core   0: 3 0x8000b310 (0xce3f2a23) mem 0x8000d000 0x00000001
core   0: 0x8000b314 (0xff9ff06f) j       pc - 0x8
core   0: 3 0x8000b314 (0xff9ff06f)
core   0: 0x8000b30c (0x00002f17) auipc   t5, 0x2
core   0: 3 0x8000b30c (0x00002f17) x30 0x8000d30c
core   0: 0x8000b310 (0xce3f2a23) sw      gp, -780(t5)
core   0: 3 0x8000b310 (0xce3f2a23) mem 0x8000d000 0x00000001
core   0: 0x8000b314 (0xff9ff06f) j       pc - 0x8
core   0: 3 0x8000b314 (0xff9ff06f)
core   0: 0x8000b30c (0x00002f17) auipc   t5, 0x2
core   0: 3 0x8000b30c (0x00002f17) x30 0x8000d30c
core   0: 0x8000b310 (0xce3f2a23) sw      gp, -780(t5)
core   0: 3 0x8000b310 (0xce3f2a23) mem 0x8000d000 0x00000001
core   0: 0x8000b314 (0xff9ff06f) j       pc - 0x8
core   0: 3 0x8000b314 (0xff9ff06f)
core   0: 0x8000b30c (0x00002f17) auipc   t5, 0x2
core   0: 3 0x8000b30c (0x00002f17) x30 0x8000d30c
core   0: 0x8000b310 (0xce3f2a23) sw      gp, -780(t5)
core   0: 3 0x8000b310 (0xce3f2a23) mem 0x8000d000 0x00000001
core   0: 0x8000b314 (0xff9ff06f) j       pc - 0x8
core   0: 3 0x8000b314 (0xff9ff06f)
core   0: 0x8000b30c (0x00002f17) auipc   t5, 0x2
core   0: 3 0x8000b30c (0x00002f17) x30 0x8000d30c
core   0: 0x8000b310 (0xce3f2a23) sw      gp, -780(t5)
core   0: 3 0x8000b310 (0xce3f2a23) mem 0x8000d000 0x00000001
core   0: 0x8000b314 (0xff9ff06f) j       pc - 0x8
core   0: 3 0x8000b314 (0xff9ff06f)
core   0: 0x8000b30c (0x00002f17) auipc   t5, 0x2
core   0: 3 0x8000b30c (0x00002f17) x30 0x8000d30c
core   0: 0x8000b310 (0xce3f2a23) sw      gp, -780(t5)
core   0: 3 0x8000b310 (0xce3f2a23) mem 0x8000d000 0x00000001
core   0: 0x8000b314 (0xff9ff06f) j       pc - 0x8
core   0: 3 0x8000b314 (0xff9ff06f)
core   0: 0x8000b30c (0x00002f17) auipc   t5, 0x2
core   0: 3 0x8000b30c (0x00002f17) x30 0x8000d30c
core   0: 0x8000b310 (0xce3f2a23) sw      gp, -780(t5)
core   0: 3 0x8000b310 (0xce3f2a23) mem 0x8000d000 0x00000001
core   0: 0x8000b314 (0xff9ff06f) j       pc - 0x8
core   0: 3 0x8000b314 (0xff9ff06f)
core   0: 0x8000b30c (0x00002f17) auipc   t5, 0x2
core   0: 3 0x8000b30c (0x00002f17) x30 0x8000d30c
core   0: 0x8000b310 (0xce3f2a23) sw      gp, -780(t5)
core   0: 3 0x8000b310 (0xce3f2a23) mem 0x8000d000 0x00000001
core   0: 0x8000b314 (0xff9ff06f) j       pc - 0x8
core   0: 3 0x8000b314 (0xff9ff06f)
core   0: 0x8000b30c (0x00002f17) auipc   t5, 0x2
core   0: 3 0x8000b30c (0x00002f17) x30 0x8000d30c
core   0: 0x8000b310 (0xce3f2a23) sw      gp, -780(t5)
core   0: 3 0x8000b310 (0xce3f2a23) mem 0x8000d000 0x00000001
core   0: 0x8000b314 (0xff9ff06f) j       pc - 0x8
core   0: 3 0x8000b314 (0xff9ff06f)
core   0: 0x8000b30c (0x00002f17) auipc   t5, 0x2
core   0: 3 0x8000b30c (0x00002f17) x30 0x8000d30c
core   0: 0x8000b310 (0xce3f2a23) sw      gp, -780(t5)
core   0: 3 0x8000b310 (0xce3f2a23) mem 0x8000d000 0x00000001
core   0: 0x8000b314 (0xff9ff06f) j       pc - 0x8
core   0: 3 0x8000b314 (0xff9ff06f)
core   0: 0x8000b30c (0x00002f17) auipc   t5, 0x2
core   0: 3 0x8000b30c (0x00002f17) x30 0x8000d30c
core   0: 0x8000b310 (0xce3f2a23) sw      gp, -780(t5)
core   0: 3 0x8000b310 (0xce3f2a23) mem 0x8000d000 0x00000001
core   0: 0x8000b314 (0xff9ff06f) j       pc - 0x8
core   0: 3 0x8000b314 (0xff9ff06f)
core   0: 0x8000b30c (0x00002f17) auipc   t5, 0x2
core   0: 3 0x8000b30c (0x00002f17) x30 0x8000d30c
core   0: 0x8000b310 (0xce3f2a23) sw      gp, -780(t5)
core   0: 3 0x8000b310 (0xce3f2a23) mem 0x8000d000 0x00000001
core   0: 0x8000b314 (0xff9ff06f) j       pc - 0x8
core   0: 3 0x8000b314 (0xff9ff06f)
core   0: 0x8000b30c (0x00002f17) auipc   t5, 0x2
core   0: 3 0x8000b30c (0x00002f17) x30 0x8000d30c
core   0: 0x8000b310 (0xce3f2a23) sw      gp, -780(t5)
core   0: 3 0x8000b310 (0xce3f2a23) mem 0x8000d000 0x00000001
core   0: 0x8000b314 (0xff9ff06f) j       pc - 0x8
core   0: 3 0x8000b314 (0xff9ff06f)
core   0: 0x8000b30c (0x00002f17) auipc   t5, 0x2
core   0: 3 0x8000b30c (0x00002f17) x30 0x8000d30c
core   0: 0x8000b310 (0xce3f2a23) sw      gp, -780(t5)
core   0: 3 0x8000b310 (0xce3f2a23) mem 0x8000d000 0x00000001
core   0: 0x8000b314 (0xff9ff06f) j       pc - 0x8
core   0: 3 0x8000b314 (0xff9ff06f)
core   0: 0x8000b30c (0x00002f17) auipc   t5, 0x2
core   0: 3 0x8000b30c (0x00002f17) x30 0x8000d30c
core   0: 0x8000b310 (0xce3f2a23) sw      gp, -780(t5)
core   0: 3 0x8000b310 (0xce3f2a23) mem 0x8000d000 0x00000001
core   0: 0x8000b314 (0xff9ff06f) j       pc - 0x8
core   0: 3 0x8000b314 (0xff9ff06f)
core   0: 0x8000b30c (0x00002f17) auipc   t5, 0x2
core   0: 3 0x8000b30c (0x00002f17) x30 0x8000d30c
core   0: 0x8000b310 (0xce3f2a23) sw      gp, -780(t5)
core   0: 3 0x8000b310 (0xce3f2a23) mem 0x8000d000 0x00000001
core   0: 0x8000b314 (0xff9ff06f) j       pc - 0x8
core   0: 3 0x8000b314 (0xff9ff06f)
core   0: 0x8000b30c (0x00002f17) auipc   t5, 0x2
core   0: 3 0x8000b30c (0x00002f17) x30 0x8000d30c
core   0: 0x8000b310 (0xce3f2a23) sw      gp, -780(t5)
core   0: 3 0x8000b310 (0xce3f2a23) mem 0x8000d000 0x00000001
core   0: 0x8000b314 (0xff9ff06f) j       pc - 0x8
core   0: 3 0x8000b314 (0xff9ff06f)
core   0: 0x8000b30c (0x00002f17) auipc   t5, 0x2
core   0: 3 0x8000b30c (0x00002f17) x30 0x8000d30c
core   0: 0x8000b310 (0xce3f2a23) sw      gp, -780(t5)
core   0: 3 0x8000b310 (0xce3f2a23) mem 0x8000d000 0x00000001
core   0: 0x8000b314 (0xff9ff06f) j       pc - 0x8
core   0: 3 0x8000b314 (0xff9ff06f)
core   0: 0x8000b30c (0x00002f17) auipc   t5, 0x2
core   0: 3 0x8000b30c (0x00002f17) x30 0x8000d30c
core   0: 0x8000b310 (0xce3f2a23) sw      gp, -780(t5)
core   0: 3 0x8000b310 (0xce3f2a23) mem 0x8000d000 0x00000001
core   0: 0x8000b314 (0xff9ff06f) j       pc - 0x8
core   0: 3 0x8000b314 (0xff9ff06f)
core   0: 0x8000b30c (0x00002f17) auipc   t5, 0x2
core   0: 3 0x8000b30c (0x00002f17) x30 0x8000d30c
core   0: 0x8000b310 (0xce3f2a23) sw      gp, -780(t5)
core   0: 3 0x8000b310 (0xce3f2a23) mem 0x8000d000 0x00000001
core   0: 0x8000b314 (0xff9ff06f) j       pc - 0x8
core   0: 3 0x8000b314 (0xff9ff06f)
core   0: 0x8000b30c (0x00002f17) auipc   t5, 0x2
core   0: 3 0x8000b30c (0x00002f17) x30 0x8000d30c
core   0: 0x8000b310 (0xce3f2a23) sw      gp, -780(t5)
core   0: 3 0x8000b310 (0xce3f2a23) mem 0x8000d000 0x00000001
core   0: 0x8000b314 (0xff9ff06f) j       pc - 0x8
core   0: 3 0x8000b314 (0xff9ff06f)
core   0: 0x8000b30c (0x00002f17) auipc   t5, 0x2
core   0: 3 0x8000b30c (0x00002f17) x30 0x8000d30c
core   0: 0x8000b310 (0xce3f2a23) sw      gp, -780(t5)
core   0: 3 0x8000b310 (0xce3f2a23) mem 0x8000d000 0x00000001
core   0: 0x8000b314 (0xff9ff06f) j       pc - 0x8
core   0: 3 0x8000b314 (0xff9ff06f)
core   0: 0x8000b30c (0x00002f17) auipc   t5, 0x2
core   0: 3 0x8000b30c (0x00002f17) x30 0x8000d30c
core   0: 0x8000b310 (0xce3f2a23) sw      gp, -780(t5)
core   0: 3 0x8000b310 (0xce3f2a23) mem 0x8000d000 0x00000001
core   0: 0x8000b314 (0xff9ff06f) j       pc - 0x8
core   0: 3 0x8000b314 (0xff9ff06f)
core   0: 0x8000b30c (0x00002f17) auipc   t5, 0x2
core   0: 3 0x8000b30c (0x00002f17) x30 0x8000d30c
core   0: 0x8000b310 (0xce3f2a23) sw      gp, -780(t5)
core   0: 3 0x8000b310 (0xce3f2a23) mem 0x8000d000 0x00000001
core   0: 0x8000b314 (0xff9ff06f) j       pc - 0x8
core   0: 3 0x8000b314 (0xff9ff06f)
core   0: 0x8000b30c (0x00002f17) auipc   t5, 0x2
core   0: 3 0x8000b30c (0x00002f17) x30 0x8000d30c
core   0: 0x8000b310 (0xce3f2a23) sw      gp, -780(t5)
core   0: 3 0x8000b310 (0xce3f2a23) mem 0x8000d000 0x00000001
core   0: 0x8000b314 (0xff9ff06f) j       pc - 0x8
core   0: 3 0x8000b314 (0xff9ff06f)
core   0: 0x8000b30c (0x00002f17) auipc   t5, 0x2
core   0: 3 0x8000b30c (0x00002f17) x30 0x8000d30c
core   0: 0x8000b310 (0xce3f2a23) sw      gp, -780(t5)
core   0: 3 0x8000b310 (0xce3f2a23) mem 0x8000d000 0x00000001
core   0: 0x8000b314 (0xff9ff06f) j       pc - 0x8
core   0: 3 0x8000b314 (0xff9ff06f)
core   0: 0x8000b30c (0x00002f17) auipc   t5, 0x2
core   0: 3 0x8000b30c (0x00002f17) x30 0x8000d30c
core   0: 0x8000b310 (0xce3f2a23) sw      gp, -780(t5)
core   0: 3 0x8000b310 (0xce3f2a23) mem 0x8000d000 0x00000001
core   0: 0x8000b314 (0xff9ff06f) j       pc - 0x8
core   0: 3 0x8000b314 (0xff9ff06f)
core   0: 0x8000b30c (0x00002f17) auipc   t5, 0x2
core   0: 3 0x8000b30c (0x00002f17) x30 0x8000d30c
core   0: 0x8000b310 (0xce3f2a23) sw      gp, -780(t5)
core   0: 3 0x8000b310 (0xce3f2a23) mem 0x8000d000 0x00000001
core   0: 0x8000b314 (0xff9ff06f) j       pc - 0x8
core   0: 3 0x8000b314 (0xff9ff06f)
core   0: 0x8000b30c (0x00002f17) auipc   t5, 0x2
core   0: 3 0x8000b30c (0x00002f17) x30 0x8000d30c
core   0: 0x8000b310 (0xce3f2a23) sw      gp, -780(t5)
core   0: 3 0x8000b310 (0xce3f2a23) mem 0x8000d000 0x00000001
core   0: 0x8000b314 (0xff9ff06f) j       pc - 0x8
core   0: 3 0x8000b314 (0xff9ff06f)
core   0: 0x8000b30c (0x00002f17) auipc   t5, 0x2
core   0: 3 0x8000b30c (0x00002f17) x30 0x8000d30c
core   0: 0x8000b310 (0xce3f2a23) sw      gp, -780(t5)
core   0: 3 0x8000b310 (0xce3f2a23) mem 0x8000d000 0x00000001
core   0: 0x8000b314 (0xff9ff06f) j       pc - 0x8
core   0: 3 0x8000b314 (0xff9ff06f)
core   0: 0x8000b30c (0x00002f17) auipc   t5, 0x2
core   0: 3 0x8000b30c (0x00002f17) x30 0x8000d30c
core   0: 0x8000b310 (0xce3f2a23) sw      gp, -780(t5)
core   0: 3 0x8000b310 (0xce3f2a23) mem 0x8000d000 0x00000001
core   0: 0x8000b314 (0xff9ff06f) j       pc - 0x8
core   0: 3 0x8000b314 (0xff9ff06f)
core   0: 0x8000b30c (0x00002f17) auipc   t5, 0x2
core   0: 3 0x8000b30c (0x00002f17) x30 0x8000d30c
core   0: 0x8000b310 (0xce3f2a23) sw      gp, -780(t5)
core   0: 3 0x8000b310 (0xce3f2a23) mem 0x8000d000 0x00000001
core   0: 0x8000b314 (0xff9ff06f) j       pc - 0x8
core   0: 3 0x8000b314 (0xff9ff06f)
core   0: 0x8000b30c (0x00002f17) auipc   t5, 0x2
core   0: 3 0x8000b30c (0x00002f17) x30 0x8000d30c
core   0: 0x8000b310 (0xce3f2a23) sw      gp, -780(t5)
core   0: 3 0x8000b310 (0xce3f2a23) mem 0x8000d000 0x00000001
core   0: 0x8000b314 (0xff9ff06f) j       pc - 0x8
core   0: 3 0x8000b314 (0xff9ff06f)
core   0: 0x8000b30c (0x00002f17) auipc   t5, 0x2
core   0: 3 0x8000b30c (0x00002f17) x30 0x8000d30c
core   0: 0x8000b310 (0xce3f2a23) sw      gp, -780(t5)
core   0: 3 0x8000b310 (0xce3f2a23) mem 0x8000d000 0x00000001
core   0: 0x8000b314 (0xff9ff06f) j       pc - 0x8
core   0: 3 0x8000b314 (0xff9ff06f)
core   0: 0x8000b30c (0x00002f17) auipc   t5, 0x2
core   0: 3 0x8000b30c (0x00002f17) x30 0x8000d30c
core   0: 0x8000b310 (0xce3f2a23) sw      gp, -780(t5)
core   0: 3 0x8000b310 (0xce3f2a23) mem 0x8000d000 0x00000001
core   0: 0x8000b314 (0xff9ff06f) j       pc - 0x8
core   0: 3 0x8000b314 (0xff9ff06f)
core   0: 0x8000b30c (0x00002f17) auipc   t5, 0x2
core   0: 3 0x8000b30c (0x00002f17) x30 0x8000d30c
core   0: 0x8000b310 (0xce3f2a23) sw      gp, -780(t5)
core   0: 3 0x8000b310 (0xce3f2a23) mem 0x8000d000 0x00000001
core   0: 0x8000b314 (0xff9ff06f) j       pc - 0x8
core   0: 3 0x8000b314 (0xff9ff06f)
core   0: 0x8000b30c (0x00002f17) auipc   t5, 0x2
core   0: 3 0x8000b30c (0x00002f17) x30 0x8000d30c
core   0: 0x8000b310 (0xce3f2a23) sw      gp, -780(t5)
core   0: 3 0x8000b310 (0xce3f2a23) mem 0x8000d000 0x00000001
core   0: 0x8000b314 (0xff9ff06f) j       pc - 0x8
core   0: 3 0x8000b314 (0xff9ff06f)
core   0: 0x8000b30c (0x00002f17) auipc   t5, 0x2
core   0: 3 0x8000b30c (0x00002f17) x30 0x8000d30c
core   0: 0x8000b310 (0xce3f2a23) sw      gp, -780(t5)
core   0: 3 0x8000b310 (0xce3f2a23) mem 0x8000d000 0x00000001
core   0: 0x8000b314 (0xff9ff06f) j       pc - 0x8
core   0: 3 0x8000b314 (0xff9ff06f)
core   0: 0x8000b30c (0x00002f17) auipc   t5, 0x2
core   0: 3 0x8000b30c (0x00002f17) x30 0x8000d30c
core   0: 0x8000b310 (0xce3f2a23) sw      gp, -780(t5)
core   0: 3 0x8000b310 (0xce3f2a23) mem 0x8000d000 0x00000001
core   0: 0x8000b314 (0xff9ff06f) j       pc - 0x8
core   0: 3 0x8000b314 (0xff9ff06f)
core   0: 0x8000b30c (0x00002f17) auipc   t5, 0x2
core   0: 3 0x8000b30c (0x00002f17) x30 0x8000d30c
core   0: 0x8000b310 (0xce3f2a23) sw      gp, -780(t5)
core   0: 3 0x8000b310 (0xce3f2a23) mem 0x8000d000 0x00000001
core   0: 0x8000b314 (0xff9ff06f) j       pc - 0x8
core   0: 3 0x8000b314 (0xff9ff06f)
core   0: 0x8000b30c (0x00002f17) auipc   t5, 0x2
core   0: 3 0x8000b30c (0x00002f17) x30 0x8000d30c
core   0: 0x8000b310 (0xce3f2a23) sw      gp, -780(t5)
core   0: 3 0x8000b310 (0xce3f2a23) mem 0x8000d000 0x00000001
core   0: 0x8000b314 (0xff9ff06f) j       pc - 0x8
core   0: 3 0x8000b314 (0xff9ff06f)
core   0: 0x8000b30c (0x00002f17) auipc   t5, 0x2
core   0: 3 0x8000b30c (0x00002f17) x30 0x8000d30c
core   0: 0x8000b310 (0xce3f2a23) sw      gp, -780(t5)
core   0: 3 0x8000b310 (0xce3f2a23) mem 0x8000d000 0x00000001
core   0: 0x8000b314 (0xff9ff06f) j       pc - 0x8
core   0: 3 0x8000b314 (0xff9ff06f)
core   0: 0x8000b30c (0x00002f17) auipc   t5, 0x2
core   0: 3 0x8000b30c (0x00002f17) x30 0x8000d30c
core   0: 0x8000b310 (0xce3f2a23) sw      gp, -780(t5)
core   0: 3 0x8000b310 (0xce3f2a23) mem 0x8000d000 0x00000001
core   0: 0x8000b314 (0xff9ff06f) j       pc - 0x8
core   0: 3 0x8000b314 (0xff9ff06f)
core   0: 0x8000b30c (0x00002f17) auipc   t5, 0x2
core   0: 3 0x8000b30c (0x00002f17) x30 0x8000d30c
core   0: 0x8000b310 (0xce3f2a23) sw      gp, -780(t5)
core   0: 3 0x8000b310 (0xce3f2a23) mem 0x8000d000 0x00000001
core   0: 0x8000b314 (0xff9ff06f) j       pc - 0x8
core   0: 3 0x8000b314 (0xff9ff06f)
core   0: 0x8000b30c (0x00002f17) auipc   t5, 0x2
core   0: 3 0x8000b30c (0x00002f17) x30 0x8000d30c
core   0: 0x8000b310 (0xce3f2a23) sw      gp, -780(t5)
core   0: 3 0x8000b310 (0xce3f2a23) mem 0x8000d000 0x00000001
core   0: 0x8000b314 (0xff9ff06f) j       pc - 0x8
core   0: 3 0x8000b314 (0xff9ff06f)
core   0: 0x8000b30c (0x00002f17) auipc   t5, 0x2
core   0: 3 0x8000b30c (0x00002f17) x30 0x8000d30c
core   0: 0x8000b310 (0xce3f2a23) sw      gp, -780(t5)
core   0: 3 0x8000b310 (0xce3f2a23) mem 0x8000d000 0x00000001
core   0: 0x8000b314 (0xff9ff06f) j       pc - 0x8
core   0: 3 0x8000b314 (0xff9ff06f)
core   0: 0x8000b30c (0x00002f17) auipc   t5, 0x2
core   0: 3 0x8000b30c (0x00002f17) x30 0x8000d30c
core   0: 0x8000b310 (0xce3f2a23) sw      gp, -780(t5)
core   0: 3 0x8000b310 (0xce3f2a23) mem 0x8000d000 0x00000001
core   0: 0x8000b314 (0xff9ff06f) j       pc - 0x8
core   0: 3 0x8000b314 (0xff9ff06f)
core   0: 0x8000b30c (0x00002f17) auipc   t5, 0x2
core   0: 3 0x8000b30c (0x00002f17) x30 0x8000d30c
core   0: 0x8000b310 (0xce3f2a23) sw      gp, -780(t5)
core   0: 3 0x8000b310 (0xce3f2a23) mem 0x8000d000 0x00000001
core   0: 0x8000b314 (0xff9ff06f) j       pc - 0x8
core   0: 3 0x8000b314 (0xff9ff06f)
core   0: 0x8000b30c (0x00002f17) auipc   t5, 0x2
core   0: 3 0x8000b30c (0x00002f17) x30 0x8000d30c
core   0: 0x8000b310 (0xce3f2a23) sw      gp, -780(t5)
core   0: 3 0x8000b310 (0xce3f2a23) mem 0x8000d000 0x00000001
core   0: 0x8000b314 (0xff9ff06f) j       pc - 0x8
core   0: 3 0x8000b314 (0xff9ff06f)
core   0: 0x8000b30c (0x00002f17) auipc   t5, 0x2
core   0: 3 0x8000b30c (0x00002f17) x30 0x8000d30c
core   0: 0x8000b310 (0xce3f2a23) sw      gp, -780(t5)
core   0: 3 0x8000b310 (0xce3f2a23) mem 0x8000d000 0x00000001
core   0: 0x8000b314 (0xff9ff06f) j       pc - 0x8
core   0: 3 0x8000b314 (0xff9ff06f)
core   0: 0x8000b30c (0x00002f17) auipc   t5, 0x2
core   0: 3 0x8000b30c (0x00002f17) x30 0x8000d30c
core   0: 0x8000b310 (0xce3f2a23) sw      gp, -780(t5)
core   0: 3 0x8000b310 (0xce3f2a23) mem 0x8000d000 0x00000001
core   0: 0x8000b314 (0xff9ff06f) j       pc - 0x8
core   0: 3 0x8000b314 (0xff9ff06f)
core   0: 0x8000b30c (0x00002f17) auipc   t5, 0x2
core   0: 3 0x8000b30c (0x00002f17) x30 0x8000d30c
core   0: 0x8000b310 (0xce3f2a23) sw      gp, -780(t5)
core   0: 3 0x8000b310 (0xce3f2a23) mem 0x8000d000 0x00000001
core   0: 0x8000b314 (0xff9ff06f) j       pc - 0x8
core   0: 3 0x8000b314 (0xff9ff06f)
core   0: 0x8000b30c (0x00002f17) auipc   t5, 0x2
core   0: 3 0x8000b30c (0x00002f17) x30 0x8000d30c
core   0: 0x8000b310 (0xce3f2a23) sw      gp, -780(t5)
core   0: 3 0x8000b310 (0xce3f2a23) mem 0x8000d000 0x00000001
core   0: 0x8000b314 (0xff9ff06f) j       pc - 0x8
core   0: 3 0x8000b314 (0xff9ff06f)
core   0: 0x8000b30c (0x00002f17) auipc   t5, 0x2
core   0: 3 0x8000b30c (0x00002f17) x30 0x8000d30c
core   0: 0x8000b310 (0xce3f2a23) sw      gp, -780(t5)
core   0: 3 0x8000b310 (0xce3f2a23) mem 0x8000d000 0x00000001
core   0: 0x8000b314 (0xff9ff06f) j       pc - 0x8
core   0: 3 0x8000b314 (0xff9ff06f)
core   0: 0x8000b30c (0x00002f17) auipc   t5, 0x2
core   0: 3 0x8000b30c (0x00002f17) x30 0x8000d30c
core   0: 0x8000b310 (0xce3f2a23) sw      gp, -780(t5)
core   0: 3 0x8000b310 (0xce3f2a23) mem 0x8000d000 0x00000001
core   0: 0x8000b314 (0xff9ff06f) j       pc - 0x8
core   0: 3 0x8000b314 (0xff9ff06f)
core   0: 0x8000b30c (0x00002f17) auipc   t5, 0x2
core   0: 3 0x8000b30c (0x00002f17) x30 0x8000d30c
core   0: 0x8000b310 (0xce3f2a23) sw      gp, -780(t5)
core   0: 3 0x8000b310 (0xce3f2a23) mem 0x8000d000 0x00000001
core   0: 0x8000b314 (0xff9ff06f) j       pc - 0x8
core   0: 3 0x8000b314 (0xff9ff06f)
core   0: 0x8000b30c (0x00002f17) auipc   t5, 0x2
core   0: 3 0x8000b30c (0x00002f17) x30 0x8000d30c
core   0: 0x8000b310 (0xce3f2a23) sw      gp, -780(t5)
core   0: 3 0x8000b310 (0xce3f2a23) mem 0x8000d000 0x00000001
core   0: 0x8000b314 (0xff9ff06f) j       pc - 0x8
core   0: 3 0x8000b314 (0xff9ff06f)
core   0: 0x8000b30c (0x00002f17) auipc   t5, 0x2
core   0: 3 0x8000b30c (0x00002f17) x30 0x8000d30c
core   0: 0x8000b310 (0xce3f2a23) sw      gp, -780(t5)
core   0: 3 0x8000b310 (0xce3f2a23) mem 0x8000d000 0x00000001
core   0: 0x8000b314 (0xff9ff06f) j       pc - 0x8
core   0: 3 0x8000b314 (0xff9ff06f)
core   0: 0x8000b30c (0x00002f17) auipc   t5, 0x2
core   0: 3 0x8000b30c (0x00002f17) x30 0x8000d30c
core   0: 0x8000b310 (0xce3f2a23) sw      gp, -780(t5)
core   0: 3 0x8000b310 (0xce3f2a23) mem 0x8000d000 0x00000001
core   0: 0x8000b314 (0xff9ff06f) j       pc - 0x8
core   0: 3 0x8000b314 (0xff9ff06f)
core   0: 0x8000b30c (0x00002f17) auipc   t5, 0x2
core   0: 3 0x8000b30c (0x00002f17) x30 0x8000d30c
core   0: 0x8000b310 (0xce3f2a23) sw      gp, -780(t5)
core   0: 3 0x8000b310 (0xce3f2a23) mem 0x8000d000 0x00000001
core   0: 0x8000b314 (0xff9ff06f) j       pc - 0x8
core   0: 3 0x8000b314 (0xff9ff06f)
core   0: 0x8000b30c (0x00002f17) auipc   t5, 0x2
core   0: 3 0x8000b30c (0x00002f17) x30 0x8000d30c
core   0: 0x8000b310 (0xce3f2a23) sw      gp, -780(t5)
core   0: 3 0x8000b310 (0xce3f2a23) mem 0x8000d000 0x00000001
core   0: 0x8000b314 (0xff9ff06f) j       pc - 0x8
core   0: 3 0x8000b314 (0xff9ff06f)
core   0: 0x8000b30c (0x00002f17) auipc   t5, 0x2
core   0: 3 0x8000b30c (0x00002f17) x30 0x8000d30c
core   0: 0x8000b310 (0xce3f2a23) sw      gp, -780(t5)
core   0: 3 0x8000b310 (0xce3f2a23) mem 0x8000d000 0x00000001
core   0: 0x8000b314 (0xff9ff06f) j       pc - 0x8
core   0: 3 0x8000b314 (0xff9ff06f)
core   0: 0x8000b30c (0x00002f17) auipc   t5, 0x2
core   0: 3 0x8000b30c (0x00002f17) x30 0x8000d30c
core   0: 0x8000b310 (0xce3f2a23) sw      gp, -780(t5)
core   0: 3 0x8000b310 (0xce3f2a23) mem 0x8000d000 0x00000001
core   0: 0x8000b314 (0xff9ff06f) j       pc - 0x8
core   0: 3 0x8000b314 (0xff9ff06f)
core   0: 0x8000b30c (0x00002f17) auipc   t5, 0x2
core   0: 3 0x8000b30c (0x00002f17) x30 0x8000d30c
core   0: 0x8000b310 (0xce3f2a23) sw      gp, -780(t5)
core   0: 3 0x8000b310 (0xce3f2a23) mem 0x8000d000 0x00000001
core   0: 0x8000b314 (0xff9ff06f) j       pc - 0x8
core   0: 3 0x8000b314 (0xff9ff06f)
core   0: 0x8000b30c (0x00002f17) auipc   t5, 0x2
core   0: 3 0x8000b30c (0x00002f17) x30 0x8000d30c
core   0: 0x8000b310 (0xce3f2a23) sw      gp, -780(t5)
core   0: 3 0x8000b310 (0xce3f2a23) mem 0x8000d000 0x00000001
core   0: 0x8000b314 (0xff9ff06f) j       pc - 0x8
core   0: 3 0x8000b314 (0xff9ff06f)
core   0: 0x8000b30c (0x00002f17) auipc   t5, 0x2
core   0: 3 0x8000b30c (0x00002f17) x30 0x8000d30c
core   0: 0x8000b310 (0xce3f2a23) sw      gp, -780(t5)
core   0: 3 0x8000b310 (0xce3f2a23) mem 0x8000d000 0x00000001
core   0: 0x8000b314 (0xff9ff06f) j       pc - 0x8
core   0: 3 0x8000b314 (0xff9ff06f)
core   0: 0x8000b30c (0x00002f17) auipc   t5, 0x2
core   0: 3 0x8000b30c (0x00002f17) x30 0x8000d30c
core   0: 0x8000b310 (0xce3f2a23) sw      gp, -780(t5)
core   0: 3 0x8000b310 (0xce3f2a23) mem 0x8000d000 0x00000001
core   0: 0x8000b314 (0xff9ff06f) j       pc - 0x8
core   0: 3 0x8000b314 (0xff9ff06f)
core   0: 0x8000b30c (0x00002f17) auipc   t5, 0x2
core   0: 3 0x8000b30c (0x00002f17) x30 0x8000d30c
core   0: 0x8000b310 (0xce3f2a23) sw      gp, -780(t5)
core   0: 3 0x8000b310 (0xce3f2a23) mem 0x8000d000 0x00000001
core   0: 0x8000b314 (0xff9ff06f) j       pc - 0x8
core   0: 3 0x8000b314 (0xff9ff06f)
core   0: 0x8000b30c (0x00002f17) auipc   t5, 0x2
core   0: 3 0x8000b30c (0x00002f17) x30 0x8000d30c
core   0: 0x8000b310 (0xce3f2a23) sw      gp, -780(t5)
core   0: 3 0x8000b310 (0xce3f2a23) mem 0x8000d000 0x00000001
core   0: 0x8000b314 (0xff9ff06f) j       pc - 0x8
core   0: 3 0x8000b314 (0xff9ff06f)
core   0: 0x8000b30c (0x00002f17) auipc   t5, 0x2
core   0: 3 0x8000b30c (0x00002f17) x30 0x8000d30c
core   0: 0x8000b310 (0xce3f2a23) sw      gp, -780(t5)
core   0: 3 0x8000b310 (0xce3f2a23) mem 0x8000d000 0x00000001
core   0: 0x8000b314 (0xff9ff06f) j       pc - 0x8
core   0: 3 0x8000b314 (0xff9ff06f)
core   0: 0x8000b30c (0x00002f17) auipc   t5, 0x2
core   0: 3 0x8000b30c (0x00002f17) x30 0x8000d30c
core   0: 0x8000b310 (0xce3f2a23) sw      gp, -780(t5)
core   0: 3 0x8000b310 (0xce3f2a23) mem 0x8000d000 0x00000001
core   0: 0x8000b314 (0xff9ff06f) j       pc - 0x8
core   0: 3 0x8000b314 (0xff9ff06f)
core   0: 0x8000b30c (0x00002f17) auipc   t5, 0x2
core   0: 3 0x8000b30c (0x00002f17) x30 0x8000d30c
core   0: 0x8000b310 (0xce3f2a23) sw      gp, -780(t5)
core   0: 3 0x8000b310 (0xce3f2a23) mem 0x8000d000 0x00000001
core   0: 0x8000b314 (0xff9ff06f) j       pc - 0x8
core   0: 3 0x8000b314 (0xff9ff06f)
core   0: 0x8000b30c (0x00002f17) auipc   t5, 0x2
core   0: 3 0x8000b30c (0x00002f17) x30 0x8000d30c
core   0: 0x8000b310 (0xce3f2a23) sw      gp, -780(t5)
core   0: 3 0x8000b310 (0xce3f2a23) mem 0x8000d000 0x00000001
core   0: 0x8000b314 (0xff9ff06f) j       pc - 0x8
core   0: 3 0x8000b314 (0xff9ff06f)
core   0: 0x8000b30c (0x00002f17) auipc   t5, 0x2
core   0: 3 0x8000b30c (0x00002f17) x30 0x8000d30c
core   0: 0x8000b310 (0xce3f2a23) sw      gp, -780(t5)
core   0: 3 0x8000b310 (0xce3f2a23) mem 0x8000d000 0x00000001
core   0: 0x8000b314 (0xff9ff06f) j       pc - 0x8
core   0: 3 0x8000b314 (0xff9ff06f)
core   0: 0x8000b30c (0x00002f17) auipc   t5, 0x2
core   0: 3 0x8000b30c (0x00002f17) x30 0x8000d30c
core   0: 0x8000b310 (0xce3f2a23) sw      gp, -780(t5)
core   0: 3 0x8000b310 (0xce3f2a23) mem 0x8000d000 0x00000001
core   0: 0x8000b314 (0xff9ff06f) j       pc - 0x8
core   0: 3 0x8000b314 (0xff9ff06f)
core   0: 0x8000b30c (0x00002f17) auipc   t5, 0x2
core   0: 3 0x8000b30c (0x00002f17) x30 0x8000d30c
core   0: 0x8000b310 (0xce3f2a23) sw      gp, -780(t5)
core   0: 3 0x8000b310 (0xce3f2a23) mem 0x8000d000 0x00000001
core   0: 0x8000b314 (0xff9ff06f) j       pc - 0x8
core   0: 3 0x8000b314 (0xff9ff06f)
core   0: 0x8000b30c (0x00002f17) auipc   t5, 0x2
core   0: 3 0x8000b30c (0x00002f17) x30 0x8000d30c
core   0: 0x8000b310 (0xce3f2a23) sw      gp, -780(t5)
core   0: 3 0x8000b310 (0xce3f2a23) mem 0x8000d000 0x00000001
core   0: 0x8000b314 (0xff9ff06f) j       pc - 0x8
core   0: 3 0x8000b314 (0xff9ff06f)
core   0: 0x8000b30c (0x00002f17) auipc   t5, 0x2
core   0: 3 0x8000b30c (0x00002f17) x30 0x8000d30c
core   0: 0x8000b310 (0xce3f2a23) sw      gp, -780(t5)
core   0: 3 0x8000b310 (0xce3f2a23) mem 0x8000d000 0x00000001
core   0: 0x8000b314 (0xff9ff06f) j       pc - 0x8
core   0: 3 0x8000b314 (0xff9ff06f)
core   0: 0x8000b30c (0x00002f17) auipc   t5, 0x2
core   0: 3 0x8000b30c (0x00002f17) x30 0x8000d30c
core   0: 0x8000b310 (0xce3f2a23) sw      gp, -780(t5)
core   0: 3 0x8000b310 (0xce3f2a23) mem 0x8000d000 0x00000001
core   0: 0x8000b314 (0xff9ff06f) j       pc - 0x8
core   0: 3 0x8000b314 (0xff9ff06f)
core   0: 0x8000b30c (0x00002f17) auipc   t5, 0x2
core   0: 3 0x8000b30c (0x00002f17) x30 0x8000d30c
core   0: 0x8000b310 (0xce3f2a23) sw      gp, -780(t5)
core   0: 3 0x8000b310 (0xce3f2a23) mem 0x8000d000 0x00000001
core   0: 0x8000b314 (0xff9ff06f) j       pc - 0x8
core   0: 3 0x8000b314 (0xff9ff06f)
core   0: 0x8000b30c (0x00002f17) auipc   t5, 0x2
core   0: 3 0x8000b30c (0x00002f17) x30 0x8000d30c
core   0: 0x8000b310 (0xce3f2a23) sw      gp, -780(t5)
core   0: 3 0x8000b310 (0xce3f2a23) mem 0x8000d000 0x00000001
core   0: 0x8000b314 (0xff9ff06f) j       pc - 0x8
core   0: 3 0x8000b314 (0xff9ff06f)
core   0: 0x8000b30c (0x00002f17) auipc   t5, 0x2
core   0: 3 0x8000b30c (0x00002f17) x30 0x8000d30c
core   0: 0x8000b310 (0xce3f2a23) sw      gp, -780(t5)
core   0: 3 0x8000b310 (0xce3f2a23) mem 0x8000d000 0x00000001
core   0: 0x8000b314 (0xff9ff06f) j       pc - 0x8
core   0: 3 0x8000b314 (0xff9ff06f)
core   0: 0x8000b30c (0x00002f17) auipc   t5, 0x2
core   0: 3 0x8000b30c (0x00002f17) x30 0x8000d30c
core   0: 0x8000b310 (0xce3f2a23) sw      gp, -780(t5)
core   0: 3 0x8000b310 (0xce3f2a23) mem 0x8000d000 0x00000001
core   0: 0x8000b314 (0xff9ff06f) j       pc - 0x8
core   0: 3 0x8000b314 (0xff9ff06f)
core   0: 0x8000b30c (0x00002f17) auipc   t5, 0x2
core   0: 3 0x8000b30c (0x00002f17) x30 0x8000d30c
core   0: 0x8000b310 (0xce3f2a23) sw      gp, -780(t5)
core   0: 3 0x8000b310 (0xce3f2a23) mem 0x8000d000 0x00000001
core   0: 0x8000b314 (0xff9ff06f) j       pc - 0x8
core   0: 3 0x8000b314 (0xff9ff06f)
core   0: 0x8000b30c (0x00002f17) auipc   t5, 0x2
core   0: 3 0x8000b30c (0x00002f17) x30 0x8000d30c
core   0: 0x8000b310 (0xce3f2a23) sw      gp, -780(t5)
core   0: 3 0x8000b310 (0xce3f2a23) mem 0x8000d000 0x00000001
core   0: 0x8000b314 (0xff9ff06f) j       pc - 0x8
core   0: 3 0x8000b314 (0xff9ff06f)
core   0: 0x8000b30c (0x00002f17) auipc   t5, 0x2
core   0: 3 0x8000b30c (0x00002f17) x30 0x8000d30c
core   0: 0x8000b310 (0xce3f2a23) sw      gp, -780(t5)
core   0: 3 0x8000b310 (0xce3f2a23) mem 0x8000d000 0x00000001
core   0: 0x8000b314 (0xff9ff06f) j       pc - 0x8
core   0: 3 0x8000b314 (0xff9ff06f)
core   0: 0x8000b30c (0x00002f17) auipc   t5, 0x2
core   0: 3 0x8000b30c (0x00002f17) x30 0x8000d30c
core   0: 0x8000b310 (0xce3f2a23) sw      gp, -780(t5)
core   0: 3 0x8000b310 (0xce3f2a23) mem 0x8000d000 0x00000001
core   0: 0x8000b314 (0xff9ff06f) j       pc - 0x8
core   0: 3 0x8000b314 (0xff9ff06f)
core   0: 0x8000b30c (0x00002f17) auipc   t5, 0x2
core   0: 3 0x8000b30c (0x00002f17) x30 0x8000d30c
core   0: 0x8000b310 (0xce3f2a23) sw      gp, -780(t5)
core   0: 3 0x8000b310 (0xce3f2a23) mem 0x8000d000 0x00000001
core   0: 0x8000b314 (0xff9ff06f) j       pc - 0x8
core   0: 3 0x8000b314 (0xff9ff06f)
core   0: 0x8000b30c (0x00002f17) auipc   t5, 0x2
core   0: 3 0x8000b30c (0x00002f17) x30 0x8000d30c
core   0: 0x8000b310 (0xce3f2a23) sw      gp, -780(t5)
core   0: 3 0x8000b310 (0xce3f2a23) mem 0x8000d000 0x00000001
core   0: 0x8000b314 (0xff9ff06f) j       pc - 0x8
core   0: 3 0x8000b314 (0xff9ff06f)
core   0: 0x8000b30c (0x00002f17) auipc   t5, 0x2
core   0: 3 0x8000b30c (0x00002f17) x30 0x8000d30c
core   0: 0x8000b310 (0xce3f2a23) sw      gp, -780(t5)
core   0: 3 0x8000b310 (0xce3f2a23) mem 0x8000d000 0x00000001
core   0: 0x8000b314 (0xff9ff06f) j       pc - 0x8
core   0: 3 0x8000b314 (0xff9ff06f)
core   0: 0x8000b30c (0x00002f17) auipc   t5, 0x2
core   0: 3 0x8000b30c (0x00002f17) x30 0x8000d30c
core   0: 0x8000b310 (0xce3f2a23) sw      gp, -780(t5)
core   0: 3 0x8000b310 (0xce3f2a23) mem 0x8000d000 0x00000001
core   0: 0x8000b314 (0xff9ff06f) j       pc - 0x8
core   0: 3 0x8000b314 (0xff9ff06f)
core   0: 0x8000b30c (0x00002f17) auipc   t5, 0x2
core   0: 3 0x8000b30c (0x00002f17) x30 0x8000d30c
core   0: 0x8000b310 (0xce3f2a23) sw      gp, -780(t5)
core   0: 3 0x8000b310 (0xce3f2a23) mem 0x8000d000 0x00000001
core   0: 0x8000b314 (0xff9ff06f) j       pc - 0x8
core   0: 3 0x8000b314 (0xff9ff06f)
core   0: 0x8000b30c (0x00002f17) auipc   t5, 0x2
core   0: 3 0x8000b30c (0x00002f17) x30 0x8000d30c
core   0: 0x8000b310 (0xce3f2a23) sw      gp, -780(t5)
core   0: 3 0x8000b310 (0xce3f2a23) mem 0x8000d000 0x00000001
core   0: 0x8000b314 (0xff9ff06f) j       pc - 0x8
core   0: 3 0x8000b314 (0xff9ff06f)
core   0: 0x8000b30c (0x00002f17) auipc   t5, 0x2
core   0: 3 0x8000b30c (0x00002f17) x30 0x8000d30c
core   0: 0x8000b310 (0xce3f2a23) sw      gp, -780(t5)
core   0: 3 0x8000b310 (0xce3f2a23) mem 0x8000d000 0x00000001
core   0: 0x8000b314 (0xff9ff06f) j       pc - 0x8
core   0: 3 0x8000b314 (0xff9ff06f)
core   0: 0x8000b30c (0x00002f17) auipc   t5, 0x2
core   0: 3 0x8000b30c (0x00002f17) x30 0x8000d30c
core   0: 0x8000b310 (0xce3f2a23) sw      gp, -780(t5)
core   0: 3 0x8000b310 (0xce3f2a23) mem 0x8000d000 0x00000001
core   0: 0x8000b314 (0xff9ff06f) j       pc - 0x8
core   0: 3 0x8000b314 (0xff9ff06f)
core   0: 0x8000b30c (0x00002f17) auipc   t5, 0x2
core   0: 3 0x8000b30c (0x00002f17) x30 0x8000d30c
core   0: 0x8000b310 (0xce3f2a23) sw      gp, -780(t5)
core   0: 3 0x8000b310 (0xce3f2a23) mem 0x8000d000 0x00000001
core   0: 0x8000b314 (0xff9ff06f) j       pc - 0x8
core   0: 3 0x8000b314 (0xff9ff06f)
core   0: 0x8000b30c (0x00002f17) auipc   t5, 0x2
core   0: 3 0x8000b30c (0x00002f17) x30 0x8000d30c
core   0: 0x8000b310 (0xce3f2a23) sw      gp, -780(t5)
core   0: 3 0x8000b310 (0xce3f2a23) mem 0x8000d000 0x00000001
core   0: 0x8000b314 (0xff9ff06f) j       pc - 0x8
core   0: 3 0x8000b314 (0xff9ff06f)
core   0: 0x8000b30c (0x00002f17) auipc   t5, 0x2
core   0: 3 0x8000b30c (0x00002f17) x30 0x8000d30c
core   0: 0x8000b310 (0xce3f2a23) sw      gp, -780(t5)
core   0: 3 0x8000b310 (0xce3f2a23) mem 0x8000d000 0x00000001
core   0: 0x8000b314 (0xff9ff06f) j       pc - 0x8
core   0: 3 0x8000b314 (0xff9ff06f)
core   0: 0x8000b30c (0x00002f17) auipc   t5, 0x2
core   0: 3 0x8000b30c (0x00002f17) x30 0x8000d30c
core   0: 0x8000b310 (0xce3f2a23) sw      gp, -780(t5)
core   0: 3 0x8000b310 (0xce3f2a23) mem 0x8000d000 0x00000001
core   0: 0x8000b314 (0xff9ff06f) j       pc - 0x8
core   0: 3 0x8000b314 (0xff9ff06f)
core   0: 0x8000b30c (0x00002f17) auipc   t5, 0x2
core   0: 3 0x8000b30c (0x00002f17) x30 0x8000d30c
core   0: 0x8000b310 (0xce3f2a23) sw      gp, -780(t5)
core   0: 3 0x8000b310 (0xce3f2a23) mem 0x8000d000 0x00000001
core   0: 0x8000b314 (0xff9ff06f) j       pc - 0x8
core   0: 3 0x8000b314 (0xff9ff06f)
core   0: 0x8000b30c (0x00002f17) auipc   t5, 0x2
core   0: 3 0x8000b30c (0x00002f17) x30 0x8000d30c
core   0: 0x8000b310 (0xce3f2a23) sw      gp, -780(t5)
core   0: 3 0x8000b310 (0xce3f2a23) mem 0x8000d000 0x00000001
core   0: 0x8000b314 (0xff9ff06f) j       pc - 0x8
core   0: 3 0x8000b314 (0xff9ff06f)
core   0: 0x8000b30c (0x00002f17) auipc   t5, 0x2
core   0: 3 0x8000b30c (0x00002f17) x30 0x8000d30c
core   0: 0x8000b310 (0xce3f2a23) sw      gp, -780(t5)
core   0: 3 0x8000b310 (0xce3f2a23) mem 0x8000d000 0x00000001
core   0: 0x8000b314 (0xff9ff06f) j       pc - 0x8
core   0: 3 0x8000b314 (0xff9ff06f)
core   0: 0x8000b30c (0x00002f17) auipc   t5, 0x2
core   0: 3 0x8000b30c (0x00002f17) x30 0x8000d30c
core   0: 0x8000b310 (0xce3f2a23) sw      gp, -780(t5)
core   0: 3 0x8000b310 (0xce3f2a23) mem 0x8000d000 0x00000001
core   0: 0x8000b314 (0xff9ff06f) j       pc - 0x8
core   0: 3 0x8000b314 (0xff9ff06f)
core   0: 0x8000b30c (0x00002f17) auipc   t5, 0x2
core   0: 3 0x8000b30c (0x00002f17) x30 0x8000d30c
core   0: 0x8000b310 (0xce3f2a23) sw      gp, -780(t5)
core   0: 3 0x8000b310 (0xce3f2a23) mem 0x8000d000 0x00000001
core   0: 0x8000b314 (0xff9ff06f) j       pc - 0x8
core   0: 3 0x8000b314 (0xff9ff06f)
core   0: 0x8000b30c (0x00002f17) auipc   t5, 0x2
core   0: 3 0x8000b30c (0x00002f17) x30 0x8000d30c
core   0: 0x8000b310 (0xce3f2a23) sw      gp, -780(t5)
core   0: 3 0x8000b310 (0xce3f2a23) mem 0x8000d000 0x00000001
core   0: 0x8000b314 (0xff9ff06f) j       pc - 0x8
core   0: 3 0x8000b314 (0xff9ff06f)
core   0: 0x8000b30c (0x00002f17) auipc   t5, 0x2
core   0: 3 0x8000b30c (0x00002f17) x30 0x8000d30c
core   0: 0x8000b310 (0xce3f2a23) sw      gp, -780(t5)
core   0: 3 0x8000b310 (0xce3f2a23) mem 0x8000d000 0x00000001
core   0: 0x8000b314 (0xff9ff06f) j       pc - 0x8
core   0: 3 0x8000b314 (0xff9ff06f)
core   0: 0x8000b30c (0x00002f17) auipc   t5, 0x2
core   0: 3 0x8000b30c (0x00002f17) x30 0x8000d30c
core   0: 0x8000b310 (0xce3f2a23) sw      gp, -780(t5)
core   0: 3 0x8000b310 (0xce3f2a23) mem 0x8000d000 0x00000001
core   0: 0x8000b314 (0xff9ff06f) j       pc - 0x8
core   0: 3 0x8000b314 (0xff9ff06f)
core   0: 0x8000b30c (0x00002f17) auipc   t5, 0x2
core   0: 3 0x8000b30c (0x00002f17) x30 0x8000d30c
core   0: 0x8000b310 (0xce3f2a23) sw      gp, -780(t5)
core   0: 3 0x8000b310 (0xce3f2a23) mem 0x8000d000 0x00000001
core   0: 0x8000b314 (0xff9ff06f) j       pc - 0x8
core   0: 3 0x8000b314 (0xff9ff06f)
core   0: 0x8000b30c (0x00002f17) auipc   t5, 0x2
core   0: 3 0x8000b30c (0x00002f17) x30 0x8000d30c
core   0: 0x8000b310 (0xce3f2a23) sw      gp, -780(t5)
core   0: 3 0x8000b310 (0xce3f2a23) mem 0x8000d000 0x00000001
core   0: 0x8000b314 (0xff9ff06f) j       pc - 0x8
core   0: 3 0x8000b314 (0xff9ff06f)
core   0: 0x8000b30c (0x00002f17) auipc   t5, 0x2
core   0: 3 0x8000b30c (0x00002f17) x30 0x8000d30c
core   0: 0x8000b310 (0xce3f2a23) sw      gp, -780(t5)
core   0: 3 0x8000b310 (0xce3f2a23) mem 0x8000d000 0x00000001
core   0: 0x8000b314 (0xff9ff06f) j       pc - 0x8
core   0: 3 0x8000b314 (0xff9ff06f)
core   0: 0x8000b30c (0x00002f17) auipc   t5, 0x2
core   0: 3 0x8000b30c (0x00002f17) x30 0x8000d30c
core   0: 0x8000b310 (0xce3f2a23) sw      gp, -780(t5)
core   0: 3 0x8000b310 (0xce3f2a23) mem 0x8000d000 0x00000001
core   0: 0x8000b314 (0xff9ff06f) j       pc - 0x8
core   0: 3 0x8000b314 (0xff9ff06f)
core   0: 0x8000b30c (0x00002f17) auipc   t5, 0x2
core   0: 3 0x8000b30c (0x00002f17) x30 0x8000d30c
core   0: 0x8000b310 (0xce3f2a23) sw      gp, -780(t5)
core   0: 3 0x8000b310 (0xce3f2a23) mem 0x8000d000 0x00000001
core   0: 0x8000b314 (0xff9ff06f) j       pc - 0x8
core   0: 3 0x8000b314 (0xff9ff06f)
core   0: 0x8000b30c (0x00002f17) auipc   t5, 0x2
core   0: 3 0x8000b30c (0x00002f17) x30 0x8000d30c
core   0: 0x8000b310 (0xce3f2a23) sw      gp, -780(t5)
core   0: 3 0x8000b310 (0xce3f2a23) mem 0x8000d000 0x00000001
core   0: 0x8000b314 (0xff9ff06f) j       pc - 0x8
core   0: 3 0x8000b314 (0xff9ff06f)
core   0: 0x8000b30c (0x00002f17) auipc   t5, 0x2
core   0: 3 0x8000b30c (0x00002f17) x30 0x8000d30c
core   0: 0x8000b310 (0xce3f2a23) sw      gp, -780(t5)
core   0: 3 0x8000b310 (0xce3f2a23) mem 0x8000d000 0x00000001
core   0: 0x8000b314 (0xff9ff06f) j       pc - 0x8
core   0: 3 0x8000b314 (0xff9ff06f)
core   0: 0x8000b30c (0x00002f17) auipc   t5, 0x2
core   0: 3 0x8000b30c (0x00002f17) x30 0x8000d30c
core   0: 0x8000b310 (0xce3f2a23) sw      gp, -780(t5)
core   0: 3 0x8000b310 (0xce3f2a23) mem 0x8000d000 0x00000001
core   0: 0x8000b314 (0xff9ff06f) j       pc - 0x8
core   0: 3 0x8000b314 (0xff9ff06f)
core   0: 0x8000b30c (0x00002f17) auipc   t5, 0x2
core   0: 3 0x8000b30c (0x00002f17) x30 0x8000d30c
core   0: 0x8000b310 (0xce3f2a23) sw      gp, -780(t5)
core   0: 3 0x8000b310 (0xce3f2a23) mem 0x8000d000 0x00000001
core   0: 0x8000b314 (0xff9ff06f) j       pc - 0x8
core   0: 3 0x8000b314 (0xff9ff06f)
core   0: 0x8000b30c (0x00002f17) auipc   t5, 0x2
core   0: 3 0x8000b30c (0x00002f17) x30 0x8000d30c
core   0: 0x8000b310 (0xce3f2a23) sw      gp, -780(t5)
core   0: 3 0x8000b310 (0xce3f2a23) mem 0x8000d000 0x00000001
core   0: 0x8000b314 (0xff9ff06f) j       pc - 0x8
core   0: 3 0x8000b314 (0xff9ff06f)
core   0: 0x8000b30c (0x00002f17) auipc   t5, 0x2
core   0: 3 0x8000b30c (0x00002f17) x30 0x8000d30c
core   0: 0x8000b310 (0xce3f2a23) sw      gp, -780(t5)
core   0: 3 0x8000b310 (0xce3f2a23) mem 0x8000d000 0x00000001
core   0: 0x8000b314 (0xff9ff06f) j       pc - 0x8
core   0: 3 0x8000b314 (0xff9ff06f)
core   0: 0x8000b30c (0x00002f17) auipc   t5, 0x2
core   0: 3 0x8000b30c (0x00002f17) x30 0x8000d30c
core   0: 0x8000b310 (0xce3f2a23) sw      gp, -780(t5)
core   0: 3 0x8000b310 (0xce3f2a23) mem 0x8000d000 0x00000001
core   0: 0x8000b314 (0xff9ff06f) j       pc - 0x8
core   0: 3 0x8000b314 (0xff9ff06f)
core   0: 0x8000b30c (0x00002f17) auipc   t5, 0x2
core   0: 3 0x8000b30c (0x00002f17) x30 0x8000d30c
core   0: 0x8000b310 (0xce3f2a23) sw      gp, -780(t5)
core   0: 3 0x8000b310 (0xce3f2a23) mem 0x8000d000 0x00000001
core   0: 0x8000b314 (0xff9ff06f) j       pc - 0x8
core   0: 3 0x8000b314 (0xff9ff06f)
core   0: 0x8000b30c (0x00002f17) auipc   t5, 0x2
core   0: 3 0x8000b30c (0x00002f17) x30 0x8000d30c
core   0: 0x8000b310 (0xce3f2a23) sw      gp, -780(t5)
core   0: 3 0x8000b310 (0xce3f2a23) mem 0x8000d000 0x00000001
core   0: 0x8000b314 (0xff9ff06f) j       pc - 0x8
core   0: 3 0x8000b314 (0xff9ff06f)
core   0: 0x8000b30c (0x00002f17) auipc   t5, 0x2
core   0: 3 0x8000b30c (0x00002f17) x30 0x8000d30c
core   0: 0x8000b310 (0xce3f2a23) sw      gp, -780(t5)
core   0: 3 0x8000b310 (0xce3f2a23) mem 0x8000d000 0x00000001
core   0: 0x8000b314 (0xff9ff06f) j       pc - 0x8
core   0: 3 0x8000b314 (0xff9ff06f)
core   0: 0x8000b30c (0x00002f17) auipc   t5, 0x2
core   0: 3 0x8000b30c (0x00002f17) x30 0x8000d30c
core   0: 0x8000b310 (0xce3f2a23) sw      gp, -780(t5)
core   0: 3 0x8000b310 (0xce3f2a23) mem 0x8000d000 0x00000001
core   0: 0x8000b314 (0xff9ff06f) j       pc - 0x8
core   0: 3 0x8000b314 (0xff9ff06f)
core   0: 0x8000b30c (0x00002f17) auipc   t5, 0x2
core   0: 3 0x8000b30c (0x00002f17) x30 0x8000d30c
core   0: 0x8000b310 (0xce3f2a23) sw      gp, -780(t5)
core   0: 3 0x8000b310 (0xce3f2a23) mem 0x8000d000 0x00000001
core   0: 0x8000b314 (0xff9ff06f) j       pc - 0x8
core   0: 3 0x8000b314 (0xff9ff06f)
core   0: 0x8000b30c (0x00002f17) auipc   t5, 0x2
core   0: 3 0x8000b30c (0x00002f17) x30 0x8000d30c
core   0: 0x8000b310 (0xce3f2a23) sw      gp, -780(t5)
core   0: 3 0x8000b310 (0xce3f2a23) mem 0x8000d000 0x00000001
core   0: 0x8000b314 (0xff9ff06f) j       pc - 0x8
core   0: 3 0x8000b314 (0xff9ff06f)
core   0: 0x8000b30c (0x00002f17) auipc   t5, 0x2
core   0: 3 0x8000b30c (0x00002f17) x30 0x8000d30c
core   0: 0x8000b310 (0xce3f2a23) sw      gp, -780(t5)
core   0: 3 0x8000b310 (0xce3f2a23) mem 0x8000d000 0x00000001
core   0: 0x8000b314 (0xff9ff06f) j       pc - 0x8
core   0: 3 0x8000b314 (0xff9ff06f)
core   0: 0x8000b30c (0x00002f17) auipc   t5, 0x2
core   0: 3 0x8000b30c (0x00002f17) x30 0x8000d30c
core   0: 0x8000b310 (0xce3f2a23) sw      gp, -780(t5)
core   0: 3 0x8000b310 (0xce3f2a23) mem 0x8000d000 0x00000001
core   0: 0x8000b314 (0xff9ff06f) j       pc - 0x8
core   0: 3 0x8000b314 (0xff9ff06f)
core   0: 0x8000b30c (0x00002f17) auipc   t5, 0x2
core   0: 3 0x8000b30c (0x00002f17) x30 0x8000d30c
core   0: 0x8000b310 (0xce3f2a23) sw      gp, -780(t5)
core   0: 3 0x8000b310 (0xce3f2a23) mem 0x8000d000 0x00000001
core   0: 0x8000b314 (0xff9ff06f) j       pc - 0x8
core   0: 3 0x8000b314 (0xff9ff06f)
core   0: 0x8000b30c (0x00002f17) auipc   t5, 0x2
core   0: 3 0x8000b30c (0x00002f17) x30 0x8000d30c
core   0: 0x8000b310 (0xce3f2a23) sw      gp, -780(t5)
core   0: 3 0x8000b310 (0xce3f2a23) mem 0x8000d000 0x00000001
core   0: 0x8000b314 (0xff9ff06f) j       pc - 0x8
core   0: 3 0x8000b314 (0xff9ff06f)
core   0: 0x8000b30c (0x00002f17) auipc   t5, 0x2
core   0: 3 0x8000b30c (0x00002f17) x30 0x8000d30c
core   0: 0x8000b310 (0xce3f2a23) sw      gp, -780(t5)
core   0: 3 0x8000b310 (0xce3f2a23) mem 0x8000d000 0x00000001
core   0: 0x8000b314 (0xff9ff06f) j       pc - 0x8
core   0: 3 0x8000b314 (0xff9ff06f)
core   0: 0x8000b30c (0x00002f17) auipc   t5, 0x2
core   0: 3 0x8000b30c (0x00002f17) x30 0x8000d30c
core   0: 0x8000b310 (0xce3f2a23) sw      gp, -780(t5)
core   0: 3 0x8000b310 (0xce3f2a23) mem 0x8000d000 0x00000001
core   0: 0x8000b314 (0xff9ff06f) j       pc - 0x8
core   0: 3 0x8000b314 (0xff9ff06f)
core   0: 0x8000b30c (0x00002f17) auipc   t5, 0x2
core   0: 3 0x8000b30c (0x00002f17) x30 0x8000d30c
core   0: 0x8000b310 (0xce3f2a23) sw      gp, -780(t5)
core   0: 3 0x8000b310 (0xce3f2a23) mem 0x8000d000 0x00000001
core   0: 0x8000b314 (0xff9ff06f) j       pc - 0x8
core   0: 3 0x8000b314 (0xff9ff06f)
core   0: 0x8000b30c (0x00002f17) auipc   t5, 0x2
core   0: 3 0x8000b30c (0x00002f17) x30 0x8000d30c
core   0: 0x8000b310 (0xce3f2a23) sw      gp, -780(t5)
core   0: 3 0x8000b310 (0xce3f2a23) mem 0x8000d000 0x00000001
core   0: 0x8000b314 (0xff9ff06f) j       pc - 0x8
core   0: 3 0x8000b314 (0xff9ff06f)
core   0: 0x8000b30c (0x00002f17) auipc   t5, 0x2
core   0: 3 0x8000b30c (0x00002f17) x30 0x8000d30c
core   0: 0x8000b310 (0xce3f2a23) sw      gp, -780(t5)
core   0: 3 0x8000b310 (0xce3f2a23) mem 0x8000d000 0x00000001
core   0: 0x8000b314 (0xff9ff06f) j       pc - 0x8
core   0: 3 0x8000b314 (0xff9ff06f)
core   0: 0x8000b30c (0x00002f17) auipc   t5, 0x2
core   0: 3 0x8000b30c (0x00002f17) x30 0x8000d30c
core   0: 0x8000b310 (0xce3f2a23) sw      gp, -780(t5)
core   0: 3 0x8000b310 (0xce3f2a23) mem 0x8000d000 0x00000001
core   0: 0x8000b314 (0xff9ff06f) j       pc - 0x8
core   0: 3 0x8000b314 (0xff9ff06f)
core   0: 0x8000b30c (0x00002f17) auipc   t5, 0x2
core   0: 3 0x8000b30c (0x00002f17) x30 0x8000d30c
core   0: 0x8000b310 (0xce3f2a23) sw      gp, -780(t5)
core   0: 3 0x8000b310 (0xce3f2a23) mem 0x8000d000 0x00000001
core   0: 0x8000b314 (0xff9ff06f) j       pc - 0x8
core   0: 3 0x8000b314 (0xff9ff06f)
core   0: 0x8000b30c (0x00002f17) auipc   t5, 0x2
core   0: 3 0x8000b30c (0x00002f17) x30 0x8000d30c
core   0: 0x8000b310 (0xce3f2a23) sw      gp, -780(t5)
core   0: 3 0x8000b310 (0xce3f2a23) mem 0x8000d000 0x00000001
core   0: 0x8000b314 (0xff9ff06f) j       pc - 0x8
core   0: 3 0x8000b314 (0xff9ff06f)
core   0: 0x8000b30c (0x00002f17) auipc   t5, 0x2
core   0: 3 0x8000b30c (0x00002f17) x30 0x8000d30c
core   0: 0x8000b310 (0xce3f2a23) sw      gp, -780(t5)
core   0: 3 0x8000b310 (0xce3f2a23) mem 0x8000d000 0x00000001
core   0: 0x8000b314 (0xff9ff06f) j       pc - 0x8
core   0: 3 0x8000b314 (0xff9ff06f)
core   0: 0x8000b30c (0x00002f17) auipc   t5, 0x2
core   0: 3 0x8000b30c (0x00002f17) x30 0x8000d30c
core   0: 0x8000b310 (0xce3f2a23) sw      gp, -780(t5)
core   0: 3 0x8000b310 (0xce3f2a23) mem 0x8000d000 0x00000001
core   0: 0x8000b314 (0xff9ff06f) j       pc - 0x8
core   0: 3 0x8000b314 (0xff9ff06f)
core   0: 0x8000b30c (0x00002f17) auipc   t5, 0x2
core   0: 3 0x8000b30c (0x00002f17) x30 0x8000d30c
core   0: 0x8000b310 (0xce3f2a23) sw      gp, -780(t5)
core   0: 3 0x8000b310 (0xce3f2a23) mem 0x8000d000 0x00000001
core   0: 0x8000b314 (0xff9ff06f) j       pc - 0x8
core   0: 3 0x8000b314 (0xff9ff06f)
core   0: 0x8000b30c (0x00002f17) auipc   t5, 0x2
core   0: 3 0x8000b30c (0x00002f17) x30 0x8000d30c
core   0: 0x8000b310 (0xce3f2a23) sw      gp, -780(t5)
core   0: 3 0x8000b310 (0xce3f2a23) mem 0x8000d000 0x00000001
core   0: 0x8000b314 (0xff9ff06f) j       pc - 0x8
core   0: 3 0x8000b314 (0xff9ff06f)
core   0: 0x8000b30c (0x00002f17) auipc   t5, 0x2
core   0: 3 0x8000b30c (0x00002f17) x30 0x8000d30c
core   0: 0x8000b310 (0xce3f2a23) sw      gp, -780(t5)
core   0: 3 0x8000b310 (0xce3f2a23) mem 0x8000d000 0x00000001
core   0: 0x8000b314 (0xff9ff06f) j       pc - 0x8
core   0: 3 0x8000b314 (0xff9ff06f)
core   0: 0x8000b30c (0x00002f17) auipc   t5, 0x2
core   0: 3 0x8000b30c (0x00002f17) x30 0x8000d30c
core   0: 0x8000b310 (0xce3f2a23) sw      gp, -780(t5)
core   0: 3 0x8000b310 (0xce3f2a23) mem 0x8000d000 0x00000001
core   0: 0x8000b314 (0xff9ff06f) j       pc - 0x8
core   0: 3 0x8000b314 (0xff9ff06f)
core   0: 0x8000b30c (0x00002f17) auipc   t5, 0x2
core   0: 3 0x8000b30c (0x00002f17) x30 0x8000d30c
core   0: 0x8000b310 (0xce3f2a23) sw      gp, -780(t5)
core   0: 3 0x8000b310 (0xce3f2a23) mem 0x8000d000 0x00000001
core   0: 0x8000b314 (0xff9ff06f) j       pc - 0x8
core   0: 3 0x8000b314 (0xff9ff06f)
core   0: 0x8000b30c (0x00002f17) auipc   t5, 0x2
core   0: 3 0x8000b30c (0x00002f17) x30 0x8000d30c
core   0: 0x8000b310 (0xce3f2a23) sw      gp, -780(t5)
core   0: 3 0x8000b310 (0xce3f2a23) mem 0x8000d000 0x00000001
core   0: 0x8000b314 (0xff9ff06f) j       pc - 0x8
core   0: 3 0x8000b314 (0xff9ff06f)
core   0: 0x8000b30c (0x00002f17) auipc   t5, 0x2
core   0: 3 0x8000b30c (0x00002f17) x30 0x8000d30c
core   0: 0x8000b310 (0xce3f2a23) sw      gp, -780(t5)
core   0: 3 0x8000b310 (0xce3f2a23) mem 0x8000d000 0x00000001
core   0: 0x8000b314 (0xff9ff06f) j       pc - 0x8
core   0: 3 0x8000b314 (0xff9ff06f)
core   0: 0x8000b30c (0x00002f17) auipc   t5, 0x2
core   0: 3 0x8000b30c (0x00002f17) x30 0x8000d30c
core   0: 0x8000b310 (0xce3f2a23) sw      gp, -780(t5)
core   0: 3 0x8000b310 (0xce3f2a23) mem 0x8000d000 0x00000001
core   0: 0x8000b314 (0xff9ff06f) j       pc - 0x8
core   0: 3 0x8000b314 (0xff9ff06f)
core   0: 0x8000b30c (0x00002f17) auipc   t5, 0x2
core   0: 3 0x8000b30c (0x00002f17) x30 0x8000d30c
core   0: 0x8000b310 (0xce3f2a23) sw      gp, -780(t5)
core   0: 3 0x8000b310 (0xce3f2a23) mem 0x8000d000 0x00000001
core   0: 0x8000b314 (0xff9ff06f) j       pc - 0x8
core   0: 3 0x8000b314 (0xff9ff06f)
core   0: 0x8000b30c (0x00002f17) auipc   t5, 0x2
core   0: 3 0x8000b30c (0x00002f17) x30 0x8000d30c
core   0: 0x8000b310 (0xce3f2a23) sw      gp, -780(t5)
core   0: 3 0x8000b310 (0xce3f2a23) mem 0x8000d000 0x00000001
core   0: 0x8000b314 (0xff9ff06f) j       pc - 0x8
core   0: 3 0x8000b314 (0xff9ff06f)
core   0: 0x8000b30c (0x00002f17) auipc   t5, 0x2
core   0: 3 0x8000b30c (0x00002f17) x30 0x8000d30c
core   0: 0x8000b310 (0xce3f2a23) sw      gp, -780(t5)
core   0: 3 0x8000b310 (0xce3f2a23) mem 0x8000d000 0x00000001
core   0: 0x8000b314 (0xff9ff06f) j       pc - 0x8
core   0: 3 0x8000b314 (0xff9ff06f)
core   0: 0x8000b30c (0x00002f17) auipc   t5, 0x2
core   0: 3 0x8000b30c (0x00002f17) x30 0x8000d30c
core   0: 0x8000b310 (0xce3f2a23) sw      gp, -780(t5)
core   0: 3 0x8000b310 (0xce3f2a23) mem 0x8000d000 0x00000001
core   0: 0x8000b314 (0xff9ff06f) j       pc - 0x8
core   0: 3 0x8000b314 (0xff9ff06f)
core   0: 0x8000b30c (0x00002f17) auipc   t5, 0x2
core   0: 3 0x8000b30c (0x00002f17) x30 0x8000d30c
core   0: 0x8000b310 (0xce3f2a23) sw      gp, -780(t5)
core   0: 3 0x8000b310 (0xce3f2a23) mem 0x8000d000 0x00000001
core   0: 0x8000b314 (0xff9ff06f) j       pc - 0x8
core   0: 3 0x8000b314 (0xff9ff06f)
core   0: 0x8000b30c (0x00002f17) auipc   t5, 0x2
core   0: 3 0x8000b30c (0x00002f17) x30 0x8000d30c
core   0: 0x8000b310 (0xce3f2a23) sw      gp, -780(t5)
core   0: 3 0x8000b310 (0xce3f2a23) mem 0x8000d000 0x00000001
core   0: 0x8000b314 (0xff9ff06f) j       pc - 0x8
core   0: 3 0x8000b314 (0xff9ff06f)
core   0: 0x8000b30c (0x00002f17) auipc   t5, 0x2
core   0: 3 0x8000b30c (0x00002f17) x30 0x8000d30c
core   0: 0x8000b310 (0xce3f2a23) sw      gp, -780(t5)
core   0: 3 0x8000b310 (0xce3f2a23) mem 0x8000d000 0x00000001
core   0: 0x8000b314 (0xff9ff06f) j       pc - 0x8
core   0: 3 0x8000b314 (0xff9ff06f)
core   0: 0x8000b30c (0x00002f17) auipc   t5, 0x2
core   0: 3 0x8000b30c (0x00002f17) x30 0x8000d30c
core   0: 0x8000b310 (0xce3f2a23) sw      gp, -780(t5)
core   0: 3 0x8000b310 (0xce3f2a23) mem 0x8000d000 0x00000001
core   0: 0x8000b314 (0xff9ff06f) j       pc - 0x8
core   0: 3 0x8000b314 (0xff9ff06f)
core   0: 0x8000b30c (0x00002f17) auipc   t5, 0x2
core   0: 3 0x8000b30c (0x00002f17) x30 0x8000d30c
core   0: 0x8000b310 (0xce3f2a23) sw      gp, -780(t5)
core   0: 3 0x8000b310 (0xce3f2a23) mem 0x8000d000 0x00000001
core   0: 0x8000b314 (0xff9ff06f) j       pc - 0x8
core   0: 3 0x8000b314 (0xff9ff06f)
core   0: 0x8000b30c (0x00002f17) auipc   t5, 0x2
core   0: 3 0x8000b30c (0x00002f17) x30 0x8000d30c
core   0: 0x8000b310 (0xce3f2a23) sw      gp, -780(t5)
core   0: 3 0x8000b310 (0xce3f2a23) mem 0x8000d000 0x00000001
core   0: 0x8000b314 (0xff9ff06f) j       pc - 0x8
core   0: 3 0x8000b314 (0xff9ff06f)
core   0: 0x8000b30c (0x00002f17) auipc   t5, 0x2
core   0: 3 0x8000b30c (0x00002f17) x30 0x8000d30c
core   0: 0x8000b310 (0xce3f2a23) sw      gp, -780(t5)
core   0: 3 0x8000b310 (0xce3f2a23) mem 0x8000d000 0x00000001
core   0: 0x8000b314 (0xff9ff06f) j       pc - 0x8
core   0: 3 0x8000b314 (0xff9ff06f)
core   0: 0x8000b30c (0x00002f17) auipc   t5, 0x2
core   0: 3 0x8000b30c (0x00002f17) x30 0x8000d30c
core   0: 0x8000b310 (0xce3f2a23) sw      gp, -780(t5)
core   0: 3 0x8000b310 (0xce3f2a23) mem 0x8000d000 0x00000001
core   0: 0x8000b314 (0xff9ff06f) j       pc - 0x8
core   0: 3 0x8000b314 (0xff9ff06f)
core   0: 0x8000b30c (0x00002f17) auipc   t5, 0x2
core   0: 3 0x8000b30c (0x00002f17) x30 0x8000d30c
core   0: 0x8000b310 (0xce3f2a23) sw      gp, -780(t5)
core   0: 3 0x8000b310 (0xce3f2a23) mem 0x8000d000 0x00000001
core   0: 0x8000b314 (0xff9ff06f) j       pc - 0x8
core   0: 3 0x8000b314 (0xff9ff06f)
core   0: 0x8000b30c (0x00002f17) auipc   t5, 0x2
core   0: 3 0x8000b30c (0x00002f17) x30 0x8000d30c
core   0: 0x8000b310 (0xce3f2a23) sw      gp, -780(t5)
core   0: 3 0x8000b310 (0xce3f2a23) mem 0x8000d000 0x00000001
core   0: 0x8000b314 (0xff9ff06f) j       pc - 0x8
core   0: 3 0x8000b314 (0xff9ff06f)
core   0: 0x8000b30c (0x00002f17) auipc   t5, 0x2
core   0: 3 0x8000b30c (0x00002f17) x30 0x8000d30c
core   0: 0x8000b310 (0xce3f2a23) sw      gp, -780(t5)
core   0: 3 0x8000b310 (0xce3f2a23) mem 0x8000d000 0x00000001
core   0: 0x8000b314 (0xff9ff06f) j       pc - 0x8
core   0: 3 0x8000b314 (0xff9ff06f)
core   0: 0x8000b30c (0x00002f17) auipc   t5, 0x2
core   0: 3 0x8000b30c (0x00002f17) x30 0x8000d30c
core   0: 0x8000b310 (0xce3f2a23) sw      gp, -780(t5)
core   0: 3 0x8000b310 (0xce3f2a23) mem 0x8000d000 0x00000001
core   0: 0x8000b314 (0xff9ff06f) j       pc - 0x8
core   0: 3 0x8000b314 (0xff9ff06f)
core   0: 0x8000b30c (0x00002f17) auipc   t5, 0x2
core   0: 3 0x8000b30c (0x00002f17) x30 0x8000d30c
core   0: 0x8000b310 (0xce3f2a23) sw      gp, -780(t5)
core   0: 3 0x8000b310 (0xce3f2a23) mem 0x8000d000 0x00000001
core   0: 0x8000b314 (0xff9ff06f) j       pc - 0x8
core   0: 3 0x8000b314 (0xff9ff06f)
core   0: 0x8000b30c (0x00002f17) auipc   t5, 0x2
core   0: 3 0x8000b30c (0x00002f17) x30 0x8000d30c
core   0: 0x8000b310 (0xce3f2a23) sw      gp, -780(t5)
core   0: 3 0x8000b310 (0xce3f2a23) mem 0x8000d000 0x00000001
core   0: 0x8000b314 (0xff9ff06f) j       pc - 0x8
core   0: 3 0x8000b314 (0xff9ff06f)
core   0: 0x8000b30c (0x00002f17) auipc   t5, 0x2
core   0: 3 0x8000b30c (0x00002f17) x30 0x8000d30c
core   0: 0x8000b310 (0xce3f2a23) sw      gp, -780(t5)
core   0: 3 0x8000b310 (0xce3f2a23) mem 0x8000d000 0x00000001
core   0: 0x8000b314 (0xff9ff06f) j       pc - 0x8
core   0: 3 0x8000b314 (0xff9ff06f)
core   0: 0x8000b30c (0x00002f17) auipc   t5, 0x2
core   0: 3 0x8000b30c (0x00002f17) x30 0x8000d30c
core   0: 0x8000b310 (0xce3f2a23) sw      gp, -780(t5)
core   0: 3 0x8000b310 (0xce3f2a23) mem 0x8000d000 0x00000001
core   0: 0x8000b314 (0xff9ff06f) j       pc - 0x8
core   0: 3 0x8000b314 (0xff9ff06f)
core   0: 0x8000b30c (0x00002f17) auipc   t5, 0x2
core   0: 3 0x8000b30c (0x00002f17) x30 0x8000d30c
core   0: 0x8000b310 (0xce3f2a23) sw      gp, -780(t5)
core   0: 3 0x8000b310 (0xce3f2a23) mem 0x8000d000 0x00000001
core   0: 0x8000b314 (0xff9ff06f) j       pc - 0x8
core   0: 3 0x8000b314 (0xff9ff06f)
core   0: 0x8000b30c (0x00002f17) auipc   t5, 0x2
core   0: 3 0x8000b30c (0x00002f17) x30 0x8000d30c
core   0: 0x8000b310 (0xce3f2a23) sw      gp, -780(t5)
core   0: 3 0x8000b310 (0xce3f2a23) mem 0x8000d000 0x00000001
core   0: 0x8000b314 (0xff9ff06f) j       pc - 0x8
core   0: 3 0x8000b314 (0xff9ff06f)
core   0: 0x8000b30c (0x00002f17) auipc   t5, 0x2
core   0: 3 0x8000b30c (0x00002f17) x30 0x8000d30c
core   0: 0x8000b310 (0xce3f2a23) sw      gp, -780(t5)
core   0: 3 0x8000b310 (0xce3f2a23) mem 0x8000d000 0x00000001
core   0: 0x8000b314 (0xff9ff06f) j       pc - 0x8
core   0: 3 0x8000b314 (0xff9ff06f)
core   0: 0x8000b30c (0x00002f17) auipc   t5, 0x2
core   0: 3 0x8000b30c (0x00002f17) x30 0x8000d30c
core   0: 0x8000b310 (0xce3f2a23) sw      gp, -780(t5)
core   0: 3 0x8000b310 (0xce3f2a23) mem 0x8000d000 0x00000001
core   0: 0x8000b314 (0xff9ff06f) j       pc - 0x8
core   0: 3 0x8000b314 (0xff9ff06f)
core   0: 0x8000b30c (0x00002f17) auipc   t5, 0x2
core   0: 3 0x8000b30c (0x00002f17) x30 0x8000d30c
core   0: 0x8000b310 (0xce3f2a23) sw      gp, -780(t5)
core   0: 3 0x8000b310 (0xce3f2a23) mem 0x8000d000 0x00000001
core   0: 0x8000b314 (0xff9ff06f) j       pc - 0x8
core   0: 3 0x8000b314 (0xff9ff06f)
core   0: 0x8000b30c (0x00002f17) auipc   t5, 0x2
core   0: 3 0x8000b30c (0x00002f17) x30 0x8000d30c
core   0: 0x8000b310 (0xce3f2a23) sw      gp, -780(t5)
core   0: 3 0x8000b310 (0xce3f2a23) mem 0x8000d000 0x00000001
core   0: 0x8000b314 (0xff9ff06f) j       pc - 0x8
core   0: 3 0x8000b314 (0xff9ff06f)
core   0: 0x8000b30c (0x00002f17) auipc   t5, 0x2
core   0: 3 0x8000b30c (0x00002f17) x30 0x8000d30c
core   0: 0x8000b310 (0xce3f2a23) sw      gp, -780(t5)
core   0: 3 0x8000b310 (0xce3f2a23) mem 0x8000d000 0x00000001
core   0: 0x8000b314 (0xff9ff06f) j       pc - 0x8
core   0: 3 0x8000b314 (0xff9ff06f)
core   0: 0x8000b30c (0x00002f17) auipc   t5, 0x2
core   0: 3 0x8000b30c (0x00002f17) x30 0x8000d30c
core   0: 0x8000b310 (0xce3f2a23) sw      gp, -780(t5)
core   0: 3 0x8000b310 (0xce3f2a23) mem 0x8000d000 0x00000001
core   0: 0x8000b314 (0xff9ff06f) j       pc - 0x8
core   0: 3 0x8000b314 (0xff9ff06f)
core   0: 0x8000b30c (0x00002f17) auipc   t5, 0x2
core   0: 3 0x8000b30c (0x00002f17) x30 0x8000d30c
core   0: 0x8000b310 (0xce3f2a23) sw      gp, -780(t5)
core   0: 3 0x8000b310 (0xce3f2a23) mem 0x8000d000 0x00000001
core   0: 0x8000b314 (0xff9ff06f) j       pc - 0x8
core   0: 3 0x8000b314 (0xff9ff06f)
core   0: 0x8000b30c (0x00002f17) auipc   t5, 0x2
core   0: 3 0x8000b30c (0x00002f17) x30 0x8000d30c
core   0: 0x8000b310 (0xce3f2a23) sw      gp, -780(t5)
core   0: 3 0x8000b310 (0xce3f2a23) mem 0x8000d000 0x00000001
core   0: 0x8000b314 (0xff9ff06f) j       pc - 0x8
core   0: 3 0x8000b314 (0xff9ff06f)
core   0: 0x8000b30c (0x00002f17) auipc   t5, 0x2
core   0: 3 0x8000b30c (0x00002f17) x30 0x8000d30c
core   0: 0x8000b310 (0xce3f2a23) sw      gp, -780(t5)
core   0: 3 0x8000b310 (0xce3f2a23) mem 0x8000d000 0x00000001
core   0: 0x8000b314 (0xff9ff06f) j       pc - 0x8
core   0: 3 0x8000b314 (0xff9ff06f)
core   0: 0x8000b30c (0x00002f17) auipc   t5, 0x2
core   0: 3 0x8000b30c (0x00002f17) x30 0x8000d30c
core   0: 0x8000b310 (0xce3f2a23) sw      gp, -780(t5)
core   0: 3 0x8000b310 (0xce3f2a23) mem 0x8000d000 0x00000001
core   0: 0x8000b314 (0xff9ff06f) j       pc - 0x8
core   0: 3 0x8000b314 (0xff9ff06f)
core   0: 0x8000b30c (0x00002f17) auipc   t5, 0x2
core   0: 3 0x8000b30c (0x00002f17) x30 0x8000d30c
core   0: 0x8000b310 (0xce3f2a23) sw      gp, -780(t5)
core   0: 3 0x8000b310 (0xce3f2a23) mem 0x8000d000 0x00000001
core   0: 0x8000b314 (0xff9ff06f) j       pc - 0x8
core   0: 3 0x8000b314 (0xff9ff06f)
core   0: 0x8000b30c (0x00002f17) auipc   t5, 0x2
core   0: 3 0x8000b30c (0x00002f17) x30 0x8000d30c
core   0: 0x8000b310 (0xce3f2a23) sw      gp, -780(t5)
core   0: 3 0x8000b310 (0xce3f2a23) mem 0x8000d000 0x00000001
core   0: 0x8000b314 (0xff9ff06f) j       pc - 0x8
core   0: 3 0x8000b314 (0xff9ff06f)
core   0: 0x8000b30c (0x00002f17) auipc   t5, 0x2
core   0: 3 0x8000b30c (0x00002f17) x30 0x8000d30c
core   0: 0x8000b310 (0xce3f2a23) sw      gp, -780(t5)
core   0: 3 0x8000b310 (0xce3f2a23) mem 0x8000d000 0x00000001
core   0: 0x8000b314 (0xff9ff06f) j       pc - 0x8
core   0: 3 0x8000b314 (0xff9ff06f)
core   0: 0x8000b30c (0x00002f17) auipc   t5, 0x2
core   0: 3 0x8000b30c (0x00002f17) x30 0x8000d30c
core   0: 0x8000b310 (0xce3f2a23) sw      gp, -780(t5)
core   0: 3 0x8000b310 (0xce3f2a23) mem 0x8000d000 0x00000001
core   0: 0x8000b314 (0xff9ff06f) j       pc - 0x8
core   0: 3 0x8000b314 (0xff9ff06f)
core   0: 0x8000b30c (0x00002f17) auipc   t5, 0x2
core   0: 3 0x8000b30c (0x00002f17) x30 0x8000d30c
core   0: 0x8000b310 (0xce3f2a23) sw      gp, -780(t5)
core   0: 3 0x8000b310 (0xce3f2a23) mem 0x8000d000 0x00000001
core   0: 0x8000b314 (0xff9ff06f) j       pc - 0x8
core   0: 3 0x8000b314 (0xff9ff06f)
core   0: 0x8000b30c (0x00002f17) auipc   t5, 0x2
core   0: 3 0x8000b30c (0x00002f17) x30 0x8000d30c
core   0: 0x8000b310 (0xce3f2a23) sw      gp, -780(t5)
core   0: 3 0x8000b310 (0xce3f2a23) mem 0x8000d000 0x00000001
core   0: 0x8000b314 (0xff9ff06f) j       pc - 0x8
core   0: 3 0x8000b314 (0xff9ff06f)
core   0: 0x8000b30c (0x00002f17) auipc   t5, 0x2
core   0: 3 0x8000b30c (0x00002f17) x30 0x8000d30c
core   0: 0x8000b310 (0xce3f2a23) sw      gp, -780(t5)
core   0: 3 0x8000b310 (0xce3f2a23) mem 0x8000d000 0x00000001
core   0: 0x8000b314 (0xff9ff06f) j       pc - 0x8
core   0: 3 0x8000b314 (0xff9ff06f)
core   0: 0x8000b30c (0x00002f17) auipc   t5, 0x2
core   0: 3 0x8000b30c (0x00002f17) x30 0x8000d30c
core   0: 0x8000b310 (0xce3f2a23) sw      gp, -780(t5)
core   0: 3 0x8000b310 (0xce3f2a23) mem 0x8000d000 0x00000001
core   0: 0x8000b314 (0xff9ff06f) j       pc - 0x8
core   0: 3 0x8000b314 (0xff9ff06f)
core   0: 0x8000b30c (0x00002f17) auipc   t5, 0x2
core   0: 3 0x8000b30c (0x00002f17) x30 0x8000d30c
core   0: 0x8000b310 (0xce3f2a23) sw      gp, -780(t5)
core   0: 3 0x8000b310 (0xce3f2a23) mem 0x8000d000 0x00000001
core   0: 0x8000b314 (0xff9ff06f) j       pc - 0x8
core   0: 3 0x8000b314 (0xff9ff06f)
core   0: 0x8000b30c (0x00002f17) auipc   t5, 0x2
core   0: 3 0x8000b30c (0x00002f17) x30 0x8000d30c
core   0: 0x8000b310 (0xce3f2a23) sw      gp, -780(t5)
core   0: 3 0x8000b310 (0xce3f2a23) mem 0x8000d000 0x00000001
core   0: 0x8000b314 (0xff9ff06f) j       pc - 0x8
core   0: 3 0x8000b314 (0xff9ff06f)
core   0: 0x8000b30c (0x00002f17) auipc   t5, 0x2
core   0: 3 0x8000b30c (0x00002f17) x30 0x8000d30c
core   0: 0x8000b310 (0xce3f2a23) sw      gp, -780(t5)
core   0: 3 0x8000b310 (0xce3f2a23) mem 0x8000d000 0x00000001
core   0: 0x8000b314 (0xff9ff06f) j       pc - 0x8
core   0: 3 0x8000b314 (0xff9ff06f)
core   0: 0x8000b30c (0x00002f17) auipc   t5, 0x2
core   0: 3 0x8000b30c (0x00002f17) x30 0x8000d30c
core   0: 0x8000b310 (0xce3f2a23) sw      gp, -780(t5)
core   0: 3 0x8000b310 (0xce3f2a23) mem 0x8000d000 0x00000001
core   0: 0x8000b314 (0xff9ff06f) j       pc - 0x8
core   0: 3 0x8000b314 (0xff9ff06f)
core   0: 0x8000b30c (0x00002f17) auipc   t5, 0x2
core   0: 3 0x8000b30c (0x00002f17) x30 0x8000d30c
core   0: 0x8000b310 (0xce3f2a23) sw      gp, -780(t5)
core   0: 3 0x8000b310 (0xce3f2a23) mem 0x8000d000 0x00000001
core   0: 0x8000b314 (0xff9ff06f) j       pc - 0x8
core   0: 3 0x8000b314 (0xff9ff06f)
core   0: 0x8000b30c (0x00002f17) auipc   t5, 0x2
core   0: 3 0x8000b30c (0x00002f17) x30 0x8000d30c
core   0: 0x8000b310 (0xce3f2a23) sw      gp, -780(t5)
core   0: 3 0x8000b310 (0xce3f2a23) mem 0x8000d000 0x00000001
core   0: 0x8000b314 (0xff9ff06f) j       pc - 0x8
core   0: 3 0x8000b314 (0xff9ff06f)
core   0: 0x8000b30c (0x00002f17) auipc   t5, 0x2
core   0: 3 0x8000b30c (0x00002f17) x30 0x8000d30c
core   0: 0x8000b310 (0xce3f2a23) sw      gp, -780(t5)
core   0: 3 0x8000b310 (0xce3f2a23) mem 0x8000d000 0x00000001
core   0: 0x8000b314 (0xff9ff06f) j       pc - 0x8
core   0: 3 0x8000b314 (0xff9ff06f)
core   0: 0x8000b30c (0x00002f17) auipc   t5, 0x2
core   0: 3 0x8000b30c (0x00002f17) x30 0x8000d30c
core   0: 0x8000b310 (0xce3f2a23) sw      gp, -780(t5)
core   0: 3 0x8000b310 (0xce3f2a23) mem 0x8000d000 0x00000001
core   0: 0x8000b314 (0xff9ff06f) j       pc - 0x8
core   0: 3 0x8000b314 (0xff9ff06f)
core   0: 0x8000b30c (0x00002f17) auipc   t5, 0x2
core   0: 3 0x8000b30c (0x00002f17) x30 0x8000d30c
core   0: 0x8000b310 (0xce3f2a23) sw      gp, -780(t5)
core   0: 3 0x8000b310 (0xce3f2a23) mem 0x8000d000 0x00000001
core   0: 0x8000b314 (0xff9ff06f) j       pc - 0x8
core   0: 3 0x8000b314 (0xff9ff06f)
core   0: 0x8000b30c (0x00002f17) auipc   t5, 0x2
core   0: 3 0x8000b30c (0x00002f17) x30 0x8000d30c
core   0: 0x8000b310 (0xce3f2a23) sw      gp, -780(t5)
core   0: 3 0x8000b310 (0xce3f2a23) mem 0x8000d000 0x00000001
core   0: 0x8000b314 (0xff9ff06f) j       pc - 0x8
core   0: 3 0x8000b314 (0xff9ff06f)
core   0: 0x8000b30c (0x00002f17) auipc   t5, 0x2
core   0: 3 0x8000b30c (0x00002f17) x30 0x8000d30c
core   0: 0x8000b310 (0xce3f2a23) sw      gp, -780(t5)
core   0: 3 0x8000b310 (0xce3f2a23) mem 0x8000d000 0x00000001
core   0: 0x8000b314 (0xff9ff06f) j       pc - 0x8
core   0: 3 0x8000b314 (0xff9ff06f)
core   0: 0x8000b30c (0x00002f17) auipc   t5, 0x2
core   0: 3 0x8000b30c (0x00002f17) x30 0x8000d30c
core   0: 0x8000b310 (0xce3f2a23) sw      gp, -780(t5)
core   0: 3 0x8000b310 (0xce3f2a23) mem 0x8000d000 0x00000001
core   0: 0x8000b314 (0xff9ff06f) j       pc - 0x8
core   0: 3 0x8000b314 (0xff9ff06f)
core   0: 0x8000b30c (0x00002f17) auipc   t5, 0x2
core   0: 3 0x8000b30c (0x00002f17) x30 0x8000d30c
core   0: 0x8000b310 (0xce3f2a23) sw      gp, -780(t5)
core   0: 3 0x8000b310 (0xce3f2a23) mem 0x8000d000 0x00000001
core   0: 0x8000b314 (0xff9ff06f) j       pc - 0x8
core   0: 3 0x8000b314 (0xff9ff06f)
core   0: 0x8000b30c (0x00002f17) auipc   t5, 0x2
core   0: 3 0x8000b30c (0x00002f17) x30 0x8000d30c
core   0: 0x8000b310 (0xce3f2a23) sw      gp, -780(t5)
core   0: 3 0x8000b310 (0xce3f2a23) mem 0x8000d000 0x00000001
core   0: 0x8000b314 (0xff9ff06f) j       pc - 0x8
core   0: 3 0x8000b314 (0xff9ff06f)
core   0: 0x8000b30c (0x00002f17) auipc   t5, 0x2
core   0: 3 0x8000b30c (0x00002f17) x30 0x8000d30c
core   0: 0x8000b310 (0xce3f2a23) sw      gp, -780(t5)
core   0: 3 0x8000b310 (0xce3f2a23) mem 0x8000d000 0x00000001
core   0: 0x8000b314 (0xff9ff06f) j       pc - 0x8
core   0: 3 0x8000b314 (0xff9ff06f)
core   0: 0x8000b30c (0x00002f17) auipc   t5, 0x2
core   0: 3 0x8000b30c (0x00002f17) x30 0x8000d30c
core   0: 0x8000b310 (0xce3f2a23) sw      gp, -780(t5)
core   0: 3 0x8000b310 (0xce3f2a23) mem 0x8000d000 0x00000001
core   0: 0x8000b314 (0xff9ff06f) j       pc - 0x8
core   0: 3 0x8000b314 (0xff9ff06f)
core   0: 0x8000b30c (0x00002f17) auipc   t5, 0x2
core   0: 3 0x8000b30c (0x00002f17) x30 0x8000d30c
core   0: 0x8000b310 (0xce3f2a23) sw      gp, -780(t5)
core   0: 3 0x8000b310 (0xce3f2a23) mem 0x8000d000 0x00000001
core   0: 0x8000b314 (0xff9ff06f) j       pc - 0x8
core   0: 3 0x8000b314 (0xff9ff06f)
core   0: 0x8000b30c (0x00002f17) auipc   t5, 0x2
core   0: 3 0x8000b30c (0x00002f17) x30 0x8000d30c
core   0: 0x8000b310 (0xce3f2a23) sw      gp, -780(t5)
core   0: 3 0x8000b310 (0xce3f2a23) mem 0x8000d000 0x00000001
core   0: 0x8000b314 (0xff9ff06f) j       pc - 0x8
core   0: 3 0x8000b314 (0xff9ff06f)
core   0: 0x8000b30c (0x00002f17) auipc   t5, 0x2
core   0: 3 0x8000b30c (0x00002f17) x30 0x8000d30c
core   0: 0x8000b310 (0xce3f2a23) sw      gp, -780(t5)
core   0: 3 0x8000b310 (0xce3f2a23) mem 0x8000d000 0x00000001
core   0: 0x8000b314 (0xff9ff06f) j       pc - 0x8
core   0: 3 0x8000b314 (0xff9ff06f)
core   0: 0x8000b30c (0x00002f17) auipc   t5, 0x2
core   0: 3 0x8000b30c (0x00002f17) x30 0x8000d30c
core   0: 0x8000b310 (0xce3f2a23) sw      gp, -780(t5)
core   0: 3 0x8000b310 (0xce3f2a23) mem 0x8000d000 0x00000001
core   0: 0x8000b314 (0xff9ff06f) j       pc - 0x8
core   0: 3 0x8000b314 (0xff9ff06f)
core   0: 0x8000b30c (0x00002f17) auipc   t5, 0x2
core   0: 3 0x8000b30c (0x00002f17) x30 0x8000d30c
core   0: 0x8000b310 (0xce3f2a23) sw      gp, -780(t5)
core   0: 3 0x8000b310 (0xce3f2a23) mem 0x8000d000 0x00000001
core   0: 0x8000b314 (0xff9ff06f) j       pc - 0x8
core   0: 3 0x8000b314 (0xff9ff06f)
core   0: 0x8000b30c (0x00002f17) auipc   t5, 0x2
core   0: 3 0x8000b30c (0x00002f17) x30 0x8000d30c
core   0: 0x8000b310 (0xce3f2a23) sw      gp, -780(t5)
core   0: 3 0x8000b310 (0xce3f2a23) mem 0x8000d000 0x00000001
core   0: 0x8000b314 (0xff9ff06f) j       pc - 0x8
core   0: 3 0x8000b314 (0xff9ff06f)
core   0: 0x8000b30c (0x00002f17) auipc   t5, 0x2
core   0: 3 0x8000b30c (0x00002f17) x30 0x8000d30c
core   0: 0x8000b310 (0xce3f2a23) sw      gp, -780(t5)
core   0: 3 0x8000b310 (0xce3f2a23) mem 0x8000d000 0x00000001
core   0: 0x8000b314 (0xff9ff06f) j       pc - 0x8
core   0: 3 0x8000b314 (0xff9ff06f)
core   0: 0x8000b30c (0x00002f17) auipc   t5, 0x2
core   0: 3 0x8000b30c (0x00002f17) x30 0x8000d30c
core   0: 0x8000b310 (0xce3f2a23) sw      gp, -780(t5)
core   0: 3 0x8000b310 (0xce3f2a23) mem 0x8000d000 0x00000001
core   0: 0x8000b314 (0xff9ff06f) j       pc - 0x8
core   0: 3 0x8000b314 (0xff9ff06f)
core   0: 0x8000b30c (0x00002f17) auipc   t5, 0x2
core   0: 3 0x8000b30c (0x00002f17) x30 0x8000d30c
core   0: 0x8000b310 (0xce3f2a23) sw      gp, -780(t5)
core   0: 3 0x8000b310 (0xce3f2a23) mem 0x8000d000 0x00000001
core   0: 0x8000b314 (0xff9ff06f) j       pc - 0x8
core   0: 3 0x8000b314 (0xff9ff06f)
core   0: 0x8000b30c (0x00002f17) auipc   t5, 0x2
core   0: 3 0x8000b30c (0x00002f17) x30 0x8000d30c
core   0: 0x8000b310 (0xce3f2a23) sw      gp, -780(t5)
core   0: 3 0x8000b310 (0xce3f2a23) mem 0x8000d000 0x00000001
core   0: 0x8000b314 (0xff9ff06f) j       pc - 0x8
core   0: 3 0x8000b314 (0xff9ff06f)
core   0: 0x8000b30c (0x00002f17) auipc   t5, 0x2
core   0: 3 0x8000b30c (0x00002f17) x30 0x8000d30c
core   0: 0x8000b310 (0xce3f2a23) sw      gp, -780(t5)
core   0: 3 0x8000b310 (0xce3f2a23) mem 0x8000d000 0x00000001
core   0: 0x8000b314 (0xff9ff06f) j       pc - 0x8
core   0: 3 0x8000b314 (0xff9ff06f)
core   0: 0x8000b30c (0x00002f17) auipc   t5, 0x2
core   0: 3 0x8000b30c (0x00002f17) x30 0x8000d30c
core   0: 0x8000b310 (0xce3f2a23) sw      gp, -780(t5)
core   0: 3 0x8000b310 (0xce3f2a23) mem 0x8000d000 0x00000001
core   0: 0x8000b314 (0xff9ff06f) j       pc - 0x8
core   0: 3 0x8000b314 (0xff9ff06f)
core   0: 0x8000b30c (0x00002f17) auipc   t5, 0x2
core   0: 3 0x8000b30c (0x00002f17) x30 0x8000d30c
core   0: 0x8000b310 (0xce3f2a23) sw      gp, -780(t5)
core   0: 3 0x8000b310 (0xce3f2a23) mem 0x8000d000 0x00000001
core   0: 0x8000b314 (0xff9ff06f) j       pc - 0x8
core   0: 3 0x8000b314 (0xff9ff06f)
core   0: 0x8000b30c (0x00002f17) auipc   t5, 0x2
core   0: 3 0x8000b30c (0x00002f17) x30 0x8000d30c
core   0: 0x8000b310 (0xce3f2a23) sw      gp, -780(t5)
core   0: 3 0x8000b310 (0xce3f2a23) mem 0x8000d000 0x00000001
core   0: 0x8000b314 (0xff9ff06f) j       pc - 0x8
core   0: 3 0x8000b314 (0xff9ff06f)
core   0: 0x8000b30c (0x00002f17) auipc   t5, 0x2
core   0: 3 0x8000b30c (0x00002f17) x30 0x8000d30c
core   0: 0x8000b310 (0xce3f2a23) sw      gp, -780(t5)
core   0: 3 0x8000b310 (0xce3f2a23) mem 0x8000d000 0x00000001
core   0: 0x8000b314 (0xff9ff06f) j       pc - 0x8
core   0: 3 0x8000b314 (0xff9ff06f)
core   0: 0x8000b30c (0x00002f17) auipc   t5, 0x2
core   0: 3 0x8000b30c (0x00002f17) x30 0x8000d30c
core   0: 0x8000b310 (0xce3f2a23) sw      gp, -780(t5)
core   0: 3 0x8000b310 (0xce3f2a23) mem 0x8000d000 0x00000001
core   0: 0x8000b314 (0xff9ff06f) j       pc - 0x8
core   0: 3 0x8000b314 (0xff9ff06f)
core   0: 0x8000b30c (0x00002f17) auipc   t5, 0x2
core   0: 3 0x8000b30c (0x00002f17) x30 0x8000d30c
core   0: 0x8000b310 (0xce3f2a23) sw      gp, -780(t5)
core   0: 3 0x8000b310 (0xce3f2a23) mem 0x8000d000 0x00000001
core   0: 0x8000b314 (0xff9ff06f) j       pc - 0x8
core   0: 3 0x8000b314 (0xff9ff06f)
core   0: 0x8000b30c (0x00002f17) auipc   t5, 0x2
core   0: 3 0x8000b30c (0x00002f17) x30 0x8000d30c
core   0: 0x8000b310 (0xce3f2a23) sw      gp, -780(t5)
core   0: 3 0x8000b310 (0xce3f2a23) mem 0x8000d000 0x00000001
core   0: 0x8000b314 (0xff9ff06f) j       pc - 0x8
core   0: 3 0x8000b314 (0xff9ff06f)
core   0: 0x8000b30c (0x00002f17) auipc   t5, 0x2
core   0: 3 0x8000b30c (0x00002f17) x30 0x8000d30c
core   0: 0x8000b310 (0xce3f2a23) sw      gp, -780(t5)
core   0: 3 0x8000b310 (0xce3f2a23) mem 0x8000d000 0x00000001
core   0: 0x8000b314 (0xff9ff06f) j       pc - 0x8
core   0: 3 0x8000b314 (0xff9ff06f)
core   0: 0x8000b30c (0x00002f17) auipc   t5, 0x2
core   0: 3 0x8000b30c (0x00002f17) x30 0x8000d30c
core   0: 0x8000b310 (0xce3f2a23) sw      gp, -780(t5)
core   0: 3 0x8000b310 (0xce3f2a23) mem 0x8000d000 0x00000001
core   0: 0x8000b314 (0xff9ff06f) j       pc - 0x8
core   0: 3 0x8000b314 (0xff9ff06f)
core   0: 0x8000b30c (0x00002f17) auipc   t5, 0x2
core   0: 3 0x8000b30c (0x00002f17) x30 0x8000d30c
core   0: 0x8000b310 (0xce3f2a23) sw      gp, -780(t5)
core   0: 3 0x8000b310 (0xce3f2a23) mem 0x8000d000 0x00000001
core   0: 0x8000b314 (0xff9ff06f) j       pc - 0x8
core   0: 3 0x8000b314 (0xff9ff06f)
core   0: 0x8000b30c (0x00002f17) auipc   t5, 0x2
core   0: 3 0x8000b30c (0x00002f17) x30 0x8000d30c
core   0: 0x8000b310 (0xce3f2a23) sw      gp, -780(t5)
core   0: 3 0x8000b310 (0xce3f2a23) mem 0x8000d000 0x00000001
core   0: 0x8000b314 (0xff9ff06f) j       pc - 0x8
core   0: 3 0x8000b314 (0xff9ff06f)
core   0: 0x8000b30c (0x00002f17) auipc   t5, 0x2
core   0: 3 0x8000b30c (0x00002f17) x30 0x8000d30c
core   0: 0x8000b310 (0xce3f2a23) sw      gp, -780(t5)
core   0: 3 0x8000b310 (0xce3f2a23) mem 0x8000d000 0x00000001
core   0: 0x8000b314 (0xff9ff06f) j       pc - 0x8
core   0: 3 0x8000b314 (0xff9ff06f)
core   0: 0x8000b30c (0x00002f17) auipc   t5, 0x2
core   0: 3 0x8000b30c (0x00002f17) x30 0x8000d30c
core   0: 0x8000b310 (0xce3f2a23) sw      gp, -780(t5)
core   0: 3 0x8000b310 (0xce3f2a23) mem 0x8000d000 0x00000001
core   0: 0x8000b314 (0xff9ff06f) j       pc - 0x8
core   0: 3 0x8000b314 (0xff9ff06f)
core   0: 0x8000b30c (0x00002f17) auipc   t5, 0x2
core   0: 3 0x8000b30c (0x00002f17) x30 0x8000d30c
core   0: 0x8000b310 (0xce3f2a23) sw      gp, -780(t5)
core   0: 3 0x8000b310 (0xce3f2a23) mem 0x8000d000 0x00000001
core   0: 0x8000b314 (0xff9ff06f) j       pc - 0x8
core   0: 3 0x8000b314 (0xff9ff06f)
core   0: 0x8000b30c (0x00002f17) auipc   t5, 0x2
core   0: 3 0x8000b30c (0x00002f17) x30 0x8000d30c
core   0: 0x8000b310 (0xce3f2a23) sw      gp, -780(t5)
core   0: 3 0x8000b310 (0xce3f2a23) mem 0x8000d000 0x00000001
core   0: 0x8000b314 (0xff9ff06f) j       pc - 0x8
core   0: 3 0x8000b314 (0xff9ff06f)
core   0: 0x8000b30c (0x00002f17) auipc   t5, 0x2
core   0: 3 0x8000b30c (0x00002f17) x30 0x8000d30c
core   0: 0x8000b310 (0xce3f2a23) sw      gp, -780(t5)
core   0: 3 0x8000b310 (0xce3f2a23) mem 0x8000d000 0x00000001
core   0: 0x8000b314 (0xff9ff06f) j       pc - 0x8
core   0: 3 0x8000b314 (0xff9ff06f)
core   0: 0x8000b30c (0x00002f17) auipc   t5, 0x2
core   0: 3 0x8000b30c (0x00002f17) x30 0x8000d30c
core   0: 0x8000b310 (0xce3f2a23) sw      gp, -780(t5)
core   0: 3 0x8000b310 (0xce3f2a23) mem 0x8000d000 0x00000001
core   0: 0x8000b314 (0xff9ff06f) j       pc - 0x8
core   0: 3 0x8000b314 (0xff9ff06f)
core   0: 0x8000b30c (0x00002f17) auipc   t5, 0x2
core   0: 3 0x8000b30c (0x00002f17) x30 0x8000d30c
core   0: 0x8000b310 (0xce3f2a23) sw      gp, -780(t5)
core   0: 3 0x8000b310 (0xce3f2a23) mem 0x8000d000 0x00000001
core   0: 0x8000b314 (0xff9ff06f) j       pc - 0x8
core   0: 3 0x8000b314 (0xff9ff06f)
core   0: 0x8000b30c (0x00002f17) auipc   t5, 0x2
core   0: 3 0x8000b30c (0x00002f17) x30 0x8000d30c
core   0: 0x8000b310 (0xce3f2a23) sw      gp, -780(t5)
core   0: 3 0x8000b310 (0xce3f2a23) mem 0x8000d000 0x00000001
core   0: 0x8000b314 (0xff9ff06f) j       pc - 0x8
core   0: 3 0x8000b314 (0xff9ff06f)
core   0: 0x8000b30c (0x00002f17) auipc   t5, 0x2
core   0: 3 0x8000b30c (0x00002f17) x30 0x8000d30c
core   0: 0x8000b310 (0xce3f2a23) sw      gp, -780(t5)
core   0: 3 0x8000b310 (0xce3f2a23) mem 0x8000d000 0x00000001
core   0: 0x8000b314 (0xff9ff06f) j       pc - 0x8
core   0: 3 0x8000b314 (0xff9ff06f)
core   0: 0x8000b30c (0x00002f17) auipc   t5, 0x2
core   0: 3 0x8000b30c (0x00002f17) x30 0x8000d30c
core   0: 0x8000b310 (0xce3f2a23) sw      gp, -780(t5)
core   0: 3 0x8000b310 (0xce3f2a23) mem 0x8000d000 0x00000001
core   0: 0x8000b314 (0xff9ff06f) j       pc - 0x8
core   0: 3 0x8000b314 (0xff9ff06f)
core   0: 0x8000b30c (0x00002f17) auipc   t5, 0x2
core   0: 3 0x8000b30c (0x00002f17) x30 0x8000d30c
core   0: 0x8000b310 (0xce3f2a23) sw      gp, -780(t5)
core   0: 3 0x8000b310 (0xce3f2a23) mem 0x8000d000 0x00000001
core   0: 0x8000b314 (0xff9ff06f) j       pc - 0x8
core   0: 3 0x8000b314 (0xff9ff06f)
core   0: 0x8000b30c (0x00002f17) auipc   t5, 0x2
core   0: 3 0x8000b30c (0x00002f17) x30 0x8000d30c
core   0: 0x8000b310 (0xce3f2a23) sw      gp, -780(t5)
core   0: 3 0x8000b310 (0xce3f2a23) mem 0x8000d000 0x00000001
core   0: 0x8000b314 (0xff9ff06f) j       pc - 0x8
core   0: 3 0x8000b314 (0xff9ff06f)
core   0: 0x8000b30c (0x00002f17) auipc   t5, 0x2
core   0: 3 0x8000b30c (0x00002f17) x30 0x8000d30c
core   0: 0x8000b310 (0xce3f2a23) sw      gp, -780(t5)
core   0: 3 0x8000b310 (0xce3f2a23) mem 0x8000d000 0x00000001
core   0: 0x8000b314 (0xff9ff06f) j       pc - 0x8
core   0: 3 0x8000b314 (0xff9ff06f)
core   0: 0x8000b30c (0x00002f17) auipc   t5, 0x2
core   0: 3 0x8000b30c (0x00002f17) x30 0x8000d30c
core   0: 0x8000b310 (0xce3f2a23) sw      gp, -780(t5)
core   0: 3 0x8000b310 (0xce3f2a23) mem 0x8000d000 0x00000001
core   0: 0x8000b314 (0xff9ff06f) j       pc - 0x8
core   0: 3 0x8000b314 (0xff9ff06f)
core   0: 0x8000b30c (0x00002f17) auipc   t5, 0x2
core   0: 3 0x8000b30c (0x00002f17) x30 0x8000d30c
core   0: 0x8000b310 (0xce3f2a23) sw      gp, -780(t5)
core   0: 3 0x8000b310 (0xce3f2a23) mem 0x8000d000 0x00000001
core   0: 0x8000b314 (0xff9ff06f) j       pc - 0x8
core   0: 3 0x8000b314 (0xff9ff06f)
core   0: 0x8000b30c (0x00002f17) auipc   t5, 0x2
core   0: 3 0x8000b30c (0x00002f17) x30 0x8000d30c
core   0: 0x8000b310 (0xce3f2a23) sw      gp, -780(t5)
core   0: 3 0x8000b310 (0xce3f2a23) mem 0x8000d000 0x00000001
core   0: 0x8000b314 (0xff9ff06f) j       pc - 0x8
core   0: 3 0x8000b314 (0xff9ff06f)
core   0: 0x8000b30c (0x00002f17) auipc   t5, 0x2
core   0: 3 0x8000b30c (0x00002f17) x30 0x8000d30c
core   0: 0x8000b310 (0xce3f2a23) sw      gp, -780(t5)
core   0: 3 0x8000b310 (0xce3f2a23) mem 0x8000d000 0x00000001
core   0: 0x8000b314 (0xff9ff06f) j       pc - 0x8
core   0: 3 0x8000b314 (0xff9ff06f)
core   0: 0x8000b30c (0x00002f17) auipc   t5, 0x2
core   0: 3 0x8000b30c (0x00002f17) x30 0x8000d30c
core   0: 0x8000b310 (0xce3f2a23) sw      gp, -780(t5)
core   0: 3 0x8000b310 (0xce3f2a23) mem 0x8000d000 0x00000001
core   0: 0x8000b314 (0xff9ff06f) j       pc - 0x8
core   0: 3 0x8000b314 (0xff9ff06f)
core   0: 0x8000b30c (0x00002f17) auipc   t5, 0x2
core   0: 3 0x8000b30c (0x00002f17) x30 0x8000d30c
core   0: 0x8000b310 (0xce3f2a23) sw      gp, -780(t5)
core   0: 3 0x8000b310 (0xce3f2a23) mem 0x8000d000 0x00000001
core   0: 0x8000b314 (0xff9ff06f) j       pc - 0x8
core   0: 3 0x8000b314 (0xff9ff06f)
core   0: 0x8000b30c (0x00002f17) auipc   t5, 0x2
core   0: 3 0x8000b30c (0x00002f17) x30 0x8000d30c
core   0: 0x8000b310 (0xce3f2a23) sw      gp, -780(t5)
core   0: 3 0x8000b310 (0xce3f2a23) mem 0x8000d000 0x00000001
core   0: 0x8000b314 (0xff9ff06f) j       pc - 0x8
core   0: 3 0x8000b314 (0xff9ff06f)
core   0: 0x8000b30c (0x00002f17) auipc   t5, 0x2
core   0: 3 0x8000b30c (0x00002f17) x30 0x8000d30c
core   0: 0x8000b310 (0xce3f2a23) sw      gp, -780(t5)
core   0: 3 0x8000b310 (0xce3f2a23) mem 0x8000d000 0x00000001
core   0: 0x8000b314 (0xff9ff06f) j       pc - 0x8
core   0: 3 0x8000b314 (0xff9ff06f)
core   0: 0x8000b30c (0x00002f17) auipc   t5, 0x2
core   0: 3 0x8000b30c (0x00002f17) x30 0x8000d30c
core   0: 0x8000b310 (0xce3f2a23) sw      gp, -780(t5)
core   0: 3 0x8000b310 (0xce3f2a23) mem 0x8000d000 0x00000001
core   0: 0x8000b314 (0xff9ff06f) j       pc - 0x8
core   0: 3 0x8000b314 (0xff9ff06f)
core   0: 0x8000b30c (0x00002f17) auipc   t5, 0x2
core   0: 3 0x8000b30c (0x00002f17) x30 0x8000d30c
core   0: 0x8000b310 (0xce3f2a23) sw      gp, -780(t5)
core   0: 3 0x8000b310 (0xce3f2a23) mem 0x8000d000 0x00000001
core   0: 0x8000b314 (0xff9ff06f) j       pc - 0x8
core   0: 3 0x8000b314 (0xff9ff06f)
core   0: 0x8000b30c (0x00002f17) auipc   t5, 0x2
core   0: 3 0x8000b30c (0x00002f17) x30 0x8000d30c
core   0: 0x8000b310 (0xce3f2a23) sw      gp, -780(t5)
core   0: 3 0x8000b310 (0xce3f2a23) mem 0x8000d000 0x00000001
core   0: 0x8000b314 (0xff9ff06f) j       pc - 0x8
core   0: 3 0x8000b314 (0xff9ff06f)
core   0: 0x8000b30c (0x00002f17) auipc   t5, 0x2
core   0: 3 0x8000b30c (0x00002f17) x30 0x8000d30c
core   0: 0x8000b310 (0xce3f2a23) sw      gp, -780(t5)
core   0: 3 0x8000b310 (0xce3f2a23) mem 0x8000d000 0x00000001
core   0: 0x8000b314 (0xff9ff06f) j       pc - 0x8
core   0: 3 0x8000b314 (0xff9ff06f)
core   0: 0x8000b30c (0x00002f17) auipc   t5, 0x2
core   0: 3 0x8000b30c (0x00002f17) x30 0x8000d30c
core   0: 0x8000b310 (0xce3f2a23) sw      gp, -780(t5)
core   0: 3 0x8000b310 (0xce3f2a23) mem 0x8000d000 0x00000001
core   0: 0x8000b314 (0xff9ff06f) j       pc - 0x8
core   0: 3 0x8000b314 (0xff9ff06f)
core   0: 0x8000b30c (0x00002f17) auipc   t5, 0x2
core   0: 3 0x8000b30c (0x00002f17) x30 0x8000d30c
core   0: 0x8000b310 (0xce3f2a23) sw      gp, -780(t5)
core   0: 3 0x8000b310 (0xce3f2a23) mem 0x8000d000 0x00000001
core   0: 0x8000b314 (0xff9ff06f) j       pc - 0x8
core   0: 3 0x8000b314 (0xff9ff06f)
core   0: 0x8000b30c (0x00002f17) auipc   t5, 0x2
core   0: 3 0x8000b30c (0x00002f17) x30 0x8000d30c
core   0: 0x8000b310 (0xce3f2a23) sw      gp, -780(t5)
core   0: 3 0x8000b310 (0xce3f2a23) mem 0x8000d000 0x00000001
core   0: 0x8000b314 (0xff9ff06f) j       pc - 0x8
core   0: 3 0x8000b314 (0xff9ff06f)
core   0: 0x8000b30c (0x00002f17) auipc   t5, 0x2
core   0: 3 0x8000b30c (0x00002f17) x30 0x8000d30c
core   0: 0x8000b310 (0xce3f2a23) sw      gp, -780(t5)
core   0: 3 0x8000b310 (0xce3f2a23) mem 0x8000d000 0x00000001
core   0: 0x8000b314 (0xff9ff06f) j       pc - 0x8
core   0: 3 0x8000b314 (0xff9ff06f)
core   0: 0x8000b30c (0x00002f17) auipc   t5, 0x2
core   0: 3 0x8000b30c (0x00002f17) x30 0x8000d30c
core   0: 0x8000b310 (0xce3f2a23) sw      gp, -780(t5)
core   0: 3 0x8000b310 (0xce3f2a23) mem 0x8000d000 0x00000001
core   0: 0x8000b314 (0xff9ff06f) j       pc - 0x8
core   0: 3 0x8000b314 (0xff9ff06f)
core   0: 0x8000b30c (0x00002f17) auipc   t5, 0x2
core   0: 3 0x8000b30c (0x00002f17) x30 0x8000d30c
core   0: 0x8000b310 (0xce3f2a23) sw      gp, -780(t5)
core   0: 3 0x8000b310 (0xce3f2a23) mem 0x8000d000 0x00000001
core   0: 0x8000b314 (0xff9ff06f) j       pc - 0x8
core   0: 3 0x8000b314 (0xff9ff06f)
core   0: 0x8000b30c (0x00002f17) auipc   t5, 0x2
core   0: 3 0x8000b30c (0x00002f17) x30 0x8000d30c
core   0: 0x8000b310 (0xce3f2a23) sw      gp, -780(t5)
core   0: 3 0x8000b310 (0xce3f2a23) mem 0x8000d000 0x00000001
core   0: 0x8000b314 (0xff9ff06f) j       pc - 0x8
core   0: 3 0x8000b314 (0xff9ff06f)
core   0: 0x8000b30c (0x00002f17) auipc   t5, 0x2
core   0: 3 0x8000b30c (0x00002f17) x30 0x8000d30c
core   0: 0x8000b310 (0xce3f2a23) sw      gp, -780(t5)
core   0: 3 0x8000b310 (0xce3f2a23) mem 0x8000d000 0x00000001
core   0: 0x8000b314 (0xff9ff06f) j       pc - 0x8
core   0: 3 0x8000b314 (0xff9ff06f)
core   0: 0x8000b30c (0x00002f17) auipc   t5, 0x2
core   0: 3 0x8000b30c (0x00002f17) x30 0x8000d30c
core   0: 0x8000b310 (0xce3f2a23) sw      gp, -780(t5)
core   0: 3 0x8000b310 (0xce3f2a23) mem 0x8000d000 0x00000001
core   0: 0x8000b314 (0xff9ff06f) j       pc - 0x8
core   0: 3 0x8000b314 (0xff9ff06f)
core   0: 0x8000b30c (0x00002f17) auipc   t5, 0x2
core   0: 3 0x8000b30c (0x00002f17) x30 0x8000d30c
core   0: 0x8000b310 (0xce3f2a23) sw      gp, -780(t5)
core   0: 3 0x8000b310 (0xce3f2a23) mem 0x8000d000 0x00000001
core   0: 0x8000b314 (0xff9ff06f) j       pc - 0x8
core   0: 3 0x8000b314 (0xff9ff06f)
core   0: 0x8000b30c (0x00002f17) auipc   t5, 0x2
core   0: 3 0x8000b30c (0x00002f17) x30 0x8000d30c
core   0: 0x8000b310 (0xce3f2a23) sw      gp, -780(t5)
core   0: 3 0x8000b310 (0xce3f2a23) mem 0x8000d000 0x00000001
core   0: 0x8000b314 (0xff9ff06f) j       pc - 0x8
core   0: 3 0x8000b314 (0xff9ff06f)
core   0: 0x8000b30c (0x00002f17) auipc   t5, 0x2
core   0: 3 0x8000b30c (0x00002f17) x30 0x8000d30c
core   0: 0x8000b310 (0xce3f2a23) sw      gp, -780(t5)
core   0: 3 0x8000b310 (0xce3f2a23) mem 0x8000d000 0x00000001
core   0: 0x8000b314 (0xff9ff06f) j       pc - 0x8
core   0: 3 0x8000b314 (0xff9ff06f)
core   0: 0x8000b30c (0x00002f17) auipc   t5, 0x2
core   0: 3 0x8000b30c (0x00002f17) x30 0x8000d30c
core   0: 0x8000b310 (0xce3f2a23) sw      gp, -780(t5)
core   0: 3 0x8000b310 (0xce3f2a23) mem 0x8000d000 0x00000001
core   0: 0x8000b314 (0xff9ff06f) j       pc - 0x8
core   0: 3 0x8000b314 (0xff9ff06f)
core   0: 0x8000b30c (0x00002f17) auipc   t5, 0x2
core   0: 3 0x8000b30c (0x00002f17) x30 0x8000d30c
core   0: 0x8000b310 (0xce3f2a23) sw      gp, -780(t5)
core   0: 3 0x8000b310 (0xce3f2a23) mem 0x8000d000 0x00000001
core   0: 0x8000b314 (0xff9ff06f) j       pc - 0x8
core   0: 3 0x8000b314 (0xff9ff06f)
core   0: 0x8000b30c (0x00002f17) auipc   t5, 0x2
core   0: 3 0x8000b30c (0x00002f17) x30 0x8000d30c
core   0: 0x8000b310 (0xce3f2a23) sw      gp, -780(t5)
core   0: 3 0x8000b310 (0xce3f2a23) mem 0x8000d000 0x00000001
core   0: 0x8000b314 (0xff9ff06f) j       pc - 0x8
core   0: 3 0x8000b314 (0xff9ff06f)
core   0: 0x8000b30c (0x00002f17) auipc   t5, 0x2
core   0: 3 0x8000b30c (0x00002f17) x30 0x8000d30c
core   0: 0x8000b310 (0xce3f2a23) sw      gp, -780(t5)
core   0: 3 0x8000b310 (0xce3f2a23) mem 0x8000d000 0x00000001
core   0: 0x8000b314 (0xff9ff06f) j       pc - 0x8
core   0: 3 0x8000b314 (0xff9ff06f)
core   0: 0x8000b30c (0x00002f17) auipc   t5, 0x2
core   0: 3 0x8000b30c (0x00002f17) x30 0x8000d30c
core   0: 0x8000b310 (0xce3f2a23) sw      gp, -780(t5)
core   0: 3 0x8000b310 (0xce3f2a23) mem 0x8000d000 0x00000001
core   0: 0x8000b314 (0xff9ff06f) j       pc - 0x8
core   0: 3 0x8000b314 (0xff9ff06f)
core   0: 0x8000b30c (0x00002f17) auipc   t5, 0x2
core   0: 3 0x8000b30c (0x00002f17) x30 0x8000d30c
core   0: 0x8000b310 (0xce3f2a23) sw      gp, -780(t5)
core   0: 3 0x8000b310 (0xce3f2a23) mem 0x8000d000 0x00000001
core   0: 0x8000b314 (0xff9ff06f) j       pc - 0x8
core   0: 3 0x8000b314 (0xff9ff06f)
core   0: 0x8000b30c (0x00002f17) auipc   t5, 0x2
core   0: 3 0x8000b30c (0x00002f17) x30 0x8000d30c
core   0: 0x8000b310 (0xce3f2a23) sw      gp, -780(t5)
core   0: 3 0x8000b310 (0xce3f2a23) mem 0x8000d000 0x00000001
core   0: 0x8000b314 (0xff9ff06f) j       pc - 0x8
core   0: 3 0x8000b314 (0xff9ff06f)
core   0: 0x8000b30c (0x00002f17) auipc   t5, 0x2
core   0: 3 0x8000b30c (0x00002f17) x30 0x8000d30c
core   0: 0x8000b310 (0xce3f2a23) sw      gp, -780(t5)
core   0: 3 0x8000b310 (0xce3f2a23) mem 0x8000d000 0x00000001
core   0: 0x8000b314 (0xff9ff06f) j       pc - 0x8
core   0: 3 0x8000b314 (0xff9ff06f)
core   0: 0x8000b30c (0x00002f17) auipc   t5, 0x2
core   0: 3 0x8000b30c (0x00002f17) x30 0x8000d30c
core   0: 0x8000b310 (0xce3f2a23) sw      gp, -780(t5)
core   0: 3 0x8000b310 (0xce3f2a23) mem 0x8000d000 0x00000001
core   0: 0x8000b314 (0xff9ff06f) j       pc - 0x8
core   0: 3 0x8000b314 (0xff9ff06f)
core   0: 0x8000b30c (0x00002f17) auipc   t5, 0x2
core   0: 3 0x8000b30c (0x00002f17) x30 0x8000d30c
core   0: 0x8000b310 (0xce3f2a23) sw      gp, -780(t5)
core   0: 3 0x8000b310 (0xce3f2a23) mem 0x8000d000 0x00000001
core   0: 0x8000b314 (0xff9ff06f) j       pc - 0x8
core   0: 3 0x8000b314 (0xff9ff06f)
core   0: 0x8000b30c (0x00002f17) auipc   t5, 0x2
core   0: 3 0x8000b30c (0x00002f17) x30 0x8000d30c
core   0: 0x8000b310 (0xce3f2a23) sw      gp, -780(t5)
core   0: 3 0x8000b310 (0xce3f2a23) mem 0x8000d000 0x00000001
core   0: 0x8000b314 (0xff9ff06f) j       pc - 0x8
core   0: 3 0x8000b314 (0xff9ff06f)
core   0: 0x8000b30c (0x00002f17) auipc   t5, 0x2
core   0: 3 0x8000b30c (0x00002f17) x30 0x8000d30c
core   0: 0x8000b310 (0xce3f2a23) sw      gp, -780(t5)
core   0: 3 0x8000b310 (0xce3f2a23) mem 0x8000d000 0x00000001
core   0: 0x8000b314 (0xff9ff06f) j       pc - 0x8
core   0: 3 0x8000b314 (0xff9ff06f)
core   0: 0x8000b30c (0x00002f17) auipc   t5, 0x2
core   0: 3 0x8000b30c (0x00002f17) x30 0x8000d30c
core   0: 0x8000b310 (0xce3f2a23) sw      gp, -780(t5)
core   0: 3 0x8000b310 (0xce3f2a23) mem 0x8000d000 0x00000001
core   0: 0x8000b314 (0xff9ff06f) j       pc - 0x8
core   0: 3 0x8000b314 (0xff9ff06f)
core   0: 0x8000b30c (0x00002f17) auipc   t5, 0x2
core   0: 3 0x8000b30c (0x00002f17) x30 0x8000d30c
core   0: 0x8000b310 (0xce3f2a23) sw      gp, -780(t5)
core   0: 3 0x8000b310 (0xce3f2a23) mem 0x8000d000 0x00000001
core   0: 0x8000b314 (0xff9ff06f) j       pc - 0x8
core   0: 3 0x8000b314 (0xff9ff06f)
core   0: 0x8000b30c (0x00002f17) auipc   t5, 0x2
core   0: 3 0x8000b30c (0x00002f17) x30 0x8000d30c
core   0: 0x8000b310 (0xce3f2a23) sw      gp, -780(t5)
core   0: 3 0x8000b310 (0xce3f2a23) mem 0x8000d000 0x00000001
core   0: 0x8000b314 (0xff9ff06f) j       pc - 0x8
core   0: 3 0x8000b314 (0xff9ff06f)
core   0: 0x8000b30c (0x00002f17) auipc   t5, 0x2
core   0: 3 0x8000b30c (0x00002f17) x30 0x8000d30c
core   0: 0x8000b310 (0xce3f2a23) sw      gp, -780(t5)
core   0: 3 0x8000b310 (0xce3f2a23) mem 0x8000d000 0x00000001
core   0: 0x8000b314 (0xff9ff06f) j       pc - 0x8
core   0: 3 0x8000b314 (0xff9ff06f)
core   0: 0x8000b30c (0x00002f17) auipc   t5, 0x2
core   0: 3 0x8000b30c (0x00002f17) x30 0x8000d30c
core   0: 0x8000b310 (0xce3f2a23) sw      gp, -780(t5)
core   0: 3 0x8000b310 (0xce3f2a23) mem 0x8000d000 0x00000001
core   0: 0x8000b314 (0xff9ff06f) j       pc - 0x8
core   0: 3 0x8000b314 (0xff9ff06f)
core   0: 0x8000b30c (0x00002f17) auipc   t5, 0x2
core   0: 3 0x8000b30c (0x00002f17) x30 0x8000d30c
core   0: 0x8000b310 (0xce3f2a23) sw      gp, -780(t5)
core   0: 3 0x8000b310 (0xce3f2a23) mem 0x8000d000 0x00000001
core   0: 0x8000b314 (0xff9ff06f) j       pc - 0x8
core   0: 3 0x8000b314 (0xff9ff06f)
core   0: 0x8000b30c (0x00002f17) auipc   t5, 0x2
core   0: 3 0x8000b30c (0x00002f17) x30 0x8000d30c
core   0: 0x8000b310 (0xce3f2a23) sw      gp, -780(t5)
core   0: 3 0x8000b310 (0xce3f2a23) mem 0x8000d000 0x00000001
core   0: 0x8000b314 (0xff9ff06f) j       pc - 0x8
core   0: 3 0x8000b314 (0xff9ff06f)
core   0: 0x8000b30c (0x00002f17) auipc   t5, 0x2
core   0: 3 0x8000b30c (0x00002f17) x30 0x8000d30c
core   0: 0x8000b310 (0xce3f2a23) sw      gp, -780(t5)
core   0: 3 0x8000b310 (0xce3f2a23) mem 0x8000d000 0x00000001
core   0: 0x8000b314 (0xff9ff06f) j       pc - 0x8
core   0: 3 0x8000b314 (0xff9ff06f)
core   0: 0x8000b30c (0x00002f17) auipc   t5, 0x2
core   0: 3 0x8000b30c (0x00002f17) x30 0x8000d30c
core   0: 0x8000b310 (0xce3f2a23) sw      gp, -780(t5)
core   0: 3 0x8000b310 (0xce3f2a23) mem 0x8000d000 0x00000001
core   0: 0x8000b314 (0xff9ff06f) j       pc - 0x8
core   0: 3 0x8000b314 (0xff9ff06f)
core   0: 0x8000b30c (0x00002f17) auipc   t5, 0x2
core   0: 3 0x8000b30c (0x00002f17) x30 0x8000d30c
core   0: 0x8000b310 (0xce3f2a23) sw      gp, -780(t5)
core   0: 3 0x8000b310 (0xce3f2a23) mem 0x8000d000 0x00000001
core   0: 0x8000b314 (0xff9ff06f) j       pc - 0x8
core   0: 3 0x8000b314 (0xff9ff06f)
core   0: 0x8000b30c (0x00002f17) auipc   t5, 0x2
core   0: 3 0x8000b30c (0x00002f17) x30 0x8000d30c
core   0: 0x8000b310 (0xce3f2a23) sw      gp, -780(t5)
core   0: 3 0x8000b310 (0xce3f2a23) mem 0x8000d000 0x00000001
core   0: 0x8000b314 (0xff9ff06f) j       pc - 0x8
core   0: 3 0x8000b314 (0xff9ff06f)
core   0: 0x8000b30c (0x00002f17) auipc   t5, 0x2
core   0: 3 0x8000b30c (0x00002f17) x30 0x8000d30c
core   0: 0x8000b310 (0xce3f2a23) sw      gp, -780(t5)
core   0: 3 0x8000b310 (0xce3f2a23) mem 0x8000d000 0x00000001
core   0: 0x8000b314 (0xff9ff06f) j       pc - 0x8
core   0: 3 0x8000b314 (0xff9ff06f)
core   0: 0x8000b30c (0x00002f17) auipc   t5, 0x2
core   0: 3 0x8000b30c (0x00002f17) x30 0x8000d30c
core   0: 0x8000b310 (0xce3f2a23) sw      gp, -780(t5)
core   0: 3 0x8000b310 (0xce3f2a23) mem 0x8000d000 0x00000001
core   0: 0x8000b314 (0xff9ff06f) j       pc - 0x8
core   0: 3 0x8000b314 (0xff9ff06f)
core   0: 0x8000b30c (0x00002f17) auipc   t5, 0x2
core   0: 3 0x8000b30c (0x00002f17) x30 0x8000d30c
core   0: 0x8000b310 (0xce3f2a23) sw      gp, -780(t5)
core   0: 3 0x8000b310 (0xce3f2a23) mem 0x8000d000 0x00000001
core   0: 0x8000b314 (0xff9ff06f) j       pc - 0x8
core   0: 3 0x8000b314 (0xff9ff06f)
core   0: 0x8000b30c (0x00002f17) auipc   t5, 0x2
core   0: 3 0x8000b30c (0x00002f17) x30 0x8000d30c
core   0: 0x8000b310 (0xce3f2a23) sw      gp, -780(t5)
core   0: 3 0x8000b310 (0xce3f2a23) mem 0x8000d000 0x00000001
core   0: 0x8000b314 (0xff9ff06f) j       pc - 0x8
core   0: 3 0x8000b314 (0xff9ff06f)
core   0: 0x8000b30c (0x00002f17) auipc   t5, 0x2
core   0: 3 0x8000b30c (0x00002f17) x30 0x8000d30c
core   0: 0x8000b310 (0xce3f2a23) sw      gp, -780(t5)
core   0: 3 0x8000b310 (0xce3f2a23) mem 0x8000d000 0x00000001
core   0: 0x8000b314 (0xff9ff06f) j       pc - 0x8
core   0: 3 0x8000b314 (0xff9ff06f)
core   0: 0x8000b30c (0x00002f17) auipc   t5, 0x2
core   0: 3 0x8000b30c (0x00002f17) x30 0x8000d30c
core   0: 0x8000b310 (0xce3f2a23) sw      gp, -780(t5)
core   0: 3 0x8000b310 (0xce3f2a23) mem 0x8000d000 0x00000001
core   0: 0x8000b314 (0xff9ff06f) j       pc - 0x8
core   0: 3 0x8000b314 (0xff9ff06f)
core   0: 0x8000b30c (0x00002f17) auipc   t5, 0x2
core   0: 3 0x8000b30c (0x00002f17) x30 0x8000d30c
core   0: 0x8000b310 (0xce3f2a23) sw      gp, -780(t5)
core   0: 3 0x8000b310 (0xce3f2a23) mem 0x8000d000 0x00000001
core   0: 0x8000b314 (0xff9ff06f) j       pc - 0x8
core   0: 3 0x8000b314 (0xff9ff06f)
core   0: 0x8000b30c (0x00002f17) auipc   t5, 0x2
core   0: 3 0x8000b30c (0x00002f17) x30 0x8000d30c
core   0: 0x8000b310 (0xce3f2a23) sw      gp, -780(t5)
core   0: 3 0x8000b310 (0xce3f2a23) mem 0x8000d000 0x00000001
core   0: 0x8000b314 (0xff9ff06f) j       pc - 0x8
core   0: 3 0x8000b314 (0xff9ff06f)
core   0: 0x8000b30c (0x00002f17) auipc   t5, 0x2
core   0: 3 0x8000b30c (0x00002f17) x30 0x8000d30c
core   0: 0x8000b310 (0xce3f2a23) sw      gp, -780(t5)
core   0: 3 0x8000b310 (0xce3f2a23) mem 0x8000d000 0x00000001
core   0: 0x8000b314 (0xff9ff06f) j       pc - 0x8
core   0: 3 0x8000b314 (0xff9ff06f)
core   0: 0x8000b30c (0x00002f17) auipc   t5, 0x2
core   0: 3 0x8000b30c (0x00002f17) x30 0x8000d30c
core   0: 0x8000b310 (0xce3f2a23) sw      gp, -780(t5)
core   0: 3 0x8000b310 (0xce3f2a23) mem 0x8000d000 0x00000001
core   0: 0x8000b314 (0xff9ff06f) j       pc - 0x8
core   0: 3 0x8000b314 (0xff9ff06f)
core   0: 0x8000b30c (0x00002f17) auipc   t5, 0x2
core   0: 3 0x8000b30c (0x00002f17) x30 0x8000d30c
core   0: 0x8000b310 (0xce3f2a23) sw      gp, -780(t5)
core   0: 3 0x8000b310 (0xce3f2a23) mem 0x8000d000 0x00000001
core   0: 0x8000b314 (0xff9ff06f) j       pc - 0x8
core   0: 3 0x8000b314 (0xff9ff06f)
core   0: 0x8000b30c (0x00002f17) auipc   t5, 0x2
core   0: 3 0x8000b30c (0x00002f17) x30 0x8000d30c
core   0: 0x8000b310 (0xce3f2a23) sw      gp, -780(t5)
core   0: 3 0x8000b310 (0xce3f2a23) mem 0x8000d000 0x00000001
core   0: 0x8000b314 (0xff9ff06f) j       pc - 0x8
core   0: 3 0x8000b314 (0xff9ff06f)
core   0: 0x8000b30c (0x00002f17) auipc   t5, 0x2
core   0: 3 0x8000b30c (0x00002f17) x30 0x8000d30c
core   0: 0x8000b310 (0xce3f2a23) sw      gp, -780(t5)
core   0: 3 0x8000b310 (0xce3f2a23) mem 0x8000d000 0x00000001
core   0: 0x8000b314 (0xff9ff06f) j       pc - 0x8
core   0: 3 0x8000b314 (0xff9ff06f)
core   0: 0x8000b30c (0x00002f17) auipc   t5, 0x2
core   0: 3 0x8000b30c (0x00002f17) x30 0x8000d30c
core   0: 0x8000b310 (0xce3f2a23) sw      gp, -780(t5)
core   0: 3 0x8000b310 (0xce3f2a23) mem 0x8000d000 0x00000001
core   0: 0x8000b314 (0xff9ff06f) j       pc - 0x8
core   0: 3 0x8000b314 (0xff9ff06f)
core   0: 0x8000b30c (0x00002f17) auipc   t5, 0x2
core   0: 3 0x8000b30c (0x00002f17) x30 0x8000d30c
core   0: 0x8000b310 (0xce3f2a23) sw      gp, -780(t5)
core   0: 3 0x8000b310 (0xce3f2a23) mem 0x8000d000 0x00000001
core   0: 0x8000b314 (0xff9ff06f) j       pc - 0x8
core   0: 3 0x8000b314 (0xff9ff06f)
core   0: 0x8000b30c (0x00002f17) auipc   t5, 0x2
core   0: 3 0x8000b30c (0x00002f17) x30 0x8000d30c
core   0: 0x8000b310 (0xce3f2a23) sw      gp, -780(t5)
core   0: 3 0x8000b310 (0xce3f2a23) mem 0x8000d000 0x00000001
core   0: 0x8000b314 (0xff9ff06f) j       pc - 0x8
core   0: 3 0x8000b314 (0xff9ff06f)
core   0: 0x8000b30c (0x00002f17) auipc   t5, 0x2
core   0: 3 0x8000b30c (0x00002f17) x30 0x8000d30c
core   0: 0x8000b310 (0xce3f2a23) sw      gp, -780(t5)
core   0: 3 0x8000b310 (0xce3f2a23) mem 0x8000d000 0x00000001
core   0: 0x8000b314 (0xff9ff06f) j       pc - 0x8
core   0: 3 0x8000b314 (0xff9ff06f)
core   0: 0x8000b30c (0x00002f17) auipc   t5, 0x2
core   0: 3 0x8000b30c (0x00002f17) x30 0x8000d30c
core   0: 0x8000b310 (0xce3f2a23) sw      gp, -780(t5)
core   0: 3 0x8000b310 (0xce3f2a23) mem 0x8000d000 0x00000001
core   0: 0x8000b314 (0xff9ff06f) j       pc - 0x8
core   0: 3 0x8000b314 (0xff9ff06f)
core   0: 0x8000b30c (0x00002f17) auipc   t5, 0x2
core   0: 3 0x8000b30c (0x00002f17) x30 0x8000d30c
core   0: 0x8000b310 (0xce3f2a23) sw      gp, -780(t5)
core   0: 3 0x8000b310 (0xce3f2a23) mem 0x8000d000 0x00000001
core   0: 0x8000b314 (0xff9ff06f) j       pc - 0x8
core   0: 3 0x8000b314 (0xff9ff06f)
core   0: 0x8000b30c (0x00002f17) auipc   t5, 0x2
core   0: 3 0x8000b30c (0x00002f17) x30 0x8000d30c
core   0: 0x8000b310 (0xce3f2a23) sw      gp, -780(t5)
core   0: 3 0x8000b310 (0xce3f2a23) mem 0x8000d000 0x00000001
core   0: 0x8000b314 (0xff9ff06f) j       pc - 0x8
core   0: 3 0x8000b314 (0xff9ff06f)
core   0: 0x8000b30c (0x00002f17) auipc   t5, 0x2
core   0: 3 0x8000b30c (0x00002f17) x30 0x8000d30c
core   0: 0x8000b310 (0xce3f2a23) sw      gp, -780(t5)
core   0: 3 0x8000b310 (0xce3f2a23) mem 0x8000d000 0x00000001
core   0: 0x8000b314 (0xff9ff06f) j       pc - 0x8
core   0: 3 0x8000b314 (0xff9ff06f)
core   0: 0x8000b30c (0x00002f17) auipc   t5, 0x2
core   0: 3 0x8000b30c (0x00002f17) x30 0x8000d30c
core   0: 0x8000b310 (0xce3f2a23) sw      gp, -780(t5)
core   0: 3 0x8000b310 (0xce3f2a23) mem 0x8000d000 0x00000001
core   0: 0x8000b314 (0xff9ff06f) j       pc - 0x8
core   0: 3 0x8000b314 (0xff9ff06f)
core   0: 0x8000b30c (0x00002f17) auipc   t5, 0x2
core   0: 3 0x8000b30c (0x00002f17) x30 0x8000d30c
core   0: 0x8000b310 (0xce3f2a23) sw      gp, -780(t5)
core   0: 3 0x8000b310 (0xce3f2a23) mem 0x8000d000 0x00000001
core   0: 0x8000b314 (0xff9ff06f) j       pc - 0x8
core   0: 3 0x8000b314 (0xff9ff06f)
core   0: 0x8000b30c (0x00002f17) auipc   t5, 0x2
core   0: 3 0x8000b30c (0x00002f17) x30 0x8000d30c
core   0: 0x8000b310 (0xce3f2a23) sw      gp, -780(t5)
core   0: 3 0x8000b310 (0xce3f2a23) mem 0x8000d000 0x00000001
core   0: 0x8000b314 (0xff9ff06f) j       pc - 0x8
core   0: 3 0x8000b314 (0xff9ff06f)
core   0: 0x8000b30c (0x00002f17) auipc   t5, 0x2
core   0: 3 0x8000b30c (0x00002f17) x30 0x8000d30c
core   0: 0x8000b310 (0xce3f2a23) sw      gp, -780(t5)
core   0: 3 0x8000b310 (0xce3f2a23) mem 0x8000d000 0x00000001
core   0: 0x8000b314 (0xff9ff06f) j       pc - 0x8
core   0: 3 0x8000b314 (0xff9ff06f)
core   0: 0x8000b30c (0x00002f17) auipc   t5, 0x2
core   0: 3 0x8000b30c (0x00002f17) x30 0x8000d30c
core   0: 0x8000b310 (0xce3f2a23) sw      gp, -780(t5)
core   0: 3 0x8000b310 (0xce3f2a23) mem 0x8000d000 0x00000001
core   0: 0x8000b314 (0xff9ff06f) j       pc - 0x8
core   0: 3 0x8000b314 (0xff9ff06f)
core   0: 0x8000b30c (0x00002f17) auipc   t5, 0x2
core   0: 3 0x8000b30c (0x00002f17) x30 0x8000d30c
core   0: 0x8000b310 (0xce3f2a23) sw      gp, -780(t5)
core   0: 3 0x8000b310 (0xce3f2a23) mem 0x8000d000 0x00000001
core   0: 0x8000b314 (0xff9ff06f) j       pc - 0x8
core   0: 3 0x8000b314 (0xff9ff06f)
core   0: 0x8000b30c (0x00002f17) auipc   t5, 0x2
core   0: 3 0x8000b30c (0x00002f17) x30 0x8000d30c
core   0: 0x8000b310 (0xce3f2a23) sw      gp, -780(t5)
core   0: 3 0x8000b310 (0xce3f2a23) mem 0x8000d000 0x00000001
core   0: 0x8000b314 (0xff9ff06f) j       pc - 0x8
core   0: 3 0x8000b314 (0xff9ff06f)
core   0: 0x8000b30c (0x00002f17) auipc   t5, 0x2
core   0: 3 0x8000b30c (0x00002f17) x30 0x8000d30c
core   0: 0x8000b310 (0xce3f2a23) sw      gp, -780(t5)
core   0: 3 0x8000b310 (0xce3f2a23) mem 0x8000d000 0x00000001
core   0: 0x8000b314 (0xff9ff06f) j       pc - 0x8
core   0: 3 0x8000b314 (0xff9ff06f)
core   0: 0x8000b30c (0x00002f17) auipc   t5, 0x2
core   0: 3 0x8000b30c (0x00002f17) x30 0x8000d30c
core   0: 0x8000b310 (0xce3f2a23) sw      gp, -780(t5)
core   0: 3 0x8000b310 (0xce3f2a23) mem 0x8000d000 0x00000001
core   0: 0x8000b314 (0xff9ff06f) j       pc - 0x8
core   0: 3 0x8000b314 (0xff9ff06f)
core   0: 0x8000b30c (0x00002f17) auipc   t5, 0x2
core   0: 3 0x8000b30c (0x00002f17) x30 0x8000d30c
core   0: 0x8000b310 (0xce3f2a23) sw      gp, -780(t5)
core   0: 3 0x8000b310 (0xce3f2a23) mem 0x8000d000 0x00000001
core   0: 0x8000b314 (0xff9ff06f) j       pc - 0x8
core   0: 3 0x8000b314 (0xff9ff06f)
core   0: 0x8000b30c (0x00002f17) auipc   t5, 0x2
core   0: 3 0x8000b30c (0x00002f17) x30 0x8000d30c
core   0: 0x8000b310 (0xce3f2a23) sw      gp, -780(t5)
core   0: 3 0x8000b310 (0xce3f2a23) mem 0x8000d000 0x00000001
core   0: 0x8000b314 (0xff9ff06f) j       pc - 0x8
core   0: 3 0x8000b314 (0xff9ff06f)
core   0: 0x8000b30c (0x00002f17) auipc   t5, 0x2
core   0: 3 0x8000b30c (0x00002f17) x30 0x8000d30c
core   0: 0x8000b310 (0xce3f2a23) sw      gp, -780(t5)
core   0: 3 0x8000b310 (0xce3f2a23) mem 0x8000d000 0x00000001
core   0: 0x8000b314 (0xff9ff06f) j       pc - 0x8
core   0: 3 0x8000b314 (0xff9ff06f)
core   0: 0x8000b30c (0x00002f17) auipc   t5, 0x2
core   0: 3 0x8000b30c (0x00002f17) x30 0x8000d30c
core   0: 0x8000b310 (0xce3f2a23) sw      gp, -780(t5)
core   0: 3 0x8000b310 (0xce3f2a23) mem 0x8000d000 0x00000001
core   0: 0x8000b314 (0xff9ff06f) j       pc - 0x8
core   0: 3 0x8000b314 (0xff9ff06f)
core   0: 0x8000b30c (0x00002f17) auipc   t5, 0x2
core   0: 3 0x8000b30c (0x00002f17) x30 0x8000d30c
core   0: 0x8000b310 (0xce3f2a23) sw      gp, -780(t5)
core   0: 3 0x8000b310 (0xce3f2a23) mem 0x8000d000 0x00000001
core   0: 0x8000b314 (0xff9ff06f) j       pc - 0x8
core   0: 3 0x8000b314 (0xff9ff06f)
core   0: 0x8000b30c (0x00002f17) auipc   t5, 0x2
core   0: 3 0x8000b30c (0x00002f17) x30 0x8000d30c
core   0: 0x8000b310 (0xce3f2a23) sw      gp, -780(t5)
core   0: 3 0x8000b310 (0xce3f2a23) mem 0x8000d000 0x00000001
core   0: 0x8000b314 (0xff9ff06f) j       pc - 0x8
core   0: 3 0x8000b314 (0xff9ff06f)
core   0: 0x8000b30c (0x00002f17) auipc   t5, 0x2
core   0: 3 0x8000b30c (0x00002f17) x30 0x8000d30c
core   0: 0x8000b310 (0xce3f2a23) sw      gp, -780(t5)
core   0: 3 0x8000b310 (0xce3f2a23) mem 0x8000d000 0x00000001
core   0: 0x8000b314 (0xff9ff06f) j       pc - 0x8
core   0: 3 0x8000b314 (0xff9ff06f)
core   0: 0x8000b30c (0x00002f17) auipc   t5, 0x2
core   0: 3 0x8000b30c (0x00002f17) x30 0x8000d30c
core   0: 0x8000b310 (0xce3f2a23) sw      gp, -780(t5)
core   0: 3 0x8000b310 (0xce3f2a23) mem 0x8000d000 0x00000001
core   0: 0x8000b314 (0xff9ff06f) j       pc - 0x8
core   0: 3 0x8000b314 (0xff9ff06f)
core   0: 0x8000b30c (0x00002f17) auipc   t5, 0x2
core   0: 3 0x8000b30c (0x00002f17) x30 0x8000d30c
core   0: 0x8000b310 (0xce3f2a23) sw      gp, -780(t5)
core   0: 3 0x8000b310 (0xce3f2a23) mem 0x8000d000 0x00000001
core   0: 0x8000b314 (0xff9ff06f) j       pc - 0x8
core   0: 3 0x8000b314 (0xff9ff06f)
core   0: 0x8000b30c (0x00002f17) auipc   t5, 0x2
core   0: 3 0x8000b30c (0x00002f17) x30 0x8000d30c
core   0: 0x8000b310 (0xce3f2a23) sw      gp, -780(t5)
core   0: 3 0x8000b310 (0xce3f2a23) mem 0x8000d000 0x00000001
core   0: 0x8000b314 (0xff9ff06f) j       pc - 0x8
core   0: 3 0x8000b314 (0xff9ff06f)
core   0: 0x8000b30c (0x00002f17) auipc   t5, 0x2
core   0: 3 0x8000b30c (0x00002f17) x30 0x8000d30c
core   0: 0x8000b310 (0xce3f2a23) sw      gp, -780(t5)
core   0: 3 0x8000b310 (0xce3f2a23) mem 0x8000d000 0x00000001
core   0: 0x8000b314 (0xff9ff06f) j       pc - 0x8
core   0: 3 0x8000b314 (0xff9ff06f)
core   0: 0x8000b30c (0x00002f17) auipc   t5, 0x2
core   0: 3 0x8000b30c (0x00002f17) x30 0x8000d30c
core   0: 0x8000b310 (0xce3f2a23) sw      gp, -780(t5)
core   0: 3 0x8000b310 (0xce3f2a23) mem 0x8000d000 0x00000001
core   0: 0x8000b314 (0xff9ff06f) j       pc - 0x8
core   0: 3 0x8000b314 (0xff9ff06f)
core   0: 0x8000b30c (0x00002f17) auipc   t5, 0x2
core   0: 3 0x8000b30c (0x00002f17) x30 0x8000d30c
core   0: 0x8000b310 (0xce3f2a23) sw      gp, -780(t5)
core   0: 3 0x8000b310 (0xce3f2a23) mem 0x8000d000 0x00000001
core   0: 0x8000b314 (0xff9ff06f) j       pc - 0x8
core   0: 3 0x8000b314 (0xff9ff06f)
core   0: 0x8000b30c (0x00002f17) auipc   t5, 0x2
core   0: 3 0x8000b30c (0x00002f17) x30 0x8000d30c
core   0: 0x8000b310 (0xce3f2a23) sw      gp, -780(t5)
core   0: 3 0x8000b310 (0xce3f2a23) mem 0x8000d000 0x00000001
core   0: 0x8000b314 (0xff9ff06f) j       pc - 0x8
core   0: 3 0x8000b314 (0xff9ff06f)
core   0: 0x8000b30c (0x00002f17) auipc   t5, 0x2
core   0: 3 0x8000b30c (0x00002f17) x30 0x8000d30c
core   0: 0x8000b310 (0xce3f2a23) sw      gp, -780(t5)
core   0: 3 0x8000b310 (0xce3f2a23) mem 0x8000d000 0x00000001
core   0: 0x8000b314 (0xff9ff06f) j       pc - 0x8
core   0: 3 0x8000b314 (0xff9ff06f)
core   0: 0x8000b30c (0x00002f17) auipc   t5, 0x2
core   0: 3 0x8000b30c (0x00002f17) x30 0x8000d30c
core   0: 0x8000b310 (0xce3f2a23) sw      gp, -780(t5)
core   0: 3 0x8000b310 (0xce3f2a23) mem 0x8000d000 0x00000001
core   0: 0x8000b314 (0xff9ff06f) j       pc - 0x8
core   0: 3 0x8000b314 (0xff9ff06f)
core   0: 0x8000b30c (0x00002f17) auipc   t5, 0x2
core   0: 3 0x8000b30c (0x00002f17) x30 0x8000d30c
core   0: 0x8000b310 (0xce3f2a23) sw      gp, -780(t5)
core   0: 3 0x8000b310 (0xce3f2a23) mem 0x8000d000 0x00000001
core   0: 0x8000b314 (0xff9ff06f) j       pc - 0x8
core   0: 3 0x8000b314 (0xff9ff06f)
core   0: 0x8000b30c (0x00002f17) auipc   t5, 0x2
core   0: 3 0x8000b30c (0x00002f17) x30 0x8000d30c
core   0: 0x8000b310 (0xce3f2a23) sw      gp, -780(t5)
core   0: 3 0x8000b310 (0xce3f2a23) mem 0x8000d000 0x00000001
core   0: 0x8000b314 (0xff9ff06f) j       pc - 0x8
core   0: 3 0x8000b314 (0xff9ff06f)
core   0: 0x8000b30c (0x00002f17) auipc   t5, 0x2
core   0: 3 0x8000b30c (0x00002f17) x30 0x8000d30c
core   0: 0x8000b310 (0xce3f2a23) sw      gp, -780(t5)
core   0: 3 0x8000b310 (0xce3f2a23) mem 0x8000d000 0x00000001
core   0: 0x8000b314 (0xff9ff06f) j       pc - 0x8
core   0: 3 0x8000b314 (0xff9ff06f)
core   0: 0x8000b30c (0x00002f17) auipc   t5, 0x2
core   0: 3 0x8000b30c (0x00002f17) x30 0x8000d30c
core   0: 0x8000b310 (0xce3f2a23) sw      gp, -780(t5)
core   0: 3 0x8000b310 (0xce3f2a23) mem 0x8000d000 0x00000001
core   0: 0x8000b314 (0xff9ff06f) j       pc - 0x8
core   0: 3 0x8000b314 (0xff9ff06f)
core   0: 0x8000b30c (0x00002f17) auipc   t5, 0x2
core   0: 3 0x8000b30c (0x00002f17) x30 0x8000d30c
core   0: 0x8000b310 (0xce3f2a23) sw      gp, -780(t5)
core   0: 3 0x8000b310 (0xce3f2a23) mem 0x8000d000 0x00000001
core   0: 0x8000b314 (0xff9ff06f) j       pc - 0x8
core   0: 3 0x8000b314 (0xff9ff06f)
core   0: 0x8000b30c (0x00002f17) auipc   t5, 0x2
core   0: 3 0x8000b30c (0x00002f17) x30 0x8000d30c
core   0: 0x8000b310 (0xce3f2a23) sw      gp, -780(t5)
core   0: 3 0x8000b310 (0xce3f2a23) mem 0x8000d000 0x00000001
core   0: 0x8000b314 (0xff9ff06f) j       pc - 0x8
core   0: 3 0x8000b314 (0xff9ff06f)
core   0: 0x8000b30c (0x00002f17) auipc   t5, 0x2
core   0: 3 0x8000b30c (0x00002f17) x30 0x8000d30c
core   0: 0x8000b310 (0xce3f2a23) sw      gp, -780(t5)
core   0: 3 0x8000b310 (0xce3f2a23) mem 0x8000d000 0x00000001
core   0: 0x8000b314 (0xff9ff06f) j       pc - 0x8
core   0: 3 0x8000b314 (0xff9ff06f)
core   0: 0x8000b30c (0x00002f17) auipc   t5, 0x2
core   0: 3 0x8000b30c (0x00002f17) x30 0x8000d30c
core   0: 0x8000b310 (0xce3f2a23) sw      gp, -780(t5)
core   0: 3 0x8000b310 (0xce3f2a23) mem 0x8000d000 0x00000001
core   0: 0x8000b314 (0xff9ff06f) j       pc - 0x8
core   0: 3 0x8000b314 (0xff9ff06f)
core   0: 0x8000b30c (0x00002f17) auipc   t5, 0x2
core   0: 3 0x8000b30c (0x00002f17) x30 0x8000d30c
core   0: 0x8000b310 (0xce3f2a23) sw      gp, -780(t5)
core   0: 3 0x8000b310 (0xce3f2a23) mem 0x8000d000 0x00000001
core   0: 0x8000b314 (0xff9ff06f) j       pc - 0x8
core   0: 3 0x8000b314 (0xff9ff06f)
core   0: 0x8000b30c (0x00002f17) auipc   t5, 0x2
core   0: 3 0x8000b30c (0x00002f17) x30 0x8000d30c
core   0: 0x8000b310 (0xce3f2a23) sw      gp, -780(t5)
core   0: 3 0x8000b310 (0xce3f2a23) mem 0x8000d000 0x00000001
core   0: 0x8000b314 (0xff9ff06f) j       pc - 0x8
core   0: 3 0x8000b314 (0xff9ff06f)
core   0: 0x8000b30c (0x00002f17) auipc   t5, 0x2
core   0: 3 0x8000b30c (0x00002f17) x30 0x8000d30c
core   0: 0x8000b310 (0xce3f2a23) sw      gp, -780(t5)
core   0: 3 0x8000b310 (0xce3f2a23) mem 0x8000d000 0x00000001
core   0: 0x8000b314 (0xff9ff06f) j       pc - 0x8
core   0: 3 0x8000b314 (0xff9ff06f)
core   0: 0x8000b30c (0x00002f17) auipc   t5, 0x2
core   0: 3 0x8000b30c (0x00002f17) x30 0x8000d30c
core   0: 0x8000b310 (0xce3f2a23) sw      gp, -780(t5)
core   0: 3 0x8000b310 (0xce3f2a23) mem 0x8000d000 0x00000001
core   0: 0x8000b314 (0xff9ff06f) j       pc - 0x8
core   0: 3 0x8000b314 (0xff9ff06f)
core   0: 0x8000b30c (0x00002f17) auipc   t5, 0x2
core   0: 3 0x8000b30c (0x00002f17) x30 0x8000d30c
core   0: 0x8000b310 (0xce3f2a23) sw      gp, -780(t5)
core   0: 3 0x8000b310 (0xce3f2a23) mem 0x8000d000 0x00000001
core   0: 0x8000b314 (0xff9ff06f) j       pc - 0x8
core   0: 3 0x8000b314 (0xff9ff06f)
core   0: 0x8000b30c (0x00002f17) auipc   t5, 0x2
core   0: 3 0x8000b30c (0x00002f17) x30 0x8000d30c
core   0: 0x8000b310 (0xce3f2a23) sw      gp, -780(t5)
core   0: 3 0x8000b310 (0xce3f2a23) mem 0x8000d000 0x00000001
core   0: 0x8000b314 (0xff9ff06f) j       pc - 0x8
core   0: 3 0x8000b314 (0xff9ff06f)
core   0: 0x8000b30c (0x00002f17) auipc   t5, 0x2
core   0: 3 0x8000b30c (0x00002f17) x30 0x8000d30c
core   0: 0x8000b310 (0xce3f2a23) sw      gp, -780(t5)
core   0: 3 0x8000b310 (0xce3f2a23) mem 0x8000d000 0x00000001
core   0: 0x8000b314 (0xff9ff06f) j       pc - 0x8
core   0: 3 0x8000b314 (0xff9ff06f)
core   0: 0x8000b30c (0x00002f17) auipc   t5, 0x2
core   0: 3 0x8000b30c (0x00002f17) x30 0x8000d30c
core   0: 0x8000b310 (0xce3f2a23) sw      gp, -780(t5)
core   0: 3 0x8000b310 (0xce3f2a23) mem 0x8000d000 0x00000001
core   0: 0x8000b314 (0xff9ff06f) j       pc - 0x8
core   0: 3 0x8000b314 (0xff9ff06f)
core   0: 0x8000b30c (0x00002f17) auipc   t5, 0x2
core   0: 3 0x8000b30c (0x00002f17) x30 0x8000d30c
core   0: 0x8000b310 (0xce3f2a23) sw      gp, -780(t5)
core   0: 3 0x8000b310 (0xce3f2a23) mem 0x8000d000 0x00000001
core   0: 0x8000b314 (0xff9ff06f) j       pc - 0x8
core   0: 3 0x8000b314 (0xff9ff06f)
core   0: 0x8000b30c (0x00002f17) auipc   t5, 0x2
core   0: 3 0x8000b30c (0x00002f17) x30 0x8000d30c
core   0: 0x8000b310 (0xce3f2a23) sw      gp, -780(t5)
core   0: 3 0x8000b310 (0xce3f2a23) mem 0x8000d000 0x00000001
core   0: 0x8000b314 (0xff9ff06f) j       pc - 0x8
core   0: 3 0x8000b314 (0xff9ff06f)
core   0: 0x8000b30c (0x00002f17) auipc   t5, 0x2
core   0: 3 0x8000b30c (0x00002f17) x30 0x8000d30c
core   0: 0x8000b310 (0xce3f2a23) sw      gp, -780(t5)
core   0: 3 0x8000b310 (0xce3f2a23) mem 0x8000d000 0x00000001
core   0: 0x8000b314 (0xff9ff06f) j       pc - 0x8
core   0: 3 0x8000b314 (0xff9ff06f)
core   0: 0x8000b30c (0x00002f17) auipc   t5, 0x2
core   0: 3 0x8000b30c (0x00002f17) x30 0x8000d30c
core   0: 0x8000b310 (0xce3f2a23) sw      gp, -780(t5)
core   0: 3 0x8000b310 (0xce3f2a23) mem 0x8000d000 0x00000001
core   0: 0x8000b314 (0xff9ff06f) j       pc - 0x8
core   0: 3 0x8000b314 (0xff9ff06f)
core   0: 0x8000b30c (0x00002f17) auipc   t5, 0x2
core   0: 3 0x8000b30c (0x00002f17) x30 0x8000d30c
core   0: 0x8000b310 (0xce3f2a23) sw      gp, -780(t5)
core   0: 3 0x8000b310 (0xce3f2a23) mem 0x8000d000 0x00000001
core   0: 0x8000b314 (0xff9ff06f) j       pc - 0x8
core   0: 3 0x8000b314 (0xff9ff06f)
core   0: 0x8000b30c (0x00002f17) auipc   t5, 0x2
core   0: 3 0x8000b30c (0x00002f17) x30 0x8000d30c
core   0: 0x8000b310 (0xce3f2a23) sw      gp, -780(t5)
core   0: 3 0x8000b310 (0xce3f2a23) mem 0x8000d000 0x00000001
core   0: 0x8000b314 (0xff9ff06f) j       pc - 0x8
core   0: 3 0x8000b314 (0xff9ff06f)
core   0: 0x8000b30c (0x00002f17) auipc   t5, 0x2
core   0: 3 0x8000b30c (0x00002f17) x30 0x8000d30c
core   0: 0x8000b310 (0xce3f2a23) sw      gp, -780(t5)
core   0: 3 0x8000b310 (0xce3f2a23) mem 0x8000d000 0x00000001
core   0: 0x8000b314 (0xff9ff06f) j       pc - 0x8
core   0: 3 0x8000b314 (0xff9ff06f)
core   0: 0x8000b30c (0x00002f17) auipc   t5, 0x2
core   0: 3 0x8000b30c (0x00002f17) x30 0x8000d30c
core   0: 0x8000b310 (0xce3f2a23) sw      gp, -780(t5)
core   0: 3 0x8000b310 (0xce3f2a23) mem 0x8000d000 0x00000001
core   0: 0x8000b314 (0xff9ff06f) j       pc - 0x8
core   0: 3 0x8000b314 (0xff9ff06f)
core   0: 0x8000b30c (0x00002f17) auipc   t5, 0x2
core   0: 3 0x8000b30c (0x00002f17) x30 0x8000d30c
core   0: 0x8000b310 (0xce3f2a23) sw      gp, -780(t5)
core   0: 3 0x8000b310 (0xce3f2a23) mem 0x8000d000 0x00000001
core   0: 0x8000b314 (0xff9ff06f) j       pc - 0x8
core   0: 3 0x8000b314 (0xff9ff06f)
core   0: 0x8000b30c (0x00002f17) auipc   t5, 0x2
core   0: 3 0x8000b30c (0x00002f17) x30 0x8000d30c
core   0: 0x8000b310 (0xce3f2a23) sw      gp, -780(t5)
core   0: 3 0x8000b310 (0xce3f2a23) mem 0x8000d000 0x00000001
core   0: 0x8000b314 (0xff9ff06f) j       pc - 0x8
core   0: 3 0x8000b314 (0xff9ff06f)
core   0: 0x8000b30c (0x00002f17) auipc   t5, 0x2
core   0: 3 0x8000b30c (0x00002f17) x30 0x8000d30c
core   0: 0x8000b310 (0xce3f2a23) sw      gp, -780(t5)
core   0: 3 0x8000b310 (0xce3f2a23) mem 0x8000d000 0x00000001
core   0: 0x8000b314 (0xff9ff06f) j       pc - 0x8
core   0: 3 0x8000b314 (0xff9ff06f)
core   0: 0x8000b30c (0x00002f17) auipc   t5, 0x2
core   0: 3 0x8000b30c (0x00002f17) x30 0x8000d30c
core   0: 0x8000b310 (0xce3f2a23) sw      gp, -780(t5)
core   0: 3 0x8000b310 (0xce3f2a23) mem 0x8000d000 0x00000001
core   0: 0x8000b314 (0xff9ff06f) j       pc - 0x8
core   0: 3 0x8000b314 (0xff9ff06f)
core   0: 0x8000b30c (0x00002f17) auipc   t5, 0x2
core   0: 3 0x8000b30c (0x00002f17) x30 0x8000d30c
core   0: 0x8000b310 (0xce3f2a23) sw      gp, -780(t5)
core   0: 3 0x8000b310 (0xce3f2a23) mem 0x8000d000 0x00000001
core   0: 0x8000b314 (0xff9ff06f) j       pc - 0x8
core   0: 3 0x8000b314 (0xff9ff06f)
core   0: 0x8000b30c (0x00002f17) auipc   t5, 0x2
core   0: 3 0x8000b30c (0x00002f17) x30 0x8000d30c
core   0: 0x8000b310 (0xce3f2a23) sw      gp, -780(t5)
core   0: 3 0x8000b310 (0xce3f2a23) mem 0x8000d000 0x00000001
core   0: 0x8000b314 (0xff9ff06f) j       pc - 0x8
core   0: 3 0x8000b314 (0xff9ff06f)
core   0: 0x8000b30c (0x00002f17) auipc   t5, 0x2
core   0: 3 0x8000b30c (0x00002f17) x30 0x8000d30c
core   0: 0x8000b310 (0xce3f2a23) sw      gp, -780(t5)
core   0: 3 0x8000b310 (0xce3f2a23) mem 0x8000d000 0x00000001
core   0: 0x8000b314 (0xff9ff06f) j       pc - 0x8
core   0: 3 0x8000b314 (0xff9ff06f)
core   0: 0x8000b30c (0x00002f17) auipc   t5, 0x2
core   0: 3 0x8000b30c (0x00002f17) x30 0x8000d30c
core   0: 0x8000b310 (0xce3f2a23) sw      gp, -780(t5)
core   0: 3 0x8000b310 (0xce3f2a23) mem 0x8000d000 0x00000001
core   0: 0x8000b314 (0xff9ff06f) j       pc - 0x8
core   0: 3 0x8000b314 (0xff9ff06f)
core   0: 0x8000b30c (0x00002f17) auipc   t5, 0x2
core   0: 3 0x8000b30c (0x00002f17) x30 0x8000d30c
core   0: 0x8000b310 (0xce3f2a23) sw      gp, -780(t5)
core   0: 3 0x8000b310 (0xce3f2a23) mem 0x8000d000 0x00000001
core   0: 0x8000b314 (0xff9ff06f) j       pc - 0x8
core   0: 3 0x8000b314 (0xff9ff06f)
core   0: 0x8000b30c (0x00002f17) auipc   t5, 0x2
core   0: 3 0x8000b30c (0x00002f17) x30 0x8000d30c
core   0: 0x8000b310 (0xce3f2a23) sw      gp, -780(t5)
core   0: 3 0x8000b310 (0xce3f2a23) mem 0x8000d000 0x00000001
core   0: 0x8000b314 (0xff9ff06f) j       pc - 0x8
core   0: 3 0x8000b314 (0xff9ff06f)
core   0: 0x8000b30c (0x00002f17) auipc   t5, 0x2
core   0: 3 0x8000b30c (0x00002f17) x30 0x8000d30c
core   0: 0x8000b310 (0xce3f2a23) sw      gp, -780(t5)
core   0: 3 0x8000b310 (0xce3f2a23) mem 0x8000d000 0x00000001
core   0: 0x8000b314 (0xff9ff06f) j       pc - 0x8
core   0: 3 0x8000b314 (0xff9ff06f)
core   0: 0x8000b30c (0x00002f17) auipc   t5, 0x2
core   0: 3 0x8000b30c (0x00002f17) x30 0x8000d30c
core   0: 0x8000b310 (0xce3f2a23) sw      gp, -780(t5)
core   0: 3 0x8000b310 (0xce3f2a23) mem 0x8000d000 0x00000001
core   0: 0x8000b314 (0xff9ff06f) j       pc - 0x8
core   0: 3 0x8000b314 (0xff9ff06f)
core   0: 0x8000b30c (0x00002f17) auipc   t5, 0x2
core   0: 3 0x8000b30c (0x00002f17) x30 0x8000d30c
core   0: 0x8000b310 (0xce3f2a23) sw      gp, -780(t5)
core   0: 3 0x8000b310 (0xce3f2a23) mem 0x8000d000 0x00000001
core   0: 0x8000b314 (0xff9ff06f) j       pc - 0x8
core   0: 3 0x8000b314 (0xff9ff06f)
core   0: 0x8000b30c (0x00002f17) auipc   t5, 0x2
core   0: 3 0x8000b30c (0x00002f17) x30 0x8000d30c
core   0: 0x8000b310 (0xce3f2a23) sw      gp, -780(t5)
core   0: 3 0x8000b310 (0xce3f2a23) mem 0x8000d000 0x00000001
core   0: 0x8000b314 (0xff9ff06f) j       pc - 0x8
core   0: 3 0x8000b314 (0xff9ff06f)
core   0: 0x8000b30c (0x00002f17) auipc   t5, 0x2
core   0: 3 0x8000b30c (0x00002f17) x30 0x8000d30c
core   0: 0x8000b310 (0xce3f2a23) sw      gp, -780(t5)
core   0: 3 0x8000b310 (0xce3f2a23) mem 0x8000d000 0x00000001
core   0: 0x8000b314 (0xff9ff06f) j       pc - 0x8
core   0: 3 0x8000b314 (0xff9ff06f)
core   0: 0x8000b30c (0x00002f17) auipc   t5, 0x2
core   0: 3 0x8000b30c (0x00002f17) x30 0x8000d30c
core   0: 0x8000b310 (0xce3f2a23) sw      gp, -780(t5)
core   0: 3 0x8000b310 (0xce3f2a23) mem 0x8000d000 0x00000001
core   0: 0x8000b314 (0xff9ff06f) j       pc - 0x8
core   0: 3 0x8000b314 (0xff9ff06f)
core   0: 0x8000b30c (0x00002f17) auipc   t5, 0x2
core   0: 3 0x8000b30c (0x00002f17) x30 0x8000d30c
core   0: 0x8000b310 (0xce3f2a23) sw      gp, -780(t5)
core   0: 3 0x8000b310 (0xce3f2a23) mem 0x8000d000 0x00000001
core   0: 0x8000b314 (0xff9ff06f) j       pc - 0x8
core   0: 3 0x8000b314 (0xff9ff06f)
core   0: 0x8000b30c (0x00002f17) auipc   t5, 0x2
core   0: 3 0x8000b30c (0x00002f17) x30 0x8000d30c
core   0: 0x8000b310 (0xce3f2a23) sw      gp, -780(t5)
core   0: 3 0x8000b310 (0xce3f2a23) mem 0x8000d000 0x00000001
core   0: 0x8000b314 (0xff9ff06f) j       pc - 0x8
core   0: 3 0x8000b314 (0xff9ff06f)
core   0: 0x8000b30c (0x00002f17) auipc   t5, 0x2
core   0: 3 0x8000b30c (0x00002f17) x30 0x8000d30c
core   0: 0x8000b310 (0xce3f2a23) sw      gp, -780(t5)
core   0: 3 0x8000b310 (0xce3f2a23) mem 0x8000d000 0x00000001
core   0: 0x8000b314 (0xff9ff06f) j       pc - 0x8
core   0: 3 0x8000b314 (0xff9ff06f)
core   0: 0x8000b30c (0x00002f17) auipc   t5, 0x2
core   0: 3 0x8000b30c (0x00002f17) x30 0x8000d30c
core   0: 0x8000b310 (0xce3f2a23) sw      gp, -780(t5)
core   0: 3 0x8000b310 (0xce3f2a23) mem 0x8000d000 0x00000001
core   0: 0x8000b314 (0xff9ff06f) j       pc - 0x8
core   0: 3 0x8000b314 (0xff9ff06f)
core   0: 0x8000b30c (0x00002f17) auipc   t5, 0x2
core   0: 3 0x8000b30c (0x00002f17) x30 0x8000d30c
core   0: 0x8000b310 (0xce3f2a23) sw      gp, -780(t5)
core   0: 3 0x8000b310 (0xce3f2a23) mem 0x8000d000 0x00000001
core   0: 0x8000b314 (0xff9ff06f) j       pc - 0x8
core   0: 3 0x8000b314 (0xff9ff06f)
core   0: 0x8000b30c (0x00002f17) auipc   t5, 0x2
core   0: 3 0x8000b30c (0x00002f17) x30 0x8000d30c
core   0: 0x8000b310 (0xce3f2a23) sw      gp, -780(t5)
core   0: 3 0x8000b310 (0xce3f2a23) mem 0x8000d000 0x00000001
core   0: 0x8000b314 (0xff9ff06f) j       pc - 0x8
core   0: 3 0x8000b314 (0xff9ff06f)
core   0: 0x8000b30c (0x00002f17) auipc   t5, 0x2
core   0: 3 0x8000b30c (0x00002f17) x30 0x8000d30c
core   0: 0x8000b310 (0xce3f2a23) sw      gp, -780(t5)
core   0: 3 0x8000b310 (0xce3f2a23) mem 0x8000d000 0x00000001
core   0: 0x8000b314 (0xff9ff06f) j       pc - 0x8
core   0: 3 0x8000b314 (0xff9ff06f)
core   0: 0x8000b30c (0x00002f17) auipc   t5, 0x2
core   0: 3 0x8000b30c (0x00002f17) x30 0x8000d30c
core   0: 0x8000b310 (0xce3f2a23) sw      gp, -780(t5)
core   0: 3 0x8000b310 (0xce3f2a23) mem 0x8000d000 0x00000001
core   0: 0x8000b314 (0xff9ff06f) j       pc - 0x8
core   0: 3 0x8000b314 (0xff9ff06f)
core   0: 0x8000b30c (0x00002f17) auipc   t5, 0x2
core   0: 3 0x8000b30c (0x00002f17) x30 0x8000d30c
core   0: 0x8000b310 (0xce3f2a23) sw      gp, -780(t5)
core   0: 3 0x8000b310 (0xce3f2a23) mem 0x8000d000 0x00000001
core   0: 0x8000b314 (0xff9ff06f) j       pc - 0x8
core   0: 3 0x8000b314 (0xff9ff06f)
core   0: 0x8000b30c (0x00002f17) auipc   t5, 0x2
core   0: 3 0x8000b30c (0x00002f17) x30 0x8000d30c
core   0: 0x8000b310 (0xce3f2a23) sw      gp, -780(t5)
core   0: 3 0x8000b310 (0xce3f2a23) mem 0x8000d000 0x00000001
core   0: 0x8000b314 (0xff9ff06f) j       pc - 0x8
core   0: 3 0x8000b314 (0xff9ff06f)
core   0: 0x8000b30c (0x00002f17) auipc   t5, 0x2
core   0: 3 0x8000b30c (0x00002f17) x30 0x8000d30c
core   0: 0x8000b310 (0xce3f2a23) sw      gp, -780(t5)
core   0: 3 0x8000b310 (0xce3f2a23) mem 0x8000d000 0x00000001
core   0: 0x8000b314 (0xff9ff06f) j       pc - 0x8
core   0: 3 0x8000b314 (0xff9ff06f)
core   0: 0x8000b30c (0x00002f17) auipc   t5, 0x2
core   0: 3 0x8000b30c (0x00002f17) x30 0x8000d30c
core   0: 0x8000b310 (0xce3f2a23) sw      gp, -780(t5)
core   0: 3 0x8000b310 (0xce3f2a23) mem 0x8000d000 0x00000001
core   0: 0x8000b314 (0xff9ff06f) j       pc - 0x8
core   0: 3 0x8000b314 (0xff9ff06f)
core   0: 0x8000b30c (0x00002f17) auipc   t5, 0x2
core   0: 3 0x8000b30c (0x00002f17) x30 0x8000d30c
core   0: 0x8000b310 (0xce3f2a23) sw      gp, -780(t5)
core   0: 3 0x8000b310 (0xce3f2a23) mem 0x8000d000 0x00000001
core   0: 0x8000b314 (0xff9ff06f) j       pc - 0x8
core   0: 3 0x8000b314 (0xff9ff06f)
core   0: 0x8000b30c (0x00002f17) auipc   t5, 0x2
core   0: 3 0x8000b30c (0x00002f17) x30 0x8000d30c
core   0: 0x8000b310 (0xce3f2a23) sw      gp, -780(t5)
core   0: 3 0x8000b310 (0xce3f2a23) mem 0x8000d000 0x00000001
core   0: 0x8000b314 (0xff9ff06f) j       pc - 0x8
core   0: 3 0x8000b314 (0xff9ff06f)
core   0: 0x8000b30c (0x00002f17) auipc   t5, 0x2
core   0: 3 0x8000b30c (0x00002f17) x30 0x8000d30c
core   0: 0x8000b310 (0xce3f2a23) sw      gp, -780(t5)
core   0: 3 0x8000b310 (0xce3f2a23) mem 0x8000d000 0x00000001
core   0: 0x8000b314 (0xff9ff06f) j       pc - 0x8
core   0: 3 0x8000b314 (0xff9ff06f)
core   0: 0x8000b30c (0x00002f17) auipc   t5, 0x2
core   0: 3 0x8000b30c (0x00002f17) x30 0x8000d30c
core   0: 0x8000b310 (0xce3f2a23) sw      gp, -780(t5)
core   0: 3 0x8000b310 (0xce3f2a23) mem 0x8000d000 0x00000001
core   0: 0x8000b314 (0xff9ff06f) j       pc - 0x8
core   0: 3 0x8000b314 (0xff9ff06f)
core   0: 0x8000b30c (0x00002f17) auipc   t5, 0x2
core   0: 3 0x8000b30c (0x00002f17) x30 0x8000d30c
core   0: 0x8000b310 (0xce3f2a23) sw      gp, -780(t5)
core   0: 3 0x8000b310 (0xce3f2a23) mem 0x8000d000 0x00000001
core   0: 0x8000b314 (0xff9ff06f) j       pc - 0x8
core   0: 3 0x8000b314 (0xff9ff06f)
core   0: 0x8000b30c (0x00002f17) auipc   t5, 0x2
core   0: 3 0x8000b30c (0x00002f17) x30 0x8000d30c
core   0: 0x8000b310 (0xce3f2a23) sw      gp, -780(t5)
core   0: 3 0x8000b310 (0xce3f2a23) mem 0x8000d000 0x00000001
core   0: 0x8000b314 (0xff9ff06f) j       pc - 0x8
core   0: 3 0x8000b314 (0xff9ff06f)
core   0: 0x8000b30c (0x00002f17) auipc   t5, 0x2
core   0: 3 0x8000b30c (0x00002f17) x30 0x8000d30c
core   0: 0x8000b310 (0xce3f2a23) sw      gp, -780(t5)
core   0: 3 0x8000b310 (0xce3f2a23) mem 0x8000d000 0x00000001
core   0: 0x8000b314 (0xff9ff06f) j       pc - 0x8
core   0: 3 0x8000b314 (0xff9ff06f)
core   0: 0x8000b30c (0x00002f17) auipc   t5, 0x2
core   0: 3 0x8000b30c (0x00002f17) x30 0x8000d30c
core   0: 0x8000b310 (0xce3f2a23) sw      gp, -780(t5)
core   0: 3 0x8000b310 (0xce3f2a23) mem 0x8000d000 0x00000001
core   0: 0x8000b314 (0xff9ff06f) j       pc - 0x8
core   0: 3 0x8000b314 (0xff9ff06f)
core   0: 0x8000b30c (0x00002f17) auipc   t5, 0x2
core   0: 3 0x8000b30c (0x00002f17) x30 0x8000d30c
core   0: 0x8000b310 (0xce3f2a23) sw      gp, -780(t5)
core   0: 3 0x8000b310 (0xce3f2a23) mem 0x8000d000 0x00000001
core   0: 0x8000b314 (0xff9ff06f) j       pc - 0x8
core   0: 3 0x8000b314 (0xff9ff06f)
core   0: 0x8000b30c (0x00002f17) auipc   t5, 0x2
core   0: 3 0x8000b30c (0x00002f17) x30 0x8000d30c
core   0: 0x8000b310 (0xce3f2a23) sw      gp, -780(t5)
core   0: 3 0x8000b310 (0xce3f2a23) mem 0x8000d000 0x00000001
core   0: 0x8000b314 (0xff9ff06f) j       pc - 0x8
core   0: 3 0x8000b314 (0xff9ff06f)
core   0: 0x8000b30c (0x00002f17) auipc   t5, 0x2
core   0: 3 0x8000b30c (0x00002f17) x30 0x8000d30c
core   0: 0x8000b310 (0xce3f2a23) sw      gp, -780(t5)
core   0: 3 0x8000b310 (0xce3f2a23) mem 0x8000d000 0x00000001
core   0: 0x8000b314 (0xff9ff06f) j       pc - 0x8
core   0: 3 0x8000b314 (0xff9ff06f)
core   0: 0x8000b30c (0x00002f17) auipc   t5, 0x2
core   0: 3 0x8000b30c (0x00002f17) x30 0x8000d30c
core   0: 0x8000b310 (0xce3f2a23) sw      gp, -780(t5)
core   0: 3 0x8000b310 (0xce3f2a23) mem 0x8000d000 0x00000001
core   0: 0x8000b314 (0xff9ff06f) j       pc - 0x8
core   0: 3 0x8000b314 (0xff9ff06f)
core   0: 0x8000b30c (0x00002f17) auipc   t5, 0x2
core   0: 3 0x8000b30c (0x00002f17) x30 0x8000d30c
core   0: 0x8000b310 (0xce3f2a23) sw      gp, -780(t5)
core   0: 3 0x8000b310 (0xce3f2a23) mem 0x8000d000 0x00000001
core   0: 0x8000b314 (0xff9ff06f) j       pc - 0x8
core   0: 3 0x8000b314 (0xff9ff06f)
core   0: 0x8000b30c (0x00002f17) auipc   t5, 0x2
core   0: 3 0x8000b30c (0x00002f17) x30 0x8000d30c
core   0: 0x8000b310 (0xce3f2a23) sw      gp, -780(t5)
core   0: 3 0x8000b310 (0xce3f2a23) mem 0x8000d000 0x00000001
core   0: 0x8000b314 (0xff9ff06f) j       pc - 0x8
core   0: 3 0x8000b314 (0xff9ff06f)
core   0: 0x8000b30c (0x00002f17) auipc   t5, 0x2
core   0: 3 0x8000b30c (0x00002f17) x30 0x8000d30c
core   0: 0x8000b310 (0xce3f2a23) sw      gp, -780(t5)
core   0: 3 0x8000b310 (0xce3f2a23) mem 0x8000d000 0x00000001
core   0: 0x8000b314 (0xff9ff06f) j       pc - 0x8
core   0: 3 0x8000b314 (0xff9ff06f)
core   0: 0x8000b30c (0x00002f17) auipc   t5, 0x2
core   0: 3 0x8000b30c (0x00002f17) x30 0x8000d30c
core   0: 0x8000b310 (0xce3f2a23) sw      gp, -780(t5)
core   0: 3 0x8000b310 (0xce3f2a23) mem 0x8000d000 0x00000001
core   0: 0x8000b314 (0xff9ff06f) j       pc - 0x8
core   0: 3 0x8000b314 (0xff9ff06f)
core   0: 0x8000b30c (0x00002f17) auipc   t5, 0x2
core   0: 3 0x8000b30c (0x00002f17) x30 0x8000d30c
core   0: 0x8000b310 (0xce3f2a23) sw      gp, -780(t5)
core   0: 3 0x8000b310 (0xce3f2a23) mem 0x8000d000 0x00000001
core   0: 0x8000b314 (0xff9ff06f) j       pc - 0x8
core   0: 3 0x8000b314 (0xff9ff06f)
core   0: 0x8000b30c (0x00002f17) auipc   t5, 0x2
core   0: 3 0x8000b30c (0x00002f17) x30 0x8000d30c
core   0: 0x8000b310 (0xce3f2a23) sw      gp, -780(t5)
core   0: 3 0x8000b310 (0xce3f2a23) mem 0x8000d000 0x00000001
core   0: 0x8000b314 (0xff9ff06f) j       pc - 0x8
core   0: 3 0x8000b314 (0xff9ff06f)
core   0: 0x8000b30c (0x00002f17) auipc   t5, 0x2
core   0: 3 0x8000b30c (0x00002f17) x30 0x8000d30c
core   0: 0x8000b310 (0xce3f2a23) sw      gp, -780(t5)
core   0: 3 0x8000b310 (0xce3f2a23) mem 0x8000d000 0x00000001
core   0: 0x8000b314 (0xff9ff06f) j       pc - 0x8
core   0: 3 0x8000b314 (0xff9ff06f)
core   0: 0x8000b30c (0x00002f17) auipc   t5, 0x2
core   0: 3 0x8000b30c (0x00002f17) x30 0x8000d30c
core   0: 0x8000b310 (0xce3f2a23) sw      gp, -780(t5)
core   0: 3 0x8000b310 (0xce3f2a23) mem 0x8000d000 0x00000001
core   0: 0x8000b314 (0xff9ff06f) j       pc - 0x8
core   0: 3 0x8000b314 (0xff9ff06f)
core   0: 0x8000b30c (0x00002f17) auipc   t5, 0x2
core   0: 3 0x8000b30c (0x00002f17) x30 0x8000d30c
core   0: 0x8000b310 (0xce3f2a23) sw      gp, -780(t5)
core   0: 3 0x8000b310 (0xce3f2a23) mem 0x8000d000 0x00000001
core   0: 0x8000b314 (0xff9ff06f) j       pc - 0x8
core   0: 3 0x8000b314 (0xff9ff06f)
core   0: 0x8000b30c (0x00002f17) auipc   t5, 0x2
core   0: 3 0x8000b30c (0x00002f17) x30 0x8000d30c
core   0: 0x8000b310 (0xce3f2a23) sw      gp, -780(t5)
core   0: 3 0x8000b310 (0xce3f2a23) mem 0x8000d000 0x00000001
core   0: 0x8000b314 (0xff9ff06f) j       pc - 0x8
core   0: 3 0x8000b314 (0xff9ff06f)
core   0: 0x8000b30c (0x00002f17) auipc   t5, 0x2
core   0: 3 0x8000b30c (0x00002f17) x30 0x8000d30c
core   0: 0x8000b310 (0xce3f2a23) sw      gp, -780(t5)
core   0: 3 0x8000b310 (0xce3f2a23) mem 0x8000d000 0x00000001
core   0: 0x8000b314 (0xff9ff06f) j       pc - 0x8
core   0: 3 0x8000b314 (0xff9ff06f)
core   0: 0x8000b30c (0x00002f17) auipc   t5, 0x2
core   0: 3 0x8000b30c (0x00002f17) x30 0x8000d30c
core   0: 0x8000b310 (0xce3f2a23) sw      gp, -780(t5)
core   0: 3 0x8000b310 (0xce3f2a23) mem 0x8000d000 0x00000001
core   0: 0x8000b314 (0xff9ff06f) j       pc - 0x8
core   0: 3 0x8000b314 (0xff9ff06f)
core   0: 0x8000b30c (0x00002f17) auipc   t5, 0x2
core   0: 3 0x8000b30c (0x00002f17) x30 0x8000d30c
core   0: 0x8000b310 (0xce3f2a23) sw      gp, -780(t5)
core   0: 3 0x8000b310 (0xce3f2a23) mem 0x8000d000 0x00000001
core   0: 0x8000b314 (0xff9ff06f) j       pc - 0x8
core   0: 3 0x8000b314 (0xff9ff06f)
core   0: 0x8000b30c (0x00002f17) auipc   t5, 0x2
core   0: 3 0x8000b30c (0x00002f17) x30 0x8000d30c
core   0: 0x8000b310 (0xce3f2a23) sw      gp, -780(t5)
core   0: 3 0x8000b310 (0xce3f2a23) mem 0x8000d000 0x00000001
core   0: 0x8000b314 (0xff9ff06f) j       pc - 0x8
core   0: 3 0x8000b314 (0xff9ff06f)
core   0: 0x8000b30c (0x00002f17) auipc   t5, 0x2
core   0: 3 0x8000b30c (0x00002f17) x30 0x8000d30c
core   0: 0x8000b310 (0xce3f2a23) sw      gp, -780(t5)
core   0: 3 0x8000b310 (0xce3f2a23) mem 0x8000d000 0x00000001
core   0: 0x8000b314 (0xff9ff06f) j       pc - 0x8
core   0: 3 0x8000b314 (0xff9ff06f)
core   0: 0x8000b30c (0x00002f17) auipc   t5, 0x2
core   0: 3 0x8000b30c (0x00002f17) x30 0x8000d30c
core   0: 0x8000b310 (0xce3f2a23) sw      gp, -780(t5)
core   0: 3 0x8000b310 (0xce3f2a23) mem 0x8000d000 0x00000001
core   0: 0x8000b314 (0xff9ff06f) j       pc - 0x8
core   0: 3 0x8000b314 (0xff9ff06f)
core   0: 0x8000b30c (0x00002f17) auipc   t5, 0x2
core   0: 3 0x8000b30c (0x00002f17) x30 0x8000d30c
core   0: 0x8000b310 (0xce3f2a23) sw      gp, -780(t5)
core   0: 3 0x8000b310 (0xce3f2a23) mem 0x8000d000 0x00000001
core   0: 0x8000b314 (0xff9ff06f) j       pc - 0x8
core   0: 3 0x8000b314 (0xff9ff06f)
core   0: 0x8000b30c (0x00002f17) auipc   t5, 0x2
core   0: 3 0x8000b30c (0x00002f17) x30 0x8000d30c
core   0: 0x8000b310 (0xce3f2a23) sw      gp, -780(t5)
core   0: 3 0x8000b310 (0xce3f2a23) mem 0x8000d000 0x00000001
core   0: 0x8000b314 (0xff9ff06f) j       pc - 0x8
core   0: 3 0x8000b314 (0xff9ff06f)
core   0: 0x8000b30c (0x00002f17) auipc   t5, 0x2
core   0: 3 0x8000b30c (0x00002f17) x30 0x8000d30c
core   0: 0x8000b310 (0xce3f2a23) sw      gp, -780(t5)
core   0: 3 0x8000b310 (0xce3f2a23) mem 0x8000d000 0x00000001
core   0: 0x8000b314 (0xff9ff06f) j       pc - 0x8
core   0: 3 0x8000b314 (0xff9ff06f)
core   0: 0x8000b30c (0x00002f17) auipc   t5, 0x2
core   0: 3 0x8000b30c (0x00002f17) x30 0x8000d30c
core   0: 0x8000b310 (0xce3f2a23) sw      gp, -780(t5)
core   0: 3 0x8000b310 (0xce3f2a23) mem 0x8000d000 0x00000001
core   0: 0x8000b314 (0xff9ff06f) j       pc - 0x8
core   0: 3 0x8000b314 (0xff9ff06f)
core   0: 0x8000b30c (0x00002f17) auipc   t5, 0x2
core   0: 3 0x8000b30c (0x00002f17) x30 0x8000d30c
core   0: 0x8000b310 (0xce3f2a23) sw      gp, -780(t5)
core   0: 3 0x8000b310 (0xce3f2a23) mem 0x8000d000 0x00000001
core   0: 0x8000b314 (0xff9ff06f) j       pc - 0x8
core   0: 3 0x8000b314 (0xff9ff06f)
core   0: 0x8000b30c (0x00002f17) auipc   t5, 0x2
core   0: 3 0x8000b30c (0x00002f17) x30 0x8000d30c
core   0: 0x8000b310 (0xce3f2a23) sw      gp, -780(t5)
core   0: 3 0x8000b310 (0xce3f2a23) mem 0x8000d000 0x00000001
core   0: 0x8000b314 (0xff9ff06f) j       pc - 0x8
core   0: 3 0x8000b314 (0xff9ff06f)
core   0: 0x8000b30c (0x00002f17) auipc   t5, 0x2
core   0: 3 0x8000b30c (0x00002f17) x30 0x8000d30c
core   0: 0x8000b310 (0xce3f2a23) sw      gp, -780(t5)
core   0: 3 0x8000b310 (0xce3f2a23) mem 0x8000d000 0x00000001
core   0: 0x8000b314 (0xff9ff06f) j       pc - 0x8
core   0: 3 0x8000b314 (0xff9ff06f)
core   0: 0x8000b30c (0x00002f17) auipc   t5, 0x2
core   0: 3 0x8000b30c (0x00002f17) x30 0x8000d30c
core   0: 0x8000b310 (0xce3f2a23) sw      gp, -780(t5)
core   0: 3 0x8000b310 (0xce3f2a23) mem 0x8000d000 0x00000001
core   0: 0x8000b314 (0xff9ff06f) j       pc - 0x8
core   0: 3 0x8000b314 (0xff9ff06f)
core   0: 0x8000b30c (0x00002f17) auipc   t5, 0x2
core   0: 3 0x8000b30c (0x00002f17) x30 0x8000d30c
core   0: 0x8000b310 (0xce3f2a23) sw      gp, -780(t5)
core   0: 3 0x8000b310 (0xce3f2a23) mem 0x8000d000 0x00000001
core   0: 0x8000b314 (0xff9ff06f) j       pc - 0x8
core   0: 3 0x8000b314 (0xff9ff06f)
core   0: 0x8000b30c (0x00002f17) auipc   t5, 0x2
core   0: 3 0x8000b30c (0x00002f17) x30 0x8000d30c
core   0: 0x8000b310 (0xce3f2a23) sw      gp, -780(t5)
core   0: 3 0x8000b310 (0xce3f2a23) mem 0x8000d000 0x00000001
core   0: 0x8000b314 (0xff9ff06f) j       pc - 0x8
core   0: 3 0x8000b314 (0xff9ff06f)
core   0: 0x8000b30c (0x00002f17) auipc   t5, 0x2
core   0: 3 0x8000b30c (0x00002f17) x30 0x8000d30c
core   0: 0x8000b310 (0xce3f2a23) sw      gp, -780(t5)
core   0: 3 0x8000b310 (0xce3f2a23) mem 0x8000d000 0x00000001
core   0: 0x8000b314 (0xff9ff06f) j       pc - 0x8
core   0: 3 0x8000b314 (0xff9ff06f)
core   0: 0x8000b30c (0x00002f17) auipc   t5, 0x2
core   0: 3 0x8000b30c (0x00002f17) x30 0x8000d30c
core   0: 0x8000b310 (0xce3f2a23) sw      gp, -780(t5)
core   0: 3 0x8000b310 (0xce3f2a23) mem 0x8000d000 0x00000001
core   0: 0x8000b314 (0xff9ff06f) j       pc - 0x8
core   0: 3 0x8000b314 (0xff9ff06f)
core   0: 0x8000b30c (0x00002f17) auipc   t5, 0x2
core   0: 3 0x8000b30c (0x00002f17) x30 0x8000d30c
core   0: 0x8000b310 (0xce3f2a23) sw      gp, -780(t5)
core   0: 3 0x8000b310 (0xce3f2a23) mem 0x8000d000 0x00000001
core   0: 0x8000b314 (0xff9ff06f) j       pc - 0x8
core   0: 3 0x8000b314 (0xff9ff06f)
core   0: 0x8000b30c (0x00002f17) auipc   t5, 0x2
core   0: 3 0x8000b30c (0x00002f17) x30 0x8000d30c
core   0: 0x8000b310 (0xce3f2a23) sw      gp, -780(t5)
core   0: 3 0x8000b310 (0xce3f2a23) mem 0x8000d000 0x00000001
core   0: 0x8000b314 (0xff9ff06f) j       pc - 0x8
core   0: 3 0x8000b314 (0xff9ff06f)
core   0: 0x8000b30c (0x00002f17) auipc   t5, 0x2
core   0: 3 0x8000b30c (0x00002f17) x30 0x8000d30c
core   0: 0x8000b310 (0xce3f2a23) sw      gp, -780(t5)
core   0: 3 0x8000b310 (0xce3f2a23) mem 0x8000d000 0x00000001
core   0: 0x8000b314 (0xff9ff06f) j       pc - 0x8
core   0: 3 0x8000b314 (0xff9ff06f)
core   0: 0x8000b30c (0x00002f17) auipc   t5, 0x2
core   0: 3 0x8000b30c (0x00002f17) x30 0x8000d30c
core   0: 0x8000b310 (0xce3f2a23) sw      gp, -780(t5)
core   0: 3 0x8000b310 (0xce3f2a23) mem 0x8000d000 0x00000001
core   0: 0x8000b314 (0xff9ff06f) j       pc - 0x8
core   0: 3 0x8000b314 (0xff9ff06f)
core   0: 0x8000b30c (0x00002f17) auipc   t5, 0x2
core   0: 3 0x8000b30c (0x00002f17) x30 0x8000d30c
core   0: 0x8000b310 (0xce3f2a23) sw      gp, -780(t5)
core   0: 3 0x8000b310 (0xce3f2a23) mem 0x8000d000 0x00000001
core   0: 0x8000b314 (0xff9ff06f) j       pc - 0x8
core   0: 3 0x8000b314 (0xff9ff06f)
core   0: 0x8000b30c (0x00002f17) auipc   t5, 0x2
core   0: 3 0x8000b30c (0x00002f17) x30 0x8000d30c
core   0: 0x8000b310 (0xce3f2a23) sw      gp, -780(t5)
core   0: 3 0x8000b310 (0xce3f2a23) mem 0x8000d000 0x00000001
core   0: 0x8000b314 (0xff9ff06f) j       pc - 0x8
core   0: 3 0x8000b314 (0xff9ff06f)
core   0: 0x8000b30c (0x00002f17) auipc   t5, 0x2
core   0: 3 0x8000b30c (0x00002f17) x30 0x8000d30c
core   0: 0x8000b310 (0xce3f2a23) sw      gp, -780(t5)
core   0: 3 0x8000b310 (0xce3f2a23) mem 0x8000d000 0x00000001
core   0: 0x8000b314 (0xff9ff06f) j       pc - 0x8
core   0: 3 0x8000b314 (0xff9ff06f)
core   0: 0x8000b30c (0x00002f17) auipc   t5, 0x2
core   0: 3 0x8000b30c (0x00002f17) x30 0x8000d30c
core   0: 0x8000b310 (0xce3f2a23) sw      gp, -780(t5)
core   0: 3 0x8000b310 (0xce3f2a23) mem 0x8000d000 0x00000001
core   0: 0x8000b314 (0xff9ff06f) j       pc - 0x8
core   0: 3 0x8000b314 (0xff9ff06f)
core   0: 0x8000b30c (0x00002f17) auipc   t5, 0x2
core   0: 3 0x8000b30c (0x00002f17) x30 0x8000d30c
core   0: 0x8000b310 (0xce3f2a23) sw      gp, -780(t5)
core   0: 3 0x8000b310 (0xce3f2a23) mem 0x8000d000 0x00000001
core   0: 0x8000b314 (0xff9ff06f) j       pc - 0x8
core   0: 3 0x8000b314 (0xff9ff06f)
core   0: 0x8000b30c (0x00002f17) auipc   t5, 0x2
core   0: 3 0x8000b30c (0x00002f17) x30 0x8000d30c
core   0: 0x8000b310 (0xce3f2a23) sw      gp, -780(t5)
core   0: 3 0x8000b310 (0xce3f2a23) mem 0x8000d000 0x00000001
core   0: 0x8000b314 (0xff9ff06f) j       pc - 0x8
core   0: 3 0x8000b314 (0xff9ff06f)
core   0: 0x8000b30c (0x00002f17) auipc   t5, 0x2
core   0: 3 0x8000b30c (0x00002f17) x30 0x8000d30c
core   0: 0x8000b310 (0xce3f2a23) sw      gp, -780(t5)
core   0: 3 0x8000b310 (0xce3f2a23) mem 0x8000d000 0x00000001
core   0: 0x8000b314 (0xff9ff06f) j       pc - 0x8
core   0: 3 0x8000b314 (0xff9ff06f)
core   0: 0x8000b30c (0x00002f17) auipc   t5, 0x2
core   0: 3 0x8000b30c (0x00002f17) x30 0x8000d30c
core   0: 0x8000b310 (0xce3f2a23) sw      gp, -780(t5)
core   0: 3 0x8000b310 (0xce3f2a23) mem 0x8000d000 0x00000001
core   0: 0x8000b314 (0xff9ff06f) j       pc - 0x8
core   0: 3 0x8000b314 (0xff9ff06f)
core   0: 0x8000b30c (0x00002f17) auipc   t5, 0x2
core   0: 3 0x8000b30c (0x00002f17) x30 0x8000d30c
core   0: 0x8000b310 (0xce3f2a23) sw      gp, -780(t5)
core   0: 3 0x8000b310 (0xce3f2a23) mem 0x8000d000 0x00000001
core   0: 0x8000b314 (0xff9ff06f) j       pc - 0x8
core   0: 3 0x8000b314 (0xff9ff06f)
core   0: 0x8000b30c (0x00002f17) auipc   t5, 0x2
core   0: 3 0x8000b30c (0x00002f17) x30 0x8000d30c
core   0: 0x8000b310 (0xce3f2a23) sw      gp, -780(t5)
core   0: 3 0x8000b310 (0xce3f2a23) mem 0x8000d000 0x00000001
core   0: 0x8000b314 (0xff9ff06f) j       pc - 0x8
core   0: 3 0x8000b314 (0xff9ff06f)
core   0: 0x8000b30c (0x00002f17) auipc   t5, 0x2
core   0: 3 0x8000b30c (0x00002f17) x30 0x8000d30c
core   0: 0x8000b310 (0xce3f2a23) sw      gp, -780(t5)
core   0: 3 0x8000b310 (0xce3f2a23) mem 0x8000d000 0x00000001
core   0: 0x8000b314 (0xff9ff06f) j       pc - 0x8
core   0: 3 0x8000b314 (0xff9ff06f)
core   0: 0x8000b30c (0x00002f17) auipc   t5, 0x2
core   0: 3 0x8000b30c (0x00002f17) x30 0x8000d30c
core   0: 0x8000b310 (0xce3f2a23) sw      gp, -780(t5)
core   0: 3 0x8000b310 (0xce3f2a23) mem 0x8000d000 0x00000001
core   0: 0x8000b314 (0xff9ff06f) j       pc - 0x8
core   0: 3 0x8000b314 (0xff9ff06f)
core   0: 0x8000b30c (0x00002f17) auipc   t5, 0x2
core   0: 3 0x8000b30c (0x00002f17) x30 0x8000d30c
core   0: 0x8000b310 (0xce3f2a23) sw      gp, -780(t5)
core   0: 3 0x8000b310 (0xce3f2a23) mem 0x8000d000 0x00000001
core   0: 0x8000b314 (0xff9ff06f) j       pc - 0x8
core   0: 3 0x8000b314 (0xff9ff06f)
core   0: 0x8000b30c (0x00002f17) auipc   t5, 0x2
core   0: 3 0x8000b30c (0x00002f17) x30 0x8000d30c
core   0: 0x8000b310 (0xce3f2a23) sw      gp, -780(t5)
core   0: 3 0x8000b310 (0xce3f2a23) mem 0x8000d000 0x00000001
core   0: 0x8000b314 (0xff9ff06f) j       pc - 0x8
core   0: 3 0x8000b314 (0xff9ff06f)
core   0: 0x8000b30c (0x00002f17) auipc   t5, 0x2
core   0: 3 0x8000b30c (0x00002f17) x30 0x8000d30c
core   0: 0x8000b310 (0xce3f2a23) sw      gp, -780(t5)
core   0: 3 0x8000b310 (0xce3f2a23) mem 0x8000d000 0x00000001
core   0: 0x8000b314 (0xff9ff06f) j       pc - 0x8
core   0: 3 0x8000b314 (0xff9ff06f)
core   0: 0x8000b30c (0x00002f17) auipc   t5, 0x2
core   0: 3 0x8000b30c (0x00002f17) x30 0x8000d30c
core   0: 0x8000b310 (0xce3f2a23) sw      gp, -780(t5)
core   0: 3 0x8000b310 (0xce3f2a23) mem 0x8000d000 0x00000001
core   0: 0x8000b314 (0xff9ff06f) j       pc - 0x8
core   0: 3 0x8000b314 (0xff9ff06f)
core   0: 0x8000b30c (0x00002f17) auipc   t5, 0x2
core   0: 3 0x8000b30c (0x00002f17) x30 0x8000d30c
core   0: 0x8000b310 (0xce3f2a23) sw      gp, -780(t5)
core   0: 3 0x8000b310 (0xce3f2a23) mem 0x8000d000 0x00000001
core   0: 0x8000b314 (0xff9ff06f) j       pc - 0x8
core   0: 3 0x8000b314 (0xff9ff06f)
core   0: 0x8000b30c (0x00002f17) auipc   t5, 0x2
core   0: 3 0x8000b30c (0x00002f17) x30 0x8000d30c
core   0: 0x8000b310 (0xce3f2a23) sw      gp, -780(t5)
core   0: 3 0x8000b310 (0xce3f2a23) mem 0x8000d000 0x00000001
core   0: 0x8000b314 (0xff9ff06f) j       pc - 0x8
core   0: 3 0x8000b314 (0xff9ff06f)
core   0: 0x8000b30c (0x00002f17) auipc   t5, 0x2
core   0: 3 0x8000b30c (0x00002f17) x30 0x8000d30c
core   0: 0x8000b310 (0xce3f2a23) sw      gp, -780(t5)
core   0: 3 0x8000b310 (0xce3f2a23) mem 0x8000d000 0x00000001
core   0: 0x8000b314 (0xff9ff06f) j       pc - 0x8
core   0: 3 0x8000b314 (0xff9ff06f)
core   0: 0x8000b30c (0x00002f17) auipc   t5, 0x2
core   0: 3 0x8000b30c (0x00002f17) x30 0x8000d30c
core   0: 0x8000b310 (0xce3f2a23) sw      gp, -780(t5)
core   0: 3 0x8000b310 (0xce3f2a23) mem 0x8000d000 0x00000001
core   0: 0x8000b314 (0xff9ff06f) j       pc - 0x8
core   0: 3 0x8000b314 (0xff9ff06f)
core   0: 0x8000b30c (0x00002f17) auipc   t5, 0x2
core   0: 3 0x8000b30c (0x00002f17) x30 0x8000d30c
core   0: 0x8000b310 (0xce3f2a23) sw      gp, -780(t5)
core   0: 3 0x8000b310 (0xce3f2a23) mem 0x8000d000 0x00000001
core   0: 0x8000b314 (0xff9ff06f) j       pc - 0x8
core   0: 3 0x8000b314 (0xff9ff06f)
core   0: 0x8000b30c (0x00002f17) auipc   t5, 0x2
core   0: 3 0x8000b30c (0x00002f17) x30 0x8000d30c
core   0: 0x8000b310 (0xce3f2a23) sw      gp, -780(t5)
core   0: 3 0x8000b310 (0xce3f2a23) mem 0x8000d000 0x00000001
core   0: 0x8000b314 (0xff9ff06f) j       pc - 0x8
core   0: 3 0x8000b314 (0xff9ff06f)
core   0: 0x8000b30c (0x00002f17) auipc   t5, 0x2
core   0: 3 0x8000b30c (0x00002f17) x30 0x8000d30c
core   0: 0x8000b310 (0xce3f2a23) sw      gp, -780(t5)
core   0: 3 0x8000b310 (0xce3f2a23) mem 0x8000d000 0x00000001
core   0: 0x8000b314 (0xff9ff06f) j       pc - 0x8
core   0: 3 0x8000b314 (0xff9ff06f)
core   0: 0x8000b30c (0x00002f17) auipc   t5, 0x2
core   0: 3 0x8000b30c (0x00002f17) x30 0x8000d30c
core   0: 0x8000b310 (0xce3f2a23) sw      gp, -780(t5)
core   0: 3 0x8000b310 (0xce3f2a23) mem 0x8000d000 0x00000001
core   0: 0x8000b314 (0xff9ff06f) j       pc - 0x8
core   0: 3 0x8000b314 (0xff9ff06f)
core   0: 0x8000b30c (0x00002f17) auipc   t5, 0x2
core   0: 3 0x8000b30c (0x00002f17) x30 0x8000d30c
core   0: 0x8000b310 (0xce3f2a23) sw      gp, -780(t5)
core   0: 3 0x8000b310 (0xce3f2a23) mem 0x8000d000 0x00000001
core   0: 0x8000b314 (0xff9ff06f) j       pc - 0x8
core   0: 3 0x8000b314 (0xff9ff06f)
core   0: 0x8000b30c (0x00002f17) auipc   t5, 0x2
core   0: 3 0x8000b30c (0x00002f17) x30 0x8000d30c
core   0: 0x8000b310 (0xce3f2a23) sw      gp, -780(t5)
core   0: 3 0x8000b310 (0xce3f2a23) mem 0x8000d000 0x00000001
core   0: 0x8000b314 (0xff9ff06f) j       pc - 0x8
core   0: 3 0x8000b314 (0xff9ff06f)
core   0: 0x8000b30c (0x00002f17) auipc   t5, 0x2
core   0: 3 0x8000b30c (0x00002f17) x30 0x8000d30c
core   0: 0x8000b310 (0xce3f2a23) sw      gp, -780(t5)
core   0: 3 0x8000b310 (0xce3f2a23) mem 0x8000d000 0x00000001
core   0: 0x8000b314 (0xff9ff06f) j       pc - 0x8
core   0: 3 0x8000b314 (0xff9ff06f)
core   0: 0x8000b30c (0x00002f17) auipc   t5, 0x2
core   0: 3 0x8000b30c (0x00002f17) x30 0x8000d30c
core   0: 0x8000b310 (0xce3f2a23) sw      gp, -780(t5)
core   0: 3 0x8000b310 (0xce3f2a23) mem 0x8000d000 0x00000001
core   0: 0x8000b314 (0xff9ff06f) j       pc - 0x8
core   0: 3 0x8000b314 (0xff9ff06f)
core   0: 0x8000b30c (0x00002f17) auipc   t5, 0x2
core   0: 3 0x8000b30c (0x00002f17) x30 0x8000d30c
core   0: 0x8000b310 (0xce3f2a23) sw      gp, -780(t5)
core   0: 3 0x8000b310 (0xce3f2a23) mem 0x8000d000 0x00000001
core   0: 0x8000b314 (0xff9ff06f) j       pc - 0x8
core   0: 3 0x8000b314 (0xff9ff06f)
core   0: 0x8000b30c (0x00002f17) auipc   t5, 0x2
core   0: 3 0x8000b30c (0x00002f17) x30 0x8000d30c
core   0: 0x8000b310 (0xce3f2a23) sw      gp, -780(t5)
core   0: 3 0x8000b310 (0xce3f2a23) mem 0x8000d000 0x00000001
core   0: 0x8000b314 (0xff9ff06f) j       pc - 0x8
core   0: 3 0x8000b314 (0xff9ff06f)
core   0: 0x8000b30c (0x00002f17) auipc   t5, 0x2
core   0: 3 0x8000b30c (0x00002f17) x30 0x8000d30c
core   0: 0x8000b310 (0xce3f2a23) sw      gp, -780(t5)
core   0: 3 0x8000b310 (0xce3f2a23) mem 0x8000d000 0x00000001
core   0: 0x8000b314 (0xff9ff06f) j       pc - 0x8
core   0: 3 0x8000b314 (0xff9ff06f)
core   0: 0x8000b30c (0x00002f17) auipc   t5, 0x2
core   0: 3 0x8000b30c (0x00002f17) x30 0x8000d30c
core   0: 0x8000b310 (0xce3f2a23) sw      gp, -780(t5)
core   0: 3 0x8000b310 (0xce3f2a23) mem 0x8000d000 0x00000001
core   0: 0x8000b314 (0xff9ff06f) j       pc - 0x8
core   0: 3 0x8000b314 (0xff9ff06f)
core   0: 0x8000b30c (0x00002f17) auipc   t5, 0x2
core   0: 3 0x8000b30c (0x00002f17) x30 0x8000d30c
core   0: 0x8000b310 (0xce3f2a23) sw      gp, -780(t5)
core   0: 3 0x8000b310 (0xce3f2a23) mem 0x8000d000 0x00000001
core   0: 0x8000b314 (0xff9ff06f) j       pc - 0x8
core   0: 3 0x8000b314 (0xff9ff06f)
core   0: 0x8000b30c (0x00002f17) auipc   t5, 0x2
core   0: 3 0x8000b30c (0x00002f17) x30 0x8000d30c
core   0: 0x8000b310 (0xce3f2a23) sw      gp, -780(t5)
core   0: 3 0x8000b310 (0xce3f2a23) mem 0x8000d000 0x00000001
core   0: 0x8000b314 (0xff9ff06f) j       pc - 0x8
core   0: 3 0x8000b314 (0xff9ff06f)
core   0: 0x8000b30c (0x00002f17) auipc   t5, 0x2
core   0: 3 0x8000b30c (0x00002f17) x30 0x8000d30c
core   0: 0x8000b310 (0xce3f2a23) sw      gp, -780(t5)
core   0: 3 0x8000b310 (0xce3f2a23) mem 0x8000d000 0x00000001
core   0: 0x8000b314 (0xff9ff06f) j       pc - 0x8
core   0: 3 0x8000b314 (0xff9ff06f)
core   0: 0x8000b30c (0x00002f17) auipc   t5, 0x2
core   0: 3 0x8000b30c (0x00002f17) x30 0x8000d30c
core   0: 0x8000b310 (0xce3f2a23) sw      gp, -780(t5)
core   0: 3 0x8000b310 (0xce3f2a23) mem 0x8000d000 0x00000001
core   0: 0x8000b314 (0xff9ff06f) j       pc - 0x8
core   0: 3 0x8000b314 (0xff9ff06f)
core   0: 0x8000b30c (0x00002f17) auipc   t5, 0x2
core   0: 3 0x8000b30c (0x00002f17) x30 0x8000d30c
core   0: 0x8000b310 (0xce3f2a23) sw      gp, -780(t5)
core   0: 3 0x8000b310 (0xce3f2a23) mem 0x8000d000 0x00000001
core   0: 0x8000b314 (0xff9ff06f) j       pc - 0x8
core   0: 3 0x8000b314 (0xff9ff06f)
core   0: 0x8000b30c (0x00002f17) auipc   t5, 0x2
core   0: 3 0x8000b30c (0x00002f17) x30 0x8000d30c
core   0: 0x8000b310 (0xce3f2a23) sw      gp, -780(t5)
core   0: 3 0x8000b310 (0xce3f2a23) mem 0x8000d000 0x00000001
core   0: 0x8000b314 (0xff9ff06f) j       pc - 0x8
core   0: 3 0x8000b314 (0xff9ff06f)
core   0: 0x8000b30c (0x00002f17) auipc   t5, 0x2
core   0: 3 0x8000b30c (0x00002f17) x30 0x8000d30c
core   0: 0x8000b310 (0xce3f2a23) sw      gp, -780(t5)
core   0: 3 0x8000b310 (0xce3f2a23) mem 0x8000d000 0x00000001
core   0: 0x8000b314 (0xff9ff06f) j       pc - 0x8
core   0: 3 0x8000b314 (0xff9ff06f)
core   0: 0x8000b30c (0x00002f17) auipc   t5, 0x2
core   0: 3 0x8000b30c (0x00002f17) x30 0x8000d30c
core   0: 0x8000b310 (0xce3f2a23) sw      gp, -780(t5)
core   0: 3 0x8000b310 (0xce3f2a23) mem 0x8000d000 0x00000001
core   0: 0x8000b314 (0xff9ff06f) j       pc - 0x8
core   0: 3 0x8000b314 (0xff9ff06f)
core   0: 0x8000b30c (0x00002f17) auipc   t5, 0x2
core   0: 3 0x8000b30c (0x00002f17) x30 0x8000d30c
core   0: 0x8000b310 (0xce3f2a23) sw      gp, -780(t5)
core   0: 3 0x8000b310 (0xce3f2a23) mem 0x8000d000 0x00000001
core   0: 0x8000b314 (0xff9ff06f) j       pc - 0x8
core   0: 3 0x8000b314 (0xff9ff06f)
core   0: 0x8000b30c (0x00002f17) auipc   t5, 0x2
core   0: 3 0x8000b30c (0x00002f17) x30 0x8000d30c
core   0: 0x8000b310 (0xce3f2a23) sw      gp, -780(t5)
core   0: 3 0x8000b310 (0xce3f2a23) mem 0x8000d000 0x00000001
core   0: 0x8000b314 (0xff9ff06f) j       pc - 0x8
core   0: 3 0x8000b314 (0xff9ff06f)
core   0: 0x8000b30c (0x00002f17) auipc   t5, 0x2
core   0: 3 0x8000b30c (0x00002f17) x30 0x8000d30c
core   0: 0x8000b310 (0xce3f2a23) sw      gp, -780(t5)
core   0: 3 0x8000b310 (0xce3f2a23) mem 0x8000d000 0x00000001
core   0: 0x8000b314 (0xff9ff06f) j       pc - 0x8
core   0: 3 0x8000b314 (0xff9ff06f)
core   0: 0x8000b30c (0x00002f17) auipc   t5, 0x2
core   0: 3 0x8000b30c (0x00002f17) x30 0x8000d30c
core   0: 0x8000b310 (0xce3f2a23) sw      gp, -780(t5)
core   0: 3 0x8000b310 (0xce3f2a23) mem 0x8000d000 0x00000001
core   0: 0x8000b314 (0xff9ff06f) j       pc - 0x8
core   0: 3 0x8000b314 (0xff9ff06f)
core   0: 0x8000b30c (0x00002f17) auipc   t5, 0x2
core   0: 3 0x8000b30c (0x00002f17) x30 0x8000d30c
core   0: 0x8000b310 (0xce3f2a23) sw      gp, -780(t5)
core   0: 3 0x8000b310 (0xce3f2a23) mem 0x8000d000 0x00000001
core   0: 0x8000b314 (0xff9ff06f) j       pc - 0x8
core   0: 3 0x8000b314 (0xff9ff06f)
core   0: 0x8000b30c (0x00002f17) auipc   t5, 0x2
core   0: 3 0x8000b30c (0x00002f17) x30 0x8000d30c
core   0: 0x8000b310 (0xce3f2a23) sw      gp, -780(t5)
core   0: 3 0x8000b310 (0xce3f2a23) mem 0x8000d000 0x00000001
core   0: 0x8000b314 (0xff9ff06f) j       pc - 0x8
core   0: 3 0x8000b314 (0xff9ff06f)
core   0: 0x8000b30c (0x00002f17) auipc   t5, 0x2
core   0: 3 0x8000b30c (0x00002f17) x30 0x8000d30c
core   0: 0x8000b310 (0xce3f2a23) sw      gp, -780(t5)
core   0: 3 0x8000b310 (0xce3f2a23) mem 0x8000d000 0x00000001
core   0: 0x8000b314 (0xff9ff06f) j       pc - 0x8
core   0: 3 0x8000b314 (0xff9ff06f)
core   0: 0x8000b30c (0x00002f17) auipc   t5, 0x2
core   0: 3 0x8000b30c (0x00002f17) x30 0x8000d30c
core   0: 0x8000b310 (0xce3f2a23) sw      gp, -780(t5)
core   0: 3 0x8000b310 (0xce3f2a23) mem 0x8000d000 0x00000001
core   0: 0x8000b314 (0xff9ff06f) j       pc - 0x8
core   0: 3 0x8000b314 (0xff9ff06f)
core   0: 0x8000b30c (0x00002f17) auipc   t5, 0x2
core   0: 3 0x8000b30c (0x00002f17) x30 0x8000d30c
core   0: 0x8000b310 (0xce3f2a23) sw      gp, -780(t5)
core   0: 3 0x8000b310 (0xce3f2a23) mem 0x8000d000 0x00000001
core   0: 0x8000b314 (0xff9ff06f) j       pc - 0x8
core   0: 3 0x8000b314 (0xff9ff06f)
core   0: 0x8000b30c (0x00002f17) auipc   t5, 0x2
core   0: 3 0x8000b30c (0x00002f17) x30 0x8000d30c
core   0: 0x8000b310 (0xce3f2a23) sw      gp, -780(t5)
core   0: 3 0x8000b310 (0xce3f2a23) mem 0x8000d000 0x00000001
core   0: 0x8000b314 (0xff9ff06f) j       pc - 0x8
core   0: 3 0x8000b314 (0xff9ff06f)
core   0: 0x8000b30c (0x00002f17) auipc   t5, 0x2
core   0: 3 0x8000b30c (0x00002f17) x30 0x8000d30c
core   0: 0x8000b310 (0xce3f2a23) sw      gp, -780(t5)
core   0: 3 0x8000b310 (0xce3f2a23) mem 0x8000d000 0x00000001
core   0: 0x8000b314 (0xff9ff06f) j       pc - 0x8
core   0: 3 0x8000b314 (0xff9ff06f)
core   0: 0x8000b30c (0x00002f17) auipc   t5, 0x2
core   0: 3 0x8000b30c (0x00002f17) x30 0x8000d30c
core   0: 0x8000b310 (0xce3f2a23) sw      gp, -780(t5)
core   0: 3 0x8000b310 (0xce3f2a23) mem 0x8000d000 0x00000001
core   0: 0x8000b314 (0xff9ff06f) j       pc - 0x8
core   0: 3 0x8000b314 (0xff9ff06f)
core   0: 0x8000b30c (0x00002f17) auipc   t5, 0x2
core   0: 3 0x8000b30c (0x00002f17) x30 0x8000d30c
core   0: 0x8000b310 (0xce3f2a23) sw      gp, -780(t5)
core   0: 3 0x8000b310 (0xce3f2a23) mem 0x8000d000 0x00000001
core   0: 0x8000b314 (0xff9ff06f) j       pc - 0x8
core   0: 3 0x8000b314 (0xff9ff06f)
core   0: 0x8000b30c (0x00002f17) auipc   t5, 0x2
core   0: 3 0x8000b30c (0x00002f17) x30 0x8000d30c
core   0: 0x8000b310 (0xce3f2a23) sw      gp, -780(t5)
core   0: 3 0x8000b310 (0xce3f2a23) mem 0x8000d000 0x00000001
core   0: 0x8000b314 (0xff9ff06f) j       pc - 0x8
core   0: 3 0x8000b314 (0xff9ff06f)
core   0: 0x8000b30c (0x00002f17) auipc   t5, 0x2
core   0: 3 0x8000b30c (0x00002f17) x30 0x8000d30c
core   0: 0x8000b310 (0xce3f2a23) sw      gp, -780(t5)
core   0: 3 0x8000b310 (0xce3f2a23) mem 0x8000d000 0x00000001
core   0: 0x8000b314 (0xff9ff06f) j       pc - 0x8
core   0: 3 0x8000b314 (0xff9ff06f)
core   0: 0x8000b30c (0x00002f17) auipc   t5, 0x2
core   0: 3 0x8000b30c (0x00002f17) x30 0x8000d30c
core   0: 0x8000b310 (0xce3f2a23) sw      gp, -780(t5)
core   0: 3 0x8000b310 (0xce3f2a23) mem 0x8000d000 0x00000001
core   0: 0x8000b314 (0xff9ff06f) j       pc - 0x8
core   0: 3 0x8000b314 (0xff9ff06f)
core   0: 0x8000b30c (0x00002f17) auipc   t5, 0x2
core   0: 3 0x8000b30c (0x00002f17) x30 0x8000d30c
core   0: 0x8000b310 (0xce3f2a23) sw      gp, -780(t5)
core   0: 3 0x8000b310 (0xce3f2a23) mem 0x8000d000 0x00000001
core   0: 0x8000b314 (0xff9ff06f) j       pc - 0x8
core   0: 3 0x8000b314 (0xff9ff06f)
core   0: 0x8000b30c (0x00002f17) auipc   t5, 0x2
core   0: 3 0x8000b30c (0x00002f17) x30 0x8000d30c
core   0: 0x8000b310 (0xce3f2a23) sw      gp, -780(t5)
core   0: 3 0x8000b310 (0xce3f2a23) mem 0x8000d000 0x00000001
core   0: 0x8000b314 (0xff9ff06f) j       pc - 0x8
core   0: 3 0x8000b314 (0xff9ff06f)
core   0: 0x8000b30c (0x00002f17) auipc   t5, 0x2
core   0: 3 0x8000b30c (0x00002f17) x30 0x8000d30c
core   0: 0x8000b310 (0xce3f2a23) sw      gp, -780(t5)
core   0: 3 0x8000b310 (0xce3f2a23) mem 0x8000d000 0x00000001
core   0: 0x8000b314 (0xff9ff06f) j       pc - 0x8
core   0: 3 0x8000b314 (0xff9ff06f)
core   0: 0x8000b30c (0x00002f17) auipc   t5, 0x2
core   0: 3 0x8000b30c (0x00002f17) x30 0x8000d30c
core   0: 0x8000b310 (0xce3f2a23) sw      gp, -780(t5)
core   0: 3 0x8000b310 (0xce3f2a23) mem 0x8000d000 0x00000001
core   0: 0x8000b314 (0xff9ff06f) j       pc - 0x8
core   0: 3 0x8000b314 (0xff9ff06f)
core   0: 0x8000b30c (0x00002f17) auipc   t5, 0x2
core   0: 3 0x8000b30c (0x00002f17) x30 0x8000d30c
core   0: 0x8000b310 (0xce3f2a23) sw      gp, -780(t5)
core   0: 3 0x8000b310 (0xce3f2a23) mem 0x8000d000 0x00000001
core   0: 0x8000b314 (0xff9ff06f) j       pc - 0x8
core   0: 3 0x8000b314 (0xff9ff06f)
core   0: 0x8000b30c (0x00002f17) auipc   t5, 0x2
core   0: 3 0x8000b30c (0x00002f17) x30 0x8000d30c
core   0: 0x8000b310 (0xce3f2a23) sw      gp, -780(t5)
core   0: 3 0x8000b310 (0xce3f2a23) mem 0x8000d000 0x00000001
core   0: 0x8000b314 (0xff9ff06f) j       pc - 0x8
core   0: 3 0x8000b314 (0xff9ff06f)
core   0: 0x8000b30c (0x00002f17) auipc   t5, 0x2
core   0: 3 0x8000b30c (0x00002f17) x30 0x8000d30c
core   0: 0x8000b310 (0xce3f2a23) sw      gp, -780(t5)
core   0: 3 0x8000b310 (0xce3f2a23) mem 0x8000d000 0x00000001
core   0: 0x8000b314 (0xff9ff06f) j       pc - 0x8
core   0: 3 0x8000b314 (0xff9ff06f)
core   0: 0x8000b30c (0x00002f17) auipc   t5, 0x2
core   0: 3 0x8000b30c (0x00002f17) x30 0x8000d30c
core   0: 0x8000b310 (0xce3f2a23) sw      gp, -780(t5)
core   0: 3 0x8000b310 (0xce3f2a23) mem 0x8000d000 0x00000001
core   0: 0x8000b314 (0xff9ff06f) j       pc - 0x8
core   0: 3 0x8000b314 (0xff9ff06f)
core   0: 0x8000b30c (0x00002f17) auipc   t5, 0x2
core   0: 3 0x8000b30c (0x00002f17) x30 0x8000d30c
core   0: 0x8000b310 (0xce3f2a23) sw      gp, -780(t5)
core   0: 3 0x8000b310 (0xce3f2a23) mem 0x8000d000 0x00000001
core   0: 0x8000b314 (0xff9ff06f) j       pc - 0x8
core   0: 3 0x8000b314 (0xff9ff06f)
core   0: 0x8000b30c (0x00002f17) auipc   t5, 0x2
core   0: 3 0x8000b30c (0x00002f17) x30 0x8000d30c
core   0: 0x8000b310 (0xce3f2a23) sw      gp, -780(t5)
core   0: 3 0x8000b310 (0xce3f2a23) mem 0x8000d000 0x00000001
core   0: 0x8000b314 (0xff9ff06f) j       pc - 0x8
core   0: 3 0x8000b314 (0xff9ff06f)
core   0: 0x8000b30c (0x00002f17) auipc   t5, 0x2
core   0: 3 0x8000b30c (0x00002f17) x30 0x8000d30c
core   0: 0x8000b310 (0xce3f2a23) sw      gp, -780(t5)
core   0: 3 0x8000b310 (0xce3f2a23) mem 0x8000d000 0x00000001
core   0: 0x8000b314 (0xff9ff06f) j       pc - 0x8
core   0: 3 0x8000b314 (0xff9ff06f)
core   0: 0x8000b30c (0x00002f17) auipc   t5, 0x2
core   0: 3 0x8000b30c (0x00002f17) x30 0x8000d30c
core   0: 0x8000b310 (0xce3f2a23) sw      gp, -780(t5)
core   0: 3 0x8000b310 (0xce3f2a23) mem 0x8000d000 0x00000001
core   0: 0x8000b314 (0xff9ff06f) j       pc - 0x8
core   0: 3 0x8000b314 (0xff9ff06f)
core   0: 0x8000b30c (0x00002f17) auipc   t5, 0x2
core   0: 3 0x8000b30c (0x00002f17) x30 0x8000d30c
core   0: 0x8000b310 (0xce3f2a23) sw      gp, -780(t5)
core   0: 3 0x8000b310 (0xce3f2a23) mem 0x8000d000 0x00000001
core   0: 0x8000b314 (0xff9ff06f) j       pc - 0x8
core   0: 3 0x8000b314 (0xff9ff06f)
core   0: 0x8000b30c (0x00002f17) auipc   t5, 0x2
core   0: 3 0x8000b30c (0x00002f17) x30 0x8000d30c
core   0: 0x8000b310 (0xce3f2a23) sw      gp, -780(t5)
core   0: 3 0x8000b310 (0xce3f2a23) mem 0x8000d000 0x00000001
core   0: 0x8000b314 (0xff9ff06f) j       pc - 0x8
core   0: 3 0x8000b314 (0xff9ff06f)
core   0: 0x8000b30c (0x00002f17) auipc   t5, 0x2
core   0: 3 0x8000b30c (0x00002f17) x30 0x8000d30c
core   0: 0x8000b310 (0xce3f2a23) sw      gp, -780(t5)
core   0: 3 0x8000b310 (0xce3f2a23) mem 0x8000d000 0x00000001
core   0: 0x8000b314 (0xff9ff06f) j       pc - 0x8
core   0: 3 0x8000b314 (0xff9ff06f)
core   0: 0x8000b30c (0x00002f17) auipc   t5, 0x2
core   0: 3 0x8000b30c (0x00002f17) x30 0x8000d30c
core   0: 0x8000b310 (0xce3f2a23) sw      gp, -780(t5)
core   0: 3 0x8000b310 (0xce3f2a23) mem 0x8000d000 0x00000001
core   0: 0x8000b314 (0xff9ff06f) j       pc - 0x8
core   0: 3 0x8000b314 (0xff9ff06f)
core   0: 0x8000b30c (0x00002f17) auipc   t5, 0x2
core   0: 3 0x8000b30c (0x00002f17) x30 0x8000d30c
core   0: 0x8000b310 (0xce3f2a23) sw      gp, -780(t5)
core   0: 3 0x8000b310 (0xce3f2a23) mem 0x8000d000 0x00000001
core   0: 0x8000b314 (0xff9ff06f) j       pc - 0x8
core   0: 3 0x8000b314 (0xff9ff06f)
core   0: 0x8000b30c (0x00002f17) auipc   t5, 0x2
core   0: 3 0x8000b30c (0x00002f17) x30 0x8000d30c
core   0: 0x8000b310 (0xce3f2a23) sw      gp, -780(t5)
core   0: 3 0x8000b310 (0xce3f2a23) mem 0x8000d000 0x00000001
core   0: 0x8000b314 (0xff9ff06f) j       pc - 0x8
core   0: 3 0x8000b314 (0xff9ff06f)
core   0: 0x8000b30c (0x00002f17) auipc   t5, 0x2
core   0: 3 0x8000b30c (0x00002f17) x30 0x8000d30c
core   0: 0x8000b310 (0xce3f2a23) sw      gp, -780(t5)
core   0: 3 0x8000b310 (0xce3f2a23) mem 0x8000d000 0x00000001
core   0: 0x8000b314 (0xff9ff06f) j       pc - 0x8
core   0: 3 0x8000b314 (0xff9ff06f)
core   0: 0x8000b30c (0x00002f17) auipc   t5, 0x2
core   0: 3 0x8000b30c (0x00002f17) x30 0x8000d30c
core   0: 0x8000b310 (0xce3f2a23) sw      gp, -780(t5)
core   0: 3 0x8000b310 (0xce3f2a23) mem 0x8000d000 0x00000001
core   0: 0x8000b314 (0xff9ff06f) j       pc - 0x8
core   0: 3 0x8000b314 (0xff9ff06f)
core   0: 0x8000b30c (0x00002f17) auipc   t5, 0x2
core   0: 3 0x8000b30c (0x00002f17) x30 0x8000d30c
core   0: 0x8000b310 (0xce3f2a23) sw      gp, -780(t5)
core   0: 3 0x8000b310 (0xce3f2a23) mem 0x8000d000 0x00000001
core   0: 0x8000b314 (0xff9ff06f) j       pc - 0x8
core   0: 3 0x8000b314 (0xff9ff06f)
core   0: 0x8000b30c (0x00002f17) auipc   t5, 0x2
core   0: 3 0x8000b30c (0x00002f17) x30 0x8000d30c
core   0: 0x8000b310 (0xce3f2a23) sw      gp, -780(t5)
core   0: 3 0x8000b310 (0xce3f2a23) mem 0x8000d000 0x00000001
core   0: 0x8000b314 (0xff9ff06f) j       pc - 0x8
core   0: 3 0x8000b314 (0xff9ff06f)
core   0: 0x8000b30c (0x00002f17) auipc   t5, 0x2
core   0: 3 0x8000b30c (0x00002f17) x30 0x8000d30c
core   0: 0x8000b310 (0xce3f2a23) sw      gp, -780(t5)
core   0: 3 0x8000b310 (0xce3f2a23) mem 0x8000d000 0x00000001
core   0: 0x8000b314 (0xff9ff06f) j       pc - 0x8
core   0: 3 0x8000b314 (0xff9ff06f)
core   0: 0x8000b30c (0x00002f17) auipc   t5, 0x2
core   0: 3 0x8000b30c (0x00002f17) x30 0x8000d30c
core   0: 0x8000b310 (0xce3f2a23) sw      gp, -780(t5)
core   0: 3 0x8000b310 (0xce3f2a23) mem 0x8000d000 0x00000001
core   0: 0x8000b314 (0xff9ff06f) j       pc - 0x8
core   0: 3 0x8000b314 (0xff9ff06f)
core   0: 0x8000b30c (0x00002f17) auipc   t5, 0x2
core   0: 3 0x8000b30c (0x00002f17) x30 0x8000d30c
core   0: 0x8000b310 (0xce3f2a23) sw      gp, -780(t5)
core   0: 3 0x8000b310 (0xce3f2a23) mem 0x8000d000 0x00000001
core   0: 0x8000b314 (0xff9ff06f) j       pc - 0x8
core   0: 3 0x8000b314 (0xff9ff06f)
core   0: 0x8000b30c (0x00002f17) auipc   t5, 0x2
core   0: 3 0x8000b30c (0x00002f17) x30 0x8000d30c
core   0: 0x8000b310 (0xce3f2a23) sw      gp, -780(t5)
core   0: 3 0x8000b310 (0xce3f2a23) mem 0x8000d000 0x00000001
core   0: 0x8000b314 (0xff9ff06f) j       pc - 0x8
core   0: 3 0x8000b314 (0xff9ff06f)
core   0: 0x8000b30c (0x00002f17) auipc   t5, 0x2
core   0: 3 0x8000b30c (0x00002f17) x30 0x8000d30c
core   0: 0x8000b310 (0xce3f2a23) sw      gp, -780(t5)
core   0: 3 0x8000b310 (0xce3f2a23) mem 0x8000d000 0x00000001
core   0: 0x8000b314 (0xff9ff06f) j       pc - 0x8
core   0: 3 0x8000b314 (0xff9ff06f)
core   0: 0x8000b30c (0x00002f17) auipc   t5, 0x2
core   0: 3 0x8000b30c (0x00002f17) x30 0x8000d30c
core   0: 0x8000b310 (0xce3f2a23) sw      gp, -780(t5)
core   0: 3 0x8000b310 (0xce3f2a23) mem 0x8000d000 0x00000001
core   0: 0x8000b314 (0xff9ff06f) j       pc - 0x8
core   0: 3 0x8000b314 (0xff9ff06f)
core   0: 0x8000b30c (0x00002f17) auipc   t5, 0x2
core   0: 3 0x8000b30c (0x00002f17) x30 0x8000d30c
core   0: 0x8000b310 (0xce3f2a23) sw      gp, -780(t5)
core   0: 3 0x8000b310 (0xce3f2a23) mem 0x8000d000 0x00000001
core   0: 0x8000b314 (0xff9ff06f) j       pc - 0x8
core   0: 3 0x8000b314 (0xff9ff06f)
core   0: 0x8000b30c (0x00002f17) auipc   t5, 0x2
core   0: 3 0x8000b30c (0x00002f17) x30 0x8000d30c
core   0: 0x8000b310 (0xce3f2a23) sw      gp, -780(t5)
core   0: 3 0x8000b310 (0xce3f2a23) mem 0x8000d000 0x00000001
core   0: 0x8000b314 (0xff9ff06f) j       pc - 0x8
core   0: 3 0x8000b314 (0xff9ff06f)
core   0: 0x8000b30c (0x00002f17) auipc   t5, 0x2
core   0: 3 0x8000b30c (0x00002f17) x30 0x8000d30c
core   0: 0x8000b310 (0xce3f2a23) sw      gp, -780(t5)
core   0: 3 0x8000b310 (0xce3f2a23) mem 0x8000d000 0x00000001
core   0: 0x8000b314 (0xff9ff06f) j       pc - 0x8
core   0: 3 0x8000b314 (0xff9ff06f)
core   0: 0x8000b30c (0x00002f17) auipc   t5, 0x2
core   0: 3 0x8000b30c (0x00002f17) x30 0x8000d30c
core   0: 0x8000b310 (0xce3f2a23) sw      gp, -780(t5)
core   0: 3 0x8000b310 (0xce3f2a23) mem 0x8000d000 0x00000001
core   0: 0x8000b314 (0xff9ff06f) j       pc - 0x8
core   0: 3 0x8000b314 (0xff9ff06f)
core   0: 0x8000b30c (0x00002f17) auipc   t5, 0x2
core   0: 3 0x8000b30c (0x00002f17) x30 0x8000d30c
core   0: 0x8000b310 (0xce3f2a23) sw      gp, -780(t5)
core   0: 3 0x8000b310 (0xce3f2a23) mem 0x8000d000 0x00000001
core   0: 0x8000b314 (0xff9ff06f) j       pc - 0x8
core   0: 3 0x8000b314 (0xff9ff06f)
core   0: 0x8000b30c (0x00002f17) auipc   t5, 0x2
core   0: 3 0x8000b30c (0x00002f17) x30 0x8000d30c
core   0: 0x8000b310 (0xce3f2a23) sw      gp, -780(t5)
core   0: 3 0x8000b310 (0xce3f2a23) mem 0x8000d000 0x00000001
core   0: 0x8000b314 (0xff9ff06f) j       pc - 0x8
core   0: 3 0x8000b314 (0xff9ff06f)
core   0: 0x8000b30c (0x00002f17) auipc   t5, 0x2
core   0: 3 0x8000b30c (0x00002f17) x30 0x8000d30c
core   0: 0x8000b310 (0xce3f2a23) sw      gp, -780(t5)
core   0: 3 0x8000b310 (0xce3f2a23) mem 0x8000d000 0x00000001
core   0: 0x8000b314 (0xff9ff06f) j       pc - 0x8
core   0: 3 0x8000b314 (0xff9ff06f)
core   0: 0x8000b30c (0x00002f17) auipc   t5, 0x2
core   0: 3 0x8000b30c (0x00002f17) x30 0x8000d30c
core   0: 0x8000b310 (0xce3f2a23) sw      gp, -780(t5)
core   0: 3 0x8000b310 (0xce3f2a23) mem 0x8000d000 0x00000001
core   0: 0x8000b314 (0xff9ff06f) j       pc - 0x8
core   0: 3 0x8000b314 (0xff9ff06f)
core   0: 0x8000b30c (0x00002f17) auipc   t5, 0x2
core   0: 3 0x8000b30c (0x00002f17) x30 0x8000d30c
core   0: 0x8000b310 (0xce3f2a23) sw      gp, -780(t5)
core   0: 3 0x8000b310 (0xce3f2a23) mem 0x8000d000 0x00000001
core   0: 0x8000b314 (0xff9ff06f) j       pc - 0x8
core   0: 3 0x8000b314 (0xff9ff06f)
core   0: 0x8000b30c (0x00002f17) auipc   t5, 0x2
core   0: 3 0x8000b30c (0x00002f17) x30 0x8000d30c
core   0: 0x8000b310 (0xce3f2a23) sw      gp, -780(t5)
core   0: 3 0x8000b310 (0xce3f2a23) mem 0x8000d000 0x00000001
core   0: 0x8000b314 (0xff9ff06f) j       pc - 0x8
core   0: 3 0x8000b314 (0xff9ff06f)
core   0: 0x8000b30c (0x00002f17) auipc   t5, 0x2
core   0: 3 0x8000b30c (0x00002f17) x30 0x8000d30c
core   0: 0x8000b310 (0xce3f2a23) sw      gp, -780(t5)
core   0: 3 0x8000b310 (0xce3f2a23) mem 0x8000d000 0x00000001
core   0: 0x8000b314 (0xff9ff06f) j       pc - 0x8
core   0: 3 0x8000b314 (0xff9ff06f)
core   0: 0x8000b30c (0x00002f17) auipc   t5, 0x2
core   0: 3 0x8000b30c (0x00002f17) x30 0x8000d30c
core   0: 0x8000b310 (0xce3f2a23) sw      gp, -780(t5)
core   0: 3 0x8000b310 (0xce3f2a23) mem 0x8000d000 0x00000001
core   0: 0x8000b314 (0xff9ff06f) j       pc - 0x8
core   0: 3 0x8000b314 (0xff9ff06f)
core   0: 0x8000b30c (0x00002f17) auipc   t5, 0x2
core   0: 3 0x8000b30c (0x00002f17) x30 0x8000d30c
core   0: 0x8000b310 (0xce3f2a23) sw      gp, -780(t5)
core   0: 3 0x8000b310 (0xce3f2a23) mem 0x8000d000 0x00000001
core   0: 0x8000b314 (0xff9ff06f) j       pc - 0x8
core   0: 3 0x8000b314 (0xff9ff06f)
core   0: 0x8000b30c (0x00002f17) auipc   t5, 0x2
core   0: 3 0x8000b30c (0x00002f17) x30 0x8000d30c
core   0: 0x8000b310 (0xce3f2a23) sw      gp, -780(t5)
core   0: 3 0x8000b310 (0xce3f2a23) mem 0x8000d000 0x00000001
core   0: 0x8000b314 (0xff9ff06f) j       pc - 0x8
core   0: 3 0x8000b314 (0xff9ff06f)
core   0: 0x8000b30c (0x00002f17) auipc   t5, 0x2
core   0: 3 0x8000b30c (0x00002f17) x30 0x8000d30c
core   0: 0x8000b310 (0xce3f2a23) sw      gp, -780(t5)
core   0: 3 0x8000b310 (0xce3f2a23) mem 0x8000d000 0x00000001
core   0: 0x8000b314 (0xff9ff06f) j       pc - 0x8
core   0: 3 0x8000b314 (0xff9ff06f)
core   0: 0x8000b30c (0x00002f17) auipc   t5, 0x2
core   0: 3 0x8000b30c (0x00002f17) x30 0x8000d30c
core   0: 0x8000b310 (0xce3f2a23) sw      gp, -780(t5)
core   0: 3 0x8000b310 (0xce3f2a23) mem 0x8000d000 0x00000001
core   0: 0x8000b314 (0xff9ff06f) j       pc - 0x8
core   0: 3 0x8000b314 (0xff9ff06f)
core   0: 0x8000b30c (0x00002f17) auipc   t5, 0x2
core   0: 3 0x8000b30c (0x00002f17) x30 0x8000d30c
core   0: 0x8000b310 (0xce3f2a23) sw      gp, -780(t5)
core   0: 3 0x8000b310 (0xce3f2a23) mem 0x8000d000 0x00000001
core   0: 0x8000b314 (0xff9ff06f) j       pc - 0x8
core   0: 3 0x8000b314 (0xff9ff06f)
core   0: 0x8000b30c (0x00002f17) auipc   t5, 0x2
core   0: 3 0x8000b30c (0x00002f17) x30 0x8000d30c
core   0: 0x8000b310 (0xce3f2a23) sw      gp, -780(t5)
core   0: 3 0x8000b310 (0xce3f2a23) mem 0x8000d000 0x00000001
core   0: 0x8000b314 (0xff9ff06f) j       pc - 0x8
core   0: 3 0x8000b314 (0xff9ff06f)
core   0: 0x8000b30c (0x00002f17) auipc   t5, 0x2
core   0: 3 0x8000b30c (0x00002f17) x30 0x8000d30c
core   0: 0x8000b310 (0xce3f2a23) sw      gp, -780(t5)
core   0: 3 0x8000b310 (0xce3f2a23) mem 0x8000d000 0x00000001
core   0: 0x8000b314 (0xff9ff06f) j       pc - 0x8
core   0: 3 0x8000b314 (0xff9ff06f)
core   0: 0x8000b30c (0x00002f17) auipc   t5, 0x2
core   0: 3 0x8000b30c (0x00002f17) x30 0x8000d30c
core   0: 0x8000b310 (0xce3f2a23) sw      gp, -780(t5)
core   0: 3 0x8000b310 (0xce3f2a23) mem 0x8000d000 0x00000001
core   0: 0x8000b314 (0xff9ff06f) j       pc - 0x8
core   0: 3 0x8000b314 (0xff9ff06f)
core   0: 0x8000b30c (0x00002f17) auipc   t5, 0x2
core   0: 3 0x8000b30c (0x00002f17) x30 0x8000d30c
core   0: 0x8000b310 (0xce3f2a23) sw      gp, -780(t5)
core   0: 3 0x8000b310 (0xce3f2a23) mem 0x8000d000 0x00000001
core   0: 0x8000b314 (0xff9ff06f) j       pc - 0x8
core   0: 3 0x8000b314 (0xff9ff06f)
core   0: 0x8000b30c (0x00002f17) auipc   t5, 0x2
core   0: 3 0x8000b30c (0x00002f17) x30 0x8000d30c
core   0: 0x8000b310 (0xce3f2a23) sw      gp, -780(t5)
core   0: 3 0x8000b310 (0xce3f2a23) mem 0x8000d000 0x00000001
core   0: 0x8000b314 (0xff9ff06f) j       pc - 0x8
core   0: 3 0x8000b314 (0xff9ff06f)
core   0: 0x8000b30c (0x00002f17) auipc   t5, 0x2
core   0: 3 0x8000b30c (0x00002f17) x30 0x8000d30c
core   0: 0x8000b310 (0xce3f2a23) sw      gp, -780(t5)
core   0: 3 0x8000b310 (0xce3f2a23) mem 0x8000d000 0x00000001
core   0: 0x8000b314 (0xff9ff06f) j       pc - 0x8
core   0: 3 0x8000b314 (0xff9ff06f)
core   0: 0x8000b30c (0x00002f17) auipc   t5, 0x2
core   0: 3 0x8000b30c (0x00002f17) x30 0x8000d30c
core   0: 0x8000b310 (0xce3f2a23) sw      gp, -780(t5)
core   0: 3 0x8000b310 (0xce3f2a23) mem 0x8000d000 0x00000001
core   0: 0x8000b314 (0xff9ff06f) j       pc - 0x8
core   0: 3 0x8000b314 (0xff9ff06f)
core   0: 0x8000b30c (0x00002f17) auipc   t5, 0x2
core   0: 3 0x8000b30c (0x00002f17) x30 0x8000d30c
core   0: 0x8000b310 (0xce3f2a23) sw      gp, -780(t5)
core   0: 3 0x8000b310 (0xce3f2a23) mem 0x8000d000 0x00000001
core   0: 0x8000b314 (0xff9ff06f) j       pc - 0x8
core   0: 3 0x8000b314 (0xff9ff06f)
core   0: 0x8000b30c (0x00002f17) auipc   t5, 0x2
core   0: 3 0x8000b30c (0x00002f17) x30 0x8000d30c
core   0: 0x8000b310 (0xce3f2a23) sw      gp, -780(t5)
core   0: 3 0x8000b310 (0xce3f2a23) mem 0x8000d000 0x00000001
core   0: 0x8000b314 (0xff9ff06f) j       pc - 0x8
core   0: 3 0x8000b314 (0xff9ff06f)
core   0: 0x8000b30c (0x00002f17) auipc   t5, 0x2
core   0: 3 0x8000b30c (0x00002f17) x30 0x8000d30c
core   0: 0x8000b310 (0xce3f2a23) sw      gp, -780(t5)
core   0: 3 0x8000b310 (0xce3f2a23) mem 0x8000d000 0x00000001
core   0: 0x8000b314 (0xff9ff06f) j       pc - 0x8
core   0: 3 0x8000b314 (0xff9ff06f)
core   0: 0x8000b30c (0x00002f17) auipc   t5, 0x2
core   0: 3 0x8000b30c (0x00002f17) x30 0x8000d30c
core   0: 0x8000b310 (0xce3f2a23) sw      gp, -780(t5)
core   0: 3 0x8000b310 (0xce3f2a23) mem 0x8000d000 0x00000001
core   0: 0x8000b314 (0xff9ff06f) j       pc - 0x8
core   0: 3 0x8000b314 (0xff9ff06f)
core   0: 0x8000b30c (0x00002f17) auipc   t5, 0x2
core   0: 3 0x8000b30c (0x00002f17) x30 0x8000d30c
core   0: 0x8000b310 (0xce3f2a23) sw      gp, -780(t5)
core   0: 3 0x8000b310 (0xce3f2a23) mem 0x8000d000 0x00000001
core   0: 0x8000b314 (0xff9ff06f) j       pc - 0x8
core   0: 3 0x8000b314 (0xff9ff06f)
core   0: 0x8000b30c (0x00002f17) auipc   t5, 0x2
core   0: 3 0x8000b30c (0x00002f17) x30 0x8000d30c
core   0: 0x8000b310 (0xce3f2a23) sw      gp, -780(t5)
core   0: 3 0x8000b310 (0xce3f2a23) mem 0x8000d000 0x00000001
core   0: 0x8000b314 (0xff9ff06f) j       pc - 0x8
core   0: 3 0x8000b314 (0xff9ff06f)
core   0: 0x8000b30c (0x00002f17) auipc   t5, 0x2
core   0: 3 0x8000b30c (0x00002f17) x30 0x8000d30c
core   0: 0x8000b310 (0xce3f2a23) sw      gp, -780(t5)
core   0: 3 0x8000b310 (0xce3f2a23) mem 0x8000d000 0x00000001
core   0: 0x8000b314 (0xff9ff06f) j       pc - 0x8
core   0: 3 0x8000b314 (0xff9ff06f)
core   0: 0x8000b30c (0x00002f17) auipc   t5, 0x2
core   0: 3 0x8000b30c (0x00002f17) x30 0x8000d30c
core   0: 0x8000b310 (0xce3f2a23) sw      gp, -780(t5)
core   0: 3 0x8000b310 (0xce3f2a23) mem 0x8000d000 0x00000001
core   0: 0x8000b314 (0xff9ff06f) j       pc - 0x8
core   0: 3 0x8000b314 (0xff9ff06f)
core   0: 0x8000b30c (0x00002f17) auipc   t5, 0x2
core   0: 3 0x8000b30c (0x00002f17) x30 0x8000d30c
core   0: 0x8000b310 (0xce3f2a23) sw      gp, -780(t5)
core   0: 3 0x8000b310 (0xce3f2a23) mem 0x8000d000 0x00000001
core   0: 0x8000b314 (0xff9ff06f) j       pc - 0x8
core   0: 3 0x8000b314 (0xff9ff06f)
core   0: 0x8000b30c (0x00002f17) auipc   t5, 0x2
core   0: 3 0x8000b30c (0x00002f17) x30 0x8000d30c
core   0: 0x8000b310 (0xce3f2a23) sw      gp, -780(t5)
core   0: 3 0x8000b310 (0xce3f2a23) mem 0x8000d000 0x00000001
core   0: 0x8000b314 (0xff9ff06f) j       pc - 0x8
core   0: 3 0x8000b314 (0xff9ff06f)
core   0: 0x8000b30c (0x00002f17) auipc   t5, 0x2
core   0: 3 0x8000b30c (0x00002f17) x30 0x8000d30c
core   0: 0x8000b310 (0xce3f2a23) sw      gp, -780(t5)
core   0: 3 0x8000b310 (0xce3f2a23) mem 0x8000d000 0x00000001
core   0: 0x8000b314 (0xff9ff06f) j       pc - 0x8
core   0: 3 0x8000b314 (0xff9ff06f)
core   0: 0x8000b30c (0x00002f17) auipc   t5, 0x2
core   0: 3 0x8000b30c (0x00002f17) x30 0x8000d30c
core   0: 0x8000b310 (0xce3f2a23) sw      gp, -780(t5)
core   0: 3 0x8000b310 (0xce3f2a23) mem 0x8000d000 0x00000001
core   0: 0x8000b314 (0xff9ff06f) j       pc - 0x8
core   0: 3 0x8000b314 (0xff9ff06f)
core   0: 0x8000b30c (0x00002f17) auipc   t5, 0x2
core   0: 3 0x8000b30c (0x00002f17) x30 0x8000d30c
core   0: 0x8000b310 (0xce3f2a23) sw      gp, -780(t5)
core   0: 3 0x8000b310 (0xce3f2a23) mem 0x8000d000 0x00000001
core   0: 0x8000b314 (0xff9ff06f) j       pc - 0x8
core   0: 3 0x8000b314 (0xff9ff06f)
core   0: 0x8000b30c (0x00002f17) auipc   t5, 0x2
core   0: 3 0x8000b30c (0x00002f17) x30 0x8000d30c
core   0: 0x8000b310 (0xce3f2a23) sw      gp, -780(t5)
core   0: 3 0x8000b310 (0xce3f2a23) mem 0x8000d000 0x00000001
core   0: 0x8000b314 (0xff9ff06f) j       pc - 0x8
core   0: 3 0x8000b314 (0xff9ff06f)
core   0: 0x8000b30c (0x00002f17) auipc   t5, 0x2
core   0: 3 0x8000b30c (0x00002f17) x30 0x8000d30c
core   0: 0x8000b310 (0xce3f2a23) sw      gp, -780(t5)
core   0: 3 0x8000b310 (0xce3f2a23) mem 0x8000d000 0x00000001
core   0: 0x8000b314 (0xff9ff06f) j       pc - 0x8
core   0: 3 0x8000b314 (0xff9ff06f)
core   0: 0x8000b30c (0x00002f17) auipc   t5, 0x2
core   0: 3 0x8000b30c (0x00002f17) x30 0x8000d30c
core   0: 0x8000b310 (0xce3f2a23) sw      gp, -780(t5)
core   0: 3 0x8000b310 (0xce3f2a23) mem 0x8000d000 0x00000001
core   0: 0x8000b314 (0xff9ff06f) j       pc - 0x8
core   0: 3 0x8000b314 (0xff9ff06f)
core   0: 0x8000b30c (0x00002f17) auipc   t5, 0x2
core   0: 3 0x8000b30c (0x00002f17) x30 0x8000d30c
core   0: 0x8000b310 (0xce3f2a23) sw      gp, -780(t5)
core   0: 3 0x8000b310 (0xce3f2a23) mem 0x8000d000 0x00000001
core   0: 0x8000b314 (0xff9ff06f) j       pc - 0x8
core   0: 3 0x8000b314 (0xff9ff06f)
core   0: 0x8000b30c (0x00002f17) auipc   t5, 0x2
core   0: 3 0x8000b30c (0x00002f17) x30 0x8000d30c
core   0: 0x8000b310 (0xce3f2a23) sw      gp, -780(t5)
core   0: 3 0x8000b310 (0xce3f2a23) mem 0x8000d000 0x00000001
core   0: 0x8000b314 (0xff9ff06f) j       pc - 0x8
core   0: 3 0x8000b314 (0xff9ff06f)
core   0: 0x8000b30c (0x00002f17) auipc   t5, 0x2
core   0: 3 0x8000b30c (0x00002f17) x30 0x8000d30c
core   0: 0x8000b310 (0xce3f2a23) sw      gp, -780(t5)
core   0: 3 0x8000b310 (0xce3f2a23) mem 0x8000d000 0x00000001
core   0: 0x8000b314 (0xff9ff06f) j       pc - 0x8
core   0: 3 0x8000b314 (0xff9ff06f)
core   0: 0x8000b30c (0x00002f17) auipc   t5, 0x2
core   0: 3 0x8000b30c (0x00002f17) x30 0x8000d30c
core   0: 0x8000b310 (0xce3f2a23) sw      gp, -780(t5)
core   0: 3 0x8000b310 (0xce3f2a23) mem 0x8000d000 0x00000001
core   0: 0x8000b314 (0xff9ff06f) j       pc - 0x8
core   0: 3 0x8000b314 (0xff9ff06f)
core   0: 0x8000b30c (0x00002f17) auipc   t5, 0x2
core   0: 3 0x8000b30c (0x00002f17) x30 0x8000d30c
core   0: 0x8000b310 (0xce3f2a23) sw      gp, -780(t5)
core   0: 3 0x8000b310 (0xce3f2a23) mem 0x8000d000 0x00000001
core   0: 0x8000b314 (0xff9ff06f) j       pc - 0x8
core   0: 3 0x8000b314 (0xff9ff06f)
core   0: 0x8000b30c (0x00002f17) auipc   t5, 0x2
core   0: 3 0x8000b30c (0x00002f17) x30 0x8000d30c
core   0: 0x8000b310 (0xce3f2a23) sw      gp, -780(t5)
core   0: 3 0x8000b310 (0xce3f2a23) mem 0x8000d000 0x00000001
core   0: 0x8000b314 (0xff9ff06f) j       pc - 0x8
core   0: 3 0x8000b314 (0xff9ff06f)
core   0: 0x8000b30c (0x00002f17) auipc   t5, 0x2
core   0: 3 0x8000b30c (0x00002f17) x30 0x8000d30c
core   0: 0x8000b310 (0xce3f2a23) sw      gp, -780(t5)
core   0: 3 0x8000b310 (0xce3f2a23) mem 0x8000d000 0x00000001
core   0: 0x8000b314 (0xff9ff06f) j       pc - 0x8
core   0: 3 0x8000b314 (0xff9ff06f)
core   0: 0x8000b30c (0x00002f17) auipc   t5, 0x2
core   0: 3 0x8000b30c (0x00002f17) x30 0x8000d30c
core   0: 0x8000b310 (0xce3f2a23) sw      gp, -780(t5)
core   0: 3 0x8000b310 (0xce3f2a23) mem 0x8000d000 0x00000001
core   0: 0x8000b314 (0xff9ff06f) j       pc - 0x8
core   0: 3 0x8000b314 (0xff9ff06f)
core   0: 0x8000b30c (0x00002f17) auipc   t5, 0x2
core   0: 3 0x8000b30c (0x00002f17) x30 0x8000d30c
core   0: 0x8000b310 (0xce3f2a23) sw      gp, -780(t5)
core   0: 3 0x8000b310 (0xce3f2a23) mem 0x8000d000 0x00000001
core   0: 0x8000b314 (0xff9ff06f) j       pc - 0x8
core   0: 3 0x8000b314 (0xff9ff06f)
core   0: 0x8000b30c (0x00002f17) auipc   t5, 0x2
core   0: 3 0x8000b30c (0x00002f17) x30 0x8000d30c
core   0: 0x8000b310 (0xce3f2a23) sw      gp, -780(t5)
core   0: 3 0x8000b310 (0xce3f2a23) mem 0x8000d000 0x00000001
core   0: 0x8000b314 (0xff9ff06f) j       pc - 0x8
core   0: 3 0x8000b314 (0xff9ff06f)
core   0: 0x8000b30c (0x00002f17) auipc   t5, 0x2
core   0: 3 0x8000b30c (0x00002f17) x30 0x8000d30c
core   0: 0x8000b310 (0xce3f2a23) sw      gp, -780(t5)
core   0: 3 0x8000b310 (0xce3f2a23) mem 0x8000d000 0x00000001
core   0: 0x8000b314 (0xff9ff06f) j       pc - 0x8
core   0: 3 0x8000b314 (0xff9ff06f)
core   0: 0x8000b30c (0x00002f17) auipc   t5, 0x2
core   0: 3 0x8000b30c (0x00002f17) x30 0x8000d30c
core   0: 0x8000b310 (0xce3f2a23) sw      gp, -780(t5)
core   0: 3 0x8000b310 (0xce3f2a23) mem 0x8000d000 0x00000001
core   0: 0x8000b314 (0xff9ff06f) j       pc - 0x8
core   0: 3 0x8000b314 (0xff9ff06f)
core   0: 0x8000b30c (0x00002f17) auipc   t5, 0x2
core   0: 3 0x8000b30c (0x00002f17) x30 0x8000d30c
core   0: 0x8000b310 (0xce3f2a23) sw      gp, -780(t5)
core   0: 3 0x8000b310 (0xce3f2a23) mem 0x8000d000 0x00000001
core   0: 0x8000b314 (0xff9ff06f) j       pc - 0x8
core   0: 3 0x8000b314 (0xff9ff06f)
core   0: 0x8000b30c (0x00002f17) auipc   t5, 0x2
core   0: 3 0x8000b30c (0x00002f17) x30 0x8000d30c
core   0: 0x8000b310 (0xce3f2a23) sw      gp, -780(t5)
core   0: 3 0x8000b310 (0xce3f2a23) mem 0x8000d000 0x00000001
core   0: 0x8000b314 (0xff9ff06f) j       pc - 0x8
core   0: 3 0x8000b314 (0xff9ff06f)
core   0: 0x8000b30c (0x00002f17) auipc   t5, 0x2
core   0: 3 0x8000b30c (0x00002f17) x30 0x8000d30c
core   0: 0x8000b310 (0xce3f2a23) sw      gp, -780(t5)
core   0: 3 0x8000b310 (0xce3f2a23) mem 0x8000d000 0x00000001
core   0: 0x8000b314 (0xff9ff06f) j       pc - 0x8
core   0: 3 0x8000b314 (0xff9ff06f)
core   0: 0x8000b30c (0x00002f17) auipc   t5, 0x2
core   0: 3 0x8000b30c (0x00002f17) x30 0x8000d30c
core   0: 0x8000b310 (0xce3f2a23) sw      gp, -780(t5)
core   0: 3 0x8000b310 (0xce3f2a23) mem 0x8000d000 0x00000001
core   0: 0x8000b314 (0xff9ff06f) j       pc - 0x8
core   0: 3 0x8000b314 (0xff9ff06f)
core   0: 0x8000b30c (0x00002f17) auipc   t5, 0x2
core   0: 3 0x8000b30c (0x00002f17) x30 0x8000d30c
core   0: 0x8000b310 (0xce3f2a23) sw      gp, -780(t5)
core   0: 3 0x8000b310 (0xce3f2a23) mem 0x8000d000 0x00000001
core   0: 0x8000b314 (0xff9ff06f) j       pc - 0x8
core   0: 3 0x8000b314 (0xff9ff06f)
core   0: 0x8000b30c (0x00002f17) auipc   t5, 0x2
core   0: 3 0x8000b30c (0x00002f17) x30 0x8000d30c
core   0: 0x8000b310 (0xce3f2a23) sw      gp, -780(t5)
core   0: 3 0x8000b310 (0xce3f2a23) mem 0x8000d000 0x00000001
core   0: 0x8000b314 (0xff9ff06f) j       pc - 0x8
core   0: 3 0x8000b314 (0xff9ff06f)
core   0: 0x8000b30c (0x00002f17) auipc   t5, 0x2
core   0: 3 0x8000b30c (0x00002f17) x30 0x8000d30c
core   0: 0x8000b310 (0xce3f2a23) sw      gp, -780(t5)
core   0: 3 0x8000b310 (0xce3f2a23) mem 0x8000d000 0x00000001
core   0: 0x8000b314 (0xff9ff06f) j       pc - 0x8
core   0: 3 0x8000b314 (0xff9ff06f)
core   0: 0x8000b30c (0x00002f17) auipc   t5, 0x2
core   0: 3 0x8000b30c (0x00002f17) x30 0x8000d30c
core   0: 0x8000b310 (0xce3f2a23) sw      gp, -780(t5)
core   0: 3 0x8000b310 (0xce3f2a23) mem 0x8000d000 0x00000001
core   0: 0x8000b314 (0xff9ff06f) j       pc - 0x8
core   0: 3 0x8000b314 (0xff9ff06f)
core   0: 0x8000b30c (0x00002f17) auipc   t5, 0x2
core   0: 3 0x8000b30c (0x00002f17) x30 0x8000d30c
core   0: 0x8000b310 (0xce3f2a23) sw      gp, -780(t5)
core   0: 3 0x8000b310 (0xce3f2a23) mem 0x8000d000 0x00000001
core   0: 0x8000b314 (0xff9ff06f) j       pc - 0x8
core   0: 3 0x8000b314 (0xff9ff06f)
core   0: 0x8000b30c (0x00002f17) auipc   t5, 0x2
core   0: 3 0x8000b30c (0x00002f17) x30 0x8000d30c
core   0: 0x8000b310 (0xce3f2a23) sw      gp, -780(t5)
core   0: 3 0x8000b310 (0xce3f2a23) mem 0x8000d000 0x00000001
core   0: 0x8000b314 (0xff9ff06f) j       pc - 0x8
core   0: 3 0x8000b314 (0xff9ff06f)
core   0: 0x8000b30c (0x00002f17) auipc   t5, 0x2
core   0: 3 0x8000b30c (0x00002f17) x30 0x8000d30c
core   0: 0x8000b310 (0xce3f2a23) sw      gp, -780(t5)
core   0: 3 0x8000b310 (0xce3f2a23) mem 0x8000d000 0x00000001
core   0: 0x8000b314 (0xff9ff06f) j       pc - 0x8
core   0: 3 0x8000b314 (0xff9ff06f)
core   0: 0x8000b30c (0x00002f17) auipc   t5, 0x2
core   0: 3 0x8000b30c (0x00002f17) x30 0x8000d30c
core   0: 0x8000b310 (0xce3f2a23) sw      gp, -780(t5)
core   0: 3 0x8000b310 (0xce3f2a23) mem 0x8000d000 0x00000001
core   0: 0x8000b314 (0xff9ff06f) j       pc - 0x8
core   0: 3 0x8000b314 (0xff9ff06f)
core   0: 0x8000b30c (0x00002f17) auipc   t5, 0x2
core   0: 3 0x8000b30c (0x00002f17) x30 0x8000d30c
core   0: 0x8000b310 (0xce3f2a23) sw      gp, -780(t5)
core   0: 3 0x8000b310 (0xce3f2a23) mem 0x8000d000 0x00000001
core   0: 0x8000b314 (0xff9ff06f) j       pc - 0x8
core   0: 3 0x8000b314 (0xff9ff06f)
core   0: 0x8000b30c (0x00002f17) auipc   t5, 0x2
core   0: 3 0x8000b30c (0x00002f17) x30 0x8000d30c
core   0: 0x8000b310 (0xce3f2a23) sw      gp, -780(t5)
core   0: 3 0x8000b310 (0xce3f2a23) mem 0x8000d000 0x00000001
core   0: 0x8000b314 (0xff9ff06f) j       pc - 0x8
core   0: 3 0x8000b314 (0xff9ff06f)
core   0: 0x8000b30c (0x00002f17) auipc   t5, 0x2
core   0: 3 0x8000b30c (0x00002f17) x30 0x8000d30c
core   0: 0x8000b310 (0xce3f2a23) sw      gp, -780(t5)
core   0: 3 0x8000b310 (0xce3f2a23) mem 0x8000d000 0x00000001
core   0: 0x8000b314 (0xff9ff06f) j       pc - 0x8
core   0: 3 0x8000b314 (0xff9ff06f)
core   0: 0x8000b30c (0x00002f17) auipc   t5, 0x2
core   0: 3 0x8000b30c (0x00002f17) x30 0x8000d30c
core   0: 0x8000b310 (0xce3f2a23) sw      gp, -780(t5)
core   0: 3 0x8000b310 (0xce3f2a23) mem 0x8000d000 0x00000001
core   0: 0x8000b314 (0xff9ff06f) j       pc - 0x8
core   0: 3 0x8000b314 (0xff9ff06f)
core   0: 0x8000b30c (0x00002f17) auipc   t5, 0x2
core   0: 3 0x8000b30c (0x00002f17) x30 0x8000d30c
core   0: 0x8000b310 (0xce3f2a23) sw      gp, -780(t5)
core   0: 3 0x8000b310 (0xce3f2a23) mem 0x8000d000 0x00000001
core   0: 0x8000b314 (0xff9ff06f) j       pc - 0x8
core   0: 3 0x8000b314 (0xff9ff06f)
core   0: 0x8000b30c (0x00002f17) auipc   t5, 0x2
core   0: 3 0x8000b30c (0x00002f17) x30 0x8000d30c
core   0: 0x8000b310 (0xce3f2a23) sw      gp, -780(t5)
core   0: 3 0x8000b310 (0xce3f2a23) mem 0x8000d000 0x00000001
core   0: 0x8000b314 (0xff9ff06f) j       pc - 0x8
core   0: 3 0x8000b314 (0xff9ff06f)
core   0: 0x8000b30c (0x00002f17) auipc   t5, 0x2
core   0: 3 0x8000b30c (0x00002f17) x30 0x8000d30c
core   0: 0x8000b310 (0xce3f2a23) sw      gp, -780(t5)
core   0: 3 0x8000b310 (0xce3f2a23) mem 0x8000d000 0x00000001
core   0: 0x8000b314 (0xff9ff06f) j       pc - 0x8
core   0: 3 0x8000b314 (0xff9ff06f)
core   0: 0x8000b30c (0x00002f17) auipc   t5, 0x2
core   0: 3 0x8000b30c (0x00002f17) x30 0x8000d30c
core   0: 0x8000b310 (0xce3f2a23) sw      gp, -780(t5)
core   0: 3 0x8000b310 (0xce3f2a23) mem 0x8000d000 0x00000001
core   0: 0x8000b314 (0xff9ff06f) j       pc - 0x8
core   0: 3 0x8000b314 (0xff9ff06f)
core   0: 0x8000b30c (0x00002f17) auipc   t5, 0x2
core   0: 3 0x8000b30c (0x00002f17) x30 0x8000d30c
core   0: 0x8000b310 (0xce3f2a23) sw      gp, -780(t5)
core   0: 3 0x8000b310 (0xce3f2a23) mem 0x8000d000 0x00000001
core   0: 0x8000b314 (0xff9ff06f) j       pc - 0x8
core   0: 3 0x8000b314 (0xff9ff06f)
core   0: 0x8000b30c (0x00002f17) auipc   t5, 0x2
core   0: 3 0x8000b30c (0x00002f17) x30 0x8000d30c
core   0: 0x8000b310 (0xce3f2a23) sw      gp, -780(t5)
core   0: 3 0x8000b310 (0xce3f2a23) mem 0x8000d000 0x00000001
core   0: 0x8000b314 (0xff9ff06f) j       pc - 0x8
core   0: 3 0x8000b314 (0xff9ff06f)
core   0: 0x8000b30c (0x00002f17) auipc   t5, 0x2
core   0: 3 0x8000b30c (0x00002f17) x30 0x8000d30c
core   0: 0x8000b310 (0xce3f2a23) sw      gp, -780(t5)
core   0: 3 0x8000b310 (0xce3f2a23) mem 0x8000d000 0x00000001
core   0: 0x8000b314 (0xff9ff06f) j       pc - 0x8
core   0: 3 0x8000b314 (0xff9ff06f)
core   0: 0x8000b30c (0x00002f17) auipc   t5, 0x2
core   0: 3 0x8000b30c (0x00002f17) x30 0x8000d30c
core   0: 0x8000b310 (0xce3f2a23) sw      gp, -780(t5)
core   0: 3 0x8000b310 (0xce3f2a23) mem 0x8000d000 0x00000001
core   0: 0x8000b314 (0xff9ff06f) j       pc - 0x8
core   0: 3 0x8000b314 (0xff9ff06f)
core   0: 0x8000b30c (0x00002f17) auipc   t5, 0x2
core   0: 3 0x8000b30c (0x00002f17) x30 0x8000d30c
core   0: 0x8000b310 (0xce3f2a23) sw      gp, -780(t5)
core   0: 3 0x8000b310 (0xce3f2a23) mem 0x8000d000 0x00000001
core   0: 0x8000b314 (0xff9ff06f) j       pc - 0x8
core   0: 3 0x8000b314 (0xff9ff06f)
core   0: 0x8000b30c (0x00002f17) auipc   t5, 0x2
core   0: 3 0x8000b30c (0x00002f17) x30 0x8000d30c
core   0: 0x8000b310 (0xce3f2a23) sw      gp, -780(t5)
core   0: 3 0x8000b310 (0xce3f2a23) mem 0x8000d000 0x00000001
core   0: 0x8000b314 (0xff9ff06f) j       pc - 0x8
core   0: 3 0x8000b314 (0xff9ff06f)
core   0: 0x8000b30c (0x00002f17) auipc   t5, 0x2
core   0: 3 0x8000b30c (0x00002f17) x30 0x8000d30c
core   0: 0x8000b310 (0xce3f2a23) sw      gp, -780(t5)
core   0: 3 0x8000b310 (0xce3f2a23) mem 0x8000d000 0x00000001
core   0: 0x8000b314 (0xff9ff06f) j       pc - 0x8
core   0: 3 0x8000b314 (0xff9ff06f)
core   0: 0x8000b30c (0x00002f17) auipc   t5, 0x2
core   0: 3 0x8000b30c (0x00002f17) x30 0x8000d30c
core   0: 0x8000b310 (0xce3f2a23) sw      gp, -780(t5)
core   0: 3 0x8000b310 (0xce3f2a23) mem 0x8000d000 0x00000001
core   0: 0x8000b314 (0xff9ff06f) j       pc - 0x8
core   0: 3 0x8000b314 (0xff9ff06f)
core   0: 0x8000b30c (0x00002f17) auipc   t5, 0x2
core   0: 3 0x8000b30c (0x00002f17) x30 0x8000d30c
core   0: 0x8000b310 (0xce3f2a23) sw      gp, -780(t5)
core   0: 3 0x8000b310 (0xce3f2a23) mem 0x8000d000 0x00000001
core   0: 0x8000b314 (0xff9ff06f) j       pc - 0x8
core   0: 3 0x8000b314 (0xff9ff06f)
core   0: 0x8000b30c (0x00002f17) auipc   t5, 0x2
core   0: 3 0x8000b30c (0x00002f17) x30 0x8000d30c
core   0: 0x8000b310 (0xce3f2a23) sw      gp, -780(t5)
core   0: 3 0x8000b310 (0xce3f2a23) mem 0x8000d000 0x00000001
core   0: 0x8000b314 (0xff9ff06f) j       pc - 0x8
core   0: 3 0x8000b314 (0xff9ff06f)
core   0: 0x8000b30c (0x00002f17) auipc   t5, 0x2
core   0: 3 0x8000b30c (0x00002f17) x30 0x8000d30c
core   0: 0x8000b310 (0xce3f2a23) sw      gp, -780(t5)
core   0: 3 0x8000b310 (0xce3f2a23) mem 0x8000d000 0x00000001
core   0: 0x8000b314 (0xff9ff06f) j       pc - 0x8
core   0: 3 0x8000b314 (0xff9ff06f)
core   0: 0x8000b30c (0x00002f17) auipc   t5, 0x2
core   0: 3 0x8000b30c (0x00002f17) x30 0x8000d30c
core   0: 0x8000b310 (0xce3f2a23) sw      gp, -780(t5)
core   0: 3 0x8000b310 (0xce3f2a23) mem 0x8000d000 0x00000001
core   0: 0x8000b314 (0xff9ff06f) j       pc - 0x8
core   0: 3 0x8000b314 (0xff9ff06f)
core   0: 0x8000b30c (0x00002f17) auipc   t5, 0x2
core   0: 3 0x8000b30c (0x00002f17) x30 0x8000d30c
core   0: 0x8000b310 (0xce3f2a23) sw      gp, -780(t5)
core   0: 3 0x8000b310 (0xce3f2a23) mem 0x8000d000 0x00000001
core   0: 0x8000b314 (0xff9ff06f) j       pc - 0x8
core   0: 3 0x8000b314 (0xff9ff06f)
core   0: 0x8000b30c (0x00002f17) auipc   t5, 0x2
core   0: 3 0x8000b30c (0x00002f17) x30 0x8000d30c
core   0: 0x8000b310 (0xce3f2a23) sw      gp, -780(t5)
core   0: 3 0x8000b310 (0xce3f2a23) mem 0x8000d000 0x00000001
core   0: 0x8000b314 (0xff9ff06f) j       pc - 0x8
core   0: 3 0x8000b314 (0xff9ff06f)
core   0: 0x8000b30c (0x00002f17) auipc   t5, 0x2
core   0: 3 0x8000b30c (0x00002f17) x30 0x8000d30c
core   0: 0x8000b310 (0xce3f2a23) sw      gp, -780(t5)
core   0: 3 0x8000b310 (0xce3f2a23) mem 0x8000d000 0x00000001
core   0: 0x8000b314 (0xff9ff06f) j       pc - 0x8
core   0: 3 0x8000b314 (0xff9ff06f)
core   0: 0x8000b30c (0x00002f17) auipc   t5, 0x2
core   0: 3 0x8000b30c (0x00002f17) x30 0x8000d30c
core   0: 0x8000b310 (0xce3f2a23) sw      gp, -780(t5)
core   0: 3 0x8000b310 (0xce3f2a23) mem 0x8000d000 0x00000001
core   0: 0x8000b314 (0xff9ff06f) j       pc - 0x8
core   0: 3 0x8000b314 (0xff9ff06f)
core   0: 0x8000b30c (0x00002f17) auipc   t5, 0x2
core   0: 3 0x8000b30c (0x00002f17) x30 0x8000d30c
core   0: 0x8000b310 (0xce3f2a23) sw      gp, -780(t5)
core   0: 3 0x8000b310 (0xce3f2a23) mem 0x8000d000 0x00000001
core   0: 0x8000b314 (0xff9ff06f) j       pc - 0x8
core   0: 3 0x8000b314 (0xff9ff06f)
core   0: 0x8000b30c (0x00002f17) auipc   t5, 0x2
core   0: 3 0x8000b30c (0x00002f17) x30 0x8000d30c
core   0: 0x8000b310 (0xce3f2a23) sw      gp, -780(t5)
core   0: 3 0x8000b310 (0xce3f2a23) mem 0x8000d000 0x00000001
core   0: 0x8000b314 (0xff9ff06f) j       pc - 0x8
core   0: 3 0x8000b314 (0xff9ff06f)
core   0: 0x8000b30c (0x00002f17) auipc   t5, 0x2
core   0: 3 0x8000b30c (0x00002f17) x30 0x8000d30c
core   0: 0x8000b310 (0xce3f2a23) sw      gp, -780(t5)
core   0: 3 0x8000b310 (0xce3f2a23) mem 0x8000d000 0x00000001
core   0: 0x8000b314 (0xff9ff06f) j       pc - 0x8
core   0: 3 0x8000b314 (0xff9ff06f)
core   0: 0x8000b30c (0x00002f17) auipc   t5, 0x2
core   0: 3 0x8000b30c (0x00002f17) x30 0x8000d30c
core   0: 0x8000b310 (0xce3f2a23) sw      gp, -780(t5)
core   0: 3 0x8000b310 (0xce3f2a23) mem 0x8000d000 0x00000001
core   0: 0x8000b314 (0xff9ff06f) j       pc - 0x8
core   0: 3 0x8000b314 (0xff9ff06f)
core   0: 0x8000b30c (0x00002f17) auipc   t5, 0x2
core   0: 3 0x8000b30c (0x00002f17) x30 0x8000d30c
core   0: 0x8000b310 (0xce3f2a23) sw      gp, -780(t5)
core   0: 3 0x8000b310 (0xce3f2a23) mem 0x8000d000 0x00000001
core   0: 0x8000b314 (0xff9ff06f) j       pc - 0x8
core   0: 3 0x8000b314 (0xff9ff06f)
core   0: 0x8000b30c (0x00002f17) auipc   t5, 0x2
core   0: 3 0x8000b30c (0x00002f17) x30 0x8000d30c
core   0: 0x8000b310 (0xce3f2a23) sw      gp, -780(t5)
core   0: 3 0x8000b310 (0xce3f2a23) mem 0x8000d000 0x00000001
core   0: 0x8000b314 (0xff9ff06f) j       pc - 0x8
core   0: 3 0x8000b314 (0xff9ff06f)
core   0: 0x8000b30c (0x00002f17) auipc   t5, 0x2
core   0: 3 0x8000b30c (0x00002f17) x30 0x8000d30c
core   0: 0x8000b310 (0xce3f2a23) sw      gp, -780(t5)
core   0: 3 0x8000b310 (0xce3f2a23) mem 0x8000d000 0x00000001
core   0: 0x8000b314 (0xff9ff06f) j       pc - 0x8
core   0: 3 0x8000b314 (0xff9ff06f)
core   0: 0x8000b30c (0x00002f17) auipc   t5, 0x2
core   0: 3 0x8000b30c (0x00002f17) x30 0x8000d30c
core   0: 0x8000b310 (0xce3f2a23) sw      gp, -780(t5)
core   0: 3 0x8000b310 (0xce3f2a23) mem 0x8000d000 0x00000001
core   0: 0x8000b314 (0xff9ff06f) j       pc - 0x8
core   0: 3 0x8000b314 (0xff9ff06f)
core   0: 0x8000b30c (0x00002f17) auipc   t5, 0x2
core   0: 3 0x8000b30c (0x00002f17) x30 0x8000d30c
core   0: 0x8000b310 (0xce3f2a23) sw      gp, -780(t5)
core   0: 3 0x8000b310 (0xce3f2a23) mem 0x8000d000 0x00000001
core   0: 0x8000b314 (0xff9ff06f) j       pc - 0x8
core   0: 3 0x8000b314 (0xff9ff06f)
core   0: 0x8000b30c (0x00002f17) auipc   t5, 0x2
core   0: 3 0x8000b30c (0x00002f17) x30 0x8000d30c
core   0: 0x8000b310 (0xce3f2a23) sw      gp, -780(t5)
core   0: 3 0x8000b310 (0xce3f2a23) mem 0x8000d000 0x00000001
core   0: 0x8000b314 (0xff9ff06f) j       pc - 0x8
core   0: 3 0x8000b314 (0xff9ff06f)
core   0: 0x8000b30c (0x00002f17) auipc   t5, 0x2
core   0: 3 0x8000b30c (0x00002f17) x30 0x8000d30c
core   0: 0x8000b310 (0xce3f2a23) sw      gp, -780(t5)
core   0: 3 0x8000b310 (0xce3f2a23) mem 0x8000d000 0x00000001
core   0: 0x8000b314 (0xff9ff06f) j       pc - 0x8
core   0: 3 0x8000b314 (0xff9ff06f)
core   0: 0x8000b30c (0x00002f17) auipc   t5, 0x2
core   0: 3 0x8000b30c (0x00002f17) x30 0x8000d30c
core   0: 0x8000b310 (0xce3f2a23) sw      gp, -780(t5)
core   0: 3 0x8000b310 (0xce3f2a23) mem 0x8000d000 0x00000001
core   0: 0x8000b314 (0xff9ff06f) j       pc - 0x8
core   0: 3 0x8000b314 (0xff9ff06f)
core   0: 0x8000b30c (0x00002f17) auipc   t5, 0x2
core   0: 3 0x8000b30c (0x00002f17) x30 0x8000d30c
core   0: 0x8000b310 (0xce3f2a23) sw      gp, -780(t5)
core   0: 3 0x8000b310 (0xce3f2a23) mem 0x8000d000 0x00000001
core   0: 0x8000b314 (0xff9ff06f) j       pc - 0x8
core   0: 3 0x8000b314 (0xff9ff06f)
core   0: 0x8000b30c (0x00002f17) auipc   t5, 0x2
core   0: 3 0x8000b30c (0x00002f17) x30 0x8000d30c
core   0: 0x8000b310 (0xce3f2a23) sw      gp, -780(t5)
core   0: 3 0x8000b310 (0xce3f2a23) mem 0x8000d000 0x00000001
core   0: 0x8000b314 (0xff9ff06f) j       pc - 0x8
core   0: 3 0x8000b314 (0xff9ff06f)
core   0: 0x8000b30c (0x00002f17) auipc   t5, 0x2
core   0: 3 0x8000b30c (0x00002f17) x30 0x8000d30c
core   0: 0x8000b310 (0xce3f2a23) sw      gp, -780(t5)
core   0: 3 0x8000b310 (0xce3f2a23) mem 0x8000d000 0x00000001
core   0: 0x8000b314 (0xff9ff06f) j       pc - 0x8
core   0: 3 0x8000b314 (0xff9ff06f)
core   0: 0x8000b30c (0x00002f17) auipc   t5, 0x2
core   0: 3 0x8000b30c (0x00002f17) x30 0x8000d30c
core   0: 0x8000b310 (0xce3f2a23) sw      gp, -780(t5)
core   0: 3 0x8000b310 (0xce3f2a23) mem 0x8000d000 0x00000001
core   0: 0x8000b314 (0xff9ff06f) j       pc - 0x8
core   0: 3 0x8000b314 (0xff9ff06f)
core   0: 0x8000b30c (0x00002f17) auipc   t5, 0x2
core   0: 3 0x8000b30c (0x00002f17) x30 0x8000d30c
core   0: 0x8000b310 (0xce3f2a23) sw      gp, -780(t5)
core   0: 3 0x8000b310 (0xce3f2a23) mem 0x8000d000 0x00000001
core   0: 0x8000b314 (0xff9ff06f) j       pc - 0x8
core   0: 3 0x8000b314 (0xff9ff06f)
core   0: 0x8000b30c (0x00002f17) auipc   t5, 0x2
core   0: 3 0x8000b30c (0x00002f17) x30 0x8000d30c
core   0: 0x8000b310 (0xce3f2a23) sw      gp, -780(t5)
core   0: 3 0x8000b310 (0xce3f2a23) mem 0x8000d000 0x00000001
core   0: 0x8000b314 (0xff9ff06f) j       pc - 0x8
core   0: 3 0x8000b314 (0xff9ff06f)
core   0: 0x8000b30c (0x00002f17) auipc   t5, 0x2
core   0: 3 0x8000b30c (0x00002f17) x30 0x8000d30c
core   0: 0x8000b310 (0xce3f2a23) sw      gp, -780(t5)
core   0: 3 0x8000b310 (0xce3f2a23) mem 0x8000d000 0x00000001
core   0: 0x8000b314 (0xff9ff06f) j       pc - 0x8
core   0: 3 0x8000b314 (0xff9ff06f)
core   0: 0x8000b30c (0x00002f17) auipc   t5, 0x2
core   0: 3 0x8000b30c (0x00002f17) x30 0x8000d30c
core   0: 0x8000b310 (0xce3f2a23) sw      gp, -780(t5)
core   0: 3 0x8000b310 (0xce3f2a23) mem 0x8000d000 0x00000001
core   0: 0x8000b314 (0xff9ff06f) j       pc - 0x8
core   0: 3 0x8000b314 (0xff9ff06f)
core   0: 0x8000b30c (0x00002f17) auipc   t5, 0x2
core   0: 3 0x8000b30c (0x00002f17) x30 0x8000d30c
core   0: 0x8000b310 (0xce3f2a23) sw      gp, -780(t5)
core   0: 3 0x8000b310 (0xce3f2a23) mem 0x8000d000 0x00000001
core   0: 0x8000b314 (0xff9ff06f) j       pc - 0x8
core   0: 3 0x8000b314 (0xff9ff06f)
core   0: 0x8000b30c (0x00002f17) auipc   t5, 0x2
core   0: 3 0x8000b30c (0x00002f17) x30 0x8000d30c
core   0: 0x8000b310 (0xce3f2a23) sw      gp, -780(t5)
core   0: 3 0x8000b310 (0xce3f2a23) mem 0x8000d000 0x00000001
core   0: 0x8000b314 (0xff9ff06f) j       pc - 0x8
core   0: 3 0x8000b314 (0xff9ff06f)
core   0: 0x8000b30c (0x00002f17) auipc   t5, 0x2
core   0: 3 0x8000b30c (0x00002f17) x30 0x8000d30c
core   0: 0x8000b310 (0xce3f2a23) sw      gp, -780(t5)
core   0: 3 0x8000b310 (0xce3f2a23) mem 0x8000d000 0x00000001
core   0: 0x8000b314 (0xff9ff06f) j       pc - 0x8
core   0: 3 0x8000b314 (0xff9ff06f)
core   0: 0x8000b30c (0x00002f17) auipc   t5, 0x2
core   0: 3 0x8000b30c (0x00002f17) x30 0x8000d30c
core   0: 0x8000b310 (0xce3f2a23) sw      gp, -780(t5)
core   0: 3 0x8000b310 (0xce3f2a23) mem 0x8000d000 0x00000001
core   0: 0x8000b314 (0xff9ff06f) j       pc - 0x8
core   0: 3 0x8000b314 (0xff9ff06f)
core   0: 0x8000b30c (0x00002f17) auipc   t5, 0x2
core   0: 3 0x8000b30c (0x00002f17) x30 0x8000d30c
core   0: 0x8000b310 (0xce3f2a23) sw      gp, -780(t5)
core   0: 3 0x8000b310 (0xce3f2a23) mem 0x8000d000 0x00000001
core   0: 0x8000b314 (0xff9ff06f) j       pc - 0x8
core   0: 3 0x8000b314 (0xff9ff06f)
core   0: 0x8000b30c (0x00002f17) auipc   t5, 0x2
core   0: 3 0x8000b30c (0x00002f17) x30 0x8000d30c
core   0: 0x8000b310 (0xce3f2a23) sw      gp, -780(t5)
core   0: 3 0x8000b310 (0xce3f2a23) mem 0x8000d000 0x00000001
core   0: 0x8000b314 (0xff9ff06f) j       pc - 0x8
core   0: 3 0x8000b314 (0xff9ff06f)
core   0: 0x8000b30c (0x00002f17) auipc   t5, 0x2
core   0: 3 0x8000b30c (0x00002f17) x30 0x8000d30c
core   0: 0x8000b310 (0xce3f2a23) sw      gp, -780(t5)
core   0: 3 0x8000b310 (0xce3f2a23) mem 0x8000d000 0x00000001
core   0: 0x8000b314 (0xff9ff06f) j       pc - 0x8
core   0: 3 0x8000b314 (0xff9ff06f)
core   0: 0x8000b30c (0x00002f17) auipc   t5, 0x2
core   0: 3 0x8000b30c (0x00002f17) x30 0x8000d30c
core   0: 0x8000b310 (0xce3f2a23) sw      gp, -780(t5)
core   0: 3 0x8000b310 (0xce3f2a23) mem 0x8000d000 0x00000001
core   0: 0x8000b314 (0xff9ff06f) j       pc - 0x8
core   0: 3 0x8000b314 (0xff9ff06f)
core   0: 0x8000b30c (0x00002f17) auipc   t5, 0x2
core   0: 3 0x8000b30c (0x00002f17) x30 0x8000d30c
core   0: 0x8000b310 (0xce3f2a23) sw      gp, -780(t5)
core   0: 3 0x8000b310 (0xce3f2a23) mem 0x8000d000 0x00000001
core   0: 0x8000b314 (0xff9ff06f) j       pc - 0x8
core   0: 3 0x8000b314 (0xff9ff06f)
core   0: 0x8000b30c (0x00002f17) auipc   t5, 0x2
core   0: 3 0x8000b30c (0x00002f17) x30 0x8000d30c
core   0: 0x8000b310 (0xce3f2a23) sw      gp, -780(t5)
core   0: 3 0x8000b310 (0xce3f2a23) mem 0x8000d000 0x00000001
core   0: 0x8000b314 (0xff9ff06f) j       pc - 0x8
core   0: 3 0x8000b314 (0xff9ff06f)
core   0: 0x8000b30c (0x00002f17) auipc   t5, 0x2
core   0: 3 0x8000b30c (0x00002f17) x30 0x8000d30c
core   0: 0x8000b310 (0xce3f2a23) sw      gp, -780(t5)
core   0: 3 0x8000b310 (0xce3f2a23) mem 0x8000d000 0x00000001
core   0: 0x8000b314 (0xff9ff06f) j       pc - 0x8
core   0: 3 0x8000b314 (0xff9ff06f)
core   0: 0x8000b30c (0x00002f17) auipc   t5, 0x2
core   0: 3 0x8000b30c (0x00002f17) x30 0x8000d30c
core   0: 0x8000b310 (0xce3f2a23) sw      gp, -780(t5)
core   0: 3 0x8000b310 (0xce3f2a23) mem 0x8000d000 0x00000001
core   0: 0x8000b314 (0xff9ff06f) j       pc - 0x8
core   0: 3 0x8000b314 (0xff9ff06f)
core   0: 0x8000b30c (0x00002f17) auipc   t5, 0x2
core   0: 3 0x8000b30c (0x00002f17) x30 0x8000d30c
core   0: 0x8000b310 (0xce3f2a23) sw      gp, -780(t5)
core   0: 3 0x8000b310 (0xce3f2a23) mem 0x8000d000 0x00000001
core   0: 0x8000b314 (0xff9ff06f) j       pc - 0x8
core   0: 3 0x8000b314 (0xff9ff06f)
core   0: 0x8000b30c (0x00002f17) auipc   t5, 0x2
core   0: 3 0x8000b30c (0x00002f17) x30 0x8000d30c
core   0: 0x8000b310 (0xce3f2a23) sw      gp, -780(t5)
core   0: 3 0x8000b310 (0xce3f2a23) mem 0x8000d000 0x00000001
core   0: 0x8000b314 (0xff9ff06f) j       pc - 0x8
core   0: 3 0x8000b314 (0xff9ff06f)
core   0: 0x8000b30c (0x00002f17) auipc   t5, 0x2
core   0: 3 0x8000b30c (0x00002f17) x30 0x8000d30c
core   0: 0x8000b310 (0xce3f2a23) sw      gp, -780(t5)
core   0: 3 0x8000b310 (0xce3f2a23) mem 0x8000d000 0x00000001
core   0: 0x8000b314 (0xff9ff06f) j       pc - 0x8
core   0: 3 0x8000b314 (0xff9ff06f)
core   0: 0x8000b30c (0x00002f17) auipc   t5, 0x2
core   0: 3 0x8000b30c (0x00002f17) x30 0x8000d30c
core   0: 0x8000b310 (0xce3f2a23) sw      gp, -780(t5)
core   0: 3 0x8000b310 (0xce3f2a23) mem 0x8000d000 0x00000001
core   0: 0x8000b314 (0xff9ff06f) j       pc - 0x8
core   0: 3 0x8000b314 (0xff9ff06f)
core   0: 0x8000b30c (0x00002f17) auipc   t5, 0x2
core   0: 3 0x8000b30c (0x00002f17) x30 0x8000d30c
core   0: 0x8000b310 (0xce3f2a23) sw      gp, -780(t5)
core   0: 3 0x8000b310 (0xce3f2a23) mem 0x8000d000 0x00000001
core   0: 0x8000b314 (0xff9ff06f) j       pc - 0x8
core   0: 3 0x8000b314 (0xff9ff06f)
core   0: 0x8000b30c (0x00002f17) auipc   t5, 0x2
core   0: 3 0x8000b30c (0x00002f17) x30 0x8000d30c
core   0: 0x8000b310 (0xce3f2a23) sw      gp, -780(t5)
core   0: 3 0x8000b310 (0xce3f2a23) mem 0x8000d000 0x00000001
core   0: 0x8000b314 (0xff9ff06f) j       pc - 0x8
core   0: 3 0x8000b314 (0xff9ff06f)
core   0: 0x8000b30c (0x00002f17) auipc   t5, 0x2
core   0: 3 0x8000b30c (0x00002f17) x30 0x8000d30c
core   0: 0x8000b310 (0xce3f2a23) sw      gp, -780(t5)
core   0: 3 0x8000b310 (0xce3f2a23) mem 0x8000d000 0x00000001
core   0: 0x8000b314 (0xff9ff06f) j       pc - 0x8
core   0: 3 0x8000b314 (0xff9ff06f)
core   0: 0x8000b30c (0x00002f17) auipc   t5, 0x2
core   0: 3 0x8000b30c (0x00002f17) x30 0x8000d30c
core   0: 0x8000b310 (0xce3f2a23) sw      gp, -780(t5)
core   0: 3 0x8000b310 (0xce3f2a23) mem 0x8000d000 0x00000001
core   0: 0x8000b314 (0xff9ff06f) j       pc - 0x8
core   0: 3 0x8000b314 (0xff9ff06f)
core   0: 0x8000b30c (0x00002f17) auipc   t5, 0x2
core   0: 3 0x8000b30c (0x00002f17) x30 0x8000d30c
core   0: 0x8000b310 (0xce3f2a23) sw      gp, -780(t5)
core   0: 3 0x8000b310 (0xce3f2a23) mem 0x8000d000 0x00000001
core   0: 0x8000b314 (0xff9ff06f) j       pc - 0x8
core   0: 3 0x8000b314 (0xff9ff06f)
core   0: 0x8000b30c (0x00002f17) auipc   t5, 0x2
core   0: 3 0x8000b30c (0x00002f17) x30 0x8000d30c
core   0: 0x8000b310 (0xce3f2a23) sw      gp, -780(t5)
core   0: 3 0x8000b310 (0xce3f2a23) mem 0x8000d000 0x00000001
core   0: 0x8000b314 (0xff9ff06f) j       pc - 0x8
core   0: 3 0x8000b314 (0xff9ff06f)
core   0: 0x8000b30c (0x00002f17) auipc   t5, 0x2
core   0: 3 0x8000b30c (0x00002f17) x30 0x8000d30c
core   0: 0x8000b310 (0xce3f2a23) sw      gp, -780(t5)
core   0: 3 0x8000b310 (0xce3f2a23) mem 0x8000d000 0x00000001
core   0: 0x8000b314 (0xff9ff06f) j       pc - 0x8
core   0: 3 0x8000b314 (0xff9ff06f)
core   0: 0x8000b30c (0x00002f17) auipc   t5, 0x2
core   0: 3 0x8000b30c (0x00002f17) x30 0x8000d30c
core   0: 0x8000b310 (0xce3f2a23) sw      gp, -780(t5)
core   0: 3 0x8000b310 (0xce3f2a23) mem 0x8000d000 0x00000001
core   0: 0x8000b314 (0xff9ff06f) j       pc - 0x8
core   0: 3 0x8000b314 (0xff9ff06f)
core   0: 0x8000b30c (0x00002f17) auipc   t5, 0x2
core   0: 3 0x8000b30c (0x00002f17) x30 0x8000d30c
core   0: 0x8000b310 (0xce3f2a23) sw      gp, -780(t5)
core   0: 3 0x8000b310 (0xce3f2a23) mem 0x8000d000 0x00000001
core   0: 0x8000b314 (0xff9ff06f) j       pc - 0x8
core   0: 3 0x8000b314 (0xff9ff06f)
core   0: 0x8000b30c (0x00002f17) auipc   t5, 0x2
core   0: 3 0x8000b30c (0x00002f17) x30 0x8000d30c
core   0: 0x8000b310 (0xce3f2a23) sw      gp, -780(t5)
core   0: 3 0x8000b310 (0xce3f2a23) mem 0x8000d000 0x00000001
core   0: 0x8000b314 (0xff9ff06f) j       pc - 0x8
core   0: 3 0x8000b314 (0xff9ff06f)
core   0: 0x8000b30c (0x00002f17) auipc   t5, 0x2
core   0: 3 0x8000b30c (0x00002f17) x30 0x8000d30c
core   0: 0x8000b310 (0xce3f2a23) sw      gp, -780(t5)
core   0: 3 0x8000b310 (0xce3f2a23) mem 0x8000d000 0x00000001
core   0: 0x8000b314 (0xff9ff06f) j       pc - 0x8
core   0: 3 0x8000b314 (0xff9ff06f)
core   0: 0x8000b30c (0x00002f17) auipc   t5, 0x2
core   0: 3 0x8000b30c (0x00002f17) x30 0x8000d30c
core   0: 0x8000b310 (0xce3f2a23) sw      gp, -780(t5)
core   0: 3 0x8000b310 (0xce3f2a23) mem 0x8000d000 0x00000001
core   0: 0x8000b314 (0xff9ff06f) j       pc - 0x8
core   0: 3 0x8000b314 (0xff9ff06f)
core   0: 0x8000b30c (0x00002f17) auipc   t5, 0x2
core   0: 3 0x8000b30c (0x00002f17) x30 0x8000d30c
core   0: 0x8000b310 (0xce3f2a23) sw      gp, -780(t5)
core   0: 3 0x8000b310 (0xce3f2a23) mem 0x8000d000 0x00000001
core   0: 0x8000b314 (0xff9ff06f) j       pc - 0x8
core   0: 3 0x8000b314 (0xff9ff06f)
core   0: 0x8000b30c (0x00002f17) auipc   t5, 0x2
core   0: 3 0x8000b30c (0x00002f17) x30 0x8000d30c
core   0: 0x8000b310 (0xce3f2a23) sw      gp, -780(t5)
core   0: 3 0x8000b310 (0xce3f2a23) mem 0x8000d000 0x00000001
core   0: 0x8000b314 (0xff9ff06f) j       pc - 0x8
core   0: 3 0x8000b314 (0xff9ff06f)
core   0: 0x8000b30c (0x00002f17) auipc   t5, 0x2
core   0: 3 0x8000b30c (0x00002f17) x30 0x8000d30c
core   0: 0x8000b310 (0xce3f2a23) sw      gp, -780(t5)
core   0: 3 0x8000b310 (0xce3f2a23) mem 0x8000d000 0x00000001
core   0: 0x8000b314 (0xff9ff06f) j       pc - 0x8
core   0: 3 0x8000b314 (0xff9ff06f)
core   0: 0x8000b30c (0x00002f17) auipc   t5, 0x2
core   0: 3 0x8000b30c (0x00002f17) x30 0x8000d30c
core   0: 0x8000b310 (0xce3f2a23) sw      gp, -780(t5)
core   0: 3 0x8000b310 (0xce3f2a23) mem 0x8000d000 0x00000001
core   0: 0x8000b314 (0xff9ff06f) j       pc - 0x8
core   0: 3 0x8000b314 (0xff9ff06f)
core   0: 0x8000b30c (0x00002f17) auipc   t5, 0x2
core   0: 3 0x8000b30c (0x00002f17) x30 0x8000d30c
core   0: 0x8000b310 (0xce3f2a23) sw      gp, -780(t5)
core   0: 3 0x8000b310 (0xce3f2a23) mem 0x8000d000 0x00000001
core   0: 0x8000b314 (0xff9ff06f) j       pc - 0x8
core   0: 3 0x8000b314 (0xff9ff06f)
core   0: 0x8000b30c (0x00002f17) auipc   t5, 0x2
core   0: 3 0x8000b30c (0x00002f17) x30 0x8000d30c
core   0: 0x8000b310 (0xce3f2a23) sw      gp, -780(t5)
core   0: 3 0x8000b310 (0xce3f2a23) mem 0x8000d000 0x00000001
core   0: 0x8000b314 (0xff9ff06f) j       pc - 0x8
core   0: 3 0x8000b314 (0xff9ff06f)
core   0: 0x8000b30c (0x00002f17) auipc   t5, 0x2
core   0: 3 0x8000b30c (0x00002f17) x30 0x8000d30c
core   0: 0x8000b310 (0xce3f2a23) sw      gp, -780(t5)
core   0: 3 0x8000b310 (0xce3f2a23) mem 0x8000d000 0x00000001
core   0: 0x8000b314 (0xff9ff06f) j       pc - 0x8
core   0: 3 0x8000b314 (0xff9ff06f)
core   0: 0x8000b30c (0x00002f17) auipc   t5, 0x2
core   0: 3 0x8000b30c (0x00002f17) x30 0x8000d30c
core   0: 0x8000b310 (0xce3f2a23) sw      gp, -780(t5)
core   0: 3 0x8000b310 (0xce3f2a23) mem 0x8000d000 0x00000001
core   0: 0x8000b314 (0xff9ff06f) j       pc - 0x8
core   0: 3 0x8000b314 (0xff9ff06f)
core   0: 0x8000b30c (0x00002f17) auipc   t5, 0x2
core   0: 3 0x8000b30c (0x00002f17) x30 0x8000d30c
core   0: 0x8000b310 (0xce3f2a23) sw      gp, -780(t5)
core   0: 3 0x8000b310 (0xce3f2a23) mem 0x8000d000 0x00000001
core   0: 0x8000b314 (0xff9ff06f) j       pc - 0x8
core   0: 3 0x8000b314 (0xff9ff06f)
core   0: 0x8000b30c (0x00002f17) auipc   t5, 0x2
core   0: 3 0x8000b30c (0x00002f17) x30 0x8000d30c
core   0: 0x8000b310 (0xce3f2a23) sw      gp, -780(t5)
core   0: 3 0x8000b310 (0xce3f2a23) mem 0x8000d000 0x00000001
core   0: 0x8000b314 (0xff9ff06f) j       pc - 0x8
core   0: 3 0x8000b314 (0xff9ff06f)
core   0: 0x8000b30c (0x00002f17) auipc   t5, 0x2
core   0: 3 0x8000b30c (0x00002f17) x30 0x8000d30c
core   0: 0x8000b310 (0xce3f2a23) sw      gp, -780(t5)
core   0: 3 0x8000b310 (0xce3f2a23) mem 0x8000d000 0x00000001
core   0: 0x8000b314 (0xff9ff06f) j       pc - 0x8
core   0: 3 0x8000b314 (0xff9ff06f)
core   0: 0x8000b30c (0x00002f17) auipc   t5, 0x2
core   0: 3 0x8000b30c (0x00002f17) x30 0x8000d30c
core   0: 0x8000b310 (0xce3f2a23) sw      gp, -780(t5)
core   0: 3 0x8000b310 (0xce3f2a23) mem 0x8000d000 0x00000001
core   0: 0x8000b314 (0xff9ff06f) j       pc - 0x8
core   0: 3 0x8000b314 (0xff9ff06f)
core   0: 0x8000b30c (0x00002f17) auipc   t5, 0x2
core   0: 3 0x8000b30c (0x00002f17) x30 0x8000d30c
core   0: 0x8000b310 (0xce3f2a23) sw      gp, -780(t5)
core   0: 3 0x8000b310 (0xce3f2a23) mem 0x8000d000 0x00000001
core   0: 0x8000b314 (0xff9ff06f) j       pc - 0x8
core   0: 3 0x8000b314 (0xff9ff06f)
core   0: 0x8000b30c (0x00002f17) auipc   t5, 0x2
core   0: 3 0x8000b30c (0x00002f17) x30 0x8000d30c
core   0: 0x8000b310 (0xce3f2a23) sw      gp, -780(t5)
core   0: 3 0x8000b310 (0xce3f2a23) mem 0x8000d000 0x00000001
core   0: 0x8000b314 (0xff9ff06f) j       pc - 0x8
core   0: 3 0x8000b314 (0xff9ff06f)
core   0: 0x8000b30c (0x00002f17) auipc   t5, 0x2
core   0: 3 0x8000b30c (0x00002f17) x30 0x8000d30c
core   0: 0x8000b310 (0xce3f2a23) sw      gp, -780(t5)
core   0: 3 0x8000b310 (0xce3f2a23) mem 0x8000d000 0x00000001
core   0: 0x8000b314 (0xff9ff06f) j       pc - 0x8
core   0: 3 0x8000b314 (0xff9ff06f)
core   0: 0x8000b30c (0x00002f17) auipc   t5, 0x2
core   0: 3 0x8000b30c (0x00002f17) x30 0x8000d30c
core   0: 0x8000b310 (0xce3f2a23) sw      gp, -780(t5)
core   0: 3 0x8000b310 (0xce3f2a23) mem 0x8000d000 0x00000001
core   0: 0x8000b314 (0xff9ff06f) j       pc - 0x8
core   0: 3 0x8000b314 (0xff9ff06f)
core   0: 0x8000b30c (0x00002f17) auipc   t5, 0x2
core   0: 3 0x8000b30c (0x00002f17) x30 0x8000d30c
core   0: 0x8000b310 (0xce3f2a23) sw      gp, -780(t5)
core   0: 3 0x8000b310 (0xce3f2a23) mem 0x8000d000 0x00000001
core   0: 0x8000b314 (0xff9ff06f) j       pc - 0x8
core   0: 3 0x8000b314 (0xff9ff06f)
core   0: 0x8000b30c (0x00002f17) auipc   t5, 0x2
core   0: 3 0x8000b30c (0x00002f17) x30 0x8000d30c
core   0: 0x8000b310 (0xce3f2a23) sw      gp, -780(t5)
core   0: 3 0x8000b310 (0xce3f2a23) mem 0x8000d000 0x00000001
core   0: 0x8000b314 (0xff9ff06f) j       pc - 0x8
core   0: 3 0x8000b314 (0xff9ff06f)
core   0: 0x8000b30c (0x00002f17) auipc   t5, 0x2
core   0: 3 0x8000b30c (0x00002f17) x30 0x8000d30c
core   0: 0x8000b310 (0xce3f2a23) sw      gp, -780(t5)
core   0: 3 0x8000b310 (0xce3f2a23) mem 0x8000d000 0x00000001
core   0: 0x8000b314 (0xff9ff06f) j       pc - 0x8
core   0: 3 0x8000b314 (0xff9ff06f)
core   0: 0x8000b30c (0x00002f17) auipc   t5, 0x2
core   0: 3 0x8000b30c (0x00002f17) x30 0x8000d30c
core   0: 0x8000b310 (0xce3f2a23) sw      gp, -780(t5)
core   0: 3 0x8000b310 (0xce3f2a23) mem 0x8000d000 0x00000001
core   0: 0x8000b314 (0xff9ff06f) j       pc - 0x8
core   0: 3 0x8000b314 (0xff9ff06f)
core   0: 0x8000b30c (0x00002f17) auipc   t5, 0x2
core   0: 3 0x8000b30c (0x00002f17) x30 0x8000d30c
core   0: 0x8000b310 (0xce3f2a23) sw      gp, -780(t5)
core   0: 3 0x8000b310 (0xce3f2a23) mem 0x8000d000 0x00000001
core   0: 0x8000b314 (0xff9ff06f) j       pc - 0x8
core   0: 3 0x8000b314 (0xff9ff06f)
core   0: 0x8000b30c (0x00002f17) auipc   t5, 0x2
core   0: 3 0x8000b30c (0x00002f17) x30 0x8000d30c
core   0: 0x8000b310 (0xce3f2a23) sw      gp, -780(t5)
core   0: 3 0x8000b310 (0xce3f2a23) mem 0x8000d000 0x00000001
core   0: 0x8000b314 (0xff9ff06f) j       pc - 0x8
core   0: 3 0x8000b314 (0xff9ff06f)
core   0: 0x8000b30c (0x00002f17) auipc   t5, 0x2
core   0: 3 0x8000b30c (0x00002f17) x30 0x8000d30c
core   0: 0x8000b310 (0xce3f2a23) sw      gp, -780(t5)
core   0: 3 0x8000b310 (0xce3f2a23) mem 0x8000d000 0x00000001
core   0: 0x8000b314 (0xff9ff06f) j       pc - 0x8
core   0: 3 0x8000b314 (0xff9ff06f)
core   0: 0x8000b30c (0x00002f17) auipc   t5, 0x2
core   0: 3 0x8000b30c (0x00002f17) x30 0x8000d30c
core   0: 0x8000b310 (0xce3f2a23) sw      gp, -780(t5)
core   0: 3 0x8000b310 (0xce3f2a23) mem 0x8000d000 0x00000001
core   0: 0x8000b314 (0xff9ff06f) j       pc - 0x8
core   0: 3 0x8000b314 (0xff9ff06f)
core   0: 0x8000b30c (0x00002f17) auipc   t5, 0x2
core   0: 3 0x8000b30c (0x00002f17) x30 0x8000d30c
core   0: 0x8000b310 (0xce3f2a23) sw      gp, -780(t5)
core   0: 3 0x8000b310 (0xce3f2a23) mem 0x8000d000 0x00000001
core   0: 0x8000b314 (0xff9ff06f) j       pc - 0x8
core   0: 3 0x8000b314 (0xff9ff06f)
core   0: 0x8000b30c (0x00002f17) auipc   t5, 0x2
core   0: 3 0x8000b30c (0x00002f17) x30 0x8000d30c
core   0: 0x8000b310 (0xce3f2a23) sw      gp, -780(t5)
core   0: 3 0x8000b310 (0xce3f2a23) mem 0x8000d000 0x00000001
core   0: 0x8000b314 (0xff9ff06f) j       pc - 0x8
core   0: 3 0x8000b314 (0xff9ff06f)
core   0: 0x8000b30c (0x00002f17) auipc   t5, 0x2
core   0: 3 0x8000b30c (0x00002f17) x30 0x8000d30c
core   0: 0x8000b310 (0xce3f2a23) sw      gp, -780(t5)
core   0: 3 0x8000b310 (0xce3f2a23) mem 0x8000d000 0x00000001
core   0: 0x8000b314 (0xff9ff06f) j       pc - 0x8
core   0: 3 0x8000b314 (0xff9ff06f)
core   0: 0x8000b30c (0x00002f17) auipc   t5, 0x2
core   0: 3 0x8000b30c (0x00002f17) x30 0x8000d30c
core   0: 0x8000b310 (0xce3f2a23) sw      gp, -780(t5)
core   0: 3 0x8000b310 (0xce3f2a23) mem 0x8000d000 0x00000001
core   0: 0x8000b314 (0xff9ff06f) j       pc - 0x8
core   0: 3 0x8000b314 (0xff9ff06f)
core   0: 0x8000b30c (0x00002f17) auipc   t5, 0x2
core   0: 3 0x8000b30c (0x00002f17) x30 0x8000d30c
core   0: 0x8000b310 (0xce3f2a23) sw      gp, -780(t5)
core   0: 3 0x8000b310 (0xce3f2a23) mem 0x8000d000 0x00000001
core   0: 0x8000b314 (0xff9ff06f) j       pc - 0x8
core   0: 3 0x8000b314 (0xff9ff06f)
core   0: 0x8000b30c (0x00002f17) auipc   t5, 0x2
core   0: 3 0x8000b30c (0x00002f17) x30 0x8000d30c
core   0: 0x8000b310 (0xce3f2a23) sw      gp, -780(t5)
core   0: 3 0x8000b310 (0xce3f2a23) mem 0x8000d000 0x00000001
core   0: 0x8000b314 (0xff9ff06f) j       pc - 0x8
core   0: 3 0x8000b314 (0xff9ff06f)
core   0: 0x8000b30c (0x00002f17) auipc   t5, 0x2
core   0: 3 0x8000b30c (0x00002f17) x30 0x8000d30c
core   0: 0x8000b310 (0xce3f2a23) sw      gp, -780(t5)
core   0: 3 0x8000b310 (0xce3f2a23) mem 0x8000d000 0x00000001
core   0: 0x8000b314 (0xff9ff06f) j       pc - 0x8
core   0: 3 0x8000b314 (0xff9ff06f)
core   0: 0x8000b30c (0x00002f17) auipc   t5, 0x2
core   0: 3 0x8000b30c (0x00002f17) x30 0x8000d30c
core   0: 0x8000b310 (0xce3f2a23) sw      gp, -780(t5)
core   0: 3 0x8000b310 (0xce3f2a23) mem 0x8000d000 0x00000001
core   0: 0x8000b314 (0xff9ff06f) j       pc - 0x8
core   0: 3 0x8000b314 (0xff9ff06f)
core   0: 0x8000b30c (0x00002f17) auipc   t5, 0x2
core   0: 3 0x8000b30c (0x00002f17) x30 0x8000d30c
core   0: 0x8000b310 (0xce3f2a23) sw      gp, -780(t5)
core   0: 3 0x8000b310 (0xce3f2a23) mem 0x8000d000 0x00000001
core   0: 0x8000b314 (0xff9ff06f) j       pc - 0x8
core   0: 3 0x8000b314 (0xff9ff06f)
core   0: 0x8000b30c (0x00002f17) auipc   t5, 0x2
core   0: 3 0x8000b30c (0x00002f17) x30 0x8000d30c
core   0: 0x8000b310 (0xce3f2a23) sw      gp, -780(t5)
core   0: 3 0x8000b310 (0xce3f2a23) mem 0x8000d000 0x00000001
core   0: 0x8000b314 (0xff9ff06f) j       pc - 0x8
core   0: 3 0x8000b314 (0xff9ff06f)
core   0: 0x8000b30c (0x00002f17) auipc   t5, 0x2
core   0: 3 0x8000b30c (0x00002f17) x30 0x8000d30c
core   0: 0x8000b310 (0xce3f2a23) sw      gp, -780(t5)
core   0: 3 0x8000b310 (0xce3f2a23) mem 0x8000d000 0x00000001
core   0: 0x8000b314 (0xff9ff06f) j       pc - 0x8
core   0: 3 0x8000b314 (0xff9ff06f)
core   0: 0x8000b30c (0x00002f17) auipc   t5, 0x2
core   0: 3 0x8000b30c (0x00002f17) x30 0x8000d30c
core   0: 0x8000b310 (0xce3f2a23) sw      gp, -780(t5)
core   0: 3 0x8000b310 (0xce3f2a23) mem 0x8000d000 0x00000001
core   0: 0x8000b314 (0xff9ff06f) j       pc - 0x8
core   0: 3 0x8000b314 (0xff9ff06f)
core   0: 0x8000b30c (0x00002f17) auipc   t5, 0x2
core   0: 3 0x8000b30c (0x00002f17) x30 0x8000d30c
core   0: 0x8000b310 (0xce3f2a23) sw      gp, -780(t5)
core   0: 3 0x8000b310 (0xce3f2a23) mem 0x8000d000 0x00000001
core   0: 0x8000b314 (0xff9ff06f) j       pc - 0x8
core   0: 3 0x8000b314 (0xff9ff06f)
core   0: 0x8000b30c (0x00002f17) auipc   t5, 0x2
core   0: 3 0x8000b30c (0x00002f17) x30 0x8000d30c
core   0: 0x8000b310 (0xce3f2a23) sw      gp, -780(t5)
core   0: 3 0x8000b310 (0xce3f2a23) mem 0x8000d000 0x00000001
core   0: 0x8000b314 (0xff9ff06f) j       pc - 0x8
core   0: 3 0x8000b314 (0xff9ff06f)
core   0: 0x8000b30c (0x00002f17) auipc   t5, 0x2
core   0: 3 0x8000b30c (0x00002f17) x30 0x8000d30c
core   0: 0x8000b310 (0xce3f2a23) sw      gp, -780(t5)
core   0: 3 0x8000b310 (0xce3f2a23) mem 0x8000d000 0x00000001
core   0: 0x8000b314 (0xff9ff06f) j       pc - 0x8
core   0: 3 0x8000b314 (0xff9ff06f)
core   0: 0x8000b30c (0x00002f17) auipc   t5, 0x2
core   0: 3 0x8000b30c (0x00002f17) x30 0x8000d30c
core   0: 0x8000b310 (0xce3f2a23) sw      gp, -780(t5)
core   0: 3 0x8000b310 (0xce3f2a23) mem 0x8000d000 0x00000001
core   0: 0x8000b314 (0xff9ff06f) j       pc - 0x8
core   0: 3 0x8000b314 (0xff9ff06f)
core   0: 0x8000b30c (0x00002f17) auipc   t5, 0x2
core   0: 3 0x8000b30c (0x00002f17) x30 0x8000d30c
core   0: 0x8000b310 (0xce3f2a23) sw      gp, -780(t5)
core   0: 3 0x8000b310 (0xce3f2a23) mem 0x8000d000 0x00000001
core   0: 0x8000b314 (0xff9ff06f) j       pc - 0x8
core   0: 3 0x8000b314 (0xff9ff06f)
core   0: 0x8000b30c (0x00002f17) auipc   t5, 0x2
core   0: 3 0x8000b30c (0x00002f17) x30 0x8000d30c
core   0: 0x8000b310 (0xce3f2a23) sw      gp, -780(t5)
core   0: 3 0x8000b310 (0xce3f2a23) mem 0x8000d000 0x00000001
core   0: 0x8000b314 (0xff9ff06f) j       pc - 0x8
core   0: 3 0x8000b314 (0xff9ff06f)
core   0: 0x8000b30c (0x00002f17) auipc   t5, 0x2
core   0: 3 0x8000b30c (0x00002f17) x30 0x8000d30c
core   0: 0x8000b310 (0xce3f2a23) sw      gp, -780(t5)
core   0: 3 0x8000b310 (0xce3f2a23) mem 0x8000d000 0x00000001
core   0: 0x8000b314 (0xff9ff06f) j       pc - 0x8
core   0: 3 0x8000b314 (0xff9ff06f)
core   0: 0x8000b30c (0x00002f17) auipc   t5, 0x2
core   0: 3 0x8000b30c (0x00002f17) x30 0x8000d30c
core   0: 0x8000b310 (0xce3f2a23) sw      gp, -780(t5)
core   0: 3 0x8000b310 (0xce3f2a23) mem 0x8000d000 0x00000001
core   0: 0x8000b314 (0xff9ff06f) j       pc - 0x8
core   0: 3 0x8000b314 (0xff9ff06f)
core   0: 0x8000b30c (0x00002f17) auipc   t5, 0x2
core   0: 3 0x8000b30c (0x00002f17) x30 0x8000d30c
core   0: 0x8000b310 (0xce3f2a23) sw      gp, -780(t5)
core   0: 3 0x8000b310 (0xce3f2a23) mem 0x8000d000 0x00000001
core   0: 0x8000b314 (0xff9ff06f) j       pc - 0x8
core   0: 3 0x8000b314 (0xff9ff06f)
core   0: 0x8000b30c (0x00002f17) auipc   t5, 0x2
core   0: 3 0x8000b30c (0x00002f17) x30 0x8000d30c
core   0: 0x8000b310 (0xce3f2a23) sw      gp, -780(t5)
core   0: 3 0x8000b310 (0xce3f2a23) mem 0x8000d000 0x00000001
core   0: 0x8000b314 (0xff9ff06f) j       pc - 0x8
core   0: 3 0x8000b314 (0xff9ff06f)
core   0: 0x8000b30c (0x00002f17) auipc   t5, 0x2
core   0: 3 0x8000b30c (0x00002f17) x30 0x8000d30c
core   0: 0x8000b310 (0xce3f2a23) sw      gp, -780(t5)
core   0: 3 0x8000b310 (0xce3f2a23) mem 0x8000d000 0x00000001
core   0: 0x8000b314 (0xff9ff06f) j       pc - 0x8
core   0: 3 0x8000b314 (0xff9ff06f)
core   0: 0x8000b30c (0x00002f17) auipc   t5, 0x2
core   0: 3 0x8000b30c (0x00002f17) x30 0x8000d30c
core   0: 0x8000b310 (0xce3f2a23) sw      gp, -780(t5)
core   0: 3 0x8000b310 (0xce3f2a23) mem 0x8000d000 0x00000001
core   0: 0x8000b314 (0xff9ff06f) j       pc - 0x8
core   0: 3 0x8000b314 (0xff9ff06f)
core   0: 0x8000b30c (0x00002f17) auipc   t5, 0x2
core   0: 3 0x8000b30c (0x00002f17) x30 0x8000d30c
core   0: 0x8000b310 (0xce3f2a23) sw      gp, -780(t5)
core   0: 3 0x8000b310 (0xce3f2a23) mem 0x8000d000 0x00000001
core   0: 0x8000b314 (0xff9ff06f) j       pc - 0x8
core   0: 3 0x8000b314 (0xff9ff06f)
core   0: 0x8000b30c (0x00002f17) auipc   t5, 0x2
core   0: 3 0x8000b30c (0x00002f17) x30 0x8000d30c
core   0: 0x8000b310 (0xce3f2a23) sw      gp, -780(t5)
core   0: 3 0x8000b310 (0xce3f2a23) mem 0x8000d000 0x00000001
core   0: 0x8000b314 (0xff9ff06f) j       pc - 0x8
core   0: 3 0x8000b314 (0xff9ff06f)
core   0: 0x8000b30c (0x00002f17) auipc   t5, 0x2
core   0: 3 0x8000b30c (0x00002f17) x30 0x8000d30c
core   0: 0x8000b310 (0xce3f2a23) sw      gp, -780(t5)
core   0: 3 0x8000b310 (0xce3f2a23) mem 0x8000d000 0x00000001
core   0: 0x8000b314 (0xff9ff06f) j       pc - 0x8
core   0: 3 0x8000b314 (0xff9ff06f)
core   0: 0x8000b30c (0x00002f17) auipc   t5, 0x2
core   0: 3 0x8000b30c (0x00002f17) x30 0x8000d30c
core   0: 0x8000b310 (0xce3f2a23) sw      gp, -780(t5)
core   0: 3 0x8000b310 (0xce3f2a23) mem 0x8000d000 0x00000001
core   0: 0x8000b314 (0xff9ff06f) j       pc - 0x8
core   0: 3 0x8000b314 (0xff9ff06f)
core   0: 0x8000b30c (0x00002f17) auipc   t5, 0x2
core   0: 3 0x8000b30c (0x00002f17) x30 0x8000d30c
core   0: 0x8000b310 (0xce3f2a23) sw      gp, -780(t5)
core   0: 3 0x8000b310 (0xce3f2a23) mem 0x8000d000 0x00000001
core   0: 0x8000b314 (0xff9ff06f) j       pc - 0x8
core   0: 3 0x8000b314 (0xff9ff06f)
core   0: 0x8000b30c (0x00002f17) auipc   t5, 0x2
core   0: 3 0x8000b30c (0x00002f17) x30 0x8000d30c
core   0: 0x8000b310 (0xce3f2a23) sw      gp, -780(t5)
core   0: 3 0x8000b310 (0xce3f2a23) mem 0x8000d000 0x00000001
core   0: 0x8000b314 (0xff9ff06f) j       pc - 0x8
core   0: 3 0x8000b314 (0xff9ff06f)
core   0: 0x8000b30c (0x00002f17) auipc   t5, 0x2
core   0: 3 0x8000b30c (0x00002f17) x30 0x8000d30c
core   0: 0x8000b310 (0xce3f2a23) sw      gp, -780(t5)
core   0: 3 0x8000b310 (0xce3f2a23) mem 0x8000d000 0x00000001
core   0: 0x8000b314 (0xff9ff06f) j       pc - 0x8
core   0: 3 0x8000b314 (0xff9ff06f)
core   0: 0x8000b30c (0x00002f17) auipc   t5, 0x2
core   0: 3 0x8000b30c (0x00002f17) x30 0x8000d30c
core   0: 0x8000b310 (0xce3f2a23) sw      gp, -780(t5)
core   0: 3 0x8000b310 (0xce3f2a23) mem 0x8000d000 0x00000001
core   0: 0x8000b314 (0xff9ff06f) j       pc - 0x8
core   0: 3 0x8000b314 (0xff9ff06f)
core   0: 0x8000b30c (0x00002f17) auipc   t5, 0x2
core   0: 3 0x8000b30c (0x00002f17) x30 0x8000d30c
core   0: 0x8000b310 (0xce3f2a23) sw      gp, -780(t5)
core   0: 3 0x8000b310 (0xce3f2a23) mem 0x8000d000 0x00000001
core   0: 0x8000b314 (0xff9ff06f) j       pc - 0x8
core   0: 3 0x8000b314 (0xff9ff06f)
core   0: 0x8000b30c (0x00002f17) auipc   t5, 0x2
core   0: 3 0x8000b30c (0x00002f17) x30 0x8000d30c
core   0: 0x8000b310 (0xce3f2a23) sw      gp, -780(t5)
core   0: 3 0x8000b310 (0xce3f2a23) mem 0x8000d000 0x00000001
core   0: 0x8000b314 (0xff9ff06f) j       pc - 0x8
core   0: 3 0x8000b314 (0xff9ff06f)
core   0: 0x8000b30c (0x00002f17) auipc   t5, 0x2
core   0: 3 0x8000b30c (0x00002f17) x30 0x8000d30c
core   0: 0x8000b310 (0xce3f2a23) sw      gp, -780(t5)
core   0: 3 0x8000b310 (0xce3f2a23) mem 0x8000d000 0x00000001
core   0: 0x8000b314 (0xff9ff06f) j       pc - 0x8
core   0: 3 0x8000b314 (0xff9ff06f)
core   0: 0x8000b30c (0x00002f17) auipc   t5, 0x2
core   0: 3 0x8000b30c (0x00002f17) x30 0x8000d30c
core   0: 0x8000b310 (0xce3f2a23) sw      gp, -780(t5)
core   0: 3 0x8000b310 (0xce3f2a23) mem 0x8000d000 0x00000001
core   0: 0x8000b314 (0xff9ff06f) j       pc - 0x8
core   0: 3 0x8000b314 (0xff9ff06f)
core   0: 0x8000b30c (0x00002f17) auipc   t5, 0x2
core   0: 3 0x8000b30c (0x00002f17) x30 0x8000d30c
core   0: 0x8000b310 (0xce3f2a23) sw      gp, -780(t5)
core   0: 3 0x8000b310 (0xce3f2a23) mem 0x8000d000 0x00000001
core   0: 0x8000b314 (0xff9ff06f) j       pc - 0x8
core   0: 3 0x8000b314 (0xff9ff06f)
core   0: 0x8000b30c (0x00002f17) auipc   t5, 0x2
core   0: 3 0x8000b30c (0x00002f17) x30 0x8000d30c
core   0: 0x8000b310 (0xce3f2a23) sw      gp, -780(t5)
core   0: 3 0x8000b310 (0xce3f2a23) mem 0x8000d000 0x00000001
core   0: 0x8000b314 (0xff9ff06f) j       pc - 0x8
core   0: 3 0x8000b314 (0xff9ff06f)
core   0: 0x8000b30c (0x00002f17) auipc   t5, 0x2
core   0: 3 0x8000b30c (0x00002f17) x30 0x8000d30c
core   0: 0x8000b310 (0xce3f2a23) sw      gp, -780(t5)
core   0: 3 0x8000b310 (0xce3f2a23) mem 0x8000d000 0x00000001
core   0: 0x8000b314 (0xff9ff06f) j       pc - 0x8
core   0: 3 0x8000b314 (0xff9ff06f)
core   0: 0x8000b30c (0x00002f17) auipc   t5, 0x2
core   0: 3 0x8000b30c (0x00002f17) x30 0x8000d30c
core   0: 0x8000b310 (0xce3f2a23) sw      gp, -780(t5)
core   0: 3 0x8000b310 (0xce3f2a23) mem 0x8000d000 0x00000001
core   0: 0x8000b314 (0xff9ff06f) j       pc - 0x8
core   0: 3 0x8000b314 (0xff9ff06f)
core   0: 0x8000b30c (0x00002f17) auipc   t5, 0x2
core   0: 3 0x8000b30c (0x00002f17) x30 0x8000d30c
core   0: 0x8000b310 (0xce3f2a23) sw      gp, -780(t5)
core   0: 3 0x8000b310 (0xce3f2a23) mem 0x8000d000 0x00000001
core   0: 0x8000b314 (0xff9ff06f) j       pc - 0x8
core   0: 3 0x8000b314 (0xff9ff06f)
core   0: 0x8000b30c (0x00002f17) auipc   t5, 0x2
core   0: 3 0x8000b30c (0x00002f17) x30 0x8000d30c
core   0: 0x8000b310 (0xce3f2a23) sw      gp, -780(t5)
core   0: 3 0x8000b310 (0xce3f2a23) mem 0x8000d000 0x00000001
core   0: 0x8000b314 (0xff9ff06f) j       pc - 0x8
core   0: 3 0x8000b314 (0xff9ff06f)
core   0: 0x8000b30c (0x00002f17) auipc   t5, 0x2
core   0: 3 0x8000b30c (0x00002f17) x30 0x8000d30c
core   0: 0x8000b310 (0xce3f2a23) sw      gp, -780(t5)
core   0: 3 0x8000b310 (0xce3f2a23) mem 0x8000d000 0x00000001
core   0: 0x8000b314 (0xff9ff06f) j       pc - 0x8
core   0: 3 0x8000b314 (0xff9ff06f)
core   0: 0x8000b30c (0x00002f17) auipc   t5, 0x2
core   0: 3 0x8000b30c (0x00002f17) x30 0x8000d30c
core   0: 0x8000b310 (0xce3f2a23) sw      gp, -780(t5)
core   0: 3 0x8000b310 (0xce3f2a23) mem 0x8000d000 0x00000001
core   0: 0x8000b314 (0xff9ff06f) j       pc - 0x8
core   0: 3 0x8000b314 (0xff9ff06f)
core   0: 0x8000b30c (0x00002f17) auipc   t5, 0x2
core   0: 3 0x8000b30c (0x00002f17) x30 0x8000d30c
core   0: 0x8000b310 (0xce3f2a23) sw      gp, -780(t5)
core   0: 3 0x8000b310 (0xce3f2a23) mem 0x8000d000 0x00000001
core   0: 0x8000b314 (0xff9ff06f) j       pc - 0x8
core   0: 3 0x8000b314 (0xff9ff06f)
core   0: 0x8000b30c (0x00002f17) auipc   t5, 0x2
core   0: 3 0x8000b30c (0x00002f17) x30 0x8000d30c
core   0: 0x8000b310 (0xce3f2a23) sw      gp, -780(t5)
core   0: 3 0x8000b310 (0xce3f2a23) mem 0x8000d000 0x00000001
core   0: 0x8000b314 (0xff9ff06f) j       pc - 0x8
core   0: 3 0x8000b314 (0xff9ff06f)
core   0: 0x8000b30c (0x00002f17) auipc   t5, 0x2
core   0: 3 0x8000b30c (0x00002f17) x30 0x8000d30c
core   0: 0x8000b310 (0xce3f2a23) sw      gp, -780(t5)
core   0: 3 0x8000b310 (0xce3f2a23) mem 0x8000d000 0x00000001
core   0: 0x8000b314 (0xff9ff06f) j       pc - 0x8
core   0: 3 0x8000b314 (0xff9ff06f)
core   0: 0x8000b30c (0x00002f17) auipc   t5, 0x2
core   0: 3 0x8000b30c (0x00002f17) x30 0x8000d30c
core   0: 0x8000b310 (0xce3f2a23) sw      gp, -780(t5)
core   0: 3 0x8000b310 (0xce3f2a23) mem 0x8000d000 0x00000001
core   0: 0x8000b314 (0xff9ff06f) j       pc - 0x8
core   0: 3 0x8000b314 (0xff9ff06f)
core   0: 0x8000b30c (0x00002f17) auipc   t5, 0x2
core   0: 3 0x8000b30c (0x00002f17) x30 0x8000d30c
core   0: 0x8000b310 (0xce3f2a23) sw      gp, -780(t5)
core   0: 3 0x8000b310 (0xce3f2a23) mem 0x8000d000 0x00000001
core   0: 0x8000b314 (0xff9ff06f) j       pc - 0x8
core   0: 3 0x8000b314 (0xff9ff06f)
core   0: 0x8000b30c (0x00002f17) auipc   t5, 0x2
core   0: 3 0x8000b30c (0x00002f17) x30 0x8000d30c
core   0: 0x8000b310 (0xce3f2a23) sw      gp, -780(t5)
core   0: 3 0x8000b310 (0xce3f2a23) mem 0x8000d000 0x00000001
core   0: 0x8000b314 (0xff9ff06f) j       pc - 0x8
core   0: 3 0x8000b314 (0xff9ff06f)
core   0: 0x8000b30c (0x00002f17) auipc   t5, 0x2
core   0: 3 0x8000b30c (0x00002f17) x30 0x8000d30c
core   0: 0x8000b310 (0xce3f2a23) sw      gp, -780(t5)
core   0: 3 0x8000b310 (0xce3f2a23) mem 0x8000d000 0x00000001
core   0: 0x8000b314 (0xff9ff06f) j       pc - 0x8
core   0: 3 0x8000b314 (0xff9ff06f)
core   0: 0x8000b30c (0x00002f17) auipc   t5, 0x2
core   0: 3 0x8000b30c (0x00002f17) x30 0x8000d30c
core   0: 0x8000b310 (0xce3f2a23) sw      gp, -780(t5)
core   0: 3 0x8000b310 (0xce3f2a23) mem 0x8000d000 0x00000001
core   0: 0x8000b314 (0xff9ff06f) j       pc - 0x8
core   0: 3 0x8000b314 (0xff9ff06f)
core   0: 0x8000b30c (0x00002f17) auipc   t5, 0x2
core   0: 3 0x8000b30c (0x00002f17) x30 0x8000d30c
core   0: 0x8000b310 (0xce3f2a23) sw      gp, -780(t5)
core   0: 3 0x8000b310 (0xce3f2a23) mem 0x8000d000 0x00000001
core   0: 0x8000b314 (0xff9ff06f) j       pc - 0x8
core   0: 3 0x8000b314 (0xff9ff06f)
core   0: 0x8000b30c (0x00002f17) auipc   t5, 0x2
core   0: 3 0x8000b30c (0x00002f17) x30 0x8000d30c
core   0: 0x8000b310 (0xce3f2a23) sw      gp, -780(t5)
core   0: 3 0x8000b310 (0xce3f2a23) mem 0x8000d000 0x00000001
core   0: 0x8000b314 (0xff9ff06f) j       pc - 0x8
core   0: 3 0x8000b314 (0xff9ff06f)
core   0: 0x8000b30c (0x00002f17) auipc   t5, 0x2
core   0: 3 0x8000b30c (0x00002f17) x30 0x8000d30c
core   0: 0x8000b310 (0xce3f2a23) sw      gp, -780(t5)
core   0: 3 0x8000b310 (0xce3f2a23) mem 0x8000d000 0x00000001
core   0: 0x8000b314 (0xff9ff06f) j       pc - 0x8
core   0: 3 0x8000b314 (0xff9ff06f)
core   0: 0x8000b30c (0x00002f17) auipc   t5, 0x2
core   0: 3 0x8000b30c (0x00002f17) x30 0x8000d30c
core   0: 0x8000b310 (0xce3f2a23) sw      gp, -780(t5)
core   0: 3 0x8000b310 (0xce3f2a23) mem 0x8000d000 0x00000001
core   0: 0x8000b314 (0xff9ff06f) j       pc - 0x8
core   0: 3 0x8000b314 (0xff9ff06f)
core   0: 0x8000b30c (0x00002f17) auipc   t5, 0x2
core   0: 3 0x8000b30c (0x00002f17) x30 0x8000d30c
core   0: 0x8000b310 (0xce3f2a23) sw      gp, -780(t5)
core   0: 3 0x8000b310 (0xce3f2a23) mem 0x8000d000 0x00000001
core   0: 0x8000b314 (0xff9ff06f) j       pc - 0x8
core   0: 3 0x8000b314 (0xff9ff06f)
core   0: 0x8000b30c (0x00002f17) auipc   t5, 0x2
core   0: 3 0x8000b30c (0x00002f17) x30 0x8000d30c
core   0: 0x8000b310 (0xce3f2a23) sw      gp, -780(t5)
core   0: 3 0x8000b310 (0xce3f2a23) mem 0x8000d000 0x00000001
core   0: 0x8000b314 (0xff9ff06f) j       pc - 0x8
core   0: 3 0x8000b314 (0xff9ff06f)
core   0: 0x8000b30c (0x00002f17) auipc   t5, 0x2
core   0: 3 0x8000b30c (0x00002f17) x30 0x8000d30c
core   0: 0x8000b310 (0xce3f2a23) sw      gp, -780(t5)
core   0: 3 0x8000b310 (0xce3f2a23) mem 0x8000d000 0x00000001
core   0: 0x8000b314 (0xff9ff06f) j       pc - 0x8
core   0: 3 0x8000b314 (0xff9ff06f)
core   0: 0x8000b30c (0x00002f17) auipc   t5, 0x2
core   0: 3 0x8000b30c (0x00002f17) x30 0x8000d30c
core   0: 0x8000b310 (0xce3f2a23) sw      gp, -780(t5)
core   0: 3 0x8000b310 (0xce3f2a23) mem 0x8000d000 0x00000001
core   0: 0x8000b314 (0xff9ff06f) j       pc - 0x8
core   0: 3 0x8000b314 (0xff9ff06f)
core   0: 0x8000b30c (0x00002f17) auipc   t5, 0x2
core   0: 3 0x8000b30c (0x00002f17) x30 0x8000d30c
core   0: 0x8000b310 (0xce3f2a23) sw      gp, -780(t5)
core   0: 3 0x8000b310 (0xce3f2a23) mem 0x8000d000 0x00000001
core   0: 0x8000b314 (0xff9ff06f) j       pc - 0x8
core   0: 3 0x8000b314 (0xff9ff06f)
core   0: 0x8000b30c (0x00002f17) auipc   t5, 0x2
core   0: 3 0x8000b30c (0x00002f17) x30 0x8000d30c
core   0: 0x8000b310 (0xce3f2a23) sw      gp, -780(t5)
core   0: 3 0x8000b310 (0xce3f2a23) mem 0x8000d000 0x00000001
core   0: 0x8000b314 (0xff9ff06f) j       pc - 0x8
core   0: 3 0x8000b314 (0xff9ff06f)
core   0: 0x8000b30c (0x00002f17) auipc   t5, 0x2
core   0: 3 0x8000b30c (0x00002f17) x30 0x8000d30c
core   0: 0x8000b310 (0xce3f2a23) sw      gp, -780(t5)
core   0: 3 0x8000b310 (0xce3f2a23) mem 0x8000d000 0x00000001
core   0: 0x8000b314 (0xff9ff06f) j       pc - 0x8
core   0: 3 0x8000b314 (0xff9ff06f)
core   0: 0x8000b30c (0x00002f17) auipc   t5, 0x2
core   0: 3 0x8000b30c (0x00002f17) x30 0x8000d30c
core   0: 0x8000b310 (0xce3f2a23) sw      gp, -780(t5)
core   0: 3 0x8000b310 (0xce3f2a23) mem 0x8000d000 0x00000001
core   0: 0x8000b314 (0xff9ff06f) j       pc - 0x8
core   0: 3 0x8000b314 (0xff9ff06f)
core   0: 0x8000b30c (0x00002f17) auipc   t5, 0x2
core   0: 3 0x8000b30c (0x00002f17) x30 0x8000d30c
core   0: 0x8000b310 (0xce3f2a23) sw      gp, -780(t5)
core   0: 3 0x8000b310 (0xce3f2a23) mem 0x8000d000 0x00000001
core   0: 0x8000b314 (0xff9ff06f) j       pc - 0x8
core   0: 3 0x8000b314 (0xff9ff06f)
core   0: 0x8000b30c (0x00002f17) auipc   t5, 0x2
core   0: 3 0x8000b30c (0x00002f17) x30 0x8000d30c
core   0: 0x8000b310 (0xce3f2a23) sw      gp, -780(t5)
core   0: 3 0x8000b310 (0xce3f2a23) mem 0x8000d000 0x00000001
core   0: 0x8000b314 (0xff9ff06f) j       pc - 0x8
core   0: 3 0x8000b314 (0xff9ff06f)
core   0: 0x8000b30c (0x00002f17) auipc   t5, 0x2
core   0: 3 0x8000b30c (0x00002f17) x30 0x8000d30c
core   0: 0x8000b310 (0xce3f2a23) sw      gp, -780(t5)
core   0: 3 0x8000b310 (0xce3f2a23) mem 0x8000d000 0x00000001
core   0: 0x8000b314 (0xff9ff06f) j       pc - 0x8
core   0: 3 0x8000b314 (0xff9ff06f)
core   0: 0x8000b30c (0x00002f17) auipc   t5, 0x2
core   0: 3 0x8000b30c (0x00002f17) x30 0x8000d30c
core   0: 0x8000b310 (0xce3f2a23) sw      gp, -780(t5)
core   0: 3 0x8000b310 (0xce3f2a23) mem 0x8000d000 0x00000001
core   0: 0x8000b314 (0xff9ff06f) j       pc - 0x8
core   0: 3 0x8000b314 (0xff9ff06f)
core   0: 0x8000b30c (0x00002f17) auipc   t5, 0x2
core   0: 3 0x8000b30c (0x00002f17) x30 0x8000d30c
core   0: 0x8000b310 (0xce3f2a23) sw      gp, -780(t5)
core   0: 3 0x8000b310 (0xce3f2a23) mem 0x8000d000 0x00000001
core   0: 0x8000b314 (0xff9ff06f) j       pc - 0x8
core   0: 3 0x8000b314 (0xff9ff06f)
core   0: 0x8000b30c (0x00002f17) auipc   t5, 0x2
core   0: 3 0x8000b30c (0x00002f17) x30 0x8000d30c
core   0: 0x8000b310 (0xce3f2a23) sw      gp, -780(t5)
core   0: 3 0x8000b310 (0xce3f2a23) mem 0x8000d000 0x00000001
core   0: 0x8000b314 (0xff9ff06f) j       pc - 0x8
core   0: 3 0x8000b314 (0xff9ff06f)
core   0: 0x8000b30c (0x00002f17) auipc   t5, 0x2
core   0: 3 0x8000b30c (0x00002f17) x30 0x8000d30c
core   0: 0x8000b310 (0xce3f2a23) sw      gp, -780(t5)
core   0: 3 0x8000b310 (0xce3f2a23) mem 0x8000d000 0x00000001
core   0: 0x8000b314 (0xff9ff06f) j       pc - 0x8
core   0: 3 0x8000b314 (0xff9ff06f)
core   0: 0x8000b30c (0x00002f17) auipc   t5, 0x2
core   0: 3 0x8000b30c (0x00002f17) x30 0x8000d30c
core   0: 0x8000b310 (0xce3f2a23) sw      gp, -780(t5)
core   0: 3 0x8000b310 (0xce3f2a23) mem 0x8000d000 0x00000001
core   0: 0x8000b314 (0xff9ff06f) j       pc - 0x8
core   0: 3 0x8000b314 (0xff9ff06f)
core   0: 0x8000b30c (0x00002f17) auipc   t5, 0x2
core   0: 3 0x8000b30c (0x00002f17) x30 0x8000d30c
core   0: 0x8000b310 (0xce3f2a23) sw      gp, -780(t5)
core   0: 3 0x8000b310 (0xce3f2a23) mem 0x8000d000 0x00000001
core   0: 0x8000b314 (0xff9ff06f) j       pc - 0x8
core   0: 3 0x8000b314 (0xff9ff06f)
core   0: 0x8000b30c (0x00002f17) auipc   t5, 0x2
core   0: 3 0x8000b30c (0x00002f17) x30 0x8000d30c
core   0: 0x8000b310 (0xce3f2a23) sw      gp, -780(t5)
core   0: 3 0x8000b310 (0xce3f2a23) mem 0x8000d000 0x00000001
core   0: 0x8000b314 (0xff9ff06f) j       pc - 0x8
core   0: 3 0x8000b314 (0xff9ff06f)
core   0: 0x8000b30c (0x00002f17) auipc   t5, 0x2
core   0: 3 0x8000b30c (0x00002f17) x30 0x8000d30c
core   0: 0x8000b310 (0xce3f2a23) sw      gp, -780(t5)
core   0: 3 0x8000b310 (0xce3f2a23) mem 0x8000d000 0x00000001
core   0: 0x8000b314 (0xff9ff06f) j       pc - 0x8
core   0: 3 0x8000b314 (0xff9ff06f)
core   0: 0x8000b30c (0x00002f17) auipc   t5, 0x2
core   0: 3 0x8000b30c (0x00002f17) x30 0x8000d30c
core   0: 0x8000b310 (0xce3f2a23) sw      gp, -780(t5)
core   0: 3 0x8000b310 (0xce3f2a23) mem 0x8000d000 0x00000001
core   0: 0x8000b314 (0xff9ff06f) j       pc - 0x8
core   0: 3 0x8000b314 (0xff9ff06f)
core   0: 0x8000b30c (0x00002f17) auipc   t5, 0x2
core   0: 3 0x8000b30c (0x00002f17) x30 0x8000d30c
core   0: 0x8000b310 (0xce3f2a23) sw      gp, -780(t5)
core   0: 3 0x8000b310 (0xce3f2a23) mem 0x8000d000 0x00000001
core   0: 0x8000b314 (0xff9ff06f) j       pc - 0x8
core   0: 3 0x8000b314 (0xff9ff06f)
core   0: 0x8000b30c (0x00002f17) auipc   t5, 0x2
core   0: 3 0x8000b30c (0x00002f17) x30 0x8000d30c
core   0: 0x8000b310 (0xce3f2a23) sw      gp, -780(t5)
core   0: 3 0x8000b310 (0xce3f2a23) mem 0x8000d000 0x00000001
core   0: 0x8000b314 (0xff9ff06f) j       pc - 0x8
core   0: 3 0x8000b314 (0xff9ff06f)
core   0: 0x8000b30c (0x00002f17) auipc   t5, 0x2
core   0: 3 0x8000b30c (0x00002f17) x30 0x8000d30c
core   0: 0x8000b310 (0xce3f2a23) sw      gp, -780(t5)
core   0: 3 0x8000b310 (0xce3f2a23) mem 0x8000d000 0x00000001
core   0: 0x8000b314 (0xff9ff06f) j       pc - 0x8
core   0: 3 0x8000b314 (0xff9ff06f)
core   0: 0x8000b30c (0x00002f17) auipc   t5, 0x2
core   0: 3 0x8000b30c (0x00002f17) x30 0x8000d30c
core   0: 0x8000b310 (0xce3f2a23) sw      gp, -780(t5)
core   0: 3 0x8000b310 (0xce3f2a23) mem 0x8000d000 0x00000001
core   0: 0x8000b314 (0xff9ff06f) j       pc - 0x8
core   0: 3 0x8000b314 (0xff9ff06f)
core   0: 0x8000b30c (0x00002f17) auipc   t5, 0x2
core   0: 3 0x8000b30c (0x00002f17) x30 0x8000d30c
core   0: 0x8000b310 (0xce3f2a23) sw      gp, -780(t5)
core   0: 3 0x8000b310 (0xce3f2a23) mem 0x8000d000 0x00000001
core   0: 0x8000b314 (0xff9ff06f) j       pc - 0x8
core   0: 3 0x8000b314 (0xff9ff06f)
core   0: 0x8000b30c (0x00002f17) auipc   t5, 0x2
core   0: 3 0x8000b30c (0x00002f17) x30 0x8000d30c
core   0: 0x8000b310 (0xce3f2a23) sw      gp, -780(t5)
core   0: 3 0x8000b310 (0xce3f2a23) mem 0x8000d000 0x00000001
core   0: 0x8000b314 (0xff9ff06f) j       pc - 0x8
core   0: 3 0x8000b314 (0xff9ff06f)
core   0: 0x8000b30c (0x00002f17) auipc   t5, 0x2
core   0: 3 0x8000b30c (0x00002f17) x30 0x8000d30c
core   0: 0x8000b310 (0xce3f2a23) sw      gp, -780(t5)
core   0: 3 0x8000b310 (0xce3f2a23) mem 0x8000d000 0x00000001
core   0: 0x8000b314 (0xff9ff06f) j       pc - 0x8
core   0: 3 0x8000b314 (0xff9ff06f)
core   0: 0x8000b30c (0x00002f17) auipc   t5, 0x2
core   0: 3 0x8000b30c (0x00002f17) x30 0x8000d30c
core   0: 0x8000b310 (0xce3f2a23) sw      gp, -780(t5)
core   0: 3 0x8000b310 (0xce3f2a23) mem 0x8000d000 0x00000001
core   0: 0x8000b314 (0xff9ff06f) j       pc - 0x8
core   0: 3 0x8000b314 (0xff9ff06f)
core   0: 0x8000b30c (0x00002f17) auipc   t5, 0x2
core   0: 3 0x8000b30c (0x00002f17) x30 0x8000d30c
core   0: 0x8000b310 (0xce3f2a23) sw      gp, -780(t5)
core   0: 3 0x8000b310 (0xce3f2a23) mem 0x8000d000 0x00000001
core   0: 0x8000b314 (0xff9ff06f) j       pc - 0x8
core   0: 3 0x8000b314 (0xff9ff06f)
core   0: 0x8000b30c (0x00002f17) auipc   t5, 0x2
core   0: 3 0x8000b30c (0x00002f17) x30 0x8000d30c
core   0: 0x8000b310 (0xce3f2a23) sw      gp, -780(t5)
core   0: 3 0x8000b310 (0xce3f2a23) mem 0x8000d000 0x00000001
core   0: 0x8000b314 (0xff9ff06f) j       pc - 0x8
core   0: 3 0x8000b314 (0xff9ff06f)
core   0: 0x8000b30c (0x00002f17) auipc   t5, 0x2
core   0: 3 0x8000b30c (0x00002f17) x30 0x8000d30c
core   0: 0x8000b310 (0xce3f2a23) sw      gp, -780(t5)
core   0: 3 0x8000b310 (0xce3f2a23) mem 0x8000d000 0x00000001
core   0: 0x8000b314 (0xff9ff06f) j       pc - 0x8
core   0: 3 0x8000b314 (0xff9ff06f)
core   0: 0x8000b30c (0x00002f17) auipc   t5, 0x2
core   0: 3 0x8000b30c (0x00002f17) x30 0x8000d30c
core   0: 0x8000b310 (0xce3f2a23) sw      gp, -780(t5)
core   0: 3 0x8000b310 (0xce3f2a23) mem 0x8000d000 0x00000001
core   0: 0x8000b314 (0xff9ff06f) j       pc - 0x8
core   0: 3 0x8000b314 (0xff9ff06f)
core   0: 0x8000b30c (0x00002f17) auipc   t5, 0x2
core   0: 3 0x8000b30c (0x00002f17) x30 0x8000d30c
core   0: 0x8000b310 (0xce3f2a23) sw      gp, -780(t5)
core   0: 3 0x8000b310 (0xce3f2a23) mem 0x8000d000 0x00000001
core   0: 0x8000b314 (0xff9ff06f) j       pc - 0x8
core   0: 3 0x8000b314 (0xff9ff06f)
core   0: 0x8000b30c (0x00002f17) auipc   t5, 0x2
core   0: 3 0x8000b30c (0x00002f17) x30 0x8000d30c
core   0: 0x8000b310 (0xce3f2a23) sw      gp, -780(t5)
core   0: 3 0x8000b310 (0xce3f2a23) mem 0x8000d000 0x00000001
core   0: 0x8000b314 (0xff9ff06f) j       pc - 0x8
core   0: 3 0x8000b314 (0xff9ff06f)
core   0: 0x8000b30c (0x00002f17) auipc   t5, 0x2
core   0: 3 0x8000b30c (0x00002f17) x30 0x8000d30c
core   0: 0x8000b310 (0xce3f2a23) sw      gp, -780(t5)
core   0: 3 0x8000b310 (0xce3f2a23) mem 0x8000d000 0x00000001
core   0: 0x8000b314 (0xff9ff06f) j       pc - 0x8
core   0: 3 0x8000b314 (0xff9ff06f)
core   0: 0x8000b30c (0x00002f17) auipc   t5, 0x2
core   0: 3 0x8000b30c (0x00002f17) x30 0x8000d30c
core   0: 0x8000b310 (0xce3f2a23) sw      gp, -780(t5)
core   0: 3 0x8000b310 (0xce3f2a23) mem 0x8000d000 0x00000001
core   0: 0x8000b314 (0xff9ff06f) j       pc - 0x8
core   0: 3 0x8000b314 (0xff9ff06f)
core   0: 0x8000b30c (0x00002f17) auipc   t5, 0x2
core   0: 3 0x8000b30c (0x00002f17) x30 0x8000d30c
core   0: 0x8000b310 (0xce3f2a23) sw      gp, -780(t5)
core   0: 3 0x8000b310 (0xce3f2a23) mem 0x8000d000 0x00000001
core   0: 0x8000b314 (0xff9ff06f) j       pc - 0x8
core   0: 3 0x8000b314 (0xff9ff06f)
core   0: 0x8000b30c (0x00002f17) auipc   t5, 0x2
core   0: 3 0x8000b30c (0x00002f17) x30 0x8000d30c
core   0: 0x8000b310 (0xce3f2a23) sw      gp, -780(t5)
core   0: 3 0x8000b310 (0xce3f2a23) mem 0x8000d000 0x00000001
core   0: 0x8000b314 (0xff9ff06f) j       pc - 0x8
core   0: 3 0x8000b314 (0xff9ff06f)
core   0: 0x8000b30c (0x00002f17) auipc   t5, 0x2
core   0: 3 0x8000b30c (0x00002f17) x30 0x8000d30c
core   0: 0x8000b310 (0xce3f2a23) sw      gp, -780(t5)
core   0: 3 0x8000b310 (0xce3f2a23) mem 0x8000d000 0x00000001
core   0: 0x8000b314 (0xff9ff06f) j       pc - 0x8
core   0: 3 0x8000b314 (0xff9ff06f)
core   0: 0x8000b30c (0x00002f17) auipc   t5, 0x2
core   0: 3 0x8000b30c (0x00002f17) x30 0x8000d30c
core   0: 0x8000b310 (0xce3f2a23) sw      gp, -780(t5)
core   0: 3 0x8000b310 (0xce3f2a23) mem 0x8000d000 0x00000001
core   0: 0x8000b314 (0xff9ff06f) j       pc - 0x8
core   0: 3 0x8000b314 (0xff9ff06f)
core   0: 0x8000b30c (0x00002f17) auipc   t5, 0x2
core   0: 3 0x8000b30c (0x00002f17) x30 0x8000d30c
core   0: 0x8000b310 (0xce3f2a23) sw      gp, -780(t5)
core   0: 3 0x8000b310 (0xce3f2a23) mem 0x8000d000 0x00000001
core   0: 0x8000b314 (0xff9ff06f) j       pc - 0x8
core   0: 3 0x8000b314 (0xff9ff06f)
core   0: 0x8000b30c (0x00002f17) auipc   t5, 0x2
core   0: 3 0x8000b30c (0x00002f17) x30 0x8000d30c
core   0: 0x8000b310 (0xce3f2a23) sw      gp, -780(t5)
core   0: 3 0x8000b310 (0xce3f2a23) mem 0x8000d000 0x00000001
core   0: 0x8000b314 (0xff9ff06f) j       pc - 0x8
core   0: 3 0x8000b314 (0xff9ff06f)
core   0: 0x8000b30c (0x00002f17) auipc   t5, 0x2
core   0: 3 0x8000b30c (0x00002f17) x30 0x8000d30c
core   0: 0x8000b310 (0xce3f2a23) sw      gp, -780(t5)
core   0: 3 0x8000b310 (0xce3f2a23) mem 0x8000d000 0x00000001
core   0: 0x8000b314 (0xff9ff06f) j       pc - 0x8
core   0: 3 0x8000b314 (0xff9ff06f)
core   0: 0x8000b30c (0x00002f17) auipc   t5, 0x2
core   0: 3 0x8000b30c (0x00002f17) x30 0x8000d30c
core   0: 0x8000b310 (0xce3f2a23) sw      gp, -780(t5)
core   0: 3 0x8000b310 (0xce3f2a23) mem 0x8000d000 0x00000001
core   0: 0x8000b314 (0xff9ff06f) j       pc - 0x8
core   0: 3 0x8000b314 (0xff9ff06f)
core   0: 0x8000b30c (0x00002f17) auipc   t5, 0x2
core   0: 3 0x8000b30c (0x00002f17) x30 0x8000d30c
core   0: 0x8000b310 (0xce3f2a23) sw      gp, -780(t5)
core   0: 3 0x8000b310 (0xce3f2a23) mem 0x8000d000 0x00000001
core   0: 0x8000b314 (0xff9ff06f) j       pc - 0x8
core   0: 3 0x8000b314 (0xff9ff06f)
core   0: 0x8000b30c (0x00002f17) auipc   t5, 0x2
core   0: 3 0x8000b30c (0x00002f17) x30 0x8000d30c
core   0: 0x8000b310 (0xce3f2a23) sw      gp, -780(t5)
core   0: 3 0x8000b310 (0xce3f2a23) mem 0x8000d000 0x00000001
core   0: 0x8000b314 (0xff9ff06f) j       pc - 0x8
core   0: 3 0x8000b314 (0xff9ff06f)
core   0: 0x8000b30c (0x00002f17) auipc   t5, 0x2
core   0: 3 0x8000b30c (0x00002f17) x30 0x8000d30c
core   0: 0x8000b310 (0xce3f2a23) sw      gp, -780(t5)
core   0: 3 0x8000b310 (0xce3f2a23) mem 0x8000d000 0x00000001
core   0: 0x8000b314 (0xff9ff06f) j       pc - 0x8
core   0: 3 0x8000b314 (0xff9ff06f)
core   0: 0x8000b30c (0x00002f17) auipc   t5, 0x2
core   0: 3 0x8000b30c (0x00002f17) x30 0x8000d30c
core   0: 0x8000b310 (0xce3f2a23) sw      gp, -780(t5)
core   0: 3 0x8000b310 (0xce3f2a23) mem 0x8000d000 0x00000001
core   0: 0x8000b314 (0xff9ff06f) j       pc - 0x8
core   0: 3 0x8000b314 (0xff9ff06f)
core   0: 0x8000b30c (0x00002f17) auipc   t5, 0x2
core   0: 3 0x8000b30c (0x00002f17) x30 0x8000d30c
core   0: 0x8000b310 (0xce3f2a23) sw      gp, -780(t5)
core   0: 3 0x8000b310 (0xce3f2a23) mem 0x8000d000 0x00000001
core   0: 0x8000b314 (0xff9ff06f) j       pc - 0x8
core   0: 3 0x8000b314 (0xff9ff06f)
core   0: 0x8000b30c (0x00002f17) auipc   t5, 0x2
core   0: 3 0x8000b30c (0x00002f17) x30 0x8000d30c
core   0: 0x8000b310 (0xce3f2a23) sw      gp, -780(t5)
core   0: 3 0x8000b310 (0xce3f2a23) mem 0x8000d000 0x00000001
core   0: 0x8000b314 (0xff9ff06f) j       pc - 0x8
core   0: 3 0x8000b314 (0xff9ff06f)
core   0: 0x8000b30c (0x00002f17) auipc   t5, 0x2
core   0: 3 0x8000b30c (0x00002f17) x30 0x8000d30c
core   0: 0x8000b310 (0xce3f2a23) sw      gp, -780(t5)
core   0: 3 0x8000b310 (0xce3f2a23) mem 0x8000d000 0x00000001
core   0: 0x8000b314 (0xff9ff06f) j       pc - 0x8
core   0: 3 0x8000b314 (0xff9ff06f)
core   0: 0x8000b30c (0x00002f17) auipc   t5, 0x2
core   0: 3 0x8000b30c (0x00002f17) x30 0x8000d30c
core   0: 0x8000b310 (0xce3f2a23) sw      gp, -780(t5)
core   0: 3 0x8000b310 (0xce3f2a23) mem 0x8000d000 0x00000001
core   0: 0x8000b314 (0xff9ff06f) j       pc - 0x8
core   0: 3 0x8000b314 (0xff9ff06f)
core   0: 0x8000b30c (0x00002f17) auipc   t5, 0x2
core   0: 3 0x8000b30c (0x00002f17) x30 0x8000d30c
core   0: 0x8000b310 (0xce3f2a23) sw      gp, -780(t5)
core   0: 3 0x8000b310 (0xce3f2a23) mem 0x8000d000 0x00000001
core   0: 0x8000b314 (0xff9ff06f) j       pc - 0x8
core   0: 3 0x8000b314 (0xff9ff06f)
core   0: 0x8000b30c (0x00002f17) auipc   t5, 0x2
core   0: 3 0x8000b30c (0x00002f17) x30 0x8000d30c
core   0: 0x8000b310 (0xce3f2a23) sw      gp, -780(t5)
core   0: 3 0x8000b310 (0xce3f2a23) mem 0x8000d000 0x00000001
core   0: 0x8000b314 (0xff9ff06f) j       pc - 0x8
core   0: 3 0x8000b314 (0xff9ff06f)
core   0: 0x8000b30c (0x00002f17) auipc   t5, 0x2
core   0: 3 0x8000b30c (0x00002f17) x30 0x8000d30c
core   0: 0x8000b310 (0xce3f2a23) sw      gp, -780(t5)
core   0: 3 0x8000b310 (0xce3f2a23) mem 0x8000d000 0x00000001
core   0: 0x8000b314 (0xff9ff06f) j       pc - 0x8
core   0: 3 0x8000b314 (0xff9ff06f)
core   0: 0x8000b30c (0x00002f17) auipc   t5, 0x2
core   0: 3 0x8000b30c (0x00002f17) x30 0x8000d30c
core   0: 0x8000b310 (0xce3f2a23) sw      gp, -780(t5)
core   0: 3 0x8000b310 (0xce3f2a23) mem 0x8000d000 0x00000001
core   0: 0x8000b314 (0xff9ff06f) j       pc - 0x8
core   0: 3 0x8000b314 (0xff9ff06f)
core   0: 0x8000b30c (0x00002f17) auipc   t5, 0x2
core   0: 3 0x8000b30c (0x00002f17) x30 0x8000d30c
core   0: 0x8000b310 (0xce3f2a23) sw      gp, -780(t5)
core   0: 3 0x8000b310 (0xce3f2a23) mem 0x8000d000 0x00000001
core   0: 0x8000b314 (0xff9ff06f) j       pc - 0x8
core   0: 3 0x8000b314 (0xff9ff06f)
core   0: 0x8000b30c (0x00002f17) auipc   t5, 0x2
core   0: 3 0x8000b30c (0x00002f17) x30 0x8000d30c
core   0: 0x8000b310 (0xce3f2a23) sw      gp, -780(t5)
core   0: 3 0x8000b310 (0xce3f2a23) mem 0x8000d000 0x00000001
core   0: 0x8000b314 (0xff9ff06f) j       pc - 0x8
core   0: 3 0x8000b314 (0xff9ff06f)
core   0: 0x8000b30c (0x00002f17) auipc   t5, 0x2
core   0: 3 0x8000b30c (0x00002f17) x30 0x8000d30c
core   0: 0x8000b310 (0xce3f2a23) sw      gp, -780(t5)
core   0: 3 0x8000b310 (0xce3f2a23) mem 0x8000d000 0x00000001
core   0: 0x8000b314 (0xff9ff06f) j       pc - 0x8
core   0: 3 0x8000b314 (0xff9ff06f)
core   0: 0x8000b30c (0x00002f17) auipc   t5, 0x2
core   0: 3 0x8000b30c (0x00002f17) x30 0x8000d30c
core   0: 0x8000b310 (0xce3f2a23) sw      gp, -780(t5)
core   0: 3 0x8000b310 (0xce3f2a23) mem 0x8000d000 0x00000001
core   0: 0x8000b314 (0xff9ff06f) j       pc - 0x8
core   0: 3 0x8000b314 (0xff9ff06f)
core   0: 0x8000b30c (0x00002f17) auipc   t5, 0x2
core   0: 3 0x8000b30c (0x00002f17) x30 0x8000d30c
core   0: 0x8000b310 (0xce3f2a23) sw      gp, -780(t5)
core   0: 3 0x8000b310 (0xce3f2a23) mem 0x8000d000 0x00000001
core   0: 0x8000b314 (0xff9ff06f) j       pc - 0x8
core   0: 3 0x8000b314 (0xff9ff06f)
core   0: 0x8000b30c (0x00002f17) auipc   t5, 0x2
core   0: 3 0x8000b30c (0x00002f17) x30 0x8000d30c
core   0: 0x8000b310 (0xce3f2a23) sw      gp, -780(t5)
core   0: 3 0x8000b310 (0xce3f2a23) mem 0x8000d000 0x00000001
core   0: 0x8000b314 (0xff9ff06f) j       pc - 0x8
core   0: 3 0x8000b314 (0xff9ff06f)
core   0: 0x8000b30c (0x00002f17) auipc   t5, 0x2
core   0: 3 0x8000b30c (0x00002f17) x30 0x8000d30c
core   0: 0x8000b310 (0xce3f2a23) sw      gp, -780(t5)
core   0: 3 0x8000b310 (0xce3f2a23) mem 0x8000d000 0x00000001
core   0: 0x8000b314 (0xff9ff06f) j       pc - 0x8
core   0: 3 0x8000b314 (0xff9ff06f)
core   0: 0x8000b30c (0x00002f17) auipc   t5, 0x2
core   0: 3 0x8000b30c (0x00002f17) x30 0x8000d30c
core   0: 0x8000b310 (0xce3f2a23) sw      gp, -780(t5)
core   0: 3 0x8000b310 (0xce3f2a23) mem 0x8000d000 0x00000001
core   0: 0x8000b314 (0xff9ff06f) j       pc - 0x8
core   0: 3 0x8000b314 (0xff9ff06f)
core   0: 0x8000b30c (0x00002f17) auipc   t5, 0x2
core   0: 3 0x8000b30c (0x00002f17) x30 0x8000d30c
core   0: 0x8000b310 (0xce3f2a23) sw      gp, -780(t5)
core   0: 3 0x8000b310 (0xce3f2a23) mem 0x8000d000 0x00000001
core   0: 0x8000b314 (0xff9ff06f) j       pc - 0x8
core   0: 3 0x8000b314 (0xff9ff06f)
core   0: 0x8000b30c (0x00002f17) auipc   t5, 0x2
core   0: 3 0x8000b30c (0x00002f17) x30 0x8000d30c
core   0: 0x8000b310 (0xce3f2a23) sw      gp, -780(t5)
core   0: 3 0x8000b310 (0xce3f2a23) mem 0x8000d000 0x00000001
core   0: 0x8000b314 (0xff9ff06f) j       pc - 0x8
core   0: 3 0x8000b314 (0xff9ff06f)
core   0: 0x8000b30c (0x00002f17) auipc   t5, 0x2
core   0: 3 0x8000b30c (0x00002f17) x30 0x8000d30c
core   0: 0x8000b310 (0xce3f2a23) sw      gp, -780(t5)
core   0: 3 0x8000b310 (0xce3f2a23) mem 0x8000d000 0x00000001
core   0: 0x8000b314 (0xff9ff06f) j       pc - 0x8
core   0: 3 0x8000b314 (0xff9ff06f)
core   0: 0x8000b30c (0x00002f17) auipc   t5, 0x2
core   0: 3 0x8000b30c (0x00002f17) x30 0x8000d30c
core   0: 0x8000b310 (0xce3f2a23) sw      gp, -780(t5)
core   0: 3 0x8000b310 (0xce3f2a23) mem 0x8000d000 0x00000001
core   0: 0x8000b314 (0xff9ff06f) j       pc - 0x8
core   0: 3 0x8000b314 (0xff9ff06f)
core   0: 0x8000b30c (0x00002f17) auipc   t5, 0x2
core   0: 3 0x8000b30c (0x00002f17) x30 0x8000d30c
core   0: 0x8000b310 (0xce3f2a23) sw      gp, -780(t5)
core   0: 3 0x8000b310 (0xce3f2a23) mem 0x8000d000 0x00000001
core   0: 0x8000b314 (0xff9ff06f) j       pc - 0x8
core   0: 3 0x8000b314 (0xff9ff06f)
core   0: 0x8000b30c (0x00002f17) auipc   t5, 0x2
core   0: 3 0x8000b30c (0x00002f17) x30 0x8000d30c
core   0: 0x8000b310 (0xce3f2a23) sw      gp, -780(t5)
core   0: 3 0x8000b310 (0xce3f2a23) mem 0x8000d000 0x00000001
core   0: 0x8000b314 (0xff9ff06f) j       pc - 0x8
core   0: 3 0x8000b314 (0xff9ff06f)
core   0: 0x8000b30c (0x00002f17) auipc   t5, 0x2
core   0: 3 0x8000b30c (0x00002f17) x30 0x8000d30c
core   0: 0x8000b310 (0xce3f2a23) sw      gp, -780(t5)
core   0: 3 0x8000b310 (0xce3f2a23) mem 0x8000d000 0x00000001
core   0: 0x8000b314 (0xff9ff06f) j       pc - 0x8
core   0: 3 0x8000b314 (0xff9ff06f)
core   0: 0x8000b30c (0x00002f17) auipc   t5, 0x2
core   0: 3 0x8000b30c (0x00002f17) x30 0x8000d30c
core   0: 0x8000b310 (0xce3f2a23) sw      gp, -780(t5)
core   0: 3 0x8000b310 (0xce3f2a23) mem 0x8000d000 0x00000001
core   0: 0x8000b314 (0xff9ff06f) j       pc - 0x8
core   0: 3 0x8000b314 (0xff9ff06f)
core   0: 0x8000b30c (0x00002f17) auipc   t5, 0x2
core   0: 3 0x8000b30c (0x00002f17) x30 0x8000d30c
core   0: 0x8000b310 (0xce3f2a23) sw      gp, -780(t5)
core   0: 3 0x8000b310 (0xce3f2a23) mem 0x8000d000 0x00000001
core   0: 0x8000b314 (0xff9ff06f) j       pc - 0x8
core   0: 3 0x8000b314 (0xff9ff06f)
core   0: 0x8000b30c (0x00002f17) auipc   t5, 0x2
core   0: 3 0x8000b30c (0x00002f17) x30 0x8000d30c
core   0: 0x8000b310 (0xce3f2a23) sw      gp, -780(t5)
core   0: 3 0x8000b310 (0xce3f2a23) mem 0x8000d000 0x00000001
core   0: 0x8000b314 (0xff9ff06f) j       pc - 0x8
core   0: 3 0x8000b314 (0xff9ff06f)
core   0: 0x8000b30c (0x00002f17) auipc   t5, 0x2
core   0: 3 0x8000b30c (0x00002f17) x30 0x8000d30c
core   0: 0x8000b310 (0xce3f2a23) sw      gp, -780(t5)
core   0: 3 0x8000b310 (0xce3f2a23) mem 0x8000d000 0x00000001
core   0: 0x8000b314 (0xff9ff06f) j       pc - 0x8
core   0: 3 0x8000b314 (0xff9ff06f)
core   0: 0x8000b30c (0x00002f17) auipc   t5, 0x2
core   0: 3 0x8000b30c (0x00002f17) x30 0x8000d30c
core   0: 0x8000b310 (0xce3f2a23) sw      gp, -780(t5)
core   0: 3 0x8000b310 (0xce3f2a23) mem 0x8000d000 0x00000001
core   0: 0x8000b314 (0xff9ff06f) j       pc - 0x8
core   0: 3 0x8000b314 (0xff9ff06f)
core   0: 0x8000b30c (0x00002f17) auipc   t5, 0x2
core   0: 3 0x8000b30c (0x00002f17) x30 0x8000d30c
core   0: 0x8000b310 (0xce3f2a23) sw      gp, -780(t5)
core   0: 3 0x8000b310 (0xce3f2a23) mem 0x8000d000 0x00000001
core   0: 0x8000b314 (0xff9ff06f) j       pc - 0x8
core   0: 3 0x8000b314 (0xff9ff06f)
core   0: 0x8000b30c (0x00002f17) auipc   t5, 0x2
core   0: 3 0x8000b30c (0x00002f17) x30 0x8000d30c
core   0: 0x8000b310 (0xce3f2a23) sw      gp, -780(t5)
core   0: 3 0x8000b310 (0xce3f2a23) mem 0x8000d000 0x00000001
core   0: 0x8000b314 (0xff9ff06f) j       pc - 0x8
core   0: 3 0x8000b314 (0xff9ff06f)
core   0: 0x8000b30c (0x00002f17) auipc   t5, 0x2
core   0: 3 0x8000b30c (0x00002f17) x30 0x8000d30c
core   0: 0x8000b310 (0xce3f2a23) sw      gp, -780(t5)
core   0: 3 0x8000b310 (0xce3f2a23) mem 0x8000d000 0x00000001
core   0: 0x8000b314 (0xff9ff06f) j       pc - 0x8
core   0: 3 0x8000b314 (0xff9ff06f)
core   0: 0x8000b30c (0x00002f17) auipc   t5, 0x2
core   0: 3 0x8000b30c (0x00002f17) x30 0x8000d30c
core   0: 0x8000b310 (0xce3f2a23) sw      gp, -780(t5)
core   0: 3 0x8000b310 (0xce3f2a23) mem 0x8000d000 0x00000001
core   0: 0x8000b314 (0xff9ff06f) j       pc - 0x8
core   0: 3 0x8000b314 (0xff9ff06f)
core   0: 0x8000b30c (0x00002f17) auipc   t5, 0x2
core   0: 3 0x8000b30c (0x00002f17) x30 0x8000d30c
core   0: 0x8000b310 (0xce3f2a23) sw      gp, -780(t5)
core   0: 3 0x8000b310 (0xce3f2a23) mem 0x8000d000 0x00000001
core   0: 0x8000b314 (0xff9ff06f) j       pc - 0x8
core   0: 3 0x8000b314 (0xff9ff06f)
core   0: 0x8000b30c (0x00002f17) auipc   t5, 0x2
core   0: 3 0x8000b30c (0x00002f17) x30 0x8000d30c
core   0: 0x8000b310 (0xce3f2a23) sw      gp, -780(t5)
core   0: 3 0x8000b310 (0xce3f2a23) mem 0x8000d000 0x00000001
core   0: 0x8000b314 (0xff9ff06f) j       pc - 0x8
core   0: 3 0x8000b314 (0xff9ff06f)
core   0: 0x8000b30c (0x00002f17) auipc   t5, 0x2
core   0: 3 0x8000b30c (0x00002f17) x30 0x8000d30c
core   0: 0x8000b310 (0xce3f2a23) sw      gp, -780(t5)
core   0: 3 0x8000b310 (0xce3f2a23) mem 0x8000d000 0x00000001
core   0: 0x8000b314 (0xff9ff06f) j       pc - 0x8
core   0: 3 0x8000b314 (0xff9ff06f)
core   0: 0x8000b30c (0x00002f17) auipc   t5, 0x2
core   0: 3 0x8000b30c (0x00002f17) x30 0x8000d30c
core   0: 0x8000b310 (0xce3f2a23) sw      gp, -780(t5)
core   0: 3 0x8000b310 (0xce3f2a23) mem 0x8000d000 0x00000001
core   0: 0x8000b314 (0xff9ff06f) j       pc - 0x8
core   0: 3 0x8000b314 (0xff9ff06f)
core   0: 0x8000b30c (0x00002f17) auipc   t5, 0x2
core   0: 3 0x8000b30c (0x00002f17) x30 0x8000d30c
core   0: 0x8000b310 (0xce3f2a23) sw      gp, -780(t5)
core   0: 3 0x8000b310 (0xce3f2a23) mem 0x8000d000 0x00000001
core   0: 0x8000b314 (0xff9ff06f) j       pc - 0x8
core   0: 3 0x8000b314 (0xff9ff06f)
core   0: 0x8000b30c (0x00002f17) auipc   t5, 0x2
core   0: 3 0x8000b30c (0x00002f17) x30 0x8000d30c
core   0: 0x8000b310 (0xce3f2a23) sw      gp, -780(t5)
core   0: 3 0x8000b310 (0xce3f2a23) mem 0x8000d000 0x00000001
core   0: 0x8000b314 (0xff9ff06f) j       pc - 0x8
core   0: 3 0x8000b314 (0xff9ff06f)
core   0: 0x8000b30c (0x00002f17) auipc   t5, 0x2
core   0: 3 0x8000b30c (0x00002f17) x30 0x8000d30c
core   0: 0x8000b310 (0xce3f2a23) sw      gp, -780(t5)
core   0: 3 0x8000b310 (0xce3f2a23) mem 0x8000d000 0x00000001
core   0: 0x8000b314 (0xff9ff06f) j       pc - 0x8
core   0: 3 0x8000b314 (0xff9ff06f)
core   0: 0x8000b30c (0x00002f17) auipc   t5, 0x2
core   0: 3 0x8000b30c (0x00002f17) x30 0x8000d30c
core   0: 0x8000b310 (0xce3f2a23) sw      gp, -780(t5)
core   0: 3 0x8000b310 (0xce3f2a23) mem 0x8000d000 0x00000001
core   0: 0x8000b314 (0xff9ff06f) j       pc - 0x8
core   0: 3 0x8000b314 (0xff9ff06f)
core   0: 0x8000b30c (0x00002f17) auipc   t5, 0x2
core   0: 3 0x8000b30c (0x00002f17) x30 0x8000d30c
core   0: 0x8000b310 (0xce3f2a23) sw      gp, -780(t5)
core   0: 3 0x8000b310 (0xce3f2a23) mem 0x8000d000 0x00000001
core   0: 0x8000b314 (0xff9ff06f) j       pc - 0x8
core   0: 3 0x8000b314 (0xff9ff06f)
core   0: 0x8000b30c (0x00002f17) auipc   t5, 0x2
core   0: 3 0x8000b30c (0x00002f17) x30 0x8000d30c
core   0: 0x8000b310 (0xce3f2a23) sw      gp, -780(t5)
core   0: 3 0x8000b310 (0xce3f2a23) mem 0x8000d000 0x00000001
core   0: 0x8000b314 (0xff9ff06f) j       pc - 0x8
core   0: 3 0x8000b314 (0xff9ff06f)
core   0: 0x8000b30c (0x00002f17) auipc   t5, 0x2
core   0: 3 0x8000b30c (0x00002f17) x30 0x8000d30c
core   0: 0x8000b310 (0xce3f2a23) sw      gp, -780(t5)
core   0: 3 0x8000b310 (0xce3f2a23) mem 0x8000d000 0x00000001
core   0: 0x8000b314 (0xff9ff06f) j       pc - 0x8
core   0: 3 0x8000b314 (0xff9ff06f)
core   0: 0x8000b30c (0x00002f17) auipc   t5, 0x2
core   0: 3 0x8000b30c (0x00002f17) x30 0x8000d30c
core   0: 0x8000b310 (0xce3f2a23) sw      gp, -780(t5)
core   0: 3 0x8000b310 (0xce3f2a23) mem 0x8000d000 0x00000001
core   0: 0x8000b314 (0xff9ff06f) j       pc - 0x8
core   0: 3 0x8000b314 (0xff9ff06f)
core   0: 0x8000b30c (0x00002f17) auipc   t5, 0x2
core   0: 3 0x8000b30c (0x00002f17) x30 0x8000d30c
core   0: 0x8000b310 (0xce3f2a23) sw      gp, -780(t5)
core   0: 3 0x8000b310 (0xce3f2a23) mem 0x8000d000 0x00000001
core   0: 0x8000b314 (0xff9ff06f) j       pc - 0x8
core   0: 3 0x8000b314 (0xff9ff06f)
core   0: 0x8000b30c (0x00002f17) auipc   t5, 0x2
core   0: 3 0x8000b30c (0x00002f17) x30 0x8000d30c
core   0: 0x8000b310 (0xce3f2a23) sw      gp, -780(t5)
core   0: 3 0x8000b310 (0xce3f2a23) mem 0x8000d000 0x00000001
core   0: 0x8000b314 (0xff9ff06f) j       pc - 0x8
core   0: 3 0x8000b314 (0xff9ff06f)
core   0: 0x8000b30c (0x00002f17) auipc   t5, 0x2
core   0: 3 0x8000b30c (0x00002f17) x30 0x8000d30c
core   0: 0x8000b310 (0xce3f2a23) sw      gp, -780(t5)
core   0: 3 0x8000b310 (0xce3f2a23) mem 0x8000d000 0x00000001
core   0: 0x8000b314 (0xff9ff06f) j       pc - 0x8
core   0: 3 0x8000b314 (0xff9ff06f)
core   0: 0x8000b30c (0x00002f17) auipc   t5, 0x2
core   0: 3 0x8000b30c (0x00002f17) x30 0x8000d30c
core   0: 0x8000b310 (0xce3f2a23) sw      gp, -780(t5)
core   0: 3 0x8000b310 (0xce3f2a23) mem 0x8000d000 0x00000001
core   0: 0x8000b314 (0xff9ff06f) j       pc - 0x8
core   0: 3 0x8000b314 (0xff9ff06f)
core   0: 0x8000b30c (0x00002f17) auipc   t5, 0x2
core   0: 3 0x8000b30c (0x00002f17) x30 0x8000d30c
core   0: 0x8000b310 (0xce3f2a23) sw      gp, -780(t5)
core   0: 3 0x8000b310 (0xce3f2a23) mem 0x8000d000 0x00000001
core   0: 0x8000b314 (0xff9ff06f) j       pc - 0x8
core   0: 3 0x8000b314 (0xff9ff06f)
core   0: 0x8000b30c (0x00002f17) auipc   t5, 0x2
core   0: 3 0x8000b30c (0x00002f17) x30 0x8000d30c
core   0: 0x8000b310 (0xce3f2a23) sw      gp, -780(t5)
core   0: 3 0x8000b310 (0xce3f2a23) mem 0x8000d000 0x00000001
core   0: 0x8000b314 (0xff9ff06f) j       pc - 0x8
core   0: 3 0x8000b314 (0xff9ff06f)
core   0: 0x8000b30c (0x00002f17) auipc   t5, 0x2
core   0: 3 0x8000b30c (0x00002f17) x30 0x8000d30c
core   0: 0x8000b310 (0xce3f2a23) sw      gp, -780(t5)
core   0: 3 0x8000b310 (0xce3f2a23) mem 0x8000d000 0x00000001
core   0: 0x8000b314 (0xff9ff06f) j       pc - 0x8
core   0: 3 0x8000b314 (0xff9ff06f)
core   0: 0x8000b30c (0x00002f17) auipc   t5, 0x2
core   0: 3 0x8000b30c (0x00002f17) x30 0x8000d30c
core   0: 0x8000b310 (0xce3f2a23) sw      gp, -780(t5)
core   0: 3 0x8000b310 (0xce3f2a23) mem 0x8000d000 0x00000001
core   0: 0x8000b314 (0xff9ff06f) j       pc - 0x8
core   0: 3 0x8000b314 (0xff9ff06f)
core   0: 0x8000b30c (0x00002f17) auipc   t5, 0x2
core   0: 3 0x8000b30c (0x00002f17) x30 0x8000d30c
core   0: 0x8000b310 (0xce3f2a23) sw      gp, -780(t5)
core   0: 3 0x8000b310 (0xce3f2a23) mem 0x8000d000 0x00000001
core   0: 0x8000b314 (0xff9ff06f) j       pc - 0x8
core   0: 3 0x8000b314 (0xff9ff06f)
core   0: 0x8000b30c (0x00002f17) auipc   t5, 0x2
core   0: 3 0x8000b30c (0x00002f17) x30 0x8000d30c
core   0: 0x8000b310 (0xce3f2a23) sw      gp, -780(t5)
core   0: 3 0x8000b310 (0xce3f2a23) mem 0x8000d000 0x00000001
core   0: 0x8000b314 (0xff9ff06f) j       pc - 0x8
core   0: 3 0x8000b314 (0xff9ff06f)
core   0: 0x8000b30c (0x00002f17) auipc   t5, 0x2
core   0: 3 0x8000b30c (0x00002f17) x30 0x8000d30c
core   0: 0x8000b310 (0xce3f2a23) sw      gp, -780(t5)
core   0: 3 0x8000b310 (0xce3f2a23) mem 0x8000d000 0x00000001
core   0: 0x8000b314 (0xff9ff06f) j       pc - 0x8
core   0: 3 0x8000b314 (0xff9ff06f)
core   0: 0x8000b30c (0x00002f17) auipc   t5, 0x2
core   0: 3 0x8000b30c (0x00002f17) x30 0x8000d30c
core   0: 0x8000b310 (0xce3f2a23) sw      gp, -780(t5)
core   0: 3 0x8000b310 (0xce3f2a23) mem 0x8000d000 0x00000001
core   0: 0x8000b314 (0xff9ff06f) j       pc - 0x8
core   0: 3 0x8000b314 (0xff9ff06f)
core   0: 0x8000b30c (0x00002f17) auipc   t5, 0x2
core   0: 3 0x8000b30c (0x00002f17) x30 0x8000d30c
core   0: 0x8000b310 (0xce3f2a23) sw      gp, -780(t5)
core   0: 3 0x8000b310 (0xce3f2a23) mem 0x8000d000 0x00000001
core   0: 0x8000b314 (0xff9ff06f) j       pc - 0x8
core   0: 3 0x8000b314 (0xff9ff06f)
core   0: 0x8000b30c (0x00002f17) auipc   t5, 0x2
core   0: 3 0x8000b30c (0x00002f17) x30 0x8000d30c
core   0: 0x8000b310 (0xce3f2a23) sw      gp, -780(t5)
core   0: 3 0x8000b310 (0xce3f2a23) mem 0x8000d000 0x00000001
core   0: 0x8000b314 (0xff9ff06f) j       pc - 0x8
core   0: 3 0x8000b314 (0xff9ff06f)
core   0: 0x8000b30c (0x00002f17) auipc   t5, 0x2
core   0: 3 0x8000b30c (0x00002f17) x30 0x8000d30c
core   0: 0x8000b310 (0xce3f2a23) sw      gp, -780(t5)
core   0: 3 0x8000b310 (0xce3f2a23) mem 0x8000d000 0x00000001
core   0: 0x8000b314 (0xff9ff06f) j       pc - 0x8
core   0: 3 0x8000b314 (0xff9ff06f)
core   0: 0x8000b30c (0x00002f17) auipc   t5, 0x2
core   0: 3 0x8000b30c (0x00002f17) x30 0x8000d30c
core   0: 0x8000b310 (0xce3f2a23) sw      gp, -780(t5)
core   0: 3 0x8000b310 (0xce3f2a23) mem 0x8000d000 0x00000001
core   0: 0x8000b314 (0xff9ff06f) j       pc - 0x8
core   0: 3 0x8000b314 (0xff9ff06f)
core   0: 0x8000b30c (0x00002f17) auipc   t5, 0x2
core   0: 3 0x8000b30c (0x00002f17) x30 0x8000d30c
core   0: 0x8000b310 (0xce3f2a23) sw      gp, -780(t5)
core   0: 3 0x8000b310 (0xce3f2a23) mem 0x8000d000 0x00000001
core   0: 0x8000b314 (0xff9ff06f) j       pc - 0x8
core   0: 3 0x8000b314 (0xff9ff06f)
core   0: 0x8000b30c (0x00002f17) auipc   t5, 0x2
core   0: 3 0x8000b30c (0x00002f17) x30 0x8000d30c
core   0: 0x8000b310 (0xce3f2a23) sw      gp, -780(t5)
core   0: 3 0x8000b310 (0xce3f2a23) mem 0x8000d000 0x00000001
core   0: 0x8000b314 (0xff9ff06f) j       pc - 0x8
core   0: 3 0x8000b314 (0xff9ff06f)
core   0: 0x8000b30c (0x00002f17) auipc   t5, 0x2
core   0: 3 0x8000b30c (0x00002f17) x30 0x8000d30c
core   0: 0x8000b310 (0xce3f2a23) sw      gp, -780(t5)
core   0: 3 0x8000b310 (0xce3f2a23) mem 0x8000d000 0x00000001
core   0: 0x8000b314 (0xff9ff06f) j       pc - 0x8
core   0: 3 0x8000b314 (0xff9ff06f)
core   0: 0x8000b30c (0x00002f17) auipc   t5, 0x2
core   0: 3 0x8000b30c (0x00002f17) x30 0x8000d30c
core   0: 0x8000b310 (0xce3f2a23) sw      gp, -780(t5)
core   0: 3 0x8000b310 (0xce3f2a23) mem 0x8000d000 0x00000001
core   0: 0x8000b314 (0xff9ff06f) j       pc - 0x8
core   0: 3 0x8000b314 (0xff9ff06f)
core   0: 0x8000b30c (0x00002f17) auipc   t5, 0x2
core   0: 3 0x8000b30c (0x00002f17) x30 0x8000d30c
core   0: 0x8000b310 (0xce3f2a23) sw      gp, -780(t5)
core   0: 3 0x8000b310 (0xce3f2a23) mem 0x8000d000 0x00000001
core   0: 0x8000b314 (0xff9ff06f) j       pc - 0x8
core   0: 3 0x8000b314 (0xff9ff06f)
core   0: 0x8000b30c (0x00002f17) auipc   t5, 0x2
core   0: 3 0x8000b30c (0x00002f17) x30 0x8000d30c
core   0: 0x8000b310 (0xce3f2a23) sw      gp, -780(t5)
core   0: 3 0x8000b310 (0xce3f2a23) mem 0x8000d000 0x00000001
core   0: 0x8000b314 (0xff9ff06f) j       pc - 0x8
core   0: 3 0x8000b314 (0xff9ff06f)
core   0: 0x8000b30c (0x00002f17) auipc   t5, 0x2
core   0: 3 0x8000b30c (0x00002f17) x30 0x8000d30c
core   0: 0x8000b310 (0xce3f2a23) sw      gp, -780(t5)
core   0: 3 0x8000b310 (0xce3f2a23) mem 0x8000d000 0x00000001
core   0: 0x8000b314 (0xff9ff06f) j       pc - 0x8
core   0: 3 0x8000b314 (0xff9ff06f)
core   0: 0x8000b30c (0x00002f17) auipc   t5, 0x2
core   0: 3 0x8000b30c (0x00002f17) x30 0x8000d30c
core   0: 0x8000b310 (0xce3f2a23) sw      gp, -780(t5)
core   0: 3 0x8000b310 (0xce3f2a23) mem 0x8000d000 0x00000001
core   0: 0x8000b314 (0xff9ff06f) j       pc - 0x8
core   0: 3 0x8000b314 (0xff9ff06f)
core   0: 0x8000b30c (0x00002f17) auipc   t5, 0x2
core   0: 3 0x8000b30c (0x00002f17) x30 0x8000d30c
core   0: 0x8000b310 (0xce3f2a23) sw      gp, -780(t5)
core   0: 3 0x8000b310 (0xce3f2a23) mem 0x8000d000 0x00000001
core   0: 0x8000b314 (0xff9ff06f) j       pc - 0x8
core   0: 3 0x8000b314 (0xff9ff06f)
core   0: 0x8000b30c (0x00002f17) auipc   t5, 0x2
core   0: 3 0x8000b30c (0x00002f17) x30 0x8000d30c
core   0: 0x8000b310 (0xce3f2a23) sw      gp, -780(t5)
core   0: 3 0x8000b310 (0xce3f2a23) mem 0x8000d000 0x00000001
core   0: 0x8000b314 (0xff9ff06f) j       pc - 0x8
core   0: 3 0x8000b314 (0xff9ff06f)
core   0: 0x8000b30c (0x00002f17) auipc   t5, 0x2
core   0: 3 0x8000b30c (0x00002f17) x30 0x8000d30c
core   0: 0x8000b310 (0xce3f2a23) sw      gp, -780(t5)
core   0: 3 0x8000b310 (0xce3f2a23) mem 0x8000d000 0x00000001
core   0: 0x8000b314 (0xff9ff06f) j       pc - 0x8
core   0: 3 0x8000b314 (0xff9ff06f)
core   0: 0x8000b30c (0x00002f17) auipc   t5, 0x2
core   0: 3 0x8000b30c (0x00002f17) x30 0x8000d30c
core   0: 0x8000b310 (0xce3f2a23) sw      gp, -780(t5)
core   0: 3 0x8000b310 (0xce3f2a23) mem 0x8000d000 0x00000001
core   0: 0x8000b314 (0xff9ff06f) j       pc - 0x8
core   0: 3 0x8000b314 (0xff9ff06f)
core   0: 0x8000b30c (0x00002f17) auipc   t5, 0x2
core   0: 3 0x8000b30c (0x00002f17) x30 0x8000d30c
core   0: 0x8000b310 (0xce3f2a23) sw      gp, -780(t5)
core   0: 3 0x8000b310 (0xce3f2a23) mem 0x8000d000 0x00000001
core   0: 0x8000b314 (0xff9ff06f) j       pc - 0x8
core   0: 3 0x8000b314 (0xff9ff06f)
core   0: 0x8000b30c (0x00002f17) auipc   t5, 0x2
core   0: 3 0x8000b30c (0x00002f17) x30 0x8000d30c
core   0: 0x8000b310 (0xce3f2a23) sw      gp, -780(t5)
core   0: 3 0x8000b310 (0xce3f2a23) mem 0x8000d000 0x00000001
core   0: 0x8000b314 (0xff9ff06f) j       pc - 0x8
core   0: 3 0x8000b314 (0xff9ff06f)
core   0: 0x8000b30c (0x00002f17) auipc   t5, 0x2
core   0: 3 0x8000b30c (0x00002f17) x30 0x8000d30c
core   0: 0x8000b310 (0xce3f2a23) sw      gp, -780(t5)
core   0: 3 0x8000b310 (0xce3f2a23) mem 0x8000d000 0x00000001
core   0: 0x8000b314 (0xff9ff06f) j       pc - 0x8
core   0: 3 0x8000b314 (0xff9ff06f)
core   0: 0x8000b30c (0x00002f17) auipc   t5, 0x2
core   0: 3 0x8000b30c (0x00002f17) x30 0x8000d30c
core   0: 0x8000b310 (0xce3f2a23) sw      gp, -780(t5)
core   0: 3 0x8000b310 (0xce3f2a23) mem 0x8000d000 0x00000001
core   0: 0x8000b314 (0xff9ff06f) j       pc - 0x8
core   0: 3 0x8000b314 (0xff9ff06f)
core   0: 0x8000b30c (0x00002f17) auipc   t5, 0x2
core   0: 3 0x8000b30c (0x00002f17) x30 0x8000d30c
core   0: 0x8000b310 (0xce3f2a23) sw      gp, -780(t5)
core   0: 3 0x8000b310 (0xce3f2a23) mem 0x8000d000 0x00000001
core   0: 0x8000b314 (0xff9ff06f) j       pc - 0x8
core   0: 3 0x8000b314 (0xff9ff06f)
core   0: 0x8000b30c (0x00002f17) auipc   t5, 0x2
core   0: 3 0x8000b30c (0x00002f17) x30 0x8000d30c
core   0: 0x8000b310 (0xce3f2a23) sw      gp, -780(t5)
core   0: 3 0x8000b310 (0xce3f2a23) mem 0x8000d000 0x00000001
core   0: 0x8000b314 (0xff9ff06f) j       pc - 0x8
core   0: 3 0x8000b314 (0xff9ff06f)
core   0: 0x8000b30c (0x00002f17) auipc   t5, 0x2
core   0: 3 0x8000b30c (0x00002f17) x30 0x8000d30c
core   0: 0x8000b310 (0xce3f2a23) sw      gp, -780(t5)
core   0: 3 0x8000b310 (0xce3f2a23) mem 0x8000d000 0x00000001
core   0: 0x8000b314 (0xff9ff06f) j       pc - 0x8
core   0: 3 0x8000b314 (0xff9ff06f)
core   0: 0x8000b30c (0x00002f17) auipc   t5, 0x2
core   0: 3 0x8000b30c (0x00002f17) x30 0x8000d30c
core   0: 0x8000b310 (0xce3f2a23) sw      gp, -780(t5)
core   0: 3 0x8000b310 (0xce3f2a23) mem 0x8000d000 0x00000001
core   0: 0x8000b314 (0xff9ff06f) j       pc - 0x8
core   0: 3 0x8000b314 (0xff9ff06f)
core   0: 0x8000b30c (0x00002f17) auipc   t5, 0x2
core   0: 3 0x8000b30c (0x00002f17) x30 0x8000d30c
core   0: 0x8000b310 (0xce3f2a23) sw      gp, -780(t5)
core   0: 3 0x8000b310 (0xce3f2a23) mem 0x8000d000 0x00000001
core   0: 0x8000b314 (0xff9ff06f) j       pc - 0x8
core   0: 3 0x8000b314 (0xff9ff06f)
core   0: 0x8000b30c (0x00002f17) auipc   t5, 0x2
core   0: 3 0x8000b30c (0x00002f17) x30 0x8000d30c
core   0: 0x8000b310 (0xce3f2a23) sw      gp, -780(t5)
core   0: 3 0x8000b310 (0xce3f2a23) mem 0x8000d000 0x00000001
core   0: 0x8000b314 (0xff9ff06f) j       pc - 0x8
core   0: 3 0x8000b314 (0xff9ff06f)
core   0: 0x8000b30c (0x00002f17) auipc   t5, 0x2
core   0: 3 0x8000b30c (0x00002f17) x30 0x8000d30c
core   0: 0x8000b310 (0xce3f2a23) sw      gp, -780(t5)
core   0: 3 0x8000b310 (0xce3f2a23) mem 0x8000d000 0x00000001
core   0: 0x8000b314 (0xff9ff06f) j       pc - 0x8
core   0: 3 0x8000b314 (0xff9ff06f)
core   0: 0x8000b30c (0x00002f17) auipc   t5, 0x2
core   0: 3 0x8000b30c (0x00002f17) x30 0x8000d30c
core   0: 0x8000b310 (0xce3f2a23) sw      gp, -780(t5)
core   0: 3 0x8000b310 (0xce3f2a23) mem 0x8000d000 0x00000001
core   0: 0x8000b314 (0xff9ff06f) j       pc - 0x8
core   0: 3 0x8000b314 (0xff9ff06f)
core   0: 0x8000b30c (0x00002f17) auipc   t5, 0x2
core   0: 3 0x8000b30c (0x00002f17) x30 0x8000d30c
core   0: 0x8000b310 (0xce3f2a23) sw      gp, -780(t5)
core   0: 3 0x8000b310 (0xce3f2a23) mem 0x8000d000 0x00000001
core   0: 0x8000b314 (0xff9ff06f) j       pc - 0x8
core   0: 3 0x8000b314 (0xff9ff06f)
core   0: 0x8000b30c (0x00002f17) auipc   t5, 0x2
core   0: 3 0x8000b30c (0x00002f17) x30 0x8000d30c
core   0: 0x8000b310 (0xce3f2a23) sw      gp, -780(t5)
core   0: 3 0x8000b310 (0xce3f2a23) mem 0x8000d000 0x00000001
core   0: 0x8000b314 (0xff9ff06f) j       pc - 0x8
core   0: 3 0x8000b314 (0xff9ff06f)
core   0: 0x8000b30c (0x00002f17) auipc   t5, 0x2
core   0: 3 0x8000b30c (0x00002f17) x30 0x8000d30c
core   0: 0x8000b310 (0xce3f2a23) sw      gp, -780(t5)
core   0: 3 0x8000b310 (0xce3f2a23) mem 0x8000d000 0x00000001
core   0: 0x8000b314 (0xff9ff06f) j       pc - 0x8
core   0: 3 0x8000b314 (0xff9ff06f)
core   0: 0x8000b30c (0x00002f17) auipc   t5, 0x2
core   0: 3 0x8000b30c (0x00002f17) x30 0x8000d30c
core   0: 0x8000b310 (0xce3f2a23) sw      gp, -780(t5)
core   0: 3 0x8000b310 (0xce3f2a23) mem 0x8000d000 0x00000001
core   0: 0x8000b314 (0xff9ff06f) j       pc - 0x8
core   0: 3 0x8000b314 (0xff9ff06f)
core   0: 0x8000b30c (0x00002f17) auipc   t5, 0x2
core   0: 3 0x8000b30c (0x00002f17) x30 0x8000d30c
core   0: 0x8000b310 (0xce3f2a23) sw      gp, -780(t5)
core   0: 3 0x8000b310 (0xce3f2a23) mem 0x8000d000 0x00000001
core   0: 0x8000b314 (0xff9ff06f) j       pc - 0x8
core   0: 3 0x8000b314 (0xff9ff06f)
core   0: 0x8000b30c (0x00002f17) auipc   t5, 0x2
core   0: 3 0x8000b30c (0x00002f17) x30 0x8000d30c
core   0: 0x8000b310 (0xce3f2a23) sw      gp, -780(t5)
core   0: 3 0x8000b310 (0xce3f2a23) mem 0x8000d000 0x00000001
core   0: 0x8000b314 (0xff9ff06f) j       pc - 0x8
core   0: 3 0x8000b314 (0xff9ff06f)
core   0: 0x8000b30c (0x00002f17) auipc   t5, 0x2
core   0: 3 0x8000b30c (0x00002f17) x30 0x8000d30c
core   0: 0x8000b310 (0xce3f2a23) sw      gp, -780(t5)
core   0: 3 0x8000b310 (0xce3f2a23) mem 0x8000d000 0x00000001
core   0: 0x8000b314 (0xff9ff06f) j       pc - 0x8
core   0: 3 0x8000b314 (0xff9ff06f)
core   0: 0x8000b30c (0x00002f17) auipc   t5, 0x2
core   0: 3 0x8000b30c (0x00002f17) x30 0x8000d30c
core   0: 0x8000b310 (0xce3f2a23) sw      gp, -780(t5)
core   0: 3 0x8000b310 (0xce3f2a23) mem 0x8000d000 0x00000001
core   0: 0x8000b314 (0xff9ff06f) j       pc - 0x8
core   0: 3 0x8000b314 (0xff9ff06f)
core   0: 0x8000b30c (0x00002f17) auipc   t5, 0x2
core   0: 3 0x8000b30c (0x00002f17) x30 0x8000d30c
core   0: 0x8000b310 (0xce3f2a23) sw      gp, -780(t5)
core   0: 3 0x8000b310 (0xce3f2a23) mem 0x8000d000 0x00000001
core   0: 0x8000b314 (0xff9ff06f) j       pc - 0x8
core   0: 3 0x8000b314 (0xff9ff06f)
core   0: 0x8000b30c (0x00002f17) auipc   t5, 0x2
core   0: 3 0x8000b30c (0x00002f17) x30 0x8000d30c
core   0: 0x8000b310 (0xce3f2a23) sw      gp, -780(t5)
core   0: 3 0x8000b310 (0xce3f2a23) mem 0x8000d000 0x00000001
core   0: 0x8000b314 (0xff9ff06f) j       pc - 0x8
core   0: 3 0x8000b314 (0xff9ff06f)
core   0: 0x8000b30c (0x00002f17) auipc   t5, 0x2
core   0: 3 0x8000b30c (0x00002f17) x30 0x8000d30c
core   0: 0x8000b310 (0xce3f2a23) sw      gp, -780(t5)
core   0: 3 0x8000b310 (0xce3f2a23) mem 0x8000d000 0x00000001
core   0: 0x8000b314 (0xff9ff06f) j       pc - 0x8
core   0: 3 0x8000b314 (0xff9ff06f)
core   0: 0x8000b30c (0x00002f17) auipc   t5, 0x2
core   0: 3 0x8000b30c (0x00002f17) x30 0x8000d30c
core   0: 0x8000b310 (0xce3f2a23) sw      gp, -780(t5)
core   0: 3 0x8000b310 (0xce3f2a23) mem 0x8000d000 0x00000001
core   0: 0x8000b314 (0xff9ff06f) j       pc - 0x8
core   0: 3 0x8000b314 (0xff9ff06f)
core   0: 0x8000b30c (0x00002f17) auipc   t5, 0x2
core   0: 3 0x8000b30c (0x00002f17) x30 0x8000d30c
core   0: 0x8000b310 (0xce3f2a23) sw      gp, -780(t5)
core   0: 3 0x8000b310 (0xce3f2a23) mem 0x8000d000 0x00000001
core   0: 0x8000b314 (0xff9ff06f) j       pc - 0x8
core   0: 3 0x8000b314 (0xff9ff06f)
core   0: 0x8000b30c (0x00002f17) auipc   t5, 0x2
core   0: 3 0x8000b30c (0x00002f17) x30 0x8000d30c
core   0: 0x8000b310 (0xce3f2a23) sw      gp, -780(t5)
core   0: 3 0x8000b310 (0xce3f2a23) mem 0x8000d000 0x00000001
core   0: 0x8000b314 (0xff9ff06f) j       pc - 0x8
core   0: 3 0x8000b314 (0xff9ff06f)
core   0: 0x8000b30c (0x00002f17) auipc   t5, 0x2
core   0: 3 0x8000b30c (0x00002f17) x30 0x8000d30c
core   0: 0x8000b310 (0xce3f2a23) sw      gp, -780(t5)
core   0: 3 0x8000b310 (0xce3f2a23) mem 0x8000d000 0x00000001
core   0: 0x8000b314 (0xff9ff06f) j       pc - 0x8
core   0: 3 0x8000b314 (0xff9ff06f)
core   0: 0x8000b30c (0x00002f17) auipc   t5, 0x2
core   0: 3 0x8000b30c (0x00002f17) x30 0x8000d30c
core   0: 0x8000b310 (0xce3f2a23) sw      gp, -780(t5)
core   0: 3 0x8000b310 (0xce3f2a23) mem 0x8000d000 0x00000001
core   0: 0x8000b314 (0xff9ff06f) j       pc - 0x8
core   0: 3 0x8000b314 (0xff9ff06f)
core   0: 0x8000b30c (0x00002f17) auipc   t5, 0x2
core   0: 3 0x8000b30c (0x00002f17) x30 0x8000d30c
core   0: 0x8000b310 (0xce3f2a23) sw      gp, -780(t5)
core   0: 3 0x8000b310 (0xce3f2a23) mem 0x8000d000 0x00000001
core   0: 0x8000b314 (0xff9ff06f) j       pc - 0x8
core   0: 3 0x8000b314 (0xff9ff06f)
core   0: 0x8000b30c (0x00002f17) auipc   t5, 0x2
core   0: 3 0x8000b30c (0x00002f17) x30 0x8000d30c
core   0: 0x8000b310 (0xce3f2a23) sw      gp, -780(t5)
core   0: 3 0x8000b310 (0xce3f2a23) mem 0x8000d000 0x00000001
core   0: 0x8000b314 (0xff9ff06f) j       pc - 0x8
core   0: 3 0x8000b314 (0xff9ff06f)
core   0: 0x8000b30c (0x00002f17) auipc   t5, 0x2
core   0: 3 0x8000b30c (0x00002f17) x30 0x8000d30c
core   0: 0x8000b310 (0xce3f2a23) sw      gp, -780(t5)
core   0: 3 0x8000b310 (0xce3f2a23) mem 0x8000d000 0x00000001
core   0: 0x8000b314 (0xff9ff06f) j       pc - 0x8
core   0: 3 0x8000b314 (0xff9ff06f)
core   0: 0x8000b30c (0x00002f17) auipc   t5, 0x2
core   0: 3 0x8000b30c (0x00002f17) x30 0x8000d30c
core   0: 0x8000b310 (0xce3f2a23) sw      gp, -780(t5)
core   0: 3 0x8000b310 (0xce3f2a23) mem 0x8000d000 0x00000001
core   0: 0x8000b314 (0xff9ff06f) j       pc - 0x8
core   0: 3 0x8000b314 (0xff9ff06f)
core   0: 0x8000b30c (0x00002f17) auipc   t5, 0x2
core   0: 3 0x8000b30c (0x00002f17) x30 0x8000d30c
core   0: 0x8000b310 (0xce3f2a23) sw      gp, -780(t5)
core   0: 3 0x8000b310 (0xce3f2a23) mem 0x8000d000 0x00000001
core   0: 0x8000b314 (0xff9ff06f) j       pc - 0x8
core   0: 3 0x8000b314 (0xff9ff06f)
core   0: 0x8000b30c (0x00002f17) auipc   t5, 0x2
core   0: 3 0x8000b30c (0x00002f17) x30 0x8000d30c
core   0: 0x8000b310 (0xce3f2a23) sw      gp, -780(t5)
core   0: 3 0x8000b310 (0xce3f2a23) mem 0x8000d000 0x00000001
core   0: 0x8000b314 (0xff9ff06f) j       pc - 0x8
core   0: 3 0x8000b314 (0xff9ff06f)
core   0: 0x8000b30c (0x00002f17) auipc   t5, 0x2
core   0: 3 0x8000b30c (0x00002f17) x30 0x8000d30c
core   0: 0x8000b310 (0xce3f2a23) sw      gp, -780(t5)
core   0: 3 0x8000b310 (0xce3f2a23) mem 0x8000d000 0x00000001
core   0: 0x8000b314 (0xff9ff06f) j       pc - 0x8
core   0: 3 0x8000b314 (0xff9ff06f)
core   0: 0x8000b30c (0x00002f17) auipc   t5, 0x2
core   0: 3 0x8000b30c (0x00002f17) x30 0x8000d30c
core   0: 0x8000b310 (0xce3f2a23) sw      gp, -780(t5)
core   0: 3 0x8000b310 (0xce3f2a23) mem 0x8000d000 0x00000001
core   0: 0x8000b314 (0xff9ff06f) j       pc - 0x8
core   0: 3 0x8000b314 (0xff9ff06f)
core   0: 0x8000b30c (0x00002f17) auipc   t5, 0x2
core   0: 3 0x8000b30c (0x00002f17) x30 0x8000d30c
core   0: 0x8000b310 (0xce3f2a23) sw      gp, -780(t5)
core   0: 3 0x8000b310 (0xce3f2a23) mem 0x8000d000 0x00000001
core   0: 0x8000b314 (0xff9ff06f) j       pc - 0x8
core   0: 3 0x8000b314 (0xff9ff06f)
core   0: 0x8000b30c (0x00002f17) auipc   t5, 0x2
core   0: 3 0x8000b30c (0x00002f17) x30 0x8000d30c
core   0: 0x8000b310 (0xce3f2a23) sw      gp, -780(t5)
core   0: 3 0x8000b310 (0xce3f2a23) mem 0x8000d000 0x00000001
core   0: 0x8000b314 (0xff9ff06f) j       pc - 0x8
core   0: 3 0x8000b314 (0xff9ff06f)
core   0: 0x8000b30c (0x00002f17) auipc   t5, 0x2
core   0: 3 0x8000b30c (0x00002f17) x30 0x8000d30c
core   0: 0x8000b310 (0xce3f2a23) sw      gp, -780(t5)
core   0: 3 0x8000b310 (0xce3f2a23) mem 0x8000d000 0x00000001
core   0: 0x8000b314 (0xff9ff06f) j       pc - 0x8
core   0: 3 0x8000b314 (0xff9ff06f)
core   0: 0x8000b30c (0x00002f17) auipc   t5, 0x2
core   0: 3 0x8000b30c (0x00002f17) x30 0x8000d30c
core   0: 0x8000b310 (0xce3f2a23) sw      gp, -780(t5)
core   0: 3 0x8000b310 (0xce3f2a23) mem 0x8000d000 0x00000001
core   0: 0x8000b314 (0xff9ff06f) j       pc - 0x8
core   0: 3 0x8000b314 (0xff9ff06f)
core   0: 0x8000b30c (0x00002f17) auipc   t5, 0x2
core   0: 3 0x8000b30c (0x00002f17) x30 0x8000d30c
core   0: 0x8000b310 (0xce3f2a23) sw      gp, -780(t5)
core   0: 3 0x8000b310 (0xce3f2a23) mem 0x8000d000 0x00000001
core   0: 0x8000b314 (0xff9ff06f) j       pc - 0x8
core   0: 3 0x8000b314 (0xff9ff06f)
core   0: 0x8000b30c (0x00002f17) auipc   t5, 0x2
core   0: 3 0x8000b30c (0x00002f17) x30 0x8000d30c
core   0: 0x8000b310 (0xce3f2a23) sw      gp, -780(t5)
core   0: 3 0x8000b310 (0xce3f2a23) mem 0x8000d000 0x00000001
core   0: 0x8000b314 (0xff9ff06f) j       pc - 0x8
core   0: 3 0x8000b314 (0xff9ff06f)
core   0: 0x8000b30c (0x00002f17) auipc   t5, 0x2
core   0: 3 0x8000b30c (0x00002f17) x30 0x8000d30c
core   0: 0x8000b310 (0xce3f2a23) sw      gp, -780(t5)
core   0: 3 0x8000b310 (0xce3f2a23) mem 0x8000d000 0x00000001
core   0: 0x8000b314 (0xff9ff06f) j       pc - 0x8
core   0: 3 0x8000b314 (0xff9ff06f)
core   0: 0x8000b30c (0x00002f17) auipc   t5, 0x2
core   0: 3 0x8000b30c (0x00002f17) x30 0x8000d30c
core   0: 0x8000b310 (0xce3f2a23) sw      gp, -780(t5)
core   0: 3 0x8000b310 (0xce3f2a23) mem 0x8000d000 0x00000001
core   0: 0x8000b314 (0xff9ff06f) j       pc - 0x8
core   0: 3 0x8000b314 (0xff9ff06f)
core   0: 0x8000b30c (0x00002f17) auipc   t5, 0x2
core   0: 3 0x8000b30c (0x00002f17) x30 0x8000d30c
core   0: 0x8000b310 (0xce3f2a23) sw      gp, -780(t5)
core   0: 3 0x8000b310 (0xce3f2a23) mem 0x8000d000 0x00000001
