core   0: 0x00001000 (0x00000297) auipc   t0, 0x0
core   0: 3 0x00001000 (0x00000297) x 5 0x00001000
core   0: 0x00001004 (0x02028593) addi    a1, t0, 32
core   0: 3 0x00001004 (0x02028593) x11 0x00001020
core   0: 0x00001008 (0xf1402573) csrr    a0, mhartid
core   0: 3 0x00001008 (0xf1402573) x10 0x00000000
core   0: 0x0000100c (0x0182a283) lw      t0, 24(t0)
core   0: 3 0x0000100c (0x0182a283) x 5 0x80000000 mem 0x00001018
core   0: 0x00001010 (0x00028067) jr      t0
core   0: 3 0x00001010 (0x00028067)
core   0: 0x80000000 (0xf14022f3) csrr    t0, mhartid
core   0: 3 0x80000000 (0xf14022f3) x 5 0x00000000
core   0: 0x80000004 (0x00000313) li      t1, 0
core   0: 3 0x80000004 (0x00000313) x 6 0x00000000
core   0: 0x80000008 (0x00628263) beq     t0, t1, pc + 4
core   0: 3 0x80000008 (0x00628263)
core   0: 0x8000000c (0x00000797) auipc   a5, 0x0
core   0: 3 0x8000000c (0x00000797) x15 0x8000000c
core   0: 0x80000010 (0x00c78793) addi    a5, a5, 12
core   0: 3 0x80000010 (0x00c78793) x15 0x80000018
core   0: 0x80000014 (0x00078067) jr      a5
core   0: 3 0x80000014 (0x00078067)
core   0: 0x80000018 (0x40000e37) lui     t3, 0x40000
core   0: 3 0x80000018 (0x40000e37) x28 0x40000000
core   0: 0x8000001c (0x100e0e13) addi    t3, t3, 256
core   0: 3 0x8000001c (0x100e0e13) x28 0x40000100
core   0: 0x80000020 (0x301e1073) csrw    misa, t3
core   0: 3 0x80000020 (0x301e1073) c769_misa 0x40140100
core   0: 0x80000024 (0x00016617) auipc   a2, 0x16
core   0: 3 0x80000024 (0x00016617) x12 0x80016024
core   0: 0x80000028 (0xcc060613) addi    a2, a2, -832
core   0: 3 0x80000028 (0xcc060613) x12 0x80015ce4
core   0: 0x8000002c (0x0000ce17) auipc   t3, 0xc
core   0: 3 0x8000002c (0x0000ce17) x28 0x8000c02c
core   0: 0x80000030 (0xcd4e0e13) addi    t3, t3, -812
core   0: 3 0x80000030 (0xcd4e0e13) x28 0x8000bd00
core   0: 0x80000034 (0x001e6e13) ori     t3, t3, 1
core   0: 3 0x80000034 (0x001e6e13) x28 0x8000bd01
core   0: 0x80000038 (0x305e1073) csrw    mtvec, t3
core   0: 3 0x80000038 (0x305e1073) c773_mtvec 0x8000bd01
core   0: 0x8000003c (0x00000e17) auipc   t3, 0x0
core   0: 3 0x8000003c (0x00000e17) x28 0x8000003c
core   0: 0x80000040 (0x028e0e13) addi    t3, t3, 40
core   0: 3 0x80000040 (0x028e0e13) x28 0x80000064
core   0: 0x80000044 (0x341e1073) csrw    mepc, t3
core   0: 3 0x80000044 (0x341e1073) c833_mepc 0x80000064
core   0: 0x80000048 (0x00000013) nop
core   0: 3 0x80000048 (0x00000013)
core   0: 0x8000004c (0x00002e37) lui     t3, 0x2
core   0: 3 0x8000004c (0x00002e37) x28 0x00002000
core   0: 0x80000050 (0x800e0e13) addi    t3, t3, -2048
core   0: 3 0x80000050 (0x800e0e13) x28 0x00001800
core   0: 0x80000054 (0x300e1073) csrw    mstatus, t3
core   0: 3 0x80000054 (0x300e1073) c768_mstatus 0x00001800
core   0: 0x80000058 (0x00000e13) li      t3, 0
core   0: 3 0x80000058 (0x00000e13) x28 0x00000000
core   0: 0x8000005c (0x304e1073) csrw    mie, t3
core   0: 3 0x8000005c (0x304e1073) c772_mie 0x00000000
core   0: 0x80000060 (0x30200073) mret
core   0: 3 0x80000060 (0x30200073) c768_mstatus 0x00000080
core   0: >>>>  init
core   0: 0x80000064 (0xfd1af037) lui     zero, 0xfd1af
core   0: 3 0x80000064 (0xfd1af037)
core   0: 0x80000068 (0xffa00013) li      zero, -6
core   0: 3 0x80000068 (0xffa00013)
core   0: 0x8000006c (0x800000b7) lui     ra, 0x80000
core   0: 3 0x8000006c (0x800000b7) x 1 0x80000000
core   0: 0x80000070 (0x00f00113) li      sp, 15
core   0: 3 0x80000070 (0x00f00113) x 2 0x0000000f
core   0: 0x80000074 (0x800001b7) lui     gp, 0x80000
core   0: 3 0x80000074 (0x800001b7) x 3 0x80000000
core   0: 0x80000078 (0x00f00213) li      tp, 15
core   0: 3 0x80000078 (0x00f00213) x 4 0x0000000f
core   0: 0x8000007c (0x1568c2b7) lui     t0, 0x1568c
core   0: 3 0x8000007c (0x1568c2b7) x 5 0x1568c000
core   0: 0x80000080 (0x93a28293) addi    t0, t0, -1734
core   0: 3 0x80000080 (0x93a28293) x 5 0x1568b93a
core   0: 0x80000084 (0x00d00313) li      t1, 13
core   0: 3 0x80000084 (0x00d00313) x 6 0x0000000d
core   0: 0x80000088 (0xfadaa437) lui     s0, 0xfadaa
core   0: 3 0x80000088 (0xfadaa437) x 8 0xfadaa000
core   0: 0x8000008c (0x33540413) addi    s0, s0, 821
core   0: 3 0x8000008c (0x33540413) x 8 0xfadaa335
core   0: 0x80000090 (0x800004b7) lui     s1, 0x80000
core   0: 3 0x80000090 (0x800004b7) x 9 0x80000000
core   0: 0x80000094 (0x00000513) li      a0, 0
core   0: 3 0x80000094 (0x00000513) x10 0x00000000
core   0: 0x80000098 (0x00000593) li      a1, 0
core   0: 3 0x80000098 (0x00000593) x11 0x00000000
core   0: 0x8000009c (0x4aff26b7) lui     a3, 0x4aff2
core   0: 3 0x8000009c (0x4aff26b7) x13 0x4aff2000
core   0: 0x800000a0 (0x3a568693) addi    a3, a3, 933
core   0: 3 0x800000a0 (0x3a568693) x13 0x4aff23a5
core   0: 0x800000a4 (0x80000737) lui     a4, 0x80000
core   0: 3 0x800000a4 (0x80000737) x14 0x80000000
core   0: 0x800000a8 (0xe7aed7b7) lui     a5, 0xe7aed
core   0: 3 0x800000a8 (0xe7aed7b7) x15 0xe7aed000
core   0: 0x800000ac (0x0df78793) addi    a5, a5, 223
core   0: 3 0x800000ac (0x0df78793) x15 0xe7aed0df
core   0: 0x800000b0 (0x00000813) li      a6, 0
core   0: 3 0x800000b0 (0x00000813) x16 0x00000000
core   0: 0x800000b4 (0x00000893) li      a7, 0
core   0: 3 0x800000b4 (0x00000893) x17 0x00000000
core   0: 0x800000b8 (0x00d00913) li      s2, 13
core   0: 3 0x800000b8 (0x00d00913) x18 0x0000000d
core   0: 0x800000bc (0x141dc9b7) lui     s3, 0x141dc
core   0: 3 0x800000bc (0x141dc9b7) x19 0x141dc000
core   0: 0x800000c0 (0xb3898993) addi    s3, s3, -1224
core   0: 3 0x800000c0 (0xb3898993) x19 0x141dbb38
core   0: 0x800000c4 (0xfe64fa37) lui     s4, 0xfe64f
core   0: 3 0x800000c4 (0xfe64fa37) x20 0xfe64f000
core   0: 0x800000c8 (0xc9ca0a13) addi    s4, s4, -868
core   0: 3 0x800000c8 (0xc9ca0a13) x20 0xfe64ec9c
core   0: 0x800000cc (0x00000a93) li      s5, 0
core   0: 3 0x800000cc (0x00000a93) x21 0x00000000
core   0: 0x800000d0 (0x80000b37) lui     s6, 0x80000
core   0: 3 0x800000d0 (0x80000b37) x22 0x80000000
core   0: 0x800000d4 (0x80000bb7) lui     s7, 0x80000
core   0: 3 0x800000d4 (0x80000bb7) x23 0x80000000
core   0: 0x800000d8 (0xfd3cbc37) lui     s8, 0xfd3cb
core   0: 3 0x800000d8 (0xfd3cbc37) x24 0xfd3cb000
core   0: 0x800000dc (0x6dac0c13) addi    s8, s8, 1754
core   0: 3 0x800000dc (0x6dac0c13) x24 0xfd3cb6da
core   0: 0x800000e0 (0xf71e8cb7) lui     s9, 0xf71e8
core   0: 3 0x800000e0 (0xf71e8cb7) x25 0xf71e8000
core   0: 0x800000e4 (0x06ec8c93) addi    s9, s9, 110
core   0: 3 0x800000e4 (0x06ec8c93) x25 0xf71e806e
core   0: 0x800000e8 (0xdb643d37) lui     s10, 0xdb643
core   0: 3 0x800000e8 (0xdb643d37) x26 0xdb643000
core   0: 0x800000ec (0xcc6d0d13) addi    s10, s10, -826
core   0: 3 0x800000ec (0xcc6d0d13) x26 0xdb642cc6
core   0: 0x800000f0 (0x80000db7) lui     s11, 0x80000
core   0: 3 0x800000f0 (0x80000db7) x27 0x80000000
core   0: 0x800000f4 (0xfbc8ee37) lui     t3, 0xfbc8e
core   0: 3 0x800000f4 (0xfbc8ee37) x28 0xfbc8e000
core   0: 0x800000f8 (0x957e0e13) addi    t3, t3, -1705
core   0: 3 0x800000f8 (0x957e0e13) x28 0xfbc8d957
core   0: 0x800000fc (0xfc355eb7) lui     t4, 0xfc355
core   0: 3 0x800000fc (0xfc355eb7) x29 0xfc355000
core   0: 0x80000100 (0x6b8e8e93) addi    t4, t4, 1720
core   0: 3 0x80000100 (0x6b8e8e93) x29 0xfc3556b8
core   0: 0x80000104 (0x80000f37) lui     t5, 0x80000
core   0: 3 0x80000104 (0x80000f37) x30 0x80000000
core   0: 0x80000108 (0xc3321fb7) lui     t6, 0xc3321
core   0: 3 0x80000108 (0xc3321fb7) x31 0xc3321000
core   0: 0x8000010c (0x096f8f93) addi    t6, t6, 150
core   0: 3 0x8000010c (0x096f8f93) x31 0xc3321096
core   0: 0x80000110 (0x00012397) auipc   t2, 0x12
core   0: 3 0x80000110 (0x00012397) x 7 0x80012110
core   0: 0x80000114 (0xd5438393) addi    t2, t2, -684
core   0: 3 0x80000114 (0xd5438393) x 7 0x80011e64
core   0: 0x80000118 (0xaac24237) lui     tp, 0xaac24
core   0: 3 0x80000118 (0xaac24237) x 4 0xaac24000
core   0: 0x8000011c (0x45320213) addi    tp, tp, 1107
core   0: 3 0x8000011c (0x45320213) x 4 0xaac24453
core   0: 0x80000120 (0x80000d37) lui     s10, 0x80000
core   0: 3 0x80000120 (0x80000d37) x26 0x80000000
core   0: 0x80000124 (0xa92c0437) lui     s0, 0xa92c0
core   0: 3 0x80000124 (0xa92c0437) x 8 0xa92c0000
core   0: 0x80000128 (0x8fb40413) addi    s0, s0, -1797
core   0: 3 0x80000128 (0x8fb40413) x 8 0xa92bf8fb
core   0: 0x8000012c (0x00000093) li      ra, 0
core   0: 3 0x8000012c (0x00000093) x 1 0x00000000
core   0: 0x80000130 (0x00000813) li      a6, 0
core   0: 3 0x80000130 (0x00000813) x16 0x00000000
core   0: 0x80000134 (0x80000937) lui     s2, 0x80000
core   0: 3 0x80000134 (0x80000937) x18 0x80000000
core   0: 0x80000138 (0xfff00193) li      gp, -1
core   0: 3 0x80000138 (0xfff00193) x 3 0xffffffff
core   0: 0x8000013c (0x00000713) li      a4, 0
core   0: 3 0x8000013c (0x00000713) x14 0x00000000
core   0: 0x80000140 (0x00000113) li      sp, 0
core   0: 3 0x80000140 (0x00000113) x 2 0x00000000
core   0: 0x80000144 (0xfff00c13) li      s8, -1
core   0: 3 0x80000144 (0xfff00c13) x24 0xffffffff
core   0: 0x80000148 (0x40318233) sub     tp, gp, gp
core   0: 3 0x80000148 (0x40318233) x 4 0x00000000
core   0: 0x8000014c (0x41808433) sub     s0, ra, s8
core   0: 3 0x8000014c (0x41808433) x 8 0x00000001
core   0: 0x80000150 (0x01880c33) add     s8, a6, s8
core   0: 3 0x80000150 (0x01880c33) x24 0xffffffff
core   0: 0x80000154 (0x01ad0133) add     sp, s10, s10
core   0: 3 0x80000154 (0x01ad0133) x 2 0x00000000
core   0: 0x80000158 (0x01818d33) add     s10, gp, s8
core   0: 3 0x80000158 (0x01818d33) x26 0xfffffffe
core   0: 0x8000015c (0x86f92117) auipc   sp, 0x86f92
core   0: 3 0x8000015c (0x86f92117) x 2 0x06f9215c
core   0: 0x80000160 (0x02fbd937) lui     s2, 0x2fbd
core   0: 3 0x80000160 (0x02fbd937) x18 0x02fbd000
core   0: 0x80000164 (0x40e08d33) sub     s10, ra, a4
core   0: 3 0x80000164 (0x40e08d33) x26 0x00000000
core   0: 0x80000168 (0x27b3f1b7) lui     gp, 0x27b3f
core   0: 3 0x80000168 (0x27b3f1b7) x 3 0x27b3f000
core   0: 0x8000016c (0x4de4f097) auipc   ra, 0x4de4f
core   0: 3 0x8000016c (0x4de4f097) x 1 0xcde4f16c
core   0: 0x80000170 (0xbd565197) auipc   gp, 0xbd565
core   0: 3 0x80000170 (0xbd565197) x 3 0x3d565170
core   0: 0x80000174 (0x26870813) addi    a6, a4, 616
core   0: 3 0x80000174 (0x26870813) x16 0x00000268
core   0: 0x80000178 (0x8f308093) addi    ra, ra, -1805
core   0: 3 0x80000178 (0x8f308093) x 1 0xcde4ea5f
core   0: 0x8000017c (0x5c0a0c17) auipc   s8, 0x5c0a0
core   0: 3 0x8000017c (0x5c0a0c17) x24 0xdc0a017c
core   0: 0x80000180 (0x00000013) nop
core   0: 3 0x80000180 (0x00000013)
core   0: 0x80000184 (0x1e88c0b7) lui     ra, 0x1e88c
core   0: 3 0x80000184 (0x1e88c0b7) x 1 0x1e88c000
core   0: 0x80000188 (0xf28c0813) addi    a6, s8, -216
core   0: 3 0x80000188 (0xf28c0813) x16 0xdc0a00a4
core   0: 0x8000018c (0xb4505817) auipc   a6, 0xb4505
core   0: 3 0x8000018c (0xb4505817) x16 0x3450518c
core   0: 0x80000190 (0xf14c0213) addi    tp, s8, -236
core   0: 3 0x80000190 (0xf14c0213) x 4 0xdc0a0090
core   0: 0x80000194 (0x7d0bdd37) lui     s10, 0x7d0bd
core   0: 3 0x80000194 (0x7d0bdd37) x26 0x7d0bd000
core   0: 0x80000198 (0x00000013) nop
core   0: 3 0x80000198 (0x00000013)
core   0: 0x8000019c (0x4085e237) lui     tp, 0x4085e
core   0: 3 0x8000019c (0x4085e237) x 4 0x4085e000
core   0: 0x800001a0 (0x408c0933) sub     s2, s8, s0
core   0: 3 0x800001a0 (0x408c0933) x18 0xdc0a017b
core   0: 0x800001a4 (0x4fefa837) lui     a6, 0x4fefa
core   0: 3 0x800001a4 (0x4fefa837) x16 0x4fefa000
core   0: 0x800001a8 (0xa0e70093) addi    ra, a4, -1522
core   0: 3 0x800001a8 (0xa0e70093) x 1 0xfffffa0e
core   0: 0x800001ac (0x40e70c33) sub     s8, a4, a4
core   0: 3 0x800001ac (0x40e70c33) x24 0x00000000
core   0: 0x800001b0 (0x4708d737) lui     a4, 0x4708d
core   0: 3 0x800001b0 (0x4708d737) x14 0x4708d000
core   0: 0x800001b4 (0x3566a8b7) lui     a7, 0x3566a
core   0: 3 0x800001b4 (0x3566a8b7) x17 0x3566a000
core   0: 0x800001b8 (0x1c588893) addi    a7, a7, 453
core   0: 3 0x800001b8 (0x1c588893) x17 0x3566a1c5
core   0: 0x800001bc (0xa4201837) lui     a6, 0xa4201
core   0: 3 0x800001bc (0xa4201837) x16 0xa4201000
core   0: 0x800001c0 (0x8fe80813) addi    a6, a6, -1794
core   0: 3 0x800001c0 (0x8fe80813) x16 0xa42008fe
core   0: 0x800001c4 (0xfff00a93) li      s5, -1
core   0: 3 0x800001c4 (0xfff00a93) x21 0xffffffff
core   0: 0x800001c8 (0x00000293) li      t0, 0
core   0: 3 0x800001c8 (0x00000293) x 5 0x00000000
core   0: 0x800001cc (0x21c53bb7) lui     s7, 0x21c53
core   0: 3 0x800001cc (0x21c53bb7) x23 0x21c53000
core   0: 0x800001d0 (0x963b8b93) addi    s7, s7, -1693
core   0: 3 0x800001d0 (0x963b8b93) x23 0x21c52963
core   0: 0x800001d4 (0x00000093) li      ra, 0
core   0: 3 0x800001d4 (0x00000093) x 1 0x00000000
core   0: 0x800001d8 (0x00000f13) li      t5, 0
core   0: 3 0x800001d8 (0x00000f13) x30 0x00000000
core   0: 0x800001dc (0xef522cb7) lui     s9, 0xef522
core   0: 3 0x800001dc (0xef522cb7) x25 0xef522000
core   0: 0x800001e0 (0x6d5c8c93) addi    s9, s9, 1749
core   0: 3 0x800001e0 (0x6d5c8c93) x25 0xef5226d5
core   0: 0x800001e4 (0x00000593) li      a1, 0
core   0: 3 0x800001e4 (0x00000593) x11 0x00000000
core   0: 0x800001e8 (0x80000537) lui     a0, 0x80000
core   0: 3 0x800001e8 (0x80000537) x10 0x80000000
core   0: 0x800001ec (0x00000013) nop
core   0: 3 0x800001ec (0x00000013)
core   0: 0x800001f0 (0x00000013) nop
core   0: 3 0x800001f0 (0x00000013)
core   0: 0x800001f4 (0x00a58bb3) add     s7, a1, a0
core   0: 3 0x800001f4 (0x00a58bb3) x23 0x80000000
core   0: 0x800001f8 (0xd0750893) addi    a7, a0, -761
core   0: 3 0x800001f8 (0xd0750893) x17 0x7ffffd07
core   0: 0x800001fc (0x9dda8293) addi    t0, s5, -1571
core   0: 3 0x800001fc (0x9dda8293) x 5 0xfffff9dc
core   0: 0x80000200 (0xce4632b7) lui     t0, 0xce463
core   0: 3 0x80000200 (0xce4632b7) x 5 0xce463000
core   0: 0x80000204 (0xd09b8b93) addi    s7, s7, -759
core   0: 3 0x80000204 (0xd09b8b93) x23 0x7ffffd09
core   0: 0x80000208 (0x06208f13) addi    t5, ra, 98
core   0: 3 0x80000208 (0x06208f13) x30 0x00000062
core   0: 0x8000020c (0x2cf50813) addi    a6, a0, 719
core   0: 3 0x8000020c (0x2cf50813) x16 0x800002cf
core   0: 0x80000210 (0x01788bb3) add     s7, a7, s7
core   0: 3 0x80000210 (0x01788bb3) x23 0xfffffa10
core   0: 0x80000214 (0x01ea85b3) add     a1, s5, t5
core   0: 3 0x80000214 (0x01ea85b3) x11 0x00000061
core   0: 0x80000218 (0x37237f37) lui     t5, 0x37237
core   0: 3 0x80000218 (0x37237f37) x30 0x37237000
core   0: 0x8000021c (0x4f508f13) addi    t5, ra, 1269
core   0: 3 0x8000021c (0x4f508f13) x30 0x000004f5
core   0: 0x80000220 (0x01058ab3) add     s5, a1, a6
core   0: 3 0x80000220 (0x01058ab3) x21 0x80000330
core   0: 0x80000224 (0x00000013) nop
core   0: 3 0x80000224 (0x00000013)
core   0: 0x80000228 (0xfe958a93) addi    s5, a1, -23
core   0: 3 0x80000228 (0xfe958a93) x21 0x0000004a
core   0: 0x8000022c (0x00000013) nop
core   0: 3 0x8000022c (0x00000013)
core   0: 0x80000230 (0x411288b3) sub     a7, t0, a7
core   0: 3 0x80000230 (0x411288b3) x17 0x4e4632f9
core   0: 0x80000234 (0x70d36737) lui     a4, 0x70d36
core   0: 3 0x80000234 (0x70d36737) x14 0x70d36000
core   0: 0x80000238 (0xd4e70713) addi    a4, a4, -690
core   0: 3 0x80000238 (0xd4e70713) x14 0x70d35d4e
core   0: 0x8000023c (0x80000c37) lui     s8, 0x80000
core   0: 3 0x8000023c (0x80000c37) x24 0x80000000
core   0: 0x80000240 (0x80000937) lui     s2, 0x80000
core   0: 3 0x80000240 (0x80000937) x18 0x80000000
core   0: 0x80000244 (0x91150bb7) lui     s7, 0x91150
core   0: 3 0x80000244 (0x91150bb7) x23 0x91150000
core   0: 0x80000248 (0xf2ab8b93) addi    s7, s7, -214
core   0: 3 0x80000248 (0xf2ab8b93) x23 0x9114ff2a
core   0: 0x8000024c (0x00000413) li      s0, 0
core   0: 3 0x8000024c (0x00000413) x 8 0x00000000
core   0: 0x80000250 (0x00000f93) li      t6, 0
core   0: 3 0x80000250 (0x00000f93) x31 0x00000000
core   0: 0x80000254 (0xfff00693) li      a3, -1
core   0: 3 0x80000254 (0xfff00693) x13 0xffffffff
core   0: 0x80000258 (0x80000db7) lui     s11, 0x80000
core   0: 3 0x80000258 (0x80000db7) x27 0x80000000
core   0: 0x8000025c (0xfff00313) li      t1, -1
core   0: 3 0x8000025c (0xfff00313) x 6 0xffffffff
core   0: 0x80000260 (0x952fc9b7) lui     s3, 0x952fc
core   0: 3 0x80000260 (0x952fc9b7) x19 0x952fc000
core   0: 0x80000264 (0x41198993) addi    s3, s3, 1041
core   0: 3 0x80000264 (0x41198993) x19 0x952fc411
core   0: 0x80000268 (0x00000013) nop
core   0: 3 0x80000268 (0x00000013)
core   0: 0x8000026c (0x018b8c33) add     s8, s7, s8
core   0: 3 0x8000026c (0x018b8c33) x24 0x1114ff2a
core   0: 0x80000270 (0x00000013) nop
core   0: 3 0x80000270 (0x00000013)
core   0: 0x80000274 (0x38147937) lui     s2, 0x38147
core   0: 3 0x80000274 (0x38147937) x18 0x38147000
core   0: 0x80000278 (0x018d86b3) add     a3, s11, s8
core   0: 3 0x80000278 (0x018d86b3) x13 0x9114ff2a
core   0: 0x8000027c (0x00000013) nop
core   0: 3 0x8000027c (0x00000013)
core   0: 0x80000280 (0xbf3d2337) lui     t1, 0xbf3d2
core   0: 3 0x80000280 (0xbf3d2337) x 6 0xbf3d2000
core   0: 0x80000284 (0xaa1c0c13) addi    s8, s8, -1375
core   0: 3 0x80000284 (0xaa1c0c13) x24 0x1114f9cb
core   0: 0x80000288 (0x00db8c33) add     s8, s7, a3
core   0: 3 0x80000288 (0x00db8c33) x24 0x2229fe54
core   0: 0x8000028c (0xf6968b93) addi    s7, a3, -151
core   0: 3 0x8000028c (0xf6968b93) x23 0x9114fe93
core   0: 0x80000290 (0x06bb6717) auipc   a4, 0x6bb6
core   0: 3 0x80000290 (0x06bb6717) x14 0x86bb6290
core   0: 0x80000294 (0x7316f937) lui     s2, 0x7316f
core   0: 3 0x80000294 (0x7316f937) x18 0x7316f000
core   0: 0x80000298 (0x6b570693) addi    a3, a4, 1717
core   0: 3 0x80000298 (0x6b570693) x13 0x86bb6945
core   0: 0x8000029c (0x00000013) nop
core   0: 3 0x8000029c (0x00000013)
core   0: 0x800002a0 (0x3702c6b7) lui     a3, 0x3702c
core   0: 3 0x800002a0 (0x3702c6b7) x13 0x3702c000
core   0: 0x800002a4 (0x406b8bb3) sub     s7, s7, t1
core   0: 3 0x800002a4 (0x406b8bb3) x23 0xd1d7de93
core   0: 0x800002a8 (0x00dc0c33) add     s8, s8, a3
core   0: 3 0x800002a8 (0x00dc0c33) x24 0x592cbe54
core   0: 0x800002ac (0x00668333) add     t1, a3, t1
core   0: 3 0x800002ac (0x00668333) x 6 0xf63fe000
core   0: 0x800002b0 (0x00000013) nop
core   0: 3 0x800002b0 (0x00000013)
core   0: 0x800002b4 (0x408406b3) sub     a3, s0, s0
core   0: 3 0x800002b4 (0x408406b3) x13 0x00000000
core   0: 0x800002b8 (0x417b8bb3) sub     s7, s7, s7
core   0: 3 0x800002b8 (0x417b8bb3) x23 0x00000000
core   0: 0x800002bc (0xcc9416b7) lui     a3, 0xcc941
core   0: 3 0x800002bc (0xcc9416b7) x13 0xcc941000
core   0: 0x800002c0 (0x00000013) nop
core   0: 3 0x800002c0 (0x00000013)
core   0: 0x800002c4 (0x413d8933) sub     s2, s11, s3
core   0: 3 0x800002c4 (0x413d8933) x18 0xead03bef
core   0: 0x800002c8 (0x00000013) nop
core   0: 3 0x800002c8 (0x00000013)
core   0: 0x800002cc (0x00000013) nop
core   0: 3 0x800002cc (0x00000013)
core   0: 0x800002d0 (0x408f8433) sub     s0, t6, s0
core   0: 3 0x800002d0 (0x408f8433) x 8 0x00000000
core   0: 0x800002d4 (0xdbc0a337) lui     t1, 0xdbc0a
core   0: 3 0x800002d4 (0xdbc0a337) x 6 0xdbc0a000
core   0: 0x800002d8 (0x00000293) li      t0, 0
core   0: 3 0x800002d8 (0x00000293) x 5 0x00000000
core   0: 0x800002dc (0x80000fb7) lui     t6, 0x80000
core   0: 3 0x800002dc (0x80000fb7) x31 0x80000000
core   0: 0x800002e0 (0x044bfc37) lui     s8, 0x44bf
core   0: 3 0x800002e0 (0x044bfc37) x24 0x044bf000
core   0: 0x800002e4 (0x07ac0c13) addi    s8, s8, 122
core   0: 3 0x800002e4 (0x07ac0c13) x24 0x044bf07a
core   0: 0x800002e8 (0x00000f13) li      t5, 0
core   0: 3 0x800002e8 (0x00000f13) x30 0x00000000
core   0: 0x800002ec (0x80000bb7) lui     s7, 0x80000
core   0: 3 0x800002ec (0x80000bb7) x23 0x80000000
core   0: 0x800002f0 (0x00000a93) li      s5, 0
core   0: 3 0x800002f0 (0x00000a93) x21 0x00000000
core   0: 0x800002f4 (0x00000113) li      sp, 0
core   0: 3 0x800002f4 (0x00000113) x 2 0x00000000
core   0: 0x800002f8 (0x5d538b37) lui     s6, 0x5d538
core   0: 3 0x800002f8 (0x5d538b37) x22 0x5d538000
core   0: 0x800002fc (0xcc3b0b13) addi    s6, s6, -829
core   0: 3 0x800002fc (0xcc3b0b13) x22 0x5d537cc3
core   0: 0x80000300 (0xfff00313) li      t1, -1
core   0: 3 0x80000300 (0xfff00313) x 6 0xffffffff
core   0: 0x80000304 (0x56c9ad37) lui     s10, 0x56c9a
core   0: 3 0x80000304 (0x56c9ad37) x26 0x56c9a000
core   0: 0x80000308 (0x852d0d13) addi    s10, s10, -1966
core   0: 3 0x80000308 (0x852d0d13) x26 0x56c99852
core   0: 0x8000030c (0x1591cd37) lui     s10, 0x1591c
core   0: 3 0x8000030c (0x1591cd37) x26 0x1591c000
core   0: 0x80000310 (0x41e30ab3) sub     s5, t1, t5
core   0: 3 0x80000310 (0x41e30ab3) x21 0xffffffff
core   0: 0x80000314 (0x33d10b93) addi    s7, sp, 829
core   0: 3 0x80000314 (0x33d10b93) x23 0x0000033d
core   0: 0x80000318 (0x00000013) nop
core   0: 3 0x80000318 (0x00000013)
core   0: 0x8000031c (0x00000013) nop
core   0: 3 0x8000031c (0x00000013)
core   0: 0x80000320 (0x00000013) nop
core   0: 3 0x80000320 (0x00000013)
core   0: 0x80000324 (0x56ad32b7) lui     t0, 0x56ad3
core   0: 3 0x80000324 (0x56ad32b7) x 5 0x56ad3000
core   0: 0x80000328 (0x64b30293) addi    t0, t1, 1611
core   0: 3 0x80000328 (0x64b30293) x 5 0x0000064a
core   0: 0x8000032c (0xf32ae117) auipc   sp, 0xf32ae
core   0: 3 0x8000032c (0xf32ae117) x 2 0x732ae32c
core   0: 0x80000330 (0x00000013) nop
core   0: 3 0x80000330 (0x00000013)
core   0: 0x80000334 (0xdda28c13) addi    s8, t0, -550
core   0: 3 0x80000334 (0xdda28c13) x24 0x00000424
core   0: 0x80000338 (0x8abd0b13) addi    s6, s10, -1877
core   0: 3 0x80000338 (0x8abd0b13) x22 0x1591b8ab
core   0: 0x8000033c (0x00000013) nop
core   0: 3 0x8000033c (0x00000013)
core   0: 0x80000340 (0x7d332d17) auipc   s10, 0x7d332
core   0: 3 0x80000340 (0x7d332d17) x26 0xfd332340
core   0: 0x80000344 (0x406a8b33) sub     s6, s5, t1
core   0: 3 0x80000344 (0x406a8b33) x22 0x00000000
core   0: 0x80000348 (0xcdda8c13) addi    s8, s5, -803
core   0: 3 0x80000348 (0xcdda8c13) x24 0xfffffcdc
core   0: 0x8000034c (0x00000013) nop
core   0: 3 0x8000034c (0x00000013)
core   0: 0x80000350 (0xf005e317) auipc   t1, 0xf005e
core   0: 3 0x80000350 (0xf005e317) x 6 0x7005e350
core   0: 0x80000354 (0xfff00293) li      t0, -1
core   0: 3 0x80000354 (0xfff00293) x 5 0xffffffff
core   0: 0x80000358 (0xf2bdc0b7) lui     ra, 0xf2bdc
core   0: 3 0x80000358 (0xf2bdc0b7) x 1 0xf2bdc000
core   0: 0x8000035c (0x1ba08093) addi    ra, ra, 442
core   0: 3 0x8000035c (0x1ba08093) x 1 0xf2bdc1ba
core   0: 0x80000360 (0xdd844b37) lui     s6, 0xdd844
core   0: 3 0x80000360 (0xdd844b37) x22 0xdd844000
core   0: 0x80000364 (0xde7b0b13) addi    s6, s6, -537
core   0: 3 0x80000364 (0xde7b0b13) x22 0xdd843de7
core   0: 0x80000368 (0xdd289c37) lui     s8, 0xdd289
core   0: 3 0x80000368 (0xdd289c37) x24 0xdd289000
core   0: 0x8000036c (0x7b3c0c13) addi    s8, s8, 1971
core   0: 3 0x8000036c (0x7b3c0c13) x24 0xdd2897b3
core   0: 0x80000370 (0x75c094b7) lui     s1, 0x75c09
core   0: 3 0x80000370 (0x75c094b7) x 9 0x75c09000
core   0: 0x80000374 (0xe7748493) addi    s1, s1, -393
core   0: 3 0x80000374 (0xe7748493) x 9 0x75c08e77
core   0: 0x80000378 (0x00000313) li      t1, 0
core   0: 3 0x80000378 (0x00000313) x 6 0x00000000
core   0: 0x8000037c (0xe37688b7) lui     a7, 0xe3768
core   0: 3 0x8000037c (0xe37688b7) x17 0xe3768000
core   0: 0x80000380 (0xd6688893) addi    a7, a7, -666
core   0: 3 0x80000380 (0xd6688893) x17 0xe3767d66
core   0: 0x80000384 (0xd8185e37) lui     t3, 0xd8185
core   0: 3 0x80000384 (0xd8185e37) x28 0xd8185000
core   0: 0x80000388 (0xf53e0e13) addi    t3, t3, -173
core   0: 3 0x80000388 (0xf53e0e13) x28 0xd8184f53
core   0: 0x8000038c (0x69853137) lui     sp, 0x69853
core   0: 3 0x8000038c (0x69853137) x 2 0x69853000
core   0: 0x80000390 (0x7a110113) addi    sp, sp, 1953
core   0: 3 0x80000390 (0x7a110113) x 2 0x698537a1
core   0: 0x80000394 (0x00000a93) li      s5, 0
core   0: 3 0x80000394 (0x00000a93) x21 0x00000000
core   0: 0x80000398 (0x01af0e37) lui     t3, 0x1af0
core   0: 3 0x80000398 (0x01af0e37) x28 0x01af0000
core   0: 0x8000039c (0x0f7ae137) lui     sp, 0xf7ae
core   0: 3 0x8000039c (0x0f7ae137) x 2 0x0f7ae000
core   0: 0x800003a0 (0x416b0133) sub     sp, s6, s6
core   0: 3 0x800003a0 (0x416b0133) x 2 0x00000000
core   0: 0x800003a4 (0x64565a97) auipc   s5, 0x64565
core   0: 3 0x800003a4 (0x64565a97) x21 0xe45653a4
core   0: 0x800003a8 (0xb9b28113) addi    sp, t0, -1125
core   0: 3 0x800003a8 (0xb9b28113) x 2 0xfffffb9a
core   0: 0x800003ac (0x465d9b37) lui     s6, 0x465d9
core   0: 3 0x800003ac (0x465d9b37) x22 0x465d9000
core   0: 0x800003b0 (0x01610c33) add     s8, sp, s6
core   0: 3 0x800003b0 (0x01610c33) x24 0x465d8b9a
core   0: 0x800003b4 (0x00000013) nop
core   0: 3 0x800003b4 (0x00000013)
core   0: 0x800003b8 (0x22130b13) addi    s6, t1, 545
core   0: 3 0x800003b8 (0x22130b13) x22 0x00000221
core   0: 0x800003bc (0x011e0b33) add     s6, t3, a7
core   0: 3 0x800003bc (0x011e0b33) x22 0xe5257d66
core   0: 0x800003c0 (0xf99d1337) lui     t1, 0xf99d1
core   0: 3 0x800003c0 (0xf99d1337) x 6 0xf99d1000
core   0: 0x800003c4 (0x00208333) add     t1, ra, sp
core   0: 3 0x800003c4 (0x00208333) x 6 0xf2bdbd54
core   0: 0x800003c8 (0x8c814497) auipc   s1, 0x8c814
core   0: 3 0x800003c8 (0x8c814497) x 9 0x0c8143c8
core   0: 0x800003cc (0x2cedd317) auipc   t1, 0x2cedd
core   0: 3 0x800003cc (0x2cedd317) x 6 0xacedd3cc
core   0: 0x800003d0 (0xce0ab317) auipc   t1, 0xce0ab
core   0: 3 0x800003d0 (0xce0ab317) x 6 0x4e0ab3d0
core   0: 0x800003d4 (0xbf128113) addi    sp, t0, -1039
core   0: 3 0x800003d4 (0xbf128113) x 2 0xfffffbf0
core   0: 0x800003d8 (0x89b52e37) lui     t3, 0x89b52
core   0: 3 0x800003d8 (0x89b52e37) x28 0x89b52000
core   0: 0x800003dc (0x65810e13) addi    t3, sp, 1624
core   0: 3 0x800003dc (0x65810e13) x28 0x00000248
core   0: 0x800003e0 (0xb7edb0b7) lui     ra, 0xb7edb
core   0: 3 0x800003e0 (0xb7edb0b7) x 1 0xb7edb000
core   0: 0x800003e4 (0xbbd08093) addi    ra, ra, -1091
core   0: 3 0x800003e4 (0xbbd08093) x 1 0xb7edabbd
core   0: 0x800003e8 (0x957ed6b7) lui     a3, 0x957ed
core   0: 3 0x800003e8 (0x957ed6b7) x13 0x957ed000
core   0: 0x800003ec (0x35068693) addi    a3, a3, 848
core   0: 3 0x800003ec (0x35068693) x13 0x957ed350
core   0: 0x800003f0 (0x00000993) li      s3, 0
core   0: 3 0x800003f0 (0x00000993) x19 0x00000000
core   0: 0x800003f4 (0x80000537) lui     a0, 0x80000
core   0: 3 0x800003f4 (0x80000537) x10 0x80000000
core   0: 0x800003f8 (0x0cf0ba37) lui     s4, 0xcf0b
core   0: 3 0x800003f8 (0x0cf0ba37) x20 0x0cf0b000
core   0: 0x800003fc (0x9b5a0a13) addi    s4, s4, -1611
core   0: 3 0x800003fc (0x9b5a0a13) x20 0x0cf0a9b5
core   0: 0x80000400 (0x80000ab7) lui     s5, 0x80000
core   0: 3 0x80000400 (0x80000ab7) x21 0x80000000
core   0: 0x80000404 (0x800002b7) lui     t0, 0x80000
core   0: 3 0x80000404 (0x800002b7) x 5 0x80000000
core   0: 0x80000408 (0x80000c37) lui     s8, 0x80000
core   0: 3 0x80000408 (0x80000c37) x24 0x80000000
core   0: 0x8000040c (0xfff00213) li      tp, -1
core   0: 3 0x8000040c (0xfff00213) x 4 0xffffffff
core   0: 0x80000410 (0x7265d5b7) lui     a1, 0x7265d
core   0: 3 0x80000410 (0x7265d5b7) x11 0x7265d000
core   0: 0x80000414 (0x75158593) addi    a1, a1, 1873
core   0: 3 0x80000414 (0x75158593) x11 0x7265d751
core   0: 0x80000418 (0xd406b217) auipc   tp, 0xd406b
core   0: 3 0x80000418 (0xd406b217) x 4 0x5406b418
core   0: 0x8000041c (0x24417097) auipc   ra, 0x24417
core   0: 3 0x8000041c (0x24417097) x 1 0xa441741c
core   0: 0x80000420 (0xb0adb5b7) lui     a1, 0xb0adb
core   0: 3 0x80000420 (0xb0adb5b7) x11 0xb0adb000
core   0: 0x80000424 (0xd3620513) addi    a0, tp, -714
core   0: 3 0x80000424 (0xd3620513) x10 0x5406b14e
core   0: 0x80000428 (0x01350ab3) add     s5, a0, s3
core   0: 3 0x80000428 (0x01350ab3) x21 0x5406b14e
core   0: 0x8000042c (0x75335597) auipc   a1, 0x75335
core   0: 3 0x8000042c (0x75335597) x11 0xf533542c
core   0: 0x80000430 (0x00a980b3) add     ra, s3, a0
core   0: 3 0x80000430 (0x00a980b3) x 1 0x5406b14e
core   0: 0x80000434 (0x8f222a17) auipc   s4, 0x8f222
core   0: 3 0x80000434 (0x8f222a17) x20 0x0f222434
core   0: 0x80000438 (0xbbdc0093) addi    ra, s8, -1091
core   0: 3 0x80000438 (0xbbdc0093) x 1 0x7ffffbbd
core   0: 0x8000043c (0x00000013) nop
core   0: 3 0x8000043c (0x00000013)
core   0: 0x80000440 (0x401689b3) sub     s3, a3, ra
core   0: 3 0x80000440 (0x401689b3) x19 0x157ed793
core   0: 0x80000444 (0x004580b3) add     ra, a1, tp
core   0: 3 0x80000444 (0x004580b3) x 1 0x493a0844
core   0: 0x80000448 (0x016ac517) auipc   a0, 0x16ac
core   0: 3 0x80000448 (0x016ac517) x10 0x816ac448
core   0: 0x8000044c (0xbb079a37) lui     s4, 0xbb079
core   0: 3 0x8000044c (0xbb079a37) x20 0xbb079000
core   0: 0x80000450 (0x5d94fc17) auipc   s8, 0x5d94f
core   0: 3 0x80000450 (0x5d94fc17) x24 0xdd94f450
core   0: 0x80000454 (0xabcc0993) addi    s3, s8, -1348
core   0: 3 0x80000454 (0xabcc0993) x19 0xdd94ef0c
core   0: 0x80000458 (0x40598233) sub     tp, s3, t0
core   0: 3 0x80000458 (0x40598233) x 4 0x5d94ef0c
core   0: 0x8000045c (0x6a7965b7) lui     a1, 0x6a796
core   0: 3 0x8000045c (0x6a7965b7) x11 0x6a796000
core   0: 0x80000460 (0x00000013) nop
core   0: 3 0x80000460 (0x00000013)
core   0: 0x80000464 (0x405c0233) sub     tp, s8, t0
core   0: 3 0x80000464 (0x405c0233) x 4 0x5d94f450
core   0: 0x80000468 (0xf4d6c9b7) lui     s3, 0xf4d6c
core   0: 3 0x80000468 (0xf4d6c9b7) x19 0xf4d6c000
core   0: 0x8000046c (0x018c06b3) add     a3, s8, s8
core   0: 3 0x8000046c (0x018c06b3) x13 0xbb29e8a0
core   0: 0x80000470 (0x005a89b3) add     s3, s5, t0
core   0: 3 0x80000470 (0x005a89b3) x19 0xd406b14e
core   0: 0x80000474 (0xcb498a13) addi    s4, s3, -844
core   0: 3 0x80000474 (0xcb498a13) x20 0xd406ae02
core   0: 0x80000478 (0x005c09b3) add     s3, s8, t0
core   0: 3 0x80000478 (0x005c09b3) x19 0x5d94f450
core   0: 0x8000047c (0xc84a0993) addi    s3, s4, -892
core   0: 3 0x8000047c (0xc84a0993) x19 0xd406aa86
core   0: 0x80000480 (0xfff00113) li      sp, -1
core   0: 3 0x80000480 (0xfff00113) x 2 0xffffffff
core   0: 0x80000484 (0xfff00493) li      s1, -1
core   0: 3 0x80000484 (0xfff00493) x 9 0xffffffff
core   0: 0x80000488 (0x00000693) li      a3, 0
core   0: 3 0x80000488 (0x00000693) x13 0x00000000
core   0: 0x8000048c (0xfff00a13) li      s4, -1
core   0: 3 0x8000048c (0xfff00a13) x20 0xffffffff
core   0: 0x80000490 (0x00000293) li      t0, 0
core   0: 3 0x80000490 (0x00000293) x 5 0x00000000
core   0: 0x80000494 (0xd62d2fb7) lui     t6, 0xd62d2
core   0: 3 0x80000494 (0xd62d2fb7) x31 0xd62d2000
core   0: 0x80000498 (0x5f0f8f93) addi    t6, t6, 1520
core   0: 3 0x80000498 (0x5f0f8f93) x31 0xd62d25f0
core   0: 0x8000049c (0xfff00a93) li      s5, -1
core   0: 3 0x8000049c (0xfff00a93) x21 0xffffffff
core   0: 0x800004a0 (0x80000c37) lui     s8, 0x80000
core   0: 3 0x800004a0 (0x80000c37) x24 0x80000000
core   0: 0x800004a4 (0x00000413) li      s0, 0
core   0: 3 0x800004a4 (0x00000413) x 8 0x00000000
core   0: 0x800004a8 (0x80000337) lui     t1, 0x80000
core   0: 3 0x800004a8 (0x80000337) x 6 0x80000000
core   0: 0x800004ac (0xd2d88317) auipc   t1, 0xd2d88
core   0: 3 0x800004ac (0xd2d88317) x 6 0x52d884ac
core   0: 0x800004b0 (0xe4237c37) lui     s8, 0xe4237
core   0: 3 0x800004b0 (0xe4237c37) x24 0xe4237000
core   0: 0x800004b4 (0x00000013) nop
core   0: 3 0x800004b4 (0x00000013)
core   0: 0x800004b8 (0xe5fcc417) auipc   s0, 0xe5fcc
core   0: 3 0x800004b8 (0xe5fcc417) x 8 0x65fcc4b8
core   0: 0x800004bc (0x6d40b4b7) lui     s1, 0x6d40b
core   0: 3 0x800004bc (0x6d40b4b7) x 9 0x6d40b000
core   0: 0x800004c0 (0x433424b7) lui     s1, 0x43342
core   0: 3 0x800004c0 (0x433424b7) x 9 0x43342000
core   0: 0x800004c4 (0x368d7c17) auipc   s8, 0x368d7
core   0: 3 0x800004c4 (0x368d7c17) x24 0xb68d74c4
core   0: 0x800004c8 (0x00000013) nop
core   0: 3 0x800004c8 (0x00000013)
core   0: 0x800004cc (0x00000013) nop
core   0: 3 0x800004cc (0x00000013)
core   0: 0x800004d0 (0xf7bdec37) lui     s8, 0xf7bde
core   0: 3 0x800004d0 (0xf7bdec37) x24 0xf7bde000
core   0: 0x800004d4 (0x00000013) nop
core   0: 3 0x800004d4 (0x00000013)
core   0: 0x800004d8 (0x49853f97) auipc   t6, 0x49853
core   0: 3 0x800004d8 (0x49853f97) x31 0xc98534d8
core   0: 0x800004dc (0x00df8fb3) add     t6, t6, a3
core   0: 3 0x800004dc (0x00df8fb3) x31 0xc98534d8
core   0: 0x800004e0 (0x00000013) nop
core   0: 3 0x800004e0 (0x00000013)
core   0: 0x800004e4 (0x2cbf3a17) auipc   s4, 0x2cbf3
core   0: 3 0x800004e4 (0x2cbf3a17) x20 0xacbf34e4
core   0: 0x800004e8 (0xc4349497) auipc   s1, 0xc4349
core   0: 3 0x800004e8 (0xc4349497) x 9 0x443494e8
core   0: 0x800004ec (0x41fc0133) sub     sp, s8, t6
core   0: 3 0x800004ec (0x41fc0133) x 2 0x2e38ab28
core   0: 0x800004f0 (0xb01b9317) auipc   t1, 0xb01b9
core   0: 3 0x800004f0 (0xb01b9317) x 6 0x301b94f0
core   0: 0x800004f4 (0x402a0a33) sub     s4, s4, sp
core   0: 3 0x800004f4 (0x402a0a33) x20 0x7e8689bc
core   0: 0x800004f8 (0x018f82b3) add     t0, t6, s8
core   0: 3 0x800004f8 (0x018f82b3) x 5 0xc14314d8
core   0: 0x800004fc (0x93048693) addi    a3, s1, -1744
core   0: 3 0x800004fc (0x93048693) x13 0x44348e18
core   0: 0x80000500 (0x408306b3) sub     a3, t1, s0
core   0: 3 0x80000500 (0x408306b3) x13 0xca1ed038
core   0: 0x80000504 (0xcb928413) addi    s0, t0, -839
core   0: 3 0x80000504 (0xcb928413) x 8 0xc1431191
core   0: 0x80000508 (0x439cf137) lui     sp, 0x439cf
core   0: 3 0x80000508 (0x439cf137) x 2 0x439cf000
core   0: 0x8000050c (0x00000013) nop
core   0: 3 0x8000050c (0x00000013)
core   0: 0x80000510 (0xce08d117) auipc   sp, 0xce08d
core   0: 3 0x80000510 (0xce08d117) x 2 0x4e08d510
core   0: 0x80000514 (0xc97fa317) auipc   t1, 0xc97fa
core   0: 3 0x80000514 (0xc97fa317) x 6 0x497fa514
core   0: 0x80000518 (0x015a06b3) add     a3, s4, s5
core   0: 3 0x80000518 (0x015a06b3) x13 0x7e8689bb
core   0: 0x8000051c (0xbfbd0497) auipc   s1, 0xbfbd0
core   0: 3 0x8000051c (0xbfbd0497) x 9 0x3fbd051c
core   0: 0x80000520 (0x4173bf97) auipc   t6, 0x4173b
core   0: 3 0x80000520 (0x4173bf97) x31 0xc173b520
core   0: 0x80000524 (0x80000a37) lui     s4, 0x80000
core   0: 3 0x80000524 (0x80000a37) x20 0x80000000
core   0: 0x80000528 (0x80000c37) lui     s8, 0x80000
core   0: 3 0x80000528 (0x80000c37) x24 0x80000000
core   0: 0x8000052c (0x03e46e37) lui     t3, 0x3e46
core   0: 3 0x8000052c (0x03e46e37) x28 0x03e46000
core   0: 0x80000530 (0xfe0e0e13) addi    t3, t3, -32
core   0: 3 0x80000530 (0xfe0e0e13) x28 0x03e45fe0
core   0: 0x80000534 (0xfff00493) li      s1, -1
core   0: 3 0x80000534 (0xfff00493) x 9 0xffffffff
core   0: 0x80000538 (0xfff00d93) li      s11, -1
core   0: 3 0x80000538 (0xfff00d93) x27 0xffffffff
core   0: 0x8000053c (0x800006b7) lui     a3, 0x80000
core   0: 3 0x8000053c (0x800006b7) x13 0x80000000
core   0: 0x80000540 (0xcc523337) lui     t1, 0xcc523
core   0: 3 0x80000540 (0xcc523337) x 6 0xcc523000
core   0: 0x80000544 (0x2a630313) addi    t1, t1, 678
core   0: 3 0x80000544 (0x2a630313) x 6 0xcc5232a6
core   0: 0x80000548 (0xfff00b13) li      s6, -1
core   0: 3 0x80000548 (0xfff00b13) x22 0xffffffff
core   0: 0x8000054c (0x800000b7) lui     ra, 0x80000
core   0: 3 0x8000054c (0x800000b7) x 1 0x80000000
core   0: 0x80000550 (0x80000137) lui     sp, 0x80000
core   0: 3 0x80000550 (0x80000137) x 2 0x80000000
core   0: 0x80000554 (0x46b13c37) lui     s8, 0x46b13
core   0: 3 0x80000554 (0x46b13c37) x24 0x46b13000
core   0: 0x80000558 (0x41830b33) sub     s6, t1, s8
core   0: 3 0x80000558 (0x41830b33) x22 0x85a102a6
core   0: 0x8000055c (0x016d8333) add     t1, s11, s6
core   0: 3 0x8000055c (0x016d8333) x 6 0x85a102a5
core   0: 0x80000560 (0x818396b7) lui     a3, 0x81839
core   0: 3 0x80000560 (0x818396b7) x13 0x81839000
core   0: 0x80000564 (0x01430b33) add     s6, t1, s4
core   0: 3 0x80000564 (0x01430b33) x22 0x05a102a5
core   0: 0x80000568 (0xcd1aaa37) lui     s4, 0xcd1aa
core   0: 3 0x80000568 (0xcd1aaa37) x20 0xcd1aa000
core   0: 0x8000056c (0x40648db3) sub     s11, s1, t1
core   0: 3 0x8000056c (0x40648db3) x27 0x7a5efd5a
core   0: 0x80000570 (0x401a0333) sub     t1, s4, ra
core   0: 3 0x80000570 (0x401a0333) x 6 0x4d1aa000
core   0: 0x80000574 (0x41be0db3) sub     s11, t3, s11
core   0: 3 0x80000574 (0x41be0db3) x27 0x89856286
core   0: 0x80000578 (0x406d86b3) sub     a3, s11, t1
core   0: 3 0x80000578 (0x406d86b3) x13 0x3c6ac286
core   0: 0x8000057c (0x00000013) nop
core   0: 3 0x8000057c (0x00000013)
core   0: 0x80000580 (0xbec7de37) lui     t3, 0xbec7d
core   0: 3 0x80000580 (0xbec7de37) x28 0xbec7d000
core   0: 0x80000584 (0xa16c0d93) addi    s11, s8, -1514
core   0: 3 0x80000584 (0xa16c0d93) x27 0x46b12a16
core   0: 0x80000588 (0x00000013) nop
core   0: 3 0x80000588 (0x00000013)
core   0: 0x8000058c (0x41b30db3) sub     s11, t1, s11
core   0: 3 0x8000058c (0x41b30db3) x27 0x066975ea
core   0: 0x80000590 (0x00000013) nop
core   0: 3 0x80000590 (0x00000013)
core   0: 0x80000594 (0x4e4d8a13) addi    s4, s11, 1252
core   0: 3 0x80000594 (0x4e4d8a13) x20 0x06697ace
core   0: 0x80000598 (0x00000b93) li      s7, 0
core   0: 3 0x80000598 (0x00000b93) x23 0x00000000
core   0: 0x8000059c (0x800009b7) lui     s3, 0x80000
core   0: 3 0x8000059c (0x800009b7) x19 0x80000000
core   0: 0x800005a0 (0x800000b7) lui     ra, 0x80000
core   0: 3 0x800005a0 (0x800000b7) x 1 0x80000000
core   0: 0x800005a4 (0x48b9c837) lui     a6, 0x48b9c
core   0: 3 0x800005a4 (0x48b9c837) x16 0x48b9c000
core   0: 0x800005a8 (0xf3b80813) addi    a6, a6, -197
core   0: 3 0x800005a8 (0xf3b80813) x16 0x48b9bf3b
core   0: 0x800005ac (0xfff00a13) li      s4, -1
core   0: 3 0x800005ac (0xfff00a13) x20 0xffffffff
core   0: 0x800005b0 (0xa27b96b7) lui     a3, 0xa27b9
core   0: 3 0x800005b0 (0xa27b96b7) x13 0xa27b9000
core   0: 0x800005b4 (0x22568693) addi    a3, a3, 549
core   0: 3 0x800005b4 (0x22568693) x13 0xa27b9225
core   0: 0x800005b8 (0x464f78b7) lui     a7, 0x464f7
core   0: 3 0x800005b8 (0x464f78b7) x17 0x464f7000
core   0: 0x800005bc (0xbd988893) addi    a7, a7, -1063
core   0: 3 0x800005bc (0xbd988893) x17 0x464f6bd9
core   0: 0x800005c0 (0xfff00593) li      a1, -1
core   0: 3 0x800005c0 (0xfff00593) x11 0xffffffff
core   0: 0x800005c4 (0x30ce2eb7) lui     t4, 0x30ce2
core   0: 3 0x800005c4 (0x30ce2eb7) x29 0x30ce2000
core   0: 0x800005c8 (0xc26e8e93) addi    t4, t4, -986
core   0: 3 0x800005c8 (0xc26e8e93) x29 0x30ce1c26
core   0: 0x800005cc (0x00000293) li      t0, 0
core   0: 3 0x800005cc (0x00000293) x 5 0x00000000
core   0: 0x800005d0 (0x34dcc2b7) lui     t0, 0x34dcc
core   0: 3 0x800005d0 (0x34dcc2b7) x 5 0x34dcc000
core   0: 0x800005d4 (0x87c68093) addi    ra, a3, -1924
core   0: 3 0x800005d4 (0x87c68093) x 1 0xa27b8aa1
core   0: 0x800005d8 (0x00000013) nop
core   0: 3 0x800005d8 (0x00000013)
core   0: 0x800005dc (0x127b8813) addi    a6, s7, 295
core   0: 3 0x800005dc (0x127b8813) x16 0x00000127
core   0: 0x800005e0 (0x00000013) nop
core   0: 3 0x800005e0 (0x00000013)
core   0: 0x800005e4 (0x00000013) nop
core   0: 3 0x800005e4 (0x00000013)
core   0: 0x800005e8 (0x01da02b3) add     t0, s4, t4
core   0: 3 0x800005e8 (0x01da02b3) x 5 0x30ce1c25
core   0: 0x800005ec (0x6ac68293) addi    t0, a3, 1708
core   0: 3 0x800005ec (0x6ac68293) x 5 0xa27b98d1
core   0: 0x800005f0 (0x010585b3) add     a1, a1, a6
core   0: 3 0x800005f0 (0x010585b3) x11 0x00000126
core   0: 0x800005f4 (0x00000013) nop
core   0: 3 0x800005f4 (0x00000013)
core   0: 0x800005f8 (0x2968d597) auipc   a1, 0x2968d
core   0: 3 0x800005f8 (0x2968d597) x11 0xa968d5f8
core   0: 0x800005fc (0xe48678b7) lui     a7, 0xe4867
core   0: 3 0x800005fc (0xe48678b7) x17 0xe4867000
core   0: 0x80000600 (0x44880a13) addi    s4, a6, 1096
core   0: 3 0x80000600 (0x44880a13) x20 0x0000056f
core   0: 0x80000604 (0x001580b3) add     ra, a1, ra
core   0: 3 0x80000604 (0x001580b3) x 1 0x4be46099
core   0: 0x80000608 (0xbbb70a17) auipc   s4, 0xbbb70
core   0: 3 0x80000608 (0xbbb70a17) x20 0x3bb70608
core   0: 0x8000060c (0x5cf8b6b7) lui     a3, 0x5cf8b
core   0: 3 0x8000060c (0x5cf8b6b7) x13 0x5cf8b000
core   0: 0x80000610 (0x401b89b3) sub     s3, s7, ra
core   0: 3 0x80000610 (0x401b89b3) x19 0xb41b9f67
core   0: 0x80000614 (0x01408a33) add     s4, ra, s4
core   0: 3 0x80000614 (0x01408a33) x20 0x879b66a1
core   0: 0x80000618 (0x6b5e8593) addi    a1, t4, 1717
core   0: 3 0x80000618 (0x6b5e8593) x11 0x30ce22db
core   0: 0x8000061c (0x073b8813) addi    a6, s7, 115
core   0: 3 0x8000061c (0x073b8813) x16 0x00000073
core   0: 0x80000620 (0x013685b3) add     a1, a3, s3
core   0: 3 0x80000620 (0x013685b3) x11 0x11144f67
core   0: 0x80000624 (0x00000013) nop
core   0: 3 0x80000624 (0x00000013)
core   0: 0x80000628 (0x80000e37) lui     t3, 0x80000
core   0: 3 0x80000628 (0x80000e37) x28 0x80000000
core   0: 0x8000062c (0x00000113) li      sp, 0
core   0: 3 0x8000062c (0x00000113) x 2 0x00000000
core   0: 0x80000630 (0x8f150937) lui     s2, 0x8f150
core   0: 3 0x80000630 (0x8f150937) x18 0x8f150000
core   0: 0x80000634 (0xed190913) addi    s2, s2, -303
core   0: 3 0x80000634 (0xed190913) x18 0x8f14fed1
core   0: 0x80000638 (0x65a0e337) lui     t1, 0x65a0e
core   0: 3 0x80000638 (0x65a0e337) x 6 0x65a0e000
core   0: 0x8000063c (0xb2330313) addi    t1, t1, -1245
core   0: 3 0x8000063c (0xb2330313) x 6 0x65a0db23
core   0: 0x80000640 (0x80000cb7) lui     s9, 0x80000
core   0: 3 0x80000640 (0x80000cb7) x25 0x80000000
core   0: 0x80000644 (0x00000a93) li      s5, 0
core   0: 3 0x80000644 (0x00000a93) x21 0x00000000
core   0: 0x80000648 (0x00000893) li      a7, 0
core   0: 3 0x80000648 (0x00000893) x17 0x00000000
core   0: 0x8000064c (0xfff00093) li      ra, -1
core   0: 3 0x8000064c (0xfff00093) x 1 0xffffffff
core   0: 0x80000650 (0xfff00b93) li      s7, -1
core   0: 3 0x80000650 (0xfff00b93) x23 0xffffffff
core   0: 0x80000654 (0x80000db7) lui     s11, 0x80000
core   0: 3 0x80000654 (0x80000db7) x27 0x80000000
core   0: 0x80000658 (0x406c8333) sub     t1, s9, t1
core   0: 3 0x80000658 (0x406c8333) x 6 0x1a5f24dd
core   0: 0x8000065c (0x41cb8cb3) sub     s9, s7, t3
core   0: 3 0x8000065c (0x41cb8cb3) x25 0x7fffffff
core   0: 0x80000660 (0xe889ee17) auipc   t3, 0xe889e
core   0: 3 0x80000660 (0xe889ee17) x28 0x6889e660
core   0: 0x80000664 (0x419a8333) sub     t1, s5, s9
core   0: 3 0x80000664 (0x419a8333) x 6 0x80000001
core   0: 0x80000668 (0x09b08093) addi    ra, ra, 155
core   0: 3 0x80000668 (0x09b08093) x 1 0x0000009a
core   0: 0x8000066c (0x00000013) nop
core   0: 3 0x8000066c (0x00000013)
core   0: 0x80000670 (0x402d8cb3) sub     s9, s11, sp
core   0: 3 0x80000670 (0x402d8cb3) x25 0x80000000
core   0: 0x80000674 (0x39cdc317) auipc   t1, 0x39cdc
core   0: 3 0x80000674 (0x39cdc317) x 6 0xb9cdc674
core   0: 0x80000678 (0x01230133) add     sp, t1, s2
core   0: 3 0x80000678 (0x01230133) x 2 0x48e2c545
core   0: 0x8000067c (0xbfbca097) auipc   ra, 0xbfbca
core   0: 3 0x8000067c (0xbfbca097) x 1 0x3fbca67c
core   0: 0x80000680 (0x019e0ab3) add     s5, t3, s9
core   0: 3 0x80000680 (0x019e0ab3) x21 0xe889e660
core   0: 0x80000684 (0xfbabde17) auipc   t3, 0xfbabd
core   0: 3 0x80000684 (0xfbabde17) x28 0x7babd684
core   0: 0x80000688 (0x41c90133) sub     sp, s2, t3
core   0: 3 0x80000688 (0x41c90133) x 2 0x1369284d
core   0: 0x8000068c (0x411a8333) sub     t1, s5, a7
core   0: 3 0x8000068c (0x411a8333) x 6 0xe889e660
core   0: 0x80000690 (0x00000013) nop
core   0: 3 0x80000690 (0x00000013)
core   0: 0x80000694 (0x22142d97) auipc   s11, 0x22142
core   0: 3 0x80000694 (0x22142d97) x27 0xa2142694
core   0: 0x80000698 (0x69088313) addi    t1, a7, 1680
core   0: 3 0x80000698 (0x69088313) x 6 0x00000690
core   0: 0x8000069c (0xbafa9d97) auipc   s11, 0xbafa9
core   0: 3 0x8000069c (0xbafa9d97) x27 0x3afa969c
core   0: 0x800006a0 (0x412e08b3) sub     a7, t3, s2
core   0: 3 0x800006a0 (0x412e08b3) x17 0xec96d7b3
core   0: 0x800006a4 (0x019e0db3) add     s11, t3, s9
core   0: 3 0x800006a4 (0x019e0db3) x27 0xfbabd684
core   0: 0x800006a8 (0x1c731317) auipc   t1, 0x1c731
core   0: 3 0x800006a8 (0x1c731317) x 6 0x9c7316a8
core   0: 0x800006ac (0x46c6c317) auipc   t1, 0x46c6c
core   0: 3 0x800006ac (0x46c6c317) x 6 0xc6c6c6ac
core   0: 0x800006b0 (0x412a8bb3) sub     s7, s5, s2
core   0: 3 0x800006b0 (0x412a8bb3) x23 0x5974e78f
core   0: 0x800006b4 (0x41cb8db3) sub     s11, s7, t3
core   0: 3 0x800006b4 (0x41cb8db3) x27 0xddc9110b
core   0: 0x800006b8 (0xfff00093) li      ra, -1
core   0: 3 0x800006b8 (0xfff00093) x 1 0xffffffff
core   0: 0x800006bc (0x689d4237) lui     tp, 0x689d4
core   0: 3 0x800006bc (0x689d4237) x 4 0x689d4000
core   0: 0x800006c0 (0x39520213) addi    tp, tp, 917
core   0: 3 0x800006c0 (0x39520213) x 4 0x689d4395
core   0: 0x800006c4 (0xfff00a13) li      s4, -1
core   0: 3 0x800006c4 (0xfff00a13) x20 0xffffffff
core   0: 0x800006c8 (0xc95e8bb7) lui     s7, 0xc95e8
core   0: 3 0x800006c8 (0xc95e8bb7) x23 0xc95e8000
core   0: 0x800006cc (0xa53b8b93) addi    s7, s7, -1453
core   0: 3 0x800006cc (0xa53b8b93) x23 0xc95e7a53
core   0: 0x800006d0 (0x800005b7) lui     a1, 0x80000
core   0: 3 0x800006d0 (0x800005b7) x11 0x80000000
core   0: 0x800006d4 (0x00000193) li      gp, 0
core   0: 3 0x800006d4 (0x00000193) x 3 0x00000000
core   0: 0x800006d8 (0x044aa537) lui     a0, 0x44aa
core   0: 3 0x800006d8 (0x044aa537) x10 0x044aa000
core   0: 0x800006dc (0x4b450513) addi    a0, a0, 1204
core   0: 3 0x800006dc (0x4b450513) x10 0x044aa4b4
core   0: 0x800006e0 (0xfff00d13) li      s10, -1
core   0: 3 0x800006e0 (0xfff00d13) x26 0xffffffff
core   0: 0x800006e4 (0x00000413) li      s0, 0
core   0: 3 0x800006e4 (0x00000413) x 8 0x00000000
core   0: 0x800006e8 (0x80000b37) lui     s6, 0x80000
core   0: 3 0x800006e8 (0x80000b37) x22 0x80000000
core   0: 0x800006ec (0x84be2bb7) lui     s7, 0x84be2
core   0: 3 0x800006ec (0x84be2bb7) x23 0x84be2000
core   0: 0x800006f0 (0x00000013) nop
core   0: 3 0x800006f0 (0x00000013)
core   0: 0x800006f4 (0x68ab0b93) addi    s7, s6, 1674
core   0: 3 0x800006f4 (0x68ab0b93) x23 0x8000068a
core   0: 0x800006f8 (0xcea10097) auipc   ra, 0xcea10
core   0: 3 0x800006f8 (0xcea10097) x 1 0x4ea106f8
core   0: 0x800006fc (0x997b0b93) addi    s7, s6, -1641
core   0: 3 0x800006fc (0x997b0b93) x23 0x7ffff997
core   0: 0x80000700 (0x017b81b3) add     gp, s7, s7
core   0: 3 0x80000700 (0x017b81b3) x 3 0xfffff32e
core   0: 0x80000704 (0x00000013) nop
core   0: 3 0x80000704 (0x00000013)
core   0: 0x80000708 (0x8911e097) auipc   ra, 0x8911e
core   0: 3 0x80000708 (0x8911e097) x 1 0x0911e708
core   0: 0x8000070c (0x00000013) nop
core   0: 3 0x8000070c (0x00000013)
core   0: 0x80000710 (0x32e5fbb7) lui     s7, 0x32e5f
core   0: 3 0x80000710 (0x32e5fbb7) x23 0x32e5f000
core   0: 0x80000714 (0x404b0a33) sub     s4, s6, tp
core   0: 3 0x80000714 (0x404b0a33) x20 0x1762bc6b
core   0: 0x80000718 (0x0130cd37) lui     s10, 0x130c
core   0: 3 0x80000718 (0x0130cd37) x26 0x0130c000
core   0: 0x8000071c (0x00000013) nop
core   0: 3 0x8000071c (0x00000013)
core   0: 0x80000720 (0xb276ed17) auipc   s10, 0xb276e
core   0: 3 0x80000720 (0xb276ed17) x26 0x3276e720
core   0: 0x80000724 (0x41758b33) sub     s6, a1, s7
core   0: 3 0x80000724 (0x41758b33) x22 0x4d1a1000
core   0: 0x80000728 (0x47779537) lui     a0, 0x47779
core   0: 3 0x80000728 (0x47779537) x10 0x47779000
core   0: 0x8000072c (0x00000013) nop
core   0: 3 0x8000072c (0x00000013)
core   0: 0x80000730 (0x001b0533) add     a0, s6, ra
core   0: 3 0x80000730 (0x001b0533) x10 0x562bf708
core   0: 0x80000734 (0x329bdd17) auipc   s10, 0x329bd
core   0: 3 0x80000734 (0x329bdd17) x26 0xb29bd734
core   0: 0x80000738 (0x017a00b3) add     ra, s4, s7
core   0: 3 0x80000738 (0x017a00b3) x 1 0x4a48ac6b
core   0: 0x8000073c (0x00000013) nop
core   0: 3 0x8000073c (0x00000013)
core   0: 0x80000740 (0x800000b7) lui     ra, 0x80000
core   0: 3 0x80000740 (0x800000b7) x 1 0x80000000
core   0: 0x80000744 (0xfff00893) li      a7, -1
core   0: 3 0x80000744 (0xfff00893) x17 0xffffffff
core   0: 0x80000748 (0x00000d13) li      s10, 0
core   0: 3 0x80000748 (0x00000d13) x26 0x00000000
core   0: 0x8000074c (0xfff00d93) li      s11, -1
core   0: 3 0x8000074c (0xfff00d93) x27 0xffffffff
core   0: 0x80000750 (0x800001b7) lui     gp, 0x80000
core   0: 3 0x80000750 (0x800001b7) x 3 0x80000000
core   0: 0x80000754 (0xeba17537) lui     a0, 0xeba17
core   0: 3 0x80000754 (0xeba17537) x10 0xeba17000
core   0: 0x80000758 (0xe7950513) addi    a0, a0, -391
core   0: 3 0x80000758 (0xe7950513) x10 0xeba16e79
core   0: 0x8000075c (0xfff00813) li      a6, -1
core   0: 3 0x8000075c (0xfff00813) x16 0xffffffff
core   0: 0x80000760 (0xfff00e13) li      t3, -1
core   0: 3 0x80000760 (0xfff00e13) x28 0xffffffff
core   0: 0x80000764 (0x4bfc6237) lui     tp, 0x4bfc6
core   0: 3 0x80000764 (0x4bfc6237) x 4 0x4bfc6000
core   0: 0x80000768 (0xff820213) addi    tp, tp, -8
core   0: 3 0x80000768 (0xff820213) x 4 0x4bfc5ff8
core   0: 0x8000076c (0x1d349f37) lui     t5, 0x1d349
core   0: 3 0x8000076c (0x1d349f37) x30 0x1d349000
core   0: 0x80000770 (0xe83f0f13) addi    t5, t5, -381
core   0: 3 0x80000770 (0xe83f0f13) x30 0x1d348e83
core   0: 0x80000774 (0x00000013) nop
core   0: 3 0x80000774 (0x00000013)
core   0: 0x80000778 (0x39b8bf37) lui     t5, 0x39b8b
core   0: 3 0x80000778 (0x39b8bf37) x30 0x39b8b000
core   0: 0x8000077c (0x17f59197) auipc   gp, 0x17f59
core   0: 3 0x8000077c (0x17f59197) x 3 0x97f5977c
core   0: 0x80000780 (0x00000013) nop
core   0: 3 0x80000780 (0x00000013)
core   0: 0x80000784 (0x003d8d33) add     s10, s11, gp
core   0: 3 0x80000784 (0x003d8d33) x26 0x97f5977b
core   0: 0x80000788 (0x410881b3) sub     gp, a7, a6
core   0: 3 0x80000788 (0x410881b3) x 3 0x00000000
core   0: 0x8000078c (0x6ad290b7) lui     ra, 0x6ad29
core   0: 3 0x8000078c (0x6ad290b7) x 1 0x6ad29000
core   0: 0x80000790 (0xcced68b7) lui     a7, 0xcced6
core   0: 3 0x80000790 (0xcced68b7) x17 0xcced6000
core   0: 0x80000794 (0x74acbf17) auipc   t5, 0x74acb
core   0: 3 0x80000794 (0x74acbf17) x30 0xf4acb794
core   0: 0x80000798 (0x41bf0533) sub     a0, t5, s11
core   0: 3 0x80000798 (0x41bf0533) x10 0xf4acb795
core   0: 0x8000079c (0x004f0db3) add     s11, t5, tp
core   0: 3 0x8000079c (0x004f0db3) x27 0x40a9178c
core   0: 0x800007a0 (0x2a680813) addi    a6, a6, 678
core   0: 3 0x800007a0 (0x2a680813) x16 0x000002a5
core   0: 0x800007a4 (0x01ed8f33) add     t5, s11, t5
core   0: 3 0x800007a4 (0x01ed8f33) x30 0x3555cf20
core   0: 0x800007a8 (0xd012d837) lui     a6, 0xd012d
core   0: 3 0x800007a8 (0xd012d837) x16 0xd012d000
core   0: 0x800007ac (0x87962197) auipc   gp, 0x87962
core   0: 3 0x800007ac (0x87962197) x 3 0x079627ac
core   0: 0x800007b0 (0x01a18db3) add     s11, gp, s10
core   0: 3 0x800007b0 (0x01a18db3) x27 0x9f8bbf27
core   0: 0x800007b4 (0x471dbd37) lui     s10, 0x471db
core   0: 3 0x800007b4 (0x471dbd37) x26 0x471db000
core   0: 0x800007b8 (0x2562ce17) auipc   t3, 0x2562c
core   0: 3 0x800007b8 (0x2562ce17) x28 0xa562c7b8
core   0: 0x800007bc (0x024c0d17) auipc   s10, 0x24c0
core   0: 3 0x800007bc (0x024c0d17) x26 0x824c07bc
core   0: 0x800007c0 (0x786b2db7) lui     s11, 0x786b2
core   0: 3 0x800007c0 (0x786b2db7) x27 0x786b2000
core   0: 0x800007c4 (0xe2df0213) addi    tp, t5, -467
core   0: 3 0x800007c4 (0xe2df0213) x 4 0x3555cd4d
core   0: 0x800007c8 (0x32826217) auipc   tp, 0x32826
core   0: 3 0x800007c8 (0x32826217) x 4 0xb28267c8
core   0: 0x800007cc (0x32578097) auipc   ra, 0x32578
core   0: 3 0x800007cc (0x32578097) x 1 0xb25787cc
core   0: 0x800007d0 (0x80000337) lui     t1, 0x80000
core   0: 3 0x800007d0 (0x80000337) x 6 0x80000000
core   0: 0x800007d4 (0x00000a13) li      s4, 0
core   0: 3 0x800007d4 (0x00000a13) x20 0x00000000
core   0: 0x800007d8 (0x00000713) li      a4, 0
core   0: 3 0x800007d8 (0x00000713) x14 0x00000000
core   0: 0x800007dc (0x34494cb7) lui     s9, 0x34494
core   0: 3 0x800007dc (0x34494cb7) x25 0x34494000
core   0: 0x800007e0 (0x88cc8c93) addi    s9, s9, -1908
core   0: 3 0x800007e0 (0x88cc8c93) x25 0x3449388c
core   0: 0x800007e4 (0x800004b7) lui     s1, 0x80000
core   0: 3 0x800007e4 (0x800004b7) x 9 0x80000000
core   0: 0x800007e8 (0xd87a7437) lui     s0, 0xd87a7
core   0: 3 0x800007e8 (0xd87a7437) x 8 0xd87a7000
core   0: 0x800007ec (0x07540413) addi    s0, s0, 117
core   0: 3 0x800007ec (0x07540413) x 8 0xd87a7075
core   0: 0x800007f0 (0x800002b7) lui     t0, 0x80000
core   0: 3 0x800007f0 (0x800002b7) x 5 0x80000000
core   0: 0x800007f4 (0xfff00893) li      a7, -1
core   0: 3 0x800007f4 (0xfff00893) x17 0xffffffff
core   0: 0x800007f8 (0x00000593) li      a1, 0
core   0: 3 0x800007f8 (0x00000593) x11 0x00000000
core   0: 0x800007fc (0x00000b13) li      s6, 0
core   0: 3 0x800007fc (0x00000b13) x22 0x00000000
core   0: 0x80000800 (0xc2645b17) auipc   s6, 0xc2645
core   0: 3 0x80000800 (0xc2645b17) x22 0x42645800
core   0: 0x80000804 (0x00000013) nop
core   0: 3 0x80000804 (0x00000013)
core   0: 0x80000808 (0xde19b297) auipc   t0, 0xde19b
core   0: 3 0x80000808 (0xde19b297) x 5 0x5e19b808
core   0: 0x8000080c (0xf918d5b7) lui     a1, 0xf918d
core   0: 3 0x8000080c (0xf918d5b7) x11 0xf918d000
core   0: 0x80000810 (0xba858313) addi    t1, a1, -1112
core   0: 3 0x80000810 (0xba858313) x 6 0xf918cba8
core   0: 0x80000814 (0x13d362b7) lui     t0, 0x13d36
core   0: 3 0x80000814 (0x13d362b7) x 5 0x13d36000
core   0: 0x80000818 (0x405288b3) sub     a7, t0, t0
core   0: 3 0x80000818 (0x405288b3) x17 0x00000000
core   0: 0x8000081c (0xd1f695b7) lui     a1, 0xd1f69
core   0: 3 0x8000081c (0xd1f695b7) x11 0xd1f69000
core   0: 0x80000820 (0x00988433) add     s0, a7, s1
core   0: 3 0x80000820 (0x00988433) x 8 0x80000000
core   0: 0x80000824 (0x5235ec97) auipc   s9, 0x5235e
core   0: 3 0x80000824 (0x5235ec97) x25 0xd235e824
core   0: 0x80000828 (0x00000013) nop
core   0: 3 0x80000828 (0x00000013)
core   0: 0x8000082c (0x40540a33) sub     s4, s0, t0
core   0: 3 0x8000082c (0x40540a33) x20 0x6c2ca000
core   0: 0x80000830 (0x1e340893) addi    a7, s0, 483
core   0: 3 0x80000830 (0x1e340893) x17 0x800001e3
core   0: 0x80000834 (0x00000013) nop
core   0: 3 0x80000834 (0x00000013)
core   0: 0x80000838 (0xdc033437) lui     s0, 0xdc033
core   0: 3 0x80000838 (0xdc033437) x 8 0xdc033000
core   0: 0x8000083c (0x6f640593) addi    a1, s0, 1782
core   0: 3 0x8000083c (0x6f640593) x11 0xdc0336f6
core   0: 0x80000840 (0x411c8a33) sub     s4, s9, a7
core   0: 3 0x80000840 (0x411c8a33) x20 0x5235e641
core   0: 0x80000844 (0x00000013) nop
core   0: 3 0x80000844 (0x00000013)
core   0: 0x80000848 (0x424c8893) addi    a7, s9, 1060
core   0: 3 0x80000848 (0x424c8893) x17 0xd235ec48
core   0: 0x8000084c (0x00000013) nop
core   0: 3 0x8000084c (0x00000013)
core   0: 0x80000850 (0xc8f32c97) auipc   s9, 0xc8f32
core   0: 3 0x80000850 (0xc8f32c97) x25 0x48f32850
core   0: 0x80000854 (0x01428433) add     s0, t0, s4
core   0: 3 0x80000854 (0x01428433) x 8 0x66094641
core   0: 0x80000858 (0x4db28b13) addi    s6, t0, 1243
core   0: 3 0x80000858 (0x4db28b13) x22 0x13d364db
core   0: 0x8000085c (0x1edb9e37) lui     t3, 0x1edb9
core   0: 3 0x8000085c (0x1edb9e37) x28 0x1edb9000
core   0: 0x80000860 (0x00ee0e13) addi    t3, t3, 14
core   0: 3 0x80000860 (0x00ee0e13) x28 0x1edb900e
core   0: 0x80000864 (0xfff00093) li      ra, -1
core   0: 3 0x80000864 (0xfff00093) x 1 0xffffffff
core   0: 0x80000868 (0x00000913) li      s2, 0
core   0: 3 0x80000868 (0x00000913) x18 0x00000000
core   0: 0x8000086c (0x00000713) li      a4, 0
core   0: 3 0x8000086c (0x00000713) x14 0x00000000
core   0: 0x80000870 (0xfff00f93) li      t6, -1
core   0: 3 0x80000870 (0xfff00f93) x31 0xffffffff
core   0: 0x80000874 (0x80000537) lui     a0, 0x80000
core   0: 3 0x80000874 (0x80000537) x10 0x80000000
core   0: 0x80000878 (0xfff00b93) li      s7, -1
core   0: 3 0x80000878 (0xfff00b93) x23 0xffffffff
core   0: 0x8000087c (0x3f3a84b7) lui     s1, 0x3f3a8
core   0: 3 0x8000087c (0x3f3a84b7) x 9 0x3f3a8000
core   0: 0x80000880 (0x92f48493) addi    s1, s1, -1745
core   0: 3 0x80000880 (0x92f48493) x 9 0x3f3a792f
core   0: 0x80000884 (0x00000213) li      tp, 0
core   0: 3 0x80000884 (0x00000213) x 4 0x00000000
core   0: 0x80000888 (0x36afcdb7) lui     s11, 0x36afc
core   0: 3 0x80000888 (0x36afcdb7) x27 0x36afc000
core   0: 0x8000088c (0x7e5d8d93) addi    s11, s11, 2021
core   0: 3 0x8000088c (0x7e5d8d93) x27 0x36afc7e5
core   0: 0x80000890 (0xa7b50f93) addi    t6, a0, -1413
core   0: 3 0x80000890 (0xa7b50f93) x31 0x7ffffa7b
core   0: 0x80000894 (0xc3e3b937) lui     s2, 0xc3e3b
core   0: 3 0x80000894 (0xc3e3b937) x18 0xc3e3b000
core   0: 0x80000898 (0x00ee0233) add     tp, t3, a4
core   0: 3 0x80000898 (0x00ee0233) x 4 0x1edb900e
core   0: 0x8000089c (0x401200b3) sub     ra, tp, ra
core   0: 3 0x8000089c (0x401200b3) x 1 0x1edb900f
core   0: 0x800008a0 (0x42d20913) addi    s2, tp, 1069
core   0: 3 0x800008a0 (0x42d20913) x18 0x1edb943b
core   0: 0x800008a4 (0x41c900b3) sub     ra, s2, t3
core   0: 3 0x800008a4 (0x41c900b3) x 1 0x0000042d
core   0: 0x800008a8 (0xb914d937) lui     s2, 0xb914d
core   0: 3 0x800008a8 (0xb914d937) x18 0xb914d000
core   0: 0x800008ac (0x00000013) nop
core   0: 3 0x800008ac (0x00000013)
core   0: 0x800008b0 (0xc24d6bb7) lui     s7, 0xc24d6
core   0: 3 0x800008b0 (0xc24d6bb7) x23 0xc24d6000
core   0: 0x800008b4 (0xf174e217) auipc   tp, 0xf174e
core   0: 3 0x800008b4 (0xf174e217) x 4 0x7174e8b4
core   0: 0x800008b8 (0xc3b2df97) auipc   t6, 0xc3b2d
core   0: 3 0x800008b8 (0xc3b2df97) x31 0x43b2d8b8
core   0: 0x800008bc (0x00120533) add     a0, tp, ra
core   0: 3 0x800008bc (0x00120533) x10 0x7174ece1
core   0: 0x800008c0 (0x00000013) nop
core   0: 3 0x800008c0 (0x00000013)
core   0: 0x800008c4 (0x00000013) nop
core   0: 3 0x800008c4 (0x00000013)
core   0: 0x800008c8 (0xecb0e237) lui     tp, 0xecb0e
core   0: 3 0x800008c8 (0xecb0e237) x 4 0xecb0e000
core   0: 0x800008cc (0x00000e93) li      t4, 0
core   0: 3 0x800008cc (0x00000e93) x29 0x00000000
core   0: 0x800008d0 (0x00000113) li      sp, 0
core   0: 3 0x800008d0 (0x00000113) x 2 0x00000000
core   0: 0x800008d4 (0x80000237) lui     tp, 0x80000
core   0: 3 0x800008d4 (0x80000237) x 4 0x80000000
core   0: 0x800008d8 (0xfff00313) li      t1, -1
core   0: 3 0x800008d8 (0xfff00313) x 6 0xffffffff
core   0: 0x800008dc (0x800005b7) lui     a1, 0x80000
core   0: 3 0x800008dc (0x800005b7) x11 0x80000000
core   0: 0x800008e0 (0x00000a93) li      s5, 0
core   0: 3 0x800008e0 (0x00000a93) x21 0x00000000
core   0: 0x800008e4 (0xfff00f13) li      t5, -1
core   0: 3 0x800008e4 (0xfff00f13) x30 0xffffffff
core   0: 0x800008e8 (0x00000413) li      s0, 0
core   0: 3 0x800008e8 (0x00000413) x 8 0x00000000
core   0: 0x800008ec (0x80000e37) lui     t3, 0x80000
core   0: 3 0x800008ec (0x80000e37) x28 0x80000000
core   0: 0x800008f0 (0xfff00693) li      a3, -1
core   0: 3 0x800008f0 (0xfff00693) x13 0xffffffff
core   0: 0x800008f4 (0x402a8ab3) sub     s5, s5, sp
core   0: 3 0x800008f4 (0x402a8ab3) x21 0x00000000
core   0: 0x800008f8 (0xce49c117) auipc   sp, 0xce49c
core   0: 3 0x800008f8 (0xce49c117) x 2 0x4e49c8f8
core   0: 0x800008fc (0x002f0133) add     sp, t5, sp
core   0: 3 0x800008fc (0x002f0133) x 2 0x4e49c8f7
core   0: 0x80000900 (0xb094d6b7) lui     a3, 0xb094d
core   0: 3 0x80000900 (0xb094d6b7) x13 0xb094d000
core   0: 0x80000904 (0x1218e137) lui     sp, 0x1218e
core   0: 3 0x80000904 (0x1218e137) x 2 0x1218e000
core   0: 0x80000908 (0x00d10333) add     t1, sp, a3
core   0: 3 0x80000908 (0x00d10333) x 6 0xc2adb000
core   0: 0x8000090c (0x90440e13) addi    t3, s0, -1788
core   0: 3 0x8000090c (0x90440e13) x28 0xfffff904
core   0: 0x80000910 (0x6527a117) auipc   sp, 0x6527a
core   0: 3 0x80000910 (0x6527a117) x 2 0xe527a910
core   0: 0x80000914 (0x00000013) nop
core   0: 3 0x80000914 (0x00000013)
core   0: 0x80000918 (0x5d972117) auipc   sp, 0x5d972
core   0: 3 0x80000918 (0x5d972117) x 2 0xdd972918
core   0: 0x8000091c (0x00000013) nop
core   0: 3 0x8000091c (0x00000013)
core   0: 0x80000920 (0x6a4c6eb7) lui     t4, 0x6a4c6
core   0: 3 0x80000920 (0x6a4c6eb7) x29 0x6a4c6000
core   0: 0x80000924 (0xf76a8113) addi    sp, s5, -138
core   0: 3 0x80000924 (0xf76a8113) x 2 0xffffff76
core   0: 0x80000928 (0x86268213) addi    tp, a3, -1950
core   0: 3 0x80000928 (0x86268213) x 4 0xb094c862
core   0: 0x8000092c (0x57627437) lui     s0, 0x57627
core   0: 3 0x8000092c (0x57627437) x 8 0x57627000
core   0: 0x80000930 (0x9b207137) lui     sp, 0x9b207
core   0: 3 0x80000930 (0x9b207137) x 2 0x9b207000
core   0: 0x80000934 (0x90ad3e37) lui     t3, 0x90ad3
core   0: 3 0x80000934 (0x90ad3e37) x28 0x90ad3000
core   0: 0x80000938 (0x00000013) nop
core   0: 3 0x80000938 (0x00000013)
core   0: 0x8000093c (0x00000013) nop
core   0: 3 0x8000093c (0x00000013)
core   0: 0x80000940 (0x13b40e13) addi    t3, s0, 315
core   0: 3 0x80000940 (0x13b40e13) x28 0x5762713b
core   0: 0x80000944 (0x7b1db237) lui     tp, 0x7b1db
core   0: 3 0x80000944 (0x7b1db237) x 4 0x7b1db000
core   0: 0x80000948 (0x015a8693) addi    a3, s5, 21
core   0: 3 0x80000948 (0x015a8693) x13 0x00000015
core   0: 0x8000094c (0x75af6137) lui     sp, 0x75af6
core   0: 3 0x8000094c (0x75af6137) x 2 0x75af6000
core   0: 0x80000950 (0x32110113) addi    sp, sp, 801
core   0: 3 0x80000950 (0x32110113) x 2 0x75af6321
core   0: 0x80000954 (0x6847ebb7) lui     s7, 0x6847e
core   0: 3 0x80000954 (0x6847ebb7) x23 0x6847e000
core   0: 0x80000958 (0x0beb8b93) addi    s7, s7, 190
core   0: 3 0x80000958 (0x0beb8b93) x23 0x6847e0be
core   0: 0x8000095c (0x80000fb7) lui     t6, 0x80000
core   0: 3 0x8000095c (0x80000fb7) x31 0x80000000
core   0: 0x80000960 (0x140e0737) lui     a4, 0x140e0
core   0: 3 0x80000960 (0x140e0737) x14 0x140e0000
core   0: 0x80000964 (0xd3470713) addi    a4, a4, -716
core   0: 3 0x80000964 (0xd3470713) x14 0x140dfd34
core   0: 0x80000968 (0xe728eb37) lui     s6, 0xe728e
core   0: 3 0x80000968 (0xe728eb37) x22 0xe728e000
core   0: 0x8000096c (0xd09b0b13) addi    s6, s6, -759
core   0: 3 0x8000096c (0xd09b0b13) x22 0xe728dd09
core   0: 0x80000970 (0x00000a93) li      s5, 0
core   0: 3 0x80000970 (0x00000a93) x21 0x00000000
core   0: 0x80000974 (0x4a3620b7) lui     ra, 0x4a362
core   0: 3 0x80000974 (0x4a3620b7) x 1 0x4a362000
core   0: 0x80000978 (0x80408093) addi    ra, ra, -2044
core   0: 3 0x80000978 (0x80408093) x 1 0x4a361804
core   0: 0x8000097c (0x00000c13) li      s8, 0
core   0: 3 0x8000097c (0x00000c13) x24 0x00000000
core   0: 0x80000980 (0xfff00c93) li      s9, -1
core   0: 3 0x80000980 (0xfff00c93) x25 0xffffffff
core   0: 0x80000984 (0x800005b7) lui     a1, 0x80000
core   0: 3 0x80000984 (0x800005b7) x11 0x80000000
core   0: 0x80000988 (0xc5e70b93) addi    s7, a4, -930
core   0: 3 0x80000988 (0xc5e70b93) x23 0x140df992
core   0: 0x8000098c (0x5becca97) auipc   s5, 0x5becc
core   0: 3 0x8000098c (0x5becca97) x21 0xdbecc98c
core   0: 0x80000990 (0x00170b33) add     s6, a4, ra
core   0: 3 0x80000990 (0x00170b33) x22 0x5e441538
core   0: 0x80000994 (0x418b0733) sub     a4, s6, s8
core   0: 3 0x80000994 (0x418b0733) x14 0x5e441538
core   0: 0x80000998 (0x01708733) add     a4, ra, s7
core   0: 3 0x80000998 (0x01708733) x14 0x5e441196
core   0: 0x8000099c (0x00000013) nop
core   0: 3 0x8000099c (0x00000013)
core   0: 0x800009a0 (0x00000013) nop
core   0: 3 0x800009a0 (0x00000013)
core   0: 0x800009a4 (0x5b0ff097) auipc   ra, 0x5b0ff
core   0: 3 0x800009a4 (0x5b0ff097) x 1 0xdb0ff9a4
core   0: 0x800009a8 (0x8ab70f93) addi    t6, a4, -1877
core   0: 3 0x800009a8 (0x8ab70f93) x31 0x5e440a41
core   0: 0x800009ac (0x3bf08c93) addi    s9, ra, 959
core   0: 3 0x800009ac (0x3bf08c93) x25 0xdb0ffd63
core   0: 0x800009b0 (0x3cfc0093) addi    ra, s8, 975
core   0: 3 0x800009b0 (0x3cfc0093) x 1 0x000003cf
core   0: 0x800009b4 (0x401c00b3) sub     ra, s8, ra
core   0: 3 0x800009b4 (0x401c00b3) x 1 0xfffffc31
core   0: 0x800009b8 (0x95fb5a97) auipc   s5, 0x95fb5
core   0: 3 0x800009b8 (0x95fb5a97) x21 0x15fb59b8
core   0: 0x800009bc (0x433c0113) addi    sp, s8, 1075
core   0: 3 0x800009bc (0x433c0113) x 2 0x00000433
core   0: 0x800009c0 (0x00000013) nop
core   0: 3 0x800009c0 (0x00000013)
core   0: 0x800009c4 (0x00e08c33) add     s8, ra, a4
core   0: 3 0x800009c4 (0x00e08c33) x24 0x5e440dc7
core   0: 0x800009c8 (0x00bf8ab3) add     s5, t6, a1
core   0: 3 0x800009c8 (0x00bf8ab3) x21 0xde440a41
core   0: 0x800009cc (0x71aa8c37) lui     s8, 0x71aa8
core   0: 3 0x800009cc (0x71aa8c37) x24 0x71aa8000
core   0: 0x800009d0 (0x00000013) nop
core   0: 3 0x800009d0 (0x00000013)
core   0: 0x800009d4 (0x9eea8093) addi    ra, s5, -1554
core   0: 3 0x800009d4 (0x9eea8093) x 1 0xde44042f
core   0: 0x800009d8 (0x40170c33) sub     s8, a4, ra
core   0: 3 0x800009d8 (0x40170c33) x24 0x80000d67
core   0: 0x800009dc (0x40b58c33) sub     s8, a1, a1
core   0: 3 0x800009dc (0x40b58c33) x24 0x00000000
core   0: 0x800009e0 (0x00ea8b33) add     s6, s5, a4
core   0: 3 0x800009e0 (0x00ea8b33) x22 0x3c881bd7
core   0: 0x800009e4 (0x40b10c33) sub     s8, sp, a1
core   0: 3 0x800009e4 (0x40b10c33) x24 0x80000433
core   0: 0x800009e8 (0x00000013) nop
core   0: 3 0x800009e8 (0x00000013)
core   0: 0x800009ec (0xfff00993) li      s3, -1
core   0: 3 0x800009ec (0xfff00993) x19 0xffffffff
core   0: 0x800009f0 (0xb07ee837) lui     a6, 0xb07ee
core   0: 3 0x800009f0 (0xb07ee837) x16 0xb07ee000
core   0: 0x800009f4 (0x2f880813) addi    a6, a6, 760
core   0: 3 0x800009f4 (0x2f880813) x16 0xb07ee2f8
core   0: 0x800009f8 (0xfff00413) li      s0, -1
core   0: 3 0x800009f8 (0xfff00413) x 8 0xffffffff
core   0: 0x800009fc (0x80000fb7) lui     t6, 0x80000
core   0: 3 0x800009fc (0x80000fb7) x31 0x80000000
core   0: 0x80000a00 (0xbfe7fb37) lui     s6, 0xbfe7f
core   0: 3 0x80000a00 (0xbfe7fb37) x22 0xbfe7f000
core   0: 0x80000a04 (0x20eb0b13) addi    s6, s6, 526
core   0: 3 0x80000a04 (0x20eb0b13) x22 0xbfe7f20e
core   0: 0x80000a08 (0x3ff39db7) lui     s11, 0x3ff39
core   0: 3 0x80000a08 (0x3ff39db7) x27 0x3ff39000
core   0: 0x80000a0c (0xcd8d8d93) addi    s11, s11, -808
core   0: 3 0x80000a0c (0xcd8d8d93) x27 0x3ff38cd8
core   0: 0x80000a10 (0x656c5cb7) lui     s9, 0x656c5
core   0: 3 0x80000a10 (0x656c5cb7) x25 0x656c5000
core   0: 0x80000a14 (0x69bc8c93) addi    s9, s9, 1691
core   0: 3 0x80000a14 (0x69bc8c93) x25 0x656c569b
core   0: 0x80000a18 (0x80000537) lui     a0, 0x80000
core   0: 3 0x80000a18 (0x80000537) x10 0x80000000
core   0: 0x80000a1c (0x80000937) lui     s2, 0x80000
core   0: 3 0x80000a1c (0x80000937) x18 0x80000000
core   0: 0x80000a20 (0xe3cd6eb7) lui     t4, 0xe3cd6
core   0: 3 0x80000a20 (0xe3cd6eb7) x29 0xe3cd6000
core   0: 0x80000a24 (0x60ee8e93) addi    t4, t4, 1550
core   0: 3 0x80000a24 (0x60ee8e93) x29 0xe3cd660e
core   0: 0x80000a28 (0x7a797837) lui     a6, 0x7a797
core   0: 3 0x80000a28 (0x7a797837) x16 0x7a797000
core   0: 0x80000a2c (0x01990b33) add     s6, s2, s9
core   0: 3 0x80000a2c (0x01990b33) x22 0xe56c569b
core   0: 0x80000a30 (0x00000013) nop
core   0: 3 0x80000a30 (0x00000013)
core   0: 0x80000a34 (0x41940fb3) sub     t6, s0, s9
core   0: 3 0x80000a34 (0x41940fb3) x31 0x9a93a964
core   0: 0x80000a38 (0x9ea79837) lui     a6, 0x9ea79
core   0: 3 0x80000a38 (0x9ea79837) x16 0x9ea79000
core   0: 0x80000a3c (0x01b80cb3) add     s9, a6, s11
core   0: 3 0x80000a3c (0x01b80cb3) x25 0xde9b1cd8
core   0: 0x80000a40 (0x70066c97) auipc   s9, 0x70066
core   0: 3 0x80000a40 (0x70066c97) x25 0xf0066a40
core   0: 0x80000a44 (0x00000013) nop
core   0: 3 0x80000a44 (0x00000013)
core   0: 0x80000a48 (0x251df417) auipc   s0, 0x251df
core   0: 3 0x80000a48 (0x251df417) x 8 0xa51dfa48
core   0: 0x80000a4c (0x41b40b33) sub     s6, s0, s11
core   0: 3 0x80000a4c (0x41b40b33) x22 0x652a6d70
core   0: 0x80000a50 (0x00000013) nop
core   0: 3 0x80000a50 (0x00000013)
core   0: 0x80000a54 (0x010e8533) add     a0, t4, a6
core   0: 3 0x80000a54 (0x010e8533) x10 0x8274f60e
core   0: 0x80000a58 (0xd9c9b9b7) lui     s3, 0xd9c9b
core   0: 3 0x80000a58 (0xd9c9b9b7) x19 0xd9c9b000
core   0: 0x80000a5c (0x01f809b3) add     s3, a6, t6
core   0: 3 0x80000a5c (0x01f809b3) x19 0x393b3964
core   0: 0x80000a60 (0x012c8833) add     a6, s9, s2
core   0: 3 0x80000a60 (0x012c8833) x16 0x70066a40
core   0: 0x80000a64 (0xfaaa8db7) lui     s11, 0xfaaa8
core   0: 3 0x80000a64 (0xfaaa8db7) x27 0xfaaa8000
core   0: 0x80000a68 (0x00000013) nop
core   0: 3 0x80000a68 (0x00000013)
core   0: 0x80000a6c (0xfed89f97) auipc   t6, 0xfed89
core   0: 3 0x80000a6c (0xfed89f97) x31 0x7ed89a6c
core   0: 0x80000a70 (0xab1c0e97) auipc   t4, 0xab1c0
core   0: 3 0x80000a70 (0xab1c0e97) x29 0x2b1c0a70
core   0: 0x80000a74 (0x00ab09b3) add     s3, s6, a0
core   0: 3 0x80000a74 (0x00ab09b3) x19 0xe79f637e
core   0: 0x80000a78 (0x7b8eccb7) lui     s9, 0x7b8ec
core   0: 3 0x80000a78 (0x7b8eccb7) x25 0x7b8ec000
core   0: 0x80000a7c (0x00000013) nop
core   0: 3 0x80000a7c (0x00000013)
core   0: 0x80000a80 (0xa0bf8993) addi    s3, t6, -1525
core   0: 3 0x80000a80 (0xa0bf8993) x19 0x7ed89477
core   0: 0x80000a84 (0x41050833) sub     a6, a0, a6
core   0: 3 0x80000a84 (0x41050833) x16 0x126e8bce
core   0: 0x80000a88 (0xb00009b7) lui     s3, 0xb0000
core   0: 3 0x80000a88 (0xb00009b7) x19 0xb0000000
core   0: 0x80000a8c (0x00000013) nop
core   0: 3 0x80000a8c (0x00000013)
core   0: 0x80000a90 (0xbef0c817) auipc   a6, 0xbef0c
core   0: 3 0x80000a90 (0xbef0c817) x16 0x3ef0ca90
core   0: 0x80000a94 (0x9e671b37) lui     s6, 0x9e671
core   0: 3 0x80000a94 (0x9e671b37) x22 0x9e671000
core   0: 0x80000a98 (0x01b99093) slli    ra, s3, 27
core   0: 3 0x80000a98 (0x01b99093) x 1 0x00000000
core   0: 0x80000a9c (0x00f374b3) and     s1, t1, a5
core   0: 3 0x80000a9c (0x00f374b3) x 9 0xc2ac9000
core   0: 0x80000aa0 (0x6653f893) andi    a7, t2, 1637
core   0: 3 0x80000aa0 (0x6653f893) x17 0x00000664
core   0: 0x80000aa4 (0x0176a8b3) slt     a7, a3, s7
core   0: 3 0x80000aa4 (0x0176a8b3) x17 0x00000001
core   0: 0x80000aa8 (0x00415513) srli    a0, sp, 4
core   0: 3 0x80000aa8 (0x00415513) x10 0x00000043
core   0: 0x80000aac (0x00e09e33) sll     t3, ra, a4
core   0: 3 0x80000aac (0x00e09e33) x28 0x00000000
core   0: 0x80000ab0 (0x316fa413) slti    s0, t6, 790
core   0: 3 0x80000ab0 (0x316fa413) x 8 0x00000000
core   0: 0x80000ab4 (0x81a0bcb7) lui     s9, 0x81a0b
core   0: 3 0x80000ab4 (0x81a0bcb7) x25 0x81a0b000
core   0: 0x80000ab8 (0x01529693) slli    a3, t0, 21
core   0: 3 0x80000ab8 (0x01529693) x13 0x00000000
core   0: 0x80000abc (0x324f9c17) auipc   s8, 0x324f9
core   0: 3 0x80000abc (0x324f9c17) x24 0xb24f9abc
core   0: 0x80000ac0 (0x013a95b3) sll     a1, s5, s3
core   0: 3 0x80000ac0 (0x013a95b3) x11 0xde440a41
core   0: 0x80000ac4 (0x8a553493) sltiu   s1, a0, -1883
core   0: 3 0x80000ac4 (0x8a553493) x 9 0x00000001
core   0: 0x80000ac8 (0x41d6dc33) sra     s8, a3, t4
core   0: 3 0x80000ac8 (0x41d6dc33) x24 0x00000000
core   0: 0x80000acc (0x009e10b3) sll     ra, t3, s1
core   0: 3 0x80000acc (0x009e10b3) x 1 0x00000000
core   0: 0x80000ad0 (0x009e05b3) add     a1, t3, s1
core   0: 3 0x80000ad0 (0x009e05b3) x11 0x00000001
core   0: 0x80000ad4 (0x01c50433) add     s0, a0, t3
core   0: 3 0x80000ad4 (0x01c50433) x 8 0x00000043
core   0: 0x80000ad8 (0x5ed26a13) ori     s4, tp, 1517
core   0: 3 0x80000ad8 (0x5ed26a13) x20 0x7b1db5ed
core   0: 0x80000adc (0xeb456693) ori     a3, a0, -332
core   0: 3 0x80000adc (0xeb456693) x13 0xfffffef7
core   0: 0x80000ae0 (0xd3076813) ori     a6, a4, -720
core   0: 3 0x80000ae0 (0xd3076813) x16 0xfffffdb6
core   0: 0x80000ae4 (0x01a80f33) add     t5, a6, s10
core   0: 3 0x80000ae4 (0x01a80f33) x30 0x824c0572
core   0: 0x80000ae8 (0xf4e1ab13) slti    s6, gp, -178
core   0: 3 0x80000ae8 (0xf4e1ab13) x22 0x00000000
core   0: 0x80000aec (0x01749993) slli    s3, s1, 23
core   0: 3 0x80000aec (0x01749993) x19 0x00800000
core   0: 0x80000af0 (0x01ca2733) slt     a4, s4, t3
core   0: 3 0x80000af0 (0x01ca2733) x14 0x00000000
core   0: 0x80000af4 (0x00fed033) srl     zero, t4, a5
core   0: 3 0x80000af4 (0x00fed033)
core   0: 0x80000af8 (0xaaf19697) auipc   a3, 0xaaf19
core   0: 3 0x80000af8 (0xaaf19697) x13 0x2af19af8
core   0: 0x80000afc (0x30b721b7) lui     gp, 0x30b72
core   0: 3 0x80000afc (0x30b721b7) x 3 0x30b72000
core   0: 0x80000b00 (0x01ed1d13) slli    s10, s10, 30
core   0: 3 0x80000b00 (0x01ed1d13) x26 0x00000000
core   0: 0x80000b04 (0x40320033) sub     zero, tp, gp
core   0: 3 0x80000b04 (0x40320033)
core   0: 0x80000b08 (0x419058b3) sra     a7, zero, s9
core   0: 3 0x80000b08 (0x419058b3) x17 0x00000000
core   0: 0x80000b0c (0x79e7b493) sltiu   s1, a5, 1950
core   0: 3 0x80000b0c (0x79e7b493) x 9 0x00000000
core   0: 0x80000b10 (0x0185d933) srl     s2, a1, s8
core   0: 3 0x80000b10 (0x0185d933) x18 0x00000001
core   0: 0x80000b14 (0x598b3f97) auipc   t6, 0x598b3
core   0: 3 0x80000b14 (0x598b3f97) x31 0xd98b3b14
core   0: 0x80000b18 (0x004614b3) sll     s1, a2, tp
core   0: 3 0x80000b18 (0x004614b3) x 9 0x80015ce4
core   0: 0x80000b1c (0x00000013) nop
core   0: 3 0x80000b1c (0x00000013)
core   0: 0x80000b20 (0x90d65597) auipc   a1, 0x90d65
core   0: 3 0x80000b20 (0x90d65597) x11 0x10d65b20
core   0: 0x80000b24 (0x00e5f033) and     zero, a1, a4
core   0: 3 0x80000b24 (0x00e5f033)
core   0: 0x80000b28 (0x86e36093) ori     ra, t1, -1938
core   0: 3 0x80000b28 (0x86e36093) x 1 0xfffff86e
core   0: 0x80000b2c (0xa8606193) ori     gp, zero, -1402
core   0: 3 0x80000b2c (0xa8606193) x 3 0xfffffa86
core   0: 0x80000b30 (0xf9d86593) ori     a1, a6, -99
core   0: 3 0x80000b30 (0xf9d86593) x11 0xffffffbf
core   0: 0x80000b34 (0x0191c6b3) xor     a3, gp, s9
core   0: 3 0x80000b34 (0x0191c6b3) x13 0x7e5f4a86
core   0: 0x80000b38 (0x016a1cb3) sll     s9, s4, s6
core   0: 3 0x80000b38 (0x016a1cb3) x25 0x7b1db5ed
core   0: 0x80000b3c (0x40c80333) sub     t1, a6, a2
core   0: 3 0x80000b3c (0x40c80333) x 6 0x7ffea0d2
core   0: 0x80000b40 (0x01751a13) slli    s4, a0, 23
core   0: 3 0x80000b40 (0x01751a13) x20 0x21800000
core   0: 0x80000b44 (0xebf43913) sltiu   s2, s0, -321
core   0: 3 0x80000b44 (0xebf43913) x18 0x00000001
core   0: 0x80000b48 (0x3a703693) sltiu   a3, zero, 935
core   0: 3 0x80000b48 (0x3a703693) x13 0x00000001
core   0: 0x80000b4c (0x4176d713) srai    a4, a3, 23
core   0: 3 0x80000b4c (0x4176d713) x14 0x00000000
core   0: 0x80000b50 (0x66937d93) andi    s11, t1, 1641
core   0: 3 0x80000b50 (0x66937d93) x27 0x00000040
core   0: 0x80000b54 (0x6106c837) lui     a6, 0x6106c
core   0: 3 0x80000b54 (0x6106c837) x16 0x6106c000
core   0: 0x80000b58 (0x0473c5b7) lui     a1, 0x473c
core   0: 3 0x80000b58 (0x0473c5b7) x11 0x0473c000
core   0: 0x80000b5c (0x41360533) sub     a0, a2, s3
core   0: 3 0x80000b5c (0x41360533) x10 0x7f815ce4
core   0: 0x80000b60 (0x6d553437) lui     s0, 0x6d553
core   0: 3 0x80000b60 (0x6d553437) x 8 0x6d553000
core   0: 0x80000b64 (0x008df4b3) and     s1, s11, s0
core   0: 3 0x80000b64 (0x008df4b3) x 9 0x00000000
core   0: 0x80000b68 (0x00000013) nop
core   0: 3 0x80000b68 (0x00000013)
core   0: 0x80000b6c (0xa3ddc093) xori    ra, s11, -1475
core   0: 3 0x80000b6c (0xa3ddc093) x 1 0xfffffa7d
core   0: 0x80000b70 (0xaf562e13) slti    t3, a2, -1291
core   0: 3 0x80000b70 (0xaf562e13) x28 0x00000001
core   0: 0x80000b74 (0x01539c33) sll     s8, t2, s5
core   0: 3 0x80000b74 (0x01539c33) x24 0x00023cc8
core   0: 0x80000b78 (0x43eae593) ori     a1, s5, 1086
core   0: 3 0x80000b78 (0x43eae593) x11 0xde440e7f
core   0: 0x80000b7c (0x40a60db3) sub     s11, a2, a0
core   0: 3 0x80000b7c (0x40a60db3) x27 0x00800000
core   0: 0x80000b80 (0x01561a33) sll     s4, a2, s5
core   0: 3 0x80000b80 (0x01561a33) x20 0x0002b9c8
core   0: 0x80000b84 (0x08cafe93) andi    t4, s5, 140
core   0: 3 0x80000b84 (0x08cafe93) x29 0x00000000
core   0: 0x80000b88 (0x0124f2b3) and     t0, s1, s2
core   0: 3 0x80000b88 (0x0124f2b3) x 5 0x00000000
core   0: 0x80000b8c (0x01094733) xor     a4, s2, a6
core   0: 3 0x80000b8c (0x01094733) x14 0x6106c001
core   0: 0x80000b90 (0x261ba293) slti    t0, s7, 609
core   0: 3 0x80000b90 (0x261ba293) x 5 0x00000000
core   0: 0x80000b94 (0x0029ddb3) srl     s11, s3, sp
core   0: 3 0x80000b94 (0x0029ddb3) x27 0x00000010
core   0: 0x80000b98 (0x0121dd93) srli    s11, gp, 18
core   0: 3 0x80000b98 (0x0121dd93) x27 0x00003fff
core   0: 0x80000b9c (0xc721bd93) sltiu   s11, gp, -910
core   0: 3 0x80000b9c (0xc721bd93) x27 0x00000001
core   0: 0x80000ba0 (0x9691aab7) lui     s5, 0x9691a
core   0: 3 0x80000ba0 (0x9691aab7) x21 0x9691a000
core   0: 0x80000ba4 (0xca5fa897) auipc   a7, 0xca5fa
core   0: 3 0x80000ba4 (0xca5fa897) x17 0x4a5faba4
core   0: 0x80000ba8 (0xe72a3593) sltiu   a1, s4, -398
core   0: 3 0x80000ba8 (0xe72a3593) x11 0x00000001
core   0: 0x80000bac (0xdb9a3813) sltiu   a6, s4, -583
core   0: 3 0x80000bac (0xdb9a3813) x16 0x00000001
core   0: 0x80000bb0 (0x006ffe33) and     t3, t6, t1
core   0: 3 0x80000bb0 (0x006ffe33) x28 0x598a2010
core   0: 0x80000bb4 (0x8575fa37) lui     s4, 0x8575f
core   0: 3 0x80000bb4 (0x8575fa37) x20 0x8575f000
core   0: 0x80000bb8 (0x006b8233) add     tp, s7, t1
core   0: 3 0x80000bb8 (0x006b8233) x 4 0x940c9a64
core   0: 0x80000bbc (0x019298b3) sll     a7, t0, s9
core   0: 3 0x80000bbc (0x019298b3) x17 0x00000000
core   0: 0x80000bc0 (0x00701813) slli    a6, zero, 7
core   0: 3 0x80000bc0 (0x00701813) x16 0x00000000
core   0: 0x80000bc4 (0x00edb133) sltu    sp, s11, a4
core   0: 3 0x80000bc4 (0x00edb133) x 2 0x00000001
core   0: 0x80000bc8 (0x00000013) nop
core   0: 3 0x80000bc8 (0x00000013)
core   0: 0x80000bcc (0x52ec0c13) addi    s8, s8, 1326
core   0: 3 0x80000bcc (0x52ec0c13) x24 0x000241f6
core   0: 0x80000bd0 (0x945aec93) ori     s9, s5, -1723
core   0: 3 0x80000bd0 (0x945aec93) x25 0xfffff945
core   0: 0x80000bd4 (0x7fe0ef13) ori     t5, ra, 2046
core   0: 3 0x80000bd4 (0x7fe0ef13) x30 0xffffffff
core   0: 0x80000bd8 (0x7a0ec6b7) lui     a3, 0x7a0ec
core   0: 3 0x80000bd8 (0x7a0ec6b7) x13 0x7a0ec000
core   0: 0x80000bdc (0x1ecf1097) auipc   ra, 0x1ecf1
core   0: 3 0x80000bdc (0x1ecf1097) x 1 0x9ecf1bdc
core   0: 0x80000be0 (0x54642313) slti    t1, s0, 1350
core   0: 3 0x80000be0 (0x54642313) x 6 0x00000000
core   0: 0x80000be4 (0x00000013) nop
core   0: 3 0x80000be4 (0x00000013)
core   0: 0x80000be8 (0x5840cc13) xori    s8, ra, 1412
core   0: 3 0x80000be8 (0x5840cc13) x24 0x9ecf1e58
core   0: 0x80000bec (0x01a1d593) srli    a1, gp, 26
core   0: 3 0x80000bec (0x01a1d593) x11 0x0000003f
core   0: 0x80000bf0 (0x6f17ad93) slti    s11, a5, 1777
core   0: 3 0x80000bf0 (0x6f17ad93) x27 0x00000001
core   0: 0x80000bf4 (0x00ea6e33) or      t3, s4, a4
core   0: 3 0x80000bf4 (0x00ea6e33) x28 0xe577f001
core   0: 0x80000bf8 (0x566d8b13) addi    s6, s11, 1382
core   0: 3 0x80000bf8 (0x566d8b13) x22 0x00000567
core   0: 0x80000bfc (0x7e386e13) ori     t3, a6, 2019
core   0: 3 0x80000bfc (0x7e386e13) x28 0x000007e3
core   0: 0x80000c00 (0x01916033) or      zero, sp, s9
core   0: 3 0x80000c00 (0x01916033)
core   0: 0x80000c04 (0x0123de13) srli    t3, t2, 18
core   0: 3 0x80000c04 (0x0123de13) x28 0x00002000
core   0: 0x80000c08 (0x01d720b3) slt     ra, a4, t4
core   0: 3 0x80000c08 (0x01d720b3) x 1 0x00000000
core   0: 0x80000c0c (0x0151c333) xor     t1, gp, s5
core   0: 3 0x80000c0c (0x0151c333) x 6 0x696e5a86
core   0: 0x80000c10 (0x01578733) add     a4, a5, s5
core   0: 3 0x80000c10 (0x01578733) x14 0x7e4070df
core   0: 0x80000c14 (0x00e939b3) sltu    s3, s2, a4
core   0: 3 0x80000c14 (0x00e939b3) x19 0x00000001
core   0: 0x80000c18 (0x413d5693) srai    a3, s10, 19
core   0: 3 0x80000c18 (0x413d5693) x13 0x00000000
core   0: 0x80000c1c (0x7fb86993) ori     s3, a6, 2043
core   0: 3 0x80000c1c (0x7fb86993) x19 0x000007fb
core   0: 0x80000c20 (0x405f5f93) srai    t6, t5, 5
core   0: 3 0x80000c20 (0x405f5f93) x31 0xffffffff
core   0: 0x80000c24 (0x40a7d9b3) sra     s3, a5, a0
core   0: 3 0x80000c24 (0x40a7d9b3) x19 0xfe7aed0d
core   0: 0x80000c28 (0x025b4493) xori    s1, s6, 37
core   0: 3 0x80000c28 (0x025b4493) x 9 0x00000542
core   0: 0x80000c2c (0x57a67493) andi    s1, a2, 1402
core   0: 3 0x80000c2c (0x57a67493) x 9 0x00000460
core   0: 0x80000c30 (0x019c7833) and     a6, s8, s9
core   0: 3 0x80000c30 (0x019c7833) x16 0x9ecf1840
core   0: 0x80000c34 (0x012e9cb3) sll     s9, t4, s2
core   0: 3 0x80000c34 (0x012e9cb3) x25 0x00000000
core   0: 0x80000c38 (0x00a33fb3) sltu    t6, t1, a0
core   0: 3 0x80000c38 (0x00a33fb3) x31 0x00000001
core   0: 0x80000c3c (0x0181a4b3) slt     s1, gp, s8
core   0: 3 0x80000c3c (0x0181a4b3) x 9 0x00000000
core   0: 0x80000c40 (0x097aff97) auipc   t6, 0x97af
core   0: 3 0x80000c40 (0x097aff97) x31 0x897afc40
core   0: 0x80000c44 (0x41a70933) sub     s2, a4, s10
core   0: 3 0x80000c44 (0x41a70933) x18 0x7e4070df
core   0: 0x80000c48 (0x013874b3) and     s1, a6, s3
core   0: 3 0x80000c48 (0x013874b3) x 9 0x9e4a0800
core   0: 0x80000c4c (0x38e2af13) slti    t5, t0, 910
core   0: 3 0x80000c4c (0x38e2af13) x30 0x00000001
core   0: 0x80000c50 (0xa3f0ae13) slti    t3, ra, -1473
core   0: 3 0x80000c50 (0xa3f0ae13) x28 0x00000000
core   0: 0x80000c54 (0x00951b93) slli    s7, a0, 9
core   0: 3 0x80000c54 (0x00951b93) x23 0x02b9c800
core   0: 0x80000c58 (0x011ce733) or      a4, s9, a7
core   0: 3 0x80000c58 (0x011ce733) x14 0x00000000
core   0: 0x80000c5c (0x19f3d997) auipc   s3, 0x19f3d
core   0: 3 0x80000c5c (0x19f3d997) x19 0x99f3dc5c
core   0: 0x80000c60 (0x00255d13) srli    s10, a0, 2
core   0: 3 0x80000c60 (0x00255d13) x26 0x1fe05739
core   0: 0x80000c64 (0x009bd733) srl     a4, s7, s1
core   0: 3 0x80000c64 (0x009bd733) x14 0x02b9c800
core   0: 0x80000c68 (0x2fec4b13) xori    s6, s8, 766
core   0: 3 0x80000c68 (0x2fec4b13) x22 0x9ecf1ca6
core   0: 0x80000c6c (0x4161d333) sra     t1, gp, s6
core   0: 3 0x80000c6c (0x4161d333) x 6 0xffffffea
core   0: 0x80000c70 (0x01fa45b3) xor     a1, s4, t6
core   0: 3 0x80000c70 (0x01fa45b3) x11 0x0c0f0c40
core   0: 0x80000c74 (0x0179c433) xor     s0, s3, s7
core   0: 3 0x80000c74 (0x0179c433) x 8 0x9b4a145c
core   0: 0x80000c78 (0x00f1be33) sltu    t3, gp, a5
core   0: 3 0x80000c78 (0x00f1be33) x28 0x00000000
core   0: 0x80000c7c (0x009a35b3) sltu    a1, s4, s1
core   0: 3 0x80000c7c (0x009a35b3) x11 0x00000001
core   0: 0x80000c80 (0x00008e33) add     t3, ra, zero
core   0: 3 0x80000c80 (0x00008e33) x28 0x00000000
core   0: 0x80000c84 (0x40a2d733) sra     a4, t0, a0
core   0: 3 0x80000c84 (0x40a2d733) x14 0x00000000
core   0: 0x80000c88 (0x99d48513) addi    a0, s1, -1635
core   0: 3 0x80000c88 (0x99d48513) x10 0x9e4a019d
core   0: 0x80000c8c (0x008696b3) sll     a3, a3, s0
core   0: 3 0x80000c8c (0x008696b3) x13 0x00000000
core   0: 0x80000c90 (0x41a1db93) srai    s7, gp, 26
core   0: 3 0x80000c90 (0x41a1db93) x23 0xffffffff
core   0: 0x80000c94 (0x40505d13) srai    s10, zero, 5
core   0: 3 0x80000c94 (0x40505d13) x26 0x00000000
core   0: 0x80000c98 (0x01a5f233) and     tp, a1, s10
core   0: 3 0x80000c98 (0x01a5f233) x 4 0x00000000
core   0: 0x80000c9c (0x019dfbb3) and     s7, s11, s9
core   0: 3 0x80000c9c (0x019dfbb3) x23 0x00000000
core   0: 0x80000ca0 (0x003080b3) add     ra, ra, gp
core   0: 3 0x80000ca0 (0x003080b3) x 1 0xfffffa86
core   0: 0x80000ca4 (0xd721c913) xori    s2, gp, -654
core   0: 3 0x80000ca4 (0xd721c913) x18 0x000007f4
core   0: 0x80000ca8 (0x014bc8b3) xor     a7, s7, s4
core   0: 3 0x80000ca8 (0x014bc8b3) x17 0x8575f000
core   0: 0x80000cac (0x00add0b3) srl     ra, s11, a0
core   0: 3 0x80000cac (0x00add0b3) x 1 0x00000000
core   0: 0x80000cb0 (0x01725fb3) srl     t6, tp, s7
core   0: 3 0x80000cb0 (0x01725fb3) x31 0x00000000
core   0: 0x80000cb4 (0x016592b3) sll     t0, a1, s6
core   0: 3 0x80000cb4 (0x016592b3) x 5 0x00000040
core   0: 0x80000cb8 (0x3368a013) slti    zero, a7, 822
core   0: 3 0x80000cb8 (0x3368a013)
core   0: 0x80000cbc (0x41f8dcb3) sra     s9, a7, t6
core   0: 3 0x80000cbc (0x41f8dcb3) x25 0x8575f000
core   0: 0x80000cc0 (0x3b376c93) ori     s9, a4, 947
core   0: 3 0x80000cc0 (0x3b376c93) x25 0x000003b3
core   0: 0x80000cc4 (0x00000013) nop
core   0: 3 0x80000cc4 (0x00000013)
core   0: 0x80000cc8 (0x011694b3) sll     s1, a3, a7
core   0: 3 0x80000cc8 (0x011694b3) x 9 0x00000000
core   0: 0x80000ccc (0x01608533) add     a0, ra, s6
core   0: 3 0x80000ccc (0x01608533) x10 0x9ecf1ca6
core   0: 0x80000cd0 (0xe3e4ce13) xori    t3, s1, -450
core   0: 3 0x80000cd0 (0xe3e4ce13) x28 0xfffffe3e
core   0: 0x80000cd4 (0xeb277017) auipc   zero, 0xeb277
core   0: 3 0x80000cd4 (0xeb277017)
core   0: 0x80000cd8 (0x40e45293) srai    t0, s0, 14
core   0: 3 0x80000cd8 (0x40e45293) x 5 0xfffe6d28
core   0: 0x80000cdc (0x0069f033) and     zero, s3, t1
core   0: 3 0x80000cdc (0x0069f033)
core   0: 0x80000ce0 (0x26362313) slti    t1, a2, 611
core   0: 3 0x80000ce0 (0x26362313) x 6 0x00000001
core   0: 0x80000ce4 (0x02cdad93) slti    s11, s11, 44
core   0: 3 0x80000ce4 (0x02cdad93) x27 0x00000001
core   0: 0x80000ce8 (0x0063c6b3) xor     a3, t2, t1
core   0: 3 0x80000ce8 (0x0063c6b3) x13 0x80011e65
core   0: 0x80000cec (0x004d8fb3) add     t6, s11, tp
core   0: 3 0x80000cec (0x004d8fb3) x31 0x00000001
core   0: 0x80000cf0 (0x41d05f17) auipc   t5, 0x41d05
core   0: 3 0x80000cf0 (0x41d05f17) x30 0xc1d05cf0
core   0: 0x80000cf4 (0x00678ab3) add     s5, a5, t1
core   0: 3 0x80000cf4 (0x00678ab3) x21 0xe7aed0e0
core   0: 0x80000cf8 (0x41930eb3) sub     t4, t1, s9
core   0: 3 0x80000cf8 (0x41930eb3) x29 0xfffffc4e
core   0: 0x80000cfc (0xdd556d93) ori     s11, a0, -555
core   0: 3 0x80000cfc (0xdd556d93) x27 0xfffffdf7
core   0: 0x80000d00 (0xe19c9597) auipc   a1, 0xe19c9
core   0: 3 0x80000d00 (0xe19c9597) x11 0x619c9d00
core   0: 0x80000d04 (0x00000013) nop
core   0: 3 0x80000d04 (0x00000013)
core   0: 0x80000d08 (0x0074d193) srli    gp, s1, 7
core   0: 3 0x80000d08 (0x0074d193) x 3 0x00000000
core   0: 0x80000d0c (0x00185a33) srl     s4, a6, ra
core   0: 3 0x80000d0c (0x00185a33) x20 0x9ecf1840
core   0: 0x80000d10 (0x02f66293) ori     t0, a2, 47
core   0: 3 0x80000d10 (0x02f66293) x 5 0x80015cef
core   0: 0x80000d14 (0x40645f13) srai    t5, s0, 6
core   0: 3 0x80000d14 (0x40645f13) x30 0xfe6d2851
core   0: 0x80000d18 (0x00049513) slli    a0, s1, 0
core   0: 3 0x80000d18 (0x00049513) x10 0x00000000
core   0: 0x80000d1c (0xaab64f93) xori    t6, a2, -1365
core   0: 3 0x80000d1c (0xaab64f93) x31 0x7ffea64f
core   0: 0x80000d20 (0x01dc7bb3) and     s7, s8, t4
core   0: 3 0x80000d20 (0x01dc7bb3) x23 0x9ecf1c48
core   0: 0x80000d24 (0xee28f913) andi    s2, a7, -286
core   0: 3 0x80000d24 (0xee28f913) x18 0x8575f000
core   0: 0x80000d28 (0x0009b733) sltu    a4, s3, zero
core   0: 3 0x80000d28 (0x0009b733) x14 0x00000000
core   0: 0x80000d2c (0x4199df33) sra     t5, s3, s9
core   0: 3 0x80000d2c (0x4199df33) x30 0xfffff33e
core   0: 0x80000d30 (0x29262693) slti    a3, a2, 658
core   0: 3 0x80000d30 (0x29262693) x13 0x00000001
core   0: 0x80000d34 (0x0079c0b3) xor     ra, s3, t2
core   0: 3 0x80000d34 (0x0079c0b3) x 1 0x19f2c238
core   0: 0x80000d38 (0x011b41b3) xor     gp, s6, a7
core   0: 3 0x80000d38 (0x011b41b3) x 3 0x1bbaeca6
core   0: 0x80000d3c (0x00595033) srl     zero, s2, t0
core   0: 3 0x80000d3c (0x00595033)
core   0: 0x80000d40 (0x00f5a6b3) slt     a3, a1, a5
core   0: 3 0x80000d40 (0x00f5a6b3) x13 0x00000000
core   0: 0x80000d44 (0x009c5233) srl     tp, s8, s1
core   0: 3 0x80000d44 (0x009c5233) x 4 0x9ecf1e58
core   0: 0x80000d48 (0xa2da3eb7) lui     t4, 0xa2da3
core   0: 3 0x80000d48 (0xa2da3eb7) x29 0xa2da3000
core   0: 0x80000d4c (0x01c35d13) srli    s10, t1, 28
core   0: 3 0x80000d4c (0x01c35d13) x26 0x00000000
core   0: 0x80000d50 (0x5d3cfa93) andi    s5, s9, 1491
core   0: 3 0x80000d50 (0x5d3cfa93) x21 0x00000193
core   0: 0x80000d54 (0x081e3c17) auipc   s8, 0x81e3
core   0: 3 0x80000d54 (0x081e3c17) x24 0x881e3d54
core   0: 0x80000d58 (0x00cd15b3) sll     a1, s10, a2
core   0: 3 0x80000d58 (0x00cd15b3) x11 0x00000000
core   0: 0x80000d5c (0x000805b3) add     a1, a6, zero
core   0: 3 0x80000d5c (0x000805b3) x11 0x9ecf1840
core   0: 0x80000d60 (0x5f00b813) sltiu   a6, ra, 1520
core   0: 3 0x80000d60 (0x5f00b813) x16 0x00000000
core   0: 0x80000d64 (0x007760b3) or      ra, a4, t2
core   0: 3 0x80000d64 (0x007760b3) x 1 0x80011e64
core   0: 0x80000d68 (0x0017c333) xor     t1, a5, ra
core   0: 3 0x80000d68 (0x0017c333) x 6 0x67afcebb
core   0: 0x80000d6c (0x407755b3) sra     a1, a4, t2
core   0: 3 0x80000d6c (0x407755b3) x11 0x00000000
core   0: 0x80000d70 (0x6cbbbe93) sltiu   t4, s7, 1739
core   0: 3 0x80000d70 (0x6cbbbe93) x29 0x00000000
core   0: 0x80000d74 (0x0d253a93) sltiu   s5, a0, 210
core   0: 3 0x80000d74 (0x0d253a93) x21 0x00000001
core   0: 0x80000d78 (0x436f2b93) slti    s7, t5, 1078
core   0: 3 0x80000d78 (0x436f2b93) x23 0x00000001
core   0: 0x80000d7c (0x005a58b3) srl     a7, s4, t0
core   0: 3 0x80000d7c (0x005a58b3) x17 0x00013d9e
core   0: 0x80000d80 (0x011c2db3) slt     s11, s8, a7
core   0: 3 0x80000d80 (0x011c2db3) x27 0x00000001
core   0: 0x80000d84 (0x00305b33) srl     s6, zero, gp
core   0: 3 0x80000d84 (0x00305b33) x22 0x00000000
core   0: 0x80000d88 (0xfdfda093) slti    ra, s11, -33
core   0: 3 0x80000d88 (0xfdfda093) x 1 0x00000000
core   0: 0x80000d8c (0x00419413) slli    s0, gp, 4
core   0: 3 0x80000d8c (0x00419413) x 8 0xbbaeca60
core   0: 0x80000d90 (0x01810db3) add     s11, sp, s8
core   0: 3 0x80000d90 (0x01810db3) x27 0x881e3d55
core   0: 0x80000d94 (0x00614433) xor     s0, sp, t1
core   0: 3 0x80000d94 (0x00614433) x 8 0x67afceba
core   0: 0x80000d98 (0x01bd2eb3) slt     t4, s10, s11
core   0: 3 0x80000d98 (0x01bd2eb3) x29 0x00000000
core   0: 0x80000d9c (0x00000013) nop
core   0: 3 0x80000d9c (0x00000013)
core   0: 0x80000da0 (0x93b66593) ori     a1, a2, -1733
core   0: 3 0x80000da0 (0x93b66593) x11 0xfffffdff
core   0: 0x80000da4 (0x00000713) li      a4, 0
core   0: 3 0x80000da4 (0x00000713) x14 0x00000000
core   0: 0x80000da8 (0xb9a530b7) lui     ra, 0xb9a53
core   0: 3 0x80000da8 (0xb9a530b7) x 1 0xb9a53000
core   0: 0x80000dac (0x98708093) addi    ra, ra, -1657
core   0: 3 0x80000dac (0x98708093) x 1 0xb9a52987
core   0: 0x80000db0 (0xfff00113) li      sp, -1
core   0: 3 0x80000db0 (0xfff00113) x 2 0xffffffff
core   0: 0x80000db4 (0x800006b7) lui     a3, 0x80000
core   0: 3 0x80000db4 (0x800006b7) x13 0x80000000
core   0: 0x80000db8 (0xfff00513) li      a0, -1
core   0: 3 0x80000db8 (0xfff00513) x10 0xffffffff
core   0: 0x80000dbc (0x00000e13) li      t3, 0
core   0: 3 0x80000dbc (0x00000e13) x28 0x00000000
core   0: 0x80000dc0 (0x80000937) lui     s2, 0x80000
core   0: 3 0x80000dc0 (0x80000937) x18 0x80000000
core   0: 0x80000dc4 (0x00000e93) li      t4, 0
core   0: 3 0x80000dc4 (0x00000e93) x29 0x00000000
core   0: 0x80000dc8 (0x80000337) lui     t1, 0x80000
core   0: 3 0x80000dc8 (0x80000337) x 6 0x80000000
core   0: 0x80000dcc (0x80000db7) lui     s11, 0x80000
core   0: 3 0x80000dcc (0x80000db7) x27 0x80000000
core   0: 0x80000dd0 (0x00ed8e33) add     t3, s11, a4
core   0: 3 0x80000dd0 (0x00ed8e33) x28 0x80000000
core   0: 0x80000dd4 (0x00000013) nop
core   0: 3 0x80000dd4 (0x00000013)
core   0: 0x80000dd8 (0x1fa68913) addi    s2, a3, 506
core   0: 3 0x80000dd8 (0x1fa68913) x18 0x800001fa
core   0: 0x80000ddc (0x001080b3) add     ra, ra, ra
core   0: 3 0x80000ddc (0x001080b3) x 1 0x734a530e
core   0: 0x80000de0 (0x41b08333) sub     t1, ra, s11
core   0: 3 0x80000de0 (0x41b08333) x 6 0xf34a530e
core   0: 0x80000de4 (0x41b706b3) sub     a3, a4, s11
core   0: 3 0x80000de4 (0x41b706b3) x13 0x80000000
core   0: 0x80000de8 (0x00000013) nop
core   0: 3 0x80000de8 (0x00000013)
core   0: 0x80000dec (0xe4fc9db7) lui     s11, 0xe4fc9
core   0: 3 0x80000dec (0xe4fc9db7) x27 0xe4fc9000
core   0: 0x80000df0 (0x88568e13) addi    t3, a3, -1915
core   0: 3 0x80000df0 (0x88568e13) x28 0x7ffff885
core   0: 0x80000df4 (0x4ea10e13) addi    t3, sp, 1258
core   0: 3 0x80000df4 (0x4ea10e13) x28 0x000004e9
core   0: 0x80000df8 (0xbcb510b7) lui     ra, 0xbcb51
core   0: 3 0x80000df8 (0xbcb510b7) x 1 0xbcb51000
core   0: 0x80000dfc (0x00000013) nop
core   0: 3 0x80000dfc (0x00000013)
core   0: 0x80000e00 (0x01b70133) add     sp, a4, s11
core   0: 3 0x80000e00 (0x01b70133) x 2 0xe4fc9000
core   0: 0x80000e04 (0x01cd8933) add     s2, s11, t3
core   0: 3 0x80000e04 (0x01cd8933) x18 0xe4fc94e9
core   0: 0x80000e08 (0x3eba0eb7) lui     t4, 0x3eba0
core   0: 3 0x80000e08 (0x3eba0eb7) x29 0x3eba0000
core   0: 0x80000e0c (0x8c4d2117) auipc   sp, 0x8c4d2
core   0: 3 0x80000e0c (0x8c4d2117) x 2 0x0c4d2e0c
core   0: 0x80000e10 (0x01c50db3) add     s11, a0, t3
core   0: 3 0x80000e10 (0x01c50db3) x27 0x000004e8
core   0: 0x80000e14 (0x97bfcdb7) lui     s11, 0x97bfc
core   0: 3 0x80000e14 (0x97bfcdb7) x27 0x97bfc000
core   0: 0x80000e18 (0x2c350313) addi    t1, a0, 707
core   0: 3 0x80000e18 (0x2c350313) x 6 0x000002c2
core   0: 0x80000e1c (0x7ab6f013) andi    zero, a3, 1963
core   0: 3 0x80000e1c (0x7ab6f013)
core   0: 0x80000e20 (0x00c01093) slli    ra, zero, 12
core   0: 3 0x80000e20 (0x00c01093) x 1 0x00000000
core   0: 0x80000e24 (0xa810c713) xori    a4, ra, -1407
core   0: 3 0x80000e24 (0xa810c713) x14 0xfffffa81
core   0: 0x80000e28 (0x015c6333) or      t1, s8, s5
core   0: 3 0x80000e28 (0x015c6333) x 6 0x881e3d55
core   0: 0x80000e2c (0x013e9233) sll     tp, t4, s3
core   0: 3 0x80000e2c (0x013e9233) x 4 0x00000000
core   0: 0x80000e30 (0x167bf713) andi    a4, s7, 359
core   0: 3 0x80000e30 (0x167bf713) x14 0x00000001
core   0: 0x80000e34 (0x01a376b3) and     a3, t1, s10
core   0: 3 0x80000e34 (0x01a376b3) x13 0x00000000
core   0: 0x80000e38 (0x41cd0333) sub     t1, s10, t3
core   0: 3 0x80000e38 (0x41cd0333) x 6 0xfffffb17
core   0: 0x80000e3c (0xc640ba13) sltiu   s4, ra, -924
core   0: 3 0x80000e3c (0xc640ba13) x20 0x00000001
core   0: 0x80000e40 (0x5f58f713) andi    a4, a7, 1525
core   0: 3 0x80000e40 (0x5f58f713) x14 0x00000594
core   0: 0x80000e44 (0x01914233) xor     tp, sp, s9
core   0: 3 0x80000e44 (0x01914233) x 4 0x0c4d2dbf
core   0: 0x80000e48 (0x00d05513) srli    a0, zero, 13
core   0: 3 0x80000e48 (0x00d05513) x10 0x00000000
core   0: 0x80000e4c (0x01829c13) slli    s8, t0, 24
core   0: 3 0x80000e4c (0x01829c13) x24 0xef000000
core   0: 0x80000e50 (0x0109b0b3) sltu    ra, s3, a6
core   0: 3 0x80000e50 (0x0109b0b3) x 1 0x00000000
core   0: 0x80000e54 (0x001a76b3) and     a3, s4, ra
core   0: 3 0x80000e54 (0x001a76b3) x13 0x00000000
core   0: 0x80000e58 (0x825fe213) ori     tp, t6, -2011
core   0: 3 0x80000e58 (0x825fe213) x 4 0xfffffe6f
core   0: 0x80000e5c (0x00c24bb3) xor     s7, tp, a2
core   0: 3 0x80000e5c (0x00c24bb3) x23 0x7ffea28b
core   0: 0x80000e60 (0x011f3b33) sltu    s6, t5, a7
core   0: 3 0x80000e60 (0x011f3b33) x22 0x00000000
core   0: 0x80000e64 (0xec0deb93) ori     s7, s11, -320
core   0: 3 0x80000e64 (0xec0deb93) x23 0xfffffec0
core   0: 0x80000e68 (0x05434d93) xori    s11, t1, 84
core   0: 3 0x80000e68 (0x05434d93) x27 0xfffffb43
core   0: 0x80000e6c (0x0042c033) xor     zero, t0, tp
core   0: 3 0x80000e6c (0x0042c033)
core   0: 0x80000e70 (0x40f1d5b3) sra     a1, gp, a5
core   0: 3 0x80000e70 (0x40f1d5b3) x11 0x00000000
core   0: 0x80000e74 (0x0193d1b3) srl     gp, t2, s9
core   0: 3 0x80000e74 (0x0193d1b3) x 3 0x00001000
core   0: 0x80000e78 (0xba012017) auipc   zero, 0xba012
core   0: 3 0x80000e78 (0xba012017)
core   0: 0x80000e7c (0x4870fa93) andi    s5, ra, 1159
core   0: 3 0x80000e7c (0x4870fa93) x21 0x00000000
core   0: 0x80000e80 (0x012ae5b3) or      a1, s5, s2
core   0: 3 0x80000e80 (0x012ae5b3) x11 0xe4fc94e9
core   0: 0x80000e84 (0x66e5fe93) andi    t4, a1, 1646
core   0: 3 0x80000e84 (0x66e5fe93) x29 0x00000468
core   0: 0x80000e88 (0x0165cfb3) xor     t6, a1, s6
core   0: 3 0x80000e88 (0x0165cfb3) x31 0xe4fc94e9
core   0: 0x80000e8c (0x000bbfb3) sltu    t6, s7, zero
core   0: 3 0x80000e8c (0x000bbfb3) x31 0x00000000
core   0: 0x80000e90 (0xd5439d97) auipc   s11, 0xd5439
core   0: 3 0x80000e90 (0xd5439d97) x27 0x55439e90
core   0: 0x80000e94 (0xcfe2c837) lui     a6, 0xcfe2c
core   0: 3 0x80000e94 (0xcfe2c837) x16 0xcfe2c000
core   0: 0x80000e98 (0x01196fb3) or      t6, s2, a7
core   0: 3 0x80000e98 (0x01196fb3) x31 0xe4fdbdff
core   0: 0x80000e9c (0x00770db3) add     s11, a4, t2
core   0: 3 0x80000e9c (0x00770db3) x27 0x800123f8
core   0: 0x80000ea0 (0x00be56b3) srl     a3, t3, a1
core   0: 3 0x80000ea0 (0x00be56b3) x13 0x00000002
core   0: 0x80000ea4 (0xa5cee993) ori     s3, t4, -1444
core   0: 3 0x80000ea4 (0xa5cee993) x19 0xfffffe7c
core   0: 0x80000ea8 (0x0016b233) sltu    tp, a3, ra
core   0: 3 0x80000ea8 (0x0016b233) x 4 0x00000000
core   0: 0x80000eac (0x00000013) nop
core   0: 3 0x80000eac (0x00000013)
core   0: 0x80000eb0 (0x01bf5733) srl     a4, t5, s11
core   0: 3 0x80000eb0 (0x01bf5733) x14 0x000000ff
core   0: 0x80000eb4 (0x015e1593) slli    a1, t3, 21
core   0: 3 0x80000eb4 (0x015e1593) x11 0x9d200000
core   0: 0x80000eb8 (0x01f35d93) srli    s11, t1, 31
core   0: 3 0x80000eb8 (0x01f35d93) x27 0x00000001
core   0: 0x80000ebc (0xd6696293) ori     t0, s2, -666
core   0: 3 0x80000ebc (0xd6696293) x 5 0xfffffdef
core   0: 0x80000ec0 (0x4018d913) srai    s2, a7, 1
core   0: 3 0x80000ec0 (0x4018d913) x18 0x00009ecf
core   0: 0x80000ec4 (0x4043b813) sltiu   a6, t2, 1028
core   0: 3 0x80000ec4 (0x4043b813) x16 0x00000000
core   0: 0x80000ec8 (0xe2b1e113) ori     sp, gp, -469
core   0: 3 0x80000ec8 (0xe2b1e113) x 2 0xfffffe2b
core   0: 0x80000ecc (0x00c9b0b3) sltu    ra, s3, a2
core   0: 3 0x80000ecc (0x00c9b0b3) x 1 0x00000000
core   0: 0x80000ed0 (0xb244ee13) ori     t3, s1, -1244
core   0: 3 0x80000ed0 (0xb244ee13) x28 0xfffffb24
core   0: 0x80000ed4 (0x01025333) srl     t1, tp, a6
core   0: 3 0x80000ed4 (0x01025333) x 6 0x00000000
core   0: 0x80000ed8 (0x00000013) nop
core   0: 3 0x80000ed8 (0x00000013)
core   0: 0x80000edc (0x976ae913) ori     s2, s5, -1674
core   0: 3 0x80000edc (0x976ae913) x18 0xfffff976
core   0: 0x80000ee0 (0x40a2de33) sra     t3, t0, a0
core   0: 3 0x80000ee0 (0x40a2de33) x28 0xfffffdef
core   0: 0x80000ee4 (0x0065b0b3) sltu    ra, a1, t1
core   0: 3 0x80000ee4 (0x0065b0b3) x 1 0x00000000
core   0: 0x80000ee8 (0x01cc4b33) xor     s6, s8, t3
core   0: 3 0x80000ee8 (0x01cc4b33) x22 0x10fffdef
core   0: 0x80000eec (0xda92c093) xori    ra, t0, -599
core   0: 3 0x80000eec (0xda92c093) x 1 0x00000046
core   0: 0x80000ef0 (0x00793533) sltu    a0, s2, t2
core   0: 3 0x80000ef0 (0x00793533) x10 0x00000000
core   0: 0x80000ef4 (0x413205b3) sub     a1, tp, s3
core   0: 3 0x80000ef4 (0x413205b3) x11 0x00000184
core   0: 0x80000ef8 (0x176f3213) sltiu   tp, t5, 374
core   0: 3 0x80000ef8 (0x176f3213) x 4 0x00000000
core   0: 0x80000efc (0x401c0233) sub     tp, s8, ra
core   0: 3 0x80000efc (0x401c0233) x 4 0xeeffffba
core   0: 0x80000f00 (0x41a680b3) sub     ra, a3, s10
core   0: 3 0x80000f00 (0x41a680b3) x 1 0x00000002
core   0: 0x80000f04 (0x00765e33) srl     t3, a2, t2
core   0: 3 0x80000f04 (0x00765e33) x28 0x080015ce
core   0: 0x80000f08 (0x008fa433) slt     s0, t6, s0
core   0: 3 0x80000f08 (0x008fa433) x 8 0x00000001
core   0: 0x80000f0c (0x01d6b733) sltu    a4, a3, t4
core   0: 3 0x80000f0c (0x01d6b733) x14 0x00000001
core   0: 0x80000f10 (0x0021adb3) slt     s11, gp, sp
core   0: 3 0x80000f10 (0x0021adb3) x27 0x00000000
core   0: 0x80000f14 (0x01c11a93) slli    s5, sp, 28
core   0: 3 0x80000f14 (0x01c11a93) x21 0xb0000000
core   0: 0x80000f18 (0xe1cb8317) auipc   t1, 0xe1cb8
core   0: 3 0x80000f18 (0xe1cb8317) x 6 0x61cb8f18
core   0: 0x80000f1c (0x01b44433) xor     s0, s0, s11
core   0: 3 0x80000f1c (0x01b44433) x 8 0x00000001
core   0: 0x80000f20 (0x006f3e33) sltu    t3, t5, t1
core   0: 3 0x80000f20 (0x006f3e33) x28 0x00000000
core   0: 0x80000f24 (0x01c39433) sll     s0, t2, t3
core   0: 3 0x80000f24 (0x01c39433) x 8 0x80011e64
core   0: 0x80000f28 (0x81adea93) ori     s5, s11, -2022
core   0: 3 0x80000f28 (0x81adea93) x21 0xfffff81a
core   0: 0x80000f2c (0x0066b333) sltu    t1, a3, t1
core   0: 3 0x80000f2c (0x0066b333) x 6 0x00000001
core   0: 0x80000f30 (0x00941533) sll     a0, s0, s1
core   0: 3 0x80000f30 (0x00941533) x10 0x80011e64
core   0: 0x80000f34 (0x00919313) slli    t1, gp, 9
core   0: 3 0x80000f34 (0x00919313) x 6 0x00200000
core   0: 0x80000f38 (0x4c4d6693) ori     a3, s10, 1220
core   0: 3 0x80000f38 (0x4c4d6693) x13 0x000004c4
core   0: 0x80000f3c (0x2a26ac37) lui     s8, 0x2a26a
core   0: 3 0x80000f3c (0x2a26ac37) x24 0x2a26a000
core   0: 0x80000f40 (0x0042d9b3) srl     s3, t0, tp
core   0: 3 0x80000f40 (0x0042d9b3) x19 0x0000003f
core   0: 0x80000f44 (0x004d5e93) srli    t4, s10, 4
core   0: 3 0x80000f44 (0x004d5e93) x29 0x00000000
core   0: 0x80000f48 (0x419c5893) srai    a7, s8, 25
core   0: 3 0x80000f48 (0x419c5893) x17 0x00000015
core   0: 0x80000f4c (0x00124eb3) xor     t4, tp, ra
core   0: 3 0x80000f4c (0x00124eb3) x29 0xeeffffb8
core   0: 0x80000f50 (0x858e4e93) xori    t4, t3, -1960
core   0: 3 0x80000f50 (0x858e4e93) x29 0xfffff858
core   0: 0x80000f54 (0x7c4d4713) xori    a4, s10, 1988
core   0: 3 0x80000f54 (0x7c4d4713) x14 0x000007c4
core   0: 0x80000f58 (0x978da093) slti    ra, s11, -1672
core   0: 3 0x80000f58 (0x978da093) x 1 0x00000000
core   0: 0x80000f5c (0x2bb77b93) andi    s7, a4, 699
core   0: 3 0x80000f5c (0x2bb77b93) x23 0x00000280
core   0: 0x80000f60 (0x4092d933) sra     s2, t0, s1
core   0: 3 0x80000f60 (0x4092d933) x18 0xfffffdef
core   0: 0x80000f64 (0x62206c13) ori     s8, zero, 1570
core   0: 3 0x80000f64 (0x62206c13) x24 0x00000622
core   0: 0x80000f68 (0x01e0d813) srli    a6, ra, 30
core   0: 3 0x80000f68 (0x01e0d813) x16 0x00000000
core   0: 0x80000f6c (0x014c7033) and     zero, s8, s4
core   0: 3 0x80000f6c (0x014c7033)
core   0: 0x80000f70 (0x4051df33) sra     t5, gp, t0
core   0: 3 0x80000f70 (0x4051df33) x30 0x00000000
core   0: 0x80000f74 (0xd543ca13) xori    s4, t2, -684
core   0: 3 0x80000f74 (0xd543ca13) x20 0x7ffee330
core   0: 0x80000f78 (0x01bdc533) xor     a0, s11, s11
core   0: 3 0x80000f78 (0x01bdc533) x10 0x00000000
core   0: 0x80000f7c (0xdadb1d97) auipc   s11, 0xdadb1
core   0: 3 0x80000f7c (0xdadb1d97) x27 0x5adb1f7c
core   0: 0x80000f80 (0xf9c08bb7) lui     s7, 0xf9c08
core   0: 3 0x80000f80 (0xf9c08bb7) x23 0xf9c08000
core   0: 0x80000f84 (0x00148ab3) add     s5, s1, ra
core   0: 3 0x80000f84 (0x00148ab3) x21 0x00000000
core   0: 0x80000f88 (0x7c808593) addi    a1, ra, 1992
core   0: 3 0x80000f88 (0x7c808593) x11 0x000007c8
core   0: 0x80000f8c (0x0067a033) slt     zero, a5, t1
core   0: 3 0x80000f8c (0x0067a033)
core   0: 0x80000f90 (0x00000013) nop
core   0: 3 0x80000f90 (0x00000013)
core   0: 0x80000f94 (0x01bfd413) srli    s0, t6, 27
core   0: 3 0x80000f94 (0x01bfd413) x 8 0x0000001c
core   0: 0x80000f98 (0x01ff36b3) sltu    a3, t5, t6
core   0: 3 0x80000f98 (0x01ff36b3) x13 0x00000001
core   0: 0x80000f9c (0x40cb5ab3) sra     s5, s6, a2
core   0: 3 0x80000f9c (0x40cb5ab3) x21 0x010fffde
core   0: 0x80000fa0 (0x00e836b3) sltu    a3, a6, a4
core   0: 3 0x80000fa0 (0x00e836b3) x13 0x00000001
core   0: 0x80000fa4 (0x0191e0b3) or      ra, gp, s9
core   0: 3 0x80000fa4 (0x0191e0b3) x 1 0x000013b3
core   0: 0x80000fa8 (0x01b28e33) add     t3, t0, s11
core   0: 3 0x80000fa8 (0x01b28e33) x28 0x5adb1d6b
core   0: 0x80000fac (0x40030bb3) sub     s7, t1, zero
core   0: 3 0x80000fac (0x40030bb3) x23 0x00200000
core   0: 0x80000fb0 (0x41554293) xori    t0, a0, 1045
core   0: 3 0x80000fb0 (0x41554293) x 5 0x00000415
core   0: 0x80000fb4 (0x00000013) nop
core   0: 3 0x80000fb4 (0x00000013)
core   0: 0x80000fb8 (0xc053f713) andi    a4, t2, -1019
core   0: 3 0x80000fb8 (0xc053f713) x14 0x80011c04
core   0: 0x80000fbc (0xaa7a7593) andi    a1, s4, -1369
core   0: 3 0x80000fbc (0xaa7a7593) x11 0x7ffee220
core   0: 0x80000fc0 (0x6a0db993) sltiu   s3, s11, 1696
core   0: 3 0x80000fc0 (0x6a0db993) x19 0x00000000
core   0: 0x80000fc4 (0x5570b493) sltiu   s1, ra, 1367
core   0: 3 0x80000fc4 (0x5570b493) x 9 0x00000000
core   0: 0x80000fc8 (0x003baab3) slt     s5, s7, gp
core   0: 3 0x80000fc8 (0x003baab3) x21 0x00000000
core   0: 0x80000fcc (0x01199733) sll     a4, s3, a7
core   0: 3 0x80000fcc (0x01199733) x14 0x00000000
core   0: 0x80000fd0 (0x41270333) sub     t1, a4, s2
core   0: 3 0x80000fd0 (0x41270333) x 6 0x00000211
core   0: 0x80000fd4 (0xf47ffe37) lui     t3, 0xf47ff
core   0: 3 0x80000fd4 (0xf47ffe37) x28 0xf47ff000
core   0: 0x80000fd8 (0xad0e8913) addi    s2, t4, -1328
core   0: 3 0x80000fd8 (0xad0e8913) x18 0xfffff328
core   0: 0x80000fdc (0x019af2b3) and     t0, s5, s9
core   0: 3 0x80000fdc (0x019af2b3) x 5 0x00000000
core   0: 0x80000fe0 (0x77eafa13) andi    s4, s5, 1918
core   0: 3 0x80000fe0 (0x77eafa13) x20 0x00000000
core   0: 0x80000fe4 (0x40575833) sra     a6, a4, t0
core   0: 3 0x80000fe4 (0x40575833) x16 0x00000000
core   0: 0x80000fe8 (0x0047da13) srli    s4, a5, 4
core   0: 3 0x80000fe8 (0x0047da13) x20 0x0e7aed0d
core   0: 0x80000fec (0x00c809b3) add     s3, a6, a2
core   0: 3 0x80000fec (0x00c809b3) x19 0x80015ce4
core   0: 0x80000ff0 (0x34f06fb7) lui     t6, 0x34f06
core   0: 3 0x80000ff0 (0x34f06fb7) x31 0x34f06000
core   0: 0x80000ff4 (0x35cf8f93) addi    t6, t6, 860
core   0: 3 0x80000ff4 (0x35cf8f93) x31 0x34f0635c
core   0: 0x80000ff8 (0x19f7f1b7) lui     gp, 0x19f7f
core   0: 3 0x80000ff8 (0x19f7f1b7) x 3 0x19f7f000
core   0: 0x80000ffc (0xee318193) addi    gp, gp, -285
core   0: 3 0x80000ffc (0xee318193) x 3 0x19f7eee3
core   0: 0x80001000 (0xfff00d93) li      s11, -1
core   0: 3 0x80001000 (0xfff00d93) x27 0xffffffff
core   0: 0x80001004 (0xfff00b93) li      s7, -1
core   0: 3 0x80001004 (0xfff00b93) x23 0xffffffff
core   0: 0x80001008 (0x00000c93) li      s9, 0
core   0: 3 0x80001008 (0x00000c93) x25 0x00000000
core   0: 0x8000100c (0xfff00d13) li      s10, -1
core   0: 3 0x8000100c (0xfff00d13) x26 0xffffffff
core   0: 0x80001010 (0xa5462f37) lui     t5, 0xa5462
core   0: 3 0x80001010 (0xa5462f37) x30 0xa5462000
core   0: 0x80001014 (0x729f0f13) addi    t5, t5, 1833
core   0: 3 0x80001014 (0x729f0f13) x30 0xa5462729
core   0: 0x80001018 (0x00000493) li      s1, 0
core   0: 3 0x80001018 (0x00000493) x 9 0x00000000
core   0: 0x8000101c (0x00000813) li      a6, 0
core   0: 3 0x8000101c (0x00000813) x16 0x00000000
core   0: 0x80001020 (0x00000413) li      s0, 0
core   0: 3 0x80001020 (0x00000413) x 8 0x00000000
core   0: 0x80001024 (0x003801b3) add     gp, a6, gp
core   0: 3 0x80001024 (0x003801b3) x 3 0x19f7eee3
core   0: 0x80001028 (0x00000013) nop
core   0: 3 0x80001028 (0x00000013)
core   0: 0x8000102c (0x768f9817) auipc   a6, 0x768f9
core   0: 3 0x8000102c (0x768f9817) x16 0xf68fa02c
core   0: 0x80001030 (0xa73d8f93) addi    t6, s11, -1421
core   0: 3 0x80001030 (0xa73d8f93) x31 0xfffffa72
core   0: 0x80001034 (0x00000013) nop
core   0: 3 0x80001034 (0x00000013)
core   0: 0x80001038 (0x019f0433) add     s0, t5, s9
core   0: 3 0x80001038 (0x019f0433) x 8 0xa5462729
core   0: 0x8000103c (0xc9a06f37) lui     t5, 0xc9a06
core   0: 3 0x8000103c (0xc9a06f37) x30 0xc9a06000
core   0: 0x80001040 (0xe51ccf17) auipc   t5, 0xe51cc
core   0: 3 0x80001040 (0xe51ccf17) x30 0x651cd040
core   0: 0x80001044 (0x01740fb3) add     t6, s0, s7
core   0: 3 0x80001044 (0x01740fb3) x31 0xa5462728
core   0: 0x80001048 (0x00000013) nop
core   0: 3 0x80001048 (0x00000013)
core   0: 0x8000104c (0x40940f33) sub     t5, s0, s1
core   0: 3 0x8000104c (0x40940f33) x30 0xa5462729
core   0: 0x80001050 (0x201e2417) auipc   s0, 0x201e2
core   0: 3 0x80001050 (0x201e2417) x 8 0xa01e3050
core   0: 0x80001054 (0x41ac8bb3) sub     s7, s9, s10
core   0: 3 0x80001054 (0x41ac8bb3) x23 0x00000001
core   0: 0x80001058 (0x41e804b3) sub     s1, a6, t5
core   0: 3 0x80001058 (0x41e804b3) x 9 0x51497903
core   0: 0x8000105c (0x40980db3) sub     s11, a6, s1
core   0: 3 0x8000105c (0x40980db3) x27 0xa5462729
core   0: 0x80001060 (0x419c8833) sub     a6, s9, s9
core   0: 3 0x80001060 (0x419c8833) x16 0x00000000
core   0: 0x80001064 (0x7ff1ad37) lui     s10, 0x7ff1a
core   0: 3 0x80001064 (0x7ff1ad37) x26 0x7ff1a000
core   0: 0x80001068 (0x75752293) slti    t0, a0, 1879
core   0: 3 0x80001068 (0x75752293) x 5 0x00000001
core   0: 0x8000106c (0x0175c5b3) xor     a1, a1, s7
core   0: 3 0x8000106c (0x0175c5b3) x11 0x7ffee221
core   0: 0x80001070 (0xca2e0713) addi    a4, t3, -862
core   0: 3 0x80001070 (0xca2e0713) x14 0xf47feca2
core   0: 0x80001074 (0x461a8693) addi    a3, s5, 1121
core   0: 3 0x80001074 (0x461a8693) x13 0x00000461
core   0: 0x80001078 (0x53e88e17) auipc   t3, 0x53e88
core   0: 3 0x80001078 (0x53e88e17) x28 0xd3e89078
core   0: 0x8000107c (0x7c9b4a13) xori    s4, s6, 1993
core   0: 3 0x8000107c (0x7c9b4a13) x20 0x10fffa26
core   0: 0x80001080 (0x41da5033) sra     zero, s4, t4
core   0: 3 0x80001080 (0x41da5033)
core   0: 0x80001084 (0x015f52b3) srl     t0, t5, s5
core   0: 3 0x80001084 (0x015f52b3) x 5 0xa5462729
core   0: 0x80001088 (0x00000013) nop
core   0: 3 0x80001088 (0x00000013)
core   0: 0x8000108c (0xd258c193) xori    gp, a7, -731
core   0: 3 0x8000108c (0xd258c193) x 3 0xfffffd30
core   0: 0x80001090 (0x40cfad13) slti    s10, t6, 1036
core   0: 3 0x80001090 (0x40cfad13) x26 0x00000001
core   0: 0x80001094 (0x9bfec593) xori    a1, t4, -1601
core   0: 3 0x80001094 (0x9bfec593) x11 0x000001e7
core   0: 0x80001098 (0x015d0cb3) add     s9, s10, s5
core   0: 3 0x80001098 (0x015d0cb3) x25 0x00000001
core   0: 0x8000109c (0x00092f33) slt     t5, s2, zero
core   0: 3 0x8000109c (0x00092f33) x30 0x00000001
core   0: 0x800010a0 (0x01a920b3) slt     ra, s2, s10
core   0: 3 0x800010a0 (0x01a920b3) x 1 0x00000001
core   0: 0x800010a4 (0x01544033) xor     zero, s0, s5
core   0: 3 0x800010a4 (0x01544033)
core   0: 0x800010a8 (0x01e5d0b3) srl     ra, a1, t5
core   0: 3 0x800010a8 (0x01e5d0b3) x 1 0x000000f3
core   0: 0x800010ac (0xadaf7a13) andi    s4, t5, -1318
core   0: 3 0x800010ac (0xadaf7a13) x20 0x00000000
core   0: 0x800010b0 (0x00000013) nop
core   0: 3 0x800010b0 (0x00000013)
core   0: 0x800010b4 (0xa35d6513) ori     a0, s10, -1483
core   0: 3 0x800010b4 (0xa35d6513) x10 0xfffffa35
core   0: 0x800010b8 (0x01ed3133) sltu    sp, s10, t5
core   0: 3 0x800010b8 (0x01ed3133) x 2 0x00000000
core   0: 0x800010bc (0x00000013) nop
core   0: 3 0x800010bc (0x00000013)
core   0: 0x800010c0 (0x41d38833) sub     a6, t2, t4
core   0: 3 0x800010c0 (0x41d38833) x16 0x8001260c
core   0: 0x800010c4 (0x95c47493) andi    s1, s0, -1700
core   0: 3 0x800010c4 (0x95c47493) x 9 0xa01e3050
core   0: 0x800010c8 (0x018b5a93) srli    s5, s6, 24
core   0: 3 0x800010c8 (0x018b5a93) x21 0x00000010
core   0: 0x800010cc (0x0007fbb3) and     s7, a5, zero
core   0: 3 0x800010cc (0x0007fbb3) x23 0x00000000
core   0: 0x800010d0 (0x3d36e737) lui     a4, 0x3d36e
core   0: 3 0x800010d0 (0x3d36e737) x14 0x3d36e000
core   0: 0x800010d4 (0x00778c33) add     s8, a5, t2
core   0: 3 0x800010d4 (0x00778c33) x24 0x67afef43
core   0: 0x800010d8 (0x2b566413) ori     s0, a2, 693
core   0: 3 0x800010d8 (0x2b566413) x 8 0x80015ef5
core   0: 0x800010dc (0x01c52b33) slt     s6, a0, t3
core   0: 3 0x800010dc (0x01c52b33) x22 0x00000000
core   0: 0x800010e0 (0x007f4db3) xor     s11, t5, t2
core   0: 3 0x800010e0 (0x007f4db3) x27 0x80011e65
core   0: 0x800010e4 (0x75f20593) addi    a1, tp, 1887
core   0: 3 0x800010e4 (0x75f20593) x11 0xef000719
core   0: 0x800010e8 (0x00a15c93) srli    s9, sp, 10
core   0: 3 0x800010e8 (0x00a15c93) x25 0x00000000
core   0: 0x800010ec (0x40a90a33) sub     s4, s2, a0
core   0: 3 0x800010ec (0x40a90a33) x20 0xfffff8f3
core   0: 0x800010f0 (0x5302c693) xori    a3, t0, 1328
core   0: 3 0x800010f0 (0x5302c693) x13 0xa5462219
core   0: 0x800010f4 (0x01f4c9b3) xor     s3, s1, t6
core   0: 3 0x800010f4 (0x01f4c9b3) x19 0x05581778
core   0: 0x800010f8 (0x01454eb3) xor     t4, a0, s4
core   0: 3 0x800010f8 (0x01454eb3) x29 0x000002c6
core   0: 0x800010fc (0x000a0d33) add     s10, s4, zero
core   0: 3 0x800010fc (0x000a0d33) x26 0xfffff8f3
core   0: 0x80001100 (0x01b6cd33) xor     s10, a3, s11
core   0: 3 0x80001100 (0x01b6cd33) x26 0x25473c7c
core   0: 0x80001104 (0x41d204b3) sub     s1, tp, t4
core   0: 3 0x80001104 (0x41d204b3) x 9 0xeefffcf4
core   0: 0x80001108 (0x12c8cb93) xori    s7, a7, 300
core   0: 3 0x80001108 (0x12c8cb93) x23 0x00000139
core   0: 0x8000110c (0x00000013) nop
core   0: 3 0x8000110c (0x00000013)
core   0: 0x80001110 (0x40b48833) sub     a6, s1, a1
core   0: 3 0x80001110 (0x40b48833) x16 0xfffff5db
core   0: 0x80001114 (0x00000013) nop
core   0: 3 0x80001114 (0x00000013)
core   0: 0x80001118 (0xa8683293) sltiu   t0, a6, -1402
core   0: 3 0x80001118 (0xa8683293) x 5 0x00000001
core   0: 0x8000111c (0xc8a66a13) ori     s4, a2, -886
core   0: 3 0x8000111c (0xc8a66a13) x20 0xfffffcee
core   0: 0x80001120 (0x018851b3) srl     gp, a6, s8
core   0: 3 0x80001120 (0x018851b3) x 3 0x1ffffebb
core   0: 0x80001124 (0x0031d433) srl     s0, gp, gp
core   0: 3 0x80001124 (0x0031d433) x 8 0x00000003
core   0: 0x80001128 (0x13597d93) andi    s11, s2, 309
core   0: 3 0x80001128 (0x13597d93) x27 0x00000120
core   0: 0x8000112c (0x01a11d13) slli    s10, sp, 26
core   0: 3 0x8000112c (0x01a11d13) x26 0x00000000
core   0: 0x80001130 (0x87968093) addi    ra, a3, -1927
core   0: 3 0x80001130 (0x87968093) x 1 0xa5461a92
core   0: 0x80001134 (0x01b11193) slli    gp, sp, 27
core   0: 3 0x80001134 (0x01b11193) x 3 0x00000000
core   0: 0x80001138 (0x017154b3) srl     s1, sp, s7
core   0: 3 0x80001138 (0x017154b3) x 9 0x00000000
core   0: 0x8000113c (0xe4ad3513) sltiu   a0, s10, -438
core   0: 3 0x8000113c (0xe4ad3513) x10 0x00000001
core   0: 0x80001140 (0x41565db3) sra     s11, a2, s5
core   0: 3 0x80001140 (0x41565db3) x27 0xffff8001
core   0: 0x80001144 (0x704a7413) andi    s0, s4, 1796
core   0: 3 0x80001144 (0x704a7413) x 8 0x00000404
core   0: 0x80001148 (0xbd9a8713) addi    a4, s5, -1063
core   0: 3 0x80001148 (0xbd9a8713) x14 0xfffffbe9
core   0: 0x8000114c (0x013c5533) srl     a0, s8, s3
core   0: 3 0x8000114c (0x013c5533) x10 0x00000067
core   0: 0x80001150 (0x01ed9893) slli    a7, s11, 30
core   0: 3 0x80001150 (0x01ed9893) x17 0x40000000
core   0: 0x80001154 (0x3f86c193) xori    gp, a3, 1016
core   0: 3 0x80001154 (0x3f86c193) x 3 0xa54621e1
core   0: 0x80001158 (0x009ce8b3) or      a7, s9, s1
core   0: 3 0x80001158 (0x009ce8b3) x17 0x00000000
core   0: 0x8000115c (0x00dce233) or      tp, s9, a3
core   0: 3 0x8000115c (0x00dce233) x 4 0xa5462219
core   0: 0x80001160 (0xf0e46f13) ori     t5, s0, -242
core   0: 3 0x80001160 (0xf0e46f13) x30 0xffffff0e
core   0: 0x80001164 (0x70f572b7) lui     t0, 0x70f57
core   0: 3 0x80001164 (0x70f572b7) x 5 0x70f57000
core   0: 0x80001168 (0x4046d993) srai    s3, a3, 4
core   0: 3 0x80001168 (0x4046d993) x19 0xfa546221
core   0: 0x8000116c (0x00712b33) slt     s6, sp, t2
core   0: 3 0x8000116c (0x00712b33) x22 0x00000000
core   0: 0x80001170 (0x5b564b93) xori    s7, a2, 1461
core   0: 3 0x80001170 (0x5b564b93) x23 0x80015951
core   0: 0x80001174 (0x41728c33) sub     s8, t0, s7
core   0: 3 0x80001174 (0x41728c33) x24 0xf0f416af
core   0: 0x80001178 (0x005f00b3) add     ra, t5, t0
core   0: 3 0x80001178 (0x005f00b3) x 1 0x70f56f0e
core   0: 0x8000117c (0x40fa06b3) sub     a3, s4, a5
core   0: 3 0x8000117c (0x40fa06b3) x13 0x18512c0f
core   0: 0x80001180 (0x01c65513) srli    a0, a2, 28
core   0: 3 0x80001180 (0x01c65513) x10 0x00000008
core   0: 0x80001184 (0xe03a7a93) andi    s5, s4, -509
core   0: 3 0x80001184 (0xe03a7a93) x21 0xfffffc02
core   0: 0x80001188 (0xfc394193) xori    gp, s2, -61
core   0: 3 0x80001188 (0xfc394193) x 3 0x00000ceb
core   0: 0x8000118c (0x001f3db3) sltu    s11, t5, ra
core   0: 3 0x8000118c (0x001f3db3) x27 0x00000000
core   0: 0x80001190 (0x1a8fa013) slti    zero, t6, 424
core   0: 3 0x80001190 (0x1a8fa013)
core   0: 0x80001194 (0x1fa1fb93) andi    s7, gp, 506
core   0: 3 0x80001194 (0x1fa1fb93) x23 0x000000ea
core   0: 0x80001198 (0x00000013) nop
core   0: 3 0x80001198 (0x00000013)
core   0: 0x8000119c (0xcd4bf693) andi    a3, s7, -812
core   0: 3 0x8000119c (0xcd4bf693) x13 0x000000c0
core   0: 0x800011a0 (0xc8b82c13) slti    s8, a6, -885
core   0: 3 0x800011a0 (0xc8b82c13) x24 0x00000001
core   0: 0x800011a4 (0xf3520213) addi    tp, tp, -203
core   0: 3 0x800011a4 (0xf3520213) x 4 0xa546214e
core   0: 0x800011a8 (0x412d5693) srai    a3, s10, 18
core   0: 3 0x800011a8 (0x412d5693) x13 0x00000000
core   0: 0x800011ac (0x79a2f193) andi    gp, t0, 1946
core   0: 3 0x800011ac (0x79a2f193) x 3 0x00000000
core   0: 0x800011b0 (0x002900b3) add     ra, s2, sp
core   0: 3 0x800011b0 (0x002900b3) x 1 0xfffff328
core   0: 0x800011b4 (0x5d82b293) sltiu   t0, t0, 1496
core   0: 3 0x800011b4 (0x5d82b293) x 5 0x00000000
core   0: 0x800011b8 (0x417709b3) sub     s3, a4, s7
core   0: 3 0x800011b8 (0x417709b3) x19 0xfffffaff
core   0: 0x800011bc (0x73e46c13) ori     s8, s0, 1854
core   0: 3 0x800011bc (0x73e46c13) x24 0x0000073e
core   0: 0x800011c0 (0xb199b513) sltiu   a0, s3, -1255
core   0: 3 0x800011c0 (0xb199b513) x10 0x00000001
core   0: 0x800011c4 (0x00621b93) slli    s7, tp, 6
core   0: 3 0x800011c4 (0x00621b93) x23 0x51885380
core   0: 0x800011c8 (0x012e4e33) xor     t3, t3, s2
core   0: 3 0x800011c8 (0x012e4e33) x28 0x2c176350
core   0: 0x800011cc (0x005af8b3) and     a7, s5, t0
core   0: 3 0x800011cc (0x005af8b3) x17 0x00000000
core   0: 0x800011d0 (0x00a602b3) add     t0, a2, a0
core   0: 3 0x800011d0 (0x00a602b3) x 5 0x80015ce5
core   0: 0x800011d4 (0x0051c733) xor     a4, gp, t0
core   0: 3 0x800011d4 (0x0051c733) x14 0x80015ce5
core   0: 0x800011d8 (0x00cd1eb3) sll     t4, s10, a2
core   0: 3 0x800011d8 (0x00cd1eb3) x29 0x00000000
core   0: 0x800011dc (0x00465913) srli    s2, a2, 4
core   0: 3 0x800011dc (0x00465913) x18 0x080015ce
core   0: 0x800011e0 (0x00572333) slt     t1, a4, t0
core   0: 3 0x800011e0 (0x00572333) x 6 0x00000000
core   0: 0x800011e4 (0x001b4033) xor     zero, s6, ra
core   0: 3 0x800011e4 (0x001b4033)
core   0: 0x800011e8 (0x38132593) slti    a1, t1, 897
core   0: 3 0x800011e8 (0x38132593) x11 0x00000001
core   0: 0x800011ec (0x1602cd93) xori    s11, t0, 352
core   0: 3 0x800011ec (0x1602cd93) x27 0x80015d85
core   0: 0x800011f0 (0x3da2f593) andi    a1, t0, 986
core   0: 3 0x800011f0 (0x3da2f593) x11 0x000000c0
core   0: 0x800011f4 (0x17983f13) sltiu   t5, a6, 377
core   0: 3 0x800011f4 (0x17983f13) x30 0x00000000
core   0: 0x800011f8 (0x00000013) nop
core   0: 3 0x800011f8 (0x00000013)
core   0: 0x800011fc (0xa1653093) sltiu   ra, a0, -1514
core   0: 3 0x800011fc (0xa1653093) x 1 0x00000001
core   0: 0x80001200 (0x00ccfc33) and     s8, s9, a2
core   0: 3 0x80001200 (0x00ccfc33) x24 0x00000000
core   0: 0x80001204 (0x00c51e93) slli    t4, a0, 12
core   0: 3 0x80001204 (0x00c51e93) x29 0x00001000
core   0: 0x80001208 (0x82327193) andi    gp, tp, -2013
core   0: 3 0x80001208 (0x82327193) x 3 0xa5462002
core   0: 0x8000120c (0x00516a33) or      s4, sp, t0
core   0: 3 0x8000120c (0x00516a33) x20 0x80015ce5
core   0: 0x80001210 (0x01425bb3) srl     s7, tp, s4
core   0: 3 0x80001210 (0x01425bb3) x23 0x052a310a
core   0: 0x80001214 (0x003cb733) sltu    a4, s9, gp
core   0: 3 0x80001214 (0x003cb733) x14 0x00000001
core   0: 0x80001218 (0x012626b3) slt     a3, a2, s2
core   0: 3 0x80001218 (0x012626b3) x13 0x00000001
core   0: 0x8000121c (0x226beeb7) lui     t4, 0x226be
core   0: 3 0x8000121c (0x226beeb7) x29 0x226be000
core   0: 0x80001220 (0x01abd933) srl     s2, s7, s10
core   0: 3 0x80001220 (0x01abd933) x18 0x052a310a
core   0: 0x80001224 (0xdc80c2b7) lui     t0, 0xdc80c
core   0: 3 0x80001224 (0xdc80c2b7) x 5 0xdc80c000
core   0: 0x80001228 (0x5fcae313) ori     t1, s5, 1532
core   0: 3 0x80001228 (0x5fcae313) x 6 0xfffffdfe
core   0: 0x8000122c (0x009e1b93) slli    s7, t3, 9
core   0: 3 0x8000122c (0x009e1b93) x23 0x2ec6a000
core   0: 0x80001230 (0x406a01b3) sub     gp, s4, t1
core   0: 3 0x80001230 (0x406a01b3) x 3 0x80015ee7
core   0: 0x80001234 (0x01579133) sll     sp, a5, s5
core   0: 3 0x80001234 (0x01579133) x 2 0x9ebb437c
core   0: 0x80001238 (0x4019c713) xori    a4, s3, 1025
core   0: 3 0x80001238 (0x4019c713) x14 0xfffffefe
core   0: 0x8000123c (0xe078b893) sltiu   a7, a7, -505
core   0: 3 0x8000123c (0xe078b893) x17 0x00000001
core   0: 0x80001240 (0x013a9e33) sll     t3, s5, s3
core   0: 3 0x80001240 (0x013a9e33) x28 0x00000000
core   0: 0x80001244 (0x00b2b933) sltu    s2, t0, a1
core   0: 3 0x80001244 (0x00b2b933) x18 0x00000000
core   0: 0x80001248 (0x406e0ab3) sub     s5, t3, t1
core   0: 3 0x80001248 (0x406e0ab3) x21 0x00000202
core   0: 0x8000124c (0x33d57713) andi    a4, a0, 829
core   0: 3 0x8000124c (0x33d57713) x14 0x00000001
core   0: 0x80001250 (0x0104eeb3) or      t4, s1, a6
core   0: 3 0x80001250 (0x0104eeb3) x29 0xfffff5db
core   0: 0x80001254 (0xa913b193) sltiu   gp, t2, -1391
core   0: 3 0x80001254 (0xa913b193) x 3 0x00000001
core   0: 0x80001258 (0x019a8833) add     a6, s5, s9
core   0: 3 0x80001258 (0x019a8833) x16 0x00000202
core   0: 0x8000125c (0xd565fa17) auipc   s4, 0xd565f
core   0: 3 0x8000125c (0xd565fa17) x20 0x5566025c
core   0: 0x80001260 (0x97316813) ori     a6, sp, -1677
core   0: 3 0x80001260 (0x97316813) x16 0xfffffb7f
core   0: 0x80001264 (0x9c2a2893) slti    a7, s4, -1598
core   0: 3 0x80001264 (0x9c2a2893) x17 0x00000000
core   0: 0x80001268 (0xbbe9bd93) sltiu   s11, s3, -1090
core   0: 3 0x80001268 (0xbbe9bd93) x27 0x00000001
core   0: 0x8000126c (0xe8d4f537) lui     a0, 0xe8d4f
core   0: 3 0x8000126c (0xe8d4f537) x10 0xe8d4f000
core   0: 0x80001270 (0x00a22cb3) slt     s9, tp, a0
core   0: 3 0x80001270 (0x00a22cb3) x25 0x00000001
core   0: 0x80001274 (0x406a5bb3) sra     s7, s4, t1
core   0: 3 0x80001274 (0x406a5bb3) x23 0x00000001
core   0: 0x80001278 (0x01fedf13) srli    t5, t4, 31
core   0: 3 0x80001278 (0x01fedf13) x30 0x00000001
core   0: 0x8000127c (0x00000013) nop
core   0: 3 0x8000127c (0x00000013)
core   0: 0x80001280 (0x908d8f93) addi    t6, s11, -1784
core   0: 3 0x80001280 (0x908d8f93) x31 0xfffff909
core   0: 0x80001284 (0x0097db93) srli    s7, a5, 9
core   0: 3 0x80001284 (0x0097db93) x23 0x0073d768
core   0: 0x80001288 (0x00089b33) sll     s6, a7, zero
core   0: 3 0x80001288 (0x00089b33) x22 0x00000000
core   0: 0x8000128c (0xd2b6f413) andi    s0, a3, -725
core   0: 3 0x8000128c (0xd2b6f413) x 8 0x00000001
core   0: 0x80001290 (0x0118d133) srl     sp, a7, a7
core   0: 3 0x80001290 (0x0118d133) x 2 0x00000000
core   0: 0x80001294 (0x00dc9cb3) sll     s9, s9, a3
core   0: 3 0x80001294 (0x00dc9cb3) x25 0x00000002
core   0: 0x80001298 (0x00e75a33) srl     s4, a4, a4
core   0: 3 0x80001298 (0x00e75a33) x20 0x00000000
core   0: 0x8000129c (0x947aad13) slti    s10, s5, -1721
core   0: 3 0x8000129c (0x947aad13) x26 0x00000000
core   0: 0x800012a0 (0x00c111b3) sll     gp, sp, a2
core   0: 3 0x800012a0 (0x00c111b3) x 3 0x00000000
core   0: 0x800012a4 (0x7d68b993) sltiu   s3, a7, 2006
core   0: 3 0x800012a4 (0x7d68b993) x19 0x00000001
core   0: 0x800012a8 (0xba272593) slti    a1, a4, -1118
core   0: 3 0x800012a8 (0xba272593) x11 0x00000000
core   0: 0x800012ac (0xbd20b213) sltiu   tp, ra, -1070
core   0: 3 0x800012ac (0xbd20b213) x 4 0x00000001
core   0: 0x800012b0 (0x68adc517) auipc   a0, 0x68adc
core   0: 3 0x800012b0 (0x68adc517) x10 0xe8add2b0
core   0: 0x800012b4 (0x003726b3) slt     a3, a4, gp
core   0: 3 0x800012b4 (0x003726b3) x13 0x00000000
core   0: 0x800012b8 (0x008c18b3) sll     a7, s8, s0
core   0: 3 0x800012b8 (0x008c18b3) x17 0x00000000
core   0: 0x800012bc (0x016fc8b3) xor     a7, t6, s6
core   0: 3 0x800012bc (0x016fc8b3) x17 0xfffff909
core   0: 0x800012c0 (0x0136a0b3) slt     ra, a3, s3
core   0: 3 0x800012c0 (0x0136a0b3) x 1 0x00000001
core   0: 0x800012c4 (0x8ee82413) slti    s0, a6, -1810
core   0: 3 0x800012c4 (0x8ee82413) x 8 0x00000000
core   0: 0x800012c8 (0x00d38733) add     a4, t2, a3
core   0: 3 0x800012c8 (0x00d38733) x14 0x80011e64
core   0: 0x800012cc (0xc9872313) slti    t1, a4, -872
core   0: 3 0x800012cc (0xc9872313) x 6 0x00000001
core   0: 0x800012d0 (0x00000013) nop
core   0: 3 0x800012d0 (0x00000013)
core   0: 0x800012d4 (0x01ec6fb3) or      t6, s8, t5
core   0: 3 0x800012d4 (0x01ec6fb3) x31 0x00000001
core   0: 0x800012d8 (0x015cc0b3) xor     ra, s9, s5
core   0: 3 0x800012d8 (0x015cc0b3) x 1 0x00000200
core   0: 0x800012dc (0x0078d133) srl     sp, a7, t2
core   0: 3 0x800012dc (0x0078d133) x 2 0x0fffff90
core   0: 0x800012e0 (0x00e79593) slli    a1, a5, 14
core   0: 3 0x800012e0 (0x00e79593) x11 0xb437c000
core   0: 0x800012e4 (0x01c3f8b3) and     a7, t2, t3
core   0: 3 0x800012e4 (0x01c3f8b3) x17 0x00000000
core   0: 0x800012e8 (0x00000013) nop
core   0: 3 0x800012e8 (0x00000013)
core   0: 0x800012ec (0x45e18e13) addi    t3, gp, 1118
core   0: 3 0x800012ec (0x45e18e13) x28 0x0000045e
core   0: 0x800012f0 (0x01298033) add     zero, s3, s2
core   0: 3 0x800012f0 (0x01298033)
core   0: 0x800012f4 (0x7c1c3d93) sltiu   s11, s8, 1985
core   0: 3 0x800012f4 (0x7c1c3d93) x27 0x00000001
core   0: 0x800012f8 (0x0052d313) srli    t1, t0, 5
core   0: 3 0x800012f8 (0x0052d313) x 6 0x06e40600
core   0: 0x800012fc (0x9c3fa813) slti    a6, t6, -1597
core   0: 3 0x800012fc (0x9c3fa813) x16 0x00000000
core   0: 0x80001300 (0x9896ee13) ori     t3, a3, -1655
core   0: 3 0x80001300 (0x9896ee13) x28 0xfffff989
core   0: 0x80001304 (0x003d4fb3) xor     t6, s10, gp
core   0: 3 0x80001304 (0x003d4fb3) x31 0x00000000
core   0: 0x80001308 (0xc907f093) andi    ra, a5, -880
core   0: 3 0x80001308 (0xc907f093) x 1 0xe7aed090
core   0: 0x8000130c (0x40468ab3) sub     s5, a3, tp
core   0: 3 0x8000130c (0x40468ab3) x21 0xffffffff
core   0: 0x80001310 (0x81222413) slti    s0, tp, -2030
core   0: 3 0x80001310 (0x81222413) x 8 0x00000000
core   0: 0x80001314 (0x4dea4537) lui     a0, 0x4dea4
core   0: 3 0x80001314 (0x4dea4537) x10 0x4dea4000
core   0: 0x80001318 (0x01a8abb3) slt     s7, a7, s10
core   0: 3 0x80001318 (0x01a8abb3) x23 0x00000000
core   0: 0x8000131c (0x01b94333) xor     t1, s2, s11
core   0: 3 0x8000131c (0x01b94333) x 6 0x00000001
core   0: 0x80001320 (0x00af12b3) sll     t0, t5, a0
core   0: 3 0x80001320 (0x00af12b3) x 5 0x00000001
core   0: 0x80001324 (0x00132fb3) slt     t6, t1, ra
core   0: 3 0x80001324 (0x00132fb3) x31 0x00000000
core   0: 0x80001328 (0xfc6741b7) lui     gp, 0xfc674
core   0: 3 0x80001328 (0xfc6741b7) x 3 0xfc674000
core   0: 0x8000132c (0x5da8eb13) ori     s6, a7, 1498
core   0: 3 0x8000132c (0x5da8eb13) x22 0x000005da
core   0: 0x80001330 (0x0098e4b3) or      s1, a7, s1
core   0: 3 0x80001330 (0x0098e4b3) x 9 0x00000000
core   0: 0x80001334 (0x40b75eb3) sra     t4, a4, a1
core   0: 3 0x80001334 (0x40b75eb3) x29 0x80011e64
core   0: 0x80001338 (0x41f0df13) srai    t5, ra, 31
core   0: 3 0x80001338 (0x41f0df13) x30 0xffffffff
core   0: 0x8000133c (0x75a06413) ori     s0, zero, 1882
core   0: 3 0x8000133c (0x75a06413) x 8 0x0000075a
core   0: 0x80001340 (0x406ad493) srai    s1, s5, 6
core   0: 3 0x80001340 (0x406ad493) x 9 0xffffffff
core   0: 0x80001344 (0x00dd01b3) add     gp, s10, a3
core   0: 3 0x80001344 (0x00dd01b3) x 3 0x00000000
core   0: 0x80001348 (0x00000013) nop
core   0: 3 0x80001348 (0x00000013)
core   0: 0x8000134c (0x00ed5533) srl     a0, s10, a4
core   0: 3 0x8000134c (0x00ed5533) x10 0x00000000
core   0: 0x80001350 (0x01a5cdb3) xor     s11, a1, s10
core   0: 3 0x80001350 (0x01a5cdb3) x27 0xb437c000
core   0: 0x80001354 (0x00000013) nop
core   0: 3 0x80001354 (0x00000013)
core   0: 0x80001358 (0x41158733) sub     a4, a1, a7
core   0: 3 0x80001358 (0x41158733) x14 0xb437c000
core   0: 0x8000135c (0x00000013) nop
core   0: 3 0x8000135c (0x00000013)
core   0: 0x80001360 (0x41e1da33) sra     s4, gp, t5
core   0: 3 0x80001360 (0x41e1da33) x20 0x00000000
core   0: 0x80001364 (0x400b8033) sub     zero, s7, zero
core   0: 3 0x80001364 (0x400b8033)
core   0: 0x80001368 (0x004eabb3) slt     s7, t4, tp
core   0: 3 0x80001368 (0x004eabb3) x23 0x00000001
core   0: 0x8000136c (0x884c6d13) ori     s10, s8, -1916
core   0: 3 0x8000136c (0x884c6d13) x26 0xfffff884
core   0: 0x80001370 (0x0187a5b3) slt     a1, a5, s8
core   0: 3 0x80001370 (0x0187a5b3) x11 0x00000001
core   0: 0x80001374 (0x41715693) srai    a3, sp, 23
core   0: 3 0x80001374 (0x41715693) x13 0x0000001f
core   0: 0x80001378 (0x00000013) nop
core   0: 3 0x80001378 (0x00000013)
core   0: 0x8000137c (0x40395f93) srai    t6, s2, 3
core   0: 3 0x8000137c (0x40395f93) x31 0x00000000
core   0: 0x80001380 (0x4045dd93) srai    s11, a1, 4
core   0: 3 0x80001380 (0x4045dd93) x27 0x00000000
core   0: 0x80001384 (0x008ebbb3) sltu    s7, t4, s0
core   0: 3 0x80001384 (0x008ebbb3) x23 0x00000000
core   0: 0x80001388 (0x00571c93) slli    s9, a4, 5
core   0: 3 0x80001388 (0x00571c93) x25 0x86f80000
core   0: 0x8000138c (0x3e732493) slti    s1, t1, 999
core   0: 3 0x8000138c (0x3e732493) x 9 0x00000001
core   0: 0x80001390 (0x40908833) sub     a6, ra, s1
core   0: 3 0x80001390 (0x40908833) x16 0xe7aed08f
core   0: 0x80001394 (0x01bc9a13) slli    s4, s9, 27
core   0: 3 0x80001394 (0x01bc9a13) x20 0x00000000
core   0: 0x80001398 (0x4139db13) srai    s6, s3, 19
core   0: 3 0x80001398 (0x4139db13) x22 0x00000000
core   0: 0x8000139c (0xca28f813) andi    a6, a7, -862
core   0: 3 0x8000139c (0xca28f813) x16 0x00000000
core   0: 0x800013a0 (0x60697597) auipc   a1, 0x60697
core   0: 3 0x800013a0 (0x60697597) x11 0xe06983a0
core   0: 0x800013a4 (0x5d28bc93) sltiu   s9, a7, 1490
core   0: 3 0x800013a4 (0x5d28bc93) x25 0x00000001
core   0: 0x800013a8 (0x00355b33) srl     s6, a0, gp
core   0: 3 0x800013a8 (0x00355b33) x22 0x00000000
core   0: 0x800013ac (0xb80f3c93) sltiu   s9, t5, -1152
core   0: 3 0x800013ac (0xb80f3c93) x25 0x00000000
core   0: 0x800013b0 (0x401d5b13) srai    s6, s10, 1
core   0: 3 0x800013b0 (0x401d5b13) x22 0xfffffc42
core   0: 0x800013b4 (0x41995eb3) sra     t4, s2, s9
core   0: 3 0x800013b4 (0x41995eb3) x29 0x00000000
core   0: 0x800013b8 (0x41c75f13) srai    t5, a4, 28
core   0: 3 0x800013b8 (0x41c75f13) x30 0xfffffffb
core   0: 0x800013bc (0x41ad3c13) sltiu   s8, s10, 1050
core   0: 3 0x800013bc (0x41ad3c13) x24 0x00000000
core   0: 0x800013c0 (0x01767d33) and     s10, a2, s7
core   0: 3 0x800013c0 (0x01767d33) x26 0x00000000
core   0: 0x800013c4 (0x00baef33) or      t5, s5, a1
core   0: 3 0x800013c4 (0x00baef33) x30 0xffffffff
core   0: 0x800013c8 (0x00f03bb3) snez    s7, a5
core   0: 3 0x800013c8 (0x00f03bb3) x23 0x00000001
core   0: 0x800013cc (0xc3457c93) andi    s9, a0, -972
core   0: 3 0x800013cc (0xc3457c93) x25 0x00000000
core   0: 0x800013d0 (0xf8694f93) xori    t6, s2, -122
core   0: 3 0x800013d0 (0xf8694f93) x31 0xffffff86
core   0: 0x800013d4 (0x01bcf1b3) and     gp, s9, s11
core   0: 3 0x800013d4 (0x01bcf1b3) x 3 0x00000000
core   0: 0x800013d8 (0x007d7fb3) and     t6, s10, t2
core   0: 3 0x800013d8 (0x007d7fb3) x31 0x00000000
core   0: 0x800013dc (0x409055b3) sra     a1, zero, s1
core   0: 3 0x800013dc (0x409055b3) x11 0x00000000
core   0: 0x800013e0 (0x00a4afb3) slt     t6, s1, a0
core   0: 3 0x800013e0 (0x00a4afb3) x31 0x00000000
core   0: 0x800013e4 (0x00000013) nop
core   0: 3 0x800013e4 (0x00000013)
core   0: 0x800013e8 (0xee8c2213) slti    tp, s8, -280
core   0: 3 0x800013e8 (0xee8c2213) x 4 0x00000000
core   0: 0x800013ec (0x01389d33) sll     s10, a7, s3
core   0: 3 0x800013ec (0x01389d33) x26 0x00000000
core   0: 0x800013f0 (0x00719bb3) sll     s7, gp, t2
core   0: 3 0x800013f0 (0x00719bb3) x23 0x00000000
core   0: 0x800013f4 (0x48978313) addi    t1, a5, 1161
core   0: 3 0x800013f4 (0x48978313) x 6 0xe7aed568
core   0: 0x800013f8 (0xc4f78713) addi    a4, a5, -945
core   0: 3 0x800013f8 (0xc4f78713) x14 0xe7aecd2e
core   0: 0x800013fc (0x41dfdd13) srai    s10, t6, 29
core   0: 3 0x800013fc (0x41dfdd13) x26 0x00000000
core   0: 0x80001400 (0x0c1ba893) slti    a7, s7, 193
core   0: 3 0x80001400 (0x0c1ba893) x17 0x00000001
core   0: 0x80001404 (0x462a8693) addi    a3, s5, 1122
core   0: 3 0x80001404 (0x462a8693) x13 0x00000461
core   0: 0x80001408 (0x402dd833) sra     a6, s11, sp
core   0: 3 0x80001408 (0x402dd833) x16 0x00000000
core   0: 0x8000140c (0xc1250417) auipc   s0, 0xc1250
core   0: 3 0x8000140c (0xc1250417) x 8 0x4125140c
core   0: 0x80001410 (0x0141fb33) and     s6, gp, s4
core   0: 3 0x80001410 (0x0141fb33) x22 0x00000000
core   0: 0x80001414 (0x8bfe7413) andi    s0, t3, -1857
core   0: 3 0x80001414 (0x8bfe7413) x 8 0xfffff889
core   0: 0x80001418 (0xe4c81217) auipc   tp, 0xe4c81
core   0: 3 0x80001418 (0xe4c81217) x 4 0x64c82418
core   0: 0x8000141c (0x40958eb3) sub     t4, a1, s1
core   0: 3 0x8000141c (0x40958eb3) x29 0xffffffff
core   0: 0x80001420 (0x008a04b3) add     s1, s4, s0
core   0: 3 0x80001420 (0x008a04b3) x 9 0xfffff889
core   0: 0x80001424 (0x002a5193) srli    gp, s4, 2
core   0: 3 0x80001424 (0x002a5193) x 3 0x00000000
core   0: 0x80001428 (0xe72e0d93) addi    s11, t3, -398
core   0: 3 0x80001428 (0xe72e0d93) x27 0xfffff7fb
core   0: 0x8000142c (0x0025fdb3) and     s11, a1, sp
core   0: 3 0x8000142c (0x0025fdb3) x27 0x00000000
core   0: 0x80001430 (0x7d313693) sltiu   a3, sp, 2003
core   0: 3 0x80001430 (0x7d313693) x13 0x00000000
core   0: 0x80001434 (0x40985413) srai    s0, a6, 9
core   0: 3 0x80001434 (0x40985413) x 8 0x00000000
core   0: 0x80001438 (0x01ee26b3) slt     a3, t3, t5
core   0: 3 0x80001438 (0x01ee26b3) x13 0x00000001
core   0: 0x8000143c (0x41658f33) sub     t5, a1, s6
core   0: 3 0x8000143c (0x41658f33) x30 0x00000000
core   0: 0x80001440 (0x005619b3) sll     s3, a2, t0
core   0: 3 0x80001440 (0x005619b3) x19 0x0002b9c8
core   0: 0x80001444 (0x010c1733) sll     a4, s8, a6
core   0: 3 0x80001444 (0x010c1733) x14 0x00000000
core   0: 0x80001448 (0x00ae5a33) srl     s4, t3, a0
core   0: 3 0x80001448 (0x00ae5a33) x20 0xfffff989
core   0: 0x8000144c (0x01dc9993) slli    s3, s9, 29
core   0: 3 0x8000144c (0x01dc9993) x19 0x00000000
core   0: 0x80001450 (0x00a06933) or      s2, zero, a0
core   0: 3 0x80001450 (0x00a06933) x18 0x00000000
core   0: 0x80001454 (0x00aa2233) slt     tp, s4, a0
core   0: 3 0x80001454 (0x00aa2233) x 4 0x00000001
core   0: 0x80001458 (0x40e85433) sra     s0, a6, a4
core   0: 3 0x80001458 (0x40e85433) x 8 0x00000000
core   0: 0x8000145c (0x636aec13) ori     s8, s5, 1590
core   0: 3 0x8000145c (0x636aec13) x24 0xffffffff
core   0: 0x80001460 (0x3b8da017) auipc   zero, 0x3b8da
core   0: 3 0x80001460 (0x3b8da017)
core   0: 0x80001464 (0xff708b93) addi    s7, ra, -9
core   0: 3 0x80001464 (0xff708b93) x23 0xe7aed087
core   0: 0x80001468 (0xa549a413) slti    s0, s3, -1452
core   0: 3 0x80001468 (0xa549a413) x 8 0x00000000
core   0: 0x8000146c (0x42b94513) xori    a0, s2, 1067
core   0: 3 0x8000146c (0x42b94513) x10 0x0000042b
core   0: 0x80001470 (0x8db9ea93) ori     s5, s3, -1829
core   0: 3 0x80001470 (0x8db9ea93) x21 0xfffff8db
core   0: 0x80001474 (0x007e9ab3) sll     s5, t4, t2
core   0: 3 0x80001474 (0x007e9ab3) x21 0xfffffff0
core   0: 0x80001478 (0xd169ec13) ori     s8, s3, -746
core   0: 3 0x80001478 (0xd169ec13) x24 0xfffffd16
core   0: 0x8000147c (0x014c05b3) add     a1, s8, s4
core   0: 3 0x8000147c (0x014c05b3) x11 0xfffff69f
core   0: 0x80001480 (0x00d57c33) and     s8, a0, a3
core   0: 3 0x80001480 (0x00d57c33) x24 0x00000001
core   0: 0x80001484 (0x94417d13) andi    s10, sp, -1724
core   0: 3 0x80001484 (0x94417d13) x26 0x0ffff900
core   0: 0x80001488 (0x0036ccb3) xor     s9, a3, gp
core   0: 3 0x80001488 (0x0036ccb3) x25 0x00000001
core   0: 0x8000148c (0x40990cb3) sub     s9, s2, s1
core   0: 3 0x8000148c (0x40990cb3) x25 0x00000777
core   0: 0x80001490 (0x0099bbb3) sltu    s7, s3, s1
core   0: 3 0x80001490 (0x0099bbb3) x23 0x00000001
core   0: 0x80001494 (0x01bca4b3) slt     s1, s9, s11
core   0: 3 0x80001494 (0x01bca4b3) x 9 0x00000000
core   0: 0x80001498 (0xe9426413) ori     s0, tp, -364
core   0: 3 0x80001498 (0xe9426413) x 8 0xfffffe95
core   0: 0x8000149c (0x01c996b3) sll     a3, s3, t3
core   0: 3 0x8000149c (0x01c996b3) x13 0x00000000
core   0: 0x800014a0 (0x00774333) xor     t1, a4, t2
core   0: 3 0x800014a0 (0x00774333) x 6 0x80011e64
core   0: 0x800014a4 (0xcd00fa93) andi    s5, ra, -816
core   0: 3 0x800014a4 (0xcd00fa93) x21 0xe7aed090
core   0: 0x800014a8 (0x6c0a6693) ori     a3, s4, 1728
core   0: 3 0x800014a8 (0x6c0a6693) x13 0xffffffc9
core   0: 0x800014ac (0x816a3913) sltiu   s2, s4, -2026
core   0: 3 0x800014ac (0x816a3913) x18 0x00000000
core   0: 0x800014b0 (0x410ad233) sra     tp, s5, a6
core   0: 3 0x800014b0 (0x410ad233) x 4 0xe7aed090
core   0: 0x800014b4 (0x40a45d13) srai    s10, s0, 10
core   0: 3 0x800014b4 (0x40a45d13) x26 0xffffffff
core   0: 0x800014b8 (0x000e5bb3) srl     s7, t3, zero
core   0: 3 0x800014b8 (0x000e5bb3) x23 0xfffff989
core   0: 0x800014bc (0x00119413) slli    s0, gp, 1
core   0: 3 0x800014bc (0x00119413) x 8 0x00000000
core   0: 0x800014c0 (0x00000013) nop
core   0: 3 0x800014c0 (0x00000013)
core   0: 0x800014c4 (0x41b15333) sra     t1, sp, s11
core   0: 3 0x800014c4 (0x41b15333) x 6 0x0fffff90
core   0: 0x800014c8 (0x9394ae93) slti    t4, s1, -1735
core   0: 3 0x800014c8 (0x9394ae93) x29 0x00000000
core   0: 0x800014cc (0x005a1413) slli    s0, s4, 5
core   0: 3 0x800014cc (0x005a1413) x 8 0xffff3120
core   0: 0x800014d0 (0xc9d83837) lui     a6, 0xc9d83
core   0: 3 0x800014d0 (0xc9d83837) x16 0xc9d83000
core   0: 0x800014d4 (0x711b7813) andi    a6, s6, 1809
core   0: 3 0x800014d4 (0x711b7813) x16 0x00000000
core   0: 0x800014d8 (0xb434aa13) slti    s4, s1, -1213
core   0: 3 0x800014d8 (0xb434aa13) x20 0x00000000
core   0: 0x800014dc (0x2a34b313) sltiu   t1, s1, 675
core   0: 3 0x800014dc (0x2a34b313) x 6 0x00000001
core   0: 0x800014e0 (0x7eea8893) addi    a7, s5, 2030
core   0: 3 0x800014e0 (0x7eea8893) x17 0xe7aed87e
core   0: 0x800014e4 (0x74b9a317) auipc   t1, 0x74b9a
core   0: 3 0x800014e4 (0x74b9a317) x 6 0xf4b9b4e4
core   0: 0x800014e8 (0x012dd6b3) srl     a3, s11, s2
core   0: 3 0x800014e8 (0x012dd6b3) x13 0x00000000
core   0: 0x800014ec (0x018cfe33) and     t3, s9, s8
core   0: 3 0x800014ec (0x018cfe33) x28 0x00000001
core   0: 0x800014f0 (0x0013e733) or      a4, t2, ra
core   0: 3 0x800014f0 (0x0013e733) x14 0xe7afdef4
core   0: 0x800014f4 (0x010eabb3) slt     s7, t4, a6
core   0: 3 0x800014f4 (0x010eabb3) x23 0x00000000
core   0: 0x800014f8 (0x4137dcb3) sra     s9, a5, s3
core   0: 3 0x800014f8 (0x4137dcb3) x25 0xe7aed0df
core   0: 0x800014fc (0x00e852b3) srl     t0, a6, a4
core   0: 3 0x800014fc (0x00e852b3) x 5 0x00000000
core   0: 0x80001500 (0x01b49213) slli    tp, s1, 27
core   0: 3 0x80001500 (0x01b49213) x 4 0x00000000
core   0: 0x80001504 (0x0119ebb3) or      s7, s3, a7
core   0: 3 0x80001504 (0x0119ebb3) x23 0xe7aed87e
core   0: 0x80001508 (0xa3d6a993) slti    s3, a3, -1475
core   0: 3 0x80001508 (0xa3d6a993) x19 0x00000000
core   0: 0x8000150c (0x7b75f593) andi    a1, a1, 1975
core   0: 3 0x8000150c (0x7b75f593) x11 0x00000697
core   0: 0x80001510 (0xcde36717) auipc   a4, 0xcde36
core   0: 3 0x80001510 (0xcde36717) x14 0x4de37510
core   0: 0x80001514 (0x01addc33) srl     s8, s11, s10
core   0: 3 0x80001514 (0x01addc33) x24 0x00000000
core   0: 0x80001518 (0x001200b3) add     ra, tp, ra
core   0: 3 0x80001518 (0x001200b3) x 1 0xe7aed090
core   0: 0x8000151c (0x36a43893) sltiu   a7, s0, 874
core   0: 3 0x8000151c (0x36a43893) x17 0x00000000
core   0: 0x80001520 (0x008a5333) srl     t1, s4, s0
core   0: 3 0x80001520 (0x008a5333) x 6 0x00000000
core   0: 0x80001524 (0x00000013) nop
core   0: 3 0x80001524 (0x00000013)
core   0: 0x80001528 (0x40af5133) sra     sp, t5, a0
core   0: 3 0x80001528 (0x40af5133) x 2 0x00000000
core   0: 0x8000152c (0x012d1933) sll     s2, s10, s2
core   0: 3 0x8000152c (0x012d1933) x18 0xffffffff
core   0: 0x80001530 (0x440b7337) lui     t1, 0x440b7
core   0: 3 0x80001530 (0x440b7337) x 6 0x440b7000
core   0: 0x80001534 (0x40c48e33) sub     t3, s1, a2
core   0: 3 0x80001534 (0x40c48e33) x28 0x7ffea31c
core   0: 0x80001538 (0x0174cc33) xor     s8, s1, s7
core   0: 3 0x80001538 (0x0174cc33) x24 0xe7aed87e
core   0: 0x8000153c (0x0008e033) or      zero, a7, zero
core   0: 3 0x8000153c (0x0008e033)
core   0: 0x80001540 (0x409ad8b3) sra     a7, s5, s1
core   0: 3 0x80001540 (0x409ad8b3) x17 0xe7aed090
core   0: 0x80001544 (0x0040b0b3) sltu    ra, ra, tp
core   0: 3 0x80001544 (0x0040b0b3) x 1 0x00000000
core   0: 0x80001548 (0x01a77533) and     a0, a4, s10
core   0: 3 0x80001548 (0x01a77533) x10 0x4de37510
core   0: 0x8000154c (0x0084dab3) srl     s5, s1, s0
core   0: 3 0x8000154c (0x0084dab3) x21 0x00000000
core   0: 0x80001550 (0x00000013) nop
core   0: 3 0x80001550 (0x00000013)
core   0: 0x80001554 (0x01488cb3) add     s9, a7, s4
core   0: 3 0x80001554 (0x01488cb3) x25 0xe7aed090
core   0: 0x80001558 (0x01579b13) slli    s6, a5, 21
core   0: 3 0x80001558 (0x01579b13) x22 0x1be00000
core   0: 0x8000155c (0x0f3a7713) andi    a4, s4, 243
core   0: 3 0x8000155c (0x0f3a7713) x14 0x00000000
core   0: 0x80001560 (0x00000013) nop
core   0: 3 0x80001560 (0x00000013)
core   0: 0x80001564 (0x40ed81b3) sub     gp, s11, a4
core   0: 3 0x80001564 (0x40ed81b3) x 3 0x00000000
core   0: 0x80001568 (0x01103c33) snez    s8, a7
core   0: 3 0x80001568 (0x01103c33) x24 0x00000001
core   0: 0x8000156c (0xfe378b93) addi    s7, a5, -29
core   0: 3 0x8000156c (0xfe378b93) x23 0xe7aed0c2
core   0: 0x80001570 (0x00e97133) and     sp, s2, a4
core   0: 3 0x80001570 (0x00e97133) x 2 0x00000000
core   0: 0x80001574 (0x40db5533) sra     a0, s6, a3
core   0: 3 0x80001574 (0x40db5533) x10 0x1be00000
core   0: 0x80001578 (0x4070d593) srai    a1, ra, 7
core   0: 3 0x80001578 (0x4070d593) x11 0x00000000
core   0: 0x8000157c (0x49f1ca17) auipc   s4, 0x49f1c
core   0: 3 0x8000157c (0x49f1ca17) x20 0xc9f1d57c
core   0: 0x80001580 (0x012d61b3) or      gp, s10, s2
core   0: 3 0x80001580 (0x012d61b3) x 3 0xffffffff
core   0: 0x80001584 (0x00965313) srli    t1, a2, 9
core   0: 3 0x80001584 (0x00965313) x 6 0x004000ae
core   0: 0x80001588 (0x402e8733) sub     a4, t4, sp
core   0: 3 0x80001588 (0x402e8733) x14 0x00000000
core   0: 0x8000158c (0x40335f33) sra     t5, t1, gp
core   0: 3 0x8000158c (0x40335f33) x30 0x00000000
core   0: 0x80001590 (0x00eac233) xor     tp, s5, a4
core   0: 3 0x80001590 (0x00eac233) x 4 0x00000000
core   0: 0x80001594 (0x6221e597) auipc   a1, 0x6221e
core   0: 3 0x80001594 (0x6221e597) x11 0xe221f594
core   0: 0x80001598 (0xc1842413) slti    s0, s0, -1000
core   0: 3 0x80001598 (0xc1842413) x 8 0x00000001
core   0: 0x8000159c (0x01a45413) srli    s0, s0, 26
core   0: 3 0x8000159c (0x01a45413) x 8 0x00000000
core   0: 0x800015a0 (0x4ff78c13) addi    s8, a5, 1279
core   0: 3 0x800015a0 (0x4ff78c13) x24 0xe7aed5de
core   0: 0x800015a4 (0x41ae8313) addi    t1, t4, 1050
core   0: 3 0x800015a4 (0x41ae8313) x 6 0x0000041a
core   0: 0x800015a8 (0x05330293) addi    t0, t1, 83
core   0: 3 0x800015a8 (0x05330293) x 5 0x0000046d
core   0: 0x800015ac (0x01d5b233) sltu    tp, a1, t4
core   0: 3 0x800015ac (0x01d5b233) x 4 0x00000000
core   0: 0x800015b0 (0x01923db3) sltu    s11, tp, s9
core   0: 3 0x800015b0 (0x01923db3) x27 0x00000001
core   0: 0x800015b4 (0x5dbb4893) xori    a7, s6, 1499
core   0: 3 0x800015b4 (0x5dbb4893) x17 0x1be005db
core   0: 0x800015b8 (0x0044d093) srli    ra, s1, 4
core   0: 3 0x800015b8 (0x0044d093) x 1 0x00000000
core   0: 0x800015bc (0x32cafa13) andi    s4, s5, 812
core   0: 3 0x800015bc (0x32cafa13) x20 0x00000000
core   0: 0x800015c0 (0x8614b513) sltiu   a0, s1, -1951
core   0: 3 0x800015c0 (0x8614b513) x10 0x00000001
core   0: 0x800015c4 (0x00000013) nop
core   0: 3 0x800015c4 (0x00000013)
core   0: 0x800015c8 (0x019bdab3) srl     s5, s7, s9
core   0: 3 0x800015c8 (0x019bdab3) x21 0x0000e7ae
core   0: 0x800015cc (0x012651b3) srl     gp, a2, s2
core   0: 3 0x800015cc (0x012651b3) x 3 0x00000001
core   0: 0x800015d0 (0x0139deb3) srl     t4, s3, s3
core   0: 3 0x800015d0 (0x0139deb3) x29 0x00000000
core   0: 0x800015d4 (0x01c31b93) slli    s7, t1, 28
core   0: 3 0x800015d4 (0x01c31b93) x23 0xa0000000
core   0: 0x800015d8 (0x6b16a313) slti    t1, a3, 1713
core   0: 3 0x800015d8 (0x6b16a313) x 6 0x00000001
core   0: 0x800015dc (0xf29cc893) xori    a7, s9, -215
core   0: 3 0x800015dc (0xf29cc893) x17 0x18512fb9
core   0: 0x800015e0 (0x11302213) slti    tp, zero, 275
core   0: 3 0x800015e0 (0x11302213) x 4 0x00000001
core   0: 0x800015e4 (0x121afc93) andi    s9, s5, 289
core   0: 3 0x800015e4 (0x121afc93) x25 0x00000120
core   0: 0x800015e8 (0x742f2013) slti    zero, t5, 1858
core   0: 3 0x800015e8 (0x742f2013)
core   0: 0x800015ec (0x4155d493) srai    s1, a1, 21
core   0: 3 0x800015ec (0x4155d493) x 9 0xffffff11
core   0: 0x800015f0 (0x01a72433) slt     s0, a4, s10
core   0: 3 0x800015f0 (0x01a72433) x 8 0x00000000
core   0: 0x800015f4 (0x11cb7313) andi    t1, s6, 284
core   0: 3 0x800015f4 (0x11cb7313) x 6 0x00000000
core   0: 0x800015f8 (0x019ad333) srl     t1, s5, s9
core   0: 3 0x800015f8 (0x019ad333) x 6 0x0000e7ae
core   0: 0x800015fc (0xe9230193) addi    gp, t1, -366
core   0: 3 0x800015fc (0xe9230193) x 3 0x0000e640
core   0: 0x80001600 (0x40d6d333) sra     t1, a3, a3
core   0: 3 0x80001600 (0x40d6d333) x 6 0x00000000
core   0: 0x80001604 (0x0134de33) srl     t3, s1, s3
core   0: 3 0x80001604 (0x0134de33) x28 0xffffff11
core   0: 0x80001608 (0x35a7ef93) ori     t6, a5, 858
core   0: 3 0x80001608 (0x35a7ef93) x31 0xe7aed3df
core   0: 0x8000160c (0x416189b3) sub     s3, gp, s6
core   0: 3 0x8000160c (0x416189b3) x19 0xe420e640
core   0: 0x80001610 (0x0b5fc037) lui     zero, 0xb5fc
core   0: 3 0x80001610 (0x0b5fc037)
core   0: 0x80001614 (0x014ffe33) and     t3, t6, s4
core   0: 3 0x80001614 (0x014ffe33) x28 0x00000000
core   0: 0x80001618 (0xedccd737) lui     a4, 0xedccd
core   0: 3 0x80001618 (0xedccd737) x14 0xedccd000
core   0: 0x8000161c (0x01d711b3) sll     gp, a4, t4
core   0: 3 0x8000161c (0x01d711b3) x 3 0xedccd000
core   0: 0x80001620 (0x5b000c93) li      s9, 1456
core   0: 3 0x80001620 (0x5b000c93) x25 0x000005b0
core   0: 0x80001624 (0x015e4b33) xor     s6, t3, s5
core   0: 3 0x80001624 (0x015e4b33) x22 0x0000e7ae
core   0: 0x80001628 (0x0063a933) slt     s2, t2, t1
core   0: 3 0x80001628 (0x0063a933) x18 0x00000001
core   0: 0x8000162c (0x41ce5893) srai    a7, t3, 28
core   0: 3 0x8000162c (0x41ce5893) x17 0x00000000
core   0: 0x80001630 (0x40395213) srai    tp, s2, 3
core   0: 3 0x80001630 (0x40395213) x 4 0x00000000
core   0: 0x80001634 (0x01806f33) or      t5, zero, s8
core   0: 3 0x80001634 (0x01806f33) x30 0xe7aed5de
core   0: 0x80001638 (0x01c325b3) slt     a1, t1, t3
core   0: 3 0x80001638 (0x01c325b3) x11 0x00000000
core   0: 0x8000163c (0x52b38097) auipc   ra, 0x52b38
core   0: 3 0x8000163c (0x52b38097) x 1 0xd2b3963c
core   0: 0x80001640 (0x0101b4b3) sltu    s1, gp, a6
core   0: 3 0x80001640 (0x0101b4b3) x 9 0x00000000
core   0: 0x80001644 (0x14740c93) addi    s9, s0, 327
core   0: 3 0x80001644 (0x14740c93) x25 0x00000147
core   0: 0x80001648 (0x00030e33) add     t3, t1, zero
core   0: 3 0x80001648 (0x00030e33) x28 0x00000000
core   0: 0x8000164c (0x41170433) sub     s0, a4, a7
core   0: 3 0x8000164c (0x41170433) x 8 0xedccd000
core   0: 0x80001650 (0x01f40c33) add     s8, s0, t6
core   0: 3 0x80001650 (0x01f40c33) x24 0xd57ba3df
core   0: 0x80001654 (0x0105bf33) sltu    t5, a1, a6
core   0: 3 0x80001654 (0x0105bf33) x30 0x00000000
core   0: 0x80001658 (0x00316833) or      a6, sp, gp
core   0: 3 0x80001658 (0x00316833) x16 0xedccd000
core   0: 0x8000165c (0x417906b3) sub     a3, s2, s7
core   0: 3 0x8000165c (0x417906b3) x13 0x60000001
core   0: 0x80001660 (0x41eb5713) srai    a4, s6, 30
core   0: 3 0x80001660 (0x41eb5713) x14 0x00000000
core   0: 0x80001664 (0x417d02b3) sub     t0, s10, s7
core   0: 3 0x80001664 (0x417d02b3) x 5 0x5fffffff
core   0: 0x80001668 (0x4cf55b97) auipc   s7, 0x4cf55
core   0: 3 0x80001668 (0x4cf55b97) x23 0xccf56668
core   0: 0x8000166c (0x41265333) sra     t1, a2, s2
core   0: 3 0x8000166c (0x41265333) x 6 0xc000ae72
core   0: 0x80001670 (0x0136d213) srli    tp, a3, 19
core   0: 3 0x80001670 (0x0136d213) x 4 0x00000c00
core   0: 0x80001674 (0x6987bb13) sltiu   s6, a5, 1688
core   0: 3 0x80001674 (0x6987bb13) x22 0x00000000
core   0: 0x80001678 (0xb5350c13) addi    s8, a0, -1197
core   0: 3 0x80001678 (0xb5350c13) x24 0xfffffb54
core   0: 0x8000167c (0x00000013) nop
core   0: 3 0x8000167c (0x00000013)
core   0: 0x80001680 (0x011c9c13) slli    s8, s9, 17
core   0: 3 0x80001680 (0x011c9c13) x24 0x028e0000
core   0: 0x80001684 (0x008e5593) srli    a1, t3, 8
core   0: 3 0x80001684 (0x008e5593) x11 0x00000000
core   0: 0x80001688 (0x00080233) add     tp, a6, zero
core   0: 3 0x80001688 (0x00080233) x 4 0xedccd000
core   0: 0x8000168c (0x0e394b13) xori    s6, s2, 227
core   0: 3 0x8000168c (0x0e394b13) x22 0x000000e2
core   0: 0x80001690 (0x767f4913) xori    s2, t5, 1895
core   0: 3 0x80001690 (0x767f4913) x18 0x00000767
core   0: 0x80001694 (0x00728533) add     a0, t0, t2
core   0: 3 0x80001694 (0x00728533) x10 0xe0011e63
core   0: 0x80001698 (0x007e6a33) or      s4, t3, t2
core   0: 3 0x80001698 (0x007e6a33) x20 0x80011e64
core   0: 0x8000169c (0xeee8be13) sltiu   t3, a7, -274
core   0: 3 0x8000169c (0xeee8be13) x28 0x00000001
core   0: 0x800016a0 (0x010bd493) srli    s1, s7, 16
core   0: 3 0x800016a0 (0x010bd493) x 9 0x0000ccf5
core   0: 0x800016a4 (0x58fd3d13) sltiu   s10, s10, 1423
core   0: 3 0x800016a4 (0x58fd3d13) x26 0x00000000
core   0: 0x800016a8 (0x00000013) nop
core   0: 3 0x800016a8 (0x00000013)
core   0: 0x800016ac (0x379bb193) sltiu   gp, s7, 889
core   0: 3 0x800016ac (0x379bb193) x 3 0x00000000
core   0: 0x800016b0 (0x26860593) addi    a1, a2, 616
core   0: 3 0x800016b0 (0x26860593) x11 0x80015f4c
core   0: 0x800016b4 (0x00d08233) add     tp, ra, a3
core   0: 3 0x800016b4 (0x00d08233) x 4 0x32b3963d
core   0: 0x800016b8 (0x001d9593) slli    a1, s11, 1
core   0: 3 0x800016b8 (0x001d9593) x11 0x00000002
core   0: 0x800016bc (0x41865893) srai    a7, a2, 24
core   0: 3 0x800016bc (0x41865893) x17 0xffffff80
core   0: 0x800016c0 (0x63bf2f97) auipc   t6, 0x63bf2
core   0: 3 0x800016c0 (0x63bf2f97) x31 0xe3bf36c0
core   0: 0x800016c4 (0x400a0133) sub     sp, s4, zero
core   0: 3 0x800016c4 (0x400a0133) x 2 0x80011e64
core   0: 0x800016c8 (0x01c6dc93) srli    s9, a3, 28
core   0: 3 0x800016c8 (0x01c6dc93) x25 0x00000006
core   0: 0x800016cc (0x11a58f93) addi    t6, a1, 282
core   0: 3 0x800016cc (0x11a58f93) x31 0x0000011c
core   0: 0x800016d0 (0x24d8c113) xori    sp, a7, 589
core   0: 3 0x800016d0 (0x24d8c113) x 2 0xfffffdcd
core   0: 0x800016d4 (0x013edfb3) srl     t6, t4, s3
core   0: 3 0x800016d4 (0x013edfb3) x31 0x00000000
core   0: 0x800016d8 (0x006f4333) xor     t1, t5, t1
core   0: 3 0x800016d8 (0x006f4333) x 6 0xc000ae72
core   0: 0x800016dc (0x00478233) add     tp, a5, tp
core   0: 3 0x800016dc (0x00478233) x 4 0x1a62671c
core   0: 0x800016e0 (0x7c064b13) xori    s6, a2, 1984
core   0: 3 0x800016e0 (0x7c064b13) x22 0x80015b24
core   0: 0x800016e4 (0x01388bb3) add     s7, a7, s3
core   0: 3 0x800016e4 (0x01388bb3) x23 0xe420e5c0
core   0: 0x800016e8 (0xac947193) andi    gp, s0, -1335
core   0: 3 0x800016e8 (0xac947193) x 3 0xedccd000
core   0: 0x800016ec (0x00000013) nop
core   0: 3 0x800016ec (0x00000013)
core   0: 0x800016f0 (0x00041eb3) sll     t4, s0, zero
core   0: 3 0x800016f0 (0x00041eb3) x29 0xedccd000
core   0: 0x800016f4 (0x087ee493) ori     s1, t4, 135
core   0: 3 0x800016f4 (0x087ee493) x 9 0xedccd087
core   0: 0x800016f8 (0xb4494193) xori    gp, s2, -1212
core   0: 3 0x800016f8 (0xb4494193) x 3 0xfffffc23
core   0: 0x800016fc (0x917f7d13) andi    s10, t5, -1769
core   0: 3 0x800016fc (0x917f7d13) x26 0x00000000
core   0: 0x80001700 (0x00000013) nop
core   0: 3 0x80001700 (0x00000013)
core   0: 0x80001704 (0x08c7ab13) slti    s6, a5, 140
core   0: 3 0x80001704 (0x08c7ab13) x22 0x00000001
core   0: 0x80001708 (0x01de86b3) add     a3, t4, t4
core   0: 3 0x80001708 (0x01de86b3) x13 0xdb99a000
core   0: 0x8000170c (0x4e777513) andi    a0, a4, 1255
core   0: 3 0x8000170c (0x4e777513) x10 0x00000000
core   0: 0x80001710 (0x005b02b3) add     t0, s6, t0
core   0: 3 0x80001710 (0x005b02b3) x 5 0x60000000
core   0: 0x80001714 (0x31f73c93) sltiu   s9, a4, 799
core   0: 3 0x80001714 (0x31f73c93) x25 0x00000001
core   0: 0x80001718 (0x223c6b93) ori     s7, s8, 547
core   0: 3 0x80001718 (0x223c6b93) x23 0x028e0223
core   0: 0x8000171c (0x40005593) srai    a1, zero, 0
core   0: 3 0x8000171c (0x40005593) x11 0x00000000
core   0: 0x80001720 (0x006aceb3) xor     t4, s5, t1
core   0: 3 0x80001720 (0x006aceb3) x29 0xc00049dc
core   0: 0x80001724 (0x91243213) sltiu   tp, s0, -1774
core   0: 3 0x80001724 (0x91243213) x 4 0x00000001
core   0: 0x80001728 (0x00a70733) add     a4, a4, a0
core   0: 3 0x80001728 (0x00a70733) x14 0x00000000
core   0: 0x8000172c (0x0178a833) slt     a6, a7, s7
core   0: 3 0x8000172c (0x0178a833) x16 0x00000001
core   0: 0x80001730 (0x54f469b7) lui     s3, 0x54f46
core   0: 3 0x80001730 (0x54f469b7) x19 0x54f46000
core   0: 0x80001734 (0x01dc5d13) srli    s10, s8, 29
core   0: 3 0x80001734 (0x01dc5d13) x26 0x00000000
core   0: 0x80001738 (0x5e09be93) sltiu   t4, s3, 1504
core   0: 3 0x80001738 (0x5e09be93) x29 0x00000000
core   0: 0x8000173c (0x0148b9b3) sltu    s3, a7, s4
core   0: 3 0x8000173c (0x0148b9b3) x19 0x00000000
core   0: 0x80001740 (0x0064f0b3) and     ra, s1, t1
core   0: 3 0x80001740 (0x0064f0b3) x 1 0xc0008002
core   0: 0x80001744 (0x67c62693) slti    a3, a2, 1660
core   0: 3 0x80001744 (0x67c62693) x13 0x00000001
core   0: 0x80001748 (0x00e33333) sltu    t1, t1, a4
core   0: 3 0x80001748 (0x00e33333) x 6 0x00000000
core   0: 0x8000174c (0x337cad97) auipc   s11, 0x337ca
core   0: 3 0x8000174c (0x337cad97) x27 0xb37cb74c
core   0: 0x80001750 (0x00000013) nop
core   0: 3 0x80001750 (0x00000013)
core   0: 0x80001754 (0x422f1737) lui     a4, 0x422f1
core   0: 3 0x80001754 (0x422f1737) x14 0x422f1000
core   0: 0x80001758 (0x4125d493) srai    s1, a1, 18
core   0: 3 0x80001758 (0x4125d493) x 9 0x00000000
core   0: 0x8000175c (0xba04fa13) andi    s4, s1, -1120
core   0: 3 0x8000175c (0xba04fa13) x20 0x00000000
core   0: 0x80001760 (0x40a2d4b3) sra     s1, t0, a0
core   0: 3 0x80001760 (0x40a2d4b3) x 9 0x60000000
core   0: 0x80001764 (0x0072e433) or      s0, t0, t2
core   0: 3 0x80001764 (0x0072e433) x 8 0xe0011e64
core   0: 0x80001768 (0x004bfe33) and     t3, s7, tp
core   0: 3 0x80001768 (0x004bfe33) x28 0x00000001
core   0: 0x8000176c (0x00229193) slli    gp, t0, 2
core   0: 3 0x8000176c (0x00229193) x 3 0x80000000
core   0: 0x80001770 (0xbf432293) slti    t0, t1, -1036
core   0: 3 0x80001770 (0xbf432293) x 5 0x00000000
core   0: 0x80001774 (0x00000013) nop
core   0: 3 0x80001774 (0x00000013)
core   0: 0x80001778 (0x839f7f13) andi    t5, t5, -1991
core   0: 3 0x80001778 (0x839f7f13) x30 0x00000000
core   0: 0x8000177c (0x242df317) auipc   t1, 0x242df
core   0: 3 0x8000177c (0x242df317) x 6 0xa42e077c
core   0: 0x80001780 (0x40c005b3) sub     a1, zero, a2
core   0: 3 0x80001780 (0x40c005b3) x11 0x7ffea31c
core   0: 0x80001784 (0x403fda13) srai    s4, t6, 3
core   0: 3 0x80001784 (0x403fda13) x20 0x00000000
core   0: 0x80001788 (0x38d4ea17) auipc   s4, 0x38d4e
core   0: 3 0x80001788 (0x38d4ea17) x20 0xb8d4f788
core   0: 0x8000178c (0x01a24b33) xor     s6, tp, s10
core   0: 3 0x8000178c (0x01a24b33) x22 0x00000001
core   0: 0x80001790 (0x00ccd513) srli    a0, s9, 12
core   0: 3 0x80001790 (0x00ccd513) x10 0x00000000
core   0: 0x80001794 (0x414ed693) srai    a3, t4, 20
core   0: 3 0x80001794 (0x414ed693) x13 0x00000000
core   0: 0x80001798 (0x01aa2733) slt     a4, s4, s10
core   0: 3 0x80001798 (0x01aa2733) x14 0x00000001
core   0: 0x8000179c (0x34072113) slti    sp, a4, 832
core   0: 3 0x8000179c (0x34072113) x 2 0x00000001
core   0: 0x800017a0 (0x9aacd337) lui     t1, 0x9aacd
core   0: 3 0x800017a0 (0x9aacd337) x 6 0x9aacd000
core   0: 0x800017a4 (0x01ac6133) or      sp, s8, s10
core   0: 3 0x800017a4 (0x01ac6133) x 2 0x028e0000
core   0: 0x800017a8 (0x01976cb3) or      s9, a4, s9
core   0: 3 0x800017a8 (0x01976cb3) x25 0x00000001
core   0: 0x800017ac (0x4118d2b3) sra     t0, a7, a7
core   0: 3 0x800017ac (0x4118d2b3) x 5 0xffffff80
core   0: 0x800017b0 (0x017ada33) srl     s4, s5, s7
core   0: 3 0x800017b0 (0x017ada33) x20 0x00001cf5
core   0: 0x800017b4 (0x0015d233) srl     tp, a1, ra
core   0: 3 0x800017b4 (0x0015d233) x 4 0x1fffa8c7
core   0: 0x800017b8 (0x015f5033) srl     zero, t5, s5
core   0: 3 0x800017b8 (0x015f5033)
core   0: 0x800017bc (0x00000013) nop
core   0: 3 0x800017bc (0x00000013)
core   0: 0x800017c0 (0x4020d133) sra     sp, ra, sp
core   0: 3 0x800017c0 (0x4020d133) x 2 0xc0008002
core   0: 0x800017c4 (0x67d63213) sltiu   tp, a2, 1661
core   0: 3 0x800017c4 (0x67d63213) x 4 0x00000000
core   0: 0x800017c8 (0x01f49a33) sll     s4, s1, t6
core   0: 3 0x800017c8 (0x01f49a33) x20 0x60000000
core   0: 0x800017cc (0x40f602b3) sub     t0, a2, a5
core   0: 3 0x800017cc (0x40f602b3) x 5 0x98528c05
core   0: 0x800017d0 (0x17630093) addi    ra, t1, 374
core   0: 3 0x800017d0 (0x17630093) x 1 0x9aacd176
core   0: 0x800017d4 (0xd4016f97) auipc   t6, 0xd4016
core   0: 3 0x800017d4 (0xd4016f97) x31 0x540177d4
core   0: 0x800017d8 (0x01092eb3) slt     t4, s2, a6
core   0: 3 0x800017d8 (0x01092eb3) x29 0x00000000
core   0: 0x800017dc (0x40040033) sub     zero, s0, zero
core   0: 3 0x800017dc (0x40040033)
core   0: 0x800017e0 (0x7d9dc093) xori    ra, s11, 2009
core   0: 3 0x800017e0 (0x7d9dc093) x 1 0xb37cb095
core   0: 0x800017e4 (0x00000013) nop
core   0: 3 0x800017e4 (0x00000013)
core   0: 0x800017e8 (0x2a1c4297) auipc   t0, 0x2a1c4
core   0: 3 0x800017e8 (0x2a1c4297) x 5 0xaa1c57e8
core   0: 0x800017ec (0xae62d4b7) lui     s1, 0xae62d
core   0: 3 0x800017ec (0xae62d4b7) x 9 0xae62d000
core   0: 0x800017f0 (0x89d7f293) andi    t0, a5, -1891
core   0: 3 0x800017f0 (0x89d7f293) x 5 0xe7aed09d
core   0: 0x800017f4 (0x00df86b3) add     a3, t6, a3
core   0: 3 0x800017f4 (0x00df86b3) x13 0x540177d4
core   0: 0x800017f8 (0x01ec8ab3) add     s5, s9, t5
core   0: 3 0x800017f8 (0x01ec8ab3) x21 0x00000001
core   0: 0x800017fc (0x00187eb3) and     t4, a6, ra
core   0: 3 0x800017fc (0x00187eb3) x29 0x00000001
core   0: 0x80001800 (0xdc524713) xori    a4, tp, -571
core   0: 3 0x80001800 (0xdc524713) x14 0xfffffdc5
core   0: 0x80001804 (0xdb336693) ori     a3, t1, -589
core   0: 3 0x80001804 (0xdb336693) x13 0xfffffdb3
core   0: 0x80001808 (0x00e51993) slli    s3, a0, 14
core   0: 3 0x80001808 (0x00e51993) x19 0x00000000
core   0: 0x8000180c (0x00b9eeb3) or      t4, s3, a1
core   0: 3 0x8000180c (0x00b9eeb3) x29 0x7ffea31c
core   0: 0x80001810 (0x41ccdd93) srai    s11, s9, 28
core   0: 3 0x80001810 (0x41ccdd93) x27 0x00000000
core   0: 0x80001814 (0xd3442a13) slti    s4, s0, -716
core   0: 3 0x80001814 (0xd3442a13) x20 0x00000001
core   0: 0x80001818 (0x01ddb5b3) sltu    a1, s11, t4
core   0: 3 0x80001818 (0x01ddb5b3) x11 0x00000001
core   0: 0x8000181c (0x05f82417) auipc   s0, 0x5f82
core   0: 3 0x8000181c (0x05f82417) x 8 0x85f8381c
core   0: 0x80001820 (0x40168433) sub     s0, a3, ra
core   0: 3 0x80001820 (0x40168433) x 8 0x4c834d1e
core   0: 0x80001824 (0x01635893) srli    a7, t1, 22
core   0: 3 0x80001824 (0x01635893) x17 0x0000026a
core   0: 0x80001828 (0x723cbbb7) lui     s7, 0x723cb
core   0: 3 0x80001828 (0x723cbbb7) x23 0x723cb000
core   0: 0x8000182c (0x55b88b13) addi    s6, a7, 1371
core   0: 3 0x8000182c (0x55b88b13) x22 0x000007c5
core   0: 0x80001830 (0x019d8933) add     s2, s11, s9
core   0: 3 0x80001830 (0x019d8933) x18 0x00000001
core   0: 0x80001834 (0xb3007417) auipc   s0, 0xb3007
core   0: 3 0x80001834 (0xb3007417) x 8 0x33008834
core   0: 0x80001838 (0x00000013) nop
core   0: 3 0x80001838 (0x00000013)
core   0: 0x8000183c (0x41a85293) srai    t0, a6, 26
core   0: 3 0x8000183c (0x41a85293) x 5 0x00000000
core   0: 0x80001840 (0x018d79b3) and     s3, s10, s8
core   0: 3 0x80001840 (0x018d79b3) x19 0x00000000
core   0: 0x80001844 (0xf5f93817) auipc   a6, 0xf5f93
core   0: 3 0x80001844 (0xf5f93817) x16 0x75f94844
core   0: 0x80001848 (0x017d3bb3) sltu    s7, s10, s7
core   0: 3 0x80001848 (0x017d3bb3) x23 0x00000001
core   0: 0x8000184c (0x01499313) slli    t1, s3, 20
core   0: 3 0x8000184c (0x01499313) x 6 0x00000000
core   0: 0x80001850 (0x00ea4233) xor     tp, s4, a4
core   0: 3 0x80001850 (0x00ea4233) x 4 0xfffffdc4
core   0: 0x80001854 (0x002c3233) sltu    tp, s8, sp
core   0: 3 0x80001854 (0x002c3233) x 4 0x00000001
core   0: 0x80001858 (0x8297e113) ori     sp, a5, -2007
core   0: 3 0x80001858 (0x8297e113) x 2 0xfffff8ff
core   0: 0x8000185c (0x00898bb3) add     s7, s3, s0
core   0: 3 0x8000185c (0x00898bb3) x23 0x33008834
core   0: 0x80001860 (0x0060efb3) or      t6, ra, t1
core   0: 3 0x80001860 (0x0060efb3) x31 0xb37cb095
core   0: 0x80001864 (0x00000013) nop
core   0: 3 0x80001864 (0x00000013)
core   0: 0x80001868 (0xa3632513) slti    a0, t1, -1482
core   0: 3 0x80001868 (0xa3632513) x10 0x00000000
core   0: 0x8000186c (0x9c268837) lui     a6, 0x9c268
core   0: 3 0x8000186c (0x9c268837) x16 0x9c268000
core   0: 0x80001870 (0x41225d13) srai    s10, tp, 18
core   0: 3 0x80001870 (0x41225d13) x26 0x00000000
core   0: 0x80001874 (0x017a5cb3) srl     s9, s4, s7
core   0: 3 0x80001874 (0x017a5cb3) x25 0x00000000
core   0: 0x80001878 (0x00a17f33) and     t5, sp, a0
core   0: 3 0x80001878 (0x00a17f33) x30 0x00000000
core   0: 0x8000187c (0x01aabcb3) sltu    s9, s5, s10
core   0: 3 0x8000187c (0x01aabcb3) x25 0x00000000
core   0: 0x80001880 (0x913b7a93) andi    s5, s6, -1773
core   0: 3 0x80001880 (0x913b7a93) x21 0x00000101
core   0: 0x80001884 (0x41960fb3) sub     t6, a2, s9
core   0: 3 0x80001884 (0x41960fb3) x31 0x80015ce4
core   0: 0x80001888 (0x9d0bf693) andi    a3, s7, -1584
core   0: 3 0x80001888 (0x9d0bf693) x13 0x33008810
core   0: 0x8000188c (0x5eabc693) xori    a3, s7, 1514
core   0: 3 0x8000188c (0x5eabc693) x13 0x33008dde
core   0: 0x80001890 (0x00000013) nop
core   0: 3 0x80001890 (0x00000013)
core   0: 0x80001894 (0x41945293) srai    t0, s0, 25
core   0: 3 0x80001894 (0x41945293) x 5 0x00000019
core   0: 0x80001898 (0x0191fdb3) and     s11, gp, s9
core   0: 3 0x80001898 (0x0191fdb3) x27 0x00000000
core   0: 0x8000189c (0x00f62933) slt     s2, a2, a5
core   0: 3 0x8000189c (0x00f62933) x18 0x00000001
core   0: 0x800018a0 (0x00f80233) add     tp, a6, a5
core   0: 3 0x800018a0 (0x00f80233) x 4 0x83d550df
core   0: 0x800018a4 (0x7f510993) addi    s3, sp, 2037
core   0: 3 0x800018a4 (0x7f510993) x19 0x000000f4
core   0: 0x800018a8 (0x8426e093) ori     ra, a3, -1982
core   0: 3 0x800018a8 (0x8426e093) x 1 0xfffffdde
core   0: 0x800018ac (0xccfa1c37) lui     s8, 0xccfa1
core   0: 3 0x800018ac (0xccfa1c37) x24 0xccfa1000
core   0: 0x800018b0 (0x012f1c93) slli    s9, t5, 18
core   0: 3 0x800018b0 (0x012f1c93) x25 0x00000000
core   0: 0x800018b4 (0x00cb9233) sll     tp, s7, a2
core   0: 3 0x800018b4 (0x00cb9233) x 4 0x30088340
core   0: 0x800018b8 (0x40980533) sub     a0, a6, s1
core   0: 3 0x800018b8 (0x40980533) x10 0xedc3b000
core   0: 0x800018bc (0x018448b3) xor     a7, s0, s8
core   0: 3 0x800018bc (0x018448b3) x17 0xfffa9834
core   0: 0x800018c0 (0xb2144293) xori    t0, s0, -1247
core   0: 3 0x800018c0 (0xb2144293) x 5 0xccff7315
core   0: 0x800018c4 (0x01e991b3) sll     gp, s3, t5
core   0: 3 0x800018c4 (0x01e991b3) x 3 0x000000f4
core   0: 0x800018c8 (0x01c62bb3) slt     s7, a2, t3
core   0: 3 0x800018c8 (0x01c62bb3) x23 0x00000001
core   0: 0x800018cc (0x00695b13) srli    s6, s2, 6
core   0: 3 0x800018cc (0x00695b13) x22 0x00000000
core   0: 0x800018d0 (0xf5410213) addi    tp, sp, -172
core   0: 3 0x800018d0 (0xf5410213) x 4 0xfffff853
core   0: 0x800018d4 (0x4a8d4a97) auipc   s5, 0x4a8d4
core   0: 3 0x800018d4 (0x4a8d4a97) x21 0xca8d58d4
core   0: 0x800018d8 (0x00cc2bb3) slt     s7, s8, a2
core   0: 3 0x800018d8 (0x00cc2bb3) x23 0x00000000
core   0: 0x800018dc (0xff59ee37) lui     t3, 0xff59e
core   0: 3 0x800018dc (0xff59ee37) x28 0xff59e000
core   0: 0x800018e0 (0x00000013) nop
core   0: 3 0x800018e0 (0x00000013)
core   0: 0x800018e4 (0x00c88eb3) add     t4, a7, a2
core   0: 3 0x800018e4 (0x00c88eb3) x29 0x7ffbf518
core   0: 0x800018e8 (0x4c738813) addi    a6, t2, 1223
core   0: 3 0x800018e8 (0x4c738813) x16 0x8001232b
core   0: 0x800018ec (0x9ead8f13) addi    t5, s11, -1558
core   0: 3 0x800018ec (0x9ead8f13) x30 0xfffff9ea
core   0: 0x800018f0 (0x01230c33) add     s8, t1, s2
core   0: 3 0x800018f0 (0x01230c33) x24 0x00000001
core   0: 0x800018f4 (0x5d677413) andi    s0, a4, 1494
core   0: 3 0x800018f4 (0x5d677413) x 8 0x000005c4
core   0: 0x800018f8 (0x2bdd4d13) xori    s10, s10, 701
core   0: 3 0x800018f8 (0x2bdd4d13) x26 0x000002bd
core   0: 0x800018fc (0x290a8013) addi    zero, s5, 656
core   0: 3 0x800018fc (0x290a8013)
core   0: 0x80001900 (0x016e6a33) or      s4, t3, s6
core   0: 3 0x80001900 (0x016e6a33) x20 0xff59e000
core   0: 0x80001904 (0x00d8df93) srli    t6, a7, 13
core   0: 3 0x80001904 (0x00d8df93) x31 0x0007ffd4
core   0: 0x80001908 (0x003e6433) or      s0, t3, gp
core   0: 3 0x80001908 (0x003e6433) x 8 0xff59e0f4
core   0: 0x8000190c (0x00be1b13) slli    s6, t3, 11
core   0: 3 0x8000190c (0x00be1b13) x22 0xcf000000
core   0: 0x80001910 (0x8ddb6d13) ori     s10, s6, -1827
core   0: 3 0x80001910 (0x8ddb6d13) x26 0xfffff8dd
core   0: 0x80001914 (0x000a6e33) or      t3, s4, zero
core   0: 3 0x80001914 (0x000a6e33) x28 0xff59e000
core   0: 0x80001918 (0xc6937413) andi    s0, t1, -919
core   0: 3 0x80001918 (0xc6937413) x 8 0x00000000
core   0: 0x8000191c (0x400b5d33) sra     s10, s6, zero
core   0: 3 0x8000191c (0x400b5d33) x26 0xcf000000
core   0: 0x80001920 (0x009030b3) snez    ra, s1
core   0: 3 0x80001920 (0x009030b3) x 1 0x00000001
core   0: 0x80001924 (0x017ab433) sltu    s0, s5, s7
core   0: 3 0x80001924 (0x017ab433) x 8 0x00000000
core   0: 0x80001928 (0x01c6bbb3) sltu    s7, a3, t3
core   0: 3 0x80001928 (0x01c6bbb3) x23 0x00000001
core   0: 0x8000192c (0x41ec58b3) sra     a7, s8, t5
core   0: 3 0x8000192c (0x41ec58b3) x17 0x00000000
core   0: 0x80001930 (0x00edbfb3) sltu    t6, s11, a4
core   0: 3 0x80001930 (0x00edbfb3) x31 0x00000001
core   0: 0x80001934 (0x4036dab3) sra     s5, a3, gp
core   0: 3 0x80001934 (0x4036dab3) x21 0x00000330
core   0: 0x80001938 (0xd48de093) ori     ra, s11, -696
core   0: 3 0x80001938 (0xd48de093) x 1 0xfffffd48
core   0: 0x8000193c (0x0084b733) sltu    a4, s1, s0
core   0: 3 0x8000193c (0x0084b733) x14 0x00000000
core   0: 0x80001940 (0xcc93a993) slti    s3, t2, -823
core   0: 3 0x80001940 (0xcc93a993) x19 0x00000001
core   0: 0x80001944 (0x014cc433) xor     s0, s9, s4
core   0: 3 0x80001944 (0x014cc433) x 8 0xff59e000
core   0: 0x80001948 (0x05c72b13) slti    s6, a4, 92
core   0: 3 0x80001948 (0x05c72b13) x22 0x00000001
core   0: 0x8000194c (0x98006693) ori     a3, zero, -1664
core   0: 3 0x8000194c (0x98006693) x13 0xfffff980
core   0: 0x80001950 (0xdebe6f93) ori     t6, t3, -533
core   0: 3 0x80001950 (0xdebe6f93) x31 0xfffffdeb
core   0: 0x80001954 (0x014bd933) srl     s2, s7, s4
core   0: 3 0x80001954 (0x014bd933) x18 0x00000001
core   0: 0x80001958 (0x76c80293) addi    t0, a6, 1900
core   0: 3 0x80001958 (0x76c80293) x 5 0x80012a97
core   0: 0x8000195c (0x019fa1b3) slt     gp, t6, s9
core   0: 3 0x8000195c (0x019fa1b3) x 3 0x00000001
core   0: 0x80001960 (0x41125f33) sra     t5, tp, a7
core   0: 3 0x80001960 (0x41125f33) x30 0xfffff853
core   0: 0x80001964 (0x0ff3f713) andi    a4, t2, 255
core   0: 3 0x80001964 (0x0ff3f713) x14 0x00000064
core   0: 0x80001968 (0x9eedbc13) sltiu   s8, s11, -1554
core   0: 3 0x80001968 (0x9eedbc13) x24 0x00000001
core   0: 0x8000196c (0xdeda0293) addi    t0, s4, -531
core   0: 3 0x8000196c (0xdeda0293) x 5 0xff59dded
core   0: 0x80001970 (0x016f7433) and     s0, t5, s6
core   0: 3 0x80001970 (0x016f7433) x 8 0x00000001
core   0: 0x80001974 (0x014ff333) and     t1, t6, s4
core   0: 3 0x80001974 (0x014ff333) x 6 0xff59e000
core   0: 0x80001978 (0x00000013) nop
core   0: 3 0x80001978 (0x00000013)
core   0: 0x8000197c (0x02d974b7) lui     s1, 0x2d97
core   0: 3 0x8000197c (0x02d974b7) x 9 0x02d97000
core   0: 0x80001980 (0x00d52033) slt     zero, a0, a3
core   0: 3 0x80001980 (0x00d52033)
core   0: 0x80001984 (0x01ab9ab3) sll     s5, s7, s10
core   0: 3 0x80001984 (0x01ab9ab3) x21 0x00000001
core   0: 0x80001988 (0x01917533) and     a0, sp, s9
core   0: 3 0x80001988 (0x01917533) x10 0x00000000
core   0: 0x8000198c (0xe66ea013) slti    zero, t4, -410
core   0: 3 0x8000198c (0xe66ea013)
core   0: 0x80001990 (0x00331513) slli    a0, t1, 3
core   0: 3 0x80001990 (0x00331513) x10 0xfacf0000
core   0: 0x80001994 (0x667dbe93) sltiu   t4, s11, 1639
core   0: 3 0x80001994 (0x667dbe93) x29 0x00000001
core   0: 0x80001998 (0x41e10d33) sub     s10, sp, t5
core   0: 3 0x80001998 (0x41e10d33) x26 0x000000ac
core   0: 0x8000199c (0x01bc25b3) slt     a1, s8, s11
core   0: 3 0x8000199c (0x01bc25b3) x11 0x00000000
core   0: 0x800019a0 (0x00000013) nop
core   0: 3 0x800019a0 (0x00000013)
core   0: 0x800019a4 (0xdd4f3193) sltiu   gp, t5, -556
core   0: 3 0x800019a4 (0xdd4f3193) x 3 0x00000001
core   0: 0x800019a8 (0xecd8e297) auipc   t0, 0xecd8e
core   0: 3 0x800019a8 (0xecd8e297) x 5 0x6cd8f9a8
core   0: 0x800019ac (0x000b5193) srli    gp, s6, 0
core   0: 3 0x800019ac (0x000b5193) x 3 0x00000001
core   0: 0x800019b0 (0x01455213) srli    tp, a0, 20
core   0: 3 0x800019b0 (0x01455213) x 4 0x00000fac
core   0: 0x800019b4 (0xa9d3f6b7) lui     a3, 0xa9d3f
core   0: 3 0x800019b4 (0xa9d3f6b7) x13 0xa9d3f000
core   0: 0x800019b8 (0x407384b3) sub     s1, t2, t2
core   0: 3 0x800019b8 (0x407384b3) x 9 0x00000000
core   0: 0x800019bc (0x40b25233) sra     tp, tp, a1
core   0: 3 0x800019bc (0x40b25233) x 4 0x00000fac
core   0: 0x800019c0 (0x01bb1093) slli    ra, s6, 27
core   0: 3 0x800019c0 (0x01bb1093) x 1 0x08000000
core   0: 0x800019c4 (0x238d4e13) xori    t3, s10, 568
core   0: 3 0x800019c4 (0x238d4e13) x28 0x00000294
core   0: 0x800019c8 (0x4d05fa93) andi    s5, a1, 1232
core   0: 3 0x800019c8 (0x4d05fa93) x21 0x00000000
core   0: 0x800019cc (0x6e084c13) xori    s8, a6, 1760
core   0: 3 0x800019cc (0x6e084c13) x24 0x800125cb
core   0: 0x800019d0 (0x00fc1193) slli    gp, s8, 15
core   0: 3 0x800019d0 (0x00fc1193) x 3 0x92e58000
core   0: 0x800019d4 (0x00d6f833) and     a6, a3, a3
core   0: 3 0x800019d4 (0x00d6f833) x16 0xa9d3f000
core   0: 0x800019d8 (0x016b7e33) and     t3, s6, s6
core   0: 3 0x800019d8 (0x016b7e33) x28 0x00000001
core   0: 0x800019dc (0x1e858e13) addi    t3, a1, 488
core   0: 3 0x800019dc (0x1e858e13) x28 0x000001e8
core   0: 0x800019e0 (0x017eaeb3) slt     t4, t4, s7
core   0: 3 0x800019e0 (0x017eaeb3) x29 0x00000000
core   0: 0x800019e4 (0x01278833) add     a6, a5, s2
core   0: 3 0x800019e4 (0x01278833) x16 0xe7aed0e0
core   0: 0x800019e8 (0x00fba033) slt     zero, s7, a5
core   0: 3 0x800019e8 (0x00fba033)
core   0: 0x800019ec (0x00000013) nop
core   0: 3 0x800019ec (0x00000013)
core   0: 0x800019f0 (0x01f51e33) sll     t3, a0, t6
core   0: 3 0x800019f0 (0x01f51e33) x28 0x78000000
core   0: 0x800019f4 (0x403d8db3) sub     s11, s11, gp
core   0: 3 0x800019f4 (0x403d8db3) x27 0x6d1a8000
core   0: 0x800019f8 (0x00000013) nop
core   0: 3 0x800019f8 (0x00000013)
core   0: 0x800019fc (0x458f7c13) andi    s8, t5, 1112
core   0: 3 0x800019fc (0x458f7c13) x24 0x00000050
core   0: 0x80001a00 (0x510afb17) auipc   s6, 0x510af
core   0: 3 0x80001a00 (0x510afb17) x22 0xd10b0a00
core   0: 0x80001a04 (0x0018cbb3) xor     s7, a7, ra
core   0: 3 0x80001a04 (0x0018cbb3) x23 0x08000000
core   0: 0x80001a08 (0x01d0e9b3) or      s3, ra, t4
core   0: 3 0x80001a08 (0x01d0e9b3) x19 0x08000000
core   0: 0x80001a0c (0xbfac7b13) andi    s6, s8, -1030
core   0: 3 0x80001a0c (0xbfac7b13) x22 0x00000050
core   0: 0x80001a10 (0x00bff233) and     tp, t6, a1
core   0: 3 0x80001a10 (0x00bff233) x 4 0x00000000
core   0: 0x80001a14 (0x96915597) auipc   a1, 0x96915
core   0: 3 0x80001a14 (0x96915597) x11 0x16916a14
core   0: 0x80001a18 (0x3d2de313) ori     t1, s11, 978
core   0: 3 0x80001a18 (0x3d2de313) x 6 0x6d1a83d2
core   0: 0x80001a1c (0x00742133) slt     sp, s0, t2
core   0: 3 0x80001a1c (0x00742133) x 2 0x00000000
core   0: 0x80001a20 (0x00f75e93) srli    t4, a4, 15
core   0: 3 0x80001a20 (0x00f75e93) x29 0x00000000
core   0: 0x80001a24 (0x00211e93) slli    t4, sp, 2
core   0: 3 0x80001a24 (0x00211e93) x29 0x00000000
core   0: 0x80001a28 (0x00000013) nop
core   0: 3 0x80001a28 (0x00000013)
core   0: 0x80001a2c (0x134b3413) sltiu   s0, s6, 308
core   0: 3 0x80001a2c (0x134b3413) x 8 0x00000001
core   0: 0x80001a30 (0x01c51813) slli    a6, a0, 28
core   0: 3 0x80001a30 (0x01c51813) x16 0x00000000
core   0: 0x80001a34 (0x41675f93) srai    t6, a4, 22
core   0: 3 0x80001a34 (0x41675f93) x31 0x00000000
core   0: 0x80001a38 (0x6ff0cc13) xori    s8, ra, 1791
core   0: 3 0x80001a38 (0x6ff0cc13) x24 0x080006ff
core   0: 0x80001a3c (0x00000013) nop
core   0: 3 0x80001a3c (0x00000013)
core   0: 0x80001a40 (0x0908e013) ori     zero, a7, 144
core   0: 3 0x80001a40 (0x0908e013)
core   0: 0x80001a44 (0x2b8dc093) xori    ra, s11, 696
core   0: 3 0x80001a44 (0x2b8dc093) x 1 0x6d1a82b8
core   0: 0x80001a48 (0xf1fbea93) ori     s5, s7, -225
core   0: 3 0x80001a48 (0xf1fbea93) x21 0xffffff1f
core   0: 0x80001a4c (0x41cda993) slti    s3, s11, 1052
core   0: 3 0x80001a4c (0x41cda993) x19 0x00000000
core   0: 0x80001a50 (0xb199c993) xori    s3, s3, -1255
core   0: 3 0x80001a50 (0xb199c993) x19 0xfffffb19
core   0: 0x80001a54 (0x00c03bb3) snez    s7, a2
core   0: 3 0x80001a54 (0x00c03bb3) x23 0x00000001
core   0: 0x80001a58 (0x404d0eb3) sub     t4, s10, tp
core   0: 3 0x80001a58 (0x404d0eb3) x29 0x000000ac
core   0: 0x80001a5c (0x01e8afb3) slt     t6, a7, t5
core   0: 3 0x80001a5c (0x01e8afb3) x31 0x00000000
core   0: 0x80001a60 (0x41b2d593) srai    a1, t0, 27
core   0: 3 0x80001a60 (0x41b2d593) x11 0x0000000d
core   0: 0x80001a64 (0x456a2693) slti    a3, s4, 1110
core   0: 3 0x80001a64 (0x456a2693) x13 0x00000001
core   0: 0x80001a68 (0x00e4a9b3) slt     s3, s1, a4
core   0: 3 0x80001a68 (0x00e4a9b3) x19 0x00000001
core   0: 0x80001a6c (0x016d8233) add     tp, s11, s6
core   0: 3 0x80001a6c (0x016d8233) x 4 0x6d1a8050
core   0: 0x80001a70 (0x01740833) add     a6, s0, s7
core   0: 3 0x80001a70 (0x01740833) x16 0x00000002
core   0: 0x80001a74 (0x7a86a093) slti    ra, a3, 1960
core   0: 3 0x80001a74 (0x7a86a093) x 1 0x00000001
core   0: 0x80001a78 (0x41605e33) sra     t3, zero, s6
core   0: 3 0x80001a78 (0x41605e33) x28 0x00000000
core   0: 0x80001a7c (0x00d89293) slli    t0, a7, 13
core   0: 3 0x80001a7c (0x00d89293) x 5 0x00000000
core   0: 0x80001a80 (0xa5cdcf97) auipc   t6, 0xa5cdc
core   0: 3 0x80001a80 (0xa5cdcf97) x31 0x25cdda80
core   0: 0x80001a84 (0x011cb333) sltu    t1, s9, a7
core   0: 3 0x80001a84 (0x011cb333) x 6 0x00000000
core   0: 0x80001a88 (0x01aa4bb3) xor     s7, s4, s10
core   0: 3 0x80001a88 (0x01aa4bb3) x23 0xff59e0ac
core   0: 0x80001a8c (0x017abfb3) sltu    t6, s5, s7
core   0: 3 0x80001a8c (0x017abfb3) x31 0x00000000
core   0: 0x80001a90 (0xa24cd237) lui     tp, 0xa24cd
core   0: 3 0x80001a90 (0xa24cd237) x 4 0xa24cd000
core   0: 0x80001a94 (0x00000013) nop
core   0: 3 0x80001a94 (0x00000013)
core   0: 0x80001a98 (0x45e73913) sltiu   s2, a4, 1118
core   0: 3 0x80001a98 (0x45e73913) x18 0x00000001
core   0: 0x80001a9c (0x674dd137) lui     sp, 0x674dd
core   0: 3 0x80001a9c (0x674dd137) x 2 0x674dd000
core   0: 0x80001aa0 (0x62ac86b7) lui     a3, 0x62ac8
core   0: 3 0x80001aa0 (0x62ac86b7) x13 0x62ac8000
core   0: 0x80001aa4 (0x412a5013) srai    zero, s4, 18
core   0: 3 0x80001aa4 (0x412a5013)
core   0: 0x80001aa8 (0x00112bb3) slt     s7, sp, ra
core   0: 3 0x80001aa8 (0x00112bb3) x23 0x00000000
core   0: 0x80001aac (0x53230e17) auipc   t3, 0x53230
core   0: 3 0x80001aac (0x53230e17) x28 0xd3231aac
core   0: 0x80001ab0 (0x05e00913) li      s2, 94
core   0: 3 0x80001ab0 (0x05e00913) x18 0x0000005e
core   0: 0x80001ab4 (0x40b486b3) sub     a3, s1, a1
core   0: 3 0x80001ab4 (0x40b486b3) x13 0xfffffff3
core   0: 0x80001ab8 (0x00000013) nop
core   0: 3 0x80001ab8 (0x00000013)
core   0: 0x80001abc (0x41c18a33) sub     s4, gp, t3
core   0: 3 0x80001abc (0x41c18a33) x20 0xbfc26554
core   0: 0x80001ac0 (0x005ed533) srl     a0, t4, t0
core   0: 3 0x80001ac0 (0x005ed533) x10 0x000000ac
core   0: 0x80001ac4 (0x01993c33) sltu    s8, s2, s9
core   0: 3 0x80001ac4 (0x01993c33) x24 0x00000000
core   0: 0x80001ac8 (0x40d2d1b3) sra     gp, t0, a3
core   0: 3 0x80001ac8 (0x40d2d1b3) x 3 0x00000000
core   0: 0x80001acc (0x418fd413) srai    s0, t6, 24
core   0: 3 0x80001acc (0x418fd413) x 8 0x00000000
core   0: 0x80001ad0 (0x4abe6313) ori     t1, t3, 1195
core   0: 3 0x80001ad0 (0x4abe6313) x 6 0xd3231eaf
core   0: 0x80001ad4 (0x0114db13) srli    s6, s1, 17
core   0: 3 0x80001ad4 (0x0114db13) x22 0x00000000
core   0: 0x80001ad8 (0x9a59cf37) lui     t5, 0x9a59c
core   0: 3 0x80001ad8 (0x9a59cf37) x30 0x9a59c000
core   0: 0x80001adc (0x5e37b993) sltiu   s3, a5, 1507
core   0: 3 0x80001adc (0x5e37b993) x19 0x00000000
core   0: 0x80001ae0 (0x016f1f13) slli    t5, t5, 22
core   0: 3 0x80001ae0 (0x016f1f13) x30 0x00000000
core   0: 0x80001ae4 (0xd5417d13) andi    s10, sp, -684
core   0: 3 0x80001ae4 (0xd5417d13) x26 0x674dd000
core   0: 0x80001ae8 (0x01fc3ab3) sltu    s5, s8, t6
core   0: 3 0x80001ae8 (0x01fc3ab3) x21 0x00000000
core   0: 0x80001aec (0x01b91ab3) sll     s5, s2, s11
core   0: 3 0x80001aec (0x01b91ab3) x21 0x0000005e
core   0: 0x80001af0 (0x4075fb37) lui     s6, 0x4075f
core   0: 3 0x80001af0 (0x4075fb37) x22 0x4075f000
core   0: 0x80001af4 (0x27ac3b93) sltiu   s7, s8, 634
core   0: 3 0x80001af4 (0x27ac3b93) x23 0x00000001
core   0: 0x80001af8 (0xaab6cc13) xori    s8, a3, -1365
core   0: 3 0x80001af8 (0xaab6cc13) x24 0x00000558
core   0: 0x80001afc (0x1311e893) ori     a7, gp, 305
core   0: 3 0x80001afc (0x1311e893) x17 0x00000131
core   0: 0x80001b00 (0xdb8492b7) lui     t0, 0xdb849
core   0: 3 0x80001b00 (0xdb8492b7) x 5 0xdb849000
core   0: 0x80001b04 (0xd4fac093) xori    ra, s5, -689
core   0: 3 0x80001b04 (0xd4fac093) x 1 0xfffffd11
core   0: 0x80001b08 (0x018e3cb3) sltu    s9, t3, s8
core   0: 3 0x80001b08 (0x018e3cb3) x25 0x00000000
core   0: 0x80001b0c (0x3bb68c13) addi    s8, a3, 955
core   0: 3 0x80001b0c (0x3bb68c13) x24 0x000003ae
core   0: 0x80001b10 (0xf66e1297) auipc   t0, 0xf66e1
core   0: 3 0x80001b10 (0xf66e1297) x 5 0x766e2b10
core   0: 0x80001b14 (0xc81fafb7) lui     t6, 0xc81fa
core   0: 3 0x80001b14 (0xc81fafb7) x31 0xc81fa000
core   0: 0x80001b18 (0xfc58ff13) andi    t5, a7, -59
core   0: 3 0x80001b18 (0xfc58ff13) x30 0x00000101
core   0: 0x80001b1c (0x73a4fcb7) lui     s9, 0x73a4f
core   0: 3 0x80001b1c (0x73a4fcb7) x25 0x73a4f000
core   0: 0x80001b20 (0x00f60733) add     a4, a2, a5
core   0: 3 0x80001b20 (0x00f60733) x14 0x67b02dc3
core   0: 0x80001b24 (0x78644093) xori    ra, s0, 1926
core   0: 3 0x80001b24 (0x78644093) x 1 0x00000786
core   0: 0x80001b28 (0xf88ca213) slti    tp, s9, -120
core   0: 3 0x80001b28 (0xf88ca213) x 4 0x00000000
core   0: 0x80001b2c (0x40138fb3) sub     t6, t2, ra
core   0: 3 0x80001b2c (0x40138fb3) x31 0x800116de
core   0: 0x80001b30 (0x00000013) nop
core   0: 3 0x80001b30 (0x00000013)
core   0: 0x80001b34 (0x01c45033) srl     zero, s0, t3
core   0: 3 0x80001b34 (0x01c45033)
core   0: 0x80001b38 (0x01886233) or      tp, a6, s8
core   0: 3 0x80001b38 (0x01886233) x 4 0x000003ae
core   0: 0x80001b3c (0x41b60bb3) sub     s7, a2, s11
core   0: 3 0x80001b3c (0x41b60bb3) x23 0x12e6dce4
core   0: 0x80001b40 (0x40db0133) sub     sp, s6, a3
core   0: 3 0x80001b40 (0x40db0133) x 2 0x4075f00d
core   0: 0x80001b44 (0x01acd733) srl     a4, s9, s10
core   0: 3 0x80001b44 (0x01acd733) x14 0x73a4f000
core   0: 0x80001b48 (0x0177d133) srl     sp, a5, s7
core   0: 3 0x80001b48 (0x0177d133) x 2 0x0e7aed0d
core   0: 0x80001b4c (0x000a1433) sll     s0, s4, zero
core   0: 3 0x80001b4c (0x000a1433) x 8 0xbfc26554
core   0: 0x80001b50 (0x0110f433) and     s0, ra, a7
core   0: 3 0x80001b50 (0x0110f433) x 8 0x00000100
core   0: 0x80001b54 (0x00695193) srli    gp, s2, 6
core   0: 3 0x80001b54 (0x00695193) x 3 0x00000001
core   0: 0x80001b58 (0x00000013) nop
core   0: 3 0x80001b58 (0x00000013)
core   0: 0x80001b5c (0xdc0320b7) lui     ra, 0xdc032
core   0: 3 0x80001b5c (0xdc0320b7) x 1 0xdc032000
core   0: 0x80001b60 (0xc6308093) addi    ra, ra, -925
core   0: 3 0x80001b60 (0xc6308093) x 1 0xdc031c63
core   0: 0x80001b64 (0x80000337) lui     t1, 0x80000
core   0: 3 0x80001b64 (0x80000337) x 6 0x80000000
core   0: 0x80001b68 (0x52a1e537) lui     a0, 0x52a1e
core   0: 3 0x80001b68 (0x52a1e537) x10 0x52a1e000
core   0: 0x80001b6c (0x21250513) addi    a0, a0, 530
core   0: 3 0x80001b6c (0x21250513) x10 0x52a1e212
core   0: 0x80001b70 (0x756a6f37) lui     t5, 0x756a6
core   0: 3 0x80001b70 (0x756a6f37) x30 0x756a6000
core   0: 0x80001b74 (0x9f0f0f13) addi    t5, t5, -1552
core   0: 3 0x80001b74 (0x9f0f0f13) x30 0x756a59f0
core   0: 0x80001b78 (0xa57265b7) lui     a1, 0xa5726
core   0: 3 0x80001b78 (0xa57265b7) x11 0xa5726000
core   0: 0x80001b7c (0x44358593) addi    a1, a1, 1091
core   0: 3 0x80001b7c (0x44358593) x11 0xa5726443
core   0: 0x80001b80 (0x03e83fb7) lui     t6, 0x3e83
core   0: 3 0x80001b80 (0x03e83fb7) x31 0x03e83000
core   0: 0x80001b84 (0xfe1f8f93) addi    t6, t6, -31
core   0: 3 0x80001b84 (0xfe1f8f93) x31 0x03e82fe1
core   0: 0x80001b88 (0x00000d93) li      s11, 0
core   0: 3 0x80001b88 (0x00000d93) x27 0x00000000
core   0: 0x80001b8c (0x59795837) lui     a6, 0x59795
core   0: 3 0x80001b8c (0x59795837) x16 0x59795000
core   0: 0x80001b90 (0xb2580813) addi    a6, a6, -1243
core   0: 3 0x80001b90 (0xb2580813) x16 0x59794b25
core   0: 0x80001b94 (0x80000bb7) lui     s7, 0x80000
core   0: 3 0x80001b94 (0x80000bb7) x23 0x80000000
core   0: 0x80001b98 (0xfff00493) li      s1, -1
core   0: 3 0x80001b98 (0xfff00493) x 9 0xffffffff
core   0: 0x80001b9c (0x01ef00b3) add     ra, t5, t5
core   0: 3 0x80001b9c (0x01ef00b3) x 1 0xead4b3e0
core   0: 0x80001ba0 (0x77848513) addi    a0, s1, 1912
core   0: 3 0x80001ba0 (0x77848513) x10 0x00000777
core   0: 0x80001ba4 (0x41058533) sub     a0, a1, a6
core   0: 3 0x80001ba4 (0x41058533) x10 0x4bf9191e
core   0: 0x80001ba8 (0x00000013) nop
core   0: 3 0x80001ba8 (0x00000013)
core   0: 0x80001bac (0x40650333) sub     t1, a0, t1
core   0: 3 0x80001bac (0x40650333) x 6 0xcbf9191e
core   0: 0x80001bb0 (0x00000013) nop
core   0: 3 0x80001bb0 (0x00000013)
core   0: 0x80001bb4 (0x00000013) nop
core   0: 3 0x80001bb4 (0x00000013)
core   0: 0x80001bb8 (0x00000013) nop
core   0: 3 0x80001bb8 (0x00000013)
core   0: 0x80001bbc (0x57f80b93) addi    s7, a6, 1407
core   0: 3 0x80001bbc (0x57f80b93) x23 0x597950a4
core   0: 0x80001bc0 (0xff083837) lui     a6, 0xff083
core   0: 3 0x80001bc0 (0xff083837) x16 0xff083000
core   0: 0x80001bc4 (0x00000013) nop
core   0: 3 0x80001bc4 (0x00000013)
core   0: 0x80001bc8 (0x00000013) nop
core   0: 3 0x80001bc8 (0x00000013)
core   0: 0x80001bcc (0x00af80b3) add     ra, t6, a0
core   0: 3 0x80001bcc (0x00af80b3) x 1 0x4fe148ff
core   0: 0x80001bd0 (0x30c84337) lui     t1, 0x30c84
core   0: 3 0x80001bd0 (0x30c84337) x 6 0x30c84000
core   0: 0x80001bd4 (0x8cd65097) auipc   ra, 0x8cd65
core   0: 3 0x80001bd4 (0x8cd65097) x 1 0x0cd66bd4
core   0: 0x80001bd8 (0x30b38bb7) lui     s7, 0x30b38
core   0: 3 0x80001bd8 (0x30b38bb7) x23 0x30b38000
core   0: 0x80001bdc (0x41080bb3) sub     s7, a6, a6
core   0: 3 0x80001bdc (0x41080bb3) x23 0x00000000
core   0: 0x80001be0 (0x7ead4837) lui     a6, 0x7ead4
core   0: 3 0x80001be0 (0x7ead4837) x16 0x7ead4000
core   0: 0x80001be4 (0x26508093) addi    ra, ra, 613
core   0: 3 0x80001be4 (0x26508093) x 1 0x0cd66e39
core   0: 0x80001be8 (0x006585b3) add     a1, a1, t1
core   0: 3 0x80001be8 (0x006585b3) x11 0xd63aa443
core   0: 0x80001bec (0x01fb8f33) add     t5, s7, t6
core   0: 3 0x80001bec (0x01fb8f33) x30 0x03e82fe1
core   0: 0x80001bf0 (0xa71a2d97) auipc   s11, 0xa71a2
core   0: 3 0x80001bf0 (0xa71a2d97) x27 0x271a3bf0
core   0: 0x80001bf4 (0x00eca533) slt     a0, s9, a4
core   0: 3 0x80001bf4 (0x00eca533) x10 0x00000000
core   0: 0x80001bf8 (0x41ff0bb3) sub     s7, t5, t6
core   0: 3 0x80001bf8 (0x41ff0bb3) x23 0x00000000
core   0: 0x80001bfc (0x00000013) nop
core   0: 3 0x80001bfc (0x00000013)
core   0: 0x80001c00 (0x3ea5a313) slti    t1, a1, 1002
core   0: 3 0x80001c00 (0x3ea5a313) x 6 0x00000001
core   0: 0x80001c04 (0x411c58b3) sra     a7, s8, a7
core   0: 3 0x80001c04 (0x411c58b3) x17 0x00000000
core   0: 0x80001c08 (0xd71b8993) addi    s3, s7, -655
core   0: 3 0x80001c08 (0xd71b8993) x19 0xfffffd71
core   0: 0x80001c0c (0x000e6f33) or      t5, t3, zero
core   0: 3 0x80001c0c (0x000e6f33) x30 0xd3231aac
core   0: 0x80001c10 (0x01fc1d33) sll     s10, s8, t6
core   0: 3 0x80001c10 (0x01fc1d33) x26 0x0000075c
core   0: 0x80001c14 (0x00980bb3) add     s7, a6, s1
core   0: 3 0x80001c14 (0x00980bb3) x23 0x7ead3fff
core   0: 0x80001c18 (0x00e44e33) xor     t3, s0, a4
core   0: 3 0x80001c18 (0x00e44e33) x28 0x73a4f100
core   0: 0x80001c1c (0x03898d13) addi    s10, s3, 56
core   0: 3 0x80001c1c (0x03898d13) x26 0xfffffda9
core   0: 0x80001c20 (0x00d85033) srl     zero, a6, a3
core   0: 3 0x80001c20 (0x00d85033)
core   0: 0x80001c24 (0x01eddb33) srl     s6, s11, t5
core   0: 3 0x80001c24 (0x01eddb33) x22 0x000271a3
core   0: 0x80001c28 (0x00e7bcb3) sltu    s9, a5, a4
core   0: 3 0x80001c28 (0x00e7bcb3) x25 0x00000000
core   0: 0x80001c2c (0x0120dc93) srli    s9, ra, 18
core   0: 3 0x80001c2c (0x0120dc93) x25 0x00000335
core   0: 0x80001c30 (0x01df4833) xor     a6, t5, t4
core   0: 3 0x80001c30 (0x01df4833) x16 0xd3231a00
core   0: 0x80001c34 (0x40863d37) lui     s10, 0x40863
core   0: 3 0x80001c34 (0x40863d37) x26 0x40863000
core   0: 0x80001c38 (0x582a0897) auipc   a7, 0x582a0
core   0: 3 0x80001c38 (0x582a0897) x17 0xd82a1c38
core   0: 0x80001c3c (0xe0847813) andi    a6, s0, -504
core   0: 3 0x80001c3c (0xe0847813) x16 0x00000000
core   0: 0x80001c40 (0x00db9d33) sll     s10, s7, a3
core   0: 3 0x80001c40 (0x00db9d33) x26 0xfff80000
core   0: 0x80001c44 (0x00e1ce33) xor     t3, gp, a4
core   0: 3 0x80001c44 (0x00e1ce33) x28 0x73a4f001
core   0: 0x80001c48 (0x00bfcb33) xor     s6, t6, a1
core   0: 3 0x80001c48 (0x00bfcb33) x22 0xd5d28ba2
core   0: 0x80001c4c (0x003a5cb3) srl     s9, s4, gp
core   0: 3 0x80001c4c (0x003a5cb3) x25 0x5fe132aa
core   0: 0x80001c50 (0x011ae733) or      a4, s5, a7
core   0: 3 0x80001c50 (0x011ae733) x14 0xd82a1c7e
core   0: 0x80001c54 (0x40b50ab3) sub     s5, a0, a1
core   0: 3 0x80001c54 (0x40b50ab3) x21 0x29c55bbd
core   0: 0x80001c58 (0x4b544bb7) lui     s7, 0x4b544
core   0: 3 0x80001c58 (0x4b544bb7) x23 0x4b544000
core   0: 0x80001c5c (0x415c5813) srai    a6, s8, 21
core   0: 3 0x80001c5c (0x415c5813) x16 0x00000000
core   0: 0x80001c60 (0x013e0433) add     s0, t3, s3
core   0: 3 0x80001c60 (0x013e0433) x 8 0x73a4ed72
core   0: 0x80001c64 (0x52874013) xori    zero, a4, 1320
core   0: 3 0x80001c64 (0x52874013)
core   0: 0x80001c68 (0x40ced693) srai    a3, t4, 12
core   0: 3 0x80001c68 (0x40ced693) x13 0x00000000
core   0: 0x80001c6c (0xd7a23f17) auipc   t5, 0xd7a23
core   0: 3 0x80001c6c (0xd7a23f17) x30 0x57a24c6c
core   0: 0x80001c70 (0x00881a13) slli    s4, a6, 8
core   0: 3 0x80001c70 (0x00881a13) x20 0x00000000
core   0: 0x80001c74 (0x01ae7333) and     t1, t3, s10
core   0: 3 0x80001c74 (0x01ae7333) x 6 0x73a00000
core   0: 0x80001c78 (0x017d7fb3) and     t6, s10, s7
core   0: 3 0x80001c78 (0x017d7fb3) x31 0x4b500000
core   0: 0x80001c7c (0xd5723113) sltiu   sp, tp, -681
core   0: 3 0x80001c7c (0xd5723113) x 2 0x00000001
core   0: 0x80001c80 (0x407a5213) srai    tp, s4, 7
core   0: 3 0x80001c80 (0x407a5213) x 4 0x00000000
core   0: 0x80001c84 (0xceff4693) xori    a3, t5, -785
core   0: 3 0x80001c84 (0xceff4693) x13 0xa85db083
core   0: 0x80001c88 (0x40a5d813) srai    a6, a1, 10
core   0: 3 0x80001c88 (0x40a5d813) x16 0xfff58ea9
core   0: 0x80001c8c (0x3c034113) xori    sp, t1, 960
core   0: 3 0x80001c8c (0x3c034113) x 2 0x73a003c0
core   0: 0x80001c90 (0x00e5f433) and     s0, a1, a4
core   0: 3 0x80001c90 (0x00e5f433) x 8 0xd02a0442
core   0: 0x80001c94 (0x00fc5b93) srli    s7, s8, 15
core   0: 3 0x80001c94 (0x00fc5b93) x23 0x00000000
core   0: 0x80001c98 (0x41f956b3) sra     a3, s2, t6
core   0: 3 0x80001c98 (0x41f956b3) x13 0x0000005e
core   0: 0x80001c9c (0xa89aee13) ori     t3, s5, -1399
core   0: 3 0x80001c9c (0xa89aee13) x28 0xfffffbbd
core   0: 0x80001ca0 (0x41905a13) srai    s4, zero, 25
core   0: 3 0x80001ca0 (0x41905a13) x20 0x00000000
core   0: 0x80001ca4 (0x00b972b3) and     t0, s2, a1
core   0: 3 0x80001ca4 (0x00b972b3) x 5 0x00000042
core   0: 0x80001ca8 (0x01f1efb3) or      t6, gp, t6
core   0: 3 0x80001ca8 (0x01f1efb3) x31 0x4b500001
core   0: 0x80001cac (0x9c802413) slti    s0, zero, -1592
core   0: 3 0x80001cac (0x9c802413) x 8 0x00000000
core   0: 0x80001cb0 (0x86124837) lui     a6, 0x86124
core   0: 3 0x80001cb0 (0x86124837) x16 0x86124000
core   0: 0x80001cb4 (0x01402533) slt     a0, zero, s4
core   0: 3 0x80001cb4 (0x01402533) x10 0x00000000
core   0: 0x80001cb8 (0x41118e33) sub     t3, gp, a7
core   0: 3 0x80001cb8 (0x41118e33) x28 0x27d5e3c9
core   0: 0x80001cbc (0x41870bb3) sub     s7, a4, s8
core   0: 3 0x80001cbc (0x41870bb3) x23 0xd82a18d0
core   0: 0x80001cc0 (0x777de413) ori     s0, s11, 1911
core   0: 3 0x80001cc0 (0x777de413) x 8 0x271a3ff7
core   0: 0x80001cc4 (0x0114a4b3) slt     s1, s1, a7
core   0: 3 0x80001cc4 (0x0114a4b3) x 9 0x00000000
core   0: 0x80001cc8 (0x40355e13) srai    t3, a0, 3
core   0: 3 0x80001cc8 (0x40355e13) x28 0x00000000
core   0: 0x80001ccc (0xea1e0d13) addi    s10, t3, -351
core   0: 3 0x80001ccc (0xea1e0d13) x26 0xfffffea1
core   0: 0x80001cd0 (0x00759993) slli    s3, a1, 7
core   0: 3 0x80001cd0 (0x00759993) x19 0x1d522180
core   0: 0x80001cd4 (0x41d950b3) sra     ra, s2, t4
core   0: 3 0x80001cd4 (0x41d950b3) x 1 0x00000000
core   0: 0x80001cd8 (0xfe4f6593) ori     a1, t5, -28
core   0: 3 0x80001cd8 (0xfe4f6593) x11 0xffffffec
core   0: 0x80001cdc (0x016b62b3) or      t0, s6, s6
core   0: 3 0x80001cdc (0x016b62b3) x 5 0xd5d28ba2
core   0: 0x80001ce0 (0x004b9bb3) sll     s7, s7, tp
core   0: 3 0x80001ce0 (0x004b9bb3) x23 0xd82a18d0
core   0: 0x80001ce4 (0x4f2a3293) sltiu   t0, s4, 1266
core   0: 3 0x80001ce4 (0x4f2a3293) x 5 0x00000001
core   0: 0x80001ce8 (0x00025193) srli    gp, tp, 0
core   0: 3 0x80001ce8 (0x00025193) x 3 0x00000000
core   0: 0x80001cec (0x009eb6b3) sltu    a3, t4, s1
core   0: 3 0x80001cec (0x009eb6b3) x13 0x00000000
core   0: 0x80001cf0 (0x00741493) slli    s1, s0, 7
core   0: 3 0x80001cf0 (0x00741493) x 9 0x8d1ffb80
core   0: 0x80001cf4 (0x8b67dd97) auipc   s11, 0x8b67d
core   0: 3 0x80001cf4 (0x8b67dd97) x27 0x0b67ecf4
core   0: 0x80001cf8 (0x40525813) srai    a6, tp, 5
core   0: 3 0x80001cf8 (0x40525813) x16 0x00000000
core   0: 0x80001cfc (0x59acb993) sltiu   s3, s9, 1434
core   0: 3 0x80001cfc (0x59acb993) x19 0x00000000
core   0: 0x80001d00 (0x4078d013) srai    zero, a7, 7
core   0: 3 0x80001d00 (0x4078d013)
core   0: 0x80001d04 (0x40330133) sub     sp, t1, gp
core   0: 3 0x80001d04 (0x40330133) x 2 0x73a00000
core   0: 0x80001d08 (0x00906533) or      a0, zero, s1
core   0: 3 0x80001d08 (0x00906533) x10 0x8d1ffb80
core   0: 0x80001d0c (0x21694c13) xori    s8, s2, 534
core   0: 3 0x80001d0c (0x21694c13) x24 0x00000248
core   0: 0x80001d10 (0x0153d833) srl     a6, t2, s5
core   0: 3 0x80001d10 (0x0153d833) x16 0x00000004
core   0: 0x80001d14 (0x01ca7433) and     s0, s4, t3
core   0: 3 0x80001d14 (0x01ca7433) x 8 0x00000000
core   0: 0x80001d18 (0x46f1fa93) andi    s5, gp, 1135
core   0: 3 0x80001d18 (0x46f1fa93) x21 0x00000000
core   0: 0x80001d1c (0x0019ce33) xor     t3, s3, ra
core   0: 3 0x80001d1c (0x0019ce33) x28 0x00000000
core   0: 0x80001d20 (0x0046f833) and     a6, a3, tp
core   0: 3 0x80001d20 (0x0046f833) x16 0x00000000
core   0: 0x80001d24 (0x00a886b3) add     a3, a7, a0
core   0: 3 0x80001d24 (0x00a886b3) x13 0x654a17b8
core   0: 0x80001d28 (0x22bd0313) addi    t1, s10, 555
core   0: 3 0x80001d28 (0x22bd0313) x 6 0x000000cc
core   0: 0x80001d2c (0x01f91eb3) sll     t4, s2, t6
core   0: 3 0x80001d2c (0x01f91eb3) x29 0x000000bc
core   0: 0x80001d30 (0x40fc5fb3) sra     t6, s8, a5
core   0: 3 0x80001d30 (0x40fc5fb3) x31 0x00000000
core   0: 0x80001d34 (0xe1c3bf93) sltiu   t6, t2, -484
core   0: 3 0x80001d34 (0xe1c3bf93) x31 0x00000001
core   0: 0x80001d38 (0x00fc2fb3) slt     t6, s8, a5
core   0: 3 0x80001d38 (0x00fc2fb3) x31 0x00000000
core   0: 0x80001d3c (0x00a529b3) slt     s3, a0, a0
core   0: 3 0x80001d3c (0x00a529b3) x19 0x00000000
core   0: 0x80001d40 (0xc778cb93) xori    s7, a7, -905
core   0: 3 0x80001d40 (0xc778cb93) x23 0x27d5e04f
core   0: 0x80001d44 (0x01708e33) add     t3, ra, s7
core   0: 3 0x80001d44 (0x01708e33) x28 0x27d5e04f
core   0: 0x80001d48 (0x61987993) andi    s3, a6, 1561
core   0: 3 0x80001d48 (0x61987993) x19 0x00000000
core   0: 0x80001d4c (0x0176e6b3) or      a3, a3, s7
core   0: 3 0x80001d4c (0x0176e6b3) x13 0x67dff7ff
core   0: 0x80001d50 (0x01c09e13) slli    t3, ra, 28
core   0: 3 0x80001d50 (0x01c09e13) x28 0x00000000
core   0: 0x80001d54 (0x40b4d493) srai    s1, s1, 11
core   0: 3 0x80001d54 (0x40b4d493) x 9 0xfff1a3ff
core   0: 0x80001d58 (0xe7330c93) addi    s9, t1, -397
core   0: 3 0x80001d58 (0xe7330c93) x25 0xffffff3f
core   0: 0x80001d5c (0x41cc8033) sub     zero, s9, t3
core   0: 3 0x80001d5c (0x41cc8033)
core   0: 0x80001d60 (0x00adc133) xor     sp, s11, a0
core   0: 3 0x80001d60 (0x00adc133) x 2 0x86781774
core   0: 0x80001d64 (0x93d34c13) xori    s8, t1, -1731
core   0: 3 0x80001d64 (0x93d34c13) x24 0xfffff9f1
core   0: 0x80001d68 (0xed95bfb7) lui     t6, 0xed95b
core   0: 3 0x80001d68 (0xed95bfb7) x31 0xed95b000
core   0: 0x80001d6c (0x40780b33) sub     s6, a6, t2
core   0: 3 0x80001d6c (0x40780b33) x22 0x7ffee19c
core   0: 0x80001d70 (0x67688f97) auipc   t6, 0x67688
core   0: 3 0x80001d70 (0x67688f97) x31 0xe7689d70
core   0: 0x80001d74 (0x009fc5b3) xor     a1, t6, s1
core   0: 3 0x80001d74 (0x009fc5b3) x11 0x18993e8f
core   0: 0x80001d78 (0x004db0b3) sltu    ra, s11, tp
core   0: 3 0x80001d78 (0x004db0b3) x 1 0x00000000
core   0: 0x80001d7c (0x3fd56413) ori     s0, a0, 1021
core   0: 3 0x80001d7c (0x3fd56413) x 8 0x8d1ffbfd
core   0: 0x80001d80 (0x9950b713) sltiu   a4, ra, -1643
core   0: 3 0x80001d80 (0x9950b713) x14 0x00000001
core   0: 0x80001d84 (0x00064333) xor     t1, a2, zero
core   0: 3 0x80001d84 (0x00064333) x 6 0x80015ce4
core   0: 0x80001d88 (0x40c30433) sub     s0, t1, a2
core   0: 3 0x80001d88 (0x40c30433) x 8 0x00000000
core   0: 0x80001d8c (0x01df36b3) sltu    a3, t5, t4
core   0: 3 0x80001d8c (0x01df36b3) x13 0x00000000
core   0: 0x80001d90 (0x01ec9c13) slli    s8, s9, 30
core   0: 3 0x80001d90 (0x01ec9c13) x24 0xc0000000
core   0: 0x80001d94 (0x00000013) nop
core   0: 3 0x80001d94 (0x00000013)
core   0: 0x80001d98 (0x00b06cb3) or      s9, zero, a1
core   0: 3 0x80001d98 (0x00b06cb3) x25 0x18993e8f
core   0: 0x80001d9c (0x003c8ab3) add     s5, s9, gp
core   0: 3 0x80001d9c (0x003c8ab3) x21 0x18993e8f
core   0: 0x80001da0 (0x00000013) nop
core   0: 3 0x80001da0 (0x00000013)
core   0: 0x80001da4 (0x415f5cb3) sra     s9, t5, s5
core   0: 3 0x80001da4 (0x415f5cb3) x25 0x0000af44
core   0: 0x80001da8 (0x41175513) srai    a0, a4, 17
core   0: 3 0x80001da8 (0x41175513) x10 0x00000000
core   0: 0x80001dac (0x40e4d493) srai    s1, s1, 14
core   0: 3 0x80001dac (0x40e4d493) x 9 0xffffffc6
core   0: 0x80001db0 (0x0039f6b3) and     a3, s3, gp
core   0: 3 0x80001db0 (0x0039f6b3) x13 0x00000000
core   0: 0x80001db4 (0x01545b33) srl     s6, s0, s5
core   0: 3 0x80001db4 (0x01545b33) x22 0x00000000
core   0: 0x80001db8 (0x113f8413) addi    s0, t6, 275
core   0: 3 0x80001db8 (0x113f8413) x 8 0xe7689e83
core   0: 0x80001dbc (0xa1784493) xori    s1, a6, -1513
core   0: 3 0x80001dbc (0xa1784493) x 9 0xfffffa17
core   0: 0x80001dc0 (0x001315b3) sll     a1, t1, ra
core   0: 3 0x80001dc0 (0x001315b3) x11 0x80015ce4
core   0: 0x80001dc4 (0x01afa0b3) slt     ra, t6, s10
core   0: 3 0x80001dc4 (0x01afa0b3) x 1 0x00000001
core   0: 0x80001dc8 (0x00c35033) srl     zero, t1, a2
core   0: 3 0x80001dc8 (0x00c35033)
core   0: 0x80001dcc (0xeea73037) lui     zero, 0xeea73
core   0: 3 0x80001dcc (0xeea73037)
core   0: 0x80001dd0 (0x0047dc33) srl     s8, a5, tp
core   0: 3 0x80001dd0 (0x0047dc33) x24 0xe7aed0df
core   0: 0x80001dd4 (0x4069dc13) srai    s8, s3, 6
core   0: 3 0x80001dd4 (0x4069dc13) x24 0x00000000
core   0: 0x80001dd8 (0x02a22713) slti    a4, tp, 42
core   0: 3 0x80001dd8 (0x02a22713) x14 0x00000001
core   0: 0x80001ddc (0x005334b3) sltu    s1, t1, t0
core   0: 3 0x80001ddc (0x005334b3) x 9 0x00000000
core   0: 0x80001de0 (0x01677ab3) and     s5, a4, s6
core   0: 3 0x80001de0 (0x01677ab3) x21 0x00000000
core   0: 0x80001de4 (0x01a51593) slli    a1, a0, 26
core   0: 3 0x80001de4 (0x01a51593) x11 0x00000000
core   0: 0x80001de8 (0x001e1113) slli    sp, t3, 1
core   0: 3 0x80001de8 (0x001e1113) x 2 0x00000000
core   0: 0x80001dec (0x004a2333) slt     t1, s4, tp
core   0: 3 0x80001dec (0x004a2333) x 6 0x00000000
core   0: 0x80001df0 (0x00a51f33) sll     t5, a0, a0
core   0: 3 0x80001df0 (0x00a51f33) x30 0x00000000
core   0: 0x80001df4 (0x00fe96b3) sll     a3, t4, a5
core   0: 3 0x80001df4 (0x00fe96b3) x13 0x00000000
core   0: 0x80001df8 (0xf7c3fa13) andi    s4, t2, -132
core   0: 3 0x80001df8 (0xf7c3fa13) x20 0x80011e64
core   0: 0x80001dfc (0x01757fb3) and     t6, a0, s7
core   0: 3 0x80001dfc (0x01757fb3) x31 0x00000000
core   0: 0x80001e00 (0x011d1e33) sll     t3, s10, a7
core   0: 3 0x80001e00 (0x011d1e33) x28 0xa1000000
core   0: 0x80001e04 (0x01cc86b3) add     a3, s9, t3
core   0: 3 0x80001e04 (0x01cc86b3) x13 0xa100af44
core   0: 0x80001e08 (0xfa973d97) auipc   s11, 0xfa973
core   0: 3 0x80001e08 (0xfa973d97) x27 0x7a974e08
core   0: 0x80001e0c (0x00639733) sll     a4, t2, t1
core   0: 3 0x80001e0c (0x00639733) x14 0x80011e64
core   0: 0x80001e10 (0x0049b2b3) sltu    t0, s3, tp
core   0: 3 0x80001e10 (0x0049b2b3) x 5 0x00000000
core   0: 0x80001e14 (0x013ea733) slt     a4, t4, s3
core   0: 3 0x80001e14 (0x013ea733) x14 0x00000000
core   0: 0x80001e18 (0x405505b3) sub     a1, a0, t0
core   0: 3 0x80001e18 (0x405505b3) x11 0x00000000
core   0: 0x80001e1c (0x016ea533) slt     a0, t4, s6
core   0: 3 0x80001e1c (0x016ea533) x10 0x00000000
core   0: 0x80001e20 (0x2cf0a813) slti    a6, ra, 719
core   0: 3 0x80001e20 (0x2cf0a813) x16 0x00000001
core   0: 0x80001e24 (0x4dbd9097) auipc   ra, 0x4dbd9
core   0: 3 0x80001e24 (0x4dbd9097) x 1 0xcdbdae24
core   0: 0x80001e28 (0x00000013) nop
core   0: 3 0x80001e28 (0x00000013)
core   0: 0x80001e2c (0x412edc33) sra     s8, t4, s2
core   0: 3 0x80001e2c (0x412edc33) x24 0x00000000
core   0: 0x80001e30 (0x0041cfb3) xor     t6, gp, tp
core   0: 3 0x80001e30 (0x0041cfb3) x31 0x00000000
core   0: 0x80001e34 (0xf61e3293) sltiu   t0, t3, -159
core   0: 3 0x80001e34 (0xf61e3293) x 5 0x00000001
core   0: 0x80001e38 (0x40b05013) srai    zero, zero, 11
core   0: 3 0x80001e38 (0x40b05013)
core   0: 0x80001e3c (0x00213f33) sltu    t5, sp, sp
core   0: 3 0x80001e3c (0x00213f33) x30 0x00000000
core   0: 0x80001e40 (0xf6d21f37) lui     t5, 0xf6d21
core   0: 3 0x80001e40 (0xf6d21f37) x30 0xf6d21000
core   0: 0x80001e44 (0x00000013) nop
core   0: 3 0x80001e44 (0x00000013)
core   0: 0x80001e48 (0x00800233) add     tp, zero, s0
core   0: 3 0x80001e48 (0x00800233) x 4 0xe7689e83
core   0: 0x80001e4c (0x41675293) srai    t0, a4, 22
core   0: 3 0x80001e4c (0x41675293) x 5 0x00000000
core   0: 0x80001e50 (0x01f736b3) sltu    a3, a4, t6
core   0: 3 0x80001e50 (0x01f736b3) x13 0x00000000
core   0: 0x80001e54 (0x0055b4b3) sltu    s1, a1, t0
core   0: 3 0x80001e54 (0x0055b4b3) x 9 0x00000000
core   0: 0x80001e58 (0x001d5b33) srl     s6, s10, ra
core   0: 3 0x80001e58 (0x001d5b33) x22 0x0fffffea
core   0: 0x80001e5c (0x418ede33) sra     t3, t4, s8
core   0: 3 0x80001e5c (0x418ede33) x28 0x000000bc
core   0: 0x80001e60 (0xde03bfb7) lui     t6, 0xde03b
core   0: 3 0x80001e60 (0xde03bfb7) x31 0xde03b000
core   0: 0x80001e64 (0x00000013) nop
core   0: 3 0x80001e64 (0x00000013)
core   0: 0x80001e68 (0xeb6e7513) andi    a0, t3, -330
core   0: 3 0x80001e68 (0xeb6e7513) x10 0x000000b4
core   0: 0x80001e6c (0x00ced293) srli    t0, t4, 12
core   0: 3 0x80001e6c (0x00ced293) x 5 0x00000000
core   0: 0x80001e70 (0x7afa7337) lui     t1, 0x7afa7
core   0: 3 0x80001e70 (0x7afa7337) x 6 0x7afa7000
core   0: 0x80001e74 (0x41ded913) srai    s2, t4, 29
core   0: 3 0x80001e74 (0x41ded913) x18 0x00000000
core   0: 0x80001e78 (0x00981713) slli    a4, a6, 9
core   0: 3 0x80001e78 (0x00981713) x14 0x00000200
core   0: 0x80001e7c (0x01601bb3) sll     s7, zero, s6
core   0: 3 0x80001e7c (0x01601bb3) x23 0x00000000
core   0: 0x80001e80 (0x00e20bb3) add     s7, tp, a4
core   0: 3 0x80001e80 (0x00e20bb3) x23 0xe768a083
core   0: 0x80001e84 (0x66cf5237) lui     tp, 0x66cf5
core   0: 3 0x80001e84 (0x66cf5237) x 4 0x66cf5000
core   0: 0x80001e88 (0x0174df33) srl     t5, s1, s7
core   0: 3 0x80001e88 (0x0174df33) x30 0x00000000
core   0: 0x80001e8c (0x7b680213) addi    tp, a6, 1974
core   0: 3 0x80001e8c (0x7b680213) x 4 0x000007b7
core   0: 0x80001e90 (0x0062ef33) or      t5, t0, t1
core   0: 3 0x80001e90 (0x0062ef33) x30 0x7afa7000
core   0: 0x80001e94 (0x69c201b7) lui     gp, 0x69c20
core   0: 3 0x80001e94 (0x69c201b7) x 3 0x69c20000
core   0: 0x80001e98 (0x50923d13) sltiu   s10, tp, 1289
core   0: 3 0x80001e98 (0x50923d13) x26 0x00000000
core   0: 0x80001e9c (0x41c00c33) sub     s8, zero, t3
core   0: 3 0x80001e9c (0x41c00c33) x24 0xffffff44
core   0: 0x80001ea0 (0x9aba8593) addi    a1, s5, -1621
core   0: 3 0x80001ea0 (0x9aba8593) x11 0xfffff9ab
core   0: 0x80001ea4 (0x01e16233) or      tp, sp, t5
core   0: 3 0x80001ea4 (0x01e16233) x 4 0x7afa7000
core   0: 0x80001ea8 (0x01328333) add     t1, t0, s3
core   0: 3 0x80001ea8 (0x01328333) x 6 0x00000000
core   0: 0x80001eac (0xb15ea693) slti    a3, t4, -1259
core   0: 3 0x80001eac (0xb15ea693) x13 0x00000000
core   0: 0x80001eb0 (0x00bcd1b3) srl     gp, s9, a1
core   0: 3 0x80001eb0 (0x00bcd1b3) x 3 0x00000015
core   0: 0x80001eb4 (0x004d5e33) srl     t3, s10, tp
core   0: 3 0x80001eb4 (0x004d5e33) x28 0x00000000
core   0: 0x80001eb8 (0x00d8da13) srli    s4, a7, 13
core   0: 3 0x80001eb8 (0x00d8da13) x20 0x0006c150
core   0: 0x80001ebc (0xb9c50e97) auipc   t4, 0xb9c50
core   0: 3 0x80001ebc (0xb9c50e97) x29 0x39c51ebc
core   0: 0x80001ec0 (0xe1c06e93) ori     t4, zero, -484
core   0: 3 0x80001ec0 (0xe1c06e93) x29 0xfffffe1c
core   0: 0x80001ec4 (0x31bea813) slti    a6, t4, 795
core   0: 3 0x80001ec4 (0x31bea813) x16 0x00000001
core   0: 0x80001ec8 (0x00412233) slt     tp, sp, tp
core   0: 3 0x80001ec8 (0x00412233) x 4 0x00000001
core   0: 0x80001ecc (0x6eaad517) auipc   a0, 0x6eaad
core   0: 3 0x80001ecc (0x6eaad517) x10 0xeeaaeecc
core   0: 0x80001ed0 (0x00fce0b3) or      ra, s9, a5
core   0: 3 0x80001ed0 (0x00fce0b3) x 1 0xe7aeffdf
core   0: 0x80001ed4 (0x013c1a13) slli    s4, s8, 19
core   0: 3 0x80001ed4 (0x013c1a13) x20 0xfa200000
core   0: 0x80001ed8 (0x3ae5a913) slti    s2, a1, 942
core   0: 3 0x80001ed8 (0x3ae5a913) x18 0x00000001
core   0: 0x80001edc (0x00000013) nop
core   0: 3 0x80001edc (0x00000013)
core   0: 0x80001ee0 (0xd98cf917) auipc   s2, 0xd98cf
core   0: 3 0x80001ee0 (0xd98cf917) x18 0x598d0ee0
core   0: 0x80001ee4 (0x93217737) lui     a4, 0x93217
core   0: 3 0x80001ee4 (0x93217737) x14 0x93217000
core   0: 0x80001ee8 (0x018c5213) srli    tp, s8, 24
core   0: 3 0x80001ee8 (0x018c5213) x 4 0x000000ff
core   0: 0x80001eec (0x01c6b433) sltu    s0, a3, t3
core   0: 3 0x80001eec (0x01c6b433) x 8 0x00000000
core   0: 0x80001ef0 (0x0107acb3) slt     s9, a5, a6
core   0: 3 0x80001ef0 (0x0107acb3) x25 0x00000001
core   0: 0x80001ef4 (0x01ab9db3) sll     s11, s7, s10
core   0: 3 0x80001ef4 (0x01ab9db3) x27 0xe768a083
core   0: 0x80001ef8 (0x00000013) nop
core   0: 3 0x80001ef8 (0x00000013)
core   0: 0x80001efc (0x001f3db3) sltu    s11, t5, ra
core   0: 3 0x80001efc (0x001f3db3) x27 0x00000001
core   0: 0x80001f00 (0x0153bbb3) sltu    s7, t2, s5
core   0: 3 0x80001f00 (0x0153bbb3) x23 0x00000000
core   0: 0x80001f04 (0xa950dcb7) lui     s9, 0xa950d
core   0: 3 0x80001f04 (0xa950dcb7) x25 0xa950d000
core   0: 0x80001f08 (0x00f27bb3) and     s7, tp, a5
core   0: 3 0x80001f08 (0x00f27bb3) x23 0x000000df
core   0: 0x80001f0c (0x4160d913) srai    s2, ra, 22
core   0: 3 0x80001f0c (0x4160d913) x18 0xffffff9e
core   0: 0x80001f10 (0x01061d13) slli    s10, a2, 16
core   0: 3 0x80001f10 (0x01061d13) x26 0x5ce40000
core   0: 0x80001f14 (0x00000013) nop
core   0: 3 0x80001f14 (0x00000013)
core   0: 0x80001f18 (0x01f25d33) srl     s10, tp, t6
core   0: 3 0x80001f18 (0x01f25d33) x26 0x000000ff
core   0: 0x80001f1c (0x2d88a213) slti    tp, a7, 728
core   0: 3 0x80001f1c (0x2d88a213) x 4 0x00000001
core   0: 0x80001f20 (0x409f55b3) sra     a1, t5, s1
core   0: 3 0x80001f20 (0x409f55b3) x11 0x7afa7000
core   0: 0x80001f24 (0x01ab0433) add     s0, s6, s10
core   0: 3 0x80001f24 (0x01ab0433) x 8 0x100000e9
core   0: 0x80001f28 (0x009cd033) srl     zero, s9, s1
core   0: 3 0x80001f28 (0x009cd033)
core   0: 0x80001f2c (0x00000013) nop
core   0: 3 0x80001f2c (0x00000013)
core   0: 0x80001f30 (0x0055be33) sltu    t3, a1, t0
core   0: 3 0x80001f30 (0x0055be33) x28 0x00000000
core   0: 0x80001f34 (0x9dd1f413) andi    s0, gp, -1571
core   0: 3 0x80001f34 (0x9dd1f413) x 8 0x00000015
core   0: 0x80001f38 (0x002b48b3) xor     a7, s6, sp
core   0: 3 0x80001f38 (0x002b48b3) x17 0x0fffffea
core   0: 0x80001f3c (0x000f42b3) xor     t0, t5, zero
core   0: 3 0x80001f3c (0x000f42b3) x 5 0x7afa7000
core   0: 0x80001f40 (0x41328333) sub     t1, t0, s3
core   0: 3 0x80001f40 (0x41328333) x 6 0x7afa7000
core   0: 0x80001f44 (0x33502c13) slti    s8, zero, 821
core   0: 3 0x80001f44 (0x33502c13) x24 0x00000001
core   0: 0x80001f48 (0x40a3de93) srai    t4, t2, 10
core   0: 3 0x80001f48 (0x40a3de93) x29 0xffe00047
core   0: 0x80001f4c (0x00a31433) sll     s0, t1, a0
core   0: 3 0x80001f4c (0x00a31433) x 8 0xa7000000
core   0: 0x80001f50 (0x01fe3a33) sltu    s4, t3, t6
core   0: 3 0x80001f50 (0x01fe3a33) x20 0x00000001
core   0: 0x80001f54 (0xa4912597) auipc   a1, 0xa4912
core   0: 3 0x80001f54 (0xa4912597) x11 0x24913f54
core   0: 0x80001f58 (0x413adfb3) sra     t6, s5, s3
core   0: 3 0x80001f58 (0x413adfb3) x31 0x00000000
core   0: 0x80001f5c (0x19be8497) auipc   s1, 0x19be8
core   0: 3 0x80001f5c (0x19be8497) x 9 0x99be9f5c
core   0: 0x80001f60 (0x009850b3) srl     ra, a6, s1
core   0: 3 0x80001f60 (0x009850b3) x 1 0x00000000
core   0: 0x80001f64 (0x00000013) nop
core   0: 3 0x80001f64 (0x00000013)
core   0: 0x80001f68 (0x00ee0833) add     a6, t3, a4
core   0: 3 0x80001f68 (0x00ee0833) x16 0x93217000
core   0: 0x80001f6c (0x40288333) sub     t1, a7, sp
core   0: 3 0x80001f6c (0x40288333) x 6 0x0fffffea
core   0: 0x80001f70 (0x0087ef33) or      t5, a5, s0
core   0: 3 0x80001f70 (0x0087ef33) x30 0xe7aed0df
core   0: 0x80001f74 (0x00f71333) sll     t1, a4, a5
core   0: 3 0x80001f74 (0x00f71333) x 6 0x00000000
core   0: 0x80001f78 (0x015a5a33) srl     s4, s4, s5
core   0: 3 0x80001f78 (0x015a5a33) x20 0x00000001
core   0: 0x80001f7c (0xdfb4c893) xori    a7, s1, -517
core   0: 3 0x80001f7c (0xdfb4c893) x17 0x664162a7
core   0: 0x80001f80 (0x0057e1b3) or      gp, a5, t0
core   0: 3 0x80001f80 (0x0057e1b3) x 3 0xfffef0df
core   0: 0x80001f84 (0x66e52c93) slti    s9, a0, 1646
core   0: 3 0x80001f84 (0x66e52c93) x25 0x00000001
core   0: 0x80001f88 (0x00ac46b3) xor     a3, s8, a0
core   0: 3 0x80001f88 (0x00ac46b3) x13 0xeeaaeecd
core   0: 0x80001f8c (0x01ae6b33) or      s6, t3, s10
core   0: 3 0x80001f8c (0x01ae6b33) x22 0x000000ff
core   0: 0x80001f90 (0xcc42f117) auipc   sp, 0xcc42f
core   0: 3 0x80001f90 (0xcc42f117) x 2 0x4c430f90
core   0: 0x80001f94 (0x48216b17) auipc   s6, 0x48216
core   0: 3 0x80001f94 (0x48216b17) x22 0xc8217f94
core   0: 0x80001f98 (0x008f4fb3) xor     t6, t5, s0
core   0: 3 0x80001f98 (0x008f4fb3) x31 0x40aed0df
core   0: 0x80001f9c (0x00000d93) li      s11, 0
core   0: 3 0x80001f9c (0x00000d93) x27 0x00000000
core   0: 0x80001fa0 (0x800005b7) lui     a1, 0x80000
core   0: 3 0x80001fa0 (0x800005b7) x11 0x80000000
core   0: 0x80001fa4 (0x57957137) lui     sp, 0x57957
core   0: 3 0x80001fa4 (0x57957137) x 2 0x57957000
core   0: 0x80001fa8 (0x96410113) addi    sp, sp, -1692
core   0: 3 0x80001fa8 (0x96410113) x 2 0x57956964
core   0: 0x80001fac (0xfff00c93) li      s9, -1
core   0: 3 0x80001fac (0xfff00c93) x25 0xffffffff
core   0: 0x80001fb0 (0xfff00093) li      ra, -1
core   0: 3 0x80001fb0 (0xfff00093) x 1 0xffffffff
core   0: 0x80001fb4 (0xfff00f93) li      t6, -1
core   0: 3 0x80001fb4 (0xfff00f93) x31 0xffffffff
core   0: 0x80001fb8 (0x00000513) li      a0, 0
core   0: 3 0x80001fb8 (0x00000513) x10 0x00000000
core   0: 0x80001fbc (0xfff00e93) li      t4, -1
core   0: 3 0x80001fbc (0xfff00e93) x29 0xffffffff
core   0: 0x80001fc0 (0xdabcb9b7) lui     s3, 0xdabcb
core   0: 3 0x80001fc0 (0xdabcb9b7) x19 0xdabcb000
core   0: 0x80001fc4 (0x5b698993) addi    s3, s3, 1462
core   0: 3 0x80001fc4 (0x5b698993) x19 0xdabcb5b6
core   0: 0x80001fc8 (0x800004b7) lui     s1, 0x80000
core   0: 3 0x80001fc8 (0x800004b7) x 9 0x80000000
core   0: 0x80001fcc (0x54e10513) addi    a0, sp, 1358
core   0: 3 0x80001fcc (0x54e10513) x10 0x57956eb2
core   0: 0x80001fd0 (0x8fab6597) auipc   a1, 0x8fab6
core   0: 3 0x80001fd0 (0x8fab6597) x11 0x0fab7fd0
core   0: 0x80001fd4 (0xac368117) auipc   sp, 0xac368
core   0: 3 0x80001fd4 (0xac368117) x 2 0x2c369fd4
core   0: 0x80001fd8 (0x019e8fb3) add     t6, t4, s9
core   0: 3 0x80001fd8 (0x019e8fb3) x31 0xfffffffe
core   0: 0x80001fdc (0x00000013) nop
core   0: 3 0x80001fdc (0x00000013)
core   0: 0x80001fe0 (0x00000013) nop
core   0: 3 0x80001fe0 (0x00000013)
core   0: 0x80001fe4 (0x41df8fb3) sub     t6, t6, t4
core   0: 3 0x80001fe4 (0x41df8fb3) x31 0xffffffff
core   0: 0x80001fe8 (0xbee46517) auipc   a0, 0xbee46
core   0: 3 0x80001fe8 (0xbee46517) x10 0x3ee47fe8
core   0: 0x80001fec (0x40af8cb3) sub     s9, t6, a0
core   0: 3 0x80001fec (0x40af8cb3) x25 0xc11b8017
core   0: 0x80001ff0 (0xc90e8c93) addi    s9, t4, -880
core   0: 3 0x80001ff0 (0xc90e8c93) x25 0xfffffc8f
core   0: 0x80001ff4 (0x00000013) nop
core   0: 3 0x80001ff4 (0x00000013)
core   0: 0x80001ff8 (0x00000013) nop
core   0: 3 0x80001ff8 (0x00000013)
core   0: 0x80001ffc (0x93931c97) auipc   s9, 0x93931
core   0: 3 0x80001ffc (0x93931c97) x25 0x13932ffc
core   0: 0x80002000 (0x00150533) add     a0, a0, ra
core   0: 3 0x80002000 (0x00150533) x10 0x3ee47fe7
core   0: 0x80002004 (0x00000013) nop
core   0: 3 0x80002004 (0x00000013)
core   0: 0x80002008 (0x3e03b513) sltiu   a0, t2, 992
core   0: 3 0x80002008 (0x3e03b513) x10 0x00000000
core   0: 0x8000200c (0x852b6b93) ori     s7, s6, -1966
core   0: 3 0x8000200c (0x852b6b93) x23 0xffffffd6
core   0: 0x80002010 (0x0006dbb3) srl     s7, a3, zero
core   0: 3 0x80002010 (0x0006dbb3) x23 0xeeaaeecd
core   0: 0x80002014 (0x01e70733) add     a4, a4, t5
core   0: 3 0x80002014 (0x01e70733) x14 0x7ad040df
core   0: 0x80002018 (0xe9ddeb13) ori     s6, s11, -355
core   0: 3 0x80002018 (0xe9ddeb13) x22 0xfffffe9d
core   0: 0x8000201c (0xe94a1fb7) lui     t6, 0xe94a1
core   0: 3 0x8000201c (0xe94a1fb7) x31 0xe94a1000
core   0: 0x80002020 (0x16f7b093) sltiu   ra, a5, 367
core   0: 3 0x80002020 (0x16f7b093) x 1 0x00000000
core   0: 0x80002024 (0x0064deb3) srl     t4, s1, t1
core   0: 3 0x80002024 (0x0064deb3) x29 0x80000000
core   0: 0x80002028 (0x012c28b3) slt     a7, s8, s2
core   0: 3 0x80002028 (0x012c28b3) x17 0x00000000
core   0: 0x8000202c (0xc950bb93) sltiu   s7, ra, -875
core   0: 3 0x8000202c (0xc950bb93) x23 0x00000001
core   0: 0x80002030 (0x3b2fb313) sltiu   t1, t6, 946
core   0: 3 0x80002030 (0x3b2fb313) x 6 0x00000000
core   0: 0x80002034 (0x41955c33) sra     s8, a0, s9
core   0: 3 0x80002034 (0x41955c33) x24 0x00000000
core   0: 0x80002038 (0x00b34e33) xor     t3, t1, a1
core   0: 3 0x80002038 (0x00b34e33) x28 0x0fab7fd0
core   0: 0x8000203c (0x015d26b3) slt     a3, s10, s5
core   0: 3 0x8000203c (0x015d26b3) x13 0x00000000
core   0: 0x80002040 (0x54c5f313) andi    t1, a1, 1356
core   0: 3 0x80002040 (0x54c5f313) x 6 0x00000540
core   0: 0x80002044 (0x00359f93) slli    t6, a1, 3
core   0: 3 0x80002044 (0x00359f93) x31 0x7d5bfe80
core   0: 0x80002048 (0x2d5f7213) andi    tp, t5, 725
core   0: 3 0x80002048 (0x2d5f7213) x 4 0x000000d5
core   0: 0x8000204c (0x00000013) nop
core   0: 3 0x8000204c (0x00000013)
core   0: 0x80002050 (0x40bed033) sra     zero, t4, a1
core   0: 3 0x80002050 (0x40bed033)
core   0: 0x80002054 (0x84875fb7) lui     t6, 0x84875
core   0: 3 0x80002054 (0x84875fb7) x31 0x84875000
core   0: 0x80002058 (0xeed6aa13) slti    s4, a3, -275
core   0: 3 0x80002058 (0xeed6aa13) x20 0x00000000
core   0: 0x8000205c (0x012e1993) slli    s3, t3, 18
core   0: 3 0x8000205c (0x012e1993) x19 0xff400000
core   0: 0x80002060 (0x00b1b833) sltu    a6, gp, a1
core   0: 3 0x80002060 (0x00b1b833) x16 0x00000000
core   0: 0x80002064 (0x00e3e533) or      a0, t2, a4
core   0: 3 0x80002064 (0x00e3e533) x10 0xfad15eff
core   0: 0x80002068 (0xdc8b2813) slti    a6, s6, -568
core   0: 3 0x80002068 (0xdc8b2813) x16 0x00000000
core   0: 0x8000206c (0x364e8113) addi    sp, t4, 868
core   0: 3 0x8000206c (0x364e8113) x 2 0x80000364
core   0: 0x80002070 (0x2640ae93) slti    t4, ra, 612
core   0: 3 0x80002070 (0x2640ae93) x29 0x00000001
core   0: 0x80002074 (0x00d50033) add     zero, a0, a3
core   0: 3 0x80002074 (0x00d50033)
core   0: 0x80002078 (0x0045f0b3) and     ra, a1, tp
core   0: 3 0x80002078 (0x0045f0b3) x 1 0x000000d0
core   0: 0x8000207c (0x3efc0713) addi    a4, s8, 1007
core   0: 3 0x8000207c (0x3efc0713) x14 0x000003ef
core   0: 0x80002080 (0x0097b6b3) sltu    a3, a5, s1
core   0: 3 0x80002080 (0x0097b6b3) x13 0x00000000
core   0: 0x80002084 (0x01fc6e33) or      t3, s8, t6
core   0: 3 0x80002084 (0x01fc6e33) x28 0x84875000
core   0: 0x80002088 (0xb5023e93) sltiu   t4, tp, -1200
core   0: 3 0x80002088 (0xb5023e93) x29 0x00000001
core   0: 0x8000208c (0x00e52c33) slt     s8, a0, a4
core   0: 3 0x8000208c (0x00e52c33) x24 0x00000001
core   0: 0x80002090 (0x414ba813) slti    a6, s7, 1044
core   0: 3 0x80002090 (0x414ba813) x16 0x00000001
core   0: 0x80002094 (0x01859e93) slli    t4, a1, 24
core   0: 3 0x80002094 (0x01859e93) x29 0xd0000000
core   0: 0x80002098 (0x0174aab3) slt     s5, s1, s7
core   0: 3 0x80002098 (0x0174aab3) x21 0x00000001
core   0: 0x8000209c (0x013bc033) xor     zero, s7, s3
core   0: 3 0x8000209c (0x013bc033)
core   0: 0x800020a0 (0xe53e4b13) xori    s6, t3, -429
core   0: 3 0x800020a0 (0xe53e4b13) x22 0x7b78ae53
core   0: 0x800020a4 (0x40855b33) sra     s6, a0, s0
core   0: 3 0x800020a4 (0x40855b33) x22 0xfad15eff
core   0: 0x800020a8 (0x0191c933) xor     s2, gp, s9
core   0: 3 0x800020a8 (0x0191c933) x18 0xec6ddf23
core   0: 0x800020ac (0x01a4e933) or      s2, s1, s10
core   0: 3 0x800020ac (0x01a4e933) x18 0x800000ff
core   0: 0x800020b0 (0xff322593) slti    a1, tp, -13
core   0: 3 0x800020b0 (0xff322593) x11 0x00000000
core   0: 0x800020b4 (0x00d282b3) add     t0, t0, a3
core   0: 3 0x800020b4 (0x00d282b3) x 5 0x7afa7000
core   0: 0x800020b8 (0x522fc717) auipc   a4, 0x522fc
core   0: 3 0x800020b8 (0x522fc717) x14 0xd22fe0b8
core   0: 0x800020bc (0x0139d593) srli    a1, s3, 19
core   0: 3 0x800020bc (0x0139d593) x11 0x00001fe8
core   0: 0x800020c0 (0x286c0993) addi    s3, s8, 646
core   0: 3 0x800020c0 (0x286c0993) x19 0x00000287
core   0: 0x800020c4 (0x002ef833) and     a6, t4, sp
core   0: 3 0x800020c4 (0x002ef833) x16 0x80000000
core   0: 0x800020c8 (0x00000013) nop
core   0: 3 0x800020c8 (0x00000013)
core   0: 0x800020cc (0x010d5f93) srli    t6, s10, 16
core   0: 3 0x800020cc (0x010d5f93) x31 0x00000000
core   0: 0x800020d0 (0x40098233) sub     tp, s3, zero
core   0: 3 0x800020d0 (0x40098233) x 4 0x00000287
core   0: 0x800020d4 (0x5367ef93) ori     t6, a5, 1334
core   0: 3 0x800020d4 (0x5367ef93) x31 0xe7aed5ff
core   0: 0x800020d8 (0xe2283f93) sltiu   t6, a6, -478
core   0: 3 0x800020d8 (0xe2283f93) x31 0x00000001
core   0: 0x800020dc (0x0f2602b7) lui     t0, 0xf260
core   0: 3 0x800020dc (0x0f2602b7) x 5 0x0f260000
core   0: 0x800020e0 (0x00dd70b3) and     ra, s10, a3
core   0: 3 0x800020e0 (0x00dd70b3) x 1 0x00000000
core   0: 0x800020e4 (0x41ae0eb3) sub     t4, t3, s10
core   0: 3 0x800020e4 (0x41ae0eb3) x29 0x84874f01
core   0: 0x800020e8 (0x61da7293) andi    t0, s4, 1565
core   0: 3 0x800020e8 (0x61da7293) x 5 0x00000000
core   0: 0x800020ec (0x01180db3) add     s11, a6, a7
core   0: 3 0x800020ec (0x01180db3) x27 0x80000000
core   0: 0x800020f0 (0x00000013) nop
core   0: 3 0x800020f0 (0x00000013)
core   0: 0x800020f4 (0x01065d33) srl     s10, a2, a6
core   0: 3 0x800020f4 (0x01065d33) x26 0x80015ce4
core   0: 0x800020f8 (0x01e37133) and     sp, t1, t5
core   0: 3 0x800020f8 (0x01e37133) x 2 0x00000040
core   0: 0x800020fc (0x009efb33) and     s6, t4, s1
core   0: 3 0x800020fc (0x009efb33) x22 0x80000000
core   0: 0x80002100 (0x40640eb3) sub     t4, s0, t1
core   0: 3 0x80002100 (0x40640eb3) x29 0xa6fffac0
core   0: 0x80002104 (0x20862c93) slti    s9, a2, 520
core   0: 3 0x80002104 (0x20862c93) x25 0x00000001
core   0: 0x80002108 (0x40080e33) sub     t3, a6, zero
core   0: 3 0x80002108 (0x40080e33) x28 0x80000000
core   0: 0x8000210c (0x2b90bd93) sltiu   s11, ra, 697
core   0: 3 0x8000210c (0x2b90bd93) x27 0x00000001
core   0: 0x80002110 (0x404e5f13) srai    t5, t3, 4
core   0: 3 0x80002110 (0x404e5f13) x30 0xf8000000
core   0: 0x80002114 (0x01c68e33) add     t3, a3, t3
core   0: 3 0x80002114 (0x01c68e33) x28 0x80000000
core   0: 0x80002118 (0x0062f133) and     sp, t0, t1
core   0: 3 0x80002118 (0x0062f133) x 2 0x00000000
core   0: 0x8000211c (0x00000013) nop
core   0: 3 0x8000211c (0x00000013)
core   0: 0x80002120 (0x00c9fbb3) and     s7, s3, a2
core   0: 3 0x80002120 (0x00c9fbb3) x23 0x00000084
core   0: 0x80002124 (0x014a90b3) sll     ra, s5, s4
core   0: 3 0x80002124 (0x014a90b3) x 1 0x00000001
core   0: 0x80002128 (0x01b90c33) add     s8, s2, s11
core   0: 3 0x80002128 (0x01b90c33) x24 0x80000100
core   0: 0x8000212c (0x7fb16e13) ori     t3, sp, 2043
core   0: 3 0x8000212c (0x7fb16e13) x28 0x000007fb
core   0: 0x80002130 (0x01e82cb3) slt     s9, a6, t5
core   0: 3 0x80002130 (0x01e82cb3) x25 0x00000001
core   0: 0x80002134 (0x0021ceb3) xor     t4, gp, sp
core   0: 3 0x80002134 (0x0021ceb3) x29 0xfffef0df
core   0: 0x80002138 (0x78b70537) lui     a0, 0x78b70
core   0: 3 0x80002138 (0x78b70537) x10 0x78b70000
core   0: 0x8000213c (0x00dac6b3) xor     a3, s5, a3
core   0: 3 0x8000213c (0x00dac6b3) x13 0x00000001
core   0: 0x80002140 (0x00000013) nop
core   0: 3 0x80002140 (0x00000013)
core   0: 0x80002144 (0x009b04b3) add     s1, s6, s1
core   0: 3 0x80002144 (0x009b04b3) x 9 0x00000000
core   0: 0x80002148 (0x416a89b3) sub     s3, s5, s6
core   0: 3 0x80002148 (0x416a89b3) x19 0x80000001
core   0: 0x8000214c (0x014939b3) sltu    s3, s2, s4
core   0: 3 0x8000214c (0x014939b3) x19 0x00000000
core   0: 0x80002150 (0x404fd893) srai    a7, t6, 4
core   0: 3 0x80002150 (0x404fd893) x17 0x00000000
core   0: 0x80002154 (0xef65e213) ori     tp, a1, -266
core   0: 3 0x80002154 (0xef65e213) x 4 0xfffffffe
core   0: 0x80002158 (0x01151b13) slli    s6, a0, 17
core   0: 3 0x80002158 (0x01151b13) x22 0x00000000
core   0: 0x8000215c (0x4512ab93) slti    s7, t0, 1105
core   0: 3 0x8000215c (0x4512ab93) x23 0x00000001
core   0: 0x80002160 (0xcd39b913) sltiu   s2, s3, -813
core   0: 3 0x80002160 (0xcd39b913) x18 0x00000001
core   0: 0x80002164 (0x4148dc33) sra     s8, a7, s4
core   0: 3 0x80002164 (0x4148dc33) x24 0x00000000
core   0: 0x80002168 (0x4caf4b13) xori    s6, t5, 1226
core   0: 3 0x80002168 (0x4caf4b13) x22 0xf80004ca
core   0: 0x8000216c (0x00bd9b93) slli    s7, s11, 11
core   0: 3 0x8000216c (0x00bd9b93) x23 0x00000800
core   0: 0x80002170 (0x29357513) andi    a0, a0, 659
core   0: 3 0x80002170 (0x29357513) x10 0x00000000
core   0: 0x80002174 (0xd967a6b7) lui     a3, 0xd967a
core   0: 3 0x80002174 (0xd967a6b7) x13 0xd967a000
core   0: 0x80002178 (0x257e5237) lui     tp, 0x257e5
core   0: 3 0x80002178 (0x257e5237) x 4 0x257e5000
core   0: 0x8000217c (0x40515a93) srai    s5, sp, 5
core   0: 3 0x8000217c (0x40515a93) x21 0x00000000
core   0: 0x80002180 (0x00ad8a33) add     s4, s11, a0
core   0: 3 0x80002180 (0x00ad8a33) x20 0x00000001
core   0: 0x80002184 (0xbf4b6013) ori     zero, s6, -1036
core   0: 3 0x80002184 (0xbf4b6013)
core   0: 0x80002188 (0x00aa8db3) add     s11, s5, a0
core   0: 3 0x80002188 (0x00aa8db3) x27 0x00000000
core   0: 0x8000218c (0xc4160693) addi    a3, a2, -959
core   0: 3 0x8000218c (0xc4160693) x13 0x80015925
core   0: 0x80002190 (0x596c4593) xori    a1, s8, 1430
core   0: 3 0x80002190 (0x596c4593) x11 0x00000596
core   0: 0x80002194 (0x6cbaea37) lui     s4, 0x6cbae
core   0: 3 0x80002194 (0x6cbaea37) x20 0x6cbae000
core   0: 0x80002198 (0x41c25e93) srai    t4, tp, 28
core   0: 3 0x80002198 (0x41c25e93) x29 0x00000002
core   0: 0x8000219c (0x997e7137) lui     sp, 0x997e7
core   0: 3 0x8000219c (0x997e7137) x 2 0x997e7000
core   0: 0x800021a0 (0x01904213) xori    tp, zero, 25
core   0: 3 0x800021a0 (0x01904213) x 4 0x00000019
core   0: 0x800021a4 (0x00f83ab3) sltu    s5, a6, a5
core   0: 3 0x800021a4 (0x00f83ab3) x21 0x00000001
core   0: 0x800021a8 (0x72d2c497) auipc   s1, 0x72d2c
core   0: 3 0x800021a8 (0x72d2c497) x 9 0xf2d2e1a8
core   0: 0x800021ac (0x00ebce33) xor     t3, s7, a4
core   0: 3 0x800021ac (0x00ebce33) x28 0xd22fe8b8
core   0: 0x800021b0 (0xd3883813) sltiu   a6, a6, -712
core   0: 3 0x800021b0 (0xd3883813) x16 0x00000001
core   0: 0x800021b4 (0x0100a4b3) slt     s1, ra, a6
core   0: 3 0x800021b4 (0x0100a4b3) x 9 0x00000000
core   0: 0x800021b8 (0x00d63733) sltu    a4, a2, a3
core   0: 3 0x800021b8 (0x00d63733) x14 0x00000000
core   0: 0x800021bc (0x00535ab3) srl     s5, t1, t0
core   0: 3 0x800021bc (0x00535ab3) x21 0x00000540
core   0: 0x800021c0 (0xc26a2b93) slti    s7, s4, -986
core   0: 3 0x800021c0 (0xc26a2b93) x23 0x00000000
core   0: 0x800021c4 (0xb98eb813) sltiu   a6, t4, -1128
core   0: 3 0x800021c4 (0xb98eb813) x16 0x00000001
core   0: 0x800021c8 (0x010ed333) srl     t1, t4, a6
core   0: 3 0x800021c8 (0x010ed333) x 6 0x00000001
core   0: 0x800021cc (0x01ee8cb3) add     s9, t4, t5
core   0: 3 0x800021cc (0x01ee8cb3) x25 0xf8000002
core   0: 0x800021d0 (0x00e59b93) slli    s7, a1, 14
core   0: 3 0x800021d0 (0x00e59b93) x23 0x01658000
core   0: 0x800021d4 (0x01b8aeb3) slt     t4, a7, s11
core   0: 3 0x800021d4 (0x01b8aeb3) x29 0x00000000
core   0: 0x800021d8 (0x014115b3) sll     a1, sp, s4
core   0: 3 0x800021d8 (0x014115b3) x11 0x997e7000
core   0: 0x800021dc (0x40f25fb3) sra     t6, tp, a5
core   0: 3 0x800021dc (0x40f25fb3) x31 0x00000000
core   0: 0x800021e0 (0x0141c933) xor     s2, gp, s4
core   0: 3 0x800021e0 (0x0141c933) x18 0x934410df
core   0: 0x800021e4 (0xd693c193) xori    gp, t2, -663
core   0: 3 0x800021e4 (0xd693c193) x 3 0x7ffee30d
core   0: 0x800021e8 (0x01bc39b3) sltu    s3, s8, s11
core   0: 3 0x800021e8 (0x01bc39b3) x19 0x00000000
core   0: 0x800021ec (0x01799113) slli    sp, s3, 23
core   0: 3 0x800021ec (0x01799113) x 2 0x00000000
core   0: 0x800021f0 (0x4fcf8713) addi    a4, t6, 1276
core   0: 3 0x800021f0 (0x4fcf8713) x14 0x000004fc
core   0: 0x800021f4 (0x00abcbb3) xor     s7, s7, a0
core   0: 3 0x800021f4 (0x00abcbb3) x23 0x01658000
core   0: 0x800021f8 (0x01482133) slt     sp, a6, s4
core   0: 3 0x800021f8 (0x01482133) x 2 0x00000001
core   0: 0x800021fc (0x01f625b3) slt     a1, a2, t6
core   0: 3 0x800021fc (0x01f625b3) x11 0x00000001
core   0: 0x80002200 (0x01ba5eb3) srl     t4, s4, s11
core   0: 3 0x80002200 (0x01ba5eb3) x29 0x6cbae000
core   0: 0x80002204 (0x00e86333) or      t1, a6, a4
core   0: 3 0x80002204 (0x00e86333) x 6 0x000004fd
core   0: 0x80002208 (0x01fab4b3) sltu    s1, s5, t6
core   0: 3 0x80002208 (0x01fab4b3) x 9 0x00000000
core   0: 0x8000220c (0xffe1c693) xori    a3, gp, -2
core   0: 3 0x8000220c (0xffe1c693) x13 0x80011cf3
core   0: 0x80002210 (0x00537733) and     a4, t1, t0
core   0: 3 0x80002210 (0x00537733) x14 0x00000000
core   0: 0x80002214 (0x00c3cbb3) xor     s7, t2, a2
core   0: 3 0x80002214 (0x00c3cbb3) x23 0x00004280
core   0: 0x80002218 (0xb1630413) addi    s0, t1, -1258
core   0: 3 0x80002218 (0xb1630413) x 8 0x00000013
core   0: 0x8000221c (0x0026d9b3) srl     s3, a3, sp
core   0: 3 0x8000221c (0x0026d9b3) x19 0x40008e79
core   0: 0x80002220 (0xdc032ab7) lui     s5, 0xdc032
core   0: 3 0x80002220 (0xdc032ab7) x21 0xdc032000
core   0: 0x80002224 (0x01a851b3) srl     gp, a6, s10
core   0: 3 0x80002224 (0x01a851b3) x 3 0x00000000
core   0: 0x80002228 (0x41878033) sub     zero, a5, s8
core   0: 3 0x80002228 (0x41878033)
core   0: 0x8000222c (0x40b95313) srai    t1, s2, 11
core   0: 3 0x8000222c (0x40b95313) x 6 0xfff26882
core   0: 0x80002230 (0x000048b3) xor     a7, zero, zero
core   0: 3 0x80002230 (0x000048b3) x17 0x00000000
core   0: 0x80002234 (0x5a55ac13) slti    s8, a1, 1445
core   0: 3 0x80002234 (0x5a55ac13) x24 0x00000001
core   0: 0x80002238 (0x00606533) or      a0, zero, t1
core   0: 3 0x80002238 (0x00606533) x10 0xfff26882
core   0: 0x8000223c (0x017e2593) slti    a1, t3, 23
core   0: 3 0x8000223c (0x017e2593) x11 0x00000001
core   0: 0x80002240 (0x016c7b33) and     s6, s8, s6
core   0: 3 0x80002240 (0x016c7b33) x22 0x00000000
core   0: 0x80002244 (0x01ba5193) srli    gp, s4, 27
core   0: 3 0x80002244 (0x01ba5193) x 3 0x0000000d
core   0: 0x80002248 (0x804d2413) slti    s0, s10, -2044
core   0: 3 0x80002248 (0x804d2413) x 8 0x00000001
core   0: 0x8000224c (0x0088d993) srli    s3, a7, 8
core   0: 3 0x8000224c (0x0088d993) x19 0x00000000
core   0: 0x80002250 (0x00142033) slt     zero, s0, ra
core   0: 3 0x80002250 (0x00142033)
core   0: 0x80002254 (0x6e3feb13) ori     s6, t6, 1763
core   0: 3 0x80002254 (0x6e3feb13) x22 0x000006e3
core   0: 0x80002258 (0x01fce933) or      s2, s9, t6
core   0: 3 0x80002258 (0x01fce933) x18 0xf8000002
core   0: 0x8000225c (0x14caf013) andi    zero, s5, 332
core   0: 3 0x8000225c (0x14caf013)
core   0: 0x80002260 (0x7a90bb13) sltiu   s6, ra, 1961
core   0: 3 0x80002260 (0x7a90bb13) x22 0x00000001
core   0: 0x80002264 (0x7d04c493) xori    s1, s1, 2000
core   0: 3 0x80002264 (0x7d04c493) x 9 0x000007d0
core   0: 0x80002268 (0x01cad893) srli    a7, s5, 28
core   0: 3 0x80002268 (0x01cad893) x17 0x0000000d
core   0: 0x8000226c (0x404f5913) srai    s2, t5, 4
core   0: 3 0x8000226c (0x404f5913) x18 0xff800000
core   0: 0x80002270 (0x00dd11b3) sll     gp, s10, a3
core   0: 3 0x80002270 (0x00dd11b3) x 3 0xe7200000
core   0: 0x80002274 (0x20762e37) lui     t3, 0x20762
core   0: 3 0x80002274 (0x20762e37) x28 0x20762000
core   0: 0x80002278 (0x00508533) add     a0, ra, t0
core   0: 3 0x80002278 (0x00508533) x10 0x00000001
core   0: 0x8000227c (0x00d37c33) and     s8, t1, a3
core   0: 3 0x8000227c (0x00d37c33) x24 0x80000882
core   0: 0x80002280 (0x005c7fb3) and     t6, s8, t0
core   0: 3 0x80002280 (0x005c7fb3) x31 0x00000000
core   0: 0x80002284 (0x017e1033) sll     zero, t3, s7
core   0: 3 0x80002284 (0x017e1033)
core   0: 0x80002288 (0x402b86b3) sub     a3, s7, sp
core   0: 3 0x80002288 (0x402b86b3) x13 0x0000427f
core   0: 0x8000228c (0x1159be13) sltiu   t3, s3, 277
core   0: 3 0x8000228c (0x1159be13) x28 0x00000001
core   0: 0x80002290 (0x8b4c7237) lui     tp, 0x8b4c7
core   0: 3 0x80002290 (0x8b4c7237) x 4 0x8b4c7000
core   0: 0x80002294 (0x00b79d93) slli    s11, a5, 11
core   0: 3 0x80002294 (0x00b79d93) x27 0x7686f800
core   0: 0x80002298 (0x12494293) xori    t0, s2, 292
core   0: 3 0x80002298 (0x12494293) x 5 0xff800124
core   0: 0x8000229c (0x6afbbc93) sltiu   s9, s7, 1711
core   0: 3 0x8000229c (0x6afbbc93) x25 0x00000000
core   0: 0x800022a0 (0xda4d8913) addi    s2, s11, -604
core   0: 3 0x800022a0 (0xda4d8913) x18 0x7686f5a4
core   0: 0x800022a4 (0x00671d93) slli    s11, a4, 6
core   0: 3 0x800022a4 (0x00671d93) x27 0x00000000
core   0: 0x800022a8 (0x00014fb3) xor     t6, sp, zero
core   0: 3 0x800022a8 (0x00014fb3) x31 0x00000001
core   0: 0x800022ac (0xcc476693) ori     a3, a4, -828
core   0: 3 0x800022ac (0xcc476693) x13 0xfffffcc4
core   0: 0x800022b0 (0x0121aa33) slt     s4, gp, s2
core   0: 3 0x800022b0 (0x0121aa33) x20 0x00000001
core   0: 0x800022b4 (0x01a5a433) slt     s0, a1, s10
core   0: 3 0x800022b4 (0x01a5a433) x 8 0x00000000
core   0: 0x800022b8 (0x00315b13) srli    s6, sp, 3
core   0: 3 0x800022b8 (0x00315b13) x22 0x00000000
core   0: 0x800022bc (0x0074ab33) slt     s6, s1, t2
core   0: 3 0x800022bc (0x0074ab33) x22 0x00000000
core   0: 0x800022c0 (0x452b8593) addi    a1, s7, 1106
core   0: 3 0x800022c0 (0x452b8593) x11 0x000046d2
core   0: 0x800022c4 (0x010bdc33) srl     s8, s7, a6
core   0: 3 0x800022c4 (0x010bdc33) x24 0x00002140
core   0: 0x800022c8 (0xe220ec93) ori     s9, ra, -478
core   0: 3 0x800022c8 (0xe220ec93) x25 0xfffffe23
core   0: 0x800022cc (0x00000013) nop
core   0: 3 0x800022cc (0x00000013)
core   0: 0x800022d0 (0x2c344b13) xori    s6, s0, 707
core   0: 3 0x800022d0 (0x2c344b13) x22 0x000002c3
core   0: 0x800022d4 (0x008bab33) slt     s6, s7, s0
core   0: 3 0x800022d4 (0x008bab33) x22 0x00000000
core   0: 0x800022d8 (0x67dfbb13) sltiu   s6, t6, 1661
core   0: 3 0x800022d8 (0x67dfbb13) x22 0x00000001
core   0: 0x800022dc (0x004d49b3) xor     s3, s10, tp
core   0: 3 0x800022dc (0x004d49b3) x19 0x0b4d2ce4
core   0: 0x800022e0 (0x45623fb7) lui     t6, 0x45623
core   0: 3 0x800022e0 (0x45623fb7) x31 0x45623000
core   0: 0x800022e4 (0x005a2333) slt     t1, s4, t0
core   0: 3 0x800022e4 (0x005a2333) x 6 0x00000000
core   0: 0x800022e8 (0x013f7733) and     a4, t5, s3
core   0: 3 0x800022e8 (0x013f7733) x14 0x08000000
core   0: 0x800022ec (0x731a7a93) andi    s5, s4, 1841
core   0: 3 0x800022ec (0x731a7a93) x21 0x00000001
core   0: 0x800022f0 (0x01d1dd13) srli    s10, gp, 29
core   0: 3 0x800022f0 (0x01d1dd13) x26 0x00000007
core   0: 0x800022f4 (0x5b6b2913) slti    s2, s6, 1462
core   0: 3 0x800022f4 (0x5b6b2913) x18 0x00000001
core   0: 0x800022f8 (0x414e0b33) sub     s6, t3, s4
core   0: 3 0x800022f8 (0x414e0b33) x22 0x00000000
core   0: 0x800022fc (0x1a17e337) lui     t1, 0x1a17e
core   0: 3 0x800022fc (0x1a17e337) x 6 0x1a17e000
core   0: 0x80002300 (0xcc5ba093) slti    ra, s7, -827
core   0: 3 0x80002300 (0xcc5ba093) x 1 0x00000000
core   0: 0x80002304 (0x01244bb3) xor     s7, s0, s2
core   0: 3 0x80002304 (0x01244bb3) x23 0x00000001
core   0: 0x80002308 (0x00704e33) xor     t3, zero, t2
core   0: 3 0x80002308 (0x00704e33) x28 0x80011e64
core   0: 0x8000230c (0xf50d3813) sltiu   a6, s10, -176
core   0: 3 0x8000230c (0xf50d3813) x16 0x00000001
core   0: 0x80002310 (0x4ae18313) addi    t1, gp, 1198
core   0: 3 0x80002310 (0x4ae18313) x 6 0xe72004ae
core   0: 0x80002314 (0x403ad313) srai    t1, s5, 3
core   0: 3 0x80002314 (0x403ad313) x 6 0x00000000
core   0: 0x80002318 (0x001750b3) srl     ra, a4, ra
core   0: 3 0x80002318 (0x001750b3) x 1 0x08000000
core   0: 0x8000231c (0x47270313) addi    t1, a4, 1138
core   0: 3 0x8000231c (0x47270313) x 6 0x08000472
core   0: 0x80002320 (0x00000013) nop
core   0: 3 0x80002320 (0x00000013)
core   0: 0x80002324 (0x004312b3) sll     t0, t1, tp
core   0: 3 0x80002324 (0x004312b3) x 5 0x08000472
core   0: 0x80002328 (0x6b9ee713) ori     a4, t4, 1721
core   0: 3 0x80002328 (0x6b9ee713) x14 0x6cbae6b9
core   0: 0x8000232c (0xf6e56713) ori     a4, a0, -146
core   0: 3 0x8000232c (0xf6e56713) x14 0xffffff6f
core   0: 0x80002330 (0x1885c513) xori    a0, a1, 392
core   0: 3 0x80002330 (0x1885c513) x10 0x0000475a
core   0: 0x80002334 (0x0041c133) xor     sp, gp, tp
core   0: 3 0x80002334 (0x0041c133) x 2 0x6c6c7000
core   0: 0x80002338 (0x41cc86b3) sub     a3, s9, t3
core   0: 3 0x80002338 (0x41cc86b3) x13 0x7ffedfbf
core   0: 0x8000233c (0x01837a33) and     s4, t1, s8
core   0: 3 0x8000233c (0x01837a33) x20 0x00000040
core   0: 0x80002340 (0x003f8033) add     zero, t6, gp
core   0: 3 0x80002340 (0x003f8033)
core   0: 0x80002344 (0x00000013) nop
core   0: 3 0x80002344 (0x00000013)
core   0: 0x80002348 (0x54c7e337) lui     t1, 0x54c7e
core   0: 3 0x80002348 (0x54c7e337) x 6 0x54c7e000
core   0: 0x8000234c (0x8cf53413) sltiu   s0, a0, -1841
core   0: 3 0x8000234c (0x8cf53413) x 8 0x00000001
core   0: 0x80002350 (0x00d30a33) add     s4, t1, a3
core   0: 3 0x80002350 (0x00d30a33) x20 0xd4c6bfbf
core   0: 0x80002354 (0xfc87fc93) andi    s9, a5, -56
core   0: 3 0x80002354 (0xfc87fc93) x25 0xe7aed0c8
core   0: 0x80002358 (0x011cdf13) srli    t5, s9, 17
core   0: 3 0x80002358 (0x011cdf13) x30 0x000073d7
core   0: 0x8000235c (0x00450a33) add     s4, a0, tp
core   0: 3 0x8000235c (0x00450a33) x20 0x8b4cb75a
core   0: 0x80002360 (0xfa24a113) slti    sp, s1, -94
core   0: 3 0x80002360 (0xfa24a113) x 2 0x00000000
core   0: 0x80002364 (0x00c25c13) srli    s8, tp, 12
core   0: 3 0x80002364 (0x00c25c13) x24 0x0008b4c7
core   0: 0x80002368 (0x00d238b3) sltu    a7, tp, a3
core   0: 3 0x80002368 (0x00d238b3) x17 0x00000000
core   0: 0x8000236c (0x006b6db3) or      s11, s6, t1
core   0: 3 0x8000236c (0x006b6db3) x27 0x54c7e000
core   0: 0x80002370 (0x008a08b3) add     a7, s4, s0
core   0: 3 0x80002370 (0x008a08b3) x17 0x8b4cb75b
core   0: 0x80002374 (0x001936b3) sltu    a3, s2, ra
core   0: 3 0x80002374 (0x001936b3) x13 0x00000001
core   0: 0x80002378 (0x01897b33) and     s6, s2, s8
core   0: 3 0x80002378 (0x01897b33) x22 0x00000001
core   0: 0x8000237c (0x010ca033) slt     zero, s9, a6
core   0: 3 0x8000237c (0x010ca033)
core   0: 0x80002380 (0xbdb57313) andi    t1, a0, -1061
core   0: 3 0x80002380 (0xbdb57313) x 6 0x0000435a
core   0: 0x80002384 (0x00370d33) add     s10, a4, gp
core   0: 3 0x80002384 (0x00370d33) x26 0xe71fff6f
core   0: 0x80002388 (0x00fb4533) xor     a0, s6, a5
core   0: 3 0x80002388 (0x00fb4533) x10 0xe7aed0de
core   0: 0x8000238c (0x016f0033) add     zero, t5, s6
core   0: 3 0x8000238c (0x016f0033)
core   0: 0x80002390 (0x01958533) add     a0, a1, s9
core   0: 3 0x80002390 (0x01958533) x10 0xe7af179a
core   0: 0x80002394 (0x404c5c13) srai    s8, s8, 4
core   0: 3 0x80002394 (0x404c5c13) x24 0x00008b4c
core   0: 0x80002398 (0x004e8333) add     t1, t4, tp
core   0: 3 0x80002398 (0x004e8333) x 6 0xf8075000
core   0: 0x8000239c (0xdd79eb17) auipc   s6, 0xdd79e
core   0: 3 0x8000239c (0xdd79eb17) x22 0x5d7a039c
core   0: 0x800023a0 (0x00000013) nop
core   0: 3 0x800023a0 (0x00000013)
core   0: 0x800023a4 (0x4193de13) srai    t3, t2, 25
core   0: 3 0x800023a4 (0x4193de13) x28 0xffffffc0
core   0: 0x800023a8 (0x01af42b3) xor     t0, t5, s10
core   0: 3 0x800023a8 (0x01af42b3) x 5 0xe71f8cb8
core   0: 0x800023ac (0x6b418a13) addi    s4, gp, 1716
core   0: 3 0x800023ac (0x6b418a13) x20 0xe72006b4
core   0: 0x800023b0 (0x9fe5bd13) sltiu   s10, a1, -1538
core   0: 3 0x800023b0 (0x9fe5bd13) x26 0x00000001
core   0: 0x800023b4 (0x01a00db3) add     s11, zero, s10
core   0: 3 0x800023b4 (0x01a00db3) x27 0x00000001
core   0: 0x800023b8 (0x40db0a33) sub     s4, s6, a3
core   0: 3 0x800023b8 (0x40db0a33) x20 0x5d7a039b
core   0: 0x800023bc (0xcafb7693) andi    a3, s6, -849
core   0: 3 0x800023bc (0xcafb7693) x13 0x5d7a008c
core   0: 0x800023c0 (0xce89c737) lui     a4, 0xce89c
core   0: 3 0x800023c0 (0xce89c737) x14 0xce89c000
core   0: 0x800023c4 (0x8018fb97) auipc   s7, 0x8018f
core   0: 3 0x800023c4 (0x8018fb97) x23 0x001913c4
core   0: 0x800023c8 (0x0052c133) xor     sp, t0, t0
core   0: 3 0x800023c8 (0x0052c133) x 2 0x00000000
core   0: 0x800023cc (0xe96b1037) lui     zero, 0xe96b1
core   0: 3 0x800023cc (0xe96b1037)
core   0: 0x800023d0 (0x018f9fb3) sll     t6, t6, s8
core   0: 3 0x800023d0 (0x018f9fb3) x31 0x23000000
core   0: 0x800023d4 (0x5bf5a413) slti    s0, a1, 1471
core   0: 3 0x800023d4 (0x5bf5a413) x 8 0x00000000
core   0: 0x800023d8 (0x40d882b3) sub     t0, a7, a3
core   0: 3 0x800023d8 (0x40d882b3) x 5 0x2dd2b6cf
core   0: 0x800023dc (0x41f108b3) sub     a7, sp, t6
core   0: 3 0x800023dc (0x41f108b3) x17 0xdd000000
core   0: 0x800023e0 (0x015be4b3) or      s1, s7, s5
core   0: 3 0x800023e0 (0x015be4b3) x 9 0x001913c5
core   0: 0x800023e4 (0xc1e93c93) sltiu   s9, s2, -994
core   0: 3 0x800023e4 (0xc1e93c93) x25 0x00000001
core   0: 0x800023e8 (0x004fd9b3) srl     s3, t6, tp
core   0: 3 0x800023e8 (0x004fd9b3) x19 0x23000000
core   0: 0x800023ec (0x6e068037) lui     zero, 0x6e068
core   0: 3 0x800023ec (0x6e068037)
core   0: 0x800023f0 (0x4050d213) srai    tp, ra, 5
core   0: 3 0x800023f0 (0x4050d213) x 4 0x00400000
core   0: 0x800023f4 (0x01a61eb3) sll     t4, a2, s10
core   0: 3 0x800023f4 (0x01a61eb3) x29 0x0002b9c8
core   0: 0x800023f8 (0x7f130337) lui     t1, 0x7f130
core   0: 3 0x800023f8 (0x7f130337) x 6 0x7f130000
core   0: 0x800023fc (0x01d3df33) srl     t5, t2, t4
core   0: 3 0x800023fc (0x01d3df33) x30 0x0080011e
core   0: 0x80002400 (0xbb5c5717) auipc   a4, 0xbb5c5
core   0: 3 0x80002400 (0xbb5c5717) x14 0x3b5c7400
core   0: 0x80002404 (0xcb6d4f93) xori    t6, s10, -842
core   0: 3 0x80002404 (0xcb6d4f93) x31 0xfffffcb7
core   0: 0x80002408 (0xf8f3a213) slti    tp, t2, -113
core   0: 3 0x80002408 (0xf8f3a213) x 4 0x00000001
core   0: 0x8000240c (0xac917293) andi    t0, sp, -1335
core   0: 3 0x8000240c (0xac917293) x 5 0x00000000
core   0: 0x80002410 (0x3e627c13) andi    s8, tp, 998
core   0: 3 0x80002410 (0x3e627c13) x24 0x00000000
core   0: 0x80002414 (0x011485b3) add     a1, s1, a7
core   0: 3 0x80002414 (0x011485b3) x11 0xdd1913c5
core   0: 0x80002418 (0xbe04b713) sltiu   a4, s1, -1056
core   0: 3 0x80002418 (0xbe04b713) x14 0x00000001
core   0: 0x8000241c (0xbecb2b13) slti    s6, s6, -1044
core   0: 3 0x8000241c (0xbecb2b13) x22 0x00000000
core   0: 0x80002420 (0x2f188d93) addi    s11, a7, 753
core   0: 3 0x80002420 (0x2f188d93) x27 0xdd0002f1
core   0: 0x80002424 (0x011ce233) or      tp, s9, a7
core   0: 3 0x80002424 (0x011ce233) x 4 0xdd000001
core   0: 0x80002428 (0x40055b93) srai    s7, a0, 0
core   0: 3 0x80002428 (0x40055b93) x23 0xe7af179a
core   0: 0x8000242c (0x2d7bb993) sltiu   s3, s7, 727
core   0: 3 0x8000242c (0x2d7bb993) x19 0x00000000
core   0: 0x80002430 (0x00b14033) xor     zero, sp, a1
core   0: 3 0x80002430 (0x00b14033)
core   0: 0x80002434 (0x416b5e33) sra     t3, s6, s6
core   0: 3 0x80002434 (0x416b5e33) x28 0x00000000
core   0: 0x80002438 (0x831bfc13) andi    s8, s7, -1999
core   0: 3 0x80002438 (0x831bfc13) x24 0xe7af1010
core   0: 0x8000243c (0x2633a213) slti    tp, t2, 611
core   0: 3 0x8000243c (0x2633a213) x 4 0x00000001
core   0: 0x80002440 (0x005292b3) sll     t0, t0, t0
core   0: 3 0x80002440 (0x005292b3) x 5 0x00000000
core   0: 0x80002444 (0x00b39cb3) sll     s9, t2, a1
core   0: 3 0x80002444 (0x00b39cb3) x25 0x0023cc80
core   0: 0x80002448 (0x00c29e33) sll     t3, t0, a2
core   0: 3 0x80002448 (0x00c29e33) x28 0x00000000
core   0: 0x8000244c (0x41ef5db3) sra     s11, t5, t5
core   0: 3 0x8000244c (0x41ef5db3) x27 0x00000000
core   0: 0x80002450 (0x00fa1b33) sll     s6, s4, a5
core   0: 3 0x80002450 (0x00fa1b33) x22 0x80000000
core   0: 0x80002454 (0x66683813) sltiu   a6, a6, 1638
core   0: 3 0x80002454 (0x66683813) x16 0x00000001
core   0: 0x80002458 (0x00864db3) xor     s11, a2, s0
core   0: 3 0x80002458 (0x00864db3) x27 0x80015ce4
core   0: 0x8000245c (0xe17bb713) sltiu   a4, s7, -489
core   0: 3 0x8000245c (0xe17bb713) x14 0x00000001
core   0: 0x80002460 (0x524b1e37) lui     t3, 0x524b1
core   0: 3 0x80002460 (0x524b1e37) x28 0x524b1000
core   0: 0x80002464 (0x0150a1b3) slt     gp, ra, s5
core   0: 3 0x80002464 (0x0150a1b3) x 3 0x00000000
core   0: 0x80002468 (0x0107f733) and     a4, a5, a6
core   0: 3 0x80002468 (0x0107f733) x14 0x00000001
core   0: 0x8000246c (0x00fafcb3) and     s9, s5, a5
core   0: 3 0x8000246c (0x00fafcb3) x25 0x00000001
core   0: 0x80002470 (0xd245bf97) auipc   t6, 0xd245b
core   0: 3 0x80002470 (0xd245bf97) x31 0x5245d470
core   0: 0x80002474 (0x015c48b3) xor     a7, s8, s5
core   0: 3 0x80002474 (0x015c48b3) x17 0xe7af1011
core   0: 0x80002478 (0x00aa7333) and     t1, s4, a0
core   0: 3 0x80002478 (0x00aa7333) x 6 0x452a039a
core   0: 0x8000247c (0x4296fb93) andi    s7, a3, 1065
core   0: 3 0x8000247c (0x4296fb93) x23 0x00000008
core   0: 0x80002480 (0x00000013) nop
core   0: 3 0x80002480 (0x00000013)
core   0: 0x80002484 (0xee5ae0b7) lui     ra, 0xee5ae
core   0: 3 0x80002484 (0xee5ae0b7) x 1 0xee5ae000
core   0: 0x80002488 (0x01b74ab3) xor     s5, a4, s11
core   0: 3 0x80002488 (0x01b74ab3) x21 0x80015ce5
core   0: 0x8000248c (0x9834b693) sltiu   a3, s1, -1661
core   0: 3 0x8000248c (0x9834b693) x13 0x00000001
core   0: 0x80002490 (0x00a35cb3) srl     s9, t1, a0
core   0: 3 0x80002490 (0x00a35cb3) x25 0x00000011
core   0: 0x80002494 (0x01599413) slli    s0, s3, 21
core   0: 3 0x80002494 (0x01599413) x 8 0x00000000
core   0: 0x80002498 (0x0164c333) xor     t1, s1, s6
core   0: 3 0x80002498 (0x0164c333) x 6 0x801913c5
core   0: 0x8000249c (0x54ef1817) auipc   a6, 0x54ef1
core   0: 3 0x8000249c (0x54ef1817) x16 0xd4ef349c
core   0: 0x800024a0 (0x40c2d9b3) sra     s3, t0, a2
core   0: 3 0x800024a0 (0x40c2d9b3) x19 0x00000000
core   0: 0x800024a4 (0x01b4f4b3) and     s1, s1, s11
core   0: 3 0x800024a4 (0x01b4f4b3) x 9 0x000110c4
core   0: 0x800024a8 (0x65c43d93) sltiu   s11, s0, 1628
core   0: 3 0x800024a8 (0x65c43d93) x27 0x00000001
core   0: 0x800024ac (0xa7822513) slti    a0, tp, -1416
core   0: 3 0x800024ac (0xa7822513) x10 0x00000000
core   0: 0x800024b0 (0x014fdd33) srl     s10, t6, s4
core   0: 3 0x800024b0 (0x014fdd33) x26 0x0000000a
core   0: 0x800024b4 (0x00039233) sll     tp, t2, zero
core   0: 3 0x800024b4 (0x00039233) x 4 0x80011e64
core   0: 0x800024b8 (0x50e57e13) andi    t3, a0, 1294
core   0: 3 0x800024b8 (0x50e57e13) x28 0x00000000
core   0: 0x800024bc (0x00000013) nop
core   0: 3 0x800024bc (0x00000013)
core   0: 0x800024c0 (0x007246b3) xor     a3, tp, t2
core   0: 3 0x800024c0 (0x007246b3) x13 0x00000000
core   0: 0x800024c4 (0x00000013) nop
core   0: 3 0x800024c4 (0x00000013)
core   0: 0x800024c8 (0x007e96b3) sll     a3, t4, t2
core   0: 3 0x800024c8 (0x007e96b3) x13 0x002b9c80
core   0: 0x800024cc (0x004a8833) add     a6, s5, tp
core   0: 3 0x800024cc (0x004a8833) x16 0x00027b49
core   0: 0x800024d0 (0x000af833) and     a6, s5, zero
core   0: 3 0x800024d0 (0x000af833) x16 0x00000000
core   0: 0x800024d4 (0xe9e77293) andi    t0, a4, -354
core   0: 3 0x800024d4 (0xe9e77293) x 5 0x00000000
core   0: 0x800024d8 (0x01631c93) slli    s9, t1, 22
core   0: 3 0x800024d8 (0x01631c93) x25 0xf1400000
core   0: 0x800024dc (0x008611b3) sll     gp, a2, s0
core   0: 3 0x800024dc (0x008611b3) x 3 0x80015ce4
core   0: 0x800024e0 (0x00e19713) slli    a4, gp, 14
core   0: 3 0x800024e0 (0x00e19713) x14 0x57390000
core   0: 0x800024e4 (0x1760c517) auipc   a0, 0x1760c
core   0: 3 0x800024e4 (0x1760c517) x10 0x9760e4e4
core   0: 0x800024e8 (0x00422033) slt     zero, tp, tp
core   0: 3 0x800024e8 (0x00422033)
core   0: 0x800024ec (0x49746193) ori     gp, s0, 1175
core   0: 3 0x800024ec (0x49746193) x 3 0x00000497
core   0: 0x800024f0 (0x0148eb33) or      s6, a7, s4
core   0: 3 0x800024f0 (0x0148eb33) x22 0xffff139b
core   0: 0x800024f4 (0x87572a93) slti    s5, a4, -1931
core   0: 3 0x800024f4 (0x87572a93) x21 0x00000000
core   0: 0x800024f8 (0x014b58b3) srl     a7, s6, s4
core   0: 3 0x800024f8 (0x014b58b3) x17 0x0000001f
core   0: 0x800024fc (0x00e2c6b3) xor     a3, t0, a4
core   0: 3 0x800024fc (0x00e2c6b3) x13 0x57390000
core   0: 0x80002500 (0xa4734593) xori    a1, t1, -1465
core   0: 3 0x80002500 (0xa4734593) x11 0x7fe6e982
core   0: 0x80002504 (0x0181d313) srli    t1, gp, 24
core   0: 3 0x80002504 (0x0181d313) x 6 0x00000000
core   0: 0x80002508 (0x51690237) lui     tp, 0x51690
core   0: 3 0x80002508 (0x51690237) x 4 0x51690000
core   0: 0x8000250c (0x809b6a13) ori     s4, s6, -2039
core   0: 3 0x8000250c (0x809b6a13) x20 0xfffffb9b
core   0: 0x80002510 (0x01985e33) srl     t3, a6, s9
core   0: 3 0x80002510 (0x01985e33) x28 0x00000000
core   0: 0x80002514 (0x01641513) slli    a0, s0, 22
core   0: 3 0x80002514 (0x01641513) x10 0x00000000
core   0: 0x80002518 (0x5565f713) andi    a4, a1, 1366
core   0: 3 0x80002518 (0x5565f713) x14 0x00000102
core   0: 0x8000251c (0x00d19d13) slli    s10, gp, 13
core   0: 3 0x8000251c (0x00d19d13) x26 0x0092e000
core   0: 0x80002520 (0x403c0333) sub     t1, s8, gp
core   0: 3 0x80002520 (0x403c0333) x 6 0xe7af0b79
core   0: 0x80002524 (0xbee48d93) addi    s11, s1, -1042
core   0: 3 0x80002524 (0xbee48d93) x27 0x00010cb2
core   0: 0x80002528 (0x50f4be13) sltiu   t3, s1, 1295
core   0: 3 0x80002528 (0x50f4be13) x28 0x00000000
core   0: 0x8000252c (0x66066313) ori     t1, a2, 1632
core   0: 3 0x8000252c (0x66066313) x 6 0x80015ee4
core   0: 0x80002530 (0x01f99193) slli    gp, s3, 31
core   0: 3 0x80002530 (0x01f99193) x 3 0x00000000
core   0: 0x80002534 (0x013e5c13) srli    s8, t3, 19
core   0: 3 0x80002534 (0x013e5c13) x24 0x00000000
core   0: 0x80002538 (0x01991e33) sll     t3, s2, s9
core   0: 3 0x80002538 (0x01991e33) x28 0x00000001
core   0: 0x8000253c (0x017422b3) slt     t0, s0, s7
core   0: 3 0x8000253c (0x017422b3) x 5 0x00000001
core   0: 0x80002540 (0x01848f33) add     t5, s1, s8
core   0: 3 0x80002540 (0x01848f33) x30 0x000110c4
core   0: 0x80002544 (0x4162de13) srai    t3, t0, 22
core   0: 3 0x80002544 (0x4162de13) x28 0x00000000
core   0: 0x80002548 (0xaed34b93) xori    s7, t1, -1299
core   0: 3 0x80002548 (0xaed34b93) x23 0x7ffea409
core   0: 0x8000254c (0x00bef9b3) and     s3, t4, a1
core   0: 3 0x8000254c (0x00bef9b3) x19 0x0002a980
core   0: 0x80002550 (0x00000093) li      ra, 0
core   0: 3 0x80002550 (0x00000093) x 1 0x00000000
core   0: 0x80002554 (0xbecb39b7) lui     s3, 0xbecb3
core   0: 3 0x80002554 (0xbecb39b7) x19 0xbecb3000
core   0: 0x80002558 (0xc2c98993) addi    s3, s3, -980
core   0: 3 0x80002558 (0xc2c98993) x19 0xbecb2c2c
core   0: 0x8000255c (0xfff00593) li      a1, -1
core   0: 3 0x8000255c (0xfff00593) x11 0xffffffff
core   0: 0x80002560 (0x80000937) lui     s2, 0x80000
core   0: 3 0x80002560 (0x80000937) x18 0x80000000
core   0: 0x80002564 (0x6d1fee37) lui     t3, 0x6d1fe
core   0: 3 0x80002564 (0x6d1fee37) x28 0x6d1fe000
core   0: 0x80002568 (0xcd4e0e13) addi    t3, t3, -812
core   0: 3 0x80002568 (0xcd4e0e13) x28 0x6d1fdcd4
core   0: 0x8000256c (0x00000193) li      gp, 0
core   0: 3 0x8000256c (0x00000193) x 3 0x00000000
core   0: 0x80002570 (0x6e4958b7) lui     a7, 0x6e495
core   0: 3 0x80002570 (0x6e4958b7) x17 0x6e495000
core   0: 0x80002574 (0xe5288893) addi    a7, a7, -430
core   0: 3 0x80002574 (0xe5288893) x17 0x6e494e52
core   0: 0x80002578 (0x80000f37) lui     t5, 0x80000
core   0: 3 0x80002578 (0x80000f37) x30 0x80000000
core   0: 0x8000257c (0x5c448fb7) lui     t6, 0x5c448
core   0: 3 0x8000257c (0x5c448fb7) x31 0x5c448000
core   0: 0x80002580 (0xecef8f93) addi    t6, t6, -306
core   0: 3 0x80002580 (0xecef8f93) x31 0x5c447ece
core   0: 0x80002584 (0x132eaa37) lui     s4, 0x132ea
core   0: 3 0x80002584 (0x132eaa37) x20 0x132ea000
core   0: 0x80002588 (0xfaea0a13) addi    s4, s4, -82
core   0: 3 0x80002588 (0xfaea0a13) x20 0x132e9fae
core   0: 0x8000258c (0xc138c8b7) lui     a7, 0xc138c
core   0: 3 0x8000258c (0xc138c8b7) x17 0xc138c000
core   0: 0x80002590 (0x3c9b6917) auipc   s2, 0x3c9b6
core   0: 3 0x80002590 (0x3c9b6917) x18 0xbc9b8590
core   0: 0x80002594 (0x342165b7) lui     a1, 0x34216
core   0: 3 0x80002594 (0x342165b7) x11 0x34216000
core   0: 0x80002598 (0x458fbe17) auipc   t3, 0x458fb
core   0: 3 0x80002598 (0x458fbe17) x28 0xc58fd598
core   0: 0x8000259c (0x01c90e33) add     t3, s2, t3
core   0: 3 0x8000259c (0x01c90e33) x28 0x822b5b28
core   0: 0x800025a0 (0x27618f93) addi    t6, gp, 630
core   0: 3 0x800025a0 (0x27618f93) x31 0x00000276
core   0: 0x800025a4 (0x1f68e1b7) lui     gp, 0x1f68e
core   0: 3 0x800025a4 (0x1f68e1b7) x 3 0x1f68e000
core   0: 0x800025a8 (0x011a05b3) add     a1, s4, a7
core   0: 3 0x800025a8 (0x011a05b3) x11 0xd4675fae
core   0: 0x800025ac (0x00000013) nop
core   0: 3 0x800025ac (0x00000013)
core   0: 0x800025b0 (0x79718913) addi    s2, gp, 1943
core   0: 3 0x800025b0 (0x79718913) x18 0x1f68e797
core   0: 0x800025b4 (0xa05cca37) lui     s4, 0xa05cc
core   0: 3 0x800025b4 (0xa05cca37) x20 0xa05cc000
core   0: 0x800025b8 (0x00000013) nop
core   0: 3 0x800025b8 (0x00000013)
core   0: 0x800025bc (0x412e05b3) sub     a1, t3, s2
core   0: 3 0x800025bc (0x412e05b3) x11 0x62c27391
core   0: 0x800025c0 (0x01290fb3) add     t6, s2, s2
core   0: 3 0x800025c0 (0x01290fb3) x31 0x3ed1cf2e
core   0: 0x800025c4 (0x01298f33) add     t5, s3, s2
core   0: 3 0x800025c4 (0x01298f33) x30 0xde3413c3
core   0: 0x800025c8 (0x013e0e33) add     t3, t3, s3
core   0: 3 0x800025c8 (0x013e0e33) x28 0x40f68754
core   0: 0x800025cc (0x40198a33) sub     s4, s3, ra
core   0: 3 0x800025cc (0x40198a33) x20 0xbecb2c2c
core   0: 0x800025d0 (0x00000013) nop
core   0: 3 0x800025d0 (0x00000013)
core   0: 0x800025d4 (0xedd15517) auipc   a0, 0xedd15
core   0: 3 0x800025d4 (0xedd15517) x10 0x6dd175d4
core   0: 0x800025d8 (0x01145233) srl     tp, s0, a7
core   0: 3 0x800025d8 (0x01145233) x 4 0x00000000
core   0: 0x800025dc (0x01fe18b3) sll     a7, t3, t6
core   0: 3 0x800025dc (0x01fe18b3) x17 0xa1d50000
core   0: 0x800025e0 (0x761c0113) addi    sp, s8, 1889
core   0: 3 0x800025e0 (0x761c0113) x 2 0x00000761
core   0: 0x800025e4 (0xbd47c193) xori    gp, a5, -1068
core   0: 3 0x800025e4 (0xbd47c193) x 3 0x18512b0b
core   0: 0x800025e8 (0x01fe2fb3) slt     t6, t3, t6
core   0: 3 0x800025e8 (0x01fe2fb3) x31 0x00000000
core   0: 0x800025ec (0x16546593) ori     a1, s0, 357
core   0: 3 0x800025ec (0x16546593) x11 0x00000165
core   0: 0x800025f0 (0x002af933) and     s2, s5, sp
core   0: 3 0x800025f0 (0x002af933) x18 0x00000000
core   0: 0x800025f4 (0x00910d33) add     s10, sp, s1
core   0: 3 0x800025f4 (0x00910d33) x26 0x00011825
core   0: 0x800025f8 (0x337e4513) xori    a0, t3, 823
core   0: 3 0x800025f8 (0x337e4513) x10 0x40f68463
core   0: 0x800025fc (0x415b0db3) sub     s11, s6, s5
core   0: 3 0x800025fc (0x415b0db3) x27 0xffff139b
core   0: 0x80002600 (0xae233213) sltiu   tp, t1, -1310
core   0: 3 0x80002600 (0xae233213) x 4 0x00000001
core   0: 0x80002604 (0x41058333) sub     t1, a1, a6
core   0: 3 0x80002604 (0x41058333) x 6 0x00000165
core   0: 0x80002608 (0x6a384037) lui     zero, 0x6a384
core   0: 3 0x80002608 (0x6a384037)
core   0: 0x8000260c (0x003162b3) or      t0, sp, gp
core   0: 3 0x8000260c (0x003162b3) x 5 0x18512f6b
core   0: 0x80002610 (0x0133c433) xor     s0, t2, s3
core   0: 3 0x80002610 (0x0133c433) x 8 0x3eca3248
core   0: 0x80002614 (0x51fce593) ori     a1, s9, 1311
core   0: 3 0x80002614 (0x51fce593) x11 0xf140051f
core   0: 0x80002618 (0x4103d713) srai    a4, t2, 16
core   0: 3 0x80002618 (0x4103d713) x14 0xffff8001
core   0: 0x8000261c (0x01851813) slli    a6, a0, 24
core   0: 3 0x8000261c (0x01851813) x16 0x63000000
core   0: 0x80002620 (0x10c210b7) lui     ra, 0x10c21
core   0: 3 0x80002620 (0x10c210b7) x 1 0x10c21000
core   0: 0x80002624 (0x00000013) nop
core   0: 3 0x80002624 (0x00000013)
core   0: 0x80002628 (0x11300693) li      a3, 275
core   0: 3 0x80002628 (0x11300693) x13 0x00000113
core   0: 0x8000262c (0x30c3f293) andi    t0, t2, 780
core   0: 3 0x8000262c (0x30c3f293) x 5 0x00000204
core   0: 0x80002630 (0x40970fb3) sub     t6, a4, s1
core   0: 3 0x80002630 (0x40970fb3) x31 0xfffe6f3d
core   0: 0x80002634 (0x00b51b33) sll     s6, a0, a1
core   0: 3 0x80002634 (0x00b51b33) x22 0x80000000
core   0: 0x80002638 (0x01f44fb3) xor     t6, s0, t6
core   0: 3 0x80002638 (0x01f44fb3) x31 0xc1345d75
core   0: 0x8000263c (0x8f6cb013) sltiu   zero, s9, -1802
core   0: 3 0x8000263c (0x8f6cb013)
core   0: 0x80002640 (0x7e5dccb7) lui     s9, 0x7e5dc
core   0: 3 0x80002640 (0x7e5dccb7) x25 0x7e5dc000
core   0: 0x80002644 (0x00c082b3) add     t0, ra, a2
core   0: 3 0x80002644 (0x00c082b3) x 5 0x90c36ce4
core   0: 0x80002648 (0x008c6f33) or      t5, s8, s0
core   0: 3 0x80002648 (0x008c6f33) x30 0x3eca3248
core   0: 0x8000264c (0x401c8c33) sub     s8, s9, ra
core   0: 3 0x8000264c (0x401c8c33) x24 0x6d9bb000
core   0: 0x80002650 (0x409886b3) sub     a3, a7, s1
core   0: 3 0x80002650 (0x409886b3) x13 0xa1d3ef3c
core   0: 0x80002654 (0x00361193) slli    gp, a2, 3
core   0: 3 0x80002654 (0x00361193) x 3 0x000ae720
core   0: 0x80002658 (0x0016da13) srli    s4, a3, 1
core   0: 3 0x80002658 (0x0016da13) x20 0x50e9f79e
core   0: 0x8000265c (0x012f0bb3) add     s7, t5, s2
core   0: 3 0x8000265c (0x012f0bb3) x23 0x3eca3248
core   0: 0x80002660 (0x01bc5413) srli    s0, s8, 27
core   0: 3 0x80002660 (0x01bc5413) x 8 0x0000000d
core   0: 0x80002664 (0x010c7fb3) and     t6, s8, a6
core   0: 3 0x80002664 (0x010c7fb3) x31 0x61000000
core   0: 0x80002668 (0x00475693) srli    a3, a4, 4
core   0: 3 0x80002668 (0x00475693) x13 0x0ffff800
core   0: 0x8000266c (0x49dfe193) ori     gp, t6, 1181
core   0: 3 0x8000266c (0x49dfe193) x 3 0x6100049d
core   0: 0x80002670 (0x40ffda93) srai    s5, t6, 15
core   0: 3 0x80002670 (0x40ffda93) x21 0x0000c200
core   0: 0x80002674 (0x006dab33) slt     s6, s11, t1
core   0: 3 0x80002674 (0x006dab33) x22 0x00000001
core   0: 0x80002678 (0xc2f4a913) slti    s2, s1, -977
core   0: 3 0x80002678 (0xc2f4a913) x18 0x00000000
core   0: 0x8000267c (0xf695e893) ori     a7, a1, -151
core   0: 3 0x8000267c (0xf695e893) x17 0xffffff7f
core   0: 0x80002680 (0xe0aeef13) ori     t5, t4, -502
core   0: 3 0x80002680 (0xe0aeef13) x30 0xffffffca
core   0: 0x80002684 (0x012bbbb3) sltu    s7, s7, s2
core   0: 3 0x80002684 (0x012bbbb3) x23 0x00000000
core   0: 0x80002688 (0xbcfafb93) andi    s7, s5, -1073
core   0: 3 0x80002688 (0xbcfafb93) x23 0x0000c200
core   0: 0x8000268c (0x8bd67c13) andi    s8, a2, -1859
core   0: 3 0x8000268c (0x8bd67c13) x24 0x800158a4
core   0: 0x80002690 (0x01439fb3) sll     t6, t2, s4
core   0: 3 0x80002690 (0x01439fb3) x31 0x00000000
core   0: 0x80002694 (0xebb3e317) auipc   t1, 0xebb3e
core   0: 3 0x80002694 (0xebb3e317) x 6 0x6bb40694
core   0: 0x80002698 (0x41c1d213) srai    tp, gp, 28
core   0: 3 0x80002698 (0x41c1d213) x 4 0x00000006
core   0: 0x8000269c (0x56f0f893) andi    a7, ra, 1391
core   0: 3 0x8000269c (0x56f0f893) x17 0x00000000
core   0: 0x800026a0 (0x4087df33) sra     t5, a5, s0
core   0: 3 0x800026a0 (0x4087df33) x30 0xffff3d76
core   0: 0x800026a4 (0x401cdb93) srai    s7, s9, 1
core   0: 3 0x800026a4 (0x401cdb93) x23 0x3f2ee000
core   0: 0x800026a8 (0x41b6db33) sra     s6, a3, s11
core   0: 3 0x800026a8 (0x41b6db33) x22 0x00000001
core   0: 0x800026ac (0x019dc333) xor     t1, s11, s9
core   0: 3 0x800026ac (0x019dc333) x 6 0x81a2d39b
core   0: 0x800026b0 (0x0033d133) srl     sp, t2, gp
core   0: 3 0x800026b0 (0x0033d133) x 2 0x00000004
core   0: 0x800026b4 (0x01139db3) sll     s11, t2, a7
core   0: 3 0x800026b4 (0x01139db3) x27 0x80011e64
core   0: 0x800026b8 (0xf88b7113) andi    sp, s6, -120
core   0: 3 0x800026b8 (0xf88b7113) x 2 0x00000000
core   0: 0x800026bc (0x25aaf413) andi    s0, s5, 602
core   0: 3 0x800026bc (0x25aaf413) x 8 0x00000200
core   0: 0x800026c0 (0x005dfd33) and     s10, s11, t0
core   0: 3 0x800026c0 (0x005dfd33) x26 0x80010c64
core   0: 0x800026c4 (0x403f8233) sub     tp, t6, gp
core   0: 3 0x800026c4 (0x403f8233) x 4 0x9efffb63
core   0: 0x800026c8 (0x5104fb17) auipc   s6, 0x5104f
core   0: 3 0x800026c8 (0x5104fb17) x22 0xd10516c8
core   0: 0x800026cc (0x0ea4f9b7) lui     s3, 0xea4f
core   0: 3 0x800026cc (0x0ea4f9b7) x19 0x0ea4f000
core   0: 0x800026d0 (0x1ab83493) sltiu   s1, a6, 427
core   0: 3 0x800026d0 (0x1ab83493) x 9 0x00000000
core   0: 0x800026d4 (0x01afb933) sltu    s2, t6, s10
core   0: 3 0x800026d4 (0x01afb933) x18 0x00000001
core   0: 0x800026d8 (0x01099733) sll     a4, s3, a6
core   0: 3 0x800026d8 (0x01099733) x14 0x0ea4f000
core   0: 0x800026dc (0x007cca33) xor     s4, s9, t2
core   0: 3 0x800026dc (0x007cca33) x20 0xfe5cde64
core   0: 0x800026e0 (0x01d151b3) srl     gp, sp, t4
core   0: 3 0x800026e0 (0x01d151b3) x 3 0x00000000
core   0: 0x800026e4 (0x002f4f33) xor     t5, t5, sp
core   0: 3 0x800026e4 (0x002f4f33) x30 0xffff3d76
core   0: 0x800026e8 (0x00d048b3) xor     a7, zero, a3
core   0: 3 0x800026e8 (0x00d048b3) x17 0x0ffff800
core   0: 0x800026ec (0x01178933) add     s2, a5, a7
core   0: 3 0x800026ec (0x01178933) x18 0xf7aec8df
core   0: 0x800026f0 (0x00905693) srli    a3, zero, 9
core   0: 3 0x800026f0 (0x00905693) x13 0x00000000
core   0: 0x800026f4 (0x41f3dd13) srai    s10, t2, 31
core   0: 3 0x800026f4 (0x41f3dd13) x26 0xffffffff
core   0: 0x800026f8 (0x01670bb3) add     s7, a4, s6
core   0: 3 0x800026f8 (0x01670bb3) x23 0xdfaa06c8
core   0: 0x800026fc (0xfd6ff013) andi    zero, t6, -42
core   0: 3 0x800026fc (0xfd6ff013)
core   0: 0x80002700 (0x69301b37) lui     s6, 0x69301
core   0: 3 0x80002700 (0x69301b37) x22 0x69301000
core   0: 0x80002704 (0xa3540d13) addi    s10, s0, -1483
core   0: 3 0x80002704 (0xa3540d13) x26 0xfffffc35
core   0: 0x80002708 (0x016afa33) and     s4, s5, s6
core   0: 3 0x80002708 (0x016afa33) x20 0x00000000
core   0: 0x8000270c (0xd6f4a913) slti    s2, s1, -657
core   0: 3 0x8000270c (0xd6f4a913) x18 0x00000000
core   0: 0x80002710 (0x40715fb3) sra     t6, sp, t2
core   0: 3 0x80002710 (0x40715fb3) x31 0x00000000
core   0: 0x80002714 (0x40da5833) sra     a6, s4, a3
core   0: 3 0x80002714 (0x40da5833) x16 0x00000000
core   0: 0x80002718 (0x00ac0f33) add     t5, s8, a0
core   0: 3 0x80002718 (0x00ac0f33) x30 0xc0f7dd07
core   0: 0x8000271c (0x975d3093) sltiu   ra, s10, -1675
core   0: 3 0x8000271c (0x975d3093) x 1 0x00000000
core   0: 0x80002720 (0x022fcab7) lui     s5, 0x22fc
core   0: 3 0x80002720 (0x022fcab7) x21 0x022fc000
core   0: 0x80002724 (0x4069df13) srai    t5, s3, 6
core   0: 3 0x80002724 (0x4069df13) x30 0x003a93c0
core   0: 0x80002728 (0x005639b3) sltu    s3, a2, t0
core   0: 3 0x80002728 (0x005639b3) x19 0x00000001
core   0: 0x8000272c (0x004a1733) sll     a4, s4, tp
core   0: 3 0x8000272c (0x004a1733) x14 0x00000000
core   0: 0x80002730 (0x00000013) nop
core   0: 3 0x80002730 (0x00000013)
core   0: 0x80002734 (0xca96bd93) sltiu   s11, a3, -855
core   0: 3 0x80002734 (0xca96bd93) x27 0x00000001
core   0: 0x80002738 (0xe4152f97) auipc   t6, 0xe4152
core   0: 3 0x80002738 (0xe4152f97) x31 0x64154738
core   0: 0x8000273c (0x40a9dbb3) sra     s7, s3, a0
core   0: 3 0x8000273c (0x40a9dbb3) x23 0x00000000
core   0: 0x80002740 (0x24597893) andi    a7, s2, 581
core   0: 3 0x80002740 (0x24597893) x17 0x00000000
core   0: 0x80002744 (0x00c5d693) srli    a3, a1, 12
core   0: 3 0x80002744 (0x00c5d693) x13 0x000f1400
core   0: 0x80002748 (0x009c2f93) slti    t6, s8, 9
core   0: 3 0x80002748 (0x009c2f93) x31 0x00000001
core   0: 0x8000274c (0x00df7eb3) and     t4, t5, a3
core   0: 3 0x8000274c (0x00df7eb3) x29 0x000a1000
core   0: 0x80002750 (0x5431e513) ori     a0, gp, 1347
core   0: 3 0x80002750 (0x5431e513) x10 0x00000543
core   0: 0x80002754 (0x4123dc33) sra     s8, t2, s2
core   0: 3 0x80002754 (0x4123dc33) x24 0x80011e64
core   0: 0x80002758 (0xd5f5f413) andi    s0, a1, -673
core   0: 3 0x80002758 (0xd5f5f413) x 8 0xf140051f
core   0: 0x8000275c (0xdb907017) auipc   zero, 0xdb907
core   0: 3 0x8000275c (0xdb907017)
core   0: 0x80002760 (0x8dfd2c97) auipc   s9, 0x8dfd2
core   0: 3 0x80002760 (0x8dfd2c97) x25 0x0dfd4760
core   0: 0x80002764 (0x41758733) sub     a4, a1, s7
core   0: 3 0x80002764 (0x41758733) x14 0xf140051f
core   0: 0x80002768 (0x00000013) nop
core   0: 3 0x80002768 (0x00000013)
core   0: 0x8000276c (0x40b60ab3) sub     s5, a2, a1
core   0: 3 0x8000276c (0x40b60ab3) x21 0x8ec157c5
core   0: 0x80002770 (0x6e5a3d93) sltiu   s11, s4, 1765
core   0: 3 0x80002770 (0x6e5a3d93) x27 0x00000001
core   0: 0x80002774 (0x7d9e0d93) addi    s11, t3, 2009
core   0: 3 0x80002774 (0x7d9e0d93) x27 0x40f68f2d
core   0: 0x80002778 (0x019e2db3) slt     s11, t3, s9
core   0: 3 0x80002778 (0x019e2db3) x27 0x00000000
core   0: 0x8000277c (0x01abe2b3) or      t0, s7, s10
core   0: 3 0x8000277c (0x01abe2b3) x 5 0xfffffc35
core   0: 0x80002780 (0x019f06b3) add     a3, t5, s9
core   0: 3 0x80002780 (0x019f06b3) x13 0x0e37db20
core   0: 0x80002784 (0x61212093) slti    ra, sp, 1554
core   0: 3 0x80002784 (0x61212093) x 1 0x00000001
core   0: 0x80002788 (0x00000013) nop
core   0: 3 0x80002788 (0x00000013)
core   0: 0x8000278c (0xf6488e13) addi    t3, a7, -156
core   0: 3 0x8000278c (0xf6488e13) x28 0xffffff64
core   0: 0x80002790 (0x416e00b3) sub     ra, t3, s6
core   0: 3 0x80002790 (0x416e00b3) x 1 0x96cfef64
core   0: 0x80002794 (0x40b6d093) srai    ra, a3, 11
core   0: 3 0x80002794 (0x40b6d093) x 1 0x0001c6fb
core   0: 0x80002798 (0x0f8ce693) ori     a3, s9, 248
core   0: 3 0x80002798 (0x0f8ce693) x13 0x0dfd47f8
core   0: 0x8000279c (0x91e5e493) ori     s1, a1, -1762
core   0: 3 0x8000279c (0x91e5e493) x 9 0xfffffd1f
core   0: 0x800027a0 (0x00000013) nop
core   0: 3 0x800027a0 (0x00000013)
core   0: 0x800027a4 (0x40530133) sub     sp, t1, t0
core   0: 3 0x800027a4 (0x40530133) x 2 0x81a2d766
core   0: 0x800027a8 (0x00735733) srl     a4, t1, t2
core   0: 3 0x800027a8 (0x00735733) x14 0x081a2d39
core   0: 0x800027ac (0x002d9e13) slli    t3, s11, 2
core   0: 3 0x800027ac (0x002d9e13) x28 0x00000000
core   0: 0x800027b0 (0x0151eeb3) or      t4, gp, s5
core   0: 3 0x800027b0 (0x0151eeb3) x29 0x8ec157c5
core   0: 0x800027b4 (0xf304e113) ori     sp, s1, -208
core   0: 3 0x800027b4 (0xf304e113) x 2 0xffffff3f
core   0: 0x800027b8 (0x41295993) srai    s3, s2, 18
core   0: 3 0x800027b8 (0x41295993) x19 0x00000000
core   0: 0x800027bc (0x70e84093) xori    ra, a6, 1806
core   0: 3 0x800027bc (0x70e84093) x 1 0x0000070e
core   0: 0x800027c0 (0x0080bc33) sltu    s8, ra, s0
core   0: 3 0x800027c0 (0x0080bc33) x24 0x00000001
core   0: 0x800027c4 (0x41565233) sra     tp, a2, s5
core   0: 3 0x800027c4 (0x41565233) x 4 0xfc000ae7
core   0: 0x800027c8 (0x01008a33) add     s4, ra, a6
core   0: 3 0x800027c8 (0x01008a33) x20 0x0000070e
core   0: 0x800027cc (0x01293133) sltu    sp, s2, s2
core   0: 3 0x800027cc (0x01293133) x 2 0x00000000
core   0: 0x800027d0 (0xcc0f4f13) xori    t5, t5, -832
core   0: 3 0x800027d0 (0xcc0f4f13) x30 0xffc56f00
core   0: 0x800027d4 (0x797d2413) slti    s0, s10, 1943
core   0: 3 0x800027d4 (0x797d2413) x 8 0x00000001
core   0: 0x800027d8 (0x00d75533) srl     a0, a4, a3
core   0: 3 0x800027d8 (0x00d75533) x10 0x00000008
core   0: 0x800027dc (0xb0905f37) lui     t5, 0xb0905
core   0: 3 0x800027dc (0xb0905f37) x30 0xb0905000
core   0: 0x800027e0 (0x35d88d17) auipc   s10, 0x35d88
core   0: 3 0x800027e0 (0x35d88d17) x26 0xb5d8a7e0
core   0: 0x800027e4 (0x419782b3) sub     t0, a5, s9
core   0: 3 0x800027e4 (0x419782b3) x 5 0xd9b1897f
core   0: 0x800027e8 (0xa470ec93) ori     s9, ra, -1465
core   0: 3 0x800027e8 (0xa470ec93) x25 0xffffff4f
core   0: 0x800027ec (0x95ee3f13) sltiu   t5, t3, -1698
core   0: 3 0x800027ec (0x95ee3f13) x30 0x00000001
core   0: 0x800027f0 (0xd0166313) ori     t1, a2, -767
core   0: 3 0x800027f0 (0xd0166313) x 6 0xfffffde5
core   0: 0x800027f4 (0x40280133) sub     sp, a6, sp
core   0: 3 0x800027f4 (0x40280133) x 2 0x00000000
core   0: 0x800027f8 (0xa4612293) slti    t0, sp, -1466
core   0: 3 0x800027f8 (0xa4612293) x 5 0x00000000
core   0: 0x800027fc (0x01fe3db3) sltu    s11, t3, t6
core   0: 3 0x800027fc (0x01fe3db3) x27 0x00000001
core   0: 0x80002800 (0x28b98413) addi    s0, s3, 651
core   0: 3 0x80002800 (0x28b98413) x 8 0x0000028b
core   0: 0x80002804 (0x0096b233) sltu    tp, a3, s1
core   0: 3 0x80002804 (0x0096b233) x 4 0x00000001
core   0: 0x80002808 (0x33e6a013) slti    zero, a3, 830
core   0: 3 0x80002808 (0x33e6a013)
core   0: 0x8000280c (0x01ebc933) xor     s2, s7, t5
core   0: 3 0x8000280c (0x01ebc933) x18 0x00000001
core   0: 0x80002810 (0x00000013) nop
core   0: 3 0x80002810 (0x00000013)
core   0: 0x80002814 (0x030a6f13) ori     t5, s4, 48
core   0: 3 0x80002814 (0x030a6f13) x30 0x0000073e
core   0: 0x80002818 (0x00d5feb3) and     t4, a1, a3
core   0: 3 0x80002818 (0x00d5feb3) x29 0x01400518
core   0: 0x8000281c (0x5d760e13) addi    t3, a2, 1495
core   0: 3 0x8000281c (0x5d760e13) x28 0x800162bb
core   0: 0x80002820 (0x084f4f37) lui     t5, 0x84f4
core   0: 3 0x80002820 (0x084f4f37) x30 0x084f4000
core   0: 0x80002824 (0x40d20e33) sub     t3, tp, a3
core   0: 3 0x80002824 (0x40d20e33) x28 0xf202b809
core   0: 0x80002828 (0x417cdeb3) sra     t4, s9, s7
core   0: 3 0x80002828 (0x417cdeb3) x29 0xffffff4f
core   0: 0x8000282c (0x019b10b3) sll     ra, s6, s9
core   0: 3 0x8000282c (0x019b10b3) x 1 0x08000000
core   0: 0x80002830 (0x016c9413) slli    s0, s9, 22
core   0: 3 0x80002830 (0x016c9413) x 8 0xd3c00000
core   0: 0x80002834 (0x01c55213) srli    tp, a0, 28
core   0: 3 0x80002834 (0x01c55213) x 4 0x00000000
core   0: 0x80002838 (0x4177d813) srai    a6, a5, 23
core   0: 3 0x80002838 (0x4177d813) x16 0xffffffcf
core   0: 0x8000283c (0x00000013) nop
core   0: 3 0x8000283c (0x00000013)
core   0: 0x80002840 (0x00ca3fb3) sltu    t6, s4, a2
core   0: 3 0x80002840 (0x00ca3fb3) x31 0x00000001
core   0: 0x80002844 (0x01482b33) slt     s6, a6, s4
core   0: 3 0x80002844 (0x01482b33) x22 0x00000001
core   0: 0x80002848 (0x4073dc33) sra     s8, t2, t2
core   0: 3 0x80002848 (0x4073dc33) x24 0xf80011e6
core   0: 0x8000284c (0x40cf5093) srai    ra, t5, 12
core   0: 3 0x8000284c (0x40cf5093) x 1 0x000084f4
core   0: 0x80002850 (0x018dff33) and     t5, s11, s8
core   0: 3 0x80002850 (0x018dff33) x30 0x00000000
core   0: 0x80002854 (0xf5187013) andi    zero, a6, -175
core   0: 3 0x80002854 (0xf5187013)
core   0: 0x80002858 (0xbcf27213) andi    tp, tp, -1073
core   0: 3 0x80002858 (0xbcf27213) x 4 0x00000000
core   0: 0x8000285c (0x006a5d93) srli    s11, s4, 6
core   0: 3 0x8000285c (0x006a5d93) x27 0x0000001c
core   0: 0x80002860 (0x0039c8b3) xor     a7, s3, gp
core   0: 3 0x80002860 (0x0039c8b3) x17 0x00000000
core   0: 0x80002864 (0x40465d33) sra     s10, a2, tp
core   0: 3 0x80002864 (0x40465d33) x26 0x80015ce4
core   0: 0x80002868 (0x00222233) slt     tp, tp, sp
core   0: 3 0x80002868 (0x00222233) x 4 0x00000000
core   0: 0x8000286c (0x14ece213) ori     tp, s9, 334
core   0: 3 0x8000286c (0x14ece213) x 4 0xffffff4f
core   0: 0x80002870 (0x019c35b3) sltu    a1, s8, s9
core   0: 3 0x80002870 (0x019c35b3) x11 0x00000001
core   0: 0x80002874 (0x8090cd93) xori    s11, ra, -2039
core   0: 3 0x80002874 (0x8090cd93) x27 0xffff7cfd
core   0: 0x80002878 (0x40ef0733) sub     a4, t5, a4
core   0: 3 0x80002878 (0x40ef0733) x14 0xf7e5d2c7
core   0: 0x8000287c (0x99b84913) xori    s2, a6, -1637
core   0: 3 0x8000287c (0x99b84913) x18 0x00000654
core   0: 0x80002880 (0x00000013) nop
core   0: 3 0x80002880 (0x00000013)
core   0: 0x80002884 (0x00f055b3) srl     a1, zero, a5
core   0: 3 0x80002884 (0x00f055b3) x11 0x00000000
core   0: 0x80002888 (0x47ea7213) andi    tp, s4, 1150
core   0: 3 0x80002888 (0x47ea7213) x 4 0x0000040e
core   0: 0x8000288c (0x18a2c693) xori    a3, t0, 394
core   0: 3 0x8000288c (0x18a2c693) x13 0x0000018a
core   0: 0x80002890 (0x82270213) addi    tp, a4, -2014
core   0: 3 0x80002890 (0x82270213) x 4 0xf7e5cae9
core   0: 0x80002894 (0x7831a297) auipc   t0, 0x7831a
core   0: 3 0x80002894 (0x7831a297) x 5 0xf831c894
core   0: 0x80002898 (0x414cd733) sra     a4, s9, s4
core   0: 3 0x80002898 (0x414cd733) x14 0xffffffff
core   0: 0x8000289c (0x00041033) sll     zero, s0, zero
core   0: 3 0x8000289c (0x00041033)
core   0: 0x800028a0 (0x88366193) ori     gp, a2, -1917
core   0: 3 0x800028a0 (0x88366193) x 3 0xfffffce7
core   0: 0x800028a4 (0x01008433) add     s0, ra, a6
core   0: 3 0x800028a4 (0x01008433) x 8 0x000084c3
core   0: 0x800028a8 (0x010b32b3) sltu    t0, s6, a6
core   0: 3 0x800028a8 (0x010b32b3) x 5 0x00000001
core   0: 0x800028ac (0x40c5d093) srai    ra, a1, 12
core   0: 3 0x800028ac (0x40c5d093) x 1 0x00000000
core   0: 0x800028b0 (0x4039dd93) srai    s11, s3, 3
core   0: 3 0x800028b0 (0x4039dd93) x27 0x00000000
core   0: 0x800028b4 (0x00b50433) add     s0, a0, a1
core   0: 3 0x800028b4 (0x00b50433) x 8 0x00000008
core   0: 0x800028b8 (0xf304c017) auipc   zero, 0xf304c
core   0: 3 0x800028b8 (0xf304c017)
core   0: 0x800028bc (0x01b3df13) srli    t5, t2, 27
core   0: 3 0x800028bc (0x01b3df13) x30 0x00000010
core   0: 0x800028c0 (0x00a249b3) xor     s3, tp, a0
core   0: 3 0x800028c0 (0x00a249b3) x19 0xf7e5cae1
core   0: 0x800028c4 (0x40790e33) sub     t3, s2, t2
core   0: 3 0x800028c4 (0x40790e33) x28 0x7ffee7f0
core   0: 0x800028c8 (0x010ee733) or      a4, t4, a6
core   0: 3 0x800028c8 (0x010ee733) x14 0xffffffcf
core   0: 0x800028cc (0x3f06af13) slti    t5, a3, 1008
core   0: 3 0x800028cc (0x3f06af13) x30 0x00000001
core   0: 0x800028d0 (0x00dec9b3) xor     s3, t4, a3
core   0: 3 0x800028d0 (0x00dec9b3) x19 0xfffffec5
core   0: 0x800028d4 (0x40ee0bb3) sub     s7, t3, a4
core   0: 3 0x800028d4 (0x40ee0bb3) x23 0x7ffee821
core   0: 0x800028d8 (0xc7ed8293) addi    t0, s11, -898
core   0: 3 0x800028d8 (0xc7ed8293) x 5 0xfffffc7e
core   0: 0x800028dc (0x00004833) xor     a6, zero, zero
core   0: 3 0x800028dc (0x00004833) x16 0x00000000
core   0: 0x800028e0 (0x002a0533) add     a0, s4, sp
core   0: 3 0x800028e0 (0x002a0533) x10 0x0000070e
core   0: 0x800028e4 (0x41178933) sub     s2, a5, a7
core   0: 3 0x800028e4 (0x41178933) x18 0xe7aed0df
core   0: 0x800028e8 (0x000efa33) and     s4, t4, zero
core   0: 3 0x800028e8 (0x000efa33) x20 0x00000000
core   0: 0x800028ec (0x17e30e93) addi    t4, t1, 382
core   0: 3 0x800028ec (0x17e30e93) x29 0xffffff63
core   0: 0x800028f0 (0x37b53d17) auipc   s10, 0x37b53
core   0: 3 0x800028f0 (0x37b53d17) x26 0xb7b558f0
core   0: 0x800028f4 (0x5dae4d97) auipc   s11, 0x5dae4
core   0: 3 0x800028f4 (0x5dae4d97) x27 0xddae68f4
core   0: 0x800028f8 (0x4104d993) srai    s3, s1, 16
core   0: 3 0x800028f8 (0x4104d993) x19 0xffffffff
core   0: 0x800028fc (0x0130f333) and     t1, ra, s3
core   0: 3 0x800028fc (0x0130f333) x 6 0x00000000
core   0: 0x80002900 (0x00f5d4b3) srl     s1, a1, a5
core   0: 3 0x80002900 (0x00f5d4b3) x 9 0x00000000
core   0: 0x80002904 (0xeb496e13) ori     t3, s2, -332
core   0: 3 0x80002904 (0xeb496e13) x28 0xfffffeff
core   0: 0x80002908 (0x4179de33) sra     t3, s3, s7
core   0: 3 0x80002908 (0x4179de33) x28 0xffffffff
core   0: 0x8000290c (0x25423593) sltiu   a1, tp, 596
core   0: 3 0x8000290c (0x25423593) x11 0x00000000
core   0: 0x80002910 (0x21bf2ab7) lui     s5, 0x21bf2
core   0: 3 0x80002910 (0x21bf2ab7) x21 0x21bf2000
core   0: 0x80002914 (0x591db993) sltiu   s3, s11, 1425
core   0: 3 0x80002914 (0x591db993) x19 0x00000000
core   0: 0x80002918 (0x01c4e333) or      t1, s1, t3
core   0: 3 0x80002918 (0x01c4e333) x 6 0xffffffff
core   0: 0x8000291c (0x00000013) nop
core   0: 3 0x8000291c (0x00000013)
core   0: 0x80002920 (0xb9df3e93) sltiu   t4, t5, -1123
core   0: 3 0x80002920 (0xb9df3e93) x29 0x00000001
core   0: 0x80002924 (0xa1a7b893) sltiu   a7, a5, -1510
core   0: 3 0x80002924 (0xa1a7b893) x17 0x00000001
core   0: 0x80002928 (0x2cbba113) slti    sp, s7, 715
core   0: 3 0x80002928 (0x2cbba113) x 2 0x00000000
core   0: 0x8000292c (0x9b90fb97) auipc   s7, 0x9b90f
core   0: 3 0x8000292c (0x9b90fb97) x23 0x1b91192c
core   0: 0x80002930 (0xccd6fc13) andi    s8, a3, -819
core   0: 3 0x80002930 (0xccd6fc13) x24 0x00000088
core   0: 0x80002934 (0x731ede37) lui     t3, 0x731ed
core   0: 3 0x80002934 (0x731ede37) x28 0x731ed000
core   0: 0x80002938 (0x00abebb3) or      s7, s7, a0
core   0: 3 0x80002938 (0x00abebb3) x23 0x1b911f2e
core   0: 0x8000293c (0x002051b3) srl     gp, zero, sp
core   0: 3 0x8000293c (0x002051b3) x 3 0x00000000
core   0: 0x80002940 (0x08358217) auipc   tp, 0x8358
core   0: 3 0x80002940 (0x08358217) x 4 0x8835a940
core   0: 0x80002944 (0x40d5d293) srai    t0, a1, 13
core   0: 3 0x80002944 (0x40d5d293) x 5 0x00000000
core   0: 0x80002948 (0xc670c0b7) lui     ra, 0xc670c
core   0: 3 0x80002948 (0xc670c0b7) x 1 0xc670c000
core   0: 0x8000294c (0x40d15d93) srai    s11, sp, 13
core   0: 3 0x8000294c (0x40d15d93) x27 0x00000000
core   0: 0x80002950 (0x0119f333) and     t1, s3, a7
core   0: 3 0x80002950 (0x0119f333) x 6 0x00000000
core   0: 0x80002954 (0x01629d13) slli    s10, t0, 22
core   0: 3 0x80002954 (0x01629d13) x26 0x00000000
core   0: 0x80002958 (0x01e09513) slli    a0, ra, 30
core   0: 3 0x80002958 (0x01e09513) x10 0x00000000
core   0: 0x8000295c (0x00c37733) and     a4, t1, a2
core   0: 3 0x8000295c (0x00c37733) x14 0x00000000
core   0: 0x80002960 (0x5c452413) slti    s0, a0, 1476
core   0: 3 0x80002960 (0x5c452413) x 8 0x00000001
core   0: 0x80002964 (0x00565813) srli    a6, a2, 5
core   0: 3 0x80002964 (0x00565813) x16 0x04000ae7
core   0: 0x80002968 (0x41cfd733) sra     a4, t6, t3
core   0: 3 0x80002968 (0x41cfd733) x14 0x00000001
core   0: 0x8000296c (0x0097f533) and     a0, a5, s1
core   0: 3 0x8000296c (0x0097f533) x10 0x00000000
core   0: 0x80002970 (0x01243cb3) sltu    s9, s0, s2
core   0: 3 0x80002970 (0x01243cb3) x25 0x00000001
core   0: 0x80002974 (0x01b6fd33) and     s10, a3, s11
core   0: 3 0x80002974 (0x01b6fd33) x26 0x00000000
core   0: 0x80002978 (0x013efe33) and     t3, t4, s3
core   0: 3 0x80002978 (0x013efe33) x28 0x00000000
core   0: 0x8000297c (0x58d32093) slti    ra, t1, 1421
core   0: 3 0x8000297c (0x58d32093) x 1 0x00000001
core   0: 0x80002980 (0x39c93193) sltiu   gp, s2, 924
core   0: 3 0x80002980 (0x39c93193) x 3 0x00000000
core   0: 0x80002984 (0x743e3113) sltiu   sp, t3, 1859
core   0: 3 0x80002984 (0x743e3113) x 2 0x00000001
core   0: 0x80002988 (0x00cc6033) or      zero, s8, a2
core   0: 3 0x80002988 (0x00cc6033)
core   0: 0x8000298c (0x00665913) srli    s2, a2, 6
core   0: 3 0x8000298c (0x00665913) x18 0x02000573
core   0: 0x80002990 (0x057d7313) andi    t1, s10, 87
core   0: 3 0x80002990 (0x057d7313) x 6 0x00000000
core   0: 0x80002994 (0x3ce47e13) andi    t3, s0, 974
core   0: 3 0x80002994 (0x3ce47e13) x28 0x00000000
core   0: 0x80002998 (0x94008093) addi    ra, ra, -1728
core   0: 3 0x80002998 (0x94008093) x 1 0xfffff941
core   0: 0x8000299c (0x7a436f93) ori     t6, t1, 1956
core   0: 3 0x8000299c (0x7a436f93) x31 0x000007a4
core   0: 0x800029a0 (0x00c65c13) srli    s8, a2, 12
core   0: 3 0x800029a0 (0x00c65c13) x24 0x00080015
core   0: 0x800029a4 (0x37804113) xori    sp, zero, 888
core   0: 3 0x800029a4 (0x37804113) x 2 0x00000378
core   0: 0x800029a8 (0x00a9b333) sltu    t1, s3, a0
core   0: 3 0x800029a8 (0x00a9b333) x 6 0x00000000
core   0: 0x800029ac (0x01b63eb3) sltu    t4, a2, s11
core   0: 3 0x800029ac (0x01b63eb3) x29 0x00000000
core   0: 0x800029b0 (0x011eb333) sltu    t1, t4, a7
core   0: 3 0x800029b0 (0x011eb333) x 6 0x00000001
core   0: 0x800029b4 (0x65cb7713) andi    a4, s6, 1628
core   0: 3 0x800029b4 (0x65cb7713) x14 0x00000000
core   0: 0x800029b8 (0x006e1993) slli    s3, t3, 6
core   0: 3 0x800029b8 (0x006e1993) x19 0x00000000
core   0: 0x800029bc (0x01f51513) slli    a0, a0, 31
core   0: 3 0x800029bc (0x01f51513) x10 0x00000000
core   0: 0x800029c0 (0x004ea933) slt     s2, t4, tp
core   0: 3 0x800029c0 (0x004ea933) x18 0x00000000
core   0: 0x800029c4 (0x0b2a4993) xori    s3, s4, 178
core   0: 3 0x800029c4 (0x0b2a4993) x19 0x000000b2
core   0: 0x800029c8 (0x40160bb3) sub     s7, a2, ra
core   0: 3 0x800029c8 (0x40160bb3) x23 0x800163a3
core   0: 0x800029cc (0x0080d693) srli    a3, ra, 8
core   0: 3 0x800029cc (0x0080d693) x13 0x00fffff9
core   0: 0x800029d0 (0x017021b3) slt     gp, zero, s7
core   0: 3 0x800029d0 (0x017021b3) x 3 0x00000000
core   0: 0x800029d4 (0x010f5593) srli    a1, t5, 16
core   0: 3 0x800029d4 (0x010f5593) x11 0x00000000
core   0: 0x800029d8 (0xf8f96c93) ori     s9, s2, -113
core   0: 3 0x800029d8 (0xf8f96c93) x25 0xffffff8f
core   0: 0x800029dc (0x40788733) sub     a4, a7, t2
core   0: 3 0x800029dc (0x40788733) x14 0x7ffee19d
core   0: 0x800029e0 (0x018621b3) slt     gp, a2, s8
core   0: 3 0x800029e0 (0x018621b3) x 3 0x00000001
core   0: 0x800029e4 (0x01d41b93) slli    s7, s0, 29
core   0: 3 0x800029e4 (0x01d41b93) x23 0x20000000
core   0: 0x800029e8 (0x00c01593) slli    a1, zero, 12
core   0: 3 0x800029e8 (0x00c01593) x11 0x00000000
core   0: 0x800029ec (0x41b45293) srai    t0, s0, 27
core   0: 3 0x800029ec (0x41b45293) x 5 0x00000000
core   0: 0x800029f0 (0x018bf233) and     tp, s7, s8
core   0: 3 0x800029f0 (0x018bf233) x 4 0x00000000
core   0: 0x800029f4 (0x17f3da17) auipc   s4, 0x17f3d
core   0: 3 0x800029f4 (0x17f3da17) x20 0x97f3f9f4
core   0: 0x800029f8 (0x014b0f33) add     t5, s6, s4
core   0: 3 0x800029f8 (0x014b0f33) x30 0x97f3f9f5
core   0: 0x800029fc (0x00629433) sll     s0, t0, t1
core   0: 3 0x800029fc (0x00629433) x 8 0x00000000
core   0: 0x80002a00 (0x01ef7a33) and     s4, t5, t5
core   0: 3 0x80002a00 (0x01ef7a33) x20 0x97f3f9f5
core   0: 0x80002a04 (0x005302b3) add     t0, t1, t0
core   0: 3 0x80002a04 (0x005302b3) x 5 0x00000001
core   0: 0x80002a08 (0x2be2c713) xori    a4, t0, 702
core   0: 3 0x80002a08 (0x2be2c713) x14 0x000002bf
core   0: 0x80002a0c (0x01784a33) xor     s4, a6, s7
core   0: 3 0x80002a0c (0x01784a33) x20 0x24000ae7
core   0: 0x80002a10 (0x005d11b3) sll     gp, s10, t0
core   0: 3 0x80002a10 (0x005d11b3) x 3 0x00000000
core   0: 0x80002a14 (0x0138d413) srli    s0, a7, 19
core   0: 3 0x80002a14 (0x0138d413) x 8 0x00000000
core   0: 0x80002a18 (0xba7dec93) ori     s9, s11, -1113
core   0: 3 0x80002a18 (0xba7dec93) x25 0xfffffba7
core   0: 0x80002a1c (0x00c59093) slli    ra, a1, 12
core   0: 3 0x80002a1c (0x00c59093) x 1 0x00000000
core   0: 0x80002a20 (0x00000013) nop
core   0: 3 0x80002a20 (0x00000013)
core   0: 0x80002a24 (0x51680b17) auipc   s6, 0x51680
core   0: 3 0x80002a24 (0x51680b17) x22 0xd1682a24
core   0: 0x80002a28 (0x00809893) slli    a7, ra, 8
core   0: 3 0x80002a28 (0x00809893) x17 0x00000000
core   0: 0x80002a2c (0x01029f93) slli    t6, t0, 16
core   0: 3 0x80002a2c (0x01029f93) x31 0x00010000
core   0: 0x80002a30 (0x007bdd93) srli    s11, s7, 7
core   0: 3 0x80002a30 (0x007bdd93) x27 0x00400000
core   0: 0x80002a34 (0xc546b493) sltiu   s1, a3, -940
core   0: 3 0x80002a34 (0xc546b493) x 9 0x00000001
core   0: 0x80002a38 (0x00bcf5b3) and     a1, s9, a1
core   0: 3 0x80002a38 (0x00bcf5b3) x11 0x00000000
core   0: 0x80002a3c (0x62f04513) xori    a0, zero, 1583
core   0: 3 0x80002a3c (0x62f04513) x10 0x0000062f
core   0: 0x80002a40 (0x95b86213) ori     tp, a6, -1701
core   0: 3 0x80002a40 (0x95b86213) x 4 0xfffffbff
core   0: 0x80002a44 (0x004f86b3) add     a3, t6, tp
core   0: 3 0x80002a44 (0x004f86b3) x13 0x0000fbff
core   0: 0x80002a48 (0x01d92433) slt     s0, s2, t4
core   0: 3 0x80002a48 (0x01d92433) x 8 0x00000000
core   0: 0x80002a4c (0xfbb67237) lui     tp, 0xfbb67
core   0: 3 0x80002a4c (0xfbb67237) x 4 0xfbb67000
core   0: 0x80002a50 (0x015d5093) srli    ra, s10, 21
core   0: 3 0x80002a50 (0x015d5093) x 1 0x00000000
core   0: 0x80002a54 (0x41bfde13) srai    t3, t6, 27
core   0: 3 0x80002a54 (0x41bfde13) x28 0x00000000
core   0: 0x80002a58 (0x00000013) nop
core   0: 3 0x80002a58 (0x00000013)
core   0: 0x80002a5c (0x66db0713) addi    a4, s6, 1645
core   0: 3 0x80002a5c (0x66db0713) x14 0xd1683091
core   0: 0x80002a60 (0x01ef5d13) srli    s10, t5, 30
core   0: 3 0x80002a60 (0x01ef5d13) x26 0x00000002
core   0: 0x80002a64 (0x4a174c13) xori    s8, a4, 1185
core   0: 3 0x80002a64 (0x4a174c13) x24 0xd1683430
core   0: 0x80002a68 (0x8d971a37) lui     s4, 0x8d971
core   0: 3 0x80002a68 (0x8d971a37) x20 0x8d971000
core   0: 0x80002a6c (0x010e4e93) xori    t4, t3, 16
core   0: 3 0x80002a6c (0x010e4e93) x29 0x00000010
core   0: 0x80002a70 (0x017800b3) add     ra, a6, s7
core   0: 3 0x80002a70 (0x017800b3) x 1 0x24000ae7
core   0: 0x80002a74 (0x0159a233) slt     tp, s3, s5
core   0: 3 0x80002a74 (0x0159a233) x 4 0x00000001
core   0: 0x80002a78 (0x00dbf433) and     s0, s7, a3
core   0: 3 0x80002a78 (0x00dbf433) x 8 0x00000000
core   0: 0x80002a7c (0x01d39513) slli    a0, t2, 29
core   0: 3 0x80002a7c (0x01d39513) x10 0x80000000
core   0: 0x80002a80 (0x4ac3d417) auipc   s0, 0x4ac3d
core   0: 3 0x80002a80 (0x4ac3d417) x 8 0xcac3fa80
core   0: 0x80002a84 (0x05e51f17) auipc   t5, 0x5e51
core   0: 3 0x80002a84 (0x05e51f17) x30 0x85e53a84
core   0: 0x80002a88 (0x01d451b3) srl     gp, s0, t4
core   0: 3 0x80002a88 (0x01d451b3) x 3 0x0000cac3
core   0: 0x80002a8c (0xcb976313) ori     t1, a4, -839
core   0: 3 0x80002a8c (0xcb976313) x 6 0xfffffcb9
core   0: 0x80002a90 (0xff53ff13) andi    t5, t2, -11
core   0: 3 0x80002a90 (0xff53ff13) x30 0x80011e64
core   0: 0x80002a94 (0x1eeceb97) auipc   s7, 0x1eece
core   0: 3 0x80002a94 (0x1eeceb97) x23 0x9eed0a94
core   0: 0x80002a98 (0x41b6df33) sra     t5, a3, s11
core   0: 3 0x80002a98 (0x41b6df33) x30 0x0000fbff
core   0: 0x80002a9c (0x017cb033) sltu    zero, s9, s7
core   0: 3 0x80002a9c (0x017cb033)
core   0: 0x80002aa0 (0x41aeda13) srai    s4, t4, 26
core   0: 3 0x80002aa0 (0x41aeda13) x20 0x00000000
core   0: 0x80002aa4 (0x419356b3) sra     a3, t1, s9
core   0: 3 0x80002aa4 (0x419356b3) x13 0xfffffff9
core   0: 0x80002aa8 (0x0308ec17) auipc   s8, 0x308e
core   0: 3 0x80002aa8 (0x0308ec17) x24 0x83090aa8
core   0: 0x80002aac (0x048539b7) lui     s3, 0x4853
core   0: 3 0x80002aac (0x048539b7) x19 0x04853000
core   0: 0x80002ab0 (0x0d41f093) andi    ra, gp, 212
core   0: 3 0x80002ab0 (0x0d41f093) x 1 0x000000c0
core   0: 0x80002ab4 (0xe0efb013) sltiu   zero, t6, -498
core   0: 3 0x80002ab4 (0xe0efb013)
core   0: 0x80002ab8 (0x00000013) nop
core   0: 3 0x80002ab8 (0x00000013)
core   0: 0x80002abc (0x000dd993) srli    s3, s11, 0
core   0: 3 0x80002abc (0x000dd993) x19 0x00400000
core   0: 0x80002ac0 (0x00d284b3) add     s1, t0, a3
core   0: 3 0x80002ac0 (0x00d284b3) x 9 0xfffffffa
core   0: 0x80002ac4 (0x01aff333) and     t1, t6, s10
core   0: 3 0x80002ac4 (0x01aff333) x 6 0x00000000
core   0: 0x80002ac8 (0x01f88d33) add     s10, a7, t6
core   0: 3 0x80002ac8 (0x01f88d33) x26 0x00010000
core   0: 0x80002acc (0x41e98233) sub     tp, s3, t5
core   0: 3 0x80002acc (0x41e98233) x 4 0x003f0401
core   0: 0x80002ad0 (0x61dc4a13) xori    s4, s8, 1565
core   0: 3 0x80002ad0 (0x61dc4a13) x20 0x83090cb5
core   0: 0x80002ad4 (0x7860f993) andi    s3, ra, 1926
core   0: 3 0x80002ad4 (0x7860f993) x19 0x00000080
core   0: 0x80002ad8 (0x00000013) nop
core   0: 3 0x80002ad8 (0x00000013)
core   0: 0x80002adc (0x009bf8b3) and     a7, s7, s1
core   0: 3 0x80002adc (0x009bf8b3) x17 0x9eed0a90
core   0: 0x80002ae0 (0x40b8dd93) srai    s11, a7, 11
core   0: 3 0x80002ae0 (0x40b8dd93) x27 0xfff3dda1
core   0: 0x80002ae4 (0x4068d293) srai    t0, a7, 6
core   0: 3 0x80002ae4 (0x4068d293) x 5 0xfe7bb42a
core   0: 0x80002ae8 (0x00893eb3) sltu    t4, s2, s0
core   0: 3 0x80002ae8 (0x00893eb3) x29 0x00000001
core   0: 0x80002aec (0x00641293) slli    t0, s0, 6
core   0: 3 0x80002aec (0x00641293) x 5 0xb0fea000
core   0: 0x80002af0 (0x1890d1b7) lui     gp, 0x1890d
core   0: 3 0x80002af0 (0x1890d1b7) x 3 0x1890d000
core   0: 0x80002af4 (0x3ec1a593) slti    a1, gp, 1004
core   0: 3 0x80002af4 (0x3ec1a593) x11 0x00000000
core   0: 0x80002af8 (0x3d544093) xori    ra, s0, 981
core   0: 3 0x80002af8 (0x3d544093) x 1 0xcac3f955
core   0: 0x80002afc (0x01df2db3) slt     s11, t5, t4
core   0: 3 0x80002afc (0x01df2db3) x27 0x00000000
core   0: 0x80002b00 (0x01df76b3) and     a3, t5, t4
core   0: 3 0x80002b00 (0x01df76b3) x13 0x00000001
core   0: 0x80002b04 (0x4684f097) auipc   ra, 0x4684f
core   0: 3 0x80002b04 (0x4684f097) x 1 0xc6851b04
core   0: 0x80002b08 (0x011551b3) srl     gp, a0, a7
core   0: 3 0x80002b08 (0x011551b3) x 3 0x00008000
core   0: 0x80002b0c (0x01bbd813) srli    a6, s7, 27
core   0: 3 0x80002b0c (0x01bbd813) x16 0x00000013
core   0: 0x80002b10 (0xd0196c37) lui     s8, 0xd0196
core   0: 3 0x80002b10 (0xd0196c37) x24 0xd0196000
core   0: 0x80002b14 (0x01c876b3) and     a3, a6, t3
core   0: 3 0x80002b14 (0x01c876b3) x13 0x00000000
core   0: 0x80002b18 (0x003e88b3) add     a7, t4, gp
core   0: 3 0x80002b18 (0x003e88b3) x17 0x00008001
core   0: 0x80002b1c (0x41eb5733) sra     a4, s6, t5
core   0: 3 0x80002b1c (0x41eb5733) x14 0xffffffff
core   0: 0x80002b20 (0x36c04bb7) lui     s7, 0x36c04
core   0: 3 0x80002b20 (0x36c04bb7) x23 0x36c04000
core   0: 0x80002b24 (0x00000013) nop
core   0: 3 0x80002b24 (0x00000013)
core   0: 0x80002b28 (0x00987333) and     t1, a6, s1
core   0: 3 0x80002b28 (0x00987333) x 6 0x00000012
core   0: 0x80002b2c (0x0f07e317) auipc   t1, 0xf07e
core   0: 3 0x80002b2c (0x0f07e317) x 6 0x8f080b2c
core   0: 0x80002b30 (0x5ff08193) addi    gp, ra, 1535
core   0: 3 0x80002b30 (0x5ff08193) x 3 0xc6852103
core   0: 0x80002b34 (0x3a322e93) slti    t4, tp, 931
core   0: 3 0x80002b34 (0x3a322e93) x29 0x00000000
core   0: 0x80002b38 (0x00000013) nop
core   0: 3 0x80002b38 (0x00000013)
core   0: 0x80002b3c (0x00a24c33) xor     s8, tp, a0
core   0: 3 0x80002b3c (0x00a24c33) x24 0x803f0401
core   0: 0x80002b40 (0x01140d33) add     s10, s0, a7
core   0: 3 0x80002b40 (0x01140d33) x26 0xcac47a81
core   0: 0x80002b44 (0x00000013) nop
core   0: 3 0x80002b44 (0x00000013)
core   0: 0x80002b48 (0x0099a733) slt     a4, s3, s1
core   0: 3 0x80002b48 (0x0099a733) x14 0x00000000
core   0: 0x80002b4c (0x01c7ffb3) and     t6, a5, t3
core   0: 3 0x80002b4c (0x01c7ffb3) x31 0x00000000
core   0: 0x80002b50 (0xfff7af93) slti    t6, a5, -1
core   0: 3 0x80002b50 (0xfff7af93) x31 0x00000001
core   0: 0x80002b54 (0x011fdeb3) srl     t4, t6, a7
core   0: 3 0x80002b54 (0x011fdeb3) x29 0x00000000
core   0: 0x80002b58 (0x0f9d7d93) andi    s11, s10, 249
core   0: 3 0x80002b58 (0x0f9d7d93) x27 0x00000081
core   0: 0x80002b5c (0x40108e33) sub     t3, ra, ra
core   0: 3 0x80002b5c (0x40108e33) x28 0x00000000
core   0: 0x80002b60 (0x004e05b3) add     a1, t3, tp
core   0: 3 0x80002b60 (0x004e05b3) x11 0x003f0401
core   0: 0x80002b64 (0x41fcd333) sra     t1, s9, t6
core   0: 3 0x80002b64 (0x41fcd333) x 6 0xfffffdd3
core   0: 0x80002b68 (0x403509b3) sub     s3, a0, gp
core   0: 3 0x80002b68 (0x403509b3) x19 0xb97adefd
core   0: 0x80002b6c (0x4137d8b3) sra     a7, a5, s3
core   0: 3 0x80002b6c (0x4137d8b3) x17 0xffffffff
core   0: 0x80002b70 (0x40068233) sub     tp, a3, zero
core   0: 3 0x80002b70 (0x40068233) x 4 0x00000000
core   0: 0x80002b74 (0x005a7fb3) and     t6, s4, t0
core   0: 3 0x80002b74 (0x005a7fb3) x31 0x80080000
core   0: 0x80002b78 (0x013556b3) srl     a3, a0, s3
core   0: 3 0x80002b78 (0x013556b3) x13 0x00000004
core   0: 0x80002b7c (0x86b05e37) lui     t3, 0x86b05
core   0: 3 0x80002b7c (0x86b05e37) x28 0x86b05000
core   0: 0x80002b80 (0x00f60f33) add     t5, a2, a5
core   0: 3 0x80002b80 (0x00f60f33) x30 0x67b02dc3
core   0: 0x80002b84 (0x1680b213) sltiu   tp, ra, 360
core   0: 3 0x80002b84 (0x1680b213) x 4 0x00000000
core   0: 0x80002b88 (0x409154b3) sra     s1, sp, s1
core   0: 3 0x80002b88 (0x409154b3) x 9 0x00000000
core   0: 0x80002b8c (0xba53cb13) xori    s6, t2, -1115
core   0: 3 0x80002b8c (0xba53cb13) x22 0x7ffee5c1
core   0: 0x80002b90 (0x00000013) nop
core   0: 3 0x80002b90 (0x00000013)
core   0: 0x80002b94 (0x40348bb3) sub     s7, s1, gp
core   0: 3 0x80002b94 (0x40348bb3) x23 0x397adefd
core   0: 0x80002b98 (0x006ce5b3) or      a1, s9, t1
core   0: 3 0x80002b98 (0x006ce5b3) x11 0xfffffff7
core   0: 0x80002b9c (0x41fbd493) srai    s1, s7, 31
core   0: 3 0x80002b9c (0x41fbd493) x 9 0x00000000
core   0: 0x80002ba0 (0xc163a213) slti    tp, t2, -1002
core   0: 3 0x80002ba0 (0xc163a213) x 4 0x00000001
core   0: 0x80002ba4 (0x3628ea13) ori     s4, a7, 866
core   0: 3 0x80002ba4 (0x3628ea13) x20 0xffffffff
core   0: 0x80002ba8 (0x006ab433) sltu    s0, s5, t1
core   0: 3 0x80002ba8 (0x006ab433) x 8 0x00000001
core   0: 0x80002bac (0x77ff4d93) xori    s11, t5, 1919
core   0: 3 0x80002bac (0x77ff4d93) x27 0x67b02abc
core   0: 0x80002bb0 (0x38f48813) addi    a6, s1, 911
core   0: 3 0x80002bb0 (0x38f48813) x16 0x0000038f
core   0: 0x80002bb4 (0x00000013) nop
core   0: 3 0x80002bb4 (0x00000013)
core   0: 0x80002bb8 (0x01129993) slli    s3, t0, 17
core   0: 3 0x80002bb8 (0x01129993) x19 0x40000000
core   0: 0x80002bbc (0x00a0c433) xor     s0, ra, a0
core   0: 3 0x80002bbc (0x00a0c433) x 8 0x46851b04
core   0: 0x80002bc0 (0x163b7713) andi    a4, s6, 355
core   0: 3 0x80002bc0 (0x163b7713) x14 0x00000141
core   0: 0x80002bc4 (0x40bcdf93) srai    t6, s9, 11
core   0: 3 0x80002bc4 (0x40bcdf93) x31 0xffffffff
core   0: 0x80002bc8 (0x0fd28313) addi    t1, t0, 253
core   0: 3 0x80002bc8 (0x0fd28313) x 6 0xb0fea0fd
core   0: 0x80002bcc (0x04d76c93) ori     s9, a4, 77
core   0: 3 0x80002bcc (0x04d76c93) x25 0x0000014d
core   0: 0x80002bd0 (0x00a74933) xor     s2, a4, a0
core   0: 3 0x80002bd0 (0x00a74933) x18 0x80000141
core   0: 0x80002bd4 (0x01665193) srli    gp, a2, 22
core   0: 3 0x80002bd4 (0x01665193) x 3 0x00000200
core   0: 0x80002bd8 (0x40bb8933) sub     s2, s7, a1
core   0: 3 0x80002bd8 (0x40bb8933) x18 0x397adf06
core   0: 0x80002bdc (0x0192cfb3) xor     t6, t0, s9
core   0: 3 0x80002bdc (0x0192cfb3) x31 0xb0fea14d
core   0: 0x80002be0 (0xe9fbb913) sltiu   s2, s7, -353
core   0: 3 0x80002be0 (0xe9fbb913) x18 0x00000001
core   0: 0x80002be4 (0x3c7de593) ori     a1, s11, 967
core   0: 3 0x80002be4 (0x3c7de593) x11 0x67b02bff
core   0: 0x80002be8 (0x01183233) sltu    tp, a6, a7
core   0: 3 0x80002be8 (0x01183233) x 4 0x00000001
core   0: 0x80002bec (0x006769b3) or      s3, a4, t1
core   0: 3 0x80002bec (0x006769b3) x19 0xb0fea1fd
core   0: 0x80002bf0 (0x0b04b093) sltiu   ra, s1, 176
core   0: 3 0x80002bf0 (0x0b04b093) x 1 0x00000001
core   0: 0x80002bf4 (0x01f3adb3) slt     s11, t2, t6
core   0: 3 0x80002bf4 (0x01f3adb3) x27 0x00000001
core   0: 0x80002bf8 (0x4108d893) srai    a7, a7, 16
core   0: 3 0x80002bf8 (0x4108d893) x17 0xffffffff
core   0: 0x80002bfc (0x019146b3) xor     a3, sp, s9
core   0: 3 0x80002bfc (0x019146b3) x13 0x00000235
core   0: 0x80002c00 (0xc1efe313) ori     t1, t6, -994
core   0: 3 0x80002c00 (0xc1efe313) x 6 0xfffffd5f
core   0: 0x80002c04 (0x013e9913) slli    s2, t4, 19
core   0: 3 0x80002c04 (0x013e9913) x18 0x00000000
core   0: 0x80002c08 (0x0178dd33) srl     s10, a7, s7
core   0: 3 0x80002c08 (0x0178dd33) x26 0x00000007
core   0: 0x80002c0c (0x819a2e13) slti    t3, s4, -2023
core   0: 3 0x80002c0c (0x819a2e13) x28 0x00000000
core   0: 0x80002c10 (0x0a93a813) slti    a6, t2, 169
core   0: 3 0x80002c10 (0x0a93a813) x16 0x00000001
core   0: 0x80002c14 (0x00000013) nop
core   0: 3 0x80002c14 (0x00000013)
core   0: 0x80002c18 (0x0169d213) srli    tp, s3, 22
core   0: 3 0x80002c18 (0x0169d213) x 4 0x000002c3
core   0: 0x80002c1c (0xb3368713) addi    a4, a3, -1229
core   0: 3 0x80002c1c (0xb3368713) x14 0xfffffd68
core   0: 0x80002c20 (0x41aad813) srai    a6, s5, 26
core   0: 3 0x80002c20 (0x41aad813) x16 0x00000008
core   0: 0x80002c24 (0x00621f93) slli    t6, tp, 6
core   0: 3 0x80002c24 (0x00621f93) x31 0x0000b0c0
core   0: 0x80002c28 (0x004f9013) slli    zero, t6, 4
core   0: 3 0x80002c28 (0x004f9013)
core   0: 0x80002c2c (0x017c9333) sll     t1, s9, s7
core   0: 3 0x80002c2c (0x017c9333) x 6 0xa0000000
core   0: 0x80002c30 (0xafea7a93) andi    s5, s4, -1282
core   0: 3 0x80002c30 (0xafea7a93) x21 0xfffffafe
core   0: 0x80002c34 (0x0049bb33) sltu    s6, s3, tp
core   0: 3 0x80002c34 (0x0049bb33) x22 0x00000000
core   0: 0x80002c38 (0x019bbeb3) sltu    t4, s7, s9
core   0: 3 0x80002c38 (0x019bbeb3) x29 0x00000000
core   0: 0x80002c3c (0x45bfbe97) auipc   t4, 0x45bfb
core   0: 3 0x80002c3c (0x45bfbe97) x29 0xc5bfdc3c
core   0: 0x80002c40 (0x001e12b3) sll     t0, t3, ra
core   0: 3 0x80002c40 (0x001e12b3) x 5 0x00000000
core   0: 0x80002c44 (0x008fc033) xor     zero, t6, s0
core   0: 3 0x80002c44 (0x008fc033)
core   0: 0x80002c48 (0x9ede2e13) slti    t3, t3, -1555
core   0: 3 0x80002c48 (0x9ede2e13) x28 0x00000000
core   0: 0x80002c4c (0x0d646f93) ori     t6, s0, 214
core   0: 3 0x80002c4c (0x0d646f93) x31 0x46851bd6
core   0: 0x80002c50 (0x005a5913) srli    s2, s4, 5
core   0: 3 0x80002c50 (0x005a5913) x18 0x07ffffff
core   0: 0x80002c54 (0x40c30d33) sub     s10, t1, a2
core   0: 3 0x80002c54 (0x40c30d33) x26 0x1ffea31c
core   0: 0x80002c58 (0x001ccab3) xor     s5, s9, ra
core   0: 3 0x80002c58 (0x001ccab3) x21 0x0000014c
core   0: 0x80002c5c (0x52af0f13) addi    t5, t5, 1322
core   0: 3 0x80002c5c (0x52af0f13) x30 0x67b032ed
core   0: 0x80002c60 (0x0034f8b3) and     a7, s1, gp
core   0: 3 0x80002c60 (0x0034f8b3) x17 0x00000000
core   0: 0x80002c64 (0x0137d333) srl     t1, a5, s3
core   0: 3 0x80002c64 (0x0137d333) x 6 0x00000007
core   0: 0x80002c68 (0x010f5213) srli    tp, t5, 16
core   0: 3 0x80002c68 (0x010f5213) x 4 0x000067b0
core   0: 0x80002c6c (0xbd82ab93) slti    s7, t0, -1064
core   0: 3 0x80002c6c (0xbd82ab93) x23 0x00000000
core   0: 0x80002c70 (0x0114de93) srli    t4, s1, 17
core   0: 3 0x80002c70 (0x0114de93) x29 0x00000000
core   0: 0x80002c74 (0x001e7133) and     sp, t3, ra
core   0: 3 0x80002c74 (0x001e7133) x 2 0x00000000
core   0: 0x80002c78 (0x00000013) nop
core   0: 3 0x80002c78 (0x00000013)
core   0: 0x80002c7c (0x9872f213) andi    tp, t0, -1657
core   0: 3 0x80002c7c (0x9872f213) x 4 0x00000000
core   0: 0x80002c80 (0x00000013) nop
core   0: 3 0x80002c80 (0x00000013)
core   0: 0x80002c84 (0x00000013) nop
core   0: 3 0x80002c84 (0x00000013)
core   0: 0x80002c88 (0x418d3193) sltiu   gp, s10, 1048
core   0: 3 0x80002c88 (0x418d3193) x 3 0x00000000
core   0: 0x80002c8c (0x00db9213) slli    tp, s7, 13
core   0: 3 0x80002c8c (0x00db9213) x 4 0x00000000
core   0: 0x80002c90 (0x013e9433) sll     s0, t4, s3
core   0: 3 0x80002c90 (0x013e9433) x 8 0x00000000
core   0: 0x80002c94 (0xf6492193) slti    gp, s2, -156
core   0: 3 0x80002c94 (0xf6492193) x 3 0x00000000
core   0: 0x80002c98 (0x60f7e713) ori     a4, a5, 1551
core   0: 3 0x80002c98 (0x60f7e713) x14 0xe7aed6df
core   0: 0x80002c9c (0x00000013) nop
core   0: 3 0x80002c9c (0x00000013)
core   0: 0x80002ca0 (0x00d42833) slt     a6, s0, a3
core   0: 3 0x80002ca0 (0x00d42833) x16 0x00000001
core   0: 0x80002ca4 (0x00000013) nop
core   0: 3 0x80002ca4 (0x00000013)
core   0: 0x80002ca8 (0xfd167b13) andi    s6, a2, -47
core   0: 3 0x80002ca8 (0xfd167b13) x22 0x80015cc0
core   0: 0x80002cac (0x00425f13) srli    t5, tp, 4
core   0: 3 0x80002cac (0x00425f13) x30 0x00000000
core   0: 0x80002cb0 (0x013da033) slt     zero, s11, s3
core   0: 3 0x80002cb0 (0x013da033)
core   0: 0x80002cb4 (0x01346133) or      sp, s0, s3
core   0: 3 0x80002cb4 (0x01346133) x 2 0xb0fea1fd
core   0: 0x80002cb8 (0x6d540b13) addi    s6, s0, 1749
core   0: 3 0x80002cb8 (0x6d540b13) x22 0x000006d5
core   0: 0x80002cbc (0x00389593) slli    a1, a7, 3
core   0: 3 0x80002cbc (0x00389593) x11 0x00000000
core   0: 0x80002cc0 (0xece5b693) sltiu   a3, a1, -306
core   0: 3 0x80002cc0 (0xece5b693) x13 0x00000001
core   0: 0x80002cc4 (0x01ad5433) srl     s0, s10, s10
core   0: 3 0x80002cc4 (0x01ad5433) x 8 0x00000001
core   0: 0x80002cc8 (0xc22bcb13) xori    s6, s7, -990
core   0: 3 0x80002cc8 (0xc22bcb13) x22 0xfffffc22
core   0: 0x80002ccc (0x01fcfdb3) and     s11, s9, t6
core   0: 3 0x80002ccc (0x01fcfdb3) x27 0x00000144
core   0: 0x80002cd0 (0x01e35b33) srl     s6, t1, t5
core   0: 3 0x80002cd0 (0x01e35b33) x22 0x00000007
core   0: 0x80002cd4 (0x01584033) xor     zero, a6, s5
core   0: 3 0x80002cd4 (0x01584033)
core   0: 0x80002cd8 (0x98fbc713) xori    a4, s7, -1649
core   0: 3 0x80002cd8 (0x98fbc713) x14 0xfffff98f
core   0: 0x80002cdc (0x01622e33) slt     t3, tp, s6
core   0: 3 0x80002cdc (0x01622e33) x28 0x00000001
core   0: 0x80002ce0 (0x00c33bb3) sltu    s7, t1, a2
core   0: 3 0x80002ce0 (0x00c33bb3) x23 0x00000001
core   0: 0x80002ce4 (0x00585d13) srli    s10, a6, 5
core   0: 3 0x80002ce4 (0x00585d13) x26 0x00000000
core   0: 0x80002ce8 (0x40e6d293) srai    t0, a3, 14
core   0: 3 0x80002ce8 (0x40e6d293) x 5 0x00000000
core   0: 0x80002cec (0x007dc233) xor     tp, s11, t2
core   0: 3 0x80002cec (0x007dc233) x 4 0x80011f20
core   0: 0x80002cf0 (0x937a0313) addi    t1, s4, -1737
core   0: 3 0x80002cf0 (0x937a0313) x 6 0xfffff936
core   0: 0x80002cf4 (0x007b01b3) add     gp, s6, t2
core   0: 3 0x80002cf4 (0x007b01b3) x 3 0x80011e6b
core   0: 0x80002cf8 (0x003a0b33) add     s6, s4, gp
core   0: 3 0x80002cf8 (0x003a0b33) x22 0x80011e6a
core   0: 0x80002cfc (0xc583a213) slti    tp, t2, -936
core   0: 3 0x80002cfc (0xc583a213) x 4 0x00000001
core   0: 0x80002d00 (0x01c48433) add     s0, s1, t3
core   0: 3 0x80002d00 (0x01c48433) x 8 0x00000001
core   0: 0x80002d04 (0xc306aa13) slti    s4, a3, -976
core   0: 3 0x80002d04 (0xc306aa13) x20 0x00000000
core   0: 0x80002d08 (0x792ada97) auipc   s5, 0x792ad
core   0: 3 0x80002d08 (0x792ada97) x21 0xf92afd08
core   0: 0x80002d0c (0x00000013) nop
core   0: 3 0x80002d0c (0x00000013)
core   0: 0x80002d10 (0x99ffc593) xori    a1, t6, -1633
core   0: 3 0x80002d10 (0x99ffc593) x11 0xb97ae249
core   0: 0x80002d14 (0x01fb8833) add     a6, s7, t6
core   0: 3 0x80002d14 (0x01fb8833) x16 0x46851bd7
core   0: 0x80002d18 (0x013c1e13) slli    t3, s8, 19
core   0: 3 0x80002d18 (0x013c1e13) x28 0x20080000
core   0: 0x80002d1c (0x01368fb3) add     t6, a3, s3
core   0: 3 0x80002d1c (0x01368fb3) x31 0xb0fea1fe
core   0: 0x80002d20 (0xf214fa13) andi    s4, s1, -223
core   0: 3 0x80002d20 (0xf214fa13) x20 0x00000000
core   0: 0x80002d24 (0x00559193) slli    gp, a1, 5
core   0: 3 0x80002d24 (0x00559193) x 3 0x2f5c4920
core   0: 0x80002d28 (0x002252b3) srl     t0, tp, sp
core   0: 3 0x80002d28 (0x002252b3) x 5 0x00000000
core   0: 0x80002d2c (0x01c35093) srli    ra, t1, 28
core   0: 3 0x80002d2c (0x01c35093) x 1 0x0000000f
core   0: 0x80002d30 (0x8574ef13) ori     t5, s1, -1961
core   0: 3 0x80002d30 (0x8574ef13) x30 0xfffff857
core   0: 0x80002d34 (0x01c2f8b3) and     a7, t0, t3
core   0: 3 0x80002d34 (0x01c2f8b3) x17 0x00000000
core   0: 0x80002d38 (0x00ba3c33) sltu    s8, s4, a1
core   0: 3 0x80002d38 (0x00ba3c33) x24 0x00000001
core   0: 0x80002d3c (0x000c5c13) srli    s8, s8, 0
core   0: 3 0x80002d3c (0x000c5c13) x24 0x00000001
core   0: 0x80002d40 (0x9c4db193) sltiu   gp, s11, -1596
core   0: 3 0x80002d40 (0x9c4db193) x 3 0x00000001
core   0: 0x80002d44 (0x0116df93) srli    t6, a3, 17
core   0: 3 0x80002d44 (0x0116df93) x31 0x00000000
core   0: 0x80002d48 (0x0e9eb713) sltiu   a4, t4, 233
core   0: 3 0x80002d48 (0x0e9eb713) x14 0x00000001
core   0: 0x80002d4c (0x017681b3) add     gp, a3, s7
core   0: 3 0x80002d4c (0x017681b3) x 3 0x00000002
core   0: 0x80002d50 (0x00000013) nop
core   0: 3 0x80002d50 (0x00000013)
core   0: 0x80002d54 (0x9e50a593) slti    a1, ra, -1563
core   0: 3 0x80002d54 (0x9e50a593) x11 0x00000000
core   0: 0x80002d58 (0xbc846f13) ori     t5, s0, -1080
core   0: 3 0x80002d58 (0xbc846f13) x30 0xfffffbc9
core   0: 0x80002d5c (0xdce00537) lui     a0, 0xdce00
core   0: 3 0x80002d5c (0xdce00537) x10 0xdce00000
core   0: 0x80002d60 (0x015665b3) or      a1, a2, s5
core   0: 3 0x80002d60 (0x015665b3) x11 0xf92bfdec
core   0: 0x80002d64 (0x40530fb3) sub     t6, t1, t0
core   0: 3 0x80002d64 (0x40530fb3) x31 0xfffff936
core   0: 0x80002d68 (0x01629093) slli    ra, t0, 22
core   0: 3 0x80002d68 (0x01629093) x 1 0x00000000
core   0: 0x80002d6c (0x4126d933) sra     s2, a3, s2
core   0: 3 0x80002d6c (0x4126d933) x18 0x00000000
core   0: 0x80002d70 (0x4c023913) sltiu   s2, tp, 1216
core   0: 3 0x80002d70 (0x4c023913) x18 0x00000001
core   0: 0x80002d74 (0x0031dcb3) srl     s9, gp, gp
core   0: 3 0x80002d74 (0x0031dcb3) x25 0x00000000
core   0: 0x80002d78 (0xb88f3593) sltiu   a1, t5, -1144
core   0: 3 0x80002d78 (0xb88f3593) x11 0x00000000
core   0: 0x80002d7c (0xa2d2ab13) slti    s6, t0, -1491
core   0: 3 0x80002d7c (0xa2d2ab13) x22 0x00000000
core   0: 0x80002d80 (0xc5a7c713) xori    a4, a5, -934
core   0: 3 0x80002d80 (0xc5a7c713) x14 0x18512c85
core   0: 0x80002d84 (0x00ba9993) slli    s3, s5, 11
core   0: 3 0x80002d84 (0x00ba9993) x19 0x57e84000
core   0: 0x80002d88 (0x0159c6b3) xor     a3, s3, s5
core   0: 3 0x80002d88 (0x0159c6b3) x13 0xaec2bd08
core   0: 0x80002d8c (0x0028aa33) slt     s4, a7, sp
core   0: 3 0x80002d8c (0x0028aa33) x20 0x00000000
core   0: 0x80002d90 (0x6327bb37) lui     s6, 0x6327b
core   0: 3 0x80002d90 (0x6327bb37) x22 0x6327b000
core   0: 0x80002d94 (0x00d3d893) srli    a7, t2, 13
core   0: 3 0x80002d94 (0x00d3d893) x17 0x00040008
core   0: 0x80002d98 (0x40565a33) sra     s4, a2, t0
core   0: 3 0x80002d98 (0x40565a33) x20 0x80015ce4
core   0: 0x80002d9c (0xc9f4ea93) ori     s5, s1, -865
core   0: 3 0x80002d9c (0xc9f4ea93) x21 0xfffffc9f
core   0: 0x80002da0 (0x00e13e33) sltu    t3, sp, a4
core   0: 3 0x80002da0 (0x00e13e33) x28 0x00000000
core   0: 0x80002da4 (0x2d04e113) ori     sp, s1, 720
core   0: 3 0x80002da4 (0x2d04e113) x 2 0x000002d0
core   0: 0x80002da8 (0x31e3fb93) andi    s7, t2, 798
core   0: 3 0x80002da8 (0x31e3fb93) x23 0x00000204
core   0: 0x80002dac (0x00a06f33) or      t5, zero, a0
core   0: 3 0x80002dac (0x00a06f33) x30 0xdce00000
core   0: 0x80002db0 (0x0143b933) sltu    s2, t2, s4
core   0: 3 0x80002db0 (0x0143b933) x18 0x00000001
core   0: 0x80002db4 (0x414a8833) sub     a6, s5, s4
core   0: 3 0x80002db4 (0x414a8833) x16 0x7ffe9fbb
core   0: 0x80002db8 (0x8d2941b7) lui     gp, 0x8d294
core   0: 3 0x80002db8 (0x8d2941b7) x 3 0x8d294000
core   0: 0x80002dbc (0x00e02033) slt     zero, zero, a4
core   0: 3 0x80002dbc (0x00e02033)
core   0: 0x80002dc0 (0x40f9d093) srai    ra, s3, 15
core   0: 3 0x80002dc0 (0x40f9d093) x 1 0x0000afd0
core   0: 0x80002dc4 (0x00000013) nop
core   0: 3 0x80002dc4 (0x00000013)
core   0: 0x80002dc8 (0x41975fb3) sra     t6, a4, s9
core   0: 3 0x80002dc8 (0x41975fb3) x31 0x18512c85
core   0: 0x80002dcc (0x40745d13) srai    s10, s0, 7
core   0: 3 0x80002dcc (0x40745d13) x26 0x00000000
core   0: 0x80002dd0 (0x08867a13) andi    s4, a2, 136
core   0: 3 0x80002dd0 (0x08867a13) x20 0x00000080
core   0: 0x80002dd4 (0x8354b893) sltiu   a7, s1, -1995
core   0: 3 0x80002dd4 (0x8354b893) x17 0x00000001
core   0: 0x80002dd8 (0x00f1cf33) xor     t5, gp, a5
core   0: 3 0x80002dd8 (0x00f1cf33) x30 0x6a8790df
core   0: 0x80002ddc (0x00f41513) slli    a0, s0, 15
core   0: 3 0x80002ddc (0x00f41513) x10 0x00008000
core   0: 0x80002de0 (0xa0d02d13) slti    s10, zero, -1523
core   0: 3 0x80002de0 (0xa0d02d13) x26 0x00000000
core   0: 0x80002de4 (0x00e36333) or      t1, t1, a4
core   0: 3 0x80002de4 (0x00e36333) x 6 0xfffffdb7
core   0: 0x80002de8 (0xcae18db7) lui     s11, 0xcae18
core   0: 3 0x80002de8 (0xcae18db7) x27 0xcae18000
core   0: 0x80002dec (0x41d9d413) srai    s0, s3, 29
core   0: 3 0x80002dec (0x41d9d413) x 8 0x00000002
core   0: 0x80002df0 (0x9c138b97) auipc   s7, 0x9c138
core   0: 3 0x80002df0 (0x9c138b97) x23 0x1c13adf0
core   0: 0x80002df4 (0x00263e33) sltu    t3, a2, sp
core   0: 3 0x80002df4 (0x00263e33) x28 0x00000000
core   0: 0x80002df8 (0x1b9ced93) ori     s11, s9, 441
core   0: 3 0x80002df8 (0x1b9ced93) x27 0x000001b9
core   0: 0x80002dfc (0xa2c20593) addi    a1, tp, -1492
core   0: 3 0x80002dfc (0xa2c20593) x11 0xfffffa2d
core   0: 0x80002e00 (0x016955b3) srl     a1, s2, s6
core   0: 3 0x80002e00 (0x016955b3) x11 0x00000001
core   0: 0x80002e04 (0x011c2133) slt     sp, s8, a7
core   0: 3 0x80002e04 (0x011c2133) x 2 0x00000000
core   0: 0x80002e08 (0x403451b3) sra     gp, s0, gp
core   0: 3 0x80002e08 (0x403451b3) x 3 0x00000002
core   0: 0x80002e0c (0xcd71bab7) lui     s5, 0xcd71b
core   0: 3 0x80002e0c (0xcd71bab7) x21 0xcd71b000
core   0: 0x80002e10 (0x01c2a433) slt     s0, t0, t3
core   0: 3 0x80002e10 (0x01c2a433) x 8 0x00000000
core   0: 0x80002e14 (0x00000013) nop
core   0: 3 0x80002e14 (0x00000013)
core   0: 0x80002e18 (0x74216913) ori     s2, sp, 1858
core   0: 3 0x80002e18 (0x74216913) x18 0x00000742
core   0: 0x80002e1c (0x0173d413) srli    s0, t2, 23
core   0: 3 0x80002e1c (0x0173d413) x 8 0x00000100
core   0: 0x80002e20 (0x40465333) sra     t1, a2, tp
core   0: 3 0x80002e20 (0x40465333) x 6 0xc000ae72
core   0: 0x80002e24 (0x00000013) nop
core   0: 3 0x80002e24 (0x00000013)
core   0: 0x80002e28 (0xe27e6a93) ori     s5, t3, -473
core   0: 3 0x80002e28 (0xe27e6a93) x21 0xfffffe27
core   0: 0x80002e2c (0x00918c33) add     s8, gp, s1
core   0: 3 0x80002e2c (0x00918c33) x24 0x00000002
core   0: 0x80002e30 (0x334cab93) slti    s7, s9, 820
core   0: 3 0x80002e30 (0x334cab93) x23 0x00000001
core   0: 0x80002e34 (0x30ec6a93) ori     s5, s8, 782
core   0: 3 0x80002e34 (0x30ec6a93) x21 0x0000030e
core   0: 0x80002e38 (0x01552a33) slt     s4, a0, s5
core   0: 3 0x80002e38 (0x01552a33) x20 0x00000000
core   0: 0x80002e3c (0x40ffd413) srai    s0, t6, 15
core   0: 3 0x80002e3c (0x40ffd413) x 8 0x000030a2
core   0: 0x80002e40 (0x00000013) nop
core   0: 3 0x80002e40 (0x00000013)
core   0: 0x80002e44 (0x01f88fb3) add     t6, a7, t6
core   0: 3 0x80002e44 (0x01f88fb3) x31 0x18512c86
core   0: 0x80002e48 (0x40505113) srai    sp, zero, 5
core   0: 3 0x80002e48 (0x40505113) x 2 0x00000000
core   0: 0x80002e4c (0x00f446b3) xor     a3, s0, a5
core   0: 3 0x80002e4c (0x00f446b3) x13 0xe7aee07d
core   0: 0x80002e50 (0xc4b66013) ori     zero, a2, -949
core   0: 3 0x80002e50 (0xc4b66013)
core   0: 0x80002e54 (0x9aff2513) slti    a0, t5, -1617
core   0: 3 0x80002e54 (0x9aff2513) x10 0x00000000
core   0: 0x80002e58 (0x411cd313) srai    t1, s9, 17
core   0: 3 0x80002e58 (0x411cd313) x 6 0x00000000
core   0: 0x80002e5c (0x00735c13) srli    s8, t1, 7
core   0: 3 0x80002e5c (0x00735c13) x24 0x00000000
core   0: 0x80002e60 (0xa8a0c493) xori    s1, ra, -1398
core   0: 3 0x80002e60 (0xa8a0c493) x 9 0xffff555a
core   0: 0x80002e64 (0x51386513) ori     a0, a6, 1299
core   0: 3 0x80002e64 (0x51386513) x10 0x7ffe9fbb
core   0: 0x80002e68 (0x41f8d893) srai    a7, a7, 31
core   0: 3 0x80002e68 (0x41f8d893) x17 0x00000000
core   0: 0x80002e6c (0x6a723193) sltiu   gp, tp, 1703
core   0: 3 0x80002e6c (0x6a723193) x 3 0x00000001
core   0: 0x80002e70 (0x56ff1317) auipc   t1, 0x56ff1
core   0: 3 0x80002e70 (0x56ff1317) x 6 0xd6ff3e70
core   0: 0x80002e74 (0x01e7bfb3) sltu    t6, a5, t5
core   0: 3 0x80002e74 (0x01e7bfb3) x31 0x00000000
core   0: 0x80002e78 (0xed528d97) auipc   s11, 0xed528
core   0: 3 0x80002e78 (0xed528d97) x27 0x6d52ae78
core   0: 0x80002e7c (0xf2a766b7) lui     a3, 0xf2a76
core   0: 3 0x80002e7c (0xf2a766b7) x13 0xf2a76000
core   0: 0x80002e80 (0x41070e33) sub     t3, a4, a6
core   0: 3 0x80002e80 (0x41070e33) x28 0x98528cca
core   0: 0x80002e84 (0x017a20b3) slt     ra, s4, s7
core   0: 3 0x80002e84 (0x017a20b3) x 1 0x00000001
core   0: 0x80002e88 (0x41205cb3) sra     s9, zero, s2
core   0: 3 0x80002e88 (0x41205cb3) x25 0x00000000
core   0: 0x80002e8c (0x9741b993) sltiu   s3, gp, -1676
core   0: 3 0x80002e8c (0x9741b993) x19 0x00000001
core   0: 0x80002e90 (0x072a4db7) lui     s11, 0x72a4
core   0: 3 0x80002e90 (0x072a4db7) x27 0x072a4000
core   0: 0x80002e94 (0x004d8e33) add     t3, s11, tp
core   0: 3 0x80002e94 (0x004d8e33) x28 0x072a4001
core   0: 0x80002e98 (0x146ca313) slti    t1, s9, 326
core   0: 3 0x80002e98 (0x146ca313) x 6 0x00000001
core   0: 0x80002e9c (0x42f20693) addi    a3, tp, 1071
core   0: 3 0x80002e9c (0x42f20693) x13 0x00000430
core   0: 0x80002ea0 (0x412255b3) sra     a1, tp, s2
core   0: 3 0x80002ea0 (0x412255b3) x11 0x00000000
core   0: 0x80002ea4 (0x01ead333) srl     t1, s5, t5
core   0: 3 0x80002ea4 (0x01ead333) x 6 0x00000000
core   0: 0x80002ea8 (0x409e5fb3) sra     t6, t3, s1
core   0: 3 0x80002ea8 (0x409e5fb3) x31 0x00000001
core   0: 0x80002eac (0xd8748417) auipc   s0, 0xd8748
core   0: 3 0x80002eac (0xd8748417) x 8 0x5874aeac
core   0: 0x80002eb0 (0xa6323713) sltiu   a4, tp, -1437
core   0: 3 0x80002eb0 (0xa6323713) x14 0x00000001
core   0: 0x80002eb4 (0x42f18f93) addi    t6, gp, 1071
core   0: 3 0x80002eb4 (0x42f18f93) x31 0x00000430
core   0: 0x80002eb8 (0x00cfd533) srl     a0, t6, a2
core   0: 3 0x80002eb8 (0x00cfd533) x10 0x00000043
core   0: 0x80002ebc (0x40e95013) srai    zero, s2, 14
core   0: 3 0x80002ebc (0x40e95013)
core   0: 0x80002ec0 (0x00361b93) slli    s7, a2, 3
core   0: 3 0x80002ec0 (0x00361b93) x23 0x000ae720
core   0: 0x80002ec4 (0x6bf39bb7) lui     s7, 0x6bf39
core   0: 3 0x80002ec4 (0x6bf39bb7) x23 0x6bf39000
core   0: 0x80002ec8 (0x0128d6b3) srl     a3, a7, s2
core   0: 3 0x80002ec8 (0x0128d6b3) x13 0x00000000
core   0: 0x80002ecc (0x010405b3) add     a1, s0, a6
core   0: 3 0x80002ecc (0x010405b3) x11 0xd8734e67
core   0: 0x80002ed0 (0x000b0c33) add     s8, s6, zero
core   0: 3 0x80002ed0 (0x000b0c33) x24 0x6327b000
core   0: 0x80002ed4 (0xfe5c6e93) ori     t4, s8, -27
core   0: 3 0x80002ed4 (0xfe5c6e93) x29 0xffffffe5
core   0: 0x80002ed8 (0x417f0db3) sub     s11, t5, s7
core   0: 3 0x80002ed8 (0x417f0db3) x27 0xfe9400df
core   0: 0x80002edc (0x00531033) sll     zero, t1, t0
core   0: 3 0x80002edc (0x00531033)
core   0: 0x80002ee0 (0xa76a7b93) andi    s7, s4, -1418
core   0: 3 0x80002ee0 (0xa76a7b93) x23 0x00000000
core   0: 0x80002ee4 (0x007aee33) or      t3, s5, t2
core   0: 3 0x80002ee4 (0x007aee33) x28 0x80011f6e
core   0: 0x80002ee8 (0x40ab5e93) srai    t4, s6, 10
core   0: 3 0x80002ee8 (0x40ab5e93) x29 0x0018c9ec
core   0: 0x80002eec (0xb314a093) slti    ra, s1, -1231
core   0: 3 0x80002eec (0xb314a093) x 1 0x00000001
core   0: 0x80002ef0 (0x01fa16b3) sll     a3, s4, t6
core   0: 3 0x80002ef0 (0x01fa16b3) x13 0x00000000
core   0: 0x80002ef4 (0x8e2cb213) sltiu   tp, s9, -1822
core   0: 3 0x80002ef4 (0x8e2cb213) x 4 0x00000001
core   0: 0x80002ef8 (0x00000013) nop
core   0: 3 0x80002ef8 (0x00000013)
core   0: 0x80002efc (0x410e50b3) sra     ra, t3, a6
core   0: 3 0x80002efc (0x410e50b3) x 1 0xfffffff0
core   0: 0x80002f00 (0xe668ca13) xori    s4, a7, -410
core   0: 3 0x80002f00 (0xe668ca13) x20 0xfffffe66
core   0: 0x80002f04 (0x00ef5b33) srl     s6, t5, a4
core   0: 3 0x80002f04 (0x00ef5b33) x22 0x3543c86f
core   0: 0x80002f08 (0x00905cb3) srl     s9, zero, s1
core   0: 3 0x80002f08 (0x00905cb3) x25 0x00000000
core   0: 0x80002f0c (0x6e546537) lui     a0, 0x6e546
core   0: 3 0x80002f0c (0x6e546537) x10 0x6e546000
core   0: 0x80002f10 (0x68f9a017) auipc   zero, 0x68f9a
core   0: 3 0x80002f10 (0x68f9a017)
core   0: 0x80002f14 (0x019f0a33) add     s4, t5, s9
core   0: 3 0x80002f14 (0x019f0a33) x20 0x6a8790df
core   0: 0x80002f18 (0x018926b3) slt     a3, s2, s8
core   0: 3 0x80002f18 (0x018926b3) x13 0x00000001
core   0: 0x80002f1c (0x010944b3) xor     s1, s2, a6
core   0: 3 0x80002f1c (0x010944b3) x 9 0x7ffe98f9
core   0: 0x80002f20 (0x41215493) srai    s1, sp, 18
core   0: 3 0x80002f20 (0x41215493) x 9 0x00000000
core   0: 0x80002f24 (0x41bf5733) sra     a4, t5, s11
core   0: 3 0x80002f24 (0x41bf5733) x14 0x00000000
core   0: 0x80002f28 (0x6e300893) li      a7, 1763
core   0: 3 0x80002f28 (0x6e300893) x17 0x000006e3
core   0: 0x80002f2c (0xb3520d93) addi    s11, tp, -1227
core   0: 3 0x80002f2c (0xb3520d93) x27 0xfffffb36
core   0: 0x80002f30 (0x405f8c33) sub     s8, t6, t0
core   0: 3 0x80002f30 (0x405f8c33) x24 0x00000430
core   0: 0x80002f34 (0x01ea0433) add     s0, s4, t5
core   0: 3 0x80002f34 (0x01ea0433) x 8 0xd50f21be
core   0: 0x80002f38 (0x41e95333) sra     t1, s2, t5
core   0: 3 0x80002f38 (0x41e95333) x 6 0x00000000
core   0: 0x80002f3c (0x00000013) nop
core   0: 3 0x80002f3c (0x00000013)
core   0: 0x80002f40 (0xbbd5ef93) ori     t6, a1, -1091
core   0: 3 0x80002f40 (0xbbd5ef93) x31 0xffffffff
core   0: 0x80002f44 (0x37cb8593) addi    a1, s7, 892
core   0: 3 0x80002f44 (0x37cb8593) x11 0x0000037c
core   0: 0x80002f48 (0x435845b7) lui     a1, 0x43584
core   0: 3 0x80002f48 (0x435845b7) x11 0x43584000
core   0: 0x80002f4c (0xe55e7c13) andi    s8, t3, -427
core   0: 3 0x80002f4c (0xe55e7c13) x24 0x80011e44
core   0: 0x80002f50 (0xc3a14713) xori    a4, sp, -966
core   0: 3 0x80002f50 (0xc3a14713) x14 0xfffffc3a
core   0: 0x80002f54 (0x0148a0b3) slt     ra, a7, s4
core   0: 3 0x80002f54 (0x0148a0b3) x 1 0x00000001
core   0: 0x80002f58 (0x016664b3) or      s1, a2, s6
core   0: 3 0x80002f58 (0x016664b3) x 9 0xb543dcef
core   0: 0x80002f5c (0x72c7f217) auipc   tp, 0x72c7f
core   0: 3 0x80002f5c (0x72c7f217) x 4 0xf2c81f5c
core   0: 0x80002f60 (0xf1b58d13) addi    s10, a1, -229
core   0: 3 0x80002f60 (0xf1b58d13) x26 0x43583f1b
core   0: 0x80002f64 (0x006f99b3) sll     s3, t6, t1
core   0: 3 0x80002f64 (0x006f99b3) x19 0xffffffff
core   0: 0x80002f68 (0x01ac6233) or      tp, s8, s10
core   0: 3 0x80002f68 (0x01ac6233) x 4 0xc3593f5f
core   0: 0x80002f6c (0x01a71ab3) sll     s5, a4, s10
core   0: 3 0x80002f6c (0x01a71ab3) x21 0xd0000000
core   0: 0x80002f70 (0x008f48b3) xor     a7, t5, s0
core   0: 3 0x80002f70 (0x008f48b3) x17 0xbf88b161
core   0: 0x80002f74 (0x2f2b2193) slti    gp, s6, 754
core   0: 3 0x80002f74 (0x2f2b2193) x 3 0x00000000
core   0: 0x80002f78 (0xe9f3c893) xori    a7, t2, -353
core   0: 3 0x80002f78 (0xe9f3c893) x17 0x7ffee0fb
core   0: 0x80002f7c (0x004cd333) srl     t1, s9, tp
core   0: 3 0x80002f7c (0x004cd333) x 6 0x00000000
core   0: 0x80002f80 (0x0076c6b3) xor     a3, a3, t2
core   0: 3 0x80002f80 (0x0076c6b3) x13 0x80011e65
core   0: 0x80002f84 (0x00000013) nop
core   0: 3 0x80002f84 (0x00000013)
core   0: 0x80002f88 (0x003bc2b3) xor     t0, s7, gp
core   0: 3 0x80002f88 (0x003bc2b3) x 5 0x00000000
core   0: 0x80002f8c (0x9e185297) auipc   t0, 0x9e185
core   0: 3 0x80002f8c (0x9e185297) x 5 0x1e187f8c
core   0: 0x80002f90 (0xc356eb37) lui     s6, 0xc356e
core   0: 3 0x80002f90 (0xc356eb37) x22 0xc356e000
core   0: 0x80002f94 (0x00fc1f93) slli    t6, s8, 15
core   0: 3 0x80002f94 (0x00fc1f93) x31 0x8f220000
core   0: 0x80002f98 (0xea9bc317) auipc   t1, 0xea9bc
core   0: 3 0x80002f98 (0xea9bc317) x 6 0x6a9bef98
core   0: 0x80002f9c (0x01524fb3) xor     t6, tp, s5
core   0: 3 0x80002f9c (0x01524fb3) x31 0x13593f5f
core   0: 0x80002fa0 (0x01f1cd33) xor     s10, gp, t6
core   0: 3 0x80002fa0 (0x01f1cd33) x26 0x13593f5f
core   0: 0x80002fa4 (0x407e09b3) sub     s3, t3, t2
core   0: 3 0x80002fa4 (0x407e09b3) x19 0x0000010a
core   0: 0x80002fa8 (0xb9b0a697) auipc   a3, 0xb9b0a
core   0: 3 0x80002fa8 (0xb9b0a697) x13 0x39b0cfa8
core   0: 0x80002fac (0xba316917) auipc   s2, 0xba316
core   0: 3 0x80002fac (0xba316917) x18 0x3a318fac
core   0: 0x80002fb0 (0x0035fd33) and     s10, a1, gp
core   0: 3 0x80002fb0 (0x0035fd33) x26 0x00000000
core   0: 0x80002fb4 (0x786cbd93) sltiu   s11, s9, 1926
core   0: 3 0x80002fb4 (0x786cbd93) x27 0x00000001
core   0: 0x80002fb8 (0x01d616b3) sll     a3, a2, t4
core   0: 3 0x80002fb8 (0x01d616b3) x13 0x15ce4000
core   0: 0x80002fbc (0x01af2433) slt     s0, t5, s10
core   0: 3 0x80002fbc (0x01af2433) x 8 0x00000000
core   0: 0x80002fc0 (0x014a9b33) sll     s6, s5, s4
core   0: 3 0x80002fc0 (0x014a9b33) x22 0x00000000
core   0: 0x80002fc4 (0x00000013) nop
core   0: 3 0x80002fc4 (0x00000013)
core   0: 0x80002fc8 (0x00e29cb3) sll     s9, t0, a4
core   0: 3 0x80002fc8 (0x00e29cb3) x25 0x30000000
core   0: 0x80002fcc (0x40915f33) sra     t5, sp, s1
core   0: 3 0x80002fcc (0x40915f33) x30 0x00000000
core   0: 0x80002fd0 (0x1ecdec13) ori     s8, s11, 492
core   0: 3 0x80002fd0 (0x1ecdec13) x24 0x000001ed
core   0: 0x80002fd4 (0x94746c93) ori     s9, s0, -1721
core   0: 3 0x80002fd4 (0x94746c93) x25 0xfffff947
core   0: 0x80002fd8 (0xc3813f37) lui     t5, 0xc3813
core   0: 3 0x80002fd8 (0xc3813f37) x30 0xc3813000
core   0: 0x80002fdc (0xe5fc0313) addi    t1, s8, -417
core   0: 3 0x80002fdc (0xe5fc0313) x 6 0x0000004c
core   0: 0x80002fe0 (0x01cd8133) add     sp, s11, t3
core   0: 3 0x80002fe0 (0x01cd8133) x 2 0x80011f6f
core   0: 0x80002fe4 (0x11b5bb93) sltiu   s7, a1, 283
core   0: 3 0x80002fe4 (0x11b5bb93) x23 0x00000000
core   0: 0x80002fe8 (0x01a2a4b3) slt     s1, t0, s10
core   0: 3 0x80002fe8 (0x01a2a4b3) x 9 0x00000000
core   0: 0x80002fec (0xaf9be513) ori     a0, s7, -1287
core   0: 3 0x80002fec (0xaf9be513) x10 0xfffffaf9
core   0: 0x80002ff0 (0x008afbb3) and     s7, s5, s0
core   0: 3 0x80002ff0 (0x008afbb3) x23 0x00000000
core   0: 0x80002ff4 (0xa20a2017) auipc   zero, 0xa20a2
core   0: 3 0x80002ff4 (0xa20a2017)
core   0: 0x80002ff8 (0x00ae48b3) xor     a7, t3, a0
core   0: 3 0x80002ff8 (0x00ae48b3) x17 0x7ffee597
core   0: 0x80002ffc (0x001d9893) slli    a7, s11, 1
core   0: 3 0x80002ffc (0x001d9893) x17 0x00000002
core   0: 0x80003000 (0x01b230b3) sltu    ra, tp, s11
core   0: 3 0x80003000 (0x01b230b3) x 1 0x00000000
core   0: 0x80003004 (0xa1855e97) auipc   t4, 0xa1855
core   0: 3 0x80003004 (0xa1855e97) x29 0x21858004
core   0: 0x80003008 (0x06932717) auipc   a4, 0x6932
core   0: 3 0x80003008 (0x06932717) x14 0x86935008
core   0: 0x8000300c (0x00ebd133) srl     sp, s7, a4
core   0: 3 0x8000300c (0x00ebd133) x 2 0x00000000
core   0: 0x80003010 (0x001eca33) xor     s4, t4, ra
core   0: 3 0x80003010 (0x001eca33) x20 0x21858004
core   0: 0x80003014 (0x6801f313) andi    t1, gp, 1664
core   0: 3 0x80003014 (0x6801f313) x 6 0x00000000
core   0: 0x80003018 (0x0145f2b3) and     t0, a1, s4
core   0: 3 0x80003018 (0x0145f2b3) x 5 0x01000000
core   0: 0x8000301c (0x00000013) nop
core   0: 3 0x8000301c (0x00000013)
core   0: 0x80003020 (0x40fdd513) srai    a0, s11, 15
core   0: 3 0x80003020 (0x40fdd513) x10 0x00000000
core   0: 0x80003024 (0x00b0e833) or      a6, ra, a1
core   0: 3 0x80003024 (0x00b0e833) x16 0x43584000
core   0: 0x80003028 (0x00e759b3) srl     s3, a4, a4
core   0: 3 0x80003028 (0x00e759b3) x19 0x00869350
core   0: 0x8000302c (0x0117ef33) or      t5, a5, a7
core   0: 3 0x8000302c (0x0117ef33) x30 0xe7aed0df
core   0: 0x80003030 (0x1c196c93) ori     s9, s2, 449
core   0: 3 0x80003030 (0x1c196c93) x25 0x3a318fed
core   0: 0x80003034 (0x40245f13) srai    t5, s0, 2
core   0: 3 0x80003034 (0x40245f13) x30 0x00000000
core   0: 0x80003038 (0x37243113) sltiu   sp, s0, 882
core   0: 3 0x80003038 (0x37243113) x 2 0x00000001
core   0: 0x8000303c (0x00c85993) srli    s3, a6, 12
core   0: 3 0x8000303c (0x00c85993) x19 0x00043584
core   0: 0x80003040 (0x787bc593) xori    a1, s7, 1927
core   0: 3 0x80003040 (0x787bc593) x11 0x00000787
core   0: 0x80003044 (0x27f4b337) lui     t1, 0x27f4b
core   0: 3 0x80003044 (0x27f4b337) x 6 0x27f4b000
core   0: 0x80003048 (0xdfb63713) sltiu   a4, a2, -517
core   0: 3 0x80003048 (0xdfb63713) x14 0x00000001
core   0: 0x8000304c (0x411f5333) sra     t1, t5, a7
core   0: 3 0x8000304c (0x411f5333) x 6 0x00000000
core   0: 0x80003050 (0x019c8333) add     t1, s9, s9
core   0: 3 0x80003050 (0x019c8333) x 6 0x74631fda
core   0: 0x80003054 (0x410b52b3) sra     t0, s6, a6
core   0: 3 0x80003054 (0x410b52b3) x 5 0x00000000
core   0: 0x80003058 (0x01016ab3) or      s5, sp, a6
core   0: 3 0x80003058 (0x01016ab3) x21 0x43584001
core   0: 0x8000305c (0x407f8fb3) sub     t6, t6, t2
core   0: 3 0x8000305c (0x407f8fb3) x31 0x935820fb
core   0: 0x80003060 (0x011c1e93) slli    t4, s8, 17
core   0: 3 0x80003060 (0x011c1e93) x29 0x03da0000
core   0: 0x80003064 (0x4169d1b3) sra     gp, s3, s6
core   0: 3 0x80003064 (0x4169d1b3) x 3 0x00043584
core   0: 0x80003068 (0x00335133) srl     sp, t1, gp
core   0: 3 0x80003068 (0x00335133) x 2 0x074631fd
core   0: 0x8000306c (0x01be9d13) slli    s10, t4, 27
core   0: 3 0x8000306c (0x01be9d13) x26 0x00000000
core   0: 0x80003070 (0x511cb713) sltiu   a4, s9, 1297
core   0: 3 0x80003070 (0x511cb713) x14 0x00000000
core   0: 0x80003074 (0x14791ab7) lui     s5, 0x14791
core   0: 3 0x80003074 (0x14791ab7) x21 0x14791000
core   0: 0x80003078 (0x00841013) slli    zero, s0, 8
core   0: 3 0x80003078 (0x00841013)
core   0: 0x8000307c (0x3be96d13) ori     s10, s2, 958
core   0: 3 0x8000307c (0x3be96d13) x26 0x3a318fbe
core   0: 0x80003080 (0xd2ebcd93) xori    s11, s7, -722
core   0: 3 0x80003080 (0xd2ebcd93) x27 0xfffffd2e
core   0: 0x80003084 (0x9a53ae13) slti    t3, t2, -1627
core   0: 3 0x80003084 (0x9a53ae13) x28 0x00000001
core   0: 0x80003088 (0x0136b033) sltu    zero, a3, s3
core   0: 3 0x80003088 (0x0136b033)
core   0: 0x8000308c (0x60040493) addi    s1, s0, 1536
core   0: 3 0x8000308c (0x60040493) x 9 0x00000600
core   0: 0x80003090 (0x416fd733) sra     a4, t6, s6
core   0: 3 0x80003090 (0x416fd733) x14 0x935820fb
core   0: 0x80003094 (0x0181c833) xor     a6, gp, s8
core   0: 3 0x80003094 (0x0181c833) x16 0x00043469
core   0: 0x80003098 (0x36450a13) addi    s4, a0, 868
core   0: 3 0x80003098 (0x36450a13) x20 0x00000364
core   0: 0x8000309c (0x0161df13) srli    t5, gp, 22
core   0: 3 0x8000309c (0x0161df13) x30 0x00000000
core   0: 0x800030a0 (0x01a51733) sll     a4, a0, s10
core   0: 3 0x800030a0 (0x01a51733) x14 0x00000000
core   0: 0x800030a4 (0x41a6ddb3) sra     s11, a3, s10
core   0: 3 0x800030a4 (0x41a6ddb3) x27 0x00000000
core   0: 0x800030a8 (0x63684113) xori    sp, a6, 1590
core   0: 3 0x800030a8 (0x63684113) x 2 0x0004325f
core   0: 0x800030ac (0x01a43433) sltu    s0, s0, s10
core   0: 3 0x800030ac (0x01a43433) x 8 0x00000001
core   0: 0x800030b0 (0x20cbc313) xori    t1, s7, 524
core   0: 3 0x800030b0 (0x20cbc313) x 6 0x0000020c
core   0: 0x800030b4 (0x41a55013) srai    zero, a0, 26
core   0: 3 0x800030b4 (0x41a55013)
core   0: 0x800030b8 (0xfff00493) li      s1, -1
core   0: 3 0x800030b8 (0xfff00493) x 9 0xffffffff
core   0: 0x800030bc (0x00000693) li      a3, 0
core   0: 3 0x800030bc (0x00000693) x13 0x00000000
core   0: 0x800030c0 (0xfff00713) li      a4, -1
core   0: 3 0x800030c0 (0xfff00713) x14 0xffffffff
core   0: 0x800030c4 (0x98ced9b7) lui     s3, 0x98ced
core   0: 3 0x800030c4 (0x98ced9b7) x19 0x98ced000
core   0: 0x800030c8 (0xed298993) addi    s3, s3, -302
core   0: 3 0x800030c8 (0xed298993) x19 0x98ceced2
core   0: 0x800030cc (0x00000a93) li      s5, 0
core   0: 3 0x800030cc (0x00000a93) x21 0x00000000
core   0: 0x800030d0 (0x80000137) lui     sp, 0x80000
core   0: 3 0x800030d0 (0x80000137) x 2 0x80000000
core   0: 0x800030d4 (0x80000d37) lui     s10, 0x80000
core   0: 3 0x800030d4 (0x80000d37) x26 0x80000000
core   0: 0x800030d8 (0x4f4ad1b7) lui     gp, 0x4f4ad
core   0: 3 0x800030d8 (0x4f4ad1b7) x 3 0x4f4ad000
core   0: 0x800030dc (0x09f18193) addi    gp, gp, 159
core   0: 3 0x800030dc (0x09f18193) x 3 0x4f4ad09f
core   0: 0x800030e0 (0x00000b93) li      s7, 0
core   0: 3 0x800030e0 (0x00000b93) x23 0x00000000
core   0: 0x800030e4 (0x80000a37) lui     s4, 0x80000
core   0: 3 0x800030e4 (0x80000a37) x20 0x80000000
core   0: 0x800030e8 (0x548a0993) addi    s3, s4, 1352
core   0: 3 0x800030e8 (0x548a0993) x19 0x80000548
core   0: 0x800030ec (0x00000013) nop
core   0: 3 0x800030ec (0x00000013)
core   0: 0x800030f0 (0x4e348b93) addi    s7, s1, 1251
core   0: 3 0x800030f0 (0x4e348b93) x23 0x000004e2
core   0: 0x800030f4 (0x531eaa97) auipc   s5, 0x531ea
core   0: 3 0x800030f4 (0x531eaa97) x21 0xd31ed0f4
core   0: 0x800030f8 (0x00000013) nop
core   0: 3 0x800030f8 (0x00000013)
core   0: 0x800030fc (0x00000013) nop
core   0: 3 0x800030fc (0x00000013)
core   0: 0x80003100 (0x26a1a4b7) lui     s1, 0x26a1a
core   0: 3 0x80003100 (0x26a1a4b7) x 9 0x26a1a000
core   0: 0x80003104 (0xae567d17) auipc   s10, 0xae567
core   0: 3 0x80003104 (0xae567d17) x26 0x2e56a104
core   0: 0x80003108 (0x5739eb97) auipc   s7, 0x5739e
core   0: 3 0x80003108 (0x5739eb97) x23 0xd73a1108
core   0: 0x8000310c (0x00298133) add     sp, s3, sp
core   0: 3 0x8000310c (0x00298133) x 2 0x00000548
core   0: 0x80003110 (0x00000013) nop
core   0: 3 0x80003110 (0x00000013)
core   0: 0x80003114 (0x40998d33) sub     s10, s3, s1
core   0: 3 0x80003114 (0x40998d33) x26 0x595e6548
core   0: 0x80003118 (0x47ed0693) addi    a3, s10, 1150
core   0: 3 0x80003118 (0x47ed0693) x13 0x595e69c6
core   0: 0x8000311c (0x75fa0193) addi    gp, s4, 1887
core   0: 3 0x8000311c (0x75fa0193) x 3 0x8000075f
core   0: 0x80003120 (0x413d04b3) sub     s1, s10, s3
core   0: 3 0x80003120 (0x413d04b3) x 9 0xd95e6000
core   0: 0x80003124 (0x17e66737) lui     a4, 0x17e66
core   0: 3 0x80003124 (0x17e66737) x14 0x17e66000
core   0: 0x80003128 (0x415a8d33) sub     s10, s5, s5
core   0: 3 0x80003128 (0x415a8d33) x26 0x00000000
core   0: 0x8000312c (0x40218a33) sub     s4, gp, sp
core   0: 3 0x8000312c (0x40218a33) x20 0x80000217
core   0: 0x80003130 (0x1acc3117) auipc   sp, 0x1acc3
core   0: 3 0x80003130 (0x1acc3117) x 2 0x9acc6130
core   0: 0x80003134 (0x43fea997) auipc   s3, 0x43fea
core   0: 3 0x80003134 (0x43fea997) x19 0xc3fed134
core   0: 0x80003138 (0x403a8733) sub     a4, s5, gp
core   0: 3 0x80003138 (0x403a8733) x14 0x531ec995
core   0: 0x8000313c (0x41a68a33) sub     s4, a3, s10
core   0: 3 0x8000313c (0x41a68a33) x20 0x595e69c6
core   0: 0x80003140 (0x002c10b3) sll     ra, s8, sp
core   0: 3 0x80003140 (0x002c10b3) x 1 0x01ed0000
core   0: 0x80003144 (0x80dde813) ori     a6, s11, -2035
core   0: 3 0x80003144 (0x80dde813) x16 0xfffff80d
core   0: 0x80003148 (0x011d4db3) xor     s11, s10, a7
core   0: 3 0x80003148 (0x011d4db3) x27 0x00000002
core   0: 0x8000314c (0xb3c63193) sltiu   gp, a2, -1220
core   0: 3 0x8000314c (0xb3c63193) x 3 0x00000001
core   0: 0x80003150 (0x41288533) sub     a0, a7, s2
core   0: 3 0x80003150 (0x41288533) x10 0xc5ce7056
core   0: 0x80003154 (0x00f01193) slli    gp, zero, 15
core   0: 3 0x80003154 (0x00f01193) x 3 0x00000000
core   0: 0x80003158 (0x01cb5413) srli    s0, s6, 28
core   0: 3 0x80003158 (0x01cb5413) x 8 0x00000000
core   0: 0x8000315c (0x417c0333) sub     t1, s8, s7
core   0: 3 0x8000315c (0x417c0333) x 6 0x28c5f0e5
core   0: 0x80003160 (0x410eddb3) sra     s11, t4, a6
core   0: 3 0x80003160 (0x410eddb3) x27 0x00001ed0
core   0: 0x80003164 (0x00f60333) add     t1, a2, a5
core   0: 3 0x80003164 (0x00f60333) x 6 0x67b02dc3
core   0: 0x80003168 (0x9cb9a513) slti    a0, s3, -1589
core   0: 3 0x80003168 (0x9cb9a513) x10 0x00000001
core   0: 0x8000316c (0x6cac7913) andi    s2, s8, 1738
core   0: 3 0x8000316c (0x6cac7913) x18 0x000000c8
core   0: 0x80003170 (0x00437bb3) and     s7, t1, tp
core   0: 3 0x80003170 (0x00437bb3) x23 0x43102d43
core   0: 0x80003174 (0x4595a593) slti    a1, a1, 1113
core   0: 3 0x80003174 (0x4595a593) x11 0x00000000
core   0: 0x80003178 (0x01f59933) sll     s2, a1, t6
core   0: 3 0x80003178 (0x01f59933) x18 0x00000000
core   0: 0x8000317c (0x406fdf13) srai    t5, t6, 6
core   0: 3 0x8000317c (0x406fdf13) x30 0xfe4d6083
core   0: 0x80003180 (0x41990733) sub     a4, s2, s9
core   0: 3 0x80003180 (0x41990733) x14 0xc5ce7013
core   0: 0x80003184 (0x019bbcb3) sltu    s9, s7, s9
core   0: 3 0x80003184 (0x019bbcb3) x25 0x00000000
core   0: 0x80003188 (0x6eae6813) ori     a6, t3, 1770
core   0: 3 0x80003188 (0x6eae6813) x16 0x000006eb
core   0: 0x8000318c (0x01d0e333) or      t1, ra, t4
core   0: 3 0x8000318c (0x01d0e333) x 6 0x03ff0000
core   0: 0x80003190 (0x000380b3) add     ra, t2, zero
core   0: 3 0x80003190 (0x000380b3) x 1 0x80011e64
core   0: 0x80003194 (0xaf614713) xori    a4, sp, -1290
core   0: 3 0x80003194 (0xaf614713) x14 0x65339bc6
core   0: 0x80003198 (0x00aea933) slt     s2, t4, a0
core   0: 3 0x80003198 (0x00aea933) x18 0x00000000
core   0: 0x8000319c (0xb52c8293) addi    t0, s9, -1198
core   0: 3 0x8000319c (0xb52c8293) x 5 0xfffffb52
core   0: 0x800031a0 (0x01d5c1b3) xor     gp, a1, t4
core   0: 3 0x800031a0 (0x01d5c1b3) x 3 0x03da0000
core   0: 0x800031a4 (0x00000013) nop
core   0: 3 0x800031a4 (0x00000013)
core   0: 0x800031a8 (0x004c2e33) slt     t3, s8, tp
core   0: 3 0x800031a8 (0x004c2e33) x28 0x00000000
core   0: 0x800031ac (0x405558b3) sra     a7, a0, t0
core   0: 3 0x800031ac (0x405558b3) x17 0x00000000
core   0: 0x800031b0 (0x03087e93) andi    t4, a6, 48
core   0: 3 0x800031b0 (0x03087e93) x29 0x00000020
core   0: 0x800031b4 (0x01f19cb3) sll     s9, gp, t6
core   0: 3 0x800031b4 (0x01f19cb3) x25 0x00000000
core   0: 0x800031b8 (0x011cb9b3) sltu    s3, s9, a7
core   0: 3 0x800031b8 (0x011cb9b3) x19 0x00000000
core   0: 0x800031bc (0x01bc1833) sll     a6, s8, s11
core   0: 3 0x800031bc (0x01bc1833) x16 0x01ed0000
core   0: 0x800031c0 (0x00036213) ori     tp, t1, 0
core   0: 3 0x800031c0 (0x00036213) x 4 0x03ff0000
core   0: 0x800031c4 (0xeafc50b7) lui     ra, 0xeafc5
core   0: 3 0x800031c4 (0xeafc50b7) x 1 0xeafc5000
core   0: 0x800031c8 (0x41fe06b3) sub     a3, t3, t6
core   0: 3 0x800031c8 (0x41fe06b3) x13 0x6ca7df05
core   0: 0x800031cc (0x01b6d5b3) srl     a1, a3, s11
core   0: 3 0x800031cc (0x01b6d5b3) x11 0x00006ca7
core   0: 0x800031d0 (0x00ac5ab3) srl     s5, s8, a0
core   0: 3 0x800031d0 (0x00ac5ab3) x21 0x000000f6
core   0: 0x800031d4 (0x005a1e33) sll     t3, s4, t0
core   0: 3 0x800031d4 (0x005a1e33) x28 0xa7180000
core   0: 0x800031d8 (0x60dd2493) slti    s1, s10, 1549
core   0: 3 0x800031d8 (0x60dd2493) x 9 0x00000001
core   0: 0x800031dc (0xde6af113) andi    sp, s5, -538
core   0: 3 0x800031dc (0xde6af113) x 2 0x000000e6
core   0: 0x800031e0 (0x00831333) sll     t1, t1, s0
core   0: 3 0x800031e0 (0x00831333) x 6 0x03ff0000
core   0: 0x800031e4 (0x783cc413) xori    s0, s9, 1923
core   0: 3 0x800031e4 (0x783cc413) x 8 0x00000783
core   0: 0x800031e8 (0x01efda13) srli    s4, t6, 30
core   0: 3 0x800031e8 (0x01efda13) x20 0x00000002
core   0: 0x800031ec (0x015cf133) and     sp, s9, s5
core   0: 3 0x800031ec (0x015cf133) x 2 0x00000000
core   0: 0x800031f0 (0x413c04b3) sub     s1, s8, s3
core   0: 3 0x800031f0 (0x413c04b3) x 9 0x000001ed
core   0: 0x800031f4 (0x84b7c717) auipc   a4, 0x84b7c
core   0: 3 0x800031f4 (0x84b7c717) x14 0x04b7f1f4
core   0: 0x800031f8 (0x00000013) nop
core   0: 3 0x800031f8 (0x00000013)
core   0: 0x800031fc (0x2750c193) xori    gp, ra, 629
core   0: 3 0x800031fc (0x2750c193) x 3 0xeafc5275
core   0: 0x80003200 (0x01672033) slt     zero, a4, s6
core   0: 3 0x80003200 (0x01672033)
core   0: 0x80003204 (0x00445e33) srl     t3, s0, tp
core   0: 3 0x80003204 (0x00445e33) x28 0x00000783
core   0: 0x80003208 (0x005f9733) sll     a4, t6, t0
core   0: 3 0x80003208 (0x005f9733) x14 0x83ec0000
core   0: 0x8000320c (0x7ab74093) xori    ra, a4, 1963
core   0: 3 0x8000320c (0x7ab74093) x 1 0x83ec07ab
core   0: 0x80003210 (0x01847f33) and     t5, s0, s8
core   0: 3 0x80003210 (0x01847f33) x30 0x00000181
core   0: 0x80003214 (0xcb2e3d93) sltiu   s11, t3, -846
core   0: 3 0x80003214 (0xcb2e3d93) x27 0x00000001
core   0: 0x80003218 (0x1da9a193) slti    gp, s3, 474
core   0: 3 0x80003218 (0x1da9a193) x 3 0x00000001
core   0: 0x8000321c (0x0188ba33) sltu    s4, a7, s8
core   0: 3 0x8000321c (0x0188ba33) x20 0x00000001
core   0: 0x80003220 (0x41b102b3) sub     t0, sp, s11
core   0: 3 0x80003220 (0x41b102b3) x 5 0xffffffff
core   0: 0x80003224 (0x01e37ab3) and     s5, t1, t5
core   0: 3 0x80003224 (0x01e37ab3) x21 0x00000000
core   0: 0x80003228 (0x418b5193) srai    gp, s6, 24
core   0: 3 0x80003228 (0x418b5193) x 3 0x00000000
core   0: 0x8000322c (0x019e1733) sll     a4, t3, s9
core   0: 3 0x8000322c (0x019e1733) x14 0x00000783
core   0: 0x80003230 (0x3847fd97) auipc   s11, 0x3847f
core   0: 3 0x80003230 (0x3847fd97) x27 0xb8482230
core   0: 0x80003234 (0x4193d933) sra     s2, t2, s9
core   0: 3 0x80003234 (0x4193d933) x18 0x80011e64
core   0: 0x80003238 (0x82033893) sltiu   a7, t1, -2016
core   0: 3 0x80003238 (0x82033893) x17 0x00000001
core   0: 0x8000323c (0x016c9f93) slli    t6, s9, 22
core   0: 3 0x8000323c (0x016c9f93) x31 0x00000000
core   0: 0x80003240 (0x00c476b3) and     a3, s0, a2
core   0: 3 0x80003240 (0x00c476b3) x13 0x00000480
core   0: 0x80003244 (0x00723333) sltu    t1, tp, t2
core   0: 3 0x80003244 (0x00723333) x 6 0x00000001
core   0: 0x80003248 (0x010dc1b3) xor     gp, s11, a6
core   0: 3 0x80003248 (0x010dc1b3) x 3 0xb9a52230
core   0: 0x8000324c (0x01d77933) and     s2, a4, t4
core   0: 3 0x8000324c (0x01d77933) x18 0x00000000
core   0: 0x80003250 (0xd3e9d737) lui     a4, 0xd3e9d
core   0: 3 0x80003250 (0xd3e9d737) x14 0xd3e9d000
core   0: 0x80003254 (0x0180c033) xor     zero, ra, s8
core   0: 3 0x80003254 (0x0180c033)
core   0: 0x80003258 (0x35f14e17) auipc   t3, 0x35f14
core   0: 3 0x80003258 (0x35f14e17) x28 0xb5f17258
core   0: 0x8000325c (0xddb6c717) auipc   a4, 0xddb6c
core   0: 3 0x8000325c (0xddb6c717) x14 0x5db6f25c
core   0: 0x80003260 (0x40b85733) sra     a4, a6, a1
core   0: 3 0x80003260 (0x40b85733) x14 0x0003da00
core   0: 0x80003264 (0x0033f933) and     s2, t2, gp
core   0: 3 0x80003264 (0x0033f933) x18 0x80010220
core   0: 0x80003268 (0x15df0b13) addi    s6, t5, 349
core   0: 3 0x80003268 (0x15df0b13) x22 0x000002de
core   0: 0x8000326c (0xf8a78193) addi    gp, a5, -118
core   0: 3 0x8000326c (0xf8a78193) x 3 0xe7aed069
core   0: 0x80003270 (0x1cebe013) ori     zero, s7, 462
core   0: 3 0x80003270 (0x1cebe013)
core   0: 0x80003274 (0x59b8f013) andi    zero, a7, 1435
core   0: 3 0x80003274 (0x59b8f013)
core   0: 0x80003278 (0x01d266b3) or      a3, tp, t4
core   0: 3 0x80003278 (0x01d266b3) x13 0x03ff0020
core   0: 0x8000327c (0x90472813) slti    a6, a4, -1788
core   0: 3 0x8000327c (0x90472813) x16 0x00000000
core   0: 0x80003280 (0x017d9593) slli    a1, s11, 23
core   0: 3 0x80003280 (0x017d9593) x11 0x18000000
core   0: 0x80003284 (0x71b6e9b7) lui     s3, 0x71b6e
core   0: 3 0x80003284 (0x71b6e9b7) x19 0x71b6e000
core   0: 0x80003288 (0x85150b13) addi    s6, a0, -1967
core   0: 3 0x80003288 (0x85150b13) x22 0xfffff852
core   0: 0x8000328c (0x00000013) nop
core   0: 3 0x8000328c (0x00000013)
core   0: 0x80003290 (0x411e5193) srai    gp, t3, 17
core   0: 3 0x80003290 (0x411e5193) x 3 0xffffdaf8
core   0: 0x80003294 (0x013345b3) xor     a1, t1, s3
core   0: 3 0x80003294 (0x013345b3) x11 0x71b6e001
core   0: 0x80003298 (0x016002b3) add     t0, zero, s6
core   0: 3 0x80003298 (0x016002b3) x 5 0xfffff852
core   0: 0x8000329c (0x00000013) nop
core   0: 3 0x8000329c (0x00000013)
core   0: 0x800032a0 (0x00873233) sltu    tp, a4, s0
core   0: 3 0x800032a0 (0x00873233) x 4 0x00000000
core   0: 0x800032a4 (0x65b2d337) lui     t1, 0x65b2d
core   0: 3 0x800032a4 (0x65b2d337) x 6 0x65b2d000
core   0: 0x800032a8 (0x4639b293) sltiu   t0, s3, 1123
core   0: 3 0x800032a8 (0x4639b293) x 5 0x00000000
core   0: 0x800032ac (0x007dc6b3) xor     a3, s11, t2
core   0: 3 0x800032ac (0x007dc6b3) x13 0x38493c54
core   0: 0x800032b0 (0x00305193) srli    gp, zero, 3
core   0: 3 0x800032b0 (0x00305193) x 3 0x00000000
core   0: 0x800032b4 (0x018cbeb3) sltu    t4, s9, s8
core   0: 3 0x800032b4 (0x018cbeb3) x29 0x00000001
core   0: 0x800032b8 (0x41d0d493) srai    s1, ra, 29
core   0: 3 0x800032b8 (0x41d0d493) x 9 0xfffffffc
core   0: 0x800032bc (0x30e92b13) slti    s6, s2, 782
core   0: 3 0x800032bc (0x30e92b13) x22 0x00000001
core   0: 0x800032c0 (0x00cb1f13) slli    t5, s6, 12
core   0: 3 0x800032c0 (0x00cb1f13) x30 0x00001000
core   0: 0x800032c4 (0x40b60db3) sub     s11, a2, a1
core   0: 3 0x800032c4 (0x40b60db3) x27 0x0e4a7ce3
core   0: 0x800032c8 (0x40da5f33) sra     t5, s4, a3
core   0: 3 0x800032c8 (0x40da5f33) x30 0x00000000
core   0: 0x800032cc (0x01f03ab3) snez    s5, t6
core   0: 3 0x800032cc (0x01f03ab3) x21 0x00000000
core   0: 0x800032d0 (0x00edd4b3) srl     s1, s11, a4
core   0: 3 0x800032d0 (0x00edd4b3) x 9 0x0e4a7ce3
core   0: 0x800032d4 (0x51ce2a93) slti    s5, t3, 1308
core   0: 3 0x800032d4 (0x51ce2a93) x21 0x00000001
core   0: 0x800032d8 (0xe5b43a97) auipc   s5, 0xe5b43
core   0: 3 0x800032d8 (0xe5b43a97) x21 0x65b462d8
core   0: 0x800032dc (0x00c071b3) and     gp, zero, a2
core   0: 3 0x800032dc (0x00c071b3) x 3 0x00000000
core   0: 0x800032e0 (0xd816ef93) ori     t6, a3, -639
core   0: 3 0x800032e0 (0xd816ef93) x31 0xfffffdd5
core   0: 0x800032e4 (0x0649c913) xori    s2, s3, 100
core   0: 3 0x800032e4 (0x0649c913) x18 0x71b6e064
core   0: 0x800032e8 (0x82003193) sltiu   gp, zero, -2016
core   0: 3 0x800032e8 (0x82003193) x 3 0x00000001
core   0: 0x800032ec (0x40aa06b3) sub     a3, s4, a0
core   0: 3 0x800032ec (0x40aa06b3) x13 0x00000000
core   0: 0x800032f0 (0x40e7db33) sra     s6, a5, a4
core   0: 3 0x800032f0 (0x40e7db33) x22 0xe7aed0df
core   0: 0x800032f4 (0x8381ff13) andi    t5, gp, -1992
core   0: 3 0x800032f4 (0x8381ff13) x30 0x00000000
core   0: 0x800032f8 (0x00859833) sll     a6, a1, s0
core   0: 3 0x800032f8 (0x00859833) x16 0x8db70008
core   0: 0x800032fc (0xdc9fc093) xori    ra, t6, -567
core   0: 3 0x800032fc (0xdc9fc093) x 1 0x0000001c
core   0: 0x80003300 (0xbe5811b7) lui     gp, 0xbe581
core   0: 3 0x80003300 (0xbe5811b7) x 3 0xbe581000
core   0: 0x80003304 (0x01a280b3) add     ra, t0, s10
core   0: 3 0x80003304 (0x01a280b3) x 1 0x00000000
core   0: 0x80003308 (0x3fbf8eb7) lui     t4, 0x3fbf8
core   0: 3 0x80003308 (0x3fbf8eb7) x29 0x3fbf8000
core   0: 0x8000330c (0xf6a45f97) auipc   t6, 0xf6a45
core   0: 3 0x8000330c (0xf6a45f97) x31 0x76a4830c
core   0: 0x80003310 (0x1a4bee13) ori     t3, s7, 420
core   0: 3 0x80003310 (0x1a4bee13) x28 0x43102de7
core   0: 0x80003314 (0x4f714693) xori    a3, sp, 1271
core   0: 3 0x80003314 (0x4f714693) x13 0x000004f7
core   0: 0x80003318 (0x01d282b3) add     t0, t0, t4
core   0: 3 0x80003318 (0x01d282b3) x 5 0x3fbf8000
core   0: 0x8000331c (0x005396b3) sll     a3, t2, t0
core   0: 3 0x8000331c (0x005396b3) x13 0x80011e64
core   0: 0x80003320 (0x015cefb3) or      t6, s9, s5
core   0: 3 0x80003320 (0x015cefb3) x31 0x65b462d8
core   0: 0x80003324 (0x00fd9193) slli    gp, s11, 15
core   0: 3 0x80003324 (0x00fd9193) x 3 0x3e718000
core   0: 0x80003328 (0x8e1dab93) slti    s7, s11, -1823
core   0: 3 0x80003328 (0x8e1dab93) x23 0x00000000
core   0: 0x8000332c (0x8bd74593) xori    a1, a4, -1859
core   0: 3 0x8000332c (0x8bd74593) x11 0xfffc22bd
core   0: 0x80003330 (0x5ffabc93) sltiu   s9, s5, 1535
core   0: 3 0x80003330 (0x5ffabc93) x25 0x00000000
core   0: 0x80003334 (0x8919b413) sltiu   s0, s3, -1903
core   0: 3 0x80003334 (0x8919b413) x 8 0x00000001
core   0: 0x80003338 (0x406e5d13) srai    s10, t3, 6
core   0: 3 0x80003338 (0x406e5d13) x26 0x010c40b7
core   0: 0x8000333c (0x400d5233) sra     tp, s10, zero
core   0: 3 0x8000333c (0x400d5233) x 4 0x010c40b7
core   0: 0x80003340 (0x00000013) nop
core   0: 3 0x80003340 (0x00000013)
core   0: 0x80003344 (0x009bedb3) or      s11, s7, s1
core   0: 3 0x80003344 (0x009bedb3) x27 0x0e4a7ce3
core   0: 0x80003348 (0x5d4d3b93) sltiu   s7, s10, 1492
core   0: 3 0x80003348 (0x5d4d3b93) x23 0x00000000
core   0: 0x8000334c (0x21984213) xori    tp, a6, 537
core   0: 3 0x8000334c (0x21984213) x 4 0x8db70211
core   0: 0x80003350 (0x412c8833) sub     a6, s9, s2
core   0: 3 0x80003350 (0x412c8833) x16 0x8e491f9c
core   0: 0x80003354 (0x01fe9533) sll     a0, t4, t6
core   0: 3 0x80003354 (0x01fe9533) x10 0x00000000
core   0: 0x80003358 (0xc971a213) slti    tp, gp, -873
core   0: 3 0x80003358 (0xc971a213) x 4 0x00000000
core   0: 0x8000335c (0x3d0a8497) auipc   s1, 0x3d0a8
core   0: 3 0x8000335c (0x3d0a8497) x 9 0xbd0ab35c
core   0: 0x80003360 (0xebbb2513) slti    a0, s6, -325
core   0: 3 0x80003360 (0xebbb2513) x10 0x00000001
core   0: 0x80003364 (0x015b7b33) and     s6, s6, s5
core   0: 3 0x80003364 (0x015b7b33) x22 0x65a440d8
core   0: 0x80003368 (0x018f59b3) srl     s3, t5, s8
core   0: 3 0x80003368 (0x018f59b3) x19 0x00000000
core   0: 0x8000336c (0x01131d33) sll     s10, t1, a7
core   0: 3 0x8000336c (0x01131d33) x26 0xcb65a000
core   0: 0x80003370 (0x0066b2b3) sltu    t0, a3, t1
core   0: 3 0x80003370 (0x0066b2b3) x 5 0x00000000
core   0: 0x80003374 (0x01f99993) slli    s3, s3, 31
core   0: 3 0x80003374 (0x01f99993) x19 0x00000000
core   0: 0x80003378 (0x01f1a433) slt     s0, gp, t6
core   0: 3 0x80003378 (0x01f1a433) x 8 0x00000001
core   0: 0x8000337c (0x62edaf13) slti    t5, s11, 1582
core   0: 3 0x8000337c (0x62edaf13) x30 0x00000000
core   0: 0x80003380 (0x40055c93) srai    s9, a0, 0
core   0: 3 0x80003380 (0x40055c93) x25 0x00000001
core   0: 0x80003384 (0x006c6433) or      s0, s8, t1
core   0: 3 0x80003384 (0x006c6433) x 8 0x65b2d1ed
core   0: 0x80003388 (0x0063bf33) sltu    t5, t2, t1
core   0: 3 0x80003388 (0x0063bf33) x30 0x00000000
core   0: 0x8000338c (0xaecc4c13) xori    s8, s8, -1300
core   0: 3 0x8000338c (0xaecc4c13) x24 0xfffffb01
core   0: 0x80003390 (0x416f6b13) ori     s6, t5, 1046
core   0: 3 0x80003390 (0x416f6b13) x22 0x00000416
core   0: 0x80003394 (0x00000013) nop
core   0: 3 0x80003394 (0x00000013)
core   0: 0x80003398 (0x65d16b93) ori     s7, sp, 1629
core   0: 3 0x80003398 (0x65d16b93) x23 0x0000065d
core   0: 0x8000339c (0x1f772193) slti    gp, a4, 503
core   0: 3 0x8000339c (0x1f772193) x 3 0x00000000
core   0: 0x800033a0 (0x0166c5b3) xor     a1, a3, s6
core   0: 3 0x800033a0 (0x0166c5b3) x11 0x80011a72
core   0: 0x800033a4 (0x7df28c13) addi    s8, t0, 2015
core   0: 3 0x800033a4 (0x7df28c13) x24 0x000007df
core   0: 0x800033a8 (0x004e1d33) sll     s10, t3, tp
core   0: 3 0x800033a8 (0x004e1d33) x26 0x43102de7
core   0: 0x800033ac (0x2e9aa913) slti    s2, s5, 745
core   0: 3 0x800033ac (0x2e9aa913) x18 0x00000000
core   0: 0x800033b0 (0x000f06b3) add     a3, t5, zero
core   0: 3 0x800033b0 (0x000f06b3) x13 0x00000000
core   0: 0x800033b4 (0x0da0d5b7) lui     a1, 0xda0d
core   0: 3 0x800033b4 (0x0da0d5b7) x11 0x0da0d000
core   0: 0x800033b8 (0x00c011b3) sll     gp, zero, a2
core   0: 3 0x800033b8 (0x00c011b3) x 3 0x00000000
core   0: 0x800033bc (0x40a8d6b3) sra     a3, a7, a0
core   0: 3 0x800033bc (0x40a8d6b3) x13 0x00000000
core   0: 0x800033c0 (0xc63c9e17) auipc   t3, 0xc63c9
core   0: 3 0x800033c0 (0xc63c9e17) x28 0x463cc3c0
core   0: 0x800033c4 (0x00d8cb33) xor     s6, a7, a3
core   0: 3 0x800033c4 (0x00d8cb33) x22 0x00000001
core   0: 0x800033c8 (0x410802b3) sub     t0, a6, a6
core   0: 3 0x800033c8 (0x410802b3) x 5 0x00000000
core   0: 0x800033cc (0x00bc5f33) srl     t5, s8, a1
core   0: 3 0x800033cc (0x00bc5f33) x30 0x000007df
core   0: 0x800033d0 (0x014dcd33) xor     s10, s11, s4
core   0: 3 0x800033d0 (0x014dcd33) x26 0x0e4a7ce2
core   0: 0x800033d4 (0x00000013) nop
core   0: 3 0x800033d4 (0x00000013)
core   0: 0x800033d8 (0x40ae5693) srai    a3, t3, 10
core   0: 3 0x800033d8 (0x40ae5693) x13 0x00118f30
core   0: 0x800033dc (0x01a2de93) srli    t4, t0, 26
core   0: 3 0x800033dc (0x01a2de93) x29 0x00000000
core   0: 0x800033e0 (0x01876533) or      a0, a4, s8
core   0: 3 0x800033e0 (0x01876533) x10 0x0003dfdf
core   0: 0x800033e4 (0x01581b13) slli    s6, a6, 21
core   0: 3 0x800033e4 (0x01581b13) x22 0xf3800000
core   0: 0x800033e8 (0x41cf0333) sub     t1, t5, t3
core   0: 3 0x800033e8 (0x41cf0333) x 6 0xb9c3441f
core   0: 0x800033ec (0x01807933) and     s2, zero, s8
core   0: 3 0x800033ec (0x01807933) x18 0x00000000
core   0: 0x800033f0 (0x00e75d93) srli    s11, a4, 14
core   0: 3 0x800033f0 (0x00e75d93) x27 0x0000000f
core   0: 0x800033f4 (0x40af5db3) sra     s11, t5, a0
core   0: 3 0x800033f4 (0x40af5db3) x27 0x00000000
core   0: 0x800033f8 (0x13c93313) sltiu   t1, s2, 316
core   0: 3 0x800033f8 (0x13c93313) x 6 0x00000001
core   0: 0x800033fc (0x41e95513) srai    a0, s2, 30
core   0: 3 0x800033fc (0x41e95513) x10 0x00000000
core   0: 0x80003400 (0x01306cb3) or      s9, zero, s3
core   0: 3 0x80003400 (0x01306cb3) x25 0x00000000
core   0: 0x80003404 (0x00000013) nop
core   0: 3 0x80003404 (0x00000013)
core   0: 0x80003408 (0x01248ab3) add     s5, s1, s2
core   0: 3 0x80003408 (0x01248ab3) x21 0xbd0ab35c
core   0: 0x8000340c (0xbd8bd917) auipc   s2, 0xbd8bd
core   0: 3 0x8000340c (0xbd8bd917) x18 0x3d8c040c
core   0: 0x80003410 (0x90a7e693) ori     a3, a5, -1782
core   0: 3 0x80003410 (0x90a7e693) x13 0xfffff9df
core   0: 0x80003414 (0x01e9e433) or      s0, s3, t5
core   0: 3 0x80003414 (0x01e9e433) x 8 0x000007df
core   0: 0x80003418 (0x013199b3) sll     s3, gp, s3
core   0: 3 0x80003418 (0x013199b3) x19 0x00000000
core   0: 0x8000341c (0x589d8493) addi    s1, s11, 1417
core   0: 3 0x8000341c (0x589d8493) x 9 0x00000589
core   0: 0x80003420 (0x011194b3) sll     s1, gp, a7
core   0: 3 0x80003420 (0x011194b3) x 9 0x00000000
core   0: 0x80003424 (0x404204b3) sub     s1, tp, tp
core   0: 3 0x80003424 (0x404204b3) x 9 0x00000000
core   0: 0x80003428 (0x116e0a93) addi    s5, t3, 278
core   0: 3 0x80003428 (0x116e0a93) x21 0x463cc4d6
core   0: 0x8000342c (0x917a6d13) ori     s10, s4, -1769
core   0: 3 0x8000342c (0x917a6d13) x26 0xfffff917
core   0: 0x80003430 (0x001e5c13) srli    s8, t3, 1
core   0: 3 0x80003430 (0x001e5c13) x24 0x231e61e0
core   0: 0x80003434 (0x5eb88693) addi    a3, a7, 1515
core   0: 3 0x80003434 (0x5eb88693) x13 0x000005ec
core   0: 0x80003438 (0x72d44697) auipc   a3, 0x72d44
core   0: 3 0x80003438 (0x72d44697) x13 0xf2d47438
core   0: 0x8000343c (0x41b7dab3) sra     s5, a5, s11
core   0: 3 0x8000343c (0x41b7dab3) x21 0xe7aed0df
core   0: 0x80003440 (0x01d505b3) add     a1, a0, t4
core   0: 3 0x80003440 (0x01d505b3) x11 0x00000000
core   0: 0x80003444 (0xd4e6fe97) auipc   t4, 0xd4e6f
core   0: 3 0x80003444 (0xd4e6fe97) x29 0x54e72444
core   0: 0x80003448 (0x01cf69b3) or      s3, t5, t3
core   0: 3 0x80003448 (0x01cf69b3) x19 0x463cc7df
core   0: 0x8000344c (0x014bd893) srli    a7, s7, 20
core   0: 3 0x8000344c (0x014bd893) x17 0x00000000
core   0: 0x80003450 (0x30b3f113) andi    sp, t2, 779
core   0: 3 0x80003450 (0x30b3f113) x 2 0x00000200
core   0: 0x80003454 (0x00e41813) slli    a6, s0, 14
core   0: 3 0x80003454 (0x00e41813) x16 0x01f7c000
core   0: 0x80003458 (0x65b5fb13) andi    s6, a1, 1627
core   0: 3 0x80003458 (0x65b5fb13) x22 0x00000000
core   0: 0x8000345c (0x418fd013) srai    zero, t6, 24
core   0: 3 0x8000345c (0x418fd013)
core   0: 0x80003460 (0x41a78d33) sub     s10, a5, s10
core   0: 3 0x80003460 (0x41a78d33) x26 0xe7aed7c8
core   0: 0x80003464 (0x88542697) auipc   a3, 0x88542
core   0: 3 0x80003464 (0x88542697) x13 0x08545464
core   0: 0x80003468 (0xd921ce37) lui     t3, 0xd921c
core   0: 3 0x80003468 (0xd921ce37) x28 0xd921c000
core   0: 0x8000346c (0x0079fd33) and     s10, s3, t2
core   0: 3 0x8000346c (0x0079fd33) x26 0x00000644
core   0: 0x80003470 (0xc9d19b37) lui     s6, 0xc9d19
core   0: 3 0x80003470 (0xc9d19b37) x22 0xc9d19000
core   0: 0x80003474 (0x99e76013) ori     zero, a4, -1634
core   0: 3 0x80003474 (0x99e76013)
core   0: 0x80003478 (0x0015e433) or      s0, a1, ra
core   0: 3 0x80003478 (0x0015e433) x 8 0x00000000
core   0: 0x8000347c (0xdf54e937) lui     s2, 0xdf54e
core   0: 3 0x8000347c (0xdf54e937) x18 0xdf54e000
core   0: 0x80003480 (0xd46b2a17) auipc   s4, 0xd46b2
core   0: 3 0x80003480 (0xd46b2a17) x20 0x546b5480
core   0: 0x80003484 (0x01ffb6b3) sltu    a3, t6, t6
core   0: 3 0x80003484 (0x01ffb6b3) x13 0x00000000
core   0: 0x80003488 (0x00617533) and     a0, sp, t1
core   0: 3 0x80003488 (0x00617533) x10 0x00000000
core   0: 0x8000348c (0x87464c13) xori    s8, a2, -1932
core   0: 3 0x8000348c (0x87464c13) x24 0x7ffea490
core   0: 0x80003490 (0x412dd493) srai    s1, s11, 18
core   0: 3 0x80003490 (0x412dd493) x 9 0x00000000
core   0: 0x80003494 (0xa613ac93) slti    s9, t2, -1439
core   0: 3 0x80003494 (0xa613ac93) x25 0x00000001
core   0: 0x80003498 (0x00658e33) add     t3, a1, t1
core   0: 3 0x80003498 (0x00658e33) x28 0x00000001
core   0: 0x8000349c (0x010bc5b3) xor     a1, s7, a6
core   0: 3 0x8000349c (0x010bc5b3) x11 0x01f7c65d
core   0: 0x800034a0 (0x012942b3) xor     t0, s2, s2
core   0: 3 0x800034a0 (0x012942b3) x 5 0x00000000
core   0: 0x800034a4 (0x1d103d93) sltiu   s11, zero, 465
core   0: 3 0x800034a4 (0x1d103d93) x27 0x00000001
core   0: 0x800034a8 (0xe454f693) andi    a3, s1, -443
core   0: 3 0x800034a8 (0xe454f693) x13 0x00000000
core   0: 0x800034ac (0x419558b3) sra     a7, a0, s9
core   0: 3 0x800034ac (0x419558b3) x17 0x00000000
core   0: 0x800034b0 (0xfeaced13) ori     s10, s9, -22
core   0: 3 0x800034b0 (0xfeaced13) x26 0xffffffeb
core   0: 0x800034b4 (0x001b9e13) slli    t3, s7, 1
core   0: 3 0x800034b4 (0x001b9e13) x28 0x00000cba
core   0: 0x800034b8 (0x401e5433) sra     s0, t3, ra
core   0: 3 0x800034b8 (0x401e5433) x 8 0x00000cba
core   0: 0x800034bc (0x403cde13) srai    t3, s9, 3
core   0: 3 0x800034bc (0x403cde13) x28 0x00000000
core   0: 0x800034c0 (0x64326013) ori     zero, tp, 1603
core   0: 3 0x800034c0 (0x64326013)
core   0: 0x800034c4 (0x05c3f293) andi    t0, t2, 92
core   0: 3 0x800034c4 (0x05c3f293) x 5 0x00000044
core   0: 0x800034c8 (0x41938ab3) sub     s5, t2, s9
core   0: 3 0x800034c8 (0x41938ab3) x21 0x80011e63
core   0: 0x800034cc (0x00c796b3) sll     a3, a5, a2
core   0: 3 0x800034cc (0x00c796b3) x13 0x7aed0df0
core   0: 0x800034d0 (0x004d5db3) srl     s11, s10, tp
core   0: 3 0x800034d0 (0x004d5db3) x27 0xffffffeb
core   0: 0x800034d4 (0x40be5b93) srai    s7, t3, 11
core   0: 3 0x800034d4 (0x40be5b93) x23 0x00000000
core   0: 0x800034d8 (0x00719fb3) sll     t6, gp, t2
core   0: 3 0x800034d8 (0x00719fb3) x31 0x00000000
core   0: 0x800034dc (0x7ed1c513) xori    a0, gp, 2029
core   0: 3 0x800034dc (0x7ed1c513) x10 0x000007ed
core   0: 0x800034e0 (0x0178cfb3) xor     t6, a7, s7
core   0: 3 0x800034e0 (0x0178cfb3) x31 0x00000000
core   0: 0x800034e4 (0xeb078c13) addi    s8, a5, -336
core   0: 3 0x800034e4 (0xeb078c13) x24 0xe7aecf8f
core   0: 0x800034e8 (0x006ce6b3) or      a3, s9, t1
core   0: 3 0x800034e8 (0x006ce6b3) x13 0x00000001
core   0: 0x800034ec (0x65ac2a93) slti    s5, s8, 1626
core   0: 3 0x800034ec (0x65ac2a93) x21 0x00000001
core   0: 0x800034f0 (0x40ae5013) srai    zero, t3, 10
core   0: 3 0x800034f0 (0x40ae5013)
core   0: 0x800034f4 (0x008b98b3) sll     a7, s7, s0
core   0: 3 0x800034f4 (0x008b98b3) x17 0x00000000
core   0: 0x800034f8 (0x000962b3) or      t0, s2, zero
core   0: 3 0x800034f8 (0x000962b3) x 5 0xdf54e000
core   0: 0x800034fc (0xaf6a7f13) andi    t5, s4, -1290
core   0: 3 0x800034fc (0xaf6a7f13) x30 0x546b5080
core   0: 0x80003500 (0x2984af93) slti    t6, s1, 664
core   0: 3 0x80003500 (0x2984af93) x31 0x00000001
core   0: 0x80003504 (0x417f82b3) sub     t0, t6, s7
core   0: 3 0x80003504 (0x417f82b3) x 5 0x00000001
core   0: 0x80003508 (0x00513933) sltu    s2, sp, t0
core   0: 3 0x80003508 (0x00513933) x18 0x00000000
core   0: 0x8000350c (0x88fb7e93) andi    t4, s6, -1905
core   0: 3 0x8000350c (0x88fb7e93) x29 0xc9d19000
core   0: 0x80003510 (0x01716eb3) or      t4, sp, s7
core   0: 3 0x80003510 (0x01716eb3) x29 0x00000200
core   0: 0x80003514 (0xd4876b93) ori     s7, a4, -696
core   0: 3 0x80003514 (0xd4876b93) x23 0xffffff48
core   0: 0x80003518 (0x01db1413) slli    s0, s6, 29
core   0: 3 0x80003518 (0x01db1413) x 8 0x00000000
core   0: 0x8000351c (0x01bf8733) add     a4, t6, s11
core   0: 3 0x8000351c (0x01bf8733) x14 0xffffffec
core   0: 0x80003520 (0xbda58593) addi    a1, a1, -1062
core   0: 3 0x80003520 (0xbda58593) x11 0x01f7c237
core   0: 0x80003524 (0x007b64b3) or      s1, s6, t2
core   0: 3 0x80003524 (0x007b64b3) x 9 0xc9d19e64
core   0: 0x80003528 (0x00000013) nop
core   0: 3 0x80003528 (0x00000013)
core   0: 0x8000352c (0x01ee9233) sll     tp, t4, t5
core   0: 3 0x8000352c (0x01ee9233) x 4 0x00000200
core   0: 0x80003530 (0x38d4cf93) xori    t6, s1, 909
core   0: 3 0x80003530 (0x38d4cf93) x31 0xc9d19de9
core   0: 0x80003534 (0x005babb3) slt     s7, s7, t0
core   0: 3 0x80003534 (0x005babb3) x23 0x00000001
core   0: 0x80003538 (0x01f80eb3) add     t4, a6, t6
core   0: 3 0x80003538 (0x01f80eb3) x29 0xcbc95de9
core   0: 0x8000353c (0x41a9de93) srai    t4, s3, 26
core   0: 3 0x8000353c (0x41a9de93) x29 0x00000011
core   0: 0x80003540 (0x41f380b3) sub     ra, t2, t6
core   0: 3 0x80003540 (0x41f380b3) x 1 0xb62f807b
core   0: 0x80003544 (0xba582a13) slti    s4, a6, -1115
core   0: 3 0x80003544 (0xba582a13) x20 0x00000000
core   0: 0x80003548 (0x407b8033) sub     zero, s7, t2
core   0: 3 0x80003548 (0x407b8033)
core   0: 0x8000354c (0x00165d93) srli    s11, a2, 1
core   0: 3 0x8000354c (0x00165d93) x27 0x4000ae72
core   0: 0x80003550 (0x090a1e37) lui     t3, 0x90a1
core   0: 3 0x80003550 (0x090a1e37) x28 0x090a1000
core   0: 0x80003554 (0xb5324413) xori    s0, tp, -1197
core   0: 3 0x80003554 (0xb5324413) x 8 0xfffff953
core   0: 0x80003558 (0x355fe893) ori     a7, t6, 853
core   0: 3 0x80003558 (0x355fe893) x17 0xc9d19ffd
core   0: 0x8000355c (0xfd68c437) lui     s0, 0xfd68c
core   0: 3 0x8000355c (0xfd68c437) x 8 0xfd68c000
core   0: 0x80003560 (0x40e05eb3) sra     t4, zero, a4
core   0: 3 0x80003560 (0x40e05eb3) x29 0x00000000
core   0: 0x80003564 (0x4054d2b3) sra     t0, s1, t0
core   0: 3 0x80003564 (0x4054d2b3) x 5 0xe4e8cf32
core   0: 0x80003568 (0x253b8a93) addi    s5, s7, 595
core   0: 3 0x80003568 (0x253b8a93) x21 0x00000254
core   0: 0x8000356c (0x0010e733) or      a4, ra, ra
core   0: 3 0x8000356c (0x0010e733) x14 0xb62f807b
core   0: 0x80003570 (0x9e6dcd93) xori    s11, s11, -1562
core   0: 3 0x80003570 (0x9e6dcd93) x27 0xbfff5794
core   0: 0x80003574 (0x3292ae93) slti    t4, t0, 809
core   0: 3 0x80003574 (0x3292ae93) x29 0x00000001
core   0: 0x80003578 (0x014a3e33) sltu    t3, s4, s4
core   0: 3 0x80003578 (0x014a3e33) x28 0x00000000
core   0: 0x8000357c (0x01d03033) snez    zero, t4
core   0: 3 0x8000357c (0x01d03033)
core   0: 0x80003580 (0x015dd113) srli    sp, s11, 21
core   0: 3 0x80003580 (0x015dd113) x 2 0x000005ff
core   0: 0x80003584 (0x36b04897) auipc   a7, 0x36b04
core   0: 3 0x80003584 (0x36b04897) x17 0xb6b07584
core   0: 0x80003588 (0x00299313) slli    t1, s3, 2
core   0: 3 0x80003588 (0x00299313) x 6 0x18f31f7c
core   0: 0x8000358c (0x512e3713) sltiu   a4, t3, 1298
core   0: 3 0x8000358c (0x512e3713) x14 0x00000001
core   0: 0x80003590 (0x5e919a97) auipc   s5, 0x5e919
core   0: 3 0x80003590 (0x5e919a97) x21 0xde91c590
core   0: 0x80003594 (0x0032d733) srl     a4, t0, gp
core   0: 3 0x80003594 (0x0032d733) x14 0xe4e8cf32
core   0: 0x80003598 (0x014f4a33) xor     s4, t5, s4
core   0: 3 0x80003598 (0x014f4a33) x20 0x546b5080
core   0: 0x8000359c (0x8e7e7b17) auipc   s6, 0x8e7e7
core   0: 3 0x8000359c (0x8e7e7b17) x22 0x0e7ea59c
core   0: 0x800035a0 (0x00000013) nop
core   0: 3 0x800035a0 (0x00000013)
core   0: 0x800035a4 (0x015975b3) and     a1, s2, s5
core   0: 3 0x800035a4 (0x015975b3) x11 0x00000000
core   0: 0x800035a8 (0x007d1293) slli    t0, s10, 7
core   0: 3 0x800035a8 (0x007d1293) x 5 0xfffff580
core   0: 0x800035ac (0x01a55a13) srli    s4, a0, 26
core   0: 3 0x800035ac (0x01a55a13) x20 0x00000000
core   0: 0x800035b0 (0x01305413) srli    s0, zero, 19
core   0: 3 0x800035b0 (0x01305413) x 8 0x00000000
core   0: 0x800035b4 (0x01044ab3) xor     s5, s0, a6
core   0: 3 0x800035b4 (0x01044ab3) x21 0x01f7c000
core   0: 0x800035b8 (0x014bdb93) srli    s7, s7, 20
core   0: 3 0x800035b8 (0x014bdb93) x23 0x00000000
core   0: 0x800035bc (0x00261693) slli    a3, a2, 2
core   0: 3 0x800035bc (0x00261693) x13 0x00057390
core   0: 0x800035c0 (0x15b54e93) xori    t4, a0, 347
core   0: 3 0x800035c0 (0x15b54e93) x29 0x000006b6
core   0: 0x800035c4 (0x003a3233) sltu    tp, s4, gp
core   0: 3 0x800035c4 (0x003a3233) x 4 0x00000000
core   0: 0x800035c8 (0x014a0eb3) add     t4, s4, s4
core   0: 3 0x800035c8 (0x014a0eb3) x29 0x00000000
core   0: 0x800035cc (0x00f89893) slli    a7, a7, 15
core   0: 3 0x800035cc (0x00f89893) x17 0x3ac20000
core   0: 0x800035d0 (0x018ebe33) sltu    t3, t4, s8
core   0: 3 0x800035d0 (0x018ebe33) x28 0x00000001
core   0: 0x800035d4 (0x55ec0093) addi    ra, s8, 1374
core   0: 3 0x800035d4 (0x55ec0093) x 1 0xe7aed4ed
core   0: 0x800035d8 (0x01331e33) sll     t3, t1, s3
core   0: 3 0x800035d8 (0x01331e33) x28 0x00000000
core   0: 0x800035dc (0x00f79c33) sll     s8, a5, a5
core   0: 3 0x800035dc (0x00f79c33) x24 0x80000000
core   0: 0x800035e0 (0x41350db3) sub     s11, a0, s3
core   0: 3 0x800035e0 (0x41350db3) x27 0xb9c3400e
core   0: 0x800035e4 (0x00b44233) xor     tp, s0, a1
core   0: 3 0x800035e4 (0x00b44233) x 4 0x00000000
core   0: 0x800035e8 (0x40d25db3) sra     s11, tp, a3
core   0: 3 0x800035e8 (0x40d25db3) x27 0x00000000
core   0: 0x800035ec (0x11904d13) xori    s10, zero, 281
core   0: 3 0x800035ec (0x11904d13) x26 0x00000119
core   0: 0x800035f0 (0xf8f40913) addi    s2, s0, -113
core   0: 3 0x800035f0 (0xf8f40913) x18 0xffffff8f
core   0: 0x800035f4 (0x00d85db3) srl     s11, a6, a3
core   0: 3 0x800035f4 (0x00d85db3) x27 0x000001f7
core   0: 0x800035f8 (0xe4eafb97) auipc   s7, 0xe4eaf
core   0: 3 0x800035f8 (0xe4eafb97) x23 0x64eb25f8
core   0: 0x800035fc (0x00bb8a33) add     s4, s7, a1
core   0: 3 0x800035fc (0x00bb8a33) x20 0x64eb25f8
core   0: 0x80003600 (0x016eebb3) or      s7, t4, s6
core   0: 3 0x80003600 (0x016eebb3) x23 0x0e7ea59c
core   0: 0x80003604 (0x80000b37) lui     s6, 0x80000
core   0: 3 0x80003604 (0x80000b37) x22 0x80000000
core   0: 0x80003608 (0x00000493) li      s1, 0
core   0: 3 0x80003608 (0x00000493) x 9 0x00000000
core   0: 0x8000360c (0x00000593) li      a1, 0
core   0: 3 0x8000360c (0x00000593) x11 0x00000000
core   0: 0x80003610 (0x00000113) li      sp, 0
core   0: 3 0x80003610 (0x00000113) x 2 0x00000000
core   0: 0x80003614 (0x00000813) li      a6, 0
core   0: 3 0x80003614 (0x00000813) x16 0x00000000
core   0: 0x80003618 (0xfff00713) li      a4, -1
core   0: 3 0x80003618 (0xfff00713) x14 0xffffffff
core   0: 0x8000361c (0x800006b7) lui     a3, 0x80000
core   0: 3 0x8000361c (0x800006b7) x13 0x80000000
core   0: 0x80003620 (0x00000993) li      s3, 0
core   0: 3 0x80003620 (0x00000993) x19 0x00000000
core   0: 0x80003624 (0x80000237) lui     tp, 0x80000
core   0: 3 0x80003624 (0x80000237) x 4 0x80000000
core   0: 0x80003628 (0x7f3aea37) lui     s4, 0x7f3ae
core   0: 3 0x80003628 (0x7f3aea37) x20 0x7f3ae000
core   0: 0x8000362c (0xd87a0a13) addi    s4, s4, -633
core   0: 3 0x8000362c (0xd87a0a13) x20 0x7f3add87
core   0: 0x80003630 (0x00000013) nop
core   0: 3 0x80003630 (0x00000013)
core   0: 0x80003634 (0x0bdc9b37) lui     s6, 0xbdc9
core   0: 3 0x80003634 (0x0bdc9b37) x22 0x0bdc9000
core   0: 0x80003638 (0x8dccc117) auipc   sp, 0x8dccc
core   0: 3 0x80003638 (0x8dccc117) x 2 0x0dccf638
core   0: 0x8000363c (0x402204b3) sub     s1, tp, sp
core   0: 3 0x8000363c (0x402204b3) x 9 0x723309c8
core   0: 0x80003640 (0xe0310493) addi    s1, sp, -509
core   0: 3 0x80003640 (0xe0310493) x 9 0x0dccf43b
core   0: 0x80003644 (0x7850d117) auipc   sp, 0x7850d
core   0: 3 0x80003644 (0x7850d117) x 2 0xf8510644
core   0: 0x80003648 (0x00000013) nop
core   0: 3 0x80003648 (0x00000013)
core   0: 0x8000364c (0x009586b3) add     a3, a1, s1
core   0: 3 0x8000364c (0x009586b3) x13 0x0dccf43b
core   0: 0x80003650 (0x402984b3) sub     s1, s3, sp
core   0: 3 0x80003650 (0x402984b3) x 9 0x07aef9bc
core   0: 0x80003654 (0x40b709b3) sub     s3, a4, a1
core   0: 3 0x80003654 (0x40b709b3) x19 0xffffffff
core   0: 0x80003658 (0x01698233) add     tp, s3, s6
core   0: 3 0x80003658 (0x01698233) x 4 0x0bdc8fff
core   0: 0x8000365c (0x00000013) nop
core   0: 3 0x8000365c (0x00000013)
core   0: 0x80003660 (0x413809b3) sub     s3, a6, s3
core   0: 3 0x80003660 (0x413809b3) x19 0x00000001
core   0: 0x80003664 (0x1ce80493) addi    s1, a6, 462
core   0: 3 0x80003664 (0x1ce80493) x 9 0x000001ce
core   0: 0x80003668 (0x00000013) nop
core   0: 3 0x80003668 (0x00000013)
core   0: 0x8000366c (0x00d986b3) add     a3, s3, a3
core   0: 3 0x8000366c (0x00d986b3) x13 0x0dccf43c
core   0: 0x80003670 (0x01053fb3) sltu    t6, a0, a6
core   0: 3 0x80003670 (0x01053fb3) x31 0x00000000
core   0: 0x80003674 (0x01e32833) slt     a6, t1, t5
core   0: 3 0x80003674 (0x01e32833) x16 0x00000001
core   0: 0x80003678 (0x00fe5013) srli    zero, t3, 15
core   0: 3 0x80003678 (0x00fe5013)
core   0: 0x8000367c (0x01dfe1b3) or      gp, t6, t4
core   0: 3 0x8000367c (0x01dfe1b3) x 3 0x00000000
core   0: 0x80003680 (0x01f5db93) srli    s7, a1, 31
core   0: 3 0x80003680 (0x01f5db93) x23 0x00000000
core   0: 0x80003684 (0xd2d16713) ori     a4, sp, -723
core   0: 3 0x80003684 (0xd2d16713) x14 0xffffff6d
core   0: 0x80003688 (0x69dbbf93) sltiu   t6, s7, 1693
core   0: 3 0x80003688 (0x69dbbf93) x31 0x00000001
core   0: 0x8000368c (0x2d39a593) slti    a1, s3, 723
core   0: 3 0x8000368c (0x2d39a593) x11 0x00000001
core   0: 0x80003690 (0x011cd6b3) srl     a3, s9, a7
core   0: 3 0x80003690 (0x011cd6b3) x13 0x00000001
core   0: 0x80003694 (0x01d841b3) xor     gp, a6, t4
core   0: 3 0x80003694 (0x01d841b3) x 3 0x00000001
core   0: 0x80003698 (0xee802813) slti    a6, zero, -280
core   0: 3 0x80003698 (0xee802813) x16 0x00000000
core   0: 0x8000369c (0x016efc33) and     s8, t4, s6
core   0: 3 0x8000369c (0x016efc33) x24 0x00000000
core   0: 0x800036a0 (0x8433c193) xori    gp, t2, -1981
core   0: 3 0x800036a0 (0x8433c193) x 3 0x7ffee627
core   0: 0x800036a4 (0x41f4d213) srai    tp, s1, 31
core   0: 3 0x800036a4 (0x41f4d213) x 4 0x00000000
core   0: 0x800036a8 (0x2e342693) slti    a3, s0, 739
core   0: 3 0x800036a8 (0x2e342693) x13 0x00000001
core   0: 0x800036ac (0x31865137) lui     sp, 0x31865
core   0: 3 0x800036ac (0x31865137) x 2 0x31865000
core   0: 0x800036b0 (0x00e95cb3) srl     s9, s2, a4
core   0: 3 0x800036b0 (0x00e95cb3) x25 0x0007ffff
core   0: 0x800036b4 (0x40ee5093) srai    ra, t3, 14
core   0: 3 0x800036b4 (0x40ee5093) x 1 0x00000000
core   0: 0x800036b8 (0x01481f93) slli    t6, a6, 20
core   0: 3 0x800036b8 (0x01481f93) x31 0x00000000
core   0: 0x800036bc (0x010f8bb3) add     s7, t6, a6
core   0: 3 0x800036bc (0x010f8bb3) x23 0x00000000
core   0: 0x800036c0 (0x9415bf13) sltiu   t5, a1, -1727
core   0: 3 0x800036c0 (0x9415bf13) x30 0x00000001
core   0: 0x800036c4 (0x87badfb7) lui     t6, 0x87bad
core   0: 3 0x800036c4 (0x87badfb7) x31 0x87bad000
core   0: 0x800036c8 (0x00c89993) slli    s3, a7, 12
core   0: 3 0x800036c8 (0x00c89993) x19 0x20000000
core   0: 0x800036cc (0x01bc1013) slli    zero, s8, 27
core   0: 3 0x800036cc (0x01bc1013)
core   0: 0x800036d0 (0x01dab1b3) sltu    gp, s5, t4
core   0: 3 0x800036d0 (0x01dab1b3) x 3 0x00000000
core   0: 0x800036d4 (0x1a733f13) sltiu   t5, t1, 423
core   0: 3 0x800036d4 (0x1a733f13) x30 0x00000000
core   0: 0x800036d8 (0x406300b3) sub     ra, t1, t1
core   0: 3 0x800036d8 (0x406300b3) x 1 0x00000000
core   0: 0x800036dc (0x000e6933) or      s2, t3, zero
core   0: 3 0x800036dc (0x000e6933) x18 0x00000000
core   0: 0x800036e0 (0xc9a7a813) slti    a6, a5, -870
core   0: 3 0x800036e0 (0xc9a7a813) x16 0x00000001
core   0: 0x800036e4 (0x58eae837) lui     a6, 0x58eae
core   0: 3 0x800036e4 (0x58eae837) x16 0x58eae000
core   0: 0x800036e8 (0x00000013) nop
core   0: 3 0x800036e8 (0x00000013)
core   0: 0x800036ec (0xc1f98e93) addi    t4, s3, -993
core   0: 3 0x800036ec (0xc1f98e93) x29 0x1ffffc1f
core   0: 0x800036f0 (0x4157ac13) slti    s8, a5, 1045
core   0: 3 0x800036f0 (0x4157ac13) x24 0x00000001
core   0: 0x800036f4 (0x4155f213) andi    tp, a1, 1045
core   0: 3 0x800036f4 (0x4155f213) x 4 0x00000001
core   0: 0x800036f8 (0x00104533) xor     a0, zero, ra
core   0: 3 0x800036f8 (0x00104533) x10 0x00000000
core   0: 0x800036fc (0x009b3233) sltu    tp, s6, s1
core   0: 3 0x800036fc (0x009b3233) x 4 0x00000000
core   0: 0x80003700 (0x19a93513) sltiu   a0, s2, 410
core   0: 3 0x80003700 (0x19a93513) x10 0x00000001
core   0: 0x80003704 (0x005631b3) sltu    gp, a2, t0
core   0: 3 0x80003704 (0x005631b3) x 3 0x00000001
core   0: 0x80003708 (0x22047293) andi    t0, s0, 544
core   0: 3 0x80003708 (0x22047293) x 5 0x00000000
core   0: 0x8000370c (0x41f70233) sub     tp, a4, t6
core   0: 3 0x8000370c (0x41f70233) x 4 0x78452f6d
core   0: 0x80003710 (0x00bc6d33) or      s10, s8, a1
core   0: 3 0x80003710 (0x00bc6d33) x26 0x00000001
core   0: 0x80003714 (0xb7457913) andi    s2, a0, -1164
core   0: 3 0x80003714 (0xb7457913) x18 0x00000000
core   0: 0x80003718 (0xa2a98f13) addi    t5, s3, -1494
core   0: 3 0x80003718 (0xa2a98f13) x30 0x1ffffa2a
core   0: 0x8000371c (0x409fd513) srai    a0, t6, 9
core   0: 3 0x8000371c (0x409fd513) x10 0xffc3dd68
core   0: 0x80003720 (0x016bce33) xor     t3, s7, s6
core   0: 3 0x80003720 (0x016bce33) x28 0x0bdc9000
core   0: 0x80003724 (0x011110b3) sll     ra, sp, a7
core   0: 3 0x80003724 (0x011110b3) x 1 0x31865000
core   0: 0x80003728 (0x007352b3) srl     t0, t1, t2
core   0: 3 0x80003728 (0x007352b3) x 5 0x018f31f7
core   0: 0x8000372c (0xc3822f13) slti    t5, tp, -968
core   0: 3 0x8000372c (0xc3822f13) x30 0x00000000
core   0: 0x80003730 (0x086ea313) slti    t1, t4, 134
core   0: 3 0x80003730 (0x086ea313) x 6 0x00000000
core   0: 0x80003734 (0x00b09e33) sll     t3, ra, a1
core   0: 3 0x80003734 (0x00b09e33) x28 0x630ca000
core   0: 0x80003738 (0x8ac1ee93) ori     t4, gp, -1876
core   0: 3 0x80003738 (0x8ac1ee93) x29 0xfffff8ad
core   0: 0x8000373c (0x01f0b6b3) sltu    a3, ra, t6
core   0: 3 0x8000373c (0x01f0b6b3) x13 0x00000001
core   0: 0x80003740 (0x0000e733) or      a4, ra, zero
core   0: 3 0x80003740 (0x0000e733) x14 0x31865000
core   0: 0x80003744 (0xb1c5e293) ori     t0, a1, -1252
core   0: 3 0x80003744 (0xb1c5e293) x 5 0xfffffb1d
core   0: 0x80003748 (0x4e404693) xori    a3, zero, 1252
core   0: 3 0x80003748 (0x4e404693) x13 0x000004e4
core   0: 0x8000374c (0x6c373913) sltiu   s2, a4, 1731
core   0: 3 0x8000374c (0x6c373913) x18 0x00000000
core   0: 0x80003750 (0x8650b513) sltiu   a0, ra, -1947
core   0: 3 0x80003750 (0x8650b513) x10 0x00000001
core   0: 0x80003754 (0x2e4edb37) lui     s6, 0x2e4ed
core   0: 3 0x80003754 (0x2e4edb37) x22 0x2e4ed000
core   0: 0x80003758 (0x0003ceb3) xor     t4, t2, zero
core   0: 3 0x80003758 (0x0003ceb3) x29 0x80011e64
core   0: 0x8000375c (0x73376913) ori     s2, a4, 1843
core   0: 3 0x8000375c (0x73376913) x18 0x31865733
core   0: 0x80003760 (0x01d52fb3) slt     t6, a0, t4
core   0: 3 0x80003760 (0x01d52fb3) x31 0x00000000
core   0: 0x80003764 (0x005d1fb3) sll     t6, s10, t0
core   0: 3 0x80003764 (0x005d1fb3) x31 0x20000000
core   0: 0x80003768 (0x1b9c1497) auipc   s1, 0x1b9c1
core   0: 3 0x80003768 (0x1b9c1497) x 9 0x9b9c4768
core   0: 0x8000376c (0x018e08b3) add     a7, t3, s8
core   0: 3 0x8000376c (0x018e08b3) x17 0x630ca001
core   0: 0x80003770 (0x00000013) nop
core   0: 3 0x80003770 (0x00000013)
core   0: 0x80003774 (0x41d0db13) srai    s6, ra, 29
core   0: 3 0x80003774 (0x41d0db13) x22 0x00000001
core   0: 0x80003778 (0x00569993) slli    s3, a3, 5
core   0: 3 0x80003778 (0x00569993) x19 0x00009c80
core   0: 0x8000377c (0x01fd5093) srli    ra, s10, 31
core   0: 3 0x8000377c (0x01fd5093) x 1 0x00000000
core   0: 0x80003780 (0x2c69fc13) andi    s8, s3, 710
core   0: 3 0x80003780 (0x2c69fc13) x24 0x00000080
core   0: 0x80003784 (0x603ef697) auipc   a3, 0x603ef
core   0: 3 0x80003784 (0x603ef697) x13 0xe03f2784
core   0: 0x80003788 (0x004b5d13) srli    s10, s6, 4
core   0: 3 0x80003788 (0x004b5d13) x26 0x00000000
core   0: 0x8000378c (0x00d07c33) and     s8, zero, a3
core   0: 3 0x8000378c (0x00d07c33) x24 0x00000000
core   0: 0x80003790 (0x1e9aaa93) slti    s5, s5, 489
core   0: 3 0x80003790 (0x1e9aaa93) x21 0x00000000
core   0: 0x80003794 (0xe0295937) lui     s2, 0xe0295
core   0: 3 0x80003794 (0xe0295937) x18 0xe0295000
core   0: 0x80003798 (0x01d9aeb3) slt     t4, s3, t4
core   0: 3 0x80003798 (0x01d9aeb3) x29 0x00000000
core   0: 0x8000379c (0x01dd3bb3) sltu    s7, s10, t4
core   0: 3 0x8000379c (0x01dd3bb3) x23 0x00000000
core   0: 0x800037a0 (0x01db1f13) slli    t5, s6, 29
core   0: 3 0x800037a0 (0x01db1f13) x30 0x20000000
core   0: 0x800037a4 (0x053d7193) andi    gp, s10, 83
core   0: 3 0x800037a4 (0x053d7193) x 3 0x00000000
core   0: 0x800037a8 (0x00d85313) srli    t1, a6, 13
core   0: 3 0x800037a8 (0x00d85313) x 6 0x0002c757
core   0: 0x800037ac (0xc2105fb7) lui     t6, 0xc2105
core   0: 3 0x800037ac (0xc2105fb7) x31 0xc2105000
core   0: 0x800037b0 (0x410f5213) srai    tp, t5, 16
core   0: 3 0x800037b0 (0x410f5213) x 4 0x00002000
core   0: 0x800037b4 (0xcc44ff17) auipc   t5, 0xcc44f
core   0: 3 0x800037b4 (0xcc44ff17) x30 0x4c4527b4
core   0: 0x800037b8 (0x41c45a13) srai    s4, s0, 28
core   0: 3 0x800037b8 (0x41c45a13) x20 0x00000000
core   0: 0x800037bc (0x011d1413) slli    s0, s10, 17
core   0: 3 0x800037bc (0x011d1413) x 8 0x00000000
core   0: 0x800037c0 (0x5ad5a313) slti    t1, a1, 1453
core   0: 3 0x800037c0 (0x5ad5a313) x 6 0x00000001
core   0: 0x800037c4 (0x019bd993) srli    s3, s7, 25
core   0: 3 0x800037c4 (0x019bd993) x19 0x00000000
core   0: 0x800037c8 (0x169f0193) addi    gp, t5, 361
core   0: 3 0x800037c8 (0x169f0193) x 3 0x4c45291d
core   0: 0x800037cc (0x004a8533) add     a0, s5, tp
core   0: 3 0x800037cc (0x004a8533) x10 0x00002000
core   0: 0x800037d0 (0x01cef1b3) and     gp, t4, t3
core   0: 3 0x800037d0 (0x01cef1b3) x 3 0x00000000
core   0: 0x800037d4 (0x009d9013) slli    zero, s11, 9
core   0: 3 0x800037d4 (0x009d9013)
core   0: 0x800037d8 (0x09353893) sltiu   a7, a0, 147
core   0: 3 0x800037d8 (0x09353893) x17 0x00000000
core   0: 0x800037dc (0x31788813) addi    a6, a7, 791
core   0: 3 0x800037dc (0x31788813) x16 0x00000317
core   0: 0x800037e0 (0xd984ef93) ori     t6, s1, -616
core   0: 3 0x800037e0 (0xd984ef93) x31 0xfffffff8
core   0: 0x800037e4 (0x00f9a133) slt     sp, s3, a5
core   0: 3 0x800037e4 (0x00f9a133) x 2 0x00000000
core   0: 0x800037e8 (0x5d49fbb7) lui     s7, 0x5d49f
core   0: 3 0x800037e8 (0x5d49fbb7) x23 0x5d49f000
core   0: 0x800037ec (0x414e5c13) srai    s8, t3, 20
core   0: 3 0x800037ec (0x414e5c13) x24 0x00000630
core   0: 0x800037f0 (0x01f10133) add     sp, sp, t6
core   0: 3 0x800037f0 (0x01f10133) x 2 0xfffffff8
core   0: 0x800037f4 (0x41c65033) sra     zero, a2, t3
core   0: 3 0x800037f4 (0x41c65033)
core   0: 0x800037f8 (0x01e02b33) slt     s6, zero, t5
core   0: 3 0x800037f8 (0x01e02b33) x22 0x00000001
core   0: 0x800037fc (0x414ed6b3) sra     a3, t4, s4
core   0: 3 0x800037fc (0x414ed6b3) x13 0x00000000
core   0: 0x80003800 (0x3f3d2193) slti    gp, s10, 1011
core   0: 3 0x80003800 (0x3f3d2193) x 3 0x00000001
core   0: 0x80003804 (0x408e0bb3) sub     s7, t3, s0
core   0: 3 0x80003804 (0x408e0bb3) x23 0x630ca000
core   0: 0x80003808 (0x41c48b33) sub     s6, s1, t3
core   0: 3 0x80003808 (0x41c48b33) x22 0x388fa768
core   0: 0x8000380c (0x655ac213) xori    tp, s5, 1621
core   0: 3 0x8000380c (0x655ac213) x 4 0x00000655
core   0: 0x80003810 (0x41bfd8b3) sra     a7, t6, s11
core   0: 3 0x80003810 (0x41bfd8b3) x17 0xffffffff
core   0: 0x80003814 (0x26b27a93) andi    s5, tp, 619
core   0: 3 0x80003814 (0x26b27a93) x21 0x00000241
core   0: 0x80003818 (0x23e8b493) sltiu   s1, a7, 574
core   0: 3 0x80003818 (0x23e8b493) x 9 0x00000000
core   0: 0x8000381c (0x849e2c93) slti    s9, t3, -1975
core   0: 3 0x8000381c (0x849e2c93) x25 0x00000000
core   0: 0x80003820 (0x01ebda33) srl     s4, s7, t5
core   0: 3 0x80003820 (0x01ebda33) x20 0x00000630
core   0: 0x80003824 (0x014aed33) or      s10, s5, s4
core   0: 3 0x80003824 (0x014aed33) x26 0x00000671
core   0: 0x80003828 (0x00697bb3) and     s7, s2, t1
core   0: 3 0x80003828 (0x00697bb3) x23 0x00000000
core   0: 0x8000382c (0x42a2ef93) ori     t6, t0, 1066
core   0: 3 0x8000382c (0x42a2ef93) x31 0xffffff3f
core   0: 0x80003830 (0x6264ef17) auipc   t5, 0x6264e
core   0: 3 0x80003830 (0x6264ef17) x30 0xe2651830
core   0: 0x80003834 (0x97f3bb17) auipc   s6, 0x97f3b
core   0: 3 0x80003834 (0x97f3bb17) x22 0x17f3e834
core   0: 0x80003838 (0x41510a33) sub     s4, sp, s5
core   0: 3 0x80003838 (0x41510a33) x20 0xfffffdb7
core   0: 0x8000383c (0x008f9b93) slli    s7, t6, 8
core   0: 3 0x8000383c (0x008f9b93) x23 0xffff3f00
core   0: 0x80003840 (0x9fb38593) addi    a1, t2, -1541
core   0: 3 0x80003840 (0x9fb38593) x11 0x8001185f
core   0: 0x80003844 (0x01a76f33) or      t5, a4, s10
core   0: 3 0x80003844 (0x01a76f33) x30 0x31865671
core   0: 0x80003848 (0x4017de13) srai    t3, a5, 1
core   0: 3 0x80003848 (0x4017de13) x28 0xf3d7686f
core   0: 0x8000384c (0x00550e33) add     t3, a0, t0
core   0: 3 0x8000384c (0x00550e33) x28 0x00001b1d
core   0: 0x80003850 (0x90bf4a93) xori    s5, t5, -1781
core   0: 3 0x80003850 (0x90bf4a93) x21 0xce79af7a
core   0: 0x80003854 (0x01d09693) slli    a3, ra, 29
core   0: 3 0x80003854 (0x01d09693) x13 0x00000000
core   0: 0x80003858 (0x4e8dfc13) andi    s8, s11, 1256
core   0: 3 0x80003858 (0x4e8dfc13) x24 0x000000e0
core   0: 0x8000385c (0x419e5e33) sra     t3, t3, s9
core   0: 3 0x8000385c (0x419e5e33) x28 0x00001b1d
core   0: 0x80003860 (0x8d6e7d93) andi    s11, t3, -1834
core   0: 3 0x80003860 (0x8d6e7d93) x27 0x00001814
core   0: 0x80003864 (0x70d90a93) addi    s5, s2, 1805
core   0: 3 0x80003864 (0x70d90a93) x21 0xe029570d
core   0: 0x80003868 (0x0112d2b3) srl     t0, t0, a7
core   0: 3 0x80003868 (0x0112d2b3) x 5 0x00000001
core   0: 0x8000386c (0x1f1ae413) ori     s0, s5, 497
core   0: 3 0x8000386c (0x1f1ae413) x 8 0xe02957fd
core   0: 0x80003870 (0x3b75dc37) lui     s8, 0x3b75d
core   0: 3 0x80003870 (0x3b75dc37) x24 0x3b75d000
core   0: 0x80003874 (0x01d39d13) slli    s10, t2, 29
core   0: 3 0x80003874 (0x01d39d13) x26 0x80000000
core   0: 0x80003878 (0xc1723113) sltiu   sp, tp, -1001
core   0: 3 0x80003878 (0xc1723113) x 2 0x00000001
core   0: 0x8000387c (0x14d6aa13) slti    s4, a3, 333
core   0: 3 0x8000387c (0x14d6aa13) x20 0x00000001
core   0: 0x80003880 (0x7cbabd13) sltiu   s10, s5, 1995
core   0: 3 0x80003880 (0x7cbabd13) x26 0x00000000
core   0: 0x80003884 (0x5acc8513) addi    a0, s9, 1452
core   0: 3 0x80003884 (0x5acc8513) x10 0x000005ac
core   0: 0x80003888 (0x00fcd913) srli    s2, s9, 15
core   0: 3 0x80003888 (0x00fcd913) x18 0x00000000
core   0: 0x8000388c (0x0065dd93) srli    s11, a1, 6
core   0: 3 0x8000388c (0x0065dd93) x27 0x02000461
core   0: 0x80003890 (0x40e80e33) sub     t3, a6, a4
core   0: 3 0x80003890 (0x40e80e33) x28 0xce79b317
core   0: 0x80003894 (0x4106dfb3) sra     t6, a3, a6
core   0: 3 0x80003894 (0x4106dfb3) x31 0x00000000
core   0: 0x80003898 (0xe525fd13) andi    s10, a1, -430
core   0: 3 0x80003898 (0xe525fd13) x26 0x80011852
core   0: 0x8000389c (0x00c4a0b3) slt     ra, s1, a2
core   0: 3 0x8000389c (0x00c4a0b3) x 1 0x00000000
core   0: 0x800038a0 (0x01a26333) or      t1, tp, s10
core   0: 3 0x800038a0 (0x01a26333) x 6 0x80011e57
core   0: 0x800038a4 (0x6f1d71b7) lui     gp, 0x6f1d7
core   0: 3 0x800038a4 (0x6f1d71b7) x 3 0x6f1d7000
core   0: 0x800038a8 (0x01179333) sll     t1, a5, a7
core   0: 3 0x800038a8 (0x01179333) x 6 0x80000000
core   0: 0x800038ac (0x3a776c93) ori     s9, a4, 935
core   0: 3 0x800038ac (0x3a776c93) x25 0x318653a7
core   0: 0x800038b0 (0x00c6a8b3) slt     a7, a3, a2
core   0: 3 0x800038b0 (0x00c6a8b3) x17 0x00000000
core   0: 0x800038b4 (0x003fef33) or      t5, t6, gp
core   0: 3 0x800038b4 (0x003fef33) x30 0x6f1d7000
core   0: 0x800038b8 (0xd6cc4497) auipc   s1, 0xd6cc4
core   0: 3 0x800038b8 (0xd6cc4497) x 9 0x56cc78b8
core   0: 0x800038bc (0x3134f693) andi    a3, s1, 787
core   0: 3 0x800038bc (0x3134f693) x13 0x00000010
core   0: 0x800038c0 (0x004ca5b3) slt     a1, s9, tp
core   0: 3 0x800038c0 (0x004ca5b3) x11 0x00000000
core   0: 0x800038c4 (0x01815113) srli    sp, sp, 24
core   0: 3 0x800038c4 (0x01815113) x 2 0x00000000
core   0: 0x800038c8 (0x40da5493) srai    s1, s4, 13
core   0: 3 0x800038c8 (0x40da5493) x 9 0x00000000
core   0: 0x800038cc (0x303dbb13) sltiu   s6, s11, 771
core   0: 3 0x800038cc (0x303dbb13) x22 0x00000000
core   0: 0x800038d0 (0x01a9c6b3) xor     a3, s3, s10
core   0: 3 0x800038d0 (0x01a9c6b3) x13 0x80011852
core   0: 0x800038d4 (0x01bd7e33) and     t3, s10, s11
core   0: 3 0x800038d4 (0x01bd7e33) x28 0x00000040
core   0: 0x800038d8 (0x675c3913) sltiu   s2, s8, 1653
core   0: 3 0x800038d8 (0x675c3913) x18 0x00000000
core   0: 0x800038dc (0x3d453f13) sltiu   t5, a0, 980
core   0: 3 0x800038dc (0x3d453f13) x30 0x00000000
core   0: 0x800038e0 (0x0105ed33) or      s10, a1, a6
core   0: 3 0x800038e0 (0x0105ed33) x26 0x00000317
core   0: 0x800038e4 (0x01723433) sltu    s0, tp, s7
core   0: 3 0x800038e4 (0x01723433) x 8 0x00000001
core   0: 0x800038e8 (0x6e23aa97) auipc   s5, 0x6e23a
core   0: 3 0x800038e8 (0x6e23aa97) x21 0xee23d8e8
core   0: 0x800038ec (0x9e2dbf13) sltiu   t5, s11, -1566
core   0: 3 0x800038ec (0x9e2dbf13) x30 0x00000001
core   0: 0x800038f0 (0xe9c2fb93) andi    s7, t0, -356
core   0: 3 0x800038f0 (0xe9c2fb93) x23 0x00000000
core   0: 0x800038f4 (0xf59d8a97) auipc   s5, 0xf59d8
core   0: 3 0x800038f4 (0xf59d8a97) x21 0x759db8f4
core   0: 0x800038f8 (0x01261b33) sll     s6, a2, s2
core   0: 3 0x800038f8 (0x01261b33) x22 0x80015ce4
core   0: 0x800038fc (0xc3b964b7) lui     s1, 0xc3b96
core   0: 3 0x800038fc (0xc3b964b7) x 9 0xc3b96000
core   0: 0x80003900 (0x3566a713) slti    a4, a3, 854
core   0: 3 0x80003900 (0x3566a713) x14 0x00000001
core   0: 0x80003904 (0xde9e8117) auipc   sp, 0xde9e8
core   0: 3 0x80003904 (0xde9e8117) x 2 0x5e9eb904
core   0: 0x80003908 (0x4199de13) srai    t3, s3, 25
core   0: 3 0x80003908 (0x4199de13) x28 0x00000000
core   0: 0x8000390c (0x00a949b3) xor     s3, s2, a0
core   0: 3 0x8000390c (0x00a949b3) x19 0x000005ac
core   0: 0x80003910 (0x407e8db3) sub     s11, t4, t2
core   0: 3 0x80003910 (0x407e8db3) x27 0x7ffee19c
core   0: 0x80003914 (0x00b91413) slli    s0, s2, 11
core   0: 3 0x80003914 (0x00b91413) x 8 0x00000000
core   0: 0x80003918 (0x00e39093) slli    ra, t2, 14
core   0: 3 0x80003918 (0x00e39093) x 1 0x47990000
core   0: 0x8000391c (0x00d59813) slli    a6, a1, 13
core   0: 3 0x8000391c (0x00d59813) x16 0x00000000
core   0: 0x80003920 (0x01c03233) snez    tp, t3
core   0: 3 0x80003920 (0x01c03233) x 4 0x00000000
core   0: 0x80003924 (0xa7ccae13) slti    t3, s9, -1412
core   0: 3 0x80003924 (0xa7ccae13) x28 0x00000000
core   0: 0x80003928 (0x41bc0033) sub     zero, s8, s11
core   0: 3 0x80003928 (0x41bc0033)
core   0: 0x8000392c (0x00932033) slt     zero, t1, s1
core   0: 3 0x8000392c (0x00932033)
core   0: 0x80003930 (0x40b2dbb3) sra     s7, t0, a1
core   0: 3 0x80003930 (0x40b2dbb3) x23 0x00000001
core   0: 0x80003934 (0x40a0deb3) sra     t4, ra, a0
core   0: 3 0x80003934 (0x40a0deb3) x29 0x00047990
core   0: 0x80003938 (0x01a038b3) snez    a7, s10
core   0: 3 0x80003938 (0x01a038b3) x17 0x00000001
core   0: 0x8000393c (0x08076f13) ori     t5, a4, 128
core   0: 3 0x8000393c (0x08076f13) x30 0x00000081
core   0: 0x80003940 (0x90be6db7) lui     s11, 0x90be6
core   0: 3 0x80003940 (0x90be6db7) x27 0x90be6000
core   0: 0x80003944 (0xd949cf93) xori    t6, s3, -620
core   0: 3 0x80003944 (0xd949cf93) x31 0xfffff838
core   0: 0x80003948 (0xde68b193) sltiu   gp, a7, -538
core   0: 3 0x80003948 (0xde68b193) x 3 0x00000001
core   0: 0x8000394c (0x40ef5833) sra     a6, t5, a4
core   0: 3 0x8000394c (0x40ef5833) x16 0x00000040
core   0: 0x80003950 (0x01cd1f33) sll     t5, s10, t3
core   0: 3 0x80003950 (0x01cd1f33) x30 0x00000317
core   0: 0x80003954 (0x41765433) sra     s0, a2, s7
core   0: 3 0x80003954 (0x41765433) x 8 0xc000ae72
core   0: 0x80003958 (0x7ec4ee13) ori     t3, s1, 2028
core   0: 3 0x80003958 (0x7ec4ee13) x28 0xc3b967ec
core   0: 0x8000395c (0xf1c7ef93) ori     t6, a5, -228
core   0: 3 0x8000395c (0xf1c7ef93) x31 0xffffffdf
core   0: 0x80003960 (0x4884d217) auipc   tp, 0x4884d
core   0: 3 0x80003960 (0x4884d217) x 4 0xc8850960
core   0: 0x80003964 (0x00242eb3) slt     t4, s0, sp
core   0: 3 0x80003964 (0x00242eb3) x29 0x00000001
core   0: 0x80003968 (0x41c980b3) sub     ra, s3, t3
core   0: 3 0x80003968 (0x41c980b3) x 1 0x3c469dc0
core   0: 0x8000396c (0x00a66e33) or      t3, a2, a0
core   0: 3 0x8000396c (0x00a66e33) x28 0x80015dec
core   0: 0x80003970 (0xa0524db7) lui     s11, 0xa0524
core   0: 3 0x80003970 (0xa0524db7) x27 0xa0524000
core   0: 0x80003974 (0x0192d313) srli    t1, t0, 25
core   0: 3 0x80003974 (0x0192d313) x 6 0x00000000
core   0: 0x80003978 (0xdb946013) ori     zero, s0, -583
core   0: 3 0x80003978 (0xdb946013)
core   0: 0x8000397c (0x0148d413) srli    s0, a7, 20
core   0: 3 0x8000397c (0x0148d413) x 8 0x00000000
core   0: 0x80003980 (0xbc43a513) slti    a0, t2, -1084
core   0: 3 0x80003980 (0xbc43a513) x10 0x00000001
core   0: 0x80003984 (0x01d04333) xor     t1, zero, t4
core   0: 3 0x80003984 (0x01d04333) x 6 0x00000001
core   0: 0x80003988 (0xa4817013) andi    zero, sp, -1464
core   0: 3 0x80003988 (0xa4817013)
core   0: 0x8000398c (0x0e650f93) addi    t6, a0, 230
core   0: 3 0x8000398c (0x0e650f93) x31 0x000000e7
core   0: 0x80003990 (0x004c6ab3) or      s5, s8, tp
core   0: 3 0x80003990 (0x004c6ab3) x21 0xfbf5d960
core   0: 0x80003994 (0x56288e13) addi    t3, a7, 1378
core   0: 3 0x80003994 (0x56288e13) x28 0x00000563
core   0: 0x80003998 (0xe7182d93) slti    s11, a6, -399
core   0: 3 0x80003998 (0xe7182d93) x27 0x00000000
core   0: 0x8000399c (0x00058333) add     t1, a1, zero
core   0: 3 0x8000399c (0x00058333) x 6 0x00000000
core   0: 0x800039a0 (0x00c9b2b3) sltu    t0, s3, a2
core   0: 3 0x800039a0 (0x00c9b2b3) x 5 0x00000001
core   0: 0x800039a4 (0x00f3f733) and     a4, t2, a5
core   0: 3 0x800039a4 (0x00f3f733) x14 0x80001044
core   0: 0x800039a8 (0xf4de8d13) addi    s10, t4, -179
core   0: 3 0x800039a8 (0xf4de8d13) x26 0xffffff4e
core   0: 0x800039ac (0x010b1933) sll     s2, s6, a6
core   0: 3 0x800039ac (0x010b1933) x18 0x80015ce4
core   0: 0x800039b0 (0x9927a313) slti    t1, a5, -1646
core   0: 3 0x800039b0 (0x9927a313) x 6 0x00000001
core   0: 0x800039b4 (0x408c0f33) sub     t5, s8, s0
core   0: 3 0x800039b4 (0x408c0f33) x30 0x3b75d000
core   0: 0x800039b8 (0xd18a0213) addi    tp, s4, -744
core   0: 3 0x800039b8 (0xd18a0213) x 4 0xfffffd19
core   0: 0x800039bc (0x00856933) or      s2, a0, s0
core   0: 3 0x800039bc (0x00856933) x18 0x00000001
core   0: 0x800039c0 (0x39e84f13) xori    t5, a6, 926
core   0: 3 0x800039c0 (0x39e84f13) x30 0x000003de
core   0: 0x800039c4 (0x41a7d713) srai    a4, a5, 26
core   0: 3 0x800039c4 (0x41a7d713) x14 0xfffffff9
core   0: 0x800039c8 (0x0001e0b3) or      ra, gp, zero
core   0: 3 0x800039c8 (0x0001e0b3) x 1 0x00000001
core   0: 0x800039cc (0x768d8913) addi    s2, s11, 1896
core   0: 3 0x800039cc (0x768d8913) x18 0x00000768
core   0: 0x800039d0 (0x41f88033) sub     zero, a7, t6
core   0: 3 0x800039d0 (0x41f88033)
core   0: 0x800039d4 (0x3c152413) slti    s0, a0, 961
core   0: 3 0x800039d4 (0x3c152413) x 8 0x00000001
core   0: 0x800039d8 (0x01923433) sltu    s0, tp, s9
core   0: 3 0x800039d8 (0x01923433) x 8 0x00000000
core   0: 0x800039dc (0xd5bc7c37) lui     s8, 0xd5bc7
core   0: 3 0x800039dc (0xd5bc7c37) x24 0xd5bc7000
core   0: 0x800039e0 (0x011b4e33) xor     t3, s6, a7
core   0: 3 0x800039e0 (0x011b4e33) x28 0x80015ce5
core   0: 0x800039e4 (0x41bbdab3) sra     s5, s7, s11
core   0: 3 0x800039e4 (0x41bbdab3) x21 0x00000001
core   0: 0x800039e8 (0x66f0eb13) ori     s6, ra, 1647
core   0: 3 0x800039e8 (0x66f0eb13) x22 0x0000066f
core   0: 0x800039ec (0x00b73a33) sltu    s4, a4, a1
core   0: 3 0x800039ec (0x00b73a33) x20 0x00000000
core   0: 0x800039f0 (0xf6cdb493) sltiu   s1, s11, -148
core   0: 3 0x800039f0 (0xf6cdb493) x 9 0x00000001
core   0: 0x800039f4 (0x014f5c13) srli    s8, t5, 20
core   0: 3 0x800039f4 (0x014f5c13) x24 0x00000000
core   0: 0x800039f8 (0x92af2f93) slti    t6, t5, -1750
core   0: 3 0x800039f8 (0x92af2f93) x31 0x00000000
core   0: 0x800039fc (0x7bc0bc93) sltiu   s9, ra, 1980
core   0: 3 0x800039fc (0x7bc0bc93) x25 0x00000001
core   0: 0x80003a00 (0x410b8433) sub     s0, s7, a6
core   0: 3 0x80003a00 (0x410b8433) x 8 0xffffffc1
core   0: 0x80003a04 (0x40f05733) sra     a4, zero, a5
core   0: 3 0x80003a04 (0x40f05733) x14 0x00000000
core   0: 0x80003a08 (0x0027feb3) and     t4, a5, sp
core   0: 3 0x80003a08 (0x0027feb3) x29 0x468e9004
core   0: 0x80003a0c (0xcbf68493) addi    s1, a3, -833
core   0: 3 0x80003a0c (0xcbf68493) x 9 0x80011511
core   0: 0x80003a10 (0x13bd1d97) auipc   s11, 0x13bd1
core   0: 3 0x80003a10 (0x13bd1d97) x27 0x93bd4a10
core   0: 0x80003a14 (0xf8021537) lui     a0, 0xf8021
core   0: 3 0x80003a14 (0xf8021537) x10 0xf8021000
core   0: 0x80003a18 (0x01d49bb3) sll     s7, s1, t4
core   0: 3 0x80003a18 (0x01d49bb3) x23 0x00115110
core   0: 0x80003a1c (0x00e391b3) sll     gp, t2, a4
core   0: 3 0x80003a1c (0x00e391b3) x 3 0x80011e64
core   0: 0x80003a20 (0x012446b3) xor     a3, s0, s2
core   0: 3 0x80003a20 (0x012446b3) x13 0xfffff8a9
core   0: 0x80003a24 (0x00175cb3) srl     s9, a4, ra
core   0: 3 0x80003a24 (0x00175cb3) x25 0x00000000
core   0: 0x80003a28 (0x9ffc3513) sltiu   a0, s8, -1537
core   0: 3 0x80003a28 (0x9ffc3513) x10 0x00000001
core   0: 0x80003a2c (0x2c886f13) ori     t5, a6, 712
core   0: 3 0x80003a2c (0x2c886f13) x30 0x000002c8
core   0: 0x80003a30 (0x401f5813) srai    a6, t5, 1
core   0: 3 0x80003a30 (0x401f5813) x16 0x00000164
core   0: 0x80003a34 (0x01ff9193) slli    gp, t6, 31
core   0: 3 0x80003a34 (0x01ff9193) x 3 0x00000000
core   0: 0x80003a38 (0x01569833) sll     a6, a3, s5
core   0: 3 0x80003a38 (0x01569833) x16 0xfffff152
core   0: 0x80003a3c (0x01541293) slli    t0, s0, 21
core   0: 3 0x80003a3c (0x01541293) x 5 0xf8200000
core   0: 0x80003a40 (0x012c9db3) sll     s11, s9, s2
core   0: 3 0x80003a40 (0x012c9db3) x27 0x00000000
core   0: 0x80003a44 (0x00f4ebb3) or      s7, s1, a5
core   0: 3 0x80003a44 (0x00f4ebb3) x23 0xe7afd5df
core   0: 0x80003a48 (0xc42bb913) sltiu   s2, s7, -958
core   0: 3 0x80003a48 (0xc42bb913) x18 0x00000001
core   0: 0x80003a4c (0x40818533) sub     a0, gp, s0
core   0: 3 0x80003a4c (0x40818533) x10 0x0000003f
core   0: 0x80003a50 (0x0155ccb3) xor     s9, a1, s5
core   0: 3 0x80003a50 (0x0155ccb3) x25 0x00000001
core   0: 0x80003a54 (0x00000013) nop
core   0: 3 0x80003a54 (0x00000013)
core   0: 0x80003a58 (0x01238533) add     a0, t2, s2
core   0: 3 0x80003a58 (0x01238533) x10 0x80011e65
core   0: 0x80003a5c (0x6ebf4b93) xori    s7, t5, 1771
core   0: 3 0x80003a5c (0x6ebf4b93) x23 0x00000423
core   0: 0x80003a60 (0xb682bc93) sltiu   s9, t0, -1176
core   0: 3 0x80003a60 (0xb682bc93) x25 0x00000001
core   0: 0x80003a64 (0xaa2bca93) xori    s5, s7, -1374
core   0: 3 0x80003a64 (0xaa2bca93) x21 0xfffffe81
core   0: 0x80003a68 (0x7e0ad717) auipc   a4, 0x7e0ad
core   0: 3 0x80003a68 (0x7e0ad717) x14 0xfe0b0a68
core   0: 0x80003a6c (0x41125193) srai    gp, tp, 17
core   0: 3 0x80003a6c (0x41125193) x 3 0xffffffff
core   0: 0x80003a70 (0x4142db33) sra     s6, t0, s4
core   0: 3 0x80003a70 (0x4142db33) x22 0xf8200000
core   0: 0x80003a74 (0x01cede33) srl     t3, t4, t3
core   0: 3 0x80003a74 (0x01cede33) x28 0x02347480
core   0: 0x80003a78 (0x007e9e93) slli    t4, t4, 7
core   0: 3 0x80003a78 (0x007e9e93) x29 0x47480200
core   0: 0x80003a7c (0x40a486b3) sub     a3, s1, a0
core   0: 3 0x80003a7c (0x40a486b3) x13 0xfffff6ac
core   0: 0x80003a80 (0x01900d33) add     s10, zero, s9
core   0: 3 0x80003a80 (0x01900d33) x26 0x00000001
core   0: 0x80003a84 (0x4b523513) sltiu   a0, tp, 1205
core   0: 3 0x80003a84 (0x4b523513) x10 0x00000000
core   0: 0x80003a88 (0x41700933) sub     s2, zero, s7
core   0: 3 0x80003a88 (0x41700933) x18 0xfffffbdd
core   0: 0x80003a8c (0x01a85e33) srl     t3, a6, s10
core   0: 3 0x80003a8c (0x01a85e33) x28 0x7ffff8a9
core   0: 0x80003a90 (0x0a0eb593) sltiu   a1, t4, 160
core   0: 3 0x80003a90 (0x0a0eb593) x11 0x00000000
core   0: 0x80003a94 (0x014b9e33) sll     t3, s7, s4
core   0: 3 0x80003a94 (0x014b9e33) x28 0x00000423
core   0: 0x80003a98 (0x4199d913) srai    s2, s3, 25
core   0: 3 0x80003a98 (0x4199d913) x18 0x00000000
core   0: 0x80003a9c (0x6e2aa693) slti    a3, s5, 1762
core   0: 3 0x80003a9c (0x6e2aa693) x13 0x00000001
core   0: 0x80003aa0 (0x007b6c33) or      s8, s6, t2
core   0: 3 0x80003aa0 (0x007b6c33) x24 0xf8211e64
core   0: 0x80003aa4 (0x8c6db913) sltiu   s2, s11, -1850
core   0: 3 0x80003aa4 (0x8c6db913) x18 0x00000001
core   0: 0x80003aa8 (0x00000013) nop
core   0: 3 0x80003aa8 (0x00000013)
core   0: 0x80003aac (0xf0df6693) ori     a3, t5, -243
core   0: 3 0x80003aac (0xf0df6693) x13 0xffffffcd
core   0: 0x80003ab0 (0x00e24433) xor     s0, tp, a4
core   0: 3 0x80003ab0 (0x00e24433) x 8 0x01f4f771
core   0: 0x80003ab4 (0xd117c413) xori    s0, a5, -751
core   0: 3 0x80003ab4 (0xd117c413) x 8 0x18512dce
core   0: 0x80003ab8 (0x01a8cd33) xor     s10, a7, s10
core   0: 3 0x80003ab8 (0x01a8cd33) x26 0x00000000
core   0: 0x80003abc (0x41e500b3) sub     ra, a0, t5
core   0: 3 0x80003abc (0x41e500b3) x 1 0xfffffd38
core   0: 0x80003ac0 (0x01df7933) and     s2, t5, t4
core   0: 3 0x80003ac0 (0x01df7933) x18 0x00000200
core   0: 0x80003ac4 (0x012666b3) or      a3, a2, s2
core   0: 3 0x80003ac4 (0x012666b3) x13 0x80015ee4
core   0: 0x80003ac8 (0x41c585b3) sub     a1, a1, t3
core   0: 3 0x80003ac8 (0x41c585b3) x11 0xfffffbdd
core   0: 0x80003acc (0x00aa2f33) slt     t5, s4, a0
core   0: 3 0x80003acc (0x00aa2f33) x30 0x00000000
core   0: 0x80003ad0 (0x7839c893) xori    a7, s3, 1923
core   0: 3 0x80003ad0 (0x7839c893) x17 0x0000022f
core   0: 0x80003ad4 (0x5ee7fa93) andi    s5, a5, 1518
core   0: 3 0x80003ad4 (0x5ee7fa93) x21 0x000000ce
core   0: 0x80003ad8 (0x00000013) nop
core   0: 3 0x80003ad8 (0x00000013)
core   0: 0x80003adc (0x00000013) nop
core   0: 3 0x80003adc (0x00000013)
core   0: 0x80003ae0 (0x0063c233) xor     tp, t2, t1
core   0: 3 0x80003ae0 (0x0063c233) x 4 0x80011e65
core   0: 0x80003ae4 (0xcdcbe437) lui     s0, 0xcdcbe
core   0: 3 0x80003ae4 (0xcdcbe437) x 8 0xcdcbe000
core   0: 0x80003ae8 (0x049bef93) ori     t6, s7, 73
core   0: 3 0x80003ae8 (0x049bef93) x31 0x0000046b
core   0: 0x80003aec (0x88c7c293) xori    t0, a5, -1908
core   0: 3 0x80003aec (0x88c7c293) x 5 0x18512853
core   0: 0x80003af0 (0x008f5bb3) srl     s7, t5, s0
core   0: 3 0x80003af0 (0x008f5bb3) x23 0x00000000
core   0: 0x80003af4 (0xdc793bb7) lui     s7, 0xdc793
core   0: 3 0x80003af4 (0xdc793bb7) x23 0xdc793000
core   0: 0x80003af8 (0x40275893) srai    a7, a4, 2
core   0: 3 0x80003af8 (0x40275893) x17 0xff82c29a
core   0: 0x80003afc (0x54f9f293) andi    t0, s3, 1359
core   0: 3 0x80003afc (0x54f9f293) x 5 0x0000050c
core   0: 0x80003b00 (0x00722033) slt     zero, tp, t2
core   0: 3 0x80003b00 (0x00722033)
core   0: 0x80003b04 (0x0149f5b3) and     a1, s3, s4
core   0: 3 0x80003b04 (0x0149f5b3) x11 0x00000000
core   0: 0x80003b08 (0x00000013) nop
core   0: 3 0x80003b08 (0x00000013)
core   0: 0x80003b0c (0xd887bf13) sltiu   t5, a5, -632
core   0: 3 0x80003b0c (0xd887bf13) x30 0x00000001
core   0: 0x80003b10 (0x00000013) nop
core   0: 3 0x80003b10 (0x00000013)
core   0: 0x80003b14 (0xba4f3713) sltiu   a4, t5, -1116
core   0: 3 0x80003b14 (0xba4f3713) x14 0x00000001
core   0: 0x80003b18 (0x01c21c33) sll     s8, tp, t3
core   0: 3 0x80003b18 (0x01c21c33) x24 0x0008f328
core   0: 0x80003b1c (0xde686c93) ori     s9, a6, -538
core   0: 3 0x80003b1c (0xde686c93) x25 0xfffffdf6
core   0: 0x80003b20 (0x005b49b3) xor     s3, s6, t0
core   0: 3 0x80003b20 (0x005b49b3) x19 0xf820050c
core   0: 0x80003b24 (0xefffd417) auipc   s0, 0xefffd
core   0: 3 0x80003b24 (0xefffd417) x 8 0x70000b24
core   0: 0x80003b28 (0x4054d6b3) sra     a3, s1, t0
core   0: 3 0x80003b28 (0x4054d6b3) x13 0xfff80011
core   0: 0x80003b2c (0x00c114b3) sll     s1, sp, a2
core   0: 3 0x80003b2c (0x00c114b3) x 9 0xe9eb9040
core   0: 0x80003b30 (0x01b5ddb3) srl     s11, a1, s11
core   0: 3 0x80003b30 (0x01b5ddb3) x27 0x00000000
core   0: 0x80003b34 (0x14c1ea13) ori     s4, gp, 332
core   0: 3 0x80003b34 (0x14c1ea13) x20 0xffffffff
core   0: 0x80003b38 (0x01e629b3) slt     s3, a2, t5
core   0: 3 0x80003b38 (0x01e629b3) x19 0x00000001
core   0: 0x80003b3c (0x40f4d1b3) sra     gp, s1, a5
core   0: 3 0x80003b3c (0x40f4d1b3) x 3 0xffffffff
core   0: 0x80003b40 (0x01a50233) add     tp, a0, s10
core   0: 3 0x80003b40 (0x01a50233) x 4 0x00000000
core   0: 0x80003b44 (0x019c68b3) or      a7, s8, s9
core   0: 3 0x80003b44 (0x019c68b3) x17 0xfffffffe
core   0: 0x80003b48 (0x9889f213) andi    tp, s3, -1656
core   0: 3 0x80003b48 (0x9889f213) x 4 0x00000000
core   0: 0x80003b4c (0x01776333) or      t1, a4, s7
core   0: 3 0x80003b4c (0x01776333) x 6 0xdc793001
core   0: 0x80003b50 (0x009e99b3) sll     s3, t4, s1
core   0: 3 0x80003b50 (0x009e99b3) x19 0x47480200
core   0: 0x80003b54 (0x017f1eb3) sll     t4, t5, s7
core   0: 3 0x80003b54 (0x017f1eb3) x29 0x00000001
core   0: 0x80003b58 (0xe1103f93) sltiu   t6, zero, -495
core   0: 3 0x80003b58 (0xe1103f93) x31 0x00000001
core   0: 0x80003b5c (0x00702c33) slt     s8, zero, t2
core   0: 3 0x80003b5c (0x00702c33) x24 0x00000000
core   0: 0x80003b60 (0x01c27133) and     sp, tp, t3
core   0: 3 0x80003b60 (0x01c27133) x 2 0x00000000
core   0: 0x80003b64 (0x8ca57993) andi    s3, a0, -1846
core   0: 3 0x80003b64 (0x8ca57993) x19 0x00000000
core   0: 0x80003b68 (0x012370b3) and     ra, t1, s2
core   0: 3 0x80003b68 (0x012370b3) x 1 0x00000000
core   0: 0x80003b6c (0x51b46f93) ori     t6, s0, 1307
core   0: 3 0x80003b6c (0x51b46f93) x31 0x70000f3f
core   0: 0x80003b70 (0x10806b93) ori     s7, zero, 264
core   0: 3 0x80003b70 (0x10806b93) x23 0x00000108
core   0: 0x80003b74 (0x41015733) sra     a4, sp, a6
core   0: 3 0x80003b74 (0x41015733) x14 0x00000000
core   0: 0x80003b78 (0x60c8fe13) andi    t3, a7, 1548
core   0: 3 0x80003b78 (0x60c8fe13) x28 0x0000060c
core   0: 0x80003b7c (0x015686b3) add     a3, a3, s5
core   0: 3 0x80003b7c (0x015686b3) x13 0xfff800df
core   0: 0x80003b80 (0xe1d4b437) lui     s0, 0xe1d4b
core   0: 3 0x80003b80 (0xe1d4b437) x 8 0xe1d4b000
core   0: 0x80003b84 (0xba770713) addi    a4, a4, -1113
core   0: 3 0x80003b84 (0xba770713) x14 0xfffffba7
core   0: 0x80003b88 (0x011fe0b3) or      ra, t6, a7
core   0: 3 0x80003b88 (0x011fe0b3) x 1 0xffffffff
core   0: 0x80003b8c (0x0154c2b3) xor     t0, s1, s5
core   0: 3 0x80003b8c (0x0154c2b3) x 5 0xe9eb908e
core   0: 0x80003b90 (0x001e30b3) sltu    ra, t3, ra
core   0: 3 0x80003b90 (0x001e30b3) x 1 0x00000001
core   0: 0x80003b94 (0x1ff1be13) sltiu   t3, gp, 511
core   0: 3 0x80003b94 (0x1ff1be13) x28 0x00000000
core   0: 0x80003b98 (0xe4dda493) slti    s1, s11, -435
core   0: 3 0x80003b98 (0xe4dda493) x 9 0x00000000
core   0: 0x80003b9c (0x459c0f17) auipc   t5, 0x459c0
core   0: 3 0x80003b9c (0x459c0f17) x30 0xc59c3b9c
core   0: 0x80003ba0 (0x00afe1b3) or      gp, t6, a0
core   0: 3 0x80003ba0 (0x00afe1b3) x 3 0x70000f3f
core   0: 0x80003ba4 (0x164fbf13) sltiu   t5, t6, 356
core   0: 3 0x80003ba4 (0x164fbf13) x30 0x00000000
core   0: 0x80003ba8 (0x15318093) addi    ra, gp, 339
core   0: 3 0x80003ba8 (0x15318093) x 1 0x70001092
core   0: 0x80003bac (0x18f95b97) auipc   s7, 0x18f95
core   0: 3 0x80003bac (0x18f95b97) x23 0x98f98bac
core   0: 0x80003bb0 (0x4122d9b3) sra     s3, t0, s2
core   0: 3 0x80003bb0 (0x4122d9b3) x19 0xe9eb908e
core   0: 0x80003bb4 (0x014840b3) xor     ra, a6, s4
core   0: 3 0x80003bb4 (0x014840b3) x 1 0x00000ead
core   0: 0x80003bb8 (0x00000013) nop
core   0: 3 0x80003bb8 (0x00000013)
core   0: 0x80003bbc (0x3fca7313) andi    t1, s4, 1020
core   0: 3 0x80003bbc (0x3fca7313) x 6 0x000003fc
core   0: 0x80003bc0 (0x01d18233) add     tp, gp, t4
core   0: 3 0x80003bc0 (0x01d18233) x 4 0x70000f40
core   0: 0x80003bc4 (0x009b0333) add     t1, s6, s1
core   0: 3 0x80003bc4 (0x009b0333) x 6 0xf8200000
core   0: 0x80003bc8 (0xeff70593) addi    a1, a4, -257
core   0: 3 0x80003bc8 (0xeff70593) x11 0xfffffaa6
core   0: 0x80003bcc (0x41065813) srai    a6, a2, 16
core   0: 3 0x80003bcc (0x41065813) x16 0xffff8001
core   0: 0x80003bd0 (0x4155dc33) sra     s8, a1, s5
core   0: 3 0x80003bd0 (0x4155dc33) x24 0xffffffff
core   0: 0x80003bd4 (0x00da0db3) add     s11, s4, a3
core   0: 3 0x80003bd4 (0x00da0db3) x27 0xfff800de
core   0: 0x80003bd8 (0x00000013) nop
core   0: 3 0x80003bd8 (0x00000013)
core   0: 0x80003bdc (0x004a95b3) sll     a1, s5, tp
core   0: 3 0x80003bdc (0x004a95b3) x11 0x000000ce
core   0: 0x80003be0 (0xe326eb13) ori     s6, a3, -462
core   0: 3 0x80003be0 (0xe326eb13) x22 0xfffffeff
core   0: 0x80003be4 (0x40460333) sub     t1, a2, tp
core   0: 3 0x80003be4 (0x40460333) x 6 0x10014da4
core   0: 0x80003be8 (0x012aeeb3) or      t4, s5, s2
core   0: 3 0x80003be8 (0x012aeeb3) x29 0x000002ce
core   0: 0x80003bec (0xe2248593) addi    a1, s1, -478
core   0: 3 0x80003bec (0xe2248593) x11 0xfffffe22
core   0: 0x80003bf0 (0x016706b3) add     a3, a4, s6
core   0: 3 0x80003bf0 (0x016706b3) x13 0xfffffaa6
core   0: 0x80003bf4 (0x0030fb33) and     s6, ra, gp
core   0: 3 0x80003bf4 (0x0030fb33) x22 0x00000e2d
core   0: 0x80003bf8 (0x466f3d93) sltiu   s11, t5, 1126
core   0: 3 0x80003bf8 (0x466f3d93) x27 0x00000001
core   0: 0x80003bfc (0x6b003a13) sltiu   s4, zero, 1712
core   0: 3 0x80003bfc (0x6b003a13) x20 0x00000001
core   0: 0x80003c00 (0x40c5d4b3) sra     s1, a1, a2
core   0: 3 0x80003c00 (0x40c5d4b3) x 9 0xffffffe2
core   0: 0x80003c04 (0x636ad8b7) lui     a7, 0x636ad
core   0: 3 0x80003c04 (0x636ad8b7) x17 0x636ad000
core   0: 0x80003c08 (0x0005a233) slt     tp, a1, zero
core   0: 3 0x80003c08 (0x0005a233) x 4 0x00000001
core   0: 0x80003c0c (0x33b26597) auipc   a1, 0x33b26
core   0: 3 0x80003c0c (0x33b26597) x11 0xb3b29c0c
core   0: 0x80003c10 (0x417d8233) sub     tp, s11, s7
core   0: 3 0x80003c10 (0x417d8233) x 4 0x67067455
core   0: 0x80003c14 (0x01741893) slli    a7, s0, 23
core   0: 3 0x80003c14 (0x01741893) x17 0x00000000
core   0: 0x80003c18 (0x023f2413) slti    s0, t5, 35
core   0: 3 0x80003c18 (0x023f2413) x 8 0x00000001
core   0: 0x80003c1c (0x724e8c93) addi    s9, t4, 1828
core   0: 3 0x80003c1c (0x724e8c93) x25 0x000009f2
core   0: 0x80003c20 (0x009bd513) srli    a0, s7, 9
core   0: 3 0x80003c20 (0x009bd513) x10 0x004c7cc5
core   0: 0x80003c24 (0x00000013) nop
core   0: 3 0x80003c24 (0x00000013)
core   0: 0x80003c28 (0x13b16f93) ori     t6, sp, 315
core   0: 3 0x80003c28 (0x13b16f93) x31 0x0000013b
core   0: 0x80003c2c (0xab91b993) sltiu   s3, gp, -1351
core   0: 3 0x80003c2c (0xab91b993) x19 0x00000001
core   0: 0x80003c30 (0x00000013) nop
core   0: 3 0x80003c30 (0x00000013)
core   0: 0x80003c34 (0x00000013) nop
core   0: 3 0x80003c34 (0x00000013)
core   0: 0x80003c38 (0xb0072e13) slti    t3, a4, -1280
core   0: 3 0x80003c38 (0xb0072e13) x28 0x00000000
core   0: 0x80003c3c (0x017c1813) slli    a6, s8, 23
core   0: 3 0x80003c3c (0x017c1813) x16 0xff800000
core   0: 0x80003c40 (0x716c4417) auipc   s0, 0x716c4
core   0: 3 0x80003c40 (0x716c4417) x 8 0xf16c7c40
core   0: 0x80003c44 (0x02272893) slti    a7, a4, 34
core   0: 3 0x80003c44 (0x02272893) x17 0x00000001
core   0: 0x80003c48 (0x303d6b13) ori     s6, s10, 771
core   0: 3 0x80003c48 (0x303d6b13) x22 0x00000303
core   0: 0x80003c4c (0xb7d1e713) ori     a4, gp, -1155
core   0: 3 0x80003c4c (0xb7d1e713) x14 0xffffff7f
core   0: 0x80003c50 (0x0148d493) srli    s1, a7, 20
core   0: 3 0x80003c50 (0x0148d493) x 9 0x00000000
core   0: 0x80003c54 (0xa3047b17) auipc   s6, 0xa3047
core   0: 3 0x80003c54 (0xa3047b17) x22 0x2304ac54
core   0: 0x80003c58 (0x08410293) addi    t0, sp, 132
core   0: 3 0x80003c58 (0x08410293) x 5 0x00000084
core   0: 0x80003c5c (0x01351f33) sll     t5, a0, s3
core   0: 3 0x80003c5c (0x01351f33) x30 0x0098f98a
core   0: 0x80003c60 (0x941a4317) auipc   t1, 0x941a4
core   0: 3 0x80003c60 (0x941a4317) x 6 0x141a7c60
core   0: 0x80003c64 (0x012c8833) add     a6, s9, s2
core   0: 3 0x80003c64 (0x012c8833) x16 0x00000bf2
core   0: 0x80003c68 (0x9c566813) ori     a6, a2, -1595
core   0: 3 0x80003c68 (0x9c566813) x16 0xfffffde5
core   0: 0x80003c6c (0x00d83133) sltu    sp, a6, a3
core   0: 3 0x80003c6c (0x00d83133) x 2 0x00000000
core   0: 0x80003c70 (0x26a76513) ori     a0, a4, 618
core   0: 3 0x80003c70 (0x26a76513) x10 0xffffff7f
core   0: 0x80003c74 (0x0041f233) and     tp, gp, tp
core   0: 3 0x80003c74 (0x0041f233) x 4 0x60000415
core   0: 0x80003c78 (0x01f64e33) xor     t3, a2, t6
core   0: 3 0x80003c78 (0x01f64e33) x28 0x80015ddf
core   0: 0x80003c7c (0x01225433) srl     s0, tp, s2
core   0: 3 0x80003c7c (0x01225433) x 8 0x60000415
core   0: 0x80003c80 (0x01707733) and     a4, zero, s7
core   0: 3 0x80003c80 (0x01707733) x14 0x00000000
core   0: 0x80003c84 (0x13b81c97) auipc   s9, 0x13b81
core   0: 3 0x80003c84 (0x13b81c97) x25 0x93b84c84
core   0: 0x80003c88 (0x71137893) andi    a7, t1, 1809
core   0: 3 0x80003c88 (0x71137893) x17 0x00000400
core   0: 0x80003c8c (0xc8e02193) slti    gp, zero, -882
core   0: 3 0x80003c8c (0xc8e02193) x 3 0x00000000
core   0: 0x80003c90 (0x8f15a413) slti    s0, a1, -1807
core   0: 3 0x80003c90 (0x8f15a413) x 8 0x00000001
core   0: 0x80003c94 (0x8b9bea93) ori     s5, s7, -1863
core   0: 3 0x80003c94 (0x8b9bea93) x21 0xfffffbbd
core   0: 0x80003c98 (0x41b7dc93) srai    s9, a5, 27
core   0: 3 0x80003c98 (0x41b7dc93) x25 0xfffffffc
core   0: 0x80003c9c (0x9aa1ab93) slti    s7, gp, -1622
core   0: 3 0x80003c9c (0x9aa1ab93) x23 0x00000000
core   0: 0x80003ca0 (0x00000013) nop
core   0: 3 0x80003ca0 (0x00000013)
core   0: 0x80003ca4 (0x01b2b233) sltu    tp, t0, s11
core   0: 3 0x80003ca4 (0x01b2b233) x 4 0x00000000
core   0: 0x80003ca8 (0x407855b3) sra     a1, a6, t2
core   0: 3 0x80003ca8 (0x407855b3) x11 0xffffffde
core   0: 0x80003cac (0x41838fb3) sub     t6, t2, s8
core   0: 3 0x80003cac (0x41838fb3) x31 0x80011e65
core   0: 0x80003cb0 (0xcdb02993) slti    s3, zero, -805
core   0: 3 0x80003cb0 (0xcdb02993) x19 0x00000000
core   0: 0x80003cb4 (0x41b90bb3) sub     s7, s2, s11
core   0: 3 0x80003cb4 (0x41b90bb3) x23 0x000001ff
core   0: 0x80003cb8 (0x90152493) slti    s1, a0, -1791
core   0: 3 0x80003cb8 (0x90152493) x 9 0x00000000
core   0: 0x80003cbc (0x00ffa333) slt     t1, t6, a5
core   0: 3 0x80003cbc (0x00ffa333) x 6 0x00000001
core   0: 0x80003cc0 (0x00af5193) srli    gp, t5, 10
core   0: 3 0x80003cc0 (0x00af5193) x 3 0x0000263e
core   0: 0x80003cc4 (0x011ed733) srl     a4, t4, a7
core   0: 3 0x80003cc4 (0x011ed733) x14 0x000002ce
core   0: 0x80003cc8 (0x018c5233) srl     tp, s8, s8
core   0: 3 0x80003cc8 (0x018c5233) x 4 0x00000001
core   0: 0x80003ccc (0x41be5233) sra     tp, t3, s11
core   0: 3 0x80003ccc (0x41be5233) x 4 0xc000aeef
core   0: 0x80003cd0 (0x00000013) nop
core   0: 3 0x80003cd0 (0x00000013)
core   0: 0x80003cd4 (0x006198b3) sll     a7, gp, t1
core   0: 3 0x80003cd4 (0x006198b3) x17 0x00004c7c
core   0: 0x80003cd8 (0x01027c33) and     s8, tp, a6
core   0: 3 0x80003cd8 (0x01027c33) x24 0xc000ace5
core   0: 0x80003cdc (0x00000013) nop
core   0: 3 0x80003cdc (0x00000013)
core   0: 0x80003ce0 (0x41e55a93) srai    s5, a0, 30
core   0: 3 0x80003ce0 (0x41e55a93) x21 0xffffffff
core   0: 0x80003ce4 (0x2607a013) slti    zero, a5, 608
core   0: 3 0x80003ce4 (0x2607a013)
core   0: 0x80003ce8 (0x4089db13) srai    s6, s3, 8
core   0: 3 0x80003ce8 (0x4089db13) x22 0x00000000
core   0: 0x80003cec (0x419a5113) srai    sp, s4, 25
core   0: 3 0x80003cec (0x419a5113) x 2 0x00000000
core   0: 0x80003cf0 (0x01261db3) sll     s11, a2, s2
core   0: 3 0x80003cf0 (0x01261db3) x27 0x80015ce4
core   0: 0x80003cf4 (0x008db233) sltu    tp, s11, s0
core   0: 3 0x80003cf4 (0x008db233) x 4 0x00000000
core   0: 0x80003cf8 (0x0166ebb3) or      s7, a3, s6
core   0: 3 0x80003cf8 (0x0166ebb3) x23 0xfffffaa6
core   0: 0x80003cfc (0x80237113) andi    sp, t1, -2046
core   0: 3 0x80003cfc (0x80237113) x 2 0x00000000
core   0: 0x80003d00 (0x41eadd33) sra     s10, s5, t5
core   0: 3 0x80003d00 (0x41eadd33) x26 0xffffffff
core   0: 0x80003d04 (0x0127c6b3) xor     a3, a5, s2
core   0: 3 0x80003d04 (0x0127c6b3) x13 0xe7aed2df
core   0: 0x80003d08 (0x40120233) sub     tp, tp, ra
core   0: 3 0x80003d08 (0x40120233) x 4 0xfffff153
core   0: 0x80003d0c (0x00000013) nop
core   0: 3 0x80003d0c (0x00000013)
core   0: 0x80003d10 (0x1db00c93) li      s9, 475
core   0: 3 0x80003d10 (0x1db00c93) x25 0x000001db
core   0: 0x80003d14 (0x41ad05b3) sub     a1, s10, s10
core   0: 3 0x80003d14 (0x41ad05b3) x11 0x00000000
core   0: 0x80003d18 (0x01a3c9b3) xor     s3, t2, s10
core   0: 3 0x80003d18 (0x01a3c9b3) x19 0x7ffee19b
core   0: 0x80003d1c (0x0d6e4c37) lui     s8, 0xd6e4
core   0: 3 0x80003d1c (0x0d6e4c37) x24 0x0d6e4000
core   0: 0x80003d20 (0x002be333) or      t1, s7, sp
core   0: 3 0x80003d20 (0x002be333) x 6 0xfffffaa6
core   0: 0x80003d24 (0x0147c1b3) xor     gp, a5, s4
core   0: 3 0x80003d24 (0x0147c1b3) x 3 0xe7aed0de
core   0: 0x80003d28 (0xf32b2f93) slti    t6, s6, -206
core   0: 3 0x80003d28 (0xf32b2f93) x31 0x00000000
core   0: 0x80003d2c (0x017e6b33) or      s6, t3, s7
core   0: 3 0x80003d2c (0x017e6b33) x22 0xffffffff
core   0: 0x80003d30 (0x50eeb593) sltiu   a1, t4, 1294
core   0: 3 0x80003d30 (0x50eeb593) x11 0x00000001
core   0: 0x80003d34 (0x01da1833) sll     a6, s4, t4
core   0: 3 0x80003d34 (0x01da1833) x16 0x00004000
core   0: 0x80003d38 (0x00f951b3) srl     gp, s2, a5
core   0: 3 0x80003d38 (0x00f951b3) x 3 0x00000000
core   0: 0x80003d3c (0x01c924b3) slt     s1, s2, t3
core   0: 3 0x80003d3c (0x01c924b3) x 9 0x00000000
core   0: 0x80003d40 (0x0083f733) and     a4, t2, s0
core   0: 3 0x80003d40 (0x0083f733) x14 0x00000000
core   0: 0x80003d44 (0x0089b833) sltu    a6, s3, s0
core   0: 3 0x80003d44 (0x0089b833) x16 0x00000000
core   0: 0x80003d48 (0x28a23293) sltiu   t0, tp, 650
core   0: 3 0x80003d48 (0x28a23293) x 5 0x00000000
core   0: 0x80003d4c (0xdb122fb7) lui     t6, 0xdb122
core   0: 3 0x80003d4c (0xdb122fb7) x31 0xdb122000
core   0: 0x80003d50 (0x5fca3993) sltiu   s3, s4, 1532
core   0: 3 0x80003d50 (0x5fca3993) x19 0x00000001
core   0: 0x80003d54 (0x01f7f8b3) and     a7, a5, t6
core   0: 3 0x80003d54 (0x01f7f8b3) x17 0xc3020000
core   0: 0x80003d58 (0x01065a13) srli    s4, a2, 16
core   0: 3 0x80003d58 (0x01065a13) x20 0x00008001
core   0: 0x80003d5c (0x406508b3) sub     a7, a0, t1
core   0: 3 0x80003d5c (0x406508b3) x17 0x000004d9
core   0: 0x80003d60 (0xa481fc13) andi    s8, gp, -1464
core   0: 3 0x80003d60 (0xa481fc13) x24 0x00000000
core   0: 0x80003d64 (0xc29faf93) slti    t6, t6, -983
core   0: 3 0x80003d64 (0xc29faf93) x31 0x00000001
core   0: 0x80003d68 (0x40b55433) sra     s0, a0, a1
core   0: 3 0x80003d68 (0x40b55433) x 8 0xffffffbf
core   0: 0x80003d6c (0x3e06f593) andi    a1, a3, 992
core   0: 3 0x80003d6c (0x3e06f593) x11 0x000002c0
core   0: 0x80003d70 (0x0023d8b3) srl     a7, t2, sp
core   0: 3 0x80003d70 (0x0023d8b3) x17 0x80011e64
core   0: 0x80003d74 (0x41645d93) srai    s11, s0, 22
core   0: 3 0x80003d74 (0x41645d93) x27 0xffffffff
core   0: 0x80003d78 (0x40f9da33) sra     s4, s3, a5
core   0: 3 0x80003d78 (0x40f9da33) x20 0x00000000
core   0: 0x80003d7c (0x0047cab3) xor     s5, a5, tp
core   0: 3 0x80003d7c (0x0047cab3) x21 0x1851218c
core   0: 0x80003d80 (0x41c25d13) srai    s10, tp, 28
core   0: 3 0x80003d80 (0x41c25d13) x26 0xffffffff
core   0: 0x80003d84 (0x6deef293) andi    t0, t4, 1758
core   0: 3 0x80003d84 (0x6deef293) x 5 0x000002ce
core   0: 0x80003d88 (0x001f2533) slt     a0, t5, ra
core   0: 3 0x80003d88 (0x001f2533) x10 0x00000000
core   0: 0x80003d8c (0x40a054b3) sra     s1, zero, a0
core   0: 3 0x80003d8c (0x40a054b3) x 9 0x00000000
core   0: 0x80003d90 (0x00741993) slli    s3, s0, 7
core   0: 3 0x80003d90 (0x00741993) x19 0xffffdf80
core   0: 0x80003d94 (0x01131413) slli    s0, t1, 17
core   0: 3 0x80003d94 (0x01131413) x 8 0xf54c0000
core   0: 0x80003d98 (0xc60caf93) slti    t6, s9, -928
core   0: 3 0x80003d98 (0xc60caf93) x31 0x00000000
core   0: 0x80003d9c (0x00379313) slli    t1, a5, 3
core   0: 3 0x80003d9c (0x00379313) x 6 0x3d7686f8
core   0: 0x80003da0 (0x00065133) srl     sp, a2, zero
core   0: 3 0x80003da0 (0x00065133) x 2 0x80015ce4
core   0: 0x80003da4 (0x01dc3f33) sltu    t5, s8, t4
core   0: 3 0x80003da4 (0x01dc3f33) x30 0x00000001
core   0: 0x80003da8 (0x0f1a8b93) addi    s7, s5, 241
core   0: 3 0x80003da8 (0x0f1a8b93) x23 0x1851227d
core   0: 0x80003dac (0x01071513) slli    a0, a4, 16
core   0: 3 0x80003dac (0x01071513) x10 0x00000000
core   0: 0x80003db0 (0xff72ef93) ori     t6, t0, -9
core   0: 3 0x80003db0 (0xff72ef93) x31 0xffffffff
core   0: 0x80003db4 (0x00e91a13) slli    s4, s2, 14
core   0: 3 0x80003db4 (0x00e91a13) x20 0x00800000
core   0: 0x80003db8 (0x47d0ffb7) lui     t6, 0x47d0f
core   0: 3 0x80003db8 (0x47d0ffb7) x31 0x47d0f000
core   0: 0x80003dbc (0x01076f33) or      t5, a4, a6
core   0: 3 0x80003dbc (0x01076f33) x30 0x00000000
core   0: 0x80003dc0 (0x01209093) slli    ra, ra, 18
core   0: 3 0x80003dc0 (0x01209093) x 1 0x3ab40000
core   0: 0x80003dc4 (0x7c0ab813) sltiu   a6, s5, 1984
core   0: 3 0x80003dc4 (0x7c0ab813) x16 0x00000000
core   0: 0x80003dc8 (0xe7988d93) addi    s11, a7, -391
core   0: 3 0x80003dc8 (0xe7988d93) x27 0x80011cdd
core   0: 0x80003dcc (0x41f20b33) sub     s6, tp, t6
core   0: 3 0x80003dcc (0x41f20b33) x22 0xb82f0153
core   0: 0x80003dd0 (0x40375313) srai    t1, a4, 3
core   0: 3 0x80003dd0 (0x40375313) x 6 0x00000000
core   0: 0x80003dd4 (0x00000013) nop
core   0: 3 0x80003dd4 (0x00000013)
core   0: 0x80003dd8 (0x2ba7bb93) sltiu   s7, a5, 698
core   0: 3 0x80003dd8 (0x2ba7bb93) x23 0x00000000
core   0: 0x80003ddc (0x013d78b3) and     a7, s10, s3
core   0: 3 0x80003ddc (0x013d78b3) x17 0xffffdf80
core   0: 0x80003de0 (0x905d6413) ori     s0, s10, -1787
core   0: 3 0x80003de0 (0x905d6413) x 8 0xffffffff
core   0: 0x80003de4 (0x00fe5d33) srl     s10, t3, a5
core   0: 3 0x80003de4 (0x00fe5d33) x26 0x00000001
core   0: 0x80003de8 (0x00000013) nop
core   0: 3 0x80003de8 (0x00000013)
core   0: 0x80003dec (0x0151d893) srli    a7, gp, 21
core   0: 3 0x80003dec (0x0151d893) x17 0x00000000
core   0: 0x80003df0 (0x0057f1b3) and     gp, a5, t0
core   0: 3 0x80003df0 (0x0057f1b3) x 3 0x000000ce
core   0: 0x80003df4 (0x01a43db3) sltu    s11, s0, s10
core   0: 3 0x80003df4 (0x01a43db3) x27 0x00000000
core   0: 0x80003df8 (0x00761cb3) sll     s9, a2, t2
core   0: 3 0x80003df8 (0x00761cb3) x25 0x0015ce40
core   0: 0x80003dfc (0x6f91ac13) slti    s8, gp, 1785
core   0: 3 0x80003dfc (0x6f91ac13) x24 0x00000001
core   0: 0x80003e00 (0x33e08b93) addi    s7, ra, 830
core   0: 3 0x80003e00 (0x33e08b93) x23 0x3ab4033e
core   0: 0x80003e04 (0x69972913) slti    s2, a4, 1689
core   0: 3 0x80003e04 (0x69972913) x18 0x00000001
core   0: 0x80003e08 (0x4cba0593) addi    a1, s4, 1227
core   0: 3 0x80003e08 (0x4cba0593) x11 0x008004cb
core   0: 0x80003e0c (0x01531b93) slli    s7, t1, 21
core   0: 3 0x80003e0c (0x01531b93) x23 0x00000000
core   0: 0x80003e10 (0x00e5d6b3) srl     a3, a1, a4
core   0: 3 0x80003e10 (0x00e5d6b3) x13 0x008004cb
core   0: 0x80003e14 (0x00a89293) slli    t0, a7, 10
core   0: 3 0x80003e14 (0x00a89293) x 5 0x00000000
core   0: 0x80003e18 (0x00c4bb33) sltu    s6, s1, a2
core   0: 3 0x80003e18 (0x00c4bb33) x22 0x00000001
core   0: 0x80003e1c (0xd2cb2293) slti    t0, s6, -724
core   0: 3 0x80003e1c (0xd2cb2293) x 5 0x00000000
core   0: 0x80003e20 (0x4141dfb3) sra     t6, gp, s4
core   0: 3 0x80003e20 (0x4141dfb3) x31 0x000000ce
core   0: 0x80003e24 (0x00b2c5b3) xor     a1, t0, a1
core   0: 3 0x80003e24 (0x00b2c5b3) x11 0x008004cb
core   0: 0x80003e28 (0x7767f717) auipc   a4, 0x7767f
core   0: 3 0x80003e28 (0x7767f717) x14 0xf7682e28
core   0: 0x80003e2c (0x5c7dc113) xori    sp, s11, 1479
core   0: 3 0x80003e2c (0x5c7dc113) x 2 0x000005c7
core   0: 0x80003e30 (0xc7282f13) slti    t5, a6, -910
core   0: 3 0x80003e30 (0xc7282f13) x30 0x00000000
core   0: 0x80003e34 (0x67eee313) ori     t1, t4, 1662
core   0: 3 0x80003e34 (0x67eee313) x 6 0x000006fe
core   0: 0x80003e38 (0x00de91b3) sll     gp, t4, a3
core   0: 3 0x80003e38 (0x00de91b3) x 3 0x00167000
core   0: 0x80003e3c (0x01295833) srl     a6, s2, s2
core   0: 3 0x80003e3c (0x01295833) x16 0x00000000
core   0: 0x80003e40 (0x00000013) nop
core   0: 3 0x80003e40 (0x00000013)
core   0: 0x80003e44 (0x2a12bb93) sltiu   s7, t0, 673
core   0: 3 0x80003e44 (0x2a12bb93) x23 0x00000001
core   0: 0x80003e48 (0xf9d16f17) auipc   t5, 0xf9d16
core   0: 3 0x80003e48 (0xf9d16f17) x30 0x79d19e48
core   0: 0x80003e4c (0xd7d3a713) slti    a4, t2, -643
core   0: 3 0x80003e4c (0xd7d3a713) x14 0x00000001
core   0: 0x80003e50 (0x019046b3) xor     a3, zero, s9
core   0: 3 0x80003e50 (0x019046b3) x13 0x0015ce40
core   0: 0x80003e54 (0x004510b3) sll     ra, a0, tp
core   0: 3 0x80003e54 (0x004510b3) x 1 0x00000000
core   0: 0x80003e58 (0x01c32fb3) slt     t6, t1, t3
core   0: 3 0x80003e58 (0x01c32fb3) x31 0x00000000
core   0: 0x80003e5c (0x9ad5bd13) sltiu   s10, a1, -1619
core   0: 3 0x80003e5c (0x9ad5bd13) x26 0x00000001
core   0: 0x80003e60 (0x001d8e33) add     t3, s11, ra
core   0: 3 0x80003e60 (0x001d8e33) x28 0x00000000
core   0: 0x80003e64 (0x00000013) nop
core   0: 3 0x80003e64 (0x00000013)
core   0: 0x80003e68 (0xccf0be13) sltiu   t3, ra, -817
core   0: 3 0x80003e68 (0xccf0be13) x28 0x00000001
core   0: 0x80003e6c (0xe3593213) sltiu   tp, s2, -459
core   0: 3 0x80003e6c (0xe3593213) x 4 0x00000001
core   0: 0x80003e70 (0x41e7dc93) srai    s9, a5, 30
core   0: 3 0x80003e70 (0x41e7dc93) x25 0xffffffff
core   0: 0x80003e74 (0x40e751b3) sra     gp, a4, a4
core   0: 3 0x80003e74 (0x40e751b3) x 3 0x00000000
core   0: 0x80003e78 (0x01d95313) srli    t1, s2, 29
core   0: 3 0x80003e78 (0x01d95313) x 6 0x00000000
core   0: 0x80003e7c (0x36f5f213) andi    tp, a1, 879
core   0: 3 0x80003e7c (0x36f5f213) x 4 0x0000004b
core   0: 0x80003e80 (0x01821533) sll     a0, tp, s8
core   0: 3 0x80003e80 (0x01821533) x10 0x00000096
core   0: 0x80003e84 (0x017c1293) slli    t0, s8, 23
core   0: 3 0x80003e84 (0x017c1293) x 5 0x00800000
core   0: 0x80003e88 (0x0028dfb3) srl     t6, a7, sp
core   0: 3 0x80003e88 (0x0028dfb3) x31 0x00000000
core   0: 0x80003e8c (0x11788f93) addi    t6, a7, 279
core   0: 3 0x80003e8c (0x11788f93) x31 0x00000117
core   0: 0x80003e90 (0x9dafb293) sltiu   t0, t6, -1574
core   0: 3 0x80003e90 (0x9dafb293) x 5 0x00000001
core   0: 0x80003e94 (0x01cac433) xor     s0, s5, t3
core   0: 3 0x80003e94 (0x01cac433) x 8 0x1851218d
core   0: 0x80003e98 (0xfccfe513) ori     a0, t6, -52
core   0: 3 0x80003e98 (0xfccfe513) x10 0xffffffdf
core   0: 0x80003e9c (0xe4a7b6b7) lui     a3, 0xe4a7b
core   0: 3 0x80003e9c (0xe4a7b6b7) x13 0xe4a7b000
core   0: 0x80003ea0 (0x04bdb013) sltiu   zero, s11, 75
core   0: 3 0x80003ea0 (0x04bdb013)
core   0: 0x80003ea4 (0x49584293) xori    t0, a6, 1173
core   0: 3 0x80003ea4 (0x49584293) x 5 0x00000495
core   0: 0x80003ea8 (0x73857a13) andi    s4, a0, 1848
core   0: 3 0x80003ea8 (0x73857a13) x20 0x00000718
core   0: 0x80003eac (0x00000013) nop
core   0: 3 0x80003eac (0x00000013)
core   0: 0x80003eb0 (0x00000013) nop
core   0: 3 0x80003eb0 (0x00000013)
core   0: 0x80003eb4 (0x04318d13) addi    s10, gp, 67
core   0: 3 0x80003eb4 (0x04318d13) x26 0x00000043
core   0: 0x80003eb8 (0x00128b33) add     s6, t0, ra
core   0: 3 0x80003eb8 (0x00128b33) x22 0x00000495
core   0: 0x80003ebc (0x004b51b3) srl     gp, s6, tp
core   0: 3 0x80003ebc (0x004b51b3) x 3 0x00000000
core   0: 0x80003ec0 (0x000e06b3) add     a3, t3, zero
core   0: 3 0x80003ec0 (0x000e06b3) x13 0x00000001
core   0: 0x80003ec4 (0x4127dd13) srai    s10, a5, 18
core   0: 3 0x80003ec4 (0x4127dd13) x26 0xfffff9eb
core   0: 0x80003ec8 (0x77a5dd37) lui     s10, 0x77a5d
core   0: 3 0x80003ec8 (0x77a5dd37) x26 0x77a5d000
core   0: 0x80003ecc (0x00776bb3) or      s7, a4, t2
core   0: 3 0x80003ecc (0x00776bb3) x23 0x80011e65
core   0: 0x80003ed0 (0x303fea13) ori     s4, t6, 771
core   0: 3 0x80003ed0 (0x303fea13) x20 0x00000317
core   0: 0x80003ed4 (0x00049293) slli    t0, s1, 0
core   0: 3 0x80003ed4 (0x00049293) x 5 0x00000000
core   0: 0x80003ed8 (0x40f85713) srai    a4, a6, 15
core   0: 3 0x80003ed8 (0x40f85713) x14 0x00000000
core   0: 0x80003edc (0x00ade133) or      sp, s11, a0
core   0: 3 0x80003edc (0x00ade133) x 2 0xffffffdf
core   0: 0x80003ee0 (0x1927a6b7) lui     a3, 0x1927a
core   0: 3 0x80003ee0 (0x1927a6b7) x13 0x1927a000
core   0: 0x80003ee4 (0x41c25293) srai    t0, tp, 28
core   0: 3 0x80003ee4 (0x41c25293) x 5 0x00000000
core   0: 0x80003ee8 (0xd0dffb93) andi    s7, t6, -755
core   0: 3 0x80003ee8 (0xd0dffb93) x23 0x00000105
core   0: 0x80003eec (0xad2bec97) auipc   s9, 0xad2be
core   0: 3 0x80003eec (0xad2bec97) x25 0x2d2c1eec
core   0: 0x80003ef0 (0xa4506717) auipc   a4, 0xa4506
core   0: 3 0x80003ef0 (0xa4506717) x14 0x24509ef0
core   0: 0x80003ef4 (0x01064eb3) xor     t4, a2, a6
core   0: 3 0x80003ef4 (0x01064eb3) x29 0x80015ce4
core   0: 0x80003ef8 (0xf5d8e6b7) lui     a3, 0xf5d8e
core   0: 3 0x80003ef8 (0xf5d8e6b7) x13 0xf5d8e000
core   0: 0x80003efc (0x0017b533) sltu    a0, a5, ra
core   0: 3 0x80003efc (0x0017b533) x10 0x00000000
core   0: 0x80003f00 (0x0036a9b3) slt     s3, a3, gp
core   0: 3 0x80003f00 (0x0036a9b3) x19 0x00000001
core   0: 0x80003f04 (0xdb220b37) lui     s6, 0xdb220
core   0: 3 0x80003f04 (0xdb220b37) x22 0xdb220000
core   0: 0x80003f08 (0x9ad44413) xori    s0, s0, -1619
core   0: 3 0x80003f08 (0x9ad44413) x 8 0xe7aed820
core   0: 0x80003f0c (0x400cd213) srai    tp, s9, 0
core   0: 3 0x80003f0c (0x400cd213) x 4 0x2d2c1eec
core   0: 0x80003f10 (0xd13fe113) ori     sp, t6, -749
core   0: 3 0x80003f10 (0xd13fe113) x 2 0xfffffd17
core   0: 0x80003f14 (0x011421b3) slt     gp, s0, a7
core   0: 3 0x80003f14 (0x011421b3) x 3 0x00000001
core   0: 0x80003f18 (0x59886e13) ori     t3, a6, 1432
core   0: 3 0x80003f18 (0x59886e13) x28 0x00000598
core   0: 0x80003f1c (0xbe6a0f13) addi    t5, s4, -1050
core   0: 3 0x80003f1c (0xbe6a0f13) x30 0xfffffefd
core   0: 0x80003f20 (0x0084bcb3) sltu    s9, s1, s0
core   0: 3 0x80003f20 (0x0084bcb3) x25 0x00000001
core   0: 0x80003f24 (0x00f3bb33) sltu    s6, t2, a5
core   0: 3 0x80003f24 (0x00f3bb33) x22 0x00000001
core   0: 0x80003f28 (0x00000013) nop
core   0: 3 0x80003f28 (0x00000013)
core   0: 0x80003f2c (0x44493113) sltiu   sp, s2, 1092
core   0: 3 0x80003f2c (0x44493113) x 2 0x00000001
core   0: 0x80003f30 (0xfdd4e413) ori     s0, s1, -35
core   0: 3 0x80003f30 (0xfdd4e413) x 8 0xffffffdd
core   0: 0x80003f34 (0x018574b3) and     s1, a0, s8
core   0: 3 0x80003f34 (0x018574b3) x 9 0x00000000
core   0: 0x80003f38 (0x41240eb3) sub     t4, s0, s2
core   0: 3 0x80003f38 (0x41240eb3) x29 0xffffffdc
core   0: 0x80003f3c (0x00f3f6b3) and     a3, t2, a5
core   0: 3 0x80003f3c (0x00f3f6b3) x13 0x80001044
core   0: 0x80003f40 (0x01a99f93) slli    t6, s3, 26
core   0: 3 0x80003f40 (0x01a99f93) x31 0x04000000
core   0: 0x80003f44 (0x01409c93) slli    s9, ra, 20
core   0: 3 0x80003f44 (0x01409c93) x25 0x00000000
core   0: 0x80003f48 (0xc915ff93) andi    t6, a1, -879
core   0: 3 0x80003f48 (0xc915ff93) x31 0x00800481
core   0: 0x80003f4c (0x0175a533) slt     a0, a1, s7
core   0: 3 0x80003f4c (0x0175a533) x10 0x00000000
core   0: 0x80003f50 (0x22050b93) addi    s7, a0, 544
core   0: 3 0x80003f50 (0x22050b93) x23 0x00000220
core   0: 0x80003f54 (0x017e7c33) and     s8, t3, s7
core   0: 3 0x80003f54 (0x017e7c33) x24 0x00000000
core   0: 0x80003f58 (0xb5ad4193) xori    gp, s10, -1190
core   0: 3 0x80003f58 (0xb5ad4193) x 3 0x885a2b5a
core   0: 0x80003f5c (0x003edc93) srli    s9, t4, 3
core   0: 3 0x80003f5c (0x003edc93) x25 0x1ffffffb
core   0: 0x80003f60 (0xc7c29737) lui     a4, 0xc7c29
core   0: 3 0x80003f60 (0xc7c29737) x14 0xc7c29000
core   0: 0x80003f64 (0x0061be33) sltu    t3, gp, t1
core   0: 3 0x80003f64 (0x0061be33) x28 0x00000000
core   0: 0x80003f68 (0xdb4bc493) xori    s1, s7, -588
core   0: 3 0x80003f68 (0xdb4bc493) x 9 0xffffff94
core   0: 0x80003f6c (0xffb76a13) ori     s4, a4, -5
core   0: 3 0x80003f6c (0xffb76a13) x20 0xfffffffb
core   0: 0x80003f70 (0x00b479b3) and     s3, s0, a1
core   0: 3 0x80003f70 (0x00b479b3) x19 0x008004c9
core   0: 0x80003f74 (0x006b1213) slli    tp, s6, 6
core   0: 3 0x80003f74 (0x006b1213) x 4 0x00000040
core   0: 0x80003f78 (0x00e5c133) xor     sp, a1, a4
core   0: 3 0x80003f78 (0x00e5c133) x 2 0xc74294cb
core   0: 0x80003f7c (0x00000013) nop
core   0: 3 0x80003f7c (0x00000013)
core   0: 0x80003f80 (0x408e0db3) sub     s11, t3, s0
core   0: 3 0x80003f80 (0x408e0db3) x27 0x00000023
core   0: 0x80003f84 (0x06fbab93) slti    s7, s7, 111
core   0: 3 0x80003f84 (0x06fbab93) x23 0x00000000
core   0: 0x80003f88 (0x01486733) or      a4, a6, s4
core   0: 3 0x80003f88 (0x01486733) x14 0xfffffffb
core   0: 0x80003f8c (0x012d0a33) add     s4, s10, s2
core   0: 3 0x80003f8c (0x012d0a33) x20 0x77a5d001
core   0: 0x80003f90 (0x40d20533) sub     a0, tp, a3
core   0: 3 0x80003f90 (0x40d20533) x10 0x7fffeffc
core   0: 0x80003f94 (0x0066a933) slt     s2, a3, t1
core   0: 3 0x80003f94 (0x0066a933) x18 0x00000001
core   0: 0x80003f98 (0x6a8bae13) slti    t3, s7, 1704
core   0: 3 0x80003f98 (0x6a8bae13) x28 0x00000001
core   0: 0x80003f9c (0x1abaa893) slti    a7, s5, 427
core   0: 3 0x80003f9c (0x1abaa893) x17 0x00000000
core   0: 0x80003fa0 (0x0114dc33) srl     s8, s1, a7
core   0: 3 0x80003fa0 (0x0114dc33) x24 0xffffff94
core   0: 0x80003fa4 (0x0085d313) srli    t1, a1, 8
core   0: 3 0x80003fa4 (0x0085d313) x 6 0x00008004
core   0: 0x80003fa8 (0x01e8c8b3) xor     a7, a7, t5
core   0: 3 0x80003fa8 (0x01e8c8b3) x17 0xfffffefd
core   0: 0x80003fac (0x01ac02b3) add     t0, s8, s10
core   0: 3 0x80003fac (0x01ac02b3) x 5 0x77a5cf94
core   0: 0x80003fb0 (0x01ee5ab3) srl     s5, t3, t5
core   0: 3 0x80003fb0 (0x01ee5ab3) x21 0x00000000
core   0: 0x80003fb4 (0x8616c137) lui     sp, 0x8616c
core   0: 3 0x80003fb4 (0x8616c137) x 2 0x8616c000
core   0: 0x80003fb8 (0x9d048813) addi    a6, s1, -1584
core   0: 3 0x80003fb8 (0x9d048813) x16 0xfffff964
core   0: 0x80003fbc (0x00e955b3) srl     a1, s2, a4
core   0: 3 0x80003fbc (0x00e955b3) x11 0x00000000
core   0: 0x80003fc0 (0x005a9013) slli    zero, s5, 5
core   0: 3 0x80003fc0 (0x005a9013)
core   0: 0x80003fc4 (0x406a5fb3) sra     t6, s4, t1
core   0: 3 0x80003fc4 (0x406a5fb3) x31 0x077a5d00
core   0: 0x80003fc8 (0xabc62293) slti    t0, a2, -1348
core   0: 3 0x80003fc8 (0xabc62293) x 5 0x00000001
core   0: 0x80003fcc (0x482ec893) xori    a7, t4, 1154
core   0: 3 0x80003fcc (0x482ec893) x17 0xfffffb5e
core   0: 0x80003fd0 (0x00599933) sll     s2, s3, t0
core   0: 3 0x80003fd0 (0x00599933) x18 0x01000992
core   0: 0x80003fd4 (0x01f77e33) and     t3, a4, t6
core   0: 3 0x80003fd4 (0x01f77e33) x28 0x077a5d00
core   0: 0x80003fd8 (0x51c84193) xori    gp, a6, 1308
core   0: 3 0x80003fd8 (0x51c84193) x 3 0xfffffc78
core   0: 0x80003fdc (0x0097d913) srli    s2, a5, 9
core   0: 3 0x80003fdc (0x0097d913) x18 0x0073d768
core   0: 0x80003fe0 (0x4090df13) srai    t5, ra, 9
core   0: 3 0x80003fe0 (0x4090df13) x30 0x00000000
core   0: 0x80003fe4 (0x01802ab3) slt     s5, zero, s8
core   0: 3 0x80003fe4 (0x01802ab3) x21 0x00000000
core   0: 0x80003fe8 (0x001a7ab3) and     s5, s4, ra
core   0: 3 0x80003fe8 (0x001a7ab3) x21 0x00000000
core   0: 0x80003fec (0x007ee2b3) or      t0, t4, t2
core   0: 3 0x80003fec (0x007ee2b3) x 5 0xfffffffc
core   0: 0x80003ff0 (0x00e6ceb3) xor     t4, a3, a4
core   0: 3 0x80003ff0 (0x00e6ceb3) x29 0x7fffefbf
core   0: 0x80003ff4 (0xadbdba13) sltiu   s4, s11, -1317
core   0: 3 0x80003ff4 (0xadbdba13) x20 0x00000001
core   0: 0x80003ff8 (0x006e3733) sltu    a4, t3, t1
core   0: 3 0x80003ff8 (0x006e3733) x14 0x00000000
core   0: 0x80003ffc (0x711b0c13) addi    s8, s6, 1809
core   0: 3 0x80003ffc (0x711b0c13) x24 0x00000712
core   0: 0x80004000 (0x33613693) sltiu   a3, sp, 822
core   0: 3 0x80004000 (0x33613693) x13 0x00000000
core   0: 0x80004004 (0x9e5ceb37) lui     s6, 0x9e5ce
core   0: 3 0x80004004 (0x9e5ceb37) x22 0x9e5ce000
core   0: 0x80004008 (0x00f4f0b3) and     ra, s1, a5
core   0: 3 0x80004008 (0x00f4f0b3) x 1 0xe7aed094
core   0: 0x8000400c (0x8d8ca213) slti    tp, s9, -1832
core   0: 3 0x8000400c (0x8d8ca213) x 4 0x00000000
core   0: 0x80004010 (0x0159de13) srli    t3, s3, 21
core   0: 3 0x80004010 (0x0159de13) x28 0x00000004
core   0: 0x80004014 (0x01938a33) add     s4, t2, s9
core   0: 3 0x80004014 (0x01938a33) x20 0xa0011e5f
core   0: 0x80004018 (0x9e8d8193) addi    gp, s11, -1560
core   0: 3 0x80004018 (0x9e8d8193) x 3 0xfffffa0b
core   0: 0x8000401c (0xcb1fba13) sltiu   s4, t6, -847
core   0: 3 0x8000401c (0xcb1fba13) x20 0x00000001
core   0: 0x80004020 (0x019e5a93) srli    s5, t3, 25
core   0: 3 0x80004020 (0x019e5a93) x21 0x00000000
core   0: 0x80004024 (0x00b87b33) and     s6, a6, a1
core   0: 3 0x80004024 (0x00b87b33) x22 0x00000000
core   0: 0x80004028 (0x7e908713) addi    a4, ra, 2025
core   0: 3 0x80004028 (0x7e908713) x14 0xe7aed87d
core   0: 0x8000402c (0x0026a333) slt     t1, a3, sp
core   0: 3 0x8000402c (0x0026a333) x 6 0x00000000
core   0: 0x80004030 (0xdc70fc37) lui     s8, 0xdc70f
core   0: 3 0x80004030 (0xdc70fc37) x24 0xdc70f000
core   0: 0x80004034 (0x8ba5e8b7) lui     a7, 0x8ba5e
core   0: 3 0x80004034 (0x8ba5e8b7) x17 0x8ba5e000
core   0: 0x80004038 (0x0215a893) slti    a7, a1, 33
core   0: 3 0x80004038 (0x0215a893) x17 0x00000001
core   0: 0x8000403c (0x73264d13) xori    s10, a2, 1842
core   0: 3 0x8000403c (0x73264d13) x26 0x80015bd6
core   0: 0x80004040 (0x01950cb3) add     s9, a0, s9
core   0: 3 0x80004040 (0x01950cb3) x25 0x9fffeff7
core   0: 0x80004044 (0xe94cf113) andi    sp, s9, -364
core   0: 3 0x80004044 (0xe94cf113) x 2 0x9fffee94
core   0: 0x80004048 (0x000d5d33) srl     s10, s10, zero
core   0: 3 0x80004048 (0x000d5d33) x26 0x80015bd6
core   0: 0x8000404c (0x4171da13) srai    s4, gp, 23
core   0: 3 0x8000404c (0x4171da13) x20 0xffffffff
core   0: 0x80004050 (0xc5a0cb93) xori    s7, ra, -934
core   0: 3 0x80004050 (0xc5a0cb93) x23 0x18512cce
core   0: 0x80004054 (0x0103ce33) xor     t3, t2, a6
core   0: 3 0x80004054 (0x0103ce33) x28 0x7ffee700
core   0: 0x80004058 (0x00000013) nop
core   0: 3 0x80004058 (0x00000013)
core   0: 0x8000405c (0x10fd4b93) xori    s7, s10, 271
core   0: 3 0x8000405c (0x10fd4b93) x23 0x80015ad9
core   0: 0x80004060 (0x41b48733) sub     a4, s1, s11
core   0: 3 0x80004060 (0x41b48733) x14 0xffffff71
core   0: 0x80004064 (0xdb6b0093) addi    ra, s6, -586
core   0: 3 0x80004064 (0xdb6b0093) x 1 0xfffffdb6
core   0: 0x80004068 (0x01e32d33) slt     s10, t1, t5
core   0: 3 0x80004068 (0x01e32d33) x26 0x00000000
core   0: 0x8000406c (0x2c9deb13) ori     s6, s11, 713
core   0: 3 0x8000406c (0x2c9deb13) x22 0x000002eb
core   0: 0x80004070 (0x40c600b3) sub     ra, a2, a2
core   0: 3 0x80004070 (0x40c600b3) x 1 0x00000000
core   0: 0x80004074 (0x004fbdb3) sltu    s11, t6, tp
core   0: 3 0x80004074 (0x004fbdb3) x27 0x00000000
core   0: 0x80004078 (0x39ae0c93) addi    s9, t3, 922
core   0: 3 0x80004078 (0x39ae0c93) x25 0x7ffeea9a
core   0: 0x8000407c (0x40000333) sub     t1, zero, zero
core   0: 3 0x8000407c (0x40000333) x 6 0x00000000
core   0: 0x80004080 (0xeb5d4f93) xori    t6, s10, -331
core   0: 3 0x80004080 (0xeb5d4f93) x31 0xfffffeb5
core   0: 0x80004084 (0x82f08a37) lui     s4, 0x82f08
core   0: 3 0x80004084 (0x82f08a37) x20 0x82f08000
core   0: 0x80004088 (0x2d07fd93) andi    s11, a5, 720
core   0: 3 0x80004088 (0x2d07fd93) x27 0x000000d0
core   0: 0x8000408c (0x29e5bcb7) lui     s9, 0x29e5b
core   0: 3 0x8000408c (0x29e5bcb7) x25 0x29e5b000
core   0: 0x80004090 (0xe075c893) xori    a7, a1, -505
core   0: 3 0x80004090 (0xe075c893) x17 0xfffffe07
core   0: 0x80004094 (0x013ccdb3) xor     s11, s9, s3
core   0: 3 0x80004094 (0x013ccdb3) x27 0x2965b4c9
core   0: 0x80004098 (0xfbd44a93) xori    s5, s0, -67
core   0: 3 0x80004098 (0xfbd44a93) x21 0x00000060
core   0: 0x8000409c (0x00000013) nop
core   0: 3 0x8000409c (0x00000013)
core   0: 0x800040a0 (0x00dc6c33) or      s8, s8, a3
core   0: 3 0x800040a0 (0x00dc6c33) x24 0xdc70f000
core   0: 0x800040a4 (0x011d4033) xor     zero, s10, a7
core   0: 3 0x800040a4 (0x011d4033)
core   0: 0x800040a8 (0x01009813) slli    a6, ra, 16
core   0: 3 0x800040a8 (0x01009813) x16 0x00000000
core   0: 0x800040ac (0x314bbd93) sltiu   s11, s7, 788
core   0: 3 0x800040ac (0x314bbd93) x27 0x00000000
core   0: 0x800040b0 (0x00e9d913) srli    s2, s3, 14
core   0: 3 0x800040b0 (0x00e9d913) x18 0x00000200
core   0: 0x800040b4 (0x404adf33) sra     t5, s5, tp
core   0: 3 0x800040b4 (0x404adf33) x30 0x00000060
core   0: 0x800040b8 (0x00a69fb3) sll     t6, a3, a0
core   0: 3 0x800040b8 (0x00a69fb3) x31 0x00000000
core   0: 0x800040bc (0x1460c717) auipc   a4, 0x1460c
core   0: 3 0x800040bc (0x1460c717) x14 0x946100bc
core   0: 0x800040c0 (0x41860733) sub     a4, a2, s8
core   0: 3 0x800040c0 (0x41860733) x14 0xa3906ce4
core   0: 0x800040c4 (0xeecd1017) auipc   zero, 0xeecd1
core   0: 3 0x800040c4 (0xeecd1017)
core   0: 0x800040c8 (0xbb6f3e13) sltiu   t3, t5, -1098
core   0: 3 0x800040c8 (0xbb6f3e13) x28 0x00000001
core   0: 0x800040cc (0x01308e33) add     t3, ra, s3
core   0: 3 0x800040cc (0x01308e33) x28 0x008004c9
core   0: 0x800040d0 (0x26322113) slti    sp, tp, 611
core   0: 3 0x800040d0 (0x26322113) x 2 0x00000001
core   0: 0x800040d4 (0x013e7433) and     s0, t3, s3
core   0: 3 0x800040d4 (0x013e7433) x 8 0x008004c9
core   0: 0x800040d8 (0x011b9d13) slli    s10, s7, 17
core   0: 3 0x800040d8 (0x011b9d13) x26 0xb5b20000
core   0: 0x800040dc (0x01a21513) slli    a0, tp, 26
core   0: 3 0x800040dc (0x01a21513) x10 0x00000000
core   0: 0x800040e0 (0x01e56cb3) or      s9, a0, t5
core   0: 3 0x800040e0 (0x01e56cb3) x25 0x00000060
core   0: 0x800040e4 (0x01c27113) andi    sp, tp, 28
core   0: 3 0x800040e4 (0x01c27113) x 2 0x00000000
core   0: 0x800040e8 (0x01c85d93) srli    s11, a6, 28
core   0: 3 0x800040e8 (0x01c85d93) x27 0x00000000
core   0: 0x800040ec (0xa6383193) sltiu   gp, a6, -1437
core   0: 3 0x800040ec (0xa6383193) x 3 0x00000001
core   0: 0x800040f0 (0x00000013) nop
core   0: 3 0x800040f0 (0x00000013)
core   0: 0x800040f4 (0x00343f33) sltu    t5, s0, gp
core   0: 3 0x800040f4 (0x00343f33) x30 0x00000000
core   0: 0x800040f8 (0x6f2cb693) sltiu   a3, s9, 1778
core   0: 3 0x800040f8 (0x6f2cb693) x13 0x00000001
core   0: 0x800040fc (0x403fd313) srai    t1, t6, 3
core   0: 3 0x800040fc (0x403fd313) x 6 0x00000000
core   0: 0x80004100 (0x41275b13) srai    s6, a4, 18
core   0: 3 0x80004100 (0x41275b13) x22 0xffffe8e4
core   0: 0x80004104 (0xfaf3b893) sltiu   a7, t2, -81
core   0: 3 0x80004104 (0xfaf3b893) x17 0x00000001
core   0: 0x80004108 (0x76d88993) addi    s3, a7, 1901
core   0: 3 0x80004108 (0x76d88993) x19 0x0000076e
core   0: 0x8000410c (0x000d5813) srli    a6, s10, 0
core   0: 3 0x8000410c (0x000d5813) x16 0xb5b20000
core   0: 0x80004110 (0x019042b3) xor     t0, zero, s9
core   0: 3 0x80004110 (0x019042b3) x 5 0x00000060
core   0: 0x80004114 (0x01858533) add     a0, a1, s8
core   0: 3 0x80004114 (0x01858533) x10 0xdc70f000
core   0: 0x80004118 (0xf1cb2113) slti    sp, s6, -228
core   0: 3 0x80004118 (0xf1cb2113) x 2 0x00000001
core   0: 0x8000411c (0x41205733) sra     a4, zero, s2
core   0: 3 0x8000411c (0x41205733) x14 0x00000000
core   0: 0x80004120 (0xd46ec417) auipc   s0, 0xd46ec
core   0: 3 0x80004120 (0xd46ec417) x 8 0x546f0120
core   0: 0x80004124 (0x01ce1fb3) sll     t6, t3, t3
core   0: 3 0x80004124 (0x01ce1fb3) x31 0x00099200
core   0: 0x80004128 (0x42fafa13) andi    s4, s5, 1071
core   0: 3 0x80004128 (0x42fafa13) x20 0x00000020
core   0: 0x8000412c (0x01757033) and     zero, a0, s7
core   0: 3 0x8000412c (0x01757033)
core   0: 0x80004130 (0x1c18ff13) andi    t5, a7, 449
core   0: 3 0x80004130 (0x1c18ff13) x30 0x00000001
core   0: 0x80004134 (0x41998d33) sub     s10, s3, s9
core   0: 3 0x80004134 (0x41998d33) x26 0x0000070e
core   0: 0x80004138 (0x41350fb3) sub     t6, a0, s3
core   0: 3 0x80004138 (0x41350fb3) x31 0xdc70e892
core   0: 0x8000413c (0x00083fb3) sltu    t6, a6, zero
core   0: 3 0x8000413c (0x00083fb3) x31 0x00000000
core   0: 0x80004140 (0x01d5c733) xor     a4, a1, t4
core   0: 3 0x80004140 (0x01d5c733) x14 0x7fffefbf
core   0: 0x80004144 (0x0064ccb3) xor     s9, s1, t1
core   0: 3 0x80004144 (0x0064ccb3) x25 0xffffff94
core   0: 0x80004148 (0x00c55693) srli    a3, a0, 12
core   0: 3 0x80004148 (0x00c55693) x13 0x000dc70f
core   0: 0x8000414c (0x3dcb7b13) andi    s6, s6, 988
core   0: 3 0x8000414c (0x3dcb7b13) x22 0x000000c4
core   0: 0x80004150 (0x5fb4f593) andi    a1, s1, 1531
core   0: 3 0x80004150 (0x5fb4f593) x11 0x00000590
core   0: 0x80004154 (0x00f179b3) and     s3, sp, a5
core   0: 3 0x80004154 (0x00f179b3) x19 0x00000001
core   0: 0x80004158 (0x2cc6ad93) slti    s11, a3, 716
core   0: 3 0x80004158 (0x2cc6ad93) x27 0x00000000
core   0: 0x8000415c (0x8cd64f93) xori    t6, a2, -1843
core   0: 3 0x8000415c (0x8cd64f93) x31 0x7ffea429
core   0: 0x80004160 (0x0008d313) srli    t1, a7, 0
core   0: 3 0x80004160 (0x0008d313) x 6 0x00000001
core   0: 0x80004164 (0x000bc933) xor     s2, s7, zero
core   0: 3 0x80004164 (0x000bc933) x18 0x80015ad9
core   0: 0x80004168 (0x2128c513) xori    a0, a7, 530
core   0: 3 0x80004168 (0x2128c513) x10 0x00000213
core   0: 0x8000416c (0x4155dd33) sra     s10, a1, s5
core   0: 3 0x8000416c (0x4155dd33) x26 0x00000590
core   0: 0x80004170 (0x01b0dcb3) srl     s9, ra, s11
core   0: 3 0x80004170 (0x01b0dcb3) x25 0x00000000
core   0: 0x80004174 (0x00808433) add     s0, ra, s0
core   0: 3 0x80004174 (0x00808433) x 8 0x546f0120
core   0: 0x80004178 (0x008f9033) sll     zero, t6, s0
core   0: 3 0x80004178 (0x008f9033)
core   0: 0x8000417c (0x00000013) nop
core   0: 3 0x8000417c (0x00000013)
core   0: 0x80004180 (0x41e68b33) sub     s6, a3, t5
core   0: 3 0x80004180 (0x41e68b33) x22 0x000dc70e
core   0: 0x80004184 (0x41ffdab3) sra     s5, t6, t6
core   0: 3 0x80004184 (0x41ffdab3) x21 0x003fff52
core   0: 0x80004188 (0x00337fb3) and     t6, t1, gp
core   0: 3 0x80004188 (0x00337fb3) x31 0x00000001
core   0: 0x8000418c (0x0137ec33) or      s8, a5, s3
core   0: 3 0x8000418c (0x0137ec33) x24 0xe7aed0df
core   0: 0x80004190 (0x01efe133) or      sp, t6, t5
core   0: 3 0x80004190 (0x01efe133) x 2 0x00000001
core   0: 0x80004194 (0x008bf533) and     a0, s7, s0
core   0: 3 0x80004194 (0x008bf533) x10 0x00010000
core   0: 0x80004198 (0x00cbe4b3) or      s1, s7, a2
core   0: 3 0x80004198 (0x00cbe4b3) x 9 0x80015efd
core   0: 0x8000419c (0x41f5d893) srai    a7, a1, 31
core   0: 3 0x8000419c (0x41f5d893) x17 0x00000000
core   0: 0x800041a0 (0xbe1a7a93) andi    s5, s4, -1055
core   0: 3 0x800041a0 (0xbe1a7a93) x21 0x00000020
core   0: 0x800041a4 (0x40cd5533) sra     a0, s10, a2
core   0: 3 0x800041a4 (0x40cd5533) x10 0x00000059
core   0: 0x800041a8 (0x019fcfb3) xor     t6, t6, s9
core   0: 3 0x800041a8 (0x019fcfb3) x31 0x00000001
core   0: 0x800041ac (0x6569af93) slti    t6, s3, 1622
core   0: 3 0x800041ac (0x6569af93) x31 0x00000001
core   0: 0x800041b0 (0x41e55f33) sra     t5, a0, t5
core   0: 3 0x800041b0 (0x41e55f33) x30 0x0000002c
core   0: 0x800041b4 (0x41640f33) sub     t5, s0, s6
core   0: 3 0x800041b4 (0x41640f33) x30 0x54613a12
core   0: 0x800041b8 (0x40b30db3) sub     s11, t1, a1
core   0: 3 0x800041b8 (0x40b30db3) x27 0xfffffa71
core   0: 0x800041bc (0x013c5f13) srli    t5, s8, 19
core   0: 3 0x800041bc (0x013c5f13) x30 0x00001cf5
core   0: 0x800041c0 (0x0141d513) srli    a0, gp, 20
core   0: 3 0x800041c0 (0x0141d513) x10 0x00000000
core   0: 0x800041c4 (0xa286c0b7) lui     ra, 0xa286c
core   0: 3 0x800041c4 (0xa286c0b7) x 1 0xa286c000
core   0: 0x800041c8 (0xe46e2993) slti    s3, t3, -442
core   0: 3 0x800041c8 (0xe46e2993) x19 0x00000000
core   0: 0x800041cc (0xbbe01e17) auipc   t3, 0xbbe01
core   0: 3 0x800041cc (0xbbe01e17) x28 0x3be051cc
core   0: 0x800041d0 (0x88d9a997) auipc   s3, 0x88d9a
core   0: 3 0x800041d0 (0x88d9a997) x19 0x08d9e1d0
core   0: 0x800041d4 (0x041fa013) slti    zero, t6, 65
core   0: 3 0x800041d4 (0x041fa013)
core   0: 0x800041d8 (0x00e51293) slli    t0, a0, 14
core   0: 3 0x800041d8 (0x00e51293) x 5 0x00000000
core   0: 0x800041dc (0x0156fe33) and     t3, a3, s5
core   0: 3 0x800041dc (0x0156fe33) x28 0x00000000
core   0: 0x800041e0 (0x00000013) nop
core   0: 3 0x800041e0 (0x00000013)
core   0: 0x800041e4 (0x0160dcb3) srl     s9, ra, s6
core   0: 3 0x800041e4 (0x0160dcb3) x25 0x00028a1b
core   0: 0x800041e8 (0x8752d517) auipc   a0, 0x8752d
core   0: 3 0x800041e8 (0x8752d517) x10 0x075311e8
core   0: 0x800041ec (0x4107d513) srai    a0, a5, 16
core   0: 3 0x800041ec (0x4107d513) x10 0xffffe7ae
core   0: 0x800041f0 (0x019f1893) slli    a7, t5, 25
core   0: 3 0x800041f0 (0x019f1893) x17 0xea000000
core   0: 0x800041f4 (0x00f75713) srli    a4, a4, 15
core   0: 3 0x800041f4 (0x00f75713) x14 0x0000ffff
core   0: 0x800041f8 (0x009685b3) add     a1, a3, s1
core   0: 3 0x800041f8 (0x009685b3) x11 0x800f260c
core   0: 0x800041fc (0x0178d893) srli    a7, a7, 23
core   0: 3 0x800041fc (0x0178d893) x17 0x000001d4
core   0: 0x80004200 (0x00061693) slli    a3, a2, 0
core   0: 3 0x80004200 (0x00061693) x13 0x80015ce4
core   0: 0x80004204 (0xe52d2b93) slti    s7, s10, -430
core   0: 3 0x80004204 (0xe52d2b93) x23 0x00000000
core   0: 0x80004208 (0xbf907c13) andi    s8, zero, -1031
core   0: 3 0x80004208 (0xbf907c13) x24 0x00000000
core   0: 0x8000420c (0xff833437) lui     s0, 0xff833
core   0: 3 0x8000420c (0xff833437) x 8 0xff833000
core   0: 0x80004210 (0x413d81b3) sub     gp, s11, s3
core   0: 3 0x80004210 (0x413d81b3) x 3 0xf72618a1
core   0: 0x80004214 (0x00000013) nop
core   0: 3 0x80004214 (0x00000013)
core   0: 0x80004218 (0x40315e93) srai    t4, sp, 3
core   0: 3 0x80004218 (0x40315e93) x29 0x00000000
core   0: 0x8000421c (0xa904b713) sltiu   a4, s1, -1392
core   0: 3 0x8000421c (0xa904b713) x14 0x00000001
core   0: 0x80004220 (0x017b8333) add     t1, s7, s7
core   0: 3 0x80004220 (0x017b8333) x 6 0x00000000
core   0: 0x80004224 (0x31d8a713) slti    a4, a7, 797
core   0: 3 0x80004224 (0x31d8a713) x14 0x00000001
core   0: 0x80004228 (0x001db733) sltu    a4, s11, ra
core   0: 3 0x80004228 (0x001db733) x14 0x00000000
core   0: 0x8000422c (0x016cd1b3) srl     gp, s9, s6
core   0: 3 0x8000422c (0x016cd1b3) x 3 0x0000000a
core   0: 0x80004230 (0x00641eb3) sll     t4, s0, t1
core   0: 3 0x80004230 (0x00641eb3) x29 0xff833000
core   0: 0x80004234 (0x41740933) sub     s2, s0, s7
core   0: 3 0x80004234 (0x41740933) x18 0xff833000
core   0: 0x80004238 (0x00000013) nop
core   0: 3 0x80004238 (0x00000013)
core   0: 0x8000423c (0xa13dcb37) lui     s6, 0xa13dc
core   0: 3 0x8000423c (0xa13dcb37) x22 0xa13dc000
core   0: 0x80004240 (0xb1456013) ori     zero, a0, -1260
core   0: 3 0x80004240 (0xb1456013)
core   0: 0x80004244 (0x016fa2b3) slt     t0, t6, s6
core   0: 3 0x80004244 (0x016fa2b3) x 5 0x00000000
core   0: 0x80004248 (0x01b79933) sll     s2, a5, s11
core   0: 3 0x80004248 (0x01b79933) x18 0xa1be0000
core   0: 0x8000424c (0x40f08ab3) sub     s5, ra, a5
core   0: 3 0x8000424c (0x40f08ab3) x21 0xbad7ef21
core   0: 0x80004250 (0x005548b3) xor     a7, a0, t0
core   0: 3 0x80004250 (0x005548b3) x17 0xffffe7ae
core   0: 0x80004254 (0x092b6e13) ori     t3, s6, 146
core   0: 3 0x80004254 (0x092b6e13) x28 0xa13dc092
core   0: 0x80004258 (0x9fed4293) xori    t0, s10, -1538
core   0: 3 0x80004258 (0x9fed4293) x 5 0xfffffc6e
core   0: 0x8000425c (0x00645b93) srli    s7, s0, 6
core   0: 3 0x8000425c (0x00645b93) x23 0x03fe0cc0
core   0: 0x80004260 (0x6f313a93) sltiu   s5, sp, 1779
core   0: 3 0x80004260 (0x6f313a93) x21 0x00000001
core   0: 0x80004264 (0x9534c493) xori    s1, s1, -1709
core   0: 3 0x80004264 (0x9534c493) x 9 0x7ffea7ae
core   0: 0x80004268 (0xdc33ee13) ori     t3, t2, -573
core   0: 3 0x80004268 (0xdc33ee13) x28 0xffffffe7
core   0: 0x8000426c (0x0f1caf13) slti    t5, s9, 241
core   0: 3 0x8000426c (0x0f1caf13) x30 0x00000000
core   0: 0x80004270 (0xae344713) xori    a4, s0, -1309
core   0: 3 0x80004270 (0xae344713) x14 0x007ccae3
core   0: 0x80004274 (0x01948fb3) add     t6, s1, s9
core   0: 3 0x80004274 (0x01948fb3) x31 0x800131c9
core   0: 0x80004278 (0x00176fb3) or      t6, a4, ra
core   0: 3 0x80004278 (0x00176fb3) x31 0xa2fecae3
core   0: 0x8000427c (0x4048df33) sra     t5, a7, tp
core   0: 3 0x8000427c (0x4048df33) x30 0xffffe7ae
core   0: 0x80004280 (0x00885b33) srl     s6, a6, s0
core   0: 3 0x80004280 (0x00885b33) x22 0xb5b20000
core   0: 0x80004284 (0xf2dedb17) auipc   s6, 0xf2ded
core   0: 3 0x80004284 (0xf2dedb17) x22 0x72df1284
core   0: 0x80004288 (0x4fdb7a93) andi    s5, s6, 1277
core   0: 3 0x80004288 (0x4fdb7a93) x21 0x00000084
core   0: 0x8000428c (0x40755413) srai    s0, a0, 7
core   0: 3 0x8000428c (0x40755413) x 8 0xffffffcf
core   0: 0x80004290 (0x1d3b7997) auipc   s3, 0x1d3b7
core   0: 3 0x80004290 (0x1d3b7997) x19 0x9d3bb290
core   0: 0x80004294 (0x016a48b3) xor     a7, s4, s6
core   0: 3 0x80004294 (0x016a48b3) x17 0x72df12a4
core   0: 0x80004298 (0x00f82d33) slt     s10, a6, a5
core   0: 3 0x80004298 (0x00f82d33) x26 0x00000001
core   0: 0x8000429c (0x0079ac33) slt     s8, s3, t2
core   0: 3 0x8000429c (0x0079ac33) x24 0x00000000
core   0: 0x800042a0 (0x01723433) sltu    s0, tp, s7
core   0: 3 0x800042a0 (0x01723433) x 8 0x00000001
core   0: 0x800042a4 (0x00d90033) add     zero, s2, a3
core   0: 3 0x800042a4 (0x00d90033)
core   0: 0x800042a8 (0x00f2c833) xor     a6, t0, a5
core   0: 3 0x800042a8 (0x00f2c833) x16 0x18512cb1
core   0: 0x800042ac (0x9dfa3513) sltiu   a0, s4, -1569
core   0: 3 0x800042ac (0x9dfa3513) x10 0x00000001
core   0: 0x800042b0 (0x000b4bb3) xor     s7, s6, zero
core   0: 3 0x800042b0 (0x000b4bb3) x23 0x72df1284
core   0: 0x800042b4 (0x0058a0b3) slt     ra, a7, t0
core   0: 3 0x800042b4 (0x0058a0b3) x 1 0x00000000
core   0: 0x800042b8 (0x01b269b3) or      s3, tp, s11
core   0: 3 0x800042b8 (0x01b269b3) x19 0xfffffa71
core   0: 0x800042bc (0x41a50933) sub     s2, a0, s10
core   0: 3 0x800042bc (0x41a50933) x18 0x00000000
core   0: 0x800042c0 (0x15c32d13) slti    s10, t1, 348
core   0: 3 0x800042c0 (0x15c32d13) x26 0x00000001
core   0: 0x800042c4 (0x61897a13) andi    s4, s2, 1560
core   0: 3 0x800042c4 (0x61897a13) x20 0x00000000
core   0: 0x800042c8 (0x018c3233) sltu    tp, s8, s8
core   0: 3 0x800042c8 (0x018c3233) x 4 0x00000000
core   0: 0x800042cc (0x406851b3) sra     gp, a6, t1
core   0: 3 0x800042cc (0x406851b3) x 3 0x18512cb1
core   0: 0x800042d0 (0x00f59133) sll     sp, a1, a5
core   0: 3 0x800042d0 (0x00f59133) x 2 0x00000000
core   0: 0x800042d4 (0x41b3d233) sra     tp, t2, s11
core   0: 3 0x800042d4 (0x41b3d233) x 4 0xffffc000
core   0: 0x800042d8 (0xbf252e13) slti    t3, a0, -1038
core   0: 3 0x800042d8 (0xbf252e13) x28 0x00000000
core   0: 0x800042dc (0x416a5933) sra     s2, s4, s6
core   0: 3 0x800042dc (0x416a5933) x18 0x00000000
core   0: 0x800042e0 (0x01d7e5b3) or      a1, a5, t4
core   0: 3 0x800042e0 (0x01d7e5b3) x11 0xffaff0df
core   0: 0x800042e4 (0x00599513) slli    a0, s3, 5
core   0: 3 0x800042e4 (0x00599513) x10 0xffff4e20
core   0: 0x800042e8 (0x0158d233) srl     tp, a7, s5
core   0: 3 0x800042e8 (0x0158d233) x 4 0x072df12a
core   0: 0x800042ec (0x60b2c113) xori    sp, t0, 1547
core   0: 3 0x800042ec (0x60b2c113) x 2 0xfffffa65
core   0: 0x800042f0 (0x50a48313) addi    t1, s1, 1290
core   0: 3 0x800042f0 (0x50a48313) x 6 0x7ffeacb8
core   0: 0x800042f4 (0x41435093) srai    ra, t1, 20
core   0: 3 0x800042f4 (0x41435093) x 1 0x000007ff
core   0: 0x800042f8 (0x019df533) and     a0, s11, s9
core   0: 3 0x800042f8 (0x019df533) x10 0x00028a11
core   0: 0x800042fc (0x0174ec33) or      s8, s1, s7
core   0: 3 0x800042fc (0x0174ec33) x24 0x7fffb7ae
core   0: 0x80004300 (0x0103a233) slt     tp, t2, a6
core   0: 3 0x80004300 (0x0103a233) x 4 0x00000001
core   0: 0x80004304 (0x00b9c5b3) xor     a1, s3, a1
core   0: 3 0x80004304 (0x00b9c5b3) x11 0x00500aae
core   0: 0x80004308 (0x415b81b3) sub     gp, s7, s5
core   0: 3 0x80004308 (0x415b81b3) x 3 0x72df1200
core   0: 0x8000430c (0x667a3f93) sltiu   t6, s4, 1639
core   0: 3 0x8000430c (0x667a3f93) x31 0x00000001
core   0: 0x80004310 (0x01c394b3) sll     s1, t2, t3
core   0: 3 0x80004310 (0x01c394b3) x 9 0x80011e64
core   0: 0x80004314 (0x40fad413) srai    s0, s5, 15
core   0: 3 0x80004314 (0x40fad413) x 8 0x00000000
core   0: 0x80004318 (0x16cb3ab7) lui     s5, 0x16cb3
core   0: 3 0x80004318 (0x16cb3ab7) x21 0x16cb3000
core   0: 0x8000431c (0x004ad033) srl     zero, s5, tp
core   0: 3 0x8000431c (0x004ad033)
core   0: 0x80004320 (0x3292f913) andi    s2, t0, 809
core   0: 3 0x80004320 (0x3292f913) x18 0x00000028
core   0: 0x80004324 (0x2b2c4597) auipc   a1, 0x2b2c4
core   0: 3 0x80004324 (0x2b2c4597) x11 0xab2c8324
core   0: 0x80004328 (0xa0214013) xori    zero, sp, -1534
core   0: 3 0x80004328 (0xa0214013)
core   0: 0x8000432c (0x01484933) xor     s2, a6, s4
core   0: 3 0x8000432c (0x01484933) x18 0x18512cb1
core   0: 0x80004330 (0x01d75333) srl     t1, a4, t4
core   0: 3 0x80004330 (0x01d75333) x 6 0x007ccae3
core   0: 0x80004334 (0x405f5d13) srai    s10, t5, 5
core   0: 3 0x80004334 (0x405f5d13) x26 0xffffff3d
core   0: 0x80004338 (0xa5052b93) slti    s7, a0, -1456
core   0: 3 0x80004338 (0xa5052b93) x23 0x00000000
core   0: 0x8000433c (0x00000013) nop
core   0: 3 0x8000433c (0x00000013)
core   0: 0x80004340 (0x00000013) nop
core   0: 3 0x80004340 (0x00000013)
core   0: 0x80004344 (0x003eea33) or      s4, t4, gp
core   0: 3 0x80004344 (0x003eea33) x20 0xffdf3200
core   0: 0x80004348 (0x40ccde93) srai    t4, s9, 12
core   0: 3 0x80004348 (0x40ccde93) x29 0x00000028
core   0: 0x8000434c (0x645ab417) auipc   s0, 0x645ab
core   0: 3 0x8000434c (0x645ab417) x 8 0xe45af34c
core   0: 0x80004350 (0x49e27093) andi    ra, tp, 1182
core   0: 3 0x80004350 (0x49e27093) x 1 0x00000000
core   0: 0x80004354 (0x418c82b3) sub     t0, s9, s8
core   0: 3 0x80004354 (0x418c82b3) x 5 0x8002d26d
core   0: 0x80004358 (0xac990d17) auipc   s10, 0xac990
core   0: 3 0x80004358 (0xac990d17) x26 0x2c994358
core   0: 0x8000435c (0xbd07ae13) slti    t3, a5, -1072
core   0: 3 0x8000435c (0xbd07ae13) x28 0x00000001
core   0: 0x80004360 (0x016b81b3) add     gp, s7, s6
core   0: 3 0x80004360 (0x016b81b3) x 3 0x72df1284
core   0: 0x80004364 (0x41f104b3) sub     s1, sp, t6
core   0: 3 0x80004364 (0x41f104b3) x 9 0xfffffa64
core   0: 0x80004368 (0x4046d313) srai    t1, a3, 4
core   0: 3 0x80004368 (0x4046d313) x 6 0xf80015ce
core   0: 0x8000436c (0x35d45eb7) lui     t4, 0x35d45
core   0: 3 0x8000436c (0x35d45eb7) x29 0x35d45000
core   0: 0x80004370 (0x413fd693) srai    a3, t6, 19
core   0: 3 0x80004370 (0x413fd693) x13 0x00000000
core   0: 0x80004374 (0x002160b3) or      ra, sp, sp
core   0: 3 0x80004374 (0x002160b3) x 1 0xfffffa65
core   0: 0x80004378 (0x0073f5b3) and     a1, t2, t2
core   0: 3 0x80004378 (0x0073f5b3) x11 0x80011e64
core   0: 0x8000437c (0x001cd833) srl     a6, s9, ra
core   0: 3 0x8000437c (0x001cd833) x16 0x00001450
core   0: 0x80004380 (0xea3ecdb7) lui     s11, 0xea3ec
core   0: 3 0x80004380 (0xea3ecdb7) x27 0xea3ec000
core   0: 0x80004384 (0x01b45513) srli    a0, s0, 27
core   0: 3 0x80004384 (0x01b45513) x10 0x0000001c
core   0: 0x80004388 (0xc436e093) ori     ra, a3, -957
core   0: 3 0x80004388 (0xc436e093) x 1 0xfffffc43
core   0: 0x8000438c (0xd07cf293) andi    t0, s9, -761
core   0: 3 0x8000438c (0xd07cf293) x 5 0x00028803
core   0: 0x80004390 (0x2c880d13) addi    s10, a6, 712
core   0: 3 0x80004390 (0x2c880d13) x26 0x00001718
core   0: 0x80004394 (0x00fce933) or      s2, s9, a5
core   0: 3 0x80004394 (0x00fce933) x18 0xe7aedadf
core   0: 0x80004398 (0x41318e33) sub     t3, gp, s3
core   0: 3 0x80004398 (0x41318e33) x28 0x72df1813
core   0: 0x8000439c (0x014356b3) srl     a3, t1, s4
core   0: 3 0x8000439c (0x014356b3) x13 0xf80015ce
core   0: 0x800043a0 (0x00110733) add     a4, sp, ra
core   0: 3 0x800043a0 (0x00110733) x14 0xfffff6a8
core   0: 0x800043a4 (0xe125c813) xori    a6, a1, -494
core   0: 3 0x800043a4 (0xe125c813) x16 0x7ffee076
core   0: 0x800043a8 (0x00dbcc33) xor     s8, s7, a3
core   0: 3 0x800043a8 (0x00dbcc33) x24 0xf80015ce
core   0: 0x800043ac (0x01940db3) add     s11, s0, s9
core   0: 3 0x800043ac (0x01940db3) x27 0xe45d7d67
core   0: 0x800043b0 (0x0042de93) srli    t4, t0, 4
core   0: 3 0x800043b0 (0x0042de93) x29 0x00002880
core   0: 0x800043b4 (0x186c0593) addi    a1, s8, 390
core   0: 3 0x800043b4 (0x186c0593) x11 0xf8001754
core   0: 0x800043b8 (0x40f7d733) sra     a4, a5, a5
core   0: 3 0x800043b8 (0x40f7d733) x14 0xffffffff
core   0: 0x800043bc (0x011485b3) add     a1, s1, a7
core   0: 3 0x800043bc (0x011485b3) x11 0x72df0d08
core   0: 0x800043c0 (0x014fcdb3) xor     s11, t6, s4
core   0: 3 0x800043c0 (0x014fcdb3) x27 0xffdf3201
core   0: 0x800043c4 (0x004e74b3) and     s1, t3, tp
core   0: 3 0x800043c4 (0x004e74b3) x 9 0x00000001
core   0: 0x800043c8 (0x02df8213) addi    tp, t6, 45
core   0: 3 0x800043c8 (0x02df8213) x 4 0x0000002e
core   0: 0x800043cc (0x0025e5b3) or      a1, a1, sp
core   0: 3 0x800043cc (0x0025e5b3) x11 0xffffff6d
core   0: 0x800043d0 (0x11e9f993) andi    s3, s3, 286
core   0: 3 0x800043d0 (0x11e9f993) x19 0x00000010
core   0: 0x800043d4 (0xe04fa317) auipc   t1, 0xe04fa
core   0: 3 0x800043d4 (0xe04fa317) x 6 0x604fe3d4
core   0: 0x800043d8 (0x2a1a6293) ori     t0, s4, 673
core   0: 3 0x800043d8 (0x2a1a6293) x 5 0xffdf32a1
core   0: 0x800043dc (0x0000a133) slt     sp, ra, zero
core   0: 3 0x800043dc (0x0000a133) x 2 0x00000001
core   0: 0x800043e0 (0x00cdd733) srl     a4, s11, a2
core   0: 3 0x800043e0 (0x00cdd733) x14 0x0ffdf320
core   0: 0x800043e4 (0x00000013) nop
core   0: 3 0x800043e4 (0x00000013)
core   0: 0x800043e8 (0x006ebb33) sltu    s6, t4, t1
core   0: 3 0x800043e8 (0x006ebb33) x22 0x00000001
core   0: 0x800043ec (0x01ffb4b3) sltu    s1, t6, t6
core   0: 3 0x800043ec (0x01ffb4b3) x 9 0x00000000
core   0: 0x800043f0 (0x00698833) add     a6, s3, t1
core   0: 3 0x800043f0 (0x00698833) x16 0x604fe3e4
core   0: 0x800043f4 (0x28d62e93) slti    t4, a2, 653
core   0: 3 0x800043f4 (0x28d62e93) x29 0x00000001
core   0: 0x800043f8 (0x00ad7c33) and     s8, s10, a0
core   0: 3 0x800043f8 (0x00ad7c33) x24 0x00000018
core   0: 0x800043fc (0x41580033) sub     zero, a6, s5
core   0: 3 0x800043fc (0x41580033)
core   0: 0x80004400 (0x0028f933) and     s2, a7, sp
core   0: 3 0x80004400 (0x0028f933) x18 0x00000000
core   0: 0x80004404 (0x010d7c33) and     s8, s10, a6
core   0: 3 0x80004404 (0x010d7c33) x24 0x00000300
core   0: 0x80004408 (0xbee64a13) xori    s4, a2, -1042
core   0: 3 0x80004408 (0xbee64a13) x20 0x7ffea70a
core   0: 0x8000440c (0xcdebab13) slti    s6, s7, -802
core   0: 3 0x8000440c (0xcdebab13) x22 0x00000000
core   0: 0x80004410 (0x01ecda93) srli    s5, s9, 30
core   0: 3 0x80004410 (0x01ecda93) x21 0x00000000
core   0: 0x80004414 (0xf31a0e17) auipc   t3, 0xf31a0
core   0: 3 0x80004414 (0xf31a0e17) x28 0x731a4414
core   0: 0x80004418 (0x01155693) srli    a3, a0, 17
core   0: 3 0x80004418 (0x01155693) x13 0x00000000
core   0: 0x8000441c (0x017a1fb3) sll     t6, s4, s7
core   0: 3 0x8000441c (0x017a1fb3) x31 0x7ffea70a
core   0: 0x80004420 (0x00351ab3) sll     s5, a0, gp
core   0: 3 0x80004420 (0x00351ab3) x21 0x000001c0
core   0: 0x80004424 (0x7c6bbf93) sltiu   t6, s7, 1990
core   0: 3 0x80004424 (0x7c6bbf93) x31 0x00000001
core   0: 0x80004428 (0x00000013) nop
core   0: 3 0x80004428 (0x00000013)
core   0: 0x8000442c (0x4d16e293) ori     t0, a3, 1233
core   0: 3 0x8000442c (0x4d16e293) x 5 0x000004d1
core   0: 0x80004430 (0x0190c533) xor     a0, ra, s9
core   0: 3 0x80004430 (0x0190c533) x10 0xfffd7658
core   0: 0x80004434 (0x003b5c93) srli    s9, s6, 3
core   0: 3 0x80004434 (0x003b5c93) x25 0x00000000
core   0: 0x80004438 (0x00d73db3) sltu    s11, a4, a3
core   0: 3 0x80004438 (0x00d73db3) x27 0x00000000
core   0: 0x8000443c (0x006f85b3) add     a1, t6, t1
core   0: 3 0x8000443c (0x006f85b3) x11 0x604fe3d5
core   0: 0x80004440 (0x01ed46b3) xor     a3, s10, t5
core   0: 3 0x80004440 (0x01ed46b3) x13 0xfffff0b6
core   0: 0x80004444 (0x401f0733) sub     a4, t5, ra
core   0: 3 0x80004444 (0x401f0733) x14 0xffffeb6b
core   0: 0x80004448 (0x6f242817) auipc   a6, 0x6f242
core   0: 3 0x80004448 (0x6f242817) x16 0xef246448
core   0: 0x8000444c (0x01dc7ab3) and     s5, s8, t4
core   0: 3 0x8000444c (0x01dc7ab3) x21 0x00000000
core   0: 0x80004450 (0x40675713) srai    a4, a4, 6
core   0: 3 0x80004450 (0x40675713) x14 0xffffffad
core   0: 0x80004454 (0x40ee0233) sub     tp, t3, a4
core   0: 3 0x80004454 (0x40ee0233) x 4 0x731a4467
core   0: 0x80004458 (0xd76c4593) xori    a1, s8, -650
core   0: 3 0x80004458 (0xd76c4593) x11 0xfffffe76
core   0: 0x8000445c (0xf6ade437) lui     s0, 0xf6ade
core   0: 3 0x8000445c (0xf6ade437) x 8 0xf6ade000
core   0: 0x80004460 (0x01225d13) srli    s10, tp, 18
core   0: 3 0x80004460 (0x01225d13) x26 0x00001cc6
core   0: 0x80004464 (0x0c644593) xori    a1, s0, 198
core   0: 3 0x80004464 (0x0c644593) x11 0xf6ade0c6
core   0: 0x80004468 (0x01be6eb3) or      t4, t3, s11
core   0: 3 0x80004468 (0x01be6eb3) x29 0x731a4414
core   0: 0x8000446c (0xab708c97) auipc   s9, 0xab708
core   0: 3 0x8000446c (0xab708c97) x25 0x2b70c46c
core   0: 0x80004470 (0x0039d513) srli    a0, s3, 3
core   0: 3 0x80004470 (0x0039d513) x10 0x00000002
core   0: 0x80004474 (0x0184b9b3) sltu    s3, s1, s8
core   0: 3 0x80004474 (0x0184b9b3) x19 0x00000001
core   0: 0x80004478 (0x407c8233) sub     tp, s9, t2
core   0: 3 0x80004478 (0x407c8233) x 4 0xab6fa608
core   0: 0x8000447c (0x84c7cf93) xori    t6, a5, -1972
core   0: 3 0x8000447c (0x84c7cf93) x31 0x18512893
core   0: 0x80004480 (0x00385433) srl     s0, a6, gp
core   0: 3 0x80004480 (0x00385433) x 8 0x0ef24644
core   0: 0x80004484 (0x00000013) nop
core   0: 3 0x80004484 (0x00000013)
core   0: 0x80004488 (0x01dbe433) or      s0, s7, t4
core   0: 3 0x80004488 (0x01dbe433) x 8 0x731a4414
core   0: 0x8000448c (0xfc7fd237) lui     tp, 0xfc7fd
core   0: 3 0x8000448c (0xfc7fd237) x 4 0xfc7fd000
core   0: 0x80004490 (0x0190c6b3) xor     a3, ra, s9
core   0: 3 0x80004490 (0x0190c6b3) x13 0xd48f382f
core   0: 0x80004494 (0x01f72a33) slt     s4, a4, t6
core   0: 3 0x80004494 (0x01f72a33) x20 0x00000001
core   0: 0x80004498 (0x7159c413) xori    s0, s3, 1813
core   0: 3 0x80004498 (0x7159c413) x 8 0x00000714
core   0: 0x8000449c (0x6dcca213) slti    tp, s9, 1756
core   0: 3 0x8000449c (0x6dcca213) x 4 0x00000000
core   0: 0x800044a0 (0x00000013) nop
core   0: 3 0x800044a0 (0x00000013)
core   0: 0x800044a4 (0x00c872b3) and     t0, a6, a2
core   0: 3 0x800044a4 (0x00c872b3) x 5 0x80004440
core   0: 0x800044a8 (0x0120dc93) srli    s9, ra, 18
core   0: 3 0x800044a8 (0x0120dc93) x25 0x00003fff
core   0: 0x800044ac (0xf6397493) andi    s1, s2, -157
core   0: 3 0x800044ac (0xf6397493) x 9 0x00000000
core   0: 0x800044b0 (0x015140b3) xor     ra, sp, s5
core   0: 3 0x800044b0 (0x015140b3) x 1 0x00000001
core   0: 0x800044b4 (0x65050893) addi    a7, a0, 1616
core   0: 3 0x800044b4 (0x65050893) x17 0x00000652
core   0: 0x800044b8 (0x4c01b213) sltiu   tp, gp, 1216
core   0: 3 0x800044b8 (0x4c01b213) x 4 0x00000000
core   0: 0x800044bc (0x0d1df913) andi    s2, s11, 209
core   0: 3 0x800044bc (0x0d1df913) x18 0x00000000
core   0: 0x800044c0 (0x0045dc33) srl     s8, a1, tp
core   0: 3 0x800044c0 (0x0045dc33) x24 0xf6ade0c6
core   0: 0x800044c4 (0x9825a313) slti    t1, a1, -1662
core   0: 3 0x800044c4 (0x9825a313) x 6 0x00000001
core   0: 0x800044c8 (0x01a9c433) xor     s0, s3, s10
core   0: 3 0x800044c8 (0x01a9c433) x 8 0x00001cc7
core   0: 0x800044cc (0x01c2dcb3) srl     s9, t0, t3
core   0: 3 0x800044cc (0x01c2dcb3) x25 0x00000800
core   0: 0x800044d0 (0x00afc933) xor     s2, t6, a0
core   0: 3 0x800044d0 (0x00afc933) x18 0x18512891
core   0: 0x800044d4 (0x00881c93) slli    s9, a6, 8
core   0: 3 0x800044d4 (0x00881c93) x25 0x24644800
core   0: 0x800044d8 (0x40675413) srai    s0, a4, 6
core   0: 3 0x800044d8 (0x40675413) x 8 0xfffffffe
core   0: 0x800044dc (0x015e5cb3) srl     s9, t3, s5
core   0: 3 0x800044dc (0x015e5cb3) x25 0x731a4414
core   0: 0x800044e0 (0x01f7cfb3) xor     t6, a5, t6
core   0: 3 0x800044e0 (0x01f7cfb3) x31 0xfffff84c
core   0: 0x800044e4 (0x01fdea33) or      s4, s11, t6
core   0: 3 0x800044e4 (0x01fdea33) x20 0xfffff84c
core   0: 0x800044e8 (0x17a62313) slti    t1, a2, 378
core   0: 3 0x800044e8 (0x17a62313) x 6 0x00000001
core   0: 0x800044ec (0x01bc1813) slli    a6, s8, 27
core   0: 3 0x800044ec (0x01bc1813) x16 0x30000000
core   0: 0x800044f0 (0x00e46533) or      a0, s0, a4
core   0: 3 0x800044f0 (0x00e46533) x10 0xffffffff
core   0: 0x800044f4 (0xefd6f313) andi    t1, a3, -259
core   0: 3 0x800044f4 (0xefd6f313) x 6 0xd48f382d
core   0: 0x800044f8 (0x416ade93) srai    t4, s5, 22
core   0: 3 0x800044f8 (0x416ade93) x29 0x00000000
core   0: 0x800044fc (0x010a8eb3) add     t4, s5, a6
core   0: 3 0x800044fc (0x010a8eb3) x29 0x30000000
core   0: 0x80004500 (0x41eb8c33) sub     s8, s7, t5
core   0: 3 0x80004500 (0x41eb8c33) x24 0x00001852
core   0: 0x80004504 (0x00e11033) sll     zero, sp, a4
core   0: 3 0x80004504 (0x00e11033)
core   0: 0x80004508 (0x579c0693) addi    a3, s8, 1401
core   0: 3 0x80004508 (0x579c0693) x13 0x00001dcb
core   0: 0x8000450c (0x01a65093) srli    ra, a2, 26
core   0: 3 0x8000450c (0x01a65093) x 1 0x00000020
core   0: 0x80004510 (0x00bc8eb3) add     t4, s9, a1
core   0: 3 0x80004510 (0x00bc8eb3) x29 0x69c824da
core   0: 0x80004514 (0x4044de93) srai    t4, s1, 4
core   0: 3 0x80004514 (0x4044de93) x29 0x00000000
core   0: 0x80004518 (0x002221b3) slt     gp, tp, sp
core   0: 3 0x80004518 (0x002221b3) x 3 0x00000001
core   0: 0x8000451c (0xeb076213) ori     tp, a4, -336
core   0: 3 0x8000451c (0xeb076213) x 4 0xffffffbd
core   0: 0x80004520 (0xa780af93) slti    t6, ra, -1416
core   0: 3 0x80004520 (0xa780af93) x31 0x00000000
core   0: 0x80004524 (0x00000013) nop
core   0: 3 0x80004524 (0x00000013)
core   0: 0x80004528 (0x33b76693) ori     a3, a4, 827
core   0: 3 0x80004528 (0x33b76693) x13 0xffffffbf
core   0: 0x8000452c (0xd6ef3f93) sltiu   t6, t5, -658
core   0: 3 0x8000452c (0xd6ef3f93) x31 0x00000001
core   0: 0x80004530 (0x755dc713) xori    a4, s11, 1877
core   0: 3 0x80004530 (0x755dc713) x14 0x00000755
core   0: 0x80004534 (0x3b7d6d13) ori     s10, s10, 951
core   0: 3 0x80004534 (0x3b7d6d13) x26 0x00001ff7
core   0: 0x80004538 (0x565f2137) lui     sp, 0x565f2
core   0: 3 0x80004538 (0x565f2137) x 2 0x565f2000
core   0: 0x8000453c (0x00000013) nop
core   0: 3 0x8000453c (0x00000013)
core   0: 0x80004540 (0x40d0df93) srai    t6, ra, 13
core   0: 3 0x80004540 (0x40d0df93) x31 0x00000000
core   0: 0x80004544 (0x01ef1813) slli    a6, t5, 30
core   0: 3 0x80004544 (0x01ef1813) x16 0x80000000
core   0: 0x80004548 (0x00ad3bb3) sltu    s7, s10, a0
core   0: 3 0x80004548 (0x00ad3bb3) x23 0x00000001
core   0: 0x8000454c (0x00eb5693) srli    a3, s6, 14
core   0: 3 0x8000454c (0x00eb5693) x13 0x00000000
core   0: 0x80004550 (0x40c28eb3) sub     t4, t0, a2
core   0: 3 0x80004550 (0x40c28eb3) x29 0xfffee75c
core   0: 0x80004554 (0x41da81b3) sub     gp, s5, t4
core   0: 3 0x80004554 (0x41da81b3) x 3 0x000118a4
core   0: 0x80004558 (0x41e10133) sub     sp, sp, t5
core   0: 3 0x80004558 (0x41e10133) x 2 0x565f3852
core   0: 0x8000455c (0x633ff493) andi    s1, t6, 1587
core   0: 3 0x8000455c (0x633ff493) x 9 0x00000000
core   0: 0x80004560 (0x01afe133) or      sp, t6, s10
core   0: 3 0x80004560 (0x01afe133) x 2 0x00001ff7
core   0: 0x80004564 (0x6ef32813) slti    a6, t1, 1775
core   0: 3 0x80004564 (0x6ef32813) x16 0x00000001
core   0: 0x80004568 (0x00b99113) slli    sp, s3, 11
core   0: 3 0x80004568 (0x00b99113) x 2 0x00000800
core   0: 0x8000456c (0x00e58cb3) add     s9, a1, a4
core   0: 3 0x8000456c (0x00e58cb3) x25 0xf6ade81b
core   0: 0x80004570 (0x74f7df17) auipc   t5, 0x74f7d
core   0: 3 0x80004570 (0x74f7df17) x30 0xf4f81570
core   0: 0x80004574 (0x22ed0813) addi    a6, s10, 558
core   0: 3 0x80004574 (0x22ed0813) x16 0x00002225
core   0: 0x80004578 (0xef3bae13) slti    t3, s7, -269
core   0: 3 0x80004578 (0xef3bae13) x28 0x00000000
core   0: 0x8000457c (0x41be5f33) sra     t5, t3, s11
core   0: 3 0x8000457c (0x41be5f33) x30 0x00000000
core   0: 0x80004580 (0x01d69d93) slli    s11, a3, 29
core   0: 3 0x80004580 (0x01d69d93) x27 0x00000000
core   0: 0x80004584 (0x848df493) andi    s1, s11, -1976
core   0: 3 0x80004584 (0x848df493) x 9 0x00000000
core   0: 0x80004588 (0xdb992b93) slti    s7, s2, -583
core   0: 3 0x80004588 (0xdb992b93) x23 0x00000000
core   0: 0x8000458c (0x97cff413) andi    s0, t6, -1668
core   0: 3 0x8000458c (0x97cff413) x 8 0x00000000
core   0: 0x80004590 (0x3ec7b513) sltiu   a0, a5, 1004
core   0: 3 0x80004590 (0x3ec7b513) x10 0x00000000
core   0: 0x80004594 (0x0005b6b3) sltu    a3, a1, zero
core   0: 3 0x80004594 (0x0005b6b3) x13 0x00000000
core   0: 0x80004598 (0x00435213) srli    tp, t1, 4
core   0: 3 0x80004598 (0x00435213) x 4 0x0d48f382
core   0: 0x8000459c (0x00000013) nop
core   0: 3 0x8000459c (0x00000013)
core   0: 0x800045a0 (0x006606b3) add     a3, a2, t1
core   0: 3 0x800045a0 (0x006606b3) x13 0x54909511
core   0: 0x800045a4 (0x00219093) slli    ra, gp, 2
core   0: 3 0x800045a4 (0x00219093) x 1 0x00046290
core   0: 0x800045a8 (0x01ecb0b3) sltu    ra, s9, t5
core   0: 3 0x800045a8 (0x01ecb0b3) x 1 0x00000000
core   0: 0x800045ac (0x41d28a33) sub     s4, t0, t4
core   0: 3 0x800045ac (0x41d28a33) x20 0x80015ce4
core   0: 0x800045b0 (0x956b2013) slti    zero, s6, -1706
core   0: 3 0x800045b0 (0x956b2013)
core   0: 0x800045b4 (0x0161de93) srli    t4, gp, 22
core   0: 3 0x800045b4 (0x0161de93) x29 0x00000000
core   0: 0x800045b8 (0x493c8113) addi    sp, s9, 1171
core   0: 3 0x800045b8 (0x493c8113) x 2 0xf6adecae
core   0: 0x800045bc (0x401c0fb3) sub     t6, s8, ra
core   0: 3 0x800045bc (0x401c0fb3) x31 0x00001852
core   0: 0x800045c0 (0x6b6a7593) andi    a1, s4, 1718
core   0: 3 0x800045c0 (0x6b6a7593) x11 0x000004a4
core   0: 0x800045c4 (0xe10e4313) xori    t1, t3, -496
core   0: 3 0x800045c4 (0xe10e4313) x 6 0xfffffe10
core   0: 0x800045c8 (0x6872ca93) xori    s5, t0, 1671
core   0: 3 0x800045c8 (0x6872ca93) x21 0x800042c7
core   0: 0x800045cc (0x01cdf533) and     a0, s11, t3
core   0: 3 0x800045cc (0x01cdf533) x10 0x00000000
core   0: 0x800045d0 (0x40b15e13) srai    t3, sp, 11
core   0: 3 0x800045d0 (0x40b15e13) x28 0xfffed5bd
core   0: 0x800045d4 (0x0015bbb3) sltu    s7, a1, ra
core   0: 3 0x800045d4 (0x0015bbb3) x23 0x00000000
core   0: 0x800045d8 (0x01632433) slt     s0, t1, s6
core   0: 3 0x800045d8 (0x01632433) x 8 0x00000001
core   0: 0x800045dc (0x0022d833) srl     a6, t0, sp
core   0: 3 0x800045dc (0x0022d833) x16 0x00020001
core   0: 0x800045e0 (0xd40f4713) xori    a4, t5, -704
core   0: 3 0x800045e0 (0xd40f4713) x14 0xfffffd40
core   0: 0x800045e4 (0x418d0033) sub     zero, s10, s8
core   0: 3 0x800045e4 (0x418d0033)
core   0: 0x800045e8 (0xd0d8c593) xori    a1, a7, -755
core   0: 3 0x800045e8 (0xd0d8c593) x11 0xfffffb5f
core   0: 0x800045ec (0x01483e33) sltu    t3, a6, s4
core   0: 3 0x800045ec (0x01483e33) x28 0x00000001
core   0: 0x800045f0 (0x015bc0b3) xor     ra, s7, s5
core   0: 3 0x800045f0 (0x015bc0b3) x 1 0x800042c7
core   0: 0x800045f4 (0x01ee49b3) xor     s3, t3, t5
core   0: 3 0x800045f4 (0x01ee49b3) x19 0x00000001
core   0: 0x800045f8 (0x016f5333) srl     t1, t5, s6
core   0: 3 0x800045f8 (0x016f5333) x 6 0x00000000
core   0: 0x800045fc (0xd67a5037) lui     zero, 0xd67a5
core   0: 3 0x800045fc (0xd67a5037)
core   0: 0x80004600 (0x010a8bb3) add     s7, s5, a6
core   0: 3 0x80004600 (0x010a8bb3) x23 0x800242c8
core   0: 0x80004604 (0x401d8933) sub     s2, s11, ra
core   0: 3 0x80004604 (0x401d8933) x18 0x7fffbd39
core   0: 0x80004608 (0x005d9e33) sll     t3, s11, t0
core   0: 3 0x80004608 (0x005d9e33) x28 0x00000000
core   0: 0x8000460c (0x003e9c13) slli    s8, t4, 3
core   0: 3 0x8000460c (0x003e9c13) x24 0x00000000
core   0: 0x80004610 (0x40d15cb3) sra     s9, sp, a3
core   0: 3 0x80004610 (0x40d15cb3) x25 0xfffffb56
core   0: 0x80004614 (0x409ed293) srai    t0, t4, 9
core   0: 3 0x80004614 (0x409ed293) x 5 0x00000000
core   0: 0x80004618 (0x01ad1933) sll     s2, s10, s10
core   0: 3 0x80004618 (0x01ad1933) x18 0xfb800000
core   0: 0x8000461c (0x40e95f13) srai    t5, s2, 14
core   0: 3 0x8000461c (0x40e95f13) x30 0xffffee00
core   0: 0x80004620 (0x41655c33) sra     s8, a0, s6
core   0: 3 0x80004620 (0x41655c33) x24 0x00000000
core   0: 0x80004624 (0x01273c33) sltu    s8, a4, s2
core   0: 3 0x80004624 (0x01273c33) x24 0x00000000
core   0: 0x80004628 (0xb9a17a17) auipc   s4, 0xb9a17
core   0: 3 0x80004628 (0xb9a17a17) x20 0x39a1b628
core   0: 0x8000462c (0x252b8293) addi    t0, s7, 594
core   0: 3 0x8000462c (0x252b8293) x 5 0x8002451a
core   0: 0x80004630 (0x0012ddb3) srl     s11, t0, ra
core   0: 3 0x80004630 (0x0012ddb3) x27 0x0100048a
core   0: 0x80004634 (0x0079aa33) slt     s4, s3, t2
core   0: 3 0x80004634 (0x0079aa33) x20 0x00000000
core   0: 0x80004638 (0xc60a3413) sltiu   s0, s4, -928
core   0: 3 0x80004638 (0xc60a3413) x 8 0x00000001
core   0: 0x8000463c (0x418dd093) srai    ra, s11, 24
core   0: 3 0x8000463c (0x418dd093) x 1 0x00000001
core   0: 0x80004640 (0x9aac8213) addi    tp, s9, -1622
core   0: 3 0x80004640 (0x9aac8213) x 4 0xfffff500
core   0: 0x80004644 (0x00f09d33) sll     s10, ra, a5
core   0: 3 0x80004644 (0x00f09d33) x26 0x80000000
core   0: 0x80004648 (0x9b872993) slti    s3, a4, -1608
core   0: 3 0x80004648 (0x9b872993) x19 0x00000000
core   0: 0x8000464c (0x40765b13) srai    s6, a2, 7
core   0: 3 0x8000464c (0x40765b13) x22 0xff0002b9
core   0: 0x80004650 (0x0119f933) and     s2, s3, a7
core   0: 3 0x80004650 (0x0119f933) x18 0x00000000
core   0: 0x80004654 (0x018bd713) srli    a4, s7, 24
core   0: 3 0x80004654 (0x018bd713) x14 0x00000080
core   0: 0x80004658 (0x00d4b9b3) sltu    s3, s1, a3
core   0: 3 0x80004658 (0x00d4b9b3) x19 0x00000001
core   0: 0x8000465c (0x012b9d93) slli    s11, s7, 18
core   0: 3 0x8000465c (0x012b9d93) x27 0x0b200000
core   0: 0x80004660 (0x08f4b597) auipc   a1, 0x8f4b
core   0: 3 0x80004660 (0x08f4b597) x11 0x88f4f660
core   0: 0x80004664 (0x01423a33) sltu    s4, tp, s4
core   0: 3 0x80004664 (0x01423a33) x20 0x00000000
core   0: 0x80004668 (0x41bed193) srai    gp, t4, 27
core   0: 3 0x80004668 (0x41bed193) x 3 0x00000000
core   0: 0x8000466c (0x00777433) and     s0, a4, t2
core   0: 3 0x8000466c (0x00777433) x 8 0x00000000
core   0: 0x80004670 (0x00d9cc33) xor     s8, s3, a3
core   0: 3 0x80004670 (0x00d9cc33) x24 0x54909510
core   0: 0x80004674 (0x005e1d93) slli    s11, t3, 5
core   0: 3 0x80004674 (0x005e1d93) x27 0x00000000
core   0: 0x80004678 (0xf052ff93) andi    t6, t0, -251
core   0: 3 0x80004678 (0xf052ff93) x31 0x80024500
core   0: 0x8000467c (0x005936b3) sltu    a3, s2, t0
core   0: 3 0x8000467c (0x005936b3) x13 0x00000001
core   0: 0x80004680 (0x0104cb33) xor     s6, s1, a6
core   0: 3 0x80004680 (0x0104cb33) x22 0x00020001
core   0: 0x80004684 (0x018b1c33) sll     s8, s6, s8
core   0: 3 0x80004684 (0x018b1c33) x24 0x00010000
core   0: 0x80004688 (0x01d40133) add     sp, s0, t4
core   0: 3 0x80004688 (0x01d40133) x 2 0x00000000
core   0: 0x8000468c (0x72b4beb7) lui     t4, 0x72b4b
core   0: 3 0x8000468c (0x72b4beb7) x29 0x72b4b000
core   0: 0x80004690 (0x409a5833) sra     a6, s4, s1
core   0: 3 0x80004690 (0x409a5833) x16 0x00000000
core   0: 0x80004694 (0x40dc0033) sub     zero, s8, a3
core   0: 3 0x80004694 (0x40dc0033)
core   0: 0x80004698 (0x00000013) nop
core   0: 3 0x80004698 (0x00000013)
core   0: 0x8000469c (0x632a6b13) ori     s6, s4, 1586
core   0: 3 0x8000469c (0x632a6b13) x22 0x00000632
core   0: 0x800046a0 (0x00e19a33) sll     s4, gp, a4
core   0: 3 0x800046a0 (0x00e19a33) x20 0x00000000
core   0: 0x800046a4 (0xf6272813) slti    a6, a4, -158
core   0: 3 0x800046a4 (0xf6272813) x16 0x00000000
core   0: 0x800046a8 (0xd951ec17) auipc   s8, 0xd951e
core   0: 3 0x800046a8 (0xd951ec17) x24 0x595226a8
core   0: 0x800046ac (0x40f70f33) sub     t5, a4, a5
core   0: 3 0x800046ac (0x40f70f33) x30 0x18512fa1
core   0: 0x800046b0 (0xc4b00317) auipc   t1, 0xc4b00
core   0: 3 0x800046b0 (0xc4b00317) x 6 0x44b046b0
core   0: 0x800046b4 (0x40538bb3) sub     s7, t2, t0
core   0: 3 0x800046b4 (0x40538bb3) x23 0xfffed94a
core   0: 0x800046b8 (0x40f656b3) sra     a3, a2, a5
core   0: 3 0x800046b8 (0x40f656b3) x13 0xffffffff
core   0: 0x800046bc (0x004e5e93) srli    t4, t3, 4
core   0: 3 0x800046bc (0x004e5e93) x29 0x00000000
core   0: 0x800046c0 (0x00e791b3) sll     gp, a5, a4
core   0: 3 0x800046c0 (0x00e791b3) x 3 0xe7aed0df
core   0: 0x800046c4 (0xfab77313) andi    t1, a4, -85
core   0: 3 0x800046c4 (0xfab77313) x 6 0x00000080
core   0: 0x800046c8 (0x01b01133) sll     sp, zero, s11
core   0: 3 0x800046c8 (0x01b01133) x 2 0x00000000
core   0: 0x800046cc (0xdac17737) lui     a4, 0xdac17
core   0: 3 0x800046cc (0xdac17737) x14 0xdac17000
core   0: 0x800046d0 (0xbe7aa117) auipc   sp, 0xbe7aa
core   0: 3 0x800046d0 (0xbe7aa117) x 2 0x3e7ae6d0
core   0: 0x800046d4 (0x001c4e33) xor     t3, s8, ra
core   0: 3 0x800046d4 (0x001c4e33) x28 0x595226a9
core   0: 0x800046d8 (0xc7adb737) lui     a4, 0xc7adb
core   0: 3 0x800046d8 (0xc7adb737) x14 0xc7adb000
core   0: 0x800046dc (0x0146fb33) and     s6, a3, s4
core   0: 3 0x800046dc (0x0146fb33) x22 0x00000000
core   0: 0x800046e0 (0x01269413) slli    s0, a3, 18
core   0: 3 0x800046e0 (0x01269413) x 8 0xfffc0000
core   0: 0x800046e4 (0x65181897) auipc   a7, 0x65181
core   0: 3 0x800046e4 (0x65181897) x17 0xe51856e4
core   0: 0x800046e8 (0x01bbf033) and     zero, s7, s11
core   0: 3 0x800046e8 (0x01bbf033)
core   0: 0x800046ec (0x00a439b3) sltu    s3, s0, a0
core   0: 3 0x800046ec (0x00a439b3) x19 0x00000000
core   0: 0x800046f0 (0xc7608e93) addi    t4, ra, -906
core   0: 3 0x800046f0 (0xc7608e93) x29 0xfffffc77
core   0: 0x800046f4 (0x2d943093) sltiu   ra, s0, 729
core   0: 3 0x800046f4 (0x2d943093) x 1 0x00000000
core   0: 0x800046f8 (0x01331fb3) sll     t6, t1, s3
core   0: 3 0x800046f8 (0x01331fb3) x31 0x00000080
core   0: 0x800046fc (0x019e6933) or      s2, t3, s9
core   0: 3 0x800046fc (0x019e6933) x18 0xffffffff
core   0: 0x80004700 (0x018bb4b3) sltu    s1, s7, s8
core   0: 3 0x80004700 (0x018bb4b3) x 9 0x00000000
core   0: 0x80004704 (0x002386b3) add     a3, t2, sp
core   0: 3 0x80004704 (0x002386b3) x13 0xbe7c0534
core   0: 0x80004708 (0x006ce533) or      a0, s9, t1
core   0: 3 0x80004708 (0x006ce533) x10 0xfffffbd6
core   0: 0x8000470c (0x014bdb13) srli    s6, s7, 20
core   0: 3 0x8000470c (0x014bdb13) x22 0x00000fff
core   0: 0x80004710 (0x40a85d93) srai    s11, a6, 10
core   0: 3 0x80004710 (0x40a85d93) x27 0x00000000
core   0: 0x80004714 (0x29c07c93) andi    s9, zero, 668
core   0: 3 0x80004714 (0x29c07c93) x25 0x00000000
core   0: 0x80004718 (0x0061c6b3) xor     a3, gp, t1
core   0: 3 0x80004718 (0x0061c6b3) x13 0xe7aed05f
core   0: 0x8000471c (0x6bc43113) sltiu   sp, s0, 1724
core   0: 3 0x8000471c (0x6bc43113) x 2 0x00000000
core   0: 0x80004720 (0x0041e4b3) or      s1, gp, tp
core   0: 3 0x80004720 (0x0041e4b3) x 9 0xfffff5df
core   0: 0x80004724 (0x0186e5b3) or      a1, a3, s8
core   0: 3 0x80004724 (0x0186e5b3) x11 0xfffef6ff
core   0: 0x80004728 (0x01ac9193) slli    gp, s9, 26
core   0: 3 0x80004728 (0x01ac9193) x 3 0x00000000
core   0: 0x8000472c (0x4138c513) xori    a0, a7, 1043
core   0: 3 0x8000472c (0x4138c513) x10 0xe51852f7
core   0: 0x80004730 (0x00a8b833) sltu    a6, a7, a0
core   0: 3 0x80004730 (0x00a8b833) x16 0x00000000
core   0: 0x80004734 (0xbf8b3313) sltiu   t1, s6, -1032
core   0: 3 0x80004734 (0xbf8b3313) x 6 0x00000001
core   0: 0x80004738 (0xdb5b4e93) xori    t4, s6, -587
core   0: 3 0x80004738 (0xdb5b4e93) x29 0xfffff24a
core   0: 0x8000473c (0x00cf9ab3) sll     s5, t6, a2
core   0: 3 0x8000473c (0x00cf9ab3) x21 0x00000800
core   0: 0x80004740 (0x009b5e93) srli    t4, s6, 9
core   0: 3 0x80004740 (0x009b5e93) x29 0x00000007
core   0: 0x80004744 (0x390a72b7) lui     t0, 0x390a7
core   0: 3 0x80004744 (0x390a72b7) x 5 0x390a7000
core   0: 0x80004748 (0x6afb7a93) andi    s5, s6, 1711
core   0: 3 0x80004748 (0x6afb7a93) x21 0x000006af
core   0: 0x8000474c (0x008f64b3) or      s1, t5, s0
core   0: 3 0x8000474c (0x008f64b3) x 9 0xfffd2fa1
core   0: 0x80004750 (0x007c5d93) srli    s11, s8, 7
core   0: 3 0x80004750 (0x007c5d93) x27 0x00b2a44d
core   0: 0x80004754 (0x00000013) nop
core   0: 3 0x80004754 (0x00000013)
core   0: 0x80004758 (0x01bfcc33) xor     s8, t6, s11
core   0: 3 0x80004758 (0x01bfcc33) x24 0x00b2a4cd
core   0: 0x8000475c (0x00151d13) slli    s10, a0, 1
core   0: 3 0x8000475c (0x00151d13) x26 0xca30a5ee
core   0: 0x80004760 (0x65c30513) addi    a0, t1, 1628
core   0: 3 0x80004760 (0x65c30513) x10 0x0000065d
core   0: 0x80004764 (0x2fd68493) addi    s1, a3, 765
core   0: 3 0x80004764 (0x2fd68493) x 9 0xe7aed35c
core   0: 0x80004768 (0x00000093) li      ra, 0
core   0: 3 0x80004768 (0x00000093) x 1 0x00000000
core   0: 0x8000476c (0xd21f69b7) lui     s3, 0xd21f6
core   0: 3 0x8000476c (0xd21f69b7) x19 0xd21f6000
core   0: 0x80004770 (0x9c798993) addi    s3, s3, -1593
core   0: 3 0x80004770 (0x9c798993) x19 0xd21f59c7
core   0: 0x80004774 (0x60504ab7) lui     s5, 0x60504
core   0: 3 0x80004774 (0x60504ab7) x21 0x60504000
core   0: 0x80004778 (0x7f5a8a93) addi    s5, s5, 2037
core   0: 3 0x80004778 (0x7f5a8a93) x21 0x605047f5
core   0: 0x8000477c (0xfff00113) li      sp, -1
core   0: 3 0x8000477c (0xfff00113) x 2 0xffffffff
core   0: 0x80004780 (0x80000237) lui     tp, 0x80000
core   0: 3 0x80004780 (0x80000237) x 4 0x80000000
core   0: 0x80004784 (0xfff00b13) li      s6, -1
core   0: 3 0x80004784 (0xfff00b13) x22 0xffffffff
core   0: 0x80004788 (0x00000913) li      s2, 0
core   0: 3 0x80004788 (0x00000913) x18 0x00000000
core   0: 0x8000478c (0xfff00e93) li      t4, -1
core   0: 3 0x8000478c (0xfff00e93) x29 0xffffffff
core   0: 0x80004790 (0x9e53c537) lui     a0, 0x9e53c
core   0: 3 0x80004790 (0x9e53c537) x10 0x9e53c000
core   0: 0x80004794 (0x79e50513) addi    a0, a0, 1950
core   0: 3 0x80004794 (0x79e50513) x10 0x9e53c79e
core   0: 0x80004798 (0x00000713) li      a4, 0
core   0: 3 0x80004798 (0x00000713) x14 0x00000000
core   0: 0x8000479c (0x44de9937) lui     s2, 0x44de9
core   0: 3 0x8000479c (0x44de9937) x18 0x44de9000
core   0: 0x800047a0 (0x266e8713) addi    a4, t4, 614
core   0: 3 0x800047a0 (0x266e8713) x14 0x00000265
core   0: 0x800047a4 (0x01310b33) add     s6, sp, s3
core   0: 3 0x800047a4 (0x01310b33) x22 0xd21f59c6
core   0: 0x800047a8 (0xe3d95237) lui     tp, 0xe3d95
core   0: 3 0x800047a8 (0xe3d95237) x 4 0xe3d95000
core   0: 0x800047ac (0xa64e8093) addi    ra, t4, -1436
core   0: 3 0x800047ac (0xa64e8093) x 1 0xfffffa63
core   0: 0x800047b0 (0x00a70533) add     a0, a4, a0
core   0: 3 0x800047b0 (0x00a70533) x10 0x9e53ca03
core   0: 0x800047b4 (0x6c108e93) addi    t4, ra, 1729
core   0: 3 0x800047b4 (0x6c108e93) x29 0x00000124
core   0: 0x800047b8 (0x2be92537) lui     a0, 0x2be92
core   0: 3 0x800047b8 (0x2be92537) x10 0x2be92000
core   0: 0x800047bc (0x41390233) sub     tp, s2, s3
core   0: 3 0x800047bc (0x41390233) x 4 0x72bf3639
core   0: 0x800047c0 (0x8d0edeb7) lui     t4, 0x8d0ed
core   0: 3 0x800047c0 (0x8d0edeb7) x29 0x8d0ed000
core   0: 0x800047c4 (0x41d08b33) sub     s6, ra, t4
core   0: 3 0x800047c4 (0x41d08b33) x22 0x72f12a63
core   0: 0x800047c8 (0x82310093) addi    ra, sp, -2013
core   0: 3 0x800047c8 (0x82310093) x 1 0xfffff822
core   0: 0x800047cc (0xe5738a97) auipc   s5, 0xe5738
core   0: 3 0x800047cc (0xe5738a97) x21 0x6573c7cc
core   0: 0x800047d0 (0x412e8133) sub     sp, t4, s2
core   0: 3 0x800047d0 (0x412e8133) x 2 0x48304000
core   0: 0x800047d4 (0x013989b3) add     s3, s3, s3
core   0: 3 0x800047d4 (0x013989b3) x19 0xa43eb38e
core   0: 0x800047d8 (0x9acb5097) auipc   ra, 0x9acb5
core   0: 3 0x800047d8 (0x9acb5097) x 1 0x1acb97d8
core   0: 0x800047dc (0x80f939b7) lui     s3, 0x80f93
core   0: 3 0x800047dc (0x80f939b7) x19 0x80f93000
core   0: 0x800047e0 (0x656a8a93) addi    s5, s5, 1622
core   0: 3 0x800047e0 (0x656a8a93) x21 0x6573ce22
core   0: 0x800047e4 (0x40120533) sub     a0, tp, ra
core   0: 3 0x800047e4 (0x40120533) x10 0x57f39e61
core   0: 0x800047e8 (0xe8810e93) addi    t4, sp, -376
core   0: 3 0x800047e8 (0xe8810e93) x29 0x48303e88
core   0: 0x800047ec (0x7519f9b7) lui     s3, 0x7519f
core   0: 3 0x800047ec (0x7519f9b7) x19 0x7519f000
core   0: 0x800047f0 (0x00f129b7) lui     s3, 0xf12
core   0: 3 0x800047f0 (0x00f129b7) x19 0x00f12000
core   0: 0x800047f4 (0x00000013) nop
core   0: 3 0x800047f4 (0x00000013)
core   0: 0x800047f8 (0xcecbf717) auipc   a4, 0xcecbf
core   0: 3 0x800047f8 (0xcecbf717) x14 0x4ecc37f8
core   0: 0x800047fc (0x9d627737) lui     a4, 0x9d627
core   0: 3 0x800047fc (0x9d627737) x14 0x9d627000
core   0: 0x80004800 (0xabb89b17) auipc   s6, 0xabb89
core   0: 3 0x80004800 (0xabb89b17) x22 0x2bb8d800
core   0: 0x80004804 (0x00000013) nop
core   0: 3 0x80004804 (0x00000013)
core   0: 0x80004808 (0x00f15f13) srli    t5, sp, 15
core   0: 3 0x80004808 (0x00f15f13) x30 0x00009060
core   0: 0x8000480c (0x003e0ab3) add     s5, t3, gp
core   0: 3 0x8000480c (0x003e0ab3) x21 0x595226a9
core   0: 0x80004810 (0xf9df7813) andi    a6, t5, -99
core   0: 3 0x80004810 (0xf9df7813) x16 0x00009000
core   0: 0x80004814 (0x01cae0b3) or      ra, s5, t3
core   0: 3 0x80004814 (0x01cae0b3) x 1 0x595226a9
core   0: 0x80004818 (0x008789b3) add     s3, a5, s0
core   0: 3 0x80004818 (0x008789b3) x19 0xe7aad0df
core   0: 0x8000481c (0x01535cb3) srl     s9, t1, s5
core   0: 3 0x8000481c (0x01535cb3) x25 0x00000000
core   0: 0x80004820 (0x00a37b33) and     s6, t1, a0
core   0: 3 0x80004820 (0x00a37b33) x22 0x00000001
core   0: 0x80004824 (0xe674ed97) auipc   s11, 0xe674e
core   0: 3 0x80004824 (0xe674ed97) x27 0x66752824
core   0: 0x80004828 (0x01c02d33) slt     s10, zero, t3
core   0: 3 0x80004828 (0x01c02d33) x26 0x00000001
core   0: 0x8000482c (0x409bdfb3) sra     t6, s7, s1
core   0: 3 0x8000482c (0x409bdfb3) x31 0xffffffff
core   0: 0x80004830 (0x0119fb33) and     s6, s3, a7
core   0: 3 0x80004830 (0x0119fb33) x22 0xe50850c4
core   0: 0x80004834 (0xdbb6afb7) lui     t6, 0xdbb6a
core   0: 3 0x80004834 (0xdbb6afb7) x31 0xdbb6a000
core   0: 0x80004838 (0xf17f8f93) addi    t6, t6, -233
core   0: 3 0x80004838 (0xf17f8f93) x31 0xdbb69f17
core   0: 0x8000483c (0x00000113) li      sp, 0
core   0: 3 0x8000483c (0x00000113) x 2 0x00000000
core   0: 0x80004840 (0x80000237) lui     tp, 0x80000
core   0: 3 0x80004840 (0x80000237) x 4 0x80000000
core   0: 0x80004844 (0xfff00093) li      ra, -1
core   0: 3 0x80004844 (0xfff00093) x 1 0xffffffff
core   0: 0x80004848 (0xfff00c13) li      s8, -1
core   0: 3 0x80004848 (0xfff00c13) x24 0xffffffff
core   0: 0x8000484c (0x877ef1b7) lui     gp, 0x877ef
core   0: 3 0x8000484c (0x877ef1b7) x 3 0x877ef000
core   0: 0x80004850 (0x63e18193) addi    gp, gp, 1598
core   0: 3 0x80004850 (0x63e18193) x 3 0x877ef63e
core   0: 0x80004854 (0x80000f37) lui     t5, 0x80000
core   0: 3 0x80004854 (0x80000f37) x30 0x80000000
core   0: 0x80004858 (0x5411ddb7) lui     s11, 0x5411d
core   0: 3 0x80004858 (0x5411ddb7) x27 0x5411d000
core   0: 0x8000485c (0xcbfd8d93) addi    s11, s11, -833
core   0: 3 0x8000485c (0xcbfd8d93) x27 0x5411ccbf
core   0: 0x80004860 (0x00000b93) li      s7, 0
core   0: 3 0x80004860 (0x00000b93) x23 0x00000000
core   0: 0x80004864 (0xfff00e13) li      t3, -1
core   0: 3 0x80004864 (0xfff00e13) x28 0xffffffff
core   0: 0x80004868 (0x402f0c33) sub     s8, t5, sp
core   0: 3 0x80004868 (0x402f0c33) x24 0x80000000
core   0: 0x8000486c (0xbb22bf17) auipc   t5, 0xbb22b
core   0: 3 0x8000486c (0xbb22bf17) x30 0x3b22f86c
core   0: 0x80004870 (0x418c0bb3) sub     s7, s8, s8
core   0: 3 0x80004870 (0x418c0bb3) x23 0x00000000
core   0: 0x80004874 (0x41fb8233) sub     tp, s7, t6
core   0: 3 0x80004874 (0x41fb8233) x 4 0x244960e9
core   0: 0x80004878 (0xb5268e17) auipc   t3, 0xb5268
core   0: 3 0x80004878 (0xb5268e17) x28 0x3526c878
core   0: 0x8000487c (0xf8e63197) auipc   gp, 0xf8e63
core   0: 3 0x8000487c (0xf8e63197) x 3 0x78e6787c
core   0: 0x80004880 (0x8664e097) auipc   ra, 0x8664e
core   0: 3 0x80004880 (0x8664e097) x 1 0x06652880
core   0: 0x80004884 (0x01fc0233) add     tp, s8, t6
core   0: 3 0x80004884 (0x01fc0233) x 4 0x5bb69f17
core   0: 0x80004888 (0x40420f33) sub     t5, tp, tp
core   0: 3 0x80004888 (0x40420f33) x30 0x00000000
core   0: 0x8000488c (0x85b0ac37) lui     s8, 0x85b0a
core   0: 3 0x8000488c (0x85b0ac37) x24 0x85b0a000
core   0: 0x80004890 (0x40120bb3) sub     s7, tp, ra
core   0: 3 0x80004890 (0x40120bb3) x23 0x55517697
core   0: 0x80004894 (0x0af20093) addi    ra, tp, 175
core   0: 3 0x80004894 (0x0af20093) x 1 0x5bb69fc6
core   0: 0x80004898 (0xad1f0f13) addi    t5, t5, -1327
core   0: 3 0x80004898 (0xad1f0f13) x30 0xfffffad1
core   0: 0x8000489c (0xcddbb097) auipc   ra, 0xcddbb
core   0: 3 0x8000489c (0xcddbb097) x 1 0x4ddbf89c
core   0: 0x800048a0 (0x00318c33) add     s8, gp, gp
core   0: 3 0x800048a0 (0x00318c33) x24 0xf1ccf0f8
core   0: 0x800048a4 (0x1ff15e37) lui     t3, 0x1ff15
core   0: 3 0x800048a4 (0x1ff15e37) x28 0x1ff15000
core   0: 0x800048a8 (0x41b08db3) sub     s11, ra, s11
core   0: 3 0x800048a8 (0x41b08db3) x27 0xf9ca2bdd
core   0: 0x800048ac (0x00000013) nop
core   0: 3 0x800048ac (0x00000013)
core   0: 0x800048b0 (0x018c01b3) add     gp, s8, s8
core   0: 3 0x800048b0 (0x018c01b3) x 3 0xe399e1f0
core   0: 0x800048b4 (0x00000013) nop
core   0: 3 0x800048b4 (0x00000013)
core   0: 0x800048b8 (0x401b8c33) sub     s8, s7, ra
core   0: 3 0x800048b8 (0x401b8c33) x24 0x07757dfb
core   0: 0x800048bc (0xf0fc60b7) lui     ra, 0xf0fc6
core   0: 3 0x800048bc (0xf0fc60b7) x 1 0xf0fc6000
core   0: 0x800048c0 (0x41ee0fb3) sub     t6, t3, t5
core   0: 3 0x800048c0 (0x41ee0fb3) x31 0x1ff1552f
core   0: 0x800048c4 (0x41eb8bb3) sub     s7, s7, t5
core   0: 3 0x800048c4 (0x41eb8bb3) x23 0x55517bc6
core   0: 0x800048c8 (0x277a70b7) lui     ra, 0x277a7
core   0: 3 0x800048c8 (0x277a70b7) x 1 0x277a7000
core   0: 0x800048cc (0x84adf013) andi    zero, s11, -1974
core   0: 3 0x800048cc (0x84adf013)
core   0: 0x800048d0 (0x86bf0c13) addi    s8, t5, -1941
core   0: 3 0x800048d0 (0x86bf0c13) x24 0xfffff33c
core   0: 0x800048d4 (0x4d023997) auipc   s3, 0x4d023
core   0: 3 0x800048d4 (0x4d023997) x19 0xcd0278d4
core   0: 0x800048d8 (0x415f0db3) sub     s11, t5, s5
core   0: 3 0x800048d8 (0x415f0db3) x27 0xa6add428
core   0: 0x800048dc (0x7a0f6313) ori     t1, t5, 1952
core   0: 3 0x800048dc (0x7a0f6313) x 6 0xfffffff1
core   0: 0x800048e0 (0xfdebab93) slti    s7, s7, -34
core   0: 3 0x800048e0 (0xfdebab93) x23 0x00000000
core   0: 0x800048e4 (0x009e15b3) sll     a1, t3, s1
core   0: 3 0x800048e4 (0x009e15b3) x11 0x00000000
core   0: 0x800048e8 (0x579c2313) slti    t1, s8, 1401
core   0: 3 0x800048e8 (0x579c2313) x 6 0x00000001
core   0: 0x800048ec (0x3b6dfe17) auipc   t3, 0x3b6df
core   0: 3 0x800048ec (0x3b6dfe17) x28 0xbb6e38ec
core   0: 0x800048f0 (0x1b24f513) andi    a0, s1, 434
core   0: 3 0x800048f0 (0x1b24f513) x10 0x00000110
core   0: 0x800048f4 (0x41b752b3) sra     t0, a4, s11
core   0: 3 0x800048f4 (0x41b752b3) x 5 0xff9d6270
core   0: 0x800048f8 (0x00000013) nop
core   0: 3 0x800048f8 (0x00000013)
core   0: 0x800048fc (0x01100db3) add     s11, zero, a7
core   0: 3 0x800048fc (0x01100db3) x27 0xe51856e4
core   0: 0x80004900 (0x40960c33) sub     s8, a2, s1
core   0: 3 0x80004900 (0x40960c33) x24 0x98528988
core   0: 0x80004904 (0xbeb10813) addi    a6, sp, -1045
core   0: 3 0x80004904 (0xbeb10813) x16 0xfffffbeb
core   0: 0x80004908 (0x00fe6bb3) or      s7, t3, a5
core   0: 3 0x80004908 (0x00fe6bb3) x23 0xffeef8ff
core   0: 0x8000490c (0x00478eb3) add     t4, a5, tp
core   0: 3 0x8000490c (0x00478eb3) x29 0x43656ff6
core   0: 0x80004910 (0xbd2a82b7) lui     t0, 0xbd2a8
core   0: 3 0x80004910 (0xbd2a82b7) x 5 0xbd2a8000
core   0: 0x80004914 (0x5b604493) xori    s1, zero, 1462
core   0: 3 0x80004914 (0x5b604493) x 9 0x000005b6
core   0: 0x80004918 (0x0137b333) sltu    t1, a5, s3
core   0: 3 0x80004918 (0x0137b333) x 6 0x00000000
core   0: 0x8000491c (0xf9856893) ori     a7, a0, -104
core   0: 3 0x8000491c (0xf9856893) x17 0xffffff98
core   0: 0x80004920 (0xf83bbd13) sltiu   s10, s7, -125
core   0: 3 0x80004920 (0xf83bbd13) x26 0x00000001
core   0: 0x80004924 (0x92203c13) sltiu   s8, zero, -1758
core   0: 3 0x80004924 (0x92203c13) x24 0x00000001
core   0: 0x80004928 (0x41666313) ori     t1, a2, 1046
core   0: 3 0x80004928 (0x41666313) x 6 0x80015cf6
core   0: 0x8000492c (0x013e36b3) sltu    a3, t3, s3
core   0: 3 0x8000492c (0x013e36b3) x13 0x00000001
core   0: 0x80004930 (0x59073a13) sltiu   s4, a4, 1424
core   0: 3 0x80004930 (0x59073a13) x20 0x00000000
core   0: 0x80004934 (0x01d5df13) srli    t5, a1, 29
core   0: 3 0x80004934 (0x01d5df13) x30 0x00000000
core   0: 0x80004938 (0x00585693) srli    a3, a6, 5
core   0: 3 0x80004938 (0x00585693) x13 0x07ffffdf
core   0: 0x8000493c (0x00ba9eb3) sll     t4, s5, a1
core   0: 3 0x8000493c (0x00ba9eb3) x29 0x595226a9
core   0: 0x80004940 (0xfc803513) sltiu   a0, zero, -56
core   0: 3 0x80004940 (0xfc803513) x10 0x00000001
core   0: 0x80004944 (0x016c5fb3) srl     t6, s8, s6
core   0: 3 0x80004944 (0x016c5fb3) x31 0x00000000
core   0: 0x80004948 (0x6af6c493) xori    s1, a3, 1711
core   0: 3 0x80004948 (0x6af6c493) x 9 0x07fff970
core   0: 0x8000494c (0x014236b3) sltu    a3, tp, s4
core   0: 3 0x8000494c (0x014236b3) x13 0x00000000
core   0: 0x80004950 (0xc85d0993) addi    s3, s10, -891
core   0: 3 0x80004950 (0xc85d0993) x19 0xfffffc86
core   0: 0x80004954 (0x00931c13) slli    s8, t1, 9
core   0: 3 0x80004954 (0x00931c13) x24 0x02b9ec00
core   0: 0x80004958 (0x00000013) nop
core   0: 3 0x80004958 (0x00000013)
core   0: 0x8000495c (0x418e5293) srai    t0, t3, 24
core   0: 3 0x8000495c (0x418e5293) x 5 0xffffffbb
core   0: 0x80004960 (0x00034433) xor     s0, t1, zero
core   0: 3 0x80004960 (0x00034433) x 8 0x80015cf6
core   0: 0x80004964 (0x00dac933) xor     s2, s5, a3
core   0: 3 0x80004964 (0x00dac933) x18 0x595226a9
core   0: 0x80004968 (0xea1f2a93) slti    s5, t5, -351
core   0: 3 0x80004968 (0xea1f2a93) x21 0x00000000
core   0: 0x8000496c (0x01425193) srli    gp, tp, 20
core   0: 3 0x8000496c (0x01425193) x 3 0x000005bb
core   0: 0x80004970 (0x01afa5b3) slt     a1, t6, s10
core   0: 3 0x80004970 (0x01afa5b3) x11 0x00000001
core   0: 0x80004974 (0x009e8533) add     a0, t4, s1
core   0: 3 0x80004974 (0x009e8533) x10 0x61522019
core   0: 0x80004978 (0x07cfc5b7) lui     a1, 0x7cfc
core   0: 3 0x80004978 (0x07cfc5b7) x11 0x07cfc000
core   0: 0x8000497c (0x00f8cb33) xor     s6, a7, a5
core   0: 3 0x8000497c (0x00f8cb33) x22 0x18512f47
core   0: 0x80004980 (0x00f14033) xor     zero, sp, a5
core   0: 3 0x80004980 (0x00f14033)
core   0: 0x80004984 (0x006a84b3) add     s1, s5, t1
core   0: 3 0x80004984 (0x006a84b3) x 9 0x80015cf6
core   0: 0x80004988 (0x00f8f0b3) and     ra, a7, a5
core   0: 3 0x80004988 (0x00f8f0b3) x 1 0xe7aed098
core   0: 0x8000498c (0x01223ab3) sltu    s5, tp, s2
core   0: 3 0x8000498c (0x01223ab3) x21 0x00000000
core   0: 0x80004990 (0x00cb1433) sll     s0, s6, a2
core   0: 3 0x80004990 (0x00cb1433) x 8 0x8512f470
core   0: 0x80004994 (0x40515e13) srai    t3, sp, 5
core   0: 3 0x80004994 (0x40515e13) x28 0x00000000
core   0: 0x80004998 (0x01069733) sll     a4, a3, a6
core   0: 3 0x80004998 (0x01069733) x14 0x00000000
core   0: 0x8000499c (0xd6336db7) lui     s11, 0xd6336
core   0: 3 0x8000499c (0xd6336db7) x27 0xd6336000
core   0: 0x800049a0 (0x918d6c93) ori     s9, s10, -1768
core   0: 3 0x800049a0 (0x918d6c93) x25 0xfffff919
core   0: 0x800049a4 (0x0167b0b3) sltu    ra, a5, s6
core   0: 3 0x800049a4 (0x0167b0b3) x 1 0x00000000
core   0: 0x800049a8 (0x6fb32417) auipc   s0, 0x6fb32
core   0: 3 0x800049a8 (0x6fb32417) x 8 0xefb369a8
core   0: 0x800049ac (0x01071193) slli    gp, a4, 16
core   0: 3 0x800049ac (0x01071193) x 3 0x00000000
core   0: 0x800049b0 (0x00000013) nop
core   0: 3 0x800049b0 (0x00000013)
core   0: 0x800049b4 (0x00f11133) sll     sp, sp, a5
core   0: 3 0x800049b4 (0x00f11133) x 2 0x00000000
core   0: 0x800049b8 (0x005cf1b3) and     gp, s9, t0
core   0: 3 0x800049b8 (0x005cf1b3) x 3 0xfffff919
core   0: 0x800049bc (0x002c8033) add     zero, s9, sp
core   0: 3 0x800049bc (0x002c8033)
core   0: 0x800049c0 (0x300f8813) addi    a6, t6, 768
core   0: 3 0x800049c0 (0x300f8813) x16 0x00000300
core   0: 0x800049c4 (0x5bef4193) xori    gp, t5, 1470
core   0: 3 0x800049c4 (0x5bef4193) x 3 0x000005be
core   0: 0x800049c8 (0x01b78513) addi    a0, a5, 27
core   0: 3 0x800049c8 (0x01b78513) x10 0xe7aed0fa
core   0: 0x800049cc (0xe0ae4b93) xori    s7, t3, -502
core   0: 3 0x800049cc (0xe0ae4b93) x23 0xfffffe0a
core   0: 0x800049d0 (0x00734833) xor     a6, t1, t2
core   0: 3 0x800049d0 (0x00734833) x16 0x00004292
core   0: 0x800049d4 (0x1b11e013) ori     zero, gp, 433
core   0: 3 0x800049d4 (0x1b11e013)
core   0: 0x800049d8 (0xe54e2b13) slti    s6, t3, -428
core   0: 3 0x800049d8 (0xe54e2b13) x22 0x00000000
core   0: 0x800049dc (0xc0dbc413) xori    s0, s7, -1011
core   0: 3 0x800049dc (0xc0dbc413) x 8 0x00000207
core   0: 0x800049e0 (0xe471bb13) sltiu   s6, gp, -441
core   0: 3 0x800049e0 (0xe471bb13) x22 0x00000001
core   0: 0x800049e4 (0x6a014a13) xori    s4, sp, 1696
core   0: 3 0x800049e4 (0x6a014a13) x20 0x000006a0
core   0: 0x800049e8 (0xc32f2313) slti    t1, t5, -974
core   0: 3 0x800049e8 (0xc32f2313) x 6 0x00000000
core   0: 0x800049ec (0x000c9fb3) sll     t6, s9, zero
core   0: 3 0x800049ec (0x000c9fb3) x31 0xfffff919
core   0: 0x800049f0 (0x00000013) nop
core   0: 3 0x800049f0 (0x00000013)
core   0: 0x800049f4 (0x005ee5b3) or      a1, t4, t0
core   0: 3 0x800049f4 (0x005ee5b3) x11 0xffffffbb
core   0: 0x800049f8 (0x9254b417) auipc   s0, 0x9254b
core   0: 3 0x800049f8 (0x9254b417) x 8 0x1254f9f8
core   0: 0x800049fc (0x01e731b3) sltu    gp, a4, t5
core   0: 3 0x800049fc (0x01e731b3) x 3 0x00000000
core   0: 0x80004a00 (0x80cb4b97) auipc   s7, 0x80cb4
core   0: 3 0x80004a00 (0x80cb4b97) x23 0x00cb8a00
core   0: 0x80004a04 (0x006e8433) add     s0, t4, t1
core   0: 3 0x80004a04 (0x006e8433) x 8 0x595226a9
core   0: 0x80004a08 (0x00625c33) srl     s8, tp, t1
core   0: 3 0x80004a08 (0x00625c33) x24 0x5bb69f17
core   0: 0x80004a0c (0x01c65e13) srli    t3, a2, 28
core   0: 3 0x80004a0c (0x01c65e13) x28 0x00000008
core   0: 0x80004a10 (0x0098cdb3) xor     s11, a7, s1
core   0: 3 0x80004a10 (0x0098cdb3) x27 0x7ffea36e
core   0: 0x80004a14 (0xa4cfbc13) sltiu   s8, t6, -1460
core   0: 3 0x80004a14 (0xa4cfbc13) x24 0x00000001
core   0: 0x80004a18 (0x0024d513) srli    a0, s1, 2
core   0: 3 0x80004a18 (0x0024d513) x10 0x2000573d
core   0: 0x80004a1c (0x4cc28493) addi    s1, t0, 1228
core   0: 3 0x80004a1c (0x4cc28493) x 9 0x00000487
core   0: 0x80004a20 (0x00752cb3) slt     s9, a0, t2
core   0: 3 0x80004a20 (0x00752cb3) x25 0x00000000
core   0: 0x80004a24 (0x41505e33) sra     t3, zero, s5
core   0: 3 0x80004a24 (0x41505e33) x28 0x00000000
core   0: 0x80004a28 (0x00d3b1b3) sltu    gp, t2, a3
core   0: 3 0x80004a28 (0x00d3b1b3) x 3 0x00000000
core   0: 0x80004a2c (0x0feebf17) auipc   t5, 0xfeeb
core   0: 3 0x80004a2c (0x0feebf17) x30 0x8feefa2c
core   0: 0x80004a30 (0x01149b93) slli    s7, s1, 17
core   0: 3 0x80004a30 (0x01149b93) x23 0x090e0000
core   0: 0x80004a34 (0x096c8a13) addi    s4, s9, 150
core   0: 3 0x80004a34 (0x096c8a13) x20 0x00000096
core   0: 0x80004a38 (0x41620f33) sub     t5, tp, s6
core   0: 3 0x80004a38 (0x41620f33) x30 0x5bb69f16
core   0: 0x80004a3c (0x3be12113) slti    sp, sp, 958
core   0: 3 0x80004a3c (0x3be12113) x 2 0x00000001
core   0: 0x80004a40 (0x00115d13) srli    s10, sp, 1
core   0: 3 0x80004a40 (0x00115d13) x26 0x00000000
core   0: 0x80004a44 (0x04526a97) auipc   s5, 0x4526
core   0: 3 0x80004a44 (0x04526a97) x21 0x8452aa44
core   0: 0x80004a48 (0x01f7cbb3) xor     s7, a5, t6
core   0: 3 0x80004a48 (0x01f7cbb3) x23 0x185129c6
core   0: 0x80004a4c (0x4f4fb193) sltiu   gp, t6, 1268
core   0: 3 0x80004a4c (0x4f4fb193) x 3 0x00000000
core   0: 0x80004a50 (0xf7956b13) ori     s6, a0, -135
core   0: 3 0x80004a50 (0xf7956b13) x22 0xffffff7d
core   0: 0x80004a54 (0x6c6a6917) auipc   s2, 0x6c6a6
core   0: 3 0x80004a54 (0x6c6a6917) x18 0xec6aaa54
core   0: 0x80004a58 (0x6e8a5197) auipc   gp, 0x6e8a5
core   0: 3 0x80004a58 (0x6e8a5197) x 3 0xee8a9a58
core   0: 0x80004a5c (0x01dbdb93) srli    s7, s7, 29
core   0: 3 0x80004a5c (0x01dbdb93) x23 0x00000000
core   0: 0x80004a60 (0x01cf12b3) sll     t0, t5, t3
core   0: 3 0x80004a60 (0x01cf12b3) x 5 0x5bb69f16
core   0: 0x80004a64 (0x3d09b313) sltiu   t1, s3, 976
core   0: 3 0x80004a64 (0x3d09b313) x 6 0x00000000
core   0: 0x80004a68 (0x01e64ab3) xor     s5, a2, t5
core   0: 3 0x80004a68 (0x01e64ab3) x21 0xdbb7c3f2
core   0: 0x80004a6c (0x71a62513) slti    a0, a2, 1818
core   0: 3 0x80004a6c (0x71a62513) x10 0x00000001
core   0: 0x80004a70 (0xe77be8b7) lui     a7, 0xe77be
core   0: 3 0x80004a70 (0xe77be8b7) x17 0xe77be000
core   0: 0x80004a74 (0x01c485b3) add     a1, s1, t3
core   0: 3 0x80004a74 (0x01c485b3) x11 0x00000487
core   0: 0x80004a78 (0x004c9093) slli    ra, s9, 4
core   0: 3 0x80004a78 (0x004c9093) x 1 0x00000000
core   0: 0x80004a7c (0xeab26c97) auipc   s9, 0xeab26
core   0: 3 0x80004a7c (0xeab26c97) x25 0x6ab2aa7c
core   0: 0x80004a80 (0x017cd733) srl     a4, s9, s7
core   0: 3 0x80004a80 (0x017cd733) x14 0x6ab2aa7c
core   0: 0x80004a84 (0xa71a8d93) addi    s11, s5, -1423
core   0: 3 0x80004a84 (0xa71a8d93) x27 0xdbb7be63
core   0: 0x80004a88 (0x008105b3) add     a1, sp, s0
core   0: 3 0x80004a88 (0x008105b3) x11 0x595226aa
core   0: 0x80004a8c (0x00795d33) srl     s10, s2, t2
core   0: 3 0x80004a8c (0x00795d33) x26 0x0ec6aaa5
core   0: 0x80004a90 (0x40f38c33) sub     s8, t2, a5
core   0: 3 0x80004a90 (0x40f38c33) x24 0x98524d85
core   0: 0x80004a94 (0x863fec13) ori     s8, t6, -1949
core   0: 3 0x80004a94 (0x863fec13) x24 0xfffff97b
core   0: 0x80004a98 (0x004dcdb3) xor     s11, s11, tp
core   0: 3 0x80004a98 (0x004dcdb3) x27 0x80012174
core   0: 0x80004a9c (0x71a06593) ori     a1, zero, 1818
core   0: 3 0x80004a9c (0x71a06593) x11 0x0000071a
core   0: 0x80004aa0 (0x01559fb3) sll     t6, a1, s5
core   0: 3 0x80004aa0 (0x01559fb3) x31 0x1c680000
core   0: 0x80004aa4 (0x01efbfb3) sltu    t6, t6, t5
core   0: 3 0x80004aa4 (0x01efbfb3) x31 0x00000001
core   0: 0x80004aa8 (0x009eef33) or      t5, t4, s1
core   0: 3 0x80004aa8 (0x009eef33) x30 0x595226af
core   0: 0x80004aac (0x4138de33) sra     t3, a7, s3
core   0: 3 0x80004aac (0x4138de33) x28 0xff9def80
core   0: 0x80004ab0 (0xc672b313) sltiu   t1, t0, -921
core   0: 3 0x80004ab0 (0xc672b313) x 6 0x00000001
core   0: 0x80004ab4 (0x00d5e733) or      a4, a1, a3
core   0: 3 0x80004ab4 (0x00d5e733) x14 0x0000071a
core   0: 0x80004ab8 (0x008ef4b3) and     s1, t4, s0
core   0: 3 0x80004ab8 (0x008ef4b3) x 9 0x595226a9
core   0: 0x80004abc (0x14e45d97) auipc   s11, 0x14e45
core   0: 3 0x80004abc (0x14e45d97) x27 0x94e49abc
core   0: 0x80004ac0 (0xed914f93) xori    t6, sp, -295
core   0: 3 0x80004ac0 (0xed914f93) x31 0xfffffed8
core   0: 0x80004ac4 (0x48573713) sltiu   a4, a4, 1157
core   0: 3 0x80004ac4 (0x48573713) x14 0x00000000
core   0: 0x80004ac8 (0x7876cf13) xori    t5, a3, 1927
core   0: 3 0x80004ac8 (0x7876cf13) x30 0x00000787
core   0: 0x80004acc (0x0030a933) slt     s2, ra, gp
core   0: 3 0x80004acc (0x0030a933) x18 0x00000000
core   0: 0x80004ad0 (0x5be48293) addi    t0, s1, 1470
core   0: 3 0x80004ad0 (0x5be48293) x 5 0x59522c67
core   0: 0x80004ad4 (0x019fdb93) srli    s7, t6, 25
core   0: 3 0x80004ad4 (0x019fdb93) x23 0x0000007f
core   0: 0x80004ad8 (0x00000013) nop
core   0: 3 0x80004ad8 (0x00000013)
core   0: 0x80004adc (0x401b82b3) sub     t0, s7, ra
core   0: 3 0x80004adc (0x401b82b3) x 5 0x0000007f
core   0: 0x80004ae0 (0x896bf693) andi    a3, s7, -1898
core   0: 3 0x80004ae0 (0x896bf693) x13 0x00000016
core   0: 0x80004ae4 (0x002b49b3) xor     s3, s6, sp
core   0: 3 0x80004ae4 (0x002b49b3) x19 0xffffff7c
core   0: 0x80004ae8 (0x25ce8293) addi    t0, t4, 604
core   0: 3 0x80004ae8 (0x25ce8293) x 5 0x59522905
core   0: 0x80004aec (0x002895b3) sll     a1, a7, sp
core   0: 3 0x80004aec (0x002895b3) x11 0xcef7c000
core   0: 0x80004af0 (0xc57ff893) andi    a7, t6, -937
core   0: 3 0x80004af0 (0xc57ff893) x17 0xfffffc50
core   0: 0x80004af4 (0x32513e13) sltiu   t3, sp, 805
core   0: 3 0x80004af4 (0x32513e13) x28 0x00000001
core   0: 0x80004af8 (0x00712eb3) slt     t4, sp, t2
core   0: 3 0x80004af8 (0x00712eb3) x29 0x00000000
core   0: 0x80004afc (0x406b5293) srai    t0, s6, 6
core   0: 3 0x80004afc (0x406b5293) x 5 0xfffffffd
core   0: 0x80004b00 (0x01e55eb3) srl     t4, a0, t5
core   0: 3 0x80004b00 (0x01e55eb3) x29 0x00000000
core   0: 0x80004b04 (0x89ff4f93) xori    t6, t5, -1889
core   0: 3 0x80004b04 (0x89ff4f93) x31 0xffffff18
core   0: 0x80004b08 (0x00000013) nop
core   0: 3 0x80004b08 (0x00000013)
core   0: 0x80004b0c (0x3a2b7c17) auipc   s8, 0x3a2b7
core   0: 3 0x80004b0c (0x3a2b7c17) x24 0xba2bbb0c
core   0: 0x80004b10 (0x013492b3) sll     t0, s1, s3
core   0: 3 0x80004b10 (0x013492b3) x 5 0x90000000
core   0: 0x80004b14 (0x12f1a513) slti    a0, gp, 303
core   0: 3 0x80004b14 (0x12f1a513) x10 0x00000001
core   0: 0x80004b18 (0x015ef533) and     a0, t4, s5
core   0: 3 0x80004b18 (0x015ef533) x10 0x00000000
core   0: 0x80004b1c (0x003a8a33) add     s4, s5, gp
core   0: 3 0x80004b1c (0x003a8a33) x20 0xca425e4a
core   0: 0x80004b20 (0x0145fd33) and     s10, a1, s4
core   0: 3 0x80004b20 (0x0145fd33) x26 0xca424000
core   0: 0x80004b24 (0x012f8433) add     s0, t6, s2
core   0: 3 0x80004b24 (0x012f8433) x 8 0xffffff18
core   0: 0x80004b28 (0x4c03be93) sltiu   t4, t2, 1216
core   0: 3 0x80004b28 (0x4c03be93) x29 0x00000000
core   0: 0x80004b2c (0x01c49b33) sll     s6, s1, t3
core   0: 3 0x80004b2c (0x01c49b33) x22 0xb2a44d52
core   0: 0x80004b30 (0x015f1213) slli    tp, t5, 21
core   0: 3 0x80004b30 (0x015f1213) x 4 0xf0e00000
core   0: 0x80004b34 (0x004e8fb3) add     t6, t4, tp
core   0: 3 0x80004b34 (0x004e8fb3) x31 0xf0e00000
core   0: 0x80004b38 (0x00d5e8b3) or      a7, a1, a3
core   0: 3 0x80004b38 (0x00d5e8b3) x17 0xcef7c016
core   0: 0x80004b3c (0x01531bb3) sll     s7, t1, s5
core   0: 3 0x80004b3c (0x01531bb3) x23 0x00040000
core   0: 0x80004b40 (0x007e84b3) add     s1, t4, t2
core   0: 3 0x80004b40 (0x007e84b3) x 9 0x80011e64
core   0: 0x80004b44 (0x002d3cb3) sltu    s9, s10, sp
core   0: 3 0x80004b44 (0x002d3cb3) x25 0x00000000
core   0: 0x80004b48 (0x00000013) nop
core   0: 3 0x80004b48 (0x00000013)
core   0: 0x80004b4c (0x012ad413) srli    s0, s5, 18
core   0: 3 0x80004b4c (0x012ad413) x 8 0x000036ed
core   0: 0x80004b50 (0x6164f413) andi    s0, s1, 1558
core   0: 3 0x80004b50 (0x6164f413) x 8 0x00000604
core   0: 0x80004b54 (0xf9a802b7) lui     t0, 0xf9a80
core   0: 3 0x80004b54 (0xf9a802b7) x 5 0xf9a80000
core   0: 0x80004b58 (0xa5c62f93) slti    t6, a2, -1444
core   0: 3 0x80004b58 (0xa5c62f93) x31 0x00000001
core   0: 0x80004b5c (0x89c00a93) li      s5, -1892
core   0: 3 0x80004b5c (0x89c00a93) x21 0xfffff89c
core   0: 0x80004b60 (0x0017bbb3) sltu    s7, a5, ra
core   0: 3 0x80004b60 (0x0017bbb3) x23 0x00000000
core   0: 0x80004b64 (0xcc543d13) sltiu   s10, s0, -827
core   0: 3 0x80004b64 (0xcc543d13) x26 0x00000001
core   0: 0x80004b68 (0x0154b9b3) sltu    s3, s1, s5
core   0: 3 0x80004b68 (0x0154b9b3) x19 0x00000001
core   0: 0x80004b6c (0x660156b7) lui     a3, 0x66015
core   0: 3 0x80004b6c (0x660156b7) x13 0x66015000
core   0: 0x80004b70 (0x00c4f133) and     sp, s1, a2
core   0: 3 0x80004b70 (0x00c4f133) x 2 0x80011c64
core   0: 0x80004b74 (0x41ea8833) sub     a6, s5, t5
core   0: 3 0x80004b74 (0x41ea8833) x16 0xfffff115
core   0: 0x80004b78 (0x010d1f93) slli    t6, s10, 16
core   0: 3 0x80004b78 (0x010d1f93) x31 0x00010000
core   0: 0x80004b7c (0x006e2433) slt     s0, t3, t1
core   0: 3 0x80004b7c (0x006e2433) x 8 0x00000000
core   0: 0x80004b80 (0x00159693) slli    a3, a1, 1
core   0: 3 0x80004b80 (0x00159693) x13 0x9def8000
core   0: 0x80004b84 (0x56be7c93) andi    s9, t3, 1387
core   0: 3 0x80004b84 (0x56be7c93) x25 0x00000001
core   0: 0x80004b88 (0x00c1db13) srli    s6, gp, 12
core   0: 3 0x80004b88 (0x00c1db13) x22 0x000ee8a9
core   0: 0x80004b8c (0x14403013) sltiu   zero, zero, 324
core   0: 3 0x80004b8c (0x14403013)
core   0: 0x80004b90 (0xe21cfc13) andi    s8, s9, -479
core   0: 3 0x80004b90 (0xe21cfc13) x24 0x00000001
core   0: 0x80004b94 (0x41e80933) sub     s2, a6, t5
core   0: 3 0x80004b94 (0x41e80933) x18 0xffffe98e
core   0: 0x80004b98 (0xc2cf2293) slti    t0, t5, -980
core   0: 3 0x80004b98 (0xc2cf2293) x 5 0x00000000
core   0: 0x80004b9c (0x015bd013) srli    zero, s7, 21
core   0: 3 0x80004b9c (0x015bd013)
core   0: 0x80004ba0 (0x00422e33) slt     t3, tp, tp
core   0: 3 0x80004ba0 (0x00422e33) x28 0x00000000
core   0: 0x80004ba4 (0x77f2ea93) ori     s5, t0, 1919
core   0: 3 0x80004ba4 (0x77f2ea93) x21 0x0000077f
core   0: 0x80004ba8 (0x5349e593) ori     a1, s3, 1332
core   0: 3 0x80004ba8 (0x5349e593) x11 0x00000535
core   0: 0x80004bac (0x0ac78e13) addi    t3, a5, 172
core   0: 3 0x80004bac (0x0ac78e13) x28 0xe7aed18b
core   0: 0x80004bb0 (0x40ead6b3) sra     a3, s5, a4
core   0: 3 0x80004bb0 (0x40ead6b3) x13 0x0000077f
core   0: 0x80004bb4 (0x3f037213) andi    tp, t1, 1008
core   0: 3 0x80004bb4 (0x3f037213) x 4 0x00000000
core   0: 0x80004bb8 (0x62507f93) andi    t6, zero, 1573
core   0: 3 0x80004bb8 (0x62507f93) x31 0x00000000
core   0: 0x80004bbc (0x01664733) xor     a4, a2, s6
core   0: 3 0x80004bbc (0x01664733) x14 0x800fb44d
core   0: 0x80004bc0 (0x4020de13) srai    t3, ra, 2
core   0: 3 0x80004bc0 (0x4020de13) x28 0x00000000
core   0: 0x80004bc4 (0x211a7913) andi    s2, s4, 529
core   0: 3 0x80004bc4 (0x211a7913) x18 0x00000200
core   0: 0x80004bc8 (0xaf7c7113) andi    sp, s8, -1289
core   0: 3 0x80004bc8 (0xaf7c7113) x 2 0x00000001
core   0: 0x80004bcc (0xd0a48937) lui     s2, 0xd0a48
core   0: 3 0x80004bcc (0xd0a48937) x18 0xd0a48000
core   0: 0x80004bd0 (0x016fdc93) srli    s9, t6, 22
core   0: 3 0x80004bd0 (0x016fdc93) x25 0x00000000
core   0: 0x80004bd4 (0x01e79933) sll     s2, a5, t5
core   0: 3 0x80004bd4 (0x01e79933) x18 0xd7686f80
core   0: 0x80004bd8 (0x011f82b3) add     t0, t6, a7
core   0: 3 0x80004bd8 (0x011f82b3) x 5 0xcef7c016
core   0: 0x80004bdc (0x00071a93) slli    s5, a4, 0
core   0: 3 0x80004bdc (0x00071a93) x21 0x800fb44d
core   0: 0x80004be0 (0x010c5c93) srli    s9, s8, 16
core   0: 3 0x80004be0 (0x010c5c93) x25 0x00000000
core   0: 0x80004be4 (0x016992b3) sll     t0, s3, s6
core   0: 3 0x80004be4 (0x016992b3) x 5 0x00000200
core   0: 0x80004be8 (0x416c04b3) sub     s1, s8, s6
core   0: 3 0x80004be8 (0x416c04b3) x 9 0xfff11758
core   0: 0x80004bec (0x4d0c9417) auipc   s0, 0x4d0c9
core   0: 3 0x80004bec (0x4d0c9417) x 8 0xcd0cdbec
core   0: 0x80004bf0 (0x41720d33) sub     s10, tp, s7
core   0: 3 0x80004bf0 (0x41720d33) x26 0x00000000
core   0: 0x80004bf4 (0x01d1feb3) and     t4, gp, t4
core   0: 3 0x80004bf4 (0x01d1feb3) x29 0x00000000
core   0: 0x80004bf8 (0x16648d13) addi    s10, s1, 358
core   0: 3 0x80004bf8 (0x16648d13) x26 0xfff118be
core   0: 0x80004bfc (0x00000013) nop
core   0: 3 0x80004bfc (0x00000013)
core   0: 0x80004c00 (0x3b5c4c17) auipc   s8, 0x3b5c4
core   0: 3 0x80004c00 (0x3b5c4c17) x24 0xbb5c8c00
core   0: 0x80004c04 (0x7a96f113) andi    sp, a3, 1961
core   0: 3 0x80004c04 (0x7a96f113) x 2 0x00000729
core   0: 0x80004c08 (0x000cd833) srl     a6, s9, zero
core   0: 3 0x80004c08 (0x000cd833) x16 0x00000000
core   0: 0x80004c0c (0x019845b3) xor     a1, a6, s9
core   0: 3 0x80004c0c (0x019845b3) x11 0x00000000
core   0: 0x80004c10 (0x0033a433) slt     s0, t2, gp
core   0: 3 0x80004c10 (0x0033a433) x 8 0x00000001
core   0: 0x80004c14 (0x41cddfb3) sra     t6, s11, t3
core   0: 3 0x80004c14 (0x41cddfb3) x31 0x94e49abc
core   0: 0x80004c18 (0x413ed0b3) sra     ra, t4, s3
core   0: 3 0x80004c18 (0x413ed0b3) x 1 0x00000000
core   0: 0x80004c1c (0x97cf8c93) addi    s9, t6, -1668
core   0: 3 0x80004c1c (0x97cf8c93) x25 0x94e49438
core   0: 0x80004c20 (0x0126dc13) srli    s8, a3, 18
core   0: 3 0x80004c20 (0x0126dc13) x24 0x00000000
core   0: 0x80004c24 (0x41ad85b3) sub     a1, s11, s10
core   0: 3 0x80004c24 (0x41ad85b3) x11 0x94f381fe
core   0: 0x80004c28 (0x125d8297) auipc   t0, 0x125d8
core   0: 3 0x80004c28 (0x125d8297) x 5 0x925dcc28
core   0: 0x80004c2c (0x91510f97) auipc   t6, 0x91510
core   0: 3 0x80004c2c (0x91510f97) x31 0x11514c2c
core   0: 0x80004c30 (0x01ffbeb3) sltu    t4, t6, t6
core   0: 3 0x80004c30 (0x01ffbeb3) x29 0x00000000
core   0: 0x80004c34 (0xbe882e13) slti    t3, a6, -1048
core   0: 3 0x80004c34 (0xbe882e13) x28 0x00000000
core   0: 0x80004c38 (0x00c91733) sll     a4, s2, a2
core   0: 3 0x80004c38 (0x00c91733) x14 0x7686f800
core   0: 0x80004c3c (0x01204db3) xor     s11, zero, s2
core   0: 3 0x80004c3c (0x01204db3) x27 0xd7686f80
core   0: 0x80004c40 (0x01952733) slt     a4, a0, s9
core   0: 3 0x80004c40 (0x01952733) x14 0x00000000
core   0: 0x80004c44 (0x00438fb3) add     t6, t2, tp
core   0: 3 0x80004c44 (0x00438fb3) x31 0x80011e64
core   0: 0x80004c48 (0x8214f013) andi    zero, s1, -2015
core   0: 3 0x80004c48 (0x8214f013)
core   0: 0x80004c4c (0x01133eb3) sltu    t4, t1, a7
core   0: 3 0x80004c4c (0x01133eb3) x29 0x00000001
core   0: 0x80004c50 (0x00000013) nop
core   0: 3 0x80004c50 (0x00000013)
core   0: 0x80004c54 (0x120b4bb7) lui     s7, 0x120b4
core   0: 3 0x80004c54 (0x120b4bb7) x23 0x120b4000
core   0: 0x80004c58 (0xce148413) addi    s0, s1, -799
core   0: 3 0x80004c58 (0xce148413) x 8 0xfff11439
core   0: 0x80004c5c (0x00000013) nop
core   0: 3 0x80004c5c (0x00000013)
core   0: 0x80004c60 (0xde9e0493) addi    s1, t3, -535
core   0: 3 0x80004c60 (0xde9e0493) x 9 0xfffffde9
core   0: 0x80004c64 (0x00b81333) sll     t1, a6, a1
core   0: 3 0x80004c64 (0x00b81333) x 6 0x00000000
core   0: 0x80004c68 (0x007630b3) sltu    ra, a2, t2
core   0: 3 0x80004c68 (0x007630b3) x 1 0x00000000
core   0: 0x80004c6c (0x8b348b93) addi    s7, s1, -1869
core   0: 3 0x80004c6c (0x8b348b93) x23 0xfffff69c
core   0: 0x80004c70 (0x01aedcb3) srl     s9, t4, s10
core   0: 3 0x80004c70 (0x01aedcb3) x25 0x00000000
core   0: 0x80004c74 (0x00000013) nop
core   0: 3 0x80004c74 (0x00000013)
core   0: 0x80004c78 (0x7358f593) andi    a1, a7, 1845
core   0: 3 0x80004c78 (0x7358f593) x11 0x00000014
core   0: 0x80004c7c (0x01dd2733) slt     a4, s10, t4
core   0: 3 0x80004c7c (0x01dd2733) x14 0x00000001
core   0: 0x80004c80 (0x017765b3) or      a1, a4, s7
core   0: 3 0x80004c80 (0x017765b3) x11 0xfffff69d
core   0: 0x80004c84 (0x01c2b8b3) sltu    a7, t0, t3
core   0: 3 0x80004c84 (0x01c2b8b3) x17 0x00000000
core   0: 0x80004c88 (0xaba5e693) ori     a3, a1, -1350
core   0: 3 0x80004c88 (0xaba5e693) x13 0xfffffebf
core   0: 0x80004c8c (0x4020d4b3) sra     s1, ra, sp
core   0: 3 0x80004c8c (0x4020d4b3) x 9 0x00000000
core   0: 0x80004c90 (0x19e27137) lui     sp, 0x19e27
core   0: 3 0x80004c90 (0x19e27137) x 2 0x19e27000
core   0: 0x80004c94 (0x019e8233) add     tp, t4, s9
core   0: 3 0x80004c94 (0x019e8233) x 4 0x00000001
core   0: 0x80004c98 (0x402dde93) srai    t4, s11, 2
core   0: 3 0x80004c98 (0x402dde93) x29 0xf5da1be0
core   0: 0x80004c9c (0x00bdd713) srli    a4, s11, 11
core   0: 3 0x80004c9c (0x00bdd713) x14 0x001aed0d
core   0: 0x80004ca0 (0x01a61313) slli    t1, a2, 26
core   0: 3 0x80004ca0 (0x01a61313) x 6 0x90000000
core   0: 0x80004ca4 (0xabb0a693) slti    a3, ra, -1349
core   0: 3 0x80004ca4 (0xabb0a693) x13 0x00000000
core   0: 0x80004ca8 (0x000b0eb3) add     t4, s6, zero
core   0: 3 0x80004ca8 (0x000b0eb3) x29 0x000ee8a9
core   0: 0x80004cac (0x61275f37) lui     t5, 0x61275
core   0: 3 0x80004cac (0x61275f37) x30 0x61275000
core   0: 0x80004cb0 (0x40aadc33) sra     s8, s5, a0
core   0: 3 0x80004cb0 (0x40aadc33) x24 0x800fb44d
core   0: 0x80004cb4 (0x01c08ab3) add     s5, ra, t3
core   0: 3 0x80004cb4 (0x01c08ab3) x21 0x00000000
core   0: 0x80004cb8 (0x009ad693) srli    a3, s5, 9
core   0: 3 0x80004cb8 (0x009ad693) x13 0x00000000
core   0: 0x80004cbc (0x00babd33) sltu    s10, s5, a1
core   0: 3 0x80004cbc (0x00babd33) x26 0x00000001
core   0: 0x80004cc0 (0x411e5533) sra     a0, t3, a7
core   0: 3 0x80004cc0 (0x411e5533) x10 0x00000000
core   0: 0x80004cc4 (0x018a5213) srli    tp, s4, 24
core   0: 3 0x80004cc4 (0x018a5213) x 4 0x000000ca
core   0: 0x80004cc8 (0x01cae8b3) or      a7, s5, t3
core   0: 3 0x80004cc8 (0x01cae8b3) x17 0x00000000
core   0: 0x80004ccc (0x00eda533) slt     a0, s11, a4
core   0: 3 0x80004ccc (0x00eda533) x10 0x00000001
core   0: 0x80004cd0 (0x01f55493) srli    s1, a0, 31
core   0: 3 0x80004cd0 (0x01f55493) x 9 0x00000000
core   0: 0x80004cd4 (0x01c91e13) slli    t3, s2, 28
core   0: 3 0x80004cd4 (0x01c91e13) x28 0x00000000
core   0: 0x80004cd8 (0xb16c0113) addi    sp, s8, -1258
core   0: 3 0x80004cd8 (0xb16c0113) x 2 0x800faf63
core   0: 0x80004cdc (0xc2f3e293) ori     t0, t2, -977
core   0: 3 0x80004cdc (0xc2f3e293) x 5 0xfffffe6f
core   0: 0x80004ce0 (0x0078ef33) or      t5, a7, t2
core   0: 3 0x80004ce0 (0x0078ef33) x30 0x80011e64
core   0: 0x80004ce4 (0xd0a18693) addi    a3, gp, -758
core   0: 3 0x80004ce4 (0xd0a18693) x13 0xee8a9762
core   0: 0x80004ce8 (0x0163c1b3) xor     gp, t2, s6
core   0: 3 0x80004ce8 (0x0163c1b3) x 3 0x800ff6cd
core   0: 0x80004cec (0x003606b3) add     a3, a2, gp
core   0: 3 0x80004cec (0x003606b3) x13 0x001153b1
core   0: 0x80004cf0 (0x01839933) sll     s2, t2, s8
core   0: 3 0x80004cf0 (0x01839933) x18 0x23cc8000
core   0: 0x80004cf4 (0x001e0b33) add     s6, t3, ra
core   0: 3 0x80004cf4 (0x001e0b33) x22 0x00000000
core   0: 0x80004cf8 (0x5fc5c293) xori    t0, a1, 1532
core   0: 3 0x80004cf8 (0x5fc5c293) x 5 0xfffff361
core   0: 0x80004cfc (0xfff00113) li      sp, -1
core   0: 3 0x80004cfc (0xfff00113) x 2 0xffffffff
core   0: 0x80004d00 (0xfff00f93) li      t6, -1
core   0: 3 0x80004d00 (0xfff00f93) x31 0xffffffff
core   0: 0x80004d04 (0xfff00213) li      tp, -1
core   0: 3 0x80004d04 (0xfff00213) x 4 0xffffffff
core   0: 0x80004d08 (0xfff00993) li      s3, -1
core   0: 3 0x80004d08 (0xfff00993) x19 0xffffffff
core   0: 0x80004d0c (0xfff00293) li      t0, -1
core   0: 3 0x80004d0c (0xfff00293) x 5 0xffffffff
core   0: 0x80004d10 (0x00000c13) li      s8, 0
core   0: 3 0x80004d10 (0x00000c13) x24 0x00000000
core   0: 0x80004d14 (0x80000f37) lui     t5, 0x80000
core   0: 3 0x80004d14 (0x80000f37) x30 0x80000000
core   0: 0x80004d18 (0x80000db7) lui     s11, 0x80000
core   0: 3 0x80004d18 (0x80000db7) x27 0x80000000
core   0: 0x80004d1c (0xfff00e13) li      t3, -1
core   0: 3 0x80004d1c (0xfff00e13) x28 0xffffffff
core   0: 0x80004d20 (0xb5c43b37) lui     s6, 0xb5c43
core   0: 3 0x80004d20 (0xb5c43b37) x22 0xb5c43000
core   0: 0x80004d24 (0xa4db0b13) addi    s6, s6, -1459
core   0: 3 0x80004d24 (0xa4db0b13) x22 0xb5c42a4d
core   0: 0x80004d28 (0x57510f13) addi    t5, sp, 1397
core   0: 3 0x80004d28 (0x57510f13) x30 0x00000574
core   0: 0x80004d2c (0x17dfff97) auipc   t6, 0x17dff
core   0: 3 0x80004d2c (0x17dfff97) x31 0x97e03d2c
core   0: 0x80004d30 (0x01ce0c33) add     s8, t3, t3
core   0: 3 0x80004d30 (0x01ce0c33) x24 0xfffffffe
core   0: 0x80004d34 (0x013c0233) add     tp, s8, s3
core   0: 3 0x80004d34 (0x013c0233) x 4 0xfffffffd
core   0: 0x80004d38 (0x405d82b3) sub     t0, s11, t0
core   0: 3 0x80004d38 (0x405d82b3) x 5 0x80000001
core   0: 0x80004d3c (0x40410233) sub     tp, sp, tp
core   0: 3 0x80004d3c (0x40410233) x 4 0x00000002
core   0: 0x80004d40 (0x41e282b3) sub     t0, t0, t5
core   0: 3 0x80004d40 (0x41e282b3) x 5 0x7ffffa8d
core   0: 0x80004d44 (0x01e10e33) add     t3, sp, t5
core   0: 3 0x80004d44 (0x01e10e33) x28 0x00000573
core   0: 0x80004d48 (0x108f1fb7) lui     t6, 0x108f1
core   0: 3 0x80004d48 (0x108f1fb7) x31 0x108f1000
core   0: 0x80004d4c (0x41cc0133) sub     sp, s8, t3
core   0: 3 0x80004d4c (0x41cc0133) x 2 0xfffffa8b
core   0: 0x80004d50 (0x405282b3) sub     t0, t0, t0
core   0: 3 0x80004d50 (0x405282b3) x 5 0x00000000
core   0: 0x80004d54 (0x8792adb7) lui     s11, 0x8792a
core   0: 3 0x80004d54 (0x8792adb7) x27 0x8792a000
core   0: 0x80004d58 (0x004202b3) add     t0, tp, tp
core   0: 3 0x80004d58 (0x004202b3) x 5 0x00000004
core   0: 0x80004d5c (0x44187f97) auipc   t6, 0x44187
core   0: 3 0x80004d5c (0x44187f97) x31 0xc418bd5c
core   0: 0x80004d60 (0x01f98c33) add     s8, s3, t6
core   0: 3 0x80004d60 (0x01f98c33) x24 0xc418bd5b
core   0: 0x80004d64 (0x016289b3) add     s3, t0, s6
core   0: 3 0x80004d64 (0x016289b3) x19 0xb5c42a51
core   0: 0x80004d68 (0x00000013) nop
core   0: 3 0x80004d68 (0x00000013)
core   0: 0x80004d6c (0x00f48db3) add     s11, s1, a5
core   0: 3 0x80004d6c (0x00f48db3) x27 0xe7aed0df
core   0: 0x80004d70 (0x00706e33) or      t3, zero, t2
core   0: 3 0x80004d70 (0x00706e33) x28 0x80011e64
core   0: 0x80004d74 (0xf74e4a97) auipc   s5, 0xf74e4
core   0: 3 0x80004d74 (0xf74e4a97) x21 0x774e8d74
core   0: 0x80004d78 (0x402d0a33) sub     s4, s10, sp
core   0: 3 0x80004d78 (0x402d0a33) x20 0x00000576
core   0: 0x80004d7c (0x9eef8913) addi    s2, t6, -1554
core   0: 3 0x80004d7c (0x9eef8913) x18 0xc418b74a
core   0: 0x80004d80 (0x00ae5b13) srli    s6, t3, 10
core   0: 3 0x80004d80 (0x00ae5b13) x22 0x00200047
core   0: 0x80004d84 (0x24442a93) slti    s5, s0, 580
core   0: 3 0x80004d84 (0x24442a93) x21 0x00000001
core   0: 0x80004d88 (0xb5058993) addi    s3, a1, -1200
core   0: 3 0x80004d88 (0xb5058993) x19 0xfffff1ed
core   0: 0x80004d8c (0x00000013) nop
core   0: 3 0x80004d8c (0x00000013)
core   0: 0x80004d90 (0x00a05993) srli    s3, zero, 10
core   0: 3 0x80004d90 (0x00a05993) x19 0x00000000
core   0: 0x80004d94 (0x463689b7) lui     s3, 0x46368
core   0: 3 0x80004d94 (0x463689b7) x19 0x46368000
core   0: 0x80004d98 (0x8a9cd137) lui     sp, 0x8a9cd
core   0: 3 0x80004d98 (0x8a9cd137) x 2 0x8a9cd000
core   0: 0x80004d9c (0x0b614993) xori    s3, sp, 182
core   0: 3 0x80004d9c (0x0b614993) x19 0x8a9cd0b6
core   0: 0x80004da0 (0x53ac2593) slti    a1, s8, 1338
core   0: 3 0x80004da0 (0x53ac2593) x11 0x00000001
core   0: 0x80004da4 (0x0094ab33) slt     s6, s1, s1
core   0: 3 0x80004da4 (0x0094ab33) x22 0x00000000
core   0: 0x80004da8 (0x47167693) andi    a3, a2, 1137
core   0: 3 0x80004da8 (0x47167693) x13 0x00000460
core   0: 0x80004dac (0x0085c9b3) xor     s3, a1, s0
core   0: 3 0x80004dac (0x0085c9b3) x19 0xfff11438
core   0: 0x80004db0 (0xc47071b7) lui     gp, 0xc4707
core   0: 3 0x80004db0 (0xc47071b7) x 3 0xc4707000
core   0: 0x80004db4 (0x00c2e5b3) or      a1, t0, a2
core   0: 3 0x80004db4 (0x00c2e5b3) x11 0x80015ce4
core   0: 0x80004db8 (0xf8e1e413) ori     s0, gp, -114
core   0: 3 0x80004db8 (0xf8e1e413) x 8 0xffffff8e
core   0: 0x80004dbc (0x2a7dfc13) andi    s8, s11, 679
core   0: 3 0x80004dbc (0x2a7dfc13) x24 0x00000087
core   0: 0x80004dc0 (0x012720b3) slt     ra, a4, s2
core   0: 3 0x80004dc0 (0x012720b3) x 1 0x00000000
core   0: 0x80004dc4 (0xc71d99b7) lui     s3, 0xc71d9
core   0: 3 0x80004dc4 (0xc71d99b7) x19 0xc71d9000
core   0: 0x80004dc8 (0x40a95e93) srai    t4, s2, 10
core   0: 3 0x80004dc8 (0x40a95e93) x29 0xfff1062d
core   0: 0x80004dcc (0x0026f533) and     a0, a3, sp
core   0: 3 0x80004dcc (0x0026f533) x10 0x00000000
core   0: 0x80004dd0 (0x010a01b3) add     gp, s4, a6
core   0: 3 0x80004dd0 (0x010a01b3) x 3 0x00000576
core   0: 0x80004dd4 (0x018a5d93) srli    s11, s4, 24
core   0: 3 0x80004dd4 (0x018a5d93) x27 0x00000000
core   0: 0x80004dd8 (0x015e6d33) or      s10, t3, s5
core   0: 3 0x80004dd8 (0x015e6d33) x26 0x80011e65
core   0: 0x80004ddc (0x8281ea93) ori     s5, gp, -2008
core   0: 3 0x80004ddc (0x8281ea93) x21 0xfffffd7e
core   0: 0x80004de0 (0x00a896b3) sll     a3, a7, a0
core   0: 3 0x80004de0 (0x00a896b3) x13 0x00000000
core   0: 0x80004de4 (0xf3218017) auipc   zero, 0xf3218
core   0: 3 0x80004de4 (0xf3218017)
core   0: 0x80004de8 (0x00985933) srl     s2, a6, s1
core   0: 3 0x80004de8 (0x00985933) x18 0x00000000
core   0: 0x80004dec (0x97e64093) xori    ra, a2, -1666
core   0: 3 0x80004dec (0x97e64093) x 1 0x7ffea59a
core   0: 0x80004df0 (0x002676b3) and     a3, a2, sp
core   0: 3 0x80004df0 (0x002676b3) x13 0x80005000
core   0: 0x80004df4 (0x00797e33) and     t3, s2, t2
core   0: 3 0x80004df4 (0x00797e33) x28 0x00000000
core   0: 0x80004df8 (0xc9a2f993) andi    s3, t0, -870
core   0: 3 0x80004df8 (0xc9a2f993) x19 0x00000000
core   0: 0x80004dfc (0x008c8733) add     a4, s9, s0
core   0: 3 0x80004dfc (0x008c8733) x14 0xffffff8e
core   0: 0x80004e00 (0xbb63aa93) slti    s5, t2, -1098
core   0: 3 0x80004e00 (0xbb63aa93) x21 0x00000001
core   0: 0x80004e04 (0x01082db3) slt     s11, a6, a6
core   0: 3 0x80004e04 (0x01082db3) x27 0x00000000
core   0: 0x80004e08 (0x20ffab93) slti    s7, t6, 527
core   0: 3 0x80004e08 (0x20ffab93) x23 0x00000001
core   0: 0x80004e0c (0x4f8eaf93) slti    t6, t4, 1272
core   0: 3 0x80004e0c (0x4f8eaf93) x31 0x00000001
core   0: 0x80004e10 (0x01679b93) slli    s7, a5, 22
core   0: 3 0x80004e10 (0x01679b93) x23 0x37c00000
core   0: 0x80004e14 (0xb4288b93) addi    s7, a7, -1214
core   0: 3 0x80004e14 (0xb4288b93) x23 0xfffffb42
core   0: 0x80004e18 (0xb7d08d13) addi    s10, ra, -1155
core   0: 3 0x80004e18 (0xb7d08d13) x26 0x7ffea117
core   0: 0x80004e1c (0x00000013) nop
core   0: 3 0x80004e1c (0x00000013)
core   0: 0x80004e20 (0x40665e93) srai    t4, a2, 6
core   0: 3 0x80004e20 (0x40665e93) x29 0xfe000573
core   0: 0x80004e24 (0x00000c93) li      s9, 0
core   0: 3 0x80004e24 (0x00000c93) x25 0x00000000
core   0: 0x80004e28 (0xfff00c13) li      s8, -1
core   0: 3 0x80004e28 (0xfff00c13) x24 0xffffffff
core   0: 0x80004e2c (0xfff00813) li      a6, -1
core   0: 3 0x80004e2c (0xfff00813) x16 0xffffffff
core   0: 0x80004e30 (0xfff00913) li      s2, -1
core   0: 3 0x80004e30 (0xfff00913) x18 0xffffffff
core   0: 0x80004e34 (0x00000b13) li      s6, 0
core   0: 3 0x80004e34 (0x00000b13) x22 0x00000000
core   0: 0x80004e38 (0x80000237) lui     tp, 0x80000
core   0: 3 0x80004e38 (0x80000237) x 4 0x80000000
core   0: 0x80004e3c (0x80000437) lui     s0, 0x80000
core   0: 3 0x80004e3c (0x80000437) x 8 0x80000000
core   0: 0x80004e40 (0x80000e37) lui     t3, 0x80000
core   0: 3 0x80004e40 (0x80000e37) x28 0x80000000
core   0: 0x80004e44 (0xfff00e93) li      t4, -1
core   0: 3 0x80004e44 (0xfff00e93) x29 0xffffffff
core   0: 0x80004e48 (0x9a7901b7) lui     gp, 0x9a790
core   0: 3 0x80004e48 (0x9a7901b7) x 3 0x9a790000
core   0: 0x80004e4c (0x62918193) addi    gp, gp, 1577
core   0: 3 0x80004e4c (0x62918193) x 3 0x9a790629
core   0: 0x80004e50 (0x00000013) nop
core   0: 3 0x80004e50 (0x00000013)
core   0: 0x80004e54 (0x01020eb3) add     t4, tp, a6
core   0: 3 0x80004e54 (0x01020eb3) x29 0x7fffffff
core   0: 0x80004e58 (0x00000013) nop
core   0: 3 0x80004e58 (0x00000013)
core   0: 0x80004e5c (0x00840b33) add     s6, s0, s0
core   0: 3 0x80004e5c (0x00840b33) x22 0x00000000
core   0: 0x80004e60 (0x00000013) nop
core   0: 3 0x80004e60 (0x00000013)
core   0: 0x80004e64 (0x41018433) sub     s0, gp, a6
core   0: 3 0x80004e64 (0x41018433) x 8 0x9a79062a
core   0: 0x80004e68 (0x3564ceb7) lui     t4, 0x3564c
core   0: 3 0x80004e68 (0x3564ceb7) x29 0x3564c000
core   0: 0x80004e6c (0x3d8501b7) lui     gp, 0x3d850
core   0: 3 0x80004e6c (0x3d8501b7) x 3 0x3d850000
core   0: 0x80004e70 (0x41c201b3) sub     gp, tp, t3
core   0: 3 0x80004e70 (0x41c201b3) x 3 0x00000000
core   0: 0x80004e74 (0x6e0451b7) lui     gp, 0x6e045
core   0: 3 0x80004e74 (0x6e0451b7) x 3 0x6e045000
core   0: 0x80004e78 (0xaa6821b7) lui     gp, 0xaa682
core   0: 3 0x80004e78 (0xaa6821b7) x 3 0xaa682000
core   0: 0x80004e7c (0x00000013) nop
core   0: 3 0x80004e7c (0x00000013)
core   0: 0x80004e80 (0x77e5e217) auipc   tp, 0x77e5e
core   0: 3 0x80004e80 (0x77e5e217) x 4 0xf7e62e80
core   0: 0x80004e84 (0x7cbfcb37) lui     s6, 0x7cbfc
core   0: 3 0x80004e84 (0x7cbfcb37) x22 0x7cbfc000
core   0: 0x80004e88 (0x418c81b3) sub     gp, s9, s8
core   0: 3 0x80004e88 (0x418c81b3) x 3 0x00000001
core   0: 0x80004e8c (0x66a18913) addi    s2, gp, 1642
core   0: 3 0x80004e8c (0x66a18913) x18 0x0000066b
core   0: 0x80004e90 (0x00000013) nop
core   0: 3 0x80004e90 (0x00000013)
core   0: 0x80004e94 (0x00000013) nop
core   0: 3 0x80004e94 (0x00000013)
core   0: 0x80004e98 (0x00000013) nop
core   0: 3 0x80004e98 (0x00000013)
core   0: 0x80004e9c (0x00000013) nop
core   0: 3 0x80004e9c (0x00000013)
core   0: 0x80004ea0 (0x06823e97) auipc   t4, 0x6823
core   0: 3 0x80004ea0 (0x06823e97) x29 0x86827ea0
core   0: 0x80004ea4 (0x07171b17) auipc   s6, 0x7171
core   0: 3 0x80004ea4 (0x07171b17) x22 0x87175ea4
core   0: 0x80004ea8 (0x418c8233) sub     tp, s9, s8
core   0: 3 0x80004ea8 (0x418c8233) x 4 0x00000001
core   0: 0x80004eac (0x5885a1b7) lui     gp, 0x5885a
core   0: 3 0x80004eac (0x5885a1b7) x 3 0x5885a000
core   0: 0x80004eb0 (0x003098b3) sll     a7, ra, gp
core   0: 3 0x80004eb0 (0x003098b3) x17 0x7ffea59a
core   0: 0x80004eb4 (0x00d702b3) add     t0, a4, a3
core   0: 3 0x80004eb4 (0x00d702b3) x 5 0x80004f8e
core   0: 0x80004eb8 (0x4163ddb3) sra     s11, t2, s6
core   0: 3 0x80004eb8 (0x4163ddb3) x27 0xf80011e6
core   0: 0x80004ebc (0x00949bb3) sll     s7, s1, s1
core   0: 3 0x80004ebc (0x00949bb3) x23 0x00000000
core   0: 0x80004ec0 (0x01c79913) slli    s2, a5, 28
core   0: 3 0x80004ec0 (0x01c79913) x18 0xf0000000
core   0: 0x80004ec4 (0x184ae913) ori     s2, s5, 388
core   0: 3 0x80004ec4 (0x184ae913) x18 0x00000185
core   0: 0x80004ec8 (0x1a8d3313) sltiu   t1, s10, 424
core   0: 3 0x80004ec8 (0x1a8d3313) x 6 0x00000000
core   0: 0x80004ecc (0x00000013) nop
core   0: 3 0x80004ecc (0x00000013)
core   0: 0x80004ed0 (0x8b8c6913) ori     s2, s8, -1864
core   0: 3 0x80004ed0 (0x8b8c6913) x18 0xffffffff
core   0: 0x80004ed4 (0x68052693) slti    a3, a0, 1664
core   0: 3 0x80004ed4 (0x68052693) x13 0x00000001
core   0: 0x80004ed8 (0x93610137) lui     sp, 0x93610
core   0: 3 0x80004ed8 (0x93610137) x 2 0x93610000
core   0: 0x80004edc (0x41be5693) srai    a3, t3, 27
core   0: 3 0x80004edc (0x41be5693) x13 0xfffffff0
core   0: 0x80004ee0 (0x406c0133) sub     sp, s8, t1
core   0: 3 0x80004ee0 (0x406c0133) x 2 0xffffffff
core   0: 0x80004ee4 (0x40040933) sub     s2, s0, zero
core   0: 3 0x80004ee4 (0x40040933) x18 0x9a79062a
core   0: 0x80004ee8 (0x001a28b3) slt     a7, s4, ra
core   0: 3 0x80004ee8 (0x001a28b3) x17 0x00000001
core   0: 0x80004eec (0x01a244b3) xor     s1, tp, s10
core   0: 3 0x80004eec (0x01a244b3) x 9 0x7ffea116
core   0: 0x80004ef0 (0x48ff9497) auipc   s1, 0x48ff9
core   0: 3 0x80004ef0 (0x48ff9497) x 9 0xc8ffdef0
core   0: 0x80004ef4 (0x00983733) sltu    a4, a6, s1
core   0: 3 0x80004ef4 (0x00983733) x14 0x00000000
core   0: 0x80004ef8 (0x01185a13) srli    s4, a6, 17
core   0: 3 0x80004ef8 (0x01185a13) x20 0x00007fff
core   0: 0x80004efc (0xfff00713) li      a4, -1
core   0: 3 0x80004efc (0xfff00713) x14 0xffffffff
core   0: 0x80004f00 (0x800004b7) lui     s1, 0x80000
core   0: 3 0x80004f00 (0x800004b7) x 9 0x80000000
core   0: 0x80004f04 (0xdab02cb7) lui     s9, 0xdab02
core   0: 3 0x80004f04 (0xdab02cb7) x25 0xdab02000
core   0: 0x80004f08 (0xbb0c8c93) addi    s9, s9, -1104
core   0: 3 0x80004f08 (0xbb0c8c93) x25 0xdab01bb0
core   0: 0x80004f0c (0xfbb9cfb7) lui     t6, 0xfbb9c
core   0: 3 0x80004f0c (0xfbb9cfb7) x31 0xfbb9c000
core   0: 0x80004f10 (0x1f7f8f93) addi    t6, t6, 503
core   0: 3 0x80004f10 (0x1f7f8f93) x31 0xfbb9c1f7
core   0: 0x80004f14 (0x65112f37) lui     t5, 0x65112
core   0: 3 0x80004f14 (0x65112f37) x30 0x65112000
core   0: 0x80004f18 (0xbacf0f13) addi    t5, t5, -1108
core   0: 3 0x80004f18 (0xbacf0f13) x30 0x65111bac
core   0: 0x80004f1c (0xfff00593) li      a1, -1
core   0: 3 0x80004f1c (0xfff00593) x11 0xffffffff
core   0: 0x80004f20 (0xa63b2eb7) lui     t4, 0xa63b2
core   0: 3 0x80004f20 (0xa63b2eb7) x29 0xa63b2000
core   0: 0x80004f24 (0x050e8e93) addi    t4, t4, 80
core   0: 3 0x80004f24 (0x050e8e93) x29 0xa63b2050
core   0: 0x80004f28 (0xcaf31837) lui     a6, 0xcaf31
core   0: 3 0x80004f28 (0xcaf31837) x16 0xcaf31000
core   0: 0x80004f2c (0x2c980813) addi    a6, a6, 713
core   0: 3 0x80004f2c (0x2c980813) x16 0xcaf312c9
core   0: 0x80004f30 (0x4d1fa6b7) lui     a3, 0x4d1fa
core   0: 3 0x80004f30 (0x4d1fa6b7) x13 0x4d1fa000
core   0: 0x80004f34 (0xe1e68693) addi    a3, a3, -482
core   0: 3 0x80004f34 (0xe1e68693) x13 0x4d1f9e1e
core   0: 0x80004f38 (0x80000437) lui     s0, 0x80000
core   0: 3 0x80004f38 (0x80000437) x 8 0x80000000
core   0: 0x80004f3c (0x688f8593) addi    a1, t6, 1672
core   0: 3 0x80004f3c (0x688f8593) x11 0xfbb9c87f
core   0: 0x80004f40 (0x410f86b3) sub     a3, t6, a6
core   0: 3 0x80004f40 (0x410f86b3) x13 0x30c6af2e
core   0: 0x80004f44 (0x5321f497) auipc   s1, 0x5321f
core   0: 3 0x80004f44 (0x5321f497) x 9 0xd3223f44
core   0: 0x80004f48 (0x419f04b3) sub     s1, t5, s9
core   0: 3 0x80004f48 (0x419f04b3) x 9 0x8a60fffc
core   0: 0x80004f4c (0xf0bf7fb7) lui     t6, 0xf0bf7
core   0: 3 0x80004f4c (0xf0bf7fb7) x31 0xf0bf7000
core   0: 0x80004f50 (0x00000013) nop
core   0: 3 0x80004f50 (0x00000013)
core   0: 0x80004f54 (0x252e8813) addi    a6, t4, 594
core   0: 3 0x80004f54 (0x252e8813) x16 0xa63b22a2
core   0: 0x80004f58 (0xaf775f37) lui     t5, 0xaf775
core   0: 3 0x80004f58 (0xaf775f37) x30 0xaf775000
core   0: 0x80004f5c (0x0a770e93) addi    t4, a4, 167
core   0: 3 0x80004f5c (0x0a770e93) x29 0x000000a6
core   0: 0x80004f60 (0x24b40c93) addi    s9, s0, 587
core   0: 3 0x80004f60 (0x24b40c93) x25 0x8000024b
core   0: 0x80004f64 (0x00d404b3) add     s1, s0, a3
core   0: 3 0x80004f64 (0x00d404b3) x 9 0xb0c6af2e
core   0: 0x80004f68 (0xfb10e417) auipc   s0, 0xfb10e
core   0: 3 0x80004f68 (0xfb10e417) x 8 0x7b112f68
core   0: 0x80004f6c (0xf5af75b7) lui     a1, 0xf5af7
core   0: 3 0x80004f6c (0xf5af75b7) x11 0xf5af7000
core   0: 0x80004f70 (0x010c8833) add     a6, s9, a6
core   0: 3 0x80004f70 (0x010c8833) x16 0x263b24ed
core   0: 0x80004f74 (0x01fe8733) add     a4, t4, t6
core   0: 3 0x80004f74 (0x01fe8733) x14 0xf0bf70a6
core   0: 0x80004f78 (0x00000013) nop
core   0: 3 0x80004f78 (0x00000013)
core   0: 0x80004f7c (0xd3a5b837) lui     a6, 0xd3a5b
core   0: 3 0x80004f7c (0xd3a5b837) x16 0xd3a5b000
core   0: 0x80004f80 (0x00de85b3) add     a1, t4, a3
core   0: 3 0x80004f80 (0x00de85b3) x11 0x30c6afd4
core   0: 0x80004f84 (0x00b806b3) add     a3, a6, a1
core   0: 3 0x80004f84 (0x00b806b3) x13 0x046c5fd4
core   0: 0x80004f88 (0x00000013) nop
core   0: 3 0x80004f88 (0x00000013)
core   0: 0x80004f8c (0x14e25817) auipc   a6, 0x14e25
core   0: 3 0x80004f8c (0x14e25817) x16 0x94e29f8c
core   0: 0x80004f90 (0x75112eb7) lui     t4, 0x75112
core   0: 3 0x80004f90 (0x75112eb7) x29 0x75112000
core   0: 0x80004f94 (0x58ab3597) auipc   a1, 0x58ab3
core   0: 3 0x80004f94 (0x58ab3597) x11 0xd8ab7f94
core   0: 0x80004f98 (0x5f5c8693) addi    a3, s9, 1525
core   0: 3 0x80004f98 (0x5f5c8693) x13 0x80000840
core   0: 0x80004f9c (0x00d40f33) add     t5, s0, a3
core   0: 3 0x80004f9c (0x00d40f33) x30 0xfb1137a8
core   0: 0x80004fa0 (0x51d8b837) lui     a6, 0x51d8b
core   0: 3 0x80004fa0 (0x51d8b837) x16 0x51d8b000
core   0: 0x80004fa4 (0x415ade33) sra     t3, s5, s5
core   0: 3 0x80004fa4 (0x415ade33) x28 0x00000000
core   0: 0x80004fa8 (0x00c1a833) slt     a6, gp, a2
core   0: 3 0x80004fa8 (0x00c1a833) x16 0x00000000
core   0: 0x80004fac (0xad538993) addi    s3, t2, -1323
core   0: 3 0x80004fac (0xad538993) x19 0x80011939
core   0: 0x80004fb0 (0x71a44bb7) lui     s7, 0x71a44
core   0: 3 0x80004fb0 (0x71a44bb7) x23 0x71a44000
core   0: 0x80004fb4 (0x24c4cf97) auipc   t6, 0x24c4c
core   0: 3 0x80004fb4 (0x24c4cf97) x31 0xa4c50fb4
core   0: 0x80004fb8 (0xe97aa693) slti    a3, s5, -361
core   0: 3 0x80004fb8 (0xe97aa693) x13 0x00000000
core   0: 0x80004fbc (0x01252433) slt     s0, a0, s2
core   0: 3 0x80004fbc (0x01252433) x 8 0x00000000
core   0: 0x80004fc0 (0x4f773813) sltiu   a6, a4, 1271
core   0: 3 0x80004fc0 (0x4f773813) x16 0x00000000
core   0: 0x80004fc4 (0x00c33cb3) sltu    s9, t1, a2
core   0: 3 0x80004fc4 (0x00c33cb3) x25 0x00000001
core   0: 0x80004fc8 (0x00120033) add     zero, tp, ra
core   0: 3 0x80004fc8 (0x00120033)
core   0: 0x80004fcc (0x415a56b3) sra     a3, s4, s5
core   0: 3 0x80004fcc (0x415a56b3) x13 0x00003fff
core   0: 0x80004fd0 (0x606dbf17) auipc   t5, 0x606db
core   0: 3 0x80004fd0 (0x606dbf17) x30 0xe06dffd0
core   0: 0x80004fd4 (0x00f2d8b3) srl     a7, t0, a5
core   0: 3 0x80004fd4 (0x00f2d8b3) x17 0x00000001
core   0: 0x80004fd8 (0x007dfdb3) and     s11, s11, t2
core   0: 3 0x80004fd8 (0x007dfdb3) x27 0x80001064
core   0: 0x80004fdc (0x40ebdf13) srai    t5, s7, 14
core   0: 3 0x80004fdc (0x40ebdf13) x30 0x0001c691
core   0: 0x80004fe0 (0x41b5d033) sra     zero, a1, s11
core   0: 3 0x80004fe0 (0x41b5d033)
core   0: 0x80004fe4 (0x0128ad33) slt     s10, a7, s2
core   0: 3 0x80004fe4 (0x0128ad33) x26 0x00000000
core   0: 0x80004fe8 (0x00c56833) or      a6, a0, a2
core   0: 3 0x80004fe8 (0x00c56833) x16 0x80015ce4
core   0: 0x80004fec (0x00000013) nop
core   0: 3 0x80004fec (0x00000013)
core   0: 0x80004ff0 (0x00941e93) slli    t4, s0, 9
core   0: 3 0x80004ff0 (0x00941e93) x29 0x00000000
core   0: 0x80004ff4 (0xe5188993) addi    s3, a7, -431
core   0: 3 0x80004ff4 (0xe5188993) x19 0xfffffe52
core   0: 0x80004ff8 (0x4166d713) srai    a4, a3, 22
core   0: 3 0x80004ff8 (0x4166d713) x14 0x00000000
core   0: 0x80004ffc (0x0c452c93) slti    s9, a0, 196
core   0: 3 0x80004ffc (0x0c452c93) x25 0x00000001
core   0: 0x80005000 (0x00771fb3) sll     t6, a4, t2
core   0: 3 0x80005000 (0x00771fb3) x31 0x00000000
core   0: 0x80005004 (0x00b829b3) slt     s3, a6, a1
core   0: 3 0x80005004 (0x00b829b3) x19 0x00000001
core   0: 0x80005008 (0xe62a6593) ori     a1, s4, -414
core   0: 3 0x80005008 (0xe62a6593) x11 0xffffffff
core   0: 0x8000500c (0x41005593) srai    a1, zero, 16
core   0: 3 0x8000500c (0x41005593) x11 0x00000000
core   0: 0x80005010 (0x00908f33) add     t5, ra, s1
core   0: 3 0x80005010 (0x00908f33) x30 0x30c554c8
core   0: 0x80005014 (0x0113b1b3) sltu    gp, t2, a7
core   0: 3 0x80005014 (0x0113b1b3) x 3 0x00000000
core   0: 0x80005018 (0x41ea8333) sub     t1, s5, t5
core   0: 3 0x80005018 (0x41ea8333) x 6 0xcf3aab39
core   0: 0x8000501c (0x18a2c013) xori    zero, t0, 394
core   0: 3 0x8000501c (0x18a2c013)
core   0: 0x80005020 (0x4b79be93) sltiu   t4, s3, 1207
core   0: 3 0x80005020 (0x4b79be93) x29 0x00000001
core   0: 0x80005024 (0x4da2dd97) auipc   s11, 0x4da2d
core   0: 3 0x80005024 (0x4da2dd97) x27 0xcda32024
core   0: 0x80005028 (0x00ff8bb3) add     s7, t6, a5
core   0: 3 0x80005028 (0x00ff8bb3) x23 0xe7aed0df
core   0: 0x8000502c (0x4195cb93) xori    s7, a1, 1049
core   0: 3 0x8000502c (0x4195cb93) x23 0x00000419
core   0: 0x80005030 (0x365686b7) lui     a3, 0x36568
core   0: 3 0x80005030 (0x365686b7) x13 0x36568000
core   0: 0x80005034 (0x41480a33) sub     s4, a6, s4
core   0: 3 0x80005034 (0x41480a33) x20 0x8000dce5
core   0: 0x80005038 (0x401a5933) sra     s2, s4, ra
core   0: 3 0x80005038 (0x401a5933) x18 0xffffffe0
core   0: 0x8000503c (0x00609913) slli    s2, ra, 6
core   0: 3 0x8000503c (0x00609913) x18 0xffa96680
core   0: 0x80005040 (0x2a9f46b7) lui     a3, 0x2a9f4
core   0: 3 0x80005040 (0x2a9f46b7) x13 0x2a9f4000
core   0: 0x80005044 (0x00000013) nop
core   0: 3 0x80005044 (0x00000013)
core   0: 0x80005048 (0x014bc5b3) xor     a1, s7, s4
core   0: 3 0x80005048 (0x014bc5b3) x11 0x8000d8fc
core   0: 0x8000504c (0x01418233) add     tp, gp, s4
core   0: 3 0x8000504c (0x01418233) x 4 0x8000dce5
core   0: 0x80005050 (0xcbe84d97) auipc   s11, 0xcbe84
core   0: 3 0x80005050 (0xcbe84d97) x27 0x4be89050
core   0: 0x80005054 (0xafe12f13) slti    t5, sp, -1282
core   0: 3 0x80005054 (0xafe12f13) x30 0x00000000
core   0: 0x80005058 (0x3b87a113) slti    sp, a5, 952
core   0: 3 0x80005058 (0x3b87a113) x 2 0x00000001
core   0: 0x8000505c (0x78fbaa13) slti    s4, s7, 1935
core   0: 3 0x8000505c (0x78fbaa13) x20 0x00000001
core   0: 0x80005060 (0x00000013) nop
core   0: 3 0x80005060 (0x00000013)
core   0: 0x80005064 (0x21b36593) ori     a1, t1, 539
core   0: 3 0x80005064 (0x21b36593) x11 0xcf3aab3b
core   0: 0x80005068 (0x01a15db3) srl     s11, sp, s10
core   0: 3 0x80005068 (0x01a15db3) x27 0x00000001
core   0: 0x8000506c (0x018578b3) and     a7, a0, s8
core   0: 3 0x8000506c (0x018578b3) x17 0x00000000
core   0: 0x80005070 (0x318ebe13) sltiu   t3, t4, 792
core   0: 3 0x80005070 (0x318ebe13) x28 0x00000001
core   0: 0x80005074 (0xeefb88b7) lui     a7, 0xeefb8
core   0: 3 0x80005074 (0xeefb88b7) x17 0xeefb8000
core   0: 0x80005078 (0x6e89c193) xori    gp, s3, 1768
core   0: 3 0x80005078 (0x6e89c193) x 3 0x000006e9
core   0: 0x8000507c (0x004a1113) slli    sp, s4, 4
core   0: 3 0x8000507c (0x004a1113) x 2 0x00000010
core   0: 0x80005080 (0x008a9f93) slli    t6, s5, 8
core   0: 3 0x80005080 (0x008a9f93) x31 0x00000100
core   0: 0x80005084 (0x30990f93) addi    t6, s2, 777
core   0: 3 0x80005084 (0x30990f93) x31 0xffa96989
core   0: 0x80005088 (0x8d1c8213) addi    tp, s9, -1839
core   0: 3 0x80005088 (0x8d1c8213) x 4 0xfffff8d2
core   0: 0x8000508c (0x01691d93) slli    s11, s2, 22
core   0: 3 0x8000508c (0x01691d93) x27 0xa0000000
core   0: 0x80005090 (0x4124d093) srai    ra, s1, 18
core   0: 3 0x80005090 (0x4124d093) x 1 0xffffec31
core   0: 0x80005094 (0x6fedae93) slti    t4, s11, 1790
core   0: 3 0x80005094 (0x6fedae93) x29 0x00000001
core   0: 0x80005098 (0x01ea35b3) sltu    a1, s4, t5
core   0: 3 0x80005098 (0x01ea35b3) x11 0x00000000
core   0: 0x8000509c (0x010d3ab3) sltu    s5, s10, a6
core   0: 3 0x8000509c (0x010d3ab3) x21 0x00000001
core   0: 0x800050a0 (0x013ddab3) srl     s5, s11, s3
core   0: 3 0x800050a0 (0x013ddab3) x21 0x50000000
core   0: 0x800050a4 (0x4037d0b3) sra     ra, a5, gp
core   0: 3 0x800050a4 (0x4037d0b3) x 1 0xfff3d768
core   0: 0x800050a8 (0x31bd4313) xori    t1, s10, 795
core   0: 3 0x800050a8 (0x31bd4313) x 6 0x0000031b
core   0: 0x800050ac (0x5aaef993) andi    s3, t4, 1450
core   0: 3 0x800050ac (0x5aaef993) x19 0x00000000
core   0: 0x800050b0 (0x000b5db3) srl     s11, s6, zero
core   0: 3 0x800050b0 (0x000b5db3) x27 0x87175ea4
core   0: 0x800050b4 (0x4d753d97) auipc   s11, 0x4d753
core   0: 3 0x800050b4 (0x4d753d97) x27 0xcd7580b4
core   0: 0x800050b8 (0x00dd06b3) add     a3, s10, a3
core   0: 3 0x800050b8 (0x00dd06b3) x13 0x2a9f4000
core   0: 0x800050bc (0x00b956b3) srl     a3, s2, a1
core   0: 3 0x800050bc (0x00b956b3) x13 0xffa96680
core   0: 0x800050c0 (0x489fbb17) auipc   s6, 0x489fb
core   0: 3 0x800050c0 (0x489fbb17) x22 0xc8a000c0
core   0: 0x800050c4 (0x93a9c493) xori    s1, s3, -1734
core   0: 3 0x800050c4 (0x93a9c493) x 9 0xfffff93a
core   0: 0x800050c8 (0x4125d4b3) sra     s1, a1, s2
core   0: 3 0x800050c8 (0x4125d4b3) x 9 0x00000000
core   0: 0x800050cc (0x99cc4213) xori    tp, s8, -1636
core   0: 3 0x800050cc (0x99cc4213) x 4 0x00000663
core   0: 0x800050d0 (0x01f9e033) or      zero, s3, t6
core   0: 3 0x800050d0 (0x01f9e033)
core   0: 0x800050d4 (0x40228b33) sub     s6, t0, sp
core   0: 3 0x800050d4 (0x40228b33) x22 0x80004f7e
core   0: 0x800050d8 (0x4129db33) sra     s6, s3, s2
core   0: 3 0x800050d8 (0x4129db33) x22 0x00000000
core   0: 0x800050dc (0x01933733) sltu    a4, t1, s9
core   0: 3 0x800050dc (0x01933733) x14 0x00000000
core   0: 0x800050e0 (0x40dd5d13) srai    s10, s10, 13
core   0: 3 0x800050e0 (0x40dd5d13) x26 0x00000000
core   0: 0x800050e4 (0x0179d493) srli    s1, s3, 23
core   0: 3 0x800050e4 (0x0179d493) x 9 0x00000000
core   0: 0x800050e8 (0x01beb6b3) sltu    a3, t4, s11
core   0: 3 0x800050e8 (0x01beb6b3) x13 0x00000001
core   0: 0x800050ec (0xd9d98f13) addi    t5, s3, -611
core   0: 3 0x800050ec (0xd9d98f13) x30 0xfffffd9d
core   0: 0x800050f0 (0x0061f1b3) and     gp, gp, t1
core   0: 3 0x800050f0 (0x0061f1b3) x 3 0x00000209
core   0: 0x800050f4 (0x00039933) sll     s2, t2, zero
core   0: 3 0x800050f4 (0x00039933) x18 0x80011e64
core   0: 0x800050f8 (0x3b632037) lui     zero, 0x3b632
core   0: 3 0x800050f8 (0x3b632037)
core   0: 0x800050fc (0x00c3d233) srl     tp, t2, a2
core   0: 3 0x800050fc (0x00c3d233) x 4 0x080011e6
core   0: 0x80005100 (0x5df88593) addi    a1, a7, 1503
core   0: 3 0x80005100 (0x5df88593) x11 0xeefb85df
core   0: 0x80005104 (0x001300b3) add     ra, t1, ra
core   0: 3 0x80005104 (0x001300b3) x 1 0xfff3da83
core   0: 0x80005108 (0x00000013) nop
core   0: 3 0x80005108 (0x00000013)
core   0: 0x8000510c (0x00000013) nop
core   0: 3 0x8000510c (0x00000013)
core   0: 0x80005110 (0x000ba533) slt     a0, s7, zero
core   0: 3 0x80005110 (0x000ba533) x10 0x00000000
core   0: 0x80005114 (0x00b26a33) or      s4, tp, a1
core   0: 3 0x80005114 (0x00b26a33) x20 0xeefb95ff
core   0: 0x80005118 (0x00285eb3) srl     t4, a6, sp
core   0: 3 0x80005118 (0x00285eb3) x29 0x00008001
core   0: 0x8000511c (0x409a0fb3) sub     t6, s4, s1
core   0: 3 0x8000511c (0x409a0fb3) x31 0xeefb95ff
core   0: 0x80005120 (0x00000013) nop
core   0: 3 0x80005120 (0x00000013)
core   0: 0x80005124 (0x01d715b3) sll     a1, a4, t4
core   0: 3 0x80005124 (0x01d715b3) x11 0x00000000
core   0: 0x80005128 (0xdb8dbf93) sltiu   t6, s11, -584
core   0: 3 0x80005128 (0xdb8dbf93) x31 0x00000001
core   0: 0x8000512c (0x00000013) nop
core   0: 3 0x8000512c (0x00000013)
core   0: 0x80005130 (0x962b6497) auipc   s1, 0x962b6
core   0: 3 0x80005130 (0x962b6497) x 9 0x162bb130
core   0: 0x80005134 (0x0072ddb3) srl     s11, t0, t2
core   0: 3 0x80005134 (0x0072ddb3) x27 0x080004f8
core   0: 0x80005138 (0x2b889537) lui     a0, 0x2b889
core   0: 3 0x80005138 (0x2b889537) x10 0x2b889000
core   0: 0x8000513c (0x40350ab3) sub     s5, a0, gp
core   0: 3 0x8000513c (0x40350ab3) x21 0x2b888df7
core   0: 0x80005140 (0x00d31d33) sll     s10, t1, a3
core   0: 3 0x80005140 (0x00d31d33) x26 0x00000636
core   0: 0x80005144 (0xef537193) andi    gp, t1, -267
core   0: 3 0x80005144 (0xef537193) x 3 0x00000211
core   0: 0x80005148 (0x00445493) srli    s1, s0, 4
core   0: 3 0x80005148 (0x00445493) x 9 0x00000000
core   0: 0x8000514c (0x562c2b17) auipc   s6, 0x562c2
core   0: 3 0x8000514c (0x562c2b17) x22 0xd62c714c
core   0: 0x80005150 (0x0150ffb3) and     t6, ra, s5
core   0: 3 0x80005150 (0x0150ffb3) x31 0x2b808883
core   0: 0x80005154 (0x0086da33) srl     s4, a3, s0
core   0: 3 0x80005154 (0x0086da33) x20 0x00000001
core   0: 0x80005158 (0x01641433) sll     s0, s0, s6
core   0: 3 0x80005158 (0x01641433) x 8 0x00000000
core   0: 0x8000515c (0x0095dd33) srl     s10, a1, s1
core   0: 3 0x8000515c (0x0095dd33) x26 0x00000000
core   0: 0x80005160 (0xad488313) addi    t1, a7, -1324
core   0: 3 0x80005160 (0xad488313) x 6 0xeefb7ad4
core   0: 0x80005164 (0x00a59b33) sll     s6, a1, a0
core   0: 3 0x80005164 (0x00a59b33) x22 0x00000000
core   0: 0x80005168 (0x01cf5a13) srli    s4, t5, 28
core   0: 3 0x80005168 (0x01cf5a13) x20 0x0000000f
core   0: 0x8000516c (0x00e0c6b3) xor     a3, ra, a4
core   0: 3 0x8000516c (0x00e0c6b3) x13 0xfff3da83
core   0: 0x80005170 (0x41b08d33) sub     s10, ra, s11
core   0: 3 0x80005170 (0x41b08d33) x26 0xf7f3d58b
core   0: 0x80005174 (0x01dd1593) slli    a1, s10, 29
core   0: 3 0x80005174 (0x01dd1593) x11 0x60000000
core   0: 0x80005178 (0xe68d2e97) auipc   t4, 0xe68d2
core   0: 3 0x80005178 (0xe68d2e97) x29 0x668d7178
core   0: 0x8000517c (0x018da4b3) slt     s1, s11, s8
core   0: 3 0x8000517c (0x018da4b3) x 9 0x00000000
core   0: 0x80005180 (0x80310f93) addi    t6, sp, -2045
core   0: 3 0x80005180 (0x80310f93) x31 0xfffff813
core   0: 0x80005184 (0x002f88b3) add     a7, t6, sp
core   0: 3 0x80005184 (0x002f88b3) x17 0xfffff823
core   0: 0x80005188 (0x00794bb3) xor     s7, s2, t2
core   0: 3 0x80005188 (0x00794bb3) x23 0x00000000
core   0: 0x8000518c (0x01d29d33) sll     s10, t0, t4
core   0: 3 0x8000518c (0x01d29d33) x26 0x8e000000
core   0: 0x80005190 (0xba9dba93) sltiu   s5, s11, -1111
core   0: 3 0x80005190 (0xba9dba93) x21 0x00000001
core   0: 0x80005194 (0x005d32b3) sltu    t0, s10, t0
core   0: 3 0x80005194 (0x005d32b3) x 5 0x00000000
core   0: 0x80005198 (0x41e58bb3) sub     s7, a1, t5
core   0: 3 0x80005198 (0x41e58bb3) x23 0x60000263
core   0: 0x8000519c (0x8767f293) andi    t0, a5, -1930
core   0: 3 0x8000519c (0x8767f293) x 5 0xe7aed056
core   0: 0x800051a0 (0x00488cb3) add     s9, a7, tp
core   0: 3 0x800051a0 (0x00488cb3) x25 0x08000a09
core   0: 0x800051a4 (0x4193d113) srai    sp, t2, 25
core   0: 3 0x800051a4 (0x4193d113) x 2 0xffffffc0
core   0: 0x800051a8 (0x0030d8b3) srl     a7, ra, gp
core   0: 3 0x800051a8 (0x0030d8b3) x17 0x00007ff9
core   0: 0x800051ac (0x018461b3) or      gp, s0, s8
core   0: 3 0x800051ac (0x018461b3) x 3 0xffffffff
core   0: 0x800051b0 (0x00000013) nop
core   0: 3 0x800051b0 (0x00000013)
core   0: 0x800051b4 (0xee580713) addi    a4, a6, -283
core   0: 3 0x800051b4 (0xee580713) x14 0x80015bc9
core   0: 0x800051b8 (0x01588f33) add     t5, a7, s5
core   0: 3 0x800051b8 (0x01588f33) x30 0x00007ffa
core   0: 0x800051bc (0x410788b3) sub     a7, a5, a6
core   0: 3 0x800051bc (0x410788b3) x17 0x67ad73fb
core   0: 0x800051c0 (0x001f0d33) add     s10, t5, ra
core   0: 3 0x800051c0 (0x001f0d33) x26 0xfff45a7d
core   0: 0x800051c4 (0x00000013) nop
core   0: 3 0x800051c4 (0x00000013)
core   0: 0x800051c8 (0xdbaa2a93) slti    s5, s4, -582
core   0: 3 0x800051c8 (0xdbaa2a93) x21 0x00000000
core   0: 0x800051cc (0xddfe0813) addi    a6, t3, -545
core   0: 3 0x800051cc (0xddfe0813) x16 0xfffffde0
core   0: 0x800051d0 (0x003065b3) or      a1, zero, gp
core   0: 3 0x800051d0 (0x003065b3) x11 0xffffffff
core   0: 0x800051d4 (0x09c1a893) slti    a7, gp, 156
core   0: 3 0x800051d4 (0x09c1a893) x17 0x00000001
core   0: 0x800051d8 (0xa8862a13) slti    s4, a2, -1400
core   0: 3 0x800051d8 (0xa8862a13) x20 0x00000001
core   0: 0x800051dc (0x00000013) nop
core   0: 3 0x800051dc (0x00000013)
core   0: 0x800051e0 (0x0530af93) slti    t6, ra, 83
core   0: 3 0x800051e0 (0x0530af93) x31 0x00000001
core   0: 0x800051e4 (0x1fee7c13) andi    s8, t3, 510
core   0: 3 0x800051e4 (0x1fee7c13) x24 0x00000000
core   0: 0x800051e8 (0x01b872b3) and     t0, a6, s11
core   0: 3 0x800051e8 (0x01b872b3) x 5 0x080004e0
core   0: 0x800051ec (0x0040ffb3) and     t6, ra, tp
core   0: 3 0x800051ec (0x0040ffb3) x31 0x08001082
core   0: 0x800051f0 (0xd825f537) lui     a0, 0xd825f
core   0: 3 0x800051f0 (0xd825f537) x10 0xd825f000
core   0: 0x800051f4 (0x01c955b3) srl     a1, s2, t3
core   0: 3 0x800051f4 (0x01c955b3) x11 0x40008f32
core   0: 0x800051f8 (0x007a1fb3) sll     t6, s4, t2
core   0: 3 0x800051f8 (0x007a1fb3) x31 0x00000010
core   0: 0x800051fc (0x274e4e93) xori    t4, t3, 628
core   0: 3 0x800051fc (0x274e4e93) x29 0x00000275
core   0: 0x80005200 (0x00283c33) sltu    s8, a6, sp
core   0: 3 0x80005200 (0x00283c33) x24 0x00000001
core   0: 0x80005204 (0x01e5dbb3) srl     s7, a1, t5
core   0: 3 0x80005204 (0x01e5dbb3) x23 0x00000010
core   0: 0x80005208 (0x52eb8013) addi    zero, s7, 1326
core   0: 3 0x80005208 (0x52eb8013)
core   0: 0x8000520c (0xd5c36a97) auipc   s5, 0xd5c36
core   0: 3 0x8000520c (0xd5c36a97) x21 0x55c3b20c
core   0: 0x80005210 (0x0039aa33) slt     s4, s3, gp
core   0: 3 0x80005210 (0x0039aa33) x20 0x00000000
core   0: 0x80005214 (0x0a7a7e17) auipc   t3, 0xa7a7
core   0: 3 0x80005214 (0x0a7a7e17) x28 0x8a7ac214
core   0: 0x80005218 (0x005f0033) add     zero, t5, t0
core   0: 3 0x80005218 (0x005f0033)
core   0: 0x8000521c (0xe09e8b93) addi    s7, t4, -503
core   0: 3 0x8000521c (0xe09e8b93) x23 0x0000007e
core   0: 0x80005220 (0x00c3b033) sltu    zero, t2, a2
core   0: 3 0x80005220 (0x00c3b033)
core   0: 0x80005224 (0x00769013) slli    zero, a3, 7
core   0: 3 0x80005224 (0x00769013)
core   0: 0x80005228 (0x01b17133) and     sp, sp, s11
core   0: 3 0x80005228 (0x01b17133) x 2 0x080004c0
core   0: 0x8000522c (0x1ee68913) addi    s2, a3, 494
core   0: 3 0x8000522c (0x1ee68913) x18 0xfff3dc71
core   0: 0x80005230 (0x013f3eb3) sltu    t4, t5, s3
core   0: 3 0x80005230 (0x013f3eb3) x29 0x00000000
core   0: 0x80005234 (0x5c1d6d93) ori     s11, s10, 1473
core   0: 3 0x80005234 (0x5c1d6d93) x27 0xfff45ffd
core   0: 0x80005238 (0x1ebe3d93) sltiu   s11, t3, 491
core   0: 3 0x80005238 (0x1ebe3d93) x27 0x00000000
core   0: 0x8000523c (0x00b7e6b3) or      a3, a5, a1
core   0: 3 0x8000523c (0x00b7e6b3) x13 0xe7aedfff
core   0: 0x80005240 (0x3e4ba013) slti    zero, s7, 996
core   0: 3 0x80005240 (0x3e4ba013)
core   0: 0x80005244 (0x00d90933) add     s2, s2, a3
core   0: 3 0x80005244 (0x00d90933) x18 0xe7a2bc70
core   0: 0x80005248 (0xb80baf17) auipc   t5, 0xb80ba
core   0: 3 0x80005248 (0xb80baf17) x30 0x380bf248
core   0: 0x8000524c (0x00000013) nop
core   0: 3 0x8000524c (0x00000013)
core   0: 0x80005250 (0x003deb33) or      s6, s11, gp
core   0: 3 0x80005250 (0x003deb33) x22 0xffffffff
core   0: 0x80005254 (0x0115fa33) and     s4, a1, a7
core   0: 3 0x80005254 (0x0115fa33) x20 0x00000000
core   0: 0x80005258 (0xf0a94d93) xori    s11, s2, -246
core   0: 3 0x80005258 (0xf0a94d93) x27 0x185d437a
core   0: 0x8000525c (0x01211933) sll     s2, sp, s2
core   0: 3 0x8000525c (0x01211933) x18 0x04c00000
core   0: 0x80005260 (0x51199d37) lui     s10, 0x51199
core   0: 3 0x80005260 (0x51199d37) x26 0x51199000
core   0: 0x80005264 (0x012895b3) sll     a1, a7, s2
core   0: 3 0x80005264 (0x012895b3) x11 0x00000001
core   0: 0x80005268 (0x20782993) slti    s3, a6, 519
core   0: 3 0x80005268 (0x20782993) x19 0x00000001
core   0: 0x8000526c (0x9dfd7b37) lui     s6, 0x9dfd7
core   0: 3 0x8000526c (0x9dfd7b37) x22 0x9dfd7000
core   0: 0x80005270 (0x007c2133) slt     sp, s8, t2
core   0: 3 0x80005270 (0x007c2133) x 2 0x00000000
core   0: 0x80005274 (0x0036d213) srli    tp, a3, 3
core   0: 3 0x80005274 (0x0036d213) x 4 0x1cf5dbff
core   0: 0x80005278 (0x00bbd513) srli    a0, s7, 11
core   0: 3 0x80005278 (0x00bbd513) x10 0x00000000
core   0: 0x8000527c (0x419c55b3) sra     a1, s8, s9
core   0: 3 0x8000527c (0x419c55b3) x11 0x00000000
core   0: 0x80005280 (0x01eef033) and     zero, t4, t5
core   0: 3 0x80005280 (0x01eef033)
core   0: 0x80005284 (0x00822db3) slt     s11, tp, s0
core   0: 3 0x80005284 (0x00822db3) x27 0x00000000
core   0: 0x80005288 (0x007fac33) slt     s8, t6, t2
core   0: 3 0x80005288 (0x007fac33) x24 0x00000000
core   0: 0x8000528c (0xa324e713) ori     a4, s1, -1486
core   0: 3 0x8000528c (0xa324e713) x14 0xfffffa32
core   0: 0x80005290 (0x00d19893) slli    a7, gp, 13
core   0: 3 0x80005290 (0x00d19893) x17 0xffffe000
core   0: 0x80005294 (0x2a257c17) auipc   s8, 0x2a257
core   0: 3 0x80005294 (0x2a257c17) x24 0xaa25c294
core   0: 0x80005298 (0x008a44b3) xor     s1, s4, s0
core   0: 3 0x80005298 (0x008a44b3) x 9 0x00000000
core   0: 0x8000529c (0x6b5c2b93) slti    s7, s8, 1717
core   0: 3 0x8000529c (0x6b5c2b93) x23 0x00000001
core   0: 0x800052a0 (0x007f9a33) sll     s4, t6, t2
core   0: 3 0x800052a0 (0x007f9a33) x20 0x00000100
core   0: 0x800052a4 (0x00fce733) or      a4, s9, a5
core   0: 3 0x800052a4 (0x00fce733) x14 0xefaedadf
core   0: 0x800052a8 (0xdfd5a117) auipc   sp, 0xdfd5a
core   0: 3 0x800052a8 (0xdfd5a117) x 2 0x5fd5f2a8
core   0: 0x800052ac (0x00689193) slli    gp, a7, 6
core   0: 3 0x800052ac (0x00689193) x 3 0xfff80000
core   0: 0x800052b0 (0x41c58b33) sub     s6, a1, t3
core   0: 3 0x800052b0 (0x41c58b33) x22 0x75853dec
core   0: 0x800052b4 (0x00000013) nop
core   0: 3 0x800052b4 (0x00000013)
core   0: 0x800052b8 (0x41de0833) sub     a6, t3, t4
core   0: 3 0x800052b8 (0x41de0833) x16 0x8a7ac214
core   0: 0x800052bc (0xa2826a93) ori     s5, tp, -1496
core   0: 3 0x800052bc (0xa2826a93) x21 0xfffffbff
core   0: 0x800052c0 (0x00000013) nop
core   0: 3 0x800052c0 (0x00000013)
core   0: 0x800052c4 (0x41edd813) srai    a6, s11, 30
core   0: 3 0x800052c4 (0x41edd813) x16 0x00000000
core   0: 0x800052c8 (0x01d99313) slli    t1, s3, 29
core   0: 3 0x800052c8 (0x01d99313) x 6 0x20000000
core   0: 0x800052cc (0x00000013) nop
core   0: 3 0x800052cc (0x00000013)
core   0: 0x800052d0 (0x01d93cb3) sltu    s9, s2, t4
core   0: 3 0x800052d0 (0x01d93cb3) x25 0x00000000
core   0: 0x800052d4 (0x003d9033) sll     zero, s11, gp
core   0: 3 0x800052d4 (0x003d9033)
core   0: 0x800052d8 (0xe17e3213) sltiu   tp, t3, -489
core   0: 3 0x800052d8 (0xe17e3213) x 4 0x00000001
core   0: 0x800052dc (0x01a7e5b3) or      a1, a5, s10
core   0: 3 0x800052dc (0x01a7e5b3) x11 0xf7bfd0df
core   0: 0x800052e0 (0x01f6c133) xor     sp, a3, t6
core   0: 3 0x800052e0 (0x01f6c133) x 2 0xe7aedfef
core   0: 0x800052e4 (0x28e76117) auipc   sp, 0x28e76
core   0: 3 0x800052e4 (0x28e76117) x 2 0xa8e7b2e4
core   0: 0x800052e8 (0x00445c33) srl     s8, s0, tp
core   0: 3 0x800052e8 (0x00445c33) x24 0x00000000
core   0: 0x800052ec (0x6201b437) lui     s0, 0x6201b
core   0: 3 0x800052ec (0x6201b437) x 8 0x6201b000
core   0: 0x800052f0 (0x0122cf33) xor     t5, t0, s2
core   0: 3 0x800052f0 (0x0122cf33) x30 0x0cc004e0
core   0: 0x800052f4 (0x82a90537) lui     a0, 0x82a90
core   0: 3 0x800052f4 (0x82a90537) x10 0x82a90000
core   0: 0x800052f8 (0x0031e333) or      t1, gp, gp
core   0: 3 0x800052f8 (0x0031e333) x 6 0xfff80000
core   0: 0x800052fc (0x00431f93) slli    t6, t1, 4
core   0: 3 0x800052fc (0x00431f93) x31 0xff800000
core   0: 0x80005300 (0x01eed333) srl     t1, t4, t5
core   0: 3 0x80005300 (0x01eed333) x 6 0x00000000
core   0: 0x80005304 (0xd6e978b7) lui     a7, 0xd6e97
core   0: 3 0x80005304 (0xd6e978b7) x17 0xd6e97000
core   0: 0x80005308 (0x41fc06b3) sub     a3, s8, t6
core   0: 3 0x80005308 (0x41fc06b3) x13 0x00800000
core   0: 0x8000530c (0x00000013) nop
core   0: 3 0x8000530c (0x00000013)
core   0: 0x80005310 (0x006bd313) srli    t1, s7, 6
core   0: 3 0x80005310 (0x006bd313) x 6 0x00000000
core   0: 0x80005314 (0x80179437) lui     s0, 0x80179
core   0: 3 0x80005314 (0x80179437) x 8 0x80179000
core   0: 0x80005318 (0x001f5d93) srli    s11, t5, 1
core   0: 3 0x80005318 (0x001f5d93) x27 0x06600270
core   0: 0x8000531c (0x40ad8bb3) sub     s7, s11, a0
core   0: 3 0x8000531c (0x40ad8bb3) x23 0x83b70270
core   0: 0x80005320 (0x40c305b3) sub     a1, t1, a2
core   0: 3 0x80005320 (0x40c305b3) x11 0x7ffea31c
core   0: 0x80005324 (0x00aed9b3) srl     s3, t4, a0
core   0: 3 0x80005324 (0x00aed9b3) x19 0x00000000
core   0: 0x80005328 (0x01917233) and     tp, sp, s9
core   0: 3 0x80005328 (0x01917233) x 4 0x00000000
core   0: 0x8000532c (0x00ef6033) or      zero, t5, a4
core   0: 3 0x8000532c (0x00ef6033)
core   0: 0x80005330 (0x4053de33) sra     t3, t2, t0
core   0: 3 0x80005330 (0x4053de33) x28 0x80011e64
core   0: 0x80005334 (0x01ba9bb3) sll     s7, s5, s11
core   0: 3 0x80005334 (0x01ba9bb3) x23 0xfbff0000
core   0: 0x80005338 (0x41ae0db3) sub     s11, t3, s10
core   0: 3 0x80005338 (0x41ae0db3) x27 0x2ee78e64
core   0: 0x8000533c (0x01fd1933) sll     s2, s10, t6
core   0: 3 0x8000533c (0x01fd1933) x18 0x51199000
core   0: 0x80005340 (0x00000013) nop
core   0: 3 0x80005340 (0x00000013)
core   0: 0x80005344 (0x8ddc6913) ori     s2, s8, -1827
core   0: 3 0x80005344 (0x8ddc6913) x18 0xfffff8dd
core   0: 0x80005348 (0x13132017) auipc   zero, 0x13132
core   0: 3 0x80005348 (0x13132017)
core   0: 0x8000534c (0x40e3d233) sra     tp, t2, a4
core   0: 3 0x8000534c (0x40e3d233) x 4 0xffffffff
core   0: 0x80005350 (0xdae27e13) andi    t3, tp, -594
core   0: 3 0x80005350 (0xdae27e13) x28 0xfffffdae
core   0: 0x80005354 (0x0189f1b3) and     gp, s3, s8
core   0: 3 0x80005354 (0x0189f1b3) x 3 0x00000000
core   0: 0x80005358 (0x345d3917) auipc   s2, 0x345d3
core   0: 3 0x80005358 (0x345d3917) x18 0xb45d8358
core   0: 0x8000535c (0x01fa1733) sll     a4, s4, t6
core   0: 3 0x8000535c (0x01fa1733) x14 0x00000100
core   0: 0x80005360 (0x520ec917) auipc   s2, 0x520ec
core   0: 3 0x80005360 (0x520ec917) x18 0xd20f1360
core   0: 0x80005364 (0xeda27993) andi    s3, tp, -294
core   0: 3 0x80005364 (0xeda27993) x19 0xfffffeda
core   0: 0x80005368 (0x80f48313) addi    t1, s1, -2033
core   0: 3 0x80005368 (0x80f48313) x 6 0xfffff80f
core   0: 0x8000536c (0x005a0eb3) add     t4, s4, t0
core   0: 3 0x8000536c (0x005a0eb3) x29 0x080005e0
core   0: 0x80005370 (0x4088de33) sra     t3, a7, s0
core   0: 3 0x80005370 (0x4088de33) x28 0xd6e97000
core   0: 0x80005374 (0x89a9c213) xori    tp, s3, -1894
core   0: 3 0x80005374 (0x89a9c213) x 4 0x00000640
core   0: 0x80005378 (0x6b7d7993) andi    s3, s10, 1719
core   0: 3 0x80005378 (0x6b7d7993) x19 0x00000000
core   0: 0x8000537c (0xe09c4693) xori    a3, s8, -503
core   0: 3 0x8000537c (0xe09c4693) x13 0xfffffe09
core   0: 0x80005380 (0xc0622197) auipc   gp, 0xc0622
core   0: 3 0x80005380 (0xc0622197) x 3 0x40627380
core   0: 0x80005384 (0x95a3d5b7) lui     a1, 0x95a3d
core   0: 3 0x80005384 (0x95a3d5b7) x11 0x95a3d000
core   0: 0x80005388 (0x015292b3) sll     t0, t0, s5
core   0: 3 0x80005388 (0x015292b3) x 5 0x00000000
core   0: 0x8000538c (0x009769b3) or      s3, a4, s1
core   0: 3 0x8000538c (0x009769b3) x19 0x00000100
core   0: 0x80005390 (0x00d69e93) slli    t4, a3, 13
core   0: 3 0x80005390 (0x00d69e93) x29 0xffc12000
core   0: 0x80005394 (0x00caa433) slt     s0, s5, a2
core   0: 3 0x80005394 (0x00caa433) x 8 0x00000000
core   0: 0x80005398 (0x4c6a2b17) auipc   s6, 0x4c6a2
core   0: 3 0x80005398 (0x4c6a2b17) x22 0xcc6a7398
core   0: 0x8000539c (0x4038d093) srai    ra, a7, 3
core   0: 3 0x8000539c (0x4038d093) x 1 0xfadd2e00
core   0: 0x800053a0 (0x00478133) add     sp, a5, tp
core   0: 3 0x800053a0 (0x00478133) x 2 0xe7aed71f
core   0: 0x800053a4 (0x00899193) slli    gp, s3, 8
core   0: 3 0x800053a4 (0x00899193) x 3 0x00010000
core   0: 0x800053a8 (0x00068c33) add     s8, a3, zero
core   0: 3 0x800053a8 (0x00068c33) x24 0xfffffe09
core   0: 0x800053ac (0xc9847b97) auipc   s7, 0xc9847
core   0: 3 0x800053ac (0xc9847b97) x23 0x4984c3ac
core   0: 0x800053b0 (0x011f1213) slli    tp, t5, 17
core   0: 3 0x800053b0 (0x011f1213) x 4 0x09c00000
core   0: 0x800053b4 (0xb29fcc13) xori    s8, t6, -1239
core   0: 3 0x800053b4 (0xb29fcc13) x24 0x007ffb29
core   0: 0x800053b8 (0x0624b813) sltiu   a6, s1, 98
core   0: 3 0x800053b8 (0x0624b813) x16 0x00000001
core   0: 0x800053bc (0xb647b6b7) lui     a3, 0xb647b
core   0: 3 0x800053bc (0xb647b6b7) x13 0xb647b000
core   0: 0x800053c0 (0xa36be713) ori     a4, s7, -1482
core   0: 3 0x800053c0 (0xa36be713) x14 0xfffffbbe
core   0: 0x800053c4 (0x41cd0233) sub     tp, s10, t3
core   0: 3 0x800053c4 (0x41cd0233) x 4 0x7a302000
core   0: 0x800053c8 (0x00d38733) add     a4, t2, a3
core   0: 3 0x800053c8 (0x00d38733) x14 0x3648ce64
core   0: 0x800053cc (0x1f9ce113) ori     sp, s9, 505
core   0: 3 0x800053cc (0x1f9ce113) x 2 0x000001f9
core   0: 0x800053d0 (0x0177ac33) slt     s8, a5, s7
core   0: 3 0x800053d0 (0x0177ac33) x24 0x00000001
core   0: 0x800053d4 (0x4173dc93) srai    s9, t2, 23
core   0: 3 0x800053d4 (0x4173dc93) x25 0xffffff00
core   0: 0x800053d8 (0x00000013) nop
core   0: 3 0x800053d8 (0x00000013)
core   0: 0x800053dc (0x40958233) sub     tp, a1, s1
core   0: 3 0x800053dc (0x40958233) x 4 0x95a3d000
core   0: 0x800053e0 (0x012ee333) or      t1, t4, s2
core   0: 3 0x800053e0 (0x012ee333) x 6 0xffcf3360
core   0: 0x800053e4 (0x5b4fed13) ori     s10, t6, 1460
core   0: 3 0x800053e4 (0x5b4fed13) x26 0xff8005b4
core   0: 0x800053e8 (0x0051dc93) srli    s9, gp, 5
core   0: 3 0x800053e8 (0x0051dc93) x25 0x00000800
core   0: 0x800053ec (0x001ab433) sltu    s0, s5, ra
core   0: 3 0x800053ec (0x001ab433) x 8 0x00000000
core   0: 0x800053f0 (0xa32b3a13) sltiu   s4, s6, -1486
core   0: 3 0x800053f0 (0xa32b3a13) x20 0x00000001
core   0: 0x800053f4 (0xa7d13713) sltiu   a4, sp, -1411
core   0: 3 0x800053f4 (0xa7d13713) x14 0x00000001
core   0: 0x800053f8 (0x0199f733) and     a4, s3, s9
core   0: 3 0x800053f8 (0x0199f733) x14 0x00000000
core   0: 0x800053fc (0x002808b3) add     a7, a6, sp
core   0: 3 0x800053fc (0x002808b3) x17 0x000001fa
core   0: 0x80005400 (0x00e7da93) srli    s5, a5, 14
core   0: 3 0x80005400 (0x00e7da93) x21 0x00039ebb
core   0: 0x80005404 (0x407a8eb3) sub     t4, s5, t2
core   0: 3 0x80005404 (0x407a8eb3) x29 0x80028057
core   0: 0x80005408 (0x0135fa33) and     s4, a1, s3
core   0: 3 0x80005408 (0x0135fa33) x20 0x00000000
core   0: 0x8000540c (0x77c8b213) sltiu   tp, a7, 1916
core   0: 3 0x8000540c (0x77c8b213) x 4 0x00000001
core   0: 0x80005410 (0x01eb6c33) or      s8, s6, t5
core   0: 3 0x80005410 (0x01eb6c33) x24 0xccea77f8
core   0: 0x80005414 (0x011ba933) slt     s2, s7, a7
core   0: 3 0x80005414 (0x011ba933) x18 0x00000000
core   0: 0x80005418 (0x00000013) nop
core   0: 3 0x80005418 (0x00000013)
core   0: 0x8000541c (0x0047ee33) or      t3, a5, tp
core   0: 3 0x8000541c (0x0047ee33) x28 0xe7aed0df
core   0: 0x80005420 (0x01babeb3) sltu    t4, s5, s11
core   0: 3 0x80005420 (0x01babeb3) x29 0x00000001
core   0: 0x80005424 (0xf6fd3193) sltiu   gp, s10, -145
core   0: 3 0x80005424 (0xf6fd3193) x 3 0x00000001
core   0: 0x80005428 (0x00491f93) slli    t6, s2, 4
core   0: 3 0x80005428 (0x00491f93) x31 0x00000000
core   0: 0x8000542c (0x012d1e93) slli    t4, s10, 18
core   0: 3 0x8000542c (0x012d1e93) x29 0x16d00000
core   0: 0x80005430 (0x01be1893) slli    a7, t3, 27
core   0: 3 0x80005430 (0x01be1893) x17 0xf8000000
core   0: 0x80005434 (0x00e69113) slli    sp, a3, 14
core   0: 3 0x80005434 (0x00e69113) x 2 0xec000000
core   0: 0x80005438 (0xea8cecb7) lui     s9, 0xea8ce
core   0: 3 0x80005438 (0xea8cecb7) x25 0xea8ce000
core   0: 0x8000543c (0x00f0c133) xor     sp, ra, a5
core   0: 3 0x8000543c (0x00f0c133) x 2 0x1d73fedf
core   0: 0x80005440 (0x002ad9b3) srl     s3, s5, sp
core   0: 3 0x80005440 (0x002ad9b3) x19 0x00000000
core   0: 0x80005444 (0xd4fafa13) andi    s4, s5, -689
core   0: 3 0x80005444 (0xd4fafa13) x20 0x00039c0b
core   0: 0x80005448 (0x013f0ab3) add     s5, t5, s3
core   0: 3 0x80005448 (0x013f0ab3) x21 0x0cc004e0
core   0: 0x8000544c (0x40880133) sub     sp, a6, s0
core   0: 3 0x8000544c (0x40880133) x 2 0x00000001
core   0: 0x80005450 (0x011b2733) slt     a4, s6, a7
core   0: 3 0x80005450 (0x011b2733) x14 0x00000001
core   0: 0x80005454 (0xb7e8bbb7) lui     s7, 0xb7e8b
core   0: 3 0x80005454 (0xb7e8bbb7) x23 0xb7e8b000
core   0: 0x80005458 (0x98d27cb7) lui     s9, 0x98d27
core   0: 3 0x80005458 (0x98d27cb7) x25 0x98d27000
core   0: 0x8000545c (0x407a5e33) sra     t3, s4, t2
core   0: 3 0x8000545c (0x407a5e33) x28 0x000039c0
core   0: 0x80005460 (0x00000013) nop
core   0: 3 0x80005460 (0x00000013)
core   0: 0x80005464 (0x400c8eb3) sub     t4, s9, zero
core   0: 3 0x80005464 (0x400c8eb3) x29 0x98d27000
core   0: 0x80005468 (0x9a7c0913) addi    s2, s8, -1625
core   0: 3 0x80005468 (0x9a7c0913) x18 0xccea719f
core   0: 0x8000546c (0x001ccfb3) xor     t6, s9, ra
core   0: 3 0x8000546c (0x001ccfb3) x31 0x620f5e00
core   0: 0x80005470 (0x4119d333) sra     t1, s3, a7
core   0: 3 0x80005470 (0x4119d333) x 6 0x00000000
core   0: 0x80005474 (0x11441697) auipc   a3, 0x11441
core   0: 3 0x80005474 (0x11441697) x13 0x91446474
core   0: 0x80005478 (0x5c4b2c13) slti    s8, s6, 1476
core   0: 3 0x80005478 (0x5c4b2c13) x24 0x00000001
core   0: 0x8000547c (0x01251c13) slli    s8, a0, 18
core   0: 3 0x8000547c (0x01251c13) x24 0x00000000
core   0: 0x80005480 (0x009dadb3) slt     s11, s11, s1
core   0: 3 0x80005480 (0x009dadb3) x27 0x00000000
core   0: 0x80005484 (0x01534db3) xor     s11, t1, s5
core   0: 3 0x80005484 (0x01534db3) x27 0x0cc004e0
core   0: 0x80005488 (0x404cdcb3) sra     s9, s9, tp
core   0: 3 0x80005488 (0x404cdcb3) x25 0xcc693800
core   0: 0x8000548c (0x01ef4433) xor     s0, t5, t5
core   0: 3 0x8000548c (0x01ef4433) x 8 0x00000000
core   0: 0x80005490 (0x40875113) srai    sp, a4, 8
core   0: 3 0x80005490 (0x40875113) x 2 0x00000000
core   0: 0x80005494 (0x41b70733) sub     a4, a4, s11
core   0: 3 0x80005494 (0x41b70733) x14 0xf33ffb21
core   0: 0x80005498 (0x00b34c33) xor     s8, t1, a1
core   0: 3 0x80005498 (0x00b34c33) x24 0x95a3d000
core   0: 0x8000549c (0x01307d33) and     s10, zero, s3
core   0: 3 0x8000549c (0x01307d33) x26 0x00000000
core   0: 0x800054a0 (0x41525f93) srai    t6, tp, 21
core   0: 3 0x800054a0 (0x41525f93) x31 0x00000000
core   0: 0x800054a4 (0x3fa9c097) auipc   ra, 0x3fa9c
core   0: 3 0x800054a4 (0x3fa9c097) x 1 0xbfaa14a4
core   0: 0x800054a8 (0xc4246a93) ori     s5, s0, -958
core   0: 3 0x800054a8 (0xc4246a93) x21 0xfffffc42
core   0: 0x800054ac (0x3dc3c713) xori    a4, t2, 988
core   0: 3 0x800054ac (0x3dc3c713) x14 0x80011db8
core   0: 0x800054b0 (0x27b5b193) sltiu   gp, a1, 635
core   0: 3 0x800054b0 (0x27b5b193) x 3 0x00000000
core   0: 0x800054b4 (0x003e9593) slli    a1, t4, 3
core   0: 3 0x800054b4 (0x003e9593) x11 0xc6938000
core   0: 0x800054b8 (0x3753a513) slti    a0, t2, 885
core   0: 3 0x800054b8 (0x3753a513) x10 0x00000001
core   0: 0x800054bc (0x01c8a133) slt     sp, a7, t3
core   0: 3 0x800054bc (0x01c8a133) x 2 0x00000001
core   0: 0x800054c0 (0x00000013) nop
core   0: 3 0x800054c0 (0x00000013)
core   0: 0x800054c4 (0x415e0db3) sub     s11, t3, s5
core   0: 3 0x800054c4 (0x415e0db3) x27 0x00003d7e
core   0: 0x800054c8 (0xf5c6f317) auipc   t1, 0xf5c6f
core   0: 3 0x800054c8 (0xf5c6f317) x 6 0x75c744c8
core   0: 0x800054cc (0x00512033) slt     zero, sp, t0
core   0: 3 0x800054cc (0x00512033)
core   0: 0x800054d0 (0x00427333) and     t1, tp, tp
core   0: 3 0x800054d0 (0x00427333) x 6 0x00000001
core   0: 0x800054d4 (0x4172d293) srai    t0, t0, 23
core   0: 3 0x800054d4 (0x4172d293) x 5 0x00000000
core   0: 0x800054d8 (0x00000013) nop
core   0: 3 0x800054d8 (0x00000013)
core   0: 0x800054dc (0x01901ab3) sll     s5, zero, s9
core   0: 3 0x800054dc (0x01901ab3) x21 0x00000000
core   0: 0x800054e0 (0x005cc8b3) xor     a7, s9, t0
core   0: 3 0x800054e0 (0x005cc8b3) x17 0xcc693800
core   0: 0x800054e4 (0x2f767493) andi    s1, a2, 759
core   0: 3 0x800054e4 (0x2f767493) x 9 0x000000e4
core   0: 0x800054e8 (0xbd143193) sltiu   gp, s0, -1071
core   0: 3 0x800054e8 (0xbd143193) x 3 0x00000001
core   0: 0x800054ec (0xbc53b713) sltiu   a4, t2, -1083
core   0: 3 0x800054ec (0xbc53b713) x14 0x00000001
core   0: 0x800054f0 (0x00000013) nop
core   0: 3 0x800054f0 (0x00000013)
core   0: 0x800054f4 (0x417c50b3) sra     ra, s8, s7
core   0: 3 0x800054f4 (0x417c50b3) x 1 0x95a3d000
core   0: 0x800054f8 (0x00baa733) slt     a4, s5, a1
core   0: 3 0x800054f8 (0x00baa733) x14 0x00000000
core   0: 0x800054fc (0x01db04b3) add     s1, s6, t4
core   0: 3 0x800054fc (0x01db04b3) x 9 0x653ce398
core   0: 0x80005500 (0xd1e8f4b7) lui     s1, 0xd1e8f
core   0: 3 0x80005500 (0xd1e8f4b7) x 9 0xd1e8f000
core   0: 0x80005504 (0x4de08db7) lui     s11, 0x4de08
core   0: 3 0x80005504 (0x4de08db7) x27 0x4de08000
core   0: 0x80005508 (0x016a9eb3) sll     t4, s5, s6
core   0: 3 0x80005508 (0x016a9eb3) x29 0x00000000
core   0: 0x8000550c (0x011dbfb3) sltu    t6, s11, a7
core   0: 3 0x8000550c (0x011dbfb3) x31 0x00000001
core   0: 0x80005510 (0x01321193) slli    gp, tp, 19
core   0: 3 0x80005510 (0x01321193) x 3 0x00080000
core   0: 0x80005514 (0x21128113) addi    sp, t0, 529
core   0: 3 0x80005514 (0x21128113) x 2 0x00000211
core   0: 0x80005518 (0x009f5f93) srli    t6, t5, 9
core   0: 3 0x80005518 (0x009f5f93) x31 0x00066002
core   0: 0x8000551c (0xd70ba093) slti    ra, s7, -656
core   0: 3 0x8000551c (0xd70ba093) x 1 0x00000001
core   0: 0x80005520 (0x410a5e33) sra     t3, s4, a6
core   0: 3 0x80005520 (0x410a5e33) x28 0x0001ce05
core   0: 0x80005524 (0x01cba9b3) slt     s3, s7, t3
core   0: 3 0x80005524 (0x01cba9b3) x19 0x00000001
core   0: 0x80005528 (0x6470c193) xori    gp, ra, 1607
core   0: 3 0x80005528 (0x6470c193) x 3 0x00000646
core   0: 0x8000552c (0xb0b6cfb7) lui     t6, 0xb0b6c
core   0: 3 0x8000552c (0xb0b6cfb7) x31 0xb0b6c000
core   0: 0x80005530 (0x607eae93) slti    t4, t4, 1543
core   0: 3 0x80005530 (0x607eae93) x29 0x00000001
core   0: 0x80005534 (0x01769433) sll     s0, a3, s7
core   0: 3 0x80005534 (0x01769433) x 8 0x91446474
core   0: 0x80005538 (0x502a8f37) lui     t5, 0x502a8
core   0: 3 0x80005538 (0x502a8f37) x30 0x502a8000
core   0: 0x8000553c (0x40c95bb3) sra     s7, s2, a2
core   0: 3 0x8000553c (0x40c95bb3) x23 0xfccea719
core   0: 0x80005540 (0x00000013) nop
core   0: 3 0x80005540 (0x00000013)
core   0: 0x80005544 (0x002c71b3) and     gp, s8, sp
core   0: 3 0x80005544 (0x002c71b3) x 3 0x00000000
core   0: 0x80005548 (0x01e12c33) slt     s8, sp, t5
core   0: 3 0x80005548 (0x01e12c33) x24 0x00000001
core   0: 0x8000554c (0x0078a533) slt     a0, a7, t2
core   0: 3 0x8000554c (0x0078a533) x10 0x00000000
core   0: 0x80005550 (0xe15f4593) xori    a1, t5, -491
core   0: 3 0x80005550 (0xe15f4593) x11 0xafd57e15
core   0: 0x80005554 (0x000a9993) slli    s3, s5, 0
core   0: 3 0x80005554 (0x000a9993) x19 0x00000000
core   0: 0x80005558 (0x400fdbb3) sra     s7, t6, zero
core   0: 3 0x80005558 (0x400fdbb3) x23 0xb0b6c000
core   0: 0x8000555c (0xae645317) auipc   t1, 0xae645
core   0: 3 0x8000555c (0xae645317) x 6 0x2e64a55c
core   0: 0x80005560 (0x405980b3) sub     ra, s3, t0
core   0: 3 0x80005560 (0x405980b3) x 1 0x00000000
core   0: 0x80005564 (0x400f51b3) sra     gp, t5, zero
core   0: 3 0x80005564 (0x400f51b3) x 3 0x502a8000
core   0: 0x80005568 (0xf6252017) auipc   zero, 0xf6252
core   0: 3 0x80005568 (0xf6252017)
core   0: 0x8000556c (0xa9998413) addi    s0, s3, -1383
core   0: 3 0x8000556c (0xa9998413) x 8 0xfffffa99
core   0: 0x80005570 (0x014e8f93) addi    t6, t4, 20
core   0: 3 0x80005570 (0x014e8f93) x31 0x00000015
core   0: 0x80005574 (0x002e1813) slli    a6, t3, 2
core   0: 3 0x80005574 (0x002e1813) x16 0x00073814
core   0: 0x80005578 (0x003539b3) sltu    s3, a0, gp
core   0: 3 0x80005578 (0x003539b3) x19 0x00000001
core   0: 0x8000557c (0x8435f213) andi    tp, a1, -1981
core   0: 3 0x8000557c (0x8435f213) x 4 0xafd57801
core   0: 0x80005580 (0x0012dcb3) srl     s9, t0, ra
core   0: 3 0x80005580 (0x0012dcb3) x25 0x00000000
core   0: 0x80005584 (0x00a19f13) slli    t5, gp, 10
core   0: 3 0x80005584 (0x00a19f13) x30 0xaa000000
core   0: 0x80005588 (0x003f3033) sltu    zero, t5, gp
core   0: 3 0x80005588 (0x003f3033)
core   0: 0x8000558c (0x407e0db3) sub     s11, t3, t2
core   0: 3 0x8000558c (0x407e0db3) x27 0x8000afa1
core   0: 0x80005590 (0xb754b497) auipc   s1, 0xb754b
core   0: 3 0x80005590 (0xb754b497) x 9 0x37550590
core   0: 0x80005594 (0x5f627997) auipc   s3, 0x5f627
core   0: 3 0x80005594 (0x5f627997) x19 0xdf62c594
core   0: 0x80005598 (0x01ba31b3) sltu    gp, s4, s11
core   0: 3 0x80005598 (0x01ba31b3) x 3 0x00000001
core   0: 0x8000559c (0x0006ac33) slt     s8, a3, zero
core   0: 3 0x8000559c (0x0006ac33) x24 0x00000001
core   0: 0x800055a0 (0xa4a52893) slti    a7, a0, -1462
core   0: 3 0x800055a0 (0xa4a52893) x17 0x00000000
core   0: 0x800055a4 (0x01601893) slli    a7, zero, 22
core   0: 3 0x800055a4 (0x01601893) x17 0x00000000
core   0: 0x800055a8 (0x000cfa93) andi    s5, s9, 0
core   0: 3 0x800055a8 (0x000cfa93) x21 0x00000000
core   0: 0x800055ac (0x41805893) srai    a7, zero, 24
core   0: 3 0x800055ac (0x41805893) x17 0x00000000
core   0: 0x800055b0 (0x41760233) sub     tp, a2, s7
core   0: 3 0x800055b0 (0x41760233) x 4 0xcf4a9ce4
core   0: 0x800055b4 (0x40af5133) sra     sp, t5, a0
core   0: 3 0x800055b4 (0x40af5133) x 2 0xaa000000
core   0: 0x800055b8 (0x40215b93) srai    s7, sp, 2
core   0: 3 0x800055b8 (0x40215b93) x23 0xea800000
core   0: 0x800055bc (0x012d6b33) or      s6, s10, s2
core   0: 3 0x800055bc (0x012d6b33) x22 0xccea719f
core   0: 0x800055c0 (0x55cf3c13) sltiu   s8, t5, 1372
core   0: 3 0x800055c0 (0x55cf3c13) x24 0x00000000
core   0: 0x800055c4 (0x010760b3) or      ra, a4, a6
core   0: 3 0x800055c4 (0x010760b3) x 1 0x00073814
core   0: 0x800055c8 (0x97a83593) sltiu   a1, a6, -1670
core   0: 3 0x800055c8 (0x97a83593) x11 0x00000001
core   0: 0x800055cc (0x1e4e4f13) xori    t5, t3, 484
core   0: 3 0x800055cc (0x1e4e4f13) x30 0x0001cfe1
core   0: 0x800055d0 (0x54dc0f93) addi    t6, s8, 1357
core   0: 3 0x800055d0 (0x54dc0f93) x31 0x0000054d
core   0: 0x800055d4 (0x41fe5cb3) sra     s9, t3, t6
core   0: 3 0x800055d4 (0x41fe5cb3) x25 0x0000000e
core   0: 0x800055d8 (0x00000013) nop
core   0: 3 0x800055d8 (0x00000013)
core   0: 0x800055dc (0x41355313) srai    t1, a0, 19
core   0: 3 0x800055dc (0x41355313) x 6 0x00000000
core   0: 0x800055e0 (0x00add1b3) srl     gp, s11, a0
core   0: 3 0x800055e0 (0x00add1b3) x 3 0x8000afa1
core   0: 0x800055e4 (0x95dd8313) addi    t1, s11, -1699
core   0: 3 0x800055e4 (0x95dd8313) x 6 0x8000a8fe
core   0: 0x800055e8 (0x01921c93) slli    s9, tp, 25
core   0: 3 0x800055e8 (0x01921c93) x25 0xc8000000
core   0: 0x800055ec (0x2e1ee493) ori     s1, t4, 737
core   0: 3 0x800055ec (0x2e1ee493) x 9 0x000002e1
core   0: 0x800055f0 (0x013ebb33) sltu    s6, t4, s3
core   0: 3 0x800055f0 (0x013ebb33) x22 0x00000001
core   0: 0x800055f4 (0xd520a097) auipc   ra, 0xd520a
core   0: 3 0x800055f4 (0xd520a097) x 1 0x5520f5f4
core   0: 0x800055f8 (0x793e0d13) addi    s10, t3, 1939
core   0: 3 0x800055f8 (0x793e0d13) x26 0x0001d598
core   0: 0x800055fc (0xf8228713) addi    a4, t0, -126
core   0: 3 0x800055fc (0xf8228713) x14 0xffffff82
core   0: 0x80005600 (0x01920db3) add     s11, tp, s9
core   0: 3 0x80005600 (0x01920db3) x27 0x974a9ce4
core   0: 0x80005604 (0x01985f13) srli    t5, a6, 25
core   0: 3 0x80005604 (0x01985f13) x30 0x00000000
core   0: 0x80005608 (0x00931893) slli    a7, t1, 9
core   0: 3 0x80005608 (0x00931893) x17 0x0151fc00
core   0: 0x8000560c (0x01955093) srli    ra, a0, 25
core   0: 3 0x8000560c (0x01955093) x 1 0x00000000
core   0: 0x80005610 (0xd057a413) slti    s0, a5, -763
core   0: 3 0x80005610 (0xd057a413) x 8 0x00000001
core   0: 0x80005614 (0x00000013) nop
core   0: 3 0x80005614 (0x00000013)
core   0: 0x80005618 (0x01c7ecb3) or      s9, a5, t3
core   0: 3 0x80005618 (0x01c7ecb3) x25 0xe7afdedf
core   0: 0x8000561c (0x714c7fb7) lui     t6, 0x714c7
core   0: 3 0x8000561c (0x714c7fb7) x31 0x714c7000
core   0: 0x80005620 (0x0084ca33) xor     s4, s1, s0
core   0: 3 0x80005620 (0x0084ca33) x20 0x000002e0
core   0: 0x80005624 (0x01053333) sltu    t1, a0, a6
core   0: 3 0x80005624 (0x01053333) x 6 0x00000001
core   0: 0x80005628 (0x41825e93) srai    t4, tp, 24
core   0: 3 0x80005628 (0x41825e93) x29 0xffffffcf
core   0: 0x8000562c (0x41a98cb3) sub     s9, s3, s10
core   0: 3 0x8000562c (0x41a98cb3) x25 0xdf60effc
core   0: 0x80005630 (0x017a1593) slli    a1, s4, 23
core   0: 3 0x80005630 (0x017a1593) x11 0x70000000
core   0: 0x80005634 (0x418ad8b3) sra     a7, s5, s8
core   0: 3 0x80005634 (0x418ad8b3) x17 0x00000000
core   0: 0x80005638 (0x417850b3) sra     ra, a6, s7
core   0: 3 0x80005638 (0x417850b3) x 1 0x00073814
core   0: 0x8000563c (0x1ddae717) auipc   a4, 0x1ddae
core   0: 3 0x8000563c (0x1ddae717) x14 0x9ddb363c
core   0: 0x80005640 (0x015d3eb3) sltu    t4, s10, s5
core   0: 3 0x80005640 (0x015d3eb3) x29 0x00000000
core   0: 0x80005644 (0x01f3b533) sltu    a0, t2, t6
core   0: 3 0x80005644 (0x01f3b533) x10 0x00000000
core   0: 0x80005648 (0x0034ecb3) or      s9, s1, gp
core   0: 3 0x80005648 (0x0034ecb3) x25 0x8000afe1
core   0: 0x8000564c (0x00061c93) slli    s9, a2, 0
core   0: 3 0x8000564c (0x00061c93) x25 0x80015ce4
core   0: 0x80005650 (0xbe940d13) addi    s10, s0, -1047
core   0: 3 0x80005650 (0xbe940d13) x26 0xfffffbea
core   0: 0x80005654 (0xc8a54813) xori    a6, a0, -886
core   0: 3 0x80005654 (0xc8a54813) x16 0xfffffc8a
core   0: 0x80005658 (0xdda74e13) xori    t3, a4, -550
core   0: 3 0x80005658 (0xdda74e13) x28 0x6224cbe6
core   0: 0x8000565c (0x00899733) sll     a4, s3, s0
core   0: 3 0x8000565c (0x00899733) x14 0xbec58b28
core   0: 0x80005660 (0x0227c513) xori    a0, a5, 34
core   0: 3 0x80005660 (0x0227c513) x10 0xe7aed0fd
core   0: 0x80005664 (0x00a05db3) srl     s11, zero, a0
core   0: 3 0x80005664 (0x00a05db3) x27 0x00000000
core   0: 0x80005668 (0x3abc0293) addi    t0, s8, 939
core   0: 3 0x80005668 (0x3abc0293) x 5 0x000003ab
core   0: 0x8000566c (0x00000013) nop
core   0: 3 0x8000566c (0x00000013)
core   0: 0x80005670 (0x00073e33) sltu    t3, a4, zero
core   0: 3 0x80005670 (0x00073e33) x28 0x00000000
core   0: 0x80005674 (0x00cf1693) slli    a3, t5, 12
core   0: 3 0x80005674 (0x00cf1693) x13 0x00000000
core   0: 0x80005678 (0x41a1d0b3) sra     ra, gp, s10
core   0: 3 0x80005678 (0x41a1d0b3) x 1 0xffe0002b
core   0: 0x8000567c (0x01a99e33) sll     t3, s3, s10
core   0: 3 0x8000567c (0x01a99e33) x28 0x8b165000
core   0: 0x80005680 (0x00000013) nop
core   0: 3 0x80005680 (0x00000013)
core   0: 0x80005684 (0x004b9193) slli    gp, s7, 4
core   0: 3 0x80005684 (0x004b9193) x 3 0xa8000000
core   0: 0x80005688 (0x40cde713) ori     a4, s11, 1036
core   0: 3 0x80005688 (0x40cde713) x14 0x0000040c
core   0: 0x8000568c (0xbbc4f193) andi    gp, s1, -1092
core   0: 3 0x8000568c (0xbbc4f193) x 3 0x000002a0
core   0: 0x80005690 (0x3369d297) auipc   t0, 0x3369d
core   0: 3 0x80005690 (0x3369d297) x 5 0xb36a2690
core   0: 0x80005694 (0x01e0f6b3) and     a3, ra, t5
core   0: 3 0x80005694 (0x01e0f6b3) x13 0x00000000
core   0: 0x80005698 (0x00ae9693) slli    a3, t4, 10
core   0: 3 0x80005698 (0x00ae9693) x13 0x00000000
core   0: 0x8000569c (0x003f0733) add     a4, t5, gp
core   0: 3 0x8000569c (0x003f0733) x14 0x000002a0
core   0: 0x800056a0 (0x5514b593) sltiu   a1, s1, 1361
core   0: 3 0x800056a0 (0x5514b593) x11 0x00000001
core   0: 0x800056a4 (0x013edf93) srli    t6, t4, 19
core   0: 3 0x800056a4 (0x013edf93) x31 0x00000000
core   0: 0x800056a8 (0xcd6fe8b7) lui     a7, 0xcd6fe
core   0: 3 0x800056a8 (0xcd6fe8b7) x17 0xcd6fe000
core   0: 0x800056ac (0x8a74f537) lui     a0, 0x8a74f
core   0: 3 0x800056ac (0x8a74f537) x10 0x8a74f000
core   0: 0x800056b0 (0x01b75013) srli    zero, a4, 27
core   0: 3 0x800056b0 (0x01b75013)
core   0: 0x800056b4 (0x41d5d733) sra     a4, a1, t4
core   0: 3 0x800056b4 (0x41d5d733) x14 0x00000001
core   0: 0x800056b8 (0x66ecb897) auipc   a7, 0x66ecb
core   0: 3 0x800056b8 (0x66ecb897) x17 0xe6ed06b8
core   0: 0x800056bc (0xfb406b93) ori     s7, zero, -76
core   0: 3 0x800056bc (0xfb406b93) x23 0xffffffb4
core   0: 0x800056c0 (0x01f4a533) slt     a0, s1, t6
core   0: 3 0x800056c0 (0x01f4a533) x10 0x00000000
core   0: 0x800056c4 (0x1396c593) xori    a1, a3, 313
core   0: 3 0x800056c4 (0x1396c593) x11 0x00000139
core   0: 0x800056c8 (0xf6393413) sltiu   s0, s2, -157
core   0: 3 0x800056c8 (0xf6393413) x 8 0x00000001
core   0: 0x800056cc (0x411084b3) sub     s1, ra, a7
core   0: 3 0x800056cc (0x411084b3) x 9 0x18f2f973
core   0: 0x800056d0 (0x00000013) nop
core   0: 3 0x800056d0 (0x00000013)
core   0: 0x800056d4 (0x40600733) sub     a4, zero, t1
core   0: 3 0x800056d4 (0x40600733) x14 0xffffffff
core   0: 0x800056d8 (0x01f4e1b3) or      gp, s1, t6
core   0: 3 0x800056d8 (0x01f4e1b3) x 3 0x18f2f973
core   0: 0x800056dc (0x7a559297) auipc   t0, 0x7a559
core   0: 3 0x800056dc (0x7a559297) x 5 0xfa55e6dc
core   0: 0x800056e0 (0x40b18333) sub     t1, gp, a1
core   0: 3 0x800056e0 (0x40b18333) x 6 0x18f2f83a
core   0: 0x800056e4 (0x6bc9c513) xori    a0, s3, 1724
core   0: 3 0x800056e4 (0x6bc9c513) x10 0xdf62c328
core   0: 0x800056e8 (0x41d60833) sub     a6, a2, t4
core   0: 3 0x800056e8 (0x41d60833) x16 0x80015ce4
core   0: 0x800056ec (0xfdf3ef93) ori     t6, t2, -33
core   0: 3 0x800056ec (0xfdf3ef93) x31 0xffffffff
core   0: 0x800056f0 (0x01748ab3) add     s5, s1, s7
core   0: 3 0x800056f0 (0x01748ab3) x21 0x18f2f927
core   0: 0x800056f4 (0x015935b3) sltu    a1, s2, s5
core   0: 3 0x800056f4 (0x015935b3) x11 0x00000000
core   0: 0x800056f8 (0x0140d1b3) srl     gp, ra, s4
core   0: 3 0x800056f8 (0x0140d1b3) x 3 0xffe0002b
core   0: 0x800056fc (0x2bcc7b97) auipc   s7, 0x2bcc7
core   0: 3 0x800056fc (0x2bcc7b97) x23 0xabccc6fc
core   0: 0x80005700 (0x0030c9b3) xor     s3, ra, gp
core   0: 3 0x80005700 (0x0030c9b3) x19 0x00000000
core   0: 0x80005704 (0x30352113) slti    sp, a0, 771
core   0: 3 0x80005704 (0x30352113) x 2 0x00000001
core   0: 0x80005708 (0x011065b3) or      a1, zero, a7
core   0: 3 0x80005708 (0x011065b3) x11 0xe6ed06b8
core   0: 0x8000570c (0x00351033) sll     zero, a0, gp
core   0: 3 0x8000570c (0x00351033)
core   0: 0x80005710 (0x00e9cdb3) xor     s11, s3, a4
core   0: 3 0x80005710 (0x00e9cdb3) x27 0xffffffff
core   0: 0x80005714 (0x65a9a693) slti    a3, s3, 1626
core   0: 3 0x80005714 (0x65a9a693) x13 0x00000001
core   0: 0x80005718 (0x478cf697) auipc   a3, 0x478cf
core   0: 3 0x80005718 (0x478cf697) x13 0xc78d4718
core   0: 0x8000571c (0x40d6df33) sra     t5, a3, a3
core   0: 3 0x8000571c (0x40d6df33) x30 0xffffffc7
core   0: 0x80005720 (0x1924e693) ori     a3, s1, 402
core   0: 3 0x80005720 (0x1924e693) x13 0x18f2f9f3
core   0: 0x80005724 (0x00f30033) add     zero, t1, a5
core   0: 3 0x80005724 (0x00f30033)
core   0: 0x80005728 (0x00921033) sll     zero, tp, s1
core   0: 3 0x80005728 (0x00921033)
core   0: 0x8000572c (0x01439bb3) sll     s7, t2, s4
core   0: 3 0x8000572c (0x01439bb3) x23 0x80011e64
core   0: 0x80005730 (0x01ca4bb3) xor     s7, s4, t3
core   0: 3 0x80005730 (0x01ca4bb3) x23 0x8b1652e0
core   0: 0x80005734 (0xaff1f313) andi    t1, gp, -1281
core   0: 3 0x80005734 (0xaff1f313) x 6 0xffe0002b
core   0: 0x80005738 (0xb4266293) ori     t0, a2, -1214
core   0: 3 0x80005738 (0xb4266293) x 5 0xffffffe6
core   0: 0x8000573c (0x01565333) srl     t1, a2, s5
core   0: 3 0x8000573c (0x01565333) x 6 0x010002b9
core   0: 0x80005740 (0x0152c0b3) xor     ra, t0, s5
core   0: 3 0x80005740 (0x0152c0b3) x 1 0xe70d06c1
core   0: 0x80005744 (0x01dda033) slt     zero, s11, t4
core   0: 3 0x80005744 (0x01dda033)
core   0: 0x80005748 (0x684e6f13) ori     t5, t3, 1668
core   0: 3 0x80005748 (0x684e6f13) x30 0x8b165684
core   0: 0x8000574c (0x01b75093) srli    ra, a4, 27
core   0: 3 0x8000574c (0x01b75093) x 1 0x0000001f
core   0: 0x80005750 (0x3a82b493) sltiu   s1, t0, 936
core   0: 3 0x80005750 (0x3a82b493) x 9 0x00000000
core   0: 0x80005754 (0x016c1133) sll     sp, s8, s6
core   0: 3 0x80005754 (0x016c1133) x 2 0x00000000
core   0: 0x80005758 (0x412c0033) sub     zero, s8, s2
core   0: 3 0x80005758 (0x412c0033)
core   0: 0x8000575c (0x01099013) slli    zero, s3, 16
core   0: 3 0x8000575c (0x01099013)
core   0: 0x80005760 (0x003b1993) slli    s3, s6, 3
core   0: 3 0x80005760 (0x003b1993) x19 0x00000008
core   0: 0x80005764 (0x01d80833) add     a6, a6, t4
core   0: 3 0x80005764 (0x01d80833) x16 0x80015ce4
core   0: 0x80005768 (0x405b0cb3) sub     s9, s6, t0
core   0: 3 0x80005768 (0x405b0cb3) x25 0x0000001b
core   0: 0x8000576c (0x00bab2b3) sltu    t0, s5, a1
core   0: 3 0x8000576c (0x00bab2b3) x 5 0x00000001
core   0: 0x80005770 (0x00ccb033) sltu    zero, s9, a2
core   0: 3 0x80005770 (0x00ccb033)
core   0: 0x80005774 (0xe1548493) addi    s1, s1, -491
core   0: 3 0x80005774 (0xe1548493) x 9 0xfffffe15
core   0: 0x80005778 (0x30404a93) xori    s5, zero, 772
core   0: 3 0x80005778 (0x30404a93) x21 0x00000304
core   0: 0x8000577c (0x006a9e93) slli    t4, s5, 6
core   0: 3 0x8000577c (0x006a9e93) x29 0x0000c100
core   0: 0x80005780 (0x016c9d93) slli    s11, s9, 22
core   0: 3 0x80005780 (0x016c9d93) x27 0x06c00000
core   0: 0x80005784 (0x01e33333) sltu    t1, t1, t5
core   0: 3 0x80005784 (0x01e33333) x 6 0x00000001
core   0: 0x80005788 (0x1b360413) addi    s0, a2, 435
core   0: 3 0x80005788 (0x1b360413) x 8 0x80015e97
core   0: 0x8000578c (0xe132fe13) andi    t3, t0, -493
core   0: 3 0x8000578c (0xe132fe13) x28 0x00000001
core   0: 0x80005790 (0x012542b3) xor     t0, a0, s2
core   0: 3 0x80005790 (0x012542b3) x 5 0x1388b2b7
core   0: 0x80005794 (0x7c352f13) slti    t5, a0, 1987
core   0: 3 0x80005794 (0x7c352f13) x30 0x00000001
core   0: 0x80005798 (0x40d48eb3) sub     t4, s1, a3
core   0: 3 0x80005798 (0x40d48eb3) x29 0xe70d0422
core   0: 0x8000579c (0x7d82af93) slti    t6, t0, 2008
core   0: 3 0x8000579c (0x7d82af93) x31 0x00000000
core   0: 0x800057a0 (0x50f70d93) addi    s11, a4, 1295
core   0: 3 0x800057a0 (0x50f70d93) x27 0x0000050e
core   0: 0x800057a4 (0x01ba52b3) srl     t0, s4, s11
core   0: 3 0x800057a4 (0x01ba52b3) x 5 0x00000000
core   0: 0x800057a8 (0xed77a213) slti    tp, a5, -297
core   0: 3 0x800057a8 (0xed77a213) x 4 0x00000001
core   0: 0x800057ac (0x40695993) srai    s3, s2, 6
core   0: 3 0x800057ac (0x40695993) x19 0xff33a9c6
core   0: 0x800057b0 (0x0d234293) xori    t0, t1, 210
core   0: 3 0x800057b0 (0x0d234293) x 5 0x000000d3
core   0: 0x800057b4 (0x00cbad33) slt     s10, s7, a2
core   0: 3 0x800057b4 (0x00cbad33) x26 0x00000000
core   0: 0x800057b8 (0x9fef3d93) sltiu   s11, t5, -1538
core   0: 3 0x800057b8 (0x9fef3d93) x27 0x00000001
core   0: 0x800057bc (0x4101d2b3) sra     t0, gp, a6
core   0: 3 0x800057bc (0x4101d2b3) x 5 0xfffe0002
core   0: 0x800057c0 (0x0014f8b3) and     a7, s1, ra
core   0: 3 0x800057c0 (0x0014f8b3) x17 0x00000015
core   0: 0x800057c4 (0x01415093) srli    ra, sp, 20
core   0: 3 0x800057c4 (0x01415093) x 1 0x00000000
core   0: 0x800057c8 (0x0199b5b3) sltu    a1, s3, s9
core   0: 3 0x800057c8 (0x0199b5b3) x11 0x00000000
core   0: 0x800057cc (0x40efd193) srai    gp, t6, 14
core   0: 3 0x800057cc (0x40efd193) x 3 0x00000000
core   0: 0x800057d0 (0x00000013) nop
core   0: 3 0x800057d0 (0x00000013)
core   0: 0x800057d4 (0x001600b3) add     ra, a2, ra
core   0: 3 0x800057d4 (0x001600b3) x 1 0x80015ce4
core   0: 0x800057d8 (0x67e13297) auipc   t0, 0x67e13
core   0: 3 0x800057d8 (0x67e13297) x 5 0xe7e187d8
core   0: 0x800057dc (0x3f71e013) ori     zero, gp, 1015
core   0: 3 0x800057dc (0x3f71e013)
core   0: 0x800057e0 (0xb734c093) xori    ra, s1, -1165
core   0: 3 0x800057e0 (0xb734c093) x 1 0x00000566
core   0: 0x800057e4 (0x54a36113) ori     sp, t1, 1354
core   0: 3 0x800057e4 (0x54a36113) x 2 0x0000054b
core   0: 0x800057e8 (0x4082d993) srai    s3, t0, 8
core   0: 3 0x800057e8 (0x4082d993) x19 0xffe7e187
core   0: 0x800057ec (0x00f499b3) sll     s3, s1, a5
core   0: 3 0x800057ec (0x00f499b3) x19 0x80000000
core   0: 0x800057f0 (0x015b6033) or      zero, s6, s5
core   0: 3 0x800057f0 (0x015b6033)
core   0: 0x800057f4 (0xc15cef13) ori     t5, s9, -1003
core   0: 3 0x800057f4 (0xc15cef13) x30 0xfffffc1f
core   0: 0x800057f8 (0x0161d233) srl     tp, gp, s6
core   0: 3 0x800057f8 (0x0161d233) x 4 0x00000000
core   0: 0x800057fc (0x009f51b3) srl     gp, t5, s1
core   0: 3 0x800057fc (0x009f51b3) x 3 0x000007ff
core   0: 0x80005800 (0x411d5b93) srai    s7, s10, 17
core   0: 3 0x80005800 (0x411d5b93) x23 0x00000000
core   0: 0x80005804 (0x9c27c997) auipc   s3, 0x9c27c
core   0: 3 0x80005804 (0x9c27c997) x19 0x1c281804
core   0: 0x80005808 (0x5bd10717) auipc   a4, 0x5bd10
core   0: 3 0x80005808 (0x5bd10717) x14 0xdbd15808
core   0: 0x8000580c (0x01b55993) srli    s3, a0, 27
core   0: 3 0x8000580c (0x01b55993) x19 0x0000001b
core   0: 0x80005810 (0x00085e13) srli    t3, a6, 0
core   0: 3 0x80005810 (0x00085e13) x28 0x80015ce4
core   0: 0x80005814 (0x00dcceb3) xor     t4, s9, a3
core   0: 3 0x80005814 (0x00dcceb3) x29 0x18f2f9e8
core   0: 0x80005818 (0xc2c6c8b7) lui     a7, 0xc2c6c
core   0: 3 0x80005818 (0xc2c6c8b7) x17 0xc2c6c000
core   0: 0x8000581c (0xbea4fc93) andi    s9, s1, -1046
core   0: 3 0x8000581c (0xbea4fc93) x25 0xfffffa00
core   0: 0x80005820 (0x01ef30b3) sltu    ra, t5, t5
core   0: 3 0x80005820 (0x01ef30b3) x 1 0x00000000
core   0: 0x80005824 (0x01f90ab3) add     s5, s2, t6
core   0: 3 0x80005824 (0x01f90ab3) x21 0xccea719f
core   0: 0x80005828 (0x0105b733) sltu    a4, a1, a6
core   0: 3 0x80005828 (0x0105b733) x14 0x00000001
core   0: 0x8000582c (0x00f768b3) or      a7, a4, a5
core   0: 3 0x8000582c (0x00f768b3) x17 0xe7aed0df
core   0: 0x80005830 (0x009b45b3) xor     a1, s6, s1
core   0: 3 0x80005830 (0x009b45b3) x11 0xfffffe14
core   0: 0x80005834 (0x1087f093) andi    ra, a5, 264
core   0: 3 0x80005834 (0x1087f093) x 1 0x00000008
core   0: 0x80005838 (0xbb0de893) ori     a7, s11, -1104
core   0: 3 0x80005838 (0xbb0de893) x17 0xfffffbb1
core   0: 0x8000583c (0x01372033) slt     zero, a4, s3
core   0: 3 0x8000583c (0x01372033)
core   0: 0x80005840 (0xa9a4f913) andi    s2, s1, -1382
core   0: 3 0x80005840 (0xa9a4f913) x18 0xfffffa10
core   0: 0x80005844 (0x00fb5bb3) srl     s7, s6, a5
core   0: 3 0x80005844 (0x00fb5bb3) x23 0x00000000
core   0: 0x80005848 (0x002cbc33) sltu    s8, s9, sp
core   0: 3 0x80005848 (0x002cbc33) x24 0x00000000
core   0: 0x8000584c (0x009032b3) snez    t0, s1
core   0: 3 0x8000584c (0x009032b3) x 5 0x00000001
core   0: 0x80005850 (0x00fa8033) add     zero, s5, a5
core   0: 3 0x80005850 (0x00fa8033)
core   0: 0x80005854 (0x00cf7133) and     sp, t5, a2
core   0: 3 0x80005854 (0x00cf7133) x 2 0x80015c04
core   0: 0x80005858 (0x003db733) sltu    a4, s11, gp
core   0: 3 0x80005858 (0x003db733) x14 0x00000001
core   0: 0x8000585c (0x01cc5293) srli    t0, s8, 28
core   0: 3 0x8000585c (0x01cc5293) x 5 0x00000000
core   0: 0x80005860 (0x002141b3) xor     gp, sp, sp
core   0: 3 0x80005860 (0x002141b3) x 3 0x00000000
core   0: 0x80005864 (0x01317333) and     t1, sp, s3
core   0: 3 0x80005864 (0x01317333) x 6 0x00000000
core   0: 0x80005868 (0x749f9437) lui     s0, 0x749f9
core   0: 3 0x80005868 (0x749f9437) x 8 0x749f9000
core   0: 0x8000586c (0x7b5b1137) lui     sp, 0x7b5b1
core   0: 3 0x8000586c (0x7b5b1137) x 2 0x7b5b1000
core   0: 0x80005870 (0x40505e33) sra     t3, zero, t0
core   0: 3 0x80005870 (0x40505e33) x28 0x00000000
core   0: 0x80005874 (0x006f5293) srli    t0, t5, 6
core   0: 3 0x80005874 (0x006f5293) x 5 0x03fffff0
core   0: 0x80005878 (0xff00fd13) andi    s10, ra, -16
core   0: 3 0x80005878 (0xff00fd13) x26 0x00000000
core   0: 0x8000587c (0xeff3c713) xori    a4, t2, -257
core   0: 3 0x8000587c (0xeff3c713) x14 0x7ffee09b
core   0: 0x80005880 (0x40214b13) xori    s6, sp, 1026
core   0: 3 0x80005880 (0x40214b13) x22 0x7b5b1402
core   0: 0x80005884 (0x007a9333) sll     t1, s5, t2
core   0: 3 0x80005884 (0x007a9333) x 6 0xcea719f0
core   0: 0x80005888 (0x01115033) srl     zero, sp, a7
core   0: 3 0x80005888 (0x01115033)
core   0: 0x8000588c (0xeba76193) ori     gp, a4, -326
core   0: 3 0x8000588c (0xeba76193) x 3 0xfffffebb
core   0: 0x80005890 (0x353be493) ori     s1, s7, 851
core   0: 3 0x80005890 (0x353be493) x 9 0x00000353
core   0: 0x80005894 (0x4193d493) srai    s1, t2, 25
core   0: 3 0x80005894 (0x4193d493) x 9 0xffffffc0
core   0: 0x80005898 (0x0145efb3) or      t6, a1, s4
core   0: 3 0x80005898 (0x0145efb3) x31 0xfffffef4
core   0: 0x8000589c (0x01128b33) add     s6, t0, a7
core   0: 3 0x8000589c (0x01128b33) x22 0x03fffba1
core   0: 0x800058a0 (0x40f8dc33) sra     s8, a7, a5
core   0: 3 0x800058a0 (0x40f8dc33) x24 0xffffffff
core   0: 0x800058a4 (0x009c1193) slli    gp, s8, 9
core   0: 3 0x800058a4 (0x009c1193) x 3 0xfffffe00
core   0: 0x800058a8 (0x01790db3) add     s11, s2, s7
core   0: 3 0x800058a8 (0x01790db3) x27 0xfffffa10
core   0: 0x800058ac (0xcd73f2b7) lui     t0, 0xcd73f
core   0: 3 0x800058ac (0xcd73f2b7) x 5 0xcd73f000
core   0: 0x800058b0 (0x01d14bb3) xor     s7, sp, t4
core   0: 3 0x800058b0 (0x01d14bb3) x23 0x63a9e9e8
core   0: 0x800058b4 (0x00134733) xor     a4, t1, ra
core   0: 3 0x800058b4 (0x00134733) x14 0xcea719f8
core   0: 0x800058b8 (0xc259a093) slti    ra, s3, -987
core   0: 3 0x800058b8 (0xc259a093) x 1 0x00000000
core   0: 0x800058bc (0x00251c13) slli    s8, a0, 2
core   0: 3 0x800058bc (0x00251c13) x24 0x7d8b0ca0
core   0: 0x800058c0 (0xb79bde37) lui     t3, 0xb79bd
core   0: 3 0x800058c0 (0xb79bde37) x28 0xb79bd000
core   0: 0x800058c4 (0x40b9d813) srai    a6, s3, 11
core   0: 3 0x800058c4 (0x40b9d813) x16 0x00000000
core   0: 0x800058c8 (0x01b00f33) add     t5, zero, s11
core   0: 3 0x800058c8 (0x01b00f33) x30 0xfffffa10
core   0: 0x800058cc (0x001b2c33) slt     s8, s6, ra
core   0: 3 0x800058cc (0x001b2c33) x24 0x00000000
core   0: 0x800058d0 (0xda8def93) ori     t6, s11, -600
core   0: 3 0x800058d0 (0xda8def93) x31 0xffffffb8
core   0: 0x800058d4 (0x405e01b3) sub     gp, t3, t0
core   0: 3 0x800058d4 (0x405e01b3) x 3 0xea27e000
core   0: 0x800058d8 (0x01e31333) sll     t1, t1, t5
core   0: 3 0x800058d8 (0x01e31333) x 6 0x19f00000
core   0: 0x800058dc (0x017a8f33) add     t5, s5, s7
core   0: 3 0x800058dc (0x017a8f33) x30 0x30945b87
core   0: 0x800058e0 (0x41b1df33) sra     t5, gp, s11
core   0: 3 0x800058e0 (0x41b1df33) x30 0xffffea27
core   0: 0x800058e4 (0x001dc933) xor     s2, s11, ra
core   0: 3 0x800058e4 (0x001dc933) x18 0xfffffa10
core   0: 0x800058e8 (0x41c605b3) sub     a1, a2, t3
core   0: 3 0x800058e8 (0x41c605b3) x11 0xc8658ce4
core   0: 0x800058ec (0x01585f93) srli    t6, a6, 21
core   0: 3 0x800058ec (0x01585f93) x31 0x00000000
core   0: 0x800058f0 (0x52964b13) xori    s6, a2, 1321
core   0: 3 0x800058f0 (0x52964b13) x22 0x800159cd
core   0: 0x800058f4 (0x41870333) sub     t1, a4, s8
core   0: 3 0x800058f4 (0x41870333) x 6 0xcea719f8
core   0: 0x800058f8 (0x01a135b3) sltu    a1, sp, s10
core   0: 3 0x800058f8 (0x01a135b3) x11 0x00000000
core   0: 0x800058fc (0x4c44e413) ori     s0, s1, 1220
core   0: 3 0x800058fc (0x4c44e413) x 8 0xffffffc4
core   0: 0x80005900 (0x00d680b3) add     ra, a3, a3
core   0: 3 0x80005900 (0x00d680b3) x 1 0x31e5f3e6
core   0: 0x80005904 (0x01ae94b3) sll     s1, t4, s10
core   0: 3 0x80005904 (0x01ae94b3) x 9 0x18f2f9e8
core   0: 0x80005908 (0x00000013) nop
core   0: 3 0x80005908 (0x00000013)
core   0: 0x8000590c (0x05addb97) auipc   s7, 0x5add
core   0: 3 0x8000590c (0x05addb97) x23 0x85ae290c
core   0: 0x80005910 (0x01469913) slli    s2, a3, 20
core   0: 3 0x80005910 (0x01469913) x18 0x9f300000
core   0: 0x80005914 (0x404a51b3) sra     gp, s4, tp
core   0: 3 0x80005914 (0x404a51b3) x 3 0x000002e0
core   0: 0x80005918 (0x0147a833) slt     a6, a5, s4
core   0: 3 0x80005918 (0x0147a833) x16 0x00000001
core   0: 0x8000591c (0x40045233) sra     tp, s0, zero
core   0: 3 0x8000591c (0x40045233) x 4 0xffffffc4
core   0: 0x80005920 (0x002c8233) add     tp, s9, sp
core   0: 3 0x80005920 (0x002c8233) x 4 0x7b5b0a00
core   0: 0x80005924 (0x54a2a013) slti    zero, t0, 1354
core   0: 3 0x80005924 (0x54a2a013)
core   0: 0x80005928 (0xee064513) xori    a0, a2, -288
core   0: 3 0x80005928 (0xee064513) x10 0x7ffea204
core   0: 0x8000592c (0x94560913) addi    s2, a2, -1723
core   0: 3 0x8000592c (0x94560913) x18 0x80015629
core   0: 0x80005930 (0xc0f74493) xori    s1, a4, -1009
core   0: 3 0x80005930 (0xc0f74493) x 9 0x3158e5f7
core   0: 0x80005934 (0x41b8df93) srai    t6, a7, 27
core   0: 3 0x80005934 (0x41b8df93) x31 0xffffffff
core   0: 0x80005938 (0x4150dab3) sra     s5, ra, s5
core   0: 3 0x80005938 (0x4150dab3) x21 0x00000000
core   0: 0x8000593c (0x76448f37) lui     t5, 0x76448
core   0: 3 0x8000593c (0x76448f37) x30 0x76448000
core   0: 0x80005940 (0x00000013) nop
core   0: 3 0x80005940 (0x00000013)
core   0: 0x80005944 (0x019d2bb3) slt     s7, s10, s9
core   0: 3 0x80005944 (0x019d2bb3) x23 0x00000000
core   0: 0x80005948 (0x01aada93) srli    s5, s5, 26
core   0: 3 0x80005948 (0x01aada93) x21 0x00000000
core   0: 0x8000594c (0x00e40233) add     tp, s0, a4
core   0: 3 0x8000594c (0x00e40233) x 4 0xcea719bc
core   0: 0x80005950 (0x006b1513) slli    a0, s6, 6
core   0: 3 0x80005950 (0x006b1513) x10 0x00567340
core   0: 0x80005954 (0xd160bbb7) lui     s7, 0xd160b
core   0: 3 0x80005954 (0xd160bbb7) x23 0xd160b000
core   0: 0x80005958 (0x0181ceb3) xor     t4, gp, s8
core   0: 3 0x80005958 (0x0181ceb3) x29 0x000002e0
core   0: 0x8000595c (0x00b552b3) srl     t0, a0, a1
core   0: 3 0x8000595c (0x00b552b3) x 5 0x00567340
core   0: 0x80005960 (0xc8079e37) lui     t3, 0xc8079
core   0: 3 0x80005960 (0xc8079e37) x28 0xc8079000
core   0: 0x80005964 (0xe7142d93) slti    s11, s0, -399
core   0: 3 0x80005964 (0xe7142d93) x27 0x00000000
core   0: 0x80005968 (0x721401b7) lui     gp, 0x72140
core   0: 3 0x80005968 (0x721401b7) x 3 0x72140000
core   0: 0x8000596c (0x01d1ee33) or      t3, gp, t4
core   0: 3 0x8000596c (0x01d1ee33) x28 0x721402e0
core   0: 0x80005970 (0x4048dfb3) sra     t6, a7, tp
core   0: 3 0x80005970 (0x4048dfb3) x31 0xffffffff
core   0: 0x80005974 (0xb6abe593) ori     a1, s7, -1174
core   0: 3 0x80005974 (0xb6abe593) x11 0xfffffb6a
core   0: 0x80005978 (0xb4a7b113) sltiu   sp, a5, -1206
core   0: 3 0x80005978 (0xb4a7b113) x 2 0x00000001
core   0: 0x8000597c (0xca607a93) andi    s5, zero, -858
core   0: 3 0x8000597c (0xca607a93) x21 0x00000000
core   0: 0x80005980 (0x01f6fd33) and     s10, a3, t6
core   0: 3 0x80005980 (0x01f6fd33) x26 0x18f2f9f3
core   0: 0x80005984 (0x00d18eb3) add     t4, gp, a3
core   0: 3 0x80005984 (0x00d18eb3) x29 0x8b06f9f3
core   0: 0x80005988 (0x017f4fb3) xor     t6, t5, s7
core   0: 3 0x80005988 (0x017f4fb3) x31 0xa7243000
core   0: 0x8000598c (0x40f501b3) sub     gp, a0, a5
core   0: 3 0x8000598c (0x40f501b3) x 3 0x18a7a261
core   0: 0x80005990 (0x00afd013) srli    zero, t6, 10
core   0: 3 0x80005990 (0x00afd013)
core   0: 0x80005994 (0x4192d913) srai    s2, t0, 25
core   0: 3 0x80005994 (0x4192d913) x18 0x00000000
core   0: 0x80005998 (0x01a19813) slli    a6, gp, 26
core   0: 3 0x80005998 (0x01a19813) x16 0x84000000
core   0: 0x8000599c (0x95d5ac97) auipc   s9, 0x95d5a
core   0: 3 0x8000599c (0x95d5ac97) x25 0x15d5f99c
core   0: 0x800059a0 (0x01a934b3) sltu    s1, s2, s10
core   0: 3 0x800059a0 (0x01a934b3) x 9 0x00000001
core   0: 0x800059a4 (0xeb69f913) andi    s2, s3, -330
core   0: 3 0x800059a4 (0xeb69f913) x18 0x00000012
core   0: 0x800059a8 (0x01b2a333) slt     t1, t0, s11
core   0: 3 0x800059a8 (0x01b2a333) x 6 0x00000000
core   0: 0x800059ac (0xcfec5697) auipc   a3, 0xcfec5
core   0: 3 0x800059ac (0xcfec5697) x13 0x4feca9ac
core   0: 0x800059b0 (0x00f5a9b3) slt     s3, a1, a5
core   0: 3 0x800059b0 (0x00f5a9b3) x19 0x00000000
core   0: 0x800059b4 (0x00f71d93) slli    s11, a4, 15
core   0: 3 0x800059b4 (0x00f71d93) x27 0x8cfc0000
core   0: 0x800059b8 (0x41305f93) srai    t6, zero, 19
core   0: 3 0x800059b8 (0x41305f93) x31 0x00000000
core   0: 0x800059bc (0x01fd9433) sll     s0, s11, t6
core   0: 3 0x800059bc (0x01fd9433) x 8 0x8cfc0000
core   0: 0x800059c0 (0x000f2433) slt     s0, t5, zero
core   0: 3 0x800059c0 (0x000f2433) x 8 0x00000000
core   0: 0x800059c4 (0x22f8c5b7) lui     a1, 0x22f8c
core   0: 3 0x800059c4 (0x22f8c5b7) x11 0x22f8c000
core   0: 0x800059c8 (0x015082b3) add     t0, ra, s5
core   0: 3 0x800059c8 (0x015082b3) x 5 0x31e5f3e6
core   0: 0x800059cc (0x0057beb3) sltu    t4, a5, t0
core   0: 3 0x800059cc (0x0057beb3) x29 0x00000000
core   0: 0x800059d0 (0x0c9cf813) andi    a6, s9, 201
core   0: 3 0x800059d0 (0x0c9cf813) x16 0x00000088
core   0: 0x800059d4 (0x0102feb3) and     t4, t0, a6
core   0: 3 0x800059d4 (0x0102feb3) x29 0x00000080
core   0: 0x800059d8 (0x00b1c833) xor     a6, gp, a1
core   0: 3 0x800059d8 (0x00b1c833) x16 0x3a5f6261
core   0: 0x800059dc (0x00075693) srli    a3, a4, 0
core   0: 3 0x800059dc (0x00075693) x13 0xcea719f8
core   0: 0x800059e0 (0x01315a13) srli    s4, sp, 19
core   0: 3 0x800059e0 (0x01315a13) x20 0x00000000
core   0: 0x800059e4 (0x01eefc33) and     s8, t4, t5
core   0: 3 0x800059e4 (0x01eefc33) x24 0x00000000
core   0: 0x800059e8 (0x8e87a093) slti    ra, a5, -1816
core   0: 3 0x800059e8 (0x8e87a093) x 1 0x00000001
core   0: 0x800059ec (0x41b5db13) srai    s6, a1, 27
core   0: 3 0x800059ec (0x41b5db13) x22 0x00000004
core   0: 0x800059f0 (0xe9393f97) auipc   t6, 0xe9393
core   0: 3 0x800059f0 (0xe9393f97) x31 0x693989f0
core   0: 0x800059f4 (0x0776c693) xori    a3, a3, 119
core   0: 3 0x800059f4 (0x0776c693) x13 0xcea7198f
core   0: 0x800059f8 (0x00c8c2b3) xor     t0, a7, a2
core   0: 3 0x800059f8 (0x00c8c2b3) x 5 0x7ffea755
core   0: 0x800059fc (0x29df2a93) slti    s5, t5, 669
core   0: 3 0x800059fc (0x29df2a93) x21 0x00000000
core   0: 0x80005a00 (0x0179d433) srl     s0, s3, s7
core   0: 3 0x80005a00 (0x0179d433) x 8 0x00000000
core   0: 0x80005a04 (0x3c51c713) xori    a4, gp, 965
core   0: 3 0x80005a04 (0x3c51c713) x14 0x18a7a1a4
core   0: 0x80005a08 (0x8ca93c93) sltiu   s9, s2, -1846
core   0: 3 0x80005a08 (0x8ca93c93) x25 0x00000001
core   0: 0x80005a0c (0x41cadeb3) sra     t4, s5, t3
core   0: 3 0x80005a0c (0x41cadeb3) x29 0x00000000
core   0: 0x80005a10 (0x011f8db3) add     s11, t6, a7
core   0: 3 0x80005a10 (0x011f8db3) x27 0x693985a1
core   0: 0x80005a14 (0xc6e200b7) lui     ra, 0xc6e20
core   0: 3 0x80005a14 (0xc6e200b7) x 1 0xc6e20000
core   0: 0x80005a18 (0x40ed58b3) sra     a7, s10, a4
core   0: 3 0x80005a18 (0x40ed58b3) x17 0x018f2f9f
core   0: 0x80005a1c (0x00608fb3) add     t6, ra, t1
core   0: 3 0x80005a1c (0x00608fb3) x31 0xc6e20000
core   0: 0x80005a20 (0x41220b33) sub     s6, tp, s2
core   0: 3 0x80005a20 (0x41220b33) x22 0xcea719aa
core   0: 0x80005a24 (0x41255f33) sra     t5, a0, s2
core   0: 3 0x80005a24 (0x41255f33) x30 0x00000015
core   0: 0x80005a28 (0xcd32e413) ori     s0, t0, -813
core   0: 3 0x80005a28 (0xcd32e413) x 8 0xffffffd7
core   0: 0x80005a2c (0xd1e13313) sltiu   t1, sp, -738
core   0: 3 0x80005a2c (0xd1e13313) x 6 0x00000001
core   0: 0x80005a30 (0x0199c133) xor     sp, s3, s9
core   0: 3 0x80005a30 (0x0199c133) x 2 0x00000001
core   0: 0x80005a34 (0x01ebeeb3) or      t4, s7, t5
core   0: 3 0x80005a34 (0x01ebeeb3) x29 0xd160b015
core   0: 0x80005a38 (0x4103d833) sra     a6, t2, a6
core   0: 3 0x80005a38 (0x4103d833) x16 0xc0008f32
core   0: 0x80005a3c (0x8c39b413) sltiu   s0, s3, -1853
core   0: 3 0x80005a3c (0x8c39b413) x 8 0x00000001
core   0: 0x80005a40 (0x018ff2b3) and     t0, t6, s8
core   0: 3 0x80005a40 (0x018ff2b3) x 5 0x00000000
core   0: 0x80005a44 (0x01491e33) sll     t3, s2, s4
core   0: 3 0x80005a44 (0x01491e33) x28 0x00000012
core   0: 0x80005a48 (0xace33d13) sltiu   s10, t1, -1330
core   0: 3 0x80005a48 (0xace33d13) x26 0x00000001
core   0: 0x80005a4c (0x01ef3ab3) sltu    s5, t5, t5
core   0: 3 0x80005a4c (0x01ef3ab3) x21 0x00000000
core   0: 0x80005a50 (0x00000013) nop
core   0: 3 0x80005a50 (0x00000013)
core   0: 0x80005a54 (0x01d554b3) srl     s1, a0, t4
core   0: 3 0x80005a54 (0x01d554b3) x 9 0x00000002
core   0: 0x80005a58 (0x01f11ab3) sll     s5, sp, t6
core   0: 3 0x80005a58 (0x01f11ab3) x21 0x00000001
core   0: 0x80005a5c (0x001ad893) srli    a7, s5, 1
core   0: 3 0x80005a5c (0x001ad893) x17 0x00000000
core   0: 0x80005a60 (0x01211333) sll     t1, sp, s2
core   0: 3 0x80005a60 (0x01211333) x 6 0x00040000
core   0: 0x80005a64 (0x1eb7b993) sltiu   s3, a5, 491
core   0: 3 0x80005a64 (0x1eb7b993) x19 0x00000000
core   0: 0x80005a68 (0x860aef13) ori     t5, s5, -1952
core   0: 3 0x80005a68 (0x860aef13) x30 0xfffff861
core   0: 0x80005a6c (0x40048733) sub     a4, s1, zero
core   0: 3 0x80005a6c (0x40048733) x14 0x00000002
core   0: 0x80005a70 (0xa2cfd5b7) lui     a1, 0xa2cfd
core   0: 3 0x80005a70 (0xa2cfd5b7) x11 0xa2cfd000
core   0: 0x80005a74 (0x00318db3) add     s11, gp, gp
core   0: 3 0x80005a74 (0x00318db3) x27 0x314f44c2
core   0: 0x80005a78 (0x00a98ab3) add     s5, s3, a0
core   0: 3 0x80005a78 (0x00a98ab3) x21 0x00567340
core   0: 0x80005a7c (0x406e5713) srai    a4, t3, 6
core   0: 3 0x80005a7c (0x406e5713) x14 0x00000000
core   0: 0x80005a80 (0x00d75493) srli    s1, a4, 13
core   0: 3 0x80005a80 (0x00d75493) x 9 0x00000000
core   0: 0x80005a84 (0x41630d33) sub     s10, t1, s6
core   0: 3 0x80005a84 (0x41630d33) x26 0x315ce656
core   0: 0x80005a88 (0x4123d833) sra     a6, t2, s2
core   0: 3 0x80005a88 (0x4123d833) x16 0xffffe000
core   0: 0x80005a8c (0xf41e3f93) sltiu   t6, t3, -191
core   0: 3 0x80005a8c (0xf41e3f93) x31 0x00000001
core   0: 0x80005a90 (0x00ee7bb3) and     s7, t3, a4
core   0: 3 0x80005a90 (0x00ee7bb3) x23 0x00000000
core   0: 0x80005a94 (0x006b5e13) srli    t3, s6, 6
core   0: 3 0x80005a94 (0x006b5e13) x28 0x033a9c66
core   0: 0x80005a98 (0x00f65493) srli    s1, a2, 15
core   0: 3 0x80005a98 (0x00f65493) x 9 0x00010002
core   0: 0x80005a9c (0x01ec0e33) add     t3, s8, t5
core   0: 3 0x80005a9c (0x01ec0e33) x28 0xfffff861
core   0: 0x80005aa0 (0x013e2733) slt     a4, t3, s3
core   0: 3 0x80005aa0 (0x013e2733) x14 0x00000001
core   0: 0x80005aa4 (0x0187d133) srl     sp, a5, s8
core   0: 3 0x80005aa4 (0x0187d133) x 2 0xe7aed0df
core   0: 0x80005aa8 (0x00663ab3) sltu    s5, a2, t1
core   0: 3 0x80005aa8 (0x00663ab3) x21 0x00000000
core   0: 0x80005aac (0x41c785b3) sub     a1, a5, t3
core   0: 3 0x80005aac (0x41c785b3) x11 0xe7aed87e
core   0: 0x80005ab0 (0x01760833) add     a6, a2, s7
core   0: 3 0x80005ab0 (0x01760833) x16 0x80015ce4
core   0: 0x80005ab4 (0x1676ae93) slti    t4, a3, 359
core   0: 3 0x80005ab4 (0x1676ae93) x29 0x00000001
core   0: 0x80005ab8 (0x402ed033) sra     zero, t4, sp
core   0: 3 0x80005ab8 (0x402ed033)
core   0: 0x80005abc (0x9b6ec713) xori    a4, t4, -1610
core   0: 3 0x80005abc (0x9b6ec713) x14 0xfffff9b7
core   0: 0x80005ac0 (0x403c5f13) srai    t5, s8, 3
core   0: 3 0x80005ac0 (0x403c5f13) x30 0x00000000
core   0: 0x80005ac4 (0x00542533) slt     a0, s0, t0
core   0: 3 0x80005ac4 (0x00542533) x10 0x00000000
core   0: 0x80005ac8 (0x00bfcfb3) xor     t6, t6, a1
core   0: 3 0x80005ac8 (0x00bfcfb3) x31 0xe7aed87f
core   0: 0x80005acc (0x0184d093) srli    ra, s1, 24
core   0: 3 0x80005acc (0x0184d093) x 1 0x00000000
core   0: 0x80005ad0 (0x00168db3) add     s11, a3, ra
core   0: 3 0x80005ad0 (0x00168db3) x27 0xcea7198f
core   0: 0x80005ad4 (0xc3bf0737) lui     a4, 0xc3bf0
core   0: 3 0x80005ad4 (0xc3bf0737) x14 0xc3bf0000
core   0: 0x80005ad8 (0x40b77d37) lui     s10, 0x40b77
core   0: 3 0x80005ad8 (0x40b77d37) x26 0x40b77000
core   0: 0x80005adc (0x00000013) nop
core   0: 3 0x80005adc (0x00000013)
core   0: 0x80005ae0 (0x0a14da17) auipc   s4, 0xa14d
core   0: 3 0x80005ae0 (0x0a14da17) x20 0x8a152ae0
core   0: 0x80005ae4 (0xe35d4593) xori    a1, s10, -459
core   0: 3 0x80005ae4 (0xe35d4593) x11 0xbf488e35
core   0: 0x80005ae8 (0x71c60517) auipc   a0, 0x71c60
core   0: 3 0x80005ae8 (0x71c60517) x10 0xf1c65ae8
core   0: 0x80005aec (0x01036a33) or      s4, t1, a6
core   0: 3 0x80005aec (0x01036a33) x20 0x80055ce4
core   0: 0x80005af0 (0x01b71a33) sll     s4, a4, s11
core   0: 3 0x80005af0 (0x01b71a33) x20 0x80000000
core   0: 0x80005af4 (0x5e6fe713) ori     a4, t6, 1510
core   0: 3 0x80005af4 (0x5e6fe713) x14 0xe7aeddff
core   0: 0x80005af8 (0x00000013) nop
core   0: 3 0x80005af8 (0x00000013)
core   0: 0x80005afc (0x40625093) srai    ra, tp, 6
core   0: 3 0x80005afc (0x40625093) x 1 0xff3a9c66
core   0: 0x80005b00 (0x9bf94c93) xori    s9, s2, -1601
core   0: 3 0x80005b00 (0x9bf94c93) x25 0xfffff9ad
core   0: 0x80005b04 (0xc74deb13) ori     s6, s11, -908
core   0: 3 0x80005b04 (0xc74deb13) x22 0xfffffdff
core   0: 0x80005b08 (0x01074b33) xor     s6, a4, a6
core   0: 3 0x80005b08 (0x01074b33) x22 0x67af811b
core   0: 0x80005b0c (0x012cf0b3) and     ra, s9, s2
core   0: 3 0x80005b0c (0x012cf0b3) x 1 0x00000000
core   0: 0x80005b10 (0x22e0a213) slti    tp, ra, 558
core   0: 3 0x80005b10 (0x22e0a213) x 4 0x00000001
core   0: 0x80005b14 (0xe6ca0f93) addi    t6, s4, -404
core   0: 3 0x80005b14 (0xe6ca0f93) x31 0x7ffffe6c
core   0: 0x80005b18 (0x00321a93) slli    s5, tp, 3
core   0: 3 0x80005b18 (0x00321a93) x21 0x00000008
core   0: 0x80005b1c (0x00000013) nop
core   0: 3 0x80005b1c (0x00000013)
core   0: 0x80005b20 (0x38dd0713) addi    a4, s10, 909
core   0: 3 0x80005b20 (0x38dd0713) x14 0x40b7738d
core   0: 0x80005b24 (0x41b8d593) srai    a1, a7, 27
core   0: 3 0x80005b24 (0x41b8d593) x11 0x00000000
core   0: 0x80005b28 (0x01654133) xor     sp, a0, s6
core   0: 3 0x80005b28 (0x01654133) x 2 0x9669dbf3
core   0: 0x80005b2c (0x00eea4b3) slt     s1, t4, a4
core   0: 3 0x80005b2c (0x00eea4b3) x 9 0x00000001
core   0: 0x80005b30 (0x41095713) srai    a4, s2, 16
core   0: 3 0x80005b30 (0x41095713) x14 0x00000000
core   0: 0x80005b34 (0x0004b2b3) sltu    t0, s1, zero
core   0: 3 0x80005b34 (0x0004b2b3) x 5 0x00000000
core   0: 0x80005b38 (0x40c95293) srai    t0, s2, 12
core   0: 3 0x80005b38 (0x40c95293) x 5 0x00000000
core   0: 0x80005b3c (0x0134b933) sltu    s2, s1, s3
core   0: 3 0x80005b3c (0x0134b933) x18 0x00000000
core   0: 0x80005b40 (0xc6a4ee13) ori     t3, s1, -918
core   0: 3 0x80005b40 (0xc6a4ee13) x28 0xfffffc6b
core   0: 0x80005b44 (0x5fc3c813) xori    a6, t2, 1532
core   0: 3 0x80005b44 (0x5fc3c813) x16 0x80011b98
core   0: 0x80005b48 (0x01565413) srli    s0, a2, 21
core   0: 3 0x80005b48 (0x01565413) x 8 0x00000400
core   0: 0x80005b4c (0x4bd0a193) slti    gp, ra, 1213
core   0: 3 0x80005b4c (0x4bd0a193) x 3 0x00000001
core   0: 0x80005b50 (0x019781b3) add     gp, a5, s9
core   0: 3 0x80005b50 (0x019781b3) x 3 0xe7aeca8c
core   0: 0x80005b54 (0x01e34b33) xor     s6, t1, t5
core   0: 3 0x80005b54 (0x01e34b33) x22 0x00040000
core   0: 0x80005b58 (0x406906b3) sub     a3, s2, t1
core   0: 3 0x80005b58 (0x406906b3) x13 0xfffc0000
core   0: 0x80005b5c (0x01f1dd93) srli    s11, gp, 31
core   0: 3 0x80005b5c (0x01f1dd93) x27 0x00000001
core   0: 0x80005b60 (0x15dfcd93) xori    s11, t6, 349
core   0: 3 0x80005b60 (0x15dfcd93) x27 0x7fffff31
core   0: 0x80005b64 (0x003f9913) slli    s2, t6, 3
core   0: 3 0x80005b64 (0x003f9913) x18 0xfffff360
core   0: 0x80005b68 (0x010bdf33) srl     t5, s7, a6
core   0: 3 0x80005b68 (0x010bdf33) x30 0x00000000
core   0: 0x80005b6c (0x40f3d233) sra     tp, t2, a5
core   0: 3 0x80005b6c (0x40f3d233) x 4 0xffffffff
core   0: 0x80005b70 (0xbd090a93) addi    s5, s2, -1072
core   0: 3 0x80005b70 (0xbd090a93) x21 0xffffef30
core   0: 0x80005b74 (0x2fdc6f13) ori     t5, s8, 765
core   0: 3 0x80005b74 (0x2fdc6f13) x30 0x000002fd
core   0: 0x80005b78 (0x00015db3) srl     s11, sp, zero
core   0: 3 0x80005b78 (0x00015db3) x27 0x9669dbf3
core   0: 0x80005b7c (0xf9e88713) addi    a4, a7, -98
core   0: 3 0x80005b7c (0xf9e88713) x14 0xffffff9e
core   0: 0x80005b80 (0x3523c413) xori    s0, t2, 850
core   0: 3 0x80005b80 (0x3523c413) x 8 0x80011d36
core   0: 0x80005b84 (0x0145e333) or      t1, a1, s4
core   0: 3 0x80005b84 (0x0145e333) x 6 0x80000000
core   0: 0x80005b88 (0x01aad093) srli    ra, s5, 26
core   0: 3 0x80005b88 (0x01aad093) x 1 0x0000003f
core   0: 0x80005b8c (0x414e5033) sra     zero, t3, s4
core   0: 3 0x80005b8c (0x414e5033)
core   0: 0x80005b90 (0x789fe437) lui     s0, 0x789fe
core   0: 3 0x80005b90 (0x789fe437) x 8 0x789fe000
core   0: 0x80005b94 (0x7224bf93) sltiu   t6, s1, 1826
core   0: 3 0x80005b94 (0x7224bf93) x31 0x00000001
core   0: 0x80005b98 (0xb4fd6c13) ori     s8, s10, -1201
core   0: 3 0x80005b98 (0xb4fd6c13) x24 0xfffffb4f
core   0: 0x80005b9c (0x006addb3) srl     s11, s5, t1
core   0: 3 0x80005b9c (0x006addb3) x27 0xffffef30
core   0: 0x80005ba0 (0x401bd333) sra     t1, s7, ra
core   0: 3 0x80005ba0 (0x401bd333) x 6 0x00000000
core   0: 0x80005ba4 (0x015a0533) add     a0, s4, s5
core   0: 3 0x80005ba4 (0x015a0533) x10 0x7fffef30
core   0: 0x80005ba8 (0x0122a833) slt     a6, t0, s2
core   0: 3 0x80005ba8 (0x0122a833) x16 0x00000000
core   0: 0x80005bac (0x00fde8b3) or      a7, s11, a5
core   0: 3 0x80005bac (0x00fde8b3) x17 0xffffffff
core   0: 0x80005bb0 (0x00d950b3) srl     ra, s2, a3
core   0: 3 0x80005bb0 (0x00d950b3) x 1 0xfffff360
core   0: 0x80005bb4 (0x000f3f33) sltu    t5, t5, zero
core   0: 3 0x80005bb4 (0x000f3f33) x30 0x00000000
core   0: 0x80005bb8 (0x83936c93) ori     s9, t1, -1991
core   0: 3 0x80005bb8 (0x83936c93) x25 0xfffff839
core   0: 0x80005bbc (0xdd7c3c13) sltiu   s8, s8, -553
core   0: 3 0x80005bbc (0xdd7c3c13) x24 0x00000001
core   0: 0x80005bc0 (0xb7662113) slti    sp, a2, -1162
core   0: 3 0x80005bc0 (0xb7662113) x 2 0x00000001
core   0: 0x80005bc4 (0x00b6d233) srl     tp, a3, a1
core   0: 3 0x80005bc4 (0x00b6d233) x 4 0xfffc0000
core   0: 0x80005bc8 (0x00b724b3) slt     s1, a4, a1
core   0: 3 0x80005bc8 (0x00b724b3) x 9 0x00000001
core   0: 0x80005bcc (0x7fd4b713) sltiu   a4, s1, 2045
core   0: 3 0x80005bcc (0x7fd4b713) x14 0x00000001
core   0: 0x80005bd0 (0x11954517) auipc   a0, 0x11954
core   0: 3 0x80005bd0 (0x11954517) x10 0x91959bd0
core   0: 0x80005bd4 (0xe3fae413) ori     s0, s5, -449
core   0: 3 0x80005bd4 (0xe3fae413) x 8 0xffffff3f
core   0: 0x80005bd8 (0x407edf93) srai    t6, t4, 7
core   0: 3 0x80005bd8 (0x407edf93) x31 0x00000000
core   0: 0x80005bdc (0xa9b96413) ori     s0, s2, -1381
core   0: 3 0x80005bdc (0xa9b96413) x 8 0xfffffbfb
core   0: 0x80005be0 (0x012ada13) srli    s4, s5, 18
core   0: 3 0x80005be0 (0x012ada13) x20 0x00003fff
core   0: 0x80005be4 (0x410306b3) sub     a3, t1, a6
core   0: 3 0x80005be4 (0x410306b3) x13 0x00000000
core   0: 0x80005be8 (0x00cfceb3) xor     t4, t6, a2
core   0: 3 0x80005be8 (0x00cfceb3) x29 0x80015ce4
core   0: 0x80005bec (0x01f65c13) srli    s8, a2, 31
core   0: 3 0x80005bec (0x01f65c13) x24 0x00000001
core   0: 0x80005bf0 (0x0095abb3) slt     s7, a1, s1
core   0: 3 0x80005bf0 (0x0095abb3) x23 0x00000001
core   0: 0x80005bf4 (0x00dd9033) sll     zero, s11, a3
core   0: 3 0x80005bf4 (0x00dd9033)
core   0: 0x80005bf8 (0x017115b3) sll     a1, sp, s7
core   0: 3 0x80005bf8 (0x017115b3) x11 0x00000002
core   0: 0x80005bfc (0x01185433) srl     s0, a6, a7
core   0: 3 0x80005bfc (0x01185433) x 8 0x00000000
core   0: 0x80005c00 (0x00727093) andi    ra, tp, 7
core   0: 3 0x80005c00 (0x00727093) x 1 0x00000000
core   0: 0x80005c04 (0x415ed313) srai    t1, t4, 21
core   0: 3 0x80005c04 (0x415ed313) x 6 0xfffffc00
core   0: 0x80005c08 (0x00e83833) sltu    a6, a6, a4
core   0: 3 0x80005c08 (0x00e83833) x16 0x00000001
core   0: 0x80005c0c (0x012066b3) or      a3, zero, s2
core   0: 3 0x80005c0c (0x012066b3) x13 0xfffff360
core   0: 0x80005c10 (0x0122eb33) or      s6, t0, s2
core   0: 3 0x80005c10 (0x0122eb33) x22 0xfffff360
core   0: 0x80005c14 (0xcdc9b193) sltiu   gp, s3, -804
core   0: 3 0x80005c14 (0xcdc9b193) x 3 0x00000001
core   0: 0x80005c18 (0x01ebc0b3) xor     ra, s7, t5
core   0: 3 0x80005c18 (0x01ebc0b3) x 1 0x00000001
core   0: 0x80005c1c (0x01e0d817) auipc   a6, 0x1e0d
core   0: 3 0x80005c1c (0x01e0d817) x16 0x81e12c1c
core   0: 0x80005c20 (0x4193df93) srai    t6, t2, 25
core   0: 3 0x80005c20 (0x4193df93) x31 0xffffffc0
core   0: 0x80005c24 (0x4fc3c213) xori    tp, t2, 1276
core   0: 3 0x80005c24 (0x4fc3c213) x 4 0x80011a98
core   0: 0x80005c28 (0x00b15313) srli    t1, sp, 11
core   0: 3 0x80005c28 (0x00b15313) x 6 0x00000000
core   0: 0x80005c2c (0xe8f2b093) sltiu   ra, t0, -369
core   0: 3 0x80005c2c (0xe8f2b093) x 1 0x00000001
core   0: 0x80005c30 (0x2aa07813) andi    a6, zero, 682
core   0: 3 0x80005c30 (0x2aa07813) x16 0x00000000
core   0: 0x80005c34 (0x01832333) slt     t1, t1, s8
core   0: 3 0x80005c34 (0x01832333) x 6 0x00000001
core   0: 0x80005c38 (0x002c1913) slli    s2, s8, 2
core   0: 3 0x80005c38 (0x002c1913) x18 0x00000004
core   0: 0x80005c3c (0x88d57c13) andi    s8, a0, -1907
core   0: 3 0x80005c3c (0x88d57c13) x24 0x91959880
core   0: 0x80005c40 (0x00d62833) slt     a6, a2, a3
core   0: 3 0x80005c40 (0x00d62833) x16 0x00000001
core   0: 0x80005c44 (0x7ef47493) andi    s1, s0, 2031
core   0: 3 0x80005c44 (0x7ef47493) x 9 0x00000000
core   0: 0x80005c48 (0x41dddf93) srai    t6, s11, 29
core   0: 3 0x80005c48 (0x41dddf93) x31 0xffffffff
core   0: 0x80005c4c (0x007e2833) slt     a6, t3, t2
core   0: 3 0x80005c4c (0x007e2833) x16 0x00000000
core   0: 0x80005c50 (0x00005413) srli    s0, zero, 0
core   0: 3 0x80005c50 (0x00005413) x 8 0x00000000
core   0: 0x80005c54 (0x0186a333) slt     t1, a3, s8
core   0: 3 0x80005c54 (0x0186a333) x 6 0x00000000
core   0: 0x80005c58 (0xb54ef413) andi    s0, t4, -1196
core   0: 3 0x80005c58 (0xb54ef413) x 8 0x80015844
core   0: 0x80005c5c (0xfc56fa97) auipc   s5, 0xfc56f
core   0: 3 0x80005c5c (0xfc56fa97) x21 0x7c574c5c
core   0: 0x80005c60 (0x66b76f37) lui     t5, 0x66b76
core   0: 3 0x80005c60 (0x66b76f37) x30 0x66b76000
core   0: 0x80005c64 (0x00f35113) srli    sp, t1, 15
core   0: 3 0x80005c64 (0x00f35113) x 2 0x00000000
core   0: 0x80005c68 (0x0085e0b3) or      ra, a1, s0
core   0: 3 0x80005c68 (0x0085e0b3) x 1 0x80015846
core   0: 0x80005c6c (0x3fa47d13) andi    s10, s0, 1018
core   0: 3 0x80005c6c (0x3fa47d13) x26 0x00000040
core   0: 0x80005c70 (0x40525e33) sra     t3, tp, t0
core   0: 3 0x80005c70 (0x40525e33) x28 0x80011a98
core   0: 0x80005c74 (0x017fdc93) srli    s9, t6, 23
core   0: 3 0x80005c74 (0x017fdc93) x25 0x000001ff
core   0: 0x80005c78 (0xa9493913) sltiu   s2, s2, -1388
core   0: 3 0x80005c78 (0xa9493913) x18 0x00000001
core   0: 0x80005c7c (0x01a64333) xor     t1, a2, s10
core   0: 3 0x80005c7c (0x01a64333) x 6 0x80015ca4
core   0: 0x80005c80 (0x01179e33) sll     t3, a5, a7
core   0: 3 0x80005c80 (0x01179e33) x28 0x80000000
core   0: 0x80005c84 (0xb5a61197) auipc   gp, 0xb5a61
core   0: 3 0x80005c84 (0xb5a61197) x 3 0x35a66c84
core   0: 0x80005c88 (0x00da1093) slli    ra, s4, 13
core   0: 3 0x80005c88 (0x00da1093) x 1 0x07ffe000
core   0: 0x80005c8c (0x0015e933) or      s2, a1, ra
core   0: 3 0x80005c8c (0x0015e933) x18 0x07ffe002
core   0: 0x80005c90 (0xdf43a293) slti    t0, t2, -524
core   0: 3 0x80005c90 (0xdf43a293) x 5 0x00000001
core   0: 0x80005c94 (0x9593a717) auipc   a4, 0x9593a
core   0: 3 0x80005c94 (0x9593a717) x14 0x1593fc94
core   0: 0x80005c98 (0x00b89713) slli    a4, a7, 11
core   0: 3 0x80005c98 (0x00b89713) x14 0xfffff800
core   0: 0x80005c9c (0x00591713) slli    a4, s2, 5
core   0: 3 0x80005c9c (0x00591713) x14 0xfffc0040
core   0: 0x80005ca0 (0x0065f233) and     tp, a1, t1
core   0: 3 0x80005ca0 (0x0065f233) x 4 0x00000000
core   0: 0x80005ca4 (0x017df733) and     a4, s11, s7
core   0: 3 0x80005ca4 (0x017df733) x14 0x00000000
core   0: 0x80005ca8 (0x00932233) slt     tp, t1, s1
core   0: 3 0x80005ca8 (0x00932233) x 4 0x00000001
core   0: 0x80005cac (0x02483a13) sltiu   s4, a6, 36
core   0: 3 0x80005cac (0x02483a13) x20 0x00000001
core   0: 0x80005cb0 (0x01f0ae33) slt     t3, ra, t6
core   0: 3 0x80005cb0 (0x01f0ae33) x28 0x00000000
core   0: 0x80005cb4 (0x00ab9e93) slli    t4, s7, 10
core   0: 3 0x80005cb4 (0x00ab9e93) x29 0x00000400
core   0: 0x80005cb8 (0x46710817) auipc   a6, 0x46710
core   0: 3 0x80005cb8 (0x46710817) x16 0xc6715cb8
core   0: 0x80005cbc (0x92594813) xori    a6, s2, -1755
core   0: 3 0x80005cbc (0x92594813) x16 0xf8001927
core   0: 0x80005cc0 (0x00192fb3) slt     t6, s2, ra
core   0: 3 0x80005cc0 (0x00192fb3) x31 0x00000000
core   0: 0x80005cc4 (0x0156a6b3) slt     a3, a3, s5
core   0: 3 0x80005cc4 (0x0156a6b3) x13 0x00000001
core   0: 0x80005cc8 (0x04900b93) li      s7, 73
core   0: 3 0x80005cc8 (0x04900b93) x23 0x00000049
core   0: 0x80005ccc (0x018b4bb3) xor     s7, s6, s8
core   0: 3 0x80005ccc (0x018b4bb3) x23 0x6e6a6be0
core   0: 0x80005cd0 (0x40ea0433) sub     s0, s4, a4
core   0: 3 0x80005cd0 (0x40ea0433) x 8 0x00000001
core   0: 0x80005cd4 (0x00ef15b3) sll     a1, t5, a4
core   0: 3 0x80005cd4 (0x00ef15b3) x11 0x66b76000
core   0: 0x80005cd8 (0xf9d23713) sltiu   a4, tp, -99
core   0: 3 0x80005cd8 (0xf9d23713) x14 0x00000001
core   0: 0x80005cdc (0x00587db3) and     s11, a6, t0
core   0: 3 0x80005cdc (0x00587db3) x27 0x00000001
core   0: 0x80005ce0 (0x00329b93) slli    s7, t0, 3
core   0: 3 0x80005ce0 (0x00329b93) x23 0x00000008
core   0: 0x80005ce4 (0x01bfffb3) and     t6, t6, s11
core   0: 3 0x80005ce4 (0x01bfffb3) x31 0x00000000
core   0: 0x80005ce8 (0x00000013) nop
core   0: 3 0x80005ce8 (0x00000013)
core   0: 0x80005cec (0x01b4d513) srli    a0, s1, 27
core   0: 3 0x80005cec (0x01b4d513) x10 0x00000000
core   0: 0x80005cf0 (0x30ff2937) lui     s2, 0x30ff2
core   0: 3 0x80005cf0 (0x30ff2937) x18 0x30ff2000
core   0: 0x80005cf4 (0xc8c78993) addi    s3, a5, -884
core   0: 3 0x80005cf4 (0xc8c78993) x19 0xe7aecd6b
core   0: 0x80005cf8 (0x41ff5ab3) sra     s5, t5, t6
core   0: 3 0x80005cf8 (0x41ff5ab3) x21 0x66b76000
core   0: 0x80005cfc (0x018f68b3) or      a7, t5, s8
core   0: 3 0x80005cfc (0x018f68b3) x17 0xf7b7f880
core   0: 0x80005d00 (0x00f518b3) sll     a7, a0, a5
core   0: 3 0x80005d00 (0x00f518b3) x17 0x00000000
core   0: 0x80005d04 (0x00000013) nop
core   0: 3 0x80005d04 (0x00000013)
core   0: 0x80005d08 (0x00000013) nop
core   0: 3 0x80005d08 (0x00000013)
core   0: 0x80005d0c (0x00d3c9b3) xor     s3, t2, a3
core   0: 3 0x80005d0c (0x00d3c9b3) x19 0x80011e65
core   0: 0x80005d10 (0x01881cb3) sll     s9, a6, s8
core   0: 3 0x80005d10 (0x01881cb3) x25 0xf8001927
core   0: 0x80005d14 (0x25d03413) sltiu   s0, zero, 605
core   0: 3 0x80005d14 (0x25d03413) x 8 0x00000001
core   0: 0x80005d18 (0x43026813) ori     a6, tp, 1072
core   0: 3 0x80005d18 (0x43026813) x16 0x00000431
core   0: 0x80005d1c (0x3f697713) andi    a4, s2, 1014
core   0: 3 0x80005d1c (0x3f697713) x14 0x00000000
core   0: 0x80005d20 (0x55b08413) addi    s0, ra, 1371
core   0: 3 0x80005d20 (0x55b08413) x 8 0x07ffe55b
core   0: 0x80005d24 (0x00080db3) add     s11, a6, zero
core   0: 3 0x80005d24 (0x00080db3) x27 0x00000431
core   0: 0x80005d28 (0xcca77a93) andi    s5, a4, -822
core   0: 3 0x80005d28 (0xcca77a93) x21 0x00000000
core   0: 0x80005d2c (0xe54bbc93) sltiu   s9, s7, -428
core   0: 3 0x80005d2c (0xe54bbc93) x25 0x00000001
core   0: 0x80005d30 (0x00b93033) sltu    zero, s2, a1
core   0: 3 0x80005d30 (0x00b93033)
core   0: 0x80005d34 (0x37de6213) ori     tp, t3, 893
core   0: 3 0x80005d34 (0x37de6213) x 4 0x0000037d
core   0: 0x80005d38 (0x01ab9113) slli    sp, s7, 26
core   0: 3 0x80005d38 (0x01ab9113) x 2 0x20000000
core   0: 0x80005d3c (0x90357313) andi    t1, a0, -1789
core   0: 3 0x80005d3c (0x90357313) x 6 0x00000000
core   0: 0x80005d40 (0x40d38133) sub     sp, t2, a3
core   0: 3 0x80005d40 (0x40d38133) x 2 0x80011e63
core   0: 0x80005d44 (0xace7e993) ori     s3, a5, -1330
core   0: 3 0x80005d44 (0xace7e993) x19 0xfffffadf
core   0: 0x80005d48 (0x6e7106b7) lui     a3, 0x6e710
core   0: 3 0x80005d48 (0x6e7106b7) x13 0x6e710000
core   0: 0x80005d4c (0x01c135b3) sltu    a1, sp, t3
core   0: 3 0x80005d4c (0x01c135b3) x11 0x00000000
core   0: 0x80005d50 (0x41968433) sub     s0, a3, s9
core   0: 3 0x80005d50 (0x41968433) x 8 0x6e70ffff
core   0: 0x80005d54 (0x7adb4513) xori    a0, s6, 1965
core   0: 3 0x80005d54 (0x7adb4513) x10 0xfffff4cd
core   0: 0x80005d58 (0x00530133) add     sp, t1, t0
core   0: 3 0x80005d58 (0x00530133) x 2 0x00000001
core   0: 0x80005d5c (0x001b6c33) or      s8, s6, ra
core   0: 3 0x80005d5c (0x001b6c33) x24 0xfffff360
core   0: 0x80005d60 (0x41b6d413) srai    s0, a3, 27
core   0: 3 0x80005d60 (0x41b6d413) x 8 0x0000000d
core   0: 0x80005d64 (0xcc604713) xori    a4, zero, -826
core   0: 3 0x80005d64 (0xcc604713) x14 0xfffffcc6
core   0: 0x80005d68 (0x005d4f33) xor     t5, s10, t0
core   0: 3 0x80005d68 (0x005d4f33) x30 0x00000041
core   0: 0x80005d6c (0x004e32b3) sltu    t0, t3, tp
core   0: 3 0x80005d6c (0x004e32b3) x 5 0x00000001
core   0: 0x80005d70 (0x41ac8cb3) sub     s9, s9, s10
core   0: 3 0x80005d70 (0x41ac8cb3) x25 0xffffffc1
core   0: 0x80005d74 (0xd8363997) auipc   s3, 0xd8363
core   0: 3 0x80005d74 (0xd8363997) x19 0x58368d74
core   0: 0x80005d78 (0x760d3d13) sltiu   s10, s10, 1888
core   0: 3 0x80005d78 (0x760d3d13) x26 0x00000001
core   0: 0x80005d7c (0x00325713) srli    a4, tp, 3
core   0: 3 0x80005d7c (0x00325713) x14 0x0000006f
core   0: 0x80005d80 (0x00950133) add     sp, a0, s1
core   0: 3 0x80005d80 (0x00950133) x 2 0xfffff4cd
core   0: 0x80005d84 (0x000355b3) srl     a1, t1, zero
core   0: 3 0x80005d84 (0x000355b3) x11 0x00000000
core   0: 0x80005d88 (0x001dedb3) or      s11, s11, ra
core   0: 3 0x80005d88 (0x001dedb3) x27 0x07ffe431
core   0: 0x80005d8c (0x4193de33) sra     t3, t2, s9
core   0: 3 0x80005d8c (0x4193de33) x28 0xc0008f32
core   0: 0x80005d90 (0x8a1dc317) auipc   t1, 0x8a1dc
core   0: 3 0x80005d90 (0x8a1dc317) x 6 0x0a1e1d90
core   0: 0x80005d94 (0x6f87b593) sltiu   a1, a5, 1784
core   0: 3 0x80005d94 (0x6f87b593) x11 0x00000000
core   0: 0x80005d98 (0x00c38e33) add     t3, t2, a2
core   0: 3 0x80005d98 (0x00c38e33) x28 0x00027b48
core   0: 0x80005d9c (0x0039bc33) sltu    s8, s3, gp
core   0: 3 0x80005d9c (0x0039bc33) x24 0x00000000
core   0: 0x80005da0 (0x40315b13) srai    s6, sp, 3
core   0: 3 0x80005da0 (0x40315b13) x22 0xfffffe99
core   0: 0x80005da4 (0xf7f64313) xori    t1, a2, -129
core   0: 3 0x80005da4 (0xf7f64313) x 6 0x7ffea39b
core   0: 0x80005da8 (0x01b9f033) and     zero, s3, s11
core   0: 3 0x80005da8 (0x01b9f033)
core   0: 0x80005dac (0x014400b3) add     ra, s0, s4
core   0: 3 0x80005dac (0x014400b3) x 1 0x0000000e
core   0: 0x80005db0 (0x400d5a13) srai    s4, s10, 0
core   0: 3 0x80005db0 (0x400d5a13) x20 0x00000001
core   0: 0x80005db4 (0xa030b537) lui     a0, 0xa030b
core   0: 3 0x80005db4 (0xa030b537) x10 0xa030b000
core   0: 0x80005db8 (0x41aad433) sra     s0, s5, s10
core   0: 3 0x80005db8 (0x41aad433) x 8 0x00000000
core   0: 0x80005dbc (0x00ed6133) or      sp, s10, a4
core   0: 3 0x80005dbc (0x00ed6133) x 2 0x0000006f
core   0: 0x80005dc0 (0x0161bc33) sltu    s8, gp, s6
core   0: 3 0x80005dc0 (0x0161bc33) x24 0x00000001
core   0: 0x80005dc4 (0x007ecc33) xor     s8, t4, t2
core   0: 3 0x80005dc4 (0x007ecc33) x24 0x80011a64
core   0: 0x80005dc8 (0x413e5b33) sra     s6, t3, s3
core   0: 3 0x80005dc8 (0x413e5b33) x22 0x00000000
core   0: 0x80005dcc (0xd6d76713) ori     a4, a4, -659
core   0: 3 0x80005dcc (0xd6d76713) x14 0xfffffd6f
core   0: 0x80005dd0 (0x06dca293) slti    t0, s9, 109
core   0: 3 0x80005dd0 (0x06dca293) x 5 0x00000001
core   0: 0x80005dd4 (0x01085913) srli    s2, a6, 16
core   0: 3 0x80005dd4 (0x01085913) x18 0x00000000
core   0: 0x80005dd8 (0x019651b3) srl     gp, a2, s9
core   0: 3 0x80005dd8 (0x019651b3) x 3 0x4000ae72
core   0: 0x80005ddc (0x78d80813) addi    a6, a6, 1933
core   0: 3 0x80005ddc (0x78d80813) x16 0x00000bbe
core   0: 0x80005de0 (0x016168b3) or      a7, sp, s6
core   0: 3 0x80005de0 (0x016168b3) x17 0x0000006f
core   0: 0x80005de4 (0xb7f59e17) auipc   t3, 0xb7f59
core   0: 3 0x80005de4 (0xb7f59e17) x28 0x37f5ede4
core   0: 0x80005de8 (0x010319b3) sll     s3, t1, a6
core   0: 3 0x80005de8 (0x010319b3) x19 0xc0000000
core   0: 0x80005dec (0x004e8a33) add     s4, t4, tp
core   0: 3 0x80005dec (0x004e8a33) x20 0x0000077d
core   0: 0x80005df0 (0xff27f593) andi    a1, a5, -14
core   0: 3 0x80005df0 (0xff27f593) x11 0xe7aed0d2
core   0: 0x80005df4 (0x0cd1dc97) auipc   s9, 0xcd1d
core   0: 3 0x80005df4 (0x0cd1dc97) x25 0x8cd22df4
core   0: 0x80005df8 (0x00d73bb3) sltu    s7, a4, a3
core   0: 3 0x80005df8 (0x00d73bb3) x23 0x00000000
core   0: 0x80005dfc (0x40025b93) srai    s7, tp, 0
core   0: 3 0x80005dfc (0x40025b93) x23 0x0000037d
core   0: 0x80005e00 (0xda9e4013) xori    zero, t3, -599
core   0: 3 0x80005e00 (0xda9e4013)
core   0: 0x80005e04 (0x404e5bb3) sra     s7, t3, tp
core   0: 3 0x80005e04 (0x404e5bb3) x23 0x00000001
core   0: 0x80005e08 (0x01fe7a33) and     s4, t3, t6
core   0: 3 0x80005e08 (0x01fe7a33) x20 0x00000000
core   0: 0x80005e0c (0x00b6a6b3) slt     a3, a3, a1
core   0: 3 0x80005e0c (0x00b6a6b3) x13 0x00000000
core   0: 0x80005e10 (0x009fb833) sltu    a6, t6, s1
core   0: 3 0x80005e10 (0x009fb833) x16 0x00000000
core   0: 0x80005e14 (0x40715933) sra     s2, sp, t2
core   0: 3 0x80005e14 (0x40715933) x18 0x00000006
core   0: 0x80005e18 (0x00f96e33) or      t3, s2, a5
core   0: 3 0x80005e18 (0x00f96e33) x28 0xe7aed0df
core   0: 0x80005e1c (0x0190abb3) slt     s7, ra, s9
core   0: 3 0x80005e1c (0x0190abb3) x23 0x00000000
core   0: 0x80005e20 (0xe131ec93) ori     s9, gp, -493
core   0: 3 0x80005e20 (0xe131ec93) x25 0xfffffe73
core   0: 0x80005e24 (0x3a9b8e93) addi    t4, s7, 937
core   0: 3 0x80005e24 (0x3a9b8e93) x29 0x000003a9
core   0: 0x80005e28 (0x41f2d133) sra     sp, t0, t6
core   0: 3 0x80005e28 (0x41f2d133) x 2 0x00000001
core   0: 0x80005e2c (0x0092ecb3) or      s9, t0, s1
core   0: 3 0x80005e2c (0x0092ecb3) x25 0x00000001
core   0: 0x80005e30 (0x36dabe37) lui     t3, 0x36dab
core   0: 3 0x80005e30 (0x36dabe37) x28 0x36dab000
core   0: 0x80005e34 (0x016946b3) xor     a3, s2, s6
core   0: 3 0x80005e34 (0x016946b3) x13 0x00000006
core   0: 0x80005e38 (0x00f26133) or      sp, tp, a5
core   0: 3 0x80005e38 (0x00f26133) x 2 0xe7aed3ff
core   0: 0x80005e3c (0x00000013) nop
core   0: 3 0x80005e3c (0x00000013)
core   0: 0x80005e40 (0x7007f593) andi    a1, a5, 1792
core   0: 3 0x80005e40 (0x7007f593) x11 0x00000000
core   0: 0x80005e44 (0x00000013) nop
core   0: 3 0x80005e44 (0x00000013)
core   0: 0x80005e48 (0x00000013) nop
core   0: 3 0x80005e48 (0x00000013)
core   0: 0x80005e4c (0x401902b3) sub     t0, s2, ra
core   0: 3 0x80005e4c (0x401902b3) x 5 0xfffffff8
core   0: 0x80005e50 (0x40cd88b3) sub     a7, s11, a2
core   0: 3 0x80005e50 (0x40cd88b3) x17 0x87fe874d
core   0: 0x80005e54 (0x01abd6b3) srl     a3, s7, s10
core   0: 3 0x80005e54 (0x01abd6b3) x13 0x00000000
core   0: 0x80005e58 (0x003f1733) sll     a4, t5, gp
core   0: 3 0x80005e58 (0x003f1733) x14 0x01040000
core   0: 0x80005e5c (0x016230b3) sltu    ra, tp, s6
core   0: 3 0x80005e5c (0x016230b3) x 1 0x00000000
core   0: 0x80005e60 (0x13e50213) addi    tp, a0, 318
core   0: 3 0x80005e60 (0x13e50213) x 4 0xa030b13e
core   0: 0x80005e64 (0x3680b093) sltiu   ra, ra, 872
core   0: 3 0x80005e64 (0x3680b093) x 1 0x00000001
core   0: 0x80005e68 (0x0054d1b3) srl     gp, s1, t0
core   0: 3 0x80005e68 (0x0054d1b3) x 3 0x00000000
core   0: 0x80005e6c (0x40015833) sra     a6, sp, zero
core   0: 3 0x80005e6c (0x40015833) x16 0xe7aed3ff
core   0: 0x80005e70 (0xb8a2c137) lui     sp, 0xb8a2c
core   0: 3 0x80005e70 (0xb8a2c137) x 2 0xb8a2c000
core   0: 0x80005e74 (0x4d983093) sltiu   ra, a6, 1241
core   0: 3 0x80005e74 (0x4d983093) x 1 0x00000000
core   0: 0x80005e78 (0xa6378b93) addi    s7, a5, -1437
core   0: 3 0x80005e78 (0xa6378b93) x23 0xe7aecb42
core   0: 0x80005e7c (0x015cd2b3) srl     t0, s9, s5
core   0: 3 0x80005e7c (0x015cd2b3) x 5 0x00000001
core   0: 0x80005e80 (0x00d17ab3) and     s5, sp, a3
core   0: 3 0x80005e80 (0x00d17ab3) x21 0x00000000
core   0: 0x80005e84 (0x004dbbb3) sltu    s7, s11, tp
core   0: 3 0x80005e84 (0x004dbbb3) x23 0x00000001
core   0: 0x80005e88 (0x0d117d13) andi    s10, sp, 209
core   0: 3 0x80005e88 (0x0d117d13) x26 0x00000000
core   0: 0x80005e8c (0x00040133) add     sp, s0, zero
core   0: 3 0x80005e8c (0x00040133) x 2 0x00000000
core   0: 0x80005e90 (0xb323e013) ori     zero, t2, -1230
core   0: 3 0x80005e90 (0xb323e013)
core   0: 0x80005e94 (0x626bff13) andi    t5, s7, 1574
core   0: 3 0x80005e94 (0x626bff13) x30 0x00000000
core   0: 0x80005e98 (0x00fe6fb3) or      t6, t3, a5
core   0: 3 0x80005e98 (0x00fe6fb3) x31 0xf7fef0df
core   0: 0x80005e9c (0x336c2a13) slti    s4, s8, 822
core   0: 3 0x80005e9c (0x336c2a13) x20 0x00000001
core   0: 0x80005ea0 (0x69f56493) ori     s1, a0, 1695
core   0: 3 0x80005ea0 (0x69f56493) x 9 0xa030b69f
core   0: 0x80005ea4 (0x01bef733) and     a4, t4, s11
core   0: 3 0x80005ea4 (0x01bef733) x14 0x00000021
core   0: 0x80005ea8 (0x00a25b33) srl     s6, tp, a0
core   0: 3 0x80005ea8 (0x00a25b33) x22 0xa030b13e
core   0: 0x80005eac (0x0a4c4213) xori    tp, s8, 164
core   0: 3 0x80005eac (0x0a4c4213) x 4 0x80011ac0
core   0: 0x80005eb0 (0x5660b593) sltiu   a1, ra, 1382
core   0: 3 0x80005eb0 (0x5660b593) x11 0x00000001
core   0: 0x80005eb4 (0x0153f8b3) and     a7, t2, s5
core   0: 3 0x80005eb4 (0x0153f8b3) x17 0x00000000
core   0: 0x80005eb8 (0x00c13233) sltu    tp, sp, a2
core   0: 3 0x80005eb8 (0x00c13233) x 4 0x00000001
core   0: 0x80005ebc (0x01558bb3) add     s7, a1, s5
core   0: 3 0x80005ebc (0x01558bb3) x23 0x00000001
core   0: 0x80005ec0 (0x4cb4d297) auipc   t0, 0x4cb4d
core   0: 3 0x80005ec0 (0x4cb4d297) x 5 0xccb52ec0
core   0: 0x80005ec4 (0x47d9bf13) sltiu   t5, s3, 1149
core   0: 3 0x80005ec4 (0x47d9bf13) x30 0x00000000
core   0: 0x80005ec8 (0x4039d733) sra     a4, s3, gp
core   0: 3 0x80005ec8 (0x4039d733) x14 0xc0000000
core   0: 0x80005ecc (0x41788c33) sub     s8, a7, s7
core   0: 3 0x80005ecc (0x41788c33) x24 0xffffffff
core   0: 0x80005ed0 (0x41375e93) srai    t4, a4, 19
core   0: 3 0x80005ed0 (0x41375e93) x29 0xfffff800
core   0: 0x80005ed4 (0x4178dab3) sra     s5, a7, s7
core   0: 3 0x80005ed4 (0x4178dab3) x21 0x00000000
core   0: 0x80005ed8 (0xba6e0413) addi    s0, t3, -1114
core   0: 3 0x80005ed8 (0xba6e0413) x 8 0x36daaba6
core   0: 0x80005edc (0x52b44f97) auipc   t6, 0x52b44
core   0: 3 0x80005edc (0x52b44f97) x31 0xd2b49edc
core   0: 0x80005ee0 (0x7f776d13) ori     s10, a4, 2039
core   0: 3 0x80005ee0 (0x7f776d13) x26 0xc00007f7
core   0: 0x80005ee4 (0x50c43e13) sltiu   t3, s0, 1292
core   0: 3 0x80005ee4 (0x50c43e13) x28 0x00000000
core   0: 0x80005ee8 (0xb6394513) xori    a0, s2, -1181
core   0: 3 0x80005ee8 (0xb6394513) x10 0xfffffb65
core   0: 0x80005eec (0xafdc6d93) ori     s11, s8, -1283
core   0: 3 0x80005eec (0xafdc6d93) x27 0xffffffff
core   0: 0x80005ef0 (0x01ac51b3) srl     gp, s8, s10
core   0: 3 0x80005ef0 (0x01ac51b3) x 3 0x000001ff
core   0: 0x80005ef4 (0x01cae533) or      a0, s5, t3
core   0: 3 0x80005ef4 (0x01cae533) x10 0x00000000
core   0: 0x80005ef8 (0x407981b3) sub     gp, s3, t2
core   0: 3 0x80005ef8 (0x407981b3) x 3 0x3ffee19c
core   0: 0x80005efc (0x26890893) addi    a7, s2, 616
core   0: 3 0x80005efc (0x26890893) x17 0x0000026e
core   0: 0x80005f00 (0x01279c33) sll     s8, a5, s2
core   0: 3 0x80005f00 (0x01279c33) x24 0xebb437c0
core   0: 0x80005f04 (0x005c51b3) srl     gp, s8, t0
core   0: 3 0x80005f04 (0x005c51b3) x 3 0xebb437c0
core   0: 0x80005f08 (0x01389eb3) sll     t4, a7, s3
core   0: 3 0x80005f08 (0x01389eb3) x29 0x0000026e
core   0: 0x80005f0c (0x007d0133) add     sp, s10, t2
core   0: 3 0x80005f0c (0x007d0133) x 2 0x4001265b
core   0: 0x80005f10 (0x75a8a193) slti    gp, a7, 1882
core   0: 3 0x80005f10 (0x75a8a193) x 3 0x00000001
core   0: 0x80005f14 (0x00000013) nop
core   0: 3 0x80005f14 (0x00000013)
core   0: 0x80005f18 (0xf07a3a93) sltiu   s5, s4, -249
core   0: 3 0x80005f18 (0xf07a3a93) x21 0x00000001
core   0: 0x80005f1c (0x79fad417) auipc   s0, 0x79fad
core   0: 3 0x80005f1c (0x79fad417) x 8 0xf9fb2f1c
core   0: 0x80005f20 (0x40cd5a93) srai    s5, s10, 12
core   0: 3 0x80005f20 (0x40cd5a93) x21 0xfffc0000
core   0: 0x80005f24 (0x01697c33) and     s8, s2, s6
core   0: 3 0x80005f24 (0x01697c33) x24 0x00000006
core   0: 0x80005f28 (0x7028ac37) lui     s8, 0x7028a
core   0: 3 0x80005f28 (0x7028ac37) x24 0x7028a000
core   0: 0x80005f2c (0x01691e33) sll     t3, s2, s6
core   0: 3 0x80005f2c (0x01691e33) x28 0x80000000
core   0: 0x80005f30 (0x00077833) and     a6, a4, zero
core   0: 3 0x80005f30 (0x00077833) x16 0x00000000
core   0: 0x80005f34 (0x0f29c593) xori    a1, s3, 242
core   0: 3 0x80005f34 (0x0f29c593) x11 0xc00000f2
core   0: 0x80005f38 (0x00917a33) and     s4, sp, s1
core   0: 3 0x80005f38 (0x00917a33) x20 0x0000261b
core   0: 0x80005f3c (0x638aec13) ori     s8, s5, 1592
core   0: 3 0x80005f3c (0x638aec13) x24 0xfffc0638
core   0: 0x80005f40 (0x8071fd93) andi    s11, gp, -2041
core   0: 3 0x80005f40 (0x8071fd93) x27 0x00000001
core   0: 0x80005f44 (0x00209f93) slli    t6, ra, 2
core   0: 3 0x80005f44 (0x00209f93) x31 0x00000000
core   0: 0x80005f48 (0x41f88db3) sub     s11, a7, t6
core   0: 3 0x80005f48 (0x41f88db3) x27 0x0000026e
core   0: 0x80005f4c (0x4a6a6593) ori     a1, s4, 1190
core   0: 3 0x80005f4c (0x4a6a6593) x11 0x000026bf
core   0: 0x80005f50 (0x8571e013) ori     zero, gp, -1961
core   0: 3 0x80005f50 (0x8571e013)
core   0: 0x80005f54 (0x00e1d813) srli    a6, gp, 14
core   0: 3 0x80005f54 (0x00e1d813) x16 0x00000000
core   0: 0x80005f58 (0x405ad813) srai    a6, s5, 5
core   0: 3 0x80005f58 (0x405ad813) x16 0xffffe000
core   0: 0x80005f5c (0x009c8533) add     a0, s9, s1
core   0: 3 0x80005f5c (0x009c8533) x10 0xa030b6a0
core   0: 0x80005f60 (0x83744eb7) lui     t4, 0x83744
core   0: 3 0x80005f60 (0x83744eb7) x29 0x83744000
core   0: 0x80005f64 (0x012e1913) slli    s2, t3, 18
core   0: 3 0x80005f64 (0x012e1913) x18 0x00000000
core   0: 0x80005f68 (0x40cfdb33) sra     s6, t6, a2
core   0: 3 0x80005f68 (0x40cfdb33) x22 0x00000000
core   0: 0x80005f6c (0x88adbe17) auipc   t3, 0x88adb
core   0: 3 0x80005f6c (0x88adbe17) x28 0x08ae0f6c
core   0: 0x80005f70 (0x014169b3) or      s3, sp, s4
core   0: 3 0x80005f70 (0x014169b3) x19 0x4001265b
core   0: 0x80005f74 (0x0012eeb3) or      t4, t0, ra
core   0: 3 0x80005f74 (0x0012eeb3) x29 0xccb52ec0
core   0: 0x80005f78 (0x6f5162b7) lui     t0, 0x6f516
core   0: 3 0x80005f78 (0x6f5162b7) x 5 0x6f516000
core   0: 0x80005f7c (0x550fcf93) xori    t6, t6, 1360
core   0: 3 0x80005f7c (0x550fcf93) x31 0x00000550
core   0: 0x80005f80 (0x81390e13) addi    t3, s2, -2029
core   0: 3 0x80005f80 (0x81390e13) x28 0xfffff813
core   0: 0x80005f84 (0x41e45313) srai    t1, s0, 30
core   0: 3 0x80005f84 (0x41e45313) x 6 0xffffffff
core   0: 0x80005f88 (0x018631b3) sltu    gp, a2, s8
core   0: 3 0x80005f88 (0x018631b3) x 3 0x00000001
core   0: 0x80005f8c (0x951ff413) andi    s0, t6, -1711
core   0: 3 0x80005f8c (0x951ff413) x 8 0x00000150
core   0: 0x80005f90 (0x40d65593) srai    a1, a2, 13
core   0: 3 0x80005f90 (0x40d65593) x11 0xfffc000a
core   0: 0x80005f94 (0x00aceab3) or      s5, s9, a0
core   0: 3 0x80005f94 (0x00aceab3) x21 0xa030b6a1
core   0: 0x80005f98 (0x3e2ecd13) xori    s10, t4, 994
core   0: 3 0x80005f98 (0x3e2ecd13) x26 0xccb52d22
core   0: 0x80005f9c (0x862f8e37) lui     t3, 0x862f8
core   0: 3 0x80005f9c (0x862f8e37) x28 0x862f8000
core   0: 0x80005fa0 (0x52cd3097) auipc   ra, 0x52cd3
core   0: 3 0x80005fa0 (0x52cd3097) x 1 0xd2cd8fa0
core   0: 0x80005fa4 (0x0118d733) srl     a4, a7, a7
core   0: 3 0x80005fa4 (0x0118d733) x14 0x00000000
core   0: 0x80005fa8 (0x00000013) nop
core   0: 3 0x80005fa8 (0x00000013)
core   0: 0x80005fac (0xe7efcd97) auipc   s11, 0xe7efc
core   0: 3 0x80005fac (0xe7efcd97) x27 0x67f01fac
core   0: 0x80005fb0 (0xcfab3037) lui     zero, 0xcfab3
core   0: 3 0x80005fb0 (0xcfab3037)
core   0: 0x80005fb4 (0x794c1217) auipc   tp, 0x794c1
core   0: 3 0x80005fb4 (0x794c1217) x 4 0xf94c6fb4
core   0: 0x80005fb8 (0xd6b53013) sltiu   zero, a0, -661
core   0: 3 0x80005fb8 (0xd6b53013)
core   0: 0x80005fbc (0x001eddb3) srl     s11, t4, ra
core   0: 3 0x80005fbc (0x001eddb3) x27 0xccb52ec0
core   0: 0x80005fc0 (0x00bc35b3) sltu    a1, s8, a1
core   0: 3 0x80005fc0 (0x00bc35b3) x11 0x00000000
core   0: 0x80005fc4 (0xe3794013) xori    zero, s2, -457
core   0: 3 0x80005fc4 (0xe3794013)
core   0: 0x80005fc8 (0x01ef5c13) srli    s8, t5, 30
core   0: 3 0x80005fc8 (0x01ef5c13) x24 0x00000000
core   0: 0x80005fcc (0x0050a0b3) slt     ra, ra, t0
core   0: 3 0x80005fcc (0x0050a0b3) x 1 0x00000001
core   0: 0x80005fd0 (0x0056ca33) xor     s4, a3, t0
core   0: 3 0x80005fd0 (0x0056ca33) x20 0x6f516000
core   0: 0x80005fd4 (0x955c8597) auipc   a1, 0x955c8
core   0: 3 0x80005fd4 (0x955c8597) x11 0x155cdfd4
core   0: 0x80005fd8 (0x9402c293) xori    t0, t0, -1728
core   0: 3 0x80005fd8 (0x9402c293) x 5 0x90ae9940
core   0: 0x80005fdc (0x415305b3) sub     a1, t1, s5
core   0: 3 0x80005fdc (0x415305b3) x11 0x5fcf495e
core   0: 0x80005fe0 (0x00000013) nop
core   0: 3 0x80005fe0 (0x00000013)
core   0: 0x80005fe4 (0x906d3a93) sltiu   s5, s10, -1786
core   0: 3 0x80005fe4 (0x906d3a93) x21 0x00000001
core   0: 0x80005fe8 (0xacacf813) andi    a6, s9, -1334
core   0: 3 0x80005fe8 (0xacacf813) x16 0x00000000
core   0: 0x80005fec (0x0147f433) and     s0, a5, s4
core   0: 3 0x80005fec (0x0147f433) x 8 0x67004000
core   0: 0x80005ff0 (0x01b16e33) or      t3, sp, s11
core   0: 3 0x80005ff0 (0x01b16e33) x28 0xccb52edb
core   0: 0x80005ff4 (0x005fda93) srli    s5, t6, 5
core   0: 3 0x80005ff4 (0x005fda93) x21 0x0000002a
core   0: 0x80005ff8 (0x40bc8eb3) sub     t4, s9, a1
core   0: 3 0x80005ff8 (0x40bc8eb3) x29 0xa030b6a3
core   0: 0x80005ffc (0x40970333) sub     t1, a4, s1
core   0: 3 0x80005ffc (0x40970333) x 6 0x5fcf4961
core   0: 0x80006000 (0x00ad2233) slt     tp, s10, a0
core   0: 3 0x80006000 (0x00ad2233) x 4 0x00000000
core   0: 0x80006004 (0x5e972e37) lui     t3, 0x5e972
core   0: 3 0x80006004 (0x5e972e37) x28 0x5e972000
core   0: 0x80006008 (0xcfb5ef93) ori     t6, a1, -773
core   0: 3 0x80006008 (0xcfb5ef93) x31 0xfffffdff
core   0: 0x8000600c (0x014bb933) sltu    s2, s7, s4
core   0: 3 0x8000600c (0x014bb933) x18 0x00000001
core   0: 0x80006010 (0x01b95993) srli    s3, s2, 27
core   0: 3 0x80006010 (0x01b95993) x19 0x00000000
core   0: 0x80006014 (0x01379693) slli    a3, a5, 19
core   0: 3 0x80006014 (0x01379693) x13 0x86f80000
core   0: 0x80006018 (0x40500c33) sub     s8, zero, t0
core   0: 3 0x80006018 (0x40500c33) x24 0x6f5166c0
core   0: 0x8000601c (0xb8deb893) sltiu   a7, t4, -1139
core   0: 3 0x8000601c (0xb8deb893) x17 0x00000001
core   0: 0x80006020 (0x01f0f033) and     zero, ra, t6
core   0: 3 0x80006020 (0x01f0f033)
core   0: 0x80006024 (0x0001f733) and     a4, gp, zero
core   0: 3 0x80006024 (0x0001f733) x14 0x00000000
core   0: 0x80006028 (0x41a35293) srai    t0, t1, 26
core   0: 3 0x80006028 (0x41a35293) x 5 0x00000017
core   0: 0x8000602c (0x41d50f33) sub     t5, a0, t4
core   0: 3 0x8000602c (0x41d50f33) x30 0xfffffffd
core   0: 0x80006030 (0x41785533) sra     a0, a6, s7
core   0: 3 0x80006030 (0x41785533) x10 0x00000000
core   0: 0x80006034 (0x41f48eb3) sub     t4, s1, t6
core   0: 3 0x80006034 (0x41f48eb3) x29 0xa030b8a0
core   0: 0x80006038 (0x5f167c97) auipc   s9, 0x5f167
core   0: 3 0x80006038 (0x5f167c97) x25 0xdf16d038
core   0: 0x8000603c (0x006fb433) sltu    s0, t6, t1
core   0: 3 0x8000603c (0x006fb433) x 8 0x00000000
core   0: 0x80006040 (0x00e78133) add     sp, a5, a4
core   0: 3 0x80006040 (0x00e78133) x 2 0xe7aed0df
core   0: 0x80006044 (0xb0fbce93) xori    t4, s7, -1265
core   0: 3 0x80006044 (0xb0fbce93) x29 0xfffffb0e
core   0: 0x80006048 (0x01554bb3) xor     s7, a0, s5
core   0: 3 0x80006048 (0x01554bb3) x23 0x0000002a
core   0: 0x8000604c (0x01448433) add     s0, s1, s4
core   0: 3 0x8000604c (0x01448433) x 8 0x0f82169f
core   0: 0x80006050 (0x010d14b3) sll     s1, s10, a6
core   0: 3 0x80006050 (0x010d14b3) x 9 0xccb52d22
core   0: 0x80006054 (0x41375933) sra     s2, a4, s3
core   0: 3 0x80006054 (0x41375933) x18 0x00000000
core   0: 0x80006058 (0x00c6d333) srl     t1, a3, a2
core   0: 3 0x80006058 (0x00c6d333) x 6 0x086f8000
core   0: 0x8000605c (0x019a15b3) sll     a1, s4, s9
core   0: 3 0x8000605c (0x019a15b3) x11 0x00000000
core   0: 0x80006060 (0x01b44333) xor     t1, s0, s11
core   0: 3 0x80006060 (0x01b44333) x 6 0xc337385f
core   0: 0x80006064 (0x72d6b193) sltiu   gp, a3, 1837
core   0: 3 0x80006064 (0x72d6b193) x 3 0x00000000
core   0: 0x80006068 (0x00000013) nop
core   0: 3 0x80006068 (0x00000013)
core   0: 0x8000606c (0xa3262e13) slti    t3, a2, -1486
core   0: 3 0x8000606c (0xa3262e13) x28 0x00000001
core   0: 0x80006070 (0x25d1c993) xori    s3, gp, 605
core   0: 3 0x80006070 (0x25d1c993) x19 0x0000025d
core   0: 0x80006074 (0x193cbf93) sltiu   t6, s9, 403
core   0: 3 0x80006074 (0x193cbf93) x31 0x00000000
core   0: 0x80006078 (0x188855b7) lui     a1, 0x18885
core   0: 3 0x80006078 (0x188855b7) x11 0x18885000
core   0: 0x8000607c (0x40950533) sub     a0, a0, s1
core   0: 3 0x8000607c (0x40950533) x10 0x334ad2de
core   0: 0x80006080 (0x007d5713) srli    a4, s10, 7
core   0: 3 0x80006080 (0x007d5713) x14 0x01996a5a
core   0: 0x80006084 (0x00c376b3) and     a3, t1, a2
core   0: 3 0x80006084 (0x00c376b3) x13 0x80011844
core   0: 0x80006088 (0x403f8eb3) sub     t4, t6, gp
core   0: 3 0x80006088 (0x403f8eb3) x29 0x00000000
core   0: 0x8000608c (0x01711833) sll     a6, sp, s7
core   0: 3 0x8000608c (0x01711833) x16 0xbb437c00
core   0: 0x80006090 (0x4104d293) srai    t0, s1, 16
core   0: 3 0x80006090 (0x4104d293) x 5 0xffffccb5
core   0: 0x80006094 (0x0142e133) or      sp, t0, s4
core   0: 3 0x80006094 (0x0142e133) x 2 0xffffecb5
core   0: 0x80006098 (0xb3b0fe37) lui     t3, 0xb3b0f
core   0: 3 0x80006098 (0xb3b0fe37) x28 0xb3b0f000
core   0: 0x8000609c (0xbde84593) xori    a1, a6, -1058
core   0: 3 0x8000609c (0xbde84593) x11 0x44bc87de
core   0: 0x800060a0 (0x01ec1433) sll     s0, s8, t5
core   0: 3 0x800060a0 (0x01ec1433) x 8 0x00000000
core   0: 0x800060a4 (0x09a496b7) lui     a3, 0x9a49
core   0: 3 0x800060a4 (0x09a496b7) x13 0x09a49000
core   0: 0x800060a8 (0xf71ea693) slti    a3, t4, -143
core   0: 3 0x800060a8 (0xf71ea693) x13 0x00000000
core   0: 0x800060ac (0x40f188b3) sub     a7, gp, a5
core   0: 3 0x800060ac (0x40f188b3) x17 0x18512f21
core   0: 0x800060b0 (0x01f6b9b3) sltu    s3, a3, t6
core   0: 3 0x800060b0 (0x01f6b9b3) x19 0x00000000
core   0: 0x800060b4 (0x00000013) nop
core   0: 3 0x800060b4 (0x00000013)
core   0: 0x800060b8 (0x00409013) slli    zero, ra, 4
core   0: 3 0x800060b8 (0x00409013)
core   0: 0x800060bc (0x00000013) nop
core   0: 3 0x800060bc (0x00000013)
core   0: 0x800060c0 (0x00ea7d33) and     s10, s4, a4
core   0: 3 0x800060c0 (0x00ea7d33) x26 0x01116000
core   0: 0x800060c4 (0x0920c213) xori    tp, ra, 146
core   0: 3 0x800060c4 (0x0920c213) x 4 0x00000093
core   0: 0x800060c8 (0x00b41013) slli    zero, s0, 11
core   0: 3 0x800060c8 (0x00b41013)
core   0: 0x800060cc (0x401cdd33) sra     s10, s9, ra
core   0: 3 0x800060cc (0x401cdd33) x26 0xef8b681c
core   0: 0x800060d0 (0x01a2e333) or      t1, t0, s10
core   0: 3 0x800060d0 (0x01a2e333) x 6 0xffffecbd
core   0: 0x800060d4 (0x015be833) or      a6, s7, s5
core   0: 3 0x800060d4 (0x015be833) x16 0x0000002a
core   0: 0x800060d8 (0x00000013) nop
core   0: 3 0x800060d8 (0x00000013)
core   0: 0x800060dc (0x37aeda97) auipc   s5, 0x37aed
core   0: 3 0x800060dc (0x37aeda97) x21 0xb7af30dc
core   0: 0x800060e0 (0x6877b217) auipc   tp, 0x6877b
core   0: 3 0x800060e0 (0x6877b217) x 4 0xe87810e0
core   0: 0x800060e4 (0x400f8033) sub     zero, t6, zero
core   0: 3 0x800060e4 (0x400f8033)
core   0: 0x800060e8 (0x019f20b3) slt     ra, t5, s9
core   0: 3 0x800060e8 (0x019f20b3) x 1 0x00000000
core   0: 0x800060ec (0x0ad1b693) sltiu   a3, gp, 173
core   0: 3 0x800060ec (0x0ad1b693) x13 0x00000001
core   0: 0x800060f0 (0x0128b5b3) sltu    a1, a7, s2
core   0: 3 0x800060f0 (0x0128b5b3) x11 0x00000000
core   0: 0x800060f4 (0x76a3c813) xori    a6, t2, 1898
core   0: 3 0x800060f4 (0x76a3c813) x16 0x8001190e
core   0: 0x800060f8 (0xb1fe4313) xori    t1, t3, -1249
core   0: 3 0x800060f8 (0xb1fe4313) x 6 0x4c4f0b1f
core   0: 0x800060fc (0x00522533) slt     a0, tp, t0
core   0: 3 0x800060fc (0x00522533) x10 0x00000001
core   0: 0x80006100 (0x71f97093) andi    ra, s2, 1823
core   0: 3 0x80006100 (0x71f97093) x 1 0x00000000
core   0: 0x80006104 (0x00cf9313) slli    t1, t6, 12
core   0: 3 0x80006104 (0x00cf9313) x 6 0x00000000
core   0: 0x80006108 (0xaf933e13) sltiu   t3, t1, -1287
core   0: 3 0x80006108 (0xaf933e13) x28 0x00000001
core   0: 0x8000610c (0x00b51133) sll     sp, a0, a1
core   0: 3 0x8000610c (0x00b51133) x 2 0x00000001
core   0: 0x80006110 (0x00c965b3) or      a1, s2, a2
core   0: 3 0x80006110 (0x00c965b3) x11 0x80015ce4
core   0: 0x80006114 (0xd73ebf13) sltiu   t5, t4, -653
core   0: 3 0x80006114 (0xd73ebf13) x30 0x00000001
core   0: 0x80006118 (0x2ffb3e13) sltiu   t3, s6, 767
core   0: 3 0x80006118 (0x2ffb3e13) x28 0x00000001
core   0: 0x8000611c (0x0100d333) srl     t1, ra, a6
core   0: 3 0x8000611c (0x0100d333) x 6 0x00000000
core   0: 0x80006120 (0x8b8a8913) addi    s2, s5, -1864
core   0: 3 0x80006120 (0x8b8a8913) x18 0xb7af2994
core   0: 0x80006124 (0x36cb55b7) lui     a1, 0x36cb5
core   0: 3 0x80006124 (0x36cb55b7) x11 0x36cb5000
core   0: 0x80006128 (0x1f6f7893) andi    a7, t5, 502
core   0: 3 0x80006128 (0x1f6f7893) x17 0x00000000
core   0: 0x8000612c (0x6f06a713) slti    a4, a3, 1776
core   0: 3 0x8000612c (0x6f06a713) x14 0x00000001
core   0: 0x80006130 (0x4016deb3) sra     t4, a3, ra
core   0: 3 0x80006130 (0x4016deb3) x29 0x00000001
core   0: 0x80006134 (0x41dddc33) sra     s8, s11, t4
core   0: 3 0x80006134 (0x41dddc33) x24 0xe65a9760
core   0: 0x80006138 (0xe9fc6d17) auipc   s10, 0xe9fc6
core   0: 3 0x80006138 (0xe9fc6d17) x26 0x69fcc138
core   0: 0x8000613c (0xbb96fd97) auipc   s11, 0xbb96f
core   0: 3 0x8000613c (0xbb96fd97) x27 0x3b97513c
core   0: 0x80006140 (0x7c24f293) andi    t0, s1, 1986
core   0: 3 0x80006140 (0x7c24f293) x 5 0x00000502
core   0: 0x80006144 (0x415c84b3) sub     s1, s9, s5
core   0: 3 0x80006144 (0x415c84b3) x 9 0x27679f5c
core   0: 0x80006148 (0x3c8b8193) addi    gp, s7, 968
core   0: 3 0x80006148 (0x3c8b8193) x 3 0x000003f2
core   0: 0x8000614c (0x400dc813) xori    a6, s11, 1024
core   0: 3 0x8000614c (0x400dc813) x16 0x3b97553c
core   0: 0x80006150 (0x00ee55b3) srl     a1, t3, a4
core   0: 3 0x80006150 (0x00ee55b3) x11 0x00000000
core   0: 0x80006154 (0x012a8533) add     a0, s5, s2
core   0: 3 0x80006154 (0x012a8533) x10 0x6f5e5a70
core   0: 0x80006158 (0x00a29833) sll     a6, t0, a0
core   0: 3 0x80006158 (0x00a29833) x16 0x05020000
core   0: 0x8000615c (0x009f94b3) sll     s1, t6, s1
core   0: 3 0x8000615c (0x009f94b3) x 9 0x00000000
core   0: 0x80006160 (0x80d222b7) lui     t0, 0x80d22
core   0: 3 0x80006160 (0x80d222b7) x 5 0x80d22000
core   0: 0x80006164 (0x00343db3) sltu    s11, s0, gp
core   0: 3 0x80006164 (0x00343db3) x27 0x00000001
core   0: 0x80006168 (0x98b08913) addi    s2, ra, -1653
core   0: 3 0x80006168 (0x98b08913) x18 0xfffff98b
core   0: 0x8000616c (0x00b534b3) sltu    s1, a0, a1
core   0: 3 0x8000616c (0x00b534b3) x 9 0x00000000
core   0: 0x80006170 (0x64400d37) lui     s10, 0x64400
core   0: 3 0x80006170 (0x64400d37) x26 0x64400000
core   0: 0x80006174 (0x0075f133) and     sp, a1, t2
core   0: 3 0x80006174 (0x0075f133) x 2 0x00000000
core   0: 0x80006178 (0x01e9fd33) and     s10, s3, t5
core   0: 3 0x80006178 (0x01e9fd33) x26 0x00000000
core   0: 0x8000617c (0x0d60b293) sltiu   t0, ra, 214
core   0: 3 0x8000617c (0x0d60b293) x 5 0x00000001
core   0: 0x80006180 (0x41de8c33) sub     s8, t4, t4
core   0: 3 0x80006180 (0x41de8c33) x24 0x00000000
core   0: 0x80006184 (0x3c952b93) slti    s7, a0, 969
core   0: 3 0x80006184 (0x3c952b93) x23 0x00000000
core   0: 0x80006188 (0x011228b3) slt     a7, tp, a7
core   0: 3 0x80006188 (0x011228b3) x17 0x00000001
core   0: 0x8000618c (0x7f852113) slti    sp, a0, 2040
core   0: 3 0x8000618c (0x7f852113) x 2 0x00000000
core   0: 0x80006190 (0x00000013) nop
core   0: 3 0x80006190 (0x00000013)
core   0: 0x80006194 (0x01fe11b3) sll     gp, t3, t6
core   0: 3 0x80006194 (0x01fe11b3) x 3 0x00000001
core   0: 0x80006198 (0x41a35913) srai    s2, t1, 26
core   0: 3 0x80006198 (0x41a35913) x18 0x00000000
core   0: 0x8000619c (0x008f7933) and     s2, t5, s0
core   0: 3 0x8000619c (0x008f7933) x18 0x00000000
core   0: 0x800061a0 (0x018e4433) xor     s0, t3, s8
core   0: 3 0x800061a0 (0x018e4433) x 8 0x00000001
core   0: 0x800061a4 (0xc316d317) auipc   t1, 0xc316d
core   0: 3 0x800061a4 (0xc316d317) x 6 0x431731a4
core   0: 0x800061a8 (0x0195d713) srli    a4, a1, 25
core   0: 3 0x800061a8 (0x0195d713) x14 0x00000000
core   0: 0x800061ac (0x00000013) nop
core   0: 3 0x800061ac (0x00000013)
core   0: 0x800061b0 (0xb3898213) addi    tp, s3, -1224
core   0: 3 0x800061b0 (0xb3898213) x 4 0xfffffb38
core   0: 0x800061b4 (0xa5816693) ori     a3, sp, -1448
core   0: 3 0x800061b4 (0xa5816693) x13 0xfffffa58
core   0: 0x800061b8 (0xf7954d17) auipc   s10, 0xf7954
core   0: 3 0x800061b8 (0xf7954d17) x26 0x7795a1b8
core   0: 0x800061bc (0xe9b56993) ori     s3, a0, -357
core   0: 3 0x800061bc (0xe9b56993) x19 0xfffffefb
core   0: 0x800061c0 (0x68af2997) auipc   s3, 0x68af2
core   0: 3 0x800061c0 (0x68af2997) x19 0xe8af81c0
core   0: 0x800061c4 (0x2546c593) xori    a1, a3, 596
core   0: 3 0x800061c4 (0x2546c593) x11 0xfffff80c
core   0: 0x800061c8 (0x004f9733) sll     a4, t6, tp
core   0: 3 0x800061c8 (0x004f9733) x14 0x00000000
core   0: 0x800061cc (0x97d0c093) xori    ra, ra, -1667
core   0: 3 0x800061cc (0x97d0c093) x 1 0xfffff97d
core   0: 0x800061d0 (0x416551b3) sra     gp, a0, s6
core   0: 3 0x800061d0 (0x416551b3) x 3 0x6f5e5a70
core   0: 0x800061d4 (0xaa076c93) ori     s9, a4, -1376
core   0: 3 0x800061d4 (0xaa076c93) x25 0xfffffaa0
core   0: 0x800061d8 (0x37b32293) slti    t0, t1, 891
core   0: 3 0x800061d8 (0x37b32293) x 5 0x00000000
core   0: 0x800061dc (0x40ef5493) srai    s1, t5, 14
core   0: 3 0x800061dc (0x40ef5493) x 9 0x00000000
core   0: 0x800061e0 (0x843c6c93) ori     s9, s8, -1981
core   0: 3 0x800061e0 (0x843c6c93) x25 0xfffff843
core   0: 0x800061e4 (0x1d0a7993) andi    s3, s4, 464
core   0: 3 0x800061e4 (0x1d0a7993) x19 0x00000000
core   0: 0x800061e8 (0x009ac2b3) xor     t0, s5, s1
core   0: 3 0x800061e8 (0x009ac2b3) x 5 0xb7af30dc
core   0: 0x800061ec (0x533b6813) ori     a6, s6, 1331
core   0: 3 0x800061ec (0x533b6813) x16 0x00000533
core   0: 0x800061f0 (0x9c9f86b7) lui     a3, 0x9c9f8
core   0: 3 0x800061f0 (0x9c9f86b7) x13 0x9c9f8000
core   0: 0x800061f4 (0x251e0437) lui     s0, 0x251e0
core   0: 3 0x800061f4 (0x251e0437) x 8 0x251e0000
core   0: 0x800061f8 (0x00001f93) slli    t6, zero, 0
core   0: 3 0x800061f8 (0x00001f93) x31 0x00000000
core   0: 0x800061fc (0x010596b3) sll     a3, a1, a6
core   0: 3 0x800061fc (0x010596b3) x13 0xc0600000
core   0: 0x80006200 (0x6528a713) slti    a4, a7, 1618
core   0: 3 0x80006200 (0x6528a713) x14 0x00000001
core   0: 0x80006204 (0x9d336e93) ori     t4, t1, -1581
core   0: 3 0x80006204 (0x9d336e93) x29 0xfffff9f7
core   0: 0x80006208 (0x5a51c993) xori    s3, gp, 1445
core   0: 3 0x80006208 (0x5a51c993) x19 0x6f5e5fd5
core   0: 0x8000620c (0x00e358b3) srl     a7, t1, a4
core   0: 3 0x8000620c (0x00e358b3) x17 0x218b98d2
core   0: 0x80006210 (0x2490ae13) slti    t3, ra, 585
core   0: 3 0x80006210 (0x2490ae13) x28 0x00000001
core   0: 0x80006214 (0x018ca533) slt     a0, s9, s8
core   0: 3 0x80006214 (0x018ca533) x10 0x00000001
core   0: 0x80006218 (0x00681e13) slli    t3, a6, 6
core   0: 3 0x80006218 (0x00681e13) x28 0x00014cc0
core   0: 0x8000621c (0x0108fe33) and     t3, a7, a6
core   0: 3 0x8000621c (0x0108fe33) x28 0x00000012
core   0: 0x80006220 (0x01880eb3) add     t4, a6, s8
core   0: 3 0x80006220 (0x01880eb3) x29 0x00000533
core   0: 0x80006224 (0xacbd3093) sltiu   ra, s10, -1333
core   0: 3 0x80006224 (0xacbd3093) x 1 0x00000001
core   0: 0x80006228 (0x017d4d33) xor     s10, s10, s7
core   0: 3 0x80006228 (0x017d4d33) x26 0x7795a1b8
core   0: 0x8000622c (0x018a5a93) srli    s5, s4, 24
core   0: 3 0x8000622c (0x018a5a93) x21 0x0000006f
core   0: 0x80006230 (0x018b1933) sll     s2, s6, s8
core   0: 3 0x80006230 (0x018b1933) x18 0x00000000
core   0: 0x80006234 (0x983ff313) andi    t1, t6, -1661
core   0: 3 0x80006234 (0x983ff313) x 6 0x00000000
core   0: 0x80006238 (0x1326c293) xori    t0, a3, 306
core   0: 3 0x80006238 (0x1326c293) x 5 0xc0600132
core   0: 0x8000623c (0x30071337) lui     t1, 0x30071
core   0: 3 0x8000623c (0x30071337) x 6 0x30071000
core   0: 0x80006240 (0xa8b8ae13) slti    t3, a7, -1397
core   0: 3 0x80006240 (0xa8b8ae13) x28 0x00000000
core   0: 0x80006244 (0xf5b47b13) andi    s6, s0, -165
core   0: 3 0x80006244 (0xf5b47b13) x22 0x251e0000
core   0: 0x80006248 (0x40b88fb3) sub     t6, a7, a1
core   0: 3 0x80006248 (0x40b88fb3) x31 0x218ba0c6
core   0: 0x8000624c (0x00000013) nop
core   0: 3 0x8000624c (0x00000013)
core   0: 0x80006250 (0x4915c913) xori    s2, a1, 1169
core   0: 3 0x80006250 (0x4915c913) x18 0xfffffc9d
core   0: 0x80006254 (0x01705133) srl     sp, zero, s7
core   0: 3 0x80006254 (0x01705133) x 2 0x00000000
core   0: 0x80006258 (0xe2090d13) addi    s10, s2, -480
core   0: 3 0x80006258 (0xe2090d13) x26 0xfffffabd
core   0: 0x8000625c (0x00e432b3) sltu    t0, s0, a4
core   0: 3 0x8000625c (0x00e432b3) x 5 0x00000000
core   0: 0x80006260 (0x00000013) nop
core   0: 3 0x80006260 (0x00000013)
core   0: 0x80006264 (0x187bf893) andi    a7, s7, 391
core   0: 3 0x80006264 (0x187bf893) x17 0x00000000
core   0: 0x80006268 (0x012e5213) srli    tp, t3, 18
core   0: 3 0x80006268 (0x012e5213) x 4 0x00000000
core   0: 0x8000626c (0xe6f53993) sltiu   s3, a0, -401
core   0: 3 0x8000626c (0xe6f53993) x19 0x00000001
core   0: 0x80006270 (0x40bedd33) sra     s10, t4, a1
core   0: 3 0x80006270 (0x40bedd33) x26 0x00000000
core   0: 0x80006274 (0x013c2a33) slt     s4, s8, s3
core   0: 3 0x80006274 (0x013c2a33) x20 0x00000001
core   0: 0x80006278 (0x0077abb3) slt     s7, a5, t2
core   0: 3 0x80006278 (0x0077abb3) x23 0x00000000
core   0: 0x8000627c (0x41288bb3) sub     s7, a7, s2
core   0: 3 0x8000627c (0x41288bb3) x23 0x00000363
core   0: 0x80006280 (0x00183ab3) sltu    s5, a6, ra
core   0: 3 0x80006280 (0x00183ab3) x21 0x00000000
core   0: 0x80006284 (0x00289113) slli    sp, a7, 2
core   0: 3 0x80006284 (0x00289113) x 2 0x00000000
core   0: 0x80006288 (0x0c427293) andi    t0, tp, 196
core   0: 3 0x80006288 (0x0c427293) x 5 0x00000000
core   0: 0x8000628c (0xd31bd4b7) lui     s1, 0xd31bd
core   0: 3 0x8000628c (0xd31bd4b7) x 9 0xd31bd000
core   0: 0x80006290 (0x00d21033) sll     zero, tp, a3
core   0: 3 0x80006290 (0x00d21033)
core   0: 0x80006294 (0x0084d133) srl     sp, s1, s0
core   0: 3 0x80006294 (0x0084d133) x 2 0xd31bd000
core   0: 0x80006298 (0x1de2ad93) slti    s11, t0, 478
core   0: 3 0x80006298 (0x1de2ad93) x27 0x00000001
core   0: 0x8000629c (0x013875b3) and     a1, a6, s3
core   0: 3 0x8000629c (0x013875b3) x11 0x00000001
core   0: 0x800062a0 (0x4021d5b3) sra     a1, gp, sp
core   0: 3 0x800062a0 (0x4021d5b3) x11 0x6f5e5a70
core   0: 0x800062a4 (0xc179a097) auipc   ra, 0xc179a
core   0: 3 0x800062a4 (0xc179a097) x 1 0x417a02a4
core   0: 0x800062a8 (0x0195f8b3) and     a7, a1, s9
core   0: 3 0x800062a8 (0x0195f8b3) x17 0x6f5e5840
core   0: 0x800062ac (0x436b7093) andi    ra, s6, 1078
core   0: 3 0x800062ac (0x436b7093) x 1 0x00000000
core   0: 0x800062b0 (0x010872b3) and     t0, a6, a6
core   0: 3 0x800062b0 (0x010872b3) x 5 0x00000533
core   0: 0x800062b4 (0x81e3f993) andi    s3, t2, -2018
core   0: 3 0x800062b4 (0x81e3f993) x19 0x80011804
core   0: 0x800062b8 (0xc1228193) addi    gp, t0, -1006
core   0: 3 0x800062b8 (0xc1228193) x 3 0x00000145
core   0: 0x800062bc (0xac6aa937) lui     s2, 0xac6aa
core   0: 3 0x800062bc (0xac6aa937) x18 0xac6aa000
core   0: 0x800062c0 (0xd2733d93) sltiu   s11, t1, -729
core   0: 3 0x800062c0 (0xd2733d93) x27 0x00000001
core   0: 0x800062c4 (0xecedb313) sltiu   t1, s11, -306
core   0: 3 0x800062c4 (0xecedb313) x 6 0x00000001
core   0: 0x800062c8 (0x64a18193) addi    gp, gp, 1610
core   0: 3 0x800062c8 (0x64a18193) x 3 0x0000078f
core   0: 0x800062cc (0x00cfc0b3) xor     ra, t6, a2
core   0: 3 0x800062cc (0x00cfc0b3) x 1 0xa18afc22
core   0: 0x800062d0 (0xa19f2893) slti    a7, t5, -1511
core   0: 3 0x800062d0 (0xa19f2893) x17 0x00000000
core   0: 0x800062d4 (0xc0a3a193) slti    gp, t2, -1014
core   0: 3 0x800062d4 (0xc0a3a193) x 3 0x00000001
core   0: 0x800062d8 (0xb61a2c13) slti    s8, s4, -1183
core   0: 3 0x800062d8 (0xb61a2c13) x24 0x00000000
core   0: 0x800062dc (0x3fe93413) sltiu   s0, s2, 1022
core   0: 3 0x800062dc (0x3fe93413) x 8 0x00000000
core   0: 0x800062e0 (0x0b9fcb93) xori    s7, t6, 185
core   0: 3 0x800062e0 (0x0b9fcb93) x23 0x218ba07f
core   0: 0x800062e4 (0x40695213) srai    tp, s2, 6
core   0: 3 0x800062e4 (0x40695213) x 4 0xfeb1aa80
core   0: 0x800062e8 (0x00195b13) srli    s6, s2, 1
core   0: 3 0x800062e8 (0x00195b13) x22 0x56355000
core   0: 0x800062ec (0x4ae98d93) addi    s11, s3, 1198
core   0: 3 0x800062ec (0x4ae98d93) x27 0x80011cb2
core   0: 0x800062f0 (0xac252d13) slti    s10, a0, -1342
core   0: 3 0x800062f0 (0xac252d13) x26 0x00000000
core   0: 0x800062f4 (0x8c313693) sltiu   a3, sp, -1853
core   0: 3 0x800062f4 (0x8c313693) x13 0x00000001
core   0: 0x800062f8 (0x3021b093) sltiu   ra, gp, 770
core   0: 3 0x800062f8 (0x3021b093) x 1 0x00000001
core   0: 0x800062fc (0x40b550b3) sra     ra, a0, a1
core   0: 3 0x800062fc (0x40b550b3) x 1 0x00000000
core   0: 0x80006300 (0x01f1e333) or      t1, gp, t6
core   0: 3 0x80006300 (0x01f1e333) x 6 0x218ba0c7
core   0: 0x80006304 (0x017c58b3) srl     a7, s8, s7
core   0: 3 0x80006304 (0x017c58b3) x17 0x00000000
core   0: 0x80006308 (0x00d5a133) slt     sp, a1, a3
core   0: 3 0x80006308 (0x00d5a133) x 2 0x00000000
core   0: 0x8000630c (0x019b1db3) sll     s11, s6, s9
core   0: 3 0x8000630c (0x019b1db3) x27 0xb1aa8000
core   0: 0x80006310 (0x008ba833) slt     a6, s7, s0
core   0: 3 0x80006310 (0x008ba833) x16 0x00000000
core   0: 0x80006314 (0x00146e33) or      t3, s0, ra
core   0: 3 0x80006314 (0x00146e33) x28 0x00000000
core   0: 0x80006318 (0x01e7ebb3) or      s7, a5, t5
core   0: 3 0x80006318 (0x01e7ebb3) x23 0xe7aed0df
core   0: 0x8000631c (0x70c5ab93) slti    s7, a1, 1804
core   0: 3 0x8000631c (0x70c5ab93) x23 0x00000000
core   0: 0x80006320 (0x01345e93) srli    t4, s0, 19
core   0: 3 0x80006320 (0x01345e93) x29 0x00000000
core   0: 0x80006324 (0x0119bab3) sltu    s5, s3, a7
core   0: 3 0x80006324 (0x0119bab3) x21 0x00000000
core   0: 0x80006328 (0x013142b3) xor     t0, sp, s3
core   0: 3 0x80006328 (0x013142b3) x 5 0x80011804
core   0: 0x8000632c (0x638ebb93) sltiu   s7, t4, 1592
core   0: 3 0x8000632c (0x638ebb93) x23 0x00000001
core   0: 0x80006330 (0x01749c13) slli    s8, s1, 23
core   0: 3 0x80006330 (0x01749c13) x24 0x00000000
core   0: 0x80006334 (0x419cd413) srai    s0, s9, 25
core   0: 3 0x80006334 (0x419cd413) x 8 0xffffffff
core   0: 0x80006338 (0x00000013) nop
core   0: 3 0x80006338 (0x00000013)
core   0: 0x8000633c (0x003119b3) sll     s3, sp, gp
core   0: 3 0x8000633c (0x003119b3) x19 0x00000000
core   0: 0x80006340 (0x012bd993) srli    s3, s7, 18
core   0: 3 0x80006340 (0x012bd993) x19 0x00000000
core   0: 0x80006344 (0xd4c2ba93) sltiu   s5, t0, -692
core   0: 3 0x80006344 (0xd4c2ba93) x21 0x00000001
core   0: 0x80006348 (0x00cfe5b3) or      a1, t6, a2
core   0: 3 0x80006348 (0x00cfe5b3) x11 0xa18bfce6
core   0: 0x8000634c (0x00000013) nop
core   0: 3 0x8000634c (0x00000013)
core   0: 0x80006350 (0x0032e1b3) or      gp, t0, gp
core   0: 3 0x80006350 (0x0032e1b3) x 3 0x80011805
core   0: 0x80006354 (0x01e5f933) and     s2, a1, t5
core   0: 3 0x80006354 (0x01e5f933) x18 0x00000000
core   0: 0x80006358 (0x00d119b3) sll     s3, sp, a3
core   0: 3 0x80006358 (0x00d119b3) x19 0x00000000
core   0: 0x8000635c (0x41895593) srai    a1, s2, 24
core   0: 3 0x8000635c (0x41895593) x11 0x00000000
core   0: 0x80006360 (0x00000013) nop
core   0: 3 0x80006360 (0x00000013)
core   0: 0x80006364 (0x01bd3833) sltu    a6, s10, s11
core   0: 3 0x80006364 (0x01bd3833) x16 0x00000001
core   0: 0x80006368 (0x00000013) nop
core   0: 3 0x80006368 (0x00000013)
core   0: 0x8000636c (0xa89c7b97) auipc   s7, 0xa89c7
core   0: 3 0x8000636c (0xa89c7b97) x23 0x289cd36c
core   0: 0x80006370 (0xd8d88093) addi    ra, a7, -627
core   0: 3 0x80006370 (0xd8d88093) x 1 0xfffffd8d
core   0: 0x80006374 (0xc14f8293) addi    t0, t6, -1004
core   0: 3 0x80006374 (0xc14f8293) x 5 0x218b9cda
core   0: 0x80006378 (0x013fcb33) xor     s6, t6, s3
core   0: 3 0x80006378 (0x013fcb33) x22 0x218ba0c6
core   0: 0x8000637c (0x01c27333) and     t1, tp, t3
core   0: 3 0x8000637c (0x01c27333) x 6 0x00000000
core   0: 0x80006380 (0x00466a33) or      s4, a2, tp
core   0: 3 0x80006380 (0x00466a33) x20 0xfeb1fee4
core   0: 0x80006384 (0x00bbc533) xor     a0, s7, a1
core   0: 3 0x80006384 (0x00bbc533) x10 0x289cd36c
core   0: 0x80006388 (0xe68e3313) sltiu   t1, t3, -408
core   0: 3 0x80006388 (0xe68e3313) x 6 0x00000001
core   0: 0x8000638c (0x01502333) slt     t1, zero, s5
core   0: 3 0x8000638c (0x01502333) x 6 0x00000001
core   0: 0x80006390 (0x40b00133) sub     sp, zero, a1
core   0: 3 0x80006390 (0x40b00133) x 2 0x00000000
core   0: 0x80006394 (0xe27cba13) sltiu   s4, s9, -473
core   0: 3 0x80006394 (0xe27cba13) x20 0x00000001
core   0: 0x80006398 (0x01be1433) sll     s0, t3, s11
core   0: 3 0x80006398 (0x01be1433) x 8 0x00000000
core   0: 0x8000639c (0x01289e33) sll     t3, a7, s2
core   0: 3 0x8000639c (0x01289e33) x28 0x00000000
core   0: 0x800063a0 (0x00fc2733) slt     a4, s8, a5
core   0: 3 0x800063a0 (0x00fc2733) x14 0x00000000
core   0: 0x800063a4 (0x012bd593) srli    a1, s7, 18
core   0: 3 0x800063a4 (0x012bd593) x11 0x00000a27
core   0: 0x800063a8 (0xe5650e93) addi    t4, a0, -426
core   0: 3 0x800063a8 (0xe5650e93) x29 0x289cd1c2
core   0: 0x800063ac (0x0090a9b3) slt     s3, ra, s1
core   0: 3 0x800063ac (0x0090a9b3) x19 0x00000000
core   0: 0x800063b0 (0x40395593) srai    a1, s2, 3
core   0: 3 0x800063b0 (0x40395593) x11 0x00000000
core   0: 0x800063b4 (0x00000013) nop
core   0: 3 0x800063b4 (0x00000013)
core   0: 0x800063b8 (0x41b089b3) sub     s3, ra, s11
core   0: 3 0x800063b8 (0x41b089b3) x19 0x4e557d8d
core   0: 0x800063bc (0x529e01b7) lui     gp, 0x529e0
core   0: 3 0x800063bc (0x529e01b7) x 3 0x529e0000
core   0: 0x800063c0 (0xfba5c313) xori    t1, a1, -70
core   0: 3 0x800063c0 (0xfba5c313) x 6 0xffffffba
core   0: 0x800063c4 (0x2f2a6413) ori     s0, s4, 754
core   0: 3 0x800063c4 (0x2f2a6413) x 8 0x000002f3
core   0: 0x800063c8 (0x40c85fb3) sra     t6, a6, a2
core   0: 3 0x800063c8 (0x40c85fb3) x31 0x00000000
core   0: 0x800063cc (0x3bc20737) lui     a4, 0x3bc20
core   0: 3 0x800063cc (0x3bc20737) x14 0x3bc20000
core   0: 0x800063d0 (0x01d120b3) slt     ra, sp, t4
core   0: 3 0x800063d0 (0x01d120b3) x 1 0x00000001
core   0: 0x800063d4 (0x00175713) srli    a4, a4, 1
core   0: 3 0x800063d4 (0x00175713) x14 0x1de10000
core   0: 0x800063d8 (0x74d44593) xori    a1, s0, 1869
core   0: 3 0x800063d8 (0x74d44593) x11 0x000005be
core   0: 0x800063dc (0x55318e17) auipc   t3, 0x55318
core   0: 3 0x800063dc (0x55318e17) x28 0xd531e3dc
core   0: 0x800063e0 (0xef6e21b7) lui     gp, 0xef6e2
core   0: 3 0x800063e0 (0xef6e21b7) x 3 0xef6e2000
core   0: 0x800063e4 (0x41f35333) sra     t1, t1, t6
core   0: 3 0x800063e4 (0x41f35333) x 6 0xffffffba
core   0: 0x800063e8 (0x00a1fd33) and     s10, gp, a0
core   0: 3 0x800063e8 (0x00a1fd33) x26 0x280c0000
core   0: 0x800063ec (0x00d68933) add     s2, a3, a3
core   0: 3 0x800063ec (0x00d68933) x18 0x00000002
core   0: 0x800063f0 (0x00000013) nop
core   0: 3 0x800063f0 (0x00000013)
core   0: 0x800063f4 (0x01ec2733) slt     a4, s8, t5
core   0: 3 0x800063f4 (0x01ec2733) x14 0x00000001
core   0: 0x800063f8 (0x00ed29b3) slt     s3, s10, a4
core   0: 3 0x800063f8 (0x00ed29b3) x19 0x00000000
core   0: 0x800063fc (0x00ae5093) srli    ra, t3, 10
core   0: 3 0x800063fc (0x00ae5093) x 1 0x00354c78
core   0: 0x80006400 (0x2d0a7f17) auipc   t5, 0x2d0a7
core   0: 3 0x80006400 (0x2d0a7f17) x30 0xad0ad400
core   0: 0x80006404 (0x00000013) nop
core   0: 3 0x80006404 (0x00000013)
core   0: 0x80006408 (0x0033bbb3) sltu    s7, t2, gp
core   0: 3 0x80006408 (0x0033bbb3) x23 0x00000001
core   0: 0x8000640c (0x00067233) and     tp, a2, zero
core   0: 3 0x8000640c (0x00067233) x 4 0x00000000
core   0: 0x80006410 (0x08f969b7) lui     s3, 0x8f96
core   0: 3 0x80006410 (0x08f969b7) x19 0x08f96000
core   0: 0x80006414 (0x258d7e93) andi    t4, s10, 600
core   0: 3 0x80006414 (0x258d7e93) x29 0x00000000
core   0: 0x80006418 (0x40bb0b33) sub     s6, s6, a1
core   0: 3 0x80006418 (0x40bb0b33) x22 0x218b9b08
core   0: 0x8000641c (0x71329e97) auipc   t4, 0x71329
core   0: 3 0x8000641c (0x71329e97) x29 0xf132f41c
core   0: 0x80006420 (0x89c3f6b7) lui     a3, 0x89c3f
core   0: 3 0x80006420 (0x89c3f6b7) x13 0x89c3f000
core   0: 0x80006424 (0x01a16b33) or      s6, sp, s10
core   0: 3 0x80006424 (0x01a16b33) x22 0x280c0000
core   0: 0x80006428 (0x00a8b933) sltu    s2, a7, a0
core   0: 3 0x80006428 (0x00a8b933) x18 0x00000001
core   0: 0x8000642c (0x564f4513) xori    a0, t5, 1380
core   0: 3 0x8000642c (0x564f4513) x10 0xad0ad164
core   0: 0x80006430 (0x003341b3) xor     gp, t1, gp
core   0: 3 0x80006430 (0x003341b3) x 3 0x1091dfba
core   0: 0x80006434 (0x012969b3) or      s3, s2, s2
core   0: 3 0x80006434 (0x012969b3) x19 0x00000001
core   0: 0x80006438 (0xb3bd4d17) auipc   s10, 0xb3bd4
core   0: 3 0x80006438 (0xb3bd4d17) x26 0x33bda438
core   0: 0x8000643c (0x0178afb3) slt     t6, a7, s7
core   0: 3 0x8000643c (0x0178afb3) x31 0x00000001
core   0: 0x80006440 (0x8e148d93) addi    s11, s1, -1823
core   0: 3 0x80006440 (0x8e148d93) x27 0xd31bc8e1
core   0: 0x80006444 (0x539a4693) xori    a3, s4, 1337
core   0: 3 0x80006444 (0x539a4693) x13 0x00000538
core   0: 0x80006448 (0x2de94f13) xori    t5, s2, 734
core   0: 3 0x80006448 (0x2de94f13) x30 0x000002df
core   0: 0x8000644c (0x00000013) nop
core   0: 3 0x8000644c (0x00000013)
core   0: 0x80006450 (0x010b5593) srli    a1, s6, 16
core   0: 3 0x80006450 (0x010b5593) x11 0x0000280c
core   0: 0x80006454 (0x9afe2b37) lui     s6, 0x9afe2
core   0: 3 0x80006454 (0x9afe2b37) x22 0x9afe2000
core   0: 0x80006458 (0x3b055237) lui     tp, 0x3b055
core   0: 3 0x80006458 (0x3b055237) x 4 0x3b055000
core   0: 0x8000645c (0xb2b20213) addi    tp, tp, -1237
core   0: 3 0x8000645c (0xb2b20213) x 4 0x3b054b2b
core   0: 0x80006460 (0x80000737) lui     a4, 0x80000
core   0: 3 0x80006460 (0x80000737) x14 0x80000000
core   0: 0x80006464 (0x00000413) li      s0, 0
core   0: 3 0x80006464 (0x00000413) x 8 0x00000000
core   0: 0x80006468 (0xfff00d13) li      s10, -1
core   0: 3 0x80006468 (0xfff00d13) x26 0xffffffff
core   0: 0x8000646c (0x80000a37) lui     s4, 0x80000
core   0: 3 0x8000646c (0x80000a37) x20 0x80000000
core   0: 0x80006470 (0xfff00313) li      t1, -1
core   0: 3 0x80006470 (0xfff00313) x 6 0xffffffff
core   0: 0x80006474 (0xff8b6eb7) lui     t4, 0xff8b6
core   0: 3 0x80006474 (0xff8b6eb7) x29 0xff8b6000
core   0: 0x80006478 (0x113e8e93) addi    t4, t4, 275
core   0: 3 0x80006478 (0x113e8e93) x29 0xff8b6113
core   0: 0x8000647c (0xe4a181b7) lui     gp, 0xe4a18
core   0: 3 0x8000647c (0xe4a181b7) x 3 0xe4a18000
core   0: 0x80006480 (0xbbb18193) addi    gp, gp, -1093
core   0: 3 0x80006480 (0xbbb18193) x 3 0xe4a17bbb
core   0: 0x80006484 (0x800008b7) lui     a7, 0x80000
core   0: 3 0x80006484 (0x800008b7) x17 0x80000000
core   0: 0x80006488 (0xfff00593) li      a1, -1
core   0: 3 0x80006488 (0xfff00593) x11 0xffffffff
core   0: 0x8000648c (0xbe4e6e97) auipc   t4, 0xbe4e6
core   0: 3 0x8000648c (0xbe4e6e97) x29 0x3e4ec48c
core   0: 0x80006490 (0xcc02aa37) lui     s4, 0xcc02a
core   0: 3 0x80006490 (0xcc02aa37) x20 0xcc02a000
core   0: 0x80006494 (0x008e8433) add     s0, t4, s0
core   0: 3 0x80006494 (0x008e8433) x 8 0x3e4ec48c
core   0: 0x80006498 (0x008e8433) add     s0, t4, s0
core   0: 3 0x80006498 (0x008e8433) x 8 0x7c9d8918
core   0: 0x8000649c (0x00000013) nop
core   0: 3 0x8000649c (0x00000013)
core   0: 0x800064a0 (0x35bdd5b7) lui     a1, 0x35bdd
core   0: 3 0x800064a0 (0x35bdd5b7) x11 0x35bdd000
core   0: 0x800064a4 (0x414185b3) sub     a1, gp, s4
core   0: 3 0x800064a4 (0x414185b3) x11 0x189edbbb
core   0: 0x800064a8 (0x00000013) nop
core   0: 3 0x800064a8 (0x00000013)
core   0: 0x800064ac (0x93288193) addi    gp, a7, -1742
core   0: 3 0x800064ac (0x93288193) x 3 0x7ffff932
core   0: 0x800064b0 (0x13873237) lui     tp, 0x13873
core   0: 3 0x800064b0 (0x13873237) x 4 0x13873000
core   0: 0x800064b4 (0x731e8413) addi    s0, t4, 1841
core   0: 3 0x800064b4 (0x731e8413) x 8 0x3e4ecbbd
core   0: 0x800064b8 (0x76240313) addi    t1, s0, 1890
core   0: 3 0x800064b8 (0x76240313) x 6 0x3e4ed31f
core   0: 0x800064bc (0x01d18733) add     a4, gp, t4
core   0: 3 0x800064bc (0x01d18733) x14 0xbe4ebdbe
core   0: 0x800064c0 (0x4103c217) auipc   tp, 0x4103c
core   0: 3 0x800064c0 (0x4103c217) x 4 0xc10424c0
core   0: 0x800064c4 (0x40ba0eb3) sub     t4, s4, a1
core   0: 3 0x800064c4 (0x40ba0eb3) x29 0xb363c445
core   0: 0x800064c8 (0x03fead37) lui     s10, 0x3fea
core   0: 3 0x800064c8 (0x03fead37) x26 0x03fea000
core   0: 0x800064cc (0x404e8d33) sub     s10, t4, tp
core   0: 3 0x800064cc (0x404e8d33) x26 0xf25f9f85
core   0: 0x800064d0 (0x00000013) nop
core   0: 3 0x800064d0 (0x00000013)
core   0: 0x800064d4 (0x9b2538b7) lui     a7, 0x9b253
core   0: 3 0x800064d4 (0x9b2538b7) x17 0x9b253000
core   0: 0x800064d8 (0x3feb0c13) addi    s8, s6, 1022
core   0: 3 0x800064d8 (0x3feb0c13) x24 0x9afe23fe
core   0: 0x800064dc (0x8f466513) ori     a0, a2, -1804
core   0: 3 0x800064dc (0x8f466513) x10 0xfffffcf4
core   0: 0x800064e0 (0x017d92b3) sll     t0, s11, s7
core   0: 3 0x800064e0 (0x017d92b3) x 5 0xa63791c2
core   0: 0x800064e4 (0x01917933) and     s2, sp, s9
core   0: 3 0x800064e4 (0x01917933) x18 0x00000000
core   0: 0x800064e8 (0x00430233) add     tp, t1, tp
core   0: 3 0x800064e8 (0x00430233) x 4 0xff52f7df
core   0: 0x800064ec (0x00a324b3) slt     s1, t1, a0
core   0: 3 0x800064ec (0x00a324b3) x 9 0x00000000
core   0: 0x800064f0 (0x40fe02b3) sub     t0, t3, a5
core   0: 3 0x800064f0 (0x40fe02b3) x 5 0xed8312fd
core   0: 0x800064f4 (0x00b3df13) srli    t5, t2, 11
core   0: 3 0x800064f4 (0x00b3df13) x30 0x00100023
core   0: 0x800064f8 (0x01e34db3) xor     s11, t1, t5
core   0: 3 0x800064f8 (0x01e34db3) x27 0x3e5ed33c
core   0: 0x800064fc (0x006a9213) slli    tp, s5, 6
core   0: 3 0x800064fc (0x006a9213) x 4 0x00000040
core   0: 0x80006500 (0x0586e113) ori     sp, a3, 88
core   0: 3 0x80006500 (0x0586e113) x 2 0x00000578
core   0: 0x80006504 (0x01f55513) srli    a0, a0, 31
core   0: 3 0x80006504 (0x01f55513) x10 0x00000001
core   0: 0x80006508 (0x01b50f33) add     t5, a0, s11
core   0: 3 0x80006508 (0x01b50f33) x30 0x3e5ed33d
core   0: 0x8000650c (0x00a9b6b3) sltu    a3, s3, a0
core   0: 3 0x8000650c (0x00a9b6b3) x13 0x00000000
core   0: 0x80006510 (0x001eeab3) or      s5, t4, ra
core   0: 3 0x80006510 (0x001eeab3) x21 0xb377cc7d
core   0: 0x80006514 (0x2aab2c13) slti    s8, s6, 682
core   0: 3 0x80006514 (0x2aab2c13) x24 0x00000001
core   0: 0x80006518 (0x00578f33) add     t5, a5, t0
core   0: 3 0x80006518 (0x00578f33) x30 0xd531e3dc
core   0: 0x8000651c (0x005bd4b3) srl     s1, s7, t0
core   0: 3 0x8000651c (0x005bd4b3) x 9 0x00000000
core   0: 0x80006520 (0xc05e6c93) ori     s9, t3, -1019
core   0: 3 0x80006520 (0xc05e6c93) x25 0xffffffdd
core   0: 0x80006524 (0x018b9313) slli    t1, s7, 24
core   0: 3 0x80006524 (0x018b9313) x 6 0x01000000
core   0: 0x80006528 (0x014b9413) slli    s0, s7, 20
core   0: 3 0x80006528 (0x014b9413) x 8 0x00100000
core   0: 0x8000652c (0x40f85193) srai    gp, a6, 15
core   0: 3 0x8000652c (0x40f85193) x 3 0x00000000
core   0: 0x80006530 (0x015c9c13) slli    s8, s9, 21
core   0: 3 0x80006530 (0x015c9c13) x24 0xfba00000
core   0: 0x80006534 (0x0122cb33) xor     s6, t0, s2
core   0: 3 0x80006534 (0x0122cb33) x22 0xed8312fd
core   0: 0x80006538 (0x0098f933) and     s2, a7, s1
core   0: 3 0x80006538 (0x0098f933) x18 0x00000000
core   0: 0x8000653c (0x00cf5f93) srli    t6, t5, 12
core   0: 3 0x8000653c (0x00cf5f93) x31 0x000d531e
core   0: 0x80006540 (0x01c11e33) sll     t3, sp, t3
core   0: 3 0x80006540 (0x01c11e33) x28 0x80000000
core   0: 0x80006544 (0xebcaeb13) ori     s6, s5, -324
core   0: 3 0x80006544 (0xebcaeb13) x22 0xfffffefd
core   0: 0x80006548 (0x41545a13) srai    s4, s0, 21
core   0: 3 0x80006548 (0x41545a13) x20 0x00000000
core   0: 0x8000654c (0x866e7713) andi    a4, t3, -1946
core   0: 3 0x8000654c (0x866e7713) x14 0x80000000
core   0: 0x80006550 (0x00c7e033) or      zero, a5, a2
core   0: 3 0x80006550 (0x00c7e033)
core   0: 0x80006554 (0x01ad4cb3) xor     s9, s10, s10
core   0: 3 0x80006554 (0x01ad4cb3) x25 0x00000000
core   0: 0x80006558 (0x00cbae33) slt     t3, s7, a2
core   0: 3 0x80006558 (0x00cbae33) x28 0x00000000
core   0: 0x8000655c (0x4142d713) srai    a4, t0, 20
core   0: 3 0x8000655c (0x4142d713) x14 0xfffffed8
core   0: 0x80006560 (0x6c0ec813) xori    a6, t4, 1728
core   0: 3 0x80006560 (0x6c0ec813) x16 0xb363c285
core   0: 0x80006564 (0x076eed17) auipc   s10, 0x76ee
core   0: 3 0x80006564 (0x076eed17) x26 0x876f4564
core   0: 0x80006568 (0x01280ab3) add     s5, a6, s2
core   0: 3 0x80006568 (0x01280ab3) x21 0xb363c285
core   0: 0x8000656c (0xce2fe813) ori     a6, t6, -798
core   0: 3 0x8000656c (0xce2fe813) x16 0xfffffffe
core   0: 0x80006570 (0x01bea133) slt     sp, t4, s11
core   0: 3 0x80006570 (0x01bea133) x 2 0x00000001
core   0: 0x80006574 (0x1e786a93) ori     s5, a6, 487
core   0: 3 0x80006574 (0x1e786a93) x21 0xffffffff
core   0: 0x80006578 (0x00386e33) or      t3, a6, gp
core   0: 3 0x80006578 (0x00386e33) x28 0xfffffffe
core   0: 0x8000657c (0x4027d4b3) sra     s1, a5, sp
core   0: 3 0x8000657c (0x4027d4b3) x 9 0xf3d7686f
core   0: 0x80006580 (0x1ba20b13) addi    s6, tp, 442
core   0: 3 0x80006580 (0x1ba20b13) x22 0x000001fa
core   0: 0x80006584 (0x017594b3) sll     s1, a1, s7
core   0: 3 0x80006584 (0x017594b3) x 9 0x313db776
core   0: 0x80006588 (0x412288b3) sub     a7, t0, s2
core   0: 3 0x80006588 (0x412288b3) x17 0xed8312fd
core   0: 0x8000658c (0x010dc433) xor     s0, s11, a6
core   0: 3 0x8000658c (0x010dc433) x 8 0xc1a12cc2
core   0: 0x80006590 (0x00369a33) sll     s4, a3, gp
core   0: 3 0x80006590 (0x00369a33) x20 0x00000000
core   0: 0x80006594 (0x01b0ffb3) and     t6, ra, s11
core   0: 3 0x80006594 (0x01b0ffb3) x31 0x00144038
core   0: 0x80006598 (0x8453c893) xori    a7, t2, -1979
core   0: 3 0x80006598 (0x8453c893) x17 0x7ffee621
core   0: 0x8000659c (0x01faa833) slt     a6, s5, t6
core   0: 3 0x8000659c (0x01faa833) x16 0x00000001
core   0: 0x800065a0 (0x66272c13) slti    s8, a4, 1634
core   0: 3 0x800065a0 (0x66272c13) x24 0x00000001
core   0: 0x800065a4 (0x005db733) sltu    a4, s11, t0
core   0: 3 0x800065a4 (0x005db733) x14 0x00000001
core   0: 0x800065a8 (0x01418cb3) add     s9, gp, s4
core   0: 3 0x800065a8 (0x01418cb3) x25 0x00000000
core   0: 0x800065ac (0x343f3297) auipc   t0, 0x343f3
core   0: 3 0x800065ac (0x343f3297) x 5 0xb43f95ac
core   0: 0x800065b0 (0x0171f733) and     a4, gp, s7
core   0: 3 0x800065b0 (0x0171f733) x14 0x00000000
core   0: 0x800065b4 (0x89e64893) xori    a7, a2, -1890
core   0: 3 0x800065b4 (0x89e64893) x17 0x7ffea47a
core   0: 0x800065b8 (0x41fdd193) srai    gp, s11, 31
core   0: 3 0x800065b8 (0x41fdd193) x 3 0x00000000
core   0: 0x800065bc (0x41468bb3) sub     s7, a3, s4
core   0: 3 0x800065bc (0x41468bb3) x23 0x00000000
core   0: 0x800065c0 (0x010a0e33) add     t3, s4, a6
core   0: 3 0x800065c0 (0x010a0e33) x28 0x00000001
core   0: 0x800065c4 (0x011a9093) slli    ra, s5, 17
core   0: 3 0x800065c4 (0x011a9093) x 1 0xfffe0000
core   0: 0x800065c8 (0x01775db3) srl     s11, a4, s7
core   0: 3 0x800065c8 (0x01775db3) x27 0x00000000
core   0: 0x800065cc (0x40d05f33) sra     t5, zero, a3
core   0: 3 0x800065cc (0x40d05f33) x30 0x00000000
core   0: 0x800065d0 (0x6fbd6e93) ori     t4, s10, 1787
core   0: 3 0x800065d0 (0x6fbd6e93) x29 0x876f47ff
core   0: 0x800065d4 (0xcc850013) addi    zero, a0, -824
core   0: 3 0x800065d4 (0xcc850013)
core   0: 0x800065d8 (0x017f62b3) or      t0, t5, s7
core   0: 3 0x800065d8 (0x017f62b3) x 5 0x00000000
core   0: 0x800065dc (0x878d0593) addi    a1, s10, -1928
core   0: 3 0x800065dc (0x878d0593) x11 0x876f3ddc
core   0: 0x800065e0 (0x00649ab3) sll     s5, s1, t1
core   0: 3 0x800065e0 (0x00649ab3) x21 0x313db776
core   0: 0x800065e4 (0x4c77e713) ori     a4, a5, 1223
core   0: 3 0x800065e4 (0x4c77e713) x14 0xe7aed4df
core   0: 0x800065e8 (0x003f9233) sll     tp, t6, gp
core   0: 3 0x800065e8 (0x003f9233) x 4 0x00144038
core   0: 0x800065ec (0x01f026b3) slt     a3, zero, t6
core   0: 3 0x800065ec (0x01f026b3) x13 0x00000001
core   0: 0x800065f0 (0x002c5d13) srli    s10, s8, 2
core   0: 3 0x800065f0 (0x002c5d13) x26 0x00000000
core   0: 0x800065f4 (0x00000013) nop
core   0: 3 0x800065f4 (0x00000013)
core   0: 0x800065f8 (0x5a168413) addi    s0, a3, 1441
core   0: 3 0x800065f8 (0x5a168413) x 8 0x000005a2
core   0: 0x800065fc (0x004fd133) srl     sp, t6, tp
core   0: 3 0x800065fc (0x004fd133) x 2 0x00000000
core   0: 0x80006600 (0x000bd5b3) srl     a1, s7, zero
core   0: 3 0x80006600 (0x000bd5b3) x11 0x00000000
core   0: 0x80006604 (0x01149a13) slli    s4, s1, 17
core   0: 3 0x80006604 (0x01149a13) x20 0x6eec0000
core   0: 0x80006608 (0x00a09593) slli    a1, ra, 10
core   0: 3 0x80006608 (0x00a09593) x11 0xf8000000
core   0: 0x8000660c (0x018645b7) lui     a1, 0x1864
core   0: 3 0x8000660c (0x018645b7) x11 0x01864000
core   0: 0x80006610 (0x013d25b3) slt     a1, s10, s3
core   0: 3 0x80006610 (0x013d25b3) x11 0x00000001
core   0: 0x80006614 (0x77cf4293) xori    t0, t5, 1916
core   0: 3 0x80006614 (0x77cf4293) x 5 0x0000077c
core   0: 0x80006618 (0x00907fb3) and     t6, zero, s1
core   0: 3 0x80006618 (0x00907fb3) x31 0x00000000
core   0: 0x8000661c (0x018db233) sltu    tp, s11, s8
core   0: 3 0x8000661c (0x018db233) x 4 0x00000001
core   0: 0x80006620 (0x01fca5b3) slt     a1, s9, t6
core   0: 3 0x80006620 (0x01fca5b3) x11 0x00000000
core   0: 0x80006624 (0x40ea0433) sub     s0, s4, a4
core   0: 3 0x80006624 (0x40ea0433) x 8 0x873d2b21
core   0: 0x80006628 (0x00000013) nop
core   0: 3 0x80006628 (0x00000013)
core   0: 0x8000662c (0x65abee13) ori     t3, s7, 1626
core   0: 3 0x8000662c (0x65abee13) x28 0x0000065a
core   0: 0x80006630 (0x01cfd993) srli    s3, t6, 28
core   0: 3 0x80006630 (0x01cfd993) x19 0x00000000
core   0: 0x80006634 (0xf372c513) xori    a0, t0, -201
core   0: 3 0x80006634 (0xf372c513) x10 0xfffff84b
core   0: 0x80006638 (0x0173dab3) srl     s5, t2, s7
core   0: 3 0x80006638 (0x0173dab3) x21 0x80011e64
core   0: 0x8000663c (0x01256433) or      s0, a0, s2
core   0: 3 0x8000663c (0x01256433) x 8 0xfffff84b
core   0: 0x80006640 (0x40ad58b3) sra     a7, s10, a0
core   0: 3 0x80006640 (0x40ad58b3) x17 0x00000000
core   0: 0x80006644 (0x404f8cb3) sub     s9, t6, tp
core   0: 3 0x80006644 (0x404f8cb3) x25 0xffffffff
core   0: 0x80006648 (0x01249093) slli    ra, s1, 18
core   0: 3 0x80006648 (0x01249093) x 1 0xddd80000
core   0: 0x8000664c (0x9f943913) sltiu   s2, s0, -1543
core   0: 3 0x8000664c (0x9f943913) x18 0x00000001
core   0: 0x80006650 (0x01c7d033) srl     zero, a5, t3
core   0: 3 0x80006650 (0x01c7d033)
core   0: 0x80006654 (0x01212fb3) slt     t6, sp, s2
core   0: 3 0x80006654 (0x01212fb3) x31 0x00000001
core   0: 0x80006658 (0x00918e33) add     t3, gp, s1
core   0: 3 0x80006658 (0x00918e33) x28 0x313db776
core   0: 0x8000665c (0x4d168917) auipc   s2, 0x4d168
core   0: 3 0x8000665c (0x4d168917) x18 0xcd16e65c
core   0: 0x80006660 (0xf1dbb293) sltiu   t0, s7, -227
core   0: 3 0x80006660 (0xf1dbb293) x 5 0x00000001
core   0: 0x80006664 (0x55d695b7) lui     a1, 0x55d69
core   0: 3 0x80006664 (0x55d695b7) x11 0x55d69000
core   0: 0x80006668 (0xdd6f4197) auipc   gp, 0xdd6f4
core   0: 3 0x80006668 (0xdd6f4197) x 3 0x5d6fa668
core   0: 0x8000666c (0x00ff4b33) xor     s6, t5, a5
core   0: 3 0x8000666c (0x00ff4b33) x22 0xe7aed0df
core   0: 0x80006670 (0x00000013) nop
core   0: 3 0x80006670 (0x00000013)
core   0: 0x80006674 (0x0070a833) slt     a6, ra, t2
core   0: 3 0x80006674 (0x0070a833) x16 0x00000000
core   0: 0x80006678 (0x148e6213) ori     tp, t3, 328
core   0: 3 0x80006678 (0x148e6213) x 4 0x313db77e
core   0: 0x8000667c (0x40665013) srai    zero, a2, 6
core   0: 3 0x8000667c (0x40665013)
core   0: 0x80006680 (0x695f8f93) addi    t6, t6, 1685
core   0: 3 0x80006680 (0x695f8f93) x31 0x00000696
core   0: 0x80006684 (0xbaa4e417) auipc   s0, 0xbaa4e
core   0: 3 0x80006684 (0xbaa4e417) x 8 0x3aa54684
core   0: 0x80006688 (0x010cbfb3) sltu    t6, s9, a6
core   0: 3 0x80006688 (0x010cbfb3) x31 0x00000000
core   0: 0x8000668c (0x411dd693) srai    a3, s11, 17
core   0: 3 0x8000668c (0x411dd693) x13 0x00000000
core   0: 0x80006690 (0xbb0b9c97) auipc   s9, 0xbb0b9
core   0: 3 0x80006690 (0xbb0b9c97) x25 0x3b0bf690
core   0: 0x80006694 (0x01762eb3) slt     t4, a2, s7
core   0: 3 0x80006694 (0x01762eb3) x29 0x00000001
core   0: 0x80006698 (0x011e3533) sltu    a0, t3, a7
core   0: 3 0x80006698 (0x011e3533) x10 0x00000000
core   0: 0x8000669c (0x40855193) srai    gp, a0, 8
core   0: 3 0x8000669c (0x40855193) x 3 0x00000000
core   0: 0x800066a0 (0x004d9833) sll     a6, s11, tp
core   0: 3 0x800066a0 (0x004d9833) x16 0x00000000
core   0: 0x800066a4 (0x7d908813) addi    a6, ra, 2009
core   0: 3 0x800066a4 (0x7d908813) x16 0xddd807d9
core   0: 0x800066a8 (0x0a4bbf93) sltiu   t6, s7, 164
core   0: 3 0x800066a8 (0x0a4bbf93) x31 0x00000001
core   0: 0x800066ac (0x010131b3) sltu    gp, sp, a6
core   0: 3 0x800066ac (0x010131b3) x 3 0x00000001
core   0: 0x800066b0 (0xc2234113) xori    sp, t1, -990
core   0: 3 0x800066b0 (0xc2234113) x 2 0xfefffc22
core   0: 0x800066b4 (0x0132db33) srl     s6, t0, s3
core   0: 3 0x800066b4 (0x0132db33) x22 0x00000001
core   0: 0x800066b8 (0x00000013) nop
core   0: 3 0x800066b8 (0x00000013)
core   0: 0x800066bc (0x59bd3fb7) lui     t6, 0x59bd3
core   0: 3 0x800066bc (0x59bd3fb7) x31 0x59bd3000
core   0: 0x800066c0 (0x689e6413) ori     s0, t3, 1673
core   0: 3 0x800066c0 (0x689e6413) x 8 0x313db7ff
core   0: 0x800066c4 (0x408bda13) srai    s4, s7, 8
core   0: 3 0x800066c4 (0x408bda13) x20 0x00000000
core   0: 0x800066c8 (0x349d7913) andi    s2, s10, 841
core   0: 3 0x800066c8 (0x349d7913) x18 0x00000000
core   0: 0x800066cc (0x017055b3) srl     a1, zero, s7
core   0: 3 0x800066cc (0x017055b3) x11 0x00000000
core   0: 0x800066d0 (0x4012d493) srai    s1, t0, 1
core   0: 3 0x800066d0 (0x4012d493) x 9 0x00000000
core   0: 0x800066d4 (0x00bbcab3) xor     s5, s7, a1
core   0: 3 0x800066d4 (0x00bbcab3) x21 0x00000000
core   0: 0x800066d8 (0x017f4733) xor     a4, t5, s7
core   0: 3 0x800066d8 (0x017f4733) x14 0x00000000
core   0: 0x800066dc (0x40e75a13) srai    s4, a4, 14
core   0: 3 0x800066dc (0x40e75a13) x20 0x00000000
core   0: 0x800066e0 (0x71e8ba93) sltiu   s5, a7, 1822
core   0: 3 0x800066e0 (0x71e8ba93) x21 0x00000001
core   0: 0x800066e4 (0x820bac13) slti    s8, s7, -2016
core   0: 3 0x800066e4 (0x820bac13) x24 0x00000000
core   0: 0x800066e8 (0x0072b4b3) sltu    s1, t0, t2
core   0: 3 0x800066e8 (0x0072b4b3) x 9 0x00000001
core   0: 0x800066ec (0x005d8c33) add     s8, s11, t0
core   0: 3 0x800066ec (0x005d8c33) x24 0x00000001
core   0: 0x800066f0 (0x00218bb3) add     s7, gp, sp
core   0: 3 0x800066f0 (0x00218bb3) x23 0xfefffc23
core   0: 0x800066f4 (0x01091eb3) sll     t4, s2, a6
core   0: 3 0x800066f4 (0x01091eb3) x29 0x00000000
core   0: 0x800066f8 (0x0140ae33) slt     t3, ra, s4
core   0: 3 0x800066f8 (0x0140ae33) x28 0x00000001
core   0: 0x800066fc (0x00c31093) slli    ra, t1, 12
core   0: 3 0x800066fc (0x00c31093) x 1 0x00000000
core   0: 0x80006700 (0x00f8b933) sltu    s2, a7, a5
core   0: 3 0x80006700 (0x00f8b933) x18 0x00000001
core   0: 0x80006704 (0x007a5c33) srl     s8, s4, t2
core   0: 3 0x80006704 (0x007a5c33) x24 0x00000000
core   0: 0x80006708 (0x0060dd93) srli    s11, ra, 6
core   0: 3 0x80006708 (0x0060dd93) x27 0x00000000
core   0: 0x8000670c (0x00000013) nop
core   0: 3 0x8000670c (0x00000013)
core   0: 0x80006710 (0x0198eb33) or      s6, a7, s9
core   0: 3 0x80006710 (0x0198eb33) x22 0x3b0bf690
core   0: 0x80006714 (0x41d65e33) sra     t3, a2, t4
core   0: 3 0x80006714 (0x41d65e33) x28 0x80015ce4
core   0: 0x80006718 (0x01de1333) sll     t1, t3, t4
core   0: 3 0x80006718 (0x01de1333) x 6 0x80015ce4
core   0: 0x8000671c (0x5a441697) auipc   a3, 0x5a441
core   0: 3 0x8000671c (0x5a441697) x13 0xda44771c
core   0: 0x80006720 (0x403bdb93) srai    s7, s7, 3
core   0: 3 0x80006720 (0x403bdb93) x23 0xffdfff84
core   0: 0x80006724 (0x00be8833) add     a6, t4, a1
core   0: 3 0x80006724 (0x00be8833) x16 0x00000000
core   0: 0x80006728 (0x00000013) nop
core   0: 3 0x80006728 (0x00000013)
core   0: 0x8000672c (0x014af033) and     zero, s5, s4
core   0: 3 0x8000672c (0x014af033)
core   0: 0x80006730 (0x0b7e8093) addi    ra, t4, 183
core   0: 3 0x80006730 (0x0b7e8093) x 1 0x000000b7
core   0: 0x80006734 (0x01c4d513) srli    a0, s1, 28
core   0: 3 0x80006734 (0x01c4d513) x10 0x00000000
core   0: 0x80006738 (0x0155d0b3) srl     ra, a1, s5
core   0: 3 0x80006738 (0x0155d0b3) x 1 0x00000000
core   0: 0x8000673c (0x400851b3) sra     gp, a6, zero
core   0: 3 0x8000673c (0x400851b3) x 3 0x00000000
core   0: 0x80006740 (0x01c49db3) sll     s11, s1, t3
core   0: 3 0x80006740 (0x01c49db3) x27 0x00000010
core   0: 0x80006744 (0x954cce93) xori    t4, s9, -1708
core   0: 3 0x80006744 (0x954cce93) x29 0xc4f40fc4
core   0: 0x80006748 (0x27343893) sltiu   a7, s0, 627
core   0: 3 0x80006748 (0x27343893) x17 0x00000000
core   0: 0x8000674c (0x0172af93) slti    t6, t0, 23
core   0: 3 0x8000674c (0x0172af93) x31 0x00000001
core   0: 0x80006750 (0x01092233) slt     tp, s2, a6
core   0: 3 0x80006750 (0x01092233) x 4 0x00000000
core   0: 0x80006754 (0xd6e9ed93) ori     s11, s3, -658
core   0: 3 0x80006754 (0xd6e9ed93) x27 0xfffffd6e
core   0: 0x80006758 (0xf50a0813) addi    a6, s4, -176
core   0: 3 0x80006758 (0xf50a0813) x16 0xffffff50
core   0: 0x8000675c (0x01149e33) sll     t3, s1, a7
core   0: 3 0x8000675c (0x01149e33) x28 0x00000001
core   0: 0x80006760 (0xc3f5cb13) xori    s6, a1, -961
core   0: 3 0x80006760 (0xc3f5cb13) x22 0xfffffc3f
core   0: 0x80006764 (0x01a26033) or      zero, tp, s10
core   0: 3 0x80006764 (0x01a26033)
core   0: 0x80006768 (0xc07c4f93) xori    t6, s8, -1017
core   0: 3 0x80006768 (0xc07c4f93) x31 0xfffffc07
core   0: 0x8000676c (0x41b2d513) srai    a0, t0, 27
core   0: 3 0x8000676c (0x41b2d513) x10 0x00000000
core   0: 0x80006770 (0x01470433) add     s0, a4, s4
core   0: 3 0x80006770 (0x01470433) x 8 0x00000000
core   0: 0x80006774 (0xcb397e93) andi    t4, s2, -845
core   0: 3 0x80006774 (0xcb397e93) x29 0x00000001
core   0: 0x80006778 (0x00000013) nop
core   0: 3 0x80006778 (0x00000013)
core   0: 0x8000677c (0x01166233) or      tp, a2, a7
core   0: 3 0x8000677c (0x01166233) x 4 0x80015ce4
core   0: 0x80006780 (0x4d867a93) andi    s5, a2, 1240
core   0: 3 0x80006780 (0x4d867a93) x21 0x000004c0
core   0: 0x80006784 (0x41965413) srai    s0, a2, 25
core   0: 3 0x80006784 (0x41965413) x 8 0xffffffc0
core   0: 0x80006788 (0x01e97eb3) and     t4, s2, t5
core   0: 3 0x80006788 (0x01e97eb3) x29 0x00000000
core   0: 0x8000678c (0x01359993) slli    s3, a1, 19
core   0: 3 0x8000678c (0x01359993) x19 0x00000000
core   0: 0x80006790 (0x00188db3) add     s11, a7, ra
core   0: 3 0x80006790 (0x00188db3) x27 0x00000000
core   0: 0x80006794 (0xc4e6f513) andi    a0, a3, -946
core   0: 3 0x80006794 (0xc4e6f513) x10 0xda44740c
core   0: 0x80006798 (0x00e00933) add     s2, zero, a4
core   0: 3 0x80006798 (0x00e00933) x18 0x00000000
core   0: 0x8000679c (0x01a1d013) srli    zero, gp, 26
core   0: 3 0x8000679c (0x01a1d013)
core   0: 0x800067a0 (0x00000013) nop
core   0: 3 0x800067a0 (0x00000013)
core   0: 0x800067a4 (0x80000737) lui     a4, 0x80000
core   0: 3 0x800067a4 (0x80000737) x14 0x80000000
core   0: 0x800067a8 (0x800001b7) lui     gp, 0x80000
core   0: 3 0x800067a8 (0x800001b7) x 3 0x80000000
core   0: 0x800067ac (0x00000f13) li      t5, 0
core   0: 3 0x800067ac (0x00000f13) x30 0x00000000
core   0: 0x800067b0 (0xfff00213) li      tp, -1
core   0: 3 0x800067b0 (0xfff00213) x 4 0xffffffff
core   0: 0x800067b4 (0xfff00813) li      a6, -1
core   0: 3 0x800067b4 (0xfff00813) x16 0xffffffff
core   0: 0x800067b8 (0x80000537) lui     a0, 0x80000
core   0: 3 0x800067b8 (0x80000537) x10 0x80000000
core   0: 0x800067bc (0x00000c93) li      s9, 0
core   0: 3 0x800067bc (0x00000c93) x25 0x00000000
core   0: 0x800067c0 (0x80000c37) lui     s8, 0x80000
core   0: 3 0x800067c0 (0x80000c37) x24 0x80000000
core   0: 0x800067c4 (0xfff00913) li      s2, -1
core   0: 3 0x800067c4 (0xfff00913) x18 0xffffffff
core   0: 0x800067c8 (0xee9948b7) lui     a7, 0xee994
core   0: 3 0x800067c8 (0xee9948b7) x17 0xee994000
core   0: 0x800067cc (0x84e88893) addi    a7, a7, -1970
core   0: 3 0x800067cc (0x84e88893) x17 0xee99384e
core   0: 0x800067d0 (0x00000013) nop
core   0: 3 0x800067d0 (0x00000013)
core   0: 0x800067d4 (0x40470933) sub     s2, a4, tp
core   0: 3 0x800067d4 (0x40470933) x18 0x80000001
core   0: 0x800067d8 (0x01218233) add     tp, gp, s2
core   0: 3 0x800067d8 (0x01218233) x 4 0x00000001
core   0: 0x800067dc (0xe2220193) addi    gp, tp, -478
core   0: 3 0x800067dc (0xe2220193) x 3 0xfffffe23
core   0: 0x800067e0 (0xa6620213) addi    tp, tp, -1434
core   0: 3 0x800067e0 (0xa6620213) x 4 0xfffffa67
core   0: 0x800067e4 (0x41150733) sub     a4, a0, a7
core   0: 3 0x800067e4 (0x41150733) x14 0x9166c7b2
core   0: 0x800067e8 (0x64d36cb7) lui     s9, 0x64d36
core   0: 3 0x800067e8 (0x64d36cb7) x25 0x64d36000
core   0: 0x800067ec (0x00000013) nop
core   0: 3 0x800067ec (0x00000013)
core   0: 0x800067f0 (0x1a4bf717) auipc   a4, 0x1a4bf
core   0: 3 0x800067f0 (0x1a4bf717) x14 0x9a4c57f0
core   0: 0x800067f4 (0x0c120213) addi    tp, tp, 193
core   0: 3 0x800067f4 (0x0c120213) x 4 0xfffffb28
core   0: 0x800067f8 (0xec490c13) addi    s8, s2, -316
core   0: 3 0x800067f8 (0xec490c13) x24 0x7ffffec5
core   0: 0x800067fc (0x01918833) add     a6, gp, s9
core   0: 3 0x800067fc (0x01918833) x16 0x64d35e23
core   0: 0x80006800 (0x412f01b3) sub     gp, t5, s2
core   0: 3 0x80006800 (0x412f01b3) x 3 0x7fffffff
core   0: 0x80006804 (0x62c88213) addi    tp, a7, 1580
core   0: 3 0x80006804 (0x62c88213) x 4 0xee993e7a
core   0: 0x80006808 (0x00000013) nop
core   0: 3 0x80006808 (0x00000013)
core   0: 0x8000680c (0x00418533) add     a0, gp, tp
core   0: 3 0x8000680c (0x00418533) x10 0x6e993e79
core   0: 0x80006810 (0x01118cb3) add     s9, gp, a7
core   0: 3 0x80006810 (0x01118cb3) x25 0x6e99384d
core   0: 0x80006814 (0x2ed7e237) lui     tp, 0x2ed7e
core   0: 3 0x80006814 (0x2ed7e237) x 4 0x2ed7e000
core   0: 0x80006818 (0xe1718193) addi    gp, gp, -489
core   0: 3 0x80006818 (0xe1718193) x 3 0x7ffffe16
core   0: 0x8000681c (0xe380fbb7) lui     s7, 0xe380f
core   0: 3 0x8000681c (0xe380fbb7) x23 0xe380f000
core   0: 0x80006820 (0x009cf8b3) and     a7, s9, s1
core   0: 3 0x80006820 (0x009cf8b3) x17 0x00000001
core   0: 0x80006824 (0x00189fb3) sll     t6, a7, ra
core   0: 3 0x80006824 (0x00189fb3) x31 0x00000001
core   0: 0x80006828 (0x00881db3) sll     s11, a6, s0
core   0: 3 0x80006828 (0x00881db3) x27 0x64d35e23
core   0: 0x8000682c (0x0049d113) srli    sp, s3, 4
core   0: 3 0x8000682c (0x0049d113) x 2 0x00000000
core   0: 0x80006830 (0x01a39413) slli    s0, t2, 26
core   0: 3 0x80006830 (0x01a39413) x 8 0x90000000
core   0: 0x80006834 (0xc672fc13) andi    s8, t0, -921
core   0: 3 0x80006834 (0xc672fc13) x24 0x00000001
core   0: 0x80006838 (0x003d5533) srl     a0, s10, gp
core   0: 3 0x80006838 (0x003d5533) x10 0x00000000
core   0: 0x8000683c (0x009a4733) xor     a4, s4, s1
core   0: 3 0x8000683c (0x009a4733) x14 0x00000001
core   0: 0x80006840 (0x39894193) xori    gp, s2, 920
core   0: 3 0x80006840 (0x39894193) x 3 0x80000399
core   0: 0x80006844 (0x0c65cb13) xori    s6, a1, 198
core   0: 3 0x80006844 (0x0c65cb13) x22 0x000000c6
core   0: 0x80006848 (0x00021c33) sll     s8, tp, zero
core   0: 3 0x80006848 (0x00021c33) x24 0x2ed7e000
core   0: 0x8000684c (0x00ff8933) add     s2, t6, a5
core   0: 3 0x8000684c (0x00ff8933) x18 0xe7aed0e0
core   0: 0x80006850 (0x40648fb3) sub     t6, s1, t1
core   0: 3 0x80006850 (0x40648fb3) x31 0x7ffea31d
core   0: 0x80006854 (0x01851133) sll     sp, a0, s8
core   0: 3 0x80006854 (0x01851133) x 2 0x00000000
core   0: 0x80006858 (0xb86dcb93) xori    s7, s11, -1146
core   0: 3 0x80006858 (0xb86dcb93) x23 0x9b2ca5a5
core   0: 0x8000685c (0x41660cb3) sub     s9, a2, s6
core   0: 3 0x8000685c (0x41660cb3) x25 0x80015c1e
core   0: 0x80006860 (0x0185f733) and     a4, a1, s8
core   0: 3 0x80006860 (0x0185f733) x14 0x00000000
core   0: 0x80006864 (0x4024de33) sra     t3, s1, sp
core   0: 3 0x80006864 (0x4024de33) x28 0x00000001
core   0: 0x80006868 (0x1ba26413) ori     s0, tp, 442
core   0: 3 0x80006868 (0x1ba26413) x 8 0x2ed7e1ba
core   0: 0x8000686c (0x016e5913) srli    s2, t3, 22
core   0: 3 0x8000686c (0x016e5913) x18 0x00000000
core   0: 0x80006870 (0x01315b33) srl     s6, sp, s3
core   0: 3 0x80006870 (0x01315b33) x22 0x00000000
core   0: 0x80006874 (0x00f3b0b3) sltu    ra, t2, a5
core   0: 3 0x80006874 (0x00f3b0b3) x 1 0x00000001
core   0: 0x80006878 (0x010fa433) slt     s0, t6, a6
core   0: 3 0x80006878 (0x010fa433) x 8 0x00000000
core   0: 0x8000687c (0x01545f93) srli    t6, s0, 21
core   0: 3 0x8000687c (0x01545f93) x31 0x00000000
core   0: 0x80006880 (0x019d6313) ori     t1, s10, 25
core   0: 3 0x80006880 (0x019d6313) x 6 0x00000019
core   0: 0x80006884 (0x40bedb93) srai    s7, t4, 11
core   0: 3 0x80006884 (0x40bedb93) x23 0x00000000
core   0: 0x80006888 (0x003a45b3) xor     a1, s4, gp
core   0: 3 0x80006888 (0x003a45b3) x11 0x80000399
core   0: 0x8000688c (0x0074a0b3) slt     ra, s1, t2
core   0: 3 0x8000688c (0x0074a0b3) x 1 0x00000000
core   0: 0x80006890 (0x41605193) srai    gp, zero, 22
core   0: 3 0x80006890 (0x41605193) x 3 0x00000000
core   0: 0x80006894 (0x604db113) sltiu   sp, s11, 1540
core   0: 3 0x80006894 (0x604db113) x 2 0x00000000
core   0: 0x80006898 (0xfbb68d13) addi    s10, a3, -69
core   0: 3 0x80006898 (0xfbb68d13) x26 0xda4476d7
core   0: 0x8000689c (0x45d4ee93) ori     t4, s1, 1117
core   0: 3 0x8000689c (0x45d4ee93) x29 0x0000045d
core   0: 0x800068a0 (0x56358a93) addi    s5, a1, 1379
core   0: 3 0x800068a0 (0x56358a93) x21 0x800008fc
core   0: 0x800068a4 (0x342e6113) ori     sp, t3, 834
core   0: 3 0x800068a4 (0x342e6113) x 2 0x00000343
core   0: 0x800068a8 (0x0181beb3) sltu    t4, gp, s8
core   0: 3 0x800068a8 (0x0181beb3) x29 0x00000001
core   0: 0x800068ac (0x40e25c13) srai    s8, tp, 14
core   0: 3 0x800068ac (0x40e25c13) x24 0x0000bb5f
core   0: 0x800068b0 (0x2d69e1b7) lui     gp, 0x2d69e
core   0: 3 0x800068b0 (0x2d69e1b7) x 3 0x2d69e000
core   0: 0x800068b4 (0x41c55f33) sra     t5, a0, t3
core   0: 3 0x800068b4 (0x41c55f33) x30 0x00000000
core   0: 0x800068b8 (0x009f2433) slt     s0, t5, s1
core   0: 3 0x800068b8 (0x009f2433) x 8 0x00000001
core   0: 0x800068bc (0x0094bd33) sltu    s10, s1, s1
core   0: 3 0x800068bc (0x0094bd33) x26 0x00000000
core   0: 0x800068c0 (0x40a952b3) sra     t0, s2, a0
core   0: 3 0x800068c0 (0x40a952b3) x 5 0x00000000
core   0: 0x800068c4 (0x4026d893) srai    a7, a3, 2
core   0: 3 0x800068c4 (0x4026d893) x17 0xf6911dc7
core   0: 0x800068c8 (0x1c788893) addi    a7, a7, 455
core   0: 3 0x800068c8 (0x1c788893) x17 0xf6911f8e
core   0: 0x800068cc (0x01380d33) add     s10, a6, s3
core   0: 3 0x800068cc (0x01380d33) x26 0x64d35e23
core   0: 0x800068d0 (0x01262c33) slt     s8, a2, s2
core   0: 3 0x800068d0 (0x01262c33) x24 0x00000001
core   0: 0x800068d4 (0x41675bb3) sra     s7, a4, s6
core   0: 3 0x800068d4 (0x41675bb3) x23 0x00000000
core   0: 0x800068d8 (0xa9b1fe13) andi    t3, gp, -1381
core   0: 3 0x800068d8 (0xa9b1fe13) x28 0x2d69e000
core   0: 0x800068dc (0x41e85033) sra     zero, a6, t5
core   0: 3 0x800068dc (0x41e85033)
core   0: 0x800068e0 (0xebeb3a93) sltiu   s5, s6, -322
core   0: 3 0x800068e0 (0xebeb3a93) x21 0x00000001
core   0: 0x800068e4 (0x017fbf33) sltu    t5, t6, s7
core   0: 3 0x800068e4 (0x017fbf33) x30 0x00000000
core   0: 0x800068e8 (0x00000013) nop
core   0: 3 0x800068e8 (0x00000013)
core   0: 0x800068ec (0x401b5533) sra     a0, s6, ra
core   0: 3 0x800068ec (0x401b5533) x10 0x00000000
core   0: 0x800068f0 (0x8aafe517) auipc   a0, 0x8aafe
core   0: 3 0x800068f0 (0x8aafe517) x10 0x0ab048f0
core   0: 0x800068f4 (0x40025b13) srai    s6, tp, 0
core   0: 3 0x800068f4 (0x40025b13) x22 0x2ed7e000
core   0: 0x800068f8 (0x40685813) srai    a6, a6, 6
core   0: 3 0x800068f8 (0x40685813) x16 0x01934d78
core   0: 0x800068fc (0x2ec08597) auipc   a1, 0x2ec08
core   0: 3 0x800068fc (0x2ec08597) x11 0xaec0e8fc
core   0: 0x80006900 (0x60063c93) sltiu   s9, a2, 1536
core   0: 3 0x80006900 (0x60063c93) x25 0x00000000
core   0: 0x80006904 (0xda748537) lui     a0, 0xda748
core   0: 3 0x80006904 (0xda748537) x10 0xda748000
core   0: 0x80006908 (0x9cac2893) slti    a7, s8, -1590
core   0: 3 0x80006908 (0x9cac2893) x17 0x00000000
core   0: 0x8000690c (0x69ab8e13) addi    t3, s7, 1690
core   0: 3 0x8000690c (0x69ab8e13) x28 0x0000069a
core   0: 0x80006910 (0x00000013) nop
core   0: 3 0x80006910 (0x00000013)
core   0: 0x80006914 (0x0173e233) or      tp, t2, s7
core   0: 3 0x80006914 (0x0173e233) x 4 0x80011e64
core   0: 0x80006918 (0x5dac3993) sltiu   s3, s8, 1498
core   0: 3 0x80006918 (0x5dac3993) x19 0x00000001
core   0: 0x8000691c (0x0092ac33) slt     s8, t0, s1
core   0: 3 0x8000691c (0x0092ac33) x24 0x00000001
core   0: 0x80006920 (0xc6b70213) addi    tp, a4, -917
core   0: 3 0x80006920 (0xc6b70213) x 4 0xfffffc6b
core   0: 0x80006924 (0x4061d5b3) sra     a1, gp, t1
core   0: 3 0x80006924 (0x4061d5b3) x11 0x00000016
core   0: 0x80006928 (0xa5a80213) addi    tp, a6, -1446
core   0: 3 0x80006928 (0xa5a80213) x 4 0x019347d2
core   0: 0x8000692c (0x48da0093) addi    ra, s4, 1165
core   0: 3 0x8000692c (0x48da0093) x 1 0x0000048d
core   0: 0x80006930 (0xffcf3413) sltiu   s0, t5, -4
core   0: 3 0x80006930 (0xffcf3413) x 8 0x00000001
core   0: 0x80006934 (0x9b71fc93) andi    s9, gp, -1609
core   0: 3 0x80006934 (0x9b71fc93) x25 0x2d69e000
core   0: 0x80006938 (0x40aa5813) srai    a6, s4, 10
core   0: 3 0x80006938 (0x40aa5813) x16 0x00000000
core   0: 0x8000693c (0x01231733) sll     a4, t1, s2
core   0: 3 0x8000693c (0x01231733) x14 0x00000019
core   0: 0x80006940 (0x00e70e33) add     t3, a4, a4
core   0: 3 0x80006940 (0x00e70e33) x28 0x00000032
core   0: 0x80006944 (0x02f37837) lui     a6, 0x2f37
core   0: 3 0x80006944 (0x02f37837) x16 0x02f37000
core   0: 0x80006948 (0x018ad293) srli    t0, s5, 24
core   0: 3 0x80006948 (0x018ad293) x 5 0x00000000
core   0: 0x8000694c (0xca726413) ori     s0, tp, -857
core   0: 3 0x8000694c (0xca726413) x 8 0xfffffff7
core   0: 0x80006950 (0x005fbf33) sltu    t5, t6, t0
core   0: 3 0x80006950 (0x005fbf33) x30 0x00000000
core   0: 0x80006954 (0x01ddcd33) xor     s10, s11, t4
core   0: 3 0x80006954 (0x01ddcd33) x26 0x64d35e22
core   0: 0x80006958 (0x011f9913) slli    s2, t6, 17
core   0: 3 0x80006958 (0x011f9913) x18 0x00000000
core   0: 0x8000695c (0x18cc8d13) addi    s10, s9, 396
core   0: 3 0x8000695c (0x18cc8d13) x26 0x2d69e18c
core   0: 0x80006960 (0x4d2bb8b7) lui     a7, 0x4d2bb
core   0: 3 0x80006960 (0x4d2bb8b7) x17 0x4d2bb000
core   0: 0x80006964 (0x00b32bb3) slt     s7, t1, a1
core   0: 3 0x80006964 (0x00b32bb3) x23 0x00000000
core   0: 0x80006968 (0xa97e0037) lui     zero, 0xa97e0
core   0: 3 0x80006968 (0xa97e0037)
core   0: 0x8000696c (0x012d5033) srl     zero, s10, s2
core   0: 3 0x8000696c (0x012d5033)
core   0: 0x80006970 (0x001a29b3) slt     s3, s4, ra
core   0: 3 0x80006970 (0x001a29b3) x19 0x00000001
core   0: 0x80006974 (0x11c21917) auipc   s2, 0x11c21
core   0: 3 0x80006974 (0x11c21917) x18 0x91c27974
core   0: 0x80006978 (0x00ebd593) srli    a1, s7, 14
core   0: 3 0x80006978 (0x00ebd593) x11 0x00000000
core   0: 0x8000697c (0x01b7e233) or      tp, a5, s11
core   0: 3 0x8000697c (0x01b7e233) x 4 0xe7ffdeff
core   0: 0x80006980 (0x01e6c833) xor     a6, a3, t5
core   0: 3 0x80006980 (0x01e6c833) x16 0xda44771c
core   0: 0x80006984 (0x00d65bb3) srl     s7, a2, a3
core   0: 3 0x80006984 (0x00d65bb3) x23 0x00000008
core   0: 0x80006988 (0x0138d813) srli    a6, a7, 19
core   0: 3 0x80006988 (0x0138d813) x16 0x000009a5
core   0: 0x8000698c (0x00715f33) srl     t5, sp, t2
core   0: 3 0x8000698c (0x00715f33) x30 0x00000034
core   0: 0x80006990 (0x40655d93) srai    s11, a0, 6
core   0: 3 0x80006990 (0x40655d93) x27 0xff69d200
core   0: 0x80006994 (0x0611be13) sltiu   t3, gp, 97
core   0: 3 0x80006994 (0x0611be13) x28 0x00000000
core   0: 0x80006998 (0x00000013) nop
core   0: 3 0x80006998 (0x00000013)
core   0: 0x8000699c (0x71456f93) ori     t6, a0, 1812
core   0: 3 0x8000699c (0x71456f93) x31 0xda748714
core   0: 0x800069a0 (0x40cc5db3) sra     s11, s8, a2
core   0: 3 0x800069a0 (0x40cc5db3) x27 0x00000000
core   0: 0x800069a4 (0x003cfc33) and     s8, s9, gp
core   0: 3 0x800069a4 (0x003cfc33) x24 0x2d69e000
core   0: 0x800069a8 (0x00000013) nop
core   0: 3 0x800069a8 (0x00000013)
core   0: 0x800069ac (0x005fd533) srl     a0, t6, t0
core   0: 3 0x800069ac (0x005fd533) x10 0xda748714
core   0: 0x800069b0 (0x40030ab3) sub     s5, t1, zero
core   0: 3 0x800069b0 (0x40030ab3) x21 0x00000019
core   0: 0x800069b4 (0x00af59b3) srl     s3, t5, a0
core   0: 3 0x800069b4 (0x00af59b3) x19 0x00000000
core   0: 0x800069b8 (0x70e78513) addi    a0, a5, 1806
core   0: 3 0x800069b8 (0x70e78513) x10 0xe7aed7ed
core   0: 0x800069bc (0x71c8c113) xori    sp, a7, 1820
core   0: 3 0x800069bc (0x71c8c113) x 2 0x4d2bb71c
core   0: 0x800069c0 (0x412b8333) sub     t1, s7, s2
core   0: 3 0x800069c0 (0x412b8333) x 6 0x6e3d8694
core   0: 0x800069c4 (0x016b9d13) slli    s10, s7, 22
core   0: 3 0x800069c4 (0x016b9d13) x26 0x02000000
core   0: 0x800069c8 (0x0098e5b3) or      a1, a7, s1
core   0: 3 0x800069c8 (0x0098e5b3) x11 0x4d2bb001
core   0: 0x800069cc (0x00d84933) xor     s2, a6, a3
core   0: 3 0x800069cc (0x00d84933) x18 0xda447eb9
core   0: 0x800069d0 (0xbce8bf93) sltiu   t6, a7, -1074
core   0: 3 0x800069d0 (0xbce8bf93) x31 0x00000001
core   0: 0x800069d4 (0x014e1bb3) sll     s7, t3, s4
core   0: 3 0x800069d4 (0x014e1bb3) x23 0x00000000
core   0: 0x800069d8 (0x004aad33) slt     s10, s5, tp
core   0: 3 0x800069d8 (0x004aad33) x26 0x00000000
core   0: 0x800069dc (0x00532c33) slt     s8, t1, t0
core   0: 3 0x800069dc (0x00532c33) x24 0x00000000
core   0: 0x800069e0 (0xfc80be93) sltiu   t4, ra, -56
core   0: 3 0x800069e0 (0xfc80be93) x29 0x00000001
core   0: 0x800069e4 (0x00000713) li      a4, 0
core   0: 3 0x800069e4 (0x00000713) x14 0x00000000
core   0: 0x800069e8 (0xfff00b93) li      s7, -1
core   0: 3 0x800069e8 (0xfff00b93) x23 0xffffffff
core   0: 0x800069ec (0xfff00c93) li      s9, -1
core   0: 3 0x800069ec (0xfff00c93) x25 0xffffffff
core   0: 0x800069f0 (0xfff00993) li      s3, -1
core   0: 3 0x800069f0 (0xfff00993) x19 0xffffffff
core   0: 0x800069f4 (0x00000f93) li      t6, 0
core   0: 3 0x800069f4 (0x00000f93) x31 0x00000000
core   0: 0x800069f8 (0x80000237) lui     tp, 0x80000
core   0: 3 0x800069f8 (0x80000237) x 4 0x80000000
core   0: 0x800069fc (0x00000693) li      a3, 0
core   0: 3 0x800069fc (0x00000693) x13 0x00000000
core   0: 0x80006a00 (0x80000437) lui     s0, 0x80000
core   0: 3 0x80006a00 (0x80000437) x 8 0x80000000
core   0: 0x80006a04 (0x00000593) li      a1, 0
core   0: 3 0x80006a04 (0x00000593) x11 0x00000000
core   0: 0x80006a08 (0xfff00193) li      gp, -1
core   0: 3 0x80006a08 (0xfff00193) x 3 0xffffffff
core   0: 0x80006a0c (0xab0f05b7) lui     a1, 0xab0f0
core   0: 3 0x80006a0c (0xab0f05b7) x11 0xab0f0000
core   0: 0x80006a10 (0x2fcf1f97) auipc   t6, 0x2fcf1
core   0: 3 0x80006a10 (0x2fcf1f97) x31 0xafcf7a10
core   0: 0x80006a14 (0x00d20433) add     s0, tp, a3
core   0: 3 0x80006a14 (0x00d20433) x 8 0x80000000
core   0: 0x80006a18 (0x00000013) nop
core   0: 3 0x80006a18 (0x00000013)
core   0: 0x80006a1c (0x471a6fb7) lui     t6, 0x471a6
core   0: 3 0x80006a1c (0x471a6fb7) x31 0x471a6000
core   0: 0x80006a20 (0x82771bb7) lui     s7, 0x82771
core   0: 3 0x80006a20 (0x82771bb7) x23 0x82771000
core   0: 0x80006a24 (0x00000013) nop
core   0: 3 0x80006a24 (0x00000013)
core   0: 0x80006a28 (0x00000013) nop
core   0: 3 0x80006a28 (0x00000013)
core   0: 0x80006a2c (0xc3f1a1b7) lui     gp, 0xc3f1a
core   0: 3 0x80006a2c (0xc3f1a1b7) x 3 0xc3f1a000
core   0: 0x80006a30 (0x403b8cb3) sub     s9, s7, gp
core   0: 3 0x80006a30 (0x403b8cb3) x25 0xbe857000
core   0: 0x80006a34 (0x46546217) auipc   tp, 0x46546
core   0: 3 0x80006a34 (0x46546217) x 4 0xc654ca34
core   0: 0x80006a38 (0xc7a011b7) lui     gp, 0xc7a01
core   0: 3 0x80006a38 (0xc7a011b7) x 3 0xc7a01000
core   0: 0x80006a3c (0x417201b3) sub     gp, tp, s7
core   0: 3 0x80006a3c (0x417201b3) x 3 0x43ddba34
core   0: 0x80006a40 (0x00e981b3) add     gp, s3, a4
core   0: 3 0x80006a40 (0x00e981b3) x 3 0xffffffff
core   0: 0x80006a44 (0x01398fb3) add     t6, s3, s3
core   0: 3 0x80006a44 (0x01398fb3) x31 0xfffffffe
core   0: 0x80006a48 (0x9c0a19b7) lui     s3, 0x9c0a1
core   0: 3 0x80006a48 (0x9c0a19b7) x19 0x9c0a1000
core   0: 0x80006a4c (0x00000013) nop
core   0: 3 0x80006a4c (0x00000013)
core   0: 0x80006a50 (0x68870713) addi    a4, a4, 1672
core   0: 3 0x80006a50 (0x68870713) x14 0x00000688
core   0: 0x80006a54 (0x404701b3) sub     gp, a4, tp
core   0: 3 0x80006a54 (0x404701b3) x 3 0x39ab3c54
core   0: 0x80006a58 (0x01fc86b3) add     a3, s9, t6
core   0: 3 0x80006a58 (0x01fc86b3) x13 0xbe856ffe
core   0: 0x80006a5c (0x01768233) add     tp, a3, s7
core   0: 3 0x80006a5c (0x01768233) x 4 0x40fc7ffe
core   0: 0x80006a60 (0x38b18213) addi    tp, gp, 907
core   0: 3 0x80006a60 (0x38b18213) x 4 0x39ab3fdf
core   0: 0x80006a64 (0x579afb97) auipc   s7, 0x579af
core   0: 3 0x80006a64 (0x579afb97) x23 0xd79b5a64
core   0: 0x80006a68 (0x523b5b97) auipc   s7, 0x523b5
core   0: 3 0x80006a68 (0x523b5b97) x23 0xd23bba68
core   0: 0x80006a6c (0x41fb8cb3) sub     s9, s7, t6
core   0: 3 0x80006a6c (0x41fb8cb3) x25 0xd23bba6a
core   0: 0x80006a70 (0xc318dcb7) lui     s9, 0xc318d
core   0: 3 0x80006a70 (0xc318dcb7) x25 0xc318d000
core   0: 0x80006a74 (0x00000013) nop
core   0: 3 0x80006a74 (0x00000013)
core   0: 0x80006a78 (0x201bccb7) lui     s9, 0x201bc
core   0: 3 0x80006a78 (0x201bccb7) x25 0x201bc000
core   0: 0x80006a7c (0x9da59e37) lui     t3, 0x9da59
core   0: 3 0x80006a7c (0x9da59e37) x28 0x9da59000
core   0: 0x80006a80 (0x40c90b33) sub     s6, s2, a2
core   0: 3 0x80006a80 (0x40c90b33) x22 0x5a4321d5
core   0: 0x80006a84 (0x018c9293) slli    t0, s9, 24
core   0: 3 0x80006a84 (0x018c9293) x 5 0x00000000
core   0: 0x80006a88 (0x7e706f93) ori     t6, zero, 2023
core   0: 3 0x80006a88 (0x7e706f93) x31 0x000007e7
core   0: 0x80006a8c (0x0072c933) xor     s2, t0, t2
core   0: 3 0x80006a8c (0x0072c933) x18 0x80011e64
core   0: 0x80006a90 (0x738f4b93) xori    s7, t5, 1848
core   0: 3 0x80006a90 (0x738f4b93) x23 0x0000070c
core   0: 0x80006a94 (0x41690e33) sub     t3, s2, s6
core   0: 3 0x80006a94 (0x41690e33) x28 0x25bdfc8f
core   0: 0x80006a98 (0x00a25f93) srli    t6, tp, 10
core   0: 3 0x80006a98 (0x00a25f93) x31 0x000e6acf
core   0: 0x80006a9c (0x002c0db3) add     s11, s8, sp
core   0: 3 0x80006a9c (0x002c0db3) x27 0x4d2bb71c
core   0: 0x80006aa0 (0x12d67493) andi    s1, a2, 301
core   0: 3 0x80006aa0 (0x12d67493) x 9 0x00000024
core   0: 0x80006aa4 (0x01749433) sll     s0, s1, s7
core   0: 3 0x80006aa4 (0x01749433) x 8 0x00024000
core   0: 0x80006aa8 (0x402f8a33) sub     s4, t6, sp
core   0: 3 0x80006aa8 (0x402f8a33) x20 0xb2e2b3b3
core   0: 0x80006aac (0xd194bf93) sltiu   t6, s1, -743
core   0: 3 0x80006aac (0xd194bf93) x31 0x00000001
core   0: 0x80006ab0 (0x00e232b3) sltu    t0, tp, a4
core   0: 3 0x80006ab0 (0x00e232b3) x 5 0x00000000
core   0: 0x80006ab4 (0x00c5da13) srli    s4, a1, 12
core   0: 3 0x80006ab4 (0x00c5da13) x20 0x000ab0f0
core   0: 0x80006ab8 (0x00c7efb3) or      t6, a5, a2
core   0: 3 0x80006ab8 (0x00c7efb3) x31 0xe7afdcff
core   0: 0x80006abc (0xeecd0413) addi    s0, s10, -276
core   0: 3 0x80006abc (0xeecd0413) x 8 0xfffffeec
core   0: 0x80006ac0 (0xb9222c93) slti    s9, tp, -1134
core   0: 3 0x80006ac0 (0xb9222c93) x25 0x00000000
core   0: 0x80006ac4 (0x00e0d093) srli    ra, ra, 14
core   0: 3 0x80006ac4 (0x00e0d093) x 1 0x00000000
core   0: 0x80006ac8 (0x419ade93) srai    t4, s5, 25
core   0: 3 0x80006ac8 (0x419ade93) x29 0x00000000
core   0: 0x80006acc (0x416a5a93) srai    s5, s4, 22
core   0: 3 0x80006acc (0x416a5a93) x21 0x00000000
core   0: 0x80006ad0 (0x00fd9b93) slli    s7, s11, 15
core   0: 3 0x80006ad0 (0x00fd9b93) x23 0xdb8e0000
core   0: 0x80006ad4 (0x00fbf8b3) and     a7, s7, a5
core   0: 3 0x80006ad4 (0x00fbf8b3) x17 0xc38e0000
core   0: 0x80006ad8 (0x00000013) nop
core   0: 3 0x80006ad8 (0x00000013)
core   0: 0x80006adc (0x012814b3) sll     s1, a6, s2
core   0: 3 0x80006adc (0x012814b3) x 9 0x00009a50
core   0: 0x80006ae0 (0xe79d3e93) sltiu   t4, s10, -391
core   0: 3 0x80006ae0 (0xe79d3e93) x29 0x00000001
core   0: 0x80006ae4 (0x01d65a93) srli    s5, a2, 29
core   0: 3 0x80006ae4 (0x01d65a93) x21 0x00000004
core   0: 0x80006ae8 (0x0021b8b3) sltu    a7, gp, sp
core   0: 3 0x80006ae8 (0x0021b8b3) x17 0x00000001
core   0: 0x80006aec (0xb05b4f93) xori    t6, s6, -1275
core   0: 3 0x80006aec (0xb05b4f93) x31 0xa5bcdad0
core   0: 0x80006af0 (0x00223d33) sltu    s10, tp, sp
core   0: 3 0x80006af0 (0x00223d33) x26 0x00000001
core   0: 0x80006af4 (0x00a25413) srli    s0, tp, 10
core   0: 3 0x80006af4 (0x00a25413) x 8 0x000e6acf
core   0: 0x80006af8 (0x9bb0b013) sltiu   zero, ra, -1605
core   0: 3 0x80006af8 (0x9bb0b013)
core   0: 0x80006afc (0x48c92693) slti    a3, s2, 1164
core   0: 3 0x80006afc (0x48c92693) x13 0x00000001
core   0: 0x80006b00 (0x416b5913) srai    s2, s6, 22
core   0: 3 0x80006b00 (0x416b5913) x18 0x00000169
core   0: 0x80006b04 (0x01d4df93) srli    t6, s1, 29
core   0: 3 0x80006b04 (0x01d4df93) x31 0x00000000
core   0: 0x80006b08 (0x00000013) nop
core   0: 3 0x80006b08 (0x00000013)
core   0: 0x80006b0c (0x01965e93) srli    t4, a2, 25
core   0: 3 0x80006b0c (0x01965e93) x29 0x00000040
core   0: 0x80006b10 (0x001f3a33) sltu    s4, t5, ra
core   0: 3 0x80006b10 (0x001f3a33) x20 0x00000000
core   0: 0x80006b14 (0x00499333) sll     t1, s3, tp
core   0: 3 0x80006b14 (0x00499333) x 6 0x00000000
core   0: 0x80006b18 (0xe3deb293) sltiu   t0, t4, -451
core   0: 3 0x80006b18 (0xe3deb293) x 5 0x00000001
core   0: 0x80006b1c (0xf3957593) andi    a1, a0, -199
core   0: 3 0x80006b1c (0xf3957593) x11 0xe7aed729
core   0: 0x80006b20 (0x27c7a513) slti    a0, a5, 636
core   0: 3 0x80006b20 (0x27c7a513) x10 0x00000001
core   0: 0x80006b24 (0xd88b6d13) ori     s10, s6, -632
core   0: 3 0x80006b24 (0xd88b6d13) x26 0xfffffddd
core   0: 0x80006b28 (0xd2a792b7) lui     t0, 0xd2a79
core   0: 3 0x80006b28 (0xd2a792b7) x 5 0xd2a79000
core   0: 0x80006b2c (0x41b28e33) sub     t3, t0, s11
core   0: 3 0x80006b2c (0x41b28e33) x28 0x857bd8e4
core   0: 0x80006b30 (0x00ae15b3) sll     a1, t3, a0
core   0: 3 0x80006b30 (0x00ae15b3) x11 0x0af7b1c8
core   0: 0x80006b34 (0x19726813) ori     a6, tp, 407
core   0: 3 0x80006b34 (0x19726813) x16 0x39ab3fdf
core   0: 0x80006b38 (0x01661c13) slli    s8, a2, 22
core   0: 3 0x80006b38 (0x01661c13) x24 0x39000000
core   0: 0x80006b3c (0xab072713) slti    a4, a4, -1360
core   0: 3 0x80006b3c (0xab072713) x14 0x00000000
core   0: 0x80006b40 (0x413e8bb3) sub     s7, t4, s3
core   0: 3 0x80006b40 (0x413e8bb3) x23 0x63f5f040
core   0: 0x80006b44 (0x82d6f013) andi    zero, a3, -2003
core   0: 3 0x80006b44 (0x82d6f013)
core   0: 0x80006b48 (0x5f806c93) ori     s9, zero, 1528
core   0: 3 0x80006b48 (0x5f806c93) x25 0x000005f8
core   0: 0x80006b4c (0x40d4dcb3) sra     s9, s1, a3
core   0: 3 0x80006b4c (0x40d4dcb3) x25 0x00004d28
core   0: 0x80006b50 (0x40735c13) srai    s8, t1, 7
core   0: 3 0x80006b50 (0x40735c13) x24 0x00000000
core   0: 0x80006b54 (0x010aa8b3) slt     a7, s5, a6
core   0: 3 0x80006b54 (0x010aa8b3) x17 0x00000001
core   0: 0x80006b58 (0x58c0f213) andi    tp, ra, 1420
core   0: 3 0x80006b58 (0x58c0f213) x 4 0x00000000
core   0: 0x80006b5c (0x007a40b3) xor     ra, s4, t2
core   0: 3 0x80006b5c (0x007a40b3) x 1 0x80011e64
core   0: 0x80006b60 (0x00623ab3) sltu    s5, tp, t1
core   0: 3 0x80006b60 (0x00623ab3) x21 0x00000000
core   0: 0x80006b64 (0x3cfc7a93) andi    s5, s8, 975
core   0: 3 0x80006b64 (0x3cfc7a93) x21 0x00000000
core   0: 0x80006b68 (0x01e4e333) or      t1, s1, t5
core   0: 3 0x80006b68 (0x01e4e333) x 6 0x00009a74
core   0: 0x80006b6c (0x01809ab3) sll     s5, ra, s8
core   0: 3 0x80006b6c (0x01809ab3) x21 0x80011e64
core   0: 0x80006b70 (0x011ea2b3) slt     t0, t4, a7
core   0: 3 0x80006b70 (0x011ea2b3) x 5 0x00000000
core   0: 0x80006b74 (0x01db7933) and     s2, s6, t4
core   0: 3 0x80006b74 (0x01db7933) x18 0x00000040
core   0: 0x80006b78 (0xec9b3193) sltiu   gp, s6, -311
core   0: 3 0x80006b78 (0xec9b3193) x 3 0x00000001
core   0: 0x80006b7c (0x0138ecb3) or      s9, a7, s3
core   0: 3 0x80006b7c (0x0138ecb3) x25 0x9c0a1001
core   0: 0x80006b80 (0xf9557993) andi    s3, a0, -107
core   0: 3 0x80006b80 (0xf9557993) x19 0x00000001
core   0: 0x80006b84 (0x351c3313) sltiu   t1, s8, 849
core   0: 3 0x80006b84 (0x351c3313) x 6 0x00000001
core   0: 0x80006b88 (0xb8ae4413) xori    s0, t3, -1142
core   0: 3 0x80006b88 (0xb8ae4413) x 8 0x7a84236e
core   0: 0x80006b8c (0x0064b933) sltu    s2, s1, t1
core   0: 3 0x80006b8c (0x0064b933) x18 0x00000000
core   0: 0x80006b90 (0x414886b3) sub     a3, a7, s4
core   0: 3 0x80006b90 (0x414886b3) x13 0x00000001
core   0: 0x80006b94 (0xb99e3513) sltiu   a0, t3, -1127
core   0: 3 0x80006b94 (0xb99e3513) x10 0x00000001
core   0: 0x80006b98 (0x250b3e93) sltiu   t4, s6, 592
core   0: 3 0x80006b98 (0x250b3e93) x29 0x00000000
core   0: 0x80006b9c (0x01984cb3) xor     s9, a6, s9
core   0: 3 0x80006b9c (0x01984cb3) x25 0xa5a12fde
core   0: 0x80006ba0 (0x017f6333) or      t1, t5, s7
core   0: 3 0x80006ba0 (0x017f6333) x 6 0x63f5f074
core   0: 0x80006ba4 (0x0005f533) and     a0, a1, zero
core   0: 3 0x80006ba4 (0x0005f533) x10 0x00000000
core   0: 0x80006ba8 (0xc2830717) auipc   a4, 0xc2830
core   0: 3 0x80006ba8 (0xc2830717) x14 0x42836ba8
core   0: 0x80006bac (0xb52f3f13) sltiu   t5, t5, -1198
core   0: 3 0x80006bac (0xb52f3f13) x30 0x00000001
core   0: 0x80006bb0 (0x0120d033) srl     zero, ra, s2
core   0: 3 0x80006bb0 (0x0120d033)
core   0: 0x80006bb4 (0x60410893) addi    a7, sp, 1540
core   0: 3 0x80006bb4 (0x60410893) x17 0x4d2bbd20
core   0: 0x80006bb8 (0x00000013) nop
core   0: 3 0x80006bb8 (0x00000013)
core   0: 0x80006bbc (0x00650db3) add     s11, a0, t1
core   0: 3 0x80006bbc (0x00650db3) x27 0x63f5f074
core   0: 0x80006bc0 (0x4a9a2e93) slti    t4, s4, 1193
core   0: 3 0x80006bc0 (0x4a9a2e93) x29 0x00000001
core   0: 0x80006bc4 (0x23592213) slti    tp, s2, 565
core   0: 3 0x80006bc4 (0x23592213) x 4 0x00000001
core   0: 0x80006bc8 (0xc1570413) addi    s0, a4, -1003
core   0: 3 0x80006bc8 (0xc1570413) x 8 0x428367bd
core   0: 0x80006bcc (0x00000013) nop
core   0: 3 0x80006bcc (0x00000013)
core   0: 0x80006bd0 (0x10278f13) addi    t5, a5, 258
core   0: 3 0x80006bd0 (0x10278f13) x30 0xe7aed1e1
core   0: 0x80006bd4 (0x00000013) nop
core   0: 3 0x80006bd4 (0x00000013)
core   0: 0x80006bd8 (0x00a96eb3) or      t4, s2, a0
core   0: 3 0x80006bd8 (0x00a96eb3) x29 0x00000000
core   0: 0x80006bdc (0xab1ee913) ori     s2, t4, -1359
core   0: 3 0x80006bdc (0xab1ee913) x18 0xfffffab1
core   0: 0x80006be0 (0x4d0e8693) addi    a3, t4, 1232
core   0: 3 0x80006be0 (0x4d0e8693) x13 0x000004d0
core   0: 0x80006be4 (0x4191db33) sra     s6, gp, s9
core   0: 3 0x80006be4 (0x4191db33) x22 0x00000000
core   0: 0x80006be8 (0xa1ef2913) slti    s2, t5, -1506
core   0: 3 0x80006be8 (0xa1ef2913) x18 0x00000001
core   0: 0x80006bec (0x00090133) add     sp, s2, zero
core   0: 3 0x80006bec (0x00090133) x 2 0x00000001
core   0: 0x80006bf0 (0xf23fac93) slti    s9, t6, -221
core   0: 3 0x80006bf0 (0xf23fac93) x25 0x00000000
core   0: 0x80006bf4 (0x013b29b3) slt     s3, s6, s3
core   0: 3 0x80006bf4 (0x013b29b3) x19 0x00000001
core   0: 0x80006bf8 (0x000a61b3) or      gp, s4, zero
core   0: 3 0x80006bf8 (0x000a61b3) x 3 0x00000000
core   0: 0x80006bfc (0x01ebb8b3) sltu    a7, s7, t5
core   0: 3 0x80006bfc (0x01ebb8b3) x17 0x00000001
core   0: 0x80006c00 (0x41e9d9b3) sra     s3, s3, t5
core   0: 3 0x80006c00 (0x41e9d9b3) x19 0x00000000
core   0: 0x80006c04 (0x40f25e13) srai    t3, tp, 15
core   0: 3 0x80006c04 (0x40f25e13) x28 0x00000000
core   0: 0x80006c08 (0x01a41ab3) sll     s5, s0, s10
core   0: 3 0x80006c08 (0x01a41ab3) x21 0xa0000000
core   0: 0x80006c0c (0x70353493) sltiu   s1, a0, 1795
core   0: 3 0x80006c0c (0x70353493) x 9 0x00000001
core   0: 0x80006c10 (0x001d1b93) slli    s7, s10, 1
core   0: 3 0x80006c10 (0x001d1b93) x23 0xfffffbba
core   0: 0x80006c14 (0x00199e13) slli    t3, s3, 1
core   0: 3 0x80006c14 (0x00199e13) x28 0x00000000
core   0: 0x80006c18 (0x925f6a13) ori     s4, t5, -1755
core   0: 3 0x80006c18 (0x925f6a13) x20 0xfffff9e5
core   0: 0x80006c1c (0x40c3dd33) sra     s10, t2, a2
core   0: 3 0x80006c1c (0x40c3dd33) x26 0xf80011e6
core   0: 0x80006c20 (0xb4077c13) andi    s8, a4, -1216
core   0: 3 0x80006c20 (0xb4077c13) x24 0x42836b00
core   0: 0x80006c24 (0x9eb40913) addi    s2, s0, -1557
core   0: 3 0x80006c24 (0x9eb40913) x18 0x428361a8
core   0: 0x80006c28 (0x40508333) sub     t1, ra, t0
core   0: 3 0x80006c28 (0x40508333) x 6 0x80011e64
core   0: 0x80006c2c (0x40188cb3) sub     s9, a7, ra
core   0: 3 0x80006c2c (0x40188cb3) x25 0x7ffee19d
core   0: 0x80006c30 (0x4de1cf93) xori    t6, gp, 1246
core   0: 3 0x80006c30 (0x4de1cf93) x31 0x000004de
core   0: 0x80006c34 (0x2687eb13) ori     s6, a5, 616
core   0: 3 0x80006c34 (0x2687eb13) x22 0xe7aed2ff
core   0: 0x80006c38 (0x415fd033) sra     zero, t6, s5
core   0: 3 0x80006c38 (0x415fd033)
core   0: 0x80006c3c (0x01e1d593) srli    a1, gp, 30
core   0: 3 0x80006c3c (0x01e1d593) x11 0x00000000
core   0: 0x80006c40 (0x01e11193) slli    gp, sp, 30
core   0: 3 0x80006c40 (0x01e11193) x 3 0x40000000
core   0: 0x80006c44 (0xda60c993) xori    s3, ra, -602
core   0: 3 0x80006c44 (0xda60c993) x19 0x7ffee3c2
core   0: 0x80006c48 (0x7d278d93) addi    s11, a5, 2002
core   0: 3 0x80006c48 (0x7d278d93) x27 0xe7aed8b1
core   0: 0x80006c4c (0x57d58f97) auipc   t6, 0x57d58
core   0: 3 0x80006c4c (0x57d58f97) x31 0xd7d5ec4c
core   0: 0x80006c50 (0xc3d78813) addi    a6, a5, -963
core   0: 3 0x80006c50 (0xc3d78813) x16 0xe7aecd1c
core   0: 0x80006c54 (0x00898f33) add     t5, s3, s0
core   0: 3 0x80006c54 (0x00898f33) x30 0xc2824b7f
core   0: 0x80006c58 (0x255c4a93) xori    s5, s8, 597
core   0: 3 0x80006c58 (0x255c4a93) x21 0x42836955
core   0: 0x80006c5c (0x0176ab33) slt     s6, a3, s7
core   0: 3 0x80006c5c (0x0176ab33) x22 0x00000000
core   0: 0x80006c60 (0x3270f193) andi    gp, ra, 807
core   0: 3 0x80006c60 (0x3270f193) x 3 0x00000224
core   0: 0x80006c64 (0x007a5933) srl     s2, s4, t2
core   0: 3 0x80006c64 (0x007a5933) x18 0x0fffff9e
core   0: 0x80006c68 (0x01c52f33) slt     t5, a0, t3
core   0: 3 0x80006c68 (0x01c52f33) x30 0x00000000
core   0: 0x80006c6c (0x40e2de33) sra     t3, t0, a4
core   0: 3 0x80006c6c (0x40e2de33) x28 0x00000000
core   0: 0x80006c70 (0x00ff22b3) slt     t0, t5, a5
core   0: 3 0x80006c70 (0x00ff22b3) x 5 0x00000000
core   0: 0x80006c74 (0x01568d33) add     s10, a3, s5
core   0: 3 0x80006c74 (0x01568d33) x26 0x42836e25
core   0: 0x80006c78 (0x721d3e93) sltiu   t4, s10, 1825
core   0: 3 0x80006c78 (0x721d3e93) x29 0x00000000
core   0: 0x80006c7c (0x00a87933) and     s2, a6, a0
core   0: 3 0x80006c7c (0x00a87933) x18 0x00000000
core   0: 0x80006c80 (0x419651b3) sra     gp, a2, s9
core   0: 3 0x80006c80 (0x419651b3) x 3 0xfffffffc
core   0: 0x80006c84 (0x76846213) ori     tp, s0, 1896
core   0: 3 0x80006c84 (0x76846213) x 4 0x428367fd
core   0: 0x80006c88 (0x8e9f7d37) lui     s10, 0x8e9f7
core   0: 3 0x80006c88 (0x8e9f7d37) x26 0x8e9f7000
core   0: 0x80006c8c (0x013d3333) sltu    t1, s10, s3
core   0: 3 0x80006c8c (0x013d3333) x 6 0x00000000
core   0: 0x80006c90 (0x01b495b3) sll     a1, s1, s11
core   0: 3 0x80006c90 (0x01b495b3) x11 0x00020000
core   0: 0x80006c94 (0x00000013) nop
core   0: 3 0x80006c94 (0x00000013)
core   0: 0x80006c98 (0xb3774313) xori    t1, a4, -1225
core   0: 3 0x80006c98 (0xb3774313) x 6 0xbd7c909f
core   0: 0x80006c9c (0x40d75893) srai    a7, a4, 13
core   0: 3 0x80006c9c (0x40d75893) x17 0x0002141b
core   0: 0x80006ca0 (0x00986db3) or      s11, a6, s1
core   0: 3 0x80006ca0 (0x00986db3) x27 0xe7aecd1d
core   0: 0x80006ca4 (0x7a56b313) sltiu   t1, a3, 1957
core   0: 3 0x80006ca4 (0x7a56b313) x 6 0x00000001
core   0: 0x80006ca8 (0x01f97c33) and     s8, s2, t6
core   0: 3 0x80006ca8 (0x01f97c33) x24 0x00000000
core   0: 0x80006cac (0x006e9d13) slli    s10, t4, 6
core   0: 3 0x80006cac (0x006e9d13) x26 0x00000000
core   0: 0x80006cb0 (0x1bc0ba13) sltiu   s4, ra, 444
core   0: 3 0x80006cb0 (0x1bc0ba13) x20 0x00000000
core   0: 0x80006cb4 (0x6aea4437) lui     s0, 0x6aea4
core   0: 3 0x80006cb4 (0x6aea4437) x 8 0x6aea4000
core   0: 0x80006cb8 (0x112bc937) lui     s2, 0x112bc
core   0: 3 0x80006cb8 (0x112bc937) x18 0x112bc000
core   0: 0x80006cbc (0x01a4dc93) srli    s9, s1, 26
core   0: 3 0x80006cbc (0x01a4dc93) x25 0x00000000
core   0: 0x80006cc0 (0x00000013) nop
core   0: 3 0x80006cc0 (0x00000013)
core   0: 0x80006cc4 (0x01e35993) srli    s3, t1, 30
core   0: 3 0x80006cc4 (0x01e35993) x19 0x00000000
core   0: 0x80006cc8 (0x0052dd33) srl     s10, t0, t0
core   0: 3 0x80006cc8 (0x0052dd33) x26 0x00000000
core   0: 0x80006ccc (0x01699233) sll     tp, s3, s6
core   0: 3 0x80006ccc (0x01699233) x 4 0x00000000
core   0: 0x80006cd0 (0x0e340693) addi    a3, s0, 227
core   0: 3 0x80006cd0 (0x0e340693) x13 0x6aea40e3
core   0: 0x80006cd4 (0x0025d993) srli    s3, a1, 2
core   0: 3 0x80006cd4 (0x0025d993) x19 0x00008000
core   0: 0x80006cd8 (0x00127d33) and     s10, tp, ra
core   0: 3 0x80006cd8 (0x00127d33) x26 0x00000000
core   0: 0x80006cdc (0xd8172093) slti    ra, a4, -639
core   0: 3 0x80006cdc (0xd8172093) x 1 0x00000000
core   0: 0x80006ce0 (0x011e1333) sll     t1, t3, a7
core   0: 3 0x80006ce0 (0x011e1333) x 6 0x00000000
core   0: 0x80006ce4 (0x00000013) nop
core   0: 3 0x80006ce4 (0x00000013)
core   0: 0x80006ce8 (0x80842f93) slti    t6, s0, -2040
core   0: 3 0x80006ce8 (0x80842f93) x31 0x00000000
core   0: 0x80006cec (0x0000cf33) xor     t5, ra, zero
core   0: 3 0x80006cec (0x0000cf33) x30 0x00000000
core   0: 0x80006cf0 (0x0165ec33) or      s8, a1, s6
core   0: 3 0x80006cf0 (0x0165ec33) x24 0x00020000
core   0: 0x80006cf4 (0x00189913) slli    s2, a7, 1
core   0: 3 0x80006cf4 (0x00189913) x18 0x00042836
core   0: 0x80006cf8 (0x9107b513) sltiu   a0, a5, -1776
core   0: 3 0x80006cf8 (0x9107b513) x10 0x00000001
core   0: 0x80006cfc (0x014692b3) sll     t0, a3, s4
core   0: 3 0x80006cfc (0x014692b3) x 5 0x6aea40e3
core   0: 0x80006d00 (0x0027e6b3) or      a3, a5, sp
core   0: 3 0x80006d00 (0x0027e6b3) x13 0xe7aed0df
core   0: 0x80006d04 (0xccfb0293) addi    t0, s6, -817
core   0: 3 0x80006d04 (0xccfb0293) x 5 0xfffffccf
core   0: 0x80006d08 (0x015bc2b3) xor     t0, s7, s5
core   0: 3 0x80006d08 (0x015bc2b3) x 5 0xbd7c92ef
core   0: 0x80006d0c (0x86a14837) lui     a6, 0x86a14
core   0: 3 0x80006d0c (0x86a14837) x16 0x86a14000
core   0: 0x80006d10 (0x77c34a17) auipc   s4, 0x77c34
core   0: 3 0x80006d10 (0x77c34a17) x20 0xf7c3ad10
core   0: 0x80006d14 (0x0059c1b3) xor     gp, s3, t0
core   0: 3 0x80006d14 (0x0059c1b3) x 3 0xbd7c12ef
core   0: 0x80006d18 (0x01d3dd93) srli    s11, t2, 29
core   0: 3 0x80006d18 (0x01d3dd93) x27 0x00000004
core   0: 0x80006d1c (0x408b5c33) sra     s8, s6, s0
core   0: 3 0x80006d1c (0x408b5c33) x24 0x00000000
core   0: 0x80006d20 (0x41345313) srai    t1, s0, 19
core   0: 3 0x80006d20 (0x41345313) x 6 0x00000d5d
core   0: 0x80006d24 (0x3d6d8a13) addi    s4, s11, 982
core   0: 3 0x80006d24 (0x3d6d8a13) x20 0x000003da
core   0: 0x80006d28 (0xd9bf8917) auipc   s2, 0xd9bf8
core   0: 3 0x80006d28 (0xd9bf8917) x18 0x59bfed28
core   0: 0x80006d2c (0x41f90033) sub     zero, s2, t6
core   0: 3 0x80006d2c (0x41f90033)
core   0: 0x80006d30 (0x01a03a33) snez    s4, s10
core   0: 3 0x80006d30 (0x01a03a33) x20 0x00000000
core   0: 0x80006d34 (0x006d84b3) add     s1, s11, t1
core   0: 3 0x80006d34 (0x006d84b3) x 9 0x00000d61
core   0: 0x80006d38 (0x59cfdc97) auipc   s9, 0x59cfd
core   0: 3 0x80006d38 (0x59cfdc97) x25 0xd9d03d38
core   0: 0x80006d3c (0x1f210a93) addi    s5, sp, 498
core   0: 3 0x80006d3c (0x1f210a93) x21 0x000001f3
core   0: 0x80006d40 (0x01465d33) srl     s10, a2, s4
core   0: 3 0x80006d40 (0x01465d33) x26 0x80015ce4
core   0: 0x80006d44 (0xa98cff13) andi    t5, s9, -1384
core   0: 3 0x80006d44 (0xa98cff13) x30 0xd9d03818
core   0: 0x80006d48 (0x00e7de93) srli    t4, a5, 14
core   0: 3 0x80006d48 (0x00e7de93) x29 0x00039ebb
core   0: 0x80006d4c (0x41305593) srai    a1, zero, 19
core   0: 3 0x80006d4c (0x41305593) x11 0x00000000
core   0: 0x80006d50 (0x08eea297) auipc   t0, 0x8eea
core   0: 3 0x80006d50 (0x08eea297) x 5 0x88ef0d50
core   0: 0x80006d54 (0x01ad9733) sll     a4, s11, s10
core   0: 3 0x80006d54 (0x01ad9733) x14 0x00000040
core   0: 0x80006d58 (0x01bd2cb3) slt     s9, s10, s11
core   0: 3 0x80006d58 (0x01bd2cb3) x25 0x00000001
core   0: 0x80006d5c (0xb9338593) addi    a1, t2, -1133
core   0: 3 0x80006d5c (0xb9338593) x11 0x800119f7
core   0: 0x80006d60 (0x33ad4517) auipc   a0, 0x33ad4
core   0: 3 0x80006d60 (0x33ad4517) x10 0xb3adad60
core   0: 0x80006d64 (0x009d22b3) slt     t0, s10, s1
core   0: 3 0x80006d64 (0x009d22b3) x 5 0x00000001
core   0: 0x80006d68 (0x40a78033) sub     zero, a5, a0
core   0: 3 0x80006d68 (0x40a78033)
core   0: 0x80006d6c (0x0194d333) srl     t1, s1, s9
core   0: 3 0x80006d6c (0x0194d333) x 6 0x000006b0
core   0: 0x80006d70 (0x0024bd33) sltu    s10, s1, sp
core   0: 3 0x80006d70 (0x0024bd33) x26 0x00000000
core   0: 0x80006d74 (0xc9ee8813) addi    a6, t4, -866
core   0: 3 0x80006d74 (0xc9ee8813) x16 0x00039b59
core   0: 0x80006d78 (0x01a67533) and     a0, a2, s10
core   0: 3 0x80006d78 (0x01a67533) x10 0x00000000
core   0: 0x80006d7c (0xc39ec093) xori    ra, t4, -967
core   0: 3 0x80006d7c (0xc39ec093) x 1 0xfffc6282
core   0: 0x80006d80 (0x4015d093) srai    ra, a1, 1
core   0: 3 0x80006d80 (0x4015d093) x 1 0xc0008cfb
core   0: 0x80006d84 (0x294f7193) andi    gp, t5, 660
core   0: 3 0x80006d84 (0x294f7193) x 3 0x00000010
core   0: 0x80006d88 (0xf16dc693) xori    a3, s11, -234
core   0: 3 0x80006d88 (0xf16dc693) x13 0xffffff12
core   0: 0x80006d8c (0x7c66e113) ori     sp, a3, 1990
core   0: 3 0x80006d8c (0x7c66e113) x 2 0xffffffd6
core   0: 0x80006d90 (0x91ee6b93) ori     s7, t3, -1762
core   0: 3 0x80006d90 (0x91ee6b93) x23 0xfffff91e
core   0: 0x80006d94 (0x9d744337) lui     t1, 0x9d744
core   0: 3 0x80006d94 (0x9d744337) x 6 0x9d744000
core   0: 0x80006d98 (0x011b5b33) srl     s6, s6, a7
core   0: 3 0x80006d98 (0x011b5b33) x22 0x00000000
core   0: 0x80006d9c (0x00000013) nop
core   0: 3 0x80006d9c (0x00000013)
core   0: 0x80006da0 (0x000f3233) sltu    tp, t5, zero
core   0: 3 0x80006da0 (0x000f3233) x 4 0x00000000
core   0: 0x80006da4 (0x01b2ec33) or      s8, t0, s11
core   0: 3 0x80006da4 (0x01b2ec33) x24 0x00000005
core   0: 0x80006da8 (0x00fb0433) add     s0, s6, a5
core   0: 3 0x80006da8 (0x00fb0433) x 8 0xe7aed0df
core   0: 0x80006dac (0x00575833) srl     a6, a4, t0
core   0: 3 0x80006dac (0x00575833) x16 0x00000020
core   0: 0x80006db0 (0x0107a2b3) slt     t0, a5, a6
core   0: 3 0x80006db0 (0x0107a2b3) x 5 0x00000001
core   0: 0x80006db4 (0x01c8aa33) slt     s4, a7, t3
core   0: 3 0x80006db4 (0x01c8aa33) x20 0x00000000
core   0: 0x80006db8 (0x41e9de33) sra     t3, s3, t5
core   0: 3 0x80006db8 (0x41e9de33) x28 0x00000000
core   0: 0x80006dbc (0x101ccb13) xori    s6, s9, 257
core   0: 3 0x80006dbc (0x101ccb13) x22 0x00000100
core   0: 0x80006dc0 (0xf9a96193) ori     gp, s2, -102
core   0: 3 0x80006dc0 (0xf9a96193) x 3 0xffffffba
core   0: 0x80006dc4 (0x01bd2733) slt     a4, s10, s11
core   0: 3 0x80006dc4 (0x01bd2733) x14 0x00000001
core   0: 0x80006dc8 (0x00fdf833) and     a6, s11, a5
core   0: 3 0x80006dc8 (0x00fdf833) x16 0x00000004
core   0: 0x80006dcc (0x014d1933) sll     s2, s10, s4
core   0: 3 0x80006dcc (0x014d1933) x18 0x00000000
core   0: 0x80006dd0 (0x010f3833) sltu    a6, t5, a6
core   0: 3 0x80006dd0 (0x010f3833) x16 0x00000000
core   0: 0x80006dd4 (0x00512433) slt     s0, sp, t0
core   0: 3 0x80006dd4 (0x00512433) x 8 0x00000001
core   0: 0x80006dd8 (0x01d151b3) srl     gp, sp, t4
core   0: 3 0x80006dd8 (0x01d151b3) x 3 0x0000001f
core   0: 0x80006ddc (0x0c85af13) slti    t5, a1, 200
core   0: 3 0x80006ddc (0x0c85af13) x30 0x00000001
core   0: 0x80006de0 (0x00000013) nop
core   0: 3 0x80006de0 (0x00000013)
core   0: 0x80006de4 (0x0312ad93) slti    s11, t0, 49
core   0: 3 0x80006de4 (0x0312ad93) x27 0x00000001
core   0: 0x80006de8 (0x9cf43493) sltiu   s1, s0, -1585
core   0: 3 0x80006de8 (0x9cf43493) x 9 0x00000001
core   0: 0x80006dec (0x00000013) nop
core   0: 3 0x80006dec (0x00000013)
core   0: 0x80006df0 (0x1e1fe093) ori     ra, t6, 481
core   0: 3 0x80006df0 (0x1e1fe093) x 1 0x000001e1
core   0: 0x80006df4 (0x002b14b3) sll     s1, s6, sp
core   0: 3 0x80006df4 (0x002b14b3) x 9 0x40000000
core   0: 0x80006df8 (0x00d12fb3) slt     t6, sp, a3
core   0: 3 0x80006df8 (0x00d12fb3) x31 0x00000000
core   0: 0x80006dfc (0x0151b433) sltu    s0, gp, s5
core   0: 3 0x80006dfc (0x0151b433) x 8 0x00000001
core   0: 0x80006e00 (0x24630b13) addi    s6, t1, 582
core   0: 3 0x80006e00 (0x24630b13) x22 0x9d744246
core   0: 0x80006e04 (0x8000ac13) slti    s8, ra, -2048
core   0: 3 0x80006e04 (0x8000ac13) x24 0x00000000
core   0: 0x80006e08 (0xb547a293) slti    t0, a5, -1196
core   0: 3 0x80006e08 (0xb547a293) x 5 0x00000001
core   0: 0x80006e0c (0x00000013) nop
core   0: 3 0x80006e0c (0x00000013)
core   0: 0x80006e10 (0x012efdb3) and     s11, t4, s2
core   0: 3 0x80006e10 (0x012efdb3) x27 0x00000000
core   0: 0x80006e14 (0xc6c30f93) addi    t6, t1, -916
core   0: 3 0x80006e14 (0xc6c30f93) x31 0x9d743c6c
core   0: 0x80006e18 (0x010cdc13) srli    s8, s9, 16
core   0: 3 0x80006e18 (0x010cdc13) x24 0x00000000
core   0: 0x80006e1c (0x575db113) sltiu   sp, s11, 1397
core   0: 3 0x80006e1c (0x575db113) x 2 0x00000001
core   0: 0x80006e20 (0x01398733) add     a4, s3, s3
core   0: 3 0x80006e20 (0x01398733) x14 0x00010000
core   0: 0x80006e24 (0x00f085b3) add     a1, ra, a5
core   0: 3 0x80006e24 (0x00f085b3) x11 0xe7aed2c0
core   0: 0x80006e28 (0x79728e37) lui     t3, 0x79728
core   0: 3 0x80006e28 (0x79728e37) x28 0x79728000
core   0: 0x80006e2c (0x010ceeb3) or      t4, s9, a6
core   0: 3 0x80006e2c (0x010ceeb3) x29 0x00000001
core   0: 0x80006e30 (0x406dd293) srai    t0, s11, 6
core   0: 3 0x80006e30 (0x406dd293) x 5 0x00000000
core   0: 0x80006e34 (0x06584493) xori    s1, a6, 101
core   0: 3 0x80006e34 (0x06584493) x 9 0x00000065
core   0: 0x80006e38 (0x31fa0f93) addi    t6, s4, 799
core   0: 3 0x80006e38 (0x31fa0f93) x31 0x0000031f
core   0: 0x80006e3c (0x51d06d13) ori     s10, zero, 1309
core   0: 3 0x80006e3c (0x51d06d13) x26 0x0000051d
core   0: 0x80006e40 (0x243cf093) andi    ra, s9, 579
core   0: 3 0x80006e40 (0x243cf093) x 1 0x00000001
core   0: 0x80006e44 (0x0b8d4813) xori    a6, s10, 184
core   0: 3 0x80006e44 (0x0b8d4813) x16 0x000005a5
core   0: 0x80006e48 (0x012aff33) and     t5, s5, s2
core   0: 3 0x80006e48 (0x012aff33) x30 0x00000000
core   0: 0x80006e4c (0x017f1213) slli    tp, t5, 23
core   0: 3 0x80006e4c (0x017f1213) x 4 0x00000000
core   0: 0x80006e50 (0x005f6c33) or      s8, t5, t0
core   0: 3 0x80006e50 (0x005f6c33) x24 0x00000000
core   0: 0x80006e54 (0x01fb9293) slli    t0, s7, 31
core   0: 3 0x80006e54 (0x01fb9293) x 5 0x00000000
core   0: 0x80006e58 (0x003221b3) slt     gp, tp, gp
core   0: 3 0x80006e58 (0x003221b3) x 3 0x00000001
core   0: 0x80006e5c (0x4cba2117) auipc   sp, 0x4cba2
core   0: 3 0x80006e5c (0x4cba2117) x 2 0xccba8e5c
core   0: 0x80006e60 (0x0158de13) srli    t3, a7, 21
core   0: 3 0x80006e60 (0x0158de13) x28 0x00000000
core   0: 0x80006e64 (0x406fdf33) sra     t5, t6, t1
core   0: 3 0x80006e64 (0x406fdf33) x30 0x0000031f
core   0: 0x80006e68 (0x01b35e33) srl     t3, t1, s11
core   0: 3 0x80006e68 (0x01b35e33) x28 0x9d744000
core   0: 0x80006e6c (0xf468c893) xori    a7, a7, -186
core   0: 3 0x80006e6c (0xf468c893) x17 0xfffdeb5d
core   0: 0x80006e70 (0x1a802993) slti    s3, zero, 424
core   0: 3 0x80006e70 (0x1a802993) x19 0x00000001
core   0: 0x80006e74 (0xa9102893) slti    a7, zero, -1391
core   0: 3 0x80006e74 (0xa9102893) x17 0x00000000
core   0: 0x80006e78 (0x00f85b93) srli    s7, a6, 15
core   0: 3 0x80006e78 (0x00f85b93) x23 0x00000000
core   0: 0x80006e7c (0x009a9e13) slli    t3, s5, 9
core   0: 3 0x80006e7c (0x009a9e13) x28 0x0003e600
core   0: 0x80006e80 (0x01832933) slt     s2, t1, s8
core   0: 3 0x80006e80 (0x01832933) x18 0x00000001
core   0: 0x80006e84 (0x79bc0593) addi    a1, s8, 1947
core   0: 3 0x80006e84 (0x79bc0593) x11 0x0000079b
core   0: 0x80006e88 (0x012dbbb3) sltu    s7, s11, s2
core   0: 3 0x80006e88 (0x012dbbb3) x23 0x00000001
core   0: 0x80006e8c (0x003681b3) add     gp, a3, gp
core   0: 3 0x80006e8c (0x003681b3) x 3 0xffffff13
core   0: 0x80006e90 (0x00000013) nop
core   0: 3 0x80006e90 (0x00000013)
core   0: 0x80006e94 (0xa42e6713) ori     a4, t3, -1470
core   0: 3 0x80006e94 (0xa42e6713) x14 0xfffffe42
core   0: 0x80006e98 (0x00000013) nop
core   0: 3 0x80006e98 (0x00000013)
core   0: 0x80006e9c (0x94eb0f13) addi    t5, s6, -1714
core   0: 3 0x80006e9c (0x94eb0f13) x30 0x9d743b94
core   0: 0x80006ea0 (0x5b64c313) xori    t1, s1, 1462
core   0: 3 0x80006ea0 (0x5b64c313) x 6 0x000005d3
core   0: 0x80006ea4 (0x00000013) nop
core   0: 3 0x80006ea4 (0x00000013)
core   0: 0x80006ea8 (0x01b106b3) add     a3, sp, s11
core   0: 3 0x80006ea8 (0x01b106b3) x13 0xccba8e5c
core   0: 0x80006eac (0x40355913) srai    s2, a0, 3
core   0: 3 0x80006eac (0x40355913) x18 0x00000000
core   0: 0x80006eb0 (0x40b7df13) srai    t5, a5, 11
core   0: 3 0x80006eb0 (0x40b7df13) x30 0xfffcf5da
core   0: 0x80006eb4 (0x408dda13) srai    s4, s11, 8
core   0: 3 0x80006eb4 (0x408dda13) x20 0x00000000
core   0: 0x80006eb8 (0x00b184b3) add     s1, gp, a1
core   0: 3 0x80006eb8 (0x00b184b3) x 9 0x000006ae
core   0: 0x80006ebc (0x413b5e93) srai    t4, s6, 19
core   0: 3 0x80006ebc (0x413b5e93) x29 0xfffff3ae
core   0: 0x80006ec0 (0x00d0f2b3) and     t0, ra, a3
core   0: 3 0x80006ec0 (0x00d0f2b3) x 5 0x00000000
core   0: 0x80006ec4 (0x005e89b3) add     s3, t4, t0
core   0: 3 0x80006ec4 (0x005e89b3) x19 0xfffff3ae
core   0: 0x80006ec8 (0x006a1fb3) sll     t6, s4, t1
core   0: 3 0x80006ec8 (0x006a1fb3) x31 0x00000000
core   0: 0x80006ecc (0x40ac5c33) sra     s8, s8, a0
core   0: 3 0x80006ecc (0x40ac5c33) x24 0x00000000
core   0: 0x80006ed0 (0x47cc2b13) slti    s6, s8, 1148
core   0: 3 0x80006ed0 (0x47cc2b13) x22 0x00000001
core   0: 0x80006ed4 (0x5deb0b93) addi    s7, s6, 1502
core   0: 3 0x80006ed4 (0x5deb0b93) x23 0x000005df
core   0: 0x80006ed8 (0x013895b3) sll     a1, a7, s3
core   0: 3 0x80006ed8 (0x013895b3) x11 0x00000000
core   0: 0x80006edc (0x78af4b37) lui     s6, 0x78af4
core   0: 3 0x80006edc (0x78af4b37) x22 0x78af4000
core   0: 0x80006ee0 (0x000e02b3) add     t0, t3, zero
core   0: 3 0x80006ee0 (0x000e02b3) x 5 0x0003e600
core   0: 0x80006ee4 (0x00e0b1b3) sltu    gp, ra, a4
core   0: 3 0x80006ee4 (0x00e0b1b3) x 3 0x00000001
core   0: 0x80006ee8 (0xf9cb7693) andi    a3, s6, -100
core   0: 3 0x80006ee8 (0xf9cb7693) x13 0x78af4000
core   0: 0x80006eec (0x01d7e6b3) or      a3, a5, t4
core   0: 3 0x80006eec (0x01d7e6b3) x13 0xfffff3ff
core   0: 0x80006ef0 (0x4096d213) srai    tp, a3, 9
core   0: 3 0x80006ef0 (0x4096d213) x 4 0xfffffff9
core   0: 0x80006ef4 (0xd021be93) sltiu   t4, gp, -766
core   0: 3 0x80006ef4 (0xd021be93) x29 0x00000001
core   0: 0x80006ef8 (0x02d5b2b7) lui     t0, 0x2d5b
core   0: 3 0x80006ef8 (0x02d5b2b7) x 5 0x02d5b000
core   0: 0x80006efc (0x01eb6433) or      s0, s6, t5
core   0: 3 0x80006efc (0x01eb6433) x 8 0xfffff5da
core   0: 0x80006f00 (0x000aca33) xor     s4, s5, zero
core   0: 3 0x80006f00 (0x000aca33) x20 0x000001f3
core   0: 0x80006f04 (0x007b1f93) slli    t6, s6, 7
core   0: 3 0x80006f04 (0x007b1f93) x31 0x57a00000
core   0: 0x80006f08 (0x006c1893) slli    a7, s8, 6
core   0: 3 0x80006f08 (0x006c1893) x17 0x00000000
core   0: 0x80006f0c (0x00000013) nop
core   0: 3 0x80006f0c (0x00000013)
core   0: 0x80006f10 (0x006fdd13) srli    s10, t6, 6
core   0: 3 0x80006f10 (0x006fdd13) x26 0x015e8000
core   0: 0x80006f14 (0x00cbbbb3) sltu    s7, s7, a2
core   0: 3 0x80006f14 (0x00cbbbb3) x23 0x00000001
core   0: 0x80006f18 (0x94f02597) auipc   a1, 0x94f02
core   0: 3 0x80006f18 (0x94f02597) x11 0x14f08f18
core   0: 0x80006f1c (0x00945093) srli    ra, s0, 9
core   0: 3 0x80006f1c (0x00945093) x 1 0x007ffffa
core   0: 0x80006f20 (0x00000013) nop
core   0: 3 0x80006f20 (0x00000013)
core   0: 0x80006f24 (0x008c2eb3) slt     t4, s8, s0
core   0: 3 0x80006f24 (0x008c2eb3) x29 0x00000000
core   0: 0x80006f28 (0x01d30c33) add     s8, t1, t4
core   0: 3 0x80006f28 (0x01d30c33) x24 0x000005d3
core   0: 0x80006f2c (0x416c0833) sub     a6, s8, s6
core   0: 3 0x80006f2c (0x416c0833) x16 0x8750c5d3
core   0: 0x80006f30 (0xb1eff713) andi    a4, t6, -1250
core   0: 3 0x80006f30 (0xb1eff713) x14 0x57a00000
core   0: 0x80006f34 (0x40d758b3) sra     a7, a4, a3
core   0: 3 0x80006f34 (0x40d758b3) x17 0x00000000
core   0: 0x80006f38 (0x9dba4517) auipc   a0, 0x9dba4
core   0: 3 0x80006f38 (0x9dba4517) x10 0x1dbaaf38
core   0: 0x80006f3c (0x4124dfb3) sra     t6, s1, s2
core   0: 3 0x80006f3c (0x4124dfb3) x31 0x000006ae
core   0: 0x80006f40 (0xb4263713) sltiu   a4, a2, -1214
core   0: 3 0x80006f40 (0xb4263713) x14 0x00000001
core   0: 0x80006f44 (0x0dd6ca13) xori    s4, a3, 221
core   0: 3 0x80006f44 (0x0dd6ca13) x20 0xfffff322
core   0: 0x80006f48 (0x00bb0e33) add     t3, s6, a1
core   0: 3 0x80006f48 (0x00bb0e33) x28 0x8d9fcf18
core   0: 0x80006f4c (0x415ed933) sra     s2, t4, s5
core   0: 3 0x80006f4c (0x415ed933) x18 0x00000000
core   0: 0x80006f50 (0x01021fb3) sll     t6, tp, a6
core   0: 3 0x80006f50 (0x01021fb3) x31 0xffc80000
core   0: 0x80006f54 (0x00000013) nop
core   0: 3 0x80006f54 (0x00000013)
core   0: 0x80006f58 (0x0103fb33) and     s6, t2, a6
core   0: 3 0x80006f58 (0x0103fb33) x22 0x80000440
core   0: 0x80006f5c (0x01f03533) snez    a0, t6
core   0: 3 0x80006f5c (0x01f03533) x10 0x00000001
core   0: 0x80006f60 (0x1e223493) sltiu   s1, tp, 482
core   0: 3 0x80006f60 (0x1e223493) x 9 0x00000000
core   0: 0x80006f64 (0xa9e35f17) auipc   t5, 0xa9e35
core   0: 3 0x80006f64 (0xa9e35f17) x30 0x29e3bf64
core   0: 0x80006f68 (0xb2fc7093) andi    ra, s8, -1233
core   0: 3 0x80006f68 (0xb2fc7093) x 1 0x00000103
core   0: 0x80006f6c (0x3a2a4513) xori    a0, s4, 930
core   0: 3 0x80006f6c (0x3a2a4513) x10 0xfffff080
core   0: 0x80006f70 (0x01b65913) srli    s2, a2, 27
core   0: 3 0x80006f70 (0x01b65913) x18 0x00000010
core   0: 0x80006f74 (0x006cc333) xor     t1, s9, t1
core   0: 3 0x80006f74 (0x006cc333) x 6 0x000005d2
core   0: 0x80006f78 (0x0129d913) srli    s2, s3, 18
core   0: 3 0x80006f78 (0x0129d913) x18 0x00003fff
core   0: 0x80006f7c (0x12a63a13) sltiu   s4, a2, 298
core   0: 3 0x80006f7c (0x12a63a13) x20 0x00000000
core   0: 0x80006f80 (0x01a3d693) srli    a3, t2, 26
core   0: 3 0x80006f80 (0x01a3d693) x13 0x00000020
core   0: 0x80006f84 (0x3e977593) andi    a1, a4, 1001
core   0: 3 0x80006f84 (0x3e977593) x11 0x00000001
core   0: 0x80006f88 (0x01ebeeb3) or      t4, s7, t5
core   0: 3 0x80006f88 (0x01ebeeb3) x29 0x29e3bf65
core   0: 0x80006f8c (0xa40cab93) slti    s7, s9, -1472
core   0: 3 0x80006f8c (0xa40cab93) x23 0x00000000
core   0: 0x80006f90 (0x410280b3) sub     ra, t0, a6
core   0: 3 0x80006f90 (0x410280b3) x 1 0x7b84ea2d
core   0: 0x80006f94 (0x0d66a193) slti    gp, a3, 214
core   0: 3 0x80006f94 (0x0d66a193) x 3 0x00000001
core   0: 0x80006f98 (0x01eadd93) srli    s11, s5, 30
core   0: 3 0x80006f98 (0x01eadd93) x27 0x00000000
core   0: 0x80006f9c (0x01671b93) slli    s7, a4, 22
core   0: 3 0x80006f9c (0x01671b93) x23 0x00400000
core   0: 0x80006fa0 (0xb5df0093) addi    ra, t5, -1187
core   0: 3 0x80006fa0 (0xb5df0093) x 1 0x29e3bac1
core   0: 0x80006fa4 (0x00e35993) srli    s3, t1, 14
core   0: 3 0x80006fa4 (0x00e35993) x19 0x00000000
core   0: 0x80006fa8 (0x00062fb3) slt     t6, a2, zero
core   0: 3 0x80006fa8 (0x00062fb3) x31 0x00000001
core   0: 0x80006fac (0x41a05fb3) sra     t6, zero, s10
core   0: 3 0x80006fac (0x41a05fb3) x31 0x00000000
core   0: 0x80006fb0 (0x1bcdaf93) slti    t6, s11, 444
core   0: 3 0x80006fb0 (0x1bcdaf93) x31 0x00000001
core   0: 0x80006fb4 (0x00000013) nop
core   0: 3 0x80006fb4 (0x00000013)
core   0: 0x80006fb8 (0x00000013) nop
core   0: 3 0x80006fb8 (0x00000013)
core   0: 0x80006fbc (0x1713e493) ori     s1, t2, 369
core   0: 3 0x80006fbc (0x1713e493) x 9 0x80011f75
core   0: 0x80006fc0 (0x600be417) auipc   s0, 0x600be
core   0: 3 0x80006fc0 (0x600be417) x 8 0xe00c4fc0
core   0: 0x80006fc4 (0x01291b33) sll     s6, s2, s2
core   0: 3 0x80006fc4 (0x01291b33) x22 0x80000000
core   0: 0x80006fc8 (0x0057b933) sltu    s2, a5, t0
core   0: 3 0x80006fc8 (0x0057b933) x18 0x00000000
core   0: 0x80006fcc (0x01309e13) slli    t3, ra, 19
core   0: 3 0x80006fcc (0x01309e13) x28 0xd6080000
core   0: 0x80006fd0 (0x019d81b3) add     gp, s11, s9
core   0: 3 0x80006fd0 (0x019d81b3) x 3 0x00000001
core   0: 0x80006fd4 (0x6f650097) auipc   ra, 0x6f650
core   0: 3 0x80006fd4 (0x6f650097) x 1 0xef656fd4
core   0: 0x80006fd8 (0x2fcbe213) ori     tp, s7, 764
core   0: 3 0x80006fd8 (0x2fcbe213) x 4 0x004002fc
core   0: 0x80006fdc (0x0035e1b3) or      gp, a1, gp
core   0: 3 0x80006fdc (0x0035e1b3) x 3 0x00000001
core   0: 0x80006fe0 (0x00c87fb3) and     t6, a6, a2
core   0: 3 0x80006fe0 (0x00c87fb3) x31 0x800044c0
core   0: 0x80006fe4 (0x41818f33) sub     t5, gp, s8
core   0: 3 0x80006fe4 (0x41818f33) x30 0xfffffa2e
core   0: 0x80006fe8 (0x2d0e7a93) andi    s5, t3, 720
core   0: 3 0x80006fe8 (0x2d0e7a93) x21 0x00000000
core   0: 0x80006fec (0x01c11d13) slli    s10, sp, 28
core   0: 3 0x80006fec (0x01c11d13) x26 0xc0000000
core   0: 0x80006ff0 (0xc444f693) andi    a3, s1, -956
core   0: 3 0x80006ff0 (0xc444f693) x13 0x80011c44
core   0: 0x80006ff4 (0xa97c4b93) xori    s7, s8, -1385
core   0: 3 0x80006ff4 (0xa97c4b93) x23 0xffffff44
core   0: 0x80006ff8 (0x00cdd433) srl     s0, s11, a2
core   0: 3 0x80006ff8 (0x00cdd433) x 8 0x00000000
core   0: 0x80006ffc (0x00000013) nop
core   0: 3 0x80006ffc (0x00000013)
core   0: 0x80007000 (0x005f2ab3) slt     s5, t5, t0
core   0: 3 0x80007000 (0x005f2ab3) x21 0x00000001
core   0: 0x80007004 (0x646a7b17) auipc   s6, 0x646a7
core   0: 3 0x80007004 (0x646a7b17) x22 0xe46ae004
core   0: 0x80007008 (0x6f138c13) addi    s8, t2, 1777
core   0: 3 0x80007008 (0x6f138c13) x24 0x80012555
core   0: 0x8000700c (0x406bd693) srai    a3, s7, 6
core   0: 3 0x8000700c (0x406bd693) x13 0xfffffffd
core   0: 0x80007010 (0x41e68cb3) sub     s9, a3, t5
core   0: 3 0x80007010 (0x41e68cb3) x25 0x000005cf
core   0: 0x80007014 (0x40b5df13) srai    t5, a1, 11
core   0: 3 0x80007014 (0x40b5df13) x30 0x00000000
core   0: 0x80007018 (0x40b35533) sra     a0, t1, a1
core   0: 3 0x80007018 (0x40b35533) x10 0x000002e9
core   0: 0x8000701c (0x010e0db3) add     s11, t3, a6
core   0: 3 0x8000701c (0x010e0db3) x27 0x5d58c5d3
core   0: 0x80007020 (0x40c0d4b3) sra     s1, ra, a2
core   0: 3 0x80007020 (0x40c0d4b3) x 9 0xfef656fd
core   0: 0x80007024 (0x01735213) srli    tp, t1, 23
core   0: 3 0x80007024 (0x01735213) x 4 0x00000000
core   0: 0x80007028 (0xa41a7e93) andi    t4, s4, -1471
core   0: 3 0x80007028 (0xa41a7e93) x29 0x00000000
core   0: 0x8000702c (0x240b4197) auipc   gp, 0x240b4
core   0: 3 0x8000702c (0x240b4197) x 3 0xa40bb02c
core   0: 0x80007030 (0x00a624b3) slt     s1, a2, a0
core   0: 3 0x80007030 (0x00a624b3) x 9 0x00000001
core   0: 0x80007034 (0x40c380b3) sub     ra, t2, a2
core   0: 3 0x80007034 (0x40c380b3) x 1 0xffffc180
core   0: 0x80007038 (0x013361b3) or      gp, t1, s3
core   0: 3 0x80007038 (0x013361b3) x 3 0x000005d2
core   0: 0x8000703c (0x41428db3) sub     s11, t0, s4
core   0: 3 0x8000703c (0x41428db3) x27 0x02d5b000
core   0: 0x80007040 (0x00d49813) slli    a6, s1, 13
core   0: 3 0x80007040 (0x00d49813) x16 0x00002000
core   0: 0x80007044 (0x8ddcf813) andi    a6, s9, -1827
core   0: 3 0x80007044 (0x8ddcf813) x16 0x000000cd
core   0: 0x80007048 (0x9f876013) ori     zero, a4, -1544
core   0: 3 0x80007048 (0x9f876013)
core   0: 0x8000704c (0xaec7ff93) andi    t6, a5, -1300
core   0: 3 0x8000704c (0xaec7ff93) x31 0xe7aed0cc
core   0: 0x80007050 (0x013bafb3) slt     t6, s7, s3
core   0: 3 0x80007050 (0x013bafb3) x31 0x00000001
core   0: 0x80007054 (0x40845713) srai    a4, s0, 8
core   0: 3 0x80007054 (0x40845713) x14 0x00000000
core   0: 0x80007058 (0xd3cf0bb7) lui     s7, 0xd3cf0
core   0: 3 0x80007058 (0xd3cf0bb7) x23 0xd3cf0000
core   0: 0x8000705c (0x01a6db93) srli    s7, a3, 26
core   0: 3 0x8000705c (0x01a6db93) x23 0x0000003f
core   0: 0x80007060 (0x00428a33) add     s4, t0, tp
core   0: 3 0x80007060 (0x00428a33) x20 0x02d5b000
core   0: 0x80007064 (0x41f9d713) srai    a4, s3, 31
core   0: 3 0x80007064 (0x41f9d713) x14 0x00000000
core   0: 0x80007068 (0x406eddb3) sra     s11, t4, t1
core   0: 3 0x80007068 (0x406eddb3) x27 0x00000000
core   0: 0x8000706c (0x41ac5333) sra     t1, s8, s10
core   0: 3 0x8000706c (0x41ac5333) x 6 0x80012555
core   0: 0x80007070 (0x015422b3) slt     t0, s0, s5
core   0: 3 0x80007070 (0x015422b3) x 5 0x00000001
core   0: 0x80007074 (0x0099ceb3) xor     t4, s3, s1
core   0: 3 0x80007074 (0x0099ceb3) x29 0x00000001
core   0: 0x80007078 (0xeeacba93) sltiu   s5, s9, -278
core   0: 3 0x80007078 (0xeeacba93) x21 0x00000001
core   0: 0x8000707c (0x00000013) nop
core   0: 3 0x8000707c (0x00000013)
core   0: 0x80007080 (0x6ebd7d13) andi    s10, s10, 1771
core   0: 3 0x80007080 (0x6ebd7d13) x26 0x00000000
core   0: 0x80007084 (0x408a51b3) sra     gp, s4, s0
core   0: 3 0x80007084 (0x408a51b3) x 3 0x02d5b000
core   0: 0x80007088 (0x012a2733) slt     a4, s4, s2
core   0: 3 0x80007088 (0x012a2733) x14 0x00000000
core   0: 0x8000708c (0x000bb733) sltu    a4, s7, zero
core   0: 3 0x8000708c (0x000bb733) x14 0x00000000
core   0: 0x80007090 (0xdf30f293) andi    t0, ra, -525
core   0: 3 0x80007090 (0xdf30f293) x 5 0xffffc180
core   0: 0x80007094 (0x01f61a93) slli    s5, a2, 31
core   0: 3 0x80007094 (0x01f61a93) x21 0x00000000
core   0: 0x80007098 (0x4065dd93) srai    s11, a1, 6
core   0: 3 0x80007098 (0x4065dd93) x27 0x00000000
core   0: 0x8000709c (0x41048ab3) sub     s5, s1, a6
core   0: 3 0x8000709c (0x41048ab3) x21 0xffffff34
core   0: 0x800070a0 (0x0052d993) srli    s3, t0, 5
core   0: 3 0x800070a0 (0x0052d993) x19 0x07fffe0c
core   0: 0x800070a4 (0x800004b7) lui     s1, 0x80000
core   0: 3 0x800070a4 (0x800004b7) x 9 0x80000000
core   0: 0x800070a8 (0x00000d93) li      s11, 0
core   0: 3 0x800070a8 (0x00000d93) x27 0x00000000
core   0: 0x800070ac (0x61538a37) lui     s4, 0x61538
core   0: 3 0x800070ac (0x61538a37) x20 0x61538000
core   0: 0x800070b0 (0x228a0a13) addi    s4, s4, 552
core   0: 3 0x800070b0 (0x228a0a13) x20 0x61538228
core   0: 0x800070b4 (0xc14a8eb7) lui     t4, 0xc14a8
core   0: 3 0x800070b4 (0xc14a8eb7) x29 0xc14a8000
core   0: 0x800070b8 (0x938e8e93) addi    t4, t4, -1736
core   0: 3 0x800070b8 (0x938e8e93) x29 0xc14a7938
core   0: 0x800070bc (0xddd4af37) lui     t5, 0xddd4a
core   0: 3 0x800070bc (0xddd4af37) x30 0xddd4a000
core   0: 0x800070c0 (0xa7cf0f13) addi    t5, t5, -1412
core   0: 3 0x800070c0 (0xa7cf0f13) x30 0xddd49a7c
core   0: 0x800070c4 (0xfff00a93) li      s5, -1
core   0: 3 0x800070c4 (0xfff00a93) x21 0xffffffff
core   0: 0x800070c8 (0x00000b93) li      s7, 0
core   0: 3 0x800070c8 (0x00000b93) x23 0x00000000
core   0: 0x800070cc (0xfff00693) li      a3, -1
core   0: 3 0x800070cc (0xfff00693) x13 0xffffffff
core   0: 0x800070d0 (0x80000c37) lui     s8, 0x80000
core   0: 3 0x800070d0 (0x80000c37) x24 0x80000000
core   0: 0x800070d4 (0x00000293) li      t0, 0
core   0: 3 0x800070d4 (0x00000293) x 5 0x00000000
core   0: 0x800070d8 (0x0aeb8e93) addi    t4, s7, 174
core   0: 3 0x800070d8 (0x0aeb8e93) x29 0x000000ae
core   0: 0x800070dc (0x4b6d8e93) addi    t4, s11, 1206
core   0: 3 0x800070dc (0x4b6d8e93) x29 0x000004b6
core   0: 0x800070e0 (0x66f9cc17) auipc   s8, 0x66f9c
core   0: 3 0x800070e0 (0x66f9cc17) x24 0xe6fa30e0
core   0: 0x800070e4 (0xd20a0493) addi    s1, s4, -736
core   0: 3 0x800070e4 (0xd20a0493) x 9 0x61537f48
core   0: 0x800070e8 (0x6add0c37) lui     s8, 0x6add0
core   0: 3 0x800070e8 (0x6add0c37) x24 0x6add0000
core   0: 0x800070ec (0x23dc14b7) lui     s1, 0x23dc1
core   0: 3 0x800070ec (0x23dc14b7) x 9 0x23dc1000
core   0: 0x800070f0 (0x01d28a33) add     s4, t0, t4
core   0: 3 0x800070f0 (0x01d28a33) x20 0x000004b6
core   0: 0x800070f4 (0x3a8c0ab7) lui     s5, 0x3a8c0
core   0: 3 0x800070f4 (0x3a8c0ab7) x21 0x3a8c0000
core   0: 0x800070f8 (0x92212a17) auipc   s4, 0x92212
core   0: 3 0x800070f8 (0x92212a17) x20 0x122190f8
core   0: 0x800070fc (0x01ea0f33) add     t5, s4, t5
core   0: 3 0x800070fc (0x01ea0f33) x30 0xeff62b74
core   0: 0x80007100 (0x409c0c33) sub     s8, s8, s1
core   0: 3 0x80007100 (0x409c0c33) x24 0x4700f000
core   0: 0x80007104 (0x00db8ab3) add     s5, s7, a3
core   0: 3 0x80007104 (0x00db8ab3) x21 0xffffffff
core   0: 0x80007108 (0x00000013) nop
core   0: 3 0x80007108 (0x00000013)
core   0: 0x8000710c (0x41bd82b3) sub     t0, s11, s11
core   0: 3 0x8000710c (0x41bd82b3) x 5 0x00000000
core   0: 0x80007110 (0xbbee8a13) addi    s4, t4, -1090
core   0: 3 0x80007110 (0xbbee8a13) x20 0x00000074
core   0: 0x80007114 (0x018e8db3) add     s11, t4, s8
core   0: 3 0x80007114 (0x018e8db3) x27 0x4700f4b6
core   0: 0x80007118 (0xd5ca0493) addi    s1, s4, -676
core   0: 3 0x80007118 (0xd5ca0493) x 9 0xfffffdd0
core   0: 0x8000711c (0x4b34b713) sltiu   a4, s1, 1203
core   0: 3 0x8000711c (0x4b34b713) x14 0x00000000
core   0: 0x80007120 (0xaf22c113) xori    sp, t0, -1294
core   0: 3 0x80007120 (0xaf22c113) x 2 0xfffffaf2
core   0: 0x80007124 (0x7483a893) slti    a7, t2, 1864
core   0: 3 0x80007124 (0x7483a893) x17 0x00000001
core   0: 0x80007128 (0xab8a0513) addi    a0, s4, -1352
core   0: 3 0x80007128 (0xab8a0513) x10 0xfffffb2c
core   0: 0x8000712c (0x00000013) nop
core   0: 3 0x8000712c (0x00000013)
core   0: 0x80007130 (0x00815293) srli    t0, sp, 8
core   0: 3 0x80007130 (0x00815293) x 5 0x00fffffa
core   0: 0x80007134 (0x7393ef13) ori     t5, t2, 1849
core   0: 3 0x80007134 (0x7393ef13) x30 0x80011f7d
core   0: 0x80007138 (0xf0a21c97) auipc   s9, 0xf0a21
core   0: 3 0x80007138 (0xf0a21c97) x25 0x70a28138
core   0: 0x8000713c (0x7abd6313) ori     t1, s10, 1963
core   0: 3 0x8000713c (0x7abd6313) x 6 0x000007ab
core   0: 0x80007140 (0x00247d33) and     s10, s0, sp
core   0: 3 0x80007140 (0x00247d33) x26 0x00000000
core   0: 0x80007144 (0x01706e33) or      t3, zero, s7
core   0: 3 0x80007144 (0x01706e33) x28 0x00000000
core   0: 0x80007148 (0xbbb93313) sltiu   t1, s2, -1093
core   0: 3 0x80007148 (0xbbb93313) x 6 0x00000001
core   0: 0x8000714c (0x00000013) nop
core   0: 3 0x8000714c (0x00000013)
core   0: 0x80007150 (0xe5d0a537) lui     a0, 0xe5d0a
core   0: 3 0x80007150 (0xe5d0a537) x10 0xe5d0a000
core   0: 0x80007154 (0xd8e45117) auipc   sp, 0xd8e45
core   0: 3 0x80007154 (0xd8e45117) x 2 0x58e4c154
core   0: 0x80007158 (0x0034d093) srli    ra, s1, 3
core   0: 3 0x80007158 (0x0034d093) x 1 0x1fffffba
core   0: 0x8000715c (0x9ac97213) andi    tp, s2, -1620
core   0: 3 0x8000715c (0x9ac97213) x 4 0x00000000
core   0: 0x80007160 (0x00355693) srli    a3, a0, 3
core   0: 3 0x80007160 (0x00355693) x13 0x1cba1400
core   0: 0x80007164 (0x0108f6b3) and     a3, a7, a6
core   0: 3 0x80007164 (0x0108f6b3) x13 0x00000001
core   0: 0x80007168 (0xf5f40593) addi    a1, s0, -161
core   0: 3 0x80007168 (0xf5f40593) x11 0xffffff5f
core   0: 0x8000716c (0x41e159b3) sra     s3, sp, t5
core   0: 3 0x8000716c (0x41e159b3) x19 0x00000002
core   0: 0x80007170 (0x9fef6693) ori     a3, t5, -1538
core   0: 3 0x80007170 (0x9fef6693) x13 0xffffffff
core   0: 0x80007174 (0x01bd94b3) sll     s1, s11, s11
core   0: 3 0x80007174 (0x01bd94b3) x 9 0x2d800000
core   0: 0x80007178 (0x40bfde93) srai    t4, t6, 11
core   0: 3 0x80007178 (0x40bfde93) x29 0x00000000
core   0: 0x8000717c (0x30cd3413) sltiu   s0, s10, 780
core   0: 3 0x8000717c (0x30cd3413) x 8 0x00000001
core   0: 0x80007180 (0x36c53913) sltiu   s2, a0, 876
core   0: 3 0x80007180 (0x36c53913) x18 0x00000000
core   0: 0x80007184 (0x00bf6cb3) or      s9, t5, a1
core   0: 3 0x80007184 (0x00bf6cb3) x25 0xffffff7f
core   0: 0x80007188 (0x00b3d933) srl     s2, t2, a1
core   0: 3 0x80007188 (0x00b3d933) x18 0x00000001
core   0: 0x8000718c (0x40dcd533) sra     a0, s9, a3
core   0: 3 0x8000718c (0x40dcd533) x10 0xffffffff
core   0: 0x80007190 (0x00afa8b3) slt     a7, t6, a0
core   0: 3 0x80007190 (0x00afa8b3) x17 0x00000000
core   0: 0x80007194 (0x00e98f33) add     t5, s3, a4
core   0: 3 0x80007194 (0x00e98f33) x30 0x00000002
core   0: 0x80007198 (0x0088bbb3) sltu    s7, a7, s0
core   0: 3 0x80007198 (0x0088bbb3) x23 0x00000001
core   0: 0x8000719c (0x44ccb513) sltiu   a0, s9, 1100
core   0: 3 0x8000719c (0x44ccb513) x10 0x00000000
core   0: 0x800071a0 (0xedd17f13) andi    t5, sp, -291
core   0: 3 0x800071a0 (0xedd17f13) x30 0x58e4c054
core   0: 0x800071a4 (0x002adc93) srli    s9, s5, 2
core   0: 3 0x800071a4 (0x002adc93) x25 0x3fffffff
core   0: 0x800071a8 (0x000e9693) slli    a3, t4, 0
core   0: 3 0x800071a8 (0x000e9693) x13 0x00000000
core   0: 0x800071ac (0x00b35213) srli    tp, t1, 11
core   0: 3 0x800071ac (0x00b35213) x 4 0x00000000
core   0: 0x800071b0 (0x01849713) slli    a4, s1, 24
core   0: 3 0x800071b0 (0x01849713) x14 0x00000000
core   0: 0x800071b4 (0x1e480f13) addi    t5, a6, 484
core   0: 3 0x800071b4 (0x1e480f13) x30 0x000002b1
core   0: 0x800071b8 (0x4169d013) srai    zero, s3, 22
core   0: 3 0x800071b8 (0x4169d013)
core   0: 0x800071bc (0x01446733) or      a4, s0, s4
core   0: 3 0x800071bc (0x01446733) x14 0x00000075
core   0: 0x800071c0 (0xfe876993) ori     s3, a4, -24
core   0: 3 0x800071c0 (0xfe876993) x19 0xfffffffd
core   0: 0x800071c4 (0x00e0ac33) slt     s8, ra, a4
core   0: 3 0x800071c4 (0x00e0ac33) x24 0x00000000
core   0: 0x800071c8 (0x40d1d213) srai    tp, gp, 13
core   0: 3 0x800071c8 (0x40d1d213) x 4 0x000016ad
core   0: 0x800071cc (0x0142f6b3) and     a3, t0, s4
core   0: 3 0x800071cc (0x0142f6b3) x13 0x00000070
core   0: 0x800071d0 (0x01641113) slli    sp, s0, 22
core   0: 3 0x800071d0 (0x01641113) x 2 0x00400000
core   0: 0x800071d4 (0x00395cb3) srl     s9, s2, gp
core   0: 3 0x800071d4 (0x00395cb3) x25 0x00000001
core   0: 0x800071d8 (0x0176d313) srli    t1, a3, 23
core   0: 3 0x800071d8 (0x0176d313) x 6 0x00000000
core   0: 0x800071dc (0x010814b3) sll     s1, a6, a6
core   0: 3 0x800071dc (0x010814b3) x 9 0x0019a000
core   0: 0x800071e0 (0x01aeb2b3) sltu    t0, t4, s10
core   0: 3 0x800071e0 (0x01aeb2b3) x 5 0x00000000
core   0: 0x800071e4 (0x985d8e13) addi    t3, s11, -1659
core   0: 3 0x800071e4 (0x985d8e13) x28 0x4700ee3b
core   0: 0x800071e8 (0x00000013) nop
core   0: 3 0x800071e8 (0x00000013)
core   0: 0x800071ec (0x40a4dbb3) sra     s7, s1, a0
core   0: 3 0x800071ec (0x40a4dbb3) x23 0x0019a000
core   0: 0x800071f0 (0xc41622b7) lui     t0, 0xc4162
core   0: 3 0x800071f0 (0xc41622b7) x 5 0xc4162000
core   0: 0x800071f4 (0x001ddc33) srl     s8, s11, ra
core   0: 3 0x800071f4 (0x001ddc33) x24 0x00000011
core   0: 0x800071f8 (0xc9ab6013) ori     zero, s6, -870
core   0: 3 0x800071f8 (0xc9ab6013)
core   0: 0x800071fc (0x00b3c233) xor     tp, t2, a1
core   0: 3 0x800071fc (0x00b3c233) x 4 0x7ffee13b
core   0: 0x80007200 (0x12440113) addi    sp, s0, 292
core   0: 3 0x80007200 (0x12440113) x 2 0x00000125
core   0: 0x80007204 (0x9f016013) ori     zero, sp, -1552
core   0: 3 0x80007204 (0x9f016013)
core   0: 0x80007208 (0x40c65f13) srai    t5, a2, 12
core   0: 3 0x80007208 (0x40c65f13) x30 0xfff80015
core   0: 0x8000720c (0x00c02233) slt     tp, zero, a2
core   0: 3 0x8000720c (0x00c02233) x 4 0x00000000
core   0: 0x80007210 (0x018549b3) xor     s3, a0, s8
core   0: 3 0x80007210 (0x018549b3) x19 0x00000011
core   0: 0x80007214 (0x00000013) nop
core   0: 3 0x80007214 (0x00000013)
core   0: 0x80007218 (0x010f3933) sltu    s2, t5, a6
core   0: 3 0x80007218 (0x010f3933) x18 0x00000000
core   0: 0x8000721c (0xf5049817) auipc   a6, 0xf5049
core   0: 3 0x8000721c (0xf5049817) x16 0x7505021c
core   0: 0x80007220 (0x01ae25b3) slt     a1, t3, s10
core   0: 3 0x80007220 (0x01ae25b3) x11 0x00000000
core   0: 0x80007224 (0x017d6533) or      a0, s10, s7
core   0: 3 0x80007224 (0x017d6533) x10 0x0019a000
core   0: 0x80007228 (0x0022e233) or      tp, t0, sp
core   0: 3 0x80007228 (0x0022e233) x 4 0xc4162125
core   0: 0x8000722c (0x5dac8fb7) lui     t6, 0x5dac8
core   0: 3 0x8000722c (0x5dac8fb7) x31 0x5dac8000
core   0: 0x80007230 (0x13a99597) auipc   a1, 0x13a99
core   0: 3 0x80007230 (0x13a99597) x11 0x93aa0230
core   0: 0x80007234 (0x130fc113) xori    sp, t6, 304
core   0: 3 0x80007234 (0x130fc113) x 2 0x5dac8130
core   0: 0x80007238 (0x06607c93) andi    s9, zero, 102
core   0: 3 0x80007238 (0x06607c93) x25 0x00000000
core   0: 0x8000723c (0x00ef31b3) sltu    gp, t5, a4
core   0: 3 0x8000723c (0x00ef31b3) x 3 0x00000000
core   0: 0x80007240 (0x00c7f033) and     zero, a5, a2
core   0: 3 0x80007240 (0x00c7f033)
core   0: 0x80007244 (0x00000013) nop
core   0: 3 0x80007244 (0x00000013)
core   0: 0x80007248 (0x40a6dcb3) sra     s9, a3, a0
core   0: 3 0x80007248 (0x40a6dcb3) x25 0x00000070
core   0: 0x8000724c (0x414a8833) sub     a6, s5, s4
core   0: 3 0x8000724c (0x414a8833) x16 0xffffff8b
core   0: 0x80007250 (0x13557193) andi    gp, a0, 309
core   0: 3 0x80007250 (0x13557193) x 3 0x00000000
core   0: 0x80007254 (0x40175513) srai    a0, a4, 1
core   0: 3 0x80007254 (0x40175513) x10 0x0000003a
core   0: 0x80007258 (0x2a98f213) andi    tp, a7, 681
core   0: 3 0x80007258 (0x2a98f213) x 4 0x00000000
core   0: 0x8000725c (0x40cc8cb3) sub     s9, s9, a2
core   0: 3 0x8000725c (0x40cc8cb3) x25 0x7ffea38c
core   0: 0x80007260 (0xb6652b13) slti    s6, a0, -1178
core   0: 3 0x80007260 (0xb6652b13) x22 0x00000000
core   0: 0x80007264 (0x40fa5293) srai    t0, s4, 15
core   0: 3 0x80007264 (0x40fa5293) x 5 0x00000000
core   0: 0x80007268 (0x01085133) srl     sp, a6, a6
core   0: 3 0x80007268 (0x01085133) x 2 0x001fffff
core   0: 0x8000726c (0x00536333) or      t1, t1, t0
core   0: 3 0x8000726c (0x00536333) x 6 0x00000000
core   0: 0x80007270 (0x00cf9733) sll     a4, t6, a2
core   0: 3 0x80007270 (0x00cf9733) x14 0xdac80000
core   0: 0x80007274 (0x401ada13) srai    s4, s5, 1
core   0: 3 0x80007274 (0x401ada13) x20 0xffffffff
core   0: 0x80007278 (0x01609e93) slli    t4, ra, 22
core   0: 3 0x80007278 (0x01609e93) x29 0xee800000
core   0: 0x8000727c (0x00000013) nop
core   0: 3 0x8000727c (0x00000013)
core   0: 0x80007280 (0x01111833) sll     a6, sp, a7
core   0: 3 0x80007280 (0x01111833) x16 0x001fffff
core   0: 0x80007284 (0xee15e593) ori     a1, a1, -287
core   0: 3 0x80007284 (0xee15e593) x11 0xfffffef1
core   0: 0x80007288 (0x4077df93) srai    t6, a5, 7
core   0: 3 0x80007288 (0x4077df93) x31 0xffcf5da1
core   0: 0x8000728c (0xc88a4a93) xori    s5, s4, -888
core   0: 3 0x8000728c (0xc88a4a93) x21 0x00000377
core   0: 0x80007290 (0xbebf9417) auipc   s0, 0xbebf9
core   0: 3 0x80007290 (0xbebf9417) x 8 0x3ec00290
core   0: 0x80007294 (0x01881bb3) sll     s7, a6, s8
core   0: 3 0x80007294 (0x01881bb3) x23 0xfffe0000
core   0: 0x80007298 (0x01755193) srli    gp, a0, 23
core   0: 3 0x80007298 (0x01755193) x 3 0x00000000
core   0: 0x8000729c (0x01601c93) slli    s9, zero, 22
core   0: 3 0x8000729c (0x01601c93) x25 0x00000000
core   0: 0x800072a0 (0x010a4033) xor     zero, s4, a6
core   0: 3 0x800072a0 (0x010a4033)
core   0: 0x800072a4 (0xe5be3f93) sltiu   t6, t3, -421
core   0: 3 0x800072a4 (0xe5be3f93) x31 0x00000001
core   0: 0x800072a8 (0x019172b3) and     t0, sp, s9
core   0: 3 0x800072a8 (0x019172b3) x 5 0x00000000
core   0: 0x800072ac (0x410a06b3) sub     a3, s4, a6
core   0: 3 0x800072ac (0x410a06b3) x13 0xffe00000
core   0: 0x800072b0 (0x4071dcb3) sra     s9, gp, t2
core   0: 3 0x800072b0 (0x4071dcb3) x25 0x00000000
core   0: 0x800072b4 (0x90adfd93) andi    s11, s11, -1782
core   0: 3 0x800072b4 (0x90adfd93) x27 0x4700f002
core   0: 0x800072b8 (0x1c082293) slti    t0, a6, 448
core   0: 3 0x800072b8 (0x1c082293) x 5 0x00000000
core   0: 0x800072bc (0xee7a8497) auipc   s1, 0xee7a8
core   0: 3 0x800072bc (0xee7a8497) x 9 0x6e7af2bc
core   0: 0x800072c0 (0x98aa6593) ori     a1, s4, -1654
core   0: 3 0x800072c0 (0x98aa6593) x11 0xffffffff
core   0: 0x800072c4 (0x45bfc293) xori    t0, t6, 1115
core   0: 3 0x800072c4 (0x45bfc293) x 5 0x0000045a
core   0: 0x800072c8 (0xf41d4e93) xori    t4, s10, -191
core   0: 3 0x800072c8 (0xf41d4e93) x29 0xffffff41
core   0: 0x800072cc (0x00000013) nop
core   0: 3 0x800072cc (0x00000013)
core   0: 0x800072d0 (0xee306417) auipc   s0, 0xee306
core   0: 3 0x800072d0 (0xee306417) x 8 0x6e30d2d0
core   0: 0x800072d4 (0x0065eab3) or      s5, a1, t1
core   0: 3 0x800072d4 (0x0065eab3) x21 0xffffffff
core   0: 0x800072d8 (0x01135313) srli    t1, t1, 17
core   0: 3 0x800072d8 (0x01135313) x 6 0x00000000
core   0: 0x800072dc (0x01272f33) slt     t5, a4, s2
core   0: 3 0x800072dc (0x01272f33) x30 0x00000001
core   0: 0x800072e0 (0x01a24c33) xor     s8, tp, s10
core   0: 3 0x800072e0 (0x01a24c33) x24 0x00000000
core   0: 0x800072e4 (0x01bd8033) add     zero, s11, s11
core   0: 3 0x800072e4 (0x01bd8033)
core   0: 0x800072e8 (0x00000013) nop
core   0: 3 0x800072e8 (0x00000013)
core   0: 0x800072ec (0xbead6993) ori     s3, s10, -1046
core   0: 3 0x800072ec (0xbead6993) x19 0xfffffbea
core   0: 0x800072f0 (0x41b82a13) slti    s4, a6, 1051
core   0: 3 0x800072f0 (0x41b82a13) x20 0x00000000
core   0: 0x800072f4 (0x4b412513) slti    a0, sp, 1204
core   0: 3 0x800072f4 (0x4b412513) x10 0x00000000
core   0: 0x800072f8 (0x2a606c93) ori     s9, zero, 678
core   0: 3 0x800072f8 (0x2a606c93) x25 0x000002a6
core   0: 0x800072fc (0x409ad4b3) sra     s1, s5, s1
core   0: 3 0x800072fc (0x409ad4b3) x 9 0xffffffff
core   0: 0x80007300 (0x05d1ea13) ori     s4, gp, 93
core   0: 3 0x80007300 (0x05d1ea13) x20 0x0000005d
core   0: 0x80007304 (0x01be04b3) add     s1, t3, s11
core   0: 3 0x80007304 (0x01be04b3) x 9 0x8e01de3d
core   0: 0x80007308 (0xceab6b93) ori     s7, s6, -790
core   0: 3 0x80007308 (0xceab6b93) x23 0xfffffcea
core   0: 0x8000730c (0x01c05b13) srli    s6, zero, 28
core   0: 3 0x8000730c (0x01c05b13) x22 0x00000000
core   0: 0x80007310 (0x4afaec93) ori     s9, s5, 1199
core   0: 3 0x80007310 (0x4afaec93) x25 0xffffffff
core   0: 0x80007314 (0x1bb5f713) andi    a4, a1, 443
core   0: 3 0x80007314 (0x1bb5f713) x14 0x000001bb
core   0: 0x80007318 (0x0001dcb3) srl     s9, gp, zero
core   0: 3 0x80007318 (0x0001dcb3) x25 0x00000000
core   0: 0x8000731c (0x00000013) nop
core   0: 3 0x8000731c (0x00000013)
core   0: 0x80007320 (0xc5131137) lui     sp, 0xc5131
core   0: 3 0x80007320 (0xc5131137) x 2 0xc5131000
core   0: 0x80007324 (0x0032e733) or      a4, t0, gp
core   0: 3 0x80007324 (0x0032e733) x14 0x0000045a
core   0: 0x80007328 (0xab814213) xori    tp, sp, -1352
core   0: 3 0x80007328 (0xab814213) x 4 0x3aeceab8
core   0: 0x8000732c (0x38107693) andi    a3, zero, 897
core   0: 3 0x8000732c (0x38107693) x13 0x00000000
core   0: 0x80007330 (0x41b7dcb3) sra     s9, a5, s11
core   0: 3 0x80007330 (0x41b7dcb3) x25 0xf9ebb437
core   0: 0x80007334 (0x05bdcf13) xori    t5, s11, 91
core   0: 3 0x80007334 (0x05bdcf13) x30 0x4700f059
core   0: 0x80007338 (0x76363a13) sltiu   s4, a2, 1891
core   0: 3 0x80007338 (0x76363a13) x20 0x00000000
core   0: 0x8000733c (0x41f2da93) srai    s5, t0, 31
core   0: 3 0x8000733c (0x41f2da93) x21 0x00000000
core   0: 0x80007340 (0x01871513) slli    a0, a4, 24
core   0: 3 0x80007340 (0x01871513) x10 0x5a000000
core   0: 0x80007344 (0x0038d813) srli    a6, a7, 3
core   0: 3 0x80007344 (0x0038d813) x16 0x00000000
core   0: 0x80007348 (0x404f5c93) srai    s9, t5, 4
core   0: 3 0x80007348 (0x404f5c93) x25 0x04700f05
core   0: 0x8000734c (0xfb505817) auipc   a6, 0xfb505
core   0: 3 0x8000734c (0xfb505817) x16 0x7b50c34c
core   0: 0x80007350 (0x01eea333) slt     t1, t4, t5
core   0: 3 0x80007350 (0x01eea333) x 6 0x00000001
core   0: 0x80007354 (0x0145edb3) or      s11, a1, s4
core   0: 3 0x80007354 (0x0145edb3) x27 0xffffffff
core   0: 0x80007358 (0x00000013) nop
core   0: 3 0x80007358 (0x00000013)
core   0: 0x8000735c (0x012d4733) xor     a4, s10, s2
core   0: 3 0x8000735c (0x012d4733) x14 0x00000000
core   0: 0x80007360 (0x62b27e13) andi    t3, tp, 1579
core   0: 3 0x80007360 (0x62b27e13) x28 0x00000228
core   0: 0x80007364 (0x00b7b8b3) sltu    a7, a5, a1
core   0: 3 0x80007364 (0x00b7b8b3) x17 0x00000001
core   0: 0x80007368 (0x90a0af13) slti    t5, ra, -1782
core   0: 3 0x80007368 (0x90a0af13) x30 0x00000000
core   0: 0x8000736c (0x2867f593) andi    a1, a5, 646
core   0: 3 0x8000736c (0x2867f593) x11 0x00000086
core   0: 0x80007370 (0xe10c7a37) lui     s4, 0xe10c7
core   0: 3 0x80007370 (0xe10c7a37) x20 0xe10c7000
core   0: 0x80007374 (0x002e7b33) and     s6, t3, sp
core   0: 3 0x80007374 (0x002e7b33) x22 0x00000000
core   0: 0x80007378 (0x00f014b3) sll     s1, zero, a5
core   0: 3 0x80007378 (0x00f014b3) x 9 0x00000000
core   0: 0x8000737c (0x00312233) slt     tp, sp, gp
core   0: 3 0x8000737c (0x00312233) x 4 0x00000001
core   0: 0x80007380 (0x06aef693) andi    a3, t4, 106
core   0: 3 0x80007380 (0x06aef693) x13 0x00000040
core   0: 0x80007384 (0x00984c33) xor     s8, a6, s1
core   0: 3 0x80007384 (0x00984c33) x24 0x7b50c34c
core   0: 0x80007388 (0x007170b3) and     ra, sp, t2
core   0: 3 0x80007388 (0x007170b3) x 1 0x80011000
core   0: 0x8000738c (0x0173aeb3) slt     t4, t2, s7
core   0: 3 0x8000738c (0x0173aeb3) x29 0x00000001
core   0: 0x80007390 (0x408f5d13) srai    s10, t5, 8
core   0: 3 0x80007390 (0x408f5d13) x26 0x00000000
core   0: 0x80007394 (0x00000013) nop
core   0: 3 0x80007394 (0x00000013)
core   0: 0x80007398 (0xdeda0b93) addi    s7, s4, -531
core   0: 3 0x80007398 (0xdeda0b93) x23 0xe10c6ded
core   0: 0x8000739c (0x01bfb933) sltu    s2, t6, s11
core   0: 3 0x8000739c (0x01bfb933) x18 0x00000001
core   0: 0x800073a0 (0x018b5813) srli    a6, s6, 24
core   0: 3 0x800073a0 (0x018b5813) x16 0x00000000
core   0: 0x800073a4 (0x0125a0b3) slt     ra, a1, s2
core   0: 3 0x800073a4 (0x0125a0b3) x 1 0x00000000
core   0: 0x800073a8 (0x017f7eb3) and     t4, t5, s7
core   0: 3 0x800073a8 (0x017f7eb3) x29 0x00000000
core   0: 0x800073ac (0x007036b3) snez    a3, t2
core   0: 3 0x800073ac (0x007036b3) x13 0x00000001
core   0: 0x800073b0 (0x2e3bd2b7) lui     t0, 0x2e3bd
core   0: 3 0x800073b0 (0x2e3bd2b7) x 5 0x2e3bd000
core   0: 0x800073b4 (0x203a2193) slti    gp, s4, 515
core   0: 3 0x800073b4 (0x203a2193) x 3 0x00000001
core   0: 0x800073b8 (0xf7296f93) ori     t6, s2, -142
core   0: 3 0x800073b8 (0xf7296f93) x31 0xffffff73
core   0: 0x800073bc (0x01996fb3) or      t6, s2, s9
core   0: 3 0x800073bc (0x01996fb3) x31 0x04700f05
core   0: 0x800073c0 (0x41e206b3) sub     a3, tp, t5
core   0: 3 0x800073c0 (0x41e206b3) x13 0x00000001
core   0: 0x800073c4 (0x0050c8b3) xor     a7, ra, t0
core   0: 3 0x800073c4 (0x0050c8b3) x17 0x2e3bd000
core   0: 0x800073c8 (0x00a2e033) or      zero, t0, a0
core   0: 3 0x800073c8 (0x00a2e033)
core   0: 0x800073cc (0x42c52a13) slti    s4, a0, 1068
core   0: 3 0x800073cc (0x42c52a13) x20 0x00000000
core   0: 0x800073d0 (0x0f696037) lui     zero, 0xf696
core   0: 3 0x800073d0 (0x0f696037)
core   0: 0x800073d4 (0x34902213) slti    tp, zero, 841
core   0: 3 0x800073d4 (0x34902213) x 4 0x00000001
core   0: 0x800073d8 (0xa6aae737) lui     a4, 0xa6aae
core   0: 3 0x800073d8 (0xa6aae737) x14 0xa6aae000
core   0: 0x800073dc (0x2ddfc293) xori    t0, t6, 733
core   0: 3 0x800073dc (0x2ddfc293) x 5 0x04700dd8
core   0: 0x800073e0 (0x003c31b3) sltu    gp, s8, gp
core   0: 3 0x800073e0 (0x003c31b3) x 3 0x00000000
core   0: 0x800073e4 (0x018c4cb3) xor     s9, s8, s8
core   0: 3 0x800073e4 (0x018c4cb3) x25 0x00000000
core   0: 0x800073e8 (0x9bb14813) xori    a6, sp, -1605
core   0: 3 0x800073e8 (0x9bb14813) x16 0x3aece9bb
core   0: 0x800073ec (0x16f0fc13) andi    s8, ra, 367
core   0: 3 0x800073ec (0x16f0fc13) x24 0x00000000
core   0: 0x800073f0 (0x8aa22913) slti    s2, tp, -1878
core   0: 3 0x800073f0 (0x8aa22913) x18 0x00000000
core   0: 0x800073f4 (0x003fdc13) srli    s8, t6, 3
core   0: 3 0x800073f4 (0x003fdc13) x24 0x008e01e0
core   0: 0x800073f8 (0x01d1b433) sltu    s0, gp, t4
core   0: 3 0x800073f8 (0x01d1b433) x 8 0x00000000
core   0: 0x800073fc (0x3e5e2093) slti    ra, t3, 997
core   0: 3 0x800073fc (0x3e5e2093) x 1 0x00000001
core   0: 0x80007400 (0xf1c83093) sltiu   ra, a6, -228
core   0: 3 0x80007400 (0xf1c83093) x 1 0x00000001
core   0: 0x80007404 (0x01e37233) and     tp, t1, t5
core   0: 3 0x80007404 (0x01e37233) x 4 0x00000000
core   0: 0x80007408 (0x9a45ec13) ori     s8, a1, -1628
core   0: 3 0x80007408 (0x9a45ec13) x24 0xfffff9a6
core   0: 0x8000740c (0x00c7fab3) and     s5, a5, a2
core   0: 3 0x8000740c (0x00c7fab3) x21 0x800050c4
core   0: 0x80007410 (0xce7cc017) auipc   zero, 0xce7cc
core   0: 3 0x80007410 (0xce7cc017)
core   0: 0x80007414 (0x01bb5033) srl     zero, s6, s11
core   0: 3 0x80007414 (0x01bb5033)
core   0: 0x80007418 (0x25336e93) ori     t4, t1, 595
core   0: 3 0x80007418 (0x25336e93) x29 0x00000253
core   0: 0x8000741c (0x30269fb7) lui     t6, 0x30269
core   0: 3 0x8000741c (0x30269fb7) x31 0x30269000
core   0: 0x80007420 (0xc9d34e93) xori    t4, t1, -867
core   0: 3 0x80007420 (0xc9d34e93) x29 0xfffffc9c
core   0: 0x80007424 (0x40515e33) sra     t3, sp, t0
core   0: 3 0x80007424 (0x40515e33) x28 0xffffffc5
core   0: 0x80007428 (0x9adf0593) addi    a1, t5, -1619
core   0: 3 0x80007428 (0x9adf0593) x11 0xfffff9ad
core   0: 0x8000742c (0xd335fa37) lui     s4, 0xd335f
core   0: 3 0x8000742c (0xd335fa37) x20 0xd335f000
core   0: 0x80007430 (0x38d7eb93) ori     s7, a5, 909
core   0: 3 0x80007430 (0x38d7eb93) x23 0xe7aed3df
core   0: 0x80007434 (0x402d86b3) sub     a3, s11, sp
core   0: 3 0x80007434 (0x402d86b3) x13 0x3aecefff
core   0: 0x80007438 (0x9db75337) lui     t1, 0x9db75
core   0: 3 0x80007438 (0x9db75337) x 6 0x9db75000
core   0: 0x8000743c (0x00a5edb3) or      s11, a1, a0
core   0: 3 0x8000743c (0x00a5edb3) x27 0xfffff9ad
core   0: 0x80007440 (0x40495293) srai    t0, s2, 4
core   0: 3 0x80007440 (0x40495293) x 5 0x00000000
core   0: 0x80007444 (0x00633733) sltu    a4, t1, t1
core   0: 3 0x80007444 (0x00633733) x14 0x00000000
core   0: 0x80007448 (0x017f9e93) slli    t4, t6, 23
core   0: 3 0x80007448 (0x017f9e93) x29 0x00000000
core   0: 0x8000744c (0x00f8d6b3) srl     a3, a7, a5
core   0: 3 0x8000744c (0x00f8d6b3) x13 0x00000000
core   0: 0x80007450 (0x002ada13) srli    s4, s5, 2
core   0: 3 0x80007450 (0x002ada13) x20 0x20001431
core   0: 0x80007454 (0x01994a33) xor     s4, s2, s9
core   0: 3 0x80007454 (0x01994a33) x20 0x00000000
core   0: 0x80007458 (0x00000013) nop
core   0: 3 0x80007458 (0x00000013)
core   0: 0x8000745c (0x00bea6b3) slt     a3, t4, a1
core   0: 3 0x8000745c (0x00bea6b3) x13 0x00000000
core   0: 0x80007460 (0x0119b1b3) sltu    gp, s3, a7
core   0: 3 0x80007460 (0x0119b1b3) x 3 0x00000000
core   0: 0x80007464 (0x01a724b3) slt     s1, a4, s10
core   0: 3 0x80007464 (0x01a724b3) x 9 0x00000000
core   0: 0x80007468 (0xd4246013) ori     zero, s0, -702
core   0: 3 0x80007468 (0xd4246013)
core   0: 0x8000746c (0x40715a33) sra     s4, sp, t2
core   0: 3 0x8000746c (0x40715a33) x20 0xfc513100
core   0: 0x80007470 (0x01a51a33) sll     s4, a0, s10
core   0: 3 0x80007470 (0x01a51a33) x20 0x5a000000
core   0: 0x80007474 (0x418fd5b3) sra     a1, t6, s8
core   0: 3 0x80007474 (0x418fd5b3) x11 0x00c09a40
core   0: 0x80007478 (0x01a178b3) and     a7, sp, s10
core   0: 3 0x80007478 (0x01a178b3) x17 0x00000000
core   0: 0x8000747c (0x38138a93) addi    s5, t2, 897
core   0: 3 0x8000747c (0x38138a93) x21 0x800121e5
core   0: 0x80007480 (0x00000013) nop
core   0: 3 0x80007480 (0x00000013)
core   0: 0x80007484 (0x003a76b3) and     a3, s4, gp
core   0: 3 0x80007484 (0x003a76b3) x13 0x00000000
core   0: 0x80007488 (0x30787193) andi    gp, a6, 775
core   0: 3 0x80007488 (0x30787193) x 3 0x00000103
core   0: 0x8000748c (0x001c1413) slli    s0, s8, 1
core   0: 3 0x8000748c (0x001c1413) x 8 0xfffff34c
core   0: 0x80007490 (0x08157693) andi    a3, a0, 129
core   0: 3 0x80007490 (0x08157693) x13 0x00000000
core   0: 0x80007494 (0x41e05333) sra     t1, zero, t5
core   0: 3 0x80007494 (0x41e05333) x 6 0x00000000
core   0: 0x80007498 (0x01ab7e33) and     t3, s6, s10
core   0: 3 0x80007498 (0x01ab7e33) x28 0x00000000
core   0: 0x8000749c (0x01bb3333) sltu    t1, s6, s11
core   0: 3 0x8000749c (0x01bb3333) x 6 0x00000001
core   0: 0x800074a0 (0x00000013) nop
core   0: 3 0x800074a0 (0x00000013)
core   0: 0x800074a4 (0x01b830b3) sltu    ra, a6, s11
core   0: 3 0x800074a4 (0x01b830b3) x 1 0x00000001
core   0: 0x800074a8 (0x41598f33) sub     t5, s3, s5
core   0: 3 0x800074a8 (0x41598f33) x30 0x7ffeda05
core   0: 0x800074ac (0xabfb4993) xori    s3, s6, -1345
core   0: 3 0x800074ac (0xabfb4993) x19 0xfffffabf
core   0: 0x800074b0 (0xad51ac93) slti    s9, gp, -1323
core   0: 3 0x800074b0 (0xad51ac93) x25 0x00000000
core   0: 0x800074b4 (0x001195b3) sll     a1, gp, ra
core   0: 3 0x800074b4 (0x001195b3) x11 0x00000206
core   0: 0x800074b8 (0x00f0ca33) xor     s4, ra, a5
core   0: 3 0x800074b8 (0x00f0ca33) x20 0xe7aed0de
core   0: 0x800074bc (0x01e7b1b3) sltu    gp, a5, t5
core   0: 3 0x800074bc (0x01e7b1b3) x 3 0x00000000
core   0: 0x800074c0 (0x01a0ec33) or      s8, ra, s10
core   0: 3 0x800074c0 (0x01a0ec33) x24 0x00000001
core   0: 0x800074c4 (0x010ed333) srl     t1, t4, a6
core   0: 3 0x800074c4 (0x010ed333) x 6 0x00000000
core   0: 0x800074c8 (0x415b5c93) srai    s9, s6, 21
core   0: 3 0x800074c8 (0x415b5c93) x25 0x00000000
core   0: 0x800074cc (0x402cdf13) srai    t5, s9, 2
core   0: 3 0x800074cc (0x402cdf13) x30 0x00000000
core   0: 0x800074d0 (0x018379b3) and     s3, t1, s8
core   0: 3 0x800074d0 (0x018379b3) x19 0x00000000
core   0: 0x800074d4 (0x41fcd433) sra     s0, s9, t6
core   0: 3 0x800074d4 (0x41fcd433) x 8 0x00000000
core   0: 0x800074d8 (0x01940333) add     t1, s0, s9
core   0: 3 0x800074d8 (0x01940333) x 6 0x00000000
core   0: 0x800074dc (0x00842eb3) slt     t4, s0, s0
core   0: 3 0x800074dc (0x00842eb3) x29 0x00000000
core   0: 0x800074e0 (0x001f9733) sll     a4, t6, ra
core   0: 3 0x800074e0 (0x001f9733) x14 0x604d2000
core   0: 0x800074e4 (0x0005da33) srl     s4, a1, zero
core   0: 3 0x800074e4 (0x0005da33) x20 0x00000206
core   0: 0x800074e8 (0x005aac33) slt     s8, s5, t0
core   0: 3 0x800074e8 (0x005aac33) x24 0x00000001
core   0: 0x800074ec (0x4099df93) srai    t6, s3, 9
core   0: 3 0x800074ec (0x4099df93) x31 0x00000000
core   0: 0x800074f0 (0x83d14097) auipc   ra, 0x83d14
core   0: 3 0x800074f0 (0x83d14097) x 1 0x03d1b4f0
core   0: 0x800074f4 (0x99780813) addi    a6, a6, -1641
core   0: 3 0x800074f4 (0x99780813) x16 0x3aece352
core   0: 0x800074f8 (0x006c2833) slt     a6, s8, t1
core   0: 3 0x800074f8 (0x006c2833) x16 0x00000000
core   0: 0x800074fc (0x419a5a33) sra     s4, s4, s9
core   0: 3 0x800074fc (0x419a5a33) x20 0x00000206
core   0: 0x80007500 (0x38bd2db7) lui     s11, 0x38bd2
core   0: 3 0x80007500 (0x38bd2db7) x27 0x38bd2000
core   0: 0x80007504 (0x0052e033) or      zero, t0, t0
core   0: 3 0x80007504 (0x0052e033)
core   0: 0x80007508 (0x6be38a93) addi    s5, t2, 1726
core   0: 3 0x80007508 (0x6be38a93) x21 0x80012522
core   0: 0x8000750c (0x4119d013) srai    zero, s3, 17
core   0: 3 0x8000750c (0x4119d013)
core   0: 0x80007510 (0x00f754b3) srl     s1, a4, a5
core   0: 3 0x80007510 (0x00f754b3) x 9 0x00000000
core   0: 0x80007514 (0x019652b3) srl     t0, a2, s9
core   0: 3 0x80007514 (0x019652b3) x 5 0x80015ce4
core   0: 0x80007518 (0xd01bad13) slti    s10, s7, -767
core   0: 3 0x80007518 (0xd01bad13) x26 0x00000001
core   0: 0x8000751c (0x41395333) sra     t1, s2, s3
core   0: 3 0x8000751c (0x41395333) x 6 0x00000000
core   0: 0x80007520 (0xb0fb6b93) ori     s7, s6, -1265
core   0: 3 0x80007520 (0xb0fb6b93) x23 0xfffffb0f
core   0: 0x80007524 (0x00000013) nop
core   0: 3 0x80007524 (0x00000013)
core   0: 0x80007528 (0x01958c33) add     s8, a1, s9
core   0: 3 0x80007528 (0x01958c33) x24 0x00000206
core   0: 0x8000752c (0x0471c593) xori    a1, gp, 71
core   0: 3 0x8000752c (0x0471c593) x11 0x00000047
core   0: 0x80007530 (0x01812d33) slt     s10, sp, s8
core   0: 3 0x80007530 (0x01812d33) x26 0x00000001
core   0: 0x80007534 (0x014338b3) sltu    a7, t1, s4
core   0: 3 0x80007534 (0x014338b3) x17 0x00000001
core   0: 0x80007538 (0x00241193) slli    gp, s0, 2
core   0: 3 0x80007538 (0x00241193) x 3 0x00000000
core   0: 0x8000753c (0x56d3d997) auipc   s3, 0x56d3d
core   0: 3 0x8000753c (0x56d3d997) x19 0xd6d4453c
core   0: 0x80007540 (0x60c67c93) andi    s9, a2, 1548
core   0: 3 0x80007540 (0x60c67c93) x25 0x00000404
core   0: 0x80007544 (0x00000013) nop
core   0: 3 0x80007544 (0x00000013)
core   0: 0x80007548 (0x00ca5b13) srli    s6, s4, 12
core   0: 3 0x80007548 (0x00ca5b13) x22 0x00000000
core   0: 0x8000754c (0xd04cf413) andi    s0, s9, -764
core   0: 3 0x8000754c (0xd04cf413) x 8 0x00000404
core   0: 0x80007550 (0x5e3f2493) slti    s1, t5, 1507
core   0: 3 0x80007550 (0x5e3f2493) x 9 0x00000001
core   0: 0x80007554 (0x4137dab3) sra     s5, a5, s3
core   0: 3 0x80007554 (0x4137dab3) x21 0xfffffffe
core   0: 0x80007558 (0x01d8dd33) srl     s10, a7, t4
core   0: 3 0x80007558 (0x01d8dd33) x26 0x00000001
core   0: 0x8000755c (0x99ce0893) addi    a7, t3, -1636
core   0: 3 0x8000755c (0x99ce0893) x17 0xfffff99c
core   0: 0x80007560 (0x00e01313) slli    t1, zero, 14
core   0: 3 0x80007560 (0x00e01313) x 6 0x00000000
core   0: 0x80007564 (0x01ce8eb3) add     t4, t4, t3
core   0: 3 0x80007564 (0x01ce8eb3) x29 0x00000000
core   0: 0x80007568 (0x00746bb3) or      s7, s0, t2
core   0: 3 0x80007568 (0x00746bb3) x23 0x80011e64
core   0: 0x8000756c (0x17c1f893) andi    a7, gp, 380
core   0: 3 0x8000756c (0x17c1f893) x17 0x00000000
core   0: 0x80007570 (0x001cf8b3) and     a7, s9, ra
core   0: 3 0x80007570 (0x001cf8b3) x17 0x00000400
core   0: 0x80007574 (0x41b45733) sra     a4, s0, s11
core   0: 3 0x80007574 (0x41b45733) x14 0x00000404
core   0: 0x80007578 (0x00a91f93) slli    t6, s2, 10
core   0: 3 0x80007578 (0x00a91f93) x31 0x00000000
core   0: 0x8000757c (0x40a8d713) srai    a4, a7, 10
core   0: 3 0x8000757c (0x40a8d713) x14 0x00000001
core   0: 0x80007580 (0xd215fd13) andi    s10, a1, -735
core   0: 3 0x80007580 (0xd215fd13) x26 0x00000001
core   0: 0x80007584 (0x9a598693) addi    a3, s3, -1627
core   0: 3 0x80007584 (0x9a598693) x13 0xd6d43ee1
core   0: 0x80007588 (0xeeabba13) sltiu   s4, s7, -278
core   0: 3 0x80007588 (0xeeabba13) x20 0x00000001
core   0: 0x8000758c (0x41d8df33) sra     t5, a7, t4
core   0: 3 0x8000758c (0x41d8df33) x30 0x00000400
core   0: 0x80007590 (0x4174db13) srai    s6, s1, 23
core   0: 3 0x80007590 (0x4174db13) x22 0x00000000
core   0: 0x80007594 (0x007c42b3) xor     t0, s8, t2
core   0: 3 0x80007594 (0x007c42b3) x 5 0x80011c62
core   0: 0x80007598 (0xe7a37b93) andi    s7, t1, -390
core   0: 3 0x80007598 (0xe7a37b93) x23 0x00000000
core   0: 0x8000759c (0x01b3ab33) slt     s6, t2, s11
core   0: 3 0x8000759c (0x01b3ab33) x22 0x00000001
core   0: 0x800075a0 (0x013bf533) and     a0, s7, s3
core   0: 3 0x800075a0 (0x013bf533) x10 0x00000000
core   0: 0x800075a4 (0x5027f713) andi    a4, a5, 1282
core   0: 3 0x800075a4 (0x5027f713) x14 0x00000002
core   0: 0x800075a8 (0xf4332a93) slti    s5, t1, -189
core   0: 3 0x800075a8 (0xf4332a93) x21 0x00000000
core   0: 0x800075ac (0x01b59d93) slli    s11, a1, 27
core   0: 3 0x800075ac (0x01b59d93) x27 0x38000000
core   0: 0x800075b0 (0x406a59b3) sra     s3, s4, t1
core   0: 3 0x800075b0 (0x406a59b3) x19 0x00000001
core   0: 0x800075b4 (0x0893eb13) ori     s6, t2, 137
core   0: 3 0x800075b4 (0x0893eb13) x22 0x80011eed
core   0: 0x800075b8 (0x004b1c13) slli    s8, s6, 4
core   0: 3 0x800075b8 (0x004b1c13) x24 0x0011eed0
core   0: 0x800075bc (0x012b24b3) slt     s1, s6, s2
core   0: 3 0x800075bc (0x012b24b3) x 9 0x00000001
core   0: 0x800075c0 (0x01f2f8b3) and     a7, t0, t6
core   0: 3 0x800075c0 (0x01f2f8b3) x17 0x00000000
core   0: 0x800075c4 (0x0018f033) and     zero, a7, ra
core   0: 3 0x800075c4 (0x0018f033)
core   0: 0x800075c8 (0x8f676913) ori     s2, a4, -1802
core   0: 3 0x800075c8 (0x8f676913) x18 0xfffff8f6
core   0: 0x800075cc (0x01da0e33) add     t3, s4, t4
core   0: 3 0x800075cc (0x01da0e33) x28 0x00000001
core   0: 0x800075d0 (0x01190093) addi    ra, s2, 17
core   0: 3 0x800075d0 (0x01190093) x 1 0xfffff907
core   0: 0x800075d4 (0x05b56093) ori     ra, a0, 91
core   0: 3 0x800075d4 (0x05b56093) x 1 0x0000005b
core   0: 0x800075d8 (0x00aca333) slt     t1, s9, a0
core   0: 3 0x800075d8 (0x00aca333) x 6 0x00000000
core   0: 0x800075dc (0x000ec6b3) xor     a3, t4, zero
core   0: 3 0x800075dc (0x000ec6b3) x13 0x00000000
core   0: 0x800075e0 (0x409fdcb3) sra     s9, t6, s1
core   0: 3 0x800075e0 (0x409fdcb3) x25 0x00000000
core   0: 0x800075e4 (0x010a41b3) xor     gp, s4, a6
core   0: 3 0x800075e4 (0x010a41b3) x 3 0x00000001
core   0: 0x800075e8 (0x2395ce93) xori    t4, a1, 569
core   0: 3 0x800075e8 (0x2395ce93) x29 0x0000027e
core   0: 0x800075ec (0x00748433) add     s0, s1, t2
core   0: 3 0x800075ec (0x00748433) x 8 0x80011e65
core   0: 0x800075f0 (0x002f5c33) srl     s8, t5, sp
core   0: 3 0x800075f0 (0x002f5c33) x24 0x00000400
core   0: 0x800075f4 (0x01d5b333) sltu    t1, a1, t4
core   0: 3 0x800075f4 (0x01d5b333) x 6 0x00000001
core   0: 0x800075f8 (0x8a030ab7) lui     s5, 0x8a030
core   0: 3 0x800075f8 (0x8a030ab7) x21 0x8a030000
core   0: 0x800075fc (0x000bae33) slt     t3, s7, zero
core   0: 3 0x800075fc (0x000bae33) x28 0x00000000
core   0: 0x80007600 (0x05dfe493) ori     s1, t6, 93
core   0: 3 0x80007600 (0x05dfe493) x 9 0x0000005d
core   0: 0x80007604 (0x41f5d1b3) sra     gp, a1, t6
core   0: 3 0x80007604 (0x41f5d1b3) x 3 0x00000047
core   0: 0x80007608 (0x0002b933) sltu    s2, t0, zero
core   0: 3 0x80007608 (0x0002b933) x18 0x00000000
core   0: 0x8000760c (0xa6532513) slti    a0, t1, -1435
core   0: 3 0x8000760c (0xa6532513) x10 0x00000000
core   0: 0x80007610 (0x41badcb3) sra     s9, s5, s11
core   0: 3 0x80007610 (0x41badcb3) x25 0x8a030000
core   0: 0x80007614 (0xc36c8513) addi    a0, s9, -970
core   0: 3 0x80007614 (0xc36c8513) x10 0x8a02fc36
core   0: 0x80007618 (0x00efd4b3) srl     s1, t6, a4
core   0: 3 0x80007618 (0x00efd4b3) x 9 0x00000000
core   0: 0x8000761c (0xac237b13) andi    s6, t1, -1342
core   0: 3 0x8000761c (0xac237b13) x22 0x00000000
core   0: 0x80007620 (0x01782433) slt     s0, a6, s7
core   0: 3 0x80007620 (0x01782433) x 8 0x00000000
core   0: 0x80007624 (0x41d006b3) sub     a3, zero, t4
core   0: 3 0x80007624 (0x41d006b3) x13 0xfffffd82
core   0: 0x80007628 (0x5194e513) ori     a0, s1, 1305
core   0: 3 0x80007628 (0x5194e513) x10 0x00000519
core   0: 0x8000762c (0x8a086d93) ori     s11, a6, -1888
core   0: 3 0x8000762c (0x8a086d93) x27 0xfffff8a0
core   0: 0x80007630 (0x00808f33) add     t5, ra, s0
core   0: 3 0x80007630 (0x00808f33) x30 0x0000005b
core   0: 0x80007634 (0x6894b097) auipc   ra, 0x6894b
core   0: 3 0x80007634 (0x6894b097) x 1 0xe8952634
core   0: 0x80007638 (0x70773313) sltiu   t1, a4, 1799
core   0: 3 0x80007638 (0x70773313) x 6 0x00000001
core   0: 0x8000763c (0x00b01213) slli    tp, zero, 11
core   0: 3 0x8000763c (0x00b01213) x 4 0x00000000
core   0: 0x80007640 (0x0145ff33) and     t5, a1, s4
core   0: 3 0x80007640 (0x0145ff33) x30 0x00000001
core   0: 0x80007644 (0x018be2b3) or      t0, s7, s8
core   0: 3 0x80007644 (0x018be2b3) x 5 0x00000400
core   0: 0x80007648 (0x4008d233) sra     tp, a7, zero
core   0: 3 0x80007648 (0x4008d233) x 4 0x00000000
core   0: 0x8000764c (0x2318b737) lui     a4, 0x2318b
core   0: 3 0x8000764c (0x2318b737) x14 0x2318b000
core   0: 0x80007650 (0x0e166f13) ori     t5, a2, 225
core   0: 3 0x80007650 (0x0e166f13) x30 0x80015ce5
core   0: 0x80007654 (0xa44b24b7) lui     s1, 0xa44b2
core   0: 3 0x80007654 (0xa44b24b7) x 9 0xa44b2000
core   0: 0x80007658 (0x6271af13) slti    t5, gp, 1575
core   0: 3 0x80007658 (0x6271af13) x30 0x00000001
core   0: 0x8000765c (0x00dddf13) srli    t5, s11, 13
core   0: 3 0x8000765c (0x00dddf13) x30 0x0007ffff
core   0: 0x80007660 (0x00ddc233) xor     tp, s11, a3
core   0: 3 0x80007660 (0x00ddc233) x 4 0x00000522
core   0: 0x80007664 (0x473bc813) xori    a6, s7, 1139
core   0: 3 0x80007664 (0x473bc813) x16 0x00000473
core   0: 0x80007668 (0x002c90b3) sll     ra, s9, sp
core   0: 3 0x80007668 (0x002c90b3) x 1 0x8a030000
core   0: 0x8000766c (0x01a84833) xor     a6, a6, s10
core   0: 3 0x8000766c (0x01a84833) x16 0x00000472
core   0: 0x80007670 (0x001f65b3) or      a1, t5, ra
core   0: 3 0x80007670 (0x001f65b3) x11 0x8a07ffff
core   0: 0x80007674 (0x27470093) addi    ra, a4, 628
core   0: 3 0x80007674 (0x27470093) x 1 0x2318b274
core   0: 0x80007678 (0x40690b33) sub     s6, s2, t1
core   0: 3 0x80007678 (0x40690b33) x22 0xffffffff
core   0: 0x8000767c (0xf6fab813) sltiu   a6, s5, -145
core   0: 3 0x8000767c (0xf6fab813) x16 0x00000001
core   0: 0x80007680 (0x00a96733) or      a4, s2, a0
core   0: 3 0x80007680 (0x00a96733) x14 0x00000519
core   0: 0x80007684 (0x6fedff93) andi    t6, s11, 1790
core   0: 3 0x80007684 (0x6fedff93) x31 0x000000a0
core   0: 0x80007688 (0x410fd4b3) sra     s1, t6, a6
core   0: 3 0x80007688 (0x410fd4b3) x 9 0x00000050
core   0: 0x8000768c (0x006bf1b3) and     gp, s7, t1
core   0: 3 0x8000768c (0x006bf1b3) x 3 0x00000000
core   0: 0x80007690 (0x78b68293) addi    t0, a3, 1931
core   0: 3 0x80007690 (0x78b68293) x 5 0x0000050d
core   0: 0x80007694 (0x00ae1713) slli    a4, t3, 10
core   0: 3 0x80007694 (0x00ae1713) x14 0x00000000
core   0: 0x80007698 (0x9b2a61b7) lui     gp, 0x9b2a6
core   0: 3 0x80007698 (0x9b2a61b7) x 3 0x9b2a6000
core   0: 0x8000769c (0x0013ec13) ori     s8, t2, 1
core   0: 3 0x8000769c (0x0013ec13) x24 0x80011e65
core   0: 0x800076a0 (0x012854b3) srl     s1, a6, s2
core   0: 3 0x800076a0 (0x012854b3) x 9 0x00000001
core   0: 0x800076a4 (0x0da19137) lui     sp, 0xda19
core   0: 3 0x800076a4 (0x0da19137) x 2 0x0da19000
core   0: 0x800076a8 (0x0104fbb3) and     s7, s1, a6
core   0: 3 0x800076a8 (0x0104fbb3) x23 0x00000001
core   0: 0x800076ac (0x01793b13) sltiu   s6, s2, 23
core   0: 3 0x800076ac (0x01793b13) x22 0x00000001
core   0: 0x800076b0 (0x8c69cb93) xori    s7, s3, -1850
core   0: 3 0x800076b0 (0x8c69cb93) x23 0xfffff8c7
core   0: 0x800076b4 (0x00a631b3) sltu    gp, a2, a0
core   0: 3 0x800076b4 (0x00a631b3) x 3 0x00000000
core   0: 0x800076b8 (0x009dc2b7) lui     t0, 0x9dc
core   0: 3 0x800076b8 (0x009dc2b7) x 5 0x009dc000
core   0: 0x800076bc (0x01c95593) srli    a1, s2, 28
core   0: 3 0x800076bc (0x01c95593) x11 0x00000000
core   0: 0x800076c0 (0x016b7fb3) and     t6, s6, s6
core   0: 3 0x800076c0 (0x016b7fb3) x31 0x00000001
core   0: 0x800076c4 (0x0021ad33) slt     s10, gp, sp
core   0: 3 0x800076c4 (0x0021ad33) x26 0x00000001
core   0: 0x800076c8 (0x40735493) srai    s1, t1, 7
core   0: 3 0x800076c8 (0x40735493) x 9 0x00000000
core   0: 0x800076cc (0xace67a93) andi    s5, a2, -1330
core   0: 3 0x800076cc (0xace67a93) x21 0x800158c4
core   0: 0x800076d0 (0x00e18233) add     tp, gp, a4
core   0: 3 0x800076d0 (0x00e18233) x 4 0x00000000
core   0: 0x800076d4 (0x403dd9b3) sra     s3, s11, gp
core   0: 3 0x800076d4 (0x403dd9b3) x19 0xfffff8a0
core   0: 0x800076d8 (0x01b43fb3) sltu    t6, s0, s11
core   0: 3 0x800076d8 (0x01b43fb3) x31 0x00000001
core   0: 0x800076dc (0xe2d13937) lui     s2, 0xe2d13
core   0: 3 0x800076dc (0xe2d13937) x18 0xe2d13000
core   0: 0x800076e0 (0x0152d4b3) srl     s1, t0, s5
core   0: 3 0x800076e0 (0x0152d4b3) x 9 0x0009dc00
core   0: 0x800076e4 (0x0043ec33) or      s8, t2, tp
core   0: 3 0x800076e4 (0x0043ec33) x24 0x80011e64
core   0: 0x800076e8 (0x67d80593) addi    a1, a6, 1661
core   0: 3 0x800076e8 (0x67d80593) x11 0x0000067e
core   0: 0x800076ec (0x00e0f233) and     tp, ra, a4
core   0: 3 0x800076ec (0x00e0f233) x 4 0x00000000
core   0: 0x800076f0 (0x0003aa33) slt     s4, t2, zero
core   0: 3 0x800076f0 (0x0003aa33) x20 0x00000001
core   0: 0x800076f4 (0x0070e433) or      s0, ra, t2
core   0: 3 0x800076f4 (0x0070e433) x 8 0xa319be74
core   0: 0x800076f8 (0x001372b3) and     t0, t1, ra
core   0: 3 0x800076f8 (0x001372b3) x 5 0x00000000
core   0: 0x800076fc (0x00f95033) srl     zero, s2, a5
core   0: 3 0x800076fc (0x00f95033)
core   0: 0x80007700 (0x9d4e0e93) addi    t4, t3, -1580
core   0: 3 0x80007700 (0x9d4e0e93) x29 0xfffff9d4
core   0: 0x80007704 (0x003272b3) and     t0, tp, gp
core   0: 3 0x80007704 (0x003272b3) x 5 0x00000000
core   0: 0x80007708 (0x00d8d593) srli    a1, a7, 13
core   0: 3 0x80007708 (0x00d8d593) x11 0x00000000
core   0: 0x8000770c (0x41a206b3) sub     a3, tp, s10
core   0: 3 0x8000770c (0x41a206b3) x13 0xffffffff
core   0: 0x80007710 (0x01bc9fb3) sll     t6, s9, s11
core   0: 3 0x80007710 (0x01bc9fb3) x31 0x8a030000
core   0: 0x80007714 (0x2b1f2297) auipc   t0, 0x2b1f2
core   0: 3 0x80007714 (0x2b1f2297) x 5 0xab1f9714
core   0: 0x80007718 (0x8b95ba93) sltiu   s5, a1, -1863
core   0: 3 0x80007718 (0x8b95ba93) x21 0x00000001
core   0: 0x8000771c (0x5b487993) andi    s3, a6, 1460
core   0: 3 0x8000771c (0x5b487993) x19 0x00000000
core   0: 0x80007720 (0x01006333) or      t1, zero, a6
core   0: 3 0x80007720 (0x01006333) x 6 0x00000001
core   0: 0x80007724 (0x00f671b3) and     gp, a2, a5
core   0: 3 0x80007724 (0x00f671b3) x 3 0x800050c4
core   0: 0x80007728 (0x01574ab3) xor     s5, a4, s5
core   0: 3 0x80007728 (0x01574ab3) x21 0x00000001
core   0: 0x8000772c (0x3f1caeb7) lui     t4, 0x3f1ca
core   0: 3 0x8000772c (0x3f1caeb7) x29 0x3f1ca000
core   0: 0x80007730 (0x41da5713) srai    a4, s4, 29
core   0: 3 0x80007730 (0x41da5713) x14 0x00000000
core   0: 0x80007734 (0x00d17fb3) and     t6, sp, a3
core   0: 3 0x80007734 (0x00d17fb3) x31 0x0da19000
core   0: 0x80007738 (0x412788b3) sub     a7, a5, s2
core   0: 3 0x80007738 (0x412788b3) x17 0x04dda0df
core   0: 0x8000773c (0x01ace233) or      tp, s9, s10
core   0: 3 0x8000773c (0x01ace233) x 4 0x8a030001
core   0: 0x80007740 (0x90ba4593) xori    a1, s4, -1781
core   0: 3 0x80007740 (0x90ba4593) x11 0xfffff90a
core   0: 0x80007744 (0x00000013) nop
core   0: 3 0x80007744 (0x00000013)
core   0: 0x80007748 (0x41d050b3) sra     ra, zero, t4
core   0: 3 0x80007748 (0x41d050b3) x 1 0x00000000
core   0: 0x8000774c (0x3cb35eb7) lui     t4, 0x3cb35
core   0: 3 0x8000774c (0x3cb35eb7) x29 0x3cb35000
core   0: 0x80007750 (0x2597f913) andi    s2, a5, 601
core   0: 3 0x80007750 (0x2597f913) x18 0x00000059
core   0: 0x80007754 (0xb7b34d13) xori    s10, t1, -1157
core   0: 3 0x80007754 (0xb7b34d13) x26 0xfffffb7a
core   0: 0x80007758 (0x41f30133) sub     sp, t1, t6
core   0: 3 0x80007758 (0x41f30133) x 2 0xf25e7001
core   0: 0x8000775c (0x6ac9a993) slti    s3, s3, 1708
core   0: 3 0x8000775c (0x6ac9a993) x19 0x00000001
core   0: 0x80007760 (0x01e16033) or      zero, sp, t5
core   0: 3 0x80007760 (0x01e16033)
core   0: 0x80007764 (0x1bd4a6b7) lui     a3, 0x1bd4a
core   0: 3 0x80007764 (0x1bd4a6b7) x13 0x1bd4a000
core   0: 0x80007768 (0x00718433) add     s0, gp, t2
core   0: 3 0x80007768 (0x00718433) x 8 0x00016f28
core   0: 0x8000776c (0x8be13293) sltiu   t0, sp, -1858
core   0: 3 0x8000776c (0x8be13293) x 5 0x00000001
core   0: 0x80007770 (0x7d86e693) ori     a3, a3, 2008
core   0: 3 0x80007770 (0x7d86e693) x13 0x1bd4a7d8
core   0: 0x80007774 (0x012f3ab3) sltu    s5, t5, s2
core   0: 3 0x80007774 (0x012f3ab3) x21 0x00000000
core   0: 0x80007778 (0x01707233) and     tp, zero, s7
core   0: 3 0x80007778 (0x01707233) x 4 0x00000000
core   0: 0x8000777c (0x3f55a497) auipc   s1, 0x3f55a
core   0: 3 0x8000777c (0x3f55a497) x 9 0xbf56177c
core   0: 0x80007780 (0x40a7dcb3) sra     s9, a5, a0
core   0: 3 0x80007780 (0x40a7dcb3) x25 0xfffffff3
core   0: 0x80007784 (0x18e7ed13) ori     s10, a5, 398
core   0: 3 0x80007784 (0x18e7ed13) x26 0xe7aed1df
core   0: 0x80007788 (0x41188333) sub     t1, a7, a7
core   0: 3 0x80007788 (0x41188333) x 6 0x00000000
core   0: 0x8000778c (0xfb42c693) xori    a3, t0, -76
core   0: 3 0x8000778c (0xfb42c693) x13 0xffffffb5
core   0: 0x80007790 (0x4155d213) srai    tp, a1, 21
core   0: 3 0x80007790 (0x4155d213) x 4 0xffffffff
core   0: 0x80007794 (0x4144d213) srai    tp, s1, 20
core   0: 3 0x80007794 (0x4144d213) x 4 0xfffffbf5
core   0: 0x80007798 (0x00cbca33) xor     s4, s7, a2
core   0: 3 0x80007798 (0x00cbca33) x20 0x7ffea423
core   0: 0x8000779c (0x011802b3) add     t0, a6, a7
core   0: 3 0x8000779c (0x011802b3) x 5 0x04dda0e0
core   0: 0x800077a0 (0x008ca233) slt     tp, s9, s0
core   0: 3 0x800077a0 (0x008ca233) x 4 0x00000001
core   0: 0x800077a4 (0x01b22933) slt     s2, tp, s11
core   0: 3 0x800077a4 (0x01b22933) x18 0x00000000
core   0: 0x800077a8 (0x9b983493) sltiu   s1, a6, -1607
core   0: 3 0x800077a8 (0x9b983493) x 9 0x00000001
core   0: 0x800077ac (0x0d190e97) auipc   t4, 0xd190
core   0: 3 0x800077ac (0x0d190e97) x29 0x8d1977ac
core   0: 0x800077b0 (0x0192ebb3) or      s7, t0, s9
core   0: 3 0x800077b0 (0x0192ebb3) x23 0xfffffff3
core   0: 0x800077b4 (0x01e5cd33) xor     s10, a1, t5
core   0: 3 0x800077b4 (0x01e5cd33) x26 0xfff806f5
core   0: 0x800077b8 (0x00c09b93) slli    s7, ra, 12
core   0: 3 0x800077b8 (0x00c09b93) x23 0x00000000
core   0: 0x800077bc (0x003c7fb3) and     t6, s8, gp
core   0: 3 0x800077bc (0x003c7fb3) x31 0x80001044
core   0: 0x800077c0 (0x00000013) nop
core   0: 3 0x800077c0 (0x00000013)
core   0: 0x800077c4 (0x0094c933) xor     s2, s1, s1
core   0: 3 0x800077c4 (0x0094c933) x18 0x00000000
core   0: 0x800077c8 (0x00195b33) srl     s6, s2, ra
core   0: 3 0x800077c8 (0x00195b33) x22 0x00000000
core   0: 0x800077cc (0xb9c80e13) addi    t3, a6, -1124
core   0: 3 0x800077cc (0xb9c80e13) x28 0xfffffb9d
core   0: 0x800077d0 (0x00da1593) slli    a1, s4, 13
core   0: 3 0x800077d0 (0x00da1593) x11 0xd4846000
core   0: 0x800077d4 (0xd3998237) lui     tp, 0xd3998
core   0: 3 0x800077d4 (0xd3998237) x 4 0xd3998000
core   0: 0x800077d8 (0x40d10433) sub     s0, sp, a3
core   0: 3 0x800077d8 (0x40d10433) x 8 0xf25e704c
core   0: 0x800077dc (0xacef2a13) slti    s4, t5, -1330
core   0: 3 0x800077dc (0xacef2a13) x20 0x00000000
core   0: 0x800077e0 (0x40a20b33) sub     s6, tp, a0
core   0: 3 0x800077e0 (0x40a20b33) x22 0xd3997ae7
core   0: 0x800077e4 (0x01224d13) xori    s10, tp, 18
core   0: 3 0x800077e4 (0x01224d13) x26 0xd3998012
core   0: 0x800077e8 (0x00357fb3) and     t6, a0, gp
core   0: 3 0x800077e8 (0x00357fb3) x31 0x00000000
core   0: 0x800077ec (0x01db18b3) sll     a7, s6, t4
core   0: 3 0x800077ec (0x01db18b3) x17 0x97ae7000
core   0: 0x800077f0 (0xe3093e13) sltiu   t3, s2, -464
core   0: 3 0x800077f0 (0xe3093e13) x28 0x00000001
core   0: 0x800077f4 (0x012b88b3) add     a7, s7, s2
core   0: 3 0x800077f4 (0x012b88b3) x17 0x00000000
core   0: 0x800077f8 (0x010b6b33) or      s6, s6, a6
core   0: 3 0x800077f8 (0x010b6b33) x22 0xd3997ae7
core   0: 0x800077fc (0x0073b533) sltu    a0, t2, t2
core   0: 3 0x800077fc (0x0073b533) x10 0x00000000
core   0: 0x80007800 (0xbbe63593) sltiu   a1, a2, -1090
core   0: 3 0x80007800 (0xbbe63593) x11 0x00000001
core   0: 0x80007804 (0xdb322a13) slti    s4, tp, -589
core   0: 3 0x80007804 (0xdb322a13) x20 0x00000001
core   0: 0x80007808 (0x402a5133) sra     sp, s4, sp
core   0: 3 0x80007808 (0x402a5133) x 2 0x00000000
core   0: 0x8000780c (0x0b74e537) lui     a0, 0xb74e
core   0: 3 0x8000780c (0x0b74e537) x10 0x0b74e000
core   0: 0x80007810 (0x0ea8cf93) xori    t6, a7, 234
core   0: 3 0x80007810 (0x0ea8cf93) x31 0x000000ea
core   0: 0x80007814 (0xd89aa837) lui     a6, 0xd89aa
core   0: 3 0x80007814 (0xd89aa837) x16 0xd89aa000
core   0: 0x80007818 (0xcaf8fb13) andi    s6, a7, -849
core   0: 3 0x80007818 (0xcaf8fb13) x22 0x00000000
core   0: 0x8000781c (0x40a1de93) srai    t4, gp, 10
core   0: 3 0x8000781c (0x40a1de93) x29 0xffe00014
core   0: 0x80007820 (0x41a35d13) srai    s10, t1, 26
core   0: 3 0x80007820 (0x41a35d13) x26 0x00000000
core   0: 0x80007824 (0x01332ab3) slt     s5, t1, s3
core   0: 3 0x80007824 (0x01332ab3) x21 0x00000001
core   0: 0x80007828 (0x00d61a33) sll     s4, a2, a3
core   0: 3 0x80007828 (0x00d61a33) x20 0x9c800000
core   0: 0x8000782c (0x86630337) lui     t1, 0x86630
core   0: 3 0x8000782c (0x86630337) x 6 0x86630000
core   0: 0x80007830 (0x0104cbb3) xor     s7, s1, a6
core   0: 3 0x80007830 (0x0104cbb3) x23 0xd89aa001
core   0: 0x80007834 (0x00209733) sll     a4, ra, sp
core   0: 3 0x80007834 (0x00209733) x14 0x00000000
core   0: 0x80007838 (0x014c5a93) srli    s5, s8, 20
core   0: 3 0x80007838 (0x014c5a93) x21 0x00000800
core   0: 0x8000783c (0x00a69133) sll     sp, a3, a0
core   0: 3 0x8000783c (0x00a69133) x 2 0xffffffb5
core   0: 0x80007840 (0x4bc77e93) andi    t4, a4, 1212
core   0: 3 0x80007840 (0x4bc77e93) x29 0x00000000
core   0: 0x80007844 (0x9118ed17) auipc   s10, 0x9118e
core   0: 3 0x80007844 (0x9118ed17) x26 0x11195844
core   0: 0x80007848 (0x40180d33) sub     s10, a6, ra
core   0: 3 0x80007848 (0x40180d33) x26 0xd89aa000
core   0: 0x8000784c (0x287ae593) ori     a1, s5, 647
core   0: 3 0x8000784c (0x287ae593) x11 0x00000a87
core   0: 0x80007850 (0x00f2bab3) sltu    s5, t0, a5
core   0: 3 0x80007850 (0x00f2bab3) x21 0x00000001
core   0: 0x80007854 (0xa848ef13) ori     t5, a7, -1404
core   0: 3 0x80007854 (0xa848ef13) x30 0xfffffa84
core   0: 0x80007858 (0x007a3133) sltu    sp, s4, t2
core   0: 3 0x80007858 (0x007a3133) x 2 0x00000000
core   0: 0x8000785c (0x41fc5813) srai    a6, s8, 31
core   0: 3 0x8000785c (0x41fc5813) x16 0xffffffff
core   0: 0x80007860 (0xba38c213) xori    tp, a7, -1117
core   0: 3 0x80007860 (0xba38c213) x 4 0xfffffba3
core   0: 0x80007864 (0x000a54b3) srl     s1, s4, zero
core   0: 3 0x80007864 (0x000a54b3) x 9 0x9c800000
core   0: 0x80007868 (0x012bde93) srli    t4, s7, 18
core   0: 3 0x80007868 (0x012bde93) x29 0x00003626
core   0: 0x8000786c (0xf8894b93) xori    s7, s2, -120
core   0: 3 0x8000786c (0xf8894b93) x23 0xffffff88
core   0: 0x80007870 (0x80000c37) lui     s8, 0x80000
core   0: 3 0x80007870 (0x80000c37) x24 0x80000000
core   0: 0x80007874 (0x75222fb7) lui     t6, 0x75222
core   0: 3 0x80007874 (0x75222fb7) x31 0x75222000
core   0: 0x80007878 (0xb9bf8f93) addi    t6, t6, -1125
core   0: 3 0x80007878 (0xb9bf8f93) x31 0x75221b9b
core   0: 0x8000787c (0xfff00193) li      gp, -1
core   0: 3 0x8000787c (0xfff00193) x 3 0xffffffff
core   0: 0x80007880 (0x800002b7) lui     t0, 0x80000
core   0: 3 0x80007880 (0x800002b7) x 5 0x80000000
core   0: 0x80007884 (0x80000537) lui     a0, 0x80000
core   0: 3 0x80007884 (0x80000537) x10 0x80000000
core   0: 0x80007888 (0x00000913) li      s2, 0
core   0: 3 0x80007888 (0x00000913) x18 0x00000000
core   0: 0x8000788c (0x00000c93) li      s9, 0
core   0: 3 0x8000788c (0x00000c93) x25 0x00000000
core   0: 0x80007890 (0x00000113) li      sp, 0
core   0: 3 0x80007890 (0x00000113) x 2 0x00000000
core   0: 0x80007894 (0x00000e93) li      t4, 0
core   0: 3 0x80007894 (0x00000e93) x29 0x00000000
core   0: 0x80007898 (0x2f39d337) lui     t1, 0x2f39d
core   0: 3 0x80007898 (0x2f39d337) x 6 0x2f39d000
core   0: 0x8000789c (0x1ce30313) addi    t1, t1, 462
core   0: 3 0x8000789c (0x1ce30313) x 6 0x2f39d1ce
core   0: 0x800078a0 (0x473a1337) lui     t1, 0x473a1
core   0: 3 0x800078a0 (0x473a1337) x 6 0x473a1000
core   0: 0x800078a4 (0xc7ad2917) auipc   s2, 0xc7ad2
core   0: 3 0x800078a4 (0xc7ad2917) x18 0x47ad98a4
core   0: 0x800078a8 (0xee8db937) lui     s2, 0xee8db
core   0: 3 0x800078a8 (0xee8db937) x18 0xee8db000
core   0: 0x800078ac (0x006f8cb3) add     s9, t6, t1
core   0: 3 0x800078ac (0x006f8cb3) x25 0xbc5c2b9b
core   0: 0x800078b0 (0x11c90e93) addi    t4, s2, 284
core   0: 3 0x800078b0 (0x11c90e93) x29 0xee8db11c
core   0: 0x800078b4 (0x00000013) nop
core   0: 3 0x800078b4 (0x00000013)
core   0: 0x800078b8 (0xfd026317) auipc   t1, 0xfd026
core   0: 3 0x800078b8 (0xfd026317) x 6 0x7d02d8b8
core   0: 0x800078bc (0x41f18933) sub     s2, gp, t6
core   0: 3 0x800078bc (0x41f18933) x18 0x8adde464
core   0: 0x800078c0 (0x00000013) nop
core   0: 3 0x800078c0 (0x00000013)
core   0: 0x800078c4 (0x65728f97) auipc   t6, 0x65728
core   0: 3 0x800078c4 (0x65728f97) x31 0xe572f8c4
core   0: 0x800078c8 (0x00000013) nop
core   0: 3 0x800078c8 (0x00000013)
core   0: 0x800078cc (0x00000013) nop
core   0: 3 0x800078cc (0x00000013)
core   0: 0x800078d0 (0x40a30533) sub     a0, t1, a0
core   0: 3 0x800078d0 (0x40a30533) x10 0xfd02d8b8
core   0: 0x800078d4 (0x00a28cb3) add     s9, t0, a0
core   0: 3 0x800078d4 (0x00a28cb3) x25 0x7d02d8b8
core   0: 0x800078d8 (0x00000013) nop
core   0: 3 0x800078d8 (0x00000013)
core   0: 0x800078dc (0x9c2c0913) addi    s2, s8, -1598
core   0: 3 0x800078dc (0x9c2c0913) x18 0x7ffff9c2
core   0: 0x800078e0 (0x596da137) lui     sp, 0x596da
core   0: 3 0x800078e0 (0x596da137) x 2 0x596da000
core   0: 0x800078e4 (0x86cc0293) addi    t0, s8, -1940
core   0: 3 0x800078e4 (0x86cc0293) x 5 0x7ffff86c
core   0: 0x800078e8 (0xcd830313) addi    t1, t1, -808
core   0: 3 0x800078e8 (0xcd830313) x 6 0x7d02d590
core   0: 0x800078ec (0x2131ffb7) lui     t6, 0x2131f
core   0: 3 0x800078ec (0x2131ffb7) x31 0x2131f000
core   0: 0x800078f0 (0x44af8313) addi    t1, t6, 1098
core   0: 3 0x800078f0 (0x44af8313) x 6 0x2131f44a
core   0: 0x800078f4 (0x00b50db3) add     s11, a0, a1
core   0: 3 0x800078f4 (0x00b50db3) x27 0xfd02e33f
core   0: 0x800078f8 (0x41265913) srai    s2, a2, 18
core   0: 3 0x800078f8 (0x41265913) x18 0xffffe000
core   0: 0x800078fc (0x00dd59b3) srl     s3, s10, a3
core   0: 3 0x800078fc (0x00dd59b3) x19 0x000006c4
core   0: 0x80007900 (0x6a643413) sltiu   s0, s0, 1702
core   0: 3 0x80007900 (0x6a643413) x 8 0x00000000
core   0: 0x80007904 (0xf17b7d37) lui     s10, 0xf17b7
core   0: 3 0x80007904 (0xf17b7d37) x26 0xf17b7000
core   0: 0x80007908 (0x01821d93) slli    s11, tp, 24
core   0: 3 0x80007908 (0x01821d93) x27 0xa3000000
core   0: 0x8000790c (0xeae9b513) sltiu   a0, s3, -338
core   0: 3 0x8000790c (0xeae9b513) x10 0x00000001
core   0: 0x80007910 (0x40d5dd33) sra     s10, a1, a3
core   0: 3 0x80007910 (0x40d5dd33) x26 0x00000000
core   0: 0x80007914 (0x010ac1b3) xor     gp, s5, a6
core   0: 3 0x80007914 (0x010ac1b3) x 3 0xfffffffe
core   0: 0x80007918 (0x00c24b33) xor     s6, tp, a2
core   0: 3 0x80007918 (0x00c24b33) x22 0x7ffea747
core   0: 0x8000791c (0xed2d4713) xori    a4, s10, -302
core   0: 3 0x8000791c (0xed2d4713) x14 0xfffffed2
core   0: 0x80007920 (0x3fbd6e13) ori     t3, s10, 1019
core   0: 3 0x80007920 (0x3fbd6e13) x28 0x000003fb
core   0: 0x80007924 (0xaa7a2313) slti    t1, s4, -1369
core   0: 3 0x80007924 (0xaa7a2313) x 6 0x00000001
core   0: 0x80007928 (0x01fa8bb3) add     s7, s5, t6
core   0: 3 0x80007928 (0x01fa8bb3) x23 0x2131f001
core   0: 0x8000792c (0x00000013) nop
core   0: 3 0x8000792c (0x00000013)
core   0: 0x80007930 (0x01ae8f33) add     t5, t4, s10
core   0: 3 0x80007930 (0x01ae8f33) x30 0xee8db11c
core   0: 0x80007934 (0x20928413) addi    s0, t0, 521
core   0: 3 0x80007934 (0x20928413) x 8 0x7ffffa75
core   0: 0x80007938 (0x412f5e13) srai    t3, t5, 18
core   0: 3 0x80007938 (0x412f5e13) x28 0xfffffba3
core   0: 0x8000793c (0x8fc12917) auipc   s2, 0x8fc12
core   0: 3 0x8000793c (0x8fc12917) x18 0x0fc1993c
core   0: 0x80007940 (0x00275893) srli    a7, a4, 2
core   0: 3 0x80007940 (0x00275893) x17 0x3fffffb4
core   0: 0x80007944 (0x1423ed13) ori     s10, t2, 322
core   0: 3 0x80007944 (0x1423ed13) x26 0x80011f66
core   0: 0x80007948 (0x0095d093) srli    ra, a1, 9
core   0: 3 0x80007948 (0x0095d093) x 1 0x00000005
core   0: 0x8000794c (0x01a9d5b3) srl     a1, s3, s10
core   0: 3 0x8000794c (0x01a9d5b3) x11 0x0000001b
core   0: 0x80007950 (0x00e0b833) sltu    a6, ra, a4
core   0: 3 0x80007950 (0x00e0b833) x16 0x00000001
core   0: 0x80007954 (0x009c2433) slt     s0, s8, s1
core   0: 3 0x80007954 (0x009c2433) x 8 0x00000001
core   0: 0x80007958 (0x49ef4813) xori    a6, t5, 1182
core   0: 3 0x80007958 (0x49ef4813) x16 0xee8db582
core   0: 0x8000795c (0x00285513) srli    a0, a6, 2
core   0: 3 0x8000795c (0x00285513) x10 0x3ba36d60
core   0: 0x80007960 (0x00195833) srl     a6, s2, ra
core   0: 3 0x80007960 (0x00195833) x16 0x007e0cc9
core   0: 0x80007964 (0x00df8b33) add     s6, t6, a3
core   0: 3 0x80007964 (0x00df8b33) x22 0x2131efb5
core   0: 0x80007968 (0x009a1ab3) sll     s5, s4, s1
core   0: 3 0x80007968 (0x009a1ab3) x21 0x9c800000
core   0: 0x8000796c (0x013b9833) sll     a6, s7, s3
core   0: 3 0x8000796c (0x013b9833) x16 0x131f0010
core   0: 0x80007970 (0x01bcd933) srl     s2, s9, s11
core   0: 3 0x80007970 (0x01bcd933) x18 0x7d02d8b8
core   0: 0x80007974 (0x40d7dc13) srai    s8, a5, 13
core   0: 3 0x80007974 (0x40d7dc13) x24 0xffff3d76
core   0: 0x80007978 (0x00f30cb3) add     s9, t1, a5
core   0: 3 0x80007978 (0x00f30cb3) x25 0xe7aed0e0
core   0: 0x8000797c (0x97f8a197) auipc   gp, 0x97f8a
core   0: 3 0x8000797c (0x97f8a197) x 3 0x17f9197c
core   0: 0x80007980 (0x00685e93) srli    t4, a6, 6
core   0: 3 0x80007980 (0x00685e93) x29 0x004c7c00
core   0: 0x80007984 (0x01551ab3) sll     s5, a0, s5
core   0: 3 0x80007984 (0x01551ab3) x21 0x3ba36d60
core   0: 0x80007988 (0x41548133) sub     sp, s1, s5
core   0: 3 0x80007988 (0x41548133) x 2 0x60dc92a0
core   0: 0x8000798c (0x0043c6b3) xor     a3, t2, tp
core   0: 3 0x8000798c (0x0043c6b3) x13 0x7ffee5c7
core   0: 0x80007990 (0x00048fb3) add     t6, s1, zero
core   0: 3 0x80007990 (0x00048fb3) x31 0x9c800000
core   0: 0x80007994 (0x1614f693) andi    a3, s1, 353
core   0: 3 0x80007994 (0x1614f693) x13 0x00000000
core   0: 0x80007998 (0xd204db37) lui     s6, 0xd204d
core   0: 3 0x80007998 (0xd204db37) x22 0xd204d000
core   0: 0x8000799c (0x40dcd5b3) sra     a1, s9, a3
core   0: 3 0x8000799c (0x40dcd5b3) x11 0xe7aed0e0
core   0: 0x800079a0 (0xa5c5cc13) xori    s8, a1, -1444
core   0: 3 0x800079a0 (0xa5c5cc13) x24 0x18512abc
core   0: 0x800079a4 (0x004ee833) or      a6, t4, tp
core   0: 3 0x800079a4 (0x004ee833) x16 0xffffffa3
core   0: 0x800079a8 (0x01fd9333) sll     t1, s11, t6
core   0: 3 0x800079a8 (0x01fd9333) x 6 0xa3000000
core   0: 0x800079ac (0x006b5db3) srl     s11, s6, t1
core   0: 3 0x800079ac (0x006b5db3) x27 0xd204d000
core   0: 0x800079b0 (0x011eb1b3) sltu    gp, t4, a7
core   0: 3 0x800079b0 (0x011eb1b3) x 3 0x00000001
core   0: 0x800079b4 (0x01e14433) xor     s0, sp, t5
core   0: 3 0x800079b4 (0x01e14433) x 8 0x8e5123bc
core   0: 0x800079b8 (0x4152d193) srai    gp, t0, 21
core   0: 3 0x800079b8 (0x4152d193) x 3 0x000003ff
core   0: 0x800079bc (0xfe25a813) slti    a6, a1, -30
core   0: 3 0x800079bc (0xfe25a813) x16 0x00000001
core   0: 0x800079c0 (0x01126b33) or      s6, tp, a7
core   0: 3 0x800079c0 (0x01126b33) x22 0xffffffb7
core   0: 0x800079c4 (0x80b6ce93) xori    t4, a3, -2037
core   0: 3 0x800079c4 (0x80b6ce93) x29 0xfffff80b
core   0: 0x800079c8 (0x408401b3) sub     gp, s0, s0
core   0: 3 0x800079c8 (0x408401b3) x 3 0x00000000
core   0: 0x800079cc (0x0038d8b3) srl     a7, a7, gp
core   0: 3 0x800079cc (0x0038d8b3) x17 0x3fffffb4
core   0: 0x800079d0 (0x01529513) slli    a0, t0, 21
core   0: 3 0x800079d0 (0x01529513) x10 0x0d800000
core   0: 0x800079d4 (0x00a55733) srl     a4, a0, a0
core   0: 3 0x800079d4 (0x00a55733) x14 0x0d800000
core   0: 0x800079d8 (0x00000013) nop
core   0: 3 0x800079d8 (0x00000013)
core   0: 0x800079dc (0xabb5ad93) slti    s11, a1, -1349
core   0: 3 0x800079dc (0xabb5ad93) x27 0x00000001
core   0: 0x800079e0 (0x40375333) sra     t1, a4, gp
core   0: 3 0x800079e0 (0x40375333) x 6 0x0d800000
core   0: 0x800079e4 (0x01fa81b3) add     gp, s5, t6
core   0: 3 0x800079e4 (0x01fa81b3) x 3 0xd8236d60
core   0: 0x800079e8 (0x01684233) xor     tp, a6, s6
core   0: 3 0x800079e8 (0x01684233) x 4 0xffffffb6
core   0: 0x800079ec (0x00375033) srl     zero, a4, gp
core   0: 3 0x800079ec (0x00375033)
core   0: 0x800079f0 (0xadad2013) slti    zero, s10, -1318
core   0: 3 0x800079f0 (0xadad2013)
core   0: 0x800079f4 (0x010f5033) srl     zero, t5, a6
core   0: 3 0x800079f4 (0x010f5033)
core   0: 0x800079f8 (0x00000013) nop
core   0: 3 0x800079f8 (0x00000013)
core   0: 0x800079fc (0x01a761b3) or      gp, a4, s10
core   0: 3 0x800079fc (0x01a761b3) x 3 0x8d811f66
core   0: 0x80007a00 (0x31dc6d93) ori     s11, s8, 797
core   0: 3 0x80007a00 (0x31dc6d93) x27 0x18512bbd
core   0: 0x80007a04 (0x0086f4b3) and     s1, a3, s0
core   0: 3 0x80007a04 (0x0086f4b3) x 9 0x00000000
core   0: 0x80007a08 (0x7ed27c97) auipc   s9, 0x7ed27
core   0: 3 0x80007a08 (0x7ed27c97) x25 0xfed2ea08
core   0: 0x80007a0c (0x215d7f93) andi    t6, s10, 533
core   0: 3 0x80007a0c (0x215d7f93) x31 0x00000204
core   0: 0x80007a10 (0x40f256b3) sra     a3, tp, a5
core   0: 3 0x80007a10 (0x40f256b3) x13 0xffffffff
core   0: 0x80007a14 (0xe8350593) addi    a1, a0, -381
core   0: 3 0x80007a14 (0xe8350593) x11 0x0d7ffe83
core   0: 0x80007a18 (0x41e1d593) srai    a1, gp, 30
core   0: 3 0x80007a18 (0x41e1d593) x11 0xfffffffe
core   0: 0x80007a1c (0x01e18333) add     t1, gp, t5
core   0: 3 0x80007a1c (0x01e18333) x 6 0x7c0ed082
core   0: 0x80007a20 (0x00079233) sll     tp, a5, zero
core   0: 3 0x80007a20 (0x00079233) x 4 0xe7aed0df
core   0: 0x80007a24 (0xe13fe113) ori     sp, t6, -493
core   0: 3 0x80007a24 (0xe13fe113) x 2 0xfffffe17
core   0: 0x80007a28 (0x6b353297) auipc   t0, 0x6b353
core   0: 3 0x80007a28 (0x6b353297) x 5 0xeb35aa28
core   0: 0x80007a2c (0x007565b3) or      a1, a0, t2
core   0: 3 0x80007a2c (0x007565b3) x11 0x8d811e64
core   0: 0x80007a30 (0x01a932b3) sltu    t0, s2, s10
core   0: 3 0x80007a30 (0x01a932b3) x 5 0x00000001
core   0: 0x80007a34 (0xf43e2713) slti    a4, t3, -189
core   0: 3 0x80007a34 (0xf43e2713) x14 0x00000001
core   0: 0x80007a38 (0x01251133) sll     sp, a0, s2
core   0: 3 0x80007a38 (0x01251133) x 2 0x00000000
core   0: 0x80007a3c (0x4065d533) sra     a0, a1, t1
core   0: 3 0x80007a3c (0x4065d533) x10 0xe3604799
core   0: 0x80007a40 (0x01cee833) or      a6, t4, t3
core   0: 3 0x80007a40 (0x01cee833) x16 0xfffffbab
core   0: 0x80007a44 (0x01500cb3) add     s9, zero, s5
core   0: 3 0x80007a44 (0x01500cb3) x25 0x3ba36d60
core   0: 0x80007a48 (0x0066e8b3) or      a7, a3, t1
core   0: 3 0x80007a48 (0x0066e8b3) x17 0xffffffff
core   0: 0x80007a4c (0x402ed013) srai    zero, t4, 2
core   0: 3 0x80007a4c (0x402ed013)
core   0: 0x80007a50 (0xb0da4d13) xori    s10, s4, -1267
core   0: 3 0x80007a50 (0xb0da4d13) x26 0x637ffb0d
core   0: 0x80007a54 (0x0a9e2713) slti    a4, t3, 169
core   0: 3 0x80007a54 (0x0a9e2713) x14 0x00000001
core   0: 0x80007a58 (0x0008ce33) xor     t3, a7, zero
core   0: 3 0x80007a58 (0x0008ce33) x28 0xffffffff
core   0: 0x80007a5c (0x41abdbb3) sra     s7, s7, s10
core   0: 3 0x80007a5c (0x41abdbb3) x23 0x0001098f
core   0: 0x80007a60 (0x41095293) srai    t0, s2, 16
core   0: 3 0x80007a60 (0x41095293) x 5 0x00007d02
core   0: 0x80007a64 (0x01ce9a33) sll     s4, t4, t3
core   0: 3 0x80007a64 (0x01ce9a33) x20 0x80000000
core   0: 0x80007a68 (0x74ce3f97) auipc   t6, 0x74ce3
core   0: 3 0x80007a68 (0x74ce3f97) x31 0xf4ceaa68
core   0: 0x80007a6c (0x00000013) nop
core   0: 3 0x80007a6c (0x00000013)
core   0: 0x80007a70 (0x150c8093) addi    ra, s9, 336
core   0: 3 0x80007a70 (0x150c8093) x 1 0x3ba36eb0
core   0: 0x80007a74 (0x21c88113) addi    sp, a7, 540
core   0: 3 0x80007a74 (0x21c88113) x 2 0x0000021b
core   0: 0x80007a78 (0x01b7b0b3) sltu    ra, a5, s11
core   0: 3 0x80007a78 (0x01b7b0b3) x 1 0x00000000
core   0: 0x80007a7c (0x41b58933) sub     s2, a1, s11
core   0: 3 0x80007a7c (0x41b58933) x18 0x752ff2a7
core   0: 0x80007a80 (0x01ac2e33) slt     t3, s8, s10
core   0: 3 0x80007a80 (0x01ac2e33) x28 0x00000001
core   0: 0x80007a84 (0x008d1893) slli    a7, s10, 8
core   0: 3 0x80007a84 (0x008d1893) x17 0x7ffb0d00
core   0: 0x80007a88 (0x00000013) nop
core   0: 3 0x80007a88 (0x00000013)
core   0: 0x80007a8c (0x409702b3) sub     t0, a4, s1
core   0: 3 0x80007a8c (0x409702b3) x 5 0x00000001
core   0: 0x80007a90 (0x19ecc993) xori    s3, s9, 414
core   0: 3 0x80007a90 (0x19ecc993) x19 0x3ba36cfe
core   0: 0x80007a94 (0xa39b4d13) xori    s10, s6, -1479
core   0: 3 0x80007a94 (0xa39b4d13) x26 0x0000058e
core   0: 0x80007a98 (0x002b94b3) sll     s1, s7, sp
core   0: 3 0x80007a98 (0x002b94b3) x 9 0x78000000
core   0: 0x80007a9c (0x00a42ab3) slt     s5, s0, a0
core   0: 3 0x80007a9c (0x00a42ab3) x21 0x00000001
core   0: 0x80007aa0 (0x6b011017) auipc   zero, 0x6b011
core   0: 3 0x80007aa0 (0x6b011017)
core   0: 0x80007aa4 (0x00875333) srl     t1, a4, s0
core   0: 3 0x80007aa4 (0x00875333) x 6 0x00000000
core   0: 0x80007aa8 (0x62e58d13) addi    s10, a1, 1582
core   0: 3 0x80007aa8 (0x62e58d13) x26 0x8d812492
core   0: 0x80007aac (0x61792013) slti    zero, s2, 1559
core   0: 3 0x80007aac (0x61792013)
core   0: 0x80007ab0 (0x00fe8bb3) add     s7, t4, a5
core   0: 3 0x80007ab0 (0x00fe8bb3) x23 0xe7aec8ea
core   0: 0x80007ab4 (0x9f7f0293) addi    t0, t5, -1545
core   0: 3 0x80007ab4 (0x9f7f0293) x 5 0xee8dab13
core   0: 0x80007ab8 (0x0141a933) slt     s2, gp, s4
core   0: 3 0x80007ab8 (0x0141a933) x18 0x00000000
core   0: 0x80007abc (0xb901ca93) xori    s5, gp, -1136
core   0: 3 0x80007abc (0xb901ca93) x21 0x727ee4f6
core   0: 0x80007ac0 (0xab857993) andi    s3, a0, -1352
core   0: 3 0x80007ac0 (0xab857993) x19 0xe3604298
core   0: 0x80007ac4 (0x5a8f4d93) xori    s11, t5, 1448
core   0: 3 0x80007ac4 (0x5a8f4d93) x27 0xee8db4b4
core   0: 0x80007ac8 (0x01b09013) slli    zero, ra, 27
core   0: 3 0x80007ac8 (0x01b09013)
core   0: 0x80007acc (0xdbb30437) lui     s0, 0xdbb30
core   0: 3 0x80007acc (0xdbb30437) x 8 0xdbb30000
core   0: 0x80007ad0 (0x01293433) sltu    s0, s2, s2
core   0: 3 0x80007ad0 (0x01293433) x 8 0x00000000
core   0: 0x80007ad4 (0x7339bf13) sltiu   t5, s3, 1843
core   0: 3 0x80007ad4 (0x7339bf13) x30 0x00000000
core   0: 0x80007ad8 (0x34778113) addi    sp, a5, 839
core   0: 3 0x80007ad8 (0x34778113) x 2 0xe7aed426
core   0: 0x80007adc (0xa7988d93) addi    s11, a7, -1415
core   0: 3 0x80007adc (0xa7988d93) x27 0x7ffb0779
core   0: 0x80007ae0 (0x41a55bb3) sra     s7, a0, s10
core   0: 3 0x80007ae0 (0x41a55bb3) x23 0xfffff8d8
core   0: 0x80007ae4 (0x40005933) sra     s2, zero, zero
core   0: 3 0x80007ae4 (0x40005933) x18 0x00000000
core   0: 0x80007ae8 (0x00cea5b3) slt     a1, t4, a2
core   0: 3 0x80007ae8 (0x00cea5b3) x11 0x00000000
core   0: 0x80007aec (0x0181c8b3) xor     a7, gp, s8
core   0: 3 0x80007aec (0x0181c8b3) x17 0x95d035da
core   0: 0x80007af0 (0x00000013) nop
core   0: 3 0x80007af0 (0x00000013)
core   0: 0x80007af4 (0x4ff36293) ori     t0, t1, 1279
core   0: 3 0x80007af4 (0x4ff36293) x 5 0x000004ff
core   0: 0x80007af8 (0x474e2693) slti    a3, t3, 1140
core   0: 3 0x80007af8 (0x474e2693) x13 0x00000001
core   0: 0x80007afc (0x005215b3) sll     a1, tp, t0
core   0: 3 0x80007afc (0x005215b3) x11 0x80000000
core   0: 0x80007b00 (0x008f0333) add     t1, t5, s0
core   0: 3 0x80007b00 (0x008f0333) x 6 0x00000000
core   0: 0x80007b04 (0x010e8533) add     a0, t4, a6
core   0: 3 0x80007b04 (0x010e8533) x10 0xfffff3b6
core   0: 0x80007b08 (0x00b87833) and     a6, a6, a1
core   0: 3 0x80007b08 (0x00b87833) x16 0x80000000
core   0: 0x80007b0c (0x93f86c93) ori     s9, a6, -1729
core   0: 3 0x80007b0c (0x93f86c93) x25 0xfffff93f
core   0: 0x80007b10 (0x007d4133) xor     sp, s10, t2
core   0: 3 0x80007b10 (0x007d4133) x 2 0x0d803af6
core   0: 0x80007b14 (0x0071a5b3) slt     a1, gp, t2
core   0: 3 0x80007b14 (0x0071a5b3) x11 0x00000000
core   0: 0x80007b18 (0x1255cb13) xori    s6, a1, 293
core   0: 3 0x80007b18 (0x1255cb13) x22 0x00000125
core   0: 0x80007b1c (0x00000013) nop
core   0: 3 0x80007b1c (0x00000013)
core   0: 0x80007b20 (0x00384433) xor     s0, a6, gp
core   0: 3 0x80007b20 (0x00384433) x 8 0x0d811f66
core   0: 0x80007b24 (0x18e94b13) xori    s6, s2, 398
core   0: 3 0x80007b24 (0x18e94b13) x22 0x0000018e
core   0: 0x80007b28 (0x01ac9693) slli    a3, s9, 26
core   0: 3 0x80007b28 (0x01ac9693) x13 0xfc000000
core   0: 0x80007b2c (0x41898ab3) sub     s5, s3, s8
core   0: 3 0x80007b2c (0x41898ab3) x21 0xcb0f17dc
core   0: 0x80007b30 (0x2d708713) addi    a4, ra, 727
core   0: 3 0x80007b30 (0x2d708713) x14 0x000002d7
core   0: 0x80007b34 (0x4121d0b3) sra     ra, gp, s2
core   0: 3 0x80007b34 (0x4121d0b3) x 1 0x8d811f66
core   0: 0x80007b38 (0x3b59e493) ori     s1, s3, 949
core   0: 3 0x80007b38 (0x3b59e493) x 9 0xe36043bd
core   0: 0x80007b3c (0x00d70233) add     tp, a4, a3
core   0: 3 0x80007b3c (0x00d70233) x 4 0xfc0002d7
core   0: 0x80007b40 (0x29b48b13) addi    s6, s1, 667
core   0: 3 0x80007b40 (0x29b48b13) x22 0xe3604658
core   0: 0x80007b44 (0x0095d713) srli    a4, a1, 9
core   0: 3 0x80007b44 (0x0095d713) x14 0x00000000
core   0: 0x80007b48 (0x40715813) srai    a6, sp, 7
core   0: 3 0x80007b48 (0x40715813) x16 0x001b0075
core   0: 0x80007b4c (0x015df133) and     sp, s11, s5
core   0: 3 0x80007b4c (0x015df133) x 2 0x4b0b0758
core   0: 0x80007b50 (0x00efbf33) sltu    t5, t6, a4
core   0: 3 0x80007b50 (0x00efbf33) x30 0x00000000
core   0: 0x80007b54 (0x00dbd893) srli    a7, s7, 13
core   0: 3 0x80007b54 (0x00dbd893) x17 0x0007ffff
core   0: 0x80007b58 (0x00ae31b3) sltu    gp, t3, a0
core   0: 3 0x80007b58 (0x00ae31b3) x 3 0x00000001
core   0: 0x80007b5c (0x00de1e33) sll     t3, t3, a3
core   0: 3 0x80007b5c (0x00de1e33) x28 0x00000001
core   0: 0x80007b60 (0x7a213293) sltiu   t0, sp, 1954
core   0: 3 0x80007b60 (0x7a213293) x 5 0x00000000
core   0: 0x80007b64 (0x41060b33) sub     s6, a2, a6
core   0: 3 0x80007b64 (0x41060b33) x22 0x7fe65c6f
core   0: 0x80007b68 (0xf5a46313) ori     t1, s0, -166
core   0: 3 0x80007b68 (0xf5a46313) x 6 0xffffff7e
core   0: 0x80007b6c (0x277bea13) ori     s4, s7, 631
core   0: 3 0x80007b6c (0x277bea13) x20 0xfffffaff
core   0: 0x80007b70 (0x01722433) slt     s0, tp, s7
core   0: 3 0x80007b70 (0x01722433) x 8 0x00000001
core   0: 0x80007b74 (0x40b8de33) sra     t3, a7, a1
core   0: 3 0x80007b74 (0x40b8de33) x28 0x0007ffff
core   0: 0x80007b78 (0x01ceaab3) slt     s5, t4, t3
core   0: 3 0x80007b78 (0x01ceaab3) x21 0x00000001
core   0: 0x80007b7c (0x005cf733) and     a4, s9, t0
core   0: 3 0x80007b7c (0x005cf733) x14 0x00000000
core   0: 0x80007b80 (0x01747433) and     s0, s0, s7
core   0: 3 0x80007b80 (0x01747433) x 8 0x00000000
core   0: 0x80007b84 (0x014fdd93) srli    s11, t6, 20
core   0: 3 0x80007b84 (0x014fdd93) x27 0x00000f4c
core   0: 0x80007b88 (0xbfdeeb93) ori     s7, t4, -1027
core   0: 3 0x80007b88 (0xbfdeeb93) x23 0xfffffbff
core   0: 0x80007b8c (0xc02b3ab7) lui     s5, 0xc02b3
core   0: 3 0x80007b8c (0xc02b3ab7) x21 0xc02b3000
core   0: 0x80007b90 (0xb74b7e37) lui     t3, 0xb74b7
core   0: 3 0x80007b90 (0xb74b7e37) x28 0xb74b7000
core   0: 0x80007b94 (0x005938b3) sltu    a7, s2, t0
core   0: 3 0x80007b94 (0x005938b3) x17 0x00000000
core   0: 0x80007b98 (0x01a88433) add     s0, a7, s10
core   0: 3 0x80007b98 (0x01a88433) x 8 0x8d812492
core   0: 0x80007b9c (0x124e3f93) sltiu   t6, t3, 292
core   0: 3 0x80007b9c (0x124e3f93) x31 0x00000000
core   0: 0x80007ba0 (0x4faf4513) xori    a0, t5, 1274
core   0: 3 0x80007ba0 (0x4faf4513) x10 0x000004fa
core   0: 0x80007ba4 (0x00b16133) or      sp, sp, a1
core   0: 3 0x80007ba4 (0x00b16133) x 2 0x4b0b0758
core   0: 0x80007ba8 (0x252f89b7) lui     s3, 0x252f8
core   0: 3 0x80007ba8 (0x252f89b7) x19 0x252f8000
core   0: 0x80007bac (0x0115ebb3) or      s7, a1, a7
core   0: 3 0x80007bac (0x0115ebb3) x23 0x00000000
core   0: 0x80007bb0 (0xfeace313) ori     t1, s9, -22
core   0: 3 0x80007bb0 (0xfeace313) x 6 0xffffffff
core   0: 0x80007bb4 (0x0067ce33) xor     t3, a5, t1
core   0: 3 0x80007bb4 (0x0067ce33) x28 0x18512f20
core   0: 0x80007bb8 (0xa00fa013) slti    zero, t6, -1536
core   0: 3 0x80007bb8 (0xa00fa013)
core   0: 0x80007bbc (0x10322313) slti    t1, tp, 259
core   0: 3 0x80007bbc (0x10322313) x 6 0x00000001
core   0: 0x80007bc0 (0x6732a313) slti    t1, t0, 1651
core   0: 3 0x80007bc0 (0x6732a313) x 6 0x00000001
core   0: 0x80007bc4 (0xaf464693) xori    a3, a2, -1292
core   0: 3 0x80007bc4 (0xaf464693) x13 0x7ffea610
core   0: 0x80007bc8 (0x0095ea33) or      s4, a1, s1
core   0: 3 0x80007bc8 (0x0095ea33) x20 0xe36043bd
core   0: 0x80007bcc (0x41330333) sub     t1, t1, s3
core   0: 3 0x80007bcc (0x41330333) x 6 0xdad08001
core   0: 0x80007bd0 (0x01acc933) xor     s2, s9, s10
core   0: 3 0x80007bd0 (0x01acc933) x18 0x727eddad
core   0: 0x80007bd4 (0x016390b3) sll     ra, t2, s6
core   0: 3 0x80007bd4 (0x016390b3) x 1 0x8f320000
core   0: 0x80007bd8 (0x4a36ad13) slti    s10, a3, 1187
core   0: 3 0x80007bd8 (0x4a36ad13) x26 0x00000000
core   0: 0x80007bdc (0x2cad7993) andi    s3, s10, 714
core   0: 3 0x80007bdc (0x2cad7993) x19 0x00000000
core   0: 0x80007be0 (0x2907b293) sltiu   t0, a5, 656
core   0: 3 0x80007be0 (0x2907b293) x 5 0x00000000
core   0: 0x80007be4 (0x006964b3) or      s1, s2, t1
core   0: 3 0x80007be4 (0x006964b3) x 9 0xfafeddad
core   0: 0x80007be8 (0x006276b3) and     a3, tp, t1
core   0: 3 0x80007be8 (0x006276b3) x13 0xd8000001
core   0: 0x80007bec (0xfa7a61b7) lui     gp, 0xfa7a6
core   0: 3 0x80007bec (0xfa7a61b7) x 3 0xfa7a6000
core   0: 0x80007bf0 (0x003a1db3) sll     s11, s4, gp
core   0: 3 0x80007bf0 (0x003a1db3) x27 0xe36043bd
core   0: 0x80007bf4 (0x00035413) srli    s0, t1, 0
core   0: 3 0x80007bf4 (0x00035413) x 8 0xdad08001
core   0: 0x80007bf8 (0xe26d8593) addi    a1, s11, -474
core   0: 3 0x80007bf8 (0xe26d8593) x11 0xe36041e3
core   0: 0x80007bfc (0x002eb133) sltu    sp, t4, sp
core   0: 3 0x80007bfc (0x002eb133) x 2 0x00000000
core   0: 0x80007c00 (0xc1e4b693) sltiu   a3, s1, -994
core   0: 3 0x80007c00 (0xc1e4b693) x13 0x00000001
core   0: 0x80007c04 (0x374aed13) ori     s10, s5, 884
core   0: 3 0x80007c04 (0x374aed13) x26 0xc02b3374
core   0: 0x80007c08 (0x229edd97) auipc   s11, 0x229ed
core   0: 3 0x80007c08 (0x229edd97) x27 0xa29f4c08
core   0: 0x80007c0c (0x014b8cb3) add     s9, s7, s4
core   0: 3 0x80007c0c (0x014b8cb3) x25 0xe36043bd
core   0: 0x80007c10 (0x0a7ece93) xori    t4, t4, 167
core   0: 3 0x80007c10 (0x0a7ece93) x29 0xfffff8ac
core   0: 0x80007c14 (0x41a9d993) srai    s3, s3, 26
core   0: 3 0x80007c14 (0x41a9d993) x19 0x00000000
core   0: 0x80007c18 (0x0072ad33) slt     s10, t0, t2
core   0: 3 0x80007c18 (0x0072ad33) x26 0x00000000
core   0: 0x80007c1c (0x0009f2b3) and     t0, s3, zero
core   0: 3 0x80007c1c (0x0009f2b3) x 5 0x00000000
core   0: 0x80007c20 (0x003afab3) and     s5, s5, gp
core   0: 3 0x80007c20 (0x003afab3) x21 0xc02a2000
core   0: 0x80007c24 (0x1ecd3b13) sltiu   s6, s10, 492
core   0: 3 0x80007c24 (0x1ecd3b13) x22 0x00000001
core   0: 0x80007c28 (0x6af24a93) xori    s5, tp, 1711
core   0: 3 0x80007c28 (0x6af24a93) x21 0xfc000478
core   0: 0x80007c2c (0x0135dbb3) srl     s7, a1, s3
core   0: 3 0x80007c2c (0x0135dbb3) x23 0xe36041e3
core   0: 0x80007c30 (0x00e72333) slt     t1, a4, a4
core   0: 3 0x80007c30 (0x00e72333) x 6 0x00000000
core   0: 0x80007c34 (0x40e80a33) sub     s4, a6, a4
core   0: 3 0x80007c34 (0x40e80a33) x20 0x001b0075
core   0: 0x80007c38 (0x009b3733) sltu    a4, s6, s1
core   0: 3 0x80007c38 (0x009b3733) x14 0x00000001
core   0: 0x80007c3c (0xd5379917) auipc   s2, 0xd5379
core   0: 3 0x80007c3c (0xd5379917) x18 0x55380c3c
core   0: 0x80007c40 (0x40b9d6b3) sra     a3, s3, a1
core   0: 3 0x80007c40 (0x40b9d6b3) x13 0x00000000
core   0: 0x80007c44 (0xaa5b0d13) addi    s10, s6, -1371
core   0: 3 0x80007c44 (0xaa5b0d13) x26 0xfffffaa6
core   0: 0x80007c48 (0xedfdf997) auipc   s3, 0xedfdf
core   0: 3 0x80007c48 (0xedfdf997) x19 0x6dfe6c48
core   0: 0x80007c4c (0x6d8f2893) slti    a7, t5, 1752
core   0: 3 0x80007c4c (0x6d8f2893) x17 0x00000001
core   0: 0x80007c50 (0x01757133) and     sp, a0, s7
core   0: 3 0x80007c50 (0x01757133) x 2 0x000000e2
core   0: 0x80007c54 (0x005cc233) xor     tp, s9, t0
core   0: 3 0x80007c54 (0x005cc233) x 4 0xe36043bd
core   0: 0x80007c58 (0x40348d33) sub     s10, s1, gp
core   0: 3 0x80007c58 (0x40348d33) x26 0x00847dad
core   0: 0x80007c5c (0x0021edb3) or      s11, gp, sp
core   0: 3 0x80007c5c (0x0021edb3) x27 0xfa7a60e2
core   0: 0x80007c60 (0x00c8e333) or      t1, a7, a2
core   0: 3 0x80007c60 (0x00c8e333) x 6 0x80015ce5
core   0: 0x80007c64 (0x00a33233) sltu    tp, t1, a0
core   0: 3 0x80007c64 (0x00a33233) x 4 0x00000000
core   0: 0x80007c68 (0x41c9df33) sra     t5, s3, t3
core   0: 3 0x80007c68 (0x41c9df33) x30 0x6dfe6c48
core   0: 0x80007c6c (0x01311d93) slli    s11, sp, 19
core   0: 3 0x80007c6c (0x01311d93) x27 0x07100000
core   0: 0x80007c70 (0x80000f37) lui     t5, 0x80000
core   0: 3 0x80007c70 (0x80000f37) x30 0x80000000
core   0: 0x80007c74 (0x800009b7) lui     s3, 0x80000
core   0: 3 0x80007c74 (0x800009b7) x19 0x80000000
core   0: 0x80007c78 (0xab533cb7) lui     s9, 0xab533
core   0: 3 0x80007c78 (0xab533cb7) x25 0xab533000
core   0: 0x80007c7c (0x9aec8c93) addi    s9, s9, -1618
core   0: 3 0x80007c7c (0x9aec8c93) x25 0xab5329ae
core   0: 0x80007c80 (0x80000fb7) lui     t6, 0x80000
core   0: 3 0x80007c80 (0x80000fb7) x31 0x80000000
core   0: 0x80007c84 (0xfff00813) li      a6, -1
core   0: 3 0x80007c84 (0xfff00813) x16 0xffffffff
core   0: 0x80007c88 (0x80000937) lui     s2, 0x80000
core   0: 3 0x80007c88 (0x80000937) x18 0x80000000
core   0: 0x80007c8c (0x572a7eb7) lui     t4, 0x572a7
core   0: 3 0x80007c8c (0x572a7eb7) x29 0x572a7000
core   0: 0x80007c90 (0x4e0e8e93) addi    t4, t4, 1248
core   0: 3 0x80007c90 (0x4e0e8e93) x29 0x572a74e0
core   0: 0x80007c94 (0x800008b7) lui     a7, 0x80000
core   0: 3 0x80007c94 (0x800008b7) x17 0x80000000
core   0: 0x80007c98 (0x80000ab7) lui     s5, 0x80000
core   0: 3 0x80007c98 (0x80000ab7) x21 0x80000000
core   0: 0x80007c9c (0x80000db7) lui     s11, 0x80000
core   0: 3 0x80007c9c (0x80000db7) x27 0x80000000
core   0: 0x80007ca0 (0x419f8eb3) sub     t4, t6, s9
core   0: 3 0x80007ca0 (0x419f8eb3) x29 0xd4acd652
core   0: 0x80007ca4 (0x3550c837) lui     a6, 0x3550c
core   0: 3 0x80007ca4 (0x3550c837) x16 0x3550c000
core   0: 0x80007ca8 (0x00000013) nop
core   0: 3 0x80007ca8 (0x00000013)
core   0: 0x80007cac (0x01bc8933) add     s2, s9, s11
core   0: 3 0x80007cac (0x01bc8933) x18 0x2b5329ae
core   0: 0x80007cb0 (0x9d298813) addi    a6, s3, -1582
core   0: 3 0x80007cb0 (0x9d298813) x16 0x7ffff9d2
core   0: 0x80007cb4 (0xfeef8c97) auipc   s9, 0xfeef8
core   0: 3 0x80007cb4 (0xfeef8c97) x25 0x7eeffcb4
core   0: 0x80007cb8 (0x7d380d93) addi    s11, a6, 2003
core   0: 3 0x80007cb8 (0x7d380d93) x27 0x800001a5
core   0: 0x80007cbc (0xa0d12e97) auipc   t4, 0xa0d12
core   0: 3 0x80007cbc (0xa0d12e97) x29 0x20d19cbc
core   0: 0x80007cc0 (0x788f0f93) addi    t6, t5, 1928
core   0: 3 0x80007cc0 (0x788f0f93) x31 0x80000788
core   0: 0x80007cc4 (0x1ad06f37) lui     t5, 0x1ad06
core   0: 3 0x80007cc4 (0x1ad06f37) x30 0x1ad06000
core   0: 0x80007cc8 (0x83988913) addi    s2, a7, -1991
core   0: 3 0x80007cc8 (0x83988913) x18 0x7ffff839
core   0: 0x80007ccc (0x7ec13997) auipc   s3, 0x7ec13
core   0: 3 0x80007ccc (0x7ec13997) x19 0xfec1accc
core   0: 0x80007cd0 (0x41988fb3) sub     t6, a7, s9
core   0: 3 0x80007cd0 (0x41988fb3) x31 0x0110034c
core   0: 0x80007cd4 (0xda88bfb7) lui     t6, 0xda88b
core   0: 3 0x80007cd4 (0xda88bfb7) x31 0xda88b000
core   0: 0x80007cd8 (0x00000013) nop
core   0: 3 0x80007cd8 (0x00000013)
core   0: 0x80007cdc (0xd7bf0913) addi    s2, t5, -645
core   0: 3 0x80007cdc (0xd7bf0913) x18 0x1ad05d7b
core   0: 0x80007ce0 (0x0026edb3) or      s11, a3, sp
core   0: 3 0x80007ce0 (0x0026edb3) x27 0x000000e2
core   0: 0x80007ce4 (0x4120df13) srai    t5, ra, 18
core   0: 3 0x80007ce4 (0x4120df13) x30 0xffffe3cc
core   0: 0x80007ce8 (0x00c79593) slli    a1, a5, 12
core   0: 3 0x80007ce8 (0x00c79593) x11 0xed0df000
core   0: 0x80007cec (0x01464233) xor     tp, a2, s4
core   0: 3 0x80007cec (0x01464233) x 4 0x801a5c91
core   0: 0x80007cf0 (0x808d7e93) andi    t4, s10, -2040
core   0: 3 0x80007cf0 (0x808d7e93) x29 0x00847808
core   0: 0x80007cf4 (0x40f10eb3) sub     t4, sp, a5
core   0: 3 0x80007cf4 (0x40f10eb3) x29 0x18513003
core   0: 0x80007cf8 (0x40245313) srai    t1, s0, 2
core   0: 3 0x80007cf8 (0x40245313) x 6 0xf6b42000
core   0: 0x80007cfc (0xd3f7fe93) andi    t4, a5, -705
core   0: 3 0x80007cfc (0xd3f7fe93) x29 0xe7aed01f
core   0: 0x80007d00 (0x01f4abb3) slt     s7, s1, t6
core   0: 3 0x80007d00 (0x01f4abb3) x23 0x00000000
core   0: 0x80007d04 (0x40b28db3) sub     s11, t0, a1
core   0: 3 0x80007d04 (0x40b28db3) x27 0x12f21000
core   0: 0x80007d08 (0x50d664b7) lui     s1, 0x50d66
core   0: 3 0x80007d08 (0x50d664b7) x 9 0x50d66000
core   0: 0x80007d0c (0x000eaa33) slt     s4, t4, zero
core   0: 3 0x80007d0c (0x000eaa33) x20 0x00000001
core   0: 0x80007d10 (0x003b9113) slli    sp, s7, 3
core   0: 3 0x80007d10 (0x003b9113) x 2 0x00000000
core   0: 0x80007d14 (0x4500f917) auipc   s2, 0x4500f
core   0: 3 0x80007d14 (0x4500f917) x18 0xc5016d14
core   0: 0x80007d18 (0x978f8813) addi    a6, t6, -1672
core   0: 3 0x80007d18 (0x978f8813) x16 0xda88a978
core   0: 0x80007d1c (0x40138333) sub     t1, t2, ra
core   0: 3 0x80007d1c (0x40138333) x 6 0xf0cf1e64
core   0: 0x80007d20 (0x00efdb13) srli    s6, t6, 14
core   0: 3 0x80007d20 (0x00efdb13) x22 0x00036a22
core   0: 0x80007d24 (0x40cf8b33) sub     s6, t6, a2
core   0: 3 0x80007d24 (0x40cf8b33) x22 0x5a87531c
core   0: 0x80007d28 (0x0141c2b3) xor     t0, gp, s4
core   0: 3 0x80007d28 (0x0141c2b3) x 5 0xfa7a6001
core   0: 0x80007d2c (0x00043933) sltu    s2, s0, zero
core   0: 3 0x80007d2c (0x00043933) x18 0x00000000
core   0: 0x80007d30 (0x019ab533) sltu    a0, s5, s9
core   0: 3 0x80007d30 (0x019ab533) x10 0x00000000
core   0: 0x80007d34 (0x0fd06a17) auipc   s4, 0xfd06
core   0: 3 0x80007d34 (0x0fd06a17) x20 0x8fd0dd34
core   0: 0x80007d38 (0x00945733) srl     a4, s0, s1
core   0: 3 0x80007d38 (0x00945733) x14 0xdad08001
core   0: 0x80007d3c (0x012a1a33) sll     s4, s4, s2
core   0: 3 0x80007d3c (0x012a1a33) x20 0x8fd0dd34
core   0: 0x80007d40 (0x0061d333) srl     t1, gp, t1
core   0: 3 0x80007d40 (0x0061d333) x 6 0x0fa7a600
core   0: 0x80007d44 (0x01605113) srli    sp, zero, 22
core   0: 3 0x80007d44 (0x01605113) x 2 0x00000000
core   0: 0x80007d48 (0x016106b3) add     a3, sp, s6
core   0: 3 0x80007d48 (0x016106b3) x13 0x5a87531c
core   0: 0x80007d4c (0x006e0733) add     a4, t3, t1
core   0: 3 0x80007d4c (0x006e0733) x14 0x27f8d520
core   0: 0x80007d50 (0x37cdfb93) andi    s7, s11, 892
core   0: 3 0x80007d50 (0x37cdfb93) x23 0x00000000
core   0: 0x80007d54 (0xf90ca9b7) lui     s3, 0xf90ca
core   0: 3 0x80007d54 (0xf90ca9b7) x19 0xf90ca000
core   0: 0x80007d58 (0x00f7a5b3) slt     a1, a5, a5
core   0: 3 0x80007d58 (0x00f7a5b3) x11 0x00000000
core   0: 0x80007d5c (0xd00cc017) auipc   zero, 0xd00cc
core   0: 3 0x80007d5c (0xd00cc017)
core   0: 0x80007d60 (0x40105413) srai    s0, zero, 1
core   0: 3 0x80007d60 (0x40105413) x 8 0x00000000
core   0: 0x80007d64 (0x01ed7433) and     s0, s10, t5
core   0: 3 0x80007d64 (0x01ed7433) x 8 0x0084618c
core   0: 0x80007d68 (0x0110d733) srl     a4, ra, a7
core   0: 3 0x80007d68 (0x0110d733) x14 0x8f320000
core   0: 0x80007d6c (0x415f01b3) sub     gp, t5, s5
core   0: 3 0x80007d6c (0x415f01b3) x 3 0x7fffe3cc
core   0: 0x80007d70 (0x15ec0093) addi    ra, s8, 350
core   0: 3 0x80007d70 (0x15ec0093) x 1 0x18512c1a
core   0: 0x80007d74 (0x00000013) nop
core   0: 3 0x80007d74 (0x00000013)
core   0: 0x80007d78 (0x01d0feb3) and     t4, ra, t4
core   0: 3 0x80007d78 (0x01d0feb3) x29 0x0000001a
core   0: 0x80007d7c (0x013c8bb3) add     s7, s9, s3
core   0: 3 0x80007d7c (0x013c8bb3) x23 0x77fc9cb4
core   0: 0x80007d80 (0x011501b3) add     gp, a0, a7
core   0: 3 0x80007d80 (0x011501b3) x 3 0x80000000
core   0: 0x80007d84 (0x41315733) sra     a4, sp, s3
core   0: 3 0x80007d84 (0x41315733) x14 0x00000000
core   0: 0x80007d88 (0x4da4ab13) slti    s6, s1, 1242
core   0: 3 0x80007d88 (0x4da4ab13) x22 0x00000000
core   0: 0x80007d8c (0x01fab533) sltu    a0, s5, t6
core   0: 3 0x80007d8c (0x01fab533) x10 0x00000001
core   0: 0x80007d90 (0x241fcc93) xori    s9, t6, 577
core   0: 3 0x80007d90 (0x241fcc93) x25 0xda88b241
core   0: 0x80007d94 (0x405b06b3) sub     a3, s6, t0
core   0: 3 0x80007d94 (0x405b06b3) x13 0x05859fff
core   0: 0x80007d98 (0x00b7e9b3) or      s3, a5, a1
core   0: 3 0x80007d98 (0x00b7e9b3) x19 0xe7aed0df
core   0: 0x80007d9c (0xbe6f0893) addi    a7, t5, -1050
core   0: 3 0x80007d9c (0xbe6f0893) x17 0xffffdfb2
core   0: 0x80007da0 (0x00d0c033) xor     zero, ra, a3
core   0: 3 0x80007da0 (0x00d0c033)
core   0: 0x80007da4 (0x015b1833) sll     a6, s6, s5
core   0: 3 0x80007da4 (0x015b1833) x16 0x00000000
core   0: 0x80007da8 (0x01050b33) add     s6, a0, a6
core   0: 3 0x80007da8 (0x01050b33) x22 0x00000001
core   0: 0x80007dac (0x4029d333) sra     t1, s3, sp
core   0: 3 0x80007dac (0x4029d333) x 6 0xe7aed0df
core   0: 0x80007db0 (0x411e84b3) sub     s1, t4, a7
core   0: 3 0x80007db0 (0x411e84b3) x 9 0x00002068
core   0: 0x80007db4 (0x011eb533) sltu    a0, t4, a7
core   0: 3 0x80007db4 (0x011eb533) x10 0x00000001
core   0: 0x80007db8 (0x32947317) auipc   t1, 0x32947
core   0: 3 0x80007db8 (0x32947317) x 6 0xb294edb8
core   0: 0x80007dbc (0x00000013) nop
core   0: 3 0x80007dbc (0x00000013)
core   0: 0x80007dc0 (0xbdc98f93) addi    t6, s3, -1060
core   0: 3 0x80007dc0 (0xbdc98f93) x31 0xe7aeccbb
core   0: 0x80007dc4 (0x00000013) nop
core   0: 3 0x80007dc4 (0x00000013)
core   0: 0x80007dc8 (0x01ef1f33) sll     t5, t5, t5
core   0: 3 0x80007dc8 (0x01ef1f33) x30 0xfe3cc000
core   0: 0x80007dcc (0xfa4f7313) andi    t1, t5, -92
core   0: 3 0x80007dcc (0xfa4f7313) x 6 0xfe3cc000
core   0: 0x80007dd0 (0x00000013) nop
core   0: 3 0x80007dd0 (0x00000013)
core   0: 0x80007dd4 (0x01d425b3) slt     a1, s0, t4
core   0: 3 0x80007dd4 (0x01d425b3) x11 0x00000000
core   0: 0x80007dd8 (0x401c5ab3) sra     s5, s8, ra
core   0: 3 0x80007dd8 (0x401c5ab3) x21 0x00000006
core   0: 0x80007ddc (0x00f69a13) slli    s4, a3, 15
core   0: 3 0x80007ddc (0x00f69a13) x20 0xcfff8000
core   0: 0x80007de0 (0x4c6e4813) xori    a6, t3, 1222
core   0: 3 0x80007de0 (0x4c6e4813) x16 0x18512be6
core   0: 0x80007de4 (0x0038ad33) slt     s10, a7, gp
core   0: 3 0x80007de4 (0x0038ad33) x26 0x00000000
core   0: 0x80007de8 (0x010b4d33) xor     s10, s6, a6
core   0: 3 0x80007de8 (0x010b4d33) x26 0x18512be7
core   0: 0x80007dec (0x07cd60b7) lui     ra, 0x7cd6
core   0: 3 0x80007dec (0x07cd60b7) x 1 0x07cd6000
core   0: 0x80007df0 (0xe542af37) lui     t5, 0xe542a
core   0: 3 0x80007df0 (0xe542af37) x30 0xe542a000
core   0: 0x80007df4 (0x25f88d93) addi    s11, a7, 607
core   0: 3 0x80007df4 (0x25f88d93) x27 0xffffe211
core   0: 0x80007df8 (0x419e5813) srai    a6, t3, 25
core   0: 3 0x80007df8 (0x419e5813) x16 0x0000000c
core   0: 0x80007dfc (0x9549b413) sltiu   s0, s3, -1708
core   0: 3 0x80007dfc (0x9549b413) x 8 0x00000001
core   0: 0x80007e00 (0x41c38833) sub     a6, t2, t3
core   0: 3 0x80007e00 (0x41c38833) x16 0x67afef44
core   0: 0x80007e04 (0x23f2a197) auipc   gp, 0x23f2a
core   0: 3 0x80007e04 (0x23f2a197) x 3 0xa3f31e04
core   0: 0x80007e08 (0xc531bd13) sltiu   s10, gp, -941
core   0: 3 0x80007e08 (0xc531bd13) x26 0x00000001
core   0: 0x80007e0c (0xe4c3fb13) andi    s6, t2, -436
core   0: 3 0x80007e0c (0xe4c3fb13) x22 0x80011e44
core   0: 0x80007e10 (0xebba0113) addi    sp, s4, -325
core   0: 3 0x80007e10 (0xebba0113) x 2 0xcfff7ebb
core   0: 0x80007e14 (0x01177bb3) and     s7, a4, a7
core   0: 3 0x80007e14 (0x01177bb3) x23 0x00000000
core   0: 0x80007e18 (0x9f0bad13) slti    s10, s7, -1552
core   0: 3 0x80007e18 (0x9f0bad13) x26 0x00000000
core   0: 0x80007e1c (0x01af1333) sll     t1, t5, s10
core   0: 3 0x80007e1c (0x01af1333) x 6 0xe542a000
core   0: 0x80007e20 (0x133701b7) lui     gp, 0x13370
core   0: 3 0x80007e20 (0x133701b7) x 3 0x13370000
core   0: 0x80007e24 (0x006a1b33) sll     s6, s4, t1
core   0: 3 0x80007e24 (0x006a1b33) x22 0xcfff8000
core   0: 0x80007e28 (0x40045a13) srai    s4, s0, 0
core   0: 3 0x80007e28 (0x40045a13) x20 0x00000001
core   0: 0x80007e2c (0x413ad893) srai    a7, s5, 19
core   0: 3 0x80007e2c (0x413ad893) x17 0x00000000
core   0: 0x80007e30 (0x41210ab3) sub     s5, sp, s2
core   0: 3 0x80007e30 (0x41210ab3) x21 0xcfff7ebb
core   0: 0x80007e34 (0x5ab90a93) addi    s5, s2, 1451
core   0: 3 0x80007e34 (0x5ab90a93) x21 0x000005ab
core   0: 0x80007e38 (0x004d4133) xor     sp, s10, tp
core   0: 3 0x80007e38 (0x004d4133) x 2 0x801a5c91
core   0: 0x80007e3c (0xac354e93) xori    t4, a0, -1341
core   0: 3 0x80007e3c (0xac354e93) x29 0xfffffac2
core   0: 0x80007e40 (0x01269bb3) sll     s7, a3, s2
core   0: 3 0x80007e40 (0x01269bb3) x23 0x05859fff
core   0: 0x80007e44 (0x418d56b3) sra     a3, s10, s8
core   0: 3 0x80007e44 (0x418d56b3) x13 0x00000000
core   0: 0x80007e48 (0x16daf6b7) lui     a3, 0x16daf
core   0: 3 0x80007e48 (0x16daf6b7) x13 0x16daf000
core   0: 0x80007e4c (0x95eee037) lui     zero, 0x95eee
core   0: 3 0x80007e4c (0x95eee037)
core   0: 0x80007e50 (0x4f9dbc93) sltiu   s9, s11, 1273
core   0: 3 0x80007e50 (0x4f9dbc93) x25 0x00000000
core   0: 0x80007e54 (0x01f35033) srl     zero, t1, t6
core   0: 3 0x80007e54 (0x01f35033)
core   0: 0x80007e58 (0x0043cbb3) xor     s7, t2, tp
core   0: 3 0x80007e58 (0x0043cbb3) x23 0x001b42f5
core   0: 0x80007e5c (0x00241b93) slli    s7, s0, 2
core   0: 3 0x80007e5c (0x00241b93) x23 0x00000004
core   0: 0x80007e60 (0x19458c93) addi    s9, a1, 404
core   0: 3 0x80007e60 (0x19458c93) x25 0x00000194
core   0: 0x80007e64 (0x008bcf33) xor     t5, s7, s0
core   0: 3 0x80007e64 (0x008bcf33) x30 0x00000005
core   0: 0x80007e68 (0x0040da93) srli    s5, ra, 4
core   0: 3 0x80007e68 (0x0040da93) x21 0x007cd600
core   0: 0x80007e6c (0x56ab7493) andi    s1, s6, 1386
core   0: 3 0x80007e6c (0x56ab7493) x 9 0x00000000
core   0: 0x80007e70 (0x01d01013) slli    zero, zero, 29
core   0: 3 0x80007e70 (0x01d01013)
core   0: 0x80007e74 (0x41075593) srai    a1, a4, 16
core   0: 3 0x80007e74 (0x41075593) x11 0x00000000
core   0: 0x80007e78 (0x5aaf6a93) ori     s5, t5, 1450
core   0: 3 0x80007e78 (0x5aaf6a93) x21 0x000005af
core   0: 0x80007e7c (0x6376a093) slti    ra, a3, 1591
core   0: 3 0x80007e7c (0x6376a093) x 1 0x00000000
core   0: 0x80007e80 (0x01e3f033) and     zero, t2, t5
core   0: 3 0x80007e80 (0x01e3f033)
core   0: 0x80007e84 (0x00000013) nop
core   0: 3 0x80007e84 (0x00000013)
core   0: 0x80007e88 (0x01676433) or      s0, a4, s6
core   0: 3 0x80007e88 (0x01676433) x 8 0xcfff8000
core   0: 0x80007e8c (0x288af493) andi    s1, s5, 648
core   0: 3 0x80007e8c (0x288af493) x 9 0x00000088
core   0: 0x80007e90 (0x00e19a93) slli    s5, gp, 14
core   0: 3 0x80007e90 (0x00e19a93) x21 0xc0000000
core   0: 0x80007e94 (0x007922b3) slt     t0, s2, t2
core   0: 3 0x80007e94 (0x007922b3) x 5 0x00000000
core   0: 0x80007e98 (0x00b75eb3) srl     t4, a4, a1
core   0: 3 0x80007e98 (0x00b75eb3) x29 0x00000000
core   0: 0x80007e9c (0x018e5593) srli    a1, t3, 24
core   0: 3 0x80007e9c (0x018e5593) x11 0x00000018
core   0: 0x80007ea0 (0x04a28893) addi    a7, t0, 74
core   0: 3 0x80007ea0 (0x04a28893) x17 0x0000004a
core   0: 0x80007ea4 (0x104b6413) ori     s0, s6, 260
core   0: 3 0x80007ea4 (0x104b6413) x 8 0xcfff8104
core   0: 0x80007ea8 (0x4019d413) srai    s0, s3, 1
core   0: 3 0x80007ea8 (0x4019d413) x 8 0xf3d7686f
core   0: 0x80007eac (0x00625a93) srli    s5, tp, 6
core   0: 3 0x80007eac (0x00625a93) x21 0x02006972
core   0: 0x80007eb0 (0x01617933) and     s2, sp, s6
core   0: 3 0x80007eb0 (0x01617933) x18 0x801a0000
core   0: 0x80007eb4 (0x41d0dcb3) sra     s9, ra, t4
core   0: 3 0x80007eb4 (0x41d0dcb3) x25 0x00000000
core   0: 0x80007eb8 (0x64c32013) slti    zero, t1, 1612
core   0: 3 0x80007eb8 (0x64c32013)
core   0: 0x80007ebc (0x3080b113) sltiu   sp, ra, 776
core   0: 3 0x80007ebc (0x3080b113) x 2 0x00000001
core   0: 0x80007ec0 (0x1e0dad93) slti    s11, s11, 480
core   0: 3 0x80007ec0 (0x1e0dad93) x27 0x00000001
core   0: 0x80007ec4 (0x0002d833) srl     a6, t0, zero
core   0: 3 0x80007ec4 (0x0002d833) x16 0x00000000
core   0: 0x80007ec8 (0x41fb0db3) sub     s11, s6, t6
core   0: 3 0x80007ec8 (0x41fb0db3) x27 0xe850b345
core   0: 0x80007ecc (0xf5796317) auipc   t1, 0xf5796
core   0: 3 0x80007ecc (0xf5796317) x 6 0x7579decc
core   0: 0x80007ed0 (0x00642eb3) slt     t4, s0, t1
core   0: 3 0x80007ed0 (0x00642eb3) x29 0x00000001
core   0: 0x80007ed4 (0x413a8f33) sub     t5, s5, s3
core   0: 3 0x80007ed4 (0x413a8f33) x30 0x1a519893
core   0: 0x80007ed8 (0xd63bad17) auipc   s10, 0xd63ba
core   0: 3 0x80007ed8 (0xd63bad17) x26 0x563c1ed8
core   0: 0x80007edc (0x079ce513) ori     a0, s9, 121
core   0: 3 0x80007edc (0x079ce513) x10 0x00000079
core   0: 0x80007ee0 (0x01e5ff33) and     t5, a1, t5
core   0: 3 0x80007ee0 (0x01e5ff33) x30 0x00000010
core   0: 0x80007ee4 (0x6547c113) xori    sp, a5, 1620
core   0: 3 0x80007ee4 (0x6547c113) x 2 0xe7aed68b
core   0: 0x80007ee8 (0x00fc5a33) srl     s4, s8, a5
core   0: 3 0x80007ee8 (0x00fc5a33) x20 0x00000000
core   0: 0x80007eec (0x00000013) nop
core   0: 3 0x80007eec (0x00000013)
core   0: 0x80007ef0 (0x012d59b3) srl     s3, s10, s2
core   0: 3 0x80007ef0 (0x012d59b3) x19 0x563c1ed8
core   0: 0x80007ef4 (0x00000013) nop
core   0: 3 0x80007ef4 (0x00000013)
core   0: 0x80007ef8 (0x00000013) nop
core   0: 3 0x80007ef8 (0x00000013)
core   0: 0x80007efc (0x018ea1b3) slt     gp, t4, s8
core   0: 3 0x80007efc (0x018ea1b3) x 3 0x00000001
core   0: 0x80007f00 (0x00144d33) xor     s10, s0, ra
core   0: 3 0x80007f00 (0x00144d33) x26 0xf3d7686f
core   0: 0x80007f04 (0x00000013) nop
core   0: 3 0x80007f04 (0x00000013)
core   0: 0x80007f08 (0x00142bb3) slt     s7, s0, ra
core   0: 3 0x80007f08 (0x00142bb3) x23 0x00000001
core   0: 0x80007f0c (0x00000013) nop
core   0: 3 0x80007f0c (0x00000013)
core   0: 0x80007f10 (0x4c963893) sltiu   a7, a2, 1225
core   0: 3 0x80007f10 (0x4c963893) x17 0x00000000
core   0: 0x80007f14 (0x2a8aca93) xori    s5, s5, 680
core   0: 3 0x80007f14 (0x2a8aca93) x21 0x02006bda
core   0: 0x80007f18 (0x89b36e13) ori     t3, t1, -1893
core   0: 3 0x80007f18 (0x89b36e13) x28 0xfffffedf
core   0: 0x80007f1c (0x00bb7933) and     s2, s6, a1
core   0: 3 0x80007f1c (0x00bb7933) x18 0x00000000
core   0: 0x80007f20 (0xa2641917) auipc   s2, 0xa2641
core   0: 3 0x80007f20 (0xa2641917) x18 0x22648f20
core   0: 0x80007f24 (0x012eb333) sltu    t1, t4, s2
core   0: 3 0x80007f24 (0x012eb333) x 6 0x00000001
core   0: 0x80007f28 (0x00000e33) add     t3, zero, zero
core   0: 3 0x80007f28 (0x00000e33) x28 0x00000000
core   0: 0x80007f2c (0x01d79d93) slli    s11, a5, 29
core   0: 3 0x80007f2c (0x01d79d93) x27 0xe0000000
core   0: 0x80007f30 (0x41518bb3) sub     s7, gp, s5
core   0: 3 0x80007f30 (0x41518bb3) x23 0xfdff9427
core   0: 0x80007f34 (0x9559b413) sltiu   s0, s3, -1707
core   0: 3 0x80007f34 (0x9559b413) x 8 0x00000001
core   0: 0x80007f38 (0x1763bf37) lui     t5, 0x1763b
core   0: 3 0x80007f38 (0x1763bf37) x30 0x1763b000
core   0: 0x80007f3c (0xfd99fc93) andi    s9, s3, -39
core   0: 3 0x80007f3c (0xfd99fc93) x25 0x563c1ed8
core   0: 0x80007f40 (0x01e35593) srli    a1, t1, 30
core   0: 3 0x80007f40 (0x01e35593) x11 0x00000000
core   0: 0x80007f44 (0x41e5d833) sra     a6, a1, t5
core   0: 3 0x80007f44 (0x41e5d833) x16 0x00000000
core   0: 0x80007f48 (0x009d0ab3) add     s5, s10, s1
core   0: 3 0x80007f48 (0x009d0ab3) x21 0xf3d768f7
core   0: 0x80007f4c (0x88564493) xori    s1, a2, -1915
core   0: 3 0x80007f4c (0x88564493) x 9 0x7ffea461
core   0: 0x80007f50 (0x50d4c913) xori    s2, s1, 1293
core   0: 3 0x80007f50 (0x50d4c913) x18 0x7ffea16c
core   0: 0x80007f54 (0x59ab4b97) auipc   s7, 0x59ab4
core   0: 3 0x80007f54 (0x59ab4b97) x23 0xd9abbf54
core   0: 0x80007f58 (0x64e6cfb7) lui     t6, 0x64e6c
core   0: 3 0x80007f58 (0x64e6cfb7) x31 0x64e6c000
core   0: 0x80007f5c (0x41575e33) sra     t3, a4, s5
core   0: 3 0x80007f5c (0x41575e33) x28 0x00000000
core   0: 0x80007f60 (0x79c92213) slti    tp, s2, 1948
core   0: 3 0x80007f60 (0x79c92213) x 4 0x00000000
core   0: 0x80007f64 (0x40e20233) sub     tp, tp, a4
core   0: 3 0x80007f64 (0x40e20233) x 4 0x00000000
core   0: 0x80007f68 (0x34ef6413) ori     s0, t5, 846
core   0: 3 0x80007f68 (0x34ef6413) x 8 0x1763b34e
core   0: 0x80007f6c (0xb6c23037) lui     zero, 0xb6c23
core   0: 3 0x80007f6c (0xb6c23037)
core   0: 0x80007f70 (0x0178c733) xor     a4, a7, s7
core   0: 3 0x80007f70 (0x0178c733) x14 0xd9abbf54
core   0: 0x80007f74 (0x00413333) sltu    t1, sp, tp
core   0: 3 0x80007f74 (0x00413333) x 6 0x00000000
core   0: 0x80007f78 (0x00bfbb33) sltu    s6, t6, a1
core   0: 3 0x80007f78 (0x00bfbb33) x22 0x00000000
core   0: 0x80007f7c (0x40a48e33) sub     t3, s1, a0
core   0: 3 0x80007f7c (0x40a48e33) x28 0x7ffea3e8
core   0: 0x80007f80 (0x00d97c33) and     s8, s2, a3
core   0: 3 0x80007f80 (0x00d97c33) x24 0x16daa000
core   0: 0x80007f84 (0x51833513) sltiu   a0, t1, 1304
core   0: 3 0x80007f84 (0x51833513) x10 0x00000001
core   0: 0x80007f88 (0x1be9a013) slti    zero, s3, 446
core   0: 3 0x80007f88 (0x1be9a013)
core   0: 0x80007f8c (0x0039a0b3) slt     ra, s3, gp
core   0: 3 0x80007f8c (0x0039a0b3) x 1 0x00000000
core   0: 0x80007f90 (0x35acb913) sltiu   s2, s9, 858
core   0: 3 0x80007f90 (0x35acb913) x18 0x00000000
core   0: 0x80007f94 (0x8a74e213) ori     tp, s1, -1881
core   0: 3 0x80007f94 (0x8a74e213) x 4 0xfffffce7
core   0: 0x80007f98 (0x00b65db3) srl     s11, a2, a1
core   0: 3 0x80007f98 (0x00b65db3) x27 0x80015ce4
core   0: 0x80007f9c (0x41655013) srai    zero, a0, 22
core   0: 3 0x80007f9c (0x41655013)
core   0: 0x80007fa0 (0x417a8233) sub     tp, s5, s7
core   0: 3 0x80007fa0 (0x417a8233) x 4 0x1a2ba9a3
core   0: 0x80007fa4 (0x01c89913) slli    s2, a7, 28
core   0: 3 0x80007fa4 (0x01c89913) x18 0x00000000
core   0: 0x80007fa8 (0xf1e9f493) andi    s1, s3, -226
core   0: 3 0x80007fa8 (0xf1e9f493) x 9 0x563c1e18
core   0: 0x80007fac (0x41718e33) sub     t3, gp, s7
core   0: 3 0x80007fac (0x41718e33) x28 0x265440ad
core   0: 0x80007fb0 (0x01bdf1b3) and     gp, s11, s11
core   0: 3 0x80007fb0 (0x01bdf1b3) x 3 0x80015ce4
core   0: 0x80007fb4 (0x419cd133) sra     sp, s9, s9
core   0: 3 0x80007fb4 (0x419cd133) x 2 0x00000056
core   0: 0x80007fb8 (0x00785c33) srl     s8, a6, t2
core   0: 3 0x80007fb8 (0x00785c33) x24 0x00000000
core   0: 0x80007fbc (0x61b4a693) slti    a3, s1, 1563
core   0: 3 0x80007fbc (0x61b4a693) x13 0x00000000
core   0: 0x80007fc0 (0x01d29313) slli    t1, t0, 29
core   0: 3 0x80007fc0 (0x01d29313) x 6 0x00000000
core   0: 0x80007fc4 (0x018c5593) srli    a1, s8, 24
core   0: 3 0x80007fc4 (0x018c5593) x11 0x00000000
core   0: 0x80007fc8 (0xaa3a3193) sltiu   gp, s4, -1373
core   0: 3 0x80007fc8 (0xaa3a3193) x 3 0x00000001
core   0: 0x80007fcc (0x0082a833) slt     a6, t0, s0
core   0: 3 0x80007fcc (0x0082a833) x16 0x00000001
core   0: 0x80007fd0 (0x85b15497) auipc   s1, 0x85b15
core   0: 3 0x80007fd0 (0x85b15497) x 9 0x05b1cfd0
core   0: 0x80007fd4 (0x8f918493) addi    s1, gp, -1799
core   0: 3 0x80007fd4 (0x8f918493) x 9 0xfffff8fa
core   0: 0x80007fd8 (0x405adb93) srai    s7, s5, 5
core   0: 3 0x80007fd8 (0x405adb93) x23 0xff9ebb47
core   0: 0x80007fdc (0xaa0b6813) ori     a6, s6, -1376
core   0: 3 0x80007fdc (0xaa0b6813) x16 0xfffffaa0
core   0: 0x80007fe0 (0xb8e8e893) ori     a7, a7, -1138
core   0: 3 0x80007fe0 (0xb8e8e893) x17 0xfffffb8e
core   0: 0x80007fe4 (0x0a9ac313) xori    t1, s5, 169
core   0: 3 0x80007fe4 (0x0a9ac313) x 6 0xf3d7685e
core   0: 0x80007fe8 (0x6b35fd17) auipc   s10, 0x6b35f
core   0: 3 0x80007fe8 (0x6b35fd17) x26 0xeb366fe8
core   0: 0x80007fec (0x01ffbab3) sltu    s5, t6, t6
core   0: 3 0x80007fec (0x01ffbab3) x21 0x00000000
core   0: 0x80007ff0 (0x47284b93) xori    s7, a6, 1138
core   0: 3 0x80007ff0 (0x47284b93) x23 0xfffffed2
core   0: 0x80007ff4 (0x41ae8e33) sub     t3, t4, s10
core   0: 3 0x80007ff4 (0x41ae8e33) x28 0x14c99019
core   0: 0x80007ff8 (0x6fdb3a13) sltiu   s4, s6, 1789
core   0: 3 0x80007ff8 (0x6fdb3a13) x20 0x00000001
core   0: 0x80007ffc (0x00000013) nop
core   0: 3 0x80007ffc (0x00000013)
core   0: 0x80008000 (0x014f58b3) srl     a7, t5, s4
core   0: 3 0x80008000 (0x014f58b3) x17 0x0bb1d800
core   0: 0x80008004 (0x8d82bd93) sltiu   s11, t0, -1832
core   0: 3 0x80008004 (0x8d82bd93) x27 0x00000001
core   0: 0x80008008 (0x00ad3fb3) sltu    t6, s10, a0
core   0: 3 0x80008008 (0x00ad3fb3) x31 0x00000000
core   0: 0x8000800c (0xc258c693) xori    a3, a7, -987
core   0: 3 0x8000800c (0xc258c693) x13 0xf44e2425
core   0: 0x80008010 (0x00784bb3) xor     s7, a6, t2
core   0: 3 0x80008010 (0x00784bb3) x23 0x7ffee4c4
core   0: 0x80008014 (0x01e59893) slli    a7, a1, 30
core   0: 3 0x80008014 (0x01e59893) x17 0x00000000
core   0: 0x80008018 (0x1ffd8313) addi    t1, s11, 511
core   0: 3 0x80008018 (0x1ffd8313) x 6 0x00000200
core   0: 0x8000801c (0x4120df93) srai    t6, ra, 18
core   0: 3 0x8000801c (0x4120df93) x31 0x00000000
core   0: 0x80008020 (0x406e5b13) srai    s6, t3, 6
core   0: 3 0x80008020 (0x406e5b13) x22 0x00532640
core   0: 0x80008024 (0x012e35b3) sltu    a1, t3, s2
core   0: 3 0x80008024 (0x012e35b3) x11 0x00000000
core   0: 0x80008028 (0x97c3a993) slti    s3, t2, -1668
core   0: 3 0x80008028 (0x97c3a993) x19 0x00000001
core   0: 0x8000802c (0x52e25e97) auipc   t4, 0x52e25
core   0: 3 0x8000802c (0x52e25e97) x29 0xd2e2d02c
core   0: 0x80008030 (0x007d1993) slli    s3, s10, 7
core   0: 3 0x80008030 (0x007d1993) x19 0x9b37f400
core   0: 0x80008034 (0x10b13193) sltiu   gp, sp, 267
core   0: 3 0x80008034 (0x10b13193) x 3 0x00000001
core   0: 0x80008038 (0x01f56333) or      t1, a0, t6
core   0: 3 0x80008038 (0x01f56333) x 6 0x00000001
core   0: 0x8000803c (0x4189d713) srai    a4, s3, 24
core   0: 3 0x8000803c (0x4189d713) x14 0xffffff9b
core   0: 0x80008040 (0x007fde33) srl     t3, t6, t2
core   0: 3 0x80008040 (0x007fde33) x28 0x00000000
core   0: 0x80008044 (0x013fd733) srl     a4, t6, s3
core   0: 3 0x80008044 (0x013fd733) x14 0x00000000
core   0: 0x80008048 (0x717eef93) ori     t6, t4, 1815
core   0: 3 0x80008048 (0x717eef93) x31 0xd2e2d73f
core   0: 0x8000804c (0x839a6337) lui     t1, 0x839a6
core   0: 3 0x8000804c (0x839a6337) x 6 0x839a6000
core   0: 0x80008050 (0x005d01b3) add     gp, s10, t0
core   0: 3 0x80008050 (0x005d01b3) x 3 0xeb366fe8
core   0: 0x80008054 (0x01370fb3) add     t6, a4, s3
core   0: 3 0x80008054 (0x01370fb3) x31 0x9b37f400
core   0: 0x80008058 (0x7d4cc413) xori    s0, s9, 2004
core   0: 3 0x80008058 (0x7d4cc413) x 8 0x563c190c
core   0: 0x8000805c (0xf3537993) andi    s3, t1, -203
core   0: 3 0x8000805c (0xf3537993) x19 0x839a6000
core   0: 0x80008060 (0x009cdb93) srli    s7, s9, 9
core   0: 3 0x80008060 (0x009cdb93) x23 0x002b1e0f
core   0: 0x80008064 (0x00000013) nop
core   0: 3 0x80008064 (0x00000013)
core   0: 0x80008068 (0x019b5713) srli    a4, s6, 25
core   0: 3 0x80008068 (0x019b5713) x14 0x00000000
core   0: 0x8000806c (0x0007a8b3) slt     a7, a5, zero
core   0: 3 0x8000806c (0x0007a8b3) x17 0x00000001
core   0: 0x80008070 (0x008d1c13) slli    s8, s10, 8
core   0: 3 0x80008070 (0x008d1c13) x24 0x366fe800
core   0: 0x80008074 (0xe80d4e13) xori    t3, s10, -384
core   0: 3 0x80008074 (0xe80d4e13) x28 0x14c99168
core   0: 0x80008078 (0x009d26b3) slt     a3, s10, s1
core   0: 3 0x80008078 (0x009d26b3) x13 0x00000001
core   0: 0x8000807c (0x00802533) slt     a0, zero, s0
core   0: 3 0x8000807c (0x00802533) x10 0x00000001
core   0: 0x80008080 (0x2dfae597) auipc   a1, 0x2dfae
core   0: 3 0x80008080 (0x2dfae597) x11 0xadfb6080
core   0: 0x80008084 (0x038bb693) sltiu   a3, s7, 56
core   0: 3 0x80008084 (0x038bb693) x13 0x00000000
core   0: 0x80008088 (0x001aaab3) slt     s5, s5, ra
core   0: 3 0x80008088 (0x001aaab3) x21 0x00000000
core   0: 0x8000808c (0x011dacb3) slt     s9, s11, a7
core   0: 3 0x8000808c (0x011dacb3) x25 0x00000000
core   0: 0x80008090 (0x56276093) ori     ra, a4, 1378
core   0: 3 0x80008090 (0x56276093) x 1 0x00000562
core   0: 0x80008094 (0x01e86fb3) or      t6, a6, t5
core   0: 3 0x80008094 (0x01e86fb3) x31 0xfffffaa0
core   0: 0x80008098 (0x0fa13413) sltiu   s0, sp, 250
core   0: 3 0x80008098 (0x0fa13413) x 8 0x00000001
core   0: 0x8000809c (0x41bc5a93) srai    s5, s8, 27
core   0: 3 0x8000809c (0x41bc5a93) x21 0x00000006
core   0: 0x800080a0 (0x8a819337) lui     t1, 0x8a819
core   0: 3 0x800080a0 (0x8a819337) x 6 0x8a819000
core   0: 0x800080a4 (0xf2a27737) lui     a4, 0xf2a27
core   0: 3 0x800080a4 (0xf2a27737) x14 0xf2a27000
core   0: 0x800080a8 (0xf778eb13) ori     s6, a7, -137
core   0: 3 0x800080a8 (0xf778eb13) x22 0xffffff77
core   0: 0x800080ac (0x0061b033) sltu    zero, gp, t1
core   0: 3 0x800080ac (0x0061b033)
core   0: 0x800080b0 (0x00c1edb3) or      s11, gp, a2
core   0: 3 0x800080b0 (0x00c1edb3) x27 0xeb377fec
core   0: 0x800080b4 (0x965e3313) sltiu   t1, t3, -1691
core   0: 3 0x800080b4 (0x965e3313) x 6 0x00000001
core   0: 0x800080b8 (0x4e1d7813) andi    a6, s10, 1249
core   0: 3 0x800080b8 (0x4e1d7813) x16 0x000004e0
core   0: 0x800080bc (0xaa43b013) sltiu   zero, t2, -1372
core   0: 3 0x800080bc (0xaa43b013)
core   0: 0x800080c0 (0x6b2c4d93) xori    s11, s8, 1714
core   0: 3 0x800080c0 (0x6b2c4d93) x27 0x366feeb2
core   0: 0x800080c4 (0x015d1cb3) sll     s9, s10, s5
core   0: 3 0x800080c4 (0x015d1cb3) x25 0xcd9bfa00
core   0: 0x800080c8 (0x01d705b3) add     a1, a4, t4
core   0: 3 0x800080c8 (0x01d705b3) x11 0xc585402c
core   0: 0x800080cc (0x00a98cb3) add     s9, s3, a0
core   0: 3 0x800080cc (0x00a98cb3) x25 0x839a6001
core   0: 0x800080d0 (0x72922d13) slti    s10, tp, 1833
core   0: 3 0x800080d0 (0x72922d13) x26 0x00000000
core   0: 0x800080d4 (0x438948b7) lui     a7, 0x43894
core   0: 3 0x800080d4 (0x438948b7) x17 0x43894000
core   0: 0x800080d8 (0x018971b3) and     gp, s2, s8
core   0: 3 0x800080d8 (0x018971b3) x 3 0x00000000
core   0: 0x800080dc (0x0e2a4313) xori    t1, s4, 226
core   0: 3 0x800080dc (0x0e2a4313) x 6 0x000000e3
core   0: 0x800080e0 (0x009b5093) srli    ra, s6, 9
core   0: 3 0x800080e0 (0x009b5093) x 1 0x007fffff
core   0: 0x800080e4 (0x40dfdbb3) sra     s7, t6, a3
core   0: 3 0x800080e4 (0x40dfdbb3) x23 0xfffffaa0
core   0: 0x800080e8 (0x00e62533) slt     a0, a2, a4
core   0: 3 0x800080e8 (0x00e62533) x10 0x00000001
core   0: 0x800080ec (0x40985913) srai    s2, a6, 9
core   0: 3 0x800080ec (0x40985913) x18 0x00000002
core   0: 0x800080f0 (0x010b0e33) add     t3, s6, a6
core   0: 3 0x800080f0 (0x010b0e33) x28 0x00000457
core   0: 0x800080f4 (0x00000013) nop
core   0: 3 0x800080f4 (0x00000013)
core   0: 0x800080f8 (0x7410e313) ori     t1, ra, 1857
core   0: 3 0x800080f8 (0x7410e313) x 6 0x007fffff
core   0: 0x800080fc (0x401b5a33) sra     s4, s6, ra
core   0: 3 0x800080fc (0x401b5a33) x20 0xffffffff
core   0: 0x80008100 (0x018c5233) srl     tp, s8, s8
core   0: 3 0x80008100 (0x018c5233) x 4 0x366fe800
core   0: 0x80008104 (0x010ba733) slt     a4, s7, a6
core   0: 3 0x80008104 (0x010ba733) x14 0x00000001
core   0: 0x80008108 (0xf945eb97) auipc   s7, 0xf945e
core   0: 3 0x80008108 (0xf945eb97) x23 0x79466108
core   0: 0x8000810c (0xaa7d7c93) andi    s9, s10, -1369
core   0: 3 0x8000810c (0xaa7d7c93) x25 0x00000000
core   0: 0x80008110 (0xc097e193) ori     gp, a5, -1015
core   0: 3 0x80008110 (0xc097e193) x 3 0xfffffcdf
core   0: 0x80008114 (0x00015693) srli    a3, sp, 0
core   0: 3 0x80008114 (0x00015693) x13 0x00000056
core   0: 0x80008118 (0xee79f013) andi    zero, s3, -281
core   0: 3 0x80008118 (0xee79f013)
core   0: 0x8000811c (0xe1166813) ori     a6, a2, -495
core   0: 3 0x8000811c (0xe1166813) x16 0xfffffef5
core   0: 0x80008120 (0x0182d9b3) srl     s3, t0, s8
core   0: 3 0x80008120 (0x0182d9b3) x19 0x00000000
core   0: 0x80008124 (0x980c2413) slti    s0, s8, -1664
core   0: 3 0x80008124 (0x980c2413) x 8 0x00000000
core   0: 0x80008128 (0x00b01c33) sll     s8, zero, a1
core   0: 3 0x80008128 (0x00b01c33) x24 0x00000000
core   0: 0x8000812c (0x11d16a17) auipc   s4, 0x11d16
core   0: 3 0x8000812c (0x11d16a17) x20 0x91d1e12c
core   0: 0x80008130 (0x0149c733) xor     a4, s3, s4
core   0: 3 0x80008130 (0x0149c733) x14 0x91d1e12c
core   0: 0x80008134 (0x01199c13) slli    s8, s3, 17
core   0: 3 0x80008134 (0x01199c13) x24 0x00000000
core   0: 0x80008138 (0x060a6713) ori     a4, s4, 96
core   0: 3 0x80008138 (0x060a6713) x14 0x91d1e16c
core   0: 0x8000813c (0x926be917) auipc   s2, 0x926be
core   0: 3 0x8000813c (0x926be917) x18 0x126c613c
core   0: 0x80008140 (0x410b0f33) sub     t5, s6, a6
core   0: 3 0x80008140 (0x410b0f33) x30 0x00000082
core   0: 0x80008144 (0x00f19733) sll     a4, gp, a5
core   0: 3 0x80008144 (0x00f19733) x14 0x80000000
core   0: 0x80008148 (0x4042dbb3) sra     s7, t0, tp
core   0: 3 0x80008148 (0x4042dbb3) x23 0x00000000
core   0: 0x8000814c (0x01dc52b3) srl     t0, s8, t4
core   0: 3 0x8000814c (0x01dc52b3) x 5 0x00000000
core   0: 0x80008150 (0x40c6db13) srai    s6, a3, 12
core   0: 3 0x80008150 (0x40c6db13) x22 0x00000000
core   0: 0x80008154 (0x00b32ab3) slt     s5, t1, a1
core   0: 3 0x80008154 (0x00b32ab3) x21 0x00000000
core   0: 0x80008158 (0x01bd95b3) sll     a1, s11, s11
core   0: 3 0x80008158 (0x01bd95b3) x11 0xbac80000
core   0: 0x8000815c (0x01d5ca33) xor     s4, a1, t4
core   0: 3 0x8000815c (0x01d5ca33) x20 0x682ad02c
core   0: 0x80008160 (0x219c0993) addi    s3, s8, 537
core   0: 3 0x80008160 (0x219c0993) x19 0x00000219
core   0: 0x80008164 (0x01325493) srli    s1, tp, 19
core   0: 3 0x80008164 (0x01325493) x 9 0x000006cd
core   0: 0x80008168 (0x9fd2c313) xori    t1, t0, -1539
core   0: 3 0x80008168 (0x9fd2c313) x 6 0xfffff9fd
core   0: 0x8000816c (0x7a64a993) slti    s3, s1, 1958
core   0: 3 0x8000816c (0x7a64a993) x19 0x00000001
core   0: 0x80008170 (0x64f18993) addi    s3, gp, 1615
core   0: 3 0x80008170 (0x64f18993) x19 0x0000032e
core   0: 0x80008174 (0x4071df93) srai    t6, gp, 7
core   0: 3 0x80008174 (0x4071df93) x31 0xfffffff9
core   0: 0x80008178 (0x00465cb3) srl     s9, a2, tp
core   0: 3 0x80008178 (0x00465cb3) x25 0x80015ce4
core   0: 0x8000817c (0xc4597e13) andi    t3, s2, -955
core   0: 3 0x8000817c (0xc4597e13) x28 0x126c6004
core   0: 0x80008180 (0x4041d693) srai    a3, gp, 4
core   0: 3 0x80008180 (0x4041d693) x13 0xffffffcd
core   0: 0x80008184 (0x000b1d13) slli    s10, s6, 0
core   0: 3 0x80008184 (0x000b1d13) x26 0x00000000
core   0: 0x80008188 (0x00226f33) or      t5, tp, sp
core   0: 3 0x80008188 (0x00226f33) x30 0x366fe856
core   0: 0x8000818c (0x90f9f5b7) lui     a1, 0x90f9f
core   0: 3 0x8000818c (0x90f9f5b7) x11 0x90f9f000
core   0: 0x80008190 (0xc3380193) addi    gp, a6, -973
core   0: 3 0x80008190 (0xc3380193) x 3 0xfffffb28
core   0: 0x80008194 (0x00071e33) sll     t3, a4, zero
core   0: 3 0x80008194 (0x00071e33) x28 0x80000000
core   0: 0x80008198 (0x00f09013) slli    zero, ra, 15
core   0: 3 0x80008198 (0x00f09013)
core   0: 0x8000819c (0x38f28c93) addi    s9, t0, 911
core   0: 3 0x8000819c (0x38f28c93) x25 0x0000038f
core   0: 0x800081a0 (0x8c122593) slti    a1, tp, -1855
core   0: 3 0x800081a0 (0x8c122593) x11 0x00000000
core   0: 0x800081a4 (0x019d2e33) slt     t3, s10, s9
core   0: 3 0x800081a4 (0x019d2e33) x28 0x00000001
core   0: 0x800081a8 (0x018f50b3) srl     ra, t5, s8
core   0: 3 0x800081a8 (0x018f50b3) x 1 0x366fe856
core   0: 0x800081ac (0x01246a33) or      s4, s0, s2
core   0: 3 0x800081ac (0x01246a33) x20 0x126c613c
core   0: 0x800081b0 (0x016ee8b3) or      a7, t4, s6
core   0: 3 0x800081b0 (0x016ee8b3) x17 0xd2e2d02c
core   0: 0x800081b4 (0x007c4e33) xor     t3, s8, t2
core   0: 3 0x800081b4 (0x007c4e33) x28 0x80011e64
core   0: 0x800081b8 (0x010a5693) srli    a3, s4, 16
core   0: 3 0x800081b8 (0x010a5693) x13 0x0000126c
core   0: 0x800081bc (0xe6518b13) addi    s6, gp, -411
core   0: 3 0x800081bc (0xe6518b13) x22 0xfffff98d
core   0: 0x800081c0 (0x000c6b33) or      s6, s8, zero
core   0: 3 0x800081c0 (0x000c6b33) x22 0x00000000
core   0: 0x800081c4 (0x86dc8313) addi    t1, s9, -1939
core   0: 3 0x800081c4 (0x86dc8313) x 6 0xfffffbfc
core   0: 0x800081c8 (0x01883433) sltu    s0, a6, s8
core   0: 3 0x800081c8 (0x01883433) x 8 0x00000000
core   0: 0x800081cc (0x416f82b3) sub     t0, t6, s6
core   0: 3 0x800081cc (0x416f82b3) x 5 0xfffffff9
core   0: 0x800081d0 (0x01628bb3) add     s7, t0, s6
core   0: 3 0x800081d0 (0x01628bb3) x23 0xfffffff9
core   0: 0x800081d4 (0x404f0433) sub     s0, t5, tp
core   0: 3 0x800081d4 (0x404f0433) x 8 0x00000056
core   0: 0x800081d8 (0x01ca85b3) add     a1, s5, t3
core   0: 3 0x800081d8 (0x01ca85b3) x11 0x80011e64
core   0: 0x800081dc (0x01c8ebb3) or      s7, a7, t3
core   0: 3 0x800081dc (0x01c8ebb3) x23 0xd2e3de6c
core   0: 0x800081e0 (0x00ee6cb3) or      s9, t3, a4
core   0: 3 0x800081e0 (0x00ee6cb3) x25 0x80011e64
core   0: 0x800081e4 (0xd089f413) andi    s0, s3, -760
core   0: 3 0x800081e4 (0xd089f413) x 8 0x00000108
core   0: 0x800081e8 (0xf4d9b017) auipc   zero, 0xf4d9b
core   0: 3 0x800081e8 (0xf4d9b017)
core   0: 0x800081ec (0x01e41113) slli    sp, s0, 30
core   0: 3 0x800081ec (0x01e41113) x 2 0x00000000
core   0: 0x800081f0 (0xecb5c693) xori    a3, a1, -309
core   0: 3 0x800081f0 (0xecb5c693) x13 0x7ffee0af
core   0: 0x800081f4 (0x00fac0b3) xor     ra, s5, a5
core   0: 3 0x800081f4 (0x00fac0b3) x 1 0xe7aed0df
core   0: 0x800081f8 (0x01c5f733) and     a4, a1, t3
core   0: 3 0x800081f8 (0x01c5f733) x14 0x80011e64
core   0: 0x800081fc (0x4038d1b3) sra     gp, a7, gp
core   0: 3 0x800081fc (0x4038d1b3) x 3 0xffd2e2d0
core   0: 0x80008200 (0xa454af93) slti    t6, s1, -1467
core   0: 3 0x80008200 (0xa454af93) x31 0x00000000
core   0: 0x80008204 (0x0146b6b3) sltu    a3, a3, s4
core   0: 3 0x80008204 (0x0146b6b3) x13 0x00000000
core   0: 0x80008208 (0x01fdb5b3) sltu    a1, s11, t6
core   0: 3 0x80008208 (0x01fdb5b3) x11 0x00000000
core   0: 0x8000820c (0x00350eb3) add     t4, a0, gp
core   0: 3 0x8000820c (0x00350eb3) x29 0xffd2e2d1
core   0: 0x80008210 (0x418b5bb3) sra     s7, s6, s8
core   0: 3 0x80008210 (0x418b5bb3) x23 0x00000000
core   0: 0x80008214 (0x406e8b33) sub     s6, t4, t1
core   0: 3 0x80008214 (0x406e8b33) x22 0xffd2e6d5
core   0: 0x80008218 (0x0768e193) ori     gp, a7, 118
core   0: 3 0x80008218 (0x0768e193) x 3 0xd2e2d07e
core   0: 0x8000821c (0x40268d33) sub     s10, a3, sp
core   0: 3 0x8000821c (0x40268d33) x26 0x00000000
core   0: 0x80008220 (0x004c5f13) srli    t5, s8, 4
core   0: 3 0x80008220 (0x004c5f13) x30 0x00000000
core   0: 0x80008224 (0x40045093) srai    ra, s0, 0
core   0: 3 0x80008224 (0x40045093) x 1 0x00000108
core   0: 0x80008228 (0x00799313) slli    t1, s3, 7
core   0: 3 0x80008228 (0x00799313) x 6 0x00019700
core   0: 0x8000822c (0x00fe1c33) sll     s8, t3, a5
core   0: 3 0x8000822c (0x00fe1c33) x24 0x00000000
core   0: 0x80008230 (0x01803733) snez    a4, s8
core   0: 3 0x80008230 (0x01803733) x14 0x00000000
core   0: 0x80008234 (0x279db813) sltiu   a6, s11, 633
core   0: 3 0x80008234 (0x279db813) x16 0x00000000
core   0: 0x80008238 (0x41cdd833) sra     a6, s11, t3
core   0: 3 0x80008238 (0x41cdd833) x16 0x0366feeb
core   0: 0x8000823c (0x9d0a4713) xori    a4, s4, -1584
core   0: 3 0x8000823c (0x9d0a4713) x14 0xed9398ec
core   0: 0x80008240 (0xf7ac7a13) andi    s4, s8, -134
core   0: 3 0x80008240 (0xf7ac7a13) x20 0x00000000
core   0: 0x80008244 (0x002a7e33) and     t3, s4, sp
core   0: 3 0x80008244 (0x002a7e33) x28 0x00000000
core   0: 0x80008248 (0xed28c913) xori    s2, a7, -302
core   0: 3 0x80008248 (0xed28c913) x18 0x2d1d2efe
core   0: 0x8000824c (0x00462833) slt     a6, a2, tp
core   0: 3 0x8000824c (0x00462833) x16 0x00000001
core   0: 0x80008250 (0x01b8fab3) and     s5, a7, s11
core   0: 3 0x80008250 (0x01b8fab3) x21 0x1262c020
core   0: 0x80008254 (0x01b8de13) srli    t3, a7, 27
core   0: 3 0x80008254 (0x01b8de13) x28 0x0000001a
core   0: 0x80008258 (0x00000013) nop
core   0: 3 0x80008258 (0x00000013)
core   0: 0x8000825c (0x00000013) nop
core   0: 3 0x8000825c (0x00000013)
core   0: 0x80008260 (0x00e4f833) and     a6, s1, a4
core   0: 3 0x80008260 (0x00e4f833) x16 0x000000cc
core   0: 0x80008264 (0x008dd193) srli    gp, s11, 8
core   0: 3 0x80008264 (0x008dd193) x 3 0x00366fee
core   0: 0x80008268 (0x011ea333) slt     t1, t4, a7
core   0: 3 0x80008268 (0x011ea333) x 6 0x00000000
core   0: 0x8000826c (0x01b91993) slli    s3, s2, 27
core   0: 3 0x8000826c (0x01b91993) x19 0xf0000000
core   0: 0x80008270 (0x9252ab93) slti    s7, t0, -1755
core   0: 3 0x80008270 (0x9252ab93) x23 0x00000000
core   0: 0x80008274 (0x00e80433) add     s0, a6, a4
core   0: 3 0x80008274 (0x00e80433) x 8 0xed9399b8
core   0: 0x80008278 (0x401dd433) sra     s0, s11, ra
core   0: 3 0x80008278 (0x401dd433) x 8 0x00366fee
core   0: 0x8000827c (0x01626133) or      sp, tp, s6
core   0: 3 0x8000827c (0x01626133) x 2 0xffffeed5
core   0: 0x80008280 (0x00000013) nop
core   0: 3 0x80008280 (0x00000013)
core   0: 0x80008284 (0x01ca86b3) add     a3, s5, t3
core   0: 3 0x80008284 (0x01ca86b3) x13 0x1262c03a
core   0: 0x80008288 (0x01b8cdb3) xor     s11, a7, s11
core   0: 3 0x80008288 (0x01b8cdb3) x27 0xe48d3e9e
core   0: 0x8000828c (0xdbe54713) xori    a4, a0, -578
core   0: 3 0x8000828c (0xdbe54713) x14 0xfffffdbf
core   0: 0x80008290 (0x01d3dd33) srl     s10, t2, t4
core   0: 3 0x80008290 (0x01d3dd33) x26 0x00004000
core   0: 0x80008294 (0x00000013) nop
core   0: 3 0x80008294 (0x00000013)
core   0: 0x80008298 (0x40e35233) sra     tp, t1, a4
core   0: 3 0x80008298 (0x40e35233) x 4 0x00000000
core   0: 0x8000829c (0x416d5d93) srai    s11, s10, 22
core   0: 3 0x8000829c (0x416d5d93) x27 0x00000000
core   0: 0x800082a0 (0x1f7dab93) slti    s7, s11, 503
core   0: 3 0x800082a0 (0x1f7dab93) x23 0x00000001
core   0: 0x800082a4 (0xb6300513) li      a0, -1181
core   0: 3 0x800082a4 (0xb6300513) x10 0xfffffb63
core   0: 0x800082a8 (0x40fb00b3) sub     ra, s6, a5
core   0: 3 0x800082a8 (0x40fb00b3) x 1 0x182415f6
core   0: 0x800082ac (0x00a17033) and     zero, sp, a0
core   0: 3 0x800082ac (0x00a17033)
core   0: 0x800082b0 (0x60e46693) ori     a3, s0, 1550
core   0: 3 0x800082b0 (0x60e46693) x13 0x00366fee
core   0: 0x800082b4 (0x41e2d593) srai    a1, t0, 30
core   0: 3 0x800082b4 (0x41e2d593) x11 0xffffffff
core   0: 0x800082b8 (0x01709833) sll     a6, ra, s7
core   0: 3 0x800082b8 (0x01709833) x16 0x30482bec
core   0: 0x800082bc (0x25a58197) auipc   gp, 0x25a58
core   0: 3 0x800082bc (0x25a58197) x 3 0xa5a602bc
core   0: 0x800082c0 (0x004ce8b3) or      a7, s9, tp
core   0: 3 0x800082c0 (0x004ce8b3) x17 0x80011e64
core   0: 0x800082c4 (0x41fdd6b3) sra     a3, s11, t6
core   0: 3 0x800082c4 (0x41fdd6b3) x13 0x00000000
core   0: 0x800082c8 (0x00cd5a93) srli    s5, s10, 12
core   0: 3 0x800082c8 (0x00cd5a93) x21 0x00000004
core   0: 0x800082cc (0x40cc8833) sub     a6, s9, a2
core   0: 3 0x800082cc (0x40cc8833) x16 0xffffc180
core   0: 0x800082d0 (0x01516533) or      a0, sp, s5
core   0: 3 0x800082d0 (0x01516533) x10 0xffffeed5
core   0: 0x800082d4 (0x01359893) slli    a7, a1, 19
core   0: 3 0x800082d4 (0x01359893) x17 0xfff80000
core   0: 0x800082d8 (0x00206bb3) or      s7, zero, sp
core   0: 3 0x800082d8 (0x00206bb3) x23 0xffffeed5
core   0: 0x800082dc (0x0151d933) srl     s2, gp, s5
core   0: 3 0x800082dc (0x0151d933) x18 0x0a5a602b
core   0: 0x800082e0 (0x018919b3) sll     s3, s2, s8
core   0: 3 0x800082e0 (0x018919b3) x19 0x0a5a602b
core   0: 0x800082e4 (0x1867e093) ori     ra, a5, 390
core   0: 3 0x800082e4 (0x1867e093) x 1 0xe7aed1df
core   0: 0x800082e8 (0x00b169b3) or      s3, sp, a1
core   0: 3 0x800082e8 (0x00b169b3) x19 0xffffffff
core   0: 0x800082ec (0x98baf093) andi    ra, s5, -1653
core   0: 3 0x800082ec (0x98baf093) x 1 0x00000000
core   0: 0x800082f0 (0xe654e597) auipc   a1, 0xe654e
core   0: 3 0x800082f0 (0xe654e597) x11 0x665562f0
core   0: 0x800082f4 (0x13aba313) slti    t1, s7, 314
core   0: 3 0x800082f4 (0x13aba313) x 6 0x00000001
core   0: 0x800082f8 (0x48a94137) lui     sp, 0x48a94
core   0: 3 0x800082f8 (0x48a94137) x 2 0x48a94000
core   0: 0x800082fc (0x26127813) andi    a6, tp, 609
core   0: 3 0x800082fc (0x26127813) x16 0x00000000
core   0: 0x80008300 (0x00377b33) and     s6, a4, gp
core   0: 3 0x80008300 (0x00377b33) x22 0xa5a600bc
core   0: 0x80008304 (0x00852233) slt     tp, a0, s0
core   0: 3 0x80008304 (0x00852233) x 4 0x00000001
core   0: 0x80008308 (0x0012e5b3) or      a1, t0, ra
core   0: 3 0x80008308 (0x0012e5b3) x11 0xfffffff9
core   0: 0x8000830c (0x40fc5fb3) sra     t6, s8, a5
core   0: 3 0x8000830c (0x40fc5fb3) x31 0x00000000
core   0: 0x80008310 (0x898f3893) sltiu   a7, t5, -1896
core   0: 3 0x80008310 (0x898f3893) x17 0x00000001
core   0: 0x80008314 (0x6eacad13) slti    s10, s9, 1770
core   0: 3 0x80008314 (0x6eacad13) x26 0x00000001
core   0: 0x80008318 (0x001d15b3) sll     a1, s10, ra
core   0: 3 0x80008318 (0x001d15b3) x11 0x00000001
core   0: 0x8000831c (0x00f1c2b3) xor     t0, gp, a5
core   0: 3 0x8000831c (0x00f1c2b3) x 5 0x4208d263
core   0: 0x80008320 (0xd7382d13) slti    s10, a6, -653
core   0: 3 0x80008320 (0xd7382d13) x26 0x00000000
core   0: 0x80008324 (0x0169d693) srli    a3, s3, 22
core   0: 3 0x80008324 (0x0169d693) x13 0x000003ff
core   0: 0x80008328 (0xc5e6bb93) sltiu   s7, a3, -930
core   0: 3 0x80008328 (0xc5e6bb93) x23 0x00000001
core   0: 0x8000832c (0xf7bcc413) xori    s0, s9, -133
core   0: 3 0x8000832c (0xf7bcc413) x 8 0x7ffee11f
core   0: 0x80008330 (0x004e9a93) slli    s5, t4, 4
core   0: 3 0x80008330 (0x004e9a93) x21 0xfd2e2d10
core   0: 0x80008334 (0xfc6dfb93) andi    s7, s11, -58
core   0: 3 0x80008334 (0xfc6dfb93) x23 0x00000000
core   0: 0x80008338 (0x37a67693) andi    a3, a2, 890
core   0: 3 0x80008338 (0x37a67693) x13 0x00000060
core   0: 0x8000833c (0x013c6eb3) or      t4, s8, s3
core   0: 3 0x8000833c (0x013c6eb3) x29 0xffffffff
core   0: 0x80008340 (0x008c9933) sll     s2, s9, s0
core   0: 3 0x80008340 (0x008c9933) x18 0x00000000
core   0: 0x80008344 (0x6e77c713) xori    a4, a5, 1767
core   0: 3 0x80008344 (0x6e77c713) x14 0xe7aed638
core   0: 0x80008348 (0x9ed5c593) xori    a1, a1, -1555
core   0: 3 0x80008348 (0x9ed5c593) x11 0xfffff9ec
core   0: 0x8000834c (0x00b6efb3) or      t6, a3, a1
core   0: 3 0x8000834c (0x00b6efb3) x31 0xfffff9ec
core   0: 0x80008350 (0x00000013) nop
core   0: 3 0x80008350 (0x00000013)
core   0: 0x80008354 (0x00176733) or      a4, a4, ra
core   0: 3 0x80008354 (0x00176733) x14 0xe7aed638
core   0: 0x80008358 (0x0116cab3) xor     s5, a3, a7
core   0: 3 0x80008358 (0x0116cab3) x21 0x00000061
core   0: 0x8000835c (0x018e5a13) srli    s4, t3, 24
core   0: 3 0x8000835c (0x018e5a13) x20 0x00000000
core   0: 0x80008360 (0x00b0d5b3) srl     a1, ra, a1
core   0: 3 0x80008360 (0x00b0d5b3) x11 0x00000000
core   0: 0x80008364 (0x00dd1bb3) sll     s7, s10, a3
core   0: 3 0x80008364 (0x00dd1bb3) x23 0x00000000
core   0: 0x80008368 (0x1604fe93) andi    t4, s1, 352
core   0: 3 0x80008368 (0x1604fe93) x29 0x00000040
core   0: 0x8000836c (0x414cddb3) sra     s11, s9, s4
core   0: 3 0x8000836c (0x414cddb3) x27 0x80011e64
core   0: 0x80008370 (0x0ebb9a97) auipc   s5, 0xebb9
core   0: 3 0x80008370 (0x0ebb9a97) x21 0x8ebc1370
core   0: 0x80008374 (0x412e59b3) sra     s3, t3, s2
core   0: 3 0x80008374 (0x412e59b3) x19 0x0000001a
core   0: 0x80008378 (0xd63ff697) auipc   a3, 0xd63ff
core   0: 3 0x80008378 (0xd63ff697) x13 0x56407378
core   0: 0x8000837c (0x40c75013) srai    zero, a4, 12
core   0: 3 0x8000837c (0x40c75013)
core   0: 0x80008380 (0x00c1c133) xor     sp, gp, a2
core   0: 3 0x80008380 (0x00c1c133) x 2 0x25a75e58
core   0: 0x80008384 (0x015536b3) sltu    a3, a0, s5
core   0: 3 0x80008384 (0x015536b3) x13 0x00000000
core   0: 0x80008388 (0x006f2a33) slt     s4, t5, t1
core   0: 3 0x80008388 (0x006f2a33) x20 0x00000001
core   0: 0x8000838c (0x0047a733) slt     a4, a5, tp
core   0: 3 0x8000838c (0x0047a733) x14 0x00000001
core   0: 0x80008390 (0x01556733) or      a4, a0, s5
core   0: 3 0x80008390 (0x01556733) x14 0xfffffff5
core   0: 0x80008394 (0x0156dbb3) srl     s7, a3, s5
core   0: 3 0x80008394 (0x0156dbb3) x23 0x00000000
core   0: 0x80008398 (0xdd6e2293) slti    t0, t3, -554
core   0: 3 0x80008398 (0xdd6e2293) x 5 0x00000000
core   0: 0x8000839c (0x01099293) slli    t0, s3, 16
core   0: 3 0x8000839c (0x01099293) x 5 0x001a0000
core   0: 0x800083a0 (0x01b9f5b3) and     a1, s3, s11
core   0: 3 0x800083a0 (0x01b9f5b3) x11 0x00000000
core   0: 0x800083a4 (0x0068fab3) and     s5, a7, t1
core   0: 3 0x800083a4 (0x0068fab3) x21 0x00000001
core   0: 0x800083a8 (0x01461933) sll     s2, a2, s4
core   0: 3 0x800083a8 (0x01461933) x18 0x0002b9c8
core   0: 0x800083ac (0x00d7f133) and     sp, a5, a3
core   0: 3 0x800083ac (0x00d7f133) x 2 0x00000000
core   0: 0x800083b0 (0xeb522813) slti    a6, tp, -331
core   0: 3 0x800083b0 (0xeb522813) x16 0x00000000
core   0: 0x800083b4 (0x00465233) srl     tp, a2, tp
core   0: 3 0x800083b4 (0x00465233) x 4 0x4000ae72
core   0: 0x800083b8 (0xda898317) auipc   t1, 0xda898
core   0: 3 0x800083b8 (0xda898317) x 6 0x5a8a03b8
core   0: 0x800083bc (0x91f36b13) ori     s6, t1, -1761
core   0: 3 0x800083bc (0x91f36b13) x22 0xfffffbbf
core   0: 0x800083c0 (0xa6df8c93) addi    s9, t6, -1427
core   0: 3 0x800083c0 (0xa6df8c93) x25 0xfffff459
core   0: 0x800083c4 (0x00a858b3) srl     a7, a6, a0
core   0: 3 0x800083c4 (0x00a858b3) x17 0x00000000
core   0: 0x800083c8 (0x41345b93) srai    s7, s0, 19
core   0: 3 0x800083c8 (0x41345b93) x23 0x00000fff
core   0: 0x800083cc (0x86d6ee13) ori     t3, a3, -1939
core   0: 3 0x800083cc (0x86d6ee13) x28 0xfffff86d
core   0: 0x800083d0 (0x401ddf13) srai    t5, s11, 1
core   0: 3 0x800083d0 (0x401ddf13) x30 0xc0008f32
core   0: 0x800083d4 (0x01f16133) or      sp, sp, t6
core   0: 3 0x800083d4 (0x01f16133) x 2 0xfffff9ec
core   0: 0x800083d8 (0x4176de33) sra     t3, a3, s7
core   0: 3 0x800083d8 (0x4176de33) x28 0x00000000
core   0: 0x800083dc (0x00904b33) xor     s6, zero, s1
core   0: 3 0x800083dc (0x00904b33) x22 0x000006cd
core   0: 0x800083e0 (0x005e0e33) add     t3, t3, t0
core   0: 3 0x800083e0 (0x005e0e33) x28 0x001a0000
core   0: 0x800083e4 (0x0132cfb3) xor     t6, t0, s3
core   0: 3 0x800083e4 (0x0132cfb3) x31 0x001a001a
core   0: 0x800083e8 (0x40705013) srai    zero, zero, 7
core   0: 3 0x800083e8 (0x40705013)
core   0: 0x800083ec (0x1312e093) ori     ra, t0, 305
core   0: 3 0x800083ec (0x1312e093) x 1 0x001a0131
core   0: 0x800083f0 (0x017d9133) sll     sp, s11, s7
core   0: 3 0x800083f0 (0x017d9133) x 2 0x00000000
core   0: 0x800083f4 (0x01c781b3) add     gp, a5, t3
core   0: 3 0x800083f4 (0x01c781b3) x 3 0xe7c8d0df
core   0: 0x800083f8 (0x01d0c8b3) xor     a7, ra, t4
core   0: 3 0x800083f8 (0x01d0c8b3) x17 0x001a0171
core   0: 0x800083fc (0x41155c93) srai    s9, a0, 17
core   0: 3 0x800083fc (0x41155c93) x25 0xffffffff
core   0: 0x80008400 (0x0387fc13) andi    s8, a5, 56
core   0: 3 0x80008400 (0x0387fc13) x24 0x00000018
core   0: 0x80008404 (0x01474d33) xor     s10, a4, s4
core   0: 3 0x80008404 (0x01474d33) x26 0xfffffff4
core   0: 0x80008408 (0x409bd193) srai    gp, s7, 9
core   0: 3 0x80008408 (0x409bd193) x 3 0x00000007
core   0: 0x8000840c (0x002a5733) srl     a4, s4, sp
core   0: 3 0x8000840c (0x002a5733) x14 0x00000001
core   0: 0x80008410 (0x00804233) xor     tp, zero, s0
core   0: 3 0x80008410 (0x00804233) x 4 0x7ffee11f
core   0: 0x80008414 (0xf8448a93) addi    s5, s1, -124
core   0: 3 0x80008414 (0xf8448a93) x21 0x00000651
core   0: 0x80008418 (0x0055de13) srli    t3, a1, 5
core   0: 3 0x80008418 (0x0055de13) x28 0x00000000
core   0: 0x8000841c (0x00691d13) slli    s10, s2, 6
core   0: 3 0x8000841c (0x00691d13) x26 0x00ae7200
core   0: 0x80008420 (0x6d876917) auipc   s2, 0x6d876
core   0: 3 0x80008420 (0x6d876917) x18 0xed87e420
core   0: 0x80008424 (0x8b356313) ori     t1, a0, -1869
core   0: 3 0x80008424 (0x8b356313) x 6 0xfffffef7
core   0: 0x80008428 (0x00016033) or      zero, sp, zero
core   0: 3 0x80008428 (0x00016033)
core   0: 0x8000842c (0x41265ab3) sra     s5, a2, s2
core   0: 3 0x8000842c (0x41265ab3) x21 0x80015ce4
core   0: 0x80008430 (0x01d37733) and     a4, t1, t4
core   0: 3 0x80008430 (0x01d37733) x14 0x00000040
core   0: 0x80008434 (0x75cea737) lui     a4, 0x75cea
core   0: 3 0x80008434 (0x75cea737) x14 0x75cea000
core   0: 0x80008438 (0x31f26993) ori     s3, tp, 799
core   0: 3 0x80008438 (0x31f26993) x19 0x7ffee31f
core   0: 0x8000843c (0x00000013) nop
core   0: 3 0x8000843c (0x00000013)
core   0: 0x80008440 (0xe74730b7) lui     ra, 0xe7473
core   0: 3 0x80008440 (0xe74730b7) x 1 0xe7473000
core   0: 0x80008444 (0x1a167013) andi    zero, a2, 417
core   0: 3 0x80008444 (0x1a167013)
core   0: 0x80008448 (0x0120a233) slt     tp, ra, s2
core   0: 3 0x80008448 (0x0120a233) x 4 0x00000001
core   0: 0x8000844c (0x01e24433) xor     s0, tp, t5
core   0: 3 0x8000844c (0x01e24433) x 8 0xc0008f33
core   0: 0x80008450 (0x019e5593) srli    a1, t3, 25
core   0: 3 0x80008450 (0x019e5593) x11 0x00000000
core   0: 0x80008454 (0xf691ff93) andi    t6, gp, -151
core   0: 3 0x80008454 (0xf691ff93) x31 0x00000001
core   0: 0x80008458 (0x9754f513) andi    a0, s1, -1675
core   0: 3 0x80008458 (0x9754f513) x10 0x00000045
core   0: 0x8000845c (0x00b820b3) slt     ra, a6, a1
core   0: 3 0x8000845c (0x00b820b3) x 1 0x00000000
core   0: 0x80008460 (0x010c9fb3) sll     t6, s9, a6
core   0: 3 0x80008460 (0x010c9fb3) x31 0xffffffff
core   0: 0x80008464 (0x010d6b33) or      s6, s10, a6
core   0: 3 0x80008464 (0x010d6b33) x22 0x00ae7200
core   0: 0x80008468 (0x40cf5893) srai    a7, t5, 12
core   0: 3 0x80008468 (0x40cf5893) x17 0xfffc0008
core   0: 0x8000846c (0x00e89a13) slli    s4, a7, 14
core   0: 3 0x8000846c (0x00e89a13) x20 0x00020000
core   0: 0x80008470 (0x00810233) add     tp, sp, s0
core   0: 3 0x80008470 (0x00810233) x 4 0xc0008f33
core   0: 0x80008474 (0x0054adb3) slt     s11, s1, t0
core   0: 3 0x80008474 (0x0054adb3) x27 0x00000001
core   0: 0x80008478 (0x419d8cb3) sub     s9, s11, s9
core   0: 3 0x80008478 (0x419d8cb3) x25 0x00000002
core   0: 0x8000847c (0xd4c8bb97) auipc   s7, 0xd4c8b
core   0: 3 0x8000847c (0xd4c8bb97) x23 0x54c9347c
core   0: 0x80008480 (0x923c4d13) xori    s10, s8, -1757
core   0: 3 0x80008480 (0x923c4d13) x26 0xfffff93b
core   0: 0x80008484 (0x7ca5cb97) auipc   s7, 0x7ca5c
core   0: 3 0x80008484 (0x7ca5cb97) x23 0xfca64484
core   0: 0x80008488 (0xa03e5437) lui     s0, 0xa03e5
core   0: 3 0x80008488 (0xa03e5437) x 8 0xa03e5000
core   0: 0x8000848c (0x40580533) sub     a0, a6, t0
core   0: 3 0x8000848c (0x40580533) x10 0xffe60000
core   0: 0x80008490 (0x40e90fb3) sub     t6, s2, a4
core   0: 3 0x80008490 (0x40e90fb3) x31 0x77b94420
core   0: 0x80008494 (0xb7844f97) auipc   t6, 0xb7844
core   0: 3 0x80008494 (0xb7844f97) x31 0x3784c494
core   0: 0x80008498 (0x001626b3) slt     a3, a2, ra
core   0: 3 0x80008498 (0x001626b3) x13 0x00000001
core   0: 0x8000849c (0xc6d9af93) slti    t6, s3, -915
core   0: 3 0x8000849c (0xc6d9af93) x31 0x00000000
core   0: 0x800084a0 (0x01541f93) slli    t6, s0, 21
core   0: 3 0x800084a0 (0x01541f93) x31 0x00000000
core   0: 0x800084a4 (0x00bebe33) sltu    t3, t4, a1
core   0: 3 0x800084a4 (0x00bebe33) x28 0x00000000
core   0: 0x800084a8 (0x000f4033) xor     zero, t5, zero
core   0: 3 0x800084a8 (0x000f4033)
core   0: 0x800084ac (0x01ded533) srl     a0, t4, t4
core   0: 3 0x800084ac (0x01ded533) x10 0x00000040
core   0: 0x800084b0 (0x0096fdb3) and     s11, a3, s1
core   0: 3 0x800084b0 (0x0096fdb3) x27 0x00000001
core   0: 0x800084b4 (0x61492993) slti    s3, s2, 1556
core   0: 3 0x800084b4 (0x61492993) x19 0x00000001
core   0: 0x800084b8 (0x013ae1b3) or      gp, s5, s3
core   0: 3 0x800084b8 (0x013ae1b3) x 3 0x80015ce5
core   0: 0x800084bc (0x019d6a33) or      s4, s10, s9
core   0: 3 0x800084bc (0x019d6a33) x20 0xfffff93b
core   0: 0x800084c0 (0xa762f037) lui     zero, 0xa762f
core   0: 3 0x800084c0 (0xa762f037)
core   0: 0x800084c4 (0x4160dbb3) sra     s7, ra, s6
core   0: 3 0x800084c4 (0x4160dbb3) x23 0x00000000
core   0: 0x800084c8 (0x000bd733) srl     a4, s7, zero
core   0: 3 0x800084c8 (0x000bd733) x14 0x00000000
core   0: 0x800084cc (0x0372a013) slti    zero, t0, 55
core   0: 3 0x800084cc (0x0372a013)
core   0: 0x800084d0 (0x013de933) or      s2, s11, s3
core   0: 3 0x800084d0 (0x013de933) x18 0x00000001
core   0: 0x800084d4 (0x401adb33) sra     s6, s5, ra
core   0: 3 0x800084d4 (0x401adb33) x22 0x80015ce4
core   0: 0x800084d8 (0x1c28b5b7) lui     a1, 0x1c28b
core   0: 3 0x800084d8 (0x1c28b5b7) x11 0x1c28b000
core   0: 0x800084dc (0x004be4b3) or      s1, s7, tp
core   0: 3 0x800084dc (0x004be4b3) x 9 0xc0008f33
core   0: 0x800084e0 (0xf874eb93) ori     s7, s1, -121
core   0: 3 0x800084e0 (0xf874eb93) x23 0xffffffb7
core   0: 0x800084e4 (0x01819d33) sll     s10, gp, s8
core   0: 3 0x800084e4 (0x01819d33) x26 0xe5000000
core   0: 0x800084e8 (0x00ee1333) sll     t1, t3, a4
core   0: 3 0x800084e8 (0x00ee1333) x 6 0x00000000
core   0: 0x800084ec (0xa1a60b37) lui     s6, 0xa1a60
core   0: 3 0x800084ec (0xa1a60b37) x22 0xa1a60000
core   0: 0x800084f0 (0xc257b213) sltiu   tp, a5, -987
core   0: 3 0x800084f0 (0xc257b213) x 4 0x00000001
core   0: 0x800084f4 (0x2054a093) slti    ra, s1, 517
core   0: 3 0x800084f4 (0x2054a093) x 1 0x00000001
core   0: 0x800084f8 (0x00338133) add     sp, t2, gp
core   0: 3 0x800084f8 (0x00338133) x 2 0x00027b49
core   0: 0x800084fc (0x0011d5b3) srl     a1, gp, ra
core   0: 3 0x800084fc (0x0011d5b3) x11 0x4000ae72
core   0: 0x80008500 (0x006be133) or      sp, s7, t1
core   0: 3 0x80008500 (0x006be133) x 2 0xffffffb7
core   0: 0x80008504 (0x016960b3) or      ra, s2, s6
core   0: 3 0x80008504 (0x016960b3) x 1 0xa1a60001
core   0: 0x80008508 (0x015e0933) add     s2, t3, s5
core   0: 3 0x80008508 (0x015e0933) x18 0x80015ce4
core   0: 0x8000850c (0x00e4d5b3) srl     a1, s1, a4
core   0: 3 0x8000850c (0x00e4d5b3) x11 0xc0008f33
core   0: 0x80008510 (0x001e0233) add     tp, t3, ra
core   0: 3 0x80008510 (0x001e0233) x 4 0xa1a60001
core   0: 0x80008514 (0x0083d713) srli    a4, t2, 8
core   0: 3 0x80008514 (0x0083d713) x14 0x0080011e
core   0: 0x80008518 (0x0029f133) and     sp, s3, sp
core   0: 3 0x80008518 (0x0029f133) x 2 0x00000001
core   0: 0x8000851c (0xe32db413) sltiu   s0, s11, -462
core   0: 3 0x8000851c (0xe32db413) x 8 0x00000001
core   0: 0x80008520 (0x40cbd5b3) sra     a1, s7, a2
core   0: 3 0x80008520 (0x40cbd5b3) x11 0xfffffffb
core   0: 0x80008524 (0x3abac713) xori    a4, s5, 939
core   0: 3 0x80008524 (0x3abac713) x14 0x80015f4f
core   0: 0x80008528 (0x7fd9cd93) xori    s11, s3, 2045
core   0: 3 0x80008528 (0x7fd9cd93) x27 0x000007fc
core   0: 0x8000852c (0x009205b3) add     a1, tp, s1
core   0: 3 0x8000852c (0x009205b3) x11 0x61a68f34
core   0: 0x80008530 (0x00b621b3) slt     gp, a2, a1
core   0: 3 0x80008530 (0x00b621b3) x 3 0x00000001
core   0: 0x80008534 (0x00000013) nop
core   0: 3 0x80008534 (0x00000013)
core   0: 0x80008538 (0x019bc6b3) xor     a3, s7, s9
core   0: 3 0x80008538 (0x019bc6b3) x13 0xffffffb5
core   0: 0x8000853c (0x176e0b13) addi    s6, t3, 374
core   0: 3 0x8000853c (0x176e0b13) x22 0x00000176
core   0: 0x80008540 (0x010d9b13) slli    s6, s11, 16
core   0: 3 0x80008540 (0x010d9b13) x22 0x07fc0000
core   0: 0x80008544 (0x4060da13) srai    s4, ra, 6
core   0: 3 0x80008544 (0x4060da13) x20 0xfe869800
core   0: 0x80008548 (0x00831133) sll     sp, t1, s0
core   0: 3 0x80008548 (0x00831133) x 2 0x00000000
core   0: 0x8000854c (0xa0e76e13) ori     t3, a4, -1522
core   0: 3 0x8000854c (0xa0e76e13) x28 0xffffff4f
core   0: 0x80008550 (0x01291c13) slli    s8, s2, 18
core   0: 3 0x80008550 (0x01291c13) x24 0x73900000
core   0: 0x80008554 (0x92590917) auipc   s2, 0x92590
core   0: 3 0x80008554 (0x92590917) x18 0x12598554
core   0: 0x80008558 (0x01353fb3) sltu    t6, a0, s3
core   0: 3 0x80008558 (0x01353fb3) x31 0x00000000
core   0: 0x8000855c (0x00000013) nop
core   0: 3 0x8000855c (0x00000013)
core   0: 0x80008560 (0x00bc3f33) sltu    t5, s8, a1
core   0: 3 0x80008560 (0x00bc3f33) x30 0x00000000
core   0: 0x80008564 (0x4104d893) srai    a7, s1, 16
core   0: 3 0x80008564 (0x4104d893) x17 0xffffc000
core   0: 0x80008568 (0x345cb017) auipc   zero, 0x345cb
core   0: 3 0x80008568 (0x345cb017)
core   0: 0x8000856c (0x5498f693) andi    a3, a7, 1353
core   0: 3 0x8000856c (0x5498f693) x13 0x00000000
core   0: 0x80008570 (0x413e0e33) sub     t3, t3, s3
core   0: 3 0x80008570 (0x413e0e33) x28 0xffffff4e
core   0: 0x80008574 (0x00916e33) or      t3, sp, s1
core   0: 3 0x80008574 (0x00916e33) x28 0xc0008f33
core   0: 0x80008578 (0x3946e737) lui     a4, 0x3946e
core   0: 3 0x80008578 (0x3946e737) x14 0x3946e000
core   0: 0x8000857c (0x5162a113) slti    sp, t0, 1302
core   0: 3 0x8000857c (0x5162a113) x 2 0x00000000
core   0: 0x80008580 (0x13672f13) slti    t5, a4, 310
core   0: 3 0x80008580 (0x13672f13) x30 0x00000000
core   0: 0x80008584 (0xb1083813) sltiu   a6, a6, -1264
core   0: 3 0x80008584 (0xb1083813) x16 0x00000001
core   0: 0x80008588 (0x00000013) nop
core   0: 3 0x80008588 (0x00000013)
core   0: 0x8000858c (0x2e34a193) slti    gp, s1, 739
core   0: 3 0x8000858c (0x2e34a193) x 3 0x00000001
core   0: 0x80008590 (0xfc69e493) ori     s1, s3, -58
core   0: 3 0x80008590 (0xfc69e493) x 9 0xffffffc7
core   0: 0x80008594 (0x0180f933) and     s2, ra, s8
core   0: 3 0x80008594 (0x0180f933) x18 0x21800000
core   0: 0x80008598 (0xff48e997) auipc   s3, 0xff48e
core   0: 3 0x80008598 (0xff48e997) x19 0x7f496598
core   0: 0x8000859c (0x39862893) slti    a7, a2, 920
core   0: 3 0x8000859c (0x39862893) x17 0x00000001
core   0: 0x800085a0 (0x40430b33) sub     s6, t1, tp
core   0: 3 0x800085a0 (0x40430b33) x22 0x5e59ffff
core   0: 0x800085a4 (0x32814013) xori    zero, sp, 808
core   0: 3 0x800085a4 (0x32814013)
core   0: 0x800085a8 (0x416b8eb3) sub     t4, s7, s6
core   0: 3 0x800085a8 (0x416b8eb3) x29 0xa1a5ffb8
core   0: 0x800085ac (0x01ecd533) srl     a0, s9, t5
core   0: 3 0x800085ac (0x01ecd533) x10 0x00000002
core   0: 0x800085b0 (0x40770bb3) sub     s7, a4, t2
core   0: 3 0x800085b0 (0x40770bb3) x23 0xb945c19c
core   0: 0x800085b4 (0x3b53e713) ori     a4, t2, 949
core   0: 3 0x800085b4 (0x3b53e713) x14 0x80011ff5
core   0: 0x800085b8 (0xea6a6b97) auipc   s7, 0xea6a6
core   0: 3 0x800085b8 (0xea6a6b97) x23 0x6a6ae5b8
core   0: 0x800085bc (0x415a5f13) srai    t5, s4, 21
core   0: 3 0x800085bc (0x415a5f13) x30 0xfffffff4
core   0: 0x800085c0 (0x00f0e933) or      s2, ra, a5
core   0: 3 0x800085c0 (0x00f0e933) x18 0xe7aed0df
core   0: 0x800085c4 (0x375114b7) lui     s1, 0x37511
core   0: 3 0x800085c4 (0x375114b7) x 9 0x37511000
core   0: 0x800085c8 (0x414d5293) srai    t0, s10, 20
core   0: 3 0x800085c8 (0x414d5293) x 5 0xfffffe50
core   0: 0x800085cc (0x0011fe33) and     t3, gp, ra
core   0: 3 0x800085cc (0x0011fe33) x28 0x00000001
core   0: 0x800085d0 (0x00000013) nop
core   0: 3 0x800085d0 (0x00000013)
core   0: 0x800085d4 (0x1c85a193) slti    gp, a1, 456
core   0: 3 0x800085d4 (0x1c85a193) x 3 0x00000000
core   0: 0x800085d8 (0x00197233) and     tp, s2, ra
core   0: 3 0x800085d8 (0x00197233) x 4 0xa1a60001
core   0: 0x800085dc (0x00b1c233) xor     tp, gp, a1
core   0: 3 0x800085dc (0x00b1c233) x 4 0x61a68f34
core   0: 0x800085e0 (0xec69af37) lui     t5, 0xec69a
core   0: 3 0x800085e0 (0xec69af37) x30 0xec69a000
core   0: 0x800085e4 (0x401fd593) srai    a1, t6, 1
core   0: 3 0x800085e4 (0x401fd593) x11 0x00000000
core   0: 0x800085e8 (0xfd55aeb7) lui     t4, 0xfd55a
core   0: 3 0x800085e8 (0xfd55aeb7) x29 0xfd55a000
core   0: 0x800085ec (0x295ab313) sltiu   t1, s5, 661
core   0: 3 0x800085ec (0x295ab313) x 6 0x00000000
core   0: 0x800085f0 (0xe3417317) auipc   t1, 0xe3417
core   0: 3 0x800085f0 (0xe3417317) x 6 0x6341f5f0
core   0: 0x800085f4 (0x00729993) slli    s3, t0, 7
core   0: 3 0x800085f4 (0x00729993) x19 0xffff2800
core   0: 0x800085f8 (0x5eb6c593) xori    a1, a3, 1515
core   0: 3 0x800085f8 (0x5eb6c593) x11 0x000005eb
core   0: 0x800085fc (0x00b190b3) sll     ra, gp, a1
core   0: 3 0x800085fc (0x00b190b3) x 1 0x00000000
core   0: 0x80008600 (0x0051d193) srli    gp, gp, 5
core   0: 3 0x80008600 (0x0051d193) x 3 0x00000000
core   0: 0x80008604 (0x82340013) addi    zero, s0, -2013
core   0: 3 0x80008604 (0x82340013)
core   0: 0x80008608 (0x85f8f513) andi    a0, a7, -1953
core   0: 3 0x80008608 (0x85f8f513) x10 0x00000001
core   0: 0x8000860c (0x01edfdb3) and     s11, s11, t5
core   0: 3 0x8000860c (0x01edfdb3) x27 0x00000000
core   0: 0x80008610 (0x0004e0b3) or      ra, s1, zero
core   0: 3 0x80008610 (0x0004e0b3) x 1 0x37511000
core   0: 0x80008614 (0x0034ed33) or      s10, s1, gp
core   0: 3 0x80008614 (0x0034ed33) x26 0x37511000
core   0: 0x80008618 (0x40c68d33) sub     s10, a3, a2
core   0: 3 0x80008618 (0x40c68d33) x26 0x7ffea31c
core   0: 0x8000861c (0x69734b13) xori    s6, t1, 1687
core   0: 3 0x8000861c (0x69734b13) x22 0x6341f367
core   0: 0x80008620 (0x012ca233) slt     tp, s9, s2
core   0: 3 0x80008620 (0x012ca233) x 4 0x00000000
core   0: 0x80008624 (0x014a8733) add     a4, s5, s4
core   0: 3 0x80008624 (0x014a8733) x14 0x7e87f4e4
core   0: 0x80008628 (0x003db2b3) sltu    t0, s11, gp
core   0: 3 0x80008628 (0x003db2b3) x 5 0x00000000
core   0: 0x8000862c (0x41b65233) sra     tp, a2, s11
core   0: 3 0x8000862c (0x41b65233) x 4 0x80015ce4
core   0: 0x80008630 (0x81dab193) sltiu   gp, s5, -2019
core   0: 3 0x80008630 (0x81dab193) x 3 0x00000001
core   0: 0x80008634 (0x629fb213) sltiu   tp, t6, 1577
core   0: 3 0x80008634 (0x629fb213) x 4 0x00000001
core   0: 0x80008638 (0x0100d8b3) srl     a7, ra, a6
core   0: 3 0x80008638 (0x0100d8b3) x17 0x1ba88800
core   0: 0x8000863c (0x41320533) sub     a0, tp, s3
core   0: 3 0x8000863c (0x41320533) x10 0x0000d801
core   0: 0x80008640 (0x00e19113) slli    sp, gp, 14
core   0: 3 0x80008640 (0x00e19113) x 2 0x00004000
core   0: 0x80008644 (0x564be813) ori     a6, s7, 1380
core   0: 3 0x80008644 (0x564be813) x16 0x6a6ae5fc
core   0: 0x80008648 (0x018d0db3) add     s11, s10, s8
core   0: 3 0x80008648 (0x018d0db3) x27 0xf38ea31c
core   0: 0x8000864c (0x008e9493) slli    s1, t4, 8
core   0: 3 0x8000864c (0x008e9493) x 9 0x55a00000
core   0: 0x80008650 (0x00000013) nop
core   0: 3 0x80008650 (0x00000013)
core   0: 0x80008654 (0x62d4bf13) sltiu   t5, s1, 1581
core   0: 3 0x80008654 (0x62d4bf13) x30 0x00000000
core   0: 0x80008658 (0x41f75293) srai    t0, a4, 31
core   0: 3 0x80008658 (0x41f75293) x 5 0x00000000
core   0: 0x8000865c (0x00015913) srli    s2, sp, 0
core   0: 3 0x8000865c (0x00015913) x18 0x00004000
core   0: 0x80008660 (0x00904ab3) xor     s5, zero, s1
core   0: 3 0x80008660 (0x00904ab3) x21 0x55a00000
core   0: 0x80008664 (0x405cd913) srai    s2, s9, 5
core   0: 3 0x80008664 (0x405cd913) x18 0x00000000
core   0: 0x80008668 (0x00f899b3) sll     s3, a7, a5
core   0: 3 0x80008668 (0x00f899b3) x19 0x00000000
core   0: 0x8000866c (0x00ce18b3) sll     a7, t3, a2
core   0: 3 0x8000866c (0x00ce18b3) x17 0x00000010
core   0: 0x80008670 (0x04907d93) andi    s11, zero, 73
core   0: 3 0x80008670 (0x04907d93) x27 0x00000000
core   0: 0x80008674 (0x00000013) nop
core   0: 3 0x80008674 (0x00000013)
core   0: 0x80008678 (0x93070e13) addi    t3, a4, -1744
core   0: 3 0x80008678 (0x93070e13) x28 0x7e87ee14
core   0: 0x8000867c (0x00006333) or      t1, zero, zero
core   0: 3 0x8000867c (0x00006333) x 6 0x00000000
core   0: 0x80008680 (0x01d028b3) slt     a7, zero, t4
core   0: 3 0x80008680 (0x01d028b3) x17 0x00000000
core   0: 0x80008684 (0xa6442e93) slti    t4, s0, -1436
core   0: 3 0x80008684 (0xa6442e93) x29 0x00000000
core   0: 0x80008688 (0x01383a33) sltu    s4, a6, s3
core   0: 3 0x80008688 (0x01383a33) x20 0x00000000
core   0: 0x8000868c (0x00000013) nop
core   0: 3 0x8000868c (0x00000013)
core   0: 0x80008690 (0x00d89133) sll     sp, a7, a3
core   0: 3 0x80008690 (0x00d89133) x 2 0x00000000
core   0: 0x80008694 (0x4040d033) sra     zero, ra, tp
core   0: 3 0x80008694 (0x4040d033)
core   0: 0x80008698 (0x11e2c593) xori    a1, t0, 286
core   0: 3 0x80008698 (0x11e2c593) x11 0x0000011e
core   0: 0x8000869c (0x01aa9d33) sll     s10, s5, s10
core   0: 3 0x8000869c (0x01aa9d33) x26 0x00000000
core   0: 0x800086a0 (0x01bba6b3) slt     a3, s7, s11
core   0: 3 0x800086a0 (0x01bba6b3) x13 0x00000000
core   0: 0x800086a4 (0x01e8bb33) sltu    s6, a7, t5
core   0: 3 0x800086a4 (0x01e8bb33) x22 0x00000000
core   0: 0x800086a8 (0x2915a597) auipc   a1, 0x2915a
core   0: 3 0x800086a8 (0x2915a597) x11 0xa91626a8
core   0: 0x800086ac (0x003976b3) and     a3, s2, gp
core   0: 3 0x800086ac (0x003976b3) x13 0x00000000
core   0: 0x800086b0 (0x00bc6ab3) or      s5, s8, a1
core   0: 3 0x800086b0 (0x00bc6ab3) x21 0xfb9626a8
core   0: 0x800086b4 (0x8f25b213) sltiu   tp, a1, -1806
core   0: 3 0x800086b4 (0x8f25b213) x 4 0x00000001
core   0: 0x800086b8 (0x004f62b3) or      t0, t5, tp
core   0: 3 0x800086b8 (0x004f62b3) x 5 0x00000001
core   0: 0x800086bc (0x019acfb3) xor     t6, s5, s9
core   0: 3 0x800086bc (0x019acfb3) x31 0xfb9626aa
core   0: 0x800086c0 (0x01fd2333) slt     t1, s10, t6
core   0: 3 0x800086c0 (0x01fd2333) x 6 0x00000000
core   0: 0x800086c4 (0xcac5a693) slti    a3, a1, -852
core   0: 3 0x800086c4 (0xcac5a693) x13 0x00000001
core   0: 0x800086c8 (0x00000013) nop
core   0: 3 0x800086c8 (0x00000013)
core   0: 0x800086cc (0x01eab433) sltu    s0, s5, t5
core   0: 3 0x800086cc (0x01eab433) x 8 0x00000000
core   0: 0x800086d0 (0x01c15193) srli    gp, sp, 28
core   0: 3 0x800086d0 (0x01c15193) x 3 0x00000000
core   0: 0x800086d4 (0x1f12ef13) ori     t5, t0, 497
core   0: 3 0x800086d4 (0x1f12ef13) x30 0x000001f1
core   0: 0x800086d8 (0xf4fb4113) xori    sp, s6, -177
core   0: 3 0x800086d8 (0xf4fb4113) x 2 0xffffff4f
core   0: 0x800086dc (0xbafacb93) xori    s7, s5, -1105
core   0: 3 0x800086dc (0xbafacb93) x23 0x0469dd07
core   0: 0x800086e0 (0x005a1c13) slli    s8, s4, 5
core   0: 3 0x800086e0 (0x005a1c13) x24 0x00000000
core   0: 0x800086e4 (0xd67a5917) auipc   s2, 0xd67a5
core   0: 3 0x800086e4 (0xd67a5917) x18 0x567ad6e4
core   0: 0x800086e8 (0x48f7ff13) andi    t5, a5, 1167
core   0: 3 0x800086e8 (0x48f7ff13) x30 0x0000008f
core   0: 0x800086ec (0x403252b3) sra     t0, tp, gp
core   0: 3 0x800086ec (0x403252b3) x 5 0x00000001
core   0: 0x800086f0 (0x01ed3eb3) sltu    t4, s10, t5
core   0: 3 0x800086f0 (0x01ed3eb3) x29 0x00000001
core   0: 0x800086f4 (0xf870a693) slti    a3, ra, -121
core   0: 3 0x800086f4 (0xf870a693) x13 0x00000000
core   0: 0x800086f8 (0x008d2333) slt     t1, s10, s0
core   0: 3 0x800086f8 (0x008d2333) x 6 0x00000000
core   0: 0x800086fc (0x016cb033) sltu    zero, s9, s6
core   0: 3 0x800086fc (0x016cb033)
core   0: 0x80008700 (0x3d098c13) addi    s8, s3, 976
core   0: 3 0x80008700 (0x3d098c13) x24 0x000003d0
core   0: 0x80008704 (0xfc1eeb93) ori     s7, t4, -63
core   0: 3 0x80008704 (0xfc1eeb93) x23 0xffffffc1
core   0: 0x80008708 (0xf2187e13) andi    t3, a6, -223
core   0: 3 0x80008708 (0xf2187e13) x28 0x6a6ae520
core   0: 0x8000870c (0x00cc0933) add     s2, s8, a2
core   0: 3 0x8000870c (0x00cc0933) x18 0x800160b4
core   0: 0x80008710 (0x0114afb3) slt     t6, s1, a7
core   0: 3 0x80008710 (0x0114afb3) x31 0x00000000
core   0: 0x80008714 (0xa41eaf13) slti    t5, t4, -1471
core   0: 3 0x80008714 (0xa41eaf13) x30 0x00000000
core   0: 0x80008718 (0x01b01833) sll     a6, zero, s11
core   0: 3 0x80008718 (0x01b01833) x16 0x00000000
core   0: 0x8000871c (0x018c3a33) sltu    s4, s8, s8
core   0: 3 0x8000871c (0x018c3a33) x20 0x00000000
core   0: 0x80008720 (0x00000013) nop
core   0: 3 0x80008720 (0x00000013)
core   0: 0x80008724 (0x010302b3) add     t0, t1, a6
core   0: 3 0x80008724 (0x010302b3) x 5 0x00000000
core   0: 0x80008728 (0x55e449b7) lui     s3, 0x55e44
core   0: 3 0x80008728 (0x55e449b7) x19 0x55e44000
core   0: 0x8000872c (0x00000013) nop
core   0: 3 0x8000872c (0x00000013)
core   0: 0x80008730 (0xc90a2193) slti    gp, s4, -880
core   0: 3 0x80008730 (0xc90a2193) x 3 0x00000000
core   0: 0x80008734 (0x0bd96a13) ori     s4, s2, 189
core   0: 3 0x80008734 (0x0bd96a13) x20 0x800160bd
core   0: 0x80008738 (0x016f1ab3) sll     s5, t5, s6
core   0: 3 0x80008738 (0x016f1ab3) x21 0x00000000
core   0: 0x8000873c (0x01c87733) and     a4, a6, t3
core   0: 3 0x8000873c (0x01c87733) x14 0x00000000
core   0: 0x80008740 (0x7174ad13) slti    s10, s1, 1815
core   0: 3 0x80008740 (0x7174ad13) x26 0x00000000
core   0: 0x80008744 (0x4b2be293) ori     t0, s7, 1202
core   0: 3 0x80008744 (0x4b2be293) x 5 0xfffffff3
core   0: 0x80008748 (0x002ffbb3) and     s7, t6, sp
core   0: 3 0x80008748 (0x002ffbb3) x23 0x00000000
core   0: 0x8000874c (0x414b5fb3) sra     t6, s6, s4
core   0: 3 0x8000874c (0x414b5fb3) x31 0x00000000
core   0: 0x80008750 (0x01ccebb3) or      s7, s9, t3
core   0: 3 0x80008750 (0x01ccebb3) x23 0x6a6ae522
core   0: 0x80008754 (0x2b10ceb7) lui     t4, 0x2b10c
core   0: 3 0x80008754 (0x2b10ceb7) x29 0x2b10c000
core   0: 0x80008758 (0x01c5d4b3) srl     s1, a1, t3
core   0: 3 0x80008758 (0x01c5d4b3) x 9 0xa91626a8
core   0: 0x8000875c (0x01cc8ab3) add     s5, s9, t3
core   0: 3 0x8000875c (0x01cc8ab3) x21 0x6a6ae522
core   0: 0x80008760 (0x01269fb3) sll     t6, a3, s2
core   0: 3 0x80008760 (0x01269fb3) x31 0x00000000
core   0: 0x80008764 (0x403381b3) sub     gp, t2, gp
core   0: 3 0x80008764 (0x403381b3) x 3 0x80011e64
core   0: 0x80008768 (0x414d5513) srai    a0, s10, 20
core   0: 3 0x80008768 (0x414d5513) x10 0x00000000
core   0: 0x8000876c (0xf84e2cb7) lui     s9, 0xf84e2
core   0: 3 0x8000876c (0xf84e2cb7) x25 0xf84e2000
core   0: 0x80008770 (0x00e2f833) and     a6, t0, a4
core   0: 3 0x80008770 (0x00e2f833) x16 0x00000000
core   0: 0x80008774 (0x01c43eb3) sltu    t4, s0, t3
core   0: 3 0x80008774 (0x01c43eb3) x29 0x00000001
core   0: 0x80008778 (0x019fbb33) sltu    s6, t6, s9
core   0: 3 0x80008778 (0x019fbb33) x22 0x00000001
core   0: 0x8000877c (0x35623a93) sltiu   s5, tp, 854
core   0: 3 0x8000877c (0x35623a93) x21 0x00000001
core   0: 0x80008780 (0x000ea1b3) slt     gp, t4, zero
core   0: 3 0x80008780 (0x000ea1b3) x 3 0x00000000
core   0: 0x80008784 (0x00ff5593) srli    a1, t5, 15
core   0: 3 0x80008784 (0x00ff5593) x11 0x00000000
core   0: 0x80008788 (0xca192593) slti    a1, s2, -863
core   0: 3 0x80008788 (0xca192593) x11 0x00000001
core   0: 0x8000878c (0x0c09a193) slti    gp, s3, 192
core   0: 3 0x8000878c (0x0c09a193) x 3 0x00000000
core   0: 0x80008790 (0x01297bb3) and     s7, s2, s2
core   0: 3 0x80008790 (0x01297bb3) x23 0x800160b4
core   0: 0x80008794 (0x00f2da93) srli    s5, t0, 15
core   0: 3 0x80008794 (0x00f2da93) x21 0x0001ffff
core   0: 0x80008798 (0x00e45e13) srli    t3, s0, 14
core   0: 3 0x80008798 (0x00e45e13) x28 0x00000000
core   0: 0x8000879c (0xff1cc013) xori    zero, s9, -15
core   0: 3 0x8000879c (0xff1cc013)
core   0: 0x800087a0 (0xbd763313) sltiu   t1, a2, -1065
core   0: 3 0x800087a0 (0xbd763313) x 6 0x00000001
core   0: 0x800087a4 (0x2c761e37) lui     t3, 0x2c761
core   0: 3 0x800087a4 (0x2c761e37) x28 0x2c761000
core   0: 0x800087a8 (0x01e812b3) sll     t0, a6, t5
core   0: 3 0x800087a8 (0x01e812b3) x 5 0x00000000
core   0: 0x800087ac (0xf68cfe93) andi    t4, s9, -152
core   0: 3 0x800087ac (0xf68cfe93) x29 0xf84e2000
core   0: 0x800087b0 (0x00289233) sll     tp, a7, sp
core   0: 3 0x800087b0 (0x00289233) x 4 0x00000000
core   0: 0x800087b4 (0x016d6cb3) or      s9, s10, s6
core   0: 3 0x800087b4 (0x016d6cb3) x25 0x00000001
core   0: 0x800087b8 (0x40a68733) sub     a4, a3, a0
core   0: 3 0x800087b8 (0x40a68733) x14 0x00000000
core   0: 0x800087bc (0x51af8213) addi    tp, t6, 1306
core   0: 3 0x800087bc (0x51af8213) x 4 0x0000051a
core   0: 0x800087c0 (0x02cd7b93) andi    s7, s10, 44
core   0: 3 0x800087c0 (0x02cd7b93) x23 0x00000000
core   0: 0x800087c4 (0x27103017) auipc   zero, 0x27103
core   0: 3 0x800087c4 (0x27103017)
core   0: 0x800087c8 (0x003964b3) or      s1, s2, gp
core   0: 3 0x800087c8 (0x003964b3) x 9 0x800160b4
core   0: 0x800087cc (0x405284b3) sub     s1, t0, t0
core   0: 3 0x800087cc (0x405284b3) x 9 0x00000000
core   0: 0x800087d0 (0x8b13a893) slti    a7, t2, -1871
core   0: 3 0x800087d0 (0x8b13a893) x17 0x00000001
core   0: 0x800087d4 (0xcaa5f417) auipc   s0, 0xcaa5f
core   0: 3 0x800087d4 (0xcaa5f417) x 8 0x4aa677d4
core   0: 0x800087d8 (0x00499333) sll     t1, s3, tp
core   0: 3 0x800087d8 (0x00499333) x 6 0x00000000
core   0: 0x800087dc (0x403f5193) srai    gp, t5, 3
core   0: 3 0x800087dc (0x403f5193) x 3 0x00000000
core   0: 0x800087e0 (0x0099af33) slt     t5, s3, s1
core   0: 3 0x800087e0 (0x0099af33) x30 0x00000000
core   0: 0x800087e4 (0x01af04b3) add     s1, t5, s10
core   0: 3 0x800087e4 (0x01af04b3) x 9 0x00000000
core   0: 0x800087e8 (0xdebd4337) lui     t1, 0xdebd4
core   0: 3 0x800087e8 (0xdebd4337) x 6 0xdebd4000
core   0: 0x800087ec (0x01451693) slli    a3, a0, 20
core   0: 3 0x800087ec (0x01451693) x13 0x00000000
core   0: 0x800087f0 (0x00171713) slli    a4, a4, 1
core   0: 3 0x800087f0 (0x00171713) x14 0x00000000
core   0: 0x800087f4 (0x01597533) and     a0, s2, s5
core   0: 3 0x800087f4 (0x01597533) x10 0x000160b4
core   0: 0x800087f8 (0x01319433) sll     s0, gp, s3
core   0: 3 0x800087f8 (0x01319433) x 8 0x00000000
core   0: 0x800087fc (0x3a958d93) addi    s11, a1, 937
core   0: 3 0x800087fc (0x3a958d93) x27 0x000003aa
core   0: 0x80008800 (0x9ba345b7) lui     a1, 0x9ba34
core   0: 3 0x80008800 (0x9ba345b7) x11 0x9ba34000
core   0: 0x80008804 (0x4084d933) sra     s2, s1, s0
core   0: 3 0x80008804 (0x4084d933) x18 0x00000000
core   0: 0x80008808 (0x48fcbd13) sltiu   s10, s9, 1167
core   0: 3 0x80008808 (0x48fcbd13) x26 0x00000001
core   0: 0x8000880c (0x41bb5313) srai    t1, s6, 27
core   0: 3 0x8000880c (0x41bb5313) x 6 0x00000000
core   0: 0x80008810 (0x4114dc93) srai    s9, s1, 17
core   0: 3 0x80008810 (0x4114dc93) x25 0x00000000
core   0: 0x80008814 (0x0ecff193) andi    gp, t6, 236
core   0: 3 0x80008814 (0x0ecff193) x 3 0x00000000
core   0: 0x80008818 (0x404985b3) sub     a1, s3, tp
core   0: 3 0x80008818 (0x404985b3) x11 0x55e43ae6
core   0: 0x8000881c (0x79b82b93) slti    s7, a6, 1947
core   0: 3 0x8000881c (0x79b82b93) x23 0x00000001
core   0: 0x80008820 (0x008ea9b3) slt     s3, t4, s0
core   0: 3 0x80008820 (0x008ea9b3) x19 0x00000001
core   0: 0x80008824 (0x00000013) nop
core   0: 3 0x80008824 (0x00000013)
core   0: 0x80008828 (0x00b64fb3) xor     t6, a2, a1
core   0: 3 0x80008828 (0x00b64fb3) x31 0xd5e56602
core   0: 0x8000882c (0x4085b693) sltiu   a3, a1, 1032
core   0: 3 0x8000882c (0x4085b693) x13 0x00000000
core   0: 0x80008830 (0x011262b3) or      t0, tp, a7
core   0: 3 0x80008830 (0x011262b3) x 5 0x0000051b
core   0: 0x80008834 (0x6ccbeb93) ori     s7, s7, 1740
core   0: 3 0x80008834 (0x6ccbeb93) x23 0x000006cd
core   0: 0x80008838 (0x01d90733) add     a4, s2, t4
core   0: 3 0x80008838 (0x01d90733) x14 0xf84e2000
core   0: 0x8000883c (0x01a6b433) sltu    s0, a3, s10
core   0: 3 0x8000883c (0x01a6b433) x 8 0x00000001
core   0: 0x80008840 (0xc2d4e313) ori     t1, s1, -979
core   0: 3 0x80008840 (0xc2d4e313) x 6 0xfffffc2d
core   0: 0x80008844 (0x6904e697) auipc   a3, 0x6904e
core   0: 3 0x80008844 (0x6904e697) x13 0xe9056844
core   0: 0x80008848 (0x56283913) sltiu   s2, a6, 1378
core   0: 3 0x80008848 (0x56283913) x18 0x00000001
core   0: 0x8000884c (0x92a8e5b7) lui     a1, 0x92a8e
core   0: 3 0x8000884c (0x92a8e5b7) x11 0x92a8e000
core   0: 0x80008850 (0x2a3ce017) auipc   zero, 0x2a3ce
core   0: 3 0x80008850 (0x2a3ce017)
core   0: 0x80008854 (0x41565fb3) sra     t6, a2, s5
core   0: 3 0x80008854 (0x41565fb3) x31 0xffffffff
core   0: 0x80008858 (0x01a25093) srli    ra, tp, 26
core   0: 3 0x80008858 (0x01a25093) x 1 0x00000000
core   0: 0x8000885c (0x84249437) lui     s0, 0x84249
core   0: 3 0x8000885c (0x84249437) x 8 0x84249000
core   0: 0x80008860 (0x00febf33) sltu    t5, t4, a5
core   0: 3 0x80008860 (0x00febf33) x30 0x00000000
core   0: 0x80008864 (0x21066993) ori     s3, a2, 528
core   0: 3 0x80008864 (0x21066993) x19 0x80015ef4
core   0: 0x80008868 (0x1200cc13) xori    s8, ra, 288
core   0: 3 0x80008868 (0x1200cc13) x24 0x00000120
core   0: 0x8000886c (0xe325ca93) xori    s5, a1, -462
core   0: 3 0x8000886c (0xe325ca93) x21 0x6d571e32
core   0: 0x80008870 (0x62124f13) xori    t5, tp, 1569
core   0: 3 0x80008870 (0x62124f13) x30 0x0000033b
core   0: 0x80008874 (0x00000013) nop
core   0: 3 0x80008874 (0x00000013)
core   0: 0x80008878 (0x016831b3) sltu    gp, a6, s6
core   0: 3 0x80008878 (0x016831b3) x 3 0x00000001
core   0: 0x8000887c (0x012a31b3) sltu    gp, s4, s2
core   0: 3 0x8000887c (0x012a31b3) x 3 0x00000000
core   0: 0x80008880 (0x01d1f433) and     s0, gp, t4
core   0: 3 0x80008880 (0x01d1f433) x 8 0x00000000
core   0: 0x80008884 (0x01dcd733) srl     a4, s9, t4
core   0: 3 0x80008884 (0x01dcd733) x14 0x00000000
core   0: 0x80008888 (0x01449893) slli    a7, s1, 20
core   0: 3 0x80008888 (0x01449893) x17 0x00000000
core   0: 0x8000888c (0x015dce33) xor     t3, s11, s5
core   0: 3 0x8000888c (0x015dce33) x28 0x6d571d98
core   0: 0x80008890 (0x007621b3) slt     gp, a2, t2
core   0: 3 0x80008890 (0x007621b3) x 3 0x00000000
core   0: 0x80008894 (0x00db0e33) add     t3, s6, a3
core   0: 3 0x80008894 (0x00db0e33) x28 0xe9056845
core   0: 0x80008898 (0x01f174b3) and     s1, sp, t6
core   0: 3 0x80008898 (0x01f174b3) x 9 0xffffff4f
core   0: 0x8000889c (0x016666b3) or      a3, a2, s6
core   0: 3 0x8000889c (0x016666b3) x13 0x80015ce5
core   0: 0x800088a0 (0xe3eceb93) ori     s7, s9, -450
core   0: 3 0x800088a0 (0xe3eceb93) x23 0xfffffe3e
core   0: 0x800088a4 (0x463b0f93) addi    t6, s6, 1123
core   0: 3 0x800088a4 (0x463b0f93) x31 0x00000464
core   0: 0x800088a8 (0xac5d8e93) addi    t4, s11, -1339
core   0: 3 0x800088a8 (0xac5d8e93) x29 0xfffffe6f
core   0: 0x800088ac (0x1e8571b7) lui     gp, 0x1e857
core   0: 3 0x800088ac (0x1e8571b7) x 3 0x1e857000
core   0: 0x800088b0 (0x004e28b3) slt     a7, t3, tp
core   0: 3 0x800088b0 (0x004e28b3) x17 0x00000001
core   0: 0x800088b4 (0x000b5913) srli    s2, s6, 0
core   0: 3 0x800088b4 (0x000b5913) x18 0x00000001
core   0: 0x800088b8 (0x0c8a6493) ori     s1, s4, 200
core   0: 3 0x800088b8 (0x0c8a6493) x 9 0x800160fd
core   0: 0x800088bc (0x00fecfb3) xor     t6, t4, a5
core   0: 3 0x800088bc (0x00fecfb3) x31 0x18512eb0
core   0: 0x800088c0 (0x00000013) nop
core   0: 3 0x800088c0 (0x00000013)
core   0: 0x800088c4 (0x01f17a33) and     s4, sp, t6
core   0: 3 0x800088c4 (0x01f17a33) x20 0x18512e00
core   0: 0x800088c8 (0x7555a713) slti    a4, a1, 1877
core   0: 3 0x800088c8 (0x7555a713) x14 0x00000001
core   0: 0x800088cc (0x4196ddb3) sra     s11, a3, s9
core   0: 3 0x800088cc (0x4196ddb3) x27 0x80015ce5
core   0: 0x800088d0 (0x0186a5b3) slt     a1, a3, s8
core   0: 3 0x800088d0 (0x0186a5b3) x11 0x00000001
core   0: 0x800088d4 (0x38cf7213) andi    tp, t5, 908
core   0: 3 0x800088d4 (0x38cf7213) x 4 0x00000308
core   0: 0x800088d8 (0x004076b3) and     a3, zero, tp
core   0: 3 0x800088d8 (0x004076b3) x13 0x00000000
core   0: 0x800088dc (0x01a920b3) slt     ra, s2, s10
core   0: 3 0x800088dc (0x01a920b3) x 1 0x00000000
core   0: 0x800088e0 (0x01f83a33) sltu    s4, a6, t6
core   0: 3 0x800088e0 (0x01f83a33) x20 0x00000001
core   0: 0x800088e4 (0x2d8af013) andi    zero, s5, 728
core   0: 3 0x800088e4 (0x2d8af013)
core   0: 0x800088e8 (0x009f7c33) and     s8, t5, s1
core   0: 3 0x800088e8 (0x009f7c33) x24 0x00000039
core   0: 0x800088ec (0xd0f76813) ori     a6, a4, -753
core   0: 3 0x800088ec (0xd0f76813) x16 0xfffffd0f
core   0: 0x800088f0 (0x00000013) nop
core   0: 3 0x800088f0 (0x00000013)
core   0: 0x800088f4 (0x0193de33) srl     t3, t2, s9
core   0: 3 0x800088f4 (0x0193de33) x28 0x80011e64
core   0: 0x800088f8 (0xa31af493) andi    s1, s5, -1487
core   0: 3 0x800088f8 (0xa31af493) x 9 0x6d571a30
core   0: 0x800088fc (0x015baf33) slt     t5, s7, s5
core   0: 3 0x800088fc (0x015baf33) x30 0x00000001
core   0: 0x80008900 (0x01f6d993) srli    s3, a3, 31
core   0: 3 0x80008900 (0x01f6d993) x19 0x00000000
core   0: 0x80008904 (0x01dde533) or      a0, s11, t4
core   0: 3 0x80008904 (0x01dde533) x10 0xfffffeef
core   0: 0x80008908 (0x637ef413) andi    s0, t4, 1591
core   0: 3 0x80008908 (0x637ef413) x 8 0x00000627
core   0: 0x8000890c (0x59ac2693) slti    a3, s8, 1434
core   0: 3 0x8000890c (0x59ac2693) x13 0x00000001
core   0: 0x80008910 (0x00dcd513) srli    a0, s9, 13
core   0: 3 0x80008910 (0x00dcd513) x10 0x00000000
core   0: 0x80008914 (0x007150b3) srl     ra, sp, t2
core   0: 3 0x80008914 (0x007150b3) x 1 0x0ffffff4
core   0: 0x80008918 (0x943f3a93) sltiu   s5, t5, -1725
core   0: 3 0x80008918 (0x943f3a93) x21 0x00000001
core   0: 0x8000891c (0x61727a93) andi    s5, tp, 1559
core   0: 3 0x8000891c (0x61727a93) x21 0x00000200
core   0: 0x80008920 (0x00f6e5b3) or      a1, a3, a5
core   0: 3 0x80008920 (0x00f6e5b3) x11 0xe7aed0df
core   0: 0x80008924 (0x00000013) nop
core   0: 3 0x80008924 (0x00000013)
core   0: 0x80008928 (0x00685593) srli    a1, a6, 6
core   0: 3 0x80008928 (0x00685593) x11 0x03fffff4
core   0: 0x8000892c (0x3a054513) xori    a0, a0, 928
core   0: 3 0x8000892c (0x3a054513) x10 0x000003a0
core   0: 0x80008930 (0x40df5f33) sra     t5, t5, a3
core   0: 3 0x80008930 (0x40df5f33) x30 0x00000000
core   0: 0x80008934 (0xcc307993) andi    s3, zero, -829
core   0: 3 0x80008934 (0xcc307993) x19 0x00000000
core   0: 0x80008938 (0x412689b3) sub     s3, a3, s2
core   0: 3 0x80008938 (0x412689b3) x19 0x00000000
core   0: 0x8000893c (0x00000013) nop
core   0: 3 0x8000893c (0x00000013)
core   0: 0x80008940 (0x01548d33) add     s10, s1, s5
core   0: 3 0x80008940 (0x01548d33) x26 0x6d571c30
core   0: 0x80008944 (0x0029e733) or      a4, s3, sp
core   0: 3 0x80008944 (0x0029e733) x14 0xffffff4f
core   0: 0x80008948 (0x00afd733) srl     a4, t6, a0
core   0: 3 0x80008948 (0x00afd733) x14 0x18512eb0
core   0: 0x8000894c (0x0155b033) sltu    zero, a1, s5
core   0: 3 0x8000894c (0x0155b033)
core   0: 0x80008950 (0x015020b3) slt     ra, zero, s5
core   0: 3 0x80008950 (0x015020b3) x 1 0x00000001
core   0: 0x80008954 (0x40aadb33) sra     s6, s5, a0
core   0: 3 0x80008954 (0x40aadb33) x22 0x00000200
core   0: 0x80008958 (0x01d30233) add     tp, t1, t4
core   0: 3 0x80008958 (0x01d30233) x 4 0xfffffa9c
core   0: 0x8000895c (0x01f3d113) srli    sp, t2, 31
core   0: 3 0x8000895c (0x01f3d113) x 2 0x00000001
core   0: 0x80008960 (0x00388eb3) add     t4, a7, gp
core   0: 3 0x80008960 (0x00388eb3) x29 0x1e857001
core   0: 0x80008964 (0x01a64a33) xor     s4, a2, s10
core   0: 3 0x80008964 (0x01a64a33) x20 0xed5640d4
core   0: 0x80008968 (0x00000013) nop
core   0: 3 0x80008968 (0x00000013)
core   0: 0x8000896c (0x7379a537) lui     a0, 0x7379a
core   0: 3 0x8000896c (0x7379a537) x10 0x7379a000
core   0: 0x80008970 (0x4168da33) sra     s4, a7, s6
core   0: 3 0x80008970 (0x4168da33) x20 0x00000001
core   0: 0x80008974 (0xd1bb78b7) lui     a7, 0xd1bb7
core   0: 3 0x80008974 (0xd1bb78b7) x17 0xd1bb7000
core   0: 0x80008978 (0x00e5df33) srl     t5, a1, a4
core   0: 3 0x80008978 (0x00e5df33) x30 0x000003ff
core   0: 0x8000897c (0xf4858c37) lui     s8, 0xf4858
core   0: 3 0x8000897c (0xf4858c37) x24 0xf4858000
core   0: 0x80008980 (0x0032dd33) srl     s10, t0, gp
core   0: 3 0x80008980 (0x0032dd33) x26 0x0000051b
core   0: 0x80008984 (0x77f17913) andi    s2, sp, 1919
core   0: 3 0x80008984 (0x77f17913) x18 0x00000001
core   0: 0x80008988 (0x01929933) sll     s2, t0, s9
core   0: 3 0x80008988 (0x01929933) x18 0x0000051b
core   0: 0x8000898c (0x19a93013) sltiu   zero, s2, 410
core   0: 3 0x8000898c (0x19a93013)
core   0: 0x80008990 (0x8acfb593) sltiu   a1, t6, -1876
core   0: 3 0x80008990 (0x8acfb593) x11 0x00000001
core   0: 0x80008994 (0x011d9333) sll     t1, s11, a7
core   0: 3 0x80008994 (0x011d9333) x 6 0x80015ce5
core   0: 0x80008998 (0x00124f33) xor     t5, tp, ra
core   0: 3 0x80008998 (0x00124f33) x30 0xfffffa9d
core   0: 0x8000899c (0x00445c13) srli    s8, s0, 4
core   0: 3 0x8000899c (0x00445c13) x24 0x00000062
core   0: 0x800089a0 (0x40d55193) srai    gp, a0, 13
core   0: 3 0x800089a0 (0x40d55193) x 3 0x00039bcd
core   0: 0x800089a4 (0x0dacb193) sltiu   gp, s9, 218
core   0: 3 0x800089a4 (0x0dacb193) x 3 0x00000001
core   0: 0x800089a8 (0x4029dfb3) sra     t6, s3, sp
core   0: 3 0x800089a8 (0x4029dfb3) x31 0x00000000
core   0: 0x800089ac (0xdae1a513) slti    a0, gp, -594
core   0: 3 0x800089ac (0xdae1a513) x10 0x00000000
core   0: 0x800089b0 (0x417ad4b3) sra     s1, s5, s7
core   0: 3 0x800089b0 (0x417ad4b3) x 9 0x00000000
core   0: 0x800089b4 (0x400e8233) sub     tp, t4, zero
core   0: 3 0x800089b4 (0x400e8233) x 4 0x1e857001
core   0: 0x800089b8 (0x004a9eb3) sll     t4, s5, tp
core   0: 3 0x800089b8 (0x004a9eb3) x29 0x00000400
core   0: 0x800089bc (0x01751593) slli    a1, a0, 23
core   0: 3 0x800089bc (0x01751593) x11 0x00000000
core   0: 0x800089c0 (0x6cc43313) sltiu   t1, s0, 1740
core   0: 3 0x800089c0 (0x6cc43313) x 6 0x00000001
core   0: 0x800089c4 (0x01185c13) srli    s8, a6, 17
core   0: 3 0x800089c4 (0x01185c13) x24 0x00007fff
core   0: 0x800089c8 (0x00814833) xor     a6, sp, s0
core   0: 3 0x800089c8 (0x00814833) x16 0x00000626
core   0: 0x800089cc (0x01441413) slli    s0, s0, 20
core   0: 3 0x800089cc (0x01441413) x 8 0x62700000
core   0: 0x800089d0 (0x9522edb7) lui     s11, 0x9522e
core   0: 3 0x800089d0 (0x9522edb7) x27 0x9522e000
core   0: 0x800089d4 (0x0a7f3713) sltiu   a4, t5, 167
core   0: 3 0x800089d4 (0x0a7f3713) x14 0x00000000
core   0: 0x800089d8 (0x40bd0533) sub     a0, s10, a1
core   0: 3 0x800089d8 (0x40bd0533) x10 0x0000051b
core   0: 0x800089dc (0x00eb56b3) srl     a3, s6, a4
core   0: 3 0x800089dc (0x00eb56b3) x13 0x00000200
core   0: 0x800089e0 (0xacceae93) slti    t4, t4, -1332
core   0: 3 0x800089e0 (0xacceae93) x29 0x00000000
core   0: 0x800089e4 (0x41f65a93) srai    s5, a2, 31
core   0: 3 0x800089e4 (0x41f65a93) x21 0xffffffff
core   0: 0x800089e8 (0x4c7af693) andi    a3, s5, 1223
core   0: 3 0x800089e8 (0x4c7af693) x13 0x000004c7
core   0: 0x800089ec (0x00645f33) srl     t5, s0, t1
core   0: 3 0x800089ec (0x00645f33) x30 0x31380000
core   0: 0x800089f0 (0x01635733) srl     a4, t1, s6
core   0: 3 0x800089f0 (0x01635733) x14 0x00000001
core   0: 0x800089f4 (0x01005693) srli    a3, zero, 16
core   0: 3 0x800089f4 (0x01005693) x13 0x00000000
core   0: 0x800089f8 (0x00aa0bb3) add     s7, s4, a0
core   0: 3 0x800089f8 (0x00aa0bb3) x23 0x0000051c
core   0: 0x800089fc (0xd4a2b713) sltiu   a4, t0, -694
core   0: 3 0x800089fc (0xd4a2b713) x14 0x00000001
core   0: 0x80008a00 (0x01c9cbb3) xor     s7, s3, t3
core   0: 3 0x80008a00 (0x01c9cbb3) x23 0x80011e64
core   0: 0x80008a04 (0x00eb0733) add     a4, s6, a4
core   0: 3 0x80008a04 (0x00eb0733) x14 0x00000201
core   0: 0x80008a08 (0x01331693) slli    a3, t1, 19
core   0: 3 0x80008a08 (0x01331693) x13 0x00080000
core   0: 0x80008a0c (0x4112d413) srai    s0, t0, 17
core   0: 3 0x80008a0c (0x4112d413) x 8 0x00000000
core   0: 0x80008a10 (0x00480f33) add     t5, a6, tp
core   0: 3 0x80008a10 (0x00480f33) x30 0x1e857627
core   0: 0x80008a14 (0x80493337) lui     t1, 0x80493
core   0: 3 0x80008a14 (0x80493337) x 6 0x80493000
core   0: 0x80008a18 (0x98476813) ori     a6, a4, -1660
core   0: 3 0x80008a18 (0x98476813) x16 0xfffffb85
core   0: 0x80008a1c (0xf562f113) andi    sp, t0, -170
core   0: 3 0x80008a1c (0xf562f113) x 2 0x00000512
core   0: 0x80008a20 (0x9cb30913) addi    s2, t1, -1589
core   0: 3 0x80008a20 (0x9cb30913) x18 0x804929cb
core   0: 0x80008a24 (0xda4a3593) sltiu   a1, s4, -604
core   0: 3 0x80008a24 (0xda4a3593) x11 0x00000001
core   0: 0x80008a28 (0x0021bcb3) sltu    s9, gp, sp
core   0: 3 0x80008a28 (0x0021bcb3) x25 0x00000001
core   0: 0x80008a2c (0x00686e33) or      t3, a6, t1
core   0: 3 0x80008a2c (0x00686e33) x28 0xfffffb85
core   0: 0x80008a30 (0x018e6b33) or      s6, t3, s8
core   0: 3 0x80008a30 (0x018e6b33) x22 0xffffffff
core   0: 0x80008a34 (0x40dcd9b3) sra     s3, s9, a3
core   0: 3 0x80008a34 (0x40dcd9b3) x19 0x00000001
core   0: 0x80008a38 (0x8586ef13) ori     t5, a3, -1960
core   0: 3 0x80008a38 (0x8586ef13) x30 0xfffff858
core   0: 0x80008a3c (0x2b454c13) xori    s8, a0, 692
core   0: 3 0x80008a3c (0x2b454c13) x24 0x000007af
core   0: 0x80008a40 (0x118e3993) sltiu   s3, t3, 280
core   0: 3 0x80008a40 (0x118e3993) x19 0x00000000
core   0: 0x80008a44 (0x00000013) nop
core   0: 3 0x80008a44 (0x00000013)
core   0: 0x80008a48 (0x0057b833) sltu    a6, a5, t0
core   0: 3 0x80008a48 (0x0057b833) x16 0x00000000
core   0: 0x80008a4c (0xf28d3693) sltiu   a3, s10, -216
core   0: 3 0x80008a4c (0xf28d3693) x13 0x00000001
core   0: 0x80008a50 (0x014fca33) xor     s4, t6, s4
core   0: 3 0x80008a50 (0x014fca33) x20 0x00000001
core   0: 0x80008a54 (0x01cd8033) add     zero, s11, t3
core   0: 3 0x80008a54 (0x01cd8033)
core   0: 0x80008a58 (0x2e606293) ori     t0, zero, 742
core   0: 3 0x80008a58 (0x2e606293) x 5 0x000002e6
core   0: 0x80008a5c (0x01842a33) slt     s4, s0, s8
core   0: 3 0x80008a5c (0x01842a33) x20 0x00000001
core   0: 0x80008a60 (0xb37ae913) ori     s2, s5, -1225
core   0: 3 0x80008a60 (0xb37ae913) x18 0xffffffff
core   0: 0x80008a64 (0x00fc4233) xor     tp, s8, a5
core   0: 3 0x80008a64 (0x00fc4233) x 4 0xe7aed770
core   0: 0x80008a68 (0xeae1a693) slti    a3, gp, -338
core   0: 3 0x80008a68 (0xeae1a693) x13 0x00000000
core   0: 0x80008a6c (0x01290c33) add     s8, s2, s2
core   0: 3 0x80008a6c (0x01290c33) x24 0xfffffffe
core   0: 0x80008a70 (0x002f1e93) slli    t4, t5, 2
core   0: 3 0x80008a70 (0x002f1e93) x29 0xffffe160
core   0: 0x80008a74 (0x51801e37) lui     t3, 0x51801
core   0: 3 0x80008a74 (0x51801e37) x28 0x51801000
core   0: 0x80008a78 (0x01d95813) srli    a6, s2, 29
core   0: 3 0x80008a78 (0x01d95813) x16 0x00000007
core   0: 0x80008a7c (0x01ee5e13) srli    t3, t3, 30
core   0: 3 0x80008a7c (0x01ee5e13) x28 0x00000001
core   0: 0x80008a80 (0x3890c993) xori    s3, ra, 905
core   0: 3 0x80008a80 (0x3890c993) x19 0x00000388
core   0: 0x80008a84 (0x55e56993) ori     s3, a0, 1374
core   0: 3 0x80008a84 (0x55e56993) x19 0x0000055f
core   0: 0x80008a88 (0x54517b13) andi    s6, sp, 1349
core   0: 3 0x80008a88 (0x54517b13) x22 0x00000500
core   0: 0x80008a8c (0x4a2aa213) slti    tp, s5, 1186
core   0: 3 0x80008a8c (0x4a2aa213) x 4 0x00000001
core   0: 0x80008a90 (0x00000013) nop
core   0: 3 0x80008a90 (0x00000013)
core   0: 0x80008a94 (0x533c3193) sltiu   gp, s8, 1331
core   0: 3 0x80008a94 (0x533c3193) x 3 0x00000000
core   0: 0x80008a98 (0x41c0d2b3) sra     t0, ra, t3
core   0: 3 0x80008a98 (0x41c0d2b3) x 5 0x00000000
core   0: 0x80008a9c (0x00000013) nop
core   0: 3 0x80008a9c (0x00000013)
core   0: 0x80008aa0 (0x001b5333) srl     t1, s6, ra
core   0: 3 0x80008aa0 (0x001b5333) x 6 0x00000280
core   0: 0x80008aa4 (0x0102d333) srl     t1, t0, a6
core   0: 3 0x80008aa4 (0x0102d333) x 6 0x00000000
core   0: 0x80008aa8 (0x009a74b3) and     s1, s4, s1
core   0: 3 0x80008aa8 (0x009a74b3) x 9 0x00000000
core   0: 0x80008aac (0xc0cfe497) auipc   s1, 0xc0cfe
core   0: 3 0x80008aac (0xc0cfe497) x 9 0x40d06aac
core   0: 0x80008ab0 (0x0036f733) and     a4, a3, gp
core   0: 3 0x80008ab0 (0x0036f733) x14 0x00000000
core   0: 0x80008ab4 (0x64082437) lui     s0, 0x64082
core   0: 3 0x80008ab4 (0x64082437) x 8 0x64082000
core   0: 0x80008ab8 (0x01154733) xor     a4, a0, a7
core   0: 3 0x80008ab8 (0x01154733) x14 0xd1bb751b
core   0: 0x80008abc (0x55638597) auipc   a1, 0x55638
core   0: 3 0x80008abc (0x55638597) x11 0xd5640abc
core   0: 0x80008ac0 (0xe2453a93) sltiu   s5, a0, -476
core   0: 3 0x80008ac0 (0xe2453a93) x21 0x00000001
core   0: 0x80008ac4 (0x00abe333) or      t1, s7, a0
core   0: 3 0x80008ac4 (0x00abe333) x 6 0x80011f7f
core   0: 0x80008ac8 (0x8c74b993) sltiu   s3, s1, -1849
core   0: 3 0x80008ac8 (0x8c74b993) x19 0x00000001
core   0: 0x80008acc (0x002e9733) sll     a4, t4, sp
core   0: 3 0x80008acc (0x002e9733) x14 0x85800000
core   0: 0x80008ad0 (0x00000013) nop
core   0: 3 0x80008ad0 (0x00000013)
core   0: 0x80008ad4 (0x00811b13) slli    s6, sp, 8
core   0: 3 0x80008ad4 (0x00811b13) x22 0x00051200
core   0: 0x80008ad8 (0x0066bcb3) sltu    s9, a3, t1
core   0: 3 0x80008ad8 (0x0066bcb3) x25 0x00000001
core   0: 0x80008adc (0x01925c13) srli    s8, tp, 25
core   0: 3 0x80008adc (0x01925c13) x24 0x00000000
core   0: 0x80008ae0 (0x00a11d93) slli    s11, sp, 10
core   0: 3 0x80008ae0 (0x00a11d93) x27 0x00144800
core   0: 0x80008ae4 (0x873b4c13) xori    s8, s6, -1933
core   0: 3 0x80008ae4 (0x873b4c13) x24 0xfffaea73
core   0: 0x80008ae8 (0x002ad193) srli    gp, s5, 2
core   0: 3 0x80008ae8 (0x002ad193) x 3 0x00000000
core   0: 0x80008aec (0xf876e893) ori     a7, a3, -121
core   0: 3 0x80008aec (0xf876e893) x17 0xffffff87
core   0: 0x80008af0 (0x79e74913) xori    s2, a4, 1950
core   0: 3 0x80008af0 (0x79e74913) x18 0x8580079e
core   0: 0x80008af4 (0x41ab5bb3) sra     s7, s6, s10
core   0: 3 0x80008af4 (0x41ab5bb3) x23 0x00000000
core   0: 0x80008af8 (0x41170b33) sub     s6, a4, a7
core   0: 3 0x80008af8 (0x41170b33) x22 0x85800079
core   0: 0x80008afc (0x015f1bb3) sll     s7, t5, s5
core   0: 3 0x80008afc (0x015f1bb3) x23 0xfffff0b0
core   0: 0x80008b00 (0x01ec5213) srli    tp, s8, 30
core   0: 3 0x80008b00 (0x01ec5213) x 4 0x00000003
core   0: 0x80008b04 (0xcc768a93) addi    s5, a3, -825
core   0: 3 0x80008b04 (0xcc768a93) x21 0xfffffcc7
core   0: 0x80008b08 (0x00fec0b3) xor     ra, t4, a5
core   0: 3 0x80008b08 (0x00fec0b3) x 1 0x185131bf
core   0: 0x80008b0c (0xe6f99a97) auipc   s5, 0xe6f99
core   0: 3 0x80008b0c (0xe6f99a97) x21 0x66fa1b0c
core   0: 0x80008b10 (0x00000013) nop
core   0: 3 0x80008b10 (0x00000013)
core   0: 0x80008b14 (0xe26bff17) auipc   t5, 0xe26bf
core   0: 3 0x80008b14 (0xe26bff17) x30 0x626c7b14
core   0: 0x80008b18 (0x93c46c13) ori     s8, s0, -1732
core   0: 3 0x80008b18 (0x93c46c13) x24 0xfffff93c
core   0: 0x80008b1c (0x49f5ab93) slti    s7, a1, 1183
core   0: 3 0x80008b1c (0x49f5ab93) x23 0x00000001
core   0: 0x80008b20 (0x0003bf33) sltu    t5, t2, zero
core   0: 3 0x80008b20 (0x0003bf33) x30 0x00000000
core   0: 0x80008b24 (0x210d3013) sltiu   zero, s10, 528
core   0: 3 0x80008b24 (0x210d3013)
core   0: 0x80008b28 (0xcc4a2713) slti    a4, s4, -828
core   0: 3 0x80008b28 (0xcc4a2713) x14 0x00000000
core   0: 0x80008b2c (0x01b55fb3) srl     t6, a0, s11
core   0: 3 0x80008b2c (0x01b55fb3) x31 0x0000051b
core   0: 0x80008b30 (0x00000013) nop
core   0: 3 0x80008b30 (0x00000013)
core   0: 0x80008b34 (0xa7cccf93) xori    t6, s9, -1412
core   0: 3 0x80008b34 (0xa7cccf93) x31 0xfffffa7d
core   0: 0x80008b38 (0x01c02fb3) slt     t6, zero, t3
core   0: 3 0x80008b38 (0x01c02fb3) x31 0x00000001
core   0: 0x80008b3c (0x40df5493) srai    s1, t5, 13
core   0: 3 0x80008b3c (0x40df5493) x 9 0x00000000
core   0: 0x80008b40 (0x1b704913) xori    s2, zero, 439
core   0: 3 0x80008b40 (0x1b704913) x18 0x000001b7
core   0: 0x80008b44 (0x01d55db3) srl     s11, a0, t4
core   0: 3 0x80008b44 (0x01d55db3) x27 0x0000051b
core   0: 0x80008b48 (0x00a95f33) srl     t5, s2, a0
core   0: 3 0x80008b48 (0x00a95f33) x30 0x00000000
core   0: 0x80008b4c (0x6e8d49b7) lui     s3, 0x6e8d4
core   0: 3 0x80008b4c (0x6e8d49b7) x19 0x6e8d4000
core   0: 0x80008b50 (0x0007eb33) or      s6, a5, zero
core   0: 3 0x80008b50 (0x0007eb33) x22 0xe7aed0df
core   0: 0x80008b54 (0x01a2f233) and     tp, t0, s10
core   0: 3 0x80008b54 (0x01a2f233) x 4 0x00000000
core   0: 0x80008b58 (0x3f4c2c93) slti    s9, s8, 1012
core   0: 3 0x80008b58 (0x3f4c2c93) x25 0x00000001
core   0: 0x80008b5c (0x00d56233) or      tp, a0, a3
core   0: 3 0x80008b5c (0x00d56233) x 4 0x0000051b
core   0: 0x80008b60 (0x158052b7) lui     t0, 0x15805
core   0: 3 0x80008b60 (0x158052b7) x 5 0x15805000
core   0: 0x80008b64 (0x403bdb33) sra     s6, s7, gp
core   0: 3 0x80008b64 (0x403bdb33) x22 0x00000001
core   0: 0x80008b68 (0x01b41e93) slli    t4, s0, 27
core   0: 3 0x80008b68 (0x01b41e93) x29 0x00000000
core   0: 0x80008b6c (0x0184f233) and     tp, s1, s8
core   0: 3 0x80008b6c (0x0184f233) x 4 0x00000000
core   0: 0x80008b70 (0x0155e1b3) or      gp, a1, s5
core   0: 3 0x80008b70 (0x0155e1b3) x 3 0xf7fe1bbc
core   0: 0x80008b74 (0x01a0d813) srli    a6, ra, 26
core   0: 3 0x80008b74 (0x01a0d813) x16 0x00000006
core   0: 0x80008b78 (0xeb372193) slti    gp, a4, -333
core   0: 3 0x80008b78 (0xeb372193) x 3 0x00000000
core   0: 0x80008b7c (0x418ad713) srai    a4, s5, 24
core   0: 3 0x80008b7c (0x418ad713) x14 0x00000066
core   0: 0x80008b80 (0x00b39e93) slli    t4, t2, 11
core   0: 3 0x80008b80 (0x00b39e93) x29 0x08f32000
core   0: 0x80008b84 (0x00b226b3) slt     a3, tp, a1
core   0: 3 0x80008b84 (0x00b226b3) x13 0x00000000
core   0: 0x80008b88 (0x01ac42b3) xor     t0, s8, s10
core   0: 3 0x80008b88 (0x01ac42b3) x 5 0xfffffc27
core   0: 0x80008b8c (0x332e3b93) sltiu   s7, t3, 818
core   0: 3 0x80008b8c (0x332e3b93) x23 0x00000001
core   0: 0x80008b90 (0xc7cb6193) ori     gp, s6, -900
core   0: 3 0x80008b90 (0xc7cb6193) x 3 0xfffffc7d
core   0: 0x80008b94 (0x018a5213) srli    tp, s4, 24
core   0: 3 0x80008b94 (0x018a5213) x 4 0x00000000
core   0: 0x80008b98 (0x3d922513) slti    a0, tp, 985
core   0: 3 0x80008b98 (0x3d922513) x10 0x00000001
core   0: 0x80008b9c (0x00719593) slli    a1, gp, 7
core   0: 3 0x80008b9c (0x00719593) x11 0xfffe3e80
core   0: 0x80008ba0 (0x695d61b7) lui     gp, 0x695d6
core   0: 3 0x80008ba0 (0x695d61b7) x 3 0x695d6000
core   0: 0x80008ba4 (0x68908093) addi    ra, ra, 1673
core   0: 3 0x80008ba4 (0x68908093) x 1 0x18513848
core   0: 0x80008ba8 (0x0134e333) or      t1, s1, s3
core   0: 3 0x80008ba8 (0x0134e333) x 6 0x6e8d4000
core   0: 0x80008bac (0x00a70b33) add     s6, a4, a0
core   0: 3 0x80008bac (0x00a70b33) x22 0x00000067
core   0: 0x80008bb0 (0x001dd733) srl     a4, s11, ra
core   0: 3 0x80008bb0 (0x001dd733) x14 0x00000005
core   0: 0x80008bb4 (0x9b10ef93) ori     t6, ra, -1615
core   0: 3 0x80008bb4 (0x9b10ef93) x31 0xfffff9f9
core   0: 0x80008bb8 (0x00664c33) xor     s8, a2, t1
core   0: 3 0x80008bb8 (0x00664c33) x24 0xee8c1ce4
core   0: 0x80008bbc (0x40ae0433) sub     s0, t3, a0
core   0: 3 0x80008bbc (0x40ae0433) x 8 0x00000000
core   0: 0x80008bc0 (0x082ee737) lui     a4, 0x82ee
core   0: 3 0x80008bc0 (0x082ee737) x14 0x082ee000
core   0: 0x80008bc4 (0x00325c33) srl     s8, tp, gp
core   0: 3 0x80008bc4 (0x00325c33) x24 0x00000000
core   0: 0x80008bc8 (0x000c6ab3) or      s5, s8, zero
core   0: 3 0x80008bc8 (0x000c6ab3) x21 0x00000000
core   0: 0x80008bcc (0x6b0f2913) slti    s2, t5, 1712
core   0: 3 0x80008bcc (0x6b0f2913) x18 0x00000001
core   0: 0x80008bd0 (0x0029d593) srli    a1, s3, 2
core   0: 3 0x80008bd0 (0x0029d593) x11 0x1ba35000
core   0: 0x80008bd4 (0x01ccb533) sltu    a0, s9, t3
core   0: 3 0x80008bd4 (0x01ccb533) x10 0x00000000
core   0: 0x80008bd8 (0x7e772813) slti    a6, a4, 2023
core   0: 3 0x80008bd8 (0x7e772813) x16 0x00000000
core   0: 0x80008bdc (0x402ed1b3) sra     gp, t4, sp
core   0: 3 0x80008bdc (0x402ed1b3) x 3 0x0000023c
core   0: 0x80008be0 (0xeee07213) andi    tp, zero, -274
core   0: 3 0x80008be0 (0xeee07213) x 4 0x00000000
core   0: 0x80008be4 (0x0d9be193) ori     gp, s7, 217
core   0: 3 0x80008be4 (0x0d9be193) x 3 0x000000d9
core   0: 0x80008be8 (0x004ea233) slt     tp, t4, tp
core   0: 3 0x80008be8 (0x004ea233) x 4 0x00000000
core   0: 0x80008bec (0x00000013) nop
core   0: 3 0x80008bec (0x00000013)
core   0: 0x80008bf0 (0x00e37733) and     a4, t1, a4
core   0: 3 0x80008bf0 (0x00e37733) x14 0x080c4000
core   0: 0x80008bf4 (0xa1e11737) lui     a4, 0xa1e11
core   0: 3 0x80008bf4 (0xa1e11737) x14 0xa1e11000
core   0: 0x80008bf8 (0x0023d9b7) lui     s3, 0x23d
core   0: 3 0x80008bf8 (0x0023d9b7) x19 0x0023d000
core   0: 0x80008bfc (0x423bea13) ori     s4, s7, 1059
core   0: 3 0x80008bfc (0x423bea13) x20 0x00000423
core   0: 0x80008c00 (0x29457213) andi    tp, a0, 660
core   0: 3 0x80008c00 (0x29457213) x 4 0x00000000
core   0: 0x80008c04 (0x8c8fc737) lui     a4, 0x8c8fc
core   0: 3 0x80008c04 (0x8c8fc737) x14 0x8c8fc000
core   0: 0x80008c08 (0xc4ea0cb7) lui     s9, 0xc4ea0
core   0: 3 0x80008c08 (0xc4ea0cb7) x25 0xc4ea0000
core   0: 0x80008c0c (0xeee6f993) andi    s3, a3, -274
core   0: 3 0x80008c0c (0xeee6f993) x19 0x00000000
core   0: 0x80008c10 (0x41a48bb3) sub     s7, s1, s10
core   0: 3 0x80008c10 (0x41a48bb3) x23 0xfffffae5
core   0: 0x80008c14 (0x011748b3) xor     a7, a4, a7
core   0: 3 0x80008c14 (0x011748b3) x17 0x73703f87
core   0: 0x80008c18 (0x956f4313) xori    t1, t5, -1706
core   0: 3 0x80008c18 (0x956f4313) x 6 0xfffff956
core   0: 0x80008c1c (0x0a24a913) slti    s2, s1, 162
core   0: 3 0x80008c1c (0x0a24a913) x18 0x00000001
core   0: 0x80008c20 (0x01068533) add     a0, a3, a6
core   0: 3 0x80008c20 (0x01068533) x10 0x00000000
core   0: 0x80008c24 (0x41c28fb3) sub     t6, t0, t3
core   0: 3 0x80008c24 (0x41c28fb3) x31 0xfffffc26
core   0: 0x80008c28 (0x00a6e333) or      t1, a3, a0
core   0: 3 0x80008c28 (0x00a6e333) x 6 0x00000000
core   0: 0x80008c2c (0x85d04d13) xori    s10, zero, -1955
core   0: 3 0x80008c2c (0x85d04d13) x26 0xfffff85d
core   0: 0x80008c30 (0x01348db3) add     s11, s1, s3
core   0: 3 0x80008c30 (0x01348db3) x27 0x00000000
core   0: 0x80008c34 (0xe0aef513) andi    a0, t4, -502
core   0: 3 0x80008c34 (0xe0aef513) x10 0x08f32000
core   0: 0x80008c38 (0x002050b3) srl     ra, zero, sp
core   0: 3 0x80008c38 (0x002050b3) x 1 0x00000000
core   0: 0x80008c3c (0x01b97f33) and     t5, s2, s11
core   0: 3 0x80008c3c (0x01b97f33) x30 0x00000000
core   0: 0x80008c40 (0x01a1cdb3) xor     s11, gp, s10
core   0: 3 0x80008c40 (0x01a1cdb3) x27 0xfffff884
core   0: 0x80008c44 (0x00f9b333) sltu    t1, s3, a5
core   0: 3 0x80008c44 (0x00f9b333) x 6 0x00000001
core   0: 0x80008c48 (0x00000013) nop
core   0: 3 0x80008c48 (0x00000013)
core   0: 0x80008c4c (0xf1b67e37) lui     t3, 0xf1b67
core   0: 3 0x80008c4c (0xf1b67e37) x28 0xf1b67000
core   0: 0x80008c50 (0x019671b3) and     gp, a2, s9
core   0: 3 0x80008c50 (0x019671b3) x 3 0x80000000
core   0: 0x80008c54 (0x00611293) slli    t0, sp, 6
core   0: 3 0x80008c54 (0x00611293) x 5 0x00014480
core   0: 0x80008c58 (0x005daab3) slt     s5, s11, t0
core   0: 3 0x80008c58 (0x005daab3) x21 0x00000001
core   0: 0x80008c5c (0x003d9033) sll     zero, s11, gp
core   0: 3 0x80008c5c (0x003d9033)
core   0: 0x80008c60 (0x4050df13) srai    t5, ra, 5
core   0: 3 0x80008c60 (0x4050df13) x30 0x00000000
core   0: 0x80008c64 (0x714a2013) slti    zero, s4, 1812
core   0: 3 0x80008c64 (0x714a2013)
core   0: 0x80008c68 (0x40988933) sub     s2, a7, s1
core   0: 3 0x80008c68 (0x40988933) x18 0x73703f87
core   0: 0x80008c6c (0xf2d23c93) sltiu   s9, tp, -211
core   0: 3 0x80008c6c (0xf2d23c93) x25 0x00000001
core   0: 0x80008c70 (0x01391b93) slli    s7, s2, 19
core   0: 3 0x80008c70 (0x01391b93) x23 0xfc380000
core   0: 0x80008c74 (0x41f2dc93) srai    s9, t0, 31
core   0: 3 0x80008c74 (0x41f2dc93) x25 0x00000000
core   0: 0x80008c78 (0x09e4c993) xori    s3, s1, 158
core   0: 3 0x80008c78 (0x09e4c993) x19 0x0000009e
core   0: 0x80008c7c (0x4064d513) srai    a0, s1, 6
core   0: 3 0x80008c7c (0x4064d513) x10 0x00000000
core   0: 0x80008c80 (0x00000013) nop
core   0: 3 0x80008c80 (0x00000013)
core   0: 0x80008c84 (0x985fa737) lui     a4, 0x985fa
core   0: 3 0x80008c84 (0x985fa737) x14 0x985fa000
core   0: 0x80008c88 (0x007d5eb3) srl     t4, s10, t2
core   0: 3 0x80008c88 (0x007d5eb3) x29 0x0fffff85
core   0: 0x80008c8c (0x0111ae33) slt     t3, gp, a7
core   0: 3 0x80008c8c (0x0111ae33) x28 0x00000001
core   0: 0x80008c90 (0x0cb24a13) xori    s4, tp, 203
core   0: 3 0x80008c90 (0x0cb24a13) x20 0x000000cb
core   0: 0x80008c94 (0x56e3a893) slti    a7, t2, 1390
core   0: 3 0x80008c94 (0x56e3a893) x17 0x00000001
core   0: 0x80008c98 (0xdee7c093) xori    ra, a5, -530
core   0: 3 0x80008c98 (0xdee7c093) x 1 0x18512d31
core   0: 0x80008c9c (0x00145e33) srl     t3, s0, ra
core   0: 3 0x80008c9c (0x00145e33) x28 0x00000000
core   0: 0x80008ca0 (0x00adcab3) xor     s5, s11, a0
core   0: 3 0x80008ca0 (0x00adcab3) x21 0xfffff884
core   0: 0x80008ca4 (0xeb0ca097) auipc   ra, 0xeb0ca
core   0: 3 0x80008ca4 (0xeb0ca097) x 1 0x6b0d2ca4
core   0: 0x80008ca8 (0xd21de213) ori     tp, s11, -735
core   0: 3 0x80008ca8 (0xd21de213) x 4 0xfffffda5
core   0: 0x80008cac (0x5393ec93) ori     s9, t2, 1337
core   0: 3 0x80008cac (0x5393ec93) x25 0x80011f7d
core   0: 0x80008cb0 (0x01407033) and     zero, zero, s4
core   0: 3 0x80008cb0 (0x01407033)
core   0: 0x80008cb4 (0x5c820293) addi    t0, tp, 1480
core   0: 3 0x80008cb4 (0x5c820293) x 5 0x0000036d
core   0: 0x80008cb8 (0x0d690093) addi    ra, s2, 214
core   0: 3 0x80008cb8 (0x0d690093) x 1 0x7370405d
core   0: 0x80008cbc (0x017ede13) srli    t3, t4, 23
core   0: 3 0x80008cbc (0x017ede13) x28 0x0000001f
core   0: 0x80008cc0 (0x01b97533) and     a0, s2, s11
core   0: 3 0x80008cc0 (0x01b97533) x10 0x73703884
core   0: 0x80008cc4 (0x00000013) nop
core   0: 3 0x80008cc4 (0x00000013)
core   0: 0x80008cc8 (0x018806b3) add     a3, a6, s8
core   0: 3 0x80008cc8 (0x018806b3) x13 0x00000000
core   0: 0x80008ccc (0x01c51713) slli    a4, a0, 28
core   0: 3 0x80008ccc (0x01c51713) x14 0x40000000
core   0: 0x80008cd0 (0x00d09f93) slli    t6, ra, 13
core   0: 3 0x80008cd0 (0x00d09f93) x31 0x080ba000
core   0: 0x80008cd4 (0x5f740017) auipc   zero, 0x5f740
core   0: 3 0x80008cd4 (0x5f740017)
core   0: 0x80008cd8 (0x6d1b1997) auipc   s3, 0x6d1b1
core   0: 3 0x80008cd8 (0x6d1b1997) x19 0xed1b9cd8
core   0: 0x80008cdc (0xfa9d26b7) lui     a3, 0xfa9d2
core   0: 3 0x80008cdc (0xfa9d26b7) x13 0xfa9d2000
core   0: 0x80008ce0 (0x00e14733) xor     a4, sp, a4
core   0: 3 0x80008ce0 (0x00e14733) x14 0x40000512
core   0: 0x80008ce4 (0xfcb04a13) xori    s4, zero, -53
core   0: 3 0x80008ce4 (0xfcb04a13) x20 0xffffffcb
core   0: 0x80008ce8 (0x0009a9b3) slt     s3, s3, zero
core   0: 3 0x80008ce8 (0x0009a9b3) x19 0x00000001
core   0: 0x80008cec (0x7f76cb97) auipc   s7, 0x7f76c
core   0: 3 0x80008cec (0x7f76cb97) x23 0xff774cec
core   0: 0x80008cf0 (0x008eb733) sltu    a4, t4, s0
core   0: 3 0x80008cf0 (0x008eb733) x14 0x00000000
core   0: 0x80008cf4 (0x00508233) add     tp, ra, t0
core   0: 3 0x80008cf4 (0x00508233) x 4 0x737043ca
core   0: 0x80008cf8 (0xcf2ae1b7) lui     gp, 0xcf2ae
core   0: 3 0x80008cf8 (0xcf2ae1b7) x 3 0xcf2ae000
core   0: 0x80008cfc (0x01ddc233) xor     tp, s11, t4
core   0: 3 0x80008cfc (0x01ddc233) x 4 0xf0000701
core   0: 0x80008d00 (0x01d66533) or      a0, a2, t4
core   0: 3 0x80008d00 (0x01d66533) x10 0x8fffffe5
core   0: 0x80008d04 (0x00af4eb3) xor     t4, t5, a0
core   0: 3 0x80008d04 (0x00af4eb3) x29 0x8fffffe5
core   0: 0x80008d08 (0x01285893) srli    a7, a6, 18
core   0: 3 0x80008d08 (0x01285893) x17 0x00000000
core   0: 0x80008d0c (0xbfd43b13) sltiu   s6, s0, -1027
core   0: 3 0x80008d0c (0xbfd43b13) x22 0x00000001
core   0: 0x80008d10 (0x01105f93) srli    t6, zero, 17
core   0: 3 0x80008d10 (0x01105f93) x31 0x00000000
core   0: 0x80008d14 (0x571b8b37) lui     s6, 0x571b8
core   0: 3 0x80008d14 (0x571b8b37) x22 0x571b8000
core   0: 0x80008d18 (0x001a3a33) sltu    s4, s4, ra
core   0: 3 0x80008d18 (0x001a3a33) x20 0x00000000
core   0: 0x80008d1c (0x01805eb3) srl     t4, zero, s8
core   0: 3 0x80008d1c (0x01805eb3) x29 0x00000000
core   0: 0x80008d20 (0x34b0b0b7) lui     ra, 0x34b0b
core   0: 3 0x80008d20 (0x34b0b0b7) x 1 0x34b0b000
core   0: 0x80008d24 (0x415809b3) sub     s3, a6, s5
core   0: 3 0x80008d24 (0x415809b3) x19 0x0000077c
core   0: 0x80008d28 (0xe489f013) andi    zero, s3, -440
core   0: 3 0x80008d28 (0xe489f013)
core   0: 0x80008d2c (0x404a5893) srai    a7, s4, 4
core   0: 3 0x80008d2c (0x404a5893) x17 0x00000000
core   0: 0x80008d30 (0x01819233) sll     tp, gp, s8
core   0: 3 0x80008d30 (0x01819233) x 4 0xcf2ae000
core   0: 0x80008d34 (0x0156d9b3) srl     s3, a3, s5
core   0: 3 0x80008d34 (0x0156d9b3) x19 0x0fa9d200
core   0: 0x80008d38 (0x000038b3) snez    a7, zero
core   0: 3 0x80008d38 (0x000038b3) x17 0x00000000
core   0: 0x80008d3c (0x40cdde93) srai    t4, s11, 12
core   0: 3 0x80008d3c (0x40cdde93) x29 0xffffffff
core   0: 0x80008d40 (0x00b6d233) srl     tp, a3, a1
core   0: 3 0x80008d40 (0x00b6d233) x 4 0xfa9d2000
core   0: 0x80008d44 (0x01c1f433) and     s0, gp, t3
core   0: 3 0x80008d44 (0x01c1f433) x 8 0x00000000
core   0: 0x80008d48 (0x40b784b3) sub     s1, a5, a1
core   0: 3 0x80008d48 (0x40b784b3) x 9 0xcc0b80df
core   0: 0x80008d4c (0xb7e76d13) ori     s10, a4, -1154
core   0: 3 0x80008d4c (0xb7e76d13) x26 0xfffffb7e
core   0: 0x80008d50 (0x00988f33) add     t5, a7, s1
core   0: 3 0x80008d50 (0x00988f33) x30 0xcc0b80df
core   0: 0x80008d54 (0x00000013) nop
core   0: 3 0x80008d54 (0x00000013)
core   0: 0x80008d58 (0x92414193) xori    gp, sp, -1756
core   0: 3 0x80008d58 (0x92414193) x 3 0xfffffc36
core   0: 0x80008d5c (0x471f7593) andi    a1, t5, 1137
core   0: 3 0x80008d5c (0x471f7593) x11 0x00000051
core   0: 0x80008d60 (0xc5f4ab17) auipc   s6, 0xc5f4a
core   0: 3 0x80008d60 (0xc5f4ab17) x22 0x45f52d60
core   0: 0x80008d64 (0x8ab4f493) andi    s1, s1, -1877
core   0: 3 0x80008d64 (0x8ab4f493) x 9 0xcc0b808b
core   0: 0x80008d68 (0x01011033) sll     zero, sp, a6
core   0: 3 0x80008d68 (0x01011033)
core   0: 0x80008d6c (0x01413c33) sltu    s8, sp, s4
core   0: 3 0x80008d6c (0x01413c33) x24 0x00000000
core   0: 0x80008d70 (0x409c54b3) sra     s1, s8, s1
core   0: 3 0x80008d70 (0x409c54b3) x 9 0x00000000
core   0: 0x80008d74 (0xf7f4e913) ori     s2, s1, -129
core   0: 3 0x80008d74 (0xf7f4e913) x18 0xffffff7f
core   0: 0x80008d78 (0xb7bd3d13) sltiu   s10, s10, -1157
core   0: 3 0x80008d78 (0xb7bd3d13) x26 0x00000000
core   0: 0x80008d7c (0x9fc90193) addi    gp, s2, -1540
core   0: 3 0x80008d7c (0x9fc90193) x 3 0xfffff97b
core   0: 0x80008d80 (0x01926933) or      s2, tp, s9
core   0: 3 0x80008d80 (0x01926933) x18 0xfa9d3f7d
core   0: 0x80008d84 (0x41ca5d13) srai    s10, s4, 28
core   0: 3 0x80008d84 (0x41ca5d13) x26 0x00000000
core   0: 0x80008d88 (0x0121e733) or      a4, gp, s2
core   0: 3 0x80008d88 (0x0121e733) x14 0xffffff7f
core   0: 0x80008d8c (0x01bfeab3) or      s5, t6, s11
core   0: 3 0x80008d8c (0x01bfeab3) x21 0xfffff884
core   0: 0x80008d90 (0x7f087113) andi    sp, a6, 2032
core   0: 3 0x80008d90 (0x7f087113) x 2 0x00000000
core   0: 0x80008d94 (0x00bd1a93) slli    s5, s10, 11
core   0: 3 0x80008d94 (0x00bd1a93) x21 0x00000000
core   0: 0x80008d98 (0x0105d1b3) srl     gp, a1, a6
core   0: 3 0x80008d98 (0x0105d1b3) x 3 0x00000051
core   0: 0x80008d9c (0x87835d97) auipc   s11, 0x87835
core   0: 3 0x80008d9c (0x87835d97) x27 0x0783dd9c
core   0: 0x80008da0 (0xbd1c0593) addi    a1, s8, -1071
core   0: 3 0x80008da0 (0xbd1c0593) x11 0xfffffbd1
core   0: 0x80008da4 (0x010fcbb3) xor     s7, t6, a6
core   0: 3 0x80008da4 (0x010fcbb3) x23 0x00000000
core   0: 0x80008da8 (0xe1457213) andi    tp, a0, -492
core   0: 3 0x80008da8 (0xe1457213) x 4 0x8ffffe04
core   0: 0x80008dac (0x00d95893) srli    a7, s2, 13
core   0: 3 0x80008dac (0x00d95893) x17 0x0007d4e9
core   0: 0x80008db0 (0x54b24c93) xori    s9, tp, 1355
core   0: 3 0x80008db0 (0x54b24c93) x25 0x8ffffb4f
core   0: 0x80008db4 (0x40cfd693) srai    a3, t6, 12
core   0: 3 0x80008db4 (0x40cfd693) x13 0x00000000
core   0: 0x80008db8 (0xcb404a93) xori    s5, zero, -844
core   0: 3 0x80008db8 (0xcb404a93) x21 0xfffffcb4
core   0: 0x80008dbc (0xf12b8593) addi    a1, s7, -238
core   0: 3 0x80008dbc (0xf12b8593) x11 0xffffff12
core   0: 0x80008dc0 (0x002f69b3) or      s3, t5, sp
core   0: 3 0x80008dc0 (0x002f69b3) x19 0xcc0b80df
core   0: 0x80008dc4 (0x00000013) nop
core   0: 3 0x80008dc4 (0x00000013)
core   0: 0x80008dc8 (0x01104f33) xor     t5, zero, a7
core   0: 3 0x80008dc8 (0x01104f33) x30 0x0007d4e9
core   0: 0x80008dcc (0x48b00d13) li      s10, 1163
core   0: 3 0x80008dcc (0x48b00d13) x26 0x0000048b
core   0: 0x80008dd0 (0xabeb2197) auipc   gp, 0xabeb2
core   0: 3 0x80008dd0 (0xabeb2197) x 3 0x2bebadd0
core   0: 0x80008dd4 (0x67b8a217) auipc   tp, 0x67b8a
core   0: 3 0x80008dd4 (0x67b8a217) x 4 0xe7b92dd4
core   0: 0x80008dd8 (0x01e285b3) add     a1, t0, t5
core   0: 3 0x80008dd8 (0x01e285b3) x11 0x0007d856
core   0: 0x80008ddc (0x00000013) nop
core   0: 3 0x80008ddc (0x00000013)
core   0: 0x80008de0 (0xc16c3c13) sltiu   s8, s8, -1002
core   0: 3 0x80008de0 (0xc16c3c13) x24 0x00000001
core   0: 0x80008de4 (0x01f08e33) add     t3, ra, t6
core   0: 3 0x80008de4 (0x01f08e33) x28 0x34b0b000
core   0: 0x80008de8 (0xbc37ca13) xori    s4, a5, -1085
core   0: 3 0x80008de8 (0xbc37ca13) x20 0x18512b1c
core   0: 0x80008dec (0x00cad0b3) srl     ra, s5, a2
core   0: 3 0x80008dec (0x00cad0b3) x 1 0x0fffffcb
core   0: 0x80008df0 (0x001069b3) or      s3, zero, ra
core   0: 3 0x80008df0 (0x001069b3) x19 0x0fffffcb
core   0: 0x80008df4 (0x0074e733) or      a4, s1, t2
core   0: 3 0x80008df4 (0x0074e733) x14 0x80011e64
core   0: 0x80008df8 (0x2fb04a93) xori    s5, zero, 763
core   0: 3 0x80008df8 (0x2fb04a93) x21 0x000002fb
core   0: 0x80008dfc (0x0196c5b3) xor     a1, a3, s9
core   0: 3 0x80008dfc (0x0196c5b3) x11 0x8ffffb4f
core   0: 0x80008e00 (0xcd2c0213) addi    tp, s8, -814
core   0: 3 0x80008e00 (0xcd2c0213) x 4 0xfffffcd3
core   0: 0x80008e04 (0x01a022b3) slt     t0, zero, s10
core   0: 3 0x80008e04 (0x01a022b3) x 5 0x00000001
core   0: 0x80008e08 (0x00ffd693) srli    a3, t6, 15
core   0: 3 0x80008e08 (0x00ffd693) x13 0x00000000
core   0: 0x80008e0c (0x01df4bb3) xor     s7, t5, t4
core   0: 3 0x80008e0c (0x01df4bb3) x23 0xfff82b16
core   0: 0x80008e10 (0xd6c03693) sltiu   a3, zero, -660
core   0: 3 0x80008e10 (0xd6c03693) x13 0x00000001
core   0: 0x80008e14 (0x0168b133) sltu    sp, a7, s6
core   0: 3 0x80008e14 (0x0168b133) x 2 0x00000001
core   0: 0x80008e18 (0x0086b933) sltu    s2, a3, s0
core   0: 3 0x80008e18 (0x0086b933) x18 0x00000000
core   0: 0x80008e1c (0x00ff9033) sll     zero, t6, a5
core   0: 3 0x80008e1c (0x00ff9033)
core   0: 0x80008e20 (0x00d21213) slli    tp, tp, 13
core   0: 3 0x80008e20 (0x00d21213) x 4 0xff9a6000
core   0: 0x80008e24 (0x05fab537) lui     a0, 0x5fab
core   0: 3 0x80008e24 (0x05fab537) x10 0x05fab000
core   0: 0x80008e28 (0x41cc5113) srai    sp, s8, 28
core   0: 3 0x80008e28 (0x41cc5113) x 2 0x00000000
core   0: 0x80008e2c (0x01f82533) slt     a0, a6, t6
core   0: 3 0x80008e2c (0x01f82533) x10 0x00000000
core   0: 0x80008e30 (0x012392b3) sll     t0, t2, s2
core   0: 3 0x80008e30 (0x012392b3) x 5 0x80011e64
core   0: 0x80008e34 (0x0100c733) xor     a4, ra, a6
core   0: 3 0x80008e34 (0x0100c733) x14 0x0fffffcb
core   0: 0x80008e38 (0xcf41c293) xori    t0, gp, -780
core   0: 3 0x80008e38 (0xcf41c293) x 5 0xd4145124
core   0: 0x80008e3c (0x014dd533) srl     a0, s11, s4
core   0: 3 0x80008e3c (0x014dd533) x10 0x00000000
core   0: 0x80008e40 (0x01427a33) and     s4, tp, s4
core   0: 3 0x80008e40 (0x01427a33) x20 0x18102000
core   0: 0x80008e44 (0xa9be8213) addi    tp, t4, -1381
core   0: 3 0x80008e44 (0xa9be8213) x 4 0xfffffa9a
core   0: 0x80008e48 (0x41565433) sra     s0, a2, s5
core   0: 3 0x80008e48 (0x41565433) x 8 0xfffffff0
core   0: 0x80008e4c (0x3263a693) slti    a3, t2, 806
core   0: 3 0x80008e4c (0x3263a693) x13 0x00000001
core   0: 0x80008e50 (0x25812c13) slti    s8, sp, 600
core   0: 3 0x80008e50 (0x25812c13) x24 0x00000001
core   0: 0x80008e54 (0x12abc993) xori    s3, s7, 298
core   0: 3 0x80008e54 (0x12abc993) x19 0xfff82a3c
core   0: 0x80008e58 (0x4127d013) srai    zero, a5, 18
core   0: 3 0x80008e58 (0x4127d013)
core   0: 0x80008e5c (0xfe440093) addi    ra, s0, -28
core   0: 3 0x80008e5c (0xfe440093) x 1 0xffffffd4
core   0: 0x80008e60 (0x01b35013) srli    zero, t1, 27
core   0: 3 0x80008e60 (0x01b35013)
core   0: 0x80008e64 (0xdde64e93) xori    t4, a2, -546
core   0: 3 0x80008e64 (0xdde64e93) x29 0x7ffea13a
core   0: 0x80008e68 (0x01d03e33) snez    t3, t4
core   0: 3 0x80008e68 (0x01d03e33) x28 0x00000001
core   0: 0x80008e6c (0x00d0dc93) srli    s9, ra, 13
core   0: 3 0x80008e6c (0x00d0dc93) x25 0x0007ffff
core   0: 0x80008e70 (0x00000013) nop
core   0: 3 0x80008e70 (0x00000013)
core   0: 0x80008e74 (0x01fb0333) add     t1, s6, t6
core   0: 3 0x80008e74 (0x01fb0333) x 6 0x45f52d60
core   0: 0x80008e78 (0x5a1cd4b7) lui     s1, 0x5a1cd
core   0: 3 0x80008e78 (0x5a1cd4b7) x 9 0x5a1cd000
core   0: 0x80008e7c (0x01fa5093) srli    ra, s4, 31
core   0: 3 0x80008e7c (0x01fa5093) x 1 0x00000000
core   0: 0x80008e80 (0x00021313) slli    t1, tp, 0
core   0: 3 0x80008e80 (0x00021313) x 6 0xfffffa9a
core   0: 0x80008e84 (0x00000013) nop
core   0: 3 0x80008e84 (0x00000013)
core   0: 0x80008e88 (0xca74aa13) slti    s4, s1, -857
core   0: 3 0x80008e88 (0xca74aa13) x20 0x00000000
core   0: 0x80008e8c (0xf9d8a193) slti    gp, a7, -99
core   0: 3 0x80008e8c (0xf9d8a193) x 3 0x00000000
core   0: 0x80008e90 (0x35762093) slti    ra, a2, 855
core   0: 3 0x80008e90 (0x35762093) x 1 0x00000001
core   0: 0x80008e94 (0x2b7881b7) lui     gp, 0x2b788
core   0: 3 0x80008e94 (0x2b7881b7) x 3 0x2b788000
core   0: 0x80008e98 (0x5f57d297) auipc   t0, 0x5f57d
core   0: 3 0x80008e98 (0x5f57d297) x 5 0xdf585e98
core   0: 0x80008e9c (0xab704c13) xori    s8, zero, -1353
core   0: 3 0x80008e9c (0xab704c13) x24 0xfffffab7
core   0: 0x80008ea0 (0x01a0dab3) srl     s5, ra, s10
core   0: 3 0x80008ea0 (0x01a0dab3) x21 0x00000000
core   0: 0x80008ea4 (0xd7052993) slti    s3, a0, -656
core   0: 3 0x80008ea4 (0xd7052993) x19 0x00000000
core   0: 0x80008ea8 (0xd560b213) sltiu   tp, ra, -682
core   0: 3 0x80008ea8 (0xd560b213) x 4 0x00000001
core   0: 0x80008eac (0x0165e9b3) or      s3, a1, s6
core   0: 3 0x80008eac (0x0165e9b3) x19 0xcfffff6f
core   0: 0x80008eb0 (0x45923097) auipc   ra, 0x45923
core   0: 3 0x80008eb0 (0x45923097) x 1 0xc592beb0
core   0: 0x80008eb4 (0x019d9233) sll     tp, s11, s9
core   0: 3 0x80008eb4 (0x019d9233) x 4 0x00000000
core   0: 0x80008eb8 (0x00251f93) slli    t6, a0, 2
core   0: 3 0x80008eb8 (0x00251f93) x31 0x00000000
core   0: 0x80008ebc (0x00000013) nop
core   0: 3 0x80008ebc (0x00000013)
core   0: 0x80008ec0 (0x01ad9b33) sll     s6, s11, s10
core   0: 3 0x80008ec0 (0x01ad9b33) x22 0x1eece000
core   0: 0x80008ec4 (0x0a15ab93) slti    s7, a1, 161
core   0: 3 0x80008ec4 (0x0a15ab93) x23 0x00000001
core   0: 0x80008ec8 (0x005fd2b3) srl     t0, t6, t0
core   0: 3 0x80008ec8 (0x005fd2b3) x 5 0x00000000
core   0: 0x80008ecc (0x2c782f17) auipc   t5, 0x2c782
core   0: 3 0x80008ecc (0x2c782f17) x30 0xac78aecc
core   0: 0x80008ed0 (0xb4e57f13) andi    t5, a0, -1202
core   0: 3 0x80008ed0 (0xb4e57f13) x30 0x00000000
core   0: 0x80008ed4 (0x4180de93) srai    t4, ra, 24
core   0: 3 0x80008ed4 (0x4180de93) x29 0xffffffc5
core   0: 0x80008ed8 (0x015ab933) sltu    s2, s5, s5
core   0: 3 0x80008ed8 (0x015ab933) x18 0x00000000
core   0: 0x80008edc (0x01e43233) sltu    tp, s0, t5
core   0: 3 0x80008edc (0x01e43233) x 4 0x00000000
core   0: 0x80008ee0 (0xcad9eb13) ori     s6, s3, -851
core   0: 3 0x80008ee0 (0xcad9eb13) x22 0xffffffef
core   0: 0x80008ee4 (0x01c3d493) srli    s1, t2, 28
core   0: 3 0x80008ee4 (0x01c3d493) x 9 0x00000008
core   0: 0x80008ee8 (0x017e28b3) slt     a7, t3, s7
core   0: 3 0x80008ee8 (0x017e28b3) x17 0x00000000
core   0: 0x80008eec (0x015a1913) slli    s2, s4, 21
core   0: 3 0x80008eec (0x015a1913) x18 0x00000000
core   0: 0x80008ef0 (0x01014833) xor     a6, sp, a6
core   0: 3 0x80008ef0 (0x01014833) x16 0x00000000
core   0: 0x80008ef4 (0x001d9293) slli    t0, s11, 1
core   0: 3 0x80008ef4 (0x001d9293) x 5 0x0f07bb38
core   0: 0x80008ef8 (0x00b23433) sltu    s0, tp, a1
core   0: 3 0x80008ef8 (0x00b23433) x 8 0x00000001
core   0: 0x80008efc (0xee6eeb93) ori     s7, t4, -282
core   0: 3 0x80008efc (0xee6eeb93) x23 0xffffffe7
core   0: 0x80008f00 (0x406f8513) addi    a0, t6, 1030
core   0: 3 0x80008f00 (0x406f8513) x10 0x00000406
core   0: 0x80008f04 (0x01eeb333) sltu    t1, t4, t5
core   0: 3 0x80008f04 (0x01eeb333) x 6 0x00000000
core   0: 0x80008f08 (0x00851f13) slli    t5, a0, 8
core   0: 3 0x80008f08 (0x00851f13) x30 0x00040600
core   0: 0x80008f0c (0xfac78293) addi    t0, a5, -84
core   0: 3 0x80008f0c (0xfac78293) x 5 0xe7aed08b
core   0: 0x80008f10 (0xef2ab4b7) lui     s1, 0xef2ab
core   0: 3 0x80008f10 (0xef2ab4b7) x 9 0xef2ab000
core   0: 0x80008f14 (0x014e5db3) srl     s11, t3, s4
core   0: 3 0x80008f14 (0x014e5db3) x27 0x00000001
core   0: 0x80008f18 (0xcac24893) xori    a7, tp, -852
core   0: 3 0x80008f18 (0xcac24893) x17 0xfffffcac
core   0: 0x80008f1c (0x9e26fd13) andi    s10, a3, -1566
core   0: 3 0x80008f1c (0x9e26fd13) x26 0x00000000
core   0: 0x80008f20 (0x015b6033) or      zero, s6, s5
core   0: 3 0x80008f20 (0x015b6033)
core   0: 0x80008f24 (0x410e5f33) sra     t5, t3, a6
core   0: 3 0x80008f24 (0x410e5f33) x30 0x00000001
core   0: 0x80008f28 (0x00000013) nop
core   0: 3 0x80008f28 (0x00000013)
core   0: 0x80008f2c (0x005ca033) slt     zero, s9, t0
core   0: 3 0x80008f2c (0x005ca033)
core   0: 0x80008f30 (0x05fce293) ori     t0, s9, 95
core   0: 3 0x80008f30 (0x05fce293) x 5 0x0007ffff
core   0: 0x80008f34 (0xcd4d0713) addi    a4, s10, -812
core   0: 3 0x80008f34 (0xcd4d0713) x14 0xfffffcd4
core   0: 0x80008f38 (0x00c43733) sltu    a4, s0, a2
core   0: 3 0x80008f38 (0x00c43733) x14 0x00000001
core   0: 0x80008f3c (0x01fd5313) srli    t1, s10, 31
core   0: 3 0x80008f3c (0x01fd5313) x 6 0x00000000
core   0: 0x80008f40 (0x00bc1b13) slli    s6, s8, 11
core   0: 3 0x80008f40 (0x00bc1b13) x22 0xffd5b800
core   0: 0x80008f44 (0x00305db3) srl     s11, zero, gp
core   0: 3 0x80008f44 (0x00305db3) x27 0x00000000
core   0: 0x80008f48 (0x0047f0b3) and     ra, a5, tp
core   0: 3 0x80008f48 (0x0047f0b3) x 1 0x00000000
core   0: 0x80008f4c (0xd7caf1b7) lui     gp, 0xd7caf
core   0: 3 0x80008f4c (0xd7caf1b7) x 3 0xd7caf000
core   0: 0x80008f50 (0x41fed413) srai    s0, t4, 31
core   0: 3 0x80008f50 (0x41fed413) x 8 0xffffffff
core   0: 0x80008f54 (0x01eb5a13) srli    s4, s6, 30
core   0: 3 0x80008f54 (0x01eb5a13) x20 0x00000003
core   0: 0x80008f58 (0x00dcc333) xor     t1, s9, a3
core   0: 3 0x80008f58 (0x00dcc333) x 6 0x0007fffe
core   0: 0x80008f5c (0x01f3d6b3) srl     a3, t2, t6
core   0: 3 0x80008f5c (0x01f3d6b3) x13 0x80011e64
core   0: 0x80008f60 (0x017c14b3) sll     s1, s8, s7
core   0: 3 0x80008f60 (0x017c14b3) x 9 0xfffd5b80
core   0: 0x80008f64 (0xadcc0f17) auipc   t5, 0xadcc0
core   0: 3 0x80008f64 (0xadcc0f17) x30 0x2dcc8f64
core   0: 0x80008f68 (0x41d88f33) sub     t5, a7, t4
core   0: 3 0x80008f68 (0x41d88f33) x30 0xfffffce7
core   0: 0x80008f6c (0x00e29713) slli    a4, t0, 14
core   0: 3 0x80008f6c (0x00e29713) x14 0xffffc000
core   0: 0x80008f70 (0x01214fb3) xor     t6, sp, s2
core   0: 3 0x80008f70 (0x01214fb3) x31 0x00000000
core   0: 0x80008f74 (0x29b31837) lui     a6, 0x29b31
core   0: 3 0x80008f74 (0x29b31837) x16 0x29b31000
core   0: 0x80008f78 (0xfff00313) li      t1, -1
core   0: 3 0x80008f78 (0xfff00313) x 6 0xffffffff
core   0: 0x80008f7c (0x00000713) li      a4, 0
core   0: 3 0x80008f7c (0x00000713) x14 0x00000000
core   0: 0x80008f80 (0x80000db7) lui     s11, 0x80000
core   0: 3 0x80008f80 (0x80000db7) x27 0x80000000
core   0: 0x80008f84 (0x00000c93) li      s9, 0
core   0: 3 0x80008f84 (0x00000c93) x25 0x00000000
core   0: 0x80008f88 (0x00000e13) li      t3, 0
core   0: 3 0x80008f88 (0x00000e13) x28 0x00000000
core   0: 0x80008f8c (0x00000193) li      gp, 0
core   0: 3 0x80008f8c (0x00000193) x 3 0x00000000
core   0: 0x80008f90 (0x800000b7) lui     ra, 0x80000
core   0: 3 0x80008f90 (0x800000b7) x 1 0x80000000
core   0: 0x80008f94 (0xfff00813) li      a6, -1
core   0: 3 0x80008f94 (0xfff00813) x16 0xffffffff
core   0: 0x80008f98 (0xf3302c37) lui     s8, 0xf3302
core   0: 3 0x80008f98 (0xf3302c37) x24 0xf3302000
core   0: 0x80008f9c (0xafdc0c13) addi    s8, s8, -1283
core   0: 3 0x80008f9c (0xafdc0c13) x24 0xf3301afd
core   0: 0x80008fa0 (0xfff00293) li      t0, -1
core   0: 3 0x80008fa0 (0xfff00293) x 5 0xffffffff
core   0: 0x80008fa4 (0x00000013) nop
core   0: 3 0x80008fa4 (0x00000013)
core   0: 0x80008fa8 (0xaf1c8193) addi    gp, s9, -1295
core   0: 3 0x80008fa8 (0xaf1c8193) x 3 0xfffffaf1
core   0: 0x80008fac (0x73f31837) lui     a6, 0x73f31
core   0: 3 0x80008fac (0x73f31837) x16 0x73f31000
core   0: 0x80008fb0 (0x8eb0de37) lui     t3, 0x8eb0d
core   0: 3 0x80008fb0 (0x8eb0de37) x28 0x8eb0d000
core   0: 0x80008fb4 (0x01928cb3) add     s9, t0, s9
core   0: 3 0x80008fb4 (0x01928cb3) x25 0xffffffff
core   0: 0x80008fb8 (0xace80093) addi    ra, a6, -1330
core   0: 3 0x80008fb8 (0xace80093) x 1 0x73f30ace
core   0: 0x80008fbc (0x018180b3) add     ra, gp, s8
core   0: 3 0x80008fbc (0x018180b3) x 1 0xf33015ee
core   0: 0x80008fc0 (0x00000013) nop
core   0: 3 0x80008fc0 (0x00000013)
core   0: 0x80008fc4 (0x3dee0d93) addi    s11, t3, 990
core   0: 3 0x80008fc4 (0x3dee0d93) x27 0x8eb0d3de
core   0: 0x80008fc8 (0x01830e33) add     t3, t1, s8
core   0: 3 0x80008fc8 (0x01830e33) x28 0xf3301afc
core   0: 0x80008fcc (0x41bc8733) sub     a4, s9, s11
core   0: 3 0x80008fcc (0x41bc8733) x14 0x714f2c21
core   0: 0x80008fd0 (0x2e122317) auipc   t1, 0x2e122
core   0: 3 0x80008fd0 (0x2e122317) x 6 0xae12afd0
core   0: 0x80008fd4 (0x65328c93) addi    s9, t0, 1619
core   0: 3 0x80008fd4 (0x65328c93) x25 0x00000652
core   0: 0x80008fd8 (0x401c0c33) sub     s8, s8, ra
core   0: 3 0x80008fd8 (0x401c0c33) x24 0x0000050f
core   0: 0x80008fdc (0x00000013) nop
core   0: 3 0x80008fdc (0x00000013)
core   0: 0x80008fe0 (0x72480d93) addi    s11, a6, 1828
core   0: 3 0x80008fe0 (0x72480d93) x27 0x73f31724
core   0: 0x80008fe4 (0x01b081b3) add     gp, ra, s11
core   0: 3 0x80008fe4 (0x01b081b3) x 3 0x67232d12
core   0: 0x80008fe8 (0x00000013) nop
core   0: 3 0x80008fe8 (0x00000013)
core   0: 0x80008fec (0x005e0733) add     a4, t3, t0
core   0: 3 0x80008fec (0x005e0733) x14 0xf3301afb
core   0: 0x80008ff0 (0x41225c13) srai    s8, tp, 18
core   0: 3 0x80008ff0 (0x41225c13) x24 0x00000000
core   0: 0x80008ff4 (0x417e5893) srai    a7, t3, 23
core   0: 3 0x80008ff4 (0x417e5893) x17 0xffffffe6
core   0: 0x80008ff8 (0x353de513) ori     a0, s11, 851
core   0: 3 0x80008ff8 (0x353de513) x10 0x73f31777
core   0: 0x80008ffc (0x01460bb3) add     s7, a2, s4
core   0: 3 0x80008ffc (0x01460bb3) x23 0x80015ce7
core   0: 0x80009000 (0xfd74c013) xori    zero, s1, -41
core   0: 3 0x80009000 (0xfd74c013)
core   0: 0x80009004 (0x00ed0033) add     zero, s10, a4
core   0: 3 0x80009004 (0x00ed0033)
core   0: 0x80009008 (0x00f96933) or      s2, s2, a5
core   0: 3 0x80009008 (0x00f96933) x18 0xe7aed0df
core   0: 0x8000900c (0x000a9f13) slli    t5, s5, 0
core   0: 3 0x8000900c (0x000a9f13) x30 0x00000000
core   0: 0x80009010 (0x90b43d97) auipc   s11, 0x90b43
core   0: 3 0x80009010 (0x90b43d97) x27 0x10b4c010
core   0: 0x80009014 (0x01234db3) xor     s11, t1, s2
core   0: 3 0x80009014 (0x01234db3) x27 0x49bc7f0f
core   0: 0x80009018 (0xc0c8c113) xori    sp, a7, -1012
core   0: 3 0x80009018 (0xc0c8c113) x 2 0x000003ea
core   0: 0x8000901c (0xabca2713) slti    a4, s4, -1348
core   0: 3 0x8000901c (0xabca2713) x14 0x00000000
core   0: 0x80009020 (0x01f41913) slli    s2, s0, 31
core   0: 3 0x80009020 (0x01f41913) x18 0x80000000
core   0: 0x80009024 (0x13bf0713) addi    a4, t5, 315
core   0: 3 0x80009024 (0x13bf0713) x14 0x0000013b
core   0: 0x80009028 (0xd96e7593) andi    a1, t3, -618
core   0: 3 0x80009028 (0xd96e7593) x11 0xf3301894
core   0: 0x8000902c (0x00374533) xor     a0, a4, gp
core   0: 3 0x8000902c (0x00374533) x10 0x67232c29
core   0: 0x80009030 (0x418f5313) srai    t1, t5, 24
core   0: 3 0x80009030 (0x418f5313) x 6 0x00000000
core   0: 0x80009034 (0x41e55c33) sra     s8, a0, t5
core   0: 3 0x80009034 (0x41e55c33) x24 0x67232c29
core   0: 0x80009038 (0x01243a33) sltu    s4, s0, s2
core   0: 3 0x80009038 (0x01243a33) x20 0x00000000
core   0: 0x8000903c (0x0077ceb3) xor     t4, a5, t2
core   0: 3 0x8000903c (0x0077ceb3) x29 0x67afcebb
core   0: 0x80009040 (0x726186b7) lui     a3, 0x72618
core   0: 3 0x80009040 (0x726186b7) x13 0x72618000
core   0: 0x80009044 (0x011dd813) srli    a6, s11, 17
core   0: 3 0x80009044 (0x011dd813) x16 0x000024de
core   0: 0x80009048 (0x80a72917) auipc   s2, 0x80a72
core   0: 3 0x80009048 (0x80a72917) x18 0x00a7b048
core   0: 0x8000904c (0x00000013) nop
core   0: 3 0x8000904c (0x00000013)
core   0: 0x80009050 (0x24128213) addi    tp, t0, 577
core   0: 3 0x80009050 (0x24128213) x 4 0x00000240
core   0: 0x80009054 (0x11740913) addi    s2, s0, 279
core   0: 3 0x80009054 (0x11740913) x18 0x00000116
core   0: 0x80009058 (0x016c92b3) sll     t0, s9, s6
core   0: 3 0x80009058 (0x016c92b3) x 5 0x00000652
core   0: 0x8000905c (0x00b51b93) slli    s7, a0, 11
core   0: 3 0x8000905c (0x00b51b93) x23 0x19614800
core   0: 0x80009060 (0x01cb5193) srli    gp, s6, 28
core   0: 3 0x80009060 (0x01cb5193) x 3 0x0000000f
core   0: 0x80009064 (0x013e84b3) add     s1, t4, s3
core   0: 3 0x80009064 (0x013e84b3) x 9 0x37afce2a
core   0: 0x80009068 (0x002d1313) slli    t1, s10, 2
core   0: 3 0x80009068 (0x002d1313) x 6 0x00000000
core   0: 0x8000906c (0x00fcf0b3) and     ra, s9, a5
core   0: 3 0x8000906c (0x00fcf0b3) x 1 0x00000052
core   0: 0x80009070 (0x40875993) srai    s3, a4, 8
core   0: 3 0x80009070 (0x40875993) x19 0x00000001
core   0: 0x80009074 (0x00689a33) sll     s4, a7, t1
core   0: 3 0x80009074 (0x00689a33) x20 0xffffffe6
core   0: 0x80009078 (0x10c6a137) lui     sp, 0x10c6a
core   0: 3 0x80009078 (0x10c6a137) x 2 0x10c6a000
core   0: 0x8000907c (0xb2737193) andi    gp, t1, -1241
core   0: 3 0x8000907c (0xb2737193) x 3 0x00000000
core   0: 0x80009080 (0x41d08733) sub     a4, ra, t4
core   0: 3 0x80009080 (0x41d08733) x14 0x98503197
core   0: 0x80009084 (0x4135d593) srai    a1, a1, 19
core   0: 3 0x80009084 (0x4135d593) x11 0xfffffe66
core   0: 0x80009088 (0xcdaf8413) addi    s0, t6, -806
core   0: 3 0x80009088 (0xcdaf8413) x 8 0xfffffcda
core   0: 0x8000908c (0x419cd8b3) sra     a7, s9, s9
core   0: 3 0x8000908c (0x419cd8b3) x17 0x00000000
core   0: 0x80009090 (0x40e18fb3) sub     t6, gp, a4
core   0: 3 0x80009090 (0x40e18fb3) x31 0x67afce69
core   0: 0x80009094 (0x4fc38513) addi    a0, t2, 1276
core   0: 3 0x80009094 (0x4fc38513) x10 0x80012360
core   0: 0x80009098 (0xe94fe717) auipc   a4, 0xe94fe
core   0: 3 0x80009098 (0xe94fe717) x14 0x69507098
core   0: 0x8000909c (0x57699037) lui     zero, 0x57699
core   0: 3 0x8000909c (0x57699037)
core   0: 0x800090a0 (0x0177b833) sltu    a6, a5, s7
core   0: 3 0x800090a0 (0x0177b833) x16 0x00000000
core   0: 0x800090a4 (0x46366113) ori     sp, a2, 1123
core   0: 3 0x800090a4 (0x46366113) x 2 0x80015ce7
core   0: 0x800090a8 (0x7a410f13) addi    t5, sp, 1956
core   0: 3 0x800090a8 (0x7a410f13) x30 0x8001648b
core   0: 0x800090ac (0x014a5533) srl     a0, s4, s4
core   0: 3 0x800090ac (0x014a5533) x10 0x03ffffff
core   0: 0x800090b0 (0x0110da13) srli    s4, ra, 17
core   0: 3 0x800090b0 (0x0110da13) x20 0x00000000
core   0: 0x800090b4 (0xa2856297) auipc   t0, 0xa2856
core   0: 3 0x800090b4 (0xa2856297) x 5 0x2285f0b4
core   0: 0x800090b8 (0x0039d513) srli    a0, s3, 3
core   0: 3 0x800090b8 (0x0039d513) x10 0x00000000
core   0: 0x800090bc (0x40e20333) sub     t1, tp, a4
core   0: 3 0x800090bc (0x40e20333) x 6 0x96af91a8
core   0: 0x800090c0 (0x3ac63d93) sltiu   s11, a2, 940
core   0: 3 0x800090c0 (0x3ac63d93) x27 0x00000000
core   0: 0x800090c4 (0x012c1113) slli    sp, s8, 18
core   0: 3 0x800090c4 (0x012c1113) x 2 0xb0a40000
core   0: 0x800090c8 (0x00d39d13) slli    s10, t2, 13
core   0: 3 0x800090c8 (0x00d39d13) x26 0x23cc8000
core   0: 0x800090cc (0x0178cfb3) xor     t6, a7, s7
core   0: 3 0x800090cc (0x0178cfb3) x31 0x19614800
core   0: 0x800090d0 (0x484240b7) lui     ra, 0x48424
core   0: 3 0x800090d0 (0x484240b7) x 1 0x48424000
core   0: 0x800090d4 (0x43d8a913) slti    s2, a7, 1085
core   0: 3 0x800090d4 (0x43d8a913) x18 0x00000001
core   0: 0x800090d8 (0x4050db13) srai    s6, ra, 5
core   0: 3 0x800090d8 (0x4050db13) x22 0x02421200
core   0: 0x800090dc (0x4fe36817) auipc   a6, 0x4fe36
core   0: 3 0x800090dc (0x4fe36817) x16 0xcfe3f0dc
core   0: 0x800090e0 (0xe87abb93) sltiu   s7, s5, -377
core   0: 3 0x800090e0 (0xe87abb93) x23 0x00000001
core   0: 0x800090e4 (0x40bcdf33) sra     t5, s9, a1
core   0: 3 0x800090e4 (0x40bcdf33) x30 0x00000019
core   0: 0x800090e8 (0x01a406b3) add     a3, s0, s10
core   0: 3 0x800090e8 (0x01a406b3) x13 0x23cc7cda
core   0: 0x800090ec (0x93aec093) xori    ra, t4, -1734
core   0: 3 0x800090ec (0x93aec093) x 1 0x98503781
core   0: 0x800090f0 (0x413dd1b3) sra     gp, s11, s3
core   0: 3 0x800090f0 (0x413dd1b3) x 3 0x00000000
core   0: 0x800090f4 (0x006e5693) srli    a3, t3, 6
core   0: 3 0x800090f4 (0x006e5693) x13 0x03ccc06b
core   0: 0x800090f8 (0x44998693) addi    a3, s3, 1097
core   0: 3 0x800090f8 (0x44998693) x13 0x0000044a
core   0: 0x800090fc (0x40508333) sub     t1, ra, t0
core   0: 3 0x800090fc (0x40508333) x 6 0x75ca46cd
core   0: 0x80009100 (0x268c2b13) slti    s6, s8, 616
core   0: 3 0x80009100 (0x268c2b13) x22 0x00000000
core   0: 0x80009104 (0x00000013) nop
core   0: 3 0x80009104 (0x00000013)
core   0: 0x80009108 (0x01bd20b3) slt     ra, s10, s11
core   0: 3 0x80009108 (0x01bd20b3) x 1 0x00000000
core   0: 0x8000910c (0xfd040a13) addi    s4, s0, -48
core   0: 3 0x8000910c (0xfd040a13) x20 0xfffffcaa
core   0: 0x80009110 (0x40195233) sra     tp, s2, ra
core   0: 3 0x80009110 (0x40195233) x 4 0x00000001
core   0: 0x80009114 (0x01cc8533) add     a0, s9, t3
core   0: 3 0x80009114 (0x01cc8533) x10 0xf330214e
core   0: 0x80009118 (0x014c7ab3) and     s5, s8, s4
core   0: 3 0x80009118 (0x014c7ab3) x21 0x67232c28
core   0: 0x8000911c (0x5c716693) ori     a3, sp, 1479
core   0: 3 0x8000911c (0x5c716693) x13 0xb0a405c7
core   0: 0x80009120 (0xbf61ce93) xori    t4, gp, -1034
core   0: 3 0x80009120 (0xbf61ce93) x29 0xfffffbf6
core   0: 0x80009124 (0x005604b3) add     s1, a2, t0
core   0: 3 0x80009124 (0x005604b3) x 9 0xa2874d98
core   0: 0x80009128 (0x8b05b593) sltiu   a1, a1, -1872
core   0: 3 0x80009128 (0x8b05b593) x11 0x00000000
core   0: 0x8000912c (0xf10dc893) xori    a7, s11, -240
core   0: 3 0x8000912c (0xf10dc893) x17 0xffffff10
core   0: 0x80009130 (0x0054d593) srli    a1, s1, 5
core   0: 3 0x80009130 (0x0054d593) x11 0x05143a6c
core   0: 0x80009134 (0x00db9433) sll     s0, s7, a3
core   0: 3 0x80009134 (0x00db9433) x 8 0x00000080
core   0: 0x80009138 (0x0160e6b3) or      a3, ra, s6
core   0: 3 0x80009138 (0x0160e6b3) x13 0x00000000
core   0: 0x8000913c (0xd1037697) auipc   a3, 0xd1037
core   0: 3 0x8000913c (0xd1037697) x13 0x5104013c
core   0: 0x80009140 (0x01929413) slli    s0, t0, 25
core   0: 3 0x80009140 (0x01929413) x 8 0x68000000
core   0: 0x80009144 (0x417786b3) sub     a3, a5, s7
core   0: 3 0x80009144 (0x417786b3) x13 0xe7aed0de
core   0: 0x80009148 (0x8c3bca93) xori    s5, s7, -1853
core   0: 3 0x80009148 (0x8c3bca93) x21 0xfffff8c2
core   0: 0x8000914c (0x0030d813) srli    a6, ra, 3
core   0: 3 0x8000914c (0x0030d813) x16 0x00000000
core   0: 0x80009150 (0x017f1093) slli    ra, t5, 23
core   0: 3 0x80009150 (0x017f1093) x 1 0x0c800000
core   0: 0x80009154 (0xc37496b7) lui     a3, 0xc3749
core   0: 3 0x80009154 (0xc37496b7) x13 0xc3749000
core   0: 0x80009158 (0x2afd8313) addi    t1, s11, 687
core   0: 3 0x80009158 (0x2afd8313) x 6 0x000002af
core   0: 0x8000915c (0xb39bf893) andi    a7, s7, -1223
core   0: 3 0x8000915c (0xb39bf893) x17 0x00000001
core   0: 0x80009160 (0x01bfe913) ori     s2, t6, 27
core   0: 3 0x80009160 (0x01bfe913) x18 0x1961481b
core   0: 0x80009164 (0x00bd74b3) and     s1, s10, a1
core   0: 3 0x80009164 (0x00bd74b3) x 9 0x01040000
core   0: 0x80009168 (0x00996db3) or      s11, s2, s1
core   0: 3 0x80009168 (0x00996db3) x27 0x1965481b
core   0: 0x8000916c (0x78c1a597) auipc   a1, 0x78c1a
core   0: 3 0x8000916c (0x78c1a597) x11 0xf8c2316c
core   0: 0x80009170 (0x013802b3) add     t0, a6, s3
core   0: 3 0x80009170 (0x013802b3) x 5 0x00000001
core   0: 0x80009174 (0x428f2d13) slti    s10, t5, 1064
core   0: 3 0x80009174 (0x428f2d13) x26 0x00000001
core   0: 0x80009178 (0x325a3417) auipc   s0, 0x325a3
core   0: 3 0x80009178 (0x325a3417) x 8 0xb25ac178
core   0: 0x8000917c (0x41ea8f33) sub     t5, s5, t5
core   0: 3 0x8000917c (0x41ea8f33) x30 0xfffff8a9
core   0: 0x80009180 (0x005f7533) and     a0, t5, t0
core   0: 3 0x80009180 (0x005f7533) x10 0x00000001
core   0: 0x80009184 (0x01884e33) xor     t3, a6, s8
core   0: 3 0x80009184 (0x01884e33) x28 0x67232c29
core   0: 0x80009188 (0x0164b8b3) sltu    a7, s1, s6
core   0: 3 0x80009188 (0x0164b8b3) x17 0x00000000
core   0: 0x8000918c (0x40325313) srai    t1, tp, 3
core   0: 3 0x8000918c (0x40325313) x 6 0x00000000
core   0: 0x80009190 (0x41c15c93) srai    s9, sp, 28
core   0: 3 0x80009190 (0x41c15c93) x25 0xfffffffb
core   0: 0x80009194 (0x8f353a93) sltiu   s5, a0, -1805
core   0: 3 0x80009194 (0x8f353a93) x21 0x00000001
core   0: 0x80009198 (0x00df0033) add     zero, t5, a3
core   0: 3 0x80009198 (0x00df0033)
core   0: 0x8000919c (0x0126dbb3) srl     s7, a3, s2
core   0: 3 0x8000919c (0x0126dbb3) x23 0x00000018
core   0: 0x800091a0 (0xe9ec0093) addi    ra, s8, -354
core   0: 3 0x800091a0 (0xe9ec0093) x 1 0x67232ac7
core   0: 0x800091a4 (0xf6050237) lui     tp, 0xf6050
core   0: 3 0x800091a4 (0xf6050237) x 4 0xf6050000
core   0: 0x800091a8 (0x65b710b7) lui     ra, 0x65b71
core   0: 3 0x800091a8 (0x65b710b7) x 1 0x65b71000
core   0: 0x800091ac (0x01a93833) sltu    a6, s2, s10
core   0: 3 0x800091ac (0x01a93833) x16 0x00000000
core   0: 0x800091b0 (0xc20b86b7) lui     a3, 0xc20b8
core   0: 3 0x800091b0 (0xc20b86b7) x13 0xc20b8000
core   0: 0x800091b4 (0x40af80b3) sub     ra, t6, a0
core   0: 3 0x800091b4 (0x40af80b3) x 1 0x196147ff
core   0: 0x800091b8 (0x00ebabb3) slt     s7, s7, a4
core   0: 3 0x800091b8 (0x00ebabb3) x23 0x00000001
core   0: 0x800091bc (0x01c998b3) sll     a7, s3, t3
core   0: 3 0x800091bc (0x01c998b3) x17 0x00000200
core   0: 0x800091c0 (0x0155b533) sltu    a0, a1, s5
core   0: 3 0x800091c0 (0x0155b533) x10 0x00000000
core   0: 0x800091c4 (0x00907933) and     s2, zero, s1
core   0: 3 0x800091c4 (0x00907933) x18 0x00000000
core   0: 0x800091c8 (0x0057d993) srli    s3, a5, 5
core   0: 3 0x800091c8 (0x0057d993) x19 0x073d7686
core   0: 0x800091cc (0x019f36b3) sltu    a3, t5, s9
core   0: 3 0x800091cc (0x019f36b3) x13 0x00000001
core   0: 0x800091d0 (0x01608ab3) add     s5, ra, s6
core   0: 3 0x800091d0 (0x01608ab3) x21 0x196147ff
core   0: 0x800091d4 (0xf1347c13) andi    s8, s0, -237
core   0: 3 0x800091d4 (0xf1347c13) x24 0xb25ac110
core   0: 0x800091d8 (0x41e7d6b3) sra     a3, a5, t5
core   0: 3 0x800091d8 (0x41e7d6b3) x13 0xfff3d768
core   0: 0x800091dc (0x010576b3) and     a3, a0, a6
core   0: 3 0x800091dc (0x010576b3) x13 0x00000000
core   0: 0x800091e0 (0xdc090f13) addi    t5, s2, -576
core   0: 3 0x800091e0 (0xdc090f13) x30 0xfffffdc0
core   0: 0x800091e4 (0x009fd813) srli    a6, t6, 9
core   0: 3 0x800091e4 (0x009fd813) x16 0x000cb0a4
core   0: 0x800091e8 (0x017d9813) slli    a6, s11, 23
core   0: 3 0x800091e8 (0x017d9813) x16 0x0d800000
core   0: 0x800091ec (0x41a60433) sub     s0, a2, s10
core   0: 3 0x800091ec (0x41a60433) x 8 0x80015ce3
core   0: 0x800091f0 (0x00e986b3) add     a3, s3, a4
core   0: 3 0x800091f0 (0x00e986b3) x13 0x708de71e
core   0: 0x800091f4 (0x5a365f97) auipc   t6, 0x5a365
core   0: 3 0x800091f4 (0x5a365f97) x31 0xda36e1f4
core   0: 0x800091f8 (0x001d1313) slli    t1, s10, 1
core   0: 3 0x800091f8 (0x001d1313) x 6 0x00000002
core   0: 0x800091fc (0x00005113) srli    sp, zero, 0
core   0: 3 0x800091fc (0x00005113) x 2 0x00000000
core   0: 0x80009200 (0xd3870b93) addi    s7, a4, -712
core   0: 3 0x80009200 (0xd3870b93) x23 0x69506dd0
core   0: 0x80009204 (0x00c6f733) and     a4, a3, a2
core   0: 3 0x80009204 (0x00c6f733) x14 0x00014404
core   0: 0x80009208 (0x3e404b93) xori    s7, zero, 996
core   0: 3 0x80009208 (0x3e404b93) x23 0x000003e4
core   0: 0x8000920c (0x40005233) sra     tp, zero, zero
core   0: 3 0x8000920c (0x40005233) x 4 0x00000000
core   0: 0x80009210 (0xdc793113) sltiu   sp, s2, -569
core   0: 3 0x80009210 (0xdc793113) x 2 0x00000001
core   0: 0x80009214 (0x00b59693) slli    a3, a1, 11
core   0: 3 0x80009214 (0x00b59693) x13 0x118b6000
core   0: 0x80009218 (0x25f9a293) slti    t0, s3, 607
core   0: 3 0x80009218 (0x25f9a293) x 5 0x00000000
core   0: 0x8000921c (0x007479b3) and     s3, s0, t2
core   0: 3 0x8000921c (0x007479b3) x19 0x80011c60
core   0: 0x80009220 (0x01aae933) or      s2, s5, s10
core   0: 3 0x80009220 (0x01aae933) x18 0x196147ff
core   0: 0x80009224 (0x40775b93) srai    s7, a4, 7
core   0: 3 0x80009224 (0x40775b93) x23 0x00000288
core   0: 0x80009228 (0x01b99d93) slli    s11, s3, 27
core   0: 3 0x80009228 (0x01b99d93) x27 0x00000000
core   0: 0x8000922c (0xfc70f417) auipc   s0, 0xfc70f
core   0: 3 0x8000922c (0xfc70f417) x 8 0x7c71822c
core   0: 0x80009230 (0x01e6e9b3) or      s3, a3, t5
core   0: 3 0x80009230 (0x01e6e9b3) x19 0xfffffdc0
core   0: 0x80009234 (0x42446813) ori     a6, s0, 1060
core   0: 3 0x80009234 (0x42446813) x16 0x7c71862c
core   0: 0x80009238 (0x49763293) sltiu   t0, a2, 1175
core   0: 3 0x80009238 (0x49763293) x 5 0x00000000
core   0: 0x8000923c (0x00000013) nop
core   0: 3 0x8000923c (0x00000013)
core   0: 0x80009240 (0x41e95333) sra     t1, s2, t5
core   0: 3 0x80009240 (0x41e95333) x 6 0x196147ff
core   0: 0x80009244 (0x419e56b3) sra     a3, t3, s9
core   0: 3 0x80009244 (0x419e56b3) x13 0x0000000c
core   0: 0x80009248 (0x41b8dbb3) sra     s7, a7, s11
core   0: 3 0x80009248 (0x41b8dbb3) x23 0x00000200
core   0: 0x8000924c (0x4120d413) srai    s0, ra, 18
core   0: 3 0x8000924c (0x4120d413) x 8 0x00000658
core   0: 0x80009250 (0x00467933) and     s2, a2, tp
core   0: 3 0x80009250 (0x00467933) x18 0x00000000
core   0: 0x80009254 (0x00801a93) slli    s5, zero, 8
core   0: 3 0x80009254 (0x00801a93) x21 0x00000000
core   0: 0x80009258 (0x012f9a93) slli    s5, t6, 18
core   0: 3 0x80009258 (0x012f9a93) x21 0x87d00000
core   0: 0x8000925c (0x0027a833) slt     a6, a5, sp
core   0: 3 0x8000925c (0x0027a833) x16 0x00000001
core   0: 0x80009260 (0x0125b4b3) sltu    s1, a1, s2
core   0: 3 0x80009260 (0x0125b4b3) x 9 0x00000000
core   0: 0x80009264 (0x29c05097) auipc   ra, 0x29c05
core   0: 3 0x80009264 (0x29c05097) x 1 0xa9c0e264
core   0: 0x80009268 (0x1e78cc93) xori    s9, a7, 487
core   0: 3 0x80009268 (0x1e78cc93) x25 0x000003e7
core   0: 0x8000926c (0x004f7433) and     s0, t5, tp
core   0: 3 0x8000926c (0x004f7433) x 8 0x00000000
core   0: 0x80009270 (0x00a6a9b3) slt     s3, a3, a0
core   0: 3 0x80009270 (0x00a6a9b3) x19 0x00000000
core   0: 0x80009274 (0x00cb3f33) sltu    t5, s6, a2
core   0: 3 0x80009274 (0x00cb3f33) x30 0x00000001
core   0: 0x80009278 (0x21dde113) ori     sp, s11, 541
core   0: 3 0x80009278 (0x21dde113) x 2 0x0000021d
core   0: 0x8000927c (0x35c6f693) andi    a3, a3, 860
core   0: 3 0x8000927c (0x35c6f693) x13 0x0000000c
core   0: 0x80009280 (0xdf073e13) sltiu   t3, a4, -528
core   0: 3 0x80009280 (0xdf073e13) x28 0x00000001
core   0: 0x80009284 (0x35a5a813) slti    a6, a1, 858
core   0: 3 0x80009284 (0x35a5a813) x16 0x00000001
core   0: 0x80009288 (0xff287a13) andi    s4, a6, -14
core   0: 3 0x80009288 (0xff287a13) x20 0x00000000
core   0: 0x8000928c (0x6e8a6913) ori     s2, s4, 1768
core   0: 3 0x8000928c (0x6e8a6913) x18 0x000006e8
core   0: 0x80009290 (0x0007ceb3) xor     t4, a5, zero
core   0: 3 0x80009290 (0x0007ceb3) x29 0xe7aed0df
core   0: 0x80009294 (0x9dd9ad97) auipc   s11, 0x9dd9a
core   0: 3 0x80009294 (0x9dd9ad97) x27 0x1dda3294
core   0: 0x80009298 (0x01df0cb3) add     s9, t5, t4
core   0: 3 0x80009298 (0x01df0cb3) x25 0xe7aed0e0
core   0: 0x8000929c (0x40b20033) sub     zero, tp, a1
core   0: 3 0x8000929c (0x40b20033)
core   0: 0x800092a0 (0x578e8c13) addi    s8, t4, 1400
core   0: 3 0x800092a0 (0x578e8c13) x24 0xe7aed657
core   0: 0x800092a4 (0x01c51cb3) sll     s9, a0, t3
core   0: 3 0x800092a4 (0x01c51cb3) x25 0x00000000
core   0: 0x800092a8 (0x9ba4e193) ori     gp, s1, -1606
core   0: 3 0x800092a8 (0x9ba4e193) x 3 0xfffff9ba
core   0: 0x800092ac (0x4111de13) srai    t3, gp, 17
core   0: 3 0x800092ac (0x4111de13) x28 0xffffffff
core   0: 0x800092b0 (0x01345c13) srli    s8, s0, 19
core   0: 3 0x800092b0 (0x01345c13) x24 0x00000000
core   0: 0x800092b4 (0x005645b3) xor     a1, a2, t0
core   0: 3 0x800092b4 (0x005645b3) x11 0x80015ce4
core   0: 0x800092b8 (0x365a66b7) lui     a3, 0x365a6
core   0: 3 0x800092b8 (0x365a66b7) x13 0x365a6000
core   0: 0x800092bc (0x00ac3bb3) sltu    s7, s8, a0
core   0: 3 0x800092bc (0x00ac3bb3) x23 0x00000000
core   0: 0x800092c0 (0x417b5333) sra     t1, s6, s7
core   0: 3 0x800092c0 (0x417b5333) x 6 0x00000000
core   0: 0x800092c4 (0x010cda33) srl     s4, s9, a6
core   0: 3 0x800092c4 (0x010cda33) x20 0x00000000
core   0: 0x800092c8 (0x00000013) nop
core   0: 3 0x800092c8 (0x00000013)
core   0: 0x800092cc (0x012d5a93) srli    s5, s10, 18
core   0: 3 0x800092cc (0x012d5a93) x21 0x00000000
core   0: 0x800092d0 (0xbf966713) ori     a4, a2, -1031
core   0: 3 0x800092d0 (0xbf966713) x14 0xfffffffd
core   0: 0x800092d4 (0x00ba7bb3) and     s7, s4, a1
core   0: 3 0x800092d4 (0x00ba7bb3) x23 0x00000000
core   0: 0x800092d8 (0x016a4f33) xor     t5, s4, s6
core   0: 3 0x800092d8 (0x016a4f33) x30 0x00000000
core   0: 0x800092dc (0x84346693) ori     a3, s0, -1981
core   0: 3 0x800092dc (0x84346693) x13 0xfffff843
core   0: 0x800092e0 (0x0133c8b3) xor     a7, t2, s3
core   0: 3 0x800092e0 (0x0133c8b3) x17 0x80011e64
core   0: 0x800092e4 (0x417001b3) sub     gp, zero, s7
core   0: 3 0x800092e4 (0x417001b3) x 3 0x00000000
core   0: 0x800092e8 (0x00dcc6b3) xor     a3, s9, a3
core   0: 3 0x800092e8 (0x00dcc6b3) x13 0xfffff843
core   0: 0x800092ec (0x984a3a93) sltiu   s5, s4, -1660
core   0: 3 0x800092ec (0x984a3a93) x21 0x00000001
core   0: 0x800092f0 (0x009b5d33) srl     s10, s6, s1
core   0: 3 0x800092f0 (0x009b5d33) x26 0x00000000
core   0: 0x800092f4 (0x00b9dc13) srli    s8, s3, 11
core   0: 3 0x800092f4 (0x00b9dc13) x24 0x00000000
core   0: 0x800092f8 (0xce1c3d93) sltiu   s11, s8, -799
core   0: 3 0x800092f8 (0xce1c3d93) x27 0x00000001
core   0: 0x800092fc (0x85ec0a13) addi    s4, s8, -1954
core   0: 3 0x800092fc (0x85ec0a13) x20 0xfffff85e
core   0: 0x80009300 (0x00000013) nop
core   0: 3 0x80009300 (0x00000013)
core   0: 0x80009304 (0x7a012d13) slti    s10, sp, 1952
core   0: 3 0x80009304 (0x7a012d13) x26 0x00000001
core   0: 0x80009308 (0x8d757113) andi    sp, a0, -1833
core   0: 3 0x80009308 (0x8d757113) x 2 0x00000000
core   0: 0x8000930c (0x4198db33) sra     s6, a7, s9
core   0: 3 0x8000930c (0x4198db33) x22 0x80011e64
core   0: 0x80009310 (0x6e5e3513) sltiu   a0, t3, 1765
core   0: 3 0x80009310 (0x6e5e3513) x10 0x00000000
core   0: 0x80009314 (0x02994893) xori    a7, s2, 41
core   0: 3 0x80009314 (0x02994893) x17 0x000006c1
core   0: 0x80009318 (0x00000013) nop
core   0: 3 0x80009318 (0x00000013)
core   0: 0x8000931c (0x017c4d33) xor     s10, s8, s7
core   0: 3 0x8000931c (0x017c4d33) x26 0x00000000
core   0: 0x80009320 (0x8b4cf313) andi    t1, s9, -1868
core   0: 3 0x80009320 (0x8b4cf313) x 6 0x00000000
core   0: 0x80009324 (0x7d8e1097) auipc   ra, 0x7d8e1
core   0: 3 0x80009324 (0x7d8e1097) x 1 0xfd8ea324
core   0: 0x80009328 (0x518fbc13) sltiu   s8, t6, 1304
core   0: 3 0x80009328 (0x518fbc13) x24 0x00000000
core   0: 0x8000932c (0x0f538e13) addi    t3, t2, 245
core   0: 3 0x8000932c (0x0f538e13) x28 0x80011f59
core   0: 0x80009330 (0xa5be2913) slti    s2, t3, -1445
core   0: 3 0x80009330 (0xa5be2913) x18 0x00000001
core   0: 0x80009334 (0xd178ca93) xori    s5, a7, -745
core   0: 3 0x80009334 (0xd178ca93) x21 0xfffffbd6
core   0: 0x80009338 (0x9b658093) addi    ra, a1, -1610
core   0: 3 0x80009338 (0x9b658093) x 1 0x8001569a
core   0: 0x8000933c (0xf6d42593) slti    a1, s0, -147
core   0: 3 0x8000933c (0xf6d42593) x11 0x00000000
core   0: 0x80009340 (0x7d00c713) xori    a4, ra, 2000
core   0: 3 0x80009340 (0x7d00c713) x14 0x8001514a
core   0: 0x80009344 (0xee702213) slti    tp, zero, -281
core   0: 3 0x80009344 (0xee702213) x 4 0x00000000
core   0: 0x80009348 (0x01a13c33) sltu    s8, sp, s10
core   0: 3 0x80009348 (0x01a13c33) x24 0x00000000
core   0: 0x8000934c (0x016f4733) xor     a4, t5, s6
core   0: 3 0x8000934c (0x016f4733) x14 0x80011e64
core   0: 0x80009350 (0x606e6b93) ori     s7, t3, 1542
core   0: 3 0x80009350 (0x606e6b93) x23 0x80011f5f
core   0: 0x80009354 (0x55e26b93) ori     s7, tp, 1374
core   0: 3 0x80009354 (0x55e26b93) x23 0x0000055e
core   0: 0x80009358 (0x41b20ab3) sub     s5, tp, s11
core   0: 3 0x80009358 (0x41b20ab3) x21 0xffffffff
core   0: 0x8000935c (0x010040b3) xor     ra, zero, a6
core   0: 3 0x8000935c (0x010040b3) x 1 0x00000001
core   0: 0x80009360 (0x01a70533) add     a0, a4, s10
core   0: 3 0x80009360 (0x01a70533) x10 0x80011e64
core   0: 0x80009364 (0x9e7ea313) slti    t1, t4, -1561
core   0: 3 0x80009364 (0x9e7ea313) x 6 0x00000001
core   0: 0x80009368 (0x0074b6b3) sltu    a3, s1, t2
core   0: 3 0x80009368 (0x0074b6b3) x13 0x00000001
core   0: 0x8000936c (0x595b2893) slti    a7, s6, 1429
core   0: 3 0x8000936c (0x595b2893) x17 0x00000001
core   0: 0x80009370 (0x00000013) nop
core   0: 3 0x80009370 (0x00000013)
core   0: 0x80009374 (0x00000013) nop
core   0: 3 0x80009374 (0x00000013)
core   0: 0x80009378 (0x005ca433) slt     s0, s9, t0
core   0: 3 0x80009378 (0x005ca433) x 8 0x00000000
core   0: 0x8000937c (0x1457ae37) lui     t3, 0x1457a
core   0: 3 0x8000937c (0x1457ae37) x28 0x1457a000
core   0: 0x80009380 (0xfacd6813) ori     a6, s10, -84
core   0: 3 0x80009380 (0xfacd6813) x16 0xffffffac
core   0: 0x80009384 (0x01befe33) and     t3, t4, s11
core   0: 3 0x80009384 (0x01befe33) x28 0x00000001
core   0: 0x80009388 (0x00c56e33) or      t3, a0, a2
core   0: 3 0x80009388 (0x00c56e33) x28 0x80015ee4
core   0: 0x8000938c (0x00be54b3) srl     s1, t3, a1
core   0: 3 0x8000938c (0x00be54b3) x 9 0x80015ee4
core   0: 0x80009390 (0x01c410b3) sll     ra, s0, t3
core   0: 3 0x80009390 (0x01c410b3) x 1 0x00000000
core   0: 0x80009394 (0x00c141b3) xor     gp, sp, a2
core   0: 3 0x80009394 (0x00c141b3) x 3 0x80015ce4
core   0: 0x80009398 (0x01010133) add     sp, sp, a6
core   0: 3 0x80009398 (0x01010133) x 2 0xffffffac
core   0: 0x8000939c (0xda627317) auipc   t1, 0xda627
core   0: 3 0x8000939c (0xda627317) x 6 0x5a63039c
core   0: 0x800093a0 (0x6dfbcb17) auipc   s6, 0x6dfbc
core   0: 3 0x800093a0 (0x6dfbcb17) x22 0xedfc53a0
core   0: 0x800093a4 (0x013bbdb3) sltu    s11, s7, s3
core   0: 3 0x800093a4 (0x013bbdb3) x27 0x00000000
core   0: 0x800093a8 (0x956c7293) andi    t0, s8, -1706
core   0: 3 0x800093a8 (0x956c7293) x 5 0x00000000
core   0: 0x800093ac (0x896f2993) slti    s3, t5, -1898
core   0: 3 0x800093ac (0x896f2993) x19 0x00000000
core   0: 0x800093b0 (0x18590893) addi    a7, s2, 389
core   0: 3 0x800093b0 (0x18590893) x17 0x00000186
core   0: 0x800093b4 (0x1fb5b713) sltiu   a4, a1, 507
core   0: 3 0x800093b4 (0x1fb5b713) x14 0x00000001
core   0: 0x800093b8 (0x0020c533) xor     a0, ra, sp
core   0: 3 0x800093b8 (0x0020c533) x10 0xffffffac
core   0: 0x800093bc (0xba908413) addi    s0, ra, -1111
core   0: 3 0x800093bc (0xba908413) x 8 0xfffffba9
core   0: 0x800093c0 (0x00966a33) or      s4, a2, s1
core   0: 3 0x800093c0 (0x00966a33) x20 0x80015ee4
core   0: 0x800093c4 (0x00000013) nop
core   0: 3 0x800093c4 (0x00000013)
core   0: 0x800093c8 (0x01e608b3) add     a7, a2, t5
core   0: 3 0x800093c8 (0x01e608b3) x17 0x80015ce4
core   0: 0x800093cc (0x00c325b3) slt     a1, t1, a2
core   0: 3 0x800093cc (0x00c325b3) x11 0x00000000
core   0: 0x800093d0 (0xcd23b813) sltiu   a6, t2, -814
core   0: 3 0x800093d0 (0xcd23b813) x16 0x00000001
core   0: 0x800093d4 (0x413b5cb3) sra     s9, s6, s3
core   0: 3 0x800093d4 (0x413b5cb3) x25 0xedfc53a0
core   0: 0x800093d8 (0x68a18bb7) lui     s7, 0x68a18
core   0: 3 0x800093d8 (0x68a18bb7) x23 0x68a18000
core   0: 0x800093dc (0x40e30233) sub     tp, t1, a4
core   0: 3 0x800093dc (0x40e30233) x 4 0x5a63039b
core   0: 0x800093e0 (0x419f0833) sub     a6, t5, s9
core   0: 3 0x800093e0 (0x419f0833) x16 0x1203ac60
core   0: 0x800093e4 (0x41acd6b3) sra     a3, s9, s10
core   0: 3 0x800093e4 (0x41acd6b3) x13 0xedfc53a0
core   0: 0x800093e8 (0x003ede33) srl     t3, t4, gp
core   0: 3 0x800093e8 (0x003ede33) x28 0x0e7aed0d
core   0: 0x800093ec (0x41d50133) sub     sp, a0, t4
core   0: 3 0x800093ec (0x41d50133) x 2 0x18512ecd
core   0: 0x800093f0 (0x00f0fab3) and     s5, ra, a5
core   0: 3 0x800093f0 (0x00f0fab3) x21 0x00000000
core   0: 0x800093f4 (0x4039d493) srai    s1, s3, 3
core   0: 3 0x800093f4 (0x4039d493) x 9 0x00000000
core   0: 0x800093f8 (0x00d85cb3) srl     s9, a6, a3
core   0: 3 0x800093f8 (0x00d85cb3) x25 0x1203ac60
core   0: 0x800093fc (0x70784097) auipc   ra, 0x70784
core   0: 3 0x800093fc (0x70784097) x 1 0xf078d3fc
core   0: 0x80009400 (0x414e0ab3) sub     s5, t3, s4
core   0: 3 0x80009400 (0x414e0ab3) x21 0x8e798e29
core   0: 0x80009404 (0x00877933) and     s2, a4, s0
core   0: 3 0x80009404 (0x00877933) x18 0x00000001
core   0: 0x80009408 (0xf10a2e93) slti    t4, s4, -240
core   0: 3 0x80009408 (0xf10a2e93) x29 0x00000001
core   0: 0x8000940c (0x00606333) or      t1, zero, t1
core   0: 3 0x8000940c (0x00606333) x 6 0x5a63039c
core   0: 0x80009410 (0x00000013) nop
core   0: 3 0x80009410 (0x00000013)
core   0: 0x80009414 (0x000624b3) slt     s1, a2, zero
core   0: 3 0x80009414 (0x000624b3) x 9 0x00000001
core   0: 0x80009418 (0xb3a7b037) lui     zero, 0xb3a7b
core   0: 3 0x80009418 (0xb3a7b037)
core   0: 0x8000941c (0x00000013) nop
core   0: 3 0x8000941c (0x00000013)
core   0: 0x80009420 (0x0080ba33) sltu    s4, ra, s0
core   0: 3 0x80009420 (0x0080ba33) x20 0x00000001
core   0: 0x80009424 (0xdce3ae13) slti    t3, t2, -562
core   0: 3 0x80009424 (0xdce3ae13) x28 0x00000001
core   0: 0x80009428 (0x00591193) slli    gp, s2, 5
core   0: 3 0x80009428 (0x00591193) x 3 0x00000020
core   0: 0x8000942c (0x01ddffb3) and     t6, s11, t4
core   0: 3 0x8000942c (0x01ddffb3) x31 0x00000000
core   0: 0x80009430 (0x0166f233) and     tp, a3, s6
core   0: 3 0x80009430 (0x0166f233) x 4 0xedfc53a0
core   0: 0x80009434 (0x016db333) sltu    t1, s11, s6
core   0: 3 0x80009434 (0x016db333) x 6 0x00000001
core   0: 0x80009438 (0x00225d33) srl     s10, tp, sp
core   0: 3 0x80009438 (0x00225d33) x26 0x00076fe2
core   0: 0x8000943c (0x4c937813) andi    a6, t1, 1225
core   0: 3 0x8000943c (0x4c937813) x16 0x00000001
core   0: 0x80009440 (0xc913c817) auipc   a6, 0xc913c
core   0: 3 0x80009440 (0xc913c817) x16 0x49145440
core   0: 0x80009444 (0x01a38ab3) add     s5, t2, s10
core   0: 3 0x80009444 (0x01a38ab3) x21 0x80088e46
core   0: 0x80009448 (0x4144d2b3) sra     t0, s1, s4
core   0: 3 0x80009448 (0x4144d2b3) x 5 0x00000000
core   0: 0x8000944c (0x00ea4833) xor     a6, s4, a4
core   0: 3 0x8000944c (0x00ea4833) x16 0x00000000
core   0: 0x80009450 (0xde772493) slti    s1, a4, -537
core   0: 3 0x80009450 (0xde772493) x 9 0x00000000
core   0: 0x80009454 (0x017ffab3) and     s5, t6, s7
core   0: 3 0x80009454 (0x017ffab3) x21 0x00000000
core   0: 0x80009458 (0x019e1e93) slli    t4, t3, 25
core   0: 3 0x80009458 (0x019e1e93) x29 0x02000000
core   0: 0x8000945c (0x00000013) nop
core   0: 3 0x8000945c (0x00000013)
core   0: 0x80009460 (0x00cef933) and     s2, t4, a2
core   0: 3 0x80009460 (0x00cef933) x18 0x00000000
core   0: 0x80009464 (0x00165893) srli    a7, a2, 1
core   0: 3 0x80009464 (0x00165893) x17 0x4000ae72
core   0: 0x80009468 (0x63847d37) lui     s10, 0x63847
core   0: 3 0x80009468 (0x63847d37) x26 0x63847000
core   0: 0x8000946c (0x01edd693) srli    a3, s11, 30
core   0: 3 0x8000946c (0x01edd693) x13 0x00000000
core   0: 0x80009470 (0x01e07533) and     a0, zero, t5
core   0: 3 0x80009470 (0x01e07533) x10 0x00000000
core   0: 0x80009474 (0xf5c72137) lui     sp, 0xf5c72
core   0: 3 0x80009474 (0xf5c72137) x 2 0xf5c72000
core   0: 0x80009478 (0x00d861b3) or      gp, a6, a3
core   0: 3 0x80009478 (0x00d861b3) x 3 0x00000000
core   0: 0x8000947c (0x01aedcb3) srl     s9, t4, s10
core   0: 3 0x8000947c (0x01aedcb3) x25 0x02000000
core   0: 0x80009480 (0x402e01b3) sub     gp, t3, sp
core   0: 3 0x80009480 (0x402e01b3) x 3 0x0a38e001
core   0: 0x80009484 (0x00396433) or      s0, s2, gp
core   0: 3 0x80009484 (0x00396433) x 8 0x0a38e001
core   0: 0x80009488 (0x9c200013) li      zero, -1598
core   0: 3 0x80009488 (0x9c200013)
core   0: 0x8000948c (0x00b99333) sll     t1, s3, a1
core   0: 3 0x8000948c (0x00b99333) x 6 0x00000000
core   0: 0x80009490 (0x403b50b3) sra     ra, s6, gp
core   0: 3 0x80009490 (0x403b50b3) x 1 0xf6fe29d0
core   0: 0x80009494 (0x01656333) or      t1, a0, s6
core   0: 3 0x80009494 (0x01656333) x 6 0xedfc53a0
core   0: 0x80009498 (0x3acfae37) lui     t3, 0x3acfa
core   0: 3 0x80009498 (0x3acfae37) x28 0x3acfa000
core   0: 0x8000949c (0x0008fe33) and     t3, a7, zero
core   0: 3 0x8000949c (0x0008fe33) x28 0x00000000
core   0: 0x800094a0 (0x5e578a13) addi    s4, a5, 1509
core   0: 3 0x800094a0 (0x5e578a13) x20 0xe7aed6c4
core   0: 0x800094a4 (0x16fe60b7) lui     ra, 0x16fe6
core   0: 3 0x800094a4 (0x16fe60b7) x 1 0x16fe6000
core   0: 0x800094a8 (0x406e5cb3) sra     s9, t3, t1
core   0: 3 0x800094a8 (0x406e5cb3) x25 0x00000000
core   0: 0x800094ac (0x01459233) sll     tp, a1, s4
core   0: 3 0x800094ac (0x01459233) x 4 0x00000000
core   0: 0x800094b0 (0x001b9893) slli    a7, s7, 1
core   0: 3 0x800094b0 (0x001b9893) x17 0xd1430000
core   0: 0x800094b4 (0x972aa093) slti    ra, s5, -1678
core   0: 3 0x800094b4 (0x972aa093) x 1 0x00000000
core   0: 0x800094b8 (0x0eddd417) auipc   s0, 0xeddd
core   0: 3 0x800094b8 (0x0eddd417) x 8 0x8ede64b8
core   0: 0x800094bc (0x2b13c813) xori    a6, t2, 689
core   0: 3 0x800094bc (0x2b13c813) x16 0x80011cd5
core   0: 0x800094c0 (0x416fd813) srai    a6, t6, 22
core   0: 3 0x800094c0 (0x416fd813) x16 0x00000000
core   0: 0x800094c4 (0x0022f533) and     a0, t0, sp
core   0: 3 0x800094c4 (0x0022f533) x10 0x00000000
core   0: 0x800094c8 (0x00000013) nop
core   0: 3 0x800094c8 (0x00000013)
core   0: 0x800094cc (0x017a58b3) srl     a7, s4, s7
core   0: 3 0x800094cc (0x017a58b3) x17 0xe7aed6c4
core   0: 0x800094d0 (0x00be5ab3) srl     s5, t3, a1
core   0: 3 0x800094d0 (0x00be5ab3) x21 0x00000000
core   0: 0x800094d4 (0x79786713) ori     a4, a6, 1943
core   0: 3 0x800094d4 (0x79786713) x14 0x00000797
core   0: 0x800094d8 (0x00000013) nop
core   0: 3 0x800094d8 (0x00000013)
core   0: 0x800094dc (0xfa96a693) slti    a3, a3, -87
core   0: 3 0x800094dc (0xfa96a693) x13 0x00000000
core   0: 0x800094e0 (0x019f2b33) slt     s6, t5, s9
core   0: 3 0x800094e0 (0x019f2b33) x22 0x00000000
core   0: 0x800094e4 (0x00ed3433) sltu    s0, s10, a4
core   0: 3 0x800094e4 (0x00ed3433) x 8 0x00000000
core   0: 0x800094e8 (0x4029d033) sra     zero, s3, sp
core   0: 3 0x800094e8 (0x4029d033)
core   0: 0x800094ec (0xc6befe13) andi    t3, t4, -917
core   0: 3 0x800094ec (0xc6befe13) x28 0x02000000
core   0: 0x800094f0 (0x4010d813) srai    a6, ra, 1
core   0: 3 0x800094f0 (0x4010d813) x16 0x00000000
core   0: 0x800094f4 (0x007f1033) sll     zero, t5, t2
core   0: 3 0x800094f4 (0x007f1033)
core   0: 0x800094f8 (0x5b5ebe93) sltiu   t4, t4, 1461
core   0: 3 0x800094f8 (0x5b5ebe93) x29 0x00000000
core   0: 0x800094fc (0x00000013) nop
core   0: 3 0x800094fc (0x00000013)
core   0: 0x80009500 (0x40925a93) srai    s5, tp, 9
core   0: 3 0x80009500 (0x40925a93) x21 0x00000000
core   0: 0x80009504 (0x013c4833) xor     a6, s8, s3
core   0: 3 0x80009504 (0x013c4833) x16 0x00000000
core   0: 0x80009508 (0x9679ee93) ori     t4, s3, -1689
core   0: 3 0x80009508 (0x9679ee93) x29 0xfffff967
core   0: 0x8000950c (0x002bac33) slt     s8, s7, sp
core   0: 3 0x8000950c (0x002bac33) x24 0x00000000
core   0: 0x80009510 (0x92d9b693) sltiu   a3, s3, -1747
core   0: 3 0x80009510 (0x92d9b693) x13 0x00000001
core   0: 0x80009514 (0x014b60b3) or      ra, s6, s4
core   0: 3 0x80009514 (0x014b60b3) x 1 0xe7aed6c4
core   0: 0x80009518 (0x41688b33) sub     s6, a7, s6
core   0: 3 0x80009518 (0x41688b33) x22 0xe7aed6c4
core   0: 0x8000951c (0x014ed693) srli    a3, t4, 20
core   0: 3 0x8000951c (0x014ed693) x13 0x00000fff
core   0: 0x80009520 (0x006b5933) srl     s2, s6, t1
core   0: 3 0x80009520 (0x006b5933) x18 0xe7aed6c4
core   0: 0x80009524 (0x411a5193) srai    gp, s4, 17
core   0: 3 0x80009524 (0x411a5193) x 3 0xfffff3d7
core   0: 0x80009528 (0x00976e33) or      t3, a4, s1
core   0: 3 0x80009528 (0x00976e33) x28 0x00000797
core   0: 0x8000952c (0x014a8a33) add     s4, s5, s4
core   0: 3 0x8000952c (0x014a8a33) x20 0xe7aed6c4
core   0: 0x80009530 (0x008269b3) or      s3, tp, s0
core   0: 3 0x80009530 (0x008269b3) x19 0x00000000
core   0: 0x80009534 (0x81e48437) lui     s0, 0x81e48
core   0: 3 0x80009534 (0x81e48437) x 8 0x81e48000
core   0: 0x80009538 (0xe6ef3d13) sltiu   s10, t5, -402
core   0: 3 0x80009538 (0xe6ef3d13) x26 0x00000001
core   0: 0x8000953c (0x00ed9a13) slli    s4, s11, 14
core   0: 3 0x8000953c (0x00ed9a13) x20 0x00000000
core   0: 0x80009540 (0x1064f213) andi    tp, s1, 262
core   0: 3 0x80009540 (0x1064f213) x 4 0x00000000
core   0: 0x80009544 (0xdbc7b913) sltiu   s2, a5, -580
core   0: 3 0x80009544 (0xdbc7b913) x18 0x00000001
core   0: 0x80009548 (0x41b3d013) srai    zero, t2, 27
core   0: 3 0x80009548 (0x41b3d013)
core   0: 0x8000954c (0x6623f293) andi    t0, t2, 1634
core   0: 3 0x8000954c (0x6623f293) x 5 0x00000660
core   0: 0x80009550 (0x3656b813) sltiu   a6, a3, 869
core   0: 3 0x80009550 (0x3656b813) x16 0x00000000
core   0: 0x80009554 (0x01269f33) sll     t5, a3, s2
core   0: 3 0x80009554 (0x01269f33) x30 0x00001ffe
core   0: 0x80009558 (0x00000013) nop
core   0: 3 0x80009558 (0x00000013)
core   0: 0x8000955c (0x00f1e033) or      zero, gp, a5
core   0: 3 0x8000955c (0x00f1e033)
core   0: 0x80009560 (0x8b543b13) sltiu   s6, s0, -1867
core   0: 3 0x80009560 (0x8b543b13) x22 0x00000001
core   0: 0x80009564 (0x4939edb7) lui     s11, 0x4939e
core   0: 3 0x80009564 (0x4939edb7) x27 0x4939e000
core   0: 0x80009568 (0x01288733) add     a4, a7, s2
core   0: 3 0x80009568 (0x01288733) x14 0xe7aed6c5
core   0: 0x8000956c (0x0036f5b3) and     a1, a3, gp
core   0: 3 0x8000956c (0x0036f5b3) x11 0x000003d7
core   0: 0x80009570 (0x41c4da93) srai    s5, s1, 28
core   0: 3 0x80009570 (0x41c4da93) x21 0x00000000
core   0: 0x80009574 (0x0008cdb3) xor     s11, a7, zero
core   0: 3 0x80009574 (0x0008cdb3) x27 0xe7aed6c4
core   0: 0x80009578 (0x010f0cb3) add     s9, t5, a6
core   0: 3 0x80009578 (0x010f0cb3) x25 0x00001ffe
core   0: 0x8000957c (0x012475b3) and     a1, s0, s2
core   0: 3 0x8000957c (0x012475b3) x11 0x00000000
core   0: 0x80009580 (0x01de7f33) and     t5, t3, t4
core   0: 3 0x80009580 (0x01de7f33) x30 0x00000107
core   0: 0x80009584 (0x1423c713) xori    a4, t2, 322
core   0: 3 0x80009584 (0x1423c713) x14 0x80011f26
core   0: 0x80009588 (0x4b73b517) auipc   a0, 0x4b73b
core   0: 3 0x80009588 (0x4b73b517) x10 0xcb744588
core   0: 0x8000958c (0x00000013) nop
core   0: 3 0x8000958c (0x00000013)
core   0: 0x80009590 (0x681f0713) addi    a4, t5, 1665
core   0: 3 0x80009590 (0x681f0713) x14 0x00000788
core   0: 0x80009594 (0x0014adb3) slt     s11, s1, ra
core   0: 3 0x80009594 (0x0014adb3) x27 0x00000000
core   0: 0x80009598 (0x01466db3) or      s11, a2, s4
core   0: 3 0x80009598 (0x01466db3) x27 0x80015ce4
core   0: 0x8000959c (0xfed04f13) xori    t5, zero, -19
core   0: 3 0x8000959c (0xfed04f13) x30 0xffffffed
core   0: 0x800095a0 (0x74440013) addi    zero, s0, 1860
core   0: 3 0x800095a0 (0x74440013)
core   0: 0x800095a4 (0x00000013) nop
core   0: 3 0x800095a4 (0x00000013)
core   0: 0x800095a8 (0x018a91b3) sll     gp, s5, s8
core   0: 3 0x800095a8 (0x018a91b3) x 3 0x00000000
core   0: 0x800095ac (0x0199f5b3) and     a1, s3, s9
core   0: 3 0x800095ac (0x0199f5b3) x11 0x00000000
core   0: 0x800095b0 (0x00000013) nop
core   0: 3 0x800095b0 (0x00000013)
core   0: 0x800095b4 (0x1a0cb713) sltiu   a4, s9, 416
core   0: 3 0x800095b4 (0x1a0cb713) x14 0x00000000
core   0: 0x800095b8 (0x0012dc33) srl     s8, t0, ra
core   0: 3 0x800095b8 (0x0012dc33) x24 0x00000066
core   0: 0x800095bc (0x1ef3c293) xori    t0, t2, 495
core   0: 3 0x800095bc (0x1ef3c293) x 5 0x80011f8b
core   0: 0x800095c0 (0xb32d2e13) slti    t3, s10, -1230
core   0: 3 0x800095c0 (0xb32d2e13) x28 0x00000000
core   0: 0x800095c4 (0xe7632e13) slti    t3, t1, -394
core   0: 3 0x800095c4 (0xe7632e13) x28 0x00000001
core   0: 0x800095c8 (0xd6d90c93) addi    s9, s2, -659
core   0: 3 0x800095c8 (0xd6d90c93) x25 0xfffffd6e
core   0: 0x800095cc (0x00cd0eb3) add     t4, s10, a2
core   0: 3 0x800095cc (0x00cd0eb3) x29 0x80015ce5
core   0: 0x800095d0 (0x01ad9eb3) sll     t4, s11, s10
core   0: 3 0x800095d0 (0x01ad9eb3) x29 0x0002b9c8
core   0: 0x800095d4 (0x4e78a8b7) lui     a7, 0x4e78a
core   0: 3 0x800095d4 (0x4e78a8b7) x17 0x4e78a000
core   0: 0x800095d8 (0x00b56b33) or      s6, a0, a1
core   0: 3 0x800095d8 (0x00b56b33) x22 0xcb744588
core   0: 0x800095dc (0x71ba3c13) sltiu   s8, s4, 1819
core   0: 3 0x800095dc (0x71ba3c13) x24 0x00000001
core   0: 0x800095e0 (0x01afd033) srl     zero, t6, s10
core   0: 3 0x800095e0 (0x01afd033)
core   0: 0x800095e4 (0xa5fb2813) slti    a6, s6, -1441
core   0: 3 0x800095e4 (0xa5fb2813) x16 0x00000001
core   0: 0x800095e8 (0x002795b3) sll     a1, a5, sp
core   0: 3 0x800095e8 (0x002795b3) x11 0xe7aed0df
core   0: 0x800095ec (0x1f347113) andi    sp, s0, 499
core   0: 3 0x800095ec (0x1f347113) x 2 0x00000000
core   0: 0x800095f0 (0x011432b3) sltu    t0, s0, a7
core   0: 3 0x800095f0 (0x011432b3) x 5 0x00000000
core   0: 0x800095f4 (0x00000013) nop
core   0: 3 0x800095f4 (0x00000013)
core   0: 0x800095f8 (0xb4c3c293) xori    t0, t2, -1204
core   0: 3 0x800095f8 (0xb4c3c293) x 5 0x7ffee528
core   0: 0x800095fc (0x18970c13) addi    s8, a4, 393
core   0: 3 0x800095fc (0x18970c13) x24 0x00000189
core   0: 0x80009600 (0x004f5313) srli    t1, t5, 4
core   0: 3 0x80009600 (0x004f5313) x 6 0x0ffffffe
core   0: 0x80009604 (0x931aae37) lui     t3, 0x931aa
core   0: 3 0x80009604 (0x931aae37) x28 0x931aa000
core   0: 0x80009608 (0x005b9db3) sll     s11, s7, t0
core   0: 3 0x80009608 (0x005b9db3) x27 0xa1800000
core   0: 0x8000960c (0x374d7313) andi    t1, s10, 884
core   0: 3 0x8000960c (0x374d7313) x 6 0x00000000
core   0: 0x80009610 (0x7d322d93) slti    s11, tp, 2003
core   0: 3 0x80009610 (0x7d322d93) x27 0x00000001
core   0: 0x80009614 (0x25368b13) addi    s6, a3, 595
core   0: 3 0x80009614 (0x25368b13) x22 0x00001252
core   0: 0x80009618 (0x014d1c93) slli    s9, s10, 20
core   0: 3 0x80009618 (0x014d1c93) x25 0x00100000
core   0: 0x8000961c (0x00673533) sltu    a0, a4, t1
core   0: 3 0x8000961c (0x00673533) x10 0x00000000
core   0: 0x80009620 (0x5114ed13) ori     s10, s1, 1297
core   0: 3 0x80009620 (0x5114ed13) x26 0x00000511
core   0: 0x80009624 (0x8ccf0f37) lui     t5, 0x8ccf0
core   0: 3 0x80009624 (0x8ccf0f37) x30 0x8ccf0000
core   0: 0x80009628 (0x01ae18b3) sll     a7, t3, s10
core   0: 3 0x80009628 (0x01ae18b3) x17 0x40000000
core   0: 0x8000962c (0x0126b5b3) sltu    a1, a3, s2
core   0: 3 0x8000962c (0x0126b5b3) x11 0x00000000
core   0: 0x80009630 (0xc2ddf813) andi    a6, s11, -979
core   0: 3 0x80009630 (0xc2ddf813) x16 0x00000001
core   0: 0x80009634 (0x5ed43593) sltiu   a1, s0, 1517
core   0: 3 0x80009634 (0x5ed43593) x11 0x00000000
core   0: 0x80009638 (0x1928a413) slti    s0, a7, 402
core   0: 3 0x80009638 (0x1928a413) x 8 0x00000000
core   0: 0x8000963c (0x00297db3) and     s11, s2, sp
core   0: 3 0x8000963c (0x00297db3) x27 0x00000000
core   0: 0x80009640 (0x5a7f0c13) addi    s8, t5, 1447
core   0: 3 0x80009640 (0x5a7f0c13) x24 0x8ccf05a7
core   0: 0x80009644 (0x01bba933) slt     s2, s7, s11
core   0: 3 0x80009644 (0x01bba933) x18 0x00000000
core   0: 0x80009648 (0x00000013) nop
core   0: 3 0x80009648 (0x00000013)
core   0: 0x8000964c (0x01132bb3) slt     s7, t1, a7
core   0: 3 0x8000964c (0x01132bb3) x23 0x00000001
core   0: 0x80009650 (0xcfd67093) andi    ra, a2, -771
core   0: 3 0x80009650 (0xcfd67093) x 1 0x80015ce4
core   0: 0x80009654 (0x00a3b733) sltu    a4, t2, a0
core   0: 3 0x80009654 (0x00a3b733) x14 0x00000000
core   0: 0x80009658 (0x0007e2b3) or      t0, a5, zero
core   0: 3 0x80009658 (0x0007e2b3) x 5 0xe7aed0df
core   0: 0x8000965c (0x98328c93) addi    s9, t0, -1661
core   0: 3 0x8000965c (0x98328c93) x25 0xe7aeca62
core   0: 0x80009660 (0x01bbd693) srli    a3, s7, 27
core   0: 3 0x80009660 (0x01bbd693) x13 0x00000000
core   0: 0x80009664 (0x014d7db3) and     s11, s10, s4
core   0: 3 0x80009664 (0x014d7db3) x27 0x00000000
core   0: 0x80009668 (0x01481033) sll     zero, a6, s4
core   0: 3 0x80009668 (0x01481033)
core   0: 0x8000966c (0x01cb9293) slli    t0, s7, 28
core   0: 3 0x8000966c (0x01cb9293) x 5 0x10000000
core   0: 0x80009670 (0xa363ef93) ori     t6, t2, -1482
core   0: 3 0x80009670 (0xa363ef93) x31 0xfffffe76
core   0: 0x80009674 (0x00ba1a13) slli    s4, s4, 11
core   0: 3 0x80009674 (0x00ba1a13) x20 0x00000000
core   0: 0x80009678 (0x00c63b33) sltu    s6, a2, a2
core   0: 3 0x80009678 (0x00c63b33) x22 0x00000000
core   0: 0x8000967c (0x015d8b33) add     s6, s11, s5
core   0: 3 0x8000967c (0x015d8b33) x22 0x00000000
core   0: 0x80009680 (0xe662c493) xori    s1, t0, -410
core   0: 3 0x80009680 (0xe662c493) x 9 0xeffffe66
core   0: 0x80009684 (0x4056a513) slti    a0, a3, 1029
core   0: 3 0x80009684 (0x4056a513) x10 0x00000001
core   0: 0x80009688 (0xabf804b7) lui     s1, 0xabf80
core   0: 3 0x80009688 (0xabf804b7) x 9 0xabf80000
core   0: 0x8000968c (0x01019913) slli    s2, gp, 16
core   0: 3 0x8000968c (0x01019913) x18 0x00000000
core   0: 0x80009690 (0x00a3fcb3) and     s9, t2, a0
core   0: 3 0x80009690 (0x00a3fcb3) x25 0x00000000
core   0: 0x80009694 (0x41c201b3) sub     gp, tp, t3
core   0: 3 0x80009694 (0x41c201b3) x 3 0x6ce56000
core   0: 0x80009698 (0x41d3df93) srai    t6, t2, 29
core   0: 3 0x80009698 (0x41d3df93) x31 0xfffffffc
core   0: 0x8000969c (0x0185d133) srl     sp, a1, s8
core   0: 3 0x8000969c (0x0185d133) x 2 0x00000000
core   0: 0x800096a0 (0x00e8bcb3) sltu    s9, a7, a4
core   0: 3 0x800096a0 (0x00e8bcb3) x25 0x00000000
core   0: 0x800096a4 (0x0044c6b3) xor     a3, s1, tp
core   0: 3 0x800096a4 (0x0044c6b3) x13 0xabf80000
core   0: 0x800096a8 (0x00736b33) or      s6, t1, t2
core   0: 3 0x800096a8 (0x00736b33) x22 0x80011e64
core   0: 0x800096ac (0x403bde33) sra     t3, s7, gp
core   0: 3 0x800096ac (0x403bde33) x28 0x00000001
core   0: 0x800096b0 (0x41a0df33) sra     t5, ra, s10
core   0: 3 0x800096b0 (0x41a0df33) x30 0xffffc000
core   0: 0x800096b4 (0x00ab2737) lui     a4, 0xab2
core   0: 3 0x800096b4 (0x00ab2737) x14 0x00ab2000
core   0: 0x800096b8 (0x003f3c33) sltu    s8, t5, gp
core   0: 3 0x800096b8 (0x003f3c33) x24 0x00000000
core   0: 0x800096bc (0x0176dd93) srli    s11, a3, 23
core   0: 3 0x800096bc (0x0176dd93) x27 0x00000157
core   0: 0x800096c0 (0x01879ab3) sll     s5, a5, s8
core   0: 3 0x800096c0 (0x01879ab3) x21 0xe7aed0df
core   0: 0x800096c4 (0x41605733) sra     a4, zero, s6
core   0: 3 0x800096c4 (0x41605733) x14 0x00000000
core   0: 0x800096c8 (0xccde1b37) lui     s6, 0xccde1
core   0: 3 0x800096c8 (0xccde1b37) x22 0xccde1000
core   0: 0x800096cc (0x01bbedb3) or      s11, s7, s11
core   0: 3 0x800096cc (0x01bbedb3) x27 0x00000157
core   0: 0x800096d0 (0x01ddd733) srl     a4, s11, t4
core   0: 3 0x800096d0 (0x01ddd733) x14 0x00000001
core   0: 0x800096d4 (0x41368433) sub     s0, a3, s3
core   0: 3 0x800096d4 (0x41368433) x 8 0xabf80000
core   0: 0x800096d8 (0x00fbdb93) srli    s7, s7, 15
core   0: 3 0x800096d8 (0x00fbdb93) x23 0x00000000
core   0: 0x800096dc (0x8fccc293) xori    t0, s9, -1796
core   0: 3 0x800096dc (0x8fccc293) x 5 0xfffff8fc
core   0: 0x800096e0 (0x009fd313) srli    t1, t6, 9
core   0: 3 0x800096e0 (0x009fd313) x 6 0x007fffff
core   0: 0x800096e4 (0xa27d3c93) sltiu   s9, s10, -1497
core   0: 3 0x800096e4 (0xa27d3c93) x25 0x00000001
core   0: 0x800096e8 (0x40cd5213) srai    tp, s10, 12
core   0: 3 0x800096e8 (0x40cd5213) x 4 0x00000000
core   0: 0x800096ec (0x15862597) auipc   a1, 0x15862
core   0: 3 0x800096ec (0x15862597) x11 0x9586b6ec
core   0: 0x800096f0 (0xb3d62e13) slti    t3, a2, -1219
core   0: 3 0x800096f0 (0xb3d62e13) x28 0x00000001
core   0: 0x800096f4 (0xfcfed017) auipc   zero, 0xfcfed
core   0: 3 0x800096f4 (0xfcfed017)
core   0: 0x800096f8 (0x005ec833) xor     a6, t4, t0
core   0: 3 0x800096f8 (0x005ec833) x16 0xfffd4134
core   0: 0x800096fc (0x01645293) srli    t0, s0, 22
core   0: 3 0x800096fc (0x01645293) x 5 0x000002af
core   0: 0x80009700 (0x9d56ac13) slti    s8, a3, -1579
core   0: 3 0x80009700 (0x9d56ac13) x24 0x00000001
core   0: 0x80009704 (0x01585c13) srli    s8, a6, 21
core   0: 3 0x80009704 (0x01585c13) x24 0x000007ff
core   0: 0x80009708 (0x00000013) nop
core   0: 3 0x80009708 (0x00000013)
core   0: 0x8000970c (0x00000013) nop
core   0: 3 0x8000970c (0x00000013)
core   0: 0x80009710 (0x0007aeb3) slt     t4, a5, zero
core   0: 3 0x80009710 (0x0007aeb3) x29 0x00000001
core   0: 0x80009714 (0xe383ae13) slti    t3, t2, -456
core   0: 3 0x80009714 (0xe383ae13) x28 0x00000001
core   0: 0x80009718 (0x01324db3) xor     s11, tp, s3
core   0: 3 0x80009718 (0x01324db3) x27 0x00000000
core   0: 0x8000971c (0xe3cef313) andi    t1, t4, -452
core   0: 3 0x8000971c (0xe3cef313) x 6 0x00000000
core   0: 0x80009720 (0x000e94b3) sll     s1, t4, zero
core   0: 3 0x80009720 (0x000e94b3) x 9 0x00000001
core   0: 0x80009724 (0x00028c33) add     s8, t0, zero
core   0: 3 0x80009724 (0x00028c33) x24 0x000002af
core   0: 0x80009728 (0x01e19093) slli    ra, gp, 30
core   0: 3 0x80009728 (0x01e19093) x 1 0x00000000
core   0: 0x8000972c (0x0ea17493) andi    s1, sp, 234
core   0: 3 0x8000972c (0x0ea17493) x 9 0x00000000
core   0: 0x80009730 (0x018a9a33) sll     s4, s5, s8
core   0: 3 0x80009730 (0x018a9a33) x20 0x686f8000
core   0: 0x80009734 (0xc2802013) slti    zero, zero, -984
core   0: 3 0x80009734 (0xc2802013)
core   0: 0x80009738 (0x41485d13) srai    s10, a6, 20
core   0: 3 0x80009738 (0x41485d13) x26 0xffffffff
core   0: 0x8000973c (0xbe376413) ori     s0, a4, -1053
core   0: 3 0x8000973c (0xbe376413) x 8 0xfffffbe3
core   0: 0x80009740 (0x00649993) slli    s3, s1, 6
core   0: 3 0x80009740 (0x00649993) x19 0x00000000
core   0: 0x80009744 (0x003eb133) sltu    sp, t4, gp
core   0: 3 0x80009744 (0x003eb133) x 2 0x00000001
core   0: 0x80009748 (0x411ed093) srai    ra, t4, 17
core   0: 3 0x80009748 (0x411ed093) x 1 0x00000000
core   0: 0x8000974c (0xd6ee4e13) xori    t3, t3, -658
core   0: 3 0x8000974c (0xd6ee4e13) x28 0xfffffd6f
core   0: 0x80009750 (0x00d32433) slt     s0, t1, a3
core   0: 3 0x80009750 (0x00d32433) x 8 0x00000000
core   0: 0x80009754 (0xee073cb7) lui     s9, 0xee073
core   0: 3 0x80009754 (0xee073cb7) x25 0xee073000
core   0: 0x80009758 (0x41585913) srai    s2, a6, 21
core   0: 3 0x80009758 (0x41585913) x18 0xffffffff
core   0: 0x8000975c (0x405d5433) sra     s0, s10, t0
core   0: 3 0x8000975c (0x405d5433) x 8 0xffffffff
core   0: 0x80009760 (0x00000013) nop
core   0: 3 0x80009760 (0x00000013)
core   0: 0x80009764 (0x0129db17) auipc   s6, 0x129d
core   0: 3 0x80009764 (0x0129db17) x22 0x812a6764
core   0: 0x80009768 (0x01b4be33) sltu    t3, s1, s11
core   0: 3 0x80009768 (0x01b4be33) x28 0x00000000
core   0: 0x8000976c (0x2fca4813) xori    a6, s4, 764
core   0: 3 0x8000976c (0x2fca4813) x16 0x686f82fc
core   0: 0x80009770 (0x006511b3) sll     gp, a0, t1
core   0: 3 0x80009770 (0x006511b3) x 3 0x00000001
core   0: 0x80009774 (0x29896a97) auipc   s5, 0x29896
core   0: 3 0x80009774 (0x29896a97) x21 0xa989f774
core   0: 0x80009778 (0x012e59b3) srl     s3, t3, s2
core   0: 3 0x80009778 (0x012e59b3) x19 0x00000000
core   0: 0x8000977c (0x01ab9d33) sll     s10, s7, s10
core   0: 3 0x8000977c (0x01ab9d33) x26 0x00000000
core   0: 0x80009780 (0xfcb04d13) xori    s10, zero, -53
core   0: 3 0x80009780 (0xfcb04d13) x26 0xffffffcb
core   0: 0x80009784 (0x0109ac33) slt     s8, s3, a6
core   0: 3 0x80009784 (0x0109ac33) x24 0x00000001
core   0: 0x80009788 (0x415302b3) sub     t0, t1, s5
core   0: 3 0x80009788 (0x415302b3) x 5 0x5676088c
core   0: 0x8000978c (0x004f51b3) srl     gp, t5, tp
core   0: 3 0x8000978c (0x004f51b3) x 3 0xffffc000
core   0: 0x80009790 (0x88288a93) addi    s5, a7, -1918
core   0: 3 0x80009790 (0x88288a93) x21 0x3ffff882
core   0: 0x80009794 (0x32db9917) auipc   s2, 0x32db9
core   0: 3 0x80009794 (0x32db9917) x18 0xb2dc2794
core   0: 0x80009798 (0x41b38333) sub     t1, t2, s11
core   0: 3 0x80009798 (0x41b38333) x 6 0x80011e64
core   0: 0x8000979c (0x004fa5b3) slt     a1, t6, tp
core   0: 3 0x8000979c (0x004fa5b3) x11 0x00000001
core   0: 0x800097a0 (0x41190a33) sub     s4, s2, a7
core   0: 3 0x800097a0 (0x41190a33) x20 0x72dc2794
core   0: 0x800097a4 (0x325afc13) andi    s8, s5, 805
core   0: 3 0x800097a4 (0x325afc13) x24 0x00000000
core   0: 0x800097a8 (0x00345c33) srl     s8, s0, gp
core   0: 3 0x800097a8 (0x00345c33) x24 0xffffffff
core   0: 0x800097ac (0x00766f33) or      t5, a2, t2
core   0: 3 0x800097ac (0x00766f33) x30 0x80015ee4
core   0: 0x800097b0 (0x007e9fb3) sll     t6, t4, t2
core   0: 3 0x800097b0 (0x007e9fb3) x31 0x00000010
core   0: 0x800097b4 (0x003eb033) sltu    zero, t4, gp
core   0: 3 0x800097b4 (0x003eb033)
core   0: 0x800097b8 (0x00729e33) sll     t3, t0, t2
core   0: 3 0x800097b8 (0x00729e33) x28 0x676088c0
core   0: 0x800097bc (0x00000013) nop
core   0: 3 0x800097bc (0x00000013)
core   0: 0x800097c0 (0x00671113) slli    sp, a4, 6
core   0: 3 0x800097c0 (0x00671113) x 2 0x00000040
core   0: 0x800097c4 (0x41cbdc33) sra     s8, s7, t3
core   0: 3 0x800097c4 (0x41cbdc33) x24 0x00000000
core   0: 0x800097c8 (0x018cd233) srl     tp, s9, s8
core   0: 3 0x800097c8 (0x018cd233) x 4 0xee073000
core   0: 0x800097cc (0x01671033) sll     zero, a4, s6
core   0: 3 0x800097cc (0x01671033)
core   0: 0x800097d0 (0xbaf58093) addi    ra, a1, -1105
core   0: 3 0x800097d0 (0xbaf58093) x 1 0xfffffbb0
core   0: 0x800097d4 (0x00cb5293) srli    t0, s6, 12
core   0: 3 0x800097d4 (0x00cb5293) x 5 0x000812a6
core   0: 0x800097d8 (0x4000d9b3) sra     s3, ra, zero
core   0: 3 0x800097d8 (0x4000d9b3) x19 0xfffffbb0
core   0: 0x800097dc (0x00000013) nop
core   0: 3 0x800097dc (0x00000013)
core   0: 0x800097e0 (0x4057dd13) srai    s10, a5, 5
core   0: 3 0x800097e0 (0x4057dd13) x26 0xff3d7686
core   0: 0x800097e4 (0x5d73bc93) sltiu   s9, t2, 1495
core   0: 3 0x800097e4 (0x5d73bc93) x25 0x00000000
core   0: 0x800097e8 (0x1cb43693) sltiu   a3, s0, 459
core   0: 3 0x800097e8 (0x1cb43693) x13 0x00000000
core   0: 0x800097ec (0xd1e50713) addi    a4, a0, -738
core   0: 3 0x800097ec (0xd1e50713) x14 0xfffffd1f
core   0: 0x800097f0 (0x00ce2c33) slt     s8, t3, a2
core   0: 3 0x800097f0 (0x00ce2c33) x24 0x00000000
core   0: 0x800097f4 (0x00000013) nop
core   0: 3 0x800097f4 (0x00000013)
core   0: 0x800097f8 (0x003205b3) add     a1, tp, gp
core   0: 3 0x800097f8 (0x003205b3) x11 0xee06f000
core   0: 0x800097fc (0x40a30bb3) sub     s7, t1, a0
core   0: 3 0x800097fc (0x40a30bb3) x23 0x80011e63
core   0: 0x80009800 (0x40698733) sub     a4, s3, t1
core   0: 3 0x80009800 (0x40698733) x14 0x7ffedd4c
core   0: 0x80009804 (0x274dfbb7) lui     s7, 0x274df
core   0: 3 0x80009804 (0x274dfbb7) x23 0x274df000
core   0: 0x80009808 (0x8db37b17) auipc   s6, 0x8db37
core   0: 3 0x80009808 (0x8db37b17) x22 0x0db40808
core   0: 0x8000980c (0x00551593) slli    a1, a0, 5
core   0: 3 0x8000980c (0x00551593) x11 0x00000020
core   0: 0x80009810 (0x00000013) nop
core   0: 3 0x80009810 (0x00000013)
core   0: 0x80009814 (0x00ad9d13) slli    s10, s11, 10
core   0: 3 0x80009814 (0x00ad9d13) x26 0x00000000
core   0: 0x80009818 (0x00c3d413) srli    s0, t2, 12
core   0: 3 0x80009818 (0x00c3d413) x 8 0x00080011
core   0: 0x8000981c (0x01df1533) sll     a0, t5, t4
core   0: 3 0x8000981c (0x01df1533) x10 0x0002bdc8
core   0: 0x80009820 (0x89097213) andi    tp, s2, -1904
core   0: 3 0x80009820 (0x89097213) x 4 0xb2dc2090
core   0: 0x80009824 (0x4020d713) srai    a4, ra, 2
core   0: 3 0x80009824 (0x4020d713) x14 0xfffffeec
core   0: 0x80009828 (0xf65ca313) slti    t1, s9, -155
core   0: 3 0x80009828 (0xf65ca313) x 6 0x00000000
core   0: 0x8000982c (0xe0827093) andi    ra, tp, -504
core   0: 3 0x8000982c (0xe0827093) x 1 0xb2dc2000
core   0: 0x80009830 (0x0143e1b3) or      gp, t2, s4
core   0: 3 0x80009830 (0x0143e1b3) x 3 0xf2dd3ff4
core   0: 0x80009834 (0x0000a733) slt     a4, ra, zero
core   0: 3 0x80009834 (0x0000a733) x14 0x00000001
core   0: 0x80009838 (0x7032c493) xori    s1, t0, 1795
core   0: 3 0x80009838 (0x7032c493) x 9 0x000815a5
core   0: 0x8000983c (0x003be233) or      tp, s7, gp
core   0: 3 0x8000983c (0x003be233) x 4 0xf7ddfff4
core   0: 0x80009840 (0x01499f13) slli    t5, s3, 20
core   0: 3 0x80009840 (0x01499f13) x30 0xbb000000
core   0: 0x80009844 (0x016d5e33) srl     t3, s10, s6
core   0: 3 0x80009844 (0x016d5e33) x28 0x00000000
core   0: 0x80009848 (0x947b04b7) lui     s1, 0x947b0
core   0: 3 0x80009848 (0x947b04b7) x 9 0x947b0000
core   0: 0x8000984c (0x24320013) addi    zero, tp, 579
core   0: 3 0x8000984c (0x24320013)
core   0: 0x80009850 (0xb4061db7) lui     s11, 0xb4061
core   0: 3 0x80009850 (0xb4061db7) x27 0xb4061000
core   0: 0x80009854 (0xb3a12013) slti    zero, sp, -1222
core   0: 3 0x80009854 (0xb3a12013)
core   0: 0x80009858 (0x012c71b3) and     gp, s8, s2
core   0: 3 0x80009858 (0x012c71b3) x 3 0x00000000
core   0: 0x8000985c (0xb0f8bf13) sltiu   t5, a7, -1265
core   0: 3 0x8000985c (0xb0f8bf13) x30 0x00000001
core   0: 0x80009860 (0x01755e33) srl     t3, a0, s7
core   0: 3 0x80009860 (0x01755e33) x28 0x0002bdc8
core   0: 0x80009864 (0x01fd49b3) xor     s3, s10, t6
core   0: 3 0x80009864 (0x01fd49b3) x19 0x00000010
core   0: 0x80009868 (0x40715a13) srai    s4, sp, 7
core   0: 3 0x80009868 (0x40715a13) x20 0x00000000
core   0: 0x8000986c (0x00483a33) sltu    s4, a6, tp
core   0: 3 0x8000986c (0x00483a33) x20 0x00000001
core   0: 0x80009870 (0xfcaf82b7) lui     t0, 0xfcaf8
core   0: 3 0x80009870 (0xfcaf82b7) x 5 0xfcaf8000
core   0: 0x80009874 (0xade20337) lui     t1, 0xade20
core   0: 3 0x80009874 (0xade20337) x 6 0xade20000
core   0: 0x80009878 (0x6dc8f013) andi    zero, a7, 1756
core   0: 3 0x80009878 (0x6dc8f013)
core   0: 0x8000987c (0x6cf97d93) andi    s11, s2, 1743
core   0: 3 0x8000987c (0x6cf97d93) x27 0x00000684
core   0: 0x80009880 (0x67285597) auipc   a1, 0x67285
core   0: 3 0x80009880 (0x67285597) x11 0xe728e880
core   0: 0x80009884 (0x0158beb3) sltu    t4, a7, s5
core   0: 3 0x80009884 (0x0158beb3) x29 0x00000000
core   0: 0x80009888 (0x01db9693) slli    a3, s7, 29
core   0: 3 0x80009888 (0x01db9693) x13 0x00000000
core   0: 0x8000988c (0x40805e33) sra     t3, zero, s0
core   0: 3 0x8000988c (0x40805e33) x28 0x00000000
core   0: 0x80009890 (0x00e724b3) slt     s1, a4, a4
core   0: 3 0x80009890 (0x00e724b3) x 9 0x00000000
core   0: 0x80009894 (0x413ed9b3) sra     s3, t4, s3
core   0: 3 0x80009894 (0x413ed9b3) x19 0x00000000
core   0: 0x80009898 (0xe4fba193) slti    gp, s7, -433
core   0: 3 0x80009898 (0xe4fba193) x 3 0x00000000
core   0: 0x8000989c (0x0100eeb3) or      t4, ra, a6
core   0: 3 0x8000989c (0x0100eeb3) x29 0xfaffa2fc
core   0: 0x800098a0 (0x40c9d693) srai    a3, s3, 12
core   0: 3 0x800098a0 (0x40c9d693) x13 0x00000000
core   0: 0x800098a4 (0x00703cb3) snez    s9, t2
core   0: 3 0x800098a4 (0x00703cb3) x25 0x00000001
core   0: 0x800098a8 (0x00000013) nop
core   0: 3 0x800098a8 (0x00000013)
core   0: 0x800098ac (0x401fda33) sra     s4, t6, ra
core   0: 3 0x800098ac (0x401fda33) x20 0x00000010
core   0: 0x800098b0 (0x01491433) sll     s0, s2, s4
core   0: 3 0x800098b0 (0x01491433) x 8 0x27940000
core   0: 0x800098b4 (0xa31fff13) andi    t5, t6, -1487
core   0: 3 0x800098b4 (0xa31fff13) x30 0x00000010
core   0: 0x800098b8 (0x01161b93) slli    s7, a2, 17
core   0: 3 0x800098b8 (0x01161b93) x23 0xb9c80000
core   0: 0x800098bc (0x007e91b3) sll     gp, t4, t2
core   0: 3 0x800098bc (0x007e91b3) x 3 0xaffa2fc0
core   0: 0x800098c0 (0x01e31bb3) sll     s7, t1, t5
core   0: 3 0x800098c0 (0x01e31bb3) x23 0x00000000
core   0: 0x800098c4 (0x01cfa4b3) slt     s1, t6, t3
core   0: 3 0x800098c4 (0x01cfa4b3) x 9 0x00000000
core   0: 0x800098c8 (0x0098a8b3) slt     a7, a7, s1
core   0: 3 0x800098c8 (0x0098a8b3) x17 0x00000000
core   0: 0x800098cc (0x13ca51b7) lui     gp, 0x13ca5
core   0: 3 0x800098cc (0x13ca51b7) x 3 0x13ca5000
core   0: 0x800098d0 (0x0004c833) xor     a6, s1, zero
core   0: 3 0x800098d0 (0x0004c833) x16 0x00000000
core   0: 0x800098d4 (0x0124e9b3) or      s3, s1, s2
core   0: 3 0x800098d4 (0x0124e9b3) x19 0xb2dc2794
core   0: 0x800098d8 (0x0156a333) slt     t1, a3, s5
core   0: 3 0x800098d8 (0x0156a333) x 6 0x00000001
core   0: 0x800098dc (0x012ad833) srl     a6, s5, s2
core   0: 3 0x800098dc (0x012ad833) x16 0x000003ff
core   0: 0x800098e0 (0x0c00f193) andi    gp, ra, 192
core   0: 3 0x800098e0 (0x0c00f193) x 3 0x00000000
core   0: 0x800098e4 (0xb6c90293) addi    t0, s2, -1172
core   0: 3 0x800098e4 (0xb6c90293) x 5 0xb2dc2300
core   0: 0x800098e8 (0x41a15a93) srai    s5, sp, 26
core   0: 3 0x800098e8 (0x41a15a93) x21 0x00000000
core   0: 0x800098ec (0x016bd5b3) srl     a1, s7, s6
core   0: 3 0x800098ec (0x016bd5b3) x11 0x00000000
core   0: 0x800098f0 (0x408f54b3) sra     s1, t5, s0
core   0: 3 0x800098f0 (0x408f54b3) x 9 0x00000010
core   0: 0x800098f4 (0x001bca33) xor     s4, s7, ra
core   0: 3 0x800098f4 (0x001bca33) x20 0xb2dc2000
core   0: 0x800098f8 (0x55cde313) ori     t1, s11, 1372
core   0: 3 0x800098f8 (0x55cde313) x 6 0x000007dc
core   0: 0x800098fc (0x412759b3) sra     s3, a4, s2
core   0: 3 0x800098fc (0x412759b3) x19 0x00000000
core   0: 0x80009900 (0x014ab2b3) sltu    t0, s5, s4
core   0: 3 0x80009900 (0x014ab2b3) x 5 0x00000001
core   0: 0x80009904 (0x8c0c3f13) sltiu   t5, s8, -1856
core   0: 3 0x80009904 (0x8c0c3f13) x30 0x00000001
core   0: 0x80009908 (0x40325693) srai    a3, tp, 3
core   0: 3 0x80009908 (0x40325693) x13 0xfefbbffe
core   0: 0x8000990c (0x01eb5c33) srl     s8, s6, t5
core   0: 3 0x8000990c (0x01eb5c33) x24 0x06da0404
core   0: 0x80009910 (0xb564eb93) ori     s7, s1, -1194
core   0: 3 0x80009910 (0xb564eb93) x23 0xfffffb56
core   0: 0x80009914 (0x601dc093) xori    ra, s11, 1537
core   0: 3 0x80009914 (0x601dc093) x 1 0x00000085
core   0: 0x80009918 (0x273e38b7) lui     a7, 0x273e3
core   0: 3 0x80009918 (0x273e38b7) x17 0x273e3000
core   0: 0x8000991c (0x01b38fb3) add     t6, t2, s11
core   0: 3 0x8000991c (0x01b38fb3) x31 0x800124e8
core   0: 0x80009920 (0x26d46993) ori     s3, s0, 621
core   0: 3 0x80009920 (0x26d46993) x19 0x2794026d
core   0: 0x80009924 (0x01882233) slt     tp, a6, s8
core   0: 3 0x80009924 (0x01882233) x 4 0x00000001
core   0: 0x80009928 (0x01761693) slli    a3, a2, 23
core   0: 3 0x80009928 (0x01761693) x13 0x72000000
core   0: 0x8000992c (0xac542c13) slti    s8, s0, -1339
core   0: 3 0x8000992c (0xac542c13) x24 0x00000000
core   0: 0x80009930 (0x00000013) nop
core   0: 3 0x80009930 (0x00000013)
core   0: 0x80009934 (0x00c7e1b3) or      gp, a5, a2
core   0: 3 0x80009934 (0x00c7e1b3) x 3 0xe7afdcff
core   0: 0x80009938 (0x00997933) and     s2, s2, s1
core   0: 3 0x80009938 (0x00997933) x18 0x00000010
core   0: 0x8000993c (0x5bce8f93) addi    t6, t4, 1468
core   0: 3 0x8000993c (0x5bce8f93) x31 0xfaffa8b8
core   0: 0x80009940 (0x41768eb3) sub     t4, a3, s7
core   0: 3 0x80009940 (0x41768eb3) x29 0x720004aa
core   0: 0x80009944 (0x6591cf93) xori    t6, gp, 1625
core   0: 3 0x80009944 (0x6591cf93) x31 0xe7afdaa6
core   0: 0x80009948 (0x40ffd1b3) sra     gp, t6, a5
core   0: 3 0x80009948 (0x40ffd1b3) x 3 0xffffffff
core   0: 0x8000994c (0x01fa36b3) sltu    a3, s4, t6
core   0: 3 0x8000994c (0x01fa36b3) x13 0x00000001
core   0: 0x80009950 (0x002d3db3) sltu    s11, s10, sp
core   0: 3 0x80009950 (0x002d3db3) x27 0x00000001
core   0: 0x80009954 (0x41f75233) sra     tp, a4, t6
core   0: 3 0x80009954 (0x41f75233) x 4 0x00000000
core   0: 0x80009958 (0x01086a33) or      s4, a6, a6
core   0: 3 0x80009958 (0x01086a33) x20 0x000003ff
core   0: 0x8000995c (0x4aa9fa37) lui     s4, 0x4aa9f
core   0: 3 0x8000995c (0x4aa9fa37) x20 0x4aa9f000
core   0: 0x80009960 (0xad1a0a13) addi    s4, s4, -1327
core   0: 3 0x80009960 (0xad1a0a13) x20 0x4aa9ead1
core   0: 0x80009964 (0x147000b7) lui     ra, 0x14700
core   0: 3 0x80009964 (0x147000b7) x 1 0x14700000
core   0: 0x80009968 (0x9ea08093) addi    ra, ra, -1558
core   0: 3 0x80009968 (0x9ea08093) x 1 0x146ff9ea
core   0: 0x8000996c (0x00000513) li      a0, 0
core   0: 3 0x8000996c (0x00000513) x10 0x00000000
core   0: 0x80009970 (0x2ba61237) lui     tp, 0x2ba61
core   0: 3 0x80009970 (0x2ba61237) x 4 0x2ba61000
core   0: 0x80009974 (0x06120213) addi    tp, tp, 97
core   0: 3 0x80009974 (0x06120213) x 4 0x2ba61061
core   0: 0x80009978 (0x800006b7) lui     a3, 0x80000
core   0: 3 0x80009978 (0x800006b7) x13 0x80000000
core   0: 0x8000997c (0xfff00313) li      t1, -1
core   0: 3 0x8000997c (0xfff00313) x 6 0xffffffff
core   0: 0x80009980 (0x80000937) lui     s2, 0x80000
core   0: 3 0x80009980 (0x80000937) x18 0x80000000
core   0: 0x80009984 (0xfff00893) li      a7, -1
core   0: 3 0x80009984 (0xfff00893) x17 0xffffffff
core   0: 0x80009988 (0x80000e37) lui     t3, 0x80000
core   0: 3 0x80009988 (0x80000e37) x28 0x80000000
core   0: 0x8000998c (0x00000713) li      a4, 0
core   0: 3 0x8000998c (0x00000713) x14 0x00000000
core   0: 0x80009990 (0x00000013) nop
core   0: 3 0x80009990 (0x00000013)
core   0: 0x80009994 (0x081c26b7) lui     a3, 0x81c2
core   0: 3 0x80009994 (0x081c26b7) x13 0x081c2000
core   0: 0x80009998 (0x8c1ea537) lui     a0, 0x8c1ea
core   0: 3 0x80009998 (0x8c1ea537) x10 0x8c1ea000
core   0: 0x8000999c (0xb2776937) lui     s2, 0xb2776
core   0: 3 0x8000999c (0xb2776937) x18 0xb2776000
core   0: 0x800099a0 (0x00000013) nop
core   0: 3 0x800099a0 (0x00000013)
core   0: 0x800099a4 (0x004a0e33) add     t3, s4, tp
core   0: 3 0x800099a4 (0x004a0e33) x28 0x764ffb32
core   0: 0x800099a8 (0x004208b3) add     a7, tp, tp
core   0: 3 0x800099a8 (0x004208b3) x17 0x574c20c2
core   0: 0x800099ac (0x12a60e17) auipc   t3, 0x12a60
core   0: 3 0x800099ac (0x12a60e17) x28 0x92a699ac
core   0: 0x800099b0 (0x131fae17) auipc   t3, 0x131fa
core   0: 3 0x800099b0 (0x131fae17) x28 0x932039b0
core   0: 0x800099b4 (0x00000013) nop
core   0: 3 0x800099b4 (0x00000013)
core   0: 0x800099b8 (0x1e1bd517) auipc   a0, 0x1e1bd
core   0: 3 0x800099b8 (0x1e1bd517) x10 0x9e1c69b8
core   0: 0x800099bc (0xb1d68893) addi    a7, a3, -1251
core   0: 3 0x800099bc (0xb1d68893) x17 0x081c1b1d
core   0: 0x800099c0 (0xad130e13) addi    t3, t1, -1327
core   0: 3 0x800099c0 (0xad130e13) x28 0xfffffad0
core   0: 0x800099c4 (0xf1fc9737) lui     a4, 0xf1fc9
core   0: 3 0x800099c4 (0xf1fc9737) x14 0xf1fc9000
core   0: 0x800099c8 (0x2fc8c917) auipc   s2, 0x2fc8c
core   0: 3 0x800099c8 (0x2fc8c917) x18 0xafc959c8
core   0: 0x800099cc (0x00000013) nop
core   0: 3 0x800099cc (0x00000013)
core   0: 0x800099d0 (0x00000013) nop
core   0: 3 0x800099d0 (0x00000013)
core   0: 0x800099d4 (0x4d937313) andi    t1, t1, 1241
core   0: 3 0x800099d4 (0x4d937313) x 6 0x000004d9
core   0: 0x800099d8 (0xbcb22113) slti    sp, tp, -1077
core   0: 3 0x800099d8 (0xbcb22113) x 2 0x00000000
core   0: 0x800099dc (0x00711d33) sll     s10, sp, t2
core   0: 3 0x800099dc (0x00711d33) x26 0x00000000
core   0: 0x800099e0 (0x162fc913) xori    s2, t6, 354
core   0: 3 0x800099e0 (0x162fc913) x18 0xe7afdbc4
core   0: 0x800099e4 (0xef03c213) xori    tp, t2, -272
core   0: 3 0x800099e4 (0xef03c213) x 4 0x7ffee094
core   0: 0x800099e8 (0x00ec8433) add     s0, s9, a4
core   0: 3 0x800099e8 (0x00ec8433) x 8 0xf1fc9001
core   0: 0x800099ec (0x00000013) nop
core   0: 3 0x800099ec (0x00000013)
core   0: 0x800099f0 (0xa53d4493) xori    s1, s10, -1453
core   0: 3 0x800099f0 (0xa53d4493) x 9 0xfffffa53
core   0: 0x800099f4 (0x99584813) xori    a6, a6, -1643
core   0: 3 0x800099f4 (0x99584813) x16 0xfffffa6a
core   0: 0x800099f8 (0x003c50b3) srl     ra, s8, gp
core   0: 3 0x800099f8 (0x003c50b3) x 1 0x00000000
core   0: 0x800099fc (0x003a74b3) and     s1, s4, gp
core   0: 3 0x800099fc (0x003a74b3) x 9 0x4aa9ead1
core   0: 0x80009a00 (0x00e6f0b3) and     ra, a3, a4
core   0: 3 0x80009a00 (0x00e6f0b3) x 1 0x001c0000
core   0: 0x80009a04 (0xdbfb84b7) lui     s1, 0xdbfb8
core   0: 3 0x80009a04 (0xdbfb84b7) x 9 0xdbfb8000
core   0: 0x80009a08 (0xde3e2493) slti    s1, t3, -541
core   0: 3 0x80009a08 (0xde3e2493) x 9 0x00000001
core   0: 0x80009a0c (0x01ee40b3) xor     ra, t3, t5
core   0: 3 0x80009a0c (0x01ee40b3) x 1 0xfffffad1
core   0: 0x80009a10 (0x0044eeb3) or      t4, s1, tp
core   0: 3 0x80009a10 (0x0044eeb3) x29 0x7ffee095
core   0: 0x80009a14 (0xe59d0913) addi    s2, s10, -423
core   0: 3 0x80009a14 (0xe59d0913) x18 0xfffffe59
core   0: 0x80009a18 (0x8149fc13) andi    s8, s3, -2028
core   0: 3 0x80009a18 (0x8149fc13) x24 0x27940004
core   0: 0x80009a1c (0x008d1693) slli    a3, s10, 8
core   0: 3 0x80009a1c (0x008d1693) x13 0x00000000
core   0: 0x80009a20 (0x2056a917) auipc   s2, 0x2056a
core   0: 3 0x80009a20 (0x2056a917) x18 0xa0573a20
core   0: 0x80009a24 (0x00000013) nop
core   0: 3 0x80009a24 (0x00000013)
core   0: 0x80009a28 (0x0119c333) xor     t1, s3, a7
core   0: 3 0x80009a28 (0x0119c333) x 6 0x2f881970
core   0: 0x80009a2c (0x01eecf33) xor     t5, t4, t5
core   0: 3 0x80009a2c (0x01eecf33) x30 0x7ffee094
core   0: 0x80009a30 (0x00000013) nop
core   0: 3 0x80009a30 (0x00000013)
core   0: 0x80009a34 (0x008224b3) slt     s1, tp, s0
core   0: 3 0x80009a34 (0x008224b3) x 9 0x00000000
core   0: 0x80009a38 (0x00b75f13) srli    t5, a4, 11
core   0: 3 0x80009a38 (0x00b75f13) x30 0x001e3f92
core   0: 0x80009a3c (0x4153d593) srai    a1, t2, 21
core   0: 3 0x80009a3c (0x4153d593) x11 0xfffffc00
core   0: 0x80009a40 (0x015d9493) slli    s1, s11, 21
core   0: 3 0x80009a40 (0x015d9493) x 9 0x00200000
core   0: 0x80009a44 (0xecb1fd93) andi    s11, gp, -309
core   0: 3 0x80009a44 (0xecb1fd93) x27 0xfffffecb
core   0: 0x80009a48 (0x017068b3) or      a7, zero, s7
core   0: 3 0x80009a48 (0x017068b3) x17 0xfffffb56
core   0: 0x80009a4c (0x00aca433) slt     s0, s9, a0
core   0: 3 0x80009a4c (0x00aca433) x 8 0x00000000
core   0: 0x80009a50 (0xa2f90a13) addi    s4, s2, -1489
core   0: 3 0x80009a50 (0xa2f90a13) x20 0xa057344f
core   0: 0x80009a54 (0x01667033) and     zero, a2, s6
core   0: 3 0x80009a54 (0x01667033)
core   0: 0x80009a58 (0x004340b3) xor     ra, t1, tp
core   0: 3 0x80009a58 (0x004340b3) x 1 0x5076f9e4
core   0: 0x80009a5c (0x3809e313) ori     t1, s3, 896
core   0: 3 0x80009a5c (0x3809e313) x 6 0x279403ed
core   0: 0x80009a60 (0x40c5d533) sra     a0, a1, a2
core   0: 3 0x80009a60 (0x40c5d533) x10 0xffffffc0
core   0: 0x80009a64 (0x00db1a13) slli    s4, s6, 13
core   0: 3 0x80009a64 (0x00db1a13) x20 0x81010000
core   0: 0x80009a68 (0x41b18533) sub     a0, gp, s11
core   0: 3 0x80009a68 (0x41b18533) x10 0x00000134
core   0: 0x80009a6c (0x40b25d33) sra     s10, tp, a1
core   0: 3 0x80009a6c (0x40b25d33) x26 0x7ffee094
core   0: 0x80009a70 (0x01ee1893) slli    a7, t3, 30
core   0: 3 0x80009a70 (0x01ee1893) x17 0x00000000
core   0: 0x80009a74 (0x31682013) slti    zero, a6, 790
core   0: 3 0x80009a74 (0x31682013)
core   0: 0x80009a78 (0x00082ab3) slt     s5, a6, zero
core   0: 3 0x80009a78 (0x00082ab3) x21 0x00000001
core   0: 0x80009a7c (0x6723e213) ori     tp, t2, 1650
core   0: 3 0x80009a7c (0x6723e213) x 4 0x80011e76
core   0: 0x80009a80 (0x00a61413) slli    s0, a2, 10
core   0: 3 0x80009a80 (0x00a61413) x 8 0x05739000
core   0: 0x80009a84 (0x01909d93) slli    s11, ra, 25
core   0: 3 0x80009a84 (0x01909d93) x27 0xc8000000
core   0: 0x80009a88 (0x00bb91b3) sll     gp, s7, a1
core   0: 3 0x80009a88 (0x00bb91b3) x 3 0xfffffb56
core   0: 0x80009a8c (0x00b06e33) or      t3, zero, a1
core   0: 3 0x80009a8c (0x00b06e33) x28 0xfffffc00
core   0: 0x80009a90 (0x405e09b3) sub     s3, t3, t0
core   0: 3 0x80009a90 (0x405e09b3) x19 0xfffffbff
core   0: 0x80009a94 (0x01d0da93) srli    s5, ra, 29
core   0: 3 0x80009a94 (0x01d0da93) x21 0x00000002
core   0: 0x80009a98 (0x01a05e33) srl     t3, zero, s10
core   0: 3 0x80009a98 (0x01a05e33) x28 0x00000000
core   0: 0x80009a9c (0x010eb533) sltu    a0, t4, a6
core   0: 3 0x80009a9c (0x010eb533) x10 0x00000001
core   0: 0x80009aa0 (0x9a98ce93) xori    t4, a7, -1623
core   0: 3 0x80009aa0 (0x9a98ce93) x29 0xfffff9a9
core   0: 0x80009aa4 (0x01c4f933) and     s2, s1, t3
core   0: 3 0x80009aa4 (0x01c4f933) x18 0x00000000
core   0: 0x80009aa8 (0x22998713) addi    a4, s3, 553
core   0: 3 0x80009aa8 (0x22998713) x14 0xfffffe28
core   0: 0x80009aac (0xf3c4fb93) andi    s7, s1, -196
core   0: 3 0x80009aac (0xf3c4fb93) x23 0x00200000
core   0: 0x80009ab0 (0x0040dc33) srl     s8, ra, tp
core   0: 3 0x80009ab0 (0x0040dc33) x24 0x00000141
core   0: 0x80009ab4 (0x41915533) sra     a0, sp, s9
core   0: 3 0x80009ab4 (0x41915533) x10 0x00000000
core   0: 0x80009ab8 (0x006e9ab3) sll     s5, t4, t1
core   0: 3 0x80009ab8 (0x006e9ab3) x21 0xff352000
core   0: 0x80009abc (0x01e1c233) xor     tp, gp, t5
core   0: 3 0x80009abc (0x01e1c233) x 4 0xffe1c4c4
core   0: 0x80009ac0 (0x00f8f533) and     a0, a7, a5
core   0: 3 0x80009ac0 (0x00f8f533) x10 0x00000000
core   0: 0x80009ac4 (0x99bffe13) andi    t3, t6, -1637
core   0: 3 0x80009ac4 (0x99bffe13) x28 0xe7afd882
core   0: 0x80009ac8 (0x01a1b6b3) sltu    a3, gp, s10
core   0: 3 0x80009ac8 (0x01a1b6b3) x13 0x00000000
core   0: 0x80009acc (0x0074cbb3) xor     s7, s1, t2
core   0: 3 0x80009acc (0x0074cbb3) x23 0x80211e64
core   0: 0x80009ad0 (0x01d945b3) xor     a1, s2, t4
core   0: 3 0x80009ad0 (0x01d945b3) x11 0xfffff9a9
core   0: 0x80009ad4 (0xe455e693) ori     a3, a1, -443
core   0: 3 0x80009ad4 (0xe455e693) x13 0xffffffed
core   0: 0x80009ad8 (0x0154ff33) and     t5, s1, s5
core   0: 3 0x80009ad8 (0x0154ff33) x30 0x00200000
core   0: 0x80009adc (0x00022233) slt     tp, tp, zero
core   0: 3 0x80009adc (0x00022233) x 4 0x00000001
core   0: 0x80009ae0 (0x41f55a13) srai    s4, a0, 31
core   0: 3 0x80009ae0 (0x41f55a13) x20 0x00000000
core   0: 0x80009ae4 (0x383b31b7) lui     gp, 0x383b3
core   0: 3 0x80009ae4 (0x383b31b7) x 3 0x383b3000
core   0: 0x80009ae8 (0x00f74433) xor     s0, a4, a5
core   0: 3 0x80009ae8 (0x00f74433) x 8 0x18512ef7
core   0: 0x80009aec (0x017890b3) sll     ra, a7, s7
core   0: 3 0x80009aec (0x017890b3) x 1 0x00000000
core   0: 0x80009af0 (0x019a9213) slli    tp, s5, 25
core   0: 3 0x80009af0 (0x019a9213) x 4 0x00000000
core   0: 0x80009af4 (0x413ad193) srai    gp, s5, 19
core   0: 3 0x80009af4 (0x413ad193) x 3 0xffffffe6
core   0: 0x80009af8 (0x41625c13) srai    s8, tp, 22
core   0: 3 0x80009af8 (0x41625c13) x24 0x00000000
core   0: 0x80009afc (0x01b3d293) srli    t0, t2, 27
core   0: 3 0x80009afc (0x01b3d293) x 5 0x00000010
core   0: 0x80009b00 (0xebee5d97) auipc   s11, 0xebee5
core   0: 3 0x80009b00 (0xebee5d97) x27 0x6beeeb00
core   0: 0x80009b04 (0x009a1d13) slli    s10, s4, 9
core   0: 3 0x80009b04 (0x009a1d13) x26 0x00000000
core   0: 0x80009b08 (0x4682f097) auipc   ra, 0x4682f
core   0: 3 0x80009b08 (0x4682f097) x 1 0xc6838b08
core   0: 0x80009b0c (0x7dbbbe93) sltiu   t4, s7, 2011
core   0: 3 0x80009b0c (0x7dbbbe93) x29 0x00000000
core   0: 0x80009b10 (0x498b6a13) ori     s4, s6, 1176
core   0: 3 0x80009b10 (0x498b6a13) x20 0x0db40c98
core   0: 0x80009b14 (0x34b52697) auipc   a3, 0x34b52
core   0: 3 0x80009b14 (0x34b52697) x13 0xb4b5bb14
core   0: 0x80009b18 (0x01c47433) and     s0, s0, t3
core   0: 3 0x80009b18 (0x01c47433) x 8 0x00010882
core   0: 0x80009b1c (0xc983b013) sltiu   zero, t2, -872
core   0: 3 0x80009b1c (0xc983b013)
core   0: 0x80009b20 (0x004b5893) srli    a7, s6, 4
core   0: 3 0x80009b20 (0x004b5893) x17 0x00db4080
core   0: 0x80009b24 (0x01cbb2b3) sltu    t0, s7, t3
core   0: 3 0x80009b24 (0x01cbb2b3) x 5 0x00000001
core   0: 0x80009b28 (0x41825313) srai    t1, tp, 24
core   0: 3 0x80009b28 (0x41825313) x 6 0x00000000
core   0: 0x80009b2c (0xc7b60b13) addi    s6, a2, -901
core   0: 3 0x80009b2c (0xc7b60b13) x22 0x8001595f
core   0: 0x80009b30 (0x2c384a97) auipc   s5, 0x2c384
core   0: 3 0x80009b30 (0x2c384a97) x21 0xac38db30
core   0: 0x80009b34 (0x08aec713) xori    a4, t4, 138
core   0: 3 0x80009b34 (0x08aec713) x14 0x0000008a
core   0: 0x80009b38 (0x005c2333) slt     t1, s8, t0
core   0: 3 0x80009b38 (0x005c2333) x 6 0x00000001
core   0: 0x80009b3c (0xeafda597) auipc   a1, 0xeafda
core   0: 3 0x80009b3c (0xeafda597) x11 0x6afe3b3c
core   0: 0x80009b40 (0x006c4d33) xor     s10, s8, t1
core   0: 3 0x80009b40 (0x006c4d33) x26 0x00000001
core   0: 0x80009b44 (0x002d8233) add     tp, s11, sp
core   0: 3 0x80009b44 (0x002d8233) x 4 0x6beeeb00
core   0: 0x80009b48 (0x01cfa033) slt     zero, t6, t3
core   0: 3 0x80009b48 (0x01cfa033)
core   0: 0x80009b4c (0x01e8ca33) xor     s4, a7, t5
core   0: 3 0x80009b4c (0x01e8ca33) x20 0x00fb4080
core   0: 0x80009b50 (0x94357213) andi    tp, a0, -1725
core   0: 3 0x80009b50 (0x94357213) x 4 0x00000000
core   0: 0x80009b54 (0xc64c5737) lui     a4, 0xc64c5
core   0: 3 0x80009b54 (0xc64c5737) x14 0xc64c5000
core   0: 0x80009b58 (0x40b65993) srai    s3, a2, 11
core   0: 3 0x80009b58 (0x40b65993) x19 0xfff0002b
core   0: 0x80009b5c (0xf1e8f493) andi    s1, a7, -226
core   0: 3 0x80009b5c (0xf1e8f493) x 9 0x00db4000
core   0: 0x80009b60 (0x8482ffb7) lui     t6, 0x8482f
core   0: 3 0x80009b60 (0x8482ffb7) x31 0x8482f000
core   0: 0x80009b64 (0x00c4cbb3) xor     s7, s1, a2
core   0: 3 0x80009b64 (0x00c4cbb3) x23 0x80da1ce4
core   0: 0x80009b68 (0x00ae5d33) srl     s10, t3, a0
core   0: 3 0x80009b68 (0x00ae5d33) x26 0xe7afd882
core   0: 0x80009b6c (0x404cd0b3) sra     ra, s9, tp
core   0: 3 0x80009b6c (0x404cd0b3) x 1 0x00000001
core   0: 0x80009b70 (0x011d1f93) slli    t6, s10, 17
core   0: 3 0x80009b70 (0x011d1f93) x31 0xb1040000
core   0: 0x80009b74 (0xd7892697) auipc   a3, 0xd7892
core   0: 3 0x80009b74 (0xd7892697) x13 0x5789bb74
core   0: 0x80009b78 (0x0061edb3) or      s11, gp, t1
core   0: 3 0x80009b78 (0x0061edb3) x27 0xffffffe7
core   0: 0x80009b7c (0x01853433) sltu    s0, a0, s8
core   0: 3 0x80009b7c (0x01853433) x 8 0x00000000
core   0: 0x80009b80 (0x001d1593) slli    a1, s10, 1
core   0: 3 0x80009b80 (0x001d1593) x11 0xcf5fb104
core   0: 0x80009b84 (0x00e89b13) slli    s6, a7, 14
core   0: 3 0x80009b84 (0x00e89b13) x22 0xd0200000
core   0: 0x80009b88 (0x15836b93) ori     s7, t1, 344
core   0: 3 0x80009b88 (0x15836b93) x23 0x00000159
core   0: 0x80009b8c (0x010b4cb3) xor     s9, s6, a6
core   0: 3 0x80009b8c (0x010b4cb3) x25 0x2fdffa6a
core   0: 0x80009b90 (0xb31daa17) auipc   s4, 0xb31da
core   0: 3 0x80009b90 (0xb31daa17) x20 0x331e3b90
core   0: 0x80009b94 (0x01750533) add     a0, a0, s7
core   0: 3 0x80009b94 (0x01750533) x10 0x00000159
core   0: 0x80009b98 (0x00000013) nop
core   0: 3 0x80009b98 (0x00000013)
core   0: 0x80009b9c (0x0953d037) lui     zero, 0x953d
core   0: 3 0x80009b9c (0x0953d037)
core   0: 0x80009ba0 (0xff0275b7) lui     a1, 0xff027
core   0: 3 0x80009ba0 (0xff0275b7) x11 0xff027000
core   0: 0x80009ba4 (0xdcbd3d13) sltiu   s10, s10, -565
core   0: 3 0x80009ba4 (0xdcbd3d13) x26 0x00000001
core   0: 0x80009ba8 (0x4017d113) srai    sp, a5, 1
core   0: 3 0x80009ba8 (0x4017d113) x 2 0xf3d7686f
core   0: 0x80009bac (0xd806ef13) ori     t5, a3, -640
core   0: 3 0x80009bac (0xd806ef13) x30 0xfffffff4
core   0: 0x80009bb0 (0x1304ac13) slti    s8, s1, 304
core   0: 3 0x80009bb0 (0x1304ac13) x24 0x00000000
core   0: 0x80009bb4 (0x016fbbb3) sltu    s7, t6, s6
core   0: 3 0x80009bb4 (0x016fbbb3) x23 0x00000001
core   0: 0x80009bb8 (0xf38c7c93) andi    s9, s8, -200
core   0: 3 0x80009bb8 (0xf38c7c93) x25 0x00000000
core   0: 0x80009bbc (0x012e9113) slli    sp, t4, 18
core   0: 3 0x80009bbc (0x012e9113) x 2 0x00000000
core   0: 0x80009bc0 (0xf805ee13) ori     t3, a1, -128
core   0: 3 0x80009bc0 (0xf805ee13) x28 0xffffff80
core   0: 0x80009bc4 (0x00000013) nop
core   0: 3 0x80009bc4 (0x00000013)
core   0: 0x80009bc8 (0x00be5113) srli    sp, t3, 11
core   0: 3 0x80009bc8 (0x00be5113) x 2 0x001fffff
core   0: 0x80009bcc (0x4eba7737) lui     a4, 0x4eba7
core   0: 3 0x80009bcc (0x4eba7737) x14 0x4eba7000
core   0: 0x80009bd0 (0x0105de93) srli    t4, a1, 16
core   0: 3 0x80009bd0 (0x0105de93) x29 0x0000ff02
core   0: 0x80009bd4 (0x41970233) sub     tp, a4, s9
core   0: 3 0x80009bd4 (0x41970233) x 4 0x4eba7000
core   0: 0x80009bd8 (0xfb6fbdb7) lui     s11, 0xfb6fb
core   0: 3 0x80009bd8 (0xfb6fbdb7) x27 0xfb6fb000
core   0: 0x80009bdc (0xd34abe93) sltiu   t4, s5, -716
core   0: 3 0x80009bdc (0xd34abe93) x29 0x00000001
core   0: 0x80009be0 (0x016d1f33) sll     t5, s10, s6
core   0: 3 0x80009be0 (0x016d1f33) x30 0x00000001
core   0: 0x80009be4 (0x00465313) srli    t1, a2, 4
core   0: 3 0x80009be4 (0x00465313) x 6 0x080015ce
core   0: 0x80009be8 (0x004f2cb3) slt     s9, t5, tp
core   0: 3 0x80009be8 (0x004f2cb3) x25 0x00000001
core   0: 0x80009bec (0x410f55b3) sra     a1, t5, a6
core   0: 3 0x80009bec (0x410f55b3) x11 0x00000000
core   0: 0x80009bf0 (0x8388a213) slti    tp, a7, -1992
core   0: 3 0x80009bf0 (0x8388a213) x 4 0x00000000
core   0: 0x80009bf4 (0x1fc66137) lui     sp, 0x1fc66
core   0: 3 0x80009bf4 (0x1fc66137) x 2 0x1fc66000
core   0: 0x80009bf8 (0x01b7ac33) slt     s8, a5, s11
core   0: 3 0x80009bf8 (0x01b7ac33) x24 0x00000001
core   0: 0x80009bfc (0x01bbdc93) srli    s9, s7, 27
core   0: 3 0x80009bfc (0x01bbdc93) x25 0x00000000
core   0: 0x80009c00 (0x01f69493) slli    s1, a3, 31
core   0: 3 0x80009c00 (0x01f69493) x 9 0x00000000
core   0: 0x80009c04 (0x001b2f33) slt     t5, s6, ra
core   0: 3 0x80009c04 (0x001b2f33) x30 0x00000001
core   0: 0x80009c08 (0x1ad10313) addi    t1, sp, 429
core   0: 3 0x80009c08 (0x1ad10313) x 6 0x1fc661ad
core   0: 0x80009c0c (0xc155ab93) slti    s7, a1, -1003
core   0: 3 0x80009c0c (0xc155ab93) x23 0x00000000
core   0: 0x80009c10 (0x5d494313) xori    t1, s2, 1492
core   0: 3 0x80009c10 (0x5d494313) x 6 0x000005d4
core   0: 0x80009c14 (0x39e4bb13) sltiu   s6, s1, 926
core   0: 3 0x80009c14 (0x39e4bb13) x22 0x00000001
core   0: 0x80009c18 (0x01d5abb3) slt     s7, a1, t4
core   0: 3 0x80009c18 (0x01d5abb3) x23 0x00000001
core   0: 0x80009c1c (0x42f6c017) auipc   zero, 0x42f6c
core   0: 3 0x80009c1c (0x42f6c017)
core   0: 0x80009c20 (0x9c61be93) sltiu   t4, gp, -1594
core   0: 3 0x80009c20 (0x9c61be93) x29 0x00000000
core   0: 0x80009c24 (0x0068a2b3) slt     t0, a7, t1
core   0: 3 0x80009c24 (0x0068a2b3) x 5 0x00000000
core   0: 0x80009c28 (0x412b0cb3) sub     s9, s6, s2
core   0: 3 0x80009c28 (0x412b0cb3) x25 0x00000001
core   0: 0x80009c2c (0xba7ae293) ori     t0, s5, -1113
core   0: 3 0x80009c2c (0xba7ae293) x 5 0xfffffbb7
core   0: 0x80009c30 (0x01da9a93) slli    s5, s5, 29
core   0: 3 0x80009c30 (0x01da9a93) x21 0x00000000
core   0: 0x80009c34 (0x00000013) nop
core   0: 3 0x80009c34 (0x00000013)
core   0: 0x80009c38 (0x009ac6b3) xor     a3, s5, s1
core   0: 3 0x80009c38 (0x009ac6b3) x13 0x00000000
core   0: 0x80009c3c (0x3ce1b413) sltiu   s0, gp, 974
core   0: 3 0x80009c3c (0x3ce1b413) x 8 0x00000000
core   0: 0x80009c40 (0x0009dc13) srli    s8, s3, 0
core   0: 3 0x80009c40 (0x0009dc13) x24 0xfff0002b
core   0: 0x80009c44 (0xdfee6d13) ori     s10, t3, -514
core   0: 3 0x80009c44 (0xdfee6d13) x26 0xfffffffe
core   0: 0x80009c48 (0x1dfc7e17) auipc   t3, 0x1dfc7
core   0: 3 0x80009c48 (0x1dfc7e17) x28 0x9dfd0c48
core   0: 0x80009c4c (0x007d5413) srli    s0, s10, 7
core   0: 3 0x80009c4c (0x007d5413) x 8 0x01ffffff
core   0: 0x80009c50 (0x0918f813) andi    a6, a7, 145
core   0: 3 0x80009c50 (0x0918f813) x16 0x00000080
core   0: 0x80009c54 (0x41a05bb3) sra     s7, zero, s10
core   0: 3 0x80009c54 (0x41a05bb3) x23 0x00000000
core   0: 0x80009c58 (0x40180333) sub     t1, a6, ra
core   0: 3 0x80009c58 (0x40180333) x 6 0x0000007f
core   0: 0x80009c5c (0x007e5b33) srl     s6, t3, t2
core   0: 3 0x80009c5c (0x007e5b33) x22 0x09dfd0c4
core   0: 0x80009c60 (0x01405e33) srl     t3, zero, s4
core   0: 3 0x80009c60 (0x01405e33) x28 0x00000000
core   0: 0x80009c64 (0x30be3e93) sltiu   t4, t3, 779
core   0: 3 0x80009c64 (0x30be3e93) x29 0x00000001
core   0: 0x80009c68 (0xb2e5e493) ori     s1, a1, -1234
core   0: 3 0x80009c68 (0xb2e5e493) x 9 0xfffffb2e
core   0: 0x80009c6c (0xc695e813) ori     a6, a1, -919
core   0: 3 0x80009c6c (0xc695e813) x16 0xfffffc69
core   0: 0x80009c70 (0x00dee6b3) or      a3, t4, a3
core   0: 3 0x80009c70 (0x00dee6b3) x13 0x00000001
core   0: 0x80009c74 (0x90da7093) andi    ra, s4, -1779
core   0: 3 0x80009c74 (0x90da7093) x 1 0x331e3900
core   0: 0x80009c78 (0x91e8f013) andi    zero, a7, -1762
core   0: 3 0x80009c78 (0x91e8f013)
core   0: 0x80009c7c (0x013c59b3) srl     s3, s8, s3
core   0: 3 0x80009c7c (0x013c59b3) x19 0x001ffe00
core   0: 0x80009c80 (0x281fb313) sltiu   t1, t6, 641
core   0: 3 0x80009c80 (0x281fb313) x 6 0x00000000
core   0: 0x80009c84 (0xa360f293) andi    t0, ra, -1482
core   0: 3 0x80009c84 (0xa360f293) x 5 0x331e3800
core   0: 0x80009c88 (0xf9a24e97) auipc   t4, 0xf9a24
core   0: 3 0x80009c88 (0xf9a24e97) x29 0x79a2dc88
core   0: 0x80009c8c (0x5e8adcb7) lui     s9, 0x5e8ad
core   0: 3 0x80009c8c (0x5e8adcb7) x25 0x5e8ad000
core   0: 0x80009c90 (0x5d120097) auipc   ra, 0x5d120
core   0: 3 0x80009c90 (0x5d120097) x 1 0xdd129c90
core   0: 0x80009c94 (0x51c5f493) andi    s1, a1, 1308
core   0: 3 0x80009c94 (0x51c5f493) x 9 0x00000000
core   0: 0x80009c98 (0x41bf5133) sra     sp, t5, s11
core   0: 3 0x80009c98 (0x41bf5133) x 2 0x00000001
core   0: 0x80009c9c (0x00000013) nop
core   0: 3 0x80009c9c (0x00000013)
core   0: 0x80009ca0 (0x00326133) or      sp, tp, gp
core   0: 3 0x80009ca0 (0x00326133) x 2 0xffffffe6
core   0: 0x80009ca4 (0x0144dd33) srl     s10, s1, s4
core   0: 3 0x80009ca4 (0x0144dd33) x26 0x00000000
core   0: 0x80009ca8 (0x01939193) slli    gp, t2, 25
core   0: 3 0x80009ca8 (0x01939193) x 3 0xc8000000
core   0: 0x80009cac (0x00000013) nop
core   0: 3 0x80009cac (0x00000013)
core   0: 0x80009cb0 (0x96aa6213) ori     tp, s4, -1686
core   0: 3 0x80009cb0 (0x96aa6213) x 4 0xfffffbfa
core   0: 0x80009cb4 (0x00312d33) slt     s10, sp, gp
core   0: 3 0x80009cb4 (0x00312d33) x26 0x00000000
core   0: 0x80009cb8 (0x01d30cb3) add     s9, t1, t4
core   0: 3 0x80009cb8 (0x01d30cb3) x25 0x79a2dc88
core   0: 0x80009cbc (0x0092f433) and     s0, t0, s1
core   0: 3 0x80009cbc (0x0092f433) x 8 0x00000000
core   0: 0x80009cc0 (0x01ae91b3) sll     gp, t4, s10
core   0: 3 0x80009cc0 (0x01ae91b3) x 3 0x79a2dc88
core   0: 0x80009cc4 (0x27cc0f93) addi    t6, s8, 636
core   0: 3 0x80009cc4 (0x27cc0f93) x31 0xfff002a7
core   0: 0x80009cc8 (0x01ab74b3) and     s1, s6, s10
core   0: 3 0x80009cc8 (0x01ab74b3) x 9 0x00000000
core   0: 0x80009ccc (0x7584af93) slti    t6, s1, 1880
core   0: 3 0x80009ccc (0x7584af93) x31 0x00000001
core   0: 0x80009cd0 (0x0109db13) srli    s6, s3, 16
core   0: 3 0x80009cd0 (0x0109db13) x22 0x0000001f
core   0: 0x80009cd4 (0x00aeadb3) slt     s11, t4, a0
core   0: 3 0x80009cd4 (0x00aeadb3) x27 0x00000000
core   0: 0x80009cd8 (0xb2e44237) lui     tp, 0xb2e44
core   0: 3 0x80009cd8 (0xb2e44237) x 4 0xb2e44000
core   0: 0x80009cdc (0x368f7213) andi    tp, t5, 872
core   0: 3 0x80009cdc (0x368f7213) x 4 0x00000000
core   0: 0x80009ce0 (0x0190df13) srli    t5, ra, 25
core   0: 3 0x80009ce0 (0x0190df13) x30 0x0000006e
core   0: 0x80009ce4 (0xeb45ce17) auipc   t3, 0xeb45c
core   0: 3 0x80009ce4 (0xeb45ce17) x28 0x6b465ce4
core   0: 0x80009ce8 (0x011ee8b3) or      a7, t4, a7
core   0: 3 0x80009ce8 (0x011ee8b3) x17 0x79fbdc88
core   0: 0x80009cec (0x78bf4293) xori    t0, t5, 1931
core   0: 3 0x80009cec (0x78bf4293) x 5 0x000007e5
core   0: 0x80009cf0 (0x418b0e33) sub     t3, s6, s8
core   0: 3 0x80009cf0 (0x418b0e33) x28 0x000ffff4
core   0: 0x80009cf4 (0x00b3a6b3) slt     a3, t2, a1
core   0: 3 0x80009cf4 (0x00b3a6b3) x13 0x00000001
core   0: 0x80009cf8 (0x410e5e13) srai    t3, t3, 16
core   0: 3 0x80009cf8 (0x410e5e13) x28 0x0000000f
core   0: 0x80009cfc (0x01029113) slli    sp, t0, 16
core   0: 3 0x80009cfc (0x01029113) x 2 0x07e50000
core   0: 0x80009d00 (0x0035a933) slt     s2, a1, gp
core   0: 3 0x80009d00 (0x0035a933) x18 0x00000001
core   0: 0x80009d04 (0x3fb36717) auipc   a4, 0x3fb36
core   0: 3 0x80009d04 (0x3fb36717) x14 0xbfb3fd04
core   0: 0x80009d08 (0x8b7c6a13) ori     s4, s8, -1865
core   0: 3 0x80009d08 (0x8b7c6a13) x20 0xfffff8bf
core   0: 0x80009d0c (0x0149d8b3) srl     a7, s3, s4
core   0: 3 0x80009d0c (0x0149d8b3) x17 0x00000000
core   0: 0x80009d10 (0x00000013) nop
core   0: 3 0x80009d10 (0x00000013)
core   0: 0x80009d14 (0x01159e93) slli    t4, a1, 17
core   0: 3 0x80009d14 (0x01159e93) x29 0x00000000
core   0: 0x80009d18 (0x416f5c93) srai    s9, t5, 22
core   0: 3 0x80009d18 (0x416f5c93) x25 0x00000000
core   0: 0x80009d1c (0x016534b3) sltu    s1, a0, s6
core   0: 3 0x80009d1c (0x016534b3) x 9 0x00000000
core   0: 0x80009d20 (0x010af4b3) and     s1, s5, a6
core   0: 3 0x80009d20 (0x010af4b3) x 9 0x00000000
core   0: 0x80009d24 (0x5dabb717) auipc   a4, 0x5dabb
core   0: 3 0x80009d24 (0x5dabb717) x14 0xddac4d24
core   0: 0x80009d28 (0x00000013) nop
core   0: 3 0x80009d28 (0x00000013)
core   0: 0x80009d2c (0x0059d193) srli    gp, s3, 5
core   0: 3 0x80009d2c (0x0059d193) x 3 0x0000fff0
core   0: 0x80009d30 (0x001260b3) or      ra, tp, ra
core   0: 3 0x80009d30 (0x001260b3) x 1 0xdd129c90
core   0: 0x80009d34 (0x006bb1b3) sltu    gp, s7, t1
core   0: 3 0x80009d34 (0x006bb1b3) x 3 0x00000000
core   0: 0x80009d38 (0x00f99fb3) sll     t6, s3, a5
core   0: 3 0x80009d38 (0x00f99fb3) x31 0x00000000
core   0: 0x80009d3c (0x0116f4b3) and     s1, a3, a7
core   0: 3 0x80009d3c (0x0116f4b3) x 9 0x00000000
core   0: 0x80009d40 (0x00bcf0b3) and     ra, s9, a1
core   0: 3 0x80009d40 (0x00bcf0b3) x 1 0x00000000
core   0: 0x80009d44 (0x00127833) and     a6, tp, ra
core   0: 3 0x80009d44 (0x00127833) x16 0x00000000
core   0: 0x80009d48 (0x01f3aab3) slt     s5, t2, t6
core   0: 3 0x80009d48 (0x01f3aab3) x21 0x00000001
core   0: 0x80009d4c (0xc9457b93) andi    s7, a0, -876
core   0: 3 0x80009d4c (0xc9457b93) x23 0x00000010
core   0: 0x80009d50 (0x8a173413) sltiu   s0, a4, -1887
core   0: 3 0x80009d50 (0x8a173413) x 8 0x00000001
core   0: 0x80009d54 (0x41a4d933) sra     s2, s1, s10
core   0: 3 0x80009d54 (0x41a4d933) x18 0x00000000
core   0: 0x80009d58 (0x01fcd413) srli    s0, s9, 31
core   0: 3 0x80009d58 (0x01fcd413) x 8 0x00000000
core   0: 0x80009d5c (0x1f2b2b13) slti    s6, s6, 498
core   0: 3 0x80009d5c (0x1f2b2b13) x22 0x00000001
core   0: 0x80009d60 (0x35ac4d93) xori    s11, s8, 858
core   0: 3 0x80009d60 (0x35ac4d93) x27 0xfff00371
core   0: 0x80009d64 (0x00a55893) srli    a7, a0, 10
core   0: 3 0x80009d64 (0x00a55893) x17 0x00000000
core   0: 0x80009d68 (0xbfc9f913) andi    s2, s3, -1028
core   0: 3 0x80009d68 (0xbfc9f913) x18 0x001ffa00
core   0: 0x80009d6c (0x00299313) slli    t1, s3, 2
core   0: 3 0x80009d6c (0x00299313) x 6 0x007ff800
core   0: 0x80009d70 (0x00c61db3) sll     s11, a2, a2
core   0: 3 0x80009d70 (0x00c61db3) x27 0x0015ce40
core   0: 0x80009d74 (0x40580233) sub     tp, a6, t0
core   0: 3 0x80009d74 (0x40580233) x 4 0xfffff81b
core   0: 0x80009d78 (0x00000013) nop
core   0: 3 0x80009d78 (0x00000013)
core   0: 0x80009d7c (0xb9c29937) lui     s2, 0xb9c29
core   0: 3 0x80009d7c (0xb9c29937) x18 0xb9c29000
core   0: 0x80009d80 (0x00de9c93) slli    s9, t4, 13
core   0: 3 0x80009d80 (0x00de9c93) x25 0x00000000
core   0: 0x80009d84 (0x4097df13) srai    t5, a5, 9
core   0: 3 0x80009d84 (0x4097df13) x30 0xfff3d768
core   0: 0x80009d88 (0x41830d33) sub     s10, t1, s8
core   0: 3 0x80009d88 (0x41830d33) x26 0x008ff7d5
core   0: 0x80009d8c (0x00945313) srli    t1, s0, 9
core   0: 3 0x80009d8c (0x00945313) x 6 0x00000000
core   0: 0x80009d90 (0x50fd2893) slti    a7, s10, 1295
core   0: 3 0x80009d90 (0x50fd2893) x17 0x00000000
core   0: 0x80009d94 (0xe10eec13) ori     s8, t4, -496
core   0: 3 0x80009d94 (0xe10eec13) x24 0xfffffe10
core   0: 0x80009d98 (0x9d963913) sltiu   s2, a2, -1575
core   0: 3 0x80009d98 (0x9d963913) x18 0x00000001
core   0: 0x80009d9c (0x011dd2b3) srl     t0, s11, a7
core   0: 3 0x80009d9c (0x011dd2b3) x 5 0x0015ce40
core   0: 0x80009da0 (0x0045d6b3) srl     a3, a1, tp
core   0: 3 0x80009da0 (0x0045d6b3) x13 0x00000000
core   0: 0x80009da4 (0xddf64813) xori    a6, a2, -545
core   0: 3 0x80009da4 (0xddf64813) x16 0x7ffea13b
core   0: 0x80009da8 (0xfcc80013) addi    zero, a6, -52
core   0: 3 0x80009da8 (0xfcc80013)
core   0: 0x80009dac (0x3e933f93) sltiu   t6, t1, 1001
core   0: 3 0x80009dac (0x3e933f93) x31 0x00000001
core   0: 0x80009db0 (0x01425f13) srli    t5, tp, 20
core   0: 3 0x80009db0 (0x01425f13) x30 0x00000fff
core   0: 0x80009db4 (0x00b05f33) srl     t5, zero, a1
core   0: 3 0x80009db4 (0x00b05f33) x30 0x00000000
core   0: 0x80009db8 (0x00f886b3) add     a3, a7, a5
core   0: 3 0x80009db8 (0x00f886b3) x13 0xe7aed0df
core   0: 0x80009dbc (0x7227a013) slti    zero, a5, 1826
core   0: 3 0x80009dbc (0x7227a013)
core   0: 0x80009dc0 (0x00000013) nop
core   0: 3 0x80009dc0 (0x00000013)
core   0: 0x80009dc4 (0x00e078b3) and     a7, zero, a4
core   0: 3 0x80009dc4 (0x00e078b3) x17 0x00000000
core   0: 0x80009dc8 (0x650d8693) addi    a3, s11, 1616
core   0: 3 0x80009dc8 (0x650d8693) x13 0x0015d490
core   0: 0x80009dcc (0x00d5f0b3) and     ra, a1, a3
core   0: 3 0x80009dcc (0x00d5f0b3) x 1 0x00000000
core   0: 0x80009dd0 (0x59f8ed13) ori     s10, a7, 1439
core   0: 3 0x80009dd0 (0x59f8ed13) x26 0x0000059f
core   0: 0x80009dd4 (0x0124de33) srl     t3, s1, s2
core   0: 3 0x80009dd4 (0x0124de33) x28 0x00000000
core   0: 0x80009dd8 (0x405a8fb3) sub     t6, s5, t0
core   0: 3 0x80009dd8 (0x405a8fb3) x31 0xffea31c1
core   0: 0x80009ddc (0x000ac6b3) xor     a3, s5, zero
core   0: 3 0x80009ddc (0x000ac6b3) x13 0x00000001
core   0: 0x80009de0 (0x00e9e4b3) or      s1, s3, a4
core   0: 3 0x80009de0 (0x00e9e4b3) x 9 0xddbfff24
core   0: 0x80009de4 (0x00430c33) add     s8, t1, tp
core   0: 3 0x80009de4 (0x00430c33) x24 0xfffff81b
core   0: 0x80009de8 (0x403005b3) sub     a1, zero, gp
core   0: 3 0x80009de8 (0x403005b3) x11 0x00000000
core   0: 0x80009dec (0x0b6b6213) ori     tp, s6, 182
core   0: 3 0x80009dec (0x0b6b6213) x 4 0x000000b7
core   0: 0x80009df0 (0x08274e37) lui     t3, 0x8274
core   0: 3 0x80009df0 (0x08274e37) x28 0x08274000
core   0: 0x80009df4 (0xe68c4313) xori    t1, s8, -408
core   0: 3 0x80009df4 (0xe68c4313) x 6 0x00000673
core   0: 0x80009df8 (0x01fa9193) slli    gp, s5, 31
core   0: 3 0x80009df8 (0x01fa9193) x 3 0x80000000
core   0: 0x80009dfc (0x010fc533) xor     a0, t6, a6
core   0: 3 0x80009dfc (0x010fc533) x10 0x801490fa
core   0: 0x80009e00 (0x0cc62f93) slti    t6, a2, 204
core   0: 3 0x80009e00 (0x0cc62f93) x31 0x00000001
core   0: 0x80009e04 (0x41735333) sra     t1, t1, s7
core   0: 3 0x80009e04 (0x41735333) x 6 0x00000000
core   0: 0x80009e08 (0xfcb44993) xori    s3, s0, -53
core   0: 3 0x80009e08 (0xfcb44993) x19 0xffffffcb
core   0: 0x80009e0c (0x00000013) nop
core   0: 3 0x80009e0c (0x00000013)
core   0: 0x80009e10 (0x00835493) srli    s1, t1, 8
core   0: 3 0x80009e10 (0x00835493) x 9 0x00000000
core   0: 0x80009e14 (0x41110f33) sub     t5, sp, a7
core   0: 3 0x80009e14 (0x41110f33) x30 0x07e50000
core   0: 0x80009e18 (0x4184f237) lui     tp, 0x4184f
core   0: 3 0x80009e18 (0x4184f237) x 4 0x4184f000
core   0: 0x80009e1c (0x01b75eb3) srl     t4, a4, s11
core   0: 3 0x80009e1c (0x01b75eb3) x29 0xddac4d24
core   0: 0x80009e20 (0x51338c13) addi    s8, t2, 1299
core   0: 3 0x80009e20 (0x51338c13) x24 0x80012377
core   0: 0x80009e24 (0xacddb713) sltiu   a4, s11, -1331
core   0: 3 0x80009e24 (0xacddb713) x14 0x00000001
core   0: 0x80009e28 (0x3527ab93) slti    s7, a5, 850
core   0: 3 0x80009e28 (0x3527ab93) x23 0x00000001
core   0: 0x80009e2c (0x414cd9b3) sra     s3, s9, s4
core   0: 3 0x80009e2c (0x414cd9b3) x19 0x00000000
core   0: 0x80009e30 (0x00000013) nop
core   0: 3 0x80009e30 (0x00000013)
core   0: 0x80009e34 (0x005fbcb3) sltu    s9, t6, t0
core   0: 3 0x80009e34 (0x005fbcb3) x25 0x00000001
core   0: 0x80009e38 (0x00f466b3) or      a3, s0, a5
core   0: 3 0x80009e38 (0x00f466b3) x13 0xe7aed0df
core   0: 0x80009e3c (0x87beb513) sltiu   a0, t4, -1925
core   0: 3 0x80009e3c (0x87beb513) x10 0x00000001
core   0: 0x80009e40 (0x41c40fb3) sub     t6, s0, t3
core   0: 3 0x80009e40 (0x41c40fb3) x31 0xf7d8c000
core   0: 0x80009e44 (0x00000013) nop
core   0: 3 0x80009e44 (0x00000013)
core   0: 0x80009e48 (0xd82400b7) lui     ra, 0xd8240
core   0: 3 0x80009e48 (0xd82400b7) x 1 0xd8240000
core   0: 0x80009e4c (0xeb24ae13) slti    t3, s1, -334
core   0: 3 0x80009e4c (0xeb24ae13) x28 0x00000000
core   0: 0x80009e50 (0x0042c1b3) xor     gp, t0, tp
core   0: 3 0x80009e50 (0x0042c1b3) x 3 0x41913e40
core   0: 0x80009e54 (0x1706c697) auipc   a3, 0x1706c
core   0: 3 0x80009e54 (0x1706c697) x13 0x97075e54
core   0: 0x80009e58 (0x01fbacb3) slt     s9, s7, t6
core   0: 3 0x80009e58 (0x01fbacb3) x25 0x00000000
core   0: 0x80009e5c (0x01f36933) or      s2, t1, t6
core   0: 3 0x80009e5c (0x01f36933) x18 0xf7d8c000
core   0: 0x80009e60 (0x0118e4b3) or      s1, a7, a7
core   0: 3 0x80009e60 (0x0118e4b3) x 9 0x00000000
core   0: 0x80009e64 (0x87ea2817) auipc   a6, 0x87ea2
core   0: 3 0x80009e64 (0x87ea2817) x16 0x07eabe64
core   0: 0x80009e68 (0x4112da93) srai    s5, t0, 17
core   0: 3 0x80009e68 (0x4112da93) x21 0x0000000a
core   0: 0x80009e6c (0x004c7933) and     s2, s8, tp
core   0: 3 0x80009e6c (0x004c7933) x18 0x00002000
core   0: 0x80009e70 (0x19e6bf13) sltiu   t5, a3, 414
core   0: 3 0x80009e70 (0x19e6bf13) x30 0x00000000
core   0: 0x80009e74 (0x0150db33) srl     s6, ra, s5
core   0: 3 0x80009e74 (0x0150db33) x22 0x00360900
core   0: 0x80009e78 (0x01cb3433) sltu    s0, s6, t3
core   0: 3 0x80009e78 (0x01cb3433) x 8 0x00000000
core   0: 0x80009e7c (0x0072b833) sltu    a6, t0, t2
core   0: 3 0x80009e7c (0x0072b833) x16 0x00000001
core   0: 0x80009e80 (0x26a5f293) andi    t0, a1, 618
core   0: 3 0x80009e80 (0x26a5f293) x 5 0x00000000
core   0: 0x80009e84 (0x01649eb3) sll     t4, s1, s6
core   0: 3 0x80009e84 (0x01649eb3) x29 0x00000000
core   0: 0x80009e88 (0x0161f8b3) and     a7, gp, s6
core   0: 3 0x80009e88 (0x0161f8b3) x17 0x00100800
core   0: 0x80009e8c (0x00960d33) add     s10, a2, s1
core   0: 3 0x80009e8c (0x00960d33) x26 0x80015ce4
core   0: 0x80009e90 (0x01c77733) and     a4, a4, t3
core   0: 3 0x80009e90 (0x01c77733) x14 0x00000000
core   0: 0x80009e94 (0x01402a33) slt     s4, zero, s4
core   0: 3 0x80009e94 (0x01402a33) x20 0x00000000
core   0: 0x80009e98 (0x01c5ca33) xor     s4, a1, t3
core   0: 3 0x80009e98 (0x01c5ca33) x20 0x00000000
core   0: 0x80009e9c (0x41c90cb3) sub     s9, s2, t3
core   0: 3 0x80009e9c (0x41c90cb3) x25 0x00002000
core   0: 0x80009ea0 (0x0063f1b3) and     gp, t2, t1
core   0: 3 0x80009ea0 (0x0063f1b3) x 3 0x00000000
core   0: 0x80009ea4 (0x00ee4833) xor     a6, t3, a4
core   0: 3 0x80009ea4 (0x00ee4833) x16 0x00000000
core   0: 0x80009ea8 (0x005a9693) slli    a3, s5, 5
core   0: 3 0x80009ea8 (0x005a9693) x13 0x00000140
core   0: 0x80009eac (0x40125a93) srai    s5, tp, 1
core   0: 3 0x80009eac (0x40125a93) x21 0x20c27800
core   0: 0x80009eb0 (0xe8b5c313) xori    t1, a1, -373
core   0: 3 0x80009eb0 (0xe8b5c313) x 6 0xfffffe8b
core   0: 0x80009eb4 (0x5d8e6193) ori     gp, t3, 1496
core   0: 3 0x80009eb4 (0x5d8e6193) x 3 0x000005d8
core   0: 0x80009eb8 (0xca61e693) ori     a3, gp, -858
core   0: 3 0x80009eb8 (0xca61e693) x13 0xfffffdfe
core   0: 0x80009ebc (0x4ac7bb93) sltiu   s7, a5, 1196
core   0: 3 0x80009ebc (0x4ac7bb93) x23 0x00000000
core   0: 0x80009ec0 (0x82044a93) xori    s5, s0, -2016
core   0: 3 0x80009ec0 (0x82044a93) x21 0xfffff820
core   0: 0x80009ec4 (0x41a05c13) srai    s8, zero, 26
core   0: 3 0x80009ec4 (0x41a05c13) x24 0x00000000
core   0: 0x80009ec8 (0x9cc3bb93) sltiu   s7, t2, -1588
core   0: 3 0x80009ec8 (0x9cc3bb93) x23 0x00000001
core   0: 0x80009ecc (0x00000013) nop
core   0: 3 0x80009ecc (0x00000013)
core   0: 0x80009ed0 (0x01b00b33) add     s6, zero, s11
core   0: 3 0x80009ed0 (0x01b00b33) x22 0x0015ce40
core   0: 0x80009ed4 (0x015f8733) add     a4, t6, s5
core   0: 3 0x80009ed4 (0x015f8733) x14 0xf7d8b820
core   0: 0x80009ed8 (0x41dc5bb3) sra     s7, s8, t4
core   0: 3 0x80009ed8 (0x41dc5bb3) x23 0x00000000
core   0: 0x80009edc (0x00e45213) srli    tp, s0, 14
core   0: 3 0x80009edc (0x00e45213) x 4 0x00000000
core   0: 0x80009ee0 (0x00ebbab3) sltu    s5, s7, a4
core   0: 3 0x80009ee0 (0x00ebbab3) x21 0x00000001
core   0: 0x80009ee4 (0xdeca0713) addi    a4, s4, -532
core   0: 3 0x80009ee4 (0xdeca0713) x14 0xfffffdec
core   0: 0x80009ee8 (0x4149d9b3) sra     s3, s3, s4
core   0: 3 0x80009ee8 (0x4149d9b3) x19 0x00000000
core   0: 0x80009eec (0x5bd2f513) andi    a0, t0, 1469
core   0: 3 0x80009eec (0x5bd2f513) x10 0x00000000
core   0: 0x80009ef0 (0xdb58e597) auipc   a1, 0xdb58e
core   0: 3 0x80009ef0 (0xdb58e597) x11 0x5b597ef0
core   0: 0x80009ef4 (0x012981b3) add     gp, s3, s2
core   0: 3 0x80009ef4 (0x012981b3) x 3 0x00002000
core   0: 0x80009ef8 (0x97a2fb93) andi    s7, t0, -1670
core   0: 3 0x80009ef8 (0x97a2fb93) x23 0x00000000
core   0: 0x80009efc (0x0196efb3) or      t6, a3, s9
core   0: 3 0x80009efc (0x0196efb3) x31 0xfffffdfe
core   0: 0x80009f00 (0x01778ab3) add     s5, a5, s7
core   0: 3 0x80009f00 (0x01778ab3) x21 0xe7aed0df
core   0: 0x80009f04 (0x56900913) li      s2, 1385
core   0: 3 0x80009f04 (0x56900913) x18 0x00000569
core   0: 0x80009f08 (0x01460b33) add     s6, a2, s4
core   0: 3 0x80009f08 (0x01460b33) x22 0x80015ce4
core   0: 0x80009f0c (0x00403433) snez    s0, tp
core   0: 3 0x80009f0c (0x00403433) x 8 0x00000000
core   0: 0x80009f10 (0xf9dc4f13) xori    t5, s8, -99
core   0: 3 0x80009f10 (0xf9dc4f13) x30 0xffffff9d
core   0: 0x80009f14 (0x0173c033) xor     zero, t2, s7
core   0: 3 0x80009f14 (0x0173c033)
core   0: 0x80009f18 (0x01e95893) srli    a7, s2, 30
core   0: 3 0x80009f18 (0x01e95893) x17 0x00000000
core   0: 0x80009f1c (0x01f59d13) slli    s10, a1, 31
core   0: 3 0x80009f1c (0x01f59d13) x26 0x00000000
core   0: 0x80009f20 (0x00881f33) sll     t5, a6, s0
core   0: 3 0x80009f20 (0x00881f33) x30 0x00000000
core   0: 0x80009f24 (0x413a5713) srai    a4, s4, 19
core   0: 3 0x80009f24 (0x413a5713) x14 0x00000000
core   0: 0x80009f28 (0x0138e4b3) or      s1, a7, s3
core   0: 3 0x80009f28 (0x0138e4b3) x 9 0x00000000
core   0: 0x80009f2c (0x40415033) sra     zero, sp, tp
core   0: 3 0x80009f2c (0x40415033)
core   0: 0x80009f30 (0x01741713) slli    a4, s0, 23
core   0: 3 0x80009f30 (0x01741713) x14 0x00000000
core   0: 0x80009f34 (0x006dd6b3) srl     a3, s11, t1
core   0: 3 0x80009f34 (0x006dd6b3) x13 0x000002b9
core   0: 0x80009f38 (0x1ad47f93) andi    t6, s0, 429
core   0: 3 0x80009f38 (0x1ad47f93) x31 0x00000000
core   0: 0x80009f3c (0x01e06533) or      a0, zero, t5
core   0: 3 0x80009f3c (0x01e06533) x10 0x00000000
core   0: 0x80009f40 (0x86408c13) addi    s8, ra, -1948
core   0: 3 0x80009f40 (0x86408c13) x24 0xd823f864
core   0: 0x80009f44 (0x008e35b3) sltu    a1, t3, s0
core   0: 3 0x80009f44 (0x008e35b3) x11 0x00000000
core   0: 0x80009f48 (0x49e4ad13) slti    s10, s1, 1182
core   0: 3 0x80009f48 (0x49e4ad13) x26 0x00000001
core   0: 0x80009f4c (0xe4e12593) slti    a1, sp, -434
core   0: 3 0x80009f4c (0xe4e12593) x11 0x00000000
core   0: 0x80009f50 (0x4135dc93) srai    s9, a1, 19
core   0: 3 0x80009f50 (0x4135dc93) x25 0x00000000
core   0: 0x80009f54 (0xd8454013) xori    zero, a0, -636
core   0: 3 0x80009f54 (0xd8454013)
core   0: 0x80009f58 (0x01e6a5b3) slt     a1, a3, t5
core   0: 3 0x80009f58 (0x01e6a5b3) x11 0x00000000
core   0: 0x80009f5c (0x00f85d93) srli    s11, a6, 15
core   0: 3 0x80009f5c (0x00f85d93) x27 0x00000000
core   0: 0x80009f60 (0x61ea3013) sltiu   zero, s4, 1566
core   0: 3 0x80009f60 (0x61ea3013)
core   0: 0x80009f64 (0x0033c0b3) xor     ra, t2, gp
core   0: 3 0x80009f64 (0x0033c0b3) x 1 0x80013e64
core   0: 0x80009f68 (0x01870cb3) add     s9, a4, s8
core   0: 3 0x80009f68 (0x01870cb3) x25 0xd823f864
core   0: 0x80009f6c (0x00b85b93) srli    s7, a6, 11
core   0: 3 0x80009f6c (0x00b85b93) x23 0x00000000
core   0: 0x80009f70 (0x3f710d93) addi    s11, sp, 1015
core   0: 3 0x80009f70 (0x3f710d93) x27 0x07e503f7
core   0: 0x80009f74 (0x01fbba33) sltu    s4, s7, t6
core   0: 3 0x80009f74 (0x01fbba33) x20 0x00000000
core   0: 0x80009f78 (0x01110a33) add     s4, sp, a7
core   0: 3 0x80009f78 (0x01110a33) x20 0x07e50000
core   0: 0x80009f7c (0x002fecb3) or      s9, t6, sp
core   0: 3 0x80009f7c (0x002fecb3) x25 0x07e50000
core   0: 0x80009f80 (0x00096833) or      a6, s2, zero
core   0: 3 0x80009f80 (0x00096833) x16 0x00000569
core   0: 0x80009f84 (0x00000013) nop
core   0: 3 0x80009f84 (0x00000013)
core   0: 0x80009f88 (0x001ea5b3) slt     a1, t4, ra
core   0: 3 0x80009f88 (0x001ea5b3) x11 0x00000000
core   0: 0x80009f8c (0x40a88033) sub     zero, a7, a0
core   0: 3 0x80009f8c (0x40a88033)
core   0: 0x80009f90 (0x000e2db3) slt     s11, t3, zero
core   0: 3 0x80009f90 (0x000e2db3) x27 0x00000000
core   0: 0x80009f94 (0x0004aa33) slt     s4, s1, zero
core   0: 3 0x80009f94 (0x0004aa33) x20 0x00000000
core   0: 0x80009f98 (0x00a4ec33) or      s8, s1, a0
core   0: 3 0x80009f98 (0x00a4ec33) x24 0x00000000
core   0: 0x80009f9c (0x0b80c0b7) lui     ra, 0xb80c
core   0: 3 0x80009f9c (0x0b80c0b7) x 1 0x0b80c000
core   0: 0x80009fa0 (0x9b6179b7) lui     s3, 0x9b617
core   0: 3 0x80009fa0 (0x9b6179b7) x19 0x9b617000
core   0: 0x80009fa4 (0xd01fab93) slti    s7, t6, -767
core   0: 3 0x80009fa4 (0xd01fab93) x23 0x00000000
core   0: 0x80009fa8 (0x00d4ca33) xor     s4, s1, a3
core   0: 3 0x80009fa8 (0x00d4ca33) x20 0x000002b9
core   0: 0x80009fac (0x00b7d4b3) srl     s1, a5, a1
core   0: 3 0x80009fac (0x00b7d4b3) x 9 0xe7aed0df
core   0: 0x80009fb0 (0x0048d033) srl     zero, a7, tp
core   0: 3 0x80009fb0 (0x0048d033)
core   0: 0x80009fb4 (0x00e161b3) or      gp, sp, a4
core   0: 3 0x80009fb4 (0x00e161b3) x 3 0x07e50000
core   0: 0x80009fb8 (0x00000013) nop
core   0: 3 0x80009fb8 (0x00000013)
core   0: 0x80009fbc (0xf80b2097) auipc   ra, 0xf80b2
core   0: 3 0x80009fbc (0xf80b2097) x 1 0x780bbfbc
core   0: 0x80009fc0 (0x00e2d513) srli    a0, t0, 14
core   0: 3 0x80009fc0 (0x00e2d513) x10 0x00000000
core   0: 0x80009fc4 (0x000b8e33) add     t3, s7, zero
core   0: 3 0x80009fc4 (0x000b8e33) x28 0x00000000
core   0: 0x80009fc8 (0x01f3d313) srli    t1, t2, 31
core   0: 3 0x80009fc8 (0x01f3d313) x 6 0x00000001
core   0: 0x80009fcc (0x00c11893) slli    a7, sp, 12
core   0: 3 0x80009fcc (0x00c11893) x17 0x50000000
core   0: 0x80009fd0 (0x0123bb33) sltu    s6, t2, s2
core   0: 3 0x80009fd0 (0x0123bb33) x22 0x00000000
core   0: 0x80009fd4 (0x175e9bb7) lui     s7, 0x175e9
core   0: 3 0x80009fd4 (0x175e9bb7) x23 0x175e9000
core   0: 0x80009fd8 (0x47b1a313) slti    t1, gp, 1147
core   0: 3 0x80009fd8 (0x47b1a313) x 6 0x00000000
core   0: 0x80009fdc (0x00c76db3) or      s11, a4, a2
core   0: 3 0x80009fdc (0x00c76db3) x27 0x80015ce4
core   0: 0x80009fe0 (0x00575533) srl     a0, a4, t0
core   0: 3 0x80009fe0 (0x00575533) x10 0x00000000
core   0: 0x80009fe4 (0x00119d93) slli    s11, gp, 1
core   0: 3 0x80009fe4 (0x00119d93) x27 0x0fca0000
core   0: 0x80009fe8 (0x00bf2e33) slt     t3, t5, a1
core   0: 3 0x80009fe8 (0x00bf2e33) x28 0x00000000
core   0: 0x80009fec (0xea7efa13) andi    s4, t4, -345
core   0: 3 0x80009fec (0xea7efa13) x20 0x00000000
core   0: 0x80009ff0 (0xbd492917) auipc   s2, 0xbd492
core   0: 3 0x80009ff0 (0xbd492917) x18 0x3d49bff0
core   0: 0x80009ff4 (0x05f44593) xori    a1, s0, 95
core   0: 3 0x80009ff4 (0x05f44593) x11 0x0000005f
core   0: 0x80009ff8 (0x01a46fb3) or      t6, s0, s10
core   0: 3 0x80009ff8 (0x01a46fb3) x31 0x00000001
core   0: 0x80009ffc (0x08bb4e93) xori    t4, s6, 139
core   0: 3 0x80009ffc (0x08bb4e93) x29 0x0000008b
core   0: 0x8000a000 (0x00173733) sltu    a4, a4, ra
core   0: 3 0x8000a000 (0x00173733) x14 0x00000001
core   0: 0x8000a004 (0xe32bdb37) lui     s6, 0xe32bd
core   0: 3 0x8000a004 (0xe32bdb37) x22 0xe32bd000
core   0: 0x8000a008 (0x40dbd693) srai    a3, s7, 13
core   0: 3 0x8000a008 (0x40dbd693) x13 0x0000baf4
core   0: 0x8000a00c (0x00000013) nop
core   0: 3 0x8000a00c (0x00000013)
core   0: 0x8000a010 (0x41da5fb3) sra     t6, s4, t4
core   0: 3 0x8000a010 (0x41da5fb3) x31 0x00000000
core   0: 0x8000a014 (0x00da9413) slli    s0, s5, 13
core   0: 3 0x8000a014 (0x00da9413) x 8 0xda1be000
core   0: 0x8000a018 (0x017f6533) or      a0, t5, s7
core   0: 3 0x8000a018 (0x017f6533) x10 0x175e9000
core   0: 0x8000a01c (0xd95f2d37) lui     s10, 0xd95f2
core   0: 3 0x8000a01c (0xd95f2d37) x26 0xd95f2000
core   0: 0x8000a020 (0x40b75233) sra     tp, a4, a1
core   0: 3 0x8000a020 (0x40b75233) x 4 0x00000000
core   0: 0x8000a024 (0x00c1d333) srl     t1, gp, a2
core   0: 3 0x8000a024 (0x00c1d333) x 6 0x007e5000
core   0: 0x8000a028 (0x41ebd9b3) sra     s3, s7, t5
core   0: 3 0x8000a028 (0x41ebd9b3) x19 0x175e9000
core   0: 0x8000a02c (0x40475013) srai    zero, a4, 4
core   0: 3 0x8000a02c (0x40475013)
core   0: 0x8000a030 (0x01327a33) and     s4, tp, s3
core   0: 3 0x8000a030 (0x01327a33) x20 0x00000000
core   0: 0x8000a034 (0x40fb5293) srai    t0, s6, 15
core   0: 3 0x8000a034 (0x40fb5293) x 5 0xffffc657
core   0: 0x8000a038 (0x8ea23913) sltiu   s2, tp, -1814
core   0: 3 0x8000a038 (0x8ea23913) x18 0x00000001
core   0: 0x8000a03c (0x41cfef93) ori     t6, t6, 1052
core   0: 3 0x8000a03c (0x41cfef93) x31 0x0000041c
core   0: 0x8000a040 (0x00000013) nop
core   0: 3 0x8000a040 (0x00000013)
core   0: 0x8000a044 (0x007f5893) srli    a7, t5, 7
core   0: 3 0x8000a044 (0x007f5893) x17 0x00000000
core   0: 0x8000a048 (0x00d6e2b3) or      t0, a3, a3
core   0: 3 0x8000a048 (0x00d6e2b3) x 5 0x0000baf4
core   0: 0x8000a04c (0x00000013) nop
core   0: 3 0x8000a04c (0x00000013)
core   0: 0x8000a050 (0x01de1813) slli    a6, t3, 29
core   0: 3 0x8000a050 (0x01de1813) x16 0x00000000
core   0: 0x8000a054 (0x00000013) nop
core   0: 3 0x8000a054 (0x00000013)
core   0: 0x8000a058 (0xf9ecca13) xori    s4, s9, -98
core   0: 3 0x8000a058 (0xf9ecca13) x20 0xf81aff9e
core   0: 0x8000a05c (0x40cb8c33) sub     s8, s7, a2
core   0: 3 0x8000a05c (0x40cb8c33) x24 0x975d331c
core   0: 0x8000a060 (0x00e27833) and     a6, tp, a4
core   0: 3 0x8000a060 (0x00e27833) x16 0x00000000
core   0: 0x8000a064 (0x01367533) and     a0, a2, s3
core   0: 3 0x8000a064 (0x01367533) x10 0x00001000
core   0: 0x8000a068 (0x71843e93) sltiu   t4, s0, 1816
core   0: 3 0x8000a068 (0x71843e93) x29 0x00000000
core   0: 0x8000a06c (0x002e6133) or      sp, t3, sp
core   0: 3 0x8000a06c (0x002e6133) x 2 0x07e50000
core   0: 0x8000a070 (0x007c7b33) and     s6, s8, t2
core   0: 3 0x8000a070 (0x007c7b33) x22 0x80011204
core   0: 0x8000a074 (0x002e4d33) xor     s10, t3, sp
core   0: 3 0x8000a074 (0x002e4d33) x26 0x07e50000
core   0: 0x8000a078 (0x407d5c93) srai    s9, s10, 7
core   0: 3 0x8000a078 (0x407d5c93) x25 0x000fca00
core   0: 0x8000a07c (0xcd6c2413) slti    s0, s8, -810
core   0: 3 0x8000a07c (0xcd6c2413) x 8 0x00000001
core   0: 0x8000a080 (0x019d9313) slli    t1, s11, 25
core   0: 3 0x8000a080 (0x019d9313) x 6 0x00000000
core   0: 0x8000a084 (0x00000013) nop
core   0: 3 0x8000a084 (0x00000013)
core   0: 0x8000a088 (0x4104de93) srai    t4, s1, 16
core   0: 3 0x8000a088 (0x4104de93) x29 0xffffe7ae
core   0: 0x8000a08c (0x01733433) sltu    s0, t1, s7
core   0: 3 0x8000a08c (0x01733433) x 8 0x00000001
core   0: 0x8000a090 (0x0105fbb3) and     s7, a1, a6
core   0: 3 0x8000a090 (0x0105fbb3) x23 0x00000000
core   0: 0x8000a094 (0x00fb7333) and     t1, s6, a5
core   0: 3 0x8000a094 (0x00fb7333) x 6 0x80001004
core   0: 0x8000a098 (0x015fc2b3) xor     t0, t6, s5
core   0: 3 0x8000a098 (0x015fc2b3) x 5 0xe7aed4c3
core   0: 0x8000a09c (0x1a148213) addi    tp, s1, 417
core   0: 3 0x8000a09c (0x1a148213) x 4 0xe7aed280
core   0: 0x8000a0a0 (0x0017da33) srl     s4, a5, ra
core   0: 3 0x8000a0a0 (0x0017da33) x20 0x0000000e
core   0: 0x8000a0a4 (0x01f19233) sll     tp, gp, t6
core   0: 3 0x8000a0a4 (0x01f19233) x 4 0x00000000
core   0: 0x8000a0a8 (0x00c7eab3) or      s5, a5, a2
core   0: 3 0x8000a0a8 (0x00c7eab3) x21 0xe7afdcff
core   0: 0x8000a0ac (0x01853733) sltu    a4, a0, s8
core   0: 3 0x8000a0ac (0x01853733) x14 0x00000001
core   0: 0x8000a0b0 (0x2684bf93) sltiu   t6, s1, 616
core   0: 3 0x8000a0b0 (0x2684bf93) x31 0x00000000
core   0: 0x8000a0b4 (0x000c3133) sltu    sp, s8, zero
core   0: 3 0x8000a0b4 (0x000c3133) x 2 0x00000000
core   0: 0x8000a0b8 (0x00000013) nop
core   0: 3 0x8000a0b8 (0x00000013)
core   0: 0x8000a0bc (0x00830733) add     a4, t1, s0
core   0: 3 0x8000a0bc (0x00830733) x14 0x80001005
core   0: 0x8000a0c0 (0xafea9f37) lui     t5, 0xafea9
core   0: 3 0x8000a0c0 (0xafea9f37) x30 0xafea9000
core   0: 0x8000a0c4 (0x00000013) nop
core   0: 3 0x8000a0c4 (0x00000013)
core   0: 0x8000a0c8 (0x018a8bb3) add     s7, s5, s8
core   0: 3 0x8000a0c8 (0x018a8bb3) x23 0x7f0d101b
core   0: 0x8000a0cc (0x0072df13) srli    t5, t0, 7
core   0: 3 0x8000a0cc (0x0072df13) x30 0x01cf5da9
core   0: 0x8000a0d0 (0xd0048b93) addi    s7, s1, -768
core   0: 3 0x8000a0d0 (0xd0048b93) x23 0xe7aecddf
core   0: 0x8000a0d4 (0x41a80033) sub     zero, a6, s10
core   0: 3 0x8000a0d4 (0x41a80033)
core   0: 0x8000a0d8 (0x00bed9b3) srl     s3, t4, a1
core   0: 3 0x8000a0d8 (0x00bed9b3) x19 0x00000001
core   0: 0x8000a0dc (0x8b777ab7) lui     s5, 0x8b777
core   0: 3 0x8000a0dc (0x8b777ab7) x21 0x8b777000
core   0: 0x8000a0e0 (0x01eae8b3) or      a7, s5, t5
core   0: 3 0x8000a0e0 (0x01eae8b3) x17 0x8bff7da9
core   0: 0x8000a0e4 (0x87b8bd93) sltiu   s11, a7, -1925
core   0: 3 0x8000a0e4 (0x87b8bd93) x27 0x00000001
core   0: 0x8000a0e8 (0x00561fb3) sll     t6, a2, t0
core   0: 3 0x8000a0e8 (0x00561fb3) x31 0x000ae720
core   0: 0x8000a0ec (0x8a4c8f93) addi    t6, s9, -1884
core   0: 3 0x8000a0ec (0x8a4c8f93) x31 0x000fc2a4
core   0: 0x8000a0f0 (0x482db893) sltiu   a7, s11, 1154
core   0: 3 0x8000a0f0 (0x482db893) x17 0x00000001
core   0: 0x8000a0f4 (0x002f7033) and     zero, t5, sp
core   0: 3 0x8000a0f4 (0x002f7033)
core   0: 0x8000a0f8 (0x01b6a4b3) slt     s1, a3, s11
core   0: 3 0x8000a0f8 (0x01b6a4b3) x 9 0x00000000
core   0: 0x8000a0fc (0x406150b3) sra     ra, sp, t1
core   0: 3 0x8000a0fc (0x406150b3) x 1 0x00000000
core   0: 0x8000a100 (0x3d494a93) xori    s5, s2, 980
core   0: 3 0x8000a100 (0x3d494a93) x21 0x000003d5
core   0: 0x8000a104 (0x00345e33) srl     t3, s0, gp
core   0: 3 0x8000a104 (0x00345e33) x28 0x00000001
core   0: 0x8000a108 (0x3396a197) auipc   gp, 0x3396a
core   0: 3 0x8000a108 (0x3396a197) x 3 0xb3974108
core   0: 0x8000a10c (0x00c121b3) slt     gp, sp, a2
core   0: 3 0x8000a10c (0x00c121b3) x 3 0x00000000
core   0: 0x8000a110 (0xf1193b93) sltiu   s7, s2, -239
core   0: 3 0x8000a110 (0xf1193b93) x23 0x00000001
core   0: 0x8000a114 (0x64fa0993) addi    s3, s4, 1615
core   0: 3 0x8000a114 (0x64fa0993) x19 0x0000065d
core   0: 0x8000a118 (0xc2fd4193) xori    gp, s10, -977
core   0: 3 0x8000a118 (0xc2fd4193) x 3 0xf81afc2f
core   0: 0x8000a11c (0xbef34413) xori    s0, t1, -1041
core   0: 3 0x8000a11c (0xbef34413) x 8 0x7fffebeb
core   0: 0x8000a120 (0x3b5d6013) ori     zero, s10, 949
core   0: 3 0x8000a120 (0x3b5d6013)
core   0: 0x8000a124 (0x015b15b3) sll     a1, s6, s5
core   0: 3 0x8000a124 (0x015b15b3) x11 0x40800000
core   0: 0x8000a128 (0x0105d6b3) srl     a3, a1, a6
core   0: 3 0x8000a128 (0x0105d6b3) x13 0x40800000
core   0: 0x8000a12c (0x40d38433) sub     s0, t2, a3
core   0: 3 0x8000a12c (0x40d38433) x 8 0x3f811e64
core   0: 0x8000a130 (0x009e1f13) slli    t5, t3, 9
core   0: 3 0x8000a130 (0x009e1f13) x30 0x00000200
core   0: 0x8000a134 (0x82a9b913) sltiu   s2, s3, -2006
core   0: 3 0x8000a134 (0x82a9b913) x18 0x00000001
core   0: 0x8000a138 (0x00e792b3) sll     t0, a5, a4
core   0: 3 0x8000a138 (0x00e792b3) x 5 0xf5da1be0
core   0: 0x8000a13c (0x82366213) ori     tp, a2, -2013
core   0: 3 0x8000a13c (0x82366213) x 4 0xfffffce7
core   0: 0x8000a140 (0x28e27b93) andi    s7, tp, 654
core   0: 3 0x8000a140 (0x28e27b93) x23 0x00000086
core   0: 0x8000a144 (0x00000013) nop
core   0: 3 0x8000a144 (0x00000013)
core   0: 0x8000a148 (0x376c2013) slti    zero, s8, 886
core   0: 3 0x8000a148 (0x376c2013)
core   0: 0x8000a14c (0x88384e93) xori    t4, a6, -1917
core   0: 3 0x8000a14c (0x88384e93) x29 0xfffff883
core   0: 0x8000a150 (0x01a2b133) sltu    sp, t0, s10
core   0: 3 0x8000a150 (0x01a2b133) x 2 0x00000000
core   0: 0x8000a154 (0x00266333) or      t1, a2, sp
core   0: 3 0x8000a154 (0x00266333) x 6 0x80015ce4
core   0: 0x8000a158 (0x407b5bb3) sra     s7, s6, t2
core   0: 3 0x8000a158 (0x407b5bb3) x23 0xf8001120
core   0: 0x8000a15c (0x89704493) xori    s1, zero, -1897
core   0: 3 0x8000a15c (0x89704493) x 9 0xfffff897
core   0: 0x8000a160 (0x009d1733) sll     a4, s10, s1
core   0: 3 0x8000a160 (0x009d1733) x14 0x00000000
core   0: 0x8000a164 (0x015935b3) sltu    a1, s2, s5
core   0: 3 0x8000a164 (0x015935b3) x11 0x00000001
core   0: 0x8000a168 (0x018e8233) add     tp, t4, s8
core   0: 3 0x8000a168 (0x018e8233) x 4 0x975d2b9f
core   0: 0x8000a16c (0x00d684b3) add     s1, a3, a3
core   0: 3 0x8000a16c (0x00d684b3) x 9 0x81000000
core   0: 0x8000a170 (0x01531d93) slli    s11, t1, 21
core   0: 3 0x8000a170 (0x01531d93) x27 0x9c800000
core   0: 0x8000a174 (0x01011c13) slli    s8, sp, 16
core   0: 3 0x8000a174 (0x01011c13) x24 0x00000000
core   0: 0x8000a178 (0xbb7fa913) slti    s2, t6, -1097
core   0: 3 0x8000a178 (0xbb7fa913) x18 0x00000000
core   0: 0x8000a17c (0x49d838b7) lui     a7, 0x49d83
core   0: 3 0x8000a17c (0x49d838b7) x17 0x49d83000
core   0: 0x8000a180 (0x01092333) slt     t1, s2, a6
core   0: 3 0x8000a180 (0x01092333) x 6 0x00000000
core   0: 0x8000a184 (0x50b90c13) addi    s8, s2, 1291
core   0: 3 0x8000a184 (0x50b90c13) x24 0x0000050b
core   0: 0x8000a188 (0x00000013) nop
core   0: 3 0x8000a188 (0x00000013)
core   0: 0x8000a18c (0xcec17c93) andi    s9, sp, -788
core   0: 3 0x8000a18c (0xcec17c93) x25 0x00000000
core   0: 0x8000a190 (0x5b177a93) andi    s5, a4, 1457
core   0: 3 0x8000a190 (0x5b177a93) x21 0x00000000
core   0: 0x8000a194 (0x76ea0c13) addi    s8, s4, 1902
core   0: 3 0x8000a194 (0x76ea0c13) x24 0x0000077c
core   0: 0x8000a198 (0x009dd113) srli    sp, s11, 9
core   0: 3 0x8000a198 (0x009dd113) x 2 0x004e4000
core   0: 0x8000a19c (0x419ad9b3) sra     s3, s5, s9
core   0: 3 0x8000a19c (0x419ad9b3) x19 0x00000000
core   0: 0x8000a1a0 (0x0076acb3) slt     s9, a3, t2
core   0: 3 0x8000a1a0 (0x0076acb3) x25 0x00000000
core   0: 0x8000a1a4 (0x40180933) sub     s2, a6, ra
core   0: 3 0x8000a1a4 (0x40180933) x18 0x00000000
core   0: 0x8000a1a8 (0x000b8333) add     t1, s7, zero
core   0: 3 0x8000a1a8 (0x000b8333) x 6 0xf8001120
core   0: 0x8000a1ac (0x00531713) slli    a4, t1, 5
core   0: 3 0x8000a1ac (0x00531713) x14 0x00022400
core   0: 0x8000a1b0 (0x00e09bb3) sll     s7, ra, a4
core   0: 3 0x8000a1b0 (0x00e09bb3) x23 0x00000000
core   0: 0x8000a1b4 (0x0051e497) auipc   s1, 0x51e
core   0: 3 0x8000a1b4 (0x0051e497) x 9 0x805281b4
core   0: 0x8000a1b8 (0x01fa41b3) xor     gp, s4, t6
core   0: 3 0x8000a1b8 (0x01fa41b3) x 3 0x000fc2aa
core   0: 0x8000a1bc (0x01c69c13) slli    s8, a3, 28
core   0: 3 0x8000a1bc (0x01c69c13) x24 0x00000000
core   0: 0x8000a1c0 (0x40da0533) sub     a0, s4, a3
core   0: 3 0x8000a1c0 (0x40da0533) x10 0xbf80000e
core   0: 0x8000a1c4 (0x00bb3e33) sltu    t3, s6, a1
core   0: 3 0x8000a1c4 (0x00bb3e33) x28 0x00000000
core   0: 0x8000a1c8 (0x01945db3) srl     s11, s0, s9
core   0: 3 0x8000a1c8 (0x01945db3) x27 0x3f811e64
core   0: 0x8000a1cc (0x012b5db3) srl     s11, s6, s2
core   0: 3 0x8000a1cc (0x012b5db3) x27 0x80011204
core   0: 0x8000a1d0 (0x77fb7593) andi    a1, s6, 1919
core   0: 3 0x8000a1d0 (0x77fb7593) x11 0x00000204
core   0: 0x8000a1d4 (0x41605833) sra     a6, zero, s6
core   0: 3 0x8000a1d4 (0x41605833) x16 0x00000000
core   0: 0x8000a1d8 (0x00772933) slt     s2, a4, t2
core   0: 3 0x8000a1d8 (0x00772933) x18 0x00000000
core   0: 0x8000a1dc (0x005ed5b3) srl     a1, t4, t0
core   0: 3 0x8000a1dc (0x005ed5b3) x11 0xfffff883
core   0: 0x8000a1e0 (0x00000013) nop
core   0: 3 0x8000a1e0 (0x00000013)
core   0: 0x8000a1e4 (0x400e5eb3) sra     t4, t3, zero
core   0: 3 0x8000a1e4 (0x400e5eb3) x29 0x00000000
core   0: 0x8000a1e8 (0x40fa5133) sra     sp, s4, a5
core   0: 3 0x8000a1e8 (0x40fa5133) x 2 0x00000000
core   0: 0x8000a1ec (0x1a4fad97) auipc   s11, 0x1a4fa
core   0: 3 0x8000a1ec (0x1a4fad97) x27 0x9a5041ec
core   0: 0x8000a1f0 (0x00635a33) srl     s4, t1, t1
core   0: 3 0x8000a1f0 (0x00635a33) x20 0xf8001120
core   0: 0x8000a1f4 (0xc523c213) xori    tp, t2, -942
core   0: 3 0x8000a1f4 (0xc523c213) x 4 0x7ffee236
core   0: 0x8000a1f8 (0x1baf0913) addi    s2, t5, 442
core   0: 3 0x8000a1f8 (0x1baf0913) x18 0x000003ba
core   0: 0x8000a1fc (0x1bc36a93) ori     s5, t1, 444
core   0: 3 0x8000a1fc (0x1bc36a93) x21 0xf80011bc
core   0: 0x8000a200 (0x01905213) srli    tp, zero, 25
core   0: 3 0x8000a200 (0x01905213) x 4 0x00000000
core   0: 0x8000a204 (0x01b31eb3) sll     t4, t1, s11
core   0: 3 0x8000a204 (0x01b31eb3) x29 0x01120000
core   0: 0x8000a208 (0xc2fe6f93) ori     t6, t3, -977
core   0: 3 0x8000a208 (0xc2fe6f93) x31 0xfffffc2f
core   0: 0x8000a20c (0x7de2f693) andi    a3, t0, 2014
core   0: 3 0x8000a20c (0x7de2f693) x13 0x000003c0
core   0: 0x8000a210 (0x002e5bb3) srl     s7, t3, sp
core   0: 3 0x8000a210 (0x002e5bb3) x23 0x00000000
core   0: 0x8000a214 (0xedf44213) xori    tp, s0, -289
core   0: 3 0x8000a214 (0xedf44213) x 4 0xc07ee0bb
core   0: 0x8000a218 (0x87472117) auipc   sp, 0x87472
core   0: 3 0x8000a218 (0x87472117) x 2 0x0747c218
core   0: 0x8000a21c (0x403ad4b3) sra     s1, s5, gp
core   0: 3 0x8000a21c (0x403ad4b3) x 9 0xfffe0004
core   0: 0x8000a220 (0x8434b913) sltiu   s2, s1, -1981
core   0: 3 0x8000a220 (0x8434b913) x18 0x00000001
core   0: 0x8000a224 (0x0135e833) or      a6, a1, s3
core   0: 3 0x8000a224 (0x0135e833) x16 0xfffff883
core   0: 0x8000a228 (0x00bdde93) srli    t4, s11, 11
core   0: 3 0x8000a228 (0x00bdde93) x29 0x00134a08
core   0: 0x8000a22c (0x00a3e9b3) or      s3, t2, a0
core   0: 3 0x8000a22c (0x00a3e9b3) x19 0xbf811e6e
core   0: 0x8000a230 (0x0028c0b3) xor     ra, a7, sp
core   0: 3 0x8000a230 (0x0028c0b3) x 1 0x4e9ff218
core   0: 0x8000a234 (0x395b4513) xori    a0, s6, 917
core   0: 3 0x8000a234 (0x395b4513) x10 0x80011191
core   0: 0x8000a238 (0x01e32333) slt     t1, t1, t5
core   0: 3 0x8000a238 (0x01e32333) x 6 0x00000001
core   0: 0x8000a23c (0x404c0fb3) sub     t6, s8, tp
core   0: 3 0x8000a23c (0x404c0fb3) x31 0x3f811f45
core   0: 0x8000a240 (0x6d557c17) auipc   s8, 0x6d557
core   0: 3 0x8000a240 (0x6d557c17) x24 0xed561240
core   0: 0x8000a244 (0x0163f033) and     zero, t2, s6
core   0: 3 0x8000a244 (0x0163f033)
core   0: 0x8000a248 (0x8d712b13) slti    s6, sp, -1833
core   0: 3 0x8000a248 (0x8d712b13) x22 0x00000000
core   0: 0x8000a24c (0x6bd40413) addi    s0, s0, 1725
core   0: 3 0x8000a24c (0x6bd40413) x 8 0x3f812521
core   0: 0x8000a250 (0x40e4deb3) sra     t4, s1, a4
core   0: 3 0x8000a250 (0x40e4deb3) x29 0xfffe0004
core   0: 0x8000a254 (0xb52db6b7) lui     a3, 0xb52db
core   0: 3 0x8000a254 (0xb52db6b7) x13 0xb52db000
core   0: 0x8000a258 (0x01ecb433) sltu    s0, s9, t5
core   0: 3 0x8000a258 (0x01ecb433) x 8 0x00000001
core   0: 0x8000a25c (0x00000013) nop
core   0: 3 0x8000a25c (0x00000013)
core   0: 0x8000a260 (0x1dcde017) auipc   zero, 0x1dcde
core   0: 3 0x8000a260 (0x1dcde017)
core   0: 0x8000a264 (0x40f70db3) sub     s11, a4, a5
core   0: 3 0x8000a264 (0x40f70db3) x27 0x18535321
core   0: 0x8000a268 (0x5a082813) slti    a6, a6, 1440
core   0: 3 0x8000a268 (0x5a082813) x16 0x00000001
core   0: 0x8000a26c (0x41ed85b3) sub     a1, s11, t5
core   0: 3 0x8000a26c (0x41ed85b3) x11 0x18535121
core   0: 0x8000a270 (0x001c6fb3) or      t6, s8, ra
core   0: 3 0x8000a270 (0x001c6fb3) x31 0xefdff258
core   0: 0x8000a274 (0xabd90513) addi    a0, s2, -1347
core   0: 3 0x8000a274 (0xabd90513) x10 0xfffffabe
core   0: 0x8000a278 (0x92273137) lui     sp, 0x92273
core   0: 3 0x8000a278 (0x92273137) x 2 0x92273000
core   0: 0x8000a27c (0x0174ea33) or      s4, s1, s7
core   0: 3 0x8000a27c (0x0174ea33) x20 0xfffe0004
core   0: 0x8000a280 (0x8935f813) andi    a6, a1, -1901
core   0: 3 0x8000a280 (0x8935f813) x16 0x18535001
core   0: 0x8000a284 (0x6c65b293) sltiu   t0, a1, 1734
core   0: 3 0x8000a284 (0x6c65b293) x 5 0x00000000
core   0: 0x8000a288 (0x001aa1b3) slt     gp, s5, ra
core   0: 3 0x8000a288 (0x001aa1b3) x 3 0x00000001
core   0: 0x8000a28c (0x01136fb3) or      t6, t1, a7
core   0: 3 0x8000a28c (0x01136fb3) x31 0x49d83001
core   0: 0x8000a290 (0x00000013) nop
core   0: 3 0x8000a290 (0x00000013)
core   0: 0x8000a294 (0x11a5d5b7) lui     a1, 0x11a5d
core   0: 3 0x8000a294 (0x11a5d5b7) x11 0x11a5d000
core   0: 0x8000a298 (0x01a41433) sll     s0, s0, s10
core   0: 3 0x8000a298 (0x01a41433) x 8 0x00000001
core   0: 0x8000a29c (0x01939713) slli    a4, t2, 25
core   0: 3 0x8000a29c (0x01939713) x14 0xc8000000
core   0: 0x8000a2a0 (0x007a02b3) add     t0, s4, t2
core   0: 3 0x8000a2a0 (0x007a02b3) x 5 0x7fff1e68
core   0: 0x8000a2a4 (0xe7170693) addi    a3, a4, -399
core   0: 3 0x8000a2a4 (0xe7170693) x13 0xc7fffe71
core   0: 0x8000a2a8 (0x313c6f93) ori     t6, s8, 787
core   0: 3 0x8000a2a8 (0x313c6f93) x31 0xed561353
core   0: 0x8000a2ac (0x5792e513) ori     a0, t0, 1401
core   0: 3 0x8000a2ac (0x5792e513) x10 0x7fff1f79
core   0: 0x8000a2b0 (0x009b8eb3) add     t4, s7, s1
core   0: 3 0x8000a2b0 (0x009b8eb3) x29 0xfffe0004
core   0: 0x8000a2b4 (0x0040c333) xor     t1, ra, tp
core   0: 3 0x8000a2b4 (0x0040c333) x 6 0x8ee112a3
core   0: 0x8000a2b8 (0x0a63bc93) sltiu   s9, t2, 166
core   0: 3 0x8000a2b8 (0x0a63bc93) x25 0x00000000
core   0: 0x8000a2bc (0x277c2913) slti    s2, s8, 631
core   0: 3 0x8000a2bc (0x277c2913) x18 0x00000001
core   0: 0x8000a2c0 (0x404f86b3) sub     a3, t6, tp
core   0: 3 0x8000a2c0 (0x404f86b3) x13 0x2cd73298
core   0: 0x8000a2c4 (0x41685993) srai    s3, a6, 22
core   0: 3 0x8000a2c4 (0x41685993) x19 0x00000061
core   0: 0x8000a2c8 (0x41d38c33) sub     s8, t2, t4
core   0: 3 0x8000a2c8 (0x41d38c33) x24 0x80031e60
core   0: 0x8000a2cc (0x00ad6a33) or      s4, s10, a0
core   0: 3 0x8000a2cc (0x00ad6a33) x20 0x7fff1f79
core   0: 0x8000a2d0 (0x40360a33) sub     s4, a2, gp
core   0: 3 0x8000a2d0 (0x40360a33) x20 0x80015ce3
core   0: 0x8000a2d4 (0x390b6013) ori     zero, s6, 912
core   0: 3 0x8000a2d4 (0x390b6013)
core   0: 0x8000a2d8 (0xaf5d4b93) xori    s7, s10, -1291
core   0: 3 0x8000a2d8 (0xaf5d4b93) x23 0xf81afaf5
core   0: 0x8000a2dc (0x00000013) nop
core   0: 3 0x8000a2dc (0x00000013)
core   0: 0x8000a2e0 (0xc0449eb7) lui     t4, 0xc0449
core   0: 3 0x8000a2e0 (0xc0449eb7) x29 0xc0449000
core   0: 0x8000a2e4 (0x01ef95b3) sll     a1, t6, t5
core   0: 3 0x8000a2e4 (0x01ef95b3) x11 0xed561353
core   0: 0x8000a2e8 (0xa290d737) lui     a4, 0xa290d
core   0: 3 0x8000a2e8 (0xa290d737) x14 0xa290d000
core   0: 0x8000a2ec (0x7ed7a713) slti    a4, a5, 2029
core   0: 3 0x8000a2ec (0x7ed7a713) x14 0x00000001
core   0: 0x8000a2f0 (0x01cf0433) add     s0, t5, t3
core   0: 3 0x8000a2f0 (0x01cf0433) x 8 0x00000200
core   0: 0x8000a2f4 (0x404cdfb3) sra     t6, s9, tp
core   0: 3 0x8000a2f4 (0x404cdfb3) x31 0x00000000
core   0: 0x8000a2f8 (0x00ddd233) srl     tp, s11, a3
core   0: 3 0x8000a2f8 (0x00ddd233) x 4 0x00000018
core   0: 0x8000a2fc (0xf86c6c37) lui     s8, 0xf86c6
core   0: 3 0x8000a2fc (0xf86c6c37) x24 0xf86c6000
core   0: 0x8000a300 (0x00685a93) srli    s5, a6, 6
core   0: 3 0x8000a300 (0x00685a93) x21 0x00614d40
core   0: 0x8000a304 (0x010c2b33) slt     s6, s8, a6
core   0: 3 0x8000a304 (0x010c2b33) x22 0x00000001
core   0: 0x8000a308 (0x00195193) srli    gp, s2, 1
core   0: 3 0x8000a308 (0x00195193) x 3 0x00000000
core   0: 0x8000a30c (0x019e2c33) slt     s8, t3, s9
core   0: 3 0x8000a30c (0x019e2c33) x24 0x00000000
core   0: 0x8000a310 (0x00000013) nop
core   0: 3 0x8000a310 (0x00000013)
core   0: 0x8000a314 (0x00865b13) srli    s6, a2, 8
core   0: 3 0x8000a314 (0x00865b13) x22 0x0080015c
core   0: 0x8000a318 (0x00c740b3) xor     ra, a4, a2
core   0: 3 0x8000a318 (0x00c740b3) x 1 0x80015ce5
core   0: 0x8000a31c (0x66158593) addi    a1, a1, 1633
core   0: 3 0x8000a31c (0x66158593) x11 0xed5619b4
core   0: 0x8000a320 (0x9b064b93) xori    s7, a2, -1616
core   0: 3 0x8000a320 (0x9b064b93) x23 0x7ffea554
core   0: 0x8000a324 (0x70130293) addi    t0, t1, 1793
core   0: 3 0x8000a324 (0x70130293) x 5 0x8ee119a4
core   0: 0x8000a328 (0x41495e33) sra     t3, s2, s4
core   0: 3 0x8000a328 (0x41495e33) x28 0x00000000
core   0: 0x8000a32c (0x008bd833) srl     a6, s7, s0
core   0: 3 0x8000a32c (0x008bd833) x16 0x7ffea554
core   0: 0x8000a330 (0x00000013) nop
core   0: 3 0x8000a330 (0x00000013)
core   0: 0x8000a334 (0x53c52a93) slti    s5, a0, 1340
core   0: 3 0x8000a334 (0x53c52a93) x21 0x00000000
core   0: 0x8000a338 (0x016c0fb3) add     t6, s8, s6
core   0: 3 0x8000a338 (0x016c0fb3) x31 0x0080015c
core   0: 0x8000a33c (0x01cd7f33) and     t5, s10, t3
core   0: 3 0x8000a33c (0x01cd7f33) x30 0x00000000
core   0: 0x8000a340 (0x01c27933) and     s2, tp, t3
core   0: 3 0x8000a340 (0x01c27933) x18 0x00000000
core   0: 0x8000a344 (0x0158d513) srli    a0, a7, 21
core   0: 3 0x8000a344 (0x0158d513) x10 0x0000024e
core   0: 0x8000a348 (0x00365413) srli    s0, a2, 3
core   0: 3 0x8000a348 (0x00365413) x 8 0x10002b9c
core   0: 0x8000a34c (0x00181a33) sll     s4, a6, ra
core   0: 3 0x8000a34c (0x00181a33) x20 0xffd4aa80
core   0: 0x8000a350 (0x01f5bfb3) sltu    t6, a1, t6
core   0: 3 0x8000a350 (0x01f5bfb3) x31 0x00000000
core   0: 0x8000a354 (0x00735433) srl     s0, t1, t2
core   0: 3 0x8000a354 (0x00735433) x 8 0x08ee112a
core   0: 0x8000a358 (0x00000013) nop
core   0: 3 0x8000a358 (0x00000013)
core   0: 0x8000a35c (0x40c48ab3) sub     s5, s1, a2
core   0: 3 0x8000a35c (0x40c48ab3) x21 0x7ffca320
core   0: 0x8000a360 (0x9ebd0713) addi    a4, s10, -1557
core   0: 3 0x8000a360 (0x9ebd0713) x14 0x07e4f9eb
core   0: 0x8000a364 (0x401554b3) sra     s1, a0, ra
core   0: 3 0x8000a364 (0x401554b3) x 9 0x00000012
core   0: 0x8000a368 (0x38a24a93) xori    s5, tp, 906
core   0: 3 0x8000a368 (0x38a24a93) x21 0x00000392
core   0: 0x8000a36c (0x41a15693) srai    a3, sp, 26
core   0: 3 0x8000a36c (0x41a15693) x13 0xffffffe4
core   0: 0x8000a370 (0x010a0133) add     sp, s4, a6
core   0: 3 0x8000a370 (0x010a0133) x 2 0x7fd34fd4
core   0: 0x8000a374 (0xf2ee3013) sltiu   zero, t3, -210
core   0: 3 0x8000a374 (0xf2ee3013)
core   0: 0x8000a378 (0x05c43013) sltiu   zero, s0, 92
core   0: 3 0x8000a378 (0x05c43013)
core   0: 0x8000a37c (0x0047feb3) and     t4, a5, tp
core   0: 3 0x8000a37c (0x0047feb3) x29 0x00000018
core   0: 0x8000a380 (0x407c59b3) sra     s3, s8, t2
core   0: 3 0x8000a380 (0x407c59b3) x19 0x00000000
core   0: 0x8000a384 (0x01cf7533) and     a0, t5, t3
core   0: 3 0x8000a384 (0x01cf7533) x10 0x00000000
core   0: 0x8000a388 (0x0097a133) slt     sp, a5, s1
core   0: 3 0x8000a388 (0x0097a133) x 2 0x00000001
core   0: 0x8000a38c (0x002981b3) add     gp, s3, sp
core   0: 3 0x8000a38c (0x002981b3) x 3 0x00000001
core   0: 0x8000a390 (0x41195413) srai    s0, s2, 17
core   0: 3 0x8000a390 (0x41195413) x 8 0x00000000
core   0: 0x8000a394 (0x00a82833) slt     a6, a6, a0
core   0: 3 0x8000a394 (0x00a82833) x16 0x00000000
core   0: 0x8000a398 (0xb6e93b93) sltiu   s7, s2, -1170
core   0: 3 0x8000a398 (0xb6e93b93) x23 0x00000001
core   0: 0x8000a39c (0x005748b3) xor     a7, a4, t0
core   0: 3 0x8000a39c (0x005748b3) x17 0x8905e04f
core   0: 0x8000a3a0 (0x62494f93) xori    t6, s2, 1572
core   0: 3 0x8000a3a0 (0x62494f93) x31 0x00000624
core   0: 0x8000a3a4 (0x1caf3997) auipc   s3, 0x1caf3
core   0: 3 0x8000a3a4 (0x1caf3997) x19 0x9cafd3a4
core   0: 0x8000a3a8 (0x002fb833) sltu    a6, t6, sp
core   0: 3 0x8000a3a8 (0x002fb833) x16 0x00000000
core   0: 0x8000a3ac (0x6811b293) sltiu   t0, gp, 1665
core   0: 3 0x8000a3ac (0x6811b293) x 5 0x00000001
core   0: 0x8000a3b0 (0x01e4e6b3) or      a3, s1, t5
core   0: 3 0x8000a3b0 (0x01e4e6b3) x13 0x00000012
core   0: 0x8000a3b4 (0x00094ab3) xor     s5, s2, zero
core   0: 3 0x8000a3b4 (0x00094ab3) x21 0x00000000
core   0: 0x8000a3b8 (0x2e277313) andi    t1, a4, 738
core   0: 3 0x8000a3b8 (0x2e277313) x 6 0x000000e2
core   0: 0x8000a3bc (0x41ee5b33) sra     s6, t3, t5
core   0: 3 0x8000a3bc (0x41ee5b33) x22 0x00000000
core   0: 0x8000a3c0 (0x01532133) slt     sp, t1, s5
core   0: 3 0x8000a3c0 (0x01532133) x 2 0x00000000
core   0: 0x8000a3c4 (0x00ac9993) slli    s3, s9, 10
core   0: 3 0x8000a3c4 (0x00ac9993) x19 0x00000000
core   0: 0x8000a3c8 (0x01b7a1b3) slt     gp, a5, s11
core   0: 3 0x8000a3c8 (0x01b7a1b3) x 3 0x00000001
core   0: 0x8000a3cc (0x0119c0b3) xor     ra, s3, a7
core   0: 3 0x8000a3cc (0x0119c0b3) x 1 0x8905e04f
core   0: 0x8000a3d0 (0xf6591837) lui     a6, 0xf6591
core   0: 3 0x8000a3d0 (0xf6591837) x16 0xf6591000
core   0: 0x8000a3d4 (0x40710bb3) sub     s7, sp, t2
core   0: 3 0x8000a3d4 (0x40710bb3) x23 0x7ffee19c
core   0: 0x8000a3d8 (0x40ceda33) sra     s4, t4, a2
core   0: 3 0x8000a3d8 (0x40ceda33) x20 0x00000001
core   0: 0x8000a3dc (0x0112da33) srl     s4, t0, a7
core   0: 3 0x8000a3dc (0x0112da33) x20 0x00000000
core   0: 0x8000a3e0 (0x427f6e93) ori     t4, t5, 1063
core   0: 3 0x8000a3e0 (0x427f6e93) x29 0x00000427
core   0: 0x8000a3e4 (0xd3e58993) addi    s3, a1, -706
core   0: 3 0x8000a3e4 (0xd3e58993) x19 0xed5616f2
core   0: 0x8000a3e8 (0x419fd933) sra     s2, t6, s9
core   0: 3 0x8000a3e8 (0x419fd933) x18 0x00000624
core   0: 0x8000a3ec (0x01f470b3) and     ra, s0, t6
core   0: 3 0x8000a3ec (0x01f470b3) x 1 0x00000000
core   0: 0x8000a3f0 (0xa63b1fb7) lui     t6, 0xa63b1
core   0: 3 0x8000a3f0 (0xa63b1fb7) x31 0xa63b1000
core   0: 0x8000a3f4 (0x01337433) and     s0, t1, s3
core   0: 3 0x8000a3f4 (0x01337433) x 8 0x000000e2
core   0: 0x8000a3f8 (0x008c9333) sll     t1, s9, s0
core   0: 3 0x8000a3f8 (0x008c9333) x 6 0x00000000
core   0: 0x8000a3fc (0x01dc41b3) xor     gp, s8, t4
core   0: 3 0x8000a3fc (0x01dc41b3) x 3 0x00000427
core   0: 0x8000a400 (0x0d713a93) sltiu   s5, sp, 215
core   0: 3 0x8000a400 (0x0d713a93) x21 0x00000001
core   0: 0x8000a404 (0x005e1893) slli    a7, t3, 5
core   0: 3 0x8000a404 (0x005e1893) x17 0x00000000
core   0: 0x8000a408 (0x00c14033) xor     zero, sp, a2
core   0: 3 0x8000a408 (0x00c14033)
core   0: 0x8000a40c (0x011ec5b3) xor     a1, t4, a7
core   0: 3 0x8000a40c (0x011ec5b3) x11 0x00000427
core   0: 0x8000a410 (0x01e79813) slli    a6, a5, 30
core   0: 3 0x8000a410 (0x01e79813) x16 0xc0000000
core   0: 0x8000a414 (0x40be5913) srai    s2, t3, 11
core   0: 3 0x8000a414 (0x40be5913) x18 0x00000000
core   0: 0x8000a418 (0x00235f13) srli    t5, t1, 2
core   0: 3 0x8000a418 (0x00235f13) x30 0x00000000
core   0: 0x8000a41c (0x00a17cb3) and     s9, sp, a0
core   0: 3 0x8000a41c (0x00a17cb3) x25 0x00000000
core   0: 0x8000a420 (0x01fcf733) and     a4, s9, t6
core   0: 3 0x8000a420 (0x01fcf733) x14 0x00000000
core   0: 0x8000a424 (0xb1360d13) addi    s10, a2, -1261
core   0: 3 0x8000a424 (0xb1360d13) x26 0x800157f7
core   0: 0x8000a428 (0x019f4ab3) xor     s5, t5, s9
core   0: 3 0x8000a428 (0x019f4ab3) x21 0x00000000
core   0: 0x8000a42c (0x0192e4b3) or      s1, t0, s9
core   0: 3 0x8000a42c (0x0192e4b3) x 9 0x00000001
core   0: 0x8000a430 (0x017b1f93) slli    t6, s6, 23
core   0: 3 0x8000a430 (0x017b1f93) x31 0x00000000
core   0: 0x8000a434 (0x00000b93) li      s7, 0
core   0: 3 0x8000a434 (0x00000b93) x23 0x00000000
core   0: 0x8000a438 (0x00000c93) li      s9, 0
core   0: 3 0x8000a438 (0x00000c93) x25 0x00000000
core   0: 0x8000a43c (0xfff00993) li      s3, -1
core   0: 3 0x8000a43c (0xfff00993) x19 0xffffffff
core   0: 0x8000a440 (0x00000713) li      a4, 0
core   0: 3 0x8000a440 (0x00000713) x14 0x00000000
core   0: 0x8000a444 (0x80000ab7) lui     s5, 0x80000
core   0: 3 0x8000a444 (0x80000ab7) x21 0x80000000
core   0: 0x8000a448 (0x00000893) li      a7, 0
core   0: 3 0x8000a448 (0x00000893) x17 0x00000000
core   0: 0x8000a44c (0xfff00693) li      a3, -1
core   0: 3 0x8000a44c (0xfff00693) x13 0xffffffff
core   0: 0x8000a450 (0x7fedb4b7) lui     s1, 0x7fedb
core   0: 3 0x8000a450 (0x7fedb4b7) x 9 0x7fedb000
core   0: 0x8000a454 (0xa8d48493) addi    s1, s1, -1395
core   0: 3 0x8000a454 (0xa8d48493) x 9 0x7fedaa8d
core   0: 0x8000a458 (0x00000113) li      sp, 0
core   0: 3 0x8000a458 (0x00000113) x 2 0x00000000
core   0: 0x8000a45c (0x3d0cab37) lui     s6, 0x3d0ca
core   0: 3 0x8000a45c (0x3d0cab37) x22 0x3d0ca000
core   0: 0x8000a460 (0x1b1b0b13) addi    s6, s6, 433
core   0: 3 0x8000a460 (0x1b1b0b13) x22 0x3d0ca1b1
core   0: 0x8000a464 (0x40948133) sub     sp, s1, s1
core   0: 3 0x8000a464 (0x40948133) x 2 0x00000000
core   0: 0x8000a468 (0x9bd6c137) lui     sp, 0x9bd6c
core   0: 3 0x8000a468 (0x9bd6c137) x 2 0x9bd6c000
core   0: 0x8000a46c (0x00000013) nop
core   0: 3 0x8000a46c (0x00000013)
core   0: 0x8000a470 (0x41570ab3) sub     s5, a4, s5
core   0: 3 0x8000a470 (0x41570ab3) x21 0x80000000
core   0: 0x8000a474 (0x00000013) nop
core   0: 3 0x8000a474 (0x00000013)
core   0: 0x8000a478 (0x00000013) nop
core   0: 3 0x8000a478 (0x00000013)
core   0: 0x8000a47c (0x00000013) nop
core   0: 3 0x8000a47c (0x00000013)
core   0: 0x8000a480 (0x016b84b3) add     s1, s7, s6
core   0: 3 0x8000a480 (0x016b84b3) x 9 0x3d0ca1b1
core   0: 0x8000a484 (0x63ac8893) addi    a7, s9, 1594
core   0: 3 0x8000a484 (0x63ac8893) x17 0x0000063a
core   0: 0x8000a488 (0x00e709b3) add     s3, a4, a4
core   0: 3 0x8000a488 (0x00e709b3) x19 0x00000000
core   0: 0x8000a48c (0x00000013) nop
core   0: 3 0x8000a48c (0x00000013)
core   0: 0x8000a490 (0xbb088693) addi    a3, a7, -1104
core   0: 3 0x8000a490 (0xbb088693) x13 0x000001ea
core   0: 0x8000a494 (0x83ab8c93) addi    s9, s7, -1990
core   0: 3 0x8000a494 (0x83ab8c93) x25 0xfffff83a
core   0: 0x8000a498 (0x93911bb7) lui     s7, 0x93911
core   0: 3 0x8000a498 (0x93911bb7) x23 0x93911000
core   0: 0x8000a49c (0x00000013) nop
core   0: 3 0x8000a49c (0x00000013)
core   0: 0x8000a4a0 (0x415b08b3) sub     a7, s6, s5
core   0: 3 0x8000a4a0 (0x415b08b3) x17 0xbd0ca1b1
core   0: 0x8000a4a4 (0x00000013) nop
core   0: 3 0x8000a4a4 (0x00000013)
core   0: 0x8000a4a8 (0x413b0b33) sub     s6, s6, s3
core   0: 3 0x8000a4a8 (0x413b0b33) x22 0x3d0ca1b1
core   0: 0x8000a4ac (0x1f1a0897) auipc   a7, 0x1f1a0
core   0: 3 0x8000a4ac (0x1f1a0897) x17 0x9f1aa4ac
core   0: 0x8000a4b0 (0x99940c97) auipc   s9, 0x99940
core   0: 3 0x8000a4b0 (0x99940c97) x25 0x1994a4b0
core   0: 0x8000a4b4 (0xd2648693) addi    a3, s1, -730
core   0: 3 0x8000a4b4 (0xd2648693) x13 0x3d0c9ed7
core   0: 0x8000a4b8 (0x00d706b3) add     a3, a4, a3
core   0: 3 0x8000a4b8 (0x00d706b3) x13 0x3d0c9ed7
core   0: 0x8000a4bc (0x00000013) nop
core   0: 3 0x8000a4bc (0x00000013)
core   0: 0x8000a4c0 (0xfb048c93) addi    s9, s1, -80
core   0: 3 0x8000a4c0 (0xfb048c93) x25 0x3d0ca161
core   0: 0x8000a4c4 (0x41bbd413) srai    s0, s7, 27
core   0: 3 0x8000a4c4 (0x41bbd413) x 8 0xfffffff2
core   0: 0x8000a4c8 (0xd7db6813) ori     a6, s6, -643
core   0: 3 0x8000a4c8 (0xd7db6813) x16 0xfffffdfd
core   0: 0x8000a4cc (0xdb143413) sltiu   s0, s0, -591
core   0: 3 0x8000a4cc (0xdb143413) x 8 0x00000000
core   0: 0x8000a4d0 (0x01df16b3) sll     a3, t5, t4
core   0: 3 0x8000a4d0 (0x01df16b3) x13 0x00000000
core   0: 0x8000a4d4 (0x14035c17) auipc   s8, 0x14035
core   0: 3 0x8000a4d4 (0x14035c17) x24 0x9403f4d4
core   0: 0x8000a4d8 (0x00894733) xor     a4, s2, s0
core   0: 3 0x8000a4d8 (0x00894733) x14 0x00000000
core   0: 0x8000a4dc (0x006e6cb3) or      s9, t3, t1
core   0: 3 0x8000a4dc (0x006e6cb3) x25 0x00000000
core   0: 0x8000a4e0 (0x01172ab3) slt     s5, a4, a7
core   0: 3 0x8000a4e0 (0x01172ab3) x21 0x00000000
core   0: 0x8000a4e4 (0x012315b3) sll     a1, t1, s2
core   0: 3 0x8000a4e4 (0x012315b3) x11 0x00000000
core   0: 0x8000a4e8 (0x00000013) nop
core   0: 3 0x8000a4e8 (0x00000013)
core   0: 0x8000a4ec (0x01055013) srli    zero, a0, 16
core   0: 3 0x8000a4ec (0x01055013)
core   0: 0x8000a4f0 (0x412b52b3) sra     t0, s6, s2
core   0: 3 0x8000a4f0 (0x412b52b3) x 5 0x3d0ca1b1
core   0: 0x8000a4f4 (0x84792e13) slti    t3, s2, -1977
core   0: 3 0x8000a4f4 (0x84792e13) x28 0x00000000
core   0: 0x8000a4f8 (0x3f6c2113) slti    sp, s8, 1014
core   0: 3 0x8000a4f8 (0x3f6c2113) x 2 0x00000001
core   0: 0x8000a4fc (0x40a7d493) srai    s1, a5, 10
core   0: 3 0x8000a4fc (0x40a7d493) x 9 0xfff9ebb4
core   0: 0x8000a500 (0x41985293) srai    t0, a6, 25
core   0: 3 0x8000a500 (0x41985293) x 5 0xffffffff
core   0: 0x8000a504 (0x009c8733) add     a4, s9, s1
core   0: 3 0x8000a504 (0x009c8733) x14 0xfff9ebb4
core   0: 0x8000a508 (0x018270b3) and     ra, tp, s8
core   0: 3 0x8000a508 (0x018270b3) x 1 0x00000010
core   0: 0x8000a50c (0xe5f1c313) xori    t1, gp, -417
core   0: 3 0x8000a50c (0xe5f1c313) x 6 0xfffffa78
core   0: 0x8000a510 (0x3a0c10b7) lui     ra, 0x3a0c1
core   0: 3 0x8000a510 (0x3a0c10b7) x 1 0x3a0c1000
core   0: 0x8000a514 (0x69318413) addi    s0, gp, 1683
core   0: 3 0x8000a514 (0x69318413) x 8 0x00000aba
core   0: 0x8000a518 (0x7df83713) sltiu   a4, a6, 2015
core   0: 3 0x8000a518 (0x7df83713) x14 0x00000000
core   0: 0x8000a51c (0x00000013) nop
core   0: 3 0x8000a51c (0x00000013)
core   0: 0x8000a520 (0x0099b433) sltu    s0, s3, s1
core   0: 3 0x8000a520 (0x0099b433) x 8 0x00000001
core   0: 0x8000a524 (0x79228f93) addi    t6, t0, 1938
core   0: 3 0x8000a524 (0x79228f93) x31 0x00000791
core   0: 0x8000a528 (0x0092d513) srli    a0, t0, 9
core   0: 3 0x8000a528 (0x0092d513) x10 0x007fffff
core   0: 0x8000a52c (0x019d1f93) slli    t6, s10, 25
core   0: 3 0x8000a52c (0x019d1f93) x31 0xee000000
core   0: 0x8000a530 (0x3d02bb13) sltiu   s6, t0, 976
core   0: 3 0x8000a530 (0x3d02bb13) x22 0x00000000
core   0: 0x8000a534 (0xc1d93c17) auipc   s8, 0xc1d93
core   0: 3 0x8000a534 (0xc1d93c17) x24 0x41d9d534
core   0: 0x8000a538 (0x011aba33) sltu    s4, s5, a7
core   0: 3 0x8000a538 (0x011aba33) x20 0x00000001
core   0: 0x8000a53c (0xbf416713) ori     a4, sp, -1036
core   0: 3 0x8000a53c (0xbf416713) x14 0xfffffbf5
core   0: 0x8000a540 (0x01003a33) snez    s4, a6
core   0: 3 0x8000a540 (0x01003a33) x20 0x00000001
core   0: 0x8000a544 (0x5b776593) ori     a1, a4, 1463
core   0: 3 0x8000a544 (0x5b776593) x11 0xfffffff7
core   0: 0x8000a548 (0x008e8733) add     a4, t4, s0
core   0: 3 0x8000a548 (0x008e8733) x14 0x00000428
core   0: 0x8000a54c (0x40ad0db3) sub     s11, s10, a0
core   0: 3 0x8000a54c (0x40ad0db3) x27 0x7f8157f8
core   0: 0x8000a550 (0xc97d4f37) lui     t5, 0xc97d4
core   0: 3 0x8000a550 (0xc97d4f37) x30 0xc97d4000
core   0: 0x8000a554 (0x7a4dc213) xori    tp, s11, 1956
core   0: 3 0x8000a554 (0x7a4dc213) x 4 0x7f81505c
core   0: 0x8000a558 (0x018cd6b3) srl     a3, s9, s8
core   0: 3 0x8000a558 (0x018cd6b3) x13 0x00000000
core   0: 0x8000a55c (0x236eb213) sltiu   tp, t4, 566
core   0: 3 0x8000a55c (0x236eb213) x 4 0x00000000
core   0: 0x8000a560 (0x1472afb7) lui     t6, 0x1472a
core   0: 3 0x8000a560 (0x1472afb7) x31 0x1472a000
core   0: 0x8000a564 (0x56d1aa17) auipc   s4, 0x56d1a
core   0: 3 0x8000a564 (0x56d1aa17) x20 0xd6d24564
core   0: 0x8000a568 (0x1074b813) sltiu   a6, s1, 263
core   0: 3 0x8000a568 (0x1074b813) x16 0x00000000
core   0: 0x8000a56c (0xce3ab093) sltiu   ra, s5, -797
core   0: 3 0x8000a56c (0xce3ab093) x 1 0x00000001
core   0: 0x8000a570 (0xdab17193) andi    gp, sp, -597
core   0: 3 0x8000a570 (0xdab17193) x 3 0x00000001
core   0: 0x8000a574 (0x00000013) nop
core   0: 3 0x8000a574 (0x00000013)
core   0: 0x8000a578 (0xf31de413) ori     s0, s11, -207
core   0: 3 0x8000a578 (0xf31de413) x 8 0xfffffff9
core   0: 0x8000a57c (0x01cb9d13) slli    s10, s7, 28
core   0: 3 0x8000a57c (0x01cb9d13) x26 0x00000000
core   0: 0x8000a580 (0xb0172f97) auipc   t6, 0xb0172
core   0: 3 0x8000a580 (0xb0172f97) x31 0x3017c580
core   0: 0x8000a584 (0x01c01593) slli    a1, zero, 28
core   0: 3 0x8000a584 (0x01c01593) x11 0x00000000
core   0: 0x8000a588 (0x01a46c33) or      s8, s0, s10
core   0: 3 0x8000a588 (0x01a46c33) x24 0xfffffff9
core   0: 0x8000a58c (0x01382733) slt     a4, a6, s3
core   0: 3 0x8000a58c (0x01382733) x14 0x00000000
core   0: 0x8000a590 (0x0ce5cd93) xori    s11, a1, 206
core   0: 3 0x8000a590 (0x0ce5cd93) x27 0x000000ce
core   0: 0x8000a594 (0xb7ddf713) andi    a4, s11, -1155
core   0: 3 0x8000a594 (0xb7ddf713) x14 0x0000004c
core   0: 0x8000a598 (0x0195dab3) srl     s5, a1, s9
core   0: 3 0x8000a598 (0x0195dab3) x21 0x00000000
core   0: 0x8000a59c (0x00d2e833) or      a6, t0, a3
core   0: 3 0x8000a59c (0x00d2e833) x16 0xffffffff
core   0: 0x8000a5a0 (0x8325cc13) xori    s8, a1, -1998
core   0: 3 0x8000a5a0 (0x8325cc13) x24 0xfffff832
core   0: 0x8000a5a4 (0x003e46b3) xor     a3, t3, gp
core   0: 3 0x8000a5a4 (0x003e46b3) x13 0x00000001
core   0: 0x8000a5a8 (0x41040bb3) sub     s7, s0, a6
core   0: 3 0x8000a5a8 (0x41040bb3) x23 0xfffffffa
core   0: 0x8000a5ac (0x40b6db13) srai    s6, a3, 11
core   0: 3 0x8000a5ac (0x40b6db13) x22 0x00000000
core   0: 0x8000a5b0 (0x00000013) nop
core   0: 3 0x8000a5b0 (0x00000013)
core   0: 0x8000a5b4 (0x1913e813) ori     a6, t2, 401
core   0: 3 0x8000a5b4 (0x1913e813) x16 0x80011ff5
core   0: 0x8000a5b8 (0x41865933) sra     s2, a2, s8
core   0: 3 0x8000a5b8 (0x41865933) x18 0xffffe000
core   0: 0x8000a5bc (0x006a5b93) srli    s7, s4, 6
core   0: 3 0x8000a5bc (0x006a5b93) x23 0x035b4915
core   0: 0x8000a5c0 (0x010c8f33) add     t5, s9, a6
core   0: 3 0x8000a5c0 (0x010c8f33) x30 0x80011ff5
core   0: 0x8000a5c4 (0x006b4133) xor     sp, s6, t1
core   0: 3 0x8000a5c4 (0x006b4133) x 2 0xfffffa78
core   0: 0x8000a5c8 (0x4112d933) sra     s2, t0, a7
core   0: 3 0x8000a5c8 (0x4112d933) x18 0xffffffff
core   0: 0x8000a5cc (0x00bde2b3) or      t0, s11, a1
core   0: 3 0x8000a5cc (0x00bde2b3) x 5 0x000000ce
core   0: 0x8000a5d0 (0x014adc13) srli    s8, s5, 20
core   0: 3 0x8000a5d0 (0x014adc13) x24 0x00000000
core   0: 0x8000a5d4 (0x41ee5033) sra     zero, t3, t5
core   0: 3 0x8000a5d4 (0x41ee5033)
core   0: 0x8000a5d8 (0x49f36a93) ori     s5, t1, 1183
core   0: 3 0x8000a5d8 (0x49f36a93) x21 0xfffffeff
core   0: 0x8000a5dc (0x46d82493) slti    s1, a6, 1133
core   0: 3 0x8000a5dc (0x46d82493) x 9 0x00000001
core   0: 0x8000a5e0 (0x0021c433) xor     s0, gp, sp
core   0: 3 0x8000a5e0 (0x0021c433) x 8 0xfffffa79
core   0: 0x8000a5e4 (0x00000013) nop
core   0: 3 0x8000a5e4 (0x00000013)
core   0: 0x8000a5e8 (0x9002ee37) lui     t3, 0x9002e
core   0: 3 0x8000a5e8 (0x9002ee37) x28 0x9002e000
core   0: 0x8000a5ec (0x01e924b3) slt     s1, s2, t5
core   0: 3 0x8000a5ec (0x01e924b3) x 9 0x00000000
core   0: 0x8000a5f0 (0x40080e33) sub     t3, a6, zero
core   0: 3 0x8000a5f0 (0x40080e33) x28 0x80011ff5
core   0: 0x8000a5f4 (0x006df133) and     sp, s11, t1
core   0: 3 0x8000a5f4 (0x006df133) x 2 0x00000048
core   0: 0x8000a5f8 (0xcfd4fb13) andi    s6, s1, -771
core   0: 3 0x8000a5f8 (0xcfd4fb13) x22 0x00000000
core   0: 0x8000a5fc (0x01fad6b3) srl     a3, s5, t6
core   0: 3 0x8000a5fc (0x01fad6b3) x13 0xfffffeff
core   0: 0x8000a600 (0xd460ab13) slti    s6, ra, -698
core   0: 3 0x8000a600 (0xd460ab13) x22 0x00000000
core   0: 0x8000a604 (0x000c4fb3) xor     t6, s8, zero
core   0: 3 0x8000a604 (0x000c4fb3) x31 0x00000000
core   0: 0x8000a608 (0x003e2033) slt     zero, t3, gp
core   0: 3 0x8000a608 (0x003e2033)
core   0: 0x8000a60c (0x01049bb3) sll     s7, s1, a6
core   0: 3 0x8000a60c (0x01049bb3) x23 0x00000000
core   0: 0x8000a610 (0x17a78213) addi    tp, a5, 378
core   0: 3 0x8000a610 (0x17a78213) x 4 0xe7aed259
core   0: 0x8000a614 (0x37f4a713) slti    a4, s1, 895
core   0: 3 0x8000a614 (0x37f4a713) x14 0x00000001
core   0: 0x8000a618 (0x015cf8b3) and     a7, s9, s5
core   0: 3 0x8000a618 (0x015cf8b3) x17 0x00000000
core   0: 0x8000a61c (0x2b1c6713) ori     a4, s8, 689
core   0: 3 0x8000a61c (0x2b1c6713) x14 0x000002b1
core   0: 0x8000a620 (0x8eed2497) auipc   s1, 0x8eed2
core   0: 3 0x8000a620 (0x8eed2497) x 9 0x0eedc620
core   0: 0x8000a624 (0x00000013) nop
core   0: 3 0x8000a624 (0x00000013)
core   0: 0x8000a628 (0x0173deb3) srl     t4, t2, s7
core   0: 3 0x8000a628 (0x0173deb3) x29 0x80011e64
core   0: 0x8000a62c (0x91118c93) addi    s9, gp, -1775
core   0: 3 0x8000a62c (0x91118c93) x25 0xfffff912
core   0: 0x8000a630 (0xd7797113) andi    sp, s2, -649
core   0: 3 0x8000a630 (0xd7797113) x 2 0xfffffd77
core   0: 0x8000a634 (0x24c86837) lui     a6, 0x24c86
core   0: 3 0x8000a634 (0x24c86837) x16 0x24c86000
core   0: 0x8000a638 (0x0102e933) or      s2, t0, a6
core   0: 3 0x8000a638 (0x0102e933) x18 0x24c860ce
core   0: 0x8000a63c (0xfbe60f13) addi    t5, a2, -66
core   0: 3 0x8000a63c (0xfbe60f13) x30 0x80015ca2
core   0: 0x8000a640 (0x001aeab3) or      s5, s5, ra
core   0: 3 0x8000a640 (0x001aeab3) x21 0xfffffeff
core   0: 0x8000a644 (0x2303c713) xori    a4, t2, 560
core   0: 3 0x8000a644 (0x2303c713) x14 0x80011c54
core   0: 0x8000a648 (0x40a852b3) sra     t0, a6, a0
core   0: 3 0x8000a648 (0x40a852b3) x 5 0x00000000
core   0: 0x8000a64c (0x01730033) add     zero, t1, s7
core   0: 3 0x8000a64c (0x01730033)
core   0: 0x8000a650 (0x00b7c133) xor     sp, a5, a1
core   0: 3 0x8000a650 (0x00b7c133) x 2 0xe7aed0df
core   0: 0x8000a654 (0x4077dbb3) sra     s7, a5, t2
core   0: 3 0x8000a654 (0x4077dbb3) x23 0xfe7aed0d
core   0: 0x8000a658 (0x006c8933) add     s2, s9, t1
core   0: 3 0x8000a658 (0x006c8933) x18 0xfffff38a
core   0: 0x8000a65c (0x009c6c33) or      s8, s8, s1
core   0: 3 0x8000a65c (0x009c6c33) x24 0x0eedc620
core   0: 0x8000a660 (0x01dc8bb3) add     s7, s9, t4
core   0: 3 0x8000a660 (0x01dc8bb3) x23 0x80011776
core   0: 0x8000a664 (0x00000013) nop
core   0: 3 0x8000a664 (0x00000013)
core   0: 0x8000a668 (0x41cf5d33) sra     s10, t5, t3
core   0: 3 0x8000a668 (0x41cf5d33) x26 0xfffffc00
core   0: 0x8000a66c (0x00bc3133) sltu    sp, s8, a1
core   0: 3 0x8000a66c (0x00bc3133) x 2 0x00000000
core   0: 0x8000a670 (0x018c81b3) add     gp, s9, s8
core   0: 3 0x8000a670 (0x018c81b3) x 3 0x0eedbf32
core   0: 0x8000a674 (0x7024a293) slti    t0, s1, 1794
core   0: 3 0x8000a674 (0x7024a293) x 5 0x00000000
core   0: 0x8000a678 (0xd2e62293) slti    t0, a2, -722
core   0: 3 0x8000a678 (0xd2e62293) x 5 0x00000001
core   0: 0x8000a67c (0x00e31293) slli    t0, t1, 14
core   0: 3 0x8000a67c (0x00e31293) x 5 0xfe9e0000
core   0: 0x8000a680 (0x95e3b593) sltiu   a1, t2, -1698
core   0: 3 0x8000a680 (0x95e3b593) x11 0x00000001
core   0: 0x8000a684 (0x41378833) sub     a6, a5, s3
core   0: 3 0x8000a684 (0x41378833) x16 0xe7aed0df
core   0: 0x8000a688 (0x7b3ca097) auipc   ra, 0x7b3ca
core   0: 3 0x8000a688 (0x7b3ca097) x 1 0xfb3d4688
core   0: 0x8000a68c (0x0015feb3) and     t4, a1, ra
core   0: 3 0x8000a68c (0x0015feb3) x29 0x00000000
core   0: 0x8000a690 (0x00a51213) slli    tp, a0, 10
core   0: 3 0x8000a690 (0x00a51213) x 4 0xfffffc00
core   0: 0x8000a694 (0x010cabb3) slt     s7, s9, a6
core   0: 3 0x8000a694 (0x010cabb3) x23 0x00000000
core   0: 0x8000a698 (0x01fa9b13) slli    s6, s5, 31
core   0: 3 0x8000a698 (0x01fa9b13) x22 0x80000000
core   0: 0x8000a69c (0x40430033) sub     zero, t1, tp
core   0: 3 0x8000a69c (0x40430033)
core   0: 0x8000a6a0 (0x00296333) or      t1, s2, sp
core   0: 3 0x8000a6a0 (0x00296333) x 6 0xfffff38a
core   0: 0x8000a6a4 (0x42d26b93) ori     s7, tp, 1069
core   0: 3 0x8000a6a4 (0x42d26b93) x23 0xfffffc2d
core   0: 0x8000a6a8 (0x169bbf13) sltiu   t5, s7, 361
core   0: 3 0x8000a6a8 (0x169bbf13) x30 0x00000000
core   0: 0x8000a6ac (0xb66e6813) ori     a6, t3, -1178
core   0: 3 0x8000a6ac (0xb66e6813) x16 0xfffffff7
core   0: 0x8000a6b0 (0xd0390213) addi    tp, s2, -765
core   0: 3 0x8000a6b0 (0xd0390213) x 4 0xfffff08d
core   0: 0x8000a6b4 (0x01c32a33) slt     s4, t1, t3
core   0: 3 0x8000a6b4 (0x01c32a33) x20 0x00000000
core   0: 0x8000a6b8 (0x011a0933) add     s2, s4, a7
core   0: 3 0x8000a6b8 (0x011a0933) x18 0x00000000
core   0: 0x8000a6bc (0xe334ef93) ori     t6, s1, -461
core   0: 3 0x8000a6bc (0xe334ef93) x31 0xfffffe33
core   0: 0x8000a6c0 (0x313e7693) andi    a3, t3, 787
core   0: 3 0x8000a6c0 (0x313e7693) x13 0x00000311
core   0: 0x8000a6c4 (0x419c0f33) sub     t5, s8, s9
core   0: 3 0x8000a6c4 (0x419c0f33) x30 0x0eedcd0e
core   0: 0x8000a6c8 (0x01d14ab3) xor     s5, sp, t4
core   0: 3 0x8000a6c8 (0x01d14ab3) x21 0x00000000
core   0: 0x8000a6cc (0x01dfd1b3) srl     gp, t6, t4
core   0: 3 0x8000a6cc (0x01dfd1b3) x 3 0xfffffe33
core   0: 0x8000a6d0 (0x417d5893) srai    a7, s10, 23
core   0: 3 0x8000a6d0 (0x417d5893) x17 0xffffffff
core   0: 0x8000a6d4 (0x20c60137) lui     sp, 0x20c60
core   0: 3 0x8000a6d4 (0x20c60137) x 2 0x20c60000
core   0: 0x8000a6d8 (0x41aa0fb3) sub     t6, s4, s10
core   0: 3 0x8000a6d8 (0x41aa0fb3) x31 0x00000400
core   0: 0x8000a6dc (0x48bfb313) sltiu   t1, t6, 1163
core   0: 3 0x8000a6dc (0x48bfb313) x 6 0x00000001
core   0: 0x8000a6e0 (0xfeed7b13) andi    s6, s10, -18
core   0: 3 0x8000a6e0 (0xfeed7b13) x22 0xfffffc00
core   0: 0x8000a6e4 (0x00000013) nop
core   0: 3 0x8000a6e4 (0x00000013)
core   0: 0x8000a6e8 (0x67b6af93) slti    t6, a3, 1659
core   0: 3 0x8000a6e8 (0x67b6af93) x31 0x00000001
core   0: 0x8000a6ec (0x7acc8137) lui     sp, 0x7acc8
core   0: 3 0x8000a6ec (0x7acc8137) x 2 0x7acc8000
core   0: 0x8000a6f0 (0x416f8133) sub     sp, t6, s6
core   0: 3 0x8000a6f0 (0x416f8133) x 2 0x00000401
core   0: 0x8000a6f4 (0x40de5e33) sra     t3, t3, a3
core   0: 3 0x8000a6f4 (0x40de5e33) x28 0xffffc000
core   0: 0x8000a6f8 (0x00ddef33) or      t5, s11, a3
core   0: 3 0x8000a6f8 (0x00ddef33) x30 0x000003df
core   0: 0x8000a6fc (0x22647b93) andi    s7, s0, 550
core   0: 3 0x8000a6fc (0x22647b93) x23 0x00000220
core   0: 0x8000a700 (0x00175233) srl     tp, a4, ra
core   0: 3 0x8000a700 (0x00175233) x 4 0x0080011c
core   0: 0x8000a704 (0x4086d913) srai    s2, a3, 8
core   0: 3 0x8000a704 (0x4086d913) x18 0x00000003
core   0: 0x8000a708 (0x0163a2b3) slt     t0, t2, s6
core   0: 3 0x8000a708 (0x0163a2b3) x 5 0x00000001
core   0: 0x8000a70c (0x407c5b33) sra     s6, s8, t2
core   0: 3 0x8000a70c (0x407c5b33) x22 0x00eedc62
core   0: 0x8000a710 (0xb2c8e093) ori     ra, a7, -1236
core   0: 3 0x8000a710 (0xb2c8e093) x 1 0xffffffff
core   0: 0x8000a714 (0x014f5593) srli    a1, t5, 20
core   0: 3 0x8000a714 (0x014f5593) x11 0x00000000
core   0: 0x8000a718 (0xea0f4513) xori    a0, t5, -352
core   0: 3 0x8000a718 (0xea0f4513) x10 0xfffffd7f
core   0: 0x8000a71c (0x00929093) slli    ra, t0, 9
core   0: 3 0x8000a71c (0x00929093) x 1 0x00000200
core   0: 0x8000a720 (0x01745433) srl     s0, s0, s7
core   0: 3 0x8000a720 (0x01745433) x 8 0xfffffa79
core   0: 0x8000a724 (0x00bb9413) slli    s0, s7, 11
core   0: 3 0x8000a724 (0x00bb9413) x 8 0x00110000
core   0: 0x8000a728 (0xea45c213) xori    tp, a1, -348
core   0: 3 0x8000a728 (0xea45c213) x 4 0xfffffea4
core   0: 0x8000a72c (0x00391e13) slli    t3, s2, 3
core   0: 3 0x8000a72c (0x00391e13) x28 0x00000018
core   0: 0x8000a730 (0x00f83eb3) sltu    t4, a6, a5
core   0: 3 0x8000a730 (0x00f83eb3) x29 0x00000000
core   0: 0x8000a734 (0x001c7133) and     sp, s8, ra
core   0: 3 0x8000a734 (0x001c7133) x 2 0x00000200
core   0: 0x8000a738 (0x016e5733) srl     a4, t3, s6
core   0: 3 0x8000a738 (0x016e5733) x14 0x00000006
core   0: 0x8000a73c (0x00000013) nop
core   0: 3 0x8000a73c (0x00000013)
core   0: 0x8000a740 (0xabe28f93) addi    t6, t0, -1346
core   0: 3 0x8000a740 (0xabe28f93) x31 0xfffffabf
core   0: 0x8000a744 (0x00000333) add     t1, zero, zero
core   0: 3 0x8000a744 (0x00000333) x 6 0x00000000
core   0: 0x8000a748 (0x01213f33) sltu    t5, sp, s2
core   0: 3 0x8000a748 (0x01213f33) x30 0x00000000
core   0: 0x8000a74c (0x00e675b3) and     a1, a2, a4
core   0: 3 0x8000a74c (0x00e675b3) x11 0x00000004
core   0: 0x8000a750 (0x01f19b93) slli    s7, gp, 31
core   0: 3 0x8000a750 (0x01f19b93) x23 0x80000000
core   0: 0x8000a754 (0x019002b3) add     t0, zero, s9
core   0: 3 0x8000a754 (0x019002b3) x 5 0xfffff912
core   0: 0x8000a758 (0x0126cab3) xor     s5, a3, s2
core   0: 3 0x8000a758 (0x0126cab3) x21 0x00000312
core   0: 0x8000a75c (0x00e6cd33) xor     s10, a3, a4
core   0: 3 0x8000a75c (0x00e6cd33) x26 0x00000317
core   0: 0x8000a760 (0x00f80933) add     s2, a6, a5
core   0: 3 0x8000a760 (0x00f80933) x18 0xe7aed0d6
core   0: 0x8000a764 (0x00695c13) srli    s8, s2, 6
core   0: 3 0x8000a764 (0x00695c13) x24 0x039ebb43
core   0: 0x8000a768 (0x000a4eb3) xor     t4, s4, zero
core   0: 3 0x8000a768 (0x000a4eb3) x29 0x00000000
core   0: 0x8000a76c (0xe8e14293) xori    t0, sp, -370
core   0: 3 0x8000a76c (0xe8e14293) x 5 0xfffffc8e
core   0: 0x8000a770 (0x0063cfb3) xor     t6, t2, t1
core   0: 3 0x8000a770 (0x0063cfb3) x31 0x80011e64
core   0: 0x8000a774 (0xc93abd97) auipc   s11, 0xc93ab
core   0: 3 0x8000a774 (0xc93abd97) x27 0x493b5774
core   0: 0x8000a778 (0x006d3433) sltu    s0, s10, t1
core   0: 3 0x8000a778 (0x006d3433) x 8 0x00000000
core   0: 0x8000a77c (0x012d9113) slli    sp, s11, 18
core   0: 3 0x8000a77c (0x012d9113) x 2 0x5dd00000
core   0: 0x8000a780 (0x01322233) slt     tp, tp, s3
core   0: 3 0x8000a780 (0x01322233) x 4 0x00000001
core   0: 0x8000a784 (0x60988c93) addi    s9, a7, 1545
core   0: 3 0x8000a784 (0x60988c93) x25 0x00000608
core   0: 0x8000a788 (0xcc0f2d13) slti    s10, t5, -832
core   0: 3 0x8000a788 (0xcc0f2d13) x26 0x00000000
core   0: 0x8000a78c (0x01dfbeb3) sltu    t4, t6, t4
core   0: 3 0x8000a78c (0x01dfbeb3) x29 0x00000000
core   0: 0x8000a790 (0x2472a013) slti    zero, t0, 583
core   0: 3 0x8000a790 (0x2472a013)
core   0: 0x8000a794 (0x00000013) nop
core   0: 3 0x8000a794 (0x00000013)
core   0: 0x8000a798 (0xcae70e93) addi    t4, a4, -850
core   0: 3 0x8000a798 (0xcae70e93) x29 0xfffffcb4
core   0: 0x8000a79c (0x014f12b3) sll     t0, t5, s4
core   0: 3 0x8000a79c (0x014f12b3) x 5 0x00000000
core   0: 0x8000a7a0 (0x017b1513) slli    a0, s6, 23
core   0: 3 0x8000a7a0 (0x017b1513) x10 0x31000000
core   0: 0x8000a7a4 (0x4139d333) sra     t1, s3, s3
core   0: 3 0x8000a7a4 (0x4139d333) x 6 0x00000000
core   0: 0x8000a7a8 (0x036ebb93) sltiu   s7, t4, 54
core   0: 3 0x8000a7a8 (0x036ebb93) x23 0x00000000
core   0: 0x8000a7ac (0x40448693) addi    a3, s1, 1028
core   0: 3 0x8000a7ac (0x40448693) x13 0x0eedca24
core   0: 0x8000a7b0 (0xf4d3b893) sltiu   a7, t2, -179
core   0: 3 0x8000a7b0 (0xf4d3b893) x17 0x00000001
core   0: 0x8000a7b4 (0x0018cdb3) xor     s11, a7, ra
core   0: 3 0x8000a7b4 (0x0018cdb3) x27 0x00000201
core   0: 0x8000a7b8 (0x5bde6b93) ori     s7, t3, 1469
core   0: 3 0x8000a7b8 (0x5bde6b93) x23 0x000005bd
core   0: 0x8000a7bc (0xe4a9c413) xori    s0, s3, -438
core   0: 3 0x8000a7bc (0xe4a9c413) x 8 0xfffffe4a
core   0: 0x8000a7c0 (0x41ab01b3) sub     gp, s6, s10
core   0: 3 0x8000a7c0 (0x41ab01b3) x 3 0x00eedc62
core   0: 0x8000a7c4 (0x40c8d433) sra     s0, a7, a2
core   0: 3 0x8000a7c4 (0x40c8d433) x 8 0x00000000
core   0: 0x8000a7c8 (0x6ba35db7) lui     s11, 0x6ba35
core   0: 3 0x8000a7c8 (0x6ba35db7) x27 0x6ba35000
core   0: 0x8000a7cc (0x385cad93) slti    s11, s9, 901
core   0: 3 0x8000a7cc (0x385cad93) x27 0x00000000
core   0: 0x8000a7d0 (0xe5156193) ori     gp, a0, -431
core   0: 3 0x8000a7d0 (0xe5156193) x 3 0xfffffe51
core   0: 0x8000a7d4 (0x844d7b93) andi    s7, s10, -1980
core   0: 3 0x8000a7d4 (0x844d7b93) x23 0x00000000
core   0: 0x8000a7d8 (0x0b71e193) ori     gp, gp, 183
core   0: 3 0x8000a7d8 (0x0b71e193) x 3 0xfffffef7
core   0: 0x8000a7dc (0x00d33ab3) sltu    s5, t1, a3
core   0: 3 0x8000a7dc (0x00d33ab3) x21 0x00000001
core   0: 0x8000a7e0 (0x003ffbb3) and     s7, t6, gp
core   0: 3 0x8000a7e0 (0x003ffbb3) x23 0x80011e64
core   0: 0x8000a7e4 (0x00a35a93) srli    s5, t1, 10
core   0: 3 0x8000a7e4 (0x00a35a93) x21 0x00000000
core   0: 0x8000a7e8 (0x019c1513) slli    a0, s8, 25
core   0: 3 0x8000a7e8 (0x019c1513) x10 0x86000000
core   0: 0x8000a7ec (0x00c99e33) sll     t3, s3, a2
core   0: 3 0x8000a7ec (0x00c99e33) x28 0x00000000
core   0: 0x8000a7f0 (0xf88f8e93) addi    t4, t6, -120
core   0: 3 0x8000a7f0 (0xf88f8e93) x29 0x80011dec
core   0: 0x8000a7f4 (0x0198d313) srli    t1, a7, 25
core   0: 3 0x8000a7f4 (0x0198d313) x 6 0x00000000
core   0: 0x8000a7f8 (0xfc65f893) andi    a7, a1, -58
core   0: 3 0x8000a7f8 (0xfc65f893) x17 0x00000004
core   0: 0x8000a7fc (0x00decfb3) xor     t6, t4, a3
core   0: 3 0x8000a7fc (0x00decfb3) x31 0x8eecd7c8
core   0: 0x8000a800 (0x0c2be893) ori     a7, s7, 194
core   0: 3 0x8000a800 (0x0c2be893) x17 0x80011ee6
core   0: 0x8000a804 (0x006bf2b3) and     t0, s7, t1
core   0: 3 0x8000a804 (0x006bf2b3) x 5 0x00000000
core   0: 0x8000a808 (0x01265bb3) srl     s7, a2, s2
core   0: 3 0x8000a808 (0x01265bb3) x23 0x00000200
core   0: 0x8000a80c (0x5d9f9517) auipc   a0, 0x5d9f9
core   0: 3 0x8000a80c (0x5d9f9517) x10 0xdda0380c
core   0: 0x8000a810 (0x00d99013) slli    zero, s3, 13
core   0: 3 0x8000a810 (0x00d99013)
core   0: 0x8000a814 (0x3cc57513) andi    a0, a0, 972
core   0: 3 0x8000a814 (0x3cc57513) x10 0x0000000c
core   0: 0x8000a818 (0x012f6733) or      a4, t5, s2
core   0: 3 0x8000a818 (0x012f6733) x14 0xe7aed0d6
core   0: 0x8000a81c (0x01822a33) slt     s4, tp, s8
core   0: 3 0x8000a81c (0x01822a33) x20 0x00000001
core   0: 0x8000a820 (0x10570a93) addi    s5, a4, 261
core   0: 3 0x8000a820 (0x10570a93) x21 0xe7aed1db
core   0: 0x8000a824 (0x0056d4b3) srl     s1, a3, t0
core   0: 3 0x8000a824 (0x0056d4b3) x 9 0x0eedca24
core   0: 0x8000a828 (0x01985c93) srli    s9, a6, 25
core   0: 3 0x8000a828 (0x01985c93) x25 0x0000007f
core   0: 0x8000a82c (0x196f3713) sltiu   a4, t5, 406
core   0: 3 0x8000a82c (0x196f3713) x14 0x00000001
core   0: 0x8000a830 (0x2e7cfa13) andi    s4, s9, 743
core   0: 3 0x8000a830 (0x2e7cfa13) x20 0x00000067
core   0: 0x8000a834 (0x01d652b3) srl     t0, a2, t4
core   0: 3 0x8000a834 (0x01d652b3) x 5 0x00080015
core   0: 0x8000a838 (0x00aad993) srli    s3, s5, 10
core   0: 3 0x8000a838 (0x00aad993) x19 0x0039ebb4
core   0: 0x8000a83c (0x00099413) slli    s0, s3, 0
core   0: 3 0x8000a83c (0x00099413) x 8 0x0039ebb4
core   0: 0x8000a840 (0x00edb533) sltu    a0, s11, a4
core   0: 3 0x8000a840 (0x00edb533) x10 0x00000001
core   0: 0x8000a844 (0x01f04133) xor     sp, zero, t6
core   0: 3 0x8000a844 (0x01f04133) x 2 0x8eecd7c8
core   0: 0x8000a848 (0x00bc1733) sll     a4, s8, a1
core   0: 3 0x8000a848 (0x00bc1733) x14 0x39ebb430
core   0: 0x8000a84c (0x017c1e93) slli    t4, s8, 23
core   0: 3 0x8000a84c (0x017c1e93) x29 0xa1800000
core   0: 0x8000a850 (0x8e4a3f13) sltiu   t5, s4, -1820
core   0: 3 0x8000a850 (0x8e4a3f13) x30 0x00000001
core   0: 0x8000a854 (0x0149df33) srl     t5, s3, s4
core   0: 3 0x8000a854 (0x0149df33) x30 0x000073d7
core   0: 0x8000a858 (0x011c7cb3) and     s9, s8, a7
core   0: 3 0x8000a858 (0x011c7cb3) x25 0x00001a42
core   0: 0x8000a85c (0x01344033) xor     zero, s0, s3
core   0: 3 0x8000a85c (0x01344033)
core   0: 0x8000a860 (0xb7947293) andi    t0, s0, -1159
core   0: 3 0x8000a860 (0xb7947293) x 5 0x0039eb30
core   0: 0x8000a864 (0xb6b4a993) slti    s3, s1, -1173
core   0: 3 0x8000a864 (0xb6b4a993) x19 0x00000000
core   0: 0x8000a868 (0x41ea06b3) sub     a3, s4, t5
core   0: 3 0x8000a868 (0x41ea06b3) x13 0xffff8c90
core   0: 0x8000a86c (0x4f9dfb93) andi    s7, s11, 1273
core   0: 3 0x8000a86c (0x4f9dfb93) x23 0x00000000
core   0: 0x8000a870 (0x00a8a5b3) slt     a1, a7, a0
core   0: 3 0x8000a870 (0x00a8a5b3) x11 0x00000001
core   0: 0x8000a874 (0x1ab63193) sltiu   gp, a2, 427
core   0: 3 0x8000a874 (0x1ab63193) x 3 0x00000000
core   0: 0x8000a878 (0x57cdb093) sltiu   ra, s11, 1404
core   0: 3 0x8000a878 (0x57cdb093) x 1 0x00000001
core   0: 0x8000a87c (0x01c55b13) srli    s6, a0, 28
core   0: 3 0x8000a87c (0x01c55b13) x22 0x00000000
core   0: 0x8000a880 (0xed43ef37) lui     t5, 0xed43e
core   0: 3 0x8000a880 (0xed43ef37) x30 0xed43e000
core   0: 0x8000a884 (0x01d6f333) and     t1, a3, t4
core   0: 3 0x8000a884 (0x01d6f333) x 6 0xa1800000
core   0: 0x8000a888 (0x00131d33) sll     s10, t1, ra
core   0: 3 0x8000a888 (0x00131d33) x26 0x43000000
core   0: 0x8000a88c (0x0051fdb3) and     s11, gp, t0
core   0: 3 0x8000a88c (0x0051fdb3) x27 0x00000000
core   0: 0x8000a890 (0xbf53d237) lui     tp, 0xbf53d
core   0: 3 0x8000a890 (0xbf53d237) x 4 0xbf53d000
core   0: 0x8000a894 (0x0088b133) sltu    sp, a7, s0
core   0: 3 0x8000a894 (0x0088b133) x 2 0x00000000
core   0: 0x8000a898 (0x0005deb3) srl     t4, a1, zero
core   0: 3 0x8000a898 (0x0005deb3) x29 0x00000001
core   0: 0x8000a89c (0x001dcb33) xor     s6, s11, ra
core   0: 3 0x8000a89c (0x001dcb33) x22 0x00000001
core   0: 0x8000a8a0 (0x41030eb3) sub     t4, t1, a6
core   0: 3 0x8000a8a0 (0x41030eb3) x29 0xa1800009
core   0: 0x8000a8a4 (0x01823e33) sltu    t3, tp, s8
core   0: 3 0x8000a8a4 (0x01823e33) x28 0x00000000
core   0: 0x8000a8a8 (0x0bad2713) slti    a4, s10, 186
core   0: 3 0x8000a8a8 (0x0bad2713) x14 0x00000000
core   0: 0x8000a8ac (0x41e8d6b3) sra     a3, a7, t5
core   0: 3 0x8000a8ac (0x41e8d6b3) x13 0x80011ee6
core   0: 0x8000a8b0 (0x018194b3) sll     s1, gp, s8
core   0: 3 0x8000a8b0 (0x018194b3) x 9 0x00000000
core   0: 0x8000a8b4 (0x4075d4b3) sra     s1, a1, t2
core   0: 3 0x8000a8b4 (0x4075d4b3) x 9 0x00000000
core   0: 0x8000a8b8 (0x017def33) or      t5, s11, s7
core   0: 3 0x8000a8b8 (0x017def33) x30 0x00000000
core   0: 0x8000a8bc (0x00443913) sltiu   s2, s0, 4
core   0: 3 0x8000a8bc (0x00443913) x18 0x00000000
core   0: 0x8000a8c0 (0x6f9fe597) auipc   a1, 0x6f9fe
core   0: 3 0x8000a8c0 (0x6f9fe597) x11 0xefa088c0
core   0: 0x8000a8c4 (0x73bd8113) addi    sp, s11, 1851
core   0: 3 0x8000a8c4 (0x73bd8113) x 2 0x0000073b
core   0: 0x8000a8c8 (0x005bba33) sltu    s4, s7, t0
core   0: 3 0x8000a8c8 (0x005bba33) x20 0x00000001
core   0: 0x8000a8cc (0x018728b3) slt     a7, a4, s8
core   0: 3 0x8000a8cc (0x018728b3) x17 0x00000001
core   0: 0x8000a8d0 (0x00000013) nop
core   0: 3 0x8000a8d0 (0x00000013)
core   0: 0x8000a8d4 (0x65567e37) lui     t3, 0x65567
core   0: 3 0x8000a8d4 (0x65567e37) x28 0x65567000
core   0: 0x8000a8d8 (0x407d5833) sra     a6, s10, t2
core   0: 3 0x8000a8d8 (0x407d5833) x16 0x04300000
core   0: 0x8000a8dc (0x00000a13) li      s4, 0
core   0: 3 0x8000a8dc (0x00000a13) x20 0x00000000
core   0: 0x8000a8e0 (0x80000f37) lui     t5, 0x80000
core   0: 3 0x8000a8e0 (0x80000f37) x30 0x80000000
core   0: 0x8000a8e4 (0x00000113) li      sp, 0
core   0: 3 0x8000a8e4 (0x00000113) x 2 0x00000000
core   0: 0x8000a8e8 (0x80000c37) lui     s8, 0x80000
core   0: 3 0x8000a8e8 (0x80000c37) x24 0x80000000
core   0: 0x8000a8ec (0xfff00f93) li      t6, -1
core   0: 3 0x8000a8ec (0xfff00f93) x31 0xffffffff
core   0: 0x8000a8f0 (0x800006b7) lui     a3, 0x80000
core   0: 3 0x8000a8f0 (0x800006b7) x13 0x80000000
core   0: 0x8000a8f4 (0x00000713) li      a4, 0
core   0: 3 0x8000a8f4 (0x00000713) x14 0x00000000
core   0: 0x8000a8f8 (0xfff00193) li      gp, -1
core   0: 3 0x8000a8f8 (0xfff00193) x 3 0xffffffff
core   0: 0x8000a8fc (0x00000813) li      a6, 0
core   0: 3 0x8000a8fc (0x00000813) x16 0x00000000
core   0: 0x8000a900 (0xfff00d13) li      s10, -1
core   0: 3 0x8000a900 (0xfff00d13) x26 0xffffffff
core   0: 0x8000a904 (0x41080833) sub     a6, a6, a6
core   0: 3 0x8000a904 (0x41080833) x16 0x00000000
core   0: 0x8000a908 (0x018c0c33) add     s8, s8, s8
core   0: 3 0x8000a908 (0x018c0c33) x24 0x00000000
core   0: 0x8000a90c (0x40e18a33) sub     s4, gp, a4
core   0: 3 0x8000a90c (0x40e18a33) x20 0xffffffff
core   0: 0x8000a910 (0x00000013) nop
core   0: 3 0x8000a910 (0x00000013)
core   0: 0x8000a914 (0xd087d1b7) lui     gp, 0xd087d
core   0: 3 0x8000a914 (0xd087d1b7) x 3 0xd087d000
core   0: 0x8000a918 (0x01ff0a33) add     s4, t5, t6
core   0: 3 0x8000a918 (0x01ff0a33) x20 0x7fffffff
core   0: 0x8000a91c (0xe50c0f93) addi    t6, s8, -432
core   0: 3 0x8000a91c (0xe50c0f93) x31 0xfffffe50
core   0: 0x8000a920 (0x00000013) nop
core   0: 3 0x8000a920 (0x00000013)
core   0: 0x8000a924 (0xdbee9c17) auipc   s8, 0xdbee9
core   0: 3 0x8000a924 (0xdbee9c17) x24 0x5bef3924
core   0: 0x8000a928 (0x01e80133) add     sp, a6, t5
core   0: 3 0x8000a928 (0x01e80133) x 2 0x80000000
core   0: 0x8000a92c (0x8c3a0193) addi    gp, s4, -1853
core   0: 3 0x8000a92c (0x8c3a0193) x 3 0x7ffff8c2
core   0: 0x8000a930 (0x010c0f33) add     t5, s8, a6
core   0: 3 0x8000a930 (0x010c0f33) x30 0x5bef3924
core   0: 0x8000a934 (0xb6882d37) lui     s10, 0xb6882
core   0: 3 0x8000a934 (0xb6882d37) x26 0xb6882000
core   0: 0x8000a938 (0x00380133) add     sp, a6, gp
core   0: 3 0x8000a938 (0x00380133) x 2 0x7ffff8c2
core   0: 0x8000a93c (0xd4ad0193) addi    gp, s10, -694
core   0: 3 0x8000a93c (0xd4ad0193) x 3 0xb6881d4a
core   0: 0x8000a940 (0xdae8a1b7) lui     gp, 0xdae8a
core   0: 3 0x8000a940 (0xdae8a1b7) x 3 0xdae8a000
core   0: 0x8000a944 (0x00000013) nop
core   0: 3 0x8000a944 (0x00000013)
core   0: 0x8000a948 (0xa455aa17) auipc   s4, 0xa455a
core   0: 3 0x8000a948 (0xa455aa17) x20 0x24564948
core   0: 0x8000a94c (0x7ffa0f93) addi    t6, s4, 2047
core   0: 3 0x8000a94c (0x7ffa0f93) x31 0x24565147
core   0: 0x8000a950 (0x15ff8c13) addi    s8, t6, 351
core   0: 3 0x8000a950 (0x15ff8c13) x24 0x245652a6
core   0: 0x8000a954 (0x54f43117) auipc   sp, 0x54f43
core   0: 3 0x8000a954 (0x54f43117) x 2 0xd4f4d954
core   0: 0x8000a958 (0xfffa0693) addi    a3, s4, -1
core   0: 3 0x8000a958 (0xfffa0693) x13 0x24564947
core   0: 0x8000a95c (0xf1170717) auipc   a4, 0xf1170
core   0: 3 0x8000a95c (0xf1170717) x14 0x7117a95c
core   0: 0x8000a960 (0xbd3e5d37) lui     s10, 0xbd3e5
core   0: 3 0x8000a960 (0xbd3e5d37) x26 0xbd3e5000
core   0: 0x8000a964 (0x009fd193) srli    gp, t6, 9
core   0: 3 0x8000a964 (0x009fd193) x 3 0x00122b28
core   0: 0x8000a968 (0x019d2933) slt     s2, s10, s9
core   0: 3 0x8000a968 (0x019d2933) x18 0x00000001
core   0: 0x8000a96c (0xf8213193) sltiu   gp, sp, -126
core   0: 3 0x8000a96c (0xf8213193) x 3 0x00000001
core   0: 0x8000a970 (0xaa9f8693) addi    a3, t6, -1367
core   0: 3 0x8000a970 (0xaa9f8693) x13 0x24564bf0
core   0: 0x8000a974 (0xe293e437) lui     s0, 0xe293e
core   0: 3 0x8000a974 (0xe293e437) x 8 0xe293e000
core   0: 0x8000a978 (0x01a19813) slli    a6, gp, 26
core   0: 3 0x8000a978 (0x01a19813) x16 0x04000000
core   0: 0x8000a97c (0x00ff36b3) sltu    a3, t5, a5
core   0: 3 0x8000a97c (0x00ff36b3) x13 0x00000001
core   0: 0x8000a980 (0x00000013) nop
core   0: 3 0x8000a980 (0x00000013)
core   0: 0x8000a984 (0x01f19a33) sll     s4, gp, t6
core   0: 3 0x8000a984 (0x01f19a33) x20 0x00000080
core   0: 0x8000a988 (0xf1f6c237) lui     tp, 0xf1f6c
core   0: 3 0x8000a988 (0xf1f6c237) x 4 0xf1f6c000
core   0: 0x8000a98c (0xf7f5f913) andi    s2, a1, -129
core   0: 3 0x8000a98c (0xf7f5f913) x18 0xefa08840
core   0: 0x8000a990 (0x275e3f93) sltiu   t6, t3, 629
core   0: 3 0x8000a990 (0x275e3f93) x31 0x00000000
core   0: 0x8000a994 (0x7ff67193) andi    gp, a2, 2047
core   0: 3 0x8000a994 (0x7ff67193) x 3 0x000004e4
core   0: 0x8000a998 (0x30738937) lui     s2, 0x30738
core   0: 3 0x8000a998 (0x30738937) x18 0x30738000
core   0: 0x8000a99c (0x006e5993) srli    s3, t3, 6
core   0: 3 0x8000a99c (0x006e5993) x19 0x019559c0
core   0: 0x8000a9a0 (0xd8747213) andi    tp, s0, -633
core   0: 3 0x8000a9a0 (0xd8747213) x 4 0xe293e000
core   0: 0x8000a9a4 (0x410e5913) srai    s2, t3, 16
core   0: 3 0x8000a9a4 (0x410e5913) x18 0x00006556
core   0: 0x8000a9a8 (0x7bc90293) addi    t0, s2, 1980
core   0: 3 0x8000a9a8 (0x7bc90293) x 5 0x00006d12
core   0: 0x8000a9ac (0x017bdeb3) srl     t4, s7, s7
core   0: 3 0x8000a9ac (0x017bdeb3) x29 0x00000000
core   0: 0x8000a9b0 (0x00000013) nop
core   0: 3 0x8000a9b0 (0x00000013)
core   0: 0x8000a9b4 (0x009ccdb3) xor     s11, s9, s1
core   0: 3 0x8000a9b4 (0x009ccdb3) x27 0x00001a42
core   0: 0x8000a9b8 (0x400f58b3) sra     a7, t5, zero
core   0: 3 0x8000a9b8 (0x400f58b3) x17 0x5bef3924
core   0: 0x8000a9bc (0x57c46813) ori     a6, s0, 1404
core   0: 3 0x8000a9bc (0x57c46813) x16 0xe293e57c
core   0: 0x8000a9c0 (0x0098cb33) xor     s6, a7, s1
core   0: 3 0x8000a9c0 (0x0098cb33) x22 0x5bef3924
core   0: 0x8000a9c4 (0x00a4f833) and     a6, s1, a0
core   0: 3 0x8000a9c4 (0x00a4f833) x16 0x00000000
core   0: 0x8000a9c8 (0x01278733) add     a4, a5, s2
core   0: 3 0x8000a9c8 (0x01278733) x14 0xe7af3635
core   0: 0x8000a9cc (0x00000f13) li      t5, 0
core   0: 3 0x8000a9cc (0x00000f13) x30 0x00000000
core   0: 0x8000a9d0 (0x80000c37) lui     s8, 0x80000
core   0: 3 0x8000a9d0 (0x80000c37) x24 0x80000000
core   0: 0x8000a9d4 (0x00000d93) li      s11, 0
core   0: 3 0x8000a9d4 (0x00000d93) x27 0x00000000
core   0: 0x8000a9d8 (0x800000b7) lui     ra, 0x80000
core   0: 3 0x8000a9d8 (0x800000b7) x 1 0x80000000
core   0: 0x8000a9dc (0x800001b7) lui     gp, 0x80000
core   0: 3 0x8000a9dc (0x800001b7) x 3 0x80000000
core   0: 0x8000a9e0 (0x659d6437) lui     s0, 0x659d6
core   0: 3 0x8000a9e0 (0x659d6437) x 8 0x659d6000
core   0: 0x8000a9e4 (0x9ba40413) addi    s0, s0, -1606
core   0: 3 0x8000a9e4 (0x9ba40413) x 8 0x659d59ba
core   0: 0x8000a9e8 (0xfff00b93) li      s7, -1
core   0: 3 0x8000a9e8 (0xfff00b93) x23 0xffffffff
core   0: 0x8000a9ec (0x80000137) lui     sp, 0x80000
core   0: 3 0x8000a9ec (0x80000137) x 2 0x80000000
core   0: 0x8000a9f0 (0xbcc2fb37) lui     s6, 0xbcc2f
core   0: 3 0x8000a9f0 (0xbcc2fb37) x22 0xbcc2f000
core   0: 0x8000a9f4 (0x75ab0b13) addi    s6, s6, 1882
core   0: 3 0x8000a9f4 (0x75ab0b13) x22 0xbcc2f75a
core   0: 0x8000a9f8 (0xfff00593) li      a1, -1
core   0: 3 0x8000a9f8 (0xfff00593) x11 0xffffffff
core   0: 0x8000a9fc (0x00000013) nop
core   0: 3 0x8000a9fc (0x00000013)
core   0: 0x8000aa00 (0x16ec0b93) addi    s7, s8, 366
core   0: 3 0x8000aa00 (0x16ec0b93) x23 0x8000016e
core   0: 0x8000aa04 (0x0d415437) lui     s0, 0xd415
core   0: 3 0x8000aa04 (0x0d415437) x 8 0x0d415000
core   0: 0x8000aa08 (0x00110433) add     s0, sp, ra
core   0: 3 0x8000aa08 (0x00110433) x 8 0x00000000
core   0: 0x8000aa0c (0x008b8f33) add     t5, s7, s0
core   0: 3 0x8000aa0c (0x008b8f33) x30 0x8000016e
core   0: 0x8000aa10 (0xe23f0093) addi    ra, t5, -477
core   0: 3 0x8000aa10 (0xe23f0093) x 1 0x7fffff91
core   0: 0x8000aa14 (0x25bc0f13) addi    t5, s8, 603
core   0: 3 0x8000aa14 (0x25bc0f13) x30 0x8000025b
core   0: 0x8000aa18 (0xd1484c17) auipc   s8, 0xd1484
core   0: 3 0x8000aa18 (0xd1484c17) x24 0x5148ea18
core   0: 0x8000aa1c (0x10f08c13) addi    s8, ra, 271
core   0: 3 0x8000aa1c (0x10f08c13) x24 0x800000a0
core   0: 0x8000aa20 (0x1c1ae437) lui     s0, 0x1c1ae
core   0: 3 0x8000aa20 (0x1c1ae437) x 8 0x1c1ae000
core   0: 0x8000aa24 (0xd25430b7) lui     ra, 0xd2543
core   0: 3 0x8000aa24 (0xd25430b7) x 1 0xd2543000
core   0: 0x8000aa28 (0xbda49bb7) lui     s7, 0xbda49
core   0: 3 0x8000aa28 (0xbda49bb7) x23 0xbda49000
core   0: 0x8000aa2c (0x416b05b3) sub     a1, s6, s6
core   0: 3 0x8000aa2c (0x416b05b3) x11 0x00000000
core   0: 0x8000aa30 (0x00110433) add     s0, sp, ra
core   0: 3 0x8000aa30 (0x00110433) x 8 0x52543000
core   0: 0x8000aa34 (0xc9720c37) lui     s8, 0xc9720
core   0: 3 0x8000aa34 (0xc9720c37) x24 0xc9720000
core   0: 0x8000aa38 (0x46b62437) lui     s0, 0x46b62
core   0: 3 0x8000aa38 (0x46b62437) x 8 0x46b62000
core   0: 0x8000aa3c (0x3b64a437) lui     s0, 0x3b64a
core   0: 3 0x8000aa3c (0x3b64a437) x 8 0x3b64a000
core   0: 0x8000aa40 (0x01bd8f33) add     t5, s11, s11
core   0: 3 0x8000aa40 (0x01bd8f33) x30 0x00000000
core   0: 0x8000aa44 (0x37010593) addi    a1, sp, 880
core   0: 3 0x8000aa44 (0x37010593) x11 0x80000370
core   0: 0x8000aa48 (0x57674db7) lui     s11, 0x57674
core   0: 3 0x8000aa48 (0x57674db7) x27 0x57674000
core   0: 0x8000aa4c (0x00000013) nop
core   0: 3 0x8000aa4c (0x00000013)
core   0: 0x8000aa50 (0x0de3d117) auipc   sp, 0xde3d
core   0: 3 0x8000aa50 (0x0de3d117) x 2 0x8de47a50
core   0: 0x8000aa54 (0x40b58db3) sub     s11, a1, a1
core   0: 3 0x8000aa54 (0x40b58db3) x27 0x00000000
core   0: 0x8000aa58 (0x00000013) nop
core   0: 3 0x8000aa58 (0x00000013)
core   0: 0x8000aa5c (0x24d98437) lui     s0, 0x24d98
core   0: 3 0x8000aa5c (0x24d98437) x 8 0x24d98000
core   0: 0x8000aa60 (0x607b0597) auipc   a1, 0x607b0
core   0: 3 0x8000aa60 (0x607b0597) x11 0xe07baa60
core   0: 0x8000aa64 (0x00000013) nop
core   0: 3 0x8000aa64 (0x00000013)
core   0: 0x8000aa68 (0x0139f133) and     sp, s3, s3
core   0: 3 0x8000aa68 (0x0139f133) x 2 0x019559c0
core   0: 0x8000aa6c (0x01c65e33) srl     t3, a2, t3
core   0: 3 0x8000aa6c (0x01c65e33) x28 0x80015ce4
core   0: 0x8000aa70 (0x00df5f33) srl     t5, t5, a3
core   0: 3 0x8000aa70 (0x00df5f33) x30 0x00000000
core   0: 0x8000aa74 (0x013feeb3) or      t4, t6, s3
core   0: 3 0x8000aa74 (0x013feeb3) x29 0x019559c0
core   0: 0x8000aa78 (0x7c1b7697) auipc   a3, 0x7c1b7
core   0: 3 0x8000aa78 (0x7c1b7697) x13 0xfc1c1a78
core   0: 0x8000aa7c (0x016d56b3) srl     a3, s10, s6
core   0: 3 0x8000aa7c (0x016d56b3) x13 0x0000002f
core   0: 0x8000aa80 (0x00000013) nop
core   0: 3 0x8000aa80 (0x00000013)
core   0: 0x8000aa84 (0xa3098513) addi    a0, s3, -1488
core   0: 3 0x8000aa84 (0xa3098513) x10 0x019553f0
core   0: 0x8000aa88 (0x0d80b537) lui     a0, 0xd80b
core   0: 3 0x8000aa88 (0x0d80b537) x10 0x0d80b000
core   0: 0x8000aa8c (0x00000013) nop
core   0: 3 0x8000aa8c (0x00000013)
core   0: 0x8000aa90 (0x01a6e5b3) or      a1, a3, s10
core   0: 3 0x8000aa90 (0x01a6e5b3) x11 0xbd3e502f
core   0: 0x8000aa94 (0x004102b3) add     t0, sp, tp
core   0: 3 0x8000aa94 (0x004102b3) x 5 0xe42939c0
core   0: 0x8000aa98 (0x00ddb733) sltu    a4, s11, a3
core   0: 3 0x8000aa98 (0x00ddb733) x14 0x00000001
core   0: 0x8000aa9c (0x00a9d6b3) srl     a3, s3, a0
core   0: 3 0x8000aa9c (0x00a9d6b3) x13 0x019559c0
core   0: 0x8000aaa0 (0xbaf0a193) slti    gp, ra, -1105
core   0: 3 0x8000aaa0 (0xbaf0a193) x 3 0x00000001
core   0: 0x8000aaa4 (0x40128733) sub     a4, t0, ra
core   0: 3 0x8000aaa4 (0x40128733) x14 0x11d509c0
core   0: 0x8000aaa8 (0x406f0333) sub     t1, t5, t1
core   0: 3 0x8000aaa8 (0x406f0333) x 6 0x5e800000
core   0: 0x8000aaac (0x006d6b33) or      s6, s10, t1
core   0: 3 0x8000aaac (0x006d6b33) x22 0xffbe5000
core   0: 0x8000aab0 (0x993f8c13) addi    s8, t6, -1645
core   0: 3 0x8000aab0 (0x993f8c13) x24 0xfffff993
core   0: 0x8000aab4 (0x41150a33) sub     s4, a0, a7
core   0: 3 0x8000aab4 (0x41150a33) x20 0xb19176dc
core   0: 0x8000aab8 (0x1ada4293) xori    t0, s4, 429
core   0: 3 0x8000aab8 (0x1ada4293) x 5 0xb1917771
core   0: 0x8000aabc (0x419cddb3) sra     s11, s9, s9
core   0: 3 0x8000aabc (0x419cddb3) x27 0x00000690
core   0: 0x8000aac0 (0x015e2033) slt     zero, t3, s5
core   0: 3 0x8000aac0 (0x015e2033)
core   0: 0x8000aac4 (0x00af1013) slli    zero, t5, 10
core   0: 3 0x8000aac4 (0x00af1013)
core   0: 0x8000aac8 (0x012debb3) or      s7, s11, s2
core   0: 3 0x8000aac8 (0x012debb3) x23 0x000067d6
core   0: 0x8000aacc (0x00572d33) slt     s10, a4, t0
core   0: 3 0x8000aacc (0x00572d33) x26 0x00000000
core   0: 0x8000aad0 (0x9de1ac93) slti    s9, gp, -1570
core   0: 3 0x8000aad0 (0x9de1ac93) x25 0x00000000
core   0: 0x8000aad4 (0x4128d913) srai    s2, a7, 18
core   0: 3 0x8000aad4 (0x4128d913) x18 0x000016fb
core   0: 0x8000aad8 (0x00000013) nop
core   0: 3 0x8000aad8 (0x00000013)
core   0: 0x8000aadc (0x01cacbb3) xor     s7, s5, t3
core   0: 3 0x8000aadc (0x01cacbb3) x23 0x67af8d3f
core   0: 0x8000aae0 (0x408b5bb3) sra     s7, s6, s0
core   0: 3 0x8000aae0 (0x408b5bb3) x23 0xffbe5000
core   0: 0x8000aae4 (0x00000013) nop
core   0: 3 0x8000aae4 (0x00000013)
core   0: 0x8000aae8 (0x0061d6b3) srl     a3, gp, t1
core   0: 3 0x8000aae8 (0x0061d6b3) x13 0x00000001
core   0: 0x8000aaec (0x00168733) add     a4, a3, ra
core   0: 3 0x8000aaec (0x00168733) x14 0xd2543001
core   0: 0x8000aaf0 (0x00000013) nop
core   0: 3 0x8000aaf0 (0x00000013)
core   0: 0x8000aaf4 (0x7af0e713) ori     a4, ra, 1967
core   0: 3 0x8000aaf4 (0x7af0e713) x14 0xd25437af
core   0: 0x8000aaf8 (0x0e642493) slti    s1, s0, 230
core   0: 3 0x8000aaf8 (0x0e642493) x 9 0x00000000
core   0: 0x8000aafc (0x01e4d233) srl     tp, s1, t5
core   0: 3 0x8000aafc (0x01e4d233) x 4 0x00000000
core   0: 0x8000ab00 (0x004f70b3) and     ra, t5, tp
core   0: 3 0x8000ab00 (0x004f70b3) x 1 0x00000000
core   0: 0x8000ab04 (0x0046c333) xor     t1, a3, tp
core   0: 3 0x8000ab04 (0x0046c333) x 6 0x00000001
core   0: 0x8000ab08 (0xdbd90c93) addi    s9, s2, -579
core   0: 3 0x8000ab08 (0xdbd90c93) x25 0x000014b8
core   0: 0x8000ab0c (0x410c5f33) sra     t5, s8, a6
core   0: 3 0x8000ab0c (0x410c5f33) x30 0xfffff993
core   0: 0x8000ab10 (0x41ded233) sra     tp, t4, t4
core   0: 3 0x8000ab10 (0x41ded233) x 4 0x019559c0
core   0: 0x8000ab14 (0x0189dd93) srli    s11, s3, 24
core   0: 3 0x8000ab14 (0x0189dd93) x27 0x00000001
core   0: 0x8000ab18 (0x7aa52f97) auipc   t6, 0x7aa52
core   0: 3 0x8000ab18 (0x7aa52f97) x31 0xfaa5cb18
core   0: 0x8000ab1c (0x26268293) addi    t0, a3, 610
core   0: 3 0x8000ab1c (0x26268293) x 5 0x00000263
core   0: 0x8000ab20 (0x000141b3) xor     gp, sp, zero
core   0: 3 0x8000ab20 (0x000141b3) x 3 0x019559c0
core   0: 0x8000ab24 (0x41f95e93) srai    t4, s2, 31
core   0: 3 0x8000ab24 (0x41f95e93) x29 0x00000000
core   0: 0x8000ab28 (0x07b4f117) auipc   sp, 0x7b4f
core   0: 3 0x8000ab28 (0x07b4f117) x 2 0x87b59b28
core   0: 0x8000ab2c (0x01f3ae33) slt     t3, t2, t6
core   0: 3 0x8000ab2c (0x01f3ae33) x28 0x00000001
core   0: 0x8000ab30 (0x4020dab3) sra     s5, ra, sp
core   0: 3 0x8000ab30 (0x4020dab3) x21 0x00000000
core   0: 0x8000ab34 (0x89dab013) sltiu   zero, s5, -1891
core   0: 3 0x8000ab34 (0x89dab013)
core   0: 0x8000ab38 (0x96ae6197) auipc   gp, 0x96ae6
core   0: 3 0x8000ab38 (0x96ae6197) x 3 0x16af0b38
core   0: 0x8000ab3c (0xbd990a93) addi    s5, s2, -1063
core   0: 3 0x8000ab3c (0xbd990a93) x21 0x000012d4
core   0: 0x8000ab40 (0x00d0df33) srl     t5, ra, a3
core   0: 3 0x8000ab40 (0x00d0df33) x30 0x00000000
core   0: 0x8000ab44 (0xe77a0193) addi    gp, s4, -393
core   0: 3 0x8000ab44 (0xe77a0193) x 3 0xb1917553
core   0: 0x8000ab48 (0x38acb413) sltiu   s0, s9, 906
core   0: 3 0x8000ab48 (0x38acb413) x 8 0x00000000
core   0: 0x8000ab4c (0x01610c33) add     s8, sp, s6
core   0: 3 0x8000ab4c (0x01610c33) x24 0x8773eb28
core   0: 0x8000ab50 (0xa87fbb93) sltiu   s7, t6, -1401
core   0: 3 0x8000ab50 (0xa87fbb93) x23 0x00000001
core   0: 0x8000ab54 (0x01e09b13) slli    s6, ra, 30
core   0: 3 0x8000ab54 (0x01e09b13) x22 0x00000000
core   0: 0x8000ab58 (0x4b62bc13) sltiu   s8, t0, 1206
core   0: 3 0x8000ab58 (0x4b62bc13) x24 0x00000001
core   0: 0x8000ab5c (0x8be60d97) auipc   s11, 0x8be60
core   0: 3 0x8000ab5c (0x8be60d97) x27 0x0be6ab5c
core   0: 0x8000ab60 (0x34630813) addi    a6, t1, 838
core   0: 3 0x8000ab60 (0x34630813) x16 0x00000347
core   0: 0x8000ab64 (0xedf69337) lui     t1, 0xedf69
core   0: 3 0x8000ab64 (0xedf69337) x 6 0xedf69000
core   0: 0x8000ab68 (0x00b0e733) or      a4, ra, a1
core   0: 3 0x8000ab68 (0x00b0e733) x14 0xbd3e502f
core   0: 0x8000ab6c (0x00bcd433) srl     s0, s9, a1
core   0: 3 0x8000ab6c (0x00bcd433) x 8 0x00000000
core   0: 0x8000ab70 (0x5c968713) addi    a4, a3, 1481
core   0: 3 0x8000ab70 (0x5c968713) x14 0x000005ca
core   0: 0x8000ab74 (0x0080e133) or      sp, ra, s0
core   0: 3 0x8000ab74 (0x0080e133) x 2 0x00000000
core   0: 0x8000ab78 (0x41e68bb3) sub     s7, a3, t5
core   0: 3 0x8000ab78 (0x41e68bb3) x23 0x00000001
core   0: 0x8000ab7c (0x01239d33) sll     s10, t2, s2
core   0: 3 0x8000ab7c (0x01239d33) x26 0x20000000
core   0: 0x8000ab80 (0x003c69b3) or      s3, s8, gp
core   0: 3 0x8000ab80 (0x003c69b3) x19 0xb1917553
core   0: 0x8000ab84 (0x00000013) nop
core   0: 3 0x8000ab84 (0x00000013)
core   0: 0x8000ab88 (0x75f63293) sltiu   t0, a2, 1887
core   0: 3 0x8000ab88 (0x75f63293) x 5 0x00000000
core   0: 0x8000ab8c (0x41ac0e33) sub     t3, s8, s10
core   0: 3 0x8000ab8c (0x41ac0e33) x28 0xe0000001
core   0: 0x8000ab90 (0x1b4c8913) addi    s2, s9, 436
core   0: 3 0x8000ab90 (0x1b4c8913) x18 0x0000166c
core   0: 0x8000ab94 (0x010d5493) srli    s1, s10, 16
core   0: 3 0x8000ab94 (0x010d5493) x 9 0x00002000
core   0: 0x8000ab98 (0x01463333) sltu    t1, a2, s4
core   0: 3 0x8000ab98 (0x01463333) x 6 0x00000001
core   0: 0x8000ab9c (0x39278137) lui     sp, 0x39278
core   0: 3 0x8000ab9c (0x39278137) x 2 0x39278000
core   0: 0x8000aba0 (0x004f2d33) slt     s10, t5, tp
core   0: 3 0x8000aba0 (0x004f2d33) x26 0x00000001
core   0: 0x8000aba4 (0x7f01ac13) slti    s8, gp, 2032
core   0: 3 0x8000aba4 (0x7f01ac13) x24 0x00000001
core   0: 0x8000aba8 (0x01f49493) slli    s1, s1, 31
core   0: 3 0x8000aba8 (0x01f49493) x 9 0x00000000
core   0: 0x8000abac (0x20d0b093) sltiu   ra, ra, 525
core   0: 3 0x8000abac (0x20d0b093) x 1 0x00000001
core   0: 0x8000abb0 (0x0a8a6b93) ori     s7, s4, 168
core   0: 3 0x8000abb0 (0x0a8a6b93) x23 0xb19176fc
core   0: 0x8000abb4 (0xc7063537) lui     a0, 0xc7063
core   0: 3 0x8000abb4 (0xc7063537) x10 0xc7063000
core   0: 0x8000abb8 (0x52a4ce37) lui     t3, 0x52a4c
core   0: 3 0x8000abb8 (0x52a4ce37) x28 0x52a4c000
core   0: 0x8000abbc (0x16c0b193) sltiu   gp, ra, 364
core   0: 3 0x8000abbc (0x16c0b193) x 3 0x00000001
core   0: 0x8000abc0 (0x4121d033) sra     zero, gp, s2
core   0: 3 0x8000abc0 (0x4121d033)
core   0: 0x8000abc4 (0x741b1237) lui     tp, 0x741b1
core   0: 3 0x8000abc4 (0x741b1237) x 4 0x741b1000
core   0: 0x8000abc8 (0x2e663737) lui     a4, 0x2e663
core   0: 3 0x8000abc8 (0x2e663737) x14 0x2e663000
core   0: 0x8000abcc (0x00413eb3) sltu    t4, sp, tp
core   0: 3 0x8000abcc (0x00413eb3) x29 0x00000001
core   0: 0x8000abd0 (0x40b58f33) sub     t5, a1, a1
core   0: 3 0x8000abd0 (0x40b58f33) x30 0x00000000
core   0: 0x8000abd4 (0x412b8133) sub     sp, s7, s2
core   0: 3 0x8000abd4 (0x412b8133) x 2 0xb1916090
core   0: 0x8000abd8 (0x017cd333) srl     t1, s9, s7
core   0: 3 0x8000abd8 (0x017cd333) x 6 0x00000000
core   0: 0x8000abdc (0x012b1e13) slli    t3, s6, 18
core   0: 3 0x8000abdc (0x012b1e13) x28 0x00000000
core   0: 0x8000abe0 (0x40f55d93) srai    s11, a0, 15
core   0: 3 0x8000abe0 (0x40f55d93) x27 0xffff8e0c
core   0: 0x8000abe4 (0x017a28b3) slt     a7, s4, s7
core   0: 3 0x8000abe4 (0x017a28b3) x17 0x00000001
core   0: 0x8000abe8 (0x20914413) xori    s0, sp, 521
core   0: 3 0x8000abe8 (0x20914413) x 8 0xb1916299
core   0: 0x8000abec (0x4107d593) srai    a1, a5, 16
core   0: 3 0x8000abec (0x4107d593) x11 0xffffe7ae
core   0: 0x8000abf0 (0x2ab70713) addi    a4, a4, 683
core   0: 3 0x8000abf0 (0x2ab70713) x14 0x2e6632ab
core   0: 0x8000abf4 (0x410e09b3) sub     s3, t3, a6
core   0: 3 0x8000abf4 (0x410e09b3) x19 0xfffffcb9
core   0: 0x8000abf8 (0xdf922a93) slti    s5, tp, -519
core   0: 3 0x8000abf8 (0xdf922a93) x21 0x00000000
core   0: 0x8000abfc (0x01245e33) srl     t3, s0, s2
core   0: 3 0x8000abfc (0x01245e33) x28 0x000b1916
core   0: 0x8000ac00 (0x729ee913) ori     s2, t4, 1833
core   0: 3 0x8000ac00 (0x729ee913) x18 0x00000729
core   0: 0x8000ac04 (0x00708733) add     a4, ra, t2
core   0: 3 0x8000ac04 (0x00708733) x14 0x80011e65
core   0: 0x8000ac08 (0x0024f733) and     a4, s1, sp
core   0: 3 0x8000ac08 (0x0024f733) x14 0x00000000
core   0: 0x8000ac0c (0xc84dfb93) andi    s7, s11, -892
core   0: 3 0x8000ac0c (0xc84dfb93) x23 0xffff8c04
core   0: 0x8000ac10 (0xe45098b7) lui     a7, 0xe4509
core   0: 3 0x8000ac10 (0xe45098b7) x17 0xe4509000
core   0: 0x8000ac14 (0x000cf8b3) and     a7, s9, zero
core   0: 3 0x8000ac14 (0x000cf8b3) x17 0x00000000
core   0: 0x8000ac18 (0xf0ee8013) addi    zero, t4, -242
core   0: 3 0x8000ac18 (0xf0ee8013)
core   0: 0x8000ac1c (0x0056b233) sltu    tp, a3, t0
core   0: 3 0x8000ac1c (0x0056b233) x 4 0x00000000
core   0: 0x8000ac20 (0x63affd13) andi    s10, t6, 1594
core   0: 3 0x8000ac20 (0x63affd13) x26 0x00000218
core   0: 0x8000ac24 (0x00dfecb3) or      s9, t6, a3
core   0: 3 0x8000ac24 (0x00dfecb3) x25 0xfaa5cb19
core   0: 0x8000ac28 (0x414658b3) sra     a7, a2, s4
core   0: 3 0x8000ac28 (0x414658b3) x17 0xfffffff8
core   0: 0x8000ac2c (0x01b03cb3) snez    s9, s11
core   0: 3 0x8000ac2c (0x01b03cb3) x25 0x00000001
core   0: 0x8000ac30 (0x00e5edb3) or      s11, a1, a4
core   0: 3 0x8000ac30 (0x00e5edb3) x27 0xffffe7ae
core   0: 0x8000ac34 (0x00795293) srli    t0, s2, 7
core   0: 3 0x8000ac34 (0x00795293) x 5 0x0000000e
core   0: 0x8000ac38 (0x00a40d33) add     s10, s0, a0
core   0: 3 0x8000ac38 (0x00a40d33) x26 0x78979299
core   0: 0x8000ac3c (0x0124e833) or      a6, s1, s2
core   0: 3 0x8000ac3c (0x0124e833) x16 0x00000729
core   0: 0x8000ac40 (0x505fce13) xori    t3, t6, 1285
core   0: 3 0x8000ac40 (0x505fce13) x28 0xfaa5ce1d
core   0: 0x8000ac44 (0x419a06b3) sub     a3, s4, s9
core   0: 3 0x8000ac44 (0x419a06b3) x13 0xb19176db
core   0: 0x8000ac48 (0xd8343f93) sltiu   t6, s0, -637
core   0: 3 0x8000ac48 (0xd8343f93) x31 0x00000001
core   0: 0x8000ac4c (0x00881013) slli    zero, a6, 8
core   0: 3 0x8000ac4c (0x00881013)
core   0: 0x8000ac50 (0x01fac733) xor     a4, s5, t6
core   0: 3 0x8000ac50 (0x01fac733) x14 0x00000001
core   0: 0x8000ac54 (0x00255713) srli    a4, a0, 2
core   0: 3 0x8000ac54 (0x00255713) x14 0x31c18c00
core   0: 0x8000ac58 (0x5571ef93) ori     t6, gp, 1367
core   0: 3 0x8000ac58 (0x5571ef93) x31 0x00000557
core   0: 0x8000ac5c (0xac0abb93) sltiu   s7, s5, -1344
core   0: 3 0x8000ac5c (0xac0abb93) x23 0x00000001
core   0: 0x8000ac60 (0x00525b93) srli    s7, tp, 5
core   0: 3 0x8000ac60 (0x00525b93) x23 0x00000000
core   0: 0x8000ac64 (0x0064bd33) sltu    s10, s1, t1
core   0: 3 0x8000ac64 (0x0064bd33) x26 0x00000000
core   0: 0x8000ac68 (0x41250b33) sub     s6, a0, s2
core   0: 3 0x8000ac68 (0x41250b33) x22 0xc70628d7
core   0: 0x8000ac6c (0x0199aeb3) slt     t4, s3, s9
core   0: 3 0x8000ac6c (0x0199aeb3) x29 0x00000001
core   0: 0x8000ac70 (0x417f5093) srai    ra, t5, 23
core   0: 3 0x8000ac70 (0x417f5093) x 1 0x00000000
core   0: 0x8000ac74 (0x01b0edb3) or      s11, ra, s11
core   0: 3 0x8000ac74 (0x01b0edb3) x27 0xffffe7ae
core   0: 0x8000ac78 (0xfcda3113) sltiu   sp, s4, -51
core   0: 3 0x8000ac78 (0xfcda3113) x 2 0x00000001
core   0: 0x8000ac7c (0x015465b3) or      a1, s0, s5
core   0: 3 0x8000ac7c (0x015465b3) x11 0xb1916299
core   0: 0x8000ac80 (0x2aa47113) andi    sp, s0, 682
core   0: 3 0x8000ac80 (0x2aa47113) x 2 0x00000288
core   0: 0x8000ac84 (0x0196f233) and     tp, a3, s9
core   0: 3 0x8000ac84 (0x0196f233) x 4 0x00000001
core   0: 0x8000ac88 (0x00000013) nop
core   0: 3 0x8000ac88 (0x00000013)
core   0: 0x8000ac8c (0x011f79b3) and     s3, t5, a7
core   0: 3 0x8000ac8c (0x011f79b3) x19 0x00000000
core   0: 0x8000ac90 (0xe6d84813) xori    a6, a6, -403
core   0: 3 0x8000ac90 (0xe6d84813) x16 0xfffff944
core   0: 0x8000ac94 (0x01b641b3) xor     gp, a2, s11
core   0: 3 0x8000ac94 (0x01b641b3) x 3 0x7ffebb4a
core   0: 0x8000ac98 (0x0188fa33) and     s4, a7, s8
core   0: 3 0x8000ac98 (0x0188fa33) x20 0x00000000
core   0: 0x8000ac9c (0x40f05533) sra     a0, zero, a5
core   0: 3 0x8000ac9c (0x40f05533) x10 0x00000000
core   0: 0x8000aca0 (0xe6824413) xori    s0, tp, -408
core   0: 3 0x8000aca0 (0xe6824413) x 8 0xfffffe69
core   0: 0x8000aca4 (0x0fd33f97) auipc   t6, 0xfd33
core   0: 3 0x8000aca4 (0x0fd33f97) x31 0x8fd3dca4
core   0: 0x8000aca8 (0x12e3ec93) ori     s9, t2, 302
core   0: 3 0x8000aca8 (0x12e3ec93) x25 0x80011f6e
core   0: 0x8000acac (0x13abf013) andi    zero, s7, 314
core   0: 3 0x8000acac (0x13abf013)
core   0: 0x8000acb0 (0x01c0d993) srli    s3, ra, 28
core   0: 3 0x8000acb0 (0x01c0d993) x19 0x00000000
core   0: 0x8000acb4 (0xc9878f37) lui     t5, 0xc9878
core   0: 3 0x8000acb4 (0xc9878f37) x30 0xc9878000
core   0: 0x8000acb8 (0x005e2eb3) slt     t4, t3, t0
core   0: 3 0x8000acb8 (0x005e2eb3) x29 0x00000001
core   0: 0x8000acbc (0xfcc58c93) addi    s9, a1, -52
core   0: 3 0x8000acbc (0xfcc58c93) x25 0xb1916265
core   0: 0x8000acc0 (0x12dc3593) sltiu   a1, s8, 301
core   0: 3 0x8000acc0 (0x12dc3593) x11 0x00000001
core   0: 0x8000acc4 (0x8082ee13) ori     t3, t0, -2040
core   0: 3 0x8000acc4 (0x8082ee13) x28 0xfffff80e
core   0: 0x8000acc8 (0x4041d913) srai    s2, gp, 4
core   0: 3 0x8000acc8 (0x4041d913) x18 0x07ffebb4
core   0: 0x8000accc (0x4d5ce013) ori     zero, s9, 1237
core   0: 3 0x8000accc (0x4d5ce013)
core   0: 0x8000acd0 (0x41d5dbb3) sra     s7, a1, t4
core   0: 3 0x8000acd0 (0x41d5dbb3) x23 0x00000000
core   0: 0x8000acd4 (0x2b197c93) andi    s9, s2, 689
core   0: 3 0x8000acd4 (0x2b197c93) x25 0x000002b0
core   0: 0x8000acd8 (0xd51a2c13) slti    s8, s4, -687
core   0: 3 0x8000acd8 (0xd51a2c13) x24 0x00000000
core   0: 0x8000acdc (0x01d824b3) slt     s1, a6, t4
core   0: 3 0x8000acdc (0x01d824b3) x 9 0x00000001
core   0: 0x8000ace0 (0x7fb1fe13) andi    t3, gp, 2043
core   0: 3 0x8000ace0 (0x7fb1fe13) x28 0x0000034a
core   0: 0x8000ace4 (0x23fb0513) addi    a0, s6, 575
core   0: 3 0x8000ace4 (0x23fb0513) x10 0xc7062b16
core   0: 0x8000ace8 (0x40b35c33) sra     s8, t1, a1
core   0: 3 0x8000ace8 (0x40b35c33) x24 0x00000000
core   0: 0x8000acec (0x7f161917) auipc   s2, 0x7f161
core   0: 3 0x8000acec (0x7f161917) x18 0xff16bcec
core   0: 0x8000acf0 (0x010d9bb3) sll     s7, s11, a6
core   0: 3 0x8000acf0 (0x010d9bb3) x23 0xfffe7ae0
core   0: 0x8000acf4 (0x1e516fb7) lui     t6, 0x1e516
core   0: 3 0x8000acf4 (0x1e516fb7) x31 0x1e516000
core   0: 0x8000acf8 (0x40178a33) sub     s4, a5, ra
core   0: 3 0x8000acf8 (0x40178a33) x20 0xe7aed0df
core   0: 0x8000acfc (0x6005cd93) xori    s11, a1, 1536
core   0: 3 0x8000acfc (0x6005cd93) x27 0x00000601
core   0: 0x8000ad00 (0x93556e13) ori     t3, a0, -1739
core   0: 3 0x8000ad00 (0x93556e13) x28 0xfffffb37
core   0: 0x8000ad04 (0x40155693) srai    a3, a0, 1
core   0: 3 0x8000ad04 (0x40155693) x13 0xe383158b
core   0: 0x8000ad08 (0x01dc20b3) slt     ra, s8, t4
core   0: 3 0x8000ad08 (0x01dc20b3) x 1 0x00000001
core   0: 0x8000ad0c (0x017b8cb3) add     s9, s7, s7
core   0: 3 0x8000ad0c (0x017b8cb3) x25 0xfffcf5c0
core   0: 0x8000ad10 (0x56b40093) addi    ra, s0, 1387
core   0: 3 0x8000ad10 (0x56b40093) x 1 0x000003d4
core   0: 0x8000ad14 (0x01258cb3) add     s9, a1, s2
core   0: 3 0x8000ad14 (0x01258cb3) x25 0xff16bced
core   0: 0x8000ad18 (0x00009293) slli    t0, ra, 0
core   0: 3 0x8000ad18 (0x00009293) x 5 0x000003d4
core   0: 0x8000ad1c (0x00406533) or      a0, zero, tp
core   0: 3 0x8000ad1c (0x00406533) x10 0x00000001
core   0: 0x8000ad20 (0x01f814b3) sll     s1, a6, t6
core   0: 3 0x8000ad20 (0x01f814b3) x 9 0xfffff944
core   0: 0x8000ad24 (0x66794d93) xori    s11, s2, 1639
core   0: 3 0x8000ad24 (0x66794d93) x27 0xff16ba8b
core   0: 0x8000ad28 (0xb2b0c413) xori    s0, ra, -1237
core   0: 3 0x8000ad28 (0xb2b0c413) x 8 0xfffff8ff
core   0: 0x8000ad2c (0x007d0a33) add     s4, s10, t2
core   0: 3 0x8000ad2c (0x007d0a33) x20 0x80011e64
core   0: 0x8000ad30 (0x0171eeb3) or      t4, gp, s7
core   0: 3 0x8000ad30 (0x0171eeb3) x29 0xfffefbea
core   0: 0x8000ad34 (0x01bb48b3) xor     a7, s6, s11
core   0: 3 0x8000ad34 (0x01bb48b3) x17 0x3810925c
core   0: 0x8000ad38 (0x00c1b433) sltu    s0, gp, a2
core   0: 3 0x8000ad38 (0x00c1b433) x 8 0x00000001
core   0: 0x8000ad3c (0x620b8493) addi    s1, s7, 1568
core   0: 3 0x8000ad3c (0x620b8493) x 9 0xfffe8100
core   0: 0x8000ad40 (0x4176dcb3) sra     s9, a3, s7
core   0: 3 0x8000ad40 (0x4176dcb3) x25 0xe383158b
core   0: 0x8000ad44 (0x5b518213) addi    tp, gp, 1461
core   0: 3 0x8000ad44 (0x5b518213) x 4 0x7ffec0ff
core   0: 0x8000ad48 (0x3b456e93) ori     t4, a0, 948
core   0: 3 0x8000ad48 (0x3b456e93) x29 0x000003b5
core   0: 0x8000ad4c (0x88b2ea37) lui     s4, 0x88b2e
core   0: 3 0x8000ad4c (0x88b2ea37) x20 0x88b2e000
core   0: 0x8000ad50 (0x41abdb93) srai    s7, s7, 26
core   0: 3 0x8000ad50 (0x41abdb93) x23 0xffffffff
core   0: 0x8000ad54 (0x001f5c33) srl     s8, t5, ra
core   0: 3 0x8000ad54 (0x001f5c33) x24 0x00000c98
core   0: 0x8000ad58 (0x01d2dab3) srl     s5, t0, t4
core   0: 3 0x8000ad58 (0x01d2dab3) x21 0x00000000
core   0: 0x8000ad5c (0x017d3033) sltu    zero, s10, s7
core   0: 3 0x8000ad5c (0x017d3033)
core   0: 0x8000ad60 (0x000daeb3) slt     t4, s11, zero
core   0: 3 0x8000ad60 (0x000daeb3) x29 0x00000001
core   0: 0x8000ad64 (0x00000013) nop
core   0: 3 0x8000ad64 (0x00000013)
core   0: 0x8000ad68 (0x00000013) nop
core   0: 3 0x8000ad68 (0x00000013)
core   0: 0x8000ad6c (0x001c5113) srli    sp, s8, 1
core   0: 3 0x8000ad6c (0x001c5113) x 2 0x0000064c
core   0: 0x8000ad70 (0x01e22833) slt     a6, tp, t5
core   0: 3 0x8000ad70 (0x01e22833) x16 0x00000000
core   0: 0x8000ad74 (0x01d386b3) add     a3, t2, t4
core   0: 3 0x8000ad74 (0x01d386b3) x13 0x80011e65
core   0: 0x8000ad78 (0x00334133) xor     sp, t1, gp
core   0: 3 0x8000ad78 (0x00334133) x 2 0x7ffebb4a
core   0: 0x8000ad7c (0x0021c2b3) xor     t0, gp, sp
core   0: 3 0x8000ad7c (0x0021c2b3) x 5 0x00000000
core   0: 0x8000ad80 (0xd36ede37) lui     t3, 0xd36ed
core   0: 3 0x8000ad80 (0xd36ede37) x28 0xd36ed000
core   0: 0x8000ad84 (0x8620e013) ori     zero, ra, -1950
core   0: 3 0x8000ad84 (0x8620e013)
core   0: 0x8000ad88 (0x00c89b33) sll     s6, a7, a2
core   0: 3 0x8000ad88 (0x00c89b33) x22 0x810925c0
core   0: 0x8000ad8c (0x017b45b3) xor     a1, s6, s7
core   0: 3 0x8000ad8c (0x017b45b3) x11 0x7ef6da3f
core   0: 0x8000ad90 (0xc63ff117) auipc   sp, 0xc63ff
core   0: 3 0x8000ad90 (0xc63ff117) x 2 0x46409d90
core   0: 0x8000ad94 (0x01e37033) and     zero, t1, t5
core   0: 3 0x8000ad94 (0x01e37033)
core   0: 0x8000ad98 (0x60260313) addi    t1, a2, 1538
core   0: 3 0x8000ad98 (0x60260313) x 6 0x800162e6
core   0: 0x8000ad9c (0x0012a833) slt     a6, t0, ra
core   0: 3 0x8000ad9c (0x0012a833) x16 0x00000001
core   0: 0x8000ada0 (0x0130c9b3) xor     s3, ra, s3
core   0: 3 0x8000ada0 (0x0130c9b3) x19 0x000003d4
core   0: 0x8000ada4 (0xdd722a13) slti    s4, tp, -553
core   0: 3 0x8000ada4 (0xdd722a13) x20 0x00000000
core   0: 0x8000ada8 (0x50b18b17) auipc   s6, 0x50b18
core   0: 3 0x8000ada8 (0x50b18b17) x22 0xd0b22da8
core   0: 0x8000adac (0x018ef033) and     zero, t4, s8
core   0: 3 0x8000adac (0x018ef033)
core   0: 0x8000adb0 (0x01169533) sll     a0, a3, a7
core   0: 3 0x8000adb0 (0x01169533) x10 0x50000000
core   0: 0x8000adb4 (0x0050e1b3) or      gp, ra, t0
core   0: 3 0x8000adb4 (0x0050e1b3) x 3 0x000003d4
core   0: 0x8000adb8 (0x01adbd33) sltu    s10, s11, s10
core   0: 3 0x8000adb8 (0x01adbd33) x26 0x00000000
core   0: 0x8000adbc (0x01cac1b3) xor     gp, s5, t3
core   0: 3 0x8000adbc (0x01cac1b3) x 3 0xd36ed000
core   0: 0x8000adc0 (0x4c702893) slti    a7, zero, 1223
core   0: 3 0x8000adc0 (0x4c702893) x17 0x00000001
core   0: 0x8000adc4 (0x005d5233) srl     tp, s10, t0
core   0: 3 0x8000adc4 (0x005d5233) x 4 0x00000000
core   0: 0x8000adc8 (0x413f01b3) sub     gp, t5, s3
core   0: 3 0x8000adc8 (0x413f01b3) x 3 0xc9877c2c
core   0: 0x8000adcc (0x000e52b3) srl     t0, t3, zero
core   0: 3 0x8000adcc (0x000e52b3) x 5 0xd36ed000
core   0: 0x8000add0 (0x004ba2b3) slt     t0, s7, tp
core   0: 3 0x8000add0 (0x004ba2b3) x 5 0x00000001
core   0: 0x8000add4 (0x80602213) slti    tp, zero, -2042
core   0: 3 0x8000add4 (0x80602213) x 4 0x00000000
core   0: 0x8000add8 (0x08c1fb13) andi    s6, gp, 140
core   0: 3 0x8000add8 (0x08c1fb13) x22 0x0000000c
core   0: 0x8000addc (0x04b0c693) xori    a3, ra, 75
core   0: 3 0x8000addc (0x04b0c693) x13 0x0000039f
core   0: 0x8000ade0 (0x012b75b3) and     a1, s6, s2
core   0: 3 0x8000ade0 (0x012b75b3) x11 0x0000000c
core   0: 0x8000ade4 (0x413351b3) sra     gp, t1, s3
core   0: 3 0x8000ade4 (0x413351b3) x 3 0xfffff800
core   0: 0x8000ade8 (0x01654ab3) xor     s5, a0, s6
core   0: 3 0x8000ade8 (0x01654ab3) x21 0x5000000c
core   0: 0x8000adec (0x00fd36b3) sltu    a3, s10, a5
core   0: 3 0x8000adec (0x00fd36b3) x13 0x00000001
core   0: 0x8000adf0 (0x01cfda93) srli    s5, t6, 28
core   0: 3 0x8000adf0 (0x01cfda93) x21 0x00000001
core   0: 0x8000adf4 (0x01b9d6b3) srl     a3, s3, s11
core   0: 3 0x8000adf4 (0x01b9d6b3) x13 0x00000000
core   0: 0x8000adf8 (0x6c8bf913) andi    s2, s7, 1736
core   0: 3 0x8000adf8 (0x6c8bf913) x18 0x000006c8
core   0: 0x8000adfc (0x40770233) sub     tp, a4, t2
core   0: 3 0x8000adfc (0x40770233) x 4 0xb1c06d9c
core   0: 0x8000ae00 (0x017b6533) or      a0, s6, s7
core   0: 3 0x8000ae00 (0x017b6533) x10 0xffffffff
core   0: 0x8000ae04 (0x50cb6413) ori     s0, s6, 1292
core   0: 3 0x8000ae04 (0x50cb6413) x 8 0x0000050c
core   0: 0x8000ae08 (0xa7bc6193) ori     gp, s8, -1413
core   0: 3 0x8000ae08 (0xa7bc6193) x 3 0xfffffefb
core   0: 0x8000ae0c (0x00b51733) sll     a4, a0, a1
core   0: 3 0x8000ae0c (0x00b51733) x14 0xfffff000
core   0: 0x8000ae10 (0x01220a33) add     s4, tp, s2
core   0: 3 0x8000ae10 (0x01220a33) x20 0xb1c07464
core   0: 0x8000ae14 (0x007a7f33) and     t5, s4, t2
core   0: 3 0x8000ae14 (0x007a7f33) x30 0x80001464
core   0: 0x8000ae18 (0x9433b913) sltiu   s2, t2, -1725
core   0: 3 0x8000ae18 (0x9433b913) x18 0x00000001
core   0: 0x8000ae1c (0x012dbcb3) sltu    s9, s11, s2
core   0: 3 0x8000ae1c (0x012dbcb3) x25 0x00000000
core   0: 0x8000ae20 (0x408e5413) srai    s0, t3, 8
core   0: 3 0x8000ae20 (0x408e5413) x 8 0xffd36ed0
core   0: 0x8000ae24 (0xac8cab93) slti    s7, s9, -1336
core   0: 3 0x8000ae24 (0xac8cab93) x23 0x00000000
core   0: 0x8000ae28 (0x010b1333) sll     t1, s6, a6
core   0: 3 0x8000ae28 (0x010b1333) x 6 0x00000018
core   0: 0x8000ae2c (0x000405b3) add     a1, s0, zero
core   0: 3 0x8000ae2c (0x000405b3) x11 0xffd36ed0
core   0: 0x8000ae30 (0x001d0a33) add     s4, s10, ra
core   0: 3 0x8000ae30 (0x001d0a33) x20 0x000003d4
core   0: 0x8000ae34 (0x4474c513) xori    a0, s1, 1095
core   0: 3 0x8000ae34 (0x4474c513) x10 0xfffe8547
core   0: 0x8000ae38 (0xc8ad5317) auipc   t1, 0xc8ad5
core   0: 3 0x8000ae38 (0xc8ad5317) x 6 0x48adfe38
core   0: 0x8000ae3c (0xac164813) xori    a6, a2, -1343
core   0: 3 0x8000ae3c (0xac164813) x16 0x7ffea625
core   0: 0x8000ae40 (0x01b29933) sll     s2, t0, s11
core   0: 3 0x8000ae40 (0x01b29933) x18 0x00000800
core   0: 0x8000ae44 (0xadb8ef13) ori     t5, a7, -1317
core   0: 3 0x8000ae44 (0xadb8ef13) x30 0xfffffadb
core   0: 0x8000ae48 (0x41eed993) srai    s3, t4, 30
core   0: 3 0x8000ae48 (0x41eed993) x19 0x00000000
core   0: 0x8000ae4c (0x00799f93) slli    t6, s3, 7
core   0: 3 0x8000ae4c (0x00799f93) x31 0x00000000
core   0: 0x8000ae50 (0x0186ec33) or      s8, a3, s8
core   0: 3 0x8000ae50 (0x0186ec33) x24 0x00000c98
core   0: 0x8000ae54 (0x012fae33) slt     t3, t6, s2
core   0: 3 0x8000ae54 (0x012fae33) x28 0x00000001
core   0: 0x8000ae58 (0x0189e133) or      sp, s3, s8
core   0: 3 0x8000ae58 (0x0189e133) x 2 0x00000c98
core   0: 0x8000ae5c (0x0118d513) srli    a0, a7, 17
core   0: 3 0x8000ae5c (0x0118d513) x10 0x00000000
core   0: 0x8000ae60 (0xe3b2a213) slti    tp, t0, -453
core   0: 3 0x8000ae60 (0xe3b2a213) x 4 0x00000000
core   0: 0x8000ae64 (0x917eab13) slti    s6, t4, -1769
core   0: 3 0x8000ae64 (0x917eab13) x22 0x00000000
core   0: 0x8000ae68 (0x01645cb3) srl     s9, s0, s6
core   0: 3 0x8000ae68 (0x01645cb3) x25 0xffd36ed0
core   0: 0x8000ae6c (0x00612fb3) slt     t6, sp, t1
core   0: 3 0x8000ae6c (0x00612fb3) x31 0x00000001
core   0: 0x8000ae70 (0x015d32b3) sltu    t0, s10, s5
core   0: 3 0x8000ae70 (0x015d32b3) x 5 0x00000001
core   0: 0x8000ae74 (0x01515d33) srl     s10, sp, s5
core   0: 3 0x8000ae74 (0x01515d33) x26 0x0000064c
core   0: 0x8000ae78 (0x44d47d93) andi    s11, s0, 1101
core   0: 3 0x8000ae78 (0x44d47d93) x27 0x00000440
core   0: 0x8000ae7c (0x00000013) nop
core   0: 3 0x8000ae7c (0x00000013)
core   0: 0x8000ae80 (0xf22a8693) addi    a3, s5, -222
core   0: 3 0x8000ae80 (0xf22a8693) x13 0xffffff23
core   0: 0x8000ae84 (0x00dadab3) srl     s5, s5, a3
core   0: 3 0x8000ae84 (0x00dadab3) x21 0x00000000
core   0: 0x8000ae88 (0x418bd9b3) sra     s3, s7, s8
core   0: 3 0x8000ae88 (0x418bd9b3) x19 0x00000000
core   0: 0x8000ae8c (0x0157d493) srli    s1, a5, 21
core   0: 3 0x8000ae8c (0x0157d493) x 9 0x0000073d
core   0: 0x8000ae90 (0x0196db33) srl     s6, a3, s9
core   0: 3 0x8000ae90 (0x0196db33) x22 0x0000ffff
core   0: 0x8000ae94 (0x7b9c4f93) xori    t6, s8, 1977
core   0: 3 0x8000ae94 (0x7b9c4f93) x31 0x00000b21
core   0: 0x8000ae98 (0x002d9d33) sll     s10, s11, sp
core   0: 3 0x8000ae98 (0x002d9d33) x26 0x40000000
core   0: 0x8000ae9c (0x0080b6b3) sltu    a3, ra, s0
core   0: 3 0x8000ae9c (0x0080b6b3) x13 0x00000001
core   0: 0x8000aea0 (0x00971f33) sll     t5, a4, s1
core   0: 3 0x8000aea0 (0x00971f33) x30 0x00000000
core   0: 0x8000aea4 (0x3d6baf13) slti    t5, s7, 982
core   0: 3 0x8000aea4 (0x3d6baf13) x30 0x00000001
core   0: 0x8000aea8 (0x01fc3eb3) sltu    t4, s8, t6
core   0: 3 0x8000aea8 (0x01fc3eb3) x29 0x00000000
core   0: 0x8000aeac (0xb6acb913) sltiu   s2, s9, -1174
core   0: 3 0x8000aeac (0xb6acb913) x18 0x00000001
core   0: 0x8000aeb0 (0x01892bb3) slt     s7, s2, s8
core   0: 3 0x8000aeb0 (0x01892bb3) x23 0x00000001
core   0: 0x8000aeb4 (0x22b2b913) sltiu   s2, t0, 555
core   0: 3 0x8000aeb4 (0x22b2b913) x18 0x00000001
core   0: 0x8000aeb8 (0x0043c933) xor     s2, t2, tp
core   0: 3 0x8000aeb8 (0x0043c933) x18 0x80011e64
core   0: 0x8000aebc (0x40d70bb3) sub     s7, a4, a3
core   0: 3 0x8000aebc (0x40d70bb3) x23 0xffffefff
core   0: 0x8000aec0 (0x683e2f13) slti    t5, t3, 1667
core   0: 3 0x8000aec0 (0x683e2f13) x30 0x00000001
core   0: 0x8000aec4 (0xf8413c93) sltiu   s9, sp, -124
core   0: 3 0x8000aec4 (0xf8413c93) x25 0x00000001
core   0: 0x8000aec8 (0x9afeb917) auipc   s2, 0x9afeb
core   0: 3 0x8000aec8 (0x9afeb917) x18 0x1aff5ec8
core   0: 0x8000aecc (0x00102733) slt     a4, zero, ra
core   0: 3 0x8000aecc (0x00102733) x14 0x00000001
core   0: 0x8000aed0 (0x013092b3) sll     t0, ra, s3
core   0: 3 0x8000aed0 (0x013092b3) x 5 0x000003d4
core   0: 0x8000aed4 (0x00852d33) slt     s10, a0, s0
core   0: 3 0x8000aed4 (0x00852d33) x26 0x00000000
core   0: 0x8000aed8 (0x7443ef13) ori     t5, t2, 1860
core   0: 3 0x8000aed8 (0x7443ef13) x30 0x80011f64
core   0: 0x8000aedc (0x2972fc93) andi    s9, t0, 663
core   0: 3 0x8000aedc (0x2972fc93) x25 0x00000294
core   0: 0x8000aee0 (0xeeddb2b7) lui     t0, 0xeeddb
core   0: 3 0x8000aee0 (0xeeddb2b7) x 5 0xeeddb000
core   0: 0x8000aee4 (0x6b0bbd93) sltiu   s11, s7, 1712
core   0: 3 0x8000aee4 (0x6b0bbd93) x27 0x00000000
core   0: 0x8000aee8 (0x018addb3) srl     s11, s5, s8
core   0: 3 0x8000aee8 (0x018addb3) x27 0x00000000
core   0: 0x8000aeec (0x011afab3) and     s5, s5, a7
core   0: 3 0x8000aeec (0x011afab3) x21 0x00000000
core   0: 0x8000aef0 (0x00bfd333) srl     t1, t6, a1
core   0: 3 0x8000aef0 (0x00bfd333) x 6 0x00000000
core   0: 0x8000aef4 (0x33463e93) sltiu   t4, a2, 820
core   0: 3 0x8000aef4 (0x33463e93) x29 0x00000000
core   0: 0x8000aef8 (0x4196d693) srai    a3, a3, 25
core   0: 3 0x8000aef8 (0x4196d693) x13 0x00000000
core   0: 0x8000aefc (0x009fe233) or      tp, t6, s1
core   0: 3 0x8000aefc (0x009fe233) x 4 0x00000f3d
core   0: 0x8000af00 (0x00c54833) xor     a6, a0, a2
core   0: 3 0x8000af00 (0x00c54833) x16 0x80015ce4
core   0: 0x8000af04 (0x00000013) nop
core   0: 3 0x8000af04 (0x00000013)
core   0: 0x8000af08 (0x012656b3) srl     a3, a2, s2
core   0: 3 0x8000af08 (0x012656b3) x13 0x0080015c
core   0: 0x8000af0c (0x001e9033) sll     zero, t4, ra
core   0: 3 0x8000af0c (0x001e9033)
core   0: 0x8000af10 (0x005d7eb3) and     t4, s10, t0
core   0: 3 0x8000af10 (0x005d7eb3) x29 0x00000000
core   0: 0x8000af14 (0x404f8fb3) sub     t6, t6, tp
core   0: 3 0x8000af14 (0x404f8fb3) x31 0xfffffbe4
core   0: 0x8000af18 (0x01388533) add     a0, a7, s3
core   0: 3 0x8000af18 (0x01388533) x10 0x00000001
core   0: 0x8000af1c (0x22cef193) andi    gp, t4, 556
core   0: 3 0x8000af1c (0x22cef193) x 3 0x00000000
core   0: 0x8000af20 (0x000ed033) srl     zero, t4, zero
core   0: 3 0x8000af20 (0x000ed033)
core   0: 0x8000af24 (0x88c20193) addi    gp, tp, -1908
core   0: 3 0x8000af24 (0x88c20193) x 3 0x000007c9
core   0: 0x8000af28 (0x01c848b3) xor     a7, a6, t3
core   0: 3 0x8000af28 (0x01c848b3) x17 0x80015ce5
core   0: 0x8000af2c (0xe8a53a13) sltiu   s4, a0, -374
core   0: 3 0x8000af2c (0xe8a53a13) x20 0x00000001
core   0: 0x8000af30 (0xe73da713) slti    a4, s11, -397
core   0: 3 0x8000af30 (0xe73da713) x14 0x00000000
core   0: 0x8000af34 (0x41cf5193) srai    gp, t5, 28
core   0: 3 0x8000af34 (0x41cf5193) x 3 0xfffffff8
core   0: 0x8000af38 (0x667cff13) andi    t5, s9, 1639
core   0: 3 0x8000af38 (0x667cff13) x30 0x00000204
core   0: 0x8000af3c (0xa1c34097) auipc   ra, 0xa1c34
core   0: 3 0x8000af3c (0xa1c34097) x 1 0x21c3ef3c
core   0: 0x8000af40 (0x8a852513) slti    a0, a0, -1880
core   0: 3 0x8000af40 (0x8a852513) x10 0x00000000
core   0: 0x8000af44 (0x00f10233) add     tp, sp, a5
core   0: 3 0x8000af44 (0x00f10233) x 4 0xe7aedd77
core   0: 0x8000af48 (0xd2828537) lui     a0, 0xd2828
core   0: 3 0x8000af48 (0xd2828537) x10 0xd2828000
core   0: 0x8000af4c (0x00674f33) xor     t5, a4, t1
core   0: 3 0x8000af4c (0x00674f33) x30 0x00000000
core   0: 0x8000af50 (0x017a9db3) sll     s11, s5, s7
core   0: 3 0x8000af50 (0x017a9db3) x27 0x00000000
core   0: 0x8000af54 (0xb483c093) xori    ra, t2, -1208
core   0: 3 0x8000af54 (0xb483c093) x 1 0x7ffee52c
core   0: 0x8000af58 (0x01bc1d13) slli    s10, s8, 27
core   0: 3 0x8000af58 (0x01bc1d13) x26 0xc0000000
core   0: 0x8000af5c (0x6e079f17) auipc   t5, 0x6e079
core   0: 3 0x8000af5c (0x6e079f17) x30 0xee083f5c
core   0: 0x8000af60 (0xe1262237) lui     tp, 0xe1262
core   0: 3 0x8000af60 (0xe1262237) x 4 0xe1262000
core   0: 0x8000af64 (0x406c81b3) sub     gp, s9, t1
core   0: 3 0x8000af64 (0x406c81b3) x 3 0x00000294
core   0: 0x8000af68 (0xe2717c13) andi    s8, sp, -473
core   0: 3 0x8000af68 (0xe2717c13) x24 0x00000c00
core   0: 0x8000af6c (0x87584a13) xori    s4, a6, -1931
core   0: 3 0x8000af6c (0x87584a13) x20 0x7ffea491
core   0: 0x8000af70 (0x00481e33) sll     t3, a6, tp
core   0: 3 0x8000af70 (0x00481e33) x28 0x80015ce4
core   0: 0x8000af74 (0x00c6dcb3) srl     s9, a3, a2
core   0: 3 0x8000af74 (0x00c6dcb3) x25 0x00080015
core   0: 0x8000af78 (0x01ba0f33) add     t5, s4, s11
core   0: 3 0x8000af78 (0x01ba0f33) x30 0x7ffea491
core   0: 0x8000af7c (0x411f84b3) sub     s1, t6, a7
core   0: 3 0x8000af7c (0x411f84b3) x 9 0x7ffe9eff
core   0: 0x8000af80 (0x00000013) nop
core   0: 3 0x8000af80 (0x00000013)
core   0: 0x8000af84 (0x00000013) nop
core   0: 3 0x8000af84 (0x00000013)
core   0: 0x8000af88 (0x416c5f93) srai    t6, s8, 22
core   0: 3 0x8000af88 (0x416c5f93) x31 0x00000000
core   0: 0x8000af8c (0x9e80f493) andi    s1, ra, -1560
core   0: 3 0x8000af8c (0x9e80f493) x 9 0x7ffee128
core   0: 0x8000af90 (0x8c4bfb13) andi    s6, s7, -1852
core   0: 3 0x8000af90 (0x8c4bfb13) x22 0xffffe8c4
core   0: 0x8000af94 (0x000d1b13) slli    s6, s10, 0
core   0: 3 0x8000af94 (0x000d1b13) x22 0xc0000000
core   0: 0x8000af98 (0x40ec0833) sub     a6, s8, a4
core   0: 3 0x8000af98 (0x40ec0833) x16 0x00000c00
core   0: 0x8000af9c (0x00fd48b3) xor     a7, s10, a5
core   0: 3 0x8000af9c (0x00fd48b3) x17 0x27aed0df
core   0: 0x8000afa0 (0x14140d13) addi    s10, s0, 321
core   0: 3 0x8000afa0 (0x14140d13) x26 0xffd37011
core   0: 0x8000afa4 (0x0ce3e593) ori     a1, t2, 206
core   0: 3 0x8000afa4 (0x0ce3e593) x11 0x80011eee
core   0: 0x8000afa8 (0x01e51f93) slli    t6, a0, 30
core   0: 3 0x8000afa8 (0x01e51f93) x31 0x00000000
core   0: 0x8000afac (0x003e1bb3) sll     s7, t3, gp
core   0: 3 0x8000afac (0x003e1bb3) x23 0xce400000
core   0: 0x8000afb0 (0xd2abdd17) auipc   s10, 0xd2abd
core   0: 3 0x8000afb0 (0xd2abdd17) x26 0x52ac7fb0
core   0: 0x8000afb4 (0x013000b3) add     ra, zero, s3
core   0: 3 0x8000afb4 (0x013000b3) x 1 0x00000000
core   0: 0x8000afb8 (0x41e5d193) srai    gp, a1, 30
core   0: 3 0x8000afb8 (0x41e5d193) x 3 0xfffffffe
core   0: 0x8000afbc (0x41fc51b3) sra     gp, s8, t6
core   0: 3 0x8000afbc (0x41fc51b3) x 3 0x00000c00
core   0: 0x8000afc0 (0x3fd6fb17) auipc   s6, 0x3fd6f
core   0: 3 0x8000afc0 (0x3fd6fb17) x22 0xbfd79fc0
core   0: 0x8000afc4 (0x29965717) auipc   a4, 0x29965
core   0: 3 0x8000afc4 (0x29965717) x14 0xa996ffc4
core   0: 0x8000afc8 (0x40ae8033) sub     zero, t4, a0
core   0: 3 0x8000afc8 (0x40ae8033)
core   0: 0x8000afcc (0xeab77513) andi    a0, a4, -341
core   0: 3 0x8000afcc (0xeab77513) x10 0xa996fe80
core   0: 0x8000afd0 (0x41b9df33) sra     t5, s3, s11
core   0: 3 0x8000afd0 (0x41b9df33) x30 0x00000000
core   0: 0x8000afd4 (0x830efc93) andi    s9, t4, -2000
core   0: 3 0x8000afd4 (0x830efc93) x25 0x00000000
core   0: 0x8000afd8 (0x01560533) add     a0, a2, s5
core   0: 3 0x8000afd8 (0x01560533) x10 0x80015ce4
core   0: 0x8000afdc (0x0013f6b3) and     a3, t2, ra
core   0: 3 0x8000afdc (0x0013f6b3) x13 0x00000000
core   0: 0x8000afe0 (0x00000013) nop
core   0: 3 0x8000afe0 (0x00000013)
core   0: 0x8000afe4 (0x419bd993) srai    s3, s7, 25
core   0: 3 0x8000afe4 (0x419bd993) x19 0xffffffe7
core   0: 0x8000afe8 (0xabcf6693) ori     a3, t5, -1348
core   0: 3 0x8000afe8 (0xabcf6693) x13 0xfffffabc
core   0: 0x8000afec (0x40fbdb33) sra     s6, s7, a5
core   0: 3 0x8000afec (0x40fbdb33) x22 0xffffffff
core   0: 0x8000aff0 (0x73cf7017) auipc   zero, 0x73cf7
core   0: 3 0x8000aff0 (0x73cf7017)
core   0: 0x8000aff4 (0xe56a3c13) sltiu   s8, s4, -426
core   0: 3 0x8000aff4 (0xe56a3c13) x24 0x00000001
core   0: 0x8000aff8 (0xaae26137) lui     sp, 0xaae26
core   0: 3 0x8000aff8 (0xaae26137) x 2 0xaae26000
core   0: 0x8000affc (0x005592b3) sll     t0, a1, t0
core   0: 3 0x8000affc (0x005592b3) x 5 0x80011eee
core   0: 0x8000b000 (0x5ae7a313) slti    t1, a5, 1454
core   0: 3 0x8000b000 (0x5ae7a313) x 6 0x00000001
core   0: 0x8000b004 (0x41bb5313) srai    t1, s6, 27
core   0: 3 0x8000b004 (0x41bb5313) x 6 0xffffffff
core   0: 0x8000b008 (0x425eb313) sltiu   t1, t4, 1061
core   0: 3 0x8000b008 (0x425eb313) x 6 0x00000001
core   0: 0x8000b00c (0x000501b3) add     gp, a0, zero
core   0: 3 0x8000b00c (0x000501b3) x 3 0x80015ce4
core   0: 0x8000b010 (0x1a3b2113) slti    sp, s6, 419
core   0: 3 0x8000b010 (0x1a3b2113) x 2 0x00000001
core   0: 0x8000b014 (0xdf8db113) sltiu   sp, s11, -520
core   0: 3 0x8000b014 (0xdf8db113) x 2 0x00000001
core   0: 0x8000b018 (0x0109fab3) and     s5, s3, a6
core   0: 3 0x8000b018 (0x0109fab3) x21 0x00000c00
core   0: 0x8000b01c (0x418a80b3) sub     ra, s5, s8
core   0: 3 0x8000b01c (0x418a80b3) x 1 0x00000bff
core   0: 0x8000b020 (0x00f0c233) xor     tp, ra, a5
core   0: 3 0x8000b020 (0x00f0c233) x 4 0xe7aedb20
core   0: 0x8000b024 (0x01eaa6b3) slt     a3, s5, t5
core   0: 3 0x8000b024 (0x01eaa6b3) x13 0x00000000
core   0: 0x8000b028 (0x6180c893) xori    a7, ra, 1560
core   0: 3 0x8000b028 (0x6180c893) x17 0x00000de7
core   0: 0x8000b02c (0x411209b3) sub     s3, tp, a7
core   0: 3 0x8000b02c (0x411209b3) x19 0xe7aecd39
core   0: 0x8000b030 (0xa22f6213) ori     tp, t5, -1502
core   0: 3 0x8000b030 (0xa22f6213) x 4 0xfffffa22
core   0: 0x8000b034 (0xc47d4d13) xori    s10, s10, -953
core   0: 3 0x8000b034 (0xc47d4d13) x26 0xad5383f7
core   0: 0x8000b038 (0x0ea1af93) slti    t6, gp, 234
core   0: 3 0x8000b038 (0x0ea1af93) x31 0x00000001
core   0: 0x8000b03c (0x205c6e13) ori     t3, s8, 517
core   0: 3 0x8000b03c (0x205c6e13) x28 0x00000205
core   0: 0x8000b040 (0x4293fb13) andi    s6, t2, 1065
core   0: 3 0x8000b040 (0x4293fb13) x22 0x00000420
core   0: 0x8000b044 (0xd70ba193) slti    gp, s7, -656
core   0: 3 0x8000b044 (0xd70ba193) x 3 0x00000001
core   0: 0x8000b048 (0x01fdf433) and     s0, s11, t6
core   0: 3 0x8000b048 (0x01fdf433) x 8 0x00000000
core   0: 0x8000b04c (0x85194113) xori    sp, s2, -1967
core   0: 3 0x8000b04c (0x85194113) x 2 0xe500a699
core   0: 0x8000b050 (0x402f8b33) sub     s6, t6, sp
core   0: 3 0x8000b050 (0x402f8b33) x22 0x1aff5968
core   0: 0x8000b054 (0x40f9dbb3) sra     s7, s3, a5
core   0: 3 0x8000b054 (0x40f9dbb3) x23 0xffffffff
core   0: 0x8000b058 (0x0062e9b3) or      s3, t0, t1
core   0: 3 0x8000b058 (0x0062e9b3) x19 0x80011eef
core   0: 0x8000b05c (0x004e4233) xor     tp, t3, tp
core   0: 3 0x8000b05c (0x004e4233) x 4 0xfffff827
core   0: 0x8000b060 (0xa464e713) ori     a4, s1, -1466
core   0: 3 0x8000b060 (0xa464e713) x14 0xfffffb6e
core   0: 0x8000b064 (0x01447fb3) and     t6, s0, s4
core   0: 3 0x8000b064 (0x01447fb3) x31 0x00000000
core   0: 0x8000b068 (0x01e3e533) or      a0, t2, t5
core   0: 3 0x8000b068 (0x01e3e533) x10 0x80011e64
core   0: 0x8000b06c (0x8d5f3d13) sltiu   s10, t5, -1835
core   0: 3 0x8000b06c (0x8d5f3d13) x26 0x00000001
core   0: 0x8000b070 (0x00741d33) sll     s10, s0, t2
core   0: 3 0x8000b070 (0x00741d33) x26 0x00000000
core   0: 0x8000b074 (0x1fe35b37) lui     s6, 0x1fe35
core   0: 3 0x8000b074 (0x1fe35b37) x22 0x1fe35000
core   0: 0x8000b078 (0x03928237) lui     tp, 0x3928
core   0: 3 0x8000b078 (0x03928237) x 4 0x03928000
core   0: 0x8000b07c (0xb7daeb13) ori     s6, s5, -1155
core   0: 3 0x8000b07c (0xb7daeb13) x22 0xffffff7d
core   0: 0x8000b080 (0x01c1b4b3) sltu    s1, gp, t3
core   0: 3 0x8000b080 (0x01c1b4b3) x 9 0x00000001
core   0: 0x8000b084 (0x01dfd933) srl     s2, t6, t4
core   0: 3 0x8000b084 (0x01dfd933) x18 0x00000000
core   0: 0x8000b088 (0x939fa293) slti    t0, t6, -1735
core   0: 3 0x8000b088 (0x939fa293) x 5 0x00000000
core   0: 0x8000b08c (0x68d9b713) sltiu   a4, s3, 1677
core   0: 3 0x8000b08c (0x68d9b713) x14 0x00000000
core   0: 0x8000b090 (0xdee2ab93) slti    s7, t0, -530
core   0: 3 0x8000b090 (0xdee2ab93) x23 0x00000000
core   0: 0x8000b094 (0x214f3893) sltiu   a7, t5, 532
core   0: 3 0x8000b094 (0x214f3893) x17 0x00000001
core   0: 0x8000b098 (0xdafe0e13) addi    t3, t3, -593
core   0: 3 0x8000b098 (0xdafe0e13) x28 0xffffffb4
core   0: 0x8000b09c (0x419855b3) sra     a1, a6, s9
core   0: 3 0x8000b09c (0x419855b3) x11 0x00000c00
core   0: 0x8000b0a0 (0x01e742b3) xor     t0, a4, t5
core   0: 3 0x8000b0a0 (0x01e742b3) x 5 0x00000000
core   0: 0x8000b0a4 (0x40c65a33) sra     s4, a2, a2
core   0: 3 0x8000b0a4 (0x40c65a33) x20 0xf80015ce
core   0: 0x8000b0a8 (0x001b75b3) and     a1, s6, ra
core   0: 3 0x8000b0a8 (0x001b75b3) x11 0x00000b7d
core   0: 0x8000b0ac (0x6feaf713) andi    a4, s5, 1790
core   0: 3 0x8000b0ac (0x6feaf713) x14 0x00000400
core   0: 0x8000b0b0 (0x00f322b3) slt     t0, t1, a5
core   0: 3 0x8000b0b0 (0x00f322b3) x 5 0x00000000
core   0: 0x8000b0b4 (0x01f139b3) sltu    s3, sp, t6
core   0: 3 0x8000b0b4 (0x01f139b3) x19 0x00000000
core   0: 0x8000b0b8 (0x01f4bcb3) sltu    s9, s1, t6
core   0: 3 0x8000b0b8 (0x01f4bcb3) x25 0x00000000
core   0: 0x8000b0bc (0x01431eb3) sll     t4, t1, s4
core   0: 3 0x8000b0bc (0x01431eb3) x29 0x00004000
core   0: 0x8000b0c0 (0x00000013) nop
core   0: 3 0x8000b0c0 (0x00000013)
core   0: 0x8000b0c4 (0x00cea4b3) slt     s1, t4, a2
core   0: 3 0x8000b0c4 (0x00cea4b3) x 9 0x00000000
core   0: 0x8000b0c8 (0xa0068113) addi    sp, a3, -1536
core   0: 3 0x8000b0c8 (0xa0068113) x 2 0xfffffa00
core   0: 0x8000b0cc (0x01a62033) slt     zero, a2, s10
core   0: 3 0x8000b0cc (0x01a62033)
core   0: 0x8000b0d0 (0xe8d208b7) lui     a7, 0xe8d20
core   0: 3 0x8000b0d0 (0xe8d208b7) x17 0xe8d20000
core   0: 0x8000b0d4 (0x00568f33) add     t5, a3, t0
core   0: 3 0x8000b0d4 (0x00568f33) x30 0x00000000
core   0: 0x8000b0d8 (0xed07ee93) ori     t4, a5, -304
core   0: 3 0x8000b0d8 (0xed07ee93) x29 0xfffffedf
core   0: 0x8000b0dc (0x850de4b7) lui     s1, 0x850de
core   0: 3 0x8000b0dc (0x850de4b7) x 9 0x850de000
core   0: 0x8000b0e0 (0x00dae6b3) or      a3, s5, a3
core   0: 3 0x8000b0e0 (0x00dae6b3) x13 0x00000c00
core   0: 0x8000b0e4 (0x001a7533) and     a0, s4, ra
core   0: 3 0x8000b0e4 (0x001a7533) x10 0x000001ce
core   0: 0x8000b0e8 (0x01d3c033) xor     zero, t2, t4
core   0: 3 0x8000b0e8 (0x01d3c033)
core   0: 0x8000b0ec (0x99a7ce93) xori    t4, a5, -1638
core   0: 3 0x8000b0ec (0x99a7ce93) x29 0x18512945
core   0: 0x8000b0f0 (0x00219a93) slli    s5, gp, 2
core   0: 3 0x8000b0f0 (0x00219a93) x21 0x00000004
core   0: 0x8000b0f4 (0x415b84b3) sub     s1, s7, s5
core   0: 3 0x8000b0f4 (0x415b84b3) x 9 0xfffffffc
core   0: 0x8000b0f8 (0x86833e97) auipc   t4, 0x86833
core   0: 3 0x8000b0f8 (0x86833e97) x29 0x0683e0f8
core   0: 0x8000b0fc (0x0089bc33) sltu    s8, s3, s0
core   0: 3 0x8000b0fc (0x0089bc33) x24 0x00000000
core   0: 0x8000b100 (0xa9c58493) addi    s1, a1, -1380
core   0: 3 0x8000b100 (0xa9c58493) x 9 0x00000619
core   0: 0x8000b104 (0x00000013) nop
core   0: 3 0x8000b104 (0x00000013)
core   0: 0x8000b108 (0xa1ea6313) ori     t1, s4, -1506
core   0: 3 0x8000b108 (0xa1ea6313) x 6 0xffffffde
core   0: 0x8000b10c (0xf31e2313) slti    t1, t3, -207
core   0: 3 0x8000b10c (0xf31e2313) x 6 0x00000000
core   0: 0x8000b110 (0xf6cf4213) xori    tp, t5, -148
core   0: 3 0x8000b110 (0xf6cf4213) x 4 0xffffff6c
core   0: 0x8000b114 (0x40c65c13) srai    s8, a2, 12
core   0: 3 0x8000b114 (0x40c65c13) x24 0xfff80015
core   0: 0x8000b118 (0x750d3e93) sltiu   t4, s10, 1872
core   0: 3 0x8000b118 (0x750d3e93) x29 0x00000001
core   0: 0x8000b11c (0x002a3d33) sltu    s10, s4, sp
core   0: 3 0x8000b11c (0x002a3d33) x26 0x00000001
core   0: 0x8000b120 (0x00b0f033) and     zero, ra, a1
core   0: 3 0x8000b120 (0x00b0f033)
core   0: 0x8000b124 (0x082cb593) sltiu   a1, s9, 130
core   0: 3 0x8000b124 (0x082cb593) x11 0x00000001
core   0: 0x8000b128 (0x01aab133) sltu    sp, s5, s10
core   0: 3 0x8000b128 (0x01aab133) x 2 0x00000000
core   0: 0x8000b12c (0x2bb5eb13) ori     s6, a1, 699
core   0: 3 0x8000b12c (0x2bb5eb13) x22 0x000002bb
core   0: 0x8000b130 (0x65950497) auipc   s1, 0x65950
core   0: 3 0x8000b130 (0x65950497) x 9 0xe595b130
core   0: 0x8000b134 (0x76ecad93) slti    s11, s9, 1902
core   0: 3 0x8000b134 (0x76ecad93) x27 0x00000001
core   0: 0x8000b138 (0x00000013) nop
core   0: 3 0x8000b138 (0x00000013)
core   0: 0x8000b13c (0x00a32a33) slt     s4, t1, a0
core   0: 3 0x8000b13c (0x00a32a33) x20 0x00000001
core   0: 0x8000b140 (0x006eeab3) or      s5, t4, t1
core   0: 3 0x8000b140 (0x006eeab3) x21 0x00000001
core   0: 0x8000b144 (0x63724193) xori    gp, tp, 1591
core   0: 3 0x8000b144 (0x63724193) x 3 0xfffff95b
core   0: 0x8000b148 (0x00e128b3) slt     a7, sp, a4
core   0: 3 0x8000b148 (0x00e128b3) x17 0x00000001
core   0: 0x8000b14c (0x8b60f493) andi    s1, ra, -1866
core   0: 3 0x8000b14c (0x8b60f493) x 9 0x000008b6
core   0: 0x8000b150 (0x01a7c333) xor     t1, a5, s10
core   0: 3 0x8000b150 (0x01a7c333) x 6 0xe7aed0de
core   0: 0x8000b154 (0xe02c7913) andi    s2, s8, -510
core   0: 3 0x8000b154 (0xe02c7913) x18 0xfff80000
core   0: 0x8000b158 (0x013e5933) srl     s2, t3, s3
core   0: 3 0x8000b158 (0x013e5933) x18 0xffffffb4
core   0: 0x8000b15c (0x01767233) and     tp, a2, s7
core   0: 3 0x8000b15c (0x01767233) x 4 0x00000000
core   0: 0x8000b160 (0x00332cb3) slt     s9, t1, gp
core   0: 3 0x8000b160 (0x00332cb3) x25 0x00000001
core   0: 0x8000b164 (0x017326b3) slt     a3, t1, s7
core   0: 3 0x8000b164 (0x017326b3) x13 0x00000001
core   0: 0x8000b168 (0x01aeb733) sltu    a4, t4, s10
core   0: 3 0x8000b168 (0x01aeb733) x14 0x00000000
core   0: 0x8000b16c (0x003280b3) add     ra, t0, gp
core   0: 3 0x8000b16c (0x003280b3) x 1 0xfffff95b
core   0: 0x8000b170 (0x5e768d13) addi    s10, a3, 1511
core   0: 3 0x8000b170 (0x5e768d13) x26 0x000005e8
core   0: 0x8000b174 (0x00059ab3) sll     s5, a1, zero
core   0: 3 0x8000b174 (0x00059ab3) x21 0x00000001
core   0: 0x8000b178 (0xba976997) auipc   s3, 0xba976
core   0: 3 0x8000b178 (0xba976997) x19 0x3a981178
core   0: 0x8000b17c (0x6edffd93) andi    s11, t6, 1773
core   0: 3 0x8000b17c (0x6edffd93) x27 0x00000000
core   0: 0x8000b180 (0x015a7333) and     t1, s4, s5
core   0: 3 0x8000b180 (0x015a7333) x 6 0x00000001
core   0: 0x8000b184 (0x00ba65b3) or      a1, s4, a1
core   0: 3 0x8000b184 (0x00ba65b3) x11 0x00000001
core   0: 0x8000b188 (0x403b5b33) sra     s6, s6, gp
core   0: 3 0x8000b188 (0x403b5b33) x22 0x00000000
core   0: 0x8000b18c (0x0ee43f13) sltiu   t5, s0, 238
core   0: 3 0x8000b18c (0x0ee43f13) x30 0x00000001
core   0: 0x8000b190 (0xb1f3cd13) xori    s10, t2, -1249
core   0: 3 0x8000b190 (0xb1f3cd13) x26 0x7ffee57b
core   0: 0x8000b194 (0x017e4333) xor     t1, t3, s7
core   0: 3 0x8000b194 (0x017e4333) x 6 0xffffffb4
core   0: 0x8000b198 (0x02c66c93) ori     s9, a2, 44
core   0: 3 0x8000b198 (0x02c66c93) x25 0x80015cec
core   0: 0x8000b19c (0x00e38a33) add     s4, t2, a4
core   0: 3 0x8000b19c (0x00e38a33) x20 0x80011e64
core   0: 0x8000b1a0 (0x01635693) srli    a3, t1, 22
core   0: 3 0x8000b1a0 (0x01635693) x13 0x000003ff
core   0: 0x8000b1a4 (0x00000013) nop
core   0: 3 0x8000b1a4 (0x00000013)
core   0: 0x8000b1a8 (0x76132337) lui     t1, 0x76132
core   0: 3 0x8000b1a8 (0x76132337) x 6 0x76132000
core   0: 0x8000b1ac (0x014bd9b3) srl     s3, s7, s4
core   0: 3 0x8000b1ac (0x014bd9b3) x19 0x00000000
core   0: 0x8000b1b0 (0x01a1d193) srli    gp, gp, 26
core   0: 3 0x8000b1b0 (0x01a1d193) x 3 0x0000003f
core   0: 0x8000b1b4 (0x3c763f93) sltiu   t6, a2, 967
core   0: 3 0x8000b1b4 (0x3c763f93) x31 0x00000000
core   0: 0x8000b1b8 (0x01617533) and     a0, sp, s6
core   0: 3 0x8000b1b8 (0x01617533) x10 0x00000000
core   0: 0x8000b1bc (0x012e5033) srl     zero, t3, s2
core   0: 3 0x8000b1bc (0x012e5033)
core   0: 0x8000b1c0 (0x00d20a33) add     s4, tp, a3
core   0: 3 0x8000b1c0 (0x00d20a33) x20 0x000003ff
core   0: 0x8000b1c4 (0x01c66933) or      s2, a2, t3
core   0: 3 0x8000b1c4 (0x01c66933) x18 0xfffffff4
core   0: 0x8000b1c8 (0x2a232997) auipc   s3, 0x2a232
core   0: 3 0x8000b1c8 (0x2a232997) x19 0xaa23d1c8
core   0: 0x8000b1cc (0x012855b3) srl     a1, a6, s2
core   0: 3 0x8000b1cc (0x012855b3) x11 0x00000000
core   0: 0x8000b1d0 (0x4060da13) srai    s4, ra, 6
core   0: 3 0x8000b1d0 (0x4060da13) x20 0xffffffe5
core   0: 0x8000b1d4 (0x010b8ab3) add     s5, s7, a6
core   0: 3 0x8000b1d4 (0x010b8ab3) x21 0x00000c00
core   0: 0x8000b1d8 (0x5b468e13) addi    t3, a3, 1460
core   0: 3 0x8000b1d8 (0x5b468e13) x28 0x000009b3
core   0: 0x8000b1dc (0x006e15b3) sll     a1, t3, t1
core   0: 3 0x8000b1dc (0x006e15b3) x11 0x000009b3
core   0: 0x8000b1e0 (0x7533a813) slti    a6, t2, 1875
core   0: 3 0x8000b1e0 (0x7533a813) x16 0x00000001
core   0: 0x8000b1e4 (0xf75b8f13) addi    t5, s7, -139
core   0: 3 0x8000b1e4 (0xf75b8f13) x30 0xffffff75
core   0: 0x8000b1e8 (0x012c2ab3) slt     s5, s8, s2
core   0: 3 0x8000b1e8 (0x012c2ab3) x21 0x00000001
core   0: 0x8000b1ec (0x00a4c333) xor     t1, s1, a0
core   0: 3 0x8000b1ec (0x00a4c333) x 6 0x000008b6
core   0: 0x8000b1f0 (0x8da5ef93) ori     t6, a1, -1830
core   0: 3 0x8000b1f0 (0x8da5ef93) x31 0xfffff9fb
core   0: 0x8000b1f4 (0x00a34533) xor     a0, t1, a0
core   0: 3 0x8000b1f4 (0x00a34533) x10 0x000008b6
core   0: 0x8000b1f8 (0x7d7399b7) lui     s3, 0x7d739
core   0: 3 0x8000b1f8 (0x7d7399b7) x19 0x7d739000
core   0: 0x8000b1fc (0xa8870913) addi    s2, a4, -1400
core   0: 3 0x8000b1fc (0xa8870913) x18 0xfffffa88
core   0: 0x8000b200 (0x01bf1a33) sll     s4, t5, s11
core   0: 3 0x8000b200 (0x01bf1a33) x20 0xffffff75
core   0: 0x8000b204 (0x00000013) nop
core   0: 3 0x8000b204 (0x00000013)
core   0: 0x8000b208 (0x4001d593) srai    a1, gp, 0
core   0: 3 0x8000b208 (0x4001d593) x11 0x0000003f
core   0: 0x8000b20c (0x00833ab3) sltu    s5, t1, s0
core   0: 3 0x8000b20c (0x00833ab3) x21 0x00000000
core   0: 0x8000b210 (0x01027033) and     zero, tp, a6
core   0: 3 0x8000b210 (0x01027033)
core   0: 0x8000b214 (0x01049213) slli    tp, s1, 16
core   0: 3 0x8000b214 (0x01049213) x 4 0x08b60000
core   0: 0x8000b218 (0x016301b3) add     gp, t1, s6
core   0: 3 0x8000b218 (0x016301b3) x 3 0x000008b6
core   0: 0x8000b21c (0x652afbb7) lui     s7, 0x652af
core   0: 3 0x8000b21c (0x652afbb7) x23 0x652af000
core   0: 0x8000b220 (0x26581017) auipc   zero, 0x26581
core   0: 3 0x8000b220 (0x26581017)
core   0: 0x8000b224 (0xf907e817) auipc   a6, 0xf907e
core   0: 3 0x8000b224 (0xf907e817) x16 0x79089224
core   0: 0x8000b228 (0x00276333) or      t1, a4, sp
core   0: 3 0x8000b228 (0x00276333) x 6 0x00000000
core   0: 0x8000b22c (0x3ae68293) addi    t0, a3, 942
core   0: 3 0x8000b22c (0x3ae68293) x 5 0x000007ad
core   0: 0x8000b230 (0x41fbd9b3) sra     s3, s7, t6
core   0: 3 0x8000b230 (0x41fbd9b3) x19 0x0000000c
core   0: 0x8000b234 (0x52c97d93) andi    s11, s2, 1324
core   0: 3 0x8000b234 (0x52c97d93) x27 0x00000008
core   0: 0x8000b238 (0x0101d993) srli    s3, gp, 16
core   0: 3 0x8000b238 (0x0101d993) x19 0x00000000
core   0: 0x8000b23c (0x6580ed13) ori     s10, ra, 1624
core   0: 3 0x8000b23c (0x6580ed13) x26 0xffffff5b
core   0: 0x8000b240 (0x0024a2b3) slt     t0, s1, sp
core   0: 3 0x8000b240 (0x0024a2b3) x 5 0x00000000
core   0: 0x8000b244 (0x01f05d33) srl     s10, zero, t6
core   0: 3 0x8000b244 (0x01f05d33) x26 0x00000000
core   0: 0x8000b248 (0x7d15bf93) sltiu   t6, a1, 2001
core   0: 3 0x8000b248 (0x7d15bf93) x31 0x00000001
core   0: 0x8000b24c (0x00b7c6b3) xor     a3, a5, a1
core   0: 3 0x8000b24c (0x00b7c6b3) x13 0xe7aed0e0
core   0: 0x8000b250 (0x00000013) nop
core   0: 3 0x8000b250 (0x00000013)
core   0: 0x8000b254 (0x41aa0033) sub     zero, s4, s10
core   0: 3 0x8000b254 (0x41aa0033)
core   0: 0x8000b258 (0x0e504593) xori    a1, zero, 229
core   0: 3 0x8000b258 (0x0e504593) x11 0x000000e5
core   0: 0x8000b25c (0x402ddd93) srai    s11, s11, 2
core   0: 3 0x8000b25c (0x402ddd93) x27 0x00000002
core   0: 0x8000b260 (0x00e8b2b3) sltu    t0, a7, a4
core   0: 3 0x8000b260 (0x00e8b2b3) x 5 0x00000000
core   0: 0x8000b264 (0x00cfc1b3) xor     gp, t6, a2
core   0: 3 0x8000b264 (0x00cfc1b3) x 3 0x80015ce5
core   0: 0x8000b268 (0x00846ab3) or      s5, s0, s0
core   0: 3 0x8000b268 (0x00846ab3) x21 0x00000000
core   0: 0x8000b26c (0x8a8d6e13) ori     t3, s10, -1880
core   0: 3 0x8000b26c (0x8a8d6e13) x28 0xfffff8a8
core   0: 0x8000b270 (0x005ad593) srli    a1, s5, 5
core   0: 3 0x8000b270 (0x005ad593) x11 0x00000000
core   0: 0x8000b274 (0x00a5d233) srl     tp, a1, a0
core   0: 3 0x8000b274 (0x00a5d233) x 4 0x00000000
core   0: 0x8000b278 (0xaad38d93) addi    s11, t2, -1363
core   0: 3 0x8000b278 (0xaad38d93) x27 0x80011911
core   0: 0x8000b27c (0x00041d33) sll     s10, s0, zero
core   0: 3 0x8000b27c (0x00041d33) x26 0x00000000
core   0: 0x8000b280 (0x0087e2b3) or      t0, a5, s0
core   0: 3 0x8000b280 (0x0087e2b3) x 5 0xe7aed0df
core   0: 0x8000b284 (0x6a3c3c97) auipc   s9, 0x6a3c3
core   0: 3 0x8000b284 (0x6a3c3c97) x25 0xea3ce284
core   0: 0x8000b288 (0x21dab513) sltiu   a0, s5, 541
core   0: 3 0x8000b288 (0x21dab513) x10 0x00000001
core   0: 0x8000b28c (0x2f7dfd13) andi    s10, s11, 759
core   0: 3 0x8000b28c (0x2f7dfd13) x26 0x00000011
core   0: 0x8000b290 (0x79e8cc13) xori    s8, a7, 1950
core   0: 3 0x8000b290 (0x79e8cc13) x24 0x0000079f
core   0: 0x8000b294 (0x0465fe13) andi    t3, a1, 70
core   0: 3 0x8000b294 (0x0465fe13) x28 0x00000000
core   0: 0x8000b298 (0x00487eb3) and     t4, a6, tp
core   0: 3 0x8000b298 (0x00487eb3) x29 0x00000000
core   0: 0x8000b29c (0x015c22b3) slt     t0, s8, s5
core   0: 3 0x8000b29c (0x015c22b3) x 5 0x00000000
core   0: 0x8000b2a0 (0x417fd833) sra     a6, t6, s7
core   0: 3 0x8000b2a0 (0x417fd833) x16 0x00000001
core   0: 0x8000b2a4 (0x017338b3) sltu    a7, t1, s7
core   0: 3 0x8000b2a4 (0x017338b3) x17 0x00000001
core   0: 0x8000b2a8 (0x83b0bd37) lui     s10, 0x83b0b
core   0: 3 0x8000b2a8 (0x83b0bd37) x26 0x83b0b000
core   0: 0x8000b2ac (0x40c35833) sra     a6, t1, a2
core   0: 3 0x8000b2ac (0x40c35833) x16 0x00000000
core   0: 0x8000b2b0 (0x01c12833) slt     a6, sp, t3
core   0: 3 0x8000b2b0 (0x01c12833) x16 0x00000000
core   0: 0x8000b2b4 (0xffbaf2b7) lui     t0, 0xffbaf
core   0: 3 0x8000b2b4 (0xffbaf2b7) x 5 0xffbaf000
core   0: 0x8000b2b8 (0x51fa2e13) slti    t3, s4, 1311
core   0: 3 0x8000b2b8 (0x51fa2e13) x28 0x00000001
core   0: 0x8000b2bc (0x00000797) auipc   a5, 0x0
core   0: 3 0x8000b2bc (0x00000797) x15 0x8000b2bc
core   0: 0x8000b2c0 (0x00c78793) addi    a5, a5, 12
core   0: 3 0x8000b2c0 (0x00c78793) x15 0x8000b2c8
core   0: 0x8000b2c4 (0x00078067) jr      a5
core   0: 3 0x8000b2c4 (0x00078067)
core   0: 0x8000b2c8 (0x00100193) li      gp, 1
core   0: 3 0x8000b2c8 (0x00100193) x 3 0x00000001
core   0: 0x8000b2cc (0x00000073) ecall
core   0: exception trap_machine_ecall, epc 0x8000b2cc
core   0: >>>>  mtvec_handler
core   0: 0x8000bd00 (0x0400006f) j       pc + 0x40
core   0: 3 0x8000bd00 (0x0400006f)
core   0: 0x8000bd40 (0xffc60613) addi    a2, a2, -4
core   0: 3 0x8000bd40 (0xffc60613) x12 0x80015ce0
core   0: 0x8000bd44 (0x00762023) sw      t2, 0(a2)
core   0: 3 0x8000bd44 (0x00762023) mem 0x80015ce0 0x80011e64
core   0: 0x8000bd48 (0x000603b3) add     t2, a2, zero
core   0: 3 0x8000bd48 (0x000603b3) x 7 0x80015ce0
core   0: 0x8000bd4c (0xf8038393) addi    t2, t2, -128
core   0: 3 0x8000bd4c (0xf8038393) x 7 0x80015c60
core   0: 0x8000bd50 (0x0013a223) sw      ra, 4(t2)
core   0: 3 0x8000bd50 (0x0013a223) mem 0x80015c64 0xfffff95b
core   0: 0x8000bd54 (0x0023a423) sw      sp, 8(t2)
core   0: 3 0x8000bd54 (0x0023a423) mem 0x80015c68 0x00000000
core   0: 0x8000bd58 (0x0033a623) sw      gp, 12(t2)
core   0: 3 0x8000bd58 (0x0033a623) mem 0x80015c6c 0x00000001
core   0: 0x8000bd5c (0x0043a823) sw      tp, 16(t2)
core   0: 3 0x8000bd5c (0x0043a823) mem 0x80015c70 0x00000000
core   0: 0x8000bd60 (0x0053aa23) sw      t0, 20(t2)
core   0: 3 0x8000bd60 (0x0053aa23) mem 0x80015c74 0xffbaf000
core   0: 0x8000bd64 (0x0063ac23) sw      t1, 24(t2)
core   0: 3 0x8000bd64 (0x0063ac23) mem 0x80015c78 0x00000000
core   0: 0x8000bd68 (0x0073ae23) sw      t2, 28(t2)
core   0: 3 0x8000bd68 (0x0073ae23) mem 0x80015c7c 0x80015c60
core   0: 0x8000bd6c (0x0283a023) sw      s0, 32(t2)
core   0: 3 0x8000bd6c (0x0283a023) mem 0x80015c80 0x00000000
core   0: 0x8000bd70 (0x0293a223) sw      s1, 36(t2)
core   0: 3 0x8000bd70 (0x0293a223) mem 0x80015c84 0x000008b6
core   0: 0x8000bd74 (0x02a3a423) sw      a0, 40(t2)
core   0: 3 0x8000bd74 (0x02a3a423) mem 0x80015c88 0x00000001
core   0: 0x8000bd78 (0x02b3a623) sw      a1, 44(t2)
core   0: 3 0x8000bd78 (0x02b3a623) mem 0x80015c8c 0x00000000
core   0: 0x8000bd7c (0x02c3a823) sw      a2, 48(t2)
core   0: 3 0x8000bd7c (0x02c3a823) mem 0x80015c90 0x80015ce0
core   0: 0x8000bd80 (0x02d3aa23) sw      a3, 52(t2)
core   0: 3 0x8000bd80 (0x02d3aa23) mem 0x80015c94 0xe7aed0e0
core   0: 0x8000bd84 (0x02e3ac23) sw      a4, 56(t2)
core   0: 3 0x8000bd84 (0x02e3ac23) mem 0x80015c98 0x00000000
core   0: 0x8000bd88 (0x02f3ae23) sw      a5, 60(t2)
core   0: 3 0x8000bd88 (0x02f3ae23) mem 0x80015c9c 0x8000b2c8
core   0: 0x8000bd8c (0x0503a023) sw      a6, 64(t2)
core   0: 3 0x8000bd8c (0x0503a023) mem 0x80015ca0 0x00000000
core   0: 0x8000bd90 (0x0513a223) sw      a7, 68(t2)
core   0: 3 0x8000bd90 (0x0513a223) mem 0x80015ca4 0x00000001
core   0: 0x8000bd94 (0x0523a423) sw      s2, 72(t2)
core   0: 3 0x8000bd94 (0x0523a423) mem 0x80015ca8 0xfffffa88
core   0: 0x8000bd98 (0x0533a623) sw      s3, 76(t2)
core   0: 3 0x8000bd98 (0x0533a623) mem 0x80015cac 0x00000000
core   0: 0x8000bd9c (0x0543a823) sw      s4, 80(t2)
core   0: 3 0x8000bd9c (0x0543a823) mem 0x80015cb0 0xffffff75
core   0: 0x8000bda0 (0x0553aa23) sw      s5, 84(t2)
core   0: 3 0x8000bda0 (0x0553aa23) mem 0x80015cb4 0x00000000
core   0: 0x8000bda4 (0x0563ac23) sw      s6, 88(t2)
core   0: 3 0x8000bda4 (0x0563ac23) mem 0x80015cb8 0x00000000
core   0: 0x8000bda8 (0x0573ae23) sw      s7, 92(t2)
core   0: 3 0x8000bda8 (0x0573ae23) mem 0x80015cbc 0x652af000
core   0: 0x8000bdac (0x0783a023) sw      s8, 96(t2)
core   0: 3 0x8000bdac (0x0783a023) mem 0x80015cc0 0x0000079f
core   0: 0x8000bdb0 (0x0793a223) sw      s9, 100(t2)
core   0: 3 0x8000bdb0 (0x0793a223) mem 0x80015cc4 0xea3ce284
core   0: 0x8000bdb4 (0x07a3a423) sw      s10, 104(t2)
core   0: 3 0x8000bdb4 (0x07a3a423) mem 0x80015cc8 0x83b0b000
core   0: 0x8000bdb8 (0x07b3a623) sw      s11, 108(t2)
core   0: 3 0x8000bdb8 (0x07b3a623) mem 0x80015ccc 0x80011911
core   0: 0x8000bdbc (0x07c3a823) sw      t3, 112(t2)
core   0: 3 0x8000bdbc (0x07c3a823) mem 0x80015cd0 0x00000001
core   0: 0x8000bdc0 (0x07d3aa23) sw      t4, 116(t2)
core   0: 3 0x8000bdc0 (0x07d3aa23) mem 0x80015cd4 0x00000000
core   0: 0x8000bdc4 (0x07e3ac23) sw      t5, 120(t2)
core   0: 3 0x8000bdc4 (0x07e3ac23) mem 0x80015cd8 0xffffff75
core   0: 0x8000bdc8 (0x07f3ae23) sw      t6, 124(t2)
core   0: 3 0x8000bdc8 (0x07f3ae23) mem 0x80015cdc 0x00000001
core   0: 0x8000bdcc (0x00038633) add     a2, t2, zero
core   0: 3 0x8000bdcc (0x00038633) x12 0x80015c60
core   0: 0x8000bdd0 (0x34102e73) csrr    t3, mepc
core   0: 3 0x8000bdd0 (0x34102e73) x28 0x8000b2cc
core   0: 0x8000bdd4 (0x34202e73) csrr    t3, mcause
core   0: 3 0x8000bdd4 (0x34202e73) x28 0x0000000b
core   0: 0x8000bdd8 (0x00300493) li      s1, 3
core   0: 3 0x8000bdd8 (0x00300493) x 9 0x00000003
core   0: 0x8000bddc (0x2a9e0a63) beq     t3, s1, pc + 692
core   0: 3 0x8000bddc (0x2a9e0a63)
core   0: 0x8000bde0 (0x00800493) li      s1, 8
core   0: 3 0x8000bde0 (0x00800493) x 9 0x00000008
core   0: 0x8000bde4 (0x049e0e63) beq     t3, s1, pc + 92
core   0: 3 0x8000bde4 (0x049e0e63)
core   0: 0x8000bde8 (0x00900493) li      s1, 9
core   0: 3 0x8000bde8 (0x00900493) x 9 0x00000009
core   0: 0x8000bdec (0x049e0a63) beq     t3, s1, pc + 84
core   0: 3 0x8000bdec (0x049e0a63)
core   0: 0x8000bdf0 (0x00b00493) li      s1, 11
core   0: 3 0x8000bdf0 (0x00b00493) x 9 0x0000000b
core   0: 0x8000bdf4 (0x049e0663) beq     t3, s1, pc + 76
core   0: 3 0x8000bdf4 (0x049e0663)
core   0: 0x8000be40 (0xffff4e17) auipc   t3, 0xffff4
core   0: 3 0x8000be40 (0xffff4e17) x28 0x7ffffe40
core   0: 0x8000be44 (0x1c0e0e13) addi    t3, t3, 448
core   0: 3 0x8000be44 (0x1c0e0e13) x28 0x80000000
core   0: 0x8000be48 (0x000e2023) sw      zero, 0(t3)
core   0: 3 0x8000be48 (0x000e2023) mem 0x80000000 0x00000000
core   0: 0x8000be4c (0x001e2223) sw      ra, 4(t3)
core   0: 3 0x8000be4c (0x001e2223) mem 0x80000004 0xfffff95b
core   0: 0x8000be50 (0x002e2423) sw      sp, 8(t3)
core   0: 3 0x8000be50 (0x002e2423) mem 0x80000008 0x00000000
core   0: 0x8000be54 (0x003e2623) sw      gp, 12(t3)
core   0: 3 0x8000be54 (0x003e2623) mem 0x8000000c 0x00000001
core   0: 0x8000be58 (0x004e2823) sw      tp, 16(t3)
core   0: 3 0x8000be58 (0x004e2823) mem 0x80000010 0x00000000
core   0: 0x8000be5c (0x005e2a23) sw      t0, 20(t3)
core   0: 3 0x8000be5c (0x005e2a23) mem 0x80000014 0xffbaf000
core   0: 0x8000be60 (0x006e2c23) sw      t1, 24(t3)
core   0: 3 0x8000be60 (0x006e2c23) mem 0x80000018 0x00000000
core   0: 0x8000be64 (0x007e2e23) sw      t2, 28(t3)
core   0: 3 0x8000be64 (0x007e2e23) mem 0x8000001c 0x80015c60
core   0: 0x8000be68 (0x028e2023) sw      s0, 32(t3)
core   0: 3 0x8000be68 (0x028e2023) mem 0x80000020 0x00000000
core   0: 0x8000be6c (0x029e2223) sw      s1, 36(t3)
core   0: 3 0x8000be6c (0x029e2223) mem 0x80000024 0x0000000b
core   0: 0x8000be70 (0x02ae2423) sw      a0, 40(t3)
core   0: 3 0x8000be70 (0x02ae2423) mem 0x80000028 0x00000001
core   0: 0x8000be74 (0x02be2623) sw      a1, 44(t3)
core   0: 3 0x8000be74 (0x02be2623) mem 0x8000002c 0x00000000
core   0: 0x8000be78 (0x02ce2823) sw      a2, 48(t3)
core   0: 3 0x8000be78 (0x02ce2823) mem 0x80000030 0x80015c60
core   0: 0x8000be7c (0x02de2a23) sw      a3, 52(t3)
core   0: 3 0x8000be7c (0x02de2a23) mem 0x80000034 0xe7aed0e0
core   0: 0x8000be80 (0x02ee2c23) sw      a4, 56(t3)
core   0: 3 0x8000be80 (0x02ee2c23) mem 0x80000038 0x00000000
core   0: 0x8000be84 (0x02fe2e23) sw      a5, 60(t3)
core   0: 3 0x8000be84 (0x02fe2e23) mem 0x8000003c 0x8000b2c8
core   0: 0x8000be88 (0x050e2023) sw      a6, 64(t3)
core   0: 3 0x8000be88 (0x050e2023) mem 0x80000040 0x00000000
core   0: 0x8000be8c (0x051e2223) sw      a7, 68(t3)
core   0: 3 0x8000be8c (0x051e2223) mem 0x80000044 0x00000001
core   0: 0x8000be90 (0x052e2423) sw      s2, 72(t3)
core   0: 3 0x8000be90 (0x052e2423) mem 0x80000048 0xfffffa88
core   0: 0x8000be94 (0x053e2623) sw      s3, 76(t3)
core   0: 3 0x8000be94 (0x053e2623) mem 0x8000004c 0x00000000
core   0: 0x8000be98 (0x054e2823) sw      s4, 80(t3)
core   0: 3 0x8000be98 (0x054e2823) mem 0x80000050 0xffffff75
core   0: 0x8000be9c (0x055e2a23) sw      s5, 84(t3)
core   0: 3 0x8000be9c (0x055e2a23) mem 0x80000054 0x00000000
core   0: 0x8000bea0 (0x056e2c23) sw      s6, 88(t3)
core   0: 3 0x8000bea0 (0x056e2c23) mem 0x80000058 0x00000000
core   0: 0x8000bea4 (0x057e2e23) sw      s7, 92(t3)
core   0: 3 0x8000bea4 (0x057e2e23) mem 0x8000005c 0x652af000
core   0: 0x8000bea8 (0x078e2023) sw      s8, 96(t3)
core   0: 3 0x8000bea8 (0x078e2023) mem 0x80000060 0x0000079f
core   0: 0x8000beac (0x079e2223) sw      s9, 100(t3)
core   0: 3 0x8000beac (0x079e2223) mem 0x80000064 0xea3ce284
core   0: 0x8000beb0 (0x07ae2423) sw      s10, 104(t3)
core   0: 3 0x8000beb0 (0x07ae2423) mem 0x80000068 0x83b0b000
core   0: 0x8000beb4 (0x07be2623) sw      s11, 108(t3)
core   0: 3 0x8000beb4 (0x07be2623) mem 0x8000006c 0x80011911
core   0: 0x8000beb8 (0x07ce2823) sw      t3, 112(t3)
core   0: 3 0x8000beb8 (0x07ce2823) mem 0x80000070 0x80000000
core   0: 0x8000bebc (0x07de2a23) sw      t4, 116(t3)
core   0: 3 0x8000bebc (0x07de2a23) mem 0x80000074 0x00000000
core   0: 0x8000bec0 (0x07ee2c23) sw      t5, 120(t3)
core   0: 3 0x8000bec0 (0x07ee2c23) mem 0x80000078 0xffffff75
core   0: 0x8000bec4 (0x07fe2e23) sw      t6, 124(t3)
core   0: 3 0x8000bec4 (0x07fe2e23) mem 0x8000007c 0x00000001
core   0: 0x8000bec8 (0xfffff797) auipc   a5, 0xfffff
core   0: 3 0x8000bec8 (0xfffff797) x15 0x8000aec8
core   0: 0x8000becc (0x40878793) addi    a5, a5, 1032
core   0: 3 0x8000becc (0x40878793) x15 0x8000b2d0
core   0: 0x8000bed0 (0x00078067) jr      a5
core   0: 3 0x8000bed0 (0x00078067)
core   0: 0x8000b2d0 (0x00002f17) auipc   t5, 0x2
core   0: 3 0x8000b2d0 (0x00002f17) x30 0x8000d2d0
core   0: 0x8000b2d4 (0xd23f2823) sw      gp, -720(t5)
core   0: 3 0x8000b2d4 (0xd23f2823) mem 0x8000d000 0x00000001
core   0: 0x8000b2d8 (0xff9ff06f) j       pc - 0x8
core   0: 3 0x8000b2d8 (0xff9ff06f)
core   0: 0x8000b2d0 (0x00002f17) auipc   t5, 0x2
core   0: 3 0x8000b2d0 (0x00002f17) x30 0x8000d2d0
core   0: 0x8000b2d4 (0xd23f2823) sw      gp, -720(t5)
core   0: 3 0x8000b2d4 (0xd23f2823) mem 0x8000d000 0x00000001
core   0: 0x8000b2d8 (0xff9ff06f) j       pc - 0x8
core   0: 3 0x8000b2d8 (0xff9ff06f)
core   0: 0x8000b2d0 (0x00002f17) auipc   t5, 0x2
core   0: 3 0x8000b2d0 (0x00002f17) x30 0x8000d2d0
core   0: 0x8000b2d4 (0xd23f2823) sw      gp, -720(t5)
core   0: 3 0x8000b2d4 (0xd23f2823) mem 0x8000d000 0x00000001
core   0: 0x8000b2d8 (0xff9ff06f) j       pc - 0x8
core   0: 3 0x8000b2d8 (0xff9ff06f)
core   0: 0x8000b2d0 (0x00002f17) auipc   t5, 0x2
core   0: 3 0x8000b2d0 (0x00002f17) x30 0x8000d2d0
core   0: 0x8000b2d4 (0xd23f2823) sw      gp, -720(t5)
core   0: 3 0x8000b2d4 (0xd23f2823) mem 0x8000d000 0x00000001
core   0: 0x8000b2d8 (0xff9ff06f) j       pc - 0x8
core   0: 3 0x8000b2d8 (0xff9ff06f)
core   0: 0x8000b2d0 (0x00002f17) auipc   t5, 0x2
core   0: 3 0x8000b2d0 (0x00002f17) x30 0x8000d2d0
core   0: 0x8000b2d4 (0xd23f2823) sw      gp, -720(t5)
core   0: 3 0x8000b2d4 (0xd23f2823) mem 0x8000d000 0x00000001
core   0: 0x8000b2d8 (0xff9ff06f) j       pc - 0x8
core   0: 3 0x8000b2d8 (0xff9ff06f)
core   0: 0x8000b2d0 (0x00002f17) auipc   t5, 0x2
core   0: 3 0x8000b2d0 (0x00002f17) x30 0x8000d2d0
core   0: 0x8000b2d4 (0xd23f2823) sw      gp, -720(t5)
core   0: 3 0x8000b2d4 (0xd23f2823) mem 0x8000d000 0x00000001
core   0: 0x8000b2d8 (0xff9ff06f) j       pc - 0x8
core   0: 3 0x8000b2d8 (0xff9ff06f)
core   0: 0x8000b2d0 (0x00002f17) auipc   t5, 0x2
core   0: 3 0x8000b2d0 (0x00002f17) x30 0x8000d2d0
core   0: 0x8000b2d4 (0xd23f2823) sw      gp, -720(t5)
core   0: 3 0x8000b2d4 (0xd23f2823) mem 0x8000d000 0x00000001
core   0: 0x8000b2d8 (0xff9ff06f) j       pc - 0x8
core   0: 3 0x8000b2d8 (0xff9ff06f)
core   0: 0x8000b2d0 (0x00002f17) auipc   t5, 0x2
core   0: 3 0x8000b2d0 (0x00002f17) x30 0x8000d2d0
core   0: 0x8000b2d4 (0xd23f2823) sw      gp, -720(t5)
core   0: 3 0x8000b2d4 (0xd23f2823) mem 0x8000d000 0x00000001
core   0: 0x8000b2d8 (0xff9ff06f) j       pc - 0x8
core   0: 3 0x8000b2d8 (0xff9ff06f)
core   0: 0x8000b2d0 (0x00002f17) auipc   t5, 0x2
core   0: 3 0x8000b2d0 (0x00002f17) x30 0x8000d2d0
core   0: 0x8000b2d4 (0xd23f2823) sw      gp, -720(t5)
core   0: 3 0x8000b2d4 (0xd23f2823) mem 0x8000d000 0x00000001
core   0: 0x8000b2d8 (0xff9ff06f) j       pc - 0x8
core   0: 3 0x8000b2d8 (0xff9ff06f)
core   0: 0x8000b2d0 (0x00002f17) auipc   t5, 0x2
core   0: 3 0x8000b2d0 (0x00002f17) x30 0x8000d2d0
core   0: 0x8000b2d4 (0xd23f2823) sw      gp, -720(t5)
core   0: 3 0x8000b2d4 (0xd23f2823) mem 0x8000d000 0x00000001
core   0: 0x8000b2d8 (0xff9ff06f) j       pc - 0x8
core   0: 3 0x8000b2d8 (0xff9ff06f)
core   0: 0x8000b2d0 (0x00002f17) auipc   t5, 0x2
core   0: 3 0x8000b2d0 (0x00002f17) x30 0x8000d2d0
core   0: 0x8000b2d4 (0xd23f2823) sw      gp, -720(t5)
core   0: 3 0x8000b2d4 (0xd23f2823) mem 0x8000d000 0x00000001
core   0: 0x8000b2d8 (0xff9ff06f) j       pc - 0x8
core   0: 3 0x8000b2d8 (0xff9ff06f)
core   0: 0x8000b2d0 (0x00002f17) auipc   t5, 0x2
core   0: 3 0x8000b2d0 (0x00002f17) x30 0x8000d2d0
core   0: 0x8000b2d4 (0xd23f2823) sw      gp, -720(t5)
core   0: 3 0x8000b2d4 (0xd23f2823) mem 0x8000d000 0x00000001
core   0: 0x8000b2d8 (0xff9ff06f) j       pc - 0x8
core   0: 3 0x8000b2d8 (0xff9ff06f)
core   0: 0x8000b2d0 (0x00002f17) auipc   t5, 0x2
core   0: 3 0x8000b2d0 (0x00002f17) x30 0x8000d2d0
core   0: 0x8000b2d4 (0xd23f2823) sw      gp, -720(t5)
core   0: 3 0x8000b2d4 (0xd23f2823) mem 0x8000d000 0x00000001
core   0: 0x8000b2d8 (0xff9ff06f) j       pc - 0x8
core   0: 3 0x8000b2d8 (0xff9ff06f)
core   0: 0x8000b2d0 (0x00002f17) auipc   t5, 0x2
core   0: 3 0x8000b2d0 (0x00002f17) x30 0x8000d2d0
core   0: 0x8000b2d4 (0xd23f2823) sw      gp, -720(t5)
core   0: 3 0x8000b2d4 (0xd23f2823) mem 0x8000d000 0x00000001
core   0: 0x8000b2d8 (0xff9ff06f) j       pc - 0x8
core   0: 3 0x8000b2d8 (0xff9ff06f)
core   0: 0x8000b2d0 (0x00002f17) auipc   t5, 0x2
core   0: 3 0x8000b2d0 (0x00002f17) x30 0x8000d2d0
core   0: 0x8000b2d4 (0xd23f2823) sw      gp, -720(t5)
core   0: 3 0x8000b2d4 (0xd23f2823) mem 0x8000d000 0x00000001
core   0: 0x8000b2d8 (0xff9ff06f) j       pc - 0x8
core   0: 3 0x8000b2d8 (0xff9ff06f)
core   0: 0x8000b2d0 (0x00002f17) auipc   t5, 0x2
core   0: 3 0x8000b2d0 (0x00002f17) x30 0x8000d2d0
core   0: 0x8000b2d4 (0xd23f2823) sw      gp, -720(t5)
core   0: 3 0x8000b2d4 (0xd23f2823) mem 0x8000d000 0x00000001
core   0: 0x8000b2d8 (0xff9ff06f) j       pc - 0x8
core   0: 3 0x8000b2d8 (0xff9ff06f)
core   0: 0x8000b2d0 (0x00002f17) auipc   t5, 0x2
core   0: 3 0x8000b2d0 (0x00002f17) x30 0x8000d2d0
core   0: 0x8000b2d4 (0xd23f2823) sw      gp, -720(t5)
core   0: 3 0x8000b2d4 (0xd23f2823) mem 0x8000d000 0x00000001
core   0: 0x8000b2d8 (0xff9ff06f) j       pc - 0x8
core   0: 3 0x8000b2d8 (0xff9ff06f)
core   0: 0x8000b2d0 (0x00002f17) auipc   t5, 0x2
core   0: 3 0x8000b2d0 (0x00002f17) x30 0x8000d2d0
core   0: 0x8000b2d4 (0xd23f2823) sw      gp, -720(t5)
core   0: 3 0x8000b2d4 (0xd23f2823) mem 0x8000d000 0x00000001
core   0: 0x8000b2d8 (0xff9ff06f) j       pc - 0x8
core   0: 3 0x8000b2d8 (0xff9ff06f)
core   0: 0x8000b2d0 (0x00002f17) auipc   t5, 0x2
core   0: 3 0x8000b2d0 (0x00002f17) x30 0x8000d2d0
core   0: 0x8000b2d4 (0xd23f2823) sw      gp, -720(t5)
core   0: 3 0x8000b2d4 (0xd23f2823) mem 0x8000d000 0x00000001
core   0: 0x8000b2d8 (0xff9ff06f) j       pc - 0x8
core   0: 3 0x8000b2d8 (0xff9ff06f)
core   0: 0x8000b2d0 (0x00002f17) auipc   t5, 0x2
core   0: 3 0x8000b2d0 (0x00002f17) x30 0x8000d2d0
core   0: 0x8000b2d4 (0xd23f2823) sw      gp, -720(t5)
core   0: 3 0x8000b2d4 (0xd23f2823) mem 0x8000d000 0x00000001
core   0: 0x8000b2d8 (0xff9ff06f) j       pc - 0x8
core   0: 3 0x8000b2d8 (0xff9ff06f)
core   0: 0x8000b2d0 (0x00002f17) auipc   t5, 0x2
core   0: 3 0x8000b2d0 (0x00002f17) x30 0x8000d2d0
core   0: 0x8000b2d4 (0xd23f2823) sw      gp, -720(t5)
core   0: 3 0x8000b2d4 (0xd23f2823) mem 0x8000d000 0x00000001
core   0: 0x8000b2d8 (0xff9ff06f) j       pc - 0x8
core   0: 3 0x8000b2d8 (0xff9ff06f)
core   0: 0x8000b2d0 (0x00002f17) auipc   t5, 0x2
core   0: 3 0x8000b2d0 (0x00002f17) x30 0x8000d2d0
core   0: 0x8000b2d4 (0xd23f2823) sw      gp, -720(t5)
core   0: 3 0x8000b2d4 (0xd23f2823) mem 0x8000d000 0x00000001
core   0: 0x8000b2d8 (0xff9ff06f) j       pc - 0x8
core   0: 3 0x8000b2d8 (0xff9ff06f)
core   0: 0x8000b2d0 (0x00002f17) auipc   t5, 0x2
core   0: 3 0x8000b2d0 (0x00002f17) x30 0x8000d2d0
core   0: 0x8000b2d4 (0xd23f2823) sw      gp, -720(t5)
core   0: 3 0x8000b2d4 (0xd23f2823) mem 0x8000d000 0x00000001
core   0: 0x8000b2d8 (0xff9ff06f) j       pc - 0x8
core   0: 3 0x8000b2d8 (0xff9ff06f)
core   0: 0x8000b2d0 (0x00002f17) auipc   t5, 0x2
core   0: 3 0x8000b2d0 (0x00002f17) x30 0x8000d2d0
core   0: 0x8000b2d4 (0xd23f2823) sw      gp, -720(t5)
core   0: 3 0x8000b2d4 (0xd23f2823) mem 0x8000d000 0x00000001
core   0: 0x8000b2d8 (0xff9ff06f) j       pc - 0x8
core   0: 3 0x8000b2d8 (0xff9ff06f)
core   0: 0x8000b2d0 (0x00002f17) auipc   t5, 0x2
core   0: 3 0x8000b2d0 (0x00002f17) x30 0x8000d2d0
core   0: 0x8000b2d4 (0xd23f2823) sw      gp, -720(t5)
core   0: 3 0x8000b2d4 (0xd23f2823) mem 0x8000d000 0x00000001
core   0: 0x8000b2d8 (0xff9ff06f) j       pc - 0x8
core   0: 3 0x8000b2d8 (0xff9ff06f)
core   0: 0x8000b2d0 (0x00002f17) auipc   t5, 0x2
core   0: 3 0x8000b2d0 (0x00002f17) x30 0x8000d2d0
core   0: 0x8000b2d4 (0xd23f2823) sw      gp, -720(t5)
core   0: 3 0x8000b2d4 (0xd23f2823) mem 0x8000d000 0x00000001
core   0: 0x8000b2d8 (0xff9ff06f) j       pc - 0x8
core   0: 3 0x8000b2d8 (0xff9ff06f)
core   0: 0x8000b2d0 (0x00002f17) auipc   t5, 0x2
core   0: 3 0x8000b2d0 (0x00002f17) x30 0x8000d2d0
core   0: 0x8000b2d4 (0xd23f2823) sw      gp, -720(t5)
core   0: 3 0x8000b2d4 (0xd23f2823) mem 0x8000d000 0x00000001
core   0: 0x8000b2d8 (0xff9ff06f) j       pc - 0x8
core   0: 3 0x8000b2d8 (0xff9ff06f)
core   0: 0x8000b2d0 (0x00002f17) auipc   t5, 0x2
core   0: 3 0x8000b2d0 (0x00002f17) x30 0x8000d2d0
core   0: 0x8000b2d4 (0xd23f2823) sw      gp, -720(t5)
core   0: 3 0x8000b2d4 (0xd23f2823) mem 0x8000d000 0x00000001
core   0: 0x8000b2d8 (0xff9ff06f) j       pc - 0x8
core   0: 3 0x8000b2d8 (0xff9ff06f)
core   0: 0x8000b2d0 (0x00002f17) auipc   t5, 0x2
core   0: 3 0x8000b2d0 (0x00002f17) x30 0x8000d2d0
core   0: 0x8000b2d4 (0xd23f2823) sw      gp, -720(t5)
core   0: 3 0x8000b2d4 (0xd23f2823) mem 0x8000d000 0x00000001
core   0: 0x8000b2d8 (0xff9ff06f) j       pc - 0x8
core   0: 3 0x8000b2d8 (0xff9ff06f)
core   0: 0x8000b2d0 (0x00002f17) auipc   t5, 0x2
core   0: 3 0x8000b2d0 (0x00002f17) x30 0x8000d2d0
core   0: 0x8000b2d4 (0xd23f2823) sw      gp, -720(t5)
core   0: 3 0x8000b2d4 (0xd23f2823) mem 0x8000d000 0x00000001
core   0: 0x8000b2d8 (0xff9ff06f) j       pc - 0x8
core   0: 3 0x8000b2d8 (0xff9ff06f)
core   0: 0x8000b2d0 (0x00002f17) auipc   t5, 0x2
core   0: 3 0x8000b2d0 (0x00002f17) x30 0x8000d2d0
core   0: 0x8000b2d4 (0xd23f2823) sw      gp, -720(t5)
core   0: 3 0x8000b2d4 (0xd23f2823) mem 0x8000d000 0x00000001
core   0: 0x8000b2d8 (0xff9ff06f) j       pc - 0x8
core   0: 3 0x8000b2d8 (0xff9ff06f)
core   0: 0x8000b2d0 (0x00002f17) auipc   t5, 0x2
core   0: 3 0x8000b2d0 (0x00002f17) x30 0x8000d2d0
core   0: 0x8000b2d4 (0xd23f2823) sw      gp, -720(t5)
core   0: 3 0x8000b2d4 (0xd23f2823) mem 0x8000d000 0x00000001
core   0: 0x8000b2d8 (0xff9ff06f) j       pc - 0x8
core   0: 3 0x8000b2d8 (0xff9ff06f)
core   0: 0x8000b2d0 (0x00002f17) auipc   t5, 0x2
core   0: 3 0x8000b2d0 (0x00002f17) x30 0x8000d2d0
core   0: 0x8000b2d4 (0xd23f2823) sw      gp, -720(t5)
core   0: 3 0x8000b2d4 (0xd23f2823) mem 0x8000d000 0x00000001
core   0: 0x8000b2d8 (0xff9ff06f) j       pc - 0x8
core   0: 3 0x8000b2d8 (0xff9ff06f)
core   0: 0x8000b2d0 (0x00002f17) auipc   t5, 0x2
core   0: 3 0x8000b2d0 (0x00002f17) x30 0x8000d2d0
core   0: 0x8000b2d4 (0xd23f2823) sw      gp, -720(t5)
core   0: 3 0x8000b2d4 (0xd23f2823) mem 0x8000d000 0x00000001
core   0: 0x8000b2d8 (0xff9ff06f) j       pc - 0x8
core   0: 3 0x8000b2d8 (0xff9ff06f)
core   0: 0x8000b2d0 (0x00002f17) auipc   t5, 0x2
core   0: 3 0x8000b2d0 (0x00002f17) x30 0x8000d2d0
core   0: 0x8000b2d4 (0xd23f2823) sw      gp, -720(t5)
core   0: 3 0x8000b2d4 (0xd23f2823) mem 0x8000d000 0x00000001
core   0: 0x8000b2d8 (0xff9ff06f) j       pc - 0x8
core   0: 3 0x8000b2d8 (0xff9ff06f)
core   0: 0x8000b2d0 (0x00002f17) auipc   t5, 0x2
core   0: 3 0x8000b2d0 (0x00002f17) x30 0x8000d2d0
core   0: 0x8000b2d4 (0xd23f2823) sw      gp, -720(t5)
core   0: 3 0x8000b2d4 (0xd23f2823) mem 0x8000d000 0x00000001
core   0: 0x8000b2d8 (0xff9ff06f) j       pc - 0x8
core   0: 3 0x8000b2d8 (0xff9ff06f)
core   0: 0x8000b2d0 (0x00002f17) auipc   t5, 0x2
core   0: 3 0x8000b2d0 (0x00002f17) x30 0x8000d2d0
core   0: 0x8000b2d4 (0xd23f2823) sw      gp, -720(t5)
core   0: 3 0x8000b2d4 (0xd23f2823) mem 0x8000d000 0x00000001
core   0: 0x8000b2d8 (0xff9ff06f) j       pc - 0x8
core   0: 3 0x8000b2d8 (0xff9ff06f)
core   0: 0x8000b2d0 (0x00002f17) auipc   t5, 0x2
core   0: 3 0x8000b2d0 (0x00002f17) x30 0x8000d2d0
core   0: 0x8000b2d4 (0xd23f2823) sw      gp, -720(t5)
core   0: 3 0x8000b2d4 (0xd23f2823) mem 0x8000d000 0x00000001
core   0: 0x8000b2d8 (0xff9ff06f) j       pc - 0x8
core   0: 3 0x8000b2d8 (0xff9ff06f)
core   0: 0x8000b2d0 (0x00002f17) auipc   t5, 0x2
core   0: 3 0x8000b2d0 (0x00002f17) x30 0x8000d2d0
core   0: 0x8000b2d4 (0xd23f2823) sw      gp, -720(t5)
core   0: 3 0x8000b2d4 (0xd23f2823) mem 0x8000d000 0x00000001
core   0: 0x8000b2d8 (0xff9ff06f) j       pc - 0x8
core   0: 3 0x8000b2d8 (0xff9ff06f)
core   0: 0x8000b2d0 (0x00002f17) auipc   t5, 0x2
core   0: 3 0x8000b2d0 (0x00002f17) x30 0x8000d2d0
core   0: 0x8000b2d4 (0xd23f2823) sw      gp, -720(t5)
core   0: 3 0x8000b2d4 (0xd23f2823) mem 0x8000d000 0x00000001
core   0: 0x8000b2d8 (0xff9ff06f) j       pc - 0x8
core   0: 3 0x8000b2d8 (0xff9ff06f)
core   0: 0x8000b2d0 (0x00002f17) auipc   t5, 0x2
core   0: 3 0x8000b2d0 (0x00002f17) x30 0x8000d2d0
core   0: 0x8000b2d4 (0xd23f2823) sw      gp, -720(t5)
core   0: 3 0x8000b2d4 (0xd23f2823) mem 0x8000d000 0x00000001
core   0: 0x8000b2d8 (0xff9ff06f) j       pc - 0x8
core   0: 3 0x8000b2d8 (0xff9ff06f)
core   0: 0x8000b2d0 (0x00002f17) auipc   t5, 0x2
core   0: 3 0x8000b2d0 (0x00002f17) x30 0x8000d2d0
core   0: 0x8000b2d4 (0xd23f2823) sw      gp, -720(t5)
core   0: 3 0x8000b2d4 (0xd23f2823) mem 0x8000d000 0x00000001
core   0: 0x8000b2d8 (0xff9ff06f) j       pc - 0x8
core   0: 3 0x8000b2d8 (0xff9ff06f)
core   0: 0x8000b2d0 (0x00002f17) auipc   t5, 0x2
core   0: 3 0x8000b2d0 (0x00002f17) x30 0x8000d2d0
core   0: 0x8000b2d4 (0xd23f2823) sw      gp, -720(t5)
core   0: 3 0x8000b2d4 (0xd23f2823) mem 0x8000d000 0x00000001
core   0: 0x8000b2d8 (0xff9ff06f) j       pc - 0x8
core   0: 3 0x8000b2d8 (0xff9ff06f)
core   0: 0x8000b2d0 (0x00002f17) auipc   t5, 0x2
core   0: 3 0x8000b2d0 (0x00002f17) x30 0x8000d2d0
core   0: 0x8000b2d4 (0xd23f2823) sw      gp, -720(t5)
core   0: 3 0x8000b2d4 (0xd23f2823) mem 0x8000d000 0x00000001
core   0: 0x8000b2d8 (0xff9ff06f) j       pc - 0x8
core   0: 3 0x8000b2d8 (0xff9ff06f)
core   0: 0x8000b2d0 (0x00002f17) auipc   t5, 0x2
core   0: 3 0x8000b2d0 (0x00002f17) x30 0x8000d2d0
core   0: 0x8000b2d4 (0xd23f2823) sw      gp, -720(t5)
core   0: 3 0x8000b2d4 (0xd23f2823) mem 0x8000d000 0x00000001
core   0: 0x8000b2d8 (0xff9ff06f) j       pc - 0x8
core   0: 3 0x8000b2d8 (0xff9ff06f)
core   0: 0x8000b2d0 (0x00002f17) auipc   t5, 0x2
core   0: 3 0x8000b2d0 (0x00002f17) x30 0x8000d2d0
core   0: 0x8000b2d4 (0xd23f2823) sw      gp, -720(t5)
core   0: 3 0x8000b2d4 (0xd23f2823) mem 0x8000d000 0x00000001
core   0: 0x8000b2d8 (0xff9ff06f) j       pc - 0x8
core   0: 3 0x8000b2d8 (0xff9ff06f)
core   0: 0x8000b2d0 (0x00002f17) auipc   t5, 0x2
core   0: 3 0x8000b2d0 (0x00002f17) x30 0x8000d2d0
core   0: 0x8000b2d4 (0xd23f2823) sw      gp, -720(t5)
core   0: 3 0x8000b2d4 (0xd23f2823) mem 0x8000d000 0x00000001
core   0: 0x8000b2d8 (0xff9ff06f) j       pc - 0x8
core   0: 3 0x8000b2d8 (0xff9ff06f)
core   0: 0x8000b2d0 (0x00002f17) auipc   t5, 0x2
core   0: 3 0x8000b2d0 (0x00002f17) x30 0x8000d2d0
core   0: 0x8000b2d4 (0xd23f2823) sw      gp, -720(t5)
core   0: 3 0x8000b2d4 (0xd23f2823) mem 0x8000d000 0x00000001
core   0: 0x8000b2d8 (0xff9ff06f) j       pc - 0x8
core   0: 3 0x8000b2d8 (0xff9ff06f)
core   0: 0x8000b2d0 (0x00002f17) auipc   t5, 0x2
core   0: 3 0x8000b2d0 (0x00002f17) x30 0x8000d2d0
core   0: 0x8000b2d4 (0xd23f2823) sw      gp, -720(t5)
core   0: 3 0x8000b2d4 (0xd23f2823) mem 0x8000d000 0x00000001
core   0: 0x8000b2d8 (0xff9ff06f) j       pc - 0x8
core   0: 3 0x8000b2d8 (0xff9ff06f)
core   0: 0x8000b2d0 (0x00002f17) auipc   t5, 0x2
core   0: 3 0x8000b2d0 (0x00002f17) x30 0x8000d2d0
core   0: 0x8000b2d4 (0xd23f2823) sw      gp, -720(t5)
core   0: 3 0x8000b2d4 (0xd23f2823) mem 0x8000d000 0x00000001
core   0: 0x8000b2d8 (0xff9ff06f) j       pc - 0x8
core   0: 3 0x8000b2d8 (0xff9ff06f)
core   0: 0x8000b2d0 (0x00002f17) auipc   t5, 0x2
core   0: 3 0x8000b2d0 (0x00002f17) x30 0x8000d2d0
core   0: 0x8000b2d4 (0xd23f2823) sw      gp, -720(t5)
core   0: 3 0x8000b2d4 (0xd23f2823) mem 0x8000d000 0x00000001
core   0: 0x8000b2d8 (0xff9ff06f) j       pc - 0x8
core   0: 3 0x8000b2d8 (0xff9ff06f)
core   0: 0x8000b2d0 (0x00002f17) auipc   t5, 0x2
core   0: 3 0x8000b2d0 (0x00002f17) x30 0x8000d2d0
core   0: 0x8000b2d4 (0xd23f2823) sw      gp, -720(t5)
core   0: 3 0x8000b2d4 (0xd23f2823) mem 0x8000d000 0x00000001
core   0: 0x8000b2d8 (0xff9ff06f) j       pc - 0x8
core   0: 3 0x8000b2d8 (0xff9ff06f)
core   0: 0x8000b2d0 (0x00002f17) auipc   t5, 0x2
core   0: 3 0x8000b2d0 (0x00002f17) x30 0x8000d2d0
core   0: 0x8000b2d4 (0xd23f2823) sw      gp, -720(t5)
core   0: 3 0x8000b2d4 (0xd23f2823) mem 0x8000d000 0x00000001
core   0: 0x8000b2d8 (0xff9ff06f) j       pc - 0x8
core   0: 3 0x8000b2d8 (0xff9ff06f)
core   0: 0x8000b2d0 (0x00002f17) auipc   t5, 0x2
core   0: 3 0x8000b2d0 (0x00002f17) x30 0x8000d2d0
core   0: 0x8000b2d4 (0xd23f2823) sw      gp, -720(t5)
core   0: 3 0x8000b2d4 (0xd23f2823) mem 0x8000d000 0x00000001
core   0: 0x8000b2d8 (0xff9ff06f) j       pc - 0x8
core   0: 3 0x8000b2d8 (0xff9ff06f)
core   0: 0x8000b2d0 (0x00002f17) auipc   t5, 0x2
core   0: 3 0x8000b2d0 (0x00002f17) x30 0x8000d2d0
core   0: 0x8000b2d4 (0xd23f2823) sw      gp, -720(t5)
core   0: 3 0x8000b2d4 (0xd23f2823) mem 0x8000d000 0x00000001
core   0: 0x8000b2d8 (0xff9ff06f) j       pc - 0x8
core   0: 3 0x8000b2d8 (0xff9ff06f)
core   0: 0x8000b2d0 (0x00002f17) auipc   t5, 0x2
core   0: 3 0x8000b2d0 (0x00002f17) x30 0x8000d2d0
core   0: 0x8000b2d4 (0xd23f2823) sw      gp, -720(t5)
core   0: 3 0x8000b2d4 (0xd23f2823) mem 0x8000d000 0x00000001
core   0: 0x8000b2d8 (0xff9ff06f) j       pc - 0x8
core   0: 3 0x8000b2d8 (0xff9ff06f)
core   0: 0x8000b2d0 (0x00002f17) auipc   t5, 0x2
core   0: 3 0x8000b2d0 (0x00002f17) x30 0x8000d2d0
core   0: 0x8000b2d4 (0xd23f2823) sw      gp, -720(t5)
core   0: 3 0x8000b2d4 (0xd23f2823) mem 0x8000d000 0x00000001
core   0: 0x8000b2d8 (0xff9ff06f) j       pc - 0x8
core   0: 3 0x8000b2d8 (0xff9ff06f)
core   0: 0x8000b2d0 (0x00002f17) auipc   t5, 0x2
core   0: 3 0x8000b2d0 (0x00002f17) x30 0x8000d2d0
core   0: 0x8000b2d4 (0xd23f2823) sw      gp, -720(t5)
core   0: 3 0x8000b2d4 (0xd23f2823) mem 0x8000d000 0x00000001
core   0: 0x8000b2d8 (0xff9ff06f) j       pc - 0x8
core   0: 3 0x8000b2d8 (0xff9ff06f)
core   0: 0x8000b2d0 (0x00002f17) auipc   t5, 0x2
core   0: 3 0x8000b2d0 (0x00002f17) x30 0x8000d2d0
core   0: 0x8000b2d4 (0xd23f2823) sw      gp, -720(t5)
core   0: 3 0x8000b2d4 (0xd23f2823) mem 0x8000d000 0x00000001
core   0: 0x8000b2d8 (0xff9ff06f) j       pc - 0x8
core   0: 3 0x8000b2d8 (0xff9ff06f)
core   0: 0x8000b2d0 (0x00002f17) auipc   t5, 0x2
core   0: 3 0x8000b2d0 (0x00002f17) x30 0x8000d2d0
core   0: 0x8000b2d4 (0xd23f2823) sw      gp, -720(t5)
core   0: 3 0x8000b2d4 (0xd23f2823) mem 0x8000d000 0x00000001
core   0: 0x8000b2d8 (0xff9ff06f) j       pc - 0x8
core   0: 3 0x8000b2d8 (0xff9ff06f)
core   0: 0x8000b2d0 (0x00002f17) auipc   t5, 0x2
core   0: 3 0x8000b2d0 (0x00002f17) x30 0x8000d2d0
core   0: 0x8000b2d4 (0xd23f2823) sw      gp, -720(t5)
core   0: 3 0x8000b2d4 (0xd23f2823) mem 0x8000d000 0x00000001
core   0: 0x8000b2d8 (0xff9ff06f) j       pc - 0x8
core   0: 3 0x8000b2d8 (0xff9ff06f)
core   0: 0x8000b2d0 (0x00002f17) auipc   t5, 0x2
core   0: 3 0x8000b2d0 (0x00002f17) x30 0x8000d2d0
core   0: 0x8000b2d4 (0xd23f2823) sw      gp, -720(t5)
core   0: 3 0x8000b2d4 (0xd23f2823) mem 0x8000d000 0x00000001
core   0: 0x8000b2d8 (0xff9ff06f) j       pc - 0x8
core   0: 3 0x8000b2d8 (0xff9ff06f)
core   0: 0x8000b2d0 (0x00002f17) auipc   t5, 0x2
core   0: 3 0x8000b2d0 (0x00002f17) x30 0x8000d2d0
core   0: 0x8000b2d4 (0xd23f2823) sw      gp, -720(t5)
core   0: 3 0x8000b2d4 (0xd23f2823) mem 0x8000d000 0x00000001
core   0: 0x8000b2d8 (0xff9ff06f) j       pc - 0x8
core   0: 3 0x8000b2d8 (0xff9ff06f)
core   0: 0x8000b2d0 (0x00002f17) auipc   t5, 0x2
core   0: 3 0x8000b2d0 (0x00002f17) x30 0x8000d2d0
core   0: 0x8000b2d4 (0xd23f2823) sw      gp, -720(t5)
core   0: 3 0x8000b2d4 (0xd23f2823) mem 0x8000d000 0x00000001
core   0: 0x8000b2d8 (0xff9ff06f) j       pc - 0x8
core   0: 3 0x8000b2d8 (0xff9ff06f)
core   0: 0x8000b2d0 (0x00002f17) auipc   t5, 0x2
core   0: 3 0x8000b2d0 (0x00002f17) x30 0x8000d2d0
core   0: 0x8000b2d4 (0xd23f2823) sw      gp, -720(t5)
core   0: 3 0x8000b2d4 (0xd23f2823) mem 0x8000d000 0x00000001
core   0: 0x8000b2d8 (0xff9ff06f) j       pc - 0x8
core   0: 3 0x8000b2d8 (0xff9ff06f)
core   0: 0x8000b2d0 (0x00002f17) auipc   t5, 0x2
core   0: 3 0x8000b2d0 (0x00002f17) x30 0x8000d2d0
core   0: 0x8000b2d4 (0xd23f2823) sw      gp, -720(t5)
core   0: 3 0x8000b2d4 (0xd23f2823) mem 0x8000d000 0x00000001
core   0: 0x8000b2d8 (0xff9ff06f) j       pc - 0x8
core   0: 3 0x8000b2d8 (0xff9ff06f)
core   0: 0x8000b2d0 (0x00002f17) auipc   t5, 0x2
core   0: 3 0x8000b2d0 (0x00002f17) x30 0x8000d2d0
core   0: 0x8000b2d4 (0xd23f2823) sw      gp, -720(t5)
core   0: 3 0x8000b2d4 (0xd23f2823) mem 0x8000d000 0x00000001
core   0: 0x8000b2d8 (0xff9ff06f) j       pc - 0x8
core   0: 3 0x8000b2d8 (0xff9ff06f)
core   0: 0x8000b2d0 (0x00002f17) auipc   t5, 0x2
core   0: 3 0x8000b2d0 (0x00002f17) x30 0x8000d2d0
core   0: 0x8000b2d4 (0xd23f2823) sw      gp, -720(t5)
core   0: 3 0x8000b2d4 (0xd23f2823) mem 0x8000d000 0x00000001
core   0: 0x8000b2d8 (0xff9ff06f) j       pc - 0x8
core   0: 3 0x8000b2d8 (0xff9ff06f)
core   0: 0x8000b2d0 (0x00002f17) auipc   t5, 0x2
core   0: 3 0x8000b2d0 (0x00002f17) x30 0x8000d2d0
core   0: 0x8000b2d4 (0xd23f2823) sw      gp, -720(t5)
core   0: 3 0x8000b2d4 (0xd23f2823) mem 0x8000d000 0x00000001
core   0: 0x8000b2d8 (0xff9ff06f) j       pc - 0x8
core   0: 3 0x8000b2d8 (0xff9ff06f)
core   0: 0x8000b2d0 (0x00002f17) auipc   t5, 0x2
core   0: 3 0x8000b2d0 (0x00002f17) x30 0x8000d2d0
core   0: 0x8000b2d4 (0xd23f2823) sw      gp, -720(t5)
core   0: 3 0x8000b2d4 (0xd23f2823) mem 0x8000d000 0x00000001
core   0: 0x8000b2d8 (0xff9ff06f) j       pc - 0x8
core   0: 3 0x8000b2d8 (0xff9ff06f)
core   0: 0x8000b2d0 (0x00002f17) auipc   t5, 0x2
core   0: 3 0x8000b2d0 (0x00002f17) x30 0x8000d2d0
core   0: 0x8000b2d4 (0xd23f2823) sw      gp, -720(t5)
core   0: 3 0x8000b2d4 (0xd23f2823) mem 0x8000d000 0x00000001
core   0: 0x8000b2d8 (0xff9ff06f) j       pc - 0x8
core   0: 3 0x8000b2d8 (0xff9ff06f)
core   0: 0x8000b2d0 (0x00002f17) auipc   t5, 0x2
core   0: 3 0x8000b2d0 (0x00002f17) x30 0x8000d2d0
core   0: 0x8000b2d4 (0xd23f2823) sw      gp, -720(t5)
core   0: 3 0x8000b2d4 (0xd23f2823) mem 0x8000d000 0x00000001
core   0: 0x8000b2d8 (0xff9ff06f) j       pc - 0x8
core   0: 3 0x8000b2d8 (0xff9ff06f)
core   0: 0x8000b2d0 (0x00002f17) auipc   t5, 0x2
core   0: 3 0x8000b2d0 (0x00002f17) x30 0x8000d2d0
core   0: 0x8000b2d4 (0xd23f2823) sw      gp, -720(t5)
core   0: 3 0x8000b2d4 (0xd23f2823) mem 0x8000d000 0x00000001
core   0: 0x8000b2d8 (0xff9ff06f) j       pc - 0x8
core   0: 3 0x8000b2d8 (0xff9ff06f)
core   0: 0x8000b2d0 (0x00002f17) auipc   t5, 0x2
core   0: 3 0x8000b2d0 (0x00002f17) x30 0x8000d2d0
core   0: 0x8000b2d4 (0xd23f2823) sw      gp, -720(t5)
core   0: 3 0x8000b2d4 (0xd23f2823) mem 0x8000d000 0x00000001
core   0: 0x8000b2d8 (0xff9ff06f) j       pc - 0x8
core   0: 3 0x8000b2d8 (0xff9ff06f)
core   0: 0x8000b2d0 (0x00002f17) auipc   t5, 0x2
core   0: 3 0x8000b2d0 (0x00002f17) x30 0x8000d2d0
core   0: 0x8000b2d4 (0xd23f2823) sw      gp, -720(t5)
core   0: 3 0x8000b2d4 (0xd23f2823) mem 0x8000d000 0x00000001
core   0: 0x8000b2d8 (0xff9ff06f) j       pc - 0x8
core   0: 3 0x8000b2d8 (0xff9ff06f)
core   0: 0x8000b2d0 (0x00002f17) auipc   t5, 0x2
core   0: 3 0x8000b2d0 (0x00002f17) x30 0x8000d2d0
core   0: 0x8000b2d4 (0xd23f2823) sw      gp, -720(t5)
core   0: 3 0x8000b2d4 (0xd23f2823) mem 0x8000d000 0x00000001
core   0: 0x8000b2d8 (0xff9ff06f) j       pc - 0x8
core   0: 3 0x8000b2d8 (0xff9ff06f)
core   0: 0x8000b2d0 (0x00002f17) auipc   t5, 0x2
core   0: 3 0x8000b2d0 (0x00002f17) x30 0x8000d2d0
core   0: 0x8000b2d4 (0xd23f2823) sw      gp, -720(t5)
core   0: 3 0x8000b2d4 (0xd23f2823) mem 0x8000d000 0x00000001
core   0: 0x8000b2d8 (0xff9ff06f) j       pc - 0x8
core   0: 3 0x8000b2d8 (0xff9ff06f)
core   0: 0x8000b2d0 (0x00002f17) auipc   t5, 0x2
core   0: 3 0x8000b2d0 (0x00002f17) x30 0x8000d2d0
core   0: 0x8000b2d4 (0xd23f2823) sw      gp, -720(t5)
core   0: 3 0x8000b2d4 (0xd23f2823) mem 0x8000d000 0x00000001
core   0: 0x8000b2d8 (0xff9ff06f) j       pc - 0x8
core   0: 3 0x8000b2d8 (0xff9ff06f)
core   0: 0x8000b2d0 (0x00002f17) auipc   t5, 0x2
core   0: 3 0x8000b2d0 (0x00002f17) x30 0x8000d2d0
core   0: 0x8000b2d4 (0xd23f2823) sw      gp, -720(t5)
core   0: 3 0x8000b2d4 (0xd23f2823) mem 0x8000d000 0x00000001
core   0: 0x8000b2d8 (0xff9ff06f) j       pc - 0x8
core   0: 3 0x8000b2d8 (0xff9ff06f)
core   0: 0x8000b2d0 (0x00002f17) auipc   t5, 0x2
core   0: 3 0x8000b2d0 (0x00002f17) x30 0x8000d2d0
core   0: 0x8000b2d4 (0xd23f2823) sw      gp, -720(t5)
core   0: 3 0x8000b2d4 (0xd23f2823) mem 0x8000d000 0x00000001
core   0: 0x8000b2d8 (0xff9ff06f) j       pc - 0x8
core   0: 3 0x8000b2d8 (0xff9ff06f)
core   0: 0x8000b2d0 (0x00002f17) auipc   t5, 0x2
core   0: 3 0x8000b2d0 (0x00002f17) x30 0x8000d2d0
core   0: 0x8000b2d4 (0xd23f2823) sw      gp, -720(t5)
core   0: 3 0x8000b2d4 (0xd23f2823) mem 0x8000d000 0x00000001
core   0: 0x8000b2d8 (0xff9ff06f) j       pc - 0x8
core   0: 3 0x8000b2d8 (0xff9ff06f)
core   0: 0x8000b2d0 (0x00002f17) auipc   t5, 0x2
core   0: 3 0x8000b2d0 (0x00002f17) x30 0x8000d2d0
core   0: 0x8000b2d4 (0xd23f2823) sw      gp, -720(t5)
core   0: 3 0x8000b2d4 (0xd23f2823) mem 0x8000d000 0x00000001
core   0: 0x8000b2d8 (0xff9ff06f) j       pc - 0x8
core   0: 3 0x8000b2d8 (0xff9ff06f)
core   0: 0x8000b2d0 (0x00002f17) auipc   t5, 0x2
core   0: 3 0x8000b2d0 (0x00002f17) x30 0x8000d2d0
core   0: 0x8000b2d4 (0xd23f2823) sw      gp, -720(t5)
core   0: 3 0x8000b2d4 (0xd23f2823) mem 0x8000d000 0x00000001
core   0: 0x8000b2d8 (0xff9ff06f) j       pc - 0x8
core   0: 3 0x8000b2d8 (0xff9ff06f)
core   0: 0x8000b2d0 (0x00002f17) auipc   t5, 0x2
core   0: 3 0x8000b2d0 (0x00002f17) x30 0x8000d2d0
core   0: 0x8000b2d4 (0xd23f2823) sw      gp, -720(t5)
core   0: 3 0x8000b2d4 (0xd23f2823) mem 0x8000d000 0x00000001
core   0: 0x8000b2d8 (0xff9ff06f) j       pc - 0x8
core   0: 3 0x8000b2d8 (0xff9ff06f)
core   0: 0x8000b2d0 (0x00002f17) auipc   t5, 0x2
core   0: 3 0x8000b2d0 (0x00002f17) x30 0x8000d2d0
core   0: 0x8000b2d4 (0xd23f2823) sw      gp, -720(t5)
core   0: 3 0x8000b2d4 (0xd23f2823) mem 0x8000d000 0x00000001
core   0: 0x8000b2d8 (0xff9ff06f) j       pc - 0x8
core   0: 3 0x8000b2d8 (0xff9ff06f)
core   0: 0x8000b2d0 (0x00002f17) auipc   t5, 0x2
core   0: 3 0x8000b2d0 (0x00002f17) x30 0x8000d2d0
core   0: 0x8000b2d4 (0xd23f2823) sw      gp, -720(t5)
core   0: 3 0x8000b2d4 (0xd23f2823) mem 0x8000d000 0x00000001
core   0: 0x8000b2d8 (0xff9ff06f) j       pc - 0x8
core   0: 3 0x8000b2d8 (0xff9ff06f)
core   0: 0x8000b2d0 (0x00002f17) auipc   t5, 0x2
core   0: 3 0x8000b2d0 (0x00002f17) x30 0x8000d2d0
core   0: 0x8000b2d4 (0xd23f2823) sw      gp, -720(t5)
core   0: 3 0x8000b2d4 (0xd23f2823) mem 0x8000d000 0x00000001
core   0: 0x8000b2d8 (0xff9ff06f) j       pc - 0x8
core   0: 3 0x8000b2d8 (0xff9ff06f)
core   0: 0x8000b2d0 (0x00002f17) auipc   t5, 0x2
core   0: 3 0x8000b2d0 (0x00002f17) x30 0x8000d2d0
core   0: 0x8000b2d4 (0xd23f2823) sw      gp, -720(t5)
core   0: 3 0x8000b2d4 (0xd23f2823) mem 0x8000d000 0x00000001
core   0: 0x8000b2d8 (0xff9ff06f) j       pc - 0x8
core   0: 3 0x8000b2d8 (0xff9ff06f)
core   0: 0x8000b2d0 (0x00002f17) auipc   t5, 0x2
core   0: 3 0x8000b2d0 (0x00002f17) x30 0x8000d2d0
core   0: 0x8000b2d4 (0xd23f2823) sw      gp, -720(t5)
core   0: 3 0x8000b2d4 (0xd23f2823) mem 0x8000d000 0x00000001
core   0: 0x8000b2d8 (0xff9ff06f) j       pc - 0x8
core   0: 3 0x8000b2d8 (0xff9ff06f)
core   0: 0x8000b2d0 (0x00002f17) auipc   t5, 0x2
core   0: 3 0x8000b2d0 (0x00002f17) x30 0x8000d2d0
core   0: 0x8000b2d4 (0xd23f2823) sw      gp, -720(t5)
core   0: 3 0x8000b2d4 (0xd23f2823) mem 0x8000d000 0x00000001
core   0: 0x8000b2d8 (0xff9ff06f) j       pc - 0x8
core   0: 3 0x8000b2d8 (0xff9ff06f)
core   0: 0x8000b2d0 (0x00002f17) auipc   t5, 0x2
core   0: 3 0x8000b2d0 (0x00002f17) x30 0x8000d2d0
core   0: 0x8000b2d4 (0xd23f2823) sw      gp, -720(t5)
core   0: 3 0x8000b2d4 (0xd23f2823) mem 0x8000d000 0x00000001
core   0: 0x8000b2d8 (0xff9ff06f) j       pc - 0x8
core   0: 3 0x8000b2d8 (0xff9ff06f)
core   0: 0x8000b2d0 (0x00002f17) auipc   t5, 0x2
core   0: 3 0x8000b2d0 (0x00002f17) x30 0x8000d2d0
core   0: 0x8000b2d4 (0xd23f2823) sw      gp, -720(t5)
core   0: 3 0x8000b2d4 (0xd23f2823) mem 0x8000d000 0x00000001
core   0: 0x8000b2d8 (0xff9ff06f) j       pc - 0x8
core   0: 3 0x8000b2d8 (0xff9ff06f)
core   0: 0x8000b2d0 (0x00002f17) auipc   t5, 0x2
core   0: 3 0x8000b2d0 (0x00002f17) x30 0x8000d2d0
core   0: 0x8000b2d4 (0xd23f2823) sw      gp, -720(t5)
core   0: 3 0x8000b2d4 (0xd23f2823) mem 0x8000d000 0x00000001
core   0: 0x8000b2d8 (0xff9ff06f) j       pc - 0x8
core   0: 3 0x8000b2d8 (0xff9ff06f)
core   0: 0x8000b2d0 (0x00002f17) auipc   t5, 0x2
core   0: 3 0x8000b2d0 (0x00002f17) x30 0x8000d2d0
core   0: 0x8000b2d4 (0xd23f2823) sw      gp, -720(t5)
core   0: 3 0x8000b2d4 (0xd23f2823) mem 0x8000d000 0x00000001
core   0: 0x8000b2d8 (0xff9ff06f) j       pc - 0x8
core   0: 3 0x8000b2d8 (0xff9ff06f)
core   0: 0x8000b2d0 (0x00002f17) auipc   t5, 0x2
core   0: 3 0x8000b2d0 (0x00002f17) x30 0x8000d2d0
core   0: 0x8000b2d4 (0xd23f2823) sw      gp, -720(t5)
core   0: 3 0x8000b2d4 (0xd23f2823) mem 0x8000d000 0x00000001
core   0: 0x8000b2d8 (0xff9ff06f) j       pc - 0x8
core   0: 3 0x8000b2d8 (0xff9ff06f)
core   0: 0x8000b2d0 (0x00002f17) auipc   t5, 0x2
core   0: 3 0x8000b2d0 (0x00002f17) x30 0x8000d2d0
core   0: 0x8000b2d4 (0xd23f2823) sw      gp, -720(t5)
core   0: 3 0x8000b2d4 (0xd23f2823) mem 0x8000d000 0x00000001
core   0: 0x8000b2d8 (0xff9ff06f) j       pc - 0x8
core   0: 3 0x8000b2d8 (0xff9ff06f)
core   0: 0x8000b2d0 (0x00002f17) auipc   t5, 0x2
core   0: 3 0x8000b2d0 (0x00002f17) x30 0x8000d2d0
core   0: 0x8000b2d4 (0xd23f2823) sw      gp, -720(t5)
core   0: 3 0x8000b2d4 (0xd23f2823) mem 0x8000d000 0x00000001
core   0: 0x8000b2d8 (0xff9ff06f) j       pc - 0x8
core   0: 3 0x8000b2d8 (0xff9ff06f)
core   0: 0x8000b2d0 (0x00002f17) auipc   t5, 0x2
core   0: 3 0x8000b2d0 (0x00002f17) x30 0x8000d2d0
core   0: 0x8000b2d4 (0xd23f2823) sw      gp, -720(t5)
core   0: 3 0x8000b2d4 (0xd23f2823) mem 0x8000d000 0x00000001
core   0: 0x8000b2d8 (0xff9ff06f) j       pc - 0x8
core   0: 3 0x8000b2d8 (0xff9ff06f)
core   0: 0x8000b2d0 (0x00002f17) auipc   t5, 0x2
core   0: 3 0x8000b2d0 (0x00002f17) x30 0x8000d2d0
core   0: 0x8000b2d4 (0xd23f2823) sw      gp, -720(t5)
core   0: 3 0x8000b2d4 (0xd23f2823) mem 0x8000d000 0x00000001
core   0: 0x8000b2d8 (0xff9ff06f) j       pc - 0x8
core   0: 3 0x8000b2d8 (0xff9ff06f)
core   0: 0x8000b2d0 (0x00002f17) auipc   t5, 0x2
core   0: 3 0x8000b2d0 (0x00002f17) x30 0x8000d2d0
core   0: 0x8000b2d4 (0xd23f2823) sw      gp, -720(t5)
core   0: 3 0x8000b2d4 (0xd23f2823) mem 0x8000d000 0x00000001
core   0: 0x8000b2d8 (0xff9ff06f) j       pc - 0x8
core   0: 3 0x8000b2d8 (0xff9ff06f)
core   0: 0x8000b2d0 (0x00002f17) auipc   t5, 0x2
core   0: 3 0x8000b2d0 (0x00002f17) x30 0x8000d2d0
core   0: 0x8000b2d4 (0xd23f2823) sw      gp, -720(t5)
core   0: 3 0x8000b2d4 (0xd23f2823) mem 0x8000d000 0x00000001
core   0: 0x8000b2d8 (0xff9ff06f) j       pc - 0x8
core   0: 3 0x8000b2d8 (0xff9ff06f)
core   0: 0x8000b2d0 (0x00002f17) auipc   t5, 0x2
core   0: 3 0x8000b2d0 (0x00002f17) x30 0x8000d2d0
core   0: 0x8000b2d4 (0xd23f2823) sw      gp, -720(t5)
core   0: 3 0x8000b2d4 (0xd23f2823) mem 0x8000d000 0x00000001
core   0: 0x8000b2d8 (0xff9ff06f) j       pc - 0x8
core   0: 3 0x8000b2d8 (0xff9ff06f)
core   0: 0x8000b2d0 (0x00002f17) auipc   t5, 0x2
core   0: 3 0x8000b2d0 (0x00002f17) x30 0x8000d2d0
core   0: 0x8000b2d4 (0xd23f2823) sw      gp, -720(t5)
core   0: 3 0x8000b2d4 (0xd23f2823) mem 0x8000d000 0x00000001
core   0: 0x8000b2d8 (0xff9ff06f) j       pc - 0x8
core   0: 3 0x8000b2d8 (0xff9ff06f)
core   0: 0x8000b2d0 (0x00002f17) auipc   t5, 0x2
core   0: 3 0x8000b2d0 (0x00002f17) x30 0x8000d2d0
core   0: 0x8000b2d4 (0xd23f2823) sw      gp, -720(t5)
core   0: 3 0x8000b2d4 (0xd23f2823) mem 0x8000d000 0x00000001
core   0: 0x8000b2d8 (0xff9ff06f) j       pc - 0x8
core   0: 3 0x8000b2d8 (0xff9ff06f)
core   0: 0x8000b2d0 (0x00002f17) auipc   t5, 0x2
core   0: 3 0x8000b2d0 (0x00002f17) x30 0x8000d2d0
core   0: 0x8000b2d4 (0xd23f2823) sw      gp, -720(t5)
core   0: 3 0x8000b2d4 (0xd23f2823) mem 0x8000d000 0x00000001
core   0: 0x8000b2d8 (0xff9ff06f) j       pc - 0x8
core   0: 3 0x8000b2d8 (0xff9ff06f)
core   0: 0x8000b2d0 (0x00002f17) auipc   t5, 0x2
core   0: 3 0x8000b2d0 (0x00002f17) x30 0x8000d2d0
core   0: 0x8000b2d4 (0xd23f2823) sw      gp, -720(t5)
core   0: 3 0x8000b2d4 (0xd23f2823) mem 0x8000d000 0x00000001
core   0: 0x8000b2d8 (0xff9ff06f) j       pc - 0x8
core   0: 3 0x8000b2d8 (0xff9ff06f)
core   0: 0x8000b2d0 (0x00002f17) auipc   t5, 0x2
core   0: 3 0x8000b2d0 (0x00002f17) x30 0x8000d2d0
core   0: 0x8000b2d4 (0xd23f2823) sw      gp, -720(t5)
core   0: 3 0x8000b2d4 (0xd23f2823) mem 0x8000d000 0x00000001
core   0: 0x8000b2d8 (0xff9ff06f) j       pc - 0x8
core   0: 3 0x8000b2d8 (0xff9ff06f)
core   0: 0x8000b2d0 (0x00002f17) auipc   t5, 0x2
core   0: 3 0x8000b2d0 (0x00002f17) x30 0x8000d2d0
core   0: 0x8000b2d4 (0xd23f2823) sw      gp, -720(t5)
core   0: 3 0x8000b2d4 (0xd23f2823) mem 0x8000d000 0x00000001
core   0: 0x8000b2d8 (0xff9ff06f) j       pc - 0x8
core   0: 3 0x8000b2d8 (0xff9ff06f)
core   0: 0x8000b2d0 (0x00002f17) auipc   t5, 0x2
core   0: 3 0x8000b2d0 (0x00002f17) x30 0x8000d2d0
core   0: 0x8000b2d4 (0xd23f2823) sw      gp, -720(t5)
core   0: 3 0x8000b2d4 (0xd23f2823) mem 0x8000d000 0x00000001
core   0: 0x8000b2d8 (0xff9ff06f) j       pc - 0x8
core   0: 3 0x8000b2d8 (0xff9ff06f)
core   0: 0x8000b2d0 (0x00002f17) auipc   t5, 0x2
core   0: 3 0x8000b2d0 (0x00002f17) x30 0x8000d2d0
core   0: 0x8000b2d4 (0xd23f2823) sw      gp, -720(t5)
core   0: 3 0x8000b2d4 (0xd23f2823) mem 0x8000d000 0x00000001
core   0: 0x8000b2d8 (0xff9ff06f) j       pc - 0x8
core   0: 3 0x8000b2d8 (0xff9ff06f)
core   0: 0x8000b2d0 (0x00002f17) auipc   t5, 0x2
core   0: 3 0x8000b2d0 (0x00002f17) x30 0x8000d2d0
core   0: 0x8000b2d4 (0xd23f2823) sw      gp, -720(t5)
core   0: 3 0x8000b2d4 (0xd23f2823) mem 0x8000d000 0x00000001
core   0: 0x8000b2d8 (0xff9ff06f) j       pc - 0x8
core   0: 3 0x8000b2d8 (0xff9ff06f)
core   0: 0x8000b2d0 (0x00002f17) auipc   t5, 0x2
core   0: 3 0x8000b2d0 (0x00002f17) x30 0x8000d2d0
core   0: 0x8000b2d4 (0xd23f2823) sw      gp, -720(t5)
core   0: 3 0x8000b2d4 (0xd23f2823) mem 0x8000d000 0x00000001
core   0: 0x8000b2d8 (0xff9ff06f) j       pc - 0x8
core   0: 3 0x8000b2d8 (0xff9ff06f)
core   0: 0x8000b2d0 (0x00002f17) auipc   t5, 0x2
core   0: 3 0x8000b2d0 (0x00002f17) x30 0x8000d2d0
core   0: 0x8000b2d4 (0xd23f2823) sw      gp, -720(t5)
core   0: 3 0x8000b2d4 (0xd23f2823) mem 0x8000d000 0x00000001
core   0: 0x8000b2d8 (0xff9ff06f) j       pc - 0x8
core   0: 3 0x8000b2d8 (0xff9ff06f)
core   0: 0x8000b2d0 (0x00002f17) auipc   t5, 0x2
core   0: 3 0x8000b2d0 (0x00002f17) x30 0x8000d2d0
core   0: 0x8000b2d4 (0xd23f2823) sw      gp, -720(t5)
core   0: 3 0x8000b2d4 (0xd23f2823) mem 0x8000d000 0x00000001
core   0: 0x8000b2d8 (0xff9ff06f) j       pc - 0x8
core   0: 3 0x8000b2d8 (0xff9ff06f)
core   0: 0x8000b2d0 (0x00002f17) auipc   t5, 0x2
core   0: 3 0x8000b2d0 (0x00002f17) x30 0x8000d2d0
core   0: 0x8000b2d4 (0xd23f2823) sw      gp, -720(t5)
core   0: 3 0x8000b2d4 (0xd23f2823) mem 0x8000d000 0x00000001
core   0: 0x8000b2d8 (0xff9ff06f) j       pc - 0x8
core   0: 3 0x8000b2d8 (0xff9ff06f)
core   0: 0x8000b2d0 (0x00002f17) auipc   t5, 0x2
core   0: 3 0x8000b2d0 (0x00002f17) x30 0x8000d2d0
core   0: 0x8000b2d4 (0xd23f2823) sw      gp, -720(t5)
core   0: 3 0x8000b2d4 (0xd23f2823) mem 0x8000d000 0x00000001
core   0: 0x8000b2d8 (0xff9ff06f) j       pc - 0x8
core   0: 3 0x8000b2d8 (0xff9ff06f)
core   0: 0x8000b2d0 (0x00002f17) auipc   t5, 0x2
core   0: 3 0x8000b2d0 (0x00002f17) x30 0x8000d2d0
core   0: 0x8000b2d4 (0xd23f2823) sw      gp, -720(t5)
core   0: 3 0x8000b2d4 (0xd23f2823) mem 0x8000d000 0x00000001
core   0: 0x8000b2d8 (0xff9ff06f) j       pc - 0x8
core   0: 3 0x8000b2d8 (0xff9ff06f)
core   0: 0x8000b2d0 (0x00002f17) auipc   t5, 0x2
core   0: 3 0x8000b2d0 (0x00002f17) x30 0x8000d2d0
core   0: 0x8000b2d4 (0xd23f2823) sw      gp, -720(t5)
core   0: 3 0x8000b2d4 (0xd23f2823) mem 0x8000d000 0x00000001
core   0: 0x8000b2d8 (0xff9ff06f) j       pc - 0x8
core   0: 3 0x8000b2d8 (0xff9ff06f)
core   0: 0x8000b2d0 (0x00002f17) auipc   t5, 0x2
core   0: 3 0x8000b2d0 (0x00002f17) x30 0x8000d2d0
core   0: 0x8000b2d4 (0xd23f2823) sw      gp, -720(t5)
core   0: 3 0x8000b2d4 (0xd23f2823) mem 0x8000d000 0x00000001
core   0: 0x8000b2d8 (0xff9ff06f) j       pc - 0x8
core   0: 3 0x8000b2d8 (0xff9ff06f)
core   0: 0x8000b2d0 (0x00002f17) auipc   t5, 0x2
core   0: 3 0x8000b2d0 (0x00002f17) x30 0x8000d2d0
core   0: 0x8000b2d4 (0xd23f2823) sw      gp, -720(t5)
core   0: 3 0x8000b2d4 (0xd23f2823) mem 0x8000d000 0x00000001
core   0: 0x8000b2d8 (0xff9ff06f) j       pc - 0x8
core   0: 3 0x8000b2d8 (0xff9ff06f)
core   0: 0x8000b2d0 (0x00002f17) auipc   t5, 0x2
core   0: 3 0x8000b2d0 (0x00002f17) x30 0x8000d2d0
core   0: 0x8000b2d4 (0xd23f2823) sw      gp, -720(t5)
core   0: 3 0x8000b2d4 (0xd23f2823) mem 0x8000d000 0x00000001
core   0: 0x8000b2d8 (0xff9ff06f) j       pc - 0x8
core   0: 3 0x8000b2d8 (0xff9ff06f)
core   0: 0x8000b2d0 (0x00002f17) auipc   t5, 0x2
core   0: 3 0x8000b2d0 (0x00002f17) x30 0x8000d2d0
core   0: 0x8000b2d4 (0xd23f2823) sw      gp, -720(t5)
core   0: 3 0x8000b2d4 (0xd23f2823) mem 0x8000d000 0x00000001
core   0: 0x8000b2d8 (0xff9ff06f) j       pc - 0x8
core   0: 3 0x8000b2d8 (0xff9ff06f)
core   0: 0x8000b2d0 (0x00002f17) auipc   t5, 0x2
core   0: 3 0x8000b2d0 (0x00002f17) x30 0x8000d2d0
core   0: 0x8000b2d4 (0xd23f2823) sw      gp, -720(t5)
core   0: 3 0x8000b2d4 (0xd23f2823) mem 0x8000d000 0x00000001
core   0: 0x8000b2d8 (0xff9ff06f) j       pc - 0x8
core   0: 3 0x8000b2d8 (0xff9ff06f)
core   0: 0x8000b2d0 (0x00002f17) auipc   t5, 0x2
core   0: 3 0x8000b2d0 (0x00002f17) x30 0x8000d2d0
core   0: 0x8000b2d4 (0xd23f2823) sw      gp, -720(t5)
core   0: 3 0x8000b2d4 (0xd23f2823) mem 0x8000d000 0x00000001
core   0: 0x8000b2d8 (0xff9ff06f) j       pc - 0x8
core   0: 3 0x8000b2d8 (0xff9ff06f)
core   0: 0x8000b2d0 (0x00002f17) auipc   t5, 0x2
core   0: 3 0x8000b2d0 (0x00002f17) x30 0x8000d2d0
core   0: 0x8000b2d4 (0xd23f2823) sw      gp, -720(t5)
core   0: 3 0x8000b2d4 (0xd23f2823) mem 0x8000d000 0x00000001
core   0: 0x8000b2d8 (0xff9ff06f) j       pc - 0x8
core   0: 3 0x8000b2d8 (0xff9ff06f)
core   0: 0x8000b2d0 (0x00002f17) auipc   t5, 0x2
core   0: 3 0x8000b2d0 (0x00002f17) x30 0x8000d2d0
core   0: 0x8000b2d4 (0xd23f2823) sw      gp, -720(t5)
core   0: 3 0x8000b2d4 (0xd23f2823) mem 0x8000d000 0x00000001
core   0: 0x8000b2d8 (0xff9ff06f) j       pc - 0x8
core   0: 3 0x8000b2d8 (0xff9ff06f)
core   0: 0x8000b2d0 (0x00002f17) auipc   t5, 0x2
core   0: 3 0x8000b2d0 (0x00002f17) x30 0x8000d2d0
core   0: 0x8000b2d4 (0xd23f2823) sw      gp, -720(t5)
core   0: 3 0x8000b2d4 (0xd23f2823) mem 0x8000d000 0x00000001
core   0: 0x8000b2d8 (0xff9ff06f) j       pc - 0x8
core   0: 3 0x8000b2d8 (0xff9ff06f)
core   0: 0x8000b2d0 (0x00002f17) auipc   t5, 0x2
core   0: 3 0x8000b2d0 (0x00002f17) x30 0x8000d2d0
core   0: 0x8000b2d4 (0xd23f2823) sw      gp, -720(t5)
core   0: 3 0x8000b2d4 (0xd23f2823) mem 0x8000d000 0x00000001
core   0: 0x8000b2d8 (0xff9ff06f) j       pc - 0x8
core   0: 3 0x8000b2d8 (0xff9ff06f)
core   0: 0x8000b2d0 (0x00002f17) auipc   t5, 0x2
core   0: 3 0x8000b2d0 (0x00002f17) x30 0x8000d2d0
core   0: 0x8000b2d4 (0xd23f2823) sw      gp, -720(t5)
core   0: 3 0x8000b2d4 (0xd23f2823) mem 0x8000d000 0x00000001
core   0: 0x8000b2d8 (0xff9ff06f) j       pc - 0x8
core   0: 3 0x8000b2d8 (0xff9ff06f)
core   0: 0x8000b2d0 (0x00002f17) auipc   t5, 0x2
core   0: 3 0x8000b2d0 (0x00002f17) x30 0x8000d2d0
core   0: 0x8000b2d4 (0xd23f2823) sw      gp, -720(t5)
core   0: 3 0x8000b2d4 (0xd23f2823) mem 0x8000d000 0x00000001
core   0: 0x8000b2d8 (0xff9ff06f) j       pc - 0x8
core   0: 3 0x8000b2d8 (0xff9ff06f)
core   0: 0x8000b2d0 (0x00002f17) auipc   t5, 0x2
core   0: 3 0x8000b2d0 (0x00002f17) x30 0x8000d2d0
core   0: 0x8000b2d4 (0xd23f2823) sw      gp, -720(t5)
core   0: 3 0x8000b2d4 (0xd23f2823) mem 0x8000d000 0x00000001
core   0: 0x8000b2d8 (0xff9ff06f) j       pc - 0x8
core   0: 3 0x8000b2d8 (0xff9ff06f)
core   0: 0x8000b2d0 (0x00002f17) auipc   t5, 0x2
core   0: 3 0x8000b2d0 (0x00002f17) x30 0x8000d2d0
core   0: 0x8000b2d4 (0xd23f2823) sw      gp, -720(t5)
core   0: 3 0x8000b2d4 (0xd23f2823) mem 0x8000d000 0x00000001
core   0: 0x8000b2d8 (0xff9ff06f) j       pc - 0x8
core   0: 3 0x8000b2d8 (0xff9ff06f)
core   0: 0x8000b2d0 (0x00002f17) auipc   t5, 0x2
core   0: 3 0x8000b2d0 (0x00002f17) x30 0x8000d2d0
core   0: 0x8000b2d4 (0xd23f2823) sw      gp, -720(t5)
core   0: 3 0x8000b2d4 (0xd23f2823) mem 0x8000d000 0x00000001
core   0: 0x8000b2d8 (0xff9ff06f) j       pc - 0x8
core   0: 3 0x8000b2d8 (0xff9ff06f)
core   0: 0x8000b2d0 (0x00002f17) auipc   t5, 0x2
core   0: 3 0x8000b2d0 (0x00002f17) x30 0x8000d2d0
core   0: 0x8000b2d4 (0xd23f2823) sw      gp, -720(t5)
core   0: 3 0x8000b2d4 (0xd23f2823) mem 0x8000d000 0x00000001
core   0: 0x8000b2d8 (0xff9ff06f) j       pc - 0x8
core   0: 3 0x8000b2d8 (0xff9ff06f)
core   0: 0x8000b2d0 (0x00002f17) auipc   t5, 0x2
core   0: 3 0x8000b2d0 (0x00002f17) x30 0x8000d2d0
core   0: 0x8000b2d4 (0xd23f2823) sw      gp, -720(t5)
core   0: 3 0x8000b2d4 (0xd23f2823) mem 0x8000d000 0x00000001
core   0: 0x8000b2d8 (0xff9ff06f) j       pc - 0x8
core   0: 3 0x8000b2d8 (0xff9ff06f)
core   0: 0x8000b2d0 (0x00002f17) auipc   t5, 0x2
core   0: 3 0x8000b2d0 (0x00002f17) x30 0x8000d2d0
core   0: 0x8000b2d4 (0xd23f2823) sw      gp, -720(t5)
core   0: 3 0x8000b2d4 (0xd23f2823) mem 0x8000d000 0x00000001
core   0: 0x8000b2d8 (0xff9ff06f) j       pc - 0x8
core   0: 3 0x8000b2d8 (0xff9ff06f)
core   0: 0x8000b2d0 (0x00002f17) auipc   t5, 0x2
core   0: 3 0x8000b2d0 (0x00002f17) x30 0x8000d2d0
core   0: 0x8000b2d4 (0xd23f2823) sw      gp, -720(t5)
core   0: 3 0x8000b2d4 (0xd23f2823) mem 0x8000d000 0x00000001
core   0: 0x8000b2d8 (0xff9ff06f) j       pc - 0x8
core   0: 3 0x8000b2d8 (0xff9ff06f)
core   0: 0x8000b2d0 (0x00002f17) auipc   t5, 0x2
core   0: 3 0x8000b2d0 (0x00002f17) x30 0x8000d2d0
core   0: 0x8000b2d4 (0xd23f2823) sw      gp, -720(t5)
core   0: 3 0x8000b2d4 (0xd23f2823) mem 0x8000d000 0x00000001
core   0: 0x8000b2d8 (0xff9ff06f) j       pc - 0x8
core   0: 3 0x8000b2d8 (0xff9ff06f)
core   0: 0x8000b2d0 (0x00002f17) auipc   t5, 0x2
core   0: 3 0x8000b2d0 (0x00002f17) x30 0x8000d2d0
core   0: 0x8000b2d4 (0xd23f2823) sw      gp, -720(t5)
core   0: 3 0x8000b2d4 (0xd23f2823) mem 0x8000d000 0x00000001
core   0: 0x8000b2d8 (0xff9ff06f) j       pc - 0x8
core   0: 3 0x8000b2d8 (0xff9ff06f)
core   0: 0x8000b2d0 (0x00002f17) auipc   t5, 0x2
core   0: 3 0x8000b2d0 (0x00002f17) x30 0x8000d2d0
core   0: 0x8000b2d4 (0xd23f2823) sw      gp, -720(t5)
core   0: 3 0x8000b2d4 (0xd23f2823) mem 0x8000d000 0x00000001
core   0: 0x8000b2d8 (0xff9ff06f) j       pc - 0x8
core   0: 3 0x8000b2d8 (0xff9ff06f)
core   0: 0x8000b2d0 (0x00002f17) auipc   t5, 0x2
core   0: 3 0x8000b2d0 (0x00002f17) x30 0x8000d2d0
core   0: 0x8000b2d4 (0xd23f2823) sw      gp, -720(t5)
core   0: 3 0x8000b2d4 (0xd23f2823) mem 0x8000d000 0x00000001
core   0: 0x8000b2d8 (0xff9ff06f) j       pc - 0x8
core   0: 3 0x8000b2d8 (0xff9ff06f)
core   0: 0x8000b2d0 (0x00002f17) auipc   t5, 0x2
core   0: 3 0x8000b2d0 (0x00002f17) x30 0x8000d2d0
core   0: 0x8000b2d4 (0xd23f2823) sw      gp, -720(t5)
core   0: 3 0x8000b2d4 (0xd23f2823) mem 0x8000d000 0x00000001
core   0: 0x8000b2d8 (0xff9ff06f) j       pc - 0x8
core   0: 3 0x8000b2d8 (0xff9ff06f)
core   0: 0x8000b2d0 (0x00002f17) auipc   t5, 0x2
core   0: 3 0x8000b2d0 (0x00002f17) x30 0x8000d2d0
core   0: 0x8000b2d4 (0xd23f2823) sw      gp, -720(t5)
core   0: 3 0x8000b2d4 (0xd23f2823) mem 0x8000d000 0x00000001
core   0: 0x8000b2d8 (0xff9ff06f) j       pc - 0x8
core   0: 3 0x8000b2d8 (0xff9ff06f)
core   0: 0x8000b2d0 (0x00002f17) auipc   t5, 0x2
core   0: 3 0x8000b2d0 (0x00002f17) x30 0x8000d2d0
core   0: 0x8000b2d4 (0xd23f2823) sw      gp, -720(t5)
core   0: 3 0x8000b2d4 (0xd23f2823) mem 0x8000d000 0x00000001
core   0: 0x8000b2d8 (0xff9ff06f) j       pc - 0x8
core   0: 3 0x8000b2d8 (0xff9ff06f)
core   0: 0x8000b2d0 (0x00002f17) auipc   t5, 0x2
core   0: 3 0x8000b2d0 (0x00002f17) x30 0x8000d2d0
core   0: 0x8000b2d4 (0xd23f2823) sw      gp, -720(t5)
core   0: 3 0x8000b2d4 (0xd23f2823) mem 0x8000d000 0x00000001
core   0: 0x8000b2d8 (0xff9ff06f) j       pc - 0x8
core   0: 3 0x8000b2d8 (0xff9ff06f)
core   0: 0x8000b2d0 (0x00002f17) auipc   t5, 0x2
core   0: 3 0x8000b2d0 (0x00002f17) x30 0x8000d2d0
core   0: 0x8000b2d4 (0xd23f2823) sw      gp, -720(t5)
core   0: 3 0x8000b2d4 (0xd23f2823) mem 0x8000d000 0x00000001
core   0: 0x8000b2d8 (0xff9ff06f) j       pc - 0x8
core   0: 3 0x8000b2d8 (0xff9ff06f)
core   0: 0x8000b2d0 (0x00002f17) auipc   t5, 0x2
core   0: 3 0x8000b2d0 (0x00002f17) x30 0x8000d2d0
core   0: 0x8000b2d4 (0xd23f2823) sw      gp, -720(t5)
core   0: 3 0x8000b2d4 (0xd23f2823) mem 0x8000d000 0x00000001
core   0: 0x8000b2d8 (0xff9ff06f) j       pc - 0x8
core   0: 3 0x8000b2d8 (0xff9ff06f)
core   0: 0x8000b2d0 (0x00002f17) auipc   t5, 0x2
core   0: 3 0x8000b2d0 (0x00002f17) x30 0x8000d2d0
core   0: 0x8000b2d4 (0xd23f2823) sw      gp, -720(t5)
core   0: 3 0x8000b2d4 (0xd23f2823) mem 0x8000d000 0x00000001
core   0: 0x8000b2d8 (0xff9ff06f) j       pc - 0x8
core   0: 3 0x8000b2d8 (0xff9ff06f)
core   0: 0x8000b2d0 (0x00002f17) auipc   t5, 0x2
core   0: 3 0x8000b2d0 (0x00002f17) x30 0x8000d2d0
core   0: 0x8000b2d4 (0xd23f2823) sw      gp, -720(t5)
core   0: 3 0x8000b2d4 (0xd23f2823) mem 0x8000d000 0x00000001
core   0: 0x8000b2d8 (0xff9ff06f) j       pc - 0x8
core   0: 3 0x8000b2d8 (0xff9ff06f)
core   0: 0x8000b2d0 (0x00002f17) auipc   t5, 0x2
core   0: 3 0x8000b2d0 (0x00002f17) x30 0x8000d2d0
core   0: 0x8000b2d4 (0xd23f2823) sw      gp, -720(t5)
core   0: 3 0x8000b2d4 (0xd23f2823) mem 0x8000d000 0x00000001
core   0: 0x8000b2d8 (0xff9ff06f) j       pc - 0x8
core   0: 3 0x8000b2d8 (0xff9ff06f)
core   0: 0x8000b2d0 (0x00002f17) auipc   t5, 0x2
core   0: 3 0x8000b2d0 (0x00002f17) x30 0x8000d2d0
core   0: 0x8000b2d4 (0xd23f2823) sw      gp, -720(t5)
core   0: 3 0x8000b2d4 (0xd23f2823) mem 0x8000d000 0x00000001
core   0: 0x8000b2d8 (0xff9ff06f) j       pc - 0x8
core   0: 3 0x8000b2d8 (0xff9ff06f)
core   0: 0x8000b2d0 (0x00002f17) auipc   t5, 0x2
core   0: 3 0x8000b2d0 (0x00002f17) x30 0x8000d2d0
core   0: 0x8000b2d4 (0xd23f2823) sw      gp, -720(t5)
core   0: 3 0x8000b2d4 (0xd23f2823) mem 0x8000d000 0x00000001
core   0: 0x8000b2d8 (0xff9ff06f) j       pc - 0x8
core   0: 3 0x8000b2d8 (0xff9ff06f)
core   0: 0x8000b2d0 (0x00002f17) auipc   t5, 0x2
core   0: 3 0x8000b2d0 (0x00002f17) x30 0x8000d2d0
core   0: 0x8000b2d4 (0xd23f2823) sw      gp, -720(t5)
core   0: 3 0x8000b2d4 (0xd23f2823) mem 0x8000d000 0x00000001
core   0: 0x8000b2d8 (0xff9ff06f) j       pc - 0x8
core   0: 3 0x8000b2d8 (0xff9ff06f)
core   0: 0x8000b2d0 (0x00002f17) auipc   t5, 0x2
core   0: 3 0x8000b2d0 (0x00002f17) x30 0x8000d2d0
core   0: 0x8000b2d4 (0xd23f2823) sw      gp, -720(t5)
core   0: 3 0x8000b2d4 (0xd23f2823) mem 0x8000d000 0x00000001
core   0: 0x8000b2d8 (0xff9ff06f) j       pc - 0x8
core   0: 3 0x8000b2d8 (0xff9ff06f)
core   0: 0x8000b2d0 (0x00002f17) auipc   t5, 0x2
core   0: 3 0x8000b2d0 (0x00002f17) x30 0x8000d2d0
core   0: 0x8000b2d4 (0xd23f2823) sw      gp, -720(t5)
core   0: 3 0x8000b2d4 (0xd23f2823) mem 0x8000d000 0x00000001
core   0: 0x8000b2d8 (0xff9ff06f) j       pc - 0x8
core   0: 3 0x8000b2d8 (0xff9ff06f)
core   0: 0x8000b2d0 (0x00002f17) auipc   t5, 0x2
core   0: 3 0x8000b2d0 (0x00002f17) x30 0x8000d2d0
core   0: 0x8000b2d4 (0xd23f2823) sw      gp, -720(t5)
core   0: 3 0x8000b2d4 (0xd23f2823) mem 0x8000d000 0x00000001
core   0: 0x8000b2d8 (0xff9ff06f) j       pc - 0x8
core   0: 3 0x8000b2d8 (0xff9ff06f)
core   0: 0x8000b2d0 (0x00002f17) auipc   t5, 0x2
core   0: 3 0x8000b2d0 (0x00002f17) x30 0x8000d2d0
core   0: 0x8000b2d4 (0xd23f2823) sw      gp, -720(t5)
core   0: 3 0x8000b2d4 (0xd23f2823) mem 0x8000d000 0x00000001
core   0: 0x8000b2d8 (0xff9ff06f) j       pc - 0x8
core   0: 3 0x8000b2d8 (0xff9ff06f)
core   0: 0x8000b2d0 (0x00002f17) auipc   t5, 0x2
core   0: 3 0x8000b2d0 (0x00002f17) x30 0x8000d2d0
core   0: 0x8000b2d4 (0xd23f2823) sw      gp, -720(t5)
core   0: 3 0x8000b2d4 (0xd23f2823) mem 0x8000d000 0x00000001
core   0: 0x8000b2d8 (0xff9ff06f) j       pc - 0x8
core   0: 3 0x8000b2d8 (0xff9ff06f)
core   0: 0x8000b2d0 (0x00002f17) auipc   t5, 0x2
core   0: 3 0x8000b2d0 (0x00002f17) x30 0x8000d2d0
core   0: 0x8000b2d4 (0xd23f2823) sw      gp, -720(t5)
core   0: 3 0x8000b2d4 (0xd23f2823) mem 0x8000d000 0x00000001
core   0: 0x8000b2d8 (0xff9ff06f) j       pc - 0x8
core   0: 3 0x8000b2d8 (0xff9ff06f)
core   0: 0x8000b2d0 (0x00002f17) auipc   t5, 0x2
core   0: 3 0x8000b2d0 (0x00002f17) x30 0x8000d2d0
core   0: 0x8000b2d4 (0xd23f2823) sw      gp, -720(t5)
core   0: 3 0x8000b2d4 (0xd23f2823) mem 0x8000d000 0x00000001
core   0: 0x8000b2d8 (0xff9ff06f) j       pc - 0x8
core   0: 3 0x8000b2d8 (0xff9ff06f)
core   0: 0x8000b2d0 (0x00002f17) auipc   t5, 0x2
core   0: 3 0x8000b2d0 (0x00002f17) x30 0x8000d2d0
core   0: 0x8000b2d4 (0xd23f2823) sw      gp, -720(t5)
core   0: 3 0x8000b2d4 (0xd23f2823) mem 0x8000d000 0x00000001
core   0: 0x8000b2d8 (0xff9ff06f) j       pc - 0x8
core   0: 3 0x8000b2d8 (0xff9ff06f)
core   0: 0x8000b2d0 (0x00002f17) auipc   t5, 0x2
core   0: 3 0x8000b2d0 (0x00002f17) x30 0x8000d2d0
core   0: 0x8000b2d4 (0xd23f2823) sw      gp, -720(t5)
core   0: 3 0x8000b2d4 (0xd23f2823) mem 0x8000d000 0x00000001
core   0: 0x8000b2d8 (0xff9ff06f) j       pc - 0x8
core   0: 3 0x8000b2d8 (0xff9ff06f)
core   0: 0x8000b2d0 (0x00002f17) auipc   t5, 0x2
core   0: 3 0x8000b2d0 (0x00002f17) x30 0x8000d2d0
core   0: 0x8000b2d4 (0xd23f2823) sw      gp, -720(t5)
core   0: 3 0x8000b2d4 (0xd23f2823) mem 0x8000d000 0x00000001
core   0: 0x8000b2d8 (0xff9ff06f) j       pc - 0x8
core   0: 3 0x8000b2d8 (0xff9ff06f)
core   0: 0x8000b2d0 (0x00002f17) auipc   t5, 0x2
core   0: 3 0x8000b2d0 (0x00002f17) x30 0x8000d2d0
core   0: 0x8000b2d4 (0xd23f2823) sw      gp, -720(t5)
core   0: 3 0x8000b2d4 (0xd23f2823) mem 0x8000d000 0x00000001
core   0: 0x8000b2d8 (0xff9ff06f) j       pc - 0x8
core   0: 3 0x8000b2d8 (0xff9ff06f)
core   0: 0x8000b2d0 (0x00002f17) auipc   t5, 0x2
core   0: 3 0x8000b2d0 (0x00002f17) x30 0x8000d2d0
core   0: 0x8000b2d4 (0xd23f2823) sw      gp, -720(t5)
core   0: 3 0x8000b2d4 (0xd23f2823) mem 0x8000d000 0x00000001
core   0: 0x8000b2d8 (0xff9ff06f) j       pc - 0x8
core   0: 3 0x8000b2d8 (0xff9ff06f)
core   0: 0x8000b2d0 (0x00002f17) auipc   t5, 0x2
core   0: 3 0x8000b2d0 (0x00002f17) x30 0x8000d2d0
core   0: 0x8000b2d4 (0xd23f2823) sw      gp, -720(t5)
core   0: 3 0x8000b2d4 (0xd23f2823) mem 0x8000d000 0x00000001
core   0: 0x8000b2d8 (0xff9ff06f) j       pc - 0x8
core   0: 3 0x8000b2d8 (0xff9ff06f)
core   0: 0x8000b2d0 (0x00002f17) auipc   t5, 0x2
core   0: 3 0x8000b2d0 (0x00002f17) x30 0x8000d2d0
core   0: 0x8000b2d4 (0xd23f2823) sw      gp, -720(t5)
core   0: 3 0x8000b2d4 (0xd23f2823) mem 0x8000d000 0x00000001
core   0: 0x8000b2d8 (0xff9ff06f) j       pc - 0x8
core   0: 3 0x8000b2d8 (0xff9ff06f)
core   0: 0x8000b2d0 (0x00002f17) auipc   t5, 0x2
core   0: 3 0x8000b2d0 (0x00002f17) x30 0x8000d2d0
core   0: 0x8000b2d4 (0xd23f2823) sw      gp, -720(t5)
core   0: 3 0x8000b2d4 (0xd23f2823) mem 0x8000d000 0x00000001
core   0: 0x8000b2d8 (0xff9ff06f) j       pc - 0x8
core   0: 3 0x8000b2d8 (0xff9ff06f)
core   0: 0x8000b2d0 (0x00002f17) auipc   t5, 0x2
core   0: 3 0x8000b2d0 (0x00002f17) x30 0x8000d2d0
core   0: 0x8000b2d4 (0xd23f2823) sw      gp, -720(t5)
core   0: 3 0x8000b2d4 (0xd23f2823) mem 0x8000d000 0x00000001
core   0: 0x8000b2d8 (0xff9ff06f) j       pc - 0x8
core   0: 3 0x8000b2d8 (0xff9ff06f)
core   0: 0x8000b2d0 (0x00002f17) auipc   t5, 0x2
core   0: 3 0x8000b2d0 (0x00002f17) x30 0x8000d2d0
core   0: 0x8000b2d4 (0xd23f2823) sw      gp, -720(t5)
core   0: 3 0x8000b2d4 (0xd23f2823) mem 0x8000d000 0x00000001
core   0: 0x8000b2d8 (0xff9ff06f) j       pc - 0x8
core   0: 3 0x8000b2d8 (0xff9ff06f)
core   0: 0x8000b2d0 (0x00002f17) auipc   t5, 0x2
core   0: 3 0x8000b2d0 (0x00002f17) x30 0x8000d2d0
core   0: 0x8000b2d4 (0xd23f2823) sw      gp, -720(t5)
core   0: 3 0x8000b2d4 (0xd23f2823) mem 0x8000d000 0x00000001
core   0: 0x8000b2d8 (0xff9ff06f) j       pc - 0x8
core   0: 3 0x8000b2d8 (0xff9ff06f)
core   0: 0x8000b2d0 (0x00002f17) auipc   t5, 0x2
core   0: 3 0x8000b2d0 (0x00002f17) x30 0x8000d2d0
core   0: 0x8000b2d4 (0xd23f2823) sw      gp, -720(t5)
core   0: 3 0x8000b2d4 (0xd23f2823) mem 0x8000d000 0x00000001
core   0: 0x8000b2d8 (0xff9ff06f) j       pc - 0x8
core   0: 3 0x8000b2d8 (0xff9ff06f)
core   0: 0x8000b2d0 (0x00002f17) auipc   t5, 0x2
core   0: 3 0x8000b2d0 (0x00002f17) x30 0x8000d2d0
core   0: 0x8000b2d4 (0xd23f2823) sw      gp, -720(t5)
core   0: 3 0x8000b2d4 (0xd23f2823) mem 0x8000d000 0x00000001
core   0: 0x8000b2d8 (0xff9ff06f) j       pc - 0x8
core   0: 3 0x8000b2d8 (0xff9ff06f)
core   0: 0x8000b2d0 (0x00002f17) auipc   t5, 0x2
core   0: 3 0x8000b2d0 (0x00002f17) x30 0x8000d2d0
core   0: 0x8000b2d4 (0xd23f2823) sw      gp, -720(t5)
core   0: 3 0x8000b2d4 (0xd23f2823) mem 0x8000d000 0x00000001
core   0: 0x8000b2d8 (0xff9ff06f) j       pc - 0x8
core   0: 3 0x8000b2d8 (0xff9ff06f)
core   0: 0x8000b2d0 (0x00002f17) auipc   t5, 0x2
core   0: 3 0x8000b2d0 (0x00002f17) x30 0x8000d2d0
core   0: 0x8000b2d4 (0xd23f2823) sw      gp, -720(t5)
core   0: 3 0x8000b2d4 (0xd23f2823) mem 0x8000d000 0x00000001
core   0: 0x8000b2d8 (0xff9ff06f) j       pc - 0x8
core   0: 3 0x8000b2d8 (0xff9ff06f)
core   0: 0x8000b2d0 (0x00002f17) auipc   t5, 0x2
core   0: 3 0x8000b2d0 (0x00002f17) x30 0x8000d2d0
core   0: 0x8000b2d4 (0xd23f2823) sw      gp, -720(t5)
core   0: 3 0x8000b2d4 (0xd23f2823) mem 0x8000d000 0x00000001
core   0: 0x8000b2d8 (0xff9ff06f) j       pc - 0x8
core   0: 3 0x8000b2d8 (0xff9ff06f)
core   0: 0x8000b2d0 (0x00002f17) auipc   t5, 0x2
core   0: 3 0x8000b2d0 (0x00002f17) x30 0x8000d2d0
core   0: 0x8000b2d4 (0xd23f2823) sw      gp, -720(t5)
core   0: 3 0x8000b2d4 (0xd23f2823) mem 0x8000d000 0x00000001
core   0: 0x8000b2d8 (0xff9ff06f) j       pc - 0x8
core   0: 3 0x8000b2d8 (0xff9ff06f)
core   0: 0x8000b2d0 (0x00002f17) auipc   t5, 0x2
core   0: 3 0x8000b2d0 (0x00002f17) x30 0x8000d2d0
core   0: 0x8000b2d4 (0xd23f2823) sw      gp, -720(t5)
core   0: 3 0x8000b2d4 (0xd23f2823) mem 0x8000d000 0x00000001
core   0: 0x8000b2d8 (0xff9ff06f) j       pc - 0x8
core   0: 3 0x8000b2d8 (0xff9ff06f)
core   0: 0x8000b2d0 (0x00002f17) auipc   t5, 0x2
core   0: 3 0x8000b2d0 (0x00002f17) x30 0x8000d2d0
core   0: 0x8000b2d4 (0xd23f2823) sw      gp, -720(t5)
core   0: 3 0x8000b2d4 (0xd23f2823) mem 0x8000d000 0x00000001
core   0: 0x8000b2d8 (0xff9ff06f) j       pc - 0x8
core   0: 3 0x8000b2d8 (0xff9ff06f)
core   0: 0x8000b2d0 (0x00002f17) auipc   t5, 0x2
core   0: 3 0x8000b2d0 (0x00002f17) x30 0x8000d2d0
core   0: 0x8000b2d4 (0xd23f2823) sw      gp, -720(t5)
core   0: 3 0x8000b2d4 (0xd23f2823) mem 0x8000d000 0x00000001
core   0: 0x8000b2d8 (0xff9ff06f) j       pc - 0x8
core   0: 3 0x8000b2d8 (0xff9ff06f)
core   0: 0x8000b2d0 (0x00002f17) auipc   t5, 0x2
core   0: 3 0x8000b2d0 (0x00002f17) x30 0x8000d2d0
core   0: 0x8000b2d4 (0xd23f2823) sw      gp, -720(t5)
core   0: 3 0x8000b2d4 (0xd23f2823) mem 0x8000d000 0x00000001
core   0: 0x8000b2d8 (0xff9ff06f) j       pc - 0x8
core   0: 3 0x8000b2d8 (0xff9ff06f)
core   0: 0x8000b2d0 (0x00002f17) auipc   t5, 0x2
core   0: 3 0x8000b2d0 (0x00002f17) x30 0x8000d2d0
core   0: 0x8000b2d4 (0xd23f2823) sw      gp, -720(t5)
core   0: 3 0x8000b2d4 (0xd23f2823) mem 0x8000d000 0x00000001
core   0: 0x8000b2d8 (0xff9ff06f) j       pc - 0x8
core   0: 3 0x8000b2d8 (0xff9ff06f)
core   0: 0x8000b2d0 (0x00002f17) auipc   t5, 0x2
core   0: 3 0x8000b2d0 (0x00002f17) x30 0x8000d2d0
core   0: 0x8000b2d4 (0xd23f2823) sw      gp, -720(t5)
core   0: 3 0x8000b2d4 (0xd23f2823) mem 0x8000d000 0x00000001
core   0: 0x8000b2d8 (0xff9ff06f) j       pc - 0x8
core   0: 3 0x8000b2d8 (0xff9ff06f)
core   0: 0x8000b2d0 (0x00002f17) auipc   t5, 0x2
core   0: 3 0x8000b2d0 (0x00002f17) x30 0x8000d2d0
core   0: 0x8000b2d4 (0xd23f2823) sw      gp, -720(t5)
core   0: 3 0x8000b2d4 (0xd23f2823) mem 0x8000d000 0x00000001
core   0: 0x8000b2d8 (0xff9ff06f) j       pc - 0x8
core   0: 3 0x8000b2d8 (0xff9ff06f)
core   0: 0x8000b2d0 (0x00002f17) auipc   t5, 0x2
core   0: 3 0x8000b2d0 (0x00002f17) x30 0x8000d2d0
core   0: 0x8000b2d4 (0xd23f2823) sw      gp, -720(t5)
core   0: 3 0x8000b2d4 (0xd23f2823) mem 0x8000d000 0x00000001
core   0: 0x8000b2d8 (0xff9ff06f) j       pc - 0x8
core   0: 3 0x8000b2d8 (0xff9ff06f)
core   0: 0x8000b2d0 (0x00002f17) auipc   t5, 0x2
core   0: 3 0x8000b2d0 (0x00002f17) x30 0x8000d2d0
core   0: 0x8000b2d4 (0xd23f2823) sw      gp, -720(t5)
core   0: 3 0x8000b2d4 (0xd23f2823) mem 0x8000d000 0x00000001
core   0: 0x8000b2d8 (0xff9ff06f) j       pc - 0x8
core   0: 3 0x8000b2d8 (0xff9ff06f)
core   0: 0x8000b2d0 (0x00002f17) auipc   t5, 0x2
core   0: 3 0x8000b2d0 (0x00002f17) x30 0x8000d2d0
core   0: 0x8000b2d4 (0xd23f2823) sw      gp, -720(t5)
core   0: 3 0x8000b2d4 (0xd23f2823) mem 0x8000d000 0x00000001
core   0: 0x8000b2d8 (0xff9ff06f) j       pc - 0x8
core   0: 3 0x8000b2d8 (0xff9ff06f)
core   0: 0x8000b2d0 (0x00002f17) auipc   t5, 0x2
core   0: 3 0x8000b2d0 (0x00002f17) x30 0x8000d2d0
core   0: 0x8000b2d4 (0xd23f2823) sw      gp, -720(t5)
core   0: 3 0x8000b2d4 (0xd23f2823) mem 0x8000d000 0x00000001
core   0: 0x8000b2d8 (0xff9ff06f) j       pc - 0x8
core   0: 3 0x8000b2d8 (0xff9ff06f)
core   0: 0x8000b2d0 (0x00002f17) auipc   t5, 0x2
core   0: 3 0x8000b2d0 (0x00002f17) x30 0x8000d2d0
core   0: 0x8000b2d4 (0xd23f2823) sw      gp, -720(t5)
core   0: 3 0x8000b2d4 (0xd23f2823) mem 0x8000d000 0x00000001
core   0: 0x8000b2d8 (0xff9ff06f) j       pc - 0x8
core   0: 3 0x8000b2d8 (0xff9ff06f)
core   0: 0x8000b2d0 (0x00002f17) auipc   t5, 0x2
core   0: 3 0x8000b2d0 (0x00002f17) x30 0x8000d2d0
core   0: 0x8000b2d4 (0xd23f2823) sw      gp, -720(t5)
core   0: 3 0x8000b2d4 (0xd23f2823) mem 0x8000d000 0x00000001
core   0: 0x8000b2d8 (0xff9ff06f) j       pc - 0x8
core   0: 3 0x8000b2d8 (0xff9ff06f)
core   0: 0x8000b2d0 (0x00002f17) auipc   t5, 0x2
core   0: 3 0x8000b2d0 (0x00002f17) x30 0x8000d2d0
core   0: 0x8000b2d4 (0xd23f2823) sw      gp, -720(t5)
core   0: 3 0x8000b2d4 (0xd23f2823) mem 0x8000d000 0x00000001
core   0: 0x8000b2d8 (0xff9ff06f) j       pc - 0x8
core   0: 3 0x8000b2d8 (0xff9ff06f)
core   0: 0x8000b2d0 (0x00002f17) auipc   t5, 0x2
core   0: 3 0x8000b2d0 (0x00002f17) x30 0x8000d2d0
core   0: 0x8000b2d4 (0xd23f2823) sw      gp, -720(t5)
core   0: 3 0x8000b2d4 (0xd23f2823) mem 0x8000d000 0x00000001
core   0: 0x8000b2d8 (0xff9ff06f) j       pc - 0x8
core   0: 3 0x8000b2d8 (0xff9ff06f)
core   0: 0x8000b2d0 (0x00002f17) auipc   t5, 0x2
core   0: 3 0x8000b2d0 (0x00002f17) x30 0x8000d2d0
core   0: 0x8000b2d4 (0xd23f2823) sw      gp, -720(t5)
core   0: 3 0x8000b2d4 (0xd23f2823) mem 0x8000d000 0x00000001
core   0: 0x8000b2d8 (0xff9ff06f) j       pc - 0x8
core   0: 3 0x8000b2d8 (0xff9ff06f)
core   0: 0x8000b2d0 (0x00002f17) auipc   t5, 0x2
core   0: 3 0x8000b2d0 (0x00002f17) x30 0x8000d2d0
core   0: 0x8000b2d4 (0xd23f2823) sw      gp, -720(t5)
core   0: 3 0x8000b2d4 (0xd23f2823) mem 0x8000d000 0x00000001
core   0: 0x8000b2d8 (0xff9ff06f) j       pc - 0x8
core   0: 3 0x8000b2d8 (0xff9ff06f)
core   0: 0x8000b2d0 (0x00002f17) auipc   t5, 0x2
core   0: 3 0x8000b2d0 (0x00002f17) x30 0x8000d2d0
core   0: 0x8000b2d4 (0xd23f2823) sw      gp, -720(t5)
core   0: 3 0x8000b2d4 (0xd23f2823) mem 0x8000d000 0x00000001
core   0: 0x8000b2d8 (0xff9ff06f) j       pc - 0x8
core   0: 3 0x8000b2d8 (0xff9ff06f)
core   0: 0x8000b2d0 (0x00002f17) auipc   t5, 0x2
core   0: 3 0x8000b2d0 (0x00002f17) x30 0x8000d2d0
core   0: 0x8000b2d4 (0xd23f2823) sw      gp, -720(t5)
core   0: 3 0x8000b2d4 (0xd23f2823) mem 0x8000d000 0x00000001
core   0: 0x8000b2d8 (0xff9ff06f) j       pc - 0x8
core   0: 3 0x8000b2d8 (0xff9ff06f)
core   0: 0x8000b2d0 (0x00002f17) auipc   t5, 0x2
core   0: 3 0x8000b2d0 (0x00002f17) x30 0x8000d2d0
core   0: 0x8000b2d4 (0xd23f2823) sw      gp, -720(t5)
core   0: 3 0x8000b2d4 (0xd23f2823) mem 0x8000d000 0x00000001
core   0: 0x8000b2d8 (0xff9ff06f) j       pc - 0x8
core   0: 3 0x8000b2d8 (0xff9ff06f)
core   0: 0x8000b2d0 (0x00002f17) auipc   t5, 0x2
core   0: 3 0x8000b2d0 (0x00002f17) x30 0x8000d2d0
core   0: 0x8000b2d4 (0xd23f2823) sw      gp, -720(t5)
core   0: 3 0x8000b2d4 (0xd23f2823) mem 0x8000d000 0x00000001
core   0: 0x8000b2d8 (0xff9ff06f) j       pc - 0x8
core   0: 3 0x8000b2d8 (0xff9ff06f)
core   0: 0x8000b2d0 (0x00002f17) auipc   t5, 0x2
core   0: 3 0x8000b2d0 (0x00002f17) x30 0x8000d2d0
core   0: 0x8000b2d4 (0xd23f2823) sw      gp, -720(t5)
core   0: 3 0x8000b2d4 (0xd23f2823) mem 0x8000d000 0x00000001
core   0: 0x8000b2d8 (0xff9ff06f) j       pc - 0x8
core   0: 3 0x8000b2d8 (0xff9ff06f)
core   0: 0x8000b2d0 (0x00002f17) auipc   t5, 0x2
core   0: 3 0x8000b2d0 (0x00002f17) x30 0x8000d2d0
core   0: 0x8000b2d4 (0xd23f2823) sw      gp, -720(t5)
core   0: 3 0x8000b2d4 (0xd23f2823) mem 0x8000d000 0x00000001
core   0: 0x8000b2d8 (0xff9ff06f) j       pc - 0x8
core   0: 3 0x8000b2d8 (0xff9ff06f)
core   0: 0x8000b2d0 (0x00002f17) auipc   t5, 0x2
core   0: 3 0x8000b2d0 (0x00002f17) x30 0x8000d2d0
core   0: 0x8000b2d4 (0xd23f2823) sw      gp, -720(t5)
core   0: 3 0x8000b2d4 (0xd23f2823) mem 0x8000d000 0x00000001
core   0: 0x8000b2d8 (0xff9ff06f) j       pc - 0x8
core   0: 3 0x8000b2d8 (0xff9ff06f)
core   0: 0x8000b2d0 (0x00002f17) auipc   t5, 0x2
core   0: 3 0x8000b2d0 (0x00002f17) x30 0x8000d2d0
core   0: 0x8000b2d4 (0xd23f2823) sw      gp, -720(t5)
core   0: 3 0x8000b2d4 (0xd23f2823) mem 0x8000d000 0x00000001
core   0: 0x8000b2d8 (0xff9ff06f) j       pc - 0x8
core   0: 3 0x8000b2d8 (0xff9ff06f)
core   0: 0x8000b2d0 (0x00002f17) auipc   t5, 0x2
core   0: 3 0x8000b2d0 (0x00002f17) x30 0x8000d2d0
core   0: 0x8000b2d4 (0xd23f2823) sw      gp, -720(t5)
core   0: 3 0x8000b2d4 (0xd23f2823) mem 0x8000d000 0x00000001
core   0: 0x8000b2d8 (0xff9ff06f) j       pc - 0x8
core   0: 3 0x8000b2d8 (0xff9ff06f)
core   0: 0x8000b2d0 (0x00002f17) auipc   t5, 0x2
core   0: 3 0x8000b2d0 (0x00002f17) x30 0x8000d2d0
core   0: 0x8000b2d4 (0xd23f2823) sw      gp, -720(t5)
core   0: 3 0x8000b2d4 (0xd23f2823) mem 0x8000d000 0x00000001
core   0: 0x8000b2d8 (0xff9ff06f) j       pc - 0x8
core   0: 3 0x8000b2d8 (0xff9ff06f)
core   0: 0x8000b2d0 (0x00002f17) auipc   t5, 0x2
core   0: 3 0x8000b2d0 (0x00002f17) x30 0x8000d2d0
core   0: 0x8000b2d4 (0xd23f2823) sw      gp, -720(t5)
core   0: 3 0x8000b2d4 (0xd23f2823) mem 0x8000d000 0x00000001
core   0: 0x8000b2d8 (0xff9ff06f) j       pc - 0x8
core   0: 3 0x8000b2d8 (0xff9ff06f)
core   0: 0x8000b2d0 (0x00002f17) auipc   t5, 0x2
core   0: 3 0x8000b2d0 (0x00002f17) x30 0x8000d2d0
core   0: 0x8000b2d4 (0xd23f2823) sw      gp, -720(t5)
core   0: 3 0x8000b2d4 (0xd23f2823) mem 0x8000d000 0x00000001
core   0: 0x8000b2d8 (0xff9ff06f) j       pc - 0x8
core   0: 3 0x8000b2d8 (0xff9ff06f)
core   0: 0x8000b2d0 (0x00002f17) auipc   t5, 0x2
core   0: 3 0x8000b2d0 (0x00002f17) x30 0x8000d2d0
core   0: 0x8000b2d4 (0xd23f2823) sw      gp, -720(t5)
core   0: 3 0x8000b2d4 (0xd23f2823) mem 0x8000d000 0x00000001
core   0: 0x8000b2d8 (0xff9ff06f) j       pc - 0x8
core   0: 3 0x8000b2d8 (0xff9ff06f)
core   0: 0x8000b2d0 (0x00002f17) auipc   t5, 0x2
core   0: 3 0x8000b2d0 (0x00002f17) x30 0x8000d2d0
core   0: 0x8000b2d4 (0xd23f2823) sw      gp, -720(t5)
core   0: 3 0x8000b2d4 (0xd23f2823) mem 0x8000d000 0x00000001
core   0: 0x8000b2d8 (0xff9ff06f) j       pc - 0x8
core   0: 3 0x8000b2d8 (0xff9ff06f)
core   0: 0x8000b2d0 (0x00002f17) auipc   t5, 0x2
core   0: 3 0x8000b2d0 (0x00002f17) x30 0x8000d2d0
core   0: 0x8000b2d4 (0xd23f2823) sw      gp, -720(t5)
core   0: 3 0x8000b2d4 (0xd23f2823) mem 0x8000d000 0x00000001
core   0: 0x8000b2d8 (0xff9ff06f) j       pc - 0x8
core   0: 3 0x8000b2d8 (0xff9ff06f)
core   0: 0x8000b2d0 (0x00002f17) auipc   t5, 0x2
core   0: 3 0x8000b2d0 (0x00002f17) x30 0x8000d2d0
core   0: 0x8000b2d4 (0xd23f2823) sw      gp, -720(t5)
core   0: 3 0x8000b2d4 (0xd23f2823) mem 0x8000d000 0x00000001
core   0: 0x8000b2d8 (0xff9ff06f) j       pc - 0x8
core   0: 3 0x8000b2d8 (0xff9ff06f)
core   0: 0x8000b2d0 (0x00002f17) auipc   t5, 0x2
core   0: 3 0x8000b2d0 (0x00002f17) x30 0x8000d2d0
core   0: 0x8000b2d4 (0xd23f2823) sw      gp, -720(t5)
core   0: 3 0x8000b2d4 (0xd23f2823) mem 0x8000d000 0x00000001
core   0: 0x8000b2d8 (0xff9ff06f) j       pc - 0x8
core   0: 3 0x8000b2d8 (0xff9ff06f)
core   0: 0x8000b2d0 (0x00002f17) auipc   t5, 0x2
core   0: 3 0x8000b2d0 (0x00002f17) x30 0x8000d2d0
core   0: 0x8000b2d4 (0xd23f2823) sw      gp, -720(t5)
core   0: 3 0x8000b2d4 (0xd23f2823) mem 0x8000d000 0x00000001
core   0: 0x8000b2d8 (0xff9ff06f) j       pc - 0x8
core   0: 3 0x8000b2d8 (0xff9ff06f)
core   0: 0x8000b2d0 (0x00002f17) auipc   t5, 0x2
core   0: 3 0x8000b2d0 (0x00002f17) x30 0x8000d2d0
core   0: 0x8000b2d4 (0xd23f2823) sw      gp, -720(t5)
core   0: 3 0x8000b2d4 (0xd23f2823) mem 0x8000d000 0x00000001
core   0: 0x8000b2d8 (0xff9ff06f) j       pc - 0x8
core   0: 3 0x8000b2d8 (0xff9ff06f)
core   0: 0x8000b2d0 (0x00002f17) auipc   t5, 0x2
core   0: 3 0x8000b2d0 (0x00002f17) x30 0x8000d2d0
core   0: 0x8000b2d4 (0xd23f2823) sw      gp, -720(t5)
core   0: 3 0x8000b2d4 (0xd23f2823) mem 0x8000d000 0x00000001
core   0: 0x8000b2d8 (0xff9ff06f) j       pc - 0x8
core   0: 3 0x8000b2d8 (0xff9ff06f)
core   0: 0x8000b2d0 (0x00002f17) auipc   t5, 0x2
core   0: 3 0x8000b2d0 (0x00002f17) x30 0x8000d2d0
core   0: 0x8000b2d4 (0xd23f2823) sw      gp, -720(t5)
core   0: 3 0x8000b2d4 (0xd23f2823) mem 0x8000d000 0x00000001
core   0: 0x8000b2d8 (0xff9ff06f) j       pc - 0x8
core   0: 3 0x8000b2d8 (0xff9ff06f)
core   0: 0x8000b2d0 (0x00002f17) auipc   t5, 0x2
core   0: 3 0x8000b2d0 (0x00002f17) x30 0x8000d2d0
core   0: 0x8000b2d4 (0xd23f2823) sw      gp, -720(t5)
core   0: 3 0x8000b2d4 (0xd23f2823) mem 0x8000d000 0x00000001
core   0: 0x8000b2d8 (0xff9ff06f) j       pc - 0x8
core   0: 3 0x8000b2d8 (0xff9ff06f)
core   0: 0x8000b2d0 (0x00002f17) auipc   t5, 0x2
core   0: 3 0x8000b2d0 (0x00002f17) x30 0x8000d2d0
core   0: 0x8000b2d4 (0xd23f2823) sw      gp, -720(t5)
core   0: 3 0x8000b2d4 (0xd23f2823) mem 0x8000d000 0x00000001
core   0: 0x8000b2d8 (0xff9ff06f) j       pc - 0x8
core   0: 3 0x8000b2d8 (0xff9ff06f)
core   0: 0x8000b2d0 (0x00002f17) auipc   t5, 0x2
core   0: 3 0x8000b2d0 (0x00002f17) x30 0x8000d2d0
core   0: 0x8000b2d4 (0xd23f2823) sw      gp, -720(t5)
core   0: 3 0x8000b2d4 (0xd23f2823) mem 0x8000d000 0x00000001
core   0: 0x8000b2d8 (0xff9ff06f) j       pc - 0x8
core   0: 3 0x8000b2d8 (0xff9ff06f)
core   0: 0x8000b2d0 (0x00002f17) auipc   t5, 0x2
core   0: 3 0x8000b2d0 (0x00002f17) x30 0x8000d2d0
core   0: 0x8000b2d4 (0xd23f2823) sw      gp, -720(t5)
core   0: 3 0x8000b2d4 (0xd23f2823) mem 0x8000d000 0x00000001
core   0: 0x8000b2d8 (0xff9ff06f) j       pc - 0x8
core   0: 3 0x8000b2d8 (0xff9ff06f)
core   0: 0x8000b2d0 (0x00002f17) auipc   t5, 0x2
core   0: 3 0x8000b2d0 (0x00002f17) x30 0x8000d2d0
core   0: 0x8000b2d4 (0xd23f2823) sw      gp, -720(t5)
core   0: 3 0x8000b2d4 (0xd23f2823) mem 0x8000d000 0x00000001
core   0: 0x8000b2d8 (0xff9ff06f) j       pc - 0x8
core   0: 3 0x8000b2d8 (0xff9ff06f)
core   0: 0x8000b2d0 (0x00002f17) auipc   t5, 0x2
core   0: 3 0x8000b2d0 (0x00002f17) x30 0x8000d2d0
core   0: 0x8000b2d4 (0xd23f2823) sw      gp, -720(t5)
core   0: 3 0x8000b2d4 (0xd23f2823) mem 0x8000d000 0x00000001
core   0: 0x8000b2d8 (0xff9ff06f) j       pc - 0x8
core   0: 3 0x8000b2d8 (0xff9ff06f)
core   0: 0x8000b2d0 (0x00002f17) auipc   t5, 0x2
core   0: 3 0x8000b2d0 (0x00002f17) x30 0x8000d2d0
core   0: 0x8000b2d4 (0xd23f2823) sw      gp, -720(t5)
core   0: 3 0x8000b2d4 (0xd23f2823) mem 0x8000d000 0x00000001
core   0: 0x8000b2d8 (0xff9ff06f) j       pc - 0x8
core   0: 3 0x8000b2d8 (0xff9ff06f)
core   0: 0x8000b2d0 (0x00002f17) auipc   t5, 0x2
core   0: 3 0x8000b2d0 (0x00002f17) x30 0x8000d2d0
core   0: 0x8000b2d4 (0xd23f2823) sw      gp, -720(t5)
core   0: 3 0x8000b2d4 (0xd23f2823) mem 0x8000d000 0x00000001
core   0: 0x8000b2d8 (0xff9ff06f) j       pc - 0x8
core   0: 3 0x8000b2d8 (0xff9ff06f)
core   0: 0x8000b2d0 (0x00002f17) auipc   t5, 0x2
core   0: 3 0x8000b2d0 (0x00002f17) x30 0x8000d2d0
core   0: 0x8000b2d4 (0xd23f2823) sw      gp, -720(t5)
core   0: 3 0x8000b2d4 (0xd23f2823) mem 0x8000d000 0x00000001
core   0: 0x8000b2d8 (0xff9ff06f) j       pc - 0x8
core   0: 3 0x8000b2d8 (0xff9ff06f)
core   0: 0x8000b2d0 (0x00002f17) auipc   t5, 0x2
core   0: 3 0x8000b2d0 (0x00002f17) x30 0x8000d2d0
core   0: 0x8000b2d4 (0xd23f2823) sw      gp, -720(t5)
core   0: 3 0x8000b2d4 (0xd23f2823) mem 0x8000d000 0x00000001
core   0: 0x8000b2d8 (0xff9ff06f) j       pc - 0x8
core   0: 3 0x8000b2d8 (0xff9ff06f)
core   0: 0x8000b2d0 (0x00002f17) auipc   t5, 0x2
core   0: 3 0x8000b2d0 (0x00002f17) x30 0x8000d2d0
core   0: 0x8000b2d4 (0xd23f2823) sw      gp, -720(t5)
core   0: 3 0x8000b2d4 (0xd23f2823) mem 0x8000d000 0x00000001
core   0: 0x8000b2d8 (0xff9ff06f) j       pc - 0x8
core   0: 3 0x8000b2d8 (0xff9ff06f)
core   0: 0x8000b2d0 (0x00002f17) auipc   t5, 0x2
core   0: 3 0x8000b2d0 (0x00002f17) x30 0x8000d2d0
core   0: 0x8000b2d4 (0xd23f2823) sw      gp, -720(t5)
core   0: 3 0x8000b2d4 (0xd23f2823) mem 0x8000d000 0x00000001
core   0: 0x8000b2d8 (0xff9ff06f) j       pc - 0x8
core   0: 3 0x8000b2d8 (0xff9ff06f)
core   0: 0x8000b2d0 (0x00002f17) auipc   t5, 0x2
core   0: 3 0x8000b2d0 (0x00002f17) x30 0x8000d2d0
core   0: 0x8000b2d4 (0xd23f2823) sw      gp, -720(t5)
core   0: 3 0x8000b2d4 (0xd23f2823) mem 0x8000d000 0x00000001
core   0: 0x8000b2d8 (0xff9ff06f) j       pc - 0x8
core   0: 3 0x8000b2d8 (0xff9ff06f)
core   0: 0x8000b2d0 (0x00002f17) auipc   t5, 0x2
core   0: 3 0x8000b2d0 (0x00002f17) x30 0x8000d2d0
core   0: 0x8000b2d4 (0xd23f2823) sw      gp, -720(t5)
core   0: 3 0x8000b2d4 (0xd23f2823) mem 0x8000d000 0x00000001
core   0: 0x8000b2d8 (0xff9ff06f) j       pc - 0x8
core   0: 3 0x8000b2d8 (0xff9ff06f)
core   0: 0x8000b2d0 (0x00002f17) auipc   t5, 0x2
core   0: 3 0x8000b2d0 (0x00002f17) x30 0x8000d2d0
core   0: 0x8000b2d4 (0xd23f2823) sw      gp, -720(t5)
core   0: 3 0x8000b2d4 (0xd23f2823) mem 0x8000d000 0x00000001
core   0: 0x8000b2d8 (0xff9ff06f) j       pc - 0x8
core   0: 3 0x8000b2d8 (0xff9ff06f)
core   0: 0x8000b2d0 (0x00002f17) auipc   t5, 0x2
core   0: 3 0x8000b2d0 (0x00002f17) x30 0x8000d2d0
core   0: 0x8000b2d4 (0xd23f2823) sw      gp, -720(t5)
core   0: 3 0x8000b2d4 (0xd23f2823) mem 0x8000d000 0x00000001
core   0: 0x8000b2d8 (0xff9ff06f) j       pc - 0x8
core   0: 3 0x8000b2d8 (0xff9ff06f)
core   0: 0x8000b2d0 (0x00002f17) auipc   t5, 0x2
core   0: 3 0x8000b2d0 (0x00002f17) x30 0x8000d2d0
core   0: 0x8000b2d4 (0xd23f2823) sw      gp, -720(t5)
core   0: 3 0x8000b2d4 (0xd23f2823) mem 0x8000d000 0x00000001
core   0: 0x8000b2d8 (0xff9ff06f) j       pc - 0x8
core   0: 3 0x8000b2d8 (0xff9ff06f)
core   0: 0x8000b2d0 (0x00002f17) auipc   t5, 0x2
core   0: 3 0x8000b2d0 (0x00002f17) x30 0x8000d2d0
core   0: 0x8000b2d4 (0xd23f2823) sw      gp, -720(t5)
core   0: 3 0x8000b2d4 (0xd23f2823) mem 0x8000d000 0x00000001
core   0: 0x8000b2d8 (0xff9ff06f) j       pc - 0x8
core   0: 3 0x8000b2d8 (0xff9ff06f)
core   0: 0x8000b2d0 (0x00002f17) auipc   t5, 0x2
core   0: 3 0x8000b2d0 (0x00002f17) x30 0x8000d2d0
core   0: 0x8000b2d4 (0xd23f2823) sw      gp, -720(t5)
core   0: 3 0x8000b2d4 (0xd23f2823) mem 0x8000d000 0x00000001
core   0: 0x8000b2d8 (0xff9ff06f) j       pc - 0x8
core   0: 3 0x8000b2d8 (0xff9ff06f)
core   0: 0x8000b2d0 (0x00002f17) auipc   t5, 0x2
core   0: 3 0x8000b2d0 (0x00002f17) x30 0x8000d2d0
core   0: 0x8000b2d4 (0xd23f2823) sw      gp, -720(t5)
core   0: 3 0x8000b2d4 (0xd23f2823) mem 0x8000d000 0x00000001
core   0: 0x8000b2d8 (0xff9ff06f) j       pc - 0x8
core   0: 3 0x8000b2d8 (0xff9ff06f)
core   0: 0x8000b2d0 (0x00002f17) auipc   t5, 0x2
core   0: 3 0x8000b2d0 (0x00002f17) x30 0x8000d2d0
core   0: 0x8000b2d4 (0xd23f2823) sw      gp, -720(t5)
core   0: 3 0x8000b2d4 (0xd23f2823) mem 0x8000d000 0x00000001
core   0: 0x8000b2d8 (0xff9ff06f) j       pc - 0x8
core   0: 3 0x8000b2d8 (0xff9ff06f)
core   0: 0x8000b2d0 (0x00002f17) auipc   t5, 0x2
core   0: 3 0x8000b2d0 (0x00002f17) x30 0x8000d2d0
core   0: 0x8000b2d4 (0xd23f2823) sw      gp, -720(t5)
core   0: 3 0x8000b2d4 (0xd23f2823) mem 0x8000d000 0x00000001
core   0: 0x8000b2d8 (0xff9ff06f) j       pc - 0x8
core   0: 3 0x8000b2d8 (0xff9ff06f)
core   0: 0x8000b2d0 (0x00002f17) auipc   t5, 0x2
core   0: 3 0x8000b2d0 (0x00002f17) x30 0x8000d2d0
core   0: 0x8000b2d4 (0xd23f2823) sw      gp, -720(t5)
core   0: 3 0x8000b2d4 (0xd23f2823) mem 0x8000d000 0x00000001
core   0: 0x8000b2d8 (0xff9ff06f) j       pc - 0x8
core   0: 3 0x8000b2d8 (0xff9ff06f)
core   0: 0x8000b2d0 (0x00002f17) auipc   t5, 0x2
core   0: 3 0x8000b2d0 (0x00002f17) x30 0x8000d2d0
core   0: 0x8000b2d4 (0xd23f2823) sw      gp, -720(t5)
core   0: 3 0x8000b2d4 (0xd23f2823) mem 0x8000d000 0x00000001
core   0: 0x8000b2d8 (0xff9ff06f) j       pc - 0x8
core   0: 3 0x8000b2d8 (0xff9ff06f)
core   0: 0x8000b2d0 (0x00002f17) auipc   t5, 0x2
core   0: 3 0x8000b2d0 (0x00002f17) x30 0x8000d2d0
core   0: 0x8000b2d4 (0xd23f2823) sw      gp, -720(t5)
core   0: 3 0x8000b2d4 (0xd23f2823) mem 0x8000d000 0x00000001
core   0: 0x8000b2d8 (0xff9ff06f) j       pc - 0x8
core   0: 3 0x8000b2d8 (0xff9ff06f)
core   0: 0x8000b2d0 (0x00002f17) auipc   t5, 0x2
core   0: 3 0x8000b2d0 (0x00002f17) x30 0x8000d2d0
core   0: 0x8000b2d4 (0xd23f2823) sw      gp, -720(t5)
core   0: 3 0x8000b2d4 (0xd23f2823) mem 0x8000d000 0x00000001
core   0: 0x8000b2d8 (0xff9ff06f) j       pc - 0x8
core   0: 3 0x8000b2d8 (0xff9ff06f)
core   0: 0x8000b2d0 (0x00002f17) auipc   t5, 0x2
core   0: 3 0x8000b2d0 (0x00002f17) x30 0x8000d2d0
core   0: 0x8000b2d4 (0xd23f2823) sw      gp, -720(t5)
core   0: 3 0x8000b2d4 (0xd23f2823) mem 0x8000d000 0x00000001
core   0: 0x8000b2d8 (0xff9ff06f) j       pc - 0x8
core   0: 3 0x8000b2d8 (0xff9ff06f)
core   0: 0x8000b2d0 (0x00002f17) auipc   t5, 0x2
core   0: 3 0x8000b2d0 (0x00002f17) x30 0x8000d2d0
core   0: 0x8000b2d4 (0xd23f2823) sw      gp, -720(t5)
core   0: 3 0x8000b2d4 (0xd23f2823) mem 0x8000d000 0x00000001
core   0: 0x8000b2d8 (0xff9ff06f) j       pc - 0x8
core   0: 3 0x8000b2d8 (0xff9ff06f)
core   0: 0x8000b2d0 (0x00002f17) auipc   t5, 0x2
core   0: 3 0x8000b2d0 (0x00002f17) x30 0x8000d2d0
core   0: 0x8000b2d4 (0xd23f2823) sw      gp, -720(t5)
core   0: 3 0x8000b2d4 (0xd23f2823) mem 0x8000d000 0x00000001
core   0: 0x8000b2d8 (0xff9ff06f) j       pc - 0x8
core   0: 3 0x8000b2d8 (0xff9ff06f)
core   0: 0x8000b2d0 (0x00002f17) auipc   t5, 0x2
core   0: 3 0x8000b2d0 (0x00002f17) x30 0x8000d2d0
core   0: 0x8000b2d4 (0xd23f2823) sw      gp, -720(t5)
core   0: 3 0x8000b2d4 (0xd23f2823) mem 0x8000d000 0x00000001
core   0: 0x8000b2d8 (0xff9ff06f) j       pc - 0x8
core   0: 3 0x8000b2d8 (0xff9ff06f)
core   0: 0x8000b2d0 (0x00002f17) auipc   t5, 0x2
core   0: 3 0x8000b2d0 (0x00002f17) x30 0x8000d2d0
core   0: 0x8000b2d4 (0xd23f2823) sw      gp, -720(t5)
core   0: 3 0x8000b2d4 (0xd23f2823) mem 0x8000d000 0x00000001
core   0: 0x8000b2d8 (0xff9ff06f) j       pc - 0x8
core   0: 3 0x8000b2d8 (0xff9ff06f)
core   0: 0x8000b2d0 (0x00002f17) auipc   t5, 0x2
core   0: 3 0x8000b2d0 (0x00002f17) x30 0x8000d2d0
core   0: 0x8000b2d4 (0xd23f2823) sw      gp, -720(t5)
core   0: 3 0x8000b2d4 (0xd23f2823) mem 0x8000d000 0x00000001
core   0: 0x8000b2d8 (0xff9ff06f) j       pc - 0x8
core   0: 3 0x8000b2d8 (0xff9ff06f)
core   0: 0x8000b2d0 (0x00002f17) auipc   t5, 0x2
core   0: 3 0x8000b2d0 (0x00002f17) x30 0x8000d2d0
core   0: 0x8000b2d4 (0xd23f2823) sw      gp, -720(t5)
core   0: 3 0x8000b2d4 (0xd23f2823) mem 0x8000d000 0x00000001
core   0: 0x8000b2d8 (0xff9ff06f) j       pc - 0x8
core   0: 3 0x8000b2d8 (0xff9ff06f)
core   0: 0x8000b2d0 (0x00002f17) auipc   t5, 0x2
core   0: 3 0x8000b2d0 (0x00002f17) x30 0x8000d2d0
core   0: 0x8000b2d4 (0xd23f2823) sw      gp, -720(t5)
core   0: 3 0x8000b2d4 (0xd23f2823) mem 0x8000d000 0x00000001
core   0: 0x8000b2d8 (0xff9ff06f) j       pc - 0x8
core   0: 3 0x8000b2d8 (0xff9ff06f)
core   0: 0x8000b2d0 (0x00002f17) auipc   t5, 0x2
core   0: 3 0x8000b2d0 (0x00002f17) x30 0x8000d2d0
core   0: 0x8000b2d4 (0xd23f2823) sw      gp, -720(t5)
core   0: 3 0x8000b2d4 (0xd23f2823) mem 0x8000d000 0x00000001
core   0: 0x8000b2d8 (0xff9ff06f) j       pc - 0x8
core   0: 3 0x8000b2d8 (0xff9ff06f)
core   0: 0x8000b2d0 (0x00002f17) auipc   t5, 0x2
core   0: 3 0x8000b2d0 (0x00002f17) x30 0x8000d2d0
core   0: 0x8000b2d4 (0xd23f2823) sw      gp, -720(t5)
core   0: 3 0x8000b2d4 (0xd23f2823) mem 0x8000d000 0x00000001
core   0: 0x8000b2d8 (0xff9ff06f) j       pc - 0x8
core   0: 3 0x8000b2d8 (0xff9ff06f)
core   0: 0x8000b2d0 (0x00002f17) auipc   t5, 0x2
core   0: 3 0x8000b2d0 (0x00002f17) x30 0x8000d2d0
core   0: 0x8000b2d4 (0xd23f2823) sw      gp, -720(t5)
core   0: 3 0x8000b2d4 (0xd23f2823) mem 0x8000d000 0x00000001
core   0: 0x8000b2d8 (0xff9ff06f) j       pc - 0x8
core   0: 3 0x8000b2d8 (0xff9ff06f)
core   0: 0x8000b2d0 (0x00002f17) auipc   t5, 0x2
core   0: 3 0x8000b2d0 (0x00002f17) x30 0x8000d2d0
core   0: 0x8000b2d4 (0xd23f2823) sw      gp, -720(t5)
core   0: 3 0x8000b2d4 (0xd23f2823) mem 0x8000d000 0x00000001
core   0: 0x8000b2d8 (0xff9ff06f) j       pc - 0x8
core   0: 3 0x8000b2d8 (0xff9ff06f)
core   0: 0x8000b2d0 (0x00002f17) auipc   t5, 0x2
core   0: 3 0x8000b2d0 (0x00002f17) x30 0x8000d2d0
core   0: 0x8000b2d4 (0xd23f2823) sw      gp, -720(t5)
core   0: 3 0x8000b2d4 (0xd23f2823) mem 0x8000d000 0x00000001
core   0: 0x8000b2d8 (0xff9ff06f) j       pc - 0x8
core   0: 3 0x8000b2d8 (0xff9ff06f)
core   0: 0x8000b2d0 (0x00002f17) auipc   t5, 0x2
core   0: 3 0x8000b2d0 (0x00002f17) x30 0x8000d2d0
core   0: 0x8000b2d4 (0xd23f2823) sw      gp, -720(t5)
core   0: 3 0x8000b2d4 (0xd23f2823) mem 0x8000d000 0x00000001
core   0: 0x8000b2d8 (0xff9ff06f) j       pc - 0x8
core   0: 3 0x8000b2d8 (0xff9ff06f)
core   0: 0x8000b2d0 (0x00002f17) auipc   t5, 0x2
core   0: 3 0x8000b2d0 (0x00002f17) x30 0x8000d2d0
core   0: 0x8000b2d4 (0xd23f2823) sw      gp, -720(t5)
core   0: 3 0x8000b2d4 (0xd23f2823) mem 0x8000d000 0x00000001
core   0: 0x8000b2d8 (0xff9ff06f) j       pc - 0x8
core   0: 3 0x8000b2d8 (0xff9ff06f)
core   0: 0x8000b2d0 (0x00002f17) auipc   t5, 0x2
core   0: 3 0x8000b2d0 (0x00002f17) x30 0x8000d2d0
core   0: 0x8000b2d4 (0xd23f2823) sw      gp, -720(t5)
core   0: 3 0x8000b2d4 (0xd23f2823) mem 0x8000d000 0x00000001
core   0: 0x8000b2d8 (0xff9ff06f) j       pc - 0x8
core   0: 3 0x8000b2d8 (0xff9ff06f)
core   0: 0x8000b2d0 (0x00002f17) auipc   t5, 0x2
core   0: 3 0x8000b2d0 (0x00002f17) x30 0x8000d2d0
core   0: 0x8000b2d4 (0xd23f2823) sw      gp, -720(t5)
core   0: 3 0x8000b2d4 (0xd23f2823) mem 0x8000d000 0x00000001
core   0: 0x8000b2d8 (0xff9ff06f) j       pc - 0x8
core   0: 3 0x8000b2d8 (0xff9ff06f)
core   0: 0x8000b2d0 (0x00002f17) auipc   t5, 0x2
core   0: 3 0x8000b2d0 (0x00002f17) x30 0x8000d2d0
core   0: 0x8000b2d4 (0xd23f2823) sw      gp, -720(t5)
core   0: 3 0x8000b2d4 (0xd23f2823) mem 0x8000d000 0x00000001
core   0: 0x8000b2d8 (0xff9ff06f) j       pc - 0x8
core   0: 3 0x8000b2d8 (0xff9ff06f)
core   0: 0x8000b2d0 (0x00002f17) auipc   t5, 0x2
core   0: 3 0x8000b2d0 (0x00002f17) x30 0x8000d2d0
core   0: 0x8000b2d4 (0xd23f2823) sw      gp, -720(t5)
core   0: 3 0x8000b2d4 (0xd23f2823) mem 0x8000d000 0x00000001
core   0: 0x8000b2d8 (0xff9ff06f) j       pc - 0x8
core   0: 3 0x8000b2d8 (0xff9ff06f)
core   0: 0x8000b2d0 (0x00002f17) auipc   t5, 0x2
core   0: 3 0x8000b2d0 (0x00002f17) x30 0x8000d2d0
core   0: 0x8000b2d4 (0xd23f2823) sw      gp, -720(t5)
core   0: 3 0x8000b2d4 (0xd23f2823) mem 0x8000d000 0x00000001
core   0: 0x8000b2d8 (0xff9ff06f) j       pc - 0x8
core   0: 3 0x8000b2d8 (0xff9ff06f)
core   0: 0x8000b2d0 (0x00002f17) auipc   t5, 0x2
core   0: 3 0x8000b2d0 (0x00002f17) x30 0x8000d2d0
core   0: 0x8000b2d4 (0xd23f2823) sw      gp, -720(t5)
core   0: 3 0x8000b2d4 (0xd23f2823) mem 0x8000d000 0x00000001
core   0: 0x8000b2d8 (0xff9ff06f) j       pc - 0x8
core   0: 3 0x8000b2d8 (0xff9ff06f)
core   0: 0x8000b2d0 (0x00002f17) auipc   t5, 0x2
core   0: 3 0x8000b2d0 (0x00002f17) x30 0x8000d2d0
core   0: 0x8000b2d4 (0xd23f2823) sw      gp, -720(t5)
core   0: 3 0x8000b2d4 (0xd23f2823) mem 0x8000d000 0x00000001
core   0: 0x8000b2d8 (0xff9ff06f) j       pc - 0x8
core   0: 3 0x8000b2d8 (0xff9ff06f)
core   0: 0x8000b2d0 (0x00002f17) auipc   t5, 0x2
core   0: 3 0x8000b2d0 (0x00002f17) x30 0x8000d2d0
core   0: 0x8000b2d4 (0xd23f2823) sw      gp, -720(t5)
core   0: 3 0x8000b2d4 (0xd23f2823) mem 0x8000d000 0x00000001
core   0: 0x8000b2d8 (0xff9ff06f) j       pc - 0x8
core   0: 3 0x8000b2d8 (0xff9ff06f)
core   0: 0x8000b2d0 (0x00002f17) auipc   t5, 0x2
core   0: 3 0x8000b2d0 (0x00002f17) x30 0x8000d2d0
core   0: 0x8000b2d4 (0xd23f2823) sw      gp, -720(t5)
core   0: 3 0x8000b2d4 (0xd23f2823) mem 0x8000d000 0x00000001
core   0: 0x8000b2d8 (0xff9ff06f) j       pc - 0x8
core   0: 3 0x8000b2d8 (0xff9ff06f)
core   0: 0x8000b2d0 (0x00002f17) auipc   t5, 0x2
core   0: 3 0x8000b2d0 (0x00002f17) x30 0x8000d2d0
core   0: 0x8000b2d4 (0xd23f2823) sw      gp, -720(t5)
core   0: 3 0x8000b2d4 (0xd23f2823) mem 0x8000d000 0x00000001
core   0: 0x8000b2d8 (0xff9ff06f) j       pc - 0x8
core   0: 3 0x8000b2d8 (0xff9ff06f)
core   0: 0x8000b2d0 (0x00002f17) auipc   t5, 0x2
core   0: 3 0x8000b2d0 (0x00002f17) x30 0x8000d2d0
core   0: 0x8000b2d4 (0xd23f2823) sw      gp, -720(t5)
core   0: 3 0x8000b2d4 (0xd23f2823) mem 0x8000d000 0x00000001
core   0: 0x8000b2d8 (0xff9ff06f) j       pc - 0x8
core   0: 3 0x8000b2d8 (0xff9ff06f)
core   0: 0x8000b2d0 (0x00002f17) auipc   t5, 0x2
core   0: 3 0x8000b2d0 (0x00002f17) x30 0x8000d2d0
core   0: 0x8000b2d4 (0xd23f2823) sw      gp, -720(t5)
core   0: 3 0x8000b2d4 (0xd23f2823) mem 0x8000d000 0x00000001
core   0: 0x8000b2d8 (0xff9ff06f) j       pc - 0x8
core   0: 3 0x8000b2d8 (0xff9ff06f)
core   0: 0x8000b2d0 (0x00002f17) auipc   t5, 0x2
core   0: 3 0x8000b2d0 (0x00002f17) x30 0x8000d2d0
core   0: 0x8000b2d4 (0xd23f2823) sw      gp, -720(t5)
core   0: 3 0x8000b2d4 (0xd23f2823) mem 0x8000d000 0x00000001
core   0: 0x8000b2d8 (0xff9ff06f) j       pc - 0x8
core   0: 3 0x8000b2d8 (0xff9ff06f)
core   0: 0x8000b2d0 (0x00002f17) auipc   t5, 0x2
core   0: 3 0x8000b2d0 (0x00002f17) x30 0x8000d2d0
core   0: 0x8000b2d4 (0xd23f2823) sw      gp, -720(t5)
core   0: 3 0x8000b2d4 (0xd23f2823) mem 0x8000d000 0x00000001
core   0: 0x8000b2d8 (0xff9ff06f) j       pc - 0x8
core   0: 3 0x8000b2d8 (0xff9ff06f)
core   0: 0x8000b2d0 (0x00002f17) auipc   t5, 0x2
core   0: 3 0x8000b2d0 (0x00002f17) x30 0x8000d2d0
core   0: 0x8000b2d4 (0xd23f2823) sw      gp, -720(t5)
core   0: 3 0x8000b2d4 (0xd23f2823) mem 0x8000d000 0x00000001
core   0: 0x8000b2d8 (0xff9ff06f) j       pc - 0x8
core   0: 3 0x8000b2d8 (0xff9ff06f)
core   0: 0x8000b2d0 (0x00002f17) auipc   t5, 0x2
core   0: 3 0x8000b2d0 (0x00002f17) x30 0x8000d2d0
core   0: 0x8000b2d4 (0xd23f2823) sw      gp, -720(t5)
core   0: 3 0x8000b2d4 (0xd23f2823) mem 0x8000d000 0x00000001
core   0: 0x8000b2d8 (0xff9ff06f) j       pc - 0x8
core   0: 3 0x8000b2d8 (0xff9ff06f)
core   0: 0x8000b2d0 (0x00002f17) auipc   t5, 0x2
core   0: 3 0x8000b2d0 (0x00002f17) x30 0x8000d2d0
core   0: 0x8000b2d4 (0xd23f2823) sw      gp, -720(t5)
core   0: 3 0x8000b2d4 (0xd23f2823) mem 0x8000d000 0x00000001
core   0: 0x8000b2d8 (0xff9ff06f) j       pc - 0x8
core   0: 3 0x8000b2d8 (0xff9ff06f)
core   0: 0x8000b2d0 (0x00002f17) auipc   t5, 0x2
core   0: 3 0x8000b2d0 (0x00002f17) x30 0x8000d2d0
core   0: 0x8000b2d4 (0xd23f2823) sw      gp, -720(t5)
core   0: 3 0x8000b2d4 (0xd23f2823) mem 0x8000d000 0x00000001
core   0: 0x8000b2d8 (0xff9ff06f) j       pc - 0x8
core   0: 3 0x8000b2d8 (0xff9ff06f)
core   0: 0x8000b2d0 (0x00002f17) auipc   t5, 0x2
core   0: 3 0x8000b2d0 (0x00002f17) x30 0x8000d2d0
core   0: 0x8000b2d4 (0xd23f2823) sw      gp, -720(t5)
core   0: 3 0x8000b2d4 (0xd23f2823) mem 0x8000d000 0x00000001
core   0: 0x8000b2d8 (0xff9ff06f) j       pc - 0x8
core   0: 3 0x8000b2d8 (0xff9ff06f)
core   0: 0x8000b2d0 (0x00002f17) auipc   t5, 0x2
core   0: 3 0x8000b2d0 (0x00002f17) x30 0x8000d2d0
core   0: 0x8000b2d4 (0xd23f2823) sw      gp, -720(t5)
core   0: 3 0x8000b2d4 (0xd23f2823) mem 0x8000d000 0x00000001
core   0: 0x8000b2d8 (0xff9ff06f) j       pc - 0x8
core   0: 3 0x8000b2d8 (0xff9ff06f)
core   0: 0x8000b2d0 (0x00002f17) auipc   t5, 0x2
core   0: 3 0x8000b2d0 (0x00002f17) x30 0x8000d2d0
core   0: 0x8000b2d4 (0xd23f2823) sw      gp, -720(t5)
core   0: 3 0x8000b2d4 (0xd23f2823) mem 0x8000d000 0x00000001
core   0: 0x8000b2d8 (0xff9ff06f) j       pc - 0x8
core   0: 3 0x8000b2d8 (0xff9ff06f)
core   0: 0x8000b2d0 (0x00002f17) auipc   t5, 0x2
core   0: 3 0x8000b2d0 (0x00002f17) x30 0x8000d2d0
core   0: 0x8000b2d4 (0xd23f2823) sw      gp, -720(t5)
core   0: 3 0x8000b2d4 (0xd23f2823) mem 0x8000d000 0x00000001
core   0: 0x8000b2d8 (0xff9ff06f) j       pc - 0x8
core   0: 3 0x8000b2d8 (0xff9ff06f)
core   0: 0x8000b2d0 (0x00002f17) auipc   t5, 0x2
core   0: 3 0x8000b2d0 (0x00002f17) x30 0x8000d2d0
core   0: 0x8000b2d4 (0xd23f2823) sw      gp, -720(t5)
core   0: 3 0x8000b2d4 (0xd23f2823) mem 0x8000d000 0x00000001
core   0: 0x8000b2d8 (0xff9ff06f) j       pc - 0x8
core   0: 3 0x8000b2d8 (0xff9ff06f)
core   0: 0x8000b2d0 (0x00002f17) auipc   t5, 0x2
core   0: 3 0x8000b2d0 (0x00002f17) x30 0x8000d2d0
core   0: 0x8000b2d4 (0xd23f2823) sw      gp, -720(t5)
core   0: 3 0x8000b2d4 (0xd23f2823) mem 0x8000d000 0x00000001
core   0: 0x8000b2d8 (0xff9ff06f) j       pc - 0x8
core   0: 3 0x8000b2d8 (0xff9ff06f)
core   0: 0x8000b2d0 (0x00002f17) auipc   t5, 0x2
core   0: 3 0x8000b2d0 (0x00002f17) x30 0x8000d2d0
core   0: 0x8000b2d4 (0xd23f2823) sw      gp, -720(t5)
core   0: 3 0x8000b2d4 (0xd23f2823) mem 0x8000d000 0x00000001
core   0: 0x8000b2d8 (0xff9ff06f) j       pc - 0x8
core   0: 3 0x8000b2d8 (0xff9ff06f)
core   0: 0x8000b2d0 (0x00002f17) auipc   t5, 0x2
core   0: 3 0x8000b2d0 (0x00002f17) x30 0x8000d2d0
core   0: 0x8000b2d4 (0xd23f2823) sw      gp, -720(t5)
core   0: 3 0x8000b2d4 (0xd23f2823) mem 0x8000d000 0x00000001
core   0: 0x8000b2d8 (0xff9ff06f) j       pc - 0x8
core   0: 3 0x8000b2d8 (0xff9ff06f)
core   0: 0x8000b2d0 (0x00002f17) auipc   t5, 0x2
core   0: 3 0x8000b2d0 (0x00002f17) x30 0x8000d2d0
core   0: 0x8000b2d4 (0xd23f2823) sw      gp, -720(t5)
core   0: 3 0x8000b2d4 (0xd23f2823) mem 0x8000d000 0x00000001
core   0: 0x8000b2d8 (0xff9ff06f) j       pc - 0x8
core   0: 3 0x8000b2d8 (0xff9ff06f)
core   0: 0x8000b2d0 (0x00002f17) auipc   t5, 0x2
core   0: 3 0x8000b2d0 (0x00002f17) x30 0x8000d2d0
core   0: 0x8000b2d4 (0xd23f2823) sw      gp, -720(t5)
core   0: 3 0x8000b2d4 (0xd23f2823) mem 0x8000d000 0x00000001
core   0: 0x8000b2d8 (0xff9ff06f) j       pc - 0x8
core   0: 3 0x8000b2d8 (0xff9ff06f)
core   0: 0x8000b2d0 (0x00002f17) auipc   t5, 0x2
core   0: 3 0x8000b2d0 (0x00002f17) x30 0x8000d2d0
core   0: 0x8000b2d4 (0xd23f2823) sw      gp, -720(t5)
core   0: 3 0x8000b2d4 (0xd23f2823) mem 0x8000d000 0x00000001
core   0: 0x8000b2d8 (0xff9ff06f) j       pc - 0x8
core   0: 3 0x8000b2d8 (0xff9ff06f)
core   0: 0x8000b2d0 (0x00002f17) auipc   t5, 0x2
core   0: 3 0x8000b2d0 (0x00002f17) x30 0x8000d2d0
core   0: 0x8000b2d4 (0xd23f2823) sw      gp, -720(t5)
core   0: 3 0x8000b2d4 (0xd23f2823) mem 0x8000d000 0x00000001
core   0: 0x8000b2d8 (0xff9ff06f) j       pc - 0x8
core   0: 3 0x8000b2d8 (0xff9ff06f)
core   0: 0x8000b2d0 (0x00002f17) auipc   t5, 0x2
core   0: 3 0x8000b2d0 (0x00002f17) x30 0x8000d2d0
core   0: 0x8000b2d4 (0xd23f2823) sw      gp, -720(t5)
core   0: 3 0x8000b2d4 (0xd23f2823) mem 0x8000d000 0x00000001
core   0: 0x8000b2d8 (0xff9ff06f) j       pc - 0x8
core   0: 3 0x8000b2d8 (0xff9ff06f)
core   0: 0x8000b2d0 (0x00002f17) auipc   t5, 0x2
core   0: 3 0x8000b2d0 (0x00002f17) x30 0x8000d2d0
core   0: 0x8000b2d4 (0xd23f2823) sw      gp, -720(t5)
core   0: 3 0x8000b2d4 (0xd23f2823) mem 0x8000d000 0x00000001
core   0: 0x8000b2d8 (0xff9ff06f) j       pc - 0x8
core   0: 3 0x8000b2d8 (0xff9ff06f)
core   0: 0x8000b2d0 (0x00002f17) auipc   t5, 0x2
core   0: 3 0x8000b2d0 (0x00002f17) x30 0x8000d2d0
core   0: 0x8000b2d4 (0xd23f2823) sw      gp, -720(t5)
core   0: 3 0x8000b2d4 (0xd23f2823) mem 0x8000d000 0x00000001
core   0: 0x8000b2d8 (0xff9ff06f) j       pc - 0x8
core   0: 3 0x8000b2d8 (0xff9ff06f)
core   0: 0x8000b2d0 (0x00002f17) auipc   t5, 0x2
core   0: 3 0x8000b2d0 (0x00002f17) x30 0x8000d2d0
core   0: 0x8000b2d4 (0xd23f2823) sw      gp, -720(t5)
core   0: 3 0x8000b2d4 (0xd23f2823) mem 0x8000d000 0x00000001
core   0: 0x8000b2d8 (0xff9ff06f) j       pc - 0x8
core   0: 3 0x8000b2d8 (0xff9ff06f)
core   0: 0x8000b2d0 (0x00002f17) auipc   t5, 0x2
core   0: 3 0x8000b2d0 (0x00002f17) x30 0x8000d2d0
core   0: 0x8000b2d4 (0xd23f2823) sw      gp, -720(t5)
core   0: 3 0x8000b2d4 (0xd23f2823) mem 0x8000d000 0x00000001
core   0: 0x8000b2d8 (0xff9ff06f) j       pc - 0x8
core   0: 3 0x8000b2d8 (0xff9ff06f)
core   0: 0x8000b2d0 (0x00002f17) auipc   t5, 0x2
core   0: 3 0x8000b2d0 (0x00002f17) x30 0x8000d2d0
core   0: 0x8000b2d4 (0xd23f2823) sw      gp, -720(t5)
core   0: 3 0x8000b2d4 (0xd23f2823) mem 0x8000d000 0x00000001
core   0: 0x8000b2d8 (0xff9ff06f) j       pc - 0x8
core   0: 3 0x8000b2d8 (0xff9ff06f)
core   0: 0x8000b2d0 (0x00002f17) auipc   t5, 0x2
core   0: 3 0x8000b2d0 (0x00002f17) x30 0x8000d2d0
core   0: 0x8000b2d4 (0xd23f2823) sw      gp, -720(t5)
core   0: 3 0x8000b2d4 (0xd23f2823) mem 0x8000d000 0x00000001
core   0: 0x8000b2d8 (0xff9ff06f) j       pc - 0x8
core   0: 3 0x8000b2d8 (0xff9ff06f)
core   0: 0x8000b2d0 (0x00002f17) auipc   t5, 0x2
core   0: 3 0x8000b2d0 (0x00002f17) x30 0x8000d2d0
core   0: 0x8000b2d4 (0xd23f2823) sw      gp, -720(t5)
core   0: 3 0x8000b2d4 (0xd23f2823) mem 0x8000d000 0x00000001
core   0: 0x8000b2d8 (0xff9ff06f) j       pc - 0x8
core   0: 3 0x8000b2d8 (0xff9ff06f)
core   0: 0x8000b2d0 (0x00002f17) auipc   t5, 0x2
core   0: 3 0x8000b2d0 (0x00002f17) x30 0x8000d2d0
core   0: 0x8000b2d4 (0xd23f2823) sw      gp, -720(t5)
core   0: 3 0x8000b2d4 (0xd23f2823) mem 0x8000d000 0x00000001
core   0: 0x8000b2d8 (0xff9ff06f) j       pc - 0x8
core   0: 3 0x8000b2d8 (0xff9ff06f)
core   0: 0x8000b2d0 (0x00002f17) auipc   t5, 0x2
core   0: 3 0x8000b2d0 (0x00002f17) x30 0x8000d2d0
core   0: 0x8000b2d4 (0xd23f2823) sw      gp, -720(t5)
core   0: 3 0x8000b2d4 (0xd23f2823) mem 0x8000d000 0x00000001
core   0: 0x8000b2d8 (0xff9ff06f) j       pc - 0x8
core   0: 3 0x8000b2d8 (0xff9ff06f)
core   0: 0x8000b2d0 (0x00002f17) auipc   t5, 0x2
core   0: 3 0x8000b2d0 (0x00002f17) x30 0x8000d2d0
core   0: 0x8000b2d4 (0xd23f2823) sw      gp, -720(t5)
core   0: 3 0x8000b2d4 (0xd23f2823) mem 0x8000d000 0x00000001
core   0: 0x8000b2d8 (0xff9ff06f) j       pc - 0x8
core   0: 3 0x8000b2d8 (0xff9ff06f)
core   0: 0x8000b2d0 (0x00002f17) auipc   t5, 0x2
core   0: 3 0x8000b2d0 (0x00002f17) x30 0x8000d2d0
core   0: 0x8000b2d4 (0xd23f2823) sw      gp, -720(t5)
core   0: 3 0x8000b2d4 (0xd23f2823) mem 0x8000d000 0x00000001
core   0: 0x8000b2d8 (0xff9ff06f) j       pc - 0x8
core   0: 3 0x8000b2d8 (0xff9ff06f)
core   0: 0x8000b2d0 (0x00002f17) auipc   t5, 0x2
core   0: 3 0x8000b2d0 (0x00002f17) x30 0x8000d2d0
core   0: 0x8000b2d4 (0xd23f2823) sw      gp, -720(t5)
core   0: 3 0x8000b2d4 (0xd23f2823) mem 0x8000d000 0x00000001
core   0: 0x8000b2d8 (0xff9ff06f) j       pc - 0x8
core   0: 3 0x8000b2d8 (0xff9ff06f)
core   0: 0x8000b2d0 (0x00002f17) auipc   t5, 0x2
core   0: 3 0x8000b2d0 (0x00002f17) x30 0x8000d2d0
core   0: 0x8000b2d4 (0xd23f2823) sw      gp, -720(t5)
core   0: 3 0x8000b2d4 (0xd23f2823) mem 0x8000d000 0x00000001
core   0: 0x8000b2d8 (0xff9ff06f) j       pc - 0x8
core   0: 3 0x8000b2d8 (0xff9ff06f)
core   0: 0x8000b2d0 (0x00002f17) auipc   t5, 0x2
core   0: 3 0x8000b2d0 (0x00002f17) x30 0x8000d2d0
core   0: 0x8000b2d4 (0xd23f2823) sw      gp, -720(t5)
core   0: 3 0x8000b2d4 (0xd23f2823) mem 0x8000d000 0x00000001
core   0: 0x8000b2d8 (0xff9ff06f) j       pc - 0x8
core   0: 3 0x8000b2d8 (0xff9ff06f)
core   0: 0x8000b2d0 (0x00002f17) auipc   t5, 0x2
core   0: 3 0x8000b2d0 (0x00002f17) x30 0x8000d2d0
core   0: 0x8000b2d4 (0xd23f2823) sw      gp, -720(t5)
core   0: 3 0x8000b2d4 (0xd23f2823) mem 0x8000d000 0x00000001
core   0: 0x8000b2d8 (0xff9ff06f) j       pc - 0x8
core   0: 3 0x8000b2d8 (0xff9ff06f)
core   0: 0x8000b2d0 (0x00002f17) auipc   t5, 0x2
core   0: 3 0x8000b2d0 (0x00002f17) x30 0x8000d2d0
core   0: 0x8000b2d4 (0xd23f2823) sw      gp, -720(t5)
core   0: 3 0x8000b2d4 (0xd23f2823) mem 0x8000d000 0x00000001
core   0: 0x8000b2d8 (0xff9ff06f) j       pc - 0x8
core   0: 3 0x8000b2d8 (0xff9ff06f)
core   0: 0x8000b2d0 (0x00002f17) auipc   t5, 0x2
core   0: 3 0x8000b2d0 (0x00002f17) x30 0x8000d2d0
core   0: 0x8000b2d4 (0xd23f2823) sw      gp, -720(t5)
core   0: 3 0x8000b2d4 (0xd23f2823) mem 0x8000d000 0x00000001
core   0: 0x8000b2d8 (0xff9ff06f) j       pc - 0x8
core   0: 3 0x8000b2d8 (0xff9ff06f)
core   0: 0x8000b2d0 (0x00002f17) auipc   t5, 0x2
core   0: 3 0x8000b2d0 (0x00002f17) x30 0x8000d2d0
core   0: 0x8000b2d4 (0xd23f2823) sw      gp, -720(t5)
core   0: 3 0x8000b2d4 (0xd23f2823) mem 0x8000d000 0x00000001
core   0: 0x8000b2d8 (0xff9ff06f) j       pc - 0x8
core   0: 3 0x8000b2d8 (0xff9ff06f)
core   0: 0x8000b2d0 (0x00002f17) auipc   t5, 0x2
core   0: 3 0x8000b2d0 (0x00002f17) x30 0x8000d2d0
core   0: 0x8000b2d4 (0xd23f2823) sw      gp, -720(t5)
core   0: 3 0x8000b2d4 (0xd23f2823) mem 0x8000d000 0x00000001
core   0: 0x8000b2d8 (0xff9ff06f) j       pc - 0x8
core   0: 3 0x8000b2d8 (0xff9ff06f)
core   0: 0x8000b2d0 (0x00002f17) auipc   t5, 0x2
core   0: 3 0x8000b2d0 (0x00002f17) x30 0x8000d2d0
core   0: 0x8000b2d4 (0xd23f2823) sw      gp, -720(t5)
core   0: 3 0x8000b2d4 (0xd23f2823) mem 0x8000d000 0x00000001
core   0: 0x8000b2d8 (0xff9ff06f) j       pc - 0x8
core   0: 3 0x8000b2d8 (0xff9ff06f)
core   0: 0x8000b2d0 (0x00002f17) auipc   t5, 0x2
core   0: 3 0x8000b2d0 (0x00002f17) x30 0x8000d2d0
core   0: 0x8000b2d4 (0xd23f2823) sw      gp, -720(t5)
core   0: 3 0x8000b2d4 (0xd23f2823) mem 0x8000d000 0x00000001
core   0: 0x8000b2d8 (0xff9ff06f) j       pc - 0x8
core   0: 3 0x8000b2d8 (0xff9ff06f)
core   0: 0x8000b2d0 (0x00002f17) auipc   t5, 0x2
core   0: 3 0x8000b2d0 (0x00002f17) x30 0x8000d2d0
core   0: 0x8000b2d4 (0xd23f2823) sw      gp, -720(t5)
core   0: 3 0x8000b2d4 (0xd23f2823) mem 0x8000d000 0x00000001
core   0: 0x8000b2d8 (0xff9ff06f) j       pc - 0x8
core   0: 3 0x8000b2d8 (0xff9ff06f)
core   0: 0x8000b2d0 (0x00002f17) auipc   t5, 0x2
core   0: 3 0x8000b2d0 (0x00002f17) x30 0x8000d2d0
core   0: 0x8000b2d4 (0xd23f2823) sw      gp, -720(t5)
core   0: 3 0x8000b2d4 (0xd23f2823) mem 0x8000d000 0x00000001
core   0: 0x8000b2d8 (0xff9ff06f) j       pc - 0x8
core   0: 3 0x8000b2d8 (0xff9ff06f)
core   0: 0x8000b2d0 (0x00002f17) auipc   t5, 0x2
core   0: 3 0x8000b2d0 (0x00002f17) x30 0x8000d2d0
core   0: 0x8000b2d4 (0xd23f2823) sw      gp, -720(t5)
core   0: 3 0x8000b2d4 (0xd23f2823) mem 0x8000d000 0x00000001
core   0: 0x8000b2d8 (0xff9ff06f) j       pc - 0x8
core   0: 3 0x8000b2d8 (0xff9ff06f)
core   0: 0x8000b2d0 (0x00002f17) auipc   t5, 0x2
core   0: 3 0x8000b2d0 (0x00002f17) x30 0x8000d2d0
core   0: 0x8000b2d4 (0xd23f2823) sw      gp, -720(t5)
core   0: 3 0x8000b2d4 (0xd23f2823) mem 0x8000d000 0x00000001
core   0: 0x8000b2d8 (0xff9ff06f) j       pc - 0x8
core   0: 3 0x8000b2d8 (0xff9ff06f)
core   0: 0x8000b2d0 (0x00002f17) auipc   t5, 0x2
core   0: 3 0x8000b2d0 (0x00002f17) x30 0x8000d2d0
core   0: 0x8000b2d4 (0xd23f2823) sw      gp, -720(t5)
core   0: 3 0x8000b2d4 (0xd23f2823) mem 0x8000d000 0x00000001
core   0: 0x8000b2d8 (0xff9ff06f) j       pc - 0x8
core   0: 3 0x8000b2d8 (0xff9ff06f)
core   0: 0x8000b2d0 (0x00002f17) auipc   t5, 0x2
core   0: 3 0x8000b2d0 (0x00002f17) x30 0x8000d2d0
core   0: 0x8000b2d4 (0xd23f2823) sw      gp, -720(t5)
core   0: 3 0x8000b2d4 (0xd23f2823) mem 0x8000d000 0x00000001
core   0: 0x8000b2d8 (0xff9ff06f) j       pc - 0x8
core   0: 3 0x8000b2d8 (0xff9ff06f)
core   0: 0x8000b2d0 (0x00002f17) auipc   t5, 0x2
core   0: 3 0x8000b2d0 (0x00002f17) x30 0x8000d2d0
core   0: 0x8000b2d4 (0xd23f2823) sw      gp, -720(t5)
core   0: 3 0x8000b2d4 (0xd23f2823) mem 0x8000d000 0x00000001
core   0: 0x8000b2d8 (0xff9ff06f) j       pc - 0x8
core   0: 3 0x8000b2d8 (0xff9ff06f)
core   0: 0x8000b2d0 (0x00002f17) auipc   t5, 0x2
core   0: 3 0x8000b2d0 (0x00002f17) x30 0x8000d2d0
core   0: 0x8000b2d4 (0xd23f2823) sw      gp, -720(t5)
core   0: 3 0x8000b2d4 (0xd23f2823) mem 0x8000d000 0x00000001
core   0: 0x8000b2d8 (0xff9ff06f) j       pc - 0x8
core   0: 3 0x8000b2d8 (0xff9ff06f)
core   0: 0x8000b2d0 (0x00002f17) auipc   t5, 0x2
core   0: 3 0x8000b2d0 (0x00002f17) x30 0x8000d2d0
core   0: 0x8000b2d4 (0xd23f2823) sw      gp, -720(t5)
core   0: 3 0x8000b2d4 (0xd23f2823) mem 0x8000d000 0x00000001
core   0: 0x8000b2d8 (0xff9ff06f) j       pc - 0x8
core   0: 3 0x8000b2d8 (0xff9ff06f)
core   0: 0x8000b2d0 (0x00002f17) auipc   t5, 0x2
core   0: 3 0x8000b2d0 (0x00002f17) x30 0x8000d2d0
core   0: 0x8000b2d4 (0xd23f2823) sw      gp, -720(t5)
core   0: 3 0x8000b2d4 (0xd23f2823) mem 0x8000d000 0x00000001
core   0: 0x8000b2d8 (0xff9ff06f) j       pc - 0x8
core   0: 3 0x8000b2d8 (0xff9ff06f)
core   0: 0x8000b2d0 (0x00002f17) auipc   t5, 0x2
core   0: 3 0x8000b2d0 (0x00002f17) x30 0x8000d2d0
core   0: 0x8000b2d4 (0xd23f2823) sw      gp, -720(t5)
core   0: 3 0x8000b2d4 (0xd23f2823) mem 0x8000d000 0x00000001
core   0: 0x8000b2d8 (0xff9ff06f) j       pc - 0x8
core   0: 3 0x8000b2d8 (0xff9ff06f)
core   0: 0x8000b2d0 (0x00002f17) auipc   t5, 0x2
core   0: 3 0x8000b2d0 (0x00002f17) x30 0x8000d2d0
core   0: 0x8000b2d4 (0xd23f2823) sw      gp, -720(t5)
core   0: 3 0x8000b2d4 (0xd23f2823) mem 0x8000d000 0x00000001
core   0: 0x8000b2d8 (0xff9ff06f) j       pc - 0x8
core   0: 3 0x8000b2d8 (0xff9ff06f)
core   0: 0x8000b2d0 (0x00002f17) auipc   t5, 0x2
core   0: 3 0x8000b2d0 (0x00002f17) x30 0x8000d2d0
core   0: 0x8000b2d4 (0xd23f2823) sw      gp, -720(t5)
core   0: 3 0x8000b2d4 (0xd23f2823) mem 0x8000d000 0x00000001
core   0: 0x8000b2d8 (0xff9ff06f) j       pc - 0x8
core   0: 3 0x8000b2d8 (0xff9ff06f)
core   0: 0x8000b2d0 (0x00002f17) auipc   t5, 0x2
core   0: 3 0x8000b2d0 (0x00002f17) x30 0x8000d2d0
core   0: 0x8000b2d4 (0xd23f2823) sw      gp, -720(t5)
core   0: 3 0x8000b2d4 (0xd23f2823) mem 0x8000d000 0x00000001
core   0: 0x8000b2d8 (0xff9ff06f) j       pc - 0x8
core   0: 3 0x8000b2d8 (0xff9ff06f)
core   0: 0x8000b2d0 (0x00002f17) auipc   t5, 0x2
core   0: 3 0x8000b2d0 (0x00002f17) x30 0x8000d2d0
core   0: 0x8000b2d4 (0xd23f2823) sw      gp, -720(t5)
core   0: 3 0x8000b2d4 (0xd23f2823) mem 0x8000d000 0x00000001
core   0: 0x8000b2d8 (0xff9ff06f) j       pc - 0x8
core   0: 3 0x8000b2d8 (0xff9ff06f)
core   0: 0x8000b2d0 (0x00002f17) auipc   t5, 0x2
core   0: 3 0x8000b2d0 (0x00002f17) x30 0x8000d2d0
core   0: 0x8000b2d4 (0xd23f2823) sw      gp, -720(t5)
core   0: 3 0x8000b2d4 (0xd23f2823) mem 0x8000d000 0x00000001
core   0: 0x8000b2d8 (0xff9ff06f) j       pc - 0x8
core   0: 3 0x8000b2d8 (0xff9ff06f)
core   0: 0x8000b2d0 (0x00002f17) auipc   t5, 0x2
core   0: 3 0x8000b2d0 (0x00002f17) x30 0x8000d2d0
core   0: 0x8000b2d4 (0xd23f2823) sw      gp, -720(t5)
core   0: 3 0x8000b2d4 (0xd23f2823) mem 0x8000d000 0x00000001
core   0: 0x8000b2d8 (0xff9ff06f) j       pc - 0x8
core   0: 3 0x8000b2d8 (0xff9ff06f)
core   0: 0x8000b2d0 (0x00002f17) auipc   t5, 0x2
core   0: 3 0x8000b2d0 (0x00002f17) x30 0x8000d2d0
core   0: 0x8000b2d4 (0xd23f2823) sw      gp, -720(t5)
core   0: 3 0x8000b2d4 (0xd23f2823) mem 0x8000d000 0x00000001
core   0: 0x8000b2d8 (0xff9ff06f) j       pc - 0x8
core   0: 3 0x8000b2d8 (0xff9ff06f)
core   0: 0x8000b2d0 (0x00002f17) auipc   t5, 0x2
core   0: 3 0x8000b2d0 (0x00002f17) x30 0x8000d2d0
core   0: 0x8000b2d4 (0xd23f2823) sw      gp, -720(t5)
core   0: 3 0x8000b2d4 (0xd23f2823) mem 0x8000d000 0x00000001
core   0: 0x8000b2d8 (0xff9ff06f) j       pc - 0x8
core   0: 3 0x8000b2d8 (0xff9ff06f)
core   0: 0x8000b2d0 (0x00002f17) auipc   t5, 0x2
core   0: 3 0x8000b2d0 (0x00002f17) x30 0x8000d2d0
core   0: 0x8000b2d4 (0xd23f2823) sw      gp, -720(t5)
core   0: 3 0x8000b2d4 (0xd23f2823) mem 0x8000d000 0x00000001
core   0: 0x8000b2d8 (0xff9ff06f) j       pc - 0x8
core   0: 3 0x8000b2d8 (0xff9ff06f)
core   0: 0x8000b2d0 (0x00002f17) auipc   t5, 0x2
core   0: 3 0x8000b2d0 (0x00002f17) x30 0x8000d2d0
core   0: 0x8000b2d4 (0xd23f2823) sw      gp, -720(t5)
core   0: 3 0x8000b2d4 (0xd23f2823) mem 0x8000d000 0x00000001
core   0: 0x8000b2d8 (0xff9ff06f) j       pc - 0x8
core   0: 3 0x8000b2d8 (0xff9ff06f)
core   0: 0x8000b2d0 (0x00002f17) auipc   t5, 0x2
core   0: 3 0x8000b2d0 (0x00002f17) x30 0x8000d2d0
core   0: 0x8000b2d4 (0xd23f2823) sw      gp, -720(t5)
core   0: 3 0x8000b2d4 (0xd23f2823) mem 0x8000d000 0x00000001
core   0: 0x8000b2d8 (0xff9ff06f) j       pc - 0x8
core   0: 3 0x8000b2d8 (0xff9ff06f)
core   0: 0x8000b2d0 (0x00002f17) auipc   t5, 0x2
core   0: 3 0x8000b2d0 (0x00002f17) x30 0x8000d2d0
core   0: 0x8000b2d4 (0xd23f2823) sw      gp, -720(t5)
core   0: 3 0x8000b2d4 (0xd23f2823) mem 0x8000d000 0x00000001
core   0: 0x8000b2d8 (0xff9ff06f) j       pc - 0x8
core   0: 3 0x8000b2d8 (0xff9ff06f)
core   0: 0x8000b2d0 (0x00002f17) auipc   t5, 0x2
core   0: 3 0x8000b2d0 (0x00002f17) x30 0x8000d2d0
core   0: 0x8000b2d4 (0xd23f2823) sw      gp, -720(t5)
core   0: 3 0x8000b2d4 (0xd23f2823) mem 0x8000d000 0x00000001
core   0: 0x8000b2d8 (0xff9ff06f) j       pc - 0x8
core   0: 3 0x8000b2d8 (0xff9ff06f)
core   0: 0x8000b2d0 (0x00002f17) auipc   t5, 0x2
core   0: 3 0x8000b2d0 (0x00002f17) x30 0x8000d2d0
core   0: 0x8000b2d4 (0xd23f2823) sw      gp, -720(t5)
core   0: 3 0x8000b2d4 (0xd23f2823) mem 0x8000d000 0x00000001
core   0: 0x8000b2d8 (0xff9ff06f) j       pc - 0x8
core   0: 3 0x8000b2d8 (0xff9ff06f)
core   0: 0x8000b2d0 (0x00002f17) auipc   t5, 0x2
core   0: 3 0x8000b2d0 (0x00002f17) x30 0x8000d2d0
core   0: 0x8000b2d4 (0xd23f2823) sw      gp, -720(t5)
core   0: 3 0x8000b2d4 (0xd23f2823) mem 0x8000d000 0x00000001
core   0: 0x8000b2d8 (0xff9ff06f) j       pc - 0x8
core   0: 3 0x8000b2d8 (0xff9ff06f)
core   0: 0x8000b2d0 (0x00002f17) auipc   t5, 0x2
core   0: 3 0x8000b2d0 (0x00002f17) x30 0x8000d2d0
core   0: 0x8000b2d4 (0xd23f2823) sw      gp, -720(t5)
core   0: 3 0x8000b2d4 (0xd23f2823) mem 0x8000d000 0x00000001
core   0: 0x8000b2d8 (0xff9ff06f) j       pc - 0x8
core   0: 3 0x8000b2d8 (0xff9ff06f)
core   0: 0x8000b2d0 (0x00002f17) auipc   t5, 0x2
core   0: 3 0x8000b2d0 (0x00002f17) x30 0x8000d2d0
core   0: 0x8000b2d4 (0xd23f2823) sw      gp, -720(t5)
core   0: 3 0x8000b2d4 (0xd23f2823) mem 0x8000d000 0x00000001
core   0: 0x8000b2d8 (0xff9ff06f) j       pc - 0x8
core   0: 3 0x8000b2d8 (0xff9ff06f)
core   0: 0x8000b2d0 (0x00002f17) auipc   t5, 0x2
core   0: 3 0x8000b2d0 (0x00002f17) x30 0x8000d2d0
core   0: 0x8000b2d4 (0xd23f2823) sw      gp, -720(t5)
core   0: 3 0x8000b2d4 (0xd23f2823) mem 0x8000d000 0x00000001
core   0: 0x8000b2d8 (0xff9ff06f) j       pc - 0x8
core   0: 3 0x8000b2d8 (0xff9ff06f)
core   0: 0x8000b2d0 (0x00002f17) auipc   t5, 0x2
core   0: 3 0x8000b2d0 (0x00002f17) x30 0x8000d2d0
core   0: 0x8000b2d4 (0xd23f2823) sw      gp, -720(t5)
core   0: 3 0x8000b2d4 (0xd23f2823) mem 0x8000d000 0x00000001
core   0: 0x8000b2d8 (0xff9ff06f) j       pc - 0x8
core   0: 3 0x8000b2d8 (0xff9ff06f)
core   0: 0x8000b2d0 (0x00002f17) auipc   t5, 0x2
core   0: 3 0x8000b2d0 (0x00002f17) x30 0x8000d2d0
core   0: 0x8000b2d4 (0xd23f2823) sw      gp, -720(t5)
core   0: 3 0x8000b2d4 (0xd23f2823) mem 0x8000d000 0x00000001
core   0: 0x8000b2d8 (0xff9ff06f) j       pc - 0x8
core   0: 3 0x8000b2d8 (0xff9ff06f)
core   0: 0x8000b2d0 (0x00002f17) auipc   t5, 0x2
core   0: 3 0x8000b2d0 (0x00002f17) x30 0x8000d2d0
core   0: 0x8000b2d4 (0xd23f2823) sw      gp, -720(t5)
core   0: 3 0x8000b2d4 (0xd23f2823) mem 0x8000d000 0x00000001
core   0: 0x8000b2d8 (0xff9ff06f) j       pc - 0x8
core   0: 3 0x8000b2d8 (0xff9ff06f)
core   0: 0x8000b2d0 (0x00002f17) auipc   t5, 0x2
core   0: 3 0x8000b2d0 (0x00002f17) x30 0x8000d2d0
core   0: 0x8000b2d4 (0xd23f2823) sw      gp, -720(t5)
core   0: 3 0x8000b2d4 (0xd23f2823) mem 0x8000d000 0x00000001
core   0: 0x8000b2d8 (0xff9ff06f) j       pc - 0x8
core   0: 3 0x8000b2d8 (0xff9ff06f)
core   0: 0x8000b2d0 (0x00002f17) auipc   t5, 0x2
core   0: 3 0x8000b2d0 (0x00002f17) x30 0x8000d2d0
core   0: 0x8000b2d4 (0xd23f2823) sw      gp, -720(t5)
core   0: 3 0x8000b2d4 (0xd23f2823) mem 0x8000d000 0x00000001
core   0: 0x8000b2d8 (0xff9ff06f) j       pc - 0x8
core   0: 3 0x8000b2d8 (0xff9ff06f)
core   0: 0x8000b2d0 (0x00002f17) auipc   t5, 0x2
core   0: 3 0x8000b2d0 (0x00002f17) x30 0x8000d2d0
core   0: 0x8000b2d4 (0xd23f2823) sw      gp, -720(t5)
core   0: 3 0x8000b2d4 (0xd23f2823) mem 0x8000d000 0x00000001
core   0: 0x8000b2d8 (0xff9ff06f) j       pc - 0x8
core   0: 3 0x8000b2d8 (0xff9ff06f)
core   0: 0x8000b2d0 (0x00002f17) auipc   t5, 0x2
core   0: 3 0x8000b2d0 (0x00002f17) x30 0x8000d2d0
core   0: 0x8000b2d4 (0xd23f2823) sw      gp, -720(t5)
core   0: 3 0x8000b2d4 (0xd23f2823) mem 0x8000d000 0x00000001
core   0: 0x8000b2d8 (0xff9ff06f) j       pc - 0x8
core   0: 3 0x8000b2d8 (0xff9ff06f)
core   0: 0x8000b2d0 (0x00002f17) auipc   t5, 0x2
core   0: 3 0x8000b2d0 (0x00002f17) x30 0x8000d2d0
core   0: 0x8000b2d4 (0xd23f2823) sw      gp, -720(t5)
core   0: 3 0x8000b2d4 (0xd23f2823) mem 0x8000d000 0x00000001
core   0: 0x8000b2d8 (0xff9ff06f) j       pc - 0x8
core   0: 3 0x8000b2d8 (0xff9ff06f)
core   0: 0x8000b2d0 (0x00002f17) auipc   t5, 0x2
core   0: 3 0x8000b2d0 (0x00002f17) x30 0x8000d2d0
core   0: 0x8000b2d4 (0xd23f2823) sw      gp, -720(t5)
core   0: 3 0x8000b2d4 (0xd23f2823) mem 0x8000d000 0x00000001
core   0: 0x8000b2d8 (0xff9ff06f) j       pc - 0x8
core   0: 3 0x8000b2d8 (0xff9ff06f)
core   0: 0x8000b2d0 (0x00002f17) auipc   t5, 0x2
core   0: 3 0x8000b2d0 (0x00002f17) x30 0x8000d2d0
core   0: 0x8000b2d4 (0xd23f2823) sw      gp, -720(t5)
core   0: 3 0x8000b2d4 (0xd23f2823) mem 0x8000d000 0x00000001
core   0: 0x8000b2d8 (0xff9ff06f) j       pc - 0x8
core   0: 3 0x8000b2d8 (0xff9ff06f)
core   0: 0x8000b2d0 (0x00002f17) auipc   t5, 0x2
core   0: 3 0x8000b2d0 (0x00002f17) x30 0x8000d2d0
core   0: 0x8000b2d4 (0xd23f2823) sw      gp, -720(t5)
core   0: 3 0x8000b2d4 (0xd23f2823) mem 0x8000d000 0x00000001
core   0: 0x8000b2d8 (0xff9ff06f) j       pc - 0x8
core   0: 3 0x8000b2d8 (0xff9ff06f)
core   0: 0x8000b2d0 (0x00002f17) auipc   t5, 0x2
core   0: 3 0x8000b2d0 (0x00002f17) x30 0x8000d2d0
core   0: 0x8000b2d4 (0xd23f2823) sw      gp, -720(t5)
core   0: 3 0x8000b2d4 (0xd23f2823) mem 0x8000d000 0x00000001
core   0: 0x8000b2d8 (0xff9ff06f) j       pc - 0x8
core   0: 3 0x8000b2d8 (0xff9ff06f)
core   0: 0x8000b2d0 (0x00002f17) auipc   t5, 0x2
core   0: 3 0x8000b2d0 (0x00002f17) x30 0x8000d2d0
core   0: 0x8000b2d4 (0xd23f2823) sw      gp, -720(t5)
core   0: 3 0x8000b2d4 (0xd23f2823) mem 0x8000d000 0x00000001
core   0: 0x8000b2d8 (0xff9ff06f) j       pc - 0x8
core   0: 3 0x8000b2d8 (0xff9ff06f)
core   0: 0x8000b2d0 (0x00002f17) auipc   t5, 0x2
core   0: 3 0x8000b2d0 (0x00002f17) x30 0x8000d2d0
core   0: 0x8000b2d4 (0xd23f2823) sw      gp, -720(t5)
core   0: 3 0x8000b2d4 (0xd23f2823) mem 0x8000d000 0x00000001
core   0: 0x8000b2d8 (0xff9ff06f) j       pc - 0x8
core   0: 3 0x8000b2d8 (0xff9ff06f)
core   0: 0x8000b2d0 (0x00002f17) auipc   t5, 0x2
core   0: 3 0x8000b2d0 (0x00002f17) x30 0x8000d2d0
core   0: 0x8000b2d4 (0xd23f2823) sw      gp, -720(t5)
core   0: 3 0x8000b2d4 (0xd23f2823) mem 0x8000d000 0x00000001
core   0: 0x8000b2d8 (0xff9ff06f) j       pc - 0x8
core   0: 3 0x8000b2d8 (0xff9ff06f)
core   0: 0x8000b2d0 (0x00002f17) auipc   t5, 0x2
core   0: 3 0x8000b2d0 (0x00002f17) x30 0x8000d2d0
core   0: 0x8000b2d4 (0xd23f2823) sw      gp, -720(t5)
core   0: 3 0x8000b2d4 (0xd23f2823) mem 0x8000d000 0x00000001
core   0: 0x8000b2d8 (0xff9ff06f) j       pc - 0x8
core   0: 3 0x8000b2d8 (0xff9ff06f)
core   0: 0x8000b2d0 (0x00002f17) auipc   t5, 0x2
core   0: 3 0x8000b2d0 (0x00002f17) x30 0x8000d2d0
core   0: 0x8000b2d4 (0xd23f2823) sw      gp, -720(t5)
core   0: 3 0x8000b2d4 (0xd23f2823) mem 0x8000d000 0x00000001
core   0: 0x8000b2d8 (0xff9ff06f) j       pc - 0x8
core   0: 3 0x8000b2d8 (0xff9ff06f)
core   0: 0x8000b2d0 (0x00002f17) auipc   t5, 0x2
core   0: 3 0x8000b2d0 (0x00002f17) x30 0x8000d2d0
core   0: 0x8000b2d4 (0xd23f2823) sw      gp, -720(t5)
core   0: 3 0x8000b2d4 (0xd23f2823) mem 0x8000d000 0x00000001
core   0: 0x8000b2d8 (0xff9ff06f) j       pc - 0x8
core   0: 3 0x8000b2d8 (0xff9ff06f)
core   0: 0x8000b2d0 (0x00002f17) auipc   t5, 0x2
core   0: 3 0x8000b2d0 (0x00002f17) x30 0x8000d2d0
core   0: 0x8000b2d4 (0xd23f2823) sw      gp, -720(t5)
core   0: 3 0x8000b2d4 (0xd23f2823) mem 0x8000d000 0x00000001
core   0: 0x8000b2d8 (0xff9ff06f) j       pc - 0x8
core   0: 3 0x8000b2d8 (0xff9ff06f)
core   0: 0x8000b2d0 (0x00002f17) auipc   t5, 0x2
core   0: 3 0x8000b2d0 (0x00002f17) x30 0x8000d2d0
core   0: 0x8000b2d4 (0xd23f2823) sw      gp, -720(t5)
core   0: 3 0x8000b2d4 (0xd23f2823) mem 0x8000d000 0x00000001
core   0: 0x8000b2d8 (0xff9ff06f) j       pc - 0x8
core   0: 3 0x8000b2d8 (0xff9ff06f)
core   0: 0x8000b2d0 (0x00002f17) auipc   t5, 0x2
core   0: 3 0x8000b2d0 (0x00002f17) x30 0x8000d2d0
core   0: 0x8000b2d4 (0xd23f2823) sw      gp, -720(t5)
core   0: 3 0x8000b2d4 (0xd23f2823) mem 0x8000d000 0x00000001
core   0: 0x8000b2d8 (0xff9ff06f) j       pc - 0x8
core   0: 3 0x8000b2d8 (0xff9ff06f)
core   0: 0x8000b2d0 (0x00002f17) auipc   t5, 0x2
core   0: 3 0x8000b2d0 (0x00002f17) x30 0x8000d2d0
core   0: 0x8000b2d4 (0xd23f2823) sw      gp, -720(t5)
core   0: 3 0x8000b2d4 (0xd23f2823) mem 0x8000d000 0x00000001
core   0: 0x8000b2d8 (0xff9ff06f) j       pc - 0x8
core   0: 3 0x8000b2d8 (0xff9ff06f)
core   0: 0x8000b2d0 (0x00002f17) auipc   t5, 0x2
core   0: 3 0x8000b2d0 (0x00002f17) x30 0x8000d2d0
core   0: 0x8000b2d4 (0xd23f2823) sw      gp, -720(t5)
core   0: 3 0x8000b2d4 (0xd23f2823) mem 0x8000d000 0x00000001
core   0: 0x8000b2d8 (0xff9ff06f) j       pc - 0x8
core   0: 3 0x8000b2d8 (0xff9ff06f)
core   0: 0x8000b2d0 (0x00002f17) auipc   t5, 0x2
core   0: 3 0x8000b2d0 (0x00002f17) x30 0x8000d2d0
core   0: 0x8000b2d4 (0xd23f2823) sw      gp, -720(t5)
core   0: 3 0x8000b2d4 (0xd23f2823) mem 0x8000d000 0x00000001
core   0: 0x8000b2d8 (0xff9ff06f) j       pc - 0x8
core   0: 3 0x8000b2d8 (0xff9ff06f)
core   0: 0x8000b2d0 (0x00002f17) auipc   t5, 0x2
core   0: 3 0x8000b2d0 (0x00002f17) x30 0x8000d2d0
core   0: 0x8000b2d4 (0xd23f2823) sw      gp, -720(t5)
core   0: 3 0x8000b2d4 (0xd23f2823) mem 0x8000d000 0x00000001
core   0: 0x8000b2d8 (0xff9ff06f) j       pc - 0x8
core   0: 3 0x8000b2d8 (0xff9ff06f)
core   0: 0x8000b2d0 (0x00002f17) auipc   t5, 0x2
core   0: 3 0x8000b2d0 (0x00002f17) x30 0x8000d2d0
core   0: 0x8000b2d4 (0xd23f2823) sw      gp, -720(t5)
core   0: 3 0x8000b2d4 (0xd23f2823) mem 0x8000d000 0x00000001
core   0: 0x8000b2d8 (0xff9ff06f) j       pc - 0x8
core   0: 3 0x8000b2d8 (0xff9ff06f)
core   0: 0x8000b2d0 (0x00002f17) auipc   t5, 0x2
core   0: 3 0x8000b2d0 (0x00002f17) x30 0x8000d2d0
core   0: 0x8000b2d4 (0xd23f2823) sw      gp, -720(t5)
core   0: 3 0x8000b2d4 (0xd23f2823) mem 0x8000d000 0x00000001
core   0: 0x8000b2d8 (0xff9ff06f) j       pc - 0x8
core   0: 3 0x8000b2d8 (0xff9ff06f)
core   0: 0x8000b2d0 (0x00002f17) auipc   t5, 0x2
core   0: 3 0x8000b2d0 (0x00002f17) x30 0x8000d2d0
core   0: 0x8000b2d4 (0xd23f2823) sw      gp, -720(t5)
core   0: 3 0x8000b2d4 (0xd23f2823) mem 0x8000d000 0x00000001
core   0: 0x8000b2d8 (0xff9ff06f) j       pc - 0x8
core   0: 3 0x8000b2d8 (0xff9ff06f)
core   0: 0x8000b2d0 (0x00002f17) auipc   t5, 0x2
core   0: 3 0x8000b2d0 (0x00002f17) x30 0x8000d2d0
core   0: 0x8000b2d4 (0xd23f2823) sw      gp, -720(t5)
core   0: 3 0x8000b2d4 (0xd23f2823) mem 0x8000d000 0x00000001
core   0: 0x8000b2d8 (0xff9ff06f) j       pc - 0x8
core   0: 3 0x8000b2d8 (0xff9ff06f)
core   0: 0x8000b2d0 (0x00002f17) auipc   t5, 0x2
core   0: 3 0x8000b2d0 (0x00002f17) x30 0x8000d2d0
core   0: 0x8000b2d4 (0xd23f2823) sw      gp, -720(t5)
core   0: 3 0x8000b2d4 (0xd23f2823) mem 0x8000d000 0x00000001
core   0: 0x8000b2d8 (0xff9ff06f) j       pc - 0x8
core   0: 3 0x8000b2d8 (0xff9ff06f)
core   0: 0x8000b2d0 (0x00002f17) auipc   t5, 0x2
core   0: 3 0x8000b2d0 (0x00002f17) x30 0x8000d2d0
core   0: 0x8000b2d4 (0xd23f2823) sw      gp, -720(t5)
core   0: 3 0x8000b2d4 (0xd23f2823) mem 0x8000d000 0x00000001
core   0: 0x8000b2d8 (0xff9ff06f) j       pc - 0x8
core   0: 3 0x8000b2d8 (0xff9ff06f)
core   0: 0x8000b2d0 (0x00002f17) auipc   t5, 0x2
core   0: 3 0x8000b2d0 (0x00002f17) x30 0x8000d2d0
core   0: 0x8000b2d4 (0xd23f2823) sw      gp, -720(t5)
core   0: 3 0x8000b2d4 (0xd23f2823) mem 0x8000d000 0x00000001
core   0: 0x8000b2d8 (0xff9ff06f) j       pc - 0x8
core   0: 3 0x8000b2d8 (0xff9ff06f)
core   0: 0x8000b2d0 (0x00002f17) auipc   t5, 0x2
core   0: 3 0x8000b2d0 (0x00002f17) x30 0x8000d2d0
core   0: 0x8000b2d4 (0xd23f2823) sw      gp, -720(t5)
core   0: 3 0x8000b2d4 (0xd23f2823) mem 0x8000d000 0x00000001
core   0: 0x8000b2d8 (0xff9ff06f) j       pc - 0x8
core   0: 3 0x8000b2d8 (0xff9ff06f)
core   0: 0x8000b2d0 (0x00002f17) auipc   t5, 0x2
core   0: 3 0x8000b2d0 (0x00002f17) x30 0x8000d2d0
core   0: 0x8000b2d4 (0xd23f2823) sw      gp, -720(t5)
core   0: 3 0x8000b2d4 (0xd23f2823) mem 0x8000d000 0x00000001
core   0: 0x8000b2d8 (0xff9ff06f) j       pc - 0x8
core   0: 3 0x8000b2d8 (0xff9ff06f)
core   0: 0x8000b2d0 (0x00002f17) auipc   t5, 0x2
core   0: 3 0x8000b2d0 (0x00002f17) x30 0x8000d2d0
core   0: 0x8000b2d4 (0xd23f2823) sw      gp, -720(t5)
core   0: 3 0x8000b2d4 (0xd23f2823) mem 0x8000d000 0x00000001
core   0: 0x8000b2d8 (0xff9ff06f) j       pc - 0x8
core   0: 3 0x8000b2d8 (0xff9ff06f)
core   0: 0x8000b2d0 (0x00002f17) auipc   t5, 0x2
core   0: 3 0x8000b2d0 (0x00002f17) x30 0x8000d2d0
core   0: 0x8000b2d4 (0xd23f2823) sw      gp, -720(t5)
core   0: 3 0x8000b2d4 (0xd23f2823) mem 0x8000d000 0x00000001
core   0: 0x8000b2d8 (0xff9ff06f) j       pc - 0x8
core   0: 3 0x8000b2d8 (0xff9ff06f)
core   0: 0x8000b2d0 (0x00002f17) auipc   t5, 0x2
core   0: 3 0x8000b2d0 (0x00002f17) x30 0x8000d2d0
core   0: 0x8000b2d4 (0xd23f2823) sw      gp, -720(t5)
core   0: 3 0x8000b2d4 (0xd23f2823) mem 0x8000d000 0x00000001
core   0: 0x8000b2d8 (0xff9ff06f) j       pc - 0x8
core   0: 3 0x8000b2d8 (0xff9ff06f)
core   0: 0x8000b2d0 (0x00002f17) auipc   t5, 0x2
core   0: 3 0x8000b2d0 (0x00002f17) x30 0x8000d2d0
core   0: 0x8000b2d4 (0xd23f2823) sw      gp, -720(t5)
core   0: 3 0x8000b2d4 (0xd23f2823) mem 0x8000d000 0x00000001
core   0: 0x8000b2d8 (0xff9ff06f) j       pc - 0x8
core   0: 3 0x8000b2d8 (0xff9ff06f)
core   0: 0x8000b2d0 (0x00002f17) auipc   t5, 0x2
core   0: 3 0x8000b2d0 (0x00002f17) x30 0x8000d2d0
core   0: 0x8000b2d4 (0xd23f2823) sw      gp, -720(t5)
core   0: 3 0x8000b2d4 (0xd23f2823) mem 0x8000d000 0x00000001
core   0: 0x8000b2d8 (0xff9ff06f) j       pc - 0x8
core   0: 3 0x8000b2d8 (0xff9ff06f)
core   0: 0x8000b2d0 (0x00002f17) auipc   t5, 0x2
core   0: 3 0x8000b2d0 (0x00002f17) x30 0x8000d2d0
core   0: 0x8000b2d4 (0xd23f2823) sw      gp, -720(t5)
core   0: 3 0x8000b2d4 (0xd23f2823) mem 0x8000d000 0x00000001
core   0: 0x8000b2d8 (0xff9ff06f) j       pc - 0x8
core   0: 3 0x8000b2d8 (0xff9ff06f)
core   0: 0x8000b2d0 (0x00002f17) auipc   t5, 0x2
core   0: 3 0x8000b2d0 (0x00002f17) x30 0x8000d2d0
core   0: 0x8000b2d4 (0xd23f2823) sw      gp, -720(t5)
core   0: 3 0x8000b2d4 (0xd23f2823) mem 0x8000d000 0x00000001
core   0: 0x8000b2d8 (0xff9ff06f) j       pc - 0x8
core   0: 3 0x8000b2d8 (0xff9ff06f)
core   0: 0x8000b2d0 (0x00002f17) auipc   t5, 0x2
core   0: 3 0x8000b2d0 (0x00002f17) x30 0x8000d2d0
core   0: 0x8000b2d4 (0xd23f2823) sw      gp, -720(t5)
core   0: 3 0x8000b2d4 (0xd23f2823) mem 0x8000d000 0x00000001
core   0: 0x8000b2d8 (0xff9ff06f) j       pc - 0x8
core   0: 3 0x8000b2d8 (0xff9ff06f)
core   0: 0x8000b2d0 (0x00002f17) auipc   t5, 0x2
core   0: 3 0x8000b2d0 (0x00002f17) x30 0x8000d2d0
core   0: 0x8000b2d4 (0xd23f2823) sw      gp, -720(t5)
core   0: 3 0x8000b2d4 (0xd23f2823) mem 0x8000d000 0x00000001
core   0: 0x8000b2d8 (0xff9ff06f) j       pc - 0x8
core   0: 3 0x8000b2d8 (0xff9ff06f)
core   0: 0x8000b2d0 (0x00002f17) auipc   t5, 0x2
core   0: 3 0x8000b2d0 (0x00002f17) x30 0x8000d2d0
core   0: 0x8000b2d4 (0xd23f2823) sw      gp, -720(t5)
core   0: 3 0x8000b2d4 (0xd23f2823) mem 0x8000d000 0x00000001
core   0: 0x8000b2d8 (0xff9ff06f) j       pc - 0x8
core   0: 3 0x8000b2d8 (0xff9ff06f)
core   0: 0x8000b2d0 (0x00002f17) auipc   t5, 0x2
core   0: 3 0x8000b2d0 (0x00002f17) x30 0x8000d2d0
core   0: 0x8000b2d4 (0xd23f2823) sw      gp, -720(t5)
core   0: 3 0x8000b2d4 (0xd23f2823) mem 0x8000d000 0x00000001
core   0: 0x8000b2d8 (0xff9ff06f) j       pc - 0x8
core   0: 3 0x8000b2d8 (0xff9ff06f)
core   0: 0x8000b2d0 (0x00002f17) auipc   t5, 0x2
core   0: 3 0x8000b2d0 (0x00002f17) x30 0x8000d2d0
core   0: 0x8000b2d4 (0xd23f2823) sw      gp, -720(t5)
core   0: 3 0x8000b2d4 (0xd23f2823) mem 0x8000d000 0x00000001
core   0: 0x8000b2d8 (0xff9ff06f) j       pc - 0x8
core   0: 3 0x8000b2d8 (0xff9ff06f)
core   0: 0x8000b2d0 (0x00002f17) auipc   t5, 0x2
core   0: 3 0x8000b2d0 (0x00002f17) x30 0x8000d2d0
core   0: 0x8000b2d4 (0xd23f2823) sw      gp, -720(t5)
core   0: 3 0x8000b2d4 (0xd23f2823) mem 0x8000d000 0x00000001
core   0: 0x8000b2d8 (0xff9ff06f) j       pc - 0x8
core   0: 3 0x8000b2d8 (0xff9ff06f)
core   0: 0x8000b2d0 (0x00002f17) auipc   t5, 0x2
core   0: 3 0x8000b2d0 (0x00002f17) x30 0x8000d2d0
core   0: 0x8000b2d4 (0xd23f2823) sw      gp, -720(t5)
core   0: 3 0x8000b2d4 (0xd23f2823) mem 0x8000d000 0x00000001
core   0: 0x8000b2d8 (0xff9ff06f) j       pc - 0x8
core   0: 3 0x8000b2d8 (0xff9ff06f)
core   0: 0x8000b2d0 (0x00002f17) auipc   t5, 0x2
core   0: 3 0x8000b2d0 (0x00002f17) x30 0x8000d2d0
core   0: 0x8000b2d4 (0xd23f2823) sw      gp, -720(t5)
core   0: 3 0x8000b2d4 (0xd23f2823) mem 0x8000d000 0x00000001
core   0: 0x8000b2d8 (0xff9ff06f) j       pc - 0x8
core   0: 3 0x8000b2d8 (0xff9ff06f)
core   0: 0x8000b2d0 (0x00002f17) auipc   t5, 0x2
core   0: 3 0x8000b2d0 (0x00002f17) x30 0x8000d2d0
core   0: 0x8000b2d4 (0xd23f2823) sw      gp, -720(t5)
core   0: 3 0x8000b2d4 (0xd23f2823) mem 0x8000d000 0x00000001
core   0: 0x8000b2d8 (0xff9ff06f) j       pc - 0x8
core   0: 3 0x8000b2d8 (0xff9ff06f)
core   0: 0x8000b2d0 (0x00002f17) auipc   t5, 0x2
core   0: 3 0x8000b2d0 (0x00002f17) x30 0x8000d2d0
core   0: 0x8000b2d4 (0xd23f2823) sw      gp, -720(t5)
core   0: 3 0x8000b2d4 (0xd23f2823) mem 0x8000d000 0x00000001
core   0: 0x8000b2d8 (0xff9ff06f) j       pc - 0x8
core   0: 3 0x8000b2d8 (0xff9ff06f)
core   0: 0x8000b2d0 (0x00002f17) auipc   t5, 0x2
core   0: 3 0x8000b2d0 (0x00002f17) x30 0x8000d2d0
core   0: 0x8000b2d4 (0xd23f2823) sw      gp, -720(t5)
core   0: 3 0x8000b2d4 (0xd23f2823) mem 0x8000d000 0x00000001
core   0: 0x8000b2d8 (0xff9ff06f) j       pc - 0x8
core   0: 3 0x8000b2d8 (0xff9ff06f)
core   0: 0x8000b2d0 (0x00002f17) auipc   t5, 0x2
core   0: 3 0x8000b2d0 (0x00002f17) x30 0x8000d2d0
core   0: 0x8000b2d4 (0xd23f2823) sw      gp, -720(t5)
core   0: 3 0x8000b2d4 (0xd23f2823) mem 0x8000d000 0x00000001
core   0: 0x8000b2d8 (0xff9ff06f) j       pc - 0x8
core   0: 3 0x8000b2d8 (0xff9ff06f)
core   0: 0x8000b2d0 (0x00002f17) auipc   t5, 0x2
core   0: 3 0x8000b2d0 (0x00002f17) x30 0x8000d2d0
core   0: 0x8000b2d4 (0xd23f2823) sw      gp, -720(t5)
core   0: 3 0x8000b2d4 (0xd23f2823) mem 0x8000d000 0x00000001
core   0: 0x8000b2d8 (0xff9ff06f) j       pc - 0x8
core   0: 3 0x8000b2d8 (0xff9ff06f)
core   0: 0x8000b2d0 (0x00002f17) auipc   t5, 0x2
core   0: 3 0x8000b2d0 (0x00002f17) x30 0x8000d2d0
core   0: 0x8000b2d4 (0xd23f2823) sw      gp, -720(t5)
core   0: 3 0x8000b2d4 (0xd23f2823) mem 0x8000d000 0x00000001
core   0: 0x8000b2d8 (0xff9ff06f) j       pc - 0x8
core   0: 3 0x8000b2d8 (0xff9ff06f)
core   0: 0x8000b2d0 (0x00002f17) auipc   t5, 0x2
core   0: 3 0x8000b2d0 (0x00002f17) x30 0x8000d2d0
core   0: 0x8000b2d4 (0xd23f2823) sw      gp, -720(t5)
core   0: 3 0x8000b2d4 (0xd23f2823) mem 0x8000d000 0x00000001
core   0: 0x8000b2d8 (0xff9ff06f) j       pc - 0x8
core   0: 3 0x8000b2d8 (0xff9ff06f)
core   0: 0x8000b2d0 (0x00002f17) auipc   t5, 0x2
core   0: 3 0x8000b2d0 (0x00002f17) x30 0x8000d2d0
core   0: 0x8000b2d4 (0xd23f2823) sw      gp, -720(t5)
core   0: 3 0x8000b2d4 (0xd23f2823) mem 0x8000d000 0x00000001
core   0: 0x8000b2d8 (0xff9ff06f) j       pc - 0x8
core   0: 3 0x8000b2d8 (0xff9ff06f)
core   0: 0x8000b2d0 (0x00002f17) auipc   t5, 0x2
core   0: 3 0x8000b2d0 (0x00002f17) x30 0x8000d2d0
core   0: 0x8000b2d4 (0xd23f2823) sw      gp, -720(t5)
core   0: 3 0x8000b2d4 (0xd23f2823) mem 0x8000d000 0x00000001
core   0: 0x8000b2d8 (0xff9ff06f) j       pc - 0x8
core   0: 3 0x8000b2d8 (0xff9ff06f)
core   0: 0x8000b2d0 (0x00002f17) auipc   t5, 0x2
core   0: 3 0x8000b2d0 (0x00002f17) x30 0x8000d2d0
core   0: 0x8000b2d4 (0xd23f2823) sw      gp, -720(t5)
core   0: 3 0x8000b2d4 (0xd23f2823) mem 0x8000d000 0x00000001
core   0: 0x8000b2d8 (0xff9ff06f) j       pc - 0x8
core   0: 3 0x8000b2d8 (0xff9ff06f)
core   0: 0x8000b2d0 (0x00002f17) auipc   t5, 0x2
core   0: 3 0x8000b2d0 (0x00002f17) x30 0x8000d2d0
core   0: 0x8000b2d4 (0xd23f2823) sw      gp, -720(t5)
core   0: 3 0x8000b2d4 (0xd23f2823) mem 0x8000d000 0x00000001
core   0: 0x8000b2d8 (0xff9ff06f) j       pc - 0x8
core   0: 3 0x8000b2d8 (0xff9ff06f)
core   0: 0x8000b2d0 (0x00002f17) auipc   t5, 0x2
core   0: 3 0x8000b2d0 (0x00002f17) x30 0x8000d2d0
core   0: 0x8000b2d4 (0xd23f2823) sw      gp, -720(t5)
core   0: 3 0x8000b2d4 (0xd23f2823) mem 0x8000d000 0x00000001
core   0: 0x8000b2d8 (0xff9ff06f) j       pc - 0x8
core   0: 3 0x8000b2d8 (0xff9ff06f)
core   0: 0x8000b2d0 (0x00002f17) auipc   t5, 0x2
core   0: 3 0x8000b2d0 (0x00002f17) x30 0x8000d2d0
core   0: 0x8000b2d4 (0xd23f2823) sw      gp, -720(t5)
core   0: 3 0x8000b2d4 (0xd23f2823) mem 0x8000d000 0x00000001
core   0: 0x8000b2d8 (0xff9ff06f) j       pc - 0x8
core   0: 3 0x8000b2d8 (0xff9ff06f)
core   0: 0x8000b2d0 (0x00002f17) auipc   t5, 0x2
core   0: 3 0x8000b2d0 (0x00002f17) x30 0x8000d2d0
core   0: 0x8000b2d4 (0xd23f2823) sw      gp, -720(t5)
core   0: 3 0x8000b2d4 (0xd23f2823) mem 0x8000d000 0x00000001
core   0: 0x8000b2d8 (0xff9ff06f) j       pc - 0x8
core   0: 3 0x8000b2d8 (0xff9ff06f)
core   0: 0x8000b2d0 (0x00002f17) auipc   t5, 0x2
core   0: 3 0x8000b2d0 (0x00002f17) x30 0x8000d2d0
core   0: 0x8000b2d4 (0xd23f2823) sw      gp, -720(t5)
core   0: 3 0x8000b2d4 (0xd23f2823) mem 0x8000d000 0x00000001
core   0: 0x8000b2d8 (0xff9ff06f) j       pc - 0x8
core   0: 3 0x8000b2d8 (0xff9ff06f)
core   0: 0x8000b2d0 (0x00002f17) auipc   t5, 0x2
core   0: 3 0x8000b2d0 (0x00002f17) x30 0x8000d2d0
core   0: 0x8000b2d4 (0xd23f2823) sw      gp, -720(t5)
core   0: 3 0x8000b2d4 (0xd23f2823) mem 0x8000d000 0x00000001
core   0: 0x8000b2d8 (0xff9ff06f) j       pc - 0x8
core   0: 3 0x8000b2d8 (0xff9ff06f)
core   0: 0x8000b2d0 (0x00002f17) auipc   t5, 0x2
core   0: 3 0x8000b2d0 (0x00002f17) x30 0x8000d2d0
core   0: 0x8000b2d4 (0xd23f2823) sw      gp, -720(t5)
core   0: 3 0x8000b2d4 (0xd23f2823) mem 0x8000d000 0x00000001
core   0: 0x8000b2d8 (0xff9ff06f) j       pc - 0x8
core   0: 3 0x8000b2d8 (0xff9ff06f)
core   0: 0x8000b2d0 (0x00002f17) auipc   t5, 0x2
core   0: 3 0x8000b2d0 (0x00002f17) x30 0x8000d2d0
core   0: 0x8000b2d4 (0xd23f2823) sw      gp, -720(t5)
core   0: 3 0x8000b2d4 (0xd23f2823) mem 0x8000d000 0x00000001
core   0: 0x8000b2d8 (0xff9ff06f) j       pc - 0x8
core   0: 3 0x8000b2d8 (0xff9ff06f)
core   0: 0x8000b2d0 (0x00002f17) auipc   t5, 0x2
core   0: 3 0x8000b2d0 (0x00002f17) x30 0x8000d2d0
core   0: 0x8000b2d4 (0xd23f2823) sw      gp, -720(t5)
core   0: 3 0x8000b2d4 (0xd23f2823) mem 0x8000d000 0x00000001
core   0: 0x8000b2d8 (0xff9ff06f) j       pc - 0x8
core   0: 3 0x8000b2d8 (0xff9ff06f)
core   0: 0x8000b2d0 (0x00002f17) auipc   t5, 0x2
core   0: 3 0x8000b2d0 (0x00002f17) x30 0x8000d2d0
core   0: 0x8000b2d4 (0xd23f2823) sw      gp, -720(t5)
core   0: 3 0x8000b2d4 (0xd23f2823) mem 0x8000d000 0x00000001
core   0: 0x8000b2d8 (0xff9ff06f) j       pc - 0x8
core   0: 3 0x8000b2d8 (0xff9ff06f)
core   0: 0x8000b2d0 (0x00002f17) auipc   t5, 0x2
core   0: 3 0x8000b2d0 (0x00002f17) x30 0x8000d2d0
core   0: 0x8000b2d4 (0xd23f2823) sw      gp, -720(t5)
core   0: 3 0x8000b2d4 (0xd23f2823) mem 0x8000d000 0x00000001
core   0: 0x8000b2d8 (0xff9ff06f) j       pc - 0x8
core   0: 3 0x8000b2d8 (0xff9ff06f)
core   0: 0x8000b2d0 (0x00002f17) auipc   t5, 0x2
core   0: 3 0x8000b2d0 (0x00002f17) x30 0x8000d2d0
core   0: 0x8000b2d4 (0xd23f2823) sw      gp, -720(t5)
core   0: 3 0x8000b2d4 (0xd23f2823) mem 0x8000d000 0x00000001
core   0: 0x8000b2d8 (0xff9ff06f) j       pc - 0x8
core   0: 3 0x8000b2d8 (0xff9ff06f)
core   0: 0x8000b2d0 (0x00002f17) auipc   t5, 0x2
core   0: 3 0x8000b2d0 (0x00002f17) x30 0x8000d2d0
core   0: 0x8000b2d4 (0xd23f2823) sw      gp, -720(t5)
core   0: 3 0x8000b2d4 (0xd23f2823) mem 0x8000d000 0x00000001
core   0: 0x8000b2d8 (0xff9ff06f) j       pc - 0x8
core   0: 3 0x8000b2d8 (0xff9ff06f)
core   0: 0x8000b2d0 (0x00002f17) auipc   t5, 0x2
core   0: 3 0x8000b2d0 (0x00002f17) x30 0x8000d2d0
core   0: 0x8000b2d4 (0xd23f2823) sw      gp, -720(t5)
core   0: 3 0x8000b2d4 (0xd23f2823) mem 0x8000d000 0x00000001
core   0: 0x8000b2d8 (0xff9ff06f) j       pc - 0x8
core   0: 3 0x8000b2d8 (0xff9ff06f)
core   0: 0x8000b2d0 (0x00002f17) auipc   t5, 0x2
core   0: 3 0x8000b2d0 (0x00002f17) x30 0x8000d2d0
core   0: 0x8000b2d4 (0xd23f2823) sw      gp, -720(t5)
core   0: 3 0x8000b2d4 (0xd23f2823) mem 0x8000d000 0x00000001
core   0: 0x8000b2d8 (0xff9ff06f) j       pc - 0x8
core   0: 3 0x8000b2d8 (0xff9ff06f)
core   0: 0x8000b2d0 (0x00002f17) auipc   t5, 0x2
core   0: 3 0x8000b2d0 (0x00002f17) x30 0x8000d2d0
core   0: 0x8000b2d4 (0xd23f2823) sw      gp, -720(t5)
core   0: 3 0x8000b2d4 (0xd23f2823) mem 0x8000d000 0x00000001
core   0: 0x8000b2d8 (0xff9ff06f) j       pc - 0x8
core   0: 3 0x8000b2d8 (0xff9ff06f)
core   0: 0x8000b2d0 (0x00002f17) auipc   t5, 0x2
core   0: 3 0x8000b2d0 (0x00002f17) x30 0x8000d2d0
core   0: 0x8000b2d4 (0xd23f2823) sw      gp, -720(t5)
core   0: 3 0x8000b2d4 (0xd23f2823) mem 0x8000d000 0x00000001
core   0: 0x8000b2d8 (0xff9ff06f) j       pc - 0x8
core   0: 3 0x8000b2d8 (0xff9ff06f)
core   0: 0x8000b2d0 (0x00002f17) auipc   t5, 0x2
core   0: 3 0x8000b2d0 (0x00002f17) x30 0x8000d2d0
core   0: 0x8000b2d4 (0xd23f2823) sw      gp, -720(t5)
core   0: 3 0x8000b2d4 (0xd23f2823) mem 0x8000d000 0x00000001
core   0: 0x8000b2d8 (0xff9ff06f) j       pc - 0x8
core   0: 3 0x8000b2d8 (0xff9ff06f)
core   0: 0x8000b2d0 (0x00002f17) auipc   t5, 0x2
core   0: 3 0x8000b2d0 (0x00002f17) x30 0x8000d2d0
core   0: 0x8000b2d4 (0xd23f2823) sw      gp, -720(t5)
core   0: 3 0x8000b2d4 (0xd23f2823) mem 0x8000d000 0x00000001
core   0: 0x8000b2d8 (0xff9ff06f) j       pc - 0x8
core   0: 3 0x8000b2d8 (0xff9ff06f)
core   0: 0x8000b2d0 (0x00002f17) auipc   t5, 0x2
core   0: 3 0x8000b2d0 (0x00002f17) x30 0x8000d2d0
core   0: 0x8000b2d4 (0xd23f2823) sw      gp, -720(t5)
core   0: 3 0x8000b2d4 (0xd23f2823) mem 0x8000d000 0x00000001
core   0: 0x8000b2d8 (0xff9ff06f) j       pc - 0x8
core   0: 3 0x8000b2d8 (0xff9ff06f)
core   0: 0x8000b2d0 (0x00002f17) auipc   t5, 0x2
core   0: 3 0x8000b2d0 (0x00002f17) x30 0x8000d2d0
core   0: 0x8000b2d4 (0xd23f2823) sw      gp, -720(t5)
core   0: 3 0x8000b2d4 (0xd23f2823) mem 0x8000d000 0x00000001
core   0: 0x8000b2d8 (0xff9ff06f) j       pc - 0x8
core   0: 3 0x8000b2d8 (0xff9ff06f)
core   0: 0x8000b2d0 (0x00002f17) auipc   t5, 0x2
core   0: 3 0x8000b2d0 (0x00002f17) x30 0x8000d2d0
core   0: 0x8000b2d4 (0xd23f2823) sw      gp, -720(t5)
core   0: 3 0x8000b2d4 (0xd23f2823) mem 0x8000d000 0x00000001
core   0: 0x8000b2d8 (0xff9ff06f) j       pc - 0x8
core   0: 3 0x8000b2d8 (0xff9ff06f)
core   0: 0x8000b2d0 (0x00002f17) auipc   t5, 0x2
core   0: 3 0x8000b2d0 (0x00002f17) x30 0x8000d2d0
core   0: 0x8000b2d4 (0xd23f2823) sw      gp, -720(t5)
core   0: 3 0x8000b2d4 (0xd23f2823) mem 0x8000d000 0x00000001
core   0: 0x8000b2d8 (0xff9ff06f) j       pc - 0x8
core   0: 3 0x8000b2d8 (0xff9ff06f)
core   0: 0x8000b2d0 (0x00002f17) auipc   t5, 0x2
core   0: 3 0x8000b2d0 (0x00002f17) x30 0x8000d2d0
core   0: 0x8000b2d4 (0xd23f2823) sw      gp, -720(t5)
core   0: 3 0x8000b2d4 (0xd23f2823) mem 0x8000d000 0x00000001
core   0: 0x8000b2d8 (0xff9ff06f) j       pc - 0x8
core   0: 3 0x8000b2d8 (0xff9ff06f)
core   0: 0x8000b2d0 (0x00002f17) auipc   t5, 0x2
core   0: 3 0x8000b2d0 (0x00002f17) x30 0x8000d2d0
core   0: 0x8000b2d4 (0xd23f2823) sw      gp, -720(t5)
core   0: 3 0x8000b2d4 (0xd23f2823) mem 0x8000d000 0x00000001
core   0: 0x8000b2d8 (0xff9ff06f) j       pc - 0x8
core   0: 3 0x8000b2d8 (0xff9ff06f)
core   0: 0x8000b2d0 (0x00002f17) auipc   t5, 0x2
core   0: 3 0x8000b2d0 (0x00002f17) x30 0x8000d2d0
core   0: 0x8000b2d4 (0xd23f2823) sw      gp, -720(t5)
core   0: 3 0x8000b2d4 (0xd23f2823) mem 0x8000d000 0x00000001
core   0: 0x8000b2d8 (0xff9ff06f) j       pc - 0x8
core   0: 3 0x8000b2d8 (0xff9ff06f)
core   0: 0x8000b2d0 (0x00002f17) auipc   t5, 0x2
core   0: 3 0x8000b2d0 (0x00002f17) x30 0x8000d2d0
core   0: 0x8000b2d4 (0xd23f2823) sw      gp, -720(t5)
core   0: 3 0x8000b2d4 (0xd23f2823) mem 0x8000d000 0x00000001
core   0: 0x8000b2d8 (0xff9ff06f) j       pc - 0x8
core   0: 3 0x8000b2d8 (0xff9ff06f)
core   0: 0x8000b2d0 (0x00002f17) auipc   t5, 0x2
core   0: 3 0x8000b2d0 (0x00002f17) x30 0x8000d2d0
core   0: 0x8000b2d4 (0xd23f2823) sw      gp, -720(t5)
core   0: 3 0x8000b2d4 (0xd23f2823) mem 0x8000d000 0x00000001
core   0: 0x8000b2d8 (0xff9ff06f) j       pc - 0x8
core   0: 3 0x8000b2d8 (0xff9ff06f)
core   0: 0x8000b2d0 (0x00002f17) auipc   t5, 0x2
core   0: 3 0x8000b2d0 (0x00002f17) x30 0x8000d2d0
core   0: 0x8000b2d4 (0xd23f2823) sw      gp, -720(t5)
core   0: 3 0x8000b2d4 (0xd23f2823) mem 0x8000d000 0x00000001
core   0: 0x8000b2d8 (0xff9ff06f) j       pc - 0x8
core   0: 3 0x8000b2d8 (0xff9ff06f)
core   0: 0x8000b2d0 (0x00002f17) auipc   t5, 0x2
core   0: 3 0x8000b2d0 (0x00002f17) x30 0x8000d2d0
core   0: 0x8000b2d4 (0xd23f2823) sw      gp, -720(t5)
core   0: 3 0x8000b2d4 (0xd23f2823) mem 0x8000d000 0x00000001
core   0: 0x8000b2d8 (0xff9ff06f) j       pc - 0x8
core   0: 3 0x8000b2d8 (0xff9ff06f)
core   0: 0x8000b2d0 (0x00002f17) auipc   t5, 0x2
core   0: 3 0x8000b2d0 (0x00002f17) x30 0x8000d2d0
core   0: 0x8000b2d4 (0xd23f2823) sw      gp, -720(t5)
core   0: 3 0x8000b2d4 (0xd23f2823) mem 0x8000d000 0x00000001
core   0: 0x8000b2d8 (0xff9ff06f) j       pc - 0x8
core   0: 3 0x8000b2d8 (0xff9ff06f)
core   0: 0x8000b2d0 (0x00002f17) auipc   t5, 0x2
core   0: 3 0x8000b2d0 (0x00002f17) x30 0x8000d2d0
core   0: 0x8000b2d4 (0xd23f2823) sw      gp, -720(t5)
core   0: 3 0x8000b2d4 (0xd23f2823) mem 0x8000d000 0x00000001
core   0: 0x8000b2d8 (0xff9ff06f) j       pc - 0x8
core   0: 3 0x8000b2d8 (0xff9ff06f)
core   0: 0x8000b2d0 (0x00002f17) auipc   t5, 0x2
core   0: 3 0x8000b2d0 (0x00002f17) x30 0x8000d2d0
core   0: 0x8000b2d4 (0xd23f2823) sw      gp, -720(t5)
core   0: 3 0x8000b2d4 (0xd23f2823) mem 0x8000d000 0x00000001
core   0: 0x8000b2d8 (0xff9ff06f) j       pc - 0x8
core   0: 3 0x8000b2d8 (0xff9ff06f)
core   0: 0x8000b2d0 (0x00002f17) auipc   t5, 0x2
core   0: 3 0x8000b2d0 (0x00002f17) x30 0x8000d2d0
core   0: 0x8000b2d4 (0xd23f2823) sw      gp, -720(t5)
core   0: 3 0x8000b2d4 (0xd23f2823) mem 0x8000d000 0x00000001
core   0: 0x8000b2d8 (0xff9ff06f) j       pc - 0x8
core   0: 3 0x8000b2d8 (0xff9ff06f)
core   0: 0x8000b2d0 (0x00002f17) auipc   t5, 0x2
core   0: 3 0x8000b2d0 (0x00002f17) x30 0x8000d2d0
core   0: 0x8000b2d4 (0xd23f2823) sw      gp, -720(t5)
core   0: 3 0x8000b2d4 (0xd23f2823) mem 0x8000d000 0x00000001
core   0: 0x8000b2d8 (0xff9ff06f) j       pc - 0x8
core   0: 3 0x8000b2d8 (0xff9ff06f)
core   0: 0x8000b2d0 (0x00002f17) auipc   t5, 0x2
core   0: 3 0x8000b2d0 (0x00002f17) x30 0x8000d2d0
core   0: 0x8000b2d4 (0xd23f2823) sw      gp, -720(t5)
core   0: 3 0x8000b2d4 (0xd23f2823) mem 0x8000d000 0x00000001
core   0: 0x8000b2d8 (0xff9ff06f) j       pc - 0x8
core   0: 3 0x8000b2d8 (0xff9ff06f)
core   0: 0x8000b2d0 (0x00002f17) auipc   t5, 0x2
core   0: 3 0x8000b2d0 (0x00002f17) x30 0x8000d2d0
core   0: 0x8000b2d4 (0xd23f2823) sw      gp, -720(t5)
core   0: 3 0x8000b2d4 (0xd23f2823) mem 0x8000d000 0x00000001
core   0: 0x8000b2d8 (0xff9ff06f) j       pc - 0x8
core   0: 3 0x8000b2d8 (0xff9ff06f)
core   0: 0x8000b2d0 (0x00002f17) auipc   t5, 0x2
core   0: 3 0x8000b2d0 (0x00002f17) x30 0x8000d2d0
core   0: 0x8000b2d4 (0xd23f2823) sw      gp, -720(t5)
core   0: 3 0x8000b2d4 (0xd23f2823) mem 0x8000d000 0x00000001
core   0: 0x8000b2d8 (0xff9ff06f) j       pc - 0x8
core   0: 3 0x8000b2d8 (0xff9ff06f)
core   0: 0x8000b2d0 (0x00002f17) auipc   t5, 0x2
core   0: 3 0x8000b2d0 (0x00002f17) x30 0x8000d2d0
core   0: 0x8000b2d4 (0xd23f2823) sw      gp, -720(t5)
core   0: 3 0x8000b2d4 (0xd23f2823) mem 0x8000d000 0x00000001
core   0: 0x8000b2d8 (0xff9ff06f) j       pc - 0x8
core   0: 3 0x8000b2d8 (0xff9ff06f)
core   0: 0x8000b2d0 (0x00002f17) auipc   t5, 0x2
core   0: 3 0x8000b2d0 (0x00002f17) x30 0x8000d2d0
core   0: 0x8000b2d4 (0xd23f2823) sw      gp, -720(t5)
core   0: 3 0x8000b2d4 (0xd23f2823) mem 0x8000d000 0x00000001
core   0: 0x8000b2d8 (0xff9ff06f) j       pc - 0x8
core   0: 3 0x8000b2d8 (0xff9ff06f)
core   0: 0x8000b2d0 (0x00002f17) auipc   t5, 0x2
core   0: 3 0x8000b2d0 (0x00002f17) x30 0x8000d2d0
core   0: 0x8000b2d4 (0xd23f2823) sw      gp, -720(t5)
core   0: 3 0x8000b2d4 (0xd23f2823) mem 0x8000d000 0x00000001
core   0: 0x8000b2d8 (0xff9ff06f) j       pc - 0x8
core   0: 3 0x8000b2d8 (0xff9ff06f)
core   0: 0x8000b2d0 (0x00002f17) auipc   t5, 0x2
core   0: 3 0x8000b2d0 (0x00002f17) x30 0x8000d2d0
core   0: 0x8000b2d4 (0xd23f2823) sw      gp, -720(t5)
core   0: 3 0x8000b2d4 (0xd23f2823) mem 0x8000d000 0x00000001
core   0: 0x8000b2d8 (0xff9ff06f) j       pc - 0x8
core   0: 3 0x8000b2d8 (0xff9ff06f)
core   0: 0x8000b2d0 (0x00002f17) auipc   t5, 0x2
core   0: 3 0x8000b2d0 (0x00002f17) x30 0x8000d2d0
core   0: 0x8000b2d4 (0xd23f2823) sw      gp, -720(t5)
core   0: 3 0x8000b2d4 (0xd23f2823) mem 0x8000d000 0x00000001
core   0: 0x8000b2d8 (0xff9ff06f) j       pc - 0x8
core   0: 3 0x8000b2d8 (0xff9ff06f)
core   0: 0x8000b2d0 (0x00002f17) auipc   t5, 0x2
core   0: 3 0x8000b2d0 (0x00002f17) x30 0x8000d2d0
core   0: 0x8000b2d4 (0xd23f2823) sw      gp, -720(t5)
core   0: 3 0x8000b2d4 (0xd23f2823) mem 0x8000d000 0x00000001
core   0: 0x8000b2d8 (0xff9ff06f) j       pc - 0x8
core   0: 3 0x8000b2d8 (0xff9ff06f)
core   0: 0x8000b2d0 (0x00002f17) auipc   t5, 0x2
core   0: 3 0x8000b2d0 (0x00002f17) x30 0x8000d2d0
core   0: 0x8000b2d4 (0xd23f2823) sw      gp, -720(t5)
core   0: 3 0x8000b2d4 (0xd23f2823) mem 0x8000d000 0x00000001
core   0: 0x8000b2d8 (0xff9ff06f) j       pc - 0x8
core   0: 3 0x8000b2d8 (0xff9ff06f)
core   0: 0x8000b2d0 (0x00002f17) auipc   t5, 0x2
core   0: 3 0x8000b2d0 (0x00002f17) x30 0x8000d2d0
core   0: 0x8000b2d4 (0xd23f2823) sw      gp, -720(t5)
core   0: 3 0x8000b2d4 (0xd23f2823) mem 0x8000d000 0x00000001
core   0: 0x8000b2d8 (0xff9ff06f) j       pc - 0x8
core   0: 3 0x8000b2d8 (0xff9ff06f)
core   0: 0x8000b2d0 (0x00002f17) auipc   t5, 0x2
core   0: 3 0x8000b2d0 (0x00002f17) x30 0x8000d2d0
core   0: 0x8000b2d4 (0xd23f2823) sw      gp, -720(t5)
core   0: 3 0x8000b2d4 (0xd23f2823) mem 0x8000d000 0x00000001
core   0: 0x8000b2d8 (0xff9ff06f) j       pc - 0x8
core   0: 3 0x8000b2d8 (0xff9ff06f)
core   0: 0x8000b2d0 (0x00002f17) auipc   t5, 0x2
core   0: 3 0x8000b2d0 (0x00002f17) x30 0x8000d2d0
core   0: 0x8000b2d4 (0xd23f2823) sw      gp, -720(t5)
core   0: 3 0x8000b2d4 (0xd23f2823) mem 0x8000d000 0x00000001
core   0: 0x8000b2d8 (0xff9ff06f) j       pc - 0x8
core   0: 3 0x8000b2d8 (0xff9ff06f)
core   0: 0x8000b2d0 (0x00002f17) auipc   t5, 0x2
core   0: 3 0x8000b2d0 (0x00002f17) x30 0x8000d2d0
core   0: 0x8000b2d4 (0xd23f2823) sw      gp, -720(t5)
core   0: 3 0x8000b2d4 (0xd23f2823) mem 0x8000d000 0x00000001
core   0: 0x8000b2d8 (0xff9ff06f) j       pc - 0x8
core   0: 3 0x8000b2d8 (0xff9ff06f)
core   0: 0x8000b2d0 (0x00002f17) auipc   t5, 0x2
core   0: 3 0x8000b2d0 (0x00002f17) x30 0x8000d2d0
core   0: 0x8000b2d4 (0xd23f2823) sw      gp, -720(t5)
core   0: 3 0x8000b2d4 (0xd23f2823) mem 0x8000d000 0x00000001
core   0: 0x8000b2d8 (0xff9ff06f) j       pc - 0x8
core   0: 3 0x8000b2d8 (0xff9ff06f)
core   0: 0x8000b2d0 (0x00002f17) auipc   t5, 0x2
core   0: 3 0x8000b2d0 (0x00002f17) x30 0x8000d2d0
core   0: 0x8000b2d4 (0xd23f2823) sw      gp, -720(t5)
core   0: 3 0x8000b2d4 (0xd23f2823) mem 0x8000d000 0x00000001
core   0: 0x8000b2d8 (0xff9ff06f) j       pc - 0x8
core   0: 3 0x8000b2d8 (0xff9ff06f)
core   0: 0x8000b2d0 (0x00002f17) auipc   t5, 0x2
core   0: 3 0x8000b2d0 (0x00002f17) x30 0x8000d2d0
core   0: 0x8000b2d4 (0xd23f2823) sw      gp, -720(t5)
core   0: 3 0x8000b2d4 (0xd23f2823) mem 0x8000d000 0x00000001
core   0: 0x8000b2d8 (0xff9ff06f) j       pc - 0x8
core   0: 3 0x8000b2d8 (0xff9ff06f)
core   0: 0x8000b2d0 (0x00002f17) auipc   t5, 0x2
core   0: 3 0x8000b2d0 (0x00002f17) x30 0x8000d2d0
core   0: 0x8000b2d4 (0xd23f2823) sw      gp, -720(t5)
core   0: 3 0x8000b2d4 (0xd23f2823) mem 0x8000d000 0x00000001
core   0: 0x8000b2d8 (0xff9ff06f) j       pc - 0x8
core   0: 3 0x8000b2d8 (0xff9ff06f)
core   0: 0x8000b2d0 (0x00002f17) auipc   t5, 0x2
core   0: 3 0x8000b2d0 (0x00002f17) x30 0x8000d2d0
core   0: 0x8000b2d4 (0xd23f2823) sw      gp, -720(t5)
core   0: 3 0x8000b2d4 (0xd23f2823) mem 0x8000d000 0x00000001
core   0: 0x8000b2d8 (0xff9ff06f) j       pc - 0x8
core   0: 3 0x8000b2d8 (0xff9ff06f)
core   0: 0x8000b2d0 (0x00002f17) auipc   t5, 0x2
core   0: 3 0x8000b2d0 (0x00002f17) x30 0x8000d2d0
core   0: 0x8000b2d4 (0xd23f2823) sw      gp, -720(t5)
core   0: 3 0x8000b2d4 (0xd23f2823) mem 0x8000d000 0x00000001
core   0: 0x8000b2d8 (0xff9ff06f) j       pc - 0x8
core   0: 3 0x8000b2d8 (0xff9ff06f)
core   0: 0x8000b2d0 (0x00002f17) auipc   t5, 0x2
core   0: 3 0x8000b2d0 (0x00002f17) x30 0x8000d2d0
core   0: 0x8000b2d4 (0xd23f2823) sw      gp, -720(t5)
core   0: 3 0x8000b2d4 (0xd23f2823) mem 0x8000d000 0x00000001
core   0: 0x8000b2d8 (0xff9ff06f) j       pc - 0x8
core   0: 3 0x8000b2d8 (0xff9ff06f)
core   0: 0x8000b2d0 (0x00002f17) auipc   t5, 0x2
core   0: 3 0x8000b2d0 (0x00002f17) x30 0x8000d2d0
core   0: 0x8000b2d4 (0xd23f2823) sw      gp, -720(t5)
core   0: 3 0x8000b2d4 (0xd23f2823) mem 0x8000d000 0x00000001
core   0: 0x8000b2d8 (0xff9ff06f) j       pc - 0x8
core   0: 3 0x8000b2d8 (0xff9ff06f)
core   0: 0x8000b2d0 (0x00002f17) auipc   t5, 0x2
core   0: 3 0x8000b2d0 (0x00002f17) x30 0x8000d2d0
core   0: 0x8000b2d4 (0xd23f2823) sw      gp, -720(t5)
core   0: 3 0x8000b2d4 (0xd23f2823) mem 0x8000d000 0x00000001
core   0: 0x8000b2d8 (0xff9ff06f) j       pc - 0x8
core   0: 3 0x8000b2d8 (0xff9ff06f)
core   0: 0x8000b2d0 (0x00002f17) auipc   t5, 0x2
core   0: 3 0x8000b2d0 (0x00002f17) x30 0x8000d2d0
core   0: 0x8000b2d4 (0xd23f2823) sw      gp, -720(t5)
core   0: 3 0x8000b2d4 (0xd23f2823) mem 0x8000d000 0x00000001
core   0: 0x8000b2d8 (0xff9ff06f) j       pc - 0x8
core   0: 3 0x8000b2d8 (0xff9ff06f)
core   0: 0x8000b2d0 (0x00002f17) auipc   t5, 0x2
core   0: 3 0x8000b2d0 (0x00002f17) x30 0x8000d2d0
core   0: 0x8000b2d4 (0xd23f2823) sw      gp, -720(t5)
core   0: 3 0x8000b2d4 (0xd23f2823) mem 0x8000d000 0x00000001
core   0: 0x8000b2d8 (0xff9ff06f) j       pc - 0x8
core   0: 3 0x8000b2d8 (0xff9ff06f)
core   0: 0x8000b2d0 (0x00002f17) auipc   t5, 0x2
core   0: 3 0x8000b2d0 (0x00002f17) x30 0x8000d2d0
core   0: 0x8000b2d4 (0xd23f2823) sw      gp, -720(t5)
core   0: 3 0x8000b2d4 (0xd23f2823) mem 0x8000d000 0x00000001
core   0: 0x8000b2d8 (0xff9ff06f) j       pc - 0x8
core   0: 3 0x8000b2d8 (0xff9ff06f)
core   0: 0x8000b2d0 (0x00002f17) auipc   t5, 0x2
core   0: 3 0x8000b2d0 (0x00002f17) x30 0x8000d2d0
core   0: 0x8000b2d4 (0xd23f2823) sw      gp, -720(t5)
core   0: 3 0x8000b2d4 (0xd23f2823) mem 0x8000d000 0x00000001
core   0: 0x8000b2d8 (0xff9ff06f) j       pc - 0x8
core   0: 3 0x8000b2d8 (0xff9ff06f)
core   0: 0x8000b2d0 (0x00002f17) auipc   t5, 0x2
core   0: 3 0x8000b2d0 (0x00002f17) x30 0x8000d2d0
core   0: 0x8000b2d4 (0xd23f2823) sw      gp, -720(t5)
core   0: 3 0x8000b2d4 (0xd23f2823) mem 0x8000d000 0x00000001
core   0: 0x8000b2d8 (0xff9ff06f) j       pc - 0x8
core   0: 3 0x8000b2d8 (0xff9ff06f)
core   0: 0x8000b2d0 (0x00002f17) auipc   t5, 0x2
core   0: 3 0x8000b2d0 (0x00002f17) x30 0x8000d2d0
core   0: 0x8000b2d4 (0xd23f2823) sw      gp, -720(t5)
core   0: 3 0x8000b2d4 (0xd23f2823) mem 0x8000d000 0x00000001
core   0: 0x8000b2d8 (0xff9ff06f) j       pc - 0x8
core   0: 3 0x8000b2d8 (0xff9ff06f)
core   0: 0x8000b2d0 (0x00002f17) auipc   t5, 0x2
core   0: 3 0x8000b2d0 (0x00002f17) x30 0x8000d2d0
core   0: 0x8000b2d4 (0xd23f2823) sw      gp, -720(t5)
core   0: 3 0x8000b2d4 (0xd23f2823) mem 0x8000d000 0x00000001
core   0: 0x8000b2d8 (0xff9ff06f) j       pc - 0x8
core   0: 3 0x8000b2d8 (0xff9ff06f)
core   0: 0x8000b2d0 (0x00002f17) auipc   t5, 0x2
core   0: 3 0x8000b2d0 (0x00002f17) x30 0x8000d2d0
core   0: 0x8000b2d4 (0xd23f2823) sw      gp, -720(t5)
core   0: 3 0x8000b2d4 (0xd23f2823) mem 0x8000d000 0x00000001
core   0: 0x8000b2d8 (0xff9ff06f) j       pc - 0x8
core   0: 3 0x8000b2d8 (0xff9ff06f)
core   0: 0x8000b2d0 (0x00002f17) auipc   t5, 0x2
core   0: 3 0x8000b2d0 (0x00002f17) x30 0x8000d2d0
core   0: 0x8000b2d4 (0xd23f2823) sw      gp, -720(t5)
core   0: 3 0x8000b2d4 (0xd23f2823) mem 0x8000d000 0x00000001
core   0: 0x8000b2d8 (0xff9ff06f) j       pc - 0x8
core   0: 3 0x8000b2d8 (0xff9ff06f)
core   0: 0x8000b2d0 (0x00002f17) auipc   t5, 0x2
core   0: 3 0x8000b2d0 (0x00002f17) x30 0x8000d2d0
core   0: 0x8000b2d4 (0xd23f2823) sw      gp, -720(t5)
core   0: 3 0x8000b2d4 (0xd23f2823) mem 0x8000d000 0x00000001
core   0: 0x8000b2d8 (0xff9ff06f) j       pc - 0x8
core   0: 3 0x8000b2d8 (0xff9ff06f)
core   0: 0x8000b2d0 (0x00002f17) auipc   t5, 0x2
core   0: 3 0x8000b2d0 (0x00002f17) x30 0x8000d2d0
core   0: 0x8000b2d4 (0xd23f2823) sw      gp, -720(t5)
core   0: 3 0x8000b2d4 (0xd23f2823) mem 0x8000d000 0x00000001
core   0: 0x8000b2d8 (0xff9ff06f) j       pc - 0x8
core   0: 3 0x8000b2d8 (0xff9ff06f)
core   0: 0x8000b2d0 (0x00002f17) auipc   t5, 0x2
core   0: 3 0x8000b2d0 (0x00002f17) x30 0x8000d2d0
core   0: 0x8000b2d4 (0xd23f2823) sw      gp, -720(t5)
core   0: 3 0x8000b2d4 (0xd23f2823) mem 0x8000d000 0x00000001
core   0: 0x8000b2d8 (0xff9ff06f) j       pc - 0x8
core   0: 3 0x8000b2d8 (0xff9ff06f)
core   0: 0x8000b2d0 (0x00002f17) auipc   t5, 0x2
core   0: 3 0x8000b2d0 (0x00002f17) x30 0x8000d2d0
core   0: 0x8000b2d4 (0xd23f2823) sw      gp, -720(t5)
core   0: 3 0x8000b2d4 (0xd23f2823) mem 0x8000d000 0x00000001
core   0: 0x8000b2d8 (0xff9ff06f) j       pc - 0x8
core   0: 3 0x8000b2d8 (0xff9ff06f)
core   0: 0x8000b2d0 (0x00002f17) auipc   t5, 0x2
core   0: 3 0x8000b2d0 (0x00002f17) x30 0x8000d2d0
core   0: 0x8000b2d4 (0xd23f2823) sw      gp, -720(t5)
core   0: 3 0x8000b2d4 (0xd23f2823) mem 0x8000d000 0x00000001
core   0: 0x8000b2d8 (0xff9ff06f) j       pc - 0x8
core   0: 3 0x8000b2d8 (0xff9ff06f)
core   0: 0x8000b2d0 (0x00002f17) auipc   t5, 0x2
core   0: 3 0x8000b2d0 (0x00002f17) x30 0x8000d2d0
core   0: 0x8000b2d4 (0xd23f2823) sw      gp, -720(t5)
core   0: 3 0x8000b2d4 (0xd23f2823) mem 0x8000d000 0x00000001
core   0: 0x8000b2d8 (0xff9ff06f) j       pc - 0x8
core   0: 3 0x8000b2d8 (0xff9ff06f)
core   0: 0x8000b2d0 (0x00002f17) auipc   t5, 0x2
core   0: 3 0x8000b2d0 (0x00002f17) x30 0x8000d2d0
core   0: 0x8000b2d4 (0xd23f2823) sw      gp, -720(t5)
core   0: 3 0x8000b2d4 (0xd23f2823) mem 0x8000d000 0x00000001
core   0: 0x8000b2d8 (0xff9ff06f) j       pc - 0x8
core   0: 3 0x8000b2d8 (0xff9ff06f)
core   0: 0x8000b2d0 (0x00002f17) auipc   t5, 0x2
core   0: 3 0x8000b2d0 (0x00002f17) x30 0x8000d2d0
core   0: 0x8000b2d4 (0xd23f2823) sw      gp, -720(t5)
core   0: 3 0x8000b2d4 (0xd23f2823) mem 0x8000d000 0x00000001
core   0: 0x8000b2d8 (0xff9ff06f) j       pc - 0x8
core   0: 3 0x8000b2d8 (0xff9ff06f)
core   0: 0x8000b2d0 (0x00002f17) auipc   t5, 0x2
core   0: 3 0x8000b2d0 (0x00002f17) x30 0x8000d2d0
core   0: 0x8000b2d4 (0xd23f2823) sw      gp, -720(t5)
core   0: 3 0x8000b2d4 (0xd23f2823) mem 0x8000d000 0x00000001
core   0: 0x8000b2d8 (0xff9ff06f) j       pc - 0x8
core   0: 3 0x8000b2d8 (0xff9ff06f)
core   0: 0x8000b2d0 (0x00002f17) auipc   t5, 0x2
core   0: 3 0x8000b2d0 (0x00002f17) x30 0x8000d2d0
core   0: 0x8000b2d4 (0xd23f2823) sw      gp, -720(t5)
core   0: 3 0x8000b2d4 (0xd23f2823) mem 0x8000d000 0x00000001
core   0: 0x8000b2d8 (0xff9ff06f) j       pc - 0x8
core   0: 3 0x8000b2d8 (0xff9ff06f)
core   0: 0x8000b2d0 (0x00002f17) auipc   t5, 0x2
core   0: 3 0x8000b2d0 (0x00002f17) x30 0x8000d2d0
core   0: 0x8000b2d4 (0xd23f2823) sw      gp, -720(t5)
core   0: 3 0x8000b2d4 (0xd23f2823) mem 0x8000d000 0x00000001
core   0: 0x8000b2d8 (0xff9ff06f) j       pc - 0x8
core   0: 3 0x8000b2d8 (0xff9ff06f)
core   0: 0x8000b2d0 (0x00002f17) auipc   t5, 0x2
core   0: 3 0x8000b2d0 (0x00002f17) x30 0x8000d2d0
core   0: 0x8000b2d4 (0xd23f2823) sw      gp, -720(t5)
core   0: 3 0x8000b2d4 (0xd23f2823) mem 0x8000d000 0x00000001
core   0: 0x8000b2d8 (0xff9ff06f) j       pc - 0x8
core   0: 3 0x8000b2d8 (0xff9ff06f)
core   0: 0x8000b2d0 (0x00002f17) auipc   t5, 0x2
core   0: 3 0x8000b2d0 (0x00002f17) x30 0x8000d2d0
core   0: 0x8000b2d4 (0xd23f2823) sw      gp, -720(t5)
core   0: 3 0x8000b2d4 (0xd23f2823) mem 0x8000d000 0x00000001
core   0: 0x8000b2d8 (0xff9ff06f) j       pc - 0x8
core   0: 3 0x8000b2d8 (0xff9ff06f)
core   0: 0x8000b2d0 (0x00002f17) auipc   t5, 0x2
core   0: 3 0x8000b2d0 (0x00002f17) x30 0x8000d2d0
core   0: 0x8000b2d4 (0xd23f2823) sw      gp, -720(t5)
core   0: 3 0x8000b2d4 (0xd23f2823) mem 0x8000d000 0x00000001
core   0: 0x8000b2d8 (0xff9ff06f) j       pc - 0x8
core   0: 3 0x8000b2d8 (0xff9ff06f)
core   0: 0x8000b2d0 (0x00002f17) auipc   t5, 0x2
core   0: 3 0x8000b2d0 (0x00002f17) x30 0x8000d2d0
core   0: 0x8000b2d4 (0xd23f2823) sw      gp, -720(t5)
core   0: 3 0x8000b2d4 (0xd23f2823) mem 0x8000d000 0x00000001
core   0: 0x8000b2d8 (0xff9ff06f) j       pc - 0x8
core   0: 3 0x8000b2d8 (0xff9ff06f)
core   0: 0x8000b2d0 (0x00002f17) auipc   t5, 0x2
core   0: 3 0x8000b2d0 (0x00002f17) x30 0x8000d2d0
core   0: 0x8000b2d4 (0xd23f2823) sw      gp, -720(t5)
core   0: 3 0x8000b2d4 (0xd23f2823) mem 0x8000d000 0x00000001
core   0: 0x8000b2d8 (0xff9ff06f) j       pc - 0x8
core   0: 3 0x8000b2d8 (0xff9ff06f)
core   0: 0x8000b2d0 (0x00002f17) auipc   t5, 0x2
core   0: 3 0x8000b2d0 (0x00002f17) x30 0x8000d2d0
core   0: 0x8000b2d4 (0xd23f2823) sw      gp, -720(t5)
core   0: 3 0x8000b2d4 (0xd23f2823) mem 0x8000d000 0x00000001
core   0: 0x8000b2d8 (0xff9ff06f) j       pc - 0x8
core   0: 3 0x8000b2d8 (0xff9ff06f)
core   0: 0x8000b2d0 (0x00002f17) auipc   t5, 0x2
core   0: 3 0x8000b2d0 (0x00002f17) x30 0x8000d2d0
core   0: 0x8000b2d4 (0xd23f2823) sw      gp, -720(t5)
core   0: 3 0x8000b2d4 (0xd23f2823) mem 0x8000d000 0x00000001
core   0: 0x8000b2d8 (0xff9ff06f) j       pc - 0x8
core   0: 3 0x8000b2d8 (0xff9ff06f)
core   0: 0x8000b2d0 (0x00002f17) auipc   t5, 0x2
core   0: 3 0x8000b2d0 (0x00002f17) x30 0x8000d2d0
core   0: 0x8000b2d4 (0xd23f2823) sw      gp, -720(t5)
core   0: 3 0x8000b2d4 (0xd23f2823) mem 0x8000d000 0x00000001
core   0: 0x8000b2d8 (0xff9ff06f) j       pc - 0x8
core   0: 3 0x8000b2d8 (0xff9ff06f)
core   0: 0x8000b2d0 (0x00002f17) auipc   t5, 0x2
core   0: 3 0x8000b2d0 (0x00002f17) x30 0x8000d2d0
core   0: 0x8000b2d4 (0xd23f2823) sw      gp, -720(t5)
core   0: 3 0x8000b2d4 (0xd23f2823) mem 0x8000d000 0x00000001
core   0: 0x8000b2d8 (0xff9ff06f) j       pc - 0x8
core   0: 3 0x8000b2d8 (0xff9ff06f)
core   0: 0x8000b2d0 (0x00002f17) auipc   t5, 0x2
core   0: 3 0x8000b2d0 (0x00002f17) x30 0x8000d2d0
core   0: 0x8000b2d4 (0xd23f2823) sw      gp, -720(t5)
core   0: 3 0x8000b2d4 (0xd23f2823) mem 0x8000d000 0x00000001
core   0: 0x8000b2d8 (0xff9ff06f) j       pc - 0x8
core   0: 3 0x8000b2d8 (0xff9ff06f)
core   0: 0x8000b2d0 (0x00002f17) auipc   t5, 0x2
core   0: 3 0x8000b2d0 (0x00002f17) x30 0x8000d2d0
core   0: 0x8000b2d4 (0xd23f2823) sw      gp, -720(t5)
core   0: 3 0x8000b2d4 (0xd23f2823) mem 0x8000d000 0x00000001
core   0: 0x8000b2d8 (0xff9ff06f) j       pc - 0x8
core   0: 3 0x8000b2d8 (0xff9ff06f)
core   0: 0x8000b2d0 (0x00002f17) auipc   t5, 0x2
core   0: 3 0x8000b2d0 (0x00002f17) x30 0x8000d2d0
core   0: 0x8000b2d4 (0xd23f2823) sw      gp, -720(t5)
core   0: 3 0x8000b2d4 (0xd23f2823) mem 0x8000d000 0x00000001
core   0: 0x8000b2d8 (0xff9ff06f) j       pc - 0x8
core   0: 3 0x8000b2d8 (0xff9ff06f)
core   0: 0x8000b2d0 (0x00002f17) auipc   t5, 0x2
core   0: 3 0x8000b2d0 (0x00002f17) x30 0x8000d2d0
core   0: 0x8000b2d4 (0xd23f2823) sw      gp, -720(t5)
core   0: 3 0x8000b2d4 (0xd23f2823) mem 0x8000d000 0x00000001
core   0: 0x8000b2d8 (0xff9ff06f) j       pc - 0x8
core   0: 3 0x8000b2d8 (0xff9ff06f)
core   0: 0x8000b2d0 (0x00002f17) auipc   t5, 0x2
core   0: 3 0x8000b2d0 (0x00002f17) x30 0x8000d2d0
core   0: 0x8000b2d4 (0xd23f2823) sw      gp, -720(t5)
core   0: 3 0x8000b2d4 (0xd23f2823) mem 0x8000d000 0x00000001
core   0: 0x8000b2d8 (0xff9ff06f) j       pc - 0x8
core   0: 3 0x8000b2d8 (0xff9ff06f)
core   0: 0x8000b2d0 (0x00002f17) auipc   t5, 0x2
core   0: 3 0x8000b2d0 (0x00002f17) x30 0x8000d2d0
core   0: 0x8000b2d4 (0xd23f2823) sw      gp, -720(t5)
core   0: 3 0x8000b2d4 (0xd23f2823) mem 0x8000d000 0x00000001
core   0: 0x8000b2d8 (0xff9ff06f) j       pc - 0x8
core   0: 3 0x8000b2d8 (0xff9ff06f)
core   0: 0x8000b2d0 (0x00002f17) auipc   t5, 0x2
core   0: 3 0x8000b2d0 (0x00002f17) x30 0x8000d2d0
core   0: 0x8000b2d4 (0xd23f2823) sw      gp, -720(t5)
core   0: 3 0x8000b2d4 (0xd23f2823) mem 0x8000d000 0x00000001
core   0: 0x8000b2d8 (0xff9ff06f) j       pc - 0x8
core   0: 3 0x8000b2d8 (0xff9ff06f)
core   0: 0x8000b2d0 (0x00002f17) auipc   t5, 0x2
core   0: 3 0x8000b2d0 (0x00002f17) x30 0x8000d2d0
core   0: 0x8000b2d4 (0xd23f2823) sw      gp, -720(t5)
core   0: 3 0x8000b2d4 (0xd23f2823) mem 0x8000d000 0x00000001
core   0: 0x8000b2d8 (0xff9ff06f) j       pc - 0x8
core   0: 3 0x8000b2d8 (0xff9ff06f)
core   0: 0x8000b2d0 (0x00002f17) auipc   t5, 0x2
core   0: 3 0x8000b2d0 (0x00002f17) x30 0x8000d2d0
core   0: 0x8000b2d4 (0xd23f2823) sw      gp, -720(t5)
core   0: 3 0x8000b2d4 (0xd23f2823) mem 0x8000d000 0x00000001
core   0: 0x8000b2d8 (0xff9ff06f) j       pc - 0x8
core   0: 3 0x8000b2d8 (0xff9ff06f)
core   0: 0x8000b2d0 (0x00002f17) auipc   t5, 0x2
core   0: 3 0x8000b2d0 (0x00002f17) x30 0x8000d2d0
core   0: 0x8000b2d4 (0xd23f2823) sw      gp, -720(t5)
core   0: 3 0x8000b2d4 (0xd23f2823) mem 0x8000d000 0x00000001
core   0: 0x8000b2d8 (0xff9ff06f) j       pc - 0x8
core   0: 3 0x8000b2d8 (0xff9ff06f)
core   0: 0x8000b2d0 (0x00002f17) auipc   t5, 0x2
core   0: 3 0x8000b2d0 (0x00002f17) x30 0x8000d2d0
core   0: 0x8000b2d4 (0xd23f2823) sw      gp, -720(t5)
core   0: 3 0x8000b2d4 (0xd23f2823) mem 0x8000d000 0x00000001
core   0: 0x8000b2d8 (0xff9ff06f) j       pc - 0x8
core   0: 3 0x8000b2d8 (0xff9ff06f)
core   0: 0x8000b2d0 (0x00002f17) auipc   t5, 0x2
core   0: 3 0x8000b2d0 (0x00002f17) x30 0x8000d2d0
core   0: 0x8000b2d4 (0xd23f2823) sw      gp, -720(t5)
core   0: 3 0x8000b2d4 (0xd23f2823) mem 0x8000d000 0x00000001
core   0: 0x8000b2d8 (0xff9ff06f) j       pc - 0x8
core   0: 3 0x8000b2d8 (0xff9ff06f)
core   0: 0x8000b2d0 (0x00002f17) auipc   t5, 0x2
core   0: 3 0x8000b2d0 (0x00002f17) x30 0x8000d2d0
core   0: 0x8000b2d4 (0xd23f2823) sw      gp, -720(t5)
core   0: 3 0x8000b2d4 (0xd23f2823) mem 0x8000d000 0x00000001
core   0: 0x8000b2d8 (0xff9ff06f) j       pc - 0x8
core   0: 3 0x8000b2d8 (0xff9ff06f)
core   0: 0x8000b2d0 (0x00002f17) auipc   t5, 0x2
core   0: 3 0x8000b2d0 (0x00002f17) x30 0x8000d2d0
core   0: 0x8000b2d4 (0xd23f2823) sw      gp, -720(t5)
core   0: 3 0x8000b2d4 (0xd23f2823) mem 0x8000d000 0x00000001
core   0: 0x8000b2d8 (0xff9ff06f) j       pc - 0x8
core   0: 3 0x8000b2d8 (0xff9ff06f)
core   0: 0x8000b2d0 (0x00002f17) auipc   t5, 0x2
core   0: 3 0x8000b2d0 (0x00002f17) x30 0x8000d2d0
core   0: 0x8000b2d4 (0xd23f2823) sw      gp, -720(t5)
core   0: 3 0x8000b2d4 (0xd23f2823) mem 0x8000d000 0x00000001
core   0: 0x8000b2d8 (0xff9ff06f) j       pc - 0x8
core   0: 3 0x8000b2d8 (0xff9ff06f)
core   0: 0x8000b2d0 (0x00002f17) auipc   t5, 0x2
core   0: 3 0x8000b2d0 (0x00002f17) x30 0x8000d2d0
core   0: 0x8000b2d4 (0xd23f2823) sw      gp, -720(t5)
core   0: 3 0x8000b2d4 (0xd23f2823) mem 0x8000d000 0x00000001
core   0: 0x8000b2d8 (0xff9ff06f) j       pc - 0x8
core   0: 3 0x8000b2d8 (0xff9ff06f)
core   0: 0x8000b2d0 (0x00002f17) auipc   t5, 0x2
core   0: 3 0x8000b2d0 (0x00002f17) x30 0x8000d2d0
core   0: 0x8000b2d4 (0xd23f2823) sw      gp, -720(t5)
core   0: 3 0x8000b2d4 (0xd23f2823) mem 0x8000d000 0x00000001
core   0: 0x8000b2d8 (0xff9ff06f) j       pc - 0x8
core   0: 3 0x8000b2d8 (0xff9ff06f)
core   0: 0x8000b2d0 (0x00002f17) auipc   t5, 0x2
core   0: 3 0x8000b2d0 (0x00002f17) x30 0x8000d2d0
core   0: 0x8000b2d4 (0xd23f2823) sw      gp, -720(t5)
core   0: 3 0x8000b2d4 (0xd23f2823) mem 0x8000d000 0x00000001
core   0: 0x8000b2d8 (0xff9ff06f) j       pc - 0x8
core   0: 3 0x8000b2d8 (0xff9ff06f)
core   0: 0x8000b2d0 (0x00002f17) auipc   t5, 0x2
core   0: 3 0x8000b2d0 (0x00002f17) x30 0x8000d2d0
core   0: 0x8000b2d4 (0xd23f2823) sw      gp, -720(t5)
core   0: 3 0x8000b2d4 (0xd23f2823) mem 0x8000d000 0x00000001
core   0: 0x8000b2d8 (0xff9ff06f) j       pc - 0x8
core   0: 3 0x8000b2d8 (0xff9ff06f)
core   0: 0x8000b2d0 (0x00002f17) auipc   t5, 0x2
core   0: 3 0x8000b2d0 (0x00002f17) x30 0x8000d2d0
core   0: 0x8000b2d4 (0xd23f2823) sw      gp, -720(t5)
core   0: 3 0x8000b2d4 (0xd23f2823) mem 0x8000d000 0x00000001
core   0: 0x8000b2d8 (0xff9ff06f) j       pc - 0x8
core   0: 3 0x8000b2d8 (0xff9ff06f)
core   0: 0x8000b2d0 (0x00002f17) auipc   t5, 0x2
core   0: 3 0x8000b2d0 (0x00002f17) x30 0x8000d2d0
core   0: 0x8000b2d4 (0xd23f2823) sw      gp, -720(t5)
core   0: 3 0x8000b2d4 (0xd23f2823) mem 0x8000d000 0x00000001
core   0: 0x8000b2d8 (0xff9ff06f) j       pc - 0x8
core   0: 3 0x8000b2d8 (0xff9ff06f)
core   0: 0x8000b2d0 (0x00002f17) auipc   t5, 0x2
core   0: 3 0x8000b2d0 (0x00002f17) x30 0x8000d2d0
core   0: 0x8000b2d4 (0xd23f2823) sw      gp, -720(t5)
core   0: 3 0x8000b2d4 (0xd23f2823) mem 0x8000d000 0x00000001
core   0: 0x8000b2d8 (0xff9ff06f) j       pc - 0x8
core   0: 3 0x8000b2d8 (0xff9ff06f)
core   0: 0x8000b2d0 (0x00002f17) auipc   t5, 0x2
core   0: 3 0x8000b2d0 (0x00002f17) x30 0x8000d2d0
core   0: 0x8000b2d4 (0xd23f2823) sw      gp, -720(t5)
core   0: 3 0x8000b2d4 (0xd23f2823) mem 0x8000d000 0x00000001
core   0: 0x8000b2d8 (0xff9ff06f) j       pc - 0x8
core   0: 3 0x8000b2d8 (0xff9ff06f)
core   0: 0x8000b2d0 (0x00002f17) auipc   t5, 0x2
core   0: 3 0x8000b2d0 (0x00002f17) x30 0x8000d2d0
core   0: 0x8000b2d4 (0xd23f2823) sw      gp, -720(t5)
core   0: 3 0x8000b2d4 (0xd23f2823) mem 0x8000d000 0x00000001
core   0: 0x8000b2d8 (0xff9ff06f) j       pc - 0x8
core   0: 3 0x8000b2d8 (0xff9ff06f)
core   0: 0x8000b2d0 (0x00002f17) auipc   t5, 0x2
core   0: 3 0x8000b2d0 (0x00002f17) x30 0x8000d2d0
core   0: 0x8000b2d4 (0xd23f2823) sw      gp, -720(t5)
core   0: 3 0x8000b2d4 (0xd23f2823) mem 0x8000d000 0x00000001
core   0: 0x8000b2d8 (0xff9ff06f) j       pc - 0x8
core   0: 3 0x8000b2d8 (0xff9ff06f)
core   0: 0x8000b2d0 (0x00002f17) auipc   t5, 0x2
core   0: 3 0x8000b2d0 (0x00002f17) x30 0x8000d2d0
core   0: 0x8000b2d4 (0xd23f2823) sw      gp, -720(t5)
core   0: 3 0x8000b2d4 (0xd23f2823) mem 0x8000d000 0x00000001
core   0: 0x8000b2d8 (0xff9ff06f) j       pc - 0x8
core   0: 3 0x8000b2d8 (0xff9ff06f)
core   0: 0x8000b2d0 (0x00002f17) auipc   t5, 0x2
core   0: 3 0x8000b2d0 (0x00002f17) x30 0x8000d2d0
core   0: 0x8000b2d4 (0xd23f2823) sw      gp, -720(t5)
core   0: 3 0x8000b2d4 (0xd23f2823) mem 0x8000d000 0x00000001
core   0: 0x8000b2d8 (0xff9ff06f) j       pc - 0x8
core   0: 3 0x8000b2d8 (0xff9ff06f)
core   0: 0x8000b2d0 (0x00002f17) auipc   t5, 0x2
core   0: 3 0x8000b2d0 (0x00002f17) x30 0x8000d2d0
core   0: 0x8000b2d4 (0xd23f2823) sw      gp, -720(t5)
core   0: 3 0x8000b2d4 (0xd23f2823) mem 0x8000d000 0x00000001
core   0: 0x8000b2d8 (0xff9ff06f) j       pc - 0x8
core   0: 3 0x8000b2d8 (0xff9ff06f)
core   0: 0x8000b2d0 (0x00002f17) auipc   t5, 0x2
core   0: 3 0x8000b2d0 (0x00002f17) x30 0x8000d2d0
core   0: 0x8000b2d4 (0xd23f2823) sw      gp, -720(t5)
core   0: 3 0x8000b2d4 (0xd23f2823) mem 0x8000d000 0x00000001
core   0: 0x8000b2d8 (0xff9ff06f) j       pc - 0x8
core   0: 3 0x8000b2d8 (0xff9ff06f)
core   0: 0x8000b2d0 (0x00002f17) auipc   t5, 0x2
core   0: 3 0x8000b2d0 (0x00002f17) x30 0x8000d2d0
core   0: 0x8000b2d4 (0xd23f2823) sw      gp, -720(t5)
core   0: 3 0x8000b2d4 (0xd23f2823) mem 0x8000d000 0x00000001
core   0: 0x8000b2d8 (0xff9ff06f) j       pc - 0x8
core   0: 3 0x8000b2d8 (0xff9ff06f)
core   0: 0x8000b2d0 (0x00002f17) auipc   t5, 0x2
core   0: 3 0x8000b2d0 (0x00002f17) x30 0x8000d2d0
core   0: 0x8000b2d4 (0xd23f2823) sw      gp, -720(t5)
core   0: 3 0x8000b2d4 (0xd23f2823) mem 0x8000d000 0x00000001
core   0: 0x8000b2d8 (0xff9ff06f) j       pc - 0x8
core   0: 3 0x8000b2d8 (0xff9ff06f)
core   0: 0x8000b2d0 (0x00002f17) auipc   t5, 0x2
core   0: 3 0x8000b2d0 (0x00002f17) x30 0x8000d2d0
core   0: 0x8000b2d4 (0xd23f2823) sw      gp, -720(t5)
core   0: 3 0x8000b2d4 (0xd23f2823) mem 0x8000d000 0x00000001
core   0: 0x8000b2d8 (0xff9ff06f) j       pc - 0x8
core   0: 3 0x8000b2d8 (0xff9ff06f)
core   0: 0x8000b2d0 (0x00002f17) auipc   t5, 0x2
core   0: 3 0x8000b2d0 (0x00002f17) x30 0x8000d2d0
core   0: 0x8000b2d4 (0xd23f2823) sw      gp, -720(t5)
core   0: 3 0x8000b2d4 (0xd23f2823) mem 0x8000d000 0x00000001
core   0: 0x8000b2d8 (0xff9ff06f) j       pc - 0x8
core   0: 3 0x8000b2d8 (0xff9ff06f)
core   0: 0x8000b2d0 (0x00002f17) auipc   t5, 0x2
core   0: 3 0x8000b2d0 (0x00002f17) x30 0x8000d2d0
core   0: 0x8000b2d4 (0xd23f2823) sw      gp, -720(t5)
core   0: 3 0x8000b2d4 (0xd23f2823) mem 0x8000d000 0x00000001
core   0: 0x8000b2d8 (0xff9ff06f) j       pc - 0x8
core   0: 3 0x8000b2d8 (0xff9ff06f)
core   0: 0x8000b2d0 (0x00002f17) auipc   t5, 0x2
core   0: 3 0x8000b2d0 (0x00002f17) x30 0x8000d2d0
core   0: 0x8000b2d4 (0xd23f2823) sw      gp, -720(t5)
core   0: 3 0x8000b2d4 (0xd23f2823) mem 0x8000d000 0x00000001
core   0: 0x8000b2d8 (0xff9ff06f) j       pc - 0x8
core   0: 3 0x8000b2d8 (0xff9ff06f)
core   0: 0x8000b2d0 (0x00002f17) auipc   t5, 0x2
core   0: 3 0x8000b2d0 (0x00002f17) x30 0x8000d2d0
core   0: 0x8000b2d4 (0xd23f2823) sw      gp, -720(t5)
core   0: 3 0x8000b2d4 (0xd23f2823) mem 0x8000d000 0x00000001
core   0: 0x8000b2d8 (0xff9ff06f) j       pc - 0x8
core   0: 3 0x8000b2d8 (0xff9ff06f)
core   0: 0x8000b2d0 (0x00002f17) auipc   t5, 0x2
core   0: 3 0x8000b2d0 (0x00002f17) x30 0x8000d2d0
core   0: 0x8000b2d4 (0xd23f2823) sw      gp, -720(t5)
core   0: 3 0x8000b2d4 (0xd23f2823) mem 0x8000d000 0x00000001
core   0: 0x8000b2d8 (0xff9ff06f) j       pc - 0x8
core   0: 3 0x8000b2d8 (0xff9ff06f)
core   0: 0x8000b2d0 (0x00002f17) auipc   t5, 0x2
core   0: 3 0x8000b2d0 (0x00002f17) x30 0x8000d2d0
core   0: 0x8000b2d4 (0xd23f2823) sw      gp, -720(t5)
core   0: 3 0x8000b2d4 (0xd23f2823) mem 0x8000d000 0x00000001
core   0: 0x8000b2d8 (0xff9ff06f) j       pc - 0x8
core   0: 3 0x8000b2d8 (0xff9ff06f)
core   0: 0x8000b2d0 (0x00002f17) auipc   t5, 0x2
core   0: 3 0x8000b2d0 (0x00002f17) x30 0x8000d2d0
core   0: 0x8000b2d4 (0xd23f2823) sw      gp, -720(t5)
core   0: 3 0x8000b2d4 (0xd23f2823) mem 0x8000d000 0x00000001
core   0: 0x8000b2d8 (0xff9ff06f) j       pc - 0x8
core   0: 3 0x8000b2d8 (0xff9ff06f)
core   0: 0x8000b2d0 (0x00002f17) auipc   t5, 0x2
core   0: 3 0x8000b2d0 (0x00002f17) x30 0x8000d2d0
core   0: 0x8000b2d4 (0xd23f2823) sw      gp, -720(t5)
core   0: 3 0x8000b2d4 (0xd23f2823) mem 0x8000d000 0x00000001
core   0: 0x8000b2d8 (0xff9ff06f) j       pc - 0x8
core   0: 3 0x8000b2d8 (0xff9ff06f)
core   0: 0x8000b2d0 (0x00002f17) auipc   t5, 0x2
core   0: 3 0x8000b2d0 (0x00002f17) x30 0x8000d2d0
core   0: 0x8000b2d4 (0xd23f2823) sw      gp, -720(t5)
core   0: 3 0x8000b2d4 (0xd23f2823) mem 0x8000d000 0x00000001
core   0: 0x8000b2d8 (0xff9ff06f) j       pc - 0x8
core   0: 3 0x8000b2d8 (0xff9ff06f)
core   0: 0x8000b2d0 (0x00002f17) auipc   t5, 0x2
core   0: 3 0x8000b2d0 (0x00002f17) x30 0x8000d2d0
core   0: 0x8000b2d4 (0xd23f2823) sw      gp, -720(t5)
core   0: 3 0x8000b2d4 (0xd23f2823) mem 0x8000d000 0x00000001
core   0: 0x8000b2d8 (0xff9ff06f) j       pc - 0x8
core   0: 3 0x8000b2d8 (0xff9ff06f)
core   0: 0x8000b2d0 (0x00002f17) auipc   t5, 0x2
core   0: 3 0x8000b2d0 (0x00002f17) x30 0x8000d2d0
core   0: 0x8000b2d4 (0xd23f2823) sw      gp, -720(t5)
core   0: 3 0x8000b2d4 (0xd23f2823) mem 0x8000d000 0x00000001
core   0: 0x8000b2d8 (0xff9ff06f) j       pc - 0x8
core   0: 3 0x8000b2d8 (0xff9ff06f)
core   0: 0x8000b2d0 (0x00002f17) auipc   t5, 0x2
core   0: 3 0x8000b2d0 (0x00002f17) x30 0x8000d2d0
core   0: 0x8000b2d4 (0xd23f2823) sw      gp, -720(t5)
core   0: 3 0x8000b2d4 (0xd23f2823) mem 0x8000d000 0x00000001
core   0: 0x8000b2d8 (0xff9ff06f) j       pc - 0x8
core   0: 3 0x8000b2d8 (0xff9ff06f)
core   0: 0x8000b2d0 (0x00002f17) auipc   t5, 0x2
core   0: 3 0x8000b2d0 (0x00002f17) x30 0x8000d2d0
core   0: 0x8000b2d4 (0xd23f2823) sw      gp, -720(t5)
core   0: 3 0x8000b2d4 (0xd23f2823) mem 0x8000d000 0x00000001
core   0: 0x8000b2d8 (0xff9ff06f) j       pc - 0x8
core   0: 3 0x8000b2d8 (0xff9ff06f)
core   0: 0x8000b2d0 (0x00002f17) auipc   t5, 0x2
core   0: 3 0x8000b2d0 (0x00002f17) x30 0x8000d2d0
core   0: 0x8000b2d4 (0xd23f2823) sw      gp, -720(t5)
core   0: 3 0x8000b2d4 (0xd23f2823) mem 0x8000d000 0x00000001
core   0: 0x8000b2d8 (0xff9ff06f) j       pc - 0x8
core   0: 3 0x8000b2d8 (0xff9ff06f)
core   0: 0x8000b2d0 (0x00002f17) auipc   t5, 0x2
core   0: 3 0x8000b2d0 (0x00002f17) x30 0x8000d2d0
core   0: 0x8000b2d4 (0xd23f2823) sw      gp, -720(t5)
core   0: 3 0x8000b2d4 (0xd23f2823) mem 0x8000d000 0x00000001
core   0: 0x8000b2d8 (0xff9ff06f) j       pc - 0x8
core   0: 3 0x8000b2d8 (0xff9ff06f)
core   0: 0x8000b2d0 (0x00002f17) auipc   t5, 0x2
core   0: 3 0x8000b2d0 (0x00002f17) x30 0x8000d2d0
core   0: 0x8000b2d4 (0xd23f2823) sw      gp, -720(t5)
core   0: 3 0x8000b2d4 (0xd23f2823) mem 0x8000d000 0x00000001
core   0: 0x8000b2d8 (0xff9ff06f) j       pc - 0x8
core   0: 3 0x8000b2d8 (0xff9ff06f)
core   0: 0x8000b2d0 (0x00002f17) auipc   t5, 0x2
core   0: 3 0x8000b2d0 (0x00002f17) x30 0x8000d2d0
core   0: 0x8000b2d4 (0xd23f2823) sw      gp, -720(t5)
core   0: 3 0x8000b2d4 (0xd23f2823) mem 0x8000d000 0x00000001
core   0: 0x8000b2d8 (0xff9ff06f) j       pc - 0x8
core   0: 3 0x8000b2d8 (0xff9ff06f)
core   0: 0x8000b2d0 (0x00002f17) auipc   t5, 0x2
core   0: 3 0x8000b2d0 (0x00002f17) x30 0x8000d2d0
core   0: 0x8000b2d4 (0xd23f2823) sw      gp, -720(t5)
core   0: 3 0x8000b2d4 (0xd23f2823) mem 0x8000d000 0x00000001
core   0: 0x8000b2d8 (0xff9ff06f) j       pc - 0x8
core   0: 3 0x8000b2d8 (0xff9ff06f)
core   0: 0x8000b2d0 (0x00002f17) auipc   t5, 0x2
core   0: 3 0x8000b2d0 (0x00002f17) x30 0x8000d2d0
core   0: 0x8000b2d4 (0xd23f2823) sw      gp, -720(t5)
core   0: 3 0x8000b2d4 (0xd23f2823) mem 0x8000d000 0x00000001
core   0: 0x8000b2d8 (0xff9ff06f) j       pc - 0x8
core   0: 3 0x8000b2d8 (0xff9ff06f)
core   0: 0x8000b2d0 (0x00002f17) auipc   t5, 0x2
core   0: 3 0x8000b2d0 (0x00002f17) x30 0x8000d2d0
core   0: 0x8000b2d4 (0xd23f2823) sw      gp, -720(t5)
core   0: 3 0x8000b2d4 (0xd23f2823) mem 0x8000d000 0x00000001
core   0: 0x8000b2d8 (0xff9ff06f) j       pc - 0x8
core   0: 3 0x8000b2d8 (0xff9ff06f)
core   0: 0x8000b2d0 (0x00002f17) auipc   t5, 0x2
core   0: 3 0x8000b2d0 (0x00002f17) x30 0x8000d2d0
core   0: 0x8000b2d4 (0xd23f2823) sw      gp, -720(t5)
core   0: 3 0x8000b2d4 (0xd23f2823) mem 0x8000d000 0x00000001
core   0: 0x8000b2d8 (0xff9ff06f) j       pc - 0x8
core   0: 3 0x8000b2d8 (0xff9ff06f)
core   0: 0x8000b2d0 (0x00002f17) auipc   t5, 0x2
core   0: 3 0x8000b2d0 (0x00002f17) x30 0x8000d2d0
core   0: 0x8000b2d4 (0xd23f2823) sw      gp, -720(t5)
core   0: 3 0x8000b2d4 (0xd23f2823) mem 0x8000d000 0x00000001
core   0: 0x8000b2d8 (0xff9ff06f) j       pc - 0x8
core   0: 3 0x8000b2d8 (0xff9ff06f)
core   0: 0x8000b2d0 (0x00002f17) auipc   t5, 0x2
core   0: 3 0x8000b2d0 (0x00002f17) x30 0x8000d2d0
core   0: 0x8000b2d4 (0xd23f2823) sw      gp, -720(t5)
core   0: 3 0x8000b2d4 (0xd23f2823) mem 0x8000d000 0x00000001
core   0: 0x8000b2d8 (0xff9ff06f) j       pc - 0x8
core   0: 3 0x8000b2d8 (0xff9ff06f)
core   0: 0x8000b2d0 (0x00002f17) auipc   t5, 0x2
core   0: 3 0x8000b2d0 (0x00002f17) x30 0x8000d2d0
core   0: 0x8000b2d4 (0xd23f2823) sw      gp, -720(t5)
core   0: 3 0x8000b2d4 (0xd23f2823) mem 0x8000d000 0x00000001
core   0: 0x8000b2d8 (0xff9ff06f) j       pc - 0x8
core   0: 3 0x8000b2d8 (0xff9ff06f)
core   0: 0x8000b2d0 (0x00002f17) auipc   t5, 0x2
core   0: 3 0x8000b2d0 (0x00002f17) x30 0x8000d2d0
core   0: 0x8000b2d4 (0xd23f2823) sw      gp, -720(t5)
core   0: 3 0x8000b2d4 (0xd23f2823) mem 0x8000d000 0x00000001
core   0: 0x8000b2d8 (0xff9ff06f) j       pc - 0x8
core   0: 3 0x8000b2d8 (0xff9ff06f)
core   0: 0x8000b2d0 (0x00002f17) auipc   t5, 0x2
core   0: 3 0x8000b2d0 (0x00002f17) x30 0x8000d2d0
core   0: 0x8000b2d4 (0xd23f2823) sw      gp, -720(t5)
core   0: 3 0x8000b2d4 (0xd23f2823) mem 0x8000d000 0x00000001
core   0: 0x8000b2d8 (0xff9ff06f) j       pc - 0x8
core   0: 3 0x8000b2d8 (0xff9ff06f)
core   0: 0x8000b2d0 (0x00002f17) auipc   t5, 0x2
core   0: 3 0x8000b2d0 (0x00002f17) x30 0x8000d2d0
core   0: 0x8000b2d4 (0xd23f2823) sw      gp, -720(t5)
core   0: 3 0x8000b2d4 (0xd23f2823) mem 0x8000d000 0x00000001
core   0: 0x8000b2d8 (0xff9ff06f) j       pc - 0x8
core   0: 3 0x8000b2d8 (0xff9ff06f)
core   0: 0x8000b2d0 (0x00002f17) auipc   t5, 0x2
core   0: 3 0x8000b2d0 (0x00002f17) x30 0x8000d2d0
core   0: 0x8000b2d4 (0xd23f2823) sw      gp, -720(t5)
core   0: 3 0x8000b2d4 (0xd23f2823) mem 0x8000d000 0x00000001
core   0: 0x8000b2d8 (0xff9ff06f) j       pc - 0x8
core   0: 3 0x8000b2d8 (0xff9ff06f)
core   0: 0x8000b2d0 (0x00002f17) auipc   t5, 0x2
core   0: 3 0x8000b2d0 (0x00002f17) x30 0x8000d2d0
core   0: 0x8000b2d4 (0xd23f2823) sw      gp, -720(t5)
core   0: 3 0x8000b2d4 (0xd23f2823) mem 0x8000d000 0x00000001
core   0: 0x8000b2d8 (0xff9ff06f) j       pc - 0x8
core   0: 3 0x8000b2d8 (0xff9ff06f)
core   0: 0x8000b2d0 (0x00002f17) auipc   t5, 0x2
core   0: 3 0x8000b2d0 (0x00002f17) x30 0x8000d2d0
core   0: 0x8000b2d4 (0xd23f2823) sw      gp, -720(t5)
core   0: 3 0x8000b2d4 (0xd23f2823) mem 0x8000d000 0x00000001
core   0: 0x8000b2d8 (0xff9ff06f) j       pc - 0x8
core   0: 3 0x8000b2d8 (0xff9ff06f)
core   0: 0x8000b2d0 (0x00002f17) auipc   t5, 0x2
core   0: 3 0x8000b2d0 (0x00002f17) x30 0x8000d2d0
core   0: 0x8000b2d4 (0xd23f2823) sw      gp, -720(t5)
core   0: 3 0x8000b2d4 (0xd23f2823) mem 0x8000d000 0x00000001
core   0: 0x8000b2d8 (0xff9ff06f) j       pc - 0x8
core   0: 3 0x8000b2d8 (0xff9ff06f)
core   0: 0x8000b2d0 (0x00002f17) auipc   t5, 0x2
core   0: 3 0x8000b2d0 (0x00002f17) x30 0x8000d2d0
core   0: 0x8000b2d4 (0xd23f2823) sw      gp, -720(t5)
core   0: 3 0x8000b2d4 (0xd23f2823) mem 0x8000d000 0x00000001
core   0: 0x8000b2d8 (0xff9ff06f) j       pc - 0x8
core   0: 3 0x8000b2d8 (0xff9ff06f)
core   0: 0x8000b2d0 (0x00002f17) auipc   t5, 0x2
core   0: 3 0x8000b2d0 (0x00002f17) x30 0x8000d2d0
core   0: 0x8000b2d4 (0xd23f2823) sw      gp, -720(t5)
core   0: 3 0x8000b2d4 (0xd23f2823) mem 0x8000d000 0x00000001
core   0: 0x8000b2d8 (0xff9ff06f) j       pc - 0x8
core   0: 3 0x8000b2d8 (0xff9ff06f)
core   0: 0x8000b2d0 (0x00002f17) auipc   t5, 0x2
core   0: 3 0x8000b2d0 (0x00002f17) x30 0x8000d2d0
core   0: 0x8000b2d4 (0xd23f2823) sw      gp, -720(t5)
core   0: 3 0x8000b2d4 (0xd23f2823) mem 0x8000d000 0x00000001
core   0: 0x8000b2d8 (0xff9ff06f) j       pc - 0x8
core   0: 3 0x8000b2d8 (0xff9ff06f)
core   0: 0x8000b2d0 (0x00002f17) auipc   t5, 0x2
core   0: 3 0x8000b2d0 (0x00002f17) x30 0x8000d2d0
core   0: 0x8000b2d4 (0xd23f2823) sw      gp, -720(t5)
core   0: 3 0x8000b2d4 (0xd23f2823) mem 0x8000d000 0x00000001
core   0: 0x8000b2d8 (0xff9ff06f) j       pc - 0x8
core   0: 3 0x8000b2d8 (0xff9ff06f)
core   0: 0x8000b2d0 (0x00002f17) auipc   t5, 0x2
core   0: 3 0x8000b2d0 (0x00002f17) x30 0x8000d2d0
core   0: 0x8000b2d4 (0xd23f2823) sw      gp, -720(t5)
core   0: 3 0x8000b2d4 (0xd23f2823) mem 0x8000d000 0x00000001
core   0: 0x8000b2d8 (0xff9ff06f) j       pc - 0x8
core   0: 3 0x8000b2d8 (0xff9ff06f)
core   0: 0x8000b2d0 (0x00002f17) auipc   t5, 0x2
core   0: 3 0x8000b2d0 (0x00002f17) x30 0x8000d2d0
core   0: 0x8000b2d4 (0xd23f2823) sw      gp, -720(t5)
core   0: 3 0x8000b2d4 (0xd23f2823) mem 0x8000d000 0x00000001
core   0: 0x8000b2d8 (0xff9ff06f) j       pc - 0x8
core   0: 3 0x8000b2d8 (0xff9ff06f)
core   0: 0x8000b2d0 (0x00002f17) auipc   t5, 0x2
core   0: 3 0x8000b2d0 (0x00002f17) x30 0x8000d2d0
core   0: 0x8000b2d4 (0xd23f2823) sw      gp, -720(t5)
core   0: 3 0x8000b2d4 (0xd23f2823) mem 0x8000d000 0x00000001
core   0: 0x8000b2d8 (0xff9ff06f) j       pc - 0x8
core   0: 3 0x8000b2d8 (0xff9ff06f)
core   0: 0x8000b2d0 (0x00002f17) auipc   t5, 0x2
core   0: 3 0x8000b2d0 (0x00002f17) x30 0x8000d2d0
core   0: 0x8000b2d4 (0xd23f2823) sw      gp, -720(t5)
core   0: 3 0x8000b2d4 (0xd23f2823) mem 0x8000d000 0x00000001
core   0: 0x8000b2d8 (0xff9ff06f) j       pc - 0x8
core   0: 3 0x8000b2d8 (0xff9ff06f)
core   0: 0x8000b2d0 (0x00002f17) auipc   t5, 0x2
core   0: 3 0x8000b2d0 (0x00002f17) x30 0x8000d2d0
core   0: 0x8000b2d4 (0xd23f2823) sw      gp, -720(t5)
core   0: 3 0x8000b2d4 (0xd23f2823) mem 0x8000d000 0x00000001
core   0: 0x8000b2d8 (0xff9ff06f) j       pc - 0x8
core   0: 3 0x8000b2d8 (0xff9ff06f)
core   0: 0x8000b2d0 (0x00002f17) auipc   t5, 0x2
core   0: 3 0x8000b2d0 (0x00002f17) x30 0x8000d2d0
core   0: 0x8000b2d4 (0xd23f2823) sw      gp, -720(t5)
core   0: 3 0x8000b2d4 (0xd23f2823) mem 0x8000d000 0x00000001
core   0: 0x8000b2d8 (0xff9ff06f) j       pc - 0x8
core   0: 3 0x8000b2d8 (0xff9ff06f)
core   0: 0x8000b2d0 (0x00002f17) auipc   t5, 0x2
core   0: 3 0x8000b2d0 (0x00002f17) x30 0x8000d2d0
core   0: 0x8000b2d4 (0xd23f2823) sw      gp, -720(t5)
core   0: 3 0x8000b2d4 (0xd23f2823) mem 0x8000d000 0x00000001
core   0: 0x8000b2d8 (0xff9ff06f) j       pc - 0x8
core   0: 3 0x8000b2d8 (0xff9ff06f)
core   0: 0x8000b2d0 (0x00002f17) auipc   t5, 0x2
core   0: 3 0x8000b2d0 (0x00002f17) x30 0x8000d2d0
core   0: 0x8000b2d4 (0xd23f2823) sw      gp, -720(t5)
core   0: 3 0x8000b2d4 (0xd23f2823) mem 0x8000d000 0x00000001
core   0: 0x8000b2d8 (0xff9ff06f) j       pc - 0x8
core   0: 3 0x8000b2d8 (0xff9ff06f)
core   0: 0x8000b2d0 (0x00002f17) auipc   t5, 0x2
core   0: 3 0x8000b2d0 (0x00002f17) x30 0x8000d2d0
core   0: 0x8000b2d4 (0xd23f2823) sw      gp, -720(t5)
core   0: 3 0x8000b2d4 (0xd23f2823) mem 0x8000d000 0x00000001
core   0: 0x8000b2d8 (0xff9ff06f) j       pc - 0x8
core   0: 3 0x8000b2d8 (0xff9ff06f)
core   0: 0x8000b2d0 (0x00002f17) auipc   t5, 0x2
core   0: 3 0x8000b2d0 (0x00002f17) x30 0x8000d2d0
core   0: 0x8000b2d4 (0xd23f2823) sw      gp, -720(t5)
core   0: 3 0x8000b2d4 (0xd23f2823) mem 0x8000d000 0x00000001
core   0: 0x8000b2d8 (0xff9ff06f) j       pc - 0x8
core   0: 3 0x8000b2d8 (0xff9ff06f)
core   0: 0x8000b2d0 (0x00002f17) auipc   t5, 0x2
core   0: 3 0x8000b2d0 (0x00002f17) x30 0x8000d2d0
core   0: 0x8000b2d4 (0xd23f2823) sw      gp, -720(t5)
core   0: 3 0x8000b2d4 (0xd23f2823) mem 0x8000d000 0x00000001
core   0: 0x8000b2d8 (0xff9ff06f) j       pc - 0x8
core   0: 3 0x8000b2d8 (0xff9ff06f)
core   0: 0x8000b2d0 (0x00002f17) auipc   t5, 0x2
core   0: 3 0x8000b2d0 (0x00002f17) x30 0x8000d2d0
core   0: 0x8000b2d4 (0xd23f2823) sw      gp, -720(t5)
core   0: 3 0x8000b2d4 (0xd23f2823) mem 0x8000d000 0x00000001
core   0: 0x8000b2d8 (0xff9ff06f) j       pc - 0x8
core   0: 3 0x8000b2d8 (0xff9ff06f)
core   0: 0x8000b2d0 (0x00002f17) auipc   t5, 0x2
core   0: 3 0x8000b2d0 (0x00002f17) x30 0x8000d2d0
core   0: 0x8000b2d4 (0xd23f2823) sw      gp, -720(t5)
core   0: 3 0x8000b2d4 (0xd23f2823) mem 0x8000d000 0x00000001
core   0: 0x8000b2d8 (0xff9ff06f) j       pc - 0x8
core   0: 3 0x8000b2d8 (0xff9ff06f)
core   0: 0x8000b2d0 (0x00002f17) auipc   t5, 0x2
core   0: 3 0x8000b2d0 (0x00002f17) x30 0x8000d2d0
core   0: 0x8000b2d4 (0xd23f2823) sw      gp, -720(t5)
core   0: 3 0x8000b2d4 (0xd23f2823) mem 0x8000d000 0x00000001
core   0: 0x8000b2d8 (0xff9ff06f) j       pc - 0x8
core   0: 3 0x8000b2d8 (0xff9ff06f)
core   0: 0x8000b2d0 (0x00002f17) auipc   t5, 0x2
core   0: 3 0x8000b2d0 (0x00002f17) x30 0x8000d2d0
core   0: 0x8000b2d4 (0xd23f2823) sw      gp, -720(t5)
core   0: 3 0x8000b2d4 (0xd23f2823) mem 0x8000d000 0x00000001
core   0: 0x8000b2d8 (0xff9ff06f) j       pc - 0x8
core   0: 3 0x8000b2d8 (0xff9ff06f)
core   0: 0x8000b2d0 (0x00002f17) auipc   t5, 0x2
core   0: 3 0x8000b2d0 (0x00002f17) x30 0x8000d2d0
core   0: 0x8000b2d4 (0xd23f2823) sw      gp, -720(t5)
core   0: 3 0x8000b2d4 (0xd23f2823) mem 0x8000d000 0x00000001
core   0: 0x8000b2d8 (0xff9ff06f) j       pc - 0x8
core   0: 3 0x8000b2d8 (0xff9ff06f)
core   0: 0x8000b2d0 (0x00002f17) auipc   t5, 0x2
core   0: 3 0x8000b2d0 (0x00002f17) x30 0x8000d2d0
core   0: 0x8000b2d4 (0xd23f2823) sw      gp, -720(t5)
core   0: 3 0x8000b2d4 (0xd23f2823) mem 0x8000d000 0x00000001
core   0: 0x8000b2d8 (0xff9ff06f) j       pc - 0x8
core   0: 3 0x8000b2d8 (0xff9ff06f)
core   0: 0x8000b2d0 (0x00002f17) auipc   t5, 0x2
core   0: 3 0x8000b2d0 (0x00002f17) x30 0x8000d2d0
core   0: 0x8000b2d4 (0xd23f2823) sw      gp, -720(t5)
core   0: 3 0x8000b2d4 (0xd23f2823) mem 0x8000d000 0x00000001
core   0: 0x8000b2d8 (0xff9ff06f) j       pc - 0x8
core   0: 3 0x8000b2d8 (0xff9ff06f)
core   0: 0x8000b2d0 (0x00002f17) auipc   t5, 0x2
core   0: 3 0x8000b2d0 (0x00002f17) x30 0x8000d2d0
core   0: 0x8000b2d4 (0xd23f2823) sw      gp, -720(t5)
core   0: 3 0x8000b2d4 (0xd23f2823) mem 0x8000d000 0x00000001
core   0: 0x8000b2d8 (0xff9ff06f) j       pc - 0x8
core   0: 3 0x8000b2d8 (0xff9ff06f)
core   0: 0x8000b2d0 (0x00002f17) auipc   t5, 0x2
core   0: 3 0x8000b2d0 (0x00002f17) x30 0x8000d2d0
core   0: 0x8000b2d4 (0xd23f2823) sw      gp, -720(t5)
core   0: 3 0x8000b2d4 (0xd23f2823) mem 0x8000d000 0x00000001
core   0: 0x8000b2d8 (0xff9ff06f) j       pc - 0x8
core   0: 3 0x8000b2d8 (0xff9ff06f)
core   0: 0x8000b2d0 (0x00002f17) auipc   t5, 0x2
core   0: 3 0x8000b2d0 (0x00002f17) x30 0x8000d2d0
core   0: 0x8000b2d4 (0xd23f2823) sw      gp, -720(t5)
core   0: 3 0x8000b2d4 (0xd23f2823) mem 0x8000d000 0x00000001
core   0: 0x8000b2d8 (0xff9ff06f) j       pc - 0x8
core   0: 3 0x8000b2d8 (0xff9ff06f)
core   0: 0x8000b2d0 (0x00002f17) auipc   t5, 0x2
core   0: 3 0x8000b2d0 (0x00002f17) x30 0x8000d2d0
core   0: 0x8000b2d4 (0xd23f2823) sw      gp, -720(t5)
core   0: 3 0x8000b2d4 (0xd23f2823) mem 0x8000d000 0x00000001
core   0: 0x8000b2d8 (0xff9ff06f) j       pc - 0x8
core   0: 3 0x8000b2d8 (0xff9ff06f)
core   0: 0x8000b2d0 (0x00002f17) auipc   t5, 0x2
core   0: 3 0x8000b2d0 (0x00002f17) x30 0x8000d2d0
core   0: 0x8000b2d4 (0xd23f2823) sw      gp, -720(t5)
core   0: 3 0x8000b2d4 (0xd23f2823) mem 0x8000d000 0x00000001
core   0: 0x8000b2d8 (0xff9ff06f) j       pc - 0x8
core   0: 3 0x8000b2d8 (0xff9ff06f)
core   0: 0x8000b2d0 (0x00002f17) auipc   t5, 0x2
core   0: 3 0x8000b2d0 (0x00002f17) x30 0x8000d2d0
core   0: 0x8000b2d4 (0xd23f2823) sw      gp, -720(t5)
core   0: 3 0x8000b2d4 (0xd23f2823) mem 0x8000d000 0x00000001
core   0: 0x8000b2d8 (0xff9ff06f) j       pc - 0x8
core   0: 3 0x8000b2d8 (0xff9ff06f)
core   0: 0x8000b2d0 (0x00002f17) auipc   t5, 0x2
core   0: 3 0x8000b2d0 (0x00002f17) x30 0x8000d2d0
core   0: 0x8000b2d4 (0xd23f2823) sw      gp, -720(t5)
core   0: 3 0x8000b2d4 (0xd23f2823) mem 0x8000d000 0x00000001
core   0: 0x8000b2d8 (0xff9ff06f) j       pc - 0x8
core   0: 3 0x8000b2d8 (0xff9ff06f)
core   0: 0x8000b2d0 (0x00002f17) auipc   t5, 0x2
core   0: 3 0x8000b2d0 (0x00002f17) x30 0x8000d2d0
core   0: 0x8000b2d4 (0xd23f2823) sw      gp, -720(t5)
core   0: 3 0x8000b2d4 (0xd23f2823) mem 0x8000d000 0x00000001
core   0: 0x8000b2d8 (0xff9ff06f) j       pc - 0x8
core   0: 3 0x8000b2d8 (0xff9ff06f)
core   0: 0x8000b2d0 (0x00002f17) auipc   t5, 0x2
core   0: 3 0x8000b2d0 (0x00002f17) x30 0x8000d2d0
core   0: 0x8000b2d4 (0xd23f2823) sw      gp, -720(t5)
core   0: 3 0x8000b2d4 (0xd23f2823) mem 0x8000d000 0x00000001
core   0: 0x8000b2d8 (0xff9ff06f) j       pc - 0x8
core   0: 3 0x8000b2d8 (0xff9ff06f)
core   0: 0x8000b2d0 (0x00002f17) auipc   t5, 0x2
core   0: 3 0x8000b2d0 (0x00002f17) x30 0x8000d2d0
core   0: 0x8000b2d4 (0xd23f2823) sw      gp, -720(t5)
core   0: 3 0x8000b2d4 (0xd23f2823) mem 0x8000d000 0x00000001
core   0: 0x8000b2d8 (0xff9ff06f) j       pc - 0x8
core   0: 3 0x8000b2d8 (0xff9ff06f)
core   0: 0x8000b2d0 (0x00002f17) auipc   t5, 0x2
core   0: 3 0x8000b2d0 (0x00002f17) x30 0x8000d2d0
core   0: 0x8000b2d4 (0xd23f2823) sw      gp, -720(t5)
core   0: 3 0x8000b2d4 (0xd23f2823) mem 0x8000d000 0x00000001
core   0: 0x8000b2d8 (0xff9ff06f) j       pc - 0x8
core   0: 3 0x8000b2d8 (0xff9ff06f)
core   0: 0x8000b2d0 (0x00002f17) auipc   t5, 0x2
core   0: 3 0x8000b2d0 (0x00002f17) x30 0x8000d2d0
core   0: 0x8000b2d4 (0xd23f2823) sw      gp, -720(t5)
core   0: 3 0x8000b2d4 (0xd23f2823) mem 0x8000d000 0x00000001
core   0: 0x8000b2d8 (0xff9ff06f) j       pc - 0x8
core   0: 3 0x8000b2d8 (0xff9ff06f)
core   0: 0x8000b2d0 (0x00002f17) auipc   t5, 0x2
core   0: 3 0x8000b2d0 (0x00002f17) x30 0x8000d2d0
core   0: 0x8000b2d4 (0xd23f2823) sw      gp, -720(t5)
core   0: 3 0x8000b2d4 (0xd23f2823) mem 0x8000d000 0x00000001
core   0: 0x8000b2d8 (0xff9ff06f) j       pc - 0x8
core   0: 3 0x8000b2d8 (0xff9ff06f)
core   0: 0x8000b2d0 (0x00002f17) auipc   t5, 0x2
core   0: 3 0x8000b2d0 (0x00002f17) x30 0x8000d2d0
core   0: 0x8000b2d4 (0xd23f2823) sw      gp, -720(t5)
core   0: 3 0x8000b2d4 (0xd23f2823) mem 0x8000d000 0x00000001
core   0: 0x8000b2d8 (0xff9ff06f) j       pc - 0x8
core   0: 3 0x8000b2d8 (0xff9ff06f)
core   0: 0x8000b2d0 (0x00002f17) auipc   t5, 0x2
core   0: 3 0x8000b2d0 (0x00002f17) x30 0x8000d2d0
core   0: 0x8000b2d4 (0xd23f2823) sw      gp, -720(t5)
core   0: 3 0x8000b2d4 (0xd23f2823) mem 0x8000d000 0x00000001
core   0: 0x8000b2d8 (0xff9ff06f) j       pc - 0x8
core   0: 3 0x8000b2d8 (0xff9ff06f)
core   0: 0x8000b2d0 (0x00002f17) auipc   t5, 0x2
core   0: 3 0x8000b2d0 (0x00002f17) x30 0x8000d2d0
core   0: 0x8000b2d4 (0xd23f2823) sw      gp, -720(t5)
core   0: 3 0x8000b2d4 (0xd23f2823) mem 0x8000d000 0x00000001
core   0: 0x8000b2d8 (0xff9ff06f) j       pc - 0x8
core   0: 3 0x8000b2d8 (0xff9ff06f)
core   0: 0x8000b2d0 (0x00002f17) auipc   t5, 0x2
core   0: 3 0x8000b2d0 (0x00002f17) x30 0x8000d2d0
core   0: 0x8000b2d4 (0xd23f2823) sw      gp, -720(t5)
core   0: 3 0x8000b2d4 (0xd23f2823) mem 0x8000d000 0x00000001
core   0: 0x8000b2d8 (0xff9ff06f) j       pc - 0x8
core   0: 3 0x8000b2d8 (0xff9ff06f)
core   0: 0x8000b2d0 (0x00002f17) auipc   t5, 0x2
core   0: 3 0x8000b2d0 (0x00002f17) x30 0x8000d2d0
core   0: 0x8000b2d4 (0xd23f2823) sw      gp, -720(t5)
core   0: 3 0x8000b2d4 (0xd23f2823) mem 0x8000d000 0x00000001
core   0: 0x8000b2d8 (0xff9ff06f) j       pc - 0x8
core   0: 3 0x8000b2d8 (0xff9ff06f)
core   0: 0x8000b2d0 (0x00002f17) auipc   t5, 0x2
core   0: 3 0x8000b2d0 (0x00002f17) x30 0x8000d2d0
core   0: 0x8000b2d4 (0xd23f2823) sw      gp, -720(t5)
core   0: 3 0x8000b2d4 (0xd23f2823) mem 0x8000d000 0x00000001
core   0: 0x8000b2d8 (0xff9ff06f) j       pc - 0x8
core   0: 3 0x8000b2d8 (0xff9ff06f)
core   0: 0x8000b2d0 (0x00002f17) auipc   t5, 0x2
core   0: 3 0x8000b2d0 (0x00002f17) x30 0x8000d2d0
core   0: 0x8000b2d4 (0xd23f2823) sw      gp, -720(t5)
core   0: 3 0x8000b2d4 (0xd23f2823) mem 0x8000d000 0x00000001
core   0: 0x8000b2d8 (0xff9ff06f) j       pc - 0x8
core   0: 3 0x8000b2d8 (0xff9ff06f)
core   0: 0x8000b2d0 (0x00002f17) auipc   t5, 0x2
core   0: 3 0x8000b2d0 (0x00002f17) x30 0x8000d2d0
core   0: 0x8000b2d4 (0xd23f2823) sw      gp, -720(t5)
core   0: 3 0x8000b2d4 (0xd23f2823) mem 0x8000d000 0x00000001
core   0: 0x8000b2d8 (0xff9ff06f) j       pc - 0x8
core   0: 3 0x8000b2d8 (0xff9ff06f)
core   0: 0x8000b2d0 (0x00002f17) auipc   t5, 0x2
core   0: 3 0x8000b2d0 (0x00002f17) x30 0x8000d2d0
core   0: 0x8000b2d4 (0xd23f2823) sw      gp, -720(t5)
core   0: 3 0x8000b2d4 (0xd23f2823) mem 0x8000d000 0x00000001
core   0: 0x8000b2d8 (0xff9ff06f) j       pc - 0x8
core   0: 3 0x8000b2d8 (0xff9ff06f)
core   0: 0x8000b2d0 (0x00002f17) auipc   t5, 0x2
core   0: 3 0x8000b2d0 (0x00002f17) x30 0x8000d2d0
core   0: 0x8000b2d4 (0xd23f2823) sw      gp, -720(t5)
core   0: 3 0x8000b2d4 (0xd23f2823) mem 0x8000d000 0x00000001
core   0: 0x8000b2d8 (0xff9ff06f) j       pc - 0x8
core   0: 3 0x8000b2d8 (0xff9ff06f)
core   0: 0x8000b2d0 (0x00002f17) auipc   t5, 0x2
core   0: 3 0x8000b2d0 (0x00002f17) x30 0x8000d2d0
core   0: 0x8000b2d4 (0xd23f2823) sw      gp, -720(t5)
core   0: 3 0x8000b2d4 (0xd23f2823) mem 0x8000d000 0x00000001
core   0: 0x8000b2d8 (0xff9ff06f) j       pc - 0x8
core   0: 3 0x8000b2d8 (0xff9ff06f)
core   0: 0x8000b2d0 (0x00002f17) auipc   t5, 0x2
core   0: 3 0x8000b2d0 (0x00002f17) x30 0x8000d2d0
core   0: 0x8000b2d4 (0xd23f2823) sw      gp, -720(t5)
core   0: 3 0x8000b2d4 (0xd23f2823) mem 0x8000d000 0x00000001
core   0: 0x8000b2d8 (0xff9ff06f) j       pc - 0x8
core   0: 3 0x8000b2d8 (0xff9ff06f)
core   0: 0x8000b2d0 (0x00002f17) auipc   t5, 0x2
core   0: 3 0x8000b2d0 (0x00002f17) x30 0x8000d2d0
core   0: 0x8000b2d4 (0xd23f2823) sw      gp, -720(t5)
core   0: 3 0x8000b2d4 (0xd23f2823) mem 0x8000d000 0x00000001
core   0: 0x8000b2d8 (0xff9ff06f) j       pc - 0x8
core   0: 3 0x8000b2d8 (0xff9ff06f)
core   0: 0x8000b2d0 (0x00002f17) auipc   t5, 0x2
core   0: 3 0x8000b2d0 (0x00002f17) x30 0x8000d2d0
core   0: 0x8000b2d4 (0xd23f2823) sw      gp, -720(t5)
core   0: 3 0x8000b2d4 (0xd23f2823) mem 0x8000d000 0x00000001
core   0: 0x8000b2d8 (0xff9ff06f) j       pc - 0x8
core   0: 3 0x8000b2d8 (0xff9ff06f)
core   0: 0x8000b2d0 (0x00002f17) auipc   t5, 0x2
core   0: 3 0x8000b2d0 (0x00002f17) x30 0x8000d2d0
core   0: 0x8000b2d4 (0xd23f2823) sw      gp, -720(t5)
core   0: 3 0x8000b2d4 (0xd23f2823) mem 0x8000d000 0x00000001
core   0: 0x8000b2d8 (0xff9ff06f) j       pc - 0x8
core   0: 3 0x8000b2d8 (0xff9ff06f)
core   0: 0x8000b2d0 (0x00002f17) auipc   t5, 0x2
core   0: 3 0x8000b2d0 (0x00002f17) x30 0x8000d2d0
core   0: 0x8000b2d4 (0xd23f2823) sw      gp, -720(t5)
core   0: 3 0x8000b2d4 (0xd23f2823) mem 0x8000d000 0x00000001
core   0: 0x8000b2d8 (0xff9ff06f) j       pc - 0x8
core   0: 3 0x8000b2d8 (0xff9ff06f)
core   0: 0x8000b2d0 (0x00002f17) auipc   t5, 0x2
core   0: 3 0x8000b2d0 (0x00002f17) x30 0x8000d2d0
core   0: 0x8000b2d4 (0xd23f2823) sw      gp, -720(t5)
core   0: 3 0x8000b2d4 (0xd23f2823) mem 0x8000d000 0x00000001
core   0: 0x8000b2d8 (0xff9ff06f) j       pc - 0x8
core   0: 3 0x8000b2d8 (0xff9ff06f)
core   0: 0x8000b2d0 (0x00002f17) auipc   t5, 0x2
core   0: 3 0x8000b2d0 (0x00002f17) x30 0x8000d2d0
core   0: 0x8000b2d4 (0xd23f2823) sw      gp, -720(t5)
core   0: 3 0x8000b2d4 (0xd23f2823) mem 0x8000d000 0x00000001
core   0: 0x8000b2d8 (0xff9ff06f) j       pc - 0x8
core   0: 3 0x8000b2d8 (0xff9ff06f)
core   0: 0x8000b2d0 (0x00002f17) auipc   t5, 0x2
core   0: 3 0x8000b2d0 (0x00002f17) x30 0x8000d2d0
core   0: 0x8000b2d4 (0xd23f2823) sw      gp, -720(t5)
core   0: 3 0x8000b2d4 (0xd23f2823) mem 0x8000d000 0x00000001
core   0: 0x8000b2d8 (0xff9ff06f) j       pc - 0x8
core   0: 3 0x8000b2d8 (0xff9ff06f)
core   0: 0x8000b2d0 (0x00002f17) auipc   t5, 0x2
core   0: 3 0x8000b2d0 (0x00002f17) x30 0x8000d2d0
core   0: 0x8000b2d4 (0xd23f2823) sw      gp, -720(t5)
core   0: 3 0x8000b2d4 (0xd23f2823) mem 0x8000d000 0x00000001
core   0: 0x8000b2d8 (0xff9ff06f) j       pc - 0x8
core   0: 3 0x8000b2d8 (0xff9ff06f)
core   0: 0x8000b2d0 (0x00002f17) auipc   t5, 0x2
core   0: 3 0x8000b2d0 (0x00002f17) x30 0x8000d2d0
core   0: 0x8000b2d4 (0xd23f2823) sw      gp, -720(t5)
core   0: 3 0x8000b2d4 (0xd23f2823) mem 0x8000d000 0x00000001
core   0: 0x8000b2d8 (0xff9ff06f) j       pc - 0x8
core   0: 3 0x8000b2d8 (0xff9ff06f)
core   0: 0x8000b2d0 (0x00002f17) auipc   t5, 0x2
core   0: 3 0x8000b2d0 (0x00002f17) x30 0x8000d2d0
core   0: 0x8000b2d4 (0xd23f2823) sw      gp, -720(t5)
core   0: 3 0x8000b2d4 (0xd23f2823) mem 0x8000d000 0x00000001
core   0: 0x8000b2d8 (0xff9ff06f) j       pc - 0x8
core   0: 3 0x8000b2d8 (0xff9ff06f)
core   0: 0x8000b2d0 (0x00002f17) auipc   t5, 0x2
core   0: 3 0x8000b2d0 (0x00002f17) x30 0x8000d2d0
core   0: 0x8000b2d4 (0xd23f2823) sw      gp, -720(t5)
core   0: 3 0x8000b2d4 (0xd23f2823) mem 0x8000d000 0x00000001
core   0: 0x8000b2d8 (0xff9ff06f) j       pc - 0x8
core   0: 3 0x8000b2d8 (0xff9ff06f)
core   0: 0x8000b2d0 (0x00002f17) auipc   t5, 0x2
core   0: 3 0x8000b2d0 (0x00002f17) x30 0x8000d2d0
core   0: 0x8000b2d4 (0xd23f2823) sw      gp, -720(t5)
core   0: 3 0x8000b2d4 (0xd23f2823) mem 0x8000d000 0x00000001
core   0: 0x8000b2d8 (0xff9ff06f) j       pc - 0x8
core   0: 3 0x8000b2d8 (0xff9ff06f)
core   0: 0x8000b2d0 (0x00002f17) auipc   t5, 0x2
core   0: 3 0x8000b2d0 (0x00002f17) x30 0x8000d2d0
core   0: 0x8000b2d4 (0xd23f2823) sw      gp, -720(t5)
core   0: 3 0x8000b2d4 (0xd23f2823) mem 0x8000d000 0x00000001
core   0: 0x8000b2d8 (0xff9ff06f) j       pc - 0x8
core   0: 3 0x8000b2d8 (0xff9ff06f)
core   0: 0x8000b2d0 (0x00002f17) auipc   t5, 0x2
core   0: 3 0x8000b2d0 (0x00002f17) x30 0x8000d2d0
core   0: 0x8000b2d4 (0xd23f2823) sw      gp, -720(t5)
core   0: 3 0x8000b2d4 (0xd23f2823) mem 0x8000d000 0x00000001
core   0: 0x8000b2d8 (0xff9ff06f) j       pc - 0x8
core   0: 3 0x8000b2d8 (0xff9ff06f)
core   0: 0x8000b2d0 (0x00002f17) auipc   t5, 0x2
core   0: 3 0x8000b2d0 (0x00002f17) x30 0x8000d2d0
core   0: 0x8000b2d4 (0xd23f2823) sw      gp, -720(t5)
core   0: 3 0x8000b2d4 (0xd23f2823) mem 0x8000d000 0x00000001
core   0: 0x8000b2d8 (0xff9ff06f) j       pc - 0x8
core   0: 3 0x8000b2d8 (0xff9ff06f)
core   0: 0x8000b2d0 (0x00002f17) auipc   t5, 0x2
core   0: 3 0x8000b2d0 (0x00002f17) x30 0x8000d2d0
core   0: 0x8000b2d4 (0xd23f2823) sw      gp, -720(t5)
core   0: 3 0x8000b2d4 (0xd23f2823) mem 0x8000d000 0x00000001
core   0: 0x8000b2d8 (0xff9ff06f) j       pc - 0x8
core   0: 3 0x8000b2d8 (0xff9ff06f)
core   0: 0x8000b2d0 (0x00002f17) auipc   t5, 0x2
core   0: 3 0x8000b2d0 (0x00002f17) x30 0x8000d2d0
core   0: 0x8000b2d4 (0xd23f2823) sw      gp, -720(t5)
core   0: 3 0x8000b2d4 (0xd23f2823) mem 0x8000d000 0x00000001
core   0: 0x8000b2d8 (0xff9ff06f) j       pc - 0x8
core   0: 3 0x8000b2d8 (0xff9ff06f)
core   0: 0x8000b2d0 (0x00002f17) auipc   t5, 0x2
core   0: 3 0x8000b2d0 (0x00002f17) x30 0x8000d2d0
core   0: 0x8000b2d4 (0xd23f2823) sw      gp, -720(t5)
core   0: 3 0x8000b2d4 (0xd23f2823) mem 0x8000d000 0x00000001
core   0: 0x8000b2d8 (0xff9ff06f) j       pc - 0x8
core   0: 3 0x8000b2d8 (0xff9ff06f)
core   0: 0x8000b2d0 (0x00002f17) auipc   t5, 0x2
core   0: 3 0x8000b2d0 (0x00002f17) x30 0x8000d2d0
core   0: 0x8000b2d4 (0xd23f2823) sw      gp, -720(t5)
core   0: 3 0x8000b2d4 (0xd23f2823) mem 0x8000d000 0x00000001
core   0: 0x8000b2d8 (0xff9ff06f) j       pc - 0x8
core   0: 3 0x8000b2d8 (0xff9ff06f)
core   0: 0x8000b2d0 (0x00002f17) auipc   t5, 0x2
core   0: 3 0x8000b2d0 (0x00002f17) x30 0x8000d2d0
core   0: 0x8000b2d4 (0xd23f2823) sw      gp, -720(t5)
core   0: 3 0x8000b2d4 (0xd23f2823) mem 0x8000d000 0x00000001
core   0: 0x8000b2d8 (0xff9ff06f) j       pc - 0x8
core   0: 3 0x8000b2d8 (0xff9ff06f)
core   0: 0x8000b2d0 (0x00002f17) auipc   t5, 0x2
core   0: 3 0x8000b2d0 (0x00002f17) x30 0x8000d2d0
core   0: 0x8000b2d4 (0xd23f2823) sw      gp, -720(t5)
core   0: 3 0x8000b2d4 (0xd23f2823) mem 0x8000d000 0x00000001
core   0: 0x8000b2d8 (0xff9ff06f) j       pc - 0x8
core   0: 3 0x8000b2d8 (0xff9ff06f)
core   0: 0x8000b2d0 (0x00002f17) auipc   t5, 0x2
core   0: 3 0x8000b2d0 (0x00002f17) x30 0x8000d2d0
core   0: 0x8000b2d4 (0xd23f2823) sw      gp, -720(t5)
core   0: 3 0x8000b2d4 (0xd23f2823) mem 0x8000d000 0x00000001
core   0: 0x8000b2d8 (0xff9ff06f) j       pc - 0x8
core   0: 3 0x8000b2d8 (0xff9ff06f)
core   0: 0x8000b2d0 (0x00002f17) auipc   t5, 0x2
core   0: 3 0x8000b2d0 (0x00002f17) x30 0x8000d2d0
core   0: 0x8000b2d4 (0xd23f2823) sw      gp, -720(t5)
core   0: 3 0x8000b2d4 (0xd23f2823) mem 0x8000d000 0x00000001
core   0: 0x8000b2d8 (0xff9ff06f) j       pc - 0x8
core   0: 3 0x8000b2d8 (0xff9ff06f)
core   0: 0x8000b2d0 (0x00002f17) auipc   t5, 0x2
core   0: 3 0x8000b2d0 (0x00002f17) x30 0x8000d2d0
core   0: 0x8000b2d4 (0xd23f2823) sw      gp, -720(t5)
core   0: 3 0x8000b2d4 (0xd23f2823) mem 0x8000d000 0x00000001
core   0: 0x8000b2d8 (0xff9ff06f) j       pc - 0x8
core   0: 3 0x8000b2d8 (0xff9ff06f)
core   0: 0x8000b2d0 (0x00002f17) auipc   t5, 0x2
core   0: 3 0x8000b2d0 (0x00002f17) x30 0x8000d2d0
core   0: 0x8000b2d4 (0xd23f2823) sw      gp, -720(t5)
core   0: 3 0x8000b2d4 (0xd23f2823) mem 0x8000d000 0x00000001
core   0: 0x8000b2d8 (0xff9ff06f) j       pc - 0x8
core   0: 3 0x8000b2d8 (0xff9ff06f)
core   0: 0x8000b2d0 (0x00002f17) auipc   t5, 0x2
core   0: 3 0x8000b2d0 (0x00002f17) x30 0x8000d2d0
core   0: 0x8000b2d4 (0xd23f2823) sw      gp, -720(t5)
core   0: 3 0x8000b2d4 (0xd23f2823) mem 0x8000d000 0x00000001
core   0: 0x8000b2d8 (0xff9ff06f) j       pc - 0x8
core   0: 3 0x8000b2d8 (0xff9ff06f)
core   0: 0x8000b2d0 (0x00002f17) auipc   t5, 0x2
core   0: 3 0x8000b2d0 (0x00002f17) x30 0x8000d2d0
core   0: 0x8000b2d4 (0xd23f2823) sw      gp, -720(t5)
core   0: 3 0x8000b2d4 (0xd23f2823) mem 0x8000d000 0x00000001
core   0: 0x8000b2d8 (0xff9ff06f) j       pc - 0x8
core   0: 3 0x8000b2d8 (0xff9ff06f)
core   0: 0x8000b2d0 (0x00002f17) auipc   t5, 0x2
core   0: 3 0x8000b2d0 (0x00002f17) x30 0x8000d2d0
core   0: 0x8000b2d4 (0xd23f2823) sw      gp, -720(t5)
core   0: 3 0x8000b2d4 (0xd23f2823) mem 0x8000d000 0x00000001
core   0: 0x8000b2d8 (0xff9ff06f) j       pc - 0x8
core   0: 3 0x8000b2d8 (0xff9ff06f)
core   0: 0x8000b2d0 (0x00002f17) auipc   t5, 0x2
core   0: 3 0x8000b2d0 (0x00002f17) x30 0x8000d2d0
core   0: 0x8000b2d4 (0xd23f2823) sw      gp, -720(t5)
core   0: 3 0x8000b2d4 (0xd23f2823) mem 0x8000d000 0x00000001
core   0: 0x8000b2d8 (0xff9ff06f) j       pc - 0x8
core   0: 3 0x8000b2d8 (0xff9ff06f)
core   0: 0x8000b2d0 (0x00002f17) auipc   t5, 0x2
core   0: 3 0x8000b2d0 (0x00002f17) x30 0x8000d2d0
core   0: 0x8000b2d4 (0xd23f2823) sw      gp, -720(t5)
core   0: 3 0x8000b2d4 (0xd23f2823) mem 0x8000d000 0x00000001
core   0: 0x8000b2d8 (0xff9ff06f) j       pc - 0x8
core   0: 3 0x8000b2d8 (0xff9ff06f)
core   0: 0x8000b2d0 (0x00002f17) auipc   t5, 0x2
core   0: 3 0x8000b2d0 (0x00002f17) x30 0x8000d2d0
core   0: 0x8000b2d4 (0xd23f2823) sw      gp, -720(t5)
core   0: 3 0x8000b2d4 (0xd23f2823) mem 0x8000d000 0x00000001
core   0: 0x8000b2d8 (0xff9ff06f) j       pc - 0x8
core   0: 3 0x8000b2d8 (0xff9ff06f)
core   0: 0x8000b2d0 (0x00002f17) auipc   t5, 0x2
core   0: 3 0x8000b2d0 (0x00002f17) x30 0x8000d2d0
core   0: 0x8000b2d4 (0xd23f2823) sw      gp, -720(t5)
core   0: 3 0x8000b2d4 (0xd23f2823) mem 0x8000d000 0x00000001
core   0: 0x8000b2d8 (0xff9ff06f) j       pc - 0x8
core   0: 3 0x8000b2d8 (0xff9ff06f)
core   0: 0x8000b2d0 (0x00002f17) auipc   t5, 0x2
core   0: 3 0x8000b2d0 (0x00002f17) x30 0x8000d2d0
core   0: 0x8000b2d4 (0xd23f2823) sw      gp, -720(t5)
core   0: 3 0x8000b2d4 (0xd23f2823) mem 0x8000d000 0x00000001
core   0: 0x8000b2d8 (0xff9ff06f) j       pc - 0x8
core   0: 3 0x8000b2d8 (0xff9ff06f)
core   0: 0x8000b2d0 (0x00002f17) auipc   t5, 0x2
core   0: 3 0x8000b2d0 (0x00002f17) x30 0x8000d2d0
core   0: 0x8000b2d4 (0xd23f2823) sw      gp, -720(t5)
core   0: 3 0x8000b2d4 (0xd23f2823) mem 0x8000d000 0x00000001
core   0: 0x8000b2d8 (0xff9ff06f) j       pc - 0x8
core   0: 3 0x8000b2d8 (0xff9ff06f)
core   0: 0x8000b2d0 (0x00002f17) auipc   t5, 0x2
core   0: 3 0x8000b2d0 (0x00002f17) x30 0x8000d2d0
core   0: 0x8000b2d4 (0xd23f2823) sw      gp, -720(t5)
core   0: 3 0x8000b2d4 (0xd23f2823) mem 0x8000d000 0x00000001
core   0: 0x8000b2d8 (0xff9ff06f) j       pc - 0x8
core   0: 3 0x8000b2d8 (0xff9ff06f)
core   0: 0x8000b2d0 (0x00002f17) auipc   t5, 0x2
core   0: 3 0x8000b2d0 (0x00002f17) x30 0x8000d2d0
core   0: 0x8000b2d4 (0xd23f2823) sw      gp, -720(t5)
core   0: 3 0x8000b2d4 (0xd23f2823) mem 0x8000d000 0x00000001
core   0: 0x8000b2d8 (0xff9ff06f) j       pc - 0x8
core   0: 3 0x8000b2d8 (0xff9ff06f)
core   0: 0x8000b2d0 (0x00002f17) auipc   t5, 0x2
core   0: 3 0x8000b2d0 (0x00002f17) x30 0x8000d2d0
core   0: 0x8000b2d4 (0xd23f2823) sw      gp, -720(t5)
core   0: 3 0x8000b2d4 (0xd23f2823) mem 0x8000d000 0x00000001
core   0: 0x8000b2d8 (0xff9ff06f) j       pc - 0x8
core   0: 3 0x8000b2d8 (0xff9ff06f)
core   0: 0x8000b2d0 (0x00002f17) auipc   t5, 0x2
core   0: 3 0x8000b2d0 (0x00002f17) x30 0x8000d2d0
core   0: 0x8000b2d4 (0xd23f2823) sw      gp, -720(t5)
core   0: 3 0x8000b2d4 (0xd23f2823) mem 0x8000d000 0x00000001
core   0: 0x8000b2d8 (0xff9ff06f) j       pc - 0x8
core   0: 3 0x8000b2d8 (0xff9ff06f)
core   0: 0x8000b2d0 (0x00002f17) auipc   t5, 0x2
core   0: 3 0x8000b2d0 (0x00002f17) x30 0x8000d2d0
core   0: 0x8000b2d4 (0xd23f2823) sw      gp, -720(t5)
core   0: 3 0x8000b2d4 (0xd23f2823) mem 0x8000d000 0x00000001
core   0: 0x8000b2d8 (0xff9ff06f) j       pc - 0x8
core   0: 3 0x8000b2d8 (0xff9ff06f)
core   0: 0x8000b2d0 (0x00002f17) auipc   t5, 0x2
core   0: 3 0x8000b2d0 (0x00002f17) x30 0x8000d2d0
core   0: 0x8000b2d4 (0xd23f2823) sw      gp, -720(t5)
core   0: 3 0x8000b2d4 (0xd23f2823) mem 0x8000d000 0x00000001
core   0: 0x8000b2d8 (0xff9ff06f) j       pc - 0x8
core   0: 3 0x8000b2d8 (0xff9ff06f)
core   0: 0x8000b2d0 (0x00002f17) auipc   t5, 0x2
core   0: 3 0x8000b2d0 (0x00002f17) x30 0x8000d2d0
core   0: 0x8000b2d4 (0xd23f2823) sw      gp, -720(t5)
core   0: 3 0x8000b2d4 (0xd23f2823) mem 0x8000d000 0x00000001
core   0: 0x8000b2d8 (0xff9ff06f) j       pc - 0x8
core   0: 3 0x8000b2d8 (0xff9ff06f)
core   0: 0x8000b2d0 (0x00002f17) auipc   t5, 0x2
core   0: 3 0x8000b2d0 (0x00002f17) x30 0x8000d2d0
core   0: 0x8000b2d4 (0xd23f2823) sw      gp, -720(t5)
core   0: 3 0x8000b2d4 (0xd23f2823) mem 0x8000d000 0x00000001
core   0: 0x8000b2d8 (0xff9ff06f) j       pc - 0x8
core   0: 3 0x8000b2d8 (0xff9ff06f)
core   0: 0x8000b2d0 (0x00002f17) auipc   t5, 0x2
core   0: 3 0x8000b2d0 (0x00002f17) x30 0x8000d2d0
core   0: 0x8000b2d4 (0xd23f2823) sw      gp, -720(t5)
core   0: 3 0x8000b2d4 (0xd23f2823) mem 0x8000d000 0x00000001
core   0: 0x8000b2d8 (0xff9ff06f) j       pc - 0x8
core   0: 3 0x8000b2d8 (0xff9ff06f)
core   0: 0x8000b2d0 (0x00002f17) auipc   t5, 0x2
core   0: 3 0x8000b2d0 (0x00002f17) x30 0x8000d2d0
core   0: 0x8000b2d4 (0xd23f2823) sw      gp, -720(t5)
core   0: 3 0x8000b2d4 (0xd23f2823) mem 0x8000d000 0x00000001
core   0: 0x8000b2d8 (0xff9ff06f) j       pc - 0x8
core   0: 3 0x8000b2d8 (0xff9ff06f)
core   0: 0x8000b2d0 (0x00002f17) auipc   t5, 0x2
core   0: 3 0x8000b2d0 (0x00002f17) x30 0x8000d2d0
core   0: 0x8000b2d4 (0xd23f2823) sw      gp, -720(t5)
core   0: 3 0x8000b2d4 (0xd23f2823) mem 0x8000d000 0x00000001
core   0: 0x8000b2d8 (0xff9ff06f) j       pc - 0x8
core   0: 3 0x8000b2d8 (0xff9ff06f)
core   0: 0x8000b2d0 (0x00002f17) auipc   t5, 0x2
core   0: 3 0x8000b2d0 (0x00002f17) x30 0x8000d2d0
core   0: 0x8000b2d4 (0xd23f2823) sw      gp, -720(t5)
core   0: 3 0x8000b2d4 (0xd23f2823) mem 0x8000d000 0x00000001
core   0: 0x8000b2d8 (0xff9ff06f) j       pc - 0x8
core   0: 3 0x8000b2d8 (0xff9ff06f)
core   0: 0x8000b2d0 (0x00002f17) auipc   t5, 0x2
core   0: 3 0x8000b2d0 (0x00002f17) x30 0x8000d2d0
core   0: 0x8000b2d4 (0xd23f2823) sw      gp, -720(t5)
core   0: 3 0x8000b2d4 (0xd23f2823) mem 0x8000d000 0x00000001
core   0: 0x8000b2d8 (0xff9ff06f) j       pc - 0x8
core   0: 3 0x8000b2d8 (0xff9ff06f)
core   0: 0x8000b2d0 (0x00002f17) auipc   t5, 0x2
core   0: 3 0x8000b2d0 (0x00002f17) x30 0x8000d2d0
core   0: 0x8000b2d4 (0xd23f2823) sw      gp, -720(t5)
core   0: 3 0x8000b2d4 (0xd23f2823) mem 0x8000d000 0x00000001
core   0: 0x8000b2d8 (0xff9ff06f) j       pc - 0x8
core   0: 3 0x8000b2d8 (0xff9ff06f)
core   0: 0x8000b2d0 (0x00002f17) auipc   t5, 0x2
core   0: 3 0x8000b2d0 (0x00002f17) x30 0x8000d2d0
core   0: 0x8000b2d4 (0xd23f2823) sw      gp, -720(t5)
core   0: 3 0x8000b2d4 (0xd23f2823) mem 0x8000d000 0x00000001
core   0: 0x8000b2d8 (0xff9ff06f) j       pc - 0x8
core   0: 3 0x8000b2d8 (0xff9ff06f)
core   0: 0x8000b2d0 (0x00002f17) auipc   t5, 0x2
core   0: 3 0x8000b2d0 (0x00002f17) x30 0x8000d2d0
core   0: 0x8000b2d4 (0xd23f2823) sw      gp, -720(t5)
core   0: 3 0x8000b2d4 (0xd23f2823) mem 0x8000d000 0x00000001
core   0: 0x8000b2d8 (0xff9ff06f) j       pc - 0x8
core   0: 3 0x8000b2d8 (0xff9ff06f)
core   0: 0x8000b2d0 (0x00002f17) auipc   t5, 0x2
core   0: 3 0x8000b2d0 (0x00002f17) x30 0x8000d2d0
core   0: 0x8000b2d4 (0xd23f2823) sw      gp, -720(t5)
core   0: 3 0x8000b2d4 (0xd23f2823) mem 0x8000d000 0x00000001
core   0: 0x8000b2d8 (0xff9ff06f) j       pc - 0x8
core   0: 3 0x8000b2d8 (0xff9ff06f)
core   0: 0x8000b2d0 (0x00002f17) auipc   t5, 0x2
core   0: 3 0x8000b2d0 (0x00002f17) x30 0x8000d2d0
core   0: 0x8000b2d4 (0xd23f2823) sw      gp, -720(t5)
core   0: 3 0x8000b2d4 (0xd23f2823) mem 0x8000d000 0x00000001
core   0: 0x8000b2d8 (0xff9ff06f) j       pc - 0x8
core   0: 3 0x8000b2d8 (0xff9ff06f)
core   0: 0x8000b2d0 (0x00002f17) auipc   t5, 0x2
core   0: 3 0x8000b2d0 (0x00002f17) x30 0x8000d2d0
core   0: 0x8000b2d4 (0xd23f2823) sw      gp, -720(t5)
core   0: 3 0x8000b2d4 (0xd23f2823) mem 0x8000d000 0x00000001
core   0: 0x8000b2d8 (0xff9ff06f) j       pc - 0x8
core   0: 3 0x8000b2d8 (0xff9ff06f)
core   0: 0x8000b2d0 (0x00002f17) auipc   t5, 0x2
core   0: 3 0x8000b2d0 (0x00002f17) x30 0x8000d2d0
core   0: 0x8000b2d4 (0xd23f2823) sw      gp, -720(t5)
core   0: 3 0x8000b2d4 (0xd23f2823) mem 0x8000d000 0x00000001
core   0: 0x8000b2d8 (0xff9ff06f) j       pc - 0x8
core   0: 3 0x8000b2d8 (0xff9ff06f)
core   0: 0x8000b2d0 (0x00002f17) auipc   t5, 0x2
core   0: 3 0x8000b2d0 (0x00002f17) x30 0x8000d2d0
core   0: 0x8000b2d4 (0xd23f2823) sw      gp, -720(t5)
core   0: 3 0x8000b2d4 (0xd23f2823) mem 0x8000d000 0x00000001
core   0: 0x8000b2d8 (0xff9ff06f) j       pc - 0x8
core   0: 3 0x8000b2d8 (0xff9ff06f)
core   0: 0x8000b2d0 (0x00002f17) auipc   t5, 0x2
core   0: 3 0x8000b2d0 (0x00002f17) x30 0x8000d2d0
core   0: 0x8000b2d4 (0xd23f2823) sw      gp, -720(t5)
core   0: 3 0x8000b2d4 (0xd23f2823) mem 0x8000d000 0x00000001
core   0: 0x8000b2d8 (0xff9ff06f) j       pc - 0x8
core   0: 3 0x8000b2d8 (0xff9ff06f)
core   0: 0x8000b2d0 (0x00002f17) auipc   t5, 0x2
core   0: 3 0x8000b2d0 (0x00002f17) x30 0x8000d2d0
core   0: 0x8000b2d4 (0xd23f2823) sw      gp, -720(t5)
core   0: 3 0x8000b2d4 (0xd23f2823) mem 0x8000d000 0x00000001
core   0: 0x8000b2d8 (0xff9ff06f) j       pc - 0x8
core   0: 3 0x8000b2d8 (0xff9ff06f)
core   0: 0x8000b2d0 (0x00002f17) auipc   t5, 0x2
core   0: 3 0x8000b2d0 (0x00002f17) x30 0x8000d2d0
core   0: 0x8000b2d4 (0xd23f2823) sw      gp, -720(t5)
core   0: 3 0x8000b2d4 (0xd23f2823) mem 0x8000d000 0x00000001
core   0: 0x8000b2d8 (0xff9ff06f) j       pc - 0x8
core   0: 3 0x8000b2d8 (0xff9ff06f)
core   0: 0x8000b2d0 (0x00002f17) auipc   t5, 0x2
core   0: 3 0x8000b2d0 (0x00002f17) x30 0x8000d2d0
core   0: 0x8000b2d4 (0xd23f2823) sw      gp, -720(t5)
core   0: 3 0x8000b2d4 (0xd23f2823) mem 0x8000d000 0x00000001
core   0: 0x8000b2d8 (0xff9ff06f) j       pc - 0x8
core   0: 3 0x8000b2d8 (0xff9ff06f)
core   0: 0x8000b2d0 (0x00002f17) auipc   t5, 0x2
core   0: 3 0x8000b2d0 (0x00002f17) x30 0x8000d2d0
core   0: 0x8000b2d4 (0xd23f2823) sw      gp, -720(t5)
core   0: 3 0x8000b2d4 (0xd23f2823) mem 0x8000d000 0x00000001
core   0: 0x8000b2d8 (0xff9ff06f) j       pc - 0x8
core   0: 3 0x8000b2d8 (0xff9ff06f)
core   0: 0x8000b2d0 (0x00002f17) auipc   t5, 0x2
core   0: 3 0x8000b2d0 (0x00002f17) x30 0x8000d2d0
core   0: 0x8000b2d4 (0xd23f2823) sw      gp, -720(t5)
core   0: 3 0x8000b2d4 (0xd23f2823) mem 0x8000d000 0x00000001
core   0: 0x8000b2d8 (0xff9ff06f) j       pc - 0x8
core   0: 3 0x8000b2d8 (0xff9ff06f)
core   0: 0x8000b2d0 (0x00002f17) auipc   t5, 0x2
core   0: 3 0x8000b2d0 (0x00002f17) x30 0x8000d2d0
core   0: 0x8000b2d4 (0xd23f2823) sw      gp, -720(t5)
core   0: 3 0x8000b2d4 (0xd23f2823) mem 0x8000d000 0x00000001
core   0: 0x8000b2d8 (0xff9ff06f) j       pc - 0x8
core   0: 3 0x8000b2d8 (0xff9ff06f)
core   0: 0x8000b2d0 (0x00002f17) auipc   t5, 0x2
core   0: 3 0x8000b2d0 (0x00002f17) x30 0x8000d2d0
core   0: 0x8000b2d4 (0xd23f2823) sw      gp, -720(t5)
core   0: 3 0x8000b2d4 (0xd23f2823) mem 0x8000d000 0x00000001
core   0: 0x8000b2d8 (0xff9ff06f) j       pc - 0x8
core   0: 3 0x8000b2d8 (0xff9ff06f)
core   0: 0x8000b2d0 (0x00002f17) auipc   t5, 0x2
core   0: 3 0x8000b2d0 (0x00002f17) x30 0x8000d2d0
core   0: 0x8000b2d4 (0xd23f2823) sw      gp, -720(t5)
core   0: 3 0x8000b2d4 (0xd23f2823) mem 0x8000d000 0x00000001
core   0: 0x8000b2d8 (0xff9ff06f) j       pc - 0x8
core   0: 3 0x8000b2d8 (0xff9ff06f)
core   0: 0x8000b2d0 (0x00002f17) auipc   t5, 0x2
core   0: 3 0x8000b2d0 (0x00002f17) x30 0x8000d2d0
core   0: 0x8000b2d4 (0xd23f2823) sw      gp, -720(t5)
core   0: 3 0x8000b2d4 (0xd23f2823) mem 0x8000d000 0x00000001
core   0: 0x8000b2d8 (0xff9ff06f) j       pc - 0x8
core   0: 3 0x8000b2d8 (0xff9ff06f)
core   0: 0x8000b2d0 (0x00002f17) auipc   t5, 0x2
core   0: 3 0x8000b2d0 (0x00002f17) x30 0x8000d2d0
core   0: 0x8000b2d4 (0xd23f2823) sw      gp, -720(t5)
core   0: 3 0x8000b2d4 (0xd23f2823) mem 0x8000d000 0x00000001
core   0: 0x8000b2d8 (0xff9ff06f) j       pc - 0x8
core   0: 3 0x8000b2d8 (0xff9ff06f)
core   0: 0x8000b2d0 (0x00002f17) auipc   t5, 0x2
core   0: 3 0x8000b2d0 (0x00002f17) x30 0x8000d2d0
core   0: 0x8000b2d4 (0xd23f2823) sw      gp, -720(t5)
core   0: 3 0x8000b2d4 (0xd23f2823) mem 0x8000d000 0x00000001
core   0: 0x8000b2d8 (0xff9ff06f) j       pc - 0x8
core   0: 3 0x8000b2d8 (0xff9ff06f)
core   0: 0x8000b2d0 (0x00002f17) auipc   t5, 0x2
core   0: 3 0x8000b2d0 (0x00002f17) x30 0x8000d2d0
core   0: 0x8000b2d4 (0xd23f2823) sw      gp, -720(t5)
core   0: 3 0x8000b2d4 (0xd23f2823) mem 0x8000d000 0x00000001
core   0: 0x8000b2d8 (0xff9ff06f) j       pc - 0x8
core   0: 3 0x8000b2d8 (0xff9ff06f)
core   0: 0x8000b2d0 (0x00002f17) auipc   t5, 0x2
core   0: 3 0x8000b2d0 (0x00002f17) x30 0x8000d2d0
core   0: 0x8000b2d4 (0xd23f2823) sw      gp, -720(t5)
core   0: 3 0x8000b2d4 (0xd23f2823) mem 0x8000d000 0x00000001
core   0: 0x8000b2d8 (0xff9ff06f) j       pc - 0x8
core   0: 3 0x8000b2d8 (0xff9ff06f)
core   0: 0x8000b2d0 (0x00002f17) auipc   t5, 0x2
core   0: 3 0x8000b2d0 (0x00002f17) x30 0x8000d2d0
core   0: 0x8000b2d4 (0xd23f2823) sw      gp, -720(t5)
core   0: 3 0x8000b2d4 (0xd23f2823) mem 0x8000d000 0x00000001
core   0: 0x8000b2d8 (0xff9ff06f) j       pc - 0x8
core   0: 3 0x8000b2d8 (0xff9ff06f)
core   0: 0x8000b2d0 (0x00002f17) auipc   t5, 0x2
core   0: 3 0x8000b2d0 (0x00002f17) x30 0x8000d2d0
core   0: 0x8000b2d4 (0xd23f2823) sw      gp, -720(t5)
core   0: 3 0x8000b2d4 (0xd23f2823) mem 0x8000d000 0x00000001
core   0: 0x8000b2d8 (0xff9ff06f) j       pc - 0x8
core   0: 3 0x8000b2d8 (0xff9ff06f)
core   0: 0x8000b2d0 (0x00002f17) auipc   t5, 0x2
core   0: 3 0x8000b2d0 (0x00002f17) x30 0x8000d2d0
core   0: 0x8000b2d4 (0xd23f2823) sw      gp, -720(t5)
core   0: 3 0x8000b2d4 (0xd23f2823) mem 0x8000d000 0x00000001
core   0: 0x8000b2d8 (0xff9ff06f) j       pc - 0x8
core   0: 3 0x8000b2d8 (0xff9ff06f)
core   0: 0x8000b2d0 (0x00002f17) auipc   t5, 0x2
core   0: 3 0x8000b2d0 (0x00002f17) x30 0x8000d2d0
core   0: 0x8000b2d4 (0xd23f2823) sw      gp, -720(t5)
core   0: 3 0x8000b2d4 (0xd23f2823) mem 0x8000d000 0x00000001
core   0: 0x8000b2d8 (0xff9ff06f) j       pc - 0x8
core   0: 3 0x8000b2d8 (0xff9ff06f)
core   0: 0x8000b2d0 (0x00002f17) auipc   t5, 0x2
core   0: 3 0x8000b2d0 (0x00002f17) x30 0x8000d2d0
core   0: 0x8000b2d4 (0xd23f2823) sw      gp, -720(t5)
core   0: 3 0x8000b2d4 (0xd23f2823) mem 0x8000d000 0x00000001
core   0: 0x8000b2d8 (0xff9ff06f) j       pc - 0x8
core   0: 3 0x8000b2d8 (0xff9ff06f)
core   0: 0x8000b2d0 (0x00002f17) auipc   t5, 0x2
core   0: 3 0x8000b2d0 (0x00002f17) x30 0x8000d2d0
core   0: 0x8000b2d4 (0xd23f2823) sw      gp, -720(t5)
core   0: 3 0x8000b2d4 (0xd23f2823) mem 0x8000d000 0x00000001
core   0: 0x8000b2d8 (0xff9ff06f) j       pc - 0x8
core   0: 3 0x8000b2d8 (0xff9ff06f)
core   0: 0x8000b2d0 (0x00002f17) auipc   t5, 0x2
core   0: 3 0x8000b2d0 (0x00002f17) x30 0x8000d2d0
core   0: 0x8000b2d4 (0xd23f2823) sw      gp, -720(t5)
core   0: 3 0x8000b2d4 (0xd23f2823) mem 0x8000d000 0x00000001
core   0: 0x8000b2d8 (0xff9ff06f) j       pc - 0x8
core   0: 3 0x8000b2d8 (0xff9ff06f)
core   0: 0x8000b2d0 (0x00002f17) auipc   t5, 0x2
core   0: 3 0x8000b2d0 (0x00002f17) x30 0x8000d2d0
core   0: 0x8000b2d4 (0xd23f2823) sw      gp, -720(t5)
core   0: 3 0x8000b2d4 (0xd23f2823) mem 0x8000d000 0x00000001
core   0: 0x8000b2d8 (0xff9ff06f) j       pc - 0x8
core   0: 3 0x8000b2d8 (0xff9ff06f)
core   0: 0x8000b2d0 (0x00002f17) auipc   t5, 0x2
core   0: 3 0x8000b2d0 (0x00002f17) x30 0x8000d2d0
core   0: 0x8000b2d4 (0xd23f2823) sw      gp, -720(t5)
core   0: 3 0x8000b2d4 (0xd23f2823) mem 0x8000d000 0x00000001
core   0: 0x8000b2d8 (0xff9ff06f) j       pc - 0x8
core   0: 3 0x8000b2d8 (0xff9ff06f)
core   0: 0x8000b2d0 (0x00002f17) auipc   t5, 0x2
core   0: 3 0x8000b2d0 (0x00002f17) x30 0x8000d2d0
core   0: 0x8000b2d4 (0xd23f2823) sw      gp, -720(t5)
core   0: 3 0x8000b2d4 (0xd23f2823) mem 0x8000d000 0x00000001
core   0: 0x8000b2d8 (0xff9ff06f) j       pc - 0x8
core   0: 3 0x8000b2d8 (0xff9ff06f)
core   0: 0x8000b2d0 (0x00002f17) auipc   t5, 0x2
core   0: 3 0x8000b2d0 (0x00002f17) x30 0x8000d2d0
core   0: 0x8000b2d4 (0xd23f2823) sw      gp, -720(t5)
core   0: 3 0x8000b2d4 (0xd23f2823) mem 0x8000d000 0x00000001
core   0: 0x8000b2d8 (0xff9ff06f) j       pc - 0x8
core   0: 3 0x8000b2d8 (0xff9ff06f)
core   0: 0x8000b2d0 (0x00002f17) auipc   t5, 0x2
core   0: 3 0x8000b2d0 (0x00002f17) x30 0x8000d2d0
core   0: 0x8000b2d4 (0xd23f2823) sw      gp, -720(t5)
core   0: 3 0x8000b2d4 (0xd23f2823) mem 0x8000d000 0x00000001
core   0: 0x8000b2d8 (0xff9ff06f) j       pc - 0x8
core   0: 3 0x8000b2d8 (0xff9ff06f)
core   0: 0x8000b2d0 (0x00002f17) auipc   t5, 0x2
core   0: 3 0x8000b2d0 (0x00002f17) x30 0x8000d2d0
core   0: 0x8000b2d4 (0xd23f2823) sw      gp, -720(t5)
core   0: 3 0x8000b2d4 (0xd23f2823) mem 0x8000d000 0x00000001
core   0: 0x8000b2d8 (0xff9ff06f) j       pc - 0x8
core   0: 3 0x8000b2d8 (0xff9ff06f)
core   0: 0x8000b2d0 (0x00002f17) auipc   t5, 0x2
core   0: 3 0x8000b2d0 (0x00002f17) x30 0x8000d2d0
core   0: 0x8000b2d4 (0xd23f2823) sw      gp, -720(t5)
core   0: 3 0x8000b2d4 (0xd23f2823) mem 0x8000d000 0x00000001
core   0: 0x8000b2d8 (0xff9ff06f) j       pc - 0x8
core   0: 3 0x8000b2d8 (0xff9ff06f)
core   0: 0x8000b2d0 (0x00002f17) auipc   t5, 0x2
core   0: 3 0x8000b2d0 (0x00002f17) x30 0x8000d2d0
core   0: 0x8000b2d4 (0xd23f2823) sw      gp, -720(t5)
core   0: 3 0x8000b2d4 (0xd23f2823) mem 0x8000d000 0x00000001
core   0: 0x8000b2d8 (0xff9ff06f) j       pc - 0x8
core   0: 3 0x8000b2d8 (0xff9ff06f)
core   0: 0x8000b2d0 (0x00002f17) auipc   t5, 0x2
core   0: 3 0x8000b2d0 (0x00002f17) x30 0x8000d2d0
core   0: 0x8000b2d4 (0xd23f2823) sw      gp, -720(t5)
core   0: 3 0x8000b2d4 (0xd23f2823) mem 0x8000d000 0x00000001
core   0: 0x8000b2d8 (0xff9ff06f) j       pc - 0x8
core   0: 3 0x8000b2d8 (0xff9ff06f)
core   0: 0x8000b2d0 (0x00002f17) auipc   t5, 0x2
core   0: 3 0x8000b2d0 (0x00002f17) x30 0x8000d2d0
core   0: 0x8000b2d4 (0xd23f2823) sw      gp, -720(t5)
core   0: 3 0x8000b2d4 (0xd23f2823) mem 0x8000d000 0x00000001
core   0: 0x8000b2d8 (0xff9ff06f) j       pc - 0x8
core   0: 3 0x8000b2d8 (0xff9ff06f)
core   0: 0x8000b2d0 (0x00002f17) auipc   t5, 0x2
core   0: 3 0x8000b2d0 (0x00002f17) x30 0x8000d2d0
core   0: 0x8000b2d4 (0xd23f2823) sw      gp, -720(t5)
core   0: 3 0x8000b2d4 (0xd23f2823) mem 0x8000d000 0x00000001
core   0: 0x8000b2d8 (0xff9ff06f) j       pc - 0x8
core   0: 3 0x8000b2d8 (0xff9ff06f)
core   0: 0x8000b2d0 (0x00002f17) auipc   t5, 0x2
core   0: 3 0x8000b2d0 (0x00002f17) x30 0x8000d2d0
core   0: 0x8000b2d4 (0xd23f2823) sw      gp, -720(t5)
core   0: 3 0x8000b2d4 (0xd23f2823) mem 0x8000d000 0x00000001
core   0: 0x8000b2d8 (0xff9ff06f) j       pc - 0x8
core   0: 3 0x8000b2d8 (0xff9ff06f)
core   0: 0x8000b2d0 (0x00002f17) auipc   t5, 0x2
core   0: 3 0x8000b2d0 (0x00002f17) x30 0x8000d2d0
core   0: 0x8000b2d4 (0xd23f2823) sw      gp, -720(t5)
core   0: 3 0x8000b2d4 (0xd23f2823) mem 0x8000d000 0x00000001
core   0: 0x8000b2d8 (0xff9ff06f) j       pc - 0x8
core   0: 3 0x8000b2d8 (0xff9ff06f)
core   0: 0x8000b2d0 (0x00002f17) auipc   t5, 0x2
core   0: 3 0x8000b2d0 (0x00002f17) x30 0x8000d2d0
core   0: 0x8000b2d4 (0xd23f2823) sw      gp, -720(t5)
core   0: 3 0x8000b2d4 (0xd23f2823) mem 0x8000d000 0x00000001
core   0: 0x8000b2d8 (0xff9ff06f) j       pc - 0x8
core   0: 3 0x8000b2d8 (0xff9ff06f)
core   0: 0x8000b2d0 (0x00002f17) auipc   t5, 0x2
core   0: 3 0x8000b2d0 (0x00002f17) x30 0x8000d2d0
core   0: 0x8000b2d4 (0xd23f2823) sw      gp, -720(t5)
core   0: 3 0x8000b2d4 (0xd23f2823) mem 0x8000d000 0x00000001
core   0: 0x8000b2d8 (0xff9ff06f) j       pc - 0x8
core   0: 3 0x8000b2d8 (0xff9ff06f)
core   0: 0x8000b2d0 (0x00002f17) auipc   t5, 0x2
core   0: 3 0x8000b2d0 (0x00002f17) x30 0x8000d2d0
core   0: 0x8000b2d4 (0xd23f2823) sw      gp, -720(t5)
core   0: 3 0x8000b2d4 (0xd23f2823) mem 0x8000d000 0x00000001
core   0: 0x8000b2d8 (0xff9ff06f) j       pc - 0x8
core   0: 3 0x8000b2d8 (0xff9ff06f)
core   0: 0x8000b2d0 (0x00002f17) auipc   t5, 0x2
core   0: 3 0x8000b2d0 (0x00002f17) x30 0x8000d2d0
core   0: 0x8000b2d4 (0xd23f2823) sw      gp, -720(t5)
core   0: 3 0x8000b2d4 (0xd23f2823) mem 0x8000d000 0x00000001
core   0: 0x8000b2d8 (0xff9ff06f) j       pc - 0x8
core   0: 3 0x8000b2d8 (0xff9ff06f)
core   0: 0x8000b2d0 (0x00002f17) auipc   t5, 0x2
core   0: 3 0x8000b2d0 (0x00002f17) x30 0x8000d2d0
core   0: 0x8000b2d4 (0xd23f2823) sw      gp, -720(t5)
core   0: 3 0x8000b2d4 (0xd23f2823) mem 0x8000d000 0x00000001
core   0: 0x8000b2d8 (0xff9ff06f) j       pc - 0x8
core   0: 3 0x8000b2d8 (0xff9ff06f)
core   0: 0x8000b2d0 (0x00002f17) auipc   t5, 0x2
core   0: 3 0x8000b2d0 (0x00002f17) x30 0x8000d2d0
core   0: 0x8000b2d4 (0xd23f2823) sw      gp, -720(t5)
core   0: 3 0x8000b2d4 (0xd23f2823) mem 0x8000d000 0x00000001
core   0: 0x8000b2d8 (0xff9ff06f) j       pc - 0x8
core   0: 3 0x8000b2d8 (0xff9ff06f)
core   0: 0x8000b2d0 (0x00002f17) auipc   t5, 0x2
core   0: 3 0x8000b2d0 (0x00002f17) x30 0x8000d2d0
core   0: 0x8000b2d4 (0xd23f2823) sw      gp, -720(t5)
core   0: 3 0x8000b2d4 (0xd23f2823) mem 0x8000d000 0x00000001
core   0: 0x8000b2d8 (0xff9ff06f) j       pc - 0x8
core   0: 3 0x8000b2d8 (0xff9ff06f)
core   0: 0x8000b2d0 (0x00002f17) auipc   t5, 0x2
core   0: 3 0x8000b2d0 (0x00002f17) x30 0x8000d2d0
core   0: 0x8000b2d4 (0xd23f2823) sw      gp, -720(t5)
core   0: 3 0x8000b2d4 (0xd23f2823) mem 0x8000d000 0x00000001
core   0: 0x8000b2d8 (0xff9ff06f) j       pc - 0x8
core   0: 3 0x8000b2d8 (0xff9ff06f)
core   0: 0x8000b2d0 (0x00002f17) auipc   t5, 0x2
core   0: 3 0x8000b2d0 (0x00002f17) x30 0x8000d2d0
core   0: 0x8000b2d4 (0xd23f2823) sw      gp, -720(t5)
core   0: 3 0x8000b2d4 (0xd23f2823) mem 0x8000d000 0x00000001
core   0: 0x8000b2d8 (0xff9ff06f) j       pc - 0x8
core   0: 3 0x8000b2d8 (0xff9ff06f)
core   0: 0x8000b2d0 (0x00002f17) auipc   t5, 0x2
core   0: 3 0x8000b2d0 (0x00002f17) x30 0x8000d2d0
core   0: 0x8000b2d4 (0xd23f2823) sw      gp, -720(t5)
core   0: 3 0x8000b2d4 (0xd23f2823) mem 0x8000d000 0x00000001
core   0: 0x8000b2d8 (0xff9ff06f) j       pc - 0x8
core   0: 3 0x8000b2d8 (0xff9ff06f)
core   0: 0x8000b2d0 (0x00002f17) auipc   t5, 0x2
core   0: 3 0x8000b2d0 (0x00002f17) x30 0x8000d2d0
core   0: 0x8000b2d4 (0xd23f2823) sw      gp, -720(t5)
core   0: 3 0x8000b2d4 (0xd23f2823) mem 0x8000d000 0x00000001
core   0: 0x8000b2d8 (0xff9ff06f) j       pc - 0x8
core   0: 3 0x8000b2d8 (0xff9ff06f)
core   0: 0x8000b2d0 (0x00002f17) auipc   t5, 0x2
core   0: 3 0x8000b2d0 (0x00002f17) x30 0x8000d2d0
core   0: 0x8000b2d4 (0xd23f2823) sw      gp, -720(t5)
core   0: 3 0x8000b2d4 (0xd23f2823) mem 0x8000d000 0x00000001
core   0: 0x8000b2d8 (0xff9ff06f) j       pc - 0x8
core   0: 3 0x8000b2d8 (0xff9ff06f)
core   0: 0x8000b2d0 (0x00002f17) auipc   t5, 0x2
core   0: 3 0x8000b2d0 (0x00002f17) x30 0x8000d2d0
core   0: 0x8000b2d4 (0xd23f2823) sw      gp, -720(t5)
core   0: 3 0x8000b2d4 (0xd23f2823) mem 0x8000d000 0x00000001
core   0: 0x8000b2d8 (0xff9ff06f) j       pc - 0x8
core   0: 3 0x8000b2d8 (0xff9ff06f)
core   0: 0x8000b2d0 (0x00002f17) auipc   t5, 0x2
core   0: 3 0x8000b2d0 (0x00002f17) x30 0x8000d2d0
core   0: 0x8000b2d4 (0xd23f2823) sw      gp, -720(t5)
core   0: 3 0x8000b2d4 (0xd23f2823) mem 0x8000d000 0x00000001
core   0: 0x8000b2d8 (0xff9ff06f) j       pc - 0x8
core   0: 3 0x8000b2d8 (0xff9ff06f)
core   0: 0x8000b2d0 (0x00002f17) auipc   t5, 0x2
core   0: 3 0x8000b2d0 (0x00002f17) x30 0x8000d2d0
core   0: 0x8000b2d4 (0xd23f2823) sw      gp, -720(t5)
core   0: 3 0x8000b2d4 (0xd23f2823) mem 0x8000d000 0x00000001
core   0: 0x8000b2d8 (0xff9ff06f) j       pc - 0x8
core   0: 3 0x8000b2d8 (0xff9ff06f)
core   0: 0x8000b2d0 (0x00002f17) auipc   t5, 0x2
core   0: 3 0x8000b2d0 (0x00002f17) x30 0x8000d2d0
core   0: 0x8000b2d4 (0xd23f2823) sw      gp, -720(t5)
core   0: 3 0x8000b2d4 (0xd23f2823) mem 0x8000d000 0x00000001
core   0: 0x8000b2d8 (0xff9ff06f) j       pc - 0x8
core   0: 3 0x8000b2d8 (0xff9ff06f)
core   0: 0x8000b2d0 (0x00002f17) auipc   t5, 0x2
core   0: 3 0x8000b2d0 (0x00002f17) x30 0x8000d2d0
core   0: 0x8000b2d4 (0xd23f2823) sw      gp, -720(t5)
core   0: 3 0x8000b2d4 (0xd23f2823) mem 0x8000d000 0x00000001
core   0: 0x8000b2d8 (0xff9ff06f) j       pc - 0x8
core   0: 3 0x8000b2d8 (0xff9ff06f)
core   0: 0x8000b2d0 (0x00002f17) auipc   t5, 0x2
core   0: 3 0x8000b2d0 (0x00002f17) x30 0x8000d2d0
core   0: 0x8000b2d4 (0xd23f2823) sw      gp, -720(t5)
core   0: 3 0x8000b2d4 (0xd23f2823) mem 0x8000d000 0x00000001
core   0: 0x8000b2d8 (0xff9ff06f) j       pc - 0x8
core   0: 3 0x8000b2d8 (0xff9ff06f)
core   0: 0x8000b2d0 (0x00002f17) auipc   t5, 0x2
core   0: 3 0x8000b2d0 (0x00002f17) x30 0x8000d2d0
core   0: 0x8000b2d4 (0xd23f2823) sw      gp, -720(t5)
core   0: 3 0x8000b2d4 (0xd23f2823) mem 0x8000d000 0x00000001
core   0: 0x8000b2d8 (0xff9ff06f) j       pc - 0x8
core   0: 3 0x8000b2d8 (0xff9ff06f)
core   0: 0x8000b2d0 (0x00002f17) auipc   t5, 0x2
core   0: 3 0x8000b2d0 (0x00002f17) x30 0x8000d2d0
core   0: 0x8000b2d4 (0xd23f2823) sw      gp, -720(t5)
core   0: 3 0x8000b2d4 (0xd23f2823) mem 0x8000d000 0x00000001
core   0: 0x8000b2d8 (0xff9ff06f) j       pc - 0x8
core   0: 3 0x8000b2d8 (0xff9ff06f)
core   0: 0x8000b2d0 (0x00002f17) auipc   t5, 0x2
core   0: 3 0x8000b2d0 (0x00002f17) x30 0x8000d2d0
core   0: 0x8000b2d4 (0xd23f2823) sw      gp, -720(t5)
core   0: 3 0x8000b2d4 (0xd23f2823) mem 0x8000d000 0x00000001
core   0: 0x8000b2d8 (0xff9ff06f) j       pc - 0x8
core   0: 3 0x8000b2d8 (0xff9ff06f)
core   0: 0x8000b2d0 (0x00002f17) auipc   t5, 0x2
core   0: 3 0x8000b2d0 (0x00002f17) x30 0x8000d2d0
core   0: 0x8000b2d4 (0xd23f2823) sw      gp, -720(t5)
core   0: 3 0x8000b2d4 (0xd23f2823) mem 0x8000d000 0x00000001
core   0: 0x8000b2d8 (0xff9ff06f) j       pc - 0x8
core   0: 3 0x8000b2d8 (0xff9ff06f)
core   0: 0x8000b2d0 (0x00002f17) auipc   t5, 0x2
core   0: 3 0x8000b2d0 (0x00002f17) x30 0x8000d2d0
core   0: 0x8000b2d4 (0xd23f2823) sw      gp, -720(t5)
core   0: 3 0x8000b2d4 (0xd23f2823) mem 0x8000d000 0x00000001
core   0: 0x8000b2d8 (0xff9ff06f) j       pc - 0x8
core   0: 3 0x8000b2d8 (0xff9ff06f)
core   0: 0x8000b2d0 (0x00002f17) auipc   t5, 0x2
core   0: 3 0x8000b2d0 (0x00002f17) x30 0x8000d2d0
core   0: 0x8000b2d4 (0xd23f2823) sw      gp, -720(t5)
core   0: 3 0x8000b2d4 (0xd23f2823) mem 0x8000d000 0x00000001
core   0: 0x8000b2d8 (0xff9ff06f) j       pc - 0x8
core   0: 3 0x8000b2d8 (0xff9ff06f)
core   0: 0x8000b2d0 (0x00002f17) auipc   t5, 0x2
core   0: 3 0x8000b2d0 (0x00002f17) x30 0x8000d2d0
core   0: 0x8000b2d4 (0xd23f2823) sw      gp, -720(t5)
core   0: 3 0x8000b2d4 (0xd23f2823) mem 0x8000d000 0x00000001
core   0: 0x8000b2d8 (0xff9ff06f) j       pc - 0x8
core   0: 3 0x8000b2d8 (0xff9ff06f)
core   0: 0x8000b2d0 (0x00002f17) auipc   t5, 0x2
core   0: 3 0x8000b2d0 (0x00002f17) x30 0x8000d2d0
core   0: 0x8000b2d4 (0xd23f2823) sw      gp, -720(t5)
core   0: 3 0x8000b2d4 (0xd23f2823) mem 0x8000d000 0x00000001
core   0: 0x8000b2d8 (0xff9ff06f) j       pc - 0x8
core   0: 3 0x8000b2d8 (0xff9ff06f)
core   0: 0x8000b2d0 (0x00002f17) auipc   t5, 0x2
core   0: 3 0x8000b2d0 (0x00002f17) x30 0x8000d2d0
core   0: 0x8000b2d4 (0xd23f2823) sw      gp, -720(t5)
core   0: 3 0x8000b2d4 (0xd23f2823) mem 0x8000d000 0x00000001
core   0: 0x8000b2d8 (0xff9ff06f) j       pc - 0x8
core   0: 3 0x8000b2d8 (0xff9ff06f)
core   0: 0x8000b2d0 (0x00002f17) auipc   t5, 0x2
core   0: 3 0x8000b2d0 (0x00002f17) x30 0x8000d2d0
core   0: 0x8000b2d4 (0xd23f2823) sw      gp, -720(t5)
core   0: 3 0x8000b2d4 (0xd23f2823) mem 0x8000d000 0x00000001
core   0: 0x8000b2d8 (0xff9ff06f) j       pc - 0x8
core   0: 3 0x8000b2d8 (0xff9ff06f)
core   0: 0x8000b2d0 (0x00002f17) auipc   t5, 0x2
core   0: 3 0x8000b2d0 (0x00002f17) x30 0x8000d2d0
core   0: 0x8000b2d4 (0xd23f2823) sw      gp, -720(t5)
core   0: 3 0x8000b2d4 (0xd23f2823) mem 0x8000d000 0x00000001
core   0: 0x8000b2d8 (0xff9ff06f) j       pc - 0x8
core   0: 3 0x8000b2d8 (0xff9ff06f)
core   0: 0x8000b2d0 (0x00002f17) auipc   t5, 0x2
core   0: 3 0x8000b2d0 (0x00002f17) x30 0x8000d2d0
core   0: 0x8000b2d4 (0xd23f2823) sw      gp, -720(t5)
core   0: 3 0x8000b2d4 (0xd23f2823) mem 0x8000d000 0x00000001
core   0: 0x8000b2d8 (0xff9ff06f) j       pc - 0x8
core   0: 3 0x8000b2d8 (0xff9ff06f)
core   0: 0x8000b2d0 (0x00002f17) auipc   t5, 0x2
core   0: 3 0x8000b2d0 (0x00002f17) x30 0x8000d2d0
core   0: 0x8000b2d4 (0xd23f2823) sw      gp, -720(t5)
core   0: 3 0x8000b2d4 (0xd23f2823) mem 0x8000d000 0x00000001
core   0: 0x8000b2d8 (0xff9ff06f) j       pc - 0x8
core   0: 3 0x8000b2d8 (0xff9ff06f)
core   0: 0x8000b2d0 (0x00002f17) auipc   t5, 0x2
core   0: 3 0x8000b2d0 (0x00002f17) x30 0x8000d2d0
core   0: 0x8000b2d4 (0xd23f2823) sw      gp, -720(t5)
core   0: 3 0x8000b2d4 (0xd23f2823) mem 0x8000d000 0x00000001
core   0: 0x8000b2d8 (0xff9ff06f) j       pc - 0x8
core   0: 3 0x8000b2d8 (0xff9ff06f)
core   0: 0x8000b2d0 (0x00002f17) auipc   t5, 0x2
core   0: 3 0x8000b2d0 (0x00002f17) x30 0x8000d2d0
core   0: 0x8000b2d4 (0xd23f2823) sw      gp, -720(t5)
core   0: 3 0x8000b2d4 (0xd23f2823) mem 0x8000d000 0x00000001
core   0: 0x8000b2d8 (0xff9ff06f) j       pc - 0x8
core   0: 3 0x8000b2d8 (0xff9ff06f)
core   0: 0x8000b2d0 (0x00002f17) auipc   t5, 0x2
core   0: 3 0x8000b2d0 (0x00002f17) x30 0x8000d2d0
core   0: 0x8000b2d4 (0xd23f2823) sw      gp, -720(t5)
core   0: 3 0x8000b2d4 (0xd23f2823) mem 0x8000d000 0x00000001
core   0: 0x8000b2d8 (0xff9ff06f) j       pc - 0x8
core   0: 3 0x8000b2d8 (0xff9ff06f)
core   0: 0x8000b2d0 (0x00002f17) auipc   t5, 0x2
core   0: 3 0x8000b2d0 (0x00002f17) x30 0x8000d2d0
core   0: 0x8000b2d4 (0xd23f2823) sw      gp, -720(t5)
core   0: 3 0x8000b2d4 (0xd23f2823) mem 0x8000d000 0x00000001
core   0: 0x8000b2d8 (0xff9ff06f) j       pc - 0x8
core   0: 3 0x8000b2d8 (0xff9ff06f)
core   0: 0x8000b2d0 (0x00002f17) auipc   t5, 0x2
core   0: 3 0x8000b2d0 (0x00002f17) x30 0x8000d2d0
core   0: 0x8000b2d4 (0xd23f2823) sw      gp, -720(t5)
core   0: 3 0x8000b2d4 (0xd23f2823) mem 0x8000d000 0x00000001
core   0: 0x8000b2d8 (0xff9ff06f) j       pc - 0x8
core   0: 3 0x8000b2d8 (0xff9ff06f)
core   0: 0x8000b2d0 (0x00002f17) auipc   t5, 0x2
core   0: 3 0x8000b2d0 (0x00002f17) x30 0x8000d2d0
core   0: 0x8000b2d4 (0xd23f2823) sw      gp, -720(t5)
core   0: 3 0x8000b2d4 (0xd23f2823) mem 0x8000d000 0x00000001
core   0: 0x8000b2d8 (0xff9ff06f) j       pc - 0x8
core   0: 3 0x8000b2d8 (0xff9ff06f)
core   0: 0x8000b2d0 (0x00002f17) auipc   t5, 0x2
core   0: 3 0x8000b2d0 (0x00002f17) x30 0x8000d2d0
core   0: 0x8000b2d4 (0xd23f2823) sw      gp, -720(t5)
core   0: 3 0x8000b2d4 (0xd23f2823) mem 0x8000d000 0x00000001
core   0: 0x8000b2d8 (0xff9ff06f) j       pc - 0x8
core   0: 3 0x8000b2d8 (0xff9ff06f)
core   0: 0x8000b2d0 (0x00002f17) auipc   t5, 0x2
core   0: 3 0x8000b2d0 (0x00002f17) x30 0x8000d2d0
core   0: 0x8000b2d4 (0xd23f2823) sw      gp, -720(t5)
core   0: 3 0x8000b2d4 (0xd23f2823) mem 0x8000d000 0x00000001
core   0: 0x8000b2d8 (0xff9ff06f) j       pc - 0x8
core   0: 3 0x8000b2d8 (0xff9ff06f)
core   0: 0x8000b2d0 (0x00002f17) auipc   t5, 0x2
core   0: 3 0x8000b2d0 (0x00002f17) x30 0x8000d2d0
core   0: 0x8000b2d4 (0xd23f2823) sw      gp, -720(t5)
core   0: 3 0x8000b2d4 (0xd23f2823) mem 0x8000d000 0x00000001
core   0: 0x8000b2d8 (0xff9ff06f) j       pc - 0x8
core   0: 3 0x8000b2d8 (0xff9ff06f)
core   0: 0x8000b2d0 (0x00002f17) auipc   t5, 0x2
core   0: 3 0x8000b2d0 (0x00002f17) x30 0x8000d2d0
core   0: 0x8000b2d4 (0xd23f2823) sw      gp, -720(t5)
core   0: 3 0x8000b2d4 (0xd23f2823) mem 0x8000d000 0x00000001
core   0: 0x8000b2d8 (0xff9ff06f) j       pc - 0x8
core   0: 3 0x8000b2d8 (0xff9ff06f)
core   0: 0x8000b2d0 (0x00002f17) auipc   t5, 0x2
core   0: 3 0x8000b2d0 (0x00002f17) x30 0x8000d2d0
core   0: 0x8000b2d4 (0xd23f2823) sw      gp, -720(t5)
core   0: 3 0x8000b2d4 (0xd23f2823) mem 0x8000d000 0x00000001
core   0: 0x8000b2d8 (0xff9ff06f) j       pc - 0x8
core   0: 3 0x8000b2d8 (0xff9ff06f)
core   0: 0x8000b2d0 (0x00002f17) auipc   t5, 0x2
core   0: 3 0x8000b2d0 (0x00002f17) x30 0x8000d2d0
core   0: 0x8000b2d4 (0xd23f2823) sw      gp, -720(t5)
core   0: 3 0x8000b2d4 (0xd23f2823) mem 0x8000d000 0x00000001
core   0: 0x8000b2d8 (0xff9ff06f) j       pc - 0x8
core   0: 3 0x8000b2d8 (0xff9ff06f)
core   0: 0x8000b2d0 (0x00002f17) auipc   t5, 0x2
core   0: 3 0x8000b2d0 (0x00002f17) x30 0x8000d2d0
core   0: 0x8000b2d4 (0xd23f2823) sw      gp, -720(t5)
core   0: 3 0x8000b2d4 (0xd23f2823) mem 0x8000d000 0x00000001
core   0: 0x8000b2d8 (0xff9ff06f) j       pc - 0x8
core   0: 3 0x8000b2d8 (0xff9ff06f)
core   0: 0x8000b2d0 (0x00002f17) auipc   t5, 0x2
core   0: 3 0x8000b2d0 (0x00002f17) x30 0x8000d2d0
core   0: 0x8000b2d4 (0xd23f2823) sw      gp, -720(t5)
core   0: 3 0x8000b2d4 (0xd23f2823) mem 0x8000d000 0x00000001
core   0: 0x8000b2d8 (0xff9ff06f) j       pc - 0x8
core   0: 3 0x8000b2d8 (0xff9ff06f)
core   0: 0x8000b2d0 (0x00002f17) auipc   t5, 0x2
core   0: 3 0x8000b2d0 (0x00002f17) x30 0x8000d2d0
core   0: 0x8000b2d4 (0xd23f2823) sw      gp, -720(t5)
core   0: 3 0x8000b2d4 (0xd23f2823) mem 0x8000d000 0x00000001
core   0: 0x8000b2d8 (0xff9ff06f) j       pc - 0x8
core   0: 3 0x8000b2d8 (0xff9ff06f)
core   0: 0x8000b2d0 (0x00002f17) auipc   t5, 0x2
core   0: 3 0x8000b2d0 (0x00002f17) x30 0x8000d2d0
core   0: 0x8000b2d4 (0xd23f2823) sw      gp, -720(t5)
core   0: 3 0x8000b2d4 (0xd23f2823) mem 0x8000d000 0x00000001
core   0: 0x8000b2d8 (0xff9ff06f) j       pc - 0x8
core   0: 3 0x8000b2d8 (0xff9ff06f)
core   0: 0x8000b2d0 (0x00002f17) auipc   t5, 0x2
core   0: 3 0x8000b2d0 (0x00002f17) x30 0x8000d2d0
core   0: 0x8000b2d4 (0xd23f2823) sw      gp, -720(t5)
core   0: 3 0x8000b2d4 (0xd23f2823) mem 0x8000d000 0x00000001
core   0: 0x8000b2d8 (0xff9ff06f) j       pc - 0x8
core   0: 3 0x8000b2d8 (0xff9ff06f)
core   0: 0x8000b2d0 (0x00002f17) auipc   t5, 0x2
core   0: 3 0x8000b2d0 (0x00002f17) x30 0x8000d2d0
core   0: 0x8000b2d4 (0xd23f2823) sw      gp, -720(t5)
core   0: 3 0x8000b2d4 (0xd23f2823) mem 0x8000d000 0x00000001
core   0: 0x8000b2d8 (0xff9ff06f) j       pc - 0x8
core   0: 3 0x8000b2d8 (0xff9ff06f)
core   0: 0x8000b2d0 (0x00002f17) auipc   t5, 0x2
core   0: 3 0x8000b2d0 (0x00002f17) x30 0x8000d2d0
core   0: 0x8000b2d4 (0xd23f2823) sw      gp, -720(t5)
core   0: 3 0x8000b2d4 (0xd23f2823) mem 0x8000d000 0x00000001
core   0: 0x8000b2d8 (0xff9ff06f) j       pc - 0x8
core   0: 3 0x8000b2d8 (0xff9ff06f)
core   0: 0x8000b2d0 (0x00002f17) auipc   t5, 0x2
core   0: 3 0x8000b2d0 (0x00002f17) x30 0x8000d2d0
core   0: 0x8000b2d4 (0xd23f2823) sw      gp, -720(t5)
core   0: 3 0x8000b2d4 (0xd23f2823) mem 0x8000d000 0x00000001
core   0: 0x8000b2d8 (0xff9ff06f) j       pc - 0x8
core   0: 3 0x8000b2d8 (0xff9ff06f)
core   0: 0x8000b2d0 (0x00002f17) auipc   t5, 0x2
core   0: 3 0x8000b2d0 (0x00002f17) x30 0x8000d2d0
core   0: 0x8000b2d4 (0xd23f2823) sw      gp, -720(t5)
core   0: 3 0x8000b2d4 (0xd23f2823) mem 0x8000d000 0x00000001
core   0: 0x8000b2d8 (0xff9ff06f) j       pc - 0x8
core   0: 3 0x8000b2d8 (0xff9ff06f)
core   0: 0x8000b2d0 (0x00002f17) auipc   t5, 0x2
core   0: 3 0x8000b2d0 (0x00002f17) x30 0x8000d2d0
core   0: 0x8000b2d4 (0xd23f2823) sw      gp, -720(t5)
core   0: 3 0x8000b2d4 (0xd23f2823) mem 0x8000d000 0x00000001
core   0: 0x8000b2d8 (0xff9ff06f) j       pc - 0x8
core   0: 3 0x8000b2d8 (0xff9ff06f)
core   0: 0x8000b2d0 (0x00002f17) auipc   t5, 0x2
core   0: 3 0x8000b2d0 (0x00002f17) x30 0x8000d2d0
core   0: 0x8000b2d4 (0xd23f2823) sw      gp, -720(t5)
core   0: 3 0x8000b2d4 (0xd23f2823) mem 0x8000d000 0x00000001
core   0: 0x8000b2d8 (0xff9ff06f) j       pc - 0x8
core   0: 3 0x8000b2d8 (0xff9ff06f)
core   0: 0x8000b2d0 (0x00002f17) auipc   t5, 0x2
core   0: 3 0x8000b2d0 (0x00002f17) x30 0x8000d2d0
core   0: 0x8000b2d4 (0xd23f2823) sw      gp, -720(t5)
core   0: 3 0x8000b2d4 (0xd23f2823) mem 0x8000d000 0x00000001
core   0: 0x8000b2d8 (0xff9ff06f) j       pc - 0x8
core   0: 3 0x8000b2d8 (0xff9ff06f)
core   0: 0x8000b2d0 (0x00002f17) auipc   t5, 0x2
core   0: 3 0x8000b2d0 (0x00002f17) x30 0x8000d2d0
core   0: 0x8000b2d4 (0xd23f2823) sw      gp, -720(t5)
core   0: 3 0x8000b2d4 (0xd23f2823) mem 0x8000d000 0x00000001
core   0: 0x8000b2d8 (0xff9ff06f) j       pc - 0x8
core   0: 3 0x8000b2d8 (0xff9ff06f)
core   0: 0x8000b2d0 (0x00002f17) auipc   t5, 0x2
core   0: 3 0x8000b2d0 (0x00002f17) x30 0x8000d2d0
core   0: 0x8000b2d4 (0xd23f2823) sw      gp, -720(t5)
core   0: 3 0x8000b2d4 (0xd23f2823) mem 0x8000d000 0x00000001
core   0: 0x8000b2d8 (0xff9ff06f) j       pc - 0x8
core   0: 3 0x8000b2d8 (0xff9ff06f)
core   0: 0x8000b2d0 (0x00002f17) auipc   t5, 0x2
core   0: 3 0x8000b2d0 (0x00002f17) x30 0x8000d2d0
core   0: 0x8000b2d4 (0xd23f2823) sw      gp, -720(t5)
core   0: 3 0x8000b2d4 (0xd23f2823) mem 0x8000d000 0x00000001
core   0: 0x8000b2d8 (0xff9ff06f) j       pc - 0x8
core   0: 3 0x8000b2d8 (0xff9ff06f)
core   0: 0x8000b2d0 (0x00002f17) auipc   t5, 0x2
core   0: 3 0x8000b2d0 (0x00002f17) x30 0x8000d2d0
core   0: 0x8000b2d4 (0xd23f2823) sw      gp, -720(t5)
core   0: 3 0x8000b2d4 (0xd23f2823) mem 0x8000d000 0x00000001
core   0: 0x8000b2d8 (0xff9ff06f) j       pc - 0x8
core   0: 3 0x8000b2d8 (0xff9ff06f)
core   0: 0x8000b2d0 (0x00002f17) auipc   t5, 0x2
core   0: 3 0x8000b2d0 (0x00002f17) x30 0x8000d2d0
core   0: 0x8000b2d4 (0xd23f2823) sw      gp, -720(t5)
core   0: 3 0x8000b2d4 (0xd23f2823) mem 0x8000d000 0x00000001
core   0: 0x8000b2d8 (0xff9ff06f) j       pc - 0x8
core   0: 3 0x8000b2d8 (0xff9ff06f)
core   0: 0x8000b2d0 (0x00002f17) auipc   t5, 0x2
core   0: 3 0x8000b2d0 (0x00002f17) x30 0x8000d2d0
core   0: 0x8000b2d4 (0xd23f2823) sw      gp, -720(t5)
core   0: 3 0x8000b2d4 (0xd23f2823) mem 0x8000d000 0x00000001
core   0: 0x8000b2d8 (0xff9ff06f) j       pc - 0x8
core   0: 3 0x8000b2d8 (0xff9ff06f)
core   0: 0x8000b2d0 (0x00002f17) auipc   t5, 0x2
core   0: 3 0x8000b2d0 (0x00002f17) x30 0x8000d2d0
core   0: 0x8000b2d4 (0xd23f2823) sw      gp, -720(t5)
core   0: 3 0x8000b2d4 (0xd23f2823) mem 0x8000d000 0x00000001
core   0: 0x8000b2d8 (0xff9ff06f) j       pc - 0x8
core   0: 3 0x8000b2d8 (0xff9ff06f)
core   0: 0x8000b2d0 (0x00002f17) auipc   t5, 0x2
core   0: 3 0x8000b2d0 (0x00002f17) x30 0x8000d2d0
core   0: 0x8000b2d4 (0xd23f2823) sw      gp, -720(t5)
core   0: 3 0x8000b2d4 (0xd23f2823) mem 0x8000d000 0x00000001
core   0: 0x8000b2d8 (0xff9ff06f) j       pc - 0x8
core   0: 3 0x8000b2d8 (0xff9ff06f)
core   0: 0x8000b2d0 (0x00002f17) auipc   t5, 0x2
core   0: 3 0x8000b2d0 (0x00002f17) x30 0x8000d2d0
core   0: 0x8000b2d4 (0xd23f2823) sw      gp, -720(t5)
core   0: 3 0x8000b2d4 (0xd23f2823) mem 0x8000d000 0x00000001
core   0: 0x8000b2d8 (0xff9ff06f) j       pc - 0x8
core   0: 3 0x8000b2d8 (0xff9ff06f)
core   0: 0x8000b2d0 (0x00002f17) auipc   t5, 0x2
core   0: 3 0x8000b2d0 (0x00002f17) x30 0x8000d2d0
core   0: 0x8000b2d4 (0xd23f2823) sw      gp, -720(t5)
core   0: 3 0x8000b2d4 (0xd23f2823) mem 0x8000d000 0x00000001
core   0: 0x8000b2d8 (0xff9ff06f) j       pc - 0x8
core   0: 3 0x8000b2d8 (0xff9ff06f)
core   0: 0x8000b2d0 (0x00002f17) auipc   t5, 0x2
core   0: 3 0x8000b2d0 (0x00002f17) x30 0x8000d2d0
core   0: 0x8000b2d4 (0xd23f2823) sw      gp, -720(t5)
core   0: 3 0x8000b2d4 (0xd23f2823) mem 0x8000d000 0x00000001
core   0: 0x8000b2d8 (0xff9ff06f) j       pc - 0x8
core   0: 3 0x8000b2d8 (0xff9ff06f)
core   0: 0x8000b2d0 (0x00002f17) auipc   t5, 0x2
core   0: 3 0x8000b2d0 (0x00002f17) x30 0x8000d2d0
core   0: 0x8000b2d4 (0xd23f2823) sw      gp, -720(t5)
core   0: 3 0x8000b2d4 (0xd23f2823) mem 0x8000d000 0x00000001
core   0: 0x8000b2d8 (0xff9ff06f) j       pc - 0x8
core   0: 3 0x8000b2d8 (0xff9ff06f)
core   0: 0x8000b2d0 (0x00002f17) auipc   t5, 0x2
core   0: 3 0x8000b2d0 (0x00002f17) x30 0x8000d2d0
core   0: 0x8000b2d4 (0xd23f2823) sw      gp, -720(t5)
core   0: 3 0x8000b2d4 (0xd23f2823) mem 0x8000d000 0x00000001
core   0: 0x8000b2d8 (0xff9ff06f) j       pc - 0x8
core   0: 3 0x8000b2d8 (0xff9ff06f)
core   0: 0x8000b2d0 (0x00002f17) auipc   t5, 0x2
core   0: 3 0x8000b2d0 (0x00002f17) x30 0x8000d2d0
core   0: 0x8000b2d4 (0xd23f2823) sw      gp, -720(t5)
core   0: 3 0x8000b2d4 (0xd23f2823) mem 0x8000d000 0x00000001
core   0: 0x8000b2d8 (0xff9ff06f) j       pc - 0x8
core   0: 3 0x8000b2d8 (0xff9ff06f)
core   0: 0x8000b2d0 (0x00002f17) auipc   t5, 0x2
core   0: 3 0x8000b2d0 (0x00002f17) x30 0x8000d2d0
core   0: 0x8000b2d4 (0xd23f2823) sw      gp, -720(t5)
core   0: 3 0x8000b2d4 (0xd23f2823) mem 0x8000d000 0x00000001
core   0: 0x8000b2d8 (0xff9ff06f) j       pc - 0x8
core   0: 3 0x8000b2d8 (0xff9ff06f)
core   0: 0x8000b2d0 (0x00002f17) auipc   t5, 0x2
core   0: 3 0x8000b2d0 (0x00002f17) x30 0x8000d2d0
core   0: 0x8000b2d4 (0xd23f2823) sw      gp, -720(t5)
core   0: 3 0x8000b2d4 (0xd23f2823) mem 0x8000d000 0x00000001
core   0: 0x8000b2d8 (0xff9ff06f) j       pc - 0x8
core   0: 3 0x8000b2d8 (0xff9ff06f)
core   0: 0x8000b2d0 (0x00002f17) auipc   t5, 0x2
core   0: 3 0x8000b2d0 (0x00002f17) x30 0x8000d2d0
core   0: 0x8000b2d4 (0xd23f2823) sw      gp, -720(t5)
core   0: 3 0x8000b2d4 (0xd23f2823) mem 0x8000d000 0x00000001
core   0: 0x8000b2d8 (0xff9ff06f) j       pc - 0x8
core   0: 3 0x8000b2d8 (0xff9ff06f)
core   0: 0x8000b2d0 (0x00002f17) auipc   t5, 0x2
core   0: 3 0x8000b2d0 (0x00002f17) x30 0x8000d2d0
core   0: 0x8000b2d4 (0xd23f2823) sw      gp, -720(t5)
core   0: 3 0x8000b2d4 (0xd23f2823) mem 0x8000d000 0x00000001
core   0: 0x8000b2d8 (0xff9ff06f) j       pc - 0x8
core   0: 3 0x8000b2d8 (0xff9ff06f)
core   0: 0x8000b2d0 (0x00002f17) auipc   t5, 0x2
core   0: 3 0x8000b2d0 (0x00002f17) x30 0x8000d2d0
core   0: 0x8000b2d4 (0xd23f2823) sw      gp, -720(t5)
core   0: 3 0x8000b2d4 (0xd23f2823) mem 0x8000d000 0x00000001
core   0: 0x8000b2d8 (0xff9ff06f) j       pc - 0x8
core   0: 3 0x8000b2d8 (0xff9ff06f)
core   0: 0x8000b2d0 (0x00002f17) auipc   t5, 0x2
core   0: 3 0x8000b2d0 (0x00002f17) x30 0x8000d2d0
core   0: 0x8000b2d4 (0xd23f2823) sw      gp, -720(t5)
core   0: 3 0x8000b2d4 (0xd23f2823) mem 0x8000d000 0x00000001
core   0: 0x8000b2d8 (0xff9ff06f) j       pc - 0x8
core   0: 3 0x8000b2d8 (0xff9ff06f)
core   0: 0x8000b2d0 (0x00002f17) auipc   t5, 0x2
core   0: 3 0x8000b2d0 (0x00002f17) x30 0x8000d2d0
core   0: 0x8000b2d4 (0xd23f2823) sw      gp, -720(t5)
core   0: 3 0x8000b2d4 (0xd23f2823) mem 0x8000d000 0x00000001
core   0: 0x8000b2d8 (0xff9ff06f) j       pc - 0x8
core   0: 3 0x8000b2d8 (0xff9ff06f)
core   0: 0x8000b2d0 (0x00002f17) auipc   t5, 0x2
core   0: 3 0x8000b2d0 (0x00002f17) x30 0x8000d2d0
core   0: 0x8000b2d4 (0xd23f2823) sw      gp, -720(t5)
core   0: 3 0x8000b2d4 (0xd23f2823) mem 0x8000d000 0x00000001
core   0: 0x8000b2d8 (0xff9ff06f) j       pc - 0x8
core   0: 3 0x8000b2d8 (0xff9ff06f)
core   0: 0x8000b2d0 (0x00002f17) auipc   t5, 0x2
core   0: 3 0x8000b2d0 (0x00002f17) x30 0x8000d2d0
core   0: 0x8000b2d4 (0xd23f2823) sw      gp, -720(t5)
core   0: 3 0x8000b2d4 (0xd23f2823) mem 0x8000d000 0x00000001
core   0: 0x8000b2d8 (0xff9ff06f) j       pc - 0x8
core   0: 3 0x8000b2d8 (0xff9ff06f)
core   0: 0x8000b2d0 (0x00002f17) auipc   t5, 0x2
core   0: 3 0x8000b2d0 (0x00002f17) x30 0x8000d2d0
core   0: 0x8000b2d4 (0xd23f2823) sw      gp, -720(t5)
core   0: 3 0x8000b2d4 (0xd23f2823) mem 0x8000d000 0x00000001
core   0: 0x8000b2d8 (0xff9ff06f) j       pc - 0x8
core   0: 3 0x8000b2d8 (0xff9ff06f)
core   0: 0x8000b2d0 (0x00002f17) auipc   t5, 0x2
core   0: 3 0x8000b2d0 (0x00002f17) x30 0x8000d2d0
core   0: 0x8000b2d4 (0xd23f2823) sw      gp, -720(t5)
core   0: 3 0x8000b2d4 (0xd23f2823) mem 0x8000d000 0x00000001
core   0: 0x8000b2d8 (0xff9ff06f) j       pc - 0x8
core   0: 3 0x8000b2d8 (0xff9ff06f)
core   0: 0x8000b2d0 (0x00002f17) auipc   t5, 0x2
core   0: 3 0x8000b2d0 (0x00002f17) x30 0x8000d2d0
core   0: 0x8000b2d4 (0xd23f2823) sw      gp, -720(t5)
core   0: 3 0x8000b2d4 (0xd23f2823) mem 0x8000d000 0x00000001
core   0: 0x8000b2d8 (0xff9ff06f) j       pc - 0x8
core   0: 3 0x8000b2d8 (0xff9ff06f)
core   0: 0x8000b2d0 (0x00002f17) auipc   t5, 0x2
core   0: 3 0x8000b2d0 (0x00002f17) x30 0x8000d2d0
core   0: 0x8000b2d4 (0xd23f2823) sw      gp, -720(t5)
core   0: 3 0x8000b2d4 (0xd23f2823) mem 0x8000d000 0x00000001
core   0: 0x8000b2d8 (0xff9ff06f) j       pc - 0x8
core   0: 3 0x8000b2d8 (0xff9ff06f)
core   0: 0x8000b2d0 (0x00002f17) auipc   t5, 0x2
core   0: 3 0x8000b2d0 (0x00002f17) x30 0x8000d2d0
core   0: 0x8000b2d4 (0xd23f2823) sw      gp, -720(t5)
core   0: 3 0x8000b2d4 (0xd23f2823) mem 0x8000d000 0x00000001
core   0: 0x8000b2d8 (0xff9ff06f) j       pc - 0x8
core   0: 3 0x8000b2d8 (0xff9ff06f)
core   0: 0x8000b2d0 (0x00002f17) auipc   t5, 0x2
core   0: 3 0x8000b2d0 (0x00002f17) x30 0x8000d2d0
core   0: 0x8000b2d4 (0xd23f2823) sw      gp, -720(t5)
core   0: 3 0x8000b2d4 (0xd23f2823) mem 0x8000d000 0x00000001
core   0: 0x8000b2d8 (0xff9ff06f) j       pc - 0x8
core   0: 3 0x8000b2d8 (0xff9ff06f)
core   0: 0x8000b2d0 (0x00002f17) auipc   t5, 0x2
core   0: 3 0x8000b2d0 (0x00002f17) x30 0x8000d2d0
core   0: 0x8000b2d4 (0xd23f2823) sw      gp, -720(t5)
core   0: 3 0x8000b2d4 (0xd23f2823) mem 0x8000d000 0x00000001
core   0: 0x8000b2d8 (0xff9ff06f) j       pc - 0x8
core   0: 3 0x8000b2d8 (0xff9ff06f)
core   0: 0x8000b2d0 (0x00002f17) auipc   t5, 0x2
core   0: 3 0x8000b2d0 (0x00002f17) x30 0x8000d2d0
core   0: 0x8000b2d4 (0xd23f2823) sw      gp, -720(t5)
core   0: 3 0x8000b2d4 (0xd23f2823) mem 0x8000d000 0x00000001
core   0: 0x8000b2d8 (0xff9ff06f) j       pc - 0x8
core   0: 3 0x8000b2d8 (0xff9ff06f)
core   0: 0x8000b2d0 (0x00002f17) auipc   t5, 0x2
core   0: 3 0x8000b2d0 (0x00002f17) x30 0x8000d2d0
core   0: 0x8000b2d4 (0xd23f2823) sw      gp, -720(t5)
core   0: 3 0x8000b2d4 (0xd23f2823) mem 0x8000d000 0x00000001
core   0: 0x8000b2d8 (0xff9ff06f) j       pc - 0x8
core   0: 3 0x8000b2d8 (0xff9ff06f)
core   0: 0x8000b2d0 (0x00002f17) auipc   t5, 0x2
core   0: 3 0x8000b2d0 (0x00002f17) x30 0x8000d2d0
core   0: 0x8000b2d4 (0xd23f2823) sw      gp, -720(t5)
core   0: 3 0x8000b2d4 (0xd23f2823) mem 0x8000d000 0x00000001
core   0: 0x8000b2d8 (0xff9ff06f) j       pc - 0x8
core   0: 3 0x8000b2d8 (0xff9ff06f)
core   0: 0x8000b2d0 (0x00002f17) auipc   t5, 0x2
core   0: 3 0x8000b2d0 (0x00002f17) x30 0x8000d2d0
core   0: 0x8000b2d4 (0xd23f2823) sw      gp, -720(t5)
core   0: 3 0x8000b2d4 (0xd23f2823) mem 0x8000d000 0x00000001
core   0: 0x8000b2d8 (0xff9ff06f) j       pc - 0x8
core   0: 3 0x8000b2d8 (0xff9ff06f)
core   0: 0x8000b2d0 (0x00002f17) auipc   t5, 0x2
core   0: 3 0x8000b2d0 (0x00002f17) x30 0x8000d2d0
core   0: 0x8000b2d4 (0xd23f2823) sw      gp, -720(t5)
core   0: 3 0x8000b2d4 (0xd23f2823) mem 0x8000d000 0x00000001
core   0: 0x8000b2d8 (0xff9ff06f) j       pc - 0x8
core   0: 3 0x8000b2d8 (0xff9ff06f)
core   0: 0x8000b2d0 (0x00002f17) auipc   t5, 0x2
core   0: 3 0x8000b2d0 (0x00002f17) x30 0x8000d2d0
core   0: 0x8000b2d4 (0xd23f2823) sw      gp, -720(t5)
core   0: 3 0x8000b2d4 (0xd23f2823) mem 0x8000d000 0x00000001
core   0: 0x8000b2d8 (0xff9ff06f) j       pc - 0x8
core   0: 3 0x8000b2d8 (0xff9ff06f)
core   0: 0x8000b2d0 (0x00002f17) auipc   t5, 0x2
core   0: 3 0x8000b2d0 (0x00002f17) x30 0x8000d2d0
core   0: 0x8000b2d4 (0xd23f2823) sw      gp, -720(t5)
core   0: 3 0x8000b2d4 (0xd23f2823) mem 0x8000d000 0x00000001
core   0: 0x8000b2d8 (0xff9ff06f) j       pc - 0x8
core   0: 3 0x8000b2d8 (0xff9ff06f)
core   0: 0x8000b2d0 (0x00002f17) auipc   t5, 0x2
core   0: 3 0x8000b2d0 (0x00002f17) x30 0x8000d2d0
core   0: 0x8000b2d4 (0xd23f2823) sw      gp, -720(t5)
core   0: 3 0x8000b2d4 (0xd23f2823) mem 0x8000d000 0x00000001
core   0: 0x8000b2d8 (0xff9ff06f) j       pc - 0x8
core   0: 3 0x8000b2d8 (0xff9ff06f)
core   0: 0x8000b2d0 (0x00002f17) auipc   t5, 0x2
core   0: 3 0x8000b2d0 (0x00002f17) x30 0x8000d2d0
core   0: 0x8000b2d4 (0xd23f2823) sw      gp, -720(t5)
core   0: 3 0x8000b2d4 (0xd23f2823) mem 0x8000d000 0x00000001
core   0: 0x8000b2d8 (0xff9ff06f) j       pc - 0x8
core   0: 3 0x8000b2d8 (0xff9ff06f)
core   0: 0x8000b2d0 (0x00002f17) auipc   t5, 0x2
core   0: 3 0x8000b2d0 (0x00002f17) x30 0x8000d2d0
core   0: 0x8000b2d4 (0xd23f2823) sw      gp, -720(t5)
core   0: 3 0x8000b2d4 (0xd23f2823) mem 0x8000d000 0x00000001
core   0: 0x8000b2d8 (0xff9ff06f) j       pc - 0x8
core   0: 3 0x8000b2d8 (0xff9ff06f)
core   0: 0x8000b2d0 (0x00002f17) auipc   t5, 0x2
core   0: 3 0x8000b2d0 (0x00002f17) x30 0x8000d2d0
core   0: 0x8000b2d4 (0xd23f2823) sw      gp, -720(t5)
core   0: 3 0x8000b2d4 (0xd23f2823) mem 0x8000d000 0x00000001
core   0: 0x8000b2d8 (0xff9ff06f) j       pc - 0x8
core   0: 3 0x8000b2d8 (0xff9ff06f)
core   0: 0x8000b2d0 (0x00002f17) auipc   t5, 0x2
core   0: 3 0x8000b2d0 (0x00002f17) x30 0x8000d2d0
core   0: 0x8000b2d4 (0xd23f2823) sw      gp, -720(t5)
core   0: 3 0x8000b2d4 (0xd23f2823) mem 0x8000d000 0x00000001
core   0: 0x8000b2d8 (0xff9ff06f) j       pc - 0x8
core   0: 3 0x8000b2d8 (0xff9ff06f)
core   0: 0x8000b2d0 (0x00002f17) auipc   t5, 0x2
core   0: 3 0x8000b2d0 (0x00002f17) x30 0x8000d2d0
core   0: 0x8000b2d4 (0xd23f2823) sw      gp, -720(t5)
core   0: 3 0x8000b2d4 (0xd23f2823) mem 0x8000d000 0x00000001
core   0: 0x8000b2d8 (0xff9ff06f) j       pc - 0x8
core   0: 3 0x8000b2d8 (0xff9ff06f)
core   0: 0x8000b2d0 (0x00002f17) auipc   t5, 0x2
core   0: 3 0x8000b2d0 (0x00002f17) x30 0x8000d2d0
core   0: 0x8000b2d4 (0xd23f2823) sw      gp, -720(t5)
core   0: 3 0x8000b2d4 (0xd23f2823) mem 0x8000d000 0x00000001
core   0: 0x8000b2d8 (0xff9ff06f) j       pc - 0x8
core   0: 3 0x8000b2d8 (0xff9ff06f)
core   0: 0x8000b2d0 (0x00002f17) auipc   t5, 0x2
core   0: 3 0x8000b2d0 (0x00002f17) x30 0x8000d2d0
core   0: 0x8000b2d4 (0xd23f2823) sw      gp, -720(t5)
core   0: 3 0x8000b2d4 (0xd23f2823) mem 0x8000d000 0x00000001
core   0: 0x8000b2d8 (0xff9ff06f) j       pc - 0x8
core   0: 3 0x8000b2d8 (0xff9ff06f)
core   0: 0x8000b2d0 (0x00002f17) auipc   t5, 0x2
core   0: 3 0x8000b2d0 (0x00002f17) x30 0x8000d2d0
core   0: 0x8000b2d4 (0xd23f2823) sw      gp, -720(t5)
core   0: 3 0x8000b2d4 (0xd23f2823) mem 0x8000d000 0x00000001
core   0: 0x8000b2d8 (0xff9ff06f) j       pc - 0x8
core   0: 3 0x8000b2d8 (0xff9ff06f)
core   0: 0x8000b2d0 (0x00002f17) auipc   t5, 0x2
core   0: 3 0x8000b2d0 (0x00002f17) x30 0x8000d2d0
core   0: 0x8000b2d4 (0xd23f2823) sw      gp, -720(t5)
core   0: 3 0x8000b2d4 (0xd23f2823) mem 0x8000d000 0x00000001
core   0: 0x8000b2d8 (0xff9ff06f) j       pc - 0x8
core   0: 3 0x8000b2d8 (0xff9ff06f)
core   0: 0x8000b2d0 (0x00002f17) auipc   t5, 0x2
core   0: 3 0x8000b2d0 (0x00002f17) x30 0x8000d2d0
core   0: 0x8000b2d4 (0xd23f2823) sw      gp, -720(t5)
core   0: 3 0x8000b2d4 (0xd23f2823) mem 0x8000d000 0x00000001
core   0: 0x8000b2d8 (0xff9ff06f) j       pc - 0x8
core   0: 3 0x8000b2d8 (0xff9ff06f)
core   0: 0x8000b2d0 (0x00002f17) auipc   t5, 0x2
core   0: 3 0x8000b2d0 (0x00002f17) x30 0x8000d2d0
core   0: 0x8000b2d4 (0xd23f2823) sw      gp, -720(t5)
core   0: 3 0x8000b2d4 (0xd23f2823) mem 0x8000d000 0x00000001
core   0: 0x8000b2d8 (0xff9ff06f) j       pc - 0x8
core   0: 3 0x8000b2d8 (0xff9ff06f)
core   0: 0x8000b2d0 (0x00002f17) auipc   t5, 0x2
core   0: 3 0x8000b2d0 (0x00002f17) x30 0x8000d2d0
core   0: 0x8000b2d4 (0xd23f2823) sw      gp, -720(t5)
core   0: 3 0x8000b2d4 (0xd23f2823) mem 0x8000d000 0x00000001
core   0: 0x8000b2d8 (0xff9ff06f) j       pc - 0x8
core   0: 3 0x8000b2d8 (0xff9ff06f)
core   0: 0x8000b2d0 (0x00002f17) auipc   t5, 0x2
core   0: 3 0x8000b2d0 (0x00002f17) x30 0x8000d2d0
core   0: 0x8000b2d4 (0xd23f2823) sw      gp, -720(t5)
core   0: 3 0x8000b2d4 (0xd23f2823) mem 0x8000d000 0x00000001
core   0: 0x8000b2d8 (0xff9ff06f) j       pc - 0x8
core   0: 3 0x8000b2d8 (0xff9ff06f)
core   0: 0x8000b2d0 (0x00002f17) auipc   t5, 0x2
core   0: 3 0x8000b2d0 (0x00002f17) x30 0x8000d2d0
core   0: 0x8000b2d4 (0xd23f2823) sw      gp, -720(t5)
core   0: 3 0x8000b2d4 (0xd23f2823) mem 0x8000d000 0x00000001
core   0: 0x8000b2d8 (0xff9ff06f) j       pc - 0x8
core   0: 3 0x8000b2d8 (0xff9ff06f)
core   0: 0x8000b2d0 (0x00002f17) auipc   t5, 0x2
core   0: 3 0x8000b2d0 (0x00002f17) x30 0x8000d2d0
core   0: 0x8000b2d4 (0xd23f2823) sw      gp, -720(t5)
core   0: 3 0x8000b2d4 (0xd23f2823) mem 0x8000d000 0x00000001
core   0: 0x8000b2d8 (0xff9ff06f) j       pc - 0x8
core   0: 3 0x8000b2d8 (0xff9ff06f)
core   0: 0x8000b2d0 (0x00002f17) auipc   t5, 0x2
core   0: 3 0x8000b2d0 (0x00002f17) x30 0x8000d2d0
core   0: 0x8000b2d4 (0xd23f2823) sw      gp, -720(t5)
core   0: 3 0x8000b2d4 (0xd23f2823) mem 0x8000d000 0x00000001
core   0: 0x8000b2d8 (0xff9ff06f) j       pc - 0x8
core   0: 3 0x8000b2d8 (0xff9ff06f)
core   0: 0x8000b2d0 (0x00002f17) auipc   t5, 0x2
core   0: 3 0x8000b2d0 (0x00002f17) x30 0x8000d2d0
core   0: 0x8000b2d4 (0xd23f2823) sw      gp, -720(t5)
core   0: 3 0x8000b2d4 (0xd23f2823) mem 0x8000d000 0x00000001
core   0: 0x8000b2d8 (0xff9ff06f) j       pc - 0x8
core   0: 3 0x8000b2d8 (0xff9ff06f)
core   0: 0x8000b2d0 (0x00002f17) auipc   t5, 0x2
core   0: 3 0x8000b2d0 (0x00002f17) x30 0x8000d2d0
core   0: 0x8000b2d4 (0xd23f2823) sw      gp, -720(t5)
core   0: 3 0x8000b2d4 (0xd23f2823) mem 0x8000d000 0x00000001
core   0: 0x8000b2d8 (0xff9ff06f) j       pc - 0x8
core   0: 3 0x8000b2d8 (0xff9ff06f)
core   0: 0x8000b2d0 (0x00002f17) auipc   t5, 0x2
core   0: 3 0x8000b2d0 (0x00002f17) x30 0x8000d2d0
core   0: 0x8000b2d4 (0xd23f2823) sw      gp, -720(t5)
core   0: 3 0x8000b2d4 (0xd23f2823) mem 0x8000d000 0x00000001
core   0: 0x8000b2d8 (0xff9ff06f) j       pc - 0x8
core   0: 3 0x8000b2d8 (0xff9ff06f)
core   0: 0x8000b2d0 (0x00002f17) auipc   t5, 0x2
core   0: 3 0x8000b2d0 (0x00002f17) x30 0x8000d2d0
core   0: 0x8000b2d4 (0xd23f2823) sw      gp, -720(t5)
core   0: 3 0x8000b2d4 (0xd23f2823) mem 0x8000d000 0x00000001
core   0: 0x8000b2d8 (0xff9ff06f) j       pc - 0x8
core   0: 3 0x8000b2d8 (0xff9ff06f)
core   0: 0x8000b2d0 (0x00002f17) auipc   t5, 0x2
core   0: 3 0x8000b2d0 (0x00002f17) x30 0x8000d2d0
core   0: 0x8000b2d4 (0xd23f2823) sw      gp, -720(t5)
core   0: 3 0x8000b2d4 (0xd23f2823) mem 0x8000d000 0x00000001
core   0: 0x8000b2d8 (0xff9ff06f) j       pc - 0x8
core   0: 3 0x8000b2d8 (0xff9ff06f)
core   0: 0x8000b2d0 (0x00002f17) auipc   t5, 0x2
core   0: 3 0x8000b2d0 (0x00002f17) x30 0x8000d2d0
core   0: 0x8000b2d4 (0xd23f2823) sw      gp, -720(t5)
core   0: 3 0x8000b2d4 (0xd23f2823) mem 0x8000d000 0x00000001
core   0: 0x8000b2d8 (0xff9ff06f) j       pc - 0x8
core   0: 3 0x8000b2d8 (0xff9ff06f)
core   0: 0x8000b2d0 (0x00002f17) auipc   t5, 0x2
core   0: 3 0x8000b2d0 (0x00002f17) x30 0x8000d2d0
core   0: 0x8000b2d4 (0xd23f2823) sw      gp, -720(t5)
core   0: 3 0x8000b2d4 (0xd23f2823) mem 0x8000d000 0x00000001
core   0: 0x8000b2d8 (0xff9ff06f) j       pc - 0x8
core   0: 3 0x8000b2d8 (0xff9ff06f)
core   0: 0x8000b2d0 (0x00002f17) auipc   t5, 0x2
core   0: 3 0x8000b2d0 (0x00002f17) x30 0x8000d2d0
core   0: 0x8000b2d4 (0xd23f2823) sw      gp, -720(t5)
core   0: 3 0x8000b2d4 (0xd23f2823) mem 0x8000d000 0x00000001
core   0: 0x8000b2d8 (0xff9ff06f) j       pc - 0x8
core   0: 3 0x8000b2d8 (0xff9ff06f)
core   0: 0x8000b2d0 (0x00002f17) auipc   t5, 0x2
core   0: 3 0x8000b2d0 (0x00002f17) x30 0x8000d2d0
core   0: 0x8000b2d4 (0xd23f2823) sw      gp, -720(t5)
core   0: 3 0x8000b2d4 (0xd23f2823) mem 0x8000d000 0x00000001
core   0: 0x8000b2d8 (0xff9ff06f) j       pc - 0x8
core   0: 3 0x8000b2d8 (0xff9ff06f)
core   0: 0x8000b2d0 (0x00002f17) auipc   t5, 0x2
core   0: 3 0x8000b2d0 (0x00002f17) x30 0x8000d2d0
core   0: 0x8000b2d4 (0xd23f2823) sw      gp, -720(t5)
core   0: 3 0x8000b2d4 (0xd23f2823) mem 0x8000d000 0x00000001
core   0: 0x8000b2d8 (0xff9ff06f) j       pc - 0x8
core   0: 3 0x8000b2d8 (0xff9ff06f)
core   0: 0x8000b2d0 (0x00002f17) auipc   t5, 0x2
core   0: 3 0x8000b2d0 (0x00002f17) x30 0x8000d2d0
core   0: 0x8000b2d4 (0xd23f2823) sw      gp, -720(t5)
core   0: 3 0x8000b2d4 (0xd23f2823) mem 0x8000d000 0x00000001
core   0: 0x8000b2d8 (0xff9ff06f) j       pc - 0x8
core   0: 3 0x8000b2d8 (0xff9ff06f)
core   0: 0x8000b2d0 (0x00002f17) auipc   t5, 0x2
core   0: 3 0x8000b2d0 (0x00002f17) x30 0x8000d2d0
core   0: 0x8000b2d4 (0xd23f2823) sw      gp, -720(t5)
core   0: 3 0x8000b2d4 (0xd23f2823) mem 0x8000d000 0x00000001
core   0: 0x8000b2d8 (0xff9ff06f) j       pc - 0x8
core   0: 3 0x8000b2d8 (0xff9ff06f)
core   0: 0x8000b2d0 (0x00002f17) auipc   t5, 0x2
core   0: 3 0x8000b2d0 (0x00002f17) x30 0x8000d2d0
core   0: 0x8000b2d4 (0xd23f2823) sw      gp, -720(t5)
core   0: 3 0x8000b2d4 (0xd23f2823) mem 0x8000d000 0x00000001
core   0: 0x8000b2d8 (0xff9ff06f) j       pc - 0x8
core   0: 3 0x8000b2d8 (0xff9ff06f)
core   0: 0x8000b2d0 (0x00002f17) auipc   t5, 0x2
core   0: 3 0x8000b2d0 (0x00002f17) x30 0x8000d2d0
core   0: 0x8000b2d4 (0xd23f2823) sw      gp, -720(t5)
core   0: 3 0x8000b2d4 (0xd23f2823) mem 0x8000d000 0x00000001
core   0: 0x8000b2d8 (0xff9ff06f) j       pc - 0x8
core   0: 3 0x8000b2d8 (0xff9ff06f)
core   0: 0x8000b2d0 (0x00002f17) auipc   t5, 0x2
core   0: 3 0x8000b2d0 (0x00002f17) x30 0x8000d2d0
core   0: 0x8000b2d4 (0xd23f2823) sw      gp, -720(t5)
core   0: 3 0x8000b2d4 (0xd23f2823) mem 0x8000d000 0x00000001
core   0: 0x8000b2d8 (0xff9ff06f) j       pc - 0x8
core   0: 3 0x8000b2d8 (0xff9ff06f)
core   0: 0x8000b2d0 (0x00002f17) auipc   t5, 0x2
core   0: 3 0x8000b2d0 (0x00002f17) x30 0x8000d2d0
core   0: 0x8000b2d4 (0xd23f2823) sw      gp, -720(t5)
core   0: 3 0x8000b2d4 (0xd23f2823) mem 0x8000d000 0x00000001
core   0: 0x8000b2d8 (0xff9ff06f) j       pc - 0x8
core   0: 3 0x8000b2d8 (0xff9ff06f)
core   0: 0x8000b2d0 (0x00002f17) auipc   t5, 0x2
core   0: 3 0x8000b2d0 (0x00002f17) x30 0x8000d2d0
core   0: 0x8000b2d4 (0xd23f2823) sw      gp, -720(t5)
core   0: 3 0x8000b2d4 (0xd23f2823) mem 0x8000d000 0x00000001
core   0: 0x8000b2d8 (0xff9ff06f) j       pc - 0x8
core   0: 3 0x8000b2d8 (0xff9ff06f)
core   0: 0x8000b2d0 (0x00002f17) auipc   t5, 0x2
core   0: 3 0x8000b2d0 (0x00002f17) x30 0x8000d2d0
core   0: 0x8000b2d4 (0xd23f2823) sw      gp, -720(t5)
core   0: 3 0x8000b2d4 (0xd23f2823) mem 0x8000d000 0x00000001
core   0: 0x8000b2d8 (0xff9ff06f) j       pc - 0x8
core   0: 3 0x8000b2d8 (0xff9ff06f)
core   0: 0x8000b2d0 (0x00002f17) auipc   t5, 0x2
core   0: 3 0x8000b2d0 (0x00002f17) x30 0x8000d2d0
core   0: 0x8000b2d4 (0xd23f2823) sw      gp, -720(t5)
core   0: 3 0x8000b2d4 (0xd23f2823) mem 0x8000d000 0x00000001
core   0: 0x8000b2d8 (0xff9ff06f) j       pc - 0x8
core   0: 3 0x8000b2d8 (0xff9ff06f)
core   0: 0x8000b2d0 (0x00002f17) auipc   t5, 0x2
core   0: 3 0x8000b2d0 (0x00002f17) x30 0x8000d2d0
core   0: 0x8000b2d4 (0xd23f2823) sw      gp, -720(t5)
core   0: 3 0x8000b2d4 (0xd23f2823) mem 0x8000d000 0x00000001
core   0: 0x8000b2d8 (0xff9ff06f) j       pc - 0x8
core   0: 3 0x8000b2d8 (0xff9ff06f)
core   0: 0x8000b2d0 (0x00002f17) auipc   t5, 0x2
core   0: 3 0x8000b2d0 (0x00002f17) x30 0x8000d2d0
core   0: 0x8000b2d4 (0xd23f2823) sw      gp, -720(t5)
core   0: 3 0x8000b2d4 (0xd23f2823) mem 0x8000d000 0x00000001
core   0: 0x8000b2d8 (0xff9ff06f) j       pc - 0x8
core   0: 3 0x8000b2d8 (0xff9ff06f)
core   0: 0x8000b2d0 (0x00002f17) auipc   t5, 0x2
core   0: 3 0x8000b2d0 (0x00002f17) x30 0x8000d2d0
core   0: 0x8000b2d4 (0xd23f2823) sw      gp, -720(t5)
core   0: 3 0x8000b2d4 (0xd23f2823) mem 0x8000d000 0x00000001
core   0: 0x8000b2d8 (0xff9ff06f) j       pc - 0x8
core   0: 3 0x8000b2d8 (0xff9ff06f)
core   0: 0x8000b2d0 (0x00002f17) auipc   t5, 0x2
core   0: 3 0x8000b2d0 (0x00002f17) x30 0x8000d2d0
core   0: 0x8000b2d4 (0xd23f2823) sw      gp, -720(t5)
core   0: 3 0x8000b2d4 (0xd23f2823) mem 0x8000d000 0x00000001
core   0: 0x8000b2d8 (0xff9ff06f) j       pc - 0x8
core   0: 3 0x8000b2d8 (0xff9ff06f)
core   0: 0x8000b2d0 (0x00002f17) auipc   t5, 0x2
core   0: 3 0x8000b2d0 (0x00002f17) x30 0x8000d2d0
core   0: 0x8000b2d4 (0xd23f2823) sw      gp, -720(t5)
core   0: 3 0x8000b2d4 (0xd23f2823) mem 0x8000d000 0x00000001
core   0: 0x8000b2d8 (0xff9ff06f) j       pc - 0x8
core   0: 3 0x8000b2d8 (0xff9ff06f)
core   0: 0x8000b2d0 (0x00002f17) auipc   t5, 0x2
core   0: 3 0x8000b2d0 (0x00002f17) x30 0x8000d2d0
core   0: 0x8000b2d4 (0xd23f2823) sw      gp, -720(t5)
core   0: 3 0x8000b2d4 (0xd23f2823) mem 0x8000d000 0x00000001
core   0: 0x8000b2d8 (0xff9ff06f) j       pc - 0x8
core   0: 3 0x8000b2d8 (0xff9ff06f)
core   0: 0x8000b2d0 (0x00002f17) auipc   t5, 0x2
core   0: 3 0x8000b2d0 (0x00002f17) x30 0x8000d2d0
core   0: 0x8000b2d4 (0xd23f2823) sw      gp, -720(t5)
core   0: 3 0x8000b2d4 (0xd23f2823) mem 0x8000d000 0x00000001
core   0: 0x8000b2d8 (0xff9ff06f) j       pc - 0x8
core   0: 3 0x8000b2d8 (0xff9ff06f)
core   0: 0x8000b2d0 (0x00002f17) auipc   t5, 0x2
core   0: 3 0x8000b2d0 (0x00002f17) x30 0x8000d2d0
core   0: 0x8000b2d4 (0xd23f2823) sw      gp, -720(t5)
core   0: 3 0x8000b2d4 (0xd23f2823) mem 0x8000d000 0x00000001
core   0: 0x8000b2d8 (0xff9ff06f) j       pc - 0x8
core   0: 3 0x8000b2d8 (0xff9ff06f)
core   0: 0x8000b2d0 (0x00002f17) auipc   t5, 0x2
core   0: 3 0x8000b2d0 (0x00002f17) x30 0x8000d2d0
core   0: 0x8000b2d4 (0xd23f2823) sw      gp, -720(t5)
core   0: 3 0x8000b2d4 (0xd23f2823) mem 0x8000d000 0x00000001
core   0: 0x8000b2d8 (0xff9ff06f) j       pc - 0x8
core   0: 3 0x8000b2d8 (0xff9ff06f)
core   0: 0x8000b2d0 (0x00002f17) auipc   t5, 0x2
core   0: 3 0x8000b2d0 (0x00002f17) x30 0x8000d2d0
core   0: 0x8000b2d4 (0xd23f2823) sw      gp, -720(t5)
core   0: 3 0x8000b2d4 (0xd23f2823) mem 0x8000d000 0x00000001
core   0: 0x8000b2d8 (0xff9ff06f) j       pc - 0x8
core   0: 3 0x8000b2d8 (0xff9ff06f)
core   0: 0x8000b2d0 (0x00002f17) auipc   t5, 0x2
core   0: 3 0x8000b2d0 (0x00002f17) x30 0x8000d2d0
core   0: 0x8000b2d4 (0xd23f2823) sw      gp, -720(t5)
core   0: 3 0x8000b2d4 (0xd23f2823) mem 0x8000d000 0x00000001
core   0: 0x8000b2d8 (0xff9ff06f) j       pc - 0x8
core   0: 3 0x8000b2d8 (0xff9ff06f)
core   0: 0x8000b2d0 (0x00002f17) auipc   t5, 0x2
core   0: 3 0x8000b2d0 (0x00002f17) x30 0x8000d2d0
core   0: 0x8000b2d4 (0xd23f2823) sw      gp, -720(t5)
core   0: 3 0x8000b2d4 (0xd23f2823) mem 0x8000d000 0x00000001
core   0: 0x8000b2d8 (0xff9ff06f) j       pc - 0x8
core   0: 3 0x8000b2d8 (0xff9ff06f)
core   0: 0x8000b2d0 (0x00002f17) auipc   t5, 0x2
core   0: 3 0x8000b2d0 (0x00002f17) x30 0x8000d2d0
core   0: 0x8000b2d4 (0xd23f2823) sw      gp, -720(t5)
core   0: 3 0x8000b2d4 (0xd23f2823) mem 0x8000d000 0x00000001
core   0: 0x8000b2d8 (0xff9ff06f) j       pc - 0x8
core   0: 3 0x8000b2d8 (0xff9ff06f)
core   0: 0x8000b2d0 (0x00002f17) auipc   t5, 0x2
core   0: 3 0x8000b2d0 (0x00002f17) x30 0x8000d2d0
core   0: 0x8000b2d4 (0xd23f2823) sw      gp, -720(t5)
core   0: 3 0x8000b2d4 (0xd23f2823) mem 0x8000d000 0x00000001
core   0: 0x8000b2d8 (0xff9ff06f) j       pc - 0x8
core   0: 3 0x8000b2d8 (0xff9ff06f)
core   0: 0x8000b2d0 (0x00002f17) auipc   t5, 0x2
core   0: 3 0x8000b2d0 (0x00002f17) x30 0x8000d2d0
core   0: 0x8000b2d4 (0xd23f2823) sw      gp, -720(t5)
core   0: 3 0x8000b2d4 (0xd23f2823) mem 0x8000d000 0x00000001
core   0: 0x8000b2d8 (0xff9ff06f) j       pc - 0x8
core   0: 3 0x8000b2d8 (0xff9ff06f)
core   0: 0x8000b2d0 (0x00002f17) auipc   t5, 0x2
core   0: 3 0x8000b2d0 (0x00002f17) x30 0x8000d2d0
core   0: 0x8000b2d4 (0xd23f2823) sw      gp, -720(t5)
core   0: 3 0x8000b2d4 (0xd23f2823) mem 0x8000d000 0x00000001
core   0: 0x8000b2d8 (0xff9ff06f) j       pc - 0x8
core   0: 3 0x8000b2d8 (0xff9ff06f)
core   0: 0x8000b2d0 (0x00002f17) auipc   t5, 0x2
core   0: 3 0x8000b2d0 (0x00002f17) x30 0x8000d2d0
core   0: 0x8000b2d4 (0xd23f2823) sw      gp, -720(t5)
core   0: 3 0x8000b2d4 (0xd23f2823) mem 0x8000d000 0x00000001
core   0: 0x8000b2d8 (0xff9ff06f) j       pc - 0x8
core   0: 3 0x8000b2d8 (0xff9ff06f)
core   0: 0x8000b2d0 (0x00002f17) auipc   t5, 0x2
core   0: 3 0x8000b2d0 (0x00002f17) x30 0x8000d2d0
core   0: 0x8000b2d4 (0xd23f2823) sw      gp, -720(t5)
core   0: 3 0x8000b2d4 (0xd23f2823) mem 0x8000d000 0x00000001
core   0: 0x8000b2d8 (0xff9ff06f) j       pc - 0x8
core   0: 3 0x8000b2d8 (0xff9ff06f)
core   0: 0x8000b2d0 (0x00002f17) auipc   t5, 0x2
core   0: 3 0x8000b2d0 (0x00002f17) x30 0x8000d2d0
core   0: 0x8000b2d4 (0xd23f2823) sw      gp, -720(t5)
core   0: 3 0x8000b2d4 (0xd23f2823) mem 0x8000d000 0x00000001
core   0: 0x8000b2d8 (0xff9ff06f) j       pc - 0x8
core   0: 3 0x8000b2d8 (0xff9ff06f)
core   0: 0x8000b2d0 (0x00002f17) auipc   t5, 0x2
core   0: 3 0x8000b2d0 (0x00002f17) x30 0x8000d2d0
core   0: 0x8000b2d4 (0xd23f2823) sw      gp, -720(t5)
core   0: 3 0x8000b2d4 (0xd23f2823) mem 0x8000d000 0x00000001
core   0: 0x8000b2d8 (0xff9ff06f) j       pc - 0x8
core   0: 3 0x8000b2d8 (0xff9ff06f)
core   0: 0x8000b2d0 (0x00002f17) auipc   t5, 0x2
core   0: 3 0x8000b2d0 (0x00002f17) x30 0x8000d2d0
core   0: 0x8000b2d4 (0xd23f2823) sw      gp, -720(t5)
core   0: 3 0x8000b2d4 (0xd23f2823) mem 0x8000d000 0x00000001
core   0: 0x8000b2d8 (0xff9ff06f) j       pc - 0x8
core   0: 3 0x8000b2d8 (0xff9ff06f)
core   0: 0x8000b2d0 (0x00002f17) auipc   t5, 0x2
core   0: 3 0x8000b2d0 (0x00002f17) x30 0x8000d2d0
core   0: 0x8000b2d4 (0xd23f2823) sw      gp, -720(t5)
core   0: 3 0x8000b2d4 (0xd23f2823) mem 0x8000d000 0x00000001
core   0: 0x8000b2d8 (0xff9ff06f) j       pc - 0x8
core   0: 3 0x8000b2d8 (0xff9ff06f)
core   0: 0x8000b2d0 (0x00002f17) auipc   t5, 0x2
core   0: 3 0x8000b2d0 (0x00002f17) x30 0x8000d2d0
core   0: 0x8000b2d4 (0xd23f2823) sw      gp, -720(t5)
core   0: 3 0x8000b2d4 (0xd23f2823) mem 0x8000d000 0x00000001
core   0: 0x8000b2d8 (0xff9ff06f) j       pc - 0x8
core   0: 3 0x8000b2d8 (0xff9ff06f)
core   0: 0x8000b2d0 (0x00002f17) auipc   t5, 0x2
core   0: 3 0x8000b2d0 (0x00002f17) x30 0x8000d2d0
core   0: 0x8000b2d4 (0xd23f2823) sw      gp, -720(t5)
core   0: 3 0x8000b2d4 (0xd23f2823) mem 0x8000d000 0x00000001
core   0: 0x8000b2d8 (0xff9ff06f) j       pc - 0x8
core   0: 3 0x8000b2d8 (0xff9ff06f)
core   0: 0x8000b2d0 (0x00002f17) auipc   t5, 0x2
core   0: 3 0x8000b2d0 (0x00002f17) x30 0x8000d2d0
core   0: 0x8000b2d4 (0xd23f2823) sw      gp, -720(t5)
core   0: 3 0x8000b2d4 (0xd23f2823) mem 0x8000d000 0x00000001
core   0: 0x8000b2d8 (0xff9ff06f) j       pc - 0x8
core   0: 3 0x8000b2d8 (0xff9ff06f)
core   0: 0x8000b2d0 (0x00002f17) auipc   t5, 0x2
core   0: 3 0x8000b2d0 (0x00002f17) x30 0x8000d2d0
core   0: 0x8000b2d4 (0xd23f2823) sw      gp, -720(t5)
core   0: 3 0x8000b2d4 (0xd23f2823) mem 0x8000d000 0x00000001
core   0: 0x8000b2d8 (0xff9ff06f) j       pc - 0x8
core   0: 3 0x8000b2d8 (0xff9ff06f)
core   0: 0x8000b2d0 (0x00002f17) auipc   t5, 0x2
core   0: 3 0x8000b2d0 (0x00002f17) x30 0x8000d2d0
core   0: 0x8000b2d4 (0xd23f2823) sw      gp, -720(t5)
core   0: 3 0x8000b2d4 (0xd23f2823) mem 0x8000d000 0x00000001
core   0: 0x8000b2d8 (0xff9ff06f) j       pc - 0x8
core   0: 3 0x8000b2d8 (0xff9ff06f)
core   0: 0x8000b2d0 (0x00002f17) auipc   t5, 0x2
core   0: 3 0x8000b2d0 (0x00002f17) x30 0x8000d2d0
core   0: 0x8000b2d4 (0xd23f2823) sw      gp, -720(t5)
core   0: 3 0x8000b2d4 (0xd23f2823) mem 0x8000d000 0x00000001
core   0: 0x8000b2d8 (0xff9ff06f) j       pc - 0x8
core   0: 3 0x8000b2d8 (0xff9ff06f)
core   0: 0x8000b2d0 (0x00002f17) auipc   t5, 0x2
core   0: 3 0x8000b2d0 (0x00002f17) x30 0x8000d2d0
core   0: 0x8000b2d4 (0xd23f2823) sw      gp, -720(t5)
core   0: 3 0x8000b2d4 (0xd23f2823) mem 0x8000d000 0x00000001
core   0: 0x8000b2d8 (0xff9ff06f) j       pc - 0x8
core   0: 3 0x8000b2d8 (0xff9ff06f)
core   0: 0x8000b2d0 (0x00002f17) auipc   t5, 0x2
core   0: 3 0x8000b2d0 (0x00002f17) x30 0x8000d2d0
core   0: 0x8000b2d4 (0xd23f2823) sw      gp, -720(t5)
core   0: 3 0x8000b2d4 (0xd23f2823) mem 0x8000d000 0x00000001
core   0: 0x8000b2d8 (0xff9ff06f) j       pc - 0x8
core   0: 3 0x8000b2d8 (0xff9ff06f)
core   0: 0x8000b2d0 (0x00002f17) auipc   t5, 0x2
core   0: 3 0x8000b2d0 (0x00002f17) x30 0x8000d2d0
core   0: 0x8000b2d4 (0xd23f2823) sw      gp, -720(t5)
core   0: 3 0x8000b2d4 (0xd23f2823) mem 0x8000d000 0x00000001
core   0: 0x8000b2d8 (0xff9ff06f) j       pc - 0x8
core   0: 3 0x8000b2d8 (0xff9ff06f)
core   0: 0x8000b2d0 (0x00002f17) auipc   t5, 0x2
core   0: 3 0x8000b2d0 (0x00002f17) x30 0x8000d2d0
core   0: 0x8000b2d4 (0xd23f2823) sw      gp, -720(t5)
core   0: 3 0x8000b2d4 (0xd23f2823) mem 0x8000d000 0x00000001
core   0: 0x8000b2d8 (0xff9ff06f) j       pc - 0x8
core   0: 3 0x8000b2d8 (0xff9ff06f)
core   0: 0x8000b2d0 (0x00002f17) auipc   t5, 0x2
core   0: 3 0x8000b2d0 (0x00002f17) x30 0x8000d2d0
core   0: 0x8000b2d4 (0xd23f2823) sw      gp, -720(t5)
core   0: 3 0x8000b2d4 (0xd23f2823) mem 0x8000d000 0x00000001
core   0: 0x8000b2d8 (0xff9ff06f) j       pc - 0x8
core   0: 3 0x8000b2d8 (0xff9ff06f)
core   0: 0x8000b2d0 (0x00002f17) auipc   t5, 0x2
core   0: 3 0x8000b2d0 (0x00002f17) x30 0x8000d2d0
core   0: 0x8000b2d4 (0xd23f2823) sw      gp, -720(t5)
core   0: 3 0x8000b2d4 (0xd23f2823) mem 0x8000d000 0x00000001
core   0: 0x8000b2d8 (0xff9ff06f) j       pc - 0x8
core   0: 3 0x8000b2d8 (0xff9ff06f)
core   0: 0x8000b2d0 (0x00002f17) auipc   t5, 0x2
core   0: 3 0x8000b2d0 (0x00002f17) x30 0x8000d2d0
core   0: 0x8000b2d4 (0xd23f2823) sw      gp, -720(t5)
core   0: 3 0x8000b2d4 (0xd23f2823) mem 0x8000d000 0x00000001
core   0: 0x8000b2d8 (0xff9ff06f) j       pc - 0x8
core   0: 3 0x8000b2d8 (0xff9ff06f)
core   0: 0x8000b2d0 (0x00002f17) auipc   t5, 0x2
core   0: 3 0x8000b2d0 (0x00002f17) x30 0x8000d2d0
core   0: 0x8000b2d4 (0xd23f2823) sw      gp, -720(t5)
core   0: 3 0x8000b2d4 (0xd23f2823) mem 0x8000d000 0x00000001
core   0: 0x8000b2d8 (0xff9ff06f) j       pc - 0x8
core   0: 3 0x8000b2d8 (0xff9ff06f)
core   0: 0x8000b2d0 (0x00002f17) auipc   t5, 0x2
core   0: 3 0x8000b2d0 (0x00002f17) x30 0x8000d2d0
core   0: 0x8000b2d4 (0xd23f2823) sw      gp, -720(t5)
core   0: 3 0x8000b2d4 (0xd23f2823) mem 0x8000d000 0x00000001
core   0: 0x8000b2d8 (0xff9ff06f) j       pc - 0x8
core   0: 3 0x8000b2d8 (0xff9ff06f)
core   0: 0x8000b2d0 (0x00002f17) auipc   t5, 0x2
core   0: 3 0x8000b2d0 (0x00002f17) x30 0x8000d2d0
core   0: 0x8000b2d4 (0xd23f2823) sw      gp, -720(t5)
core   0: 3 0x8000b2d4 (0xd23f2823) mem 0x8000d000 0x00000001
core   0: 0x8000b2d8 (0xff9ff06f) j       pc - 0x8
core   0: 3 0x8000b2d8 (0xff9ff06f)
core   0: 0x8000b2d0 (0x00002f17) auipc   t5, 0x2
core   0: 3 0x8000b2d0 (0x00002f17) x30 0x8000d2d0
core   0: 0x8000b2d4 (0xd23f2823) sw      gp, -720(t5)
core   0: 3 0x8000b2d4 (0xd23f2823) mem 0x8000d000 0x00000001
core   0: 0x8000b2d8 (0xff9ff06f) j       pc - 0x8
core   0: 3 0x8000b2d8 (0xff9ff06f)
core   0: 0x8000b2d0 (0x00002f17) auipc   t5, 0x2
core   0: 3 0x8000b2d0 (0x00002f17) x30 0x8000d2d0
core   0: 0x8000b2d4 (0xd23f2823) sw      gp, -720(t5)
core   0: 3 0x8000b2d4 (0xd23f2823) mem 0x8000d000 0x00000001
core   0: 0x8000b2d8 (0xff9ff06f) j       pc - 0x8
core   0: 3 0x8000b2d8 (0xff9ff06f)
core   0: 0x8000b2d0 (0x00002f17) auipc   t5, 0x2
core   0: 3 0x8000b2d0 (0x00002f17) x30 0x8000d2d0
core   0: 0x8000b2d4 (0xd23f2823) sw      gp, -720(t5)
core   0: 3 0x8000b2d4 (0xd23f2823) mem 0x8000d000 0x00000001
core   0: 0x8000b2d8 (0xff9ff06f) j       pc - 0x8
core   0: 3 0x8000b2d8 (0xff9ff06f)
core   0: 0x8000b2d0 (0x00002f17) auipc   t5, 0x2
core   0: 3 0x8000b2d0 (0x00002f17) x30 0x8000d2d0
core   0: 0x8000b2d4 (0xd23f2823) sw      gp, -720(t5)
core   0: 3 0x8000b2d4 (0xd23f2823) mem 0x8000d000 0x00000001
core   0: 0x8000b2d8 (0xff9ff06f) j       pc - 0x8
core   0: 3 0x8000b2d8 (0xff9ff06f)
core   0: 0x8000b2d0 (0x00002f17) auipc   t5, 0x2
core   0: 3 0x8000b2d0 (0x00002f17) x30 0x8000d2d0
core   0: 0x8000b2d4 (0xd23f2823) sw      gp, -720(t5)
core   0: 3 0x8000b2d4 (0xd23f2823) mem 0x8000d000 0x00000001
core   0: 0x8000b2d8 (0xff9ff06f) j       pc - 0x8
core   0: 3 0x8000b2d8 (0xff9ff06f)
core   0: 0x8000b2d0 (0x00002f17) auipc   t5, 0x2
core   0: 3 0x8000b2d0 (0x00002f17) x30 0x8000d2d0
core   0: 0x8000b2d4 (0xd23f2823) sw      gp, -720(t5)
core   0: 3 0x8000b2d4 (0xd23f2823) mem 0x8000d000 0x00000001
core   0: 0x8000b2d8 (0xff9ff06f) j       pc - 0x8
core   0: 3 0x8000b2d8 (0xff9ff06f)
core   0: 0x8000b2d0 (0x00002f17) auipc   t5, 0x2
core   0: 3 0x8000b2d0 (0x00002f17) x30 0x8000d2d0
core   0: 0x8000b2d4 (0xd23f2823) sw      gp, -720(t5)
core   0: 3 0x8000b2d4 (0xd23f2823) mem 0x8000d000 0x00000001
core   0: 0x8000b2d8 (0xff9ff06f) j       pc - 0x8
core   0: 3 0x8000b2d8 (0xff9ff06f)
core   0: 0x8000b2d0 (0x00002f17) auipc   t5, 0x2
core   0: 3 0x8000b2d0 (0x00002f17) x30 0x8000d2d0
core   0: 0x8000b2d4 (0xd23f2823) sw      gp, -720(t5)
core   0: 3 0x8000b2d4 (0xd23f2823) mem 0x8000d000 0x00000001
core   0: 0x8000b2d8 (0xff9ff06f) j       pc - 0x8
core   0: 3 0x8000b2d8 (0xff9ff06f)
core   0: 0x8000b2d0 (0x00002f17) auipc   t5, 0x2
core   0: 3 0x8000b2d0 (0x00002f17) x30 0x8000d2d0
core   0: 0x8000b2d4 (0xd23f2823) sw      gp, -720(t5)
core   0: 3 0x8000b2d4 (0xd23f2823) mem 0x8000d000 0x00000001
core   0: 0x8000b2d8 (0xff9ff06f) j       pc - 0x8
core   0: 3 0x8000b2d8 (0xff9ff06f)
core   0: 0x8000b2d0 (0x00002f17) auipc   t5, 0x2
core   0: 3 0x8000b2d0 (0x00002f17) x30 0x8000d2d0
core   0: 0x8000b2d4 (0xd23f2823) sw      gp, -720(t5)
core   0: 3 0x8000b2d4 (0xd23f2823) mem 0x8000d000 0x00000001
core   0: 0x8000b2d8 (0xff9ff06f) j       pc - 0x8
core   0: 3 0x8000b2d8 (0xff9ff06f)
core   0: 0x8000b2d0 (0x00002f17) auipc   t5, 0x2
core   0: 3 0x8000b2d0 (0x00002f17) x30 0x8000d2d0
core   0: 0x8000b2d4 (0xd23f2823) sw      gp, -720(t5)
core   0: 3 0x8000b2d4 (0xd23f2823) mem 0x8000d000 0x00000001
core   0: 0x8000b2d8 (0xff9ff06f) j       pc - 0x8
core   0: 3 0x8000b2d8 (0xff9ff06f)
core   0: 0x8000b2d0 (0x00002f17) auipc   t5, 0x2
core   0: 3 0x8000b2d0 (0x00002f17) x30 0x8000d2d0
core   0: 0x8000b2d4 (0xd23f2823) sw      gp, -720(t5)
core   0: 3 0x8000b2d4 (0xd23f2823) mem 0x8000d000 0x00000001
core   0: 0x8000b2d8 (0xff9ff06f) j       pc - 0x8
core   0: 3 0x8000b2d8 (0xff9ff06f)
core   0: 0x8000b2d0 (0x00002f17) auipc   t5, 0x2
core   0: 3 0x8000b2d0 (0x00002f17) x30 0x8000d2d0
core   0: 0x8000b2d4 (0xd23f2823) sw      gp, -720(t5)
core   0: 3 0x8000b2d4 (0xd23f2823) mem 0x8000d000 0x00000001
core   0: 0x8000b2d8 (0xff9ff06f) j       pc - 0x8
core   0: 3 0x8000b2d8 (0xff9ff06f)
core   0: 0x8000b2d0 (0x00002f17) auipc   t5, 0x2
core   0: 3 0x8000b2d0 (0x00002f17) x30 0x8000d2d0
core   0: 0x8000b2d4 (0xd23f2823) sw      gp, -720(t5)
core   0: 3 0x8000b2d4 (0xd23f2823) mem 0x8000d000 0x00000001
core   0: 0x8000b2d8 (0xff9ff06f) j       pc - 0x8
core   0: 3 0x8000b2d8 (0xff9ff06f)
core   0: 0x8000b2d0 (0x00002f17) auipc   t5, 0x2
core   0: 3 0x8000b2d0 (0x00002f17) x30 0x8000d2d0
core   0: 0x8000b2d4 (0xd23f2823) sw      gp, -720(t5)
core   0: 3 0x8000b2d4 (0xd23f2823) mem 0x8000d000 0x00000001
core   0: 0x8000b2d8 (0xff9ff06f) j       pc - 0x8
core   0: 3 0x8000b2d8 (0xff9ff06f)
core   0: 0x8000b2d0 (0x00002f17) auipc   t5, 0x2
core   0: 3 0x8000b2d0 (0x00002f17) x30 0x8000d2d0
core   0: 0x8000b2d4 (0xd23f2823) sw      gp, -720(t5)
core   0: 3 0x8000b2d4 (0xd23f2823) mem 0x8000d000 0x00000001
core   0: 0x8000b2d8 (0xff9ff06f) j       pc - 0x8
core   0: 3 0x8000b2d8 (0xff9ff06f)
core   0: 0x8000b2d0 (0x00002f17) auipc   t5, 0x2
core   0: 3 0x8000b2d0 (0x00002f17) x30 0x8000d2d0
core   0: 0x8000b2d4 (0xd23f2823) sw      gp, -720(t5)
core   0: 3 0x8000b2d4 (0xd23f2823) mem 0x8000d000 0x00000001
core   0: 0x8000b2d8 (0xff9ff06f) j       pc - 0x8
core   0: 3 0x8000b2d8 (0xff9ff06f)
core   0: 0x8000b2d0 (0x00002f17) auipc   t5, 0x2
core   0: 3 0x8000b2d0 (0x00002f17) x30 0x8000d2d0
core   0: 0x8000b2d4 (0xd23f2823) sw      gp, -720(t5)
core   0: 3 0x8000b2d4 (0xd23f2823) mem 0x8000d000 0x00000001
core   0: 0x8000b2d8 (0xff9ff06f) j       pc - 0x8
core   0: 3 0x8000b2d8 (0xff9ff06f)
core   0: 0x8000b2d0 (0x00002f17) auipc   t5, 0x2
core   0: 3 0x8000b2d0 (0x00002f17) x30 0x8000d2d0
core   0: 0x8000b2d4 (0xd23f2823) sw      gp, -720(t5)
core   0: 3 0x8000b2d4 (0xd23f2823) mem 0x8000d000 0x00000001
core   0: 0x8000b2d8 (0xff9ff06f) j       pc - 0x8
core   0: 3 0x8000b2d8 (0xff9ff06f)
core   0: 0x8000b2d0 (0x00002f17) auipc   t5, 0x2
core   0: 3 0x8000b2d0 (0x00002f17) x30 0x8000d2d0
core   0: 0x8000b2d4 (0xd23f2823) sw      gp, -720(t5)
core   0: 3 0x8000b2d4 (0xd23f2823) mem 0x8000d000 0x00000001
core   0: 0x8000b2d8 (0xff9ff06f) j       pc - 0x8
core   0: 3 0x8000b2d8 (0xff9ff06f)
core   0: 0x8000b2d0 (0x00002f17) auipc   t5, 0x2
core   0: 3 0x8000b2d0 (0x00002f17) x30 0x8000d2d0
core   0: 0x8000b2d4 (0xd23f2823) sw      gp, -720(t5)
core   0: 3 0x8000b2d4 (0xd23f2823) mem 0x8000d000 0x00000001
core   0: 0x8000b2d8 (0xff9ff06f) j       pc - 0x8
core   0: 3 0x8000b2d8 (0xff9ff06f)
core   0: 0x8000b2d0 (0x00002f17) auipc   t5, 0x2
core   0: 3 0x8000b2d0 (0x00002f17) x30 0x8000d2d0
core   0: 0x8000b2d4 (0xd23f2823) sw      gp, -720(t5)
core   0: 3 0x8000b2d4 (0xd23f2823) mem 0x8000d000 0x00000001
core   0: 0x8000b2d8 (0xff9ff06f) j       pc - 0x8
core   0: 3 0x8000b2d8 (0xff9ff06f)
core   0: 0x8000b2d0 (0x00002f17) auipc   t5, 0x2
core   0: 3 0x8000b2d0 (0x00002f17) x30 0x8000d2d0
core   0: 0x8000b2d4 (0xd23f2823) sw      gp, -720(t5)
core   0: 3 0x8000b2d4 (0xd23f2823) mem 0x8000d000 0x00000001
core   0: 0x8000b2d8 (0xff9ff06f) j       pc - 0x8
core   0: 3 0x8000b2d8 (0xff9ff06f)
core   0: 0x8000b2d0 (0x00002f17) auipc   t5, 0x2
core   0: 3 0x8000b2d0 (0x00002f17) x30 0x8000d2d0
core   0: 0x8000b2d4 (0xd23f2823) sw      gp, -720(t5)
core   0: 3 0x8000b2d4 (0xd23f2823) mem 0x8000d000 0x00000001
core   0: 0x8000b2d8 (0xff9ff06f) j       pc - 0x8
core   0: 3 0x8000b2d8 (0xff9ff06f)
core   0: 0x8000b2d0 (0x00002f17) auipc   t5, 0x2
core   0: 3 0x8000b2d0 (0x00002f17) x30 0x8000d2d0
core   0: 0x8000b2d4 (0xd23f2823) sw      gp, -720(t5)
core   0: 3 0x8000b2d4 (0xd23f2823) mem 0x8000d000 0x00000001
core   0: 0x8000b2d8 (0xff9ff06f) j       pc - 0x8
core   0: 3 0x8000b2d8 (0xff9ff06f)
core   0: 0x8000b2d0 (0x00002f17) auipc   t5, 0x2
core   0: 3 0x8000b2d0 (0x00002f17) x30 0x8000d2d0
core   0: 0x8000b2d4 (0xd23f2823) sw      gp, -720(t5)
core   0: 3 0x8000b2d4 (0xd23f2823) mem 0x8000d000 0x00000001
core   0: 0x8000b2d8 (0xff9ff06f) j       pc - 0x8
core   0: 3 0x8000b2d8 (0xff9ff06f)
core   0: 0x8000b2d0 (0x00002f17) auipc   t5, 0x2
core   0: 3 0x8000b2d0 (0x00002f17) x30 0x8000d2d0
core   0: 0x8000b2d4 (0xd23f2823) sw      gp, -720(t5)
core   0: 3 0x8000b2d4 (0xd23f2823) mem 0x8000d000 0x00000001
core   0: 0x8000b2d8 (0xff9ff06f) j       pc - 0x8
core   0: 3 0x8000b2d8 (0xff9ff06f)
core   0: 0x8000b2d0 (0x00002f17) auipc   t5, 0x2
core   0: 3 0x8000b2d0 (0x00002f17) x30 0x8000d2d0
core   0: 0x8000b2d4 (0xd23f2823) sw      gp, -720(t5)
core   0: 3 0x8000b2d4 (0xd23f2823) mem 0x8000d000 0x00000001
core   0: 0x8000b2d8 (0xff9ff06f) j       pc - 0x8
core   0: 3 0x8000b2d8 (0xff9ff06f)
core   0: 0x8000b2d0 (0x00002f17) auipc   t5, 0x2
core   0: 3 0x8000b2d0 (0x00002f17) x30 0x8000d2d0
core   0: 0x8000b2d4 (0xd23f2823) sw      gp, -720(t5)
core   0: 3 0x8000b2d4 (0xd23f2823) mem 0x8000d000 0x00000001
core   0: 0x8000b2d8 (0xff9ff06f) j       pc - 0x8
core   0: 3 0x8000b2d8 (0xff9ff06f)
core   0: 0x8000b2d0 (0x00002f17) auipc   t5, 0x2
core   0: 3 0x8000b2d0 (0x00002f17) x30 0x8000d2d0
core   0: 0x8000b2d4 (0xd23f2823) sw      gp, -720(t5)
core   0: 3 0x8000b2d4 (0xd23f2823) mem 0x8000d000 0x00000001
core   0: 0x8000b2d8 (0xff9ff06f) j       pc - 0x8
core   0: 3 0x8000b2d8 (0xff9ff06f)
core   0: 0x8000b2d0 (0x00002f17) auipc   t5, 0x2
core   0: 3 0x8000b2d0 (0x00002f17) x30 0x8000d2d0
core   0: 0x8000b2d4 (0xd23f2823) sw      gp, -720(t5)
core   0: 3 0x8000b2d4 (0xd23f2823) mem 0x8000d000 0x00000001
core   0: 0x8000b2d8 (0xff9ff06f) j       pc - 0x8
core   0: 3 0x8000b2d8 (0xff9ff06f)
core   0: 0x8000b2d0 (0x00002f17) auipc   t5, 0x2
core   0: 3 0x8000b2d0 (0x00002f17) x30 0x8000d2d0
core   0: 0x8000b2d4 (0xd23f2823) sw      gp, -720(t5)
core   0: 3 0x8000b2d4 (0xd23f2823) mem 0x8000d000 0x00000001
core   0: 0x8000b2d8 (0xff9ff06f) j       pc - 0x8
core   0: 3 0x8000b2d8 (0xff9ff06f)
core   0: 0x8000b2d0 (0x00002f17) auipc   t5, 0x2
core   0: 3 0x8000b2d0 (0x00002f17) x30 0x8000d2d0
core   0: 0x8000b2d4 (0xd23f2823) sw      gp, -720(t5)
core   0: 3 0x8000b2d4 (0xd23f2823) mem 0x8000d000 0x00000001
core   0: 0x8000b2d8 (0xff9ff06f) j       pc - 0x8
core   0: 3 0x8000b2d8 (0xff9ff06f)
core   0: 0x8000b2d0 (0x00002f17) auipc   t5, 0x2
core   0: 3 0x8000b2d0 (0x00002f17) x30 0x8000d2d0
core   0: 0x8000b2d4 (0xd23f2823) sw      gp, -720(t5)
core   0: 3 0x8000b2d4 (0xd23f2823) mem 0x8000d000 0x00000001
core   0: 0x8000b2d8 (0xff9ff06f) j       pc - 0x8
core   0: 3 0x8000b2d8 (0xff9ff06f)
core   0: 0x8000b2d0 (0x00002f17) auipc   t5, 0x2
core   0: 3 0x8000b2d0 (0x00002f17) x30 0x8000d2d0
core   0: 0x8000b2d4 (0xd23f2823) sw      gp, -720(t5)
core   0: 3 0x8000b2d4 (0xd23f2823) mem 0x8000d000 0x00000001
core   0: 0x8000b2d8 (0xff9ff06f) j       pc - 0x8
core   0: 3 0x8000b2d8 (0xff9ff06f)
core   0: 0x8000b2d0 (0x00002f17) auipc   t5, 0x2
core   0: 3 0x8000b2d0 (0x00002f17) x30 0x8000d2d0
core   0: 0x8000b2d4 (0xd23f2823) sw      gp, -720(t5)
core   0: 3 0x8000b2d4 (0xd23f2823) mem 0x8000d000 0x00000001
core   0: 0x8000b2d8 (0xff9ff06f) j       pc - 0x8
core   0: 3 0x8000b2d8 (0xff9ff06f)
core   0: 0x8000b2d0 (0x00002f17) auipc   t5, 0x2
core   0: 3 0x8000b2d0 (0x00002f17) x30 0x8000d2d0
core   0: 0x8000b2d4 (0xd23f2823) sw      gp, -720(t5)
core   0: 3 0x8000b2d4 (0xd23f2823) mem 0x8000d000 0x00000001
core   0: 0x8000b2d8 (0xff9ff06f) j       pc - 0x8
core   0: 3 0x8000b2d8 (0xff9ff06f)
core   0: 0x8000b2d0 (0x00002f17) auipc   t5, 0x2
core   0: 3 0x8000b2d0 (0x00002f17) x30 0x8000d2d0
core   0: 0x8000b2d4 (0xd23f2823) sw      gp, -720(t5)
core   0: 3 0x8000b2d4 (0xd23f2823) mem 0x8000d000 0x00000001
core   0: 0x8000b2d8 (0xff9ff06f) j       pc - 0x8
core   0: 3 0x8000b2d8 (0xff9ff06f)
core   0: 0x8000b2d0 (0x00002f17) auipc   t5, 0x2
core   0: 3 0x8000b2d0 (0x00002f17) x30 0x8000d2d0
core   0: 0x8000b2d4 (0xd23f2823) sw      gp, -720(t5)
core   0: 3 0x8000b2d4 (0xd23f2823) mem 0x8000d000 0x00000001
core   0: 0x8000b2d8 (0xff9ff06f) j       pc - 0x8
core   0: 3 0x8000b2d8 (0xff9ff06f)
core   0: 0x8000b2d0 (0x00002f17) auipc   t5, 0x2
core   0: 3 0x8000b2d0 (0x00002f17) x30 0x8000d2d0
core   0: 0x8000b2d4 (0xd23f2823) sw      gp, -720(t5)
core   0: 3 0x8000b2d4 (0xd23f2823) mem 0x8000d000 0x00000001
core   0: 0x8000b2d8 (0xff9ff06f) j       pc - 0x8
core   0: 3 0x8000b2d8 (0xff9ff06f)
core   0: 0x8000b2d0 (0x00002f17) auipc   t5, 0x2
core   0: 3 0x8000b2d0 (0x00002f17) x30 0x8000d2d0
core   0: 0x8000b2d4 (0xd23f2823) sw      gp, -720(t5)
core   0: 3 0x8000b2d4 (0xd23f2823) mem 0x8000d000 0x00000001
core   0: 0x8000b2d8 (0xff9ff06f) j       pc - 0x8
core   0: 3 0x8000b2d8 (0xff9ff06f)
core   0: 0x8000b2d0 (0x00002f17) auipc   t5, 0x2
core   0: 3 0x8000b2d0 (0x00002f17) x30 0x8000d2d0
core   0: 0x8000b2d4 (0xd23f2823) sw      gp, -720(t5)
core   0: 3 0x8000b2d4 (0xd23f2823) mem 0x8000d000 0x00000001
core   0: 0x8000b2d8 (0xff9ff06f) j       pc - 0x8
core   0: 3 0x8000b2d8 (0xff9ff06f)
core   0: 0x8000b2d0 (0x00002f17) auipc   t5, 0x2
core   0: 3 0x8000b2d0 (0x00002f17) x30 0x8000d2d0
core   0: 0x8000b2d4 (0xd23f2823) sw      gp, -720(t5)
core   0: 3 0x8000b2d4 (0xd23f2823) mem 0x8000d000 0x00000001
core   0: 0x8000b2d8 (0xff9ff06f) j       pc - 0x8
core   0: 3 0x8000b2d8 (0xff9ff06f)
core   0: 0x8000b2d0 (0x00002f17) auipc   t5, 0x2
core   0: 3 0x8000b2d0 (0x00002f17) x30 0x8000d2d0
core   0: 0x8000b2d4 (0xd23f2823) sw      gp, -720(t5)
core   0: 3 0x8000b2d4 (0xd23f2823) mem 0x8000d000 0x00000001
core   0: 0x8000b2d8 (0xff9ff06f) j       pc - 0x8
core   0: 3 0x8000b2d8 (0xff9ff06f)
core   0: 0x8000b2d0 (0x00002f17) auipc   t5, 0x2
core   0: 3 0x8000b2d0 (0x00002f17) x30 0x8000d2d0
core   0: 0x8000b2d4 (0xd23f2823) sw      gp, -720(t5)
core   0: 3 0x8000b2d4 (0xd23f2823) mem 0x8000d000 0x00000001
core   0: 0x8000b2d8 (0xff9ff06f) j       pc - 0x8
core   0: 3 0x8000b2d8 (0xff9ff06f)
core   0: 0x8000b2d0 (0x00002f17) auipc   t5, 0x2
core   0: 3 0x8000b2d0 (0x00002f17) x30 0x8000d2d0
core   0: 0x8000b2d4 (0xd23f2823) sw      gp, -720(t5)
core   0: 3 0x8000b2d4 (0xd23f2823) mem 0x8000d000 0x00000001
core   0: 0x8000b2d8 (0xff9ff06f) j       pc - 0x8
core   0: 3 0x8000b2d8 (0xff9ff06f)
core   0: 0x8000b2d0 (0x00002f17) auipc   t5, 0x2
core   0: 3 0x8000b2d0 (0x00002f17) x30 0x8000d2d0
core   0: 0x8000b2d4 (0xd23f2823) sw      gp, -720(t5)
core   0: 3 0x8000b2d4 (0xd23f2823) mem 0x8000d000 0x00000001
core   0: 0x8000b2d8 (0xff9ff06f) j       pc - 0x8
core   0: 3 0x8000b2d8 (0xff9ff06f)
core   0: 0x8000b2d0 (0x00002f17) auipc   t5, 0x2
core   0: 3 0x8000b2d0 (0x00002f17) x30 0x8000d2d0
core   0: 0x8000b2d4 (0xd23f2823) sw      gp, -720(t5)
core   0: 3 0x8000b2d4 (0xd23f2823) mem 0x8000d000 0x00000001
core   0: 0x8000b2d8 (0xff9ff06f) j       pc - 0x8
core   0: 3 0x8000b2d8 (0xff9ff06f)
core   0: 0x8000b2d0 (0x00002f17) auipc   t5, 0x2
core   0: 3 0x8000b2d0 (0x00002f17) x30 0x8000d2d0
core   0: 0x8000b2d4 (0xd23f2823) sw      gp, -720(t5)
core   0: 3 0x8000b2d4 (0xd23f2823) mem 0x8000d000 0x00000001
core   0: 0x8000b2d8 (0xff9ff06f) j       pc - 0x8
core   0: 3 0x8000b2d8 (0xff9ff06f)
core   0: 0x8000b2d0 (0x00002f17) auipc   t5, 0x2
core   0: 3 0x8000b2d0 (0x00002f17) x30 0x8000d2d0
core   0: 0x8000b2d4 (0xd23f2823) sw      gp, -720(t5)
core   0: 3 0x8000b2d4 (0xd23f2823) mem 0x8000d000 0x00000001
core   0: 0x8000b2d8 (0xff9ff06f) j       pc - 0x8
core   0: 3 0x8000b2d8 (0xff9ff06f)
core   0: 0x8000b2d0 (0x00002f17) auipc   t5, 0x2
core   0: 3 0x8000b2d0 (0x00002f17) x30 0x8000d2d0
core   0: 0x8000b2d4 (0xd23f2823) sw      gp, -720(t5)
core   0: 3 0x8000b2d4 (0xd23f2823) mem 0x8000d000 0x00000001
core   0: 0x8000b2d8 (0xff9ff06f) j       pc - 0x8
core   0: 3 0x8000b2d8 (0xff9ff06f)
core   0: 0x8000b2d0 (0x00002f17) auipc   t5, 0x2
core   0: 3 0x8000b2d0 (0x00002f17) x30 0x8000d2d0
core   0: 0x8000b2d4 (0xd23f2823) sw      gp, -720(t5)
core   0: 3 0x8000b2d4 (0xd23f2823) mem 0x8000d000 0x00000001
core   0: 0x8000b2d8 (0xff9ff06f) j       pc - 0x8
core   0: 3 0x8000b2d8 (0xff9ff06f)
core   0: 0x8000b2d0 (0x00002f17) auipc   t5, 0x2
core   0: 3 0x8000b2d0 (0x00002f17) x30 0x8000d2d0
core   0: 0x8000b2d4 (0xd23f2823) sw      gp, -720(t5)
core   0: 3 0x8000b2d4 (0xd23f2823) mem 0x8000d000 0x00000001
core   0: 0x8000b2d8 (0xff9ff06f) j       pc - 0x8
core   0: 3 0x8000b2d8 (0xff9ff06f)
core   0: 0x8000b2d0 (0x00002f17) auipc   t5, 0x2
core   0: 3 0x8000b2d0 (0x00002f17) x30 0x8000d2d0
core   0: 0x8000b2d4 (0xd23f2823) sw      gp, -720(t5)
core   0: 3 0x8000b2d4 (0xd23f2823) mem 0x8000d000 0x00000001
core   0: 0x8000b2d8 (0xff9ff06f) j       pc - 0x8
core   0: 3 0x8000b2d8 (0xff9ff06f)
core   0: 0x8000b2d0 (0x00002f17) auipc   t5, 0x2
core   0: 3 0x8000b2d0 (0x00002f17) x30 0x8000d2d0
core   0: 0x8000b2d4 (0xd23f2823) sw      gp, -720(t5)
core   0: 3 0x8000b2d4 (0xd23f2823) mem 0x8000d000 0x00000001
core   0: 0x8000b2d8 (0xff9ff06f) j       pc - 0x8
core   0: 3 0x8000b2d8 (0xff9ff06f)
core   0: 0x8000b2d0 (0x00002f17) auipc   t5, 0x2
core   0: 3 0x8000b2d0 (0x00002f17) x30 0x8000d2d0
core   0: 0x8000b2d4 (0xd23f2823) sw      gp, -720(t5)
core   0: 3 0x8000b2d4 (0xd23f2823) mem 0x8000d000 0x00000001
core   0: 0x8000b2d8 (0xff9ff06f) j       pc - 0x8
core   0: 3 0x8000b2d8 (0xff9ff06f)
core   0: 0x8000b2d0 (0x00002f17) auipc   t5, 0x2
core   0: 3 0x8000b2d0 (0x00002f17) x30 0x8000d2d0
core   0: 0x8000b2d4 (0xd23f2823) sw      gp, -720(t5)
core   0: 3 0x8000b2d4 (0xd23f2823) mem 0x8000d000 0x00000001
core   0: 0x8000b2d8 (0xff9ff06f) j       pc - 0x8
core   0: 3 0x8000b2d8 (0xff9ff06f)
core   0: 0x8000b2d0 (0x00002f17) auipc   t5, 0x2
core   0: 3 0x8000b2d0 (0x00002f17) x30 0x8000d2d0
core   0: 0x8000b2d4 (0xd23f2823) sw      gp, -720(t5)
core   0: 3 0x8000b2d4 (0xd23f2823) mem 0x8000d000 0x00000001
core   0: 0x8000b2d8 (0xff9ff06f) j       pc - 0x8
core   0: 3 0x8000b2d8 (0xff9ff06f)
core   0: 0x8000b2d0 (0x00002f17) auipc   t5, 0x2
core   0: 3 0x8000b2d0 (0x00002f17) x30 0x8000d2d0
core   0: 0x8000b2d4 (0xd23f2823) sw      gp, -720(t5)
core   0: 3 0x8000b2d4 (0xd23f2823) mem 0x8000d000 0x00000001
core   0: 0x8000b2d8 (0xff9ff06f) j       pc - 0x8
core   0: 3 0x8000b2d8 (0xff9ff06f)
core   0: 0x8000b2d0 (0x00002f17) auipc   t5, 0x2
core   0: 3 0x8000b2d0 (0x00002f17) x30 0x8000d2d0
core   0: 0x8000b2d4 (0xd23f2823) sw      gp, -720(t5)
core   0: 3 0x8000b2d4 (0xd23f2823) mem 0x8000d000 0x00000001
core   0: 0x8000b2d8 (0xff9ff06f) j       pc - 0x8
core   0: 3 0x8000b2d8 (0xff9ff06f)
core   0: 0x8000b2d0 (0x00002f17) auipc   t5, 0x2
core   0: 3 0x8000b2d0 (0x00002f17) x30 0x8000d2d0
core   0: 0x8000b2d4 (0xd23f2823) sw      gp, -720(t5)
core   0: 3 0x8000b2d4 (0xd23f2823) mem 0x8000d000 0x00000001
core   0: 0x8000b2d8 (0xff9ff06f) j       pc - 0x8
core   0: 3 0x8000b2d8 (0xff9ff06f)
core   0: 0x8000b2d0 (0x00002f17) auipc   t5, 0x2
core   0: 3 0x8000b2d0 (0x00002f17) x30 0x8000d2d0
core   0: 0x8000b2d4 (0xd23f2823) sw      gp, -720(t5)
core   0: 3 0x8000b2d4 (0xd23f2823) mem 0x8000d000 0x00000001
core   0: 0x8000b2d8 (0xff9ff06f) j       pc - 0x8
core   0: 3 0x8000b2d8 (0xff9ff06f)
core   0: 0x8000b2d0 (0x00002f17) auipc   t5, 0x2
core   0: 3 0x8000b2d0 (0x00002f17) x30 0x8000d2d0
core   0: 0x8000b2d4 (0xd23f2823) sw      gp, -720(t5)
core   0: 3 0x8000b2d4 (0xd23f2823) mem 0x8000d000 0x00000001
core   0: 0x8000b2d8 (0xff9ff06f) j       pc - 0x8
core   0: 3 0x8000b2d8 (0xff9ff06f)
core   0: 0x8000b2d0 (0x00002f17) auipc   t5, 0x2
core   0: 3 0x8000b2d0 (0x00002f17) x30 0x8000d2d0
core   0: 0x8000b2d4 (0xd23f2823) sw      gp, -720(t5)
core   0: 3 0x8000b2d4 (0xd23f2823) mem 0x8000d000 0x00000001
core   0: 0x8000b2d8 (0xff9ff06f) j       pc - 0x8
core   0: 3 0x8000b2d8 (0xff9ff06f)
core   0: 0x8000b2d0 (0x00002f17) auipc   t5, 0x2
core   0: 3 0x8000b2d0 (0x00002f17) x30 0x8000d2d0
core   0: 0x8000b2d4 (0xd23f2823) sw      gp, -720(t5)
core   0: 3 0x8000b2d4 (0xd23f2823) mem 0x8000d000 0x00000001
core   0: 0x8000b2d8 (0xff9ff06f) j       pc - 0x8
core   0: 3 0x8000b2d8 (0xff9ff06f)
core   0: 0x8000b2d0 (0x00002f17) auipc   t5, 0x2
core   0: 3 0x8000b2d0 (0x00002f17) x30 0x8000d2d0
core   0: 0x8000b2d4 (0xd23f2823) sw      gp, -720(t5)
core   0: 3 0x8000b2d4 (0xd23f2823) mem 0x8000d000 0x00000001
core   0: 0x8000b2d8 (0xff9ff06f) j       pc - 0x8
core   0: 3 0x8000b2d8 (0xff9ff06f)
core   0: 0x8000b2d0 (0x00002f17) auipc   t5, 0x2
core   0: 3 0x8000b2d0 (0x00002f17) x30 0x8000d2d0
core   0: 0x8000b2d4 (0xd23f2823) sw      gp, -720(t5)
core   0: 3 0x8000b2d4 (0xd23f2823) mem 0x8000d000 0x00000001
core   0: 0x8000b2d8 (0xff9ff06f) j       pc - 0x8
core   0: 3 0x8000b2d8 (0xff9ff06f)
core   0: 0x8000b2d0 (0x00002f17) auipc   t5, 0x2
core   0: 3 0x8000b2d0 (0x00002f17) x30 0x8000d2d0
core   0: 0x8000b2d4 (0xd23f2823) sw      gp, -720(t5)
core   0: 3 0x8000b2d4 (0xd23f2823) mem 0x8000d000 0x00000001
core   0: 0x8000b2d8 (0xff9ff06f) j       pc - 0x8
core   0: 3 0x8000b2d8 (0xff9ff06f)
core   0: 0x8000b2d0 (0x00002f17) auipc   t5, 0x2
core   0: 3 0x8000b2d0 (0x00002f17) x30 0x8000d2d0
core   0: 0x8000b2d4 (0xd23f2823) sw      gp, -720(t5)
core   0: 3 0x8000b2d4 (0xd23f2823) mem 0x8000d000 0x00000001
core   0: 0x8000b2d8 (0xff9ff06f) j       pc - 0x8
core   0: 3 0x8000b2d8 (0xff9ff06f)
core   0: 0x8000b2d0 (0x00002f17) auipc   t5, 0x2
core   0: 3 0x8000b2d0 (0x00002f17) x30 0x8000d2d0
core   0: 0x8000b2d4 (0xd23f2823) sw      gp, -720(t5)
core   0: 3 0x8000b2d4 (0xd23f2823) mem 0x8000d000 0x00000001
core   0: 0x8000b2d8 (0xff9ff06f) j       pc - 0x8
core   0: 3 0x8000b2d8 (0xff9ff06f)
core   0: 0x8000b2d0 (0x00002f17) auipc   t5, 0x2
core   0: 3 0x8000b2d0 (0x00002f17) x30 0x8000d2d0
core   0: 0x8000b2d4 (0xd23f2823) sw      gp, -720(t5)
core   0: 3 0x8000b2d4 (0xd23f2823) mem 0x8000d000 0x00000001
core   0: 0x8000b2d8 (0xff9ff06f) j       pc - 0x8
core   0: 3 0x8000b2d8 (0xff9ff06f)
core   0: 0x8000b2d0 (0x00002f17) auipc   t5, 0x2
core   0: 3 0x8000b2d0 (0x00002f17) x30 0x8000d2d0
core   0: 0x8000b2d4 (0xd23f2823) sw      gp, -720(t5)
core   0: 3 0x8000b2d4 (0xd23f2823) mem 0x8000d000 0x00000001
core   0: 0x8000b2d8 (0xff9ff06f) j       pc - 0x8
core   0: 3 0x8000b2d8 (0xff9ff06f)
core   0: 0x8000b2d0 (0x00002f17) auipc   t5, 0x2
core   0: 3 0x8000b2d0 (0x00002f17) x30 0x8000d2d0
core   0: 0x8000b2d4 (0xd23f2823) sw      gp, -720(t5)
core   0: 3 0x8000b2d4 (0xd23f2823) mem 0x8000d000 0x00000001
core   0: 0x8000b2d8 (0xff9ff06f) j       pc - 0x8
core   0: 3 0x8000b2d8 (0xff9ff06f)
core   0: 0x8000b2d0 (0x00002f17) auipc   t5, 0x2
core   0: 3 0x8000b2d0 (0x00002f17) x30 0x8000d2d0
core   0: 0x8000b2d4 (0xd23f2823) sw      gp, -720(t5)
core   0: 3 0x8000b2d4 (0xd23f2823) mem 0x8000d000 0x00000001
core   0: 0x8000b2d8 (0xff9ff06f) j       pc - 0x8
core   0: 3 0x8000b2d8 (0xff9ff06f)
core   0: 0x8000b2d0 (0x00002f17) auipc   t5, 0x2
core   0: 3 0x8000b2d0 (0x00002f17) x30 0x8000d2d0
core   0: 0x8000b2d4 (0xd23f2823) sw      gp, -720(t5)
core   0: 3 0x8000b2d4 (0xd23f2823) mem 0x8000d000 0x00000001
core   0: 0x8000b2d8 (0xff9ff06f) j       pc - 0x8
core   0: 3 0x8000b2d8 (0xff9ff06f)
core   0: 0x8000b2d0 (0x00002f17) auipc   t5, 0x2
core   0: 3 0x8000b2d0 (0x00002f17) x30 0x8000d2d0
core   0: 0x8000b2d4 (0xd23f2823) sw      gp, -720(t5)
core   0: 3 0x8000b2d4 (0xd23f2823) mem 0x8000d000 0x00000001
core   0: 0x8000b2d8 (0xff9ff06f) j       pc - 0x8
core   0: 3 0x8000b2d8 (0xff9ff06f)
core   0: 0x8000b2d0 (0x00002f17) auipc   t5, 0x2
core   0: 3 0x8000b2d0 (0x00002f17) x30 0x8000d2d0
core   0: 0x8000b2d4 (0xd23f2823) sw      gp, -720(t5)
core   0: 3 0x8000b2d4 (0xd23f2823) mem 0x8000d000 0x00000001
core   0: 0x8000b2d8 (0xff9ff06f) j       pc - 0x8
core   0: 3 0x8000b2d8 (0xff9ff06f)
core   0: 0x8000b2d0 (0x00002f17) auipc   t5, 0x2
core   0: 3 0x8000b2d0 (0x00002f17) x30 0x8000d2d0
core   0: 0x8000b2d4 (0xd23f2823) sw      gp, -720(t5)
core   0: 3 0x8000b2d4 (0xd23f2823) mem 0x8000d000 0x00000001
core   0: 0x8000b2d8 (0xff9ff06f) j       pc - 0x8
core   0: 3 0x8000b2d8 (0xff9ff06f)
core   0: 0x8000b2d0 (0x00002f17) auipc   t5, 0x2
core   0: 3 0x8000b2d0 (0x00002f17) x30 0x8000d2d0
core   0: 0x8000b2d4 (0xd23f2823) sw      gp, -720(t5)
core   0: 3 0x8000b2d4 (0xd23f2823) mem 0x8000d000 0x00000001
core   0: 0x8000b2d8 (0xff9ff06f) j       pc - 0x8
core   0: 3 0x8000b2d8 (0xff9ff06f)
core   0: 0x8000b2d0 (0x00002f17) auipc   t5, 0x2
core   0: 3 0x8000b2d0 (0x00002f17) x30 0x8000d2d0
core   0: 0x8000b2d4 (0xd23f2823) sw      gp, -720(t5)
core   0: 3 0x8000b2d4 (0xd23f2823) mem 0x8000d000 0x00000001
core   0: 0x8000b2d8 (0xff9ff06f) j       pc - 0x8
core   0: 3 0x8000b2d8 (0xff9ff06f)
core   0: 0x8000b2d0 (0x00002f17) auipc   t5, 0x2
core   0: 3 0x8000b2d0 (0x00002f17) x30 0x8000d2d0
core   0: 0x8000b2d4 (0xd23f2823) sw      gp, -720(t5)
core   0: 3 0x8000b2d4 (0xd23f2823) mem 0x8000d000 0x00000001
core   0: 0x8000b2d8 (0xff9ff06f) j       pc - 0x8
core   0: 3 0x8000b2d8 (0xff9ff06f)
core   0: 0x8000b2d0 (0x00002f17) auipc   t5, 0x2
core   0: 3 0x8000b2d0 (0x00002f17) x30 0x8000d2d0
core   0: 0x8000b2d4 (0xd23f2823) sw      gp, -720(t5)
core   0: 3 0x8000b2d4 (0xd23f2823) mem 0x8000d000 0x00000001
core   0: 0x8000b2d8 (0xff9ff06f) j       pc - 0x8
core   0: 3 0x8000b2d8 (0xff9ff06f)
core   0: 0x8000b2d0 (0x00002f17) auipc   t5, 0x2
core   0: 3 0x8000b2d0 (0x00002f17) x30 0x8000d2d0
core   0: 0x8000b2d4 (0xd23f2823) sw      gp, -720(t5)
core   0: 3 0x8000b2d4 (0xd23f2823) mem 0x8000d000 0x00000001
core   0: 0x8000b2d8 (0xff9ff06f) j       pc - 0x8
core   0: 3 0x8000b2d8 (0xff9ff06f)
core   0: 0x8000b2d0 (0x00002f17) auipc   t5, 0x2
core   0: 3 0x8000b2d0 (0x00002f17) x30 0x8000d2d0
core   0: 0x8000b2d4 (0xd23f2823) sw      gp, -720(t5)
core   0: 3 0x8000b2d4 (0xd23f2823) mem 0x8000d000 0x00000001
core   0: 0x8000b2d8 (0xff9ff06f) j       pc - 0x8
core   0: 3 0x8000b2d8 (0xff9ff06f)
core   0: 0x8000b2d0 (0x00002f17) auipc   t5, 0x2
core   0: 3 0x8000b2d0 (0x00002f17) x30 0x8000d2d0
core   0: 0x8000b2d4 (0xd23f2823) sw      gp, -720(t5)
core   0: 3 0x8000b2d4 (0xd23f2823) mem 0x8000d000 0x00000001
core   0: 0x8000b2d8 (0xff9ff06f) j       pc - 0x8
core   0: 3 0x8000b2d8 (0xff9ff06f)
core   0: 0x8000b2d0 (0x00002f17) auipc   t5, 0x2
core   0: 3 0x8000b2d0 (0x00002f17) x30 0x8000d2d0
core   0: 0x8000b2d4 (0xd23f2823) sw      gp, -720(t5)
core   0: 3 0x8000b2d4 (0xd23f2823) mem 0x8000d000 0x00000001
core   0: 0x8000b2d8 (0xff9ff06f) j       pc - 0x8
core   0: 3 0x8000b2d8 (0xff9ff06f)
core   0: 0x8000b2d0 (0x00002f17) auipc   t5, 0x2
core   0: 3 0x8000b2d0 (0x00002f17) x30 0x8000d2d0
core   0: 0x8000b2d4 (0xd23f2823) sw      gp, -720(t5)
core   0: 3 0x8000b2d4 (0xd23f2823) mem 0x8000d000 0x00000001
core   0: 0x8000b2d8 (0xff9ff06f) j       pc - 0x8
core   0: 3 0x8000b2d8 (0xff9ff06f)
core   0: 0x8000b2d0 (0x00002f17) auipc   t5, 0x2
core   0: 3 0x8000b2d0 (0x00002f17) x30 0x8000d2d0
core   0: 0x8000b2d4 (0xd23f2823) sw      gp, -720(t5)
core   0: 3 0x8000b2d4 (0xd23f2823) mem 0x8000d000 0x00000001
core   0: 0x8000b2d8 (0xff9ff06f) j       pc - 0x8
core   0: 3 0x8000b2d8 (0xff9ff06f)
core   0: 0x8000b2d0 (0x00002f17) auipc   t5, 0x2
core   0: 3 0x8000b2d0 (0x00002f17) x30 0x8000d2d0
core   0: 0x8000b2d4 (0xd23f2823) sw      gp, -720(t5)
core   0: 3 0x8000b2d4 (0xd23f2823) mem 0x8000d000 0x00000001
core   0: 0x8000b2d8 (0xff9ff06f) j       pc - 0x8
core   0: 3 0x8000b2d8 (0xff9ff06f)
core   0: 0x8000b2d0 (0x00002f17) auipc   t5, 0x2
core   0: 3 0x8000b2d0 (0x00002f17) x30 0x8000d2d0
core   0: 0x8000b2d4 (0xd23f2823) sw      gp, -720(t5)
core   0: 3 0x8000b2d4 (0xd23f2823) mem 0x8000d000 0x00000001
core   0: 0x8000b2d8 (0xff9ff06f) j       pc - 0x8
core   0: 3 0x8000b2d8 (0xff9ff06f)
core   0: 0x8000b2d0 (0x00002f17) auipc   t5, 0x2
core   0: 3 0x8000b2d0 (0x00002f17) x30 0x8000d2d0
core   0: 0x8000b2d4 (0xd23f2823) sw      gp, -720(t5)
core   0: 3 0x8000b2d4 (0xd23f2823) mem 0x8000d000 0x00000001
core   0: 0x8000b2d8 (0xff9ff06f) j       pc - 0x8
core   0: 3 0x8000b2d8 (0xff9ff06f)
core   0: 0x8000b2d0 (0x00002f17) auipc   t5, 0x2
core   0: 3 0x8000b2d0 (0x00002f17) x30 0x8000d2d0
core   0: 0x8000b2d4 (0xd23f2823) sw      gp, -720(t5)
core   0: 3 0x8000b2d4 (0xd23f2823) mem 0x8000d000 0x00000001
core   0: 0x8000b2d8 (0xff9ff06f) j       pc - 0x8
core   0: 3 0x8000b2d8 (0xff9ff06f)
core   0: 0x8000b2d0 (0x00002f17) auipc   t5, 0x2
core   0: 3 0x8000b2d0 (0x00002f17) x30 0x8000d2d0
core   0: 0x8000b2d4 (0xd23f2823) sw      gp, -720(t5)
core   0: 3 0x8000b2d4 (0xd23f2823) mem 0x8000d000 0x00000001
core   0: 0x8000b2d8 (0xff9ff06f) j       pc - 0x8
core   0: 3 0x8000b2d8 (0xff9ff06f)
core   0: 0x8000b2d0 (0x00002f17) auipc   t5, 0x2
core   0: 3 0x8000b2d0 (0x00002f17) x30 0x8000d2d0
core   0: 0x8000b2d4 (0xd23f2823) sw      gp, -720(t5)
core   0: 3 0x8000b2d4 (0xd23f2823) mem 0x8000d000 0x00000001
core   0: 0x8000b2d8 (0xff9ff06f) j       pc - 0x8
core   0: 3 0x8000b2d8 (0xff9ff06f)
core   0: 0x8000b2d0 (0x00002f17) auipc   t5, 0x2
core   0: 3 0x8000b2d0 (0x00002f17) x30 0x8000d2d0
core   0: 0x8000b2d4 (0xd23f2823) sw      gp, -720(t5)
core   0: 3 0x8000b2d4 (0xd23f2823) mem 0x8000d000 0x00000001
core   0: 0x8000b2d8 (0xff9ff06f) j       pc - 0x8
core   0: 3 0x8000b2d8 (0xff9ff06f)
core   0: 0x8000b2d0 (0x00002f17) auipc   t5, 0x2
core   0: 3 0x8000b2d0 (0x00002f17) x30 0x8000d2d0
core   0: 0x8000b2d4 (0xd23f2823) sw      gp, -720(t5)
core   0: 3 0x8000b2d4 (0xd23f2823) mem 0x8000d000 0x00000001
core   0: 0x8000b2d8 (0xff9ff06f) j       pc - 0x8
core   0: 3 0x8000b2d8 (0xff9ff06f)
core   0: 0x8000b2d0 (0x00002f17) auipc   t5, 0x2
core   0: 3 0x8000b2d0 (0x00002f17) x30 0x8000d2d0
core   0: 0x8000b2d4 (0xd23f2823) sw      gp, -720(t5)
core   0: 3 0x8000b2d4 (0xd23f2823) mem 0x8000d000 0x00000001
core   0: 0x8000b2d8 (0xff9ff06f) j       pc - 0x8
core   0: 3 0x8000b2d8 (0xff9ff06f)
core   0: 0x8000b2d0 (0x00002f17) auipc   t5, 0x2
core   0: 3 0x8000b2d0 (0x00002f17) x30 0x8000d2d0
core   0: 0x8000b2d4 (0xd23f2823) sw      gp, -720(t5)
core   0: 3 0x8000b2d4 (0xd23f2823) mem 0x8000d000 0x00000001
core   0: 0x8000b2d8 (0xff9ff06f) j       pc - 0x8
core   0: 3 0x8000b2d8 (0xff9ff06f)
core   0: 0x8000b2d0 (0x00002f17) auipc   t5, 0x2
core   0: 3 0x8000b2d0 (0x00002f17) x30 0x8000d2d0
core   0: 0x8000b2d4 (0xd23f2823) sw      gp, -720(t5)
core   0: 3 0x8000b2d4 (0xd23f2823) mem 0x8000d000 0x00000001
core   0: 0x8000b2d8 (0xff9ff06f) j       pc - 0x8
core   0: 3 0x8000b2d8 (0xff9ff06f)
core   0: 0x8000b2d0 (0x00002f17) auipc   t5, 0x2
core   0: 3 0x8000b2d0 (0x00002f17) x30 0x8000d2d0
core   0: 0x8000b2d4 (0xd23f2823) sw      gp, -720(t5)
core   0: 3 0x8000b2d4 (0xd23f2823) mem 0x8000d000 0x00000001
core   0: 0x8000b2d8 (0xff9ff06f) j       pc - 0x8
core   0: 3 0x8000b2d8 (0xff9ff06f)
core   0: 0x8000b2d0 (0x00002f17) auipc   t5, 0x2
core   0: 3 0x8000b2d0 (0x00002f17) x30 0x8000d2d0
core   0: 0x8000b2d4 (0xd23f2823) sw      gp, -720(t5)
core   0: 3 0x8000b2d4 (0xd23f2823) mem 0x8000d000 0x00000001
core   0: 0x8000b2d8 (0xff9ff06f) j       pc - 0x8
core   0: 3 0x8000b2d8 (0xff9ff06f)
core   0: 0x8000b2d0 (0x00002f17) auipc   t5, 0x2
core   0: 3 0x8000b2d0 (0x00002f17) x30 0x8000d2d0
core   0: 0x8000b2d4 (0xd23f2823) sw      gp, -720(t5)
core   0: 3 0x8000b2d4 (0xd23f2823) mem 0x8000d000 0x00000001
core   0: 0x8000b2d8 (0xff9ff06f) j       pc - 0x8
core   0: 3 0x8000b2d8 (0xff9ff06f)
core   0: 0x8000b2d0 (0x00002f17) auipc   t5, 0x2
core   0: 3 0x8000b2d0 (0x00002f17) x30 0x8000d2d0
core   0: 0x8000b2d4 (0xd23f2823) sw      gp, -720(t5)
core   0: 3 0x8000b2d4 (0xd23f2823) mem 0x8000d000 0x00000001
core   0: 0x8000b2d8 (0xff9ff06f) j       pc - 0x8
core   0: 3 0x8000b2d8 (0xff9ff06f)
core   0: 0x8000b2d0 (0x00002f17) auipc   t5, 0x2
core   0: 3 0x8000b2d0 (0x00002f17) x30 0x8000d2d0
core   0: 0x8000b2d4 (0xd23f2823) sw      gp, -720(t5)
core   0: 3 0x8000b2d4 (0xd23f2823) mem 0x8000d000 0x00000001
core   0: 0x8000b2d8 (0xff9ff06f) j       pc - 0x8
core   0: 3 0x8000b2d8 (0xff9ff06f)
core   0: 0x8000b2d0 (0x00002f17) auipc   t5, 0x2
core   0: 3 0x8000b2d0 (0x00002f17) x30 0x8000d2d0
core   0: 0x8000b2d4 (0xd23f2823) sw      gp, -720(t5)
core   0: 3 0x8000b2d4 (0xd23f2823) mem 0x8000d000 0x00000001
core   0: 0x8000b2d8 (0xff9ff06f) j       pc - 0x8
core   0: 3 0x8000b2d8 (0xff9ff06f)
core   0: 0x8000b2d0 (0x00002f17) auipc   t5, 0x2
core   0: 3 0x8000b2d0 (0x00002f17) x30 0x8000d2d0
core   0: 0x8000b2d4 (0xd23f2823) sw      gp, -720(t5)
core   0: 3 0x8000b2d4 (0xd23f2823) mem 0x8000d000 0x00000001
core   0: 0x8000b2d8 (0xff9ff06f) j       pc - 0x8
core   0: 3 0x8000b2d8 (0xff9ff06f)
core   0: 0x8000b2d0 (0x00002f17) auipc   t5, 0x2
core   0: 3 0x8000b2d0 (0x00002f17) x30 0x8000d2d0
core   0: 0x8000b2d4 (0xd23f2823) sw      gp, -720(t5)
core   0: 3 0x8000b2d4 (0xd23f2823) mem 0x8000d000 0x00000001
core   0: 0x8000b2d8 (0xff9ff06f) j       pc - 0x8
core   0: 3 0x8000b2d8 (0xff9ff06f)
core   0: 0x8000b2d0 (0x00002f17) auipc   t5, 0x2
core   0: 3 0x8000b2d0 (0x00002f17) x30 0x8000d2d0
core   0: 0x8000b2d4 (0xd23f2823) sw      gp, -720(t5)
core   0: 3 0x8000b2d4 (0xd23f2823) mem 0x8000d000 0x00000001
core   0: 0x8000b2d8 (0xff9ff06f) j       pc - 0x8
core   0: 3 0x8000b2d8 (0xff9ff06f)
core   0: 0x8000b2d0 (0x00002f17) auipc   t5, 0x2
core   0: 3 0x8000b2d0 (0x00002f17) x30 0x8000d2d0
core   0: 0x8000b2d4 (0xd23f2823) sw      gp, -720(t5)
core   0: 3 0x8000b2d4 (0xd23f2823) mem 0x8000d000 0x00000001
core   0: 0x8000b2d8 (0xff9ff06f) j       pc - 0x8
core   0: 3 0x8000b2d8 (0xff9ff06f)
core   0: 0x8000b2d0 (0x00002f17) auipc   t5, 0x2
core   0: 3 0x8000b2d0 (0x00002f17) x30 0x8000d2d0
core   0: 0x8000b2d4 (0xd23f2823) sw      gp, -720(t5)
core   0: 3 0x8000b2d4 (0xd23f2823) mem 0x8000d000 0x00000001
core   0: 0x8000b2d8 (0xff9ff06f) j       pc - 0x8
core   0: 3 0x8000b2d8 (0xff9ff06f)
core   0: 0x8000b2d0 (0x00002f17) auipc   t5, 0x2
core   0: 3 0x8000b2d0 (0x00002f17) x30 0x8000d2d0
core   0: 0x8000b2d4 (0xd23f2823) sw      gp, -720(t5)
core   0: 3 0x8000b2d4 (0xd23f2823) mem 0x8000d000 0x00000001
core   0: 0x8000b2d8 (0xff9ff06f) j       pc - 0x8
core   0: 3 0x8000b2d8 (0xff9ff06f)
core   0: 0x8000b2d0 (0x00002f17) auipc   t5, 0x2
core   0: 3 0x8000b2d0 (0x00002f17) x30 0x8000d2d0
core   0: 0x8000b2d4 (0xd23f2823) sw      gp, -720(t5)
core   0: 3 0x8000b2d4 (0xd23f2823) mem 0x8000d000 0x00000001
core   0: 0x8000b2d8 (0xff9ff06f) j       pc - 0x8
core   0: 3 0x8000b2d8 (0xff9ff06f)
core   0: 0x8000b2d0 (0x00002f17) auipc   t5, 0x2
core   0: 3 0x8000b2d0 (0x00002f17) x30 0x8000d2d0
core   0: 0x8000b2d4 (0xd23f2823) sw      gp, -720(t5)
core   0: 3 0x8000b2d4 (0xd23f2823) mem 0x8000d000 0x00000001
core   0: 0x8000b2d8 (0xff9ff06f) j       pc - 0x8
core   0: 3 0x8000b2d8 (0xff9ff06f)
core   0: 0x8000b2d0 (0x00002f17) auipc   t5, 0x2
core   0: 3 0x8000b2d0 (0x00002f17) x30 0x8000d2d0
core   0: 0x8000b2d4 (0xd23f2823) sw      gp, -720(t5)
core   0: 3 0x8000b2d4 (0xd23f2823) mem 0x8000d000 0x00000001
core   0: 0x8000b2d8 (0xff9ff06f) j       pc - 0x8
core   0: 3 0x8000b2d8 (0xff9ff06f)
core   0: 0x8000b2d0 (0x00002f17) auipc   t5, 0x2
core   0: 3 0x8000b2d0 (0x00002f17) x30 0x8000d2d0
core   0: 0x8000b2d4 (0xd23f2823) sw      gp, -720(t5)
core   0: 3 0x8000b2d4 (0xd23f2823) mem 0x8000d000 0x00000001
core   0: 0x8000b2d8 (0xff9ff06f) j       pc - 0x8
core   0: 3 0x8000b2d8 (0xff9ff06f)
core   0: 0x8000b2d0 (0x00002f17) auipc   t5, 0x2
core   0: 3 0x8000b2d0 (0x00002f17) x30 0x8000d2d0
core   0: 0x8000b2d4 (0xd23f2823) sw      gp, -720(t5)
core   0: 3 0x8000b2d4 (0xd23f2823) mem 0x8000d000 0x00000001
core   0: 0x8000b2d8 (0xff9ff06f) j       pc - 0x8
core   0: 3 0x8000b2d8 (0xff9ff06f)
core   0: 0x8000b2d0 (0x00002f17) auipc   t5, 0x2
core   0: 3 0x8000b2d0 (0x00002f17) x30 0x8000d2d0
core   0: 0x8000b2d4 (0xd23f2823) sw      gp, -720(t5)
core   0: 3 0x8000b2d4 (0xd23f2823) mem 0x8000d000 0x00000001
core   0: 0x8000b2d8 (0xff9ff06f) j       pc - 0x8
core   0: 3 0x8000b2d8 (0xff9ff06f)
core   0: 0x8000b2d0 (0x00002f17) auipc   t5, 0x2
core   0: 3 0x8000b2d0 (0x00002f17) x30 0x8000d2d0
core   0: 0x8000b2d4 (0xd23f2823) sw      gp, -720(t5)
core   0: 3 0x8000b2d4 (0xd23f2823) mem 0x8000d000 0x00000001
core   0: 0x8000b2d8 (0xff9ff06f) j       pc - 0x8
core   0: 3 0x8000b2d8 (0xff9ff06f)
core   0: 0x8000b2d0 (0x00002f17) auipc   t5, 0x2
core   0: 3 0x8000b2d0 (0x00002f17) x30 0x8000d2d0
core   0: 0x8000b2d4 (0xd23f2823) sw      gp, -720(t5)
core   0: 3 0x8000b2d4 (0xd23f2823) mem 0x8000d000 0x00000001
core   0: 0x8000b2d8 (0xff9ff06f) j       pc - 0x8
core   0: 3 0x8000b2d8 (0xff9ff06f)
core   0: 0x8000b2d0 (0x00002f17) auipc   t5, 0x2
core   0: 3 0x8000b2d0 (0x00002f17) x30 0x8000d2d0
core   0: 0x8000b2d4 (0xd23f2823) sw      gp, -720(t5)
core   0: 3 0x8000b2d4 (0xd23f2823) mem 0x8000d000 0x00000001
core   0: 0x8000b2d8 (0xff9ff06f) j       pc - 0x8
core   0: 3 0x8000b2d8 (0xff9ff06f)
core   0: 0x8000b2d0 (0x00002f17) auipc   t5, 0x2
core   0: 3 0x8000b2d0 (0x00002f17) x30 0x8000d2d0
core   0: 0x8000b2d4 (0xd23f2823) sw      gp, -720(t5)
core   0: 3 0x8000b2d4 (0xd23f2823) mem 0x8000d000 0x00000001
core   0: 0x8000b2d8 (0xff9ff06f) j       pc - 0x8
core   0: 3 0x8000b2d8 (0xff9ff06f)
core   0: 0x8000b2d0 (0x00002f17) auipc   t5, 0x2
core   0: 3 0x8000b2d0 (0x00002f17) x30 0x8000d2d0
core   0: 0x8000b2d4 (0xd23f2823) sw      gp, -720(t5)
core   0: 3 0x8000b2d4 (0xd23f2823) mem 0x8000d000 0x00000001
core   0: 0x8000b2d8 (0xff9ff06f) j       pc - 0x8
core   0: 3 0x8000b2d8 (0xff9ff06f)
core   0: 0x8000b2d0 (0x00002f17) auipc   t5, 0x2
core   0: 3 0x8000b2d0 (0x00002f17) x30 0x8000d2d0
core   0: 0x8000b2d4 (0xd23f2823) sw      gp, -720(t5)
core   0: 3 0x8000b2d4 (0xd23f2823) mem 0x8000d000 0x00000001
core   0: 0x8000b2d8 (0xff9ff06f) j       pc - 0x8
core   0: 3 0x8000b2d8 (0xff9ff06f)
core   0: 0x8000b2d0 (0x00002f17) auipc   t5, 0x2
core   0: 3 0x8000b2d0 (0x00002f17) x30 0x8000d2d0
core   0: 0x8000b2d4 (0xd23f2823) sw      gp, -720(t5)
core   0: 3 0x8000b2d4 (0xd23f2823) mem 0x8000d000 0x00000001
core   0: 0x8000b2d8 (0xff9ff06f) j       pc - 0x8
core   0: 3 0x8000b2d8 (0xff9ff06f)
core   0: 0x8000b2d0 (0x00002f17) auipc   t5, 0x2
core   0: 3 0x8000b2d0 (0x00002f17) x30 0x8000d2d0
core   0: 0x8000b2d4 (0xd23f2823) sw      gp, -720(t5)
core   0: 3 0x8000b2d4 (0xd23f2823) mem 0x8000d000 0x00000001
core   0: 0x8000b2d8 (0xff9ff06f) j       pc - 0x8
core   0: 3 0x8000b2d8 (0xff9ff06f)
core   0: 0x8000b2d0 (0x00002f17) auipc   t5, 0x2
core   0: 3 0x8000b2d0 (0x00002f17) x30 0x8000d2d0
core   0: 0x8000b2d4 (0xd23f2823) sw      gp, -720(t5)
core   0: 3 0x8000b2d4 (0xd23f2823) mem 0x8000d000 0x00000001
core   0: 0x8000b2d8 (0xff9ff06f) j       pc - 0x8
core   0: 3 0x8000b2d8 (0xff9ff06f)
core   0: 0x8000b2d0 (0x00002f17) auipc   t5, 0x2
core   0: 3 0x8000b2d0 (0x00002f17) x30 0x8000d2d0
core   0: 0x8000b2d4 (0xd23f2823) sw      gp, -720(t5)
core   0: 3 0x8000b2d4 (0xd23f2823) mem 0x8000d000 0x00000001
core   0: 0x8000b2d8 (0xff9ff06f) j       pc - 0x8
core   0: 3 0x8000b2d8 (0xff9ff06f)
core   0: 0x8000b2d0 (0x00002f17) auipc   t5, 0x2
core   0: 3 0x8000b2d0 (0x00002f17) x30 0x8000d2d0
core   0: 0x8000b2d4 (0xd23f2823) sw      gp, -720(t5)
core   0: 3 0x8000b2d4 (0xd23f2823) mem 0x8000d000 0x00000001
core   0: 0x8000b2d8 (0xff9ff06f) j       pc - 0x8
core   0: 3 0x8000b2d8 (0xff9ff06f)
core   0: 0x8000b2d0 (0x00002f17) auipc   t5, 0x2
core   0: 3 0x8000b2d0 (0x00002f17) x30 0x8000d2d0
core   0: 0x8000b2d4 (0xd23f2823) sw      gp, -720(t5)
core   0: 3 0x8000b2d4 (0xd23f2823) mem 0x8000d000 0x00000001
core   0: 0x8000b2d8 (0xff9ff06f) j       pc - 0x8
core   0: 3 0x8000b2d8 (0xff9ff06f)
core   0: 0x8000b2d0 (0x00002f17) auipc   t5, 0x2
core   0: 3 0x8000b2d0 (0x00002f17) x30 0x8000d2d0
core   0: 0x8000b2d4 (0xd23f2823) sw      gp, -720(t5)
core   0: 3 0x8000b2d4 (0xd23f2823) mem 0x8000d000 0x00000001
core   0: 0x8000b2d8 (0xff9ff06f) j       pc - 0x8
core   0: 3 0x8000b2d8 (0xff9ff06f)
core   0: 0x8000b2d0 (0x00002f17) auipc   t5, 0x2
core   0: 3 0x8000b2d0 (0x00002f17) x30 0x8000d2d0
core   0: 0x8000b2d4 (0xd23f2823) sw      gp, -720(t5)
core   0: 3 0x8000b2d4 (0xd23f2823) mem 0x8000d000 0x00000001
core   0: 0x8000b2d8 (0xff9ff06f) j       pc - 0x8
core   0: 3 0x8000b2d8 (0xff9ff06f)
core   0: 0x8000b2d0 (0x00002f17) auipc   t5, 0x2
core   0: 3 0x8000b2d0 (0x00002f17) x30 0x8000d2d0
core   0: 0x8000b2d4 (0xd23f2823) sw      gp, -720(t5)
core   0: 3 0x8000b2d4 (0xd23f2823) mem 0x8000d000 0x00000001
core   0: 0x8000b2d8 (0xff9ff06f) j       pc - 0x8
core   0: 3 0x8000b2d8 (0xff9ff06f)
core   0: 0x8000b2d0 (0x00002f17) auipc   t5, 0x2
core   0: 3 0x8000b2d0 (0x00002f17) x30 0x8000d2d0
core   0: 0x8000b2d4 (0xd23f2823) sw      gp, -720(t5)
core   0: 3 0x8000b2d4 (0xd23f2823) mem 0x8000d000 0x00000001
core   0: 0x8000b2d8 (0xff9ff06f) j       pc - 0x8
core   0: 3 0x8000b2d8 (0xff9ff06f)
core   0: 0x8000b2d0 (0x00002f17) auipc   t5, 0x2
core   0: 3 0x8000b2d0 (0x00002f17) x30 0x8000d2d0
core   0: 0x8000b2d4 (0xd23f2823) sw      gp, -720(t5)
core   0: 3 0x8000b2d4 (0xd23f2823) mem 0x8000d000 0x00000001
core   0: 0x8000b2d8 (0xff9ff06f) j       pc - 0x8
core   0: 3 0x8000b2d8 (0xff9ff06f)
core   0: 0x8000b2d0 (0x00002f17) auipc   t5, 0x2
core   0: 3 0x8000b2d0 (0x00002f17) x30 0x8000d2d0
core   0: 0x8000b2d4 (0xd23f2823) sw      gp, -720(t5)
core   0: 3 0x8000b2d4 (0xd23f2823) mem 0x8000d000 0x00000001
core   0: 0x8000b2d8 (0xff9ff06f) j       pc - 0x8
core   0: 3 0x8000b2d8 (0xff9ff06f)
core   0: 0x8000b2d0 (0x00002f17) auipc   t5, 0x2
core   0: 3 0x8000b2d0 (0x00002f17) x30 0x8000d2d0
core   0: 0x8000b2d4 (0xd23f2823) sw      gp, -720(t5)
core   0: 3 0x8000b2d4 (0xd23f2823) mem 0x8000d000 0x00000001
core   0: 0x8000b2d8 (0xff9ff06f) j       pc - 0x8
core   0: 3 0x8000b2d8 (0xff9ff06f)
core   0: 0x8000b2d0 (0x00002f17) auipc   t5, 0x2
core   0: 3 0x8000b2d0 (0x00002f17) x30 0x8000d2d0
core   0: 0x8000b2d4 (0xd23f2823) sw      gp, -720(t5)
core   0: 3 0x8000b2d4 (0xd23f2823) mem 0x8000d000 0x00000001
core   0: 0x8000b2d8 (0xff9ff06f) j       pc - 0x8
core   0: 3 0x8000b2d8 (0xff9ff06f)
core   0: 0x8000b2d0 (0x00002f17) auipc   t5, 0x2
core   0: 3 0x8000b2d0 (0x00002f17) x30 0x8000d2d0
core   0: 0x8000b2d4 (0xd23f2823) sw      gp, -720(t5)
core   0: 3 0x8000b2d4 (0xd23f2823) mem 0x8000d000 0x00000001
core   0: 0x8000b2d8 (0xff9ff06f) j       pc - 0x8
core   0: 3 0x8000b2d8 (0xff9ff06f)
core   0: 0x8000b2d0 (0x00002f17) auipc   t5, 0x2
core   0: 3 0x8000b2d0 (0x00002f17) x30 0x8000d2d0
core   0: 0x8000b2d4 (0xd23f2823) sw      gp, -720(t5)
core   0: 3 0x8000b2d4 (0xd23f2823) mem 0x8000d000 0x00000001
core   0: 0x8000b2d8 (0xff9ff06f) j       pc - 0x8
core   0: 3 0x8000b2d8 (0xff9ff06f)
core   0: 0x8000b2d0 (0x00002f17) auipc   t5, 0x2
core   0: 3 0x8000b2d0 (0x00002f17) x30 0x8000d2d0
core   0: 0x8000b2d4 (0xd23f2823) sw      gp, -720(t5)
core   0: 3 0x8000b2d4 (0xd23f2823) mem 0x8000d000 0x00000001
core   0: 0x8000b2d8 (0xff9ff06f) j       pc - 0x8
core   0: 3 0x8000b2d8 (0xff9ff06f)
core   0: 0x8000b2d0 (0x00002f17) auipc   t5, 0x2
core   0: 3 0x8000b2d0 (0x00002f17) x30 0x8000d2d0
core   0: 0x8000b2d4 (0xd23f2823) sw      gp, -720(t5)
core   0: 3 0x8000b2d4 (0xd23f2823) mem 0x8000d000 0x00000001
core   0: 0x8000b2d8 (0xff9ff06f) j       pc - 0x8
core   0: 3 0x8000b2d8 (0xff9ff06f)
core   0: 0x8000b2d0 (0x00002f17) auipc   t5, 0x2
core   0: 3 0x8000b2d0 (0x00002f17) x30 0x8000d2d0
core   0: 0x8000b2d4 (0xd23f2823) sw      gp, -720(t5)
core   0: 3 0x8000b2d4 (0xd23f2823) mem 0x8000d000 0x00000001
core   0: 0x8000b2d8 (0xff9ff06f) j       pc - 0x8
core   0: 3 0x8000b2d8 (0xff9ff06f)
core   0: 0x8000b2d0 (0x00002f17) auipc   t5, 0x2
core   0: 3 0x8000b2d0 (0x00002f17) x30 0x8000d2d0
core   0: 0x8000b2d4 (0xd23f2823) sw      gp, -720(t5)
core   0: 3 0x8000b2d4 (0xd23f2823) mem 0x8000d000 0x00000001
core   0: 0x8000b2d8 (0xff9ff06f) j       pc - 0x8
core   0: 3 0x8000b2d8 (0xff9ff06f)
core   0: 0x8000b2d0 (0x00002f17) auipc   t5, 0x2
core   0: 3 0x8000b2d0 (0x00002f17) x30 0x8000d2d0
core   0: 0x8000b2d4 (0xd23f2823) sw      gp, -720(t5)
core   0: 3 0x8000b2d4 (0xd23f2823) mem 0x8000d000 0x00000001
core   0: 0x8000b2d8 (0xff9ff06f) j       pc - 0x8
core   0: 3 0x8000b2d8 (0xff9ff06f)
core   0: 0x8000b2d0 (0x00002f17) auipc   t5, 0x2
core   0: 3 0x8000b2d0 (0x00002f17) x30 0x8000d2d0
core   0: 0x8000b2d4 (0xd23f2823) sw      gp, -720(t5)
core   0: 3 0x8000b2d4 (0xd23f2823) mem 0x8000d000 0x00000001
core   0: 0x8000b2d8 (0xff9ff06f) j       pc - 0x8
core   0: 3 0x8000b2d8 (0xff9ff06f)
core   0: 0x8000b2d0 (0x00002f17) auipc   t5, 0x2
core   0: 3 0x8000b2d0 (0x00002f17) x30 0x8000d2d0
core   0: 0x8000b2d4 (0xd23f2823) sw      gp, -720(t5)
core   0: 3 0x8000b2d4 (0xd23f2823) mem 0x8000d000 0x00000001
core   0: 0x8000b2d8 (0xff9ff06f) j       pc - 0x8
core   0: 3 0x8000b2d8 (0xff9ff06f)
core   0: 0x8000b2d0 (0x00002f17) auipc   t5, 0x2
core   0: 3 0x8000b2d0 (0x00002f17) x30 0x8000d2d0
core   0: 0x8000b2d4 (0xd23f2823) sw      gp, -720(t5)
core   0: 3 0x8000b2d4 (0xd23f2823) mem 0x8000d000 0x00000001
core   0: 0x8000b2d8 (0xff9ff06f) j       pc - 0x8
core   0: 3 0x8000b2d8 (0xff9ff06f)
core   0: 0x8000b2d0 (0x00002f17) auipc   t5, 0x2
core   0: 3 0x8000b2d0 (0x00002f17) x30 0x8000d2d0
core   0: 0x8000b2d4 (0xd23f2823) sw      gp, -720(t5)
core   0: 3 0x8000b2d4 (0xd23f2823) mem 0x8000d000 0x00000001
core   0: 0x8000b2d8 (0xff9ff06f) j       pc - 0x8
core   0: 3 0x8000b2d8 (0xff9ff06f)
core   0: 0x8000b2d0 (0x00002f17) auipc   t5, 0x2
core   0: 3 0x8000b2d0 (0x00002f17) x30 0x8000d2d0
core   0: 0x8000b2d4 (0xd23f2823) sw      gp, -720(t5)
core   0: 3 0x8000b2d4 (0xd23f2823) mem 0x8000d000 0x00000001
core   0: 0x8000b2d8 (0xff9ff06f) j       pc - 0x8
core   0: 3 0x8000b2d8 (0xff9ff06f)
core   0: 0x8000b2d0 (0x00002f17) auipc   t5, 0x2
core   0: 3 0x8000b2d0 (0x00002f17) x30 0x8000d2d0
core   0: 0x8000b2d4 (0xd23f2823) sw      gp, -720(t5)
core   0: 3 0x8000b2d4 (0xd23f2823) mem 0x8000d000 0x00000001
core   0: 0x8000b2d8 (0xff9ff06f) j       pc - 0x8
core   0: 3 0x8000b2d8 (0xff9ff06f)
core   0: 0x8000b2d0 (0x00002f17) auipc   t5, 0x2
core   0: 3 0x8000b2d0 (0x00002f17) x30 0x8000d2d0
core   0: 0x8000b2d4 (0xd23f2823) sw      gp, -720(t5)
core   0: 3 0x8000b2d4 (0xd23f2823) mem 0x8000d000 0x00000001
core   0: 0x8000b2d8 (0xff9ff06f) j       pc - 0x8
core   0: 3 0x8000b2d8 (0xff9ff06f)
core   0: 0x8000b2d0 (0x00002f17) auipc   t5, 0x2
core   0: 3 0x8000b2d0 (0x00002f17) x30 0x8000d2d0
core   0: 0x8000b2d4 (0xd23f2823) sw      gp, -720(t5)
core   0: 3 0x8000b2d4 (0xd23f2823) mem 0x8000d000 0x00000001
core   0: 0x8000b2d8 (0xff9ff06f) j       pc - 0x8
core   0: 3 0x8000b2d8 (0xff9ff06f)
core   0: 0x8000b2d0 (0x00002f17) auipc   t5, 0x2
core   0: 3 0x8000b2d0 (0x00002f17) x30 0x8000d2d0
core   0: 0x8000b2d4 (0xd23f2823) sw      gp, -720(t5)
core   0: 3 0x8000b2d4 (0xd23f2823) mem 0x8000d000 0x00000001
core   0: 0x8000b2d8 (0xff9ff06f) j       pc - 0x8
core   0: 3 0x8000b2d8 (0xff9ff06f)
core   0: 0x8000b2d0 (0x00002f17) auipc   t5, 0x2
core   0: 3 0x8000b2d0 (0x00002f17) x30 0x8000d2d0
core   0: 0x8000b2d4 (0xd23f2823) sw      gp, -720(t5)
core   0: 3 0x8000b2d4 (0xd23f2823) mem 0x8000d000 0x00000001
core   0: 0x8000b2d8 (0xff9ff06f) j       pc - 0x8
core   0: 3 0x8000b2d8 (0xff9ff06f)
core   0: 0x8000b2d0 (0x00002f17) auipc   t5, 0x2
core   0: 3 0x8000b2d0 (0x00002f17) x30 0x8000d2d0
core   0: 0x8000b2d4 (0xd23f2823) sw      gp, -720(t5)
core   0: 3 0x8000b2d4 (0xd23f2823) mem 0x8000d000 0x00000001
core   0: 0x8000b2d8 (0xff9ff06f) j       pc - 0x8
core   0: 3 0x8000b2d8 (0xff9ff06f)
core   0: 0x8000b2d0 (0x00002f17) auipc   t5, 0x2
core   0: 3 0x8000b2d0 (0x00002f17) x30 0x8000d2d0
core   0: 0x8000b2d4 (0xd23f2823) sw      gp, -720(t5)
core   0: 3 0x8000b2d4 (0xd23f2823) mem 0x8000d000 0x00000001
core   0: 0x8000b2d8 (0xff9ff06f) j       pc - 0x8
core   0: 3 0x8000b2d8 (0xff9ff06f)
core   0: 0x8000b2d0 (0x00002f17) auipc   t5, 0x2
core   0: 3 0x8000b2d0 (0x00002f17) x30 0x8000d2d0
core   0: 0x8000b2d4 (0xd23f2823) sw      gp, -720(t5)
core   0: 3 0x8000b2d4 (0xd23f2823) mem 0x8000d000 0x00000001
core   0: 0x8000b2d8 (0xff9ff06f) j       pc - 0x8
core   0: 3 0x8000b2d8 (0xff9ff06f)
core   0: 0x8000b2d0 (0x00002f17) auipc   t5, 0x2
core   0: 3 0x8000b2d0 (0x00002f17) x30 0x8000d2d0
core   0: 0x8000b2d4 (0xd23f2823) sw      gp, -720(t5)
core   0: 3 0x8000b2d4 (0xd23f2823) mem 0x8000d000 0x00000001
core   0: 0x8000b2d8 (0xff9ff06f) j       pc - 0x8
core   0: 3 0x8000b2d8 (0xff9ff06f)
core   0: 0x8000b2d0 (0x00002f17) auipc   t5, 0x2
core   0: 3 0x8000b2d0 (0x00002f17) x30 0x8000d2d0
core   0: 0x8000b2d4 (0xd23f2823) sw      gp, -720(t5)
core   0: 3 0x8000b2d4 (0xd23f2823) mem 0x8000d000 0x00000001
core   0: 0x8000b2d8 (0xff9ff06f) j       pc - 0x8
core   0: 3 0x8000b2d8 (0xff9ff06f)
core   0: 0x8000b2d0 (0x00002f17) auipc   t5, 0x2
core   0: 3 0x8000b2d0 (0x00002f17) x30 0x8000d2d0
core   0: 0x8000b2d4 (0xd23f2823) sw      gp, -720(t5)
core   0: 3 0x8000b2d4 (0xd23f2823) mem 0x8000d000 0x00000001
core   0: 0x8000b2d8 (0xff9ff06f) j       pc - 0x8
core   0: 3 0x8000b2d8 (0xff9ff06f)
core   0: 0x8000b2d0 (0x00002f17) auipc   t5, 0x2
core   0: 3 0x8000b2d0 (0x00002f17) x30 0x8000d2d0
core   0: 0x8000b2d4 (0xd23f2823) sw      gp, -720(t5)
core   0: 3 0x8000b2d4 (0xd23f2823) mem 0x8000d000 0x00000001
core   0: 0x8000b2d8 (0xff9ff06f) j       pc - 0x8
core   0: 3 0x8000b2d8 (0xff9ff06f)
core   0: 0x8000b2d0 (0x00002f17) auipc   t5, 0x2
core   0: 3 0x8000b2d0 (0x00002f17) x30 0x8000d2d0
core   0: 0x8000b2d4 (0xd23f2823) sw      gp, -720(t5)
core   0: 3 0x8000b2d4 (0xd23f2823) mem 0x8000d000 0x00000001
core   0: 0x8000b2d8 (0xff9ff06f) j       pc - 0x8
core   0: 3 0x8000b2d8 (0xff9ff06f)
core   0: 0x8000b2d0 (0x00002f17) auipc   t5, 0x2
core   0: 3 0x8000b2d0 (0x00002f17) x30 0x8000d2d0
core   0: 0x8000b2d4 (0xd23f2823) sw      gp, -720(t5)
core   0: 3 0x8000b2d4 (0xd23f2823) mem 0x8000d000 0x00000001
core   0: 0x8000b2d8 (0xff9ff06f) j       pc - 0x8
core   0: 3 0x8000b2d8 (0xff9ff06f)
core   0: 0x8000b2d0 (0x00002f17) auipc   t5, 0x2
core   0: 3 0x8000b2d0 (0x00002f17) x30 0x8000d2d0
core   0: 0x8000b2d4 (0xd23f2823) sw      gp, -720(t5)
core   0: 3 0x8000b2d4 (0xd23f2823) mem 0x8000d000 0x00000001
core   0: 0x8000b2d8 (0xff9ff06f) j       pc - 0x8
core   0: 3 0x8000b2d8 (0xff9ff06f)
core   0: 0x8000b2d0 (0x00002f17) auipc   t5, 0x2
core   0: 3 0x8000b2d0 (0x00002f17) x30 0x8000d2d0
core   0: 0x8000b2d4 (0xd23f2823) sw      gp, -720(t5)
core   0: 3 0x8000b2d4 (0xd23f2823) mem 0x8000d000 0x00000001
core   0: 0x8000b2d8 (0xff9ff06f) j       pc - 0x8
core   0: 3 0x8000b2d8 (0xff9ff06f)
core   0: 0x8000b2d0 (0x00002f17) auipc   t5, 0x2
core   0: 3 0x8000b2d0 (0x00002f17) x30 0x8000d2d0
core   0: 0x8000b2d4 (0xd23f2823) sw      gp, -720(t5)
core   0: 3 0x8000b2d4 (0xd23f2823) mem 0x8000d000 0x00000001
core   0: 0x8000b2d8 (0xff9ff06f) j       pc - 0x8
core   0: 3 0x8000b2d8 (0xff9ff06f)
core   0: 0x8000b2d0 (0x00002f17) auipc   t5, 0x2
core   0: 3 0x8000b2d0 (0x00002f17) x30 0x8000d2d0
core   0: 0x8000b2d4 (0xd23f2823) sw      gp, -720(t5)
core   0: 3 0x8000b2d4 (0xd23f2823) mem 0x8000d000 0x00000001
core   0: 0x8000b2d8 (0xff9ff06f) j       pc - 0x8
core   0: 3 0x8000b2d8 (0xff9ff06f)
core   0: 0x8000b2d0 (0x00002f17) auipc   t5, 0x2
core   0: 3 0x8000b2d0 (0x00002f17) x30 0x8000d2d0
core   0: 0x8000b2d4 (0xd23f2823) sw      gp, -720(t5)
core   0: 3 0x8000b2d4 (0xd23f2823) mem 0x8000d000 0x00000001
core   0: 0x8000b2d8 (0xff9ff06f) j       pc - 0x8
core   0: 3 0x8000b2d8 (0xff9ff06f)
core   0: 0x8000b2d0 (0x00002f17) auipc   t5, 0x2
core   0: 3 0x8000b2d0 (0x00002f17) x30 0x8000d2d0
core   0: 0x8000b2d4 (0xd23f2823) sw      gp, -720(t5)
core   0: 3 0x8000b2d4 (0xd23f2823) mem 0x8000d000 0x00000001
core   0: 0x8000b2d8 (0xff9ff06f) j       pc - 0x8
core   0: 3 0x8000b2d8 (0xff9ff06f)
core   0: 0x8000b2d0 (0x00002f17) auipc   t5, 0x2
core   0: 3 0x8000b2d0 (0x00002f17) x30 0x8000d2d0
core   0: 0x8000b2d4 (0xd23f2823) sw      gp, -720(t5)
core   0: 3 0x8000b2d4 (0xd23f2823) mem 0x8000d000 0x00000001
core   0: 0x8000b2d8 (0xff9ff06f) j       pc - 0x8
core   0: 3 0x8000b2d8 (0xff9ff06f)
core   0: 0x8000b2d0 (0x00002f17) auipc   t5, 0x2
core   0: 3 0x8000b2d0 (0x00002f17) x30 0x8000d2d0
core   0: 0x8000b2d4 (0xd23f2823) sw      gp, -720(t5)
core   0: 3 0x8000b2d4 (0xd23f2823) mem 0x8000d000 0x00000001
core   0: 0x8000b2d8 (0xff9ff06f) j       pc - 0x8
core   0: 3 0x8000b2d8 (0xff9ff06f)
core   0: 0x8000b2d0 (0x00002f17) auipc   t5, 0x2
core   0: 3 0x8000b2d0 (0x00002f17) x30 0x8000d2d0
core   0: 0x8000b2d4 (0xd23f2823) sw      gp, -720(t5)
core   0: 3 0x8000b2d4 (0xd23f2823) mem 0x8000d000 0x00000001
core   0: 0x8000b2d8 (0xff9ff06f) j       pc - 0x8
core   0: 3 0x8000b2d8 (0xff9ff06f)
core   0: 0x8000b2d0 (0x00002f17) auipc   t5, 0x2
core   0: 3 0x8000b2d0 (0x00002f17) x30 0x8000d2d0
core   0: 0x8000b2d4 (0xd23f2823) sw      gp, -720(t5)
core   0: 3 0x8000b2d4 (0xd23f2823) mem 0x8000d000 0x00000001
core   0: 0x8000b2d8 (0xff9ff06f) j       pc - 0x8
core   0: 3 0x8000b2d8 (0xff9ff06f)
core   0: 0x8000b2d0 (0x00002f17) auipc   t5, 0x2
core   0: 3 0x8000b2d0 (0x00002f17) x30 0x8000d2d0
core   0: 0x8000b2d4 (0xd23f2823) sw      gp, -720(t5)
core   0: 3 0x8000b2d4 (0xd23f2823) mem 0x8000d000 0x00000001
core   0: 0x8000b2d8 (0xff9ff06f) j       pc - 0x8
core   0: 3 0x8000b2d8 (0xff9ff06f)
core   0: 0x8000b2d0 (0x00002f17) auipc   t5, 0x2
core   0: 3 0x8000b2d0 (0x00002f17) x30 0x8000d2d0
core   0: 0x8000b2d4 (0xd23f2823) sw      gp, -720(t5)
core   0: 3 0x8000b2d4 (0xd23f2823) mem 0x8000d000 0x00000001
core   0: 0x8000b2d8 (0xff9ff06f) j       pc - 0x8
core   0: 3 0x8000b2d8 (0xff9ff06f)
core   0: 0x8000b2d0 (0x00002f17) auipc   t5, 0x2
core   0: 3 0x8000b2d0 (0x00002f17) x30 0x8000d2d0
core   0: 0x8000b2d4 (0xd23f2823) sw      gp, -720(t5)
core   0: 3 0x8000b2d4 (0xd23f2823) mem 0x8000d000 0x00000001
core   0: 0x8000b2d8 (0xff9ff06f) j       pc - 0x8
core   0: 3 0x8000b2d8 (0xff9ff06f)
core   0: 0x8000b2d0 (0x00002f17) auipc   t5, 0x2
core   0: 3 0x8000b2d0 (0x00002f17) x30 0x8000d2d0
core   0: 0x8000b2d4 (0xd23f2823) sw      gp, -720(t5)
core   0: 3 0x8000b2d4 (0xd23f2823) mem 0x8000d000 0x00000001
core   0: 0x8000b2d8 (0xff9ff06f) j       pc - 0x8
core   0: 3 0x8000b2d8 (0xff9ff06f)
core   0: 0x8000b2d0 (0x00002f17) auipc   t5, 0x2
core   0: 3 0x8000b2d0 (0x00002f17) x30 0x8000d2d0
core   0: 0x8000b2d4 (0xd23f2823) sw      gp, -720(t5)
core   0: 3 0x8000b2d4 (0xd23f2823) mem 0x8000d000 0x00000001
core   0: 0x8000b2d8 (0xff9ff06f) j       pc - 0x8
core   0: 3 0x8000b2d8 (0xff9ff06f)
core   0: 0x8000b2d0 (0x00002f17) auipc   t5, 0x2
core   0: 3 0x8000b2d0 (0x00002f17) x30 0x8000d2d0
core   0: 0x8000b2d4 (0xd23f2823) sw      gp, -720(t5)
core   0: 3 0x8000b2d4 (0xd23f2823) mem 0x8000d000 0x00000001
core   0: 0x8000b2d8 (0xff9ff06f) j       pc - 0x8
core   0: 3 0x8000b2d8 (0xff9ff06f)
core   0: 0x8000b2d0 (0x00002f17) auipc   t5, 0x2
core   0: 3 0x8000b2d0 (0x00002f17) x30 0x8000d2d0
core   0: 0x8000b2d4 (0xd23f2823) sw      gp, -720(t5)
core   0: 3 0x8000b2d4 (0xd23f2823) mem 0x8000d000 0x00000001
core   0: 0x8000b2d8 (0xff9ff06f) j       pc - 0x8
core   0: 3 0x8000b2d8 (0xff9ff06f)
core   0: 0x8000b2d0 (0x00002f17) auipc   t5, 0x2
core   0: 3 0x8000b2d0 (0x00002f17) x30 0x8000d2d0
core   0: 0x8000b2d4 (0xd23f2823) sw      gp, -720(t5)
core   0: 3 0x8000b2d4 (0xd23f2823) mem 0x8000d000 0x00000001
core   0: 0x8000b2d8 (0xff9ff06f) j       pc - 0x8
core   0: 3 0x8000b2d8 (0xff9ff06f)
core   0: 0x8000b2d0 (0x00002f17) auipc   t5, 0x2
core   0: 3 0x8000b2d0 (0x00002f17) x30 0x8000d2d0
core   0: 0x8000b2d4 (0xd23f2823) sw      gp, -720(t5)
core   0: 3 0x8000b2d4 (0xd23f2823) mem 0x8000d000 0x00000001
core   0: 0x8000b2d8 (0xff9ff06f) j       pc - 0x8
core   0: 3 0x8000b2d8 (0xff9ff06f)
core   0: 0x8000b2d0 (0x00002f17) auipc   t5, 0x2
core   0: 3 0x8000b2d0 (0x00002f17) x30 0x8000d2d0
core   0: 0x8000b2d4 (0xd23f2823) sw      gp, -720(t5)
core   0: 3 0x8000b2d4 (0xd23f2823) mem 0x8000d000 0x00000001
core   0: 0x8000b2d8 (0xff9ff06f) j       pc - 0x8
core   0: 3 0x8000b2d8 (0xff9ff06f)
core   0: 0x8000b2d0 (0x00002f17) auipc   t5, 0x2
core   0: 3 0x8000b2d0 (0x00002f17) x30 0x8000d2d0
core   0: 0x8000b2d4 (0xd23f2823) sw      gp, -720(t5)
core   0: 3 0x8000b2d4 (0xd23f2823) mem 0x8000d000 0x00000001
core   0: 0x8000b2d8 (0xff9ff06f) j       pc - 0x8
core   0: 3 0x8000b2d8 (0xff9ff06f)
core   0: 0x8000b2d0 (0x00002f17) auipc   t5, 0x2
core   0: 3 0x8000b2d0 (0x00002f17) x30 0x8000d2d0
core   0: 0x8000b2d4 (0xd23f2823) sw      gp, -720(t5)
core   0: 3 0x8000b2d4 (0xd23f2823) mem 0x8000d000 0x00000001
core   0: 0x8000b2d8 (0xff9ff06f) j       pc - 0x8
core   0: 3 0x8000b2d8 (0xff9ff06f)
core   0: 0x8000b2d0 (0x00002f17) auipc   t5, 0x2
core   0: 3 0x8000b2d0 (0x00002f17) x30 0x8000d2d0
core   0: 0x8000b2d4 (0xd23f2823) sw      gp, -720(t5)
core   0: 3 0x8000b2d4 (0xd23f2823) mem 0x8000d000 0x00000001
core   0: 0x8000b2d8 (0xff9ff06f) j       pc - 0x8
core   0: 3 0x8000b2d8 (0xff9ff06f)
core   0: 0x8000b2d0 (0x00002f17) auipc   t5, 0x2
core   0: 3 0x8000b2d0 (0x00002f17) x30 0x8000d2d0
core   0: 0x8000b2d4 (0xd23f2823) sw      gp, -720(t5)
core   0: 3 0x8000b2d4 (0xd23f2823) mem 0x8000d000 0x00000001
core   0: 0x8000b2d8 (0xff9ff06f) j       pc - 0x8
core   0: 3 0x8000b2d8 (0xff9ff06f)
core   0: 0x8000b2d0 (0x00002f17) auipc   t5, 0x2
core   0: 3 0x8000b2d0 (0x00002f17) x30 0x8000d2d0
core   0: 0x8000b2d4 (0xd23f2823) sw      gp, -720(t5)
core   0: 3 0x8000b2d4 (0xd23f2823) mem 0x8000d000 0x00000001
core   0: 0x8000b2d8 (0xff9ff06f) j       pc - 0x8
core   0: 3 0x8000b2d8 (0xff9ff06f)
core   0: 0x8000b2d0 (0x00002f17) auipc   t5, 0x2
core   0: 3 0x8000b2d0 (0x00002f17) x30 0x8000d2d0
core   0: 0x8000b2d4 (0xd23f2823) sw      gp, -720(t5)
core   0: 3 0x8000b2d4 (0xd23f2823) mem 0x8000d000 0x00000001
core   0: 0x8000b2d8 (0xff9ff06f) j       pc - 0x8
core   0: 3 0x8000b2d8 (0xff9ff06f)
core   0: 0x8000b2d0 (0x00002f17) auipc   t5, 0x2
core   0: 3 0x8000b2d0 (0x00002f17) x30 0x8000d2d0
core   0: 0x8000b2d4 (0xd23f2823) sw      gp, -720(t5)
core   0: 3 0x8000b2d4 (0xd23f2823) mem 0x8000d000 0x00000001
core   0: 0x8000b2d8 (0xff9ff06f) j       pc - 0x8
core   0: 3 0x8000b2d8 (0xff9ff06f)
core   0: 0x8000b2d0 (0x00002f17) auipc   t5, 0x2
core   0: 3 0x8000b2d0 (0x00002f17) x30 0x8000d2d0
core   0: 0x8000b2d4 (0xd23f2823) sw      gp, -720(t5)
core   0: 3 0x8000b2d4 (0xd23f2823) mem 0x8000d000 0x00000001
core   0: 0x8000b2d8 (0xff9ff06f) j       pc - 0x8
core   0: 3 0x8000b2d8 (0xff9ff06f)
core   0: 0x8000b2d0 (0x00002f17) auipc   t5, 0x2
core   0: 3 0x8000b2d0 (0x00002f17) x30 0x8000d2d0
core   0: 0x8000b2d4 (0xd23f2823) sw      gp, -720(t5)
core   0: 3 0x8000b2d4 (0xd23f2823) mem 0x8000d000 0x00000001
core   0: 0x8000b2d8 (0xff9ff06f) j       pc - 0x8
core   0: 3 0x8000b2d8 (0xff9ff06f)
core   0: 0x8000b2d0 (0x00002f17) auipc   t5, 0x2
core   0: 3 0x8000b2d0 (0x00002f17) x30 0x8000d2d0
core   0: 0x8000b2d4 (0xd23f2823) sw      gp, -720(t5)
core   0: 3 0x8000b2d4 (0xd23f2823) mem 0x8000d000 0x00000001
core   0: 0x8000b2d8 (0xff9ff06f) j       pc - 0x8
core   0: 3 0x8000b2d8 (0xff9ff06f)
core   0: 0x8000b2d0 (0x00002f17) auipc   t5, 0x2
core   0: 3 0x8000b2d0 (0x00002f17) x30 0x8000d2d0
core   0: 0x8000b2d4 (0xd23f2823) sw      gp, -720(t5)
core   0: 3 0x8000b2d4 (0xd23f2823) mem 0x8000d000 0x00000001
core   0: 0x8000b2d8 (0xff9ff06f) j       pc - 0x8
core   0: 3 0x8000b2d8 (0xff9ff06f)
core   0: 0x8000b2d0 (0x00002f17) auipc   t5, 0x2
core   0: 3 0x8000b2d0 (0x00002f17) x30 0x8000d2d0
core   0: 0x8000b2d4 (0xd23f2823) sw      gp, -720(t5)
core   0: 3 0x8000b2d4 (0xd23f2823) mem 0x8000d000 0x00000001
core   0: 0x8000b2d8 (0xff9ff06f) j       pc - 0x8
core   0: 3 0x8000b2d8 (0xff9ff06f)
core   0: 0x8000b2d0 (0x00002f17) auipc   t5, 0x2
core   0: 3 0x8000b2d0 (0x00002f17) x30 0x8000d2d0
core   0: 0x8000b2d4 (0xd23f2823) sw      gp, -720(t5)
core   0: 3 0x8000b2d4 (0xd23f2823) mem 0x8000d000 0x00000001
core   0: 0x8000b2d8 (0xff9ff06f) j       pc - 0x8
core   0: 3 0x8000b2d8 (0xff9ff06f)
core   0: 0x8000b2d0 (0x00002f17) auipc   t5, 0x2
core   0: 3 0x8000b2d0 (0x00002f17) x30 0x8000d2d0
core   0: 0x8000b2d4 (0xd23f2823) sw      gp, -720(t5)
core   0: 3 0x8000b2d4 (0xd23f2823) mem 0x8000d000 0x00000001
core   0: 0x8000b2d8 (0xff9ff06f) j       pc - 0x8
core   0: 3 0x8000b2d8 (0xff9ff06f)
core   0: 0x8000b2d0 (0x00002f17) auipc   t5, 0x2
core   0: 3 0x8000b2d0 (0x00002f17) x30 0x8000d2d0
core   0: 0x8000b2d4 (0xd23f2823) sw      gp, -720(t5)
core   0: 3 0x8000b2d4 (0xd23f2823) mem 0x8000d000 0x00000001
core   0: 0x8000b2d8 (0xff9ff06f) j       pc - 0x8
core   0: 3 0x8000b2d8 (0xff9ff06f)
core   0: 0x8000b2d0 (0x00002f17) auipc   t5, 0x2
core   0: 3 0x8000b2d0 (0x00002f17) x30 0x8000d2d0
core   0: 0x8000b2d4 (0xd23f2823) sw      gp, -720(t5)
core   0: 3 0x8000b2d4 (0xd23f2823) mem 0x8000d000 0x00000001
core   0: 0x8000b2d8 (0xff9ff06f) j       pc - 0x8
core   0: 3 0x8000b2d8 (0xff9ff06f)
core   0: 0x8000b2d0 (0x00002f17) auipc   t5, 0x2
core   0: 3 0x8000b2d0 (0x00002f17) x30 0x8000d2d0
core   0: 0x8000b2d4 (0xd23f2823) sw      gp, -720(t5)
core   0: 3 0x8000b2d4 (0xd23f2823) mem 0x8000d000 0x00000001
core   0: 0x8000b2d8 (0xff9ff06f) j       pc - 0x8
core   0: 3 0x8000b2d8 (0xff9ff06f)
core   0: 0x8000b2d0 (0x00002f17) auipc   t5, 0x2
core   0: 3 0x8000b2d0 (0x00002f17) x30 0x8000d2d0
core   0: 0x8000b2d4 (0xd23f2823) sw      gp, -720(t5)
core   0: 3 0x8000b2d4 (0xd23f2823) mem 0x8000d000 0x00000001
core   0: 0x8000b2d8 (0xff9ff06f) j       pc - 0x8
core   0: 3 0x8000b2d8 (0xff9ff06f)
core   0: 0x8000b2d0 (0x00002f17) auipc   t5, 0x2
core   0: 3 0x8000b2d0 (0x00002f17) x30 0x8000d2d0
core   0: 0x8000b2d4 (0xd23f2823) sw      gp, -720(t5)
core   0: 3 0x8000b2d4 (0xd23f2823) mem 0x8000d000 0x00000001
core   0: 0x8000b2d8 (0xff9ff06f) j       pc - 0x8
core   0: 3 0x8000b2d8 (0xff9ff06f)
core   0: 0x8000b2d0 (0x00002f17) auipc   t5, 0x2
core   0: 3 0x8000b2d0 (0x00002f17) x30 0x8000d2d0
core   0: 0x8000b2d4 (0xd23f2823) sw      gp, -720(t5)
core   0: 3 0x8000b2d4 (0xd23f2823) mem 0x8000d000 0x00000001
core   0: 0x8000b2d8 (0xff9ff06f) j       pc - 0x8
core   0: 3 0x8000b2d8 (0xff9ff06f)
core   0: 0x8000b2d0 (0x00002f17) auipc   t5, 0x2
core   0: 3 0x8000b2d0 (0x00002f17) x30 0x8000d2d0
core   0: 0x8000b2d4 (0xd23f2823) sw      gp, -720(t5)
core   0: 3 0x8000b2d4 (0xd23f2823) mem 0x8000d000 0x00000001
core   0: 0x8000b2d8 (0xff9ff06f) j       pc - 0x8
core   0: 3 0x8000b2d8 (0xff9ff06f)
core   0: 0x8000b2d0 (0x00002f17) auipc   t5, 0x2
core   0: 3 0x8000b2d0 (0x00002f17) x30 0x8000d2d0
core   0: 0x8000b2d4 (0xd23f2823) sw      gp, -720(t5)
core   0: 3 0x8000b2d4 (0xd23f2823) mem 0x8000d000 0x00000001
core   0: 0x8000b2d8 (0xff9ff06f) j       pc - 0x8
core   0: 3 0x8000b2d8 (0xff9ff06f)
core   0: 0x8000b2d0 (0x00002f17) auipc   t5, 0x2
core   0: 3 0x8000b2d0 (0x00002f17) x30 0x8000d2d0
core   0: 0x8000b2d4 (0xd23f2823) sw      gp, -720(t5)
core   0: 3 0x8000b2d4 (0xd23f2823) mem 0x8000d000 0x00000001
core   0: 0x8000b2d8 (0xff9ff06f) j       pc - 0x8
core   0: 3 0x8000b2d8 (0xff9ff06f)
core   0: 0x8000b2d0 (0x00002f17) auipc   t5, 0x2
core   0: 3 0x8000b2d0 (0x00002f17) x30 0x8000d2d0
core   0: 0x8000b2d4 (0xd23f2823) sw      gp, -720(t5)
core   0: 3 0x8000b2d4 (0xd23f2823) mem 0x8000d000 0x00000001
core   0: 0x8000b2d8 (0xff9ff06f) j       pc - 0x8
core   0: 3 0x8000b2d8 (0xff9ff06f)
core   0: 0x8000b2d0 (0x00002f17) auipc   t5, 0x2
core   0: 3 0x8000b2d0 (0x00002f17) x30 0x8000d2d0
core   0: 0x8000b2d4 (0xd23f2823) sw      gp, -720(t5)
core   0: 3 0x8000b2d4 (0xd23f2823) mem 0x8000d000 0x00000001
core   0: 0x8000b2d8 (0xff9ff06f) j       pc - 0x8
core   0: 3 0x8000b2d8 (0xff9ff06f)
core   0: 0x8000b2d0 (0x00002f17) auipc   t5, 0x2
core   0: 3 0x8000b2d0 (0x00002f17) x30 0x8000d2d0
core   0: 0x8000b2d4 (0xd23f2823) sw      gp, -720(t5)
core   0: 3 0x8000b2d4 (0xd23f2823) mem 0x8000d000 0x00000001
core   0: 0x8000b2d8 (0xff9ff06f) j       pc - 0x8
core   0: 3 0x8000b2d8 (0xff9ff06f)
core   0: 0x8000b2d0 (0x00002f17) auipc   t5, 0x2
core   0: 3 0x8000b2d0 (0x00002f17) x30 0x8000d2d0
core   0: 0x8000b2d4 (0xd23f2823) sw      gp, -720(t5)
core   0: 3 0x8000b2d4 (0xd23f2823) mem 0x8000d000 0x00000001
core   0: 0x8000b2d8 (0xff9ff06f) j       pc - 0x8
core   0: 3 0x8000b2d8 (0xff9ff06f)
core   0: 0x8000b2d0 (0x00002f17) auipc   t5, 0x2
core   0: 3 0x8000b2d0 (0x00002f17) x30 0x8000d2d0
core   0: 0x8000b2d4 (0xd23f2823) sw      gp, -720(t5)
core   0: 3 0x8000b2d4 (0xd23f2823) mem 0x8000d000 0x00000001
core   0: 0x8000b2d8 (0xff9ff06f) j       pc - 0x8
core   0: 3 0x8000b2d8 (0xff9ff06f)
core   0: 0x8000b2d0 (0x00002f17) auipc   t5, 0x2
core   0: 3 0x8000b2d0 (0x00002f17) x30 0x8000d2d0
core   0: 0x8000b2d4 (0xd23f2823) sw      gp, -720(t5)
core   0: 3 0x8000b2d4 (0xd23f2823) mem 0x8000d000 0x00000001
core   0: 0x8000b2d8 (0xff9ff06f) j       pc - 0x8
core   0: 3 0x8000b2d8 (0xff9ff06f)
core   0: 0x8000b2d0 (0x00002f17) auipc   t5, 0x2
core   0: 3 0x8000b2d0 (0x00002f17) x30 0x8000d2d0
core   0: 0x8000b2d4 (0xd23f2823) sw      gp, -720(t5)
core   0: 3 0x8000b2d4 (0xd23f2823) mem 0x8000d000 0x00000001
core   0: 0x8000b2d8 (0xff9ff06f) j       pc - 0x8
core   0: 3 0x8000b2d8 (0xff9ff06f)
core   0: 0x8000b2d0 (0x00002f17) auipc   t5, 0x2
core   0: 3 0x8000b2d0 (0x00002f17) x30 0x8000d2d0
core   0: 0x8000b2d4 (0xd23f2823) sw      gp, -720(t5)
core   0: 3 0x8000b2d4 (0xd23f2823) mem 0x8000d000 0x00000001
core   0: 0x8000b2d8 (0xff9ff06f) j       pc - 0x8
core   0: 3 0x8000b2d8 (0xff9ff06f)
core   0: 0x8000b2d0 (0x00002f17) auipc   t5, 0x2
core   0: 3 0x8000b2d0 (0x00002f17) x30 0x8000d2d0
core   0: 0x8000b2d4 (0xd23f2823) sw      gp, -720(t5)
core   0: 3 0x8000b2d4 (0xd23f2823) mem 0x8000d000 0x00000001
core   0: 0x8000b2d8 (0xff9ff06f) j       pc - 0x8
core   0: 3 0x8000b2d8 (0xff9ff06f)
core   0: 0x8000b2d0 (0x00002f17) auipc   t5, 0x2
core   0: 3 0x8000b2d0 (0x00002f17) x30 0x8000d2d0
core   0: 0x8000b2d4 (0xd23f2823) sw      gp, -720(t5)
core   0: 3 0x8000b2d4 (0xd23f2823) mem 0x8000d000 0x00000001
core   0: 0x8000b2d8 (0xff9ff06f) j       pc - 0x8
core   0: 3 0x8000b2d8 (0xff9ff06f)
core   0: 0x8000b2d0 (0x00002f17) auipc   t5, 0x2
core   0: 3 0x8000b2d0 (0x00002f17) x30 0x8000d2d0
core   0: 0x8000b2d4 (0xd23f2823) sw      gp, -720(t5)
core   0: 3 0x8000b2d4 (0xd23f2823) mem 0x8000d000 0x00000001
core   0: 0x8000b2d8 (0xff9ff06f) j       pc - 0x8
core   0: 3 0x8000b2d8 (0xff9ff06f)
core   0: 0x8000b2d0 (0x00002f17) auipc   t5, 0x2
core   0: 3 0x8000b2d0 (0x00002f17) x30 0x8000d2d0
core   0: 0x8000b2d4 (0xd23f2823) sw      gp, -720(t5)
core   0: 3 0x8000b2d4 (0xd23f2823) mem 0x8000d000 0x00000001
core   0: 0x8000b2d8 (0xff9ff06f) j       pc - 0x8
core   0: 3 0x8000b2d8 (0xff9ff06f)
core   0: 0x8000b2d0 (0x00002f17) auipc   t5, 0x2
core   0: 3 0x8000b2d0 (0x00002f17) x30 0x8000d2d0
core   0: 0x8000b2d4 (0xd23f2823) sw      gp, -720(t5)
core   0: 3 0x8000b2d4 (0xd23f2823) mem 0x8000d000 0x00000001
core   0: 0x8000b2d8 (0xff9ff06f) j       pc - 0x8
core   0: 3 0x8000b2d8 (0xff9ff06f)
core   0: 0x8000b2d0 (0x00002f17) auipc   t5, 0x2
core   0: 3 0x8000b2d0 (0x00002f17) x30 0x8000d2d0
core   0: 0x8000b2d4 (0xd23f2823) sw      gp, -720(t5)
core   0: 3 0x8000b2d4 (0xd23f2823) mem 0x8000d000 0x00000001
core   0: 0x8000b2d8 (0xff9ff06f) j       pc - 0x8
core   0: 3 0x8000b2d8 (0xff9ff06f)
core   0: 0x8000b2d0 (0x00002f17) auipc   t5, 0x2
core   0: 3 0x8000b2d0 (0x00002f17) x30 0x8000d2d0
core   0: 0x8000b2d4 (0xd23f2823) sw      gp, -720(t5)
core   0: 3 0x8000b2d4 (0xd23f2823) mem 0x8000d000 0x00000001
core   0: 0x8000b2d8 (0xff9ff06f) j       pc - 0x8
core   0: 3 0x8000b2d8 (0xff9ff06f)
core   0: 0x8000b2d0 (0x00002f17) auipc   t5, 0x2
core   0: 3 0x8000b2d0 (0x00002f17) x30 0x8000d2d0
core   0: 0x8000b2d4 (0xd23f2823) sw      gp, -720(t5)
core   0: 3 0x8000b2d4 (0xd23f2823) mem 0x8000d000 0x00000001
core   0: 0x8000b2d8 (0xff9ff06f) j       pc - 0x8
core   0: 3 0x8000b2d8 (0xff9ff06f)
core   0: 0x8000b2d0 (0x00002f17) auipc   t5, 0x2
core   0: 3 0x8000b2d0 (0x00002f17) x30 0x8000d2d0
core   0: 0x8000b2d4 (0xd23f2823) sw      gp, -720(t5)
core   0: 3 0x8000b2d4 (0xd23f2823) mem 0x8000d000 0x00000001
core   0: 0x8000b2d8 (0xff9ff06f) j       pc - 0x8
core   0: 3 0x8000b2d8 (0xff9ff06f)
core   0: 0x8000b2d0 (0x00002f17) auipc   t5, 0x2
core   0: 3 0x8000b2d0 (0x00002f17) x30 0x8000d2d0
core   0: 0x8000b2d4 (0xd23f2823) sw      gp, -720(t5)
core   0: 3 0x8000b2d4 (0xd23f2823) mem 0x8000d000 0x00000001
core   0: 0x8000b2d8 (0xff9ff06f) j       pc - 0x8
core   0: 3 0x8000b2d8 (0xff9ff06f)
core   0: 0x8000b2d0 (0x00002f17) auipc   t5, 0x2
core   0: 3 0x8000b2d0 (0x00002f17) x30 0x8000d2d0
core   0: 0x8000b2d4 (0xd23f2823) sw      gp, -720(t5)
core   0: 3 0x8000b2d4 (0xd23f2823) mem 0x8000d000 0x00000001
core   0: 0x8000b2d8 (0xff9ff06f) j       pc - 0x8
core   0: 3 0x8000b2d8 (0xff9ff06f)
core   0: 0x8000b2d0 (0x00002f17) auipc   t5, 0x2
core   0: 3 0x8000b2d0 (0x00002f17) x30 0x8000d2d0
core   0: 0x8000b2d4 (0xd23f2823) sw      gp, -720(t5)
core   0: 3 0x8000b2d4 (0xd23f2823) mem 0x8000d000 0x00000001
core   0: 0x8000b2d8 (0xff9ff06f) j       pc - 0x8
core   0: 3 0x8000b2d8 (0xff9ff06f)
core   0: 0x8000b2d0 (0x00002f17) auipc   t5, 0x2
core   0: 3 0x8000b2d0 (0x00002f17) x30 0x8000d2d0
core   0: 0x8000b2d4 (0xd23f2823) sw      gp, -720(t5)
core   0: 3 0x8000b2d4 (0xd23f2823) mem 0x8000d000 0x00000001
core   0: 0x8000b2d8 (0xff9ff06f) j       pc - 0x8
core   0: 3 0x8000b2d8 (0xff9ff06f)
core   0: 0x8000b2d0 (0x00002f17) auipc   t5, 0x2
core   0: 3 0x8000b2d0 (0x00002f17) x30 0x8000d2d0
core   0: 0x8000b2d4 (0xd23f2823) sw      gp, -720(t5)
core   0: 3 0x8000b2d4 (0xd23f2823) mem 0x8000d000 0x00000001
core   0: 0x8000b2d8 (0xff9ff06f) j       pc - 0x8
core   0: 3 0x8000b2d8 (0xff9ff06f)
core   0: 0x8000b2d0 (0x00002f17) auipc   t5, 0x2
core   0: 3 0x8000b2d0 (0x00002f17) x30 0x8000d2d0
core   0: 0x8000b2d4 (0xd23f2823) sw      gp, -720(t5)
core   0: 3 0x8000b2d4 (0xd23f2823) mem 0x8000d000 0x00000001
core   0: 0x8000b2d8 (0xff9ff06f) j       pc - 0x8
core   0: 3 0x8000b2d8 (0xff9ff06f)
core   0: 0x8000b2d0 (0x00002f17) auipc   t5, 0x2
core   0: 3 0x8000b2d0 (0x00002f17) x30 0x8000d2d0
core   0: 0x8000b2d4 (0xd23f2823) sw      gp, -720(t5)
core   0: 3 0x8000b2d4 (0xd23f2823) mem 0x8000d000 0x00000001
core   0: 0x8000b2d8 (0xff9ff06f) j       pc - 0x8
core   0: 3 0x8000b2d8 (0xff9ff06f)
core   0: 0x8000b2d0 (0x00002f17) auipc   t5, 0x2
core   0: 3 0x8000b2d0 (0x00002f17) x30 0x8000d2d0
core   0: 0x8000b2d4 (0xd23f2823) sw      gp, -720(t5)
core   0: 3 0x8000b2d4 (0xd23f2823) mem 0x8000d000 0x00000001
core   0: 0x8000b2d8 (0xff9ff06f) j       pc - 0x8
core   0: 3 0x8000b2d8 (0xff9ff06f)
core   0: 0x8000b2d0 (0x00002f17) auipc   t5, 0x2
core   0: 3 0x8000b2d0 (0x00002f17) x30 0x8000d2d0
core   0: 0x8000b2d4 (0xd23f2823) sw      gp, -720(t5)
core   0: 3 0x8000b2d4 (0xd23f2823) mem 0x8000d000 0x00000001
core   0: 0x8000b2d8 (0xff9ff06f) j       pc - 0x8
core   0: 3 0x8000b2d8 (0xff9ff06f)
core   0: 0x8000b2d0 (0x00002f17) auipc   t5, 0x2
core   0: 3 0x8000b2d0 (0x00002f17) x30 0x8000d2d0
core   0: 0x8000b2d4 (0xd23f2823) sw      gp, -720(t5)
core   0: 3 0x8000b2d4 (0xd23f2823) mem 0x8000d000 0x00000001
core   0: 0x8000b2d8 (0xff9ff06f) j       pc - 0x8
core   0: 3 0x8000b2d8 (0xff9ff06f)
core   0: 0x8000b2d0 (0x00002f17) auipc   t5, 0x2
core   0: 3 0x8000b2d0 (0x00002f17) x30 0x8000d2d0
core   0: 0x8000b2d4 (0xd23f2823) sw      gp, -720(t5)
core   0: 3 0x8000b2d4 (0xd23f2823) mem 0x8000d000 0x00000001
core   0: 0x8000b2d8 (0xff9ff06f) j       pc - 0x8
core   0: 3 0x8000b2d8 (0xff9ff06f)
core   0: 0x8000b2d0 (0x00002f17) auipc   t5, 0x2
core   0: 3 0x8000b2d0 (0x00002f17) x30 0x8000d2d0
core   0: 0x8000b2d4 (0xd23f2823) sw      gp, -720(t5)
core   0: 3 0x8000b2d4 (0xd23f2823) mem 0x8000d000 0x00000001
core   0: 0x8000b2d8 (0xff9ff06f) j       pc - 0x8
core   0: 3 0x8000b2d8 (0xff9ff06f)
core   0: 0x8000b2d0 (0x00002f17) auipc   t5, 0x2
core   0: 3 0x8000b2d0 (0x00002f17) x30 0x8000d2d0
core   0: 0x8000b2d4 (0xd23f2823) sw      gp, -720(t5)
core   0: 3 0x8000b2d4 (0xd23f2823) mem 0x8000d000 0x00000001
core   0: 0x8000b2d8 (0xff9ff06f) j       pc - 0x8
core   0: 3 0x8000b2d8 (0xff9ff06f)
core   0: 0x8000b2d0 (0x00002f17) auipc   t5, 0x2
core   0: 3 0x8000b2d0 (0x00002f17) x30 0x8000d2d0
core   0: 0x8000b2d4 (0xd23f2823) sw      gp, -720(t5)
core   0: 3 0x8000b2d4 (0xd23f2823) mem 0x8000d000 0x00000001
core   0: 0x8000b2d8 (0xff9ff06f) j       pc - 0x8
core   0: 3 0x8000b2d8 (0xff9ff06f)
core   0: 0x8000b2d0 (0x00002f17) auipc   t5, 0x2
core   0: 3 0x8000b2d0 (0x00002f17) x30 0x8000d2d0
core   0: 0x8000b2d4 (0xd23f2823) sw      gp, -720(t5)
core   0: 3 0x8000b2d4 (0xd23f2823) mem 0x8000d000 0x00000001
core   0: 0x8000b2d8 (0xff9ff06f) j       pc - 0x8
core   0: 3 0x8000b2d8 (0xff9ff06f)
core   0: 0x8000b2d0 (0x00002f17) auipc   t5, 0x2
core   0: 3 0x8000b2d0 (0x00002f17) x30 0x8000d2d0
core   0: 0x8000b2d4 (0xd23f2823) sw      gp, -720(t5)
core   0: 3 0x8000b2d4 (0xd23f2823) mem 0x8000d000 0x00000001
core   0: 0x8000b2d8 (0xff9ff06f) j       pc - 0x8
core   0: 3 0x8000b2d8 (0xff9ff06f)
core   0: 0x8000b2d0 (0x00002f17) auipc   t5, 0x2
core   0: 3 0x8000b2d0 (0x00002f17) x30 0x8000d2d0
core   0: 0x8000b2d4 (0xd23f2823) sw      gp, -720(t5)
core   0: 3 0x8000b2d4 (0xd23f2823) mem 0x8000d000 0x00000001
core   0: 0x8000b2d8 (0xff9ff06f) j       pc - 0x8
core   0: 3 0x8000b2d8 (0xff9ff06f)
core   0: 0x8000b2d0 (0x00002f17) auipc   t5, 0x2
core   0: 3 0x8000b2d0 (0x00002f17) x30 0x8000d2d0
core   0: 0x8000b2d4 (0xd23f2823) sw      gp, -720(t5)
core   0: 3 0x8000b2d4 (0xd23f2823) mem 0x8000d000 0x00000001
core   0: 0x8000b2d8 (0xff9ff06f) j       pc - 0x8
core   0: 3 0x8000b2d8 (0xff9ff06f)
core   0: 0x8000b2d0 (0x00002f17) auipc   t5, 0x2
core   0: 3 0x8000b2d0 (0x00002f17) x30 0x8000d2d0
core   0: 0x8000b2d4 (0xd23f2823) sw      gp, -720(t5)
core   0: 3 0x8000b2d4 (0xd23f2823) mem 0x8000d000 0x00000001
core   0: 0x8000b2d8 (0xff9ff06f) j       pc - 0x8
core   0: 3 0x8000b2d8 (0xff9ff06f)
core   0: 0x8000b2d0 (0x00002f17) auipc   t5, 0x2
core   0: 3 0x8000b2d0 (0x00002f17) x30 0x8000d2d0
core   0: 0x8000b2d4 (0xd23f2823) sw      gp, -720(t5)
core   0: 3 0x8000b2d4 (0xd23f2823) mem 0x8000d000 0x00000001
core   0: 0x8000b2d8 (0xff9ff06f) j       pc - 0x8
core   0: 3 0x8000b2d8 (0xff9ff06f)
core   0: 0x8000b2d0 (0x00002f17) auipc   t5, 0x2
core   0: 3 0x8000b2d0 (0x00002f17) x30 0x8000d2d0
core   0: 0x8000b2d4 (0xd23f2823) sw      gp, -720(t5)
core   0: 3 0x8000b2d4 (0xd23f2823) mem 0x8000d000 0x00000001
core   0: 0x8000b2d8 (0xff9ff06f) j       pc - 0x8
core   0: 3 0x8000b2d8 (0xff9ff06f)
core   0: 0x8000b2d0 (0x00002f17) auipc   t5, 0x2
core   0: 3 0x8000b2d0 (0x00002f17) x30 0x8000d2d0
core   0: 0x8000b2d4 (0xd23f2823) sw      gp, -720(t5)
core   0: 3 0x8000b2d4 (0xd23f2823) mem 0x8000d000 0x00000001
core   0: 0x8000b2d8 (0xff9ff06f) j       pc - 0x8
core   0: 3 0x8000b2d8 (0xff9ff06f)
core   0: 0x8000b2d0 (0x00002f17) auipc   t5, 0x2
core   0: 3 0x8000b2d0 (0x00002f17) x30 0x8000d2d0
core   0: 0x8000b2d4 (0xd23f2823) sw      gp, -720(t5)
core   0: 3 0x8000b2d4 (0xd23f2823) mem 0x8000d000 0x00000001
core   0: 0x8000b2d8 (0xff9ff06f) j       pc - 0x8
core   0: 3 0x8000b2d8 (0xff9ff06f)
core   0: 0x8000b2d0 (0x00002f17) auipc   t5, 0x2
core   0: 3 0x8000b2d0 (0x00002f17) x30 0x8000d2d0
core   0: 0x8000b2d4 (0xd23f2823) sw      gp, -720(t5)
core   0: 3 0x8000b2d4 (0xd23f2823) mem 0x8000d000 0x00000001
core   0: 0x8000b2d8 (0xff9ff06f) j       pc - 0x8
core   0: 3 0x8000b2d8 (0xff9ff06f)
core   0: 0x8000b2d0 (0x00002f17) auipc   t5, 0x2
core   0: 3 0x8000b2d0 (0x00002f17) x30 0x8000d2d0
core   0: 0x8000b2d4 (0xd23f2823) sw      gp, -720(t5)
core   0: 3 0x8000b2d4 (0xd23f2823) mem 0x8000d000 0x00000001
core   0: 0x8000b2d8 (0xff9ff06f) j       pc - 0x8
core   0: 3 0x8000b2d8 (0xff9ff06f)
core   0: 0x8000b2d0 (0x00002f17) auipc   t5, 0x2
core   0: 3 0x8000b2d0 (0x00002f17) x30 0x8000d2d0
core   0: 0x8000b2d4 (0xd23f2823) sw      gp, -720(t5)
core   0: 3 0x8000b2d4 (0xd23f2823) mem 0x8000d000 0x00000001
core   0: 0x8000b2d8 (0xff9ff06f) j       pc - 0x8
core   0: 3 0x8000b2d8 (0xff9ff06f)
core   0: 0x8000b2d0 (0x00002f17) auipc   t5, 0x2
core   0: 3 0x8000b2d0 (0x00002f17) x30 0x8000d2d0
core   0: 0x8000b2d4 (0xd23f2823) sw      gp, -720(t5)
core   0: 3 0x8000b2d4 (0xd23f2823) mem 0x8000d000 0x00000001
core   0: 0x8000b2d8 (0xff9ff06f) j       pc - 0x8
core   0: 3 0x8000b2d8 (0xff9ff06f)
core   0: 0x8000b2d0 (0x00002f17) auipc   t5, 0x2
core   0: 3 0x8000b2d0 (0x00002f17) x30 0x8000d2d0
core   0: 0x8000b2d4 (0xd23f2823) sw      gp, -720(t5)
core   0: 3 0x8000b2d4 (0xd23f2823) mem 0x8000d000 0x00000001
core   0: 0x8000b2d8 (0xff9ff06f) j       pc - 0x8
core   0: 3 0x8000b2d8 (0xff9ff06f)
core   0: 0x8000b2d0 (0x00002f17) auipc   t5, 0x2
core   0: 3 0x8000b2d0 (0x00002f17) x30 0x8000d2d0
core   0: 0x8000b2d4 (0xd23f2823) sw      gp, -720(t5)
core   0: 3 0x8000b2d4 (0xd23f2823) mem 0x8000d000 0x00000001
core   0: 0x8000b2d8 (0xff9ff06f) j       pc - 0x8
core   0: 3 0x8000b2d8 (0xff9ff06f)
core   0: 0x8000b2d0 (0x00002f17) auipc   t5, 0x2
core   0: 3 0x8000b2d0 (0x00002f17) x30 0x8000d2d0
core   0: 0x8000b2d4 (0xd23f2823) sw      gp, -720(t5)
core   0: 3 0x8000b2d4 (0xd23f2823) mem 0x8000d000 0x00000001
core   0: 0x8000b2d8 (0xff9ff06f) j       pc - 0x8
core   0: 3 0x8000b2d8 (0xff9ff06f)
core   0: 0x8000b2d0 (0x00002f17) auipc   t5, 0x2
core   0: 3 0x8000b2d0 (0x00002f17) x30 0x8000d2d0
core   0: 0x8000b2d4 (0xd23f2823) sw      gp, -720(t5)
core   0: 3 0x8000b2d4 (0xd23f2823) mem 0x8000d000 0x00000001
core   0: 0x8000b2d8 (0xff9ff06f) j       pc - 0x8
core   0: 3 0x8000b2d8 (0xff9ff06f)
core   0: 0x8000b2d0 (0x00002f17) auipc   t5, 0x2
core   0: 3 0x8000b2d0 (0x00002f17) x30 0x8000d2d0
core   0: 0x8000b2d4 (0xd23f2823) sw      gp, -720(t5)
core   0: 3 0x8000b2d4 (0xd23f2823) mem 0x8000d000 0x00000001
core   0: 0x8000b2d8 (0xff9ff06f) j       pc - 0x8
core   0: 3 0x8000b2d8 (0xff9ff06f)
core   0: 0x8000b2d0 (0x00002f17) auipc   t5, 0x2
core   0: 3 0x8000b2d0 (0x00002f17) x30 0x8000d2d0
core   0: 0x8000b2d4 (0xd23f2823) sw      gp, -720(t5)
core   0: 3 0x8000b2d4 (0xd23f2823) mem 0x8000d000 0x00000001
core   0: 0x8000b2d8 (0xff9ff06f) j       pc - 0x8
core   0: 3 0x8000b2d8 (0xff9ff06f)
core   0: 0x8000b2d0 (0x00002f17) auipc   t5, 0x2
core   0: 3 0x8000b2d0 (0x00002f17) x30 0x8000d2d0
core   0: 0x8000b2d4 (0xd23f2823) sw      gp, -720(t5)
core   0: 3 0x8000b2d4 (0xd23f2823) mem 0x8000d000 0x00000001
core   0: 0x8000b2d8 (0xff9ff06f) j       pc - 0x8
core   0: 3 0x8000b2d8 (0xff9ff06f)
core   0: 0x8000b2d0 (0x00002f17) auipc   t5, 0x2
core   0: 3 0x8000b2d0 (0x00002f17) x30 0x8000d2d0
core   0: 0x8000b2d4 (0xd23f2823) sw      gp, -720(t5)
core   0: 3 0x8000b2d4 (0xd23f2823) mem 0x8000d000 0x00000001
core   0: 0x8000b2d8 (0xff9ff06f) j       pc - 0x8
core   0: 3 0x8000b2d8 (0xff9ff06f)
core   0: 0x8000b2d0 (0x00002f17) auipc   t5, 0x2
core   0: 3 0x8000b2d0 (0x00002f17) x30 0x8000d2d0
core   0: 0x8000b2d4 (0xd23f2823) sw      gp, -720(t5)
core   0: 3 0x8000b2d4 (0xd23f2823) mem 0x8000d000 0x00000001
core   0: 0x8000b2d8 (0xff9ff06f) j       pc - 0x8
core   0: 3 0x8000b2d8 (0xff9ff06f)
core   0: 0x8000b2d0 (0x00002f17) auipc   t5, 0x2
core   0: 3 0x8000b2d0 (0x00002f17) x30 0x8000d2d0
core   0: 0x8000b2d4 (0xd23f2823) sw      gp, -720(t5)
core   0: 3 0x8000b2d4 (0xd23f2823) mem 0x8000d000 0x00000001
core   0: 0x8000b2d8 (0xff9ff06f) j       pc - 0x8
core   0: 3 0x8000b2d8 (0xff9ff06f)
core   0: 0x8000b2d0 (0x00002f17) auipc   t5, 0x2
core   0: 3 0x8000b2d0 (0x00002f17) x30 0x8000d2d0
core   0: 0x8000b2d4 (0xd23f2823) sw      gp, -720(t5)
core   0: 3 0x8000b2d4 (0xd23f2823) mem 0x8000d000 0x00000001
core   0: 0x8000b2d8 (0xff9ff06f) j       pc - 0x8
core   0: 3 0x8000b2d8 (0xff9ff06f)
core   0: 0x8000b2d0 (0x00002f17) auipc   t5, 0x2
core   0: 3 0x8000b2d0 (0x00002f17) x30 0x8000d2d0
core   0: 0x8000b2d4 (0xd23f2823) sw      gp, -720(t5)
core   0: 3 0x8000b2d4 (0xd23f2823) mem 0x8000d000 0x00000001
core   0: 0x8000b2d8 (0xff9ff06f) j       pc - 0x8
core   0: 3 0x8000b2d8 (0xff9ff06f)
core   0: 0x8000b2d0 (0x00002f17) auipc   t5, 0x2
core   0: 3 0x8000b2d0 (0x00002f17) x30 0x8000d2d0
core   0: 0x8000b2d4 (0xd23f2823) sw      gp, -720(t5)
core   0: 3 0x8000b2d4 (0xd23f2823) mem 0x8000d000 0x00000001
core   0: 0x8000b2d8 (0xff9ff06f) j       pc - 0x8
core   0: 3 0x8000b2d8 (0xff9ff06f)
core   0: 0x8000b2d0 (0x00002f17) auipc   t5, 0x2
core   0: 3 0x8000b2d0 (0x00002f17) x30 0x8000d2d0
core   0: 0x8000b2d4 (0xd23f2823) sw      gp, -720(t5)
core   0: 3 0x8000b2d4 (0xd23f2823) mem 0x8000d000 0x00000001
core   0: 0x8000b2d8 (0xff9ff06f) j       pc - 0x8
core   0: 3 0x8000b2d8 (0xff9ff06f)
core   0: 0x8000b2d0 (0x00002f17) auipc   t5, 0x2
core   0: 3 0x8000b2d0 (0x00002f17) x30 0x8000d2d0
core   0: 0x8000b2d4 (0xd23f2823) sw      gp, -720(t5)
core   0: 3 0x8000b2d4 (0xd23f2823) mem 0x8000d000 0x00000001
core   0: 0x8000b2d8 (0xff9ff06f) j       pc - 0x8
core   0: 3 0x8000b2d8 (0xff9ff06f)
core   0: 0x8000b2d0 (0x00002f17) auipc   t5, 0x2
core   0: 3 0x8000b2d0 (0x00002f17) x30 0x8000d2d0
core   0: 0x8000b2d4 (0xd23f2823) sw      gp, -720(t5)
core   0: 3 0x8000b2d4 (0xd23f2823) mem 0x8000d000 0x00000001
core   0: 0x8000b2d8 (0xff9ff06f) j       pc - 0x8
core   0: 3 0x8000b2d8 (0xff9ff06f)
core   0: 0x8000b2d0 (0x00002f17) auipc   t5, 0x2
core   0: 3 0x8000b2d0 (0x00002f17) x30 0x8000d2d0
core   0: 0x8000b2d4 (0xd23f2823) sw      gp, -720(t5)
core   0: 3 0x8000b2d4 (0xd23f2823) mem 0x8000d000 0x00000001
core   0: 0x8000b2d8 (0xff9ff06f) j       pc - 0x8
core   0: 3 0x8000b2d8 (0xff9ff06f)
core   0: 0x8000b2d0 (0x00002f17) auipc   t5, 0x2
core   0: 3 0x8000b2d0 (0x00002f17) x30 0x8000d2d0
core   0: 0x8000b2d4 (0xd23f2823) sw      gp, -720(t5)
core   0: 3 0x8000b2d4 (0xd23f2823) mem 0x8000d000 0x00000001
core   0: 0x8000b2d8 (0xff9ff06f) j       pc - 0x8
core   0: 3 0x8000b2d8 (0xff9ff06f)
core   0: 0x8000b2d0 (0x00002f17) auipc   t5, 0x2
core   0: 3 0x8000b2d0 (0x00002f17) x30 0x8000d2d0
core   0: 0x8000b2d4 (0xd23f2823) sw      gp, -720(t5)
core   0: 3 0x8000b2d4 (0xd23f2823) mem 0x8000d000 0x00000001
core   0: 0x8000b2d8 (0xff9ff06f) j       pc - 0x8
core   0: 3 0x8000b2d8 (0xff9ff06f)
core   0: 0x8000b2d0 (0x00002f17) auipc   t5, 0x2
core   0: 3 0x8000b2d0 (0x00002f17) x30 0x8000d2d0
core   0: 0x8000b2d4 (0xd23f2823) sw      gp, -720(t5)
core   0: 3 0x8000b2d4 (0xd23f2823) mem 0x8000d000 0x00000001
core   0: 0x8000b2d8 (0xff9ff06f) j       pc - 0x8
core   0: 3 0x8000b2d8 (0xff9ff06f)
core   0: 0x8000b2d0 (0x00002f17) auipc   t5, 0x2
core   0: 3 0x8000b2d0 (0x00002f17) x30 0x8000d2d0
core   0: 0x8000b2d4 (0xd23f2823) sw      gp, -720(t5)
core   0: 3 0x8000b2d4 (0xd23f2823) mem 0x8000d000 0x00000001
core   0: 0x8000b2d8 (0xff9ff06f) j       pc - 0x8
core   0: 3 0x8000b2d8 (0xff9ff06f)
core   0: 0x8000b2d0 (0x00002f17) auipc   t5, 0x2
core   0: 3 0x8000b2d0 (0x00002f17) x30 0x8000d2d0
core   0: 0x8000b2d4 (0xd23f2823) sw      gp, -720(t5)
core   0: 3 0x8000b2d4 (0xd23f2823) mem 0x8000d000 0x00000001
core   0: 0x8000b2d8 (0xff9ff06f) j       pc - 0x8
core   0: 3 0x8000b2d8 (0xff9ff06f)
core   0: 0x8000b2d0 (0x00002f17) auipc   t5, 0x2
core   0: 3 0x8000b2d0 (0x00002f17) x30 0x8000d2d0
core   0: 0x8000b2d4 (0xd23f2823) sw      gp, -720(t5)
core   0: 3 0x8000b2d4 (0xd23f2823) mem 0x8000d000 0x00000001
core   0: 0x8000b2d8 (0xff9ff06f) j       pc - 0x8
core   0: 3 0x8000b2d8 (0xff9ff06f)
core   0: 0x8000b2d0 (0x00002f17) auipc   t5, 0x2
core   0: 3 0x8000b2d0 (0x00002f17) x30 0x8000d2d0
core   0: 0x8000b2d4 (0xd23f2823) sw      gp, -720(t5)
core   0: 3 0x8000b2d4 (0xd23f2823) mem 0x8000d000 0x00000001
core   0: 0x8000b2d8 (0xff9ff06f) j       pc - 0x8
core   0: 3 0x8000b2d8 (0xff9ff06f)
core   0: 0x8000b2d0 (0x00002f17) auipc   t5, 0x2
core   0: 3 0x8000b2d0 (0x00002f17) x30 0x8000d2d0
core   0: 0x8000b2d4 (0xd23f2823) sw      gp, -720(t5)
core   0: 3 0x8000b2d4 (0xd23f2823) mem 0x8000d000 0x00000001
core   0: 0x8000b2d8 (0xff9ff06f) j       pc - 0x8
core   0: 3 0x8000b2d8 (0xff9ff06f)
core   0: 0x8000b2d0 (0x00002f17) auipc   t5, 0x2
core   0: 3 0x8000b2d0 (0x00002f17) x30 0x8000d2d0
core   0: 0x8000b2d4 (0xd23f2823) sw      gp, -720(t5)
core   0: 3 0x8000b2d4 (0xd23f2823) mem 0x8000d000 0x00000001
core   0: 0x8000b2d8 (0xff9ff06f) j       pc - 0x8
core   0: 3 0x8000b2d8 (0xff9ff06f)
core   0: 0x8000b2d0 (0x00002f17) auipc   t5, 0x2
core   0: 3 0x8000b2d0 (0x00002f17) x30 0x8000d2d0
core   0: 0x8000b2d4 (0xd23f2823) sw      gp, -720(t5)
core   0: 3 0x8000b2d4 (0xd23f2823) mem 0x8000d000 0x00000001
core   0: 0x8000b2d8 (0xff9ff06f) j       pc - 0x8
core   0: 3 0x8000b2d8 (0xff9ff06f)
core   0: 0x8000b2d0 (0x00002f17) auipc   t5, 0x2
core   0: 3 0x8000b2d0 (0x00002f17) x30 0x8000d2d0
core   0: 0x8000b2d4 (0xd23f2823) sw      gp, -720(t5)
core   0: 3 0x8000b2d4 (0xd23f2823) mem 0x8000d000 0x00000001
core   0: 0x8000b2d8 (0xff9ff06f) j       pc - 0x8
core   0: 3 0x8000b2d8 (0xff9ff06f)
core   0: 0x8000b2d0 (0x00002f17) auipc   t5, 0x2
core   0: 3 0x8000b2d0 (0x00002f17) x30 0x8000d2d0
core   0: 0x8000b2d4 (0xd23f2823) sw      gp, -720(t5)
core   0: 3 0x8000b2d4 (0xd23f2823) mem 0x8000d000 0x00000001
core   0: 0x8000b2d8 (0xff9ff06f) j       pc - 0x8
core   0: 3 0x8000b2d8 (0xff9ff06f)
core   0: 0x8000b2d0 (0x00002f17) auipc   t5, 0x2
core   0: 3 0x8000b2d0 (0x00002f17) x30 0x8000d2d0
core   0: 0x8000b2d4 (0xd23f2823) sw      gp, -720(t5)
core   0: 3 0x8000b2d4 (0xd23f2823) mem 0x8000d000 0x00000001
core   0: 0x8000b2d8 (0xff9ff06f) j       pc - 0x8
core   0: 3 0x8000b2d8 (0xff9ff06f)
core   0: 0x8000b2d0 (0x00002f17) auipc   t5, 0x2
core   0: 3 0x8000b2d0 (0x00002f17) x30 0x8000d2d0
core   0: 0x8000b2d4 (0xd23f2823) sw      gp, -720(t5)
core   0: 3 0x8000b2d4 (0xd23f2823) mem 0x8000d000 0x00000001
core   0: 0x8000b2d8 (0xff9ff06f) j       pc - 0x8
core   0: 3 0x8000b2d8 (0xff9ff06f)
core   0: 0x8000b2d0 (0x00002f17) auipc   t5, 0x2
core   0: 3 0x8000b2d0 (0x00002f17) x30 0x8000d2d0
core   0: 0x8000b2d4 (0xd23f2823) sw      gp, -720(t5)
core   0: 3 0x8000b2d4 (0xd23f2823) mem 0x8000d000 0x00000001
core   0: 0x8000b2d8 (0xff9ff06f) j       pc - 0x8
core   0: 3 0x8000b2d8 (0xff9ff06f)
core   0: 0x8000b2d0 (0x00002f17) auipc   t5, 0x2
core   0: 3 0x8000b2d0 (0x00002f17) x30 0x8000d2d0
core   0: 0x8000b2d4 (0xd23f2823) sw      gp, -720(t5)
core   0: 3 0x8000b2d4 (0xd23f2823) mem 0x8000d000 0x00000001
core   0: 0x8000b2d8 (0xff9ff06f) j       pc - 0x8
core   0: 3 0x8000b2d8 (0xff9ff06f)
core   0: 0x8000b2d0 (0x00002f17) auipc   t5, 0x2
core   0: 3 0x8000b2d0 (0x00002f17) x30 0x8000d2d0
core   0: 0x8000b2d4 (0xd23f2823) sw      gp, -720(t5)
core   0: 3 0x8000b2d4 (0xd23f2823) mem 0x8000d000 0x00000001
core   0: 0x8000b2d8 (0xff9ff06f) j       pc - 0x8
core   0: 3 0x8000b2d8 (0xff9ff06f)
core   0: 0x8000b2d0 (0x00002f17) auipc   t5, 0x2
core   0: 3 0x8000b2d0 (0x00002f17) x30 0x8000d2d0
core   0: 0x8000b2d4 (0xd23f2823) sw      gp, -720(t5)
core   0: 3 0x8000b2d4 (0xd23f2823) mem 0x8000d000 0x00000001
core   0: 0x8000b2d8 (0xff9ff06f) j       pc - 0x8
core   0: 3 0x8000b2d8 (0xff9ff06f)
core   0: 0x8000b2d0 (0x00002f17) auipc   t5, 0x2
core   0: 3 0x8000b2d0 (0x00002f17) x30 0x8000d2d0
core   0: 0x8000b2d4 (0xd23f2823) sw      gp, -720(t5)
core   0: 3 0x8000b2d4 (0xd23f2823) mem 0x8000d000 0x00000001
core   0: 0x8000b2d8 (0xff9ff06f) j       pc - 0x8
core   0: 3 0x8000b2d8 (0xff9ff06f)
core   0: 0x8000b2d0 (0x00002f17) auipc   t5, 0x2
core   0: 3 0x8000b2d0 (0x00002f17) x30 0x8000d2d0
core   0: 0x8000b2d4 (0xd23f2823) sw      gp, -720(t5)
core   0: 3 0x8000b2d4 (0xd23f2823) mem 0x8000d000 0x00000001
core   0: 0x8000b2d8 (0xff9ff06f) j       pc - 0x8
core   0: 3 0x8000b2d8 (0xff9ff06f)
core   0: 0x8000b2d0 (0x00002f17) auipc   t5, 0x2
core   0: 3 0x8000b2d0 (0x00002f17) x30 0x8000d2d0
core   0: 0x8000b2d4 (0xd23f2823) sw      gp, -720(t5)
core   0: 3 0x8000b2d4 (0xd23f2823) mem 0x8000d000 0x00000001
core   0: 0x8000b2d8 (0xff9ff06f) j       pc - 0x8
core   0: 3 0x8000b2d8 (0xff9ff06f)
core   0: 0x8000b2d0 (0x00002f17) auipc   t5, 0x2
core   0: 3 0x8000b2d0 (0x00002f17) x30 0x8000d2d0
core   0: 0x8000b2d4 (0xd23f2823) sw      gp, -720(t5)
core   0: 3 0x8000b2d4 (0xd23f2823) mem 0x8000d000 0x00000001
core   0: 0x8000b2d8 (0xff9ff06f) j       pc - 0x8
core   0: 3 0x8000b2d8 (0xff9ff06f)
core   0: 0x8000b2d0 (0x00002f17) auipc   t5, 0x2
core   0: 3 0x8000b2d0 (0x00002f17) x30 0x8000d2d0
core   0: 0x8000b2d4 (0xd23f2823) sw      gp, -720(t5)
core   0: 3 0x8000b2d4 (0xd23f2823) mem 0x8000d000 0x00000001
core   0: 0x8000b2d8 (0xff9ff06f) j       pc - 0x8
core   0: 3 0x8000b2d8 (0xff9ff06f)
core   0: 0x8000b2d0 (0x00002f17) auipc   t5, 0x2
core   0: 3 0x8000b2d0 (0x00002f17) x30 0x8000d2d0
core   0: 0x8000b2d4 (0xd23f2823) sw      gp, -720(t5)
core   0: 3 0x8000b2d4 (0xd23f2823) mem 0x8000d000 0x00000001
core   0: 0x8000b2d8 (0xff9ff06f) j       pc - 0x8
core   0: 3 0x8000b2d8 (0xff9ff06f)
core   0: 0x8000b2d0 (0x00002f17) auipc   t5, 0x2
core   0: 3 0x8000b2d0 (0x00002f17) x30 0x8000d2d0
core   0: 0x8000b2d4 (0xd23f2823) sw      gp, -720(t5)
core   0: 3 0x8000b2d4 (0xd23f2823) mem 0x8000d000 0x00000001
core   0: 0x8000b2d8 (0xff9ff06f) j       pc - 0x8
core   0: 3 0x8000b2d8 (0xff9ff06f)
core   0: 0x8000b2d0 (0x00002f17) auipc   t5, 0x2
core   0: 3 0x8000b2d0 (0x00002f17) x30 0x8000d2d0
core   0: 0x8000b2d4 (0xd23f2823) sw      gp, -720(t5)
core   0: 3 0x8000b2d4 (0xd23f2823) mem 0x8000d000 0x00000001
core   0: 0x8000b2d8 (0xff9ff06f) j       pc - 0x8
core   0: 3 0x8000b2d8 (0xff9ff06f)
core   0: 0x8000b2d0 (0x00002f17) auipc   t5, 0x2
core   0: 3 0x8000b2d0 (0x00002f17) x30 0x8000d2d0
core   0: 0x8000b2d4 (0xd23f2823) sw      gp, -720(t5)
core   0: 3 0x8000b2d4 (0xd23f2823) mem 0x8000d000 0x00000001
core   0: 0x8000b2d8 (0xff9ff06f) j       pc - 0x8
core   0: 3 0x8000b2d8 (0xff9ff06f)
core   0: 0x8000b2d0 (0x00002f17) auipc   t5, 0x2
core   0: 3 0x8000b2d0 (0x00002f17) x30 0x8000d2d0
core   0: 0x8000b2d4 (0xd23f2823) sw      gp, -720(t5)
core   0: 3 0x8000b2d4 (0xd23f2823) mem 0x8000d000 0x00000001
core   0: 0x8000b2d8 (0xff9ff06f) j       pc - 0x8
core   0: 3 0x8000b2d8 (0xff9ff06f)
core   0: 0x8000b2d0 (0x00002f17) auipc   t5, 0x2
core   0: 3 0x8000b2d0 (0x00002f17) x30 0x8000d2d0
core   0: 0x8000b2d4 (0xd23f2823) sw      gp, -720(t5)
core   0: 3 0x8000b2d4 (0xd23f2823) mem 0x8000d000 0x00000001
core   0: 0x8000b2d8 (0xff9ff06f) j       pc - 0x8
core   0: 3 0x8000b2d8 (0xff9ff06f)
core   0: 0x8000b2d0 (0x00002f17) auipc   t5, 0x2
core   0: 3 0x8000b2d0 (0x00002f17) x30 0x8000d2d0
core   0: 0x8000b2d4 (0xd23f2823) sw      gp, -720(t5)
core   0: 3 0x8000b2d4 (0xd23f2823) mem 0x8000d000 0x00000001
core   0: 0x8000b2d8 (0xff9ff06f) j       pc - 0x8
core   0: 3 0x8000b2d8 (0xff9ff06f)
core   0: 0x8000b2d0 (0x00002f17) auipc   t5, 0x2
core   0: 3 0x8000b2d0 (0x00002f17) x30 0x8000d2d0
core   0: 0x8000b2d4 (0xd23f2823) sw      gp, -720(t5)
core   0: 3 0x8000b2d4 (0xd23f2823) mem 0x8000d000 0x00000001
core   0: 0x8000b2d8 (0xff9ff06f) j       pc - 0x8
core   0: 3 0x8000b2d8 (0xff9ff06f)
core   0: 0x8000b2d0 (0x00002f17) auipc   t5, 0x2
core   0: 3 0x8000b2d0 (0x00002f17) x30 0x8000d2d0
core   0: 0x8000b2d4 (0xd23f2823) sw      gp, -720(t5)
core   0: 3 0x8000b2d4 (0xd23f2823) mem 0x8000d000 0x00000001
core   0: 0x8000b2d8 (0xff9ff06f) j       pc - 0x8
core   0: 3 0x8000b2d8 (0xff9ff06f)
core   0: 0x8000b2d0 (0x00002f17) auipc   t5, 0x2
core   0: 3 0x8000b2d0 (0x00002f17) x30 0x8000d2d0
core   0: 0x8000b2d4 (0xd23f2823) sw      gp, -720(t5)
core   0: 3 0x8000b2d4 (0xd23f2823) mem 0x8000d000 0x00000001
core   0: 0x8000b2d8 (0xff9ff06f) j       pc - 0x8
core   0: 3 0x8000b2d8 (0xff9ff06f)
core   0: 0x8000b2d0 (0x00002f17) auipc   t5, 0x2
core   0: 3 0x8000b2d0 (0x00002f17) x30 0x8000d2d0
core   0: 0x8000b2d4 (0xd23f2823) sw      gp, -720(t5)
core   0: 3 0x8000b2d4 (0xd23f2823) mem 0x8000d000 0x00000001
core   0: 0x8000b2d8 (0xff9ff06f) j       pc - 0x8
core   0: 3 0x8000b2d8 (0xff9ff06f)
core   0: 0x8000b2d0 (0x00002f17) auipc   t5, 0x2
core   0: 3 0x8000b2d0 (0x00002f17) x30 0x8000d2d0
core   0: 0x8000b2d4 (0xd23f2823) sw      gp, -720(t5)
core   0: 3 0x8000b2d4 (0xd23f2823) mem 0x8000d000 0x00000001
core   0: 0x8000b2d8 (0xff9ff06f) j       pc - 0x8
core   0: 3 0x8000b2d8 (0xff9ff06f)
core   0: 0x8000b2d0 (0x00002f17) auipc   t5, 0x2
core   0: 3 0x8000b2d0 (0x00002f17) x30 0x8000d2d0
core   0: 0x8000b2d4 (0xd23f2823) sw      gp, -720(t5)
core   0: 3 0x8000b2d4 (0xd23f2823) mem 0x8000d000 0x00000001
core   0: 0x8000b2d8 (0xff9ff06f) j       pc - 0x8
core   0: 3 0x8000b2d8 (0xff9ff06f)
core   0: 0x8000b2d0 (0x00002f17) auipc   t5, 0x2
core   0: 3 0x8000b2d0 (0x00002f17) x30 0x8000d2d0
core   0: 0x8000b2d4 (0xd23f2823) sw      gp, -720(t5)
core   0: 3 0x8000b2d4 (0xd23f2823) mem 0x8000d000 0x00000001
core   0: 0x8000b2d8 (0xff9ff06f) j       pc - 0x8
core   0: 3 0x8000b2d8 (0xff9ff06f)
core   0: 0x8000b2d0 (0x00002f17) auipc   t5, 0x2
core   0: 3 0x8000b2d0 (0x00002f17) x30 0x8000d2d0
core   0: 0x8000b2d4 (0xd23f2823) sw      gp, -720(t5)
core   0: 3 0x8000b2d4 (0xd23f2823) mem 0x8000d000 0x00000001
core   0: 0x8000b2d8 (0xff9ff06f) j       pc - 0x8
core   0: 3 0x8000b2d8 (0xff9ff06f)
core   0: 0x8000b2d0 (0x00002f17) auipc   t5, 0x2
core   0: 3 0x8000b2d0 (0x00002f17) x30 0x8000d2d0
core   0: 0x8000b2d4 (0xd23f2823) sw      gp, -720(t5)
core   0: 3 0x8000b2d4 (0xd23f2823) mem 0x8000d000 0x00000001
core   0: 0x8000b2d8 (0xff9ff06f) j       pc - 0x8
core   0: 3 0x8000b2d8 (0xff9ff06f)
core   0: 0x8000b2d0 (0x00002f17) auipc   t5, 0x2
core   0: 3 0x8000b2d0 (0x00002f17) x30 0x8000d2d0
core   0: 0x8000b2d4 (0xd23f2823) sw      gp, -720(t5)
core   0: 3 0x8000b2d4 (0xd23f2823) mem 0x8000d000 0x00000001
core   0: 0x8000b2d8 (0xff9ff06f) j       pc - 0x8
core   0: 3 0x8000b2d8 (0xff9ff06f)
core   0: 0x8000b2d0 (0x00002f17) auipc   t5, 0x2
core   0: 3 0x8000b2d0 (0x00002f17) x30 0x8000d2d0
core   0: 0x8000b2d4 (0xd23f2823) sw      gp, -720(t5)
core   0: 3 0x8000b2d4 (0xd23f2823) mem 0x8000d000 0x00000001
core   0: 0x8000b2d8 (0xff9ff06f) j       pc - 0x8
core   0: 3 0x8000b2d8 (0xff9ff06f)
core   0: 0x8000b2d0 (0x00002f17) auipc   t5, 0x2
core   0: 3 0x8000b2d0 (0x00002f17) x30 0x8000d2d0
core   0: 0x8000b2d4 (0xd23f2823) sw      gp, -720(t5)
core   0: 3 0x8000b2d4 (0xd23f2823) mem 0x8000d000 0x00000001
core   0: 0x8000b2d8 (0xff9ff06f) j       pc - 0x8
core   0: 3 0x8000b2d8 (0xff9ff06f)
core   0: 0x8000b2d0 (0x00002f17) auipc   t5, 0x2
core   0: 3 0x8000b2d0 (0x00002f17) x30 0x8000d2d0
core   0: 0x8000b2d4 (0xd23f2823) sw      gp, -720(t5)
core   0: 3 0x8000b2d4 (0xd23f2823) mem 0x8000d000 0x00000001
core   0: 0x8000b2d8 (0xff9ff06f) j       pc - 0x8
core   0: 3 0x8000b2d8 (0xff9ff06f)
core   0: 0x8000b2d0 (0x00002f17) auipc   t5, 0x2
core   0: 3 0x8000b2d0 (0x00002f17) x30 0x8000d2d0
core   0: 0x8000b2d4 (0xd23f2823) sw      gp, -720(t5)
core   0: 3 0x8000b2d4 (0xd23f2823) mem 0x8000d000 0x00000001
core   0: 0x8000b2d8 (0xff9ff06f) j       pc - 0x8
core   0: 3 0x8000b2d8 (0xff9ff06f)
core   0: 0x8000b2d0 (0x00002f17) auipc   t5, 0x2
core   0: 3 0x8000b2d0 (0x00002f17) x30 0x8000d2d0
core   0: 0x8000b2d4 (0xd23f2823) sw      gp, -720(t5)
core   0: 3 0x8000b2d4 (0xd23f2823) mem 0x8000d000 0x00000001
core   0: 0x8000b2d8 (0xff9ff06f) j       pc - 0x8
core   0: 3 0x8000b2d8 (0xff9ff06f)
core   0: 0x8000b2d0 (0x00002f17) auipc   t5, 0x2
core   0: 3 0x8000b2d0 (0x00002f17) x30 0x8000d2d0
core   0: 0x8000b2d4 (0xd23f2823) sw      gp, -720(t5)
core   0: 3 0x8000b2d4 (0xd23f2823) mem 0x8000d000 0x00000001
core   0: 0x8000b2d8 (0xff9ff06f) j       pc - 0x8
core   0: 3 0x8000b2d8 (0xff9ff06f)
core   0: 0x8000b2d0 (0x00002f17) auipc   t5, 0x2
core   0: 3 0x8000b2d0 (0x00002f17) x30 0x8000d2d0
core   0: 0x8000b2d4 (0xd23f2823) sw      gp, -720(t5)
core   0: 3 0x8000b2d4 (0xd23f2823) mem 0x8000d000 0x00000001
core   0: 0x8000b2d8 (0xff9ff06f) j       pc - 0x8
core   0: 3 0x8000b2d8 (0xff9ff06f)
core   0: 0x8000b2d0 (0x00002f17) auipc   t5, 0x2
core   0: 3 0x8000b2d0 (0x00002f17) x30 0x8000d2d0
core   0: 0x8000b2d4 (0xd23f2823) sw      gp, -720(t5)
core   0: 3 0x8000b2d4 (0xd23f2823) mem 0x8000d000 0x00000001
core   0: 0x8000b2d8 (0xff9ff06f) j       pc - 0x8
core   0: 3 0x8000b2d8 (0xff9ff06f)
core   0: 0x8000b2d0 (0x00002f17) auipc   t5, 0x2
core   0: 3 0x8000b2d0 (0x00002f17) x30 0x8000d2d0
core   0: 0x8000b2d4 (0xd23f2823) sw      gp, -720(t5)
core   0: 3 0x8000b2d4 (0xd23f2823) mem 0x8000d000 0x00000001
core   0: 0x8000b2d8 (0xff9ff06f) j       pc - 0x8
core   0: 3 0x8000b2d8 (0xff9ff06f)
core   0: 0x8000b2d0 (0x00002f17) auipc   t5, 0x2
core   0: 3 0x8000b2d0 (0x00002f17) x30 0x8000d2d0
core   0: 0x8000b2d4 (0xd23f2823) sw      gp, -720(t5)
core   0: 3 0x8000b2d4 (0xd23f2823) mem 0x8000d000 0x00000001
core   0: 0x8000b2d8 (0xff9ff06f) j       pc - 0x8
core   0: 3 0x8000b2d8 (0xff9ff06f)
core   0: 0x8000b2d0 (0x00002f17) auipc   t5, 0x2
core   0: 3 0x8000b2d0 (0x00002f17) x30 0x8000d2d0
core   0: 0x8000b2d4 (0xd23f2823) sw      gp, -720(t5)
core   0: 3 0x8000b2d4 (0xd23f2823) mem 0x8000d000 0x00000001
core   0: 0x8000b2d8 (0xff9ff06f) j       pc - 0x8
core   0: 3 0x8000b2d8 (0xff9ff06f)
core   0: 0x8000b2d0 (0x00002f17) auipc   t5, 0x2
core   0: 3 0x8000b2d0 (0x00002f17) x30 0x8000d2d0
core   0: 0x8000b2d4 (0xd23f2823) sw      gp, -720(t5)
core   0: 3 0x8000b2d4 (0xd23f2823) mem 0x8000d000 0x00000001
core   0: 0x8000b2d8 (0xff9ff06f) j       pc - 0x8
core   0: 3 0x8000b2d8 (0xff9ff06f)
core   0: 0x8000b2d0 (0x00002f17) auipc   t5, 0x2
core   0: 3 0x8000b2d0 (0x00002f17) x30 0x8000d2d0
core   0: 0x8000b2d4 (0xd23f2823) sw      gp, -720(t5)
core   0: 3 0x8000b2d4 (0xd23f2823) mem 0x8000d000 0x00000001
core   0: 0x8000b2d8 (0xff9ff06f) j       pc - 0x8
core   0: 3 0x8000b2d8 (0xff9ff06f)
core   0: 0x8000b2d0 (0x00002f17) auipc   t5, 0x2
core   0: 3 0x8000b2d0 (0x00002f17) x30 0x8000d2d0
core   0: 0x8000b2d4 (0xd23f2823) sw      gp, -720(t5)
core   0: 3 0x8000b2d4 (0xd23f2823) mem 0x8000d000 0x00000001
core   0: 0x8000b2d8 (0xff9ff06f) j       pc - 0x8
core   0: 3 0x8000b2d8 (0xff9ff06f)
core   0: 0x8000b2d0 (0x00002f17) auipc   t5, 0x2
core   0: 3 0x8000b2d0 (0x00002f17) x30 0x8000d2d0
core   0: 0x8000b2d4 (0xd23f2823) sw      gp, -720(t5)
core   0: 3 0x8000b2d4 (0xd23f2823) mem 0x8000d000 0x00000001
core   0: 0x8000b2d8 (0xff9ff06f) j       pc - 0x8
core   0: 3 0x8000b2d8 (0xff9ff06f)
core   0: 0x8000b2d0 (0x00002f17) auipc   t5, 0x2
core   0: 3 0x8000b2d0 (0x00002f17) x30 0x8000d2d0
core   0: 0x8000b2d4 (0xd23f2823) sw      gp, -720(t5)
core   0: 3 0x8000b2d4 (0xd23f2823) mem 0x8000d000 0x00000001
core   0: 0x8000b2d8 (0xff9ff06f) j       pc - 0x8
core   0: 3 0x8000b2d8 (0xff9ff06f)
core   0: 0x8000b2d0 (0x00002f17) auipc   t5, 0x2
core   0: 3 0x8000b2d0 (0x00002f17) x30 0x8000d2d0
core   0: 0x8000b2d4 (0xd23f2823) sw      gp, -720(t5)
core   0: 3 0x8000b2d4 (0xd23f2823) mem 0x8000d000 0x00000001
core   0: 0x8000b2d8 (0xff9ff06f) j       pc - 0x8
core   0: 3 0x8000b2d8 (0xff9ff06f)
core   0: 0x8000b2d0 (0x00002f17) auipc   t5, 0x2
core   0: 3 0x8000b2d0 (0x00002f17) x30 0x8000d2d0
core   0: 0x8000b2d4 (0xd23f2823) sw      gp, -720(t5)
core   0: 3 0x8000b2d4 (0xd23f2823) mem 0x8000d000 0x00000001
core   0: 0x8000b2d8 (0xff9ff06f) j       pc - 0x8
core   0: 3 0x8000b2d8 (0xff9ff06f)
core   0: 0x8000b2d0 (0x00002f17) auipc   t5, 0x2
core   0: 3 0x8000b2d0 (0x00002f17) x30 0x8000d2d0
core   0: 0x8000b2d4 (0xd23f2823) sw      gp, -720(t5)
core   0: 3 0x8000b2d4 (0xd23f2823) mem 0x8000d000 0x00000001
core   0: 0x8000b2d8 (0xff9ff06f) j       pc - 0x8
core   0: 3 0x8000b2d8 (0xff9ff06f)
core   0: 0x8000b2d0 (0x00002f17) auipc   t5, 0x2
core   0: 3 0x8000b2d0 (0x00002f17) x30 0x8000d2d0
core   0: 0x8000b2d4 (0xd23f2823) sw      gp, -720(t5)
core   0: 3 0x8000b2d4 (0xd23f2823) mem 0x8000d000 0x00000001
core   0: 0x8000b2d8 (0xff9ff06f) j       pc - 0x8
core   0: 3 0x8000b2d8 (0xff9ff06f)
core   0: 0x8000b2d0 (0x00002f17) auipc   t5, 0x2
core   0: 3 0x8000b2d0 (0x00002f17) x30 0x8000d2d0
core   0: 0x8000b2d4 (0xd23f2823) sw      gp, -720(t5)
core   0: 3 0x8000b2d4 (0xd23f2823) mem 0x8000d000 0x00000001
core   0: 0x8000b2d8 (0xff9ff06f) j       pc - 0x8
core   0: 3 0x8000b2d8 (0xff9ff06f)
core   0: 0x8000b2d0 (0x00002f17) auipc   t5, 0x2
core   0: 3 0x8000b2d0 (0x00002f17) x30 0x8000d2d0
core   0: 0x8000b2d4 (0xd23f2823) sw      gp, -720(t5)
core   0: 3 0x8000b2d4 (0xd23f2823) mem 0x8000d000 0x00000001
core   0: 0x8000b2d8 (0xff9ff06f) j       pc - 0x8
core   0: 3 0x8000b2d8 (0xff9ff06f)
core   0: 0x8000b2d0 (0x00002f17) auipc   t5, 0x2
core   0: 3 0x8000b2d0 (0x00002f17) x30 0x8000d2d0
core   0: 0x8000b2d4 (0xd23f2823) sw      gp, -720(t5)
core   0: 3 0x8000b2d4 (0xd23f2823) mem 0x8000d000 0x00000001
core   0: 0x8000b2d8 (0xff9ff06f) j       pc - 0x8
core   0: 3 0x8000b2d8 (0xff9ff06f)
core   0: 0x8000b2d0 (0x00002f17) auipc   t5, 0x2
core   0: 3 0x8000b2d0 (0x00002f17) x30 0x8000d2d0
core   0: 0x8000b2d4 (0xd23f2823) sw      gp, -720(t5)
core   0: 3 0x8000b2d4 (0xd23f2823) mem 0x8000d000 0x00000001
core   0: 0x8000b2d8 (0xff9ff06f) j       pc - 0x8
core   0: 3 0x8000b2d8 (0xff9ff06f)
core   0: 0x8000b2d0 (0x00002f17) auipc   t5, 0x2
core   0: 3 0x8000b2d0 (0x00002f17) x30 0x8000d2d0
core   0: 0x8000b2d4 (0xd23f2823) sw      gp, -720(t5)
core   0: 3 0x8000b2d4 (0xd23f2823) mem 0x8000d000 0x00000001
core   0: 0x8000b2d8 (0xff9ff06f) j       pc - 0x8
core   0: 3 0x8000b2d8 (0xff9ff06f)
core   0: 0x8000b2d0 (0x00002f17) auipc   t5, 0x2
core   0: 3 0x8000b2d0 (0x00002f17) x30 0x8000d2d0
core   0: 0x8000b2d4 (0xd23f2823) sw      gp, -720(t5)
core   0: 3 0x8000b2d4 (0xd23f2823) mem 0x8000d000 0x00000001
core   0: 0x8000b2d8 (0xff9ff06f) j       pc - 0x8
core   0: 3 0x8000b2d8 (0xff9ff06f)
core   0: 0x8000b2d0 (0x00002f17) auipc   t5, 0x2
core   0: 3 0x8000b2d0 (0x00002f17) x30 0x8000d2d0
core   0: 0x8000b2d4 (0xd23f2823) sw      gp, -720(t5)
core   0: 3 0x8000b2d4 (0xd23f2823) mem 0x8000d000 0x00000001
core   0: 0x8000b2d8 (0xff9ff06f) j       pc - 0x8
core   0: 3 0x8000b2d8 (0xff9ff06f)
core   0: 0x8000b2d0 (0x00002f17) auipc   t5, 0x2
core   0: 3 0x8000b2d0 (0x00002f17) x30 0x8000d2d0
core   0: 0x8000b2d4 (0xd23f2823) sw      gp, -720(t5)
core   0: 3 0x8000b2d4 (0xd23f2823) mem 0x8000d000 0x00000001
core   0: 0x8000b2d8 (0xff9ff06f) j       pc - 0x8
core   0: 3 0x8000b2d8 (0xff9ff06f)
core   0: 0x8000b2d0 (0x00002f17) auipc   t5, 0x2
core   0: 3 0x8000b2d0 (0x00002f17) x30 0x8000d2d0
core   0: 0x8000b2d4 (0xd23f2823) sw      gp, -720(t5)
core   0: 3 0x8000b2d4 (0xd23f2823) mem 0x8000d000 0x00000001
core   0: 0x8000b2d8 (0xff9ff06f) j       pc - 0x8
core   0: 3 0x8000b2d8 (0xff9ff06f)
core   0: 0x8000b2d0 (0x00002f17) auipc   t5, 0x2
core   0: 3 0x8000b2d0 (0x00002f17) x30 0x8000d2d0
core   0: 0x8000b2d4 (0xd23f2823) sw      gp, -720(t5)
core   0: 3 0x8000b2d4 (0xd23f2823) mem 0x8000d000 0x00000001
core   0: 0x8000b2d8 (0xff9ff06f) j       pc - 0x8
core   0: 3 0x8000b2d8 (0xff9ff06f)
core   0: 0x8000b2d0 (0x00002f17) auipc   t5, 0x2
core   0: 3 0x8000b2d0 (0x00002f17) x30 0x8000d2d0
core   0: 0x8000b2d4 (0xd23f2823) sw      gp, -720(t5)
core   0: 3 0x8000b2d4 (0xd23f2823) mem 0x8000d000 0x00000001
core   0: 0x8000b2d8 (0xff9ff06f) j       pc - 0x8
core   0: 3 0x8000b2d8 (0xff9ff06f)
core   0: 0x8000b2d0 (0x00002f17) auipc   t5, 0x2
core   0: 3 0x8000b2d0 (0x00002f17) x30 0x8000d2d0
core   0: 0x8000b2d4 (0xd23f2823) sw      gp, -720(t5)
core   0: 3 0x8000b2d4 (0xd23f2823) mem 0x8000d000 0x00000001
core   0: 0x8000b2d8 (0xff9ff06f) j       pc - 0x8
core   0: 3 0x8000b2d8 (0xff9ff06f)
core   0: 0x8000b2d0 (0x00002f17) auipc   t5, 0x2
core   0: 3 0x8000b2d0 (0x00002f17) x30 0x8000d2d0
core   0: 0x8000b2d4 (0xd23f2823) sw      gp, -720(t5)
core   0: 3 0x8000b2d4 (0xd23f2823) mem 0x8000d000 0x00000001
core   0: 0x8000b2d8 (0xff9ff06f) j       pc - 0x8
core   0: 3 0x8000b2d8 (0xff9ff06f)
core   0: 0x8000b2d0 (0x00002f17) auipc   t5, 0x2
core   0: 3 0x8000b2d0 (0x00002f17) x30 0x8000d2d0
core   0: 0x8000b2d4 (0xd23f2823) sw      gp, -720(t5)
core   0: 3 0x8000b2d4 (0xd23f2823) mem 0x8000d000 0x00000001
core   0: 0x8000b2d8 (0xff9ff06f) j       pc - 0x8
core   0: 3 0x8000b2d8 (0xff9ff06f)
core   0: 0x8000b2d0 (0x00002f17) auipc   t5, 0x2
core   0: 3 0x8000b2d0 (0x00002f17) x30 0x8000d2d0
core   0: 0x8000b2d4 (0xd23f2823) sw      gp, -720(t5)
core   0: 3 0x8000b2d4 (0xd23f2823) mem 0x8000d000 0x00000001
core   0: 0x8000b2d8 (0xff9ff06f) j       pc - 0x8
core   0: 3 0x8000b2d8 (0xff9ff06f)
core   0: 0x8000b2d0 (0x00002f17) auipc   t5, 0x2
core   0: 3 0x8000b2d0 (0x00002f17) x30 0x8000d2d0
core   0: 0x8000b2d4 (0xd23f2823) sw      gp, -720(t5)
core   0: 3 0x8000b2d4 (0xd23f2823) mem 0x8000d000 0x00000001
core   0: 0x8000b2d8 (0xff9ff06f) j       pc - 0x8
core   0: 3 0x8000b2d8 (0xff9ff06f)
core   0: 0x8000b2d0 (0x00002f17) auipc   t5, 0x2
core   0: 3 0x8000b2d0 (0x00002f17) x30 0x8000d2d0
core   0: 0x8000b2d4 (0xd23f2823) sw      gp, -720(t5)
core   0: 3 0x8000b2d4 (0xd23f2823) mem 0x8000d000 0x00000001
core   0: 0x8000b2d8 (0xff9ff06f) j       pc - 0x8
core   0: 3 0x8000b2d8 (0xff9ff06f)
core   0: 0x8000b2d0 (0x00002f17) auipc   t5, 0x2
core   0: 3 0x8000b2d0 (0x00002f17) x30 0x8000d2d0
core   0: 0x8000b2d4 (0xd23f2823) sw      gp, -720(t5)
core   0: 3 0x8000b2d4 (0xd23f2823) mem 0x8000d000 0x00000001
core   0: 0x8000b2d8 (0xff9ff06f) j       pc - 0x8
core   0: 3 0x8000b2d8 (0xff9ff06f)
core   0: 0x8000b2d0 (0x00002f17) auipc   t5, 0x2
core   0: 3 0x8000b2d0 (0x00002f17) x30 0x8000d2d0
core   0: 0x8000b2d4 (0xd23f2823) sw      gp, -720(t5)
core   0: 3 0x8000b2d4 (0xd23f2823) mem 0x8000d000 0x00000001
core   0: 0x8000b2d8 (0xff9ff06f) j       pc - 0x8
core   0: 3 0x8000b2d8 (0xff9ff06f)
core   0: 0x8000b2d0 (0x00002f17) auipc   t5, 0x2
core   0: 3 0x8000b2d0 (0x00002f17) x30 0x8000d2d0
core   0: 0x8000b2d4 (0xd23f2823) sw      gp, -720(t5)
core   0: 3 0x8000b2d4 (0xd23f2823) mem 0x8000d000 0x00000001
core   0: 0x8000b2d8 (0xff9ff06f) j       pc - 0x8
core   0: 3 0x8000b2d8 (0xff9ff06f)
core   0: 0x8000b2d0 (0x00002f17) auipc   t5, 0x2
core   0: 3 0x8000b2d0 (0x00002f17) x30 0x8000d2d0
core   0: 0x8000b2d4 (0xd23f2823) sw      gp, -720(t5)
core   0: 3 0x8000b2d4 (0xd23f2823) mem 0x8000d000 0x00000001
core   0: 0x8000b2d8 (0xff9ff06f) j       pc - 0x8
core   0: 3 0x8000b2d8 (0xff9ff06f)
core   0: 0x8000b2d0 (0x00002f17) auipc   t5, 0x2
core   0: 3 0x8000b2d0 (0x00002f17) x30 0x8000d2d0
core   0: 0x8000b2d4 (0xd23f2823) sw      gp, -720(t5)
core   0: 3 0x8000b2d4 (0xd23f2823) mem 0x8000d000 0x00000001
core   0: 0x8000b2d8 (0xff9ff06f) j       pc - 0x8
core   0: 3 0x8000b2d8 (0xff9ff06f)
core   0: 0x8000b2d0 (0x00002f17) auipc   t5, 0x2
core   0: 3 0x8000b2d0 (0x00002f17) x30 0x8000d2d0
core   0: 0x8000b2d4 (0xd23f2823) sw      gp, -720(t5)
core   0: 3 0x8000b2d4 (0xd23f2823) mem 0x8000d000 0x00000001
core   0: 0x8000b2d8 (0xff9ff06f) j       pc - 0x8
core   0: 3 0x8000b2d8 (0xff9ff06f)
core   0: 0x8000b2d0 (0x00002f17) auipc   t5, 0x2
core   0: 3 0x8000b2d0 (0x00002f17) x30 0x8000d2d0
core   0: 0x8000b2d4 (0xd23f2823) sw      gp, -720(t5)
core   0: 3 0x8000b2d4 (0xd23f2823) mem 0x8000d000 0x00000001
core   0: 0x8000b2d8 (0xff9ff06f) j       pc - 0x8
core   0: 3 0x8000b2d8 (0xff9ff06f)
core   0: 0x8000b2d0 (0x00002f17) auipc   t5, 0x2
core   0: 3 0x8000b2d0 (0x00002f17) x30 0x8000d2d0
core   0: 0x8000b2d4 (0xd23f2823) sw      gp, -720(t5)
core   0: 3 0x8000b2d4 (0xd23f2823) mem 0x8000d000 0x00000001
core   0: 0x8000b2d8 (0xff9ff06f) j       pc - 0x8
core   0: 3 0x8000b2d8 (0xff9ff06f)
core   0: 0x8000b2d0 (0x00002f17) auipc   t5, 0x2
core   0: 3 0x8000b2d0 (0x00002f17) x30 0x8000d2d0
core   0: 0x8000b2d4 (0xd23f2823) sw      gp, -720(t5)
core   0: 3 0x8000b2d4 (0xd23f2823) mem 0x8000d000 0x00000001
core   0: 0x8000b2d8 (0xff9ff06f) j       pc - 0x8
core   0: 3 0x8000b2d8 (0xff9ff06f)
core   0: 0x8000b2d0 (0x00002f17) auipc   t5, 0x2
core   0: 3 0x8000b2d0 (0x00002f17) x30 0x8000d2d0
core   0: 0x8000b2d4 (0xd23f2823) sw      gp, -720(t5)
core   0: 3 0x8000b2d4 (0xd23f2823) mem 0x8000d000 0x00000001
core   0: 0x8000b2d8 (0xff9ff06f) j       pc - 0x8
core   0: 3 0x8000b2d8 (0xff9ff06f)
core   0: 0x8000b2d0 (0x00002f17) auipc   t5, 0x2
core   0: 3 0x8000b2d0 (0x00002f17) x30 0x8000d2d0
core   0: 0x8000b2d4 (0xd23f2823) sw      gp, -720(t5)
core   0: 3 0x8000b2d4 (0xd23f2823) mem 0x8000d000 0x00000001
core   0: 0x8000b2d8 (0xff9ff06f) j       pc - 0x8
core   0: 3 0x8000b2d8 (0xff9ff06f)
core   0: 0x8000b2d0 (0x00002f17) auipc   t5, 0x2
core   0: 3 0x8000b2d0 (0x00002f17) x30 0x8000d2d0
core   0: 0x8000b2d4 (0xd23f2823) sw      gp, -720(t5)
core   0: 3 0x8000b2d4 (0xd23f2823) mem 0x8000d000 0x00000001
core   0: 0x8000b2d8 (0xff9ff06f) j       pc - 0x8
core   0: 3 0x8000b2d8 (0xff9ff06f)
core   0: 0x8000b2d0 (0x00002f17) auipc   t5, 0x2
core   0: 3 0x8000b2d0 (0x00002f17) x30 0x8000d2d0
core   0: 0x8000b2d4 (0xd23f2823) sw      gp, -720(t5)
core   0: 3 0x8000b2d4 (0xd23f2823) mem 0x8000d000 0x00000001
core   0: 0x8000b2d8 (0xff9ff06f) j       pc - 0x8
core   0: 3 0x8000b2d8 (0xff9ff06f)
core   0: 0x8000b2d0 (0x00002f17) auipc   t5, 0x2
core   0: 3 0x8000b2d0 (0x00002f17) x30 0x8000d2d0
core   0: 0x8000b2d4 (0xd23f2823) sw      gp, -720(t5)
core   0: 3 0x8000b2d4 (0xd23f2823) mem 0x8000d000 0x00000001
core   0: 0x8000b2d8 (0xff9ff06f) j       pc - 0x8
core   0: 3 0x8000b2d8 (0xff9ff06f)
core   0: 0x8000b2d0 (0x00002f17) auipc   t5, 0x2
core   0: 3 0x8000b2d0 (0x00002f17) x30 0x8000d2d0
core   0: 0x8000b2d4 (0xd23f2823) sw      gp, -720(t5)
core   0: 3 0x8000b2d4 (0xd23f2823) mem 0x8000d000 0x00000001
core   0: 0x8000b2d8 (0xff9ff06f) j       pc - 0x8
core   0: 3 0x8000b2d8 (0xff9ff06f)
core   0: 0x8000b2d0 (0x00002f17) auipc   t5, 0x2
core   0: 3 0x8000b2d0 (0x00002f17) x30 0x8000d2d0
core   0: 0x8000b2d4 (0xd23f2823) sw      gp, -720(t5)
core   0: 3 0x8000b2d4 (0xd23f2823) mem 0x8000d000 0x00000001
core   0: 0x8000b2d8 (0xff9ff06f) j       pc - 0x8
core   0: 3 0x8000b2d8 (0xff9ff06f)
core   0: 0x8000b2d0 (0x00002f17) auipc   t5, 0x2
core   0: 3 0x8000b2d0 (0x00002f17) x30 0x8000d2d0
core   0: 0x8000b2d4 (0xd23f2823) sw      gp, -720(t5)
core   0: 3 0x8000b2d4 (0xd23f2823) mem 0x8000d000 0x00000001
core   0: 0x8000b2d8 (0xff9ff06f) j       pc - 0x8
core   0: 3 0x8000b2d8 (0xff9ff06f)
core   0: 0x8000b2d0 (0x00002f17) auipc   t5, 0x2
core   0: 3 0x8000b2d0 (0x00002f17) x30 0x8000d2d0
core   0: 0x8000b2d4 (0xd23f2823) sw      gp, -720(t5)
core   0: 3 0x8000b2d4 (0xd23f2823) mem 0x8000d000 0x00000001
core   0: 0x8000b2d8 (0xff9ff06f) j       pc - 0x8
core   0: 3 0x8000b2d8 (0xff9ff06f)
core   0: 0x8000b2d0 (0x00002f17) auipc   t5, 0x2
core   0: 3 0x8000b2d0 (0x00002f17) x30 0x8000d2d0
core   0: 0x8000b2d4 (0xd23f2823) sw      gp, -720(t5)
core   0: 3 0x8000b2d4 (0xd23f2823) mem 0x8000d000 0x00000001
core   0: 0x8000b2d8 (0xff9ff06f) j       pc - 0x8
core   0: 3 0x8000b2d8 (0xff9ff06f)
core   0: 0x8000b2d0 (0x00002f17) auipc   t5, 0x2
core   0: 3 0x8000b2d0 (0x00002f17) x30 0x8000d2d0
core   0: 0x8000b2d4 (0xd23f2823) sw      gp, -720(t5)
core   0: 3 0x8000b2d4 (0xd23f2823) mem 0x8000d000 0x00000001
core   0: 0x8000b2d8 (0xff9ff06f) j       pc - 0x8
core   0: 3 0x8000b2d8 (0xff9ff06f)
core   0: 0x8000b2d0 (0x00002f17) auipc   t5, 0x2
core   0: 3 0x8000b2d0 (0x00002f17) x30 0x8000d2d0
core   0: 0x8000b2d4 (0xd23f2823) sw      gp, -720(t5)
core   0: 3 0x8000b2d4 (0xd23f2823) mem 0x8000d000 0x00000001
core   0: 0x8000b2d8 (0xff9ff06f) j       pc - 0x8
core   0: 3 0x8000b2d8 (0xff9ff06f)
core   0: 0x8000b2d0 (0x00002f17) auipc   t5, 0x2
core   0: 3 0x8000b2d0 (0x00002f17) x30 0x8000d2d0
core   0: 0x8000b2d4 (0xd23f2823) sw      gp, -720(t5)
core   0: 3 0x8000b2d4 (0xd23f2823) mem 0x8000d000 0x00000001
core   0: 0x8000b2d8 (0xff9ff06f) j       pc - 0x8
core   0: 3 0x8000b2d8 (0xff9ff06f)
core   0: 0x8000b2d0 (0x00002f17) auipc   t5, 0x2
core   0: 3 0x8000b2d0 (0x00002f17) x30 0x8000d2d0
core   0: 0x8000b2d4 (0xd23f2823) sw      gp, -720(t5)
core   0: 3 0x8000b2d4 (0xd23f2823) mem 0x8000d000 0x00000001
core   0: 0x8000b2d8 (0xff9ff06f) j       pc - 0x8
core   0: 3 0x8000b2d8 (0xff9ff06f)
core   0: 0x8000b2d0 (0x00002f17) auipc   t5, 0x2
core   0: 3 0x8000b2d0 (0x00002f17) x30 0x8000d2d0
core   0: 0x8000b2d4 (0xd23f2823) sw      gp, -720(t5)
core   0: 3 0x8000b2d4 (0xd23f2823) mem 0x8000d000 0x00000001
core   0: 0x8000b2d8 (0xff9ff06f) j       pc - 0x8
core   0: 3 0x8000b2d8 (0xff9ff06f)
core   0: 0x8000b2d0 (0x00002f17) auipc   t5, 0x2
core   0: 3 0x8000b2d0 (0x00002f17) x30 0x8000d2d0
core   0: 0x8000b2d4 (0xd23f2823) sw      gp, -720(t5)
core   0: 3 0x8000b2d4 (0xd23f2823) mem 0x8000d000 0x00000001
core   0: 0x8000b2d8 (0xff9ff06f) j       pc - 0x8
core   0: 3 0x8000b2d8 (0xff9ff06f)
core   0: 0x8000b2d0 (0x00002f17) auipc   t5, 0x2
core   0: 3 0x8000b2d0 (0x00002f17) x30 0x8000d2d0
core   0: 0x8000b2d4 (0xd23f2823) sw      gp, -720(t5)
core   0: 3 0x8000b2d4 (0xd23f2823) mem 0x8000d000 0x00000001
core   0: 0x8000b2d8 (0xff9ff06f) j       pc - 0x8
core   0: 3 0x8000b2d8 (0xff9ff06f)
core   0: 0x8000b2d0 (0x00002f17) auipc   t5, 0x2
core   0: 3 0x8000b2d0 (0x00002f17) x30 0x8000d2d0
core   0: 0x8000b2d4 (0xd23f2823) sw      gp, -720(t5)
core   0: 3 0x8000b2d4 (0xd23f2823) mem 0x8000d000 0x00000001
core   0: 0x8000b2d8 (0xff9ff06f) j       pc - 0x8
core   0: 3 0x8000b2d8 (0xff9ff06f)
core   0: 0x8000b2d0 (0x00002f17) auipc   t5, 0x2
core   0: 3 0x8000b2d0 (0x00002f17) x30 0x8000d2d0
core   0: 0x8000b2d4 (0xd23f2823) sw      gp, -720(t5)
core   0: 3 0x8000b2d4 (0xd23f2823) mem 0x8000d000 0x00000001
core   0: 0x8000b2d8 (0xff9ff06f) j       pc - 0x8
core   0: 3 0x8000b2d8 (0xff9ff06f)
core   0: 0x8000b2d0 (0x00002f17) auipc   t5, 0x2
core   0: 3 0x8000b2d0 (0x00002f17) x30 0x8000d2d0
core   0: 0x8000b2d4 (0xd23f2823) sw      gp, -720(t5)
core   0: 3 0x8000b2d4 (0xd23f2823) mem 0x8000d000 0x00000001
core   0: 0x8000b2d8 (0xff9ff06f) j       pc - 0x8
core   0: 3 0x8000b2d8 (0xff9ff06f)
core   0: 0x8000b2d0 (0x00002f17) auipc   t5, 0x2
core   0: 3 0x8000b2d0 (0x00002f17) x30 0x8000d2d0
core   0: 0x8000b2d4 (0xd23f2823) sw      gp, -720(t5)
core   0: 3 0x8000b2d4 (0xd23f2823) mem 0x8000d000 0x00000001
core   0: 0x8000b2d8 (0xff9ff06f) j       pc - 0x8
core   0: 3 0x8000b2d8 (0xff9ff06f)
core   0: 0x8000b2d0 (0x00002f17) auipc   t5, 0x2
core   0: 3 0x8000b2d0 (0x00002f17) x30 0x8000d2d0
core   0: 0x8000b2d4 (0xd23f2823) sw      gp, -720(t5)
core   0: 3 0x8000b2d4 (0xd23f2823) mem 0x8000d000 0x00000001
core   0: 0x8000b2d8 (0xff9ff06f) j       pc - 0x8
core   0: 3 0x8000b2d8 (0xff9ff06f)
core   0: 0x8000b2d0 (0x00002f17) auipc   t5, 0x2
core   0: 3 0x8000b2d0 (0x00002f17) x30 0x8000d2d0
core   0: 0x8000b2d4 (0xd23f2823) sw      gp, -720(t5)
core   0: 3 0x8000b2d4 (0xd23f2823) mem 0x8000d000 0x00000001
core   0: 0x8000b2d8 (0xff9ff06f) j       pc - 0x8
core   0: 3 0x8000b2d8 (0xff9ff06f)
core   0: 0x8000b2d0 (0x00002f17) auipc   t5, 0x2
core   0: 3 0x8000b2d0 (0x00002f17) x30 0x8000d2d0
core   0: 0x8000b2d4 (0xd23f2823) sw      gp, -720(t5)
core   0: 3 0x8000b2d4 (0xd23f2823) mem 0x8000d000 0x00000001
core   0: 0x8000b2d8 (0xff9ff06f) j       pc - 0x8
core   0: 3 0x8000b2d8 (0xff9ff06f)
core   0: 0x8000b2d0 (0x00002f17) auipc   t5, 0x2
core   0: 3 0x8000b2d0 (0x00002f17) x30 0x8000d2d0
core   0: 0x8000b2d4 (0xd23f2823) sw      gp, -720(t5)
core   0: 3 0x8000b2d4 (0xd23f2823) mem 0x8000d000 0x00000001
core   0: 0x8000b2d8 (0xff9ff06f) j       pc - 0x8
core   0: 3 0x8000b2d8 (0xff9ff06f)
core   0: 0x8000b2d0 (0x00002f17) auipc   t5, 0x2
core   0: 3 0x8000b2d0 (0x00002f17) x30 0x8000d2d0
core   0: 0x8000b2d4 (0xd23f2823) sw      gp, -720(t5)
core   0: 3 0x8000b2d4 (0xd23f2823) mem 0x8000d000 0x00000001
core   0: 0x8000b2d8 (0xff9ff06f) j       pc - 0x8
core   0: 3 0x8000b2d8 (0xff9ff06f)
core   0: 0x8000b2d0 (0x00002f17) auipc   t5, 0x2
core   0: 3 0x8000b2d0 (0x00002f17) x30 0x8000d2d0
core   0: 0x8000b2d4 (0xd23f2823) sw      gp, -720(t5)
core   0: 3 0x8000b2d4 (0xd23f2823) mem 0x8000d000 0x00000001
core   0: 0x8000b2d8 (0xff9ff06f) j       pc - 0x8
core   0: 3 0x8000b2d8 (0xff9ff06f)
core   0: 0x8000b2d0 (0x00002f17) auipc   t5, 0x2
core   0: 3 0x8000b2d0 (0x00002f17) x30 0x8000d2d0
core   0: 0x8000b2d4 (0xd23f2823) sw      gp, -720(t5)
core   0: 3 0x8000b2d4 (0xd23f2823) mem 0x8000d000 0x00000001
core   0: 0x8000b2d8 (0xff9ff06f) j       pc - 0x8
core   0: 3 0x8000b2d8 (0xff9ff06f)
core   0: 0x8000b2d0 (0x00002f17) auipc   t5, 0x2
core   0: 3 0x8000b2d0 (0x00002f17) x30 0x8000d2d0
core   0: 0x8000b2d4 (0xd23f2823) sw      gp, -720(t5)
core   0: 3 0x8000b2d4 (0xd23f2823) mem 0x8000d000 0x00000001
core   0: 0x8000b2d8 (0xff9ff06f) j       pc - 0x8
core   0: 3 0x8000b2d8 (0xff9ff06f)
core   0: 0x8000b2d0 (0x00002f17) auipc   t5, 0x2
core   0: 3 0x8000b2d0 (0x00002f17) x30 0x8000d2d0
core   0: 0x8000b2d4 (0xd23f2823) sw      gp, -720(t5)
core   0: 3 0x8000b2d4 (0xd23f2823) mem 0x8000d000 0x00000001
core   0: 0x8000b2d8 (0xff9ff06f) j       pc - 0x8
core   0: 3 0x8000b2d8 (0xff9ff06f)
core   0: 0x8000b2d0 (0x00002f17) auipc   t5, 0x2
core   0: 3 0x8000b2d0 (0x00002f17) x30 0x8000d2d0
core   0: 0x8000b2d4 (0xd23f2823) sw      gp, -720(t5)
core   0: 3 0x8000b2d4 (0xd23f2823) mem 0x8000d000 0x00000001
core   0: 0x8000b2d8 (0xff9ff06f) j       pc - 0x8
core   0: 3 0x8000b2d8 (0xff9ff06f)
core   0: 0x8000b2d0 (0x00002f17) auipc   t5, 0x2
core   0: 3 0x8000b2d0 (0x00002f17) x30 0x8000d2d0
core   0: 0x8000b2d4 (0xd23f2823) sw      gp, -720(t5)
core   0: 3 0x8000b2d4 (0xd23f2823) mem 0x8000d000 0x00000001
core   0: 0x8000b2d8 (0xff9ff06f) j       pc - 0x8
core   0: 3 0x8000b2d8 (0xff9ff06f)
core   0: 0x8000b2d0 (0x00002f17) auipc   t5, 0x2
core   0: 3 0x8000b2d0 (0x00002f17) x30 0x8000d2d0
core   0: 0x8000b2d4 (0xd23f2823) sw      gp, -720(t5)
core   0: 3 0x8000b2d4 (0xd23f2823) mem 0x8000d000 0x00000001
core   0: 0x8000b2d8 (0xff9ff06f) j       pc - 0x8
core   0: 3 0x8000b2d8 (0xff9ff06f)
core   0: 0x8000b2d0 (0x00002f17) auipc   t5, 0x2
core   0: 3 0x8000b2d0 (0x00002f17) x30 0x8000d2d0
core   0: 0x8000b2d4 (0xd23f2823) sw      gp, -720(t5)
core   0: 3 0x8000b2d4 (0xd23f2823) mem 0x8000d000 0x00000001
core   0: 0x8000b2d8 (0xff9ff06f) j       pc - 0x8
core   0: 3 0x8000b2d8 (0xff9ff06f)
core   0: 0x8000b2d0 (0x00002f17) auipc   t5, 0x2
core   0: 3 0x8000b2d0 (0x00002f17) x30 0x8000d2d0
core   0: 0x8000b2d4 (0xd23f2823) sw      gp, -720(t5)
core   0: 3 0x8000b2d4 (0xd23f2823) mem 0x8000d000 0x00000001
core   0: 0x8000b2d8 (0xff9ff06f) j       pc - 0x8
core   0: 3 0x8000b2d8 (0xff9ff06f)
core   0: 0x8000b2d0 (0x00002f17) auipc   t5, 0x2
core   0: 3 0x8000b2d0 (0x00002f17) x30 0x8000d2d0
core   0: 0x8000b2d4 (0xd23f2823) sw      gp, -720(t5)
core   0: 3 0x8000b2d4 (0xd23f2823) mem 0x8000d000 0x00000001
core   0: 0x8000b2d8 (0xff9ff06f) j       pc - 0x8
core   0: 3 0x8000b2d8 (0xff9ff06f)
core   0: 0x8000b2d0 (0x00002f17) auipc   t5, 0x2
core   0: 3 0x8000b2d0 (0x00002f17) x30 0x8000d2d0
core   0: 0x8000b2d4 (0xd23f2823) sw      gp, -720(t5)
core   0: 3 0x8000b2d4 (0xd23f2823) mem 0x8000d000 0x00000001
core   0: 0x8000b2d8 (0xff9ff06f) j       pc - 0x8
core   0: 3 0x8000b2d8 (0xff9ff06f)
core   0: 0x8000b2d0 (0x00002f17) auipc   t5, 0x2
core   0: 3 0x8000b2d0 (0x00002f17) x30 0x8000d2d0
core   0: 0x8000b2d4 (0xd23f2823) sw      gp, -720(t5)
core   0: 3 0x8000b2d4 (0xd23f2823) mem 0x8000d000 0x00000001
core   0: 0x8000b2d8 (0xff9ff06f) j       pc - 0x8
core   0: 3 0x8000b2d8 (0xff9ff06f)
core   0: 0x8000b2d0 (0x00002f17) auipc   t5, 0x2
core   0: 3 0x8000b2d0 (0x00002f17) x30 0x8000d2d0
core   0: 0x8000b2d4 (0xd23f2823) sw      gp, -720(t5)
core   0: 3 0x8000b2d4 (0xd23f2823) mem 0x8000d000 0x00000001
core   0: 0x8000b2d8 (0xff9ff06f) j       pc - 0x8
core   0: 3 0x8000b2d8 (0xff9ff06f)
core   0: 0x8000b2d0 (0x00002f17) auipc   t5, 0x2
core   0: 3 0x8000b2d0 (0x00002f17) x30 0x8000d2d0
core   0: 0x8000b2d4 (0xd23f2823) sw      gp, -720(t5)
core   0: 3 0x8000b2d4 (0xd23f2823) mem 0x8000d000 0x00000001
core   0: 0x8000b2d8 (0xff9ff06f) j       pc - 0x8
core   0: 3 0x8000b2d8 (0xff9ff06f)
core   0: 0x8000b2d0 (0x00002f17) auipc   t5, 0x2
core   0: 3 0x8000b2d0 (0x00002f17) x30 0x8000d2d0
core   0: 0x8000b2d4 (0xd23f2823) sw      gp, -720(t5)
core   0: 3 0x8000b2d4 (0xd23f2823) mem 0x8000d000 0x00000001
core   0: 0x8000b2d8 (0xff9ff06f) j       pc - 0x8
core   0: 3 0x8000b2d8 (0xff9ff06f)
core   0: 0x8000b2d0 (0x00002f17) auipc   t5, 0x2
core   0: 3 0x8000b2d0 (0x00002f17) x30 0x8000d2d0
core   0: 0x8000b2d4 (0xd23f2823) sw      gp, -720(t5)
core   0: 3 0x8000b2d4 (0xd23f2823) mem 0x8000d000 0x00000001
core   0: 0x8000b2d8 (0xff9ff06f) j       pc - 0x8
core   0: 3 0x8000b2d8 (0xff9ff06f)
core   0: 0x8000b2d0 (0x00002f17) auipc   t5, 0x2
core   0: 3 0x8000b2d0 (0x00002f17) x30 0x8000d2d0
core   0: 0x8000b2d4 (0xd23f2823) sw      gp, -720(t5)
core   0: 3 0x8000b2d4 (0xd23f2823) mem 0x8000d000 0x00000001
core   0: 0x8000b2d8 (0xff9ff06f) j       pc - 0x8
core   0: 3 0x8000b2d8 (0xff9ff06f)
core   0: 0x8000b2d0 (0x00002f17) auipc   t5, 0x2
core   0: 3 0x8000b2d0 (0x00002f17) x30 0x8000d2d0
core   0: 0x8000b2d4 (0xd23f2823) sw      gp, -720(t5)
core   0: 3 0x8000b2d4 (0xd23f2823) mem 0x8000d000 0x00000001
core   0: 0x8000b2d8 (0xff9ff06f) j       pc - 0x8
core   0: 3 0x8000b2d8 (0xff9ff06f)
core   0: 0x8000b2d0 (0x00002f17) auipc   t5, 0x2
core   0: 3 0x8000b2d0 (0x00002f17) x30 0x8000d2d0
core   0: 0x8000b2d4 (0xd23f2823) sw      gp, -720(t5)
core   0: 3 0x8000b2d4 (0xd23f2823) mem 0x8000d000 0x00000001
core   0: 0x8000b2d8 (0xff9ff06f) j       pc - 0x8
core   0: 3 0x8000b2d8 (0xff9ff06f)
core   0: 0x8000b2d0 (0x00002f17) auipc   t5, 0x2
core   0: 3 0x8000b2d0 (0x00002f17) x30 0x8000d2d0
core   0: 0x8000b2d4 (0xd23f2823) sw      gp, -720(t5)
core   0: 3 0x8000b2d4 (0xd23f2823) mem 0x8000d000 0x00000001
core   0: 0x8000b2d8 (0xff9ff06f) j       pc - 0x8
core   0: 3 0x8000b2d8 (0xff9ff06f)
core   0: 0x8000b2d0 (0x00002f17) auipc   t5, 0x2
core   0: 3 0x8000b2d0 (0x00002f17) x30 0x8000d2d0
core   0: 0x8000b2d4 (0xd23f2823) sw      gp, -720(t5)
core   0: 3 0x8000b2d4 (0xd23f2823) mem 0x8000d000 0x00000001
core   0: 0x8000b2d8 (0xff9ff06f) j       pc - 0x8
core   0: 3 0x8000b2d8 (0xff9ff06f)
core   0: 0x8000b2d0 (0x00002f17) auipc   t5, 0x2
core   0: 3 0x8000b2d0 (0x00002f17) x30 0x8000d2d0
core   0: 0x8000b2d4 (0xd23f2823) sw      gp, -720(t5)
core   0: 3 0x8000b2d4 (0xd23f2823) mem 0x8000d000 0x00000001
core   0: 0x8000b2d8 (0xff9ff06f) j       pc - 0x8
core   0: 3 0x8000b2d8 (0xff9ff06f)
core   0: 0x8000b2d0 (0x00002f17) auipc   t5, 0x2
core   0: 3 0x8000b2d0 (0x00002f17) x30 0x8000d2d0
core   0: 0x8000b2d4 (0xd23f2823) sw      gp, -720(t5)
core   0: 3 0x8000b2d4 (0xd23f2823) mem 0x8000d000 0x00000001
core   0: 0x8000b2d8 (0xff9ff06f) j       pc - 0x8
core   0: 3 0x8000b2d8 (0xff9ff06f)
core   0: 0x8000b2d0 (0x00002f17) auipc   t5, 0x2
core   0: 3 0x8000b2d0 (0x00002f17) x30 0x8000d2d0
core   0: 0x8000b2d4 (0xd23f2823) sw      gp, -720(t5)
core   0: 3 0x8000b2d4 (0xd23f2823) mem 0x8000d000 0x00000001
core   0: 0x8000b2d8 (0xff9ff06f) j       pc - 0x8
core   0: 3 0x8000b2d8 (0xff9ff06f)
core   0: 0x8000b2d0 (0x00002f17) auipc   t5, 0x2
core   0: 3 0x8000b2d0 (0x00002f17) x30 0x8000d2d0
core   0: 0x8000b2d4 (0xd23f2823) sw      gp, -720(t5)
core   0: 3 0x8000b2d4 (0xd23f2823) mem 0x8000d000 0x00000001
core   0: 0x8000b2d8 (0xff9ff06f) j       pc - 0x8
core   0: 3 0x8000b2d8 (0xff9ff06f)
core   0: 0x8000b2d0 (0x00002f17) auipc   t5, 0x2
core   0: 3 0x8000b2d0 (0x00002f17) x30 0x8000d2d0
core   0: 0x8000b2d4 (0xd23f2823) sw      gp, -720(t5)
core   0: 3 0x8000b2d4 (0xd23f2823) mem 0x8000d000 0x00000001
core   0: 0x8000b2d8 (0xff9ff06f) j       pc - 0x8
core   0: 3 0x8000b2d8 (0xff9ff06f)
core   0: 0x8000b2d0 (0x00002f17) auipc   t5, 0x2
core   0: 3 0x8000b2d0 (0x00002f17) x30 0x8000d2d0
core   0: 0x8000b2d4 (0xd23f2823) sw      gp, -720(t5)
core   0: 3 0x8000b2d4 (0xd23f2823) mem 0x8000d000 0x00000001
core   0: 0x8000b2d8 (0xff9ff06f) j       pc - 0x8
core   0: 3 0x8000b2d8 (0xff9ff06f)
core   0: 0x8000b2d0 (0x00002f17) auipc   t5, 0x2
core   0: 3 0x8000b2d0 (0x00002f17) x30 0x8000d2d0
core   0: 0x8000b2d4 (0xd23f2823) sw      gp, -720(t5)
core   0: 3 0x8000b2d4 (0xd23f2823) mem 0x8000d000 0x00000001
core   0: 0x8000b2d8 (0xff9ff06f) j       pc - 0x8
core   0: 3 0x8000b2d8 (0xff9ff06f)
core   0: 0x8000b2d0 (0x00002f17) auipc   t5, 0x2
core   0: 3 0x8000b2d0 (0x00002f17) x30 0x8000d2d0
core   0: 0x8000b2d4 (0xd23f2823) sw      gp, -720(t5)
core   0: 3 0x8000b2d4 (0xd23f2823) mem 0x8000d000 0x00000001
core   0: 0x8000b2d8 (0xff9ff06f) j       pc - 0x8
core   0: 3 0x8000b2d8 (0xff9ff06f)
core   0: 0x8000b2d0 (0x00002f17) auipc   t5, 0x2
core   0: 3 0x8000b2d0 (0x00002f17) x30 0x8000d2d0
core   0: 0x8000b2d4 (0xd23f2823) sw      gp, -720(t5)
core   0: 3 0x8000b2d4 (0xd23f2823) mem 0x8000d000 0x00000001
core   0: 0x8000b2d8 (0xff9ff06f) j       pc - 0x8
core   0: 3 0x8000b2d8 (0xff9ff06f)
core   0: 0x8000b2d0 (0x00002f17) auipc   t5, 0x2
core   0: 3 0x8000b2d0 (0x00002f17) x30 0x8000d2d0
core   0: 0x8000b2d4 (0xd23f2823) sw      gp, -720(t5)
core   0: 3 0x8000b2d4 (0xd23f2823) mem 0x8000d000 0x00000001
core   0: 0x8000b2d8 (0xff9ff06f) j       pc - 0x8
core   0: 3 0x8000b2d8 (0xff9ff06f)
core   0: 0x8000b2d0 (0x00002f17) auipc   t5, 0x2
core   0: 3 0x8000b2d0 (0x00002f17) x30 0x8000d2d0
core   0: 0x8000b2d4 (0xd23f2823) sw      gp, -720(t5)
core   0: 3 0x8000b2d4 (0xd23f2823) mem 0x8000d000 0x00000001
core   0: 0x8000b2d8 (0xff9ff06f) j       pc - 0x8
core   0: 3 0x8000b2d8 (0xff9ff06f)
core   0: 0x8000b2d0 (0x00002f17) auipc   t5, 0x2
core   0: 3 0x8000b2d0 (0x00002f17) x30 0x8000d2d0
core   0: 0x8000b2d4 (0xd23f2823) sw      gp, -720(t5)
core   0: 3 0x8000b2d4 (0xd23f2823) mem 0x8000d000 0x00000001
core   0: 0x8000b2d8 (0xff9ff06f) j       pc - 0x8
core   0: 3 0x8000b2d8 (0xff9ff06f)
core   0: 0x8000b2d0 (0x00002f17) auipc   t5, 0x2
core   0: 3 0x8000b2d0 (0x00002f17) x30 0x8000d2d0
core   0: 0x8000b2d4 (0xd23f2823) sw      gp, -720(t5)
core   0: 3 0x8000b2d4 (0xd23f2823) mem 0x8000d000 0x00000001
core   0: 0x8000b2d8 (0xff9ff06f) j       pc - 0x8
core   0: 3 0x8000b2d8 (0xff9ff06f)
core   0: 0x8000b2d0 (0x00002f17) auipc   t5, 0x2
core   0: 3 0x8000b2d0 (0x00002f17) x30 0x8000d2d0
core   0: 0x8000b2d4 (0xd23f2823) sw      gp, -720(t5)
core   0: 3 0x8000b2d4 (0xd23f2823) mem 0x8000d000 0x00000001
core   0: 0x8000b2d8 (0xff9ff06f) j       pc - 0x8
core   0: 3 0x8000b2d8 (0xff9ff06f)
core   0: 0x8000b2d0 (0x00002f17) auipc   t5, 0x2
core   0: 3 0x8000b2d0 (0x00002f17) x30 0x8000d2d0
core   0: 0x8000b2d4 (0xd23f2823) sw      gp, -720(t5)
core   0: 3 0x8000b2d4 (0xd23f2823) mem 0x8000d000 0x00000001
core   0: 0x8000b2d8 (0xff9ff06f) j       pc - 0x8
core   0: 3 0x8000b2d8 (0xff9ff06f)
core   0: 0x8000b2d0 (0x00002f17) auipc   t5, 0x2
core   0: 3 0x8000b2d0 (0x00002f17) x30 0x8000d2d0
core   0: 0x8000b2d4 (0xd23f2823) sw      gp, -720(t5)
core   0: 3 0x8000b2d4 (0xd23f2823) mem 0x8000d000 0x00000001
core   0: 0x8000b2d8 (0xff9ff06f) j       pc - 0x8
core   0: 3 0x8000b2d8 (0xff9ff06f)
core   0: 0x8000b2d0 (0x00002f17) auipc   t5, 0x2
core   0: 3 0x8000b2d0 (0x00002f17) x30 0x8000d2d0
core   0: 0x8000b2d4 (0xd23f2823) sw      gp, -720(t5)
core   0: 3 0x8000b2d4 (0xd23f2823) mem 0x8000d000 0x00000001
core   0: 0x8000b2d8 (0xff9ff06f) j       pc - 0x8
core   0: 3 0x8000b2d8 (0xff9ff06f)
core   0: 0x8000b2d0 (0x00002f17) auipc   t5, 0x2
core   0: 3 0x8000b2d0 (0x00002f17) x30 0x8000d2d0
core   0: 0x8000b2d4 (0xd23f2823) sw      gp, -720(t5)
core   0: 3 0x8000b2d4 (0xd23f2823) mem 0x8000d000 0x00000001
core   0: 0x8000b2d8 (0xff9ff06f) j       pc - 0x8
core   0: 3 0x8000b2d8 (0xff9ff06f)
core   0: 0x8000b2d0 (0x00002f17) auipc   t5, 0x2
core   0: 3 0x8000b2d0 (0x00002f17) x30 0x8000d2d0
core   0: 0x8000b2d4 (0xd23f2823) sw      gp, -720(t5)
core   0: 3 0x8000b2d4 (0xd23f2823) mem 0x8000d000 0x00000001
core   0: 0x8000b2d8 (0xff9ff06f) j       pc - 0x8
core   0: 3 0x8000b2d8 (0xff9ff06f)
core   0: 0x8000b2d0 (0x00002f17) auipc   t5, 0x2
core   0: 3 0x8000b2d0 (0x00002f17) x30 0x8000d2d0
core   0: 0x8000b2d4 (0xd23f2823) sw      gp, -720(t5)
core   0: 3 0x8000b2d4 (0xd23f2823) mem 0x8000d000 0x00000001
core   0: 0x8000b2d8 (0xff9ff06f) j       pc - 0x8
core   0: 3 0x8000b2d8 (0xff9ff06f)
core   0: 0x8000b2d0 (0x00002f17) auipc   t5, 0x2
core   0: 3 0x8000b2d0 (0x00002f17) x30 0x8000d2d0
core   0: 0x8000b2d4 (0xd23f2823) sw      gp, -720(t5)
core   0: 3 0x8000b2d4 (0xd23f2823) mem 0x8000d000 0x00000001
core   0: 0x8000b2d8 (0xff9ff06f) j       pc - 0x8
core   0: 3 0x8000b2d8 (0xff9ff06f)
core   0: 0x8000b2d0 (0x00002f17) auipc   t5, 0x2
core   0: 3 0x8000b2d0 (0x00002f17) x30 0x8000d2d0
core   0: 0x8000b2d4 (0xd23f2823) sw      gp, -720(t5)
core   0: 3 0x8000b2d4 (0xd23f2823) mem 0x8000d000 0x00000001
core   0: 0x8000b2d8 (0xff9ff06f) j       pc - 0x8
core   0: 3 0x8000b2d8 (0xff9ff06f)
core   0: 0x8000b2d0 (0x00002f17) auipc   t5, 0x2
core   0: 3 0x8000b2d0 (0x00002f17) x30 0x8000d2d0
core   0: 0x8000b2d4 (0xd23f2823) sw      gp, -720(t5)
core   0: 3 0x8000b2d4 (0xd23f2823) mem 0x8000d000 0x00000001
core   0: 0x8000b2d8 (0xff9ff06f) j       pc - 0x8
core   0: 3 0x8000b2d8 (0xff9ff06f)
core   0: 0x8000b2d0 (0x00002f17) auipc   t5, 0x2
core   0: 3 0x8000b2d0 (0x00002f17) x30 0x8000d2d0
core   0: 0x8000b2d4 (0xd23f2823) sw      gp, -720(t5)
core   0: 3 0x8000b2d4 (0xd23f2823) mem 0x8000d000 0x00000001
core   0: 0x8000b2d8 (0xff9ff06f) j       pc - 0x8
core   0: 3 0x8000b2d8 (0xff9ff06f)
core   0: 0x8000b2d0 (0x00002f17) auipc   t5, 0x2
core   0: 3 0x8000b2d0 (0x00002f17) x30 0x8000d2d0
core   0: 0x8000b2d4 (0xd23f2823) sw      gp, -720(t5)
core   0: 3 0x8000b2d4 (0xd23f2823) mem 0x8000d000 0x00000001
core   0: 0x8000b2d8 (0xff9ff06f) j       pc - 0x8
core   0: 3 0x8000b2d8 (0xff9ff06f)
core   0: 0x8000b2d0 (0x00002f17) auipc   t5, 0x2
core   0: 3 0x8000b2d0 (0x00002f17) x30 0x8000d2d0
core   0: 0x8000b2d4 (0xd23f2823) sw      gp, -720(t5)
core   0: 3 0x8000b2d4 (0xd23f2823) mem 0x8000d000 0x00000001
core   0: 0x8000b2d8 (0xff9ff06f) j       pc - 0x8
core   0: 3 0x8000b2d8 (0xff9ff06f)
core   0: 0x8000b2d0 (0x00002f17) auipc   t5, 0x2
core   0: 3 0x8000b2d0 (0x00002f17) x30 0x8000d2d0
core   0: 0x8000b2d4 (0xd23f2823) sw      gp, -720(t5)
core   0: 3 0x8000b2d4 (0xd23f2823) mem 0x8000d000 0x00000001
core   0: 0x8000b2d8 (0xff9ff06f) j       pc - 0x8
core   0: 3 0x8000b2d8 (0xff9ff06f)
core   0: 0x8000b2d0 (0x00002f17) auipc   t5, 0x2
core   0: 3 0x8000b2d0 (0x00002f17) x30 0x8000d2d0
core   0: 0x8000b2d4 (0xd23f2823) sw      gp, -720(t5)
core   0: 3 0x8000b2d4 (0xd23f2823) mem 0x8000d000 0x00000001
core   0: 0x8000b2d8 (0xff9ff06f) j       pc - 0x8
core   0: 3 0x8000b2d8 (0xff9ff06f)
core   0: 0x8000b2d0 (0x00002f17) auipc   t5, 0x2
core   0: 3 0x8000b2d0 (0x00002f17) x30 0x8000d2d0
core   0: 0x8000b2d4 (0xd23f2823) sw      gp, -720(t5)
core   0: 3 0x8000b2d4 (0xd23f2823) mem 0x8000d000 0x00000001
core   0: 0x8000b2d8 (0xff9ff06f) j       pc - 0x8
core   0: 3 0x8000b2d8 (0xff9ff06f)
core   0: 0x8000b2d0 (0x00002f17) auipc   t5, 0x2
core   0: 3 0x8000b2d0 (0x00002f17) x30 0x8000d2d0
core   0: 0x8000b2d4 (0xd23f2823) sw      gp, -720(t5)
core   0: 3 0x8000b2d4 (0xd23f2823) mem 0x8000d000 0x00000001
core   0: 0x8000b2d8 (0xff9ff06f) j       pc - 0x8
core   0: 3 0x8000b2d8 (0xff9ff06f)
core   0: 0x8000b2d0 (0x00002f17) auipc   t5, 0x2
core   0: 3 0x8000b2d0 (0x00002f17) x30 0x8000d2d0
core   0: 0x8000b2d4 (0xd23f2823) sw      gp, -720(t5)
core   0: 3 0x8000b2d4 (0xd23f2823) mem 0x8000d000 0x00000001
core   0: 0x8000b2d8 (0xff9ff06f) j       pc - 0x8
core   0: 3 0x8000b2d8 (0xff9ff06f)
core   0: 0x8000b2d0 (0x00002f17) auipc   t5, 0x2
core   0: 3 0x8000b2d0 (0x00002f17) x30 0x8000d2d0
core   0: 0x8000b2d4 (0xd23f2823) sw      gp, -720(t5)
core   0: 3 0x8000b2d4 (0xd23f2823) mem 0x8000d000 0x00000001
core   0: 0x8000b2d8 (0xff9ff06f) j       pc - 0x8
core   0: 3 0x8000b2d8 (0xff9ff06f)
core   0: 0x8000b2d0 (0x00002f17) auipc   t5, 0x2
core   0: 3 0x8000b2d0 (0x00002f17) x30 0x8000d2d0
core   0: 0x8000b2d4 (0xd23f2823) sw      gp, -720(t5)
core   0: 3 0x8000b2d4 (0xd23f2823) mem 0x8000d000 0x00000001
core   0: 0x8000b2d8 (0xff9ff06f) j       pc - 0x8
core   0: 3 0x8000b2d8 (0xff9ff06f)
core   0: 0x8000b2d0 (0x00002f17) auipc   t5, 0x2
core   0: 3 0x8000b2d0 (0x00002f17) x30 0x8000d2d0
core   0: 0x8000b2d4 (0xd23f2823) sw      gp, -720(t5)
core   0: 3 0x8000b2d4 (0xd23f2823) mem 0x8000d000 0x00000001
core   0: 0x8000b2d8 (0xff9ff06f) j       pc - 0x8
core   0: 3 0x8000b2d8 (0xff9ff06f)
core   0: 0x8000b2d0 (0x00002f17) auipc   t5, 0x2
core   0: 3 0x8000b2d0 (0x00002f17) x30 0x8000d2d0
core   0: 0x8000b2d4 (0xd23f2823) sw      gp, -720(t5)
core   0: 3 0x8000b2d4 (0xd23f2823) mem 0x8000d000 0x00000001
core   0: 0x8000b2d8 (0xff9ff06f) j       pc - 0x8
core   0: 3 0x8000b2d8 (0xff9ff06f)
core   0: 0x8000b2d0 (0x00002f17) auipc   t5, 0x2
core   0: 3 0x8000b2d0 (0x00002f17) x30 0x8000d2d0
core   0: 0x8000b2d4 (0xd23f2823) sw      gp, -720(t5)
core   0: 3 0x8000b2d4 (0xd23f2823) mem 0x8000d000 0x00000001
core   0: 0x8000b2d8 (0xff9ff06f) j       pc - 0x8
core   0: 3 0x8000b2d8 (0xff9ff06f)
core   0: 0x8000b2d0 (0x00002f17) auipc   t5, 0x2
core   0: 3 0x8000b2d0 (0x00002f17) x30 0x8000d2d0
core   0: 0x8000b2d4 (0xd23f2823) sw      gp, -720(t5)
core   0: 3 0x8000b2d4 (0xd23f2823) mem 0x8000d000 0x00000001
core   0: 0x8000b2d8 (0xff9ff06f) j       pc - 0x8
core   0: 3 0x8000b2d8 (0xff9ff06f)
core   0: 0x8000b2d0 (0x00002f17) auipc   t5, 0x2
core   0: 3 0x8000b2d0 (0x00002f17) x30 0x8000d2d0
core   0: 0x8000b2d4 (0xd23f2823) sw      gp, -720(t5)
core   0: 3 0x8000b2d4 (0xd23f2823) mem 0x8000d000 0x00000001
core   0: 0x8000b2d8 (0xff9ff06f) j       pc - 0x8
core   0: 3 0x8000b2d8 (0xff9ff06f)
core   0: 0x8000b2d0 (0x00002f17) auipc   t5, 0x2
core   0: 3 0x8000b2d0 (0x00002f17) x30 0x8000d2d0
core   0: 0x8000b2d4 (0xd23f2823) sw      gp, -720(t5)
core   0: 3 0x8000b2d4 (0xd23f2823) mem 0x8000d000 0x00000001
core   0: 0x8000b2d8 (0xff9ff06f) j       pc - 0x8
core   0: 3 0x8000b2d8 (0xff9ff06f)
core   0: 0x8000b2d0 (0x00002f17) auipc   t5, 0x2
core   0: 3 0x8000b2d0 (0x00002f17) x30 0x8000d2d0
core   0: 0x8000b2d4 (0xd23f2823) sw      gp, -720(t5)
core   0: 3 0x8000b2d4 (0xd23f2823) mem 0x8000d000 0x00000001
core   0: 0x8000b2d8 (0xff9ff06f) j       pc - 0x8
core   0: 3 0x8000b2d8 (0xff9ff06f)
core   0: 0x8000b2d0 (0x00002f17) auipc   t5, 0x2
core   0: 3 0x8000b2d0 (0x00002f17) x30 0x8000d2d0
core   0: 0x8000b2d4 (0xd23f2823) sw      gp, -720(t5)
core   0: 3 0x8000b2d4 (0xd23f2823) mem 0x8000d000 0x00000001
core   0: 0x8000b2d8 (0xff9ff06f) j       pc - 0x8
core   0: 3 0x8000b2d8 (0xff9ff06f)
core   0: 0x8000b2d0 (0x00002f17) auipc   t5, 0x2
core   0: 3 0x8000b2d0 (0x00002f17) x30 0x8000d2d0
core   0: 0x8000b2d4 (0xd23f2823) sw      gp, -720(t5)
core   0: 3 0x8000b2d4 (0xd23f2823) mem 0x8000d000 0x00000001
core   0: 0x8000b2d8 (0xff9ff06f) j       pc - 0x8
core   0: 3 0x8000b2d8 (0xff9ff06f)
core   0: 0x8000b2d0 (0x00002f17) auipc   t5, 0x2
core   0: 3 0x8000b2d0 (0x00002f17) x30 0x8000d2d0
core   0: 0x8000b2d4 (0xd23f2823) sw      gp, -720(t5)
core   0: 3 0x8000b2d4 (0xd23f2823) mem 0x8000d000 0x00000001
core   0: 0x8000b2d8 (0xff9ff06f) j       pc - 0x8
core   0: 3 0x8000b2d8 (0xff9ff06f)
core   0: 0x8000b2d0 (0x00002f17) auipc   t5, 0x2
core   0: 3 0x8000b2d0 (0x00002f17) x30 0x8000d2d0
core   0: 0x8000b2d4 (0xd23f2823) sw      gp, -720(t5)
core   0: 3 0x8000b2d4 (0xd23f2823) mem 0x8000d000 0x00000001
core   0: 0x8000b2d8 (0xff9ff06f) j       pc - 0x8
core   0: 3 0x8000b2d8 (0xff9ff06f)
core   0: 0x8000b2d0 (0x00002f17) auipc   t5, 0x2
core   0: 3 0x8000b2d0 (0x00002f17) x30 0x8000d2d0
core   0: 0x8000b2d4 (0xd23f2823) sw      gp, -720(t5)
core   0: 3 0x8000b2d4 (0xd23f2823) mem 0x8000d000 0x00000001
core   0: 0x8000b2d8 (0xff9ff06f) j       pc - 0x8
core   0: 3 0x8000b2d8 (0xff9ff06f)
core   0: 0x8000b2d0 (0x00002f17) auipc   t5, 0x2
core   0: 3 0x8000b2d0 (0x00002f17) x30 0x8000d2d0
core   0: 0x8000b2d4 (0xd23f2823) sw      gp, -720(t5)
core   0: 3 0x8000b2d4 (0xd23f2823) mem 0x8000d000 0x00000001
core   0: 0x8000b2d8 (0xff9ff06f) j       pc - 0x8
core   0: 3 0x8000b2d8 (0xff9ff06f)
core   0: 0x8000b2d0 (0x00002f17) auipc   t5, 0x2
core   0: 3 0x8000b2d0 (0x00002f17) x30 0x8000d2d0
core   0: 0x8000b2d4 (0xd23f2823) sw      gp, -720(t5)
core   0: 3 0x8000b2d4 (0xd23f2823) mem 0x8000d000 0x00000001
core   0: 0x8000b2d8 (0xff9ff06f) j       pc - 0x8
core   0: 3 0x8000b2d8 (0xff9ff06f)
core   0: 0x8000b2d0 (0x00002f17) auipc   t5, 0x2
core   0: 3 0x8000b2d0 (0x00002f17) x30 0x8000d2d0
core   0: 0x8000b2d4 (0xd23f2823) sw      gp, -720(t5)
core   0: 3 0x8000b2d4 (0xd23f2823) mem 0x8000d000 0x00000001
core   0: 0x8000b2d8 (0xff9ff06f) j       pc - 0x8
core   0: 3 0x8000b2d8 (0xff9ff06f)
core   0: 0x8000b2d0 (0x00002f17) auipc   t5, 0x2
core   0: 3 0x8000b2d0 (0x00002f17) x30 0x8000d2d0
core   0: 0x8000b2d4 (0xd23f2823) sw      gp, -720(t5)
core   0: 3 0x8000b2d4 (0xd23f2823) mem 0x8000d000 0x00000001
core   0: 0x8000b2d8 (0xff9ff06f) j       pc - 0x8
core   0: 3 0x8000b2d8 (0xff9ff06f)
core   0: 0x8000b2d0 (0x00002f17) auipc   t5, 0x2
core   0: 3 0x8000b2d0 (0x00002f17) x30 0x8000d2d0
core   0: 0x8000b2d4 (0xd23f2823) sw      gp, -720(t5)
core   0: 3 0x8000b2d4 (0xd23f2823) mem 0x8000d000 0x00000001
core   0: 0x8000b2d8 (0xff9ff06f) j       pc - 0x8
core   0: 3 0x8000b2d8 (0xff9ff06f)
core   0: 0x8000b2d0 (0x00002f17) auipc   t5, 0x2
core   0: 3 0x8000b2d0 (0x00002f17) x30 0x8000d2d0
core   0: 0x8000b2d4 (0xd23f2823) sw      gp, -720(t5)
core   0: 3 0x8000b2d4 (0xd23f2823) mem 0x8000d000 0x00000001
core   0: 0x8000b2d8 (0xff9ff06f) j       pc - 0x8
core   0: 3 0x8000b2d8 (0xff9ff06f)
core   0: 0x8000b2d0 (0x00002f17) auipc   t5, 0x2
core   0: 3 0x8000b2d0 (0x00002f17) x30 0x8000d2d0
core   0: 0x8000b2d4 (0xd23f2823) sw      gp, -720(t5)
core   0: 3 0x8000b2d4 (0xd23f2823) mem 0x8000d000 0x00000001
core   0: 0x8000b2d8 (0xff9ff06f) j       pc - 0x8
core   0: 3 0x8000b2d8 (0xff9ff06f)
core   0: 0x8000b2d0 (0x00002f17) auipc   t5, 0x2
core   0: 3 0x8000b2d0 (0x00002f17) x30 0x8000d2d0
core   0: 0x8000b2d4 (0xd23f2823) sw      gp, -720(t5)
core   0: 3 0x8000b2d4 (0xd23f2823) mem 0x8000d000 0x00000001
core   0: 0x8000b2d8 (0xff9ff06f) j       pc - 0x8
core   0: 3 0x8000b2d8 (0xff9ff06f)
core   0: 0x8000b2d0 (0x00002f17) auipc   t5, 0x2
core   0: 3 0x8000b2d0 (0x00002f17) x30 0x8000d2d0
core   0: 0x8000b2d4 (0xd23f2823) sw      gp, -720(t5)
core   0: 3 0x8000b2d4 (0xd23f2823) mem 0x8000d000 0x00000001
core   0: 0x8000b2d8 (0xff9ff06f) j       pc - 0x8
core   0: 3 0x8000b2d8 (0xff9ff06f)
core   0: 0x8000b2d0 (0x00002f17) auipc   t5, 0x2
core   0: 3 0x8000b2d0 (0x00002f17) x30 0x8000d2d0
core   0: 0x8000b2d4 (0xd23f2823) sw      gp, -720(t5)
core   0: 3 0x8000b2d4 (0xd23f2823) mem 0x8000d000 0x00000001
core   0: 0x8000b2d8 (0xff9ff06f) j       pc - 0x8
core   0: 3 0x8000b2d8 (0xff9ff06f)
core   0: 0x8000b2d0 (0x00002f17) auipc   t5, 0x2
core   0: 3 0x8000b2d0 (0x00002f17) x30 0x8000d2d0
core   0: 0x8000b2d4 (0xd23f2823) sw      gp, -720(t5)
core   0: 3 0x8000b2d4 (0xd23f2823) mem 0x8000d000 0x00000001
core   0: 0x8000b2d8 (0xff9ff06f) j       pc - 0x8
core   0: 3 0x8000b2d8 (0xff9ff06f)
core   0: 0x8000b2d0 (0x00002f17) auipc   t5, 0x2
core   0: 3 0x8000b2d0 (0x00002f17) x30 0x8000d2d0
core   0: 0x8000b2d4 (0xd23f2823) sw      gp, -720(t5)
core   0: 3 0x8000b2d4 (0xd23f2823) mem 0x8000d000 0x00000001
core   0: 0x8000b2d8 (0xff9ff06f) j       pc - 0x8
core   0: 3 0x8000b2d8 (0xff9ff06f)
core   0: 0x8000b2d0 (0x00002f17) auipc   t5, 0x2
core   0: 3 0x8000b2d0 (0x00002f17) x30 0x8000d2d0
core   0: 0x8000b2d4 (0xd23f2823) sw      gp, -720(t5)
core   0: 3 0x8000b2d4 (0xd23f2823) mem 0x8000d000 0x00000001
core   0: 0x8000b2d8 (0xff9ff06f) j       pc - 0x8
core   0: 3 0x8000b2d8 (0xff9ff06f)
core   0: 0x8000b2d0 (0x00002f17) auipc   t5, 0x2
core   0: 3 0x8000b2d0 (0x00002f17) x30 0x8000d2d0
core   0: 0x8000b2d4 (0xd23f2823) sw      gp, -720(t5)
core   0: 3 0x8000b2d4 (0xd23f2823) mem 0x8000d000 0x00000001
core   0: 0x8000b2d8 (0xff9ff06f) j       pc - 0x8
core   0: 3 0x8000b2d8 (0xff9ff06f)
core   0: 0x8000b2d0 (0x00002f17) auipc   t5, 0x2
core   0: 3 0x8000b2d0 (0x00002f17) x30 0x8000d2d0
core   0: 0x8000b2d4 (0xd23f2823) sw      gp, -720(t5)
core   0: 3 0x8000b2d4 (0xd23f2823) mem 0x8000d000 0x00000001
core   0: 0x8000b2d8 (0xff9ff06f) j       pc - 0x8
core   0: 3 0x8000b2d8 (0xff9ff06f)
core   0: 0x8000b2d0 (0x00002f17) auipc   t5, 0x2
core   0: 3 0x8000b2d0 (0x00002f17) x30 0x8000d2d0
core   0: 0x8000b2d4 (0xd23f2823) sw      gp, -720(t5)
core   0: 3 0x8000b2d4 (0xd23f2823) mem 0x8000d000 0x00000001
core   0: 0x8000b2d8 (0xff9ff06f) j       pc - 0x8
core   0: 3 0x8000b2d8 (0xff9ff06f)
core   0: 0x8000b2d0 (0x00002f17) auipc   t5, 0x2
core   0: 3 0x8000b2d0 (0x00002f17) x30 0x8000d2d0
core   0: 0x8000b2d4 (0xd23f2823) sw      gp, -720(t5)
core   0: 3 0x8000b2d4 (0xd23f2823) mem 0x8000d000 0x00000001
core   0: 0x8000b2d8 (0xff9ff06f) j       pc - 0x8
core   0: 3 0x8000b2d8 (0xff9ff06f)
core   0: 0x8000b2d0 (0x00002f17) auipc   t5, 0x2
core   0: 3 0x8000b2d0 (0x00002f17) x30 0x8000d2d0
core   0: 0x8000b2d4 (0xd23f2823) sw      gp, -720(t5)
core   0: 3 0x8000b2d4 (0xd23f2823) mem 0x8000d000 0x00000001
core   0: 0x8000b2d8 (0xff9ff06f) j       pc - 0x8
core   0: 3 0x8000b2d8 (0xff9ff06f)
core   0: 0x8000b2d0 (0x00002f17) auipc   t5, 0x2
core   0: 3 0x8000b2d0 (0x00002f17) x30 0x8000d2d0
core   0: 0x8000b2d4 (0xd23f2823) sw      gp, -720(t5)
core   0: 3 0x8000b2d4 (0xd23f2823) mem 0x8000d000 0x00000001
core   0: 0x8000b2d8 (0xff9ff06f) j       pc - 0x8
core   0: 3 0x8000b2d8 (0xff9ff06f)
core   0: 0x8000b2d0 (0x00002f17) auipc   t5, 0x2
core   0: 3 0x8000b2d0 (0x00002f17) x30 0x8000d2d0
core   0: 0x8000b2d4 (0xd23f2823) sw      gp, -720(t5)
core   0: 3 0x8000b2d4 (0xd23f2823) mem 0x8000d000 0x00000001
core   0: 0x8000b2d8 (0xff9ff06f) j       pc - 0x8
core   0: 3 0x8000b2d8 (0xff9ff06f)
core   0: 0x8000b2d0 (0x00002f17) auipc   t5, 0x2
core   0: 3 0x8000b2d0 (0x00002f17) x30 0x8000d2d0
core   0: 0x8000b2d4 (0xd23f2823) sw      gp, -720(t5)
core   0: 3 0x8000b2d4 (0xd23f2823) mem 0x8000d000 0x00000001
core   0: 0x8000b2d8 (0xff9ff06f) j       pc - 0x8
core   0: 3 0x8000b2d8 (0xff9ff06f)
core   0: 0x8000b2d0 (0x00002f17) auipc   t5, 0x2
core   0: 3 0x8000b2d0 (0x00002f17) x30 0x8000d2d0
core   0: 0x8000b2d4 (0xd23f2823) sw      gp, -720(t5)
core   0: 3 0x8000b2d4 (0xd23f2823) mem 0x8000d000 0x00000001
core   0: 0x8000b2d8 (0xff9ff06f) j       pc - 0x8
core   0: 3 0x8000b2d8 (0xff9ff06f)
core   0: 0x8000b2d0 (0x00002f17) auipc   t5, 0x2
core   0: 3 0x8000b2d0 (0x00002f17) x30 0x8000d2d0
core   0: 0x8000b2d4 (0xd23f2823) sw      gp, -720(t5)
core   0: 3 0x8000b2d4 (0xd23f2823) mem 0x8000d000 0x00000001
core   0: 0x8000b2d8 (0xff9ff06f) j       pc - 0x8
core   0: 3 0x8000b2d8 (0xff9ff06f)
core   0: 0x8000b2d0 (0x00002f17) auipc   t5, 0x2
core   0: 3 0x8000b2d0 (0x00002f17) x30 0x8000d2d0
core   0: 0x8000b2d4 (0xd23f2823) sw      gp, -720(t5)
core   0: 3 0x8000b2d4 (0xd23f2823) mem 0x8000d000 0x00000001
core   0: 0x8000b2d8 (0xff9ff06f) j       pc - 0x8
core   0: 3 0x8000b2d8 (0xff9ff06f)
core   0: 0x8000b2d0 (0x00002f17) auipc   t5, 0x2
core   0: 3 0x8000b2d0 (0x00002f17) x30 0x8000d2d0
core   0: 0x8000b2d4 (0xd23f2823) sw      gp, -720(t5)
core   0: 3 0x8000b2d4 (0xd23f2823) mem 0x8000d000 0x00000001
core   0: 0x8000b2d8 (0xff9ff06f) j       pc - 0x8
core   0: 3 0x8000b2d8 (0xff9ff06f)
core   0: 0x8000b2d0 (0x00002f17) auipc   t5, 0x2
core   0: 3 0x8000b2d0 (0x00002f17) x30 0x8000d2d0
core   0: 0x8000b2d4 (0xd23f2823) sw      gp, -720(t5)
core   0: 3 0x8000b2d4 (0xd23f2823) mem 0x8000d000 0x00000001
core   0: 0x8000b2d8 (0xff9ff06f) j       pc - 0x8
core   0: 3 0x8000b2d8 (0xff9ff06f)
core   0: 0x8000b2d0 (0x00002f17) auipc   t5, 0x2
core   0: 3 0x8000b2d0 (0x00002f17) x30 0x8000d2d0
core   0: 0x8000b2d4 (0xd23f2823) sw      gp, -720(t5)
core   0: 3 0x8000b2d4 (0xd23f2823) mem 0x8000d000 0x00000001
core   0: 0x8000b2d8 (0xff9ff06f) j       pc - 0x8
core   0: 3 0x8000b2d8 (0xff9ff06f)
core   0: 0x8000b2d0 (0x00002f17) auipc   t5, 0x2
core   0: 3 0x8000b2d0 (0x00002f17) x30 0x8000d2d0
core   0: 0x8000b2d4 (0xd23f2823) sw      gp, -720(t5)
core   0: 3 0x8000b2d4 (0xd23f2823) mem 0x8000d000 0x00000001
core   0: 0x8000b2d8 (0xff9ff06f) j       pc - 0x8
core   0: 3 0x8000b2d8 (0xff9ff06f)
core   0: 0x8000b2d0 (0x00002f17) auipc   t5, 0x2
core   0: 3 0x8000b2d0 (0x00002f17) x30 0x8000d2d0
core   0: 0x8000b2d4 (0xd23f2823) sw      gp, -720(t5)
core   0: 3 0x8000b2d4 (0xd23f2823) mem 0x8000d000 0x00000001
core   0: 0x8000b2d8 (0xff9ff06f) j       pc - 0x8
core   0: 3 0x8000b2d8 (0xff9ff06f)
core   0: 0x8000b2d0 (0x00002f17) auipc   t5, 0x2
core   0: 3 0x8000b2d0 (0x00002f17) x30 0x8000d2d0
core   0: 0x8000b2d4 (0xd23f2823) sw      gp, -720(t5)
core   0: 3 0x8000b2d4 (0xd23f2823) mem 0x8000d000 0x00000001
core   0: 0x8000b2d8 (0xff9ff06f) j       pc - 0x8
core   0: 3 0x8000b2d8 (0xff9ff06f)
core   0: 0x8000b2d0 (0x00002f17) auipc   t5, 0x2
core   0: 3 0x8000b2d0 (0x00002f17) x30 0x8000d2d0
core   0: 0x8000b2d4 (0xd23f2823) sw      gp, -720(t5)
core   0: 3 0x8000b2d4 (0xd23f2823) mem 0x8000d000 0x00000001
core   0: 0x8000b2d8 (0xff9ff06f) j       pc - 0x8
core   0: 3 0x8000b2d8 (0xff9ff06f)
core   0: 0x8000b2d0 (0x00002f17) auipc   t5, 0x2
core   0: 3 0x8000b2d0 (0x00002f17) x30 0x8000d2d0
core   0: 0x8000b2d4 (0xd23f2823) sw      gp, -720(t5)
core   0: 3 0x8000b2d4 (0xd23f2823) mem 0x8000d000 0x00000001
core   0: 0x8000b2d8 (0xff9ff06f) j       pc - 0x8
core   0: 3 0x8000b2d8 (0xff9ff06f)
core   0: 0x8000b2d0 (0x00002f17) auipc   t5, 0x2
core   0: 3 0x8000b2d0 (0x00002f17) x30 0x8000d2d0
core   0: 0x8000b2d4 (0xd23f2823) sw      gp, -720(t5)
core   0: 3 0x8000b2d4 (0xd23f2823) mem 0x8000d000 0x00000001
core   0: 0x8000b2d8 (0xff9ff06f) j       pc - 0x8
core   0: 3 0x8000b2d8 (0xff9ff06f)
core   0: 0x8000b2d0 (0x00002f17) auipc   t5, 0x2
core   0: 3 0x8000b2d0 (0x00002f17) x30 0x8000d2d0
core   0: 0x8000b2d4 (0xd23f2823) sw      gp, -720(t5)
core   0: 3 0x8000b2d4 (0xd23f2823) mem 0x8000d000 0x00000001
core   0: 0x8000b2d8 (0xff9ff06f) j       pc - 0x8
core   0: 3 0x8000b2d8 (0xff9ff06f)
core   0: 0x8000b2d0 (0x00002f17) auipc   t5, 0x2
core   0: 3 0x8000b2d0 (0x00002f17) x30 0x8000d2d0
core   0: 0x8000b2d4 (0xd23f2823) sw      gp, -720(t5)
core   0: 3 0x8000b2d4 (0xd23f2823) mem 0x8000d000 0x00000001
core   0: 0x8000b2d8 (0xff9ff06f) j       pc - 0x8
core   0: 3 0x8000b2d8 (0xff9ff06f)
core   0: 0x8000b2d0 (0x00002f17) auipc   t5, 0x2
core   0: 3 0x8000b2d0 (0x00002f17) x30 0x8000d2d0
core   0: 0x8000b2d4 (0xd23f2823) sw      gp, -720(t5)
core   0: 3 0x8000b2d4 (0xd23f2823) mem 0x8000d000 0x00000001
core   0: 0x8000b2d8 (0xff9ff06f) j       pc - 0x8
core   0: 3 0x8000b2d8 (0xff9ff06f)
core   0: 0x8000b2d0 (0x00002f17) auipc   t5, 0x2
core   0: 3 0x8000b2d0 (0x00002f17) x30 0x8000d2d0
core   0: 0x8000b2d4 (0xd23f2823) sw      gp, -720(t5)
core   0: 3 0x8000b2d4 (0xd23f2823) mem 0x8000d000 0x00000001
core   0: 0x8000b2d8 (0xff9ff06f) j       pc - 0x8
core   0: 3 0x8000b2d8 (0xff9ff06f)
core   0: 0x8000b2d0 (0x00002f17) auipc   t5, 0x2
core   0: 3 0x8000b2d0 (0x00002f17) x30 0x8000d2d0
core   0: 0x8000b2d4 (0xd23f2823) sw      gp, -720(t5)
core   0: 3 0x8000b2d4 (0xd23f2823) mem 0x8000d000 0x00000001
core   0: 0x8000b2d8 (0xff9ff06f) j       pc - 0x8
core   0: 3 0x8000b2d8 (0xff9ff06f)
core   0: 0x8000b2d0 (0x00002f17) auipc   t5, 0x2
core   0: 3 0x8000b2d0 (0x00002f17) x30 0x8000d2d0
core   0: 0x8000b2d4 (0xd23f2823) sw      gp, -720(t5)
core   0: 3 0x8000b2d4 (0xd23f2823) mem 0x8000d000 0x00000001
core   0: 0x8000b2d8 (0xff9ff06f) j       pc - 0x8
core   0: 3 0x8000b2d8 (0xff9ff06f)
core   0: 0x8000b2d0 (0x00002f17) auipc   t5, 0x2
core   0: 3 0x8000b2d0 (0x00002f17) x30 0x8000d2d0
core   0: 0x8000b2d4 (0xd23f2823) sw      gp, -720(t5)
core   0: 3 0x8000b2d4 (0xd23f2823) mem 0x8000d000 0x00000001
core   0: 0x8000b2d8 (0xff9ff06f) j       pc - 0x8
core   0: 3 0x8000b2d8 (0xff9ff06f)
core   0: 0x8000b2d0 (0x00002f17) auipc   t5, 0x2
core   0: 3 0x8000b2d0 (0x00002f17) x30 0x8000d2d0
core   0: 0x8000b2d4 (0xd23f2823) sw      gp, -720(t5)
core   0: 3 0x8000b2d4 (0xd23f2823) mem 0x8000d000 0x00000001
core   0: 0x8000b2d8 (0xff9ff06f) j       pc - 0x8
core   0: 3 0x8000b2d8 (0xff9ff06f)
core   0: 0x8000b2d0 (0x00002f17) auipc   t5, 0x2
core   0: 3 0x8000b2d0 (0x00002f17) x30 0x8000d2d0
core   0: 0x8000b2d4 (0xd23f2823) sw      gp, -720(t5)
core   0: 3 0x8000b2d4 (0xd23f2823) mem 0x8000d000 0x00000001
core   0: 0x8000b2d8 (0xff9ff06f) j       pc - 0x8
core   0: 3 0x8000b2d8 (0xff9ff06f)
core   0: 0x8000b2d0 (0x00002f17) auipc   t5, 0x2
core   0: 3 0x8000b2d0 (0x00002f17) x30 0x8000d2d0
core   0: 0x8000b2d4 (0xd23f2823) sw      gp, -720(t5)
core   0: 3 0x8000b2d4 (0xd23f2823) mem 0x8000d000 0x00000001
core   0: 0x8000b2d8 (0xff9ff06f) j       pc - 0x8
core   0: 3 0x8000b2d8 (0xff9ff06f)
core   0: 0x8000b2d0 (0x00002f17) auipc   t5, 0x2
core   0: 3 0x8000b2d0 (0x00002f17) x30 0x8000d2d0
core   0: 0x8000b2d4 (0xd23f2823) sw      gp, -720(t5)
core   0: 3 0x8000b2d4 (0xd23f2823) mem 0x8000d000 0x00000001
core   0: 0x8000b2d8 (0xff9ff06f) j       pc - 0x8
core   0: 3 0x8000b2d8 (0xff9ff06f)
core   0: 0x8000b2d0 (0x00002f17) auipc   t5, 0x2
core   0: 3 0x8000b2d0 (0x00002f17) x30 0x8000d2d0
core   0: 0x8000b2d4 (0xd23f2823) sw      gp, -720(t5)
core   0: 3 0x8000b2d4 (0xd23f2823) mem 0x8000d000 0x00000001
core   0: 0x8000b2d8 (0xff9ff06f) j       pc - 0x8
core   0: 3 0x8000b2d8 (0xff9ff06f)
core   0: 0x8000b2d0 (0x00002f17) auipc   t5, 0x2
core   0: 3 0x8000b2d0 (0x00002f17) x30 0x8000d2d0
core   0: 0x8000b2d4 (0xd23f2823) sw      gp, -720(t5)
core   0: 3 0x8000b2d4 (0xd23f2823) mem 0x8000d000 0x00000001
core   0: 0x8000b2d8 (0xff9ff06f) j       pc - 0x8
core   0: 3 0x8000b2d8 (0xff9ff06f)
core   0: 0x8000b2d0 (0x00002f17) auipc   t5, 0x2
core   0: 3 0x8000b2d0 (0x00002f17) x30 0x8000d2d0
core   0: 0x8000b2d4 (0xd23f2823) sw      gp, -720(t5)
core   0: 3 0x8000b2d4 (0xd23f2823) mem 0x8000d000 0x00000001
core   0: 0x8000b2d8 (0xff9ff06f) j       pc - 0x8
core   0: 3 0x8000b2d8 (0xff9ff06f)
core   0: 0x8000b2d0 (0x00002f17) auipc   t5, 0x2
core   0: 3 0x8000b2d0 (0x00002f17) x30 0x8000d2d0
core   0: 0x8000b2d4 (0xd23f2823) sw      gp, -720(t5)
core   0: 3 0x8000b2d4 (0xd23f2823) mem 0x8000d000 0x00000001
core   0: 0x8000b2d8 (0xff9ff06f) j       pc - 0x8
core   0: 3 0x8000b2d8 (0xff9ff06f)
core   0: 0x8000b2d0 (0x00002f17) auipc   t5, 0x2
core   0: 3 0x8000b2d0 (0x00002f17) x30 0x8000d2d0
core   0: 0x8000b2d4 (0xd23f2823) sw      gp, -720(t5)
core   0: 3 0x8000b2d4 (0xd23f2823) mem 0x8000d000 0x00000001
core   0: 0x8000b2d8 (0xff9ff06f) j       pc - 0x8
core   0: 3 0x8000b2d8 (0xff9ff06f)
core   0: 0x8000b2d0 (0x00002f17) auipc   t5, 0x2
core   0: 3 0x8000b2d0 (0x00002f17) x30 0x8000d2d0
core   0: 0x8000b2d4 (0xd23f2823) sw      gp, -720(t5)
core   0: 3 0x8000b2d4 (0xd23f2823) mem 0x8000d000 0x00000001
core   0: 0x8000b2d8 (0xff9ff06f) j       pc - 0x8
core   0: 3 0x8000b2d8 (0xff9ff06f)
core   0: 0x8000b2d0 (0x00002f17) auipc   t5, 0x2
core   0: 3 0x8000b2d0 (0x00002f17) x30 0x8000d2d0
core   0: 0x8000b2d4 (0xd23f2823) sw      gp, -720(t5)
core   0: 3 0x8000b2d4 (0xd23f2823) mem 0x8000d000 0x00000001
core   0: 0x8000b2d8 (0xff9ff06f) j       pc - 0x8
core   0: 3 0x8000b2d8 (0xff9ff06f)
core   0: 0x8000b2d0 (0x00002f17) auipc   t5, 0x2
core   0: 3 0x8000b2d0 (0x00002f17) x30 0x8000d2d0
core   0: 0x8000b2d4 (0xd23f2823) sw      gp, -720(t5)
core   0: 3 0x8000b2d4 (0xd23f2823) mem 0x8000d000 0x00000001
core   0: 0x8000b2d8 (0xff9ff06f) j       pc - 0x8
core   0: 3 0x8000b2d8 (0xff9ff06f)
core   0: 0x8000b2d0 (0x00002f17) auipc   t5, 0x2
core   0: 3 0x8000b2d0 (0x00002f17) x30 0x8000d2d0
core   0: 0x8000b2d4 (0xd23f2823) sw      gp, -720(t5)
core   0: 3 0x8000b2d4 (0xd23f2823) mem 0x8000d000 0x00000001
core   0: 0x8000b2d8 (0xff9ff06f) j       pc - 0x8
core   0: 3 0x8000b2d8 (0xff9ff06f)
core   0: 0x8000b2d0 (0x00002f17) auipc   t5, 0x2
core   0: 3 0x8000b2d0 (0x00002f17) x30 0x8000d2d0
core   0: 0x8000b2d4 (0xd23f2823) sw      gp, -720(t5)
core   0: 3 0x8000b2d4 (0xd23f2823) mem 0x8000d000 0x00000001
core   0: 0x8000b2d8 (0xff9ff06f) j       pc - 0x8
core   0: 3 0x8000b2d8 (0xff9ff06f)
core   0: 0x8000b2d0 (0x00002f17) auipc   t5, 0x2
core   0: 3 0x8000b2d0 (0x00002f17) x30 0x8000d2d0
core   0: 0x8000b2d4 (0xd23f2823) sw      gp, -720(t5)
core   0: 3 0x8000b2d4 (0xd23f2823) mem 0x8000d000 0x00000001
core   0: 0x8000b2d8 (0xff9ff06f) j       pc - 0x8
core   0: 3 0x8000b2d8 (0xff9ff06f)
core   0: 0x8000b2d0 (0x00002f17) auipc   t5, 0x2
core   0: 3 0x8000b2d0 (0x00002f17) x30 0x8000d2d0
core   0: 0x8000b2d4 (0xd23f2823) sw      gp, -720(t5)
core   0: 3 0x8000b2d4 (0xd23f2823) mem 0x8000d000 0x00000001
core   0: 0x8000b2d8 (0xff9ff06f) j       pc - 0x8
core   0: 3 0x8000b2d8 (0xff9ff06f)
core   0: 0x8000b2d0 (0x00002f17) auipc   t5, 0x2
core   0: 3 0x8000b2d0 (0x00002f17) x30 0x8000d2d0
core   0: 0x8000b2d4 (0xd23f2823) sw      gp, -720(t5)
core   0: 3 0x8000b2d4 (0xd23f2823) mem 0x8000d000 0x00000001
core   0: 0x8000b2d8 (0xff9ff06f) j       pc - 0x8
core   0: 3 0x8000b2d8 (0xff9ff06f)
core   0: 0x8000b2d0 (0x00002f17) auipc   t5, 0x2
core   0: 3 0x8000b2d0 (0x00002f17) x30 0x8000d2d0
core   0: 0x8000b2d4 (0xd23f2823) sw      gp, -720(t5)
core   0: 3 0x8000b2d4 (0xd23f2823) mem 0x8000d000 0x00000001
core   0: 0x8000b2d8 (0xff9ff06f) j       pc - 0x8
core   0: 3 0x8000b2d8 (0xff9ff06f)
core   0: 0x8000b2d0 (0x00002f17) auipc   t5, 0x2
core   0: 3 0x8000b2d0 (0x00002f17) x30 0x8000d2d0
core   0: 0x8000b2d4 (0xd23f2823) sw      gp, -720(t5)
core   0: 3 0x8000b2d4 (0xd23f2823) mem 0x8000d000 0x00000001
core   0: 0x8000b2d8 (0xff9ff06f) j       pc - 0x8
core   0: 3 0x8000b2d8 (0xff9ff06f)
core   0: 0x8000b2d0 (0x00002f17) auipc   t5, 0x2
core   0: 3 0x8000b2d0 (0x00002f17) x30 0x8000d2d0
core   0: 0x8000b2d4 (0xd23f2823) sw      gp, -720(t5)
core   0: 3 0x8000b2d4 (0xd23f2823) mem 0x8000d000 0x00000001
core   0: 0x8000b2d8 (0xff9ff06f) j       pc - 0x8
core   0: 3 0x8000b2d8 (0xff9ff06f)
core   0: 0x8000b2d0 (0x00002f17) auipc   t5, 0x2
core   0: 3 0x8000b2d0 (0x00002f17) x30 0x8000d2d0
core   0: 0x8000b2d4 (0xd23f2823) sw      gp, -720(t5)
core   0: 3 0x8000b2d4 (0xd23f2823) mem 0x8000d000 0x00000001
core   0: 0x8000b2d8 (0xff9ff06f) j       pc - 0x8
core   0: 3 0x8000b2d8 (0xff9ff06f)
core   0: 0x8000b2d0 (0x00002f17) auipc   t5, 0x2
core   0: 3 0x8000b2d0 (0x00002f17) x30 0x8000d2d0
core   0: 0x8000b2d4 (0xd23f2823) sw      gp, -720(t5)
core   0: 3 0x8000b2d4 (0xd23f2823) mem 0x8000d000 0x00000001
core   0: 0x8000b2d8 (0xff9ff06f) j       pc - 0x8
core   0: 3 0x8000b2d8 (0xff9ff06f)
core   0: 0x8000b2d0 (0x00002f17) auipc   t5, 0x2
core   0: 3 0x8000b2d0 (0x00002f17) x30 0x8000d2d0
core   0: 0x8000b2d4 (0xd23f2823) sw      gp, -720(t5)
core   0: 3 0x8000b2d4 (0xd23f2823) mem 0x8000d000 0x00000001
core   0: 0x8000b2d8 (0xff9ff06f) j       pc - 0x8
core   0: 3 0x8000b2d8 (0xff9ff06f)
core   0: 0x8000b2d0 (0x00002f17) auipc   t5, 0x2
core   0: 3 0x8000b2d0 (0x00002f17) x30 0x8000d2d0
core   0: 0x8000b2d4 (0xd23f2823) sw      gp, -720(t5)
core   0: 3 0x8000b2d4 (0xd23f2823) mem 0x8000d000 0x00000001
core   0: 0x8000b2d8 (0xff9ff06f) j       pc - 0x8
core   0: 3 0x8000b2d8 (0xff9ff06f)
core   0: 0x8000b2d0 (0x00002f17) auipc   t5, 0x2
core   0: 3 0x8000b2d0 (0x00002f17) x30 0x8000d2d0
core   0: 0x8000b2d4 (0xd23f2823) sw      gp, -720(t5)
core   0: 3 0x8000b2d4 (0xd23f2823) mem 0x8000d000 0x00000001
core   0: 0x8000b2d8 (0xff9ff06f) j       pc - 0x8
core   0: 3 0x8000b2d8 (0xff9ff06f)
core   0: 0x8000b2d0 (0x00002f17) auipc   t5, 0x2
core   0: 3 0x8000b2d0 (0x00002f17) x30 0x8000d2d0
core   0: 0x8000b2d4 (0xd23f2823) sw      gp, -720(t5)
core   0: 3 0x8000b2d4 (0xd23f2823) mem 0x8000d000 0x00000001
core   0: 0x8000b2d8 (0xff9ff06f) j       pc - 0x8
core   0: 3 0x8000b2d8 (0xff9ff06f)
core   0: 0x8000b2d0 (0x00002f17) auipc   t5, 0x2
core   0: 3 0x8000b2d0 (0x00002f17) x30 0x8000d2d0
core   0: 0x8000b2d4 (0xd23f2823) sw      gp, -720(t5)
core   0: 3 0x8000b2d4 (0xd23f2823) mem 0x8000d000 0x00000001
core   0: 0x8000b2d8 (0xff9ff06f) j       pc - 0x8
core   0: 3 0x8000b2d8 (0xff9ff06f)
core   0: 0x8000b2d0 (0x00002f17) auipc   t5, 0x2
core   0: 3 0x8000b2d0 (0x00002f17) x30 0x8000d2d0
core   0: 0x8000b2d4 (0xd23f2823) sw      gp, -720(t5)
core   0: 3 0x8000b2d4 (0xd23f2823) mem 0x8000d000 0x00000001
core   0: 0x8000b2d8 (0xff9ff06f) j       pc - 0x8
core   0: 3 0x8000b2d8 (0xff9ff06f)
core   0: 0x8000b2d0 (0x00002f17) auipc   t5, 0x2
core   0: 3 0x8000b2d0 (0x00002f17) x30 0x8000d2d0
core   0: 0x8000b2d4 (0xd23f2823) sw      gp, -720(t5)
core   0: 3 0x8000b2d4 (0xd23f2823) mem 0x8000d000 0x00000001
core   0: 0x8000b2d8 (0xff9ff06f) j       pc - 0x8
core   0: 3 0x8000b2d8 (0xff9ff06f)
core   0: 0x8000b2d0 (0x00002f17) auipc   t5, 0x2
core   0: 3 0x8000b2d0 (0x00002f17) x30 0x8000d2d0
core   0: 0x8000b2d4 (0xd23f2823) sw      gp, -720(t5)
core   0: 3 0x8000b2d4 (0xd23f2823) mem 0x8000d000 0x00000001
core   0: 0x8000b2d8 (0xff9ff06f) j       pc - 0x8
core   0: 3 0x8000b2d8 (0xff9ff06f)
core   0: 0x8000b2d0 (0x00002f17) auipc   t5, 0x2
core   0: 3 0x8000b2d0 (0x00002f17) x30 0x8000d2d0
core   0: 0x8000b2d4 (0xd23f2823) sw      gp, -720(t5)
core   0: 3 0x8000b2d4 (0xd23f2823) mem 0x8000d000 0x00000001
core   0: 0x8000b2d8 (0xff9ff06f) j       pc - 0x8
core   0: 3 0x8000b2d8 (0xff9ff06f)
core   0: 0x8000b2d0 (0x00002f17) auipc   t5, 0x2
core   0: 3 0x8000b2d0 (0x00002f17) x30 0x8000d2d0
core   0: 0x8000b2d4 (0xd23f2823) sw      gp, -720(t5)
core   0: 3 0x8000b2d4 (0xd23f2823) mem 0x8000d000 0x00000001
core   0: 0x8000b2d8 (0xff9ff06f) j       pc - 0x8
core   0: 3 0x8000b2d8 (0xff9ff06f)
core   0: 0x8000b2d0 (0x00002f17) auipc   t5, 0x2
core   0: 3 0x8000b2d0 (0x00002f17) x30 0x8000d2d0
core   0: 0x8000b2d4 (0xd23f2823) sw      gp, -720(t5)
core   0: 3 0x8000b2d4 (0xd23f2823) mem 0x8000d000 0x00000001
core   0: 0x8000b2d8 (0xff9ff06f) j       pc - 0x8
core   0: 3 0x8000b2d8 (0xff9ff06f)
core   0: 0x8000b2d0 (0x00002f17) auipc   t5, 0x2
core   0: 3 0x8000b2d0 (0x00002f17) x30 0x8000d2d0
core   0: 0x8000b2d4 (0xd23f2823) sw      gp, -720(t5)
core   0: 3 0x8000b2d4 (0xd23f2823) mem 0x8000d000 0x00000001
core   0: 0x8000b2d8 (0xff9ff06f) j       pc - 0x8
core   0: 3 0x8000b2d8 (0xff9ff06f)
core   0: 0x8000b2d0 (0x00002f17) auipc   t5, 0x2
core   0: 3 0x8000b2d0 (0x00002f17) x30 0x8000d2d0
core   0: 0x8000b2d4 (0xd23f2823) sw      gp, -720(t5)
core   0: 3 0x8000b2d4 (0xd23f2823) mem 0x8000d000 0x00000001
core   0: 0x8000b2d8 (0xff9ff06f) j       pc - 0x8
core   0: 3 0x8000b2d8 (0xff9ff06f)
core   0: 0x8000b2d0 (0x00002f17) auipc   t5, 0x2
core   0: 3 0x8000b2d0 (0x00002f17) x30 0x8000d2d0
core   0: 0x8000b2d4 (0xd23f2823) sw      gp, -720(t5)
core   0: 3 0x8000b2d4 (0xd23f2823) mem 0x8000d000 0x00000001
core   0: 0x8000b2d8 (0xff9ff06f) j       pc - 0x8
core   0: 3 0x8000b2d8 (0xff9ff06f)
core   0: 0x8000b2d0 (0x00002f17) auipc   t5, 0x2
core   0: 3 0x8000b2d0 (0x00002f17) x30 0x8000d2d0
core   0: 0x8000b2d4 (0xd23f2823) sw      gp, -720(t5)
core   0: 3 0x8000b2d4 (0xd23f2823) mem 0x8000d000 0x00000001
core   0: 0x8000b2d8 (0xff9ff06f) j       pc - 0x8
core   0: 3 0x8000b2d8 (0xff9ff06f)
core   0: 0x8000b2d0 (0x00002f17) auipc   t5, 0x2
core   0: 3 0x8000b2d0 (0x00002f17) x30 0x8000d2d0
core   0: 0x8000b2d4 (0xd23f2823) sw      gp, -720(t5)
core   0: 3 0x8000b2d4 (0xd23f2823) mem 0x8000d000 0x00000001
core   0: 0x8000b2d8 (0xff9ff06f) j       pc - 0x8
core   0: 3 0x8000b2d8 (0xff9ff06f)
core   0: 0x8000b2d0 (0x00002f17) auipc   t5, 0x2
core   0: 3 0x8000b2d0 (0x00002f17) x30 0x8000d2d0
core   0: 0x8000b2d4 (0xd23f2823) sw      gp, -720(t5)
core   0: 3 0x8000b2d4 (0xd23f2823) mem 0x8000d000 0x00000001
core   0: 0x8000b2d8 (0xff9ff06f) j       pc - 0x8
core   0: 3 0x8000b2d8 (0xff9ff06f)
core   0: 0x8000b2d0 (0x00002f17) auipc   t5, 0x2
core   0: 3 0x8000b2d0 (0x00002f17) x30 0x8000d2d0
core   0: 0x8000b2d4 (0xd23f2823) sw      gp, -720(t5)
core   0: 3 0x8000b2d4 (0xd23f2823) mem 0x8000d000 0x00000001
core   0: 0x8000b2d8 (0xff9ff06f) j       pc - 0x8
core   0: 3 0x8000b2d8 (0xff9ff06f)
core   0: 0x8000b2d0 (0x00002f17) auipc   t5, 0x2
core   0: 3 0x8000b2d0 (0x00002f17) x30 0x8000d2d0
core   0: 0x8000b2d4 (0xd23f2823) sw      gp, -720(t5)
core   0: 3 0x8000b2d4 (0xd23f2823) mem 0x8000d000 0x00000001
core   0: 0x8000b2d8 (0xff9ff06f) j       pc - 0x8
core   0: 3 0x8000b2d8 (0xff9ff06f)
core   0: 0x8000b2d0 (0x00002f17) auipc   t5, 0x2
core   0: 3 0x8000b2d0 (0x00002f17) x30 0x8000d2d0
core   0: 0x8000b2d4 (0xd23f2823) sw      gp, -720(t5)
core   0: 3 0x8000b2d4 (0xd23f2823) mem 0x8000d000 0x00000001
core   0: 0x8000b2d8 (0xff9ff06f) j       pc - 0x8
core   0: 3 0x8000b2d8 (0xff9ff06f)
core   0: 0x8000b2d0 (0x00002f17) auipc   t5, 0x2
core   0: 3 0x8000b2d0 (0x00002f17) x30 0x8000d2d0
core   0: 0x8000b2d4 (0xd23f2823) sw      gp, -720(t5)
core   0: 3 0x8000b2d4 (0xd23f2823) mem 0x8000d000 0x00000001
core   0: 0x8000b2d8 (0xff9ff06f) j       pc - 0x8
core   0: 3 0x8000b2d8 (0xff9ff06f)
core   0: 0x8000b2d0 (0x00002f17) auipc   t5, 0x2
core   0: 3 0x8000b2d0 (0x00002f17) x30 0x8000d2d0
core   0: 0x8000b2d4 (0xd23f2823) sw      gp, -720(t5)
core   0: 3 0x8000b2d4 (0xd23f2823) mem 0x8000d000 0x00000001
core   0: 0x8000b2d8 (0xff9ff06f) j       pc - 0x8
core   0: 3 0x8000b2d8 (0xff9ff06f)
core   0: 0x8000b2d0 (0x00002f17) auipc   t5, 0x2
core   0: 3 0x8000b2d0 (0x00002f17) x30 0x8000d2d0
core   0: 0x8000b2d4 (0xd23f2823) sw      gp, -720(t5)
core   0: 3 0x8000b2d4 (0xd23f2823) mem 0x8000d000 0x00000001
core   0: 0x8000b2d8 (0xff9ff06f) j       pc - 0x8
core   0: 3 0x8000b2d8 (0xff9ff06f)
core   0: 0x8000b2d0 (0x00002f17) auipc   t5, 0x2
core   0: 3 0x8000b2d0 (0x00002f17) x30 0x8000d2d0
core   0: 0x8000b2d4 (0xd23f2823) sw      gp, -720(t5)
core   0: 3 0x8000b2d4 (0xd23f2823) mem 0x8000d000 0x00000001
core   0: 0x8000b2d8 (0xff9ff06f) j       pc - 0x8
core   0: 3 0x8000b2d8 (0xff9ff06f)
core   0: 0x8000b2d0 (0x00002f17) auipc   t5, 0x2
core   0: 3 0x8000b2d0 (0x00002f17) x30 0x8000d2d0
core   0: 0x8000b2d4 (0xd23f2823) sw      gp, -720(t5)
core   0: 3 0x8000b2d4 (0xd23f2823) mem 0x8000d000 0x00000001
core   0: 0x8000b2d8 (0xff9ff06f) j       pc - 0x8
core   0: 3 0x8000b2d8 (0xff9ff06f)
core   0: 0x8000b2d0 (0x00002f17) auipc   t5, 0x2
core   0: 3 0x8000b2d0 (0x00002f17) x30 0x8000d2d0
core   0: 0x8000b2d4 (0xd23f2823) sw      gp, -720(t5)
core   0: 3 0x8000b2d4 (0xd23f2823) mem 0x8000d000 0x00000001
core   0: 0x8000b2d8 (0xff9ff06f) j       pc - 0x8
core   0: 3 0x8000b2d8 (0xff9ff06f)
core   0: 0x8000b2d0 (0x00002f17) auipc   t5, 0x2
core   0: 3 0x8000b2d0 (0x00002f17) x30 0x8000d2d0
core   0: 0x8000b2d4 (0xd23f2823) sw      gp, -720(t5)
core   0: 3 0x8000b2d4 (0xd23f2823) mem 0x8000d000 0x00000001
core   0: 0x8000b2d8 (0xff9ff06f) j       pc - 0x8
core   0: 3 0x8000b2d8 (0xff9ff06f)
core   0: 0x8000b2d0 (0x00002f17) auipc   t5, 0x2
core   0: 3 0x8000b2d0 (0x00002f17) x30 0x8000d2d0
core   0: 0x8000b2d4 (0xd23f2823) sw      gp, -720(t5)
core   0: 3 0x8000b2d4 (0xd23f2823) mem 0x8000d000 0x00000001
core   0: 0x8000b2d8 (0xff9ff06f) j       pc - 0x8
core   0: 3 0x8000b2d8 (0xff9ff06f)
core   0: 0x8000b2d0 (0x00002f17) auipc   t5, 0x2
core   0: 3 0x8000b2d0 (0x00002f17) x30 0x8000d2d0
core   0: 0x8000b2d4 (0xd23f2823) sw      gp, -720(t5)
core   0: 3 0x8000b2d4 (0xd23f2823) mem 0x8000d000 0x00000001
core   0: 0x8000b2d8 (0xff9ff06f) j       pc - 0x8
core   0: 3 0x8000b2d8 (0xff9ff06f)
core   0: 0x8000b2d0 (0x00002f17) auipc   t5, 0x2
core   0: 3 0x8000b2d0 (0x00002f17) x30 0x8000d2d0
core   0: 0x8000b2d4 (0xd23f2823) sw      gp, -720(t5)
core   0: 3 0x8000b2d4 (0xd23f2823) mem 0x8000d000 0x00000001
core   0: 0x8000b2d8 (0xff9ff06f) j       pc - 0x8
core   0: 3 0x8000b2d8 (0xff9ff06f)
core   0: 0x8000b2d0 (0x00002f17) auipc   t5, 0x2
core   0: 3 0x8000b2d0 (0x00002f17) x30 0x8000d2d0
core   0: 0x8000b2d4 (0xd23f2823) sw      gp, -720(t5)
core   0: 3 0x8000b2d4 (0xd23f2823) mem 0x8000d000 0x00000001
core   0: 0x8000b2d8 (0xff9ff06f) j       pc - 0x8
core   0: 3 0x8000b2d8 (0xff9ff06f)
core   0: 0x8000b2d0 (0x00002f17) auipc   t5, 0x2
core   0: 3 0x8000b2d0 (0x00002f17) x30 0x8000d2d0
core   0: 0x8000b2d4 (0xd23f2823) sw      gp, -720(t5)
core   0: 3 0x8000b2d4 (0xd23f2823) mem 0x8000d000 0x00000001
core   0: 0x8000b2d8 (0xff9ff06f) j       pc - 0x8
core   0: 3 0x8000b2d8 (0xff9ff06f)
core   0: 0x8000b2d0 (0x00002f17) auipc   t5, 0x2
core   0: 3 0x8000b2d0 (0x00002f17) x30 0x8000d2d0
core   0: 0x8000b2d4 (0xd23f2823) sw      gp, -720(t5)
core   0: 3 0x8000b2d4 (0xd23f2823) mem 0x8000d000 0x00000001
core   0: 0x8000b2d8 (0xff9ff06f) j       pc - 0x8
core   0: 3 0x8000b2d8 (0xff9ff06f)
core   0: 0x8000b2d0 (0x00002f17) auipc   t5, 0x2
core   0: 3 0x8000b2d0 (0x00002f17) x30 0x8000d2d0
core   0: 0x8000b2d4 (0xd23f2823) sw      gp, -720(t5)
core   0: 3 0x8000b2d4 (0xd23f2823) mem 0x8000d000 0x00000001
core   0: 0x8000b2d8 (0xff9ff06f) j       pc - 0x8
core   0: 3 0x8000b2d8 (0xff9ff06f)
core   0: 0x8000b2d0 (0x00002f17) auipc   t5, 0x2
core   0: 3 0x8000b2d0 (0x00002f17) x30 0x8000d2d0
core   0: 0x8000b2d4 (0xd23f2823) sw      gp, -720(t5)
core   0: 3 0x8000b2d4 (0xd23f2823) mem 0x8000d000 0x00000001
core   0: 0x8000b2d8 (0xff9ff06f) j       pc - 0x8
core   0: 3 0x8000b2d8 (0xff9ff06f)
core   0: 0x8000b2d0 (0x00002f17) auipc   t5, 0x2
core   0: 3 0x8000b2d0 (0x00002f17) x30 0x8000d2d0
core   0: 0x8000b2d4 (0xd23f2823) sw      gp, -720(t5)
core   0: 3 0x8000b2d4 (0xd23f2823) mem 0x8000d000 0x00000001
core   0: 0x8000b2d8 (0xff9ff06f) j       pc - 0x8
core   0: 3 0x8000b2d8 (0xff9ff06f)
core   0: 0x8000b2d0 (0x00002f17) auipc   t5, 0x2
core   0: 3 0x8000b2d0 (0x00002f17) x30 0x8000d2d0
core   0: 0x8000b2d4 (0xd23f2823) sw      gp, -720(t5)
core   0: 3 0x8000b2d4 (0xd23f2823) mem 0x8000d000 0x00000001
core   0: 0x8000b2d8 (0xff9ff06f) j       pc - 0x8
core   0: 3 0x8000b2d8 (0xff9ff06f)
core   0: 0x8000b2d0 (0x00002f17) auipc   t5, 0x2
core   0: 3 0x8000b2d0 (0x00002f17) x30 0x8000d2d0
core   0: 0x8000b2d4 (0xd23f2823) sw      gp, -720(t5)
core   0: 3 0x8000b2d4 (0xd23f2823) mem 0x8000d000 0x00000001
core   0: 0x8000b2d8 (0xff9ff06f) j       pc - 0x8
core   0: 3 0x8000b2d8 (0xff9ff06f)
core   0: 0x8000b2d0 (0x00002f17) auipc   t5, 0x2
core   0: 3 0x8000b2d0 (0x00002f17) x30 0x8000d2d0
core   0: 0x8000b2d4 (0xd23f2823) sw      gp, -720(t5)
core   0: 3 0x8000b2d4 (0xd23f2823) mem 0x8000d000 0x00000001
core   0: 0x8000b2d8 (0xff9ff06f) j       pc - 0x8
core   0: 3 0x8000b2d8 (0xff9ff06f)
core   0: 0x8000b2d0 (0x00002f17) auipc   t5, 0x2
core   0: 3 0x8000b2d0 (0x00002f17) x30 0x8000d2d0
core   0: 0x8000b2d4 (0xd23f2823) sw      gp, -720(t5)
core   0: 3 0x8000b2d4 (0xd23f2823) mem 0x8000d000 0x00000001
core   0: 0x8000b2d8 (0xff9ff06f) j       pc - 0x8
core   0: 3 0x8000b2d8 (0xff9ff06f)
core   0: 0x8000b2d0 (0x00002f17) auipc   t5, 0x2
core   0: 3 0x8000b2d0 (0x00002f17) x30 0x8000d2d0
core   0: 0x8000b2d4 (0xd23f2823) sw      gp, -720(t5)
core   0: 3 0x8000b2d4 (0xd23f2823) mem 0x8000d000 0x00000001
core   0: 0x8000b2d8 (0xff9ff06f) j       pc - 0x8
core   0: 3 0x8000b2d8 (0xff9ff06f)
core   0: 0x8000b2d0 (0x00002f17) auipc   t5, 0x2
core   0: 3 0x8000b2d0 (0x00002f17) x30 0x8000d2d0
core   0: 0x8000b2d4 (0xd23f2823) sw      gp, -720(t5)
core   0: 3 0x8000b2d4 (0xd23f2823) mem 0x8000d000 0x00000001
core   0: 0x8000b2d8 (0xff9ff06f) j       pc - 0x8
core   0: 3 0x8000b2d8 (0xff9ff06f)
core   0: 0x8000b2d0 (0x00002f17) auipc   t5, 0x2
core   0: 3 0x8000b2d0 (0x00002f17) x30 0x8000d2d0
core   0: 0x8000b2d4 (0xd23f2823) sw      gp, -720(t5)
core   0: 3 0x8000b2d4 (0xd23f2823) mem 0x8000d000 0x00000001
core   0: 0x8000b2d8 (0xff9ff06f) j       pc - 0x8
core   0: 3 0x8000b2d8 (0xff9ff06f)
core   0: 0x8000b2d0 (0x00002f17) auipc   t5, 0x2
core   0: 3 0x8000b2d0 (0x00002f17) x30 0x8000d2d0
core   0: 0x8000b2d4 (0xd23f2823) sw      gp, -720(t5)
core   0: 3 0x8000b2d4 (0xd23f2823) mem 0x8000d000 0x00000001
core   0: 0x8000b2d8 (0xff9ff06f) j       pc - 0x8
core   0: 3 0x8000b2d8 (0xff9ff06f)
core   0: 0x8000b2d0 (0x00002f17) auipc   t5, 0x2
core   0: 3 0x8000b2d0 (0x00002f17) x30 0x8000d2d0
core   0: 0x8000b2d4 (0xd23f2823) sw      gp, -720(t5)
core   0: 3 0x8000b2d4 (0xd23f2823) mem 0x8000d000 0x00000001
core   0: 0x8000b2d8 (0xff9ff06f) j       pc - 0x8
core   0: 3 0x8000b2d8 (0xff9ff06f)
core   0: 0x8000b2d0 (0x00002f17) auipc   t5, 0x2
core   0: 3 0x8000b2d0 (0x00002f17) x30 0x8000d2d0
core   0: 0x8000b2d4 (0xd23f2823) sw      gp, -720(t5)
core   0: 3 0x8000b2d4 (0xd23f2823) mem 0x8000d000 0x00000001
core   0: 0x8000b2d8 (0xff9ff06f) j       pc - 0x8
core   0: 3 0x8000b2d8 (0xff9ff06f)
core   0: 0x8000b2d0 (0x00002f17) auipc   t5, 0x2
core   0: 3 0x8000b2d0 (0x00002f17) x30 0x8000d2d0
core   0: 0x8000b2d4 (0xd23f2823) sw      gp, -720(t5)
core   0: 3 0x8000b2d4 (0xd23f2823) mem 0x8000d000 0x00000001
core   0: 0x8000b2d8 (0xff9ff06f) j       pc - 0x8
core   0: 3 0x8000b2d8 (0xff9ff06f)
core   0: 0x8000b2d0 (0x00002f17) auipc   t5, 0x2
core   0: 3 0x8000b2d0 (0x00002f17) x30 0x8000d2d0
core   0: 0x8000b2d4 (0xd23f2823) sw      gp, -720(t5)
core   0: 3 0x8000b2d4 (0xd23f2823) mem 0x8000d000 0x00000001
core   0: 0x8000b2d8 (0xff9ff06f) j       pc - 0x8
core   0: 3 0x8000b2d8 (0xff9ff06f)
core   0: 0x8000b2d0 (0x00002f17) auipc   t5, 0x2
core   0: 3 0x8000b2d0 (0x00002f17) x30 0x8000d2d0
core   0: 0x8000b2d4 (0xd23f2823) sw      gp, -720(t5)
core   0: 3 0x8000b2d4 (0xd23f2823) mem 0x8000d000 0x00000001
core   0: 0x8000b2d8 (0xff9ff06f) j       pc - 0x8
core   0: 3 0x8000b2d8 (0xff9ff06f)
core   0: 0x8000b2d0 (0x00002f17) auipc   t5, 0x2
core   0: 3 0x8000b2d0 (0x00002f17) x30 0x8000d2d0
core   0: 0x8000b2d4 (0xd23f2823) sw      gp, -720(t5)
core   0: 3 0x8000b2d4 (0xd23f2823) mem 0x8000d000 0x00000001
core   0: 0x8000b2d8 (0xff9ff06f) j       pc - 0x8
core   0: 3 0x8000b2d8 (0xff9ff06f)
core   0: 0x8000b2d0 (0x00002f17) auipc   t5, 0x2
core   0: 3 0x8000b2d0 (0x00002f17) x30 0x8000d2d0
core   0: 0x8000b2d4 (0xd23f2823) sw      gp, -720(t5)
core   0: 3 0x8000b2d4 (0xd23f2823) mem 0x8000d000 0x00000001
core   0: 0x8000b2d8 (0xff9ff06f) j       pc - 0x8
core   0: 3 0x8000b2d8 (0xff9ff06f)
core   0: 0x8000b2d0 (0x00002f17) auipc   t5, 0x2
core   0: 3 0x8000b2d0 (0x00002f17) x30 0x8000d2d0
core   0: 0x8000b2d4 (0xd23f2823) sw      gp, -720(t5)
core   0: 3 0x8000b2d4 (0xd23f2823) mem 0x8000d000 0x00000001
core   0: 0x8000b2d8 (0xff9ff06f) j       pc - 0x8
core   0: 3 0x8000b2d8 (0xff9ff06f)
core   0: 0x8000b2d0 (0x00002f17) auipc   t5, 0x2
core   0: 3 0x8000b2d0 (0x00002f17) x30 0x8000d2d0
core   0: 0x8000b2d4 (0xd23f2823) sw      gp, -720(t5)
core   0: 3 0x8000b2d4 (0xd23f2823) mem 0x8000d000 0x00000001
core   0: 0x8000b2d8 (0xff9ff06f) j       pc - 0x8
core   0: 3 0x8000b2d8 (0xff9ff06f)
core   0: 0x8000b2d0 (0x00002f17) auipc   t5, 0x2
core   0: 3 0x8000b2d0 (0x00002f17) x30 0x8000d2d0
core   0: 0x8000b2d4 (0xd23f2823) sw      gp, -720(t5)
core   0: 3 0x8000b2d4 (0xd23f2823) mem 0x8000d000 0x00000001
core   0: 0x8000b2d8 (0xff9ff06f) j       pc - 0x8
core   0: 3 0x8000b2d8 (0xff9ff06f)
core   0: 0x8000b2d0 (0x00002f17) auipc   t5, 0x2
core   0: 3 0x8000b2d0 (0x00002f17) x30 0x8000d2d0
core   0: 0x8000b2d4 (0xd23f2823) sw      gp, -720(t5)
core   0: 3 0x8000b2d4 (0xd23f2823) mem 0x8000d000 0x00000001
core   0: 0x8000b2d8 (0xff9ff06f) j       pc - 0x8
core   0: 3 0x8000b2d8 (0xff9ff06f)
core   0: 0x8000b2d0 (0x00002f17) auipc   t5, 0x2
core   0: 3 0x8000b2d0 (0x00002f17) x30 0x8000d2d0
core   0: 0x8000b2d4 (0xd23f2823) sw      gp, -720(t5)
core   0: 3 0x8000b2d4 (0xd23f2823) mem 0x8000d000 0x00000001
core   0: 0x8000b2d8 (0xff9ff06f) j       pc - 0x8
core   0: 3 0x8000b2d8 (0xff9ff06f)
core   0: 0x8000b2d0 (0x00002f17) auipc   t5, 0x2
core   0: 3 0x8000b2d0 (0x00002f17) x30 0x8000d2d0
core   0: 0x8000b2d4 (0xd23f2823) sw      gp, -720(t5)
core   0: 3 0x8000b2d4 (0xd23f2823) mem 0x8000d000 0x00000001
core   0: 0x8000b2d8 (0xff9ff06f) j       pc - 0x8
core   0: 3 0x8000b2d8 (0xff9ff06f)
core   0: 0x8000b2d0 (0x00002f17) auipc   t5, 0x2
core   0: 3 0x8000b2d0 (0x00002f17) x30 0x8000d2d0
core   0: 0x8000b2d4 (0xd23f2823) sw      gp, -720(t5)
core   0: 3 0x8000b2d4 (0xd23f2823) mem 0x8000d000 0x00000001
core   0: 0x8000b2d8 (0xff9ff06f) j       pc - 0x8
core   0: 3 0x8000b2d8 (0xff9ff06f)
core   0: 0x8000b2d0 (0x00002f17) auipc   t5, 0x2
core   0: 3 0x8000b2d0 (0x00002f17) x30 0x8000d2d0
core   0: 0x8000b2d4 (0xd23f2823) sw      gp, -720(t5)
core   0: 3 0x8000b2d4 (0xd23f2823) mem 0x8000d000 0x00000001
core   0: 0x8000b2d8 (0xff9ff06f) j       pc - 0x8
core   0: 3 0x8000b2d8 (0xff9ff06f)
core   0: 0x8000b2d0 (0x00002f17) auipc   t5, 0x2
core   0: 3 0x8000b2d0 (0x00002f17) x30 0x8000d2d0
core   0: 0x8000b2d4 (0xd23f2823) sw      gp, -720(t5)
core   0: 3 0x8000b2d4 (0xd23f2823) mem 0x8000d000 0x00000001
core   0: 0x8000b2d8 (0xff9ff06f) j       pc - 0x8
core   0: 3 0x8000b2d8 (0xff9ff06f)
core   0: 0x8000b2d0 (0x00002f17) auipc   t5, 0x2
core   0: 3 0x8000b2d0 (0x00002f17) x30 0x8000d2d0
core   0: 0x8000b2d4 (0xd23f2823) sw      gp, -720(t5)
core   0: 3 0x8000b2d4 (0xd23f2823) mem 0x8000d000 0x00000001
core   0: 0x8000b2d8 (0xff9ff06f) j       pc - 0x8
core   0: 3 0x8000b2d8 (0xff9ff06f)
core   0: 0x8000b2d0 (0x00002f17) auipc   t5, 0x2
core   0: 3 0x8000b2d0 (0x00002f17) x30 0x8000d2d0
core   0: 0x8000b2d4 (0xd23f2823) sw      gp, -720(t5)
core   0: 3 0x8000b2d4 (0xd23f2823) mem 0x8000d000 0x00000001
core   0: 0x8000b2d8 (0xff9ff06f) j       pc - 0x8
core   0: 3 0x8000b2d8 (0xff9ff06f)
core   0: 0x8000b2d0 (0x00002f17) auipc   t5, 0x2
core   0: 3 0x8000b2d0 (0x00002f17) x30 0x8000d2d0
core   0: 0x8000b2d4 (0xd23f2823) sw      gp, -720(t5)
core   0: 3 0x8000b2d4 (0xd23f2823) mem 0x8000d000 0x00000001
core   0: 0x8000b2d8 (0xff9ff06f) j       pc - 0x8
core   0: 3 0x8000b2d8 (0xff9ff06f)
core   0: 0x8000b2d0 (0x00002f17) auipc   t5, 0x2
core   0: 3 0x8000b2d0 (0x00002f17) x30 0x8000d2d0
core   0: 0x8000b2d4 (0xd23f2823) sw      gp, -720(t5)
core   0: 3 0x8000b2d4 (0xd23f2823) mem 0x8000d000 0x00000001
core   0: 0x8000b2d8 (0xff9ff06f) j       pc - 0x8
core   0: 3 0x8000b2d8 (0xff9ff06f)
core   0: 0x8000b2d0 (0x00002f17) auipc   t5, 0x2
core   0: 3 0x8000b2d0 (0x00002f17) x30 0x8000d2d0
core   0: 0x8000b2d4 (0xd23f2823) sw      gp, -720(t5)
core   0: 3 0x8000b2d4 (0xd23f2823) mem 0x8000d000 0x00000001
core   0: 0x8000b2d8 (0xff9ff06f) j       pc - 0x8
core   0: 3 0x8000b2d8 (0xff9ff06f)
core   0: 0x8000b2d0 (0x00002f17) auipc   t5, 0x2
core   0: 3 0x8000b2d0 (0x00002f17) x30 0x8000d2d0
core   0: 0x8000b2d4 (0xd23f2823) sw      gp, -720(t5)
core   0: 3 0x8000b2d4 (0xd23f2823) mem 0x8000d000 0x00000001
core   0: 0x8000b2d8 (0xff9ff06f) j       pc - 0x8
core   0: 3 0x8000b2d8 (0xff9ff06f)
core   0: 0x8000b2d0 (0x00002f17) auipc   t5, 0x2
core   0: 3 0x8000b2d0 (0x00002f17) x30 0x8000d2d0
core   0: 0x8000b2d4 (0xd23f2823) sw      gp, -720(t5)
core   0: 3 0x8000b2d4 (0xd23f2823) mem 0x8000d000 0x00000001
core   0: 0x8000b2d8 (0xff9ff06f) j       pc - 0x8
core   0: 3 0x8000b2d8 (0xff9ff06f)
core   0: 0x8000b2d0 (0x00002f17) auipc   t5, 0x2
core   0: 3 0x8000b2d0 (0x00002f17) x30 0x8000d2d0
core   0: 0x8000b2d4 (0xd23f2823) sw      gp, -720(t5)
core   0: 3 0x8000b2d4 (0xd23f2823) mem 0x8000d000 0x00000001
core   0: 0x8000b2d8 (0xff9ff06f) j       pc - 0x8
core   0: 3 0x8000b2d8 (0xff9ff06f)
core   0: 0x8000b2d0 (0x00002f17) auipc   t5, 0x2
core   0: 3 0x8000b2d0 (0x00002f17) x30 0x8000d2d0
core   0: 0x8000b2d4 (0xd23f2823) sw      gp, -720(t5)
core   0: 3 0x8000b2d4 (0xd23f2823) mem 0x8000d000 0x00000001
core   0: 0x8000b2d8 (0xff9ff06f) j       pc - 0x8
core   0: 3 0x8000b2d8 (0xff9ff06f)
core   0: 0x8000b2d0 (0x00002f17) auipc   t5, 0x2
core   0: 3 0x8000b2d0 (0x00002f17) x30 0x8000d2d0
core   0: 0x8000b2d4 (0xd23f2823) sw      gp, -720(t5)
core   0: 3 0x8000b2d4 (0xd23f2823) mem 0x8000d000 0x00000001
core   0: 0x8000b2d8 (0xff9ff06f) j       pc - 0x8
core   0: 3 0x8000b2d8 (0xff9ff06f)
core   0: 0x8000b2d0 (0x00002f17) auipc   t5, 0x2
core   0: 3 0x8000b2d0 (0x00002f17) x30 0x8000d2d0
core   0: 0x8000b2d4 (0xd23f2823) sw      gp, -720(t5)
core   0: 3 0x8000b2d4 (0xd23f2823) mem 0x8000d000 0x00000001
core   0: 0x8000b2d8 (0xff9ff06f) j       pc - 0x8
core   0: 3 0x8000b2d8 (0xff9ff06f)
core   0: 0x8000b2d0 (0x00002f17) auipc   t5, 0x2
core   0: 3 0x8000b2d0 (0x00002f17) x30 0x8000d2d0
core   0: 0x8000b2d4 (0xd23f2823) sw      gp, -720(t5)
core   0: 3 0x8000b2d4 (0xd23f2823) mem 0x8000d000 0x00000001
core   0: 0x8000b2d8 (0xff9ff06f) j       pc - 0x8
core   0: 3 0x8000b2d8 (0xff9ff06f)
core   0: 0x8000b2d0 (0x00002f17) auipc   t5, 0x2
core   0: 3 0x8000b2d0 (0x00002f17) x30 0x8000d2d0
core   0: 0x8000b2d4 (0xd23f2823) sw      gp, -720(t5)
core   0: 3 0x8000b2d4 (0xd23f2823) mem 0x8000d000 0x00000001
core   0: 0x8000b2d8 (0xff9ff06f) j       pc - 0x8
core   0: 3 0x8000b2d8 (0xff9ff06f)
core   0: 0x8000b2d0 (0x00002f17) auipc   t5, 0x2
core   0: 3 0x8000b2d0 (0x00002f17) x30 0x8000d2d0
core   0: 0x8000b2d4 (0xd23f2823) sw      gp, -720(t5)
core   0: 3 0x8000b2d4 (0xd23f2823) mem 0x8000d000 0x00000001
core   0: 0x8000b2d8 (0xff9ff06f) j       pc - 0x8
core   0: 3 0x8000b2d8 (0xff9ff06f)
core   0: 0x8000b2d0 (0x00002f17) auipc   t5, 0x2
core   0: 3 0x8000b2d0 (0x00002f17) x30 0x8000d2d0
core   0: 0x8000b2d4 (0xd23f2823) sw      gp, -720(t5)
core   0: 3 0x8000b2d4 (0xd23f2823) mem 0x8000d000 0x00000001
core   0: 0x8000b2d8 (0xff9ff06f) j       pc - 0x8
core   0: 3 0x8000b2d8 (0xff9ff06f)
core   0: 0x8000b2d0 (0x00002f17) auipc   t5, 0x2
core   0: 3 0x8000b2d0 (0x00002f17) x30 0x8000d2d0
core   0: 0x8000b2d4 (0xd23f2823) sw      gp, -720(t5)
core   0: 3 0x8000b2d4 (0xd23f2823) mem 0x8000d000 0x00000001
core   0: 0x8000b2d8 (0xff9ff06f) j       pc - 0x8
core   0: 3 0x8000b2d8 (0xff9ff06f)
core   0: 0x8000b2d0 (0x00002f17) auipc   t5, 0x2
core   0: 3 0x8000b2d0 (0x00002f17) x30 0x8000d2d0
core   0: 0x8000b2d4 (0xd23f2823) sw      gp, -720(t5)
core   0: 3 0x8000b2d4 (0xd23f2823) mem 0x8000d000 0x00000001
core   0: 0x8000b2d8 (0xff9ff06f) j       pc - 0x8
core   0: 3 0x8000b2d8 (0xff9ff06f)
core   0: 0x8000b2d0 (0x00002f17) auipc   t5, 0x2
core   0: 3 0x8000b2d0 (0x00002f17) x30 0x8000d2d0
core   0: 0x8000b2d4 (0xd23f2823) sw      gp, -720(t5)
core   0: 3 0x8000b2d4 (0xd23f2823) mem 0x8000d000 0x00000001
core   0: 0x8000b2d8 (0xff9ff06f) j       pc - 0x8
core   0: 3 0x8000b2d8 (0xff9ff06f)
core   0: 0x8000b2d0 (0x00002f17) auipc   t5, 0x2
core   0: 3 0x8000b2d0 (0x00002f17) x30 0x8000d2d0
core   0: 0x8000b2d4 (0xd23f2823) sw      gp, -720(t5)
core   0: 3 0x8000b2d4 (0xd23f2823) mem 0x8000d000 0x00000001
core   0: 0x8000b2d8 (0xff9ff06f) j       pc - 0x8
core   0: 3 0x8000b2d8 (0xff9ff06f)
core   0: 0x8000b2d0 (0x00002f17) auipc   t5, 0x2
core   0: 3 0x8000b2d0 (0x00002f17) x30 0x8000d2d0
core   0: 0x8000b2d4 (0xd23f2823) sw      gp, -720(t5)
core   0: 3 0x8000b2d4 (0xd23f2823) mem 0x8000d000 0x00000001
core   0: 0x8000b2d8 (0xff9ff06f) j       pc - 0x8
core   0: 3 0x8000b2d8 (0xff9ff06f)
core   0: 0x8000b2d0 (0x00002f17) auipc   t5, 0x2
core   0: 3 0x8000b2d0 (0x00002f17) x30 0x8000d2d0
core   0: 0x8000b2d4 (0xd23f2823) sw      gp, -720(t5)
core   0: 3 0x8000b2d4 (0xd23f2823) mem 0x8000d000 0x00000001
core   0: 0x8000b2d8 (0xff9ff06f) j       pc - 0x8
core   0: 3 0x8000b2d8 (0xff9ff06f)
core   0: 0x8000b2d0 (0x00002f17) auipc   t5, 0x2
core   0: 3 0x8000b2d0 (0x00002f17) x30 0x8000d2d0
core   0: 0x8000b2d4 (0xd23f2823) sw      gp, -720(t5)
core   0: 3 0x8000b2d4 (0xd23f2823) mem 0x8000d000 0x00000001
core   0: 0x8000b2d8 (0xff9ff06f) j       pc - 0x8
core   0: 3 0x8000b2d8 (0xff9ff06f)
core   0: 0x8000b2d0 (0x00002f17) auipc   t5, 0x2
core   0: 3 0x8000b2d0 (0x00002f17) x30 0x8000d2d0
core   0: 0x8000b2d4 (0xd23f2823) sw      gp, -720(t5)
core   0: 3 0x8000b2d4 (0xd23f2823) mem 0x8000d000 0x00000001
core   0: 0x8000b2d8 (0xff9ff06f) j       pc - 0x8
core   0: 3 0x8000b2d8 (0xff9ff06f)
core   0: 0x8000b2d0 (0x00002f17) auipc   t5, 0x2
core   0: 3 0x8000b2d0 (0x00002f17) x30 0x8000d2d0
core   0: 0x8000b2d4 (0xd23f2823) sw      gp, -720(t5)
core   0: 3 0x8000b2d4 (0xd23f2823) mem 0x8000d000 0x00000001
core   0: 0x8000b2d8 (0xff9ff06f) j       pc - 0x8
core   0: 3 0x8000b2d8 (0xff9ff06f)
core   0: 0x8000b2d0 (0x00002f17) auipc   t5, 0x2
core   0: 3 0x8000b2d0 (0x00002f17) x30 0x8000d2d0
core   0: 0x8000b2d4 (0xd23f2823) sw      gp, -720(t5)
core   0: 3 0x8000b2d4 (0xd23f2823) mem 0x8000d000 0x00000001
core   0: 0x8000b2d8 (0xff9ff06f) j       pc - 0x8
core   0: 3 0x8000b2d8 (0xff9ff06f)
core   0: 0x8000b2d0 (0x00002f17) auipc   t5, 0x2
core   0: 3 0x8000b2d0 (0x00002f17) x30 0x8000d2d0
core   0: 0x8000b2d4 (0xd23f2823) sw      gp, -720(t5)
core   0: 3 0x8000b2d4 (0xd23f2823) mem 0x8000d000 0x00000001
core   0: 0x8000b2d8 (0xff9ff06f) j       pc - 0x8
core   0: 3 0x8000b2d8 (0xff9ff06f)
core   0: 0x8000b2d0 (0x00002f17) auipc   t5, 0x2
core   0: 3 0x8000b2d0 (0x00002f17) x30 0x8000d2d0
core   0: 0x8000b2d4 (0xd23f2823) sw      gp, -720(t5)
core   0: 3 0x8000b2d4 (0xd23f2823) mem 0x8000d000 0x00000001
core   0: 0x8000b2d8 (0xff9ff06f) j       pc - 0x8
core   0: 3 0x8000b2d8 (0xff9ff06f)
core   0: 0x8000b2d0 (0x00002f17) auipc   t5, 0x2
core   0: 3 0x8000b2d0 (0x00002f17) x30 0x8000d2d0
core   0: 0x8000b2d4 (0xd23f2823) sw      gp, -720(t5)
core   0: 3 0x8000b2d4 (0xd23f2823) mem 0x8000d000 0x00000001
core   0: 0x8000b2d8 (0xff9ff06f) j       pc - 0x8
core   0: 3 0x8000b2d8 (0xff9ff06f)
core   0: 0x8000b2d0 (0x00002f17) auipc   t5, 0x2
core   0: 3 0x8000b2d0 (0x00002f17) x30 0x8000d2d0
core   0: 0x8000b2d4 (0xd23f2823) sw      gp, -720(t5)
core   0: 3 0x8000b2d4 (0xd23f2823) mem 0x8000d000 0x00000001
core   0: 0x8000b2d8 (0xff9ff06f) j       pc - 0x8
core   0: 3 0x8000b2d8 (0xff9ff06f)
core   0: 0x8000b2d0 (0x00002f17) auipc   t5, 0x2
core   0: 3 0x8000b2d0 (0x00002f17) x30 0x8000d2d0
core   0: 0x8000b2d4 (0xd23f2823) sw      gp, -720(t5)
core   0: 3 0x8000b2d4 (0xd23f2823) mem 0x8000d000 0x00000001
core   0: 0x8000b2d8 (0xff9ff06f) j       pc - 0x8
core   0: 3 0x8000b2d8 (0xff9ff06f)
core   0: 0x8000b2d0 (0x00002f17) auipc   t5, 0x2
core   0: 3 0x8000b2d0 (0x00002f17) x30 0x8000d2d0
core   0: 0x8000b2d4 (0xd23f2823) sw      gp, -720(t5)
core   0: 3 0x8000b2d4 (0xd23f2823) mem 0x8000d000 0x00000001
core   0: 0x8000b2d8 (0xff9ff06f) j       pc - 0x8
core   0: 3 0x8000b2d8 (0xff9ff06f)
core   0: 0x8000b2d0 (0x00002f17) auipc   t5, 0x2
core   0: 3 0x8000b2d0 (0x00002f17) x30 0x8000d2d0
core   0: 0x8000b2d4 (0xd23f2823) sw      gp, -720(t5)
core   0: 3 0x8000b2d4 (0xd23f2823) mem 0x8000d000 0x00000001
core   0: 0x8000b2d8 (0xff9ff06f) j       pc - 0x8
core   0: 3 0x8000b2d8 (0xff9ff06f)
core   0: 0x8000b2d0 (0x00002f17) auipc   t5, 0x2
core   0: 3 0x8000b2d0 (0x00002f17) x30 0x8000d2d0
core   0: 0x8000b2d4 (0xd23f2823) sw      gp, -720(t5)
core   0: 3 0x8000b2d4 (0xd23f2823) mem 0x8000d000 0x00000001
core   0: 0x8000b2d8 (0xff9ff06f) j       pc - 0x8
core   0: 3 0x8000b2d8 (0xff9ff06f)
core   0: 0x8000b2d0 (0x00002f17) auipc   t5, 0x2
core   0: 3 0x8000b2d0 (0x00002f17) x30 0x8000d2d0
core   0: 0x8000b2d4 (0xd23f2823) sw      gp, -720(t5)
core   0: 3 0x8000b2d4 (0xd23f2823) mem 0x8000d000 0x00000001
core   0: 0x8000b2d8 (0xff9ff06f) j       pc - 0x8
core   0: 3 0x8000b2d8 (0xff9ff06f)
core   0: 0x8000b2d0 (0x00002f17) auipc   t5, 0x2
core   0: 3 0x8000b2d0 (0x00002f17) x30 0x8000d2d0
core   0: 0x8000b2d4 (0xd23f2823) sw      gp, -720(t5)
core   0: 3 0x8000b2d4 (0xd23f2823) mem 0x8000d000 0x00000001
core   0: 0x8000b2d8 (0xff9ff06f) j       pc - 0x8
core   0: 3 0x8000b2d8 (0xff9ff06f)
core   0: 0x8000b2d0 (0x00002f17) auipc   t5, 0x2
core   0: 3 0x8000b2d0 (0x00002f17) x30 0x8000d2d0
core   0: 0x8000b2d4 (0xd23f2823) sw      gp, -720(t5)
core   0: 3 0x8000b2d4 (0xd23f2823) mem 0x8000d000 0x00000001
core   0: 0x8000b2d8 (0xff9ff06f) j       pc - 0x8
core   0: 3 0x8000b2d8 (0xff9ff06f)
core   0: 0x8000b2d0 (0x00002f17) auipc   t5, 0x2
core   0: 3 0x8000b2d0 (0x00002f17) x30 0x8000d2d0
core   0: 0x8000b2d4 (0xd23f2823) sw      gp, -720(t5)
core   0: 3 0x8000b2d4 (0xd23f2823) mem 0x8000d000 0x00000001
core   0: 0x8000b2d8 (0xff9ff06f) j       pc - 0x8
core   0: 3 0x8000b2d8 (0xff9ff06f)
core   0: 0x8000b2d0 (0x00002f17) auipc   t5, 0x2
core   0: 3 0x8000b2d0 (0x00002f17) x30 0x8000d2d0
core   0: 0x8000b2d4 (0xd23f2823) sw      gp, -720(t5)
core   0: 3 0x8000b2d4 (0xd23f2823) mem 0x8000d000 0x00000001
core   0: 0x8000b2d8 (0xff9ff06f) j       pc - 0x8
core   0: 3 0x8000b2d8 (0xff9ff06f)
core   0: 0x8000b2d0 (0x00002f17) auipc   t5, 0x2
core   0: 3 0x8000b2d0 (0x00002f17) x30 0x8000d2d0
core   0: 0x8000b2d4 (0xd23f2823) sw      gp, -720(t5)
core   0: 3 0x8000b2d4 (0xd23f2823) mem 0x8000d000 0x00000001
core   0: 0x8000b2d8 (0xff9ff06f) j       pc - 0x8
core   0: 3 0x8000b2d8 (0xff9ff06f)
core   0: 0x8000b2d0 (0x00002f17) auipc   t5, 0x2
core   0: 3 0x8000b2d0 (0x00002f17) x30 0x8000d2d0
core   0: 0x8000b2d4 (0xd23f2823) sw      gp, -720(t5)
core   0: 3 0x8000b2d4 (0xd23f2823) mem 0x8000d000 0x00000001
core   0: 0x8000b2d8 (0xff9ff06f) j       pc - 0x8
core   0: 3 0x8000b2d8 (0xff9ff06f)
core   0: 0x8000b2d0 (0x00002f17) auipc   t5, 0x2
core   0: 3 0x8000b2d0 (0x00002f17) x30 0x8000d2d0
core   0: 0x8000b2d4 (0xd23f2823) sw      gp, -720(t5)
core   0: 3 0x8000b2d4 (0xd23f2823) mem 0x8000d000 0x00000001
core   0: 0x8000b2d8 (0xff9ff06f) j       pc - 0x8
core   0: 3 0x8000b2d8 (0xff9ff06f)
core   0: 0x8000b2d0 (0x00002f17) auipc   t5, 0x2
core   0: 3 0x8000b2d0 (0x00002f17) x30 0x8000d2d0
core   0: 0x8000b2d4 (0xd23f2823) sw      gp, -720(t5)
core   0: 3 0x8000b2d4 (0xd23f2823) mem 0x8000d000 0x00000001
core   0: 0x8000b2d8 (0xff9ff06f) j       pc - 0x8
core   0: 3 0x8000b2d8 (0xff9ff06f)
core   0: 0x8000b2d0 (0x00002f17) auipc   t5, 0x2
core   0: 3 0x8000b2d0 (0x00002f17) x30 0x8000d2d0
core   0: 0x8000b2d4 (0xd23f2823) sw      gp, -720(t5)
core   0: 3 0x8000b2d4 (0xd23f2823) mem 0x8000d000 0x00000001
core   0: 0x8000b2d8 (0xff9ff06f) j       pc - 0x8
core   0: 3 0x8000b2d8 (0xff9ff06f)
core   0: 0x8000b2d0 (0x00002f17) auipc   t5, 0x2
core   0: 3 0x8000b2d0 (0x00002f17) x30 0x8000d2d0
core   0: 0x8000b2d4 (0xd23f2823) sw      gp, -720(t5)
core   0: 3 0x8000b2d4 (0xd23f2823) mem 0x8000d000 0x00000001
core   0: 0x8000b2d8 (0xff9ff06f) j       pc - 0x8
core   0: 3 0x8000b2d8 (0xff9ff06f)
core   0: 0x8000b2d0 (0x00002f17) auipc   t5, 0x2
core   0: 3 0x8000b2d0 (0x00002f17) x30 0x8000d2d0
core   0: 0x8000b2d4 (0xd23f2823) sw      gp, -720(t5)
core   0: 3 0x8000b2d4 (0xd23f2823) mem 0x8000d000 0x00000001
core   0: 0x8000b2d8 (0xff9ff06f) j       pc - 0x8
core   0: 3 0x8000b2d8 (0xff9ff06f)
core   0: 0x8000b2d0 (0x00002f17) auipc   t5, 0x2
core   0: 3 0x8000b2d0 (0x00002f17) x30 0x8000d2d0
core   0: 0x8000b2d4 (0xd23f2823) sw      gp, -720(t5)
core   0: 3 0x8000b2d4 (0xd23f2823) mem 0x8000d000 0x00000001
core   0: 0x8000b2d8 (0xff9ff06f) j       pc - 0x8
core   0: 3 0x8000b2d8 (0xff9ff06f)
core   0: 0x8000b2d0 (0x00002f17) auipc   t5, 0x2
core   0: 3 0x8000b2d0 (0x00002f17) x30 0x8000d2d0
core   0: 0x8000b2d4 (0xd23f2823) sw      gp, -720(t5)
core   0: 3 0x8000b2d4 (0xd23f2823) mem 0x8000d000 0x00000001
core   0: 0x8000b2d8 (0xff9ff06f) j       pc - 0x8
core   0: 3 0x8000b2d8 (0xff9ff06f)
core   0: 0x8000b2d0 (0x00002f17) auipc   t5, 0x2
core   0: 3 0x8000b2d0 (0x00002f17) x30 0x8000d2d0
core   0: 0x8000b2d4 (0xd23f2823) sw      gp, -720(t5)
core   0: 3 0x8000b2d4 (0xd23f2823) mem 0x8000d000 0x00000001
core   0: 0x8000b2d8 (0xff9ff06f) j       pc - 0x8
core   0: 3 0x8000b2d8 (0xff9ff06f)
core   0: 0x8000b2d0 (0x00002f17) auipc   t5, 0x2
core   0: 3 0x8000b2d0 (0x00002f17) x30 0x8000d2d0
core   0: 0x8000b2d4 (0xd23f2823) sw      gp, -720(t5)
core   0: 3 0x8000b2d4 (0xd23f2823) mem 0x8000d000 0x00000001
core   0: 0x8000b2d8 (0xff9ff06f) j       pc - 0x8
core   0: 3 0x8000b2d8 (0xff9ff06f)
core   0: 0x8000b2d0 (0x00002f17) auipc   t5, 0x2
core   0: 3 0x8000b2d0 (0x00002f17) x30 0x8000d2d0
core   0: 0x8000b2d4 (0xd23f2823) sw      gp, -720(t5)
core   0: 3 0x8000b2d4 (0xd23f2823) mem 0x8000d000 0x00000001
core   0: 0x8000b2d8 (0xff9ff06f) j       pc - 0x8
core   0: 3 0x8000b2d8 (0xff9ff06f)
core   0: 0x8000b2d0 (0x00002f17) auipc   t5, 0x2
core   0: 3 0x8000b2d0 (0x00002f17) x30 0x8000d2d0
core   0: 0x8000b2d4 (0xd23f2823) sw      gp, -720(t5)
core   0: 3 0x8000b2d4 (0xd23f2823) mem 0x8000d000 0x00000001
core   0: 0x8000b2d8 (0xff9ff06f) j       pc - 0x8
core   0: 3 0x8000b2d8 (0xff9ff06f)
core   0: 0x8000b2d0 (0x00002f17) auipc   t5, 0x2
core   0: 3 0x8000b2d0 (0x00002f17) x30 0x8000d2d0
core   0: 0x8000b2d4 (0xd23f2823) sw      gp, -720(t5)
core   0: 3 0x8000b2d4 (0xd23f2823) mem 0x8000d000 0x00000001
core   0: 0x8000b2d8 (0xff9ff06f) j       pc - 0x8
core   0: 3 0x8000b2d8 (0xff9ff06f)
core   0: 0x8000b2d0 (0x00002f17) auipc   t5, 0x2
core   0: 3 0x8000b2d0 (0x00002f17) x30 0x8000d2d0
core   0: 0x8000b2d4 (0xd23f2823) sw      gp, -720(t5)
core   0: 3 0x8000b2d4 (0xd23f2823) mem 0x8000d000 0x00000001
core   0: 0x8000b2d8 (0xff9ff06f) j       pc - 0x8
core   0: 3 0x8000b2d8 (0xff9ff06f)
core   0: 0x8000b2d0 (0x00002f17) auipc   t5, 0x2
core   0: 3 0x8000b2d0 (0x00002f17) x30 0x8000d2d0
core   0: 0x8000b2d4 (0xd23f2823) sw      gp, -720(t5)
core   0: 3 0x8000b2d4 (0xd23f2823) mem 0x8000d000 0x00000001
core   0: 0x8000b2d8 (0xff9ff06f) j       pc - 0x8
core   0: 3 0x8000b2d8 (0xff9ff06f)
core   0: 0x8000b2d0 (0x00002f17) auipc   t5, 0x2
core   0: 3 0x8000b2d0 (0x00002f17) x30 0x8000d2d0
core   0: 0x8000b2d4 (0xd23f2823) sw      gp, -720(t5)
core   0: 3 0x8000b2d4 (0xd23f2823) mem 0x8000d000 0x00000001
core   0: 0x8000b2d8 (0xff9ff06f) j       pc - 0x8
core   0: 3 0x8000b2d8 (0xff9ff06f)
core   0: 0x8000b2d0 (0x00002f17) auipc   t5, 0x2
core   0: 3 0x8000b2d0 (0x00002f17) x30 0x8000d2d0
core   0: 0x8000b2d4 (0xd23f2823) sw      gp, -720(t5)
core   0: 3 0x8000b2d4 (0xd23f2823) mem 0x8000d000 0x00000001
core   0: 0x8000b2d8 (0xff9ff06f) j       pc - 0x8
core   0: 3 0x8000b2d8 (0xff9ff06f)
core   0: 0x8000b2d0 (0x00002f17) auipc   t5, 0x2
core   0: 3 0x8000b2d0 (0x00002f17) x30 0x8000d2d0
core   0: 0x8000b2d4 (0xd23f2823) sw      gp, -720(t5)
core   0: 3 0x8000b2d4 (0xd23f2823) mem 0x8000d000 0x00000001
core   0: 0x8000b2d8 (0xff9ff06f) j       pc - 0x8
core   0: 3 0x8000b2d8 (0xff9ff06f)
core   0: 0x8000b2d0 (0x00002f17) auipc   t5, 0x2
core   0: 3 0x8000b2d0 (0x00002f17) x30 0x8000d2d0
core   0: 0x8000b2d4 (0xd23f2823) sw      gp, -720(t5)
core   0: 3 0x8000b2d4 (0xd23f2823) mem 0x8000d000 0x00000001
core   0: 0x8000b2d8 (0xff9ff06f) j       pc - 0x8
core   0: 3 0x8000b2d8 (0xff9ff06f)
core   0: 0x8000b2d0 (0x00002f17) auipc   t5, 0x2
core   0: 3 0x8000b2d0 (0x00002f17) x30 0x8000d2d0
core   0: 0x8000b2d4 (0xd23f2823) sw      gp, -720(t5)
core   0: 3 0x8000b2d4 (0xd23f2823) mem 0x8000d000 0x00000001
core   0: 0x8000b2d8 (0xff9ff06f) j       pc - 0x8
core   0: 3 0x8000b2d8 (0xff9ff06f)
core   0: 0x8000b2d0 (0x00002f17) auipc   t5, 0x2
core   0: 3 0x8000b2d0 (0x00002f17) x30 0x8000d2d0
core   0: 0x8000b2d4 (0xd23f2823) sw      gp, -720(t5)
core   0: 3 0x8000b2d4 (0xd23f2823) mem 0x8000d000 0x00000001
core   0: 0x8000b2d8 (0xff9ff06f) j       pc - 0x8
core   0: 3 0x8000b2d8 (0xff9ff06f)
core   0: 0x8000b2d0 (0x00002f17) auipc   t5, 0x2
core   0: 3 0x8000b2d0 (0x00002f17) x30 0x8000d2d0
core   0: 0x8000b2d4 (0xd23f2823) sw      gp, -720(t5)
core   0: 3 0x8000b2d4 (0xd23f2823) mem 0x8000d000 0x00000001
core   0: 0x8000b2d8 (0xff9ff06f) j       pc - 0x8
core   0: 3 0x8000b2d8 (0xff9ff06f)
core   0: 0x8000b2d0 (0x00002f17) auipc   t5, 0x2
core   0: 3 0x8000b2d0 (0x00002f17) x30 0x8000d2d0
core   0: 0x8000b2d4 (0xd23f2823) sw      gp, -720(t5)
core   0: 3 0x8000b2d4 (0xd23f2823) mem 0x8000d000 0x00000001
core   0: 0x8000b2d8 (0xff9ff06f) j       pc - 0x8
core   0: 3 0x8000b2d8 (0xff9ff06f)
core   0: 0x8000b2d0 (0x00002f17) auipc   t5, 0x2
core   0: 3 0x8000b2d0 (0x00002f17) x30 0x8000d2d0
core   0: 0x8000b2d4 (0xd23f2823) sw      gp, -720(t5)
core   0: 3 0x8000b2d4 (0xd23f2823) mem 0x8000d000 0x00000001
core   0: 0x8000b2d8 (0xff9ff06f) j       pc - 0x8
core   0: 3 0x8000b2d8 (0xff9ff06f)
core   0: 0x8000b2d0 (0x00002f17) auipc   t5, 0x2
core   0: 3 0x8000b2d0 (0x00002f17) x30 0x8000d2d0
core   0: 0x8000b2d4 (0xd23f2823) sw      gp, -720(t5)
core   0: 3 0x8000b2d4 (0xd23f2823) mem 0x8000d000 0x00000001
core   0: 0x8000b2d8 (0xff9ff06f) j       pc - 0x8
core   0: 3 0x8000b2d8 (0xff9ff06f)
core   0: 0x8000b2d0 (0x00002f17) auipc   t5, 0x2
core   0: 3 0x8000b2d0 (0x00002f17) x30 0x8000d2d0
core   0: 0x8000b2d4 (0xd23f2823) sw      gp, -720(t5)
core   0: 3 0x8000b2d4 (0xd23f2823) mem 0x8000d000 0x00000001
core   0: 0x8000b2d8 (0xff9ff06f) j       pc - 0x8
core   0: 3 0x8000b2d8 (0xff9ff06f)
core   0: 0x8000b2d0 (0x00002f17) auipc   t5, 0x2
core   0: 3 0x8000b2d0 (0x00002f17) x30 0x8000d2d0
core   0: 0x8000b2d4 (0xd23f2823) sw      gp, -720(t5)
core   0: 3 0x8000b2d4 (0xd23f2823) mem 0x8000d000 0x00000001
core   0: 0x8000b2d8 (0xff9ff06f) j       pc - 0x8
core   0: 3 0x8000b2d8 (0xff9ff06f)
core   0: 0x8000b2d0 (0x00002f17) auipc   t5, 0x2
core   0: 3 0x8000b2d0 (0x00002f17) x30 0x8000d2d0
core   0: 0x8000b2d4 (0xd23f2823) sw      gp, -720(t5)
core   0: 3 0x8000b2d4 (0xd23f2823) mem 0x8000d000 0x00000001
core   0: 0x8000b2d8 (0xff9ff06f) j       pc - 0x8
core   0: 3 0x8000b2d8 (0xff9ff06f)
core   0: 0x8000b2d0 (0x00002f17) auipc   t5, 0x2
core   0: 3 0x8000b2d0 (0x00002f17) x30 0x8000d2d0
core   0: 0x8000b2d4 (0xd23f2823) sw      gp, -720(t5)
core   0: 3 0x8000b2d4 (0xd23f2823) mem 0x8000d000 0x00000001
core   0: 0x8000b2d8 (0xff9ff06f) j       pc - 0x8
core   0: 3 0x8000b2d8 (0xff9ff06f)
core   0: 0x8000b2d0 (0x00002f17) auipc   t5, 0x2
core   0: 3 0x8000b2d0 (0x00002f17) x30 0x8000d2d0
core   0: 0x8000b2d4 (0xd23f2823) sw      gp, -720(t5)
core   0: 3 0x8000b2d4 (0xd23f2823) mem 0x8000d000 0x00000001
core   0: 0x8000b2d8 (0xff9ff06f) j       pc - 0x8
core   0: 3 0x8000b2d8 (0xff9ff06f)
core   0: 0x8000b2d0 (0x00002f17) auipc   t5, 0x2
core   0: 3 0x8000b2d0 (0x00002f17) x30 0x8000d2d0
core   0: 0x8000b2d4 (0xd23f2823) sw      gp, -720(t5)
core   0: 3 0x8000b2d4 (0xd23f2823) mem 0x8000d000 0x00000001
core   0: 0x8000b2d8 (0xff9ff06f) j       pc - 0x8
core   0: 3 0x8000b2d8 (0xff9ff06f)
core   0: 0x8000b2d0 (0x00002f17) auipc   t5, 0x2
core   0: 3 0x8000b2d0 (0x00002f17) x30 0x8000d2d0
core   0: 0x8000b2d4 (0xd23f2823) sw      gp, -720(t5)
core   0: 3 0x8000b2d4 (0xd23f2823) mem 0x8000d000 0x00000001
core   0: 0x8000b2d8 (0xff9ff06f) j       pc - 0x8
core   0: 3 0x8000b2d8 (0xff9ff06f)
core   0: 0x8000b2d0 (0x00002f17) auipc   t5, 0x2
core   0: 3 0x8000b2d0 (0x00002f17) x30 0x8000d2d0
core   0: 0x8000b2d4 (0xd23f2823) sw      gp, -720(t5)
core   0: 3 0x8000b2d4 (0xd23f2823) mem 0x8000d000 0x00000001
core   0: 0x8000b2d8 (0xff9ff06f) j       pc - 0x8
core   0: 3 0x8000b2d8 (0xff9ff06f)
core   0: 0x8000b2d0 (0x00002f17) auipc   t5, 0x2
core   0: 3 0x8000b2d0 (0x00002f17) x30 0x8000d2d0
core   0: 0x8000b2d4 (0xd23f2823) sw      gp, -720(t5)
core   0: 3 0x8000b2d4 (0xd23f2823) mem 0x8000d000 0x00000001
core   0: 0x8000b2d8 (0xff9ff06f) j       pc - 0x8
core   0: 3 0x8000b2d8 (0xff9ff06f)
core   0: 0x8000b2d0 (0x00002f17) auipc   t5, 0x2
core   0: 3 0x8000b2d0 (0x00002f17) x30 0x8000d2d0
core   0: 0x8000b2d4 (0xd23f2823) sw      gp, -720(t5)
core   0: 3 0x8000b2d4 (0xd23f2823) mem 0x8000d000 0x00000001
core   0: 0x8000b2d8 (0xff9ff06f) j       pc - 0x8
core   0: 3 0x8000b2d8 (0xff9ff06f)
core   0: 0x8000b2d0 (0x00002f17) auipc   t5, 0x2
core   0: 3 0x8000b2d0 (0x00002f17) x30 0x8000d2d0
core   0: 0x8000b2d4 (0xd23f2823) sw      gp, -720(t5)
core   0: 3 0x8000b2d4 (0xd23f2823) mem 0x8000d000 0x00000001
core   0: 0x8000b2d8 (0xff9ff06f) j       pc - 0x8
core   0: 3 0x8000b2d8 (0xff9ff06f)
core   0: 0x8000b2d0 (0x00002f17) auipc   t5, 0x2
core   0: 3 0x8000b2d0 (0x00002f17) x30 0x8000d2d0
core   0: 0x8000b2d4 (0xd23f2823) sw      gp, -720(t5)
core   0: 3 0x8000b2d4 (0xd23f2823) mem 0x8000d000 0x00000001
core   0: 0x8000b2d8 (0xff9ff06f) j       pc - 0x8
core   0: 3 0x8000b2d8 (0xff9ff06f)
core   0: 0x8000b2d0 (0x00002f17) auipc   t5, 0x2
core   0: 3 0x8000b2d0 (0x00002f17) x30 0x8000d2d0
core   0: 0x8000b2d4 (0xd23f2823) sw      gp, -720(t5)
core   0: 3 0x8000b2d4 (0xd23f2823) mem 0x8000d000 0x00000001
core   0: 0x8000b2d8 (0xff9ff06f) j       pc - 0x8
core   0: 3 0x8000b2d8 (0xff9ff06f)
core   0: 0x8000b2d0 (0x00002f17) auipc   t5, 0x2
core   0: 3 0x8000b2d0 (0x00002f17) x30 0x8000d2d0
core   0: 0x8000b2d4 (0xd23f2823) sw      gp, -720(t5)
core   0: 3 0x8000b2d4 (0xd23f2823) mem 0x8000d000 0x00000001
core   0: 0x8000b2d8 (0xff9ff06f) j       pc - 0x8
core   0: 3 0x8000b2d8 (0xff9ff06f)
core   0: 0x8000b2d0 (0x00002f17) auipc   t5, 0x2
core   0: 3 0x8000b2d0 (0x00002f17) x30 0x8000d2d0
core   0: 0x8000b2d4 (0xd23f2823) sw      gp, -720(t5)
core   0: 3 0x8000b2d4 (0xd23f2823) mem 0x8000d000 0x00000001
core   0: 0x8000b2d8 (0xff9ff06f) j       pc - 0x8
core   0: 3 0x8000b2d8 (0xff9ff06f)
core   0: 0x8000b2d0 (0x00002f17) auipc   t5, 0x2
core   0: 3 0x8000b2d0 (0x00002f17) x30 0x8000d2d0
core   0: 0x8000b2d4 (0xd23f2823) sw      gp, -720(t5)
core   0: 3 0x8000b2d4 (0xd23f2823) mem 0x8000d000 0x00000001
core   0: 0x8000b2d8 (0xff9ff06f) j       pc - 0x8
core   0: 3 0x8000b2d8 (0xff9ff06f)
core   0: 0x8000b2d0 (0x00002f17) auipc   t5, 0x2
core   0: 3 0x8000b2d0 (0x00002f17) x30 0x8000d2d0
core   0: 0x8000b2d4 (0xd23f2823) sw      gp, -720(t5)
core   0: 3 0x8000b2d4 (0xd23f2823) mem 0x8000d000 0x00000001
core   0: 0x8000b2d8 (0xff9ff06f) j       pc - 0x8
core   0: 3 0x8000b2d8 (0xff9ff06f)
core   0: 0x8000b2d0 (0x00002f17) auipc   t5, 0x2
core   0: 3 0x8000b2d0 (0x00002f17) x30 0x8000d2d0
core   0: 0x8000b2d4 (0xd23f2823) sw      gp, -720(t5)
core   0: 3 0x8000b2d4 (0xd23f2823) mem 0x8000d000 0x00000001
core   0: 0x8000b2d8 (0xff9ff06f) j       pc - 0x8
core   0: 3 0x8000b2d8 (0xff9ff06f)
core   0: 0x8000b2d0 (0x00002f17) auipc   t5, 0x2
core   0: 3 0x8000b2d0 (0x00002f17) x30 0x8000d2d0
core   0: 0x8000b2d4 (0xd23f2823) sw      gp, -720(t5)
core   0: 3 0x8000b2d4 (0xd23f2823) mem 0x8000d000 0x00000001
core   0: 0x8000b2d8 (0xff9ff06f) j       pc - 0x8
core   0: 3 0x8000b2d8 (0xff9ff06f)
core   0: 0x8000b2d0 (0x00002f17) auipc   t5, 0x2
core   0: 3 0x8000b2d0 (0x00002f17) x30 0x8000d2d0
core   0: 0x8000b2d4 (0xd23f2823) sw      gp, -720(t5)
core   0: 3 0x8000b2d4 (0xd23f2823) mem 0x8000d000 0x00000001
core   0: 0x8000b2d8 (0xff9ff06f) j       pc - 0x8
core   0: 3 0x8000b2d8 (0xff9ff06f)
core   0: 0x8000b2d0 (0x00002f17) auipc   t5, 0x2
core   0: 3 0x8000b2d0 (0x00002f17) x30 0x8000d2d0
core   0: 0x8000b2d4 (0xd23f2823) sw      gp, -720(t5)
core   0: 3 0x8000b2d4 (0xd23f2823) mem 0x8000d000 0x00000001
core   0: 0x8000b2d8 (0xff9ff06f) j       pc - 0x8
core   0: 3 0x8000b2d8 (0xff9ff06f)
core   0: 0x8000b2d0 (0x00002f17) auipc   t5, 0x2
core   0: 3 0x8000b2d0 (0x00002f17) x30 0x8000d2d0
core   0: 0x8000b2d4 (0xd23f2823) sw      gp, -720(t5)
core   0: 3 0x8000b2d4 (0xd23f2823) mem 0x8000d000 0x00000001
core   0: 0x8000b2d8 (0xff9ff06f) j       pc - 0x8
core   0: 3 0x8000b2d8 (0xff9ff06f)
core   0: 0x8000b2d0 (0x00002f17) auipc   t5, 0x2
core   0: 3 0x8000b2d0 (0x00002f17) x30 0x8000d2d0
core   0: 0x8000b2d4 (0xd23f2823) sw      gp, -720(t5)
core   0: 3 0x8000b2d4 (0xd23f2823) mem 0x8000d000 0x00000001
core   0: 0x8000b2d8 (0xff9ff06f) j       pc - 0x8
core   0: 3 0x8000b2d8 (0xff9ff06f)
core   0: 0x8000b2d0 (0x00002f17) auipc   t5, 0x2
core   0: 3 0x8000b2d0 (0x00002f17) x30 0x8000d2d0
core   0: 0x8000b2d4 (0xd23f2823) sw      gp, -720(t5)
core   0: 3 0x8000b2d4 (0xd23f2823) mem 0x8000d000 0x00000001
core   0: 0x8000b2d8 (0xff9ff06f) j       pc - 0x8
core   0: 3 0x8000b2d8 (0xff9ff06f)
core   0: 0x8000b2d0 (0x00002f17) auipc   t5, 0x2
core   0: 3 0x8000b2d0 (0x00002f17) x30 0x8000d2d0
core   0: 0x8000b2d4 (0xd23f2823) sw      gp, -720(t5)
core   0: 3 0x8000b2d4 (0xd23f2823) mem 0x8000d000 0x00000001
core   0: 0x8000b2d8 (0xff9ff06f) j       pc - 0x8
core   0: 3 0x8000b2d8 (0xff9ff06f)
core   0: 0x8000b2d0 (0x00002f17) auipc   t5, 0x2
core   0: 3 0x8000b2d0 (0x00002f17) x30 0x8000d2d0
core   0: 0x8000b2d4 (0xd23f2823) sw      gp, -720(t5)
core   0: 3 0x8000b2d4 (0xd23f2823) mem 0x8000d000 0x00000001
core   0: 0x8000b2d8 (0xff9ff06f) j       pc - 0x8
core   0: 3 0x8000b2d8 (0xff9ff06f)
core   0: 0x8000b2d0 (0x00002f17) auipc   t5, 0x2
core   0: 3 0x8000b2d0 (0x00002f17) x30 0x8000d2d0
core   0: 0x8000b2d4 (0xd23f2823) sw      gp, -720(t5)
core   0: 3 0x8000b2d4 (0xd23f2823) mem 0x8000d000 0x00000001
core   0: 0x8000b2d8 (0xff9ff06f) j       pc - 0x8
core   0: 3 0x8000b2d8 (0xff9ff06f)
core   0: 0x8000b2d0 (0x00002f17) auipc   t5, 0x2
core   0: 3 0x8000b2d0 (0x00002f17) x30 0x8000d2d0
core   0: 0x8000b2d4 (0xd23f2823) sw      gp, -720(t5)
core   0: 3 0x8000b2d4 (0xd23f2823) mem 0x8000d000 0x00000001
core   0: 0x8000b2d8 (0xff9ff06f) j       pc - 0x8
core   0: 3 0x8000b2d8 (0xff9ff06f)
core   0: 0x8000b2d0 (0x00002f17) auipc   t5, 0x2
core   0: 3 0x8000b2d0 (0x00002f17) x30 0x8000d2d0
core   0: 0x8000b2d4 (0xd23f2823) sw      gp, -720(t5)
core   0: 3 0x8000b2d4 (0xd23f2823) mem 0x8000d000 0x00000001
core   0: 0x8000b2d8 (0xff9ff06f) j       pc - 0x8
core   0: 3 0x8000b2d8 (0xff9ff06f)
core   0: 0x8000b2d0 (0x00002f17) auipc   t5, 0x2
core   0: 3 0x8000b2d0 (0x00002f17) x30 0x8000d2d0
core   0: 0x8000b2d4 (0xd23f2823) sw      gp, -720(t5)
core   0: 3 0x8000b2d4 (0xd23f2823) mem 0x8000d000 0x00000001
core   0: 0x8000b2d8 (0xff9ff06f) j       pc - 0x8
core   0: 3 0x8000b2d8 (0xff9ff06f)
core   0: 0x8000b2d0 (0x00002f17) auipc   t5, 0x2
core   0: 3 0x8000b2d0 (0x00002f17) x30 0x8000d2d0
core   0: 0x8000b2d4 (0xd23f2823) sw      gp, -720(t5)
core   0: 3 0x8000b2d4 (0xd23f2823) mem 0x8000d000 0x00000001
core   0: 0x8000b2d8 (0xff9ff06f) j       pc - 0x8
core   0: 3 0x8000b2d8 (0xff9ff06f)
core   0: 0x8000b2d0 (0x00002f17) auipc   t5, 0x2
core   0: 3 0x8000b2d0 (0x00002f17) x30 0x8000d2d0
core   0: 0x8000b2d4 (0xd23f2823) sw      gp, -720(t5)
core   0: 3 0x8000b2d4 (0xd23f2823) mem 0x8000d000 0x00000001
core   0: 0x8000b2d8 (0xff9ff06f) j       pc - 0x8
core   0: 3 0x8000b2d8 (0xff9ff06f)
core   0: 0x8000b2d0 (0x00002f17) auipc   t5, 0x2
core   0: 3 0x8000b2d0 (0x00002f17) x30 0x8000d2d0
core   0: 0x8000b2d4 (0xd23f2823) sw      gp, -720(t5)
core   0: 3 0x8000b2d4 (0xd23f2823) mem 0x8000d000 0x00000001
core   0: 0x8000b2d8 (0xff9ff06f) j       pc - 0x8
core   0: 3 0x8000b2d8 (0xff9ff06f)
core   0: 0x8000b2d0 (0x00002f17) auipc   t5, 0x2
core   0: 3 0x8000b2d0 (0x00002f17) x30 0x8000d2d0
core   0: 0x8000b2d4 (0xd23f2823) sw      gp, -720(t5)
core   0: 3 0x8000b2d4 (0xd23f2823) mem 0x8000d000 0x00000001
core   0: 0x8000b2d8 (0xff9ff06f) j       pc - 0x8
core   0: 3 0x8000b2d8 (0xff9ff06f)
core   0: 0x8000b2d0 (0x00002f17) auipc   t5, 0x2
core   0: 3 0x8000b2d0 (0x00002f17) x30 0x8000d2d0
core   0: 0x8000b2d4 (0xd23f2823) sw      gp, -720(t5)
core   0: 3 0x8000b2d4 (0xd23f2823) mem 0x8000d000 0x00000001
core   0: 0x8000b2d8 (0xff9ff06f) j       pc - 0x8
core   0: 3 0x8000b2d8 (0xff9ff06f)
core   0: 0x8000b2d0 (0x00002f17) auipc   t5, 0x2
core   0: 3 0x8000b2d0 (0x00002f17) x30 0x8000d2d0
core   0: 0x8000b2d4 (0xd23f2823) sw      gp, -720(t5)
core   0: 3 0x8000b2d4 (0xd23f2823) mem 0x8000d000 0x00000001
core   0: 0x8000b2d8 (0xff9ff06f) j       pc - 0x8
core   0: 3 0x8000b2d8 (0xff9ff06f)
core   0: 0x8000b2d0 (0x00002f17) auipc   t5, 0x2
core   0: 3 0x8000b2d0 (0x00002f17) x30 0x8000d2d0
core   0: 0x8000b2d4 (0xd23f2823) sw      gp, -720(t5)
core   0: 3 0x8000b2d4 (0xd23f2823) mem 0x8000d000 0x00000001
core   0: 0x8000b2d8 (0xff9ff06f) j       pc - 0x8
core   0: 3 0x8000b2d8 (0xff9ff06f)
core   0: 0x8000b2d0 (0x00002f17) auipc   t5, 0x2
core   0: 3 0x8000b2d0 (0x00002f17) x30 0x8000d2d0
core   0: 0x8000b2d4 (0xd23f2823) sw      gp, -720(t5)
core   0: 3 0x8000b2d4 (0xd23f2823) mem 0x8000d000 0x00000001
core   0: 0x8000b2d8 (0xff9ff06f) j       pc - 0x8
core   0: 3 0x8000b2d8 (0xff9ff06f)
core   0: 0x8000b2d0 (0x00002f17) auipc   t5, 0x2
core   0: 3 0x8000b2d0 (0x00002f17) x30 0x8000d2d0
core   0: 0x8000b2d4 (0xd23f2823) sw      gp, -720(t5)
core   0: 3 0x8000b2d4 (0xd23f2823) mem 0x8000d000 0x00000001
core   0: 0x8000b2d8 (0xff9ff06f) j       pc - 0x8
core   0: 3 0x8000b2d8 (0xff9ff06f)
core   0: 0x8000b2d0 (0x00002f17) auipc   t5, 0x2
core   0: 3 0x8000b2d0 (0x00002f17) x30 0x8000d2d0
core   0: 0x8000b2d4 (0xd23f2823) sw      gp, -720(t5)
core   0: 3 0x8000b2d4 (0xd23f2823) mem 0x8000d000 0x00000001
core   0: 0x8000b2d8 (0xff9ff06f) j       pc - 0x8
core   0: 3 0x8000b2d8 (0xff9ff06f)
core   0: 0x8000b2d0 (0x00002f17) auipc   t5, 0x2
core   0: 3 0x8000b2d0 (0x00002f17) x30 0x8000d2d0
core   0: 0x8000b2d4 (0xd23f2823) sw      gp, -720(t5)
core   0: 3 0x8000b2d4 (0xd23f2823) mem 0x8000d000 0x00000001
core   0: 0x8000b2d8 (0xff9ff06f) j       pc - 0x8
core   0: 3 0x8000b2d8 (0xff9ff06f)
core   0: 0x8000b2d0 (0x00002f17) auipc   t5, 0x2
core   0: 3 0x8000b2d0 (0x00002f17) x30 0x8000d2d0
core   0: 0x8000b2d4 (0xd23f2823) sw      gp, -720(t5)
core   0: 3 0x8000b2d4 (0xd23f2823) mem 0x8000d000 0x00000001
core   0: 0x8000b2d8 (0xff9ff06f) j       pc - 0x8
core   0: 3 0x8000b2d8 (0xff9ff06f)
core   0: 0x8000b2d0 (0x00002f17) auipc   t5, 0x2
core   0: 3 0x8000b2d0 (0x00002f17) x30 0x8000d2d0
core   0: 0x8000b2d4 (0xd23f2823) sw      gp, -720(t5)
core   0: 3 0x8000b2d4 (0xd23f2823) mem 0x8000d000 0x00000001
core   0: 0x8000b2d8 (0xff9ff06f) j       pc - 0x8
core   0: 3 0x8000b2d8 (0xff9ff06f)
core   0: 0x8000b2d0 (0x00002f17) auipc   t5, 0x2
core   0: 3 0x8000b2d0 (0x00002f17) x30 0x8000d2d0
core   0: 0x8000b2d4 (0xd23f2823) sw      gp, -720(t5)
core   0: 3 0x8000b2d4 (0xd23f2823) mem 0x8000d000 0x00000001
core   0: 0x8000b2d8 (0xff9ff06f) j       pc - 0x8
core   0: 3 0x8000b2d8 (0xff9ff06f)
core   0: 0x8000b2d0 (0x00002f17) auipc   t5, 0x2
core   0: 3 0x8000b2d0 (0x00002f17) x30 0x8000d2d0
core   0: 0x8000b2d4 (0xd23f2823) sw      gp, -720(t5)
core   0: 3 0x8000b2d4 (0xd23f2823) mem 0x8000d000 0x00000001
core   0: 0x8000b2d8 (0xff9ff06f) j       pc - 0x8
core   0: 3 0x8000b2d8 (0xff9ff06f)
core   0: 0x8000b2d0 (0x00002f17) auipc   t5, 0x2
core   0: 3 0x8000b2d0 (0x00002f17) x30 0x8000d2d0
core   0: 0x8000b2d4 (0xd23f2823) sw      gp, -720(t5)
core   0: 3 0x8000b2d4 (0xd23f2823) mem 0x8000d000 0x00000001
core   0: 0x8000b2d8 (0xff9ff06f) j       pc - 0x8
core   0: 3 0x8000b2d8 (0xff9ff06f)
core   0: 0x8000b2d0 (0x00002f17) auipc   t5, 0x2
core   0: 3 0x8000b2d0 (0x00002f17) x30 0x8000d2d0
core   0: 0x8000b2d4 (0xd23f2823) sw      gp, -720(t5)
core   0: 3 0x8000b2d4 (0xd23f2823) mem 0x8000d000 0x00000001
core   0: 0x8000b2d8 (0xff9ff06f) j       pc - 0x8
core   0: 3 0x8000b2d8 (0xff9ff06f)
core   0: 0x8000b2d0 (0x00002f17) auipc   t5, 0x2
core   0: 3 0x8000b2d0 (0x00002f17) x30 0x8000d2d0
core   0: 0x8000b2d4 (0xd23f2823) sw      gp, -720(t5)
core   0: 3 0x8000b2d4 (0xd23f2823) mem 0x8000d000 0x00000001
core   0: 0x8000b2d8 (0xff9ff06f) j       pc - 0x8
core   0: 3 0x8000b2d8 (0xff9ff06f)
core   0: 0x8000b2d0 (0x00002f17) auipc   t5, 0x2
core   0: 3 0x8000b2d0 (0x00002f17) x30 0x8000d2d0
core   0: 0x8000b2d4 (0xd23f2823) sw      gp, -720(t5)
core   0: 3 0x8000b2d4 (0xd23f2823) mem 0x8000d000 0x00000001
core   0: 0x8000b2d8 (0xff9ff06f) j       pc - 0x8
core   0: 3 0x8000b2d8 (0xff9ff06f)
core   0: 0x8000b2d0 (0x00002f17) auipc   t5, 0x2
core   0: 3 0x8000b2d0 (0x00002f17) x30 0x8000d2d0
core   0: 0x8000b2d4 (0xd23f2823) sw      gp, -720(t5)
core   0: 3 0x8000b2d4 (0xd23f2823) mem 0x8000d000 0x00000001
core   0: 0x8000b2d8 (0xff9ff06f) j       pc - 0x8
core   0: 3 0x8000b2d8 (0xff9ff06f)
core   0: 0x8000b2d0 (0x00002f17) auipc   t5, 0x2
core   0: 3 0x8000b2d0 (0x00002f17) x30 0x8000d2d0
core   0: 0x8000b2d4 (0xd23f2823) sw      gp, -720(t5)
core   0: 3 0x8000b2d4 (0xd23f2823) mem 0x8000d000 0x00000001
core   0: 0x8000b2d8 (0xff9ff06f) j       pc - 0x8
core   0: 3 0x8000b2d8 (0xff9ff06f)
core   0: 0x8000b2d0 (0x00002f17) auipc   t5, 0x2
core   0: 3 0x8000b2d0 (0x00002f17) x30 0x8000d2d0
core   0: 0x8000b2d4 (0xd23f2823) sw      gp, -720(t5)
core   0: 3 0x8000b2d4 (0xd23f2823) mem 0x8000d000 0x00000001
core   0: 0x8000b2d8 (0xff9ff06f) j       pc - 0x8
core   0: 3 0x8000b2d8 (0xff9ff06f)
core   0: 0x8000b2d0 (0x00002f17) auipc   t5, 0x2
core   0: 3 0x8000b2d0 (0x00002f17) x30 0x8000d2d0
core   0: 0x8000b2d4 (0xd23f2823) sw      gp, -720(t5)
core   0: 3 0x8000b2d4 (0xd23f2823) mem 0x8000d000 0x00000001
core   0: 0x8000b2d8 (0xff9ff06f) j       pc - 0x8
core   0: 3 0x8000b2d8 (0xff9ff06f)
core   0: 0x8000b2d0 (0x00002f17) auipc   t5, 0x2
core   0: 3 0x8000b2d0 (0x00002f17) x30 0x8000d2d0
core   0: 0x8000b2d4 (0xd23f2823) sw      gp, -720(t5)
core   0: 3 0x8000b2d4 (0xd23f2823) mem 0x8000d000 0x00000001
core   0: 0x8000b2d8 (0xff9ff06f) j       pc - 0x8
core   0: 3 0x8000b2d8 (0xff9ff06f)
core   0: 0x8000b2d0 (0x00002f17) auipc   t5, 0x2
core   0: 3 0x8000b2d0 (0x00002f17) x30 0x8000d2d0
core   0: 0x8000b2d4 (0xd23f2823) sw      gp, -720(t5)
core   0: 3 0x8000b2d4 (0xd23f2823) mem 0x8000d000 0x00000001
core   0: 0x8000b2d8 (0xff9ff06f) j       pc - 0x8
core   0: 3 0x8000b2d8 (0xff9ff06f)
core   0: 0x8000b2d0 (0x00002f17) auipc   t5, 0x2
core   0: 3 0x8000b2d0 (0x00002f17) x30 0x8000d2d0
core   0: 0x8000b2d4 (0xd23f2823) sw      gp, -720(t5)
core   0: 3 0x8000b2d4 (0xd23f2823) mem 0x8000d000 0x00000001
core   0: 0x8000b2d8 (0xff9ff06f) j       pc - 0x8
core   0: 3 0x8000b2d8 (0xff9ff06f)
core   0: 0x8000b2d0 (0x00002f17) auipc   t5, 0x2
core   0: 3 0x8000b2d0 (0x00002f17) x30 0x8000d2d0
core   0: 0x8000b2d4 (0xd23f2823) sw      gp, -720(t5)
core   0: 3 0x8000b2d4 (0xd23f2823) mem 0x8000d000 0x00000001
core   0: 0x8000b2d8 (0xff9ff06f) j       pc - 0x8
core   0: 3 0x8000b2d8 (0xff9ff06f)
core   0: 0x8000b2d0 (0x00002f17) auipc   t5, 0x2
core   0: 3 0x8000b2d0 (0x00002f17) x30 0x8000d2d0
core   0: 0x8000b2d4 (0xd23f2823) sw      gp, -720(t5)
core   0: 3 0x8000b2d4 (0xd23f2823) mem 0x8000d000 0x00000001
core   0: 0x8000b2d8 (0xff9ff06f) j       pc - 0x8
core   0: 3 0x8000b2d8 (0xff9ff06f)
core   0: 0x8000b2d0 (0x00002f17) auipc   t5, 0x2
core   0: 3 0x8000b2d0 (0x00002f17) x30 0x8000d2d0
core   0: 0x8000b2d4 (0xd23f2823) sw      gp, -720(t5)
core   0: 3 0x8000b2d4 (0xd23f2823) mem 0x8000d000 0x00000001
core   0: 0x8000b2d8 (0xff9ff06f) j       pc - 0x8
core   0: 3 0x8000b2d8 (0xff9ff06f)
core   0: 0x8000b2d0 (0x00002f17) auipc   t5, 0x2
core   0: 3 0x8000b2d0 (0x00002f17) x30 0x8000d2d0
core   0: 0x8000b2d4 (0xd23f2823) sw      gp, -720(t5)
core   0: 3 0x8000b2d4 (0xd23f2823) mem 0x8000d000 0x00000001
core   0: 0x8000b2d8 (0xff9ff06f) j       pc - 0x8
core   0: 3 0x8000b2d8 (0xff9ff06f)
core   0: 0x8000b2d0 (0x00002f17) auipc   t5, 0x2
core   0: 3 0x8000b2d0 (0x00002f17) x30 0x8000d2d0
core   0: 0x8000b2d4 (0xd23f2823) sw      gp, -720(t5)
core   0: 3 0x8000b2d4 (0xd23f2823) mem 0x8000d000 0x00000001
core   0: 0x8000b2d8 (0xff9ff06f) j       pc - 0x8
core   0: 3 0x8000b2d8 (0xff9ff06f)
core   0: 0x8000b2d0 (0x00002f17) auipc   t5, 0x2
core   0: 3 0x8000b2d0 (0x00002f17) x30 0x8000d2d0
core   0: 0x8000b2d4 (0xd23f2823) sw      gp, -720(t5)
core   0: 3 0x8000b2d4 (0xd23f2823) mem 0x8000d000 0x00000001
core   0: 0x8000b2d8 (0xff9ff06f) j       pc - 0x8
core   0: 3 0x8000b2d8 (0xff9ff06f)
core   0: 0x8000b2d0 (0x00002f17) auipc   t5, 0x2
core   0: 3 0x8000b2d0 (0x00002f17) x30 0x8000d2d0
core   0: 0x8000b2d4 (0xd23f2823) sw      gp, -720(t5)
core   0: 3 0x8000b2d4 (0xd23f2823) mem 0x8000d000 0x00000001
core   0: 0x8000b2d8 (0xff9ff06f) j       pc - 0x8
core   0: 3 0x8000b2d8 (0xff9ff06f)
core   0: 0x8000b2d0 (0x00002f17) auipc   t5, 0x2
core   0: 3 0x8000b2d0 (0x00002f17) x30 0x8000d2d0
core   0: 0x8000b2d4 (0xd23f2823) sw      gp, -720(t5)
core   0: 3 0x8000b2d4 (0xd23f2823) mem 0x8000d000 0x00000001
core   0: 0x8000b2d8 (0xff9ff06f) j       pc - 0x8
core   0: 3 0x8000b2d8 (0xff9ff06f)
core   0: 0x8000b2d0 (0x00002f17) auipc   t5, 0x2
core   0: 3 0x8000b2d0 (0x00002f17) x30 0x8000d2d0
core   0: 0x8000b2d4 (0xd23f2823) sw      gp, -720(t5)
core   0: 3 0x8000b2d4 (0xd23f2823) mem 0x8000d000 0x00000001
core   0: 0x8000b2d8 (0xff9ff06f) j       pc - 0x8
core   0: 3 0x8000b2d8 (0xff9ff06f)
core   0: 0x8000b2d0 (0x00002f17) auipc   t5, 0x2
core   0: 3 0x8000b2d0 (0x00002f17) x30 0x8000d2d0
core   0: 0x8000b2d4 (0xd23f2823) sw      gp, -720(t5)
core   0: 3 0x8000b2d4 (0xd23f2823) mem 0x8000d000 0x00000001
core   0: 0x8000b2d8 (0xff9ff06f) j       pc - 0x8
core   0: 3 0x8000b2d8 (0xff9ff06f)
core   0: 0x8000b2d0 (0x00002f17) auipc   t5, 0x2
core   0: 3 0x8000b2d0 (0x00002f17) x30 0x8000d2d0
core   0: 0x8000b2d4 (0xd23f2823) sw      gp, -720(t5)
core   0: 3 0x8000b2d4 (0xd23f2823) mem 0x8000d000 0x00000001
core   0: 0x8000b2d8 (0xff9ff06f) j       pc - 0x8
core   0: 3 0x8000b2d8 (0xff9ff06f)
core   0: 0x8000b2d0 (0x00002f17) auipc   t5, 0x2
core   0: 3 0x8000b2d0 (0x00002f17) x30 0x8000d2d0
core   0: 0x8000b2d4 (0xd23f2823) sw      gp, -720(t5)
core   0: 3 0x8000b2d4 (0xd23f2823) mem 0x8000d000 0x00000001
core   0: 0x8000b2d8 (0xff9ff06f) j       pc - 0x8
core   0: 3 0x8000b2d8 (0xff9ff06f)
core   0: 0x8000b2d0 (0x00002f17) auipc   t5, 0x2
core   0: 3 0x8000b2d0 (0x00002f17) x30 0x8000d2d0
core   0: 0x8000b2d4 (0xd23f2823) sw      gp, -720(t5)
core   0: 3 0x8000b2d4 (0xd23f2823) mem 0x8000d000 0x00000001
core   0: 0x8000b2d8 (0xff9ff06f) j       pc - 0x8
core   0: 3 0x8000b2d8 (0xff9ff06f)
core   0: 0x8000b2d0 (0x00002f17) auipc   t5, 0x2
core   0: 3 0x8000b2d0 (0x00002f17) x30 0x8000d2d0
core   0: 0x8000b2d4 (0xd23f2823) sw      gp, -720(t5)
core   0: 3 0x8000b2d4 (0xd23f2823) mem 0x8000d000 0x00000001
core   0: 0x8000b2d8 (0xff9ff06f) j       pc - 0x8
core   0: 3 0x8000b2d8 (0xff9ff06f)
core   0: 0x8000b2d0 (0x00002f17) auipc   t5, 0x2
core   0: 3 0x8000b2d0 (0x00002f17) x30 0x8000d2d0
core   0: 0x8000b2d4 (0xd23f2823) sw      gp, -720(t5)
core   0: 3 0x8000b2d4 (0xd23f2823) mem 0x8000d000 0x00000001
core   0: 0x8000b2d8 (0xff9ff06f) j       pc - 0x8
core   0: 3 0x8000b2d8 (0xff9ff06f)
core   0: 0x8000b2d0 (0x00002f17) auipc   t5, 0x2
core   0: 3 0x8000b2d0 (0x00002f17) x30 0x8000d2d0
core   0: 0x8000b2d4 (0xd23f2823) sw      gp, -720(t5)
core   0: 3 0x8000b2d4 (0xd23f2823) mem 0x8000d000 0x00000001
core   0: 0x8000b2d8 (0xff9ff06f) j       pc - 0x8
core   0: 3 0x8000b2d8 (0xff9ff06f)
core   0: 0x8000b2d0 (0x00002f17) auipc   t5, 0x2
core   0: 3 0x8000b2d0 (0x00002f17) x30 0x8000d2d0
core   0: 0x8000b2d4 (0xd23f2823) sw      gp, -720(t5)
core   0: 3 0x8000b2d4 (0xd23f2823) mem 0x8000d000 0x00000001
core   0: 0x8000b2d8 (0xff9ff06f) j       pc - 0x8
core   0: 3 0x8000b2d8 (0xff9ff06f)
core   0: 0x8000b2d0 (0x00002f17) auipc   t5, 0x2
core   0: 3 0x8000b2d0 (0x00002f17) x30 0x8000d2d0
core   0: 0x8000b2d4 (0xd23f2823) sw      gp, -720(t5)
core   0: 3 0x8000b2d4 (0xd23f2823) mem 0x8000d000 0x00000001
core   0: 0x8000b2d8 (0xff9ff06f) j       pc - 0x8
core   0: 3 0x8000b2d8 (0xff9ff06f)
core   0: 0x8000b2d0 (0x00002f17) auipc   t5, 0x2
core   0: 3 0x8000b2d0 (0x00002f17) x30 0x8000d2d0
core   0: 0x8000b2d4 (0xd23f2823) sw      gp, -720(t5)
core   0: 3 0x8000b2d4 (0xd23f2823) mem 0x8000d000 0x00000001
core   0: 0x8000b2d8 (0xff9ff06f) j       pc - 0x8
core   0: 3 0x8000b2d8 (0xff9ff06f)
core   0: 0x8000b2d0 (0x00002f17) auipc   t5, 0x2
core   0: 3 0x8000b2d0 (0x00002f17) x30 0x8000d2d0
core   0: 0x8000b2d4 (0xd23f2823) sw      gp, -720(t5)
core   0: 3 0x8000b2d4 (0xd23f2823) mem 0x8000d000 0x00000001
core   0: 0x8000b2d8 (0xff9ff06f) j       pc - 0x8
core   0: 3 0x8000b2d8 (0xff9ff06f)
core   0: 0x8000b2d0 (0x00002f17) auipc   t5, 0x2
core   0: 3 0x8000b2d0 (0x00002f17) x30 0x8000d2d0
core   0: 0x8000b2d4 (0xd23f2823) sw      gp, -720(t5)
core   0: 3 0x8000b2d4 (0xd23f2823) mem 0x8000d000 0x00000001
core   0: 0x8000b2d8 (0xff9ff06f) j       pc - 0x8
core   0: 3 0x8000b2d8 (0xff9ff06f)
core   0: 0x8000b2d0 (0x00002f17) auipc   t5, 0x2
core   0: 3 0x8000b2d0 (0x00002f17) x30 0x8000d2d0
core   0: 0x8000b2d4 (0xd23f2823) sw      gp, -720(t5)
core   0: 3 0x8000b2d4 (0xd23f2823) mem 0x8000d000 0x00000001
core   0: 0x8000b2d8 (0xff9ff06f) j       pc - 0x8
core   0: 3 0x8000b2d8 (0xff9ff06f)
core   0: 0x8000b2d0 (0x00002f17) auipc   t5, 0x2
core   0: 3 0x8000b2d0 (0x00002f17) x30 0x8000d2d0
core   0: 0x8000b2d4 (0xd23f2823) sw      gp, -720(t5)
core   0: 3 0x8000b2d4 (0xd23f2823) mem 0x8000d000 0x00000001
core   0: 0x8000b2d8 (0xff9ff06f) j       pc - 0x8
core   0: 3 0x8000b2d8 (0xff9ff06f)
core   0: 0x8000b2d0 (0x00002f17) auipc   t5, 0x2
core   0: 3 0x8000b2d0 (0x00002f17) x30 0x8000d2d0
core   0: 0x8000b2d4 (0xd23f2823) sw      gp, -720(t5)
core   0: 3 0x8000b2d4 (0xd23f2823) mem 0x8000d000 0x00000001
core   0: 0x8000b2d8 (0xff9ff06f) j       pc - 0x8
core   0: 3 0x8000b2d8 (0xff9ff06f)
core   0: 0x8000b2d0 (0x00002f17) auipc   t5, 0x2
core   0: 3 0x8000b2d0 (0x00002f17) x30 0x8000d2d0
core   0: 0x8000b2d4 (0xd23f2823) sw      gp, -720(t5)
core   0: 3 0x8000b2d4 (0xd23f2823) mem 0x8000d000 0x00000001
core   0: 0x8000b2d8 (0xff9ff06f) j       pc - 0x8
core   0: 3 0x8000b2d8 (0xff9ff06f)
core   0: 0x8000b2d0 (0x00002f17) auipc   t5, 0x2
core   0: 3 0x8000b2d0 (0x00002f17) x30 0x8000d2d0
core   0: 0x8000b2d4 (0xd23f2823) sw      gp, -720(t5)
core   0: 3 0x8000b2d4 (0xd23f2823) mem 0x8000d000 0x00000001
core   0: 0x8000b2d8 (0xff9ff06f) j       pc - 0x8
core   0: 3 0x8000b2d8 (0xff9ff06f)
core   0: 0x8000b2d0 (0x00002f17) auipc   t5, 0x2
core   0: 3 0x8000b2d0 (0x00002f17) x30 0x8000d2d0
core   0: 0x8000b2d4 (0xd23f2823) sw      gp, -720(t5)
core   0: 3 0x8000b2d4 (0xd23f2823) mem 0x8000d000 0x00000001
core   0: 0x8000b2d8 (0xff9ff06f) j       pc - 0x8
core   0: 3 0x8000b2d8 (0xff9ff06f)
core   0: 0x8000b2d0 (0x00002f17) auipc   t5, 0x2
core   0: 3 0x8000b2d0 (0x00002f17) x30 0x8000d2d0
core   0: 0x8000b2d4 (0xd23f2823) sw      gp, -720(t5)
core   0: 3 0x8000b2d4 (0xd23f2823) mem 0x8000d000 0x00000001
core   0: 0x8000b2d8 (0xff9ff06f) j       pc - 0x8
core   0: 3 0x8000b2d8 (0xff9ff06f)
core   0: 0x8000b2d0 (0x00002f17) auipc   t5, 0x2
core   0: 3 0x8000b2d0 (0x00002f17) x30 0x8000d2d0
core   0: 0x8000b2d4 (0xd23f2823) sw      gp, -720(t5)
core   0: 3 0x8000b2d4 (0xd23f2823) mem 0x8000d000 0x00000001
core   0: 0x8000b2d8 (0xff9ff06f) j       pc - 0x8
core   0: 3 0x8000b2d8 (0xff9ff06f)
core   0: 0x8000b2d0 (0x00002f17) auipc   t5, 0x2
core   0: 3 0x8000b2d0 (0x00002f17) x30 0x8000d2d0
core   0: 0x8000b2d4 (0xd23f2823) sw      gp, -720(t5)
core   0: 3 0x8000b2d4 (0xd23f2823) mem 0x8000d000 0x00000001
core   0: 0x8000b2d8 (0xff9ff06f) j       pc - 0x8
core   0: 3 0x8000b2d8 (0xff9ff06f)
core   0: 0x8000b2d0 (0x00002f17) auipc   t5, 0x2
core   0: 3 0x8000b2d0 (0x00002f17) x30 0x8000d2d0
core   0: 0x8000b2d4 (0xd23f2823) sw      gp, -720(t5)
core   0: 3 0x8000b2d4 (0xd23f2823) mem 0x8000d000 0x00000001
core   0: 0x8000b2d8 (0xff9ff06f) j       pc - 0x8
core   0: 3 0x8000b2d8 (0xff9ff06f)
core   0: 0x8000b2d0 (0x00002f17) auipc   t5, 0x2
core   0: 3 0x8000b2d0 (0x00002f17) x30 0x8000d2d0
core   0: 0x8000b2d4 (0xd23f2823) sw      gp, -720(t5)
core   0: 3 0x8000b2d4 (0xd23f2823) mem 0x8000d000 0x00000001
core   0: 0x8000b2d8 (0xff9ff06f) j       pc - 0x8
core   0: 3 0x8000b2d8 (0xff9ff06f)
core   0: 0x8000b2d0 (0x00002f17) auipc   t5, 0x2
core   0: 3 0x8000b2d0 (0x00002f17) x30 0x8000d2d0
core   0: 0x8000b2d4 (0xd23f2823) sw      gp, -720(t5)
core   0: 3 0x8000b2d4 (0xd23f2823) mem 0x8000d000 0x00000001
core   0: 0x8000b2d8 (0xff9ff06f) j       pc - 0x8
core   0: 3 0x8000b2d8 (0xff9ff06f)
core   0: 0x8000b2d0 (0x00002f17) auipc   t5, 0x2
core   0: 3 0x8000b2d0 (0x00002f17) x30 0x8000d2d0
core   0: 0x8000b2d4 (0xd23f2823) sw      gp, -720(t5)
core   0: 3 0x8000b2d4 (0xd23f2823) mem 0x8000d000 0x00000001
core   0: 0x8000b2d8 (0xff9ff06f) j       pc - 0x8
core   0: 3 0x8000b2d8 (0xff9ff06f)
core   0: 0x8000b2d0 (0x00002f17) auipc   t5, 0x2
core   0: 3 0x8000b2d0 (0x00002f17) x30 0x8000d2d0
core   0: 0x8000b2d4 (0xd23f2823) sw      gp, -720(t5)
core   0: 3 0x8000b2d4 (0xd23f2823) mem 0x8000d000 0x00000001
core   0: 0x8000b2d8 (0xff9ff06f) j       pc - 0x8
core   0: 3 0x8000b2d8 (0xff9ff06f)
core   0: 0x8000b2d0 (0x00002f17) auipc   t5, 0x2
core   0: 3 0x8000b2d0 (0x00002f17) x30 0x8000d2d0
core   0: 0x8000b2d4 (0xd23f2823) sw      gp, -720(t5)
core   0: 3 0x8000b2d4 (0xd23f2823) mem 0x8000d000 0x00000001
core   0: 0x8000b2d8 (0xff9ff06f) j       pc - 0x8
core   0: 3 0x8000b2d8 (0xff9ff06f)
core   0: 0x8000b2d0 (0x00002f17) auipc   t5, 0x2
core   0: 3 0x8000b2d0 (0x00002f17) x30 0x8000d2d0
core   0: 0x8000b2d4 (0xd23f2823) sw      gp, -720(t5)
core   0: 3 0x8000b2d4 (0xd23f2823) mem 0x8000d000 0x00000001
core   0: 0x8000b2d8 (0xff9ff06f) j       pc - 0x8
core   0: 3 0x8000b2d8 (0xff9ff06f)
core   0: 0x8000b2d0 (0x00002f17) auipc   t5, 0x2
core   0: 3 0x8000b2d0 (0x00002f17) x30 0x8000d2d0
core   0: 0x8000b2d4 (0xd23f2823) sw      gp, -720(t5)
core   0: 3 0x8000b2d4 (0xd23f2823) mem 0x8000d000 0x00000001
core   0: 0x8000b2d8 (0xff9ff06f) j       pc - 0x8
core   0: 3 0x8000b2d8 (0xff9ff06f)
core   0: 0x8000b2d0 (0x00002f17) auipc   t5, 0x2
core   0: 3 0x8000b2d0 (0x00002f17) x30 0x8000d2d0
core   0: 0x8000b2d4 (0xd23f2823) sw      gp, -720(t5)
core   0: 3 0x8000b2d4 (0xd23f2823) mem 0x8000d000 0x00000001
core   0: 0x8000b2d8 (0xff9ff06f) j       pc - 0x8
core   0: 3 0x8000b2d8 (0xff9ff06f)
core   0: 0x8000b2d0 (0x00002f17) auipc   t5, 0x2
core   0: 3 0x8000b2d0 (0x00002f17) x30 0x8000d2d0
core   0: 0x8000b2d4 (0xd23f2823) sw      gp, -720(t5)
core   0: 3 0x8000b2d4 (0xd23f2823) mem 0x8000d000 0x00000001
core   0: 0x8000b2d8 (0xff9ff06f) j       pc - 0x8
core   0: 3 0x8000b2d8 (0xff9ff06f)
core   0: 0x8000b2d0 (0x00002f17) auipc   t5, 0x2
core   0: 3 0x8000b2d0 (0x00002f17) x30 0x8000d2d0
core   0: 0x8000b2d4 (0xd23f2823) sw      gp, -720(t5)
core   0: 3 0x8000b2d4 (0xd23f2823) mem 0x8000d000 0x00000001
core   0: 0x8000b2d8 (0xff9ff06f) j       pc - 0x8
core   0: 3 0x8000b2d8 (0xff9ff06f)
core   0: 0x8000b2d0 (0x00002f17) auipc   t5, 0x2
core   0: 3 0x8000b2d0 (0x00002f17) x30 0x8000d2d0
core   0: 0x8000b2d4 (0xd23f2823) sw      gp, -720(t5)
core   0: 3 0x8000b2d4 (0xd23f2823) mem 0x8000d000 0x00000001
core   0: 0x8000b2d8 (0xff9ff06f) j       pc - 0x8
core   0: 3 0x8000b2d8 (0xff9ff06f)
core   0: 0x8000b2d0 (0x00002f17) auipc   t5, 0x2
core   0: 3 0x8000b2d0 (0x00002f17) x30 0x8000d2d0
core   0: 0x8000b2d4 (0xd23f2823) sw      gp, -720(t5)
core   0: 3 0x8000b2d4 (0xd23f2823) mem 0x8000d000 0x00000001
core   0: 0x8000b2d8 (0xff9ff06f) j       pc - 0x8
core   0: 3 0x8000b2d8 (0xff9ff06f)
core   0: 0x8000b2d0 (0x00002f17) auipc   t5, 0x2
core   0: 3 0x8000b2d0 (0x00002f17) x30 0x8000d2d0
core   0: 0x8000b2d4 (0xd23f2823) sw      gp, -720(t5)
core   0: 3 0x8000b2d4 (0xd23f2823) mem 0x8000d000 0x00000001
core   0: 0x8000b2d8 (0xff9ff06f) j       pc - 0x8
core   0: 3 0x8000b2d8 (0xff9ff06f)
core   0: 0x8000b2d0 (0x00002f17) auipc   t5, 0x2
core   0: 3 0x8000b2d0 (0x00002f17) x30 0x8000d2d0
core   0: 0x8000b2d4 (0xd23f2823) sw      gp, -720(t5)
core   0: 3 0x8000b2d4 (0xd23f2823) mem 0x8000d000 0x00000001
core   0: 0x8000b2d8 (0xff9ff06f) j       pc - 0x8
core   0: 3 0x8000b2d8 (0xff9ff06f)
core   0: 0x8000b2d0 (0x00002f17) auipc   t5, 0x2
core   0: 3 0x8000b2d0 (0x00002f17) x30 0x8000d2d0
core   0: 0x8000b2d4 (0xd23f2823) sw      gp, -720(t5)
core   0: 3 0x8000b2d4 (0xd23f2823) mem 0x8000d000 0x00000001
core   0: 0x8000b2d8 (0xff9ff06f) j       pc - 0x8
core   0: 3 0x8000b2d8 (0xff9ff06f)
core   0: 0x8000b2d0 (0x00002f17) auipc   t5, 0x2
core   0: 3 0x8000b2d0 (0x00002f17) x30 0x8000d2d0
core   0: 0x8000b2d4 (0xd23f2823) sw      gp, -720(t5)
core   0: 3 0x8000b2d4 (0xd23f2823) mem 0x8000d000 0x00000001
core   0: 0x8000b2d8 (0xff9ff06f) j       pc - 0x8
core   0: 3 0x8000b2d8 (0xff9ff06f)
core   0: 0x8000b2d0 (0x00002f17) auipc   t5, 0x2
core   0: 3 0x8000b2d0 (0x00002f17) x30 0x8000d2d0
core   0: 0x8000b2d4 (0xd23f2823) sw      gp, -720(t5)
core   0: 3 0x8000b2d4 (0xd23f2823) mem 0x8000d000 0x00000001
core   0: 0x8000b2d8 (0xff9ff06f) j       pc - 0x8
core   0: 3 0x8000b2d8 (0xff9ff06f)
core   0: 0x8000b2d0 (0x00002f17) auipc   t5, 0x2
core   0: 3 0x8000b2d0 (0x00002f17) x30 0x8000d2d0
core   0: 0x8000b2d4 (0xd23f2823) sw      gp, -720(t5)
core   0: 3 0x8000b2d4 (0xd23f2823) mem 0x8000d000 0x00000001
core   0: 0x8000b2d8 (0xff9ff06f) j       pc - 0x8
core   0: 3 0x8000b2d8 (0xff9ff06f)
core   0: 0x8000b2d0 (0x00002f17) auipc   t5, 0x2
core   0: 3 0x8000b2d0 (0x00002f17) x30 0x8000d2d0
core   0: 0x8000b2d4 (0xd23f2823) sw      gp, -720(t5)
core   0: 3 0x8000b2d4 (0xd23f2823) mem 0x8000d000 0x00000001
core   0: 0x8000b2d8 (0xff9ff06f) j       pc - 0x8
core   0: 3 0x8000b2d8 (0xff9ff06f)
core   0: 0x8000b2d0 (0x00002f17) auipc   t5, 0x2
core   0: 3 0x8000b2d0 (0x00002f17) x30 0x8000d2d0
core   0: 0x8000b2d4 (0xd23f2823) sw      gp, -720(t5)
core   0: 3 0x8000b2d4 (0xd23f2823) mem 0x8000d000 0x00000001
core   0: 0x8000b2d8 (0xff9ff06f) j       pc - 0x8
core   0: 3 0x8000b2d8 (0xff9ff06f)
core   0: 0x8000b2d0 (0x00002f17) auipc   t5, 0x2
core   0: 3 0x8000b2d0 (0x00002f17) x30 0x8000d2d0
core   0: 0x8000b2d4 (0xd23f2823) sw      gp, -720(t5)
core   0: 3 0x8000b2d4 (0xd23f2823) mem 0x8000d000 0x00000001
core   0: 0x8000b2d8 (0xff9ff06f) j       pc - 0x8
core   0: 3 0x8000b2d8 (0xff9ff06f)
core   0: 0x8000b2d0 (0x00002f17) auipc   t5, 0x2
core   0: 3 0x8000b2d0 (0x00002f17) x30 0x8000d2d0
core   0: 0x8000b2d4 (0xd23f2823) sw      gp, -720(t5)
core   0: 3 0x8000b2d4 (0xd23f2823) mem 0x8000d000 0x00000001
core   0: 0x8000b2d8 (0xff9ff06f) j       pc - 0x8
core   0: 3 0x8000b2d8 (0xff9ff06f)
core   0: 0x8000b2d0 (0x00002f17) auipc   t5, 0x2
core   0: 3 0x8000b2d0 (0x00002f17) x30 0x8000d2d0
core   0: 0x8000b2d4 (0xd23f2823) sw      gp, -720(t5)
core   0: 3 0x8000b2d4 (0xd23f2823) mem 0x8000d000 0x00000001
core   0: 0x8000b2d8 (0xff9ff06f) j       pc - 0x8
core   0: 3 0x8000b2d8 (0xff9ff06f)
core   0: 0x8000b2d0 (0x00002f17) auipc   t5, 0x2
core   0: 3 0x8000b2d0 (0x00002f17) x30 0x8000d2d0
core   0: 0x8000b2d4 (0xd23f2823) sw      gp, -720(t5)
core   0: 3 0x8000b2d4 (0xd23f2823) mem 0x8000d000 0x00000001
core   0: 0x8000b2d8 (0xff9ff06f) j       pc - 0x8
core   0: 3 0x8000b2d8 (0xff9ff06f)
core   0: 0x8000b2d0 (0x00002f17) auipc   t5, 0x2
core   0: 3 0x8000b2d0 (0x00002f17) x30 0x8000d2d0
core   0: 0x8000b2d4 (0xd23f2823) sw      gp, -720(t5)
core   0: 3 0x8000b2d4 (0xd23f2823) mem 0x8000d000 0x00000001
core   0: 0x8000b2d8 (0xff9ff06f) j       pc - 0x8
core   0: 3 0x8000b2d8 (0xff9ff06f)
core   0: 0x8000b2d0 (0x00002f17) auipc   t5, 0x2
core   0: 3 0x8000b2d0 (0x00002f17) x30 0x8000d2d0
core   0: 0x8000b2d4 (0xd23f2823) sw      gp, -720(t5)
core   0: 3 0x8000b2d4 (0xd23f2823) mem 0x8000d000 0x00000001
core   0: 0x8000b2d8 (0xff9ff06f) j       pc - 0x8
core   0: 3 0x8000b2d8 (0xff9ff06f)
core   0: 0x8000b2d0 (0x00002f17) auipc   t5, 0x2
core   0: 3 0x8000b2d0 (0x00002f17) x30 0x8000d2d0
core   0: 0x8000b2d4 (0xd23f2823) sw      gp, -720(t5)
core   0: 3 0x8000b2d4 (0xd23f2823) mem 0x8000d000 0x00000001
core   0: 0x8000b2d8 (0xff9ff06f) j       pc - 0x8
core   0: 3 0x8000b2d8 (0xff9ff06f)
core   0: 0x8000b2d0 (0x00002f17) auipc   t5, 0x2
core   0: 3 0x8000b2d0 (0x00002f17) x30 0x8000d2d0
core   0: 0x8000b2d4 (0xd23f2823) sw      gp, -720(t5)
core   0: 3 0x8000b2d4 (0xd23f2823) mem 0x8000d000 0x00000001
core   0: 0x8000b2d8 (0xff9ff06f) j       pc - 0x8
core   0: 3 0x8000b2d8 (0xff9ff06f)
core   0: 0x8000b2d0 (0x00002f17) auipc   t5, 0x2
core   0: 3 0x8000b2d0 (0x00002f17) x30 0x8000d2d0
core   0: 0x8000b2d4 (0xd23f2823) sw      gp, -720(t5)
core   0: 3 0x8000b2d4 (0xd23f2823) mem 0x8000d000 0x00000001
core   0: 0x8000b2d8 (0xff9ff06f) j       pc - 0x8
core   0: 3 0x8000b2d8 (0xff9ff06f)
core   0: 0x8000b2d0 (0x00002f17) auipc   t5, 0x2
core   0: 3 0x8000b2d0 (0x00002f17) x30 0x8000d2d0
core   0: 0x8000b2d4 (0xd23f2823) sw      gp, -720(t5)
core   0: 3 0x8000b2d4 (0xd23f2823) mem 0x8000d000 0x00000001
core   0: 0x8000b2d8 (0xff9ff06f) j       pc - 0x8
core   0: 3 0x8000b2d8 (0xff9ff06f)
core   0: 0x8000b2d0 (0x00002f17) auipc   t5, 0x2
core   0: 3 0x8000b2d0 (0x00002f17) x30 0x8000d2d0
core   0: 0x8000b2d4 (0xd23f2823) sw      gp, -720(t5)
core   0: 3 0x8000b2d4 (0xd23f2823) mem 0x8000d000 0x00000001
core   0: 0x8000b2d8 (0xff9ff06f) j       pc - 0x8
core   0: 3 0x8000b2d8 (0xff9ff06f)
core   0: 0x8000b2d0 (0x00002f17) auipc   t5, 0x2
core   0: 3 0x8000b2d0 (0x00002f17) x30 0x8000d2d0
core   0: 0x8000b2d4 (0xd23f2823) sw      gp, -720(t5)
core   0: 3 0x8000b2d4 (0xd23f2823) mem 0x8000d000 0x00000001
core   0: 0x8000b2d8 (0xff9ff06f) j       pc - 0x8
core   0: 3 0x8000b2d8 (0xff9ff06f)
core   0: 0x8000b2d0 (0x00002f17) auipc   t5, 0x2
core   0: 3 0x8000b2d0 (0x00002f17) x30 0x8000d2d0
core   0: 0x8000b2d4 (0xd23f2823) sw      gp, -720(t5)
core   0: 3 0x8000b2d4 (0xd23f2823) mem 0x8000d000 0x00000001
core   0: 0x8000b2d8 (0xff9ff06f) j       pc - 0x8
core   0: 3 0x8000b2d8 (0xff9ff06f)
core   0: 0x8000b2d0 (0x00002f17) auipc   t5, 0x2
core   0: 3 0x8000b2d0 (0x00002f17) x30 0x8000d2d0
core   0: 0x8000b2d4 (0xd23f2823) sw      gp, -720(t5)
core   0: 3 0x8000b2d4 (0xd23f2823) mem 0x8000d000 0x00000001
core   0: 0x8000b2d8 (0xff9ff06f) j       pc - 0x8
core   0: 3 0x8000b2d8 (0xff9ff06f)
core   0: 0x8000b2d0 (0x00002f17) auipc   t5, 0x2
core   0: 3 0x8000b2d0 (0x00002f17) x30 0x8000d2d0
core   0: 0x8000b2d4 (0xd23f2823) sw      gp, -720(t5)
core   0: 3 0x8000b2d4 (0xd23f2823) mem 0x8000d000 0x00000001
core   0: 0x8000b2d8 (0xff9ff06f) j       pc - 0x8
core   0: 3 0x8000b2d8 (0xff9ff06f)
core   0: 0x8000b2d0 (0x00002f17) auipc   t5, 0x2
core   0: 3 0x8000b2d0 (0x00002f17) x30 0x8000d2d0
core   0: 0x8000b2d4 (0xd23f2823) sw      gp, -720(t5)
core   0: 3 0x8000b2d4 (0xd23f2823) mem 0x8000d000 0x00000001
core   0: 0x8000b2d8 (0xff9ff06f) j       pc - 0x8
core   0: 3 0x8000b2d8 (0xff9ff06f)
core   0: 0x8000b2d0 (0x00002f17) auipc   t5, 0x2
core   0: 3 0x8000b2d0 (0x00002f17) x30 0x8000d2d0
core   0: 0x8000b2d4 (0xd23f2823) sw      gp, -720(t5)
core   0: 3 0x8000b2d4 (0xd23f2823) mem 0x8000d000 0x00000001
core   0: 0x8000b2d8 (0xff9ff06f) j       pc - 0x8
core   0: 3 0x8000b2d8 (0xff9ff06f)
core   0: 0x8000b2d0 (0x00002f17) auipc   t5, 0x2
core   0: 3 0x8000b2d0 (0x00002f17) x30 0x8000d2d0
core   0: 0x8000b2d4 (0xd23f2823) sw      gp, -720(t5)
core   0: 3 0x8000b2d4 (0xd23f2823) mem 0x8000d000 0x00000001
core   0: 0x8000b2d8 (0xff9ff06f) j       pc - 0x8
core   0: 3 0x8000b2d8 (0xff9ff06f)
core   0: 0x8000b2d0 (0x00002f17) auipc   t5, 0x2
core   0: 3 0x8000b2d0 (0x00002f17) x30 0x8000d2d0
core   0: 0x8000b2d4 (0xd23f2823) sw      gp, -720(t5)
core   0: 3 0x8000b2d4 (0xd23f2823) mem 0x8000d000 0x00000001
core   0: 0x8000b2d8 (0xff9ff06f) j       pc - 0x8
core   0: 3 0x8000b2d8 (0xff9ff06f)
core   0: 0x8000b2d0 (0x00002f17) auipc   t5, 0x2
core   0: 3 0x8000b2d0 (0x00002f17) x30 0x8000d2d0
core   0: 0x8000b2d4 (0xd23f2823) sw      gp, -720(t5)
core   0: 3 0x8000b2d4 (0xd23f2823) mem 0x8000d000 0x00000001
core   0: 0x8000b2d8 (0xff9ff06f) j       pc - 0x8
core   0: 3 0x8000b2d8 (0xff9ff06f)
core   0: 0x8000b2d0 (0x00002f17) auipc   t5, 0x2
core   0: 3 0x8000b2d0 (0x00002f17) x30 0x8000d2d0
core   0: 0x8000b2d4 (0xd23f2823) sw      gp, -720(t5)
core   0: 3 0x8000b2d4 (0xd23f2823) mem 0x8000d000 0x00000001
core   0: 0x8000b2d8 (0xff9ff06f) j       pc - 0x8
core   0: 3 0x8000b2d8 (0xff9ff06f)
core   0: 0x8000b2d0 (0x00002f17) auipc   t5, 0x2
core   0: 3 0x8000b2d0 (0x00002f17) x30 0x8000d2d0
core   0: 0x8000b2d4 (0xd23f2823) sw      gp, -720(t5)
core   0: 3 0x8000b2d4 (0xd23f2823) mem 0x8000d000 0x00000001
core   0: 0x8000b2d8 (0xff9ff06f) j       pc - 0x8
core   0: 3 0x8000b2d8 (0xff9ff06f)
core   0: 0x8000b2d0 (0x00002f17) auipc   t5, 0x2
core   0: 3 0x8000b2d0 (0x00002f17) x30 0x8000d2d0
core   0: 0x8000b2d4 (0xd23f2823) sw      gp, -720(t5)
core   0: 3 0x8000b2d4 (0xd23f2823) mem 0x8000d000 0x00000001
core   0: 0x8000b2d8 (0xff9ff06f) j       pc - 0x8
core   0: 3 0x8000b2d8 (0xff9ff06f)
core   0: 0x8000b2d0 (0x00002f17) auipc   t5, 0x2
core   0: 3 0x8000b2d0 (0x00002f17) x30 0x8000d2d0
core   0: 0x8000b2d4 (0xd23f2823) sw      gp, -720(t5)
core   0: 3 0x8000b2d4 (0xd23f2823) mem 0x8000d000 0x00000001
core   0: 0x8000b2d8 (0xff9ff06f) j       pc - 0x8
core   0: 3 0x8000b2d8 (0xff9ff06f)
core   0: 0x8000b2d0 (0x00002f17) auipc   t5, 0x2
core   0: 3 0x8000b2d0 (0x00002f17) x30 0x8000d2d0
core   0: 0x8000b2d4 (0xd23f2823) sw      gp, -720(t5)
core   0: 3 0x8000b2d4 (0xd23f2823) mem 0x8000d000 0x00000001
core   0: 0x8000b2d8 (0xff9ff06f) j       pc - 0x8
core   0: 3 0x8000b2d8 (0xff9ff06f)
core   0: 0x8000b2d0 (0x00002f17) auipc   t5, 0x2
core   0: 3 0x8000b2d0 (0x00002f17) x30 0x8000d2d0
core   0: 0x8000b2d4 (0xd23f2823) sw      gp, -720(t5)
core   0: 3 0x8000b2d4 (0xd23f2823) mem 0x8000d000 0x00000001
core   0: 0x8000b2d8 (0xff9ff06f) j       pc - 0x8
core   0: 3 0x8000b2d8 (0xff9ff06f)
core   0: 0x8000b2d0 (0x00002f17) auipc   t5, 0x2
core   0: 3 0x8000b2d0 (0x00002f17) x30 0x8000d2d0
core   0: 0x8000b2d4 (0xd23f2823) sw      gp, -720(t5)
core   0: 3 0x8000b2d4 (0xd23f2823) mem 0x8000d000 0x00000001
core   0: 0x8000b2d8 (0xff9ff06f) j       pc - 0x8
core   0: 3 0x8000b2d8 (0xff9ff06f)
core   0: 0x8000b2d0 (0x00002f17) auipc   t5, 0x2
core   0: 3 0x8000b2d0 (0x00002f17) x30 0x8000d2d0
core   0: 0x8000b2d4 (0xd23f2823) sw      gp, -720(t5)
core   0: 3 0x8000b2d4 (0xd23f2823) mem 0x8000d000 0x00000001
core   0: 0x8000b2d8 (0xff9ff06f) j       pc - 0x8
core   0: 3 0x8000b2d8 (0xff9ff06f)
core   0: 0x8000b2d0 (0x00002f17) auipc   t5, 0x2
core   0: 3 0x8000b2d0 (0x00002f17) x30 0x8000d2d0
core   0: 0x8000b2d4 (0xd23f2823) sw      gp, -720(t5)
core   0: 3 0x8000b2d4 (0xd23f2823) mem 0x8000d000 0x00000001
core   0: 0x8000b2d8 (0xff9ff06f) j       pc - 0x8
core   0: 3 0x8000b2d8 (0xff9ff06f)
core   0: 0x8000b2d0 (0x00002f17) auipc   t5, 0x2
core   0: 3 0x8000b2d0 (0x00002f17) x30 0x8000d2d0
core   0: 0x8000b2d4 (0xd23f2823) sw      gp, -720(t5)
core   0: 3 0x8000b2d4 (0xd23f2823) mem 0x8000d000 0x00000001
core   0: 0x8000b2d8 (0xff9ff06f) j       pc - 0x8
core   0: 3 0x8000b2d8 (0xff9ff06f)
core   0: 0x8000b2d0 (0x00002f17) auipc   t5, 0x2
core   0: 3 0x8000b2d0 (0x00002f17) x30 0x8000d2d0
core   0: 0x8000b2d4 (0xd23f2823) sw      gp, -720(t5)
core   0: 3 0x8000b2d4 (0xd23f2823) mem 0x8000d000 0x00000001
core   0: 0x8000b2d8 (0xff9ff06f) j       pc - 0x8
core   0: 3 0x8000b2d8 (0xff9ff06f)
core   0: 0x8000b2d0 (0x00002f17) auipc   t5, 0x2
core   0: 3 0x8000b2d0 (0x00002f17) x30 0x8000d2d0
core   0: 0x8000b2d4 (0xd23f2823) sw      gp, -720(t5)
core   0: 3 0x8000b2d4 (0xd23f2823) mem 0x8000d000 0x00000001
core   0: 0x8000b2d8 (0xff9ff06f) j       pc - 0x8
core   0: 3 0x8000b2d8 (0xff9ff06f)
core   0: 0x8000b2d0 (0x00002f17) auipc   t5, 0x2
core   0: 3 0x8000b2d0 (0x00002f17) x30 0x8000d2d0
core   0: 0x8000b2d4 (0xd23f2823) sw      gp, -720(t5)
core   0: 3 0x8000b2d4 (0xd23f2823) mem 0x8000d000 0x00000001
core   0: 0x8000b2d8 (0xff9ff06f) j       pc - 0x8
core   0: 3 0x8000b2d8 (0xff9ff06f)
core   0: 0x8000b2d0 (0x00002f17) auipc   t5, 0x2
core   0: 3 0x8000b2d0 (0x00002f17) x30 0x8000d2d0
core   0: 0x8000b2d4 (0xd23f2823) sw      gp, -720(t5)
core   0: 3 0x8000b2d4 (0xd23f2823) mem 0x8000d000 0x00000001
core   0: 0x8000b2d8 (0xff9ff06f) j       pc - 0x8
core   0: 3 0x8000b2d8 (0xff9ff06f)
core   0: 0x8000b2d0 (0x00002f17) auipc   t5, 0x2
core   0: 3 0x8000b2d0 (0x00002f17) x30 0x8000d2d0
core   0: 0x8000b2d4 (0xd23f2823) sw      gp, -720(t5)
core   0: 3 0x8000b2d4 (0xd23f2823) mem 0x8000d000 0x00000001
core   0: 0x8000b2d8 (0xff9ff06f) j       pc - 0x8
core   0: 3 0x8000b2d8 (0xff9ff06f)
core   0: 0x8000b2d0 (0x00002f17) auipc   t5, 0x2
core   0: 3 0x8000b2d0 (0x00002f17) x30 0x8000d2d0
core   0: 0x8000b2d4 (0xd23f2823) sw      gp, -720(t5)
core   0: 3 0x8000b2d4 (0xd23f2823) mem 0x8000d000 0x00000001
core   0: 0x8000b2d8 (0xff9ff06f) j       pc - 0x8
core   0: 3 0x8000b2d8 (0xff9ff06f)
core   0: 0x8000b2d0 (0x00002f17) auipc   t5, 0x2
core   0: 3 0x8000b2d0 (0x00002f17) x30 0x8000d2d0
core   0: 0x8000b2d4 (0xd23f2823) sw      gp, -720(t5)
core   0: 3 0x8000b2d4 (0xd23f2823) mem 0x8000d000 0x00000001
core   0: 0x8000b2d8 (0xff9ff06f) j       pc - 0x8
core   0: 3 0x8000b2d8 (0xff9ff06f)
core   0: 0x8000b2d0 (0x00002f17) auipc   t5, 0x2
core   0: 3 0x8000b2d0 (0x00002f17) x30 0x8000d2d0
core   0: 0x8000b2d4 (0xd23f2823) sw      gp, -720(t5)
core   0: 3 0x8000b2d4 (0xd23f2823) mem 0x8000d000 0x00000001
core   0: 0x8000b2d8 (0xff9ff06f) j       pc - 0x8
core   0: 3 0x8000b2d8 (0xff9ff06f)
core   0: 0x8000b2d0 (0x00002f17) auipc   t5, 0x2
core   0: 3 0x8000b2d0 (0x00002f17) x30 0x8000d2d0
core   0: 0x8000b2d4 (0xd23f2823) sw      gp, -720(t5)
core   0: 3 0x8000b2d4 (0xd23f2823) mem 0x8000d000 0x00000001
core   0: 0x8000b2d8 (0xff9ff06f) j       pc - 0x8
core   0: 3 0x8000b2d8 (0xff9ff06f)
core   0: 0x8000b2d0 (0x00002f17) auipc   t5, 0x2
core   0: 3 0x8000b2d0 (0x00002f17) x30 0x8000d2d0
core   0: 0x8000b2d4 (0xd23f2823) sw      gp, -720(t5)
core   0: 3 0x8000b2d4 (0xd23f2823) mem 0x8000d000 0x00000001
core   0: 0x8000b2d8 (0xff9ff06f) j       pc - 0x8
core   0: 3 0x8000b2d8 (0xff9ff06f)
core   0: 0x8000b2d0 (0x00002f17) auipc   t5, 0x2
core   0: 3 0x8000b2d0 (0x00002f17) x30 0x8000d2d0
core   0: 0x8000b2d4 (0xd23f2823) sw      gp, -720(t5)
core   0: 3 0x8000b2d4 (0xd23f2823) mem 0x8000d000 0x00000001
core   0: 0x8000b2d8 (0xff9ff06f) j       pc - 0x8
core   0: 3 0x8000b2d8 (0xff9ff06f)
core   0: 0x8000b2d0 (0x00002f17) auipc   t5, 0x2
core   0: 3 0x8000b2d0 (0x00002f17) x30 0x8000d2d0
core   0: 0x8000b2d4 (0xd23f2823) sw      gp, -720(t5)
core   0: 3 0x8000b2d4 (0xd23f2823) mem 0x8000d000 0x00000001
core   0: 0x8000b2d8 (0xff9ff06f) j       pc - 0x8
core   0: 3 0x8000b2d8 (0xff9ff06f)
core   0: 0x8000b2d0 (0x00002f17) auipc   t5, 0x2
core   0: 3 0x8000b2d0 (0x00002f17) x30 0x8000d2d0
core   0: 0x8000b2d4 (0xd23f2823) sw      gp, -720(t5)
core   0: 3 0x8000b2d4 (0xd23f2823) mem 0x8000d000 0x00000001
core   0: 0x8000b2d8 (0xff9ff06f) j       pc - 0x8
core   0: 3 0x8000b2d8 (0xff9ff06f)
core   0: 0x8000b2d0 (0x00002f17) auipc   t5, 0x2
core   0: 3 0x8000b2d0 (0x00002f17) x30 0x8000d2d0
core   0: 0x8000b2d4 (0xd23f2823) sw      gp, -720(t5)
core   0: 3 0x8000b2d4 (0xd23f2823) mem 0x8000d000 0x00000001
core   0: 0x8000b2d8 (0xff9ff06f) j       pc - 0x8
core   0: 3 0x8000b2d8 (0xff9ff06f)
core   0: 0x8000b2d0 (0x00002f17) auipc   t5, 0x2
core   0: 3 0x8000b2d0 (0x00002f17) x30 0x8000d2d0
core   0: 0x8000b2d4 (0xd23f2823) sw      gp, -720(t5)
core   0: 3 0x8000b2d4 (0xd23f2823) mem 0x8000d000 0x00000001
core   0: 0x8000b2d8 (0xff9ff06f) j       pc - 0x8
core   0: 3 0x8000b2d8 (0xff9ff06f)
core   0: 0x8000b2d0 (0x00002f17) auipc   t5, 0x2
core   0: 3 0x8000b2d0 (0x00002f17) x30 0x8000d2d0
core   0: 0x8000b2d4 (0xd23f2823) sw      gp, -720(t5)
core   0: 3 0x8000b2d4 (0xd23f2823) mem 0x8000d000 0x00000001
core   0: 0x8000b2d8 (0xff9ff06f) j       pc - 0x8
core   0: 3 0x8000b2d8 (0xff9ff06f)
core   0: 0x8000b2d0 (0x00002f17) auipc   t5, 0x2
core   0: 3 0x8000b2d0 (0x00002f17) x30 0x8000d2d0
core   0: 0x8000b2d4 (0xd23f2823) sw      gp, -720(t5)
core   0: 3 0x8000b2d4 (0xd23f2823) mem 0x8000d000 0x00000001
core   0: 0x8000b2d8 (0xff9ff06f) j       pc - 0x8
core   0: 3 0x8000b2d8 (0xff9ff06f)
core   0: 0x8000b2d0 (0x00002f17) auipc   t5, 0x2
core   0: 3 0x8000b2d0 (0x00002f17) x30 0x8000d2d0
core   0: 0x8000b2d4 (0xd23f2823) sw      gp, -720(t5)
core   0: 3 0x8000b2d4 (0xd23f2823) mem 0x8000d000 0x00000001
core   0: 0x8000b2d8 (0xff9ff06f) j       pc - 0x8
core   0: 3 0x8000b2d8 (0xff9ff06f)
core   0: 0x8000b2d0 (0x00002f17) auipc   t5, 0x2
core   0: 3 0x8000b2d0 (0x00002f17) x30 0x8000d2d0
core   0: 0x8000b2d4 (0xd23f2823) sw      gp, -720(t5)
core   0: 3 0x8000b2d4 (0xd23f2823) mem 0x8000d000 0x00000001
core   0: 0x8000b2d8 (0xff9ff06f) j       pc - 0x8
core   0: 3 0x8000b2d8 (0xff9ff06f)
core   0: 0x8000b2d0 (0x00002f17) auipc   t5, 0x2
core   0: 3 0x8000b2d0 (0x00002f17) x30 0x8000d2d0
core   0: 0x8000b2d4 (0xd23f2823) sw      gp, -720(t5)
core   0: 3 0x8000b2d4 (0xd23f2823) mem 0x8000d000 0x00000001
core   0: 0x8000b2d8 (0xff9ff06f) j       pc - 0x8
core   0: 3 0x8000b2d8 (0xff9ff06f)
core   0: 0x8000b2d0 (0x00002f17) auipc   t5, 0x2
core   0: 3 0x8000b2d0 (0x00002f17) x30 0x8000d2d0
core   0: 0x8000b2d4 (0xd23f2823) sw      gp, -720(t5)
core   0: 3 0x8000b2d4 (0xd23f2823) mem 0x8000d000 0x00000001
core   0: 0x8000b2d8 (0xff9ff06f) j       pc - 0x8
core   0: 3 0x8000b2d8 (0xff9ff06f)
core   0: 0x8000b2d0 (0x00002f17) auipc   t5, 0x2
core   0: 3 0x8000b2d0 (0x00002f17) x30 0x8000d2d0
core   0: 0x8000b2d4 (0xd23f2823) sw      gp, -720(t5)
core   0: 3 0x8000b2d4 (0xd23f2823) mem 0x8000d000 0x00000001
core   0: 0x8000b2d8 (0xff9ff06f) j       pc - 0x8
core   0: 3 0x8000b2d8 (0xff9ff06f)
core   0: 0x8000b2d0 (0x00002f17) auipc   t5, 0x2
core   0: 3 0x8000b2d0 (0x00002f17) x30 0x8000d2d0
core   0: 0x8000b2d4 (0xd23f2823) sw      gp, -720(t5)
core   0: 3 0x8000b2d4 (0xd23f2823) mem 0x8000d000 0x00000001
